<?xml version="1.0" encoding="utf-8"?><TestRun id="60f8bd74-f36f-42ba-a54d-08152693f0ea" name="Steve Knipmeyer@VECTOR 2018-07-25 15:05:02" runUser="VECTOR\Steve Knipmeyer" xmlns="http://microsoft.com/schemas/VisualStudio/TeamTest/2010"><Times creation="2018-07-25T15:05:02.1042146-04:00" queuing="2018-07-25T15:05:02.1042240-04:00" start="2018-07-25T15:04:58.2079586-04:00" finish="2018-07-25T15:05:33.9261593-04:00" /><TestSettings name="default" id="2ed4d076-59f8-47e8-b404-74e7068d6791"><Deployment runDeploymentRoot="Steve_Knipmeyer_VECTOR_2018-07-25_15_05_02" /></TestSettings><Results><UnitTestResult executionId="52c2f4b6-c20f-4512-950e-a57c0a96229d" testId="7f649cc2-1a6d-454f-8ead-3bca415dbb29" testName="Patch_InvalidEnumPropertyValueReturnsBadRequest" computerName="VECTOR" duration="00:00:00.0020000" startTime="2018-07-25T15:05:03.0485442-04:00" endTime="2018-07-25T15:05:03.0485462-04:00" testType="13cdc9d9-ddb5-4fa4-a97d-d965ccfc6d4b" outcome="Passed" testListId="8c84fa94-04c1-424b-9868-57a2d4851a1d" relativeResultsDirectory="52c2f4b6-c20f-4512-950e-a57c0a96229d" /><UnitTestResult executionId="f3a1a391-6a77-4357-bfb3-0a712712977d" testId="cc6c2cf0-74a5-4db4-a752-945cfc3aafbe" testName="GetSingle_ValidIdPropertyValueReturnsCorrectModel" computerName="VECTOR" duration="00:00:00.0080000" startTime="2018-07-25T15:05:26.2286071-04:00" endTime="2018-07-25T15:05:26.2286125-04:00" testType="13cdc9d9-ddb5-4fa4-a97d-d965ccfc6d4b" outcome="Passed" testListId="8c84fa94-04c1-424b-9868-57a2d4851a1d" relativeResultsDirectory="f3a1a391-6a77-4357-bfb3-0a712712977d" /><UnitTestResult executionId="fd1280df-f99b-4d4b-b83f-1857ca1b7dce" testId="fcb8ba67-0359-43ee-9bd0-058b28097f5a" testName="GetFile_NonExistentFileReturnsNotFound" computerName="VECTOR" duration="00:00:00.0110000" startTime="2018-07-25T15:05:30.4355240-04:00" endTime="2018-07-25T15:05:30.4355302-04:00" testType="13cdc9d9-ddb5-4fa4-a97d-d965ccfc6d4b" outcome="Passed" testListId="8c84fa94-04c1-424b-9868-57a2d4851a1d" relativeResultsDirectory="fd1280df-f99b-4d4b-b83f-1857ca1b7dce" /><UnitTestResult executionId="fb0844a4-3bc2-4c64-ae35-f1eb360ee313" testId="a2a8ce33-119b-442c-931a-ff935a9a16cd" testName="CameraHasExpectedDependentFiles" computerName="VECTOR" duration="00:00:00.0010000" startTime="2018-07-25T15:05:01.5501973-04:00" endTime="2018-07-25T15:05:01.5501987-04:00" testType="13cdc9d9-ddb5-4fa4-a97d-d965ccfc6d4b" outcome="Passed" testListId="8c84fa94-04c1-424b-9868-57a2d4851a1d" relativeResultsDirectory="fb0844a4-3bc2-4c64-ae35-f1eb360ee313" /><UnitTestResult executionId="54bff384-a00f-4e17-ac87-cc46aae78c60" testId="4f180168-a799-469c-bece-ef9e90e03cc7" testName="Patch_InvalidEnumPropertyValueReturnsBadRequest" computerName="VECTOR" duration="00:00:00.0100000" startTime="2018-07-25T15:05:13.5602216-04:00" endTime="2018-07-25T15:05:13.5602261-04:00" testType="13cdc9d9-ddb5-4fa4-a97d-d965ccfc6d4b" outcome="Passed" testListId="8c84fa94-04c1-424b-9868-57a2d4851a1d" relativeResultsDirectory="54bff384-a00f-4e17-ac87-cc46aae78c60" /><UnitTestResult executionId="bb04db07-abbf-403c-acac-5646545620b2" testId="8140e3dc-13c3-4aa9-8f5d-33c605749f2c" testName="Patch_InvalidPropertyNameReturnsBadRequest" computerName="VECTOR" duration="00:00:00.4940000" startTime="2018-07-25T15:05:02.0635550-04:00" endTime="2018-07-25T15:05:02.0635624-04:00" testType="13cdc9d9-ddb5-4fa4-a97d-d965ccfc6d4b" outcome="Passed" testListId="8c84fa94-04c1-424b-9868-57a2d4851a1d" relativeResultsDirectory="bb04db07-abbf-403c-acac-5646545620b2" /><UnitTestResult executionId="cccc5c07-bfef-405f-8590-a6a033a0b088" testId="e5fc5bc5-fe1b-485a-8a3a-43217bd722a1" testName="Post_InvalidReferencePropertyReturnsBadRequest" computerName="VECTOR" duration="00:00:00.0820000" startTime="2018-07-25T15:05:03.7394254-04:00" endTime="2018-07-25T15:05:03.7394317-04:00" testType="13cdc9d9-ddb5-4fa4-a97d-d965ccfc6d4b" outcome="Passed" testListId="8c84fa94-04c1-424b-9868-57a2d4851a1d" relativeResultsDirectory="cccc5c07-bfef-405f-8590-a6a033a0b088" /><UnitTestResult executionId="4f6ae549-8ab8-496c-b000-05f45849615a" testId="9a253360-b10c-435b-86aa-c7629f3d1b60" testName="PostFile_FileIsSynchronizedIsUpdatedAfterFileIsPosted" computerName="VECTOR" duration="00:00:00.0010000" startTime="2018-07-25T15:05:08.3471453-04:00" endTime="2018-07-25T15:05:08.3471481-04:00" testType="13cdc9d9-ddb5-4fa4-a97d-d965ccfc6d4b" outcome="Passed" testListId="8c84fa94-04c1-424b-9868-57a2d4851a1d" relativeResultsDirectory="4f6ae549-8ab8-496c-b000-05f45849615a" /><UnitTestResult executionId="baf66ec1-f14e-4ca3-866f-c86ab4d83031" testId="988a30ac-2e84-4c0e-97a6-8071e9c78605" testName="FileRequest_FileCanBeReadAfterRename" computerName="VECTOR" duration="00:00:00.4840000" startTime="2018-07-25T15:05:29.4409568-04:00" endTime="2018-07-25T15:05:29.4409819-04:00" testType="13cdc9d9-ddb5-4fa4-a97d-d965ccfc6d4b" outcome="Passed" testListId="8c84fa94-04c1-424b-9868-57a2d4851a1d" relativeResultsDirectory="baf66ec1-f14e-4ca3-866f-c86ab4d83031" /><UnitTestResult executionId="1c1ff774-dc3f-47ea-9111-3d4e94594689" testId="df1326f0-8bfc-47cb-8626-524b0af0a5f0" testName="LucyModel3dHasTwoDependents" computerName="VECTOR" duration="00:00:00.3740000" startTime="2018-07-25T15:05:01.5404030-04:00" endTime="2018-07-25T15:05:01.5404110-04:00" testType="13cdc9d9-ddb5-4fa4-a97d-d965ccfc6d4b" outcome="Passed" testListId="8c84fa94-04c1-424b-9868-57a2d4851a1d" relativeResultsDirectory="1c1ff774-dc3f-47ea-9111-3d4e94594689" /><UnitTestResult executionId="9bf26db1-ab54-48e8-992d-bf0f05bbdb50" testId="d4504d2c-379e-4cb9-b717-605c1a310533" testName="Patch_MultipleInvalidReferencePropertiesReturnsMultipleValidationErrorsAndBadRequest" computerName="VECTOR" duration="00:00:00.0170000" startTime="2018-07-25T15:05:08.9358268-04:00" endTime="2018-07-25T15:05:08.9358330-04:00" testType="13cdc9d9-ddb5-4fa4-a97d-d965ccfc6d4b" outcome="Passed" testListId="8c84fa94-04c1-424b-9868-57a2d4851a1d" relativeResultsDirectory="9bf26db1-ab54-48e8-992d-bf0f05bbdb50" /><UnitTestResult executionId="447c4915-3f39-47aa-9e76-42643d20bb82" testId="26226a11-8edf-4aa3-8315-ab34c307bb91" testName="Patch_InvalidIdPropertyReturnsNotFound" computerName="VECTOR" duration="00:00:00.0100000" startTime="2018-07-25T15:05:03.6430528-04:00" endTime="2018-07-25T15:05:03.6430605-04:00" testType="13cdc9d9-ddb5-4fa4-a97d-d965ccfc6d4b" outcome="Passed" testListId="8c84fa94-04c1-424b-9868-57a2d4851a1d" relativeResultsDirectory="447c4915-3f39-47aa-9e76-42643d20bb82" /><UnitTestResult executionId="862199fb-f4fb-43c0-9b93-0b4c6b802020" testId="56ef9c14-c9ec-493c-9dbf-b2ef829eff5a" testName="Patch_ValidReferencePropertyUpdatesModel" computerName="VECTOR" duration="00:00:00.8760000" startTime="2018-07-25T15:05:12.5503406-04:00" endTime="2018-07-25T15:05:12.5503468-04:00" testType="13cdc9d9-ddb5-4fa4-a97d-d965ccfc6d4b" outcome="Passed" testListId="8c84fa94-04c1-424b-9868-57a2d4851a1d" relativeResultsDirectory="862199fb-f4fb-43c0-9b93-0b4c6b802020" /><UnitTestResult executionId="fa27e7e1-59c5-47dd-9cb0-30161781caf2" testId="d495b7e2-4672-4d5b-ab57-03bb6602b9d1" testName="GetSingle_InvalidIdPropertyValueReturnsNotFound" computerName="VECTOR" duration="00:00:00.0110000" startTime="2018-07-25T15:05:10.6283229-04:00" endTime="2018-07-25T15:05:10.6283280-04:00" testType="13cdc9d9-ddb5-4fa4-a97d-d965ccfc6d4b" outcome="Passed" testListId="8c84fa94-04c1-424b-9868-57a2d4851a1d" relativeResultsDirectory="fa27e7e1-59c5-47dd-9cb0-30161781caf2" /><UnitTestResult executionId="fdb44e82-8c7c-474a-943c-0af08c32ce35" testId="99b0462f-b9fb-42b1-8743-29b70976e03d" testName="Delete_TargetModelIsDeleted" computerName="VECTOR" duration="00:00:00.1820000" startTime="2018-07-25T15:05:32.2318503-04:00" endTime="2018-07-25T15:05:32.2318557-04:00" testType="13cdc9d9-ddb5-4fa4-a97d-d965ccfc6d4b" outcome="Passed" testListId="8c84fa94-04c1-424b-9868-57a2d4851a1d" relativeResultsDirectory="fdb44e82-8c7c-474a-943c-0af08c32ce35" /><UnitTestResult executionId="7d1c6a0b-477a-4915-9b77-4f5bfee1d992" testId="5cb59a7b-5a67-4b7b-8353-1254feb905ba" testName="GetFile_FileCanBeRoundTripped" computerName="VECTOR" duration="00:00:00.3240000" startTime="2018-07-25T15:05:17.8824687-04:00" endTime="2018-07-25T15:05:17.8824752-04:00" testType="13cdc9d9-ddb5-4fa4-a97d-d965ccfc6d4b" outcome="Passed" testListId="8c84fa94-04c1-424b-9868-57a2d4851a1d" relativeResultsDirectory="7d1c6a0b-477a-4915-9b77-4f5bfee1d992" /><UnitTestResult executionId="d6cb0f83-b7f4-40e3-a79e-04d98d6ea5ef" testId="ca03c23a-26b4-4e3c-a45b-0b6ffd268fd6" testName="PostFile_NewFileCanBePosted" computerName="VECTOR" duration="00:00:00.3080000" startTime="2018-07-25T15:05:20.1824005-04:00" endTime="2018-07-25T15:05:20.1824079-04:00" testType="13cdc9d9-ddb5-4fa4-a97d-d965ccfc6d4b" outcome="Passed" testListId="8c84fa94-04c1-424b-9868-57a2d4851a1d" relativeResultsDirectory="d6cb0f83-b7f4-40e3-a79e-04d98d6ea5ef" /><UnitTestResult executionId="dee1b1fb-b678-422c-8433-dd80f936c11a" testId="c05ffb24-deec-4360-83ed-41054a71216c" testName="Patch_InvalidEnumPropertyValueReturnsBadRequest" computerName="VECTOR" duration="00:00:00.0200000" startTime="2018-07-25T15:05:24.9202979-04:00" endTime="2018-07-25T15:05:24.9203030-04:00" testType="13cdc9d9-ddb5-4fa4-a97d-d965ccfc6d4b" outcome="Passed" testListId="8c84fa94-04c1-424b-9868-57a2d4851a1d" relativeResultsDirectory="dee1b1fb-b678-422c-8433-dd80f936c11a" /><UnitTestResult executionId="ba690211-1f81-463f-a374-5eb75111ead7" testId="73578340-c76b-497a-ad5f-2040cb049d32" testName="Post_InvalidPropertyValueReturnsBadRequest" computerName="VECTOR" duration="00:00:00.0030000" startTime="2018-07-25T15:05:09.4793381-04:00" endTime="2018-07-25T15:05:09.4793410-04:00" testType="13cdc9d9-ddb5-4fa4-a97d-d965ccfc6d4b" outcome="Passed" testListId="8c84fa94-04c1-424b-9868-57a2d4851a1d" relativeResultsDirectory="ba690211-1f81-463f-a374-5eb75111ead7" /><UnitTestResult executionId="407405f3-80b2-4274-90a7-c00bfd143d13" testId="b4cc32e3-a7c8-469f-bf99-ab40a24c3e60" testName="Put_InvalidIdReturnsNotFound" computerName="VECTOR" duration="00:00:00.5560000" startTime="2018-07-25T15:05:11.6744321-04:00" endTime="2018-07-25T15:05:11.6744389-04:00" testType="13cdc9d9-ddb5-4fa4-a97d-d965ccfc6d4b" outcome="Passed" testListId="8c84fa94-04c1-424b-9868-57a2d4851a1d" relativeResultsDirectory="407405f3-80b2-4274-90a7-c00bfd143d13" /><UnitTestResult executionId="99e3d04f-0bde-4eb6-bcf7-32c567297930" testId="a8888ce8-c610-43a2-b45f-b27fb2e552ce" testName="DepthBufferHasExpectedDependentFiles" computerName="VECTOR" duration="00:00:00.0010000" startTime="2018-07-25T15:05:01.5545319-04:00" endTime="2018-07-25T15:05:01.5545334-04:00" testType="13cdc9d9-ddb5-4fa4-a97d-d965ccfc6d4b" outcome="Passed" testListId="8c84fa94-04c1-424b-9868-57a2d4851a1d" relativeResultsDirectory="99e3d04f-0bde-4eb6-bcf7-32c567297930" /><UnitTestResult executionId="9a637811-25fb-4b53-bddf-09f609e86768" testId="262e1547-45ab-4df1-9576-3cf606d864da" testName="LucyCameraFindsAllDependents" computerName="VECTOR" duration="00:00:00.0090000" startTime="2018-07-25T15:05:01.5498573-04:00" endTime="2018-07-25T15:05:01.5498621-04:00" testType="13cdc9d9-ddb5-4fa4-a97d-d965ccfc6d4b" outcome="Passed" testListId="8c84fa94-04c1-424b-9868-57a2d4851a1d" relativeResultsDirectory="9a637811-25fb-4b53-bddf-09f609e86768" /><UnitTestResult executionId="a17bbdf3-d6b4-45f6-9465-ab16cc9bbcc8" testId="febdd6b2-9c30-4b64-9545-98e10df55a29" testName="LucyDepthBufferFindsOneDependent" computerName="VECTOR" duration="00:00:00.0040000" startTime="2018-07-25T15:05:01.5541684-04:00" endTime="2018-07-25T15:05:01.5541723-04:00" testType="13cdc9d9-ddb5-4fa4-a97d-d965ccfc6d4b" outcome="Passed" testListId="8c84fa94-04c1-424b-9868-57a2d4851a1d" relativeResultsDirectory="a17bbdf3-d6b4-45f6-9465-ab16cc9bbcc8" /><UnitTestResult executionId="57423ef8-0dc8-49a3-9f79-a8ec6b8e5553" testId="4d156c5f-f0ef-45e3-8bd5-b5b7133ae895" testName="FileRequest_FileCanBeReadAfterRename" computerName="VECTOR" duration="00:00:00.6620000" startTime="2018-07-25T15:05:07.7012328-04:00" endTime="2018-07-25T15:05:07.7012413-04:00" testType="13cdc9d9-ddb5-4fa4-a97d-d965ccfc6d4b" outcome="Passed" testListId="8c84fa94-04c1-424b-9868-57a2d4851a1d" relativeResultsDirectory="57423ef8-0dc8-49a3-9f79-a8ec6b8e5553" /><UnitTestResult executionId="ca4ab6e9-1d88-4cef-a6bf-6037b981d190" testId="936a0745-3bf1-4da4-9309-fa8d8e1532a4" testName="Patch_ValidReferencePropertyUpdatesModel" computerName="VECTOR" duration="00:00:00.2770000" startTime="2018-07-25T15:05:33.1242574-04:00" endTime="2018-07-25T15:05:33.1242662-04:00" testType="13cdc9d9-ddb5-4fa4-a97d-d965ccfc6d4b" outcome="Passed" testListId="8c84fa94-04c1-424b-9868-57a2d4851a1d" relativeResultsDirectory="ca4ab6e9-1d88-4cef-a6bf-6037b981d190" /><UnitTestResult executionId="7fe4b10a-4e7c-4ed9-b906-bcd21bcf16f2" testId="72e12f8e-ed34-4561-a01f-184e1906a863" testName="Patch_InvalidReferencePropertyReturnsBadRequest" computerName="VECTOR" duration="00:00:00.0230000" startTime="2018-07-25T15:05:14.0821076-04:00" endTime="2018-07-25T15:05:14.0821133-04:00" testType="13cdc9d9-ddb5-4fa4-a97d-d965ccfc6d4b" outcome="Passed" testListId="8c84fa94-04c1-424b-9868-57a2d4851a1d" relativeResultsDirectory="7fe4b10a-4e7c-4ed9-b906-bcd21bcf16f2" /><UnitTestResult executionId="88202455-0d2b-47f6-b8eb-1632dca97728" testId="9a9b9186-39cd-49d7-b2b2-7ac58c83831b" testName="GetList_ListReturnsCorrectCount" computerName="VECTOR" duration="00:00:00.1090000" startTime="2018-07-25T15:05:25.0299683-04:00" endTime="2018-07-25T15:05:25.0299742-04:00" testType="13cdc9d9-ddb5-4fa4-a97d-d965ccfc6d4b" outcome="Passed" testListId="8c84fa94-04c1-424b-9868-57a2d4851a1d" relativeResultsDirectory="88202455-0d2b-47f6-b8eb-1632dca97728" /><UnitTestResult executionId="1b739cc0-efc7-4f42-bf42-f2eebce48486" testId="33bfc6aa-8a26-4cba-ade8-f5f7b18e78f1" testName="Patch_MultipleInvalidReferencePropertiesReturnsMultipleValidationErrorsAndBadRequest" computerName="VECTOR" duration="00:00:00.0250000" startTime="2018-07-25T15:05:32.8310338-04:00" endTime="2018-07-25T15:05:32.8310401-04:00" testType="13cdc9d9-ddb5-4fa4-a97d-d965ccfc6d4b" outcome="Passed" testListId="8c84fa94-04c1-424b-9868-57a2d4851a1d" relativeResultsDirectory="1b739cc0-efc7-4f42-bf42-f2eebce48486" /><UnitTestResult executionId="2316e395-52f5-4386-a73f-0cf752ed01b2" testId="35ffd269-a022-46c8-a2dc-5c7967192d17" testName="GetFile_NonExistentFileReturnsNotFound" computerName="VECTOR" duration="00:00:00.0130000" startTime="2018-07-25T15:05:14.6181189-04:00" endTime="2018-07-25T15:05:14.6181246-04:00" testType="13cdc9d9-ddb5-4fa4-a97d-d965ccfc6d4b" outcome="Passed" testListId="8c84fa94-04c1-424b-9868-57a2d4851a1d" relativeResultsDirectory="2316e395-52f5-4386-a73f-0cf752ed01b2" /><UnitTestResult executionId="cb0e2568-0e0b-4b30-8817-127439cd6bd5" testId="fe0a1271-5a65-42f1-ac2f-2e3d439914bb" testName="Patch_InvalidReferencePropertyReturnsBadRequest" computerName="VECTOR" duration="00:00:00.0200000" startTime="2018-07-25T15:05:26.2022741-04:00" endTime="2018-07-25T15:05:26.2022798-04:00" testType="13cdc9d9-ddb5-4fa4-a97d-d965ccfc6d4b" outcome="Passed" testListId="8c84fa94-04c1-424b-9868-57a2d4851a1d" relativeResultsDirectory="cb0e2568-0e0b-4b30-8817-127439cd6bd5" /><UnitTestResult executionId="407a3d9d-ae2d-4b91-b15f-61ed6251c168" testId="81c8767d-dd6d-4830-9e0c-0841c41c0c1f" testName="Patch_InvalidPropertyNameReturnsBadRequest" computerName="VECTOR" duration="00:00:00.0060000" startTime="2018-07-25T15:05:14.0882904-04:00" endTime="2018-07-25T15:05:14.0882958-04:00" testType="13cdc9d9-ddb5-4fa4-a97d-d965ccfc6d4b" outcome="Passed" testListId="8c84fa94-04c1-424b-9868-57a2d4851a1d" relativeResultsDirectory="407a3d9d-ae2d-4b91-b15f-61ed6251c168" /><UnitTestResult executionId="b35cae52-4426-4773-8fbd-80f95c4c0ad0" testId="b539cf74-5705-48ea-81c2-f3547e21d180" testName="Patch_InvalidEnumPropertyValueReturnsBadRequest" computerName="VECTOR" duration="00:00:00.0060000" startTime="2018-07-25T15:05:05.6288391-04:00" endTime="2018-07-25T15:05:05.6288428-04:00" testType="13cdc9d9-ddb5-4fa4-a97d-d965ccfc6d4b" outcome="Passed" testListId="8c84fa94-04c1-424b-9868-57a2d4851a1d" relativeResultsDirectory="b35cae52-4426-4773-8fbd-80f95c4c0ad0" /><UnitTestResult executionId="eba9fdac-e98b-4b9c-921c-a27e24af6102" testId="b96088b5-5853-41c8-a28f-708fe7ff49dd" testName="Patch_TargetPropertyIsUpdated" computerName="VECTOR" duration="00:00:00.4420000" startTime="2018-07-25T15:05:10.3510845-04:00" endTime="2018-07-25T15:05:10.3510916-04:00" testType="13cdc9d9-ddb5-4fa4-a97d-d965ccfc6d4b" outcome="Passed" testListId="8c84fa94-04c1-424b-9868-57a2d4851a1d" relativeResultsDirectory="eba9fdac-e98b-4b9c-921c-a27e24af6102" /><UnitTestResult executionId="9acc2018-46d0-49fa-bc4f-74d2941ad518" testId="89d5fcef-d1f3-47a3-95a3-3b72b3b3ef7b" testName="GetSingle_InvalidIdPropertyValueReturnsNotFound" computerName="VECTOR" duration="00:00:00.0070000" startTime="2018-07-25T15:05:14.1037430-04:00" endTime="2018-07-25T15:05:14.1037487-04:00" testType="13cdc9d9-ddb5-4fa4-a97d-d965ccfc6d4b" outcome="Passed" testListId="8c84fa94-04c1-424b-9868-57a2d4851a1d" relativeResultsDirectory="9acc2018-46d0-49fa-bc4f-74d2941ad518" /><UnitTestResult executionId="df003796-d05d-47b5-8b42-c5b8b8a9ec41" testId="73e7d4e9-dc46-42ad-980b-2f571a2b2bbf" testName="Patch_TargetPropertyIsUpdated" computerName="VECTOR" duration="00:00:00.5540000" startTime="2018-07-25T15:05:04.2935442-04:00" endTime="2018-07-25T15:05:04.2935513-04:00" testType="13cdc9d9-ddb5-4fa4-a97d-d965ccfc6d4b" outcome="Passed" testListId="8c84fa94-04c1-424b-9868-57a2d4851a1d" relativeResultsDirectory="df003796-d05d-47b5-8b42-c5b8b8a9ec41" /><UnitTestResult executionId="01c8a9eb-c79e-4841-a104-c13cc2d95eae" testId="bd88b736-aa56-4e1d-9445-dc5dcbce1eef" testName="GetList_ListReturnsCorrectCount" computerName="VECTOR" duration="00:00:00.0370000" startTime="2018-07-25T15:05:09.1775066-04:00" endTime="2018-07-25T15:05:09.1775134-04:00" testType="13cdc9d9-ddb5-4fa4-a97d-d965ccfc6d4b" outcome="Passed" testListId="8c84fa94-04c1-424b-9868-57a2d4851a1d" relativeResultsDirectory="01c8a9eb-c79e-4841-a104-c13cc2d95eae" /><UnitTestResult executionId="51122756-eb07-49a1-9fcc-734f4e137f5c" testId="be803a20-0006-44ca-91fc-f59ed464e76a" testName="Patch_InvalidIdPropertyReturnsNotFound" computerName="VECTOR" duration="00:00:00.0080000" startTime="2018-07-25T15:05:14.0967878-04:00" endTime="2018-07-25T15:05:14.0967938-04:00" testType="13cdc9d9-ddb5-4fa4-a97d-d965ccfc6d4b" outcome="Passed" testListId="8c84fa94-04c1-424b-9868-57a2d4851a1d" relativeResultsDirectory="51122756-eb07-49a1-9fcc-734f4e137f5c" /><UnitTestResult executionId="56440ab4-b312-417e-a724-af107f094802" testId="142efe30-425b-44e7-a1ef-04ae99f2de3c" testName="Patch_InvalidReferencePropertyReturnsBadRequest" computerName="VECTOR" duration="00:00:00.0230000" startTime="2018-07-25T15:05:05.8081914-04:00" endTime="2018-07-25T15:05:05.8081968-04:00" testType="13cdc9d9-ddb5-4fa4-a97d-d965ccfc6d4b" outcome="Passed" testListId="8c84fa94-04c1-424b-9868-57a2d4851a1d" relativeResultsDirectory="56440ab4-b312-417e-a724-af107f094802" /><UnitTestResult executionId="fd7c78d3-d900-4a85-a8ff-77358932d7bd" testId="a17d2cd5-8874-453c-81b7-a0564a11dd0d" testName="Patch_ValidReferencePropertyUpdatesModel" computerName="VECTOR" duration="00:00:00.2950000" startTime="2018-07-25T15:05:26.5400804-04:00" endTime="2018-07-25T15:05:26.5400869-04:00" testType="13cdc9d9-ddb5-4fa4-a97d-d965ccfc6d4b" outcome="Passed" testListId="8c84fa94-04c1-424b-9868-57a2d4851a1d" relativeResultsDirectory="fd7c78d3-d900-4a85-a8ff-77358932d7bd" /><UnitTestResult executionId="1bc4f12d-2620-4548-bdf0-512badb80a2b" testId="88de9bb0-7d3b-4eae-846b-86a8ae1e482f" testName="Patch_MultipleInvalidReferencePropertiesReturnsMultipleValidationErrorsAndBadRequest" computerName="VECTOR" duration="00:00:00.0190000" startTime="2018-07-25T15:05:14.1316504-04:00" endTime="2018-07-25T15:05:14.1316586-04:00" testType="13cdc9d9-ddb5-4fa4-a97d-d965ccfc6d4b" outcome="Passed" testListId="8c84fa94-04c1-424b-9868-57a2d4851a1d" relativeResultsDirectory="1bc4f12d-2620-4548-bdf0-512badb80a2b" /><UnitTestResult executionId="9ea3d597-bd66-45cc-b704-5d3eb1c8d57e" testId="585ba3fd-73d7-4657-87ca-5a4d96e7e2db" testName="Patch_ValidReferencePropertyUpdatesModel" computerName="VECTOR" duration="00:00:00.2340000" startTime="2018-07-25T15:05:09.9090908-04:00" endTime="2018-07-25T15:05:09.9090976-04:00" testType="13cdc9d9-ddb5-4fa4-a97d-d965ccfc6d4b" outcome="Passed" testListId="8c84fa94-04c1-424b-9868-57a2d4851a1d" relativeResultsDirectory="9ea3d597-bd66-45cc-b704-5d3eb1c8d57e" /><UnitTestResult executionId="56aad486-e1c1-4ef4-a4ba-0cf1d8a94985" testId="753ff84b-1549-499a-80c3-0280a2166fee" testName="PutFile_NewFileCanBePut" computerName="VECTOR" duration="00:00:00.3230000" startTime="2018-07-25T15:05:14.9417417-04:00" endTime="2018-07-25T15:05:14.9417482-04:00" testType="13cdc9d9-ddb5-4fa4-a97d-d965ccfc6d4b" outcome="Passed" testListId="8c84fa94-04c1-424b-9868-57a2d4851a1d" relativeResultsDirectory="56aad486-e1c1-4ef4-a4ba-0cf1d8a94985" /><UnitTestResult executionId="19536066-01f4-44d3-a661-e50b5628a091" testId="12500b8e-7845-4b36-b0ca-6314a1e5cf9d" testName="Patch_ValidReferencePropertyUpdatesModel" computerName="VECTOR" duration="00:00:00.3420000" startTime="2018-07-25T15:05:05.1340355-04:00" endTime="2018-07-25T15:05:05.1340418-04:00" testType="13cdc9d9-ddb5-4fa4-a97d-d965ccfc6d4b" outcome="Passed" testListId="8c84fa94-04c1-424b-9868-57a2d4851a1d" relativeResultsDirectory="19536066-01f4-44d3-a661-e50b5628a091" /><UnitTestResult executionId="3dc7c506-3e7e-49bf-80e3-1456db9c53dc" testId="f5bec480-6b12-422b-9a04-691a3d99115b" testName="Patch_MultipleInvalidReferencePropertiesReturnsMultipleValidationErrorsAndBadRequest" computerName="VECTOR" duration="00:00:00.0020000" startTime="2018-07-25T15:05:03.6296033-04:00" endTime="2018-07-25T15:05:03.6296072-04:00" testType="13cdc9d9-ddb5-4fa4-a97d-d965ccfc6d4b" outcome="Passed" testListId="8c84fa94-04c1-424b-9868-57a2d4851a1d" relativeResultsDirectory="3dc7c506-3e7e-49bf-80e3-1456db9c53dc" /><UnitTestResult executionId="5fbc9267-3a7f-4f96-bed0-7cdb10972cf9" testId="a4c22127-595a-47d7-a90a-32cf68d2a49b" testName="Post_InvalidReferencePropertyReturnsBadRequest" computerName="VECTOR" duration="00:00:00.0060000" startTime="2018-07-25T15:05:10.6431693-04:00" endTime="2018-07-25T15:05:10.6431730-04:00" testType="13cdc9d9-ddb5-4fa4-a97d-d965ccfc6d4b" outcome="Passed" testListId="8c84fa94-04c1-424b-9868-57a2d4851a1d" relativeResultsDirectory="5fbc9267-3a7f-4f96-bed0-7cdb10972cf9" /><UnitTestResult executionId="3b8ef7a0-e200-4b32-b53d-a8e9bd395fc4" testId="fa076e67-cdab-45ed-927c-8ac5ddd5d2fa" testName="PutFile_FileCanBeUpdated" computerName="VECTOR" duration="00:00:00.4320000" startTime="2018-07-25T15:05:06.9008007-04:00" endTime="2018-07-25T15:05:06.9008073-04:00" testType="13cdc9d9-ddb5-4fa4-a97d-d965ccfc6d4b" outcome="Passed" testListId="8c84fa94-04c1-424b-9868-57a2d4851a1d" relativeResultsDirectory="3b8ef7a0-e200-4b32-b53d-a8e9bd395fc4" /><UnitTestResult executionId="959dbc2f-1471-438c-a5ac-3d21896186a6" testId="caa6e487-0cb8-4365-8d80-fe57ad018b39" testName="Put_InvalidIdReturnsNotFound" computerName="VECTOR" duration="00:00:00.1360000" startTime="2018-07-25T15:05:08.4835634-04:00" endTime="2018-07-25T15:05:08.4835697-04:00" testType="13cdc9d9-ddb5-4fa4-a97d-d965ccfc6d4b" outcome="Passed" testListId="8c84fa94-04c1-424b-9868-57a2d4851a1d" relativeResultsDirectory="959dbc2f-1471-438c-a5ac-3d21896186a6" /><UnitTestResult executionId="7618dbfe-0e77-4cfe-858a-466b40673c27" testId="9b1b8952-9354-4f5b-8c79-76be5763cdb2" testName="Patch_InvalidReferencePropertyReturnsBadRequest" computerName="VECTOR" duration="00:00:00.0320000" startTime="2018-07-25T15:05:33.1568184-04:00" endTime="2018-07-25T15:05:33.1568267-04:00" testType="13cdc9d9-ddb5-4fa4-a97d-d965ccfc6d4b" outcome="Passed" testListId="8c84fa94-04c1-424b-9868-57a2d4851a1d" relativeResultsDirectory="7618dbfe-0e77-4cfe-858a-466b40673c27" /><UnitTestResult executionId="35de359f-6719-49ef-8031-eacedae1bb5d" testId="a0460809-e1b8-4516-ac62-f313da5596fb" testName="Post_ValidReferencePropertyCreatesModel" computerName="VECTOR" duration="00:00:00.1560000" startTime="2018-07-25T15:05:26.7068820-04:00" endTime="2018-07-25T15:05:26.7068885-04:00" testType="13cdc9d9-ddb5-4fa4-a97d-d965ccfc6d4b" outcome="Passed" testListId="8c84fa94-04c1-424b-9868-57a2d4851a1d" relativeResultsDirectory="35de359f-6719-49ef-8031-eacedae1bb5d" /><UnitTestResult executionId="73c74449-fa3c-4b40-a675-9eddd9ccd51c" testId="71ee6324-49be-4b1f-9673-90a3a756b808" testName="GetSingle_ValidIdPropertyValueReturnsCorrectModel" computerName="VECTOR" duration="00:00:00.0110000" startTime="2018-07-25T15:05:14.5785872-04:00" endTime="2018-07-25T15:05:14.5785914-04:00" testType="13cdc9d9-ddb5-4fa4-a97d-d965ccfc6d4b" outcome="Passed" testListId="8c84fa94-04c1-424b-9868-57a2d4851a1d" relativeResultsDirectory="73c74449-fa3c-4b40-a675-9eddd9ccd51c" /><UnitTestResult executionId="35cf86b6-be50-4bf2-89b6-5197dc84dad5" testId="ccadb377-97d7-47ff-8072-cd504d9d2a2b" testName="Post_InvalidPropertyValueReturnsBadRequest" computerName="VECTOR" duration="00:00:00.0030000" startTime="2018-07-25T15:05:04.7848836-04:00" endTime="2018-07-25T15:05:04.7848864-04:00" testType="13cdc9d9-ddb5-4fa4-a97d-d965ccfc6d4b" outcome="Passed" testListId="8c84fa94-04c1-424b-9868-57a2d4851a1d" relativeResultsDirectory="35cf86b6-be50-4bf2-89b6-5197dc84dad5" /><UnitTestResult executionId="e4e55aa9-4148-41ee-ba75-9d500709af04" testId="82e079a7-dc59-4029-a537-40abc6986844" testName="GetSingle_ValidIdPropertyValueReturnsCorrectModel" computerName="VECTOR" duration="00:00:00.0060000" startTime="2018-07-25T15:05:04.7915920-04:00" endTime="2018-07-25T15:05:04.7915965-04:00" testType="13cdc9d9-ddb5-4fa4-a97d-d965ccfc6d4b" outcome="Passed" testListId="8c84fa94-04c1-424b-9868-57a2d4851a1d" relativeResultsDirectory="e4e55aa9-4148-41ee-ba75-9d500709af04" /><UnitTestResult executionId="6db3433c-ebe7-4be5-90fb-e4347e3576f9" testId="debde8eb-3f2b-4139-b58d-fdcbde1f31a0" testName="Post_InvalidPropertyValueReturnsBadRequest" computerName="VECTOR" duration="00:00:00.0030000" startTime="2018-07-25T15:05:32.8469511-04:00" endTime="2018-07-25T15:05:32.8469551-04:00" testType="13cdc9d9-ddb5-4fa4-a97d-d965ccfc6d4b" outcome="Passed" testListId="8c84fa94-04c1-424b-9868-57a2d4851a1d" relativeResultsDirectory="6db3433c-ebe7-4be5-90fb-e4347e3576f9" /><UnitTestResult executionId="74f29286-2f8c-4938-abc4-fa9941903266" testId="ffcb3f8c-e8a8-4076-a856-e4f5b202bbac" testName="FileRequest_MeshIsInvalidatedAfterDepthBufferFileBecomesUnsynchronized" computerName="VECTOR" duration="00:00:02.6160000" startTime="2018-07-25T15:05:17.5578066-04:00" endTime="2018-07-25T15:05:17.5578131-04:00" testType="13cdc9d9-ddb5-4fa4-a97d-d965ccfc6d4b" outcome="Passed" testListId="8c84fa94-04c1-424b-9868-57a2d4851a1d" relativeResultsDirectory="74f29286-2f8c-4938-abc4-fa9941903266" /><UnitTestResult executionId="b2aa3974-8324-47b4-be3c-9fcbf0918ea7" testId="983abbd1-6d64-4ef2-aba4-4fc379aa0688" testName="Post_CanCreateNewModel" computerName="VECTOR" duration="00:00:00.1490000" startTime="2018-07-25T15:05:25.4988522-04:00" endTime="2018-07-25T15:05:25.4988588-04:00" testType="13cdc9d9-ddb5-4fa4-a97d-d965ccfc6d4b" outcome="Passed" testListId="8c84fa94-04c1-424b-9868-57a2d4851a1d" relativeResultsDirectory="b2aa3974-8324-47b4-be3c-9fcbf0918ea7" /><UnitTestResult executionId="3b89b64e-5671-4cde-8d94-f1190a5c61ac" testId="1a578793-0ab3-4e2e-bb67-de01b4a1599f" testName="PostFile_FileTimeStampIsUpdatedAfterFileIsPosted" computerName="VECTOR" duration="00:00:01.4320000" startTime="2018-07-25T15:05:28.4403894-04:00" endTime="2018-07-25T15:05:28.4403968-04:00" testType="13cdc9d9-ddb5-4fa4-a97d-d965ccfc6d4b" outcome="Passed" testListId="8c84fa94-04c1-424b-9868-57a2d4851a1d" relativeResultsDirectory="3b89b64e-5671-4cde-8d94-f1190a5c61ac" /><UnitTestResult executionId="0f94336e-41f4-48f4-b081-7db8c6519d6a" testId="3347b341-851b-42fb-acc2-754e534804f6" testName="Post_ValidReferencePropertyCreatesModel" computerName="VECTOR" duration="00:00:00.2930000" startTime="2018-07-25T15:05:14.4251131-04:00" endTime="2018-07-25T15:05:14.4251191-04:00" testType="13cdc9d9-ddb5-4fa4-a97d-d965ccfc6d4b" outcome="Passed" testListId="8c84fa94-04c1-424b-9868-57a2d4851a1d" relativeResultsDirectory="0f94336e-41f4-48f4-b081-7db8c6519d6a" /><UnitTestResult executionId="1276fbbf-1e77-480e-88d6-b6425c78818b" testId="b33a296c-cd23-4211-9bef-c6a76301ad36" testName="Post_CanCreateNewModel" computerName="VECTOR" duration="00:00:00.1550000" startTime="2018-07-25T15:05:05.7845484-04:00" endTime="2018-07-25T15:05:05.7845547-04:00" testType="13cdc9d9-ddb5-4fa4-a97d-d965ccfc6d4b" outcome="Passed" testListId="8c84fa94-04c1-424b-9868-57a2d4851a1d" relativeResultsDirectory="1276fbbf-1e77-480e-88d6-b6425c78818b" /><UnitTestResult executionId="d363027e-f856-4612-a36f-7787136819a1" testId="23be93c7-c4f2-4aca-af3c-bd369e8f087e" testName="Put_InvalidReferencePropertyReturndBadRequest" computerName="VECTOR" duration="00:00:00.1480000" startTime="2018-07-25T15:05:25.1854559-04:00" endTime="2018-07-25T15:05:25.1854613-04:00" testType="13cdc9d9-ddb5-4fa4-a97d-d965ccfc6d4b" outcome="Passed" testListId="8c84fa94-04c1-424b-9868-57a2d4851a1d" relativeResultsDirectory="d363027e-f856-4612-a36f-7787136819a1" /><UnitTestResult executionId="7cda6ab5-0368-4f35-b50f-821f763f4623" testId="eb2cfb8e-edaa-497e-a6be-6d1eb7387423" testName="Put_ValidReferencePropertyUpdatesModel" computerName="VECTOR" duration="00:00:00.4090000" startTime="2018-07-25T15:05:26.1823245-04:00" endTime="2018-07-25T15:05:26.1823311-04:00" testType="13cdc9d9-ddb5-4fa4-a97d-d965ccfc6d4b" outcome="Passed" testListId="8c84fa94-04c1-424b-9868-57a2d4851a1d" relativeResultsDirectory="7cda6ab5-0368-4f35-b50f-821f763f4623" /><UnitTestResult executionId="8da5d1a1-88f1-4302-8bd5-3e4dd4880a2f" testId="82f0a24a-d95e-47ba-a864-972b909e8694" testName="GetSingle_InvalidIdPropertyValueReturnsNotFound" computerName="VECTOR" duration="00:00:00.0060000" startTime="2018-07-25T15:05:32.2801464-04:00" endTime="2018-07-25T15:05:32.2801515-04:00" testType="13cdc9d9-ddb5-4fa4-a97d-d965ccfc6d4b" outcome="Passed" testListId="8c84fa94-04c1-424b-9868-57a2d4851a1d" relativeResultsDirectory="8da5d1a1-88f1-4302-8bd5-3e4dd4880a2f" /><UnitTestResult executionId="5ef04cc7-ecbc-416c-a409-b9abddcfb21a" testId="02789998-7656-41b0-bc9e-b1a60f5fbc69" testName="Delete_TargetModelIsDeleted" computerName="VECTOR" duration="00:00:00.1570000" startTime="2018-07-25T15:05:25.3424808-04:00" endTime="2018-07-25T15:05:25.3424873-04:00" testType="13cdc9d9-ddb5-4fa4-a97d-d965ccfc6d4b" outcome="Passed" testListId="8c84fa94-04c1-424b-9868-57a2d4851a1d" relativeResultsDirectory="5ef04cc7-ecbc-416c-a409-b9abddcfb21a" /><UnitTestResult executionId="94e1aca7-e17c-4203-ad54-7e2c12098c50" testId="8c8ba45f-fd57-439c-ae21-6ebf2a6a1030" testName="Delete_TargetModelIsDeleted" computerName="VECTOR" duration="00:00:00.1510000" startTime="2018-07-25T15:05:05.9599313-04:00" endTime="2018-07-25T15:05:05.9599370-04:00" testType="13cdc9d9-ddb5-4fa4-a97d-d965ccfc6d4b" outcome="Passed" testListId="8c84fa94-04c1-424b-9868-57a2d4851a1d" relativeResultsDirectory="94e1aca7-e17c-4203-ad54-7e2c12098c50" /><UnitTestResult executionId="d2bd6620-02c5-4cb1-a6b0-9b969994f201" testId="5b6aec72-b3f3-4912-8a52-bdcac1fc276c" testName="Put_CanUpdateModel" computerName="VECTOR" duration="00:00:00.4070000" startTime="2018-07-25T15:05:04.7012041-04:00" endTime="2018-07-25T15:05:04.7012106-04:00" testType="13cdc9d9-ddb5-4fa4-a97d-d965ccfc6d4b" outcome="Passed" testListId="8c84fa94-04c1-424b-9868-57a2d4851a1d" relativeResultsDirectory="d2bd6620-02c5-4cb1-a6b0-9b969994f201" /><UnitTestResult executionId="f6fe509e-aeef-4b38-a98b-5dd0a5205634" testId="fc4eb681-ac0b-4729-a7d4-e491467b62be" testName="Put_ValidReferencePropertyUpdatesModel" computerName="VECTOR" duration="00:00:00.2410000" startTime="2018-07-25T15:05:05.3757255-04:00" endTime="2018-07-25T15:05:05.3757338-04:00" testType="13cdc9d9-ddb5-4fa4-a97d-d965ccfc6d4b" outcome="Passed" testListId="8c84fa94-04c1-424b-9868-57a2d4851a1d" relativeResultsDirectory="f6fe509e-aeef-4b38-a98b-5dd0a5205634" /><UnitTestResult executionId="446f209a-cc6c-44af-a0c9-fe53b54111dc" testId="5a1e077c-e68c-408b-94e4-44ab9f3f2c11" testName="GetFile_FileCanBeRoundTripped" computerName="VECTOR" duration="00:00:00.3240000" startTime="2018-07-25T15:05:31.7563789-04:00" endTime="2018-07-25T15:05:31.7563860-04:00" testType="13cdc9d9-ddb5-4fa4-a97d-d965ccfc6d4b" outcome="Passed" testListId="8c84fa94-04c1-424b-9868-57a2d4851a1d" relativeResultsDirectory="446f209a-cc6c-44af-a0c9-fe53b54111dc" /><UnitTestResult executionId="0da7b0b1-637a-4bd5-a47f-058fbfeed34d" testId="97c522eb-be8a-4b56-9bcf-db79dd635d15" testName="GetFile_FileCanBeRoundTripped" computerName="VECTOR" duration="00:00:00.3160000" startTime="2018-07-25T15:05:08.3341424-04:00" endTime="2018-07-25T15:05:08.3341492-04:00" testType="13cdc9d9-ddb5-4fa4-a97d-d965ccfc6d4b" outcome="Passed" testListId="8c84fa94-04c1-424b-9868-57a2d4851a1d" relativeResultsDirectory="0da7b0b1-637a-4bd5-a47f-058fbfeed34d" /><UnitTestResult executionId="0f4ae9a9-bd63-4d7a-9a20-5f7c6c46a69c" testId="d8c7f5d1-71c0-47a0-8178-eba75f0f018f" testName="Patch_InvalidPropertyNameReturnsBadRequest" computerName="VECTOR" duration="00:00:00.0060000" startTime="2018-07-25T15:05:25.0366236-04:00" endTime="2018-07-25T15:05:25.0366267-04:00" testType="13cdc9d9-ddb5-4fa4-a97d-d965ccfc6d4b" outcome="Passed" testListId="8c84fa94-04c1-424b-9868-57a2d4851a1d" relativeResultsDirectory="0f4ae9a9-bd63-4d7a-9a20-5f7c6c46a69c" /><UnitTestResult executionId="8d076129-039f-4039-ac36-a28b2ce20dde" testId="d7ccb7da-a0b4-4baa-b915-fb78634f160a" testName="Put_ValidReferencePropertyUpdatesModel" computerName="VECTOR" duration="00:00:00.3150000" startTime="2018-07-25T15:05:33.4726383-04:00" endTime="2018-07-25T15:05:33.4726442-04:00" testType="13cdc9d9-ddb5-4fa4-a97d-d965ccfc6d4b" outcome="Passed" testListId="8c84fa94-04c1-424b-9868-57a2d4851a1d" relativeResultsDirectory="8d076129-039f-4039-ac36-a28b2ce20dde" /><UnitTestResult executionId="0ef7e805-9e0c-4c2a-9f44-d5c4fff9a072" testId="71231c36-9a91-4ecf-9e3a-62310394a52c" testName="MeshTransformHasExpectedDependentFiles" computerName="VECTOR" duration="00:00:00.0010000" startTime="2018-07-25T15:05:01.5505014-04:00" endTime="2018-07-25T15:05:01.5505026-04:00" testType="13cdc9d9-ddb5-4fa4-a97d-d965ccfc6d4b" outcome="Passed" testListId="8c84fa94-04c1-424b-9868-57a2d4851a1d" relativeResultsDirectory="0ef7e805-9e0c-4c2a-9f44-d5c4fff9a072" /><UnitTestResult executionId="40269559-a056-4102-92fe-84f0dcce6ef3" testId="bf489894-0193-4e41-abc4-a36d47d12e38" testName="GetSingle_InvalidIdPropertyValueReturnsNotFound" computerName="VECTOR" duration="00:00:00.0190000" startTime="2018-07-25T15:05:04.7203170-04:00" endTime="2018-07-25T15:05:04.7203241-04:00" testType="13cdc9d9-ddb5-4fa4-a97d-d965ccfc6d4b" outcome="Passed" testListId="8c84fa94-04c1-424b-9868-57a2d4851a1d" relativeResultsDirectory="40269559-a056-4102-92fe-84f0dcce6ef3" /><UnitTestResult executionId="696d201a-ee90-4ed4-925b-933761e72e8e" testId="5c5ca6c5-c399-442a-9e26-0e10631a3825" testName="Patch_InvalidIdPropertyReturnsNotFound" computerName="VECTOR" duration="00:00:00.0110000" startTime="2018-07-25T15:05:05.3874637-04:00" endTime="2018-07-25T15:05:05.3874680-04:00" testType="13cdc9d9-ddb5-4fa4-a97d-d965ccfc6d4b" outcome="Passed" testListId="8c84fa94-04c1-424b-9868-57a2d4851a1d" relativeResultsDirectory="696d201a-ee90-4ed4-925b-933761e72e8e" /><UnitTestResult executionId="d903ebf8-a586-46f3-b8ce-cb8f506b5eb9" testId="b2da3248-0dcb-4b5a-9377-32251ea0998d" testName="Put_InvalidReferencePropertyReturndBadRequest" computerName="VECTOR" duration="00:00:00.0180000" startTime="2018-07-25T15:05:09.6689466-04:00" endTime="2018-07-25T15:05:09.6689523-04:00" testType="13cdc9d9-ddb5-4fa4-a97d-d965ccfc6d4b" outcome="Passed" testListId="8c84fa94-04c1-424b-9868-57a2d4851a1d" relativeResultsDirectory="d903ebf8-a586-46f3-b8ce-cb8f506b5eb9" /><UnitTestResult executionId="c813b0b7-3f2b-4cd2-8893-2b5f8a09959f" testId="0236f941-ba8f-4c90-ad08-0046242a0d0f" testName="Model3dHasExpectedDependentFiles" computerName="VECTOR" duration="00:00:00.0330000" startTime="2018-07-25T15:05:01.1683101-04:00" endTime="2018-07-25T15:05:01.1683169-04:00" testType="13cdc9d9-ddb5-4fa4-a97d-d965ccfc6d4b" outcome="Passed" testListId="8c84fa94-04c1-424b-9868-57a2d4851a1d" relativeResultsDirectory="c813b0b7-3f2b-4cd2-8893-2b5f8a09959f" /><UnitTestResult executionId="25ccf97a-90fd-4ee9-ab99-cc8b4af33432" testId="34f2b3d2-0f2d-43ba-87f9-b36595585d11" testName="GetList_ListReturnsCorrectCount" computerName="VECTOR" duration="00:00:00.4740000" startTime="2018-07-25T15:05:11.1183134-04:00" endTime="2018-07-25T15:05:11.1183202-04:00" testType="13cdc9d9-ddb5-4fa4-a97d-d965ccfc6d4b" outcome="Passed" testListId="8c84fa94-04c1-424b-9868-57a2d4851a1d" relativeResultsDirectory="25ccf97a-90fd-4ee9-ab99-cc8b4af33432" /><UnitTestResult executionId="0d857edf-7c15-4aab-9ce3-f93bbabdee5d" testId="3a6a4702-a749-4cd9-954c-9dd7343a43b1" testName="PostFile_FileIsSynchronizedIsUpdatedAfterFileIsPosted" computerName="VECTOR" duration="00:00:00.3150000" startTime="2018-07-25T15:05:31.1235052-04:00" endTime="2018-07-25T15:05:31.1235112-04:00" testType="13cdc9d9-ddb5-4fa4-a97d-d965ccfc6d4b" outcome="Passed" testListId="8c84fa94-04c1-424b-9868-57a2d4851a1d" relativeResultsDirectory="0d857edf-7c15-4aab-9ce3-f93bbabdee5d" /><UnitTestResult executionId="843b12a9-7cc4-4e53-b6ca-a928130b6737" testId="4a050bbd-f5ce-4d89-924e-a7b65d8b2508" testName="FileRequest_DepthBufferIsInvalidatedAfterCameraDependencyPropertyChange" computerName="VECTOR" duration="00:00:00.9830000" startTime="2018-07-25T15:05:30.4244553-04:00" endTime="2018-07-25T15:05:30.4244624-04:00" testType="13cdc9d9-ddb5-4fa4-a97d-d965ccfc6d4b" outcome="Passed" testListId="8c84fa94-04c1-424b-9868-57a2d4851a1d" relativeResultsDirectory="843b12a9-7cc4-4e53-b6ca-a928130b6737" /><UnitTestResult executionId="6d03983f-9902-4763-8b95-1e608f458167" testId="886b7040-f054-41aa-bc83-7dc86e6eeefc" testName="Put_InvalidReferencePropertyReturndBadRequest" computerName="VECTOR" duration="00:00:00.0220000" startTime="2018-07-25T15:05:14.6013295-04:00" endTime="2018-07-25T15:05:14.6013343-04:00" testType="13cdc9d9-ddb5-4fa4-a97d-d965ccfc6d4b" outcome="Passed" testListId="8c84fa94-04c1-424b-9868-57a2d4851a1d" relativeResultsDirectory="6d03983f-9902-4763-8b95-1e608f458167" /><UnitTestResult executionId="b132dcf9-f1aa-4c31-88ec-fbe475b63b28" testId="34e745ec-91ed-4e5c-b5c8-fbbf4b1bcd9b" testName="Patch_InvalidPropertyNameReturnsBadRequest" computerName="VECTOR" duration="00:00:00.0060000" startTime="2018-07-25T15:05:32.8438220-04:00" endTime="2018-07-25T15:05:32.8438263-04:00" testType="13cdc9d9-ddb5-4fa4-a97d-d965ccfc6d4b" outcome="Passed" testListId="8c84fa94-04c1-424b-9868-57a2d4851a1d" relativeResultsDirectory="b132dcf9-f1aa-4c31-88ec-fbe475b63b28" /><UnitTestResult executionId="8e4438db-95ac-4253-b2e1-6f58511c50f1" testId="ae27fee0-44a7-44b2-aba4-78cf2a86dc7e" testName="PostFile_FileTimeStampIsUpdatedAfterFileIsPosted" computerName="VECTOR" duration="00:00:01.4630000" startTime="2018-07-25T15:05:19.8741697-04:00" endTime="2018-07-25T15:05:19.8741760-04:00" testType="13cdc9d9-ddb5-4fa4-a97d-d965ccfc6d4b" outcome="Passed" testListId="8c84fa94-04c1-424b-9868-57a2d4851a1d" relativeResultsDirectory="8e4438db-95ac-4253-b2e1-6f58511c50f1" /><UnitTestResult executionId="d13acf2b-88f2-479d-95ef-75fe4ce2e41d" testId="37745f08-c785-46c9-b971-b9c570a88009" testName="GetSingle_ValidIdPropertyValueReturnsCorrectModel" computerName="VECTOR" duration="00:00:00.0090000" startTime="2018-07-25T15:05:10.6373397-04:00" endTime="2018-07-25T15:05:10.6373439-04:00" testType="13cdc9d9-ddb5-4fa4-a97d-d965ccfc6d4b" outcome="Passed" testListId="8c84fa94-04c1-424b-9868-57a2d4851a1d" relativeResultsDirectory="d13acf2b-88f2-479d-95ef-75fe4ce2e41d" /><UnitTestResult executionId="a052d5b6-7838-4147-8a42-a632bf0a5dee" testId="7c795b79-956c-4cd7-8ce6-9ccb2a592003" testName="GetFile_ExistingFileReturnsSuccess" computerName="VECTOR" duration="00:00:00.0250000" startTime="2018-07-25T15:05:27.0076347-04:00" endTime="2018-07-25T15:05:27.0076424-04:00" testType="13cdc9d9-ddb5-4fa4-a97d-d965ccfc6d4b" outcome="Passed" testListId="8c84fa94-04c1-424b-9868-57a2d4851a1d" relativeResultsDirectory="a052d5b6-7838-4147-8a42-a632bf0a5dee" /><UnitTestResult executionId="2301ee5b-0c8a-46a1-8655-34346f5b9b0e" testId="b202ba96-0710-464b-8472-36c92dfae1a1" testName="PostFile_NewFileCanBePosted" computerName="VECTOR" duration="00:00:00.3160000" startTime="2018-07-25T15:05:08.0179462-04:00" endTime="2018-07-25T15:05:08.0179549-04:00" testType="13cdc9d9-ddb5-4fa4-a97d-d965ccfc6d4b" outcome="Passed" testListId="8c84fa94-04c1-424b-9868-57a2d4851a1d" relativeResultsDirectory="2301ee5b-0c8a-46a1-8655-34346f5b9b0e" /><UnitTestResult executionId="a3c29e4d-6e0c-4c28-b983-650c84fbe6b2" testId="12741da3-bd60-4aaa-9405-648a2e068936" testName="Put_InvalidIdReturnsNotFound" computerName="VECTOR" duration="00:00:00.0550000" startTime="2018-07-25T15:05:04.7755163-04:00" endTime="2018-07-25T15:05:04.7755223-04:00" testType="13cdc9d9-ddb5-4fa4-a97d-d965ccfc6d4b" outcome="Passed" testListId="8c84fa94-04c1-424b-9868-57a2d4851a1d" relativeResultsDirectory="a3c29e4d-6e0c-4c28-b983-650c84fbe6b2" /><UnitTestResult executionId="0baf01f7-492b-4793-a3ea-0eba13761f39" testId="d0b2239d-b99a-4440-a6f3-c7c1221fffd4" testName="Patch_InvalidReferencePropertyReturnsBadRequest" computerName="VECTOR" duration="00:00:00.0030000" startTime="2018-07-25T15:05:02.8500376-04:00" endTime="2018-07-25T15:05:02.8500401-04:00" testType="13cdc9d9-ddb5-4fa4-a97d-d965ccfc6d4b" outcome="Passed" testListId="8c84fa94-04c1-424b-9868-57a2d4851a1d" relativeResultsDirectory="0baf01f7-492b-4793-a3ea-0eba13761f39" /><UnitTestResult executionId="507927af-7b37-450f-b1b7-21123a41d6b1" testId="06157cfd-407c-4dd2-a7ef-268768443b4c" testName="Patch_InvalidIdPropertyReturnsNotFound" computerName="VECTOR" duration="00:00:00.0060000" startTime="2018-07-25T15:05:32.8376253-04:00" endTime="2018-07-25T15:05:32.8376313-04:00" testType="13cdc9d9-ddb5-4fa4-a97d-d965ccfc6d4b" outcome="Passed" testListId="8c84fa94-04c1-424b-9868-57a2d4851a1d" relativeResultsDirectory="507927af-7b37-450f-b1b7-21123a41d6b1" /><UnitTestResult executionId="efc34eae-5d92-4c9f-a7a5-23727ee4a2bd" testId="a4bef13d-8f2f-4ce5-b88c-7813b9af3030" testName="PutFile_NewFileCanBePut" computerName="VECTOR" duration="00:00:00.4830000" startTime="2018-07-25T15:05:06.4680534-04:00" endTime="2018-07-25T15:05:06.4680602-04:00" testType="13cdc9d9-ddb5-4fa4-a97d-d965ccfc6d4b" outcome="Passed" testListId="8c84fa94-04c1-424b-9868-57a2d4851a1d" relativeResultsDirectory="efc34eae-5d92-4c9f-a7a5-23727ee4a2bd" /><UnitTestResult executionId="c1b8132a-d222-462b-9d3b-130749f69ac5" testId="64fd4dca-8d15-4c25-95d6-59d34cd2ae25" testName="Post_CanCreateNewModel" computerName="VECTOR" duration="00:00:00.2570000" startTime="2018-07-25T15:05:32.0279465-04:00" endTime="2018-07-25T15:05:32.0279530-04:00" testType="13cdc9d9-ddb5-4fa4-a97d-d965ccfc6d4b" outcome="Passed" testListId="8c84fa94-04c1-424b-9868-57a2d4851a1d" relativeResultsDirectory="c1b8132a-d222-462b-9d3b-130749f69ac5" /><UnitTestResult executionId="1e9ec0e9-3b37-4380-b36d-da8053c18427" testId="a0f9e81f-3d60-440e-83df-1a7da9bfc95f" testName="Put_CanUpdateModel" computerName="VECTOR" duration="00:00:00.6750000" startTime="2018-07-25T15:05:13.2253792-04:00" endTime="2018-07-25T15:05:13.2253865-04:00" testType="13cdc9d9-ddb5-4fa4-a97d-d965ccfc6d4b" outcome="Passed" testListId="8c84fa94-04c1-424b-9868-57a2d4851a1d" relativeResultsDirectory="1e9ec0e9-3b37-4380-b36d-da8053c18427" /><UnitTestResult executionId="eb217123-ee9f-4b3f-b2a3-0768c79d9048" testId="2c8c1a59-eefb-4c20-b3de-357c3f18898f" testName="Post_ValidReferencePropertyCreatesModel" computerName="VECTOR" duration="00:00:00.0020000" startTime="2018-07-25T15:05:02.0797701-04:00" endTime="2018-07-25T15:05:02.0797723-04:00" testType="13cdc9d9-ddb5-4fa4-a97d-d965ccfc6d4b" outcome="Passed" testListId="8c84fa94-04c1-424b-9868-57a2d4851a1d" relativeResultsDirectory="eb217123-ee9f-4b3f-b2a3-0768c79d9048" /><UnitTestResult executionId="34f66323-b47d-4280-983e-0db6955b63fe" testId="d2c9152b-e32c-489c-b10a-7974e9e2859d" testName="GetFile_ExistingFileReturnsSuccess" computerName="VECTOR" duration="00:00:00.0170000" startTime="2018-07-25T15:05:18.4102362-04:00" endTime="2018-07-25T15:05:18.4102441-04:00" testType="13cdc9d9-ddb5-4fa4-a97d-d965ccfc6d4b" outcome="Passed" testListId="8c84fa94-04c1-424b-9868-57a2d4851a1d" relativeResultsDirectory="34f66323-b47d-4280-983e-0db6955b63fe" /><UnitTestResult executionId="efd61f02-79ed-419f-9b0c-68d98daef72b" testId="5b8c9e12-1ac3-4044-a08a-10193019563a" testName="Put_CanUpdateModel" computerName="VECTOR" duration="00:00:00.3010000" startTime="2018-07-25T15:05:32.5896211-04:00" endTime="2018-07-25T15:05:32.5896277-04:00" testType="13cdc9d9-ddb5-4fa4-a97d-d965ccfc6d4b" outcome="Passed" testListId="8c84fa94-04c1-424b-9868-57a2d4851a1d" relativeResultsDirectory="efd61f02-79ed-419f-9b0c-68d98daef72b" /><UnitTestResult executionId="22fec336-2322-4863-a264-435ad9f7fbf0" testId="b315a46a-2be0-4c72-94c6-cf692ea6c822" testName="PostFile_FileTimeStampIsUpdatedAfterFileIsPosted" computerName="VECTOR" duration="00:00:00.0010000" startTime="2018-07-25T15:05:05.9849291-04:00" endTime="2018-07-25T15:05:05.9849322-04:00" testType="13cdc9d9-ddb5-4fa4-a97d-d965ccfc6d4b" outcome="Passed" testListId="8c84fa94-04c1-424b-9868-57a2d4851a1d" relativeResultsDirectory="22fec336-2322-4863-a264-435ad9f7fbf0" /><UnitTestResult executionId="ce8a63e4-5d13-4422-8b32-fce6d43958e5" testId="e5e25f7c-1019-4db1-ac0c-4a5d037ef160" testName="GetSingle_ValidIdPropertyValueReturnsCorrectModel" computerName="VECTOR" duration="00:00:00.0120000" startTime="2018-07-25T15:05:31.7705944-04:00" endTime="2018-07-25T15:05:31.7705989-04:00" testType="13cdc9d9-ddb5-4fa4-a97d-d965ccfc6d4b" outcome="Passed" testListId="8c84fa94-04c1-424b-9868-57a2d4851a1d" relativeResultsDirectory="ce8a63e4-5d13-4422-8b32-fce6d43958e5" /><UnitTestResult executionId="c6692ff3-bfaa-4228-a664-f28bd20bcbc3" testId="b3bc8310-b844-4c3b-973e-b22478ac932f" testName="Patch_ValidReferencePropertyUpdatesModel" computerName="VECTOR" duration="00:00:00.0080000" startTime="2018-07-25T15:05:01.5688380-04:00" endTime="2018-07-25T15:05:01.5688406-04:00" testType="13cdc9d9-ddb5-4fa4-a97d-d965ccfc6d4b" outcome="Passed" testListId="8c84fa94-04c1-424b-9868-57a2d4851a1d" relativeResultsDirectory="c6692ff3-bfaa-4228-a664-f28bd20bcbc3" /><UnitTestResult executionId="0f8cecfe-5c48-4d49-923a-eff7c113f610" testId="54f2f360-e495-4efd-84c8-36db455fad69" testName="PostFile_FileIsSynchronizedIsUpdatedAfterFileIsPosted" computerName="VECTOR" duration="00:00:00.3000000" startTime="2018-07-25T15:05:24.4907390-04:00" endTime="2018-07-25T15:05:24.4907464-04:00" testType="13cdc9d9-ddb5-4fa4-a97d-d965ccfc6d4b" outcome="Passed" testListId="8c84fa94-04c1-424b-9868-57a2d4851a1d" relativeResultsDirectory="0f8cecfe-5c48-4d49-923a-eff7c113f610" /><UnitTestResult executionId="499b5ceb-6bc4-49a8-bfe7-a441adf59207" testId="30b807c7-276a-4bcb-97c7-ded4814141b4" testName="Patch_TargetPropertyIsUpdated" computerName="VECTOR" duration="00:00:00.2900000" startTime="2018-07-25T15:05:13.8509712-04:00" endTime="2018-07-25T15:05:13.8509771-04:00" testType="13cdc9d9-ddb5-4fa4-a97d-d965ccfc6d4b" outcome="Passed" testListId="8c84fa94-04c1-424b-9868-57a2d4851a1d" relativeResultsDirectory="499b5ceb-6bc4-49a8-bfe7-a441adf59207" /><UnitTestResult executionId="36590b13-5c7f-40fa-b82a-f784d85f617e" testId="c9369eab-39bb-4484-8674-52c987056242" testName="Patch_MultipleInvalidReferencePropertiesReturnsMultipleValidationErrorsAndBadRequest" computerName="VECTOR" duration="00:00:00.0110000" startTime="2018-07-25T15:05:26.2133195-04:00" endTime="2018-07-25T15:05:26.2133264-04:00" testType="13cdc9d9-ddb5-4fa4-a97d-d965ccfc6d4b" outcome="Passed" testListId="8c84fa94-04c1-424b-9868-57a2d4851a1d" relativeResultsDirectory="36590b13-5c7f-40fa-b82a-f784d85f617e" /><UnitTestResult executionId="3bfd8999-b497-4fc2-87f3-0633a7279f55" testId="57d67c5e-4dcd-46e0-a0e4-01c7391eb54e" testName="Put_InvalidReferencePropertyReturndBadRequest" computerName="VECTOR" duration="00:00:00.0240000" startTime="2018-07-25T15:05:32.6135403-04:00" endTime="2018-07-25T15:05:32.6135457-04:00" testType="13cdc9d9-ddb5-4fa4-a97d-d965ccfc6d4b" outcome="Passed" testListId="8c84fa94-04c1-424b-9868-57a2d4851a1d" relativeResultsDirectory="3bfd8999-b497-4fc2-87f3-0633a7279f55" /><UnitTestResult executionId="2a8e5d69-d5db-4101-a1d2-2b1260b82b71" testId="62fef124-b15b-4cfd-a659-3f647f5993a2" testName="Delete_TargetModelIsDeleted" computerName="VECTOR" duration="00:00:00.1420000" startTime="2018-07-25T15:05:14.5671435-04:00" endTime="2018-07-25T15:05:14.5671495-04:00" testType="13cdc9d9-ddb5-4fa4-a97d-d965ccfc6d4b" outcome="Passed" testListId="8c84fa94-04c1-424b-9868-57a2d4851a1d" relativeResultsDirectory="2a8e5d69-d5db-4101-a1d2-2b1260b82b71" /><UnitTestResult executionId="9768a2bd-4cf5-4244-b6f6-3718cb32bdd2" testId="96cdef2a-e1fa-404f-ac17-5d21a54a1679" testName="Post_InvalidPropertyValueReturnsBadRequest" computerName="VECTOR" duration="00:00:00.0020000" startTime="2018-07-25T15:05:26.2446180-04:00" endTime="2018-07-25T15:05:26.2446206-04:00" testType="13cdc9d9-ddb5-4fa4-a97d-d965ccfc6d4b" outcome="Passed" testListId="8c84fa94-04c1-424b-9868-57a2d4851a1d" relativeResultsDirectory="9768a2bd-4cf5-4244-b6f6-3718cb32bdd2" /><UnitTestResult executionId="33c68fa1-9991-4d00-8aeb-3c2de9903a71" testId="2ba4b9b8-74fe-4cc4-8c51-addf621f7843" testName="Post_ValidReferencePropertyCreatesModel" computerName="VECTOR" duration="00:00:00.1920000" startTime="2018-07-25T15:05:32.8059882-04:00" endTime="2018-07-25T15:05:32.8059948-04:00" testType="13cdc9d9-ddb5-4fa4-a97d-d965ccfc6d4b" outcome="Passed" testListId="8c84fa94-04c1-424b-9868-57a2d4851a1d" relativeResultsDirectory="33c68fa1-9991-4d00-8aeb-3c2de9903a71" /><UnitTestResult executionId="6f0324ec-9ca9-4d29-8262-d8d76b8a17c7" testId="8aeed5d5-bdd0-412f-aeed-f351e2d33ca7" testName="Put_CanUpdateModel" computerName="VECTOR" duration="00:00:00.2740000" startTime="2018-07-25T15:05:26.9816905-04:00" endTime="2018-07-25T15:05:26.9816979-04:00" testType="13cdc9d9-ddb5-4fa4-a97d-d965ccfc6d4b" outcome="Passed" testListId="8c84fa94-04c1-424b-9868-57a2d4851a1d" relativeResultsDirectory="6f0324ec-9ca9-4d29-8262-d8d76b8a17c7" /><UnitTestResult executionId="3f8f942c-93e6-40bc-bc17-e6e3fd9d1304" testId="9ec84b5f-6ba8-4b19-9b95-70c3383db49d" testName="GetSingle_InvalidIdPropertyValueReturnsNotFound" computerName="VECTOR" duration="00:00:00.0060000" startTime="2018-07-25T15:05:03.0551201-04:00" endTime="2018-07-25T15:05:03.0551232-04:00" testType="13cdc9d9-ddb5-4fa4-a97d-d965ccfc6d4b" outcome="Passed" testListId="8c84fa94-04c1-424b-9868-57a2d4851a1d" relativeResultsDirectory="3f8f942c-93e6-40bc-bc17-e6e3fd9d1304" /><UnitTestResult executionId="468fd597-d097-48f7-a404-ae550cc002f0" testId="ef5e6132-4129-44ec-9e7f-41a90e5361d5" testName="Patch_TargetPropertyIsUpdated" computerName="VECTOR" duration="00:00:00.2740000" startTime="2018-07-25T15:05:25.7734303-04:00" endTime="2018-07-25T15:05:25.7734382-04:00" testType="13cdc9d9-ddb5-4fa4-a97d-d965ccfc6d4b" outcome="Passed" testListId="8c84fa94-04c1-424b-9868-57a2d4851a1d" relativeResultsDirectory="468fd597-d097-48f7-a404-ae550cc002f0" /><UnitTestResult executionId="2d723b70-dbdd-4565-b180-43aed29935be" testId="3261b66d-87a0-43de-98c7-13d23b4cdf26" testName="GetList_ListReturnsCorrectCount" computerName="VECTOR" duration="00:00:00.0560000" startTime="2018-07-25T15:05:05.6221563-04:00" endTime="2018-07-25T15:05:05.6221623-04:00" testType="13cdc9d9-ddb5-4fa4-a97d-d965ccfc6d4b" outcome="Passed" testListId="8c84fa94-04c1-424b-9868-57a2d4851a1d" relativeResultsDirectory="2d723b70-dbdd-4565-b180-43aed29935be" /><UnitTestResult executionId="3456d427-a539-4dbe-a5dd-77b4b21456ca" testId="f9c0e0cb-eb65-4379-9ead-4c1809d45ffe" testName="Post_InvalidReferencePropertyReturnsBadRequest" computerName="VECTOR" duration="00:00:00.0070000" startTime="2018-07-25T15:05:32.2877986-04:00" endTime="2018-07-25T15:05:32.2878048-04:00" testType="13cdc9d9-ddb5-4fa4-a97d-d965ccfc6d4b" outcome="Passed" testListId="8c84fa94-04c1-424b-9868-57a2d4851a1d" relativeResultsDirectory="3456d427-a539-4dbe-a5dd-77b4b21456ca" /><UnitTestResult executionId="449f93bd-4f9f-4b8a-ab4a-747212afce30" testId="d9ef9f32-1f04-4d56-af5d-ed4866c0d7f1" testName="Put_InvalidReferencePropertyReturndBadRequest" computerName="VECTOR" duration="00:00:00.0030000" startTime="2018-07-25T15:05:03.6323201-04:00" endTime="2018-07-25T15:05:03.6323241-04:00" testType="13cdc9d9-ddb5-4fa4-a97d-d965ccfc6d4b" outcome="Passed" testListId="8c84fa94-04c1-424b-9868-57a2d4851a1d" relativeResultsDirectory="449f93bd-4f9f-4b8a-ab4a-747212afce30" /><UnitTestResult executionId="ccf30de0-8622-41b7-b5e6-2b7e684147ac" testId="8db1b63b-9bfc-4970-88ed-2b89b1e5f26a" testName="Post_ValidReferencePropertyCreatesModel" computerName="VECTOR" duration="00:00:00.1470000" startTime="2018-07-25T15:05:05.5344374-04:00" endTime="2018-07-25T15:05:05.5344440-04:00" testType="13cdc9d9-ddb5-4fa4-a97d-d965ccfc6d4b" outcome="Passed" testListId="8c84fa94-04c1-424b-9868-57a2d4851a1d" relativeResultsDirectory="ccf30de0-8622-41b7-b5e6-2b7e684147ac" /><UnitTestResult executionId="209b0bac-9edc-45a5-aeff-3a0dec6e5af4" testId="301919f2-7dd2-491e-9f97-36fc28f440e1" testName="GetList_ListReturnsCorrectCount" computerName="VECTOR" duration="00:00:00.0410000" startTime="2018-07-25T15:05:32.2734013-04:00" endTime="2018-07-25T15:05:32.2734087-04:00" testType="13cdc9d9-ddb5-4fa4-a97d-d965ccfc6d4b" outcome="Passed" testListId="8c84fa94-04c1-424b-9868-57a2d4851a1d" relativeResultsDirectory="209b0bac-9edc-45a5-aeff-3a0dec6e5af4" /><UnitTestResult executionId="4e0525be-7c81-46f1-b130-048e2238d064" testId="937d1c82-5e19-4b72-838e-11da0c668984" testName="GetList_ListReturnsCorrectCount" computerName="VECTOR" duration="00:00:00.0850000" startTime="2018-07-25T15:05:03.6270524-04:00" endTime="2018-07-25T15:05:03.6270601-04:00" testType="13cdc9d9-ddb5-4fa4-a97d-d965ccfc6d4b" outcome="Passed" testListId="8c84fa94-04c1-424b-9868-57a2d4851a1d" relativeResultsDirectory="4e0525be-7c81-46f1-b130-048e2238d064" /><UnitTestResult executionId="4a5d71a4-986b-4248-87d9-c79408e988bf" testId="7eb609da-52a1-4d1f-b691-08a3ced6d238" testName="Delete_TargetModelIsDeleted" computerName="VECTOR" duration="00:00:00.4510000" startTime="2018-07-25T15:05:02.5189360-04:00" endTime="2018-07-25T15:05:02.5189417-04:00" testType="13cdc9d9-ddb5-4fa4-a97d-d965ccfc6d4b" outcome="Passed" testListId="8c84fa94-04c1-424b-9868-57a2d4851a1d" relativeResultsDirectory="4a5d71a4-986b-4248-87d9-c79408e988bf" /><UnitTestResult executionId="5924afe0-8d03-4a49-8d1b-2e28abb49bcf" testId="66afe379-b814-4cf0-b8b1-5614ff3c6df1" testName="GetSingle_ValidIdPropertyValueReturnsCorrectModel" computerName="VECTOR" duration="00:00:00.0070000" startTime="2018-07-25T15:05:03.0467038-04:00" endTime="2018-07-25T15:05:03.0467075-04:00" testType="13cdc9d9-ddb5-4fa4-a97d-d965ccfc6d4b" outcome="Passed" testListId="8c84fa94-04c1-424b-9868-57a2d4851a1d" relativeResultsDirectory="5924afe0-8d03-4a49-8d1b-2e28abb49bcf" /><UnitTestResult executionId="50e0a7be-6af6-4275-9588-c076a72484ad" testId="931a6d7f-ba31-41f0-96b4-a893ff32d997" testName="Post_CanCreateNewModel" computerName="VECTOR" duration="00:00:00.1890000" startTime="2018-07-25T15:05:09.1253076-04:00" endTime="2018-07-25T15:05:09.1253147-04:00" testType="13cdc9d9-ddb5-4fa4-a97d-d965ccfc6d4b" outcome="Passed" testListId="8c84fa94-04c1-424b-9868-57a2d4851a1d" relativeResultsDirectory="50e0a7be-6af6-4275-9588-c076a72484ad" /><UnitTestResult executionId="0f61e465-cd83-4260-a71d-92d4d828d308" testId="616362df-4379-4d10-8132-7db6ce445e72" testName="Post_InvalidReferencePropertyReturnsBadRequest" computerName="VECTOR" duration="00:00:00.0070000" startTime="2018-07-25T15:05:26.2205433-04:00" endTime="2018-07-25T15:05:26.2205496-04:00" testType="13cdc9d9-ddb5-4fa4-a97d-d965ccfc6d4b" outcome="Passed" testListId="8c84fa94-04c1-424b-9868-57a2d4851a1d" relativeResultsDirectory="0f61e465-cd83-4260-a71d-92d4d828d308" /><UnitTestResult executionId="8495ca8d-456f-4baf-9a89-18ab8ec9240a" testId="eb5966af-ee97-40a9-9f08-de7e537ce57a" testName="GetFile_NonExistentFileReturnsNotFound" computerName="VECTOR" duration="00:00:00.0120000" startTime="2018-07-25T15:05:08.3461986-04:00" endTime="2018-07-25T15:05:08.3462040-04:00" testType="13cdc9d9-ddb5-4fa4-a97d-d965ccfc6d4b" outcome="Passed" testListId="8c84fa94-04c1-424b-9868-57a2d4851a1d" relativeResultsDirectory="8495ca8d-456f-4baf-9a89-18ab8ec9240a" /><UnitTestResult executionId="2cfcbc78-307d-4b64-a4ee-e5c2cc41da44" testId="1ce5bd1a-2e18-428b-89f9-b8f89f003fd3" testName="FileRequest_MeshGenerateSetsFileIsSynchronized" computerName="VECTOR" duration="00:00:04.0080000" startTime="2018-07-25T15:05:24.1904171-04:00" endTime="2018-07-25T15:05:24.1904245-04:00" testType="13cdc9d9-ddb5-4fa4-a97d-d965ccfc6d4b" outcome="Passed" testListId="8c84fa94-04c1-424b-9868-57a2d4851a1d" relativeResultsDirectory="2cfcbc78-307d-4b64-a4ee-e5c2cc41da44" /><UnitTestResult executionId="d02bcf00-c822-4f36-97e2-27fb1545795f" testId="c66a2140-4dc6-48d1-afda-50d6ed0d6a02" testName="Patch_MultipleInvalidReferencePropertiesReturnsMultipleValidationErrorsAndBadRequest" computerName="VECTOR" duration="00:00:00.0310000" startTime="2018-07-25T15:05:05.5658210-04:00" endTime="2018-07-25T15:05:05.5658267-04:00" testType="13cdc9d9-ddb5-4fa4-a97d-d965ccfc6d4b" outcome="Passed" testListId="8c84fa94-04c1-424b-9868-57a2d4851a1d" relativeResultsDirectory="d02bcf00-c822-4f36-97e2-27fb1545795f" /><UnitTestResult executionId="6128fe97-39c1-4a1b-a8a9-19b478a5b425" testId="045c0be5-e564-494e-8ddb-dc5d009ebead" testName="Put_InvalidReferencePropertyReturndBadRequest" computerName="VECTOR" duration="00:00:00.0230000" startTime="2018-07-25T15:05:05.9833778-04:00" endTime="2018-07-25T15:05:05.9833843-04:00" testType="13cdc9d9-ddb5-4fa4-a97d-d965ccfc6d4b" outcome="Passed" testListId="8c84fa94-04c1-424b-9868-57a2d4851a1d" relativeResultsDirectory="6128fe97-39c1-4a1b-a8a9-19b478a5b425" /><UnitTestResult executionId="3aa0280a-1c54-45ed-a3a8-99e86f113ed5" testId="48310de7-15be-4d68-be40-f32f54d3b012" testName="Patch_InvalidReferencePropertyReturnsBadRequest" computerName="VECTOR" duration="00:00:00.0150000" startTime="2018-07-25T15:05:09.1404553-04:00" endTime="2018-07-25T15:05:09.1404607-04:00" testType="13cdc9d9-ddb5-4fa4-a97d-d965ccfc6d4b" outcome="Passed" testListId="8c84fa94-04c1-424b-9868-57a2d4851a1d" relativeResultsDirectory="3aa0280a-1c54-45ed-a3a8-99e86f113ed5" /><UnitTestResult executionId="ab4287ff-487a-4969-9bd3-4e5b00b47143" testId="6c33cf60-2ea9-4545-85bd-cac194b40d84" testName="Post_InvalidPropertyValueReturnsBadRequest" computerName="VECTOR" duration="00:00:00.0020000" startTime="2018-07-25T15:05:14.6039463-04:00" endTime="2018-07-25T15:05:14.6039488-04:00" testType="13cdc9d9-ddb5-4fa4-a97d-d965ccfc6d4b" outcome="Passed" testListId="8c84fa94-04c1-424b-9868-57a2d4851a1d" relativeResultsDirectory="ab4287ff-487a-4969-9bd3-4e5b00b47143" /><UnitTestResult executionId="9d37fd6a-fe2d-43f0-9d6e-a1a940c31a49" testId="814eb085-dcb1-423f-966f-d7bce77eaf70" testName="Patch_InvalidEnumPropertyValueReturnsBadRequest" computerName="VECTOR" duration="00:00:00.0010000" startTime="2018-07-25T15:05:09.6749097-04:00" endTime="2018-07-25T15:05:09.6749122-04:00" testType="13cdc9d9-ddb5-4fa4-a97d-d965ccfc6d4b" outcome="Passed" testListId="8c84fa94-04c1-424b-9868-57a2d4851a1d" relativeResultsDirectory="9d37fd6a-fe2d-43f0-9d6e-a1a940c31a49" /><UnitTestResult executionId="d02ba5ba-e6b7-4d24-94c1-76e9657dbcde" testId="2a3dd9cc-e66e-4d0e-a33f-6bec639ef98c" testName="Patch_InvalidIdPropertyReturnsNotFound" computerName="VECTOR" duration="00:00:00.0050000" startTime="2018-07-25T15:05:09.6747178-04:00" endTime="2018-07-25T15:05:09.6747212-04:00" testType="13cdc9d9-ddb5-4fa4-a97d-d965ccfc6d4b" outcome="Passed" testListId="8c84fa94-04c1-424b-9868-57a2d4851a1d" relativeResultsDirectory="d02ba5ba-e6b7-4d24-94c1-76e9657dbcde" /><UnitTestResult executionId="61afc0bb-bfff-4caf-9c73-ae0322223019" testId="8e0f7ef5-f0d7-4927-ab94-b93db1c58516" testName="Post_InvalidReferencePropertyReturnsBadRequest" computerName="VECTOR" duration="00:00:00.0080000" startTime="2018-07-25T15:05:14.1123649-04:00" endTime="2018-07-25T15:05:14.1123689-04:00" testType="13cdc9d9-ddb5-4fa4-a97d-d965ccfc6d4b" outcome="Passed" testListId="8c84fa94-04c1-424b-9868-57a2d4851a1d" relativeResultsDirectory="61afc0bb-bfff-4caf-9c73-ae0322223019" /><UnitTestResult executionId="51827143-aaa8-49a8-ab01-2ed0f95127d2" testId="f551f9a6-a08c-4e11-9760-2081d5560966" testName="Post_CanCreateNewModel" computerName="VECTOR" duration="00:00:00.1510000" startTime="2018-07-25T15:05:03.0011887-04:00" endTime="2018-07-25T15:05:03.0011953-04:00" testType="13cdc9d9-ddb5-4fa4-a97d-d965ccfc6d4b" outcome="Passed" testListId="8c84fa94-04c1-424b-9868-57a2d4851a1d" relativeResultsDirectory="51827143-aaa8-49a8-ab01-2ed0f95127d2" /><UnitTestResult executionId="95f7bd27-d116-4c07-9ae5-ea8c16a64313" testId="392e97fd-ce83-43dd-a974-7403b42d9084" testName="Put_InvalidIdReturnsNotFound" computerName="VECTOR" duration="00:00:00.0130000" startTime="2018-07-25T15:05:26.2419799-04:00" endTime="2018-07-25T15:05:26.2419853-04:00" testType="13cdc9d9-ddb5-4fa4-a97d-d965ccfc6d4b" outcome="Passed" testListId="8c84fa94-04c1-424b-9868-57a2d4851a1d" relativeResultsDirectory="95f7bd27-d116-4c07-9ae5-ea8c16a64313" /><UnitTestResult executionId="ce05dd6b-fbd5-4e7e-8439-af5f8a34f4a6" testId="88880355-ec10-4ac7-a06a-cfe011731b0d" testName="Patch_TargetPropertyIsUpdated" computerName="VECTOR" duration="00:00:00.2830000" startTime="2018-07-25T15:05:33.7560736-04:00" endTime="2018-07-25T15:05:33.7560813-04:00" testType="13cdc9d9-ddb5-4fa4-a97d-d965ccfc6d4b" outcome="Passed" testListId="8c84fa94-04c1-424b-9868-57a2d4851a1d" relativeResultsDirectory="ce05dd6b-fbd5-4e7e-8439-af5f8a34f4a6" /><UnitTestResult executionId="66aa7122-32c0-42bb-b308-14f409331004" testId="d87492e3-7b86-47f1-9d90-eb851458180c" testName="Patch_InvalidPropertyNameReturnsBadRequest" computerName="VECTOR" duration="00:00:00.0060000" startTime="2018-07-25T15:05:04.7818305-04:00" endTime="2018-07-25T15:05:04.7818359-04:00" testType="13cdc9d9-ddb5-4fa4-a97d-d965ccfc6d4b" outcome="Passed" testListId="8c84fa94-04c1-424b-9868-57a2d4851a1d" relativeResultsDirectory="66aa7122-32c0-42bb-b308-14f409331004" /><UnitTestResult executionId="70670b9a-0410-419a-8ed9-9f0b858bd93b" testId="2bcc1c6d-b707-485f-9263-7d5f665fc179" testName="Patch_InvalidPropertyNameReturnsBadRequest" computerName="VECTOR" duration="00:00:00.0150000" startTime="2018-07-25T15:05:08.4985310-04:00" endTime="2018-07-25T15:05:08.4985358-04:00" testType="13cdc9d9-ddb5-4fa4-a97d-d965ccfc6d4b" outcome="Passed" testListId="8c84fa94-04c1-424b-9868-57a2d4851a1d" relativeResultsDirectory="70670b9a-0410-419a-8ed9-9f0b858bd93b" /><UnitTestResult executionId="ba16e6b2-774b-4ec2-b674-bb449e6d72d9" testId="4314e409-214e-4d7d-8c7e-7242658264f7" testName="Patch_InvalidIdPropertyReturnsNotFound" computerName="VECTOR" duration="00:00:00.0070000" startTime="2018-07-25T15:05:25.3494084-04:00" endTime="2018-07-25T15:05:25.3494158-04:00" testType="13cdc9d9-ddb5-4fa4-a97d-d965ccfc6d4b" outcome="Passed" testListId="8c84fa94-04c1-424b-9868-57a2d4851a1d" relativeResultsDirectory="ba16e6b2-774b-4ec2-b674-bb449e6d72d9" /><UnitTestResult executionId="a2dcce84-471e-41c4-9c19-fc0ab2863135" testId="3735eb16-ecd8-4b87-a439-5f4d1a6d72dc" testName="Patch_InvalidEnumPropertyValueReturnsBadRequest" computerName="VECTOR" duration="00:00:00.0010000" startTime="2018-07-25T15:05:32.2736057-04:00" endTime="2018-07-25T15:05:32.2736069-04:00" testType="13cdc9d9-ddb5-4fa4-a97d-d965ccfc6d4b" outcome="Passed" testListId="8c84fa94-04c1-424b-9868-57a2d4851a1d" relativeResultsDirectory="a2dcce84-471e-41c4-9c19-fc0ab2863135" /><UnitTestResult executionId="8ab25f7c-32b3-4880-8e9f-55f14c2e3eef" testId="f4695ca2-4c9c-4b18-8f62-4f92e64bd6c9" testName="Post_InvalidReferencePropertyReturnsBadRequest" computerName="VECTOR" duration="00:00:00.0020000" startTime="2018-07-25T15:05:02.0798289-04:00" endTime="2018-07-25T15:05:02.0798298-04:00" testType="13cdc9d9-ddb5-4fa4-a97d-d965ccfc6d4b" outcome="Passed" testListId="8c84fa94-04c1-424b-9868-57a2d4851a1d" relativeResultsDirectory="8ab25f7c-32b3-4880-8e9f-55f14c2e3eef" /><UnitTestResult executionId="2f8dd21d-0bb2-44b2-bf8d-fdcb7c9b84fb" testId="0239df8a-26aa-4717-bbb1-eb0f3d2e3f8a" testName="Put_CanUpdateModel" computerName="VECTOR" duration="00:00:00.4860000" startTime="2018-07-25T15:05:03.5417716-04:00" endTime="2018-07-25T15:05:03.5417781-04:00" testType="13cdc9d9-ddb5-4fa4-a97d-d965ccfc6d4b" outcome="Passed" testListId="8c84fa94-04c1-424b-9868-57a2d4851a1d" relativeResultsDirectory="2f8dd21d-0bb2-44b2-bf8d-fdcb7c9b84fb" /><UnitTestResult executionId="7a66531a-bcc3-45e8-a1e6-1d0f56c44f93" testId="8b72dbc8-f9e8-477b-8229-39e7c8d227d6" testName="Put_ValidReferencePropertyUpdatesModel" computerName="VECTOR" duration="00:00:00.0030000" startTime="2018-07-25T15:05:02.8468952-04:00" endTime="2018-07-25T15:05:02.8468980-04:00" testType="13cdc9d9-ddb5-4fa4-a97d-d965ccfc6d4b" outcome="Passed" testListId="8c84fa94-04c1-424b-9868-57a2d4851a1d" relativeResultsDirectory="7a66531a-bcc3-45e8-a1e6-1d0f56c44f93" /><UnitTestResult executionId="87afd5c0-193c-4ca2-8bbc-94b10a41a689" testId="79d2dc5b-f66b-4f59-b7e7-dfc96efb0ec2" testName="GetSingle_InvalidIdPropertyValueReturnsNotFound" computerName="VECTOR" duration="00:00:00.0100000" startTime="2018-07-25T15:05:26.5501888-04:00" endTime="2018-07-25T15:05:26.5501925-04:00" testType="13cdc9d9-ddb5-4fa4-a97d-d965ccfc6d4b" outcome="Passed" testListId="8c84fa94-04c1-424b-9868-57a2d4851a1d" relativeResultsDirectory="87afd5c0-193c-4ca2-8bbc-94b10a41a689" /><UnitTestResult executionId="02be7610-7ab9-494f-93f1-a246c9e7cb5f" testId="9c13b797-25c6-473c-a007-820fc9f387f3" testName="Put_ValidReferencePropertyUpdatesModel" computerName="VECTOR" duration="00:00:00.3240000" startTime="2018-07-25T15:05:13.5495759-04:00" endTime="2018-07-25T15:05:13.5495824-04:00" testType="13cdc9d9-ddb5-4fa4-a97d-d965ccfc6d4b" outcome="Passed" testListId="8c84fa94-04c1-424b-9868-57a2d4851a1d" relativeResultsDirectory="02be7610-7ab9-494f-93f1-a246c9e7cb5f" /><UnitTestResult executionId="52e0fae5-42fb-4eac-a34a-cb8e8759bde7" testId="79b24a4a-c18a-4058-87f3-39661aa15c0e" testName="FileRequest_FileCanBeReadAfterRename" computerName="VECTOR" duration="00:00:00.4080000" startTime="2018-07-25T15:05:24.8988823-04:00" endTime="2018-07-25T15:05:24.8988889-04:00" testType="13cdc9d9-ddb5-4fa4-a97d-d965ccfc6d4b" outcome="Passed" testListId="8c84fa94-04c1-424b-9868-57a2d4851a1d" relativeResultsDirectory="52e0fae5-42fb-4eac-a34a-cb8e8759bde7" /><UnitTestResult executionId="94a94af3-2f07-42af-ae93-bb6ac2175ac4" testId="a4949278-a3d0-4b3d-a3fe-cb7c23bd61ac" testName="Delete_TargetModelIsDeleted" computerName="VECTOR" duration="00:00:00.4190000" startTime="2018-07-25T15:05:08.9181471-04:00" endTime="2018-07-25T15:05:08.9181531-04:00" testType="13cdc9d9-ddb5-4fa4-a97d-d965ccfc6d4b" outcome="Passed" testListId="8c84fa94-04c1-424b-9868-57a2d4851a1d" relativeResultsDirectory="94a94af3-2f07-42af-ae93-bb6ac2175ac4" /><UnitTestResult executionId="7dce83b4-9454-48b0-b805-d1728fba21b8" testId="5faa52b3-4f6d-46c6-974c-1fe3a520299e" testName="Put_ValidReferencePropertyUpdatesModel" computerName="VECTOR" duration="00:00:00.2980000" startTime="2018-07-25T15:05:09.4760903-04:00" endTime="2018-07-25T15:05:09.4760969-04:00" testType="13cdc9d9-ddb5-4fa4-a97d-d965ccfc6d4b" outcome="Passed" testListId="8c84fa94-04c1-424b-9868-57a2d4851a1d" relativeResultsDirectory="7dce83b4-9454-48b0-b805-d1728fba21b8" /><UnitTestResult executionId="bbd39065-cf68-4a26-947a-f0c0b1d52ea9" testId="42a0887c-65ed-4e62-89f9-045822141e53" testName="PutFile_FileCanBeUpdated" computerName="VECTOR" duration="00:00:00.5160000" startTime="2018-07-25T15:05:28.9568097-04:00" endTime="2018-07-25T15:05:28.9568168-04:00" testType="13cdc9d9-ddb5-4fa4-a97d-d965ccfc6d4b" outcome="Passed" testListId="8c84fa94-04c1-424b-9868-57a2d4851a1d" relativeResultsDirectory="bbd39065-cf68-4a26-947a-f0c0b1d52ea9" /><UnitTestResult executionId="45a5f970-41a6-45fd-bd95-238497aaa63c" testId="469018a0-00b5-4d7d-b89d-b10ee73eb12d" testName="Put_CanUpdateModel" computerName="VECTOR" duration="00:00:00.2660000" startTime="2018-07-25T15:05:10.6174429-04:00" endTime="2018-07-25T15:05:10.6174495-04:00" testType="13cdc9d9-ddb5-4fa4-a97d-d965ccfc6d4b" outcome="Passed" testListId="8c84fa94-04c1-424b-9868-57a2d4851a1d" relativeResultsDirectory="45a5f970-41a6-45fd-bd95-238497aaa63c" /><UnitTestResult executionId="a80dbe8d-8077-4081-801b-f7c924ad7670" testId="beda7211-fc60-4d76-bde1-721669d7571d" testName="Put_InvalidIdReturnsNotFound" computerName="VECTOR" duration="00:00:00.0210000" startTime="2018-07-25T15:05:32.0490633-04:00" endTime="2018-07-25T15:05:32.0490690-04:00" testType="13cdc9d9-ddb5-4fa4-a97d-d965ccfc6d4b" outcome="Passed" testListId="8c84fa94-04c1-424b-9868-57a2d4851a1d" relativeResultsDirectory="a80dbe8d-8077-4081-801b-f7c924ad7670" /><UnitTestResult executionId="a20a15b4-51b5-46b6-8287-36cb9dd40e88" testId="602291b5-90de-43e8-9a06-281d2d4eba14" testName="Post_InvalidPropertyValueReturnsBadRequest" computerName="VECTOR" duration="00:00:00.0130000" startTime="2018-07-25T15:05:03.6564321-04:00" endTime="2018-07-25T15:05:03.6564392-04:00" testType="13cdc9d9-ddb5-4fa4-a97d-d965ccfc6d4b" outcome="Passed" testListId="8c84fa94-04c1-424b-9868-57a2d4851a1d" relativeResultsDirectory="a20a15b4-51b5-46b6-8287-36cb9dd40e88" /><UnitTestResult executionId="983eff91-c14b-4216-b404-5646c4c87e14" testId="cc5c80e6-6c9e-4276-9842-7f746da26216" testName="PutFile_NewFileCanBePut" computerName="VECTOR" duration="00:00:00.3720000" startTime="2018-07-25T15:05:30.8080698-04:00" endTime="2018-07-25T15:05:30.8080769-04:00" testType="13cdc9d9-ddb5-4fa4-a97d-d965ccfc6d4b" outcome="Passed" testListId="8c84fa94-04c1-424b-9868-57a2d4851a1d" relativeResultsDirectory="983eff91-c14b-4216-b404-5646c4c87e14" /><UnitTestResult executionId="7385a8eb-8e12-4654-b674-8da720022456" testId="028dcb85-ea29-4a38-ac33-21151e7d7668" testName="GetFile_ExistingFileReturnsSuccess" computerName="VECTOR" duration="00:00:00.1370000" startTime="2018-07-25T15:05:07.0385561-04:00" endTime="2018-07-25T15:05:07.0385638-04:00" testType="13cdc9d9-ddb5-4fa4-a97d-d965ccfc6d4b" outcome="Passed" testListId="8c84fa94-04c1-424b-9868-57a2d4851a1d" relativeResultsDirectory="7385a8eb-8e12-4654-b674-8da720022456" /><UnitTestResult executionId="3d29b065-81ed-481a-8e73-39962950cc6c" testId="efc7ca31-d00d-4439-b782-b9da11d4229d" testName="Post_CanCreateNewModel" computerName="VECTOR" duration="00:00:00.2070000" startTime="2018-07-25T15:05:14.0584485-04:00" endTime="2018-07-25T15:05:14.0584553-04:00" testType="13cdc9d9-ddb5-4fa4-a97d-d965ccfc6d4b" outcome="Passed" testListId="8c84fa94-04c1-424b-9868-57a2d4851a1d" relativeResultsDirectory="3d29b065-81ed-481a-8e73-39962950cc6c" /><UnitTestResult executionId="e750c2a7-17e3-4395-8825-ffee336c2736" testId="981e0eaf-de2f-4038-b64a-9305b6b69ce9" testName="PostFile_NewFileCanBePosted" computerName="VECTOR" duration="00:00:00.3080000" startTime="2018-07-25T15:05:31.4317442-04:00" endTime="2018-07-25T15:05:31.4317516-04:00" testType="13cdc9d9-ddb5-4fa4-a97d-d965ccfc6d4b" outcome="Passed" testListId="8c84fa94-04c1-424b-9868-57a2d4851a1d" relativeResultsDirectory="e750c2a7-17e3-4395-8825-ffee336c2736" /><UnitTestResult executionId="937ee52d-3920-4ec7-90eb-b99a852fd205" testId="23db50fb-8520-4bfc-9210-2cb4e9120f61" testName="Put_InvalidIdReturnsNotFound" computerName="VECTOR" duration="00:00:00.0380000" startTime="2018-07-25T15:05:03.0397580-04:00" endTime="2018-07-25T15:05:03.0397637-04:00" testType="13cdc9d9-ddb5-4fa4-a97d-d965ccfc6d4b" outcome="Passed" testListId="8c84fa94-04c1-424b-9868-57a2d4851a1d" relativeResultsDirectory="937ee52d-3920-4ec7-90eb-b99a852fd205" /><UnitTestResult executionId="571ee221-c014-4614-8a68-f207918dbee1" testId="70ff6740-ea31-48d7-8abf-5c6fb8339458" testName="PutFile_FileCanBeUpdated" computerName="VECTOR" duration="00:00:00.5090000" startTime="2018-07-25T15:05:18.3927661-04:00" endTime="2018-07-25T15:05:18.3927729-04:00" testType="13cdc9d9-ddb5-4fa4-a97d-d965ccfc6d4b" outcome="Passed" testListId="8c84fa94-04c1-424b-9868-57a2d4851a1d" relativeResultsDirectory="571ee221-c014-4614-8a68-f207918dbee1" /><UnitTestResult executionId="8856beb4-cd7b-4ed9-8877-b86314f5cc09" testId="cf3508f3-9b27-4896-bca3-769533382cbb" testName="Patch_TargetPropertyIsUpdated" computerName="VECTOR" duration="00:00:00.3240000" startTime="2018-07-25T15:05:02.8434059-04:00" endTime="2018-07-25T15:05:02.8434121-04:00" testType="13cdc9d9-ddb5-4fa4-a97d-d965ccfc6d4b" outcome="Passed" testListId="8c84fa94-04c1-424b-9868-57a2d4851a1d" relativeResultsDirectory="8856beb4-cd7b-4ed9-8877-b86314f5cc09" /><UnitTestResult executionId="84c4e23c-3a03-4d02-9ddb-1801708826bf" testId="0a6d252a-e764-4d1f-a0bd-66bb930a09a1" testName="Post_ValidReferencePropertyCreatesModel" computerName="VECTOR" duration="00:00:00.1710000" startTime="2018-07-25T15:05:09.6506200-04:00" endTime="2018-07-25T15:05:09.6506268-04:00" testType="13cdc9d9-ddb5-4fa4-a97d-d965ccfc6d4b" outcome="Passed" testListId="8c84fa94-04c1-424b-9868-57a2d4851a1d" relativeResultsDirectory="84c4e23c-3a03-4d02-9ddb-1801708826bf" /></Results><TestDefinitions><UnitTest name="Patch_InvalidIdPropertyReturnsNotFound" storage="d:\users\steve knipmeyer\documents\github\modelrelief\modelrelief.test\bin\debug\netcoreapp2.0\modelrelief.test.dll" id="4314e409-214e-4d7d-8c7e-7242658264f7"><Execution id="ba16e6b2-774b-4ec2-b674-bb449e6d72d9" /><TestMethod codeBase="D:\Users\Steve Knipmeyer\Documents\GitHub\ModelRelief\ModelRelief.test\bin\Debug\netcoreapp2.0\ModelRelief.Test.dll" adapterTypeName="executor://xunit/VsTestRunner2/netcoreapp" className="ModelRelief.Test.Integration.DepthBuffers.DepthBuffersBaseIntegrationTests" name="Patch_InvalidIdPropertyReturnsNotFound" /></UnitTest><UnitTest name="PostFile_FileIsSynchronizedIsUpdatedAfterFileIsPosted" storage="d:\users\steve knipmeyer\documents\github\modelrelief\modelrelief.test\bin\debug\netcoreapp2.0\modelrelief.test.dll" id="9a253360-b10c-435b-86aa-c7629f3d1b60"><Execution id="4f6ae549-8ab8-496c-b000-05f45849615a" /><TestMethod codeBase="D:\Users\Steve Knipmeyer\Documents\GitHub\ModelRelief\ModelRelief.test\bin\Debug\netcoreapp2.0\ModelRelief.Test.dll" adapterTypeName="executor://xunit/VsTestRunner2/netcoreapp" className="ModelRelief.Test.Integration.Models.ModelsFileIntegrationTests" name="PostFile_FileIsSynchronizedIsUpdatedAfterFileIsPosted" /></UnitTest><UnitTest name="Patch_InvalidPropertyNameReturnsBadRequest" storage="d:\users\steve knipmeyer\documents\github\modelrelief\modelrelief.test\bin\debug\netcoreapp2.0\modelrelief.test.dll" id="34e745ec-91ed-4e5c-b5c8-fbbf4b1bcd9b"><Execution id="b132dcf9-f1aa-4c31-88ec-fbe475b63b28" /><TestMethod codeBase="D:\Users\Steve Knipmeyer\Documents\GitHub\ModelRelief\ModelRelief.test\bin\Debug\netcoreapp2.0\ModelRelief.Test.dll" adapterTypeName="executor://xunit/VsTestRunner2/netcoreapp" className="ModelRelief.Test.Integration.Cameras.CamerasBaseIntegrationTests" name="Patch_InvalidPropertyNameReturnsBadRequest" /></UnitTest><UnitTest name="Post_CanCreateNewModel" storage="d:\users\steve knipmeyer\documents\github\modelrelief\modelrelief.test\bin\debug\netcoreapp2.0\modelrelief.test.dll" id="983abbd1-6d64-4ef2-aba4-4fc379aa0688"><Execution id="b2aa3974-8324-47b4-be3c-9fcbf0918ea7" /><TestMethod codeBase="D:\Users\Steve Knipmeyer\Documents\GitHub\ModelRelief\ModelRelief.test\bin\Debug\netcoreapp2.0\ModelRelief.Test.dll" adapterTypeName="executor://xunit/VsTestRunner2/netcoreapp" className="ModelRelief.Test.Integration.DepthBuffers.DepthBuffersBaseIntegrationTests" name="Post_CanCreateNewModel" /></UnitTest><UnitTest name="GetSingle_InvalidIdPropertyValueReturnsNotFound" storage="d:\users\steve knipmeyer\documents\github\modelrelief\modelrelief.test\bin\debug\netcoreapp2.0\modelrelief.test.dll" id="bf489894-0193-4e41-abc4-a36d47d12e38"><Execution id="40269559-a056-4102-92fe-84f0dcce6ef3" /><TestMethod codeBase="D:\Users\Steve Knipmeyer\Documents\GitHub\ModelRelief\ModelRelief.test\bin\Debug\netcoreapp2.0\ModelRelief.Test.dll" adapterTypeName="executor://xunit/VsTestRunner2/netcoreapp" className="ModelRelief.Test.Integration.Models.ModelsBaseIntegrationTests" name="GetSingle_InvalidIdPropertyValueReturnsNotFound" /></UnitTest><UnitTest name="Patch_MultipleInvalidReferencePropertiesReturnsMultipleValidationErrorsAndBadRequest" storage="d:\users\steve knipmeyer\documents\github\modelrelief\modelrelief.test\bin\debug\netcoreapp2.0\modelrelief.test.dll" id="c66a2140-4dc6-48d1-afda-50d6ed0d6a02"><Execution id="d02bcf00-c822-4f36-97e2-27fb1545795f" /><TestMethod codeBase="D:\Users\Steve Knipmeyer\Documents\GitHub\ModelRelief\ModelRelief.test\bin\Debug\netcoreapp2.0\ModelRelief.Test.dll" adapterTypeName="executor://xunit/VsTestRunner2/netcoreapp" className="ModelRelief.Test.Integration.Models.ModelsBaseIntegrationTests" name="Patch_MultipleInvalidReferencePropertiesReturnsMultipleValidationErrorsAndBadRequest" /></UnitTest><UnitTest name="Put_CanUpdateModel" storage="d:\users\steve knipmeyer\documents\github\modelrelief\modelrelief.test\bin\debug\netcoreapp2.0\modelrelief.test.dll" id="5b8c9e12-1ac3-4044-a08a-10193019563a"><Execution id="efd61f02-79ed-419f-9b0c-68d98daef72b" /><TestMethod codeBase="D:\Users\Steve Knipmeyer\Documents\GitHub\ModelRelief\ModelRelief.test\bin\Debug\netcoreapp2.0\ModelRelief.Test.dll" adapterTypeName="executor://xunit/VsTestRunner2/netcoreapp" className="ModelRelief.Test.Integration.Cameras.CamerasBaseIntegrationTests" name="Put_CanUpdateModel" /></UnitTest><UnitTest name="Post_ValidReferencePropertyCreatesModel" storage="d:\users\steve knipmeyer\documents\github\modelrelief\modelrelief.test\bin\debug\netcoreapp2.0\modelrelief.test.dll" id="3347b341-851b-42fb-acc2-754e534804f6"><Execution id="0f94336e-41f4-48f4-b081-7db8c6519d6a" /><TestMethod codeBase="D:\Users\Steve Knipmeyer\Documents\GitHub\ModelRelief\ModelRelief.test\bin\Debug\netcoreapp2.0\ModelRelief.Test.dll" adapterTypeName="executor://xunit/VsTestRunner2/netcoreapp" className="ModelRelief.Test.Integration.Meshes.MeshesBaseIntegrationTests" name="Post_ValidReferencePropertyCreatesModel" /></UnitTest><UnitTest name="Put_CanUpdateModel" storage="d:\users\steve knipmeyer\documents\github\modelrelief\modelrelief.test\bin\debug\netcoreapp2.0\modelrelief.test.dll" id="8aeed5d5-bdd0-412f-aeed-f351e2d33ca7"><Execution id="6f0324ec-9ca9-4d29-8262-d8d76b8a17c7" /><TestMethod codeBase="D:\Users\Steve Knipmeyer\Documents\GitHub\ModelRelief\ModelRelief.test\bin\Debug\netcoreapp2.0\ModelRelief.Test.dll" adapterTypeName="executor://xunit/VsTestRunner2/netcoreapp" className="ModelRelief.Test.Integration.DepthBuffers.DepthBuffersBaseIntegrationTests" name="Put_CanUpdateModel" /></UnitTest><UnitTest name="GetFile_NonExistentFileReturnsNotFound" storage="d:\users\steve knipmeyer\documents\github\modelrelief\modelrelief.test\bin\debug\netcoreapp2.0\modelrelief.test.dll" id="35ffd269-a022-46c8-a2dc-5c7967192d17"><Execution id="2316e395-52f5-4386-a73f-0cf752ed01b2" /><TestMethod codeBase="D:\Users\Steve Knipmeyer\Documents\GitHub\ModelRelief\ModelRelief.test\bin\Debug\netcoreapp2.0\ModelRelief.Test.dll" adapterTypeName="executor://xunit/VsTestRunner2/netcoreapp" className="ModelRelief.Test.Integration.Meshes.MeshesFileIntegrationTests" name="GetFile_NonExistentFileReturnsNotFound" /></UnitTest><UnitTest name="Patch_InvalidIdPropertyReturnsNotFound" storage="d:\users\steve knipmeyer\documents\github\modelrelief\modelrelief.test\bin\debug\netcoreapp2.0\modelrelief.test.dll" id="be803a20-0006-44ca-91fc-f59ed464e76a"><Execution id="51122756-eb07-49a1-9fcc-734f4e137f5c" /><TestMethod codeBase="D:\Users\Steve Knipmeyer\Documents\GitHub\ModelRelief\ModelRelief.test\bin\Debug\netcoreapp2.0\ModelRelief.Test.dll" adapterTypeName="executor://xunit/VsTestRunner2/netcoreapp" className="ModelRelief.Test.Integration.Meshes.MeshesBaseIntegrationTests" name="Patch_InvalidIdPropertyReturnsNotFound" /></UnitTest><UnitTest name="FileRequest_MeshIsInvalidatedAfterDepthBufferFileBecomesUnsynchronized" storage="d:\users\steve knipmeyer\documents\github\modelrelief\modelrelief.test\bin\debug\netcoreapp2.0\modelrelief.test.dll" id="ffcb3f8c-e8a8-4076-a856-e4f5b202bbac"><Execution id="74f29286-2f8c-4938-abc4-fa9941903266" /><TestMethod codeBase="D:\Users\Steve Knipmeyer\Documents\GitHub\ModelRelief\ModelRelief.test\bin\Debug\netcoreapp2.0\ModelRelief.Test.dll" adapterTypeName="executor://xunit/VsTestRunner2/netcoreapp" className="ModelRelief.Test.Integration.Meshes.MeshesFileIntegrationTests" name="FileRequest_MeshIsInvalidatedAfterDepthBufferFileBecomesUnsynchronized" /></UnitTest><UnitTest name="Post_ValidReferencePropertyCreatesModel" storage="d:\users\steve knipmeyer\documents\github\modelrelief\modelrelief.test\bin\debug\netcoreapp2.0\modelrelief.test.dll" id="a0460809-e1b8-4516-ac62-f313da5596fb"><Execution id="35de359f-6719-49ef-8031-eacedae1bb5d" /><TestMethod codeBase="D:\Users\Steve Knipmeyer\Documents\GitHub\ModelRelief\ModelRelief.test\bin\Debug\netcoreapp2.0\ModelRelief.Test.dll" adapterTypeName="executor://xunit/VsTestRunner2/netcoreapp" className="ModelRelief.Test.Integration.DepthBuffers.DepthBuffersBaseIntegrationTests" name="Post_ValidReferencePropertyCreatesModel" /></UnitTest><UnitTest name="Patch_InvalidPropertyNameReturnsBadRequest" storage="d:\users\steve knipmeyer\documents\github\modelrelief\modelrelief.test\bin\debug\netcoreapp2.0\modelrelief.test.dll" id="d8c7f5d1-71c0-47a0-8178-eba75f0f018f"><Execution id="0f4ae9a9-bd63-4d7a-9a20-5f7c6c46a69c" /><TestMethod codeBase="D:\Users\Steve Knipmeyer\Documents\GitHub\ModelRelief\ModelRelief.test\bin\Debug\netcoreapp2.0\ModelRelief.Test.dll" adapterTypeName="executor://xunit/VsTestRunner2/netcoreapp" className="ModelRelief.Test.Integration.DepthBuffers.DepthBuffersBaseIntegrationTests" name="Patch_InvalidPropertyNameReturnsBadRequest" /></UnitTest><UnitTest name="Patch_MultipleInvalidReferencePropertiesReturnsMultipleValidationErrorsAndBadRequest" storage="d:\users\steve knipmeyer\documents\github\modelrelief\modelrelief.test\bin\debug\netcoreapp2.0\modelrelief.test.dll" id="c9369eab-39bb-4484-8674-52c987056242"><Execution id="36590b13-5c7f-40fa-b82a-f784d85f617e" /><TestMethod codeBase="D:\Users\Steve Knipmeyer\Documents\GitHub\ModelRelief\ModelRelief.test\bin\Debug\netcoreapp2.0\ModelRelief.Test.dll" adapterTypeName="executor://xunit/VsTestRunner2/netcoreapp" className="ModelRelief.Test.Integration.DepthBuffers.DepthBuffersBaseIntegrationTests" name="Patch_MultipleInvalidReferencePropertiesReturnsMultipleValidationErrorsAndBadRequest" /></UnitTest><UnitTest name="PostFile_NewFileCanBePosted" storage="d:\users\steve knipmeyer\documents\github\modelrelief\modelrelief.test\bin\debug\netcoreapp2.0\modelrelief.test.dll" id="ca03c23a-26b4-4e3c-a45b-0b6ffd268fd6"><Execution id="d6cb0f83-b7f4-40e3-a79e-04d98d6ea5ef" /><TestMethod codeBase="D:\Users\Steve Knipmeyer\Documents\GitHub\ModelRelief\ModelRelief.test\bin\Debug\netcoreapp2.0\ModelRelief.Test.dll" adapterTypeName="executor://xunit/VsTestRunner2/netcoreapp" className="ModelRelief.Test.Integration.Meshes.MeshesFileIntegrationTests" name="PostFile_NewFileCanBePosted" /></UnitTest><UnitTest name="Put_CanUpdateModel" storage="d:\users\steve knipmeyer\documents\github\modelrelief\modelrelief.test\bin\debug\netcoreapp2.0\modelrelief.test.dll" id="0239df8a-26aa-4717-bbb1-eb0f3d2e3f8a"><Execution id="2f8dd21d-0bb2-44b2-bf8d-fdcb7c9b84fb" /><TestMethod codeBase="D:\Users\Steve Knipmeyer\Documents\GitHub\ModelRelief\ModelRelief.test\bin\Debug\netcoreapp2.0\ModelRelief.Test.dll" adapterTypeName="executor://xunit/VsTestRunner2/netcoreapp" className="ModelRelief.Test.Integration.Projects.ProjectsBaseIntegrationTests" name="Put_CanUpdateModel" /></UnitTest><UnitTest name="Model3dHasExpectedDependentFiles" storage="d:\users\steve knipmeyer\documents\github\modelrelief\modelrelief.test\bin\debug\netcoreapp2.0\modelrelief.test.dll" id="0236f941-ba8f-4c90-ad08-0046242a0d0f"><Execution id="c813b0b7-3f2b-4cd2-8893-2b5f8a09959f" /><TestMethod codeBase="D:\Users\Steve Knipmeyer\Documents\GitHub\ModelRelief\ModelRelief.test\bin\Debug\netcoreapp2.0\ModelRelief.Test.dll" adapterTypeName="executor://xunit/VsTestRunner2/netcoreapp" className="ModelRelief.Test.Unit.DependencyManager.DependencyManagerTests" name="Model3dHasExpectedDependentFiles" /></UnitTest><UnitTest name="PutFile_FileCanBeUpdated" storage="d:\users\steve knipmeyer\documents\github\modelrelief\modelrelief.test\bin\debug\netcoreapp2.0\modelrelief.test.dll" id="fa076e67-cdab-45ed-927c-8ac5ddd5d2fa"><Execution id="3b8ef7a0-e200-4b32-b53d-a8e9bd395fc4" /><TestMethod codeBase="D:\Users\Steve Knipmeyer\Documents\GitHub\ModelRelief\ModelRelief.test\bin\Debug\netcoreapp2.0\ModelRelief.Test.dll" adapterTypeName="executor://xunit/VsTestRunner2/netcoreapp" className="ModelRelief.Test.Integration.Models.ModelsFileIntegrationTests" name="PutFile_FileCanBeUpdated" /></UnitTest><UnitTest name="LucyDepthBufferFindsOneDependent" storage="d:\users\steve knipmeyer\documents\github\modelrelief\modelrelief.test\bin\debug\netcoreapp2.0\modelrelief.test.dll" id="febdd6b2-9c30-4b64-9545-98e10df55a29"><Execution id="a17bbdf3-d6b4-45f6-9465-ab16cc9bbcc8" /><TestMethod codeBase="D:\Users\Steve Knipmeyer\Documents\GitHub\ModelRelief\ModelRelief.test\bin\Debug\netcoreapp2.0\ModelRelief.Test.dll" adapterTypeName="executor://xunit/VsTestRunner2/netcoreapp" className="ModelRelief.Test.Unit.DependencyManager.DependencyManagerTests" name="LucyDepthBufferFindsOneDependent" /></UnitTest><UnitTest name="GetFile_ExistingFileReturnsSuccess" storage="d:\users\steve knipmeyer\documents\github\modelrelief\modelrelief.test\bin\debug\netcoreapp2.0\modelrelief.test.dll" id="7c795b79-956c-4cd7-8ce6-9ccb2a592003"><Execution id="a052d5b6-7838-4147-8a42-a632bf0a5dee" /><TestMethod codeBase="D:\Users\Steve Knipmeyer\Documents\GitHub\ModelRelief\ModelRelief.test\bin\Debug\netcoreapp2.0\ModelRelief.Test.dll" adapterTypeName="executor://xunit/VsTestRunner2/netcoreapp" className="ModelRelief.Test.Integration.DepthBuffers.DepthBuffersFileIntegrationTests" name="GetFile_ExistingFileReturnsSuccess" /></UnitTest><UnitTest name="Put_ValidReferencePropertyUpdatesModel" storage="d:\users\steve knipmeyer\documents\github\modelrelief\modelrelief.test\bin\debug\netcoreapp2.0\modelrelief.test.dll" id="fc4eb681-ac0b-4729-a7d4-e491467b62be"><Execution id="f6fe509e-aeef-4b38-a98b-5dd0a5205634" /><TestMethod codeBase="D:\Users\Steve Knipmeyer\Documents\GitHub\ModelRelief\ModelRelief.test\bin\Debug\netcoreapp2.0\ModelRelief.Test.dll" adapterTypeName="executor://xunit/VsTestRunner2/netcoreapp" className="ModelRelief.Test.Integration.Models.ModelsBaseIntegrationTests" name="Put_ValidReferencePropertyUpdatesModel" /></UnitTest><UnitTest name="Patch_InvalidIdPropertyReturnsNotFound" storage="d:\users\steve knipmeyer\documents\github\modelrelief\modelrelief.test\bin\debug\netcoreapp2.0\modelrelief.test.dll" id="26226a11-8edf-4aa3-8315-ab34c307bb91"><Execution id="447c4915-3f39-47aa-9e76-42643d20bb82" /><TestMethod codeBase="D:\Users\Steve Knipmeyer\Documents\GitHub\ModelRelief\ModelRelief.test\bin\Debug\netcoreapp2.0\ModelRelief.Test.dll" adapterTypeName="executor://xunit/VsTestRunner2/netcoreapp" className="ModelRelief.Test.Integration.Projects.ProjectsBaseIntegrationTests" name="Patch_InvalidIdPropertyReturnsNotFound" /></UnitTest><UnitTest name="Put_InvalidIdReturnsNotFound" storage="d:\users\steve knipmeyer\documents\github\modelrelief\modelrelief.test\bin\debug\netcoreapp2.0\modelrelief.test.dll" id="beda7211-fc60-4d76-bde1-721669d7571d"><Execution id="a80dbe8d-8077-4081-801b-f7c924ad7670" /><TestMethod codeBase="D:\Users\Steve Knipmeyer\Documents\GitHub\ModelRelief\ModelRelief.test\bin\Debug\netcoreapp2.0\ModelRelief.Test.dll" adapterTypeName="executor://xunit/VsTestRunner2/netcoreapp" className="ModelRelief.Test.Integration.Cameras.CamerasBaseIntegrationTests" name="Put_InvalidIdReturnsNotFound" /></UnitTest><UnitTest name="GetFile_FileCanBeRoundTripped" storage="d:\users\steve knipmeyer\documents\github\modelrelief\modelrelief.test\bin\debug\netcoreapp2.0\modelrelief.test.dll" id="5cb59a7b-5a67-4b7b-8353-1254feb905ba"><Execution id="7d1c6a0b-477a-4915-9b77-4f5bfee1d992" /><TestMethod codeBase="D:\Users\Steve Knipmeyer\Documents\GitHub\ModelRelief\ModelRelief.test\bin\Debug\netcoreapp2.0\ModelRelief.Test.dll" adapterTypeName="executor://xunit/VsTestRunner2/netcoreapp" className="ModelRelief.Test.Integration.Meshes.MeshesFileIntegrationTests" name="GetFile_FileCanBeRoundTripped" /></UnitTest><UnitTest name="Put_CanUpdateModel" storage="d:\users\steve knipmeyer\documents\github\modelrelief\modelrelief.test\bin\debug\netcoreapp2.0\modelrelief.test.dll" id="5b6aec72-b3f3-4912-8a52-bdcac1fc276c"><Execution id="d2bd6620-02c5-4cb1-a6b0-9b969994f201" /><TestMethod codeBase="D:\Users\Steve Knipmeyer\Documents\GitHub\ModelRelief\ModelRelief.test\bin\Debug\netcoreapp2.0\ModelRelief.Test.dll" adapterTypeName="executor://xunit/VsTestRunner2/netcoreapp" className="ModelRelief.Test.Integration.Models.ModelsBaseIntegrationTests" name="Put_CanUpdateModel" /></UnitTest><UnitTest name="Patch_InvalidReferencePropertyReturnsBadRequest" storage="d:\users\steve knipmeyer\documents\github\modelrelief\modelrelief.test\bin\debug\netcoreapp2.0\modelrelief.test.dll" id="48310de7-15be-4d68-be40-f32f54d3b012"><Execution id="3aa0280a-1c54-45ed-a3a8-99e86f113ed5" /><TestMethod codeBase="D:\Users\Steve Knipmeyer\Documents\GitHub\ModelRelief\ModelRelief.test\bin\Debug\netcoreapp2.0\ModelRelief.Test.dll" adapterTypeName="executor://xunit/VsTestRunner2/netcoreapp" className="ModelRelief.Test.Integration.MeshTransforms.MeshTransformsBaseIntegrationTests" name="Patch_InvalidReferencePropertyReturnsBadRequest" /></UnitTest><UnitTest name="GetSingle_ValidIdPropertyValueReturnsCorrectModel" storage="d:\users\steve knipmeyer\documents\github\modelrelief\modelrelief.test\bin\debug\netcoreapp2.0\modelrelief.test.dll" id="37745f08-c785-46c9-b971-b9c570a88009"><Execution id="d13acf2b-88f2-479d-95ef-75fe4ce2e41d" /><TestMethod codeBase="D:\Users\Steve Knipmeyer\Documents\GitHub\ModelRelief\ModelRelief.test\bin\Debug\netcoreapp2.0\ModelRelief.Test.dll" adapterTypeName="executor://xunit/VsTestRunner2/netcoreapp" className="ModelRelief.Test.Integration.MeshTransforms.MeshTransformsBaseIntegrationTests" name="GetSingle_ValidIdPropertyValueReturnsCorrectModel" /></UnitTest><UnitTest name="PutFile_FileCanBeUpdated" storage="d:\users\steve knipmeyer\documents\github\modelrelief\modelrelief.test\bin\debug\netcoreapp2.0\modelrelief.test.dll" id="42a0887c-65ed-4e62-89f9-045822141e53"><Execution id="bbd39065-cf68-4a26-947a-f0c0b1d52ea9" /><TestMethod codeBase="D:\Users\Steve Knipmeyer\Documents\GitHub\ModelRelief\ModelRelief.test\bin\Debug\netcoreapp2.0\ModelRelief.Test.dll" adapterTypeName="executor://xunit/VsTestRunner2/netcoreapp" className="ModelRelief.Test.Integration.DepthBuffers.DepthBuffersFileIntegrationTests" name="PutFile_FileCanBeUpdated" /></UnitTest><UnitTest name="GetList_ListReturnsCorrectCount" storage="d:\users\steve knipmeyer\documents\github\modelrelief\modelrelief.test\bin\debug\netcoreapp2.0\modelrelief.test.dll" id="34f2b3d2-0f2d-43ba-87f9-b36595585d11"><Execution id="25ccf97a-90fd-4ee9-ab99-cc8b4af33432" /><TestMethod codeBase="D:\Users\Steve Knipmeyer\Documents\GitHub\ModelRelief\ModelRelief.test\bin\Debug\netcoreapp2.0\ModelRelief.Test.dll" adapterTypeName="executor://xunit/VsTestRunner2/netcoreapp" className="ModelRelief.Test.Integration.Meshes.MeshesBaseIntegrationTests" name="GetList_ListReturnsCorrectCount" /></UnitTest><UnitTest name="Patch_InvalidEnumPropertyValueReturnsBadRequest" storage="d:\users\steve knipmeyer\documents\github\modelrelief\modelrelief.test\bin\debug\netcoreapp2.0\modelrelief.test.dll" id="7f649cc2-1a6d-454f-8ead-3bca415dbb29"><Execution id="52c2f4b6-c20f-4512-950e-a57c0a96229d" /><TestMethod codeBase="D:\Users\Steve Knipmeyer\Documents\GitHub\ModelRelief\ModelRelief.test\bin\Debug\netcoreapp2.0\ModelRelief.Test.dll" adapterTypeName="executor://xunit/VsTestRunner2/netcoreapp" className="ModelRelief.Test.Integration.Projects.ProjectsBaseIntegrationTests" name="Patch_InvalidEnumPropertyValueReturnsBadRequest" /></UnitTest><UnitTest name="FileRequest_DepthBufferIsInvalidatedAfterCameraDependencyPropertyChange" storage="d:\users\steve knipmeyer\documents\github\modelrelief\modelrelief.test\bin\debug\netcoreapp2.0\modelrelief.test.dll" id="4a050bbd-f5ce-4d89-924e-a7b65d8b2508"><Execution id="843b12a9-7cc4-4e53-b6ca-a928130b6737" /><TestMethod codeBase="D:\Users\Steve Knipmeyer\Documents\GitHub\ModelRelief\ModelRelief.test\bin\Debug\netcoreapp2.0\ModelRelief.Test.dll" adapterTypeName="executor://xunit/VsTestRunner2/netcoreapp" className="ModelRelief.Test.Integration.DepthBuffers.DepthBuffersFileIntegrationTests" name="FileRequest_DepthBufferIsInvalidatedAfterCameraDependencyPropertyChange" /></UnitTest><UnitTest name="Put_ValidReferencePropertyUpdatesModel" storage="d:\users\steve knipmeyer\documents\github\modelrelief\modelrelief.test\bin\debug\netcoreapp2.0\modelrelief.test.dll" id="5faa52b3-4f6d-46c6-974c-1fe3a520299e"><Execution id="7dce83b4-9454-48b0-b805-d1728fba21b8" /><TestMethod codeBase="D:\Users\Steve Knipmeyer\Documents\GitHub\ModelRelief\ModelRelief.test\bin\Debug\netcoreapp2.0\ModelRelief.Test.dll" adapterTypeName="executor://xunit/VsTestRunner2/netcoreapp" className="ModelRelief.Test.Integration.MeshTransforms.MeshTransformsBaseIntegrationTests" name="Put_ValidReferencePropertyUpdatesModel" /></UnitTest><UnitTest name="Patch_ValidReferencePropertyUpdatesModel" storage="d:\users\steve knipmeyer\documents\github\modelrelief\modelrelief.test\bin\debug\netcoreapp2.0\modelrelief.test.dll" id="a17d2cd5-8874-453c-81b7-a0564a11dd0d"><Execution id="fd7c78d3-d900-4a85-a8ff-77358932d7bd" /><TestMethod codeBase="D:\Users\Steve Knipmeyer\Documents\GitHub\ModelRelief\ModelRelief.test\bin\Debug\netcoreapp2.0\ModelRelief.Test.dll" adapterTypeName="executor://xunit/VsTestRunner2/netcoreapp" className="ModelRelief.Test.Integration.DepthBuffers.DepthBuffersBaseIntegrationTests" name="Patch_ValidReferencePropertyUpdatesModel" /></UnitTest><UnitTest name="Put_InvalidReferencePropertyReturndBadRequest" storage="d:\users\steve knipmeyer\documents\github\modelrelief\modelrelief.test\bin\debug\netcoreapp2.0\modelrelief.test.dll" id="57d67c5e-4dcd-46e0-a0e4-01c7391eb54e"><Execution id="3bfd8999-b497-4fc2-87f3-0633a7279f55" /><TestMethod codeBase="D:\Users\Steve Knipmeyer\Documents\GitHub\ModelRelief\ModelRelief.test\bin\Debug\netcoreapp2.0\ModelRelief.Test.dll" adapterTypeName="executor://xunit/VsTestRunner2/netcoreapp" className="ModelRelief.Test.Integration.Cameras.CamerasBaseIntegrationTests" name="Put_InvalidReferencePropertyReturndBadRequest" /></UnitTest><UnitTest name="Patch_InvalidIdPropertyReturnsNotFound" storage="d:\users\steve knipmeyer\documents\github\modelrelief\modelrelief.test\bin\debug\netcoreapp2.0\modelrelief.test.dll" id="06157cfd-407c-4dd2-a7ef-268768443b4c"><Execution id="507927af-7b37-450f-b1b7-21123a41d6b1" /><TestMethod codeBase="D:\Users\Steve Knipmeyer\Documents\GitHub\ModelRelief\ModelRelief.test\bin\Debug\netcoreapp2.0\ModelRelief.Test.dll" adapterTypeName="executor://xunit/VsTestRunner2/netcoreapp" className="ModelRelief.Test.Integration.Cameras.CamerasBaseIntegrationTests" name="Patch_InvalidIdPropertyReturnsNotFound" /></UnitTest><UnitTest name="Patch_InvalidEnumPropertyValueReturnsBadRequest" storage="d:\users\steve knipmeyer\documents\github\modelrelief\modelrelief.test\bin\debug\netcoreapp2.0\modelrelief.test.dll" id="c05ffb24-deec-4360-83ed-41054a71216c"><Execution id="dee1b1fb-b678-422c-8433-dd80f936c11a" /><TestMethod codeBase="D:\Users\Steve Knipmeyer\Documents\GitHub\ModelRelief\ModelRelief.test\bin\Debug\netcoreapp2.0\ModelRelief.Test.dll" adapterTypeName="executor://xunit/VsTestRunner2/netcoreapp" className="ModelRelief.Test.Integration.DepthBuffers.DepthBuffersBaseIntegrationTests" name="Patch_InvalidEnumPropertyValueReturnsBadRequest" /></UnitTest><UnitTest name="Patch_InvalidReferencePropertyReturnsBadRequest" storage="d:\users\steve knipmeyer\documents\github\modelrelief\modelrelief.test\bin\debug\netcoreapp2.0\modelrelief.test.dll" id="9b1b8952-9354-4f5b-8c79-76be5763cdb2"><Execution id="7618dbfe-0e77-4cfe-858a-466b40673c27" /><TestMethod codeBase="D:\Users\Steve Knipmeyer\Documents\GitHub\ModelRelief\ModelRelief.test\bin\Debug\netcoreapp2.0\ModelRelief.Test.dll" adapterTypeName="executor://xunit/VsTestRunner2/netcoreapp" className="ModelRelief.Test.Integration.Cameras.CamerasBaseIntegrationTests" name="Patch_InvalidReferencePropertyReturnsBadRequest" /></UnitTest><UnitTest name="Patch_ValidReferencePropertyUpdatesModel" storage="d:\users\steve knipmeyer\documents\github\modelrelief\modelrelief.test\bin\debug\netcoreapp2.0\modelrelief.test.dll" id="56ef9c14-c9ec-493c-9dbf-b2ef829eff5a"><Execution id="862199fb-f4fb-43c0-9b93-0b4c6b802020" /><TestMethod codeBase="D:\Users\Steve Knipmeyer\Documents\GitHub\ModelRelief\ModelRelief.test\bin\Debug\netcoreapp2.0\ModelRelief.Test.dll" adapterTypeName="executor://xunit/VsTestRunner2/netcoreapp" className="ModelRelief.Test.Integration.Meshes.MeshesBaseIntegrationTests" name="Patch_ValidReferencePropertyUpdatesModel" /></UnitTest><UnitTest name="Patch_InvalidPropertyNameReturnsBadRequest" storage="d:\users\steve knipmeyer\documents\github\modelrelief\modelrelief.test\bin\debug\netcoreapp2.0\modelrelief.test.dll" id="d87492e3-7b86-47f1-9d90-eb851458180c"><Execution id="66aa7122-32c0-42bb-b308-14f409331004" /><TestMethod codeBase="D:\Users\Steve Knipmeyer\Documents\GitHub\ModelRelief\ModelRelief.test\bin\Debug\netcoreapp2.0\ModelRelief.Test.dll" adapterTypeName="executor://xunit/VsTestRunner2/netcoreapp" className="ModelRelief.Test.Integration.Models.ModelsBaseIntegrationTests" name="Patch_InvalidPropertyNameReturnsBadRequest" /></UnitTest><UnitTest name="Patch_InvalidReferencePropertyReturnsBadRequest" storage="d:\users\steve knipmeyer\documents\github\modelrelief\modelrelief.test\bin\debug\netcoreapp2.0\modelrelief.test.dll" id="142efe30-425b-44e7-a1ef-04ae99f2de3c"><Execution id="56440ab4-b312-417e-a724-af107f094802" /><TestMethod codeBase="D:\Users\Steve Knipmeyer\Documents\GitHub\ModelRelief\ModelRelief.test\bin\Debug\netcoreapp2.0\ModelRelief.Test.dll" adapterTypeName="executor://xunit/VsTestRunner2/netcoreapp" className="ModelRelief.Test.Integration.Models.ModelsBaseIntegrationTests" name="Patch_InvalidReferencePropertyReturnsBadRequest" /></UnitTest><UnitTest name="Delete_TargetModelIsDeleted" storage="d:\users\steve knipmeyer\documents\github\modelrelief\modelrelief.test\bin\debug\netcoreapp2.0\modelrelief.test.dll" id="62fef124-b15b-4cfd-a659-3f647f5993a2"><Execution id="2a8e5d69-d5db-4101-a1d2-2b1260b82b71" /><TestMethod codeBase="D:\Users\Steve Knipmeyer\Documents\GitHub\ModelRelief\ModelRelief.test\bin\Debug\netcoreapp2.0\ModelRelief.Test.dll" adapterTypeName="executor://xunit/VsTestRunner2/netcoreapp" className="ModelRelief.Test.Integration.Meshes.MeshesBaseIntegrationTests" name="Delete_TargetModelIsDeleted" /></UnitTest><UnitTest name="Patch_InvalidPropertyNameReturnsBadRequest" storage="d:\users\steve knipmeyer\documents\github\modelrelief\modelrelief.test\bin\debug\netcoreapp2.0\modelrelief.test.dll" id="2bcc1c6d-b707-485f-9263-7d5f665fc179"><Execution id="70670b9a-0410-419a-8ed9-9f0b858bd93b" /><TestMethod codeBase="D:\Users\Steve Knipmeyer\Documents\GitHub\ModelRelief\ModelRelief.test\bin\Debug\netcoreapp2.0\ModelRelief.Test.dll" adapterTypeName="executor://xunit/VsTestRunner2/netcoreapp" className="ModelRelief.Test.Integration.MeshTransforms.MeshTransformsBaseIntegrationTests" name="Patch_InvalidPropertyNameReturnsBadRequest" /></UnitTest><UnitTest name="Patch_InvalidEnumPropertyValueReturnsBadRequest" storage="d:\users\steve knipmeyer\documents\github\modelrelief\modelrelief.test\bin\debug\netcoreapp2.0\modelrelief.test.dll" id="4f180168-a799-469c-bece-ef9e90e03cc7"><Execution id="54bff384-a00f-4e17-ac87-cc46aae78c60" /><TestMethod codeBase="D:\Users\Steve Knipmeyer\Documents\GitHub\ModelRelief\ModelRelief.test\bin\Debug\netcoreapp2.0\ModelRelief.Test.dll" adapterTypeName="executor://xunit/VsTestRunner2/netcoreapp" className="ModelRelief.Test.Integration.Meshes.MeshesBaseIntegrationTests" name="Patch_InvalidEnumPropertyValueReturnsBadRequest" /></UnitTest><UnitTest name="Put_CanUpdateModel" storage="d:\users\steve knipmeyer\documents\github\modelrelief\modelrelief.test\bin\debug\netcoreapp2.0\modelrelief.test.dll" id="469018a0-00b5-4d7d-b89d-b10ee73eb12d"><Execution id="45a5f970-41a6-45fd-bd95-238497aaa63c" /><TestMethod codeBase="D:\Users\Steve Knipmeyer\Documents\GitHub\ModelRelief\ModelRelief.test\bin\Debug\netcoreapp2.0\ModelRelief.Test.dll" adapterTypeName="executor://xunit/VsTestRunner2/netcoreapp" className="ModelRelief.Test.Integration.MeshTransforms.MeshTransformsBaseIntegrationTests" name="Put_CanUpdateModel" /></UnitTest><UnitTest name="Put_InvalidReferencePropertyReturndBadRequest" storage="d:\users\steve knipmeyer\documents\github\modelrelief\modelrelief.test\bin\debug\netcoreapp2.0\modelrelief.test.dll" id="23be93c7-c4f2-4aca-af3c-bd369e8f087e"><Execution id="d363027e-f856-4612-a36f-7787136819a1" /><TestMethod codeBase="D:\Users\Steve Knipmeyer\Documents\GitHub\ModelRelief\ModelRelief.test\bin\Debug\netcoreapp2.0\ModelRelief.Test.dll" adapterTypeName="executor://xunit/VsTestRunner2/netcoreapp" className="ModelRelief.Test.Integration.DepthBuffers.DepthBuffersBaseIntegrationTests" name="Put_InvalidReferencePropertyReturndBadRequest" /></UnitTest><UnitTest name="Patch_InvalidReferencePropertyReturnsBadRequest" storage="d:\users\steve knipmeyer\documents\github\modelrelief\modelrelief.test\bin\debug\netcoreapp2.0\modelrelief.test.dll" id="d0b2239d-b99a-4440-a6f3-c7c1221fffd4"><Execution id="0baf01f7-492b-4793-a3ea-0eba13761f39" /><TestMethod codeBase="D:\Users\Steve Knipmeyer\Documents\GitHub\ModelRelief\ModelRelief.test\bin\Debug\netcoreapp2.0\ModelRelief.Test.dll" adapterTypeName="executor://xunit/VsTestRunner2/netcoreapp" className="ModelRelief.Test.Integration.Projects.ProjectsBaseIntegrationTests" name="Patch_InvalidReferencePropertyReturnsBadRequest" /></UnitTest><UnitTest name="Put_InvalidIdReturnsNotFound" storage="d:\users\steve knipmeyer\documents\github\modelrelief\modelrelief.test\bin\debug\netcoreapp2.0\modelrelief.test.dll" id="12741da3-bd60-4aaa-9405-648a2e068936"><Execution id="a3c29e4d-6e0c-4c28-b983-650c84fbe6b2" /><TestMethod codeBase="D:\Users\Steve Knipmeyer\Documents\GitHub\ModelRelief\ModelRelief.test\bin\Debug\netcoreapp2.0\ModelRelief.Test.dll" adapterTypeName="executor://xunit/VsTestRunner2/netcoreapp" className="ModelRelief.Test.Integration.Models.ModelsBaseIntegrationTests" name="Put_InvalidIdReturnsNotFound" /></UnitTest><UnitTest name="FileRequest_MeshGenerateSetsFileIsSynchronized" storage="d:\users\steve knipmeyer\documents\github\modelrelief\modelrelief.test\bin\debug\netcoreapp2.0\modelrelief.test.dll" id="1ce5bd1a-2e18-428b-89f9-b8f89f003fd3"><Execution id="2cfcbc78-307d-4b64-a4ee-e5c2cc41da44" /><TestMethod codeBase="D:\Users\Steve Knipmeyer\Documents\GitHub\ModelRelief\ModelRelief.test\bin\Debug\netcoreapp2.0\ModelRelief.Test.dll" adapterTypeName="executor://xunit/VsTestRunner2/netcoreapp" className="ModelRelief.Test.Integration.Meshes.MeshesFileIntegrationTests" name="FileRequest_MeshGenerateSetsFileIsSynchronized" /></UnitTest><UnitTest name="GetList_ListReturnsCorrectCount" storage="d:\users\steve knipmeyer\documents\github\modelrelief\modelrelief.test\bin\debug\netcoreapp2.0\modelrelief.test.dll" id="bd88b736-aa56-4e1d-9445-dc5dcbce1eef"><Execution id="01c8a9eb-c79e-4841-a104-c13cc2d95eae" /><TestMethod codeBase="D:\Users\Steve Knipmeyer\Documents\GitHub\ModelRelief\ModelRelief.test\bin\Debug\netcoreapp2.0\ModelRelief.Test.dll" adapterTypeName="executor://xunit/VsTestRunner2/netcoreapp" className="ModelRelief.Test.Integration.MeshTransforms.MeshTransformsBaseIntegrationTests" name="GetList_ListReturnsCorrectCount" /></UnitTest><UnitTest name="Patch_InvalidEnumPropertyValueReturnsBadRequest" storage="d:\users\steve knipmeyer\documents\github\modelrelief\modelrelief.test\bin\debug\netcoreapp2.0\modelrelief.test.dll" id="b539cf74-5705-48ea-81c2-f3547e21d180"><Execution id="b35cae52-4426-4773-8fbd-80f95c4c0ad0" /><TestMethod codeBase="D:\Users\Steve Knipmeyer\Documents\GitHub\ModelRelief\ModelRelief.test\bin\Debug\netcoreapp2.0\ModelRelief.Test.dll" adapterTypeName="executor://xunit/VsTestRunner2/netcoreapp" className="ModelRelief.Test.Integration.Models.ModelsBaseIntegrationTests" name="Patch_InvalidEnumPropertyValueReturnsBadRequest" /></UnitTest><UnitTest name="Delete_TargetModelIsDeleted" storage="d:\users\steve knipmeyer\documents\github\modelrelief\modelrelief.test\bin\debug\netcoreapp2.0\modelrelief.test.dll" id="02789998-7656-41b0-bc9e-b1a60f5fbc69"><Execution id="5ef04cc7-ecbc-416c-a409-b9abddcfb21a" /><TestMethod codeBase="D:\Users\Steve Knipmeyer\Documents\GitHub\ModelRelief\ModelRelief.test\bin\Debug\netcoreapp2.0\ModelRelief.Test.dll" adapterTypeName="executor://xunit/VsTestRunner2/netcoreapp" className="ModelRelief.Test.Integration.DepthBuffers.DepthBuffersBaseIntegrationTests" name="Delete_TargetModelIsDeleted" /></UnitTest><UnitTest name="Post_InvalidPropertyValueReturnsBadRequest" storage="d:\users\steve knipmeyer\documents\github\modelrelief\modelrelief.test\bin\debug\netcoreapp2.0\modelrelief.test.dll" id="602291b5-90de-43e8-9a06-281d2d4eba14"><Execution id="a20a15b4-51b5-46b6-8287-36cb9dd40e88" /><TestMethod codeBase="D:\Users\Steve Knipmeyer\Documents\GitHub\ModelRelief\ModelRelief.test\bin\Debug\netcoreapp2.0\ModelRelief.Test.dll" adapterTypeName="executor://xunit/VsTestRunner2/netcoreapp" className="ModelRelief.Test.Integration.Projects.ProjectsBaseIntegrationTests" name="Post_InvalidPropertyValueReturnsBadRequest" /></UnitTest><UnitTest name="PostFile_FileTimeStampIsUpdatedAfterFileIsPosted" storage="d:\users\steve knipmeyer\documents\github\modelrelief\modelrelief.test\bin\debug\netcoreapp2.0\modelrelief.test.dll" id="b315a46a-2be0-4c72-94c6-cf692ea6c822"><Execution id="22fec336-2322-4863-a264-435ad9f7fbf0" /><TestMethod codeBase="D:\Users\Steve Knipmeyer\Documents\GitHub\ModelRelief\ModelRelief.test\bin\Debug\netcoreapp2.0\ModelRelief.Test.dll" adapterTypeName="executor://xunit/VsTestRunner2/netcoreapp" className="ModelRelief.Test.Integration.Models.ModelsFileIntegrationTests" name="PostFile_FileTimeStampIsUpdatedAfterFileIsPosted" /></UnitTest><UnitTest name="Patch_ValidReferencePropertyUpdatesModel" storage="d:\users\steve knipmeyer\documents\github\modelrelief\modelrelief.test\bin\debug\netcoreapp2.0\modelrelief.test.dll" id="936a0745-3bf1-4da4-9309-fa8d8e1532a4"><Execution id="ca4ab6e9-1d88-4cef-a6bf-6037b981d190" /><TestMethod codeBase="D:\Users\Steve Knipmeyer\Documents\GitHub\ModelRelief\ModelRelief.test\bin\Debug\netcoreapp2.0\ModelRelief.Test.dll" adapterTypeName="executor://xunit/VsTestRunner2/netcoreapp" className="ModelRelief.Test.Integration.Cameras.CamerasBaseIntegrationTests" name="Patch_ValidReferencePropertyUpdatesModel" /></UnitTest><UnitTest name="PutFile_FileCanBeUpdated" storage="d:\users\steve knipmeyer\documents\github\modelrelief\modelrelief.test\bin\debug\netcoreapp2.0\modelrelief.test.dll" id="70ff6740-ea31-48d7-8abf-5c6fb8339458"><Execution id="571ee221-c014-4614-8a68-f207918dbee1" /><TestMethod codeBase="D:\Users\Steve Knipmeyer\Documents\GitHub\ModelRelief\ModelRelief.test\bin\Debug\netcoreapp2.0\ModelRelief.Test.dll" adapterTypeName="executor://xunit/VsTestRunner2/netcoreapp" className="ModelRelief.Test.Integration.Meshes.MeshesFileIntegrationTests" name="PutFile_FileCanBeUpdated" /></UnitTest><UnitTest name="Put_CanUpdateModel" storage="d:\users\steve knipmeyer\documents\github\modelrelief\modelrelief.test\bin\debug\netcoreapp2.0\modelrelief.test.dll" id="a0f9e81f-3d60-440e-83df-1a7da9bfc95f"><Execution id="1e9ec0e9-3b37-4380-b36d-da8053c18427" /><TestMethod codeBase="D:\Users\Steve Knipmeyer\Documents\GitHub\ModelRelief\ModelRelief.test\bin\Debug\netcoreapp2.0\ModelRelief.Test.dll" adapterTypeName="executor://xunit/VsTestRunner2/netcoreapp" className="ModelRelief.Test.Integration.Meshes.MeshesBaseIntegrationTests" name="Put_CanUpdateModel" /></UnitTest><UnitTest name="Post_InvalidReferencePropertyReturnsBadRequest" storage="d:\users\steve knipmeyer\documents\github\modelrelief\modelrelief.test\bin\debug\netcoreapp2.0\modelrelief.test.dll" id="a4c22127-595a-47d7-a90a-32cf68d2a49b"><Execution id="5fbc9267-3a7f-4f96-bed0-7cdb10972cf9" /><TestMethod codeBase="D:\Users\Steve Knipmeyer\Documents\GitHub\ModelRelief\ModelRelief.test\bin\Debug\netcoreapp2.0\ModelRelief.Test.dll" adapterTypeName="executor://xunit/VsTestRunner2/netcoreapp" className="ModelRelief.Test.Integration.MeshTransforms.MeshTransformsBaseIntegrationTests" name="Post_InvalidReferencePropertyReturnsBadRequest" /></UnitTest><UnitTest name="Post_InvalidReferencePropertyReturnsBadRequest" storage="d:\users\steve knipmeyer\documents\github\modelrelief\modelrelief.test\bin\debug\netcoreapp2.0\modelrelief.test.dll" id="616362df-4379-4d10-8132-7db6ce445e72"><Execution id="0f61e465-cd83-4260-a71d-92d4d828d308" /><TestMethod codeBase="D:\Users\Steve Knipmeyer\Documents\GitHub\ModelRelief\ModelRelief.test\bin\Debug\netcoreapp2.0\ModelRelief.Test.dll" adapterTypeName="executor://xunit/VsTestRunner2/netcoreapp" className="ModelRelief.Test.Integration.DepthBuffers.DepthBuffersBaseIntegrationTests" name="Post_InvalidReferencePropertyReturnsBadRequest" /></UnitTest><UnitTest name="Put_InvalidIdReturnsNotFound" storage="d:\users\steve knipmeyer\documents\github\modelrelief\modelrelief.test\bin\debug\netcoreapp2.0\modelrelief.test.dll" id="b4cc32e3-a7c8-469f-bf99-ab40a24c3e60"><Execution id="407405f3-80b2-4274-90a7-c00bfd143d13" /><TestMethod codeBase="D:\Users\Steve Knipmeyer\Documents\GitHub\ModelRelief\ModelRelief.test\bin\Debug\netcoreapp2.0\ModelRelief.Test.dll" adapterTypeName="executor://xunit/VsTestRunner2/netcoreapp" className="ModelRelief.Test.Integration.Meshes.MeshesBaseIntegrationTests" name="Put_InvalidIdReturnsNotFound" /></UnitTest><UnitTest name="Patch_TargetPropertyIsUpdated" storage="d:\users\steve knipmeyer\documents\github\modelrelief\modelrelief.test\bin\debug\netcoreapp2.0\modelrelief.test.dll" id="30b807c7-276a-4bcb-97c7-ded4814141b4"><Execution id="499b5ceb-6bc4-49a8-bfe7-a441adf59207" /><TestMethod codeBase="D:\Users\Steve Knipmeyer\Documents\GitHub\ModelRelief\ModelRelief.test\bin\Debug\netcoreapp2.0\ModelRelief.Test.dll" adapterTypeName="executor://xunit/VsTestRunner2/netcoreapp" className="ModelRelief.Test.Integration.Meshes.MeshesBaseIntegrationTests" name="Patch_TargetPropertyIsUpdated" /></UnitTest><UnitTest name="Patch_TargetPropertyIsUpdated" storage="d:\users\steve knipmeyer\documents\github\modelrelief\modelrelief.test\bin\debug\netcoreapp2.0\modelrelief.test.dll" id="88880355-ec10-4ac7-a06a-cfe011731b0d"><Execution id="ce05dd6b-fbd5-4e7e-8439-af5f8a34f4a6" /><TestMethod codeBase="D:\Users\Steve Knipmeyer\Documents\GitHub\ModelRelief\ModelRelief.test\bin\Debug\netcoreapp2.0\ModelRelief.Test.dll" adapterTypeName="executor://xunit/VsTestRunner2/netcoreapp" className="ModelRelief.Test.Integration.Cameras.CamerasBaseIntegrationTests" name="Patch_TargetPropertyIsUpdated" /></UnitTest><UnitTest name="LucyModel3dHasTwoDependents" storage="d:\users\steve knipmeyer\documents\github\modelrelief\modelrelief.test\bin\debug\netcoreapp2.0\modelrelief.test.dll" id="df1326f0-8bfc-47cb-8626-524b0af0a5f0"><Execution id="1c1ff774-dc3f-47ea-9111-3d4e94594689" /><TestMethod codeBase="D:\Users\Steve Knipmeyer\Documents\GitHub\ModelRelief\ModelRelief.test\bin\Debug\netcoreapp2.0\ModelRelief.Test.dll" adapterTypeName="executor://xunit/VsTestRunner2/netcoreapp" className="ModelRelief.Test.Unit.DependencyManager.DependencyManagerTests" name="LucyModel3dHasTwoDependents" /></UnitTest><UnitTest name="Post_InvalidPropertyValueReturnsBadRequest" storage="d:\users\steve knipmeyer\documents\github\modelrelief\modelrelief.test\bin\debug\netcoreapp2.0\modelrelief.test.dll" id="ccadb377-97d7-47ff-8072-cd504d9d2a2b"><Execution id="35cf86b6-be50-4bf2-89b6-5197dc84dad5" /><TestMethod codeBase="D:\Users\Steve Knipmeyer\Documents\GitHub\ModelRelief\ModelRelief.test\bin\Debug\netcoreapp2.0\ModelRelief.Test.dll" adapterTypeName="executor://xunit/VsTestRunner2/netcoreapp" className="ModelRelief.Test.Integration.Models.ModelsBaseIntegrationTests" name="Post_InvalidPropertyValueReturnsBadRequest" /></UnitTest><UnitTest name="GetFile_FileCanBeRoundTripped" storage="d:\users\steve knipmeyer\documents\github\modelrelief\modelrelief.test\bin\debug\netcoreapp2.0\modelrelief.test.dll" id="97c522eb-be8a-4b56-9bcf-db79dd635d15"><Execution id="0da7b0b1-637a-4bd5-a47f-058fbfeed34d" /><TestMethod codeBase="D:\Users\Steve Knipmeyer\Documents\GitHub\ModelRelief\ModelRelief.test\bin\Debug\netcoreapp2.0\ModelRelief.Test.dll" adapterTypeName="executor://xunit/VsTestRunner2/netcoreapp" className="ModelRelief.Test.Integration.Models.ModelsFileIntegrationTests" name="GetFile_FileCanBeRoundTripped" /></UnitTest><UnitTest name="Patch_ValidReferencePropertyUpdatesModel" storage="d:\users\steve knipmeyer\documents\github\modelrelief\modelrelief.test\bin\debug\netcoreapp2.0\modelrelief.test.dll" id="585ba3fd-73d7-4657-87ca-5a4d96e7e2db"><Execution id="9ea3d597-bd66-45cc-b704-5d3eb1c8d57e" /><TestMethod codeBase="D:\Users\Steve Knipmeyer\Documents\GitHub\ModelRelief\ModelRelief.test\bin\Debug\netcoreapp2.0\ModelRelief.Test.dll" adapterTypeName="executor://xunit/VsTestRunner2/netcoreapp" className="ModelRelief.Test.Integration.MeshTransforms.MeshTransformsBaseIntegrationTests" name="Patch_ValidReferencePropertyUpdatesModel" /></UnitTest><UnitTest name="GetFile_FileCanBeRoundTripped" storage="d:\users\steve knipmeyer\documents\github\modelrelief\modelrelief.test\bin\debug\netcoreapp2.0\modelrelief.test.dll" id="5a1e077c-e68c-408b-94e4-44ab9f3f2c11"><Execution id="446f209a-cc6c-44af-a0c9-fe53b54111dc" /><TestMethod codeBase="D:\Users\Steve Knipmeyer\Documents\GitHub\ModelRelief\ModelRelief.test\bin\Debug\netcoreapp2.0\ModelRelief.Test.dll" adapterTypeName="executor://xunit/VsTestRunner2/netcoreapp" className="ModelRelief.Test.Integration.DepthBuffers.DepthBuffersFileIntegrationTests" name="GetFile_FileCanBeRoundTripped" /></UnitTest><UnitTest name="Post_InvalidPropertyValueReturnsBadRequest" storage="d:\users\steve knipmeyer\documents\github\modelrelief\modelrelief.test\bin\debug\netcoreapp2.0\modelrelief.test.dll" id="96cdef2a-e1fa-404f-ac17-5d21a54a1679"><Execution id="9768a2bd-4cf5-4244-b6f6-3718cb32bdd2" /><TestMethod codeBase="D:\Users\Steve Knipmeyer\Documents\GitHub\ModelRelief\ModelRelief.test\bin\Debug\netcoreapp2.0\ModelRelief.Test.dll" adapterTypeName="executor://xunit/VsTestRunner2/netcoreapp" className="ModelRelief.Test.Integration.DepthBuffers.DepthBuffersBaseIntegrationTests" name="Post_InvalidPropertyValueReturnsBadRequest" /></UnitTest><UnitTest name="Post_ValidReferencePropertyCreatesModel" storage="d:\users\steve knipmeyer\documents\github\modelrelief\modelrelief.test\bin\debug\netcoreapp2.0\modelrelief.test.dll" id="2c8c1a59-eefb-4c20-b3de-357c3f18898f"><Execution id="eb217123-ee9f-4b3f-b2a3-0768c79d9048" /><TestMethod codeBase="D:\Users\Steve Knipmeyer\Documents\GitHub\ModelRelief\ModelRelief.test\bin\Debug\netcoreapp2.0\ModelRelief.Test.dll" adapterTypeName="executor://xunit/VsTestRunner2/netcoreapp" className="ModelRelief.Test.Integration.Projects.ProjectsBaseIntegrationTests" name="Post_ValidReferencePropertyCreatesModel" /></UnitTest><UnitTest name="GetSingle_ValidIdPropertyValueReturnsCorrectModel" storage="d:\users\steve knipmeyer\documents\github\modelrelief\modelrelief.test\bin\debug\netcoreapp2.0\modelrelief.test.dll" id="e5e25f7c-1019-4db1-ac0c-4a5d037ef160"><Execution id="ce8a63e4-5d13-4422-8b32-fce6d43958e5" /><TestMethod codeBase="D:\Users\Steve Knipmeyer\Documents\GitHub\ModelRelief\ModelRelief.test\bin\Debug\netcoreapp2.0\ModelRelief.Test.dll" adapterTypeName="executor://xunit/VsTestRunner2/netcoreapp" className="ModelRelief.Test.Integration.Cameras.CamerasBaseIntegrationTests" name="GetSingle_ValidIdPropertyValueReturnsCorrectModel" /></UnitTest><UnitTest name="PostFile_FileIsSynchronizedIsUpdatedAfterFileIsPosted" storage="d:\users\steve knipmeyer\documents\github\modelrelief\modelrelief.test\bin\debug\netcoreapp2.0\modelrelief.test.dll" id="54f2f360-e495-4efd-84c8-36db455fad69"><Execution id="0f8cecfe-5c48-4d49-923a-eff7c113f610" /><TestMethod codeBase="D:\Users\Steve Knipmeyer\Documents\GitHub\ModelRelief\ModelRelief.test\bin\Debug\netcoreapp2.0\ModelRelief.Test.dll" adapterTypeName="executor://xunit/VsTestRunner2/netcoreapp" className="ModelRelief.Test.Integration.Meshes.MeshesFileIntegrationTests" name="PostFile_FileIsSynchronizedIsUpdatedAfterFileIsPosted" /></UnitTest><UnitTest name="GetList_ListReturnsCorrectCount" storage="d:\users\steve knipmeyer\documents\github\modelrelief\modelrelief.test\bin\debug\netcoreapp2.0\modelrelief.test.dll" id="301919f2-7dd2-491e-9f97-36fc28f440e1"><Execution id="209b0bac-9edc-45a5-aeff-3a0dec6e5af4" /><TestMethod codeBase="D:\Users\Steve Knipmeyer\Documents\GitHub\ModelRelief\ModelRelief.test\bin\Debug\netcoreapp2.0\ModelRelief.Test.dll" adapterTypeName="executor://xunit/VsTestRunner2/netcoreapp" className="ModelRelief.Test.Integration.Cameras.CamerasBaseIntegrationTests" name="GetList_ListReturnsCorrectCount" /></UnitTest><UnitTest name="PostFile_NewFileCanBePosted" storage="d:\users\steve knipmeyer\documents\github\modelrelief\modelrelief.test\bin\debug\netcoreapp2.0\modelrelief.test.dll" id="b202ba96-0710-464b-8472-36c92dfae1a1"><Execution id="2301ee5b-0c8a-46a1-8655-34346f5b9b0e" /><TestMethod codeBase="D:\Users\Steve Knipmeyer\Documents\GitHub\ModelRelief\ModelRelief.test\bin\Debug\netcoreapp2.0\ModelRelief.Test.dll" adapterTypeName="executor://xunit/VsTestRunner2/netcoreapp" className="ModelRelief.Test.Integration.Models.ModelsFileIntegrationTests" name="PostFile_NewFileCanBePosted" /></UnitTest><UnitTest name="Delete_TargetModelIsDeleted" storage="d:\users\steve knipmeyer\documents\github\modelrelief\modelrelief.test\bin\debug\netcoreapp2.0\modelrelief.test.dll" id="99b0462f-b9fb-42b1-8743-29b70976e03d"><Execution id="fdb44e82-8c7c-474a-943c-0af08c32ce35" /><TestMethod codeBase="D:\Users\Steve Knipmeyer\Documents\GitHub\ModelRelief\ModelRelief.test\bin\Debug\netcoreapp2.0\ModelRelief.Test.dll" adapterTypeName="executor://xunit/VsTestRunner2/netcoreapp" className="ModelRelief.Test.Integration.Cameras.CamerasBaseIntegrationTests" name="Delete_TargetModelIsDeleted" /></UnitTest><UnitTest name="CameraHasExpectedDependentFiles" storage="d:\users\steve knipmeyer\documents\github\modelrelief\modelrelief.test\bin\debug\netcoreapp2.0\modelrelief.test.dll" id="a2a8ce33-119b-442c-931a-ff935a9a16cd"><Execution id="fb0844a4-3bc2-4c64-ae35-f1eb360ee313" /><TestMethod codeBase="D:\Users\Steve Knipmeyer\Documents\GitHub\ModelRelief\ModelRelief.test\bin\Debug\netcoreapp2.0\ModelRelief.Test.dll" adapterTypeName="executor://xunit/VsTestRunner2/netcoreapp" className="ModelRelief.Test.Unit.DependencyManager.DependencyManagerTests" name="CameraHasExpectedDependentFiles" /></UnitTest><UnitTest name="Put_ValidReferencePropertyUpdatesModel" storage="d:\users\steve knipmeyer\documents\github\modelrelief\modelrelief.test\bin\debug\netcoreapp2.0\modelrelief.test.dll" id="8b72dbc8-f9e8-477b-8229-39e7c8d227d6"><Execution id="7a66531a-bcc3-45e8-a1e6-1d0f56c44f93" /><TestMethod codeBase="D:\Users\Steve Knipmeyer\Documents\GitHub\ModelRelief\ModelRelief.test\bin\Debug\netcoreapp2.0\ModelRelief.Test.dll" adapterTypeName="executor://xunit/VsTestRunner2/netcoreapp" className="ModelRelief.Test.Integration.Projects.ProjectsBaseIntegrationTests" name="Put_ValidReferencePropertyUpdatesModel" /></UnitTest><UnitTest name="Put_InvalidReferencePropertyReturndBadRequest" storage="d:\users\steve knipmeyer\documents\github\modelrelief\modelrelief.test\bin\debug\netcoreapp2.0\modelrelief.test.dll" id="d9ef9f32-1f04-4d56-af5d-ed4866c0d7f1"><Execution id="449f93bd-4f9f-4b8a-ab4a-747212afce30" /><TestMethod codeBase="D:\Users\Steve Knipmeyer\Documents\GitHub\ModelRelief\ModelRelief.test\bin\Debug\netcoreapp2.0\ModelRelief.Test.dll" adapterTypeName="executor://xunit/VsTestRunner2/netcoreapp" className="ModelRelief.Test.Integration.Projects.ProjectsBaseIntegrationTests" name="Put_InvalidReferencePropertyReturndBadRequest" /></UnitTest><UnitTest name="Post_CanCreateNewModel" storage="d:\users\steve knipmeyer\documents\github\modelrelief\modelrelief.test\bin\debug\netcoreapp2.0\modelrelief.test.dll" id="931a6d7f-ba31-41f0-96b4-a893ff32d997"><Execution id="50e0a7be-6af6-4275-9588-c076a72484ad" /><TestMethod codeBase="D:\Users\Steve Knipmeyer\Documents\GitHub\ModelRelief\ModelRelief.test\bin\Debug\netcoreapp2.0\ModelRelief.Test.dll" adapterTypeName="executor://xunit/VsTestRunner2/netcoreapp" className="ModelRelief.Test.Integration.MeshTransforms.MeshTransformsBaseIntegrationTests" name="Post_CanCreateNewModel" /></UnitTest><UnitTest name="GetSingle_ValidIdPropertyValueReturnsCorrectModel" storage="d:\users\steve knipmeyer\documents\github\modelrelief\modelrelief.test\bin\debug\netcoreapp2.0\modelrelief.test.dll" id="cc6c2cf0-74a5-4db4-a752-945cfc3aafbe"><Execution id="f3a1a391-6a77-4357-bfb3-0a712712977d" /><TestMethod codeBase="D:\Users\Steve Knipmeyer\Documents\GitHub\ModelRelief\ModelRelief.test\bin\Debug\netcoreapp2.0\ModelRelief.Test.dll" adapterTypeName="executor://xunit/VsTestRunner2/netcoreapp" className="ModelRelief.Test.Integration.DepthBuffers.DepthBuffersBaseIntegrationTests" name="GetSingle_ValidIdPropertyValueReturnsCorrectModel" /></UnitTest><UnitTest name="Post_CanCreateNewModel" storage="d:\users\steve knipmeyer\documents\github\modelrelief\modelrelief.test\bin\debug\netcoreapp2.0\modelrelief.test.dll" id="f551f9a6-a08c-4e11-9760-2081d5560966"><Execution id="51827143-aaa8-49a8-ab01-2ed0f95127d2" /><TestMethod codeBase="D:\Users\Steve Knipmeyer\Documents\GitHub\ModelRelief\ModelRelief.test\bin\Debug\netcoreapp2.0\ModelRelief.Test.dll" adapterTypeName="executor://xunit/VsTestRunner2/netcoreapp" className="ModelRelief.Test.Integration.Projects.ProjectsBaseIntegrationTests" name="Post_CanCreateNewModel" /></UnitTest><UnitTest name="GetSingle_ValidIdPropertyValueReturnsCorrectModel" storage="d:\users\steve knipmeyer\documents\github\modelrelief\modelrelief.test\bin\debug\netcoreapp2.0\modelrelief.test.dll" id="82e079a7-dc59-4029-a537-40abc6986844"><Execution id="e4e55aa9-4148-41ee-ba75-9d500709af04" /><TestMethod codeBase="D:\Users\Steve Knipmeyer\Documents\GitHub\ModelRelief\ModelRelief.test\bin\Debug\netcoreapp2.0\ModelRelief.Test.dll" adapterTypeName="executor://xunit/VsTestRunner2/netcoreapp" className="ModelRelief.Test.Integration.Models.ModelsBaseIntegrationTests" name="GetSingle_ValidIdPropertyValueReturnsCorrectModel" /></UnitTest><UnitTest name="Patch_InvalidReferencePropertyReturnsBadRequest" storage="d:\users\steve knipmeyer\documents\github\modelrelief\modelrelief.test\bin\debug\netcoreapp2.0\modelrelief.test.dll" id="fe0a1271-5a65-42f1-ac2f-2e3d439914bb"><Execution id="cb0e2568-0e0b-4b30-8817-127439cd6bd5" /><TestMethod codeBase="D:\Users\Steve Knipmeyer\Documents\GitHub\ModelRelief\ModelRelief.test\bin\Debug\netcoreapp2.0\ModelRelief.Test.dll" adapterTypeName="executor://xunit/VsTestRunner2/netcoreapp" className="ModelRelief.Test.Integration.DepthBuffers.DepthBuffersBaseIntegrationTests" name="Patch_InvalidReferencePropertyReturnsBadRequest" /></UnitTest><UnitTest name="Post_CanCreateNewModel" storage="d:\users\steve knipmeyer\documents\github\modelrelief\modelrelief.test\bin\debug\netcoreapp2.0\modelrelief.test.dll" id="64fd4dca-8d15-4c25-95d6-59d34cd2ae25"><Execution id="c1b8132a-d222-462b-9d3b-130749f69ac5" /><TestMethod codeBase="D:\Users\Steve Knipmeyer\Documents\GitHub\ModelRelief\ModelRelief.test\bin\Debug\netcoreapp2.0\ModelRelief.Test.dll" adapterTypeName="executor://xunit/VsTestRunner2/netcoreapp" className="ModelRelief.Test.Integration.Cameras.CamerasBaseIntegrationTests" name="Post_CanCreateNewModel" /></UnitTest><UnitTest name="Post_InvalidPropertyValueReturnsBadRequest" storage="d:\users\steve knipmeyer\documents\github\modelrelief\modelrelief.test\bin\debug\netcoreapp2.0\modelrelief.test.dll" id="6c33cf60-2ea9-4545-85bd-cac194b40d84"><Execution id="ab4287ff-487a-4969-9bd3-4e5b00b47143" /><TestMethod codeBase="D:\Users\Steve Knipmeyer\Documents\GitHub\ModelRelief\ModelRelief.test\bin\Debug\netcoreapp2.0\ModelRelief.Test.dll" adapterTypeName="executor://xunit/VsTestRunner2/netcoreapp" className="ModelRelief.Test.Integration.Meshes.MeshesBaseIntegrationTests" name="Post_InvalidPropertyValueReturnsBadRequest" /></UnitTest><UnitTest name="Put_ValidReferencePropertyUpdatesModel" storage="d:\users\steve knipmeyer\documents\github\modelrelief\modelrelief.test\bin\debug\netcoreapp2.0\modelrelief.test.dll" id="d7ccb7da-a0b4-4baa-b915-fb78634f160a"><Execution id="8d076129-039f-4039-ac36-a28b2ce20dde" /><TestMethod codeBase="D:\Users\Steve Knipmeyer\Documents\GitHub\ModelRelief\ModelRelief.test\bin\Debug\netcoreapp2.0\ModelRelief.Test.dll" adapterTypeName="executor://xunit/VsTestRunner2/netcoreapp" className="ModelRelief.Test.Integration.Cameras.CamerasBaseIntegrationTests" name="Put_ValidReferencePropertyUpdatesModel" /></UnitTest><UnitTest name="GetList_ListReturnsCorrectCount" storage="d:\users\steve knipmeyer\documents\github\modelrelief\modelrelief.test\bin\debug\netcoreapp2.0\modelrelief.test.dll" id="9a9b9186-39cd-49d7-b2b2-7ac58c83831b"><Execution id="88202455-0d2b-47f6-b8eb-1632dca97728" /><TestMethod codeBase="D:\Users\Steve Knipmeyer\Documents\GitHub\ModelRelief\ModelRelief.test\bin\Debug\netcoreapp2.0\ModelRelief.Test.dll" adapterTypeName="executor://xunit/VsTestRunner2/netcoreapp" className="ModelRelief.Test.Integration.DepthBuffers.DepthBuffersBaseIntegrationTests" name="GetList_ListReturnsCorrectCount" /></UnitTest><UnitTest name="PostFile_NewFileCanBePosted" storage="d:\users\steve knipmeyer\documents\github\modelrelief\modelrelief.test\bin\debug\netcoreapp2.0\modelrelief.test.dll" id="981e0eaf-de2f-4038-b64a-9305b6b69ce9"><Execution id="e750c2a7-17e3-4395-8825-ffee336c2736" /><TestMethod codeBase="D:\Users\Steve Knipmeyer\Documents\GitHub\ModelRelief\ModelRelief.test\bin\Debug\netcoreapp2.0\ModelRelief.Test.dll" adapterTypeName="executor://xunit/VsTestRunner2/netcoreapp" className="ModelRelief.Test.Integration.DepthBuffers.DepthBuffersFileIntegrationTests" name="PostFile_NewFileCanBePosted" /></UnitTest><UnitTest name="Patch_TargetPropertyIsUpdated" storage="d:\users\steve knipmeyer\documents\github\modelrelief\modelrelief.test\bin\debug\netcoreapp2.0\modelrelief.test.dll" id="cf3508f3-9b27-4896-bca3-769533382cbb"><Execution id="8856beb4-cd7b-4ed9-8877-b86314f5cc09" /><TestMethod codeBase="D:\Users\Steve Knipmeyer\Documents\GitHub\ModelRelief\ModelRelief.test\bin\Debug\netcoreapp2.0\ModelRelief.Test.dll" adapterTypeName="executor://xunit/VsTestRunner2/netcoreapp" className="ModelRelief.Test.Integration.Projects.ProjectsBaseIntegrationTests" name="Patch_TargetPropertyIsUpdated" /></UnitTest><UnitTest name="Put_InvalidReferencePropertyReturndBadRequest" storage="d:\users\steve knipmeyer\documents\github\modelrelief\modelrelief.test\bin\debug\netcoreapp2.0\modelrelief.test.dll" id="045c0be5-e564-494e-8ddb-dc5d009ebead"><Execution id="6128fe97-39c1-4a1b-a8a9-19b478a5b425" /><TestMethod codeBase="D:\Users\Steve Knipmeyer\Documents\GitHub\ModelRelief\ModelRelief.test\bin\Debug\netcoreapp2.0\ModelRelief.Test.dll" adapterTypeName="executor://xunit/VsTestRunner2/netcoreapp" className="ModelRelief.Test.Integration.Models.ModelsBaseIntegrationTests" name="Put_InvalidReferencePropertyReturndBadRequest" /></UnitTest><UnitTest name="Patch_InvalidIdPropertyReturnsNotFound" storage="d:\users\steve knipmeyer\documents\github\modelrelief\modelrelief.test\bin\debug\netcoreapp2.0\modelrelief.test.dll" id="2a3dd9cc-e66e-4d0e-a33f-6bec639ef98c"><Execution id="d02ba5ba-e6b7-4d24-94c1-76e9657dbcde" /><TestMethod codeBase="D:\Users\Steve Knipmeyer\Documents\GitHub\ModelRelief\ModelRelief.test\bin\Debug\netcoreapp2.0\ModelRelief.Test.dll" adapterTypeName="executor://xunit/VsTestRunner2/netcoreapp" className="ModelRelief.Test.Integration.MeshTransforms.MeshTransformsBaseIntegrationTests" name="Patch_InvalidIdPropertyReturnsNotFound" /></UnitTest><UnitTest name="Post_ValidReferencePropertyCreatesModel" storage="d:\users\steve knipmeyer\documents\github\modelrelief\modelrelief.test\bin\debug\netcoreapp2.0\modelrelief.test.dll" id="8db1b63b-9bfc-4970-88ed-2b89b1e5f26a"><Execution id="ccf30de0-8622-41b7-b5e6-2b7e684147ac" /><TestMethod codeBase="D:\Users\Steve Knipmeyer\Documents\GitHub\ModelRelief\ModelRelief.test\bin\Debug\netcoreapp2.0\ModelRelief.Test.dll" adapterTypeName="executor://xunit/VsTestRunner2/netcoreapp" className="ModelRelief.Test.Integration.Models.ModelsBaseIntegrationTests" name="Post_ValidReferencePropertyCreatesModel" /></UnitTest><UnitTest name="GetSingle_InvalidIdPropertyValueReturnsNotFound" storage="d:\users\steve knipmeyer\documents\github\modelrelief\modelrelief.test\bin\debug\netcoreapp2.0\modelrelief.test.dll" id="d495b7e2-4672-4d5b-ab57-03bb6602b9d1"><Execution id="fa27e7e1-59c5-47dd-9cb0-30161781caf2" /><TestMethod codeBase="D:\Users\Steve Knipmeyer\Documents\GitHub\ModelRelief\ModelRelief.test\bin\Debug\netcoreapp2.0\ModelRelief.Test.dll" adapterTypeName="executor://xunit/VsTestRunner2/netcoreapp" className="ModelRelief.Test.Integration.MeshTransforms.MeshTransformsBaseIntegrationTests" name="GetSingle_InvalidIdPropertyValueReturnsNotFound" /></UnitTest><UnitTest name="DepthBufferHasExpectedDependentFiles" storage="d:\users\steve knipmeyer\documents\github\modelrelief\modelrelief.test\bin\debug\netcoreapp2.0\modelrelief.test.dll" id="a8888ce8-c610-43a2-b45f-b27fb2e552ce"><Execution id="99e3d04f-0bde-4eb6-bcf7-32c567297930" /><TestMethod codeBase="D:\Users\Steve Knipmeyer\Documents\GitHub\ModelRelief\ModelRelief.test\bin\Debug\netcoreapp2.0\ModelRelief.Test.dll" adapterTypeName="executor://xunit/VsTestRunner2/netcoreapp" className="ModelRelief.Test.Unit.DependencyManager.DependencyManagerTests" name="DepthBufferHasExpectedDependentFiles" /></UnitTest><UnitTest name="Post_InvalidReferencePropertyReturnsBadRequest" storage="d:\users\steve knipmeyer\documents\github\modelrelief\modelrelief.test\bin\debug\netcoreapp2.0\modelrelief.test.dll" id="f9c0e0cb-eb65-4379-9ead-4c1809d45ffe"><Execution id="3456d427-a539-4dbe-a5dd-77b4b21456ca" /><TestMethod codeBase="D:\Users\Steve Knipmeyer\Documents\GitHub\ModelRelief\ModelRelief.test\bin\Debug\netcoreapp2.0\ModelRelief.Test.dll" adapterTypeName="executor://xunit/VsTestRunner2/netcoreapp" className="ModelRelief.Test.Integration.Cameras.CamerasBaseIntegrationTests" name="Post_InvalidReferencePropertyReturnsBadRequest" /></UnitTest><UnitTest name="GetFile_NonExistentFileReturnsNotFound" storage="d:\users\steve knipmeyer\documents\github\modelrelief\modelrelief.test\bin\debug\netcoreapp2.0\modelrelief.test.dll" id="fcb8ba67-0359-43ee-9bd0-058b28097f5a"><Execution id="fd1280df-f99b-4d4b-b83f-1857ca1b7dce" /><TestMethod codeBase="D:\Users\Steve Knipmeyer\Documents\GitHub\ModelRelief\ModelRelief.test\bin\Debug\netcoreapp2.0\ModelRelief.Test.dll" adapterTypeName="executor://xunit/VsTestRunner2/netcoreapp" className="ModelRelief.Test.Integration.DepthBuffers.DepthBuffersFileIntegrationTests" name="GetFile_NonExistentFileReturnsNotFound" /></UnitTest><UnitTest name="Put_ValidReferencePropertyUpdatesModel" storage="d:\users\steve knipmeyer\documents\github\modelrelief\modelrelief.test\bin\debug\netcoreapp2.0\modelrelief.test.dll" id="eb2cfb8e-edaa-497e-a6be-6d1eb7387423"><Execution id="7cda6ab5-0368-4f35-b50f-821f763f4623" /><TestMethod codeBase="D:\Users\Steve Knipmeyer\Documents\GitHub\ModelRelief\ModelRelief.test\bin\Debug\netcoreapp2.0\ModelRelief.Test.dll" adapterTypeName="executor://xunit/VsTestRunner2/netcoreapp" className="ModelRelief.Test.Integration.DepthBuffers.DepthBuffersBaseIntegrationTests" name="Put_ValidReferencePropertyUpdatesModel" /></UnitTest><UnitTest name="Patch_InvalidEnumPropertyValueReturnsBadRequest" storage="d:\users\steve knipmeyer\documents\github\modelrelief\modelrelief.test\bin\debug\netcoreapp2.0\modelrelief.test.dll" id="814eb085-dcb1-423f-966f-d7bce77eaf70"><Execution id="9d37fd6a-fe2d-43f0-9d6e-a1a940c31a49" /><TestMethod codeBase="D:\Users\Steve Knipmeyer\Documents\GitHub\ModelRelief\ModelRelief.test\bin\Debug\netcoreapp2.0\ModelRelief.Test.dll" adapterTypeName="executor://xunit/VsTestRunner2/netcoreapp" className="ModelRelief.Test.Integration.MeshTransforms.MeshTransformsBaseIntegrationTests" name="Patch_InvalidEnumPropertyValueReturnsBadRequest" /></UnitTest><UnitTest name="Patch_InvalidPropertyNameReturnsBadRequest" storage="d:\users\steve knipmeyer\documents\github\modelrelief\modelrelief.test\bin\debug\netcoreapp2.0\modelrelief.test.dll" id="81c8767d-dd6d-4830-9e0c-0841c41c0c1f"><Execution id="407a3d9d-ae2d-4b91-b15f-61ed6251c168" /><TestMethod codeBase="D:\Users\Steve Knipmeyer\Documents\GitHub\ModelRelief\ModelRelief.test\bin\Debug\netcoreapp2.0\ModelRelief.Test.dll" adapterTypeName="executor://xunit/VsTestRunner2/netcoreapp" className="ModelRelief.Test.Integration.Meshes.MeshesBaseIntegrationTests" name="Patch_InvalidPropertyNameReturnsBadRequest" /></UnitTest><UnitTest name="GetSingle_ValidIdPropertyValueReturnsCorrectModel" storage="d:\users\steve knipmeyer\documents\github\modelrelief\modelrelief.test\bin\debug\netcoreapp2.0\modelrelief.test.dll" id="66afe379-b814-4cf0-b8b1-5614ff3c6df1"><Execution id="5924afe0-8d03-4a49-8d1b-2e28abb49bcf" /><TestMethod codeBase="D:\Users\Steve Knipmeyer\Documents\GitHub\ModelRelief\ModelRelief.test\bin\Debug\netcoreapp2.0\ModelRelief.Test.dll" adapterTypeName="executor://xunit/VsTestRunner2/netcoreapp" className="ModelRelief.Test.Integration.Projects.ProjectsBaseIntegrationTests" name="GetSingle_ValidIdPropertyValueReturnsCorrectModel" /></UnitTest><UnitTest name="Delete_TargetModelIsDeleted" storage="d:\users\steve knipmeyer\documents\github\modelrelief\modelrelief.test\bin\debug\netcoreapp2.0\modelrelief.test.dll" id="7eb609da-52a1-4d1f-b691-08a3ced6d238"><Execution id="4a5d71a4-986b-4248-87d9-c79408e988bf" /><TestMethod codeBase="D:\Users\Steve Knipmeyer\Documents\GitHub\ModelRelief\ModelRelief.test\bin\Debug\netcoreapp2.0\ModelRelief.Test.dll" adapterTypeName="executor://xunit/VsTestRunner2/netcoreapp" className="ModelRelief.Test.Integration.Projects.ProjectsBaseIntegrationTests" name="Delete_TargetModelIsDeleted" /></UnitTest><UnitTest name="GetSingle_ValidIdPropertyValueReturnsCorrectModel" storage="d:\users\steve knipmeyer\documents\github\modelrelief\modelrelief.test\bin\debug\netcoreapp2.0\modelrelief.test.dll" id="71ee6324-49be-4b1f-9673-90a3a756b808"><Execution id="73c74449-fa3c-4b40-a675-9eddd9ccd51c" /><TestMethod codeBase="D:\Users\Steve Knipmeyer\Documents\GitHub\ModelRelief\ModelRelief.test\bin\Debug\netcoreapp2.0\ModelRelief.Test.dll" adapterTypeName="executor://xunit/VsTestRunner2/netcoreapp" className="ModelRelief.Test.Integration.Meshes.MeshesBaseIntegrationTests" name="GetSingle_ValidIdPropertyValueReturnsCorrectModel" /></UnitTest><UnitTest name="Post_CanCreateNewModel" storage="d:\users\steve knipmeyer\documents\github\modelrelief\modelrelief.test\bin\debug\netcoreapp2.0\modelrelief.test.dll" id="efc7ca31-d00d-4439-b782-b9da11d4229d"><Execution id="3d29b065-81ed-481a-8e73-39962950cc6c" /><TestMethod codeBase="D:\Users\Steve Knipmeyer\Documents\GitHub\ModelRelief\ModelRelief.test\bin\Debug\netcoreapp2.0\ModelRelief.Test.dll" adapterTypeName="executor://xunit/VsTestRunner2/netcoreapp" className="ModelRelief.Test.Integration.Meshes.MeshesBaseIntegrationTests" name="Post_CanCreateNewModel" /></UnitTest><UnitTest name="Put_InvalidReferencePropertyReturndBadRequest" storage="d:\users\steve knipmeyer\documents\github\modelrelief\modelrelief.test\bin\debug\netcoreapp2.0\modelrelief.test.dll" id="b2da3248-0dcb-4b5a-9377-32251ea0998d"><Execution id="d903ebf8-a586-46f3-b8ce-cb8f506b5eb9" /><TestMethod codeBase="D:\Users\Steve Knipmeyer\Documents\GitHub\ModelRelief\ModelRelief.test\bin\Debug\netcoreapp2.0\ModelRelief.Test.dll" adapterTypeName="executor://xunit/VsTestRunner2/netcoreapp" className="ModelRelief.Test.Integration.MeshTransforms.MeshTransformsBaseIntegrationTests" name="Put_InvalidReferencePropertyReturndBadRequest" /></UnitTest><UnitTest name="Post_InvalidReferencePropertyReturnsBadRequest" storage="d:\users\steve knipmeyer\documents\github\modelrelief\modelrelief.test\bin\debug\netcoreapp2.0\modelrelief.test.dll" id="e5fc5bc5-fe1b-485a-8a3a-43217bd722a1"><Execution id="cccc5c07-bfef-405f-8590-a6a033a0b088" /><TestMethod codeBase="D:\Users\Steve Knipmeyer\Documents\GitHub\ModelRelief\ModelRelief.test\bin\Debug\netcoreapp2.0\ModelRelief.Test.dll" adapterTypeName="executor://xunit/VsTestRunner2/netcoreapp" className="ModelRelief.Test.Integration.Models.ModelsBaseIntegrationTests" name="Post_InvalidReferencePropertyReturnsBadRequest" /></UnitTest><UnitTest name="Post_InvalidReferencePropertyReturnsBadRequest" storage="d:\users\steve knipmeyer\documents\github\modelrelief\modelrelief.test\bin\debug\netcoreapp2.0\modelrelief.test.dll" id="8e0f7ef5-f0d7-4927-ab94-b93db1c58516"><Execution id="61afc0bb-bfff-4caf-9c73-ae0322223019" /><TestMethod codeBase="D:\Users\Steve Knipmeyer\Documents\GitHub\ModelRelief\ModelRelief.test\bin\Debug\netcoreapp2.0\ModelRelief.Test.dll" adapterTypeName="executor://xunit/VsTestRunner2/netcoreapp" className="ModelRelief.Test.Integration.Meshes.MeshesBaseIntegrationTests" name="Post_InvalidReferencePropertyReturnsBadRequest" /></UnitTest><UnitTest name="GetSingle_InvalidIdPropertyValueReturnsNotFound" storage="d:\users\steve knipmeyer\documents\github\modelrelief\modelrelief.test\bin\debug\netcoreapp2.0\modelrelief.test.dll" id="82f0a24a-d95e-47ba-a864-972b909e8694"><Execution id="8da5d1a1-88f1-4302-8bd5-3e4dd4880a2f" /><TestMethod codeBase="D:\Users\Steve Knipmeyer\Documents\GitHub\ModelRelief\ModelRelief.test\bin\Debug\netcoreapp2.0\ModelRelief.Test.dll" adapterTypeName="executor://xunit/VsTestRunner2/netcoreapp" className="ModelRelief.Test.Integration.Cameras.CamerasBaseIntegrationTests" name="GetSingle_InvalidIdPropertyValueReturnsNotFound" /></UnitTest><UnitTest name="Patch_ValidReferencePropertyUpdatesModel" storage="d:\users\steve knipmeyer\documents\github\modelrelief\modelrelief.test\bin\debug\netcoreapp2.0\modelrelief.test.dll" id="b3bc8310-b844-4c3b-973e-b22478ac932f"><Execution id="c6692ff3-bfaa-4228-a664-f28bd20bcbc3" /><TestMethod codeBase="D:\Users\Steve Knipmeyer\Documents\GitHub\ModelRelief\ModelRelief.test\bin\Debug\netcoreapp2.0\ModelRelief.Test.dll" adapterTypeName="executor://xunit/VsTestRunner2/netcoreapp" className="ModelRelief.Test.Integration.Projects.ProjectsBaseIntegrationTests" name="Patch_ValidReferencePropertyUpdatesModel" /></UnitTest><UnitTest name="Patch_InvalidEnumPropertyValueReturnsBadRequest" storage="d:\users\steve knipmeyer\documents\github\modelrelief\modelrelief.test\bin\debug\netcoreapp2.0\modelrelief.test.dll" id="3735eb16-ecd8-4b87-a439-5f4d1a6d72dc"><Execution id="a2dcce84-471e-41c4-9c19-fc0ab2863135" /><TestMethod codeBase="D:\Users\Steve Knipmeyer\Documents\GitHub\ModelRelief\ModelRelief.test\bin\Debug\netcoreapp2.0\ModelRelief.Test.dll" adapterTypeName="executor://xunit/VsTestRunner2/netcoreapp" className="ModelRelief.Test.Integration.Cameras.CamerasBaseIntegrationTests" name="Patch_InvalidEnumPropertyValueReturnsBadRequest" /></UnitTest><UnitTest name="Patch_TargetPropertyIsUpdated" storage="d:\users\steve knipmeyer\documents\github\modelrelief\modelrelief.test\bin\debug\netcoreapp2.0\modelrelief.test.dll" id="ef5e6132-4129-44ec-9e7f-41a90e5361d5"><Execution id="468fd597-d097-48f7-a404-ae550cc002f0" /><TestMethod codeBase="D:\Users\Steve Knipmeyer\Documents\GitHub\ModelRelief\ModelRelief.test\bin\Debug\netcoreapp2.0\ModelRelief.Test.dll" adapterTypeName="executor://xunit/VsTestRunner2/netcoreapp" className="ModelRelief.Test.Integration.DepthBuffers.DepthBuffersBaseIntegrationTests" name="Patch_TargetPropertyIsUpdated" /></UnitTest><UnitTest name="GetList_ListReturnsCorrectCount" storage="d:\users\steve knipmeyer\documents\github\modelrelief\modelrelief.test\bin\debug\netcoreapp2.0\modelrelief.test.dll" id="937d1c82-5e19-4b72-838e-11da0c668984"><Execution id="4e0525be-7c81-46f1-b130-048e2238d064" /><TestMethod codeBase="D:\Users\Steve Knipmeyer\Documents\GitHub\ModelRelief\ModelRelief.test\bin\Debug\netcoreapp2.0\ModelRelief.Test.dll" adapterTypeName="executor://xunit/VsTestRunner2/netcoreapp" className="ModelRelief.Test.Integration.Projects.ProjectsBaseIntegrationTests" name="GetList_ListReturnsCorrectCount" /></UnitTest><UnitTest name="Put_InvalidIdReturnsNotFound" storage="d:\users\steve knipmeyer\documents\github\modelrelief\modelrelief.test\bin\debug\netcoreapp2.0\modelrelief.test.dll" id="392e97fd-ce83-43dd-a974-7403b42d9084"><Execution id="95f7bd27-d116-4c07-9ae5-ea8c16a64313" /><TestMethod codeBase="D:\Users\Steve Knipmeyer\Documents\GitHub\ModelRelief\ModelRelief.test\bin\Debug\netcoreapp2.0\ModelRelief.Test.dll" adapterTypeName="executor://xunit/VsTestRunner2/netcoreapp" className="ModelRelief.Test.Integration.DepthBuffers.DepthBuffersBaseIntegrationTests" name="Put_InvalidIdReturnsNotFound" /></UnitTest><UnitTest name="GetSingle_InvalidIdPropertyValueReturnsNotFound" storage="d:\users\steve knipmeyer\documents\github\modelrelief\modelrelief.test\bin\debug\netcoreapp2.0\modelrelief.test.dll" id="79d2dc5b-f66b-4f59-b7e7-dfc96efb0ec2"><Execution id="87afd5c0-193c-4ca2-8bbc-94b10a41a689" /><TestMethod codeBase="D:\Users\Steve Knipmeyer\Documents\GitHub\ModelRelief\ModelRelief.test\bin\Debug\netcoreapp2.0\ModelRelief.Test.dll" adapterTypeName="executor://xunit/VsTestRunner2/netcoreapp" className="ModelRelief.Test.Integration.DepthBuffers.DepthBuffersBaseIntegrationTests" name="GetSingle_InvalidIdPropertyValueReturnsNotFound" /></UnitTest><UnitTest name="Patch_TargetPropertyIsUpdated" storage="d:\users\steve knipmeyer\documents\github\modelrelief\modelrelief.test\bin\debug\netcoreapp2.0\modelrelief.test.dll" id="b96088b5-5853-41c8-a28f-708fe7ff49dd"><Execution id="eba9fdac-e98b-4b9c-921c-a27e24af6102" /><TestMethod codeBase="D:\Users\Steve Knipmeyer\Documents\GitHub\ModelRelief\ModelRelief.test\bin\Debug\netcoreapp2.0\ModelRelief.Test.dll" adapterTypeName="executor://xunit/VsTestRunner2/netcoreapp" className="ModelRelief.Test.Integration.MeshTransforms.MeshTransformsBaseIntegrationTests" name="Patch_TargetPropertyIsUpdated" /></UnitTest><UnitTest name="Post_InvalidReferencePropertyReturnsBadRequest" storage="d:\users\steve knipmeyer\documents\github\modelrelief\modelrelief.test\bin\debug\netcoreapp2.0\modelrelief.test.dll" id="f4695ca2-4c9c-4b18-8f62-4f92e64bd6c9"><Execution id="8ab25f7c-32b3-4880-8e9f-55f14c2e3eef" /><TestMethod codeBase="D:\Users\Steve Knipmeyer\Documents\GitHub\ModelRelief\ModelRelief.test\bin\Debug\netcoreapp2.0\ModelRelief.Test.dll" adapterTypeName="executor://xunit/VsTestRunner2/netcoreapp" className="ModelRelief.Test.Integration.Projects.ProjectsBaseIntegrationTests" name="Post_InvalidReferencePropertyReturnsBadRequest" /></UnitTest><UnitTest name="GetFile_NonExistentFileReturnsNotFound" storage="d:\users\steve knipmeyer\documents\github\modelrelief\modelrelief.test\bin\debug\netcoreapp2.0\modelrelief.test.dll" id="eb5966af-ee97-40a9-9f08-de7e537ce57a"><Execution id="8495ca8d-456f-4baf-9a89-18ab8ec9240a" /><TestMethod codeBase="D:\Users\Steve Knipmeyer\Documents\GitHub\ModelRelief\ModelRelief.test\bin\Debug\netcoreapp2.0\ModelRelief.Test.dll" adapterTypeName="executor://xunit/VsTestRunner2/netcoreapp" className="ModelRelief.Test.Integration.Models.ModelsFileIntegrationTests" name="GetFile_NonExistentFileReturnsNotFound" /></UnitTest><UnitTest name="Patch_InvalidIdPropertyReturnsNotFound" storage="d:\users\steve knipmeyer\documents\github\modelrelief\modelrelief.test\bin\debug\netcoreapp2.0\modelrelief.test.dll" id="5c5ca6c5-c399-442a-9e26-0e10631a3825"><Execution id="696d201a-ee90-4ed4-925b-933761e72e8e" /><TestMethod codeBase="D:\Users\Steve Knipmeyer\Documents\GitHub\ModelRelief\ModelRelief.test\bin\Debug\netcoreapp2.0\ModelRelief.Test.dll" adapterTypeName="executor://xunit/VsTestRunner2/netcoreapp" className="ModelRelief.Test.Integration.Models.ModelsBaseIntegrationTests" name="Patch_InvalidIdPropertyReturnsNotFound" /></UnitTest><UnitTest name="Patch_InvalidPropertyNameReturnsBadRequest" storage="d:\users\steve knipmeyer\documents\github\modelrelief\modelrelief.test\bin\debug\netcoreapp2.0\modelrelief.test.dll" id="8140e3dc-13c3-4aa9-8f5d-33c605749f2c"><Execution id="bb04db07-abbf-403c-acac-5646545620b2" /><TestMethod codeBase="D:\Users\Steve Knipmeyer\Documents\GitHub\ModelRelief\ModelRelief.test\bin\Debug\netcoreapp2.0\ModelRelief.Test.dll" adapterTypeName="executor://xunit/VsTestRunner2/netcoreapp" className="ModelRelief.Test.Integration.Projects.ProjectsBaseIntegrationTests" name="Patch_InvalidPropertyNameReturnsBadRequest" /></UnitTest><UnitTest name="GetFile_ExistingFileReturnsSuccess" storage="d:\users\steve knipmeyer\documents\github\modelrelief\modelrelief.test\bin\debug\netcoreapp2.0\modelrelief.test.dll" id="028dcb85-ea29-4a38-ac33-21151e7d7668"><Execution id="7385a8eb-8e12-4654-b674-8da720022456" /><TestMethod codeBase="D:\Users\Steve Knipmeyer\Documents\GitHub\ModelRelief\ModelRelief.test\bin\Debug\netcoreapp2.0\ModelRelief.Test.dll" adapterTypeName="executor://xunit/VsTestRunner2/netcoreapp" className="ModelRelief.Test.Integration.Models.ModelsFileIntegrationTests" name="GetFile_ExistingFileReturnsSuccess" /></UnitTest><UnitTest name="Put_InvalidIdReturnsNotFound" storage="d:\users\steve knipmeyer\documents\github\modelrelief\modelrelief.test\bin\debug\netcoreapp2.0\modelrelief.test.dll" id="caa6e487-0cb8-4365-8d80-fe57ad018b39"><Execution id="959dbc2f-1471-438c-a5ac-3d21896186a6" /><TestMethod codeBase="D:\Users\Steve Knipmeyer\Documents\GitHub\ModelRelief\ModelRelief.test\bin\Debug\netcoreapp2.0\ModelRelief.Test.dll" adapterTypeName="executor://xunit/VsTestRunner2/netcoreapp" className="ModelRelief.Test.Integration.MeshTransforms.MeshTransformsBaseIntegrationTests" name="Put_InvalidIdReturnsNotFound" /></UnitTest><UnitTest name="Post_InvalidPropertyValueReturnsBadRequest" storage="d:\users\steve knipmeyer\documents\github\modelrelief\modelrelief.test\bin\debug\netcoreapp2.0\modelrelief.test.dll" id="debde8eb-3f2b-4139-b58d-fdcbde1f31a0"><Execution id="6db3433c-ebe7-4be5-90fb-e4347e3576f9" /><TestMethod codeBase="D:\Users\Steve Knipmeyer\Documents\GitHub\ModelRelief\ModelRelief.test\bin\Debug\netcoreapp2.0\ModelRelief.Test.dll" adapterTypeName="executor://xunit/VsTestRunner2/netcoreapp" className="ModelRelief.Test.Integration.Cameras.CamerasBaseIntegrationTests" name="Post_InvalidPropertyValueReturnsBadRequest" /></UnitTest><UnitTest name="MeshTransformHasExpectedDependentFiles" storage="d:\users\steve knipmeyer\documents\github\modelrelief\modelrelief.test\bin\debug\netcoreapp2.0\modelrelief.test.dll" id="71231c36-9a91-4ecf-9e3a-62310394a52c"><Execution id="0ef7e805-9e0c-4c2a-9f44-d5c4fff9a072" /><TestMethod codeBase="D:\Users\Steve Knipmeyer\Documents\GitHub\ModelRelief\ModelRelief.test\bin\Debug\netcoreapp2.0\ModelRelief.Test.dll" adapterTypeName="executor://xunit/VsTestRunner2/netcoreapp" className="ModelRelief.Test.Unit.DependencyManager.DependencyManagerTests" name="MeshTransformHasExpectedDependentFiles" /></UnitTest><UnitTest name="Patch_ValidReferencePropertyUpdatesModel" storage="d:\users\steve knipmeyer\documents\github\modelrelief\modelrelief.test\bin\debug\netcoreapp2.0\modelrelief.test.dll" id="12500b8e-7845-4b36-b0ca-6314a1e5cf9d"><Execution id="19536066-01f4-44d3-a661-e50b5628a091" /><TestMethod codeBase="D:\Users\Steve Knipmeyer\Documents\GitHub\ModelRelief\ModelRelief.test\bin\Debug\netcoreapp2.0\ModelRelief.Test.dll" adapterTypeName="executor://xunit/VsTestRunner2/netcoreapp" className="ModelRelief.Test.Integration.Models.ModelsBaseIntegrationTests" name="Patch_ValidReferencePropertyUpdatesModel" /></UnitTest><UnitTest name="FileRequest_FileCanBeReadAfterRename" storage="d:\users\steve knipmeyer\documents\github\modelrelief\modelrelief.test\bin\debug\netcoreapp2.0\modelrelief.test.dll" id="988a30ac-2e84-4c0e-97a6-8071e9c78605"><Execution id="baf66ec1-f14e-4ca3-866f-c86ab4d83031" /><TestMethod codeBase="D:\Users\Steve Knipmeyer\Documents\GitHub\ModelRelief\ModelRelief.test\bin\Debug\netcoreapp2.0\ModelRelief.Test.dll" adapterTypeName="executor://xunit/VsTestRunner2/netcoreapp" className="ModelRelief.Test.Integration.DepthBuffers.DepthBuffersFileIntegrationTests" name="FileRequest_FileCanBeReadAfterRename" /></UnitTest><UnitTest name="Post_ValidReferencePropertyCreatesModel" storage="d:\users\steve knipmeyer\documents\github\modelrelief\modelrelief.test\bin\debug\netcoreapp2.0\modelrelief.test.dll" id="2ba4b9b8-74fe-4cc4-8c51-addf621f7843"><Execution id="33c68fa1-9991-4d00-8aeb-3c2de9903a71" /><TestMethod codeBase="D:\Users\Steve Knipmeyer\Documents\GitHub\ModelRelief\ModelRelief.test\bin\Debug\netcoreapp2.0\ModelRelief.Test.dll" adapterTypeName="executor://xunit/VsTestRunner2/netcoreapp" className="ModelRelief.Test.Integration.Cameras.CamerasBaseIntegrationTests" name="Post_ValidReferencePropertyCreatesModel" /></UnitTest><UnitTest name="FileRequest_FileCanBeReadAfterRename" storage="d:\users\steve knipmeyer\documents\github\modelrelief\modelrelief.test\bin\debug\netcoreapp2.0\modelrelief.test.dll" id="79b24a4a-c18a-4058-87f3-39661aa15c0e"><Execution id="52e0fae5-42fb-4eac-a34a-cb8e8759bde7" /><TestMethod codeBase="D:\Users\Steve Knipmeyer\Documents\GitHub\ModelRelief\ModelRelief.test\bin\Debug\netcoreapp2.0\ModelRelief.Test.dll" adapterTypeName="executor://xunit/VsTestRunner2/netcoreapp" className="ModelRelief.Test.Integration.Meshes.MeshesFileIntegrationTests" name="FileRequest_FileCanBeReadAfterRename" /></UnitTest><UnitTest name="GetSingle_InvalidIdPropertyValueReturnsNotFound" storage="d:\users\steve knipmeyer\documents\github\modelrelief\modelrelief.test\bin\debug\netcoreapp2.0\modelrelief.test.dll" id="89d5fcef-d1f3-47a3-95a3-3b72b3b3ef7b"><Execution id="9acc2018-46d0-49fa-bc4f-74d2941ad518" /><TestMethod codeBase="D:\Users\Steve Knipmeyer\Documents\GitHub\ModelRelief\ModelRelief.test\bin\Debug\netcoreapp2.0\ModelRelief.Test.dll" adapterTypeName="executor://xunit/VsTestRunner2/netcoreapp" className="ModelRelief.Test.Integration.Meshes.MeshesBaseIntegrationTests" name="GetSingle_InvalidIdPropertyValueReturnsNotFound" /></UnitTest><UnitTest name="GetList_ListReturnsCorrectCount" storage="d:\users\steve knipmeyer\documents\github\modelrelief\modelrelief.test\bin\debug\netcoreapp2.0\modelrelief.test.dll" id="3261b66d-87a0-43de-98c7-13d23b4cdf26"><Execution id="2d723b70-dbdd-4565-b180-43aed29935be" /><TestMethod codeBase="D:\Users\Steve Knipmeyer\Documents\GitHub\ModelRelief\ModelRelief.test\bin\Debug\netcoreapp2.0\ModelRelief.Test.dll" adapterTypeName="executor://xunit/VsTestRunner2/netcoreapp" className="ModelRelief.Test.Integration.Models.ModelsBaseIntegrationTests" name="GetList_ListReturnsCorrectCount" /></UnitTest><UnitTest name="Patch_InvalidReferencePropertyReturnsBadRequest" storage="d:\users\steve knipmeyer\documents\github\modelrelief\modelrelief.test\bin\debug\netcoreapp2.0\modelrelief.test.dll" id="72e12f8e-ed34-4561-a01f-184e1906a863"><Execution id="7fe4b10a-4e7c-4ed9-b906-bcd21bcf16f2" /><TestMethod codeBase="D:\Users\Steve Knipmeyer\Documents\GitHub\ModelRelief\ModelRelief.test\bin\Debug\netcoreapp2.0\ModelRelief.Test.dll" adapterTypeName="executor://xunit/VsTestRunner2/netcoreapp" className="ModelRelief.Test.Integration.Meshes.MeshesBaseIntegrationTests" name="Patch_InvalidReferencePropertyReturnsBadRequest" /></UnitTest><UnitTest name="LucyCameraFindsAllDependents" storage="d:\users\steve knipmeyer\documents\github\modelrelief\modelrelief.test\bin\debug\netcoreapp2.0\modelrelief.test.dll" id="262e1547-45ab-4df1-9576-3cf606d864da"><Execution id="9a637811-25fb-4b53-bddf-09f609e86768" /><TestMethod codeBase="D:\Users\Steve Knipmeyer\Documents\GitHub\ModelRelief\ModelRelief.test\bin\Debug\netcoreapp2.0\ModelRelief.Test.dll" adapterTypeName="executor://xunit/VsTestRunner2/netcoreapp" className="ModelRelief.Test.Unit.DependencyManager.DependencyManagerTests" name="LucyCameraFindsAllDependents" /></UnitTest><UnitTest name="Patch_MultipleInvalidReferencePropertiesReturnsMultipleValidationErrorsAndBadRequest" storage="d:\users\steve knipmeyer\documents\github\modelrelief\modelrelief.test\bin\debug\netcoreapp2.0\modelrelief.test.dll" id="33bfc6aa-8a26-4cba-ade8-f5f7b18e78f1"><Execution id="1b739cc0-efc7-4f42-bf42-f2eebce48486" /><TestMethod codeBase="D:\Users\Steve Knipmeyer\Documents\GitHub\ModelRelief\ModelRelief.test\bin\Debug\netcoreapp2.0\ModelRelief.Test.dll" adapterTypeName="executor://xunit/VsTestRunner2/netcoreapp" className="ModelRelief.Test.Integration.Cameras.CamerasBaseIntegrationTests" name="Patch_MultipleInvalidReferencePropertiesReturnsMultipleValidationErrorsAndBadRequest" /></UnitTest><UnitTest name="Put_InvalidReferencePropertyReturndBadRequest" storage="d:\users\steve knipmeyer\documents\github\modelrelief\modelrelief.test\bin\debug\netcoreapp2.0\modelrelief.test.dll" id="886b7040-f054-41aa-bc83-7dc86e6eeefc"><Execution id="6d03983f-9902-4763-8b95-1e608f458167" /><TestMethod codeBase="D:\Users\Steve Knipmeyer\Documents\GitHub\ModelRelief\ModelRelief.test\bin\Debug\netcoreapp2.0\ModelRelief.Test.dll" adapterTypeName="executor://xunit/VsTestRunner2/netcoreapp" className="ModelRelief.Test.Integration.Meshes.MeshesBaseIntegrationTests" name="Put_InvalidReferencePropertyReturndBadRequest" /></UnitTest><UnitTest name="PostFile_FileTimeStampIsUpdatedAfterFileIsPosted" storage="d:\users\steve knipmeyer\documents\github\modelrelief\modelrelief.test\bin\debug\netcoreapp2.0\modelrelief.test.dll" id="1a578793-0ab3-4e2e-bb67-de01b4a1599f"><Execution id="3b89b64e-5671-4cde-8d94-f1190a5c61ac" /><TestMethod codeBase="D:\Users\Steve Knipmeyer\Documents\GitHub\ModelRelief\ModelRelief.test\bin\Debug\netcoreapp2.0\ModelRelief.Test.dll" adapterTypeName="executor://xunit/VsTestRunner2/netcoreapp" className="ModelRelief.Test.Integration.DepthBuffers.DepthBuffersFileIntegrationTests" name="PostFile_FileTimeStampIsUpdatedAfterFileIsPosted" /></UnitTest><UnitTest name="Post_InvalidPropertyValueReturnsBadRequest" storage="d:\users\steve knipmeyer\documents\github\modelrelief\modelrelief.test\bin\debug\netcoreapp2.0\modelrelief.test.dll" id="73578340-c76b-497a-ad5f-2040cb049d32"><Execution id="ba690211-1f81-463f-a374-5eb75111ead7" /><TestMethod codeBase="D:\Users\Steve Knipmeyer\Documents\GitHub\ModelRelief\ModelRelief.test\bin\Debug\netcoreapp2.0\ModelRelief.Test.dll" adapterTypeName="executor://xunit/VsTestRunner2/netcoreapp" className="ModelRelief.Test.Integration.MeshTransforms.MeshTransformsBaseIntegrationTests" name="Post_InvalidPropertyValueReturnsBadRequest" /></UnitTest><UnitTest name="Post_ValidReferencePropertyCreatesModel" storage="d:\users\steve knipmeyer\documents\github\modelrelief\modelrelief.test\bin\debug\netcoreapp2.0\modelrelief.test.dll" id="0a6d252a-e764-4d1f-a0bd-66bb930a09a1"><Execution id="84c4e23c-3a03-4d02-9ddb-1801708826bf" /><TestMethod codeBase="D:\Users\Steve Knipmeyer\Documents\GitHub\ModelRelief\ModelRelief.test\bin\Debug\netcoreapp2.0\ModelRelief.Test.dll" adapterTypeName="executor://xunit/VsTestRunner2/netcoreapp" className="ModelRelief.Test.Integration.MeshTransforms.MeshTransformsBaseIntegrationTests" name="Post_ValidReferencePropertyCreatesModel" /></UnitTest><UnitTest name="Patch_MultipleInvalidReferencePropertiesReturnsMultipleValidationErrorsAndBadRequest" storage="d:\users\steve knipmeyer\documents\github\modelrelief\modelrelief.test\bin\debug\netcoreapp2.0\modelrelief.test.dll" id="f5bec480-6b12-422b-9a04-691a3d99115b"><Execution id="3dc7c506-3e7e-49bf-80e3-1456db9c53dc" /><TestMethod codeBase="D:\Users\Steve Knipmeyer\Documents\GitHub\ModelRelief\ModelRelief.test\bin\Debug\netcoreapp2.0\ModelRelief.Test.dll" adapterTypeName="executor://xunit/VsTestRunner2/netcoreapp" className="ModelRelief.Test.Integration.Projects.ProjectsBaseIntegrationTests" name="Patch_MultipleInvalidReferencePropertiesReturnsMultipleValidationErrorsAndBadRequest" /></UnitTest><UnitTest name="Post_CanCreateNewModel" storage="d:\users\steve knipmeyer\documents\github\modelrelief\modelrelief.test\bin\debug\netcoreapp2.0\modelrelief.test.dll" id="b33a296c-cd23-4211-9bef-c6a76301ad36"><Execution id="1276fbbf-1e77-480e-88d6-b6425c78818b" /><TestMethod codeBase="D:\Users\Steve Knipmeyer\Documents\GitHub\ModelRelief\ModelRelief.test\bin\Debug\netcoreapp2.0\ModelRelief.Test.dll" adapterTypeName="executor://xunit/VsTestRunner2/netcoreapp" className="ModelRelief.Test.Integration.Models.ModelsBaseIntegrationTests" name="Post_CanCreateNewModel" /></UnitTest><UnitTest name="Delete_TargetModelIsDeleted" storage="d:\users\steve knipmeyer\documents\github\modelrelief\modelrelief.test\bin\debug\netcoreapp2.0\modelrelief.test.dll" id="8c8ba45f-fd57-439c-ae21-6ebf2a6a1030"><Execution id="94e1aca7-e17c-4203-ad54-7e2c12098c50" /><TestMethod codeBase="D:\Users\Steve Knipmeyer\Documents\GitHub\ModelRelief\ModelRelief.test\bin\Debug\netcoreapp2.0\ModelRelief.Test.dll" adapterTypeName="executor://xunit/VsTestRunner2/netcoreapp" className="ModelRelief.Test.Integration.Models.ModelsBaseIntegrationTests" name="Delete_TargetModelIsDeleted" /></UnitTest><UnitTest name="PutFile_NewFileCanBePut" storage="d:\users\steve knipmeyer\documents\github\modelrelief\modelrelief.test\bin\debug\netcoreapp2.0\modelrelief.test.dll" id="cc5c80e6-6c9e-4276-9842-7f746da26216"><Execution id="983eff91-c14b-4216-b404-5646c4c87e14" /><TestMethod codeBase="D:\Users\Steve Knipmeyer\Documents\GitHub\ModelRelief\ModelRelief.test\bin\Debug\netcoreapp2.0\ModelRelief.Test.dll" adapterTypeName="executor://xunit/VsTestRunner2/netcoreapp" className="ModelRelief.Test.Integration.DepthBuffers.DepthBuffersFileIntegrationTests" name="PutFile_NewFileCanBePut" /></UnitTest><UnitTest name="Patch_MultipleInvalidReferencePropertiesReturnsMultipleValidationErrorsAndBadRequest" storage="d:\users\steve knipmeyer\documents\github\modelrelief\modelrelief.test\bin\debug\netcoreapp2.0\modelrelief.test.dll" id="d4504d2c-379e-4cb9-b717-605c1a310533"><Execution id="9bf26db1-ab54-48e8-992d-bf0f05bbdb50" /><TestMethod codeBase="D:\Users\Steve Knipmeyer\Documents\GitHub\ModelRelief\ModelRelief.test\bin\Debug\netcoreapp2.0\ModelRelief.Test.dll" adapterTypeName="executor://xunit/VsTestRunner2/netcoreapp" className="ModelRelief.Test.Integration.MeshTransforms.MeshTransformsBaseIntegrationTests" name="Patch_MultipleInvalidReferencePropertiesReturnsMultipleValidationErrorsAndBadRequest" /></UnitTest><UnitTest name="Put_InvalidIdReturnsNotFound" storage="d:\users\steve knipmeyer\documents\github\modelrelief\modelrelief.test\bin\debug\netcoreapp2.0\modelrelief.test.dll" id="23db50fb-8520-4bfc-9210-2cb4e9120f61"><Execution id="937ee52d-3920-4ec7-90eb-b99a852fd205" /><TestMethod codeBase="D:\Users\Steve Knipmeyer\Documents\GitHub\ModelRelief\ModelRelief.test\bin\Debug\netcoreapp2.0\ModelRelief.Test.dll" adapterTypeName="executor://xunit/VsTestRunner2/netcoreapp" className="ModelRelief.Test.Integration.Projects.ProjectsBaseIntegrationTests" name="Put_InvalidIdReturnsNotFound" /></UnitTest><UnitTest name="Patch_MultipleInvalidReferencePropertiesReturnsMultipleValidationErrorsAndBadRequest" storage="d:\users\steve knipmeyer\documents\github\modelrelief\modelrelief.test\bin\debug\netcoreapp2.0\modelrelief.test.dll" id="88de9bb0-7d3b-4eae-846b-86a8ae1e482f"><Execution id="1bc4f12d-2620-4548-bdf0-512badb80a2b" /><TestMethod codeBase="D:\Users\Steve Knipmeyer\Documents\GitHub\ModelRelief\ModelRelief.test\bin\Debug\netcoreapp2.0\ModelRelief.Test.dll" adapterTypeName="executor://xunit/VsTestRunner2/netcoreapp" className="ModelRelief.Test.Integration.Meshes.MeshesBaseIntegrationTests" name="Patch_MultipleInvalidReferencePropertiesReturnsMultipleValidationErrorsAndBadRequest" /></UnitTest><UnitTest name="GetSingle_InvalidIdPropertyValueReturnsNotFound" storage="d:\users\steve knipmeyer\documents\github\modelrelief\modelrelief.test\bin\debug\netcoreapp2.0\modelrelief.test.dll" id="9ec84b5f-6ba8-4b19-9b95-70c3383db49d"><Execution id="3f8f942c-93e6-40bc-bc17-e6e3fd9d1304" /><TestMethod codeBase="D:\Users\Steve Knipmeyer\Documents\GitHub\ModelRelief\ModelRelief.test\bin\Debug\netcoreapp2.0\ModelRelief.Test.dll" adapterTypeName="executor://xunit/VsTestRunner2/netcoreapp" className="ModelRelief.Test.Integration.Projects.ProjectsBaseIntegrationTests" name="GetSingle_InvalidIdPropertyValueReturnsNotFound" /></UnitTest><UnitTest name="PutFile_NewFileCanBePut" storage="d:\users\steve knipmeyer\documents\github\modelrelief\modelrelief.test\bin\debug\netcoreapp2.0\modelrelief.test.dll" id="a4bef13d-8f2f-4ce5-b88c-7813b9af3030"><Execution id="efc34eae-5d92-4c9f-a7a5-23727ee4a2bd" /><TestMethod codeBase="D:\Users\Steve Knipmeyer\Documents\GitHub\ModelRelief\ModelRelief.test\bin\Debug\netcoreapp2.0\ModelRelief.Test.dll" adapterTypeName="executor://xunit/VsTestRunner2/netcoreapp" className="ModelRelief.Test.Integration.Models.ModelsFileIntegrationTests" name="PutFile_NewFileCanBePut" /></UnitTest><UnitTest name="PutFile_NewFileCanBePut" storage="d:\users\steve knipmeyer\documents\github\modelrelief\modelrelief.test\bin\debug\netcoreapp2.0\modelrelief.test.dll" id="753ff84b-1549-499a-80c3-0280a2166fee"><Execution id="56aad486-e1c1-4ef4-a4ba-0cf1d8a94985" /><TestMethod codeBase="D:\Users\Steve Knipmeyer\Documents\GitHub\ModelRelief\ModelRelief.test\bin\Debug\netcoreapp2.0\ModelRelief.Test.dll" adapterTypeName="executor://xunit/VsTestRunner2/netcoreapp" className="ModelRelief.Test.Integration.Meshes.MeshesFileIntegrationTests" name="PutFile_NewFileCanBePut" /></UnitTest><UnitTest name="PostFile_FileTimeStampIsUpdatedAfterFileIsPosted" storage="d:\users\steve knipmeyer\documents\github\modelrelief\modelrelief.test\bin\debug\netcoreapp2.0\modelrelief.test.dll" id="ae27fee0-44a7-44b2-aba4-78cf2a86dc7e"><Execution id="8e4438db-95ac-4253-b2e1-6f58511c50f1" /><TestMethod codeBase="D:\Users\Steve Knipmeyer\Documents\GitHub\ModelRelief\ModelRelief.test\bin\Debug\netcoreapp2.0\ModelRelief.Test.dll" adapterTypeName="executor://xunit/VsTestRunner2/netcoreapp" className="ModelRelief.Test.Integration.Meshes.MeshesFileIntegrationTests" name="PostFile_FileTimeStampIsUpdatedAfterFileIsPosted" /></UnitTest><UnitTest name="Patch_TargetPropertyIsUpdated" storage="d:\users\steve knipmeyer\documents\github\modelrelief\modelrelief.test\bin\debug\netcoreapp2.0\modelrelief.test.dll" id="73e7d4e9-dc46-42ad-980b-2f571a2b2bbf"><Execution id="df003796-d05d-47b5-8b42-c5b8b8a9ec41" /><TestMethod codeBase="D:\Users\Steve Knipmeyer\Documents\GitHub\ModelRelief\ModelRelief.test\bin\Debug\netcoreapp2.0\ModelRelief.Test.dll" adapterTypeName="executor://xunit/VsTestRunner2/netcoreapp" className="ModelRelief.Test.Integration.Models.ModelsBaseIntegrationTests" name="Patch_TargetPropertyIsUpdated" /></UnitTest><UnitTest name="GetFile_ExistingFileReturnsSuccess" storage="d:\users\steve knipmeyer\documents\github\modelrelief\modelrelief.test\bin\debug\netcoreapp2.0\modelrelief.test.dll" id="d2c9152b-e32c-489c-b10a-7974e9e2859d"><Execution id="34f66323-b47d-4280-983e-0db6955b63fe" /><TestMethod codeBase="D:\Users\Steve Knipmeyer\Documents\GitHub\ModelRelief\ModelRelief.test\bin\Debug\netcoreapp2.0\ModelRelief.Test.dll" adapterTypeName="executor://xunit/VsTestRunner2/netcoreapp" className="ModelRelief.Test.Integration.Meshes.MeshesFileIntegrationTests" name="GetFile_ExistingFileReturnsSuccess" /></UnitTest><UnitTest name="FileRequest_FileCanBeReadAfterRename" storage="d:\users\steve knipmeyer\documents\github\modelrelief\modelrelief.test\bin\debug\netcoreapp2.0\modelrelief.test.dll" id="4d156c5f-f0ef-45e3-8bd5-b5b7133ae895"><Execution id="57423ef8-0dc8-49a3-9f79-a8ec6b8e5553" /><TestMethod codeBase="D:\Users\Steve Knipmeyer\Documents\GitHub\ModelRelief\ModelRelief.test\bin\Debug\netcoreapp2.0\ModelRelief.Test.dll" adapterTypeName="executor://xunit/VsTestRunner2/netcoreapp" className="ModelRelief.Test.Integration.Models.ModelsFileIntegrationTests" name="FileRequest_FileCanBeReadAfterRename" /></UnitTest><UnitTest name="Delete_TargetModelIsDeleted" storage="d:\users\steve knipmeyer\documents\github\modelrelief\modelrelief.test\bin\debug\netcoreapp2.0\modelrelief.test.dll" id="a4949278-a3d0-4b3d-a3fe-cb7c23bd61ac"><Execution id="94a94af3-2f07-42af-ae93-bb6ac2175ac4" /><TestMethod codeBase="D:\Users\Steve Knipmeyer\Documents\GitHub\ModelRelief\ModelRelief.test\bin\Debug\netcoreapp2.0\ModelRelief.Test.dll" adapterTypeName="executor://xunit/VsTestRunner2/netcoreapp" className="ModelRelief.Test.Integration.MeshTransforms.MeshTransformsBaseIntegrationTests" name="Delete_TargetModelIsDeleted" /></UnitTest><UnitTest name="PostFile_FileIsSynchronizedIsUpdatedAfterFileIsPosted" storage="d:\users\steve knipmeyer\documents\github\modelrelief\modelrelief.test\bin\debug\netcoreapp2.0\modelrelief.test.dll" id="3a6a4702-a749-4cd9-954c-9dd7343a43b1"><Execution id="0d857edf-7c15-4aab-9ce3-f93bbabdee5d" /><TestMethod codeBase="D:\Users\Steve Knipmeyer\Documents\GitHub\ModelRelief\ModelRelief.test\bin\Debug\netcoreapp2.0\ModelRelief.Test.dll" adapterTypeName="executor://xunit/VsTestRunner2/netcoreapp" className="ModelRelief.Test.Integration.DepthBuffers.DepthBuffersFileIntegrationTests" name="PostFile_FileIsSynchronizedIsUpdatedAfterFileIsPosted" /></UnitTest><UnitTest name="Put_ValidReferencePropertyUpdatesModel" storage="d:\users\steve knipmeyer\documents\github\modelrelief\modelrelief.test\bin\debug\netcoreapp2.0\modelrelief.test.dll" id="9c13b797-25c6-473c-a007-820fc9f387f3"><Execution id="02be7610-7ab9-494f-93f1-a246c9e7cb5f" /><TestMethod codeBase="D:\Users\Steve Knipmeyer\Documents\GitHub\ModelRelief\ModelRelief.test\bin\Debug\netcoreapp2.0\ModelRelief.Test.dll" adapterTypeName="executor://xunit/VsTestRunner2/netcoreapp" className="ModelRelief.Test.Integration.Meshes.MeshesBaseIntegrationTests" name="Put_ValidReferencePropertyUpdatesModel" /></UnitTest></TestDefinitions><TestEntries><TestEntry testId="7f649cc2-1a6d-454f-8ead-3bca415dbb29" executionId="52c2f4b6-c20f-4512-950e-a57c0a96229d" testListId="8c84fa94-04c1-424b-9868-57a2d4851a1d" /><TestEntry testId="cc6c2cf0-74a5-4db4-a752-945cfc3aafbe" executionId="f3a1a391-6a77-4357-bfb3-0a712712977d" testListId="8c84fa94-04c1-424b-9868-57a2d4851a1d" /><TestEntry testId="fcb8ba67-0359-43ee-9bd0-058b28097f5a" executionId="fd1280df-f99b-4d4b-b83f-1857ca1b7dce" testListId="8c84fa94-04c1-424b-9868-57a2d4851a1d" /><TestEntry testId="a2a8ce33-119b-442c-931a-ff935a9a16cd" executionId="fb0844a4-3bc2-4c64-ae35-f1eb360ee313" testListId="8c84fa94-04c1-424b-9868-57a2d4851a1d" /><TestEntry testId="4f180168-a799-469c-bece-ef9e90e03cc7" executionId="54bff384-a00f-4e17-ac87-cc46aae78c60" testListId="8c84fa94-04c1-424b-9868-57a2d4851a1d" /><TestEntry testId="8140e3dc-13c3-4aa9-8f5d-33c605749f2c" executionId="bb04db07-abbf-403c-acac-5646545620b2" testListId="8c84fa94-04c1-424b-9868-57a2d4851a1d" /><TestEntry testId="e5fc5bc5-fe1b-485a-8a3a-43217bd722a1" executionId="cccc5c07-bfef-405f-8590-a6a033a0b088" testListId="8c84fa94-04c1-424b-9868-57a2d4851a1d" /><TestEntry testId="9a253360-b10c-435b-86aa-c7629f3d1b60" executionId="4f6ae549-8ab8-496c-b000-05f45849615a" testListId="8c84fa94-04c1-424b-9868-57a2d4851a1d" /><TestEntry testId="988a30ac-2e84-4c0e-97a6-8071e9c78605" executionId="baf66ec1-f14e-4ca3-866f-c86ab4d83031" testListId="8c84fa94-04c1-424b-9868-57a2d4851a1d" /><TestEntry testId="df1326f0-8bfc-47cb-8626-524b0af0a5f0" executionId="1c1ff774-dc3f-47ea-9111-3d4e94594689" testListId="8c84fa94-04c1-424b-9868-57a2d4851a1d" /><TestEntry testId="d4504d2c-379e-4cb9-b717-605c1a310533" executionId="9bf26db1-ab54-48e8-992d-bf0f05bbdb50" testListId="8c84fa94-04c1-424b-9868-57a2d4851a1d" /><TestEntry testId="26226a11-8edf-4aa3-8315-ab34c307bb91" executionId="447c4915-3f39-47aa-9e76-42643d20bb82" testListId="8c84fa94-04c1-424b-9868-57a2d4851a1d" /><TestEntry testId="56ef9c14-c9ec-493c-9dbf-b2ef829eff5a" executionId="862199fb-f4fb-43c0-9b93-0b4c6b802020" testListId="8c84fa94-04c1-424b-9868-57a2d4851a1d" /><TestEntry testId="d495b7e2-4672-4d5b-ab57-03bb6602b9d1" executionId="fa27e7e1-59c5-47dd-9cb0-30161781caf2" testListId="8c84fa94-04c1-424b-9868-57a2d4851a1d" /><TestEntry testId="99b0462f-b9fb-42b1-8743-29b70976e03d" executionId="fdb44e82-8c7c-474a-943c-0af08c32ce35" testListId="8c84fa94-04c1-424b-9868-57a2d4851a1d" /><TestEntry testId="5cb59a7b-5a67-4b7b-8353-1254feb905ba" executionId="7d1c6a0b-477a-4915-9b77-4f5bfee1d992" testListId="8c84fa94-04c1-424b-9868-57a2d4851a1d" /><TestEntry testId="ca03c23a-26b4-4e3c-a45b-0b6ffd268fd6" executionId="d6cb0f83-b7f4-40e3-a79e-04d98d6ea5ef" testListId="8c84fa94-04c1-424b-9868-57a2d4851a1d" /><TestEntry testId="c05ffb24-deec-4360-83ed-41054a71216c" executionId="dee1b1fb-b678-422c-8433-dd80f936c11a" testListId="8c84fa94-04c1-424b-9868-57a2d4851a1d" /><TestEntry testId="73578340-c76b-497a-ad5f-2040cb049d32" executionId="ba690211-1f81-463f-a374-5eb75111ead7" testListId="8c84fa94-04c1-424b-9868-57a2d4851a1d" /><TestEntry testId="b4cc32e3-a7c8-469f-bf99-ab40a24c3e60" executionId="407405f3-80b2-4274-90a7-c00bfd143d13" testListId="8c84fa94-04c1-424b-9868-57a2d4851a1d" /><TestEntry testId="a8888ce8-c610-43a2-b45f-b27fb2e552ce" executionId="99e3d04f-0bde-4eb6-bcf7-32c567297930" testListId="8c84fa94-04c1-424b-9868-57a2d4851a1d" /><TestEntry testId="262e1547-45ab-4df1-9576-3cf606d864da" executionId="9a637811-25fb-4b53-bddf-09f609e86768" testListId="8c84fa94-04c1-424b-9868-57a2d4851a1d" /><TestEntry testId="febdd6b2-9c30-4b64-9545-98e10df55a29" executionId="a17bbdf3-d6b4-45f6-9465-ab16cc9bbcc8" testListId="8c84fa94-04c1-424b-9868-57a2d4851a1d" /><TestEntry testId="4d156c5f-f0ef-45e3-8bd5-b5b7133ae895" executionId="57423ef8-0dc8-49a3-9f79-a8ec6b8e5553" testListId="8c84fa94-04c1-424b-9868-57a2d4851a1d" /><TestEntry testId="936a0745-3bf1-4da4-9309-fa8d8e1532a4" executionId="ca4ab6e9-1d88-4cef-a6bf-6037b981d190" testListId="8c84fa94-04c1-424b-9868-57a2d4851a1d" /><TestEntry testId="72e12f8e-ed34-4561-a01f-184e1906a863" executionId="7fe4b10a-4e7c-4ed9-b906-bcd21bcf16f2" testListId="8c84fa94-04c1-424b-9868-57a2d4851a1d" /><TestEntry testId="9a9b9186-39cd-49d7-b2b2-7ac58c83831b" executionId="88202455-0d2b-47f6-b8eb-1632dca97728" testListId="8c84fa94-04c1-424b-9868-57a2d4851a1d" /><TestEntry testId="33bfc6aa-8a26-4cba-ade8-f5f7b18e78f1" executionId="1b739cc0-efc7-4f42-bf42-f2eebce48486" testListId="8c84fa94-04c1-424b-9868-57a2d4851a1d" /><TestEntry testId="35ffd269-a022-46c8-a2dc-5c7967192d17" executionId="2316e395-52f5-4386-a73f-0cf752ed01b2" testListId="8c84fa94-04c1-424b-9868-57a2d4851a1d" /><TestEntry testId="fe0a1271-5a65-42f1-ac2f-2e3d439914bb" executionId="cb0e2568-0e0b-4b30-8817-127439cd6bd5" testListId="8c84fa94-04c1-424b-9868-57a2d4851a1d" /><TestEntry testId="81c8767d-dd6d-4830-9e0c-0841c41c0c1f" executionId="407a3d9d-ae2d-4b91-b15f-61ed6251c168" testListId="8c84fa94-04c1-424b-9868-57a2d4851a1d" /><TestEntry testId="b539cf74-5705-48ea-81c2-f3547e21d180" executionId="b35cae52-4426-4773-8fbd-80f95c4c0ad0" testListId="8c84fa94-04c1-424b-9868-57a2d4851a1d" /><TestEntry testId="b96088b5-5853-41c8-a28f-708fe7ff49dd" executionId="eba9fdac-e98b-4b9c-921c-a27e24af6102" testListId="8c84fa94-04c1-424b-9868-57a2d4851a1d" /><TestEntry testId="89d5fcef-d1f3-47a3-95a3-3b72b3b3ef7b" executionId="9acc2018-46d0-49fa-bc4f-74d2941ad518" testListId="8c84fa94-04c1-424b-9868-57a2d4851a1d" /><TestEntry testId="73e7d4e9-dc46-42ad-980b-2f571a2b2bbf" executionId="df003796-d05d-47b5-8b42-c5b8b8a9ec41" testListId="8c84fa94-04c1-424b-9868-57a2d4851a1d" /><TestEntry testId="bd88b736-aa56-4e1d-9445-dc5dcbce1eef" executionId="01c8a9eb-c79e-4841-a104-c13cc2d95eae" testListId="8c84fa94-04c1-424b-9868-57a2d4851a1d" /><TestEntry testId="be803a20-0006-44ca-91fc-f59ed464e76a" executionId="51122756-eb07-49a1-9fcc-734f4e137f5c" testListId="8c84fa94-04c1-424b-9868-57a2d4851a1d" /><TestEntry testId="142efe30-425b-44e7-a1ef-04ae99f2de3c" executionId="56440ab4-b312-417e-a724-af107f094802" testListId="8c84fa94-04c1-424b-9868-57a2d4851a1d" /><TestEntry testId="a17d2cd5-8874-453c-81b7-a0564a11dd0d" executionId="fd7c78d3-d900-4a85-a8ff-77358932d7bd" testListId="8c84fa94-04c1-424b-9868-57a2d4851a1d" /><TestEntry testId="88de9bb0-7d3b-4eae-846b-86a8ae1e482f" executionId="1bc4f12d-2620-4548-bdf0-512badb80a2b" testListId="8c84fa94-04c1-424b-9868-57a2d4851a1d" /><TestEntry testId="585ba3fd-73d7-4657-87ca-5a4d96e7e2db" executionId="9ea3d597-bd66-45cc-b704-5d3eb1c8d57e" testListId="8c84fa94-04c1-424b-9868-57a2d4851a1d" /><TestEntry testId="753ff84b-1549-499a-80c3-0280a2166fee" executionId="56aad486-e1c1-4ef4-a4ba-0cf1d8a94985" testListId="8c84fa94-04c1-424b-9868-57a2d4851a1d" /><TestEntry testId="12500b8e-7845-4b36-b0ca-6314a1e5cf9d" executionId="19536066-01f4-44d3-a661-e50b5628a091" testListId="8c84fa94-04c1-424b-9868-57a2d4851a1d" /><TestEntry testId="f5bec480-6b12-422b-9a04-691a3d99115b" executionId="3dc7c506-3e7e-49bf-80e3-1456db9c53dc" testListId="8c84fa94-04c1-424b-9868-57a2d4851a1d" /><TestEntry testId="a4c22127-595a-47d7-a90a-32cf68d2a49b" executionId="5fbc9267-3a7f-4f96-bed0-7cdb10972cf9" testListId="8c84fa94-04c1-424b-9868-57a2d4851a1d" /><TestEntry testId="fa076e67-cdab-45ed-927c-8ac5ddd5d2fa" executionId="3b8ef7a0-e200-4b32-b53d-a8e9bd395fc4" testListId="8c84fa94-04c1-424b-9868-57a2d4851a1d" /><TestEntry testId="caa6e487-0cb8-4365-8d80-fe57ad018b39" executionId="959dbc2f-1471-438c-a5ac-3d21896186a6" testListId="8c84fa94-04c1-424b-9868-57a2d4851a1d" /><TestEntry testId="9b1b8952-9354-4f5b-8c79-76be5763cdb2" executionId="7618dbfe-0e77-4cfe-858a-466b40673c27" testListId="8c84fa94-04c1-424b-9868-57a2d4851a1d" /><TestEntry testId="a0460809-e1b8-4516-ac62-f313da5596fb" executionId="35de359f-6719-49ef-8031-eacedae1bb5d" testListId="8c84fa94-04c1-424b-9868-57a2d4851a1d" /><TestEntry testId="71ee6324-49be-4b1f-9673-90a3a756b808" executionId="73c74449-fa3c-4b40-a675-9eddd9ccd51c" testListId="8c84fa94-04c1-424b-9868-57a2d4851a1d" /><TestEntry testId="ccadb377-97d7-47ff-8072-cd504d9d2a2b" executionId="35cf86b6-be50-4bf2-89b6-5197dc84dad5" testListId="8c84fa94-04c1-424b-9868-57a2d4851a1d" /><TestEntry testId="82e079a7-dc59-4029-a537-40abc6986844" executionId="e4e55aa9-4148-41ee-ba75-9d500709af04" testListId="8c84fa94-04c1-424b-9868-57a2d4851a1d" /><TestEntry testId="debde8eb-3f2b-4139-b58d-fdcbde1f31a0" executionId="6db3433c-ebe7-4be5-90fb-e4347e3576f9" testListId="8c84fa94-04c1-424b-9868-57a2d4851a1d" /><TestEntry testId="ffcb3f8c-e8a8-4076-a856-e4f5b202bbac" executionId="74f29286-2f8c-4938-abc4-fa9941903266" testListId="8c84fa94-04c1-424b-9868-57a2d4851a1d" /><TestEntry testId="983abbd1-6d64-4ef2-aba4-4fc379aa0688" executionId="b2aa3974-8324-47b4-be3c-9fcbf0918ea7" testListId="8c84fa94-04c1-424b-9868-57a2d4851a1d" /><TestEntry testId="1a578793-0ab3-4e2e-bb67-de01b4a1599f" executionId="3b89b64e-5671-4cde-8d94-f1190a5c61ac" testListId="8c84fa94-04c1-424b-9868-57a2d4851a1d" /><TestEntry testId="3347b341-851b-42fb-acc2-754e534804f6" executionId="0f94336e-41f4-48f4-b081-7db8c6519d6a" testListId="8c84fa94-04c1-424b-9868-57a2d4851a1d" /><TestEntry testId="b33a296c-cd23-4211-9bef-c6a76301ad36" executionId="1276fbbf-1e77-480e-88d6-b6425c78818b" testListId="8c84fa94-04c1-424b-9868-57a2d4851a1d" /><TestEntry testId="23be93c7-c4f2-4aca-af3c-bd369e8f087e" executionId="d363027e-f856-4612-a36f-7787136819a1" testListId="8c84fa94-04c1-424b-9868-57a2d4851a1d" /><TestEntry testId="eb2cfb8e-edaa-497e-a6be-6d1eb7387423" executionId="7cda6ab5-0368-4f35-b50f-821f763f4623" testListId="8c84fa94-04c1-424b-9868-57a2d4851a1d" /><TestEntry testId="82f0a24a-d95e-47ba-a864-972b909e8694" executionId="8da5d1a1-88f1-4302-8bd5-3e4dd4880a2f" testListId="8c84fa94-04c1-424b-9868-57a2d4851a1d" /><TestEntry testId="02789998-7656-41b0-bc9e-b1a60f5fbc69" executionId="5ef04cc7-ecbc-416c-a409-b9abddcfb21a" testListId="8c84fa94-04c1-424b-9868-57a2d4851a1d" /><TestEntry testId="8c8ba45f-fd57-439c-ae21-6ebf2a6a1030" executionId="94e1aca7-e17c-4203-ad54-7e2c12098c50" testListId="8c84fa94-04c1-424b-9868-57a2d4851a1d" /><TestEntry testId="5b6aec72-b3f3-4912-8a52-bdcac1fc276c" executionId="d2bd6620-02c5-4cb1-a6b0-9b969994f201" testListId="8c84fa94-04c1-424b-9868-57a2d4851a1d" /><TestEntry testId="fc4eb681-ac0b-4729-a7d4-e491467b62be" executionId="f6fe509e-aeef-4b38-a98b-5dd0a5205634" testListId="8c84fa94-04c1-424b-9868-57a2d4851a1d" /><TestEntry testId="5a1e077c-e68c-408b-94e4-44ab9f3f2c11" executionId="446f209a-cc6c-44af-a0c9-fe53b54111dc" testListId="8c84fa94-04c1-424b-9868-57a2d4851a1d" /><TestEntry testId="97c522eb-be8a-4b56-9bcf-db79dd635d15" executionId="0da7b0b1-637a-4bd5-a47f-058fbfeed34d" testListId="8c84fa94-04c1-424b-9868-57a2d4851a1d" /><TestEntry testId="d8c7f5d1-71c0-47a0-8178-eba75f0f018f" executionId="0f4ae9a9-bd63-4d7a-9a20-5f7c6c46a69c" testListId="8c84fa94-04c1-424b-9868-57a2d4851a1d" /><TestEntry testId="d7ccb7da-a0b4-4baa-b915-fb78634f160a" executionId="8d076129-039f-4039-ac36-a28b2ce20dde" testListId="8c84fa94-04c1-424b-9868-57a2d4851a1d" /><TestEntry testId="71231c36-9a91-4ecf-9e3a-62310394a52c" executionId="0ef7e805-9e0c-4c2a-9f44-d5c4fff9a072" testListId="8c84fa94-04c1-424b-9868-57a2d4851a1d" /><TestEntry testId="bf489894-0193-4e41-abc4-a36d47d12e38" executionId="40269559-a056-4102-92fe-84f0dcce6ef3" testListId="8c84fa94-04c1-424b-9868-57a2d4851a1d" /><TestEntry testId="5c5ca6c5-c399-442a-9e26-0e10631a3825" executionId="696d201a-ee90-4ed4-925b-933761e72e8e" testListId="8c84fa94-04c1-424b-9868-57a2d4851a1d" /><TestEntry testId="b2da3248-0dcb-4b5a-9377-32251ea0998d" executionId="d903ebf8-a586-46f3-b8ce-cb8f506b5eb9" testListId="8c84fa94-04c1-424b-9868-57a2d4851a1d" /><TestEntry testId="0236f941-ba8f-4c90-ad08-0046242a0d0f" executionId="c813b0b7-3f2b-4cd2-8893-2b5f8a09959f" testListId="8c84fa94-04c1-424b-9868-57a2d4851a1d" /><TestEntry testId="34f2b3d2-0f2d-43ba-87f9-b36595585d11" executionId="25ccf97a-90fd-4ee9-ab99-cc8b4af33432" testListId="8c84fa94-04c1-424b-9868-57a2d4851a1d" /><TestEntry testId="3a6a4702-a749-4cd9-954c-9dd7343a43b1" executionId="0d857edf-7c15-4aab-9ce3-f93bbabdee5d" testListId="8c84fa94-04c1-424b-9868-57a2d4851a1d" /><TestEntry testId="4a050bbd-f5ce-4d89-924e-a7b65d8b2508" executionId="843b12a9-7cc4-4e53-b6ca-a928130b6737" testListId="8c84fa94-04c1-424b-9868-57a2d4851a1d" /><TestEntry testId="886b7040-f054-41aa-bc83-7dc86e6eeefc" executionId="6d03983f-9902-4763-8b95-1e608f458167" testListId="8c84fa94-04c1-424b-9868-57a2d4851a1d" /><TestEntry testId="34e745ec-91ed-4e5c-b5c8-fbbf4b1bcd9b" executionId="b132dcf9-f1aa-4c31-88ec-fbe475b63b28" testListId="8c84fa94-04c1-424b-9868-57a2d4851a1d" /><TestEntry testId="ae27fee0-44a7-44b2-aba4-78cf2a86dc7e" executionId="8e4438db-95ac-4253-b2e1-6f58511c50f1" testListId="8c84fa94-04c1-424b-9868-57a2d4851a1d" /><TestEntry testId="37745f08-c785-46c9-b971-b9c570a88009" executionId="d13acf2b-88f2-479d-95ef-75fe4ce2e41d" testListId="8c84fa94-04c1-424b-9868-57a2d4851a1d" /><TestEntry testId="7c795b79-956c-4cd7-8ce6-9ccb2a592003" executionId="a052d5b6-7838-4147-8a42-a632bf0a5dee" testListId="8c84fa94-04c1-424b-9868-57a2d4851a1d" /><TestEntry testId="b202ba96-0710-464b-8472-36c92dfae1a1" executionId="2301ee5b-0c8a-46a1-8655-34346f5b9b0e" testListId="8c84fa94-04c1-424b-9868-57a2d4851a1d" /><TestEntry testId="12741da3-bd60-4aaa-9405-648a2e068936" executionId="a3c29e4d-6e0c-4c28-b983-650c84fbe6b2" testListId="8c84fa94-04c1-424b-9868-57a2d4851a1d" /><TestEntry testId="d0b2239d-b99a-4440-a6f3-c7c1221fffd4" executionId="0baf01f7-492b-4793-a3ea-0eba13761f39" testListId="8c84fa94-04c1-424b-9868-57a2d4851a1d" /><TestEntry testId="06157cfd-407c-4dd2-a7ef-268768443b4c" executionId="507927af-7b37-450f-b1b7-21123a41d6b1" testListId="8c84fa94-04c1-424b-9868-57a2d4851a1d" /><TestEntry testId="a4bef13d-8f2f-4ce5-b88c-7813b9af3030" executionId="efc34eae-5d92-4c9f-a7a5-23727ee4a2bd" testListId="8c84fa94-04c1-424b-9868-57a2d4851a1d" /><TestEntry testId="64fd4dca-8d15-4c25-95d6-59d34cd2ae25" executionId="c1b8132a-d222-462b-9d3b-130749f69ac5" testListId="8c84fa94-04c1-424b-9868-57a2d4851a1d" /><TestEntry testId="a0f9e81f-3d60-440e-83df-1a7da9bfc95f" executionId="1e9ec0e9-3b37-4380-b36d-da8053c18427" testListId="8c84fa94-04c1-424b-9868-57a2d4851a1d" /><TestEntry testId="2c8c1a59-eefb-4c20-b3de-357c3f18898f" executionId="eb217123-ee9f-4b3f-b2a3-0768c79d9048" testListId="8c84fa94-04c1-424b-9868-57a2d4851a1d" /><TestEntry testId="d2c9152b-e32c-489c-b10a-7974e9e2859d" executionId="34f66323-b47d-4280-983e-0db6955b63fe" testListId="8c84fa94-04c1-424b-9868-57a2d4851a1d" /><TestEntry testId="5b8c9e12-1ac3-4044-a08a-10193019563a" executionId="efd61f02-79ed-419f-9b0c-68d98daef72b" testListId="8c84fa94-04c1-424b-9868-57a2d4851a1d" /><TestEntry testId="b315a46a-2be0-4c72-94c6-cf692ea6c822" executionId="22fec336-2322-4863-a264-435ad9f7fbf0" testListId="8c84fa94-04c1-424b-9868-57a2d4851a1d" /><TestEntry testId="e5e25f7c-1019-4db1-ac0c-4a5d037ef160" executionId="ce8a63e4-5d13-4422-8b32-fce6d43958e5" testListId="8c84fa94-04c1-424b-9868-57a2d4851a1d" /><TestEntry testId="b3bc8310-b844-4c3b-973e-b22478ac932f" executionId="c6692ff3-bfaa-4228-a664-f28bd20bcbc3" testListId="8c84fa94-04c1-424b-9868-57a2d4851a1d" /><TestEntry testId="54f2f360-e495-4efd-84c8-36db455fad69" executionId="0f8cecfe-5c48-4d49-923a-eff7c113f610" testListId="8c84fa94-04c1-424b-9868-57a2d4851a1d" /><TestEntry testId="30b807c7-276a-4bcb-97c7-ded4814141b4" executionId="499b5ceb-6bc4-49a8-bfe7-a441adf59207" testListId="8c84fa94-04c1-424b-9868-57a2d4851a1d" /><TestEntry testId="c9369eab-39bb-4484-8674-52c987056242" executionId="36590b13-5c7f-40fa-b82a-f784d85f617e" testListId="8c84fa94-04c1-424b-9868-57a2d4851a1d" /><TestEntry testId="57d67c5e-4dcd-46e0-a0e4-01c7391eb54e" executionId="3bfd8999-b497-4fc2-87f3-0633a7279f55" testListId="8c84fa94-04c1-424b-9868-57a2d4851a1d" /><TestEntry testId="62fef124-b15b-4cfd-a659-3f647f5993a2" executionId="2a8e5d69-d5db-4101-a1d2-2b1260b82b71" testListId="8c84fa94-04c1-424b-9868-57a2d4851a1d" /><TestEntry testId="96cdef2a-e1fa-404f-ac17-5d21a54a1679" executionId="9768a2bd-4cf5-4244-b6f6-3718cb32bdd2" testListId="8c84fa94-04c1-424b-9868-57a2d4851a1d" /><TestEntry testId="2ba4b9b8-74fe-4cc4-8c51-addf621f7843" executionId="33c68fa1-9991-4d00-8aeb-3c2de9903a71" testListId="8c84fa94-04c1-424b-9868-57a2d4851a1d" /><TestEntry testId="8aeed5d5-bdd0-412f-aeed-f351e2d33ca7" executionId="6f0324ec-9ca9-4d29-8262-d8d76b8a17c7" testListId="8c84fa94-04c1-424b-9868-57a2d4851a1d" /><TestEntry testId="9ec84b5f-6ba8-4b19-9b95-70c3383db49d" executionId="3f8f942c-93e6-40bc-bc17-e6e3fd9d1304" testListId="8c84fa94-04c1-424b-9868-57a2d4851a1d" /><TestEntry testId="ef5e6132-4129-44ec-9e7f-41a90e5361d5" executionId="468fd597-d097-48f7-a404-ae550cc002f0" testListId="8c84fa94-04c1-424b-9868-57a2d4851a1d" /><TestEntry testId="3261b66d-87a0-43de-98c7-13d23b4cdf26" executionId="2d723b70-dbdd-4565-b180-43aed29935be" testListId="8c84fa94-04c1-424b-9868-57a2d4851a1d" /><TestEntry testId="f9c0e0cb-eb65-4379-9ead-4c1809d45ffe" executionId="3456d427-a539-4dbe-a5dd-77b4b21456ca" testListId="8c84fa94-04c1-424b-9868-57a2d4851a1d" /><TestEntry testId="d9ef9f32-1f04-4d56-af5d-ed4866c0d7f1" executionId="449f93bd-4f9f-4b8a-ab4a-747212afce30" testListId="8c84fa94-04c1-424b-9868-57a2d4851a1d" /><TestEntry testId="8db1b63b-9bfc-4970-88ed-2b89b1e5f26a" executionId="ccf30de0-8622-41b7-b5e6-2b7e684147ac" testListId="8c84fa94-04c1-424b-9868-57a2d4851a1d" /><TestEntry testId="301919f2-7dd2-491e-9f97-36fc28f440e1" executionId="209b0bac-9edc-45a5-aeff-3a0dec6e5af4" testListId="8c84fa94-04c1-424b-9868-57a2d4851a1d" /><TestEntry testId="937d1c82-5e19-4b72-838e-11da0c668984" executionId="4e0525be-7c81-46f1-b130-048e2238d064" testListId="8c84fa94-04c1-424b-9868-57a2d4851a1d" /><TestEntry testId="7eb609da-52a1-4d1f-b691-08a3ced6d238" executionId="4a5d71a4-986b-4248-87d9-c79408e988bf" testListId="8c84fa94-04c1-424b-9868-57a2d4851a1d" /><TestEntry testId="66afe379-b814-4cf0-b8b1-5614ff3c6df1" executionId="5924afe0-8d03-4a49-8d1b-2e28abb49bcf" testListId="8c84fa94-04c1-424b-9868-57a2d4851a1d" /><TestEntry testId="931a6d7f-ba31-41f0-96b4-a893ff32d997" executionId="50e0a7be-6af6-4275-9588-c076a72484ad" testListId="8c84fa94-04c1-424b-9868-57a2d4851a1d" /><TestEntry testId="616362df-4379-4d10-8132-7db6ce445e72" executionId="0f61e465-cd83-4260-a71d-92d4d828d308" testListId="8c84fa94-04c1-424b-9868-57a2d4851a1d" /><TestEntry testId="eb5966af-ee97-40a9-9f08-de7e537ce57a" executionId="8495ca8d-456f-4baf-9a89-18ab8ec9240a" testListId="8c84fa94-04c1-424b-9868-57a2d4851a1d" /><TestEntry testId="1ce5bd1a-2e18-428b-89f9-b8f89f003fd3" executionId="2cfcbc78-307d-4b64-a4ee-e5c2cc41da44" testListId="8c84fa94-04c1-424b-9868-57a2d4851a1d" /><TestEntry testId="c66a2140-4dc6-48d1-afda-50d6ed0d6a02" executionId="d02bcf00-c822-4f36-97e2-27fb1545795f" testListId="8c84fa94-04c1-424b-9868-57a2d4851a1d" /><TestEntry testId="045c0be5-e564-494e-8ddb-dc5d009ebead" executionId="6128fe97-39c1-4a1b-a8a9-19b478a5b425" testListId="8c84fa94-04c1-424b-9868-57a2d4851a1d" /><TestEntry testId="48310de7-15be-4d68-be40-f32f54d3b012" executionId="3aa0280a-1c54-45ed-a3a8-99e86f113ed5" testListId="8c84fa94-04c1-424b-9868-57a2d4851a1d" /><TestEntry testId="6c33cf60-2ea9-4545-85bd-cac194b40d84" executionId="ab4287ff-487a-4969-9bd3-4e5b00b47143" testListId="8c84fa94-04c1-424b-9868-57a2d4851a1d" /><TestEntry testId="814eb085-dcb1-423f-966f-d7bce77eaf70" executionId="9d37fd6a-fe2d-43f0-9d6e-a1a940c31a49" testListId="8c84fa94-04c1-424b-9868-57a2d4851a1d" /><TestEntry testId="2a3dd9cc-e66e-4d0e-a33f-6bec639ef98c" executionId="d02ba5ba-e6b7-4d24-94c1-76e9657dbcde" testListId="8c84fa94-04c1-424b-9868-57a2d4851a1d" /><TestEntry testId="8e0f7ef5-f0d7-4927-ab94-b93db1c58516" executionId="61afc0bb-bfff-4caf-9c73-ae0322223019" testListId="8c84fa94-04c1-424b-9868-57a2d4851a1d" /><TestEntry testId="f551f9a6-a08c-4e11-9760-2081d5560966" executionId="51827143-aaa8-49a8-ab01-2ed0f95127d2" testListId="8c84fa94-04c1-424b-9868-57a2d4851a1d" /><TestEntry testId="392e97fd-ce83-43dd-a974-7403b42d9084" executionId="95f7bd27-d116-4c07-9ae5-ea8c16a64313" testListId="8c84fa94-04c1-424b-9868-57a2d4851a1d" /><TestEntry testId="88880355-ec10-4ac7-a06a-cfe011731b0d" executionId="ce05dd6b-fbd5-4e7e-8439-af5f8a34f4a6" testListId="8c84fa94-04c1-424b-9868-57a2d4851a1d" /><TestEntry testId="d87492e3-7b86-47f1-9d90-eb851458180c" executionId="66aa7122-32c0-42bb-b308-14f409331004" testListId="8c84fa94-04c1-424b-9868-57a2d4851a1d" /><TestEntry testId="2bcc1c6d-b707-485f-9263-7d5f665fc179" executionId="70670b9a-0410-419a-8ed9-9f0b858bd93b" testListId="8c84fa94-04c1-424b-9868-57a2d4851a1d" /><TestEntry testId="4314e409-214e-4d7d-8c7e-7242658264f7" executionId="ba16e6b2-774b-4ec2-b674-bb449e6d72d9" testListId="8c84fa94-04c1-424b-9868-57a2d4851a1d" /><TestEntry testId="3735eb16-ecd8-4b87-a439-5f4d1a6d72dc" executionId="a2dcce84-471e-41c4-9c19-fc0ab2863135" testListId="8c84fa94-04c1-424b-9868-57a2d4851a1d" /><TestEntry testId="f4695ca2-4c9c-4b18-8f62-4f92e64bd6c9" executionId="8ab25f7c-32b3-4880-8e9f-55f14c2e3eef" testListId="8c84fa94-04c1-424b-9868-57a2d4851a1d" /><TestEntry testId="0239df8a-26aa-4717-bbb1-eb0f3d2e3f8a" executionId="2f8dd21d-0bb2-44b2-bf8d-fdcb7c9b84fb" testListId="8c84fa94-04c1-424b-9868-57a2d4851a1d" /><TestEntry testId="8b72dbc8-f9e8-477b-8229-39e7c8d227d6" executionId="7a66531a-bcc3-45e8-a1e6-1d0f56c44f93" testListId="8c84fa94-04c1-424b-9868-57a2d4851a1d" /><TestEntry testId="79d2dc5b-f66b-4f59-b7e7-dfc96efb0ec2" executionId="87afd5c0-193c-4ca2-8bbc-94b10a41a689" testListId="8c84fa94-04c1-424b-9868-57a2d4851a1d" /><TestEntry testId="9c13b797-25c6-473c-a007-820fc9f387f3" executionId="02be7610-7ab9-494f-93f1-a246c9e7cb5f" testListId="8c84fa94-04c1-424b-9868-57a2d4851a1d" /><TestEntry testId="79b24a4a-c18a-4058-87f3-39661aa15c0e" executionId="52e0fae5-42fb-4eac-a34a-cb8e8759bde7" testListId="8c84fa94-04c1-424b-9868-57a2d4851a1d" /><TestEntry testId="a4949278-a3d0-4b3d-a3fe-cb7c23bd61ac" executionId="94a94af3-2f07-42af-ae93-bb6ac2175ac4" testListId="8c84fa94-04c1-424b-9868-57a2d4851a1d" /><TestEntry testId="5faa52b3-4f6d-46c6-974c-1fe3a520299e" executionId="7dce83b4-9454-48b0-b805-d1728fba21b8" testListId="8c84fa94-04c1-424b-9868-57a2d4851a1d" /><TestEntry testId="42a0887c-65ed-4e62-89f9-045822141e53" executionId="bbd39065-cf68-4a26-947a-f0c0b1d52ea9" testListId="8c84fa94-04c1-424b-9868-57a2d4851a1d" /><TestEntry testId="469018a0-00b5-4d7d-b89d-b10ee73eb12d" executionId="45a5f970-41a6-45fd-bd95-238497aaa63c" testListId="8c84fa94-04c1-424b-9868-57a2d4851a1d" /><TestEntry testId="beda7211-fc60-4d76-bde1-721669d7571d" executionId="a80dbe8d-8077-4081-801b-f7c924ad7670" testListId="8c84fa94-04c1-424b-9868-57a2d4851a1d" /><TestEntry testId="602291b5-90de-43e8-9a06-281d2d4eba14" executionId="a20a15b4-51b5-46b6-8287-36cb9dd40e88" testListId="8c84fa94-04c1-424b-9868-57a2d4851a1d" /><TestEntry testId="cc5c80e6-6c9e-4276-9842-7f746da26216" executionId="983eff91-c14b-4216-b404-5646c4c87e14" testListId="8c84fa94-04c1-424b-9868-57a2d4851a1d" /><TestEntry testId="028dcb85-ea29-4a38-ac33-21151e7d7668" executionId="7385a8eb-8e12-4654-b674-8da720022456" testListId="8c84fa94-04c1-424b-9868-57a2d4851a1d" /><TestEntry testId="efc7ca31-d00d-4439-b782-b9da11d4229d" executionId="3d29b065-81ed-481a-8e73-39962950cc6c" testListId="8c84fa94-04c1-424b-9868-57a2d4851a1d" /><TestEntry testId="981e0eaf-de2f-4038-b64a-9305b6b69ce9" executionId="e750c2a7-17e3-4395-8825-ffee336c2736" testListId="8c84fa94-04c1-424b-9868-57a2d4851a1d" /><TestEntry testId="23db50fb-8520-4bfc-9210-2cb4e9120f61" executionId="937ee52d-3920-4ec7-90eb-b99a852fd205" testListId="8c84fa94-04c1-424b-9868-57a2d4851a1d" /><TestEntry testId="70ff6740-ea31-48d7-8abf-5c6fb8339458" executionId="571ee221-c014-4614-8a68-f207918dbee1" testListId="8c84fa94-04c1-424b-9868-57a2d4851a1d" /><TestEntry testId="cf3508f3-9b27-4896-bca3-769533382cbb" executionId="8856beb4-cd7b-4ed9-8877-b86314f5cc09" testListId="8c84fa94-04c1-424b-9868-57a2d4851a1d" /><TestEntry testId="0a6d252a-e764-4d1f-a0bd-66bb930a09a1" executionId="84c4e23c-3a03-4d02-9ddb-1801708826bf" testListId="8c84fa94-04c1-424b-9868-57a2d4851a1d" /></TestEntries><TestLists><TestList name="Results Not in a List" id="8c84fa94-04c1-424b-9868-57a2d4851a1d" /><TestList name="All Loaded Results" id="19431567-8539-422a-85d7-44ee4e166bda" /></TestLists><ResultSummary outcome="Completed"><Counters total="151" executed="151" passed="151" failed="0" error="0" timeout="0" aborted="0" inconclusive="0" passedButRunAborted="0" notRunnable="0" notExecuted="0" disconnected="0" warning="0" completed="0" inProgress="0" pending="0" /><Output><StdOut>[xUnit.net 00:00:01.1102968]   Discovering: ModelRelief.Test[xUnit.net 00:00:01.2281817]   Discovered:  ModelRelief.Test[xUnit.net 00:00:01.2343849]   Starting:    ModelRelief.Test[xUnit.net 00:00:34.8746599]   Finished:    ModelRelief.Test</StdOut></Output></ResultSummary></TestRun>