<?xml version="1.0" encoding="utf-8"?><TestRun id="4d56b1db-a619-4644-a631-34025c7ff916" name="steve@LAMBDA 2018-07-19 11:53:36" runUser="LAMBDA\steve" xmlns="http://microsoft.com/schemas/VisualStudio/TeamTest/2010"><Times creation="2018-07-19T11:53:36.6127650-04:00" queuing="2018-07-19T11:53:36.6127774-04:00" start="2018-07-19T11:53:31.5136027-04:00" finish="2018-07-19T11:54:26.7658876-04:00" /><TestSettings name="default" id="02e452ea-f5b1-4707-8643-8ca5855e5179"><Deployment runDeploymentRoot="steve_LAMBDA_2018-07-19_11_53_36" /></TestSettings><Results><UnitTestResult executionId="fc449f83-6216-4baf-916f-16acb67b97a9" testId="9c6bd12b-67e6-4a37-9037-d2a6bb4bc0d2" testName="Post_InvalidPropertyValueReturnsBadRequest" computerName="LAMBDA" duration="00:00:00.0050000" startTime="2018-07-19T11:53:54.4976854-04:00" endTime="2018-07-19T11:53:54.4976957-04:00" testType="13cdc9d9-ddb5-4fa4-a97d-d965ccfc6d4b" outcome="Passed" testListId="8c84fa94-04c1-424b-9868-57a2d4851a1d" relativeResultsDirectory="fc449f83-6216-4baf-916f-16acb67b97a9" /><UnitTestResult executionId="2e4f42d7-b87b-4add-afeb-bec07536579f" testId="25fab48d-9057-44d2-9c28-683f5e19e4ad" testName="MeshTransformHasExpectedDependentFiles" computerName="LAMBDA" duration="00:00:00.0010000" startTime="2018-07-19T11:53:36.0695074-04:00" endTime="2018-07-19T11:53:36.0695100-04:00" testType="13cdc9d9-ddb5-4fa4-a97d-d965ccfc6d4b" outcome="Passed" testListId="8c84fa94-04c1-424b-9868-57a2d4851a1d" relativeResultsDirectory="2e4f42d7-b87b-4add-afeb-bec07536579f" /><UnitTestResult executionId="bbb2b8cc-dae6-4334-ac84-46f84a6dfeec" testId="9e042367-38ff-4d99-844f-420cf769a7a6" testName="Patch_MultipleInvalidReferencePropertiesReturnsMultipleValidationErrorsAndBadRequest" computerName="LAMBDA" duration="00:00:00.0400000" startTime="2018-07-19T11:53:53.8943976-04:00" endTime="2018-07-19T11:53:53.8944041-04:00" testType="13cdc9d9-ddb5-4fa4-a97d-d965ccfc6d4b" outcome="Passed" testListId="8c84fa94-04c1-424b-9868-57a2d4851a1d" relativeResultsDirectory="bbb2b8cc-dae6-4334-ac84-46f84a6dfeec" /><UnitTestResult executionId="1aa59ec7-d19c-4211-a11a-ae462ecb2ec4" testId="9b095ad4-5eba-426d-ac31-f1bbdc862da1" testName="GetFile_ExistingFileReturnsSuccess" computerName="LAMBDA" duration="00:00:00.0660000" startTime="2018-07-19T11:53:59.9706582-04:00" endTime="2018-07-19T11:53:59.9706731-04:00" testType="13cdc9d9-ddb5-4fa4-a97d-d965ccfc6d4b" outcome="Passed" testListId="8c84fa94-04c1-424b-9868-57a2d4851a1d" relativeResultsDirectory="1aa59ec7-d19c-4211-a11a-ae462ecb2ec4" /><UnitTestResult executionId="c1d86deb-0d44-47ff-aff0-cc257af48a64" testId="0214ff8a-6948-4711-9eb7-171fcfe148a1" testName="Post_InvalidReferencePropertyReturnsBadRequest" computerName="LAMBDA" duration="00:00:00.1010000" startTime="2018-07-19T11:53:38.8145012-04:00" endTime="2018-07-19T11:53:38.8145063-04:00" testType="13cdc9d9-ddb5-4fa4-a97d-d965ccfc6d4b" outcome="Passed" testListId="8c84fa94-04c1-424b-9868-57a2d4851a1d" relativeResultsDirectory="c1d86deb-0d44-47ff-aff0-cc257af48a64" /><UnitTestResult executionId="d4ea532d-4ce0-4986-ba49-81f484421922" testId="65ea1d44-1eee-4513-89b6-f48792ffc687" testName="CameraHasExpectedDependentFiles" computerName="LAMBDA" duration="00:00:00.0010000" startTime="2018-07-19T11:53:36.0692128-04:00" endTime="2018-07-19T11:53:36.0692149-04:00" testType="13cdc9d9-ddb5-4fa4-a97d-d965ccfc6d4b" outcome="Passed" testListId="8c84fa94-04c1-424b-9868-57a2d4851a1d" relativeResultsDirectory="d4ea532d-4ce0-4986-ba49-81f484421922" /><UnitTestResult executionId="6cfd7d1d-c49e-4468-a5a2-904d40e638b0" testId="67a849bf-c4f3-4575-815c-a9f96f5b329b" testName="Put_CanUpdateModel" computerName="LAMBDA" duration="00:00:00.3960000" startTime="2018-07-19T11:53:38.5045737-04:00" endTime="2018-07-19T11:53:38.5045878-04:00" testType="13cdc9d9-ddb5-4fa4-a97d-d965ccfc6d4b" outcome="Passed" testListId="8c84fa94-04c1-424b-9868-57a2d4851a1d" relativeResultsDirectory="6cfd7d1d-c49e-4468-a5a2-904d40e638b0" /><UnitTestResult executionId="aed4b41e-9bef-4531-80ed-a355007bce56" testId="5ff6ec48-1e81-45c5-a495-d7221f1e7e9f" testName="Patch_TargetPropertyIsUpdated" computerName="LAMBDA" duration="00:00:00.5040000" startTime="2018-07-19T11:53:37.6528120-04:00" endTime="2018-07-19T11:53:37.6528265-04:00" testType="13cdc9d9-ddb5-4fa4-a97d-d965ccfc6d4b" outcome="Passed" testListId="8c84fa94-04c1-424b-9868-57a2d4851a1d" relativeResultsDirectory="aed4b41e-9bef-4531-80ed-a355007bce56" /><UnitTestResult executionId="de15d078-fe52-4156-9e97-6f5829ac2d19" testId="ac64d332-d8a3-477a-af98-2a31534137b9" testName="Put_CanUpdateModel" computerName="LAMBDA" duration="00:00:00.4190000" startTime="2018-07-19T11:54:16.2766083-04:00" endTime="2018-07-19T11:54:16.2766199-04:00" testType="13cdc9d9-ddb5-4fa4-a97d-d965ccfc6d4b" outcome="Passed" testListId="8c84fa94-04c1-424b-9868-57a2d4851a1d" relativeResultsDirectory="de15d078-fe52-4156-9e97-6f5829ac2d19" /><UnitTestResult executionId="77795774-4699-4380-937c-de7e5790c8a1" testId="51954879-db0c-4877-bf6a-eca87c21a2f8" testName="Patch_InvalidPropertyNameReturnsBadRequest" computerName="LAMBDA" duration="00:00:00.0060000" startTime="2018-07-19T11:54:13.2881674-04:00" endTime="2018-07-19T11:54:13.2881734-04:00" testType="13cdc9d9-ddb5-4fa4-a97d-d965ccfc6d4b" outcome="Passed" testListId="8c84fa94-04c1-424b-9868-57a2d4851a1d" relativeResultsDirectory="77795774-4699-4380-937c-de7e5790c8a1" /><UnitTestResult executionId="7a364cfb-34a5-42fc-9a31-d19ff4edcd6f" testId="3d5e503f-49e8-4374-9900-6de2fd7fd9fd" testName="Put_ValidReferencePropertyUpdatesModel" computerName="LAMBDA" duration="00:00:00.4840000" startTime="2018-07-19T11:53:47.3175708-04:00" endTime="2018-07-19T11:53:47.3175858-04:00" testType="13cdc9d9-ddb5-4fa4-a97d-d965ccfc6d4b" outcome="Passed" testListId="8c84fa94-04c1-424b-9868-57a2d4851a1d" relativeResultsDirectory="7a364cfb-34a5-42fc-9a31-d19ff4edcd6f" /><UnitTestResult executionId="4c5fab2b-506c-4a5a-9c8c-6d69f939ff3e" testId="9e700915-dd46-4358-a3ed-c1bdf18b5bdb" testName="Put_InvalidReferencePropertyReturndBadRequest" computerName="LAMBDA" duration="00:00:00.1450000" startTime="2018-07-19T11:54:13.4333111-04:00" endTime="2018-07-19T11:54:13.4333162-04:00" testType="13cdc9d9-ddb5-4fa4-a97d-d965ccfc6d4b" outcome="Passed" testListId="8c84fa94-04c1-424b-9868-57a2d4851a1d" relativeResultsDirectory="4c5fab2b-506c-4a5a-9c8c-6d69f939ff3e" /><UnitTestResult executionId="a2a9b4db-f68a-4b15-b617-c3a36a71ff38" testId="4d599773-2210-46e5-b902-fca457925d53" testName="Post_InvalidReferencePropertyReturnsBadRequest" computerName="LAMBDA" duration="00:00:00.0120000" startTime="2018-07-19T11:54:15.1308523-04:00" endTime="2018-07-19T11:54:15.1308613-04:00" testType="13cdc9d9-ddb5-4fa4-a97d-d965ccfc6d4b" outcome="Passed" testListId="8c84fa94-04c1-424b-9868-57a2d4851a1d" relativeResultsDirectory="a2a9b4db-f68a-4b15-b617-c3a36a71ff38" /><UnitTestResult executionId="fd7c0094-bf9f-473c-8c15-20f39f92544f" testId="c7ed996d-ed17-4168-8aec-6b8d5442a5c6" testName="Patch_InvalidEnumPropertyValueReturnsBadRequest" computerName="LAMBDA" duration="00:00:00.0300000" startTime="2018-07-19T11:53:53.0609976-04:00" endTime="2018-07-19T11:53:53.0610125-04:00" testType="13cdc9d9-ddb5-4fa4-a97d-d965ccfc6d4b" outcome="Passed" testListId="8c84fa94-04c1-424b-9868-57a2d4851a1d" relativeResultsDirectory="fd7c0094-bf9f-473c-8c15-20f39f92544f" /><UnitTestResult executionId="c711a183-1b4c-44f3-bea6-3abe10fa50f5" testId="88b7a3f1-dab3-4edf-98a3-b5a83374325e" testName="Patch_ValidReferencePropertyUpdatesModel" computerName="LAMBDA" duration="00:00:00.4960000" startTime="2018-07-19T11:53:48.2025267-04:00" endTime="2018-07-19T11:53:48.2025412-04:00" testType="13cdc9d9-ddb5-4fa4-a97d-d965ccfc6d4b" outcome="Passed" testListId="8c84fa94-04c1-424b-9868-57a2d4851a1d" relativeResultsDirectory="c711a183-1b4c-44f3-bea6-3abe10fa50f5" /><UnitTestResult executionId="630777e2-52bb-4cc1-abe2-fa10027fc167" testId="f25bf219-bd58-4f2d-9105-ecf10c88362c" testName="Patch_MultipleInvalidReferencePropertiesReturnsMultipleValidationErrorsAndBadRequest" computerName="LAMBDA" duration="00:00:00.0020000" startTime="2018-07-19T11:53:38.6914980-04:00" endTime="2018-07-19T11:53:38.6915014-04:00" testType="13cdc9d9-ddb5-4fa4-a97d-d965ccfc6d4b" outcome="Passed" testListId="8c84fa94-04c1-424b-9868-57a2d4851a1d" relativeResultsDirectory="630777e2-52bb-4cc1-abe2-fa10027fc167" /><UnitTestResult executionId="ab11ac02-9a9e-40fc-a18d-7649a0a1098b" testId="d258cb5e-da30-4866-a18c-db84c3ac82a1" testName="GetSingle_ValidIdPropertyValueReturnsCorrectModel" computerName="LAMBDA" duration="00:00:00.0140000" startTime="2018-07-19T11:53:38.0917741-04:00" endTime="2018-07-19T11:53:38.0917831-04:00" testType="13cdc9d9-ddb5-4fa4-a97d-d965ccfc6d4b" outcome="Passed" testListId="8c84fa94-04c1-424b-9868-57a2d4851a1d" relativeResultsDirectory="ab11ac02-9a9e-40fc-a18d-7649a0a1098b" /><UnitTestResult executionId="c2772870-9f02-445b-846e-46a8380d4760" testId="fb9b4c1c-de26-475a-9e77-bed07a2e0007" testName="Put_InvalidReferencePropertyReturndBadRequest" computerName="LAMBDA" duration="00:00:00.0020000" startTime="2018-07-19T11:53:38.6933356-04:00" endTime="2018-07-19T11:53:38.6933386-04:00" testType="13cdc9d9-ddb5-4fa4-a97d-d965ccfc6d4b" outcome="Passed" testListId="8c84fa94-04c1-424b-9868-57a2d4851a1d" relativeResultsDirectory="c2772870-9f02-445b-846e-46a8380d4760" /><UnitTestResult executionId="2472bc2f-06c7-40cd-b5e4-536deb816ffc" testId="d2ba8bd9-2dc5-4c02-b74a-f368c920c9ba" testName="Delete_TargetModelIsDeleted" computerName="LAMBDA" duration="00:00:00.3050000" startTime="2018-07-19T11:53:42.4475371-04:00" endTime="2018-07-19T11:53:42.4475520-04:00" testType="13cdc9d9-ddb5-4fa4-a97d-d965ccfc6d4b" outcome="Passed" testListId="8c84fa94-04c1-424b-9868-57a2d4851a1d" relativeResultsDirectory="2472bc2f-06c7-40cd-b5e4-536deb816ffc" /><UnitTestResult executionId="17044ca5-469e-4823-8e02-9e47083e77db" testId="bcb3200a-23b3-4410-8c7d-6e5a6287f2ba" testName="Patch_ValidReferencePropertyUpdatesModel" computerName="LAMBDA" duration="00:00:00.3890000" startTime="2018-07-19T11:54:15.5675933-04:00" endTime="2018-07-19T11:54:15.5676091-04:00" testType="13cdc9d9-ddb5-4fa4-a97d-d965ccfc6d4b" outcome="Passed" testListId="8c84fa94-04c1-424b-9868-57a2d4851a1d" relativeResultsDirectory="17044ca5-469e-4823-8e02-9e47083e77db" /><UnitTestResult executionId="dd9d2336-88bb-41e5-9d88-56cf91089b92" testId="05b9ddbb-df08-4261-8599-c254eea850af" testName="Delete_TargetModelIsDeleted" computerName="LAMBDA" duration="00:00:00.2780000" startTime="2018-07-19T11:53:54.4152406-04:00" endTime="2018-07-19T11:53:54.4152556-04:00" testType="13cdc9d9-ddb5-4fa4-a97d-d965ccfc6d4b" outcome="Passed" testListId="8c84fa94-04c1-424b-9868-57a2d4851a1d" relativeResultsDirectory="dd9d2336-88bb-41e5-9d88-56cf91089b92" /><UnitTestResult executionId="dd47856c-6a60-4038-ae4d-6c73714a94fb" testId="d48927c7-13ce-45a3-9c66-85de48938e99" testName="PutFile_NewFileCanBePut" computerName="LAMBDA" duration="00:00:00.3970000" startTime="2018-07-19T11:54:21.8223717-04:00" endTime="2018-07-19T11:54:21.8223858-04:00" testType="13cdc9d9-ddb5-4fa4-a97d-d965ccfc6d4b" outcome="Passed" testListId="8c84fa94-04c1-424b-9868-57a2d4851a1d" relativeResultsDirectory="dd47856c-6a60-4038-ae4d-6c73714a94fb" /><UnitTestResult executionId="3f672d1b-4591-4818-8b91-8681829dd990" testId="61c72d10-e861-48de-a41a-4e5d32f816a4" testName="Patch_TargetPropertyIsUpdated" computerName="LAMBDA" duration="00:00:00.4740000" startTime="2018-07-19T11:54:26.5708472-04:00" endTime="2018-07-19T11:54:26.5708579-04:00" testType="13cdc9d9-ddb5-4fa4-a97d-d965ccfc6d4b" outcome="Passed" testListId="8c84fa94-04c1-424b-9868-57a2d4851a1d" relativeResultsDirectory="3f672d1b-4591-4818-8b91-8681829dd990" /><UnitTestResult executionId="ff7cdbff-931d-4e36-b22a-f2ae758e19a0" testId="f498edac-d61f-493e-b67d-64e2410954ab" testName="Patch_InvalidPropertyNameReturnsBadRequest" computerName="LAMBDA" duration="00:00:00.4660000" startTime="2018-07-19T11:53:36.5511431-04:00" endTime="2018-07-19T11:53:36.5511479-04:00" testType="13cdc9d9-ddb5-4fa4-a97d-d965ccfc6d4b" outcome="Passed" testListId="8c84fa94-04c1-424b-9868-57a2d4851a1d" relativeResultsDirectory="ff7cdbff-931d-4e36-b22a-f2ae758e19a0" /><UnitTestResult executionId="6823e1c6-9471-46b0-85fc-f49b21cc1617" testId="e60cd546-7c28-465a-b61e-784a563fed69" testName="GetSingle_InvalidIdPropertyValueReturnsNotFound" computerName="LAMBDA" duration="00:00:00.0120000" startTime="2018-07-19T11:53:38.1076131-04:00" endTime="2018-07-19T11:53:38.1076208-04:00" testType="13cdc9d9-ddb5-4fa4-a97d-d965ccfc6d4b" outcome="Passed" testListId="8c84fa94-04c1-424b-9868-57a2d4851a1d" relativeResultsDirectory="6823e1c6-9471-46b0-85fc-f49b21cc1617" /><UnitTestResult executionId="3d758f99-98cf-4edc-8c6c-294fcf9bad83" testId="91e01865-f74c-4015-a09b-6e270f712181" testName="Post_InvalidReferencePropertyReturnsBadRequest" computerName="LAMBDA" duration="00:00:00.0020000" startTime="2018-07-19T11:53:36.5695892-04:00" endTime="2018-07-19T11:53:36.5695913-04:00" testType="13cdc9d9-ddb5-4fa4-a97d-d965ccfc6d4b" outcome="Passed" testListId="8c84fa94-04c1-424b-9868-57a2d4851a1d" relativeResultsDirectory="3d758f99-98cf-4edc-8c6c-294fcf9bad83" /><UnitTestResult executionId="69352b54-0ece-4260-b873-259ffaac71df" testId="4908c6bb-d5a1-49e4-8878-0215e03109de" testName="LucyCameraFindsAllDependents" computerName="LAMBDA" duration="00:00:00.0090000" startTime="2018-07-19T11:53:36.0688429-04:00" endTime="2018-07-19T11:53:36.0688467-04:00" testType="13cdc9d9-ddb5-4fa4-a97d-d965ccfc6d4b" outcome="Passed" testListId="8c84fa94-04c1-424b-9868-57a2d4851a1d" relativeResultsDirectory="69352b54-0ece-4260-b873-259ffaac71df" /><UnitTestResult executionId="6ab7c9b7-259a-4130-9550-2df514732aee" testId="3d3f1f08-bbe3-4af4-a25b-495f9258ed1c" testName="Patch_InvalidEnumPropertyValueReturnsBadRequest" computerName="LAMBDA" duration="00:00:00.0070000" startTime="2018-07-19T11:53:41.8532050-04:00" endTime="2018-07-19T11:53:41.8532106-04:00" testType="13cdc9d9-ddb5-4fa4-a97d-d965ccfc6d4b" outcome="Passed" testListId="8c84fa94-04c1-424b-9868-57a2d4851a1d" relativeResultsDirectory="6ab7c9b7-259a-4130-9550-2df514732aee" /><UnitTestResult executionId="f1dadec7-72c1-40f9-a05a-78b55579e3bc" testId="35fa39d4-d93b-49c5-945f-13e68867cfed" testName="Patch_InvalidPropertyNameReturnsBadRequest" computerName="LAMBDA" duration="00:00:00.0160000" startTime="2018-07-19T11:53:45.9872045-04:00" endTime="2018-07-19T11:53:45.9872092-04:00" testType="13cdc9d9-ddb5-4fa4-a97d-d965ccfc6d4b" outcome="Passed" testListId="8c84fa94-04c1-424b-9868-57a2d4851a1d" relativeResultsDirectory="f1dadec7-72c1-40f9-a05a-78b55579e3bc" /><UnitTestResult executionId="8ceaa8cd-9a0a-40ba-9bca-f145de2779b3" testId="5f270949-3191-4d9a-90c0-7b0cd2c99325" testName="Post_InvalidPropertyValueReturnsBadRequest" computerName="LAMBDA" duration="00:00:00.0080000" startTime="2018-07-19T11:53:47.3268714-04:00" endTime="2018-07-19T11:53:47.3268903-04:00" testType="13cdc9d9-ddb5-4fa4-a97d-d965ccfc6d4b" outcome="Passed" testListId="8c84fa94-04c1-424b-9868-57a2d4851a1d" relativeResultsDirectory="8ceaa8cd-9a0a-40ba-9bca-f145de2779b3" /><UnitTestResult executionId="ec210ecd-81a7-478e-a5b9-9005d7a7433d" testId="e34a7026-2b4a-4d4c-9db6-ffb82f9110c9" testName="GetFile_FileCanBeRoundTripped" computerName="LAMBDA" duration="00:00:00.4960000" startTime="2018-07-19T11:53:45.7554015-04:00" endTime="2018-07-19T11:53:45.7554156-04:00" testType="13cdc9d9-ddb5-4fa4-a97d-d965ccfc6d4b" outcome="Passed" testListId="8c84fa94-04c1-424b-9868-57a2d4851a1d" relativeResultsDirectory="ec210ecd-81a7-478e-a5b9-9005d7a7433d" /><UnitTestResult executionId="8ed97388-94d9-4961-8dcf-91b7f0b95412" testId="79c955ef-8136-4dae-8a9e-213a6be21477" testName="PostFile_FileIsSynchronizedIsUpdatedAfterFileIsPosted" computerName="LAMBDA" duration="00:00:00.0020000" startTime="2018-07-19T11:53:45.7925577-04:00" endTime="2018-07-19T11:53:45.7925684-04:00" testType="13cdc9d9-ddb5-4fa4-a97d-d965ccfc6d4b" outcome="Passed" testListId="8c84fa94-04c1-424b-9868-57a2d4851a1d" relativeResultsDirectory="8ed97388-94d9-4961-8dcf-91b7f0b95412" /><UnitTestResult executionId="cc824b04-5059-497d-9f72-4020dc8441c9" testId="8e8259cf-a803-4848-b003-3555dd3c54dc" testName="FileRequest_MeshIsInvalidatedAfterDepthBufferFileBecomesUnsynchronized" computerName="LAMBDA" duration="00:00:03.5420000" startTime="2018-07-19T11:53:58.6422553-04:00" endTime="2018-07-19T11:53:58.6422703-04:00" testType="13cdc9d9-ddb5-4fa4-a97d-d965ccfc6d4b" outcome="Passed" testListId="8c84fa94-04c1-424b-9868-57a2d4851a1d" relativeResultsDirectory="cc824b04-5059-497d-9f72-4020dc8441c9" /><UnitTestResult executionId="477009a3-6e62-4da9-b931-0a69897adc37" testId="eae49d25-e3f0-4558-87f7-7cb3688b11ce" testName="GetFile_ExistingFileReturnsSuccess" computerName="LAMBDA" duration="00:00:00.0870000" startTime="2018-07-19T11:54:16.3665103-04:00" endTime="2018-07-19T11:54:16.3665252-04:00" testType="13cdc9d9-ddb5-4fa4-a97d-d965ccfc6d4b" outcome="Passed" testListId="8c84fa94-04c1-424b-9868-57a2d4851a1d" relativeResultsDirectory="477009a3-6e62-4da9-b931-0a69897adc37" /><UnitTestResult executionId="8a7ce572-0625-4254-a1b9-b0cacbd1bfc0" testId="a842e213-fb1b-46c4-ac0a-ca66da740c0a" testName="Put_ValidReferencePropertyUpdatesModel" computerName="LAMBDA" duration="00:00:00.4530000" startTime="2018-07-19T11:53:41.3720903-04:00" endTime="2018-07-19T11:53:41.3721070-04:00" testType="13cdc9d9-ddb5-4fa4-a97d-d965ccfc6d4b" outcome="Passed" testListId="8c84fa94-04c1-424b-9868-57a2d4851a1d" relativeResultsDirectory="8a7ce572-0625-4254-a1b9-b0cacbd1bfc0" /><UnitTestResult executionId="e92c5616-6916-455c-ba67-0d590887e274" testId="284d4569-d885-4a28-b4fa-8ca568551ae8" testName="LucyModel3dHasTwoDependents" computerName="LAMBDA" duration="00:00:00.3850000" startTime="2018-07-19T11:53:36.0602372-04:00" endTime="2018-07-19T11:53:36.0602415-04:00" testType="13cdc9d9-ddb5-4fa4-a97d-d965ccfc6d4b" outcome="Passed" testListId="8c84fa94-04c1-424b-9868-57a2d4851a1d" relativeResultsDirectory="e92c5616-6916-455c-ba67-0d590887e274" /><UnitTestResult executionId="17e2206c-f0b5-4a71-9c4c-ec6a3e7471d2" testId="6962993a-288d-4b50-9ffb-171420466ed5" testName="Post_InvalidReferencePropertyReturnsBadRequest" computerName="LAMBDA" duration="00:00:00.0130000" startTime="2018-07-19T11:54:24.1784185-04:00" endTime="2018-07-19T11:54:24.1784258-04:00" testType="13cdc9d9-ddb5-4fa4-a97d-d965ccfc6d4b" outcome="Passed" testListId="8c84fa94-04c1-424b-9868-57a2d4851a1d" relativeResultsDirectory="17e2206c-f0b5-4a71-9c4c-ec6a3e7471d2" /><UnitTestResult executionId="547bb51d-9313-40a5-bc95-587e67a70bdf" testId="200c03e2-d4ee-44ce-8027-4bf0d97c3216" testName="Delete_TargetModelIsDeleted" computerName="LAMBDA" duration="00:00:00.2300000" startTime="2018-07-19T11:54:13.6648076-04:00" endTime="2018-07-19T11:54:13.6648222-04:00" testType="13cdc9d9-ddb5-4fa4-a97d-d965ccfc6d4b" outcome="Passed" testListId="8c84fa94-04c1-424b-9868-57a2d4851a1d" relativeResultsDirectory="547bb51d-9313-40a5-bc95-587e67a70bdf" /><UnitTestResult executionId="840e5b42-efce-461f-8561-b1c38182bfa1" testId="3156b54c-8575-4fb3-b19c-899297b665c3" testName="Put_ValidReferencePropertyUpdatesModel" computerName="LAMBDA" duration="00:00:00.6290000" startTime="2018-07-19T11:54:15.0252136-04:00" endTime="2018-07-19T11:54:15.0252264-04:00" testType="13cdc9d9-ddb5-4fa4-a97d-d965ccfc6d4b" outcome="Passed" testListId="8c84fa94-04c1-424b-9868-57a2d4851a1d" relativeResultsDirectory="840e5b42-efce-461f-8561-b1c38182bfa1" /><UnitTestResult executionId="9991819e-3bea-46fe-9b82-c33137219d5a" testId="51eaf4f2-8db6-41a1-812b-2820abae4d39" testName="Patch_InvalidReferencePropertyReturnsBadRequest" computerName="LAMBDA" duration="00:00:00.0590000" startTime="2018-07-19T11:53:42.1409595-04:00" endTime="2018-07-19T11:53:42.1409744-04:00" testType="13cdc9d9-ddb5-4fa4-a97d-d965ccfc6d4b" outcome="Passed" testListId="8c84fa94-04c1-424b-9868-57a2d4851a1d" relativeResultsDirectory="9991819e-3bea-46fe-9b82-c33137219d5a" /><UnitTestResult executionId="339f7be4-c88c-4e12-8b43-7efe72841034" testId="3c83a60f-786e-418e-985a-f1f3bd5a1759" testName="PostFile_FileIsSynchronizedIsUpdatedAfterFileIsPosted" computerName="LAMBDA" duration="00:00:00.5180000" startTime="2018-07-19T11:54:22.3416576-04:00" endTime="2018-07-19T11:54:22.3416700-04:00" testType="13cdc9d9-ddb5-4fa4-a97d-d965ccfc6d4b" outcome="Passed" testListId="8c84fa94-04c1-424b-9868-57a2d4851a1d" relativeResultsDirectory="339f7be4-c88c-4e12-8b43-7efe72841034" /><UnitTestResult executionId="6953ac6c-5248-4960-b7e7-4465b7ada49b" testId="8f59d2bb-8493-4723-8206-eb5ae5886227" testName="Post_ValidReferencePropertyCreatesModel" computerName="LAMBDA" duration="00:00:00.2410000" startTime="2018-07-19T11:53:54.1362459-04:00" endTime="2018-07-19T11:53:54.1362604-04:00" testType="13cdc9d9-ddb5-4fa4-a97d-d965ccfc6d4b" outcome="Passed" testListId="8c84fa94-04c1-424b-9868-57a2d4851a1d" relativeResultsDirectory="6953ac6c-5248-4960-b7e7-4465b7ada49b" /><UnitTestResult executionId="2ad4570a-475f-41fb-9b85-69fe0d1bb682" testId="2d3c2a8f-2d41-4a59-a9d3-f35e9a227055" testName="Patch_InvalidPropertyNameReturnsBadRequest" computerName="LAMBDA" duration="00:00:00.0120000" startTime="2018-07-19T11:53:40.5182129-04:00" endTime="2018-07-19T11:53:40.5182206-04:00" testType="13cdc9d9-ddb5-4fa4-a97d-d965ccfc6d4b" outcome="Passed" testListId="8c84fa94-04c1-424b-9868-57a2d4851a1d" relativeResultsDirectory="2ad4570a-475f-41fb-9b85-69fe0d1bb682" /><UnitTestResult executionId="1826438c-53e6-46cb-900e-b9bd9e5f6a1e" testId="f0926f01-04d4-4805-bd6e-388cb6c5853a" testName="Put_InvalidReferencePropertyReturndBadRequest" computerName="LAMBDA" duration="00:00:00.0650000" startTime="2018-07-19T11:53:47.6918097-04:00" endTime="2018-07-19T11:53:47.6918174-04:00" testType="13cdc9d9-ddb5-4fa4-a97d-d965ccfc6d4b" outcome="Passed" testListId="8c84fa94-04c1-424b-9868-57a2d4851a1d" relativeResultsDirectory="1826438c-53e6-46cb-900e-b9bd9e5f6a1e" /><UnitTestResult executionId="b6ad54c5-172d-43aa-ab2d-4a0447bad906" testId="8c70b92e-2c93-4d6c-a09e-bdd823300d1b" testName="GetFile_NonExistentFileReturnsNotFound" computerName="LAMBDA" duration="00:00:00.0660000" startTime="2018-07-19T11:54:21.4240978-04:00" endTime="2018-07-19T11:54:21.4241055-04:00" testType="13cdc9d9-ddb5-4fa4-a97d-d965ccfc6d4b" outcome="Passed" testListId="8c84fa94-04c1-424b-9868-57a2d4851a1d" relativeResultsDirectory="b6ad54c5-172d-43aa-ab2d-4a0447bad906" /><UnitTestResult executionId="18ede9b4-4f2b-4143-b9b6-2c3e88971156" testId="602d4242-ee9b-4a71-8488-f9226270645e" testName="GetList_ListReturnsCorrectCount" computerName="LAMBDA" duration="00:00:00.1840000" startTime="2018-07-19T11:53:38.6891993-04:00" endTime="2018-07-19T11:53:38.6892053-04:00" testType="13cdc9d9-ddb5-4fa4-a97d-d965ccfc6d4b" outcome="Passed" testListId="8c84fa94-04c1-424b-9868-57a2d4851a1d" relativeResultsDirectory="18ede9b4-4f2b-4143-b9b6-2c3e88971156" /><UnitTestResult executionId="f01881fd-9959-4fe6-9026-fbbee95b6a03" testId="cb55fd4e-a683-46d1-a2fd-61614337f858" testName="Post_InvalidReferencePropertyReturnsBadRequest" computerName="LAMBDA" duration="00:00:00.0130000" startTime="2018-07-19T11:53:53.8536058-04:00" endTime="2018-07-19T11:53:53.8536156-04:00" testType="13cdc9d9-ddb5-4fa4-a97d-d965ccfc6d4b" outcome="Passed" testListId="8c84fa94-04c1-424b-9868-57a2d4851a1d" relativeResultsDirectory="f01881fd-9959-4fe6-9026-fbbee95b6a03" /><UnitTestResult executionId="a116a9d7-f5cf-4383-ade0-30554ea27030" testId="2f3ad9c6-a5f1-476c-8e59-c1f4369938aa" testName="Delete_TargetModelIsDeleted" computerName="LAMBDA" duration="00:00:00.4340000" startTime="2018-07-19T11:53:46.4221634-04:00" endTime="2018-07-19T11:53:46.4221775-04:00" testType="13cdc9d9-ddb5-4fa4-a97d-d965ccfc6d4b" outcome="Passed" testListId="8c84fa94-04c1-424b-9868-57a2d4851a1d" relativeResultsDirectory="a116a9d7-f5cf-4383-ade0-30554ea27030" /><UnitTestResult executionId="9f1b7b1a-0f5e-4e0c-8974-a79c81e368da" testId="2c91e52b-78e0-4843-ba40-98a046c58480" testName="Patch_InvalidIdPropertyReturnsNotFound" computerName="LAMBDA" duration="00:00:00.0130000" startTime="2018-07-19T11:53:53.8293702-04:00" endTime="2018-07-19T11:53:53.8293805-04:00" testType="13cdc9d9-ddb5-4fa4-a97d-d965ccfc6d4b" outcome="Passed" testListId="8c84fa94-04c1-424b-9868-57a2d4851a1d" relativeResultsDirectory="9f1b7b1a-0f5e-4e0c-8974-a79c81e368da" /><UnitTestResult executionId="5f44ca7e-5370-40cc-bb0a-a3b1083dd558" testId="6f0d8243-467b-4960-adba-1ced59b5c241" testName="Post_ValidReferencePropertyCreatesModel" computerName="LAMBDA" duration="00:00:00.2690000" startTime="2018-07-19T11:53:41.6713405-04:00" endTime="2018-07-19T11:53:41.6713567-04:00" testType="13cdc9d9-ddb5-4fa4-a97d-d965ccfc6d4b" outcome="Passed" testListId="8c84fa94-04c1-424b-9868-57a2d4851a1d" relativeResultsDirectory="5f44ca7e-5370-40cc-bb0a-a3b1083dd558" /><UnitTestResult executionId="b08e5311-3626-4429-ac58-2cdc054ab0c9" testId="3333af3c-ddf4-4f0d-bbe9-59ed3c382cc7" testName="Post_InvalidReferencePropertyReturnsBadRequest" computerName="LAMBDA" duration="00:00:00.0110000" startTime="2018-07-19T11:53:49.1601192-04:00" endTime="2018-07-19T11:53:49.1601286-04:00" testType="13cdc9d9-ddb5-4fa4-a97d-d965ccfc6d4b" outcome="Passed" testListId="8c84fa94-04c1-424b-9868-57a2d4851a1d" relativeResultsDirectory="b08e5311-3626-4429-ac58-2cdc054ab0c9" /><UnitTestResult executionId="288dc977-cd08-4403-b74e-8d9c64a5ee73" testId="0cf768ee-016e-4be2-a0dd-9c03ef6304e1" testName="Put_CanUpdateModel" computerName="LAMBDA" duration="00:00:01.0050000" startTime="2018-07-19T11:53:52.5532181-04:00" endTime="2018-07-19T11:53:52.5532292-04:00" testType="13cdc9d9-ddb5-4fa4-a97d-d965ccfc6d4b" outcome="Passed" testListId="8c84fa94-04c1-424b-9868-57a2d4851a1d" relativeResultsDirectory="288dc977-cd08-4403-b74e-8d9c64a5ee73" /><UnitTestResult executionId="e02a1d28-7119-4994-b20e-d4a72def337e" testId="0f57d37b-6952-47d5-ba38-cc0e20c2f794" testName="Put_InvalidReferencePropertyReturndBadRequest" computerName="LAMBDA" duration="00:00:00.0720000" startTime="2018-07-19T11:53:42.5215610-04:00" endTime="2018-07-19T11:53:42.5215751-04:00" testType="13cdc9d9-ddb5-4fa4-a97d-d965ccfc6d4b" outcome="Passed" testListId="8c84fa94-04c1-424b-9868-57a2d4851a1d" relativeResultsDirectory="e02a1d28-7119-4994-b20e-d4a72def337e" /><UnitTestResult executionId="99d30094-c64a-4e92-a7f2-fa73e903fff7" testId="3f48fce9-594e-408b-b4f5-04c50b5f5a70" testName="Patch_ValidReferencePropertyUpdatesModel" computerName="LAMBDA" duration="00:00:00.5070000" startTime="2018-07-19T11:54:25.6302822-04:00" endTime="2018-07-19T11:54:25.6302963-04:00" testType="13cdc9d9-ddb5-4fa4-a97d-d965ccfc6d4b" outcome="Passed" testListId="8c84fa94-04c1-424b-9868-57a2d4851a1d" relativeResultsDirectory="99d30094-c64a-4e92-a7f2-fa73e903fff7" /><UnitTestResult executionId="93357c80-6408-4a5d-a1e1-5fd0174348d5" testId="ebaa51b6-2a84-42d4-882c-1cd8af9138f5" testName="PostFile_NewFileCanBePosted" computerName="LAMBDA" duration="00:00:00.5300000" startTime="2018-07-19T11:54:22.8732330-04:00" endTime="2018-07-19T11:54:22.8732480-04:00" testType="13cdc9d9-ddb5-4fa4-a97d-d965ccfc6d4b" outcome="Passed" testListId="8c84fa94-04c1-424b-9868-57a2d4851a1d" relativeResultsDirectory="93357c80-6408-4a5d-a1e1-5fd0174348d5" /><UnitTestResult executionId="a177e58a-7020-411a-88d2-95833113b8a6" testId="054bfef9-aa66-459d-84ce-e1161d7a7b87" testName="GetSingle_ValidIdPropertyValueReturnsCorrectModel" computerName="LAMBDA" duration="00:00:00.0240000" startTime="2018-07-19T11:53:54.4401245-04:00" endTime="2018-07-19T11:53:54.4401339-04:00" testType="13cdc9d9-ddb5-4fa4-a97d-d965ccfc6d4b" outcome="Passed" testListId="8c84fa94-04c1-424b-9868-57a2d4851a1d" relativeResultsDirectory="a177e58a-7020-411a-88d2-95833113b8a6" /><UnitTestResult executionId="6f44cb5d-7285-4561-be14-31f5ee9823c5" testId="9a5e7d82-dd3a-4628-a4af-af92b81d345c" testName="Model3dHasExpectedDependentFiles" computerName="LAMBDA" duration="00:00:00.0480000" startTime="2018-07-19T11:53:35.6783424-04:00" endTime="2018-07-19T11:53:35.6783489-04:00" testType="13cdc9d9-ddb5-4fa4-a97d-d965ccfc6d4b" outcome="Passed" testListId="8c84fa94-04c1-424b-9868-57a2d4851a1d" relativeResultsDirectory="6f44cb5d-7285-4561-be14-31f5ee9823c5" /><UnitTestResult executionId="3f235309-5278-4339-9804-5d1fa3680a38" testId="222d44db-b6db-47be-a61a-eec7761def9f" testName="Patch_InvalidReferencePropertyReturnsBadRequest" computerName="LAMBDA" duration="00:00:00.0650000" startTime="2018-07-19T11:53:53.8033133-04:00" endTime="2018-07-19T11:53:53.8033205-04:00" testType="13cdc9d9-ddb5-4fa4-a97d-d965ccfc6d4b" outcome="Passed" testListId="8c84fa94-04c1-424b-9868-57a2d4851a1d" relativeResultsDirectory="3f235309-5278-4339-9804-5d1fa3680a38" /><UnitTestResult executionId="ef48e8d6-8b75-48ed-8017-17fefdeaa81f" testId="cc0cb3a4-a98d-4784-9bfd-5caf1b2a04b0" testName="PutFile_NewFileCanBePut" computerName="LAMBDA" duration="00:00:00.5170000" startTime="2018-07-19T11:53:43.0446962-04:00" endTime="2018-07-19T11:53:43.0447082-04:00" testType="13cdc9d9-ddb5-4fa4-a97d-d965ccfc6d4b" outcome="Passed" testListId="8c84fa94-04c1-424b-9868-57a2d4851a1d" relativeResultsDirectory="ef48e8d6-8b75-48ed-8017-17fefdeaa81f" /><UnitTestResult executionId="3321f334-290e-416f-aa30-f854fd7bb154" testId="0565486a-2065-436a-82a3-8cd1d94c0e77" testName="PostFile_FileIsSynchronizedIsUpdatedAfterFileIsPosted" computerName="LAMBDA" duration="00:00:00.4640000" startTime="2018-07-19T11:54:07.8519704-04:00" endTime="2018-07-19T11:54:07.8519845-04:00" testType="13cdc9d9-ddb5-4fa4-a97d-d965ccfc6d4b" outcome="Passed" testListId="8c84fa94-04c1-424b-9868-57a2d4851a1d" relativeResultsDirectory="3321f334-290e-416f-aa30-f854fd7bb154" /><UnitTestResult executionId="e4257d86-f1d4-4b3e-84e7-f1b99e60752f" testId="11dd1cb8-f217-420a-b21b-b256df06f769" testName="Post_CanCreateNewModel" computerName="LAMBDA" duration="00:00:00.2870000" startTime="2018-07-19T11:53:53.7372569-04:00" endTime="2018-07-19T11:53:53.7372714-04:00" testType="13cdc9d9-ddb5-4fa4-a97d-d965ccfc6d4b" outcome="Passed" testListId="8c84fa94-04c1-424b-9868-57a2d4851a1d" relativeResultsDirectory="e4257d86-f1d4-4b3e-84e7-f1b99e60752f" /><UnitTestResult executionId="f7bf6cc5-94a8-4f16-84e1-26a61f3ac4a2" testId="6e9b21b9-3216-404c-b14e-71c84e1d4659" testName="Patch_InvalidEnumPropertyValueReturnsBadRequest" computerName="LAMBDA" duration="00:00:00.0030000" startTime="2018-07-19T11:53:38.0952061-04:00" endTime="2018-07-19T11:53:38.0952116-04:00" testType="13cdc9d9-ddb5-4fa4-a97d-d965ccfc6d4b" outcome="Passed" testListId="8c84fa94-04c1-424b-9868-57a2d4851a1d" relativeResultsDirectory="f7bf6cc5-94a8-4f16-84e1-26a61f3ac4a2" /><UnitTestResult executionId="93635473-b226-4f16-8dee-241d277802d2" testId="9727fb3c-9673-42d2-8ce1-722643df7749" testName="Patch_TargetPropertyIsUpdated" computerName="LAMBDA" duration="00:00:00.4300000" startTime="2018-07-19T11:54:14.3950219-04:00" endTime="2018-07-19T11:54:14.3950369-04:00" testType="13cdc9d9-ddb5-4fa4-a97d-d965ccfc6d4b" outcome="Passed" testListId="8c84fa94-04c1-424b-9868-57a2d4851a1d" relativeResultsDirectory="93635473-b226-4f16-8dee-241d277802d2" /><UnitTestResult executionId="69a85173-de9a-4e82-98e8-f800f6d31b09" testId="0f784dd4-8346-49f0-bc13-aef505e1b4a4" testName="Post_CanCreateNewModel" computerName="LAMBDA" duration="00:00:00.2620000" startTime="2018-07-19T11:53:46.7298624-04:00" endTime="2018-07-19T11:53:46.7298773-04:00" testType="13cdc9d9-ddb5-4fa4-a97d-d965ccfc6d4b" outcome="Passed" testListId="8c84fa94-04c1-424b-9868-57a2d4851a1d" relativeResultsDirectory="69a85173-de9a-4e82-98e8-f800f6d31b09" /><UnitTestResult executionId="7c736776-9848-49af-9e28-d5a6f4ef7075" testId="f3d89ed3-8eaa-4604-92cf-2a4474d4e17e" testName="Post_CanCreateNewModel" computerName="LAMBDA" duration="00:00:00.2790000" startTime="2018-07-19T11:54:13.9630784-04:00" endTime="2018-07-19T11:54:13.9630925-04:00" testType="13cdc9d9-ddb5-4fa4-a97d-d965ccfc6d4b" outcome="Passed" testListId="8c84fa94-04c1-424b-9868-57a2d4851a1d" relativeResultsDirectory="7c736776-9848-49af-9e28-d5a6f4ef7075" /><UnitTestResult executionId="06edec1a-7e03-4a9f-ad7d-98519236dec5" testId="393716de-697b-4795-929f-798e8e2d0b76" testName="Post_CanCreateNewModel" computerName="LAMBDA" duration="00:00:00.2260000" startTime="2018-07-19T11:53:42.0801856-04:00" endTime="2018-07-19T11:53:42.0802010-04:00" testType="13cdc9d9-ddb5-4fa4-a97d-d965ccfc6d4b" outcome="Passed" testListId="8c84fa94-04c1-424b-9868-57a2d4851a1d" relativeResultsDirectory="06edec1a-7e03-4a9f-ad7d-98519236dec5" /><UnitTestResult executionId="fa42f1f3-1df7-47ed-ae8e-e7536c90c6a1" testId="32bf61d9-5ec4-4b24-bdec-14e9106e5b57" testName="GetSingle_InvalidIdPropertyValueReturnsNotFound" computerName="LAMBDA" duration="00:00:00.0280000" startTime="2018-07-19T11:54:15.5973293-04:00" endTime="2018-07-19T11:54:15.5973439-04:00" testType="13cdc9d9-ddb5-4fa4-a97d-d965ccfc6d4b" outcome="Passed" testListId="8c84fa94-04c1-424b-9868-57a2d4851a1d" relativeResultsDirectory="fa42f1f3-1df7-47ed-ae8e-e7536c90c6a1" /><UnitTestResult executionId="2b5744ed-9c54-4761-ac46-6bbad11438c4" testId="88abb1df-6086-4ee9-b3fb-620b6e5ce1b3" testName="Patch_MultipleInvalidReferencePropertiesReturnsMultipleValidationErrorsAndBadRequest" computerName="LAMBDA" duration="00:00:00.0820000" startTime="2018-07-19T11:54:25.0714661-04:00" endTime="2018-07-19T11:54:25.0714802-04:00" testType="13cdc9d9-ddb5-4fa4-a97d-d965ccfc6d4b" outcome="Passed" testListId="8c84fa94-04c1-424b-9868-57a2d4851a1d" relativeResultsDirectory="2b5744ed-9c54-4761-ac46-6bbad11438c4" /><UnitTestResult executionId="5b64a2b0-2c32-4643-a8d7-24e40b0b4d83" testId="8f10235c-196e-4675-b8a3-be77445272b7" testName="Patch_TargetPropertyIsUpdated" computerName="LAMBDA" duration="00:00:00.3870000" startTime="2018-07-19T11:53:53.4495616-04:00" endTime="2018-07-19T11:53:53.4495761-04:00" testType="13cdc9d9-ddb5-4fa4-a97d-d965ccfc6d4b" outcome="Passed" testListId="8c84fa94-04c1-424b-9868-57a2d4851a1d" relativeResultsDirectory="5b64a2b0-2c32-4643-a8d7-24e40b0b4d83" /><UnitTestResult executionId="5a8bdada-170b-40c6-bb64-d8a99ce2b371" testId="4b3e36b5-f82d-4c3f-b4d3-e75d35fdcdc7" testName="PutFile_FileCanBeUpdated" computerName="LAMBDA" duration="00:00:00.8190000" startTime="2018-07-19T11:54:18.9663324-04:00" endTime="2018-07-19T11:54:18.9663469-04:00" testType="13cdc9d9-ddb5-4fa4-a97d-d965ccfc6d4b" outcome="Passed" testListId="8c84fa94-04c1-424b-9868-57a2d4851a1d" relativeResultsDirectory="5a8bdada-170b-40c6-bb64-d8a99ce2b371" /><UnitTestResult executionId="8666f17d-e199-47aa-89d0-3bd63c49172f" testId="017dfb9a-caa1-437c-8299-2be91bc4d19b" testName="Put_CanUpdateModel" computerName="LAMBDA" duration="00:00:00.5960000" startTime="2018-07-19T11:53:40.3639058-04:00" endTime="2018-07-19T11:53:40.3639199-04:00" testType="13cdc9d9-ddb5-4fa4-a97d-d965ccfc6d4b" outcome="Passed" testListId="8c84fa94-04c1-424b-9868-57a2d4851a1d" relativeResultsDirectory="8666f17d-e199-47aa-89d0-3bd63c49172f" /><UnitTestResult executionId="7dddeb9e-2b6b-4994-b9fd-ec0e96e38d6d" testId="ec14dc64-99f0-4e10-9f29-6cc467a78aa5" testName="GetFile_ExistingFileReturnsSuccess" computerName="LAMBDA" duration="00:00:00.1700000" startTime="2018-07-19T11:53:44.0006162-04:00" endTime="2018-07-19T11:53:44.0006239-04:00" testType="13cdc9d9-ddb5-4fa4-a97d-d965ccfc6d4b" outcome="Passed" testListId="8c84fa94-04c1-424b-9868-57a2d4851a1d" relativeResultsDirectory="7dddeb9e-2b6b-4994-b9fd-ec0e96e38d6d" /><UnitTestResult executionId="94a1870a-c338-47b9-b670-fb583142d071" testId="b4e3d700-f0bd-4c50-b99d-bd0e9f6e9737" testName="Patch_InvalidIdPropertyReturnsNotFound" computerName="LAMBDA" duration="00:00:00.0180000" startTime="2018-07-19T11:54:25.0907255-04:00" endTime="2018-07-19T11:54:25.0907409-04:00" testType="13cdc9d9-ddb5-4fa4-a97d-d965ccfc6d4b" outcome="Passed" testListId="8c84fa94-04c1-424b-9868-57a2d4851a1d" relativeResultsDirectory="94a1870a-c338-47b9-b670-fb583142d071" /><UnitTestResult executionId="b7a20ee7-9331-4fe3-ac12-757df6a214b9" testId="cd95a553-3b57-4404-aa6c-31e17934b311" testName="GetSingle_ValidIdPropertyValueReturnsCorrectModel" computerName="LAMBDA" duration="00:00:00.0080000" startTime="2018-07-19T11:53:40.5309412-04:00" endTime="2018-07-19T11:53:40.5309472-04:00" testType="13cdc9d9-ddb5-4fa4-a97d-d965ccfc6d4b" outcome="Passed" testListId="8c84fa94-04c1-424b-9868-57a2d4851a1d" relativeResultsDirectory="b7a20ee7-9331-4fe3-ac12-757df6a214b9" /><UnitTestResult executionId="4859b71c-11ac-4eb6-9f62-bb629f984bd8" testId="eb63a217-f681-4c89-a755-ebc729d4e317" testName="FileRequest_FileCanBeReadAfterRename" computerName="LAMBDA" duration="00:00:00.7410000" startTime="2018-07-19T11:54:08.5940924-04:00" endTime="2018-07-19T11:54:08.5941039-04:00" testType="13cdc9d9-ddb5-4fa4-a97d-d965ccfc6d4b" outcome="Passed" testListId="8c84fa94-04c1-424b-9868-57a2d4851a1d" relativeResultsDirectory="4859b71c-11ac-4eb6-9f62-bb629f984bd8" /><UnitTestResult executionId="7547d7b8-15c6-405e-b770-aaac33f8558e" testId="e0da1c77-3806-4393-aa04-1d6a14fb3617" testName="FileRequest_MeshGenerateSetsFileIsSynchronized" computerName="LAMBDA" duration="00:00:05.1790000" startTime="2018-07-19T11:54:07.3868072-04:00" endTime="2018-07-19T11:54:07.3868213-04:00" testType="13cdc9d9-ddb5-4fa4-a97d-d965ccfc6d4b" outcome="Passed" testListId="8c84fa94-04c1-424b-9868-57a2d4851a1d" relativeResultsDirectory="7547d7b8-15c6-405e-b770-aaac33f8558e" /><UnitTestResult executionId="1124de71-5bed-4a2e-9ba0-6bf65c5eb3bc" testId="75284c0a-9852-4b83-9908-3754c8324b81" testName="Delete_TargetModelIsDeleted" computerName="LAMBDA" duration="00:00:00.2780000" startTime="2018-07-19T11:54:24.0396273-04:00" endTime="2018-07-19T11:54:24.0396414-04:00" testType="13cdc9d9-ddb5-4fa4-a97d-d965ccfc6d4b" outcome="Passed" testListId="8c84fa94-04c1-424b-9868-57a2d4851a1d" relativeResultsDirectory="1124de71-5bed-4a2e-9ba0-6bf65c5eb3bc" /><UnitTestResult executionId="eb37e103-9bef-4667-afbd-4ec697de41e2" testId="64d114cc-c2a3-41b1-9e05-bc4a0571cd16" testName="Post_ValidReferencePropertyCreatesModel" computerName="LAMBDA" duration="00:00:00.3070000" startTime="2018-07-19T11:54:24.9882223-04:00" endTime="2018-07-19T11:54:24.9882368-04:00" testType="13cdc9d9-ddb5-4fa4-a97d-d965ccfc6d4b" outcome="Passed" testListId="8c84fa94-04c1-424b-9868-57a2d4851a1d" relativeResultsDirectory="eb37e103-9bef-4667-afbd-4ec697de41e2" /><UnitTestResult executionId="63670cf7-b38e-4ca5-8d07-84f655359de3" testId="f2e5a9f9-17ed-4300-b492-7bd4284a55a5" testName="LucyDepthBufferFindsOneDependent" computerName="LAMBDA" duration="00:00:00.0030000" startTime="2018-07-19T11:53:36.0729424-04:00" endTime="2018-07-19T11:53:36.0729462-04:00" testType="13cdc9d9-ddb5-4fa4-a97d-d965ccfc6d4b" outcome="Passed" testListId="8c84fa94-04c1-424b-9868-57a2d4851a1d" relativeResultsDirectory="63670cf7-b38e-4ca5-8d07-84f655359de3" /><UnitTestResult executionId="694b0a5e-e5da-43a1-83b3-93225c2b5ed8" testId="a0c64d42-fd77-42c3-b99f-88ebf520e642" testName="Put_InvalidIdReturnsNotFound" computerName="LAMBDA" duration="00:00:00.0340000" startTime="2018-07-19T11:54:23.7601988-04:00" endTime="2018-07-19T11:54:23.7602087-04:00" testType="13cdc9d9-ddb5-4fa4-a97d-d965ccfc6d4b" outcome="Passed" testListId="8c84fa94-04c1-424b-9868-57a2d4851a1d" relativeResultsDirectory="694b0a5e-e5da-43a1-83b3-93225c2b5ed8" /><UnitTestResult executionId="50fcdd42-b4b1-4fca-8237-9e0e3aa44a62" testId="74baa9b4-9421-4fe3-84b5-18bcba2c05b4" testName="Put_InvalidIdReturnsNotFound" computerName="LAMBDA" duration="00:00:00.0990000" startTime="2018-07-19T11:53:40.5052045-04:00" endTime="2018-07-19T11:53:40.5052177-04:00" testType="13cdc9d9-ddb5-4fa4-a97d-d965ccfc6d4b" outcome="Passed" testListId="8c84fa94-04c1-424b-9868-57a2d4851a1d" relativeResultsDirectory="50fcdd42-b4b1-4fca-8237-9e0e3aa44a62" /><UnitTestResult executionId="659c1e4f-742a-42d0-a4df-089a8e3160bb" testId="2908fdff-30cf-4e8f-b80d-59531b5c5933" testName="Patch_InvalidReferencePropertyReturnsBadRequest" computerName="LAMBDA" duration="00:00:00.0500000" startTime="2018-07-19T11:54:25.6816948-04:00" endTime="2018-07-19T11:54:25.6817076-04:00" testType="13cdc9d9-ddb5-4fa4-a97d-d965ccfc6d4b" outcome="Passed" testListId="8c84fa94-04c1-424b-9868-57a2d4851a1d" relativeResultsDirectory="659c1e4f-742a-42d0-a4df-089a8e3160bb" /><UnitTestResult executionId="fe05339d-e515-4457-a41b-9a044004dc05" testId="e679c5bc-b5bb-4877-8efe-186866115235" testName="Patch_InvalidPropertyNameReturnsBadRequest" computerName="LAMBDA" duration="00:00:00.0120000" startTime="2018-07-19T11:53:53.8156062-04:00" endTime="2018-07-19T11:53:53.8156173-04:00" testType="13cdc9d9-ddb5-4fa4-a97d-d965ccfc6d4b" outcome="Passed" testListId="8c84fa94-04c1-424b-9868-57a2d4851a1d" relativeResultsDirectory="fe05339d-e515-4457-a41b-9a044004dc05" /><UnitTestResult executionId="f6503574-fd75-4f35-a482-8938bb06d1d9" testId="75ab47cb-99e2-4091-9eae-1c49c5e13593" testName="PutFile_NewFileCanBePut" computerName="LAMBDA" duration="00:00:00.5770000" startTime="2018-07-19T11:53:55.0990229-04:00" endTime="2018-07-19T11:53:55.0990374-04:00" testType="13cdc9d9-ddb5-4fa4-a97d-d965ccfc6d4b" outcome="Passed" testListId="8c84fa94-04c1-424b-9868-57a2d4851a1d" relativeResultsDirectory="f6503574-fd75-4f35-a482-8938bb06d1d9" /><UnitTestResult executionId="18ccee2a-d5f9-4c92-9ee9-aa396c04636c" testId="b10231ff-2f13-4dea-91cf-eaf060f2f107" testName="Put_ValidReferencePropertyUpdatesModel" computerName="LAMBDA" duration="00:00:00.0150000" startTime="2018-07-19T11:53:37.6682976-04:00" endTime="2018-07-19T11:53:37.6683113-04:00" testType="13cdc9d9-ddb5-4fa4-a97d-d965ccfc6d4b" outcome="Passed" testListId="8c84fa94-04c1-424b-9868-57a2d4851a1d" relativeResultsDirectory="18ccee2a-d5f9-4c92-9ee9-aa396c04636c" /><UnitTestResult executionId="1d6a80d8-04e6-4ae7-acf2-c2a7dc4c5ad2" testId="958fe13e-fa5b-4b19-a909-cf93e270fd10" testName="PostFile_FileTimeStampIsUpdatedAfterFileIsPosted" computerName="LAMBDA" duration="00:00:01.7680000" startTime="2018-07-19T11:54:01.7393542-04:00" endTime="2018-07-19T11:54:01.7393649-04:00" testType="13cdc9d9-ddb5-4fa4-a97d-d965ccfc6d4b" outcome="Passed" testListId="8c84fa94-04c1-424b-9868-57a2d4851a1d" relativeResultsDirectory="1d6a80d8-04e6-4ae7-acf2-c2a7dc4c5ad2" /><UnitTestResult executionId="fcfbd13f-9d25-48fd-a8bb-7dd9f3bba682" testId="73444bc5-527c-4e03-bcd7-a1de79480ba0" testName="Patch_InvalidEnumPropertyValueReturnsBadRequest" computerName="LAMBDA" duration="00:00:00.0010000" startTime="2018-07-19T11:54:24.1536621-04:00" endTime="2018-07-19T11:54:24.1536672-04:00" testType="13cdc9d9-ddb5-4fa4-a97d-d965ccfc6d4b" outcome="Passed" testListId="8c84fa94-04c1-424b-9868-57a2d4851a1d" relativeResultsDirectory="fcfbd13f-9d25-48fd-a8bb-7dd9f3bba682" /><UnitTestResult executionId="2a482546-0679-4627-9bf0-2fbecf59b63e" testId="f65e8bfb-f5dc-4e8a-944a-98fa318fad72" testName="Put_ValidReferencePropertyUpdatesModel" computerName="LAMBDA" duration="00:00:00.4750000" startTime="2018-07-19T11:53:53.0300217-04:00" endTime="2018-07-19T11:53:53.0300367-04:00" testType="13cdc9d9-ddb5-4fa4-a97d-d965ccfc6d4b" outcome="Passed" testListId="8c84fa94-04c1-424b-9868-57a2d4851a1d" relativeResultsDirectory="2a482546-0679-4627-9bf0-2fbecf59b63e" /><UnitTestResult executionId="d856d86d-e009-4dfa-9eb9-6b0285d3386e" testId="5eeb4eeb-7fd0-46ba-9dd7-af011798d5f1" testName="GetList_ListReturnsCorrectCount" computerName="LAMBDA" duration="00:00:00.0910000" startTime="2018-07-19T11:53:41.8458212-04:00" endTime="2018-07-19T11:53:41.8458281-04:00" testType="13cdc9d9-ddb5-4fa4-a97d-d965ccfc6d4b" outcome="Passed" testListId="8c84fa94-04c1-424b-9868-57a2d4851a1d" relativeResultsDirectory="d856d86d-e009-4dfa-9eb9-6b0285d3386e" /><UnitTestResult executionId="d2f26c6e-b9b9-4355-8f8a-2d7692180c10" testId="ec911915-30a1-49fd-aae6-0c50d6086c3a" testName="Patch_ValidReferencePropertyUpdatesModel" computerName="LAMBDA" duration="00:00:00.0050000" startTime="2018-07-19T11:53:36.0839925-04:00" endTime="2018-07-19T11:53:36.0839981-04:00" testType="13cdc9d9-ddb5-4fa4-a97d-d965ccfc6d4b" outcome="Passed" testListId="8c84fa94-04c1-424b-9868-57a2d4851a1d" relativeResultsDirectory="d2f26c6e-b9b9-4355-8f8a-2d7692180c10" /><UnitTestResult executionId="668d3379-5cee-4686-a05d-1bd885b5c33b" testId="47c9d127-f72d-4f92-948f-03f4124249ad" testName="PostFile_NewFileCanBePosted" computerName="LAMBDA" duration="00:00:00.4660000" startTime="2018-07-19T11:54:02.2065941-04:00" endTime="2018-07-19T11:54:02.2066082-04:00" testType="13cdc9d9-ddb5-4fa4-a97d-d965ccfc6d4b" outcome="Passed" testListId="8c84fa94-04c1-424b-9868-57a2d4851a1d" relativeResultsDirectory="668d3379-5cee-4686-a05d-1bd885b5c33b" /><UnitTestResult executionId="dc426405-142a-4098-9211-a15530d4dc2b" testId="ed6b012f-4c78-41e8-82ea-b47dc49793f1" testName="Patch_InvalidIdPropertyReturnsNotFound" computerName="LAMBDA" duration="00:00:00.0120000" startTime="2018-07-19T11:53:47.7050721-04:00" endTime="2018-07-19T11:53:47.7050858-04:00" testType="13cdc9d9-ddb5-4fa4-a97d-d965ccfc6d4b" outcome="Passed" testListId="8c84fa94-04c1-424b-9868-57a2d4851a1d" relativeResultsDirectory="dc426405-142a-4098-9211-a15530d4dc2b" /><UnitTestResult executionId="a9373140-19e9-4eeb-aaed-e9a95def6d2b" testId="7c584311-81ef-4903-8869-b8733ed340eb" testName="Patch_InvalidIdPropertyReturnsNotFound" computerName="LAMBDA" duration="00:00:00.0170000" startTime="2018-07-19T11:54:13.6830920-04:00" endTime="2018-07-19T11:54:13.6831069-04:00" testType="13cdc9d9-ddb5-4fa4-a97d-d965ccfc6d4b" outcome="Passed" testListId="8c84fa94-04c1-424b-9868-57a2d4851a1d" relativeResultsDirectory="a9373140-19e9-4eeb-aaed-e9a95def6d2b" /><UnitTestResult executionId="eba0a0a2-a574-4fc3-a73f-8c85d856b310" testId="a89dc51c-baa0-4372-b530-fa0a8fcc52ca" testName="PutFile_FileCanBeUpdated" computerName="LAMBDA" duration="00:00:00.7840000" startTime="2018-07-19T11:53:43.8299737-04:00" endTime="2018-07-19T11:53:43.8299873-04:00" testType="13cdc9d9-ddb5-4fa4-a97d-d965ccfc6d4b" outcome="Passed" testListId="8c84fa94-04c1-424b-9868-57a2d4851a1d" relativeResultsDirectory="eba0a0a2-a574-4fc3-a73f-8c85d856b310" /><UnitTestResult executionId="e172f3cf-3ae2-49ee-bbc6-7372386ea35b" testId="ce02f565-3394-4c8e-9455-f6ba3bef4c81" testName="Patch_ValidReferencePropertyUpdatesModel" computerName="LAMBDA" duration="00:00:00.3850000" startTime="2018-07-19T11:53:40.9173835-04:00" endTime="2018-07-19T11:53:40.9173976-04:00" testType="13cdc9d9-ddb5-4fa4-a97d-d965ccfc6d4b" outcome="Passed" testListId="8c84fa94-04c1-424b-9868-57a2d4851a1d" relativeResultsDirectory="e172f3cf-3ae2-49ee-bbc6-7372386ea35b" /><UnitTestResult executionId="b70273c9-046a-4153-bb4c-cbcb6c3b21fe" testId="a8a5a343-7604-4ae8-b5eb-19947b74f680" testName="GetList_ListReturnsCorrectCount" computerName="LAMBDA" duration="00:00:00.5670000" startTime="2018-07-19T11:53:49.7307468-04:00" endTime="2018-07-19T11:53:49.7307511-04:00" testType="13cdc9d9-ddb5-4fa4-a97d-d965ccfc6d4b" outcome="Passed" testListId="8c84fa94-04c1-424b-9868-57a2d4851a1d" relativeResultsDirectory="b70273c9-046a-4153-bb4c-cbcb6c3b21fe" /><UnitTestResult executionId="cb99c674-f90e-4487-ae1b-08dc994edcd7" testId="f53da488-4318-4dab-9155-ae9faa4a3657" testName="GetSingle_InvalidIdPropertyValueReturnsNotFound" computerName="LAMBDA" duration="00:00:00.0400000" startTime="2018-07-19T11:53:40.4052480-04:00" endTime="2018-07-19T11:53:40.4052570-04:00" testType="13cdc9d9-ddb5-4fa4-a97d-d965ccfc6d4b" outcome="Passed" testListId="8c84fa94-04c1-424b-9868-57a2d4851a1d" relativeResultsDirectory="cb99c674-f90e-4487-ae1b-08dc994edcd7" /><UnitTestResult executionId="393da77d-27dc-46d0-9438-bf1753f1303a" testId="5e752669-b72c-406c-b6ef-6dc868b60382" testName="GetFile_NonExistentFileReturnsNotFound" computerName="LAMBDA" duration="00:00:00.0330000" startTime="2018-07-19T11:53:45.7898447-04:00" endTime="2018-07-19T11:53:45.7898596-04:00" testType="13cdc9d9-ddb5-4fa4-a97d-d965ccfc6d4b" outcome="Passed" testListId="8c84fa94-04c1-424b-9868-57a2d4851a1d" relativeResultsDirectory="393da77d-27dc-46d0-9438-bf1753f1303a" /><UnitTestResult executionId="5aa13bdf-6cc2-4dde-8fc2-502d4f99397c" testId="1c3f3a07-4eb8-42f5-be8d-2e4a19191a52" testName="GetSingle_InvalidIdPropertyValueReturnsNotFound" computerName="LAMBDA" duration="00:00:00.0100000" startTime="2018-07-19T11:54:24.1641636-04:00" endTime="2018-07-19T11:54:24.1641725-04:00" testType="13cdc9d9-ddb5-4fa4-a97d-d965ccfc6d4b" outcome="Passed" testListId="8c84fa94-04c1-424b-9868-57a2d4851a1d" relativeResultsDirectory="5aa13bdf-6cc2-4dde-8fc2-502d4f99397c" /><UnitTestResult executionId="6ec7a667-1dd6-46cd-a14a-0622a7a1fe05" testId="f4d19e2f-6d45-4bda-8faa-52fb393aca86" testName="Patch_MultipleInvalidReferencePropertiesReturnsMultipleValidationErrorsAndBadRequest" computerName="LAMBDA" duration="00:00:00.0820000" startTime="2018-07-19T11:53:41.7539821-04:00" endTime="2018-07-19T11:53:41.7539919-04:00" testType="13cdc9d9-ddb5-4fa4-a97d-d965ccfc6d4b" outcome="Passed" testListId="8c84fa94-04c1-424b-9868-57a2d4851a1d" relativeResultsDirectory="6ec7a667-1dd6-46cd-a14a-0622a7a1fe05" /><UnitTestResult executionId="6ec7b596-9cbe-457b-bc1b-d607beb5a271" testId="30e541ed-2f12-4dd1-857c-be1dd40c2dfd" testName="Put_InvalidIdReturnsNotFound" computerName="LAMBDA" duration="00:00:00.1760000" startTime="2018-07-19T11:53:45.9706624-04:00" endTime="2018-07-19T11:53:45.9706667-04:00" testType="13cdc9d9-ddb5-4fa4-a97d-d965ccfc6d4b" outcome="Passed" testListId="8c84fa94-04c1-424b-9868-57a2d4851a1d" relativeResultsDirectory="6ec7b596-9cbe-457b-bc1b-d607beb5a271" /><UnitTestResult executionId="28432a1a-2468-4899-bb7f-f2cab21cc13c" testId="9161a66c-3c2a-40d1-95cc-db1053e23e6f" testName="Post_InvalidPropertyValueReturnsBadRequest" computerName="LAMBDA" duration="00:00:00.0030000" startTime="2018-07-19T11:53:40.5220921-04:00" endTime="2018-07-19T11:53:40.5220981-04:00" testType="13cdc9d9-ddb5-4fa4-a97d-d965ccfc6d4b" outcome="Passed" testListId="8c84fa94-04c1-424b-9868-57a2d4851a1d" relativeResultsDirectory="28432a1a-2468-4899-bb7f-f2cab21cc13c" /><UnitTestResult executionId="d83a560d-a05a-402b-8e12-08ff0886119f" testId="fa61b316-9b8d-4411-a9f1-0df23cf58d8e" testName="Patch_InvalidReferencePropertyReturnsBadRequest" computerName="LAMBDA" duration="00:00:00.0090000" startTime="2018-07-19T11:53:37.6773994-04:00" endTime="2018-07-19T11:53:37.6774110-04:00" testType="13cdc9d9-ddb5-4fa4-a97d-d965ccfc6d4b" outcome="Passed" testListId="8c84fa94-04c1-424b-9868-57a2d4851a1d" relativeResultsDirectory="d83a560d-a05a-402b-8e12-08ff0886119f" /><UnitTestResult executionId="04931a5d-7d58-422a-94e4-c2f837dd3bbd" testId="6f338d42-34e6-4031-ba4c-c8cee48ed0e0" testName="Post_InvalidPropertyValueReturnsBadRequest" computerName="LAMBDA" duration="00:00:00.0100000" startTime="2018-07-19T11:53:38.7121822-04:00" endTime="2018-07-19T11:53:38.7121869-04:00" testType="13cdc9d9-ddb5-4fa4-a97d-d965ccfc6d4b" outcome="Passed" testListId="8c84fa94-04c1-424b-9868-57a2d4851a1d" relativeResultsDirectory="04931a5d-7d58-422a-94e4-c2f837dd3bbd" /><UnitTestResult executionId="4d15c396-4906-4b34-8811-61a6f22f9e51" testId="c287e687-0c03-4cd1-92ed-06ac0d6d8260" testName="FileRequest_DepthBufferIsInvalidatedAfterCameraDependencyPropertyChange" computerName="LAMBDA" duration="00:00:01.7030000" startTime="2018-07-19T11:54:21.3572875-04:00" endTime="2018-07-19T11:54:21.3573012-04:00" testType="13cdc9d9-ddb5-4fa4-a97d-d965ccfc6d4b" outcome="Passed" testListId="8c84fa94-04c1-424b-9868-57a2d4851a1d" relativeResultsDirectory="4d15c396-4906-4b34-8811-61a6f22f9e51" /><UnitTestResult executionId="91676f4c-77eb-4d65-ad08-8c904f10f20d" testId="28cdee49-037e-4497-8389-93590b1afe64" testName="GetList_ListReturnsCorrectCount" computerName="LAMBDA" duration="00:00:00.1390000" startTime="2018-07-19T11:54:13.2814130-04:00" endTime="2018-07-19T11:54:13.2814182-04:00" testType="13cdc9d9-ddb5-4fa4-a97d-d965ccfc6d4b" outcome="Passed" testListId="8c84fa94-04c1-424b-9868-57a2d4851a1d" relativeResultsDirectory="91676f4c-77eb-4d65-ad08-8c904f10f20d" /><UnitTestResult executionId="8d265fdf-5c6a-4210-8c8c-17aa98d809d4" testId="f592b6ea-c1b9-4fb0-a1d6-69dcff1d0921" testName="Put_CanUpdateModel" computerName="LAMBDA" duration="00:00:00.4510000" startTime="2018-07-19T11:53:49.0987864-04:00" endTime="2018-07-19T11:53:49.0987996-04:00" testType="13cdc9d9-ddb5-4fa4-a97d-d965ccfc6d4b" outcome="Passed" testListId="8c84fa94-04c1-424b-9868-57a2d4851a1d" relativeResultsDirectory="8d265fdf-5c6a-4210-8c8c-17aa98d809d4" /><UnitTestResult executionId="c0881e29-dd32-4df2-8e03-2bcff7cbf84d" testId="744b4e77-b9e4-4a56-abf3-eaa5363e4cf9" testName="Post_CanCreateNewModel" computerName="LAMBDA" duration="00:00:00.2660000" startTime="2018-07-19T11:54:23.7255828-04:00" endTime="2018-07-19T11:54:23.7255970-04:00" testType="13cdc9d9-ddb5-4fa4-a97d-d965ccfc6d4b" outcome="Passed" testListId="8c84fa94-04c1-424b-9868-57a2d4851a1d" relativeResultsDirectory="c0881e29-dd32-4df2-8e03-2bcff7cbf84d" /><UnitTestResult executionId="ef83fa90-1b5b-4128-a619-7a83a029f16d" testId="aa46c9f7-1fd6-4d8d-996c-90e077fa6dc6" testName="Put_CanUpdateModel" computerName="LAMBDA" duration="00:00:00.4440000" startTime="2018-07-19T11:54:24.6231601-04:00" endTime="2018-07-19T11:54:24.6231737-04:00" testType="13cdc9d9-ddb5-4fa4-a97d-d965ccfc6d4b" outcome="Passed" testListId="8c84fa94-04c1-424b-9868-57a2d4851a1d" relativeResultsDirectory="ef83fa90-1b5b-4128-a619-7a83a029f16d" /><UnitTestResult executionId="e2e2eba5-4fe2-4d96-9596-2ec0c1aeff4e" testId="31016503-c6dd-41c8-91bb-23be8dd85709" testName="Post_ValidReferencePropertyCreatesModel" computerName="LAMBDA" duration="00:00:00.0020000" startTime="2018-07-19T11:53:36.5694835-04:00" endTime="2018-07-19T11:53:36.5694870-04:00" testType="13cdc9d9-ddb5-4fa4-a97d-d965ccfc6d4b" outcome="Passed" testListId="8c84fa94-04c1-424b-9868-57a2d4851a1d" relativeResultsDirectory="e2e2eba5-4fe2-4d96-9596-2ec0c1aeff4e" /><UnitTestResult executionId="0b7ee156-aaf6-4a66-95fb-31298ddfb9d4" testId="ddf2ad05-2aea-4f67-97c3-27f5a2b1c809" testName="Patch_ValidReferencePropertyUpdatesModel" computerName="LAMBDA" duration="00:00:01.2290000" startTime="2018-07-19T11:53:51.5464786-04:00" endTime="2018-07-19T11:53:51.5464898-04:00" testType="13cdc9d9-ddb5-4fa4-a97d-d965ccfc6d4b" outcome="Passed" testListId="8c84fa94-04c1-424b-9868-57a2d4851a1d" relativeResultsDirectory="0b7ee156-aaf6-4a66-95fb-31298ddfb9d4" /><UnitTestResult executionId="b5f7277f-c6b5-46c0-b756-ab5d9abbe59f" testId="7673cf2c-76bd-46de-bfa3-7173393ca4b1" testName="GetFile_NonExistentFileReturnsNotFound" computerName="LAMBDA" duration="00:00:00.0220000" startTime="2018-07-19T11:53:54.5210102-04:00" endTime="2018-07-19T11:53:54.5210162-04:00" testType="13cdc9d9-ddb5-4fa4-a97d-d965ccfc6d4b" outcome="Passed" testListId="8c84fa94-04c1-424b-9868-57a2d4851a1d" relativeResultsDirectory="b5f7277f-c6b5-46c0-b756-ab5d9abbe59f" /><UnitTestResult executionId="9145e58b-624e-4728-8858-5421cb4b3731" testId="16b6c588-de63-4f5a-9c36-fcd168af6f78" testName="Put_InvalidReferencePropertyReturndBadRequest" computerName="LAMBDA" duration="00:00:00.0500000" startTime="2018-07-19T11:53:54.4915114-04:00" endTime="2018-07-19T11:53:54.4915208-04:00" testType="13cdc9d9-ddb5-4fa4-a97d-d965ccfc6d4b" outcome="Passed" testListId="8c84fa94-04c1-424b-9868-57a2d4851a1d" relativeResultsDirectory="9145e58b-624e-4728-8858-5421cb4b3731" /><UnitTestResult executionId="21429a90-0d92-4632-b7ee-102d634f8662" testId="43de9f68-9daa-455a-85f2-f0e5fce4bb91" testName="Put_InvalidReferencePropertyReturndBadRequest" computerName="LAMBDA" duration="00:00:00.0560000" startTime="2018-07-19T11:54:24.6801895-04:00" endTime="2018-07-19T11:54:24.6802010-04:00" testType="13cdc9d9-ddb5-4fa4-a97d-d965ccfc6d4b" outcome="Passed" testListId="8c84fa94-04c1-424b-9868-57a2d4851a1d" relativeResultsDirectory="21429a90-0d92-4632-b7ee-102d634f8662" /><UnitTestResult executionId="5ad3f04f-5f7b-4550-bff5-e0218187894b" testId="18d610dc-5e36-4d66-97a5-457e246b831f" testName="Post_ValidReferencePropertyCreatesModel" computerName="LAMBDA" duration="00:00:00.2570000" startTime="2018-07-19T11:54:15.8557073-04:00" endTime="2018-07-19T11:54:15.8557201-04:00" testType="13cdc9d9-ddb5-4fa4-a97d-d965ccfc6d4b" outcome="Passed" testListId="8c84fa94-04c1-424b-9868-57a2d4851a1d" relativeResultsDirectory="5ad3f04f-5f7b-4550-bff5-e0218187894b" /><UnitTestResult executionId="24a82952-cdfd-4452-91d2-bc24ec998157" testId="b9a28544-c71b-41e5-a4c4-ecb937a7055d" testName="Patch_TargetPropertyIsUpdated" computerName="LAMBDA" duration="00:00:00.9480000" startTime="2018-07-19T11:53:39.7669827-04:00" endTime="2018-07-19T11:53:39.7669973-04:00" testType="13cdc9d9-ddb5-4fa4-a97d-d965ccfc6d4b" outcome="Passed" testListId="8c84fa94-04c1-424b-9868-57a2d4851a1d" relativeResultsDirectory="24a82952-cdfd-4452-91d2-bc24ec998157" /><UnitTestResult executionId="c28bea87-4635-478e-9f22-8d9b9b7e4d69" testId="519a5f4d-19f8-4ce7-b758-80b9f219ae5e" testName="Patch_MultipleInvalidReferencePropertiesReturnsMultipleValidationErrorsAndBadRequest" computerName="LAMBDA" duration="00:00:00.0380000" startTime="2018-07-19T11:54:15.1174530-04:00" endTime="2018-07-19T11:54:15.1174628-04:00" testType="13cdc9d9-ddb5-4fa4-a97d-d965ccfc6d4b" outcome="Passed" testListId="8c84fa94-04c1-424b-9868-57a2d4851a1d" relativeResultsDirectory="c28bea87-4635-478e-9f22-8d9b9b7e4d69" /><UnitTestResult executionId="e2e52c99-5ea4-41a2-bd63-59563a510b10" testId="5be7e255-e209-43fc-b146-5ba9154da75b" testName="Post_CanCreateNewModel" computerName="LAMBDA" duration="00:00:00.2720000" startTime="2018-07-19T11:53:37.9509565-04:00" endTime="2018-07-19T11:53:37.9509711-04:00" testType="13cdc9d9-ddb5-4fa4-a97d-d965ccfc6d4b" outcome="Passed" testListId="8c84fa94-04c1-424b-9868-57a2d4851a1d" relativeResultsDirectory="e2e52c99-5ea4-41a2-bd63-59563a510b10" /><UnitTestResult executionId="41cfe4eb-5a5d-40aa-a5df-0c6c178fbac7" testId="e7d427e9-8c76-4b21-b878-80bd55a19c1a" testName="Post_InvalidPropertyValueReturnsBadRequest" computerName="LAMBDA" duration="00:00:00.0090000" startTime="2018-07-19T11:54:25.1215965-04:00" endTime="2018-07-19T11:54:25.1216179-04:00" testType="13cdc9d9-ddb5-4fa4-a97d-d965ccfc6d4b" outcome="Passed" testListId="8c84fa94-04c1-424b-9868-57a2d4851a1d" relativeResultsDirectory="41cfe4eb-5a5d-40aa-a5df-0c6c178fbac7" /><UnitTestResult executionId="8ae2853c-690e-4977-b023-9b96bc449b75" testId="00c34810-49da-495d-a40f-29586b7267e1" testName="Patch_InvalidPropertyNameReturnsBadRequest" computerName="LAMBDA" duration="00:00:00.0190000" startTime="2018-07-19T11:54:25.1108004-04:00" endTime="2018-07-19T11:54:25.1108150-04:00" testType="13cdc9d9-ddb5-4fa4-a97d-d965ccfc6d4b" outcome="Passed" testListId="8c84fa94-04c1-424b-9868-57a2d4851a1d" relativeResultsDirectory="8ae2853c-690e-4977-b023-9b96bc449b75" /><UnitTestResult executionId="d8f04b90-1407-439c-ad31-ddbb4e7f63a8" testId="14798c74-031b-43ce-b43f-bef22b42f969" testName="PostFile_FileTimeStampIsUpdatedAfterFileIsPosted" computerName="LAMBDA" duration="00:00:00.0030000" startTime="2018-07-19T11:53:42.5259718-04:00" endTime="2018-07-19T11:53:42.5259851-04:00" testType="13cdc9d9-ddb5-4fa4-a97d-d965ccfc6d4b" outcome="Passed" testListId="8c84fa94-04c1-424b-9868-57a2d4851a1d" relativeResultsDirectory="d8f04b90-1407-439c-ad31-ddbb4e7f63a8" /><UnitTestResult executionId="c48ad275-87e6-44a4-97a4-f3672faf4b66" testId="5bf7aa50-6250-4e31-abf6-b27baeb57ab2" testName="Patch_InvalidReferencePropertyReturnsBadRequest" computerName="LAMBDA" duration="00:00:00.0530000" startTime="2018-07-19T11:54:15.0790493-04:00" endTime="2018-07-19T11:54:15.0790634-04:00" testType="13cdc9d9-ddb5-4fa4-a97d-d965ccfc6d4b" outcome="Passed" testListId="8c84fa94-04c1-424b-9868-57a2d4851a1d" relativeResultsDirectory="c48ad275-87e6-44a4-97a4-f3672faf4b66" /><UnitTestResult executionId="58e64461-8bcd-4f1b-a668-2729103c757d" testId="9a5933c0-b438-4f89-b7f6-a093a3c0b85c" testName="Put_InvalidIdReturnsNotFound" computerName="LAMBDA" duration="00:00:00.0240000" startTime="2018-07-19T11:54:15.1714500-04:00" endTime="2018-07-19T11:54:15.1714594-04:00" testType="13cdc9d9-ddb5-4fa4-a97d-d965ccfc6d4b" outcome="Passed" testListId="8c84fa94-04c1-424b-9868-57a2d4851a1d" relativeResultsDirectory="58e64461-8bcd-4f1b-a668-2729103c757d" /><UnitTestResult executionId="b2bba5ab-63eb-4a66-8238-e5e1ac15d02b" testId="2decc1b9-eaa3-458c-8b17-6d5381e419d3" testName="DepthBufferHasExpectedDependentFiles" computerName="LAMBDA" duration="00:00:00.0010000" startTime="2018-07-19T11:53:36.0733444-04:00" endTime="2018-07-19T11:53:36.0733469-04:00" testType="13cdc9d9-ddb5-4fa4-a97d-d965ccfc6d4b" outcome="Passed" testListId="8c84fa94-04c1-424b-9868-57a2d4851a1d" relativeResultsDirectory="b2bba5ab-63eb-4a66-8238-e5e1ac15d02b" /><UnitTestResult executionId="b6b97a3e-3f9a-40eb-8948-4c2ddd16031a" testId="b5c92de9-955e-4de5-9f01-d05225895350" testName="Put_InvalidIdReturnsNotFound" computerName="LAMBDA" duration="00:00:00.5850000" startTime="2018-07-19T11:53:50.3162083-04:00" endTime="2018-07-19T11:53:50.3162134-04:00" testType="13cdc9d9-ddb5-4fa4-a97d-d965ccfc6d4b" outcome="Passed" testListId="8c84fa94-04c1-424b-9868-57a2d4851a1d" relativeResultsDirectory="b6b97a3e-3f9a-40eb-8948-4c2ddd16031a" /><UnitTestResult executionId="be72d8b6-d651-470e-9264-b5fa4e15c612" testId="3ea46755-9815-4c16-abac-42a77d65c24d" testName="GetList_ListReturnsCorrectCount" computerName="LAMBDA" duration="00:00:00.1130000" startTime="2018-07-19T11:54:24.1532237-04:00" endTime="2018-07-19T11:54:24.1532314-04:00" testType="13cdc9d9-ddb5-4fa4-a97d-d965ccfc6d4b" outcome="Passed" testListId="8c84fa94-04c1-424b-9868-57a2d4851a1d" relativeResultsDirectory="be72d8b6-d651-470e-9264-b5fa4e15c612" /><UnitTestResult executionId="4d23d68f-cd11-4585-b72e-80a42afae1c1" testId="561f259c-efde-4e96-9a62-c7fa4ad9b81a" testName="Delete_TargetModelIsDeleted" computerName="LAMBDA" duration="00:00:00.5910000" startTime="2018-07-19T11:53:37.1474243-04:00" endTime="2018-07-19T11:53:37.1474316-04:00" testType="13cdc9d9-ddb5-4fa4-a97d-d965ccfc6d4b" outcome="Passed" testListId="8c84fa94-04c1-424b-9868-57a2d4851a1d" relativeResultsDirectory="4d23d68f-cd11-4585-b72e-80a42afae1c1" /><UnitTestResult executionId="50c34a63-2f55-41a4-89fd-b096c9cba8e7" testId="ac52f6e6-2c30-4906-a524-19527ec08c54" testName="PutFile_FileCanBeUpdated" computerName="LAMBDA" duration="00:00:00.7410000" startTime="2018-07-19T11:53:59.9032839-04:00" endTime="2018-07-19T11:53:59.9032984-04:00" testType="13cdc9d9-ddb5-4fa4-a97d-d965ccfc6d4b" outcome="Passed" testListId="8c84fa94-04c1-424b-9868-57a2d4851a1d" relativeResultsDirectory="50c34a63-2f55-41a4-89fd-b096c9cba8e7" /><UnitTestResult executionId="2cd2eeb1-cce2-426e-83db-aea9befc1c98" testId="58c65ce8-afd7-480e-b34b-e09d547d62d4" testName="GetSingle_InvalidIdPropertyValueReturnsNotFound" computerName="LAMBDA" duration="00:00:00.0100000" startTime="2018-07-19T11:53:53.8399962-04:00" endTime="2018-07-19T11:53:53.8400047-04:00" testType="13cdc9d9-ddb5-4fa4-a97d-d965ccfc6d4b" outcome="Passed" testListId="8c84fa94-04c1-424b-9868-57a2d4851a1d" relativeResultsDirectory="2cd2eeb1-cce2-426e-83db-aea9befc1c98" /><UnitTestResult executionId="d613e2da-0d0b-4658-8d43-1d9bd035dcde" testId="86e2624b-58b2-41ed-99b9-ad612ad890a4" testName="Patch_MultipleInvalidReferencePropertiesReturnsMultipleValidationErrorsAndBadRequest" computerName="LAMBDA" duration="00:00:00.0440000" startTime="2018-07-19T11:53:46.4669576-04:00" endTime="2018-07-19T11:53:46.4669679-04:00" testType="13cdc9d9-ddb5-4fa4-a97d-d965ccfc6d4b" outcome="Passed" testListId="8c84fa94-04c1-424b-9868-57a2d4851a1d" relativeResultsDirectory="d613e2da-0d0b-4658-8d43-1d9bd035dcde" /><UnitTestResult executionId="c8ed6f26-b03e-4f9c-a2a4-7b4f523b13a5" testId="001ca607-21c4-4046-be9a-6806fc197981" testName="FileRequest_MeshGenerateScalesDepthBufferByP1Scale" computerName="LAMBDA" duration="00:00:04.4920000" startTime="2018-07-19T11:54:13.0874604-04:00" endTime="2018-07-19T11:54:13.0874745-04:00" testType="13cdc9d9-ddb5-4fa4-a97d-d965ccfc6d4b" outcome="Passed" testListId="8c84fa94-04c1-424b-9868-57a2d4851a1d" relativeResultsDirectory="c8ed6f26-b03e-4f9c-a2a4-7b4f523b13a5" /><UnitTestResult executionId="92cfab0d-79dc-45c6-889c-10ea67bf3acf" testId="02c4e93b-26d2-417b-a862-c093a9594fd3" testName="Patch_TargetPropertyIsUpdated" computerName="LAMBDA" duration="00:00:00.4420000" startTime="2018-07-19T11:53:48.6462098-04:00" endTime="2018-07-19T11:53:48.6462247-04:00" testType="13cdc9d9-ddb5-4fa4-a97d-d965ccfc6d4b" outcome="Passed" testListId="8c84fa94-04c1-424b-9868-57a2d4851a1d" relativeResultsDirectory="92cfab0d-79dc-45c6-889c-10ea67bf3acf" /><UnitTestResult executionId="5e4fcd05-f392-4c64-ae9e-14e7a61b0d5a" testId="1aeed65a-6347-4144-9869-0a035160176e" testName="PostFile_NewFileCanBePosted" computerName="LAMBDA" duration="00:00:00.4310000" startTime="2018-07-19T11:53:45.2581119-04:00" endTime="2018-07-19T11:53:45.2581269-04:00" testType="13cdc9d9-ddb5-4fa4-a97d-d965ccfc6d4b" outcome="Passed" testListId="8c84fa94-04c1-424b-9868-57a2d4851a1d" relativeResultsDirectory="5e4fcd05-f392-4c64-ae9e-14e7a61b0d5a" /><UnitTestResult executionId="e62d3c71-64ec-42d4-8848-7077177d44ac" testId="9cdae65d-9e19-4780-af7b-df52bdf4568a" testName="FileRequest_FileCanBeReadAfterRename" computerName="LAMBDA" duration="00:00:00.8240000" startTime="2018-07-19T11:53:44.8256009-04:00" endTime="2018-07-19T11:53:44.8256150-04:00" testType="13cdc9d9-ddb5-4fa4-a97d-d965ccfc6d4b" outcome="Passed" testListId="8c84fa94-04c1-424b-9868-57a2d4851a1d" relativeResultsDirectory="e62d3c71-64ec-42d4-8848-7077177d44ac" /><UnitTestResult executionId="84e20cca-98cc-484c-ab31-e82ed34bc597" testId="dde47129-6c49-4a83-9bc2-8b6546c0892c" testName="GetSingle_ValidIdPropertyValueReturnsCorrectModel" computerName="LAMBDA" duration="00:00:00.0200000" startTime="2018-07-19T11:53:49.1479747-04:00" endTime="2018-07-19T11:53:49.1479841-04:00" testType="13cdc9d9-ddb5-4fa4-a97d-d965ccfc6d4b" outcome="Passed" testListId="8c84fa94-04c1-424b-9868-57a2d4851a1d" relativeResultsDirectory="84e20cca-98cc-484c-ab31-e82ed34bc597" /><UnitTestResult executionId="adc411f3-f6fc-4313-89de-a057bf6e3c89" testId="5774a81b-081c-494a-bb6c-a8c8196afd86" testName="Patch_InvalidIdPropertyReturnsNotFound" computerName="LAMBDA" duration="00:00:00.0280000" startTime="2018-07-19T11:53:41.4010673-04:00" endTime="2018-07-19T11:53:41.4010827-04:00" testType="13cdc9d9-ddb5-4fa4-a97d-d965ccfc6d4b" outcome="Passed" testListId="8c84fa94-04c1-424b-9868-57a2d4851a1d" relativeResultsDirectory="adc411f3-f6fc-4313-89de-a057bf6e3c89" /><UnitTestResult executionId="0ea75353-bfed-4601-841a-4efbd8380295" testId="4eb39209-3b57-4f12-a7d1-e74a57c831fa" testName="Post_ValidReferencePropertyCreatesModel" computerName="LAMBDA" duration="00:00:00.2980000" startTime="2018-07-19T11:53:47.6261943-04:00" endTime="2018-07-19T11:53:47.6262088-04:00" testType="13cdc9d9-ddb5-4fa4-a97d-d965ccfc6d4b" outcome="Passed" testListId="8c84fa94-04c1-424b-9868-57a2d4851a1d" relativeResultsDirectory="0ea75353-bfed-4601-841a-4efbd8380295" /><UnitTestResult executionId="7575040e-0adb-4ba7-b603-8020a7de0481" testId="27109004-0fec-40b2-b351-3ce4ed055b83" testName="GetFile_FileCanBeRoundTripped" computerName="LAMBDA" duration="00:00:00.5180000" startTime="2018-07-19T11:53:59.1611648-04:00" endTime="2018-07-19T11:53:59.1611794-04:00" testType="13cdc9d9-ddb5-4fa4-a97d-d965ccfc6d4b" outcome="Passed" testListId="8c84fa94-04c1-424b-9868-57a2d4851a1d" relativeResultsDirectory="7575040e-0adb-4ba7-b603-8020a7de0481" /><UnitTestResult executionId="88a28afd-e452-4e1b-bb74-eb8d2d3126e8" testId="26c01a2e-8f8a-4680-985f-bb9cc06f5f73" testName="GetSingle_ValidIdPropertyValueReturnsCorrectModel" computerName="LAMBDA" duration="00:00:00.0150000" startTime="2018-07-19T11:54:15.1464878-04:00" endTime="2018-07-19T11:54:15.1464968-04:00" testType="13cdc9d9-ddb5-4fa4-a97d-d965ccfc6d4b" outcome="Passed" testListId="8c84fa94-04c1-424b-9868-57a2d4851a1d" relativeResultsDirectory="88a28afd-e452-4e1b-bb74-eb8d2d3126e8" /><UnitTestResult executionId="d7e89bf0-a5c8-4c4c-8e3e-4e1d208b3aa9" testId="55520f9d-d3d2-4fcf-8f68-e11534014493" testName="GetList_ListReturnsCorrectCount" computerName="LAMBDA" duration="00:00:00.0690000" startTime="2018-07-19T11:53:46.8318840-04:00" endTime="2018-07-19T11:53:46.8318891-04:00" testType="13cdc9d9-ddb5-4fa4-a97d-d965ccfc6d4b" outcome="Passed" testListId="8c84fa94-04c1-424b-9868-57a2d4851a1d" relativeResultsDirectory="d7e89bf0-a5c8-4c4c-8e3e-4e1d208b3aa9" /><UnitTestResult executionId="040b23e3-994c-4bb1-bf26-bf539bc1f3fa" testId="fad065c0-ead4-4641-8690-21acb8c80a5a" testName="Patch_InvalidEnumPropertyValueReturnsBadRequest" computerName="LAMBDA" duration="00:00:00.0010000" startTime="2018-07-19T11:53:47.7055900-04:00" endTime="2018-07-19T11:53:47.7055986-04:00" testType="13cdc9d9-ddb5-4fa4-a97d-d965ccfc6d4b" outcome="Passed" testListId="8c84fa94-04c1-424b-9868-57a2d4851a1d" relativeResultsDirectory="040b23e3-994c-4bb1-bf26-bf539bc1f3fa" /><UnitTestResult executionId="1e2dfcf6-9e9f-4172-9c9b-424d907401f5" testId="23322ba0-7396-45cb-a000-216c3476050f" testName="GetSingle_InvalidIdPropertyValueReturnsNotFound" computerName="LAMBDA" duration="00:00:00.0270000" startTime="2018-07-19T11:53:49.1273438-04:00" endTime="2018-07-19T11:53:49.1273605-04:00" testType="13cdc9d9-ddb5-4fa4-a97d-d965ccfc6d4b" outcome="Passed" testListId="8c84fa94-04c1-424b-9868-57a2d4851a1d" relativeResultsDirectory="1e2dfcf6-9e9f-4172-9c9b-424d907401f5" /><UnitTestResult executionId="e0dc2c82-2c98-4e1a-bf29-f1b63fa8cd61" testId="a3d1186d-e7d2-4dcc-b13c-32c220244c79" testName="Post_InvalidPropertyValueReturnsBadRequest" computerName="LAMBDA" duration="00:00:00.0050000" startTime="2018-07-19T11:54:15.1775727-04:00" endTime="2018-07-19T11:54:15.1775812-04:00" testType="13cdc9d9-ddb5-4fa4-a97d-d965ccfc6d4b" outcome="Passed" testListId="8c84fa94-04c1-424b-9868-57a2d4851a1d" relativeResultsDirectory="e0dc2c82-2c98-4e1a-bf29-f1b63fa8cd61" /><UnitTestResult executionId="f9354fe1-ad17-4792-b970-b9ad815732a2" testId="594136a6-5250-4bcd-9fbe-d196ca82900b" testName="Patch_InvalidReferencePropertyReturnsBadRequest" computerName="LAMBDA" duration="00:00:00.0310000" startTime="2018-07-19T11:53:46.7622264-04:00" endTime="2018-07-19T11:53:46.7622353-04:00" testType="13cdc9d9-ddb5-4fa4-a97d-d965ccfc6d4b" outcome="Passed" testListId="8c84fa94-04c1-424b-9868-57a2d4851a1d" relativeResultsDirectory="f9354fe1-ad17-4792-b970-b9ad815732a2" /><UnitTestResult executionId="1daffcf5-7a48-4c4d-aaa0-34599686c6a1" testId="00dfc626-2452-40b1-9ffa-eaa17123c464" testName="Patch_InvalidIdPropertyReturnsNotFound" computerName="LAMBDA" duration="00:00:00.0080000" startTime="2018-07-19T11:53:38.7019207-04:00" endTime="2018-07-19T11:53:38.7019254-04:00" testType="13cdc9d9-ddb5-4fa4-a97d-d965ccfc6d4b" outcome="Passed" testListId="8c84fa94-04c1-424b-9868-57a2d4851a1d" relativeResultsDirectory="1daffcf5-7a48-4c4d-aaa0-34599686c6a1" /><UnitTestResult executionId="4b76450f-8ebe-499c-ae8b-fbe895014871" testId="81d38b1f-ca39-4672-b720-500b18c375c6" testName="Put_ValidReferencePropertyUpdatesModel" computerName="LAMBDA" duration="00:00:00.4120000" startTime="2018-07-19T11:54:26.0952193-04:00" endTime="2018-07-19T11:54:26.0952338-04:00" testType="13cdc9d9-ddb5-4fa4-a97d-d965ccfc6d4b" outcome="Passed" testListId="8c84fa94-04c1-424b-9868-57a2d4851a1d" relativeResultsDirectory="4b76450f-8ebe-499c-ae8b-fbe895014871" /><UnitTestResult executionId="ade1f121-c259-487e-809f-8dc5232cfc82" testId="7c84301e-9c2f-485e-8c13-e4d0486b581f" testName="FileRequest_FileCanBeReadAfterRename" computerName="LAMBDA" duration="00:00:00.6850000" startTime="2018-07-19T11:54:19.6528696-04:00" endTime="2018-07-19T11:54:19.6528842-04:00" testType="13cdc9d9-ddb5-4fa4-a97d-d965ccfc6d4b" outcome="Passed" testListId="8c84fa94-04c1-424b-9868-57a2d4851a1d" relativeResultsDirectory="ade1f121-c259-487e-809f-8dc5232cfc82" /><UnitTestResult executionId="00498dc0-4ed6-447f-927f-3a7ef74ba852" testId="344aaf94-9e1d-4977-95d6-6b0954c359da" testName="PostFile_FileTimeStampIsUpdatedAfterFileIsPosted" computerName="LAMBDA" duration="00:00:01.7780000" startTime="2018-07-19T11:54:18.1462136-04:00" endTime="2018-07-19T11:54:18.1462277-04:00" testType="13cdc9d9-ddb5-4fa4-a97d-d965ccfc6d4b" outcome="Passed" testListId="8c84fa94-04c1-424b-9868-57a2d4851a1d" relativeResultsDirectory="00498dc0-4ed6-447f-927f-3a7ef74ba852" /><UnitTestResult executionId="c2ed9ef9-497b-44fc-80d7-73466fabf1c2" testId="3f011599-39a9-460e-8284-898fdf95b036" testName="GetSingle_ValidIdPropertyValueReturnsCorrectModel" computerName="LAMBDA" duration="00:00:00.0330000" startTime="2018-07-19T11:54:23.4583631-04:00" endTime="2018-07-19T11:54:23.4583734-04:00" testType="13cdc9d9-ddb5-4fa4-a97d-d965ccfc6d4b" outcome="Passed" testListId="8c84fa94-04c1-424b-9868-57a2d4851a1d" relativeResultsDirectory="c2ed9ef9-497b-44fc-80d7-73466fabf1c2" /><UnitTestResult executionId="b1aedd56-7011-4cc3-8f18-5588c5b40107" testId="70868583-45da-4e32-ba73-dc1b8be7a36d" testName="GetFile_FileCanBeRoundTripped" computerName="LAMBDA" duration="00:00:00.5480000" startTime="2018-07-19T11:54:23.4220527-04:00" endTime="2018-07-19T11:54:23.4220672-04:00" testType="13cdc9d9-ddb5-4fa4-a97d-d965ccfc6d4b" outcome="Passed" testListId="8c84fa94-04c1-424b-9868-57a2d4851a1d" relativeResultsDirectory="b1aedd56-7011-4cc3-8f18-5588c5b40107" /><UnitTestResult executionId="de5d88c2-0873-4b5c-acd3-890f580e1332" testId="12435e68-5dc0-4759-a48f-62d35d4a436b" testName="Patch_InvalidEnumPropertyValueReturnsBadRequest" computerName="LAMBDA" duration="00:00:00.0520000" startTime="2018-07-19T11:54:13.1422677-04:00" endTime="2018-07-19T11:54:13.1422780-04:00" testType="13cdc9d9-ddb5-4fa4-a97d-d965ccfc6d4b" outcome="Passed" testListId="8c84fa94-04c1-424b-9868-57a2d4851a1d" relativeResultsDirectory="de5d88c2-0873-4b5c-acd3-890f580e1332" /><UnitTestResult executionId="86570e22-247a-441a-8c0d-3bd94997d095" testId="1a9d6c58-2455-4232-9573-27e001b3e4ab" testName="Put_InvalidIdReturnsNotFound" computerName="LAMBDA" duration="00:00:00.1250000" startTime="2018-07-19T11:53:38.0766630-04:00" endTime="2018-07-19T11:53:38.0766702-04:00" testType="13cdc9d9-ddb5-4fa4-a97d-d965ccfc6d4b" outcome="Passed" testListId="8c84fa94-04c1-424b-9868-57a2d4851a1d" relativeResultsDirectory="86570e22-247a-441a-8c0d-3bd94997d095" /></Results><TestDefinitions><UnitTest name="GetSingle_ValidIdPropertyValueReturnsCorrectModel" storage="d:\github\modelrelief\modelrelief.test\bin\debug\netcoreapp2.0\modelrelief.test.dll" id="3f011599-39a9-460e-8284-898fdf95b036"><Execution id="c2ed9ef9-497b-44fc-80d7-73466fabf1c2" /><TestMethod codeBase="d:\Github\ModelRelief\ModelRelief.test\bin\Debug\netcoreapp2.0\ModelRelief.Test.dll" adapterTypeName="executor://xunit/VsTestRunner2/netcoreapp" className="ModelRelief.Test.Integration.Cameras.CamerasBaseIntegrationTests" name="GetSingle_ValidIdPropertyValueReturnsCorrectModel" /></UnitTest><UnitTest name="Post_InvalidPropertyValueReturnsBadRequest" storage="d:\github\modelrelief\modelrelief.test\bin\debug\netcoreapp2.0\modelrelief.test.dll" id="9161a66c-3c2a-40d1-95cc-db1053e23e6f"><Execution id="28432a1a-2468-4899-bb7f-f2cab21cc13c" /><TestMethod codeBase="d:\Github\ModelRelief\ModelRelief.test\bin\Debug\netcoreapp2.0\ModelRelief.Test.dll" adapterTypeName="executor://xunit/VsTestRunner2/netcoreapp" className="ModelRelief.Test.Integration.Models.ModelsBaseIntegrationTests" name="Post_InvalidPropertyValueReturnsBadRequest" /></UnitTest><UnitTest name="PostFile_FileIsSynchronizedIsUpdatedAfterFileIsPosted" storage="d:\github\modelrelief\modelrelief.test\bin\debug\netcoreapp2.0\modelrelief.test.dll" id="79c955ef-8136-4dae-8a9e-213a6be21477"><Execution id="8ed97388-94d9-4961-8dcf-91b7f0b95412" /><TestMethod codeBase="d:\Github\ModelRelief\ModelRelief.test\bin\Debug\netcoreapp2.0\ModelRelief.Test.dll" adapterTypeName="executor://xunit/VsTestRunner2/netcoreapp" className="ModelRelief.Test.Integration.Models.ModelsFileIntegrationTests" name="PostFile_FileIsSynchronizedIsUpdatedAfterFileIsPosted" /></UnitTest><UnitTest name="PostFile_NewFileCanBePosted" storage="d:\github\modelrelief\modelrelief.test\bin\debug\netcoreapp2.0\modelrelief.test.dll" id="ebaa51b6-2a84-42d4-882c-1cd8af9138f5"><Execution id="93357c80-6408-4a5d-a1e1-5fd0174348d5" /><TestMethod codeBase="d:\Github\ModelRelief\ModelRelief.test\bin\Debug\netcoreapp2.0\ModelRelief.Test.dll" adapterTypeName="executor://xunit/VsTestRunner2/netcoreapp" className="ModelRelief.Test.Integration.DepthBuffers.DepthBuffersFileIntegrationTests" name="PostFile_NewFileCanBePosted" /></UnitTest><UnitTest name="GetFile_FileCanBeRoundTripped" storage="d:\github\modelrelief\modelrelief.test\bin\debug\netcoreapp2.0\modelrelief.test.dll" id="e34a7026-2b4a-4d4c-9db6-ffb82f9110c9"><Execution id="ec210ecd-81a7-478e-a5b9-9005d7a7433d" /><TestMethod codeBase="d:\Github\ModelRelief\ModelRelief.test\bin\Debug\netcoreapp2.0\ModelRelief.Test.dll" adapterTypeName="executor://xunit/VsTestRunner2/netcoreapp" className="ModelRelief.Test.Integration.Models.ModelsFileIntegrationTests" name="GetFile_FileCanBeRoundTripped" /></UnitTest><UnitTest name="Put_CanUpdateModel" storage="d:\github\modelrelief\modelrelief.test\bin\debug\netcoreapp2.0\modelrelief.test.dll" id="67a849bf-c4f3-4575-815c-a9f96f5b329b"><Execution id="6cfd7d1d-c49e-4468-a5a2-904d40e638b0" /><TestMethod codeBase="d:\Github\ModelRelief\ModelRelief.test\bin\Debug\netcoreapp2.0\ModelRelief.Test.dll" adapterTypeName="executor://xunit/VsTestRunner2/netcoreapp" className="ModelRelief.Test.Integration.Projects.ProjectsBaseIntegrationTests" name="Put_CanUpdateModel" /></UnitTest><UnitTest name="Post_CanCreateNewModel" storage="d:\github\modelrelief\modelrelief.test\bin\debug\netcoreapp2.0\modelrelief.test.dll" id="744b4e77-b9e4-4a56-abf3-eaa5363e4cf9"><Execution id="c0881e29-dd32-4df2-8e03-2bcff7cbf84d" /><TestMethod codeBase="d:\Github\ModelRelief\ModelRelief.test\bin\Debug\netcoreapp2.0\ModelRelief.Test.dll" adapterTypeName="executor://xunit/VsTestRunner2/netcoreapp" className="ModelRelief.Test.Integration.Cameras.CamerasBaseIntegrationTests" name="Post_CanCreateNewModel" /></UnitTest><UnitTest name="FileRequest_MeshGenerateSetsFileIsSynchronized" storage="d:\github\modelrelief\modelrelief.test\bin\debug\netcoreapp2.0\modelrelief.test.dll" id="e0da1c77-3806-4393-aa04-1d6a14fb3617"><Execution id="7547d7b8-15c6-405e-b770-aaac33f8558e" /><TestMethod codeBase="d:\Github\ModelRelief\ModelRelief.test\bin\Debug\netcoreapp2.0\ModelRelief.Test.dll" adapterTypeName="executor://xunit/VsTestRunner2/netcoreapp" className="ModelRelief.Test.Integration.Meshes.MeshesFileIntegrationTests" name="FileRequest_MeshGenerateSetsFileIsSynchronized" /></UnitTest><UnitTest name="Post_ValidReferencePropertyCreatesModel" storage="d:\github\modelrelief\modelrelief.test\bin\debug\netcoreapp2.0\modelrelief.test.dll" id="31016503-c6dd-41c8-91bb-23be8dd85709"><Execution id="e2e2eba5-4fe2-4d96-9596-2ec0c1aeff4e" /><TestMethod codeBase="d:\Github\ModelRelief\ModelRelief.test\bin\Debug\netcoreapp2.0\ModelRelief.Test.dll" adapterTypeName="executor://xunit/VsTestRunner2/netcoreapp" className="ModelRelief.Test.Integration.Projects.ProjectsBaseIntegrationTests" name="Post_ValidReferencePropertyCreatesModel" /></UnitTest><UnitTest name="Patch_ValidReferencePropertyUpdatesModel" storage="d:\github\modelrelief\modelrelief.test\bin\debug\netcoreapp2.0\modelrelief.test.dll" id="ec911915-30a1-49fd-aae6-0c50d6086c3a"><Execution id="d2f26c6e-b9b9-4355-8f8a-2d7692180c10" /><TestMethod codeBase="d:\Github\ModelRelief\ModelRelief.test\bin\Debug\netcoreapp2.0\ModelRelief.Test.dll" adapterTypeName="executor://xunit/VsTestRunner2/netcoreapp" className="ModelRelief.Test.Integration.Projects.ProjectsBaseIntegrationTests" name="Patch_ValidReferencePropertyUpdatesModel" /></UnitTest><UnitTest name="Patch_InvalidIdPropertyReturnsNotFound" storage="d:\github\modelrelief\modelrelief.test\bin\debug\netcoreapp2.0\modelrelief.test.dll" id="7c584311-81ef-4903-8869-b8733ed340eb"><Execution id="a9373140-19e9-4eeb-aaed-e9a95def6d2b" /><TestMethod codeBase="d:\Github\ModelRelief\ModelRelief.test\bin\Debug\netcoreapp2.0\ModelRelief.Test.dll" adapterTypeName="executor://xunit/VsTestRunner2/netcoreapp" className="ModelRelief.Test.Integration.DepthBuffers.DepthBuffersBaseIntegrationTests" name="Patch_InvalidIdPropertyReturnsNotFound" /></UnitTest><UnitTest name="Delete_TargetModelIsDeleted" storage="d:\github\modelrelief\modelrelief.test\bin\debug\netcoreapp2.0\modelrelief.test.dll" id="200c03e2-d4ee-44ce-8027-4bf0d97c3216"><Execution id="547bb51d-9313-40a5-bc95-587e67a70bdf" /><TestMethod codeBase="d:\Github\ModelRelief\ModelRelief.test\bin\Debug\netcoreapp2.0\ModelRelief.Test.dll" adapterTypeName="executor://xunit/VsTestRunner2/netcoreapp" className="ModelRelief.Test.Integration.DepthBuffers.DepthBuffersBaseIntegrationTests" name="Delete_TargetModelIsDeleted" /></UnitTest><UnitTest name="Put_CanUpdateModel" storage="d:\github\modelrelief\modelrelief.test\bin\debug\netcoreapp2.0\modelrelief.test.dll" id="0cf768ee-016e-4be2-a0dd-9c03ef6304e1"><Execution id="288dc977-cd08-4403-b74e-8d9c64a5ee73" /><TestMethod codeBase="d:\Github\ModelRelief\ModelRelief.test\bin\Debug\netcoreapp2.0\ModelRelief.Test.dll" adapterTypeName="executor://xunit/VsTestRunner2/netcoreapp" className="ModelRelief.Test.Integration.Meshes.MeshesBaseIntegrationTests" name="Put_CanUpdateModel" /></UnitTest><UnitTest name="PutFile_NewFileCanBePut" storage="d:\github\modelrelief\modelrelief.test\bin\debug\netcoreapp2.0\modelrelief.test.dll" id="cc0cb3a4-a98d-4784-9bfd-5caf1b2a04b0"><Execution id="ef48e8d6-8b75-48ed-8017-17fefdeaa81f" /><TestMethod codeBase="d:\Github\ModelRelief\ModelRelief.test\bin\Debug\netcoreapp2.0\ModelRelief.Test.dll" adapterTypeName="executor://xunit/VsTestRunner2/netcoreapp" className="ModelRelief.Test.Integration.Models.ModelsFileIntegrationTests" name="PutFile_NewFileCanBePut" /></UnitTest><UnitTest name="Post_InvalidReferencePropertyReturnsBadRequest" storage="d:\github\modelrelief\modelrelief.test\bin\debug\netcoreapp2.0\modelrelief.test.dll" id="4d599773-2210-46e5-b902-fca457925d53"><Execution id="a2a9b4db-f68a-4b15-b617-c3a36a71ff38" /><TestMethod codeBase="d:\Github\ModelRelief\ModelRelief.test\bin\Debug\netcoreapp2.0\ModelRelief.Test.dll" adapterTypeName="executor://xunit/VsTestRunner2/netcoreapp" className="ModelRelief.Test.Integration.DepthBuffers.DepthBuffersBaseIntegrationTests" name="Post_InvalidReferencePropertyReturnsBadRequest" /></UnitTest><UnitTest name="LucyDepthBufferFindsOneDependent" storage="d:\github\modelrelief\modelrelief.test\bin\debug\netcoreapp2.0\modelrelief.test.dll" id="f2e5a9f9-17ed-4300-b492-7bd4284a55a5"><Execution id="63670cf7-b38e-4ca5-8d07-84f655359de3" /><TestMethod codeBase="d:\Github\ModelRelief\ModelRelief.test\bin\Debug\netcoreapp2.0\ModelRelief.Test.dll" adapterTypeName="executor://xunit/VsTestRunner2/netcoreapp" className="ModelRelief.Test.Unit.DependencyManager.DependencyManagerTests" name="LucyDepthBufferFindsOneDependent" /></UnitTest><UnitTest name="Patch_TargetPropertyIsUpdated" storage="d:\github\modelrelief\modelrelief.test\bin\debug\netcoreapp2.0\modelrelief.test.dll" id="b9a28544-c71b-41e5-a4c4-ecb937a7055d"><Execution id="24a82952-cdfd-4452-91d2-bc24ec998157" /><TestMethod codeBase="d:\Github\ModelRelief\ModelRelief.test\bin\Debug\netcoreapp2.0\ModelRelief.Test.dll" adapterTypeName="executor://xunit/VsTestRunner2/netcoreapp" className="ModelRelief.Test.Integration.Models.ModelsBaseIntegrationTests" name="Patch_TargetPropertyIsUpdated" /></UnitTest><UnitTest name="Put_ValidReferencePropertyUpdatesModel" storage="d:\github\modelrelief\modelrelief.test\bin\debug\netcoreapp2.0\modelrelief.test.dll" id="a842e213-fb1b-46c4-ac0a-ca66da740c0a"><Execution id="8a7ce572-0625-4254-a1b9-b0cacbd1bfc0" /><TestMethod codeBase="d:\Github\ModelRelief\ModelRelief.test\bin\Debug\netcoreapp2.0\ModelRelief.Test.dll" adapterTypeName="executor://xunit/VsTestRunner2/netcoreapp" className="ModelRelief.Test.Integration.Models.ModelsBaseIntegrationTests" name="Put_ValidReferencePropertyUpdatesModel" /></UnitTest><UnitTest name="GetFile_ExistingFileReturnsSuccess" storage="d:\github\modelrelief\modelrelief.test\bin\debug\netcoreapp2.0\modelrelief.test.dll" id="eae49d25-e3f0-4558-87f7-7cb3688b11ce"><Execution id="477009a3-6e62-4da9-b931-0a69897adc37" /><TestMethod codeBase="d:\Github\ModelRelief\ModelRelief.test\bin\Debug\netcoreapp2.0\ModelRelief.Test.dll" adapterTypeName="executor://xunit/VsTestRunner2/netcoreapp" className="ModelRelief.Test.Integration.DepthBuffers.DepthBuffersFileIntegrationTests" name="GetFile_ExistingFileReturnsSuccess" /></UnitTest><UnitTest name="Put_InvalidReferencePropertyReturndBadRequest" storage="d:\github\modelrelief\modelrelief.test\bin\debug\netcoreapp2.0\modelrelief.test.dll" id="16b6c588-de63-4f5a-9c36-fcd168af6f78"><Execution id="9145e58b-624e-4728-8858-5421cb4b3731" /><TestMethod codeBase="d:\Github\ModelRelief\ModelRelief.test\bin\Debug\netcoreapp2.0\ModelRelief.Test.dll" adapterTypeName="executor://xunit/VsTestRunner2/netcoreapp" className="ModelRelief.Test.Integration.Meshes.MeshesBaseIntegrationTests" name="Put_InvalidReferencePropertyReturndBadRequest" /></UnitTest><UnitTest name="Delete_TargetModelIsDeleted" storage="d:\github\modelrelief\modelrelief.test\bin\debug\netcoreapp2.0\modelrelief.test.dll" id="05b9ddbb-df08-4261-8599-c254eea850af"><Execution id="dd9d2336-88bb-41e5-9d88-56cf91089b92" /><TestMethod codeBase="d:\Github\ModelRelief\ModelRelief.test\bin\Debug\netcoreapp2.0\ModelRelief.Test.dll" adapterTypeName="executor://xunit/VsTestRunner2/netcoreapp" className="ModelRelief.Test.Integration.Meshes.MeshesBaseIntegrationTests" name="Delete_TargetModelIsDeleted" /></UnitTest><UnitTest name="PostFile_FileTimeStampIsUpdatedAfterFileIsPosted" storage="d:\github\modelrelief\modelrelief.test\bin\debug\netcoreapp2.0\modelrelief.test.dll" id="14798c74-031b-43ce-b43f-bef22b42f969"><Execution id="d8f04b90-1407-439c-ad31-ddbb4e7f63a8" /><TestMethod codeBase="d:\Github\ModelRelief\ModelRelief.test\bin\Debug\netcoreapp2.0\ModelRelief.Test.dll" adapterTypeName="executor://xunit/VsTestRunner2/netcoreapp" className="ModelRelief.Test.Integration.Models.ModelsFileIntegrationTests" name="PostFile_FileTimeStampIsUpdatedAfterFileIsPosted" /></UnitTest><UnitTest name="Patch_InvalidIdPropertyReturnsNotFound" storage="d:\github\modelrelief\modelrelief.test\bin\debug\netcoreapp2.0\modelrelief.test.dll" id="5774a81b-081c-494a-bb6c-a8c8196afd86"><Execution id="adc411f3-f6fc-4313-89de-a057bf6e3c89" /><TestMethod codeBase="d:\Github\ModelRelief\ModelRelief.test\bin\Debug\netcoreapp2.0\ModelRelief.Test.dll" adapterTypeName="executor://xunit/VsTestRunner2/netcoreapp" className="ModelRelief.Test.Integration.Models.ModelsBaseIntegrationTests" name="Patch_InvalidIdPropertyReturnsNotFound" /></UnitTest><UnitTest name="Patch_TargetPropertyIsUpdated" storage="d:\github\modelrelief\modelrelief.test\bin\debug\netcoreapp2.0\modelrelief.test.dll" id="8f10235c-196e-4675-b8a3-be77445272b7"><Execution id="5b64a2b0-2c32-4643-a8d7-24e40b0b4d83" /><TestMethod codeBase="d:\Github\ModelRelief\ModelRelief.test\bin\Debug\netcoreapp2.0\ModelRelief.Test.dll" adapterTypeName="executor://xunit/VsTestRunner2/netcoreapp" className="ModelRelief.Test.Integration.Meshes.MeshesBaseIntegrationTests" name="Patch_TargetPropertyIsUpdated" /></UnitTest><UnitTest name="Put_InvalidIdReturnsNotFound" storage="d:\github\modelrelief\modelrelief.test\bin\debug\netcoreapp2.0\modelrelief.test.dll" id="9a5933c0-b438-4f89-b7f6-a093a3c0b85c"><Execution id="58e64461-8bcd-4f1b-a668-2729103c757d" /><TestMethod codeBase="d:\Github\ModelRelief\ModelRelief.test\bin\Debug\netcoreapp2.0\ModelRelief.Test.dll" adapterTypeName="executor://xunit/VsTestRunner2/netcoreapp" className="ModelRelief.Test.Integration.DepthBuffers.DepthBuffersBaseIntegrationTests" name="Put_InvalidIdReturnsNotFound" /></UnitTest><UnitTest name="FileRequest_FileCanBeReadAfterRename" storage="d:\github\modelrelief\modelrelief.test\bin\debug\netcoreapp2.0\modelrelief.test.dll" id="7c84301e-9c2f-485e-8c13-e4d0486b581f"><Execution id="ade1f121-c259-487e-809f-8dc5232cfc82" /><TestMethod codeBase="d:\Github\ModelRelief\ModelRelief.test\bin\Debug\netcoreapp2.0\ModelRelief.Test.dll" adapterTypeName="executor://xunit/VsTestRunner2/netcoreapp" className="ModelRelief.Test.Integration.DepthBuffers.DepthBuffersFileIntegrationTests" name="FileRequest_FileCanBeReadAfterRename" /></UnitTest><UnitTest name="GetSingle_InvalidIdPropertyValueReturnsNotFound" storage="d:\github\modelrelief\modelrelief.test\bin\debug\netcoreapp2.0\modelrelief.test.dll" id="f53da488-4318-4dab-9155-ae9faa4a3657"><Execution id="cb99c674-f90e-4487-ae1b-08dc994edcd7" /><TestMethod codeBase="d:\Github\ModelRelief\ModelRelief.test\bin\Debug\netcoreapp2.0\ModelRelief.Test.dll" adapterTypeName="executor://xunit/VsTestRunner2/netcoreapp" className="ModelRelief.Test.Integration.Models.ModelsBaseIntegrationTests" name="GetSingle_InvalidIdPropertyValueReturnsNotFound" /></UnitTest><UnitTest name="Post_CanCreateNewModel" storage="d:\github\modelrelief\modelrelief.test\bin\debug\netcoreapp2.0\modelrelief.test.dll" id="11dd1cb8-f217-420a-b21b-b256df06f769"><Execution id="e4257d86-f1d4-4b3e-84e7-f1b99e60752f" /><TestMethod codeBase="d:\Github\ModelRelief\ModelRelief.test\bin\Debug\netcoreapp2.0\ModelRelief.Test.dll" adapterTypeName="executor://xunit/VsTestRunner2/netcoreapp" className="ModelRelief.Test.Integration.Meshes.MeshesBaseIntegrationTests" name="Post_CanCreateNewModel" /></UnitTest><UnitTest name="PostFile_NewFileCanBePosted" storage="d:\github\modelrelief\modelrelief.test\bin\debug\netcoreapp2.0\modelrelief.test.dll" id="47c9d127-f72d-4f92-948f-03f4124249ad"><Execution id="668d3379-5cee-4686-a05d-1bd885b5c33b" /><TestMethod codeBase="d:\Github\ModelRelief\ModelRelief.test\bin\Debug\netcoreapp2.0\ModelRelief.Test.dll" adapterTypeName="executor://xunit/VsTestRunner2/netcoreapp" className="ModelRelief.Test.Integration.Meshes.MeshesFileIntegrationTests" name="PostFile_NewFileCanBePosted" /></UnitTest><UnitTest name="GetFile_FileCanBeRoundTripped" storage="d:\github\modelrelief\modelrelief.test\bin\debug\netcoreapp2.0\modelrelief.test.dll" id="70868583-45da-4e32-ba73-dc1b8be7a36d"><Execution id="b1aedd56-7011-4cc3-8f18-5588c5b40107" /><TestMethod codeBase="d:\Github\ModelRelief\ModelRelief.test\bin\Debug\netcoreapp2.0\ModelRelief.Test.dll" adapterTypeName="executor://xunit/VsTestRunner2/netcoreapp" className="ModelRelief.Test.Integration.DepthBuffers.DepthBuffersFileIntegrationTests" name="GetFile_FileCanBeRoundTripped" /></UnitTest><UnitTest name="Patch_TargetPropertyIsUpdated" storage="d:\github\modelrelief\modelrelief.test\bin\debug\netcoreapp2.0\modelrelief.test.dll" id="61c72d10-e861-48de-a41a-4e5d32f816a4"><Execution id="3f672d1b-4591-4818-8b91-8681829dd990" /><TestMethod codeBase="d:\Github\ModelRelief\ModelRelief.test\bin\Debug\netcoreapp2.0\ModelRelief.Test.dll" adapterTypeName="executor://xunit/VsTestRunner2/netcoreapp" className="ModelRelief.Test.Integration.Cameras.CamerasBaseIntegrationTests" name="Patch_TargetPropertyIsUpdated" /></UnitTest><UnitTest name="GetList_ListReturnsCorrectCount" storage="d:\github\modelrelief\modelrelief.test\bin\debug\netcoreapp2.0\modelrelief.test.dll" id="28cdee49-037e-4497-8389-93590b1afe64"><Execution id="91676f4c-77eb-4d65-ad08-8c904f10f20d" /><TestMethod codeBase="d:\Github\ModelRelief\ModelRelief.test\bin\Debug\netcoreapp2.0\ModelRelief.Test.dll" adapterTypeName="executor://xunit/VsTestRunner2/netcoreapp" className="ModelRelief.Test.Integration.DepthBuffers.DepthBuffersBaseIntegrationTests" name="GetList_ListReturnsCorrectCount" /></UnitTest><UnitTest name="FileRequest_FileCanBeReadAfterRename" storage="d:\github\modelrelief\modelrelief.test\bin\debug\netcoreapp2.0\modelrelief.test.dll" id="eb63a217-f681-4c89-a755-ebc729d4e317"><Execution id="4859b71c-11ac-4eb6-9f62-bb629f984bd8" /><TestMethod codeBase="d:\Github\ModelRelief\ModelRelief.test\bin\Debug\netcoreapp2.0\ModelRelief.Test.dll" adapterTypeName="executor://xunit/VsTestRunner2/netcoreapp" className="ModelRelief.Test.Integration.Meshes.MeshesFileIntegrationTests" name="FileRequest_FileCanBeReadAfterRename" /></UnitTest><UnitTest name="Patch_InvalidEnumPropertyValueReturnsBadRequest" storage="d:\github\modelrelief\modelrelief.test\bin\debug\netcoreapp2.0\modelrelief.test.dll" id="73444bc5-527c-4e03-bcd7-a1de79480ba0"><Execution id="fcfbd13f-9d25-48fd-a8bb-7dd9f3bba682" /><TestMethod codeBase="d:\Github\ModelRelief\ModelRelief.test\bin\Debug\netcoreapp2.0\ModelRelief.Test.dll" adapterTypeName="executor://xunit/VsTestRunner2/netcoreapp" className="ModelRelief.Test.Integration.Cameras.CamerasBaseIntegrationTests" name="Patch_InvalidEnumPropertyValueReturnsBadRequest" /></UnitTest><UnitTest name="Patch_MultipleInvalidReferencePropertiesReturnsMultipleValidationErrorsAndBadRequest" storage="d:\github\modelrelief\modelrelief.test\bin\debug\netcoreapp2.0\modelrelief.test.dll" id="9e042367-38ff-4d99-844f-420cf769a7a6"><Execution id="bbb2b8cc-dae6-4334-ac84-46f84a6dfeec" /><TestMethod codeBase="d:\Github\ModelRelief\ModelRelief.test\bin\Debug\netcoreapp2.0\ModelRelief.Test.dll" adapterTypeName="executor://xunit/VsTestRunner2/netcoreapp" className="ModelRelief.Test.Integration.Meshes.MeshesBaseIntegrationTests" name="Patch_MultipleInvalidReferencePropertiesReturnsMultipleValidationErrorsAndBadRequest" /></UnitTest><UnitTest name="Patch_InvalidPropertyNameReturnsBadRequest" storage="d:\github\modelrelief\modelrelief.test\bin\debug\netcoreapp2.0\modelrelief.test.dll" id="51954879-db0c-4877-bf6a-eca87c21a2f8"><Execution id="77795774-4699-4380-937c-de7e5790c8a1" /><TestMethod codeBase="d:\Github\ModelRelief\ModelRelief.test\bin\Debug\netcoreapp2.0\ModelRelief.Test.dll" adapterTypeName="executor://xunit/VsTestRunner2/netcoreapp" className="ModelRelief.Test.Integration.DepthBuffers.DepthBuffersBaseIntegrationTests" name="Patch_InvalidPropertyNameReturnsBadRequest" /></UnitTest><UnitTest name="Patch_TargetPropertyIsUpdated" storage="d:\github\modelrelief\modelrelief.test\bin\debug\netcoreapp2.0\modelrelief.test.dll" id="02c4e93b-26d2-417b-a862-c093a9594fd3"><Execution id="92cfab0d-79dc-45c6-889c-10ea67bf3acf" /><TestMethod codeBase="d:\Github\ModelRelief\ModelRelief.test\bin\Debug\netcoreapp2.0\ModelRelief.Test.dll" adapterTypeName="executor://xunit/VsTestRunner2/netcoreapp" className="ModelRelief.Test.Integration.MeshTransforms.MeshTransformsBaseIntegrationTests" name="Patch_TargetPropertyIsUpdated" /></UnitTest><UnitTest name="Patch_ValidReferencePropertyUpdatesModel" storage="d:\github\modelrelief\modelrelief.test\bin\debug\netcoreapp2.0\modelrelief.test.dll" id="ce02f565-3394-4c8e-9455-f6ba3bef4c81"><Execution id="e172f3cf-3ae2-49ee-bbc6-7372386ea35b" /><TestMethod codeBase="d:\Github\ModelRelief\ModelRelief.test\bin\Debug\netcoreapp2.0\ModelRelief.Test.dll" adapterTypeName="executor://xunit/VsTestRunner2/netcoreapp" className="ModelRelief.Test.Integration.Models.ModelsBaseIntegrationTests" name="Patch_ValidReferencePropertyUpdatesModel" /></UnitTest><UnitTest name="Patch_InvalidReferencePropertyReturnsBadRequest" storage="d:\github\modelrelief\modelrelief.test\bin\debug\netcoreapp2.0\modelrelief.test.dll" id="5bf7aa50-6250-4e31-abf6-b27baeb57ab2"><Execution id="c48ad275-87e6-44a4-97a4-f3672faf4b66" /><TestMethod codeBase="d:\Github\ModelRelief\ModelRelief.test\bin\Debug\netcoreapp2.0\ModelRelief.Test.dll" adapterTypeName="executor://xunit/VsTestRunner2/netcoreapp" className="ModelRelief.Test.Integration.DepthBuffers.DepthBuffersBaseIntegrationTests" name="Patch_InvalidReferencePropertyReturnsBadRequest" /></UnitTest><UnitTest name="GetList_ListReturnsCorrectCount" storage="d:\github\modelrelief\modelrelief.test\bin\debug\netcoreapp2.0\modelrelief.test.dll" id="3ea46755-9815-4c16-abac-42a77d65c24d"><Execution id="be72d8b6-d651-470e-9264-b5fa4e15c612" /><TestMethod codeBase="d:\Github\ModelRelief\ModelRelief.test\bin\Debug\netcoreapp2.0\ModelRelief.Test.dll" adapterTypeName="executor://xunit/VsTestRunner2/netcoreapp" className="ModelRelief.Test.Integration.Cameras.CamerasBaseIntegrationTests" name="GetList_ListReturnsCorrectCount" /></UnitTest><UnitTest name="Put_InvalidIdReturnsNotFound" storage="d:\github\modelrelief\modelrelief.test\bin\debug\netcoreapp2.0\modelrelief.test.dll" id="a0c64d42-fd77-42c3-b99f-88ebf520e642"><Execution id="694b0a5e-e5da-43a1-83b3-93225c2b5ed8" /><TestMethod codeBase="d:\Github\ModelRelief\ModelRelief.test\bin\Debug\netcoreapp2.0\ModelRelief.Test.dll" adapterTypeName="executor://xunit/VsTestRunner2/netcoreapp" className="ModelRelief.Test.Integration.Cameras.CamerasBaseIntegrationTests" name="Put_InvalidIdReturnsNotFound" /></UnitTest><UnitTest name="Put_CanUpdateModel" storage="d:\github\modelrelief\modelrelief.test\bin\debug\netcoreapp2.0\modelrelief.test.dll" id="aa46c9f7-1fd6-4d8d-996c-90e077fa6dc6"><Execution id="ef83fa90-1b5b-4128-a619-7a83a029f16d" /><TestMethod codeBase="d:\Github\ModelRelief\ModelRelief.test\bin\Debug\netcoreapp2.0\ModelRelief.Test.dll" adapterTypeName="executor://xunit/VsTestRunner2/netcoreapp" className="ModelRelief.Test.Integration.Cameras.CamerasBaseIntegrationTests" name="Put_CanUpdateModel" /></UnitTest><UnitTest name="Patch_MultipleInvalidReferencePropertiesReturnsMultipleValidationErrorsAndBadRequest" storage="d:\github\modelrelief\modelrelief.test\bin\debug\netcoreapp2.0\modelrelief.test.dll" id="86e2624b-58b2-41ed-99b9-ad612ad890a4"><Execution id="d613e2da-0d0b-4658-8d43-1d9bd035dcde" /><TestMethod codeBase="d:\Github\ModelRelief\ModelRelief.test\bin\Debug\netcoreapp2.0\ModelRelief.Test.dll" adapterTypeName="executor://xunit/VsTestRunner2/netcoreapp" className="ModelRelief.Test.Integration.MeshTransforms.MeshTransformsBaseIntegrationTests" name="Patch_MultipleInvalidReferencePropertiesReturnsMultipleValidationErrorsAndBadRequest" /></UnitTest><UnitTest name="PutFile_FileCanBeUpdated" storage="d:\github\modelrelief\modelrelief.test\bin\debug\netcoreapp2.0\modelrelief.test.dll" id="a89dc51c-baa0-4372-b530-fa0a8fcc52ca"><Execution id="eba0a0a2-a574-4fc3-a73f-8c85d856b310" /><TestMethod codeBase="d:\Github\ModelRelief\ModelRelief.test\bin\Debug\netcoreapp2.0\ModelRelief.Test.dll" adapterTypeName="executor://xunit/VsTestRunner2/netcoreapp" className="ModelRelief.Test.Integration.Models.ModelsFileIntegrationTests" name="PutFile_FileCanBeUpdated" /></UnitTest><UnitTest name="Post_CanCreateNewModel" storage="d:\github\modelrelief\modelrelief.test\bin\debug\netcoreapp2.0\modelrelief.test.dll" id="5be7e255-e209-43fc-b146-5ba9154da75b"><Execution id="e2e52c99-5ea4-41a2-bd63-59563a510b10" /><TestMethod codeBase="d:\Github\ModelRelief\ModelRelief.test\bin\Debug\netcoreapp2.0\ModelRelief.Test.dll" adapterTypeName="executor://xunit/VsTestRunner2/netcoreapp" className="ModelRelief.Test.Integration.Projects.ProjectsBaseIntegrationTests" name="Post_CanCreateNewModel" /></UnitTest><UnitTest name="Patch_ValidReferencePropertyUpdatesModel" storage="d:\github\modelrelief\modelrelief.test\bin\debug\netcoreapp2.0\modelrelief.test.dll" id="88b7a3f1-dab3-4edf-98a3-b5a83374325e"><Execution id="c711a183-1b4c-44f3-bea6-3abe10fa50f5" /><TestMethod codeBase="d:\Github\ModelRelief\ModelRelief.test\bin\Debug\netcoreapp2.0\ModelRelief.Test.dll" adapterTypeName="executor://xunit/VsTestRunner2/netcoreapp" className="ModelRelief.Test.Integration.MeshTransforms.MeshTransformsBaseIntegrationTests" name="Patch_ValidReferencePropertyUpdatesModel" /></UnitTest><UnitTest name="GetSingle_InvalidIdPropertyValueReturnsNotFound" storage="d:\github\modelrelief\modelrelief.test\bin\debug\netcoreapp2.0\modelrelief.test.dll" id="e60cd546-7c28-465a-b61e-784a563fed69"><Execution id="6823e1c6-9471-46b0-85fc-f49b21cc1617" /><TestMethod codeBase="d:\Github\ModelRelief\ModelRelief.test\bin\Debug\netcoreapp2.0\ModelRelief.Test.dll" adapterTypeName="executor://xunit/VsTestRunner2/netcoreapp" className="ModelRelief.Test.Integration.Projects.ProjectsBaseIntegrationTests" name="GetSingle_InvalidIdPropertyValueReturnsNotFound" /></UnitTest><UnitTest name="Delete_TargetModelIsDeleted" storage="d:\github\modelrelief\modelrelief.test\bin\debug\netcoreapp2.0\modelrelief.test.dll" id="561f259c-efde-4e96-9a62-c7fa4ad9b81a"><Execution id="4d23d68f-cd11-4585-b72e-80a42afae1c1" /><TestMethod codeBase="d:\Github\ModelRelief\ModelRelief.test\bin\Debug\netcoreapp2.0\ModelRelief.Test.dll" adapterTypeName="executor://xunit/VsTestRunner2/netcoreapp" className="ModelRelief.Test.Integration.Projects.ProjectsBaseIntegrationTests" name="Delete_TargetModelIsDeleted" /></UnitTest><UnitTest name="Delete_TargetModelIsDeleted" storage="d:\github\modelrelief\modelrelief.test\bin\debug\netcoreapp2.0\modelrelief.test.dll" id="75284c0a-9852-4b83-9908-3754c8324b81"><Execution id="1124de71-5bed-4a2e-9ba0-6bf65c5eb3bc" /><TestMethod codeBase="d:\Github\ModelRelief\ModelRelief.test\bin\Debug\netcoreapp2.0\ModelRelief.Test.dll" adapterTypeName="executor://xunit/VsTestRunner2/netcoreapp" className="ModelRelief.Test.Integration.Cameras.CamerasBaseIntegrationTests" name="Delete_TargetModelIsDeleted" /></UnitTest><UnitTest name="PutFile_NewFileCanBePut" storage="d:\github\modelrelief\modelrelief.test\bin\debug\netcoreapp2.0\modelrelief.test.dll" id="75ab47cb-99e2-4091-9eae-1c49c5e13593"><Execution id="f6503574-fd75-4f35-a482-8938bb06d1d9" /><TestMethod codeBase="d:\Github\ModelRelief\ModelRelief.test\bin\Debug\netcoreapp2.0\ModelRelief.Test.dll" adapterTypeName="executor://xunit/VsTestRunner2/netcoreapp" className="ModelRelief.Test.Integration.Meshes.MeshesFileIntegrationTests" name="PutFile_NewFileCanBePut" /></UnitTest><UnitTest name="Post_ValidReferencePropertyCreatesModel" storage="d:\github\modelrelief\modelrelief.test\bin\debug\netcoreapp2.0\modelrelief.test.dll" id="8f59d2bb-8493-4723-8206-eb5ae5886227"><Execution id="6953ac6c-5248-4960-b7e7-4465b7ada49b" /><TestMethod codeBase="d:\Github\ModelRelief\ModelRelief.test\bin\Debug\netcoreapp2.0\ModelRelief.Test.dll" adapterTypeName="executor://xunit/VsTestRunner2/netcoreapp" className="ModelRelief.Test.Integration.Meshes.MeshesBaseIntegrationTests" name="Post_ValidReferencePropertyCreatesModel" /></UnitTest><UnitTest name="Patch_MultipleInvalidReferencePropertiesReturnsMultipleValidationErrorsAndBadRequest" storage="d:\github\modelrelief\modelrelief.test\bin\debug\netcoreapp2.0\modelrelief.test.dll" id="f4d19e2f-6d45-4bda-8faa-52fb393aca86"><Execution id="6ec7a667-1dd6-46cd-a14a-0622a7a1fe05" /><TestMethod codeBase="d:\Github\ModelRelief\ModelRelief.test\bin\Debug\netcoreapp2.0\ModelRelief.Test.dll" adapterTypeName="executor://xunit/VsTestRunner2/netcoreapp" className="ModelRelief.Test.Integration.Models.ModelsBaseIntegrationTests" name="Patch_MultipleInvalidReferencePropertiesReturnsMultipleValidationErrorsAndBadRequest" /></UnitTest><UnitTest name="Patch_ValidReferencePropertyUpdatesModel" storage="d:\github\modelrelief\modelrelief.test\bin\debug\netcoreapp2.0\modelrelief.test.dll" id="bcb3200a-23b3-4410-8c7d-6e5a6287f2ba"><Execution id="17044ca5-469e-4823-8e02-9e47083e77db" /><TestMethod codeBase="d:\Github\ModelRelief\ModelRelief.test\bin\Debug\netcoreapp2.0\ModelRelief.Test.dll" adapterTypeName="executor://xunit/VsTestRunner2/netcoreapp" className="ModelRelief.Test.Integration.DepthBuffers.DepthBuffersBaseIntegrationTests" name="Patch_ValidReferencePropertyUpdatesModel" /></UnitTest><UnitTest name="GetFile_NonExistentFileReturnsNotFound" storage="d:\github\modelrelief\modelrelief.test\bin\debug\netcoreapp2.0\modelrelief.test.dll" id="5e752669-b72c-406c-b6ef-6dc868b60382"><Execution id="393da77d-27dc-46d0-9438-bf1753f1303a" /><TestMethod codeBase="d:\Github\ModelRelief\ModelRelief.test\bin\Debug\netcoreapp2.0\ModelRelief.Test.dll" adapterTypeName="executor://xunit/VsTestRunner2/netcoreapp" className="ModelRelief.Test.Integration.Models.ModelsFileIntegrationTests" name="GetFile_NonExistentFileReturnsNotFound" /></UnitTest><UnitTest name="Patch_ValidReferencePropertyUpdatesModel" storage="d:\github\modelrelief\modelrelief.test\bin\debug\netcoreapp2.0\modelrelief.test.dll" id="3f48fce9-594e-408b-b4f5-04c50b5f5a70"><Execution id="99d30094-c64a-4e92-a7f2-fa73e903fff7" /><TestMethod codeBase="d:\Github\ModelRelief\ModelRelief.test\bin\Debug\netcoreapp2.0\ModelRelief.Test.dll" adapterTypeName="executor://xunit/VsTestRunner2/netcoreapp" className="ModelRelief.Test.Integration.Cameras.CamerasBaseIntegrationTests" name="Patch_ValidReferencePropertyUpdatesModel" /></UnitTest><UnitTest name="Patch_InvalidReferencePropertyReturnsBadRequest" storage="d:\github\modelrelief\modelrelief.test\bin\debug\netcoreapp2.0\modelrelief.test.dll" id="222d44db-b6db-47be-a61a-eec7761def9f"><Execution id="3f235309-5278-4339-9804-5d1fa3680a38" /><TestMethod codeBase="d:\Github\ModelRelief\ModelRelief.test\bin\Debug\netcoreapp2.0\ModelRelief.Test.dll" adapterTypeName="executor://xunit/VsTestRunner2/netcoreapp" className="ModelRelief.Test.Integration.Meshes.MeshesBaseIntegrationTests" name="Patch_InvalidReferencePropertyReturnsBadRequest" /></UnitTest><UnitTest name="Post_ValidReferencePropertyCreatesModel" storage="d:\github\modelrelief\modelrelief.test\bin\debug\netcoreapp2.0\modelrelief.test.dll" id="6f0d8243-467b-4960-adba-1ced59b5c241"><Execution id="5f44ca7e-5370-40cc-bb0a-a3b1083dd558" /><TestMethod codeBase="d:\Github\ModelRelief\ModelRelief.test\bin\Debug\netcoreapp2.0\ModelRelief.Test.dll" adapterTypeName="executor://xunit/VsTestRunner2/netcoreapp" className="ModelRelief.Test.Integration.Models.ModelsBaseIntegrationTests" name="Post_ValidReferencePropertyCreatesModel" /></UnitTest><UnitTest name="Post_CanCreateNewModel" storage="d:\github\modelrelief\modelrelief.test\bin\debug\netcoreapp2.0\modelrelief.test.dll" id="0f784dd4-8346-49f0-bc13-aef505e1b4a4"><Execution id="69a85173-de9a-4e82-98e8-f800f6d31b09" /><TestMethod codeBase="d:\Github\ModelRelief\ModelRelief.test\bin\Debug\netcoreapp2.0\ModelRelief.Test.dll" adapterTypeName="executor://xunit/VsTestRunner2/netcoreapp" className="ModelRelief.Test.Integration.MeshTransforms.MeshTransformsBaseIntegrationTests" name="Post_CanCreateNewModel" /></UnitTest><UnitTest name="MeshTransformHasExpectedDependentFiles" storage="d:\github\modelrelief\modelrelief.test\bin\debug\netcoreapp2.0\modelrelief.test.dll" id="25fab48d-9057-44d2-9c28-683f5e19e4ad"><Execution id="2e4f42d7-b87b-4add-afeb-bec07536579f" /><TestMethod codeBase="d:\Github\ModelRelief\ModelRelief.test\bin\Debug\netcoreapp2.0\ModelRelief.Test.dll" adapterTypeName="executor://xunit/VsTestRunner2/netcoreapp" className="ModelRelief.Test.Unit.DependencyManager.DependencyManagerTests" name="MeshTransformHasExpectedDependentFiles" /></UnitTest><UnitTest name="Patch_InvalidEnumPropertyValueReturnsBadRequest" storage="d:\github\modelrelief\modelrelief.test\bin\debug\netcoreapp2.0\modelrelief.test.dll" id="3d3f1f08-bbe3-4af4-a25b-495f9258ed1c"><Execution id="6ab7c9b7-259a-4130-9550-2df514732aee" /><TestMethod codeBase="d:\Github\ModelRelief\ModelRelief.test\bin\Debug\netcoreapp2.0\ModelRelief.Test.dll" adapterTypeName="executor://xunit/VsTestRunner2/netcoreapp" className="ModelRelief.Test.Integration.Models.ModelsBaseIntegrationTests" name="Patch_InvalidEnumPropertyValueReturnsBadRequest" /></UnitTest><UnitTest name="Patch_InvalidEnumPropertyValueReturnsBadRequest" storage="d:\github\modelrelief\modelrelief.test\bin\debug\netcoreapp2.0\modelrelief.test.dll" id="fad065c0-ead4-4641-8690-21acb8c80a5a"><Execution id="040b23e3-994c-4bb1-bf26-bf539bc1f3fa" /><TestMethod codeBase="d:\Github\ModelRelief\ModelRelief.test\bin\Debug\netcoreapp2.0\ModelRelief.Test.dll" adapterTypeName="executor://xunit/VsTestRunner2/netcoreapp" className="ModelRelief.Test.Integration.MeshTransforms.MeshTransformsBaseIntegrationTests" name="Patch_InvalidEnumPropertyValueReturnsBadRequest" /></UnitTest><UnitTest name="LucyCameraFindsAllDependents" storage="d:\github\modelrelief\modelrelief.test\bin\debug\netcoreapp2.0\modelrelief.test.dll" id="4908c6bb-d5a1-49e4-8878-0215e03109de"><Execution id="69352b54-0ece-4260-b873-259ffaac71df" /><TestMethod codeBase="d:\Github\ModelRelief\ModelRelief.test\bin\Debug\netcoreapp2.0\ModelRelief.Test.dll" adapterTypeName="executor://xunit/VsTestRunner2/netcoreapp" className="ModelRelief.Test.Unit.DependencyManager.DependencyManagerTests" name="LucyCameraFindsAllDependents" /></UnitTest><UnitTest name="Patch_InvalidIdPropertyReturnsNotFound" storage="d:\github\modelrelief\modelrelief.test\bin\debug\netcoreapp2.0\modelrelief.test.dll" id="b4e3d700-f0bd-4c50-b99d-bd0e9f6e9737"><Execution id="94a1870a-c338-47b9-b670-fb583142d071" /><TestMethod codeBase="d:\Github\ModelRelief\ModelRelief.test\bin\Debug\netcoreapp2.0\ModelRelief.Test.dll" adapterTypeName="executor://xunit/VsTestRunner2/netcoreapp" className="ModelRelief.Test.Integration.Cameras.CamerasBaseIntegrationTests" name="Patch_InvalidIdPropertyReturnsNotFound" /></UnitTest><UnitTest name="Patch_InvalidReferencePropertyReturnsBadRequest" storage="d:\github\modelrelief\modelrelief.test\bin\debug\netcoreapp2.0\modelrelief.test.dll" id="51eaf4f2-8db6-41a1-812b-2820abae4d39"><Execution id="9991819e-3bea-46fe-9b82-c33137219d5a" /><TestMethod codeBase="d:\Github\ModelRelief\ModelRelief.test\bin\Debug\netcoreapp2.0\ModelRelief.Test.dll" adapterTypeName="executor://xunit/VsTestRunner2/netcoreapp" className="ModelRelief.Test.Integration.Models.ModelsBaseIntegrationTests" name="Patch_InvalidReferencePropertyReturnsBadRequest" /></UnitTest><UnitTest name="FileRequest_MeshGenerateScalesDepthBufferByP1Scale" storage="d:\github\modelrelief\modelrelief.test\bin\debug\netcoreapp2.0\modelrelief.test.dll" id="001ca607-21c4-4046-be9a-6806fc197981"><Execution id="c8ed6f26-b03e-4f9c-a2a4-7b4f523b13a5" /><TestMethod codeBase="d:\Github\ModelRelief\ModelRelief.test\bin\Debug\netcoreapp2.0\ModelRelief.Test.dll" adapterTypeName="executor://xunit/VsTestRunner2/netcoreapp" className="ModelRelief.Test.Integration.Meshes.MeshesFileIntegrationTests" name="FileRequest_MeshGenerateScalesDepthBufferByP1Scale" /></UnitTest><UnitTest name="Delete_TargetModelIsDeleted" storage="d:\github\modelrelief\modelrelief.test\bin\debug\netcoreapp2.0\modelrelief.test.dll" id="2f3ad9c6-a5f1-476c-8e59-c1f4369938aa"><Execution id="a116a9d7-f5cf-4383-ade0-30554ea27030" /><TestMethod codeBase="d:\Github\ModelRelief\ModelRelief.test\bin\Debug\netcoreapp2.0\ModelRelief.Test.dll" adapterTypeName="executor://xunit/VsTestRunner2/netcoreapp" className="ModelRelief.Test.Integration.MeshTransforms.MeshTransformsBaseIntegrationTests" name="Delete_TargetModelIsDeleted" /></UnitTest><UnitTest name="GetSingle_InvalidIdPropertyValueReturnsNotFound" storage="d:\github\modelrelief\modelrelief.test\bin\debug\netcoreapp2.0\modelrelief.test.dll" id="23322ba0-7396-45cb-a000-216c3476050f"><Execution id="1e2dfcf6-9e9f-4172-9c9b-424d907401f5" /><TestMethod codeBase="d:\Github\ModelRelief\ModelRelief.test\bin\Debug\netcoreapp2.0\ModelRelief.Test.dll" adapterTypeName="executor://xunit/VsTestRunner2/netcoreapp" className="ModelRelief.Test.Integration.MeshTransforms.MeshTransformsBaseIntegrationTests" name="GetSingle_InvalidIdPropertyValueReturnsNotFound" /></UnitTest><UnitTest name="Post_InvalidReferencePropertyReturnsBadRequest" storage="d:\github\modelrelief\modelrelief.test\bin\debug\netcoreapp2.0\modelrelief.test.dll" id="91e01865-f74c-4015-a09b-6e270f712181"><Execution id="3d758f99-98cf-4edc-8c6c-294fcf9bad83" /><TestMethod codeBase="d:\Github\ModelRelief\ModelRelief.test\bin\Debug\netcoreapp2.0\ModelRelief.Test.dll" adapterTypeName="executor://xunit/VsTestRunner2/netcoreapp" className="ModelRelief.Test.Integration.Projects.ProjectsBaseIntegrationTests" name="Post_InvalidReferencePropertyReturnsBadRequest" /></UnitTest><UnitTest name="Put_ValidReferencePropertyUpdatesModel" storage="d:\github\modelrelief\modelrelief.test\bin\debug\netcoreapp2.0\modelrelief.test.dll" id="81d38b1f-ca39-4672-b720-500b18c375c6"><Execution id="4b76450f-8ebe-499c-ae8b-fbe895014871" /><TestMethod codeBase="d:\Github\ModelRelief\ModelRelief.test\bin\Debug\netcoreapp2.0\ModelRelief.Test.dll" adapterTypeName="executor://xunit/VsTestRunner2/netcoreapp" className="ModelRelief.Test.Integration.Cameras.CamerasBaseIntegrationTests" name="Put_ValidReferencePropertyUpdatesModel" /></UnitTest><UnitTest name="GetList_ListReturnsCorrectCount" storage="d:\github\modelrelief\modelrelief.test\bin\debug\netcoreapp2.0\modelrelief.test.dll" id="55520f9d-d3d2-4fcf-8f68-e11534014493"><Execution id="d7e89bf0-a5c8-4c4c-8e3e-4e1d208b3aa9" /><TestMethod codeBase="d:\Github\ModelRelief\ModelRelief.test\bin\Debug\netcoreapp2.0\ModelRelief.Test.dll" adapterTypeName="executor://xunit/VsTestRunner2/netcoreapp" className="ModelRelief.Test.Integration.MeshTransforms.MeshTransformsBaseIntegrationTests" name="GetList_ListReturnsCorrectCount" /></UnitTest><UnitTest name="GetFile_FileCanBeRoundTripped" storage="d:\github\modelrelief\modelrelief.test\bin\debug\netcoreapp2.0\modelrelief.test.dll" id="27109004-0fec-40b2-b351-3ce4ed055b83"><Execution id="7575040e-0adb-4ba7-b603-8020a7de0481" /><TestMethod codeBase="d:\Github\ModelRelief\ModelRelief.test\bin\Debug\netcoreapp2.0\ModelRelief.Test.dll" adapterTypeName="executor://xunit/VsTestRunner2/netcoreapp" className="ModelRelief.Test.Integration.Meshes.MeshesFileIntegrationTests" name="GetFile_FileCanBeRoundTripped" /></UnitTest><UnitTest name="GetSingle_ValidIdPropertyValueReturnsCorrectModel" storage="d:\github\modelrelief\modelrelief.test\bin\debug\netcoreapp2.0\modelrelief.test.dll" id="26c01a2e-8f8a-4680-985f-bb9cc06f5f73"><Execution id="88a28afd-e452-4e1b-bb74-eb8d2d3126e8" /><TestMethod codeBase="d:\Github\ModelRelief\ModelRelief.test\bin\Debug\netcoreapp2.0\ModelRelief.Test.dll" adapterTypeName="executor://xunit/VsTestRunner2/netcoreapp" className="ModelRelief.Test.Integration.DepthBuffers.DepthBuffersBaseIntegrationTests" name="GetSingle_ValidIdPropertyValueReturnsCorrectModel" /></UnitTest><UnitTest name="PutFile_FileCanBeUpdated" storage="d:\github\modelrelief\modelrelief.test\bin\debug\netcoreapp2.0\modelrelief.test.dll" id="ac52f6e6-2c30-4906-a524-19527ec08c54"><Execution id="50c34a63-2f55-41a4-89fd-b096c9cba8e7" /><TestMethod codeBase="d:\Github\ModelRelief\ModelRelief.test\bin\Debug\netcoreapp2.0\ModelRelief.Test.dll" adapterTypeName="executor://xunit/VsTestRunner2/netcoreapp" className="ModelRelief.Test.Integration.Meshes.MeshesFileIntegrationTests" name="PutFile_FileCanBeUpdated" /></UnitTest><UnitTest name="Put_CanUpdateModel" storage="d:\github\modelrelief\modelrelief.test\bin\debug\netcoreapp2.0\modelrelief.test.dll" id="ac64d332-d8a3-477a-af98-2a31534137b9"><Execution id="de15d078-fe52-4156-9e97-6f5829ac2d19" /><TestMethod codeBase="d:\Github\ModelRelief\ModelRelief.test\bin\Debug\netcoreapp2.0\ModelRelief.Test.dll" adapterTypeName="executor://xunit/VsTestRunner2/netcoreapp" className="ModelRelief.Test.Integration.DepthBuffers.DepthBuffersBaseIntegrationTests" name="Put_CanUpdateModel" /></UnitTest><UnitTest name="GetFile_NonExistentFileReturnsNotFound" storage="d:\github\modelrelief\modelrelief.test\bin\debug\netcoreapp2.0\modelrelief.test.dll" id="7673cf2c-76bd-46de-bfa3-7173393ca4b1"><Execution id="b5f7277f-c6b5-46c0-b756-ab5d9abbe59f" /><TestMethod codeBase="d:\Github\ModelRelief\ModelRelief.test\bin\Debug\netcoreapp2.0\ModelRelief.Test.dll" adapterTypeName="executor://xunit/VsTestRunner2/netcoreapp" className="ModelRelief.Test.Integration.Meshes.MeshesFileIntegrationTests" name="GetFile_NonExistentFileReturnsNotFound" /></UnitTest><UnitTest name="Post_InvalidReferencePropertyReturnsBadRequest" storage="d:\github\modelrelief\modelrelief.test\bin\debug\netcoreapp2.0\modelrelief.test.dll" id="3333af3c-ddf4-4f0d-bbe9-59ed3c382cc7"><Execution id="b08e5311-3626-4429-ac58-2cdc054ab0c9" /><TestMethod codeBase="d:\Github\ModelRelief\ModelRelief.test\bin\Debug\netcoreapp2.0\ModelRelief.Test.dll" adapterTypeName="executor://xunit/VsTestRunner2/netcoreapp" className="ModelRelief.Test.Integration.MeshTransforms.MeshTransformsBaseIntegrationTests" name="Post_InvalidReferencePropertyReturnsBadRequest" /></UnitTest><UnitTest name="Post_InvalidPropertyValueReturnsBadRequest" storage="d:\github\modelrelief\modelrelief.test\bin\debug\netcoreapp2.0\modelrelief.test.dll" id="e7d427e9-8c76-4b21-b878-80bd55a19c1a"><Execution id="41cfe4eb-5a5d-40aa-a5df-0c6c178fbac7" /><TestMethod codeBase="d:\Github\ModelRelief\ModelRelief.test\bin\Debug\netcoreapp2.0\ModelRelief.Test.dll" adapterTypeName="executor://xunit/VsTestRunner2/netcoreapp" className="ModelRelief.Test.Integration.Cameras.CamerasBaseIntegrationTests" name="Post_InvalidPropertyValueReturnsBadRequest" /></UnitTest><UnitTest name="Patch_InvalidPropertyNameReturnsBadRequest" storage="d:\github\modelrelief\modelrelief.test\bin\debug\netcoreapp2.0\modelrelief.test.dll" id="f498edac-d61f-493e-b67d-64e2410954ab"><Execution id="ff7cdbff-931d-4e36-b22a-f2ae758e19a0" /><TestMethod codeBase="d:\Github\ModelRelief\ModelRelief.test\bin\Debug\netcoreapp2.0\ModelRelief.Test.dll" adapterTypeName="executor://xunit/VsTestRunner2/netcoreapp" className="ModelRelief.Test.Integration.Projects.ProjectsBaseIntegrationTests" name="Patch_InvalidPropertyNameReturnsBadRequest" /></UnitTest><UnitTest name="GetSingle_ValidIdPropertyValueReturnsCorrectModel" storage="d:\github\modelrelief\modelrelief.test\bin\debug\netcoreapp2.0\modelrelief.test.dll" id="cd95a553-3b57-4404-aa6c-31e17934b311"><Execution id="b7a20ee7-9331-4fe3-ac12-757df6a214b9" /><TestMethod codeBase="d:\Github\ModelRelief\ModelRelief.test\bin\Debug\netcoreapp2.0\ModelRelief.Test.dll" adapterTypeName="executor://xunit/VsTestRunner2/netcoreapp" className="ModelRelief.Test.Integration.Models.ModelsBaseIntegrationTests" name="GetSingle_ValidIdPropertyValueReturnsCorrectModel" /></UnitTest><UnitTest name="GetSingle_ValidIdPropertyValueReturnsCorrectModel" storage="d:\github\modelrelief\modelrelief.test\bin\debug\netcoreapp2.0\modelrelief.test.dll" id="dde47129-6c49-4a83-9bc2-8b6546c0892c"><Execution id="84e20cca-98cc-484c-ab31-e82ed34bc597" /><TestMethod codeBase="d:\Github\ModelRelief\ModelRelief.test\bin\Debug\netcoreapp2.0\ModelRelief.Test.dll" adapterTypeName="executor://xunit/VsTestRunner2/netcoreapp" className="ModelRelief.Test.Integration.MeshTransforms.MeshTransformsBaseIntegrationTests" name="GetSingle_ValidIdPropertyValueReturnsCorrectModel" /></UnitTest><UnitTest name="Post_InvalidPropertyValueReturnsBadRequest" storage="d:\github\modelrelief\modelrelief.test\bin\debug\netcoreapp2.0\modelrelief.test.dll" id="9c6bd12b-67e6-4a37-9037-d2a6bb4bc0d2"><Execution id="fc449f83-6216-4baf-916f-16acb67b97a9" /><TestMethod codeBase="d:\Github\ModelRelief\ModelRelief.test\bin\Debug\netcoreapp2.0\ModelRelief.Test.dll" adapterTypeName="executor://xunit/VsTestRunner2/netcoreapp" className="ModelRelief.Test.Integration.Meshes.MeshesBaseIntegrationTests" name="Post_InvalidPropertyValueReturnsBadRequest" /></UnitTest><UnitTest name="Patch_InvalidEnumPropertyValueReturnsBadRequest" storage="d:\github\modelrelief\modelrelief.test\bin\debug\netcoreapp2.0\modelrelief.test.dll" id="12435e68-5dc0-4759-a48f-62d35d4a436b"><Execution id="de5d88c2-0873-4b5c-acd3-890f580e1332" /><TestMethod codeBase="d:\Github\ModelRelief\ModelRelief.test\bin\Debug\netcoreapp2.0\ModelRelief.Test.dll" adapterTypeName="executor://xunit/VsTestRunner2/netcoreapp" className="ModelRelief.Test.Integration.DepthBuffers.DepthBuffersBaseIntegrationTests" name="Patch_InvalidEnumPropertyValueReturnsBadRequest" /></UnitTest><UnitTest name="GetSingle_InvalidIdPropertyValueReturnsNotFound" storage="d:\github\modelrelief\modelrelief.test\bin\debug\netcoreapp2.0\modelrelief.test.dll" id="1c3f3a07-4eb8-42f5-be8d-2e4a19191a52"><Execution id="5aa13bdf-6cc2-4dde-8fc2-502d4f99397c" /><TestMethod codeBase="d:\Github\ModelRelief\ModelRelief.test\bin\Debug\netcoreapp2.0\ModelRelief.Test.dll" adapterTypeName="executor://xunit/VsTestRunner2/netcoreapp" className="ModelRelief.Test.Integration.Cameras.CamerasBaseIntegrationTests" name="GetSingle_InvalidIdPropertyValueReturnsNotFound" /></UnitTest><UnitTest name="Put_InvalidReferencePropertyReturndBadRequest" storage="d:\github\modelrelief\modelrelief.test\bin\debug\netcoreapp2.0\modelrelief.test.dll" id="fb9b4c1c-de26-475a-9e77-bed07a2e0007"><Execution id="c2772870-9f02-445b-846e-46a8380d4760" /><TestMethod codeBase="d:\Github\ModelRelief\ModelRelief.test\bin\Debug\netcoreapp2.0\ModelRelief.Test.dll" adapterTypeName="executor://xunit/VsTestRunner2/netcoreapp" className="ModelRelief.Test.Integration.Projects.ProjectsBaseIntegrationTests" name="Put_InvalidReferencePropertyReturndBadRequest" /></UnitTest><UnitTest name="Patch_InvalidPropertyNameReturnsBadRequest" storage="d:\github\modelrelief\modelrelief.test\bin\debug\netcoreapp2.0\modelrelief.test.dll" id="35fa39d4-d93b-49c5-945f-13e68867cfed"><Execution id="f1dadec7-72c1-40f9-a05a-78b55579e3bc" /><TestMethod codeBase="d:\Github\ModelRelief\ModelRelief.test\bin\Debug\netcoreapp2.0\ModelRelief.Test.dll" adapterTypeName="executor://xunit/VsTestRunner2/netcoreapp" className="ModelRelief.Test.Integration.MeshTransforms.MeshTransformsBaseIntegrationTests" name="Patch_InvalidPropertyNameReturnsBadRequest" /></UnitTest><UnitTest name="PostFile_FileTimeStampIsUpdatedAfterFileIsPosted" storage="d:\github\modelrelief\modelrelief.test\bin\debug\netcoreapp2.0\modelrelief.test.dll" id="344aaf94-9e1d-4977-95d6-6b0954c359da"><Execution id="00498dc0-4ed6-447f-927f-3a7ef74ba852" /><TestMethod codeBase="d:\Github\ModelRelief\ModelRelief.test\bin\Debug\netcoreapp2.0\ModelRelief.Test.dll" adapterTypeName="executor://xunit/VsTestRunner2/netcoreapp" className="ModelRelief.Test.Integration.DepthBuffers.DepthBuffersFileIntegrationTests" name="PostFile_FileTimeStampIsUpdatedAfterFileIsPosted" /></UnitTest><UnitTest name="Patch_TargetPropertyIsUpdated" storage="d:\github\modelrelief\modelrelief.test\bin\debug\netcoreapp2.0\modelrelief.test.dll" id="5ff6ec48-1e81-45c5-a495-d7221f1e7e9f"><Execution id="aed4b41e-9bef-4531-80ed-a355007bce56" /><TestMethod codeBase="d:\Github\ModelRelief\ModelRelief.test\bin\Debug\netcoreapp2.0\ModelRelief.Test.dll" adapterTypeName="executor://xunit/VsTestRunner2/netcoreapp" className="ModelRelief.Test.Integration.Projects.ProjectsBaseIntegrationTests" name="Patch_TargetPropertyIsUpdated" /></UnitTest><UnitTest name="Post_CanCreateNewModel" storage="d:\github\modelrelief\modelrelief.test\bin\debug\netcoreapp2.0\modelrelief.test.dll" id="f3d89ed3-8eaa-4604-92cf-2a4474d4e17e"><Execution id="7c736776-9848-49af-9e28-d5a6f4ef7075" /><TestMethod codeBase="d:\Github\ModelRelief\ModelRelief.test\bin\Debug\netcoreapp2.0\ModelRelief.Test.dll" adapterTypeName="executor://xunit/VsTestRunner2/netcoreapp" className="ModelRelief.Test.Integration.DepthBuffers.DepthBuffersBaseIntegrationTests" name="Post_CanCreateNewModel" /></UnitTest><UnitTest name="GetFile_ExistingFileReturnsSuccess" storage="d:\github\modelrelief\modelrelief.test\bin\debug\netcoreapp2.0\modelrelief.test.dll" id="ec14dc64-99f0-4e10-9f29-6cc467a78aa5"><Execution id="7dddeb9e-2b6b-4994-b9fd-ec0e96e38d6d" /><TestMethod codeBase="d:\Github\ModelRelief\ModelRelief.test\bin\Debug\netcoreapp2.0\ModelRelief.Test.dll" adapterTypeName="executor://xunit/VsTestRunner2/netcoreapp" className="ModelRelief.Test.Integration.Models.ModelsFileIntegrationTests" name="GetFile_ExistingFileReturnsSuccess" /></UnitTest><UnitTest name="Post_InvalidPropertyValueReturnsBadRequest" storage="d:\github\modelrelief\modelrelief.test\bin\debug\netcoreapp2.0\modelrelief.test.dll" id="5f270949-3191-4d9a-90c0-7b0cd2c99325"><Execution id="8ceaa8cd-9a0a-40ba-9bca-f145de2779b3" /><TestMethod codeBase="d:\Github\ModelRelief\ModelRelief.test\bin\Debug\netcoreapp2.0\ModelRelief.Test.dll" adapterTypeName="executor://xunit/VsTestRunner2/netcoreapp" className="ModelRelief.Test.Integration.MeshTransforms.MeshTransformsBaseIntegrationTests" name="Post_InvalidPropertyValueReturnsBadRequest" /></UnitTest><UnitTest name="Patch_ValidReferencePropertyUpdatesModel" storage="d:\github\modelrelief\modelrelief.test\bin\debug\netcoreapp2.0\modelrelief.test.dll" id="ddf2ad05-2aea-4f67-97c3-27f5a2b1c809"><Execution id="0b7ee156-aaf6-4a66-95fb-31298ddfb9d4" /><TestMethod codeBase="d:\Github\ModelRelief\ModelRelief.test\bin\Debug\netcoreapp2.0\ModelRelief.Test.dll" adapterTypeName="executor://xunit/VsTestRunner2/netcoreapp" className="ModelRelief.Test.Integration.Meshes.MeshesBaseIntegrationTests" name="Patch_ValidReferencePropertyUpdatesModel" /></UnitTest><UnitTest name="Patch_InvalidReferencePropertyReturnsBadRequest" storage="d:\github\modelrelief\modelrelief.test\bin\debug\netcoreapp2.0\modelrelief.test.dll" id="2908fdff-30cf-4e8f-b80d-59531b5c5933"><Execution id="659c1e4f-742a-42d0-a4df-089a8e3160bb" /><TestMethod codeBase="d:\Github\ModelRelief\ModelRelief.test\bin\Debug\netcoreapp2.0\ModelRelief.Test.dll" adapterTypeName="executor://xunit/VsTestRunner2/netcoreapp" className="ModelRelief.Test.Integration.Cameras.CamerasBaseIntegrationTests" name="Patch_InvalidReferencePropertyReturnsBadRequest" /></UnitTest><UnitTest name="Post_CanCreateNewModel" storage="d:\github\modelrelief\modelrelief.test\bin\debug\netcoreapp2.0\modelrelief.test.dll" id="393716de-697b-4795-929f-798e8e2d0b76"><Execution id="06edec1a-7e03-4a9f-ad7d-98519236dec5" /><TestMethod codeBase="d:\Github\ModelRelief\ModelRelief.test\bin\Debug\netcoreapp2.0\ModelRelief.Test.dll" adapterTypeName="executor://xunit/VsTestRunner2/netcoreapp" className="ModelRelief.Test.Integration.Models.ModelsBaseIntegrationTests" name="Post_CanCreateNewModel" /></UnitTest><UnitTest name="GetList_ListReturnsCorrectCount" storage="d:\github\modelrelief\modelrelief.test\bin\debug\netcoreapp2.0\modelrelief.test.dll" id="a8a5a343-7604-4ae8-b5eb-19947b74f680"><Execution id="b70273c9-046a-4153-bb4c-cbcb6c3b21fe" /><TestMethod codeBase="d:\Github\ModelRelief\ModelRelief.test\bin\Debug\netcoreapp2.0\ModelRelief.Test.dll" adapterTypeName="executor://xunit/VsTestRunner2/netcoreapp" className="ModelRelief.Test.Integration.Meshes.MeshesBaseIntegrationTests" name="GetList_ListReturnsCorrectCount" /></UnitTest><UnitTest name="Patch_InvalidPropertyNameReturnsBadRequest" storage="d:\github\modelrelief\modelrelief.test\bin\debug\netcoreapp2.0\modelrelief.test.dll" id="00c34810-49da-495d-a40f-29586b7267e1"><Execution id="8ae2853c-690e-4977-b023-9b96bc449b75" /><TestMethod codeBase="d:\Github\ModelRelief\ModelRelief.test\bin\Debug\netcoreapp2.0\ModelRelief.Test.dll" adapterTypeName="executor://xunit/VsTestRunner2/netcoreapp" className="ModelRelief.Test.Integration.Cameras.CamerasBaseIntegrationTests" name="Patch_InvalidPropertyNameReturnsBadRequest" /></UnitTest><UnitTest name="Patch_TargetPropertyIsUpdated" storage="d:\github\modelrelief\modelrelief.test\bin\debug\netcoreapp2.0\modelrelief.test.dll" id="9727fb3c-9673-42d2-8ce1-722643df7749"><Execution id="93635473-b226-4f16-8dee-241d277802d2" /><TestMethod codeBase="d:\Github\ModelRelief\ModelRelief.test\bin\Debug\netcoreapp2.0\ModelRelief.Test.dll" adapterTypeName="executor://xunit/VsTestRunner2/netcoreapp" className="ModelRelief.Test.Integration.DepthBuffers.DepthBuffersBaseIntegrationTests" name="Patch_TargetPropertyIsUpdated" /></UnitTest><UnitTest name="Put_ValidReferencePropertyUpdatesModel" storage="d:\github\modelrelief\modelrelief.test\bin\debug\netcoreapp2.0\modelrelief.test.dll" id="3156b54c-8575-4fb3-b19c-899297b665c3"><Execution id="840e5b42-efce-461f-8561-b1c38182bfa1" /><TestMethod codeBase="d:\Github\ModelRelief\ModelRelief.test\bin\Debug\netcoreapp2.0\ModelRelief.Test.dll" adapterTypeName="executor://xunit/VsTestRunner2/netcoreapp" className="ModelRelief.Test.Integration.DepthBuffers.DepthBuffersBaseIntegrationTests" name="Put_ValidReferencePropertyUpdatesModel" /></UnitTest><UnitTest name="Put_ValidReferencePropertyUpdatesModel" storage="d:\github\modelrelief\modelrelief.test\bin\debug\netcoreapp2.0\modelrelief.test.dll" id="b10231ff-2f13-4dea-91cf-eaf060f2f107"><Execution id="18ccee2a-d5f9-4c92-9ee9-aa396c04636c" /><TestMethod codeBase="d:\Github\ModelRelief\ModelRelief.test\bin\Debug\netcoreapp2.0\ModelRelief.Test.dll" adapterTypeName="executor://xunit/VsTestRunner2/netcoreapp" className="ModelRelief.Test.Integration.Projects.ProjectsBaseIntegrationTests" name="Put_ValidReferencePropertyUpdatesModel" /></UnitTest><UnitTest name="Patch_InvalidEnumPropertyValueReturnsBadRequest" storage="d:\github\modelrelief\modelrelief.test\bin\debug\netcoreapp2.0\modelrelief.test.dll" id="6e9b21b9-3216-404c-b14e-71c84e1d4659"><Execution id="f7bf6cc5-94a8-4f16-84e1-26a61f3ac4a2" /><TestMethod codeBase="d:\Github\ModelRelief\ModelRelief.test\bin\Debug\netcoreapp2.0\ModelRelief.Test.dll" adapterTypeName="executor://xunit/VsTestRunner2/netcoreapp" className="ModelRelief.Test.Integration.Projects.ProjectsBaseIntegrationTests" name="Patch_InvalidEnumPropertyValueReturnsBadRequest" /></UnitTest><UnitTest name="CameraHasExpectedDependentFiles" storage="d:\github\modelrelief\modelrelief.test\bin\debug\netcoreapp2.0\modelrelief.test.dll" id="65ea1d44-1eee-4513-89b6-f48792ffc687"><Execution id="d4ea532d-4ce0-4986-ba49-81f484421922" /><TestMethod codeBase="d:\Github\ModelRelief\ModelRelief.test\bin\Debug\netcoreapp2.0\ModelRelief.Test.dll" adapterTypeName="executor://xunit/VsTestRunner2/netcoreapp" className="ModelRelief.Test.Unit.DependencyManager.DependencyManagerTests" name="CameraHasExpectedDependentFiles" /></UnitTest><UnitTest name="FileRequest_DepthBufferIsInvalidatedAfterCameraDependencyPropertyChange" storage="d:\github\modelrelief\modelrelief.test\bin\debug\netcoreapp2.0\modelrelief.test.dll" id="c287e687-0c03-4cd1-92ed-06ac0d6d8260"><Execution id="4d15c396-4906-4b34-8811-61a6f22f9e51" /><TestMethod codeBase="d:\Github\ModelRelief\ModelRelief.test\bin\Debug\netcoreapp2.0\ModelRelief.Test.dll" adapterTypeName="executor://xunit/VsTestRunner2/netcoreapp" className="ModelRelief.Test.Integration.DepthBuffers.DepthBuffersFileIntegrationTests" name="FileRequest_DepthBufferIsInvalidatedAfterCameraDependencyPropertyChange" /></UnitTest><UnitTest name="DepthBufferHasExpectedDependentFiles" storage="d:\github\modelrelief\modelrelief.test\bin\debug\netcoreapp2.0\modelrelief.test.dll" id="2decc1b9-eaa3-458c-8b17-6d5381e419d3"><Execution id="b2bba5ab-63eb-4a66-8238-e5e1ac15d02b" /><TestMethod codeBase="d:\Github\ModelRelief\ModelRelief.test\bin\Debug\netcoreapp2.0\ModelRelief.Test.dll" adapterTypeName="executor://xunit/VsTestRunner2/netcoreapp" className="ModelRelief.Test.Unit.DependencyManager.DependencyManagerTests" name="DepthBufferHasExpectedDependentFiles" /></UnitTest><UnitTest name="Post_ValidReferencePropertyCreatesModel" storage="d:\github\modelrelief\modelrelief.test\bin\debug\netcoreapp2.0\modelrelief.test.dll" id="4eb39209-3b57-4f12-a7d1-e74a57c831fa"><Execution id="0ea75353-bfed-4601-841a-4efbd8380295" /><TestMethod codeBase="d:\Github\ModelRelief\ModelRelief.test\bin\Debug\netcoreapp2.0\ModelRelief.Test.dll" adapterTypeName="executor://xunit/VsTestRunner2/netcoreapp" className="ModelRelief.Test.Integration.MeshTransforms.MeshTransformsBaseIntegrationTests" name="Post_ValidReferencePropertyCreatesModel" /></UnitTest><UnitTest name="Patch_MultipleInvalidReferencePropertiesReturnsMultipleValidationErrorsAndBadRequest" storage="d:\github\modelrelief\modelrelief.test\bin\debug\netcoreapp2.0\modelrelief.test.dll" id="88abb1df-6086-4ee9-b3fb-620b6e5ce1b3"><Execution id="2b5744ed-9c54-4761-ac46-6bbad11438c4" /><TestMethod codeBase="d:\Github\ModelRelief\ModelRelief.test\bin\Debug\netcoreapp2.0\ModelRelief.Test.dll" adapterTypeName="executor://xunit/VsTestRunner2/netcoreapp" className="ModelRelief.Test.Integration.Cameras.CamerasBaseIntegrationTests" name="Patch_MultipleInvalidReferencePropertiesReturnsMultipleValidationErrorsAndBadRequest" /></UnitTest><UnitTest name="Patch_MultipleInvalidReferencePropertiesReturnsMultipleValidationErrorsAndBadRequest" storage="d:\github\modelrelief\modelrelief.test\bin\debug\netcoreapp2.0\modelrelief.test.dll" id="519a5f4d-19f8-4ce7-b758-80b9f219ae5e"><Execution id="c28bea87-4635-478e-9f22-8d9b9b7e4d69" /><TestMethod codeBase="d:\Github\ModelRelief\ModelRelief.test\bin\Debug\netcoreapp2.0\ModelRelief.Test.dll" adapterTypeName="executor://xunit/VsTestRunner2/netcoreapp" className="ModelRelief.Test.Integration.DepthBuffers.DepthBuffersBaseIntegrationTests" name="Patch_MultipleInvalidReferencePropertiesReturnsMultipleValidationErrorsAndBadRequest" /></UnitTest><UnitTest name="Patch_MultipleInvalidReferencePropertiesReturnsMultipleValidationErrorsAndBadRequest" storage="d:\github\modelrelief\modelrelief.test\bin\debug\netcoreapp2.0\modelrelief.test.dll" id="f25bf219-bd58-4f2d-9105-ecf10c88362c"><Execution id="630777e2-52bb-4cc1-abe2-fa10027fc167" /><TestMethod codeBase="d:\Github\ModelRelief\ModelRelief.test\bin\Debug\netcoreapp2.0\ModelRelief.Test.dll" adapterTypeName="executor://xunit/VsTestRunner2/netcoreapp" className="ModelRelief.Test.Integration.Projects.ProjectsBaseIntegrationTests" name="Patch_MultipleInvalidReferencePropertiesReturnsMultipleValidationErrorsAndBadRequest" /></UnitTest><UnitTest name="Put_InvalidIdReturnsNotFound" storage="d:\github\modelrelief\modelrelief.test\bin\debug\netcoreapp2.0\modelrelief.test.dll" id="30e541ed-2f12-4dd1-857c-be1dd40c2dfd"><Execution id="6ec7b596-9cbe-457b-bc1b-d607beb5a271" /><TestMethod codeBase="d:\Github\ModelRelief\ModelRelief.test\bin\Debug\netcoreapp2.0\ModelRelief.Test.dll" adapterTypeName="executor://xunit/VsTestRunner2/netcoreapp" className="ModelRelief.Test.Integration.MeshTransforms.MeshTransformsBaseIntegrationTests" name="Put_InvalidIdReturnsNotFound" /></UnitTest><UnitTest name="Put_CanUpdateModel" storage="d:\github\modelrelief\modelrelief.test\bin\debug\netcoreapp2.0\modelrelief.test.dll" id="017dfb9a-caa1-437c-8299-2be91bc4d19b"><Execution id="8666f17d-e199-47aa-89d0-3bd63c49172f" /><TestMethod codeBase="d:\Github\ModelRelief\ModelRelief.test\bin\Debug\netcoreapp2.0\ModelRelief.Test.dll" adapterTypeName="executor://xunit/VsTestRunner2/netcoreapp" className="ModelRelief.Test.Integration.Models.ModelsBaseIntegrationTests" name="Put_CanUpdateModel" /></UnitTest><UnitTest name="GetSingle_ValidIdPropertyValueReturnsCorrectModel" storage="d:\github\modelrelief\modelrelief.test\bin\debug\netcoreapp2.0\modelrelief.test.dll" id="054bfef9-aa66-459d-84ce-e1161d7a7b87"><Execution id="a177e58a-7020-411a-88d2-95833113b8a6" /><TestMethod codeBase="d:\Github\ModelRelief\ModelRelief.test\bin\Debug\netcoreapp2.0\ModelRelief.Test.dll" adapterTypeName="executor://xunit/VsTestRunner2/netcoreapp" className="ModelRelief.Test.Integration.Meshes.MeshesBaseIntegrationTests" name="GetSingle_ValidIdPropertyValueReturnsCorrectModel" /></UnitTest><UnitTest name="PostFile_FileIsSynchronizedIsUpdatedAfterFileIsPosted" storage="d:\github\modelrelief\modelrelief.test\bin\debug\netcoreapp2.0\modelrelief.test.dll" id="3c83a60f-786e-418e-985a-f1f3bd5a1759"><Execution id="339f7be4-c88c-4e12-8b43-7efe72841034" /><TestMethod codeBase="d:\Github\ModelRelief\ModelRelief.test\bin\Debug\netcoreapp2.0\ModelRelief.Test.dll" adapterTypeName="executor://xunit/VsTestRunner2/netcoreapp" className="ModelRelief.Test.Integration.DepthBuffers.DepthBuffersFileIntegrationTests" name="PostFile_FileIsSynchronizedIsUpdatedAfterFileIsPosted" /></UnitTest><UnitTest name="FileRequest_FileCanBeReadAfterRename" storage="d:\github\modelrelief\modelrelief.test\bin\debug\netcoreapp2.0\modelrelief.test.dll" id="9cdae65d-9e19-4780-af7b-df52bdf4568a"><Execution id="e62d3c71-64ec-42d4-8848-7077177d44ac" /><TestMethod codeBase="d:\Github\ModelRelief\ModelRelief.test\bin\Debug\netcoreapp2.0\ModelRelief.Test.dll" adapterTypeName="executor://xunit/VsTestRunner2/netcoreapp" className="ModelRelief.Test.Integration.Models.ModelsFileIntegrationTests" name="FileRequest_FileCanBeReadAfterRename" /></UnitTest><UnitTest name="Put_InvalidIdReturnsNotFound" storage="d:\github\modelrelief\modelrelief.test\bin\debug\netcoreapp2.0\modelrelief.test.dll" id="b5c92de9-955e-4de5-9f01-d05225895350"><Execution id="b6b97a3e-3f9a-40eb-8948-4c2ddd16031a" /><TestMethod codeBase="d:\Github\ModelRelief\ModelRelief.test\bin\Debug\netcoreapp2.0\ModelRelief.Test.dll" adapterTypeName="executor://xunit/VsTestRunner2/netcoreapp" className="ModelRelief.Test.Integration.Meshes.MeshesBaseIntegrationTests" name="Put_InvalidIdReturnsNotFound" /></UnitTest><UnitTest name="Patch_InvalidIdPropertyReturnsNotFound" storage="d:\github\modelrelief\modelrelief.test\bin\debug\netcoreapp2.0\modelrelief.test.dll" id="ed6b012f-4c78-41e8-82ea-b47dc49793f1"><Execution id="dc426405-142a-4098-9211-a15530d4dc2b" /><TestMethod codeBase="d:\Github\ModelRelief\ModelRelief.test\bin\Debug\netcoreapp2.0\ModelRelief.Test.dll" adapterTypeName="executor://xunit/VsTestRunner2/netcoreapp" className="ModelRelief.Test.Integration.MeshTransforms.MeshTransformsBaseIntegrationTests" name="Patch_InvalidIdPropertyReturnsNotFound" /></UnitTest><UnitTest name="Patch_InvalidIdPropertyReturnsNotFound" storage="d:\github\modelrelief\modelrelief.test\bin\debug\netcoreapp2.0\modelrelief.test.dll" id="2c91e52b-78e0-4843-ba40-98a046c58480"><Execution id="9f1b7b1a-0f5e-4e0c-8974-a79c81e368da" /><TestMethod codeBase="d:\Github\ModelRelief\ModelRelief.test\bin\Debug\netcoreapp2.0\ModelRelief.Test.dll" adapterTypeName="executor://xunit/VsTestRunner2/netcoreapp" className="ModelRelief.Test.Integration.Meshes.MeshesBaseIntegrationTests" name="Patch_InvalidIdPropertyReturnsNotFound" /></UnitTest><UnitTest name="GetList_ListReturnsCorrectCount" storage="d:\github\modelrelief\modelrelief.test\bin\debug\netcoreapp2.0\modelrelief.test.dll" id="5eeb4eeb-7fd0-46ba-9dd7-af011798d5f1"><Execution id="d856d86d-e009-4dfa-9eb9-6b0285d3386e" /><TestMethod codeBase="d:\Github\ModelRelief\ModelRelief.test\bin\Debug\netcoreapp2.0\ModelRelief.Test.dll" adapterTypeName="executor://xunit/VsTestRunner2/netcoreapp" className="ModelRelief.Test.Integration.Models.ModelsBaseIntegrationTests" name="GetList_ListReturnsCorrectCount" /></UnitTest><UnitTest name="Put_InvalidIdReturnsNotFound" storage="d:\github\modelrelief\modelrelief.test\bin\debug\netcoreapp2.0\modelrelief.test.dll" id="1a9d6c58-2455-4232-9573-27e001b3e4ab"><Execution id="86570e22-247a-441a-8c0d-3bd94997d095" /><TestMethod codeBase="d:\Github\ModelRelief\ModelRelief.test\bin\Debug\netcoreapp2.0\ModelRelief.Test.dll" adapterTypeName="executor://xunit/VsTestRunner2/netcoreapp" className="ModelRelief.Test.Integration.Projects.ProjectsBaseIntegrationTests" name="Put_InvalidIdReturnsNotFound" /></UnitTest><UnitTest name="GetSingle_InvalidIdPropertyValueReturnsNotFound" storage="d:\github\modelrelief\modelrelief.test\bin\debug\netcoreapp2.0\modelrelief.test.dll" id="58c65ce8-afd7-480e-b34b-e09d547d62d4"><Execution id="2cd2eeb1-cce2-426e-83db-aea9befc1c98" /><TestMethod codeBase="d:\Github\ModelRelief\ModelRelief.test\bin\Debug\netcoreapp2.0\ModelRelief.Test.dll" adapterTypeName="executor://xunit/VsTestRunner2/netcoreapp" className="ModelRelief.Test.Integration.Meshes.MeshesBaseIntegrationTests" name="GetSingle_InvalidIdPropertyValueReturnsNotFound" /></UnitTest><UnitTest name="Put_InvalidReferencePropertyReturndBadRequest" storage="d:\github\modelrelief\modelrelief.test\bin\debug\netcoreapp2.0\modelrelief.test.dll" id="f0926f01-04d4-4805-bd6e-388cb6c5853a"><Execution id="1826438c-53e6-46cb-900e-b9bd9e5f6a1e" /><TestMethod codeBase="d:\Github\ModelRelief\ModelRelief.test\bin\Debug\netcoreapp2.0\ModelRelief.Test.dll" adapterTypeName="executor://xunit/VsTestRunner2/netcoreapp" className="ModelRelief.Test.Integration.MeshTransforms.MeshTransformsBaseIntegrationTests" name="Put_InvalidReferencePropertyReturndBadRequest" /></UnitTest><UnitTest name="Post_ValidReferencePropertyCreatesModel" storage="d:\github\modelrelief\modelrelief.test\bin\debug\netcoreapp2.0\modelrelief.test.dll" id="64d114cc-c2a3-41b1-9e05-bc4a0571cd16"><Execution id="eb37e103-9bef-4667-afbd-4ec697de41e2" /><TestMethod codeBase="d:\Github\ModelRelief\ModelRelief.test\bin\Debug\netcoreapp2.0\ModelRelief.Test.dll" adapterTypeName="executor://xunit/VsTestRunner2/netcoreapp" className="ModelRelief.Test.Integration.Cameras.CamerasBaseIntegrationTests" name="Post_ValidReferencePropertyCreatesModel" /></UnitTest><UnitTest name="Post_InvalidReferencePropertyReturnsBadRequest" storage="d:\github\modelrelief\modelrelief.test\bin\debug\netcoreapp2.0\modelrelief.test.dll" id="6962993a-288d-4b50-9ffb-171420466ed5"><Execution id="17e2206c-f0b5-4a71-9c4c-ec6a3e7471d2" /><TestMethod codeBase="d:\Github\ModelRelief\ModelRelief.test\bin\Debug\netcoreapp2.0\ModelRelief.Test.dll" adapterTypeName="executor://xunit/VsTestRunner2/netcoreapp" className="ModelRelief.Test.Integration.Cameras.CamerasBaseIntegrationTests" name="Post_InvalidReferencePropertyReturnsBadRequest" /></UnitTest><UnitTest name="Put_ValidReferencePropertyUpdatesModel" storage="d:\github\modelrelief\modelrelief.test\bin\debug\netcoreapp2.0\modelrelief.test.dll" id="3d5e503f-49e8-4374-9900-6de2fd7fd9fd"><Execution id="7a364cfb-34a5-42fc-9a31-d19ff4edcd6f" /><TestMethod codeBase="d:\Github\ModelRelief\ModelRelief.test\bin\Debug\netcoreapp2.0\ModelRelief.Test.dll" adapterTypeName="executor://xunit/VsTestRunner2/netcoreapp" className="ModelRelief.Test.Integration.MeshTransforms.MeshTransformsBaseIntegrationTests" name="Put_ValidReferencePropertyUpdatesModel" /></UnitTest><UnitTest name="Post_InvalidPropertyValueReturnsBadRequest" storage="d:\github\modelrelief\modelrelief.test\bin\debug\netcoreapp2.0\modelrelief.test.dll" id="6f338d42-34e6-4031-ba4c-c8cee48ed0e0"><Execution id="04931a5d-7d58-422a-94e4-c2f837dd3bbd" /><TestMethod codeBase="d:\Github\ModelRelief\ModelRelief.test\bin\Debug\netcoreapp2.0\ModelRelief.Test.dll" adapterTypeName="executor://xunit/VsTestRunner2/netcoreapp" className="ModelRelief.Test.Integration.Projects.ProjectsBaseIntegrationTests" name="Post_InvalidPropertyValueReturnsBadRequest" /></UnitTest><UnitTest name="GetFile_ExistingFileReturnsSuccess" storage="d:\github\modelrelief\modelrelief.test\bin\debug\netcoreapp2.0\modelrelief.test.dll" id="9b095ad4-5eba-426d-ac31-f1bbdc862da1"><Execution id="1aa59ec7-d19c-4211-a11a-ae462ecb2ec4" /><TestMethod codeBase="d:\Github\ModelRelief\ModelRelief.test\bin\Debug\netcoreapp2.0\ModelRelief.Test.dll" adapterTypeName="executor://xunit/VsTestRunner2/netcoreapp" className="ModelRelief.Test.Integration.Meshes.MeshesFileIntegrationTests" name="GetFile_ExistingFileReturnsSuccess" /></UnitTest><UnitTest name="GetSingle_InvalidIdPropertyValueReturnsNotFound" storage="d:\github\modelrelief\modelrelief.test\bin\debug\netcoreapp2.0\modelrelief.test.dll" id="32bf61d9-5ec4-4b24-bdec-14e9106e5b57"><Execution id="fa42f1f3-1df7-47ed-ae8e-e7536c90c6a1" /><TestMethod codeBase="d:\Github\ModelRelief\ModelRelief.test\bin\Debug\netcoreapp2.0\ModelRelief.Test.dll" adapterTypeName="executor://xunit/VsTestRunner2/netcoreapp" className="ModelRelief.Test.Integration.DepthBuffers.DepthBuffersBaseIntegrationTests" name="GetSingle_InvalidIdPropertyValueReturnsNotFound" /></UnitTest><UnitTest name="PostFile_NewFileCanBePosted" storage="d:\github\modelrelief\modelrelief.test\bin\debug\netcoreapp2.0\modelrelief.test.dll" id="1aeed65a-6347-4144-9869-0a035160176e"><Execution id="5e4fcd05-f392-4c64-ae9e-14e7a61b0d5a" /><TestMethod codeBase="d:\Github\ModelRelief\ModelRelief.test\bin\Debug\netcoreapp2.0\ModelRelief.Test.dll" adapterTypeName="executor://xunit/VsTestRunner2/netcoreapp" className="ModelRelief.Test.Integration.Models.ModelsFileIntegrationTests" name="PostFile_NewFileCanBePosted" /></UnitTest><UnitTest name="Put_ValidReferencePropertyUpdatesModel" storage="d:\github\modelrelief\modelrelief.test\bin\debug\netcoreapp2.0\modelrelief.test.dll" id="f65e8bfb-f5dc-4e8a-944a-98fa318fad72"><Execution id="2a482546-0679-4627-9bf0-2fbecf59b63e" /><TestMethod codeBase="d:\Github\ModelRelief\ModelRelief.test\bin\Debug\netcoreapp2.0\ModelRelief.Test.dll" adapterTypeName="executor://xunit/VsTestRunner2/netcoreapp" className="ModelRelief.Test.Integration.Meshes.MeshesBaseIntegrationTests" name="Put_ValidReferencePropertyUpdatesModel" /></UnitTest><UnitTest name="Post_InvalidReferencePropertyReturnsBadRequest" storage="d:\github\modelrelief\modelrelief.test\bin\debug\netcoreapp2.0\modelrelief.test.dll" id="0214ff8a-6948-4711-9eb7-171fcfe148a1"><Execution id="c1d86deb-0d44-47ff-aff0-cc257af48a64" /><TestMethod codeBase="d:\Github\ModelRelief\ModelRelief.test\bin\Debug\netcoreapp2.0\ModelRelief.Test.dll" adapterTypeName="executor://xunit/VsTestRunner2/netcoreapp" className="ModelRelief.Test.Integration.Models.ModelsBaseIntegrationTests" name="Post_InvalidReferencePropertyReturnsBadRequest" /></UnitTest><UnitTest name="Post_ValidReferencePropertyCreatesModel" storage="d:\github\modelrelief\modelrelief.test\bin\debug\netcoreapp2.0\modelrelief.test.dll" id="18d610dc-5e36-4d66-97a5-457e246b831f"><Execution id="5ad3f04f-5f7b-4550-bff5-e0218187894b" /><TestMethod codeBase="d:\Github\ModelRelief\ModelRelief.test\bin\Debug\netcoreapp2.0\ModelRelief.Test.dll" adapterTypeName="executor://xunit/VsTestRunner2/netcoreapp" className="ModelRelief.Test.Integration.DepthBuffers.DepthBuffersBaseIntegrationTests" name="Post_ValidReferencePropertyCreatesModel" /></UnitTest><UnitTest name="Put_CanUpdateModel" storage="d:\github\modelrelief\modelrelief.test\bin\debug\netcoreapp2.0\modelrelief.test.dll" id="f592b6ea-c1b9-4fb0-a1d6-69dcff1d0921"><Execution id="8d265fdf-5c6a-4210-8c8c-17aa98d809d4" /><TestMethod codeBase="d:\Github\ModelRelief\ModelRelief.test\bin\Debug\netcoreapp2.0\ModelRelief.Test.dll" adapterTypeName="executor://xunit/VsTestRunner2/netcoreapp" className="ModelRelief.Test.Integration.MeshTransforms.MeshTransformsBaseIntegrationTests" name="Put_CanUpdateModel" /></UnitTest><UnitTest name="Post_InvalidPropertyValueReturnsBadRequest" storage="d:\github\modelrelief\modelrelief.test\bin\debug\netcoreapp2.0\modelrelief.test.dll" id="a3d1186d-e7d2-4dcc-b13c-32c220244c79"><Execution id="e0dc2c82-2c98-4e1a-bf29-f1b63fa8cd61" /><TestMethod codeBase="d:\Github\ModelRelief\ModelRelief.test\bin\Debug\netcoreapp2.0\ModelRelief.Test.dll" adapterTypeName="executor://xunit/VsTestRunner2/netcoreapp" className="ModelRelief.Test.Integration.DepthBuffers.DepthBuffersBaseIntegrationTests" name="Post_InvalidPropertyValueReturnsBadRequest" /></UnitTest><UnitTest name="Put_InvalidReferencePropertyReturndBadRequest" storage="d:\github\modelrelief\modelrelief.test\bin\debug\netcoreapp2.0\modelrelief.test.dll" id="43de9f68-9daa-455a-85f2-f0e5fce4bb91"><Execution id="21429a90-0d92-4632-b7ee-102d634f8662" /><TestMethod codeBase="d:\Github\ModelRelief\ModelRelief.test\bin\Debug\netcoreapp2.0\ModelRelief.Test.dll" adapterTypeName="executor://xunit/VsTestRunner2/netcoreapp" className="ModelRelief.Test.Integration.Cameras.CamerasBaseIntegrationTests" name="Put_InvalidReferencePropertyReturndBadRequest" /></UnitTest><UnitTest name="Model3dHasExpectedDependentFiles" storage="d:\github\modelrelief\modelrelief.test\bin\debug\netcoreapp2.0\modelrelief.test.dll" id="9a5e7d82-dd3a-4628-a4af-af92b81d345c"><Execution id="6f44cb5d-7285-4561-be14-31f5ee9823c5" /><TestMethod codeBase="d:\Github\ModelRelief\ModelRelief.test\bin\Debug\netcoreapp2.0\ModelRelief.Test.dll" adapterTypeName="executor://xunit/VsTestRunner2/netcoreapp" className="ModelRelief.Test.Unit.DependencyManager.DependencyManagerTests" name="Model3dHasExpectedDependentFiles" /></UnitTest><UnitTest name="Patch_InvalidEnumPropertyValueReturnsBadRequest" storage="d:\github\modelrelief\modelrelief.test\bin\debug\netcoreapp2.0\modelrelief.test.dll" id="c7ed996d-ed17-4168-8aec-6b8d5442a5c6"><Execution id="fd7c0094-bf9f-473c-8c15-20f39f92544f" /><TestMethod codeBase="d:\Github\ModelRelief\ModelRelief.test\bin\Debug\netcoreapp2.0\ModelRelief.Test.dll" adapterTypeName="executor://xunit/VsTestRunner2/netcoreapp" className="ModelRelief.Test.Integration.Meshes.MeshesBaseIntegrationTests" name="Patch_InvalidEnumPropertyValueReturnsBadRequest" /></UnitTest><UnitTest name="Delete_TargetModelIsDeleted" storage="d:\github\modelrelief\modelrelief.test\bin\debug\netcoreapp2.0\modelrelief.test.dll" id="d2ba8bd9-2dc5-4c02-b74a-f368c920c9ba"><Execution id="2472bc2f-06c7-40cd-b5e4-536deb816ffc" /><TestMethod codeBase="d:\Github\ModelRelief\ModelRelief.test\bin\Debug\netcoreapp2.0\ModelRelief.Test.dll" adapterTypeName="executor://xunit/VsTestRunner2/netcoreapp" className="ModelRelief.Test.Integration.Models.ModelsBaseIntegrationTests" name="Delete_TargetModelIsDeleted" /></UnitTest><UnitTest name="PutFile_NewFileCanBePut" storage="d:\github\modelrelief\modelrelief.test\bin\debug\netcoreapp2.0\modelrelief.test.dll" id="d48927c7-13ce-45a3-9c66-85de48938e99"><Execution id="dd47856c-6a60-4038-ae4d-6c73714a94fb" /><TestMethod codeBase="d:\Github\ModelRelief\ModelRelief.test\bin\Debug\netcoreapp2.0\ModelRelief.Test.dll" adapterTypeName="executor://xunit/VsTestRunner2/netcoreapp" className="ModelRelief.Test.Integration.DepthBuffers.DepthBuffersFileIntegrationTests" name="PutFile_NewFileCanBePut" /></UnitTest><UnitTest name="LucyModel3dHasTwoDependents" storage="d:\github\modelrelief\modelrelief.test\bin\debug\netcoreapp2.0\modelrelief.test.dll" id="284d4569-d885-4a28-b4fa-8ca568551ae8"><Execution id="e92c5616-6916-455c-ba67-0d590887e274" /><TestMethod codeBase="d:\Github\ModelRelief\ModelRelief.test\bin\Debug\netcoreapp2.0\ModelRelief.Test.dll" adapterTypeName="executor://xunit/VsTestRunner2/netcoreapp" className="ModelRelief.Test.Unit.DependencyManager.DependencyManagerTests" name="LucyModel3dHasTwoDependents" /></UnitTest><UnitTest name="PostFile_FileIsSynchronizedIsUpdatedAfterFileIsPosted" storage="d:\github\modelrelief\modelrelief.test\bin\debug\netcoreapp2.0\modelrelief.test.dll" id="0565486a-2065-436a-82a3-8cd1d94c0e77"><Execution id="3321f334-290e-416f-aa30-f854fd7bb154" /><TestMethod codeBase="d:\Github\ModelRelief\ModelRelief.test\bin\Debug\netcoreapp2.0\ModelRelief.Test.dll" adapterTypeName="executor://xunit/VsTestRunner2/netcoreapp" className="ModelRelief.Test.Integration.Meshes.MeshesFileIntegrationTests" name="PostFile_FileIsSynchronizedIsUpdatedAfterFileIsPosted" /></UnitTest><UnitTest name="PutFile_FileCanBeUpdated" storage="d:\github\modelrelief\modelrelief.test\bin\debug\netcoreapp2.0\modelrelief.test.dll" id="4b3e36b5-f82d-4c3f-b4d3-e75d35fdcdc7"><Execution id="5a8bdada-170b-40c6-bb64-d8a99ce2b371" /><TestMethod codeBase="d:\Github\ModelRelief\ModelRelief.test\bin\Debug\netcoreapp2.0\ModelRelief.Test.dll" adapterTypeName="executor://xunit/VsTestRunner2/netcoreapp" className="ModelRelief.Test.Integration.DepthBuffers.DepthBuffersFileIntegrationTests" name="PutFile_FileCanBeUpdated" /></UnitTest><UnitTest name="GetFile_NonExistentFileReturnsNotFound" storage="d:\github\modelrelief\modelrelief.test\bin\debug\netcoreapp2.0\modelrelief.test.dll" id="8c70b92e-2c93-4d6c-a09e-bdd823300d1b"><Execution id="b6ad54c5-172d-43aa-ab2d-4a0447bad906" /><TestMethod codeBase="d:\Github\ModelRelief\ModelRelief.test\bin\Debug\netcoreapp2.0\ModelRelief.Test.dll" adapterTypeName="executor://xunit/VsTestRunner2/netcoreapp" className="ModelRelief.Test.Integration.DepthBuffers.DepthBuffersFileIntegrationTests" name="GetFile_NonExistentFileReturnsNotFound" /></UnitTest><UnitTest name="Put_InvalidIdReturnsNotFound" storage="d:\github\modelrelief\modelrelief.test\bin\debug\netcoreapp2.0\modelrelief.test.dll" id="74baa9b4-9421-4fe3-84b5-18bcba2c05b4"><Execution id="50fcdd42-b4b1-4fca-8237-9e0e3aa44a62" /><TestMethod codeBase="d:\Github\ModelRelief\ModelRelief.test\bin\Debug\netcoreapp2.0\ModelRelief.Test.dll" adapterTypeName="executor://xunit/VsTestRunner2/netcoreapp" className="ModelRelief.Test.Integration.Models.ModelsBaseIntegrationTests" name="Put_InvalidIdReturnsNotFound" /></UnitTest><UnitTest name="Put_InvalidReferencePropertyReturndBadRequest" storage="d:\github\modelrelief\modelrelief.test\bin\debug\netcoreapp2.0\modelrelief.test.dll" id="9e700915-dd46-4358-a3ed-c1bdf18b5bdb"><Execution id="4c5fab2b-506c-4a5a-9c8c-6d69f939ff3e" /><TestMethod codeBase="d:\Github\ModelRelief\ModelRelief.test\bin\Debug\netcoreapp2.0\ModelRelief.Test.dll" adapterTypeName="executor://xunit/VsTestRunner2/netcoreapp" className="ModelRelief.Test.Integration.DepthBuffers.DepthBuffersBaseIntegrationTests" name="Put_InvalidReferencePropertyReturndBadRequest" /></UnitTest><UnitTest name="Post_InvalidReferencePropertyReturnsBadRequest" storage="d:\github\modelrelief\modelrelief.test\bin\debug\netcoreapp2.0\modelrelief.test.dll" id="cb55fd4e-a683-46d1-a2fd-61614337f858"><Execution id="f01881fd-9959-4fe6-9026-fbbee95b6a03" /><TestMethod codeBase="d:\Github\ModelRelief\ModelRelief.test\bin\Debug\netcoreapp2.0\ModelRelief.Test.dll" adapterTypeName="executor://xunit/VsTestRunner2/netcoreapp" className="ModelRelief.Test.Integration.Meshes.MeshesBaseIntegrationTests" name="Post_InvalidReferencePropertyReturnsBadRequest" /></UnitTest><UnitTest name="Patch_InvalidReferencePropertyReturnsBadRequest" storage="d:\github\modelrelief\modelrelief.test\bin\debug\netcoreapp2.0\modelrelief.test.dll" id="fa61b316-9b8d-4411-a9f1-0df23cf58d8e"><Execution id="d83a560d-a05a-402b-8e12-08ff0886119f" /><TestMethod codeBase="d:\Github\ModelRelief\ModelRelief.test\bin\Debug\netcoreapp2.0\ModelRelief.Test.dll" adapterTypeName="executor://xunit/VsTestRunner2/netcoreapp" className="ModelRelief.Test.Integration.Projects.ProjectsBaseIntegrationTests" name="Patch_InvalidReferencePropertyReturnsBadRequest" /></UnitTest><UnitTest name="Patch_InvalidReferencePropertyReturnsBadRequest" storage="d:\github\modelrelief\modelrelief.test\bin\debug\netcoreapp2.0\modelrelief.test.dll" id="594136a6-5250-4bcd-9fbe-d196ca82900b"><Execution id="f9354fe1-ad17-4792-b970-b9ad815732a2" /><TestMethod codeBase="d:\Github\ModelRelief\ModelRelief.test\bin\Debug\netcoreapp2.0\ModelRelief.Test.dll" adapterTypeName="executor://xunit/VsTestRunner2/netcoreapp" className="ModelRelief.Test.Integration.MeshTransforms.MeshTransformsBaseIntegrationTests" name="Patch_InvalidReferencePropertyReturnsBadRequest" /></UnitTest><UnitTest name="GetSingle_ValidIdPropertyValueReturnsCorrectModel" storage="d:\github\modelrelief\modelrelief.test\bin\debug\netcoreapp2.0\modelrelief.test.dll" id="d258cb5e-da30-4866-a18c-db84c3ac82a1"><Execution id="ab11ac02-9a9e-40fc-a18d-7649a0a1098b" /><TestMethod codeBase="d:\Github\ModelRelief\ModelRelief.test\bin\Debug\netcoreapp2.0\ModelRelief.Test.dll" adapterTypeName="executor://xunit/VsTestRunner2/netcoreapp" className="ModelRelief.Test.Integration.Projects.ProjectsBaseIntegrationTests" name="GetSingle_ValidIdPropertyValueReturnsCorrectModel" /></UnitTest><UnitTest name="Patch_InvalidIdPropertyReturnsNotFound" storage="d:\github\modelrelief\modelrelief.test\bin\debug\netcoreapp2.0\modelrelief.test.dll" id="00dfc626-2452-40b1-9ffa-eaa17123c464"><Execution id="1daffcf5-7a48-4c4d-aaa0-34599686c6a1" /><TestMethod codeBase="d:\Github\ModelRelief\ModelRelief.test\bin\Debug\netcoreapp2.0\ModelRelief.Test.dll" adapterTypeName="executor://xunit/VsTestRunner2/netcoreapp" className="ModelRelief.Test.Integration.Projects.ProjectsBaseIntegrationTests" name="Patch_InvalidIdPropertyReturnsNotFound" /></UnitTest><UnitTest name="GetList_ListReturnsCorrectCount" storage="d:\github\modelrelief\modelrelief.test\bin\debug\netcoreapp2.0\modelrelief.test.dll" id="602d4242-ee9b-4a71-8488-f9226270645e"><Execution id="18ede9b4-4f2b-4143-b9b6-2c3e88971156" /><TestMethod codeBase="d:\Github\ModelRelief\ModelRelief.test\bin\Debug\netcoreapp2.0\ModelRelief.Test.dll" adapterTypeName="executor://xunit/VsTestRunner2/netcoreapp" className="ModelRelief.Test.Integration.Projects.ProjectsBaseIntegrationTests" name="GetList_ListReturnsCorrectCount" /></UnitTest><UnitTest name="Patch_InvalidPropertyNameReturnsBadRequest" storage="d:\github\modelrelief\modelrelief.test\bin\debug\netcoreapp2.0\modelrelief.test.dll" id="e679c5bc-b5bb-4877-8efe-186866115235"><Execution id="fe05339d-e515-4457-a41b-9a044004dc05" /><TestMethod codeBase="d:\Github\ModelRelief\ModelRelief.test\bin\Debug\netcoreapp2.0\ModelRelief.Test.dll" adapterTypeName="executor://xunit/VsTestRunner2/netcoreapp" className="ModelRelief.Test.Integration.Meshes.MeshesBaseIntegrationTests" name="Patch_InvalidPropertyNameReturnsBadRequest" /></UnitTest><UnitTest name="PostFile_FileTimeStampIsUpdatedAfterFileIsPosted" storage="d:\github\modelrelief\modelrelief.test\bin\debug\netcoreapp2.0\modelrelief.test.dll" id="958fe13e-fa5b-4b19-a909-cf93e270fd10"><Execution id="1d6a80d8-04e6-4ae7-acf2-c2a7dc4c5ad2" /><TestMethod codeBase="d:\Github\ModelRelief\ModelRelief.test\bin\Debug\netcoreapp2.0\ModelRelief.Test.dll" adapterTypeName="executor://xunit/VsTestRunner2/netcoreapp" className="ModelRelief.Test.Integration.Meshes.MeshesFileIntegrationTests" name="PostFile_FileTimeStampIsUpdatedAfterFileIsPosted" /></UnitTest><UnitTest name="FileRequest_MeshIsInvalidatedAfterDepthBufferFileBecomesUnsynchronized" storage="d:\github\modelrelief\modelrelief.test\bin\debug\netcoreapp2.0\modelrelief.test.dll" id="8e8259cf-a803-4848-b003-3555dd3c54dc"><Execution id="cc824b04-5059-497d-9f72-4020dc8441c9" /><TestMethod codeBase="d:\Github\ModelRelief\ModelRelief.test\bin\Debug\netcoreapp2.0\ModelRelief.Test.dll" adapterTypeName="executor://xunit/VsTestRunner2/netcoreapp" className="ModelRelief.Test.Integration.Meshes.MeshesFileIntegrationTests" name="FileRequest_MeshIsInvalidatedAfterDepthBufferFileBecomesUnsynchronized" /></UnitTest><UnitTest name="Patch_InvalidPropertyNameReturnsBadRequest" storage="d:\github\modelrelief\modelrelief.test\bin\debug\netcoreapp2.0\modelrelief.test.dll" id="2d3c2a8f-2d41-4a59-a9d3-f35e9a227055"><Execution id="2ad4570a-475f-41fb-9b85-69fe0d1bb682" /><TestMethod codeBase="d:\Github\ModelRelief\ModelRelief.test\bin\Debug\netcoreapp2.0\ModelRelief.Test.dll" adapterTypeName="executor://xunit/VsTestRunner2/netcoreapp" className="ModelRelief.Test.Integration.Models.ModelsBaseIntegrationTests" name="Patch_InvalidPropertyNameReturnsBadRequest" /></UnitTest><UnitTest name="Put_InvalidReferencePropertyReturndBadRequest" storage="d:\github\modelrelief\modelrelief.test\bin\debug\netcoreapp2.0\modelrelief.test.dll" id="0f57d37b-6952-47d5-ba38-cc0e20c2f794"><Execution id="e02a1d28-7119-4994-b20e-d4a72def337e" /><TestMethod codeBase="d:\Github\ModelRelief\ModelRelief.test\bin\Debug\netcoreapp2.0\ModelRelief.Test.dll" adapterTypeName="executor://xunit/VsTestRunner2/netcoreapp" className="ModelRelief.Test.Integration.Models.ModelsBaseIntegrationTests" name="Put_InvalidReferencePropertyReturndBadRequest" /></UnitTest></TestDefinitions><TestEntries><TestEntry testId="9c6bd12b-67e6-4a37-9037-d2a6bb4bc0d2" executionId="fc449f83-6216-4baf-916f-16acb67b97a9" testListId="8c84fa94-04c1-424b-9868-57a2d4851a1d" /><TestEntry testId="25fab48d-9057-44d2-9c28-683f5e19e4ad" executionId="2e4f42d7-b87b-4add-afeb-bec07536579f" testListId="8c84fa94-04c1-424b-9868-57a2d4851a1d" /><TestEntry testId="9e042367-38ff-4d99-844f-420cf769a7a6" executionId="bbb2b8cc-dae6-4334-ac84-46f84a6dfeec" testListId="8c84fa94-04c1-424b-9868-57a2d4851a1d" /><TestEntry testId="9b095ad4-5eba-426d-ac31-f1bbdc862da1" executionId="1aa59ec7-d19c-4211-a11a-ae462ecb2ec4" testListId="8c84fa94-04c1-424b-9868-57a2d4851a1d" /><TestEntry testId="0214ff8a-6948-4711-9eb7-171fcfe148a1" executionId="c1d86deb-0d44-47ff-aff0-cc257af48a64" testListId="8c84fa94-04c1-424b-9868-57a2d4851a1d" /><TestEntry testId="65ea1d44-1eee-4513-89b6-f48792ffc687" executionId="d4ea532d-4ce0-4986-ba49-81f484421922" testListId="8c84fa94-04c1-424b-9868-57a2d4851a1d" /><TestEntry testId="67a849bf-c4f3-4575-815c-a9f96f5b329b" executionId="6cfd7d1d-c49e-4468-a5a2-904d40e638b0" testListId="8c84fa94-04c1-424b-9868-57a2d4851a1d" /><TestEntry testId="5ff6ec48-1e81-45c5-a495-d7221f1e7e9f" executionId="aed4b41e-9bef-4531-80ed-a355007bce56" testListId="8c84fa94-04c1-424b-9868-57a2d4851a1d" /><TestEntry testId="ac64d332-d8a3-477a-af98-2a31534137b9" executionId="de15d078-fe52-4156-9e97-6f5829ac2d19" testListId="8c84fa94-04c1-424b-9868-57a2d4851a1d" /><TestEntry testId="51954879-db0c-4877-bf6a-eca87c21a2f8" executionId="77795774-4699-4380-937c-de7e5790c8a1" testListId="8c84fa94-04c1-424b-9868-57a2d4851a1d" /><TestEntry testId="3d5e503f-49e8-4374-9900-6de2fd7fd9fd" executionId="7a364cfb-34a5-42fc-9a31-d19ff4edcd6f" testListId="8c84fa94-04c1-424b-9868-57a2d4851a1d" /><TestEntry testId="9e700915-dd46-4358-a3ed-c1bdf18b5bdb" executionId="4c5fab2b-506c-4a5a-9c8c-6d69f939ff3e" testListId="8c84fa94-04c1-424b-9868-57a2d4851a1d" /><TestEntry testId="4d599773-2210-46e5-b902-fca457925d53" executionId="a2a9b4db-f68a-4b15-b617-c3a36a71ff38" testListId="8c84fa94-04c1-424b-9868-57a2d4851a1d" /><TestEntry testId="c7ed996d-ed17-4168-8aec-6b8d5442a5c6" executionId="fd7c0094-bf9f-473c-8c15-20f39f92544f" testListId="8c84fa94-04c1-424b-9868-57a2d4851a1d" /><TestEntry testId="88b7a3f1-dab3-4edf-98a3-b5a83374325e" executionId="c711a183-1b4c-44f3-bea6-3abe10fa50f5" testListId="8c84fa94-04c1-424b-9868-57a2d4851a1d" /><TestEntry testId="f25bf219-bd58-4f2d-9105-ecf10c88362c" executionId="630777e2-52bb-4cc1-abe2-fa10027fc167" testListId="8c84fa94-04c1-424b-9868-57a2d4851a1d" /><TestEntry testId="d258cb5e-da30-4866-a18c-db84c3ac82a1" executionId="ab11ac02-9a9e-40fc-a18d-7649a0a1098b" testListId="8c84fa94-04c1-424b-9868-57a2d4851a1d" /><TestEntry testId="fb9b4c1c-de26-475a-9e77-bed07a2e0007" executionId="c2772870-9f02-445b-846e-46a8380d4760" testListId="8c84fa94-04c1-424b-9868-57a2d4851a1d" /><TestEntry testId="d2ba8bd9-2dc5-4c02-b74a-f368c920c9ba" executionId="2472bc2f-06c7-40cd-b5e4-536deb816ffc" testListId="8c84fa94-04c1-424b-9868-57a2d4851a1d" /><TestEntry testId="bcb3200a-23b3-4410-8c7d-6e5a6287f2ba" executionId="17044ca5-469e-4823-8e02-9e47083e77db" testListId="8c84fa94-04c1-424b-9868-57a2d4851a1d" /><TestEntry testId="05b9ddbb-df08-4261-8599-c254eea850af" executionId="dd9d2336-88bb-41e5-9d88-56cf91089b92" testListId="8c84fa94-04c1-424b-9868-57a2d4851a1d" /><TestEntry testId="d48927c7-13ce-45a3-9c66-85de48938e99" executionId="dd47856c-6a60-4038-ae4d-6c73714a94fb" testListId="8c84fa94-04c1-424b-9868-57a2d4851a1d" /><TestEntry testId="61c72d10-e861-48de-a41a-4e5d32f816a4" executionId="3f672d1b-4591-4818-8b91-8681829dd990" testListId="8c84fa94-04c1-424b-9868-57a2d4851a1d" /><TestEntry testId="f498edac-d61f-493e-b67d-64e2410954ab" executionId="ff7cdbff-931d-4e36-b22a-f2ae758e19a0" testListId="8c84fa94-04c1-424b-9868-57a2d4851a1d" /><TestEntry testId="e60cd546-7c28-465a-b61e-784a563fed69" executionId="6823e1c6-9471-46b0-85fc-f49b21cc1617" testListId="8c84fa94-04c1-424b-9868-57a2d4851a1d" /><TestEntry testId="91e01865-f74c-4015-a09b-6e270f712181" executionId="3d758f99-98cf-4edc-8c6c-294fcf9bad83" testListId="8c84fa94-04c1-424b-9868-57a2d4851a1d" /><TestEntry testId="4908c6bb-d5a1-49e4-8878-0215e03109de" executionId="69352b54-0ece-4260-b873-259ffaac71df" testListId="8c84fa94-04c1-424b-9868-57a2d4851a1d" /><TestEntry testId="3d3f1f08-bbe3-4af4-a25b-495f9258ed1c" executionId="6ab7c9b7-259a-4130-9550-2df514732aee" testListId="8c84fa94-04c1-424b-9868-57a2d4851a1d" /><TestEntry testId="35fa39d4-d93b-49c5-945f-13e68867cfed" executionId="f1dadec7-72c1-40f9-a05a-78b55579e3bc" testListId="8c84fa94-04c1-424b-9868-57a2d4851a1d" /><TestEntry testId="5f270949-3191-4d9a-90c0-7b0cd2c99325" executionId="8ceaa8cd-9a0a-40ba-9bca-f145de2779b3" testListId="8c84fa94-04c1-424b-9868-57a2d4851a1d" /><TestEntry testId="e34a7026-2b4a-4d4c-9db6-ffb82f9110c9" executionId="ec210ecd-81a7-478e-a5b9-9005d7a7433d" testListId="8c84fa94-04c1-424b-9868-57a2d4851a1d" /><TestEntry testId="79c955ef-8136-4dae-8a9e-213a6be21477" executionId="8ed97388-94d9-4961-8dcf-91b7f0b95412" testListId="8c84fa94-04c1-424b-9868-57a2d4851a1d" /><TestEntry testId="8e8259cf-a803-4848-b003-3555dd3c54dc" executionId="cc824b04-5059-497d-9f72-4020dc8441c9" testListId="8c84fa94-04c1-424b-9868-57a2d4851a1d" /><TestEntry testId="eae49d25-e3f0-4558-87f7-7cb3688b11ce" executionId="477009a3-6e62-4da9-b931-0a69897adc37" testListId="8c84fa94-04c1-424b-9868-57a2d4851a1d" /><TestEntry testId="a842e213-fb1b-46c4-ac0a-ca66da740c0a" executionId="8a7ce572-0625-4254-a1b9-b0cacbd1bfc0" testListId="8c84fa94-04c1-424b-9868-57a2d4851a1d" /><TestEntry testId="284d4569-d885-4a28-b4fa-8ca568551ae8" executionId="e92c5616-6916-455c-ba67-0d590887e274" testListId="8c84fa94-04c1-424b-9868-57a2d4851a1d" /><TestEntry testId="6962993a-288d-4b50-9ffb-171420466ed5" executionId="17e2206c-f0b5-4a71-9c4c-ec6a3e7471d2" testListId="8c84fa94-04c1-424b-9868-57a2d4851a1d" /><TestEntry testId="200c03e2-d4ee-44ce-8027-4bf0d97c3216" executionId="547bb51d-9313-40a5-bc95-587e67a70bdf" testListId="8c84fa94-04c1-424b-9868-57a2d4851a1d" /><TestEntry testId="3156b54c-8575-4fb3-b19c-899297b665c3" executionId="840e5b42-efce-461f-8561-b1c38182bfa1" testListId="8c84fa94-04c1-424b-9868-57a2d4851a1d" /><TestEntry testId="51eaf4f2-8db6-41a1-812b-2820abae4d39" executionId="9991819e-3bea-46fe-9b82-c33137219d5a" testListId="8c84fa94-04c1-424b-9868-57a2d4851a1d" /><TestEntry testId="3c83a60f-786e-418e-985a-f1f3bd5a1759" executionId="339f7be4-c88c-4e12-8b43-7efe72841034" testListId="8c84fa94-04c1-424b-9868-57a2d4851a1d" /><TestEntry testId="8f59d2bb-8493-4723-8206-eb5ae5886227" executionId="6953ac6c-5248-4960-b7e7-4465b7ada49b" testListId="8c84fa94-04c1-424b-9868-57a2d4851a1d" /><TestEntry testId="2d3c2a8f-2d41-4a59-a9d3-f35e9a227055" executionId="2ad4570a-475f-41fb-9b85-69fe0d1bb682" testListId="8c84fa94-04c1-424b-9868-57a2d4851a1d" /><TestEntry testId="f0926f01-04d4-4805-bd6e-388cb6c5853a" executionId="1826438c-53e6-46cb-900e-b9bd9e5f6a1e" testListId="8c84fa94-04c1-424b-9868-57a2d4851a1d" /><TestEntry testId="8c70b92e-2c93-4d6c-a09e-bdd823300d1b" executionId="b6ad54c5-172d-43aa-ab2d-4a0447bad906" testListId="8c84fa94-04c1-424b-9868-57a2d4851a1d" /><TestEntry testId="602d4242-ee9b-4a71-8488-f9226270645e" executionId="18ede9b4-4f2b-4143-b9b6-2c3e88971156" testListId="8c84fa94-04c1-424b-9868-57a2d4851a1d" /><TestEntry testId="cb55fd4e-a683-46d1-a2fd-61614337f858" executionId="f01881fd-9959-4fe6-9026-fbbee95b6a03" testListId="8c84fa94-04c1-424b-9868-57a2d4851a1d" /><TestEntry testId="2f3ad9c6-a5f1-476c-8e59-c1f4369938aa" executionId="a116a9d7-f5cf-4383-ade0-30554ea27030" testListId="8c84fa94-04c1-424b-9868-57a2d4851a1d" /><TestEntry testId="2c91e52b-78e0-4843-ba40-98a046c58480" executionId="9f1b7b1a-0f5e-4e0c-8974-a79c81e368da" testListId="8c84fa94-04c1-424b-9868-57a2d4851a1d" /><TestEntry testId="6f0d8243-467b-4960-adba-1ced59b5c241" executionId="5f44ca7e-5370-40cc-bb0a-a3b1083dd558" testListId="8c84fa94-04c1-424b-9868-57a2d4851a1d" /><TestEntry testId="3333af3c-ddf4-4f0d-bbe9-59ed3c382cc7" executionId="b08e5311-3626-4429-ac58-2cdc054ab0c9" testListId="8c84fa94-04c1-424b-9868-57a2d4851a1d" /><TestEntry testId="0cf768ee-016e-4be2-a0dd-9c03ef6304e1" executionId="288dc977-cd08-4403-b74e-8d9c64a5ee73" testListId="8c84fa94-04c1-424b-9868-57a2d4851a1d" /><TestEntry testId="0f57d37b-6952-47d5-ba38-cc0e20c2f794" executionId="e02a1d28-7119-4994-b20e-d4a72def337e" testListId="8c84fa94-04c1-424b-9868-57a2d4851a1d" /><TestEntry testId="3f48fce9-594e-408b-b4f5-04c50b5f5a70" executionId="99d30094-c64a-4e92-a7f2-fa73e903fff7" testListId="8c84fa94-04c1-424b-9868-57a2d4851a1d" /><TestEntry testId="ebaa51b6-2a84-42d4-882c-1cd8af9138f5" executionId="93357c80-6408-4a5d-a1e1-5fd0174348d5" testListId="8c84fa94-04c1-424b-9868-57a2d4851a1d" /><TestEntry testId="054bfef9-aa66-459d-84ce-e1161d7a7b87" executionId="a177e58a-7020-411a-88d2-95833113b8a6" testListId="8c84fa94-04c1-424b-9868-57a2d4851a1d" /><TestEntry testId="9a5e7d82-dd3a-4628-a4af-af92b81d345c" executionId="6f44cb5d-7285-4561-be14-31f5ee9823c5" testListId="8c84fa94-04c1-424b-9868-57a2d4851a1d" /><TestEntry testId="222d44db-b6db-47be-a61a-eec7761def9f" executionId="3f235309-5278-4339-9804-5d1fa3680a38" testListId="8c84fa94-04c1-424b-9868-57a2d4851a1d" /><TestEntry testId="cc0cb3a4-a98d-4784-9bfd-5caf1b2a04b0" executionId="ef48e8d6-8b75-48ed-8017-17fefdeaa81f" testListId="8c84fa94-04c1-424b-9868-57a2d4851a1d" /><TestEntry testId="0565486a-2065-436a-82a3-8cd1d94c0e77" executionId="3321f334-290e-416f-aa30-f854fd7bb154" testListId="8c84fa94-04c1-424b-9868-57a2d4851a1d" /><TestEntry testId="11dd1cb8-f217-420a-b21b-b256df06f769" executionId="e4257d86-f1d4-4b3e-84e7-f1b99e60752f" testListId="8c84fa94-04c1-424b-9868-57a2d4851a1d" /><TestEntry testId="6e9b21b9-3216-404c-b14e-71c84e1d4659" executionId="f7bf6cc5-94a8-4f16-84e1-26a61f3ac4a2" testListId="8c84fa94-04c1-424b-9868-57a2d4851a1d" /><TestEntry testId="9727fb3c-9673-42d2-8ce1-722643df7749" executionId="93635473-b226-4f16-8dee-241d277802d2" testListId="8c84fa94-04c1-424b-9868-57a2d4851a1d" /><TestEntry testId="0f784dd4-8346-49f0-bc13-aef505e1b4a4" executionId="69a85173-de9a-4e82-98e8-f800f6d31b09" testListId="8c84fa94-04c1-424b-9868-57a2d4851a1d" /><TestEntry testId="f3d89ed3-8eaa-4604-92cf-2a4474d4e17e" executionId="7c736776-9848-49af-9e28-d5a6f4ef7075" testListId="8c84fa94-04c1-424b-9868-57a2d4851a1d" /><TestEntry testId="393716de-697b-4795-929f-798e8e2d0b76" executionId="06edec1a-7e03-4a9f-ad7d-98519236dec5" testListId="8c84fa94-04c1-424b-9868-57a2d4851a1d" /><TestEntry testId="32bf61d9-5ec4-4b24-bdec-14e9106e5b57" executionId="fa42f1f3-1df7-47ed-ae8e-e7536c90c6a1" testListId="8c84fa94-04c1-424b-9868-57a2d4851a1d" /><TestEntry testId="88abb1df-6086-4ee9-b3fb-620b6e5ce1b3" executionId="2b5744ed-9c54-4761-ac46-6bbad11438c4" testListId="8c84fa94-04c1-424b-9868-57a2d4851a1d" /><TestEntry testId="8f10235c-196e-4675-b8a3-be77445272b7" executionId="5b64a2b0-2c32-4643-a8d7-24e40b0b4d83" testListId="8c84fa94-04c1-424b-9868-57a2d4851a1d" /><TestEntry testId="4b3e36b5-f82d-4c3f-b4d3-e75d35fdcdc7" executionId="5a8bdada-170b-40c6-bb64-d8a99ce2b371" testListId="8c84fa94-04c1-424b-9868-57a2d4851a1d" /><TestEntry testId="017dfb9a-caa1-437c-8299-2be91bc4d19b" executionId="8666f17d-e199-47aa-89d0-3bd63c49172f" testListId="8c84fa94-04c1-424b-9868-57a2d4851a1d" /><TestEntry testId="ec14dc64-99f0-4e10-9f29-6cc467a78aa5" executionId="7dddeb9e-2b6b-4994-b9fd-ec0e96e38d6d" testListId="8c84fa94-04c1-424b-9868-57a2d4851a1d" /><TestEntry testId="b4e3d700-f0bd-4c50-b99d-bd0e9f6e9737" executionId="94a1870a-c338-47b9-b670-fb583142d071" testListId="8c84fa94-04c1-424b-9868-57a2d4851a1d" /><TestEntry testId="cd95a553-3b57-4404-aa6c-31e17934b311" executionId="b7a20ee7-9331-4fe3-ac12-757df6a214b9" testListId="8c84fa94-04c1-424b-9868-57a2d4851a1d" /><TestEntry testId="eb63a217-f681-4c89-a755-ebc729d4e317" executionId="4859b71c-11ac-4eb6-9f62-bb629f984bd8" testListId="8c84fa94-04c1-424b-9868-57a2d4851a1d" /><TestEntry testId="e0da1c77-3806-4393-aa04-1d6a14fb3617" executionId="7547d7b8-15c6-405e-b770-aaac33f8558e" testListId="8c84fa94-04c1-424b-9868-57a2d4851a1d" /><TestEntry testId="75284c0a-9852-4b83-9908-3754c8324b81" executionId="1124de71-5bed-4a2e-9ba0-6bf65c5eb3bc" testListId="8c84fa94-04c1-424b-9868-57a2d4851a1d" /><TestEntry testId="64d114cc-c2a3-41b1-9e05-bc4a0571cd16" executionId="eb37e103-9bef-4667-afbd-4ec697de41e2" testListId="8c84fa94-04c1-424b-9868-57a2d4851a1d" /><TestEntry testId="f2e5a9f9-17ed-4300-b492-7bd4284a55a5" executionId="63670cf7-b38e-4ca5-8d07-84f655359de3" testListId="8c84fa94-04c1-424b-9868-57a2d4851a1d" /><TestEntry testId="a0c64d42-fd77-42c3-b99f-88ebf520e642" executionId="694b0a5e-e5da-43a1-83b3-93225c2b5ed8" testListId="8c84fa94-04c1-424b-9868-57a2d4851a1d" /><TestEntry testId="74baa9b4-9421-4fe3-84b5-18bcba2c05b4" executionId="50fcdd42-b4b1-4fca-8237-9e0e3aa44a62" testListId="8c84fa94-04c1-424b-9868-57a2d4851a1d" /><TestEntry testId="2908fdff-30cf-4e8f-b80d-59531b5c5933" executionId="659c1e4f-742a-42d0-a4df-089a8e3160bb" testListId="8c84fa94-04c1-424b-9868-57a2d4851a1d" /><TestEntry testId="e679c5bc-b5bb-4877-8efe-186866115235" executionId="fe05339d-e515-4457-a41b-9a044004dc05" testListId="8c84fa94-04c1-424b-9868-57a2d4851a1d" /><TestEntry testId="75ab47cb-99e2-4091-9eae-1c49c5e13593" executionId="f6503574-fd75-4f35-a482-8938bb06d1d9" testListId="8c84fa94-04c1-424b-9868-57a2d4851a1d" /><TestEntry testId="b10231ff-2f13-4dea-91cf-eaf060f2f107" executionId="18ccee2a-d5f9-4c92-9ee9-aa396c04636c" testListId="8c84fa94-04c1-424b-9868-57a2d4851a1d" /><TestEntry testId="958fe13e-fa5b-4b19-a909-cf93e270fd10" executionId="1d6a80d8-04e6-4ae7-acf2-c2a7dc4c5ad2" testListId="8c84fa94-04c1-424b-9868-57a2d4851a1d" /><TestEntry testId="73444bc5-527c-4e03-bcd7-a1de79480ba0" executionId="fcfbd13f-9d25-48fd-a8bb-7dd9f3bba682" testListId="8c84fa94-04c1-424b-9868-57a2d4851a1d" /><TestEntry testId="f65e8bfb-f5dc-4e8a-944a-98fa318fad72" executionId="2a482546-0679-4627-9bf0-2fbecf59b63e" testListId="8c84fa94-04c1-424b-9868-57a2d4851a1d" /><TestEntry testId="5eeb4eeb-7fd0-46ba-9dd7-af011798d5f1" executionId="d856d86d-e009-4dfa-9eb9-6b0285d3386e" testListId="8c84fa94-04c1-424b-9868-57a2d4851a1d" /><TestEntry testId="ec911915-30a1-49fd-aae6-0c50d6086c3a" executionId="d2f26c6e-b9b9-4355-8f8a-2d7692180c10" testListId="8c84fa94-04c1-424b-9868-57a2d4851a1d" /><TestEntry testId="47c9d127-f72d-4f92-948f-03f4124249ad" executionId="668d3379-5cee-4686-a05d-1bd885b5c33b" testListId="8c84fa94-04c1-424b-9868-57a2d4851a1d" /><TestEntry testId="ed6b012f-4c78-41e8-82ea-b47dc49793f1" executionId="dc426405-142a-4098-9211-a15530d4dc2b" testListId="8c84fa94-04c1-424b-9868-57a2d4851a1d" /><TestEntry testId="7c584311-81ef-4903-8869-b8733ed340eb" executionId="a9373140-19e9-4eeb-aaed-e9a95def6d2b" testListId="8c84fa94-04c1-424b-9868-57a2d4851a1d" /><TestEntry testId="a89dc51c-baa0-4372-b530-fa0a8fcc52ca" executionId="eba0a0a2-a574-4fc3-a73f-8c85d856b310" testListId="8c84fa94-04c1-424b-9868-57a2d4851a1d" /><TestEntry testId="ce02f565-3394-4c8e-9455-f6ba3bef4c81" executionId="e172f3cf-3ae2-49ee-bbc6-7372386ea35b" testListId="8c84fa94-04c1-424b-9868-57a2d4851a1d" /><TestEntry testId="a8a5a343-7604-4ae8-b5eb-19947b74f680" executionId="b70273c9-046a-4153-bb4c-cbcb6c3b21fe" testListId="8c84fa94-04c1-424b-9868-57a2d4851a1d" /><TestEntry testId="f53da488-4318-4dab-9155-ae9faa4a3657" executionId="cb99c674-f90e-4487-ae1b-08dc994edcd7" testListId="8c84fa94-04c1-424b-9868-57a2d4851a1d" /><TestEntry testId="5e752669-b72c-406c-b6ef-6dc868b60382" executionId="393da77d-27dc-46d0-9438-bf1753f1303a" testListId="8c84fa94-04c1-424b-9868-57a2d4851a1d" /><TestEntry testId="1c3f3a07-4eb8-42f5-be8d-2e4a19191a52" executionId="5aa13bdf-6cc2-4dde-8fc2-502d4f99397c" testListId="8c84fa94-04c1-424b-9868-57a2d4851a1d" /><TestEntry testId="f4d19e2f-6d45-4bda-8faa-52fb393aca86" executionId="6ec7a667-1dd6-46cd-a14a-0622a7a1fe05" testListId="8c84fa94-04c1-424b-9868-57a2d4851a1d" /><TestEntry testId="30e541ed-2f12-4dd1-857c-be1dd40c2dfd" executionId="6ec7b596-9cbe-457b-bc1b-d607beb5a271" testListId="8c84fa94-04c1-424b-9868-57a2d4851a1d" /><TestEntry testId="9161a66c-3c2a-40d1-95cc-db1053e23e6f" executionId="28432a1a-2468-4899-bb7f-f2cab21cc13c" testListId="8c84fa94-04c1-424b-9868-57a2d4851a1d" /><TestEntry testId="fa61b316-9b8d-4411-a9f1-0df23cf58d8e" executionId="d83a560d-a05a-402b-8e12-08ff0886119f" testListId="8c84fa94-04c1-424b-9868-57a2d4851a1d" /><TestEntry testId="6f338d42-34e6-4031-ba4c-c8cee48ed0e0" executionId="04931a5d-7d58-422a-94e4-c2f837dd3bbd" testListId="8c84fa94-04c1-424b-9868-57a2d4851a1d" /><TestEntry testId="c287e687-0c03-4cd1-92ed-06ac0d6d8260" executionId="4d15c396-4906-4b34-8811-61a6f22f9e51" testListId="8c84fa94-04c1-424b-9868-57a2d4851a1d" /><TestEntry testId="28cdee49-037e-4497-8389-93590b1afe64" executionId="91676f4c-77eb-4d65-ad08-8c904f10f20d" testListId="8c84fa94-04c1-424b-9868-57a2d4851a1d" /><TestEntry testId="f592b6ea-c1b9-4fb0-a1d6-69dcff1d0921" executionId="8d265fdf-5c6a-4210-8c8c-17aa98d809d4" testListId="8c84fa94-04c1-424b-9868-57a2d4851a1d" /><TestEntry testId="744b4e77-b9e4-4a56-abf3-eaa5363e4cf9" executionId="c0881e29-dd32-4df2-8e03-2bcff7cbf84d" testListId="8c84fa94-04c1-424b-9868-57a2d4851a1d" /><TestEntry testId="aa46c9f7-1fd6-4d8d-996c-90e077fa6dc6" executionId="ef83fa90-1b5b-4128-a619-7a83a029f16d" testListId="8c84fa94-04c1-424b-9868-57a2d4851a1d" /><TestEntry testId="31016503-c6dd-41c8-91bb-23be8dd85709" executionId="e2e2eba5-4fe2-4d96-9596-2ec0c1aeff4e" testListId="8c84fa94-04c1-424b-9868-57a2d4851a1d" /><TestEntry testId="ddf2ad05-2aea-4f67-97c3-27f5a2b1c809" executionId="0b7ee156-aaf6-4a66-95fb-31298ddfb9d4" testListId="8c84fa94-04c1-424b-9868-57a2d4851a1d" /><TestEntry testId="7673cf2c-76bd-46de-bfa3-7173393ca4b1" executionId="b5f7277f-c6b5-46c0-b756-ab5d9abbe59f" testListId="8c84fa94-04c1-424b-9868-57a2d4851a1d" /><TestEntry testId="16b6c588-de63-4f5a-9c36-fcd168af6f78" executionId="9145e58b-624e-4728-8858-5421cb4b3731" testListId="8c84fa94-04c1-424b-9868-57a2d4851a1d" /><TestEntry testId="43de9f68-9daa-455a-85f2-f0e5fce4bb91" executionId="21429a90-0d92-4632-b7ee-102d634f8662" testListId="8c84fa94-04c1-424b-9868-57a2d4851a1d" /><TestEntry testId="18d610dc-5e36-4d66-97a5-457e246b831f" executionId="5ad3f04f-5f7b-4550-bff5-e0218187894b" testListId="8c84fa94-04c1-424b-9868-57a2d4851a1d" /><TestEntry testId="b9a28544-c71b-41e5-a4c4-ecb937a7055d" executionId="24a82952-cdfd-4452-91d2-bc24ec998157" testListId="8c84fa94-04c1-424b-9868-57a2d4851a1d" /><TestEntry testId="519a5f4d-19f8-4ce7-b758-80b9f219ae5e" executionId="c28bea87-4635-478e-9f22-8d9b9b7e4d69" testListId="8c84fa94-04c1-424b-9868-57a2d4851a1d" /><TestEntry testId="5be7e255-e209-43fc-b146-5ba9154da75b" executionId="e2e52c99-5ea4-41a2-bd63-59563a510b10" testListId="8c84fa94-04c1-424b-9868-57a2d4851a1d" /><TestEntry testId="e7d427e9-8c76-4b21-b878-80bd55a19c1a" executionId="41cfe4eb-5a5d-40aa-a5df-0c6c178fbac7" testListId="8c84fa94-04c1-424b-9868-57a2d4851a1d" /><TestEntry testId="00c34810-49da-495d-a40f-29586b7267e1" executionId="8ae2853c-690e-4977-b023-9b96bc449b75" testListId="8c84fa94-04c1-424b-9868-57a2d4851a1d" /><TestEntry testId="14798c74-031b-43ce-b43f-bef22b42f969" executionId="d8f04b90-1407-439c-ad31-ddbb4e7f63a8" testListId="8c84fa94-04c1-424b-9868-57a2d4851a1d" /><TestEntry testId="5bf7aa50-6250-4e31-abf6-b27baeb57ab2" executionId="c48ad275-87e6-44a4-97a4-f3672faf4b66" testListId="8c84fa94-04c1-424b-9868-57a2d4851a1d" /><TestEntry testId="9a5933c0-b438-4f89-b7f6-a093a3c0b85c" executionId="58e64461-8bcd-4f1b-a668-2729103c757d" testListId="8c84fa94-04c1-424b-9868-57a2d4851a1d" /><TestEntry testId="2decc1b9-eaa3-458c-8b17-6d5381e419d3" executionId="b2bba5ab-63eb-4a66-8238-e5e1ac15d02b" testListId="8c84fa94-04c1-424b-9868-57a2d4851a1d" /><TestEntry testId="b5c92de9-955e-4de5-9f01-d05225895350" executionId="b6b97a3e-3f9a-40eb-8948-4c2ddd16031a" testListId="8c84fa94-04c1-424b-9868-57a2d4851a1d" /><TestEntry testId="3ea46755-9815-4c16-abac-42a77d65c24d" executionId="be72d8b6-d651-470e-9264-b5fa4e15c612" testListId="8c84fa94-04c1-424b-9868-57a2d4851a1d" /><TestEntry testId="561f259c-efde-4e96-9a62-c7fa4ad9b81a" executionId="4d23d68f-cd11-4585-b72e-80a42afae1c1" testListId="8c84fa94-04c1-424b-9868-57a2d4851a1d" /><TestEntry testId="ac52f6e6-2c30-4906-a524-19527ec08c54" executionId="50c34a63-2f55-41a4-89fd-b096c9cba8e7" testListId="8c84fa94-04c1-424b-9868-57a2d4851a1d" /><TestEntry testId="58c65ce8-afd7-480e-b34b-e09d547d62d4" executionId="2cd2eeb1-cce2-426e-83db-aea9befc1c98" testListId="8c84fa94-04c1-424b-9868-57a2d4851a1d" /><TestEntry testId="86e2624b-58b2-41ed-99b9-ad612ad890a4" executionId="d613e2da-0d0b-4658-8d43-1d9bd035dcde" testListId="8c84fa94-04c1-424b-9868-57a2d4851a1d" /><TestEntry testId="001ca607-21c4-4046-be9a-6806fc197981" executionId="c8ed6f26-b03e-4f9c-a2a4-7b4f523b13a5" testListId="8c84fa94-04c1-424b-9868-57a2d4851a1d" /><TestEntry testId="02c4e93b-26d2-417b-a862-c093a9594fd3" executionId="92cfab0d-79dc-45c6-889c-10ea67bf3acf" testListId="8c84fa94-04c1-424b-9868-57a2d4851a1d" /><TestEntry testId="1aeed65a-6347-4144-9869-0a035160176e" executionId="5e4fcd05-f392-4c64-ae9e-14e7a61b0d5a" testListId="8c84fa94-04c1-424b-9868-57a2d4851a1d" /><TestEntry testId="9cdae65d-9e19-4780-af7b-df52bdf4568a" executionId="e62d3c71-64ec-42d4-8848-7077177d44ac" testListId="8c84fa94-04c1-424b-9868-57a2d4851a1d" /><TestEntry testId="dde47129-6c49-4a83-9bc2-8b6546c0892c" executionId="84e20cca-98cc-484c-ab31-e82ed34bc597" testListId="8c84fa94-04c1-424b-9868-57a2d4851a1d" /><TestEntry testId="5774a81b-081c-494a-bb6c-a8c8196afd86" executionId="adc411f3-f6fc-4313-89de-a057bf6e3c89" testListId="8c84fa94-04c1-424b-9868-57a2d4851a1d" /><TestEntry testId="4eb39209-3b57-4f12-a7d1-e74a57c831fa" executionId="0ea75353-bfed-4601-841a-4efbd8380295" testListId="8c84fa94-04c1-424b-9868-57a2d4851a1d" /><TestEntry testId="27109004-0fec-40b2-b351-3ce4ed055b83" executionId="7575040e-0adb-4ba7-b603-8020a7de0481" testListId="8c84fa94-04c1-424b-9868-57a2d4851a1d" /><TestEntry testId="26c01a2e-8f8a-4680-985f-bb9cc06f5f73" executionId="88a28afd-e452-4e1b-bb74-eb8d2d3126e8" testListId="8c84fa94-04c1-424b-9868-57a2d4851a1d" /><TestEntry testId="55520f9d-d3d2-4fcf-8f68-e11534014493" executionId="d7e89bf0-a5c8-4c4c-8e3e-4e1d208b3aa9" testListId="8c84fa94-04c1-424b-9868-57a2d4851a1d" /><TestEntry testId="fad065c0-ead4-4641-8690-21acb8c80a5a" executionId="040b23e3-994c-4bb1-bf26-bf539bc1f3fa" testListId="8c84fa94-04c1-424b-9868-57a2d4851a1d" /><TestEntry testId="23322ba0-7396-45cb-a000-216c3476050f" executionId="1e2dfcf6-9e9f-4172-9c9b-424d907401f5" testListId="8c84fa94-04c1-424b-9868-57a2d4851a1d" /><TestEntry testId="a3d1186d-e7d2-4dcc-b13c-32c220244c79" executionId="e0dc2c82-2c98-4e1a-bf29-f1b63fa8cd61" testListId="8c84fa94-04c1-424b-9868-57a2d4851a1d" /><TestEntry testId="594136a6-5250-4bcd-9fbe-d196ca82900b" executionId="f9354fe1-ad17-4792-b970-b9ad815732a2" testListId="8c84fa94-04c1-424b-9868-57a2d4851a1d" /><TestEntry testId="00dfc626-2452-40b1-9ffa-eaa17123c464" executionId="1daffcf5-7a48-4c4d-aaa0-34599686c6a1" testListId="8c84fa94-04c1-424b-9868-57a2d4851a1d" /><TestEntry testId="81d38b1f-ca39-4672-b720-500b18c375c6" executionId="4b76450f-8ebe-499c-ae8b-fbe895014871" testListId="8c84fa94-04c1-424b-9868-57a2d4851a1d" /><TestEntry testId="7c84301e-9c2f-485e-8c13-e4d0486b581f" executionId="ade1f121-c259-487e-809f-8dc5232cfc82" testListId="8c84fa94-04c1-424b-9868-57a2d4851a1d" /><TestEntry testId="344aaf94-9e1d-4977-95d6-6b0954c359da" executionId="00498dc0-4ed6-447f-927f-3a7ef74ba852" testListId="8c84fa94-04c1-424b-9868-57a2d4851a1d" /><TestEntry testId="3f011599-39a9-460e-8284-898fdf95b036" executionId="c2ed9ef9-497b-44fc-80d7-73466fabf1c2" testListId="8c84fa94-04c1-424b-9868-57a2d4851a1d" /><TestEntry testId="70868583-45da-4e32-ba73-dc1b8be7a36d" executionId="b1aedd56-7011-4cc3-8f18-5588c5b40107" testListId="8c84fa94-04c1-424b-9868-57a2d4851a1d" /><TestEntry testId="12435e68-5dc0-4759-a48f-62d35d4a436b" executionId="de5d88c2-0873-4b5c-acd3-890f580e1332" testListId="8c84fa94-04c1-424b-9868-57a2d4851a1d" /><TestEntry testId="1a9d6c58-2455-4232-9573-27e001b3e4ab" executionId="86570e22-247a-441a-8c0d-3bd94997d095" testListId="8c84fa94-04c1-424b-9868-57a2d4851a1d" /></TestEntries><TestLists><TestList name="Results Not in a List" id="8c84fa94-04c1-424b-9868-57a2d4851a1d" /><TestList name="All Loaded Results" id="19431567-8539-422a-85d7-44ee4e166bda" /></TestLists><ResultSummary outcome="Completed"><Counters total="152" executed="152" passed="152" failed="0" error="0" timeout="0" aborted="0" inconclusive="0" passedButRunAborted="0" notRunnable="0" notExecuted="0" disconnected="0" warning="0" completed="0" inProgress="0" pending="0" /><Output><StdOut>[xUnit.net 00:00:01.7797995]   Discovering: ModelRelief.Test[xUnit.net 00:00:01.8830874]   Discovered:  ModelRelief.Test[xUnit.net 00:00:01.8900193]   Starting:    ModelRelief.Test[xUnit.net 00:00:53.8193404]   Finished:    ModelRelief.Test</StdOut></Output></ResultSummary></TestRun>