<?xml version="1.0" encoding="utf-8"?><TestRun id="6bcffda6-3cb7-4e50-ac70-2034a3fa2ffb" name="Steve Knipmeyer@VECTOR 2018-07-24 11:07:28" runUser="VECTOR\Steve Knipmeyer" xmlns="http://microsoft.com/schemas/VisualStudio/TeamTest/2010"><Times creation="2018-07-24T11:07:28.8528914-04:00" queuing="2018-07-24T11:07:28.8529065-04:00" start="2018-07-24T11:07:24.8353241-04:00" finish="2018-07-24T11:08:04.3316281-04:00" /><TestSettings name="default" id="372ab86b-8cd2-4987-8831-dc663826ed18"><Deployment runDeploymentRoot="Steve_Knipmeyer_VECTOR_2018-07-24_11_07_28" /></TestSettings><Results><UnitTestResult executionId="84da525c-c762-41ea-9196-5ead737d5b65" testId="abbc830a-95cc-4789-88a2-56749cd8e543" testName="GetList_ListReturnsCorrectCount" computerName="VECTOR" duration="00:00:00.1190000" startTime="2018-07-24T11:07:55.2732156-04:00" endTime="2018-07-24T11:07:55.2732238-04:00" testType="13cdc9d9-ddb5-4fa4-a97d-d965ccfc6d4b" outcome="Passed" testListId="8c84fa94-04c1-424b-9868-57a2d4851a1d" relativeResultsDirectory="84da525c-c762-41ea-9196-5ead737d5b65" /><UnitTestResult executionId="fdeee32c-023c-4d43-91fe-b15e5acb192f" testId="f99043bc-3061-49f8-9731-fdbf9f6d0853" testName="Patch_ValidReferencePropertyUpdatesModel" computerName="VECTOR" duration="00:00:00.2730000" startTime="2018-07-24T11:07:36.8591526-04:00" endTime="2018-07-24T11:07:36.8591611-04:00" testType="13cdc9d9-ddb5-4fa4-a97d-d965ccfc6d4b" outcome="Passed" testListId="8c84fa94-04c1-424b-9868-57a2d4851a1d" relativeResultsDirectory="fdeee32c-023c-4d43-91fe-b15e5acb192f" /><UnitTestResult executionId="915a6ef1-7dbd-4d09-b1bc-272e146323ce" testId="1ce07e7a-e9a4-4c43-b783-c05f1e7c5e39" testName="LucyModel3dHasTwoDependents" computerName="VECTOR" duration="00:00:00.3700000" startTime="2018-07-24T11:07:28.2727111-04:00" endTime="2018-07-24T11:07:28.2727167-04:00" testType="13cdc9d9-ddb5-4fa4-a97d-d965ccfc6d4b" outcome="Passed" testListId="8c84fa94-04c1-424b-9868-57a2d4851a1d" relativeResultsDirectory="915a6ef1-7dbd-4d09-b1bc-272e146323ce" /><UnitTestResult executionId="6a75bd77-f6b9-44db-95be-63c13cec953d" testId="638e2dc1-8ec6-4eb0-b68c-732ce5d2b6b1" testName="Patch_MultipleInvalidReferencePropertiesReturnsMultipleValidationErrorsAndBadRequest" computerName="VECTOR" duration="00:00:00.0360000" startTime="2018-07-24T11:07:32.6360822-04:00" endTime="2018-07-24T11:07:32.6360907-04:00" testType="13cdc9d9-ddb5-4fa4-a97d-d965ccfc6d4b" outcome="Passed" testListId="8c84fa94-04c1-424b-9868-57a2d4851a1d" relativeResultsDirectory="6a75bd77-f6b9-44db-95be-63c13cec953d" /><UnitTestResult executionId="8bd035cc-73d3-42b9-b5c1-76da93e6c2c4" testId="dc15f145-d620-423b-8a73-08f8e506afc5" testName="GetFile_ExistingFileReturnsSuccess" computerName="VECTOR" duration="00:00:00.0250000" startTime="2018-07-24T11:07:45.4319053-04:00" endTime="2018-07-24T11:07:45.4319147-04:00" testType="13cdc9d9-ddb5-4fa4-a97d-d965ccfc6d4b" outcome="Passed" testListId="8c84fa94-04c1-424b-9868-57a2d4851a1d" relativeResultsDirectory="8bd035cc-73d3-42b9-b5c1-76da93e6c2c4" /><UnitTestResult executionId="b36eb772-a74e-4e78-98f6-bc8628bc2fa6" testId="ada95d3f-a120-451b-ab6f-70da32d8f3d6" testName="Post_InvalidPropertyValueReturnsBadRequest" computerName="VECTOR" duration="00:00:00.0100000" startTime="2018-07-24T11:07:30.4011520-04:00" endTime="2018-07-24T11:07:30.4011614-04:00" testType="13cdc9d9-ddb5-4fa4-a97d-d965ccfc6d4b" outcome="Passed" testListId="8c84fa94-04c1-424b-9868-57a2d4851a1d" relativeResultsDirectory="b36eb772-a74e-4e78-98f6-bc8628bc2fa6" /><UnitTestResult executionId="69b42ac9-7d7e-4be0-acad-0a93917d0800" testId="ba5abe72-a3db-40c9-97c2-2e7f930f2c49" testName="Put_InvalidReferencePropertyReturndBadRequest" computerName="VECTOR" duration="00:00:00.0180000" startTime="2018-07-24T11:08:03.0312484-04:00" endTime="2018-07-24T11:08:03.0312558-04:00" testType="13cdc9d9-ddb5-4fa4-a97d-d965ccfc6d4b" outcome="Passed" testListId="8c84fa94-04c1-424b-9868-57a2d4851a1d" relativeResultsDirectory="69b42ac9-7d7e-4be0-acad-0a93917d0800" /><UnitTestResult executionId="5ecb70d1-d3ef-49d6-936c-95a9d2c70029" testId="1f452e69-3adf-4ff5-af92-fe568ae5bf7f" testName="Put_CanUpdateModel" computerName="VECTOR" duration="00:00:00.3560000" startTime="2018-07-24T11:07:57.4732583-04:00" endTime="2018-07-24T11:07:57.4732654-04:00" testType="13cdc9d9-ddb5-4fa4-a97d-d965ccfc6d4b" outcome="Passed" testListId="8c84fa94-04c1-424b-9868-57a2d4851a1d" relativeResultsDirectory="5ecb70d1-d3ef-49d6-936c-95a9d2c70029" /><UnitTestResult executionId="65034661-6869-4cd3-8203-4741e0dd77a2" testId="aafcf524-fc0b-494e-889f-8acbde88b31a" testName="Patch_InvalidReferencePropertyReturnsBadRequest" computerName="VECTOR" duration="00:00:00.0180000" startTime="2018-07-24T11:07:35.9613294-04:00" endTime="2018-07-24T11:07:35.9613356-04:00" testType="13cdc9d9-ddb5-4fa4-a97d-d965ccfc6d4b" outcome="Passed" testListId="8c84fa94-04c1-424b-9868-57a2d4851a1d" relativeResultsDirectory="65034661-6869-4cd3-8203-4741e0dd77a2" /><UnitTestResult executionId="62612752-5f5e-4687-b29d-ddb24b56bdb8" testId="9465ec39-8b39-4786-8bb0-530cb9aba875" testName="Patch_InvalidIdPropertyReturnsNotFound" computerName="VECTOR" duration="00:00:00.0190000" startTime="2018-07-24T11:07:32.2124504-04:00" endTime="2018-07-24T11:07:32.2124572-04:00" testType="13cdc9d9-ddb5-4fa4-a97d-d965ccfc6d4b" outcome="Passed" testListId="8c84fa94-04c1-424b-9868-57a2d4851a1d" relativeResultsDirectory="62612752-5f5e-4687-b29d-ddb24b56bdb8" /><UnitTestResult executionId="cde0c725-7403-491b-973d-78958da44f7a" testId="5e72fb08-b96a-4bf7-a89a-a3e36270563b" testName="FileRequest_FileCanBeReadAfterRename" computerName="VECTOR" duration="00:00:00.4660000" startTime="2018-07-24T11:07:55.1316333-04:00" endTime="2018-07-24T11:07:55.1316398-04:00" testType="13cdc9d9-ddb5-4fa4-a97d-d965ccfc6d4b" outcome="Passed" testListId="8c84fa94-04c1-424b-9868-57a2d4851a1d" relativeResultsDirectory="cde0c725-7403-491b-973d-78958da44f7a" /><UnitTestResult executionId="053336cc-68b8-4547-b631-88f9762d5162" testId="498aaf21-484b-4e87-936e-d41241735521" testName="GetFile_FileCanBeRoundTripped" computerName="VECTOR" duration="00:00:00.3570000" startTime="2018-07-24T11:07:44.9651722-04:00" endTime="2018-07-24T11:07:44.9651793-04:00" testType="13cdc9d9-ddb5-4fa4-a97d-d965ccfc6d4b" outcome="Passed" testListId="8c84fa94-04c1-424b-9868-57a2d4851a1d" relativeResultsDirectory="053336cc-68b8-4547-b631-88f9762d5162" /><UnitTestResult executionId="558786ea-562b-4a95-b8d3-15a7559fe46f" testId="8b1befea-2ced-4d7f-912c-19aeea9e9879" testName="GetSingle_ValidIdPropertyValueReturnsCorrectModel" computerName="VECTOR" duration="00:00:00.0130000" startTime="2018-07-24T11:07:41.5492477-04:00" endTime="2018-07-24T11:07:41.5492608-04:00" testType="13cdc9d9-ddb5-4fa4-a97d-d965ccfc6d4b" outcome="Passed" testListId="8c84fa94-04c1-424b-9868-57a2d4851a1d" relativeResultsDirectory="558786ea-562b-4a95-b8d3-15a7559fe46f" /><UnitTestResult executionId="faf656c5-be0b-44ba-8486-687325a754c9" testId="0a2a8792-25b7-47a5-88b0-46d26a5d512a" testName="PostFile_FileIsSynchronizedIsUpdatedAfterFileIsPosted" computerName="VECTOR" duration="00:00:00.2910000" startTime="2018-07-24T11:08:01.5560813-04:00" endTime="2018-07-24T11:08:01.5560889-04:00" testType="13cdc9d9-ddb5-4fa4-a97d-d965ccfc6d4b" outcome="Passed" testListId="8c84fa94-04c1-424b-9868-57a2d4851a1d" relativeResultsDirectory="faf656c5-be0b-44ba-8486-687325a754c9" /><UnitTestResult executionId="e38238a1-3d6d-4555-b74c-d146e4e6b875" testId="ca679d4b-38d5-488e-94d2-ce679256595b" testName="FileRequest_FileCanBeReadAfterRename" computerName="VECTOR" duration="00:00:00.4170000" startTime="2018-07-24T11:07:59.8391690-04:00" endTime="2018-07-24T11:07:59.8391755-04:00" testType="13cdc9d9-ddb5-4fa4-a97d-d965ccfc6d4b" outcome="Passed" testListId="8c84fa94-04c1-424b-9868-57a2d4851a1d" relativeResultsDirectory="e38238a1-3d6d-4555-b74c-d146e4e6b875" /><UnitTestResult executionId="298e9c38-968a-4609-a260-0041dafb5127" testId="83699900-4633-41b3-8a8d-453b3ea1838b" testName="Patch_MultipleInvalidReferencePropertiesReturnsMultipleValidationErrorsAndBadRequest" computerName="VECTOR" duration="00:00:00.0270000" startTime="2018-07-24T11:08:03.2088281-04:00" endTime="2018-07-24T11:08:03.2088355-04:00" testType="13cdc9d9-ddb5-4fa4-a97d-d965ccfc6d4b" outcome="Passed" testListId="8c84fa94-04c1-424b-9868-57a2d4851a1d" relativeResultsDirectory="298e9c38-968a-4609-a260-0041dafb5127" /><UnitTestResult executionId="cc9efd39-14c7-4f5f-ab63-fdb29e94c773" testId="f51c63c6-7743-4065-9ff6-e20fae70799d" testName="GetSingle_ValidIdPropertyValueReturnsCorrectModel" computerName="VECTOR" duration="00:00:00.0070000" startTime="2018-07-24T11:07:31.6030769-04:00" endTime="2018-07-24T11:07:31.6030840-04:00" testType="13cdc9d9-ddb5-4fa4-a97d-d965ccfc6d4b" outcome="Passed" testListId="8c84fa94-04c1-424b-9868-57a2d4851a1d" relativeResultsDirectory="cc9efd39-14c7-4f5f-ab63-fdb29e94c773" /><UnitTestResult executionId="e7bda77f-5eec-4f8c-b0d0-fd0022f5e350" testId="39438746-b848-4257-b9ce-1955aae834e5" testName="PostFile_NewFileCanBePosted" computerName="VECTOR" duration="00:00:00.3090000" startTime="2018-07-24T11:07:47.1574370-04:00" endTime="2018-07-24T11:07:47.1574438-04:00" testType="13cdc9d9-ddb5-4fa4-a97d-d965ccfc6d4b" outcome="Passed" testListId="8c84fa94-04c1-424b-9868-57a2d4851a1d" relativeResultsDirectory="e7bda77f-5eec-4f8c-b0d0-fd0022f5e350" /><UnitTestResult executionId="59d6db45-900d-4cb4-a389-1c2b45ba6329" testId="e763e778-f855-45eb-8972-a054897132be" testName="PutFile_NewFileCanBePut" computerName="VECTOR" duration="00:00:00.3760000" startTime="2018-07-24T11:07:33.4918175-04:00" endTime="2018-07-24T11:07:33.4918246-04:00" testType="13cdc9d9-ddb5-4fa4-a97d-d965ccfc6d4b" outcome="Passed" testListId="8c84fa94-04c1-424b-9868-57a2d4851a1d" relativeResultsDirectory="59d6db45-900d-4cb4-a389-1c2b45ba6329" /><UnitTestResult executionId="7ed0a083-f2ca-4fa4-b279-a3baad6baa1e" testId="662c4be5-260e-4f09-9269-49812c9ec8a0" testName="Post_ValidReferencePropertyCreatesModel" computerName="VECTOR" duration="00:00:00.2390000" startTime="2018-07-24T11:07:36.5590372-04:00" endTime="2018-07-24T11:07:36.5590437-04:00" testType="13cdc9d9-ddb5-4fa4-a97d-d965ccfc6d4b" outcome="Passed" testListId="8c84fa94-04c1-424b-9868-57a2d4851a1d" relativeResultsDirectory="7ed0a083-f2ca-4fa4-b279-a3baad6baa1e" /><UnitTestResult executionId="aa6af114-2832-4bf0-ad5c-0dbae07a9ae1" testId="a3991b67-fcac-41bb-83ff-0ddce0ba304c" testName="Put_ValidReferencePropertyUpdatesModel" computerName="VECTOR" duration="00:00:00.3210000" startTime="2018-07-24T11:08:03.8384506-04:00" endTime="2018-07-24T11:08:03.8384565-04:00" testType="13cdc9d9-ddb5-4fa4-a97d-d965ccfc6d4b" outcome="Passed" testListId="8c84fa94-04c1-424b-9868-57a2d4851a1d" relativeResultsDirectory="aa6af114-2832-4bf0-ad5c-0dbae07a9ae1" /><UnitTestResult executionId="7bf26d1f-b25b-4ade-8c69-e313acf64303" testId="262931a0-a514-4216-b1e6-4495be87d0f4" testName="Post_ValidReferencePropertyCreatesModel" computerName="VECTOR" duration="00:00:00.1790000" startTime="2018-07-24T11:07:57.1164775-04:00" endTime="2018-07-24T11:07:57.1164854-04:00" testType="13cdc9d9-ddb5-4fa4-a97d-d965ccfc6d4b" outcome="Passed" testListId="8c84fa94-04c1-424b-9868-57a2d4851a1d" relativeResultsDirectory="7bf26d1f-b25b-4ade-8c69-e313acf64303" /><UnitTestResult executionId="ffdc47de-d1b9-4150-a60c-ef49c1f0099a" testId="23fcdea3-ec3d-4633-8323-201ace67e68c" testName="PostFile_FileIsSynchronizedIsUpdatedAfterFileIsPosted" computerName="VECTOR" duration="00:00:00.3750000" startTime="2018-07-24T11:07:54.6648049-04:00" endTime="2018-07-24T11:07:54.6648143-04:00" testType="13cdc9d9-ddb5-4fa4-a97d-d965ccfc6d4b" outcome="Passed" testListId="8c84fa94-04c1-424b-9868-57a2d4851a1d" relativeResultsDirectory="ffdc47de-d1b9-4150-a60c-ef49c1f0099a" /><UnitTestResult executionId="aa1bcebe-4dfe-4393-b256-fabeca6baa0f" testId="b9f359bd-dbec-4f77-b194-abd17b65a16c" testName="GetSingle_InvalidIdPropertyValueReturnsNotFound" computerName="VECTOR" duration="00:00:00.0120000" startTime="2018-07-24T11:07:56.9352852-04:00" endTime="2018-07-24T11:07:56.9352940-04:00" testType="13cdc9d9-ddb5-4fa4-a97d-d965ccfc6d4b" outcome="Passed" testListId="8c84fa94-04c1-424b-9868-57a2d4851a1d" relativeResultsDirectory="aa1bcebe-4dfe-4393-b256-fabeca6baa0f" /><UnitTestResult executionId="f94f08a5-1e69-4966-b2b3-4253adcfa5ac" testId="bb4c020c-cec0-4959-8fc5-77d2b3027550" testName="Post_InvalidReferencePropertyReturnsBadRequest" computerName="VECTOR" duration="00:00:00.0840000" startTime="2018-07-24T11:07:30.4862873-04:00" endTime="2018-07-24T11:07:30.4862967-04:00" testType="13cdc9d9-ddb5-4fa4-a97d-d965ccfc6d4b" outcome="Passed" testListId="8c84fa94-04c1-424b-9868-57a2d4851a1d" relativeResultsDirectory="f94f08a5-1e69-4966-b2b3-4253adcfa5ac" /><UnitTestResult executionId="fa815f73-68ad-444c-977b-2c70098054e5" testId="4770151f-4ce9-4180-b8e0-ebc6891c9ba0" testName="Patch_InvalidEnumPropertyValueReturnsBadRequest" computerName="VECTOR" duration="00:00:00.0120000" startTime="2018-07-24T11:07:40.5372510-04:00" endTime="2018-07-24T11:07:40.5372572-04:00" testType="13cdc9d9-ddb5-4fa4-a97d-d965ccfc6d4b" outcome="Passed" testListId="8c84fa94-04c1-424b-9868-57a2d4851a1d" relativeResultsDirectory="fa815f73-68ad-444c-977b-2c70098054e5" /><UnitTestResult executionId="d892b4c0-197c-42c3-9dda-312ee9b18f13" testId="d7acbc93-aab1-4a7a-9a3e-94d90de924c2" testName="MeshTransformHasExpectedDependentFiles" computerName="VECTOR" duration="00:00:00.0010000" startTime="2018-07-24T11:07:28.2802217-04:00" endTime="2018-07-24T11:07:28.2802229-04:00" testType="13cdc9d9-ddb5-4fa4-a97d-d965ccfc6d4b" outcome="Passed" testListId="8c84fa94-04c1-424b-9868-57a2d4851a1d" relativeResultsDirectory="d892b4c0-197c-42c3-9dda-312ee9b18f13" /><UnitTestResult executionId="8670b434-b202-4c2c-adb4-4b973e782c67" testId="44c6c924-1d93-40e4-81c2-18290ecce0ef" testName="Post_InvalidReferencePropertyReturnsBadRequest" computerName="VECTOR" duration="00:00:00.0070000" startTime="2018-07-24T11:07:37.4765019-04:00" endTime="2018-07-24T11:07:37.4765081-04:00" testType="13cdc9d9-ddb5-4fa4-a97d-d965ccfc6d4b" outcome="Passed" testListId="8c84fa94-04c1-424b-9868-57a2d4851a1d" relativeResultsDirectory="8670b434-b202-4c2c-adb4-4b973e782c67" /><UnitTestResult executionId="4cebdb88-4c02-4206-a98f-236fd51c8456" testId="64d2ac59-3ab4-4ab2-8422-98c342e0ed92" testName="Model3dHasExpectedDependentFiles" computerName="VECTOR" duration="00:00:00.0340000" startTime="2018-07-24T11:07:27.9056510-04:00" endTime="2018-07-24T11:07:27.9056607-04:00" testType="13cdc9d9-ddb5-4fa4-a97d-d965ccfc6d4b" outcome="Passed" testListId="8c84fa94-04c1-424b-9868-57a2d4851a1d" relativeResultsDirectory="4cebdb88-4c02-4206-a98f-236fd51c8456" /><UnitTestResult executionId="bb7426f4-7791-47f9-a580-d64dccff41d8" testId="45e00f6b-d7ee-4f35-af35-e943b15bc5a2" testName="Delete_TargetModelIsDeleted" computerName="VECTOR" duration="00:00:00.2030000" startTime="2018-07-24T11:07:41.5356052-04:00" endTime="2018-07-24T11:07:41.5356146-04:00" testType="13cdc9d9-ddb5-4fa4-a97d-d965ccfc6d4b" outcome="Passed" testListId="8c84fa94-04c1-424b-9868-57a2d4851a1d" relativeResultsDirectory="bb7426f4-7791-47f9-a580-d64dccff41d8" /><UnitTestResult executionId="68775afc-d5b9-4112-8e58-3cef76b51cb1" testId="4f2201ad-159a-4bed-9e91-e9648c131505" testName="GetSingle_InvalidIdPropertyValueReturnsNotFound" computerName="VECTOR" duration="00:00:00.0090000" startTime="2018-07-24T11:07:30.0357221-04:00" endTime="2018-07-24T11:07:30.0357284-04:00" testType="13cdc9d9-ddb5-4fa4-a97d-d965ccfc6d4b" outcome="Passed" testListId="8c84fa94-04c1-424b-9868-57a2d4851a1d" relativeResultsDirectory="68775afc-d5b9-4112-8e58-3cef76b51cb1" /><UnitTestResult executionId="7400e524-f46e-4dc9-940c-8740289d3211" testId="9261ce27-498e-4e6e-88f4-5d4dbd3d75f8" testName="Patch_InvalidPropertyNameReturnsBadRequest" computerName="VECTOR" duration="00:00:00.0200000" startTime="2018-07-24T11:07:35.4715285-04:00" endTime="2018-07-24T11:07:35.4715353-04:00" testType="13cdc9d9-ddb5-4fa4-a97d-d965ccfc6d4b" outcome="Passed" testListId="8c84fa94-04c1-424b-9868-57a2d4851a1d" relativeResultsDirectory="7400e524-f46e-4dc9-940c-8740289d3211" /><UnitTestResult executionId="32681272-ddc2-4645-98d5-b27043fd0873" testId="4f45ca91-dc45-4439-bbee-4f84940e0ed4" testName="Patch_InvalidReferencePropertyReturnsBadRequest" computerName="VECTOR" duration="00:00:00.0330000" startTime="2018-07-24T11:07:41.1342666-04:00" endTime="2018-07-24T11:07:41.1342700-04:00" testType="13cdc9d9-ddb5-4fa4-a97d-d965ccfc6d4b" outcome="Passed" testListId="8c84fa94-04c1-424b-9868-57a2d4851a1d" relativeResultsDirectory="32681272-ddc2-4645-98d5-b27043fd0873" /><UnitTestResult executionId="5c9585c1-db58-4c68-8c54-ab4f79451b2d" testId="cc7d5ca9-5867-45c5-a061-9e61dcd0357f" testName="Patch_ValidReferencePropertyUpdatesModel" computerName="VECTOR" duration="00:00:00.9040000" startTime="2018-07-24T11:07:39.4578378-04:00" endTime="2018-07-24T11:07:39.4578463-04:00" testType="13cdc9d9-ddb5-4fa4-a97d-d965ccfc6d4b" outcome="Passed" testListId="8c84fa94-04c1-424b-9868-57a2d4851a1d" relativeResultsDirectory="5c9585c1-db58-4c68-8c54-ab4f79451b2d" /><UnitTestResult executionId="45b677a6-5359-4f05-a35d-13e9ede34cc3" testId="2f1d8dc3-e669-4629-a490-64766b368944" testName="Post_ValidReferencePropertyCreatesModel" computerName="VECTOR" duration="00:00:00.0020000" startTime="2018-07-24T11:07:28.8271763-04:00" endTime="2018-07-24T11:07:28.8271792-04:00" testType="13cdc9d9-ddb5-4fa4-a97d-d965ccfc6d4b" outcome="Passed" testListId="8c84fa94-04c1-424b-9868-57a2d4851a1d" relativeResultsDirectory="45b677a6-5359-4f05-a35d-13e9ede34cc3" /><UnitTestResult executionId="8309f321-c135-4554-8506-9dda0e65a48c" testId="658add53-e1da-4f3a-b344-3b7bcb986189" testName="Patch_MultipleInvalidReferencePropertiesReturnsMultipleValidationErrorsAndBadRequest" computerName="VECTOR" duration="00:00:00.0220000" startTime="2018-07-24T11:07:41.1884945-04:00" endTime="2018-07-24T11:07:41.1885027-04:00" testType="13cdc9d9-ddb5-4fa4-a97d-d965ccfc6d4b" outcome="Passed" testListId="8c84fa94-04c1-424b-9868-57a2d4851a1d" relativeResultsDirectory="8309f321-c135-4554-8506-9dda0e65a48c" /><UnitTestResult executionId="a29f92f9-8162-4679-bf26-dbbe8cd71bf2" testId="de34b4d0-59d4-418d-ad06-40d1d35b0299" testName="GetFile_FileCanBeRoundTripped" computerName="VECTOR" duration="00:00:00.4020000" startTime="2018-07-24T11:07:35.2726761-04:00" endTime="2018-07-24T11:07:35.2726875-04:00" testType="13cdc9d9-ddb5-4fa4-a97d-d965ccfc6d4b" outcome="Passed" testListId="8c84fa94-04c1-424b-9868-57a2d4851a1d" relativeResultsDirectory="a29f92f9-8162-4679-bf26-dbbe8cd71bf2" /><UnitTestResult executionId="6436021f-5abe-4bdb-8d6b-ac9969fae1fa" testId="878dc6d4-371e-450b-821d-577d8bf595b0" testName="Patch_InvalidReferencePropertyReturnsBadRequest" computerName="VECTOR" duration="00:00:00.0270000" startTime="2018-07-24T11:07:56.5845027-04:00" endTime="2018-07-24T11:07:56.5845126-04:00" testType="13cdc9d9-ddb5-4fa4-a97d-d965ccfc6d4b" outcome="Passed" testListId="8c84fa94-04c1-424b-9868-57a2d4851a1d" relativeResultsDirectory="6436021f-5abe-4bdb-8d6b-ac9969fae1fa" /><UnitTestResult executionId="a3571a9a-47c6-4647-8a28-27253ae0b214" testId="4efe7a11-8d04-40a3-a55d-b06606ce325c" testName="Put_InvalidReferencePropertyReturndBadRequest" computerName="VECTOR" duration="00:00:00.0190000" startTime="2018-07-24T11:07:36.5779656-04:00" endTime="2018-07-24T11:07:36.5779739-04:00" testType="13cdc9d9-ddb5-4fa4-a97d-d965ccfc6d4b" outcome="Passed" testListId="8c84fa94-04c1-424b-9868-57a2d4851a1d" relativeResultsDirectory="a3571a9a-47c6-4647-8a28-27253ae0b214" /><UnitTestResult executionId="82b5b8df-cc3b-41bb-bed6-c35016293777" testId="de013e2c-712e-4e3d-bdb9-0eb7769e7bab" testName="Delete_TargetModelIsDeleted" computerName="VECTOR" duration="00:00:00.1770000" startTime="2018-07-24T11:07:33.0758600-04:00" endTime="2018-07-24T11:07:33.0758719-04:00" testType="13cdc9d9-ddb5-4fa4-a97d-d965ccfc6d4b" outcome="Passed" testListId="8c84fa94-04c1-424b-9868-57a2d4851a1d" relativeResultsDirectory="82b5b8df-cc3b-41bb-bed6-c35016293777" /><UnitTestResult executionId="21d58728-2b1a-443d-bd48-ae0f4f6351c6" testId="29eadd51-4721-42fe-96b4-b80612230a63" testName="Patch_MultipleInvalidReferencePropertiesReturnsMultipleValidationErrorsAndBadRequest" computerName="VECTOR" duration="00:00:00.0220000" startTime="2018-07-24T11:07:35.7516701-04:00" endTime="2018-07-24T11:07:35.7516767-04:00" testType="13cdc9d9-ddb5-4fa4-a97d-d965ccfc6d4b" outcome="Passed" testListId="8c84fa94-04c1-424b-9868-57a2d4851a1d" relativeResultsDirectory="21d58728-2b1a-443d-bd48-ae0f4f6351c6" /><UnitTestResult executionId="15356df5-04d9-49f9-bd65-96fb3d702556" testId="bd5acc39-b31f-4ba0-abb6-91b09c51cf12" testName="GetList_ListReturnsCorrectCount" computerName="VECTOR" duration="00:00:00.0590000" startTime="2018-07-24T11:07:32.6958994-04:00" endTime="2018-07-24T11:07:32.6959062-04:00" testType="13cdc9d9-ddb5-4fa4-a97d-d965ccfc6d4b" outcome="Passed" testListId="8c84fa94-04c1-424b-9868-57a2d4851a1d" relativeResultsDirectory="15356df5-04d9-49f9-bd65-96fb3d702556" /><UnitTestResult executionId="9544db4a-b271-45ef-a8e8-048578d04a82" testId="45ab9e84-a639-4067-a323-3e76d5dfd5d9" testName="Put_ValidReferencePropertyUpdatesModel" computerName="VECTOR" duration="00:00:00.3090000" startTime="2018-07-24T11:07:36.3104366-04:00" endTime="2018-07-24T11:07:36.3104514-04:00" testType="13cdc9d9-ddb5-4fa4-a97d-d965ccfc6d4b" outcome="Passed" testListId="8c84fa94-04c1-424b-9868-57a2d4851a1d" relativeResultsDirectory="9544db4a-b271-45ef-a8e8-048578d04a82" /><UnitTestResult executionId="30147993-e17a-4e6b-9dbb-e253742214ef" testId="30725466-5a80-4015-8dcf-d5c1fe008559" testName="PutFile_NewFileCanBePut" computerName="VECTOR" duration="00:00:00.3600000" startTime="2018-07-24T11:07:41.9581458-04:00" endTime="2018-07-24T11:07:41.9581526-04:00" testType="13cdc9d9-ddb5-4fa4-a97d-d965ccfc6d4b" outcome="Passed" testListId="8c84fa94-04c1-424b-9868-57a2d4851a1d" relativeResultsDirectory="30147993-e17a-4e6b-9dbb-e253742214ef" /><UnitTestResult executionId="85abb68d-3f1d-45ab-ad02-9d9dd6696f1f" testId="356e8453-97ac-4ef7-ac25-a6828e91142d" testName="Delete_TargetModelIsDeleted" computerName="VECTOR" duration="00:00:00.2180000" startTime="2018-07-24T11:07:55.6512656-04:00" endTime="2018-07-24T11:07:55.6512730-04:00" testType="13cdc9d9-ddb5-4fa4-a97d-d965ccfc6d4b" outcome="Passed" testListId="8c84fa94-04c1-424b-9868-57a2d4851a1d" relativeResultsDirectory="85abb68d-3f1d-45ab-ad02-9d9dd6696f1f" /><UnitTestResult executionId="4a766b2e-9483-47a1-8dae-c05ab11fed6e" testId="da242b67-66a2-4502-b2c6-76053fb23cf9" testName="Put_InvalidIdReturnsNotFound" computerName="VECTOR" duration="00:00:00.0460000" startTime="2018-07-24T11:07:30.0147221-04:00" endTime="2018-07-24T11:07:30.0147292-04:00" testType="13cdc9d9-ddb5-4fa4-a97d-d965ccfc6d4b" outcome="Passed" testListId="8c84fa94-04c1-424b-9868-57a2d4851a1d" relativeResultsDirectory="4a766b2e-9483-47a1-8dae-c05ab11fed6e" /><UnitTestResult executionId="da30930e-978d-4943-a1e1-44ea3d6a73ae" testId="3f9dc67c-d39a-4814-9ff9-f25f28709fe9" testName="Put_InvalidIdReturnsNotFound" computerName="VECTOR" duration="00:00:00.5720000" startTime="2018-07-24T11:07:38.5531529-04:00" endTime="2018-07-24T11:07:38.5531615-04:00" testType="13cdc9d9-ddb5-4fa4-a97d-d965ccfc6d4b" outcome="Passed" testListId="8c84fa94-04c1-424b-9868-57a2d4851a1d" relativeResultsDirectory="da30930e-978d-4943-a1e1-44ea3d6a73ae" /><UnitTestResult executionId="9a492a33-52fd-42d2-97a4-d58f070cdcfd" testId="e1ecda48-1cd6-4525-8a79-66dd4381b3ad" testName="Put_InvalidReferencePropertyReturndBadRequest" computerName="VECTOR" duration="00:00:00.0380000" startTime="2018-07-24T11:07:33.1140509-04:00" endTime="2018-07-24T11:07:33.1140574-04:00" testType="13cdc9d9-ddb5-4fa4-a97d-d965ccfc6d4b" outcome="Passed" testListId="8c84fa94-04c1-424b-9868-57a2d4851a1d" relativeResultsDirectory="9a492a33-52fd-42d2-97a4-d58f070cdcfd" /><UnitTestResult executionId="35a472ef-f2b8-4ee9-ad32-31bc5fcc4e52" testId="234edc83-4758-4cb2-8846-ccd05c00bc8f" testName="Put_CanUpdateModel" computerName="VECTOR" duration="00:00:00.2750000" startTime="2018-07-24T11:07:37.4509577-04:00" endTime="2018-07-24T11:07:37.4509657-04:00" testType="13cdc9d9-ddb5-4fa4-a97d-d965ccfc6d4b" outcome="Passed" testListId="8c84fa94-04c1-424b-9868-57a2d4851a1d" relativeResultsDirectory="35a472ef-f2b8-4ee9-ad32-31bc5fcc4e52" /><UnitTestResult executionId="90191f3f-1ccd-4517-8e60-d26db46abb1d" testId="81992a4b-4477-4ae4-9196-2177dd033da1" testName="Put_InvalidReferencePropertyReturndBadRequest" computerName="VECTOR" duration="00:00:00.1490000" startTime="2018-07-24T11:07:55.4323244-04:00" endTime="2018-07-24T11:07:55.4323332-04:00" testType="13cdc9d9-ddb5-4fa4-a97d-d965ccfc6d4b" outcome="Passed" testListId="8c84fa94-04c1-424b-9868-57a2d4851a1d" relativeResultsDirectory="90191f3f-1ccd-4517-8e60-d26db46abb1d" /><UnitTestResult executionId="4cb40270-9dc5-4696-ac51-7df6187ae14f" testId="cfacbad0-c562-4986-8e95-77f3a6ba39dd" testName="GetSingle_ValidIdPropertyValueReturnsCorrectModel" computerName="VECTOR" duration="00:00:00.0130000" startTime="2018-07-24T11:08:02.2610502-04:00" endTime="2018-07-24T11:08:02.2610573-04:00" testType="13cdc9d9-ddb5-4fa4-a97d-d965ccfc6d4b" outcome="Passed" testListId="8c84fa94-04c1-424b-9868-57a2d4851a1d" relativeResultsDirectory="4cb40270-9dc5-4696-ac51-7df6187ae14f" /><UnitTestResult executionId="147e766f-06d3-4361-96d4-ccd4431a4cda" testId="1b567f08-52d3-4b82-94b5-3b0cb5305c7f" testName="Put_InvalidIdReturnsNotFound" computerName="VECTOR" duration="00:00:00.1610000" startTime="2018-07-24T11:07:35.4513782-04:00" endTime="2018-07-24T11:07:35.4513859-04:00" testType="13cdc9d9-ddb5-4fa4-a97d-d965ccfc6d4b" outcome="Passed" testListId="8c84fa94-04c1-424b-9868-57a2d4851a1d" relativeResultsDirectory="147e766f-06d3-4361-96d4-ccd4431a4cda" /><UnitTestResult executionId="5d89ea21-cd64-4f55-aa5b-76fe973fa4e3" testId="fe31e6fa-44a9-4826-b0c1-0e5d8eb3b729" testName="PutFile_FileCanBeUpdated" computerName="VECTOR" duration="00:00:00.6260000" startTime="2018-07-24T11:07:34.1183796-04:00" endTime="2018-07-24T11:07:34.1183876-04:00" testType="13cdc9d9-ddb5-4fa4-a97d-d965ccfc6d4b" outcome="Passed" testListId="8c84fa94-04c1-424b-9868-57a2d4851a1d" relativeResultsDirectory="5d89ea21-cd64-4f55-aa5b-76fe973fa4e3" /><UnitTestResult executionId="7bb73701-433e-4104-a6c6-8b62f3581d9e" testId="525e1c4e-b48a-4512-bb9b-762dbd252c01" testName="Patch_InvalidEnumPropertyValueReturnsBadRequest" computerName="VECTOR" duration="00:00:00.0010000" startTime="2018-07-24T11:07:36.5857095-04:00" endTime="2018-07-24T11:07:36.5857109-04:00" testType="13cdc9d9-ddb5-4fa4-a97d-d965ccfc6d4b" outcome="Passed" testListId="8c84fa94-04c1-424b-9868-57a2d4851a1d" relativeResultsDirectory="7bb73701-433e-4104-a6c6-8b62f3581d9e" /><UnitTestResult executionId="a2770503-efcb-4b69-bc24-adfb9a93d161" testId="9d6dd9ad-ee26-4328-8985-0db1cf290073" testName="Patch_MultipleInvalidReferencePropertiesReturnsMultipleValidationErrorsAndBadRequest" computerName="VECTOR" duration="00:00:00.0020000" startTime="2018-07-24T11:07:30.3769300-04:00" endTime="2018-07-24T11:07:30.3769320-04:00" testType="13cdc9d9-ddb5-4fa4-a97d-d965ccfc6d4b" outcome="Passed" testListId="8c84fa94-04c1-424b-9868-57a2d4851a1d" relativeResultsDirectory="a2770503-efcb-4b69-bc24-adfb9a93d161" /><UnitTestResult executionId="732fa340-8ebc-4d06-8b49-77a2f9e99173" testId="189dbc44-b35f-4fbc-9859-37251d5d8fa5" testName="Post_CanCreateNewModel" computerName="VECTOR" duration="00:00:00.2500000" startTime="2018-07-24T11:07:41.1011059-04:00" endTime="2018-07-24T11:07:41.1011119-04:00" testType="13cdc9d9-ddb5-4fa4-a97d-d965ccfc6d4b" outcome="Passed" testListId="8c84fa94-04c1-424b-9868-57a2d4851a1d" relativeResultsDirectory="732fa340-8ebc-4d06-8b49-77a2f9e99173" /><UnitTestResult executionId="56e192b2-7368-404d-93a1-15ba450fdeb4" testId="2494ec48-a58c-4f9e-bb1f-bbca9f4b76c3" testName="Patch_TargetPropertyIsUpdated" computerName="VECTOR" duration="00:00:00.2650000" startTime="2018-07-24T11:07:56.1222600-04:00" endTime="2018-07-24T11:07:56.1222671-04:00" testType="13cdc9d9-ddb5-4fa4-a97d-d965ccfc6d4b" outcome="Passed" testListId="8c84fa94-04c1-424b-9868-57a2d4851a1d" relativeResultsDirectory="56e192b2-7368-404d-93a1-15ba450fdeb4" /><UnitTestResult executionId="a38cd00f-e2f4-456f-b360-90ee432245ff" testId="49f16952-b9a1-4fd7-9ab0-2b09d066d388" testName="Delete_TargetModelIsDeleted" computerName="VECTOR" duration="00:00:00.2570000" startTime="2018-07-24T11:07:35.7292946-04:00" endTime="2018-07-24T11:07:35.7293008-04:00" testType="13cdc9d9-ddb5-4fa4-a97d-d965ccfc6d4b" outcome="Passed" testListId="8c84fa94-04c1-424b-9868-57a2d4851a1d" relativeResultsDirectory="a38cd00f-e2f4-456f-b360-90ee432245ff" /><UnitTestResult executionId="5526eebf-f1ec-4cfa-8fe5-f50d2dc698ac" testId="cd4133f5-0a55-4e1e-816f-4313e2db5a16" testName="PostFile_FileIsSynchronizedIsUpdatedAfterFileIsPosted" computerName="VECTOR" duration="00:00:00.0010000" startTime="2018-07-24T11:07:35.2897351-04:00" endTime="2018-07-24T11:07:35.2897382-04:00" testType="13cdc9d9-ddb5-4fa4-a97d-d965ccfc6d4b" outcome="Passed" testListId="8c84fa94-04c1-424b-9868-57a2d4851a1d" relativeResultsDirectory="5526eebf-f1ec-4cfa-8fe5-f50d2dc698ac" /><UnitTestResult executionId="d08b9466-35db-4fe2-9e39-91436a6afe03" testId="7dca25d3-8b56-40b7-9e93-2a060314be35" testName="Post_InvalidPropertyValueReturnsBadRequest" computerName="VECTOR" duration="00:00:00.0080000" startTime="2018-07-24T11:07:36.3190684-04:00" endTime="2018-07-24T11:07:36.3190937-04:00" testType="13cdc9d9-ddb5-4fa4-a97d-d965ccfc6d4b" outcome="Passed" testListId="8c84fa94-04c1-424b-9868-57a2d4851a1d" relativeResultsDirectory="d08b9466-35db-4fe2-9e39-91436a6afe03" /><UnitTestResult executionId="8cbcedf7-9c09-4e5e-b7e2-195ce8d335e6" testId="ff10afb0-c653-4011-b080-0af77d426809" testName="Put_InvalidIdReturnsNotFound" computerName="VECTOR" duration="00:00:00.0170000" startTime="2018-07-24T11:07:56.6358420-04:00" endTime="2018-07-24T11:07:56.6358491-04:00" testType="13cdc9d9-ddb5-4fa4-a97d-d965ccfc6d4b" outcome="Passed" testListId="8c84fa94-04c1-424b-9868-57a2d4851a1d" relativeResultsDirectory="8cbcedf7-9c09-4e5e-b7e2-195ce8d335e6" /><UnitTestResult executionId="1090413b-bd75-4fd9-84cb-4864968491b4" testId="bc723600-ab96-4c4f-b36a-e19d0c48e3ca" testName="PostFile_FileTimeStampIsUpdatedAfterFileIsPosted" computerName="VECTOR" duration="00:00:00.0010000" startTime="2018-07-24T11:07:33.1156108-04:00" endTime="2018-07-24T11:07:33.1156133-04:00" testType="13cdc9d9-ddb5-4fa4-a97d-d965ccfc6d4b" outcome="Passed" testListId="8c84fa94-04c1-424b-9868-57a2d4851a1d" relativeResultsDirectory="1090413b-bd75-4fd9-84cb-4864968491b4" /><UnitTestResult executionId="e1fdb04d-44a7-4bff-a515-20e3136586d3" testId="bcd371bf-3239-44b7-bc0d-84c80e11b14f" testName="CameraHasExpectedDependentFiles" computerName="VECTOR" duration="00:00:00.0010000" startTime="2018-07-24T11:07:28.2799468-04:00" endTime="2018-07-24T11:07:28.2799485-04:00" testType="13cdc9d9-ddb5-4fa4-a97d-d965ccfc6d4b" outcome="Passed" testListId="8c84fa94-04c1-424b-9868-57a2d4851a1d" relativeResultsDirectory="e1fdb04d-44a7-4bff-a515-20e3136586d3" /><UnitTestResult executionId="5ae5d614-7fa9-4388-9caf-e65c33442de9" testId="ed8d0c64-7f53-4d36-aa46-7da2ef926c05" testName="Put_CanUpdateModel" computerName="VECTOR" duration="00:00:00.2920000" startTime="2018-07-24T11:08:03.0128523-04:00" endTime="2018-07-24T11:08:03.0128597-04:00" testType="13cdc9d9-ddb5-4fa4-a97d-d965ccfc6d4b" outcome="Passed" testListId="8c84fa94-04c1-424b-9868-57a2d4851a1d" relativeResultsDirectory="5ae5d614-7fa9-4388-9caf-e65c33442de9" /><UnitTestResult executionId="a99f8a45-edfe-416c-a7b8-3ac23d0b11dc" testId="9f98ea67-68ae-4840-8f5b-dafb6aae7f02" testName="Post_ValidReferencePropertyCreatesModel" computerName="VECTOR" duration="00:00:00.3870000" startTime="2018-07-24T11:07:32.6000334-04:00" endTime="2018-07-24T11:07:32.6000422-04:00" testType="13cdc9d9-ddb5-4fa4-a97d-d965ccfc6d4b" outcome="Passed" testListId="8c84fa94-04c1-424b-9868-57a2d4851a1d" relativeResultsDirectory="a99f8a45-edfe-416c-a7b8-3ac23d0b11dc" /><UnitTestResult executionId="d71542f9-dcdd-4338-b9e9-2acd14242508" testId="57e68519-e8de-490f-85f4-c4ed0b716bd0" testName="FileRequest_DepthBufferIsInvalidatedAfterCameraDependencyPropertyChange" computerName="VECTOR" duration="00:00:01.1250000" startTime="2018-07-24T11:08:00.9643069-04:00" endTime="2018-07-24T11:08:00.9643151-04:00" testType="13cdc9d9-ddb5-4fa4-a97d-d965ccfc6d4b" outcome="Passed" testListId="8c84fa94-04c1-424b-9868-57a2d4851a1d" relativeResultsDirectory="d71542f9-dcdd-4338-b9e9-2acd14242508" /><UnitTestResult executionId="ea1fbfe8-4b2c-4978-99dd-00090e467aea" testId="cb25f83d-38d1-44fe-83e0-e95344c61754" testName="Post_CanCreateNewModel" computerName="VECTOR" duration="00:00:00.1610000" startTime="2018-07-24T11:08:02.4225850-04:00" endTime="2018-07-24T11:08:02.4225938-04:00" testType="13cdc9d9-ddb5-4fa4-a97d-d965ccfc6d4b" outcome="Passed" testListId="8c84fa94-04c1-424b-9868-57a2d4851a1d" relativeResultsDirectory="ea1fbfe8-4b2c-4978-99dd-00090e467aea" /><UnitTestResult executionId="469bd30d-d1bf-4639-b69e-46c42d9d739a" testId="f545df1d-13f0-456e-9539-f239d2de5890" testName="GetFile_NonExistentFileReturnsNotFound" computerName="VECTOR" duration="00:00:00.0120000" startTime="2018-07-24T11:08:00.9763160-04:00" endTime="2018-07-24T11:08:00.9763239-04:00" testType="13cdc9d9-ddb5-4fa4-a97d-d965ccfc6d4b" outcome="Passed" testListId="8c84fa94-04c1-424b-9868-57a2d4851a1d" relativeResultsDirectory="469bd30d-d1bf-4639-b69e-46c42d9d739a" /><UnitTestResult executionId="549514b9-85e1-40d6-af10-d8d82f7726d8" testId="1f06443a-b55d-4fb7-b875-f18bb8ad165e" testName="FileRequest_MeshGenerateSetsFileIsSynchronized" computerName="VECTOR" duration="00:00:07.1310000" startTime="2018-07-24T11:07:54.2890082-04:00" endTime="2018-07-24T11:07:54.2890147-04:00" testType="13cdc9d9-ddb5-4fa4-a97d-d965ccfc6d4b" outcome="Passed" testListId="8c84fa94-04c1-424b-9868-57a2d4851a1d" relativeResultsDirectory="549514b9-85e1-40d6-af10-d8d82f7726d8" /><UnitTestResult executionId="55859f3e-a6cf-4a85-8012-94cb0e6adb23" testId="611cc737-3558-40dd-baa3-889733355aef" testName="Put_InvalidIdReturnsNotFound" computerName="VECTOR" duration="00:00:00.0190000" startTime="2018-07-24T11:08:02.4416436-04:00" endTime="2018-07-24T11:08:02.4416504-04:00" testType="13cdc9d9-ddb5-4fa4-a97d-d965ccfc6d4b" outcome="Passed" testListId="8c84fa94-04c1-424b-9868-57a2d4851a1d" relativeResultsDirectory="55859f3e-a6cf-4a85-8012-94cb0e6adb23" /><UnitTestResult executionId="d932550a-ce6d-43b5-90f7-cf4a7c4d36d6" testId="f6c450e8-bc89-4cfb-a361-d9875d05dbea" testName="Put_InvalidReferencePropertyReturndBadRequest" computerName="VECTOR" duration="00:00:00.0270000" startTime="2018-07-24T11:07:41.5766159-04:00" endTime="2018-07-24T11:07:41.5766218-04:00" testType="13cdc9d9-ddb5-4fa4-a97d-d965ccfc6d4b" outcome="Passed" testListId="8c84fa94-04c1-424b-9868-57a2d4851a1d" relativeResultsDirectory="d932550a-ce6d-43b5-90f7-cf4a7c4d36d6" /><UnitTestResult executionId="cc25e25b-79d6-4a0c-a344-1cc063485793" testId="fc55ab06-6461-4f5f-b666-a5a5e26c0575" testName="Put_CanUpdateModel" computerName="VECTOR" duration="00:00:00.2480000" startTime="2018-07-24T11:07:30.2847923-04:00" endTime="2018-07-24T11:07:30.2848009-04:00" testType="13cdc9d9-ddb5-4fa4-a97d-d965ccfc6d4b" outcome="Passed" testListId="8c84fa94-04c1-424b-9868-57a2d4851a1d" relativeResultsDirectory="cc25e25b-79d6-4a0c-a344-1cc063485793" /><UnitTestResult executionId="072f0495-1ee6-4efa-8dd2-f0c7d0be20cf" testId="573811d4-97b0-44da-8e3c-91f0993fd3fc" testName="Put_CanUpdateModel" computerName="VECTOR" duration="00:00:00.3490000" startTime="2018-07-24T11:07:31.5096235-04:00" endTime="2018-07-24T11:07:31.5096307-04:00" testType="13cdc9d9-ddb5-4fa4-a97d-d965ccfc6d4b" outcome="Passed" testListId="8c84fa94-04c1-424b-9868-57a2d4851a1d" relativeResultsDirectory="072f0495-1ee6-4efa-8dd2-f0c7d0be20cf" /><UnitTestResult executionId="bee5e0ba-93c9-4fcd-a811-d4ed2a1c8a2c" testId="0100eb5d-9302-4a5e-8172-c5cb62fb1c6f" testName="Patch_InvalidEnumPropertyValueReturnsBadRequest" computerName="VECTOR" duration="00:00:00.0210000" startTime="2018-07-24T11:07:55.1541127-04:00" endTime="2018-07-24T11:07:55.1541189-04:00" testType="13cdc9d9-ddb5-4fa4-a97d-d965ccfc6d4b" outcome="Passed" testListId="8c84fa94-04c1-424b-9868-57a2d4851a1d" relativeResultsDirectory="bee5e0ba-93c9-4fcd-a811-d4ed2a1c8a2c" /><UnitTestResult executionId="6b3fef2a-61fe-4279-883b-1b5a7f37fa55" testId="f6e5a1c9-e4b3-4cb7-9363-53b7f3a08fec" testName="GetList_ListReturnsCorrectCount" computerName="VECTOR" duration="00:00:00.0390000" startTime="2018-07-24T11:07:36.0007489-04:00" endTime="2018-07-24T11:07:36.0007583-04:00" testType="13cdc9d9-ddb5-4fa4-a97d-d965ccfc6d4b" outcome="Passed" testListId="8c84fa94-04c1-424b-9868-57a2d4851a1d" relativeResultsDirectory="6b3fef2a-61fe-4279-883b-1b5a7f37fa55" /><UnitTestResult executionId="7945ff76-39a6-4833-abc3-9d4c2795a2ab" testId="f5890ef0-5a38-4362-879a-5add657c5137" testName="Post_InvalidPropertyValueReturnsBadRequest" computerName="VECTOR" duration="00:00:00.0030000" startTime="2018-07-24T11:07:56.6389836-04:00" endTime="2018-07-24T11:07:56.6389882-04:00" testType="13cdc9d9-ddb5-4fa4-a97d-d965ccfc6d4b" outcome="Passed" testListId="8c84fa94-04c1-424b-9868-57a2d4851a1d" relativeResultsDirectory="7945ff76-39a6-4833-abc3-9d4c2795a2ab" /><UnitTestResult executionId="035682d3-ae0e-4ead-bbb0-627b72465bb8" testId="bf519fdc-c0ec-44d5-8897-a9e2a4e9550f" testName="Patch_InvalidPropertyNameReturnsBadRequest" computerName="VECTOR" duration="00:00:00.0090000" startTime="2018-07-24T11:07:41.1435895-04:00" endTime="2018-07-24T11:07:41.1435975-04:00" testType="13cdc9d9-ddb5-4fa4-a97d-d965ccfc6d4b" outcome="Passed" testListId="8c84fa94-04c1-424b-9868-57a2d4851a1d" relativeResultsDirectory="035682d3-ae0e-4ead-bbb0-627b72465bb8" /><UnitTestResult executionId="d13b3f79-03d1-4b41-bb08-f2bacee1036b" testId="af4fdade-266a-4cd7-a043-70d8449dadb4" testName="DepthBufferHasExpectedDependentFiles" computerName="VECTOR" duration="00:00:00.0010000" startTime="2018-07-24T11:07:28.2834494-04:00" endTime="2018-07-24T11:07:28.2834505-04:00" testType="13cdc9d9-ddb5-4fa4-a97d-d965ccfc6d4b" outcome="Passed" testListId="8c84fa94-04c1-424b-9868-57a2d4851a1d" relativeResultsDirectory="d13b3f79-03d1-4b41-bb08-f2bacee1036b" /><UnitTestResult executionId="6bd4d70a-aa42-4074-a7aa-c1f2ab6eb977" testId="8175546a-eca6-47a4-9990-310c3d127254" testName="Patch_InvalidIdPropertyReturnsNotFound" computerName="VECTOR" duration="00:00:00.0110000" startTime="2018-07-24T11:07:30.3908836-04:00" endTime="2018-07-24T11:07:30.3908898-04:00" testType="13cdc9d9-ddb5-4fa4-a97d-d965ccfc6d4b" outcome="Passed" testListId="8c84fa94-04c1-424b-9868-57a2d4851a1d" relativeResultsDirectory="6bd4d70a-aa42-4074-a7aa-c1f2ab6eb977" /><UnitTestResult executionId="4b5d15e6-e5bd-42ae-b2eb-f2a939274796" testId="644f6192-8f41-47a7-b7ca-41eb7045b56c" testName="Put_ValidReferencePropertyUpdatesModel" computerName="VECTOR" duration="00:00:00.0030000" startTime="2018-07-24T11:07:29.7790312-04:00" endTime="2018-07-24T11:07:29.7790351-04:00" testType="13cdc9d9-ddb5-4fa4-a97d-d965ccfc6d4b" outcome="Passed" testListId="8c84fa94-04c1-424b-9868-57a2d4851a1d" relativeResultsDirectory="4b5d15e6-e5bd-42ae-b2eb-f2a939274796" /><UnitTestResult executionId="56015bb4-fa4e-4cbc-8923-8e6617796928" testId="f5a19d27-f55f-48d7-a44a-9845e6820a3d" testName="Post_InvalidPropertyValueReturnsBadRequest" computerName="VECTOR" duration="00:00:00.0030000" startTime="2018-07-24T11:08:03.2268299-04:00" endTime="2018-07-24T11:08:03.2268370-04:00" testType="13cdc9d9-ddb5-4fa4-a97d-d965ccfc6d4b" outcome="Passed" testListId="8c84fa94-04c1-424b-9868-57a2d4851a1d" relativeResultsDirectory="56015bb4-fa4e-4cbc-8923-8e6617796928" /><UnitTestResult executionId="396660bb-b5f0-455c-9f73-c0e86e569b3c" testId="7804b6a3-3972-462a-a00b-f2f03b829974" testName="Patch_InvalidPropertyNameReturnsBadRequest" computerName="VECTOR" duration="00:00:00.5150000" startTime="2018-07-24T11:07:28.8094185-04:00" endTime="2018-07-24T11:07:28.8094271-04:00" testType="13cdc9d9-ddb5-4fa4-a97d-d965ccfc6d4b" outcome="Passed" testListId="8c84fa94-04c1-424b-9868-57a2d4851a1d" relativeResultsDirectory="396660bb-b5f0-455c-9f73-c0e86e569b3c" /><UnitTestResult executionId="a9279d50-bccb-4ca0-bd1d-546c81b91b8b" testId="d93644b9-09de-4436-9f81-29a234c4396a" testName="Post_CanCreateNewModel" computerName="VECTOR" duration="00:00:00.1910000" startTime="2018-07-24T11:07:35.9430968-04:00" endTime="2018-07-24T11:07:35.9431040-04:00" testType="13cdc9d9-ddb5-4fa4-a97d-d965ccfc6d4b" outcome="Passed" testListId="8c84fa94-04c1-424b-9868-57a2d4851a1d" relativeResultsDirectory="a9279d50-bccb-4ca0-bd1d-546c81b91b8b" /><UnitTestResult executionId="5f4c2ac3-e0a1-492b-a7e1-082853864a66" testId="365ea66b-2566-4986-8a73-acaa33838721" testName="Put_ValidReferencePropertyUpdatesModel" computerName="VECTOR" duration="00:00:00.4340000" startTime="2018-07-24T11:07:56.5566047-04:00" endTime="2018-07-24T11:07:56.5566118-04:00" testType="13cdc9d9-ddb5-4fa4-a97d-d965ccfc6d4b" outcome="Passed" testListId="8c84fa94-04c1-424b-9868-57a2d4851a1d" relativeResultsDirectory="5f4c2ac3-e0a1-492b-a7e1-082853864a66" /><UnitTestResult executionId="74dc9478-f09d-4a3b-9e73-466edb12034e" testId="658274d8-fcf0-4673-8a2d-85cdd341bd43" testName="Patch_ValidReferencePropertyUpdatesModel" computerName="VECTOR" duration="00:00:00.2980000" startTime="2018-07-24T11:07:31.9021084-04:00" endTime="2018-07-24T11:07:31.9021161-04:00" testType="13cdc9d9-ddb5-4fa4-a97d-d965ccfc6d4b" outcome="Passed" testListId="8c84fa94-04c1-424b-9868-57a2d4851a1d" relativeResultsDirectory="74dc9478-f09d-4a3b-9e73-466edb12034e" /><UnitTestResult executionId="9cc63a94-24d8-4fa6-b455-005ed16635b6" testId="f9c1caa8-ed53-4053-a52e-0130ca51f7c2" testName="PostFile_NewFileCanBePosted" computerName="VECTOR" duration="00:00:00.3500000" startTime="2018-07-24T11:08:01.9060245-04:00" endTime="2018-07-24T11:08:01.9060325-04:00" testType="13cdc9d9-ddb5-4fa4-a97d-d965ccfc6d4b" outcome="Passed" testListId="8c84fa94-04c1-424b-9868-57a2d4851a1d" relativeResultsDirectory="9cc63a94-24d8-4fa6-b455-005ed16635b6" /><UnitTestResult executionId="5ea1592d-db2c-4c80-88a7-9f7fe46c4255" testId="5bba7b5a-cc7f-4222-82a4-2c0d715c09bf" testName="GetSingle_ValidIdPropertyValueReturnsCorrectModel" computerName="VECTOR" duration="00:00:00.0100000" startTime="2018-07-24T11:07:56.6186789-04:00" endTime="2018-07-24T11:07:56.6186872-04:00" testType="13cdc9d9-ddb5-4fa4-a97d-d965ccfc6d4b" outcome="Passed" testListId="8c84fa94-04c1-424b-9868-57a2d4851a1d" relativeResultsDirectory="5ea1592d-db2c-4c80-88a7-9f7fe46c4255" /><UnitTestResult executionId="12e26e24-5334-4990-b2a9-152ad10d6814" testId="c4849d9a-ac77-4925-9c25-5f1af1cb0225" testName="Patch_InvalidIdPropertyReturnsNotFound" computerName="VECTOR" duration="00:00:00.0070000" startTime="2018-07-24T11:07:41.1505984-04:00" endTime="2018-07-24T11:07:41.1506055-04:00" testType="13cdc9d9-ddb5-4fa4-a97d-d965ccfc6d4b" outcome="Passed" testListId="8c84fa94-04c1-424b-9868-57a2d4851a1d" relativeResultsDirectory="12e26e24-5334-4990-b2a9-152ad10d6814" /><UnitTestResult executionId="65ec6b19-472e-4a46-90f1-d6f98b911cf1" testId="d6ff343e-4528-4dcb-8281-811f66cc208e" testName="Patch_TargetPropertyIsUpdated" computerName="VECTOR" duration="00:00:00.3120000" startTime="2018-07-24T11:07:40.8501703-04:00" endTime="2018-07-24T11:07:40.8501766-04:00" testType="13cdc9d9-ddb5-4fa4-a97d-d965ccfc6d4b" outcome="Passed" testListId="8c84fa94-04c1-424b-9868-57a2d4851a1d" relativeResultsDirectory="65ec6b19-472e-4a46-90f1-d6f98b911cf1" /><UnitTestResult executionId="43d28872-f433-4c92-a9c1-956828da5d13" testId="75d6270a-0a66-40ed-be63-40d60dbfb66d" testName="Patch_InvalidEnumPropertyValueReturnsBadRequest" computerName="VECTOR" duration="00:00:00.0080000" startTime="2018-07-24T11:07:32.7045552-04:00" endTime="2018-07-24T11:07:32.7045634-04:00" testType="13cdc9d9-ddb5-4fa4-a97d-d965ccfc6d4b" outcome="Passed" testListId="8c84fa94-04c1-424b-9868-57a2d4851a1d" relativeResultsDirectory="43d28872-f433-4c92-a9c1-956828da5d13" /><UnitTestResult executionId="31a93d60-61b0-4635-a68d-a50e6cb22d10" testId="49a47b93-1903-4e92-a7ea-30d6c699bbfc" testName="GetSingle_ValidIdPropertyValueReturnsCorrectModel" computerName="VECTOR" duration="00:00:00.0070000" startTime="2018-07-24T11:07:37.4694975-04:00" endTime="2018-07-24T11:07:37.4695043-04:00" testType="13cdc9d9-ddb5-4fa4-a97d-d965ccfc6d4b" outcome="Passed" testListId="8c84fa94-04c1-424b-9868-57a2d4851a1d" relativeResultsDirectory="31a93d60-61b0-4635-a68d-a50e6cb22d10" /><UnitTestResult executionId="4bde915a-50a4-47b4-96fc-d905cd160c75" testId="a77990fa-b7d3-4849-8f5d-50fcc3e9944c" testName="Patch_InvalidEnumPropertyValueReturnsBadRequest" computerName="VECTOR" duration="00:00:00.0010000" startTime="2018-07-24T11:08:02.7049448-04:00" endTime="2018-07-24T11:08:02.7049474-04:00" testType="13cdc9d9-ddb5-4fa4-a97d-d965ccfc6d4b" outcome="Passed" testListId="8c84fa94-04c1-424b-9868-57a2d4851a1d" relativeResultsDirectory="4bde915a-50a4-47b4-96fc-d905cd160c75" /><UnitTestResult executionId="0c6bb3a5-9dc3-4608-b165-b2a64fc89018" testId="1a26cbae-ed01-4e52-a105-777f66e9ffc8" testName="PostFile_FileTimeStampIsUpdatedAfterFileIsPosted" computerName="VECTOR" duration="00:00:01.4160000" startTime="2018-07-24T11:07:46.8479137-04:00" endTime="2018-07-24T11:07:46.8479199-04:00" testType="13cdc9d9-ddb5-4fa4-a97d-d965ccfc6d4b" outcome="Passed" testListId="8c84fa94-04c1-424b-9868-57a2d4851a1d" relativeResultsDirectory="0c6bb3a5-9dc3-4608-b165-b2a64fc89018" /><UnitTestResult executionId="cb17479a-a481-4250-9fca-d9f68792a2a0" testId="8eff6064-5e85-4e3c-87bb-8c0320e251aa" testName="LucyDepthBufferFindsOneDependent" computerName="VECTOR" duration="00:00:00.0030000" startTime="2018-07-24T11:07:28.2831611-04:00" endTime="2018-07-24T11:07:28.2831637-04:00" testType="13cdc9d9-ddb5-4fa4-a97d-d965ccfc6d4b" outcome="Passed" testListId="8c84fa94-04c1-424b-9868-57a2d4851a1d" relativeResultsDirectory="cb17479a-a481-4250-9fca-d9f68792a2a0" /><UnitTestResult executionId="7a9b31fe-a42f-41b7-9e0f-e545b6d3ae74" testId="dfafedf9-92e0-4d33-97b8-ea2fe8d42434" testName="GetList_ListReturnsCorrectCount" computerName="VECTOR" duration="00:00:00.5030000" startTime="2018-07-24T11:07:37.9808332-04:00" endTime="2018-07-24T11:07:37.9808400-04:00" testType="13cdc9d9-ddb5-4fa4-a97d-d965ccfc6d4b" outcome="Passed" testListId="8c84fa94-04c1-424b-9868-57a2d4851a1d" relativeResultsDirectory="7a9b31fe-a42f-41b7-9e0f-e545b6d3ae74" /><UnitTestResult executionId="3cd1fbc7-c1dd-4464-9697-9029c56e29a3" testId="81e13f95-a6aa-4b5d-b900-d00ef2c7424e" testName="Patch_ValidReferencePropertyUpdatesModel" computerName="VECTOR" duration="00:00:00.2840000" startTime="2018-07-24T11:07:56.9230498-04:00" endTime="2018-07-24T11:07:56.9230577-04:00" testType="13cdc9d9-ddb5-4fa4-a97d-d965ccfc6d4b" outcome="Passed" testListId="8c84fa94-04c1-424b-9868-57a2d4851a1d" relativeResultsDirectory="3cd1fbc7-c1dd-4464-9697-9029c56e29a3" /><UnitTestResult executionId="2961e474-2863-42d1-83b0-bf5584b6ac3c" testId="aa1150d1-3e7a-49e5-8253-5f3cb1537a70" testName="Put_CanUpdateModel" computerName="VECTOR" duration="00:00:00.7090000" startTime="2018-07-24T11:07:40.1669180-04:00" endTime="2018-07-24T11:07:40.1669242-04:00" testType="13cdc9d9-ddb5-4fa4-a97d-d965ccfc6d4b" outcome="Passed" testListId="8c84fa94-04c1-424b-9868-57a2d4851a1d" relativeResultsDirectory="2961e474-2863-42d1-83b0-bf5584b6ac3c" /><UnitTestResult executionId="dd0b9358-3d85-4c3d-9b1b-f7108f1921a2" testId="d44a7815-6c56-4ea5-a11e-ee511714eb74" testName="Post_InvalidReferencePropertyReturnsBadRequest" computerName="VECTOR" duration="00:00:00.0080000" startTime="2018-07-24T11:07:56.6086064-04:00" endTime="2018-07-24T11:07:56.6086141-04:00" testType="13cdc9d9-ddb5-4fa4-a97d-d965ccfc6d4b" outcome="Passed" testListId="8c84fa94-04c1-424b-9868-57a2d4851a1d" relativeResultsDirectory="dd0b9358-3d85-4c3d-9b1b-f7108f1921a2" /><UnitTestResult executionId="d425d657-3a93-460d-8529-b1c05d8e86d6" testId="a25614ab-1823-40d4-860e-eafc3327cac4" testName="PutFile_FileCanBeUpdated" computerName="VECTOR" duration="00:00:00.4410000" startTime="2018-07-24T11:07:45.4065388-04:00" endTime="2018-07-24T11:07:45.4065468-04:00" testType="13cdc9d9-ddb5-4fa4-a97d-d965ccfc6d4b" outcome="Passed" testListId="8c84fa94-04c1-424b-9868-57a2d4851a1d" relativeResultsDirectory="d425d657-3a93-460d-8529-b1c05d8e86d6" /><UnitTestResult executionId="037920d5-d3d8-4956-8d6d-04d45137b9ad" testId="165d7f6d-957f-44b0-ab44-ee94ea5b2d30" testName="GetFile_ExistingFileReturnsSuccess" computerName="VECTOR" duration="00:00:00.0260000" startTime="2018-07-24T11:07:57.5006384-04:00" endTime="2018-07-24T11:07:57.5006472-04:00" testType="13cdc9d9-ddb5-4fa4-a97d-d965ccfc6d4b" outcome="Passed" testListId="8c84fa94-04c1-424b-9868-57a2d4851a1d" relativeResultsDirectory="037920d5-d3d8-4956-8d6d-04d45137b9ad" /><UnitTestResult executionId="b1481145-c5af-42c4-bb84-def59b35bcdf" testId="1321d649-2923-4480-9dc9-491a2a37616d" testName="Delete_TargetModelIsDeleted" computerName="VECTOR" duration="00:00:00.5040000" startTime="2018-07-24T11:07:29.3181115-04:00" endTime="2018-07-24T11:07:29.3181175-04:00" testType="13cdc9d9-ddb5-4fa4-a97d-d965ccfc6d4b" outcome="Passed" testListId="8c84fa94-04c1-424b-9868-57a2d4851a1d" relativeResultsDirectory="b1481145-c5af-42c4-bb84-def59b35bcdf" /><UnitTestResult executionId="2bef1190-9572-4512-82cf-c566e6fcc4ac" testId="6b90d75e-1b33-41a5-a30e-52df9149d6d6" testName="Post_CanCreateNewModel" computerName="VECTOR" duration="00:00:00.1870000" startTime="2018-07-24T11:07:29.9684591-04:00" endTime="2018-07-24T11:07:29.9684702-04:00" testType="13cdc9d9-ddb5-4fa4-a97d-d965ccfc6d4b" outcome="Passed" testListId="8c84fa94-04c1-424b-9868-57a2d4851a1d" relativeResultsDirectory="2bef1190-9572-4512-82cf-c566e6fcc4ac" /><UnitTestResult executionId="328eb847-32be-4e4f-97bc-8abcd86ddae8" testId="e7fe5c19-200b-4088-8311-c049c3965d70" testName="PostFile_FileTimeStampIsUpdatedAfterFileIsPosted" computerName="VECTOR" duration="00:00:01.4720000" startTime="2018-07-24T11:07:58.9730055-04:00" endTime="2018-07-24T11:07:58.9730132-04:00" testType="13cdc9d9-ddb5-4fa4-a97d-d965ccfc6d4b" outcome="Passed" testListId="8c84fa94-04c1-424b-9868-57a2d4851a1d" relativeResultsDirectory="328eb847-32be-4e4f-97bc-8abcd86ddae8" /><UnitTestResult executionId="19849beb-63e2-42ff-b62d-2abd858c915b" testId="a6695578-4ed7-4734-8f6a-fa0a89af7797" testName="GetSingle_InvalidIdPropertyValueReturnsNotFound" computerName="VECTOR" duration="00:00:00.0060000" startTime="2018-07-24T11:08:02.7113745-04:00" endTime="2018-07-24T11:08:02.7113830-04:00" testType="13cdc9d9-ddb5-4fa4-a97d-d965ccfc6d4b" outcome="Passed" testListId="8c84fa94-04c1-424b-9868-57a2d4851a1d" relativeResultsDirectory="19849beb-63e2-42ff-b62d-2abd858c915b" /><UnitTestResult executionId="67641921-1deb-4929-97e1-a368521de1fe" testId="9f773be1-b510-47f8-b5b1-f891efbd3d1d" testName="GetList_ListReturnsCorrectCount" computerName="VECTOR" duration="00:00:00.0890000" startTime="2018-07-24T11:07:30.3745353-04:00" endTime="2018-07-24T11:07:30.3745430-04:00" testType="13cdc9d9-ddb5-4fa4-a97d-d965ccfc6d4b" outcome="Passed" testListId="8c84fa94-04c1-424b-9868-57a2d4851a1d" relativeResultsDirectory="67641921-1deb-4929-97e1-a368521de1fe" /><UnitTestResult executionId="4d0e70f9-a4b0-4a7b-8f3a-62d1ae77ba3e" testId="3b5a2014-b769-427f-b974-84035fcdfb1f" testName="PutFile_FileCanBeUpdated" computerName="VECTOR" duration="00:00:00.4480000" startTime="2018-07-24T11:07:59.4218166-04:00" endTime="2018-07-24T11:07:59.4218234-04:00" testType="13cdc9d9-ddb5-4fa4-a97d-d965ccfc6d4b" outcome="Passed" testListId="8c84fa94-04c1-424b-9868-57a2d4851a1d" relativeResultsDirectory="4d0e70f9-a4b0-4a7b-8f3a-62d1ae77ba3e" /><UnitTestResult executionId="2f907dc1-29a0-4613-942c-91d4cdb022c3" testId="cda4495e-c164-4903-bc27-19b9c09d79d0" testName="Patch_InvalidIdPropertyReturnsNotFound" computerName="VECTOR" duration="00:00:00.0070000" startTime="2018-07-24T11:07:36.5853922-04:00" endTime="2018-07-24T11:07:36.5853996-04:00" testType="13cdc9d9-ddb5-4fa4-a97d-d965ccfc6d4b" outcome="Passed" testListId="8c84fa94-04c1-424b-9868-57a2d4851a1d" relativeResultsDirectory="2f907dc1-29a0-4613-942c-91d4cdb022c3" /><UnitTestResult executionId="1ad6cbf0-1802-49de-9ce4-d09d79aff5ac" testId="98fa00f2-7024-41bb-8b45-9861841995ec" testName="Patch_InvalidPropertyNameReturnsBadRequest" computerName="VECTOR" duration="00:00:00.0070000" startTime="2018-07-24T11:07:31.5924698-04:00" endTime="2018-07-24T11:07:31.5924786-04:00" testType="13cdc9d9-ddb5-4fa4-a97d-d965ccfc6d4b" outcome="Passed" testListId="8c84fa94-04c1-424b-9868-57a2d4851a1d" relativeResultsDirectory="1ad6cbf0-1802-49de-9ce4-d09d79aff5ac" /><UnitTestResult executionId="6fac93d5-9e54-4947-b0d0-c4dc349fa19a" testId="f186843d-f11f-4112-ba70-71d9e455470f" testName="Patch_TargetPropertyIsUpdated" computerName="VECTOR" duration="00:00:00.4570000" startTime="2018-07-24T11:07:29.7762947-04:00" endTime="2018-07-24T11:07:29.7763046-04:00" testType="13cdc9d9-ddb5-4fa4-a97d-d965ccfc6d4b" outcome="Passed" testListId="8c84fa94-04c1-424b-9868-57a2d4851a1d" relativeResultsDirectory="6fac93d5-9e54-4947-b0d0-c4dc349fa19a" /><UnitTestResult executionId="01d1c5e9-0a45-40f4-a96d-796d7f62bfd5" testId="00254c01-5ac7-4cd3-99df-08cd1a1f30bb" testName="Post_InvalidPropertyValueReturnsBadRequest" computerName="VECTOR" duration="00:00:00.0030000" startTime="2018-07-24T11:07:31.5959608-04:00" endTime="2018-07-24T11:07:31.5959668-04:00" testType="13cdc9d9-ddb5-4fa4-a97d-d965ccfc6d4b" outcome="Passed" testListId="8c84fa94-04c1-424b-9868-57a2d4851a1d" relativeResultsDirectory="01d1c5e9-0a45-40f4-a96d-796d7f62bfd5" /><UnitTestResult executionId="f91fcce8-01a1-40e2-97e3-e117fea185f1" testId="5a6b3c4c-faff-4edb-850d-57ba732de59a" testName="Put_ValidReferencePropertyUpdatesModel" computerName="VECTOR" duration="00:00:00.3580000" startTime="2018-07-24T11:07:40.5249598-04:00" endTime="2018-07-24T11:07:40.5249670-04:00" testType="13cdc9d9-ddb5-4fa4-a97d-d965ccfc6d4b" outcome="Passed" testListId="8c84fa94-04c1-424b-9868-57a2d4851a1d" relativeResultsDirectory="f91fcce8-01a1-40e2-97e3-e117fea185f1" /><UnitTestResult executionId="19287470-3df1-4536-a4a7-43f59572b0eb" testId="170c2aa0-3527-4e15-98a8-3bbd549bcb49" testName="Patch_InvalidReferencePropertyReturnsBadRequest" computerName="VECTOR" duration="00:00:00.0020000" startTime="2018-07-24T11:07:29.7810993-04:00" endTime="2018-07-24T11:07:29.7811021-04:00" testType="13cdc9d9-ddb5-4fa4-a97d-d965ccfc6d4b" outcome="Passed" testListId="8c84fa94-04c1-424b-9868-57a2d4851a1d" relativeResultsDirectory="19287470-3df1-4536-a4a7-43f59572b0eb" /><UnitTestResult executionId="888aa236-9e2b-443b-ae71-16b3da3cd36a" testId="5b981330-8153-4ba2-850b-62b9ae1d3aec" testName="Delete_TargetModelIsDeleted" computerName="VECTOR" duration="00:00:00.2150000" startTime="2018-07-24T11:08:02.6571869-04:00" endTime="2018-07-24T11:08:02.6571957-04:00" testType="13cdc9d9-ddb5-4fa4-a97d-d965ccfc6d4b" outcome="Passed" testListId="8c84fa94-04c1-424b-9868-57a2d4851a1d" relativeResultsDirectory="888aa236-9e2b-443b-ae71-16b3da3cd36a" /><UnitTestResult executionId="65290c7e-060e-44ea-b7ce-8c90d82ffcce" testId="679fc6b3-dc71-4116-bc5b-486054d19de3" testName="GetList_ListReturnsCorrectCount" computerName="VECTOR" duration="00:00:00.0470000" startTime="2018-07-24T11:08:02.7047379-04:00" endTime="2018-07-24T11:08:02.7047456-04:00" testType="13cdc9d9-ddb5-4fa4-a97d-d965ccfc6d4b" outcome="Passed" testListId="8c84fa94-04c1-424b-9868-57a2d4851a1d" relativeResultsDirectory="65290c7e-060e-44ea-b7ce-8c90d82ffcce" /><UnitTestResult executionId="ec9ea452-5c94-452f-babc-1f53f2e69675" testId="2d117f80-dcac-423c-8e71-835567fe1bbd" testName="Put_ValidReferencePropertyUpdatesModel" computerName="VECTOR" duration="00:00:00.2900000" startTime="2018-07-24T11:07:32.1926760-04:00" endTime="2018-07-24T11:07:32.1926842-04:00" testType="13cdc9d9-ddb5-4fa4-a97d-d965ccfc6d4b" outcome="Passed" testListId="8c84fa94-04c1-424b-9868-57a2d4851a1d" relativeResultsDirectory="ec9ea452-5c94-452f-babc-1f53f2e69675" /><UnitTestResult executionId="121ffe31-348b-4d61-90a9-2332e9091470" testId="bb2fd126-f3cf-458c-a011-dc077bfda419" testName="Patch_MultipleInvalidReferencePropertiesReturnsMultipleValidationErrorsAndBadRequest" computerName="VECTOR" duration="00:00:00.0150000" startTime="2018-07-24T11:07:56.5997708-04:00" endTime="2018-07-24T11:07:56.5997790-04:00" testType="13cdc9d9-ddb5-4fa4-a97d-d965ccfc6d4b" outcome="Passed" testListId="8c84fa94-04c1-424b-9868-57a2d4851a1d" relativeResultsDirectory="121ffe31-348b-4d61-90a9-2332e9091470" /><UnitTestResult executionId="d8d3544b-952f-4efa-8933-6a5b885ced87" testId="f200eb83-7c7b-4aa7-8927-197c27d8461d" testName="Patch_TargetPropertyIsUpdated" computerName="VECTOR" duration="00:00:00.3160000" startTime="2018-07-24T11:07:37.1759499-04:00" endTime="2018-07-24T11:07:37.1759570-04:00" testType="13cdc9d9-ddb5-4fa4-a97d-d965ccfc6d4b" outcome="Passed" testListId="8c84fa94-04c1-424b-9868-57a2d4851a1d" relativeResultsDirectory="d8d3544b-952f-4efa-8933-6a5b885ced87" /><UnitTestResult executionId="ea53012a-2c0e-4f63-974c-540fbd1a810d" testId="90d41f00-691f-4498-b00d-7ae347c88cb4" testName="Patch_InvalidPropertyNameReturnsBadRequest" computerName="VECTOR" duration="00:00:00.0100000" startTime="2018-07-24T11:07:55.2831608-04:00" endTime="2018-07-24T11:07:55.2831699-04:00" testType="13cdc9d9-ddb5-4fa4-a97d-d965ccfc6d4b" outcome="Passed" testListId="8c84fa94-04c1-424b-9868-57a2d4851a1d" relativeResultsDirectory="ea53012a-2c0e-4f63-974c-540fbd1a810d" /><UnitTestResult executionId="52a91374-e495-436f-9e04-daa7e86e0fa5" testId="43cc02a0-3802-49fb-af9a-d5f18df0e873" testName="Patch_InvalidReferencePropertyReturnsBadRequest" computerName="VECTOR" duration="00:00:00.0300000" startTime="2018-07-24T11:07:32.8978766-04:00" endTime="2018-07-24T11:07:32.8978845-04:00" testType="13cdc9d9-ddb5-4fa4-a97d-d965ccfc6d4b" outcome="Passed" testListId="8c84fa94-04c1-424b-9868-57a2d4851a1d" relativeResultsDirectory="52a91374-e495-436f-9e04-daa7e86e0fa5" /><UnitTestResult executionId="1054b5ce-983d-4989-847d-6734db22c295" testId="e654d2c2-c456-4ffb-b90a-8f222cc3a896" testName="FileRequest_MeshIsInvalidatedAfterDepthBufferFileBecomesUnsynchronized" computerName="VECTOR" duration="00:00:02.6500000" startTime="2018-07-24T11:07:44.6081942-04:00" endTime="2018-07-24T11:07:44.6082019-04:00" testType="13cdc9d9-ddb5-4fa4-a97d-d965ccfc6d4b" outcome="Passed" testListId="8c84fa94-04c1-424b-9868-57a2d4851a1d" relativeResultsDirectory="1054b5ce-983d-4989-847d-6734db22c295" /><UnitTestResult executionId="f24c0446-f3fb-416a-9279-72975fb43978" testId="f6a3d2d6-f09c-49e6-b1de-ffc9f3014ed3" testName="Put_InvalidReferencePropertyReturndBadRequest" computerName="VECTOR" duration="00:00:00.0020000" startTime="2018-07-24T11:07:30.3790445-04:00" endTime="2018-07-24T11:07:30.3790462-04:00" testType="13cdc9d9-ddb5-4fa4-a97d-d965ccfc6d4b" outcome="Passed" testListId="8c84fa94-04c1-424b-9868-57a2d4851a1d" relativeResultsDirectory="f24c0446-f3fb-416a-9279-72975fb43978" /><UnitTestResult executionId="268bd764-52eb-4977-a77b-3d2528693fc9" testId="2267569a-69ae-4a58-bc6a-9de62b6ebcbf" testName="GetSingle_ValidIdPropertyValueReturnsCorrectModel" computerName="VECTOR" duration="00:00:00.0090000" startTime="2018-07-24T11:07:30.0241323-04:00" endTime="2018-07-24T11:07:30.0241408-04:00" testType="13cdc9d9-ddb5-4fa4-a97d-d965ccfc6d4b" outcome="Passed" testListId="8c84fa94-04c1-424b-9868-57a2d4851a1d" relativeResultsDirectory="268bd764-52eb-4977-a77b-3d2528693fc9" /><UnitTestResult executionId="9d353156-43b5-42b9-bc7a-ca39cd501254" testId="70c305e3-6d95-4c7f-89d8-2a60f553fb75" testName="Post_CanCreateNewModel" computerName="VECTOR" duration="00:00:00.1630000" startTime="2018-07-24T11:07:32.8679426-04:00" endTime="2018-07-24T11:07:32.8679491-04:00" testType="13cdc9d9-ddb5-4fa4-a97d-d965ccfc6d4b" outcome="Passed" testListId="8c84fa94-04c1-424b-9868-57a2d4851a1d" relativeResultsDirectory="9d353156-43b5-42b9-bc7a-ca39cd501254" /><UnitTestResult executionId="864287bd-59ad-4e59-942d-8b631f5d45b0" testId="44d41f0f-836c-40a3-ba71-abec5c9141a3" testName="Patch_TargetPropertyIsUpdated" computerName="VECTOR" duration="00:00:00.6730000" startTime="2018-07-24T11:07:31.1602451-04:00" endTime="2018-07-24T11:07:31.1602542-04:00" testType="13cdc9d9-ddb5-4fa4-a97d-d965ccfc6d4b" outcome="Passed" testListId="8c84fa94-04c1-424b-9868-57a2d4851a1d" relativeResultsDirectory="864287bd-59ad-4e59-942d-8b631f5d45b0" /><UnitTestResult executionId="f6a755ef-2219-473c-9cc3-c542cedf4c67" testId="19bb1b84-c32a-442e-bc5a-66a88bd40786" testName="LucyCameraFindsAllDependents" computerName="VECTOR" duration="00:00:00.0070000" startTime="2018-07-24T11:07:28.2796534-04:00" endTime="2018-07-24T11:07:28.2796562-04:00" testType="13cdc9d9-ddb5-4fa4-a97d-d965ccfc6d4b" outcome="Passed" testListId="8c84fa94-04c1-424b-9868-57a2d4851a1d" relativeResultsDirectory="f6a755ef-2219-473c-9cc3-c542cedf4c67" /><UnitTestResult executionId="459bcf61-68ec-4c11-acd4-99bbd2ab3680" testId="d63cb1f8-21d4-4eab-b8a4-a0408a5c880e" testName="Patch_InvalidEnumPropertyValueReturnsBadRequest" computerName="VECTOR" duration="00:00:00.0020000" startTime="2018-07-24T11:07:30.0263616-04:00" endTime="2018-07-24T11:07:30.0263647-04:00" testType="13cdc9d9-ddb5-4fa4-a97d-d965ccfc6d4b" outcome="Passed" testListId="8c84fa94-04c1-424b-9868-57a2d4851a1d" relativeResultsDirectory="459bcf61-68ec-4c11-acd4-99bbd2ab3680" /><UnitTestResult executionId="a538901f-6398-4a4f-a881-236cd8950f22" testId="927c9fdc-3fa6-4bb8-bc78-3573848955f0" testName="GetFile_FileCanBeRoundTripped" computerName="VECTOR" duration="00:00:00.3410000" startTime="2018-07-24T11:08:02.2471345-04:00" endTime="2018-07-24T11:08:02.2471424-04:00" testType="13cdc9d9-ddb5-4fa4-a97d-d965ccfc6d4b" outcome="Passed" testListId="8c84fa94-04c1-424b-9868-57a2d4851a1d" relativeResultsDirectory="a538901f-6398-4a4f-a881-236cd8950f22" /><UnitTestResult executionId="24e357ea-9c84-44c3-a504-d4be3836559a" testId="9964cf5d-efef-4ce5-a660-0b302b93556f" testName="Patch_InvalidIdPropertyReturnsNotFound" computerName="VECTOR" duration="00:00:00.0080000" startTime="2018-07-24T11:07:55.6599529-04:00" endTime="2018-07-24T11:07:55.6599614-04:00" testType="13cdc9d9-ddb5-4fa4-a97d-d965ccfc6d4b" outcome="Passed" testListId="8c84fa94-04c1-424b-9868-57a2d4851a1d" relativeResultsDirectory="24e357ea-9c84-44c3-a504-d4be3836559a" /><UnitTestResult executionId="fe684cd7-cc53-4a50-86c6-28534bb62374" testId="6b94f495-f451-446a-9813-8472176356ff" testName="PutFile_NewFileCanBePut" computerName="VECTOR" duration="00:00:00.2880000" startTime="2018-07-24T11:08:01.2645658-04:00" endTime="2018-07-24T11:08:01.2645738-04:00" testType="13cdc9d9-ddb5-4fa4-a97d-d965ccfc6d4b" outcome="Passed" testListId="8c84fa94-04c1-424b-9868-57a2d4851a1d" relativeResultsDirectory="fe684cd7-cc53-4a50-86c6-28534bb62374" /><UnitTestResult executionId="fe9f6737-ad6f-4e34-8f19-23e5cd2cf1b9" testId="2547c714-19c4-46a8-af93-3e15c18f5048" testName="Post_InvalidReferencePropertyReturnsBadRequest" computerName="VECTOR" duration="00:00:00.0020000" startTime="2018-07-24T11:07:28.8272451-04:00" endTime="2018-07-24T11:07:28.8272460-04:00" testType="13cdc9d9-ddb5-4fa4-a97d-d965ccfc6d4b" outcome="Passed" testListId="8c84fa94-04c1-424b-9868-57a2d4851a1d" relativeResultsDirectory="fe9f6737-ad6f-4e34-8f19-23e5cd2cf1b9" /><UnitTestResult executionId="b02d0bb0-d8ea-4fd3-87e8-754d6750f3fe" testId="c17a85c6-b02d-46b9-b9a5-3395cd7769c5" testName="Patch_InvalidPropertyNameReturnsBadRequest" computerName="VECTOR" duration="00:00:00.0070000" startTime="2018-07-24T11:08:03.2230022-04:00" endTime="2018-07-24T11:08:03.2230051-04:00" testType="13cdc9d9-ddb5-4fa4-a97d-d965ccfc6d4b" outcome="Passed" testListId="8c84fa94-04c1-424b-9868-57a2d4851a1d" relativeResultsDirectory="b02d0bb0-d8ea-4fd3-87e8-754d6750f3fe" /><UnitTestResult executionId="ae4f9125-b0da-464d-9700-75eec7f9bd9e" testId="09d2d5ee-4898-45de-b295-8a1ca8ed0cd5" testName="Post_ValidReferencePropertyCreatesModel" computerName="VECTOR" duration="00:00:00.1430000" startTime="2018-07-24T11:07:41.3320637-04:00" endTime="2018-07-24T11:07:41.3320711-04:00" testType="13cdc9d9-ddb5-4fa4-a97d-d965ccfc6d4b" outcome="Passed" testListId="8c84fa94-04c1-424b-9868-57a2d4851a1d" relativeResultsDirectory="ae4f9125-b0da-464d-9700-75eec7f9bd9e" /><UnitTestResult executionId="ddcce478-42c4-45f8-9123-7f6f0e35973a" testId="71c36684-7481-4002-9634-bb7b57495f38" testName="FileRequest_FileCanBeReadAfterRename" computerName="VECTOR" duration="00:00:00.4080000" startTime="2018-07-24T11:07:34.6165148-04:00" endTime="2018-07-24T11:07:34.6165230-04:00" testType="13cdc9d9-ddb5-4fa4-a97d-d965ccfc6d4b" outcome="Passed" testListId="8c84fa94-04c1-424b-9868-57a2d4851a1d" relativeResultsDirectory="ddcce478-42c4-45f8-9123-7f6f0e35973a" /><UnitTestResult executionId="e000aebb-8601-4c7a-8d0d-08d3f5dd3f9c" testId="074a86ca-3f1d-4102-aa55-ff9c207a2823" testName="Patch_ValidReferencePropertyUpdatesModel" computerName="VECTOR" duration="00:00:00.0050000" startTime="2018-07-24T11:07:28.2936642-04:00" endTime="2018-07-24T11:07:28.2936664-04:00" testType="13cdc9d9-ddb5-4fa4-a97d-d965ccfc6d4b" outcome="Passed" testListId="8c84fa94-04c1-424b-9868-57a2d4851a1d" relativeResultsDirectory="e000aebb-8601-4c7a-8d0d-08d3f5dd3f9c" /><UnitTestResult executionId="fa5ed6cf-2d26-467a-8150-68aecdcce8fa" testId="4513c38a-3cbe-4c0e-82c8-8e4742cffd54" testName="GetSingle_InvalidIdPropertyValueReturnsNotFound" computerName="VECTOR" duration="00:00:00.0110000" startTime="2018-07-24T11:07:37.4624250-04:00" endTime="2018-07-24T11:07:37.4624335-04:00" testType="13cdc9d9-ddb5-4fa4-a97d-d965ccfc6d4b" outcome="Passed" testListId="8c84fa94-04c1-424b-9868-57a2d4851a1d" relativeResultsDirectory="fa5ed6cf-2d26-467a-8150-68aecdcce8fa" /><UnitTestResult executionId="2b105e5d-610c-4703-b421-0f58ccc8483b" testId="58610710-1367-436d-9eae-19a0a62c7f1f" testName="Post_InvalidReferencePropertyReturnsBadRequest" computerName="VECTOR" duration="00:00:00.0080000" startTime="2018-07-24T11:08:02.7201780-04:00" endTime="2018-07-24T11:08:02.7201854-04:00" testType="13cdc9d9-ddb5-4fa4-a97d-d965ccfc6d4b" outcome="Passed" testListId="8c84fa94-04c1-424b-9868-57a2d4851a1d" relativeResultsDirectory="2b105e5d-610c-4703-b421-0f58ccc8483b" /><UnitTestResult executionId="277775e3-a034-4867-b955-2d05224c2ad4" testId="fcfa1a32-fe62-404e-b569-dff2a2540ad2" testName="Post_CanCreateNewModel" computerName="VECTOR" duration="00:00:00.1960000" startTime="2018-07-24T11:07:55.8567303-04:00" endTime="2018-07-24T11:07:55.8567377-04:00" testType="13cdc9d9-ddb5-4fa4-a97d-d965ccfc6d4b" outcome="Passed" testListId="8c84fa94-04c1-424b-9868-57a2d4851a1d" relativeResultsDirectory="277775e3-a034-4867-b955-2d05224c2ad4" /><UnitTestResult executionId="020d64e7-7c32-480f-8625-d5aa5e2a6ed3" testId="d1cffb20-b69b-4c5b-a0a2-289c6beab395" testName="GetFile_NonExistentFileReturnsNotFound" computerName="VECTOR" duration="00:00:00.0150000" startTime="2018-07-24T11:07:35.2882589-04:00" endTime="2018-07-24T11:07:35.2882694-04:00" testType="13cdc9d9-ddb5-4fa4-a97d-d965ccfc6d4b" outcome="Passed" testListId="8c84fa94-04c1-424b-9868-57a2d4851a1d" relativeResultsDirectory="020d64e7-7c32-480f-8625-d5aa5e2a6ed3" /><UnitTestResult executionId="2806994f-736e-4a0d-b47d-9493fb0339d6" testId="51c65bed-2e6b-412e-9ea0-6eebc0a4798f" testName="Post_InvalidReferencePropertyReturnsBadRequest" computerName="VECTOR" duration="00:00:00.0080000" startTime="2018-07-24T11:07:41.1659165-04:00" endTime="2018-07-24T11:07:41.1659262-04:00" testType="13cdc9d9-ddb5-4fa4-a97d-d965ccfc6d4b" outcome="Passed" testListId="8c84fa94-04c1-424b-9868-57a2d4851a1d" relativeResultsDirectory="2806994f-736e-4a0d-b47d-9493fb0339d6" /><UnitTestResult executionId="1d680829-d7ae-40a0-931d-328e25b77cde" testId="dd7e240f-3832-4854-983c-f414769a5ea4" testName="Put_InvalidIdReturnsNotFound" computerName="VECTOR" duration="00:00:00.0540000" startTime="2018-07-24T11:07:31.5853060-04:00" endTime="2018-07-24T11:07:31.5853166-04:00" testType="13cdc9d9-ddb5-4fa4-a97d-d965ccfc6d4b" outcome="Passed" testListId="8c84fa94-04c1-424b-9868-57a2d4851a1d" relativeResultsDirectory="1d680829-d7ae-40a0-931d-328e25b77cde" /><UnitTestResult executionId="90a8e87e-c389-423d-9e3e-e17bec9386e7" testId="be3c9052-2e42-4a4f-bde0-4583b749cce1" testName="Patch_ValidReferencePropertyUpdatesModel" computerName="VECTOR" duration="00:00:00.2700000" startTime="2018-07-24T11:08:03.4975184-04:00" endTime="2018-07-24T11:08:03.4975255-04:00" testType="13cdc9d9-ddb5-4fa4-a97d-d965ccfc6d4b" outcome="Passed" testListId="8c84fa94-04c1-424b-9868-57a2d4851a1d" relativeResultsDirectory="90a8e87e-c389-423d-9e3e-e17bec9386e7" /><UnitTestResult executionId="43e8f0b2-bf2b-402f-9d82-5a8fb471132a" testId="b7cbae38-69e6-4901-88ac-1e56c640c65a" testName="GetFile_NonExistentFileReturnsNotFound" computerName="VECTOR" duration="00:00:00.0170000" startTime="2018-07-24T11:07:41.5974021-04:00" endTime="2018-07-24T11:07:41.5974086-04:00" testType="13cdc9d9-ddb5-4fa4-a97d-d965ccfc6d4b" outcome="Passed" testListId="8c84fa94-04c1-424b-9868-57a2d4851a1d" relativeResultsDirectory="43e8f0b2-bf2b-402f-9d82-5a8fb471132a" /><UnitTestResult executionId="4550600c-4efd-4b10-80de-70e98f29cd61" testId="34b57046-f7dc-40c3-b273-7a8bf65b5f9c" testName="GetSingle_InvalidIdPropertyValueReturnsNotFound" computerName="VECTOR" duration="00:00:00.0060000" startTime="2018-07-24T11:07:41.1574020-04:00" endTime="2018-07-24T11:07:41.1574117-04:00" testType="13cdc9d9-ddb5-4fa4-a97d-d965ccfc6d4b" outcome="Passed" testListId="8c84fa94-04c1-424b-9868-57a2d4851a1d" relativeResultsDirectory="4550600c-4efd-4b10-80de-70e98f29cd61" /><UnitTestResult executionId="8c311960-2337-4821-8de8-d32ec049297b" testId="6b416512-b340-4d6f-98eb-2c1b3debba36" testName="Post_InvalidPropertyValueReturnsBadRequest" computerName="VECTOR" duration="00:00:00.0030000" startTime="2018-07-24T11:07:41.5798848-04:00" endTime="2018-07-24T11:07:41.5798911-04:00" testType="13cdc9d9-ddb5-4fa4-a97d-d965ccfc6d4b" outcome="Passed" testListId="8c84fa94-04c1-424b-9868-57a2d4851a1d" relativeResultsDirectory="8c311960-2337-4821-8de8-d32ec049297b" /><UnitTestResult executionId="905f5a7e-c55c-4820-b345-d00f8735ff05" testId="b1fc807d-2220-4db6-834c-6353e9ff68c9" testName="GetSingle_InvalidIdPropertyValueReturnsNotFound" computerName="VECTOR" duration="00:00:00.0200000" startTime="2018-07-24T11:07:31.5304595-04:00" endTime="2018-07-24T11:07:31.5304660-04:00" testType="13cdc9d9-ddb5-4fa4-a97d-d965ccfc6d4b" outcome="Passed" testListId="8c84fa94-04c1-424b-9868-57a2d4851a1d" relativeResultsDirectory="905f5a7e-c55c-4820-b345-d00f8735ff05" /><UnitTestResult executionId="f8a1d59a-e1cd-47b4-bc13-c5a07ce9aecf" testId="90bdeb46-c336-4ce5-a629-da9e511c6518" testName="Patch_InvalidReferencePropertyReturnsBadRequest" computerName="VECTOR" duration="00:00:00.0190000" startTime="2018-07-24T11:08:03.5171012-04:00" endTime="2018-07-24T11:08:03.5171075-04:00" testType="13cdc9d9-ddb5-4fa4-a97d-d965ccfc6d4b" outcome="Passed" testListId="8c84fa94-04c1-424b-9868-57a2d4851a1d" relativeResultsDirectory="f8a1d59a-e1cd-47b4-bc13-c5a07ce9aecf" /><UnitTestResult executionId="896df81b-3792-4763-8f70-04aa54003eb9" testId="d4d617aa-ea15-41c2-8877-7a7d37f6f6d8" testName="Post_ValidReferencePropertyCreatesModel" computerName="VECTOR" duration="00:00:00.1480000" startTime="2018-07-24T11:08:03.1814222-04:00" endTime="2018-07-24T11:08:03.1814304-04:00" testType="13cdc9d9-ddb5-4fa4-a97d-d965ccfc6d4b" outcome="Passed" testListId="8c84fa94-04c1-424b-9868-57a2d4851a1d" relativeResultsDirectory="896df81b-3792-4763-8f70-04aa54003eb9" /><UnitTestResult executionId="c89cfa9d-f6df-4694-a542-0f83a12ab909" testId="7c87ba5b-cdaa-4a8e-8b60-dc6d4bd2c0b7" testName="PostFile_NewFileCanBePosted" computerName="VECTOR" duration="00:00:00.2500000" startTime="2018-07-24T11:07:34.8665635-04:00" endTime="2018-07-24T11:07:34.8665712-04:00" testType="13cdc9d9-ddb5-4fa4-a97d-d965ccfc6d4b" outcome="Passed" testListId="8c84fa94-04c1-424b-9868-57a2d4851a1d" relativeResultsDirectory="c89cfa9d-f6df-4694-a542-0f83a12ab909" /><UnitTestResult executionId="56e1d6a9-a46b-4f2e-b60e-95b9e8e33d7a" testId="6bdd98ce-4924-4de0-8069-2f13145dc8f6" testName="Patch_InvalidIdPropertyReturnsNotFound" computerName="VECTOR" duration="00:00:00.0070000" startTime="2018-07-24T11:08:03.2158700-04:00" endTime="2018-07-24T11:08:03.2158768-04:00" testType="13cdc9d9-ddb5-4fa4-a97d-d965ccfc6d4b" outcome="Passed" testListId="8c84fa94-04c1-424b-9868-57a2d4851a1d" relativeResultsDirectory="56e1d6a9-a46b-4f2e-b60e-95b9e8e33d7a" /><UnitTestResult executionId="7f24a10e-155d-45ab-9273-91fc8c6e43aa" testId="94143433-94e1-48d3-a0d8-b54096fd0974" testName="Patch_TargetPropertyIsUpdated" computerName="VECTOR" duration="00:00:00.3010000" startTime="2018-07-24T11:08:04.1400491-04:00" endTime="2018-07-24T11:08:04.1400605-04:00" testType="13cdc9d9-ddb5-4fa4-a97d-d965ccfc6d4b" outcome="Passed" testListId="8c84fa94-04c1-424b-9868-57a2d4851a1d" relativeResultsDirectory="7f24a10e-155d-45ab-9273-91fc8c6e43aa" /><UnitTestResult executionId="b06ff377-6ff3-4afd-bcce-794863f8d30a" testId="d8aee427-2c05-4eff-9ec9-b4e9bd78060d" testName="GetFile_ExistingFileReturnsSuccess" computerName="VECTOR" duration="00:00:00.0890000" startTime="2018-07-24T11:07:34.2076566-04:00" endTime="2018-07-24T11:07:34.2076643-04:00" testType="13cdc9d9-ddb5-4fa4-a97d-d965ccfc6d4b" outcome="Passed" testListId="8c84fa94-04c1-424b-9868-57a2d4851a1d" relativeResultsDirectory="b06ff377-6ff3-4afd-bcce-794863f8d30a" /></Results><TestDefinitions><UnitTest name="Patch_TargetPropertyIsUpdated" storage="d:\users\steve knipmeyer\documents\github\modelrelief\modelrelief.test\bin\debug\netcoreapp2.0\modelrelief.test.dll" id="2494ec48-a58c-4f9e-bb1f-bbca9f4b76c3"><Execution id="56e192b2-7368-404d-93a1-15ba450fdeb4" /><TestMethod codeBase="D:\Users\Steve Knipmeyer\Documents\GitHub\ModelRelief\ModelRelief.test\bin\Debug\netcoreapp2.0\ModelRelief.Test.dll" adapterTypeName="executor://xunit/VsTestRunner2/netcoreapp" className="ModelRelief.Test.Integration.DepthBuffers.DepthBuffersBaseIntegrationTests" name="Patch_TargetPropertyIsUpdated" /></UnitTest><UnitTest name="GetList_ListReturnsCorrectCount" storage="d:\users\steve knipmeyer\documents\github\modelrelief\modelrelief.test\bin\debug\netcoreapp2.0\modelrelief.test.dll" id="dfafedf9-92e0-4d33-97b8-ea2fe8d42434"><Execution id="7a9b31fe-a42f-41b7-9e0f-e545b6d3ae74" /><TestMethod codeBase="D:\Users\Steve Knipmeyer\Documents\GitHub\ModelRelief\ModelRelief.test\bin\Debug\netcoreapp2.0\ModelRelief.Test.dll" adapterTypeName="executor://xunit/VsTestRunner2/netcoreapp" className="ModelRelief.Test.Integration.Meshes.MeshesBaseIntegrationTests" name="GetList_ListReturnsCorrectCount" /></UnitTest><UnitTest name="Put_InvalidReferencePropertyReturndBadRequest" storage="d:\users\steve knipmeyer\documents\github\modelrelief\modelrelief.test\bin\debug\netcoreapp2.0\modelrelief.test.dll" id="f6a3d2d6-f09c-49e6-b1de-ffc9f3014ed3"><Execution id="f24c0446-f3fb-416a-9279-72975fb43978" /><TestMethod codeBase="D:\Users\Steve Knipmeyer\Documents\GitHub\ModelRelief\ModelRelief.test\bin\Debug\netcoreapp2.0\ModelRelief.Test.dll" adapterTypeName="executor://xunit/VsTestRunner2/netcoreapp" className="ModelRelief.Test.Integration.Projects.ProjectsBaseIntegrationTests" name="Put_InvalidReferencePropertyReturndBadRequest" /></UnitTest><UnitTest name="Put_InvalidReferencePropertyReturndBadRequest" storage="d:\users\steve knipmeyer\documents\github\modelrelief\modelrelief.test\bin\debug\netcoreapp2.0\modelrelief.test.dll" id="81992a4b-4477-4ae4-9196-2177dd033da1"><Execution id="90191f3f-1ccd-4517-8e60-d26db46abb1d" /><TestMethod codeBase="D:\Users\Steve Knipmeyer\Documents\GitHub\ModelRelief\ModelRelief.test\bin\Debug\netcoreapp2.0\ModelRelief.Test.dll" adapterTypeName="executor://xunit/VsTestRunner2/netcoreapp" className="ModelRelief.Test.Integration.DepthBuffers.DepthBuffersBaseIntegrationTests" name="Put_InvalidReferencePropertyReturndBadRequest" /></UnitTest><UnitTest name="FileRequest_MeshGenerateSetsFileIsSynchronized" storage="d:\users\steve knipmeyer\documents\github\modelrelief\modelrelief.test\bin\debug\netcoreapp2.0\modelrelief.test.dll" id="1f06443a-b55d-4fb7-b875-f18bb8ad165e"><Execution id="549514b9-85e1-40d6-af10-d8d82f7726d8" /><TestMethod codeBase="D:\Users\Steve Knipmeyer\Documents\GitHub\ModelRelief\ModelRelief.test\bin\Debug\netcoreapp2.0\ModelRelief.Test.dll" adapterTypeName="executor://xunit/VsTestRunner2/netcoreapp" className="ModelRelief.Test.Integration.Meshes.MeshesFileIntegrationTests" name="FileRequest_MeshGenerateSetsFileIsSynchronized" /></UnitTest><UnitTest name="Delete_TargetModelIsDeleted" storage="d:\users\steve knipmeyer\documents\github\modelrelief\modelrelief.test\bin\debug\netcoreapp2.0\modelrelief.test.dll" id="49f16952-b9a1-4fd7-9ab0-2b09d066d388"><Execution id="a38cd00f-e2f4-456f-b360-90ee432245ff" /><TestMethod codeBase="D:\Users\Steve Knipmeyer\Documents\GitHub\ModelRelief\ModelRelief.test\bin\Debug\netcoreapp2.0\ModelRelief.Test.dll" adapterTypeName="executor://xunit/VsTestRunner2/netcoreapp" className="ModelRelief.Test.Integration.MeshTransforms.MeshTransformsBaseIntegrationTests" name="Delete_TargetModelIsDeleted" /></UnitTest><UnitTest name="GetSingle_InvalidIdPropertyValueReturnsNotFound" storage="d:\users\steve knipmeyer\documents\github\modelrelief\modelrelief.test\bin\debug\netcoreapp2.0\modelrelief.test.dll" id="a6695578-4ed7-4734-8f6a-fa0a89af7797"><Execution id="19849beb-63e2-42ff-b62d-2abd858c915b" /><TestMethod codeBase="D:\Users\Steve Knipmeyer\Documents\GitHub\ModelRelief\ModelRelief.test\bin\Debug\netcoreapp2.0\ModelRelief.Test.dll" adapterTypeName="executor://xunit/VsTestRunner2/netcoreapp" className="ModelRelief.Test.Integration.Cameras.CamerasBaseIntegrationTests" name="GetSingle_InvalidIdPropertyValueReturnsNotFound" /></UnitTest><UnitTest name="LucyDepthBufferFindsOneDependent" storage="d:\users\steve knipmeyer\documents\github\modelrelief\modelrelief.test\bin\debug\netcoreapp2.0\modelrelief.test.dll" id="8eff6064-5e85-4e3c-87bb-8c0320e251aa"><Execution id="cb17479a-a481-4250-9fca-d9f68792a2a0" /><TestMethod codeBase="D:\Users\Steve Knipmeyer\Documents\GitHub\ModelRelief\ModelRelief.test\bin\Debug\netcoreapp2.0\ModelRelief.Test.dll" adapterTypeName="executor://xunit/VsTestRunner2/netcoreapp" className="ModelRelief.Test.Unit.DependencyManager.DependencyManagerTests" name="LucyDepthBufferFindsOneDependent" /></UnitTest><UnitTest name="Patch_InvalidReferencePropertyReturnsBadRequest" storage="d:\users\steve knipmeyer\documents\github\modelrelief\modelrelief.test\bin\debug\netcoreapp2.0\modelrelief.test.dll" id="4f45ca91-dc45-4439-bbee-4f84940e0ed4"><Execution id="32681272-ddc2-4645-98d5-b27043fd0873" /><TestMethod codeBase="D:\Users\Steve Knipmeyer\Documents\GitHub\ModelRelief\ModelRelief.test\bin\Debug\netcoreapp2.0\ModelRelief.Test.dll" adapterTypeName="executor://xunit/VsTestRunner2/netcoreapp" className="ModelRelief.Test.Integration.Meshes.MeshesBaseIntegrationTests" name="Patch_InvalidReferencePropertyReturnsBadRequest" /></UnitTest><UnitTest name="Patch_InvalidPropertyNameReturnsBadRequest" storage="d:\users\steve knipmeyer\documents\github\modelrelief\modelrelief.test\bin\debug\netcoreapp2.0\modelrelief.test.dll" id="bf519fdc-c0ec-44d5-8897-a9e2a4e9550f"><Execution id="035682d3-ae0e-4ead-bbb0-627b72465bb8" /><TestMethod codeBase="D:\Users\Steve Knipmeyer\Documents\GitHub\ModelRelief\ModelRelief.test\bin\Debug\netcoreapp2.0\ModelRelief.Test.dll" adapterTypeName="executor://xunit/VsTestRunner2/netcoreapp" className="ModelRelief.Test.Integration.Meshes.MeshesBaseIntegrationTests" name="Patch_InvalidPropertyNameReturnsBadRequest" /></UnitTest><UnitTest name="GetFile_ExistingFileReturnsSuccess" storage="d:\users\steve knipmeyer\documents\github\modelrelief\modelrelief.test\bin\debug\netcoreapp2.0\modelrelief.test.dll" id="d8aee427-2c05-4eff-9ec9-b4e9bd78060d"><Execution id="b06ff377-6ff3-4afd-bcce-794863f8d30a" /><TestMethod codeBase="D:\Users\Steve Knipmeyer\Documents\GitHub\ModelRelief\ModelRelief.test\bin\Debug\netcoreapp2.0\ModelRelief.Test.dll" adapterTypeName="executor://xunit/VsTestRunner2/netcoreapp" className="ModelRelief.Test.Integration.Models.ModelsFileIntegrationTests" name="GetFile_ExistingFileReturnsSuccess" /></UnitTest><UnitTest name="Put_ValidReferencePropertyUpdatesModel" storage="d:\users\steve knipmeyer\documents\github\modelrelief\modelrelief.test\bin\debug\netcoreapp2.0\modelrelief.test.dll" id="a3991b67-fcac-41bb-83ff-0ddce0ba304c"><Execution id="aa6af114-2832-4bf0-ad5c-0dbae07a9ae1" /><TestMethod codeBase="D:\Users\Steve Knipmeyer\Documents\GitHub\ModelRelief\ModelRelief.test\bin\Debug\netcoreapp2.0\ModelRelief.Test.dll" adapterTypeName="executor://xunit/VsTestRunner2/netcoreapp" className="ModelRelief.Test.Integration.Cameras.CamerasBaseIntegrationTests" name="Put_ValidReferencePropertyUpdatesModel" /></UnitTest><UnitTest name="GetSingle_ValidIdPropertyValueReturnsCorrectModel" storage="d:\users\steve knipmeyer\documents\github\modelrelief\modelrelief.test\bin\debug\netcoreapp2.0\modelrelief.test.dll" id="49a47b93-1903-4e92-a7ea-30d6c699bbfc"><Execution id="31a93d60-61b0-4635-a68d-a50e6cb22d10" /><TestMethod codeBase="D:\Users\Steve Knipmeyer\Documents\GitHub\ModelRelief\ModelRelief.test\bin\Debug\netcoreapp2.0\ModelRelief.Test.dll" adapterTypeName="executor://xunit/VsTestRunner2/netcoreapp" className="ModelRelief.Test.Integration.MeshTransforms.MeshTransformsBaseIntegrationTests" name="GetSingle_ValidIdPropertyValueReturnsCorrectModel" /></UnitTest><UnitTest name="GetFile_FileCanBeRoundTripped" storage="d:\users\steve knipmeyer\documents\github\modelrelief\modelrelief.test\bin\debug\netcoreapp2.0\modelrelief.test.dll" id="927c9fdc-3fa6-4bb8-bc78-3573848955f0"><Execution id="a538901f-6398-4a4f-a881-236cd8950f22" /><TestMethod codeBase="D:\Users\Steve Knipmeyer\Documents\GitHub\ModelRelief\ModelRelief.test\bin\Debug\netcoreapp2.0\ModelRelief.Test.dll" adapterTypeName="executor://xunit/VsTestRunner2/netcoreapp" className="ModelRelief.Test.Integration.DepthBuffers.DepthBuffersFileIntegrationTests" name="GetFile_FileCanBeRoundTripped" /></UnitTest><UnitTest name="PostFile_FileIsSynchronizedIsUpdatedAfterFileIsPosted" storage="d:\users\steve knipmeyer\documents\github\modelrelief\modelrelief.test\bin\debug\netcoreapp2.0\modelrelief.test.dll" id="23fcdea3-ec3d-4633-8323-201ace67e68c"><Execution id="ffdc47de-d1b9-4150-a60c-ef49c1f0099a" /><TestMethod codeBase="D:\Users\Steve Knipmeyer\Documents\GitHub\ModelRelief\ModelRelief.test\bin\Debug\netcoreapp2.0\ModelRelief.Test.dll" adapterTypeName="executor://xunit/VsTestRunner2/netcoreapp" className="ModelRelief.Test.Integration.Meshes.MeshesFileIntegrationTests" name="PostFile_FileIsSynchronizedIsUpdatedAfterFileIsPosted" /></UnitTest><UnitTest name="Put_InvalidIdReturnsNotFound" storage="d:\users\steve knipmeyer\documents\github\modelrelief\modelrelief.test\bin\debug\netcoreapp2.0\modelrelief.test.dll" id="dd7e240f-3832-4854-983c-f414769a5ea4"><Execution id="1d680829-d7ae-40a0-931d-328e25b77cde" /><TestMethod codeBase="D:\Users\Steve Knipmeyer\Documents\GitHub\ModelRelief\ModelRelief.test\bin\Debug\netcoreapp2.0\ModelRelief.Test.dll" adapterTypeName="executor://xunit/VsTestRunner2/netcoreapp" className="ModelRelief.Test.Integration.Models.ModelsBaseIntegrationTests" name="Put_InvalidIdReturnsNotFound" /></UnitTest><UnitTest name="Post_ValidReferencePropertyCreatesModel" storage="d:\users\steve knipmeyer\documents\github\modelrelief\modelrelief.test\bin\debug\netcoreapp2.0\modelrelief.test.dll" id="9f98ea67-68ae-4840-8f5b-dafb6aae7f02"><Execution id="a99f8a45-edfe-416c-a7b8-3ac23d0b11dc" /><TestMethod codeBase="D:\Users\Steve Knipmeyer\Documents\GitHub\ModelRelief\ModelRelief.test\bin\Debug\netcoreapp2.0\ModelRelief.Test.dll" adapterTypeName="executor://xunit/VsTestRunner2/netcoreapp" className="ModelRelief.Test.Integration.Models.ModelsBaseIntegrationTests" name="Post_ValidReferencePropertyCreatesModel" /></UnitTest><UnitTest name="Delete_TargetModelIsDeleted" storage="d:\users\steve knipmeyer\documents\github\modelrelief\modelrelief.test\bin\debug\netcoreapp2.0\modelrelief.test.dll" id="356e8453-97ac-4ef7-ac25-a6828e91142d"><Execution id="85abb68d-3f1d-45ab-ad02-9d9dd6696f1f" /><TestMethod codeBase="D:\Users\Steve Knipmeyer\Documents\GitHub\ModelRelief\ModelRelief.test\bin\Debug\netcoreapp2.0\ModelRelief.Test.dll" adapterTypeName="executor://xunit/VsTestRunner2/netcoreapp" className="ModelRelief.Test.Integration.DepthBuffers.DepthBuffersBaseIntegrationTests" name="Delete_TargetModelIsDeleted" /></UnitTest><UnitTest name="Patch_ValidReferencePropertyUpdatesModel" storage="d:\users\steve knipmeyer\documents\github\modelrelief\modelrelief.test\bin\debug\netcoreapp2.0\modelrelief.test.dll" id="be3c9052-2e42-4a4f-bde0-4583b749cce1"><Execution id="90a8e87e-c389-423d-9e3e-e17bec9386e7" /><TestMethod codeBase="D:\Users\Steve Knipmeyer\Documents\GitHub\ModelRelief\ModelRelief.test\bin\Debug\netcoreapp2.0\ModelRelief.Test.dll" adapterTypeName="executor://xunit/VsTestRunner2/netcoreapp" className="ModelRelief.Test.Integration.Cameras.CamerasBaseIntegrationTests" name="Patch_ValidReferencePropertyUpdatesModel" /></UnitTest><UnitTest name="LucyCameraFindsAllDependents" storage="d:\users\steve knipmeyer\documents\github\modelrelief\modelrelief.test\bin\debug\netcoreapp2.0\modelrelief.test.dll" id="19bb1b84-c32a-442e-bc5a-66a88bd40786"><Execution id="f6a755ef-2219-473c-9cc3-c542cedf4c67" /><TestMethod codeBase="D:\Users\Steve Knipmeyer\Documents\GitHub\ModelRelief\ModelRelief.test\bin\Debug\netcoreapp2.0\ModelRelief.Test.dll" adapterTypeName="executor://xunit/VsTestRunner2/netcoreapp" className="ModelRelief.Test.Unit.DependencyManager.DependencyManagerTests" name="LucyCameraFindsAllDependents" /></UnitTest><UnitTest name="Patch_MultipleInvalidReferencePropertiesReturnsMultipleValidationErrorsAndBadRequest" storage="d:\users\steve knipmeyer\documents\github\modelrelief\modelrelief.test\bin\debug\netcoreapp2.0\modelrelief.test.dll" id="638e2dc1-8ec6-4eb0-b68c-732ce5d2b6b1"><Execution id="6a75bd77-f6b9-44db-95be-63c13cec953d" /><TestMethod codeBase="D:\Users\Steve Knipmeyer\Documents\GitHub\ModelRelief\ModelRelief.test\bin\Debug\netcoreapp2.0\ModelRelief.Test.dll" adapterTypeName="executor://xunit/VsTestRunner2/netcoreapp" className="ModelRelief.Test.Integration.Models.ModelsBaseIntegrationTests" name="Patch_MultipleInvalidReferencePropertiesReturnsMultipleValidationErrorsAndBadRequest" /></UnitTest><UnitTest name="Delete_TargetModelIsDeleted" storage="d:\users\steve knipmeyer\documents\github\modelrelief\modelrelief.test\bin\debug\netcoreapp2.0\modelrelief.test.dll" id="45e00f6b-d7ee-4f35-af35-e943b15bc5a2"><Execution id="bb7426f4-7791-47f9-a580-d64dccff41d8" /><TestMethod codeBase="D:\Users\Steve Knipmeyer\Documents\GitHub\ModelRelief\ModelRelief.test\bin\Debug\netcoreapp2.0\ModelRelief.Test.dll" adapterTypeName="executor://xunit/VsTestRunner2/netcoreapp" className="ModelRelief.Test.Integration.Meshes.MeshesBaseIntegrationTests" name="Delete_TargetModelIsDeleted" /></UnitTest><UnitTest name="GetFile_FileCanBeRoundTripped" storage="d:\users\steve knipmeyer\documents\github\modelrelief\modelrelief.test\bin\debug\netcoreapp2.0\modelrelief.test.dll" id="de34b4d0-59d4-418d-ad06-40d1d35b0299"><Execution id="a29f92f9-8162-4679-bf26-dbbe8cd71bf2" /><TestMethod codeBase="D:\Users\Steve Knipmeyer\Documents\GitHub\ModelRelief\ModelRelief.test\bin\Debug\netcoreapp2.0\ModelRelief.Test.dll" adapterTypeName="executor://xunit/VsTestRunner2/netcoreapp" className="ModelRelief.Test.Integration.Models.ModelsFileIntegrationTests" name="GetFile_FileCanBeRoundTripped" /></UnitTest><UnitTest name="Post_InvalidReferencePropertyReturnsBadRequest" storage="d:\users\steve knipmeyer\documents\github\modelrelief\modelrelief.test\bin\debug\netcoreapp2.0\modelrelief.test.dll" id="58610710-1367-436d-9eae-19a0a62c7f1f"><Execution id="2b105e5d-610c-4703-b421-0f58ccc8483b" /><TestMethod codeBase="D:\Users\Steve Knipmeyer\Documents\GitHub\ModelRelief\ModelRelief.test\bin\Debug\netcoreapp2.0\ModelRelief.Test.dll" adapterTypeName="executor://xunit/VsTestRunner2/netcoreapp" className="ModelRelief.Test.Integration.Cameras.CamerasBaseIntegrationTests" name="Post_InvalidReferencePropertyReturnsBadRequest" /></UnitTest><UnitTest name="PostFile_NewFileCanBePosted" storage="d:\users\steve knipmeyer\documents\github\modelrelief\modelrelief.test\bin\debug\netcoreapp2.0\modelrelief.test.dll" id="f9c1caa8-ed53-4053-a52e-0130ca51f7c2"><Execution id="9cc63a94-24d8-4fa6-b455-005ed16635b6" /><TestMethod codeBase="D:\Users\Steve Knipmeyer\Documents\GitHub\ModelRelief\ModelRelief.test\bin\Debug\netcoreapp2.0\ModelRelief.Test.dll" adapterTypeName="executor://xunit/VsTestRunner2/netcoreapp" className="ModelRelief.Test.Integration.DepthBuffers.DepthBuffersFileIntegrationTests" name="PostFile_NewFileCanBePosted" /></UnitTest><UnitTest name="Put_InvalidIdReturnsNotFound" storage="d:\users\steve knipmeyer\documents\github\modelrelief\modelrelief.test\bin\debug\netcoreapp2.0\modelrelief.test.dll" id="1b567f08-52d3-4b82-94b5-3b0cb5305c7f"><Execution id="147e766f-06d3-4361-96d4-ccd4431a4cda" /><TestMethod codeBase="D:\Users\Steve Knipmeyer\Documents\GitHub\ModelRelief\ModelRelief.test\bin\Debug\netcoreapp2.0\ModelRelief.Test.dll" adapterTypeName="executor://xunit/VsTestRunner2/netcoreapp" className="ModelRelief.Test.Integration.MeshTransforms.MeshTransformsBaseIntegrationTests" name="Put_InvalidIdReturnsNotFound" /></UnitTest><UnitTest name="Put_CanUpdateModel" storage="d:\users\steve knipmeyer\documents\github\modelrelief\modelrelief.test\bin\debug\netcoreapp2.0\modelrelief.test.dll" id="1f452e69-3adf-4ff5-af92-fe568ae5bf7f"><Execution id="5ecb70d1-d3ef-49d6-936c-95a9d2c70029" /><TestMethod codeBase="D:\Users\Steve Knipmeyer\Documents\GitHub\ModelRelief\ModelRelief.test\bin\Debug\netcoreapp2.0\ModelRelief.Test.dll" adapterTypeName="executor://xunit/VsTestRunner2/netcoreapp" className="ModelRelief.Test.Integration.DepthBuffers.DepthBuffersBaseIntegrationTests" name="Put_CanUpdateModel" /></UnitTest><UnitTest name="Patch_MultipleInvalidReferencePropertiesReturnsMultipleValidationErrorsAndBadRequest" storage="d:\users\steve knipmeyer\documents\github\modelrelief\modelrelief.test\bin\debug\netcoreapp2.0\modelrelief.test.dll" id="29eadd51-4721-42fe-96b4-b80612230a63"><Execution id="21d58728-2b1a-443d-bd48-ae0f4f6351c6" /><TestMethod codeBase="D:\Users\Steve Knipmeyer\Documents\GitHub\ModelRelief\ModelRelief.test\bin\Debug\netcoreapp2.0\ModelRelief.Test.dll" adapterTypeName="executor://xunit/VsTestRunner2/netcoreapp" className="ModelRelief.Test.Integration.MeshTransforms.MeshTransformsBaseIntegrationTests" name="Patch_MultipleInvalidReferencePropertiesReturnsMultipleValidationErrorsAndBadRequest" /></UnitTest><UnitTest name="Patch_InvalidIdPropertyReturnsNotFound" storage="d:\users\steve knipmeyer\documents\github\modelrelief\modelrelief.test\bin\debug\netcoreapp2.0\modelrelief.test.dll" id="9465ec39-8b39-4786-8bb0-530cb9aba875"><Execution id="62612752-5f5e-4687-b29d-ddb24b56bdb8" /><TestMethod codeBase="D:\Users\Steve Knipmeyer\Documents\GitHub\ModelRelief\ModelRelief.test\bin\Debug\netcoreapp2.0\ModelRelief.Test.dll" adapterTypeName="executor://xunit/VsTestRunner2/netcoreapp" className="ModelRelief.Test.Integration.Models.ModelsBaseIntegrationTests" name="Patch_InvalidIdPropertyReturnsNotFound" /></UnitTest><UnitTest name="Put_CanUpdateModel" storage="d:\users\steve knipmeyer\documents\github\modelrelief\modelrelief.test\bin\debug\netcoreapp2.0\modelrelief.test.dll" id="234edc83-4758-4cb2-8846-ccd05c00bc8f"><Execution id="35a472ef-f2b8-4ee9-ad32-31bc5fcc4e52" /><TestMethod codeBase="D:\Users\Steve Knipmeyer\Documents\GitHub\ModelRelief\ModelRelief.test\bin\Debug\netcoreapp2.0\ModelRelief.Test.dll" adapterTypeName="executor://xunit/VsTestRunner2/netcoreapp" className="ModelRelief.Test.Integration.MeshTransforms.MeshTransformsBaseIntegrationTests" name="Put_CanUpdateModel" /></UnitTest><UnitTest name="Post_InvalidReferencePropertyReturnsBadRequest" storage="d:\users\steve knipmeyer\documents\github\modelrelief\modelrelief.test\bin\debug\netcoreapp2.0\modelrelief.test.dll" id="bb4c020c-cec0-4959-8fc5-77d2b3027550"><Execution id="f94f08a5-1e69-4966-b2b3-4253adcfa5ac" /><TestMethod codeBase="D:\Users\Steve Knipmeyer\Documents\GitHub\ModelRelief\ModelRelief.test\bin\Debug\netcoreapp2.0\ModelRelief.Test.dll" adapterTypeName="executor://xunit/VsTestRunner2/netcoreapp" className="ModelRelief.Test.Integration.Models.ModelsBaseIntegrationTests" name="Post_InvalidReferencePropertyReturnsBadRequest" /></UnitTest><UnitTest name="GetSingle_ValidIdPropertyValueReturnsCorrectModel" storage="d:\users\steve knipmeyer\documents\github\modelrelief\modelrelief.test\bin\debug\netcoreapp2.0\modelrelief.test.dll" id="5bba7b5a-cc7f-4222-82a4-2c0d715c09bf"><Execution id="5ea1592d-db2c-4c80-88a7-9f7fe46c4255" /><TestMethod codeBase="D:\Users\Steve Knipmeyer\Documents\GitHub\ModelRelief\ModelRelief.test\bin\Debug\netcoreapp2.0\ModelRelief.Test.dll" adapterTypeName="executor://xunit/VsTestRunner2/netcoreapp" className="ModelRelief.Test.Integration.DepthBuffers.DepthBuffersBaseIntegrationTests" name="GetSingle_ValidIdPropertyValueReturnsCorrectModel" /></UnitTest><UnitTest name="Model3dHasExpectedDependentFiles" storage="d:\users\steve knipmeyer\documents\github\modelrelief\modelrelief.test\bin\debug\netcoreapp2.0\modelrelief.test.dll" id="64d2ac59-3ab4-4ab2-8422-98c342e0ed92"><Execution id="4cebdb88-4c02-4206-a98f-236fd51c8456" /><TestMethod codeBase="D:\Users\Steve Knipmeyer\Documents\GitHub\ModelRelief\ModelRelief.test\bin\Debug\netcoreapp2.0\ModelRelief.Test.dll" adapterTypeName="executor://xunit/VsTestRunner2/netcoreapp" className="ModelRelief.Test.Unit.DependencyManager.DependencyManagerTests" name="Model3dHasExpectedDependentFiles" /></UnitTest><UnitTest name="GetSingle_ValidIdPropertyValueReturnsCorrectModel" storage="d:\users\steve knipmeyer\documents\github\modelrelief\modelrelief.test\bin\debug\netcoreapp2.0\modelrelief.test.dll" id="2267569a-69ae-4a58-bc6a-9de62b6ebcbf"><Execution id="268bd764-52eb-4977-a77b-3d2528693fc9" /><TestMethod codeBase="D:\Users\Steve Knipmeyer\Documents\GitHub\ModelRelief\ModelRelief.test\bin\Debug\netcoreapp2.0\ModelRelief.Test.dll" adapterTypeName="executor://xunit/VsTestRunner2/netcoreapp" className="ModelRelief.Test.Integration.Projects.ProjectsBaseIntegrationTests" name="GetSingle_ValidIdPropertyValueReturnsCorrectModel" /></UnitTest><UnitTest name="Put_ValidReferencePropertyUpdatesModel" storage="d:\users\steve knipmeyer\documents\github\modelrelief\modelrelief.test\bin\debug\netcoreapp2.0\modelrelief.test.dll" id="5a6b3c4c-faff-4edb-850d-57ba732de59a"><Execution id="f91fcce8-01a1-40e2-97e3-e117fea185f1" /><TestMethod codeBase="D:\Users\Steve Knipmeyer\Documents\GitHub\ModelRelief\ModelRelief.test\bin\Debug\netcoreapp2.0\ModelRelief.Test.dll" adapterTypeName="executor://xunit/VsTestRunner2/netcoreapp" className="ModelRelief.Test.Integration.Meshes.MeshesBaseIntegrationTests" name="Put_ValidReferencePropertyUpdatesModel" /></UnitTest><UnitTest name="Patch_InvalidReferencePropertyReturnsBadRequest" storage="d:\users\steve knipmeyer\documents\github\modelrelief\modelrelief.test\bin\debug\netcoreapp2.0\modelrelief.test.dll" id="170c2aa0-3527-4e15-98a8-3bbd549bcb49"><Execution id="19287470-3df1-4536-a4a7-43f59572b0eb" /><TestMethod codeBase="D:\Users\Steve Knipmeyer\Documents\GitHub\ModelRelief\ModelRelief.test\bin\Debug\netcoreapp2.0\ModelRelief.Test.dll" adapterTypeName="executor://xunit/VsTestRunner2/netcoreapp" className="ModelRelief.Test.Integration.Projects.ProjectsBaseIntegrationTests" name="Patch_InvalidReferencePropertyReturnsBadRequest" /></UnitTest><UnitTest name="Patch_InvalidPropertyNameReturnsBadRequest" storage="d:\users\steve knipmeyer\documents\github\modelrelief\modelrelief.test\bin\debug\netcoreapp2.0\modelrelief.test.dll" id="90d41f00-691f-4498-b00d-7ae347c88cb4"><Execution id="ea53012a-2c0e-4f63-974c-540fbd1a810d" /><TestMethod codeBase="D:\Users\Steve Knipmeyer\Documents\GitHub\ModelRelief\ModelRelief.test\bin\Debug\netcoreapp2.0\ModelRelief.Test.dll" adapterTypeName="executor://xunit/VsTestRunner2/netcoreapp" className="ModelRelief.Test.Integration.DepthBuffers.DepthBuffersBaseIntegrationTests" name="Patch_InvalidPropertyNameReturnsBadRequest" /></UnitTest><UnitTest name="Put_CanUpdateModel" storage="d:\users\steve knipmeyer\documents\github\modelrelief\modelrelief.test\bin\debug\netcoreapp2.0\modelrelief.test.dll" id="aa1150d1-3e7a-49e5-8253-5f3cb1537a70"><Execution id="2961e474-2863-42d1-83b0-bf5584b6ac3c" /><TestMethod codeBase="D:\Users\Steve Knipmeyer\Documents\GitHub\ModelRelief\ModelRelief.test\bin\Debug\netcoreapp2.0\ModelRelief.Test.dll" adapterTypeName="executor://xunit/VsTestRunner2/netcoreapp" className="ModelRelief.Test.Integration.Meshes.MeshesBaseIntegrationTests" name="Put_CanUpdateModel" /></UnitTest><UnitTest name="MeshTransformHasExpectedDependentFiles" storage="d:\users\steve knipmeyer\documents\github\modelrelief\modelrelief.test\bin\debug\netcoreapp2.0\modelrelief.test.dll" id="d7acbc93-aab1-4a7a-9a3e-94d90de924c2"><Execution id="d892b4c0-197c-42c3-9dda-312ee9b18f13" /><TestMethod codeBase="D:\Users\Steve Knipmeyer\Documents\GitHub\ModelRelief\ModelRelief.test\bin\Debug\netcoreapp2.0\ModelRelief.Test.dll" adapterTypeName="executor://xunit/VsTestRunner2/netcoreapp" className="ModelRelief.Test.Unit.DependencyManager.DependencyManagerTests" name="MeshTransformHasExpectedDependentFiles" /></UnitTest><UnitTest name="FileRequest_FileCanBeReadAfterRename" storage="d:\users\steve knipmeyer\documents\github\modelrelief\modelrelief.test\bin\debug\netcoreapp2.0\modelrelief.test.dll" id="5e72fb08-b96a-4bf7-a89a-a3e36270563b"><Execution id="cde0c725-7403-491b-973d-78958da44f7a" /><TestMethod codeBase="D:\Users\Steve Knipmeyer\Documents\GitHub\ModelRelief\ModelRelief.test\bin\Debug\netcoreapp2.0\ModelRelief.Test.dll" adapterTypeName="executor://xunit/VsTestRunner2/netcoreapp" className="ModelRelief.Test.Integration.Meshes.MeshesFileIntegrationTests" name="FileRequest_FileCanBeReadAfterRename" /></UnitTest><UnitTest name="Patch_InvalidIdPropertyReturnsNotFound" storage="d:\users\steve knipmeyer\documents\github\modelrelief\modelrelief.test\bin\debug\netcoreapp2.0\modelrelief.test.dll" id="8175546a-eca6-47a4-9990-310c3d127254"><Execution id="6bd4d70a-aa42-4074-a7aa-c1f2ab6eb977" /><TestMethod codeBase="D:\Users\Steve Knipmeyer\Documents\GitHub\ModelRelief\ModelRelief.test\bin\Debug\netcoreapp2.0\ModelRelief.Test.dll" adapterTypeName="executor://xunit/VsTestRunner2/netcoreapp" className="ModelRelief.Test.Integration.Projects.ProjectsBaseIntegrationTests" name="Patch_InvalidIdPropertyReturnsNotFound" /></UnitTest><UnitTest name="Patch_TargetPropertyIsUpdated" storage="d:\users\steve knipmeyer\documents\github\modelrelief\modelrelief.test\bin\debug\netcoreapp2.0\modelrelief.test.dll" id="44d41f0f-836c-40a3-ba71-abec5c9141a3"><Execution id="864287bd-59ad-4e59-942d-8b631f5d45b0" /><TestMethod codeBase="D:\Users\Steve Knipmeyer\Documents\GitHub\ModelRelief\ModelRelief.test\bin\Debug\netcoreapp2.0\ModelRelief.Test.dll" adapterTypeName="executor://xunit/VsTestRunner2/netcoreapp" className="ModelRelief.Test.Integration.Models.ModelsBaseIntegrationTests" name="Patch_TargetPropertyIsUpdated" /></UnitTest><UnitTest name="Post_CanCreateNewModel" storage="d:\users\steve knipmeyer\documents\github\modelrelief\modelrelief.test\bin\debug\netcoreapp2.0\modelrelief.test.dll" id="6b90d75e-1b33-41a5-a30e-52df9149d6d6"><Execution id="2bef1190-9572-4512-82cf-c566e6fcc4ac" /><TestMethod codeBase="D:\Users\Steve Knipmeyer\Documents\GitHub\ModelRelief\ModelRelief.test\bin\Debug\netcoreapp2.0\ModelRelief.Test.dll" adapterTypeName="executor://xunit/VsTestRunner2/netcoreapp" className="ModelRelief.Test.Integration.Projects.ProjectsBaseIntegrationTests" name="Post_CanCreateNewModel" /></UnitTest><UnitTest name="FileRequest_FileCanBeReadAfterRename" storage="d:\users\steve knipmeyer\documents\github\modelrelief\modelrelief.test\bin\debug\netcoreapp2.0\modelrelief.test.dll" id="ca679d4b-38d5-488e-94d2-ce679256595b"><Execution id="e38238a1-3d6d-4555-b74c-d146e4e6b875" /><TestMethod codeBase="D:\Users\Steve Knipmeyer\Documents\GitHub\ModelRelief\ModelRelief.test\bin\Debug\netcoreapp2.0\ModelRelief.Test.dll" adapterTypeName="executor://xunit/VsTestRunner2/netcoreapp" className="ModelRelief.Test.Integration.DepthBuffers.DepthBuffersFileIntegrationTests" name="FileRequest_FileCanBeReadAfterRename" /></UnitTest><UnitTest name="Put_InvalidIdReturnsNotFound" storage="d:\users\steve knipmeyer\documents\github\modelrelief\modelrelief.test\bin\debug\netcoreapp2.0\modelrelief.test.dll" id="da242b67-66a2-4502-b2c6-76053fb23cf9"><Execution id="4a766b2e-9483-47a1-8dae-c05ab11fed6e" /><TestMethod codeBase="D:\Users\Steve Knipmeyer\Documents\GitHub\ModelRelief\ModelRelief.test\bin\Debug\netcoreapp2.0\ModelRelief.Test.dll" adapterTypeName="executor://xunit/VsTestRunner2/netcoreapp" className="ModelRelief.Test.Integration.Projects.ProjectsBaseIntegrationTests" name="Put_InvalidIdReturnsNotFound" /></UnitTest><UnitTest name="Put_InvalidReferencePropertyReturndBadRequest" storage="d:\users\steve knipmeyer\documents\github\modelrelief\modelrelief.test\bin\debug\netcoreapp2.0\modelrelief.test.dll" id="4efe7a11-8d04-40a3-a55d-b06606ce325c"><Execution id="a3571a9a-47c6-4647-8a28-27253ae0b214" /><TestMethod codeBase="D:\Users\Steve Knipmeyer\Documents\GitHub\ModelRelief\ModelRelief.test\bin\Debug\netcoreapp2.0\ModelRelief.Test.dll" adapterTypeName="executor://xunit/VsTestRunner2/netcoreapp" className="ModelRelief.Test.Integration.MeshTransforms.MeshTransformsBaseIntegrationTests" name="Put_InvalidReferencePropertyReturndBadRequest" /></UnitTest><UnitTest name="GetSingle_InvalidIdPropertyValueReturnsNotFound" storage="d:\users\steve knipmeyer\documents\github\modelrelief\modelrelief.test\bin\debug\netcoreapp2.0\modelrelief.test.dll" id="b9f359bd-dbec-4f77-b194-abd17b65a16c"><Execution id="aa1bcebe-4dfe-4393-b256-fabeca6baa0f" /><TestMethod codeBase="D:\Users\Steve Knipmeyer\Documents\GitHub\ModelRelief\ModelRelief.test\bin\Debug\netcoreapp2.0\ModelRelief.Test.dll" adapterTypeName="executor://xunit/VsTestRunner2/netcoreapp" className="ModelRelief.Test.Integration.DepthBuffers.DepthBuffersBaseIntegrationTests" name="GetSingle_InvalidIdPropertyValueReturnsNotFound" /></UnitTest><UnitTest name="PostFile_FileIsSynchronizedIsUpdatedAfterFileIsPosted" storage="d:\users\steve knipmeyer\documents\github\modelrelief\modelrelief.test\bin\debug\netcoreapp2.0\modelrelief.test.dll" id="cd4133f5-0a55-4e1e-816f-4313e2db5a16"><Execution id="5526eebf-f1ec-4cfa-8fe5-f50d2dc698ac" /><TestMethod codeBase="D:\Users\Steve Knipmeyer\Documents\GitHub\ModelRelief\ModelRelief.test\bin\Debug\netcoreapp2.0\ModelRelief.Test.dll" adapterTypeName="executor://xunit/VsTestRunner2/netcoreapp" className="ModelRelief.Test.Integration.Models.ModelsFileIntegrationTests" name="PostFile_FileIsSynchronizedIsUpdatedAfterFileIsPosted" /></UnitTest><UnitTest name="Patch_MultipleInvalidReferencePropertiesReturnsMultipleValidationErrorsAndBadRequest" storage="d:\users\steve knipmeyer\documents\github\modelrelief\modelrelief.test\bin\debug\netcoreapp2.0\modelrelief.test.dll" id="83699900-4633-41b3-8a8d-453b3ea1838b"><Execution id="298e9c38-968a-4609-a260-0041dafb5127" /><TestMethod codeBase="D:\Users\Steve Knipmeyer\Documents\GitHub\ModelRelief\ModelRelief.test\bin\Debug\netcoreapp2.0\ModelRelief.Test.dll" adapterTypeName="executor://xunit/VsTestRunner2/netcoreapp" className="ModelRelief.Test.Integration.Cameras.CamerasBaseIntegrationTests" name="Patch_MultipleInvalidReferencePropertiesReturnsMultipleValidationErrorsAndBadRequest" /></UnitTest><UnitTest name="Patch_InvalidEnumPropertyValueReturnsBadRequest" storage="d:\users\steve knipmeyer\documents\github\modelrelief\modelrelief.test\bin\debug\netcoreapp2.0\modelrelief.test.dll" id="4770151f-4ce9-4180-b8e0-ebc6891c9ba0"><Execution id="fa815f73-68ad-444c-977b-2c70098054e5" /><TestMethod codeBase="D:\Users\Steve Knipmeyer\Documents\GitHub\ModelRelief\ModelRelief.test\bin\Debug\netcoreapp2.0\ModelRelief.Test.dll" adapterTypeName="executor://xunit/VsTestRunner2/netcoreapp" className="ModelRelief.Test.Integration.Meshes.MeshesBaseIntegrationTests" name="Patch_InvalidEnumPropertyValueReturnsBadRequest" /></UnitTest><UnitTest name="Patch_InvalidIdPropertyReturnsNotFound" storage="d:\users\steve knipmeyer\documents\github\modelrelief\modelrelief.test\bin\debug\netcoreapp2.0\modelrelief.test.dll" id="6bdd98ce-4924-4de0-8069-2f13145dc8f6"><Execution id="56e1d6a9-a46b-4f2e-b60e-95b9e8e33d7a" /><TestMethod codeBase="D:\Users\Steve Knipmeyer\Documents\GitHub\ModelRelief\ModelRelief.test\bin\Debug\netcoreapp2.0\ModelRelief.Test.dll" adapterTypeName="executor://xunit/VsTestRunner2/netcoreapp" className="ModelRelief.Test.Integration.Cameras.CamerasBaseIntegrationTests" name="Patch_InvalidIdPropertyReturnsNotFound" /></UnitTest><UnitTest name="Patch_InvalidReferencePropertyReturnsBadRequest" storage="d:\users\steve knipmeyer\documents\github\modelrelief\modelrelief.test\bin\debug\netcoreapp2.0\modelrelief.test.dll" id="aafcf524-fc0b-494e-889f-8acbde88b31a"><Execution id="65034661-6869-4cd3-8203-4741e0dd77a2" /><TestMethod codeBase="D:\Users\Steve Knipmeyer\Documents\GitHub\ModelRelief\ModelRelief.test\bin\Debug\netcoreapp2.0\ModelRelief.Test.dll" adapterTypeName="executor://xunit/VsTestRunner2/netcoreapp" className="ModelRelief.Test.Integration.MeshTransforms.MeshTransformsBaseIntegrationTests" name="Patch_InvalidReferencePropertyReturnsBadRequest" /></UnitTest><UnitTest name="GetSingle_InvalidIdPropertyValueReturnsNotFound" storage="d:\users\steve knipmeyer\documents\github\modelrelief\modelrelief.test\bin\debug\netcoreapp2.0\modelrelief.test.dll" id="34b57046-f7dc-40c3-b273-7a8bf65b5f9c"><Execution id="4550600c-4efd-4b10-80de-70e98f29cd61" /><TestMethod codeBase="D:\Users\Steve Knipmeyer\Documents\GitHub\ModelRelief\ModelRelief.test\bin\Debug\netcoreapp2.0\ModelRelief.Test.dll" adapterTypeName="executor://xunit/VsTestRunner2/netcoreapp" className="ModelRelief.Test.Integration.Meshes.MeshesBaseIntegrationTests" name="GetSingle_InvalidIdPropertyValueReturnsNotFound" /></UnitTest><UnitTest name="Post_InvalidReferencePropertyReturnsBadRequest" storage="d:\users\steve knipmeyer\documents\github\modelrelief\modelrelief.test\bin\debug\netcoreapp2.0\modelrelief.test.dll" id="2547c714-19c4-46a8-af93-3e15c18f5048"><Execution id="fe9f6737-ad6f-4e34-8f19-23e5cd2cf1b9" /><TestMethod codeBase="D:\Users\Steve Knipmeyer\Documents\GitHub\ModelRelief\ModelRelief.test\bin\Debug\netcoreapp2.0\ModelRelief.Test.dll" adapterTypeName="executor://xunit/VsTestRunner2/netcoreapp" className="ModelRelief.Test.Integration.Projects.ProjectsBaseIntegrationTests" name="Post_InvalidReferencePropertyReturnsBadRequest" /></UnitTest><UnitTest name="Delete_TargetModelIsDeleted" storage="d:\users\steve knipmeyer\documents\github\modelrelief\modelrelief.test\bin\debug\netcoreapp2.0\modelrelief.test.dll" id="de013e2c-712e-4e3d-bdb9-0eb7769e7bab"><Execution id="82b5b8df-cc3b-41bb-bed6-c35016293777" /><TestMethod codeBase="D:\Users\Steve Knipmeyer\Documents\GitHub\ModelRelief\ModelRelief.test\bin\Debug\netcoreapp2.0\ModelRelief.Test.dll" adapterTypeName="executor://xunit/VsTestRunner2/netcoreapp" className="ModelRelief.Test.Integration.Models.ModelsBaseIntegrationTests" name="Delete_TargetModelIsDeleted" /></UnitTest><UnitTest name="DepthBufferHasExpectedDependentFiles" storage="d:\users\steve knipmeyer\documents\github\modelrelief\modelrelief.test\bin\debug\netcoreapp2.0\modelrelief.test.dll" id="af4fdade-266a-4cd7-a043-70d8449dadb4"><Execution id="d13b3f79-03d1-4b41-bb08-f2bacee1036b" /><TestMethod codeBase="D:\Users\Steve Knipmeyer\Documents\GitHub\ModelRelief\ModelRelief.test\bin\Debug\netcoreapp2.0\ModelRelief.Test.dll" adapterTypeName="executor://xunit/VsTestRunner2/netcoreapp" className="ModelRelief.Test.Unit.DependencyManager.DependencyManagerTests" name="DepthBufferHasExpectedDependentFiles" /></UnitTest><UnitTest name="Post_InvalidPropertyValueReturnsBadRequest" storage="d:\users\steve knipmeyer\documents\github\modelrelief\modelrelief.test\bin\debug\netcoreapp2.0\modelrelief.test.dll" id="00254c01-5ac7-4cd3-99df-08cd1a1f30bb"><Execution id="01d1c5e9-0a45-40f4-a96d-796d7f62bfd5" /><TestMethod codeBase="D:\Users\Steve Knipmeyer\Documents\GitHub\ModelRelief\ModelRelief.test\bin\Debug\netcoreapp2.0\ModelRelief.Test.dll" adapterTypeName="executor://xunit/VsTestRunner2/netcoreapp" className="ModelRelief.Test.Integration.Models.ModelsBaseIntegrationTests" name="Post_InvalidPropertyValueReturnsBadRequest" /></UnitTest><UnitTest name="Put_ValidReferencePropertyUpdatesModel" storage="d:\users\steve knipmeyer\documents\github\modelrelief\modelrelief.test\bin\debug\netcoreapp2.0\modelrelief.test.dll" id="644f6192-8f41-47a7-b7ca-41eb7045b56c"><Execution id="4b5d15e6-e5bd-42ae-b2eb-f2a939274796" /><TestMethod codeBase="D:\Users\Steve Knipmeyer\Documents\GitHub\ModelRelief\ModelRelief.test\bin\Debug\netcoreapp2.0\ModelRelief.Test.dll" adapterTypeName="executor://xunit/VsTestRunner2/netcoreapp" className="ModelRelief.Test.Integration.Projects.ProjectsBaseIntegrationTests" name="Put_ValidReferencePropertyUpdatesModel" /></UnitTest><UnitTest name="PostFile_NewFileCanBePosted" storage="d:\users\steve knipmeyer\documents\github\modelrelief\modelrelief.test\bin\debug\netcoreapp2.0\modelrelief.test.dll" id="7c87ba5b-cdaa-4a8e-8b60-dc6d4bd2c0b7"><Execution id="c89cfa9d-f6df-4694-a542-0f83a12ab909" /><TestMethod codeBase="D:\Users\Steve Knipmeyer\Documents\GitHub\ModelRelief\ModelRelief.test\bin\Debug\netcoreapp2.0\ModelRelief.Test.dll" adapterTypeName="executor://xunit/VsTestRunner2/netcoreapp" className="ModelRelief.Test.Integration.Models.ModelsFileIntegrationTests" name="PostFile_NewFileCanBePosted" /></UnitTest><UnitTest name="Post_ValidReferencePropertyCreatesModel" storage="d:\users\steve knipmeyer\documents\github\modelrelief\modelrelief.test\bin\debug\netcoreapp2.0\modelrelief.test.dll" id="662c4be5-260e-4f09-9269-49812c9ec8a0"><Execution id="7ed0a083-f2ca-4fa4-b279-a3baad6baa1e" /><TestMethod codeBase="D:\Users\Steve Knipmeyer\Documents\GitHub\ModelRelief\ModelRelief.test\bin\Debug\netcoreapp2.0\ModelRelief.Test.dll" adapterTypeName="executor://xunit/VsTestRunner2/netcoreapp" className="ModelRelief.Test.Integration.MeshTransforms.MeshTransformsBaseIntegrationTests" name="Post_ValidReferencePropertyCreatesModel" /></UnitTest><UnitTest name="Patch_InvalidPropertyNameReturnsBadRequest" storage="d:\users\steve knipmeyer\documents\github\modelrelief\modelrelief.test\bin\debug\netcoreapp2.0\modelrelief.test.dll" id="98fa00f2-7024-41bb-8b45-9861841995ec"><Execution id="1ad6cbf0-1802-49de-9ce4-d09d79aff5ac" /><TestMethod codeBase="D:\Users\Steve Knipmeyer\Documents\GitHub\ModelRelief\ModelRelief.test\bin\Debug\netcoreapp2.0\ModelRelief.Test.dll" adapterTypeName="executor://xunit/VsTestRunner2/netcoreapp" className="ModelRelief.Test.Integration.Models.ModelsBaseIntegrationTests" name="Patch_InvalidPropertyNameReturnsBadRequest" /></UnitTest><UnitTest name="PutFile_NewFileCanBePut" storage="d:\users\steve knipmeyer\documents\github\modelrelief\modelrelief.test\bin\debug\netcoreapp2.0\modelrelief.test.dll" id="30725466-5a80-4015-8dcf-d5c1fe008559"><Execution id="30147993-e17a-4e6b-9dbb-e253742214ef" /><TestMethod codeBase="D:\Users\Steve Knipmeyer\Documents\GitHub\ModelRelief\ModelRelief.test\bin\Debug\netcoreapp2.0\ModelRelief.Test.dll" adapterTypeName="executor://xunit/VsTestRunner2/netcoreapp" className="ModelRelief.Test.Integration.Meshes.MeshesFileIntegrationTests" name="PutFile_NewFileCanBePut" /></UnitTest><UnitTest name="Patch_TargetPropertyIsUpdated" storage="d:\users\steve knipmeyer\documents\github\modelrelief\modelrelief.test\bin\debug\netcoreapp2.0\modelrelief.test.dll" id="f200eb83-7c7b-4aa7-8927-197c27d8461d"><Execution id="d8d3544b-952f-4efa-8933-6a5b885ced87" /><TestMethod codeBase="D:\Users\Steve Knipmeyer\Documents\GitHub\ModelRelief\ModelRelief.test\bin\Debug\netcoreapp2.0\ModelRelief.Test.dll" adapterTypeName="executor://xunit/VsTestRunner2/netcoreapp" className="ModelRelief.Test.Integration.MeshTransforms.MeshTransformsBaseIntegrationTests" name="Patch_TargetPropertyIsUpdated" /></UnitTest><UnitTest name="Post_InvalidPropertyValueReturnsBadRequest" storage="d:\users\steve knipmeyer\documents\github\modelrelief\modelrelief.test\bin\debug\netcoreapp2.0\modelrelief.test.dll" id="f5a19d27-f55f-48d7-a44a-9845e6820a3d"><Execution id="56015bb4-fa4e-4cbc-8923-8e6617796928" /><TestMethod codeBase="D:\Users\Steve Knipmeyer\Documents\GitHub\ModelRelief\ModelRelief.test\bin\Debug\netcoreapp2.0\ModelRelief.Test.dll" adapterTypeName="executor://xunit/VsTestRunner2/netcoreapp" className="ModelRelief.Test.Integration.Cameras.CamerasBaseIntegrationTests" name="Post_InvalidPropertyValueReturnsBadRequest" /></UnitTest><UnitTest name="GetSingle_InvalidIdPropertyValueReturnsNotFound" storage="d:\users\steve knipmeyer\documents\github\modelrelief\modelrelief.test\bin\debug\netcoreapp2.0\modelrelief.test.dll" id="4513c38a-3cbe-4c0e-82c8-8e4742cffd54"><Execution id="fa5ed6cf-2d26-467a-8150-68aecdcce8fa" /><TestMethod codeBase="D:\Users\Steve Knipmeyer\Documents\GitHub\ModelRelief\ModelRelief.test\bin\Debug\netcoreapp2.0\ModelRelief.Test.dll" adapterTypeName="executor://xunit/VsTestRunner2/netcoreapp" className="ModelRelief.Test.Integration.MeshTransforms.MeshTransformsBaseIntegrationTests" name="GetSingle_InvalidIdPropertyValueReturnsNotFound" /></UnitTest><UnitTest name="Post_InvalidPropertyValueReturnsBadRequest" storage="d:\users\steve knipmeyer\documents\github\modelrelief\modelrelief.test\bin\debug\netcoreapp2.0\modelrelief.test.dll" id="6b416512-b340-4d6f-98eb-2c1b3debba36"><Execution id="8c311960-2337-4821-8de8-d32ec049297b" /><TestMethod codeBase="D:\Users\Steve Knipmeyer\Documents\GitHub\ModelRelief\ModelRelief.test\bin\Debug\netcoreapp2.0\ModelRelief.Test.dll" adapterTypeName="executor://xunit/VsTestRunner2/netcoreapp" className="ModelRelief.Test.Integration.Meshes.MeshesBaseIntegrationTests" name="Post_InvalidPropertyValueReturnsBadRequest" /></UnitTest><UnitTest name="Patch_ValidReferencePropertyUpdatesModel" storage="d:\users\steve knipmeyer\documents\github\modelrelief\modelrelief.test\bin\debug\netcoreapp2.0\modelrelief.test.dll" id="81e13f95-a6aa-4b5d-b900-d00ef2c7424e"><Execution id="3cd1fbc7-c1dd-4464-9697-9029c56e29a3" /><TestMethod codeBase="D:\Users\Steve Knipmeyer\Documents\GitHub\ModelRelief\ModelRelief.test\bin\Debug\netcoreapp2.0\ModelRelief.Test.dll" adapterTypeName="executor://xunit/VsTestRunner2/netcoreapp" className="ModelRelief.Test.Integration.DepthBuffers.DepthBuffersBaseIntegrationTests" name="Patch_ValidReferencePropertyUpdatesModel" /></UnitTest><UnitTest name="Put_CanUpdateModel" storage="d:\users\steve knipmeyer\documents\github\modelrelief\modelrelief.test\bin\debug\netcoreapp2.0\modelrelief.test.dll" id="fc55ab06-6461-4f5f-b666-a5a5e26c0575"><Execution id="cc25e25b-79d6-4a0c-a344-1cc063485793" /><TestMethod codeBase="D:\Users\Steve Knipmeyer\Documents\GitHub\ModelRelief\ModelRelief.test\bin\Debug\netcoreapp2.0\ModelRelief.Test.dll" adapterTypeName="executor://xunit/VsTestRunner2/netcoreapp" className="ModelRelief.Test.Integration.Projects.ProjectsBaseIntegrationTests" name="Put_CanUpdateModel" /></UnitTest><UnitTest name="Post_InvalidReferencePropertyReturnsBadRequest" storage="d:\users\steve knipmeyer\documents\github\modelrelief\modelrelief.test\bin\debug\netcoreapp2.0\modelrelief.test.dll" id="44c6c924-1d93-40e4-81c2-18290ecce0ef"><Execution id="8670b434-b202-4c2c-adb4-4b973e782c67" /><TestMethod codeBase="D:\Users\Steve Knipmeyer\Documents\GitHub\ModelRelief\ModelRelief.test\bin\Debug\netcoreapp2.0\ModelRelief.Test.dll" adapterTypeName="executor://xunit/VsTestRunner2/netcoreapp" className="ModelRelief.Test.Integration.MeshTransforms.MeshTransformsBaseIntegrationTests" name="Post_InvalidReferencePropertyReturnsBadRequest" /></UnitTest><UnitTest name="Put_ValidReferencePropertyUpdatesModel" storage="d:\users\steve knipmeyer\documents\github\modelrelief\modelrelief.test\bin\debug\netcoreapp2.0\modelrelief.test.dll" id="45ab9e84-a639-4067-a323-3e76d5dfd5d9"><Execution id="9544db4a-b271-45ef-a8e8-048578d04a82" /><TestMethod codeBase="D:\Users\Steve Knipmeyer\Documents\GitHub\ModelRelief\ModelRelief.test\bin\Debug\netcoreapp2.0\ModelRelief.Test.dll" adapterTypeName="executor://xunit/VsTestRunner2/netcoreapp" className="ModelRelief.Test.Integration.MeshTransforms.MeshTransformsBaseIntegrationTests" name="Put_ValidReferencePropertyUpdatesModel" /></UnitTest><UnitTest name="Post_InvalidPropertyValueReturnsBadRequest" storage="d:\users\steve knipmeyer\documents\github\modelrelief\modelrelief.test\bin\debug\netcoreapp2.0\modelrelief.test.dll" id="ada95d3f-a120-451b-ab6f-70da32d8f3d6"><Execution id="b36eb772-a74e-4e78-98f6-bc8628bc2fa6" /><TestMethod codeBase="D:\Users\Steve Knipmeyer\Documents\GitHub\ModelRelief\ModelRelief.test\bin\Debug\netcoreapp2.0\ModelRelief.Test.dll" adapterTypeName="executor://xunit/VsTestRunner2/netcoreapp" className="ModelRelief.Test.Integration.Projects.ProjectsBaseIntegrationTests" name="Post_InvalidPropertyValueReturnsBadRequest" /></UnitTest><UnitTest name="Patch_InvalidPropertyNameReturnsBadRequest" storage="d:\users\steve knipmeyer\documents\github\modelrelief\modelrelief.test\bin\debug\netcoreapp2.0\modelrelief.test.dll" id="7804b6a3-3972-462a-a00b-f2f03b829974"><Execution id="396660bb-b5f0-455c-9f73-c0e86e569b3c" /><TestMethod codeBase="D:\Users\Steve Knipmeyer\Documents\GitHub\ModelRelief\ModelRelief.test\bin\Debug\netcoreapp2.0\ModelRelief.Test.dll" adapterTypeName="executor://xunit/VsTestRunner2/netcoreapp" className="ModelRelief.Test.Integration.Projects.ProjectsBaseIntegrationTests" name="Patch_InvalidPropertyNameReturnsBadRequest" /></UnitTest><UnitTest name="FileRequest_DepthBufferIsInvalidatedAfterCameraDependencyPropertyChange" storage="d:\users\steve knipmeyer\documents\github\modelrelief\modelrelief.test\bin\debug\netcoreapp2.0\modelrelief.test.dll" id="57e68519-e8de-490f-85f4-c4ed0b716bd0"><Execution id="d71542f9-dcdd-4338-b9e9-2acd14242508" /><TestMethod codeBase="D:\Users\Steve Knipmeyer\Documents\GitHub\ModelRelief\ModelRelief.test\bin\Debug\netcoreapp2.0\ModelRelief.Test.dll" adapterTypeName="executor://xunit/VsTestRunner2/netcoreapp" className="ModelRelief.Test.Integration.DepthBuffers.DepthBuffersFileIntegrationTests" name="FileRequest_DepthBufferIsInvalidatedAfterCameraDependencyPropertyChange" /></UnitTest><UnitTest name="Patch_InvalidIdPropertyReturnsNotFound" storage="d:\users\steve knipmeyer\documents\github\modelrelief\modelrelief.test\bin\debug\netcoreapp2.0\modelrelief.test.dll" id="c4849d9a-ac77-4925-9c25-5f1af1cb0225"><Execution id="12e26e24-5334-4990-b2a9-152ad10d6814" /><TestMethod codeBase="D:\Users\Steve Knipmeyer\Documents\GitHub\ModelRelief\ModelRelief.test\bin\Debug\netcoreapp2.0\ModelRelief.Test.dll" adapterTypeName="executor://xunit/VsTestRunner2/netcoreapp" className="ModelRelief.Test.Integration.Meshes.MeshesBaseIntegrationTests" name="Patch_InvalidIdPropertyReturnsNotFound" /></UnitTest><UnitTest name="GetList_ListReturnsCorrectCount" storage="d:\users\steve knipmeyer\documents\github\modelrelief\modelrelief.test\bin\debug\netcoreapp2.0\modelrelief.test.dll" id="9f773be1-b510-47f8-b5b1-f891efbd3d1d"><Execution id="67641921-1deb-4929-97e1-a368521de1fe" /><TestMethod codeBase="D:\Users\Steve Knipmeyer\Documents\GitHub\ModelRelief\ModelRelief.test\bin\Debug\netcoreapp2.0\ModelRelief.Test.dll" adapterTypeName="executor://xunit/VsTestRunner2/netcoreapp" className="ModelRelief.Test.Integration.Projects.ProjectsBaseIntegrationTests" name="GetList_ListReturnsCorrectCount" /></UnitTest><UnitTest name="GetSingle_ValidIdPropertyValueReturnsCorrectModel" storage="d:\users\steve knipmeyer\documents\github\modelrelief\modelrelief.test\bin\debug\netcoreapp2.0\modelrelief.test.dll" id="8b1befea-2ced-4d7f-912c-19aeea9e9879"><Execution id="558786ea-562b-4a95-b8d3-15a7559fe46f" /><TestMethod codeBase="D:\Users\Steve Knipmeyer\Documents\GitHub\ModelRelief\ModelRelief.test\bin\Debug\netcoreapp2.0\ModelRelief.Test.dll" adapterTypeName="executor://xunit/VsTestRunner2/netcoreapp" className="ModelRelief.Test.Integration.Meshes.MeshesBaseIntegrationTests" name="GetSingle_ValidIdPropertyValueReturnsCorrectModel" /></UnitTest><UnitTest name="Patch_InvalidReferencePropertyReturnsBadRequest" storage="d:\users\steve knipmeyer\documents\github\modelrelief\modelrelief.test\bin\debug\netcoreapp2.0\modelrelief.test.dll" id="90bdeb46-c336-4ce5-a629-da9e511c6518"><Execution id="f8a1d59a-e1cd-47b4-bc13-c5a07ce9aecf" /><TestMethod codeBase="D:\Users\Steve Knipmeyer\Documents\GitHub\ModelRelief\ModelRelief.test\bin\Debug\netcoreapp2.0\ModelRelief.Test.dll" adapterTypeName="executor://xunit/VsTestRunner2/netcoreapp" className="ModelRelief.Test.Integration.Cameras.CamerasBaseIntegrationTests" name="Patch_InvalidReferencePropertyReturnsBadRequest" /></UnitTest><UnitTest name="Patch_ValidReferencePropertyUpdatesModel" storage="d:\users\steve knipmeyer\documents\github\modelrelief\modelrelief.test\bin\debug\netcoreapp2.0\modelrelief.test.dll" id="f99043bc-3061-49f8-9731-fdbf9f6d0853"><Execution id="fdeee32c-023c-4d43-91fe-b15e5acb192f" /><TestMethod codeBase="D:\Users\Steve Knipmeyer\Documents\GitHub\ModelRelief\ModelRelief.test\bin\Debug\netcoreapp2.0\ModelRelief.Test.dll" adapterTypeName="executor://xunit/VsTestRunner2/netcoreapp" className="ModelRelief.Test.Integration.MeshTransforms.MeshTransformsBaseIntegrationTests" name="Patch_ValidReferencePropertyUpdatesModel" /></UnitTest><UnitTest name="Post_ValidReferencePropertyCreatesModel" storage="d:\users\steve knipmeyer\documents\github\modelrelief\modelrelief.test\bin\debug\netcoreapp2.0\modelrelief.test.dll" id="d4d617aa-ea15-41c2-8877-7a7d37f6f6d8"><Execution id="896df81b-3792-4763-8f70-04aa54003eb9" /><TestMethod codeBase="D:\Users\Steve Knipmeyer\Documents\GitHub\ModelRelief\ModelRelief.test\bin\Debug\netcoreapp2.0\ModelRelief.Test.dll" adapterTypeName="executor://xunit/VsTestRunner2/netcoreapp" className="ModelRelief.Test.Integration.Cameras.CamerasBaseIntegrationTests" name="Post_ValidReferencePropertyCreatesModel" /></UnitTest><UnitTest name="Patch_ValidReferencePropertyUpdatesModel" storage="d:\users\steve knipmeyer\documents\github\modelrelief\modelrelief.test\bin\debug\netcoreapp2.0\modelrelief.test.dll" id="074a86ca-3f1d-4102-aa55-ff9c207a2823"><Execution id="e000aebb-8601-4c7a-8d0d-08d3f5dd3f9c" /><TestMethod codeBase="D:\Users\Steve Knipmeyer\Documents\GitHub\ModelRelief\ModelRelief.test\bin\Debug\netcoreapp2.0\ModelRelief.Test.dll" adapterTypeName="executor://xunit/VsTestRunner2/netcoreapp" className="ModelRelief.Test.Integration.Projects.ProjectsBaseIntegrationTests" name="Patch_ValidReferencePropertyUpdatesModel" /></UnitTest><UnitTest name="PutFile_NewFileCanBePut" storage="d:\users\steve knipmeyer\documents\github\modelrelief\modelrelief.test\bin\debug\netcoreapp2.0\modelrelief.test.dll" id="6b94f495-f451-446a-9813-8472176356ff"><Execution id="fe684cd7-cc53-4a50-86c6-28534bb62374" /><TestMethod codeBase="D:\Users\Steve Knipmeyer\Documents\GitHub\ModelRelief\ModelRelief.test\bin\Debug\netcoreapp2.0\ModelRelief.Test.dll" adapterTypeName="executor://xunit/VsTestRunner2/netcoreapp" className="ModelRelief.Test.Integration.DepthBuffers.DepthBuffersFileIntegrationTests" name="PutFile_NewFileCanBePut" /></UnitTest><UnitTest name="Patch_ValidReferencePropertyUpdatesModel" storage="d:\users\steve knipmeyer\documents\github\modelrelief\modelrelief.test\bin\debug\netcoreapp2.0\modelrelief.test.dll" id="cc7d5ca9-5867-45c5-a061-9e61dcd0357f"><Execution id="5c9585c1-db58-4c68-8c54-ab4f79451b2d" /><TestMethod codeBase="D:\Users\Steve Knipmeyer\Documents\GitHub\ModelRelief\ModelRelief.test\bin\Debug\netcoreapp2.0\ModelRelief.Test.dll" adapterTypeName="executor://xunit/VsTestRunner2/netcoreapp" className="ModelRelief.Test.Integration.Meshes.MeshesBaseIntegrationTests" name="Patch_ValidReferencePropertyUpdatesModel" /></UnitTest><UnitTest name="Put_ValidReferencePropertyUpdatesModel" storage="d:\users\steve knipmeyer\documents\github\modelrelief\modelrelief.test\bin\debug\netcoreapp2.0\modelrelief.test.dll" id="2d117f80-dcac-423c-8e71-835567fe1bbd"><Execution id="ec9ea452-5c94-452f-babc-1f53f2e69675" /><TestMethod codeBase="D:\Users\Steve Knipmeyer\Documents\GitHub\ModelRelief\ModelRelief.test\bin\Debug\netcoreapp2.0\ModelRelief.Test.dll" adapterTypeName="executor://xunit/VsTestRunner2/netcoreapp" className="ModelRelief.Test.Integration.Models.ModelsBaseIntegrationTests" name="Put_ValidReferencePropertyUpdatesModel" /></UnitTest><UnitTest name="Post_CanCreateNewModel" storage="d:\users\steve knipmeyer\documents\github\modelrelief\modelrelief.test\bin\debug\netcoreapp2.0\modelrelief.test.dll" id="cb25f83d-38d1-44fe-83e0-e95344c61754"><Execution id="ea1fbfe8-4b2c-4978-99dd-00090e467aea" /><TestMethod codeBase="D:\Users\Steve Knipmeyer\Documents\GitHub\ModelRelief\ModelRelief.test\bin\Debug\netcoreapp2.0\ModelRelief.Test.dll" adapterTypeName="executor://xunit/VsTestRunner2/netcoreapp" className="ModelRelief.Test.Integration.Cameras.CamerasBaseIntegrationTests" name="Post_CanCreateNewModel" /></UnitTest><UnitTest name="GetFile_FileCanBeRoundTripped" storage="d:\users\steve knipmeyer\documents\github\modelrelief\modelrelief.test\bin\debug\netcoreapp2.0\modelrelief.test.dll" id="498aaf21-484b-4e87-936e-d41241735521"><Execution id="053336cc-68b8-4547-b631-88f9762d5162" /><TestMethod codeBase="D:\Users\Steve Knipmeyer\Documents\GitHub\ModelRelief\ModelRelief.test\bin\Debug\netcoreapp2.0\ModelRelief.Test.dll" adapterTypeName="executor://xunit/VsTestRunner2/netcoreapp" className="ModelRelief.Test.Integration.Meshes.MeshesFileIntegrationTests" name="GetFile_FileCanBeRoundTripped" /></UnitTest><UnitTest name="Post_InvalidPropertyValueReturnsBadRequest" storage="d:\users\steve knipmeyer\documents\github\modelrelief\modelrelief.test\bin\debug\netcoreapp2.0\modelrelief.test.dll" id="f5890ef0-5a38-4362-879a-5add657c5137"><Execution id="7945ff76-39a6-4833-abc3-9d4c2795a2ab" /><TestMethod codeBase="D:\Users\Steve Knipmeyer\Documents\GitHub\ModelRelief\ModelRelief.test\bin\Debug\netcoreapp2.0\ModelRelief.Test.dll" adapterTypeName="executor://xunit/VsTestRunner2/netcoreapp" className="ModelRelief.Test.Integration.DepthBuffers.DepthBuffersBaseIntegrationTests" name="Post_InvalidPropertyValueReturnsBadRequest" /></UnitTest><UnitTest name="Patch_TargetPropertyIsUpdated" storage="d:\users\steve knipmeyer\documents\github\modelrelief\modelrelief.test\bin\debug\netcoreapp2.0\modelrelief.test.dll" id="f186843d-f11f-4112-ba70-71d9e455470f"><Execution id="6fac93d5-9e54-4947-b0d0-c4dc349fa19a" /><TestMethod codeBase="D:\Users\Steve Knipmeyer\Documents\GitHub\ModelRelief\ModelRelief.test\bin\Debug\netcoreapp2.0\ModelRelief.Test.dll" adapterTypeName="executor://xunit/VsTestRunner2/netcoreapp" className="ModelRelief.Test.Integration.Projects.ProjectsBaseIntegrationTests" name="Patch_TargetPropertyIsUpdated" /></UnitTest><UnitTest name="Put_ValidReferencePropertyUpdatesModel" storage="d:\users\steve knipmeyer\documents\github\modelrelief\modelrelief.test\bin\debug\netcoreapp2.0\modelrelief.test.dll" id="365ea66b-2566-4986-8a73-acaa33838721"><Execution id="5f4c2ac3-e0a1-492b-a7e1-082853864a66" /><TestMethod codeBase="D:\Users\Steve Knipmeyer\Documents\GitHub\ModelRelief\ModelRelief.test\bin\Debug\netcoreapp2.0\ModelRelief.Test.dll" adapterTypeName="executor://xunit/VsTestRunner2/netcoreapp" className="ModelRelief.Test.Integration.DepthBuffers.DepthBuffersBaseIntegrationTests" name="Put_ValidReferencePropertyUpdatesModel" /></UnitTest><UnitTest name="PostFile_FileIsSynchronizedIsUpdatedAfterFileIsPosted" storage="d:\users\steve knipmeyer\documents\github\modelrelief\modelrelief.test\bin\debug\netcoreapp2.0\modelrelief.test.dll" id="0a2a8792-25b7-47a5-88b0-46d26a5d512a"><Execution id="faf656c5-be0b-44ba-8486-687325a754c9" /><TestMethod codeBase="D:\Users\Steve Knipmeyer\Documents\GitHub\ModelRelief\ModelRelief.test\bin\Debug\netcoreapp2.0\ModelRelief.Test.dll" adapterTypeName="executor://xunit/VsTestRunner2/netcoreapp" className="ModelRelief.Test.Integration.DepthBuffers.DepthBuffersFileIntegrationTests" name="PostFile_FileIsSynchronizedIsUpdatedAfterFileIsPosted" /></UnitTest><UnitTest name="GetSingle_InvalidIdPropertyValueReturnsNotFound" storage="d:\users\steve knipmeyer\documents\github\modelrelief\modelrelief.test\bin\debug\netcoreapp2.0\modelrelief.test.dll" id="b1fc807d-2220-4db6-834c-6353e9ff68c9"><Execution id="905f5a7e-c55c-4820-b345-d00f8735ff05" /><TestMethod codeBase="D:\Users\Steve Knipmeyer\Documents\GitHub\ModelRelief\ModelRelief.test\bin\Debug\netcoreapp2.0\ModelRelief.Test.dll" adapterTypeName="executor://xunit/VsTestRunner2/netcoreapp" className="ModelRelief.Test.Integration.Models.ModelsBaseIntegrationTests" name="GetSingle_InvalidIdPropertyValueReturnsNotFound" /></UnitTest><UnitTest name="PostFile_FileTimeStampIsUpdatedAfterFileIsPosted" storage="d:\users\steve knipmeyer\documents\github\modelrelief\modelrelief.test\bin\debug\netcoreapp2.0\modelrelief.test.dll" id="e7fe5c19-200b-4088-8311-c049c3965d70"><Execution id="328eb847-32be-4e4f-97bc-8abcd86ddae8" /><TestMethod codeBase="D:\Users\Steve Knipmeyer\Documents\GitHub\ModelRelief\ModelRelief.test\bin\Debug\netcoreapp2.0\ModelRelief.Test.dll" adapterTypeName="executor://xunit/VsTestRunner2/netcoreapp" className="ModelRelief.Test.Integration.DepthBuffers.DepthBuffersFileIntegrationTests" name="PostFile_FileTimeStampIsUpdatedAfterFileIsPosted" /></UnitTest><UnitTest name="GetFile_ExistingFileReturnsSuccess" storage="d:\users\steve knipmeyer\documents\github\modelrelief\modelrelief.test\bin\debug\netcoreapp2.0\modelrelief.test.dll" id="dc15f145-d620-423b-8a73-08f8e506afc5"><Execution id="8bd035cc-73d3-42b9-b5c1-76da93e6c2c4" /><TestMethod codeBase="D:\Users\Steve Knipmeyer\Documents\GitHub\ModelRelief\ModelRelief.test\bin\Debug\netcoreapp2.0\ModelRelief.Test.dll" adapterTypeName="executor://xunit/VsTestRunner2/netcoreapp" className="ModelRelief.Test.Integration.Meshes.MeshesFileIntegrationTests" name="GetFile_ExistingFileReturnsSuccess" /></UnitTest><UnitTest name="PutFile_FileCanBeUpdated" storage="d:\users\steve knipmeyer\documents\github\modelrelief\modelrelief.test\bin\debug\netcoreapp2.0\modelrelief.test.dll" id="a25614ab-1823-40d4-860e-eafc3327cac4"><Execution id="d425d657-3a93-460d-8529-b1c05d8e86d6" /><TestMethod codeBase="D:\Users\Steve Knipmeyer\Documents\GitHub\ModelRelief\ModelRelief.test\bin\Debug\netcoreapp2.0\ModelRelief.Test.dll" adapterTypeName="executor://xunit/VsTestRunner2/netcoreapp" className="ModelRelief.Test.Integration.Meshes.MeshesFileIntegrationTests" name="PutFile_FileCanBeUpdated" /></UnitTest><UnitTest name="Patch_InvalidEnumPropertyValueReturnsBadRequest" storage="d:\users\steve knipmeyer\documents\github\modelrelief\modelrelief.test\bin\debug\netcoreapp2.0\modelrelief.test.dll" id="a77990fa-b7d3-4849-8f5d-50fcc3e9944c"><Execution id="4bde915a-50a4-47b4-96fc-d905cd160c75" /><TestMethod codeBase="D:\Users\Steve Knipmeyer\Documents\GitHub\ModelRelief\ModelRelief.test\bin\Debug\netcoreapp2.0\ModelRelief.Test.dll" adapterTypeName="executor://xunit/VsTestRunner2/netcoreapp" className="ModelRelief.Test.Integration.Cameras.CamerasBaseIntegrationTests" name="Patch_InvalidEnumPropertyValueReturnsBadRequest" /></UnitTest><UnitTest name="Post_InvalidReferencePropertyReturnsBadRequest" storage="d:\users\steve knipmeyer\documents\github\modelrelief\modelrelief.test\bin\debug\netcoreapp2.0\modelrelief.test.dll" id="51c65bed-2e6b-412e-9ea0-6eebc0a4798f"><Execution id="2806994f-736e-4a0d-b47d-9493fb0339d6" /><TestMethod codeBase="D:\Users\Steve Knipmeyer\Documents\GitHub\ModelRelief\ModelRelief.test\bin\Debug\netcoreapp2.0\ModelRelief.Test.dll" adapterTypeName="executor://xunit/VsTestRunner2/netcoreapp" className="ModelRelief.Test.Integration.Meshes.MeshesBaseIntegrationTests" name="Post_InvalidReferencePropertyReturnsBadRequest" /></UnitTest><UnitTest name="GetList_ListReturnsCorrectCount" storage="d:\users\steve knipmeyer\documents\github\modelrelief\modelrelief.test\bin\debug\netcoreapp2.0\modelrelief.test.dll" id="bd5acc39-b31f-4ba0-abb6-91b09c51cf12"><Execution id="15356df5-04d9-49f9-bd65-96fb3d702556" /><TestMethod codeBase="D:\Users\Steve Knipmeyer\Documents\GitHub\ModelRelief\ModelRelief.test\bin\Debug\netcoreapp2.0\ModelRelief.Test.dll" adapterTypeName="executor://xunit/VsTestRunner2/netcoreapp" className="ModelRelief.Test.Integration.Models.ModelsBaseIntegrationTests" name="GetList_ListReturnsCorrectCount" /></UnitTest><UnitTest name="LucyModel3dHasTwoDependents" storage="d:\users\steve knipmeyer\documents\github\modelrelief\modelrelief.test\bin\debug\netcoreapp2.0\modelrelief.test.dll" id="1ce07e7a-e9a4-4c43-b783-c05f1e7c5e39"><Execution id="915a6ef1-7dbd-4d09-b1bc-272e146323ce" /><TestMethod codeBase="D:\Users\Steve Knipmeyer\Documents\GitHub\ModelRelief\ModelRelief.test\bin\Debug\netcoreapp2.0\ModelRelief.Test.dll" adapterTypeName="executor://xunit/VsTestRunner2/netcoreapp" className="ModelRelief.Test.Unit.DependencyManager.DependencyManagerTests" name="LucyModel3dHasTwoDependents" /></UnitTest><UnitTest name="GetSingle_ValidIdPropertyValueReturnsCorrectModel" storage="d:\users\steve knipmeyer\documents\github\modelrelief\modelrelief.test\bin\debug\netcoreapp2.0\modelrelief.test.dll" id="f51c63c6-7743-4065-9ff6-e20fae70799d"><Execution id="cc9efd39-14c7-4f5f-ab63-fdb29e94c773" /><TestMethod codeBase="D:\Users\Steve Knipmeyer\Documents\GitHub\ModelRelief\ModelRelief.test\bin\Debug\netcoreapp2.0\ModelRelief.Test.dll" adapterTypeName="executor://xunit/VsTestRunner2/netcoreapp" className="ModelRelief.Test.Integration.Models.ModelsBaseIntegrationTests" name="GetSingle_ValidIdPropertyValueReturnsCorrectModel" /></UnitTest><UnitTest name="Post_CanCreateNewModel" storage="d:\users\steve knipmeyer\documents\github\modelrelief\modelrelief.test\bin\debug\netcoreapp2.0\modelrelief.test.dll" id="fcfa1a32-fe62-404e-b569-dff2a2540ad2"><Execution id="277775e3-a034-4867-b955-2d05224c2ad4" /><TestMethod codeBase="D:\Users\Steve Knipmeyer\Documents\GitHub\ModelRelief\ModelRelief.test\bin\Debug\netcoreapp2.0\ModelRelief.Test.dll" adapterTypeName="executor://xunit/VsTestRunner2/netcoreapp" className="ModelRelief.Test.Integration.DepthBuffers.DepthBuffersBaseIntegrationTests" name="Post_CanCreateNewModel" /></UnitTest><UnitTest name="GetList_ListReturnsCorrectCount" storage="d:\users\steve knipmeyer\documents\github\modelrelief\modelrelief.test\bin\debug\netcoreapp2.0\modelrelief.test.dll" id="f6e5a1c9-e4b3-4cb7-9363-53b7f3a08fec"><Execution id="6b3fef2a-61fe-4279-883b-1b5a7f37fa55" /><TestMethod codeBase="D:\Users\Steve Knipmeyer\Documents\GitHub\ModelRelief\ModelRelief.test\bin\Debug\netcoreapp2.0\ModelRelief.Test.dll" adapterTypeName="executor://xunit/VsTestRunner2/netcoreapp" className="ModelRelief.Test.Integration.MeshTransforms.MeshTransformsBaseIntegrationTests" name="GetList_ListReturnsCorrectCount" /></UnitTest><UnitTest name="FileRequest_MeshIsInvalidatedAfterDepthBufferFileBecomesUnsynchronized" storage="d:\users\steve knipmeyer\documents\github\modelrelief\modelrelief.test\bin\debug\netcoreapp2.0\modelrelief.test.dll" id="e654d2c2-c456-4ffb-b90a-8f222cc3a896"><Execution id="1054b5ce-983d-4989-847d-6734db22c295" /><TestMethod codeBase="D:\Users\Steve Knipmeyer\Documents\GitHub\ModelRelief\ModelRelief.test\bin\Debug\netcoreapp2.0\ModelRelief.Test.dll" adapterTypeName="executor://xunit/VsTestRunner2/netcoreapp" className="ModelRelief.Test.Integration.Meshes.MeshesFileIntegrationTests" name="FileRequest_MeshIsInvalidatedAfterDepthBufferFileBecomesUnsynchronized" /></UnitTest><UnitTest name="Put_CanUpdateModel" storage="d:\users\steve knipmeyer\documents\github\modelrelief\modelrelief.test\bin\debug\netcoreapp2.0\modelrelief.test.dll" id="573811d4-97b0-44da-8e3c-91f0993fd3fc"><Execution id="072f0495-1ee6-4efa-8dd2-f0c7d0be20cf" /><TestMethod codeBase="D:\Users\Steve Knipmeyer\Documents\GitHub\ModelRelief\ModelRelief.test\bin\Debug\netcoreapp2.0\ModelRelief.Test.dll" adapterTypeName="executor://xunit/VsTestRunner2/netcoreapp" className="ModelRelief.Test.Integration.Models.ModelsBaseIntegrationTests" name="Put_CanUpdateModel" /></UnitTest><UnitTest name="PutFile_NewFileCanBePut" storage="d:\users\steve knipmeyer\documents\github\modelrelief\modelrelief.test\bin\debug\netcoreapp2.0\modelrelief.test.dll" id="e763e778-f855-45eb-8972-a054897132be"><Execution id="59d6db45-900d-4cb4-a389-1c2b45ba6329" /><TestMethod codeBase="D:\Users\Steve Knipmeyer\Documents\GitHub\ModelRelief\ModelRelief.test\bin\Debug\netcoreapp2.0\ModelRelief.Test.dll" adapterTypeName="executor://xunit/VsTestRunner2/netcoreapp" className="ModelRelief.Test.Integration.Models.ModelsFileIntegrationTests" name="PutFile_NewFileCanBePut" /></UnitTest><UnitTest name="Patch_InvalidEnumPropertyValueReturnsBadRequest" storage="d:\users\steve knipmeyer\documents\github\modelrelief\modelrelief.test\bin\debug\netcoreapp2.0\modelrelief.test.dll" id="75d6270a-0a66-40ed-be63-40d60dbfb66d"><Execution id="43d28872-f433-4c92-a9c1-956828da5d13" /><TestMethod codeBase="D:\Users\Steve Knipmeyer\Documents\GitHub\ModelRelief\ModelRelief.test\bin\Debug\netcoreapp2.0\ModelRelief.Test.dll" adapterTypeName="executor://xunit/VsTestRunner2/netcoreapp" className="ModelRelief.Test.Integration.Models.ModelsBaseIntegrationTests" name="Patch_InvalidEnumPropertyValueReturnsBadRequest" /></UnitTest><UnitTest name="Put_CanUpdateModel" storage="d:\users\steve knipmeyer\documents\github\modelrelief\modelrelief.test\bin\debug\netcoreapp2.0\modelrelief.test.dll" id="ed8d0c64-7f53-4d36-aa46-7da2ef926c05"><Execution id="5ae5d614-7fa9-4388-9caf-e65c33442de9" /><TestMethod codeBase="D:\Users\Steve Knipmeyer\Documents\GitHub\ModelRelief\ModelRelief.test\bin\Debug\netcoreapp2.0\ModelRelief.Test.dll" adapterTypeName="executor://xunit/VsTestRunner2/netcoreapp" className="ModelRelief.Test.Integration.Cameras.CamerasBaseIntegrationTests" name="Put_CanUpdateModel" /></UnitTest><UnitTest name="PostFile_FileTimeStampIsUpdatedAfterFileIsPosted" storage="d:\users\steve knipmeyer\documents\github\modelrelief\modelrelief.test\bin\debug\netcoreapp2.0\modelrelief.test.dll" id="bc723600-ab96-4c4f-b36a-e19d0c48e3ca"><Execution id="1090413b-bd75-4fd9-84cb-4864968491b4" /><TestMethod codeBase="D:\Users\Steve Knipmeyer\Documents\GitHub\ModelRelief\ModelRelief.test\bin\Debug\netcoreapp2.0\ModelRelief.Test.dll" adapterTypeName="executor://xunit/VsTestRunner2/netcoreapp" className="ModelRelief.Test.Integration.Models.ModelsFileIntegrationTests" name="PostFile_FileTimeStampIsUpdatedAfterFileIsPosted" /></UnitTest><UnitTest name="FileRequest_FileCanBeReadAfterRename" storage="d:\users\steve knipmeyer\documents\github\modelrelief\modelrelief.test\bin\debug\netcoreapp2.0\modelrelief.test.dll" id="71c36684-7481-4002-9634-bb7b57495f38"><Execution id="ddcce478-42c4-45f8-9123-7f6f0e35973a" /><TestMethod codeBase="D:\Users\Steve Knipmeyer\Documents\GitHub\ModelRelief\ModelRelief.test\bin\Debug\netcoreapp2.0\ModelRelief.Test.dll" adapterTypeName="executor://xunit/VsTestRunner2/netcoreapp" className="ModelRelief.Test.Integration.Models.ModelsFileIntegrationTests" name="FileRequest_FileCanBeReadAfterRename" /></UnitTest><UnitTest name="Patch_InvalidPropertyNameReturnsBadRequest" storage="d:\users\steve knipmeyer\documents\github\modelrelief\modelrelief.test\bin\debug\netcoreapp2.0\modelrelief.test.dll" id="9261ce27-498e-4e6e-88f4-5d4dbd3d75f8"><Execution id="7400e524-f46e-4dc9-940c-8740289d3211" /><TestMethod codeBase="D:\Users\Steve Knipmeyer\Documents\GitHub\ModelRelief\ModelRelief.test\bin\Debug\netcoreapp2.0\ModelRelief.Test.dll" adapterTypeName="executor://xunit/VsTestRunner2/netcoreapp" className="ModelRelief.Test.Integration.MeshTransforms.MeshTransformsBaseIntegrationTests" name="Patch_InvalidPropertyNameReturnsBadRequest" /></UnitTest><UnitTest name="Put_InvalidReferencePropertyReturndBadRequest" storage="d:\users\steve knipmeyer\documents\github\modelrelief\modelrelief.test\bin\debug\netcoreapp2.0\modelrelief.test.dll" id="f6c450e8-bc89-4cfb-a361-d9875d05dbea"><Execution id="d932550a-ce6d-43b5-90f7-cf4a7c4d36d6" /><TestMethod codeBase="D:\Users\Steve Knipmeyer\Documents\GitHub\ModelRelief\ModelRelief.test\bin\Debug\netcoreapp2.0\ModelRelief.Test.dll" adapterTypeName="executor://xunit/VsTestRunner2/netcoreapp" className="ModelRelief.Test.Integration.Meshes.MeshesBaseIntegrationTests" name="Put_InvalidReferencePropertyReturndBadRequest" /></UnitTest><UnitTest name="GetFile_ExistingFileReturnsSuccess" storage="d:\users\steve knipmeyer\documents\github\modelrelief\modelrelief.test\bin\debug\netcoreapp2.0\modelrelief.test.dll" id="165d7f6d-957f-44b0-ab44-ee94ea5b2d30"><Execution id="037920d5-d3d8-4956-8d6d-04d45137b9ad" /><TestMethod codeBase="D:\Users\Steve Knipmeyer\Documents\GitHub\ModelRelief\ModelRelief.test\bin\Debug\netcoreapp2.0\ModelRelief.Test.dll" adapterTypeName="executor://xunit/VsTestRunner2/netcoreapp" className="ModelRelief.Test.Integration.DepthBuffers.DepthBuffersFileIntegrationTests" name="GetFile_ExistingFileReturnsSuccess" /></UnitTest><UnitTest name="Delete_TargetModelIsDeleted" storage="d:\users\steve knipmeyer\documents\github\modelrelief\modelrelief.test\bin\debug\netcoreapp2.0\modelrelief.test.dll" id="1321d649-2923-4480-9dc9-491a2a37616d"><Execution id="b1481145-c5af-42c4-bb84-def59b35bcdf" /><TestMethod codeBase="D:\Users\Steve Knipmeyer\Documents\GitHub\ModelRelief\ModelRelief.test\bin\Debug\netcoreapp2.0\ModelRelief.Test.dll" adapterTypeName="executor://xunit/VsTestRunner2/netcoreapp" className="ModelRelief.Test.Integration.Projects.ProjectsBaseIntegrationTests" name="Delete_TargetModelIsDeleted" /></UnitTest><UnitTest name="PostFile_NewFileCanBePosted" storage="d:\users\steve knipmeyer\documents\github\modelrelief\modelrelief.test\bin\debug\netcoreapp2.0\modelrelief.test.dll" id="39438746-b848-4257-b9ce-1955aae834e5"><Execution id="e7bda77f-5eec-4f8c-b0d0-fd0022f5e350" /><TestMethod codeBase="D:\Users\Steve Knipmeyer\Documents\GitHub\ModelRelief\ModelRelief.test\bin\Debug\netcoreapp2.0\ModelRelief.Test.dll" adapterTypeName="executor://xunit/VsTestRunner2/netcoreapp" className="ModelRelief.Test.Integration.Meshes.MeshesFileIntegrationTests" name="PostFile_NewFileCanBePosted" /></UnitTest><UnitTest name="GetList_ListReturnsCorrectCount" storage="d:\users\steve knipmeyer\documents\github\modelrelief\modelrelief.test\bin\debug\netcoreapp2.0\modelrelief.test.dll" id="abbc830a-95cc-4789-88a2-56749cd8e543"><Execution id="84da525c-c762-41ea-9196-5ead737d5b65" /><TestMethod codeBase="D:\Users\Steve Knipmeyer\Documents\GitHub\ModelRelief\ModelRelief.test\bin\Debug\netcoreapp2.0\ModelRelief.Test.dll" adapterTypeName="executor://xunit/VsTestRunner2/netcoreapp" className="ModelRelief.Test.Integration.DepthBuffers.DepthBuffersBaseIntegrationTests" name="GetList_ListReturnsCorrectCount" /></UnitTest><UnitTest name="Post_ValidReferencePropertyCreatesModel" storage="d:\users\steve knipmeyer\documents\github\modelrelief\modelrelief.test\bin\debug\netcoreapp2.0\modelrelief.test.dll" id="09d2d5ee-4898-45de-b295-8a1ca8ed0cd5"><Execution id="ae4f9125-b0da-464d-9700-75eec7f9bd9e" /><TestMethod codeBase="D:\Users\Steve Knipmeyer\Documents\GitHub\ModelRelief\ModelRelief.test\bin\Debug\netcoreapp2.0\ModelRelief.Test.dll" adapterTypeName="executor://xunit/VsTestRunner2/netcoreapp" className="ModelRelief.Test.Integration.Meshes.MeshesBaseIntegrationTests" name="Post_ValidReferencePropertyCreatesModel" /></UnitTest><UnitTest name="Put_InvalidReferencePropertyReturndBadRequest" storage="d:\users\steve knipmeyer\documents\github\modelrelief\modelrelief.test\bin\debug\netcoreapp2.0\modelrelief.test.dll" id="ba5abe72-a3db-40c9-97c2-2e7f930f2c49"><Execution id="69b42ac9-7d7e-4be0-acad-0a93917d0800" /><TestMethod codeBase="D:\Users\Steve Knipmeyer\Documents\GitHub\ModelRelief\ModelRelief.test\bin\Debug\netcoreapp2.0\ModelRelief.Test.dll" adapterTypeName="executor://xunit/VsTestRunner2/netcoreapp" className="ModelRelief.Test.Integration.Cameras.CamerasBaseIntegrationTests" name="Put_InvalidReferencePropertyReturndBadRequest" /></UnitTest><UnitTest name="Patch_InvalidEnumPropertyValueReturnsBadRequest" storage="d:\users\steve knipmeyer\documents\github\modelrelief\modelrelief.test\bin\debug\netcoreapp2.0\modelrelief.test.dll" id="d63cb1f8-21d4-4eab-b8a4-a0408a5c880e"><Execution id="459bcf61-68ec-4c11-acd4-99bbd2ab3680" /><TestMethod codeBase="D:\Users\Steve Knipmeyer\Documents\GitHub\ModelRelief\ModelRelief.test\bin\Debug\netcoreapp2.0\ModelRelief.Test.dll" adapterTypeName="executor://xunit/VsTestRunner2/netcoreapp" className="ModelRelief.Test.Integration.Projects.ProjectsBaseIntegrationTests" name="Patch_InvalidEnumPropertyValueReturnsBadRequest" /></UnitTest><UnitTest name="Patch_InvalidReferencePropertyReturnsBadRequest" storage="d:\users\steve knipmeyer\documents\github\modelrelief\modelrelief.test\bin\debug\netcoreapp2.0\modelrelief.test.dll" id="878dc6d4-371e-450b-821d-577d8bf595b0"><Execution id="6436021f-5abe-4bdb-8d6b-ac9969fae1fa" /><TestMethod codeBase="D:\Users\Steve Knipmeyer\Documents\GitHub\ModelRelief\ModelRelief.test\bin\Debug\netcoreapp2.0\ModelRelief.Test.dll" adapterTypeName="executor://xunit/VsTestRunner2/netcoreapp" className="ModelRelief.Test.Integration.DepthBuffers.DepthBuffersBaseIntegrationTests" name="Patch_InvalidReferencePropertyReturnsBadRequest" /></UnitTest><UnitTest name="Patch_InvalidIdPropertyReturnsNotFound" storage="d:\users\steve knipmeyer\documents\github\modelrelief\modelrelief.test\bin\debug\netcoreapp2.0\modelrelief.test.dll" id="9964cf5d-efef-4ce5-a660-0b302b93556f"><Execution id="24e357ea-9c84-44c3-a504-d4be3836559a" /><TestMethod codeBase="D:\Users\Steve Knipmeyer\Documents\GitHub\ModelRelief\ModelRelief.test\bin\Debug\netcoreapp2.0\ModelRelief.Test.dll" adapterTypeName="executor://xunit/VsTestRunner2/netcoreapp" className="ModelRelief.Test.Integration.DepthBuffers.DepthBuffersBaseIntegrationTests" name="Patch_InvalidIdPropertyReturnsNotFound" /></UnitTest><UnitTest name="Put_InvalidIdReturnsNotFound" storage="d:\users\steve knipmeyer\documents\github\modelrelief\modelrelief.test\bin\debug\netcoreapp2.0\modelrelief.test.dll" id="ff10afb0-c653-4011-b080-0af77d426809"><Execution id="8cbcedf7-9c09-4e5e-b7e2-195ce8d335e6" /><TestMethod codeBase="D:\Users\Steve Knipmeyer\Documents\GitHub\ModelRelief\ModelRelief.test\bin\Debug\netcoreapp2.0\ModelRelief.Test.dll" adapterTypeName="executor://xunit/VsTestRunner2/netcoreapp" className="ModelRelief.Test.Integration.DepthBuffers.DepthBuffersBaseIntegrationTests" name="Put_InvalidIdReturnsNotFound" /></UnitTest><UnitTest name="Patch_InvalidEnumPropertyValueReturnsBadRequest" storage="d:\users\steve knipmeyer\documents\github\modelrelief\modelrelief.test\bin\debug\netcoreapp2.0\modelrelief.test.dll" id="525e1c4e-b48a-4512-bb9b-762dbd252c01"><Execution id="7bb73701-433e-4104-a6c6-8b62f3581d9e" /><TestMethod codeBase="D:\Users\Steve Knipmeyer\Documents\GitHub\ModelRelief\ModelRelief.test\bin\Debug\netcoreapp2.0\ModelRelief.Test.dll" adapterTypeName="executor://xunit/VsTestRunner2/netcoreapp" className="ModelRelief.Test.Integration.MeshTransforms.MeshTransformsBaseIntegrationTests" name="Patch_InvalidEnumPropertyValueReturnsBadRequest" /></UnitTest><UnitTest name="Patch_TargetPropertyIsUpdated" storage="d:\users\steve knipmeyer\documents\github\modelrelief\modelrelief.test\bin\debug\netcoreapp2.0\modelrelief.test.dll" id="94143433-94e1-48d3-a0d8-b54096fd0974"><Execution id="7f24a10e-155d-45ab-9273-91fc8c6e43aa" /><TestMethod codeBase="D:\Users\Steve Knipmeyer\Documents\GitHub\ModelRelief\ModelRelief.test\bin\Debug\netcoreapp2.0\ModelRelief.Test.dll" adapterTypeName="executor://xunit/VsTestRunner2/netcoreapp" className="ModelRelief.Test.Integration.Cameras.CamerasBaseIntegrationTests" name="Patch_TargetPropertyIsUpdated" /></UnitTest><UnitTest name="GetSingle_InvalidIdPropertyValueReturnsNotFound" storage="d:\users\steve knipmeyer\documents\github\modelrelief\modelrelief.test\bin\debug\netcoreapp2.0\modelrelief.test.dll" id="4f2201ad-159a-4bed-9e91-e9648c131505"><Execution id="68775afc-d5b9-4112-8e58-3cef76b51cb1" /><TestMethod codeBase="D:\Users\Steve Knipmeyer\Documents\GitHub\ModelRelief\ModelRelief.test\bin\Debug\netcoreapp2.0\ModelRelief.Test.dll" adapterTypeName="executor://xunit/VsTestRunner2/netcoreapp" className="ModelRelief.Test.Integration.Projects.ProjectsBaseIntegrationTests" name="GetSingle_InvalidIdPropertyValueReturnsNotFound" /></UnitTest><UnitTest name="Put_InvalidReferencePropertyReturndBadRequest" storage="d:\users\steve knipmeyer\documents\github\modelrelief\modelrelief.test\bin\debug\netcoreapp2.0\modelrelief.test.dll" id="e1ecda48-1cd6-4525-8a79-66dd4381b3ad"><Execution id="9a492a33-52fd-42d2-97a4-d58f070cdcfd" /><TestMethod codeBase="D:\Users\Steve Knipmeyer\Documents\GitHub\ModelRelief\ModelRelief.test\bin\Debug\netcoreapp2.0\ModelRelief.Test.dll" adapterTypeName="executor://xunit/VsTestRunner2/netcoreapp" className="ModelRelief.Test.Integration.Models.ModelsBaseIntegrationTests" name="Put_InvalidReferencePropertyReturndBadRequest" /></UnitTest><UnitTest name="Patch_InvalidIdPropertyReturnsNotFound" storage="d:\users\steve knipmeyer\documents\github\modelrelief\modelrelief.test\bin\debug\netcoreapp2.0\modelrelief.test.dll" id="cda4495e-c164-4903-bc27-19b9c09d79d0"><Execution id="2f907dc1-29a0-4613-942c-91d4cdb022c3" /><TestMethod codeBase="D:\Users\Steve Knipmeyer\Documents\GitHub\ModelRelief\ModelRelief.test\bin\Debug\netcoreapp2.0\ModelRelief.Test.dll" adapterTypeName="executor://xunit/VsTestRunner2/netcoreapp" className="ModelRelief.Test.Integration.MeshTransforms.MeshTransformsBaseIntegrationTests" name="Patch_InvalidIdPropertyReturnsNotFound" /></UnitTest><UnitTest name="Patch_ValidReferencePropertyUpdatesModel" storage="d:\users\steve knipmeyer\documents\github\modelrelief\modelrelief.test\bin\debug\netcoreapp2.0\modelrelief.test.dll" id="658274d8-fcf0-4673-8a2d-85cdd341bd43"><Execution id="74dc9478-f09d-4a3b-9e73-466edb12034e" /><TestMethod codeBase="D:\Users\Steve Knipmeyer\Documents\GitHub\ModelRelief\ModelRelief.test\bin\Debug\netcoreapp2.0\ModelRelief.Test.dll" adapterTypeName="executor://xunit/VsTestRunner2/netcoreapp" className="ModelRelief.Test.Integration.Models.ModelsBaseIntegrationTests" name="Patch_ValidReferencePropertyUpdatesModel" /></UnitTest><UnitTest name="Post_ValidReferencePropertyCreatesModel" storage="d:\users\steve knipmeyer\documents\github\modelrelief\modelrelief.test\bin\debug\netcoreapp2.0\modelrelief.test.dll" id="2f1d8dc3-e669-4629-a490-64766b368944"><Execution id="45b677a6-5359-4f05-a35d-13e9ede34cc3" /><TestMethod codeBase="D:\Users\Steve Knipmeyer\Documents\GitHub\ModelRelief\ModelRelief.test\bin\Debug\netcoreapp2.0\ModelRelief.Test.dll" adapterTypeName="executor://xunit/VsTestRunner2/netcoreapp" className="ModelRelief.Test.Integration.Projects.ProjectsBaseIntegrationTests" name="Post_ValidReferencePropertyCreatesModel" /></UnitTest><UnitTest name="GetFile_NonExistentFileReturnsNotFound" storage="d:\users\steve knipmeyer\documents\github\modelrelief\modelrelief.test\bin\debug\netcoreapp2.0\modelrelief.test.dll" id="b7cbae38-69e6-4901-88ac-1e56c640c65a"><Execution id="43e8f0b2-bf2b-402f-9d82-5a8fb471132a" /><TestMethod codeBase="D:\Users\Steve Knipmeyer\Documents\GitHub\ModelRelief\ModelRelief.test\bin\Debug\netcoreapp2.0\ModelRelief.Test.dll" adapterTypeName="executor://xunit/VsTestRunner2/netcoreapp" className="ModelRelief.Test.Integration.Meshes.MeshesFileIntegrationTests" name="GetFile_NonExistentFileReturnsNotFound" /></UnitTest><UnitTest name="Post_CanCreateNewModel" storage="d:\users\steve knipmeyer\documents\github\modelrelief\modelrelief.test\bin\debug\netcoreapp2.0\modelrelief.test.dll" id="70c305e3-6d95-4c7f-89d8-2a60f553fb75"><Execution id="9d353156-43b5-42b9-bc7a-ca39cd501254" /><TestMethod codeBase="D:\Users\Steve Knipmeyer\Documents\GitHub\ModelRelief\ModelRelief.test\bin\Debug\netcoreapp2.0\ModelRelief.Test.dll" adapterTypeName="executor://xunit/VsTestRunner2/netcoreapp" className="ModelRelief.Test.Integration.Models.ModelsBaseIntegrationTests" name="Post_CanCreateNewModel" /></UnitTest><UnitTest name="GetList_ListReturnsCorrectCount" storage="d:\users\steve knipmeyer\documents\github\modelrelief\modelrelief.test\bin\debug\netcoreapp2.0\modelrelief.test.dll" id="679fc6b3-dc71-4116-bc5b-486054d19de3"><Execution id="65290c7e-060e-44ea-b7ce-8c90d82ffcce" /><TestMethod codeBase="D:\Users\Steve Knipmeyer\Documents\GitHub\ModelRelief\ModelRelief.test\bin\Debug\netcoreapp2.0\ModelRelief.Test.dll" adapterTypeName="executor://xunit/VsTestRunner2/netcoreapp" className="ModelRelief.Test.Integration.Cameras.CamerasBaseIntegrationTests" name="GetList_ListReturnsCorrectCount" /></UnitTest><UnitTest name="CameraHasExpectedDependentFiles" storage="d:\users\steve knipmeyer\documents\github\modelrelief\modelrelief.test\bin\debug\netcoreapp2.0\modelrelief.test.dll" id="bcd371bf-3239-44b7-bc0d-84c80e11b14f"><Execution id="e1fdb04d-44a7-4bff-a515-20e3136586d3" /><TestMethod codeBase="D:\Users\Steve Knipmeyer\Documents\GitHub\ModelRelief\ModelRelief.test\bin\Debug\netcoreapp2.0\ModelRelief.Test.dll" adapterTypeName="executor://xunit/VsTestRunner2/netcoreapp" className="ModelRelief.Test.Unit.DependencyManager.DependencyManagerTests" name="CameraHasExpectedDependentFiles" /></UnitTest><UnitTest name="Post_InvalidPropertyValueReturnsBadRequest" storage="d:\users\steve knipmeyer\documents\github\modelrelief\modelrelief.test\bin\debug\netcoreapp2.0\modelrelief.test.dll" id="7dca25d3-8b56-40b7-9e93-2a060314be35"><Execution id="d08b9466-35db-4fe2-9e39-91436a6afe03" /><TestMethod codeBase="D:\Users\Steve Knipmeyer\Documents\GitHub\ModelRelief\ModelRelief.test\bin\Debug\netcoreapp2.0\ModelRelief.Test.dll" adapterTypeName="executor://xunit/VsTestRunner2/netcoreapp" className="ModelRelief.Test.Integration.MeshTransforms.MeshTransformsBaseIntegrationTests" name="Post_InvalidPropertyValueReturnsBadRequest" /></UnitTest><UnitTest name="Patch_MultipleInvalidReferencePropertiesReturnsMultipleValidationErrorsAndBadRequest" storage="d:\users\steve knipmeyer\documents\github\modelrelief\modelrelief.test\bin\debug\netcoreapp2.0\modelrelief.test.dll" id="bb2fd126-f3cf-458c-a011-dc077bfda419"><Execution id="121ffe31-348b-4d61-90a9-2332e9091470" /><TestMethod codeBase="D:\Users\Steve Knipmeyer\Documents\GitHub\ModelRelief\ModelRelief.test\bin\Debug\netcoreapp2.0\ModelRelief.Test.dll" adapterTypeName="executor://xunit/VsTestRunner2/netcoreapp" className="ModelRelief.Test.Integration.DepthBuffers.DepthBuffersBaseIntegrationTests" name="Patch_MultipleInvalidReferencePropertiesReturnsMultipleValidationErrorsAndBadRequest" /></UnitTest><UnitTest name="Post_CanCreateNewModel" storage="d:\users\steve knipmeyer\documents\github\modelrelief\modelrelief.test\bin\debug\netcoreapp2.0\modelrelief.test.dll" id="189dbc44-b35f-4fbc-9859-37251d5d8fa5"><Execution id="732fa340-8ebc-4d06-8b49-77a2f9e99173" /><TestMethod codeBase="D:\Users\Steve Knipmeyer\Documents\GitHub\ModelRelief\ModelRelief.test\bin\Debug\netcoreapp2.0\ModelRelief.Test.dll" adapterTypeName="executor://xunit/VsTestRunner2/netcoreapp" className="ModelRelief.Test.Integration.Meshes.MeshesBaseIntegrationTests" name="Post_CanCreateNewModel" /></UnitTest><UnitTest name="GetFile_NonExistentFileReturnsNotFound" storage="d:\users\steve knipmeyer\documents\github\modelrelief\modelrelief.test\bin\debug\netcoreapp2.0\modelrelief.test.dll" id="d1cffb20-b69b-4c5b-a0a2-289c6beab395"><Execution id="020d64e7-7c32-480f-8625-d5aa5e2a6ed3" /><TestMethod codeBase="D:\Users\Steve Knipmeyer\Documents\GitHub\ModelRelief\ModelRelief.test\bin\Debug\netcoreapp2.0\ModelRelief.Test.dll" adapterTypeName="executor://xunit/VsTestRunner2/netcoreapp" className="ModelRelief.Test.Integration.Models.ModelsFileIntegrationTests" name="GetFile_NonExistentFileReturnsNotFound" /></UnitTest><UnitTest name="PostFile_FileTimeStampIsUpdatedAfterFileIsPosted" storage="d:\users\steve knipmeyer\documents\github\modelrelief\modelrelief.test\bin\debug\netcoreapp2.0\modelrelief.test.dll" id="1a26cbae-ed01-4e52-a105-777f66e9ffc8"><Execution id="0c6bb3a5-9dc3-4608-b165-b2a64fc89018" /><TestMethod codeBase="D:\Users\Steve Knipmeyer\Documents\GitHub\ModelRelief\ModelRelief.test\bin\Debug\netcoreapp2.0\ModelRelief.Test.dll" adapterTypeName="executor://xunit/VsTestRunner2/netcoreapp" className="ModelRelief.Test.Integration.Meshes.MeshesFileIntegrationTests" name="PostFile_FileTimeStampIsUpdatedAfterFileIsPosted" /></UnitTest><UnitTest name="PutFile_FileCanBeUpdated" storage="d:\users\steve knipmeyer\documents\github\modelrelief\modelrelief.test\bin\debug\netcoreapp2.0\modelrelief.test.dll" id="3b5a2014-b769-427f-b974-84035fcdfb1f"><Execution id="4d0e70f9-a4b0-4a7b-8f3a-62d1ae77ba3e" /><TestMethod codeBase="D:\Users\Steve Knipmeyer\Documents\GitHub\ModelRelief\ModelRelief.test\bin\Debug\netcoreapp2.0\ModelRelief.Test.dll" adapterTypeName="executor://xunit/VsTestRunner2/netcoreapp" className="ModelRelief.Test.Integration.DepthBuffers.DepthBuffersFileIntegrationTests" name="PutFile_FileCanBeUpdated" /></UnitTest><UnitTest name="GetSingle_ValidIdPropertyValueReturnsCorrectModel" storage="d:\users\steve knipmeyer\documents\github\modelrelief\modelrelief.test\bin\debug\netcoreapp2.0\modelrelief.test.dll" id="cfacbad0-c562-4986-8e95-77f3a6ba39dd"><Execution id="4cb40270-9dc5-4696-ac51-7df6187ae14f" /><TestMethod codeBase="D:\Users\Steve Knipmeyer\Documents\GitHub\ModelRelief\ModelRelief.test\bin\Debug\netcoreapp2.0\ModelRelief.Test.dll" adapterTypeName="executor://xunit/VsTestRunner2/netcoreapp" className="ModelRelief.Test.Integration.Cameras.CamerasBaseIntegrationTests" name="GetSingle_ValidIdPropertyValueReturnsCorrectModel" /></UnitTest><UnitTest name="Post_InvalidReferencePropertyReturnsBadRequest" storage="d:\users\steve knipmeyer\documents\github\modelrelief\modelrelief.test\bin\debug\netcoreapp2.0\modelrelief.test.dll" id="d44a7815-6c56-4ea5-a11e-ee511714eb74"><Execution id="dd0b9358-3d85-4c3d-9b1b-f7108f1921a2" /><TestMethod codeBase="D:\Users\Steve Knipmeyer\Documents\GitHub\ModelRelief\ModelRelief.test\bin\Debug\netcoreapp2.0\ModelRelief.Test.dll" adapterTypeName="executor://xunit/VsTestRunner2/netcoreapp" className="ModelRelief.Test.Integration.DepthBuffers.DepthBuffersBaseIntegrationTests" name="Post_InvalidReferencePropertyReturnsBadRequest" /></UnitTest><UnitTest name="Patch_TargetPropertyIsUpdated" storage="d:\users\steve knipmeyer\documents\github\modelrelief\modelrelief.test\bin\debug\netcoreapp2.0\modelrelief.test.dll" id="d6ff343e-4528-4dcb-8281-811f66cc208e"><Execution id="65ec6b19-472e-4a46-90f1-d6f98b911cf1" /><TestMethod codeBase="D:\Users\Steve Knipmeyer\Documents\GitHub\ModelRelief\ModelRelief.test\bin\Debug\netcoreapp2.0\ModelRelief.Test.dll" adapterTypeName="executor://xunit/VsTestRunner2/netcoreapp" className="ModelRelief.Test.Integration.Meshes.MeshesBaseIntegrationTests" name="Patch_TargetPropertyIsUpdated" /></UnitTest><UnitTest name="GetFile_NonExistentFileReturnsNotFound" storage="d:\users\steve knipmeyer\documents\github\modelrelief\modelrelief.test\bin\debug\netcoreapp2.0\modelrelief.test.dll" id="f545df1d-13f0-456e-9539-f239d2de5890"><Execution id="469bd30d-d1bf-4639-b69e-46c42d9d739a" /><TestMethod codeBase="D:\Users\Steve Knipmeyer\Documents\GitHub\ModelRelief\ModelRelief.test\bin\Debug\netcoreapp2.0\ModelRelief.Test.dll" adapterTypeName="executor://xunit/VsTestRunner2/netcoreapp" className="ModelRelief.Test.Integration.DepthBuffers.DepthBuffersFileIntegrationTests" name="GetFile_NonExistentFileReturnsNotFound" /></UnitTest><UnitTest name="Delete_TargetModelIsDeleted" storage="d:\users\steve knipmeyer\documents\github\modelrelief\modelrelief.test\bin\debug\netcoreapp2.0\modelrelief.test.dll" id="5b981330-8153-4ba2-850b-62b9ae1d3aec"><Execution id="888aa236-9e2b-443b-ae71-16b3da3cd36a" /><TestMethod codeBase="D:\Users\Steve Knipmeyer\Documents\GitHub\ModelRelief\ModelRelief.test\bin\Debug\netcoreapp2.0\ModelRelief.Test.dll" adapterTypeName="executor://xunit/VsTestRunner2/netcoreapp" className="ModelRelief.Test.Integration.Cameras.CamerasBaseIntegrationTests" name="Delete_TargetModelIsDeleted" /></UnitTest><UnitTest name="Patch_MultipleInvalidReferencePropertiesReturnsMultipleValidationErrorsAndBadRequest" storage="d:\users\steve knipmeyer\documents\github\modelrelief\modelrelief.test\bin\debug\netcoreapp2.0\modelrelief.test.dll" id="9d6dd9ad-ee26-4328-8985-0db1cf290073"><Execution id="a2770503-efcb-4b69-bc24-adfb9a93d161" /><TestMethod codeBase="D:\Users\Steve Knipmeyer\Documents\GitHub\ModelRelief\ModelRelief.test\bin\Debug\netcoreapp2.0\ModelRelief.Test.dll" adapterTypeName="executor://xunit/VsTestRunner2/netcoreapp" className="ModelRelief.Test.Integration.Projects.ProjectsBaseIntegrationTests" name="Patch_MultipleInvalidReferencePropertiesReturnsMultipleValidationErrorsAndBadRequest" /></UnitTest><UnitTest name="Put_InvalidIdReturnsNotFound" storage="d:\users\steve knipmeyer\documents\github\modelrelief\modelrelief.test\bin\debug\netcoreapp2.0\modelrelief.test.dll" id="3f9dc67c-d39a-4814-9ff9-f25f28709fe9"><Execution id="da30930e-978d-4943-a1e1-44ea3d6a73ae" /><TestMethod codeBase="D:\Users\Steve Knipmeyer\Documents\GitHub\ModelRelief\ModelRelief.test\bin\Debug\netcoreapp2.0\ModelRelief.Test.dll" adapterTypeName="executor://xunit/VsTestRunner2/netcoreapp" className="ModelRelief.Test.Integration.Meshes.MeshesBaseIntegrationTests" name="Put_InvalidIdReturnsNotFound" /></UnitTest><UnitTest name="Post_CanCreateNewModel" storage="d:\users\steve knipmeyer\documents\github\modelrelief\modelrelief.test\bin\debug\netcoreapp2.0\modelrelief.test.dll" id="d93644b9-09de-4436-9f81-29a234c4396a"><Execution id="a9279d50-bccb-4ca0-bd1d-546c81b91b8b" /><TestMethod codeBase="D:\Users\Steve Knipmeyer\Documents\GitHub\ModelRelief\ModelRelief.test\bin\Debug\netcoreapp2.0\ModelRelief.Test.dll" adapterTypeName="executor://xunit/VsTestRunner2/netcoreapp" className="ModelRelief.Test.Integration.MeshTransforms.MeshTransformsBaseIntegrationTests" name="Post_CanCreateNewModel" /></UnitTest><UnitTest name="Patch_MultipleInvalidReferencePropertiesReturnsMultipleValidationErrorsAndBadRequest" storage="d:\users\steve knipmeyer\documents\github\modelrelief\modelrelief.test\bin\debug\netcoreapp2.0\modelrelief.test.dll" id="658add53-e1da-4f3a-b344-3b7bcb986189"><Execution id="8309f321-c135-4554-8506-9dda0e65a48c" /><TestMethod codeBase="D:\Users\Steve Knipmeyer\Documents\GitHub\ModelRelief\ModelRelief.test\bin\Debug\netcoreapp2.0\ModelRelief.Test.dll" adapterTypeName="executor://xunit/VsTestRunner2/netcoreapp" className="ModelRelief.Test.Integration.Meshes.MeshesBaseIntegrationTests" name="Patch_MultipleInvalidReferencePropertiesReturnsMultipleValidationErrorsAndBadRequest" /></UnitTest><UnitTest name="Put_InvalidIdReturnsNotFound" storage="d:\users\steve knipmeyer\documents\github\modelrelief\modelrelief.test\bin\debug\netcoreapp2.0\modelrelief.test.dll" id="611cc737-3558-40dd-baa3-889733355aef"><Execution id="55859f3e-a6cf-4a85-8012-94cb0e6adb23" /><TestMethod codeBase="D:\Users\Steve Knipmeyer\Documents\GitHub\ModelRelief\ModelRelief.test\bin\Debug\netcoreapp2.0\ModelRelief.Test.dll" adapterTypeName="executor://xunit/VsTestRunner2/netcoreapp" className="ModelRelief.Test.Integration.Cameras.CamerasBaseIntegrationTests" name="Put_InvalidIdReturnsNotFound" /></UnitTest><UnitTest name="Patch_InvalidEnumPropertyValueReturnsBadRequest" storage="d:\users\steve knipmeyer\documents\github\modelrelief\modelrelief.test\bin\debug\netcoreapp2.0\modelrelief.test.dll" id="0100eb5d-9302-4a5e-8172-c5cb62fb1c6f"><Execution id="bee5e0ba-93c9-4fcd-a811-d4ed2a1c8a2c" /><TestMethod codeBase="D:\Users\Steve Knipmeyer\Documents\GitHub\ModelRelief\ModelRelief.test\bin\Debug\netcoreapp2.0\ModelRelief.Test.dll" adapterTypeName="executor://xunit/VsTestRunner2/netcoreapp" className="ModelRelief.Test.Integration.DepthBuffers.DepthBuffersBaseIntegrationTests" name="Patch_InvalidEnumPropertyValueReturnsBadRequest" /></UnitTest><UnitTest name="Post_ValidReferencePropertyCreatesModel" storage="d:\users\steve knipmeyer\documents\github\modelrelief\modelrelief.test\bin\debug\netcoreapp2.0\modelrelief.test.dll" id="262931a0-a514-4216-b1e6-4495be87d0f4"><Execution id="7bf26d1f-b25b-4ade-8c69-e313acf64303" /><TestMethod codeBase="D:\Users\Steve Knipmeyer\Documents\GitHub\ModelRelief\ModelRelief.test\bin\Debug\netcoreapp2.0\ModelRelief.Test.dll" adapterTypeName="executor://xunit/VsTestRunner2/netcoreapp" className="ModelRelief.Test.Integration.DepthBuffers.DepthBuffersBaseIntegrationTests" name="Post_ValidReferencePropertyCreatesModel" /></UnitTest><UnitTest name="Patch_InvalidReferencePropertyReturnsBadRequest" storage="d:\users\steve knipmeyer\documents\github\modelrelief\modelrelief.test\bin\debug\netcoreapp2.0\modelrelief.test.dll" id="43cc02a0-3802-49fb-af9a-d5f18df0e873"><Execution id="52a91374-e495-436f-9e04-daa7e86e0fa5" /><TestMethod codeBase="D:\Users\Steve Knipmeyer\Documents\GitHub\ModelRelief\ModelRelief.test\bin\Debug\netcoreapp2.0\ModelRelief.Test.dll" adapterTypeName="executor://xunit/VsTestRunner2/netcoreapp" className="ModelRelief.Test.Integration.Models.ModelsBaseIntegrationTests" name="Patch_InvalidReferencePropertyReturnsBadRequest" /></UnitTest><UnitTest name="Patch_InvalidPropertyNameReturnsBadRequest" storage="d:\users\steve knipmeyer\documents\github\modelrelief\modelrelief.test\bin\debug\netcoreapp2.0\modelrelief.test.dll" id="c17a85c6-b02d-46b9-b9a5-3395cd7769c5"><Execution id="b02d0bb0-d8ea-4fd3-87e8-754d6750f3fe" /><TestMethod codeBase="D:\Users\Steve Knipmeyer\Documents\GitHub\ModelRelief\ModelRelief.test\bin\Debug\netcoreapp2.0\ModelRelief.Test.dll" adapterTypeName="executor://xunit/VsTestRunner2/netcoreapp" className="ModelRelief.Test.Integration.Cameras.CamerasBaseIntegrationTests" name="Patch_InvalidPropertyNameReturnsBadRequest" /></UnitTest><UnitTest name="PutFile_FileCanBeUpdated" storage="d:\users\steve knipmeyer\documents\github\modelrelief\modelrelief.test\bin\debug\netcoreapp2.0\modelrelief.test.dll" id="fe31e6fa-44a9-4826-b0c1-0e5d8eb3b729"><Execution id="5d89ea21-cd64-4f55-aa5b-76fe973fa4e3" /><TestMethod codeBase="D:\Users\Steve Knipmeyer\Documents\GitHub\ModelRelief\ModelRelief.test\bin\Debug\netcoreapp2.0\ModelRelief.Test.dll" adapterTypeName="executor://xunit/VsTestRunner2/netcoreapp" className="ModelRelief.Test.Integration.Models.ModelsFileIntegrationTests" name="PutFile_FileCanBeUpdated" /></UnitTest></TestDefinitions><TestEntries><TestEntry testId="abbc830a-95cc-4789-88a2-56749cd8e543" executionId="84da525c-c762-41ea-9196-5ead737d5b65" testListId="8c84fa94-04c1-424b-9868-57a2d4851a1d" /><TestEntry testId="f99043bc-3061-49f8-9731-fdbf9f6d0853" executionId="fdeee32c-023c-4d43-91fe-b15e5acb192f" testListId="8c84fa94-04c1-424b-9868-57a2d4851a1d" /><TestEntry testId="1ce07e7a-e9a4-4c43-b783-c05f1e7c5e39" executionId="915a6ef1-7dbd-4d09-b1bc-272e146323ce" testListId="8c84fa94-04c1-424b-9868-57a2d4851a1d" /><TestEntry testId="638e2dc1-8ec6-4eb0-b68c-732ce5d2b6b1" executionId="6a75bd77-f6b9-44db-95be-63c13cec953d" testListId="8c84fa94-04c1-424b-9868-57a2d4851a1d" /><TestEntry testId="dc15f145-d620-423b-8a73-08f8e506afc5" executionId="8bd035cc-73d3-42b9-b5c1-76da93e6c2c4" testListId="8c84fa94-04c1-424b-9868-57a2d4851a1d" /><TestEntry testId="ada95d3f-a120-451b-ab6f-70da32d8f3d6" executionId="b36eb772-a74e-4e78-98f6-bc8628bc2fa6" testListId="8c84fa94-04c1-424b-9868-57a2d4851a1d" /><TestEntry testId="ba5abe72-a3db-40c9-97c2-2e7f930f2c49" executionId="69b42ac9-7d7e-4be0-acad-0a93917d0800" testListId="8c84fa94-04c1-424b-9868-57a2d4851a1d" /><TestEntry testId="1f452e69-3adf-4ff5-af92-fe568ae5bf7f" executionId="5ecb70d1-d3ef-49d6-936c-95a9d2c70029" testListId="8c84fa94-04c1-424b-9868-57a2d4851a1d" /><TestEntry testId="aafcf524-fc0b-494e-889f-8acbde88b31a" executionId="65034661-6869-4cd3-8203-4741e0dd77a2" testListId="8c84fa94-04c1-424b-9868-57a2d4851a1d" /><TestEntry testId="9465ec39-8b39-4786-8bb0-530cb9aba875" executionId="62612752-5f5e-4687-b29d-ddb24b56bdb8" testListId="8c84fa94-04c1-424b-9868-57a2d4851a1d" /><TestEntry testId="5e72fb08-b96a-4bf7-a89a-a3e36270563b" executionId="cde0c725-7403-491b-973d-78958da44f7a" testListId="8c84fa94-04c1-424b-9868-57a2d4851a1d" /><TestEntry testId="498aaf21-484b-4e87-936e-d41241735521" executionId="053336cc-68b8-4547-b631-88f9762d5162" testListId="8c84fa94-04c1-424b-9868-57a2d4851a1d" /><TestEntry testId="8b1befea-2ced-4d7f-912c-19aeea9e9879" executionId="558786ea-562b-4a95-b8d3-15a7559fe46f" testListId="8c84fa94-04c1-424b-9868-57a2d4851a1d" /><TestEntry testId="0a2a8792-25b7-47a5-88b0-46d26a5d512a" executionId="faf656c5-be0b-44ba-8486-687325a754c9" testListId="8c84fa94-04c1-424b-9868-57a2d4851a1d" /><TestEntry testId="ca679d4b-38d5-488e-94d2-ce679256595b" executionId="e38238a1-3d6d-4555-b74c-d146e4e6b875" testListId="8c84fa94-04c1-424b-9868-57a2d4851a1d" /><TestEntry testId="83699900-4633-41b3-8a8d-453b3ea1838b" executionId="298e9c38-968a-4609-a260-0041dafb5127" testListId="8c84fa94-04c1-424b-9868-57a2d4851a1d" /><TestEntry testId="f51c63c6-7743-4065-9ff6-e20fae70799d" executionId="cc9efd39-14c7-4f5f-ab63-fdb29e94c773" testListId="8c84fa94-04c1-424b-9868-57a2d4851a1d" /><TestEntry testId="39438746-b848-4257-b9ce-1955aae834e5" executionId="e7bda77f-5eec-4f8c-b0d0-fd0022f5e350" testListId="8c84fa94-04c1-424b-9868-57a2d4851a1d" /><TestEntry testId="e763e778-f855-45eb-8972-a054897132be" executionId="59d6db45-900d-4cb4-a389-1c2b45ba6329" testListId="8c84fa94-04c1-424b-9868-57a2d4851a1d" /><TestEntry testId="662c4be5-260e-4f09-9269-49812c9ec8a0" executionId="7ed0a083-f2ca-4fa4-b279-a3baad6baa1e" testListId="8c84fa94-04c1-424b-9868-57a2d4851a1d" /><TestEntry testId="a3991b67-fcac-41bb-83ff-0ddce0ba304c" executionId="aa6af114-2832-4bf0-ad5c-0dbae07a9ae1" testListId="8c84fa94-04c1-424b-9868-57a2d4851a1d" /><TestEntry testId="262931a0-a514-4216-b1e6-4495be87d0f4" executionId="7bf26d1f-b25b-4ade-8c69-e313acf64303" testListId="8c84fa94-04c1-424b-9868-57a2d4851a1d" /><TestEntry testId="23fcdea3-ec3d-4633-8323-201ace67e68c" executionId="ffdc47de-d1b9-4150-a60c-ef49c1f0099a" testListId="8c84fa94-04c1-424b-9868-57a2d4851a1d" /><TestEntry testId="b9f359bd-dbec-4f77-b194-abd17b65a16c" executionId="aa1bcebe-4dfe-4393-b256-fabeca6baa0f" testListId="8c84fa94-04c1-424b-9868-57a2d4851a1d" /><TestEntry testId="bb4c020c-cec0-4959-8fc5-77d2b3027550" executionId="f94f08a5-1e69-4966-b2b3-4253adcfa5ac" testListId="8c84fa94-04c1-424b-9868-57a2d4851a1d" /><TestEntry testId="4770151f-4ce9-4180-b8e0-ebc6891c9ba0" executionId="fa815f73-68ad-444c-977b-2c70098054e5" testListId="8c84fa94-04c1-424b-9868-57a2d4851a1d" /><TestEntry testId="d7acbc93-aab1-4a7a-9a3e-94d90de924c2" executionId="d892b4c0-197c-42c3-9dda-312ee9b18f13" testListId="8c84fa94-04c1-424b-9868-57a2d4851a1d" /><TestEntry testId="44c6c924-1d93-40e4-81c2-18290ecce0ef" executionId="8670b434-b202-4c2c-adb4-4b973e782c67" testListId="8c84fa94-04c1-424b-9868-57a2d4851a1d" /><TestEntry testId="64d2ac59-3ab4-4ab2-8422-98c342e0ed92" executionId="4cebdb88-4c02-4206-a98f-236fd51c8456" testListId="8c84fa94-04c1-424b-9868-57a2d4851a1d" /><TestEntry testId="45e00f6b-d7ee-4f35-af35-e943b15bc5a2" executionId="bb7426f4-7791-47f9-a580-d64dccff41d8" testListId="8c84fa94-04c1-424b-9868-57a2d4851a1d" /><TestEntry testId="4f2201ad-159a-4bed-9e91-e9648c131505" executionId="68775afc-d5b9-4112-8e58-3cef76b51cb1" testListId="8c84fa94-04c1-424b-9868-57a2d4851a1d" /><TestEntry testId="9261ce27-498e-4e6e-88f4-5d4dbd3d75f8" executionId="7400e524-f46e-4dc9-940c-8740289d3211" testListId="8c84fa94-04c1-424b-9868-57a2d4851a1d" /><TestEntry testId="4f45ca91-dc45-4439-bbee-4f84940e0ed4" executionId="32681272-ddc2-4645-98d5-b27043fd0873" testListId="8c84fa94-04c1-424b-9868-57a2d4851a1d" /><TestEntry testId="cc7d5ca9-5867-45c5-a061-9e61dcd0357f" executionId="5c9585c1-db58-4c68-8c54-ab4f79451b2d" testListId="8c84fa94-04c1-424b-9868-57a2d4851a1d" /><TestEntry testId="2f1d8dc3-e669-4629-a490-64766b368944" executionId="45b677a6-5359-4f05-a35d-13e9ede34cc3" testListId="8c84fa94-04c1-424b-9868-57a2d4851a1d" /><TestEntry testId="658add53-e1da-4f3a-b344-3b7bcb986189" executionId="8309f321-c135-4554-8506-9dda0e65a48c" testListId="8c84fa94-04c1-424b-9868-57a2d4851a1d" /><TestEntry testId="de34b4d0-59d4-418d-ad06-40d1d35b0299" executionId="a29f92f9-8162-4679-bf26-dbbe8cd71bf2" testListId="8c84fa94-04c1-424b-9868-57a2d4851a1d" /><TestEntry testId="878dc6d4-371e-450b-821d-577d8bf595b0" executionId="6436021f-5abe-4bdb-8d6b-ac9969fae1fa" testListId="8c84fa94-04c1-424b-9868-57a2d4851a1d" /><TestEntry testId="4efe7a11-8d04-40a3-a55d-b06606ce325c" executionId="a3571a9a-47c6-4647-8a28-27253ae0b214" testListId="8c84fa94-04c1-424b-9868-57a2d4851a1d" /><TestEntry testId="de013e2c-712e-4e3d-bdb9-0eb7769e7bab" executionId="82b5b8df-cc3b-41bb-bed6-c35016293777" testListId="8c84fa94-04c1-424b-9868-57a2d4851a1d" /><TestEntry testId="29eadd51-4721-42fe-96b4-b80612230a63" executionId="21d58728-2b1a-443d-bd48-ae0f4f6351c6" testListId="8c84fa94-04c1-424b-9868-57a2d4851a1d" /><TestEntry testId="bd5acc39-b31f-4ba0-abb6-91b09c51cf12" executionId="15356df5-04d9-49f9-bd65-96fb3d702556" testListId="8c84fa94-04c1-424b-9868-57a2d4851a1d" /><TestEntry testId="45ab9e84-a639-4067-a323-3e76d5dfd5d9" executionId="9544db4a-b271-45ef-a8e8-048578d04a82" testListId="8c84fa94-04c1-424b-9868-57a2d4851a1d" /><TestEntry testId="30725466-5a80-4015-8dcf-d5c1fe008559" executionId="30147993-e17a-4e6b-9dbb-e253742214ef" testListId="8c84fa94-04c1-424b-9868-57a2d4851a1d" /><TestEntry testId="356e8453-97ac-4ef7-ac25-a6828e91142d" executionId="85abb68d-3f1d-45ab-ad02-9d9dd6696f1f" testListId="8c84fa94-04c1-424b-9868-57a2d4851a1d" /><TestEntry testId="da242b67-66a2-4502-b2c6-76053fb23cf9" executionId="4a766b2e-9483-47a1-8dae-c05ab11fed6e" testListId="8c84fa94-04c1-424b-9868-57a2d4851a1d" /><TestEntry testId="3f9dc67c-d39a-4814-9ff9-f25f28709fe9" executionId="da30930e-978d-4943-a1e1-44ea3d6a73ae" testListId="8c84fa94-04c1-424b-9868-57a2d4851a1d" /><TestEntry testId="e1ecda48-1cd6-4525-8a79-66dd4381b3ad" executionId="9a492a33-52fd-42d2-97a4-d58f070cdcfd" testListId="8c84fa94-04c1-424b-9868-57a2d4851a1d" /><TestEntry testId="234edc83-4758-4cb2-8846-ccd05c00bc8f" executionId="35a472ef-f2b8-4ee9-ad32-31bc5fcc4e52" testListId="8c84fa94-04c1-424b-9868-57a2d4851a1d" /><TestEntry testId="81992a4b-4477-4ae4-9196-2177dd033da1" executionId="90191f3f-1ccd-4517-8e60-d26db46abb1d" testListId="8c84fa94-04c1-424b-9868-57a2d4851a1d" /><TestEntry testId="cfacbad0-c562-4986-8e95-77f3a6ba39dd" executionId="4cb40270-9dc5-4696-ac51-7df6187ae14f" testListId="8c84fa94-04c1-424b-9868-57a2d4851a1d" /><TestEntry testId="1b567f08-52d3-4b82-94b5-3b0cb5305c7f" executionId="147e766f-06d3-4361-96d4-ccd4431a4cda" testListId="8c84fa94-04c1-424b-9868-57a2d4851a1d" /><TestEntry testId="fe31e6fa-44a9-4826-b0c1-0e5d8eb3b729" executionId="5d89ea21-cd64-4f55-aa5b-76fe973fa4e3" testListId="8c84fa94-04c1-424b-9868-57a2d4851a1d" /><TestEntry testId="525e1c4e-b48a-4512-bb9b-762dbd252c01" executionId="7bb73701-433e-4104-a6c6-8b62f3581d9e" testListId="8c84fa94-04c1-424b-9868-57a2d4851a1d" /><TestEntry testId="9d6dd9ad-ee26-4328-8985-0db1cf290073" executionId="a2770503-efcb-4b69-bc24-adfb9a93d161" testListId="8c84fa94-04c1-424b-9868-57a2d4851a1d" /><TestEntry testId="189dbc44-b35f-4fbc-9859-37251d5d8fa5" executionId="732fa340-8ebc-4d06-8b49-77a2f9e99173" testListId="8c84fa94-04c1-424b-9868-57a2d4851a1d" /><TestEntry testId="2494ec48-a58c-4f9e-bb1f-bbca9f4b76c3" executionId="56e192b2-7368-404d-93a1-15ba450fdeb4" testListId="8c84fa94-04c1-424b-9868-57a2d4851a1d" /><TestEntry testId="49f16952-b9a1-4fd7-9ab0-2b09d066d388" executionId="a38cd00f-e2f4-456f-b360-90ee432245ff" testListId="8c84fa94-04c1-424b-9868-57a2d4851a1d" /><TestEntry testId="cd4133f5-0a55-4e1e-816f-4313e2db5a16" executionId="5526eebf-f1ec-4cfa-8fe5-f50d2dc698ac" testListId="8c84fa94-04c1-424b-9868-57a2d4851a1d" /><TestEntry testId="7dca25d3-8b56-40b7-9e93-2a060314be35" executionId="d08b9466-35db-4fe2-9e39-91436a6afe03" testListId="8c84fa94-04c1-424b-9868-57a2d4851a1d" /><TestEntry testId="ff10afb0-c653-4011-b080-0af77d426809" executionId="8cbcedf7-9c09-4e5e-b7e2-195ce8d335e6" testListId="8c84fa94-04c1-424b-9868-57a2d4851a1d" /><TestEntry testId="bc723600-ab96-4c4f-b36a-e19d0c48e3ca" executionId="1090413b-bd75-4fd9-84cb-4864968491b4" testListId="8c84fa94-04c1-424b-9868-57a2d4851a1d" /><TestEntry testId="bcd371bf-3239-44b7-bc0d-84c80e11b14f" executionId="e1fdb04d-44a7-4bff-a515-20e3136586d3" testListId="8c84fa94-04c1-424b-9868-57a2d4851a1d" /><TestEntry testId="ed8d0c64-7f53-4d36-aa46-7da2ef926c05" executionId="5ae5d614-7fa9-4388-9caf-e65c33442de9" testListId="8c84fa94-04c1-424b-9868-57a2d4851a1d" /><TestEntry testId="9f98ea67-68ae-4840-8f5b-dafb6aae7f02" executionId="a99f8a45-edfe-416c-a7b8-3ac23d0b11dc" testListId="8c84fa94-04c1-424b-9868-57a2d4851a1d" /><TestEntry testId="57e68519-e8de-490f-85f4-c4ed0b716bd0" executionId="d71542f9-dcdd-4338-b9e9-2acd14242508" testListId="8c84fa94-04c1-424b-9868-57a2d4851a1d" /><TestEntry testId="cb25f83d-38d1-44fe-83e0-e95344c61754" executionId="ea1fbfe8-4b2c-4978-99dd-00090e467aea" testListId="8c84fa94-04c1-424b-9868-57a2d4851a1d" /><TestEntry testId="f545df1d-13f0-456e-9539-f239d2de5890" executionId="469bd30d-d1bf-4639-b69e-46c42d9d739a" testListId="8c84fa94-04c1-424b-9868-57a2d4851a1d" /><TestEntry testId="1f06443a-b55d-4fb7-b875-f18bb8ad165e" executionId="549514b9-85e1-40d6-af10-d8d82f7726d8" testListId="8c84fa94-04c1-424b-9868-57a2d4851a1d" /><TestEntry testId="611cc737-3558-40dd-baa3-889733355aef" executionId="55859f3e-a6cf-4a85-8012-94cb0e6adb23" testListId="8c84fa94-04c1-424b-9868-57a2d4851a1d" /><TestEntry testId="f6c450e8-bc89-4cfb-a361-d9875d05dbea" executionId="d932550a-ce6d-43b5-90f7-cf4a7c4d36d6" testListId="8c84fa94-04c1-424b-9868-57a2d4851a1d" /><TestEntry testId="fc55ab06-6461-4f5f-b666-a5a5e26c0575" executionId="cc25e25b-79d6-4a0c-a344-1cc063485793" testListId="8c84fa94-04c1-424b-9868-57a2d4851a1d" /><TestEntry testId="573811d4-97b0-44da-8e3c-91f0993fd3fc" executionId="072f0495-1ee6-4efa-8dd2-f0c7d0be20cf" testListId="8c84fa94-04c1-424b-9868-57a2d4851a1d" /><TestEntry testId="0100eb5d-9302-4a5e-8172-c5cb62fb1c6f" executionId="bee5e0ba-93c9-4fcd-a811-d4ed2a1c8a2c" testListId="8c84fa94-04c1-424b-9868-57a2d4851a1d" /><TestEntry testId="f6e5a1c9-e4b3-4cb7-9363-53b7f3a08fec" executionId="6b3fef2a-61fe-4279-883b-1b5a7f37fa55" testListId="8c84fa94-04c1-424b-9868-57a2d4851a1d" /><TestEntry testId="f5890ef0-5a38-4362-879a-5add657c5137" executionId="7945ff76-39a6-4833-abc3-9d4c2795a2ab" testListId="8c84fa94-04c1-424b-9868-57a2d4851a1d" /><TestEntry testId="bf519fdc-c0ec-44d5-8897-a9e2a4e9550f" executionId="035682d3-ae0e-4ead-bbb0-627b72465bb8" testListId="8c84fa94-04c1-424b-9868-57a2d4851a1d" /><TestEntry testId="af4fdade-266a-4cd7-a043-70d8449dadb4" executionId="d13b3f79-03d1-4b41-bb08-f2bacee1036b" testListId="8c84fa94-04c1-424b-9868-57a2d4851a1d" /><TestEntry testId="8175546a-eca6-47a4-9990-310c3d127254" executionId="6bd4d70a-aa42-4074-a7aa-c1f2ab6eb977" testListId="8c84fa94-04c1-424b-9868-57a2d4851a1d" /><TestEntry testId="644f6192-8f41-47a7-b7ca-41eb7045b56c" executionId="4b5d15e6-e5bd-42ae-b2eb-f2a939274796" testListId="8c84fa94-04c1-424b-9868-57a2d4851a1d" /><TestEntry testId="f5a19d27-f55f-48d7-a44a-9845e6820a3d" executionId="56015bb4-fa4e-4cbc-8923-8e6617796928" testListId="8c84fa94-04c1-424b-9868-57a2d4851a1d" /><TestEntry testId="7804b6a3-3972-462a-a00b-f2f03b829974" executionId="396660bb-b5f0-455c-9f73-c0e86e569b3c" testListId="8c84fa94-04c1-424b-9868-57a2d4851a1d" /><TestEntry testId="d93644b9-09de-4436-9f81-29a234c4396a" executionId="a9279d50-bccb-4ca0-bd1d-546c81b91b8b" testListId="8c84fa94-04c1-424b-9868-57a2d4851a1d" /><TestEntry testId="365ea66b-2566-4986-8a73-acaa33838721" executionId="5f4c2ac3-e0a1-492b-a7e1-082853864a66" testListId="8c84fa94-04c1-424b-9868-57a2d4851a1d" /><TestEntry testId="658274d8-fcf0-4673-8a2d-85cdd341bd43" executionId="74dc9478-f09d-4a3b-9e73-466edb12034e" testListId="8c84fa94-04c1-424b-9868-57a2d4851a1d" /><TestEntry testId="f9c1caa8-ed53-4053-a52e-0130ca51f7c2" executionId="9cc63a94-24d8-4fa6-b455-005ed16635b6" testListId="8c84fa94-04c1-424b-9868-57a2d4851a1d" /><TestEntry testId="5bba7b5a-cc7f-4222-82a4-2c0d715c09bf" executionId="5ea1592d-db2c-4c80-88a7-9f7fe46c4255" testListId="8c84fa94-04c1-424b-9868-57a2d4851a1d" /><TestEntry testId="c4849d9a-ac77-4925-9c25-5f1af1cb0225" executionId="12e26e24-5334-4990-b2a9-152ad10d6814" testListId="8c84fa94-04c1-424b-9868-57a2d4851a1d" /><TestEntry testId="d6ff343e-4528-4dcb-8281-811f66cc208e" executionId="65ec6b19-472e-4a46-90f1-d6f98b911cf1" testListId="8c84fa94-04c1-424b-9868-57a2d4851a1d" /><TestEntry testId="75d6270a-0a66-40ed-be63-40d60dbfb66d" executionId="43d28872-f433-4c92-a9c1-956828da5d13" testListId="8c84fa94-04c1-424b-9868-57a2d4851a1d" /><TestEntry testId="49a47b93-1903-4e92-a7ea-30d6c699bbfc" executionId="31a93d60-61b0-4635-a68d-a50e6cb22d10" testListId="8c84fa94-04c1-424b-9868-57a2d4851a1d" /><TestEntry testId="a77990fa-b7d3-4849-8f5d-50fcc3e9944c" executionId="4bde915a-50a4-47b4-96fc-d905cd160c75" testListId="8c84fa94-04c1-424b-9868-57a2d4851a1d" /><TestEntry testId="1a26cbae-ed01-4e52-a105-777f66e9ffc8" executionId="0c6bb3a5-9dc3-4608-b165-b2a64fc89018" testListId="8c84fa94-04c1-424b-9868-57a2d4851a1d" /><TestEntry testId="8eff6064-5e85-4e3c-87bb-8c0320e251aa" executionId="cb17479a-a481-4250-9fca-d9f68792a2a0" testListId="8c84fa94-04c1-424b-9868-57a2d4851a1d" /><TestEntry testId="dfafedf9-92e0-4d33-97b8-ea2fe8d42434" executionId="7a9b31fe-a42f-41b7-9e0f-e545b6d3ae74" testListId="8c84fa94-04c1-424b-9868-57a2d4851a1d" /><TestEntry testId="81e13f95-a6aa-4b5d-b900-d00ef2c7424e" executionId="3cd1fbc7-c1dd-4464-9697-9029c56e29a3" testListId="8c84fa94-04c1-424b-9868-57a2d4851a1d" /><TestEntry testId="aa1150d1-3e7a-49e5-8253-5f3cb1537a70" executionId="2961e474-2863-42d1-83b0-bf5584b6ac3c" testListId="8c84fa94-04c1-424b-9868-57a2d4851a1d" /><TestEntry testId="d44a7815-6c56-4ea5-a11e-ee511714eb74" executionId="dd0b9358-3d85-4c3d-9b1b-f7108f1921a2" testListId="8c84fa94-04c1-424b-9868-57a2d4851a1d" /><TestEntry testId="a25614ab-1823-40d4-860e-eafc3327cac4" executionId="d425d657-3a93-460d-8529-b1c05d8e86d6" testListId="8c84fa94-04c1-424b-9868-57a2d4851a1d" /><TestEntry testId="165d7f6d-957f-44b0-ab44-ee94ea5b2d30" executionId="037920d5-d3d8-4956-8d6d-04d45137b9ad" testListId="8c84fa94-04c1-424b-9868-57a2d4851a1d" /><TestEntry testId="1321d649-2923-4480-9dc9-491a2a37616d" executionId="b1481145-c5af-42c4-bb84-def59b35bcdf" testListId="8c84fa94-04c1-424b-9868-57a2d4851a1d" /><TestEntry testId="6b90d75e-1b33-41a5-a30e-52df9149d6d6" executionId="2bef1190-9572-4512-82cf-c566e6fcc4ac" testListId="8c84fa94-04c1-424b-9868-57a2d4851a1d" /><TestEntry testId="e7fe5c19-200b-4088-8311-c049c3965d70" executionId="328eb847-32be-4e4f-97bc-8abcd86ddae8" testListId="8c84fa94-04c1-424b-9868-57a2d4851a1d" /><TestEntry testId="a6695578-4ed7-4734-8f6a-fa0a89af7797" executionId="19849beb-63e2-42ff-b62d-2abd858c915b" testListId="8c84fa94-04c1-424b-9868-57a2d4851a1d" /><TestEntry testId="9f773be1-b510-47f8-b5b1-f891efbd3d1d" executionId="67641921-1deb-4929-97e1-a368521de1fe" testListId="8c84fa94-04c1-424b-9868-57a2d4851a1d" /><TestEntry testId="3b5a2014-b769-427f-b974-84035fcdfb1f" executionId="4d0e70f9-a4b0-4a7b-8f3a-62d1ae77ba3e" testListId="8c84fa94-04c1-424b-9868-57a2d4851a1d" /><TestEntry testId="cda4495e-c164-4903-bc27-19b9c09d79d0" executionId="2f907dc1-29a0-4613-942c-91d4cdb022c3" testListId="8c84fa94-04c1-424b-9868-57a2d4851a1d" /><TestEntry testId="98fa00f2-7024-41bb-8b45-9861841995ec" executionId="1ad6cbf0-1802-49de-9ce4-d09d79aff5ac" testListId="8c84fa94-04c1-424b-9868-57a2d4851a1d" /><TestEntry testId="f186843d-f11f-4112-ba70-71d9e455470f" executionId="6fac93d5-9e54-4947-b0d0-c4dc349fa19a" testListId="8c84fa94-04c1-424b-9868-57a2d4851a1d" /><TestEntry testId="00254c01-5ac7-4cd3-99df-08cd1a1f30bb" executionId="01d1c5e9-0a45-40f4-a96d-796d7f62bfd5" testListId="8c84fa94-04c1-424b-9868-57a2d4851a1d" /><TestEntry testId="5a6b3c4c-faff-4edb-850d-57ba732de59a" executionId="f91fcce8-01a1-40e2-97e3-e117fea185f1" testListId="8c84fa94-04c1-424b-9868-57a2d4851a1d" /><TestEntry testId="170c2aa0-3527-4e15-98a8-3bbd549bcb49" executionId="19287470-3df1-4536-a4a7-43f59572b0eb" testListId="8c84fa94-04c1-424b-9868-57a2d4851a1d" /><TestEntry testId="5b981330-8153-4ba2-850b-62b9ae1d3aec" executionId="888aa236-9e2b-443b-ae71-16b3da3cd36a" testListId="8c84fa94-04c1-424b-9868-57a2d4851a1d" /><TestEntry testId="679fc6b3-dc71-4116-bc5b-486054d19de3" executionId="65290c7e-060e-44ea-b7ce-8c90d82ffcce" testListId="8c84fa94-04c1-424b-9868-57a2d4851a1d" /><TestEntry testId="2d117f80-dcac-423c-8e71-835567fe1bbd" executionId="ec9ea452-5c94-452f-babc-1f53f2e69675" testListId="8c84fa94-04c1-424b-9868-57a2d4851a1d" /><TestEntry testId="bb2fd126-f3cf-458c-a011-dc077bfda419" executionId="121ffe31-348b-4d61-90a9-2332e9091470" testListId="8c84fa94-04c1-424b-9868-57a2d4851a1d" /><TestEntry testId="f200eb83-7c7b-4aa7-8927-197c27d8461d" executionId="d8d3544b-952f-4efa-8933-6a5b885ced87" testListId="8c84fa94-04c1-424b-9868-57a2d4851a1d" /><TestEntry testId="90d41f00-691f-4498-b00d-7ae347c88cb4" executionId="ea53012a-2c0e-4f63-974c-540fbd1a810d" testListId="8c84fa94-04c1-424b-9868-57a2d4851a1d" /><TestEntry testId="43cc02a0-3802-49fb-af9a-d5f18df0e873" executionId="52a91374-e495-436f-9e04-daa7e86e0fa5" testListId="8c84fa94-04c1-424b-9868-57a2d4851a1d" /><TestEntry testId="e654d2c2-c456-4ffb-b90a-8f222cc3a896" executionId="1054b5ce-983d-4989-847d-6734db22c295" testListId="8c84fa94-04c1-424b-9868-57a2d4851a1d" /><TestEntry testId="f6a3d2d6-f09c-49e6-b1de-ffc9f3014ed3" executionId="f24c0446-f3fb-416a-9279-72975fb43978" testListId="8c84fa94-04c1-424b-9868-57a2d4851a1d" /><TestEntry testId="2267569a-69ae-4a58-bc6a-9de62b6ebcbf" executionId="268bd764-52eb-4977-a77b-3d2528693fc9" testListId="8c84fa94-04c1-424b-9868-57a2d4851a1d" /><TestEntry testId="70c305e3-6d95-4c7f-89d8-2a60f553fb75" executionId="9d353156-43b5-42b9-bc7a-ca39cd501254" testListId="8c84fa94-04c1-424b-9868-57a2d4851a1d" /><TestEntry testId="44d41f0f-836c-40a3-ba71-abec5c9141a3" executionId="864287bd-59ad-4e59-942d-8b631f5d45b0" testListId="8c84fa94-04c1-424b-9868-57a2d4851a1d" /><TestEntry testId="19bb1b84-c32a-442e-bc5a-66a88bd40786" executionId="f6a755ef-2219-473c-9cc3-c542cedf4c67" testListId="8c84fa94-04c1-424b-9868-57a2d4851a1d" /><TestEntry testId="d63cb1f8-21d4-4eab-b8a4-a0408a5c880e" executionId="459bcf61-68ec-4c11-acd4-99bbd2ab3680" testListId="8c84fa94-04c1-424b-9868-57a2d4851a1d" /><TestEntry testId="927c9fdc-3fa6-4bb8-bc78-3573848955f0" executionId="a538901f-6398-4a4f-a881-236cd8950f22" testListId="8c84fa94-04c1-424b-9868-57a2d4851a1d" /><TestEntry testId="9964cf5d-efef-4ce5-a660-0b302b93556f" executionId="24e357ea-9c84-44c3-a504-d4be3836559a" testListId="8c84fa94-04c1-424b-9868-57a2d4851a1d" /><TestEntry testId="6b94f495-f451-446a-9813-8472176356ff" executionId="fe684cd7-cc53-4a50-86c6-28534bb62374" testListId="8c84fa94-04c1-424b-9868-57a2d4851a1d" /><TestEntry testId="2547c714-19c4-46a8-af93-3e15c18f5048" executionId="fe9f6737-ad6f-4e34-8f19-23e5cd2cf1b9" testListId="8c84fa94-04c1-424b-9868-57a2d4851a1d" /><TestEntry testId="c17a85c6-b02d-46b9-b9a5-3395cd7769c5" executionId="b02d0bb0-d8ea-4fd3-87e8-754d6750f3fe" testListId="8c84fa94-04c1-424b-9868-57a2d4851a1d" /><TestEntry testId="09d2d5ee-4898-45de-b295-8a1ca8ed0cd5" executionId="ae4f9125-b0da-464d-9700-75eec7f9bd9e" testListId="8c84fa94-04c1-424b-9868-57a2d4851a1d" /><TestEntry testId="71c36684-7481-4002-9634-bb7b57495f38" executionId="ddcce478-42c4-45f8-9123-7f6f0e35973a" testListId="8c84fa94-04c1-424b-9868-57a2d4851a1d" /><TestEntry testId="074a86ca-3f1d-4102-aa55-ff9c207a2823" executionId="e000aebb-8601-4c7a-8d0d-08d3f5dd3f9c" testListId="8c84fa94-04c1-424b-9868-57a2d4851a1d" /><TestEntry testId="4513c38a-3cbe-4c0e-82c8-8e4742cffd54" executionId="fa5ed6cf-2d26-467a-8150-68aecdcce8fa" testListId="8c84fa94-04c1-424b-9868-57a2d4851a1d" /><TestEntry testId="58610710-1367-436d-9eae-19a0a62c7f1f" executionId="2b105e5d-610c-4703-b421-0f58ccc8483b" testListId="8c84fa94-04c1-424b-9868-57a2d4851a1d" /><TestEntry testId="fcfa1a32-fe62-404e-b569-dff2a2540ad2" executionId="277775e3-a034-4867-b955-2d05224c2ad4" testListId="8c84fa94-04c1-424b-9868-57a2d4851a1d" /><TestEntry testId="d1cffb20-b69b-4c5b-a0a2-289c6beab395" executionId="020d64e7-7c32-480f-8625-d5aa5e2a6ed3" testListId="8c84fa94-04c1-424b-9868-57a2d4851a1d" /><TestEntry testId="51c65bed-2e6b-412e-9ea0-6eebc0a4798f" executionId="2806994f-736e-4a0d-b47d-9493fb0339d6" testListId="8c84fa94-04c1-424b-9868-57a2d4851a1d" /><TestEntry testId="dd7e240f-3832-4854-983c-f414769a5ea4" executionId="1d680829-d7ae-40a0-931d-328e25b77cde" testListId="8c84fa94-04c1-424b-9868-57a2d4851a1d" /><TestEntry testId="be3c9052-2e42-4a4f-bde0-4583b749cce1" executionId="90a8e87e-c389-423d-9e3e-e17bec9386e7" testListId="8c84fa94-04c1-424b-9868-57a2d4851a1d" /><TestEntry testId="b7cbae38-69e6-4901-88ac-1e56c640c65a" executionId="43e8f0b2-bf2b-402f-9d82-5a8fb471132a" testListId="8c84fa94-04c1-424b-9868-57a2d4851a1d" /><TestEntry testId="34b57046-f7dc-40c3-b273-7a8bf65b5f9c" executionId="4550600c-4efd-4b10-80de-70e98f29cd61" testListId="8c84fa94-04c1-424b-9868-57a2d4851a1d" /><TestEntry testId="6b416512-b340-4d6f-98eb-2c1b3debba36" executionId="8c311960-2337-4821-8de8-d32ec049297b" testListId="8c84fa94-04c1-424b-9868-57a2d4851a1d" /><TestEntry testId="b1fc807d-2220-4db6-834c-6353e9ff68c9" executionId="905f5a7e-c55c-4820-b345-d00f8735ff05" testListId="8c84fa94-04c1-424b-9868-57a2d4851a1d" /><TestEntry testId="90bdeb46-c336-4ce5-a629-da9e511c6518" executionId="f8a1d59a-e1cd-47b4-bc13-c5a07ce9aecf" testListId="8c84fa94-04c1-424b-9868-57a2d4851a1d" /><TestEntry testId="d4d617aa-ea15-41c2-8877-7a7d37f6f6d8" executionId="896df81b-3792-4763-8f70-04aa54003eb9" testListId="8c84fa94-04c1-424b-9868-57a2d4851a1d" /><TestEntry testId="7c87ba5b-cdaa-4a8e-8b60-dc6d4bd2c0b7" executionId="c89cfa9d-f6df-4694-a542-0f83a12ab909" testListId="8c84fa94-04c1-424b-9868-57a2d4851a1d" /><TestEntry testId="6bdd98ce-4924-4de0-8069-2f13145dc8f6" executionId="56e1d6a9-a46b-4f2e-b60e-95b9e8e33d7a" testListId="8c84fa94-04c1-424b-9868-57a2d4851a1d" /><TestEntry testId="94143433-94e1-48d3-a0d8-b54096fd0974" executionId="7f24a10e-155d-45ab-9273-91fc8c6e43aa" testListId="8c84fa94-04c1-424b-9868-57a2d4851a1d" /><TestEntry testId="d8aee427-2c05-4eff-9ec9-b4e9bd78060d" executionId="b06ff377-6ff3-4afd-bcce-794863f8d30a" testListId="8c84fa94-04c1-424b-9868-57a2d4851a1d" /></TestEntries><TestLists><TestList name="Results Not in a List" id="8c84fa94-04c1-424b-9868-57a2d4851a1d" /><TestList name="All Loaded Results" id="19431567-8539-422a-85d7-44ee4e166bda" /></TestLists><ResultSummary outcome="Completed"><Counters total="151" executed="151" passed="151" failed="0" error="0" timeout="0" aborted="0" inconclusive="0" passedButRunAborted="0" notRunnable="0" notExecuted="0" disconnected="0" warning="0" completed="0" inProgress="0" pending="0" /><Output><StdOut>[xUnit.net 00:00:01.2360190]   Discovering: ModelRelief.Test[xUnit.net 00:00:01.3500331]   Discovered:  ModelRelief.Test[xUnit.net 00:00:01.3560996]   Starting:    ModelRelief.Test[xUnit.net 00:00:38.6218585]   Finished:    ModelRelief.Test</StdOut></Output></ResultSummary></TestRun>