<?xml version="1.0" encoding="utf-8"?><TestRun id="db6684b7-8ae2-45f0-a65b-73e26e86fc65" name="Steve Knipmeyer@VECTOR 2018-07-18 04:25:36" runUser="VECTOR\Steve Knipmeyer" xmlns="http://microsoft.com/schemas/VisualStudio/TeamTest/2010"><Times creation="2018-07-18T04:25:36.4947676-04:00" queuing="2018-07-18T04:25:36.4947781-04:00" start="2018-07-18T04:25:32.7611039-04:00" finish="2018-07-18T04:26:12.9685565-04:00" /><TestSettings name="default" id="0876bf77-6588-4895-8619-6f3ef1a26fe1"><Deployment runDeploymentRoot="Steve_Knipmeyer_VECTOR_2018-07-18_04_25_36" /></TestSettings><Results><UnitTestResult executionId="83d9891f-c0f1-4c73-8212-cbdca1096cee" testId="243e5a21-5425-4c41-9f7d-4f31432a0d23" testName="PostFile_FileTimeStampIsUpdatedAfterFileIsPosted" computerName="VECTOR" duration="00:00:01.4710000" startTime="2018-07-18T04:25:54.8095575-04:00" endTime="2018-07-18T04:25:54.8095634-04:00" testType="13cdc9d9-ddb5-4fa4-a97d-d965ccfc6d4b" outcome="Passed" testListId="8c84fa94-04c1-424b-9868-57a2d4851a1d" relativeResultsDirectory="83d9891f-c0f1-4c73-8212-cbdca1096cee" /><UnitTestResult executionId="fe194204-d808-41d3-8e3e-9b284ad33d2f" testId="c96c8aa4-ce5d-4591-87d7-306a5bfbd93e" testName="Post_ValidReferencePropertyCreatesModel" computerName="VECTOR" duration="00:00:00.2570000" startTime="2018-07-18T04:26:11.8929408-04:00" endTime="2018-07-18T04:26:11.8929471-04:00" testType="13cdc9d9-ddb5-4fa4-a97d-d965ccfc6d4b" outcome="Passed" testListId="8c84fa94-04c1-424b-9868-57a2d4851a1d" relativeResultsDirectory="fe194204-d808-41d3-8e3e-9b284ad33d2f" /><UnitTestResult executionId="2db52fbe-499c-45d2-ba44-06531a1b79b6" testId="b8df0feb-3335-4e4a-9994-70a0528e01a5" testName="Post_InvalidReferencePropertyReturnsBadRequest" computerName="VECTOR" duration="00:00:00.0070000" startTime="2018-07-18T04:26:11.3242934-04:00" endTime="2018-07-18T04:26:11.3242996-04:00" testType="13cdc9d9-ddb5-4fa4-a97d-d965ccfc6d4b" outcome="Passed" testListId="8c84fa94-04c1-424b-9868-57a2d4851a1d" relativeResultsDirectory="2db52fbe-499c-45d2-ba44-06531a1b79b6" /><UnitTestResult executionId="7155ee80-8f63-447c-88c3-a6d7affc7b4e" testId="a681f13f-03d6-4c4d-b193-3ac43fb28ac5" testName="Delete_TargetModelIsDeleted" computerName="VECTOR" duration="00:00:00.1950000" startTime="2018-07-18T04:25:40.8142026-04:00" endTime="2018-07-18T04:25:40.8142095-04:00" testType="13cdc9d9-ddb5-4fa4-a97d-d965ccfc6d4b" outcome="Passed" testListId="8c84fa94-04c1-424b-9868-57a2d4851a1d" relativeResultsDirectory="7155ee80-8f63-447c-88c3-a6d7affc7b4e" /><UnitTestResult executionId="ca132cd8-0764-406c-8dd7-92fb216ca85b" testId="9a44aba4-9751-43cb-b28d-548584504a04" testName="PostFile_FileTimeStampIsUpdatedAfterFileIsPosted" computerName="VECTOR" duration="00:00:00.0010000" startTime="2018-07-18T04:25:40.8435015-04:00" endTime="2018-07-18T04:25:40.8435050-04:00" testType="13cdc9d9-ddb5-4fa4-a97d-d965ccfc6d4b" outcome="Passed" testListId="8c84fa94-04c1-424b-9868-57a2d4851a1d" relativeResultsDirectory="ca132cd8-0764-406c-8dd7-92fb216ca85b" /><UnitTestResult executionId="32559723-80b2-4474-aa93-c88ae2e679fb" testId="eee5d062-fdbd-4686-b18f-738efc5e2ba3" testName="Patch_InvalidEnumPropertyValueReturnsBadRequest" computerName="VECTOR" duration="00:00:00.0090000" startTime="2018-07-18T04:25:48.3616261-04:00" endTime="2018-07-18T04:25:48.3616309-04:00" testType="13cdc9d9-ddb5-4fa4-a97d-d965ccfc6d4b" outcome="Passed" testListId="8c84fa94-04c1-424b-9868-57a2d4851a1d" relativeResultsDirectory="32559723-80b2-4474-aa93-c88ae2e679fb" /><UnitTestResult executionId="6720b67f-809b-4233-9534-3a558a699c92" testId="a65fadd9-c4c1-41a8-9754-bef5e099915a" testName="Patch_InvalidIdPropertyReturnsNotFound" computerName="VECTOR" duration="00:00:00.0240000" startTime="2018-07-18T04:25:39.9680925-04:00" endTime="2018-07-18T04:25:39.9681039-04:00" testType="13cdc9d9-ddb5-4fa4-a97d-d965ccfc6d4b" outcome="Passed" testListId="8c84fa94-04c1-424b-9868-57a2d4851a1d" relativeResultsDirectory="6720b67f-809b-4233-9534-3a558a699c92" /><UnitTestResult executionId="6f45351a-9914-48ec-8921-b766efbeaa7a" testId="95f66c75-8c31-4c57-9f41-e8507b5604db" testName="GetSingle_ValidIdPropertyValueReturnsCorrectModel" computerName="VECTOR" duration="00:00:00.0120000" startTime="2018-07-18T04:25:49.4315107-04:00" endTime="2018-07-18T04:25:49.4315166-04:00" testType="13cdc9d9-ddb5-4fa4-a97d-d965ccfc6d4b" outcome="Passed" testListId="8c84fa94-04c1-424b-9868-57a2d4851a1d" relativeResultsDirectory="6f45351a-9914-48ec-8921-b766efbeaa7a" /><UnitTestResult executionId="2c7531f1-8bdf-4e08-922b-fbc608944f5c" testId="e472aedc-c10c-4576-9fc3-08f24248d243" testName="Put_CanUpdateModel" computerName="VECTOR" duration="00:00:00.4160000" startTime="2018-07-18T04:25:38.0739720-04:00" endTime="2018-07-18T04:25:38.0739797-04:00" testType="13cdc9d9-ddb5-4fa4-a97d-d965ccfc6d4b" outcome="Passed" testListId="8c84fa94-04c1-424b-9868-57a2d4851a1d" relativeResultsDirectory="2c7531f1-8bdf-4e08-922b-fbc608944f5c" /><UnitTestResult executionId="59c9e5c7-77ae-4a8e-962f-5887004c6fea" testId="1a40e661-1a18-4a1b-a4cc-16b516ed15d0" testName="PutFile_FileCanBeUpdated" computerName="VECTOR" duration="00:00:00.5740000" startTime="2018-07-18T04:26:07.9378012-04:00" endTime="2018-07-18T04:26:07.9378117-04:00" testType="13cdc9d9-ddb5-4fa4-a97d-d965ccfc6d4b" outcome="Passed" testListId="8c84fa94-04c1-424b-9868-57a2d4851a1d" relativeResultsDirectory="59c9e5c7-77ae-4a8e-962f-5887004c6fea" /><UnitTestResult executionId="08a87d20-7977-4bd3-9b83-2fa745b0cdd6" testId="758dd85f-8a8f-4d79-8e52-8962f3abc3a5" testName="GetSingle_InvalidIdPropertyValueReturnsNotFound" computerName="VECTOR" duration="00:00:00.0080000" startTime="2018-07-18T04:25:37.6576661-04:00" endTime="2018-07-18T04:25:37.6576689-04:00" testType="13cdc9d9-ddb5-4fa4-a97d-d965ccfc6d4b" outcome="Passed" testListId="8c84fa94-04c1-424b-9868-57a2d4851a1d" relativeResultsDirectory="08a87d20-7977-4bd3-9b83-2fa745b0cdd6" /><UnitTestResult executionId="f8415ae3-294d-49f3-9f6d-a582fb1e1c0a" testId="f06d4408-1615-48a4-a6ee-bace5cca1f13" testName="GetSingle_ValidIdPropertyValueReturnsCorrectModel" computerName="VECTOR" duration="00:00:00.0100000" startTime="2018-07-18T04:25:37.6459581-04:00" endTime="2018-07-18T04:25:37.6459632-04:00" testType="13cdc9d9-ddb5-4fa4-a97d-d965ccfc6d4b" outcome="Passed" testListId="8c84fa94-04c1-424b-9868-57a2d4851a1d" relativeResultsDirectory="f8415ae3-294d-49f3-9f6d-a582fb1e1c0a" /><UnitTestResult executionId="0dfaf4c0-3295-4b92-b2c8-87593d3f9f62" testId="a0b87597-2cbf-46aa-b2a4-f0200b9e5d1b" testName="PutFile_NewFileCanBePut" computerName="VECTOR" duration="00:00:00.3220000" startTime="2018-07-18T04:25:41.1663269-04:00" endTime="2018-07-18T04:25:41.1663348-04:00" testType="13cdc9d9-ddb5-4fa4-a97d-d965ccfc6d4b" outcome="Passed" testListId="8c84fa94-04c1-424b-9868-57a2d4851a1d" relativeResultsDirectory="0dfaf4c0-3295-4b92-b2c8-87593d3f9f62" /><UnitTestResult executionId="f1a54ec1-a8a8-4bb4-b17b-4eb6cf37f44a" testId="38273b4f-7032-47d1-9401-2724a00f8bee" testName="Patch_TargetPropertyIsUpdated" computerName="VECTOR" duration="00:00:00.3260000" startTime="2018-07-18T04:26:04.4143402-04:00" endTime="2018-07-18T04:26:04.4143536-04:00" testType="13cdc9d9-ddb5-4fa4-a97d-d965ccfc6d4b" outcome="Passed" testListId="8c84fa94-04c1-424b-9868-57a2d4851a1d" relativeResultsDirectory="f1a54ec1-a8a8-4bb4-b17b-4eb6cf37f44a" /><UnitTestResult executionId="aeef0251-7e62-45a6-8e71-e51a4adb8881" testId="9aa0d72c-196f-4841-b692-8244b753c109" testName="Delete_TargetModelIsDeleted" computerName="VECTOR" duration="00:00:00.3110000" startTime="2018-07-18T04:25:43.4400575-04:00" endTime="2018-07-18T04:25:43.4400638-04:00" testType="13cdc9d9-ddb5-4fa4-a97d-d965ccfc6d4b" outcome="Passed" testListId="8c84fa94-04c1-424b-9868-57a2d4851a1d" relativeResultsDirectory="aeef0251-7e62-45a6-8e71-e51a4adb8881" /><UnitTestResult executionId="031306fb-758a-4023-be36-6056179a94a1" testId="a3011401-420e-414b-9730-b7141196dfe2" testName="Patch_ValidReferencePropertyUpdatesModel" computerName="VECTOR" duration="00:00:00.3560000" startTime="2018-07-18T04:26:05.2810150-04:00" endTime="2018-07-18T04:26:05.2810270-04:00" testType="13cdc9d9-ddb5-4fa4-a97d-d965ccfc6d4b" outcome="Passed" testListId="8c84fa94-04c1-424b-9868-57a2d4851a1d" relativeResultsDirectory="031306fb-758a-4023-be36-6056179a94a1" /><UnitTestResult executionId="f5034b2a-0e4a-4927-8a0b-1848b7aa9213" testId="9cf9e139-1d57-4e1e-9018-6daca398f05d" testName="Put_ValidReferencePropertyUpdatesModel" computerName="VECTOR" duration="00:00:00.4460000" startTime="2018-07-18T04:26:04.8608380-04:00" endTime="2018-07-18T04:26:04.8608412-04:00" testType="13cdc9d9-ddb5-4fa4-a97d-d965ccfc6d4b" outcome="Passed" testListId="8c84fa94-04c1-424b-9868-57a2d4851a1d" relativeResultsDirectory="f5034b2a-0e4a-4927-8a0b-1848b7aa9213" /><UnitTestResult executionId="fefc3cda-89b7-44c5-9489-356fd0faf8f1" testId="e869ca2c-b86d-4853-b6de-703ce0387056" testName="FileRequest_FileCanBeReadAfterRename" computerName="VECTOR" duration="00:00:00.4810000" startTime="2018-07-18T04:25:59.6882749-04:00" endTime="2018-07-18T04:25:59.6882857-04:00" testType="13cdc9d9-ddb5-4fa4-a97d-d965ccfc6d4b" outcome="Passed" testListId="8c84fa94-04c1-424b-9868-57a2d4851a1d" relativeResultsDirectory="fefc3cda-89b7-44c5-9489-356fd0faf8f1" /><UnitTestResult executionId="5d4e9dc8-60bf-43ef-b5af-d2e413a82f3c" testId="732f1226-a86e-46b8-8dff-e22b2184bb2b" testName="Post_InvalidReferencePropertyReturnsBadRequest" computerName="VECTOR" duration="00:00:00.0010000" startTime="2018-07-18T04:25:36.4728068-04:00" endTime="2018-07-18T04:25:36.4728076-04:00" testType="13cdc9d9-ddb5-4fa4-a97d-d965ccfc6d4b" outcome="Passed" testListId="8c84fa94-04c1-424b-9868-57a2d4851a1d" relativeResultsDirectory="5d4e9dc8-60bf-43ef-b5af-d2e413a82f3c" /><UnitTestResult executionId="4f26d73a-7fb7-435a-b753-8aafd98728c2" testId="eaac34fe-b62b-4572-b2dc-2c629225ae20" testName="Patch_MultipleInvalidReferencePropertiesReturnsMultipleValidationErrorsAndBadRequest" computerName="VECTOR" duration="00:00:00.0170000" startTime="2018-07-18T04:25:49.0107810-04:00" endTime="2018-07-18T04:25:49.0107855-04:00" testType="13cdc9d9-ddb5-4fa4-a97d-d965ccfc6d4b" outcome="Passed" testListId="8c84fa94-04c1-424b-9868-57a2d4851a1d" relativeResultsDirectory="4f26d73a-7fb7-435a-b753-8aafd98728c2" /><UnitTestResult executionId="9dceaf98-ae91-4a82-9479-18a415bc6798" testId="fb688eb3-2969-4450-b9a1-5bdd46411b83" testName="FileRequest_DepthBufferIsInvalidatedAfterCameraDependencyPropertyChange" computerName="VECTOR" duration="00:00:01.0930000" startTime="2018-07-18T04:26:09.5019837-04:00" endTime="2018-07-18T04:26:09.5020809-04:00" testType="13cdc9d9-ddb5-4fa4-a97d-d965ccfc6d4b" outcome="Passed" testListId="8c84fa94-04c1-424b-9868-57a2d4851a1d" relativeResultsDirectory="9dceaf98-ae91-4a82-9479-18a415bc6798" /><UnitTestResult executionId="924014a7-27bd-46b3-be30-22aecdef6b08" testId="5fa0a1da-15f4-4aaa-b65c-ea31aa3323c1" testName="Post_CanCreateNewModel" computerName="VECTOR" duration="00:00:00.1680000" startTime="2018-07-18T04:26:04.0877798-04:00" endTime="2018-07-18T04:26:04.0877877-04:00" testType="13cdc9d9-ddb5-4fa4-a97d-d965ccfc6d4b" outcome="Passed" testListId="8c84fa94-04c1-424b-9868-57a2d4851a1d" relativeResultsDirectory="924014a7-27bd-46b3-be30-22aecdef6b08" /><UnitTestResult executionId="3827487f-da03-4c34-a9c7-c5ec31c4d488" testId="dffe9e58-9a7a-4ab2-accc-4c938d93fe2f" testName="Post_InvalidReferencePropertyReturnsBadRequest" computerName="VECTOR" duration="00:00:00.0060000" startTime="2018-07-18T04:25:45.3196662-04:00" endTime="2018-07-18T04:25:45.3196699-04:00" testType="13cdc9d9-ddb5-4fa4-a97d-d965ccfc6d4b" outcome="Passed" testListId="8c84fa94-04c1-424b-9868-57a2d4851a1d" relativeResultsDirectory="3827487f-da03-4c34-a9c7-c5ec31c4d488" /><UnitTestResult executionId="572905c3-bfb1-4d8c-aa68-071d68e3f2a4" testId="6c440a66-0acb-4baf-bed4-79258593d02e" testName="PostFile_FileTimeStampIsUpdatedAfterFileIsPosted" computerName="VECTOR" duration="00:00:01.4620000" startTime="2018-07-18T04:26:07.3632177-04:00" endTime="2018-07-18T04:26:07.3632274-04:00" testType="13cdc9d9-ddb5-4fa4-a97d-d965ccfc6d4b" outcome="Passed" testListId="8c84fa94-04c1-424b-9868-57a2d4851a1d" relativeResultsDirectory="572905c3-bfb1-4d8c-aa68-071d68e3f2a4" /><UnitTestResult executionId="421137d8-da16-4f18-90c0-3ad7174aa3c9" testId="a28aa72c-d652-41c2-a459-5e33f752f074" testName="Patch_InvalidReferencePropertyReturnsBadRequest" computerName="VECTOR" duration="00:00:00.0340000" startTime="2018-07-18T04:25:48.9658624-04:00" endTime="2018-07-18T04:25:48.9658704-04:00" testType="13cdc9d9-ddb5-4fa4-a97d-d965ccfc6d4b" outcome="Passed" testListId="8c84fa94-04c1-424b-9868-57a2d4851a1d" relativeResultsDirectory="421137d8-da16-4f18-90c0-3ad7174aa3c9" /><UnitTestResult executionId="e280f58e-58d2-4baa-b545-2adf9f2a2d94" testId="70a756e7-ec7c-4b3c-9944-b63b925a2f5a" testName="Patch_MultipleInvalidReferencePropertiesReturnsMultipleValidationErrorsAndBadRequest" computerName="VECTOR" duration="00:00:00.0160000" startTime="2018-07-18T04:26:04.8961836-04:00" endTime="2018-07-18T04:26:04.8961875-04:00" testType="13cdc9d9-ddb5-4fa4-a97d-d965ccfc6d4b" outcome="Passed" testListId="8c84fa94-04c1-424b-9868-57a2d4851a1d" relativeResultsDirectory="e280f58e-58d2-4baa-b545-2adf9f2a2d94" /><UnitTestResult executionId="bfe3b50f-a807-4d12-b71b-073a6862f18b" testId="5536d54f-d65b-4b8e-98a4-627248c153fc" testName="Post_ValidReferencePropertyCreatesModel" computerName="VECTOR" duration="00:00:00.0020000" startTime="2018-07-18T04:25:36.4727505-04:00" endTime="2018-07-18T04:25:36.4727525-04:00" testType="13cdc9d9-ddb5-4fa4-a97d-d965ccfc6d4b" outcome="Passed" testListId="8c84fa94-04c1-424b-9868-57a2d4851a1d" relativeResultsDirectory="bfe3b50f-a807-4d12-b71b-073a6862f18b" /><UnitTestResult executionId="913155e3-3ea0-4892-8da8-63740cefd6a2" testId="c85562ad-13e2-4f01-9ee8-1171389ac1d2" testName="GetSingle_ValidIdPropertyValueReturnsCorrectModel" computerName="VECTOR" duration="00:00:00.0060000" startTime="2018-07-18T04:26:04.9114167-04:00" endTime="2018-07-18T04:26:04.9114204-04:00" testType="13cdc9d9-ddb5-4fa4-a97d-d965ccfc6d4b" outcome="Passed" testListId="8c84fa94-04c1-424b-9868-57a2d4851a1d" relativeResultsDirectory="913155e3-3ea0-4892-8da8-63740cefd6a2" /><UnitTestResult executionId="ad815dc3-2a3c-47a5-9a8d-e5989efca862" testId="f7d0e32e-5852-46db-8c8a-c59d95e90ca2" testName="PutFile_FileCanBeUpdated" computerName="VECTOR" duration="00:00:00.5390000" startTime="2018-07-18T04:25:53.3182491-04:00" endTime="2018-07-18T04:25:53.3182556-04:00" testType="13cdc9d9-ddb5-4fa4-a97d-d965ccfc6d4b" outcome="Passed" testListId="8c84fa94-04c1-424b-9868-57a2d4851a1d" relativeResultsDirectory="ad815dc3-2a3c-47a5-9a8d-e5989efca862" /><UnitTestResult executionId="1083d012-4d26-4cbb-95c4-fe3d4609243e" testId="58012e68-5706-44a8-b3b3-c7c721eddbf1" testName="GetSingle_InvalidIdPropertyValueReturnsNotFound" computerName="VECTOR" duration="00:00:00.0170000" startTime="2018-07-18T04:25:45.3072926-04:00" endTime="2018-07-18T04:25:45.3072980-04:00" testType="13cdc9d9-ddb5-4fa4-a97d-d965ccfc6d4b" outcome="Passed" testListId="8c84fa94-04c1-424b-9868-57a2d4851a1d" relativeResultsDirectory="1083d012-4d26-4cbb-95c4-fe3d4609243e" /><UnitTestResult executionId="dbff3fe1-cb6b-4848-bdef-9eb6f976e1d0" testId="72708a4d-7885-4e8f-956f-a7d53d2f410d" testName="Post_InvalidReferencePropertyReturnsBadRequest" computerName="VECTOR" duration="00:00:00.0050000" startTime="2018-07-18T04:25:48.9930364-04:00" endTime="2018-07-18T04:25:48.9930398-04:00" testType="13cdc9d9-ddb5-4fa4-a97d-d965ccfc6d4b" outcome="Passed" testListId="8c84fa94-04c1-424b-9868-57a2d4851a1d" relativeResultsDirectory="dbff3fe1-cb6b-4848-bdef-9eb6f976e1d0" /><UnitTestResult executionId="801a1d70-914c-4e3c-98b4-8e0c1b1e643a" testId="717233bb-75dd-4393-b0b6-bd9e9296609e" testName="Put_ValidReferencePropertyUpdatesModel" computerName="VECTOR" duration="00:00:00.3270000" startTime="2018-07-18T04:25:43.9972436-04:00" endTime="2018-07-18T04:25:43.9972499-04:00" testType="13cdc9d9-ddb5-4fa4-a97d-d965ccfc6d4b" outcome="Passed" testListId="8c84fa94-04c1-424b-9868-57a2d4851a1d" relativeResultsDirectory="801a1d70-914c-4e3c-98b4-8e0c1b1e643a" /><UnitTestResult executionId="037b964f-739f-463e-a3ea-49cb91b69c91" testId="322e76b3-2038-46ef-94fd-d6d80559ca02" testName="PostFile_NewFileCanBePosted" computerName="VECTOR" duration="00:00:00.3350000" startTime="2018-07-18T04:25:42.6806446-04:00" endTime="2018-07-18T04:25:42.6806509-04:00" testType="13cdc9d9-ddb5-4fa4-a97d-d965ccfc6d4b" outcome="Passed" testListId="8c84fa94-04c1-424b-9868-57a2d4851a1d" relativeResultsDirectory="037b964f-739f-463e-a3ea-49cb91b69c91" /><UnitTestResult executionId="a744cef8-8def-42e8-8680-f0111c6ddf58" testId="785df57a-8c94-4f9a-9f72-c0b29c59f2f3" testName="GetList_ListReturnsCorrectCount" computerName="VECTOR" duration="00:00:00.0330000" startTime="2018-07-18T04:25:43.6699074-04:00" endTime="2018-07-18T04:25:43.6699128-04:00" testType="13cdc9d9-ddb5-4fa4-a97d-d965ccfc6d4b" outcome="Passed" testListId="8c84fa94-04c1-424b-9868-57a2d4851a1d" relativeResultsDirectory="a744cef8-8def-42e8-8680-f0111c6ddf58" /><UnitTestResult executionId="c2db804a-50cb-4b1f-98b0-ef2d5d768124" testId="eadffeb1-7e9d-4cca-bf69-5049fc9bd7e8" testName="Patch_ValidReferencePropertyUpdatesModel" computerName="VECTOR" duration="00:00:00.2780000" startTime="2018-07-18T04:25:39.6475522-04:00" endTime="2018-07-18T04:25:39.6475585-04:00" testType="13cdc9d9-ddb5-4fa4-a97d-d965ccfc6d4b" outcome="Passed" testListId="8c84fa94-04c1-424b-9868-57a2d4851a1d" relativeResultsDirectory="c2db804a-50cb-4b1f-98b0-ef2d5d768124" /><UnitTestResult executionId="d5647aa8-1e04-433e-8dd4-5956265d44d7" testId="8dce3911-0f18-431d-8e2f-b0fb4e5953f6" testName="Put_ValidReferencePropertyUpdatesModel" computerName="VECTOR" duration="00:00:00.2900000" startTime="2018-07-18T04:26:12.5551243-04:00" endTime="2018-07-18T04:26:12.5551359-04:00" testType="13cdc9d9-ddb5-4fa4-a97d-d965ccfc6d4b" outcome="Passed" testListId="8c84fa94-04c1-424b-9868-57a2d4851a1d" relativeResultsDirectory="d5647aa8-1e04-433e-8dd4-5956265d44d7" /><UnitTestResult executionId="443bd742-47bd-4075-bae3-4a92dd6a3252" testId="64b94af3-9cc7-4352-bfe3-cde0d14c49aa" testName="Patch_InvalidEnumPropertyValueReturnsBadRequest" computerName="VECTOR" duration="00:00:00.0010000" startTime="2018-07-18T04:26:11.3114866-04:00" endTime="2018-07-18T04:26:11.3114878-04:00" testType="13cdc9d9-ddb5-4fa4-a97d-d965ccfc6d4b" outcome="Passed" testListId="8c84fa94-04c1-424b-9868-57a2d4851a1d" relativeResultsDirectory="443bd742-47bd-4075-bae3-4a92dd6a3252" /><UnitTestResult executionId="6ae6cac2-fb3a-47b1-9b3c-de06498a87b7" testId="fc57ffef-eb11-4e62-ad03-efe92ee24fe1" testName="GetFile_FileCanBeRoundTripped" computerName="VECTOR" duration="00:00:00.3780000" startTime="2018-07-18T04:26:10.8659971-04:00" endTime="2018-07-18T04:26:10.8660033-04:00" testType="13cdc9d9-ddb5-4fa4-a97d-d965ccfc6d4b" outcome="Passed" testListId="8c84fa94-04c1-424b-9868-57a2d4851a1d" relativeResultsDirectory="6ae6cac2-fb3a-47b1-9b3c-de06498a87b7" /><UnitTestResult executionId="3184b44f-88ec-4063-8c91-3552ba955e5b" testId="3644ad4c-c5ad-4cd3-b080-c9a5ad08b4bb" testName="Patch_InvalidEnumPropertyValueReturnsBadRequest" computerName="VECTOR" duration="00:00:00.0340000" startTime="2018-07-18T04:26:03.3903409-04:00" endTime="2018-07-18T04:26:03.3903474-04:00" testType="13cdc9d9-ddb5-4fa4-a97d-d965ccfc6d4b" outcome="Passed" testListId="8c84fa94-04c1-424b-9868-57a2d4851a1d" relativeResultsDirectory="3184b44f-88ec-4063-8c91-3552ba955e5b" /><UnitTestResult executionId="8182bada-9c2e-4140-a53f-40ef29c6e9d1" testId="fae5f747-7a40-4724-a411-cb19a175261e" testName="Patch_MultipleInvalidReferencePropertiesReturnsMultipleValidationErrorsAndBadRequest" computerName="VECTOR" duration="00:00:00.0420000" startTime="2018-07-18T04:25:40.2015931-04:00" endTime="2018-07-18T04:25:40.2016002-04:00" testType="13cdc9d9-ddb5-4fa4-a97d-d965ccfc6d4b" outcome="Passed" testListId="8c84fa94-04c1-424b-9868-57a2d4851a1d" relativeResultsDirectory="8182bada-9c2e-4140-a53f-40ef29c6e9d1" /><UnitTestResult executionId="8633cdbe-768f-4d49-a354-2f9789de453e" testId="fb7e99f7-548b-4805-a589-389f4526454a" testName="Post_CanCreateNewModel" computerName="VECTOR" duration="00:00:00.3180000" startTime="2018-07-18T04:25:40.5803627-04:00" endTime="2018-07-18T04:25:40.5803746-04:00" testType="13cdc9d9-ddb5-4fa4-a97d-d965ccfc6d4b" outcome="Passed" testListId="8c84fa94-04c1-424b-9868-57a2d4851a1d" relativeResultsDirectory="8633cdbe-768f-4d49-a354-2f9789de453e" /><UnitTestResult executionId="da4dad1c-89f8-4864-bdd3-61fc898ab9c8" testId="f4e350be-689a-45c3-8996-2c5da8c45a3e" testName="GetFile_ExistingFileReturnsSuccess" computerName="VECTOR" duration="00:00:00.0200000" startTime="2018-07-18T04:25:53.3382083-04:00" endTime="2018-07-18T04:25:53.3382154-04:00" testType="13cdc9d9-ddb5-4fa4-a97d-d965ccfc6d4b" outcome="Passed" testListId="8c84fa94-04c1-424b-9868-57a2d4851a1d" relativeResultsDirectory="da4dad1c-89f8-4864-bdd3-61fc898ab9c8" /><UnitTestResult executionId="efdabb7a-7009-4ad6-b66a-4265b15779f8" testId="7ab045a2-e2ad-4c6f-a0ec-d1bf56a6a9dc" testName="Patch_InvalidPropertyNameReturnsBadRequest" computerName="VECTOR" duration="00:00:00.0090000" startTime="2018-07-18T04:25:48.9753940-04:00" endTime="2018-07-18T04:25:48.9753999-04:00" testType="13cdc9d9-ddb5-4fa4-a97d-d965ccfc6d4b" outcome="Passed" testListId="8c84fa94-04c1-424b-9868-57a2d4851a1d" relativeResultsDirectory="efdabb7a-7009-4ad6-b66a-4265b15779f8" /><UnitTestResult executionId="9ba8965a-71c0-4813-9d6b-0fbc573c3942" testId="7ee2b827-c97a-481b-8641-d4a019bee256" testName="GetFile_FileCanBeRoundTripped" computerName="VECTOR" duration="00:00:00.3660000" startTime="2018-07-18T04:25:52.7791738-04:00" endTime="2018-07-18T04:25:52.7791797-04:00" testType="13cdc9d9-ddb5-4fa4-a97d-d965ccfc6d4b" outcome="Passed" testListId="8c84fa94-04c1-424b-9868-57a2d4851a1d" relativeResultsDirectory="9ba8965a-71c0-4813-9d6b-0fbc573c3942" /><UnitTestResult executionId="3b814583-b547-4123-81b6-9f6b7c1fa674" testId="452ab48a-1118-4574-8479-5a4566d6f7d0" testName="Patch_InvalidReferencePropertyReturnsBadRequest" computerName="VECTOR" duration="00:00:00.0380000" startTime="2018-07-18T04:25:40.6189933-04:00" endTime="2018-07-18T04:25:40.6190024-04:00" testType="13cdc9d9-ddb5-4fa4-a97d-d965ccfc6d4b" outcome="Passed" testListId="8c84fa94-04c1-424b-9868-57a2d4851a1d" relativeResultsDirectory="3b814583-b547-4123-81b6-9f6b7c1fa674" /><UnitTestResult executionId="eba79e39-c42d-4a8a-bfad-d5f509b612a1" testId="8bff8b85-4f9f-44e0-9ae0-50e5959933db" testName="Patch_InvalidEnumPropertyValueReturnsBadRequest" computerName="VECTOR" duration="00:00:00.0030000" startTime="2018-07-18T04:25:37.6486854-04:00" endTime="2018-07-18T04:25:37.6486888-04:00" testType="13cdc9d9-ddb5-4fa4-a97d-d965ccfc6d4b" outcome="Passed" testListId="8c84fa94-04c1-424b-9868-57a2d4851a1d" relativeResultsDirectory="eba79e39-c42d-4a8a-bfad-d5f509b612a1" /><UnitTestResult executionId="76916687-0b72-484d-82d1-0cfd93c40a74" testId="84d5f4d7-ef06-4980-ad99-fbf1c2d0b9fe" testName="Put_InvalidReferencePropertyReturndBadRequest" computerName="VECTOR" duration="00:00:00.0380000" startTime="2018-07-18T04:26:11.6359793-04:00" endTime="2018-07-18T04:26:11.6359864-04:00" testType="13cdc9d9-ddb5-4fa4-a97d-d965ccfc6d4b" outcome="Passed" testListId="8c84fa94-04c1-424b-9868-57a2d4851a1d" relativeResultsDirectory="76916687-0b72-484d-82d1-0cfd93c40a74" /><UnitTestResult executionId="5d1efc66-4dee-449f-a5e2-4efd56e1bf58" testId="292da418-0845-4f6b-830c-5a09339e7c88" testName="Post_InvalidPropertyValueReturnsBadRequest" computerName="VECTOR" duration="00:00:00.0030000" startTime="2018-07-18T04:26:11.9488540-04:00" endTime="2018-07-18T04:26:11.9488588-04:00" testType="13cdc9d9-ddb5-4fa4-a97d-d965ccfc6d4b" outcome="Passed" testListId="8c84fa94-04c1-424b-9868-57a2d4851a1d" relativeResultsDirectory="5d1efc66-4dee-449f-a5e2-4efd56e1bf58" /><UnitTestResult executionId="f5f50224-f9b5-4792-98dd-6f4d6a981ffe" testId="569f0068-2bc6-4049-abd2-ad40741d39d6" testName="GetSingle_InvalidIdPropertyValueReturnsNotFound" computerName="VECTOR" duration="00:00:00.0040000" startTime="2018-07-18T04:25:48.9877687-04:00" endTime="2018-07-18T04:25:48.9877712-04:00" testType="13cdc9d9-ddb5-4fa4-a97d-d965ccfc6d4b" outcome="Passed" testListId="8c84fa94-04c1-424b-9868-57a2d4851a1d" relativeResultsDirectory="f5f50224-f9b5-4792-98dd-6f4d6a981ffe" /><UnitTestResult executionId="f620d168-0d1e-47f4-8701-4bb6bafe7769" testId="0a2080cc-95b1-4bef-84a6-5d774945d155" testName="Put_CanUpdateModel" computerName="VECTOR" duration="00:00:00.3230000" startTime="2018-07-18T04:26:05.8478605-04:00" endTime="2018-07-18T04:26:05.8478727-04:00" testType="13cdc9d9-ddb5-4fa4-a97d-d965ccfc6d4b" outcome="Passed" testListId="8c84fa94-04c1-424b-9868-57a2d4851a1d" relativeResultsDirectory="f620d168-0d1e-47f4-8701-4bb6bafe7769" /><UnitTestResult executionId="bd4c5470-4f7c-4700-9f5f-f0ac8af00557" testId="79fc285f-5c0d-464f-aab6-697bc7b58297" testName="Put_ValidReferencePropertyUpdatesModel" computerName="VECTOR" duration="00:00:00.0020000" startTime="2018-07-18T04:25:37.3667883-04:00" endTime="2018-07-18T04:25:37.3667917-04:00" testType="13cdc9d9-ddb5-4fa4-a97d-d965ccfc6d4b" outcome="Passed" testListId="8c84fa94-04c1-424b-9868-57a2d4851a1d" relativeResultsDirectory="bd4c5470-4f7c-4700-9f5f-f0ac8af00557" /><UnitTestResult executionId="e2b7abb7-c4a7-4f56-b3d3-3819ef0ac6d6" testId="5b56c6e9-e63e-4fdc-af3e-5541e74a8362" testName="Put_InvalidIdReturnsNotFound" computerName="VECTOR" duration="00:00:00.5290000" startTime="2018-07-18T04:25:46.2796735-04:00" endTime="2018-07-18T04:25:46.2796792-04:00" testType="13cdc9d9-ddb5-4fa4-a97d-d965ccfc6d4b" outcome="Passed" testListId="8c84fa94-04c1-424b-9868-57a2d4851a1d" relativeResultsDirectory="e2b7abb7-c4a7-4f56-b3d3-3819ef0ac6d6" /><UnitTestResult executionId="134e92a2-91ee-4ec7-a7dd-2f1892552869" testId="344abb73-8aa4-4f5b-95d9-2790a3d9ccc4" testName="Patch_InvalidIdPropertyReturnsNotFound" computerName="VECTOR" duration="00:00:00.0080000" startTime="2018-07-18T04:25:48.9834903-04:00" endTime="2018-07-18T04:25:48.9834940-04:00" testType="13cdc9d9-ddb5-4fa4-a97d-d965ccfc6d4b" outcome="Passed" testListId="8c84fa94-04c1-424b-9868-57a2d4851a1d" relativeResultsDirectory="134e92a2-91ee-4ec7-a7dd-2f1892552869" /><UnitTestResult executionId="c1dda23b-b72e-4e74-b654-bbd4b02e09e4" testId="e6c2552b-5a99-41e9-92a7-a2ffe7954e09" testName="GetFile_FileCanBeRoundTripped" computerName="VECTOR" duration="00:00:00.2750000" startTime="2018-07-18T04:25:42.9559914-04:00" endTime="2018-07-18T04:25:42.9559991-04:00" testType="13cdc9d9-ddb5-4fa4-a97d-d965ccfc6d4b" outcome="Passed" testListId="8c84fa94-04c1-424b-9868-57a2d4851a1d" relativeResultsDirectory="c1dda23b-b72e-4e74-b654-bbd4b02e09e4" /><UnitTestResult executionId="4cf55f81-679d-4dc3-8427-c94f23d5842c" testId="1fcb9304-fd95-49eb-a5d5-550d1dcd8070" testName="Post_ValidReferencePropertyCreatesModel" computerName="VECTOR" duration="00:00:00.1900000" startTime="2018-07-18T04:25:40.1586073-04:00" endTime="2018-07-18T04:25:40.1586187-04:00" testType="13cdc9d9-ddb5-4fa4-a97d-d965ccfc6d4b" outcome="Passed" testListId="8c84fa94-04c1-424b-9868-57a2d4851a1d" relativeResultsDirectory="4cf55f81-679d-4dc3-8427-c94f23d5842c" /><UnitTestResult executionId="2f135296-959d-4654-8e3a-33098e49f52b" testId="962b42f1-3095-4774-9b4a-6f1cfe775473" testName="PutFile_NewFileCanBePut" computerName="VECTOR" duration="00:00:00.3380000" startTime="2018-07-18T04:25:49.8055321-04:00" endTime="2018-07-18T04:25:49.8055441-04:00" testType="13cdc9d9-ddb5-4fa4-a97d-d965ccfc6d4b" outcome="Passed" testListId="8c84fa94-04c1-424b-9868-57a2d4851a1d" relativeResultsDirectory="2f135296-959d-4654-8e3a-33098e49f52b" /><UnitTestResult executionId="0ac3c815-46a0-456d-a974-d59eab200444" testId="4191df40-99a6-4fd2-968b-9682a4966484" testName="Post_InvalidPropertyValueReturnsBadRequest" computerName="VECTOR" duration="00:00:00.0020000" startTime="2018-07-18T04:26:04.9239824-04:00" endTime="2018-07-18T04:26:04.9239878-04:00" testType="13cdc9d9-ddb5-4fa4-a97d-d965ccfc6d4b" outcome="Passed" testListId="8c84fa94-04c1-424b-9868-57a2d4851a1d" relativeResultsDirectory="0ac3c815-46a0-456d-a974-d59eab200444" /><UnitTestResult executionId="32be1249-2eb6-4b4b-8e2d-3de0180df865" testId="deb48201-c2eb-4d59-9212-a91a0d36ff6c" testName="Post_InvalidPropertyValueReturnsBadRequest" computerName="VECTOR" duration="00:00:00.0020000" startTime="2018-07-18T04:25:39.3627248-04:00" endTime="2018-07-18T04:25:39.3627282-04:00" testType="13cdc9d9-ddb5-4fa4-a97d-d965ccfc6d4b" outcome="Passed" testListId="8c84fa94-04c1-424b-9868-57a2d4851a1d" relativeResultsDirectory="32be1249-2eb6-4b4b-8e2d-3de0180df865" /><UnitTestResult executionId="07119a4b-17b8-4193-aa1f-986ecea7e4f0" testId="de026dd6-27cd-4a31-8f95-0deee9da63f8" testName="PostFile_NewFileCanBePosted" computerName="VECTOR" duration="00:00:00.3090000" startTime="2018-07-18T04:26:10.4871382-04:00" endTime="2018-07-18T04:26:10.4871475-04:00" testType="13cdc9d9-ddb5-4fa4-a97d-d965ccfc6d4b" outcome="Passed" testListId="8c84fa94-04c1-424b-9868-57a2d4851a1d" relativeResultsDirectory="07119a4b-17b8-4193-aa1f-986ecea7e4f0" /><UnitTestResult executionId="84c46bb0-a76f-435d-9f06-2665bc9f2a0e" testId="64d60f56-edf5-4db7-b05c-a16638ea0e55" testName="GetFile_ExistingFileReturnsSuccess" computerName="VECTOR" duration="00:00:00.0800000" startTime="2018-07-18T04:25:41.8334103-04:00" endTime="2018-07-18T04:25:41.8334176-04:00" testType="13cdc9d9-ddb5-4fa4-a97d-d965ccfc6d4b" outcome="Passed" testListId="8c84fa94-04c1-424b-9868-57a2d4851a1d" relativeResultsDirectory="84c46bb0-a76f-435d-9f06-2665bc9f2a0e" /><UnitTestResult executionId="3ef684e9-58ba-48da-b471-e940c1c2b776" testId="8484e40e-58ba-49b2-b58c-9b7c4ac7572a" testName="Patch_ValidReferencePropertyUpdatesModel" computerName="VECTOR" duration="00:00:00.2760000" startTime="2018-07-18T04:25:44.4900636-04:00" endTime="2018-07-18T04:25:44.4900724-04:00" testType="13cdc9d9-ddb5-4fa4-a97d-d965ccfc6d4b" outcome="Passed" testListId="8c84fa94-04c1-424b-9868-57a2d4851a1d" relativeResultsDirectory="3ef684e9-58ba-48da-b471-e940c1c2b776" /><UnitTestResult executionId="b7c95b79-b11e-4ed0-b6dd-3c3794779621" testId="6c47ff82-4618-4c49-a782-2e92e5f1d15f" testName="GetList_ListReturnsCorrectCount" computerName="VECTOR" duration="00:00:00.0830000" startTime="2018-07-18T04:25:38.1572780-04:00" endTime="2018-07-18T04:25:38.1572842-04:00" testType="13cdc9d9-ddb5-4fa4-a97d-d965ccfc6d4b" outcome="Passed" testListId="8c84fa94-04c1-424b-9868-57a2d4851a1d" relativeResultsDirectory="b7c95b79-b11e-4ed0-b6dd-3c3794779621" /><UnitTestResult executionId="99612301-5b6c-47ae-94c9-cb29486972c6" testId="f4b708e3-6cea-4a46-9b97-77db132113b3" testName="Put_InvalidReferencePropertyReturndBadRequest" computerName="VECTOR" duration="00:00:00.1320000" startTime="2018-07-18T04:26:03.6442791-04:00" endTime="2018-07-18T04:26:03.6442851-04:00" testType="13cdc9d9-ddb5-4fa4-a97d-d965ccfc6d4b" outcome="Passed" testListId="8c84fa94-04c1-424b-9868-57a2d4851a1d" relativeResultsDirectory="99612301-5b6c-47ae-94c9-cb29486972c6" /><UnitTestResult executionId="1884c689-b93d-4831-a85f-07821c8150c5" testId="d2dc45aa-1918-4b92-8edb-f9785c2f4f18" testName="Put_InvalidIdReturnsNotFound" computerName="VECTOR" duration="00:00:00.0150000" startTime="2018-07-18T04:26:11.0571668-04:00" endTime="2018-07-18T04:26:11.0571731-04:00" testType="13cdc9d9-ddb5-4fa4-a97d-d965ccfc6d4b" outcome="Passed" testListId="8c84fa94-04c1-424b-9868-57a2d4851a1d" relativeResultsDirectory="1884c689-b93d-4831-a85f-07821c8150c5" /><UnitTestResult executionId="1af58288-ebd8-4afe-874f-fce62d219da9" testId="19c16254-ef1d-411e-8f99-5b635522cd03" testName="Put_ValidReferencePropertyUpdatesModel" computerName="VECTOR" duration="00:00:00.2950000" startTime="2018-07-18T04:25:39.9434165-04:00" endTime="2018-07-18T04:25:39.9434282-04:00" testType="13cdc9d9-ddb5-4fa4-a97d-d965ccfc6d4b" outcome="Passed" testListId="8c84fa94-04c1-424b-9868-57a2d4851a1d" relativeResultsDirectory="1af58288-ebd8-4afe-874f-fce62d219da9" /><UnitTestResult executionId="8a9f6740-eddd-46f8-9d68-97f7df19ea51" testId="697c3eb3-0ba0-4649-a599-d7246d00a278" testName="Patch_InvalidPropertyNameReturnsBadRequest" computerName="VECTOR" duration="00:00:00.0050000" startTime="2018-07-18T04:25:39.3600225-04:00" endTime="2018-07-18T04:25:39.3600279-04:00" testType="13cdc9d9-ddb5-4fa4-a97d-d965ccfc6d4b" outcome="Passed" testListId="8c84fa94-04c1-424b-9868-57a2d4851a1d" relativeResultsDirectory="8a9f6740-eddd-46f8-9d68-97f7df19ea51" /><UnitTestResult executionId="87c809d9-a7a6-4901-a02c-bbb69b28e7fb" testId="68a33cf4-1776-4148-82e0-8593caaa6e28" testName="GetList_ListReturnsCorrectCount" computerName="VECTOR" duration="00:00:00.0460000" startTime="2018-07-18T04:26:11.3113127-04:00" endTime="2018-07-18T04:26:11.3113195-04:00" testType="13cdc9d9-ddb5-4fa4-a97d-d965ccfc6d4b" outcome="Passed" testListId="8c84fa94-04c1-424b-9868-57a2d4851a1d" relativeResultsDirectory="87c809d9-a7a6-4901-a02c-bbb69b28e7fb" /><UnitTestResult executionId="4c0cf1d1-6495-4406-bf02-35b4e7833ed6" testId="a9dd4d6c-650b-4579-b67b-dbe508d7d6ce" testName="Post_InvalidPropertyValueReturnsBadRequest" computerName="VECTOR" duration="00:00:00.0030000" startTime="2018-07-18T04:25:44.0002653-04:00" endTime="2018-07-18T04:25:44.0002679-04:00" testType="13cdc9d9-ddb5-4fa4-a97d-d965ccfc6d4b" outcome="Passed" testListId="8c84fa94-04c1-424b-9868-57a2d4851a1d" relativeResultsDirectory="4c0cf1d1-6495-4406-bf02-35b4e7833ed6" /><UnitTestResult executionId="f3ffd46d-66d0-4a42-878e-3ea2b5bff172" testId="97d9bb9d-bf11-4a27-959d-a56170134295" testName="Patch_MultipleInvalidReferencePropertiesReturnsMultipleValidationErrorsAndBadRequest" computerName="VECTOR" duration="00:00:00.0390000" startTime="2018-07-18T04:26:11.9326958-04:00" endTime="2018-07-18T04:26:11.9327018-04:00" testType="13cdc9d9-ddb5-4fa4-a97d-d965ccfc6d4b" outcome="Passed" testListId="8c84fa94-04c1-424b-9868-57a2d4851a1d" relativeResultsDirectory="f3ffd46d-66d0-4a42-878e-3ea2b5bff172" /><UnitTestResult executionId="67b81bdf-5152-4fd4-979c-cc91719e2184" testId="a29475b1-46d1-468d-8108-8cb268a8f33f" testName="LucyCameraFindsAllDependents" computerName="VECTOR" duration="00:00:00.0070000" startTime="2018-07-18T04:25:36.0033301-04:00" endTime="2018-07-18T04:25:36.0033332-04:00" testType="13cdc9d9-ddb5-4fa4-a97d-d965ccfc6d4b" outcome="Passed" testListId="8c84fa94-04c1-424b-9868-57a2d4851a1d" relativeResultsDirectory="67b81bdf-5152-4fd4-979c-cc91719e2184" /><UnitTestResult executionId="09d61ff8-72c2-45d3-96e3-3d1aa8dd045b" testId="681afdec-4545-4211-ac0c-5e693a086bd7" testName="Put_InvalidReferencePropertyReturndBadRequest" computerName="VECTOR" duration="00:00:00.0040000" startTime="2018-07-18T04:25:38.1671451-04:00" endTime="2018-07-18T04:25:38.1671527-04:00" testType="13cdc9d9-ddb5-4fa4-a97d-d965ccfc6d4b" outcome="Passed" testListId="8c84fa94-04c1-424b-9868-57a2d4851a1d" relativeResultsDirectory="09d61ff8-72c2-45d3-96e3-3d1aa8dd045b" /><UnitTestResult executionId="e0c63241-d15e-41ab-ac45-c6215c18e14a" testId="b2bde8ac-8f0e-4334-901d-05cb214f4394" testName="Post_InvalidPropertyValueReturnsBadRequest" computerName="VECTOR" duration="00:00:00.0040000" startTime="2018-07-18T04:25:49.4551252-04:00" endTime="2018-07-18T04:25:49.4551277-04:00" testType="13cdc9d9-ddb5-4fa4-a97d-d965ccfc6d4b" outcome="Passed" testListId="8c84fa94-04c1-424b-9868-57a2d4851a1d" relativeResultsDirectory="e0c63241-d15e-41ab-ac45-c6215c18e14a" /><UnitTestResult executionId="4a25661f-95b7-4cb7-9f0c-732f0f47d935" testId="1952edb8-63bc-462c-a759-6451fae88893" testName="Model3dHasExpectedDependentFiles" computerName="VECTOR" duration="00:00:00.0280000" startTime="2018-07-18T04:25:35.6630571-04:00" endTime="2018-07-18T04:25:35.6630631-04:00" testType="13cdc9d9-ddb5-4fa4-a97d-d965ccfc6d4b" outcome="Passed" testListId="8c84fa94-04c1-424b-9868-57a2d4851a1d" relativeResultsDirectory="4a25661f-95b7-4cb7-9f0c-732f0f47d935" /><UnitTestResult executionId="a47be16c-e36f-43a4-8076-0b3713de2886" testId="3a00d538-748e-4d26-8eb3-619cdaa7a259" testName="LucyModel3dHasTwoDependents" computerName="VECTOR" duration="00:00:00.3360000" startTime="2018-07-18T04:25:35.9965833-04:00" endTime="2018-07-18T04:25:35.9965895-04:00" testType="13cdc9d9-ddb5-4fa4-a97d-d965ccfc6d4b" outcome="Passed" testListId="8c84fa94-04c1-424b-9868-57a2d4851a1d" relativeResultsDirectory="a47be16c-e36f-43a4-8076-0b3713de2886" /><UnitTestResult executionId="5cf99e31-be15-4c85-b5e5-b990d5ed427b" testId="62f5e426-31fb-4397-95ab-f8b48b1b7c07" testName="GetFile_NonExistentFileReturnsNotFound" computerName="VECTOR" duration="00:00:00.0090000" startTime="2018-07-18T04:26:09.5112509-04:00" endTime="2018-07-18T04:26:09.5112569-04:00" testType="13cdc9d9-ddb5-4fa4-a97d-d965ccfc6d4b" outcome="Passed" testListId="8c84fa94-04c1-424b-9868-57a2d4851a1d" relativeResultsDirectory="5cf99e31-be15-4c85-b5e5-b990d5ed427b" /><UnitTestResult executionId="f301a935-744d-486c-a379-b3738d352a27" testId="09b1de87-2784-4718-8e89-cdd52efc94da" testName="Delete_TargetModelIsDeleted" computerName="VECTOR" duration="00:00:00.2640000" startTime="2018-07-18T04:26:03.9097152-04:00" endTime="2018-07-18T04:26:03.9097269-04:00" testType="13cdc9d9-ddb5-4fa4-a97d-d965ccfc6d4b" outcome="Passed" testListId="8c84fa94-04c1-424b-9868-57a2d4851a1d" relativeResultsDirectory="f301a935-744d-486c-a379-b3738d352a27" /><UnitTestResult executionId="898c956e-f738-4eb7-acf4-d6083a69e536" testId="58d0431a-6e68-49d7-8f72-45f6c5ac7bc6" testName="Delete_TargetModelIsDeleted" computerName="VECTOR" duration="00:00:00.5300000" startTime="2018-07-18T04:25:36.9920615-04:00" endTime="2018-07-18T04:25:36.9920686-04:00" testType="13cdc9d9-ddb5-4fa4-a97d-d965ccfc6d4b" outcome="Passed" testListId="8c84fa94-04c1-424b-9868-57a2d4851a1d" relativeResultsDirectory="898c956e-f738-4eb7-acf4-d6083a69e536" /><UnitTestResult executionId="b89412d1-51a4-42ea-9d09-4371ce98a407" testId="f8fd7070-74f5-4e24-91c2-d6920a6f2779" testName="GetFile_ExistingFileReturnsSuccess" computerName="VECTOR" duration="00:00:00.0510000" startTime="2018-07-18T04:26:05.9004196-04:00" endTime="2018-07-18T04:26:05.9004324-04:00" testType="13cdc9d9-ddb5-4fa4-a97d-d965ccfc6d4b" outcome="Passed" testListId="8c84fa94-04c1-424b-9868-57a2d4851a1d" relativeResultsDirectory="b89412d1-51a4-42ea-9d09-4371ce98a407" /><UnitTestResult executionId="d0338c40-4440-4ff2-b002-f746a2bf51ca" testId="da9aef03-aa64-4163-8c9f-8cdebf2fd2fd" testName="Post_InvalidPropertyValueReturnsBadRequest" computerName="VECTOR" duration="00:00:00.0080000" startTime="2018-07-18T04:25:38.1917534-04:00" endTime="2018-07-18T04:25:38.1917557-04:00" testType="13cdc9d9-ddb5-4fa4-a97d-d965ccfc6d4b" outcome="Passed" testListId="8c84fa94-04c1-424b-9868-57a2d4851a1d" relativeResultsDirectory="d0338c40-4440-4ff2-b002-f746a2bf51ca" /><UnitTestResult executionId="cf4d245a-9ea4-44c9-b0f5-17c2a52075de" testId="7e5411d5-6089-41d0-8bba-6204881b3ff4" testName="Patch_InvalidIdPropertyReturnsNotFound" computerName="VECTOR" duration="00:00:00.0160000" startTime="2018-07-18T04:25:38.1838229-04:00" endTime="2018-07-18T04:25:38.1838277-04:00" testType="13cdc9d9-ddb5-4fa4-a97d-d965ccfc6d4b" outcome="Passed" testListId="8c84fa94-04c1-424b-9868-57a2d4851a1d" relativeResultsDirectory="cf4d245a-9ea4-44c9-b0f5-17c2a52075de" /><UnitTestResult executionId="839690c5-ba25-49e2-9126-b31f1660d56e" testId="e40d7967-b111-443c-b8e0-7c66b683ca38" testName="Put_InvalidIdReturnsNotFound" computerName="VECTOR" duration="00:00:00.0740000" startTime="2018-07-18T04:25:39.3543286-04:00" endTime="2018-07-18T04:25:39.3543340-04:00" testType="13cdc9d9-ddb5-4fa4-a97d-d965ccfc6d4b" outcome="Passed" testListId="8c84fa94-04c1-424b-9868-57a2d4851a1d" relativeResultsDirectory="839690c5-ba25-49e2-9126-b31f1660d56e" /><UnitTestResult executionId="74f95e5f-d693-4306-8c02-a5e74e62a4c4" testId="b9e073e9-d8f3-4bc0-83fd-5754d7c48a5c" testName="LucyDepthBufferFindsOneDependent" computerName="VECTOR" duration="00:00:00.0030000" startTime="2018-07-18T04:25:36.0066408-04:00" endTime="2018-07-18T04:25:36.0066433-04:00" testType="13cdc9d9-ddb5-4fa4-a97d-d965ccfc6d4b" outcome="Passed" testListId="8c84fa94-04c1-424b-9868-57a2d4851a1d" relativeResultsDirectory="74f95e5f-d693-4306-8c02-a5e74e62a4c4" /><UnitTestResult executionId="ad047c73-4c9a-4eaf-b145-54a9e82c71b5" testId="d52342df-2aab-4ac2-933f-e00012815e3b" testName="Patch_InvalidPropertyNameReturnsBadRequest" computerName="VECTOR" duration="00:00:00.0060000" startTime="2018-07-18T04:26:11.9452212-04:00" endTime="2018-07-18T04:26:11.9452266-04:00" testType="13cdc9d9-ddb5-4fa4-a97d-d965ccfc6d4b" outcome="Passed" testListId="8c84fa94-04c1-424b-9868-57a2d4851a1d" relativeResultsDirectory="ad047c73-4c9a-4eaf-b145-54a9e82c71b5" /><UnitTestResult executionId="a0c9e2dc-8a1d-4076-8819-682a21570d51" testId="62b89da0-7345-4e71-8ac7-baa9d2b6cc88" testName="GetFile_NonExistentFileReturnsNotFound" computerName="VECTOR" duration="00:00:00.0240000" startTime="2018-07-18T04:25:42.9808296-04:00" endTime="2018-07-18T04:25:42.9808356-04:00" testType="13cdc9d9-ddb5-4fa4-a97d-d965ccfc6d4b" outcome="Passed" testListId="8c84fa94-04c1-424b-9868-57a2d4851a1d" relativeResultsDirectory="a0c9e2dc-8a1d-4076-8819-682a21570d51" /><UnitTestResult executionId="d653abf2-88c5-4614-8884-4ec680cf21b8" testId="adc7d338-e75e-49fe-a450-74edd61b6902" testName="Put_ValidReferencePropertyUpdatesModel" computerName="VECTOR" duration="00:00:00.3430000" startTime="2018-07-18T04:25:48.3520723-04:00" endTime="2018-07-18T04:25:48.3520783-04:00" testType="13cdc9d9-ddb5-4fa4-a97d-d965ccfc6d4b" outcome="Passed" testListId="8c84fa94-04c1-424b-9868-57a2d4851a1d" relativeResultsDirectory="d653abf2-88c5-4614-8884-4ec680cf21b8" /><UnitTestResult executionId="a8768672-a88b-4154-ac13-a99a863affcf" testId="f7dcdbf6-de0c-47b1-b8db-9c37245eaebf" testName="Patch_InvalidIdPropertyReturnsNotFound" computerName="VECTOR" duration="00:00:00.0060000" startTime="2018-07-18T04:25:44.2134189-04:00" endTime="2018-07-18T04:25:44.2134237-04:00" testType="13cdc9d9-ddb5-4fa4-a97d-d965ccfc6d4b" outcome="Passed" testListId="8c84fa94-04c1-424b-9868-57a2d4851a1d" relativeResultsDirectory="a8768672-a88b-4154-ac13-a99a863affcf" /><UnitTestResult executionId="9da70771-d7cc-4bbd-8646-a61233553b8e" testId="fe35f1d9-918c-41d8-89ed-ddeae6c9ca6f" testName="FileRequest_FileCanBeReadAfterRename" computerName="VECTOR" duration="00:00:00.4700000" startTime="2018-07-18T04:26:08.4086395-04:00" endTime="2018-07-18T04:26:08.4086455-04:00" testType="13cdc9d9-ddb5-4fa4-a97d-d965ccfc6d4b" outcome="Passed" testListId="8c84fa94-04c1-424b-9868-57a2d4851a1d" relativeResultsDirectory="9da70771-d7cc-4bbd-8646-a61233553b8e" /><UnitTestResult executionId="e4f01a86-7402-4437-88f0-57665dbc16a7" testId="ec2bd5eb-6454-4288-a5e6-6edc369b650f" testName="Put_InvalidIdReturnsNotFound" computerName="VECTOR" duration="00:00:00.0100000" startTime="2018-07-18T04:26:04.9216110-04:00" endTime="2018-07-18T04:26:04.9216147-04:00" testType="13cdc9d9-ddb5-4fa4-a97d-d965ccfc6d4b" outcome="Passed" testListId="8c84fa94-04c1-424b-9868-57a2d4851a1d" relativeResultsDirectory="e4f01a86-7402-4437-88f0-57665dbc16a7" /><UnitTestResult executionId="f4ff7afa-e1ce-4265-91b0-c4a5f9f9c7bd" testId="5143a0b8-65d1-4787-b830-48b4a01834bc" testName="Patch_InvalidReferencePropertyReturnsBadRequest" computerName="VECTOR" duration="00:00:00.0190000" startTime="2018-07-18T04:26:04.8797989-04:00" endTime="2018-07-18T04:26:04.8798043-04:00" testType="13cdc9d9-ddb5-4fa4-a97d-d965ccfc6d4b" outcome="Passed" testListId="8c84fa94-04c1-424b-9868-57a2d4851a1d" relativeResultsDirectory="f4ff7afa-e1ce-4265-91b0-c4a5f9f9c7bd" /><UnitTestResult executionId="aefd4e96-231b-4b60-aadc-c527640ad55f" testId="719b30cd-433a-450f-828f-d8719cce45d7" testName="Post_InvalidReferencePropertyReturnsBadRequest" computerName="VECTOR" duration="00:00:00.0090000" startTime="2018-07-18T04:26:04.9050801-04:00" endTime="2018-07-18T04:26:04.9050838-04:00" testType="13cdc9d9-ddb5-4fa4-a97d-d965ccfc6d4b" outcome="Passed" testListId="8c84fa94-04c1-424b-9868-57a2d4851a1d" relativeResultsDirectory="aefd4e96-231b-4b60-aadc-c527640ad55f" /><UnitTestResult executionId="be565dca-1e42-4085-83e2-5ea47a62ac97" testId="5d1631fe-2b48-46e8-9699-c05b007659cb" testName="Patch_InvalidIdPropertyReturnsNotFound" computerName="VECTOR" duration="00:00:00.0060000" startTime="2018-07-18T04:26:11.9389028-04:00" endTime="2018-07-18T04:26:11.9389084-04:00" testType="13cdc9d9-ddb5-4fa4-a97d-d965ccfc6d4b" outcome="Passed" testListId="8c84fa94-04c1-424b-9868-57a2d4851a1d" relativeResultsDirectory="be565dca-1e42-4085-83e2-5ea47a62ac97" /><UnitTestResult executionId="d5b4d996-3660-43f0-bb25-d800f2bbf71b" testId="a4ffc575-900c-4169-b171-32effbdd01d5" testName="Put_CanUpdateModel" computerName="VECTOR" duration="00:00:00.2720000" startTime="2018-07-18T04:26:11.5973499-04:00" endTime="2018-07-18T04:26:11.5973718-04:00" testType="13cdc9d9-ddb5-4fa4-a97d-d965ccfc6d4b" outcome="Passed" testListId="8c84fa94-04c1-424b-9868-57a2d4851a1d" relativeResultsDirectory="d5b4d996-3660-43f0-bb25-d800f2bbf71b" /><UnitTestResult executionId="6f15f50c-b4b9-4df5-9896-a03757ad6e67" testId="95ceca16-07e1-4738-b16c-5aef1c5bf441" testName="Post_CanCreateNewModel" computerName="VECTOR" duration="00:00:00.1900000" startTime="2018-07-18T04:25:37.5594914-04:00" endTime="2018-07-18T04:25:37.5595036-04:00" testType="13cdc9d9-ddb5-4fa4-a97d-d965ccfc6d4b" outcome="Passed" testListId="8c84fa94-04c1-424b-9868-57a2d4851a1d" relativeResultsDirectory="6f15f50c-b4b9-4df5-9896-a03757ad6e67" /><UnitTestResult executionId="1ca90369-671c-40e1-9a70-4e6a436210a1" testId="3791fd08-eec5-4ab1-968d-9be0ae205c28" testName="Put_InvalidReferencePropertyReturndBadRequest" computerName="VECTOR" duration="00:00:00.0190000" startTime="2018-07-18T04:25:44.2068818-04:00" endTime="2018-07-18T04:25:44.2068884-04:00" testType="13cdc9d9-ddb5-4fa4-a97d-d965ccfc6d4b" outcome="Passed" testListId="8c84fa94-04c1-424b-9868-57a2d4851a1d" relativeResultsDirectory="1ca90369-671c-40e1-9a70-4e6a436210a1" /><UnitTestResult executionId="a14b3f9e-52fd-4135-bbf3-0f1cc8500d69" testId="bc339750-98dd-4be1-8eb1-f95400a67f5d" testName="GetSingle_InvalidIdPropertyValueReturnsNotFound" computerName="VECTOR" duration="00:00:00.0300000" startTime="2018-07-18T04:25:39.2796741-04:00" endTime="2018-07-18T04:25:39.2796846-04:00" testType="13cdc9d9-ddb5-4fa4-a97d-d965ccfc6d4b" outcome="Passed" testListId="8c84fa94-04c1-424b-9868-57a2d4851a1d" relativeResultsDirectory="a14b3f9e-52fd-4135-bbf3-0f1cc8500d69" /><UnitTestResult executionId="94fa89e2-9ba5-40bc-bd73-47297c029657" testId="f1ddf820-cfcb-4a9b-805f-56c3dd1613b3" testName="FileRequest_MeshGenerateScalesDepthBufferByP1Scale" computerName="VECTOR" duration="00:00:03.6660000" startTime="2018-07-18T04:26:03.3544909-04:00" endTime="2018-07-18T04:26:03.3544992-04:00" testType="13cdc9d9-ddb5-4fa4-a97d-d965ccfc6d4b" outcome="Passed" testListId="8c84fa94-04c1-424b-9868-57a2d4851a1d" relativeResultsDirectory="94fa89e2-9ba5-40bc-bd73-47297c029657" /><UnitTestResult executionId="3e0c734c-0088-4913-9aab-1925a130e472" testId="e2b9a1bb-a0ff-4c50-95d1-86b553d279c4" testName="Put_CanUpdateModel" computerName="VECTOR" duration="00:00:00.3470000" startTime="2018-07-18T04:25:45.2903430-04:00" endTime="2018-07-18T04:25:45.2903547-04:00" testType="13cdc9d9-ddb5-4fa4-a97d-d965ccfc6d4b" outcome="Passed" testListId="8c84fa94-04c1-424b-9868-57a2d4851a1d" relativeResultsDirectory="3e0c734c-0088-4913-9aab-1925a130e472" /><UnitTestResult executionId="1a7477d6-e782-4ce9-89fc-b2414ed390bb" testId="b0bcceea-d78a-49a2-bf02-3bd794639799" testName="Patch_ValidReferencePropertyUpdatesModel" computerName="VECTOR" duration="00:00:00.0040000" startTime="2018-07-18T04:25:36.0155814-04:00" endTime="2018-07-18T04:25:36.0155840-04:00" testType="13cdc9d9-ddb5-4fa4-a97d-d965ccfc6d4b" outcome="Passed" testListId="8c84fa94-04c1-424b-9868-57a2d4851a1d" relativeResultsDirectory="1a7477d6-e782-4ce9-89fc-b2414ed390bb" /><UnitTestResult executionId="4a629824-fa02-4432-ae00-67fe23f3d0fe" testId="03a7da0d-165c-41fc-b309-02113fb51e7d" testName="Patch_InvalidPropertyNameReturnsBadRequest" computerName="VECTOR" duration="00:00:00.4420000" startTime="2018-07-18T04:25:36.4581760-04:00" endTime="2018-07-18T04:25:36.4581828-04:00" testType="13cdc9d9-ddb5-4fa4-a97d-d965ccfc6d4b" outcome="Passed" testListId="8c84fa94-04c1-424b-9868-57a2d4851a1d" relativeResultsDirectory="4a629824-fa02-4432-ae00-67fe23f3d0fe" /><UnitTestResult executionId="eb9e94f8-e173-4364-9a9f-5b17b0de033e" testId="a8cc0dd3-84aa-4a35-94c4-1f5b3efbdbc4" testName="Patch_InvalidReferencePropertyReturnsBadRequest" computerName="VECTOR" duration="00:00:00.0140000" startTime="2018-07-18T04:25:43.6367175-04:00" endTime="2018-07-18T04:25:43.6367226-04:00" testType="13cdc9d9-ddb5-4fa4-a97d-d965ccfc6d4b" outcome="Passed" testListId="8c84fa94-04c1-424b-9868-57a2d4851a1d" relativeResultsDirectory="eb9e94f8-e173-4364-9a9f-5b17b0de033e" /><UnitTestResult executionId="ccc5e797-232c-4f48-bb26-3ca385a71603" testId="b9850e50-e72e-47bf-84ac-054e546255a2" testName="Patch_InvalidEnumPropertyValueReturnsBadRequest" computerName="VECTOR" duration="00:00:00.0010000" startTime="2018-07-18T04:25:44.2136094-04:00" endTime="2018-07-18T04:25:44.2136111-04:00" testType="13cdc9d9-ddb5-4fa4-a97d-d965ccfc6d4b" outcome="Passed" testListId="8c84fa94-04c1-424b-9868-57a2d4851a1d" relativeResultsDirectory="ccc5e797-232c-4f48-bb26-3ca385a71603" /><UnitTestResult executionId="8e909417-2146-48d8-8b5e-818582fc1d83" testId="b73f7dff-e66b-4e32-b15f-11830139323f" testName="GetSingle_InvalidIdPropertyValueReturnsNotFound" computerName="VECTOR" duration="00:00:00.0050000" startTime="2018-07-18T04:26:11.3170880-04:00" endTime="2018-07-18T04:26:11.3170909-04:00" testType="13cdc9d9-ddb5-4fa4-a97d-d965ccfc6d4b" outcome="Passed" testListId="8c84fa94-04c1-424b-9868-57a2d4851a1d" relativeResultsDirectory="8e909417-2146-48d8-8b5e-818582fc1d83" /><UnitTestResult executionId="cd7f0321-0aca-4007-b807-90d46403bc31" testId="65609abf-919b-47f2-a2d7-7490a0124380" testName="Patch_TargetPropertyIsUpdated" computerName="VECTOR" duration="00:00:00.3120000" startTime="2018-07-18T04:26:12.8678213-04:00" endTime="2018-07-18T04:26:12.8678279-04:00" testType="13cdc9d9-ddb5-4fa4-a97d-d965ccfc6d4b" outcome="Passed" testListId="8c84fa94-04c1-424b-9868-57a2d4851a1d" relativeResultsDirectory="cd7f0321-0aca-4007-b807-90d46403bc31" /><UnitTestResult executionId="6739622c-1be4-41c9-a1d5-2ca37c93969c" testId="6685788a-0913-4b08-9cb2-13646ecce839" testName="PutFile_FileCanBeUpdated" computerName="VECTOR" duration="00:00:00.5870000" startTime="2018-07-18T04:25:41.7532807-04:00" endTime="2018-07-18T04:25:41.7532873-04:00" testType="13cdc9d9-ddb5-4fa4-a97d-d965ccfc6d4b" outcome="Passed" testListId="8c84fa94-04c1-424b-9868-57a2d4851a1d" relativeResultsDirectory="6739622c-1be4-41c9-a1d5-2ca37c93969c" /><UnitTestResult executionId="140223e7-abab-4626-8a76-7f98ca83bebb" testId="c6c9d40b-a6a3-419e-ae98-0e891baaa105" testName="MeshTransformHasExpectedDependentFiles" computerName="VECTOR" duration="00:00:00.0010000" startTime="2018-07-18T04:25:36.0037866-04:00" endTime="2018-07-18T04:25:36.0037878-04:00" testType="13cdc9d9-ddb5-4fa4-a97d-d965ccfc6d4b" outcome="Passed" testListId="8c84fa94-04c1-424b-9868-57a2d4851a1d" relativeResultsDirectory="140223e7-abab-4626-8a76-7f98ca83bebb" /><UnitTestResult executionId="b267a44c-066f-4a16-a49c-0b72dbcd9447" testId="e0757a87-822e-4945-ab22-d6d60be69204" testName="Put_CanUpdateModel" computerName="VECTOR" duration="00:00:00.8110000" startTime="2018-07-18T04:25:48.0086399-04:00" endTime="2018-07-18T04:25:48.0086538-04:00" testType="13cdc9d9-ddb5-4fa4-a97d-d965ccfc6d4b" outcome="Passed" testListId="8c84fa94-04c1-424b-9868-57a2d4851a1d" relativeResultsDirectory="b267a44c-066f-4a16-a49c-0b72dbcd9447" /><UnitTestResult executionId="edf33ee3-9322-476c-862e-20daa3d4dda1" testId="c7ecd9ae-f43b-4a6e-b8c4-96cf0ab7197c" testName="GetList_ListReturnsCorrectCount" computerName="VECTOR" duration="00:00:00.0540000" startTime="2018-07-18T04:25:40.2555842-04:00" endTime="2018-07-18T04:25:40.2555894-04:00" testType="13cdc9d9-ddb5-4fa4-a97d-d965ccfc6d4b" outcome="Passed" testListId="8c84fa94-04c1-424b-9868-57a2d4851a1d" relativeResultsDirectory="edf33ee3-9322-476c-862e-20daa3d4dda1" /><UnitTestResult executionId="191196fc-4d6c-4706-bb4f-57e0283ade7b" testId="72da30a4-9e45-4c80-a8f6-4c7f44c058dd" testName="Patch_MultipleInvalidReferencePropertiesReturnsMultipleValidationErrorsAndBadRequest" computerName="VECTOR" duration="00:00:00.0170000" startTime="2018-07-18T04:25:43.4570645-04:00" endTime="2018-07-18T04:25:43.4570707-04:00" testType="13cdc9d9-ddb5-4fa4-a97d-d965ccfc6d4b" outcome="Passed" testListId="8c84fa94-04c1-424b-9868-57a2d4851a1d" relativeResultsDirectory="191196fc-4d6c-4706-bb4f-57e0283ade7b" /><UnitTestResult executionId="5f5959fe-bec7-48e9-bc7c-a9ca8aecfd8a" testId="c2b8fd31-8f1f-4f17-be4e-c315f043b2e8" testName="Post_CanCreateNewModel" computerName="VECTOR" duration="00:00:00.1920000" startTime="2018-07-18T04:25:48.9311653-04:00" endTime="2018-07-18T04:25:48.9311741-04:00" testType="13cdc9d9-ddb5-4fa4-a97d-d965ccfc6d4b" outcome="Passed" testListId="8c84fa94-04c1-424b-9868-57a2d4851a1d" relativeResultsDirectory="5f5959fe-bec7-48e9-bc7c-a9ca8aecfd8a" /><UnitTestResult executionId="758888c3-c2a7-4c8c-a4e0-bda6f55a6ad9" testId="d30bf8bf-4889-429f-b5d3-4acf443501d8" testName="GetList_ListReturnsCorrectCount" computerName="VECTOR" duration="00:00:00.4300000" startTime="2018-07-18T04:25:45.7501656-04:00" endTime="2018-07-18T04:25:45.7501702-04:00" testType="13cdc9d9-ddb5-4fa4-a97d-d965ccfc6d4b" outcome="Passed" testListId="8c84fa94-04c1-424b-9868-57a2d4851a1d" relativeResultsDirectory="758888c3-c2a7-4c8c-a4e0-bda6f55a6ad9" /><UnitTestResult executionId="eb76e600-1f5b-4e69-8be0-634109dfee68" testId="52561794-f1da-4a7a-bbed-0c7ff820dad9" testName="GetSingle_ValidIdPropertyValueReturnsCorrectModel" computerName="VECTOR" duration="00:00:00.0110000" startTime="2018-07-18T04:26:10.8777987-04:00" endTime="2018-07-18T04:26:10.8778047-04:00" testType="13cdc9d9-ddb5-4fa4-a97d-d965ccfc6d4b" outcome="Passed" testListId="8c84fa94-04c1-424b-9868-57a2d4851a1d" relativeResultsDirectory="eb76e600-1f5b-4e69-8be0-634109dfee68" /><UnitTestResult executionId="a3125690-79fc-4eb2-8c1f-8fa8a241858e" testId="11c4a7ae-e970-40c2-b13a-fc5f2d05eb8d" testName="PostFile_FileIsSynchronizedIsUpdatedAfterFileIsPosted" computerName="VECTOR" duration="00:00:00.3880000" startTime="2018-07-18T04:25:59.2065433-04:00" endTime="2018-07-18T04:25:59.2065552-04:00" testType="13cdc9d9-ddb5-4fa4-a97d-d965ccfc6d4b" outcome="Passed" testListId="8c84fa94-04c1-424b-9868-57a2d4851a1d" relativeResultsDirectory="a3125690-79fc-4eb2-8c1f-8fa8a241858e" /><UnitTestResult executionId="f737706e-638d-40c5-8ffa-2d7981cf3886" testId="790d8a6a-f603-483c-be25-0d4a4d65d49f" testName="Patch_ValidReferencePropertyUpdatesModel" computerName="VECTOR" duration="00:00:00.2770000" startTime="2018-07-18T04:26:12.2268266-04:00" endTime="2018-07-18T04:26:12.2268363-04:00" testType="13cdc9d9-ddb5-4fa4-a97d-d965ccfc6d4b" outcome="Passed" testListId="8c84fa94-04c1-424b-9868-57a2d4851a1d" relativeResultsDirectory="f737706e-638d-40c5-8ffa-2d7981cf3886" /><UnitTestResult executionId="bb87d57b-6374-4bf7-ac0e-5fa6758eedd7" testId="1e2c891e-00bc-43b9-8aed-1b079a30dedc" testName="Put_InvalidReferencePropertyReturndBadRequest" computerName="VECTOR" duration="00:00:00.0280000" startTime="2018-07-18T04:25:40.8422791-04:00" endTime="2018-07-18T04:25:40.8422845-04:00" testType="13cdc9d9-ddb5-4fa4-a97d-d965ccfc6d4b" outcome="Passed" testListId="8c84fa94-04c1-424b-9868-57a2d4851a1d" relativeResultsDirectory="bb87d57b-6374-4bf7-ac0e-5fa6758eedd7" /><UnitTestResult executionId="8aeda52c-cb54-4289-b47c-b9ba747a37c2" testId="82155536-4237-46ca-a90a-af4cbbfbe5db" testName="Put_InvalidReferencePropertyReturndBadRequest" computerName="VECTOR" duration="00:00:00.0190000" startTime="2018-07-18T04:25:49.4511342-04:00" endTime="2018-07-18T04:25:49.4511396-04:00" testType="13cdc9d9-ddb5-4fa4-a97d-d965ccfc6d4b" outcome="Passed" testListId="8c84fa94-04c1-424b-9868-57a2d4851a1d" relativeResultsDirectory="8aeda52c-cb54-4289-b47c-b9ba747a37c2" /><UnitTestResult executionId="b427ea1b-433e-4c18-a945-b59bb389f65a" testId="675145f2-e607-42db-9a14-473c6d47d243" testName="FileRequest_MeshGenerateSetsFileIsSynchronized" computerName="VECTOR" duration="00:00:03.7020000" startTime="2018-07-18T04:25:58.8178084-04:00" endTime="2018-07-18T04:25:58.8178147-04:00" testType="13cdc9d9-ddb5-4fa4-a97d-d965ccfc6d4b" outcome="Passed" testListId="8c84fa94-04c1-424b-9868-57a2d4851a1d" relativeResultsDirectory="b427ea1b-433e-4c18-a945-b59bb389f65a" /><UnitTestResult executionId="b1c320d4-dd45-49f0-bd1f-7e9b6f24482f" testId="030482eb-44e1-4a88-8aab-f8da643aab35" testName="FileRequest_FileCanBeReadAfterRename" computerName="VECTOR" duration="00:00:00.5110000" startTime="2018-07-18T04:25:42.3451595-04:00" endTime="2018-07-18T04:25:42.3451640-04:00" testType="13cdc9d9-ddb5-4fa4-a97d-d965ccfc6d4b" outcome="Passed" testListId="8c84fa94-04c1-424b-9868-57a2d4851a1d" relativeResultsDirectory="b1c320d4-dd45-49f0-bd1f-7e9b6f24482f" /><UnitTestResult executionId="1538e143-2fc3-4fb1-90e7-7a1bf1857a39" testId="3a826bda-37eb-4ff0-b61b-9b8646256a4f" testName="Delete_TargetModelIsDeleted" computerName="VECTOR" duration="00:00:00.2360000" startTime="2018-07-18T04:25:49.4184443-04:00" endTime="2018-07-18T04:25:49.4184529-04:00" testType="13cdc9d9-ddb5-4fa4-a97d-d965ccfc6d4b" outcome="Passed" testListId="8c84fa94-04c1-424b-9868-57a2d4851a1d" relativeResultsDirectory="1538e143-2fc3-4fb1-90e7-7a1bf1857a39" /><UnitTestResult executionId="99424b09-482d-41d0-b4d7-5b49a88e4542" testId="42eef0c4-dd9d-42d1-8bf5-33062447b8d6" testName="Patch_InvalidReferencePropertyReturnsBadRequest" computerName="VECTOR" duration="00:00:00.0370000" startTime="2018-07-18T04:26:12.2642747-04:00" endTime="2018-07-18T04:26:12.2642806-04:00" testType="13cdc9d9-ddb5-4fa4-a97d-d965ccfc6d4b" outcome="Passed" testListId="8c84fa94-04c1-424b-9868-57a2d4851a1d" relativeResultsDirectory="99424b09-482d-41d0-b4d7-5b49a88e4542" /><UnitTestResult executionId="32d0fbbe-454e-4ac5-86fd-a2ad290b2978" testId="08e02752-af0e-4df0-a9b7-cc857f363e24" testName="PostFile_FileIsSynchronizedIsUpdatedAfterFileIsPosted" computerName="VECTOR" duration="00:00:00.3630000" startTime="2018-07-18T04:26:10.1771741-04:00" endTime="2018-07-18T04:26:10.1771801-04:00" testType="13cdc9d9-ddb5-4fa4-a97d-d965ccfc6d4b" outcome="Passed" testListId="8c84fa94-04c1-424b-9868-57a2d4851a1d" relativeResultsDirectory="32d0fbbe-454e-4ac5-86fd-a2ad290b2978" /><UnitTestResult executionId="11905f8e-0a99-49bd-b704-a67ae78bfa5a" testId="b4a0d9dc-b6b5-4cc3-8790-b5686f510d06" testName="Post_ValidReferencePropertyCreatesModel" computerName="VECTOR" duration="00:00:00.1860000" startTime="2018-07-18T04:25:44.1868888-04:00" endTime="2018-07-18T04:25:44.1868968-04:00" testType="13cdc9d9-ddb5-4fa4-a97d-d965ccfc6d4b" outcome="Passed" testListId="8c84fa94-04c1-424b-9868-57a2d4851a1d" relativeResultsDirectory="11905f8e-0a99-49bd-b704-a67ae78bfa5a" /><UnitTestResult executionId="ed6b9245-c533-42b3-8506-b63602bea666" testId="16e95a35-06b4-4a33-9a8e-c4b44cc1242b" testName="Patch_TargetPropertyIsUpdated" computerName="VECTOR" duration="00:00:00.5860000" startTime="2018-07-18T04:25:38.8411883-04:00" endTime="2018-07-18T04:25:38.8411966-04:00" testType="13cdc9d9-ddb5-4fa4-a97d-d965ccfc6d4b" outcome="Passed" testListId="8c84fa94-04c1-424b-9868-57a2d4851a1d" relativeResultsDirectory="ed6b9245-c533-42b3-8506-b63602bea666" /><UnitTestResult executionId="4f0fc2c5-f2e6-4815-9e50-648f902f0ef8" testId="8b7d69dd-0366-4802-b629-27f011ef7561" testName="GetFile_NonExistentFileReturnsNotFound" computerName="VECTOR" duration="00:00:00.0110000" startTime="2018-07-18T04:25:49.4666163-04:00" endTime="2018-07-18T04:25:49.4666214-04:00" testType="13cdc9d9-ddb5-4fa4-a97d-d965ccfc6d4b" outcome="Passed" testListId="8c84fa94-04c1-424b-9868-57a2d4851a1d" relativeResultsDirectory="4f0fc2c5-f2e6-4815-9e50-648f902f0ef8" /><UnitTestResult executionId="8618bc70-094f-4420-933e-0d95acb621ba" testId="b72935d2-0712-4b3f-ab50-bee1486f91a8" testName="Patch_InvalidReferencePropertyReturnsBadRequest" computerName="VECTOR" duration="00:00:00.0020000" startTime="2018-07-18T04:25:37.3686432-04:00" endTime="2018-07-18T04:25:37.3686452-04:00" testType="13cdc9d9-ddb5-4fa4-a97d-d965ccfc6d4b" outcome="Passed" testListId="8c84fa94-04c1-424b-9868-57a2d4851a1d" relativeResultsDirectory="8618bc70-094f-4420-933e-0d95acb621ba" /><UnitTestResult executionId="e6ab767e-a334-4206-a4e6-ab8a034f6093" testId="0b7175c6-4f12-4136-a2fe-fc8c5c2f5f9d" testName="Patch_InvalidPropertyNameReturnsBadRequest" computerName="VECTOR" duration="00:00:00.0060000" startTime="2018-07-18T04:26:03.5114488-04:00" endTime="2018-07-18T04:26:03.5114514-04:00" testType="13cdc9d9-ddb5-4fa4-a97d-d965ccfc6d4b" outcome="Passed" testListId="8c84fa94-04c1-424b-9868-57a2d4851a1d" relativeResultsDirectory="e6ab767e-a334-4206-a4e6-ab8a034f6093" /><UnitTestResult executionId="6099f2f3-a2d8-4633-9be9-524f4d0ba1ad" testId="ff44a0d0-3bb6-4e09-8b80-2fa6d55ff177" testName="Patch_InvalidIdPropertyReturnsNotFound" computerName="VECTOR" duration="00:00:00.0090000" startTime="2018-07-18T04:26:03.9194271-04:00" endTime="2018-07-18T04:26:03.9194311-04:00" testType="13cdc9d9-ddb5-4fa4-a97d-d965ccfc6d4b" outcome="Passed" testListId="8c84fa94-04c1-424b-9868-57a2d4851a1d" relativeResultsDirectory="6099f2f3-a2d8-4633-9be9-524f4d0ba1ad" /><UnitTestResult executionId="80c1bfd3-3b15-4a90-82cd-5c02cb3fad24" testId="a2d2aebb-9c94-45c7-84e2-ab5e421d78e4" testName="Patch_TargetPropertyIsUpdated" computerName="VECTOR" duration="00:00:00.4510000" startTime="2018-07-18T04:25:44.9424884-04:00" endTime="2018-07-18T04:25:44.9425026-04:00" testType="13cdc9d9-ddb5-4fa4-a97d-d965ccfc6d4b" outcome="Passed" testListId="8c84fa94-04c1-424b-9868-57a2d4851a1d" relativeResultsDirectory="80c1bfd3-3b15-4a90-82cd-5c02cb3fad24" /><UnitTestResult executionId="d94716d7-31d0-435b-b828-1ff4fc73eb78" testId="0eafae8a-64b1-4ba0-b49f-9466ff9f3ee1" testName="Post_InvalidReferencePropertyReturnsBadRequest" computerName="VECTOR" duration="00:00:00.0620000" startTime="2018-07-18T04:25:38.2548105-04:00" endTime="2018-07-18T04:25:38.2548168-04:00" testType="13cdc9d9-ddb5-4fa4-a97d-d965ccfc6d4b" outcome="Passed" testListId="8c84fa94-04c1-424b-9868-57a2d4851a1d" relativeResultsDirectory="d94716d7-31d0-435b-b828-1ff4fc73eb78" /><UnitTestResult executionId="f567ff0d-3374-4f30-b514-2c567213bf6a" testId="5ef33b90-253a-45a6-b3a0-969d5ab07df7" testName="GetSingle_ValidIdPropertyValueReturnsCorrectModel" computerName="VECTOR" duration="00:00:00.0060000" startTime="2018-07-18T04:25:45.3134149-04:00" endTime="2018-07-18T04:25:45.3134191-04:00" testType="13cdc9d9-ddb5-4fa4-a97d-d965ccfc6d4b" outcome="Passed" testListId="8c84fa94-04c1-424b-9868-57a2d4851a1d" relativeResultsDirectory="f567ff0d-3374-4f30-b514-2c567213bf6a" /><UnitTestResult executionId="f66b7bff-2022-47c3-979e-841c91d7b88b" testId="97350e12-79bd-4594-9323-dd3e17d752f0" testName="Patch_TargetPropertyIsUpdated" computerName="VECTOR" duration="00:00:00.3720000" startTime="2018-07-18T04:25:37.3642286-04:00" endTime="2018-07-18T04:25:37.3642352-04:00" testType="13cdc9d9-ddb5-4fa4-a97d-d965ccfc6d4b" outcome="Passed" testListId="8c84fa94-04c1-424b-9868-57a2d4851a1d" relativeResultsDirectory="f66b7bff-2022-47c3-979e-841c91d7b88b" /><UnitTestResult executionId="8f087daf-638d-4851-a6cc-946f464a5591" testId="fea08572-9723-447f-9bba-e910dd2738c6" testName="FileRequest_MeshIsInvalidatedAfterDepthBufferFileBecomesUnsynchronized" computerName="VECTOR" duration="00:00:02.6070000" startTime="2018-07-18T04:25:52.4125504-04:00" endTime="2018-07-18T04:25:52.4125572-04:00" testType="13cdc9d9-ddb5-4fa4-a97d-d965ccfc6d4b" outcome="Passed" testListId="8c84fa94-04c1-424b-9868-57a2d4851a1d" relativeResultsDirectory="8f087daf-638d-4851-a6cc-946f464a5591" /><UnitTestResult executionId="bf0b5ce0-1c80-43b2-a244-c9096e98e057" testId="d91c12e2-0a39-46ef-8ed9-595d84ed1c52" testName="Post_CanCreateNewModel" computerName="VECTOR" duration="00:00:00.1650000" startTime="2018-07-18T04:25:43.6220928-04:00" endTime="2018-07-18T04:25:43.6220993-04:00" testType="13cdc9d9-ddb5-4fa4-a97d-d965ccfc6d4b" outcome="Passed" testListId="8c84fa94-04c1-424b-9868-57a2d4851a1d" relativeResultsDirectory="bf0b5ce0-1c80-43b2-a244-c9096e98e057" /><UnitTestResult executionId="5fe5de82-5aa5-4831-bcab-410bc94e8772" testId="6551667a-0d19-4ac7-976e-217fffcaf8a2" testName="Patch_TargetPropertyIsUpdated" computerName="VECTOR" duration="00:00:00.3760000" startTime="2018-07-18T04:25:48.7383251-04:00" endTime="2018-07-18T04:25:48.7383334-04:00" testType="13cdc9d9-ddb5-4fa4-a97d-d965ccfc6d4b" outcome="Passed" testListId="8c84fa94-04c1-424b-9868-57a2d4851a1d" relativeResultsDirectory="5fe5de82-5aa5-4831-bcab-410bc94e8772" /><UnitTestResult executionId="657f830f-e218-471c-b071-7611ba6d6dfa" testId="1d274228-0a9d-4e56-b446-cd5c24e6b1a7" testName="Post_ValidReferencePropertyCreatesModel" computerName="VECTOR" duration="00:00:00.1700000" startTime="2018-07-18T04:25:49.1815327-04:00" endTime="2018-07-18T04:25:49.1815441-04:00" testType="13cdc9d9-ddb5-4fa4-a97d-d965ccfc6d4b" outcome="Passed" testListId="8c84fa94-04c1-424b-9868-57a2d4851a1d" relativeResultsDirectory="657f830f-e218-471c-b071-7611ba6d6dfa" /><UnitTestResult executionId="8a07811e-2f19-45a4-9d8f-1c384eccf478" testId="6afc1f1c-04d2-4a51-a2ea-940d44de90be" testName="PostFile_FileIsSynchronizedIsUpdatedAfterFileIsPosted" computerName="VECTOR" duration="00:00:00.0010000" startTime="2018-07-18T04:25:42.9816691-04:00" endTime="2018-07-18T04:25:42.9816720-04:00" testType="13cdc9d9-ddb5-4fa4-a97d-d965ccfc6d4b" outcome="Passed" testListId="8c84fa94-04c1-424b-9868-57a2d4851a1d" relativeResultsDirectory="8a07811e-2f19-45a4-9d8f-1c384eccf478" /><UnitTestResult executionId="c2f60023-503f-4b42-800d-43772e5e905a" testId="1b58d88a-81fb-4049-b79b-86022bad7c00" testName="Patch_ValidReferencePropertyUpdatesModel" computerName="VECTOR" duration="00:00:00.9160000" startTime="2018-07-18T04:25:47.1962561-04:00" endTime="2018-07-18T04:25:47.1962623-04:00" testType="13cdc9d9-ddb5-4fa4-a97d-d965ccfc6d4b" outcome="Passed" testListId="8c84fa94-04c1-424b-9868-57a2d4851a1d" relativeResultsDirectory="c2f60023-503f-4b42-800d-43772e5e905a" /><UnitTestResult executionId="a5ff4157-2a82-4da0-b810-a65132b4ff71" testId="03058816-f70b-4526-95de-0668eae72947" testName="GetSingle_ValidIdPropertyValueReturnsCorrectModel" computerName="VECTOR" duration="00:00:00.0060000" startTime="2018-07-18T04:25:39.3688542-04:00" endTime="2018-07-18T04:25:39.3688573-04:00" testType="13cdc9d9-ddb5-4fa4-a97d-d965ccfc6d4b" outcome="Passed" testListId="8c84fa94-04c1-424b-9868-57a2d4851a1d" relativeResultsDirectory="a5ff4157-2a82-4da0-b810-a65132b4ff71" /><UnitTestResult executionId="3b435dc1-4e2e-4e2f-bba8-6152133b0025" testId="15dfcd02-a2f5-4fcd-9818-f6de6d301ae5" testName="Post_CanCreateNewModel" computerName="VECTOR" duration="00:00:00.1630000" startTime="2018-07-18T04:26:11.0415620-04:00" endTime="2018-07-18T04:26:11.0415688-04:00" testType="13cdc9d9-ddb5-4fa4-a97d-d965ccfc6d4b" outcome="Passed" testListId="8c84fa94-04c1-424b-9868-57a2d4851a1d" relativeResultsDirectory="3b435dc1-4e2e-4e2f-bba8-6152133b0025" /><UnitTestResult executionId="e318de72-049b-4c97-8758-f82f5d7bf9dd" testId="99e3efcf-520c-4b90-a609-fe7a9300d32a" testName="Put_CanUpdateModel" computerName="VECTOR" duration="00:00:00.4060000" startTime="2018-07-18T04:25:39.2482547-04:00" endTime="2018-07-18T04:25:39.2482666-04:00" testType="13cdc9d9-ddb5-4fa4-a97d-d965ccfc6d4b" outcome="Passed" testListId="8c84fa94-04c1-424b-9868-57a2d4851a1d" relativeResultsDirectory="e318de72-049b-4c97-8758-f82f5d7bf9dd" /><UnitTestResult executionId="51abf01d-e3aa-4466-ac4b-0b5e69c2ac65" testId="a7bf36ca-74be-42f3-b6f8-47d4dcd61c1a" testName="GetList_ListReturnsCorrectCount" computerName="VECTOR" duration="00:00:00.1140000" startTime="2018-07-18T04:26:03.5050412-04:00" endTime="2018-07-18T04:26:03.5050466-04:00" testType="13cdc9d9-ddb5-4fa4-a97d-d965ccfc6d4b" outcome="Passed" testListId="8c84fa94-04c1-424b-9868-57a2d4851a1d" relativeResultsDirectory="51abf01d-e3aa-4466-ac4b-0b5e69c2ac65" /><UnitTestResult executionId="c648d3cf-a23e-48ae-a6c8-412b38f78fb1" testId="50499b17-0530-422d-9b1e-d8a71bbfe1be" testName="Put_InvalidIdReturnsNotFound" computerName="VECTOR" duration="00:00:00.1320000" startTime="2018-07-18T04:25:43.1150282-04:00" endTime="2018-07-18T04:25:43.1150342-04:00" testType="13cdc9d9-ddb5-4fa4-a97d-d965ccfc6d4b" outcome="Passed" testListId="8c84fa94-04c1-424b-9868-57a2d4851a1d" relativeResultsDirectory="c648d3cf-a23e-48ae-a6c8-412b38f78fb1" /><UnitTestResult executionId="8a49ce2d-1be7-4a8b-bcd7-64ebdd33899c" testId="57d49bb1-274b-4a97-8453-acba38e22680" testName="DepthBufferHasExpectedDependentFiles" computerName="VECTOR" duration="00:00:00.0010000" startTime="2018-07-18T04:25:36.0068651-04:00" endTime="2018-07-18T04:25:36.0068665-04:00" testType="13cdc9d9-ddb5-4fa4-a97d-d965ccfc6d4b" outcome="Passed" testListId="8c84fa94-04c1-424b-9868-57a2d4851a1d" relativeResultsDirectory="8a49ce2d-1be7-4a8b-bcd7-64ebdd33899c" /><UnitTestResult executionId="187890b5-a57b-40cc-b019-4cb27c21fa49" testId="1d43a64e-a2a0-4d97-bb04-b4055b70a26b" testName="Post_ValidReferencePropertyCreatesModel" computerName="VECTOR" duration="00:00:00.2170000" startTime="2018-07-18T04:26:05.5233760-04:00" endTime="2018-07-18T04:26:05.5233968-04:00" testType="13cdc9d9-ddb5-4fa4-a97d-d965ccfc6d4b" outcome="Passed" testListId="8c84fa94-04c1-424b-9868-57a2d4851a1d" relativeResultsDirectory="187890b5-a57b-40cc-b019-4cb27c21fa49" /><UnitTestResult executionId="44a11cd7-bed6-476a-9191-cbd4dd48acb8" testId="b0228d1f-311c-43ab-8dc7-c276b8b4eb7f" testName="Put_InvalidIdReturnsNotFound" computerName="VECTOR" duration="00:00:00.0760000" startTime="2018-07-18T04:25:37.6356075-04:00" endTime="2018-07-18T04:25:37.6356134-04:00" testType="13cdc9d9-ddb5-4fa4-a97d-d965ccfc6d4b" outcome="Passed" testListId="8c84fa94-04c1-424b-9868-57a2d4851a1d" relativeResultsDirectory="44a11cd7-bed6-476a-9191-cbd4dd48acb8" /><UnitTestResult executionId="1f13107f-b385-49a6-a730-353d43660fed" testId="4a7f20fc-f3ae-46dd-8572-321f33e29088" testName="PostFile_NewFileCanBePosted" computerName="VECTOR" duration="00:00:00.3050000" startTime="2018-07-18T04:25:55.1153858-04:00" endTime="2018-07-18T04:25:55.1153975-04:00" testType="13cdc9d9-ddb5-4fa4-a97d-d965ccfc6d4b" outcome="Passed" testListId="8c84fa94-04c1-424b-9868-57a2d4851a1d" relativeResultsDirectory="1f13107f-b385-49a6-a730-353d43660fed" /><UnitTestResult executionId="a9865588-a602-4b76-b52f-1f63b857e917" testId="528b424d-2331-4345-b9f9-51486f9de1b4" testName="Patch_MultipleInvalidReferencePropertiesReturnsMultipleValidationErrorsAndBadRequest" computerName="VECTOR" duration="00:00:00.0050000" startTime="2018-07-18T04:25:38.1624946-04:00" endTime="2018-07-18T04:25:38.1625020-04:00" testType="13cdc9d9-ddb5-4fa4-a97d-d965ccfc6d4b" outcome="Passed" testListId="8c84fa94-04c1-424b-9868-57a2d4851a1d" relativeResultsDirectory="a9865588-a602-4b76-b52f-1f63b857e917" /><UnitTestResult executionId="c0221cad-7c29-4580-a526-d563c2224fe7" testId="de020ab5-699e-4647-823b-896921197f42" testName="Delete_TargetModelIsDeleted" computerName="VECTOR" duration="00:00:00.2070000" startTime="2018-07-18T04:26:11.2647025-04:00" endTime="2018-07-18T04:26:11.2647091-04:00" testType="13cdc9d9-ddb5-4fa4-a97d-d965ccfc6d4b" outcome="Passed" testListId="8c84fa94-04c1-424b-9868-57a2d4851a1d" relativeResultsDirectory="c0221cad-7c29-4580-a526-d563c2224fe7" /><UnitTestResult executionId="d8641f63-4435-453c-8f83-c8ff4316fcf1" testId="d0912f61-c59a-411a-b95f-a38ecb67a00c" testName="CameraHasExpectedDependentFiles" computerName="VECTOR" duration="00:00:00.0010000" startTime="2018-07-18T04:25:36.0035683-04:00" endTime="2018-07-18T04:25:36.0035694-04:00" testType="13cdc9d9-ddb5-4fa4-a97d-d965ccfc6d4b" outcome="Passed" testListId="8c84fa94-04c1-424b-9868-57a2d4851a1d" relativeResultsDirectory="d8641f63-4435-453c-8f83-c8ff4316fcf1" /><UnitTestResult executionId="1ccb8235-d1fb-4f44-8ea4-fd7e95f2a76a" testId="ca617c98-5ff1-492c-81e7-92e4de40d7d2" testName="GetSingle_InvalidIdPropertyValueReturnsNotFound" computerName="VECTOR" duration="00:00:00.0230000" startTime="2018-07-18T04:26:05.3048470-04:00" endTime="2018-07-18T04:26:05.3048590-04:00" testType="13cdc9d9-ddb5-4fa4-a97d-d965ccfc6d4b" outcome="Passed" testListId="8c84fa94-04c1-424b-9868-57a2d4851a1d" relativeResultsDirectory="1ccb8235-d1fb-4f44-8ea4-fd7e95f2a76a" /><UnitTestResult executionId="1dea78c4-7c4d-474e-a3a7-10e022bd3a72" testId="348a9455-4148-4fe4-8c9a-6ca264680e3a" testName="PutFile_NewFileCanBePut" computerName="VECTOR" duration="00:00:00.3010000" startTime="2018-07-18T04:26:09.8135840-04:00" endTime="2018-07-18T04:26:09.8135968-04:00" testType="13cdc9d9-ddb5-4fa4-a97d-d965ccfc6d4b" outcome="Passed" testListId="8c84fa94-04c1-424b-9868-57a2d4851a1d" relativeResultsDirectory="1dea78c4-7c4d-474e-a3a7-10e022bd3a72" /><UnitTestResult executionId="8517d4d7-6ecc-4272-a928-8effac541b00" testId="83884ada-1c74-4e31-866d-3359b4a530ce" testName="Patch_InvalidPropertyNameReturnsBadRequest" computerName="VECTOR" duration="00:00:00.0130000" startTime="2018-07-18T04:25:43.1288047-04:00" endTime="2018-07-18T04:25:43.1288112-04:00" testType="13cdc9d9-ddb5-4fa4-a97d-d965ccfc6d4b" outcome="Passed" testListId="8c84fa94-04c1-424b-9868-57a2d4851a1d" relativeResultsDirectory="8517d4d7-6ecc-4272-a928-8effac541b00" /><UnitTestResult executionId="f931de48-5e5f-473b-86f6-65ca520da109" testId="db040603-dcc0-43c0-8fc2-35b995e75aa3" testName="Patch_InvalidEnumPropertyValueReturnsBadRequest" computerName="VECTOR" duration="00:00:00.0060000" startTime="2018-07-18T04:25:40.2617286-04:00" endTime="2018-07-18T04:25:40.2617326-04:00" testType="13cdc9d9-ddb5-4fa4-a97d-d965ccfc6d4b" outcome="Passed" testListId="8c84fa94-04c1-424b-9868-57a2d4851a1d" relativeResultsDirectory="f931de48-5e5f-473b-86f6-65ca520da109" /></Results><TestDefinitions><UnitTest name="Put_InvalidIdReturnsNotFound" storage="d:\users\steve knipmeyer\documents\github\modelrelief\modelrelief.test\bin\debug\netcoreapp2.0\modelrelief.test.dll" id="b0228d1f-311c-43ab-8dc7-c276b8b4eb7f"><Execution id="44a11cd7-bed6-476a-9191-cbd4dd48acb8" /><TestMethod codeBase="D:\Users\Steve Knipmeyer\Documents\GitHub\ModelRelief\ModelRelief.test\bin\Debug\netcoreapp2.0\ModelRelief.Test.dll" adapterTypeName="executor://xunit/VsTestRunner2/netcoreapp" className="ModelRelief.Test.Integration.Projects.ProjectsBaseIntegrationTests" name="Put_InvalidIdReturnsNotFound" /></UnitTest><UnitTest name="Patch_InvalidIdPropertyReturnsNotFound" storage="d:\users\steve knipmeyer\documents\github\modelrelief\modelrelief.test\bin\debug\netcoreapp2.0\modelrelief.test.dll" id="ff44a0d0-3bb6-4e09-8b80-2fa6d55ff177"><Execution id="6099f2f3-a2d8-4633-9be9-524f4d0ba1ad" /><TestMethod codeBase="D:\Users\Steve Knipmeyer\Documents\GitHub\ModelRelief\ModelRelief.test\bin\Debug\netcoreapp2.0\ModelRelief.Test.dll" adapterTypeName="executor://xunit/VsTestRunner2/netcoreapp" className="ModelRelief.Test.Integration.DepthBuffers.DepthBuffersBaseIntegrationTests" name="Patch_InvalidIdPropertyReturnsNotFound" /></UnitTest><UnitTest name="GetSingle_ValidIdPropertyValueReturnsCorrectModel" storage="d:\users\steve knipmeyer\documents\github\modelrelief\modelrelief.test\bin\debug\netcoreapp2.0\modelrelief.test.dll" id="5ef33b90-253a-45a6-b3a0-969d5ab07df7"><Execution id="f567ff0d-3374-4f30-b514-2c567213bf6a" /><TestMethod codeBase="D:\Users\Steve Knipmeyer\Documents\GitHub\ModelRelief\ModelRelief.test\bin\Debug\netcoreapp2.0\ModelRelief.Test.dll" adapterTypeName="executor://xunit/VsTestRunner2/netcoreapp" className="ModelRelief.Test.Integration.MeshTransforms.MeshTransformsBaseIntegrationTests" name="GetSingle_ValidIdPropertyValueReturnsCorrectModel" /></UnitTest><UnitTest name="GetFile_NonExistentFileReturnsNotFound" storage="d:\users\steve knipmeyer\documents\github\modelrelief\modelrelief.test\bin\debug\netcoreapp2.0\modelrelief.test.dll" id="62b89da0-7345-4e71-8ac7-baa9d2b6cc88"><Execution id="a0c9e2dc-8a1d-4076-8819-682a21570d51" /><TestMethod codeBase="D:\Users\Steve Knipmeyer\Documents\GitHub\ModelRelief\ModelRelief.test\bin\Debug\netcoreapp2.0\ModelRelief.Test.dll" adapterTypeName="executor://xunit/VsTestRunner2/netcoreapp" className="ModelRelief.Test.Integration.Models.ModelsFileIntegrationTests" name="GetFile_NonExistentFileReturnsNotFound" /></UnitTest><UnitTest name="PutFile_NewFileCanBePut" storage="d:\users\steve knipmeyer\documents\github\modelrelief\modelrelief.test\bin\debug\netcoreapp2.0\modelrelief.test.dll" id="962b42f1-3095-4774-9b4a-6f1cfe775473"><Execution id="2f135296-959d-4654-8e3a-33098e49f52b" /><TestMethod codeBase="D:\Users\Steve Knipmeyer\Documents\GitHub\ModelRelief\ModelRelief.test\bin\Debug\netcoreapp2.0\ModelRelief.Test.dll" adapterTypeName="executor://xunit/VsTestRunner2/netcoreapp" className="ModelRelief.Test.Integration.Meshes.MeshesFileIntegrationTests" name="PutFile_NewFileCanBePut" /></UnitTest><UnitTest name="Put_CanUpdateModel" storage="d:\users\steve knipmeyer\documents\github\modelrelief\modelrelief.test\bin\debug\netcoreapp2.0\modelrelief.test.dll" id="e0757a87-822e-4945-ab22-d6d60be69204"><Execution id="b267a44c-066f-4a16-a49c-0b72dbcd9447" /><TestMethod codeBase="D:\Users\Steve Knipmeyer\Documents\GitHub\ModelRelief\ModelRelief.test\bin\Debug\netcoreapp2.0\ModelRelief.Test.dll" adapterTypeName="executor://xunit/VsTestRunner2/netcoreapp" className="ModelRelief.Test.Integration.Meshes.MeshesBaseIntegrationTests" name="Put_CanUpdateModel" /></UnitTest><UnitTest name="GetSingle_ValidIdPropertyValueReturnsCorrectModel" storage="d:\users\steve knipmeyer\documents\github\modelrelief\modelrelief.test\bin\debug\netcoreapp2.0\modelrelief.test.dll" id="c85562ad-13e2-4f01-9ee8-1171389ac1d2"><Execution id="913155e3-3ea0-4892-8da8-63740cefd6a2" /><TestMethod codeBase="D:\Users\Steve Knipmeyer\Documents\GitHub\ModelRelief\ModelRelief.test\bin\Debug\netcoreapp2.0\ModelRelief.Test.dll" adapterTypeName="executor://xunit/VsTestRunner2/netcoreapp" className="ModelRelief.Test.Integration.DepthBuffers.DepthBuffersBaseIntegrationTests" name="GetSingle_ValidIdPropertyValueReturnsCorrectModel" /></UnitTest><UnitTest name="Patch_InvalidIdPropertyReturnsNotFound" storage="d:\users\steve knipmeyer\documents\github\modelrelief\modelrelief.test\bin\debug\netcoreapp2.0\modelrelief.test.dll" id="7e5411d5-6089-41d0-8bba-6204881b3ff4"><Execution id="cf4d245a-9ea4-44c9-b0f5-17c2a52075de" /><TestMethod codeBase="D:\Users\Steve Knipmeyer\Documents\GitHub\ModelRelief\ModelRelief.test\bin\Debug\netcoreapp2.0\ModelRelief.Test.dll" adapterTypeName="executor://xunit/VsTestRunner2/netcoreapp" className="ModelRelief.Test.Integration.Projects.ProjectsBaseIntegrationTests" name="Patch_InvalidIdPropertyReturnsNotFound" /></UnitTest><UnitTest name="Patch_InvalidReferencePropertyReturnsBadRequest" storage="d:\users\steve knipmeyer\documents\github\modelrelief\modelrelief.test\bin\debug\netcoreapp2.0\modelrelief.test.dll" id="452ab48a-1118-4574-8479-5a4566d6f7d0"><Execution id="3b814583-b547-4123-81b6-9f6b7c1fa674" /><TestMethod codeBase="D:\Users\Steve Knipmeyer\Documents\GitHub\ModelRelief\ModelRelief.test\bin\Debug\netcoreapp2.0\ModelRelief.Test.dll" adapterTypeName="executor://xunit/VsTestRunner2/netcoreapp" className="ModelRelief.Test.Integration.Models.ModelsBaseIntegrationTests" name="Patch_InvalidReferencePropertyReturnsBadRequest" /></UnitTest><UnitTest name="Patch_InvalidEnumPropertyValueReturnsBadRequest" storage="d:\users\steve knipmeyer\documents\github\modelrelief\modelrelief.test\bin\debug\netcoreapp2.0\modelrelief.test.dll" id="3644ad4c-c5ad-4cd3-b080-c9a5ad08b4bb"><Execution id="3184b44f-88ec-4063-8c91-3552ba955e5b" /><TestMethod codeBase="D:\Users\Steve Knipmeyer\Documents\GitHub\ModelRelief\ModelRelief.test\bin\Debug\netcoreapp2.0\ModelRelief.Test.dll" adapterTypeName="executor://xunit/VsTestRunner2/netcoreapp" className="ModelRelief.Test.Integration.DepthBuffers.DepthBuffersBaseIntegrationTests" name="Patch_InvalidEnumPropertyValueReturnsBadRequest" /></UnitTest><UnitTest name="PostFile_FileTimeStampIsUpdatedAfterFileIsPosted" storage="d:\users\steve knipmeyer\documents\github\modelrelief\modelrelief.test\bin\debug\netcoreapp2.0\modelrelief.test.dll" id="6c440a66-0acb-4baf-bed4-79258593d02e"><Execution id="572905c3-bfb1-4d8c-aa68-071d68e3f2a4" /><TestMethod codeBase="D:\Users\Steve Knipmeyer\Documents\GitHub\ModelRelief\ModelRelief.test\bin\Debug\netcoreapp2.0\ModelRelief.Test.dll" adapterTypeName="executor://xunit/VsTestRunner2/netcoreapp" className="ModelRelief.Test.Integration.DepthBuffers.DepthBuffersFileIntegrationTests" name="PostFile_FileTimeStampIsUpdatedAfterFileIsPosted" /></UnitTest><UnitTest name="Delete_TargetModelIsDeleted" storage="d:\users\steve knipmeyer\documents\github\modelrelief\modelrelief.test\bin\debug\netcoreapp2.0\modelrelief.test.dll" id="a681f13f-03d6-4c4d-b193-3ac43fb28ac5"><Execution id="7155ee80-8f63-447c-88c3-a6d7affc7b4e" /><TestMethod codeBase="D:\Users\Steve Knipmeyer\Documents\GitHub\ModelRelief\ModelRelief.test\bin\Debug\netcoreapp2.0\ModelRelief.Test.dll" adapterTypeName="executor://xunit/VsTestRunner2/netcoreapp" className="ModelRelief.Test.Integration.Models.ModelsBaseIntegrationTests" name="Delete_TargetModelIsDeleted" /></UnitTest><UnitTest name="GetList_ListReturnsCorrectCount" storage="d:\users\steve knipmeyer\documents\github\modelrelief\modelrelief.test\bin\debug\netcoreapp2.0\modelrelief.test.dll" id="68a33cf4-1776-4148-82e0-8593caaa6e28"><Execution id="87c809d9-a7a6-4901-a02c-bbb69b28e7fb" /><TestMethod codeBase="D:\Users\Steve Knipmeyer\Documents\GitHub\ModelRelief\ModelRelief.test\bin\Debug\netcoreapp2.0\ModelRelief.Test.dll" adapterTypeName="executor://xunit/VsTestRunner2/netcoreapp" className="ModelRelief.Test.Integration.Cameras.CamerasBaseIntegrationTests" name="GetList_ListReturnsCorrectCount" /></UnitTest><UnitTest name="PutFile_NewFileCanBePut" storage="d:\users\steve knipmeyer\documents\github\modelrelief\modelrelief.test\bin\debug\netcoreapp2.0\modelrelief.test.dll" id="348a9455-4148-4fe4-8c9a-6ca264680e3a"><Execution id="1dea78c4-7c4d-474e-a3a7-10e022bd3a72" /><TestMethod codeBase="D:\Users\Steve Knipmeyer\Documents\GitHub\ModelRelief\ModelRelief.test\bin\Debug\netcoreapp2.0\ModelRelief.Test.dll" adapterTypeName="executor://xunit/VsTestRunner2/netcoreapp" className="ModelRelief.Test.Integration.DepthBuffers.DepthBuffersFileIntegrationTests" name="PutFile_NewFileCanBePut" /></UnitTest><UnitTest name="GetFile_NonExistentFileReturnsNotFound" storage="d:\users\steve knipmeyer\documents\github\modelrelief\modelrelief.test\bin\debug\netcoreapp2.0\modelrelief.test.dll" id="8b7d69dd-0366-4802-b629-27f011ef7561"><Execution id="4f0fc2c5-f2e6-4815-9e50-648f902f0ef8" /><TestMethod codeBase="D:\Users\Steve Knipmeyer\Documents\GitHub\ModelRelief\ModelRelief.test\bin\Debug\netcoreapp2.0\ModelRelief.Test.dll" adapterTypeName="executor://xunit/VsTestRunner2/netcoreapp" className="ModelRelief.Test.Integration.Meshes.MeshesFileIntegrationTests" name="GetFile_NonExistentFileReturnsNotFound" /></UnitTest><UnitTest name="Patch_InvalidReferencePropertyReturnsBadRequest" storage="d:\users\steve knipmeyer\documents\github\modelrelief\modelrelief.test\bin\debug\netcoreapp2.0\modelrelief.test.dll" id="42eef0c4-dd9d-42d1-8bf5-33062447b8d6"><Execution id="99424b09-482d-41d0-b4d7-5b49a88e4542" /><TestMethod codeBase="D:\Users\Steve Knipmeyer\Documents\GitHub\ModelRelief\ModelRelief.test\bin\Debug\netcoreapp2.0\ModelRelief.Test.dll" adapterTypeName="executor://xunit/VsTestRunner2/netcoreapp" className="ModelRelief.Test.Integration.Cameras.CamerasBaseIntegrationTests" name="Patch_InvalidReferencePropertyReturnsBadRequest" /></UnitTest><UnitTest name="Post_CanCreateNewModel" storage="d:\users\steve knipmeyer\documents\github\modelrelief\modelrelief.test\bin\debug\netcoreapp2.0\modelrelief.test.dll" id="fb7e99f7-548b-4805-a589-389f4526454a"><Execution id="8633cdbe-768f-4d49-a354-2f9789de453e" /><TestMethod codeBase="D:\Users\Steve Knipmeyer\Documents\GitHub\ModelRelief\ModelRelief.test\bin\Debug\netcoreapp2.0\ModelRelief.Test.dll" adapterTypeName="executor://xunit/VsTestRunner2/netcoreapp" className="ModelRelief.Test.Integration.Models.ModelsBaseIntegrationTests" name="Post_CanCreateNewModel" /></UnitTest><UnitTest name="GetSingle_ValidIdPropertyValueReturnsCorrectModel" storage="d:\users\steve knipmeyer\documents\github\modelrelief\modelrelief.test\bin\debug\netcoreapp2.0\modelrelief.test.dll" id="03058816-f70b-4526-95de-0668eae72947"><Execution id="a5ff4157-2a82-4da0-b810-a65132b4ff71" /><TestMethod codeBase="D:\Users\Steve Knipmeyer\Documents\GitHub\ModelRelief\ModelRelief.test\bin\Debug\netcoreapp2.0\ModelRelief.Test.dll" adapterTypeName="executor://xunit/VsTestRunner2/netcoreapp" className="ModelRelief.Test.Integration.Models.ModelsBaseIntegrationTests" name="GetSingle_ValidIdPropertyValueReturnsCorrectModel" /></UnitTest><UnitTest name="PostFile_NewFileCanBePosted" storage="d:\users\steve knipmeyer\documents\github\modelrelief\modelrelief.test\bin\debug\netcoreapp2.0\modelrelief.test.dll" id="de026dd6-27cd-4a31-8f95-0deee9da63f8"><Execution id="07119a4b-17b8-4193-aa1f-986ecea7e4f0" /><TestMethod codeBase="D:\Users\Steve Knipmeyer\Documents\GitHub\ModelRelief\ModelRelief.test\bin\Debug\netcoreapp2.0\ModelRelief.Test.dll" adapterTypeName="executor://xunit/VsTestRunner2/netcoreapp" className="ModelRelief.Test.Integration.DepthBuffers.DepthBuffersFileIntegrationTests" name="PostFile_NewFileCanBePosted" /></UnitTest><UnitTest name="GetFile_FileCanBeRoundTripped" storage="d:\users\steve knipmeyer\documents\github\modelrelief\modelrelief.test\bin\debug\netcoreapp2.0\modelrelief.test.dll" id="fc57ffef-eb11-4e62-ad03-efe92ee24fe1"><Execution id="6ae6cac2-fb3a-47b1-9b3c-de06498a87b7" /><TestMethod codeBase="D:\Users\Steve Knipmeyer\Documents\GitHub\ModelRelief\ModelRelief.test\bin\Debug\netcoreapp2.0\ModelRelief.Test.dll" adapterTypeName="executor://xunit/VsTestRunner2/netcoreapp" className="ModelRelief.Test.Integration.DepthBuffers.DepthBuffersFileIntegrationTests" name="GetFile_FileCanBeRoundTripped" /></UnitTest><UnitTest name="Patch_TargetPropertyIsUpdated" storage="d:\users\steve knipmeyer\documents\github\modelrelief\modelrelief.test\bin\debug\netcoreapp2.0\modelrelief.test.dll" id="6551667a-0d19-4ac7-976e-217fffcaf8a2"><Execution id="5fe5de82-5aa5-4831-bcab-410bc94e8772" /><TestMethod codeBase="D:\Users\Steve Knipmeyer\Documents\GitHub\ModelRelief\ModelRelief.test\bin\Debug\netcoreapp2.0\ModelRelief.Test.dll" adapterTypeName="executor://xunit/VsTestRunner2/netcoreapp" className="ModelRelief.Test.Integration.Meshes.MeshesBaseIntegrationTests" name="Patch_TargetPropertyIsUpdated" /></UnitTest><UnitTest name="Patch_MultipleInvalidReferencePropertiesReturnsMultipleValidationErrorsAndBadRequest" storage="d:\users\steve knipmeyer\documents\github\modelrelief\modelrelief.test\bin\debug\netcoreapp2.0\modelrelief.test.dll" id="eaac34fe-b62b-4572-b2dc-2c629225ae20"><Execution id="4f26d73a-7fb7-435a-b753-8aafd98728c2" /><TestMethod codeBase="D:\Users\Steve Knipmeyer\Documents\GitHub\ModelRelief\ModelRelief.test\bin\Debug\netcoreapp2.0\ModelRelief.Test.dll" adapterTypeName="executor://xunit/VsTestRunner2/netcoreapp" className="ModelRelief.Test.Integration.Meshes.MeshesBaseIntegrationTests" name="Patch_MultipleInvalidReferencePropertiesReturnsMultipleValidationErrorsAndBadRequest" /></UnitTest><UnitTest name="Put_ValidReferencePropertyUpdatesModel" storage="d:\users\steve knipmeyer\documents\github\modelrelief\modelrelief.test\bin\debug\netcoreapp2.0\modelrelief.test.dll" id="9cf9e139-1d57-4e1e-9018-6daca398f05d"><Execution id="f5034b2a-0e4a-4927-8a0b-1848b7aa9213" /><TestMethod codeBase="D:\Users\Steve Knipmeyer\Documents\GitHub\ModelRelief\ModelRelief.test\bin\Debug\netcoreapp2.0\ModelRelief.Test.dll" adapterTypeName="executor://xunit/VsTestRunner2/netcoreapp" className="ModelRelief.Test.Integration.DepthBuffers.DepthBuffersBaseIntegrationTests" name="Put_ValidReferencePropertyUpdatesModel" /></UnitTest><UnitTest name="Patch_MultipleInvalidReferencePropertiesReturnsMultipleValidationErrorsAndBadRequest" storage="d:\users\steve knipmeyer\documents\github\modelrelief\modelrelief.test\bin\debug\netcoreapp2.0\modelrelief.test.dll" id="72da30a4-9e45-4c80-a8f6-4c7f44c058dd"><Execution id="191196fc-4d6c-4706-bb4f-57e0283ade7b" /><TestMethod codeBase="D:\Users\Steve Knipmeyer\Documents\GitHub\ModelRelief\ModelRelief.test\bin\Debug\netcoreapp2.0\ModelRelief.Test.dll" adapterTypeName="executor://xunit/VsTestRunner2/netcoreapp" className="ModelRelief.Test.Integration.MeshTransforms.MeshTransformsBaseIntegrationTests" name="Patch_MultipleInvalidReferencePropertiesReturnsMultipleValidationErrorsAndBadRequest" /></UnitTest><UnitTest name="Post_ValidReferencePropertyCreatesModel" storage="d:\users\steve knipmeyer\documents\github\modelrelief\modelrelief.test\bin\debug\netcoreapp2.0\modelrelief.test.dll" id="1d43a64e-a2a0-4d97-bb04-b4055b70a26b"><Execution id="187890b5-a57b-40cc-b019-4cb27c21fa49" /><TestMethod codeBase="D:\Users\Steve Knipmeyer\Documents\GitHub\ModelRelief\ModelRelief.test\bin\Debug\netcoreapp2.0\ModelRelief.Test.dll" adapterTypeName="executor://xunit/VsTestRunner2/netcoreapp" className="ModelRelief.Test.Integration.DepthBuffers.DepthBuffersBaseIntegrationTests" name="Post_ValidReferencePropertyCreatesModel" /></UnitTest><UnitTest name="GetFile_FileCanBeRoundTripped" storage="d:\users\steve knipmeyer\documents\github\modelrelief\modelrelief.test\bin\debug\netcoreapp2.0\modelrelief.test.dll" id="e6c2552b-5a99-41e9-92a7-a2ffe7954e09"><Execution id="c1dda23b-b72e-4e74-b654-bbd4b02e09e4" /><TestMethod codeBase="D:\Users\Steve Knipmeyer\Documents\GitHub\ModelRelief\ModelRelief.test\bin\Debug\netcoreapp2.0\ModelRelief.Test.dll" adapterTypeName="executor://xunit/VsTestRunner2/netcoreapp" className="ModelRelief.Test.Integration.Models.ModelsFileIntegrationTests" name="GetFile_FileCanBeRoundTripped" /></UnitTest><UnitTest name="GetList_ListReturnsCorrectCount" storage="d:\users\steve knipmeyer\documents\github\modelrelief\modelrelief.test\bin\debug\netcoreapp2.0\modelrelief.test.dll" id="785df57a-8c94-4f9a-9f72-c0b29c59f2f3"><Execution id="a744cef8-8def-42e8-8680-f0111c6ddf58" /><TestMethod codeBase="D:\Users\Steve Knipmeyer\Documents\GitHub\ModelRelief\ModelRelief.test\bin\Debug\netcoreapp2.0\ModelRelief.Test.dll" adapterTypeName="executor://xunit/VsTestRunner2/netcoreapp" className="ModelRelief.Test.Integration.MeshTransforms.MeshTransformsBaseIntegrationTests" name="GetList_ListReturnsCorrectCount" /></UnitTest><UnitTest name="CameraHasExpectedDependentFiles" storage="d:\users\steve knipmeyer\documents\github\modelrelief\modelrelief.test\bin\debug\netcoreapp2.0\modelrelief.test.dll" id="d0912f61-c59a-411a-b95f-a38ecb67a00c"><Execution id="d8641f63-4435-453c-8f83-c8ff4316fcf1" /><TestMethod codeBase="D:\Users\Steve Knipmeyer\Documents\GitHub\ModelRelief\ModelRelief.test\bin\Debug\netcoreapp2.0\ModelRelief.Test.dll" adapterTypeName="executor://xunit/VsTestRunner2/netcoreapp" className="ModelRelief.Test.Unit.DependencyManager.DependencyManagerTests" name="CameraHasExpectedDependentFiles" /></UnitTest><UnitTest name="Patch_MultipleInvalidReferencePropertiesReturnsMultipleValidationErrorsAndBadRequest" storage="d:\users\steve knipmeyer\documents\github\modelrelief\modelrelief.test\bin\debug\netcoreapp2.0\modelrelief.test.dll" id="528b424d-2331-4345-b9f9-51486f9de1b4"><Execution id="a9865588-a602-4b76-b52f-1f63b857e917" /><TestMethod codeBase="D:\Users\Steve Knipmeyer\Documents\GitHub\ModelRelief\ModelRelief.test\bin\Debug\netcoreapp2.0\ModelRelief.Test.dll" adapterTypeName="executor://xunit/VsTestRunner2/netcoreapp" className="ModelRelief.Test.Integration.Projects.ProjectsBaseIntegrationTests" name="Patch_MultipleInvalidReferencePropertiesReturnsMultipleValidationErrorsAndBadRequest" /></UnitTest><UnitTest name="Delete_TargetModelIsDeleted" storage="d:\users\steve knipmeyer\documents\github\modelrelief\modelrelief.test\bin\debug\netcoreapp2.0\modelrelief.test.dll" id="3a826bda-37eb-4ff0-b61b-9b8646256a4f"><Execution id="1538e143-2fc3-4fb1-90e7-7a1bf1857a39" /><TestMethod codeBase="D:\Users\Steve Knipmeyer\Documents\GitHub\ModelRelief\ModelRelief.test\bin\Debug\netcoreapp2.0\ModelRelief.Test.dll" adapterTypeName="executor://xunit/VsTestRunner2/netcoreapp" className="ModelRelief.Test.Integration.Meshes.MeshesBaseIntegrationTests" name="Delete_TargetModelIsDeleted" /></UnitTest><UnitTest name="GetFile_FileCanBeRoundTripped" storage="d:\users\steve knipmeyer\documents\github\modelrelief\modelrelief.test\bin\debug\netcoreapp2.0\modelrelief.test.dll" id="7ee2b827-c97a-481b-8641-d4a019bee256"><Execution id="9ba8965a-71c0-4813-9d6b-0fbc573c3942" /><TestMethod codeBase="D:\Users\Steve Knipmeyer\Documents\GitHub\ModelRelief\ModelRelief.test\bin\Debug\netcoreapp2.0\ModelRelief.Test.dll" adapterTypeName="executor://xunit/VsTestRunner2/netcoreapp" className="ModelRelief.Test.Integration.Meshes.MeshesFileIntegrationTests" name="GetFile_FileCanBeRoundTripped" /></UnitTest><UnitTest name="Patch_InvalidPropertyNameReturnsBadRequest" storage="d:\users\steve knipmeyer\documents\github\modelrelief\modelrelief.test\bin\debug\netcoreapp2.0\modelrelief.test.dll" id="83884ada-1c74-4e31-866d-3359b4a530ce"><Execution id="8517d4d7-6ecc-4272-a928-8effac541b00" /><TestMethod codeBase="D:\Users\Steve Knipmeyer\Documents\GitHub\ModelRelief\ModelRelief.test\bin\Debug\netcoreapp2.0\ModelRelief.Test.dll" adapterTypeName="executor://xunit/VsTestRunner2/netcoreapp" className="ModelRelief.Test.Integration.MeshTransforms.MeshTransformsBaseIntegrationTests" name="Patch_InvalidPropertyNameReturnsBadRequest" /></UnitTest><UnitTest name="Patch_TargetPropertyIsUpdated" storage="d:\users\steve knipmeyer\documents\github\modelrelief\modelrelief.test\bin\debug\netcoreapp2.0\modelrelief.test.dll" id="65609abf-919b-47f2-a2d7-7490a0124380"><Execution id="cd7f0321-0aca-4007-b807-90d46403bc31" /><TestMethod codeBase="D:\Users\Steve Knipmeyer\Documents\GitHub\ModelRelief\ModelRelief.test\bin\Debug\netcoreapp2.0\ModelRelief.Test.dll" adapterTypeName="executor://xunit/VsTestRunner2/netcoreapp" className="ModelRelief.Test.Integration.Cameras.CamerasBaseIntegrationTests" name="Patch_TargetPropertyIsUpdated" /></UnitTest><UnitTest name="Patch_ValidReferencePropertyUpdatesModel" storage="d:\users\steve knipmeyer\documents\github\modelrelief\modelrelief.test\bin\debug\netcoreapp2.0\modelrelief.test.dll" id="790d8a6a-f603-483c-be25-0d4a4d65d49f"><Execution id="f737706e-638d-40c5-8ffa-2d7981cf3886" /><TestMethod codeBase="D:\Users\Steve Knipmeyer\Documents\GitHub\ModelRelief\ModelRelief.test\bin\Debug\netcoreapp2.0\ModelRelief.Test.dll" adapterTypeName="executor://xunit/VsTestRunner2/netcoreapp" className="ModelRelief.Test.Integration.Cameras.CamerasBaseIntegrationTests" name="Patch_ValidReferencePropertyUpdatesModel" /></UnitTest><UnitTest name="Post_InvalidPropertyValueReturnsBadRequest" storage="d:\users\steve knipmeyer\documents\github\modelrelief\modelrelief.test\bin\debug\netcoreapp2.0\modelrelief.test.dll" id="4191df40-99a6-4fd2-968b-9682a4966484"><Execution id="0ac3c815-46a0-456d-a974-d59eab200444" /><TestMethod codeBase="D:\Users\Steve Knipmeyer\Documents\GitHub\ModelRelief\ModelRelief.test\bin\Debug\netcoreapp2.0\ModelRelief.Test.dll" adapterTypeName="executor://xunit/VsTestRunner2/netcoreapp" className="ModelRelief.Test.Integration.DepthBuffers.DepthBuffersBaseIntegrationTests" name="Post_InvalidPropertyValueReturnsBadRequest" /></UnitTest><UnitTest name="Patch_InvalidEnumPropertyValueReturnsBadRequest" storage="d:\users\steve knipmeyer\documents\github\modelrelief\modelrelief.test\bin\debug\netcoreapp2.0\modelrelief.test.dll" id="b9850e50-e72e-47bf-84ac-054e546255a2"><Execution id="ccc5e797-232c-4f48-bb26-3ca385a71603" /><TestMethod codeBase="D:\Users\Steve Knipmeyer\Documents\GitHub\ModelRelief\ModelRelief.test\bin\Debug\netcoreapp2.0\ModelRelief.Test.dll" adapterTypeName="executor://xunit/VsTestRunner2/netcoreapp" className="ModelRelief.Test.Integration.MeshTransforms.MeshTransformsBaseIntegrationTests" name="Patch_InvalidEnumPropertyValueReturnsBadRequest" /></UnitTest><UnitTest name="FileRequest_FileCanBeReadAfterRename" storage="d:\users\steve knipmeyer\documents\github\modelrelief\modelrelief.test\bin\debug\netcoreapp2.0\modelrelief.test.dll" id="fe35f1d9-918c-41d8-89ed-ddeae6c9ca6f"><Execution id="9da70771-d7cc-4bbd-8646-a61233553b8e" /><TestMethod codeBase="D:\Users\Steve Knipmeyer\Documents\GitHub\ModelRelief\ModelRelief.test\bin\Debug\netcoreapp2.0\ModelRelief.Test.dll" adapterTypeName="executor://xunit/VsTestRunner2/netcoreapp" className="ModelRelief.Test.Integration.DepthBuffers.DepthBuffersFileIntegrationTests" name="FileRequest_FileCanBeReadAfterRename" /></UnitTest><UnitTest name="GetSingle_InvalidIdPropertyValueReturnsNotFound" storage="d:\users\steve knipmeyer\documents\github\modelrelief\modelrelief.test\bin\debug\netcoreapp2.0\modelrelief.test.dll" id="b73f7dff-e66b-4e32-b15f-11830139323f"><Execution id="8e909417-2146-48d8-8b5e-818582fc1d83" /><TestMethod codeBase="D:\Users\Steve Knipmeyer\Documents\GitHub\ModelRelief\ModelRelief.test\bin\Debug\netcoreapp2.0\ModelRelief.Test.dll" adapterTypeName="executor://xunit/VsTestRunner2/netcoreapp" className="ModelRelief.Test.Integration.Cameras.CamerasBaseIntegrationTests" name="GetSingle_InvalidIdPropertyValueReturnsNotFound" /></UnitTest><UnitTest name="FileRequest_FileCanBeReadAfterRename" storage="d:\users\steve knipmeyer\documents\github\modelrelief\modelrelief.test\bin\debug\netcoreapp2.0\modelrelief.test.dll" id="e869ca2c-b86d-4853-b6de-703ce0387056"><Execution id="fefc3cda-89b7-44c5-9489-356fd0faf8f1" /><TestMethod codeBase="D:\Users\Steve Knipmeyer\Documents\GitHub\ModelRelief\ModelRelief.test\bin\Debug\netcoreapp2.0\ModelRelief.Test.dll" adapterTypeName="executor://xunit/VsTestRunner2/netcoreapp" className="ModelRelief.Test.Integration.Meshes.MeshesFileIntegrationTests" name="FileRequest_FileCanBeReadAfterRename" /></UnitTest><UnitTest name="LucyModel3dHasTwoDependents" storage="d:\users\steve knipmeyer\documents\github\modelrelief\modelrelief.test\bin\debug\netcoreapp2.0\modelrelief.test.dll" id="3a00d538-748e-4d26-8eb3-619cdaa7a259"><Execution id="a47be16c-e36f-43a4-8076-0b3713de2886" /><TestMethod codeBase="D:\Users\Steve Knipmeyer\Documents\GitHub\ModelRelief\ModelRelief.test\bin\Debug\netcoreapp2.0\ModelRelief.Test.dll" adapterTypeName="executor://xunit/VsTestRunner2/netcoreapp" className="ModelRelief.Test.Unit.DependencyManager.DependencyManagerTests" name="LucyModel3dHasTwoDependents" /></UnitTest><UnitTest name="Patch_MultipleInvalidReferencePropertiesReturnsMultipleValidationErrorsAndBadRequest" storage="d:\users\steve knipmeyer\documents\github\modelrelief\modelrelief.test\bin\debug\netcoreapp2.0\modelrelief.test.dll" id="fae5f747-7a40-4724-a411-cb19a175261e"><Execution id="8182bada-9c2e-4140-a53f-40ef29c6e9d1" /><TestMethod codeBase="D:\Users\Steve Knipmeyer\Documents\GitHub\ModelRelief\ModelRelief.test\bin\Debug\netcoreapp2.0\ModelRelief.Test.dll" adapterTypeName="executor://xunit/VsTestRunner2/netcoreapp" className="ModelRelief.Test.Integration.Models.ModelsBaseIntegrationTests" name="Patch_MultipleInvalidReferencePropertiesReturnsMultipleValidationErrorsAndBadRequest" /></UnitTest><UnitTest name="Patch_InvalidPropertyNameReturnsBadRequest" storage="d:\users\steve knipmeyer\documents\github\modelrelief\modelrelief.test\bin\debug\netcoreapp2.0\modelrelief.test.dll" id="697c3eb3-0ba0-4649-a599-d7246d00a278"><Execution id="8a9f6740-eddd-46f8-9d68-97f7df19ea51" /><TestMethod codeBase="D:\Users\Steve Knipmeyer\Documents\GitHub\ModelRelief\ModelRelief.test\bin\Debug\netcoreapp2.0\ModelRelief.Test.dll" adapterTypeName="executor://xunit/VsTestRunner2/netcoreapp" className="ModelRelief.Test.Integration.Models.ModelsBaseIntegrationTests" name="Patch_InvalidPropertyNameReturnsBadRequest" /></UnitTest><UnitTest name="FileRequest_DepthBufferIsInvalidatedAfterCameraDependencyPropertyChange" storage="d:\users\steve knipmeyer\documents\github\modelrelief\modelrelief.test\bin\debug\netcoreapp2.0\modelrelief.test.dll" id="fb688eb3-2969-4450-b9a1-5bdd46411b83"><Execution id="9dceaf98-ae91-4a82-9479-18a415bc6798" /><TestMethod codeBase="D:\Users\Steve Knipmeyer\Documents\GitHub\ModelRelief\ModelRelief.test\bin\Debug\netcoreapp2.0\ModelRelief.Test.dll" adapterTypeName="executor://xunit/VsTestRunner2/netcoreapp" className="ModelRelief.Test.Integration.DepthBuffers.DepthBuffersFileIntegrationTests" name="FileRequest_DepthBufferIsInvalidatedAfterCameraDependencyPropertyChange" /></UnitTest><UnitTest name="Post_ValidReferencePropertyCreatesModel" storage="d:\users\steve knipmeyer\documents\github\modelrelief\modelrelief.test\bin\debug\netcoreapp2.0\modelrelief.test.dll" id="1d274228-0a9d-4e56-b446-cd5c24e6b1a7"><Execution id="657f830f-e218-471c-b071-7611ba6d6dfa" /><TestMethod codeBase="D:\Users\Steve Knipmeyer\Documents\GitHub\ModelRelief\ModelRelief.test\bin\Debug\netcoreapp2.0\ModelRelief.Test.dll" adapterTypeName="executor://xunit/VsTestRunner2/netcoreapp" className="ModelRelief.Test.Integration.Meshes.MeshesBaseIntegrationTests" name="Post_ValidReferencePropertyCreatesModel" /></UnitTest><UnitTest name="PostFile_FileIsSynchronizedIsUpdatedAfterFileIsPosted" storage="d:\users\steve knipmeyer\documents\github\modelrelief\modelrelief.test\bin\debug\netcoreapp2.0\modelrelief.test.dll" id="11c4a7ae-e970-40c2-b13a-fc5f2d05eb8d"><Execution id="a3125690-79fc-4eb2-8c1f-8fa8a241858e" /><TestMethod codeBase="D:\Users\Steve Knipmeyer\Documents\GitHub\ModelRelief\ModelRelief.test\bin\Debug\netcoreapp2.0\ModelRelief.Test.dll" adapterTypeName="executor://xunit/VsTestRunner2/netcoreapp" className="ModelRelief.Test.Integration.Meshes.MeshesFileIntegrationTests" name="PostFile_FileIsSynchronizedIsUpdatedAfterFileIsPosted" /></UnitTest><UnitTest name="Put_ValidReferencePropertyUpdatesModel" storage="d:\users\steve knipmeyer\documents\github\modelrelief\modelrelief.test\bin\debug\netcoreapp2.0\modelrelief.test.dll" id="717233bb-75dd-4393-b0b6-bd9e9296609e"><Execution id="801a1d70-914c-4e3c-98b4-8e0c1b1e643a" /><TestMethod codeBase="D:\Users\Steve Knipmeyer\Documents\GitHub\ModelRelief\ModelRelief.test\bin\Debug\netcoreapp2.0\ModelRelief.Test.dll" adapterTypeName="executor://xunit/VsTestRunner2/netcoreapp" className="ModelRelief.Test.Integration.MeshTransforms.MeshTransformsBaseIntegrationTests" name="Put_ValidReferencePropertyUpdatesModel" /></UnitTest><UnitTest name="MeshTransformHasExpectedDependentFiles" storage="d:\users\steve knipmeyer\documents\github\modelrelief\modelrelief.test\bin\debug\netcoreapp2.0\modelrelief.test.dll" id="c6c9d40b-a6a3-419e-ae98-0e891baaa105"><Execution id="140223e7-abab-4626-8a76-7f98ca83bebb" /><TestMethod codeBase="D:\Users\Steve Knipmeyer\Documents\GitHub\ModelRelief\ModelRelief.test\bin\Debug\netcoreapp2.0\ModelRelief.Test.dll" adapterTypeName="executor://xunit/VsTestRunner2/netcoreapp" className="ModelRelief.Test.Unit.DependencyManager.DependencyManagerTests" name="MeshTransformHasExpectedDependentFiles" /></UnitTest><UnitTest name="LucyDepthBufferFindsOneDependent" storage="d:\users\steve knipmeyer\documents\github\modelrelief\modelrelief.test\bin\debug\netcoreapp2.0\modelrelief.test.dll" id="b9e073e9-d8f3-4bc0-83fd-5754d7c48a5c"><Execution id="74f95e5f-d693-4306-8c02-a5e74e62a4c4" /><TestMethod codeBase="D:\Users\Steve Knipmeyer\Documents\GitHub\ModelRelief\ModelRelief.test\bin\Debug\netcoreapp2.0\ModelRelief.Test.dll" adapterTypeName="executor://xunit/VsTestRunner2/netcoreapp" className="ModelRelief.Test.Unit.DependencyManager.DependencyManagerTests" name="LucyDepthBufferFindsOneDependent" /></UnitTest><UnitTest name="Post_ValidReferencePropertyCreatesModel" storage="d:\users\steve knipmeyer\documents\github\modelrelief\modelrelief.test\bin\debug\netcoreapp2.0\modelrelief.test.dll" id="5536d54f-d65b-4b8e-98a4-627248c153fc"><Execution id="bfe3b50f-a807-4d12-b71b-073a6862f18b" /><TestMethod codeBase="D:\Users\Steve Knipmeyer\Documents\GitHub\ModelRelief\ModelRelief.test\bin\Debug\netcoreapp2.0\ModelRelief.Test.dll" adapterTypeName="executor://xunit/VsTestRunner2/netcoreapp" className="ModelRelief.Test.Integration.Projects.ProjectsBaseIntegrationTests" name="Post_ValidReferencePropertyCreatesModel" /></UnitTest><UnitTest name="Post_InvalidReferencePropertyReturnsBadRequest" storage="d:\users\steve knipmeyer\documents\github\modelrelief\modelrelief.test\bin\debug\netcoreapp2.0\modelrelief.test.dll" id="0eafae8a-64b1-4ba0-b49f-9466ff9f3ee1"><Execution id="d94716d7-31d0-435b-b828-1ff4fc73eb78" /><TestMethod codeBase="D:\Users\Steve Knipmeyer\Documents\GitHub\ModelRelief\ModelRelief.test\bin\Debug\netcoreapp2.0\ModelRelief.Test.dll" adapterTypeName="executor://xunit/VsTestRunner2/netcoreapp" className="ModelRelief.Test.Integration.Models.ModelsBaseIntegrationTests" name="Post_InvalidReferencePropertyReturnsBadRequest" /></UnitTest><UnitTest name="Post_CanCreateNewModel" storage="d:\users\steve knipmeyer\documents\github\modelrelief\modelrelief.test\bin\debug\netcoreapp2.0\modelrelief.test.dll" id="d91c12e2-0a39-46ef-8ed9-595d84ed1c52"><Execution id="bf0b5ce0-1c80-43b2-a244-c9096e98e057" /><TestMethod codeBase="D:\Users\Steve Knipmeyer\Documents\GitHub\ModelRelief\ModelRelief.test\bin\Debug\netcoreapp2.0\ModelRelief.Test.dll" adapterTypeName="executor://xunit/VsTestRunner2/netcoreapp" className="ModelRelief.Test.Integration.MeshTransforms.MeshTransformsBaseIntegrationTests" name="Post_CanCreateNewModel" /></UnitTest><UnitTest name="Patch_TargetPropertyIsUpdated" storage="d:\users\steve knipmeyer\documents\github\modelrelief\modelrelief.test\bin\debug\netcoreapp2.0\modelrelief.test.dll" id="16e95a35-06b4-4a33-9a8e-c4b44cc1242b"><Execution id="ed6b9245-c533-42b3-8506-b63602bea666" /><TestMethod codeBase="D:\Users\Steve Knipmeyer\Documents\GitHub\ModelRelief\ModelRelief.test\bin\Debug\netcoreapp2.0\ModelRelief.Test.dll" adapterTypeName="executor://xunit/VsTestRunner2/netcoreapp" className="ModelRelief.Test.Integration.Models.ModelsBaseIntegrationTests" name="Patch_TargetPropertyIsUpdated" /></UnitTest><UnitTest name="Patch_InvalidEnumPropertyValueReturnsBadRequest" storage="d:\users\steve knipmeyer\documents\github\modelrelief\modelrelief.test\bin\debug\netcoreapp2.0\modelrelief.test.dll" id="eee5d062-fdbd-4686-b18f-738efc5e2ba3"><Execution id="32559723-80b2-4474-aa93-c88ae2e679fb" /><TestMethod codeBase="D:\Users\Steve Knipmeyer\Documents\GitHub\ModelRelief\ModelRelief.test\bin\Debug\netcoreapp2.0\ModelRelief.Test.dll" adapterTypeName="executor://xunit/VsTestRunner2/netcoreapp" className="ModelRelief.Test.Integration.Meshes.MeshesBaseIntegrationTests" name="Patch_InvalidEnumPropertyValueReturnsBadRequest" /></UnitTest><UnitTest name="Post_InvalidPropertyValueReturnsBadRequest" storage="d:\users\steve knipmeyer\documents\github\modelrelief\modelrelief.test\bin\debug\netcoreapp2.0\modelrelief.test.dll" id="a9dd4d6c-650b-4579-b67b-dbe508d7d6ce"><Execution id="4c0cf1d1-6495-4406-bf02-35b4e7833ed6" /><TestMethod codeBase="D:\Users\Steve Knipmeyer\Documents\GitHub\ModelRelief\ModelRelief.test\bin\Debug\netcoreapp2.0\ModelRelief.Test.dll" adapterTypeName="executor://xunit/VsTestRunner2/netcoreapp" className="ModelRelief.Test.Integration.MeshTransforms.MeshTransformsBaseIntegrationTests" name="Post_InvalidPropertyValueReturnsBadRequest" /></UnitTest><UnitTest name="Post_ValidReferencePropertyCreatesModel" storage="d:\users\steve knipmeyer\documents\github\modelrelief\modelrelief.test\bin\debug\netcoreapp2.0\modelrelief.test.dll" id="b4a0d9dc-b6b5-4cc3-8790-b5686f510d06"><Execution id="11905f8e-0a99-49bd-b704-a67ae78bfa5a" /><TestMethod codeBase="D:\Users\Steve Knipmeyer\Documents\GitHub\ModelRelief\ModelRelief.test\bin\Debug\netcoreapp2.0\ModelRelief.Test.dll" adapterTypeName="executor://xunit/VsTestRunner2/netcoreapp" className="ModelRelief.Test.Integration.MeshTransforms.MeshTransformsBaseIntegrationTests" name="Post_ValidReferencePropertyCreatesModel" /></UnitTest><UnitTest name="Put_CanUpdateModel" storage="d:\users\steve knipmeyer\documents\github\modelrelief\modelrelief.test\bin\debug\netcoreapp2.0\modelrelief.test.dll" id="0a2080cc-95b1-4bef-84a6-5d774945d155"><Execution id="f620d168-0d1e-47f4-8701-4bb6bafe7769" /><TestMethod codeBase="D:\Users\Steve Knipmeyer\Documents\GitHub\ModelRelief\ModelRelief.test\bin\Debug\netcoreapp2.0\ModelRelief.Test.dll" adapterTypeName="executor://xunit/VsTestRunner2/netcoreapp" className="ModelRelief.Test.Integration.DepthBuffers.DepthBuffersBaseIntegrationTests" name="Put_CanUpdateModel" /></UnitTest><UnitTest name="Post_InvalidReferencePropertyReturnsBadRequest" storage="d:\users\steve knipmeyer\documents\github\modelrelief\modelrelief.test\bin\debug\netcoreapp2.0\modelrelief.test.dll" id="b8df0feb-3335-4e4a-9994-70a0528e01a5"><Execution id="2db52fbe-499c-45d2-ba44-06531a1b79b6" /><TestMethod codeBase="D:\Users\Steve Knipmeyer\Documents\GitHub\ModelRelief\ModelRelief.test\bin\Debug\netcoreapp2.0\ModelRelief.Test.dll" adapterTypeName="executor://xunit/VsTestRunner2/netcoreapp" className="ModelRelief.Test.Integration.Cameras.CamerasBaseIntegrationTests" name="Post_InvalidReferencePropertyReturnsBadRequest" /></UnitTest><UnitTest name="Patch_ValidReferencePropertyUpdatesModel" storage="d:\users\steve knipmeyer\documents\github\modelrelief\modelrelief.test\bin\debug\netcoreapp2.0\modelrelief.test.dll" id="1b58d88a-81fb-4049-b79b-86022bad7c00"><Execution id="c2f60023-503f-4b42-800d-43772e5e905a" /><TestMethod codeBase="D:\Users\Steve Knipmeyer\Documents\GitHub\ModelRelief\ModelRelief.test\bin\Debug\netcoreapp2.0\ModelRelief.Test.dll" adapterTypeName="executor://xunit/VsTestRunner2/netcoreapp" className="ModelRelief.Test.Integration.Meshes.MeshesBaseIntegrationTests" name="Patch_ValidReferencePropertyUpdatesModel" /></UnitTest><UnitTest name="GetSingle_ValidIdPropertyValueReturnsCorrectModel" storage="d:\users\steve knipmeyer\documents\github\modelrelief\modelrelief.test\bin\debug\netcoreapp2.0\modelrelief.test.dll" id="52561794-f1da-4a7a-bbed-0c7ff820dad9"><Execution id="eb76e600-1f5b-4e69-8be0-634109dfee68" /><TestMethod codeBase="D:\Users\Steve Knipmeyer\Documents\GitHub\ModelRelief\ModelRelief.test\bin\Debug\netcoreapp2.0\ModelRelief.Test.dll" adapterTypeName="executor://xunit/VsTestRunner2/netcoreapp" className="ModelRelief.Test.Integration.Cameras.CamerasBaseIntegrationTests" name="GetSingle_ValidIdPropertyValueReturnsCorrectModel" /></UnitTest><UnitTest name="Patch_InvalidReferencePropertyReturnsBadRequest" storage="d:\users\steve knipmeyer\documents\github\modelrelief\modelrelief.test\bin\debug\netcoreapp2.0\modelrelief.test.dll" id="b72935d2-0712-4b3f-ab50-bee1486f91a8"><Execution id="8618bc70-094f-4420-933e-0d95acb621ba" /><TestMethod codeBase="D:\Users\Steve Knipmeyer\Documents\GitHub\ModelRelief\ModelRelief.test\bin\Debug\netcoreapp2.0\ModelRelief.Test.dll" adapterTypeName="executor://xunit/VsTestRunner2/netcoreapp" className="ModelRelief.Test.Integration.Projects.ProjectsBaseIntegrationTests" name="Patch_InvalidReferencePropertyReturnsBadRequest" /></UnitTest><UnitTest name="Patch_InvalidIdPropertyReturnsNotFound" storage="d:\users\steve knipmeyer\documents\github\modelrelief\modelrelief.test\bin\debug\netcoreapp2.0\modelrelief.test.dll" id="344abb73-8aa4-4f5b-95d9-2790a3d9ccc4"><Execution id="134e92a2-91ee-4ec7-a7dd-2f1892552869" /><TestMethod codeBase="D:\Users\Steve Knipmeyer\Documents\GitHub\ModelRelief\ModelRelief.test\bin\Debug\netcoreapp2.0\ModelRelief.Test.dll" adapterTypeName="executor://xunit/VsTestRunner2/netcoreapp" className="ModelRelief.Test.Integration.Meshes.MeshesBaseIntegrationTests" name="Patch_InvalidIdPropertyReturnsNotFound" /></UnitTest><UnitTest name="Put_CanUpdateModel" storage="d:\users\steve knipmeyer\documents\github\modelrelief\modelrelief.test\bin\debug\netcoreapp2.0\modelrelief.test.dll" id="a4ffc575-900c-4169-b171-32effbdd01d5"><Execution id="d5b4d996-3660-43f0-bb25-d800f2bbf71b" /><TestMethod codeBase="D:\Users\Steve Knipmeyer\Documents\GitHub\ModelRelief\ModelRelief.test\bin\Debug\netcoreapp2.0\ModelRelief.Test.dll" adapterTypeName="executor://xunit/VsTestRunner2/netcoreapp" className="ModelRelief.Test.Integration.Cameras.CamerasBaseIntegrationTests" name="Put_CanUpdateModel" /></UnitTest><UnitTest name="PutFile_NewFileCanBePut" storage="d:\users\steve knipmeyer\documents\github\modelrelief\modelrelief.test\bin\debug\netcoreapp2.0\modelrelief.test.dll" id="a0b87597-2cbf-46aa-b2a4-f0200b9e5d1b"><Execution id="0dfaf4c0-3295-4b92-b2c8-87593d3f9f62" /><TestMethod codeBase="D:\Users\Steve Knipmeyer\Documents\GitHub\ModelRelief\ModelRelief.test\bin\Debug\netcoreapp2.0\ModelRelief.Test.dll" adapterTypeName="executor://xunit/VsTestRunner2/netcoreapp" className="ModelRelief.Test.Integration.Models.ModelsFileIntegrationTests" name="PutFile_NewFileCanBePut" /></UnitTest><UnitTest name="Post_CanCreateNewModel" storage="d:\users\steve knipmeyer\documents\github\modelrelief\modelrelief.test\bin\debug\netcoreapp2.0\modelrelief.test.dll" id="5fa0a1da-15f4-4aaa-b65c-ea31aa3323c1"><Execution id="924014a7-27bd-46b3-be30-22aecdef6b08" /><TestMethod codeBase="D:\Users\Steve Knipmeyer\Documents\GitHub\ModelRelief\ModelRelief.test\bin\Debug\netcoreapp2.0\ModelRelief.Test.dll" adapterTypeName="executor://xunit/VsTestRunner2/netcoreapp" className="ModelRelief.Test.Integration.DepthBuffers.DepthBuffersBaseIntegrationTests" name="Post_CanCreateNewModel" /></UnitTest><UnitTest name="Patch_InvalidIdPropertyReturnsNotFound" storage="d:\users\steve knipmeyer\documents\github\modelrelief\modelrelief.test\bin\debug\netcoreapp2.0\modelrelief.test.dll" id="f7dcdbf6-de0c-47b1-b8db-9c37245eaebf"><Execution id="a8768672-a88b-4154-ac13-a99a863affcf" /><TestMethod codeBase="D:\Users\Steve Knipmeyer\Documents\GitHub\ModelRelief\ModelRelief.test\bin\Debug\netcoreapp2.0\ModelRelief.Test.dll" adapterTypeName="executor://xunit/VsTestRunner2/netcoreapp" className="ModelRelief.Test.Integration.MeshTransforms.MeshTransformsBaseIntegrationTests" name="Patch_InvalidIdPropertyReturnsNotFound" /></UnitTest><UnitTest name="Post_CanCreateNewModel" storage="d:\users\steve knipmeyer\documents\github\modelrelief\modelrelief.test\bin\debug\netcoreapp2.0\modelrelief.test.dll" id="c2b8fd31-8f1f-4f17-be4e-c315f043b2e8"><Execution id="5f5959fe-bec7-48e9-bc7c-a9ca8aecfd8a" /><TestMethod codeBase="D:\Users\Steve Knipmeyer\Documents\GitHub\ModelRelief\ModelRelief.test\bin\Debug\netcoreapp2.0\ModelRelief.Test.dll" adapterTypeName="executor://xunit/VsTestRunner2/netcoreapp" className="ModelRelief.Test.Integration.Meshes.MeshesBaseIntegrationTests" name="Post_CanCreateNewModel" /></UnitTest><UnitTest name="PostFile_NewFileCanBePosted" storage="d:\users\steve knipmeyer\documents\github\modelrelief\modelrelief.test\bin\debug\netcoreapp2.0\modelrelief.test.dll" id="4a7f20fc-f3ae-46dd-8572-321f33e29088"><Execution id="1f13107f-b385-49a6-a730-353d43660fed" /><TestMethod codeBase="D:\Users\Steve Knipmeyer\Documents\GitHub\ModelRelief\ModelRelief.test\bin\Debug\netcoreapp2.0\ModelRelief.Test.dll" adapterTypeName="executor://xunit/VsTestRunner2/netcoreapp" className="ModelRelief.Test.Integration.Meshes.MeshesFileIntegrationTests" name="PostFile_NewFileCanBePosted" /></UnitTest><UnitTest name="GetSingle_InvalidIdPropertyValueReturnsNotFound" storage="d:\users\steve knipmeyer\documents\github\modelrelief\modelrelief.test\bin\debug\netcoreapp2.0\modelrelief.test.dll" id="bc339750-98dd-4be1-8eb1-f95400a67f5d"><Execution id="a14b3f9e-52fd-4135-bbf3-0f1cc8500d69" /><TestMethod codeBase="D:\Users\Steve Knipmeyer\Documents\GitHub\ModelRelief\ModelRelief.test\bin\Debug\netcoreapp2.0\ModelRelief.Test.dll" adapterTypeName="executor://xunit/VsTestRunner2/netcoreapp" className="ModelRelief.Test.Integration.Models.ModelsBaseIntegrationTests" name="GetSingle_InvalidIdPropertyValueReturnsNotFound" /></UnitTest><UnitTest name="PutFile_FileCanBeUpdated" storage="d:\users\steve knipmeyer\documents\github\modelrelief\modelrelief.test\bin\debug\netcoreapp2.0\modelrelief.test.dll" id="6685788a-0913-4b08-9cb2-13646ecce839"><Execution id="6739622c-1be4-41c9-a1d5-2ca37c93969c" /><TestMethod codeBase="D:\Users\Steve Knipmeyer\Documents\GitHub\ModelRelief\ModelRelief.test\bin\Debug\netcoreapp2.0\ModelRelief.Test.dll" adapterTypeName="executor://xunit/VsTestRunner2/netcoreapp" className="ModelRelief.Test.Integration.Models.ModelsFileIntegrationTests" name="PutFile_FileCanBeUpdated" /></UnitTest><UnitTest name="Post_ValidReferencePropertyCreatesModel" storage="d:\users\steve knipmeyer\documents\github\modelrelief\modelrelief.test\bin\debug\netcoreapp2.0\modelrelief.test.dll" id="c96c8aa4-ce5d-4591-87d7-306a5bfbd93e"><Execution id="fe194204-d808-41d3-8e3e-9b284ad33d2f" /><TestMethod codeBase="D:\Users\Steve Knipmeyer\Documents\GitHub\ModelRelief\ModelRelief.test\bin\Debug\netcoreapp2.0\ModelRelief.Test.dll" adapterTypeName="executor://xunit/VsTestRunner2/netcoreapp" className="ModelRelief.Test.Integration.Cameras.CamerasBaseIntegrationTests" name="Post_ValidReferencePropertyCreatesModel" /></UnitTest><UnitTest name="Patch_ValidReferencePropertyUpdatesModel" storage="d:\users\steve knipmeyer\documents\github\modelrelief\modelrelief.test\bin\debug\netcoreapp2.0\modelrelief.test.dll" id="a3011401-420e-414b-9730-b7141196dfe2"><Execution id="031306fb-758a-4023-be36-6056179a94a1" /><TestMethod codeBase="D:\Users\Steve Knipmeyer\Documents\GitHub\ModelRelief\ModelRelief.test\bin\Debug\netcoreapp2.0\ModelRelief.Test.dll" adapterTypeName="executor://xunit/VsTestRunner2/netcoreapp" className="ModelRelief.Test.Integration.DepthBuffers.DepthBuffersBaseIntegrationTests" name="Patch_ValidReferencePropertyUpdatesModel" /></UnitTest><UnitTest name="Put_CanUpdateModel" storage="d:\users\steve knipmeyer\documents\github\modelrelief\modelrelief.test\bin\debug\netcoreapp2.0\modelrelief.test.dll" id="99e3efcf-520c-4b90-a609-fe7a9300d32a"><Execution id="e318de72-049b-4c97-8758-f82f5d7bf9dd" /><TestMethod codeBase="D:\Users\Steve Knipmeyer\Documents\GitHub\ModelRelief\ModelRelief.test\bin\Debug\netcoreapp2.0\ModelRelief.Test.dll" adapterTypeName="executor://xunit/VsTestRunner2/netcoreapp" className="ModelRelief.Test.Integration.Models.ModelsBaseIntegrationTests" name="Put_CanUpdateModel" /></UnitTest><UnitTest name="GetFile_NonExistentFileReturnsNotFound" storage="d:\users\steve knipmeyer\documents\github\modelrelief\modelrelief.test\bin\debug\netcoreapp2.0\modelrelief.test.dll" id="62f5e426-31fb-4397-95ab-f8b48b1b7c07"><Execution id="5cf99e31-be15-4c85-b5e5-b990d5ed427b" /><TestMethod codeBase="D:\Users\Steve Knipmeyer\Documents\GitHub\ModelRelief\ModelRelief.test\bin\Debug\netcoreapp2.0\ModelRelief.Test.dll" adapterTypeName="executor://xunit/VsTestRunner2/netcoreapp" className="ModelRelief.Test.Integration.DepthBuffers.DepthBuffersFileIntegrationTests" name="GetFile_NonExistentFileReturnsNotFound" /></UnitTest><UnitTest name="Put_InvalidIdReturnsNotFound" storage="d:\users\steve knipmeyer\documents\github\modelrelief\modelrelief.test\bin\debug\netcoreapp2.0\modelrelief.test.dll" id="d2dc45aa-1918-4b92-8edb-f9785c2f4f18"><Execution id="1884c689-b93d-4831-a85f-07821c8150c5" /><TestMethod codeBase="D:\Users\Steve Knipmeyer\Documents\GitHub\ModelRelief\ModelRelief.test\bin\Debug\netcoreapp2.0\ModelRelief.Test.dll" adapterTypeName="executor://xunit/VsTestRunner2/netcoreapp" className="ModelRelief.Test.Integration.Cameras.CamerasBaseIntegrationTests" name="Put_InvalidIdReturnsNotFound" /></UnitTest><UnitTest name="Post_CanCreateNewModel" storage="d:\users\steve knipmeyer\documents\github\modelrelief\modelrelief.test\bin\debug\netcoreapp2.0\modelrelief.test.dll" id="15dfcd02-a2f5-4fcd-9818-f6de6d301ae5"><Execution id="3b435dc1-4e2e-4e2f-bba8-6152133b0025" /><TestMethod codeBase="D:\Users\Steve Knipmeyer\Documents\GitHub\ModelRelief\ModelRelief.test\bin\Debug\netcoreapp2.0\ModelRelief.Test.dll" adapterTypeName="executor://xunit/VsTestRunner2/netcoreapp" className="ModelRelief.Test.Integration.Cameras.CamerasBaseIntegrationTests" name="Post_CanCreateNewModel" /></UnitTest><UnitTest name="Post_InvalidReferencePropertyReturnsBadRequest" storage="d:\users\steve knipmeyer\documents\github\modelrelief\modelrelief.test\bin\debug\netcoreapp2.0\modelrelief.test.dll" id="719b30cd-433a-450f-828f-d8719cce45d7"><Execution id="aefd4e96-231b-4b60-aadc-c527640ad55f" /><TestMethod codeBase="D:\Users\Steve Knipmeyer\Documents\GitHub\ModelRelief\ModelRelief.test\bin\Debug\netcoreapp2.0\ModelRelief.Test.dll" adapterTypeName="executor://xunit/VsTestRunner2/netcoreapp" className="ModelRelief.Test.Integration.DepthBuffers.DepthBuffersBaseIntegrationTests" name="Post_InvalidReferencePropertyReturnsBadRequest" /></UnitTest><UnitTest name="GetSingle_InvalidIdPropertyValueReturnsNotFound" storage="d:\users\steve knipmeyer\documents\github\modelrelief\modelrelief.test\bin\debug\netcoreapp2.0\modelrelief.test.dll" id="569f0068-2bc6-4049-abd2-ad40741d39d6"><Execution id="f5f50224-f9b5-4792-98dd-6f4d6a981ffe" /><TestMethod codeBase="D:\Users\Steve Knipmeyer\Documents\GitHub\ModelRelief\ModelRelief.test\bin\Debug\netcoreapp2.0\ModelRelief.Test.dll" adapterTypeName="executor://xunit/VsTestRunner2/netcoreapp" className="ModelRelief.Test.Integration.Meshes.MeshesBaseIntegrationTests" name="GetSingle_InvalidIdPropertyValueReturnsNotFound" /></UnitTest><UnitTest name="Delete_TargetModelIsDeleted" storage="d:\users\steve knipmeyer\documents\github\modelrelief\modelrelief.test\bin\debug\netcoreapp2.0\modelrelief.test.dll" id="de020ab5-699e-4647-823b-896921197f42"><Execution id="c0221cad-7c29-4580-a526-d563c2224fe7" /><TestMethod codeBase="D:\Users\Steve Knipmeyer\Documents\GitHub\ModelRelief\ModelRelief.test\bin\Debug\netcoreapp2.0\ModelRelief.Test.dll" adapterTypeName="executor://xunit/VsTestRunner2/netcoreapp" className="ModelRelief.Test.Integration.Cameras.CamerasBaseIntegrationTests" name="Delete_TargetModelIsDeleted" /></UnitTest><UnitTest name="FileRequest_MeshGenerateSetsFileIsSynchronized" storage="d:\users\steve knipmeyer\documents\github\modelrelief\modelrelief.test\bin\debug\netcoreapp2.0\modelrelief.test.dll" id="675145f2-e607-42db-9a14-473c6d47d243"><Execution id="b427ea1b-433e-4c18-a945-b59bb389f65a" /><TestMethod codeBase="D:\Users\Steve Knipmeyer\Documents\GitHub\ModelRelief\ModelRelief.test\bin\Debug\netcoreapp2.0\ModelRelief.Test.dll" adapterTypeName="executor://xunit/VsTestRunner2/netcoreapp" className="ModelRelief.Test.Integration.Meshes.MeshesFileIntegrationTests" name="FileRequest_MeshGenerateSetsFileIsSynchronized" /></UnitTest><UnitTest name="Patch_InvalidEnumPropertyValueReturnsBadRequest" storage="d:\users\steve knipmeyer\documents\github\modelrelief\modelrelief.test\bin\debug\netcoreapp2.0\modelrelief.test.dll" id="64b94af3-9cc7-4352-bfe3-cde0d14c49aa"><Execution id="443bd742-47bd-4075-bae3-4a92dd6a3252" /><TestMethod codeBase="D:\Users\Steve Knipmeyer\Documents\GitHub\ModelRelief\ModelRelief.test\bin\Debug\netcoreapp2.0\ModelRelief.Test.dll" adapterTypeName="executor://xunit/VsTestRunner2/netcoreapp" className="ModelRelief.Test.Integration.Cameras.CamerasBaseIntegrationTests" name="Patch_InvalidEnumPropertyValueReturnsBadRequest" /></UnitTest><UnitTest name="Patch_TargetPropertyIsUpdated" storage="d:\users\steve knipmeyer\documents\github\modelrelief\modelrelief.test\bin\debug\netcoreapp2.0\modelrelief.test.dll" id="97350e12-79bd-4594-9323-dd3e17d752f0"><Execution id="f66b7bff-2022-47c3-979e-841c91d7b88b" /><TestMethod codeBase="D:\Users\Steve Knipmeyer\Documents\GitHub\ModelRelief\ModelRelief.test\bin\Debug\netcoreapp2.0\ModelRelief.Test.dll" adapterTypeName="executor://xunit/VsTestRunner2/netcoreapp" className="ModelRelief.Test.Integration.Projects.ProjectsBaseIntegrationTests" name="Patch_TargetPropertyIsUpdated" /></UnitTest><UnitTest name="Patch_InvalidIdPropertyReturnsNotFound" storage="d:\users\steve knipmeyer\documents\github\modelrelief\modelrelief.test\bin\debug\netcoreapp2.0\modelrelief.test.dll" id="a65fadd9-c4c1-41a8-9754-bef5e099915a"><Execution id="6720b67f-809b-4233-9534-3a558a699c92" /><TestMethod codeBase="D:\Users\Steve Knipmeyer\Documents\GitHub\ModelRelief\ModelRelief.test\bin\Debug\netcoreapp2.0\ModelRelief.Test.dll" adapterTypeName="executor://xunit/VsTestRunner2/netcoreapp" className="ModelRelief.Test.Integration.Models.ModelsBaseIntegrationTests" name="Patch_InvalidIdPropertyReturnsNotFound" /></UnitTest><UnitTest name="Patch_ValidReferencePropertyUpdatesModel" storage="d:\users\steve knipmeyer\documents\github\modelrelief\modelrelief.test\bin\debug\netcoreapp2.0\modelrelief.test.dll" id="eadffeb1-7e9d-4cca-bf69-5049fc9bd7e8"><Execution id="c2db804a-50cb-4b1f-98b0-ef2d5d768124" /><TestMethod codeBase="D:\Users\Steve Knipmeyer\Documents\GitHub\ModelRelief\ModelRelief.test\bin\Debug\netcoreapp2.0\ModelRelief.Test.dll" adapterTypeName="executor://xunit/VsTestRunner2/netcoreapp" className="ModelRelief.Test.Integration.Models.ModelsBaseIntegrationTests" name="Patch_ValidReferencePropertyUpdatesModel" /></UnitTest><UnitTest name="Put_ValidReferencePropertyUpdatesModel" storage="d:\users\steve knipmeyer\documents\github\modelrelief\modelrelief.test\bin\debug\netcoreapp2.0\modelrelief.test.dll" id="adc7d338-e75e-49fe-a450-74edd61b6902"><Execution id="d653abf2-88c5-4614-8884-4ec680cf21b8" /><TestMethod codeBase="D:\Users\Steve Knipmeyer\Documents\GitHub\ModelRelief\ModelRelief.test\bin\Debug\netcoreapp2.0\ModelRelief.Test.dll" adapterTypeName="executor://xunit/VsTestRunner2/netcoreapp" className="ModelRelief.Test.Integration.Meshes.MeshesBaseIntegrationTests" name="Put_ValidReferencePropertyUpdatesModel" /></UnitTest><UnitTest name="Post_InvalidPropertyValueReturnsBadRequest" storage="d:\users\steve knipmeyer\documents\github\modelrelief\modelrelief.test\bin\debug\netcoreapp2.0\modelrelief.test.dll" id="deb48201-c2eb-4d59-9212-a91a0d36ff6c"><Execution id="32be1249-2eb6-4b4b-8e2d-3de0180df865" /><TestMethod codeBase="D:\Users\Steve Knipmeyer\Documents\GitHub\ModelRelief\ModelRelief.test\bin\Debug\netcoreapp2.0\ModelRelief.Test.dll" adapterTypeName="executor://xunit/VsTestRunner2/netcoreapp" className="ModelRelief.Test.Integration.Models.ModelsBaseIntegrationTests" name="Post_InvalidPropertyValueReturnsBadRequest" /></UnitTest><UnitTest name="Post_InvalidPropertyValueReturnsBadRequest" storage="d:\users\steve knipmeyer\documents\github\modelrelief\modelrelief.test\bin\debug\netcoreapp2.0\modelrelief.test.dll" id="da9aef03-aa64-4163-8c9f-8cdebf2fd2fd"><Execution id="d0338c40-4440-4ff2-b002-f746a2bf51ca" /><TestMethod codeBase="D:\Users\Steve Knipmeyer\Documents\GitHub\ModelRelief\ModelRelief.test\bin\Debug\netcoreapp2.0\ModelRelief.Test.dll" adapterTypeName="executor://xunit/VsTestRunner2/netcoreapp" className="ModelRelief.Test.Integration.Projects.ProjectsBaseIntegrationTests" name="Post_InvalidPropertyValueReturnsBadRequest" /></UnitTest><UnitTest name="GetList_ListReturnsCorrectCount" storage="d:\users\steve knipmeyer\documents\github\modelrelief\modelrelief.test\bin\debug\netcoreapp2.0\modelrelief.test.dll" id="6c47ff82-4618-4c49-a782-2e92e5f1d15f"><Execution id="b7c95b79-b11e-4ed0-b6dd-3c3794779621" /><TestMethod codeBase="D:\Users\Steve Knipmeyer\Documents\GitHub\ModelRelief\ModelRelief.test\bin\Debug\netcoreapp2.0\ModelRelief.Test.dll" adapterTypeName="executor://xunit/VsTestRunner2/netcoreapp" className="ModelRelief.Test.Integration.Projects.ProjectsBaseIntegrationTests" name="GetList_ListReturnsCorrectCount" /></UnitTest><UnitTest name="Patch_InvalidReferencePropertyReturnsBadRequest" storage="d:\users\steve knipmeyer\documents\github\modelrelief\modelrelief.test\bin\debug\netcoreapp2.0\modelrelief.test.dll" id="a8cc0dd3-84aa-4a35-94c4-1f5b3efbdbc4"><Execution id="eb9e94f8-e173-4364-9a9f-5b17b0de033e" /><TestMethod codeBase="D:\Users\Steve Knipmeyer\Documents\GitHub\ModelRelief\ModelRelief.test\bin\Debug\netcoreapp2.0\ModelRelief.Test.dll" adapterTypeName="executor://xunit/VsTestRunner2/netcoreapp" className="ModelRelief.Test.Integration.MeshTransforms.MeshTransformsBaseIntegrationTests" name="Patch_InvalidReferencePropertyReturnsBadRequest" /></UnitTest><UnitTest name="Patch_ValidReferencePropertyUpdatesModel" storage="d:\users\steve knipmeyer\documents\github\modelrelief\modelrelief.test\bin\debug\netcoreapp2.0\modelrelief.test.dll" id="8484e40e-58ba-49b2-b58c-9b7c4ac7572a"><Execution id="3ef684e9-58ba-48da-b471-e940c1c2b776" /><TestMethod codeBase="D:\Users\Steve Knipmeyer\Documents\GitHub\ModelRelief\ModelRelief.test\bin\Debug\netcoreapp2.0\ModelRelief.Test.dll" adapterTypeName="executor://xunit/VsTestRunner2/netcoreapp" className="ModelRelief.Test.Integration.MeshTransforms.MeshTransformsBaseIntegrationTests" name="Patch_ValidReferencePropertyUpdatesModel" /></UnitTest><UnitTest name="Patch_InvalidEnumPropertyValueReturnsBadRequest" storage="d:\users\steve knipmeyer\documents\github\modelrelief\modelrelief.test\bin\debug\netcoreapp2.0\modelrelief.test.dll" id="db040603-dcc0-43c0-8fc2-35b995e75aa3"><Execution id="f931de48-5e5f-473b-86f6-65ca520da109" /><TestMethod codeBase="D:\Users\Steve Knipmeyer\Documents\GitHub\ModelRelief\ModelRelief.test\bin\Debug\netcoreapp2.0\ModelRelief.Test.dll" adapterTypeName="executor://xunit/VsTestRunner2/netcoreapp" className="ModelRelief.Test.Integration.Models.ModelsBaseIntegrationTests" name="Patch_InvalidEnumPropertyValueReturnsBadRequest" /></UnitTest><UnitTest name="Patch_InvalidReferencePropertyReturnsBadRequest" storage="d:\users\steve knipmeyer\documents\github\modelrelief\modelrelief.test\bin\debug\netcoreapp2.0\modelrelief.test.dll" id="5143a0b8-65d1-4787-b830-48b4a01834bc"><Execution id="f4ff7afa-e1ce-4265-91b0-c4a5f9f9c7bd" /><TestMethod codeBase="D:\Users\Steve Knipmeyer\Documents\GitHub\ModelRelief\ModelRelief.test\bin\Debug\netcoreapp2.0\ModelRelief.Test.dll" adapterTypeName="executor://xunit/VsTestRunner2/netcoreapp" className="ModelRelief.Test.Integration.DepthBuffers.DepthBuffersBaseIntegrationTests" name="Patch_InvalidReferencePropertyReturnsBadRequest" /></UnitTest><UnitTest name="Delete_TargetModelIsDeleted" storage="d:\users\steve knipmeyer\documents\github\modelrelief\modelrelief.test\bin\debug\netcoreapp2.0\modelrelief.test.dll" id="58d0431a-6e68-49d7-8f72-45f6c5ac7bc6"><Execution id="898c956e-f738-4eb7-acf4-d6083a69e536" /><TestMethod codeBase="D:\Users\Steve Knipmeyer\Documents\GitHub\ModelRelief\ModelRelief.test\bin\Debug\netcoreapp2.0\ModelRelief.Test.dll" adapterTypeName="executor://xunit/VsTestRunner2/netcoreapp" className="ModelRelief.Test.Integration.Projects.ProjectsBaseIntegrationTests" name="Delete_TargetModelIsDeleted" /></UnitTest><UnitTest name="Post_InvalidReferencePropertyReturnsBadRequest" storage="d:\users\steve knipmeyer\documents\github\modelrelief\modelrelief.test\bin\debug\netcoreapp2.0\modelrelief.test.dll" id="732f1226-a86e-46b8-8dff-e22b2184bb2b"><Execution id="5d4e9dc8-60bf-43ef-b5af-d2e413a82f3c" /><TestMethod codeBase="D:\Users\Steve Knipmeyer\Documents\GitHub\ModelRelief\ModelRelief.test\bin\Debug\netcoreapp2.0\ModelRelief.Test.dll" adapterTypeName="executor://xunit/VsTestRunner2/netcoreapp" className="ModelRelief.Test.Integration.Projects.ProjectsBaseIntegrationTests" name="Post_InvalidReferencePropertyReturnsBadRequest" /></UnitTest><UnitTest name="Put_ValidReferencePropertyUpdatesModel" storage="d:\users\steve knipmeyer\documents\github\modelrelief\modelrelief.test\bin\debug\netcoreapp2.0\modelrelief.test.dll" id="8dce3911-0f18-431d-8e2f-b0fb4e5953f6"><Execution id="d5647aa8-1e04-433e-8dd4-5956265d44d7" /><TestMethod codeBase="D:\Users\Steve Knipmeyer\Documents\GitHub\ModelRelief\ModelRelief.test\bin\Debug\netcoreapp2.0\ModelRelief.Test.dll" adapterTypeName="executor://xunit/VsTestRunner2/netcoreapp" className="ModelRelief.Test.Integration.Cameras.CamerasBaseIntegrationTests" name="Put_ValidReferencePropertyUpdatesModel" /></UnitTest><UnitTest name="Put_InvalidIdReturnsNotFound" storage="d:\users\steve knipmeyer\documents\github\modelrelief\modelrelief.test\bin\debug\netcoreapp2.0\modelrelief.test.dll" id="5b56c6e9-e63e-4fdc-af3e-5541e74a8362"><Execution id="e2b7abb7-c4a7-4f56-b3d3-3819ef0ac6d6" /><TestMethod codeBase="D:\Users\Steve Knipmeyer\Documents\GitHub\ModelRelief\ModelRelief.test\bin\Debug\netcoreapp2.0\ModelRelief.Test.dll" adapterTypeName="executor://xunit/VsTestRunner2/netcoreapp" className="ModelRelief.Test.Integration.Meshes.MeshesBaseIntegrationTests" name="Put_InvalidIdReturnsNotFound" /></UnitTest><UnitTest name="Delete_TargetModelIsDeleted" storage="d:\users\steve knipmeyer\documents\github\modelrelief\modelrelief.test\bin\debug\netcoreapp2.0\modelrelief.test.dll" id="09b1de87-2784-4718-8e89-cdd52efc94da"><Execution id="f301a935-744d-486c-a379-b3738d352a27" /><TestMethod codeBase="D:\Users\Steve Knipmeyer\Documents\GitHub\ModelRelief\ModelRelief.test\bin\Debug\netcoreapp2.0\ModelRelief.Test.dll" adapterTypeName="executor://xunit/VsTestRunner2/netcoreapp" className="ModelRelief.Test.Integration.DepthBuffers.DepthBuffersBaseIntegrationTests" name="Delete_TargetModelIsDeleted" /></UnitTest><UnitTest name="Delete_TargetModelIsDeleted" storage="d:\users\steve knipmeyer\documents\github\modelrelief\modelrelief.test\bin\debug\netcoreapp2.0\modelrelief.test.dll" id="9aa0d72c-196f-4841-b692-8244b753c109"><Execution id="aeef0251-7e62-45a6-8e71-e51a4adb8881" /><TestMethod codeBase="D:\Users\Steve Knipmeyer\Documents\GitHub\ModelRelief\ModelRelief.test\bin\Debug\netcoreapp2.0\ModelRelief.Test.dll" adapterTypeName="executor://xunit/VsTestRunner2/netcoreapp" className="ModelRelief.Test.Integration.MeshTransforms.MeshTransformsBaseIntegrationTests" name="Delete_TargetModelIsDeleted" /></UnitTest><UnitTest name="Put_InvalidReferencePropertyReturndBadRequest" storage="d:\users\steve knipmeyer\documents\github\modelrelief\modelrelief.test\bin\debug\netcoreapp2.0\modelrelief.test.dll" id="1e2c891e-00bc-43b9-8aed-1b079a30dedc"><Execution id="bb87d57b-6374-4bf7-ac0e-5fa6758eedd7" /><TestMethod codeBase="D:\Users\Steve Knipmeyer\Documents\GitHub\ModelRelief\ModelRelief.test\bin\Debug\netcoreapp2.0\ModelRelief.Test.dll" adapterTypeName="executor://xunit/VsTestRunner2/netcoreapp" className="ModelRelief.Test.Integration.Models.ModelsBaseIntegrationTests" name="Put_InvalidReferencePropertyReturndBadRequest" /></UnitTest><UnitTest name="GetList_ListReturnsCorrectCount" storage="d:\users\steve knipmeyer\documents\github\modelrelief\modelrelief.test\bin\debug\netcoreapp2.0\modelrelief.test.dll" id="c7ecd9ae-f43b-4a6e-b8c4-96cf0ab7197c"><Execution id="edf33ee3-9322-476c-862e-20daa3d4dda1" /><TestMethod codeBase="D:\Users\Steve Knipmeyer\Documents\GitHub\ModelRelief\ModelRelief.test\bin\Debug\netcoreapp2.0\ModelRelief.Test.dll" adapterTypeName="executor://xunit/VsTestRunner2/netcoreapp" className="ModelRelief.Test.Integration.Models.ModelsBaseIntegrationTests" name="GetList_ListReturnsCorrectCount" /></UnitTest><UnitTest name="Patch_InvalidPropertyNameReturnsBadRequest" storage="d:\users\steve knipmeyer\documents\github\modelrelief\modelrelief.test\bin\debug\netcoreapp2.0\modelrelief.test.dll" id="d52342df-2aab-4ac2-933f-e00012815e3b"><Execution id="ad047c73-4c9a-4eaf-b145-54a9e82c71b5" /><TestMethod codeBase="D:\Users\Steve Knipmeyer\Documents\GitHub\ModelRelief\ModelRelief.test\bin\Debug\netcoreapp2.0\ModelRelief.Test.dll" adapterTypeName="executor://xunit/VsTestRunner2/netcoreapp" className="ModelRelief.Test.Integration.Cameras.CamerasBaseIntegrationTests" name="Patch_InvalidPropertyNameReturnsBadRequest" /></UnitTest><UnitTest name="Patch_ValidReferencePropertyUpdatesModel" storage="d:\users\steve knipmeyer\documents\github\modelrelief\modelrelief.test\bin\debug\netcoreapp2.0\modelrelief.test.dll" id="b0bcceea-d78a-49a2-bf02-3bd794639799"><Execution id="1a7477d6-e782-4ce9-89fc-b2414ed390bb" /><TestMethod codeBase="D:\Users\Steve Knipmeyer\Documents\GitHub\ModelRelief\ModelRelief.test\bin\Debug\netcoreapp2.0\ModelRelief.Test.dll" adapterTypeName="executor://xunit/VsTestRunner2/netcoreapp" className="ModelRelief.Test.Integration.Projects.ProjectsBaseIntegrationTests" name="Patch_ValidReferencePropertyUpdatesModel" /></UnitTest><UnitTest name="PutFile_FileCanBeUpdated" storage="d:\users\steve knipmeyer\documents\github\modelrelief\modelrelief.test\bin\debug\netcoreapp2.0\modelrelief.test.dll" id="1a40e661-1a18-4a1b-a4cc-16b516ed15d0"><Execution id="59c9e5c7-77ae-4a8e-962f-5887004c6fea" /><TestMethod codeBase="D:\Users\Steve Knipmeyer\Documents\GitHub\ModelRelief\ModelRelief.test\bin\Debug\netcoreapp2.0\ModelRelief.Test.dll" adapterTypeName="executor://xunit/VsTestRunner2/netcoreapp" className="ModelRelief.Test.Integration.DepthBuffers.DepthBuffersFileIntegrationTests" name="PutFile_FileCanBeUpdated" /></UnitTest><UnitTest name="PostFile_FileTimeStampIsUpdatedAfterFileIsPosted" storage="d:\users\steve knipmeyer\documents\github\modelrelief\modelrelief.test\bin\debug\netcoreapp2.0\modelrelief.test.dll" id="9a44aba4-9751-43cb-b28d-548584504a04"><Execution id="ca132cd8-0764-406c-8dd7-92fb216ca85b" /><TestMethod codeBase="D:\Users\Steve Knipmeyer\Documents\GitHub\ModelRelief\ModelRelief.test\bin\Debug\netcoreapp2.0\ModelRelief.Test.dll" adapterTypeName="executor://xunit/VsTestRunner2/netcoreapp" className="ModelRelief.Test.Integration.Models.ModelsFileIntegrationTests" name="PostFile_FileTimeStampIsUpdatedAfterFileIsPosted" /></UnitTest><UnitTest name="Post_InvalidPropertyValueReturnsBadRequest" storage="d:\users\steve knipmeyer\documents\github\modelrelief\modelrelief.test\bin\debug\netcoreapp2.0\modelrelief.test.dll" id="292da418-0845-4f6b-830c-5a09339e7c88"><Execution id="5d1efc66-4dee-449f-a5e2-4efd56e1bf58" /><TestMethod codeBase="D:\Users\Steve Knipmeyer\Documents\GitHub\ModelRelief\ModelRelief.test\bin\Debug\netcoreapp2.0\ModelRelief.Test.dll" adapterTypeName="executor://xunit/VsTestRunner2/netcoreapp" className="ModelRelief.Test.Integration.Cameras.CamerasBaseIntegrationTests" name="Post_InvalidPropertyValueReturnsBadRequest" /></UnitTest><UnitTest name="Patch_InvalidPropertyNameReturnsBadRequest" storage="d:\users\steve knipmeyer\documents\github\modelrelief\modelrelief.test\bin\debug\netcoreapp2.0\modelrelief.test.dll" id="03a7da0d-165c-41fc-b309-02113fb51e7d"><Execution id="4a629824-fa02-4432-ae00-67fe23f3d0fe" /><TestMethod codeBase="D:\Users\Steve Knipmeyer\Documents\GitHub\ModelRelief\ModelRelief.test\bin\Debug\netcoreapp2.0\ModelRelief.Test.dll" adapterTypeName="executor://xunit/VsTestRunner2/netcoreapp" className="ModelRelief.Test.Integration.Projects.ProjectsBaseIntegrationTests" name="Patch_InvalidPropertyNameReturnsBadRequest" /></UnitTest><UnitTest name="Patch_MultipleInvalidReferencePropertiesReturnsMultipleValidationErrorsAndBadRequest" storage="d:\users\steve knipmeyer\documents\github\modelrelief\modelrelief.test\bin\debug\netcoreapp2.0\modelrelief.test.dll" id="70a756e7-ec7c-4b3c-9944-b63b925a2f5a"><Execution id="e280f58e-58d2-4baa-b545-2adf9f2a2d94" /><TestMethod codeBase="D:\Users\Steve Knipmeyer\Documents\GitHub\ModelRelief\ModelRelief.test\bin\Debug\netcoreapp2.0\ModelRelief.Test.dll" adapterTypeName="executor://xunit/VsTestRunner2/netcoreapp" className="ModelRelief.Test.Integration.DepthBuffers.DepthBuffersBaseIntegrationTests" name="Patch_MultipleInvalidReferencePropertiesReturnsMultipleValidationErrorsAndBadRequest" /></UnitTest><UnitTest name="PutFile_FileCanBeUpdated" storage="d:\users\steve knipmeyer\documents\github\modelrelief\modelrelief.test\bin\debug\netcoreapp2.0\modelrelief.test.dll" id="f7d0e32e-5852-46db-8c8a-c59d95e90ca2"><Execution id="ad815dc3-2a3c-47a5-9a8d-e5989efca862" /><TestMethod codeBase="D:\Users\Steve Knipmeyer\Documents\GitHub\ModelRelief\ModelRelief.test\bin\Debug\netcoreapp2.0\ModelRelief.Test.dll" adapterTypeName="executor://xunit/VsTestRunner2/netcoreapp" className="ModelRelief.Test.Integration.Meshes.MeshesFileIntegrationTests" name="PutFile_FileCanBeUpdated" /></UnitTest><UnitTest name="Put_InvalidReferencePropertyReturndBadRequest" storage="d:\users\steve knipmeyer\documents\github\modelrelief\modelrelief.test\bin\debug\netcoreapp2.0\modelrelief.test.dll" id="84d5f4d7-ef06-4980-ad99-fbf1c2d0b9fe"><Execution id="76916687-0b72-484d-82d1-0cfd93c40a74" /><TestMethod codeBase="D:\Users\Steve Knipmeyer\Documents\GitHub\ModelRelief\ModelRelief.test\bin\Debug\netcoreapp2.0\ModelRelief.Test.dll" adapterTypeName="executor://xunit/VsTestRunner2/netcoreapp" className="ModelRelief.Test.Integration.Cameras.CamerasBaseIntegrationTests" name="Put_InvalidReferencePropertyReturndBadRequest" /></UnitTest><UnitTest name="Patch_InvalidPropertyNameReturnsBadRequest" storage="d:\users\steve knipmeyer\documents\github\modelrelief\modelrelief.test\bin\debug\netcoreapp2.0\modelrelief.test.dll" id="0b7175c6-4f12-4136-a2fe-fc8c5c2f5f9d"><Execution id="e6ab767e-a334-4206-a4e6-ab8a034f6093" /><TestMethod codeBase="D:\Users\Steve Knipmeyer\Documents\GitHub\ModelRelief\ModelRelief.test\bin\Debug\netcoreapp2.0\ModelRelief.Test.dll" adapterTypeName="executor://xunit/VsTestRunner2/netcoreapp" className="ModelRelief.Test.Integration.DepthBuffers.DepthBuffersBaseIntegrationTests" name="Patch_InvalidPropertyNameReturnsBadRequest" /></UnitTest><UnitTest name="GetFile_ExistingFileReturnsSuccess" storage="d:\users\steve knipmeyer\documents\github\modelrelief\modelrelief.test\bin\debug\netcoreapp2.0\modelrelief.test.dll" id="f4e350be-689a-45c3-8996-2c5da8c45a3e"><Execution id="da4dad1c-89f8-4864-bdd3-61fc898ab9c8" /><TestMethod codeBase="D:\Users\Steve Knipmeyer\Documents\GitHub\ModelRelief\ModelRelief.test\bin\Debug\netcoreapp2.0\ModelRelief.Test.dll" adapterTypeName="executor://xunit/VsTestRunner2/netcoreapp" className="ModelRelief.Test.Integration.Meshes.MeshesFileIntegrationTests" name="GetFile_ExistingFileReturnsSuccess" /></UnitTest><UnitTest name="Put_InvalidReferencePropertyReturndBadRequest" storage="d:\users\steve knipmeyer\documents\github\modelrelief\modelrelief.test\bin\debug\netcoreapp2.0\modelrelief.test.dll" id="3791fd08-eec5-4ab1-968d-9be0ae205c28"><Execution id="1ca90369-671c-40e1-9a70-4e6a436210a1" /><TestMethod codeBase="D:\Users\Steve Knipmeyer\Documents\GitHub\ModelRelief\ModelRelief.test\bin\Debug\netcoreapp2.0\ModelRelief.Test.dll" adapterTypeName="executor://xunit/VsTestRunner2/netcoreapp" className="ModelRelief.Test.Integration.MeshTransforms.MeshTransformsBaseIntegrationTests" name="Put_InvalidReferencePropertyReturndBadRequest" /></UnitTest><UnitTest name="Post_CanCreateNewModel" storage="d:\users\steve knipmeyer\documents\github\modelrelief\modelrelief.test\bin\debug\netcoreapp2.0\modelrelief.test.dll" id="95ceca16-07e1-4738-b16c-5aef1c5bf441"><Execution id="6f15f50c-b4b9-4df5-9896-a03757ad6e67" /><TestMethod codeBase="D:\Users\Steve Knipmeyer\Documents\GitHub\ModelRelief\ModelRelief.test\bin\Debug\netcoreapp2.0\ModelRelief.Test.dll" adapterTypeName="executor://xunit/VsTestRunner2/netcoreapp" className="ModelRelief.Test.Integration.Projects.ProjectsBaseIntegrationTests" name="Post_CanCreateNewModel" /></UnitTest><UnitTest name="Post_ValidReferencePropertyCreatesModel" storage="d:\users\steve knipmeyer\documents\github\modelrelief\modelrelief.test\bin\debug\netcoreapp2.0\modelrelief.test.dll" id="1fcb9304-fd95-49eb-a5d5-550d1dcd8070"><Execution id="4cf55f81-679d-4dc3-8427-c94f23d5842c" /><TestMethod codeBase="D:\Users\Steve Knipmeyer\Documents\GitHub\ModelRelief\ModelRelief.test\bin\Debug\netcoreapp2.0\ModelRelief.Test.dll" adapterTypeName="executor://xunit/VsTestRunner2/netcoreapp" className="ModelRelief.Test.Integration.Models.ModelsBaseIntegrationTests" name="Post_ValidReferencePropertyCreatesModel" /></UnitTest><UnitTest name="Patch_MultipleInvalidReferencePropertiesReturnsMultipleValidationErrorsAndBadRequest" storage="d:\users\steve knipmeyer\documents\github\modelrelief\modelrelief.test\bin\debug\netcoreapp2.0\modelrelief.test.dll" id="97d9bb9d-bf11-4a27-959d-a56170134295"><Execution id="f3ffd46d-66d0-4a42-878e-3ea2b5bff172" /><TestMethod codeBase="D:\Users\Steve Knipmeyer\Documents\GitHub\ModelRelief\ModelRelief.test\bin\Debug\netcoreapp2.0\ModelRelief.Test.dll" adapterTypeName="executor://xunit/VsTestRunner2/netcoreapp" className="ModelRelief.Test.Integration.Cameras.CamerasBaseIntegrationTests" name="Patch_MultipleInvalidReferencePropertiesReturnsMultipleValidationErrorsAndBadRequest" /></UnitTest><UnitTest name="Put_CanUpdateModel" storage="d:\users\steve knipmeyer\documents\github\modelrelief\modelrelief.test\bin\debug\netcoreapp2.0\modelrelief.test.dll" id="e2b9a1bb-a0ff-4c50-95d1-86b553d279c4"><Execution id="3e0c734c-0088-4913-9aab-1925a130e472" /><TestMethod codeBase="D:\Users\Steve Knipmeyer\Documents\GitHub\ModelRelief\ModelRelief.test\bin\Debug\netcoreapp2.0\ModelRelief.Test.dll" adapterTypeName="executor://xunit/VsTestRunner2/netcoreapp" className="ModelRelief.Test.Integration.MeshTransforms.MeshTransformsBaseIntegrationTests" name="Put_CanUpdateModel" /></UnitTest><UnitTest name="Patch_InvalidPropertyNameReturnsBadRequest" storage="d:\users\steve knipmeyer\documents\github\modelrelief\modelrelief.test\bin\debug\netcoreapp2.0\modelrelief.test.dll" id="7ab045a2-e2ad-4c6f-a0ec-d1bf56a6a9dc"><Execution id="efdabb7a-7009-4ad6-b66a-4265b15779f8" /><TestMethod codeBase="D:\Users\Steve Knipmeyer\Documents\GitHub\ModelRelief\ModelRelief.test\bin\Debug\netcoreapp2.0\ModelRelief.Test.dll" adapterTypeName="executor://xunit/VsTestRunner2/netcoreapp" className="ModelRelief.Test.Integration.Meshes.MeshesBaseIntegrationTests" name="Patch_InvalidPropertyNameReturnsBadRequest" /></UnitTest><UnitTest name="PostFile_FileIsSynchronizedIsUpdatedAfterFileIsPosted" storage="d:\users\steve knipmeyer\documents\github\modelrelief\modelrelief.test\bin\debug\netcoreapp2.0\modelrelief.test.dll" id="08e02752-af0e-4df0-a9b7-cc857f363e24"><Execution id="32d0fbbe-454e-4ac5-86fd-a2ad290b2978" /><TestMethod codeBase="D:\Users\Steve Knipmeyer\Documents\GitHub\ModelRelief\ModelRelief.test\bin\Debug\netcoreapp2.0\ModelRelief.Test.dll" adapterTypeName="executor://xunit/VsTestRunner2/netcoreapp" className="ModelRelief.Test.Integration.DepthBuffers.DepthBuffersFileIntegrationTests" name="PostFile_FileIsSynchronizedIsUpdatedAfterFileIsPosted" /></UnitTest><UnitTest name="GetSingle_InvalidIdPropertyValueReturnsNotFound" storage="d:\users\steve knipmeyer\documents\github\modelrelief\modelrelief.test\bin\debug\netcoreapp2.0\modelrelief.test.dll" id="ca617c98-5ff1-492c-81e7-92e4de40d7d2"><Execution id="1ccb8235-d1fb-4f44-8ea4-fd7e95f2a76a" /><TestMethod codeBase="D:\Users\Steve Knipmeyer\Documents\GitHub\ModelRelief\ModelRelief.test\bin\Debug\netcoreapp2.0\ModelRelief.Test.dll" adapterTypeName="executor://xunit/VsTestRunner2/netcoreapp" className="ModelRelief.Test.Integration.DepthBuffers.DepthBuffersBaseIntegrationTests" name="GetSingle_InvalidIdPropertyValueReturnsNotFound" /></UnitTest><UnitTest name="Put_InvalidIdReturnsNotFound" storage="d:\users\steve knipmeyer\documents\github\modelrelief\modelrelief.test\bin\debug\netcoreapp2.0\modelrelief.test.dll" id="e40d7967-b111-443c-b8e0-7c66b683ca38"><Execution id="839690c5-ba25-49e2-9126-b31f1660d56e" /><TestMethod codeBase="D:\Users\Steve Knipmeyer\Documents\GitHub\ModelRelief\ModelRelief.test\bin\Debug\netcoreapp2.0\ModelRelief.Test.dll" adapterTypeName="executor://xunit/VsTestRunner2/netcoreapp" className="ModelRelief.Test.Integration.Models.ModelsBaseIntegrationTests" name="Put_InvalidIdReturnsNotFound" /></UnitTest><UnitTest name="Put_ValidReferencePropertyUpdatesModel" storage="d:\users\steve knipmeyer\documents\github\modelrelief\modelrelief.test\bin\debug\netcoreapp2.0\modelrelief.test.dll" id="79fc285f-5c0d-464f-aab6-697bc7b58297"><Execution id="bd4c5470-4f7c-4700-9f5f-f0ac8af00557" /><TestMethod codeBase="D:\Users\Steve Knipmeyer\Documents\GitHub\ModelRelief\ModelRelief.test\bin\Debug\netcoreapp2.0\ModelRelief.Test.dll" adapterTypeName="executor://xunit/VsTestRunner2/netcoreapp" className="ModelRelief.Test.Integration.Projects.ProjectsBaseIntegrationTests" name="Put_ValidReferencePropertyUpdatesModel" /></UnitTest><UnitTest name="GetSingle_InvalidIdPropertyValueReturnsNotFound" storage="d:\users\steve knipmeyer\documents\github\modelrelief\modelrelief.test\bin\debug\netcoreapp2.0\modelrelief.test.dll" id="758dd85f-8a8f-4d79-8e52-8962f3abc3a5"><Execution id="08a87d20-7977-4bd3-9b83-2fa745b0cdd6" /><TestMethod codeBase="D:\Users\Steve Knipmeyer\Documents\GitHub\ModelRelief\ModelRelief.test\bin\Debug\netcoreapp2.0\ModelRelief.Test.dll" adapterTypeName="executor://xunit/VsTestRunner2/netcoreapp" className="ModelRelief.Test.Integration.Projects.ProjectsBaseIntegrationTests" name="GetSingle_InvalidIdPropertyValueReturnsNotFound" /></UnitTest><UnitTest name="Post_InvalidPropertyValueReturnsBadRequest" storage="d:\users\steve knipmeyer\documents\github\modelrelief\modelrelief.test\bin\debug\netcoreapp2.0\modelrelief.test.dll" id="b2bde8ac-8f0e-4334-901d-05cb214f4394"><Execution id="e0c63241-d15e-41ab-ac45-c6215c18e14a" /><TestMethod codeBase="D:\Users\Steve Knipmeyer\Documents\GitHub\ModelRelief\ModelRelief.test\bin\Debug\netcoreapp2.0\ModelRelief.Test.dll" adapterTypeName="executor://xunit/VsTestRunner2/netcoreapp" className="ModelRelief.Test.Integration.Meshes.MeshesBaseIntegrationTests" name="Post_InvalidPropertyValueReturnsBadRequest" /></UnitTest><UnitTest name="PostFile_FileTimeStampIsUpdatedAfterFileIsPosted" storage="d:\users\steve knipmeyer\documents\github\modelrelief\modelrelief.test\bin\debug\netcoreapp2.0\modelrelief.test.dll" id="243e5a21-5425-4c41-9f7d-4f31432a0d23"><Execution id="83d9891f-c0f1-4c73-8212-cbdca1096cee" /><TestMethod codeBase="D:\Users\Steve Knipmeyer\Documents\GitHub\ModelRelief\ModelRelief.test\bin\Debug\netcoreapp2.0\ModelRelief.Test.dll" adapterTypeName="executor://xunit/VsTestRunner2/netcoreapp" className="ModelRelief.Test.Integration.Meshes.MeshesFileIntegrationTests" name="PostFile_FileTimeStampIsUpdatedAfterFileIsPosted" /></UnitTest><UnitTest name="FileRequest_MeshGenerateScalesDepthBufferByP1Scale" storage="d:\users\steve knipmeyer\documents\github\modelrelief\modelrelief.test\bin\debug\netcoreapp2.0\modelrelief.test.dll" id="f1ddf820-cfcb-4a9b-805f-56c3dd1613b3"><Execution id="94fa89e2-9ba5-40bc-bd73-47297c029657" /><TestMethod codeBase="D:\Users\Steve Knipmeyer\Documents\GitHub\ModelRelief\ModelRelief.test\bin\Debug\netcoreapp2.0\ModelRelief.Test.dll" adapterTypeName="executor://xunit/VsTestRunner2/netcoreapp" className="ModelRelief.Test.Integration.Meshes.MeshesFileIntegrationTests" name="FileRequest_MeshGenerateScalesDepthBufferByP1Scale" /></UnitTest><UnitTest name="PostFile_FileIsSynchronizedIsUpdatedAfterFileIsPosted" storage="d:\users\steve knipmeyer\documents\github\modelrelief\modelrelief.test\bin\debug\netcoreapp2.0\modelrelief.test.dll" id="6afc1f1c-04d2-4a51-a2ea-940d44de90be"><Execution id="8a07811e-2f19-45a4-9d8f-1c384eccf478" /><TestMethod codeBase="D:\Users\Steve Knipmeyer\Documents\GitHub\ModelRelief\ModelRelief.test\bin\Debug\netcoreapp2.0\ModelRelief.Test.dll" adapterTypeName="executor://xunit/VsTestRunner2/netcoreapp" className="ModelRelief.Test.Integration.Models.ModelsFileIntegrationTests" name="PostFile_FileIsSynchronizedIsUpdatedAfterFileIsPosted" /></UnitTest><UnitTest name="GetFile_ExistingFileReturnsSuccess" storage="d:\users\steve knipmeyer\documents\github\modelrelief\modelrelief.test\bin\debug\netcoreapp2.0\modelrelief.test.dll" id="f8fd7070-74f5-4e24-91c2-d6920a6f2779"><Execution id="b89412d1-51a4-42ea-9d09-4371ce98a407" /><TestMethod codeBase="D:\Users\Steve Knipmeyer\Documents\GitHub\ModelRelief\ModelRelief.test\bin\Debug\netcoreapp2.0\ModelRelief.Test.dll" adapterTypeName="executor://xunit/VsTestRunner2/netcoreapp" className="ModelRelief.Test.Integration.DepthBuffers.DepthBuffersFileIntegrationTests" name="GetFile_ExistingFileReturnsSuccess" /></UnitTest><UnitTest name="Post_InvalidReferencePropertyReturnsBadRequest" storage="d:\users\steve knipmeyer\documents\github\modelrelief\modelrelief.test\bin\debug\netcoreapp2.0\modelrelief.test.dll" id="dffe9e58-9a7a-4ab2-accc-4c938d93fe2f"><Execution id="3827487f-da03-4c34-a9c7-c5ec31c4d488" /><TestMethod codeBase="D:\Users\Steve Knipmeyer\Documents\GitHub\ModelRelief\ModelRelief.test\bin\Debug\netcoreapp2.0\ModelRelief.Test.dll" adapterTypeName="executor://xunit/VsTestRunner2/netcoreapp" className="ModelRelief.Test.Integration.MeshTransforms.MeshTransformsBaseIntegrationTests" name="Post_InvalidReferencePropertyReturnsBadRequest" /></UnitTest><UnitTest name="DepthBufferHasExpectedDependentFiles" storage="d:\users\steve knipmeyer\documents\github\modelrelief\modelrelief.test\bin\debug\netcoreapp2.0\modelrelief.test.dll" id="57d49bb1-274b-4a97-8453-acba38e22680"><Execution id="8a49ce2d-1be7-4a8b-bcd7-64ebdd33899c" /><TestMethod codeBase="D:\Users\Steve Knipmeyer\Documents\GitHub\ModelRelief\ModelRelief.test\bin\Debug\netcoreapp2.0\ModelRelief.Test.dll" adapterTypeName="executor://xunit/VsTestRunner2/netcoreapp" className="ModelRelief.Test.Unit.DependencyManager.DependencyManagerTests" name="DepthBufferHasExpectedDependentFiles" /></UnitTest><UnitTest name="GetList_ListReturnsCorrectCount" storage="d:\users\steve knipmeyer\documents\github\modelrelief\modelrelief.test\bin\debug\netcoreapp2.0\modelrelief.test.dll" id="d30bf8bf-4889-429f-b5d3-4acf443501d8"><Execution id="758888c3-c2a7-4c8c-a4e0-bda6f55a6ad9" /><TestMethod codeBase="D:\Users\Steve Knipmeyer\Documents\GitHub\ModelRelief\ModelRelief.test\bin\Debug\netcoreapp2.0\ModelRelief.Test.dll" adapterTypeName="executor://xunit/VsTestRunner2/netcoreapp" className="ModelRelief.Test.Integration.Meshes.MeshesBaseIntegrationTests" name="GetList_ListReturnsCorrectCount" /></UnitTest><UnitTest name="Put_InvalidReferencePropertyReturndBadRequest" storage="d:\users\steve knipmeyer\documents\github\modelrelief\modelrelief.test\bin\debug\netcoreapp2.0\modelrelief.test.dll" id="681afdec-4545-4211-ac0c-5e693a086bd7"><Execution id="09d61ff8-72c2-45d3-96e3-3d1aa8dd045b" /><TestMethod codeBase="D:\Users\Steve Knipmeyer\Documents\GitHub\ModelRelief\ModelRelief.test\bin\Debug\netcoreapp2.0\ModelRelief.Test.dll" adapterTypeName="executor://xunit/VsTestRunner2/netcoreapp" className="ModelRelief.Test.Integration.Projects.ProjectsBaseIntegrationTests" name="Put_InvalidReferencePropertyReturndBadRequest" /></UnitTest><UnitTest name="GetList_ListReturnsCorrectCount" storage="d:\users\steve knipmeyer\documents\github\modelrelief\modelrelief.test\bin\debug\netcoreapp2.0\modelrelief.test.dll" id="a7bf36ca-74be-42f3-b6f8-47d4dcd61c1a"><Execution id="51abf01d-e3aa-4466-ac4b-0b5e69c2ac65" /><TestMethod codeBase="D:\Users\Steve Knipmeyer\Documents\GitHub\ModelRelief\ModelRelief.test\bin\Debug\netcoreapp2.0\ModelRelief.Test.dll" adapterTypeName="executor://xunit/VsTestRunner2/netcoreapp" className="ModelRelief.Test.Integration.DepthBuffers.DepthBuffersBaseIntegrationTests" name="GetList_ListReturnsCorrectCount" /></UnitTest><UnitTest name="Patch_TargetPropertyIsUpdated" storage="d:\users\steve knipmeyer\documents\github\modelrelief\modelrelief.test\bin\debug\netcoreapp2.0\modelrelief.test.dll" id="a2d2aebb-9c94-45c7-84e2-ab5e421d78e4"><Execution id="80c1bfd3-3b15-4a90-82cd-5c02cb3fad24" /><TestMethod codeBase="D:\Users\Steve Knipmeyer\Documents\GitHub\ModelRelief\ModelRelief.test\bin\Debug\netcoreapp2.0\ModelRelief.Test.dll" adapterTypeName="executor://xunit/VsTestRunner2/netcoreapp" className="ModelRelief.Test.Integration.MeshTransforms.MeshTransformsBaseIntegrationTests" name="Patch_TargetPropertyIsUpdated" /></UnitTest><UnitTest name="Patch_InvalidEnumPropertyValueReturnsBadRequest" storage="d:\users\steve knipmeyer\documents\github\modelrelief\modelrelief.test\bin\debug\netcoreapp2.0\modelrelief.test.dll" id="8bff8b85-4f9f-44e0-9ae0-50e5959933db"><Execution id="eba79e39-c42d-4a8a-bfad-d5f509b612a1" /><TestMethod codeBase="D:\Users\Steve Knipmeyer\Documents\GitHub\ModelRelief\ModelRelief.test\bin\Debug\netcoreapp2.0\ModelRelief.Test.dll" adapterTypeName="executor://xunit/VsTestRunner2/netcoreapp" className="ModelRelief.Test.Integration.Projects.ProjectsBaseIntegrationTests" name="Patch_InvalidEnumPropertyValueReturnsBadRequest" /></UnitTest><UnitTest name="Put_CanUpdateModel" storage="d:\users\steve knipmeyer\documents\github\modelrelief\modelrelief.test\bin\debug\netcoreapp2.0\modelrelief.test.dll" id="e472aedc-c10c-4576-9fc3-08f24248d243"><Execution id="2c7531f1-8bdf-4e08-922b-fbc608944f5c" /><TestMethod codeBase="D:\Users\Steve Knipmeyer\Documents\GitHub\ModelRelief\ModelRelief.test\bin\Debug\netcoreapp2.0\ModelRelief.Test.dll" adapterTypeName="executor://xunit/VsTestRunner2/netcoreapp" className="ModelRelief.Test.Integration.Projects.ProjectsBaseIntegrationTests" name="Put_CanUpdateModel" /></UnitTest><UnitTest name="Model3dHasExpectedDependentFiles" storage="d:\users\steve knipmeyer\documents\github\modelrelief\modelrelief.test\bin\debug\netcoreapp2.0\modelrelief.test.dll" id="1952edb8-63bc-462c-a759-6451fae88893"><Execution id="4a25661f-95b7-4cb7-9f0c-732f0f47d935" /><TestMethod codeBase="D:\Users\Steve Knipmeyer\Documents\GitHub\ModelRelief\ModelRelief.test\bin\Debug\netcoreapp2.0\ModelRelief.Test.dll" adapterTypeName="executor://xunit/VsTestRunner2/netcoreapp" className="ModelRelief.Test.Unit.DependencyManager.DependencyManagerTests" name="Model3dHasExpectedDependentFiles" /></UnitTest><UnitTest name="FileRequest_MeshIsInvalidatedAfterDepthBufferFileBecomesUnsynchronized" storage="d:\users\steve knipmeyer\documents\github\modelrelief\modelrelief.test\bin\debug\netcoreapp2.0\modelrelief.test.dll" id="fea08572-9723-447f-9bba-e910dd2738c6"><Execution id="8f087daf-638d-4851-a6cc-946f464a5591" /><TestMethod codeBase="D:\Users\Steve Knipmeyer\Documents\GitHub\ModelRelief\ModelRelief.test\bin\Debug\netcoreapp2.0\ModelRelief.Test.dll" adapterTypeName="executor://xunit/VsTestRunner2/netcoreapp" className="ModelRelief.Test.Integration.Meshes.MeshesFileIntegrationTests" name="FileRequest_MeshIsInvalidatedAfterDepthBufferFileBecomesUnsynchronized" /></UnitTest><UnitTest name="LucyCameraFindsAllDependents" storage="d:\users\steve knipmeyer\documents\github\modelrelief\modelrelief.test\bin\debug\netcoreapp2.0\modelrelief.test.dll" id="a29475b1-46d1-468d-8108-8cb268a8f33f"><Execution id="67b81bdf-5152-4fd4-979c-cc91719e2184" /><TestMethod codeBase="D:\Users\Steve Knipmeyer\Documents\GitHub\ModelRelief\ModelRelief.test\bin\Debug\netcoreapp2.0\ModelRelief.Test.dll" adapterTypeName="executor://xunit/VsTestRunner2/netcoreapp" className="ModelRelief.Test.Unit.DependencyManager.DependencyManagerTests" name="LucyCameraFindsAllDependents" /></UnitTest><UnitTest name="GetSingle_ValidIdPropertyValueReturnsCorrectModel" storage="d:\users\steve knipmeyer\documents\github\modelrelief\modelrelief.test\bin\debug\netcoreapp2.0\modelrelief.test.dll" id="95f66c75-8c31-4c57-9f41-e8507b5604db"><Execution id="6f45351a-9914-48ec-8921-b766efbeaa7a" /><TestMethod codeBase="D:\Users\Steve Knipmeyer\Documents\GitHub\ModelRelief\ModelRelief.test\bin\Debug\netcoreapp2.0\ModelRelief.Test.dll" adapterTypeName="executor://xunit/VsTestRunner2/netcoreapp" className="ModelRelief.Test.Integration.Meshes.MeshesBaseIntegrationTests" name="GetSingle_ValidIdPropertyValueReturnsCorrectModel" /></UnitTest><UnitTest name="Put_InvalidIdReturnsNotFound" storage="d:\users\steve knipmeyer\documents\github\modelrelief\modelrelief.test\bin\debug\netcoreapp2.0\modelrelief.test.dll" id="ec2bd5eb-6454-4288-a5e6-6edc369b650f"><Execution id="e4f01a86-7402-4437-88f0-57665dbc16a7" /><TestMethod codeBase="D:\Users\Steve Knipmeyer\Documents\GitHub\ModelRelief\ModelRelief.test\bin\Debug\netcoreapp2.0\ModelRelief.Test.dll" adapterTypeName="executor://xunit/VsTestRunner2/netcoreapp" className="ModelRelief.Test.Integration.DepthBuffers.DepthBuffersBaseIntegrationTests" name="Put_InvalidIdReturnsNotFound" /></UnitTest><UnitTest name="Patch_TargetPropertyIsUpdated" storage="d:\users\steve knipmeyer\documents\github\modelrelief\modelrelief.test\bin\debug\netcoreapp2.0\modelrelief.test.dll" id="38273b4f-7032-47d1-9401-2724a00f8bee"><Execution id="f1a54ec1-a8a8-4bb4-b17b-4eb6cf37f44a" /><TestMethod codeBase="D:\Users\Steve Knipmeyer\Documents\GitHub\ModelRelief\ModelRelief.test\bin\Debug\netcoreapp2.0\ModelRelief.Test.dll" adapterTypeName="executor://xunit/VsTestRunner2/netcoreapp" className="ModelRelief.Test.Integration.DepthBuffers.DepthBuffersBaseIntegrationTests" name="Patch_TargetPropertyIsUpdated" /></UnitTest><UnitTest name="PostFile_NewFileCanBePosted" storage="d:\users\steve knipmeyer\documents\github\modelrelief\modelrelief.test\bin\debug\netcoreapp2.0\modelrelief.test.dll" id="322e76b3-2038-46ef-94fd-d6d80559ca02"><Execution id="037b964f-739f-463e-a3ea-49cb91b69c91" /><TestMethod codeBase="D:\Users\Steve Knipmeyer\Documents\GitHub\ModelRelief\ModelRelief.test\bin\Debug\netcoreapp2.0\ModelRelief.Test.dll" adapterTypeName="executor://xunit/VsTestRunner2/netcoreapp" className="ModelRelief.Test.Integration.Models.ModelsFileIntegrationTests" name="PostFile_NewFileCanBePosted" /></UnitTest><UnitTest name="Put_InvalidReferencePropertyReturndBadRequest" storage="d:\users\steve knipmeyer\documents\github\modelrelief\modelrelief.test\bin\debug\netcoreapp2.0\modelrelief.test.dll" id="82155536-4237-46ca-a90a-af4cbbfbe5db"><Execution id="8aeda52c-cb54-4289-b47c-b9ba747a37c2" /><TestMethod codeBase="D:\Users\Steve Knipmeyer\Documents\GitHub\ModelRelief\ModelRelief.test\bin\Debug\netcoreapp2.0\ModelRelief.Test.dll" adapterTypeName="executor://xunit/VsTestRunner2/netcoreapp" className="ModelRelief.Test.Integration.Meshes.MeshesBaseIntegrationTests" name="Put_InvalidReferencePropertyReturndBadRequest" /></UnitTest><UnitTest name="Patch_InvalidIdPropertyReturnsNotFound" storage="d:\users\steve knipmeyer\documents\github\modelrelief\modelrelief.test\bin\debug\netcoreapp2.0\modelrelief.test.dll" id="5d1631fe-2b48-46e8-9699-c05b007659cb"><Execution id="be565dca-1e42-4085-83e2-5ea47a62ac97" /><TestMethod codeBase="D:\Users\Steve Knipmeyer\Documents\GitHub\ModelRelief\ModelRelief.test\bin\Debug\netcoreapp2.0\ModelRelief.Test.dll" adapterTypeName="executor://xunit/VsTestRunner2/netcoreapp" className="ModelRelief.Test.Integration.Cameras.CamerasBaseIntegrationTests" name="Patch_InvalidIdPropertyReturnsNotFound" /></UnitTest><UnitTest name="Put_InvalidIdReturnsNotFound" storage="d:\users\steve knipmeyer\documents\github\modelrelief\modelrelief.test\bin\debug\netcoreapp2.0\modelrelief.test.dll" id="50499b17-0530-422d-9b1e-d8a71bbfe1be"><Execution id="c648d3cf-a23e-48ae-a6c8-412b38f78fb1" /><TestMethod codeBase="D:\Users\Steve Knipmeyer\Documents\GitHub\ModelRelief\ModelRelief.test\bin\Debug\netcoreapp2.0\ModelRelief.Test.dll" adapterTypeName="executor://xunit/VsTestRunner2/netcoreapp" className="ModelRelief.Test.Integration.MeshTransforms.MeshTransformsBaseIntegrationTests" name="Put_InvalidIdReturnsNotFound" /></UnitTest><UnitTest name="Post_InvalidReferencePropertyReturnsBadRequest" storage="d:\users\steve knipmeyer\documents\github\modelrelief\modelrelief.test\bin\debug\netcoreapp2.0\modelrelief.test.dll" id="72708a4d-7885-4e8f-956f-a7d53d2f410d"><Execution id="dbff3fe1-cb6b-4848-bdef-9eb6f976e1d0" /><TestMethod codeBase="D:\Users\Steve Knipmeyer\Documents\GitHub\ModelRelief\ModelRelief.test\bin\Debug\netcoreapp2.0\ModelRelief.Test.dll" adapterTypeName="executor://xunit/VsTestRunner2/netcoreapp" className="ModelRelief.Test.Integration.Meshes.MeshesBaseIntegrationTests" name="Post_InvalidReferencePropertyReturnsBadRequest" /></UnitTest><UnitTest name="GetFile_ExistingFileReturnsSuccess" storage="d:\users\steve knipmeyer\documents\github\modelrelief\modelrelief.test\bin\debug\netcoreapp2.0\modelrelief.test.dll" id="64d60f56-edf5-4db7-b05c-a16638ea0e55"><Execution id="84c46bb0-a76f-435d-9f06-2665bc9f2a0e" /><TestMethod codeBase="D:\Users\Steve Knipmeyer\Documents\GitHub\ModelRelief\ModelRelief.test\bin\Debug\netcoreapp2.0\ModelRelief.Test.dll" adapterTypeName="executor://xunit/VsTestRunner2/netcoreapp" className="ModelRelief.Test.Integration.Models.ModelsFileIntegrationTests" name="GetFile_ExistingFileReturnsSuccess" /></UnitTest><UnitTest name="Put_InvalidReferencePropertyReturndBadRequest" storage="d:\users\steve knipmeyer\documents\github\modelrelief\modelrelief.test\bin\debug\netcoreapp2.0\modelrelief.test.dll" id="f4b708e3-6cea-4a46-9b97-77db132113b3"><Execution id="99612301-5b6c-47ae-94c9-cb29486972c6" /><TestMethod codeBase="D:\Users\Steve Knipmeyer\Documents\GitHub\ModelRelief\ModelRelief.test\bin\Debug\netcoreapp2.0\ModelRelief.Test.dll" adapterTypeName="executor://xunit/VsTestRunner2/netcoreapp" className="ModelRelief.Test.Integration.DepthBuffers.DepthBuffersBaseIntegrationTests" name="Put_InvalidReferencePropertyReturndBadRequest" /></UnitTest><UnitTest name="FileRequest_FileCanBeReadAfterRename" storage="d:\users\steve knipmeyer\documents\github\modelrelief\modelrelief.test\bin\debug\netcoreapp2.0\modelrelief.test.dll" id="030482eb-44e1-4a88-8aab-f8da643aab35"><Execution id="b1c320d4-dd45-49f0-bd1f-7e9b6f24482f" /><TestMethod codeBase="D:\Users\Steve Knipmeyer\Documents\GitHub\ModelRelief\ModelRelief.test\bin\Debug\netcoreapp2.0\ModelRelief.Test.dll" adapterTypeName="executor://xunit/VsTestRunner2/netcoreapp" className="ModelRelief.Test.Integration.Models.ModelsFileIntegrationTests" name="FileRequest_FileCanBeReadAfterRename" /></UnitTest><UnitTest name="Put_ValidReferencePropertyUpdatesModel" storage="d:\users\steve knipmeyer\documents\github\modelrelief\modelrelief.test\bin\debug\netcoreapp2.0\modelrelief.test.dll" id="19c16254-ef1d-411e-8f99-5b635522cd03"><Execution id="1af58288-ebd8-4afe-874f-fce62d219da9" /><TestMethod codeBase="D:\Users\Steve Knipmeyer\Documents\GitHub\ModelRelief\ModelRelief.test\bin\Debug\netcoreapp2.0\ModelRelief.Test.dll" adapterTypeName="executor://xunit/VsTestRunner2/netcoreapp" className="ModelRelief.Test.Integration.Models.ModelsBaseIntegrationTests" name="Put_ValidReferencePropertyUpdatesModel" /></UnitTest><UnitTest name="GetSingle_InvalidIdPropertyValueReturnsNotFound" storage="d:\users\steve knipmeyer\documents\github\modelrelief\modelrelief.test\bin\debug\netcoreapp2.0\modelrelief.test.dll" id="58012e68-5706-44a8-b3b3-c7c721eddbf1"><Execution id="1083d012-4d26-4cbb-95c4-fe3d4609243e" /><TestMethod codeBase="D:\Users\Steve Knipmeyer\Documents\GitHub\ModelRelief\ModelRelief.test\bin\Debug\netcoreapp2.0\ModelRelief.Test.dll" adapterTypeName="executor://xunit/VsTestRunner2/netcoreapp" className="ModelRelief.Test.Integration.MeshTransforms.MeshTransformsBaseIntegrationTests" name="GetSingle_InvalidIdPropertyValueReturnsNotFound" /></UnitTest><UnitTest name="GetSingle_ValidIdPropertyValueReturnsCorrectModel" storage="d:\users\steve knipmeyer\documents\github\modelrelief\modelrelief.test\bin\debug\netcoreapp2.0\modelrelief.test.dll" id="f06d4408-1615-48a4-a6ee-bace5cca1f13"><Execution id="f8415ae3-294d-49f3-9f6d-a582fb1e1c0a" /><TestMethod codeBase="D:\Users\Steve Knipmeyer\Documents\GitHub\ModelRelief\ModelRelief.test\bin\Debug\netcoreapp2.0\ModelRelief.Test.dll" adapterTypeName="executor://xunit/VsTestRunner2/netcoreapp" className="ModelRelief.Test.Integration.Projects.ProjectsBaseIntegrationTests" name="GetSingle_ValidIdPropertyValueReturnsCorrectModel" /></UnitTest><UnitTest name="Patch_InvalidReferencePropertyReturnsBadRequest" storage="d:\users\steve knipmeyer\documents\github\modelrelief\modelrelief.test\bin\debug\netcoreapp2.0\modelrelief.test.dll" id="a28aa72c-d652-41c2-a459-5e33f752f074"><Execution id="421137d8-da16-4f18-90c0-3ad7174aa3c9" /><TestMethod codeBase="D:\Users\Steve Knipmeyer\Documents\GitHub\ModelRelief\ModelRelief.test\bin\Debug\netcoreapp2.0\ModelRelief.Test.dll" adapterTypeName="executor://xunit/VsTestRunner2/netcoreapp" className="ModelRelief.Test.Integration.Meshes.MeshesBaseIntegrationTests" name="Patch_InvalidReferencePropertyReturnsBadRequest" /></UnitTest></TestDefinitions><TestEntries><TestEntry testId="243e5a21-5425-4c41-9f7d-4f31432a0d23" executionId="83d9891f-c0f1-4c73-8212-cbdca1096cee" testListId="8c84fa94-04c1-424b-9868-57a2d4851a1d" /><TestEntry testId="c96c8aa4-ce5d-4591-87d7-306a5bfbd93e" executionId="fe194204-d808-41d3-8e3e-9b284ad33d2f" testListId="8c84fa94-04c1-424b-9868-57a2d4851a1d" /><TestEntry testId="b8df0feb-3335-4e4a-9994-70a0528e01a5" executionId="2db52fbe-499c-45d2-ba44-06531a1b79b6" testListId="8c84fa94-04c1-424b-9868-57a2d4851a1d" /><TestEntry testId="a681f13f-03d6-4c4d-b193-3ac43fb28ac5" executionId="7155ee80-8f63-447c-88c3-a6d7affc7b4e" testListId="8c84fa94-04c1-424b-9868-57a2d4851a1d" /><TestEntry testId="9a44aba4-9751-43cb-b28d-548584504a04" executionId="ca132cd8-0764-406c-8dd7-92fb216ca85b" testListId="8c84fa94-04c1-424b-9868-57a2d4851a1d" /><TestEntry testId="eee5d062-fdbd-4686-b18f-738efc5e2ba3" executionId="32559723-80b2-4474-aa93-c88ae2e679fb" testListId="8c84fa94-04c1-424b-9868-57a2d4851a1d" /><TestEntry testId="a65fadd9-c4c1-41a8-9754-bef5e099915a" executionId="6720b67f-809b-4233-9534-3a558a699c92" testListId="8c84fa94-04c1-424b-9868-57a2d4851a1d" /><TestEntry testId="95f66c75-8c31-4c57-9f41-e8507b5604db" executionId="6f45351a-9914-48ec-8921-b766efbeaa7a" testListId="8c84fa94-04c1-424b-9868-57a2d4851a1d" /><TestEntry testId="e472aedc-c10c-4576-9fc3-08f24248d243" executionId="2c7531f1-8bdf-4e08-922b-fbc608944f5c" testListId="8c84fa94-04c1-424b-9868-57a2d4851a1d" /><TestEntry testId="1a40e661-1a18-4a1b-a4cc-16b516ed15d0" executionId="59c9e5c7-77ae-4a8e-962f-5887004c6fea" testListId="8c84fa94-04c1-424b-9868-57a2d4851a1d" /><TestEntry testId="758dd85f-8a8f-4d79-8e52-8962f3abc3a5" executionId="08a87d20-7977-4bd3-9b83-2fa745b0cdd6" testListId="8c84fa94-04c1-424b-9868-57a2d4851a1d" /><TestEntry testId="f06d4408-1615-48a4-a6ee-bace5cca1f13" executionId="f8415ae3-294d-49f3-9f6d-a582fb1e1c0a" testListId="8c84fa94-04c1-424b-9868-57a2d4851a1d" /><TestEntry testId="a0b87597-2cbf-46aa-b2a4-f0200b9e5d1b" executionId="0dfaf4c0-3295-4b92-b2c8-87593d3f9f62" testListId="8c84fa94-04c1-424b-9868-57a2d4851a1d" /><TestEntry testId="38273b4f-7032-47d1-9401-2724a00f8bee" executionId="f1a54ec1-a8a8-4bb4-b17b-4eb6cf37f44a" testListId="8c84fa94-04c1-424b-9868-57a2d4851a1d" /><TestEntry testId="9aa0d72c-196f-4841-b692-8244b753c109" executionId="aeef0251-7e62-45a6-8e71-e51a4adb8881" testListId="8c84fa94-04c1-424b-9868-57a2d4851a1d" /><TestEntry testId="a3011401-420e-414b-9730-b7141196dfe2" executionId="031306fb-758a-4023-be36-6056179a94a1" testListId="8c84fa94-04c1-424b-9868-57a2d4851a1d" /><TestEntry testId="9cf9e139-1d57-4e1e-9018-6daca398f05d" executionId="f5034b2a-0e4a-4927-8a0b-1848b7aa9213" testListId="8c84fa94-04c1-424b-9868-57a2d4851a1d" /><TestEntry testId="e869ca2c-b86d-4853-b6de-703ce0387056" executionId="fefc3cda-89b7-44c5-9489-356fd0faf8f1" testListId="8c84fa94-04c1-424b-9868-57a2d4851a1d" /><TestEntry testId="732f1226-a86e-46b8-8dff-e22b2184bb2b" executionId="5d4e9dc8-60bf-43ef-b5af-d2e413a82f3c" testListId="8c84fa94-04c1-424b-9868-57a2d4851a1d" /><TestEntry testId="eaac34fe-b62b-4572-b2dc-2c629225ae20" executionId="4f26d73a-7fb7-435a-b753-8aafd98728c2" testListId="8c84fa94-04c1-424b-9868-57a2d4851a1d" /><TestEntry testId="fb688eb3-2969-4450-b9a1-5bdd46411b83" executionId="9dceaf98-ae91-4a82-9479-18a415bc6798" testListId="8c84fa94-04c1-424b-9868-57a2d4851a1d" /><TestEntry testId="5fa0a1da-15f4-4aaa-b65c-ea31aa3323c1" executionId="924014a7-27bd-46b3-be30-22aecdef6b08" testListId="8c84fa94-04c1-424b-9868-57a2d4851a1d" /><TestEntry testId="dffe9e58-9a7a-4ab2-accc-4c938d93fe2f" executionId="3827487f-da03-4c34-a9c7-c5ec31c4d488" testListId="8c84fa94-04c1-424b-9868-57a2d4851a1d" /><TestEntry testId="6c440a66-0acb-4baf-bed4-79258593d02e" executionId="572905c3-bfb1-4d8c-aa68-071d68e3f2a4" testListId="8c84fa94-04c1-424b-9868-57a2d4851a1d" /><TestEntry testId="a28aa72c-d652-41c2-a459-5e33f752f074" executionId="421137d8-da16-4f18-90c0-3ad7174aa3c9" testListId="8c84fa94-04c1-424b-9868-57a2d4851a1d" /><TestEntry testId="70a756e7-ec7c-4b3c-9944-b63b925a2f5a" executionId="e280f58e-58d2-4baa-b545-2adf9f2a2d94" testListId="8c84fa94-04c1-424b-9868-57a2d4851a1d" /><TestEntry testId="5536d54f-d65b-4b8e-98a4-627248c153fc" executionId="bfe3b50f-a807-4d12-b71b-073a6862f18b" testListId="8c84fa94-04c1-424b-9868-57a2d4851a1d" /><TestEntry testId="c85562ad-13e2-4f01-9ee8-1171389ac1d2" executionId="913155e3-3ea0-4892-8da8-63740cefd6a2" testListId="8c84fa94-04c1-424b-9868-57a2d4851a1d" /><TestEntry testId="f7d0e32e-5852-46db-8c8a-c59d95e90ca2" executionId="ad815dc3-2a3c-47a5-9a8d-e5989efca862" testListId="8c84fa94-04c1-424b-9868-57a2d4851a1d" /><TestEntry testId="58012e68-5706-44a8-b3b3-c7c721eddbf1" executionId="1083d012-4d26-4cbb-95c4-fe3d4609243e" testListId="8c84fa94-04c1-424b-9868-57a2d4851a1d" /><TestEntry testId="72708a4d-7885-4e8f-956f-a7d53d2f410d" executionId="dbff3fe1-cb6b-4848-bdef-9eb6f976e1d0" testListId="8c84fa94-04c1-424b-9868-57a2d4851a1d" /><TestEntry testId="717233bb-75dd-4393-b0b6-bd9e9296609e" executionId="801a1d70-914c-4e3c-98b4-8e0c1b1e643a" testListId="8c84fa94-04c1-424b-9868-57a2d4851a1d" /><TestEntry testId="322e76b3-2038-46ef-94fd-d6d80559ca02" executionId="037b964f-739f-463e-a3ea-49cb91b69c91" testListId="8c84fa94-04c1-424b-9868-57a2d4851a1d" /><TestEntry testId="785df57a-8c94-4f9a-9f72-c0b29c59f2f3" executionId="a744cef8-8def-42e8-8680-f0111c6ddf58" testListId="8c84fa94-04c1-424b-9868-57a2d4851a1d" /><TestEntry testId="eadffeb1-7e9d-4cca-bf69-5049fc9bd7e8" executionId="c2db804a-50cb-4b1f-98b0-ef2d5d768124" testListId="8c84fa94-04c1-424b-9868-57a2d4851a1d" /><TestEntry testId="8dce3911-0f18-431d-8e2f-b0fb4e5953f6" executionId="d5647aa8-1e04-433e-8dd4-5956265d44d7" testListId="8c84fa94-04c1-424b-9868-57a2d4851a1d" /><TestEntry testId="64b94af3-9cc7-4352-bfe3-cde0d14c49aa" executionId="443bd742-47bd-4075-bae3-4a92dd6a3252" testListId="8c84fa94-04c1-424b-9868-57a2d4851a1d" /><TestEntry testId="fc57ffef-eb11-4e62-ad03-efe92ee24fe1" executionId="6ae6cac2-fb3a-47b1-9b3c-de06498a87b7" testListId="8c84fa94-04c1-424b-9868-57a2d4851a1d" /><TestEntry testId="3644ad4c-c5ad-4cd3-b080-c9a5ad08b4bb" executionId="3184b44f-88ec-4063-8c91-3552ba955e5b" testListId="8c84fa94-04c1-424b-9868-57a2d4851a1d" /><TestEntry testId="fae5f747-7a40-4724-a411-cb19a175261e" executionId="8182bada-9c2e-4140-a53f-40ef29c6e9d1" testListId="8c84fa94-04c1-424b-9868-57a2d4851a1d" /><TestEntry testId="fb7e99f7-548b-4805-a589-389f4526454a" executionId="8633cdbe-768f-4d49-a354-2f9789de453e" testListId="8c84fa94-04c1-424b-9868-57a2d4851a1d" /><TestEntry testId="f4e350be-689a-45c3-8996-2c5da8c45a3e" executionId="da4dad1c-89f8-4864-bdd3-61fc898ab9c8" testListId="8c84fa94-04c1-424b-9868-57a2d4851a1d" /><TestEntry testId="7ab045a2-e2ad-4c6f-a0ec-d1bf56a6a9dc" executionId="efdabb7a-7009-4ad6-b66a-4265b15779f8" testListId="8c84fa94-04c1-424b-9868-57a2d4851a1d" /><TestEntry testId="7ee2b827-c97a-481b-8641-d4a019bee256" executionId="9ba8965a-71c0-4813-9d6b-0fbc573c3942" testListId="8c84fa94-04c1-424b-9868-57a2d4851a1d" /><TestEntry testId="452ab48a-1118-4574-8479-5a4566d6f7d0" executionId="3b814583-b547-4123-81b6-9f6b7c1fa674" testListId="8c84fa94-04c1-424b-9868-57a2d4851a1d" /><TestEntry testId="8bff8b85-4f9f-44e0-9ae0-50e5959933db" executionId="eba79e39-c42d-4a8a-bfad-d5f509b612a1" testListId="8c84fa94-04c1-424b-9868-57a2d4851a1d" /><TestEntry testId="84d5f4d7-ef06-4980-ad99-fbf1c2d0b9fe" executionId="76916687-0b72-484d-82d1-0cfd93c40a74" testListId="8c84fa94-04c1-424b-9868-57a2d4851a1d" /><TestEntry testId="292da418-0845-4f6b-830c-5a09339e7c88" executionId="5d1efc66-4dee-449f-a5e2-4efd56e1bf58" testListId="8c84fa94-04c1-424b-9868-57a2d4851a1d" /><TestEntry testId="569f0068-2bc6-4049-abd2-ad40741d39d6" executionId="f5f50224-f9b5-4792-98dd-6f4d6a981ffe" testListId="8c84fa94-04c1-424b-9868-57a2d4851a1d" /><TestEntry testId="0a2080cc-95b1-4bef-84a6-5d774945d155" executionId="f620d168-0d1e-47f4-8701-4bb6bafe7769" testListId="8c84fa94-04c1-424b-9868-57a2d4851a1d" /><TestEntry testId="79fc285f-5c0d-464f-aab6-697bc7b58297" executionId="bd4c5470-4f7c-4700-9f5f-f0ac8af00557" testListId="8c84fa94-04c1-424b-9868-57a2d4851a1d" /><TestEntry testId="5b56c6e9-e63e-4fdc-af3e-5541e74a8362" executionId="e2b7abb7-c4a7-4f56-b3d3-3819ef0ac6d6" testListId="8c84fa94-04c1-424b-9868-57a2d4851a1d" /><TestEntry testId="344abb73-8aa4-4f5b-95d9-2790a3d9ccc4" executionId="134e92a2-91ee-4ec7-a7dd-2f1892552869" testListId="8c84fa94-04c1-424b-9868-57a2d4851a1d" /><TestEntry testId="e6c2552b-5a99-41e9-92a7-a2ffe7954e09" executionId="c1dda23b-b72e-4e74-b654-bbd4b02e09e4" testListId="8c84fa94-04c1-424b-9868-57a2d4851a1d" /><TestEntry testId="1fcb9304-fd95-49eb-a5d5-550d1dcd8070" executionId="4cf55f81-679d-4dc3-8427-c94f23d5842c" testListId="8c84fa94-04c1-424b-9868-57a2d4851a1d" /><TestEntry testId="962b42f1-3095-4774-9b4a-6f1cfe775473" executionId="2f135296-959d-4654-8e3a-33098e49f52b" testListId="8c84fa94-04c1-424b-9868-57a2d4851a1d" /><TestEntry testId="4191df40-99a6-4fd2-968b-9682a4966484" executionId="0ac3c815-46a0-456d-a974-d59eab200444" testListId="8c84fa94-04c1-424b-9868-57a2d4851a1d" /><TestEntry testId="deb48201-c2eb-4d59-9212-a91a0d36ff6c" executionId="32be1249-2eb6-4b4b-8e2d-3de0180df865" testListId="8c84fa94-04c1-424b-9868-57a2d4851a1d" /><TestEntry testId="de026dd6-27cd-4a31-8f95-0deee9da63f8" executionId="07119a4b-17b8-4193-aa1f-986ecea7e4f0" testListId="8c84fa94-04c1-424b-9868-57a2d4851a1d" /><TestEntry testId="64d60f56-edf5-4db7-b05c-a16638ea0e55" executionId="84c46bb0-a76f-435d-9f06-2665bc9f2a0e" testListId="8c84fa94-04c1-424b-9868-57a2d4851a1d" /><TestEntry testId="8484e40e-58ba-49b2-b58c-9b7c4ac7572a" executionId="3ef684e9-58ba-48da-b471-e940c1c2b776" testListId="8c84fa94-04c1-424b-9868-57a2d4851a1d" /><TestEntry testId="6c47ff82-4618-4c49-a782-2e92e5f1d15f" executionId="b7c95b79-b11e-4ed0-b6dd-3c3794779621" testListId="8c84fa94-04c1-424b-9868-57a2d4851a1d" /><TestEntry testId="f4b708e3-6cea-4a46-9b97-77db132113b3" executionId="99612301-5b6c-47ae-94c9-cb29486972c6" testListId="8c84fa94-04c1-424b-9868-57a2d4851a1d" /><TestEntry testId="d2dc45aa-1918-4b92-8edb-f9785c2f4f18" executionId="1884c689-b93d-4831-a85f-07821c8150c5" testListId="8c84fa94-04c1-424b-9868-57a2d4851a1d" /><TestEntry testId="19c16254-ef1d-411e-8f99-5b635522cd03" executionId="1af58288-ebd8-4afe-874f-fce62d219da9" testListId="8c84fa94-04c1-424b-9868-57a2d4851a1d" /><TestEntry testId="697c3eb3-0ba0-4649-a599-d7246d00a278" executionId="8a9f6740-eddd-46f8-9d68-97f7df19ea51" testListId="8c84fa94-04c1-424b-9868-57a2d4851a1d" /><TestEntry testId="68a33cf4-1776-4148-82e0-8593caaa6e28" executionId="87c809d9-a7a6-4901-a02c-bbb69b28e7fb" testListId="8c84fa94-04c1-424b-9868-57a2d4851a1d" /><TestEntry testId="a9dd4d6c-650b-4579-b67b-dbe508d7d6ce" executionId="4c0cf1d1-6495-4406-bf02-35b4e7833ed6" testListId="8c84fa94-04c1-424b-9868-57a2d4851a1d" /><TestEntry testId="97d9bb9d-bf11-4a27-959d-a56170134295" executionId="f3ffd46d-66d0-4a42-878e-3ea2b5bff172" testListId="8c84fa94-04c1-424b-9868-57a2d4851a1d" /><TestEntry testId="a29475b1-46d1-468d-8108-8cb268a8f33f" executionId="67b81bdf-5152-4fd4-979c-cc91719e2184" testListId="8c84fa94-04c1-424b-9868-57a2d4851a1d" /><TestEntry testId="681afdec-4545-4211-ac0c-5e693a086bd7" executionId="09d61ff8-72c2-45d3-96e3-3d1aa8dd045b" testListId="8c84fa94-04c1-424b-9868-57a2d4851a1d" /><TestEntry testId="b2bde8ac-8f0e-4334-901d-05cb214f4394" executionId="e0c63241-d15e-41ab-ac45-c6215c18e14a" testListId="8c84fa94-04c1-424b-9868-57a2d4851a1d" /><TestEntry testId="1952edb8-63bc-462c-a759-6451fae88893" executionId="4a25661f-95b7-4cb7-9f0c-732f0f47d935" testListId="8c84fa94-04c1-424b-9868-57a2d4851a1d" /><TestEntry testId="3a00d538-748e-4d26-8eb3-619cdaa7a259" executionId="a47be16c-e36f-43a4-8076-0b3713de2886" testListId="8c84fa94-04c1-424b-9868-57a2d4851a1d" /><TestEntry testId="62f5e426-31fb-4397-95ab-f8b48b1b7c07" executionId="5cf99e31-be15-4c85-b5e5-b990d5ed427b" testListId="8c84fa94-04c1-424b-9868-57a2d4851a1d" /><TestEntry testId="09b1de87-2784-4718-8e89-cdd52efc94da" executionId="f301a935-744d-486c-a379-b3738d352a27" testListId="8c84fa94-04c1-424b-9868-57a2d4851a1d" /><TestEntry testId="58d0431a-6e68-49d7-8f72-45f6c5ac7bc6" executionId="898c956e-f738-4eb7-acf4-d6083a69e536" testListId="8c84fa94-04c1-424b-9868-57a2d4851a1d" /><TestEntry testId="f8fd7070-74f5-4e24-91c2-d6920a6f2779" executionId="b89412d1-51a4-42ea-9d09-4371ce98a407" testListId="8c84fa94-04c1-424b-9868-57a2d4851a1d" /><TestEntry testId="da9aef03-aa64-4163-8c9f-8cdebf2fd2fd" executionId="d0338c40-4440-4ff2-b002-f746a2bf51ca" testListId="8c84fa94-04c1-424b-9868-57a2d4851a1d" /><TestEntry testId="7e5411d5-6089-41d0-8bba-6204881b3ff4" executionId="cf4d245a-9ea4-44c9-b0f5-17c2a52075de" testListId="8c84fa94-04c1-424b-9868-57a2d4851a1d" /><TestEntry testId="e40d7967-b111-443c-b8e0-7c66b683ca38" executionId="839690c5-ba25-49e2-9126-b31f1660d56e" testListId="8c84fa94-04c1-424b-9868-57a2d4851a1d" /><TestEntry testId="b9e073e9-d8f3-4bc0-83fd-5754d7c48a5c" executionId="74f95e5f-d693-4306-8c02-a5e74e62a4c4" testListId="8c84fa94-04c1-424b-9868-57a2d4851a1d" /><TestEntry testId="d52342df-2aab-4ac2-933f-e00012815e3b" executionId="ad047c73-4c9a-4eaf-b145-54a9e82c71b5" testListId="8c84fa94-04c1-424b-9868-57a2d4851a1d" /><TestEntry testId="62b89da0-7345-4e71-8ac7-baa9d2b6cc88" executionId="a0c9e2dc-8a1d-4076-8819-682a21570d51" testListId="8c84fa94-04c1-424b-9868-57a2d4851a1d" /><TestEntry testId="adc7d338-e75e-49fe-a450-74edd61b6902" executionId="d653abf2-88c5-4614-8884-4ec680cf21b8" testListId="8c84fa94-04c1-424b-9868-57a2d4851a1d" /><TestEntry testId="f7dcdbf6-de0c-47b1-b8db-9c37245eaebf" executionId="a8768672-a88b-4154-ac13-a99a863affcf" testListId="8c84fa94-04c1-424b-9868-57a2d4851a1d" /><TestEntry testId="fe35f1d9-918c-41d8-89ed-ddeae6c9ca6f" executionId="9da70771-d7cc-4bbd-8646-a61233553b8e" testListId="8c84fa94-04c1-424b-9868-57a2d4851a1d" /><TestEntry testId="ec2bd5eb-6454-4288-a5e6-6edc369b650f" executionId="e4f01a86-7402-4437-88f0-57665dbc16a7" testListId="8c84fa94-04c1-424b-9868-57a2d4851a1d" /><TestEntry testId="5143a0b8-65d1-4787-b830-48b4a01834bc" executionId="f4ff7afa-e1ce-4265-91b0-c4a5f9f9c7bd" testListId="8c84fa94-04c1-424b-9868-57a2d4851a1d" /><TestEntry testId="719b30cd-433a-450f-828f-d8719cce45d7" executionId="aefd4e96-231b-4b60-aadc-c527640ad55f" testListId="8c84fa94-04c1-424b-9868-57a2d4851a1d" /><TestEntry testId="5d1631fe-2b48-46e8-9699-c05b007659cb" executionId="be565dca-1e42-4085-83e2-5ea47a62ac97" testListId="8c84fa94-04c1-424b-9868-57a2d4851a1d" /><TestEntry testId="a4ffc575-900c-4169-b171-32effbdd01d5" executionId="d5b4d996-3660-43f0-bb25-d800f2bbf71b" testListId="8c84fa94-04c1-424b-9868-57a2d4851a1d" /><TestEntry testId="95ceca16-07e1-4738-b16c-5aef1c5bf441" executionId="6f15f50c-b4b9-4df5-9896-a03757ad6e67" testListId="8c84fa94-04c1-424b-9868-57a2d4851a1d" /><TestEntry testId="3791fd08-eec5-4ab1-968d-9be0ae205c28" executionId="1ca90369-671c-40e1-9a70-4e6a436210a1" testListId="8c84fa94-04c1-424b-9868-57a2d4851a1d" /><TestEntry testId="bc339750-98dd-4be1-8eb1-f95400a67f5d" executionId="a14b3f9e-52fd-4135-bbf3-0f1cc8500d69" testListId="8c84fa94-04c1-424b-9868-57a2d4851a1d" /><TestEntry testId="f1ddf820-cfcb-4a9b-805f-56c3dd1613b3" executionId="94fa89e2-9ba5-40bc-bd73-47297c029657" testListId="8c84fa94-04c1-424b-9868-57a2d4851a1d" /><TestEntry testId="e2b9a1bb-a0ff-4c50-95d1-86b553d279c4" executionId="3e0c734c-0088-4913-9aab-1925a130e472" testListId="8c84fa94-04c1-424b-9868-57a2d4851a1d" /><TestEntry testId="b0bcceea-d78a-49a2-bf02-3bd794639799" executionId="1a7477d6-e782-4ce9-89fc-b2414ed390bb" testListId="8c84fa94-04c1-424b-9868-57a2d4851a1d" /><TestEntry testId="03a7da0d-165c-41fc-b309-02113fb51e7d" executionId="4a629824-fa02-4432-ae00-67fe23f3d0fe" testListId="8c84fa94-04c1-424b-9868-57a2d4851a1d" /><TestEntry testId="a8cc0dd3-84aa-4a35-94c4-1f5b3efbdbc4" executionId="eb9e94f8-e173-4364-9a9f-5b17b0de033e" testListId="8c84fa94-04c1-424b-9868-57a2d4851a1d" /><TestEntry testId="b9850e50-e72e-47bf-84ac-054e546255a2" executionId="ccc5e797-232c-4f48-bb26-3ca385a71603" testListId="8c84fa94-04c1-424b-9868-57a2d4851a1d" /><TestEntry testId="b73f7dff-e66b-4e32-b15f-11830139323f" executionId="8e909417-2146-48d8-8b5e-818582fc1d83" testListId="8c84fa94-04c1-424b-9868-57a2d4851a1d" /><TestEntry testId="65609abf-919b-47f2-a2d7-7490a0124380" executionId="cd7f0321-0aca-4007-b807-90d46403bc31" testListId="8c84fa94-04c1-424b-9868-57a2d4851a1d" /><TestEntry testId="6685788a-0913-4b08-9cb2-13646ecce839" executionId="6739622c-1be4-41c9-a1d5-2ca37c93969c" testListId="8c84fa94-04c1-424b-9868-57a2d4851a1d" /><TestEntry testId="c6c9d40b-a6a3-419e-ae98-0e891baaa105" executionId="140223e7-abab-4626-8a76-7f98ca83bebb" testListId="8c84fa94-04c1-424b-9868-57a2d4851a1d" /><TestEntry testId="e0757a87-822e-4945-ab22-d6d60be69204" executionId="b267a44c-066f-4a16-a49c-0b72dbcd9447" testListId="8c84fa94-04c1-424b-9868-57a2d4851a1d" /><TestEntry testId="c7ecd9ae-f43b-4a6e-b8c4-96cf0ab7197c" executionId="edf33ee3-9322-476c-862e-20daa3d4dda1" testListId="8c84fa94-04c1-424b-9868-57a2d4851a1d" /><TestEntry testId="72da30a4-9e45-4c80-a8f6-4c7f44c058dd" executionId="191196fc-4d6c-4706-bb4f-57e0283ade7b" testListId="8c84fa94-04c1-424b-9868-57a2d4851a1d" /><TestEntry testId="c2b8fd31-8f1f-4f17-be4e-c315f043b2e8" executionId="5f5959fe-bec7-48e9-bc7c-a9ca8aecfd8a" testListId="8c84fa94-04c1-424b-9868-57a2d4851a1d" /><TestEntry testId="d30bf8bf-4889-429f-b5d3-4acf443501d8" executionId="758888c3-c2a7-4c8c-a4e0-bda6f55a6ad9" testListId="8c84fa94-04c1-424b-9868-57a2d4851a1d" /><TestEntry testId="52561794-f1da-4a7a-bbed-0c7ff820dad9" executionId="eb76e600-1f5b-4e69-8be0-634109dfee68" testListId="8c84fa94-04c1-424b-9868-57a2d4851a1d" /><TestEntry testId="11c4a7ae-e970-40c2-b13a-fc5f2d05eb8d" executionId="a3125690-79fc-4eb2-8c1f-8fa8a241858e" testListId="8c84fa94-04c1-424b-9868-57a2d4851a1d" /><TestEntry testId="790d8a6a-f603-483c-be25-0d4a4d65d49f" executionId="f737706e-638d-40c5-8ffa-2d7981cf3886" testListId="8c84fa94-04c1-424b-9868-57a2d4851a1d" /><TestEntry testId="1e2c891e-00bc-43b9-8aed-1b079a30dedc" executionId="bb87d57b-6374-4bf7-ac0e-5fa6758eedd7" testListId="8c84fa94-04c1-424b-9868-57a2d4851a1d" /><TestEntry testId="82155536-4237-46ca-a90a-af4cbbfbe5db" executionId="8aeda52c-cb54-4289-b47c-b9ba747a37c2" testListId="8c84fa94-04c1-424b-9868-57a2d4851a1d" /><TestEntry testId="675145f2-e607-42db-9a14-473c6d47d243" executionId="b427ea1b-433e-4c18-a945-b59bb389f65a" testListId="8c84fa94-04c1-424b-9868-57a2d4851a1d" /><TestEntry testId="030482eb-44e1-4a88-8aab-f8da643aab35" executionId="b1c320d4-dd45-49f0-bd1f-7e9b6f24482f" testListId="8c84fa94-04c1-424b-9868-57a2d4851a1d" /><TestEntry testId="3a826bda-37eb-4ff0-b61b-9b8646256a4f" executionId="1538e143-2fc3-4fb1-90e7-7a1bf1857a39" testListId="8c84fa94-04c1-424b-9868-57a2d4851a1d" /><TestEntry testId="42eef0c4-dd9d-42d1-8bf5-33062447b8d6" executionId="99424b09-482d-41d0-b4d7-5b49a88e4542" testListId="8c84fa94-04c1-424b-9868-57a2d4851a1d" /><TestEntry testId="08e02752-af0e-4df0-a9b7-cc857f363e24" executionId="32d0fbbe-454e-4ac5-86fd-a2ad290b2978" testListId="8c84fa94-04c1-424b-9868-57a2d4851a1d" /><TestEntry testId="b4a0d9dc-b6b5-4cc3-8790-b5686f510d06" executionId="11905f8e-0a99-49bd-b704-a67ae78bfa5a" testListId="8c84fa94-04c1-424b-9868-57a2d4851a1d" /><TestEntry testId="16e95a35-06b4-4a33-9a8e-c4b44cc1242b" executionId="ed6b9245-c533-42b3-8506-b63602bea666" testListId="8c84fa94-04c1-424b-9868-57a2d4851a1d" /><TestEntry testId="8b7d69dd-0366-4802-b629-27f011ef7561" executionId="4f0fc2c5-f2e6-4815-9e50-648f902f0ef8" testListId="8c84fa94-04c1-424b-9868-57a2d4851a1d" /><TestEntry testId="b72935d2-0712-4b3f-ab50-bee1486f91a8" executionId="8618bc70-094f-4420-933e-0d95acb621ba" testListId="8c84fa94-04c1-424b-9868-57a2d4851a1d" /><TestEntry testId="0b7175c6-4f12-4136-a2fe-fc8c5c2f5f9d" executionId="e6ab767e-a334-4206-a4e6-ab8a034f6093" testListId="8c84fa94-04c1-424b-9868-57a2d4851a1d" /><TestEntry testId="ff44a0d0-3bb6-4e09-8b80-2fa6d55ff177" executionId="6099f2f3-a2d8-4633-9be9-524f4d0ba1ad" testListId="8c84fa94-04c1-424b-9868-57a2d4851a1d" /><TestEntry testId="a2d2aebb-9c94-45c7-84e2-ab5e421d78e4" executionId="80c1bfd3-3b15-4a90-82cd-5c02cb3fad24" testListId="8c84fa94-04c1-424b-9868-57a2d4851a1d" /><TestEntry testId="0eafae8a-64b1-4ba0-b49f-9466ff9f3ee1" executionId="d94716d7-31d0-435b-b828-1ff4fc73eb78" testListId="8c84fa94-04c1-424b-9868-57a2d4851a1d" /><TestEntry testId="5ef33b90-253a-45a6-b3a0-969d5ab07df7" executionId="f567ff0d-3374-4f30-b514-2c567213bf6a" testListId="8c84fa94-04c1-424b-9868-57a2d4851a1d" /><TestEntry testId="97350e12-79bd-4594-9323-dd3e17d752f0" executionId="f66b7bff-2022-47c3-979e-841c91d7b88b" testListId="8c84fa94-04c1-424b-9868-57a2d4851a1d" /><TestEntry testId="fea08572-9723-447f-9bba-e910dd2738c6" executionId="8f087daf-638d-4851-a6cc-946f464a5591" testListId="8c84fa94-04c1-424b-9868-57a2d4851a1d" /><TestEntry testId="d91c12e2-0a39-46ef-8ed9-595d84ed1c52" executionId="bf0b5ce0-1c80-43b2-a244-c9096e98e057" testListId="8c84fa94-04c1-424b-9868-57a2d4851a1d" /><TestEntry testId="6551667a-0d19-4ac7-976e-217fffcaf8a2" executionId="5fe5de82-5aa5-4831-bcab-410bc94e8772" testListId="8c84fa94-04c1-424b-9868-57a2d4851a1d" /><TestEntry testId="1d274228-0a9d-4e56-b446-cd5c24e6b1a7" executionId="657f830f-e218-471c-b071-7611ba6d6dfa" testListId="8c84fa94-04c1-424b-9868-57a2d4851a1d" /><TestEntry testId="6afc1f1c-04d2-4a51-a2ea-940d44de90be" executionId="8a07811e-2f19-45a4-9d8f-1c384eccf478" testListId="8c84fa94-04c1-424b-9868-57a2d4851a1d" /><TestEntry testId="1b58d88a-81fb-4049-b79b-86022bad7c00" executionId="c2f60023-503f-4b42-800d-43772e5e905a" testListId="8c84fa94-04c1-424b-9868-57a2d4851a1d" /><TestEntry testId="03058816-f70b-4526-95de-0668eae72947" executionId="a5ff4157-2a82-4da0-b810-a65132b4ff71" testListId="8c84fa94-04c1-424b-9868-57a2d4851a1d" /><TestEntry testId="15dfcd02-a2f5-4fcd-9818-f6de6d301ae5" executionId="3b435dc1-4e2e-4e2f-bba8-6152133b0025" testListId="8c84fa94-04c1-424b-9868-57a2d4851a1d" /><TestEntry testId="99e3efcf-520c-4b90-a609-fe7a9300d32a" executionId="e318de72-049b-4c97-8758-f82f5d7bf9dd" testListId="8c84fa94-04c1-424b-9868-57a2d4851a1d" /><TestEntry testId="a7bf36ca-74be-42f3-b6f8-47d4dcd61c1a" executionId="51abf01d-e3aa-4466-ac4b-0b5e69c2ac65" testListId="8c84fa94-04c1-424b-9868-57a2d4851a1d" /><TestEntry testId="50499b17-0530-422d-9b1e-d8a71bbfe1be" executionId="c648d3cf-a23e-48ae-a6c8-412b38f78fb1" testListId="8c84fa94-04c1-424b-9868-57a2d4851a1d" /><TestEntry testId="57d49bb1-274b-4a97-8453-acba38e22680" executionId="8a49ce2d-1be7-4a8b-bcd7-64ebdd33899c" testListId="8c84fa94-04c1-424b-9868-57a2d4851a1d" /><TestEntry testId="1d43a64e-a2a0-4d97-bb04-b4055b70a26b" executionId="187890b5-a57b-40cc-b019-4cb27c21fa49" testListId="8c84fa94-04c1-424b-9868-57a2d4851a1d" /><TestEntry testId="b0228d1f-311c-43ab-8dc7-c276b8b4eb7f" executionId="44a11cd7-bed6-476a-9191-cbd4dd48acb8" testListId="8c84fa94-04c1-424b-9868-57a2d4851a1d" /><TestEntry testId="4a7f20fc-f3ae-46dd-8572-321f33e29088" executionId="1f13107f-b385-49a6-a730-353d43660fed" testListId="8c84fa94-04c1-424b-9868-57a2d4851a1d" /><TestEntry testId="528b424d-2331-4345-b9f9-51486f9de1b4" executionId="a9865588-a602-4b76-b52f-1f63b857e917" testListId="8c84fa94-04c1-424b-9868-57a2d4851a1d" /><TestEntry testId="de020ab5-699e-4647-823b-896921197f42" executionId="c0221cad-7c29-4580-a526-d563c2224fe7" testListId="8c84fa94-04c1-424b-9868-57a2d4851a1d" /><TestEntry testId="d0912f61-c59a-411a-b95f-a38ecb67a00c" executionId="d8641f63-4435-453c-8f83-c8ff4316fcf1" testListId="8c84fa94-04c1-424b-9868-57a2d4851a1d" /><TestEntry testId="ca617c98-5ff1-492c-81e7-92e4de40d7d2" executionId="1ccb8235-d1fb-4f44-8ea4-fd7e95f2a76a" testListId="8c84fa94-04c1-424b-9868-57a2d4851a1d" /><TestEntry testId="348a9455-4148-4fe4-8c9a-6ca264680e3a" executionId="1dea78c4-7c4d-474e-a3a7-10e022bd3a72" testListId="8c84fa94-04c1-424b-9868-57a2d4851a1d" /><TestEntry testId="83884ada-1c74-4e31-866d-3359b4a530ce" executionId="8517d4d7-6ecc-4272-a928-8effac541b00" testListId="8c84fa94-04c1-424b-9868-57a2d4851a1d" /><TestEntry testId="db040603-dcc0-43c0-8fc2-35b995e75aa3" executionId="f931de48-5e5f-473b-86f6-65ca520da109" testListId="8c84fa94-04c1-424b-9868-57a2d4851a1d" /></TestEntries><TestLists><TestList name="Results Not in a List" id="8c84fa94-04c1-424b-9868-57a2d4851a1d" /><TestList name="All Loaded Results" id="19431567-8539-422a-85d7-44ee4e166bda" /></TestLists><ResultSummary outcome="Completed"><Counters total="152" executed="152" passed="152" failed="0" error="0" timeout="0" aborted="0" inconclusive="0" passedButRunAborted="0" notRunnable="0" notExecuted="0" disconnected="0" warning="0" completed="0" inProgress="0" pending="0" /><Output><StdOut>[xUnit.net 00:00:01.1910108]   Discovering: ModelRelief.Test[xUnit.net 00:00:01.2884906]   Discovered:  ModelRelief.Test[xUnit.net 00:00:01.2939235]   Starting:    ModelRelief.Test[xUnit.net 00:00:39.4000963]   Finished:    ModelRelief.Test</StdOut></Output></ResultSummary></TestRun>