<?xml version="1.0" encoding="utf-8"?><TestRun id="30904d50-47c6-4110-ae42-8c06685c2679" name="Steve Knipmeyer@VECTOR 2018-07-21 12:01:56" runUser="VECTOR\Steve Knipmeyer" xmlns="http://microsoft.com/schemas/VisualStudio/TeamTest/2010"><Times creation="2018-07-21T12:01:56.5795469-04:00" queuing="2018-07-21T12:01:56.5795563-04:00" start="2018-07-21T12:01:52.9803176-04:00" finish="2018-07-21T12:02:31.0799773-04:00" /><TestSettings name="default" id="221799e9-1b01-4a57-8680-bb13ff52f7b4"><Deployment runDeploymentRoot="Steve_Knipmeyer_VECTOR_2018-07-21_12_01_56" /></TestSettings><Results><UnitTestResult executionId="3d207166-de66-44d7-bcd2-222d67500d24" testId="6147d65c-e999-43c1-af22-ed64249a8948" testName="Put_ValidReferencePropertyUpdatesModel" computerName="VECTOR" duration="00:00:00.3000000" startTime="2018-07-21T12:02:07.2281746-04:00" endTime="2018-07-21T12:02:07.2281808-04:00" testType="13cdc9d9-ddb5-4fa4-a97d-d965ccfc6d4b" outcome="Passed" testListId="8c84fa94-04c1-424b-9868-57a2d4851a1d" relativeResultsDirectory="3d207166-de66-44d7-bcd2-222d67500d24" /><UnitTestResult executionId="fbae2729-8389-4df8-9ff0-73a6759f1b3f" testId="7557b44b-1bca-46a2-8318-b8e8dc6513f7" testName="Patch_InvalidReferencePropertyReturnsBadRequest" computerName="VECTOR" duration="00:00:00.0140000" startTime="2018-07-21T12:02:03.0699176-04:00" endTime="2018-07-21T12:02:03.0699224-04:00" testType="13cdc9d9-ddb5-4fa4-a97d-d965ccfc6d4b" outcome="Passed" testListId="8c84fa94-04c1-424b-9868-57a2d4851a1d" relativeResultsDirectory="fbae2729-8389-4df8-9ff0-73a6759f1b3f" /><UnitTestResult executionId="f0ca20ba-147c-435a-95d8-638a84ca3862" testId="34059006-2be3-4064-8949-1d7e7a91d08e" testName="Patch_InvalidReferencePropertyReturnsBadRequest" computerName="VECTOR" duration="00:00:00.0180000" startTime="2018-07-21T12:02:07.7633922-04:00" endTime="2018-07-21T12:02:07.7633976-04:00" testType="13cdc9d9-ddb5-4fa4-a97d-d965ccfc6d4b" outcome="Passed" testListId="8c84fa94-04c1-424b-9868-57a2d4851a1d" relativeResultsDirectory="f0ca20ba-147c-435a-95d8-638a84ca3862" /><UnitTestResult executionId="002b3ccd-0b8e-43dd-b65e-985fc860b3f9" testId="114b8740-977d-4cce-aff9-c3c0423cda1f" testName="Post_CanCreateNewModel" computerName="VECTOR" duration="00:00:00.2880000" startTime="2018-07-21T12:02:00.2305884-04:00" endTime="2018-07-21T12:02:00.2305953-04:00" testType="13cdc9d9-ddb5-4fa4-a97d-d965ccfc6d4b" outcome="Passed" testListId="8c84fa94-04c1-424b-9868-57a2d4851a1d" relativeResultsDirectory="002b3ccd-0b8e-43dd-b65e-985fc860b3f9" /><UnitTestResult executionId="46b3e339-726f-44e5-902a-c6de0d9c3c57" testId="e6ae17cd-24b7-4dc9-9e3a-53ee81c1ae8c" testName="Patch_ValidReferencePropertyUpdatesModel" computerName="VECTOR" duration="00:00:00.3920000" startTime="2018-07-21T12:02:30.3833834-04:00" endTime="2018-07-21T12:02:30.3833893-04:00" testType="13cdc9d9-ddb5-4fa4-a97d-d965ccfc6d4b" outcome="Passed" testListId="8c84fa94-04c1-424b-9868-57a2d4851a1d" relativeResultsDirectory="46b3e339-726f-44e5-902a-c6de0d9c3c57" /><UnitTestResult executionId="2c8a2cd7-684e-4693-a7b1-78510394b438" testId="c42adb62-fcb6-4d87-bf4d-8c2a955e3dd9" testName="Post_InvalidReferencePropertyReturnsBadRequest" computerName="VECTOR" duration="00:00:00.0050000" startTime="2018-07-21T12:02:07.7851273-04:00" endTime="2018-07-21T12:02:07.7851313-04:00" testType="13cdc9d9-ddb5-4fa4-a97d-d965ccfc6d4b" outcome="Passed" testListId="8c84fa94-04c1-424b-9868-57a2d4851a1d" relativeResultsDirectory="2c8a2cd7-684e-4693-a7b1-78510394b438" /><UnitTestResult executionId="597e760a-a7ff-459d-a7bb-ecc4f994a92e" testId="2cf4b273-0f40-4d2c-abb0-2de7dfda9a8f" testName="PostFile_FileTimeStampIsUpdatedAfterFileIsPosted" computerName="VECTOR" duration="00:00:01.4410000" startTime="2018-07-21T12:02:26.1025506-04:00" endTime="2018-07-21T12:02:26.1025662-04:00" testType="13cdc9d9-ddb5-4fa4-a97d-d965ccfc6d4b" outcome="Passed" testListId="8c84fa94-04c1-424b-9868-57a2d4851a1d" relativeResultsDirectory="597e760a-a7ff-459d-a7bb-ecc4f994a92e" /><UnitTestResult executionId="191db555-0aa4-425e-a7b2-f23437de5ce2" testId="40a91aea-b4bd-43ee-b9f6-3c88b712b28e" testName="Post_CanCreateNewModel" computerName="VECTOR" duration="00:00:00.2250000" startTime="2018-07-21T12:02:07.7447782-04:00" endTime="2018-07-21T12:02:07.7447859-04:00" testType="13cdc9d9-ddb5-4fa4-a97d-d965ccfc6d4b" outcome="Passed" testListId="8c84fa94-04c1-424b-9868-57a2d4851a1d" relativeResultsDirectory="191db555-0aa4-425e-a7b2-f23437de5ce2" /><UnitTestResult executionId="64ecf187-37fd-4535-a263-097008c40cb4" testId="769c0c02-9e25-402e-800e-685a8642d3ca" testName="Patch_MultipleInvalidReferencePropertiesReturnsMultipleValidationErrorsAndBadRequest" computerName="VECTOR" duration="00:00:00.0030000" startTime="2018-07-21T12:01:57.9524407-04:00" endTime="2018-07-21T12:01:57.9524470-04:00" testType="13cdc9d9-ddb5-4fa4-a97d-d965ccfc6d4b" outcome="Passed" testListId="8c84fa94-04c1-424b-9868-57a2d4851a1d" relativeResultsDirectory="64ecf187-37fd-4535-a263-097008c40cb4" /><UnitTestResult executionId="b12b326b-4202-4ffc-bb18-1fd0d7d5314c" testId="6642e01d-dabc-4ff4-bf39-87ced4bb2e2d" testName="Patch_TargetPropertyIsUpdated" computerName="VECTOR" duration="00:00:00.3280000" startTime="2018-07-21T12:01:57.3051378-04:00" endTime="2018-07-21T12:01:57.3051446-04:00" testType="13cdc9d9-ddb5-4fa4-a97d-d965ccfc6d4b" outcome="Passed" testListId="8c84fa94-04c1-424b-9868-57a2d4851a1d" relativeResultsDirectory="b12b326b-4202-4ffc-bb18-1fd0d7d5314c" /><UnitTestResult executionId="6a4550dd-3f86-44ec-b7d6-36a0cd8863ef" testId="c4e3e0e9-a709-48b2-9893-16f719a32a88" testName="Put_CanUpdateModel" computerName="VECTOR" duration="00:00:00.2790000" startTime="2018-07-21T12:02:29.7933382-04:00" endTime="2018-07-21T12:02:29.7933445-04:00" testType="13cdc9d9-ddb5-4fa4-a97d-d965ccfc6d4b" outcome="Passed" testListId="8c84fa94-04c1-424b-9868-57a2d4851a1d" relativeResultsDirectory="6a4550dd-3f86-44ec-b7d6-36a0cd8863ef" /><UnitTestResult executionId="ed5e0fa5-fa29-4912-ab41-0077a47867e6" testId="85a06888-f293-4da3-b68c-644a36abc537" testName="Put_CanUpdateModel" computerName="VECTOR" duration="00:00:00.4430000" startTime="2018-07-21T12:01:59.0575586-04:00" endTime="2018-07-21T12:01:59.0575659-04:00" testType="13cdc9d9-ddb5-4fa4-a97d-d965ccfc6d4b" outcome="Passed" testListId="8c84fa94-04c1-424b-9868-57a2d4851a1d" relativeResultsDirectory="ed5e0fa5-fa29-4912-ab41-0077a47867e6" /><UnitTestResult executionId="65457692-70a2-4568-b086-6bd43d80debf" testId="6f61be2e-6faa-495c-90b0-23e35352e978" testName="PostFile_FileIsSynchronizedIsUpdatedAfterFileIsPosted" computerName="VECTOR" duration="00:00:00.0010000" startTime="2018-07-21T12:02:02.3824358-04:00" endTime="2018-07-21T12:02:02.3824384-04:00" testType="13cdc9d9-ddb5-4fa4-a97d-d965ccfc6d4b" outcome="Passed" testListId="8c84fa94-04c1-424b-9868-57a2d4851a1d" relativeResultsDirectory="65457692-70a2-4568-b086-6bd43d80debf" /><UnitTestResult executionId="7cf38f6f-b8ad-4148-ac9e-9fe72632808e" testId="c0179c50-b308-4520-8329-f48c49b7c0bb" testName="Put_CanUpdateModel" computerName="VECTOR" duration="00:00:00.3090000" startTime="2018-07-21T12:02:24.6192230-04:00" endTime="2018-07-21T12:02:24.6192292-04:00" testType="13cdc9d9-ddb5-4fa4-a97d-d965ccfc6d4b" outcome="Passed" testListId="8c84fa94-04c1-424b-9868-57a2d4851a1d" relativeResultsDirectory="7cf38f6f-b8ad-4148-ac9e-9fe72632808e" /><UnitTestResult executionId="32417a4b-8581-42a5-9f16-a6a18b44a6d1" testId="9b2043d4-75d7-4569-9ee9-1b79775fd3dd" testName="Put_ValidReferencePropertyUpdatesModel" computerName="VECTOR" duration="00:00:00.2410000" startTime="2018-07-21T12:01:59.6791131-04:00" endTime="2018-07-21T12:01:59.6791194-04:00" testType="13cdc9d9-ddb5-4fa4-a97d-d965ccfc6d4b" outcome="Passed" testListId="8c84fa94-04c1-424b-9868-57a2d4851a1d" relativeResultsDirectory="32417a4b-8581-42a5-9f16-a6a18b44a6d1" /><UnitTestResult executionId="372f0d54-5ebc-4ed0-b5f5-381887c69390" testId="5e3829a1-fa63-409a-9c94-cf35fadf5e82" testName="Patch_InvalidPropertyNameReturnsBadRequest" computerName="VECTOR" duration="00:00:00.0130000" startTime="2018-07-21T12:02:02.5294902-04:00" endTime="2018-07-21T12:02:02.5294950-04:00" testType="13cdc9d9-ddb5-4fa4-a97d-d965ccfc6d4b" outcome="Passed" testListId="8c84fa94-04c1-424b-9868-57a2d4851a1d" relativeResultsDirectory="372f0d54-5ebc-4ed0-b5f5-381887c69390" /><UnitTestResult executionId="6febc60a-442f-46f8-860c-6493f31c587d" testId="f837abcf-d290-4f9a-976a-61cc3e6585a6" testName="GetSingle_ValidIdPropertyValueReturnsCorrectModel" computerName="VECTOR" duration="00:00:00.0070000" startTime="2018-07-21T12:01:57.5746833-04:00" endTime="2018-07-21T12:01:57.5746932-04:00" testType="13cdc9d9-ddb5-4fa4-a97d-d965ccfc6d4b" outcome="Passed" testListId="8c84fa94-04c1-424b-9868-57a2d4851a1d" relativeResultsDirectory="6febc60a-442f-46f8-860c-6493f31c587d" /><UnitTestResult executionId="81c3d5a7-3f1c-4160-b1d0-af8733ff56af" testId="f3f5ff0e-d304-4b4d-b3c2-c87c355b0e80" testName="GetFile_NonExistentFileReturnsNotFound" computerName="VECTOR" duration="00:00:00.0090000" startTime="2018-07-21T12:02:27.9284910-04:00" endTime="2018-07-21T12:02:27.9284967-04:00" testType="13cdc9d9-ddb5-4fa4-a97d-d965ccfc6d4b" outcome="Passed" testListId="8c84fa94-04c1-424b-9868-57a2d4851a1d" relativeResultsDirectory="81c3d5a7-3f1c-4160-b1d0-af8733ff56af" /><UnitTestResult executionId="27fbe9ff-cdb6-4dab-9b08-46cb0029f2cf" testId="6ada9031-f3d5-46da-8921-3b81ea44c56e" testName="Patch_TargetPropertyIsUpdated" computerName="VECTOR" duration="00:00:00.3370000" startTime="2018-07-21T12:02:04.2744109-04:00" endTime="2018-07-21T12:02:04.2744231-04:00" testType="13cdc9d9-ddb5-4fa4-a97d-d965ccfc6d4b" outcome="Passed" testListId="8c84fa94-04c1-424b-9868-57a2d4851a1d" relativeResultsDirectory="27fbe9ff-cdb6-4dab-9b08-46cb0029f2cf" /><UnitTestResult executionId="e0cea272-3311-48eb-be35-ca091a9e3a19" testId="bef9fe16-19f1-47cc-885b-c59e9e772e7f" testName="Patch_TargetPropertyIsUpdated" computerName="VECTOR" duration="00:00:00.2910000" startTime="2018-07-21T12:02:23.3592258-04:00" endTime="2018-07-21T12:02:23.3592324-04:00" testType="13cdc9d9-ddb5-4fa4-a97d-d965ccfc6d4b" outcome="Passed" testListId="8c84fa94-04c1-424b-9868-57a2d4851a1d" relativeResultsDirectory="e0cea272-3311-48eb-be35-ca091a9e3a19" /><UnitTestResult executionId="5bca1145-aae2-4b49-9cc5-17c568cc82a9" testId="586a3204-50f8-48be-9402-0281217cddd4" testName="GetSingle_ValidIdPropertyValueReturnsCorrectModel" computerName="VECTOR" duration="00:00:00.0080000" startTime="2018-07-21T12:02:08.2129869-04:00" endTime="2018-07-21T12:02:08.2129946-04:00" testType="13cdc9d9-ddb5-4fa4-a97d-d965ccfc6d4b" outcome="Passed" testListId="8c84fa94-04c1-424b-9868-57a2d4851a1d" relativeResultsDirectory="5bca1145-aae2-4b49-9cc5-17c568cc82a9" /><UnitTestResult executionId="857b5984-c98a-4c78-ab84-37ee4d38fe94" testId="2e1b0040-983b-4c62-b809-b2c75e03b8b2" testName="FileRequest_FileCanBeReadAfterRename" computerName="VECTOR" duration="00:00:00.3660000" startTime="2018-07-21T12:02:18.3518027-04:00" endTime="2018-07-21T12:02:18.3518093-04:00" testType="13cdc9d9-ddb5-4fa4-a97d-d965ccfc6d4b" outcome="Passed" testListId="8c84fa94-04c1-424b-9868-57a2d4851a1d" relativeResultsDirectory="857b5984-c98a-4c78-ab84-37ee4d38fe94" /><UnitTestResult executionId="801a3f31-c311-4faa-af28-a50a4307dc4d" testId="fd3c26e9-1e44-48ed-9ef1-376dce9accb7" testName="PostFile_NewFileCanBePosted" computerName="VECTOR" duration="00:00:00.3180000" startTime="2018-07-21T12:02:28.8025060-04:00" endTime="2018-07-21T12:02:28.8025136-04:00" testType="13cdc9d9-ddb5-4fa4-a97d-d965ccfc6d4b" outcome="Passed" testListId="8c84fa94-04c1-424b-9868-57a2d4851a1d" relativeResultsDirectory="801a3f31-c311-4faa-af28-a50a4307dc4d" /><UnitTestResult executionId="d877b64b-4b23-4f49-be2a-53938469c9a2" testId="7dbee3ce-31ea-44ce-bd80-2dc45ebf6395" testName="Put_CanUpdateModel" computerName="VECTOR" duration="00:00:00.2870000" startTime="2018-07-21T12:01:57.8711243-04:00" endTime="2018-07-21T12:01:57.8711306-04:00" testType="13cdc9d9-ddb5-4fa4-a97d-d965ccfc6d4b" outcome="Passed" testListId="8c84fa94-04c1-424b-9868-57a2d4851a1d" relativeResultsDirectory="d877b64b-4b23-4f49-be2a-53938469c9a2" /><UnitTestResult executionId="12a1f453-38fc-4996-bd77-5ae00e2ec4cf" testId="7386dc71-77c8-4e63-adfe-403317459631" testName="Post_InvalidPropertyValueReturnsBadRequest" computerName="VECTOR" duration="00:00:00.0020000" startTime="2018-07-21T12:02:08.2475772-04:00" endTime="2018-07-21T12:02:08.2475797-04:00" testType="13cdc9d9-ddb5-4fa4-a97d-d965ccfc6d4b" outcome="Passed" testListId="8c84fa94-04c1-424b-9868-57a2d4851a1d" relativeResultsDirectory="12a1f453-38fc-4996-bd77-5ae00e2ec4cf" /><UnitTestResult executionId="622b9f40-09f8-487d-89fd-59d7eadab91a" testId="3bf77a23-ac3a-45eb-8869-33d0b14bf188" testName="Post_ValidReferencePropertyCreatesModel" computerName="VECTOR" duration="00:00:00.1400000" startTime="2018-07-21T12:02:29.9501889-04:00" endTime="2018-07-21T12:02:29.9501954-04:00" testType="13cdc9d9-ddb5-4fa4-a97d-d965ccfc6d4b" outcome="Passed" testListId="8c84fa94-04c1-424b-9868-57a2d4851a1d" relativeResultsDirectory="622b9f40-09f8-487d-89fd-59d7eadab91a" /><UnitTestResult executionId="451a7e55-9742-495b-bb47-00d51d7d86ec" testId="dbac4dd0-0ccd-4203-8648-f32e923b4d43" testName="FileRequest_MeshIsInvalidatedAfterDepthBufferFileBecomesUnsynchronized" computerName="VECTOR" duration="00:00:02.5890000" startTime="2018-07-21T12:02:11.1358593-04:00" endTime="2018-07-21T12:02:11.1358655-04:00" testType="13cdc9d9-ddb5-4fa4-a97d-d965ccfc6d4b" outcome="Passed" testListId="8c84fa94-04c1-424b-9868-57a2d4851a1d" relativeResultsDirectory="451a7e55-9742-495b-bb47-00d51d7d86ec" /><UnitTestResult executionId="1d22d49c-764a-4387-bc10-98826767db0b" testId="96e4e599-7f2d-40c1-83e8-5e863fcf2cd8" testName="Put_InvalidIdReturnsNotFound" computerName="VECTOR" duration="00:00:00.0370000" startTime="2018-07-21T12:01:57.5669452-04:00" endTime="2018-07-21T12:01:57.5669514-04:00" testType="13cdc9d9-ddb5-4fa4-a97d-d965ccfc6d4b" outcome="Passed" testListId="8c84fa94-04c1-424b-9868-57a2d4851a1d" relativeResultsDirectory="1d22d49c-764a-4387-bc10-98826767db0b" /><UnitTestResult executionId="81b8b196-6efe-414d-a97f-fedec7b860b8" testId="a039217d-4d03-4443-b213-01662892716b" testName="Patch_TargetPropertyIsUpdated" computerName="VECTOR" duration="00:00:00.2980000" startTime="2018-07-21T12:02:30.9832730-04:00" endTime="2018-07-21T12:02:30.9832793-04:00" testType="13cdc9d9-ddb5-4fa4-a97d-d965ccfc6d4b" outcome="Passed" testListId="8c84fa94-04c1-424b-9868-57a2d4851a1d" relativeResultsDirectory="81b8b196-6efe-414d-a97f-fedec7b860b8" /><UnitTestResult executionId="47cb4c55-d5ad-46a7-8053-8af9ae52fa9c" testId="cec6d9ec-bbc2-4d08-8636-c2894198faf4" testName="GetSingle_InvalidIdPropertyValueReturnsNotFound" computerName="VECTOR" duration="00:00:00.0060000" startTime="2018-07-21T12:01:57.5838805-04:00" endTime="2018-07-21T12:01:57.5838837-04:00" testType="13cdc9d9-ddb5-4fa4-a97d-d965ccfc6d4b" outcome="Passed" testListId="8c84fa94-04c1-424b-9868-57a2d4851a1d" relativeResultsDirectory="47cb4c55-d5ad-46a7-8053-8af9ae52fa9c" /><UnitTestResult executionId="e396a479-5c84-4ca5-a627-d02c3ca272a8" testId="86de9750-424f-4844-849a-f3758313aea1" testName="GetList_ListReturnsCorrectCount" computerName="VECTOR" duration="00:00:00.1150000" startTime="2018-07-21T12:02:22.5946257-04:00" endTime="2018-07-21T12:02:22.5946314-04:00" testType="13cdc9d9-ddb5-4fa4-a97d-d965ccfc6d4b" outcome="Passed" testListId="8c84fa94-04c1-424b-9868-57a2d4851a1d" relativeResultsDirectory="e396a479-5c84-4ca5-a627-d02c3ca272a8" /><UnitTestResult executionId="5ed24640-e0b4-45f9-b988-7c87b07862b8" testId="5f2eb283-531a-476f-be6c-dbc0477c4135" testName="Patch_InvalidPropertyNameReturnsBadRequest" computerName="VECTOR" duration="00:00:00.0050000" startTime="2018-07-21T12:02:29.9869473-04:00" endTime="2018-07-21T12:02:29.9869513-04:00" testType="13cdc9d9-ddb5-4fa4-a97d-d965ccfc6d4b" outcome="Passed" testListId="8c84fa94-04c1-424b-9868-57a2d4851a1d" relativeResultsDirectory="5ed24640-e0b4-45f9-b988-7c87b07862b8" /><UnitTestResult executionId="bfc2b434-02c5-48fd-a430-cee6ce1cef44" testId="d3cfd877-46f6-4a62-925a-1c792082f71e" testName="FileRequest_MeshGenerateSetsFileIsSynchronized" computerName="VECTOR" duration="00:00:04.0700000" startTime="2018-07-21T12:02:17.6514503-04:00" endTime="2018-07-21T12:02:17.6514565-04:00" testType="13cdc9d9-ddb5-4fa4-a97d-d965ccfc6d4b" outcome="Passed" testListId="8c84fa94-04c1-424b-9868-57a2d4851a1d" relativeResultsDirectory="bfc2b434-02c5-48fd-a430-cee6ce1cef44" /><UnitTestResult executionId="6095fd7e-8737-4b73-a7c5-57a186499ffc" testId="d3171d72-154f-455b-89f3-af99b8fc2188" testName="Post_InvalidPropertyValueReturnsBadRequest" computerName="VECTOR" duration="00:00:00.0090000" startTime="2018-07-21T12:01:57.9742975-04:00" endTime="2018-07-21T12:01:57.9743080-04:00" testType="13cdc9d9-ddb5-4fa4-a97d-d965ccfc6d4b" outcome="Passed" testListId="8c84fa94-04c1-424b-9868-57a2d4851a1d" relativeResultsDirectory="6095fd7e-8737-4b73-a7c5-57a186499ffc" /><UnitTestResult executionId="30ba8eed-835f-4e34-9535-58fdc0828d79" testId="7945b553-d068-41ba-9880-6ca8e956b4ce" testName="GetSingle_InvalidIdPropertyValueReturnsNotFound" computerName="VECTOR" duration="00:00:00.0180000" startTime="2018-07-21T12:01:59.0763005-04:00" endTime="2018-07-21T12:01:59.0763068-04:00" testType="13cdc9d9-ddb5-4fa4-a97d-d965ccfc6d4b" outcome="Passed" testListId="8c84fa94-04c1-424b-9868-57a2d4851a1d" relativeResultsDirectory="30ba8eed-835f-4e34-9535-58fdc0828d79" /><UnitTestResult executionId="aa2e0df2-da37-4302-98b5-fbc3b2e42723" testId="837bde77-3f89-4f94-87fd-667316087419" testName="GetFile_NonExistentFileReturnsNotFound" computerName="VECTOR" duration="00:00:00.0110000" startTime="2018-07-21T12:02:02.3816210-04:00" endTime="2018-07-21T12:02:02.3816293-04:00" testType="13cdc9d9-ddb5-4fa4-a97d-d965ccfc6d4b" outcome="Passed" testListId="8c84fa94-04c1-424b-9868-57a2d4851a1d" relativeResultsDirectory="aa2e0df2-da37-4302-98b5-fbc3b2e42723" /><UnitTestResult executionId="65bbccf4-9c75-4d1b-bcf4-9f3b12758157" testId="92670c10-814c-4fd6-ad1d-5e11451a4de1" testName="Delete_TargetModelIsDeleted" computerName="VECTOR" duration="00:00:00.1970000" startTime="2018-07-21T12:02:00.4452069-04:00" endTime="2018-07-21T12:02:00.4452128-04:00" testType="13cdc9d9-ddb5-4fa4-a97d-d965ccfc6d4b" outcome="Passed" testListId="8c84fa94-04c1-424b-9868-57a2d4851a1d" relativeResultsDirectory="65bbccf4-9c75-4d1b-bcf4-9f3b12758157" /><UnitTestResult executionId="2ab5f8d0-f09e-4061-add5-4ea041c8550e" testId="a4e48b4b-8a91-43ad-a546-0f9007ea6310" testName="Patch_InvalidReferencePropertyReturnsBadRequest" computerName="VECTOR" duration="00:00:00.0020000" startTime="2018-07-21T12:01:57.3093224-04:00" endTime="2018-07-21T12:01:57.3093249-04:00" testType="13cdc9d9-ddb5-4fa4-a97d-d965ccfc6d4b" outcome="Passed" testListId="8c84fa94-04c1-424b-9868-57a2d4851a1d" relativeResultsDirectory="2ab5f8d0-f09e-4061-add5-4ea041c8550e" /><UnitTestResult executionId="6cff8f8a-8bc6-49eb-b2fb-7c95c947b67c" testId="0c20b1a0-9eae-465b-b3b0-f2ffaaf7639b" testName="PutFile_FileCanBeUpdated" computerName="VECTOR" duration="00:00:00.3980000" startTime="2018-07-21T12:02:11.8191834-04:00" endTime="2018-07-21T12:02:11.8191902-04:00" testType="13cdc9d9-ddb5-4fa4-a97d-d965ccfc6d4b" outcome="Passed" testListId="8c84fa94-04c1-424b-9868-57a2d4851a1d" relativeResultsDirectory="6cff8f8a-8bc6-49eb-b2fb-7c95c947b67c" /><UnitTestResult executionId="679ee8fd-4173-4e19-bdd6-b15c5311be99" testId="ceb789e8-3f00-4d99-a1f0-5d53cc12d2cd" testName="GetFile_FileCanBeRoundTripped" computerName="VECTOR" duration="00:00:00.3000000" startTime="2018-07-21T12:02:02.3705745-04:00" endTime="2018-07-21T12:02:02.3705811-04:00" testType="13cdc9d9-ddb5-4fa4-a97d-d965ccfc6d4b" outcome="Passed" testListId="8c84fa94-04c1-424b-9868-57a2d4851a1d" relativeResultsDirectory="679ee8fd-4173-4e19-bdd6-b15c5311be99" /><UnitTestResult executionId="e88515bc-5c86-4c9f-83d6-d805b032da65" testId="2d481e40-39e0-46e9-bb9f-e3eee7a1ba72" testName="Post_ValidReferencePropertyCreatesModel" computerName="VECTOR" duration="00:00:00.1800000" startTime="2018-07-21T12:02:07.9862011-04:00" endTime="2018-07-21T12:02:07.9862073-04:00" testType="13cdc9d9-ddb5-4fa4-a97d-d965ccfc6d4b" outcome="Passed" testListId="8c84fa94-04c1-424b-9868-57a2d4851a1d" relativeResultsDirectory="e88515bc-5c86-4c9f-83d6-d805b032da65" /><UnitTestResult executionId="02c41e54-cf74-4d9e-b8f6-19c559474599" testId="8db2823e-7857-4f1a-89f3-b715eddf20aa" testName="Patch_MultipleInvalidReferencePropertiesReturnsMultipleValidationErrorsAndBadRequest" computerName="VECTOR" duration="00:00:00.0180000" startTime="2018-07-21T12:02:02.8805991-04:00" endTime="2018-07-21T12:02:02.8806073-04:00" testType="13cdc9d9-ddb5-4fa4-a97d-d965ccfc6d4b" outcome="Passed" testListId="8c84fa94-04c1-424b-9868-57a2d4851a1d" relativeResultsDirectory="02c41e54-cf74-4d9e-b8f6-19c559474599" /><UnitTestResult executionId="fc7b0f14-4a3b-4971-a68d-3ad59cb9081d" testId="79657633-8296-418a-8a08-adf98eee4788" testName="CameraHasExpectedDependentFiles" computerName="VECTOR" duration="00:00:00.0010000" startTime="2018-07-21T12:01:56.0945933-04:00" endTime="2018-07-21T12:01:56.0945944-04:00" testType="13cdc9d9-ddb5-4fa4-a97d-d965ccfc6d4b" outcome="Passed" testListId="8c84fa94-04c1-424b-9868-57a2d4851a1d" relativeResultsDirectory="fc7b0f14-4a3b-4971-a68d-3ad59cb9081d" /><UnitTestResult executionId="90879a80-25d7-43ed-a70a-2a467626bac2" testId="d490f622-8a72-4015-b40d-93d0db1d7992" testName="Post_InvalidReferencePropertyReturnsBadRequest" computerName="VECTOR" duration="00:00:00.0050000" startTime="2018-07-21T12:02:04.5334770-04:00" endTime="2018-07-21T12:02:04.5334807-04:00" testType="13cdc9d9-ddb5-4fa4-a97d-d965ccfc6d4b" outcome="Passed" testListId="8c84fa94-04c1-424b-9868-57a2d4851a1d" relativeResultsDirectory="90879a80-25d7-43ed-a70a-2a467626bac2" /><UnitTestResult executionId="080c3894-3f02-4100-a5ed-135971469b27" testId="92225c50-9edd-46ad-8fd5-99adf259af16" testName="Post_InvalidReferencePropertyReturnsBadRequest" computerName="VECTOR" duration="00:00:00.0060000" startTime="2018-07-21T12:02:29.5144255-04:00" endTime="2018-07-21T12:02:29.5144312-04:00" testType="13cdc9d9-ddb5-4fa4-a97d-d965ccfc6d4b" outcome="Passed" testListId="8c84fa94-04c1-424b-9868-57a2d4851a1d" relativeResultsDirectory="080c3894-3f02-4100-a5ed-135971469b27" /><UnitTestResult executionId="fccfda59-338d-461a-b756-bb2a0c8b0a64" testId="114f75ee-18ab-447a-8d59-77318f03189e" testName="Patch_InvalidIdPropertyReturnsNotFound" computerName="VECTOR" duration="00:00:00.0050000" startTime="2018-07-21T12:02:03.6746352-04:00" endTime="2018-07-21T12:02:03.6746389-04:00" testType="13cdc9d9-ddb5-4fa4-a97d-d965ccfc6d4b" outcome="Passed" testListId="8c84fa94-04c1-424b-9868-57a2d4851a1d" relativeResultsDirectory="fccfda59-338d-461a-b756-bb2a0c8b0a64" /><UnitTestResult executionId="1e6cd0b5-3331-435b-b62d-154bdb9ce5a7" testId="318967e0-cf2c-47c4-815b-2e83e3f05bc8" testName="Put_ValidReferencePropertyUpdatesModel" computerName="VECTOR" duration="00:00:00.0020000" startTime="2018-07-21T12:01:57.3075962-04:00" endTime="2018-07-21T12:01:57.3075987-04:00" testType="13cdc9d9-ddb5-4fa4-a97d-d965ccfc6d4b" outcome="Passed" testListId="8c84fa94-04c1-424b-9868-57a2d4851a1d" relativeResultsDirectory="1e6cd0b5-3331-435b-b62d-154bdb9ce5a7" /><UnitTestResult executionId="b0a9bcf6-ec0d-4630-af0d-335bf226adb4" testId="1fb32ee0-90db-4d27-b0bd-b924752458f3" testName="Post_ValidReferencePropertyCreatesModel" computerName="VECTOR" duration="00:00:00.1670000" startTime="2018-07-21T12:02:24.3103420-04:00" endTime="2018-07-21T12:02:24.3103483-04:00" testType="13cdc9d9-ddb5-4fa4-a97d-d965ccfc6d4b" outcome="Passed" testListId="8c84fa94-04c1-424b-9868-57a2d4851a1d" relativeResultsDirectory="b0a9bcf6-ec0d-4630-af0d-335bf226adb4" /><UnitTestResult executionId="7a846aa1-f57a-4d3d-8f63-0405b40d70eb" testId="33c47d1f-c2da-4dae-b9a0-847973008c9f" testName="Patch_MultipleInvalidReferencePropertiesReturnsMultipleValidationErrorsAndBadRequest" computerName="VECTOR" duration="00:00:00.0270000" startTime="2018-07-21T12:01:59.8832335-04:00" endTime="2018-07-21T12:01:59.8832389-04:00" testType="13cdc9d9-ddb5-4fa4-a97d-d965ccfc6d4b" outcome="Passed" testListId="8c84fa94-04c1-424b-9868-57a2d4851a1d" relativeResultsDirectory="7a846aa1-f57a-4d3d-8f63-0405b40d70eb" /><UnitTestResult executionId="72c45fdf-c898-4058-bdf6-f0c5bfd97879" testId="1ee54612-97b3-4820-b0f2-de96a4321c81" testName="Delete_TargetModelIsDeleted" computerName="VECTOR" duration="00:00:00.1570000" startTime="2018-07-21T12:02:29.4598168-04:00" endTime="2018-07-21T12:02:29.4598234-04:00" testType="13cdc9d9-ddb5-4fa4-a97d-d965ccfc6d4b" outcome="Passed" testListId="8c84fa94-04c1-424b-9868-57a2d4851a1d" relativeResultsDirectory="72c45fdf-c898-4058-bdf6-f0c5bfd97879" /><UnitTestResult executionId="e3586bdc-3312-4d8e-8aa5-acc0381e855b" testId="72bf1b75-2b13-4291-9e39-a2942185b8fe" testName="Patch_MultipleInvalidReferencePropertiesReturnsMultipleValidationErrorsAndBadRequest" computerName="VECTOR" duration="00:00:00.0260000" startTime="2018-07-21T12:02:29.9764239-04:00" endTime="2018-07-21T12:02:29.9764305-04:00" testType="13cdc9d9-ddb5-4fa4-a97d-d965ccfc6d4b" outcome="Passed" testListId="8c84fa94-04c1-424b-9868-57a2d4851a1d" relativeResultsDirectory="e3586bdc-3312-4d8e-8aa5-acc0381e855b" /><UnitTestResult executionId="661b39e6-bbe5-4505-9a73-580400b2f18b" testId="43ce3c90-3c31-43a1-af03-1ceab7278d51" testName="Patch_InvalidReferencePropertyReturnsBadRequest" computerName="VECTOR" duration="00:00:00.0170000" startTime="2018-07-21T12:02:00.2476886-04:00" endTime="2018-07-21T12:02:00.2476935-04:00" testType="13cdc9d9-ddb5-4fa4-a97d-d965ccfc6d4b" outcome="Passed" testListId="8c84fa94-04c1-424b-9868-57a2d4851a1d" relativeResultsDirectory="661b39e6-bbe5-4505-9a73-580400b2f18b" /><UnitTestResult executionId="66c59051-37c1-4243-92ca-93d4c250b885" testId="6676e247-c440-4f9f-be07-5e73aa574bc0" testName="FileRequest_DepthBufferIsInvalidatedAfterCameraDependencyPropertyChange" computerName="VECTOR" duration="00:00:00.9330000" startTime="2018-07-21T12:02:27.9190623-04:00" endTime="2018-07-21T12:02:27.9190686-04:00" testType="13cdc9d9-ddb5-4fa4-a97d-d965ccfc6d4b" outcome="Passed" testListId="8c84fa94-04c1-424b-9868-57a2d4851a1d" relativeResultsDirectory="66c59051-37c1-4243-92ca-93d4c250b885" /><UnitTestResult executionId="b06434cb-8886-4009-a9a9-ebc89df4ecd1" testId="5c41069c-6bb1-4890-844f-92988dfc1309" testName="Delete_TargetModelIsDeleted" computerName="VECTOR" duration="00:00:00.2180000" startTime="2018-07-21T12:02:08.2043856-04:00" endTime="2018-07-21T12:02:08.2043916-04:00" testType="13cdc9d9-ddb5-4fa4-a97d-d965ccfc6d4b" outcome="Passed" testListId="8c84fa94-04c1-424b-9868-57a2d4851a1d" relativeResultsDirectory="b06434cb-8886-4009-a9a9-ebc89df4ecd1" /><UnitTestResult executionId="7ecbdd8c-a146-4cd4-b12c-111ee5a7ef63" testId="952c3930-d81e-43b5-9409-01b8f4dbae1a" testName="Delete_TargetModelIsDeleted" computerName="VECTOR" duration="00:00:00.4310000" startTime="2018-07-21T12:01:56.9771377-04:00" endTime="2018-07-21T12:01:56.9771439-04:00" testType="13cdc9d9-ddb5-4fa4-a97d-d965ccfc6d4b" outcome="Passed" testListId="8c84fa94-04c1-424b-9868-57a2d4851a1d" relativeResultsDirectory="7ecbdd8c-a146-4cd4-b12c-111ee5a7ef63" /><UnitTestResult executionId="f6ddec02-76c1-4742-8532-65ae4e0924c3" testId="06172b46-762c-49b7-924a-4eefb8cbea27" testName="GetSingle_ValidIdPropertyValueReturnsCorrectModel" computerName="VECTOR" duration="00:00:00.0100000" startTime="2018-07-21T12:02:29.0971950-04:00" endTime="2018-07-21T12:02:29.0972010-04:00" testType="13cdc9d9-ddb5-4fa4-a97d-d965ccfc6d4b" outcome="Passed" testListId="8c84fa94-04c1-424b-9868-57a2d4851a1d" relativeResultsDirectory="f6ddec02-76c1-4742-8532-65ae4e0924c3" /><UnitTestResult executionId="015c3251-4cba-4066-acdc-d66d64a22cbf" testId="8aaf4488-5b6c-4a34-829e-bb97bb8118c2" testName="LucyModel3dHasTwoDependents" computerName="VECTOR" duration="00:00:00.3580000" startTime="2018-07-21T12:01:56.0870673-04:00" endTime="2018-07-21T12:01:56.0870730-04:00" testType="13cdc9d9-ddb5-4fa4-a97d-d965ccfc6d4b" outcome="Passed" testListId="8c84fa94-04c1-424b-9868-57a2d4851a1d" relativeResultsDirectory="015c3251-4cba-4066-acdc-d66d64a22cbf" /><UnitTestResult executionId="94baed45-2742-4f5a-9b3b-00df455451c6" testId="6bdcc547-0966-4937-a50a-fff2bab4bdbe" testName="Put_ValidReferencePropertyUpdatesModel" computerName="VECTOR" duration="00:00:00.2860000" startTime="2018-07-21T12:02:30.6851396-04:00" endTime="2018-07-21T12:02:30.6851458-04:00" testType="13cdc9d9-ddb5-4fa4-a97d-d965ccfc6d4b" outcome="Passed" testListId="8c84fa94-04c1-424b-9868-57a2d4851a1d" relativeResultsDirectory="94baed45-2742-4f5a-9b3b-00df455451c6" /><UnitTestResult executionId="64f3b8af-3dd9-4f4c-ad39-abbe1cc0e8be" testId="4b4ab71c-973f-4d36-b63f-300943357b8e" testName="PutFile_FileCanBeUpdated" computerName="VECTOR" duration="00:00:00.4230000" startTime="2018-07-21T12:02:26.5256226-04:00" endTime="2018-07-21T12:02:26.5256289-04:00" testType="13cdc9d9-ddb5-4fa4-a97d-d965ccfc6d4b" outcome="Passed" testListId="8c84fa94-04c1-424b-9868-57a2d4851a1d" relativeResultsDirectory="64f3b8af-3dd9-4f4c-ad39-abbe1cc0e8be" /><UnitTestResult executionId="5b2298bf-33d4-4a68-b124-c792f718eb2c" testId="948c8abc-3131-43c7-890b-964e3b8c7947" testName="Post_InvalidReferencePropertyReturnsBadRequest" computerName="VECTOR" duration="00:00:00.0740000" startTime="2018-07-21T12:01:58.0493739-04:00" endTime="2018-07-21T12:01:58.0493801-04:00" testType="13cdc9d9-ddb5-4fa4-a97d-d965ccfc6d4b" outcome="Passed" testListId="8c84fa94-04c1-424b-9868-57a2d4851a1d" relativeResultsDirectory="5b2298bf-33d4-4a68-b124-c792f718eb2c" /><UnitTestResult executionId="66b6c417-9a62-4c95-904a-b814cd0475ab" testId="7f6af23c-fd1e-44da-a86a-42a484b6a5ca" testName="Patch_InvalidPropertyNameReturnsBadRequest" computerName="VECTOR" duration="00:00:00.0080000" startTime="2018-07-21T12:02:22.6031632-04:00" endTime="2018-07-21T12:02:22.6031669-04:00" testType="13cdc9d9-ddb5-4fa4-a97d-d965ccfc6d4b" outcome="Passed" testListId="8c84fa94-04c1-424b-9868-57a2d4851a1d" relativeResultsDirectory="66b6c417-9a62-4c95-904a-b814cd0475ab" /><UnitTestResult executionId="35d33e0e-215e-4c66-9514-27052e3a42cf" testId="3fae778a-1d36-497d-b0a7-2019ef395c80" testName="PostFile_FileTimeStampIsUpdatedAfterFileIsPosted" computerName="VECTOR" duration="00:00:01.4420000" startTime="2018-07-21T12:02:13.2790552-04:00" endTime="2018-07-21T12:02:13.2790614-04:00" testType="13cdc9d9-ddb5-4fa4-a97d-d965ccfc6d4b" outcome="Passed" testListId="8c84fa94-04c1-424b-9868-57a2d4851a1d" relativeResultsDirectory="35d33e0e-215e-4c66-9514-27052e3a42cf" /><UnitTestResult executionId="ed72a98f-f53f-406c-992d-e2b9c9e98286" testId="5af18cac-c976-4553-9a67-682e3e0a4628" testName="GetSingle_InvalidIdPropertyValueReturnsNotFound" computerName="VECTOR" duration="00:00:00.0050000" startTime="2018-07-21T12:02:29.5079672-04:00" endTime="2018-07-21T12:02:29.5079712-04:00" testType="13cdc9d9-ddb5-4fa4-a97d-d965ccfc6d4b" outcome="Passed" testListId="8c84fa94-04c1-424b-9868-57a2d4851a1d" relativeResultsDirectory="ed72a98f-f53f-406c-992d-e2b9c9e98286" /><UnitTestResult executionId="4b5ecb31-6864-498e-862c-c16f64b35e8c" testId="c351eeb8-49b6-4144-a650-9b195b9492c7" testName="Put_InvalidIdReturnsNotFound" computerName="VECTOR" duration="00:00:00.0110000" startTime="2018-07-21T12:02:23.8446667-04:00" endTime="2018-07-21T12:02:23.8446724-04:00" testType="13cdc9d9-ddb5-4fa4-a97d-d965ccfc6d4b" outcome="Passed" testListId="8c84fa94-04c1-424b-9868-57a2d4851a1d" relativeResultsDirectory="4b5ecb31-6864-498e-862c-c16f64b35e8c" /><UnitTestResult executionId="e79d1194-23eb-479d-9684-020936650321" testId="544a243c-4e43-4949-9972-b36bf44875a6" testName="Model3dHasExpectedDependentFiles" computerName="VECTOR" duration="00:00:00.0300000" startTime="2018-07-21T12:01:55.7314936-04:00" endTime="2018-07-21T12:01:55.7315004-04:00" testType="13cdc9d9-ddb5-4fa4-a97d-d965ccfc6d4b" outcome="Passed" testListId="8c84fa94-04c1-424b-9868-57a2d4851a1d" relativeResultsDirectory="e79d1194-23eb-479d-9684-020936650321" /><UnitTestResult executionId="b18869ab-b329-4722-8429-4e68dc819d01" testId="b8cf082c-4047-42c5-810b-3358d66c12d4" testName="Patch_ValidReferencePropertyUpdatesModel" computerName="VECTOR" duration="00:00:00.8230000" startTime="2018-07-21T12:02:06.2885660-04:00" endTime="2018-07-21T12:02:06.2885726-04:00" testType="13cdc9d9-ddb5-4fa4-a97d-d965ccfc6d4b" outcome="Passed" testListId="8c84fa94-04c1-424b-9868-57a2d4851a1d" relativeResultsDirectory="b18869ab-b329-4722-8429-4e68dc819d01" /><UnitTestResult executionId="847e6417-6562-45f9-b32e-c8ea99c9f481" testId="eafc290d-c886-48c1-b8b4-53aec7a25787" testName="GetFile_ExistingFileReturnsSuccess" computerName="VECTOR" duration="00:00:00.0170000" startTime="2018-07-21T12:02:11.8362899-04:00" endTime="2018-07-21T12:02:11.8362982-04:00" testType="13cdc9d9-ddb5-4fa4-a97d-d965ccfc6d4b" outcome="Passed" testListId="8c84fa94-04c1-424b-9868-57a2d4851a1d" relativeResultsDirectory="847e6417-6562-45f9-b32e-c8ea99c9f481" /><UnitTestResult executionId="1ea1951f-781d-4d03-8198-a319325f0552" testId="97fc8c42-495e-46da-9294-151cc6fd7a0d" testName="Post_CanCreateNewModel" computerName="VECTOR" duration="00:00:00.1540000" startTime="2018-07-21T12:02:23.0677044-04:00" endTime="2018-07-21T12:02:23.0677113-04:00" testType="13cdc9d9-ddb5-4fa4-a97d-d965ccfc6d4b" outcome="Passed" testListId="8c84fa94-04c1-424b-9868-57a2d4851a1d" relativeResultsDirectory="1ea1951f-781d-4d03-8198-a319325f0552" /><UnitTestResult executionId="9108960f-ad63-4cd1-9c8d-30950e0beeaf" testId="df7ab6ea-8ef9-47de-984c-f96bfbd3f729" testName="GetFile_FileCanBeRoundTripped" computerName="VECTOR" duration="00:00:00.2850000" startTime="2018-07-21T12:02:11.4211970-04:00" endTime="2018-07-21T12:02:11.4212038-04:00" testType="13cdc9d9-ddb5-4fa4-a97d-d965ccfc6d4b" outcome="Passed" testListId="8c84fa94-04c1-424b-9868-57a2d4851a1d" relativeResultsDirectory="9108960f-ad63-4cd1-9c8d-30950e0beeaf" /><UnitTestResult executionId="dab38438-cf48-4b26-95b8-d6b0e581294a" testId="af4640ce-75ec-4aeb-8cf6-35214b8ab4ea" testName="Patch_InvalidEnumPropertyValueReturnsBadRequest" computerName="VECTOR" duration="00:00:00.0010000" startTime="2018-07-21T12:02:29.5029911-04:00" endTime="2018-07-21T12:02:29.5029928-04:00" testType="13cdc9d9-ddb5-4fa4-a97d-d965ccfc6d4b" outcome="Passed" testListId="8c84fa94-04c1-424b-9868-57a2d4851a1d" relativeResultsDirectory="dab38438-cf48-4b26-95b8-d6b0e581294a" /><UnitTestResult executionId="9e0813b1-3e00-4e27-8d6b-2e5a8faa4914" testId="5eeb81b4-8ca2-4449-8b5c-e046d1f696ba" testName="FileRequest_MeshGenerateScalesDepthBufferByP1Scale" computerName="VECTOR" duration="00:00:04.0990000" startTime="2018-07-21T12:02:22.4514400-04:00" endTime="2018-07-21T12:02:22.4514463-04:00" testType="13cdc9d9-ddb5-4fa4-a97d-d965ccfc6d4b" outcome="Passed" testListId="8c84fa94-04c1-424b-9868-57a2d4851a1d" relativeResultsDirectory="9e0813b1-3e00-4e27-8d6b-2e5a8faa4914" /><UnitTestResult executionId="ad867fe4-182b-46e2-b55f-e298d1e79164" testId="e5ea11f9-3ac5-4ab9-956d-88e726cf2017" testName="Patch_ValidReferencePropertyUpdatesModel" computerName="VECTOR" duration="00:00:00.0040000" startTime="2018-07-21T12:01:56.1066863-04:00" endTime="2018-07-21T12:01:56.1066922-04:00" testType="13cdc9d9-ddb5-4fa4-a97d-d965ccfc6d4b" outcome="Passed" testListId="8c84fa94-04c1-424b-9868-57a2d4851a1d" relativeResultsDirectory="ad867fe4-182b-46e2-b55f-e298d1e79164" /><UnitTestResult executionId="57c5b395-6a8e-41cb-94dd-028f95ffbd2f" testId="f733209c-1690-4f19-8da1-5b00e8ce7296" testName="GetList_ListReturnsCorrectCount" computerName="VECTOR" duration="00:00:00.0520000" startTime="2018-07-21T12:01:59.9360989-04:00" endTime="2018-07-21T12:01:59.9361049-04:00" testType="13cdc9d9-ddb5-4fa4-a97d-d965ccfc6d4b" outcome="Passed" testListId="8c84fa94-04c1-424b-9868-57a2d4851a1d" relativeResultsDirectory="57c5b395-6a8e-41cb-94dd-028f95ffbd2f" /><UnitTestResult executionId="321acc99-ed93-4daa-9d26-39b25d1ab308" testId="c20fffdd-0d6d-43d5-b246-5a5e522ca4ad" testName="Post_InvalidPropertyValueReturnsBadRequest" computerName="VECTOR" duration="00:00:00.0030000" startTime="2018-07-21T12:02:03.4567034-04:00" endTime="2018-07-21T12:02:03.4567074-04:00" testType="13cdc9d9-ddb5-4fa4-a97d-d965ccfc6d4b" outcome="Passed" testListId="8c84fa94-04c1-424b-9868-57a2d4851a1d" relativeResultsDirectory="321acc99-ed93-4daa-9d26-39b25d1ab308" /><UnitTestResult executionId="ba0e9c36-789a-48c2-8e43-29d25c28ff78" testId="31fbca46-f807-483e-8eb0-499aa36cc1ec" testName="LucyDepthBufferFindsOneDependent" computerName="VECTOR" duration="00:00:00.0030000" startTime="2018-07-21T12:01:56.0975626-04:00" endTime="2018-07-21T12:01:56.0975640-04:00" testType="13cdc9d9-ddb5-4fa4-a97d-d965ccfc6d4b" outcome="Passed" testListId="8c84fa94-04c1-424b-9868-57a2d4851a1d" relativeResultsDirectory="ba0e9c36-789a-48c2-8e43-29d25c28ff78" /><UnitTestResult executionId="48e2ef1d-0dba-404a-a5b4-dd890b000af0" testId="43087d4a-571d-4cec-993c-9d337075d08a" testName="GetSingle_InvalidIdPropertyValueReturnsNotFound" computerName="VECTOR" duration="00:00:00.0040000" startTime="2018-07-21T12:02:07.7795899-04:00" endTime="2018-07-21T12:02:07.7795936-04:00" testType="13cdc9d9-ddb5-4fa4-a97d-d965ccfc6d4b" outcome="Passed" testListId="8c84fa94-04c1-424b-9868-57a2d4851a1d" relativeResultsDirectory="48e2ef1d-0dba-404a-a5b4-dd890b000af0" /><UnitTestResult executionId="d4a59420-9c89-4107-a6d7-6f74f3ba7f63" testId="e477f738-564a-4f1b-bbad-3cf4e3cbec0c" testName="Post_InvalidPropertyValueReturnsBadRequest" computerName="VECTOR" duration="00:00:00.0020000" startTime="2018-07-21T12:01:59.1290866-04:00" endTime="2018-07-21T12:01:59.1290903-04:00" testType="13cdc9d9-ddb5-4fa4-a97d-d965ccfc6d4b" outcome="Passed" testListId="8c84fa94-04c1-424b-9868-57a2d4851a1d" relativeResultsDirectory="d4a59420-9c89-4107-a6d7-6f74f3ba7f63" /><UnitTestResult executionId="0ce3f294-4166-4e99-ae2d-5c88ea54bfad" testId="bec82d40-64dd-4ea4-8e74-52a1490e73a6" testName="Post_CanCreateNewModel" computerName="VECTOR" duration="00:00:00.1880000" startTime="2018-07-21T12:02:29.2853631-04:00" endTime="2018-07-21T12:02:29.2853696-04:00" testType="13cdc9d9-ddb5-4fa4-a97d-d965ccfc6d4b" outcome="Passed" testListId="8c84fa94-04c1-424b-9868-57a2d4851a1d" relativeResultsDirectory="0ce3f294-4166-4e99-ae2d-5c88ea54bfad" /><UnitTestResult executionId="87668bb0-5dcb-433b-8f5f-9e65218e022b" testId="8728c4e9-ce84-4c74-8cdf-1114bf112c9c" testName="Put_ValidReferencePropertyUpdatesModel" computerName="VECTOR" duration="00:00:00.3490000" startTime="2018-07-21T12:02:03.4535755-04:00" endTime="2018-07-21T12:02:03.4535818-04:00" testType="13cdc9d9-ddb5-4fa4-a97d-d965ccfc6d4b" outcome="Passed" testListId="8c84fa94-04c1-424b-9868-57a2d4851a1d" relativeResultsDirectory="87668bb0-5dcb-433b-8f5f-9e65218e022b" /><UnitTestResult executionId="5b379951-a7ec-44a5-8517-a9533d2266d9" testId="b45c2f12-33fa-488f-9268-2ebe994a7ddb" testName="PostFile_FileTimeStampIsUpdatedAfterFileIsPosted" computerName="VECTOR" duration="00:00:00.0010000" startTime="2018-07-21T12:02:00.4643037-04:00" endTime="2018-07-21T12:02:00.4643062-04:00" testType="13cdc9d9-ddb5-4fa4-a97d-d965ccfc6d4b" outcome="Passed" testListId="8c84fa94-04c1-424b-9868-57a2d4851a1d" relativeResultsDirectory="5b379951-a7ec-44a5-8517-a9533d2266d9" /><UnitTestResult executionId="ff78fa42-544a-450d-90e2-732f0b59e238" testId="41c0bc24-ebb4-4b82-ac46-f51d62a71897" testName="PutFile_NewFileCanBePut" computerName="VECTOR" duration="00:00:00.3410000" startTime="2018-07-21T12:02:00.8055610-04:00" endTime="2018-07-21T12:02:00.8055673-04:00" testType="13cdc9d9-ddb5-4fa4-a97d-d965ccfc6d4b" outcome="Passed" testListId="8c84fa94-04c1-424b-9868-57a2d4851a1d" relativeResultsDirectory="ff78fa42-544a-450d-90e2-732f0b59e238" /><UnitTestResult executionId="40f8c797-56f6-48df-8ee0-64c7546ff474" testId="4d46eae6-d900-433b-8266-3f785c0063bb" testName="GetSingle_ValidIdPropertyValueReturnsCorrectModel" computerName="VECTOR" duration="00:00:00.0080000" startTime="2018-07-21T12:02:23.8328470-04:00" endTime="2018-07-21T12:02:23.8328501-04:00" testType="13cdc9d9-ddb5-4fa4-a97d-d965ccfc6d4b" outcome="Passed" testListId="8c84fa94-04c1-424b-9868-57a2d4851a1d" relativeResultsDirectory="40f8c797-56f6-48df-8ee0-64c7546ff474" /><UnitTestResult executionId="ea9138da-4fb7-4a66-80b6-95bb9c13171c" testId="e07fce34-21e9-4b1e-8421-baaca0695886" testName="Patch_TargetPropertyIsUpdated" computerName="VECTOR" duration="00:00:00.2790000" startTime="2018-07-21T12:02:07.5196718-04:00" endTime="2018-07-21T12:02:07.5196784-04:00" testType="13cdc9d9-ddb5-4fa4-a97d-d965ccfc6d4b" outcome="Passed" testListId="8c84fa94-04c1-424b-9868-57a2d4851a1d" relativeResultsDirectory="ea9138da-4fb7-4a66-80b6-95bb9c13171c" /><UnitTestResult executionId="e2bfa553-03dd-4500-a6b9-2e771c3ce0bc" testId="b8258456-b016-43c9-a05b-8582ac4752f8" testName="FileRequest_FileCanBeReadAfterRename" computerName="VECTOR" duration="00:00:00.4600000" startTime="2018-07-21T12:02:26.9856728-04:00" endTime="2018-07-21T12:02:26.9856791-04:00" testType="13cdc9d9-ddb5-4fa4-a97d-d965ccfc6d4b" outcome="Passed" testListId="8c84fa94-04c1-424b-9868-57a2d4851a1d" relativeResultsDirectory="e2bfa553-03dd-4500-a6b9-2e771c3ce0bc" /><UnitTestResult executionId="2045fdf7-bd8a-420b-99be-35c9669c95a5" testId="e396c65d-ba15-4241-89e2-428588a21e0d" testName="Post_InvalidReferencePropertyReturnsBadRequest" computerName="VECTOR" duration="00:00:00.0010000" startTime="2018-07-21T12:01:56.5570647-04:00" endTime="2018-07-21T12:01:56.5570656-04:00" testType="13cdc9d9-ddb5-4fa4-a97d-d965ccfc6d4b" outcome="Passed" testListId="8c84fa94-04c1-424b-9868-57a2d4851a1d" relativeResultsDirectory="2045fdf7-bd8a-420b-99be-35c9669c95a5" /><UnitTestResult executionId="371f5671-7fe5-44fd-aab5-9f476ae2da02" testId="1a3fc517-fdcf-4a1f-8822-b80ea5625ee9" testName="GetList_ListReturnsCorrectCount" computerName="VECTOR" duration="00:00:00.0340000" startTime="2018-07-21T12:02:03.1037809-04:00" endTime="2018-07-21T12:02:03.1037863-04:00" testType="13cdc9d9-ddb5-4fa4-a97d-d965ccfc6d4b" outcome="Passed" testListId="8c84fa94-04c1-424b-9868-57a2d4851a1d" relativeResultsDirectory="371f5671-7fe5-44fd-aab5-9f476ae2da02" /><UnitTestResult executionId="e91b0b49-2845-43e5-90b8-6aadb094b918" testId="2e40a0e3-66ed-45ab-abd8-65c5dedc705e" testName="PostFile_NewFileCanBePosted" computerName="VECTOR" duration="00:00:00.2750000" startTime="2018-07-21T12:02:02.0705373-04:00" endTime="2018-07-21T12:02:02.0705438-04:00" testType="13cdc9d9-ddb5-4fa4-a97d-d965ccfc6d4b" outcome="Passed" testListId="8c84fa94-04c1-424b-9868-57a2d4851a1d" relativeResultsDirectory="e91b0b49-2845-43e5-90b8-6aadb094b918" /><UnitTestResult executionId="890163fa-db59-4cd2-90eb-023a59238f5d" testId="fdd2bc56-9295-440b-b6f5-60ec9b20d28c" testName="PutFile_NewFileCanBePut" computerName="VECTOR" duration="00:00:00.2660000" startTime="2018-07-21T12:02:28.1946188-04:00" endTime="2018-07-21T12:02:28.1946305-04:00" testType="13cdc9d9-ddb5-4fa4-a97d-d965ccfc6d4b" outcome="Passed" testListId="8c84fa94-04c1-424b-9868-57a2d4851a1d" relativeResultsDirectory="890163fa-db59-4cd2-90eb-023a59238f5d" /><UnitTestResult executionId="9c0243e0-4711-4809-984f-091b1c09ec0c" testId="4d0e8298-43d3-403a-9f38-71e884c2cde7" testName="Post_CanCreateNewModel" computerName="VECTOR" duration="00:00:00.1740000" startTime="2018-07-21T12:02:03.0553119-04:00" endTime="2018-07-21T12:02:03.0553182-04:00" testType="13cdc9d9-ddb5-4fa4-a97d-d965ccfc6d4b" outcome="Passed" testListId="8c84fa94-04c1-424b-9868-57a2d4851a1d" relativeResultsDirectory="9c0243e0-4711-4809-984f-091b1c09ec0c" /><UnitTestResult executionId="50a75591-9f5f-435d-a2fd-ebd602cd0795" testId="30079250-c7cf-4c1a-b931-d458cb7ee2c1" testName="Post_InvalidPropertyValueReturnsBadRequest" computerName="VECTOR" duration="00:00:00.0030000" startTime="2018-07-21T12:02:23.8486410-04:00" endTime="2018-07-21T12:02:23.8486436-04:00" testType="13cdc9d9-ddb5-4fa4-a97d-d965ccfc6d4b" outcome="Passed" testListId="8c84fa94-04c1-424b-9868-57a2d4851a1d" relativeResultsDirectory="50a75591-9f5f-435d-a2fd-ebd602cd0795" /><UnitTestResult executionId="f94bc040-a70e-4a95-be55-4c6e438e7d6d" testId="3002d568-dab3-47bb-a639-ce7bb3d0e561" testName="Patch_InvalidEnumPropertyValueReturnsBadRequest" computerName="VECTOR" duration="00:00:00.0010000" startTime="2018-07-21T12:02:03.6748177-04:00" endTime="2018-07-21T12:02:03.6748202-04:00" testType="13cdc9d9-ddb5-4fa4-a97d-d965ccfc6d4b" outcome="Passed" testListId="8c84fa94-04c1-424b-9868-57a2d4851a1d" relativeResultsDirectory="f94bc040-a70e-4a95-be55-4c6e438e7d6d" /><UnitTestResult executionId="d2d7435c-a60c-449e-85a6-97e2e0112aa2" testId="ce989b6a-8c88-431b-99a7-8d6c04f516bf" testName="GetSingle_ValidIdPropertyValueReturnsCorrectModel" computerName="VECTOR" duration="00:00:00.0060000" startTime="2018-07-21T12:01:59.1351963-04:00" endTime="2018-07-21T12:01:59.1352000-04:00" testType="13cdc9d9-ddb5-4fa4-a97d-d965ccfc6d4b" outcome="Passed" testListId="8c84fa94-04c1-424b-9868-57a2d4851a1d" relativeResultsDirectory="d2d7435c-a60c-449e-85a6-97e2e0112aa2" /><UnitTestResult executionId="04cec32d-6434-4bce-afc9-80395b4e8836" testId="9752f23f-28c3-437d-bf11-577e5b1a8c9e" testName="Patch_ValidReferencePropertyUpdatesModel" computerName="VECTOR" duration="00:00:00.2620000" startTime="2018-07-21T12:02:03.9368983-04:00" endTime="2018-07-21T12:02:03.9369043-04:00" testType="13cdc9d9-ddb5-4fa4-a97d-d965ccfc6d4b" outcome="Passed" testListId="8c84fa94-04c1-424b-9868-57a2d4851a1d" relativeResultsDirectory="04cec32d-6434-4bce-afc9-80395b4e8836" /><UnitTestResult executionId="72c14495-b81c-4f6b-8247-d80b69b7e2e0" testId="346aef3c-db69-4930-8aac-877c74c2890f" testName="Post_InvalidPropertyValueReturnsBadRequest" computerName="VECTOR" duration="00:00:00.0030000" startTime="2018-07-21T12:02:29.9906046-04:00" endTime="2018-07-21T12:02:29.9906085-04:00" testType="13cdc9d9-ddb5-4fa4-a97d-d965ccfc6d4b" outcome="Passed" testListId="8c84fa94-04c1-424b-9868-57a2d4851a1d" relativeResultsDirectory="72c14495-b81c-4f6b-8247-d80b69b7e2e0" /><UnitTestResult executionId="4723218d-f341-4619-8fd9-5241ddf471b9" testId="57cb46ab-d71f-48c1-b26e-6789e52d6470" testName="Post_ValidReferencePropertyCreatesModel" computerName="VECTOR" duration="00:00:00.0020000" startTime="2018-07-21T12:01:56.5570073-04:00" endTime="2018-07-21T12:01:56.5570090-04:00" testType="13cdc9d9-ddb5-4fa4-a97d-d965ccfc6d4b" outcome="Passed" testListId="8c84fa94-04c1-424b-9868-57a2d4851a1d" relativeResultsDirectory="4723218d-f341-4619-8fd9-5241ddf471b9" /><UnitTestResult executionId="ba8f68bf-e3e7-468c-b354-630a1513950e" testId="8cb2dcb8-d628-4d36-a350-58be30c897fb" testName="DepthBufferHasExpectedDependentFiles" computerName="VECTOR" duration="00:00:00.0010000" startTime="2018-07-21T12:01:56.0978056-04:00" endTime="2018-07-21T12:01:56.0978068-04:00" testType="13cdc9d9-ddb5-4fa4-a97d-d965ccfc6d4b" outcome="Passed" testListId="8c84fa94-04c1-424b-9868-57a2d4851a1d" relativeResultsDirectory="ba8f68bf-e3e7-468c-b354-630a1513950e" /><UnitTestResult executionId="3e774f9a-68b9-46cd-a585-50bfdad95e95" testId="07ce124e-bc55-4df6-b720-fcc6fe8b2101" testName="Patch_InvalidIdPropertyReturnsNotFound" computerName="VECTOR" duration="00:00:00.0070000" startTime="2018-07-21T12:02:22.9130253-04:00" endTime="2018-07-21T12:02:22.9130313-04:00" testType="13cdc9d9-ddb5-4fa4-a97d-d965ccfc6d4b" outcome="Passed" testListId="8c84fa94-04c1-424b-9868-57a2d4851a1d" relativeResultsDirectory="3e774f9a-68b9-46cd-a585-50bfdad95e95" /><UnitTestResult executionId="c83ef601-9518-417f-8f6b-97b2f8193a29" testId="e81c3813-4e5b-4af3-ba77-211ea84ddc86" testName="Delete_TargetModelIsDeleted" computerName="VECTOR" duration="00:00:00.3330000" startTime="2018-07-21T12:02:02.8626295-04:00" endTime="2018-07-21T12:02:02.8626360-04:00" testType="13cdc9d9-ddb5-4fa4-a97d-d965ccfc6d4b" outcome="Passed" testListId="8c84fa94-04c1-424b-9868-57a2d4851a1d" relativeResultsDirectory="c83ef601-9518-417f-8f6b-97b2f8193a29" /><UnitTestResult executionId="e93a5709-447e-4de8-b9af-edfb816f0590" testId="81493466-af78-4b41-8bc2-9927b1e7c50f" testName="GetFile_FileCanBeRoundTripped" computerName="VECTOR" duration="00:00:00.2830000" startTime="2018-07-21T12:02:29.0856283-04:00" endTime="2018-07-21T12:02:29.0856348-04:00" testType="13cdc9d9-ddb5-4fa4-a97d-d965ccfc6d4b" outcome="Passed" testListId="8c84fa94-04c1-424b-9868-57a2d4851a1d" relativeResultsDirectory="e93a5709-447e-4de8-b9af-edfb816f0590" /><UnitTestResult executionId="d01995b4-fefc-478d-a1c0-903c2eb5d947" testId="9d5e51cc-7bb0-4a49-945f-e25d837365b5" testName="Patch_InvalidIdPropertyReturnsNotFound" computerName="VECTOR" duration="00:00:00.0060000" startTime="2018-07-21T12:02:07.7750818-04:00" endTime="2018-07-21T12:02:07.7750857-04:00" testType="13cdc9d9-ddb5-4fa4-a97d-d965ccfc6d4b" outcome="Passed" testListId="8c84fa94-04c1-424b-9868-57a2d4851a1d" relativeResultsDirectory="d01995b4-fefc-478d-a1c0-903c2eb5d947" /><UnitTestResult executionId="b91c3534-78bc-4182-af55-f44728201657" testId="ec58d238-0351-40f9-9479-a0c8e5c3fd0a" testName="PostFile_FileIsSynchronizedIsUpdatedAfterFileIsPosted" computerName="VECTOR" duration="00:00:00.2880000" startTime="2018-07-21T12:02:28.4835153-04:00" endTime="2018-07-21T12:02:28.4835218-04:00" testType="13cdc9d9-ddb5-4fa4-a97d-d965ccfc6d4b" outcome="Passed" testListId="8c84fa94-04c1-424b-9868-57a2d4851a1d" relativeResultsDirectory="b91c3534-78bc-4182-af55-f44728201657" /><UnitTestResult executionId="9eeda7c7-c405-4dd0-9ba7-1ce6cd41f2db" testId="19ec95d6-7824-4f94-84ed-acf736837183" testName="Patch_InvalidPropertyNameReturnsBadRequest" computerName="VECTOR" duration="00:00:00.0050000" startTime="2018-07-21T12:01:59.1263805-04:00" endTime="2018-07-21T12:01:59.1263850-04:00" testType="13cdc9d9-ddb5-4fa4-a97d-d965ccfc6d4b" outcome="Passed" testListId="8c84fa94-04c1-424b-9868-57a2d4851a1d" relativeResultsDirectory="9eeda7c7-c405-4dd0-9ba7-1ce6cd41f2db" /><UnitTestResult executionId="1fd8cb79-1f98-4eb9-ba65-8622432346fd" testId="6b81a0a8-434d-4a9a-9c24-024a213c66e9" testName="FileRequest_FileCanBeReadAfterRename" computerName="VECTOR" duration="00:00:00.4610000" startTime="2018-07-21T12:02:01.7956113-04:00" endTime="2018-07-21T12:02:01.7956176-04:00" testType="13cdc9d9-ddb5-4fa4-a97d-d965ccfc6d4b" outcome="Passed" testListId="8c84fa94-04c1-424b-9868-57a2d4851a1d" relativeResultsDirectory="1fd8cb79-1f98-4eb9-ba65-8622432346fd" /><UnitTestResult executionId="c42ba756-2172-4491-a469-8dc50f04c1b2" testId="352b9e1c-dc6c-4e4b-afb6-7a930ebffb17" testName="Put_InvalidReferencePropertyReturndBadRequest" computerName="VECTOR" duration="00:00:00.0160000" startTime="2018-07-21T12:02:03.6697158-04:00" endTime="2018-07-21T12:02:03.6697217-04:00" testType="13cdc9d9-ddb5-4fa4-a97d-d965ccfc6d4b" outcome="Passed" testListId="8c84fa94-04c1-424b-9868-57a2d4851a1d" relativeResultsDirectory="c42ba756-2172-4491-a469-8dc50f04c1b2" /><UnitTestResult executionId="ee58f269-be3a-4daf-aff2-e9eaa9478738" testId="77f1c208-ce17-49f5-a452-2d12506695f4" testName="Patch_InvalidPropertyNameReturnsBadRequest" computerName="VECTOR" duration="00:00:00.4350000" startTime="2018-07-21T12:01:56.5422498-04:00" endTime="2018-07-21T12:01:56.5422567-04:00" testType="13cdc9d9-ddb5-4fa4-a97d-d965ccfc6d4b" outcome="Passed" testListId="8c84fa94-04c1-424b-9868-57a2d4851a1d" relativeResultsDirectory="ee58f269-be3a-4daf-aff2-e9eaa9478738" /><UnitTestResult executionId="5d28ac07-0af8-489f-8b95-d9b111f69d1a" testId="2a7c1f90-0809-4f36-a559-59954e0c6841" testName="Put_InvalidIdReturnsNotFound" computerName="VECTOR" duration="00:00:00.0160000" startTime="2018-07-21T12:02:29.3020053-04:00" endTime="2018-07-21T12:02:29.3020118-04:00" testType="13cdc9d9-ddb5-4fa4-a97d-d965ccfc6d4b" outcome="Passed" testListId="8c84fa94-04c1-424b-9868-57a2d4851a1d" relativeResultsDirectory="5d28ac07-0af8-489f-8b95-d9b111f69d1a" /><UnitTestResult executionId="74d3f397-3970-4766-aafa-2049b9cafd69" testId="d959753b-c743-4925-8fc8-afcf00b027f7" testName="Put_InvalidIdReturnsNotFound" computerName="VECTOR" duration="00:00:00.1330000" startTime="2018-07-21T12:02:02.5158940-04:00" endTime="2018-07-21T12:02:02.5159000-04:00" testType="13cdc9d9-ddb5-4fa4-a97d-d965ccfc6d4b" outcome="Passed" testListId="8c84fa94-04c1-424b-9868-57a2d4851a1d" relativeResultsDirectory="74d3f397-3970-4766-aafa-2049b9cafd69" /><UnitTestResult executionId="f2d19f2c-bfc9-44c9-9d6d-a8c6dbfb6074" testId="180fdb78-3d8d-4e72-b920-83edc36db188" testName="MeshTransformHasExpectedDependentFiles" computerName="VECTOR" duration="00:00:00.0010000" startTime="2018-07-21T12:01:56.0948162-04:00" endTime="2018-07-21T12:01:56.0948176-04:00" testType="13cdc9d9-ddb5-4fa4-a97d-d965ccfc6d4b" outcome="Passed" testListId="8c84fa94-04c1-424b-9868-57a2d4851a1d" relativeResultsDirectory="f2d19f2c-bfc9-44c9-9d6d-a8c6dbfb6074" /><UnitTestResult executionId="82430d06-e2a3-4689-a701-fdb4b4b9e422" testId="1bc0aa9b-dfeb-4af4-988e-5ea79d5b4f48" testName="Put_ValidReferencePropertyUpdatesModel" computerName="VECTOR" duration="00:00:00.4250000" startTime="2018-07-21T12:02:23.7843380-04:00" endTime="2018-07-21T12:02:23.7843445-04:00" testType="13cdc9d9-ddb5-4fa4-a97d-d965ccfc6d4b" outcome="Passed" testListId="8c84fa94-04c1-424b-9868-57a2d4851a1d" relativeResultsDirectory="82430d06-e2a3-4689-a701-fdb4b4b9e422" /><UnitTestResult executionId="72348679-a93c-482a-ba91-89fbc96bc0c4" testId="205b7838-8bcf-4152-86eb-2eb06b56df1f" testName="Patch_MultipleInvalidReferencePropertiesReturnsMultipleValidationErrorsAndBadRequest" computerName="VECTOR" duration="00:00:00.0200000" startTime="2018-07-21T12:02:07.8053231-04:00" endTime="2018-07-21T12:02:07.8053279-04:00" testType="13cdc9d9-ddb5-4fa4-a97d-d965ccfc6d4b" outcome="Passed" testListId="8c84fa94-04c1-424b-9868-57a2d4851a1d" relativeResultsDirectory="72348679-a93c-482a-ba91-89fbc96bc0c4" /><UnitTestResult executionId="6bfa5756-e48f-4560-bb4e-414c1dd1e64c" testId="3ee3d9f8-238b-45d5-9b69-f764007280ed" testName="PutFile_FileCanBeUpdated" computerName="VECTOR" duration="00:00:00.4560000" startTime="2018-07-21T12:02:01.2622719-04:00" endTime="2018-07-21T12:02:01.2622782-04:00" testType="13cdc9d9-ddb5-4fa4-a97d-d965ccfc6d4b" outcome="Passed" testListId="8c84fa94-04c1-424b-9868-57a2d4851a1d" relativeResultsDirectory="6bfa5756-e48f-4560-bb4e-414c1dd1e64c" /><UnitTestResult executionId="7adf1452-bf0f-4ef8-860c-880417ba2ee0" testId="f910ffe5-b502-4395-b1fb-cfd80a2a2c0a" testName="Patch_InvalidIdPropertyReturnsNotFound" computerName="VECTOR" duration="00:00:00.0090000" startTime="2018-07-21T12:01:57.9651203-04:00" endTime="2018-07-21T12:01:57.9651266-04:00" testType="13cdc9d9-ddb5-4fa4-a97d-d965ccfc6d4b" outcome="Passed" testListId="8c84fa94-04c1-424b-9868-57a2d4851a1d" relativeResultsDirectory="7adf1452-bf0f-4ef8-860c-880417ba2ee0" /><UnitTestResult executionId="2fa5811f-0ba1-4289-9026-1a5f36ca613c" testId="4967f2f6-a7c2-4f64-bb48-08a8bb4c24aa" testName="Patch_InvalidEnumPropertyValueReturnsBadRequest" computerName="VECTOR" duration="00:00:00.0120000" startTime="2018-07-21T12:02:07.2405529-04:00" endTime="2018-07-21T12:02:07.2405578-04:00" testType="13cdc9d9-ddb5-4fa4-a97d-d965ccfc6d4b" outcome="Passed" testListId="8c84fa94-04c1-424b-9868-57a2d4851a1d" relativeResultsDirectory="2fa5811f-0ba1-4289-9026-1a5f36ca613c" /><UnitTestResult executionId="0f7a424b-c4fe-4ad3-a8e0-626314f8d9e6" testId="95f297e5-aea5-48c3-b8e4-cef698bc9162" testName="GetFile_ExistingFileReturnsSuccess" computerName="VECTOR" duration="00:00:00.0720000" startTime="2018-07-21T12:02:01.3345765-04:00" endTime="2018-07-21T12:02:01.3345834-04:00" testType="13cdc9d9-ddb5-4fa4-a97d-d965ccfc6d4b" outcome="Passed" testListId="8c84fa94-04c1-424b-9868-57a2d4851a1d" relativeResultsDirectory="0f7a424b-c4fe-4ad3-a8e0-626314f8d9e6" /><UnitTestResult executionId="e33769c4-6347-4c21-b9b9-008a609ad9e9" testId="c973f7fe-c27d-4f94-95b2-5e2e17c0bc29" testName="GetList_ListReturnsCorrectCount" computerName="VECTOR" duration="00:00:00.0770000" startTime="2018-07-21T12:01:57.9488599-04:00" endTime="2018-07-21T12:01:57.9488670-04:00" testType="13cdc9d9-ddb5-4fa4-a97d-d965ccfc6d4b" outcome="Passed" testListId="8c84fa94-04c1-424b-9868-57a2d4851a1d" relativeResultsDirectory="e33769c4-6347-4c21-b9b9-008a609ad9e9" /><UnitTestResult executionId="20c6ed15-d23f-4628-9858-78da78440e88" testId="a6ebf21c-0d86-45ff-a0b0-9369e565493a" testName="GetFile_NonExistentFileReturnsNotFound" computerName="VECTOR" duration="00:00:00.0100000" startTime="2018-07-21T12:02:08.2585564-04:00" endTime="2018-07-21T12:02:08.2585595-04:00" testType="13cdc9d9-ddb5-4fa4-a97d-d965ccfc6d4b" outcome="Passed" testListId="8c84fa94-04c1-424b-9868-57a2d4851a1d" relativeResultsDirectory="20c6ed15-d23f-4628-9858-78da78440e88" /><UnitTestResult executionId="d8abce42-06a0-4e72-b6f9-f2020df6f476" testId="e700f1dd-cc70-4890-a16c-8f188ee7826a" testName="Patch_ValidReferencePropertyUpdatesModel" computerName="VECTOR" duration="00:00:00.3020000" startTime="2018-07-21T12:01:59.4375215-04:00" endTime="2018-07-21T12:01:59.4375280-04:00" testType="13cdc9d9-ddb5-4fa4-a97d-d965ccfc6d4b" outcome="Passed" testListId="8c84fa94-04c1-424b-9868-57a2d4851a1d" relativeResultsDirectory="d8abce42-06a0-4e72-b6f9-f2020df6f476" /><UnitTestResult executionId="924eee55-dc77-458e-a1d4-47ca010bb89b" testId="610e59ce-d925-4f11-9677-a0d1ab2d5b24" testName="Put_InvalidIdReturnsNotFound" computerName="VECTOR" duration="00:00:00.0440000" startTime="2018-07-21T12:01:59.1209684-04:00" endTime="2018-07-21T12:01:59.1209746-04:00" testType="13cdc9d9-ddb5-4fa4-a97d-d965ccfc6d4b" outcome="Passed" testListId="8c84fa94-04c1-424b-9868-57a2d4851a1d" relativeResultsDirectory="924eee55-dc77-458e-a1d4-47ca010bb89b" /><UnitTestResult executionId="4d80ed9f-9fdb-4f6f-ac3d-61ce599ed7cb" testId="d8e8b510-b79c-4f7f-887f-37b5ae2a0c5e" testName="GetFile_ExistingFileReturnsSuccess" computerName="VECTOR" duration="00:00:00.0400000" startTime="2018-07-21T12:02:24.6601262-04:00" endTime="2018-07-21T12:02:24.6601333-04:00" testType="13cdc9d9-ddb5-4fa4-a97d-d965ccfc6d4b" outcome="Passed" testListId="8c84fa94-04c1-424b-9868-57a2d4851a1d" relativeResultsDirectory="4d80ed9f-9fdb-4f6f-ac3d-61ce599ed7cb" /><UnitTestResult executionId="3a079ba5-d1ad-4202-950b-9c1612886cc7" testId="33c81fc0-0fb9-4feb-a7b8-fb51467ff54d" testName="Put_CanUpdateModel" computerName="VECTOR" duration="00:00:00.6390000" startTime="2018-07-21T12:02:06.9280925-04:00" endTime="2018-07-21T12:02:06.9281001-04:00" testType="13cdc9d9-ddb5-4fa4-a97d-d965ccfc6d4b" outcome="Passed" testListId="8c84fa94-04c1-424b-9868-57a2d4851a1d" relativeResultsDirectory="3a079ba5-d1ad-4202-950b-9c1612886cc7" /><UnitTestResult executionId="1d4fe370-123c-46ff-99c8-c9ba78bb46f4" testId="914cbfa4-4548-4a83-bbc3-4280cf4c0eb8" testName="Post_InvalidReferencePropertyReturnsBadRequest" computerName="VECTOR" duration="00:00:00.0050000" startTime="2018-07-21T12:02:23.8248807-04:00" endTime="2018-07-21T12:02:23.8248849-04:00" testType="13cdc9d9-ddb5-4fa4-a97d-d965ccfc6d4b" outcome="Passed" testListId="8c84fa94-04c1-424b-9868-57a2d4851a1d" relativeResultsDirectory="1d4fe370-123c-46ff-99c8-c9ba78bb46f4" /><UnitTestResult executionId="330f5d1a-fef6-427e-904b-f5592d174188" testId="8f13d0a8-b6d6-48e6-ada9-b2c2c4dc8e0b" testName="GetList_ListReturnsCorrectCount" computerName="VECTOR" duration="00:00:00.0430000" startTime="2018-07-21T12:02:29.5028317-04:00" endTime="2018-07-21T12:02:29.5028390-04:00" testType="13cdc9d9-ddb5-4fa4-a97d-d965ccfc6d4b" outcome="Passed" testListId="8c84fa94-04c1-424b-9868-57a2d4851a1d" relativeResultsDirectory="330f5d1a-fef6-427e-904b-f5592d174188" /><UnitTestResult executionId="20cc212f-b24d-48d2-b835-1cd016edfc52" testId="0840e605-47ff-4805-9dd0-c360ee267daf" testName="Patch_InvalidEnumPropertyValueReturnsBadRequest" computerName="VECTOR" duration="00:00:00.0020000" startTime="2018-07-21T12:01:57.5770791-04:00" endTime="2018-07-21T12:01:57.5770817-04:00" testType="13cdc9d9-ddb5-4fa4-a97d-d965ccfc6d4b" outcome="Passed" testListId="8c84fa94-04c1-424b-9868-57a2d4851a1d" relativeResultsDirectory="20cc212f-b24d-48d2-b835-1cd016edfc52" /><UnitTestResult executionId="50f6118d-2efc-4e39-95a1-032a7228873f" testId="e707af57-6704-4e8d-9d68-59ceeae66b3a" testName="Patch_InvalidReferencePropertyReturnsBadRequest" computerName="VECTOR" duration="00:00:00.0230000" startTime="2018-07-21T12:02:23.8075817-04:00" endTime="2018-07-21T12:02:23.8075874-04:00" testType="13cdc9d9-ddb5-4fa4-a97d-d965ccfc6d4b" outcome="Passed" testListId="8c84fa94-04c1-424b-9868-57a2d4851a1d" relativeResultsDirectory="50f6118d-2efc-4e39-95a1-032a7228873f" /><UnitTestResult executionId="07b31553-c60e-4654-b477-fc76d39189eb" testId="2ca442cd-e5d9-46ea-8369-c545ed7e0bf0" testName="Put_InvalidReferencePropertyReturndBadRequest" computerName="VECTOR" duration="00:00:00.0030000" startTime="2018-07-21T12:01:57.9552593-04:00" endTime="2018-07-21T12:01:57.9552618-04:00" testType="13cdc9d9-ddb5-4fa4-a97d-d965ccfc6d4b" outcome="Passed" testListId="8c84fa94-04c1-424b-9868-57a2d4851a1d" relativeResultsDirectory="07b31553-c60e-4654-b477-fc76d39189eb" /><UnitTestResult executionId="214d1411-ac02-4491-975b-9cd025760222" testId="5cdf149b-4084-48b5-bd09-5040563b00ef" testName="Patch_ValidReferencePropertyUpdatesModel" computerName="VECTOR" duration="00:00:00.2700000" startTime="2018-07-21T12:02:24.1199547-04:00" endTime="2018-07-21T12:02:24.1199678-04:00" testType="13cdc9d9-ddb5-4fa4-a97d-d965ccfc6d4b" outcome="Passed" testListId="8c84fa94-04c1-424b-9868-57a2d4851a1d" relativeResultsDirectory="214d1411-ac02-4491-975b-9cd025760222" /><UnitTestResult executionId="f8d2232d-1fcc-4196-a95e-f7a87a5946ab" testId="45d73383-786c-4e9e-8175-1977c7b2bfad" testName="Patch_InvalidIdPropertyReturnsNotFound" computerName="VECTOR" duration="00:00:00.0130000" startTime="2018-07-21T12:01:59.6920549-04:00" endTime="2018-07-21T12:01:59.6920600-04:00" testType="13cdc9d9-ddb5-4fa4-a97d-d965ccfc6d4b" outcome="Passed" testListId="8c84fa94-04c1-424b-9868-57a2d4851a1d" relativeResultsDirectory="f8d2232d-1fcc-4196-a95e-f7a87a5946ab" /><UnitTestResult executionId="937dd65e-01ab-47f1-a0db-1d1084f099e3" testId="5feb712b-52e3-4855-8f17-d6a440929174" testName="PostFile_NewFileCanBePosted" computerName="VECTOR" duration="00:00:00.3010000" startTime="2018-07-21T12:02:13.5813717-04:00" endTime="2018-07-21T12:02:13.5813834-04:00" testType="13cdc9d9-ddb5-4fa4-a97d-d965ccfc6d4b" outcome="Passed" testListId="8c84fa94-04c1-424b-9868-57a2d4851a1d" relativeResultsDirectory="937dd65e-01ab-47f1-a0db-1d1084f099e3" /><UnitTestResult executionId="214f4993-4d8d-4c8d-83ed-25750600482f" testId="3acd1407-e85e-4c5e-a78a-9fbeafe15275" testName="Put_InvalidReferencePropertyReturndBadRequest" computerName="VECTOR" duration="00:00:00.0180000" startTime="2018-07-21T12:02:00.4631327-04:00" endTime="2018-07-21T12:02:00.4631372-04:00" testType="13cdc9d9-ddb5-4fa4-a97d-d965ccfc6d4b" outcome="Passed" testListId="8c84fa94-04c1-424b-9868-57a2d4851a1d" relativeResultsDirectory="214f4993-4d8d-4c8d-83ed-25750600482f" /><UnitTestResult executionId="11726409-ac84-4d62-a67d-e1c8e3553993" testId="252ddf7d-5993-4853-b54c-40c0191cc68c" testName="Patch_InvalidReferencePropertyReturnsBadRequest" computerName="VECTOR" duration="00:00:00.0150000" startTime="2018-07-21T12:02:30.3987849-04:00" endTime="2018-07-21T12:02:30.3987912-04:00" testType="13cdc9d9-ddb5-4fa4-a97d-d965ccfc6d4b" outcome="Passed" testListId="8c84fa94-04c1-424b-9868-57a2d4851a1d" relativeResultsDirectory="11726409-ac84-4d62-a67d-e1c8e3553993" /><UnitTestResult executionId="ee0fa87e-81e3-40e0-b65e-4155bc516534" testId="caf33bae-3767-46b7-b586-638d364fd8a9" testName="Put_InvalidReferencePropertyReturndBadRequest" computerName="VECTOR" duration="00:00:00.0320000" startTime="2018-07-21T12:02:08.2453783-04:00" endTime="2018-07-21T12:02:08.2453832-04:00" testType="13cdc9d9-ddb5-4fa4-a97d-d965ccfc6d4b" outcome="Passed" testListId="8c84fa94-04c1-424b-9868-57a2d4851a1d" relativeResultsDirectory="ee0fa87e-81e3-40e0-b65e-4155bc516534" /><UnitTestResult executionId="127f8bd6-820d-4d6e-8eb4-d740a777df96" testId="7afe9081-36c9-4fd6-bcfa-60a2c2c2e28c" testName="GetSingle_InvalidIdPropertyValueReturnsNotFound" computerName="VECTOR" duration="00:00:00.0110000" startTime="2018-07-21T12:02:04.5231010-04:00" endTime="2018-07-21T12:02:04.5231053-04:00" testType="13cdc9d9-ddb5-4fa4-a97d-d965ccfc6d4b" outcome="Passed" testListId="8c84fa94-04c1-424b-9868-57a2d4851a1d" relativeResultsDirectory="127f8bd6-820d-4d6e-8eb4-d740a777df96" /><UnitTestResult executionId="2ac99e46-3679-4aef-b81e-e298ab318e8a" testId="350d1913-351f-43e4-acf3-38d434779d13" testName="Patch_InvalidEnumPropertyValueReturnsBadRequest" computerName="VECTOR" duration="00:00:00.0260000" startTime="2018-07-21T12:02:22.4787879-04:00" endTime="2018-07-21T12:02:22.4787933-04:00" testType="13cdc9d9-ddb5-4fa4-a97d-d965ccfc6d4b" outcome="Passed" testListId="8c84fa94-04c1-424b-9868-57a2d4851a1d" relativeResultsDirectory="2ac99e46-3679-4aef-b81e-e298ab318e8a" /><UnitTestResult executionId="87002dbd-1d26-4b9c-ab66-de90ccac61d7" testId="232abf73-1078-47c3-b426-312553cad282" testName="Put_InvalidReferencePropertyReturndBadRequest" computerName="VECTOR" duration="00:00:00.1390000" startTime="2018-07-21T12:02:22.7429338-04:00" endTime="2018-07-21T12:02:22.7429412-04:00" testType="13cdc9d9-ddb5-4fa4-a97d-d965ccfc6d4b" outcome="Passed" testListId="8c84fa94-04c1-424b-9868-57a2d4851a1d" relativeResultsDirectory="87002dbd-1d26-4b9c-ab66-de90ccac61d7" /><UnitTestResult executionId="884dc93c-9caf-44c4-adaa-38c1fddc033a" testId="ac554b3d-f275-475c-8970-47f37e22faad" testName="Patch_TargetPropertyIsUpdated" computerName="VECTOR" duration="00:00:00.5650000" startTime="2018-07-21T12:01:58.6145605-04:00" endTime="2018-07-21T12:01:58.6145670-04:00" testType="13cdc9d9-ddb5-4fa4-a97d-d965ccfc6d4b" outcome="Passed" testListId="8c84fa94-04c1-424b-9868-57a2d4851a1d" relativeResultsDirectory="884dc93c-9caf-44c4-adaa-38c1fddc033a" /><UnitTestResult executionId="e1611ddb-ffa5-47fd-8085-d82005dcfc1d" testId="f0c1253e-9d12-46e5-ba71-d82b6d24180a" testName="GetList_ListReturnsCorrectCount" computerName="VECTOR" duration="00:00:00.4250000" startTime="2018-07-21T12:02:04.9595038-04:00" endTime="2018-07-21T12:02:04.9595101-04:00" testType="13cdc9d9-ddb5-4fa4-a97d-d965ccfc6d4b" outcome="Passed" testListId="8c84fa94-04c1-424b-9868-57a2d4851a1d" relativeResultsDirectory="e1611ddb-ffa5-47fd-8085-d82005dcfc1d" /><UnitTestResult executionId="a9c41615-bac4-4197-a82e-fb0919f8c571" testId="d2806d14-b02f-419e-9c0e-8719e4d683d8" testName="Put_InvalidReferencePropertyReturndBadRequest" computerName="VECTOR" duration="00:00:00.0170000" startTime="2018-07-21T12:02:29.8103023-04:00" endTime="2018-07-21T12:02:29.8103085-04:00" testType="13cdc9d9-ddb5-4fa4-a97d-d965ccfc6d4b" outcome="Passed" testListId="8c84fa94-04c1-424b-9868-57a2d4851a1d" relativeResultsDirectory="a9c41615-bac4-4197-a82e-fb0919f8c571" /><UnitTestResult executionId="f4f87519-dbfb-457a-aa9d-0c3497025dc2" testId="a753106b-e8eb-4a1f-98c8-dda335a0da61" testName="Patch_InvalidPropertyNameReturnsBadRequest" computerName="VECTOR" duration="00:00:00.0050000" startTime="2018-07-21T12:02:07.7686147-04:00" endTime="2018-07-21T12:02:07.7686176-04:00" testType="13cdc9d9-ddb5-4fa4-a97d-d965ccfc6d4b" outcome="Passed" testListId="8c84fa94-04c1-424b-9868-57a2d4851a1d" relativeResultsDirectory="f4f87519-dbfb-457a-aa9d-0c3497025dc2" /><UnitTestResult executionId="0d4ac771-d3ce-438f-87c4-1215c64a28f8" testId="348ea3a0-6439-4812-9edf-e9d196682633" testName="Patch_InvalidEnumPropertyValueReturnsBadRequest" computerName="VECTOR" duration="00:00:00.0060000" startTime="2018-07-21T12:01:59.9422524-04:00" endTime="2018-07-21T12:01:59.9422563-04:00" testType="13cdc9d9-ddb5-4fa4-a97d-d965ccfc6d4b" outcome="Passed" testListId="8c84fa94-04c1-424b-9868-57a2d4851a1d" relativeResultsDirectory="0d4ac771-d3ce-438f-87c4-1215c64a28f8" /><UnitTestResult executionId="b4191da8-e7e4-44be-85b9-7a2ecbcedc85" testId="39a40b95-e6a1-4418-83d4-776745b1932d" testName="GetSingle_ValidIdPropertyValueReturnsCorrectModel" computerName="VECTOR" duration="00:00:00.0050000" startTime="2018-07-21T12:02:04.5286255-04:00" endTime="2018-07-21T12:02:04.5286289-04:00" testType="13cdc9d9-ddb5-4fa4-a97d-d965ccfc6d4b" outcome="Passed" testListId="8c84fa94-04c1-424b-9868-57a2d4851a1d" relativeResultsDirectory="b4191da8-e7e4-44be-85b9-7a2ecbcedc85" /><UnitTestResult executionId="b9501867-ec99-4ab5-ab5e-eafaa0d6c88b" testId="a1d1c286-d475-4173-aa5a-9f64185501b1" testName="Patch_InvalidIdPropertyReturnsNotFound" computerName="VECTOR" duration="00:00:00.0050000" startTime="2018-07-21T12:02:29.9820486-04:00" endTime="2018-07-21T12:02:29.9820523-04:00" testType="13cdc9d9-ddb5-4fa4-a97d-d965ccfc6d4b" outcome="Passed" testListId="8c84fa94-04c1-424b-9868-57a2d4851a1d" relativeResultsDirectory="b9501867-ec99-4ab5-ab5e-eafaa0d6c88b" /><UnitTestResult executionId="f36237ac-1b16-4318-a536-9ab7831b168e" testId="605439cd-1d1a-4b12-8cb8-72aee847038d" testName="Patch_MultipleInvalidReferencePropertiesReturnsMultipleValidationErrorsAndBadRequest" computerName="VECTOR" duration="00:00:00.0110000" startTime="2018-07-21T12:02:23.8192872-04:00" endTime="2018-07-21T12:02:23.8192906-04:00" testType="13cdc9d9-ddb5-4fa4-a97d-d965ccfc6d4b" outcome="Passed" testListId="8c84fa94-04c1-424b-9868-57a2d4851a1d" relativeResultsDirectory="f36237ac-1b16-4318-a536-9ab7831b168e" /><UnitTestResult executionId="090c4b45-2782-4b5b-be7a-edb8b4e196d1" testId="29498c62-0138-42ac-8979-3bf4f4b16b9a" testName="PostFile_FileIsSynchronizedIsUpdatedAfterFileIsPosted" computerName="VECTOR" duration="00:00:00.3340000" startTime="2018-07-21T12:02:17.9856263-04:00" endTime="2018-07-21T12:02:17.9856328-04:00" testType="13cdc9d9-ddb5-4fa4-a97d-d965ccfc6d4b" outcome="Passed" testListId="8c84fa94-04c1-424b-9868-57a2d4851a1d" relativeResultsDirectory="090c4b45-2782-4b5b-be7a-edb8b4e196d1" /><UnitTestResult executionId="875a4375-5cbc-4f08-bf05-c8ad2295fe5f" testId="df802e25-05f0-47cc-8ba6-4ad4d24ff807" testName="Put_CanUpdateModel" computerName="VECTOR" duration="00:00:00.2370000" startTime="2018-07-21T12:02:04.5116441-04:00" endTime="2018-07-21T12:02:04.5116506-04:00" testType="13cdc9d9-ddb5-4fa4-a97d-d965ccfc6d4b" outcome="Passed" testListId="8c84fa94-04c1-424b-9868-57a2d4851a1d" relativeResultsDirectory="875a4375-5cbc-4f08-bf05-c8ad2295fe5f" /><UnitTestResult executionId="d3dd3010-f15e-4422-8f01-89ea00699b77" testId="0d177ba2-f303-4d8d-968e-be05e74b3c22" testName="PutFile_NewFileCanBePut" computerName="VECTOR" duration="00:00:00.2870000" startTime="2018-07-21T12:02:08.5462531-04:00" endTime="2018-07-21T12:02:08.5462593-04:00" testType="13cdc9d9-ddb5-4fa4-a97d-d965ccfc6d4b" outcome="Passed" testListId="8c84fa94-04c1-424b-9868-57a2d4851a1d" relativeResultsDirectory="d3dd3010-f15e-4422-8f01-89ea00699b77" /><UnitTestResult executionId="d17722a4-fd3e-4c6c-b1bd-765c9d57ce57" testId="6d05943a-fa63-4430-a565-d102ee0671dc" testName="GetSingle_InvalidIdPropertyValueReturnsNotFound" computerName="VECTOR" duration="00:00:00.0220000" startTime="2018-07-21T12:02:24.1426213-04:00" endTime="2018-07-21T12:02:24.1426307-04:00" testType="13cdc9d9-ddb5-4fa4-a97d-d965ccfc6d4b" outcome="Passed" testListId="8c84fa94-04c1-424b-9868-57a2d4851a1d" relativeResultsDirectory="d17722a4-fd3e-4c6c-b1bd-765c9d57ce57" /><UnitTestResult executionId="c8766ac8-7355-46b2-8b57-d023a82d5f84" testId="7f8f9105-776a-46f4-904f-b02025cd4da6" testName="Delete_TargetModelIsDeleted" computerName="VECTOR" duration="00:00:00.1620000" startTime="2018-07-21T12:02:22.9057422-04:00" endTime="2018-07-21T12:02:22.9057496-04:00" testType="13cdc9d9-ddb5-4fa4-a97d-d965ccfc6d4b" outcome="Passed" testListId="8c84fa94-04c1-424b-9868-57a2d4851a1d" relativeResultsDirectory="c8766ac8-7355-46b2-8b57-d023a82d5f84" /><UnitTestResult executionId="4cd29ebc-77ff-4ecc-8fc3-696ab362a8ec" testId="c3177bb0-a8fe-4f92-859e-9f710c7eadfc" testName="Post_ValidReferencePropertyCreatesModel" computerName="VECTOR" duration="00:00:00.1970000" startTime="2018-07-21T12:02:03.6535749-04:00" endTime="2018-07-21T12:02:03.6535817-04:00" testType="13cdc9d9-ddb5-4fa4-a97d-d965ccfc6d4b" outcome="Passed" testListId="8c84fa94-04c1-424b-9868-57a2d4851a1d" relativeResultsDirectory="4cd29ebc-77ff-4ecc-8fc3-696ab362a8ec" /><UnitTestResult executionId="ac80ac79-9d0b-4edb-91ac-a2e9201c2942" testId="7cb379e6-077a-4702-8bba-c2ebeb02a5f5" testName="Post_ValidReferencePropertyCreatesModel" computerName="VECTOR" duration="00:00:00.1630000" startTime="2018-07-21T12:01:59.8558517-04:00" endTime="2018-07-21T12:01:59.8558583-04:00" testType="13cdc9d9-ddb5-4fa4-a97d-d965ccfc6d4b" outcome="Passed" testListId="8c84fa94-04c1-424b-9868-57a2d4851a1d" relativeResultsDirectory="ac80ac79-9d0b-4edb-91ac-a2e9201c2942" /><UnitTestResult executionId="d5aa37ec-5444-4cfb-9e0c-298e24a18af7" testId="bfc17ea8-13db-42c5-948c-8b75d944ec4e" testName="Put_InvalidIdReturnsNotFound" computerName="VECTOR" duration="00:00:00.5050000" startTime="2018-07-21T12:02:05.4647650-04:00" endTime="2018-07-21T12:02:05.4647704-04:00" testType="13cdc9d9-ddb5-4fa4-a97d-d965ccfc6d4b" outcome="Passed" testListId="8c84fa94-04c1-424b-9868-57a2d4851a1d" relativeResultsDirectory="d5aa37ec-5444-4cfb-9e0c-298e24a18af7" /><UnitTestResult executionId="a145dbb6-f9a3-4839-9a02-e256b4aa3bb8" testId="794a4609-412d-438a-a012-159281dc45d7" testName="Post_CanCreateNewModel" computerName="VECTOR" duration="00:00:00.2200000" startTime="2018-07-21T12:01:57.5298029-04:00" endTime="2018-07-21T12:01:57.5298095-04:00" testType="13cdc9d9-ddb5-4fa4-a97d-d965ccfc6d4b" outcome="Passed" testListId="8c84fa94-04c1-424b-9868-57a2d4851a1d" relativeResultsDirectory="a145dbb6-f9a3-4839-9a02-e256b4aa3bb8" /><UnitTestResult executionId="8c32c468-96ce-4358-9937-bdfc2ed27152" testId="3be24c2f-6e8f-4948-986f-767f53621c47" testName="LucyCameraFindsAllDependents" computerName="VECTOR" duration="00:00:00.0070000" startTime="2018-07-21T12:01:56.0943164-04:00" endTime="2018-07-21T12:01:56.0943201-04:00" testType="13cdc9d9-ddb5-4fa4-a97d-d965ccfc6d4b" outcome="Passed" testListId="8c84fa94-04c1-424b-9868-57a2d4851a1d" relativeResultsDirectory="8c32c468-96ce-4358-9937-bdfc2ed27152" /></Results><TestDefinitions><UnitTest name="Post_CanCreateNewModel" storage="d:\users\steve knipmeyer\documents\github\modelrelief\modelrelief.test\bin\debug\netcoreapp2.0\modelrelief.test.dll" id="794a4609-412d-438a-a012-159281dc45d7"><Execution id="a145dbb6-f9a3-4839-9a02-e256b4aa3bb8" /><TestMethod codeBase="D:\Users\Steve Knipmeyer\Documents\GitHub\ModelRelief\ModelRelief.test\bin\Debug\netcoreapp2.0\ModelRelief.Test.dll" adapterTypeName="executor://xunit/VsTestRunner2/netcoreapp" className="ModelRelief.Test.Integration.Projects.ProjectsBaseIntegrationTests" name="Post_CanCreateNewModel" /></UnitTest><UnitTest name="Patch_InvalidEnumPropertyValueReturnsBadRequest" storage="d:\users\steve knipmeyer\documents\github\modelrelief\modelrelief.test\bin\debug\netcoreapp2.0\modelrelief.test.dll" id="af4640ce-75ec-4aeb-8cf6-35214b8ab4ea"><Execution id="dab38438-cf48-4b26-95b8-d6b0e581294a" /><TestMethod codeBase="D:\Users\Steve Knipmeyer\Documents\GitHub\ModelRelief\ModelRelief.test\bin\Debug\netcoreapp2.0\ModelRelief.Test.dll" adapterTypeName="executor://xunit/VsTestRunner2/netcoreapp" className="ModelRelief.Test.Integration.Cameras.CamerasBaseIntegrationTests" name="Patch_InvalidEnumPropertyValueReturnsBadRequest" /></UnitTest><UnitTest name="Put_InvalidReferencePropertyReturndBadRequest" storage="d:\users\steve knipmeyer\documents\github\modelrelief\modelrelief.test\bin\debug\netcoreapp2.0\modelrelief.test.dll" id="232abf73-1078-47c3-b426-312553cad282"><Execution id="87002dbd-1d26-4b9c-ab66-de90ccac61d7" /><TestMethod codeBase="D:\Users\Steve Knipmeyer\Documents\GitHub\ModelRelief\ModelRelief.test\bin\Debug\netcoreapp2.0\ModelRelief.Test.dll" adapterTypeName="executor://xunit/VsTestRunner2/netcoreapp" className="ModelRelief.Test.Integration.DepthBuffers.DepthBuffersBaseIntegrationTests" name="Put_InvalidReferencePropertyReturndBadRequest" /></UnitTest><UnitTest name="Patch_MultipleInvalidReferencePropertiesReturnsMultipleValidationErrorsAndBadRequest" storage="d:\users\steve knipmeyer\documents\github\modelrelief\modelrelief.test\bin\debug\netcoreapp2.0\modelrelief.test.dll" id="33c47d1f-c2da-4dae-b9a0-847973008c9f"><Execution id="7a846aa1-f57a-4d3d-8f63-0405b40d70eb" /><TestMethod codeBase="D:\Users\Steve Knipmeyer\Documents\GitHub\ModelRelief\ModelRelief.test\bin\Debug\netcoreapp2.0\ModelRelief.Test.dll" adapterTypeName="executor://xunit/VsTestRunner2/netcoreapp" className="ModelRelief.Test.Integration.Models.ModelsBaseIntegrationTests" name="Patch_MultipleInvalidReferencePropertiesReturnsMultipleValidationErrorsAndBadRequest" /></UnitTest><UnitTest name="Post_ValidReferencePropertyCreatesModel" storage="d:\users\steve knipmeyer\documents\github\modelrelief\modelrelief.test\bin\debug\netcoreapp2.0\modelrelief.test.dll" id="c3177bb0-a8fe-4f92-859e-9f710c7eadfc"><Execution id="4cd29ebc-77ff-4ecc-8fc3-696ab362a8ec" /><TestMethod codeBase="D:\Users\Steve Knipmeyer\Documents\GitHub\ModelRelief\ModelRelief.test\bin\Debug\netcoreapp2.0\ModelRelief.Test.dll" adapterTypeName="executor://xunit/VsTestRunner2/netcoreapp" className="ModelRelief.Test.Integration.MeshTransforms.MeshTransformsBaseIntegrationTests" name="Post_ValidReferencePropertyCreatesModel" /></UnitTest><UnitTest name="GetSingle_ValidIdPropertyValueReturnsCorrectModel" storage="d:\users\steve knipmeyer\documents\github\modelrelief\modelrelief.test\bin\debug\netcoreapp2.0\modelrelief.test.dll" id="39a40b95-e6a1-4418-83d4-776745b1932d"><Execution id="b4191da8-e7e4-44be-85b9-7a2ecbcedc85" /><TestMethod codeBase="D:\Users\Steve Knipmeyer\Documents\GitHub\ModelRelief\ModelRelief.test\bin\Debug\netcoreapp2.0\ModelRelief.Test.dll" adapterTypeName="executor://xunit/VsTestRunner2/netcoreapp" className="ModelRelief.Test.Integration.MeshTransforms.MeshTransformsBaseIntegrationTests" name="GetSingle_ValidIdPropertyValueReturnsCorrectModel" /></UnitTest><UnitTest name="Put_InvalidIdReturnsNotFound" storage="d:\users\steve knipmeyer\documents\github\modelrelief\modelrelief.test\bin\debug\netcoreapp2.0\modelrelief.test.dll" id="d959753b-c743-4925-8fc8-afcf00b027f7"><Execution id="74d3f397-3970-4766-aafa-2049b9cafd69" /><TestMethod codeBase="D:\Users\Steve Knipmeyer\Documents\GitHub\ModelRelief\ModelRelief.test\bin\Debug\netcoreapp2.0\ModelRelief.Test.dll" adapterTypeName="executor://xunit/VsTestRunner2/netcoreapp" className="ModelRelief.Test.Integration.MeshTransforms.MeshTransformsBaseIntegrationTests" name="Put_InvalidIdReturnsNotFound" /></UnitTest><UnitTest name="Patch_InvalidIdPropertyReturnsNotFound" storage="d:\users\steve knipmeyer\documents\github\modelrelief\modelrelief.test\bin\debug\netcoreapp2.0\modelrelief.test.dll" id="114f75ee-18ab-447a-8d59-77318f03189e"><Execution id="fccfda59-338d-461a-b756-bb2a0c8b0a64" /><TestMethod codeBase="D:\Users\Steve Knipmeyer\Documents\GitHub\ModelRelief\ModelRelief.test\bin\Debug\netcoreapp2.0\ModelRelief.Test.dll" adapterTypeName="executor://xunit/VsTestRunner2/netcoreapp" className="ModelRelief.Test.Integration.MeshTransforms.MeshTransformsBaseIntegrationTests" name="Patch_InvalidIdPropertyReturnsNotFound" /></UnitTest><UnitTest name="Patch_InvalidReferencePropertyReturnsBadRequest" storage="d:\users\steve knipmeyer\documents\github\modelrelief\modelrelief.test\bin\debug\netcoreapp2.0\modelrelief.test.dll" id="43ce3c90-3c31-43a1-af03-1ceab7278d51"><Execution id="661b39e6-bbe5-4505-9a73-580400b2f18b" /><TestMethod codeBase="D:\Users\Steve Knipmeyer\Documents\GitHub\ModelRelief\ModelRelief.test\bin\Debug\netcoreapp2.0\ModelRelief.Test.dll" adapterTypeName="executor://xunit/VsTestRunner2/netcoreapp" className="ModelRelief.Test.Integration.Models.ModelsBaseIntegrationTests" name="Patch_InvalidReferencePropertyReturnsBadRequest" /></UnitTest><UnitTest name="FileRequest_FileCanBeReadAfterRename" storage="d:\users\steve knipmeyer\documents\github\modelrelief\modelrelief.test\bin\debug\netcoreapp2.0\modelrelief.test.dll" id="b8258456-b016-43c9-a05b-8582ac4752f8"><Execution id="e2bfa553-03dd-4500-a6b9-2e771c3ce0bc" /><TestMethod codeBase="D:\Users\Steve Knipmeyer\Documents\GitHub\ModelRelief\ModelRelief.test\bin\Debug\netcoreapp2.0\ModelRelief.Test.dll" adapterTypeName="executor://xunit/VsTestRunner2/netcoreapp" className="ModelRelief.Test.Integration.DepthBuffers.DepthBuffersFileIntegrationTests" name="FileRequest_FileCanBeReadAfterRename" /></UnitTest><UnitTest name="PutFile_FileCanBeUpdated" storage="d:\users\steve knipmeyer\documents\github\modelrelief\modelrelief.test\bin\debug\netcoreapp2.0\modelrelief.test.dll" id="0c20b1a0-9eae-465b-b3b0-f2ffaaf7639b"><Execution id="6cff8f8a-8bc6-49eb-b2fb-7c95c947b67c" /><TestMethod codeBase="D:\Users\Steve Knipmeyer\Documents\GitHub\ModelRelief\ModelRelief.test\bin\Debug\netcoreapp2.0\ModelRelief.Test.dll" adapterTypeName="executor://xunit/VsTestRunner2/netcoreapp" className="ModelRelief.Test.Integration.Meshes.MeshesFileIntegrationTests" name="PutFile_FileCanBeUpdated" /></UnitTest><UnitTest name="Post_InvalidReferencePropertyReturnsBadRequest" storage="d:\users\steve knipmeyer\documents\github\modelrelief\modelrelief.test\bin\debug\netcoreapp2.0\modelrelief.test.dll" id="92225c50-9edd-46ad-8fd5-99adf259af16"><Execution id="080c3894-3f02-4100-a5ed-135971469b27" /><TestMethod codeBase="D:\Users\Steve Knipmeyer\Documents\GitHub\ModelRelief\ModelRelief.test\bin\Debug\netcoreapp2.0\ModelRelief.Test.dll" adapterTypeName="executor://xunit/VsTestRunner2/netcoreapp" className="ModelRelief.Test.Integration.Cameras.CamerasBaseIntegrationTests" name="Post_InvalidReferencePropertyReturnsBadRequest" /></UnitTest><UnitTest name="Delete_TargetModelIsDeleted" storage="d:\users\steve knipmeyer\documents\github\modelrelief\modelrelief.test\bin\debug\netcoreapp2.0\modelrelief.test.dll" id="e81c3813-4e5b-4af3-ba77-211ea84ddc86"><Execution id="c83ef601-9518-417f-8f6b-97b2f8193a29" /><TestMethod codeBase="D:\Users\Steve Knipmeyer\Documents\GitHub\ModelRelief\ModelRelief.test\bin\Debug\netcoreapp2.0\ModelRelief.Test.dll" adapterTypeName="executor://xunit/VsTestRunner2/netcoreapp" className="ModelRelief.Test.Integration.MeshTransforms.MeshTransformsBaseIntegrationTests" name="Delete_TargetModelIsDeleted" /></UnitTest><UnitTest name="Patch_InvalidIdPropertyReturnsNotFound" storage="d:\users\steve knipmeyer\documents\github\modelrelief\modelrelief.test\bin\debug\netcoreapp2.0\modelrelief.test.dll" id="07ce124e-bc55-4df6-b720-fcc6fe8b2101"><Execution id="3e774f9a-68b9-46cd-a585-50bfdad95e95" /><TestMethod codeBase="D:\Users\Steve Knipmeyer\Documents\GitHub\ModelRelief\ModelRelief.test\bin\Debug\netcoreapp2.0\ModelRelief.Test.dll" adapterTypeName="executor://xunit/VsTestRunner2/netcoreapp" className="ModelRelief.Test.Integration.DepthBuffers.DepthBuffersBaseIntegrationTests" name="Patch_InvalidIdPropertyReturnsNotFound" /></UnitTest><UnitTest name="PutFile_NewFileCanBePut" storage="d:\users\steve knipmeyer\documents\github\modelrelief\modelrelief.test\bin\debug\netcoreapp2.0\modelrelief.test.dll" id="0d177ba2-f303-4d8d-968e-be05e74b3c22"><Execution id="d3dd3010-f15e-4422-8f01-89ea00699b77" /><TestMethod codeBase="D:\Users\Steve Knipmeyer\Documents\GitHub\ModelRelief\ModelRelief.test\bin\Debug\netcoreapp2.0\ModelRelief.Test.dll" adapterTypeName="executor://xunit/VsTestRunner2/netcoreapp" className="ModelRelief.Test.Integration.Meshes.MeshesFileIntegrationTests" name="PutFile_NewFileCanBePut" /></UnitTest><UnitTest name="Patch_ValidReferencePropertyUpdatesModel" storage="d:\users\steve knipmeyer\documents\github\modelrelief\modelrelief.test\bin\debug\netcoreapp2.0\modelrelief.test.dll" id="e700f1dd-cc70-4890-a16c-8f188ee7826a"><Execution id="d8abce42-06a0-4e72-b6f9-f2020df6f476" /><TestMethod codeBase="D:\Users\Steve Knipmeyer\Documents\GitHub\ModelRelief\ModelRelief.test\bin\Debug\netcoreapp2.0\ModelRelief.Test.dll" adapterTypeName="executor://xunit/VsTestRunner2/netcoreapp" className="ModelRelief.Test.Integration.Models.ModelsBaseIntegrationTests" name="Patch_ValidReferencePropertyUpdatesModel" /></UnitTest><UnitTest name="Put_ValidReferencePropertyUpdatesModel" storage="d:\users\steve knipmeyer\documents\github\modelrelief\modelrelief.test\bin\debug\netcoreapp2.0\modelrelief.test.dll" id="6bdcc547-0966-4937-a50a-fff2bab4bdbe"><Execution id="94baed45-2742-4f5a-9b3b-00df455451c6" /><TestMethod codeBase="D:\Users\Steve Knipmeyer\Documents\GitHub\ModelRelief\ModelRelief.test\bin\Debug\netcoreapp2.0\ModelRelief.Test.dll" adapterTypeName="executor://xunit/VsTestRunner2/netcoreapp" className="ModelRelief.Test.Integration.Cameras.CamerasBaseIntegrationTests" name="Put_ValidReferencePropertyUpdatesModel" /></UnitTest><UnitTest name="PostFile_FileTimeStampIsUpdatedAfterFileIsPosted" storage="d:\users\steve knipmeyer\documents\github\modelrelief\modelrelief.test\bin\debug\netcoreapp2.0\modelrelief.test.dll" id="b45c2f12-33fa-488f-9268-2ebe994a7ddb"><Execution id="5b379951-a7ec-44a5-8517-a9533d2266d9" /><TestMethod codeBase="D:\Users\Steve Knipmeyer\Documents\GitHub\ModelRelief\ModelRelief.test\bin\Debug\netcoreapp2.0\ModelRelief.Test.dll" adapterTypeName="executor://xunit/VsTestRunner2/netcoreapp" className="ModelRelief.Test.Integration.Models.ModelsFileIntegrationTests" name="PostFile_FileTimeStampIsUpdatedAfterFileIsPosted" /></UnitTest><UnitTest name="GetList_ListReturnsCorrectCount" storage="d:\users\steve knipmeyer\documents\github\modelrelief\modelrelief.test\bin\debug\netcoreapp2.0\modelrelief.test.dll" id="f733209c-1690-4f19-8da1-5b00e8ce7296"><Execution id="57c5b395-6a8e-41cb-94dd-028f95ffbd2f" /><TestMethod codeBase="D:\Users\Steve Knipmeyer\Documents\GitHub\ModelRelief\ModelRelief.test\bin\Debug\netcoreapp2.0\ModelRelief.Test.dll" adapterTypeName="executor://xunit/VsTestRunner2/netcoreapp" className="ModelRelief.Test.Integration.Models.ModelsBaseIntegrationTests" name="GetList_ListReturnsCorrectCount" /></UnitTest><UnitTest name="PutFile_NewFileCanBePut" storage="d:\users\steve knipmeyer\documents\github\modelrelief\modelrelief.test\bin\debug\netcoreapp2.0\modelrelief.test.dll" id="41c0bc24-ebb4-4b82-ac46-f51d62a71897"><Execution id="ff78fa42-544a-450d-90e2-732f0b59e238" /><TestMethod codeBase="D:\Users\Steve Knipmeyer\Documents\GitHub\ModelRelief\ModelRelief.test\bin\Debug\netcoreapp2.0\ModelRelief.Test.dll" adapterTypeName="executor://xunit/VsTestRunner2/netcoreapp" className="ModelRelief.Test.Integration.Models.ModelsFileIntegrationTests" name="PutFile_NewFileCanBePut" /></UnitTest><UnitTest name="Post_ValidReferencePropertyCreatesModel" storage="d:\users\steve knipmeyer\documents\github\modelrelief\modelrelief.test\bin\debug\netcoreapp2.0\modelrelief.test.dll" id="3bf77a23-ac3a-45eb-8869-33d0b14bf188"><Execution id="622b9f40-09f8-487d-89fd-59d7eadab91a" /><TestMethod codeBase="D:\Users\Steve Knipmeyer\Documents\GitHub\ModelRelief\ModelRelief.test\bin\Debug\netcoreapp2.0\ModelRelief.Test.dll" adapterTypeName="executor://xunit/VsTestRunner2/netcoreapp" className="ModelRelief.Test.Integration.Cameras.CamerasBaseIntegrationTests" name="Post_ValidReferencePropertyCreatesModel" /></UnitTest><UnitTest name="GetList_ListReturnsCorrectCount" storage="d:\users\steve knipmeyer\documents\github\modelrelief\modelrelief.test\bin\debug\netcoreapp2.0\modelrelief.test.dll" id="f0c1253e-9d12-46e5-ba71-d82b6d24180a"><Execution id="e1611ddb-ffa5-47fd-8085-d82005dcfc1d" /><TestMethod codeBase="D:\Users\Steve Knipmeyer\Documents\GitHub\ModelRelief\ModelRelief.test\bin\Debug\netcoreapp2.0\ModelRelief.Test.dll" adapterTypeName="executor://xunit/VsTestRunner2/netcoreapp" className="ModelRelief.Test.Integration.Meshes.MeshesBaseIntegrationTests" name="GetList_ListReturnsCorrectCount" /></UnitTest><UnitTest name="CameraHasExpectedDependentFiles" storage="d:\users\steve knipmeyer\documents\github\modelrelief\modelrelief.test\bin\debug\netcoreapp2.0\modelrelief.test.dll" id="79657633-8296-418a-8a08-adf98eee4788"><Execution id="fc7b0f14-4a3b-4971-a68d-3ad59cb9081d" /><TestMethod codeBase="D:\Users\Steve Knipmeyer\Documents\GitHub\ModelRelief\ModelRelief.test\bin\Debug\netcoreapp2.0\ModelRelief.Test.dll" adapterTypeName="executor://xunit/VsTestRunner2/netcoreapp" className="ModelRelief.Test.Unit.DependencyManager.DependencyManagerTests" name="CameraHasExpectedDependentFiles" /></UnitTest><UnitTest name="Patch_InvalidReferencePropertyReturnsBadRequest" storage="d:\users\steve knipmeyer\documents\github\modelrelief\modelrelief.test\bin\debug\netcoreapp2.0\modelrelief.test.dll" id="252ddf7d-5993-4853-b54c-40c0191cc68c"><Execution id="11726409-ac84-4d62-a67d-e1c8e3553993" /><TestMethod codeBase="D:\Users\Steve Knipmeyer\Documents\GitHub\ModelRelief\ModelRelief.test\bin\Debug\netcoreapp2.0\ModelRelief.Test.dll" adapterTypeName="executor://xunit/VsTestRunner2/netcoreapp" className="ModelRelief.Test.Integration.Cameras.CamerasBaseIntegrationTests" name="Patch_InvalidReferencePropertyReturnsBadRequest" /></UnitTest><UnitTest name="PostFile_FileTimeStampIsUpdatedAfterFileIsPosted" storage="d:\users\steve knipmeyer\documents\github\modelrelief\modelrelief.test\bin\debug\netcoreapp2.0\modelrelief.test.dll" id="2cf4b273-0f40-4d2c-abb0-2de7dfda9a8f"><Execution id="597e760a-a7ff-459d-a7bb-ecc4f994a92e" /><TestMethod codeBase="D:\Users\Steve Knipmeyer\Documents\GitHub\ModelRelief\ModelRelief.test\bin\Debug\netcoreapp2.0\ModelRelief.Test.dll" adapterTypeName="executor://xunit/VsTestRunner2/netcoreapp" className="ModelRelief.Test.Integration.DepthBuffers.DepthBuffersFileIntegrationTests" name="PostFile_FileTimeStampIsUpdatedAfterFileIsPosted" /></UnitTest><UnitTest name="Post_InvalidReferencePropertyReturnsBadRequest" storage="d:\users\steve knipmeyer\documents\github\modelrelief\modelrelief.test\bin\debug\netcoreapp2.0\modelrelief.test.dll" id="c42adb62-fcb6-4d87-bf4d-8c2a955e3dd9"><Execution id="2c8a2cd7-684e-4693-a7b1-78510394b438" /><TestMethod codeBase="D:\Users\Steve Knipmeyer\Documents\GitHub\ModelRelief\ModelRelief.test\bin\Debug\netcoreapp2.0\ModelRelief.Test.dll" adapterTypeName="executor://xunit/VsTestRunner2/netcoreapp" className="ModelRelief.Test.Integration.Meshes.MeshesBaseIntegrationTests" name="Post_InvalidReferencePropertyReturnsBadRequest" /></UnitTest><UnitTest name="Delete_TargetModelIsDeleted" storage="d:\users\steve knipmeyer\documents\github\modelrelief\modelrelief.test\bin\debug\netcoreapp2.0\modelrelief.test.dll" id="7f8f9105-776a-46f4-904f-b02025cd4da6"><Execution id="c8766ac8-7355-46b2-8b57-d023a82d5f84" /><TestMethod codeBase="D:\Users\Steve Knipmeyer\Documents\GitHub\ModelRelief\ModelRelief.test\bin\Debug\netcoreapp2.0\ModelRelief.Test.dll" adapterTypeName="executor://xunit/VsTestRunner2/netcoreapp" className="ModelRelief.Test.Integration.DepthBuffers.DepthBuffersBaseIntegrationTests" name="Delete_TargetModelIsDeleted" /></UnitTest><UnitTest name="GetList_ListReturnsCorrectCount" storage="d:\users\steve knipmeyer\documents\github\modelrelief\modelrelief.test\bin\debug\netcoreapp2.0\modelrelief.test.dll" id="1a3fc517-fdcf-4a1f-8822-b80ea5625ee9"><Execution id="371f5671-7fe5-44fd-aab5-9f476ae2da02" /><TestMethod codeBase="D:\Users\Steve Knipmeyer\Documents\GitHub\ModelRelief\ModelRelief.test\bin\Debug\netcoreapp2.0\ModelRelief.Test.dll" adapterTypeName="executor://xunit/VsTestRunner2/netcoreapp" className="ModelRelief.Test.Integration.MeshTransforms.MeshTransformsBaseIntegrationTests" name="GetList_ListReturnsCorrectCount" /></UnitTest><UnitTest name="Delete_TargetModelIsDeleted" storage="d:\users\steve knipmeyer\documents\github\modelrelief\modelrelief.test\bin\debug\netcoreapp2.0\modelrelief.test.dll" id="5c41069c-6bb1-4890-844f-92988dfc1309"><Execution id="b06434cb-8886-4009-a9a9-ebc89df4ecd1" /><TestMethod codeBase="D:\Users\Steve Knipmeyer\Documents\GitHub\ModelRelief\ModelRelief.test\bin\Debug\netcoreapp2.0\ModelRelief.Test.dll" adapterTypeName="executor://xunit/VsTestRunner2/netcoreapp" className="ModelRelief.Test.Integration.Meshes.MeshesBaseIntegrationTests" name="Delete_TargetModelIsDeleted" /></UnitTest><UnitTest name="Post_InvalidReferencePropertyReturnsBadRequest" storage="d:\users\steve knipmeyer\documents\github\modelrelief\modelrelief.test\bin\debug\netcoreapp2.0\modelrelief.test.dll" id="914cbfa4-4548-4a83-bbc3-4280cf4c0eb8"><Execution id="1d4fe370-123c-46ff-99c8-c9ba78bb46f4" /><TestMethod codeBase="D:\Users\Steve Knipmeyer\Documents\GitHub\ModelRelief\ModelRelief.test\bin\Debug\netcoreapp2.0\ModelRelief.Test.dll" adapterTypeName="executor://xunit/VsTestRunner2/netcoreapp" className="ModelRelief.Test.Integration.DepthBuffers.DepthBuffersBaseIntegrationTests" name="Post_InvalidReferencePropertyReturnsBadRequest" /></UnitTest><UnitTest name="Patch_TargetPropertyIsUpdated" storage="d:\users\steve knipmeyer\documents\github\modelrelief\modelrelief.test\bin\debug\netcoreapp2.0\modelrelief.test.dll" id="e07fce34-21e9-4b1e-8421-baaca0695886"><Execution id="ea9138da-4fb7-4a66-80b6-95bb9c13171c" /><TestMethod codeBase="D:\Users\Steve Knipmeyer\Documents\GitHub\ModelRelief\ModelRelief.test\bin\Debug\netcoreapp2.0\ModelRelief.Test.dll" adapterTypeName="executor://xunit/VsTestRunner2/netcoreapp" className="ModelRelief.Test.Integration.Meshes.MeshesBaseIntegrationTests" name="Patch_TargetPropertyIsUpdated" /></UnitTest><UnitTest name="Post_InvalidReferencePropertyReturnsBadRequest" storage="d:\users\steve knipmeyer\documents\github\modelrelief\modelrelief.test\bin\debug\netcoreapp2.0\modelrelief.test.dll" id="948c8abc-3131-43c7-890b-964e3b8c7947"><Execution id="5b2298bf-33d4-4a68-b124-c792f718eb2c" /><TestMethod codeBase="D:\Users\Steve Knipmeyer\Documents\GitHub\ModelRelief\ModelRelief.test\bin\Debug\netcoreapp2.0\ModelRelief.Test.dll" adapterTypeName="executor://xunit/VsTestRunner2/netcoreapp" className="ModelRelief.Test.Integration.Models.ModelsBaseIntegrationTests" name="Post_InvalidReferencePropertyReturnsBadRequest" /></UnitTest><UnitTest name="PostFile_NewFileCanBePosted" storage="d:\users\steve knipmeyer\documents\github\modelrelief\modelrelief.test\bin\debug\netcoreapp2.0\modelrelief.test.dll" id="fd3c26e9-1e44-48ed-9ef1-376dce9accb7"><Execution id="801a3f31-c311-4faa-af28-a50a4307dc4d" /><TestMethod codeBase="D:\Users\Steve Knipmeyer\Documents\GitHub\ModelRelief\ModelRelief.test\bin\Debug\netcoreapp2.0\ModelRelief.Test.dll" adapterTypeName="executor://xunit/VsTestRunner2/netcoreapp" className="ModelRelief.Test.Integration.DepthBuffers.DepthBuffersFileIntegrationTests" name="PostFile_NewFileCanBePosted" /></UnitTest><UnitTest name="Patch_TargetPropertyIsUpdated" storage="d:\users\steve knipmeyer\documents\github\modelrelief\modelrelief.test\bin\debug\netcoreapp2.0\modelrelief.test.dll" id="bef9fe16-19f1-47cc-885b-c59e9e772e7f"><Execution id="e0cea272-3311-48eb-be35-ca091a9e3a19" /><TestMethod codeBase="D:\Users\Steve Knipmeyer\Documents\GitHub\ModelRelief\ModelRelief.test\bin\Debug\netcoreapp2.0\ModelRelief.Test.dll" adapterTypeName="executor://xunit/VsTestRunner2/netcoreapp" className="ModelRelief.Test.Integration.DepthBuffers.DepthBuffersBaseIntegrationTests" name="Patch_TargetPropertyIsUpdated" /></UnitTest><UnitTest name="GetSingle_ValidIdPropertyValueReturnsCorrectModel" storage="d:\users\steve knipmeyer\documents\github\modelrelief\modelrelief.test\bin\debug\netcoreapp2.0\modelrelief.test.dll" id="ce989b6a-8c88-431b-99a7-8d6c04f516bf"><Execution id="d2d7435c-a60c-449e-85a6-97e2e0112aa2" /><TestMethod codeBase="D:\Users\Steve Knipmeyer\Documents\GitHub\ModelRelief\ModelRelief.test\bin\Debug\netcoreapp2.0\ModelRelief.Test.dll" adapterTypeName="executor://xunit/VsTestRunner2/netcoreapp" className="ModelRelief.Test.Integration.Models.ModelsBaseIntegrationTests" name="GetSingle_ValidIdPropertyValueReturnsCorrectModel" /></UnitTest><UnitTest name="Post_CanCreateNewModel" storage="d:\users\steve knipmeyer\documents\github\modelrelief\modelrelief.test\bin\debug\netcoreapp2.0\modelrelief.test.dll" id="4d0e8298-43d3-403a-9f38-71e884c2cde7"><Execution id="9c0243e0-4711-4809-984f-091b1c09ec0c" /><TestMethod codeBase="D:\Users\Steve Knipmeyer\Documents\GitHub\ModelRelief\ModelRelief.test\bin\Debug\netcoreapp2.0\ModelRelief.Test.dll" adapterTypeName="executor://xunit/VsTestRunner2/netcoreapp" className="ModelRelief.Test.Integration.MeshTransforms.MeshTransformsBaseIntegrationTests" name="Post_CanCreateNewModel" /></UnitTest><UnitTest name="DepthBufferHasExpectedDependentFiles" storage="d:\users\steve knipmeyer\documents\github\modelrelief\modelrelief.test\bin\debug\netcoreapp2.0\modelrelief.test.dll" id="8cb2dcb8-d628-4d36-a350-58be30c897fb"><Execution id="ba8f68bf-e3e7-468c-b354-630a1513950e" /><TestMethod codeBase="D:\Users\Steve Knipmeyer\Documents\GitHub\ModelRelief\ModelRelief.test\bin\Debug\netcoreapp2.0\ModelRelief.Test.dll" adapterTypeName="executor://xunit/VsTestRunner2/netcoreapp" className="ModelRelief.Test.Unit.DependencyManager.DependencyManagerTests" name="DepthBufferHasExpectedDependentFiles" /></UnitTest><UnitTest name="Put_InvalidIdReturnsNotFound" storage="d:\users\steve knipmeyer\documents\github\modelrelief\modelrelief.test\bin\debug\netcoreapp2.0\modelrelief.test.dll" id="610e59ce-d925-4f11-9677-a0d1ab2d5b24"><Execution id="924eee55-dc77-458e-a1d4-47ca010bb89b" /><TestMethod codeBase="D:\Users\Steve Knipmeyer\Documents\GitHub\ModelRelief\ModelRelief.test\bin\Debug\netcoreapp2.0\ModelRelief.Test.dll" adapterTypeName="executor://xunit/VsTestRunner2/netcoreapp" className="ModelRelief.Test.Integration.Models.ModelsBaseIntegrationTests" name="Put_InvalidIdReturnsNotFound" /></UnitTest><UnitTest name="Patch_InvalidReferencePropertyReturnsBadRequest" storage="d:\users\steve knipmeyer\documents\github\modelrelief\modelrelief.test\bin\debug\netcoreapp2.0\modelrelief.test.dll" id="e707af57-6704-4e8d-9d68-59ceeae66b3a"><Execution id="50f6118d-2efc-4e39-95a1-032a7228873f" /><TestMethod codeBase="D:\Users\Steve Knipmeyer\Documents\GitHub\ModelRelief\ModelRelief.test\bin\Debug\netcoreapp2.0\ModelRelief.Test.dll" adapterTypeName="executor://xunit/VsTestRunner2/netcoreapp" className="ModelRelief.Test.Integration.DepthBuffers.DepthBuffersBaseIntegrationTests" name="Patch_InvalidReferencePropertyReturnsBadRequest" /></UnitTest><UnitTest name="LucyCameraFindsAllDependents" storage="d:\users\steve knipmeyer\documents\github\modelrelief\modelrelief.test\bin\debug\netcoreapp2.0\modelrelief.test.dll" id="3be24c2f-6e8f-4948-986f-767f53621c47"><Execution id="8c32c468-96ce-4358-9937-bdfc2ed27152" /><TestMethod codeBase="D:\Users\Steve Knipmeyer\Documents\GitHub\ModelRelief\ModelRelief.test\bin\Debug\netcoreapp2.0\ModelRelief.Test.dll" adapterTypeName="executor://xunit/VsTestRunner2/netcoreapp" className="ModelRelief.Test.Unit.DependencyManager.DependencyManagerTests" name="LucyCameraFindsAllDependents" /></UnitTest><UnitTest name="Patch_MultipleInvalidReferencePropertiesReturnsMultipleValidationErrorsAndBadRequest" storage="d:\users\steve knipmeyer\documents\github\modelrelief\modelrelief.test\bin\debug\netcoreapp2.0\modelrelief.test.dll" id="8db2823e-7857-4f1a-89f3-b715eddf20aa"><Execution id="02c41e54-cf74-4d9e-b8f6-19c559474599" /><TestMethod codeBase="D:\Users\Steve Knipmeyer\Documents\GitHub\ModelRelief\ModelRelief.test\bin\Debug\netcoreapp2.0\ModelRelief.Test.dll" adapterTypeName="executor://xunit/VsTestRunner2/netcoreapp" className="ModelRelief.Test.Integration.MeshTransforms.MeshTransformsBaseIntegrationTests" name="Patch_MultipleInvalidReferencePropertiesReturnsMultipleValidationErrorsAndBadRequest" /></UnitTest><UnitTest name="PostFile_NewFileCanBePosted" storage="d:\users\steve knipmeyer\documents\github\modelrelief\modelrelief.test\bin\debug\netcoreapp2.0\modelrelief.test.dll" id="5feb712b-52e3-4855-8f17-d6a440929174"><Execution id="937dd65e-01ab-47f1-a0db-1d1084f099e3" /><TestMethod codeBase="D:\Users\Steve Knipmeyer\Documents\GitHub\ModelRelief\ModelRelief.test\bin\Debug\netcoreapp2.0\ModelRelief.Test.dll" adapterTypeName="executor://xunit/VsTestRunner2/netcoreapp" className="ModelRelief.Test.Integration.Meshes.MeshesFileIntegrationTests" name="PostFile_NewFileCanBePosted" /></UnitTest><UnitTest name="Patch_TargetPropertyIsUpdated" storage="d:\users\steve knipmeyer\documents\github\modelrelief\modelrelief.test\bin\debug\netcoreapp2.0\modelrelief.test.dll" id="6642e01d-dabc-4ff4-bf39-87ced4bb2e2d"><Execution id="b12b326b-4202-4ffc-bb18-1fd0d7d5314c" /><TestMethod codeBase="D:\Users\Steve Knipmeyer\Documents\GitHub\ModelRelief\ModelRelief.test\bin\Debug\netcoreapp2.0\ModelRelief.Test.dll" adapterTypeName="executor://xunit/VsTestRunner2/netcoreapp" className="ModelRelief.Test.Integration.Projects.ProjectsBaseIntegrationTests" name="Patch_TargetPropertyIsUpdated" /></UnitTest><UnitTest name="Put_CanUpdateModel" storage="d:\users\steve knipmeyer\documents\github\modelrelief\modelrelief.test\bin\debug\netcoreapp2.0\modelrelief.test.dll" id="c4e3e0e9-a709-48b2-9893-16f719a32a88"><Execution id="6a4550dd-3f86-44ec-b7d6-36a0cd8863ef" /><TestMethod codeBase="D:\Users\Steve Knipmeyer\Documents\GitHub\ModelRelief\ModelRelief.test\bin\Debug\netcoreapp2.0\ModelRelief.Test.dll" adapterTypeName="executor://xunit/VsTestRunner2/netcoreapp" className="ModelRelief.Test.Integration.Cameras.CamerasBaseIntegrationTests" name="Put_CanUpdateModel" /></UnitTest><UnitTest name="GetSingle_InvalidIdPropertyValueReturnsNotFound" storage="d:\users\steve knipmeyer\documents\github\modelrelief\modelrelief.test\bin\debug\netcoreapp2.0\modelrelief.test.dll" id="cec6d9ec-bbc2-4d08-8636-c2894198faf4"><Execution id="47cb4c55-d5ad-46a7-8053-8af9ae52fa9c" /><TestMethod codeBase="D:\Users\Steve Knipmeyer\Documents\GitHub\ModelRelief\ModelRelief.test\bin\Debug\netcoreapp2.0\ModelRelief.Test.dll" adapterTypeName="executor://xunit/VsTestRunner2/netcoreapp" className="ModelRelief.Test.Integration.Projects.ProjectsBaseIntegrationTests" name="GetSingle_InvalidIdPropertyValueReturnsNotFound" /></UnitTest><UnitTest name="GetFile_ExistingFileReturnsSuccess" storage="d:\users\steve knipmeyer\documents\github\modelrelief\modelrelief.test\bin\debug\netcoreapp2.0\modelrelief.test.dll" id="d8e8b510-b79c-4f7f-887f-37b5ae2a0c5e"><Execution id="4d80ed9f-9fdb-4f6f-ac3d-61ce599ed7cb" /><TestMethod codeBase="D:\Users\Steve Knipmeyer\Documents\GitHub\ModelRelief\ModelRelief.test\bin\Debug\netcoreapp2.0\ModelRelief.Test.dll" adapterTypeName="executor://xunit/VsTestRunner2/netcoreapp" className="ModelRelief.Test.Integration.DepthBuffers.DepthBuffersFileIntegrationTests" name="GetFile_ExistingFileReturnsSuccess" /></UnitTest><UnitTest name="MeshTransformHasExpectedDependentFiles" storage="d:\users\steve knipmeyer\documents\github\modelrelief\modelrelief.test\bin\debug\netcoreapp2.0\modelrelief.test.dll" id="180fdb78-3d8d-4e72-b920-83edc36db188"><Execution id="f2d19f2c-bfc9-44c9-9d6d-a8c6dbfb6074" /><TestMethod codeBase="D:\Users\Steve Knipmeyer\Documents\GitHub\ModelRelief\ModelRelief.test\bin\Debug\netcoreapp2.0\ModelRelief.Test.dll" adapterTypeName="executor://xunit/VsTestRunner2/netcoreapp" className="ModelRelief.Test.Unit.DependencyManager.DependencyManagerTests" name="MeshTransformHasExpectedDependentFiles" /></UnitTest><UnitTest name="Put_CanUpdateModel" storage="d:\users\steve knipmeyer\documents\github\modelrelief\modelrelief.test\bin\debug\netcoreapp2.0\modelrelief.test.dll" id="7dbee3ce-31ea-44ce-bd80-2dc45ebf6395"><Execution id="d877b64b-4b23-4f49-be2a-53938469c9a2" /><TestMethod codeBase="D:\Users\Steve Knipmeyer\Documents\GitHub\ModelRelief\ModelRelief.test\bin\Debug\netcoreapp2.0\ModelRelief.Test.dll" adapterTypeName="executor://xunit/VsTestRunner2/netcoreapp" className="ModelRelief.Test.Integration.Projects.ProjectsBaseIntegrationTests" name="Put_CanUpdateModel" /></UnitTest><UnitTest name="Put_CanUpdateModel" storage="d:\users\steve knipmeyer\documents\github\modelrelief\modelrelief.test\bin\debug\netcoreapp2.0\modelrelief.test.dll" id="c0179c50-b308-4520-8329-f48c49b7c0bb"><Execution id="7cf38f6f-b8ad-4148-ac9e-9fe72632808e" /><TestMethod codeBase="D:\Users\Steve Knipmeyer\Documents\GitHub\ModelRelief\ModelRelief.test\bin\Debug\netcoreapp2.0\ModelRelief.Test.dll" adapterTypeName="executor://xunit/VsTestRunner2/netcoreapp" className="ModelRelief.Test.Integration.DepthBuffers.DepthBuffersBaseIntegrationTests" name="Put_CanUpdateModel" /></UnitTest><UnitTest name="PostFile_NewFileCanBePosted" storage="d:\users\steve knipmeyer\documents\github\modelrelief\modelrelief.test\bin\debug\netcoreapp2.0\modelrelief.test.dll" id="2e40a0e3-66ed-45ab-abd8-65c5dedc705e"><Execution id="e91b0b49-2845-43e5-90b8-6aadb094b918" /><TestMethod codeBase="D:\Users\Steve Knipmeyer\Documents\GitHub\ModelRelief\ModelRelief.test\bin\Debug\netcoreapp2.0\ModelRelief.Test.dll" adapterTypeName="executor://xunit/VsTestRunner2/netcoreapp" className="ModelRelief.Test.Integration.Models.ModelsFileIntegrationTests" name="PostFile_NewFileCanBePosted" /></UnitTest><UnitTest name="Patch_InvalidIdPropertyReturnsNotFound" storage="d:\users\steve knipmeyer\documents\github\modelrelief\modelrelief.test\bin\debug\netcoreapp2.0\modelrelief.test.dll" id="9d5e51cc-7bb0-4a49-945f-e25d837365b5"><Execution id="d01995b4-fefc-478d-a1c0-903c2eb5d947" /><TestMethod codeBase="D:\Users\Steve Knipmeyer\Documents\GitHub\ModelRelief\ModelRelief.test\bin\Debug\netcoreapp2.0\ModelRelief.Test.dll" adapterTypeName="executor://xunit/VsTestRunner2/netcoreapp" className="ModelRelief.Test.Integration.Meshes.MeshesBaseIntegrationTests" name="Patch_InvalidIdPropertyReturnsNotFound" /></UnitTest><UnitTest name="Patch_ValidReferencePropertyUpdatesModel" storage="d:\users\steve knipmeyer\documents\github\modelrelief\modelrelief.test\bin\debug\netcoreapp2.0\modelrelief.test.dll" id="5cdf149b-4084-48b5-bd09-5040563b00ef"><Execution id="214d1411-ac02-4491-975b-9cd025760222" /><TestMethod codeBase="D:\Users\Steve Knipmeyer\Documents\GitHub\ModelRelief\ModelRelief.test\bin\Debug\netcoreapp2.0\ModelRelief.Test.dll" adapterTypeName="executor://xunit/VsTestRunner2/netcoreapp" className="ModelRelief.Test.Integration.DepthBuffers.DepthBuffersBaseIntegrationTests" name="Patch_ValidReferencePropertyUpdatesModel" /></UnitTest><UnitTest name="GetFile_NonExistentFileReturnsNotFound" storage="d:\users\steve knipmeyer\documents\github\modelrelief\modelrelief.test\bin\debug\netcoreapp2.0\modelrelief.test.dll" id="f3f5ff0e-d304-4b4d-b3c2-c87c355b0e80"><Execution id="81c3d5a7-3f1c-4160-b1d0-af8733ff56af" /><TestMethod codeBase="D:\Users\Steve Knipmeyer\Documents\GitHub\ModelRelief\ModelRelief.test\bin\Debug\netcoreapp2.0\ModelRelief.Test.dll" adapterTypeName="executor://xunit/VsTestRunner2/netcoreapp" className="ModelRelief.Test.Integration.DepthBuffers.DepthBuffersFileIntegrationTests" name="GetFile_NonExistentFileReturnsNotFound" /></UnitTest><UnitTest name="PutFile_NewFileCanBePut" storage="d:\users\steve knipmeyer\documents\github\modelrelief\modelrelief.test\bin\debug\netcoreapp2.0\modelrelief.test.dll" id="fdd2bc56-9295-440b-b6f5-60ec9b20d28c"><Execution id="890163fa-db59-4cd2-90eb-023a59238f5d" /><TestMethod codeBase="D:\Users\Steve Knipmeyer\Documents\GitHub\ModelRelief\ModelRelief.test\bin\Debug\netcoreapp2.0\ModelRelief.Test.dll" adapterTypeName="executor://xunit/VsTestRunner2/netcoreapp" className="ModelRelief.Test.Integration.DepthBuffers.DepthBuffersFileIntegrationTests" name="PutFile_NewFileCanBePut" /></UnitTest><UnitTest name="Put_ValidReferencePropertyUpdatesModel" storage="d:\users\steve knipmeyer\documents\github\modelrelief\modelrelief.test\bin\debug\netcoreapp2.0\modelrelief.test.dll" id="8728c4e9-ce84-4c74-8cdf-1114bf112c9c"><Execution id="87668bb0-5dcb-433b-8f5f-9e65218e022b" /><TestMethod codeBase="D:\Users\Steve Knipmeyer\Documents\GitHub\ModelRelief\ModelRelief.test\bin\Debug\netcoreapp2.0\ModelRelief.Test.dll" adapterTypeName="executor://xunit/VsTestRunner2/netcoreapp" className="ModelRelief.Test.Integration.MeshTransforms.MeshTransformsBaseIntegrationTests" name="Put_ValidReferencePropertyUpdatesModel" /></UnitTest><UnitTest name="Put_CanUpdateModel" storage="d:\users\steve knipmeyer\documents\github\modelrelief\modelrelief.test\bin\debug\netcoreapp2.0\modelrelief.test.dll" id="df802e25-05f0-47cc-8ba6-4ad4d24ff807"><Execution id="875a4375-5cbc-4f08-bf05-c8ad2295fe5f" /><TestMethod codeBase="D:\Users\Steve Knipmeyer\Documents\GitHub\ModelRelief\ModelRelief.test\bin\Debug\netcoreapp2.0\ModelRelief.Test.dll" adapterTypeName="executor://xunit/VsTestRunner2/netcoreapp" className="ModelRelief.Test.Integration.MeshTransforms.MeshTransformsBaseIntegrationTests" name="Put_CanUpdateModel" /></UnitTest><UnitTest name="Post_CanCreateNewModel" storage="d:\users\steve knipmeyer\documents\github\modelrelief\modelrelief.test\bin\debug\netcoreapp2.0\modelrelief.test.dll" id="114b8740-977d-4cce-aff9-c3c0423cda1f"><Execution id="002b3ccd-0b8e-43dd-b65e-985fc860b3f9" /><TestMethod codeBase="D:\Users\Steve Knipmeyer\Documents\GitHub\ModelRelief\ModelRelief.test\bin\Debug\netcoreapp2.0\ModelRelief.Test.dll" adapterTypeName="executor://xunit/VsTestRunner2/netcoreapp" className="ModelRelief.Test.Integration.Models.ModelsBaseIntegrationTests" name="Post_CanCreateNewModel" /></UnitTest><UnitTest name="Patch_InvalidPropertyNameReturnsBadRequest" storage="d:\users\steve knipmeyer\documents\github\modelrelief\modelrelief.test\bin\debug\netcoreapp2.0\modelrelief.test.dll" id="a753106b-e8eb-4a1f-98c8-dda335a0da61"><Execution id="f4f87519-dbfb-457a-aa9d-0c3497025dc2" /><TestMethod codeBase="D:\Users\Steve Knipmeyer\Documents\GitHub\ModelRelief\ModelRelief.test\bin\Debug\netcoreapp2.0\ModelRelief.Test.dll" adapterTypeName="executor://xunit/VsTestRunner2/netcoreapp" className="ModelRelief.Test.Integration.Meshes.MeshesBaseIntegrationTests" name="Patch_InvalidPropertyNameReturnsBadRequest" /></UnitTest><UnitTest name="PostFile_FileIsSynchronizedIsUpdatedAfterFileIsPosted" storage="d:\users\steve knipmeyer\documents\github\modelrelief\modelrelief.test\bin\debug\netcoreapp2.0\modelrelief.test.dll" id="29498c62-0138-42ac-8979-3bf4f4b16b9a"><Execution id="090c4b45-2782-4b5b-be7a-edb8b4e196d1" /><TestMethod codeBase="D:\Users\Steve Knipmeyer\Documents\GitHub\ModelRelief\ModelRelief.test\bin\Debug\netcoreapp2.0\ModelRelief.Test.dll" adapterTypeName="executor://xunit/VsTestRunner2/netcoreapp" className="ModelRelief.Test.Integration.Meshes.MeshesFileIntegrationTests" name="PostFile_FileIsSynchronizedIsUpdatedAfterFileIsPosted" /></UnitTest><UnitTest name="FileRequest_MeshGenerateScalesDepthBufferByP1Scale" storage="d:\users\steve knipmeyer\documents\github\modelrelief\modelrelief.test\bin\debug\netcoreapp2.0\modelrelief.test.dll" id="5eeb81b4-8ca2-4449-8b5c-e046d1f696ba"><Execution id="9e0813b1-3e00-4e27-8d6b-2e5a8faa4914" /><TestMethod codeBase="D:\Users\Steve Knipmeyer\Documents\GitHub\ModelRelief\ModelRelief.test\bin\Debug\netcoreapp2.0\ModelRelief.Test.dll" adapterTypeName="executor://xunit/VsTestRunner2/netcoreapp" className="ModelRelief.Test.Integration.Meshes.MeshesFileIntegrationTests" name="FileRequest_MeshGenerateScalesDepthBufferByP1Scale" /></UnitTest><UnitTest name="Put_InvalidIdReturnsNotFound" storage="d:\users\steve knipmeyer\documents\github\modelrelief\modelrelief.test\bin\debug\netcoreapp2.0\modelrelief.test.dll" id="bfc17ea8-13db-42c5-948c-8b75d944ec4e"><Execution id="d5aa37ec-5444-4cfb-9e0c-298e24a18af7" /><TestMethod codeBase="D:\Users\Steve Knipmeyer\Documents\GitHub\ModelRelief\ModelRelief.test\bin\Debug\netcoreapp2.0\ModelRelief.Test.dll" adapterTypeName="executor://xunit/VsTestRunner2/netcoreapp" className="ModelRelief.Test.Integration.Meshes.MeshesBaseIntegrationTests" name="Put_InvalidIdReturnsNotFound" /></UnitTest><UnitTest name="Post_ValidReferencePropertyCreatesModel" storage="d:\users\steve knipmeyer\documents\github\modelrelief\modelrelief.test\bin\debug\netcoreapp2.0\modelrelief.test.dll" id="7cb379e6-077a-4702-8bba-c2ebeb02a5f5"><Execution id="ac80ac79-9d0b-4edb-91ac-a2e9201c2942" /><TestMethod codeBase="D:\Users\Steve Knipmeyer\Documents\GitHub\ModelRelief\ModelRelief.test\bin\Debug\netcoreapp2.0\ModelRelief.Test.dll" adapterTypeName="executor://xunit/VsTestRunner2/netcoreapp" className="ModelRelief.Test.Integration.Models.ModelsBaseIntegrationTests" name="Post_ValidReferencePropertyCreatesModel" /></UnitTest><UnitTest name="Patch_InvalidPropertyNameReturnsBadRequest" storage="d:\users\steve knipmeyer\documents\github\modelrelief\modelrelief.test\bin\debug\netcoreapp2.0\modelrelief.test.dll" id="77f1c208-ce17-49f5-a452-2d12506695f4"><Execution id="ee58f269-be3a-4daf-aff2-e9eaa9478738" /><TestMethod codeBase="D:\Users\Steve Knipmeyer\Documents\GitHub\ModelRelief\ModelRelief.test\bin\Debug\netcoreapp2.0\ModelRelief.Test.dll" adapterTypeName="executor://xunit/VsTestRunner2/netcoreapp" className="ModelRelief.Test.Integration.Projects.ProjectsBaseIntegrationTests" name="Patch_InvalidPropertyNameReturnsBadRequest" /></UnitTest><UnitTest name="Patch_InvalidPropertyNameReturnsBadRequest" storage="d:\users\steve knipmeyer\documents\github\modelrelief\modelrelief.test\bin\debug\netcoreapp2.0\modelrelief.test.dll" id="5e3829a1-fa63-409a-9c94-cf35fadf5e82"><Execution id="372f0d54-5ebc-4ed0-b5f5-381887c69390" /><TestMethod codeBase="D:\Users\Steve Knipmeyer\Documents\GitHub\ModelRelief\ModelRelief.test\bin\Debug\netcoreapp2.0\ModelRelief.Test.dll" adapterTypeName="executor://xunit/VsTestRunner2/netcoreapp" className="ModelRelief.Test.Integration.MeshTransforms.MeshTransformsBaseIntegrationTests" name="Patch_InvalidPropertyNameReturnsBadRequest" /></UnitTest><UnitTest name="Post_InvalidPropertyValueReturnsBadRequest" storage="d:\users\steve knipmeyer\documents\github\modelrelief\modelrelief.test\bin\debug\netcoreapp2.0\modelrelief.test.dll" id="e477f738-564a-4f1b-bbad-3cf4e3cbec0c"><Execution id="d4a59420-9c89-4107-a6d7-6f74f3ba7f63" /><TestMethod codeBase="D:\Users\Steve Knipmeyer\Documents\GitHub\ModelRelief\ModelRelief.test\bin\Debug\netcoreapp2.0\ModelRelief.Test.dll" adapterTypeName="executor://xunit/VsTestRunner2/netcoreapp" className="ModelRelief.Test.Integration.Models.ModelsBaseIntegrationTests" name="Post_InvalidPropertyValueReturnsBadRequest" /></UnitTest><UnitTest name="LucyDepthBufferFindsOneDependent" storage="d:\users\steve knipmeyer\documents\github\modelrelief\modelrelief.test\bin\debug\netcoreapp2.0\modelrelief.test.dll" id="31fbca46-f807-483e-8eb0-499aa36cc1ec"><Execution id="ba0e9c36-789a-48c2-8e43-29d25c28ff78" /><TestMethod codeBase="D:\Users\Steve Knipmeyer\Documents\GitHub\ModelRelief\ModelRelief.test\bin\Debug\netcoreapp2.0\ModelRelief.Test.dll" adapterTypeName="executor://xunit/VsTestRunner2/netcoreapp" className="ModelRelief.Test.Unit.DependencyManager.DependencyManagerTests" name="LucyDepthBufferFindsOneDependent" /></UnitTest><UnitTest name="FileRequest_MeshGenerateSetsFileIsSynchronized" storage="d:\users\steve knipmeyer\documents\github\modelrelief\modelrelief.test\bin\debug\netcoreapp2.0\modelrelief.test.dll" id="d3cfd877-46f6-4a62-925a-1c792082f71e"><Execution id="bfc2b434-02c5-48fd-a430-cee6ce1cef44" /><TestMethod codeBase="D:\Users\Steve Knipmeyer\Documents\GitHub\ModelRelief\ModelRelief.test\bin\Debug\netcoreapp2.0\ModelRelief.Test.dll" adapterTypeName="executor://xunit/VsTestRunner2/netcoreapp" className="ModelRelief.Test.Integration.Meshes.MeshesFileIntegrationTests" name="FileRequest_MeshGenerateSetsFileIsSynchronized" /></UnitTest><UnitTest name="Delete_TargetModelIsDeleted" storage="d:\users\steve knipmeyer\documents\github\modelrelief\modelrelief.test\bin\debug\netcoreapp2.0\modelrelief.test.dll" id="952c3930-d81e-43b5-9409-01b8f4dbae1a"><Execution id="7ecbdd8c-a146-4cd4-b12c-111ee5a7ef63" /><TestMethod codeBase="D:\Users\Steve Knipmeyer\Documents\GitHub\ModelRelief\ModelRelief.test\bin\Debug\netcoreapp2.0\ModelRelief.Test.dll" adapterTypeName="executor://xunit/VsTestRunner2/netcoreapp" className="ModelRelief.Test.Integration.Projects.ProjectsBaseIntegrationTests" name="Delete_TargetModelIsDeleted" /></UnitTest><UnitTest name="Post_InvalidPropertyValueReturnsBadRequest" storage="d:\users\steve knipmeyer\documents\github\modelrelief\modelrelief.test\bin\debug\netcoreapp2.0\modelrelief.test.dll" id="346aef3c-db69-4930-8aac-877c74c2890f"><Execution id="72c14495-b81c-4f6b-8247-d80b69b7e2e0" /><TestMethod codeBase="D:\Users\Steve Knipmeyer\Documents\GitHub\ModelRelief\ModelRelief.test\bin\Debug\netcoreapp2.0\ModelRelief.Test.dll" adapterTypeName="executor://xunit/VsTestRunner2/netcoreapp" className="ModelRelief.Test.Integration.Cameras.CamerasBaseIntegrationTests" name="Post_InvalidPropertyValueReturnsBadRequest" /></UnitTest><UnitTest name="LucyModel3dHasTwoDependents" storage="d:\users\steve knipmeyer\documents\github\modelrelief\modelrelief.test\bin\debug\netcoreapp2.0\modelrelief.test.dll" id="8aaf4488-5b6c-4a34-829e-bb97bb8118c2"><Execution id="015c3251-4cba-4066-acdc-d66d64a22cbf" /><TestMethod codeBase="D:\Users\Steve Knipmeyer\Documents\GitHub\ModelRelief\ModelRelief.test\bin\Debug\netcoreapp2.0\ModelRelief.Test.dll" adapterTypeName="executor://xunit/VsTestRunner2/netcoreapp" className="ModelRelief.Test.Unit.DependencyManager.DependencyManagerTests" name="LucyModel3dHasTwoDependents" /></UnitTest><UnitTest name="Post_CanCreateNewModel" storage="d:\users\steve knipmeyer\documents\github\modelrelief\modelrelief.test\bin\debug\netcoreapp2.0\modelrelief.test.dll" id="97fc8c42-495e-46da-9294-151cc6fd7a0d"><Execution id="1ea1951f-781d-4d03-8198-a319325f0552" /><TestMethod codeBase="D:\Users\Steve Knipmeyer\Documents\GitHub\ModelRelief\ModelRelief.test\bin\Debug\netcoreapp2.0\ModelRelief.Test.dll" adapterTypeName="executor://xunit/VsTestRunner2/netcoreapp" className="ModelRelief.Test.Integration.DepthBuffers.DepthBuffersBaseIntegrationTests" name="Post_CanCreateNewModel" /></UnitTest><UnitTest name="Put_InvalidIdReturnsNotFound" storage="d:\users\steve knipmeyer\documents\github\modelrelief\modelrelief.test\bin\debug\netcoreapp2.0\modelrelief.test.dll" id="c351eeb8-49b6-4144-a650-9b195b9492c7"><Execution id="4b5ecb31-6864-498e-862c-c16f64b35e8c" /><TestMethod codeBase="D:\Users\Steve Knipmeyer\Documents\GitHub\ModelRelief\ModelRelief.test\bin\Debug\netcoreapp2.0\ModelRelief.Test.dll" adapterTypeName="executor://xunit/VsTestRunner2/netcoreapp" className="ModelRelief.Test.Integration.DepthBuffers.DepthBuffersBaseIntegrationTests" name="Put_InvalidIdReturnsNotFound" /></UnitTest><UnitTest name="Post_InvalidPropertyValueReturnsBadRequest" storage="d:\users\steve knipmeyer\documents\github\modelrelief\modelrelief.test\bin\debug\netcoreapp2.0\modelrelief.test.dll" id="7386dc71-77c8-4e63-adfe-403317459631"><Execution id="12a1f453-38fc-4996-bd77-5ae00e2ec4cf" /><TestMethod codeBase="D:\Users\Steve Knipmeyer\Documents\GitHub\ModelRelief\ModelRelief.test\bin\Debug\netcoreapp2.0\ModelRelief.Test.dll" adapterTypeName="executor://xunit/VsTestRunner2/netcoreapp" className="ModelRelief.Test.Integration.Meshes.MeshesBaseIntegrationTests" name="Post_InvalidPropertyValueReturnsBadRequest" /></UnitTest><UnitTest name="PostFile_FileIsSynchronizedIsUpdatedAfterFileIsPosted" storage="d:\users\steve knipmeyer\documents\github\modelrelief\modelrelief.test\bin\debug\netcoreapp2.0\modelrelief.test.dll" id="6f61be2e-6faa-495c-90b0-23e35352e978"><Execution id="65457692-70a2-4568-b086-6bd43d80debf" /><TestMethod codeBase="D:\Users\Steve Knipmeyer\Documents\GitHub\ModelRelief\ModelRelief.test\bin\Debug\netcoreapp2.0\ModelRelief.Test.dll" adapterTypeName="executor://xunit/VsTestRunner2/netcoreapp" className="ModelRelief.Test.Integration.Models.ModelsFileIntegrationTests" name="PostFile_FileIsSynchronizedIsUpdatedAfterFileIsPosted" /></UnitTest><UnitTest name="FileRequest_MeshIsInvalidatedAfterDepthBufferFileBecomesUnsynchronized" storage="d:\users\steve knipmeyer\documents\github\modelrelief\modelrelief.test\bin\debug\netcoreapp2.0\modelrelief.test.dll" id="dbac4dd0-0ccd-4203-8648-f32e923b4d43"><Execution id="451a7e55-9742-495b-bb47-00d51d7d86ec" /><TestMethod codeBase="D:\Users\Steve Knipmeyer\Documents\GitHub\ModelRelief\ModelRelief.test\bin\Debug\netcoreapp2.0\ModelRelief.Test.dll" adapterTypeName="executor://xunit/VsTestRunner2/netcoreapp" className="ModelRelief.Test.Integration.Meshes.MeshesFileIntegrationTests" name="FileRequest_MeshIsInvalidatedAfterDepthBufferFileBecomesUnsynchronized" /></UnitTest><UnitTest name="GetFile_FileCanBeRoundTripped" storage="d:\users\steve knipmeyer\documents\github\modelrelief\modelrelief.test\bin\debug\netcoreapp2.0\modelrelief.test.dll" id="ceb789e8-3f00-4d99-a1f0-5d53cc12d2cd"><Execution id="679ee8fd-4173-4e19-bdd6-b15c5311be99" /><TestMethod codeBase="D:\Users\Steve Knipmeyer\Documents\GitHub\ModelRelief\ModelRelief.test\bin\Debug\netcoreapp2.0\ModelRelief.Test.dll" adapterTypeName="executor://xunit/VsTestRunner2/netcoreapp" className="ModelRelief.Test.Integration.Models.ModelsFileIntegrationTests" name="GetFile_FileCanBeRoundTripped" /></UnitTest><UnitTest name="GetFile_ExistingFileReturnsSuccess" storage="d:\users\steve knipmeyer\documents\github\modelrelief\modelrelief.test\bin\debug\netcoreapp2.0\modelrelief.test.dll" id="95f297e5-aea5-48c3-b8e4-cef698bc9162"><Execution id="0f7a424b-c4fe-4ad3-a8e0-626314f8d9e6" /><TestMethod codeBase="D:\Users\Steve Knipmeyer\Documents\GitHub\ModelRelief\ModelRelief.test\bin\Debug\netcoreapp2.0\ModelRelief.Test.dll" adapterTypeName="executor://xunit/VsTestRunner2/netcoreapp" className="ModelRelief.Test.Integration.Models.ModelsFileIntegrationTests" name="GetFile_ExistingFileReturnsSuccess" /></UnitTest><UnitTest name="GetSingle_InvalidIdPropertyValueReturnsNotFound" storage="d:\users\steve knipmeyer\documents\github\modelrelief\modelrelief.test\bin\debug\netcoreapp2.0\modelrelief.test.dll" id="6d05943a-fa63-4430-a565-d102ee0671dc"><Execution id="d17722a4-fd3e-4c6c-b1bd-765c9d57ce57" /><TestMethod codeBase="D:\Users\Steve Knipmeyer\Documents\GitHub\ModelRelief\ModelRelief.test\bin\Debug\netcoreapp2.0\ModelRelief.Test.dll" adapterTypeName="executor://xunit/VsTestRunner2/netcoreapp" className="ModelRelief.Test.Integration.DepthBuffers.DepthBuffersBaseIntegrationTests" name="GetSingle_InvalidIdPropertyValueReturnsNotFound" /></UnitTest><UnitTest name="PostFile_FileIsSynchronizedIsUpdatedAfterFileIsPosted" storage="d:\users\steve knipmeyer\documents\github\modelrelief\modelrelief.test\bin\debug\netcoreapp2.0\modelrelief.test.dll" id="ec58d238-0351-40f9-9479-a0c8e5c3fd0a"><Execution id="b91c3534-78bc-4182-af55-f44728201657" /><TestMethod codeBase="D:\Users\Steve Knipmeyer\Documents\GitHub\ModelRelief\ModelRelief.test\bin\Debug\netcoreapp2.0\ModelRelief.Test.dll" adapterTypeName="executor://xunit/VsTestRunner2/netcoreapp" className="ModelRelief.Test.Integration.DepthBuffers.DepthBuffersFileIntegrationTests" name="PostFile_FileIsSynchronizedIsUpdatedAfterFileIsPosted" /></UnitTest><UnitTest name="Put_CanUpdateModel" storage="d:\users\steve knipmeyer\documents\github\modelrelief\modelrelief.test\bin\debug\netcoreapp2.0\modelrelief.test.dll" id="33c81fc0-0fb9-4feb-a7b8-fb51467ff54d"><Execution id="3a079ba5-d1ad-4202-950b-9c1612886cc7" /><TestMethod codeBase="D:\Users\Steve Knipmeyer\Documents\GitHub\ModelRelief\ModelRelief.test\bin\Debug\netcoreapp2.0\ModelRelief.Test.dll" adapterTypeName="executor://xunit/VsTestRunner2/netcoreapp" className="ModelRelief.Test.Integration.Meshes.MeshesBaseIntegrationTests" name="Put_CanUpdateModel" /></UnitTest><UnitTest name="Put_ValidReferencePropertyUpdatesModel" storage="d:\users\steve knipmeyer\documents\github\modelrelief\modelrelief.test\bin\debug\netcoreapp2.0\modelrelief.test.dll" id="6147d65c-e999-43c1-af22-ed64249a8948"><Execution id="3d207166-de66-44d7-bcd2-222d67500d24" /><TestMethod codeBase="D:\Users\Steve Knipmeyer\Documents\GitHub\ModelRelief\ModelRelief.test\bin\Debug\netcoreapp2.0\ModelRelief.Test.dll" adapterTypeName="executor://xunit/VsTestRunner2/netcoreapp" className="ModelRelief.Test.Integration.Meshes.MeshesBaseIntegrationTests" name="Put_ValidReferencePropertyUpdatesModel" /></UnitTest><UnitTest name="FileRequest_FileCanBeReadAfterRename" storage="d:\users\steve knipmeyer\documents\github\modelrelief\modelrelief.test\bin\debug\netcoreapp2.0\modelrelief.test.dll" id="6b81a0a8-434d-4a9a-9c24-024a213c66e9"><Execution id="1fd8cb79-1f98-4eb9-ba65-8622432346fd" /><TestMethod codeBase="D:\Users\Steve Knipmeyer\Documents\GitHub\ModelRelief\ModelRelief.test\bin\Debug\netcoreapp2.0\ModelRelief.Test.dll" adapterTypeName="executor://xunit/VsTestRunner2/netcoreapp" className="ModelRelief.Test.Integration.Models.ModelsFileIntegrationTests" name="FileRequest_FileCanBeReadAfterRename" /></UnitTest><UnitTest name="GetSingle_ValidIdPropertyValueReturnsCorrectModel" storage="d:\users\steve knipmeyer\documents\github\modelrelief\modelrelief.test\bin\debug\netcoreapp2.0\modelrelief.test.dll" id="f837abcf-d290-4f9a-976a-61cc3e6585a6"><Execution id="6febc60a-442f-46f8-860c-6493f31c587d" /><TestMethod codeBase="D:\Users\Steve Knipmeyer\Documents\GitHub\ModelRelief\ModelRelief.test\bin\Debug\netcoreapp2.0\ModelRelief.Test.dll" adapterTypeName="executor://xunit/VsTestRunner2/netcoreapp" className="ModelRelief.Test.Integration.Projects.ProjectsBaseIntegrationTests" name="GetSingle_ValidIdPropertyValueReturnsCorrectModel" /></UnitTest><UnitTest name="Patch_InvalidReferencePropertyReturnsBadRequest" storage="d:\users\steve knipmeyer\documents\github\modelrelief\modelrelief.test\bin\debug\netcoreapp2.0\modelrelief.test.dll" id="7557b44b-1bca-46a2-8318-b8e8dc6513f7"><Execution id="fbae2729-8389-4df8-9ff0-73a6759f1b3f" /><TestMethod codeBase="D:\Users\Steve Knipmeyer\Documents\GitHub\ModelRelief\ModelRelief.test\bin\Debug\netcoreapp2.0\ModelRelief.Test.dll" adapterTypeName="executor://xunit/VsTestRunner2/netcoreapp" className="ModelRelief.Test.Integration.MeshTransforms.MeshTransformsBaseIntegrationTests" name="Patch_InvalidReferencePropertyReturnsBadRequest" /></UnitTest><UnitTest name="GetSingle_InvalidIdPropertyValueReturnsNotFound" storage="d:\users\steve knipmeyer\documents\github\modelrelief\modelrelief.test\bin\debug\netcoreapp2.0\modelrelief.test.dll" id="7945b553-d068-41ba-9880-6ca8e956b4ce"><Execution id="30ba8eed-835f-4e34-9535-58fdc0828d79" /><TestMethod codeBase="D:\Users\Steve Knipmeyer\Documents\GitHub\ModelRelief\ModelRelief.test\bin\Debug\netcoreapp2.0\ModelRelief.Test.dll" adapterTypeName="executor://xunit/VsTestRunner2/netcoreapp" className="ModelRelief.Test.Integration.Models.ModelsBaseIntegrationTests" name="GetSingle_InvalidIdPropertyValueReturnsNotFound" /></UnitTest><UnitTest name="Patch_InvalidReferencePropertyReturnsBadRequest" storage="d:\users\steve knipmeyer\documents\github\modelrelief\modelrelief.test\bin\debug\netcoreapp2.0\modelrelief.test.dll" id="34059006-2be3-4064-8949-1d7e7a91d08e"><Execution id="f0ca20ba-147c-435a-95d8-638a84ca3862" /><TestMethod codeBase="D:\Users\Steve Knipmeyer\Documents\GitHub\ModelRelief\ModelRelief.test\bin\Debug\netcoreapp2.0\ModelRelief.Test.dll" adapterTypeName="executor://xunit/VsTestRunner2/netcoreapp" className="ModelRelief.Test.Integration.Meshes.MeshesBaseIntegrationTests" name="Patch_InvalidReferencePropertyReturnsBadRequest" /></UnitTest><UnitTest name="Put_InvalidReferencePropertyReturndBadRequest" storage="d:\users\steve knipmeyer\documents\github\modelrelief\modelrelief.test\bin\debug\netcoreapp2.0\modelrelief.test.dll" id="2ca442cd-e5d9-46ea-8369-c545ed7e0bf0"><Execution id="07b31553-c60e-4654-b477-fc76d39189eb" /><TestMethod codeBase="D:\Users\Steve Knipmeyer\Documents\GitHub\ModelRelief\ModelRelief.test\bin\Debug\netcoreapp2.0\ModelRelief.Test.dll" adapterTypeName="executor://xunit/VsTestRunner2/netcoreapp" className="ModelRelief.Test.Integration.Projects.ProjectsBaseIntegrationTests" name="Put_InvalidReferencePropertyReturndBadRequest" /></UnitTest><UnitTest name="Patch_TargetPropertyIsUpdated" storage="d:\users\steve knipmeyer\documents\github\modelrelief\modelrelief.test\bin\debug\netcoreapp2.0\modelrelief.test.dll" id="6ada9031-f3d5-46da-8921-3b81ea44c56e"><Execution id="27fbe9ff-cdb6-4dab-9b08-46cb0029f2cf" /><TestMethod codeBase="D:\Users\Steve Knipmeyer\Documents\GitHub\ModelRelief\ModelRelief.test\bin\Debug\netcoreapp2.0\ModelRelief.Test.dll" adapterTypeName="executor://xunit/VsTestRunner2/netcoreapp" className="ModelRelief.Test.Integration.MeshTransforms.MeshTransformsBaseIntegrationTests" name="Patch_TargetPropertyIsUpdated" /></UnitTest><UnitTest name="GetSingle_ValidIdPropertyValueReturnsCorrectModel" storage="d:\users\steve knipmeyer\documents\github\modelrelief\modelrelief.test\bin\debug\netcoreapp2.0\modelrelief.test.dll" id="06172b46-762c-49b7-924a-4eefb8cbea27"><Execution id="f6ddec02-76c1-4742-8532-65ae4e0924c3" /><TestMethod codeBase="D:\Users\Steve Knipmeyer\Documents\GitHub\ModelRelief\ModelRelief.test\bin\Debug\netcoreapp2.0\ModelRelief.Test.dll" adapterTypeName="executor://xunit/VsTestRunner2/netcoreapp" className="ModelRelief.Test.Integration.Cameras.CamerasBaseIntegrationTests" name="GetSingle_ValidIdPropertyValueReturnsCorrectModel" /></UnitTest><UnitTest name="PutFile_FileCanBeUpdated" storage="d:\users\steve knipmeyer\documents\github\modelrelief\modelrelief.test\bin\debug\netcoreapp2.0\modelrelief.test.dll" id="4b4ab71c-973f-4d36-b63f-300943357b8e"><Execution id="64f3b8af-3dd9-4f4c-ad39-abbe1cc0e8be" /><TestMethod codeBase="D:\Users\Steve Knipmeyer\Documents\GitHub\ModelRelief\ModelRelief.test\bin\Debug\netcoreapp2.0\ModelRelief.Test.dll" adapterTypeName="executor://xunit/VsTestRunner2/netcoreapp" className="ModelRelief.Test.Integration.DepthBuffers.DepthBuffersFileIntegrationTests" name="PutFile_FileCanBeUpdated" /></UnitTest><UnitTest name="Put_ValidReferencePropertyUpdatesModel" storage="d:\users\steve knipmeyer\documents\github\modelrelief\modelrelief.test\bin\debug\netcoreapp2.0\modelrelief.test.dll" id="9b2043d4-75d7-4569-9ee9-1b79775fd3dd"><Execution id="32417a4b-8581-42a5-9f16-a6a18b44a6d1" /><TestMethod codeBase="D:\Users\Steve Knipmeyer\Documents\GitHub\ModelRelief\ModelRelief.test\bin\Debug\netcoreapp2.0\ModelRelief.Test.dll" adapterTypeName="executor://xunit/VsTestRunner2/netcoreapp" className="ModelRelief.Test.Integration.Models.ModelsBaseIntegrationTests" name="Put_ValidReferencePropertyUpdatesModel" /></UnitTest><UnitTest name="Put_InvalidIdReturnsNotFound" storage="d:\users\steve knipmeyer\documents\github\modelrelief\modelrelief.test\bin\debug\netcoreapp2.0\modelrelief.test.dll" id="96e4e599-7f2d-40c1-83e8-5e863fcf2cd8"><Execution id="1d22d49c-764a-4387-bc10-98826767db0b" /><TestMethod codeBase="D:\Users\Steve Knipmeyer\Documents\GitHub\ModelRelief\ModelRelief.test\bin\Debug\netcoreapp2.0\ModelRelief.Test.dll" adapterTypeName="executor://xunit/VsTestRunner2/netcoreapp" className="ModelRelief.Test.Integration.Projects.ProjectsBaseIntegrationTests" name="Put_InvalidIdReturnsNotFound" /></UnitTest><UnitTest name="GetList_ListReturnsCorrectCount" storage="d:\users\steve knipmeyer\documents\github\modelrelief\modelrelief.test\bin\debug\netcoreapp2.0\modelrelief.test.dll" id="c973f7fe-c27d-4f94-95b2-5e2e17c0bc29"><Execution id="e33769c4-6347-4c21-b9b9-008a609ad9e9" /><TestMethod codeBase="D:\Users\Steve Knipmeyer\Documents\GitHub\ModelRelief\ModelRelief.test\bin\Debug\netcoreapp2.0\ModelRelief.Test.dll" adapterTypeName="executor://xunit/VsTestRunner2/netcoreapp" className="ModelRelief.Test.Integration.Projects.ProjectsBaseIntegrationTests" name="GetList_ListReturnsCorrectCount" /></UnitTest><UnitTest name="Model3dHasExpectedDependentFiles" storage="d:\users\steve knipmeyer\documents\github\modelrelief\modelrelief.test\bin\debug\netcoreapp2.0\modelrelief.test.dll" id="544a243c-4e43-4949-9972-b36bf44875a6"><Execution id="e79d1194-23eb-479d-9684-020936650321" /><TestMethod codeBase="D:\Users\Steve Knipmeyer\Documents\GitHub\ModelRelief\ModelRelief.test\bin\Debug\netcoreapp2.0\ModelRelief.Test.dll" adapterTypeName="executor://xunit/VsTestRunner2/netcoreapp" className="ModelRelief.Test.Unit.DependencyManager.DependencyManagerTests" name="Model3dHasExpectedDependentFiles" /></UnitTest><UnitTest name="PutFile_FileCanBeUpdated" storage="d:\users\steve knipmeyer\documents\github\modelrelief\modelrelief.test\bin\debug\netcoreapp2.0\modelrelief.test.dll" id="3ee3d9f8-238b-45d5-9b69-f764007280ed"><Execution id="6bfa5756-e48f-4560-bb4e-414c1dd1e64c" /><TestMethod codeBase="D:\Users\Steve Knipmeyer\Documents\GitHub\ModelRelief\ModelRelief.test\bin\Debug\netcoreapp2.0\ModelRelief.Test.dll" adapterTypeName="executor://xunit/VsTestRunner2/netcoreapp" className="ModelRelief.Test.Integration.Models.ModelsFileIntegrationTests" name="PutFile_FileCanBeUpdated" /></UnitTest><UnitTest name="Patch_MultipleInvalidReferencePropertiesReturnsMultipleValidationErrorsAndBadRequest" storage="d:\users\steve knipmeyer\documents\github\modelrelief\modelrelief.test\bin\debug\netcoreapp2.0\modelrelief.test.dll" id="605439cd-1d1a-4b12-8cb8-72aee847038d"><Execution id="f36237ac-1b16-4318-a536-9ab7831b168e" /><TestMethod codeBase="D:\Users\Steve Knipmeyer\Documents\GitHub\ModelRelief\ModelRelief.test\bin\Debug\netcoreapp2.0\ModelRelief.Test.dll" adapterTypeName="executor://xunit/VsTestRunner2/netcoreapp" className="ModelRelief.Test.Integration.DepthBuffers.DepthBuffersBaseIntegrationTests" name="Patch_MultipleInvalidReferencePropertiesReturnsMultipleValidationErrorsAndBadRequest" /></UnitTest><UnitTest name="Delete_TargetModelIsDeleted" storage="d:\users\steve knipmeyer\documents\github\modelrelief\modelrelief.test\bin\debug\netcoreapp2.0\modelrelief.test.dll" id="1ee54612-97b3-4820-b0f2-de96a4321c81"><Execution id="72c45fdf-c898-4058-bdf6-f0c5bfd97879" /><TestMethod codeBase="D:\Users\Steve Knipmeyer\Documents\GitHub\ModelRelief\ModelRelief.test\bin\Debug\netcoreapp2.0\ModelRelief.Test.dll" adapterTypeName="executor://xunit/VsTestRunner2/netcoreapp" className="ModelRelief.Test.Integration.Cameras.CamerasBaseIntegrationTests" name="Delete_TargetModelIsDeleted" /></UnitTest><UnitTest name="Patch_InvalidEnumPropertyValueReturnsBadRequest" storage="d:\users\steve knipmeyer\documents\github\modelrelief\modelrelief.test\bin\debug\netcoreapp2.0\modelrelief.test.dll" id="350d1913-351f-43e4-acf3-38d434779d13"><Execution id="2ac99e46-3679-4aef-b81e-e298ab318e8a" /><TestMethod codeBase="D:\Users\Steve Knipmeyer\Documents\GitHub\ModelRelief\ModelRelief.test\bin\Debug\netcoreapp2.0\ModelRelief.Test.dll" adapterTypeName="executor://xunit/VsTestRunner2/netcoreapp" className="ModelRelief.Test.Integration.DepthBuffers.DepthBuffersBaseIntegrationTests" name="Patch_InvalidEnumPropertyValueReturnsBadRequest" /></UnitTest><UnitTest name="Patch_InvalidReferencePropertyReturnsBadRequest" storage="d:\users\steve knipmeyer\documents\github\modelrelief\modelrelief.test\bin\debug\netcoreapp2.0\modelrelief.test.dll" id="a4e48b4b-8a91-43ad-a546-0f9007ea6310"><Execution id="2ab5f8d0-f09e-4061-add5-4ea041c8550e" /><TestMethod codeBase="D:\Users\Steve Knipmeyer\Documents\GitHub\ModelRelief\ModelRelief.test\bin\Debug\netcoreapp2.0\ModelRelief.Test.dll" adapterTypeName="executor://xunit/VsTestRunner2/netcoreapp" className="ModelRelief.Test.Integration.Projects.ProjectsBaseIntegrationTests" name="Patch_InvalidReferencePropertyReturnsBadRequest" /></UnitTest><UnitTest name="GetSingle_InvalidIdPropertyValueReturnsNotFound" storage="d:\users\steve knipmeyer\documents\github\modelrelief\modelrelief.test\bin\debug\netcoreapp2.0\modelrelief.test.dll" id="43087d4a-571d-4cec-993c-9d337075d08a"><Execution id="48e2ef1d-0dba-404a-a5b4-dd890b000af0" /><TestMethod codeBase="D:\Users\Steve Knipmeyer\Documents\GitHub\ModelRelief\ModelRelief.test\bin\Debug\netcoreapp2.0\ModelRelief.Test.dll" adapterTypeName="executor://xunit/VsTestRunner2/netcoreapp" className="ModelRelief.Test.Integration.Meshes.MeshesBaseIntegrationTests" name="GetSingle_InvalidIdPropertyValueReturnsNotFound" /></UnitTest><UnitTest name="Put_InvalidIdReturnsNotFound" storage="d:\users\steve knipmeyer\documents\github\modelrelief\modelrelief.test\bin\debug\netcoreapp2.0\modelrelief.test.dll" id="2a7c1f90-0809-4f36-a559-59954e0c6841"><Execution id="5d28ac07-0af8-489f-8b95-d9b111f69d1a" /><TestMethod codeBase="D:\Users\Steve Knipmeyer\Documents\GitHub\ModelRelief\ModelRelief.test\bin\Debug\netcoreapp2.0\ModelRelief.Test.dll" adapterTypeName="executor://xunit/VsTestRunner2/netcoreapp" className="ModelRelief.Test.Integration.Cameras.CamerasBaseIntegrationTests" name="Put_InvalidIdReturnsNotFound" /></UnitTest><UnitTest name="Put_InvalidReferencePropertyReturndBadRequest" storage="d:\users\steve knipmeyer\documents\github\modelrelief\modelrelief.test\bin\debug\netcoreapp2.0\modelrelief.test.dll" id="3acd1407-e85e-4c5e-a78a-9fbeafe15275"><Execution id="214f4993-4d8d-4c8d-83ed-25750600482f" /><TestMethod codeBase="D:\Users\Steve Knipmeyer\Documents\GitHub\ModelRelief\ModelRelief.test\bin\Debug\netcoreapp2.0\ModelRelief.Test.dll" adapterTypeName="executor://xunit/VsTestRunner2/netcoreapp" className="ModelRelief.Test.Integration.Models.ModelsBaseIntegrationTests" name="Put_InvalidReferencePropertyReturndBadRequest" /></UnitTest><UnitTest name="GetList_ListReturnsCorrectCount" storage="d:\users\steve knipmeyer\documents\github\modelrelief\modelrelief.test\bin\debug\netcoreapp2.0\modelrelief.test.dll" id="8f13d0a8-b6d6-48e6-ada9-b2c2c4dc8e0b"><Execution id="330f5d1a-fef6-427e-904b-f5592d174188" /><TestMethod codeBase="D:\Users\Steve Knipmeyer\Documents\GitHub\ModelRelief\ModelRelief.test\bin\Debug\netcoreapp2.0\ModelRelief.Test.dll" adapterTypeName="executor://xunit/VsTestRunner2/netcoreapp" className="ModelRelief.Test.Integration.Cameras.CamerasBaseIntegrationTests" name="GetList_ListReturnsCorrectCount" /></UnitTest><UnitTest name="Put_CanUpdateModel" storage="d:\users\steve knipmeyer\documents\github\modelrelief\modelrelief.test\bin\debug\netcoreapp2.0\modelrelief.test.dll" id="85a06888-f293-4da3-b68c-644a36abc537"><Execution id="ed5e0fa5-fa29-4912-ab41-0077a47867e6" /><TestMethod codeBase="D:\Users\Steve Knipmeyer\Documents\GitHub\ModelRelief\ModelRelief.test\bin\Debug\netcoreapp2.0\ModelRelief.Test.dll" adapterTypeName="executor://xunit/VsTestRunner2/netcoreapp" className="ModelRelief.Test.Integration.Models.ModelsBaseIntegrationTests" name="Put_CanUpdateModel" /></UnitTest><UnitTest name="Post_CanCreateNewModel" storage="d:\users\steve knipmeyer\documents\github\modelrelief\modelrelief.test\bin\debug\netcoreapp2.0\modelrelief.test.dll" id="bec82d40-64dd-4ea4-8e74-52a1490e73a6"><Execution id="0ce3f294-4166-4e99-ae2d-5c88ea54bfad" /><TestMethod codeBase="D:\Users\Steve Knipmeyer\Documents\GitHub\ModelRelief\ModelRelief.test\bin\Debug\netcoreapp2.0\ModelRelief.Test.dll" adapterTypeName="executor://xunit/VsTestRunner2/netcoreapp" className="ModelRelief.Test.Integration.Cameras.CamerasBaseIntegrationTests" name="Post_CanCreateNewModel" /></UnitTest><UnitTest name="Patch_MultipleInvalidReferencePropertiesReturnsMultipleValidationErrorsAndBadRequest" storage="d:\users\steve knipmeyer\documents\github\modelrelief\modelrelief.test\bin\debug\netcoreapp2.0\modelrelief.test.dll" id="769c0c02-9e25-402e-800e-685a8642d3ca"><Execution id="64ecf187-37fd-4535-a263-097008c40cb4" /><TestMethod codeBase="D:\Users\Steve Knipmeyer\Documents\GitHub\ModelRelief\ModelRelief.test\bin\Debug\netcoreapp2.0\ModelRelief.Test.dll" adapterTypeName="executor://xunit/VsTestRunner2/netcoreapp" className="ModelRelief.Test.Integration.Projects.ProjectsBaseIntegrationTests" name="Patch_MultipleInvalidReferencePropertiesReturnsMultipleValidationErrorsAndBadRequest" /></UnitTest><UnitTest name="Patch_InvalidEnumPropertyValueReturnsBadRequest" storage="d:\users\steve knipmeyer\documents\github\modelrelief\modelrelief.test\bin\debug\netcoreapp2.0\modelrelief.test.dll" id="348ea3a0-6439-4812-9edf-e9d196682633"><Execution id="0d4ac771-d3ce-438f-87c4-1215c64a28f8" /><TestMethod codeBase="D:\Users\Steve Knipmeyer\Documents\GitHub\ModelRelief\ModelRelief.test\bin\Debug\netcoreapp2.0\ModelRelief.Test.dll" adapterTypeName="executor://xunit/VsTestRunner2/netcoreapp" className="ModelRelief.Test.Integration.Models.ModelsBaseIntegrationTests" name="Patch_InvalidEnumPropertyValueReturnsBadRequest" /></UnitTest><UnitTest name="Post_ValidReferencePropertyCreatesModel" storage="d:\users\steve knipmeyer\documents\github\modelrelief\modelrelief.test\bin\debug\netcoreapp2.0\modelrelief.test.dll" id="2d481e40-39e0-46e9-bb9f-e3eee7a1ba72"><Execution id="e88515bc-5c86-4c9f-83d6-d805b032da65" /><TestMethod codeBase="D:\Users\Steve Knipmeyer\Documents\GitHub\ModelRelief\ModelRelief.test\bin\Debug\netcoreapp2.0\ModelRelief.Test.dll" adapterTypeName="executor://xunit/VsTestRunner2/netcoreapp" className="ModelRelief.Test.Integration.Meshes.MeshesBaseIntegrationTests" name="Post_ValidReferencePropertyCreatesModel" /></UnitTest><UnitTest name="Post_InvalidPropertyValueReturnsBadRequest" storage="d:\users\steve knipmeyer\documents\github\modelrelief\modelrelief.test\bin\debug\netcoreapp2.0\modelrelief.test.dll" id="c20fffdd-0d6d-43d5-b246-5a5e522ca4ad"><Execution id="321acc99-ed93-4daa-9d26-39b25d1ab308" /><TestMethod codeBase="D:\Users\Steve Knipmeyer\Documents\GitHub\ModelRelief\ModelRelief.test\bin\Debug\netcoreapp2.0\ModelRelief.Test.dll" adapterTypeName="executor://xunit/VsTestRunner2/netcoreapp" className="ModelRelief.Test.Integration.MeshTransforms.MeshTransformsBaseIntegrationTests" name="Post_InvalidPropertyValueReturnsBadRequest" /></UnitTest><UnitTest name="FileRequest_FileCanBeReadAfterRename" storage="d:\users\steve knipmeyer\documents\github\modelrelief\modelrelief.test\bin\debug\netcoreapp2.0\modelrelief.test.dll" id="2e1b0040-983b-4c62-b809-b2c75e03b8b2"><Execution id="857b5984-c98a-4c78-ab84-37ee4d38fe94" /><TestMethod codeBase="D:\Users\Steve Knipmeyer\Documents\GitHub\ModelRelief\ModelRelief.test\bin\Debug\netcoreapp2.0\ModelRelief.Test.dll" adapterTypeName="executor://xunit/VsTestRunner2/netcoreapp" className="ModelRelief.Test.Integration.Meshes.MeshesFileIntegrationTests" name="FileRequest_FileCanBeReadAfterRename" /></UnitTest><UnitTest name="Put_InvalidReferencePropertyReturndBadRequest" storage="d:\users\steve knipmeyer\documents\github\modelrelief\modelrelief.test\bin\debug\netcoreapp2.0\modelrelief.test.dll" id="caf33bae-3767-46b7-b586-638d364fd8a9"><Execution id="ee0fa87e-81e3-40e0-b65e-4155bc516534" /><TestMethod codeBase="D:\Users\Steve Knipmeyer\Documents\GitHub\ModelRelief\ModelRelief.test\bin\Debug\netcoreapp2.0\ModelRelief.Test.dll" adapterTypeName="executor://xunit/VsTestRunner2/netcoreapp" className="ModelRelief.Test.Integration.Meshes.MeshesBaseIntegrationTests" name="Put_InvalidReferencePropertyReturndBadRequest" /></UnitTest><UnitTest name="Patch_ValidReferencePropertyUpdatesModel" storage="d:\users\steve knipmeyer\documents\github\modelrelief\modelrelief.test\bin\debug\netcoreapp2.0\modelrelief.test.dll" id="b8cf082c-4047-42c5-810b-3358d66c12d4"><Execution id="b18869ab-b329-4722-8429-4e68dc819d01" /><TestMethod codeBase="D:\Users\Steve Knipmeyer\Documents\GitHub\ModelRelief\ModelRelief.test\bin\Debug\netcoreapp2.0\ModelRelief.Test.dll" adapterTypeName="executor://xunit/VsTestRunner2/netcoreapp" className="ModelRelief.Test.Integration.Meshes.MeshesBaseIntegrationTests" name="Patch_ValidReferencePropertyUpdatesModel" /></UnitTest><UnitTest name="Patch_InvalidPropertyNameReturnsBadRequest" storage="d:\users\steve knipmeyer\documents\github\modelrelief\modelrelief.test\bin\debug\netcoreapp2.0\modelrelief.test.dll" id="7f6af23c-fd1e-44da-a86a-42a484b6a5ca"><Execution id="66b6c417-9a62-4c95-904a-b814cd0475ab" /><TestMethod codeBase="D:\Users\Steve Knipmeyer\Documents\GitHub\ModelRelief\ModelRelief.test\bin\Debug\netcoreapp2.0\ModelRelief.Test.dll" adapterTypeName="executor://xunit/VsTestRunner2/netcoreapp" className="ModelRelief.Test.Integration.DepthBuffers.DepthBuffersBaseIntegrationTests" name="Patch_InvalidPropertyNameReturnsBadRequest" /></UnitTest><UnitTest name="Post_ValidReferencePropertyCreatesModel" storage="d:\users\steve knipmeyer\documents\github\modelrelief\modelrelief.test\bin\debug\netcoreapp2.0\modelrelief.test.dll" id="57cb46ab-d71f-48c1-b26e-6789e52d6470"><Execution id="4723218d-f341-4619-8fd9-5241ddf471b9" /><TestMethod codeBase="D:\Users\Steve Knipmeyer\Documents\GitHub\ModelRelief\ModelRelief.test\bin\Debug\netcoreapp2.0\ModelRelief.Test.dll" adapterTypeName="executor://xunit/VsTestRunner2/netcoreapp" className="ModelRelief.Test.Integration.Projects.ProjectsBaseIntegrationTests" name="Post_ValidReferencePropertyCreatesModel" /></UnitTest><UnitTest name="GetFile_FileCanBeRoundTripped" storage="d:\users\steve knipmeyer\documents\github\modelrelief\modelrelief.test\bin\debug\netcoreapp2.0\modelrelief.test.dll" id="df7ab6ea-8ef9-47de-984c-f96bfbd3f729"><Execution id="9108960f-ad63-4cd1-9c8d-30950e0beeaf" /><TestMethod codeBase="D:\Users\Steve Knipmeyer\Documents\GitHub\ModelRelief\ModelRelief.test\bin\Debug\netcoreapp2.0\ModelRelief.Test.dll" adapterTypeName="executor://xunit/VsTestRunner2/netcoreapp" className="ModelRelief.Test.Integration.Meshes.MeshesFileIntegrationTests" name="GetFile_FileCanBeRoundTripped" /></UnitTest><UnitTest name="Patch_TargetPropertyIsUpdated" storage="d:\users\steve knipmeyer\documents\github\modelrelief\modelrelief.test\bin\debug\netcoreapp2.0\modelrelief.test.dll" id="ac554b3d-f275-475c-8970-47f37e22faad"><Execution id="884dc93c-9caf-44c4-adaa-38c1fddc033a" /><TestMethod codeBase="D:\Users\Steve Knipmeyer\Documents\GitHub\ModelRelief\ModelRelief.test\bin\Debug\netcoreapp2.0\ModelRelief.Test.dll" adapterTypeName="executor://xunit/VsTestRunner2/netcoreapp" className="ModelRelief.Test.Integration.Models.ModelsBaseIntegrationTests" name="Patch_TargetPropertyIsUpdated" /></UnitTest><UnitTest name="GetSingle_InvalidIdPropertyValueReturnsNotFound" storage="d:\users\steve knipmeyer\documents\github\modelrelief\modelrelief.test\bin\debug\netcoreapp2.0\modelrelief.test.dll" id="5af18cac-c976-4553-9a67-682e3e0a4628"><Execution id="ed72a98f-f53f-406c-992d-e2b9c9e98286" /><TestMethod codeBase="D:\Users\Steve Knipmeyer\Documents\GitHub\ModelRelief\ModelRelief.test\bin\Debug\netcoreapp2.0\ModelRelief.Test.dll" adapterTypeName="executor://xunit/VsTestRunner2/netcoreapp" className="ModelRelief.Test.Integration.Cameras.CamerasBaseIntegrationTests" name="GetSingle_InvalidIdPropertyValueReturnsNotFound" /></UnitTest><UnitTest name="Patch_ValidReferencePropertyUpdatesModel" storage="d:\users\steve knipmeyer\documents\github\modelrelief\modelrelief.test\bin\debug\netcoreapp2.0\modelrelief.test.dll" id="e5ea11f9-3ac5-4ab9-956d-88e726cf2017"><Execution id="ad867fe4-182b-46e2-b55f-e298d1e79164" /><TestMethod codeBase="D:\Users\Steve Knipmeyer\Documents\GitHub\ModelRelief\ModelRelief.test\bin\Debug\netcoreapp2.0\ModelRelief.Test.dll" adapterTypeName="executor://xunit/VsTestRunner2/netcoreapp" className="ModelRelief.Test.Integration.Projects.ProjectsBaseIntegrationTests" name="Patch_ValidReferencePropertyUpdatesModel" /></UnitTest><UnitTest name="Patch_InvalidEnumPropertyValueReturnsBadRequest" storage="d:\users\steve knipmeyer\documents\github\modelrelief\modelrelief.test\bin\debug\netcoreapp2.0\modelrelief.test.dll" id="0840e605-47ff-4805-9dd0-c360ee267daf"><Execution id="20cc212f-b24d-48d2-b835-1cd016edfc52" /><TestMethod codeBase="D:\Users\Steve Knipmeyer\Documents\GitHub\ModelRelief\ModelRelief.test\bin\Debug\netcoreapp2.0\ModelRelief.Test.dll" adapterTypeName="executor://xunit/VsTestRunner2/netcoreapp" className="ModelRelief.Test.Integration.Projects.ProjectsBaseIntegrationTests" name="Patch_InvalidEnumPropertyValueReturnsBadRequest" /></UnitTest><UnitTest name="GetFile_NonExistentFileReturnsNotFound" storage="d:\users\steve knipmeyer\documents\github\modelrelief\modelrelief.test\bin\debug\netcoreapp2.0\modelrelief.test.dll" id="837bde77-3f89-4f94-87fd-667316087419"><Execution id="aa2e0df2-da37-4302-98b5-fbc3b2e42723" /><TestMethod codeBase="D:\Users\Steve Knipmeyer\Documents\GitHub\ModelRelief\ModelRelief.test\bin\Debug\netcoreapp2.0\ModelRelief.Test.dll" adapterTypeName="executor://xunit/VsTestRunner2/netcoreapp" className="ModelRelief.Test.Integration.Models.ModelsFileIntegrationTests" name="GetFile_NonExistentFileReturnsNotFound" /></UnitTest><UnitTest name="Patch_MultipleInvalidReferencePropertiesReturnsMultipleValidationErrorsAndBadRequest" storage="d:\users\steve knipmeyer\documents\github\modelrelief\modelrelief.test\bin\debug\netcoreapp2.0\modelrelief.test.dll" id="72bf1b75-2b13-4291-9e39-a2942185b8fe"><Execution id="e3586bdc-3312-4d8e-8aa5-acc0381e855b" /><TestMethod codeBase="D:\Users\Steve Knipmeyer\Documents\GitHub\ModelRelief\ModelRelief.test\bin\Debug\netcoreapp2.0\ModelRelief.Test.dll" adapterTypeName="executor://xunit/VsTestRunner2/netcoreapp" className="ModelRelief.Test.Integration.Cameras.CamerasBaseIntegrationTests" name="Patch_MultipleInvalidReferencePropertiesReturnsMultipleValidationErrorsAndBadRequest" /></UnitTest><UnitTest name="Put_ValidReferencePropertyUpdatesModel" storage="d:\users\steve knipmeyer\documents\github\modelrelief\modelrelief.test\bin\debug\netcoreapp2.0\modelrelief.test.dll" id="318967e0-cf2c-47c4-815b-2e83e3f05bc8"><Execution id="1e6cd0b5-3331-435b-b62d-154bdb9ce5a7" /><TestMethod codeBase="D:\Users\Steve Knipmeyer\Documents\GitHub\ModelRelief\ModelRelief.test\bin\Debug\netcoreapp2.0\ModelRelief.Test.dll" adapterTypeName="executor://xunit/VsTestRunner2/netcoreapp" className="ModelRelief.Test.Integration.Projects.ProjectsBaseIntegrationTests" name="Put_ValidReferencePropertyUpdatesModel" /></UnitTest><UnitTest name="PostFile_FileTimeStampIsUpdatedAfterFileIsPosted" storage="d:\users\steve knipmeyer\documents\github\modelrelief\modelrelief.test\bin\debug\netcoreapp2.0\modelrelief.test.dll" id="3fae778a-1d36-497d-b0a7-2019ef395c80"><Execution id="35d33e0e-215e-4c66-9514-27052e3a42cf" /><TestMethod codeBase="D:\Users\Steve Knipmeyer\Documents\GitHub\ModelRelief\ModelRelief.test\bin\Debug\netcoreapp2.0\ModelRelief.Test.dll" adapterTypeName="executor://xunit/VsTestRunner2/netcoreapp" className="ModelRelief.Test.Integration.Meshes.MeshesFileIntegrationTests" name="PostFile_FileTimeStampIsUpdatedAfterFileIsPosted" /></UnitTest><UnitTest name="Post_InvalidPropertyValueReturnsBadRequest" storage="d:\users\steve knipmeyer\documents\github\modelrelief\modelrelief.test\bin\debug\netcoreapp2.0\modelrelief.test.dll" id="d3171d72-154f-455b-89f3-af99b8fc2188"><Execution id="6095fd7e-8737-4b73-a7c5-57a186499ffc" /><TestMethod codeBase="D:\Users\Steve Knipmeyer\Documents\GitHub\ModelRelief\ModelRelief.test\bin\Debug\netcoreapp2.0\ModelRelief.Test.dll" adapterTypeName="executor://xunit/VsTestRunner2/netcoreapp" className="ModelRelief.Test.Integration.Projects.ProjectsBaseIntegrationTests" name="Post_InvalidPropertyValueReturnsBadRequest" /></UnitTest><UnitTest name="Patch_InvalidIdPropertyReturnsNotFound" storage="d:\users\steve knipmeyer\documents\github\modelrelief\modelrelief.test\bin\debug\netcoreapp2.0\modelrelief.test.dll" id="45d73383-786c-4e9e-8175-1977c7b2bfad"><Execution id="f8d2232d-1fcc-4196-a95e-f7a87a5946ab" /><TestMethod codeBase="D:\Users\Steve Knipmeyer\Documents\GitHub\ModelRelief\ModelRelief.test\bin\Debug\netcoreapp2.0\ModelRelief.Test.dll" adapterTypeName="executor://xunit/VsTestRunner2/netcoreapp" className="ModelRelief.Test.Integration.Models.ModelsBaseIntegrationTests" name="Patch_InvalidIdPropertyReturnsNotFound" /></UnitTest><UnitTest name="Patch_TargetPropertyIsUpdated" storage="d:\users\steve knipmeyer\documents\github\modelrelief\modelrelief.test\bin\debug\netcoreapp2.0\modelrelief.test.dll" id="a039217d-4d03-4443-b213-01662892716b"><Execution id="81b8b196-6efe-414d-a97f-fedec7b860b8" /><TestMethod codeBase="D:\Users\Steve Knipmeyer\Documents\GitHub\ModelRelief\ModelRelief.test\bin\Debug\netcoreapp2.0\ModelRelief.Test.dll" adapterTypeName="executor://xunit/VsTestRunner2/netcoreapp" className="ModelRelief.Test.Integration.Cameras.CamerasBaseIntegrationTests" name="Patch_TargetPropertyIsUpdated" /></UnitTest><UnitTest name="Patch_InvalidPropertyNameReturnsBadRequest" storage="d:\users\steve knipmeyer\documents\github\modelrelief\modelrelief.test\bin\debug\netcoreapp2.0\modelrelief.test.dll" id="5f2eb283-531a-476f-be6c-dbc0477c4135"><Execution id="5ed24640-e0b4-45f9-b988-7c87b07862b8" /><TestMethod codeBase="D:\Users\Steve Knipmeyer\Documents\GitHub\ModelRelief\ModelRelief.test\bin\Debug\netcoreapp2.0\ModelRelief.Test.dll" adapterTypeName="executor://xunit/VsTestRunner2/netcoreapp" className="ModelRelief.Test.Integration.Cameras.CamerasBaseIntegrationTests" name="Patch_InvalidPropertyNameReturnsBadRequest" /></UnitTest><UnitTest name="Patch_InvalidIdPropertyReturnsNotFound" storage="d:\users\steve knipmeyer\documents\github\modelrelief\modelrelief.test\bin\debug\netcoreapp2.0\modelrelief.test.dll" id="f910ffe5-b502-4395-b1fb-cfd80a2a2c0a"><Execution id="7adf1452-bf0f-4ef8-860c-880417ba2ee0" /><TestMethod codeBase="D:\Users\Steve Knipmeyer\Documents\GitHub\ModelRelief\ModelRelief.test\bin\Debug\netcoreapp2.0\ModelRelief.Test.dll" adapterTypeName="executor://xunit/VsTestRunner2/netcoreapp" className="ModelRelief.Test.Integration.Projects.ProjectsBaseIntegrationTests" name="Patch_InvalidIdPropertyReturnsNotFound" /></UnitTest><UnitTest name="GetSingle_ValidIdPropertyValueReturnsCorrectModel" storage="d:\users\steve knipmeyer\documents\github\modelrelief\modelrelief.test\bin\debug\netcoreapp2.0\modelrelief.test.dll" id="586a3204-50f8-48be-9402-0281217cddd4"><Execution id="5bca1145-aae2-4b49-9cc5-17c568cc82a9" /><TestMethod codeBase="D:\Users\Steve Knipmeyer\Documents\GitHub\ModelRelief\ModelRelief.test\bin\Debug\netcoreapp2.0\ModelRelief.Test.dll" adapterTypeName="executor://xunit/VsTestRunner2/netcoreapp" className="ModelRelief.Test.Integration.Meshes.MeshesBaseIntegrationTests" name="GetSingle_ValidIdPropertyValueReturnsCorrectModel" /></UnitTest><UnitTest name="Put_InvalidReferencePropertyReturndBadRequest" storage="d:\users\steve knipmeyer\documents\github\modelrelief\modelrelief.test\bin\debug\netcoreapp2.0\modelrelief.test.dll" id="352b9e1c-dc6c-4e4b-afb6-7a930ebffb17"><Execution id="c42ba756-2172-4491-a469-8dc50f04c1b2" /><TestMethod codeBase="D:\Users\Steve Knipmeyer\Documents\GitHub\ModelRelief\ModelRelief.test\bin\Debug\netcoreapp2.0\ModelRelief.Test.dll" adapterTypeName="executor://xunit/VsTestRunner2/netcoreapp" className="ModelRelief.Test.Integration.MeshTransforms.MeshTransformsBaseIntegrationTests" name="Put_InvalidReferencePropertyReturndBadRequest" /></UnitTest><UnitTest name="GetFile_NonExistentFileReturnsNotFound" storage="d:\users\steve knipmeyer\documents\github\modelrelief\modelrelief.test\bin\debug\netcoreapp2.0\modelrelief.test.dll" id="a6ebf21c-0d86-45ff-a0b0-9369e565493a"><Execution id="20c6ed15-d23f-4628-9858-78da78440e88" /><TestMethod codeBase="D:\Users\Steve Knipmeyer\Documents\GitHub\ModelRelief\ModelRelief.test\bin\Debug\netcoreapp2.0\ModelRelief.Test.dll" adapterTypeName="executor://xunit/VsTestRunner2/netcoreapp" className="ModelRelief.Test.Integration.Meshes.MeshesFileIntegrationTests" name="GetFile_NonExistentFileReturnsNotFound" /></UnitTest><UnitTest name="Post_ValidReferencePropertyCreatesModel" storage="d:\users\steve knipmeyer\documents\github\modelrelief\modelrelief.test\bin\debug\netcoreapp2.0\modelrelief.test.dll" id="1fb32ee0-90db-4d27-b0bd-b924752458f3"><Execution id="b0a9bcf6-ec0d-4630-af0d-335bf226adb4" /><TestMethod codeBase="D:\Users\Steve Knipmeyer\Documents\GitHub\ModelRelief\ModelRelief.test\bin\Debug\netcoreapp2.0\ModelRelief.Test.dll" adapterTypeName="executor://xunit/VsTestRunner2/netcoreapp" className="ModelRelief.Test.Integration.DepthBuffers.DepthBuffersBaseIntegrationTests" name="Post_ValidReferencePropertyCreatesModel" /></UnitTest><UnitTest name="Patch_ValidReferencePropertyUpdatesModel" storage="d:\users\steve knipmeyer\documents\github\modelrelief\modelrelief.test\bin\debug\netcoreapp2.0\modelrelief.test.dll" id="e6ae17cd-24b7-4dc9-9e3a-53ee81c1ae8c"><Execution id="46b3e339-726f-44e5-902a-c6de0d9c3c57" /><TestMethod codeBase="D:\Users\Steve Knipmeyer\Documents\GitHub\ModelRelief\ModelRelief.test\bin\Debug\netcoreapp2.0\ModelRelief.Test.dll" adapterTypeName="executor://xunit/VsTestRunner2/netcoreapp" className="ModelRelief.Test.Integration.Cameras.CamerasBaseIntegrationTests" name="Patch_ValidReferencePropertyUpdatesModel" /></UnitTest><UnitTest name="Patch_InvalidEnumPropertyValueReturnsBadRequest" storage="d:\users\steve knipmeyer\documents\github\modelrelief\modelrelief.test\bin\debug\netcoreapp2.0\modelrelief.test.dll" id="3002d568-dab3-47bb-a639-ce7bb3d0e561"><Execution id="f94bc040-a70e-4a95-be55-4c6e438e7d6d" /><TestMethod codeBase="D:\Users\Steve Knipmeyer\Documents\GitHub\ModelRelief\ModelRelief.test\bin\Debug\netcoreapp2.0\ModelRelief.Test.dll" adapterTypeName="executor://xunit/VsTestRunner2/netcoreapp" className="ModelRelief.Test.Integration.MeshTransforms.MeshTransformsBaseIntegrationTests" name="Patch_InvalidEnumPropertyValueReturnsBadRequest" /></UnitTest><UnitTest name="FileRequest_DepthBufferIsInvalidatedAfterCameraDependencyPropertyChange" storage="d:\users\steve knipmeyer\documents\github\modelrelief\modelrelief.test\bin\debug\netcoreapp2.0\modelrelief.test.dll" id="6676e247-c440-4f9f-be07-5e73aa574bc0"><Execution id="66c59051-37c1-4243-92ca-93d4c250b885" /><TestMethod codeBase="D:\Users\Steve Knipmeyer\Documents\GitHub\ModelRelief\ModelRelief.test\bin\Debug\netcoreapp2.0\ModelRelief.Test.dll" adapterTypeName="executor://xunit/VsTestRunner2/netcoreapp" className="ModelRelief.Test.Integration.DepthBuffers.DepthBuffersFileIntegrationTests" name="FileRequest_DepthBufferIsInvalidatedAfterCameraDependencyPropertyChange" /></UnitTest><UnitTest name="Delete_TargetModelIsDeleted" storage="d:\users\steve knipmeyer\documents\github\modelrelief\modelrelief.test\bin\debug\netcoreapp2.0\modelrelief.test.dll" id="92670c10-814c-4fd6-ad1d-5e11451a4de1"><Execution id="65bbccf4-9c75-4d1b-bcf4-9f3b12758157" /><TestMethod codeBase="D:\Users\Steve Knipmeyer\Documents\GitHub\ModelRelief\ModelRelief.test\bin\Debug\netcoreapp2.0\ModelRelief.Test.dll" adapterTypeName="executor://xunit/VsTestRunner2/netcoreapp" className="ModelRelief.Test.Integration.Models.ModelsBaseIntegrationTests" name="Delete_TargetModelIsDeleted" /></UnitTest><UnitTest name="Post_InvalidPropertyValueReturnsBadRequest" storage="d:\users\steve knipmeyer\documents\github\modelrelief\modelrelief.test\bin\debug\netcoreapp2.0\modelrelief.test.dll" id="30079250-c7cf-4c1a-b931-d458cb7ee2c1"><Execution id="50a75591-9f5f-435d-a2fd-ebd602cd0795" /><TestMethod codeBase="D:\Users\Steve Knipmeyer\Documents\GitHub\ModelRelief\ModelRelief.test\bin\Debug\netcoreapp2.0\ModelRelief.Test.dll" adapterTypeName="executor://xunit/VsTestRunner2/netcoreapp" className="ModelRelief.Test.Integration.DepthBuffers.DepthBuffersBaseIntegrationTests" name="Post_InvalidPropertyValueReturnsBadRequest" /></UnitTest><UnitTest name="GetSingle_ValidIdPropertyValueReturnsCorrectModel" storage="d:\users\steve knipmeyer\documents\github\modelrelief\modelrelief.test\bin\debug\netcoreapp2.0\modelrelief.test.dll" id="4d46eae6-d900-433b-8266-3f785c0063bb"><Execution id="40f8c797-56f6-48df-8ee0-64c7546ff474" /><TestMethod codeBase="D:\Users\Steve Knipmeyer\Documents\GitHub\ModelRelief\ModelRelief.test\bin\Debug\netcoreapp2.0\ModelRelief.Test.dll" adapterTypeName="executor://xunit/VsTestRunner2/netcoreapp" className="ModelRelief.Test.Integration.DepthBuffers.DepthBuffersBaseIntegrationTests" name="GetSingle_ValidIdPropertyValueReturnsCorrectModel" /></UnitTest><UnitTest name="GetFile_FileCanBeRoundTripped" storage="d:\users\steve knipmeyer\documents\github\modelrelief\modelrelief.test\bin\debug\netcoreapp2.0\modelrelief.test.dll" id="81493466-af78-4b41-8bc2-9927b1e7c50f"><Execution id="e93a5709-447e-4de8-b9af-edfb816f0590" /><TestMethod codeBase="D:\Users\Steve Knipmeyer\Documents\GitHub\ModelRelief\ModelRelief.test\bin\Debug\netcoreapp2.0\ModelRelief.Test.dll" adapterTypeName="executor://xunit/VsTestRunner2/netcoreapp" className="ModelRelief.Test.Integration.DepthBuffers.DepthBuffersFileIntegrationTests" name="GetFile_FileCanBeRoundTripped" /></UnitTest><UnitTest name="Put_InvalidReferencePropertyReturndBadRequest" storage="d:\users\steve knipmeyer\documents\github\modelrelief\modelrelief.test\bin\debug\netcoreapp2.0\modelrelief.test.dll" id="d2806d14-b02f-419e-9c0e-8719e4d683d8"><Execution id="a9c41615-bac4-4197-a82e-fb0919f8c571" /><TestMethod codeBase="D:\Users\Steve Knipmeyer\Documents\GitHub\ModelRelief\ModelRelief.test\bin\Debug\netcoreapp2.0\ModelRelief.Test.dll" adapterTypeName="executor://xunit/VsTestRunner2/netcoreapp" className="ModelRelief.Test.Integration.Cameras.CamerasBaseIntegrationTests" name="Put_InvalidReferencePropertyReturndBadRequest" /></UnitTest><UnitTest name="Patch_InvalidIdPropertyReturnsNotFound" storage="d:\users\steve knipmeyer\documents\github\modelrelief\modelrelief.test\bin\debug\netcoreapp2.0\modelrelief.test.dll" id="a1d1c286-d475-4173-aa5a-9f64185501b1"><Execution id="b9501867-ec99-4ab5-ab5e-eafaa0d6c88b" /><TestMethod codeBase="D:\Users\Steve Knipmeyer\Documents\GitHub\ModelRelief\ModelRelief.test\bin\Debug\netcoreapp2.0\ModelRelief.Test.dll" adapterTypeName="executor://xunit/VsTestRunner2/netcoreapp" className="ModelRelief.Test.Integration.Cameras.CamerasBaseIntegrationTests" name="Patch_InvalidIdPropertyReturnsNotFound" /></UnitTest><UnitTest name="Post_InvalidReferencePropertyReturnsBadRequest" storage="d:\users\steve knipmeyer\documents\github\modelrelief\modelrelief.test\bin\debug\netcoreapp2.0\modelrelief.test.dll" id="d490f622-8a72-4015-b40d-93d0db1d7992"><Execution id="90879a80-25d7-43ed-a70a-2a467626bac2" /><TestMethod codeBase="D:\Users\Steve Knipmeyer\Documents\GitHub\ModelRelief\ModelRelief.test\bin\Debug\netcoreapp2.0\ModelRelief.Test.dll" adapterTypeName="executor://xunit/VsTestRunner2/netcoreapp" className="ModelRelief.Test.Integration.MeshTransforms.MeshTransformsBaseIntegrationTests" name="Post_InvalidReferencePropertyReturnsBadRequest" /></UnitTest><UnitTest name="GetFile_ExistingFileReturnsSuccess" storage="d:\users\steve knipmeyer\documents\github\modelrelief\modelrelief.test\bin\debug\netcoreapp2.0\modelrelief.test.dll" id="eafc290d-c886-48c1-b8b4-53aec7a25787"><Execution id="847e6417-6562-45f9-b32e-c8ea99c9f481" /><TestMethod codeBase="D:\Users\Steve Knipmeyer\Documents\GitHub\ModelRelief\ModelRelief.test\bin\Debug\netcoreapp2.0\ModelRelief.Test.dll" adapterTypeName="executor://xunit/VsTestRunner2/netcoreapp" className="ModelRelief.Test.Integration.Meshes.MeshesFileIntegrationTests" name="GetFile_ExistingFileReturnsSuccess" /></UnitTest><UnitTest name="GetSingle_InvalidIdPropertyValueReturnsNotFound" storage="d:\users\steve knipmeyer\documents\github\modelrelief\modelrelief.test\bin\debug\netcoreapp2.0\modelrelief.test.dll" id="7afe9081-36c9-4fd6-bcfa-60a2c2c2e28c"><Execution id="127f8bd6-820d-4d6e-8eb4-d740a777df96" /><TestMethod codeBase="D:\Users\Steve Knipmeyer\Documents\GitHub\ModelRelief\ModelRelief.test\bin\Debug\netcoreapp2.0\ModelRelief.Test.dll" adapterTypeName="executor://xunit/VsTestRunner2/netcoreapp" className="ModelRelief.Test.Integration.MeshTransforms.MeshTransformsBaseIntegrationTests" name="GetSingle_InvalidIdPropertyValueReturnsNotFound" /></UnitTest><UnitTest name="Patch_MultipleInvalidReferencePropertiesReturnsMultipleValidationErrorsAndBadRequest" storage="d:\users\steve knipmeyer\documents\github\modelrelief\modelrelief.test\bin\debug\netcoreapp2.0\modelrelief.test.dll" id="205b7838-8bcf-4152-86eb-2eb06b56df1f"><Execution id="72348679-a93c-482a-ba91-89fbc96bc0c4" /><TestMethod codeBase="D:\Users\Steve Knipmeyer\Documents\GitHub\ModelRelief\ModelRelief.test\bin\Debug\netcoreapp2.0\ModelRelief.Test.dll" adapterTypeName="executor://xunit/VsTestRunner2/netcoreapp" className="ModelRelief.Test.Integration.Meshes.MeshesBaseIntegrationTests" name="Patch_MultipleInvalidReferencePropertiesReturnsMultipleValidationErrorsAndBadRequest" /></UnitTest><UnitTest name="Post_InvalidReferencePropertyReturnsBadRequest" storage="d:\users\steve knipmeyer\documents\github\modelrelief\modelrelief.test\bin\debug\netcoreapp2.0\modelrelief.test.dll" id="e396c65d-ba15-4241-89e2-428588a21e0d"><Execution id="2045fdf7-bd8a-420b-99be-35c9669c95a5" /><TestMethod codeBase="D:\Users\Steve Knipmeyer\Documents\GitHub\ModelRelief\ModelRelief.test\bin\Debug\netcoreapp2.0\ModelRelief.Test.dll" adapterTypeName="executor://xunit/VsTestRunner2/netcoreapp" className="ModelRelief.Test.Integration.Projects.ProjectsBaseIntegrationTests" name="Post_InvalidReferencePropertyReturnsBadRequest" /></UnitTest><UnitTest name="Patch_ValidReferencePropertyUpdatesModel" storage="d:\users\steve knipmeyer\documents\github\modelrelief\modelrelief.test\bin\debug\netcoreapp2.0\modelrelief.test.dll" id="9752f23f-28c3-437d-bf11-577e5b1a8c9e"><Execution id="04cec32d-6434-4bce-afc9-80395b4e8836" /><TestMethod codeBase="D:\Users\Steve Knipmeyer\Documents\GitHub\ModelRelief\ModelRelief.test\bin\Debug\netcoreapp2.0\ModelRelief.Test.dll" adapterTypeName="executor://xunit/VsTestRunner2/netcoreapp" className="ModelRelief.Test.Integration.MeshTransforms.MeshTransformsBaseIntegrationTests" name="Patch_ValidReferencePropertyUpdatesModel" /></UnitTest><UnitTest name="Put_ValidReferencePropertyUpdatesModel" storage="d:\users\steve knipmeyer\documents\github\modelrelief\modelrelief.test\bin\debug\netcoreapp2.0\modelrelief.test.dll" id="1bc0aa9b-dfeb-4af4-988e-5ea79d5b4f48"><Execution id="82430d06-e2a3-4689-a701-fdb4b4b9e422" /><TestMethod codeBase="D:\Users\Steve Knipmeyer\Documents\GitHub\ModelRelief\ModelRelief.test\bin\Debug\netcoreapp2.0\ModelRelief.Test.dll" adapterTypeName="executor://xunit/VsTestRunner2/netcoreapp" className="ModelRelief.Test.Integration.DepthBuffers.DepthBuffersBaseIntegrationTests" name="Put_ValidReferencePropertyUpdatesModel" /></UnitTest><UnitTest name="Post_CanCreateNewModel" storage="d:\users\steve knipmeyer\documents\github\modelrelief\modelrelief.test\bin\debug\netcoreapp2.0\modelrelief.test.dll" id="40a91aea-b4bd-43ee-b9f6-3c88b712b28e"><Execution id="191db555-0aa4-425e-a7b2-f23437de5ce2" /><TestMethod codeBase="D:\Users\Steve Knipmeyer\Documents\GitHub\ModelRelief\ModelRelief.test\bin\Debug\netcoreapp2.0\ModelRelief.Test.dll" adapterTypeName="executor://xunit/VsTestRunner2/netcoreapp" className="ModelRelief.Test.Integration.Meshes.MeshesBaseIntegrationTests" name="Post_CanCreateNewModel" /></UnitTest><UnitTest name="Patch_InvalidEnumPropertyValueReturnsBadRequest" storage="d:\users\steve knipmeyer\documents\github\modelrelief\modelrelief.test\bin\debug\netcoreapp2.0\modelrelief.test.dll" id="4967f2f6-a7c2-4f64-bb48-08a8bb4c24aa"><Execution id="2fa5811f-0ba1-4289-9026-1a5f36ca613c" /><TestMethod codeBase="D:\Users\Steve Knipmeyer\Documents\GitHub\ModelRelief\ModelRelief.test\bin\Debug\netcoreapp2.0\ModelRelief.Test.dll" adapterTypeName="executor://xunit/VsTestRunner2/netcoreapp" className="ModelRelief.Test.Integration.Meshes.MeshesBaseIntegrationTests" name="Patch_InvalidEnumPropertyValueReturnsBadRequest" /></UnitTest><UnitTest name="Patch_InvalidPropertyNameReturnsBadRequest" storage="d:\users\steve knipmeyer\documents\github\modelrelief\modelrelief.test\bin\debug\netcoreapp2.0\modelrelief.test.dll" id="19ec95d6-7824-4f94-84ed-acf736837183"><Execution id="9eeda7c7-c405-4dd0-9ba7-1ce6cd41f2db" /><TestMethod codeBase="D:\Users\Steve Knipmeyer\Documents\GitHub\ModelRelief\ModelRelief.test\bin\Debug\netcoreapp2.0\ModelRelief.Test.dll" adapterTypeName="executor://xunit/VsTestRunner2/netcoreapp" className="ModelRelief.Test.Integration.Models.ModelsBaseIntegrationTests" name="Patch_InvalidPropertyNameReturnsBadRequest" /></UnitTest><UnitTest name="GetList_ListReturnsCorrectCount" storage="d:\users\steve knipmeyer\documents\github\modelrelief\modelrelief.test\bin\debug\netcoreapp2.0\modelrelief.test.dll" id="86de9750-424f-4844-849a-f3758313aea1"><Execution id="e396a479-5c84-4ca5-a627-d02c3ca272a8" /><TestMethod codeBase="D:\Users\Steve Knipmeyer\Documents\GitHub\ModelRelief\ModelRelief.test\bin\Debug\netcoreapp2.0\ModelRelief.Test.dll" adapterTypeName="executor://xunit/VsTestRunner2/netcoreapp" className="ModelRelief.Test.Integration.DepthBuffers.DepthBuffersBaseIntegrationTests" name="GetList_ListReturnsCorrectCount" /></UnitTest></TestDefinitions><TestEntries><TestEntry testId="6147d65c-e999-43c1-af22-ed64249a8948" executionId="3d207166-de66-44d7-bcd2-222d67500d24" testListId="8c84fa94-04c1-424b-9868-57a2d4851a1d" /><TestEntry testId="7557b44b-1bca-46a2-8318-b8e8dc6513f7" executionId="fbae2729-8389-4df8-9ff0-73a6759f1b3f" testListId="8c84fa94-04c1-424b-9868-57a2d4851a1d" /><TestEntry testId="34059006-2be3-4064-8949-1d7e7a91d08e" executionId="f0ca20ba-147c-435a-95d8-638a84ca3862" testListId="8c84fa94-04c1-424b-9868-57a2d4851a1d" /><TestEntry testId="114b8740-977d-4cce-aff9-c3c0423cda1f" executionId="002b3ccd-0b8e-43dd-b65e-985fc860b3f9" testListId="8c84fa94-04c1-424b-9868-57a2d4851a1d" /><TestEntry testId="e6ae17cd-24b7-4dc9-9e3a-53ee81c1ae8c" executionId="46b3e339-726f-44e5-902a-c6de0d9c3c57" testListId="8c84fa94-04c1-424b-9868-57a2d4851a1d" /><TestEntry testId="c42adb62-fcb6-4d87-bf4d-8c2a955e3dd9" executionId="2c8a2cd7-684e-4693-a7b1-78510394b438" testListId="8c84fa94-04c1-424b-9868-57a2d4851a1d" /><TestEntry testId="2cf4b273-0f40-4d2c-abb0-2de7dfda9a8f" executionId="597e760a-a7ff-459d-a7bb-ecc4f994a92e" testListId="8c84fa94-04c1-424b-9868-57a2d4851a1d" /><TestEntry testId="40a91aea-b4bd-43ee-b9f6-3c88b712b28e" executionId="191db555-0aa4-425e-a7b2-f23437de5ce2" testListId="8c84fa94-04c1-424b-9868-57a2d4851a1d" /><TestEntry testId="769c0c02-9e25-402e-800e-685a8642d3ca" executionId="64ecf187-37fd-4535-a263-097008c40cb4" testListId="8c84fa94-04c1-424b-9868-57a2d4851a1d" /><TestEntry testId="6642e01d-dabc-4ff4-bf39-87ced4bb2e2d" executionId="b12b326b-4202-4ffc-bb18-1fd0d7d5314c" testListId="8c84fa94-04c1-424b-9868-57a2d4851a1d" /><TestEntry testId="c4e3e0e9-a709-48b2-9893-16f719a32a88" executionId="6a4550dd-3f86-44ec-b7d6-36a0cd8863ef" testListId="8c84fa94-04c1-424b-9868-57a2d4851a1d" /><TestEntry testId="85a06888-f293-4da3-b68c-644a36abc537" executionId="ed5e0fa5-fa29-4912-ab41-0077a47867e6" testListId="8c84fa94-04c1-424b-9868-57a2d4851a1d" /><TestEntry testId="6f61be2e-6faa-495c-90b0-23e35352e978" executionId="65457692-70a2-4568-b086-6bd43d80debf" testListId="8c84fa94-04c1-424b-9868-57a2d4851a1d" /><TestEntry testId="c0179c50-b308-4520-8329-f48c49b7c0bb" executionId="7cf38f6f-b8ad-4148-ac9e-9fe72632808e" testListId="8c84fa94-04c1-424b-9868-57a2d4851a1d" /><TestEntry testId="9b2043d4-75d7-4569-9ee9-1b79775fd3dd" executionId="32417a4b-8581-42a5-9f16-a6a18b44a6d1" testListId="8c84fa94-04c1-424b-9868-57a2d4851a1d" /><TestEntry testId="5e3829a1-fa63-409a-9c94-cf35fadf5e82" executionId="372f0d54-5ebc-4ed0-b5f5-381887c69390" testListId="8c84fa94-04c1-424b-9868-57a2d4851a1d" /><TestEntry testId="f837abcf-d290-4f9a-976a-61cc3e6585a6" executionId="6febc60a-442f-46f8-860c-6493f31c587d" testListId="8c84fa94-04c1-424b-9868-57a2d4851a1d" /><TestEntry testId="f3f5ff0e-d304-4b4d-b3c2-c87c355b0e80" executionId="81c3d5a7-3f1c-4160-b1d0-af8733ff56af" testListId="8c84fa94-04c1-424b-9868-57a2d4851a1d" /><TestEntry testId="6ada9031-f3d5-46da-8921-3b81ea44c56e" executionId="27fbe9ff-cdb6-4dab-9b08-46cb0029f2cf" testListId="8c84fa94-04c1-424b-9868-57a2d4851a1d" /><TestEntry testId="bef9fe16-19f1-47cc-885b-c59e9e772e7f" executionId="e0cea272-3311-48eb-be35-ca091a9e3a19" testListId="8c84fa94-04c1-424b-9868-57a2d4851a1d" /><TestEntry testId="586a3204-50f8-48be-9402-0281217cddd4" executionId="5bca1145-aae2-4b49-9cc5-17c568cc82a9" testListId="8c84fa94-04c1-424b-9868-57a2d4851a1d" /><TestEntry testId="2e1b0040-983b-4c62-b809-b2c75e03b8b2" executionId="857b5984-c98a-4c78-ab84-37ee4d38fe94" testListId="8c84fa94-04c1-424b-9868-57a2d4851a1d" /><TestEntry testId="fd3c26e9-1e44-48ed-9ef1-376dce9accb7" executionId="801a3f31-c311-4faa-af28-a50a4307dc4d" testListId="8c84fa94-04c1-424b-9868-57a2d4851a1d" /><TestEntry testId="7dbee3ce-31ea-44ce-bd80-2dc45ebf6395" executionId="d877b64b-4b23-4f49-be2a-53938469c9a2" testListId="8c84fa94-04c1-424b-9868-57a2d4851a1d" /><TestEntry testId="7386dc71-77c8-4e63-adfe-403317459631" executionId="12a1f453-38fc-4996-bd77-5ae00e2ec4cf" testListId="8c84fa94-04c1-424b-9868-57a2d4851a1d" /><TestEntry testId="3bf77a23-ac3a-45eb-8869-33d0b14bf188" executionId="622b9f40-09f8-487d-89fd-59d7eadab91a" testListId="8c84fa94-04c1-424b-9868-57a2d4851a1d" /><TestEntry testId="dbac4dd0-0ccd-4203-8648-f32e923b4d43" executionId="451a7e55-9742-495b-bb47-00d51d7d86ec" testListId="8c84fa94-04c1-424b-9868-57a2d4851a1d" /><TestEntry testId="96e4e599-7f2d-40c1-83e8-5e863fcf2cd8" executionId="1d22d49c-764a-4387-bc10-98826767db0b" testListId="8c84fa94-04c1-424b-9868-57a2d4851a1d" /><TestEntry testId="a039217d-4d03-4443-b213-01662892716b" executionId="81b8b196-6efe-414d-a97f-fedec7b860b8" testListId="8c84fa94-04c1-424b-9868-57a2d4851a1d" /><TestEntry testId="cec6d9ec-bbc2-4d08-8636-c2894198faf4" executionId="47cb4c55-d5ad-46a7-8053-8af9ae52fa9c" testListId="8c84fa94-04c1-424b-9868-57a2d4851a1d" /><TestEntry testId="86de9750-424f-4844-849a-f3758313aea1" executionId="e396a479-5c84-4ca5-a627-d02c3ca272a8" testListId="8c84fa94-04c1-424b-9868-57a2d4851a1d" /><TestEntry testId="5f2eb283-531a-476f-be6c-dbc0477c4135" executionId="5ed24640-e0b4-45f9-b988-7c87b07862b8" testListId="8c84fa94-04c1-424b-9868-57a2d4851a1d" /><TestEntry testId="d3cfd877-46f6-4a62-925a-1c792082f71e" executionId="bfc2b434-02c5-48fd-a430-cee6ce1cef44" testListId="8c84fa94-04c1-424b-9868-57a2d4851a1d" /><TestEntry testId="d3171d72-154f-455b-89f3-af99b8fc2188" executionId="6095fd7e-8737-4b73-a7c5-57a186499ffc" testListId="8c84fa94-04c1-424b-9868-57a2d4851a1d" /><TestEntry testId="7945b553-d068-41ba-9880-6ca8e956b4ce" executionId="30ba8eed-835f-4e34-9535-58fdc0828d79" testListId="8c84fa94-04c1-424b-9868-57a2d4851a1d" /><TestEntry testId="837bde77-3f89-4f94-87fd-667316087419" executionId="aa2e0df2-da37-4302-98b5-fbc3b2e42723" testListId="8c84fa94-04c1-424b-9868-57a2d4851a1d" /><TestEntry testId="92670c10-814c-4fd6-ad1d-5e11451a4de1" executionId="65bbccf4-9c75-4d1b-bcf4-9f3b12758157" testListId="8c84fa94-04c1-424b-9868-57a2d4851a1d" /><TestEntry testId="a4e48b4b-8a91-43ad-a546-0f9007ea6310" executionId="2ab5f8d0-f09e-4061-add5-4ea041c8550e" testListId="8c84fa94-04c1-424b-9868-57a2d4851a1d" /><TestEntry testId="0c20b1a0-9eae-465b-b3b0-f2ffaaf7639b" executionId="6cff8f8a-8bc6-49eb-b2fb-7c95c947b67c" testListId="8c84fa94-04c1-424b-9868-57a2d4851a1d" /><TestEntry testId="ceb789e8-3f00-4d99-a1f0-5d53cc12d2cd" executionId="679ee8fd-4173-4e19-bdd6-b15c5311be99" testListId="8c84fa94-04c1-424b-9868-57a2d4851a1d" /><TestEntry testId="2d481e40-39e0-46e9-bb9f-e3eee7a1ba72" executionId="e88515bc-5c86-4c9f-83d6-d805b032da65" testListId="8c84fa94-04c1-424b-9868-57a2d4851a1d" /><TestEntry testId="8db2823e-7857-4f1a-89f3-b715eddf20aa" executionId="02c41e54-cf74-4d9e-b8f6-19c559474599" testListId="8c84fa94-04c1-424b-9868-57a2d4851a1d" /><TestEntry testId="79657633-8296-418a-8a08-adf98eee4788" executionId="fc7b0f14-4a3b-4971-a68d-3ad59cb9081d" testListId="8c84fa94-04c1-424b-9868-57a2d4851a1d" /><TestEntry testId="d490f622-8a72-4015-b40d-93d0db1d7992" executionId="90879a80-25d7-43ed-a70a-2a467626bac2" testListId="8c84fa94-04c1-424b-9868-57a2d4851a1d" /><TestEntry testId="92225c50-9edd-46ad-8fd5-99adf259af16" executionId="080c3894-3f02-4100-a5ed-135971469b27" testListId="8c84fa94-04c1-424b-9868-57a2d4851a1d" /><TestEntry testId="114f75ee-18ab-447a-8d59-77318f03189e" executionId="fccfda59-338d-461a-b756-bb2a0c8b0a64" testListId="8c84fa94-04c1-424b-9868-57a2d4851a1d" /><TestEntry testId="318967e0-cf2c-47c4-815b-2e83e3f05bc8" executionId="1e6cd0b5-3331-435b-b62d-154bdb9ce5a7" testListId="8c84fa94-04c1-424b-9868-57a2d4851a1d" /><TestEntry testId="1fb32ee0-90db-4d27-b0bd-b924752458f3" executionId="b0a9bcf6-ec0d-4630-af0d-335bf226adb4" testListId="8c84fa94-04c1-424b-9868-57a2d4851a1d" /><TestEntry testId="33c47d1f-c2da-4dae-b9a0-847973008c9f" executionId="7a846aa1-f57a-4d3d-8f63-0405b40d70eb" testListId="8c84fa94-04c1-424b-9868-57a2d4851a1d" /><TestEntry testId="1ee54612-97b3-4820-b0f2-de96a4321c81" executionId="72c45fdf-c898-4058-bdf6-f0c5bfd97879" testListId="8c84fa94-04c1-424b-9868-57a2d4851a1d" /><TestEntry testId="72bf1b75-2b13-4291-9e39-a2942185b8fe" executionId="e3586bdc-3312-4d8e-8aa5-acc0381e855b" testListId="8c84fa94-04c1-424b-9868-57a2d4851a1d" /><TestEntry testId="43ce3c90-3c31-43a1-af03-1ceab7278d51" executionId="661b39e6-bbe5-4505-9a73-580400b2f18b" testListId="8c84fa94-04c1-424b-9868-57a2d4851a1d" /><TestEntry testId="6676e247-c440-4f9f-be07-5e73aa574bc0" executionId="66c59051-37c1-4243-92ca-93d4c250b885" testListId="8c84fa94-04c1-424b-9868-57a2d4851a1d" /><TestEntry testId="5c41069c-6bb1-4890-844f-92988dfc1309" executionId="b06434cb-8886-4009-a9a9-ebc89df4ecd1" testListId="8c84fa94-04c1-424b-9868-57a2d4851a1d" /><TestEntry testId="952c3930-d81e-43b5-9409-01b8f4dbae1a" executionId="7ecbdd8c-a146-4cd4-b12c-111ee5a7ef63" testListId="8c84fa94-04c1-424b-9868-57a2d4851a1d" /><TestEntry testId="06172b46-762c-49b7-924a-4eefb8cbea27" executionId="f6ddec02-76c1-4742-8532-65ae4e0924c3" testListId="8c84fa94-04c1-424b-9868-57a2d4851a1d" /><TestEntry testId="8aaf4488-5b6c-4a34-829e-bb97bb8118c2" executionId="015c3251-4cba-4066-acdc-d66d64a22cbf" testListId="8c84fa94-04c1-424b-9868-57a2d4851a1d" /><TestEntry testId="6bdcc547-0966-4937-a50a-fff2bab4bdbe" executionId="94baed45-2742-4f5a-9b3b-00df455451c6" testListId="8c84fa94-04c1-424b-9868-57a2d4851a1d" /><TestEntry testId="4b4ab71c-973f-4d36-b63f-300943357b8e" executionId="64f3b8af-3dd9-4f4c-ad39-abbe1cc0e8be" testListId="8c84fa94-04c1-424b-9868-57a2d4851a1d" /><TestEntry testId="948c8abc-3131-43c7-890b-964e3b8c7947" executionId="5b2298bf-33d4-4a68-b124-c792f718eb2c" testListId="8c84fa94-04c1-424b-9868-57a2d4851a1d" /><TestEntry testId="7f6af23c-fd1e-44da-a86a-42a484b6a5ca" executionId="66b6c417-9a62-4c95-904a-b814cd0475ab" testListId="8c84fa94-04c1-424b-9868-57a2d4851a1d" /><TestEntry testId="3fae778a-1d36-497d-b0a7-2019ef395c80" executionId="35d33e0e-215e-4c66-9514-27052e3a42cf" testListId="8c84fa94-04c1-424b-9868-57a2d4851a1d" /><TestEntry testId="5af18cac-c976-4553-9a67-682e3e0a4628" executionId="ed72a98f-f53f-406c-992d-e2b9c9e98286" testListId="8c84fa94-04c1-424b-9868-57a2d4851a1d" /><TestEntry testId="c351eeb8-49b6-4144-a650-9b195b9492c7" executionId="4b5ecb31-6864-498e-862c-c16f64b35e8c" testListId="8c84fa94-04c1-424b-9868-57a2d4851a1d" /><TestEntry testId="544a243c-4e43-4949-9972-b36bf44875a6" executionId="e79d1194-23eb-479d-9684-020936650321" testListId="8c84fa94-04c1-424b-9868-57a2d4851a1d" /><TestEntry testId="b8cf082c-4047-42c5-810b-3358d66c12d4" executionId="b18869ab-b329-4722-8429-4e68dc819d01" testListId="8c84fa94-04c1-424b-9868-57a2d4851a1d" /><TestEntry testId="eafc290d-c886-48c1-b8b4-53aec7a25787" executionId="847e6417-6562-45f9-b32e-c8ea99c9f481" testListId="8c84fa94-04c1-424b-9868-57a2d4851a1d" /><TestEntry testId="97fc8c42-495e-46da-9294-151cc6fd7a0d" executionId="1ea1951f-781d-4d03-8198-a319325f0552" testListId="8c84fa94-04c1-424b-9868-57a2d4851a1d" /><TestEntry testId="df7ab6ea-8ef9-47de-984c-f96bfbd3f729" executionId="9108960f-ad63-4cd1-9c8d-30950e0beeaf" testListId="8c84fa94-04c1-424b-9868-57a2d4851a1d" /><TestEntry testId="af4640ce-75ec-4aeb-8cf6-35214b8ab4ea" executionId="dab38438-cf48-4b26-95b8-d6b0e581294a" testListId="8c84fa94-04c1-424b-9868-57a2d4851a1d" /><TestEntry testId="5eeb81b4-8ca2-4449-8b5c-e046d1f696ba" executionId="9e0813b1-3e00-4e27-8d6b-2e5a8faa4914" testListId="8c84fa94-04c1-424b-9868-57a2d4851a1d" /><TestEntry testId="e5ea11f9-3ac5-4ab9-956d-88e726cf2017" executionId="ad867fe4-182b-46e2-b55f-e298d1e79164" testListId="8c84fa94-04c1-424b-9868-57a2d4851a1d" /><TestEntry testId="f733209c-1690-4f19-8da1-5b00e8ce7296" executionId="57c5b395-6a8e-41cb-94dd-028f95ffbd2f" testListId="8c84fa94-04c1-424b-9868-57a2d4851a1d" /><TestEntry testId="c20fffdd-0d6d-43d5-b246-5a5e522ca4ad" executionId="321acc99-ed93-4daa-9d26-39b25d1ab308" testListId="8c84fa94-04c1-424b-9868-57a2d4851a1d" /><TestEntry testId="31fbca46-f807-483e-8eb0-499aa36cc1ec" executionId="ba0e9c36-789a-48c2-8e43-29d25c28ff78" testListId="8c84fa94-04c1-424b-9868-57a2d4851a1d" /><TestEntry testId="43087d4a-571d-4cec-993c-9d337075d08a" executionId="48e2ef1d-0dba-404a-a5b4-dd890b000af0" testListId="8c84fa94-04c1-424b-9868-57a2d4851a1d" /><TestEntry testId="e477f738-564a-4f1b-bbad-3cf4e3cbec0c" executionId="d4a59420-9c89-4107-a6d7-6f74f3ba7f63" testListId="8c84fa94-04c1-424b-9868-57a2d4851a1d" /><TestEntry testId="bec82d40-64dd-4ea4-8e74-52a1490e73a6" executionId="0ce3f294-4166-4e99-ae2d-5c88ea54bfad" testListId="8c84fa94-04c1-424b-9868-57a2d4851a1d" /><TestEntry testId="8728c4e9-ce84-4c74-8cdf-1114bf112c9c" executionId="87668bb0-5dcb-433b-8f5f-9e65218e022b" testListId="8c84fa94-04c1-424b-9868-57a2d4851a1d" /><TestEntry testId="b45c2f12-33fa-488f-9268-2ebe994a7ddb" executionId="5b379951-a7ec-44a5-8517-a9533d2266d9" testListId="8c84fa94-04c1-424b-9868-57a2d4851a1d" /><TestEntry testId="41c0bc24-ebb4-4b82-ac46-f51d62a71897" executionId="ff78fa42-544a-450d-90e2-732f0b59e238" testListId="8c84fa94-04c1-424b-9868-57a2d4851a1d" /><TestEntry testId="4d46eae6-d900-433b-8266-3f785c0063bb" executionId="40f8c797-56f6-48df-8ee0-64c7546ff474" testListId="8c84fa94-04c1-424b-9868-57a2d4851a1d" /><TestEntry testId="e07fce34-21e9-4b1e-8421-baaca0695886" executionId="ea9138da-4fb7-4a66-80b6-95bb9c13171c" testListId="8c84fa94-04c1-424b-9868-57a2d4851a1d" /><TestEntry testId="b8258456-b016-43c9-a05b-8582ac4752f8" executionId="e2bfa553-03dd-4500-a6b9-2e771c3ce0bc" testListId="8c84fa94-04c1-424b-9868-57a2d4851a1d" /><TestEntry testId="e396c65d-ba15-4241-89e2-428588a21e0d" executionId="2045fdf7-bd8a-420b-99be-35c9669c95a5" testListId="8c84fa94-04c1-424b-9868-57a2d4851a1d" /><TestEntry testId="1a3fc517-fdcf-4a1f-8822-b80ea5625ee9" executionId="371f5671-7fe5-44fd-aab5-9f476ae2da02" testListId="8c84fa94-04c1-424b-9868-57a2d4851a1d" /><TestEntry testId="2e40a0e3-66ed-45ab-abd8-65c5dedc705e" executionId="e91b0b49-2845-43e5-90b8-6aadb094b918" testListId="8c84fa94-04c1-424b-9868-57a2d4851a1d" /><TestEntry testId="fdd2bc56-9295-440b-b6f5-60ec9b20d28c" executionId="890163fa-db59-4cd2-90eb-023a59238f5d" testListId="8c84fa94-04c1-424b-9868-57a2d4851a1d" /><TestEntry testId="4d0e8298-43d3-403a-9f38-71e884c2cde7" executionId="9c0243e0-4711-4809-984f-091b1c09ec0c" testListId="8c84fa94-04c1-424b-9868-57a2d4851a1d" /><TestEntry testId="30079250-c7cf-4c1a-b931-d458cb7ee2c1" executionId="50a75591-9f5f-435d-a2fd-ebd602cd0795" testListId="8c84fa94-04c1-424b-9868-57a2d4851a1d" /><TestEntry testId="3002d568-dab3-47bb-a639-ce7bb3d0e561" executionId="f94bc040-a70e-4a95-be55-4c6e438e7d6d" testListId="8c84fa94-04c1-424b-9868-57a2d4851a1d" /><TestEntry testId="ce989b6a-8c88-431b-99a7-8d6c04f516bf" executionId="d2d7435c-a60c-449e-85a6-97e2e0112aa2" testListId="8c84fa94-04c1-424b-9868-57a2d4851a1d" /><TestEntry testId="9752f23f-28c3-437d-bf11-577e5b1a8c9e" executionId="04cec32d-6434-4bce-afc9-80395b4e8836" testListId="8c84fa94-04c1-424b-9868-57a2d4851a1d" /><TestEntry testId="346aef3c-db69-4930-8aac-877c74c2890f" executionId="72c14495-b81c-4f6b-8247-d80b69b7e2e0" testListId="8c84fa94-04c1-424b-9868-57a2d4851a1d" /><TestEntry testId="57cb46ab-d71f-48c1-b26e-6789e52d6470" executionId="4723218d-f341-4619-8fd9-5241ddf471b9" testListId="8c84fa94-04c1-424b-9868-57a2d4851a1d" /><TestEntry testId="8cb2dcb8-d628-4d36-a350-58be30c897fb" executionId="ba8f68bf-e3e7-468c-b354-630a1513950e" testListId="8c84fa94-04c1-424b-9868-57a2d4851a1d" /><TestEntry testId="07ce124e-bc55-4df6-b720-fcc6fe8b2101" executionId="3e774f9a-68b9-46cd-a585-50bfdad95e95" testListId="8c84fa94-04c1-424b-9868-57a2d4851a1d" /><TestEntry testId="e81c3813-4e5b-4af3-ba77-211ea84ddc86" executionId="c83ef601-9518-417f-8f6b-97b2f8193a29" testListId="8c84fa94-04c1-424b-9868-57a2d4851a1d" /><TestEntry testId="81493466-af78-4b41-8bc2-9927b1e7c50f" executionId="e93a5709-447e-4de8-b9af-edfb816f0590" testListId="8c84fa94-04c1-424b-9868-57a2d4851a1d" /><TestEntry testId="9d5e51cc-7bb0-4a49-945f-e25d837365b5" executionId="d01995b4-fefc-478d-a1c0-903c2eb5d947" testListId="8c84fa94-04c1-424b-9868-57a2d4851a1d" /><TestEntry testId="ec58d238-0351-40f9-9479-a0c8e5c3fd0a" executionId="b91c3534-78bc-4182-af55-f44728201657" testListId="8c84fa94-04c1-424b-9868-57a2d4851a1d" /><TestEntry testId="19ec95d6-7824-4f94-84ed-acf736837183" executionId="9eeda7c7-c405-4dd0-9ba7-1ce6cd41f2db" testListId="8c84fa94-04c1-424b-9868-57a2d4851a1d" /><TestEntry testId="6b81a0a8-434d-4a9a-9c24-024a213c66e9" executionId="1fd8cb79-1f98-4eb9-ba65-8622432346fd" testListId="8c84fa94-04c1-424b-9868-57a2d4851a1d" /><TestEntry testId="352b9e1c-dc6c-4e4b-afb6-7a930ebffb17" executionId="c42ba756-2172-4491-a469-8dc50f04c1b2" testListId="8c84fa94-04c1-424b-9868-57a2d4851a1d" /><TestEntry testId="77f1c208-ce17-49f5-a452-2d12506695f4" executionId="ee58f269-be3a-4daf-aff2-e9eaa9478738" testListId="8c84fa94-04c1-424b-9868-57a2d4851a1d" /><TestEntry testId="2a7c1f90-0809-4f36-a559-59954e0c6841" executionId="5d28ac07-0af8-489f-8b95-d9b111f69d1a" testListId="8c84fa94-04c1-424b-9868-57a2d4851a1d" /><TestEntry testId="d959753b-c743-4925-8fc8-afcf00b027f7" executionId="74d3f397-3970-4766-aafa-2049b9cafd69" testListId="8c84fa94-04c1-424b-9868-57a2d4851a1d" /><TestEntry testId="180fdb78-3d8d-4e72-b920-83edc36db188" executionId="f2d19f2c-bfc9-44c9-9d6d-a8c6dbfb6074" testListId="8c84fa94-04c1-424b-9868-57a2d4851a1d" /><TestEntry testId="1bc0aa9b-dfeb-4af4-988e-5ea79d5b4f48" executionId="82430d06-e2a3-4689-a701-fdb4b4b9e422" testListId="8c84fa94-04c1-424b-9868-57a2d4851a1d" /><TestEntry testId="205b7838-8bcf-4152-86eb-2eb06b56df1f" executionId="72348679-a93c-482a-ba91-89fbc96bc0c4" testListId="8c84fa94-04c1-424b-9868-57a2d4851a1d" /><TestEntry testId="3ee3d9f8-238b-45d5-9b69-f764007280ed" executionId="6bfa5756-e48f-4560-bb4e-414c1dd1e64c" testListId="8c84fa94-04c1-424b-9868-57a2d4851a1d" /><TestEntry testId="f910ffe5-b502-4395-b1fb-cfd80a2a2c0a" executionId="7adf1452-bf0f-4ef8-860c-880417ba2ee0" testListId="8c84fa94-04c1-424b-9868-57a2d4851a1d" /><TestEntry testId="4967f2f6-a7c2-4f64-bb48-08a8bb4c24aa" executionId="2fa5811f-0ba1-4289-9026-1a5f36ca613c" testListId="8c84fa94-04c1-424b-9868-57a2d4851a1d" /><TestEntry testId="95f297e5-aea5-48c3-b8e4-cef698bc9162" executionId="0f7a424b-c4fe-4ad3-a8e0-626314f8d9e6" testListId="8c84fa94-04c1-424b-9868-57a2d4851a1d" /><TestEntry testId="c973f7fe-c27d-4f94-95b2-5e2e17c0bc29" executionId="e33769c4-6347-4c21-b9b9-008a609ad9e9" testListId="8c84fa94-04c1-424b-9868-57a2d4851a1d" /><TestEntry testId="a6ebf21c-0d86-45ff-a0b0-9369e565493a" executionId="20c6ed15-d23f-4628-9858-78da78440e88" testListId="8c84fa94-04c1-424b-9868-57a2d4851a1d" /><TestEntry testId="e700f1dd-cc70-4890-a16c-8f188ee7826a" executionId="d8abce42-06a0-4e72-b6f9-f2020df6f476" testListId="8c84fa94-04c1-424b-9868-57a2d4851a1d" /><TestEntry testId="610e59ce-d925-4f11-9677-a0d1ab2d5b24" executionId="924eee55-dc77-458e-a1d4-47ca010bb89b" testListId="8c84fa94-04c1-424b-9868-57a2d4851a1d" /><TestEntry testId="d8e8b510-b79c-4f7f-887f-37b5ae2a0c5e" executionId="4d80ed9f-9fdb-4f6f-ac3d-61ce599ed7cb" testListId="8c84fa94-04c1-424b-9868-57a2d4851a1d" /><TestEntry testId="33c81fc0-0fb9-4feb-a7b8-fb51467ff54d" executionId="3a079ba5-d1ad-4202-950b-9c1612886cc7" testListId="8c84fa94-04c1-424b-9868-57a2d4851a1d" /><TestEntry testId="914cbfa4-4548-4a83-bbc3-4280cf4c0eb8" executionId="1d4fe370-123c-46ff-99c8-c9ba78bb46f4" testListId="8c84fa94-04c1-424b-9868-57a2d4851a1d" /><TestEntry testId="8f13d0a8-b6d6-48e6-ada9-b2c2c4dc8e0b" executionId="330f5d1a-fef6-427e-904b-f5592d174188" testListId="8c84fa94-04c1-424b-9868-57a2d4851a1d" /><TestEntry testId="0840e605-47ff-4805-9dd0-c360ee267daf" executionId="20cc212f-b24d-48d2-b835-1cd016edfc52" testListId="8c84fa94-04c1-424b-9868-57a2d4851a1d" /><TestEntry testId="e707af57-6704-4e8d-9d68-59ceeae66b3a" executionId="50f6118d-2efc-4e39-95a1-032a7228873f" testListId="8c84fa94-04c1-424b-9868-57a2d4851a1d" /><TestEntry testId="2ca442cd-e5d9-46ea-8369-c545ed7e0bf0" executionId="07b31553-c60e-4654-b477-fc76d39189eb" testListId="8c84fa94-04c1-424b-9868-57a2d4851a1d" /><TestEntry testId="5cdf149b-4084-48b5-bd09-5040563b00ef" executionId="214d1411-ac02-4491-975b-9cd025760222" testListId="8c84fa94-04c1-424b-9868-57a2d4851a1d" /><TestEntry testId="45d73383-786c-4e9e-8175-1977c7b2bfad" executionId="f8d2232d-1fcc-4196-a95e-f7a87a5946ab" testListId="8c84fa94-04c1-424b-9868-57a2d4851a1d" /><TestEntry testId="5feb712b-52e3-4855-8f17-d6a440929174" executionId="937dd65e-01ab-47f1-a0db-1d1084f099e3" testListId="8c84fa94-04c1-424b-9868-57a2d4851a1d" /><TestEntry testId="3acd1407-e85e-4c5e-a78a-9fbeafe15275" executionId="214f4993-4d8d-4c8d-83ed-25750600482f" testListId="8c84fa94-04c1-424b-9868-57a2d4851a1d" /><TestEntry testId="252ddf7d-5993-4853-b54c-40c0191cc68c" executionId="11726409-ac84-4d62-a67d-e1c8e3553993" testListId="8c84fa94-04c1-424b-9868-57a2d4851a1d" /><TestEntry testId="caf33bae-3767-46b7-b586-638d364fd8a9" executionId="ee0fa87e-81e3-40e0-b65e-4155bc516534" testListId="8c84fa94-04c1-424b-9868-57a2d4851a1d" /><TestEntry testId="7afe9081-36c9-4fd6-bcfa-60a2c2c2e28c" executionId="127f8bd6-820d-4d6e-8eb4-d740a777df96" testListId="8c84fa94-04c1-424b-9868-57a2d4851a1d" /><TestEntry testId="350d1913-351f-43e4-acf3-38d434779d13" executionId="2ac99e46-3679-4aef-b81e-e298ab318e8a" testListId="8c84fa94-04c1-424b-9868-57a2d4851a1d" /><TestEntry testId="232abf73-1078-47c3-b426-312553cad282" executionId="87002dbd-1d26-4b9c-ab66-de90ccac61d7" testListId="8c84fa94-04c1-424b-9868-57a2d4851a1d" /><TestEntry testId="ac554b3d-f275-475c-8970-47f37e22faad" executionId="884dc93c-9caf-44c4-adaa-38c1fddc033a" testListId="8c84fa94-04c1-424b-9868-57a2d4851a1d" /><TestEntry testId="f0c1253e-9d12-46e5-ba71-d82b6d24180a" executionId="e1611ddb-ffa5-47fd-8085-d82005dcfc1d" testListId="8c84fa94-04c1-424b-9868-57a2d4851a1d" /><TestEntry testId="d2806d14-b02f-419e-9c0e-8719e4d683d8" executionId="a9c41615-bac4-4197-a82e-fb0919f8c571" testListId="8c84fa94-04c1-424b-9868-57a2d4851a1d" /><TestEntry testId="a753106b-e8eb-4a1f-98c8-dda335a0da61" executionId="f4f87519-dbfb-457a-aa9d-0c3497025dc2" testListId="8c84fa94-04c1-424b-9868-57a2d4851a1d" /><TestEntry testId="348ea3a0-6439-4812-9edf-e9d196682633" executionId="0d4ac771-d3ce-438f-87c4-1215c64a28f8" testListId="8c84fa94-04c1-424b-9868-57a2d4851a1d" /><TestEntry testId="39a40b95-e6a1-4418-83d4-776745b1932d" executionId="b4191da8-e7e4-44be-85b9-7a2ecbcedc85" testListId="8c84fa94-04c1-424b-9868-57a2d4851a1d" /><TestEntry testId="a1d1c286-d475-4173-aa5a-9f64185501b1" executionId="b9501867-ec99-4ab5-ab5e-eafaa0d6c88b" testListId="8c84fa94-04c1-424b-9868-57a2d4851a1d" /><TestEntry testId="605439cd-1d1a-4b12-8cb8-72aee847038d" executionId="f36237ac-1b16-4318-a536-9ab7831b168e" testListId="8c84fa94-04c1-424b-9868-57a2d4851a1d" /><TestEntry testId="29498c62-0138-42ac-8979-3bf4f4b16b9a" executionId="090c4b45-2782-4b5b-be7a-edb8b4e196d1" testListId="8c84fa94-04c1-424b-9868-57a2d4851a1d" /><TestEntry testId="df802e25-05f0-47cc-8ba6-4ad4d24ff807" executionId="875a4375-5cbc-4f08-bf05-c8ad2295fe5f" testListId="8c84fa94-04c1-424b-9868-57a2d4851a1d" /><TestEntry testId="0d177ba2-f303-4d8d-968e-be05e74b3c22" executionId="d3dd3010-f15e-4422-8f01-89ea00699b77" testListId="8c84fa94-04c1-424b-9868-57a2d4851a1d" /><TestEntry testId="6d05943a-fa63-4430-a565-d102ee0671dc" executionId="d17722a4-fd3e-4c6c-b1bd-765c9d57ce57" testListId="8c84fa94-04c1-424b-9868-57a2d4851a1d" /><TestEntry testId="7f8f9105-776a-46f4-904f-b02025cd4da6" executionId="c8766ac8-7355-46b2-8b57-d023a82d5f84" testListId="8c84fa94-04c1-424b-9868-57a2d4851a1d" /><TestEntry testId="c3177bb0-a8fe-4f92-859e-9f710c7eadfc" executionId="4cd29ebc-77ff-4ecc-8fc3-696ab362a8ec" testListId="8c84fa94-04c1-424b-9868-57a2d4851a1d" /><TestEntry testId="7cb379e6-077a-4702-8bba-c2ebeb02a5f5" executionId="ac80ac79-9d0b-4edb-91ac-a2e9201c2942" testListId="8c84fa94-04c1-424b-9868-57a2d4851a1d" /><TestEntry testId="bfc17ea8-13db-42c5-948c-8b75d944ec4e" executionId="d5aa37ec-5444-4cfb-9e0c-298e24a18af7" testListId="8c84fa94-04c1-424b-9868-57a2d4851a1d" /><TestEntry testId="794a4609-412d-438a-a012-159281dc45d7" executionId="a145dbb6-f9a3-4839-9a02-e256b4aa3bb8" testListId="8c84fa94-04c1-424b-9868-57a2d4851a1d" /><TestEntry testId="3be24c2f-6e8f-4948-986f-767f53621c47" executionId="8c32c468-96ce-4358-9937-bdfc2ed27152" testListId="8c84fa94-04c1-424b-9868-57a2d4851a1d" /></TestEntries><TestLists><TestList name="Results Not in a List" id="8c84fa94-04c1-424b-9868-57a2d4851a1d" /><TestList name="All Loaded Results" id="19431567-8539-422a-85d7-44ee4e166bda" /></TestLists><ResultSummary outcome="Completed"><Counters total="152" executed="152" passed="152" failed="0" error="0" timeout="0" aborted="0" inconclusive="0" passedButRunAborted="0" notRunnable="0" notExecuted="0" disconnected="0" warning="0" completed="0" inProgress="0" pending="0" /><Output><StdOut>[xUnit.net 00:00:01.0845522]   Discovering: ModelRelief.Test[xUnit.net 00:00:01.1916143]   Discovered:  ModelRelief.Test[xUnit.net 00:00:01.1971125]   Starting:    ModelRelief.Test[xUnit.net 00:00:37.3829404]   Finished:    ModelRelief.Test</StdOut></Output></ResultSummary></TestRun>