<?xml version="1.0" encoding="utf-8"?><TestRun id="5633889f-416b-46a7-bc1b-b8961fdd52ca" name="Steve Knipmeyer@VECTOR 2018-07-19 16:42:53" runUser="VECTOR\Steve Knipmeyer" xmlns="http://microsoft.com/schemas/VisualStudio/TeamTest/2010"><Times creation="2018-07-19T16:42:53.1243852-04:00" queuing="2018-07-19T16:42:53.1243960-04:00" start="2018-07-19T16:42:48.5623717-04:00" finish="2018-07-19T16:43:33.1973235-04:00" /><TestSettings name="default" id="efdd9eae-f8a0-49df-96ed-16d68c8a2e69"><Deployment runDeploymentRoot="Steve_Knipmeyer_VECTOR_2018-07-19_16_42_53" /></TestSettings><Results><UnitTestResult executionId="27cf4e1f-8a89-4504-b61e-43f6e461af5e" testId="307ae425-640a-4c3e-91a3-d08664370276" testName="Post_InvalidPropertyValueReturnsBadRequest" computerName="VECTOR" duration="00:00:00.0030000" startTime="2018-07-19T16:43:31.9781557-04:00" endTime="2018-07-19T16:43:31.9781596-04:00" testType="13cdc9d9-ddb5-4fa4-a97d-d965ccfc6d4b" outcome="Passed" testListId="8c84fa94-04c1-424b-9868-57a2d4851a1d" relativeResultsDirectory="27cf4e1f-8a89-4504-b61e-43f6e461af5e" /><UnitTestResult executionId="354875fc-240b-4f7b-afc6-47637f0c8b5f" testId="315fb2b1-fef7-4a06-9a47-97361f9ca7e4" testName="GetList_ListReturnsCorrectCount" computerName="VECTOR" duration="00:00:00.1170000" startTime="2018-07-19T16:43:23.6167847-04:00" endTime="2018-07-19T16:43:23.6167906-04:00" testType="13cdc9d9-ddb5-4fa4-a97d-d965ccfc6d4b" outcome="Passed" testListId="8c84fa94-04c1-424b-9868-57a2d4851a1d" relativeResultsDirectory="354875fc-240b-4f7b-afc6-47637f0c8b5f" /><UnitTestResult executionId="46f30e84-0054-411f-8355-dfc2af92f727" testId="ca0cbaff-2e67-4be1-8e0e-6f5892fe5e52" testName="Patch_InvalidPropertyNameReturnsBadRequest" computerName="VECTOR" duration="00:00:00.0050000" startTime="2018-07-19T16:42:56.0431416-04:00" endTime="2018-07-19T16:42:56.0431456-04:00" testType="13cdc9d9-ddb5-4fa4-a97d-d965ccfc6d4b" outcome="Passed" testListId="8c84fa94-04c1-424b-9868-57a2d4851a1d" relativeResultsDirectory="46f30e84-0054-411f-8355-dfc2af92f727" /><UnitTestResult executionId="a3e5a3d6-da9b-4523-a73e-b282a411d086" testId="0390e321-5346-47ec-80f3-c3f3b3faef9e" testName="Post_InvalidPropertyValueReturnsBadRequest" computerName="VECTOR" duration="00:00:00.0030000" startTime="2018-07-19T16:43:06.3791566-04:00" endTime="2018-07-19T16:43:06.3791609-04:00" testType="13cdc9d9-ddb5-4fa4-a97d-d965ccfc6d4b" outcome="Passed" testListId="8c84fa94-04c1-424b-9868-57a2d4851a1d" relativeResultsDirectory="a3e5a3d6-da9b-4523-a73e-b282a411d086" /><UnitTestResult executionId="5f6dd104-9e10-4123-a242-770a4acc9a44" testId="b05345e6-434d-4919-aeb2-4d9ad80f8071" testName="GetFile_ExistingFileReturnsSuccess" computerName="VECTOR" duration="00:00:00.1690000" startTime="2018-07-19T16:42:58.7318759-04:00" endTime="2018-07-19T16:42:58.7318836-04:00" testType="13cdc9d9-ddb5-4fa4-a97d-d965ccfc6d4b" outcome="Passed" testListId="8c84fa94-04c1-424b-9868-57a2d4851a1d" relativeResultsDirectory="5f6dd104-9e10-4123-a242-770a4acc9a44" /><UnitTestResult executionId="ac2181f9-e5cc-47c3-ade8-574d1daf5d8a" testId="06e4df23-dee0-4835-8ee1-15ec202399c2" testName="Patch_InvalidEnumPropertyValueReturnsBadRequest" computerName="VECTOR" duration="00:00:00.0010000" startTime="2018-07-19T16:43:01.4060042-04:00" endTime="2018-07-19T16:43:01.4060053-04:00" testType="13cdc9d9-ddb5-4fa4-a97d-d965ccfc6d4b" outcome="Passed" testListId="8c84fa94-04c1-424b-9868-57a2d4851a1d" relativeResultsDirectory="ac2181f9-e5cc-47c3-ade8-574d1daf5d8a" /><UnitTestResult executionId="e36a8ade-ed3e-46b3-aed9-8ff6965d2b2c" testId="4a9c5cfa-78a4-41d6-bff7-e4560e4b52b8" testName="CameraHasExpectedDependentFiles" computerName="VECTOR" duration="00:00:00.0010000" startTime="2018-07-19T16:42:52.5722874-04:00" endTime="2018-07-19T16:42:52.5722888-04:00" testType="13cdc9d9-ddb5-4fa4-a97d-d965ccfc6d4b" outcome="Passed" testListId="8c84fa94-04c1-424b-9868-57a2d4851a1d" relativeResultsDirectory="e36a8ade-ed3e-46b3-aed9-8ff6965d2b2c" /><UnitTestResult executionId="21906f93-57cd-4106-8f4e-8db711be7e8f" testId="aa7300ed-6b36-4308-81c1-307d73da64af" testName="Delete_TargetModelIsDeleted" computerName="VECTOR" duration="00:00:00.2490000" startTime="2018-07-19T16:43:06.3194367-04:00" endTime="2018-07-19T16:43:06.3194484-04:00" testType="13cdc9d9-ddb5-4fa4-a97d-d965ccfc6d4b" outcome="Passed" testListId="8c84fa94-04c1-424b-9868-57a2d4851a1d" relativeResultsDirectory="21906f93-57cd-4106-8f4e-8db711be7e8f" /><UnitTestResult executionId="b5a1b7e9-d9c2-4e0c-aba6-c88b4fd56583" testId="8d7e9b98-34b0-49ad-af71-6998c0a309e6" testName="GetFile_ExistingFileReturnsSuccess" computerName="VECTOR" duration="00:00:00.0830000" startTime="2018-07-19T16:43:25.8467266-04:00" endTime="2018-07-19T16:43:25.8467349-04:00" testType="13cdc9d9-ddb5-4fa4-a97d-d965ccfc6d4b" outcome="Passed" testListId="8c84fa94-04c1-424b-9868-57a2d4851a1d" relativeResultsDirectory="b5a1b7e9-d9c2-4e0c-aba6-c88b4fd56583" /><UnitTestResult executionId="da28252a-5b0a-49b3-bfa6-b047e9f7455b" testId="4bd6710d-bf29-487b-8b2e-bf19f839782b" testName="MeshTransformHasExpectedDependentFiles" computerName="VECTOR" duration="00:00:00.0010000" startTime="2018-07-19T16:42:52.5725731-04:00" endTime="2018-07-19T16:42:52.5725756-04:00" testType="13cdc9d9-ddb5-4fa4-a97d-d965ccfc6d4b" outcome="Passed" testListId="8c84fa94-04c1-424b-9868-57a2d4851a1d" relativeResultsDirectory="da28252a-5b0a-49b3-bfa6-b047e9f7455b" /><UnitTestResult executionId="8d048d6b-14a7-48dd-a4ba-997fc3230d98" testId="b8fbf430-f083-426c-a03c-d83709ed31b1" testName="Patch_InvalidPropertyNameReturnsBadRequest" computerName="VECTOR" duration="00:00:00.0150000" startTime="2018-07-19T16:43:00.1629601-04:00" endTime="2018-07-19T16:43:00.1629667-04:00" testType="13cdc9d9-ddb5-4fa4-a97d-d965ccfc6d4b" outcome="Passed" testListId="8c84fa94-04c1-424b-9868-57a2d4851a1d" relativeResultsDirectory="8d048d6b-14a7-48dd-a4ba-997fc3230d98" /><UnitTestResult executionId="66897a5b-7a80-4a9d-8b22-2b6833866bb1" testId="2bc511df-0192-49fc-b7e6-e20e0480b20b" testName="Patch_TargetPropertyIsUpdated" computerName="VECTOR" duration="00:00:00.4360000" startTime="2018-07-19T16:42:54.0717518-04:00" endTime="2018-07-19T16:42:54.0717657-04:00" testType="13cdc9d9-ddb5-4fa4-a97d-d965ccfc6d4b" outcome="Passed" testListId="8c84fa94-04c1-424b-9868-57a2d4851a1d" relativeResultsDirectory="66897a5b-7a80-4a9d-8b22-2b6833866bb1" /><UnitTestResult executionId="aac76b7d-f1c9-4f3c-8387-867778415c10" testId="48e889a1-ba07-4384-9fdc-5693613feae1" testName="Patch_TargetPropertyIsUpdated" computerName="VECTOR" duration="00:00:00.3240000" startTime="2018-07-19T16:43:02.0450562-04:00" endTime="2018-07-19T16:43:02.0450630-04:00" testType="13cdc9d9-ddb5-4fa4-a97d-d965ccfc6d4b" outcome="Passed" testListId="8c84fa94-04c1-424b-9868-57a2d4851a1d" relativeResultsDirectory="aac76b7d-f1c9-4f3c-8387-867778415c10" /><UnitTestResult executionId="704c459e-0df8-4892-9bb7-3282e7383a31" testId="f3195146-e3c2-43c4-9bfc-1056ce237803" testName="GetSingle_InvalidIdPropertyValueReturnsNotFound" computerName="VECTOR" duration="00:00:00.0150000" startTime="2018-07-19T16:43:25.2656381-04:00" endTime="2018-07-19T16:43:25.2656426-04:00" testType="13cdc9d9-ddb5-4fa4-a97d-d965ccfc6d4b" outcome="Passed" testListId="8c84fa94-04c1-424b-9868-57a2d4851a1d" relativeResultsDirectory="704c459e-0df8-4892-9bb7-3282e7383a31" /><UnitTestResult executionId="d32d8b54-c8f4-4ff3-98f6-e3a84b302d0c" testId="b35b0b6a-83f8-42be-aecd-aa594c4d4d74" testName="Patch_MultipleInvalidReferencePropertiesReturnsMultipleValidationErrorsAndBadRequest" computerName="VECTOR" duration="00:00:00.0520000" startTime="2018-07-19T16:42:57.1744867-04:00" endTime="2018-07-19T16:42:57.1744933-04:00" testType="13cdc9d9-ddb5-4fa4-a97d-d965ccfc6d4b" outcome="Passed" testListId="8c84fa94-04c1-424b-9868-57a2d4851a1d" relativeResultsDirectory="d32d8b54-c8f4-4ff3-98f6-e3a84b302d0c" /><UnitTestResult executionId="917d661d-b484-40a5-9d28-31d0b08894d3" testId="0880db53-4c1a-46ba-a696-ba45bba6c247" testName="Delete_TargetModelIsDeleted" computerName="VECTOR" duration="00:00:00.4000000" startTime="2018-07-19T16:43:00.5635724-04:00" endTime="2018-07-19T16:43:00.5635793-04:00" testType="13cdc9d9-ddb5-4fa4-a97d-d965ccfc6d4b" outcome="Passed" testListId="8c84fa94-04c1-424b-9868-57a2d4851a1d" relativeResultsDirectory="917d661d-b484-40a5-9d28-31d0b08894d3" /><UnitTestResult executionId="c6584ab2-b175-4704-81e1-54cec0341270" testId="81140970-6e4f-4b01-963f-cf70af30bcc0" testName="LucyCameraFindsAllDependents" computerName="VECTOR" duration="00:00:00.0080000" startTime="2018-07-19T16:42:52.5719698-04:00" endTime="2018-07-19T16:42:52.5719732-04:00" testType="13cdc9d9-ddb5-4fa4-a97d-d965ccfc6d4b" outcome="Passed" testListId="8c84fa94-04c1-424b-9868-57a2d4851a1d" relativeResultsDirectory="c6584ab2-b175-4704-81e1-54cec0341270" /><UnitTestResult executionId="c1070f1e-d27e-4b33-88df-3afa8f79d14e" testId="42487b20-852b-4f06-80d2-b3d2adcee738" testName="GetFile_FileCanBeRoundTripped" computerName="VECTOR" duration="00:00:00.3070000" startTime="2018-07-19T16:43:30.8330218-04:00" endTime="2018-07-19T16:43:30.8330281-04:00" testType="13cdc9d9-ddb5-4fa4-a97d-d965ccfc6d4b" outcome="Passed" testListId="8c84fa94-04c1-424b-9868-57a2d4851a1d" relativeResultsDirectory="c1070f1e-d27e-4b33-88df-3afa8f79d14e" /><UnitTestResult executionId="1075c60c-54aa-415f-b7fd-5a9ab7cfeeff" testId="be025292-b92f-42d9-a04a-3f42869b300f" testName="GetSingle_ValidIdPropertyValueReturnsCorrectModel" computerName="VECTOR" duration="00:00:00.0220000" startTime="2018-07-19T16:43:06.3424776-04:00" endTime="2018-07-19T16:43:06.3424886-04:00" testType="13cdc9d9-ddb5-4fa4-a97d-d965ccfc6d4b" outcome="Passed" testListId="8c84fa94-04c1-424b-9868-57a2d4851a1d" relativeResultsDirectory="1075c60c-54aa-415f-b7fd-5a9ab7cfeeff" /><UnitTestResult executionId="bb94bc93-d762-436a-8288-d3192e422764" testId="f592fa70-2bfe-4706-a397-d7e9ad24fe22" testName="Patch_ValidReferencePropertyUpdatesModel" computerName="VECTOR" duration="00:00:00.3460000" startTime="2018-07-19T16:43:32.3241925-04:00" endTime="2018-07-19T16:43:32.3241993-04:00" testType="13cdc9d9-ddb5-4fa4-a97d-d965ccfc6d4b" outcome="Passed" testListId="8c84fa94-04c1-424b-9868-57a2d4851a1d" relativeResultsDirectory="bb94bc93-d762-436a-8288-d3192e422764" /><UnitTestResult executionId="560e4f40-3d01-4719-bcd1-3783b17b86d5" testId="52c88413-5030-4359-a870-a54f7f2916c5" testName="PostFile_NewFileCanBePosted" computerName="VECTOR" duration="00:00:00.4070000" startTime="2018-07-19T16:42:59.6679841-04:00" endTime="2018-07-19T16:42:59.6679907-04:00" testType="13cdc9d9-ddb5-4fa4-a97d-d965ccfc6d4b" outcome="Passed" testListId="8c84fa94-04c1-424b-9868-57a2d4851a1d" relativeResultsDirectory="560e4f40-3d01-4719-bcd1-3783b17b86d5" /><UnitTestResult executionId="dbf0bd18-963c-4d09-8c14-2816354ac0af" testId="144d8a8f-c51a-4499-aefc-e7b5ebce0f15" testName="Patch_InvalidReferencePropertyReturnsBadRequest" computerName="VECTOR" duration="00:00:00.0440000" startTime="2018-07-19T16:43:05.8174996-04:00" endTime="2018-07-19T16:43:05.8175073-04:00" testType="13cdc9d9-ddb5-4fa4-a97d-d965ccfc6d4b" outcome="Passed" testListId="8c84fa94-04c1-424b-9868-57a2d4851a1d" relativeResultsDirectory="dbf0bd18-963c-4d09-8c14-2816354ac0af" /><UnitTestResult executionId="38f08090-1c93-4d26-a4f8-0131bbc19544" testId="83c35f3f-770a-43ec-ab85-b07e06ec9591" testName="FileRequest_FileCanBeReadAfterRename" computerName="VECTOR" duration="00:00:00.4520000" startTime="2018-07-19T16:43:19.8094534-04:00" endTime="2018-07-19T16:43:19.8094596-04:00" testType="13cdc9d9-ddb5-4fa4-a97d-d965ccfc6d4b" outcome="Passed" testListId="8c84fa94-04c1-424b-9868-57a2d4851a1d" relativeResultsDirectory="38f08090-1c93-4d26-a4f8-0131bbc19544" /><UnitTestResult executionId="dea3f7e7-1377-4208-abf6-8e7fc17c8a41" testId="67853a2e-8927-45dd-a566-642dfc95bacc" testName="Patch_MultipleInvalidReferencePropertiesReturnsMultipleValidationErrorsAndBadRequest" computerName="VECTOR" duration="00:00:00.0340000" startTime="2018-07-19T16:43:05.8963792-04:00" endTime="2018-07-19T16:43:05.8963880-04:00" testType="13cdc9d9-ddb5-4fa4-a97d-d965ccfc6d4b" outcome="Passed" testListId="8c84fa94-04c1-424b-9868-57a2d4851a1d" relativeResultsDirectory="dea3f7e7-1377-4208-abf6-8e7fc17c8a41" /><UnitTestResult executionId="b555b08c-441b-4b94-81e1-0f7fa90c3c39" testId="72c39380-c3f9-4276-ad92-9cc74a9f2553" testName="GetList_ListReturnsCorrectCount" computerName="VECTOR" duration="00:00:00.0470000" startTime="2018-07-19T16:43:00.8488542-04:00" endTime="2018-07-19T16:43:00.8488604-04:00" testType="13cdc9d9-ddb5-4fa4-a97d-d965ccfc6d4b" outcome="Passed" testListId="8c84fa94-04c1-424b-9868-57a2d4851a1d" relativeResultsDirectory="b555b08c-441b-4b94-81e1-0f7fa90c3c39" /><UnitTestResult executionId="b77d5601-c5e8-411b-8042-050d01e5bf49" testId="88f0369b-f1e1-4af5-8569-f3800d7ab4fd" testName="PutFile_NewFileCanBePut" computerName="VECTOR" duration="00:00:00.3510000" startTime="2018-07-19T16:43:29.8748805-04:00" endTime="2018-07-19T16:43:29.8748868-04:00" testType="13cdc9d9-ddb5-4fa4-a97d-d965ccfc6d4b" outcome="Passed" testListId="8c84fa94-04c1-424b-9868-57a2d4851a1d" relativeResultsDirectory="b77d5601-c5e8-411b-8042-050d01e5bf49" /><UnitTestResult executionId="61aa5673-685b-4574-9482-302e3089dfbc" testId="e613d23c-a1c7-414a-896f-c28481bd3777" testName="Patch_TargetPropertyIsUpdated" computerName="VECTOR" duration="00:00:00.7410000" startTime="2018-07-19T16:42:55.5686605-04:00" endTime="2018-07-19T16:42:55.5686673-04:00" testType="13cdc9d9-ddb5-4fa4-a97d-d965ccfc6d4b" outcome="Passed" testListId="8c84fa94-04c1-424b-9868-57a2d4851a1d" relativeResultsDirectory="61aa5673-685b-4574-9482-302e3089dfbc" /><UnitTestResult executionId="499b5248-a81a-4ba5-b9de-2f6059abc51d" testId="010b6eac-97f3-48d1-90a7-1d9da2335aff" testName="Put_InvalidIdReturnsNotFound" computerName="VECTOR" duration="00:00:00.5350000" startTime="2018-07-19T16:43:03.2913462-04:00" endTime="2018-07-19T16:43:03.2913525-04:00" testType="13cdc9d9-ddb5-4fa4-a97d-d965ccfc6d4b" outcome="Passed" testListId="8c84fa94-04c1-424b-9868-57a2d4851a1d" relativeResultsDirectory="499b5248-a81a-4ba5-b9de-2f6059abc51d" /><UnitTestResult executionId="d5b80d84-d1c2-44bd-870b-e3b9aabefdf3" testId="0fbf9938-534d-46ed-8cfd-5171525b1d47" testName="Post_InvalidReferencePropertyReturnsBadRequest" computerName="VECTOR" duration="00:00:00.0070000" startTime="2018-07-19T16:43:31.2584853-04:00" endTime="2018-07-19T16:43:31.2584933-04:00" testType="13cdc9d9-ddb5-4fa4-a97d-d965ccfc6d4b" outcome="Passed" testListId="8c84fa94-04c1-424b-9868-57a2d4851a1d" relativeResultsDirectory="d5b80d84-d1c2-44bd-870b-e3b9aabefdf3" /><UnitTestResult executionId="245d56ee-4093-4aed-8561-9b2492fe2dfa" testId="2bb29b16-11a1-4579-857d-e2fe8fc5fc2f" testName="Patch_InvalidIdPropertyReturnsNotFound" computerName="VECTOR" duration="00:00:00.0060000" startTime="2018-07-19T16:43:01.4058095-04:00" endTime="2018-07-19T16:43:01.4058120-04:00" testType="13cdc9d9-ddb5-4fa4-a97d-d965ccfc6d4b" outcome="Passed" testListId="8c84fa94-04c1-424b-9868-57a2d4851a1d" relativeResultsDirectory="245d56ee-4093-4aed-8561-9b2492fe2dfa" /><UnitTestResult executionId="5ec7f3ff-51f1-4259-9088-57812462eff1" testId="049752ed-edfd-440d-9e41-6317222cc935" testName="Patch_InvalidPropertyNameReturnsBadRequest" computerName="VECTOR" duration="00:00:00.4930000" startTime="2018-07-19T16:42:53.0813845-04:00" endTime="2018-07-19T16:42:53.0813913-04:00" testType="13cdc9d9-ddb5-4fa4-a97d-d965ccfc6d4b" outcome="Passed" testListId="8c84fa94-04c1-424b-9868-57a2d4851a1d" relativeResultsDirectory="5ec7f3ff-51f1-4259-9088-57812462eff1" /><UnitTestResult executionId="6234ce05-bca6-4040-82d0-e2b895d87395" testId="65880082-3b61-4cae-8cc7-a0115f253004" testName="Post_ValidReferencePropertyCreatesModel" computerName="VECTOR" duration="00:00:00.1730000" startTime="2018-07-19T16:43:06.0697445-04:00" endTime="2018-07-19T16:43:06.0697649-04:00" testType="13cdc9d9-ddb5-4fa4-a97d-d965ccfc6d4b" outcome="Passed" testListId="8c84fa94-04c1-424b-9868-57a2d4851a1d" relativeResultsDirectory="6234ce05-bca6-4040-82d0-e2b895d87395" /><UnitTestResult executionId="e37114f2-cb73-4417-89b1-c8f095987900" testId="c290c92e-ff77-4bd8-a60d-b8ae37827a63" testName="Patch_MultipleInvalidReferencePropertiesReturnsMultipleValidationErrorsAndBadRequest" computerName="VECTOR" duration="00:00:00.0140000" startTime="2018-07-19T16:43:24.9012312-04:00" endTime="2018-07-19T16:43:24.9012368-04:00" testType="13cdc9d9-ddb5-4fa4-a97d-d965ccfc6d4b" outcome="Passed" testListId="8c84fa94-04c1-424b-9868-57a2d4851a1d" relativeResultsDirectory="e37114f2-cb73-4417-89b1-c8f095987900" /><UnitTestResult executionId="37a08ea0-1e4f-4547-ba45-20790e44a763" testId="8ad9d5a1-a881-4a0a-bc61-8ba26bf50aea" testName="Put_CanUpdateModel" computerName="VECTOR" duration="00:00:00.3410000" startTime="2018-07-19T16:43:31.5995358-04:00" endTime="2018-07-19T16:43:31.5995429-04:00" testType="13cdc9d9-ddb5-4fa4-a97d-d965ccfc6d4b" outcome="Passed" testListId="8c84fa94-04c1-424b-9868-57a2d4851a1d" relativeResultsDirectory="37a08ea0-1e4f-4547-ba45-20790e44a763" /><UnitTestResult executionId="581c897f-85e0-4c1e-aa3a-525288c5342c" testId="370f2ac8-6d13-4b13-8c2c-fe97e8e3197b" testName="Patch_InvalidIdPropertyReturnsNotFound" computerName="VECTOR" duration="00:00:00.0060000" startTime="2018-07-19T16:43:23.9830544-04:00" endTime="2018-07-19T16:43:23.9830589-04:00" testType="13cdc9d9-ddb5-4fa4-a97d-d965ccfc6d4b" outcome="Passed" testListId="8c84fa94-04c1-424b-9868-57a2d4851a1d" relativeResultsDirectory="581c897f-85e0-4c1e-aa3a-525288c5342c" /><UnitTestResult executionId="5d4dc214-1110-4b33-b204-039cc4e3aca4" testId="41b96ef7-5c6b-4d86-aa3e-a03eade96fd7" testName="Patch_ValidReferencePropertyUpdatesModel" computerName="VECTOR" duration="00:00:00.0060000" startTime="2018-07-19T16:42:52.5875301-04:00" endTime="2018-07-19T16:42:52.5875355-04:00" testType="13cdc9d9-ddb5-4fa4-a97d-d965ccfc6d4b" outcome="Passed" testListId="8c84fa94-04c1-424b-9868-57a2d4851a1d" relativeResultsDirectory="5d4dc214-1110-4b33-b204-039cc4e3aca4" /><UnitTestResult executionId="1e760f1e-ed5e-4171-a73a-06d0a11a6da4" testId="089dd0f4-e140-4270-b2b2-acc9e508f695" testName="Put_InvalidReferencePropertyReturndBadRequest" computerName="VECTOR" duration="00:00:00.0300000" startTime="2018-07-19T16:42:57.6621639-04:00" endTime="2018-07-19T16:42:57.6621710-04:00" testType="13cdc9d9-ddb5-4fa4-a97d-d965ccfc6d4b" outcome="Passed" testListId="8c84fa94-04c1-424b-9868-57a2d4851a1d" relativeResultsDirectory="1e760f1e-ed5e-4171-a73a-06d0a11a6da4" /><UnitTestResult executionId="18c4edea-a91e-4035-999a-ef24e6273b0f" testId="e8addef3-506f-4dd0-a3e8-19d9a1e7645d" testName="Patch_InvalidEnumPropertyValueReturnsBadRequest" computerName="VECTOR" duration="00:00:00.0020000" startTime="2018-07-19T16:42:54.3367331-04:00" endTime="2018-07-19T16:42:54.3367351-04:00" testType="13cdc9d9-ddb5-4fa4-a97d-d965ccfc6d4b" outcome="Passed" testListId="8c84fa94-04c1-424b-9868-57a2d4851a1d" relativeResultsDirectory="18c4edea-a91e-4035-999a-ef24e6273b0f" /><UnitTestResult executionId="ff3fe552-91e8-4596-9b26-06e6d98f67a1" testId="f45d8826-41e5-4952-8ca5-a3a49af64385" testName="Patch_MultipleInvalidReferencePropertiesReturnsMultipleValidationErrorsAndBadRequest" computerName="VECTOR" duration="00:00:00.0250000" startTime="2018-07-19T16:43:00.5894316-04:00" endTime="2018-07-19T16:43:00.5894379-04:00" testType="13cdc9d9-ddb5-4fa4-a97d-d965ccfc6d4b" outcome="Passed" testListId="8c84fa94-04c1-424b-9868-57a2d4851a1d" relativeResultsDirectory="ff3fe552-91e8-4596-9b26-06e6d98f67a1" /><UnitTestResult executionId="d3e8cef4-7ff6-4a34-a289-bb6ce69455ba" testId="96bf5a24-1aa6-4fea-897f-ee9c5cf4a772" testName="Patch_InvalidEnumPropertyValueReturnsBadRequest" computerName="VECTOR" duration="00:00:00.0250000" startTime="2018-07-19T16:43:23.4996912-04:00" endTime="2018-07-19T16:43:23.4996966-04:00" testType="13cdc9d9-ddb5-4fa4-a97d-d965ccfc6d4b" outcome="Passed" testListId="8c84fa94-04c1-424b-9868-57a2d4851a1d" relativeResultsDirectory="d3e8cef4-7ff6-4a34-a289-bb6ce69455ba" /><UnitTestResult executionId="44838daa-98f3-49ba-9527-f17d1fdc4628" testId="14212dbc-ef56-42f6-ac6c-b595a6a73f65" testName="PostFile_FileTimeStampIsUpdatedAfterFileIsPosted" computerName="VECTOR" duration="00:00:01.4110000" startTime="2018-07-19T16:43:11.7106061-04:00" endTime="2018-07-19T16:43:11.7106127-04:00" testType="13cdc9d9-ddb5-4fa4-a97d-d965ccfc6d4b" outcome="Passed" testListId="8c84fa94-04c1-424b-9868-57a2d4851a1d" relativeResultsDirectory="44838daa-98f3-49ba-9527-f17d1fdc4628" /><UnitTestResult executionId="b8ed4134-8959-46fc-b83c-c642ed9277d4" testId="c17e416f-a29c-4341-a7b5-2617891bd18d" testName="GetFile_NonExistentFileReturnsNotFound" computerName="VECTOR" duration="00:00:00.0130000" startTime="2018-07-19T16:43:00.0081821-04:00" endTime="2018-07-19T16:43:00.0081900-04:00" testType="13cdc9d9-ddb5-4fa4-a97d-d965ccfc6d4b" outcome="Passed" testListId="8c84fa94-04c1-424b-9868-57a2d4851a1d" relativeResultsDirectory="b8ed4134-8959-46fc-b83c-c642ed9277d4" /><UnitTestResult executionId="c26225ef-be84-4c29-a82b-4abb87baf7e9" testId="58a31d60-cb03-49c4-a5cd-d68513bf63f2" testName="Model3dHasExpectedDependentFiles" computerName="VECTOR" duration="00:00:00.0410000" startTime="2018-07-19T16:42:52.1769248-04:00" endTime="2018-07-19T16:42:52.1769316-04:00" testType="13cdc9d9-ddb5-4fa4-a97d-d965ccfc6d4b" outcome="Passed" testListId="8c84fa94-04c1-424b-9868-57a2d4851a1d" relativeResultsDirectory="c26225ef-be84-4c29-a82b-4abb87baf7e9" /><UnitTestResult executionId="1a15a798-13ff-4d8d-90c7-9c4aba805f75" testId="addc0fa2-9fa7-41a3-8e17-d600e0243d62" testName="PutFile_FileCanBeUpdated" computerName="VECTOR" duration="00:00:00.5100000" startTime="2018-07-19T16:43:27.8419661-04:00" endTime="2018-07-19T16:43:27.8419726-04:00" testType="13cdc9d9-ddb5-4fa4-a97d-d965ccfc6d4b" outcome="Passed" testListId="8c84fa94-04c1-424b-9868-57a2d4851a1d" relativeResultsDirectory="1a15a798-13ff-4d8d-90c7-9c4aba805f75" /><UnitTestResult executionId="c22206bc-3b2a-43c8-bcda-9a0f28c58b0e" testId="e8df7f67-a1f0-4d5e-82fa-4b05531ed05a" testName="PutFile_NewFileCanBePut" computerName="VECTOR" duration="00:00:00.3520000" startTime="2018-07-19T16:43:06.7449664-04:00" endTime="2018-07-19T16:43:06.7449730-04:00" testType="13cdc9d9-ddb5-4fa4-a97d-d965ccfc6d4b" outcome="Passed" testListId="8c84fa94-04c1-424b-9868-57a2d4851a1d" relativeResultsDirectory="c22206bc-3b2a-43c8-bcda-9a0f28c58b0e" /><UnitTestResult executionId="5960f35a-e23a-440f-9b50-4b7798875506" testId="b9a11832-9161-4899-b0cf-7da00555a045" testName="Patch_ValidReferencePropertyUpdatesModel" computerName="VECTOR" duration="00:00:00.4840000" startTime="2018-07-19T16:42:56.5362325-04:00" endTime="2018-07-19T16:42:56.5362419-04:00" testType="13cdc9d9-ddb5-4fa4-a97d-d965ccfc6d4b" outcome="Passed" testListId="8c84fa94-04c1-424b-9868-57a2d4851a1d" relativeResultsDirectory="5960f35a-e23a-440f-9b50-4b7798875506" /><UnitTestResult executionId="57484bbb-ef7b-4bdd-bfb8-9daa540fe8a0" testId="2065c2f3-ed65-4857-8775-3043c373502c" testName="FileRequest_MeshIsInvalidatedAfterDepthBufferFileBecomesUnsynchronized" computerName="VECTOR" duration="00:00:02.7000000" startTime="2018-07-19T16:43:09.4451679-04:00" endTime="2018-07-19T16:43:09.4451750-04:00" testType="13cdc9d9-ddb5-4fa4-a97d-d965ccfc6d4b" outcome="Passed" testListId="8c84fa94-04c1-424b-9868-57a2d4851a1d" relativeResultsDirectory="57484bbb-ef7b-4bdd-bfb8-9daa540fe8a0" /><UnitTestResult executionId="37626069-8168-42cf-af98-b9c747a73457" testId="4fcd2fde-c9dd-439c-b670-80b2774dfe23" testName="GetSingle_ValidIdPropertyValueReturnsCorrectModel" computerName="VECTOR" duration="00:00:00.0060000" startTime="2018-07-19T16:43:02.3195715-04:00" endTime="2018-07-19T16:43:02.3195754-04:00" testType="13cdc9d9-ddb5-4fa4-a97d-d965ccfc6d4b" outcome="Passed" testListId="8c84fa94-04c1-424b-9868-57a2d4851a1d" relativeResultsDirectory="37626069-8168-42cf-af98-b9c747a73457" /><UnitTestResult executionId="8b1dfe66-8c96-4d98-a0d8-02b5235f300f" testId="52560c07-120d-47c6-9fa2-fcc20652a9fd" testName="Put_CanUpdateModel" computerName="VECTOR" duration="00:00:00.2940000" startTime="2018-07-19T16:42:54.6377892-04:00" endTime="2018-07-19T16:42:54.6377958-04:00" testType="13cdc9d9-ddb5-4fa4-a97d-d965ccfc6d4b" outcome="Passed" testListId="8c84fa94-04c1-424b-9868-57a2d4851a1d" relativeResultsDirectory="8b1dfe66-8c96-4d98-a0d8-02b5235f300f" /><UnitTestResult executionId="d34be19d-c349-4471-be53-720335af9733" testId="fc88856d-35fb-4129-a797-51d9c59fafb0" testName="GetSingle_InvalidIdPropertyValueReturnsNotFound" computerName="VECTOR" duration="00:00:00.0080000" startTime="2018-07-19T16:43:31.2509101-04:00" endTime="2018-07-19T16:43:31.2509138-04:00" testType="13cdc9d9-ddb5-4fa4-a97d-d965ccfc6d4b" outcome="Passed" testListId="8c84fa94-04c1-424b-9868-57a2d4851a1d" relativeResultsDirectory="d34be19d-c349-4471-be53-720335af9733" /><UnitTestResult executionId="39f9bb13-4f33-4e0e-9ca4-78918e07aec4" testId="7437d5e3-4cce-40bc-a393-e11a30aaedc2" testName="GetFile_NonExistentFileReturnsNotFound" computerName="VECTOR" duration="00:00:00.0070000" startTime="2018-07-19T16:43:29.5234266-04:00" endTime="2018-07-19T16:43:29.5234334-04:00" testType="13cdc9d9-ddb5-4fa4-a97d-d965ccfc6d4b" outcome="Passed" testListId="8c84fa94-04c1-424b-9868-57a2d4851a1d" relativeResultsDirectory="39f9bb13-4f33-4e0e-9ca4-78918e07aec4" /><UnitTestResult executionId="5acbd5aa-fd8d-46e0-af0d-2d43afa1e041" testId="01d707f7-2298-40d8-bac3-605f36bb1e3e" testName="Put_ValidReferencePropertyUpdatesModel" computerName="VECTOR" duration="00:00:00.3540000" startTime="2018-07-19T16:42:56.8911592-04:00" endTime="2018-07-19T16:42:56.8911720-04:00" testType="13cdc9d9-ddb5-4fa4-a97d-d965ccfc6d4b" outcome="Passed" testListId="8c84fa94-04c1-424b-9868-57a2d4851a1d" relativeResultsDirectory="5acbd5aa-fd8d-46e0-af0d-2d43afa1e041" /><UnitTestResult executionId="9a7359b4-5aca-4851-92d1-aee385fa6743" testId="44d596dc-6485-48e7-90ec-fc7a7bb8ab00" testName="Put_CanUpdateModel" computerName="VECTOR" duration="00:00:00.2580000" startTime="2018-07-19T16:43:02.3034033-04:00" endTime="2018-07-19T16:43:02.3034096-04:00" testType="13cdc9d9-ddb5-4fa4-a97d-d965ccfc6d4b" outcome="Passed" testListId="8c84fa94-04c1-424b-9868-57a2d4851a1d" relativeResultsDirectory="9a7359b4-5aca-4851-92d1-aee385fa6743" /><UnitTestResult executionId="4b3b7f81-1ef6-4db3-ab46-186c86aa331a" testId="9991b252-029d-4b3a-b6dc-e98de2288792" testName="Patch_ValidReferencePropertyUpdatesModel" computerName="VECTOR" duration="00:00:00.3200000" startTime="2018-07-19T16:43:25.2504178-04:00" endTime="2018-07-19T16:43:25.2504240-04:00" testType="13cdc9d9-ddb5-4fa4-a97d-d965ccfc6d4b" outcome="Passed" testListId="8c84fa94-04c1-424b-9868-57a2d4851a1d" relativeResultsDirectory="4b3b7f81-1ef6-4db3-ab46-186c86aa331a" /><UnitTestResult executionId="c5394d7d-2401-4cd9-b003-3362f468cade" testId="5dc57189-93d6-44e9-b02a-1bc522332ac7" testName="GetSingle_InvalidIdPropertyValueReturnsNotFound" computerName="VECTOR" duration="00:00:00.0100000" startTime="2018-07-19T16:43:02.3136266-04:00" endTime="2018-07-19T16:43:02.3136311-04:00" testType="13cdc9d9-ddb5-4fa4-a97d-d965ccfc6d4b" outcome="Passed" testListId="8c84fa94-04c1-424b-9868-57a2d4851a1d" relativeResultsDirectory="c5394d7d-2401-4cd9-b003-3362f468cade" /><UnitTestResult executionId="a352ffff-8b54-4525-8a69-ae8cca2570c4" testId="132fd09f-ba8f-461e-8e9a-57bb61d579d9" testName="PostFile_FileIsSynchronizedIsUpdatedAfterFileIsPosted" computerName="VECTOR" duration="00:00:00.2970000" startTime="2018-07-19T16:43:19.3571677-04:00" endTime="2018-07-19T16:43:19.3571739-04:00" testType="13cdc9d9-ddb5-4fa4-a97d-d965ccfc6d4b" outcome="Passed" testListId="8c84fa94-04c1-424b-9868-57a2d4851a1d" relativeResultsDirectory="a352ffff-8b54-4525-8a69-ae8cca2570c4" /><UnitTestResult executionId="8f64d713-2469-4e59-b6a9-c6a2bfd25260" testId="6036ba23-55b5-4c47-9234-c5add9842e95" testName="FileRequest_DepthBufferIsInvalidatedAfterCameraDependencyPropertyChange" computerName="VECTOR" duration="00:00:01.2240000" startTime="2018-07-19T16:43:29.5163495-04:00" endTime="2018-07-19T16:43:29.5163563-04:00" testType="13cdc9d9-ddb5-4fa4-a97d-d965ccfc6d4b" outcome="Passed" testListId="8c84fa94-04c1-424b-9868-57a2d4851a1d" relativeResultsDirectory="8f64d713-2469-4e59-b6a9-c6a2bfd25260" /><UnitTestResult executionId="704d081e-a880-4278-a5d7-b8f20a44bf3d" testId="655240ec-5ada-4e2a-b0d5-52eca483ab7e" testName="Patch_TargetPropertyIsUpdated" computerName="VECTOR" duration="00:00:00.3410000" startTime="2018-07-19T16:43:32.9947735-04:00" endTime="2018-07-19T16:43:32.9947854-04:00" testType="13cdc9d9-ddb5-4fa4-a97d-d965ccfc6d4b" outcome="Passed" testListId="8c84fa94-04c1-424b-9868-57a2d4851a1d" relativeResultsDirectory="704d081e-a880-4278-a5d7-b8f20a44bf3d" /><UnitTestResult executionId="42f50efa-9c6e-4969-b62d-175e9bacf382" testId="19901af6-797a-4319-a2fe-fdd7ac5a7ae8" testName="Patch_TargetPropertyIsUpdated" computerName="VECTOR" duration="00:00:00.2880000" startTime="2018-07-19T16:43:05.5309767-04:00" endTime="2018-07-19T16:43:05.5309892-04:00" testType="13cdc9d9-ddb5-4fa4-a97d-d965ccfc6d4b" outcome="Passed" testListId="8c84fa94-04c1-424b-9868-57a2d4851a1d" relativeResultsDirectory="42f50efa-9c6e-4969-b62d-175e9bacf382" /><UnitTestResult executionId="d37d9c4f-ac39-4dec-8510-237630912370" testId="04f516e5-ccaa-47c5-a2f1-e42f4e78ee0f" testName="Patch_InvalidPropertyNameReturnsBadRequest" computerName="VECTOR" duration="00:00:00.0090000" startTime="2018-07-19T16:43:05.8275179-04:00" endTime="2018-07-19T16:43:05.8275236-04:00" testType="13cdc9d9-ddb5-4fa4-a97d-d965ccfc6d4b" outcome="Passed" testListId="8c84fa94-04c1-424b-9868-57a2d4851a1d" relativeResultsDirectory="d37d9c4f-ac39-4dec-8510-237630912370" /><UnitTestResult executionId="429dceac-4beb-47c9-9942-04db43e7c934" testId="6f977af2-f859-4f9e-93be-5fbd549ee1b8" testName="Patch_InvalidIdPropertyReturnsNotFound" computerName="VECTOR" duration="00:00:00.0090000" startTime="2018-07-19T16:43:05.8371126-04:00" endTime="2018-07-19T16:43:05.8371189-04:00" testType="13cdc9d9-ddb5-4fa4-a97d-d965ccfc6d4b" outcome="Passed" testListId="8c84fa94-04c1-424b-9868-57a2d4851a1d" relativeResultsDirectory="429dceac-4beb-47c9-9942-04db43e7c934" /><UnitTestResult executionId="896e60aa-9fd4-4940-a3f9-50fe82c4ac1b" testId="1c38240b-b941-4c69-b393-ce9b54fd6584" testName="Patch_InvalidEnumPropertyValueReturnsBadRequest" computerName="VECTOR" duration="00:00:00.0010000" startTime="2018-07-19T16:43:31.2423747-04:00" endTime="2018-07-19T16:43:31.2423758-04:00" testType="13cdc9d9-ddb5-4fa4-a97d-d965ccfc6d4b" outcome="Passed" testListId="8c84fa94-04c1-424b-9868-57a2d4851a1d" relativeResultsDirectory="896e60aa-9fd4-4940-a3f9-50fe82c4ac1b" /><UnitTestResult executionId="e10088fc-7d08-43a0-8a6d-9e441ce2f822" testId="b1cd9ab5-81b9-4406-a7be-656d7cee4914" testName="GetSingle_ValidIdPropertyValueReturnsCorrectModel" computerName="VECTOR" duration="00:00:00.0050000" startTime="2018-07-19T16:42:56.0513112-04:00" endTime="2018-07-19T16:42:56.0513138-04:00" testType="13cdc9d9-ddb5-4fa4-a97d-d965ccfc6d4b" outcome="Passed" testListId="8c84fa94-04c1-424b-9868-57a2d4851a1d" relativeResultsDirectory="e10088fc-7d08-43a0-8a6d-9e441ce2f822" /><UnitTestResult executionId="21b00026-74a9-4f92-93fa-1eb63915c38c" testId="41c5c933-1a40-41f7-83ae-a17a454d4dec" testName="Post_CanCreateNewModel" computerName="VECTOR" duration="00:00:00.1790000" startTime="2018-07-19T16:43:00.7693942-04:00" endTime="2018-07-19T16:43:00.7694048-04:00" testType="13cdc9d9-ddb5-4fa4-a97d-d965ccfc6d4b" outcome="Passed" testListId="8c84fa94-04c1-424b-9868-57a2d4851a1d" relativeResultsDirectory="21b00026-74a9-4f92-93fa-1eb63915c38c" /><UnitTestResult executionId="aa514064-423b-401f-887a-b07ee58f9ea8" testId="66b44387-d320-4620-9341-07248cf80557" testName="Delete_TargetModelIsDeleted" computerName="VECTOR" duration="00:00:00.2020000" startTime="2018-07-19T16:43:23.9769026-04:00" endTime="2018-07-19T16:43:23.9769088-04:00" testType="13cdc9d9-ddb5-4fa4-a97d-d965ccfc6d4b" outcome="Passed" testListId="8c84fa94-04c1-424b-9868-57a2d4851a1d" relativeResultsDirectory="aa514064-423b-401f-887a-b07ee58f9ea8" /><UnitTestResult executionId="3d3247e3-b58c-4389-ac7b-32fe4bac38d1" testId="57551017-b2f9-4787-b0f9-03434beb4034" testName="Post_CanCreateNewModel" computerName="VECTOR" duration="00:00:00.2410000" startTime="2018-07-19T16:43:05.7729880-04:00" endTime="2018-07-19T16:43:05.7729974-04:00" testType="13cdc9d9-ddb5-4fa4-a97d-d965ccfc6d4b" outcome="Passed" testListId="8c84fa94-04c1-424b-9868-57a2d4851a1d" relativeResultsDirectory="3d3247e3-b58c-4389-ac7b-32fe4bac38d1" /><UnitTestResult executionId="a9a35354-1998-45a1-9c1e-6959c20d16ae" testId="bc9bff14-387a-481f-8e64-0c30c045a946" testName="Post_ValidReferencePropertyCreatesModel" computerName="VECTOR" duration="00:00:00.1720000" startTime="2018-07-19T16:43:01.3784371-04:00" endTime="2018-07-19T16:43:01.3784431-04:00" testType="13cdc9d9-ddb5-4fa4-a97d-d965ccfc6d4b" outcome="Passed" testListId="8c84fa94-04c1-424b-9868-57a2d4851a1d" relativeResultsDirectory="a9a35354-1998-45a1-9c1e-6959c20d16ae" /><UnitTestResult executionId="bb3ae65d-7207-41b5-b281-232c2534fdd0" testId="ef1adf12-fa5f-4d72-9b40-51476d6611af" testName="Patch_ValidReferencePropertyUpdatesModel" computerName="VECTOR" duration="00:00:00.3140000" startTime="2018-07-19T16:43:01.7202162-04:00" endTime="2018-07-19T16:43:01.7202230-04:00" testType="13cdc9d9-ddb5-4fa4-a97d-d965ccfc6d4b" outcome="Passed" testListId="8c84fa94-04c1-424b-9868-57a2d4851a1d" relativeResultsDirectory="bb3ae65d-7207-41b5-b281-232c2534fdd0" /><UnitTestResult executionId="d0db607d-aaea-4a95-983c-08fed2cac3f4" testId="3b650c8f-c67c-489a-800c-51b87bdf2589" testName="Post_InvalidPropertyValueReturnsBadRequest" computerName="VECTOR" duration="00:00:00.0040000" startTime="2018-07-19T16:43:01.2058300-04:00" endTime="2018-07-19T16:43:01.2058340-04:00" testType="13cdc9d9-ddb5-4fa4-a97d-d965ccfc6d4b" outcome="Passed" testListId="8c84fa94-04c1-424b-9868-57a2d4851a1d" relativeResultsDirectory="d0db607d-aaea-4a95-983c-08fed2cac3f4" /><UnitTestResult executionId="2c6935c9-f544-4bec-998d-52ddcc5eeeaf" testId="2ddea720-e82d-4a6d-8182-0808a8f05f18" testName="Put_InvalidReferencePropertyReturndBadRequest" computerName="VECTOR" duration="00:00:00.0320000" startTime="2018-07-19T16:43:06.3753894-04:00" endTime="2018-07-19T16:43:06.3753962-04:00" testType="13cdc9d9-ddb5-4fa4-a97d-d965ccfc6d4b" outcome="Passed" testListId="8c84fa94-04c1-424b-9868-57a2d4851a1d" relativeResultsDirectory="2c6935c9-f544-4bec-998d-52ddcc5eeeaf" /><UnitTestResult executionId="cfc162aa-3022-44ac-bf78-86ffb56e9c75" testId="c14c0506-a0ab-4582-95fe-9f9824b842e8" testName="Patch_InvalidReferencePropertyReturnsBadRequest" computerName="VECTOR" duration="00:00:00.0320000" startTime="2018-07-19T16:43:00.8017397-04:00" endTime="2018-07-19T16:43:00.8017466-04:00" testType="13cdc9d9-ddb5-4fa4-a97d-d965ccfc6d4b" outcome="Passed" testListId="8c84fa94-04c1-424b-9868-57a2d4851a1d" relativeResultsDirectory="cfc162aa-3022-44ac-bf78-86ffb56e9c75" /><UnitTestResult executionId="78d53f28-2856-4252-a697-f619134e8f44" testId="92c1e9fa-ec19-4090-8fa9-554d83c8e0cc" testName="Patch_InvalidReferencePropertyReturnsBadRequest" computerName="VECTOR" duration="00:00:00.0180000" startTime="2018-07-19T16:43:32.3427905-04:00" endTime="2018-07-19T16:43:32.3427967-04:00" testType="13cdc9d9-ddb5-4fa4-a97d-d965ccfc6d4b" outcome="Passed" testListId="8c84fa94-04c1-424b-9868-57a2d4851a1d" relativeResultsDirectory="78d53f28-2856-4252-a697-f619134e8f44" /><UnitTestResult executionId="93d2dcd4-d1dd-4130-8b95-77fde74078ee" testId="0e950bf3-e0d0-4c34-a643-dbf0a7df4a42" testName="Put_InvalidIdReturnsNotFound" computerName="VECTOR" duration="00:00:00.1370000" startTime="2018-07-19T16:43:00.1478843-04:00" endTime="2018-07-19T16:43:00.1478908-04:00" testType="13cdc9d9-ddb5-4fa4-a97d-d965ccfc6d4b" outcome="Passed" testListId="8c84fa94-04c1-424b-9868-57a2d4851a1d" relativeResultsDirectory="93d2dcd4-d1dd-4130-8b95-77fde74078ee" /><UnitTestResult executionId="bb9aa7b1-0ef3-436c-b8a9-ba0959696480" testId="7babac6b-4a54-4cc7-9694-9933a389919a" testName="GetFile_FileCanBeRoundTripped" computerName="VECTOR" duration="00:00:00.3230000" startTime="2018-07-19T16:43:09.7688731-04:00" endTime="2018-07-19T16:43:09.7688796-04:00" testType="13cdc9d9-ddb5-4fa4-a97d-d965ccfc6d4b" outcome="Passed" testListId="8c84fa94-04c1-424b-9868-57a2d4851a1d" relativeResultsDirectory="bb9aa7b1-0ef3-436c-b8a9-ba0959696480" /><UnitTestResult executionId="920af4fb-8cc7-449f-8e32-0c1e426b020a" testId="5089aace-09ef-48d3-9061-7faeb5a199b6" testName="GetSingle_InvalidIdPropertyValueReturnsNotFound" computerName="VECTOR" duration="00:00:00.0200000" startTime="2018-07-19T16:42:55.9891084-04:00" endTime="2018-07-19T16:42:55.9891138-04:00" testType="13cdc9d9-ddb5-4fa4-a97d-d965ccfc6d4b" outcome="Passed" testListId="8c84fa94-04c1-424b-9868-57a2d4851a1d" relativeResultsDirectory="920af4fb-8cc7-449f-8e32-0c1e426b020a" /><UnitTestResult executionId="d483fb92-6da6-4a1c-9e7d-47ecefdc4536" testId="66e0e139-2936-4661-9e62-72e1e02457a0" testName="Post_InvalidReferencePropertyReturnsBadRequest" computerName="VECTOR" duration="00:00:00.0690000" startTime="2018-07-19T16:42:54.8276197-04:00" endTime="2018-07-19T16:42:54.8276260-04:00" testType="13cdc9d9-ddb5-4fa4-a97d-d965ccfc6d4b" outcome="Passed" testListId="8c84fa94-04c1-424b-9868-57a2d4851a1d" relativeResultsDirectory="d483fb92-6da6-4a1c-9e7d-47ecefdc4536" /><UnitTestResult executionId="8c3f21bc-e39d-4dc9-b07a-45fc687ce20b" testId="fa074224-d889-4954-8216-1bb0f70473b5" testName="FileRequest_FileCanBeReadAfterRename" computerName="VECTOR" duration="00:00:00.5280000" startTime="2018-07-19T16:42:59.2604769-04:00" endTime="2018-07-19T16:42:59.2604849-04:00" testType="13cdc9d9-ddb5-4fa4-a97d-d965ccfc6d4b" outcome="Passed" testListId="8c84fa94-04c1-424b-9868-57a2d4851a1d" relativeResultsDirectory="8c3f21bc-e39d-4dc9-b07a-45fc687ce20b" /><UnitTestResult executionId="6dbe351d-b7be-43cc-b43f-f62f707d2462" testId="1bf19e38-0010-44d4-a658-071dba2b6ef3" testName="Post_ValidReferencePropertyCreatesModel" computerName="VECTOR" duration="00:00:00.0030000" startTime="2018-07-19T16:42:53.0993634-04:00" endTime="2018-07-19T16:42:53.0993657-04:00" testType="13cdc9d9-ddb5-4fa4-a97d-d965ccfc6d4b" outcome="Passed" testListId="8c84fa94-04c1-424b-9868-57a2d4851a1d" relativeResultsDirectory="6dbe351d-b7be-43cc-b43f-f62f707d2462" /><UnitTestResult executionId="a2a95bae-f46e-4119-b1fa-5fa212f40a2f" testId="e1ef4cad-c9f5-4574-8409-9996f236157a" testName="Put_InvalidReferencePropertyReturndBadRequest" computerName="VECTOR" duration="00:00:00.0210000" startTime="2018-07-19T16:43:01.3993714-04:00" endTime="2018-07-19T16:43:01.3993788-04:00" testType="13cdc9d9-ddb5-4fa4-a97d-d965ccfc6d4b" outcome="Passed" testListId="8c84fa94-04c1-424b-9868-57a2d4851a1d" relativeResultsDirectory="a2a95bae-f46e-4119-b1fa-5fa212f40a2f" /><UnitTestResult executionId="68f60e13-2e90-4009-a537-bc1963353497" testId="c7488cf3-0ee4-42c8-806c-0f77a85c1845" testName="GetFile_FileCanBeRoundTripped" computerName="VECTOR" duration="00:00:00.3190000" startTime="2018-07-19T16:42:59.9871171-04:00" endTime="2018-07-19T16:42:59.9871233-04:00" testType="13cdc9d9-ddb5-4fa4-a97d-d965ccfc6d4b" outcome="Passed" testListId="8c84fa94-04c1-424b-9868-57a2d4851a1d" relativeResultsDirectory="68f60e13-2e90-4009-a537-bc1963353497" /><UnitTestResult executionId="43397dfc-62d8-4848-b253-6b62af080330" testId="1d015948-bf00-4344-a5d4-522cd9ec31a3" testName="Post_ValidReferencePropertyCreatesModel" computerName="VECTOR" duration="00:00:00.2100000" startTime="2018-07-19T16:42:57.1224049-04:00" endTime="2018-07-19T16:42:57.1224137-04:00" testType="13cdc9d9-ddb5-4fa4-a97d-d965ccfc6d4b" outcome="Passed" testListId="8c84fa94-04c1-424b-9868-57a2d4851a1d" relativeResultsDirectory="43397dfc-62d8-4848-b253-6b62af080330" /><UnitTestResult executionId="5080a4eb-6e73-44d3-a073-4e6f615b0a9a" testId="6c724e53-9948-47f7-bc3b-b2edd48c02ae" testName="Post_ValidReferencePropertyCreatesModel" computerName="VECTOR" duration="00:00:00.3110000" startTime="2018-07-19T16:43:31.9330107-04:00" endTime="2018-07-19T16:43:31.9330172-04:00" testType="13cdc9d9-ddb5-4fa4-a97d-d965ccfc6d4b" outcome="Passed" testListId="8c84fa94-04c1-424b-9868-57a2d4851a1d" relativeResultsDirectory="5080a4eb-6e73-44d3-a073-4e6f615b0a9a" /><UnitTestResult executionId="05a94611-0f02-4a2a-81ca-5d72e60b0393" testId="16bb10f1-eed5-4430-9332-de187cb8e125" testName="Post_InvalidReferencePropertyReturnsBadRequest" computerName="VECTOR" duration="00:00:00.0020000" startTime="2018-07-19T16:42:53.0994231-04:00" endTime="2018-07-19T16:42:53.0994240-04:00" testType="13cdc9d9-ddb5-4fa4-a97d-d965ccfc6d4b" outcome="Passed" testListId="8c84fa94-04c1-424b-9868-57a2d4851a1d" relativeResultsDirectory="05a94611-0f02-4a2a-81ca-5d72e60b0393" /><UnitTestResult executionId="be3f4d9b-6f4c-425c-944f-5d5699a6bb3c" testId="5f301d99-c05a-4d32-ada1-5b7912e33ca7" testName="Put_CanUpdateModel" computerName="VECTOR" duration="00:00:00.7020000" startTime="2018-07-19T16:43:04.8780116-04:00" endTime="2018-07-19T16:43:04.8780184-04:00" testType="13cdc9d9-ddb5-4fa4-a97d-d965ccfc6d4b" outcome="Passed" testListId="8c84fa94-04c1-424b-9868-57a2d4851a1d" relativeResultsDirectory="be3f4d9b-6f4c-425c-944f-5d5699a6bb3c" /><UnitTestResult executionId="3a70cfc8-d14c-49cc-aeb0-b2d601feb801" testId="5168bbe9-6541-4b3c-baf9-a6b3ac1f13ef" testName="Post_ValidReferencePropertyCreatesModel" computerName="VECTOR" duration="00:00:00.1770000" startTime="2018-07-19T16:43:25.4431487-04:00" endTime="2018-07-19T16:43:25.4431573-04:00" testType="13cdc9d9-ddb5-4fa4-a97d-d965ccfc6d4b" outcome="Passed" testListId="8c84fa94-04c1-424b-9868-57a2d4851a1d" relativeResultsDirectory="3a70cfc8-d14c-49cc-aeb0-b2d601feb801" /><UnitTestResult executionId="7798cb46-9902-4616-8c3d-9ca52404889a" testId="22defb52-1e98-4c51-8b32-75a043082805" testName="PostFile_FileTimeStampIsUpdatedAfterFileIsPosted" computerName="VECTOR" duration="00:00:00.0010000" startTime="2018-07-19T16:42:57.6638272-04:00" endTime="2018-07-19T16:42:57.6638301-04:00" testType="13cdc9d9-ddb5-4fa4-a97d-d965ccfc6d4b" outcome="Passed" testListId="8c84fa94-04c1-424b-9868-57a2d4851a1d" relativeResultsDirectory="7798cb46-9902-4616-8c3d-9ca52404889a" /><UnitTestResult executionId="ef39ac82-b911-4089-82e2-480761069b62" testId="4c458e1d-1499-427f-8926-e21ad14565a8" testName="GetSingle_ValidIdPropertyValueReturnsCorrectModel" computerName="VECTOR" duration="00:00:00.0070000" startTime="2018-07-19T16:42:54.3348865-04:00" endTime="2018-07-19T16:42:54.3348907-04:00" testType="13cdc9d9-ddb5-4fa4-a97d-d965ccfc6d4b" outcome="Passed" testListId="8c84fa94-04c1-424b-9868-57a2d4851a1d" relativeResultsDirectory="ef39ac82-b911-4089-82e2-480761069b62" /><UnitTestResult executionId="807fb28b-9964-4e08-b036-505c8c859cf1" testId="f9c20003-0f5d-47c8-92d2-e984e043f1e3" testName="PutFile_FileCanBeUpdated" computerName="VECTOR" duration="00:00:00.5080000" startTime="2018-07-19T16:42:58.5624647-04:00" endTime="2018-07-19T16:42:58.5624726-04:00" testType="13cdc9d9-ddb5-4fa4-a97d-d965ccfc6d4b" outcome="Passed" testListId="8c84fa94-04c1-424b-9868-57a2d4851a1d" relativeResultsDirectory="807fb28b-9964-4e08-b036-505c8c859cf1" /><UnitTestResult executionId="c559e6a5-c466-470e-876d-5847a3f42668" testId="92962144-0bad-429d-97d9-5cc0a6c63740" testName="Put_InvalidReferencePropertyReturndBadRequest" computerName="VECTOR" duration="00:00:00.0020000" startTime="2018-07-19T16:42:54.7331321-04:00" endTime="2018-07-19T16:42:54.7331347-04:00" testType="13cdc9d9-ddb5-4fa4-a97d-d965ccfc6d4b" outcome="Passed" testListId="8c84fa94-04c1-424b-9868-57a2d4851a1d" relativeResultsDirectory="c559e6a5-c466-470e-876d-5847a3f42668" /><UnitTestResult executionId="a380996b-aafa-4fb5-bdf5-8c31d69e74ec" testId="703932d4-01b2-43cb-99bf-c10bffc52c92" testName="FileRequest_FileCanBeReadAfterRename" computerName="VECTOR" duration="00:00:00.4500000" startTime="2018-07-19T16:43:28.2924052-04:00" endTime="2018-07-19T16:43:28.2924112-04:00" testType="13cdc9d9-ddb5-4fa4-a97d-d965ccfc6d4b" outcome="Passed" testListId="8c84fa94-04c1-424b-9868-57a2d4851a1d" relativeResultsDirectory="a380996b-aafa-4fb5-bdf5-8c31d69e74ec" /><UnitTestResult executionId="f526f61c-c7bd-45bc-bb56-b9ce05186e09" testId="6136b214-45cb-43ba-b948-e7ad97dd1ba5" testName="Put_CanUpdateModel" computerName="VECTOR" duration="00:00:00.3180000" startTime="2018-07-19T16:43:25.7625618-04:00" endTime="2018-07-19T16:43:25.7625757-04:00" testType="13cdc9d9-ddb5-4fa4-a97d-d965ccfc6d4b" outcome="Passed" testListId="8c84fa94-04c1-424b-9868-57a2d4851a1d" relativeResultsDirectory="f526f61c-c7bd-45bc-bb56-b9ce05186e09" /><UnitTestResult executionId="c8cdb2ea-1490-4964-b806-b461d4b46a9d" testId="808359a1-401f-4063-9348-4f25b09d2429" testName="Patch_MultipleInvalidReferencePropertiesReturnsMultipleValidationErrorsAndBadRequest" computerName="VECTOR" duration="00:00:00.0270000" startTime="2018-07-19T16:43:31.9601748-04:00" endTime="2018-07-19T16:43:31.9601810-04:00" testType="13cdc9d9-ddb5-4fa4-a97d-d965ccfc6d4b" outcome="Passed" testListId="8c84fa94-04c1-424b-9868-57a2d4851a1d" relativeResultsDirectory="c8cdb2ea-1490-4964-b806-b461d4b46a9d" /><UnitTestResult executionId="348abf7f-f511-486a-a1ab-9586f64652bd" testId="21ce65ab-6892-41c1-a64c-53531a8e112a" testName="Patch_InvalidReferencePropertyReturnsBadRequest" computerName="VECTOR" duration="00:00:00.0200000" startTime="2018-07-19T16:42:57.4467255-04:00" endTime="2018-07-19T16:42:57.4467306-04:00" testType="13cdc9d9-ddb5-4fa4-a97d-d965ccfc6d4b" outcome="Passed" testListId="8c84fa94-04c1-424b-9868-57a2d4851a1d" relativeResultsDirectory="348abf7f-f511-486a-a1ab-9586f64652bd" /><UnitTestResult executionId="3183c7d9-dee1-4600-ac4b-7ec6d0f1e839" testId="bd94ee12-37b1-47f7-bf21-2108eca9b641" testName="DepthBufferHasExpectedDependentFiles" computerName="VECTOR" duration="00:00:00.0010000" startTime="2018-07-19T16:42:52.5759218-04:00" endTime="2018-07-19T16:42:52.5759243-04:00" testType="13cdc9d9-ddb5-4fa4-a97d-d965ccfc6d4b" outcome="Passed" testListId="8c84fa94-04c1-424b-9868-57a2d4851a1d" relativeResultsDirectory="3183c7d9-dee1-4600-ac4b-7ec6d0f1e839" /><UnitTestResult executionId="ff3222ec-da0c-4e21-bac1-699593157d03" testId="0e92ad9b-e4fc-4f39-b8ff-498cd229bba0" testName="PostFile_FileIsSynchronizedIsUpdatedAfterFileIsPosted" computerName="VECTOR" duration="00:00:00.2980000" startTime="2018-07-19T16:43:30.1729449-04:00" endTime="2018-07-19T16:43:30.1729557-04:00" testType="13cdc9d9-ddb5-4fa4-a97d-d965ccfc6d4b" outcome="Passed" testListId="8c84fa94-04c1-424b-9868-57a2d4851a1d" relativeResultsDirectory="ff3222ec-da0c-4e21-bac1-699593157d03" /><UnitTestResult executionId="ecd50cf9-2f19-4c62-8f73-5f8bd7503eea" testId="14ebbb71-bc1f-41b7-b479-37bddfac66e2" testName="GetSingle_ValidIdPropertyValueReturnsCorrectModel" computerName="VECTOR" duration="00:00:00.0130000" startTime="2018-07-19T16:43:30.8469376-04:00" endTime="2018-07-19T16:43:30.8469430-04:00" testType="13cdc9d9-ddb5-4fa4-a97d-d965ccfc6d4b" outcome="Passed" testListId="8c84fa94-04c1-424b-9868-57a2d4851a1d" relativeResultsDirectory="ecd50cf9-2f19-4c62-8f73-5f8bd7503eea" /><UnitTestResult executionId="6cf0b90b-7f0f-4c08-9b44-c0fb1a8e9ad2" testId="aed1238e-a756-4d84-bdb5-313940efd306" testName="Delete_TargetModelIsDeleted" computerName="VECTOR" duration="00:00:00.1850000" startTime="2018-07-19T16:42:57.6321892-04:00" endTime="2018-07-19T16:42:57.6321966-04:00" testType="13cdc9d9-ddb5-4fa4-a97d-d965ccfc6d4b" outcome="Passed" testListId="8c84fa94-04c1-424b-9868-57a2d4851a1d" relativeResultsDirectory="6cf0b90b-7f0f-4c08-9b44-c0fb1a8e9ad2" /><UnitTestResult executionId="a4742b76-4d02-4dee-85c7-ebeb031518c9" testId="323b29d6-75af-42a5-8e8d-2ffdd467ae12" testName="Put_ValidReferencePropertyUpdatesModel" computerName="VECTOR" duration="00:00:00.3820000" startTime="2018-07-19T16:43:24.8670492-04:00" endTime="2018-07-19T16:43:24.8670557-04:00" testType="13cdc9d9-ddb5-4fa4-a97d-d965ccfc6d4b" outcome="Passed" testListId="8c84fa94-04c1-424b-9868-57a2d4851a1d" relativeResultsDirectory="a4742b76-4d02-4dee-85c7-ebeb031518c9" /><UnitTestResult executionId="c10c912c-cb16-4a29-8032-f322fed081bb" testId="cbea733e-3afc-4b45-87f6-4056eb728287" testName="PostFile_FileTimeStampIsUpdatedAfterFileIsPosted" computerName="VECTOR" duration="00:00:01.4840000" startTime="2018-07-19T16:43:27.3313534-04:00" endTime="2018-07-19T16:43:27.3313608-04:00" testType="13cdc9d9-ddb5-4fa4-a97d-d965ccfc6d4b" outcome="Passed" testListId="8c84fa94-04c1-424b-9868-57a2d4851a1d" relativeResultsDirectory="c10c912c-cb16-4a29-8032-f322fed081bb" /><UnitTestResult executionId="ebaa0893-5d35-432e-9b54-bfb39e373837" testId="c434dbfc-5c45-46fa-861e-ce5559922491" testName="Put_CanUpdateModel" computerName="VECTOR" duration="00:00:00.3990000" startTime="2018-07-19T16:42:55.9684532-04:00" endTime="2018-07-19T16:42:55.9684595-04:00" testType="13cdc9d9-ddb5-4fa4-a97d-d965ccfc6d4b" outcome="Passed" testListId="8c84fa94-04c1-424b-9868-57a2d4851a1d" relativeResultsDirectory="ebaa0893-5d35-432e-9b54-bfb39e373837" /><UnitTestResult executionId="9a357746-6cf6-4db6-a49d-28ea2d34d02d" testId="7c49b42e-3bdf-4a93-9209-048a26b19ba1" testName="Delete_TargetModelIsDeleted" computerName="VECTOR" duration="00:00:00.1780000" startTime="2018-07-19T16:43:31.2039844-04:00" endTime="2018-07-19T16:43:31.2039907-04:00" testType="13cdc9d9-ddb5-4fa4-a97d-d965ccfc6d4b" outcome="Passed" testListId="8c84fa94-04c1-424b-9868-57a2d4851a1d" relativeResultsDirectory="9a357746-6cf6-4db6-a49d-28ea2d34d02d" /><UnitTestResult executionId="ac4d71ac-85e5-4318-8984-e23d7d928346" testId="506c3b67-65a1-462b-b442-ac9a0835f009" testName="Put_ValidReferencePropertyUpdatesModel" computerName="VECTOR" duration="00:00:00.3090000" startTime="2018-07-19T16:43:32.6525233-04:00" endTime="2018-07-19T16:43:32.6525350-04:00" testType="13cdc9d9-ddb5-4fa4-a97d-d965ccfc6d4b" outcome="Passed" testListId="8c84fa94-04c1-424b-9868-57a2d4851a1d" relativeResultsDirectory="ac4d71ac-85e5-4318-8984-e23d7d928346" /><UnitTestResult executionId="1c017ea3-bcce-46b5-ad60-dd469bfdb1c0" testId="44639511-9439-4937-88e4-14863fdeb0a0" testName="Patch_InvalidIdPropertyReturnsNotFound" computerName="VECTOR" duration="00:00:00.0070000" startTime="2018-07-19T16:43:31.9671648-04:00" endTime="2018-07-19T16:43:31.9671683-04:00" testType="13cdc9d9-ddb5-4fa4-a97d-d965ccfc6d4b" outcome="Passed" testListId="8c84fa94-04c1-424b-9868-57a2d4851a1d" relativeResultsDirectory="1c017ea3-bcce-46b5-ad60-dd469bfdb1c0" /><UnitTestResult executionId="d577be56-b06f-4ffa-8525-2fb0cd8e1765" testId="a7c93849-c257-4aa1-a17b-ea68324247d4" testName="Patch_TargetPropertyIsUpdated" computerName="VECTOR" duration="00:00:00.3080000" startTime="2018-07-19T16:43:24.4843544-04:00" endTime="2018-07-19T16:43:24.4843621-04:00" testType="13cdc9d9-ddb5-4fa4-a97d-d965ccfc6d4b" outcome="Passed" testListId="8c84fa94-04c1-424b-9868-57a2d4851a1d" relativeResultsDirectory="d577be56-b06f-4ffa-8525-2fb0cd8e1765" /><UnitTestResult executionId="b2841fb0-d522-416f-bcad-d07ee707c8ac" testId="79becae6-80d0-4c3b-9bb1-e2b16819e6db" testName="PostFile_NewFileCanBePosted" computerName="VECTOR" duration="00:00:00.3470000" startTime="2018-07-19T16:43:12.0580873-04:00" endTime="2018-07-19T16:43:12.0580938-04:00" testType="13cdc9d9-ddb5-4fa4-a97d-d965ccfc6d4b" outcome="Passed" testListId="8c84fa94-04c1-424b-9868-57a2d4851a1d" relativeResultsDirectory="b2841fb0-d522-416f-bcad-d07ee707c8ac" /><UnitTestResult executionId="8884e029-0aec-4b22-a27a-98a5534bb51b" testId="8447cdd7-e4d3-4135-8cec-0afd2ce452ed" testName="Patch_InvalidEnumPropertyValueReturnsBadRequest" computerName="VECTOR" duration="00:00:00.0060000" startTime="2018-07-19T16:42:57.2412238-04:00" endTime="2018-07-19T16:42:57.2412278-04:00" testType="13cdc9d9-ddb5-4fa4-a97d-d965ccfc6d4b" outcome="Passed" testListId="8c84fa94-04c1-424b-9868-57a2d4851a1d" relativeResultsDirectory="8884e029-0aec-4b22-a27a-98a5534bb51b" /><UnitTestResult executionId="3000d72e-c19e-4586-818e-48a137f34e1b" testId="3a82939a-8060-43eb-beb5-96268952d0fc" testName="Put_InvalidReferencePropertyReturndBadRequest" computerName="VECTOR" duration="00:00:00.1510000" startTime="2018-07-19T16:43:23.7746331-04:00" endTime="2018-07-19T16:43:23.7746388-04:00" testType="13cdc9d9-ddb5-4fa4-a97d-d965ccfc6d4b" outcome="Passed" testListId="8c84fa94-04c1-424b-9868-57a2d4851a1d" relativeResultsDirectory="3000d72e-c19e-4586-818e-48a137f34e1b" /><UnitTestResult executionId="b76cdae4-189d-4a36-bd90-8d3e6fa71fbe" testId="4aa42178-6532-4d37-8b48-40824714f8e2" testName="GetSingle_InvalidIdPropertyValueReturnsNotFound" computerName="VECTOR" duration="00:00:00.0120000" startTime="2018-07-19T16:43:05.8493159-04:00" endTime="2018-07-19T16:43:05.8493213-04:00" testType="13cdc9d9-ddb5-4fa4-a97d-d965ccfc6d4b" outcome="Passed" testListId="8c84fa94-04c1-424b-9868-57a2d4851a1d" relativeResultsDirectory="b76cdae4-189d-4a36-bd90-8d3e6fa71fbe" /><UnitTestResult executionId="c243f69a-b96b-4246-8a2a-81be9dcff5c6" testId="16a12407-7e59-42fb-8683-30275b7b482b" testName="Patch_InvalidPropertyNameReturnsBadRequest" computerName="VECTOR" duration="00:00:00.0070000" startTime="2018-07-19T16:43:31.9744688-04:00" endTime="2018-07-19T16:43:31.9744728-04:00" testType="13cdc9d9-ddb5-4fa4-a97d-d965ccfc6d4b" outcome="Passed" testListId="8c84fa94-04c1-424b-9868-57a2d4851a1d" relativeResultsDirectory="c243f69a-b96b-4246-8a2a-81be9dcff5c6" /><UnitTestResult executionId="8d9f7316-e445-4791-b5e1-6e2982065fe0" testId="36b9bf9d-7196-4912-bb43-403a22619563" testName="Put_InvalidIdReturnsNotFound" computerName="VECTOR" duration="00:00:00.0170000" startTime="2018-07-19T16:43:31.0251888-04:00" endTime="2018-07-19T16:43:31.0251951-04:00" testType="13cdc9d9-ddb5-4fa4-a97d-d965ccfc6d4b" outcome="Passed" testListId="8c84fa94-04c1-424b-9868-57a2d4851a1d" relativeResultsDirectory="8d9f7316-e445-4791-b5e1-6e2982065fe0" /><UnitTestResult executionId="6ca59d8b-2d6b-46e2-bd80-1772d9f87f48" testId="fa730a25-c698-4e40-86ea-7ba9b4034c12" testName="Post_InvalidReferencePropertyReturnsBadRequest" computerName="VECTOR" duration="00:00:00.0120000" startTime="2018-07-19T16:43:05.8615282-04:00" endTime="2018-07-19T16:43:05.8615353-04:00" testType="13cdc9d9-ddb5-4fa4-a97d-d965ccfc6d4b" outcome="Passed" testListId="8c84fa94-04c1-424b-9868-57a2d4851a1d" relativeResultsDirectory="6ca59d8b-2d6b-46e2-bd80-1772d9f87f48" /><UnitTestResult executionId="e6f3a13e-b01f-4563-93fb-df4e1a290a0a" testId="e31a1a12-6ade-4e0e-871b-63bb8c7fefea" testName="Put_InvalidIdReturnsNotFound" computerName="VECTOR" duration="00:00:00.0130000" startTime="2018-07-19T16:43:24.9278735-04:00" endTime="2018-07-19T16:43:24.9278792-04:00" testType="13cdc9d9-ddb5-4fa4-a97d-d965ccfc6d4b" outcome="Passed" testListId="8c84fa94-04c1-424b-9868-57a2d4851a1d" relativeResultsDirectory="e6f3a13e-b01f-4563-93fb-df4e1a290a0a" /><UnitTestResult executionId="189fd5c3-8ad8-4c46-8cd1-c164e6146d1f" testId="2fd5ec57-1ed3-4eb1-a701-cafbee9c7f36" testName="Post_InvalidReferencePropertyReturnsBadRequest" computerName="VECTOR" duration="00:00:00.0060000" startTime="2018-07-19T16:43:24.9080234-04:00" endTime="2018-07-19T16:43:24.9080280-04:00" testType="13cdc9d9-ddb5-4fa4-a97d-d965ccfc6d4b" outcome="Passed" testListId="8c84fa94-04c1-424b-9868-57a2d4851a1d" relativeResultsDirectory="189fd5c3-8ad8-4c46-8cd1-c164e6146d1f" /><UnitTestResult executionId="c0b8b9f3-8a0d-4f4a-b768-4601537a4581" testId="530a5510-31b9-4666-9115-ec55f5ace286" testName="Put_ValidReferencePropertyUpdatesModel" computerName="VECTOR" duration="00:00:00.3520000" startTime="2018-07-19T16:43:01.2012849-04:00" endTime="2018-07-19T16:43:01.2012912-04:00" testType="13cdc9d9-ddb5-4fa4-a97d-d965ccfc6d4b" outcome="Passed" testListId="8c84fa94-04c1-424b-9868-57a2d4851a1d" relativeResultsDirectory="c0b8b9f3-8a0d-4f4a-b768-4601537a4581" /><UnitTestResult executionId="76eaea3a-ebfb-45df-bcb3-20c7ca7e2d73" testId="9a246e71-b7a2-456c-850b-fd1622fe07b4" testName="PostFile_NewFileCanBePosted" computerName="VECTOR" duration="00:00:00.3520000" startTime="2018-07-19T16:43:30.5252807-04:00" endTime="2018-07-19T16:43:30.5252886-04:00" testType="13cdc9d9-ddb5-4fa4-a97d-d965ccfc6d4b" outcome="Passed" testListId="8c84fa94-04c1-424b-9868-57a2d4851a1d" relativeResultsDirectory="76eaea3a-ebfb-45df-bcb3-20c7ca7e2d73" /><UnitTestResult executionId="f5c92f77-8ff3-45d7-9b67-ecf04146db15" testId="cde31350-ce82-4ef4-a5d5-15755615f8e3" testName="GetList_ListReturnsCorrectCount" computerName="VECTOR" duration="00:00:00.4290000" startTime="2018-07-19T16:43:02.7555105-04:00" endTime="2018-07-19T16:43:02.7555171-04:00" testType="13cdc9d9-ddb5-4fa4-a97d-d965ccfc6d4b" outcome="Passed" testListId="8c84fa94-04c1-424b-9868-57a2d4851a1d" relativeResultsDirectory="f5c92f77-8ff3-45d7-9b67-ecf04146db15" /><UnitTestResult executionId="aab886f8-3504-4190-a99b-9488df1b5d7f" testId="44d92aaf-30f2-470e-bc38-6e8f3a39d5c8" testName="LucyModel3dHasTwoDependents" computerName="VECTOR" duration="00:00:00.3890000" startTime="2018-07-19T16:42:52.5637837-04:00" endTime="2018-07-19T16:42:52.5637891-04:00" testType="13cdc9d9-ddb5-4fa4-a97d-d965ccfc6d4b" outcome="Passed" testListId="8c84fa94-04c1-424b-9868-57a2d4851a1d" relativeResultsDirectory="aab886f8-3504-4190-a99b-9488df1b5d7f" /><UnitTestResult executionId="41eaebe8-9227-4017-bb5e-ef4c434325e3" testId="711be1d5-e36b-476a-96a2-b3d5b0d6611a" testName="Post_InvalidPropertyValueReturnsBadRequest" computerName="VECTOR" duration="00:00:00.0140000" startTime="2018-07-19T16:42:54.7571128-04:00" endTime="2018-07-19T16:42:54.7571176-04:00" testType="13cdc9d9-ddb5-4fa4-a97d-d965ccfc6d4b" outcome="Passed" testListId="8c84fa94-04c1-424b-9868-57a2d4851a1d" relativeResultsDirectory="41eaebe8-9227-4017-bb5e-ef4c434325e3" /><UnitTestResult executionId="73fc3418-18d9-4a90-83b4-3480b2d3ce09" testId="3c81682b-590a-4fed-838a-3aeacd48ca14" testName="PutFile_NewFileCanBePut" computerName="VECTOR" duration="00:00:00.3900000" startTime="2018-07-19T16:42:58.0542376-04:00" endTime="2018-07-19T16:42:58.0542442-04:00" testType="13cdc9d9-ddb5-4fa4-a97d-d965ccfc6d4b" outcome="Passed" testListId="8c84fa94-04c1-424b-9868-57a2d4851a1d" relativeResultsDirectory="73fc3418-18d9-4a90-83b4-3480b2d3ce09" /><UnitTestResult executionId="f170c654-a9da-41c9-972f-291a7965cf7c" testId="b124a5b1-2b72-4833-93ae-af598c6b04cd" testName="Post_CanCreateNewModel" computerName="VECTOR" duration="00:00:00.1850000" startTime="2018-07-19T16:42:57.4265104-04:00" endTime="2018-07-19T16:42:57.4265169-04:00" testType="13cdc9d9-ddb5-4fa4-a97d-d965ccfc6d4b" outcome="Passed" testListId="8c84fa94-04c1-424b-9868-57a2d4851a1d" relativeResultsDirectory="f170c654-a9da-41c9-972f-291a7965cf7c" /><UnitTestResult executionId="61a420af-c898-4bc7-9541-cba6ccc518aa" testId="bc56def5-744f-4d04-b4c9-a81fb8852e99" testName="Put_InvalidIdReturnsNotFound" computerName="VECTOR" duration="00:00:00.0470000" startTime="2018-07-19T16:42:54.3273058-04:00" endTime="2018-07-19T16:42:54.3273138-04:00" testType="13cdc9d9-ddb5-4fa4-a97d-d965ccfc6d4b" outcome="Passed" testListId="8c84fa94-04c1-424b-9868-57a2d4851a1d" relativeResultsDirectory="61a420af-c898-4bc7-9541-cba6ccc518aa" /><UnitTestResult executionId="eb21f5e3-659f-40d8-809c-c8100bb60d8b" testId="04cacc10-3e66-4ac2-8b7c-38826d9dc943" testName="Post_InvalidReferencePropertyReturnsBadRequest" computerName="VECTOR" duration="00:00:00.0060000" startTime="2018-07-19T16:43:02.3254378-04:00" endTime="2018-07-19T16:43:02.3254418-04:00" testType="13cdc9d9-ddb5-4fa4-a97d-d965ccfc6d4b" outcome="Passed" testListId="8c84fa94-04c1-424b-9868-57a2d4851a1d" relativeResultsDirectory="eb21f5e3-659f-40d8-809c-c8100bb60d8b" /><UnitTestResult executionId="c99dfba5-6b11-4f7d-8ada-d8d1e41fb60b" testId="63cba5c3-d0ec-4865-a51a-95cee2853070" testName="Patch_InvalidReferencePropertyReturnsBadRequest" computerName="VECTOR" duration="00:00:00.0200000" startTime="2018-07-19T16:43:24.8870880-04:00" endTime="2018-07-19T16:43:24.8870937-04:00" testType="13cdc9d9-ddb5-4fa4-a97d-d965ccfc6d4b" outcome="Passed" testListId="8c84fa94-04c1-424b-9868-57a2d4851a1d" relativeResultsDirectory="c99dfba5-6b11-4f7d-8ada-d8d1e41fb60b" /><UnitTestResult executionId="f4b25e05-e4ba-4187-82d1-5d5b6f3c08d2" testId="94ca6299-47fa-47d1-bd7b-c80df197ace7" testName="PutFile_FileCanBeUpdated" computerName="VECTOR" duration="00:00:00.5000000" startTime="2018-07-19T16:43:10.2690076-04:00" endTime="2018-07-19T16:43:10.2690145-04:00" testType="13cdc9d9-ddb5-4fa4-a97d-d965ccfc6d4b" outcome="Passed" testListId="8c84fa94-04c1-424b-9868-57a2d4851a1d" relativeResultsDirectory="f4b25e05-e4ba-4187-82d1-5d5b6f3c08d2" /><UnitTestResult executionId="1e90ec2e-3e8d-448a-a43a-0a6bbd8d84c5" testId="8fe1ced0-6cf4-4393-89f0-2778bccb2f1c" testName="FileRequest_MeshGenerateSetsFileIsSynchronized" computerName="VECTOR" duration="00:00:07.0010000" startTime="2018-07-19T16:43:19.0595306-04:00" endTime="2018-07-19T16:43:19.0595368-04:00" testType="13cdc9d9-ddb5-4fa4-a97d-d965ccfc6d4b" outcome="Passed" testListId="8c84fa94-04c1-424b-9868-57a2d4851a1d" relativeResultsDirectory="1e90ec2e-3e8d-448a-a43a-0a6bbd8d84c5" /><UnitTestResult executionId="bf28a4d6-3f11-46ae-854e-70241a118c0f" testId="2a64d426-aad5-4220-9ce8-860630dd5bf0" testName="Patch_InvalidIdPropertyReturnsNotFound" computerName="VECTOR" duration="00:00:00.0200000" startTime="2018-07-19T16:42:56.9115553-04:00" endTime="2018-07-19T16:42:56.9115684-04:00" testType="13cdc9d9-ddb5-4fa4-a97d-d965ccfc6d4b" outcome="Passed" testListId="8c84fa94-04c1-424b-9868-57a2d4851a1d" relativeResultsDirectory="bf28a4d6-3f11-46ae-854e-70241a118c0f" /><UnitTestResult executionId="974ccc4e-b268-4621-b9c7-2dc4600d41ed" testId="036705e4-1b6d-46d9-9290-ad827e7b3791" testName="Delete_TargetModelIsDeleted" computerName="VECTOR" duration="00:00:00.5480000" startTime="2018-07-19T16:42:53.6346064-04:00" endTime="2018-07-19T16:42:53.6346138-04:00" testType="13cdc9d9-ddb5-4fa4-a97d-d965ccfc6d4b" outcome="Passed" testListId="8c84fa94-04c1-424b-9868-57a2d4851a1d" relativeResultsDirectory="974ccc4e-b268-4621-b9c7-2dc4600d41ed" /><UnitTestResult executionId="a82a8ece-c0eb-495b-8841-43107679a653" testId="378af0ff-4a5e-444b-bce0-cd70d1046170" testName="Patch_MultipleInvalidReferencePropertiesReturnsMultipleValidationErrorsAndBadRequest" computerName="VECTOR" duration="00:00:00.0020000" startTime="2018-07-19T16:42:54.7312578-04:00" endTime="2018-07-19T16:42:54.7312604-04:00" testType="13cdc9d9-ddb5-4fa4-a97d-d965ccfc6d4b" outcome="Passed" testListId="8c84fa94-04c1-424b-9868-57a2d4851a1d" relativeResultsDirectory="a82a8ece-c0eb-495b-8841-43107679a653" /><UnitTestResult executionId="d7864fa7-69a9-4c1a-a748-41a69762a62a" testId="9176f27f-085f-457d-9239-9fe12d2f1bb5" testName="Post_InvalidPropertyValueReturnsBadRequest" computerName="VECTOR" duration="00:00:00.0020000" startTime="2018-07-19T16:43:24.9304966-04:00" endTime="2018-07-19T16:43:24.9304991-04:00" testType="13cdc9d9-ddb5-4fa4-a97d-d965ccfc6d4b" outcome="Passed" testListId="8c84fa94-04c1-424b-9868-57a2d4851a1d" relativeResultsDirectory="d7864fa7-69a9-4c1a-a748-41a69762a62a" /><UnitTestResult executionId="6c51cee9-3910-4f4e-835c-555cfd2fd829" testId="6b402867-6760-416e-8966-05389583c63d" testName="Patch_InvalidIdPropertyReturnsNotFound" computerName="VECTOR" duration="00:00:00.0100000" startTime="2018-07-19T16:42:54.7431095-04:00" endTime="2018-07-19T16:42:54.7431132-04:00" testType="13cdc9d9-ddb5-4fa4-a97d-d965ccfc6d4b" outcome="Passed" testListId="8c84fa94-04c1-424b-9868-57a2d4851a1d" relativeResultsDirectory="6c51cee9-3910-4f4e-835c-555cfd2fd829" /><UnitTestResult executionId="a04446e9-f92e-4e74-9335-af2bc637a054" testId="23229ef5-a5bf-46a1-ab83-e3a7d40c21e3" testName="GetSingle_ValidIdPropertyValueReturnsCorrectModel" computerName="VECTOR" duration="00:00:00.0060000" startTime="2018-07-19T16:43:24.9148289-04:00" endTime="2018-07-19T16:43:24.9148340-04:00" testType="13cdc9d9-ddb5-4fa4-a97d-d965ccfc6d4b" outcome="Passed" testListId="8c84fa94-04c1-424b-9868-57a2d4851a1d" relativeResultsDirectory="a04446e9-f92e-4e74-9335-af2bc637a054" /><UnitTestResult executionId="7aae0714-c5ec-46c6-a9be-f19105d49417" testId="197b696f-bb7a-4370-8f06-03e9a4502483" testName="LucyDepthBufferFindsOneDependent" computerName="VECTOR" duration="00:00:00.0030000" startTime="2018-07-19T16:42:52.5755809-04:00" endTime="2018-07-19T16:42:52.5755832-04:00" testType="13cdc9d9-ddb5-4fa4-a97d-d965ccfc6d4b" outcome="Passed" testListId="8c84fa94-04c1-424b-9868-57a2d4851a1d" relativeResultsDirectory="7aae0714-c5ec-46c6-a9be-f19105d49417" /><UnitTestResult executionId="5bb12cf0-4e57-4b68-af53-6d24e1f5b9ca" testId="0816561a-4acb-4ce8-bcf9-9ff087fd218f" testName="Post_InvalidPropertyValueReturnsBadRequest" computerName="VECTOR" duration="00:00:00.0020000" startTime="2018-07-19T16:42:56.0455728-04:00" endTime="2018-07-19T16:42:56.0455750-04:00" testType="13cdc9d9-ddb5-4fa4-a97d-d965ccfc6d4b" outcome="Passed" testListId="8c84fa94-04c1-424b-9868-57a2d4851a1d" relativeResultsDirectory="5bb12cf0-4e57-4b68-af53-6d24e1f5b9ca" /><UnitTestResult executionId="8d00767d-2ee8-41f5-9251-28ddf4b14ef4" testId="1ba79667-7f15-418d-8038-e9fbd12242f4" testName="GetList_ListReturnsCorrectCount" computerName="VECTOR" duration="00:00:00.0910000" startTime="2018-07-19T16:42:54.7291022-04:00" endTime="2018-07-19T16:42:54.7291090-04:00" testType="13cdc9d9-ddb5-4fa4-a97d-d965ccfc6d4b" outcome="Passed" testListId="8c84fa94-04c1-424b-9868-57a2d4851a1d" relativeResultsDirectory="8d00767d-2ee8-41f5-9251-28ddf4b14ef4" /><UnitTestResult executionId="34f5ec83-2fef-47ad-88af-e2dd6a35b9f9" testId="ec42d398-e1e7-4e47-abf5-30febb657470" testName="GetList_ListReturnsCorrectCount" computerName="VECTOR" duration="00:00:00.0600000" startTime="2018-07-19T16:42:57.2344922-04:00" endTime="2018-07-19T16:42:57.2344973-04:00" testType="13cdc9d9-ddb5-4fa4-a97d-d965ccfc6d4b" outcome="Passed" testListId="8c84fa94-04c1-424b-9868-57a2d4851a1d" relativeResultsDirectory="34f5ec83-2fef-47ad-88af-e2dd6a35b9f9" /><UnitTestResult executionId="00053ac6-c74b-411a-b8d0-4b79603b0e7d" testId="80047b46-ab06-4e2d-ad45-456ad161a926" testName="Post_CanCreateNewModel" computerName="VECTOR" duration="00:00:00.1920000" startTime="2018-07-19T16:43:24.1755554-04:00" endTime="2018-07-19T16:43:24.1755622-04:00" testType="13cdc9d9-ddb5-4fa4-a97d-d965ccfc6d4b" outcome="Passed" testListId="8c84fa94-04c1-424b-9868-57a2d4851a1d" relativeResultsDirectory="00053ac6-c74b-411a-b8d0-4b79603b0e7d" /><UnitTestResult executionId="18e5d029-a832-4dd8-86c7-cf8e5e3446ed" testId="dda7220b-eaae-471f-b098-296ef2edd059" testName="GetFile_ExistingFileReturnsSuccess" computerName="VECTOR" duration="00:00:00.0300000" startTime="2018-07-19T16:43:10.2994971-04:00" endTime="2018-07-19T16:43:10.2995042-04:00" testType="13cdc9d9-ddb5-4fa4-a97d-d965ccfc6d4b" outcome="Passed" testListId="8c84fa94-04c1-424b-9868-57a2d4851a1d" relativeResultsDirectory="18e5d029-a832-4dd8-86c7-cf8e5e3446ed" /><UnitTestResult executionId="ac38bdae-fae8-41e0-abc4-e5c93f19f79c" testId="413484f5-bd9a-4d75-a57b-ca132727fa5b" testName="Patch_InvalidPropertyNameReturnsBadRequest" computerName="VECTOR" duration="00:00:00.0060000" startTime="2018-07-19T16:43:23.6230806-04:00" endTime="2018-07-19T16:43:23.6230837-04:00" testType="13cdc9d9-ddb5-4fa4-a97d-d965ccfc6d4b" outcome="Passed" testListId="8c84fa94-04c1-424b-9868-57a2d4851a1d" relativeResultsDirectory="ac38bdae-fae8-41e0-abc4-e5c93f19f79c" /><UnitTestResult executionId="457b581d-8954-400e-b9e3-8621382b22b1" testId="03f30ae0-e331-4383-9f9d-b1c27e282ef4" testName="GetList_ListReturnsCorrectCount" computerName="VECTOR" duration="00:00:00.0380000" startTime="2018-07-19T16:43:31.2421757-04:00" endTime="2018-07-19T16:43:31.2421828-04:00" testType="13cdc9d9-ddb5-4fa4-a97d-d965ccfc6d4b" outcome="Passed" testListId="8c84fa94-04c1-424b-9868-57a2d4851a1d" relativeResultsDirectory="457b581d-8954-400e-b9e3-8621382b22b1" /><UnitTestResult executionId="79f5309c-0889-401e-84ec-532f967141f2" testId="95f32deb-b32a-4195-a3fa-bab216a3037d" testName="Put_InvalidIdReturnsNotFound" computerName="VECTOR" duration="00:00:00.0490000" startTime="2018-07-19T16:42:56.0380587-04:00" endTime="2018-07-19T16:42:56.0380643-04:00" testType="13cdc9d9-ddb5-4fa4-a97d-d965ccfc6d4b" outcome="Passed" testListId="8c84fa94-04c1-424b-9868-57a2d4851a1d" relativeResultsDirectory="79f5309c-0889-401e-84ec-532f967141f2" /><UnitTestResult executionId="5ff39d15-d9d7-417a-a00b-8fbe01d943c2" testId="bad974e3-fff3-4314-99f1-d0fbbb2d4d49" testName="Patch_ValidReferencePropertyUpdatesModel" computerName="VECTOR" duration="00:00:00.8840000" startTime="2018-07-19T16:43:04.1756736-04:00" endTime="2018-07-19T16:43:04.1756819-04:00" testType="13cdc9d9-ddb5-4fa4-a97d-d965ccfc6d4b" outcome="Passed" testListId="8c84fa94-04c1-424b-9868-57a2d4851a1d" relativeResultsDirectory="5ff39d15-d9d7-417a-a00b-8fbe01d943c2" /><UnitTestResult executionId="b845801e-2cd0-44bf-8c11-1cebec21ff90" testId="41f7fedd-96a8-40d8-9a00-30d4c5607e49" testName="Patch_InvalidReferencePropertyReturnsBadRequest" computerName="VECTOR" duration="00:00:00.0060000" startTime="2018-07-19T16:42:54.0852110-04:00" endTime="2018-07-19T16:42:54.0852186-04:00" testType="13cdc9d9-ddb5-4fa4-a97d-d965ccfc6d4b" outcome="Passed" testListId="8c84fa94-04c1-424b-9868-57a2d4851a1d" relativeResultsDirectory="b845801e-2cd0-44bf-8c11-1cebec21ff90" /><UnitTestResult executionId="d772b58d-258d-4013-a113-5a2c4ae3f8b9" testId="ca236b3b-bba7-414a-bb2a-b031df602b4b" testName="Patch_InvalidEnumPropertyValueReturnsBadRequest" computerName="VECTOR" duration="00:00:00.0210000" startTime="2018-07-19T16:43:05.2421679-04:00" endTime="2018-07-19T16:43:05.2421750-04:00" testType="13cdc9d9-ddb5-4fa4-a97d-d965ccfc6d4b" outcome="Passed" testListId="8c84fa94-04c1-424b-9868-57a2d4851a1d" relativeResultsDirectory="d772b58d-258d-4013-a113-5a2c4ae3f8b9" /><UnitTestResult executionId="fa42d5c3-a0ba-41ea-8771-a95968bf4e0f" testId="47edcdf5-4214-4b99-b648-4185cdb71524" testName="Put_ValidReferencePropertyUpdatesModel" computerName="VECTOR" duration="00:00:00.0070000" startTime="2018-07-19T16:42:54.0793161-04:00" endTime="2018-07-19T16:42:54.0793244-04:00" testType="13cdc9d9-ddb5-4fa4-a97d-d965ccfc6d4b" outcome="Passed" testListId="8c84fa94-04c1-424b-9868-57a2d4851a1d" relativeResultsDirectory="fa42d5c3-a0ba-41ea-8771-a95968bf4e0f" /><UnitTestResult executionId="85603bd9-9677-4073-86d1-30e6e5634cf3" testId="0a02811b-fafc-47ab-8c72-d2483c904157" testName="Post_CanCreateNewModel" computerName="VECTOR" duration="00:00:00.1610000" startTime="2018-07-19T16:43:31.0078031-04:00" endTime="2018-07-19T16:43:31.0078097-04:00" testType="13cdc9d9-ddb5-4fa4-a97d-d965ccfc6d4b" outcome="Passed" testListId="8c84fa94-04c1-424b-9868-57a2d4851a1d" relativeResultsDirectory="85603bd9-9677-4073-86d1-30e6e5634cf3" /><UnitTestResult executionId="1ff65c72-1e5c-41ca-8945-79f627a25276" testId="42d8e4a0-dc6c-4e99-b406-8d15006db054" testName="GetSingle_InvalidIdPropertyValueReturnsNotFound" computerName="VECTOR" duration="00:00:00.0060000" startTime="2018-07-19T16:42:54.3433517-04:00" endTime="2018-07-19T16:42:54.3433548-04:00" testType="13cdc9d9-ddb5-4fa4-a97d-d965ccfc6d4b" outcome="Passed" testListId="8c84fa94-04c1-424b-9868-57a2d4851a1d" relativeResultsDirectory="1ff65c72-1e5c-41ca-8945-79f627a25276" /><UnitTestResult executionId="925bf2bd-ed95-4f92-a51f-08060d2c5d49" testId="49609ca8-717f-446f-8a26-956ce68f7dbc" testName="FileRequest_MeshGenerateScalesDepthBufferByP1Scale" computerName="VECTOR" duration="00:00:03.6640000" startTime="2018-07-19T16:43:23.4736640-04:00" endTime="2018-07-19T16:43:23.4736709-04:00" testType="13cdc9d9-ddb5-4fa4-a97d-d965ccfc6d4b" outcome="Passed" testListId="8c84fa94-04c1-424b-9868-57a2d4851a1d" relativeResultsDirectory="925bf2bd-ed95-4f92-a51f-08060d2c5d49" /><UnitTestResult executionId="47c141af-74f2-4199-ad53-177b323bc04f" testId="22a2fe76-01ed-4f05-adeb-aadc87392a2b" testName="PostFile_FileIsSynchronizedIsUpdatedAfterFileIsPosted" computerName="VECTOR" duration="00:00:00.0010000" startTime="2018-07-19T16:43:00.0097021-04:00" endTime="2018-07-19T16:43:00.0097055-04:00" testType="13cdc9d9-ddb5-4fa4-a97d-d965ccfc6d4b" outcome="Passed" testListId="8c84fa94-04c1-424b-9868-57a2d4851a1d" relativeResultsDirectory="47c141af-74f2-4199-ad53-177b323bc04f" /><UnitTestResult executionId="6bbebbae-1014-433a-918a-4f12286049a7" testId="c37593e3-78e1-4373-9326-97dc50106b42" testName="Post_CanCreateNewModel" computerName="VECTOR" duration="00:00:00.1940000" startTime="2018-07-19T16:42:54.2798017-04:00" endTime="2018-07-19T16:42:54.2798085-04:00" testType="13cdc9d9-ddb5-4fa4-a97d-d965ccfc6d4b" outcome="Passed" testListId="8c84fa94-04c1-424b-9868-57a2d4851a1d" relativeResultsDirectory="6bbebbae-1014-433a-918a-4f12286049a7" /><UnitTestResult executionId="136e2797-8da6-44c0-9aec-a7b64bfa849f" testId="eb03d9a4-61b8-4b73-9a2b-ac995c844343" testName="Put_ValidReferencePropertyUpdatesModel" computerName="VECTOR" duration="00:00:00.3420000" startTime="2018-07-19T16:43:05.2206238-04:00" endTime="2018-07-19T16:43:05.2206363-04:00" testType="13cdc9d9-ddb5-4fa4-a97d-d965ccfc6d4b" outcome="Passed" testListId="8c84fa94-04c1-424b-9868-57a2d4851a1d" relativeResultsDirectory="136e2797-8da6-44c0-9aec-a7b64bfa849f" /><UnitTestResult executionId="f0b3b496-7d7d-46a6-803c-8069d0a8fce9" testId="4b956bc0-0a9b-4d48-921e-fe6c3e8125b7" testName="Put_InvalidReferencePropertyReturndBadRequest" computerName="VECTOR" duration="00:00:00.0210000" startTime="2018-07-19T16:43:31.6213394-04:00" endTime="2018-07-19T16:43:31.6213456-04:00" testType="13cdc9d9-ddb5-4fa4-a97d-d965ccfc6d4b" outcome="Passed" testListId="8c84fa94-04c1-424b-9868-57a2d4851a1d" relativeResultsDirectory="f0b3b496-7d7d-46a6-803c-8069d0a8fce9" /><UnitTestResult executionId="aa550d03-507e-4da2-b904-53e1f28dfbff" testId="1966d3e5-13e7-4aba-8b32-6e9081d03c13" testName="GetFile_NonExistentFileReturnsNotFound" computerName="VECTOR" duration="00:00:00.0130000" startTime="2018-07-19T16:43:06.3926190-04:00" endTime="2018-07-19T16:43:06.3926255-04:00" testType="13cdc9d9-ddb5-4fa4-a97d-d965ccfc6d4b" outcome="Passed" testListId="8c84fa94-04c1-424b-9868-57a2d4851a1d" relativeResultsDirectory="aa550d03-507e-4da2-b904-53e1f28dfbff" /></Results><TestDefinitions><UnitTest name="Put_InvalidReferencePropertyReturndBadRequest" storage="d:\users\steve knipmeyer\documents\github\modelrelief\modelrelief.test\bin\debug\netcoreapp2.0\modelrelief.test.dll" id="92962144-0bad-429d-97d9-5cc0a6c63740"><Execution id="c559e6a5-c466-470e-876d-5847a3f42668" /><TestMethod codeBase="D:\Users\Steve Knipmeyer\Documents\GitHub\ModelRelief\ModelRelief.test\bin\Debug\netcoreapp2.0\ModelRelief.Test.dll" adapterTypeName="executor://xunit/VsTestRunner2/netcoreapp" className="ModelRelief.Test.Integration.Projects.ProjectsBaseIntegrationTests" name="Put_InvalidReferencePropertyReturndBadRequest" /></UnitTest><UnitTest name="Post_InvalidReferencePropertyReturnsBadRequest" storage="d:\users\steve knipmeyer\documents\github\modelrelief\modelrelief.test\bin\debug\netcoreapp2.0\modelrelief.test.dll" id="66e0e139-2936-4661-9e62-72e1e02457a0"><Execution id="d483fb92-6da6-4a1c-9e7d-47ecefdc4536" /><TestMethod codeBase="D:\Users\Steve Knipmeyer\Documents\GitHub\ModelRelief\ModelRelief.test\bin\Debug\netcoreapp2.0\ModelRelief.Test.dll" adapterTypeName="executor://xunit/VsTestRunner2/netcoreapp" className="ModelRelief.Test.Integration.Models.ModelsBaseIntegrationTests" name="Post_InvalidReferencePropertyReturnsBadRequest" /></UnitTest><UnitTest name="PostFile_FileIsSynchronizedIsUpdatedAfterFileIsPosted" storage="d:\users\steve knipmeyer\documents\github\modelrelief\modelrelief.test\bin\debug\netcoreapp2.0\modelrelief.test.dll" id="132fd09f-ba8f-461e-8e9a-57bb61d579d9"><Execution id="a352ffff-8b54-4525-8a69-ae8cca2570c4" /><TestMethod codeBase="D:\Users\Steve Knipmeyer\Documents\GitHub\ModelRelief\ModelRelief.test\bin\Debug\netcoreapp2.0\ModelRelief.Test.dll" adapterTypeName="executor://xunit/VsTestRunner2/netcoreapp" className="ModelRelief.Test.Integration.Meshes.MeshesFileIntegrationTests" name="PostFile_FileIsSynchronizedIsUpdatedAfterFileIsPosted" /></UnitTest><UnitTest name="Patch_MultipleInvalidReferencePropertiesReturnsMultipleValidationErrorsAndBadRequest" storage="d:\users\steve knipmeyer\documents\github\modelrelief\modelrelief.test\bin\debug\netcoreapp2.0\modelrelief.test.dll" id="378af0ff-4a5e-444b-bce0-cd70d1046170"><Execution id="a82a8ece-c0eb-495b-8841-43107679a653" /><TestMethod codeBase="D:\Users\Steve Knipmeyer\Documents\GitHub\ModelRelief\ModelRelief.test\bin\Debug\netcoreapp2.0\ModelRelief.Test.dll" adapterTypeName="executor://xunit/VsTestRunner2/netcoreapp" className="ModelRelief.Test.Integration.Projects.ProjectsBaseIntegrationTests" name="Patch_MultipleInvalidReferencePropertiesReturnsMultipleValidationErrorsAndBadRequest" /></UnitTest><UnitTest name="Post_InvalidReferencePropertyReturnsBadRequest" storage="d:\users\steve knipmeyer\documents\github\modelrelief\modelrelief.test\bin\debug\netcoreapp2.0\modelrelief.test.dll" id="fa730a25-c698-4e40-86ea-7ba9b4034c12"><Execution id="6ca59d8b-2d6b-46e2-bd80-1772d9f87f48" /><TestMethod codeBase="D:\Users\Steve Knipmeyer\Documents\GitHub\ModelRelief\ModelRelief.test\bin\Debug\netcoreapp2.0\ModelRelief.Test.dll" adapterTypeName="executor://xunit/VsTestRunner2/netcoreapp" className="ModelRelief.Test.Integration.Meshes.MeshesBaseIntegrationTests" name="Post_InvalidReferencePropertyReturnsBadRequest" /></UnitTest><UnitTest name="Patch_ValidReferencePropertyUpdatesModel" storage="d:\users\steve knipmeyer\documents\github\modelrelief\modelrelief.test\bin\debug\netcoreapp2.0\modelrelief.test.dll" id="ef1adf12-fa5f-4d72-9b40-51476d6611af"><Execution id="bb3ae65d-7207-41b5-b281-232c2534fdd0" /><TestMethod codeBase="D:\Users\Steve Knipmeyer\Documents\GitHub\ModelRelief\ModelRelief.test\bin\Debug\netcoreapp2.0\ModelRelief.Test.dll" adapterTypeName="executor://xunit/VsTestRunner2/netcoreapp" className="ModelRelief.Test.Integration.MeshTransforms.MeshTransformsBaseIntegrationTests" name="Patch_ValidReferencePropertyUpdatesModel" /></UnitTest><UnitTest name="FileRequest_DepthBufferIsInvalidatedAfterCameraDependencyPropertyChange" storage="d:\users\steve knipmeyer\documents\github\modelrelief\modelrelief.test\bin\debug\netcoreapp2.0\modelrelief.test.dll" id="6036ba23-55b5-4c47-9234-c5add9842e95"><Execution id="8f64d713-2469-4e59-b6a9-c6a2bfd25260" /><TestMethod codeBase="D:\Users\Steve Knipmeyer\Documents\GitHub\ModelRelief\ModelRelief.test\bin\Debug\netcoreapp2.0\ModelRelief.Test.dll" adapterTypeName="executor://xunit/VsTestRunner2/netcoreapp" className="ModelRelief.Test.Integration.DepthBuffers.DepthBuffersFileIntegrationTests" name="FileRequest_DepthBufferIsInvalidatedAfterCameraDependencyPropertyChange" /></UnitTest><UnitTest name="PostFile_FileTimeStampIsUpdatedAfterFileIsPosted" storage="d:\users\steve knipmeyer\documents\github\modelrelief\modelrelief.test\bin\debug\netcoreapp2.0\modelrelief.test.dll" id="cbea733e-3afc-4b45-87f6-4056eb728287"><Execution id="c10c912c-cb16-4a29-8032-f322fed081bb" /><TestMethod codeBase="D:\Users\Steve Knipmeyer\Documents\GitHub\ModelRelief\ModelRelief.test\bin\Debug\netcoreapp2.0\ModelRelief.Test.dll" adapterTypeName="executor://xunit/VsTestRunner2/netcoreapp" className="ModelRelief.Test.Integration.DepthBuffers.DepthBuffersFileIntegrationTests" name="PostFile_FileTimeStampIsUpdatedAfterFileIsPosted" /></UnitTest><UnitTest name="Patch_InvalidIdPropertyReturnsNotFound" storage="d:\users\steve knipmeyer\documents\github\modelrelief\modelrelief.test\bin\debug\netcoreapp2.0\modelrelief.test.dll" id="370f2ac8-6d13-4b13-8c2c-fe97e8e3197b"><Execution id="581c897f-85e0-4c1e-aa3a-525288c5342c" /><TestMethod codeBase="D:\Users\Steve Knipmeyer\Documents\GitHub\ModelRelief\ModelRelief.test\bin\Debug\netcoreapp2.0\ModelRelief.Test.dll" adapterTypeName="executor://xunit/VsTestRunner2/netcoreapp" className="ModelRelief.Test.Integration.DepthBuffers.DepthBuffersBaseIntegrationTests" name="Patch_InvalidIdPropertyReturnsNotFound" /></UnitTest><UnitTest name="Patch_InvalidEnumPropertyValueReturnsBadRequest" storage="d:\users\steve knipmeyer\documents\github\modelrelief\modelrelief.test\bin\debug\netcoreapp2.0\modelrelief.test.dll" id="96bf5a24-1aa6-4fea-897f-ee9c5cf4a772"><Execution id="d3e8cef4-7ff6-4a34-a289-bb6ce69455ba" /><TestMethod codeBase="D:\Users\Steve Knipmeyer\Documents\GitHub\ModelRelief\ModelRelief.test\bin\Debug\netcoreapp2.0\ModelRelief.Test.dll" adapterTypeName="executor://xunit/VsTestRunner2/netcoreapp" className="ModelRelief.Test.Integration.DepthBuffers.DepthBuffersBaseIntegrationTests" name="Patch_InvalidEnumPropertyValueReturnsBadRequest" /></UnitTest><UnitTest name="Delete_TargetModelIsDeleted" storage="d:\users\steve knipmeyer\documents\github\modelrelief\modelrelief.test\bin\debug\netcoreapp2.0\modelrelief.test.dll" id="66b44387-d320-4620-9341-07248cf80557"><Execution id="aa514064-423b-401f-887a-b07ee58f9ea8" /><TestMethod codeBase="D:\Users\Steve Knipmeyer\Documents\GitHub\ModelRelief\ModelRelief.test\bin\Debug\netcoreapp2.0\ModelRelief.Test.dll" adapterTypeName="executor://xunit/VsTestRunner2/netcoreapp" className="ModelRelief.Test.Integration.DepthBuffers.DepthBuffersBaseIntegrationTests" name="Delete_TargetModelIsDeleted" /></UnitTest><UnitTest name="GetSingle_InvalidIdPropertyValueReturnsNotFound" storage="d:\users\steve knipmeyer\documents\github\modelrelief\modelrelief.test\bin\debug\netcoreapp2.0\modelrelief.test.dll" id="42d8e4a0-dc6c-4e99-b406-8d15006db054"><Execution id="1ff65c72-1e5c-41ca-8945-79f627a25276" /><TestMethod codeBase="D:\Users\Steve Knipmeyer\Documents\GitHub\ModelRelief\ModelRelief.test\bin\Debug\netcoreapp2.0\ModelRelief.Test.dll" adapterTypeName="executor://xunit/VsTestRunner2/netcoreapp" className="ModelRelief.Test.Integration.Projects.ProjectsBaseIntegrationTests" name="GetSingle_InvalidIdPropertyValueReturnsNotFound" /></UnitTest><UnitTest name="Patch_InvalidEnumPropertyValueReturnsBadRequest" storage="d:\users\steve knipmeyer\documents\github\modelrelief\modelrelief.test\bin\debug\netcoreapp2.0\modelrelief.test.dll" id="1c38240b-b941-4c69-b393-ce9b54fd6584"><Execution id="896e60aa-9fd4-4940-a3f9-50fe82c4ac1b" /><TestMethod codeBase="D:\Users\Steve Knipmeyer\Documents\GitHub\ModelRelief\ModelRelief.test\bin\Debug\netcoreapp2.0\ModelRelief.Test.dll" adapterTypeName="executor://xunit/VsTestRunner2/netcoreapp" className="ModelRelief.Test.Integration.Cameras.CamerasBaseIntegrationTests" name="Patch_InvalidEnumPropertyValueReturnsBadRequest" /></UnitTest><UnitTest name="Post_CanCreateNewModel" storage="d:\users\steve knipmeyer\documents\github\modelrelief\modelrelief.test\bin\debug\netcoreapp2.0\modelrelief.test.dll" id="0a02811b-fafc-47ab-8c72-d2483c904157"><Execution id="85603bd9-9677-4073-86d1-30e6e5634cf3" /><TestMethod codeBase="D:\Users\Steve Knipmeyer\Documents\GitHub\ModelRelief\ModelRelief.test\bin\Debug\netcoreapp2.0\ModelRelief.Test.dll" adapterTypeName="executor://xunit/VsTestRunner2/netcoreapp" className="ModelRelief.Test.Integration.Cameras.CamerasBaseIntegrationTests" name="Post_CanCreateNewModel" /></UnitTest><UnitTest name="Put_InvalidIdReturnsNotFound" storage="d:\users\steve knipmeyer\documents\github\modelrelief\modelrelief.test\bin\debug\netcoreapp2.0\modelrelief.test.dll" id="bc56def5-744f-4d04-b4c9-a81fb8852e99"><Execution id="61a420af-c898-4bc7-9541-cba6ccc518aa" /><TestMethod codeBase="D:\Users\Steve Knipmeyer\Documents\GitHub\ModelRelief\ModelRelief.test\bin\Debug\netcoreapp2.0\ModelRelief.Test.dll" adapterTypeName="executor://xunit/VsTestRunner2/netcoreapp" className="ModelRelief.Test.Integration.Projects.ProjectsBaseIntegrationTests" name="Put_InvalidIdReturnsNotFound" /></UnitTest><UnitTest name="Put_ValidReferencePropertyUpdatesModel" storage="d:\users\steve knipmeyer\documents\github\modelrelief\modelrelief.test\bin\debug\netcoreapp2.0\modelrelief.test.dll" id="323b29d6-75af-42a5-8e8d-2ffdd467ae12"><Execution id="a4742b76-4d02-4dee-85c7-ebeb031518c9" /><TestMethod codeBase="D:\Users\Steve Knipmeyer\Documents\GitHub\ModelRelief\ModelRelief.test\bin\Debug\netcoreapp2.0\ModelRelief.Test.dll" adapterTypeName="executor://xunit/VsTestRunner2/netcoreapp" className="ModelRelief.Test.Integration.DepthBuffers.DepthBuffersBaseIntegrationTests" name="Put_ValidReferencePropertyUpdatesModel" /></UnitTest><UnitTest name="GetSingle_InvalidIdPropertyValueReturnsNotFound" storage="d:\users\steve knipmeyer\documents\github\modelrelief\modelrelief.test\bin\debug\netcoreapp2.0\modelrelief.test.dll" id="5dc57189-93d6-44e9-b02a-1bc522332ac7"><Execution id="c5394d7d-2401-4cd9-b003-3362f468cade" /><TestMethod codeBase="D:\Users\Steve Knipmeyer\Documents\GitHub\ModelRelief\ModelRelief.test\bin\Debug\netcoreapp2.0\ModelRelief.Test.dll" adapterTypeName="executor://xunit/VsTestRunner2/netcoreapp" className="ModelRelief.Test.Integration.MeshTransforms.MeshTransformsBaseIntegrationTests" name="GetSingle_InvalidIdPropertyValueReturnsNotFound" /></UnitTest><UnitTest name="Patch_InvalidIdPropertyReturnsNotFound" storage="d:\users\steve knipmeyer\documents\github\modelrelief\modelrelief.test\bin\debug\netcoreapp2.0\modelrelief.test.dll" id="6b402867-6760-416e-8966-05389583c63d"><Execution id="6c51cee9-3910-4f4e-835c-555cfd2fd829" /><TestMethod codeBase="D:\Users\Steve Knipmeyer\Documents\GitHub\ModelRelief\ModelRelief.test\bin\Debug\netcoreapp2.0\ModelRelief.Test.dll" adapterTypeName="executor://xunit/VsTestRunner2/netcoreapp" className="ModelRelief.Test.Integration.Projects.ProjectsBaseIntegrationTests" name="Patch_InvalidIdPropertyReturnsNotFound" /></UnitTest><UnitTest name="PutFile_FileCanBeUpdated" storage="d:\users\steve knipmeyer\documents\github\modelrelief\modelrelief.test\bin\debug\netcoreapp2.0\modelrelief.test.dll" id="addc0fa2-9fa7-41a3-8e17-d600e0243d62"><Execution id="1a15a798-13ff-4d8d-90c7-9c4aba805f75" /><TestMethod codeBase="D:\Users\Steve Knipmeyer\Documents\GitHub\ModelRelief\ModelRelief.test\bin\Debug\netcoreapp2.0\ModelRelief.Test.dll" adapterTypeName="executor://xunit/VsTestRunner2/netcoreapp" className="ModelRelief.Test.Integration.DepthBuffers.DepthBuffersFileIntegrationTests" name="PutFile_FileCanBeUpdated" /></UnitTest><UnitTest name="Patch_MultipleInvalidReferencePropertiesReturnsMultipleValidationErrorsAndBadRequest" storage="d:\users\steve knipmeyer\documents\github\modelrelief\modelrelief.test\bin\debug\netcoreapp2.0\modelrelief.test.dll" id="67853a2e-8927-45dd-a566-642dfc95bacc"><Execution id="dea3f7e7-1377-4208-abf6-8e7fc17c8a41" /><TestMethod codeBase="D:\Users\Steve Knipmeyer\Documents\GitHub\ModelRelief\ModelRelief.test\bin\Debug\netcoreapp2.0\ModelRelief.Test.dll" adapterTypeName="executor://xunit/VsTestRunner2/netcoreapp" className="ModelRelief.Test.Integration.Meshes.MeshesBaseIntegrationTests" name="Patch_MultipleInvalidReferencePropertiesReturnsMultipleValidationErrorsAndBadRequest" /></UnitTest><UnitTest name="Put_ValidReferencePropertyUpdatesModel" storage="d:\users\steve knipmeyer\documents\github\modelrelief\modelrelief.test\bin\debug\netcoreapp2.0\modelrelief.test.dll" id="eb03d9a4-61b8-4b73-9a2b-ac995c844343"><Execution id="136e2797-8da6-44c0-9aec-a7b64bfa849f" /><TestMethod codeBase="D:\Users\Steve Knipmeyer\Documents\GitHub\ModelRelief\ModelRelief.test\bin\Debug\netcoreapp2.0\ModelRelief.Test.dll" adapterTypeName="executor://xunit/VsTestRunner2/netcoreapp" className="ModelRelief.Test.Integration.Meshes.MeshesBaseIntegrationTests" name="Put_ValidReferencePropertyUpdatesModel" /></UnitTest><UnitTest name="PostFile_NewFileCanBePosted" storage="d:\users\steve knipmeyer\documents\github\modelrelief\modelrelief.test\bin\debug\netcoreapp2.0\modelrelief.test.dll" id="9a246e71-b7a2-456c-850b-fd1622fe07b4"><Execution id="76eaea3a-ebfb-45df-bcb3-20c7ca7e2d73" /><TestMethod codeBase="D:\Users\Steve Knipmeyer\Documents\GitHub\ModelRelief\ModelRelief.test\bin\Debug\netcoreapp2.0\ModelRelief.Test.dll" adapterTypeName="executor://xunit/VsTestRunner2/netcoreapp" className="ModelRelief.Test.Integration.DepthBuffers.DepthBuffersFileIntegrationTests" name="PostFile_NewFileCanBePosted" /></UnitTest><UnitTest name="Patch_TargetPropertyIsUpdated" storage="d:\users\steve knipmeyer\documents\github\modelrelief\modelrelief.test\bin\debug\netcoreapp2.0\modelrelief.test.dll" id="19901af6-797a-4319-a2fe-fdd7ac5a7ae8"><Execution id="42f50efa-9c6e-4969-b62d-175e9bacf382" /><TestMethod codeBase="D:\Users\Steve Knipmeyer\Documents\GitHub\ModelRelief\ModelRelief.test\bin\Debug\netcoreapp2.0\ModelRelief.Test.dll" adapterTypeName="executor://xunit/VsTestRunner2/netcoreapp" className="ModelRelief.Test.Integration.Meshes.MeshesBaseIntegrationTests" name="Patch_TargetPropertyIsUpdated" /></UnitTest><UnitTest name="Put_InvalidReferencePropertyReturndBadRequest" storage="d:\users\steve knipmeyer\documents\github\modelrelief\modelrelief.test\bin\debug\netcoreapp2.0\modelrelief.test.dll" id="3a82939a-8060-43eb-beb5-96268952d0fc"><Execution id="3000d72e-c19e-4586-818e-48a137f34e1b" /><TestMethod codeBase="D:\Users\Steve Knipmeyer\Documents\GitHub\ModelRelief\ModelRelief.test\bin\Debug\netcoreapp2.0\ModelRelief.Test.dll" adapterTypeName="executor://xunit/VsTestRunner2/netcoreapp" className="ModelRelief.Test.Integration.DepthBuffers.DepthBuffersBaseIntegrationTests" name="Put_InvalidReferencePropertyReturndBadRequest" /></UnitTest><UnitTest name="GetList_ListReturnsCorrectCount" storage="d:\users\steve knipmeyer\documents\github\modelrelief\modelrelief.test\bin\debug\netcoreapp2.0\modelrelief.test.dll" id="1ba79667-7f15-418d-8038-e9fbd12242f4"><Execution id="8d00767d-2ee8-41f5-9251-28ddf4b14ef4" /><TestMethod codeBase="D:\Users\Steve Knipmeyer\Documents\GitHub\ModelRelief\ModelRelief.test\bin\Debug\netcoreapp2.0\ModelRelief.Test.dll" adapterTypeName="executor://xunit/VsTestRunner2/netcoreapp" className="ModelRelief.Test.Integration.Projects.ProjectsBaseIntegrationTests" name="GetList_ListReturnsCorrectCount" /></UnitTest><UnitTest name="GetSingle_InvalidIdPropertyValueReturnsNotFound" storage="d:\users\steve knipmeyer\documents\github\modelrelief\modelrelief.test\bin\debug\netcoreapp2.0\modelrelief.test.dll" id="4aa42178-6532-4d37-8b48-40824714f8e2"><Execution id="b76cdae4-189d-4a36-bd90-8d3e6fa71fbe" /><TestMethod codeBase="D:\Users\Steve Knipmeyer\Documents\GitHub\ModelRelief\ModelRelief.test\bin\Debug\netcoreapp2.0\ModelRelief.Test.dll" adapterTypeName="executor://xunit/VsTestRunner2/netcoreapp" className="ModelRelief.Test.Integration.Meshes.MeshesBaseIntegrationTests" name="GetSingle_InvalidIdPropertyValueReturnsNotFound" /></UnitTest><UnitTest name="Put_CanUpdateModel" storage="d:\users\steve knipmeyer\documents\github\modelrelief\modelrelief.test\bin\debug\netcoreapp2.0\modelrelief.test.dll" id="5f301d99-c05a-4d32-ada1-5b7912e33ca7"><Execution id="be3f4d9b-6f4c-425c-944f-5d5699a6bb3c" /><TestMethod codeBase="D:\Users\Steve Knipmeyer\Documents\GitHub\ModelRelief\ModelRelief.test\bin\Debug\netcoreapp2.0\ModelRelief.Test.dll" adapterTypeName="executor://xunit/VsTestRunner2/netcoreapp" className="ModelRelief.Test.Integration.Meshes.MeshesBaseIntegrationTests" name="Put_CanUpdateModel" /></UnitTest><UnitTest name="Patch_InvalidReferencePropertyReturnsBadRequest" storage="d:\users\steve knipmeyer\documents\github\modelrelief\modelrelief.test\bin\debug\netcoreapp2.0\modelrelief.test.dll" id="63cba5c3-d0ec-4865-a51a-95cee2853070"><Execution id="c99dfba5-6b11-4f7d-8ada-d8d1e41fb60b" /><TestMethod codeBase="D:\Users\Steve Knipmeyer\Documents\GitHub\ModelRelief\ModelRelief.test\bin\Debug\netcoreapp2.0\ModelRelief.Test.dll" adapterTypeName="executor://xunit/VsTestRunner2/netcoreapp" className="ModelRelief.Test.Integration.DepthBuffers.DepthBuffersBaseIntegrationTests" name="Patch_InvalidReferencePropertyReturnsBadRequest" /></UnitTest><UnitTest name="GetSingle_ValidIdPropertyValueReturnsCorrectModel" storage="d:\users\steve knipmeyer\documents\github\modelrelief\modelrelief.test\bin\debug\netcoreapp2.0\modelrelief.test.dll" id="b1cd9ab5-81b9-4406-a7be-656d7cee4914"><Execution id="e10088fc-7d08-43a0-8a6d-9e441ce2f822" /><TestMethod codeBase="D:\Users\Steve Knipmeyer\Documents\GitHub\ModelRelief\ModelRelief.test\bin\Debug\netcoreapp2.0\ModelRelief.Test.dll" adapterTypeName="executor://xunit/VsTestRunner2/netcoreapp" className="ModelRelief.Test.Integration.Models.ModelsBaseIntegrationTests" name="GetSingle_ValidIdPropertyValueReturnsCorrectModel" /></UnitTest><UnitTest name="Post_ValidReferencePropertyCreatesModel" storage="d:\users\steve knipmeyer\documents\github\modelrelief\modelrelief.test\bin\debug\netcoreapp2.0\modelrelief.test.dll" id="1bf19e38-0010-44d4-a658-071dba2b6ef3"><Execution id="6dbe351d-b7be-43cc-b43f-f62f707d2462" /><TestMethod codeBase="D:\Users\Steve Knipmeyer\Documents\GitHub\ModelRelief\ModelRelief.test\bin\Debug\netcoreapp2.0\ModelRelief.Test.dll" adapterTypeName="executor://xunit/VsTestRunner2/netcoreapp" className="ModelRelief.Test.Integration.Projects.ProjectsBaseIntegrationTests" name="Post_ValidReferencePropertyCreatesModel" /></UnitTest><UnitTest name="LucyDepthBufferFindsOneDependent" storage="d:\users\steve knipmeyer\documents\github\modelrelief\modelrelief.test\bin\debug\netcoreapp2.0\modelrelief.test.dll" id="197b696f-bb7a-4370-8f06-03e9a4502483"><Execution id="7aae0714-c5ec-46c6-a9be-f19105d49417" /><TestMethod codeBase="D:\Users\Steve Knipmeyer\Documents\GitHub\ModelRelief\ModelRelief.test\bin\Debug\netcoreapp2.0\ModelRelief.Test.dll" adapterTypeName="executor://xunit/VsTestRunner2/netcoreapp" className="ModelRelief.Test.Unit.DependencyManager.DependencyManagerTests" name="LucyDepthBufferFindsOneDependent" /></UnitTest><UnitTest name="Post_InvalidReferencePropertyReturnsBadRequest" storage="d:\users\steve knipmeyer\documents\github\modelrelief\modelrelief.test\bin\debug\netcoreapp2.0\modelrelief.test.dll" id="04cacc10-3e66-4ac2-8b7c-38826d9dc943"><Execution id="eb21f5e3-659f-40d8-809c-c8100bb60d8b" /><TestMethod codeBase="D:\Users\Steve Knipmeyer\Documents\GitHub\ModelRelief\ModelRelief.test\bin\Debug\netcoreapp2.0\ModelRelief.Test.dll" adapterTypeName="executor://xunit/VsTestRunner2/netcoreapp" className="ModelRelief.Test.Integration.MeshTransforms.MeshTransformsBaseIntegrationTests" name="Post_InvalidReferencePropertyReturnsBadRequest" /></UnitTest><UnitTest name="GetList_ListReturnsCorrectCount" storage="d:\users\steve knipmeyer\documents\github\modelrelief\modelrelief.test\bin\debug\netcoreapp2.0\modelrelief.test.dll" id="ec42d398-e1e7-4e47-abf5-30febb657470"><Execution id="34f5ec83-2fef-47ad-88af-e2dd6a35b9f9" /><TestMethod codeBase="D:\Users\Steve Knipmeyer\Documents\GitHub\ModelRelief\ModelRelief.test\bin\Debug\netcoreapp2.0\ModelRelief.Test.dll" adapterTypeName="executor://xunit/VsTestRunner2/netcoreapp" className="ModelRelief.Test.Integration.Models.ModelsBaseIntegrationTests" name="GetList_ListReturnsCorrectCount" /></UnitTest><UnitTest name="Patch_InvalidIdPropertyReturnsNotFound" storage="d:\users\steve knipmeyer\documents\github\modelrelief\modelrelief.test\bin\debug\netcoreapp2.0\modelrelief.test.dll" id="2bb29b16-11a1-4579-857d-e2fe8fc5fc2f"><Execution id="245d56ee-4093-4aed-8561-9b2492fe2dfa" /><TestMethod codeBase="D:\Users\Steve Knipmeyer\Documents\GitHub\ModelRelief\ModelRelief.test\bin\Debug\netcoreapp2.0\ModelRelief.Test.dll" adapterTypeName="executor://xunit/VsTestRunner2/netcoreapp" className="ModelRelief.Test.Integration.MeshTransforms.MeshTransformsBaseIntegrationTests" name="Patch_InvalidIdPropertyReturnsNotFound" /></UnitTest><UnitTest name="Patch_InvalidPropertyNameReturnsBadRequest" storage="d:\users\steve knipmeyer\documents\github\modelrelief\modelrelief.test\bin\debug\netcoreapp2.0\modelrelief.test.dll" id="413484f5-bd9a-4d75-a57b-ca132727fa5b"><Execution id="ac38bdae-fae8-41e0-abc4-e5c93f19f79c" /><TestMethod codeBase="D:\Users\Steve Knipmeyer\Documents\GitHub\ModelRelief\ModelRelief.test\bin\Debug\netcoreapp2.0\ModelRelief.Test.dll" adapterTypeName="executor://xunit/VsTestRunner2/netcoreapp" className="ModelRelief.Test.Integration.DepthBuffers.DepthBuffersBaseIntegrationTests" name="Patch_InvalidPropertyNameReturnsBadRequest" /></UnitTest><UnitTest name="Patch_InvalidIdPropertyReturnsNotFound" storage="d:\users\steve knipmeyer\documents\github\modelrelief\modelrelief.test\bin\debug\netcoreapp2.0\modelrelief.test.dll" id="6f977af2-f859-4f9e-93be-5fbd549ee1b8"><Execution id="429dceac-4beb-47c9-9942-04db43e7c934" /><TestMethod codeBase="D:\Users\Steve Knipmeyer\Documents\GitHub\ModelRelief\ModelRelief.test\bin\Debug\netcoreapp2.0\ModelRelief.Test.dll" adapterTypeName="executor://xunit/VsTestRunner2/netcoreapp" className="ModelRelief.Test.Integration.Meshes.MeshesBaseIntegrationTests" name="Patch_InvalidIdPropertyReturnsNotFound" /></UnitTest><UnitTest name="Patch_InvalidReferencePropertyReturnsBadRequest" storage="d:\users\steve knipmeyer\documents\github\modelrelief\modelrelief.test\bin\debug\netcoreapp2.0\modelrelief.test.dll" id="c14c0506-a0ab-4582-95fe-9f9824b842e8"><Execution id="cfc162aa-3022-44ac-bf78-86ffb56e9c75" /><TestMethod codeBase="D:\Users\Steve Knipmeyer\Documents\GitHub\ModelRelief\ModelRelief.test\bin\Debug\netcoreapp2.0\ModelRelief.Test.dll" adapterTypeName="executor://xunit/VsTestRunner2/netcoreapp" className="ModelRelief.Test.Integration.MeshTransforms.MeshTransformsBaseIntegrationTests" name="Patch_InvalidReferencePropertyReturnsBadRequest" /></UnitTest><UnitTest name="GetFile_NonExistentFileReturnsNotFound" storage="d:\users\steve knipmeyer\documents\github\modelrelief\modelrelief.test\bin\debug\netcoreapp2.0\modelrelief.test.dll" id="1966d3e5-13e7-4aba-8b32-6e9081d03c13"><Execution id="aa550d03-507e-4da2-b904-53e1f28dfbff" /><TestMethod codeBase="D:\Users\Steve Knipmeyer\Documents\GitHub\ModelRelief\ModelRelief.test\bin\Debug\netcoreapp2.0\ModelRelief.Test.dll" adapterTypeName="executor://xunit/VsTestRunner2/netcoreapp" className="ModelRelief.Test.Integration.Meshes.MeshesFileIntegrationTests" name="GetFile_NonExistentFileReturnsNotFound" /></UnitTest><UnitTest name="Put_ValidReferencePropertyUpdatesModel" storage="d:\users\steve knipmeyer\documents\github\modelrelief\modelrelief.test\bin\debug\netcoreapp2.0\modelrelief.test.dll" id="01d707f7-2298-40d8-bac3-605f36bb1e3e"><Execution id="5acbd5aa-fd8d-46e0-af0d-2d43afa1e041" /><TestMethod codeBase="D:\Users\Steve Knipmeyer\Documents\GitHub\ModelRelief\ModelRelief.test\bin\Debug\netcoreapp2.0\ModelRelief.Test.dll" adapterTypeName="executor://xunit/VsTestRunner2/netcoreapp" className="ModelRelief.Test.Integration.Models.ModelsBaseIntegrationTests" name="Put_ValidReferencePropertyUpdatesModel" /></UnitTest><UnitTest name="Post_InvalidReferencePropertyReturnsBadRequest" storage="d:\users\steve knipmeyer\documents\github\modelrelief\modelrelief.test\bin\debug\netcoreapp2.0\modelrelief.test.dll" id="16bb10f1-eed5-4430-9332-de187cb8e125"><Execution id="05a94611-0f02-4a2a-81ca-5d72e60b0393" /><TestMethod codeBase="D:\Users\Steve Knipmeyer\Documents\GitHub\ModelRelief\ModelRelief.test\bin\Debug\netcoreapp2.0\ModelRelief.Test.dll" adapterTypeName="executor://xunit/VsTestRunner2/netcoreapp" className="ModelRelief.Test.Integration.Projects.ProjectsBaseIntegrationTests" name="Post_InvalidReferencePropertyReturnsBadRequest" /></UnitTest><UnitTest name="Put_CanUpdateModel" storage="d:\users\steve knipmeyer\documents\github\modelrelief\modelrelief.test\bin\debug\netcoreapp2.0\modelrelief.test.dll" id="c434dbfc-5c45-46fa-861e-ce5559922491"><Execution id="ebaa0893-5d35-432e-9b54-bfb39e373837" /><TestMethod codeBase="D:\Users\Steve Knipmeyer\Documents\GitHub\ModelRelief\ModelRelief.test\bin\Debug\netcoreapp2.0\ModelRelief.Test.dll" adapterTypeName="executor://xunit/VsTestRunner2/netcoreapp" className="ModelRelief.Test.Integration.Models.ModelsBaseIntegrationTests" name="Put_CanUpdateModel" /></UnitTest><UnitTest name="Put_ValidReferencePropertyUpdatesModel" storage="d:\users\steve knipmeyer\documents\github\modelrelief\modelrelief.test\bin\debug\netcoreapp2.0\modelrelief.test.dll" id="47edcdf5-4214-4b99-b648-4185cdb71524"><Execution id="fa42d5c3-a0ba-41ea-8771-a95968bf4e0f" /><TestMethod codeBase="D:\Users\Steve Knipmeyer\Documents\GitHub\ModelRelief\ModelRelief.test\bin\Debug\netcoreapp2.0\ModelRelief.Test.dll" adapterTypeName="executor://xunit/VsTestRunner2/netcoreapp" className="ModelRelief.Test.Integration.Projects.ProjectsBaseIntegrationTests" name="Put_ValidReferencePropertyUpdatesModel" /></UnitTest><UnitTest name="Patch_MultipleInvalidReferencePropertiesReturnsMultipleValidationErrorsAndBadRequest" storage="d:\users\steve knipmeyer\documents\github\modelrelief\modelrelief.test\bin\debug\netcoreapp2.0\modelrelief.test.dll" id="c290c92e-ff77-4bd8-a60d-b8ae37827a63"><Execution id="e37114f2-cb73-4417-89b1-c8f095987900" /><TestMethod codeBase="D:\Users\Steve Knipmeyer\Documents\GitHub\ModelRelief\ModelRelief.test\bin\Debug\netcoreapp2.0\ModelRelief.Test.dll" adapterTypeName="executor://xunit/VsTestRunner2/netcoreapp" className="ModelRelief.Test.Integration.DepthBuffers.DepthBuffersBaseIntegrationTests" name="Patch_MultipleInvalidReferencePropertiesReturnsMultipleValidationErrorsAndBadRequest" /></UnitTest><UnitTest name="FileRequest_FileCanBeReadAfterRename" storage="d:\users\steve knipmeyer\documents\github\modelrelief\modelrelief.test\bin\debug\netcoreapp2.0\modelrelief.test.dll" id="fa074224-d889-4954-8216-1bb0f70473b5"><Execution id="8c3f21bc-e39d-4dc9-b07a-45fc687ce20b" /><TestMethod codeBase="D:\Users\Steve Knipmeyer\Documents\GitHub\ModelRelief\ModelRelief.test\bin\Debug\netcoreapp2.0\ModelRelief.Test.dll" adapterTypeName="executor://xunit/VsTestRunner2/netcoreapp" className="ModelRelief.Test.Integration.Models.ModelsFileIntegrationTests" name="FileRequest_FileCanBeReadAfterRename" /></UnitTest><UnitTest name="Put_ValidReferencePropertyUpdatesModel" storage="d:\users\steve knipmeyer\documents\github\modelrelief\modelrelief.test\bin\debug\netcoreapp2.0\modelrelief.test.dll" id="506c3b67-65a1-462b-b442-ac9a0835f009"><Execution id="ac4d71ac-85e5-4318-8984-e23d7d928346" /><TestMethod codeBase="D:\Users\Steve Knipmeyer\Documents\GitHub\ModelRelief\ModelRelief.test\bin\Debug\netcoreapp2.0\ModelRelief.Test.dll" adapterTypeName="executor://xunit/VsTestRunner2/netcoreapp" className="ModelRelief.Test.Integration.Cameras.CamerasBaseIntegrationTests" name="Put_ValidReferencePropertyUpdatesModel" /></UnitTest><UnitTest name="GetList_ListReturnsCorrectCount" storage="d:\users\steve knipmeyer\documents\github\modelrelief\modelrelief.test\bin\debug\netcoreapp2.0\modelrelief.test.dll" id="72c39380-c3f9-4276-ad92-9cc74a9f2553"><Execution id="b555b08c-441b-4b94-81e1-0f7fa90c3c39" /><TestMethod codeBase="D:\Users\Steve Knipmeyer\Documents\GitHub\ModelRelief\ModelRelief.test\bin\Debug\netcoreapp2.0\ModelRelief.Test.dll" adapterTypeName="executor://xunit/VsTestRunner2/netcoreapp" className="ModelRelief.Test.Integration.MeshTransforms.MeshTransformsBaseIntegrationTests" name="GetList_ListReturnsCorrectCount" /></UnitTest><UnitTest name="Post_ValidReferencePropertyCreatesModel" storage="d:\users\steve knipmeyer\documents\github\modelrelief\modelrelief.test\bin\debug\netcoreapp2.0\modelrelief.test.dll" id="65880082-3b61-4cae-8cc7-a0115f253004"><Execution id="6234ce05-bca6-4040-82d0-e2b895d87395" /><TestMethod codeBase="D:\Users\Steve Knipmeyer\Documents\GitHub\ModelRelief\ModelRelief.test\bin\Debug\netcoreapp2.0\ModelRelief.Test.dll" adapterTypeName="executor://xunit/VsTestRunner2/netcoreapp" className="ModelRelief.Test.Integration.Meshes.MeshesBaseIntegrationTests" name="Post_ValidReferencePropertyCreatesModel" /></UnitTest><UnitTest name="PostFile_FileIsSynchronizedIsUpdatedAfterFileIsPosted" storage="d:\users\steve knipmeyer\documents\github\modelrelief\modelrelief.test\bin\debug\netcoreapp2.0\modelrelief.test.dll" id="22a2fe76-01ed-4f05-adeb-aadc87392a2b"><Execution id="47c141af-74f2-4199-ad53-177b323bc04f" /><TestMethod codeBase="D:\Users\Steve Knipmeyer\Documents\GitHub\ModelRelief\ModelRelief.test\bin\Debug\netcoreapp2.0\ModelRelief.Test.dll" adapterTypeName="executor://xunit/VsTestRunner2/netcoreapp" className="ModelRelief.Test.Integration.Models.ModelsFileIntegrationTests" name="PostFile_FileIsSynchronizedIsUpdatedAfterFileIsPosted" /></UnitTest><UnitTest name="PutFile_NewFileCanBePut" storage="d:\users\steve knipmeyer\documents\github\modelrelief\modelrelief.test\bin\debug\netcoreapp2.0\modelrelief.test.dll" id="e8df7f67-a1f0-4d5e-82fa-4b05531ed05a"><Execution id="c22206bc-3b2a-43c8-bcda-9a0f28c58b0e" /><TestMethod codeBase="D:\Users\Steve Knipmeyer\Documents\GitHub\ModelRelief\ModelRelief.test\bin\Debug\netcoreapp2.0\ModelRelief.Test.dll" adapterTypeName="executor://xunit/VsTestRunner2/netcoreapp" className="ModelRelief.Test.Integration.Meshes.MeshesFileIntegrationTests" name="PutFile_NewFileCanBePut" /></UnitTest><UnitTest name="GetList_ListReturnsCorrectCount" storage="d:\users\steve knipmeyer\documents\github\modelrelief\modelrelief.test\bin\debug\netcoreapp2.0\modelrelief.test.dll" id="cde31350-ce82-4ef4-a5d5-15755615f8e3"><Execution id="f5c92f77-8ff3-45d7-9b67-ecf04146db15" /><TestMethod codeBase="D:\Users\Steve Knipmeyer\Documents\GitHub\ModelRelief\ModelRelief.test\bin\Debug\netcoreapp2.0\ModelRelief.Test.dll" adapterTypeName="executor://xunit/VsTestRunner2/netcoreapp" className="ModelRelief.Test.Integration.Meshes.MeshesBaseIntegrationTests" name="GetList_ListReturnsCorrectCount" /></UnitTest><UnitTest name="Patch_MultipleInvalidReferencePropertiesReturnsMultipleValidationErrorsAndBadRequest" storage="d:\users\steve knipmeyer\documents\github\modelrelief\modelrelief.test\bin\debug\netcoreapp2.0\modelrelief.test.dll" id="b35b0b6a-83f8-42be-aecd-aa594c4d4d74"><Execution id="d32d8b54-c8f4-4ff3-98f6-e3a84b302d0c" /><TestMethod codeBase="D:\Users\Steve Knipmeyer\Documents\GitHub\ModelRelief\ModelRelief.test\bin\Debug\netcoreapp2.0\ModelRelief.Test.dll" adapterTypeName="executor://xunit/VsTestRunner2/netcoreapp" className="ModelRelief.Test.Integration.Models.ModelsBaseIntegrationTests" name="Patch_MultipleInvalidReferencePropertiesReturnsMultipleValidationErrorsAndBadRequest" /></UnitTest><UnitTest name="GetSingle_InvalidIdPropertyValueReturnsNotFound" storage="d:\users\steve knipmeyer\documents\github\modelrelief\modelrelief.test\bin\debug\netcoreapp2.0\modelrelief.test.dll" id="fc88856d-35fb-4129-a797-51d9c59fafb0"><Execution id="d34be19d-c349-4471-be53-720335af9733" /><TestMethod codeBase="D:\Users\Steve Knipmeyer\Documents\GitHub\ModelRelief\ModelRelief.test\bin\Debug\netcoreapp2.0\ModelRelief.Test.dll" adapterTypeName="executor://xunit/VsTestRunner2/netcoreapp" className="ModelRelief.Test.Integration.Cameras.CamerasBaseIntegrationTests" name="GetSingle_InvalidIdPropertyValueReturnsNotFound" /></UnitTest><UnitTest name="Patch_ValidReferencePropertyUpdatesModel" storage="d:\users\steve knipmeyer\documents\github\modelrelief\modelrelief.test\bin\debug\netcoreapp2.0\modelrelief.test.dll" id="9991b252-029d-4b3a-b6dc-e98de2288792"><Execution id="4b3b7f81-1ef6-4db3-ab46-186c86aa331a" /><TestMethod codeBase="D:\Users\Steve Knipmeyer\Documents\GitHub\ModelRelief\ModelRelief.test\bin\Debug\netcoreapp2.0\ModelRelief.Test.dll" adapterTypeName="executor://xunit/VsTestRunner2/netcoreapp" className="ModelRelief.Test.Integration.DepthBuffers.DepthBuffersBaseIntegrationTests" name="Patch_ValidReferencePropertyUpdatesModel" /></UnitTest><UnitTest name="Post_CanCreateNewModel" storage="d:\users\steve knipmeyer\documents\github\modelrelief\modelrelief.test\bin\debug\netcoreapp2.0\modelrelief.test.dll" id="b124a5b1-2b72-4833-93ae-af598c6b04cd"><Execution id="f170c654-a9da-41c9-972f-291a7965cf7c" /><TestMethod codeBase="D:\Users\Steve Knipmeyer\Documents\GitHub\ModelRelief\ModelRelief.test\bin\Debug\netcoreapp2.0\ModelRelief.Test.dll" adapterTypeName="executor://xunit/VsTestRunner2/netcoreapp" className="ModelRelief.Test.Integration.Models.ModelsBaseIntegrationTests" name="Post_CanCreateNewModel" /></UnitTest><UnitTest name="PostFile_FileIsSynchronizedIsUpdatedAfterFileIsPosted" storage="d:\users\steve knipmeyer\documents\github\modelrelief\modelrelief.test\bin\debug\netcoreapp2.0\modelrelief.test.dll" id="0e92ad9b-e4fc-4f39-b8ff-498cd229bba0"><Execution id="ff3222ec-da0c-4e21-bac1-699593157d03" /><TestMethod codeBase="D:\Users\Steve Knipmeyer\Documents\GitHub\ModelRelief\ModelRelief.test\bin\Debug\netcoreapp2.0\ModelRelief.Test.dll" adapterTypeName="executor://xunit/VsTestRunner2/netcoreapp" className="ModelRelief.Test.Integration.DepthBuffers.DepthBuffersFileIntegrationTests" name="PostFile_FileIsSynchronizedIsUpdatedAfterFileIsPosted" /></UnitTest><UnitTest name="Put_InvalidReferencePropertyReturndBadRequest" storage="d:\users\steve knipmeyer\documents\github\modelrelief\modelrelief.test\bin\debug\netcoreapp2.0\modelrelief.test.dll" id="e1ef4cad-c9f5-4574-8409-9996f236157a"><Execution id="a2a95bae-f46e-4119-b1fa-5fa212f40a2f" /><TestMethod codeBase="D:\Users\Steve Knipmeyer\Documents\GitHub\ModelRelief\ModelRelief.test\bin\Debug\netcoreapp2.0\ModelRelief.Test.dll" adapterTypeName="executor://xunit/VsTestRunner2/netcoreapp" className="ModelRelief.Test.Integration.MeshTransforms.MeshTransformsBaseIntegrationTests" name="Put_InvalidReferencePropertyReturndBadRequest" /></UnitTest><UnitTest name="FileRequest_FileCanBeReadAfterRename" storage="d:\users\steve knipmeyer\documents\github\modelrelief\modelrelief.test\bin\debug\netcoreapp2.0\modelrelief.test.dll" id="703932d4-01b2-43cb-99bf-c10bffc52c92"><Execution id="a380996b-aafa-4fb5-bdf5-8c31d69e74ec" /><TestMethod codeBase="D:\Users\Steve Knipmeyer\Documents\GitHub\ModelRelief\ModelRelief.test\bin\Debug\netcoreapp2.0\ModelRelief.Test.dll" adapterTypeName="executor://xunit/VsTestRunner2/netcoreapp" className="ModelRelief.Test.Integration.DepthBuffers.DepthBuffersFileIntegrationTests" name="FileRequest_FileCanBeReadAfterRename" /></UnitTest><UnitTest name="Delete_TargetModelIsDeleted" storage="d:\users\steve knipmeyer\documents\github\modelrelief\modelrelief.test\bin\debug\netcoreapp2.0\modelrelief.test.dll" id="aa7300ed-6b36-4308-81c1-307d73da64af"><Execution id="21906f93-57cd-4106-8f4e-8db711be7e8f" /><TestMethod codeBase="D:\Users\Steve Knipmeyer\Documents\GitHub\ModelRelief\ModelRelief.test\bin\Debug\netcoreapp2.0\ModelRelief.Test.dll" adapterTypeName="executor://xunit/VsTestRunner2/netcoreapp" className="ModelRelief.Test.Integration.Meshes.MeshesBaseIntegrationTests" name="Delete_TargetModelIsDeleted" /></UnitTest><UnitTest name="PostFile_NewFileCanBePosted" storage="d:\users\steve knipmeyer\documents\github\modelrelief\modelrelief.test\bin\debug\netcoreapp2.0\modelrelief.test.dll" id="79becae6-80d0-4c3b-9bb1-e2b16819e6db"><Execution id="b2841fb0-d522-416f-bcad-d07ee707c8ac" /><TestMethod codeBase="D:\Users\Steve Knipmeyer\Documents\GitHub\ModelRelief\ModelRelief.test\bin\Debug\netcoreapp2.0\ModelRelief.Test.dll" adapterTypeName="executor://xunit/VsTestRunner2/netcoreapp" className="ModelRelief.Test.Integration.Meshes.MeshesFileIntegrationTests" name="PostFile_NewFileCanBePosted" /></UnitTest><UnitTest name="Patch_TargetPropertyIsUpdated" storage="d:\users\steve knipmeyer\documents\github\modelrelief\modelrelief.test\bin\debug\netcoreapp2.0\modelrelief.test.dll" id="a7c93849-c257-4aa1-a17b-ea68324247d4"><Execution id="d577be56-b06f-4ffa-8525-2fb0cd8e1765" /><TestMethod codeBase="D:\Users\Steve Knipmeyer\Documents\GitHub\ModelRelief\ModelRelief.test\bin\Debug\netcoreapp2.0\ModelRelief.Test.dll" adapterTypeName="executor://xunit/VsTestRunner2/netcoreapp" className="ModelRelief.Test.Integration.DepthBuffers.DepthBuffersBaseIntegrationTests" name="Patch_TargetPropertyIsUpdated" /></UnitTest><UnitTest name="LucyCameraFindsAllDependents" storage="d:\users\steve knipmeyer\documents\github\modelrelief\modelrelief.test\bin\debug\netcoreapp2.0\modelrelief.test.dll" id="81140970-6e4f-4b01-963f-cf70af30bcc0"><Execution id="c6584ab2-b175-4704-81e1-54cec0341270" /><TestMethod codeBase="D:\Users\Steve Knipmeyer\Documents\GitHub\ModelRelief\ModelRelief.test\bin\Debug\netcoreapp2.0\ModelRelief.Test.dll" adapterTypeName="executor://xunit/VsTestRunner2/netcoreapp" className="ModelRelief.Test.Unit.DependencyManager.DependencyManagerTests" name="LucyCameraFindsAllDependents" /></UnitTest><UnitTest name="GetSingle_InvalidIdPropertyValueReturnsNotFound" storage="d:\users\steve knipmeyer\documents\github\modelrelief\modelrelief.test\bin\debug\netcoreapp2.0\modelrelief.test.dll" id="5089aace-09ef-48d3-9061-7faeb5a199b6"><Execution id="920af4fb-8cc7-449f-8e32-0c1e426b020a" /><TestMethod codeBase="D:\Users\Steve Knipmeyer\Documents\GitHub\ModelRelief\ModelRelief.test\bin\Debug\netcoreapp2.0\ModelRelief.Test.dll" adapterTypeName="executor://xunit/VsTestRunner2/netcoreapp" className="ModelRelief.Test.Integration.Models.ModelsBaseIntegrationTests" name="GetSingle_InvalidIdPropertyValueReturnsNotFound" /></UnitTest><UnitTest name="Put_InvalidIdReturnsNotFound" storage="d:\users\steve knipmeyer\documents\github\modelrelief\modelrelief.test\bin\debug\netcoreapp2.0\modelrelief.test.dll" id="36b9bf9d-7196-4912-bb43-403a22619563"><Execution id="8d9f7316-e445-4791-b5e1-6e2982065fe0" /><TestMethod codeBase="D:\Users\Steve Knipmeyer\Documents\GitHub\ModelRelief\ModelRelief.test\bin\Debug\netcoreapp2.0\ModelRelief.Test.dll" adapterTypeName="executor://xunit/VsTestRunner2/netcoreapp" className="ModelRelief.Test.Integration.Cameras.CamerasBaseIntegrationTests" name="Put_InvalidIdReturnsNotFound" /></UnitTest><UnitTest name="Post_CanCreateNewModel" storage="d:\users\steve knipmeyer\documents\github\modelrelief\modelrelief.test\bin\debug\netcoreapp2.0\modelrelief.test.dll" id="80047b46-ab06-4e2d-ad45-456ad161a926"><Execution id="00053ac6-c74b-411a-b8d0-4b79603b0e7d" /><TestMethod codeBase="D:\Users\Steve Knipmeyer\Documents\GitHub\ModelRelief\ModelRelief.test\bin\Debug\netcoreapp2.0\ModelRelief.Test.dll" adapterTypeName="executor://xunit/VsTestRunner2/netcoreapp" className="ModelRelief.Test.Integration.DepthBuffers.DepthBuffersBaseIntegrationTests" name="Post_CanCreateNewModel" /></UnitTest><UnitTest name="Patch_TargetPropertyIsUpdated" storage="d:\users\steve knipmeyer\documents\github\modelrelief\modelrelief.test\bin\debug\netcoreapp2.0\modelrelief.test.dll" id="2bc511df-0192-49fc-b7e6-e20e0480b20b"><Execution id="66897a5b-7a80-4a9d-8b22-2b6833866bb1" /><TestMethod codeBase="D:\Users\Steve Knipmeyer\Documents\GitHub\ModelRelief\ModelRelief.test\bin\Debug\netcoreapp2.0\ModelRelief.Test.dll" adapterTypeName="executor://xunit/VsTestRunner2/netcoreapp" className="ModelRelief.Test.Integration.Projects.ProjectsBaseIntegrationTests" name="Patch_TargetPropertyIsUpdated" /></UnitTest><UnitTest name="Put_InvalidIdReturnsNotFound" storage="d:\users\steve knipmeyer\documents\github\modelrelief\modelrelief.test\bin\debug\netcoreapp2.0\modelrelief.test.dll" id="e31a1a12-6ade-4e0e-871b-63bb8c7fefea"><Execution id="e6f3a13e-b01f-4563-93fb-df4e1a290a0a" /><TestMethod codeBase="D:\Users\Steve Knipmeyer\Documents\GitHub\ModelRelief\ModelRelief.test\bin\Debug\netcoreapp2.0\ModelRelief.Test.dll" adapterTypeName="executor://xunit/VsTestRunner2/netcoreapp" className="ModelRelief.Test.Integration.DepthBuffers.DepthBuffersBaseIntegrationTests" name="Put_InvalidIdReturnsNotFound" /></UnitTest><UnitTest name="Patch_ValidReferencePropertyUpdatesModel" storage="d:\users\steve knipmeyer\documents\github\modelrelief\modelrelief.test\bin\debug\netcoreapp2.0\modelrelief.test.dll" id="bad974e3-fff3-4314-99f1-d0fbbb2d4d49"><Execution id="5ff39d15-d9d7-417a-a00b-8fbe01d943c2" /><TestMethod codeBase="D:\Users\Steve Knipmeyer\Documents\GitHub\ModelRelief\ModelRelief.test\bin\Debug\netcoreapp2.0\ModelRelief.Test.dll" adapterTypeName="executor://xunit/VsTestRunner2/netcoreapp" className="ModelRelief.Test.Integration.Meshes.MeshesBaseIntegrationTests" name="Patch_ValidReferencePropertyUpdatesModel" /></UnitTest><UnitTest name="Post_InvalidReferencePropertyReturnsBadRequest" storage="d:\users\steve knipmeyer\documents\github\modelrelief\modelrelief.test\bin\debug\netcoreapp2.0\modelrelief.test.dll" id="0fbf9938-534d-46ed-8cfd-5171525b1d47"><Execution id="d5b80d84-d1c2-44bd-870b-e3b9aabefdf3" /><TestMethod codeBase="D:\Users\Steve Knipmeyer\Documents\GitHub\ModelRelief\ModelRelief.test\bin\Debug\netcoreapp2.0\ModelRelief.Test.dll" adapterTypeName="executor://xunit/VsTestRunner2/netcoreapp" className="ModelRelief.Test.Integration.Cameras.CamerasBaseIntegrationTests" name="Post_InvalidReferencePropertyReturnsBadRequest" /></UnitTest><UnitTest name="Delete_TargetModelIsDeleted" storage="d:\users\steve knipmeyer\documents\github\modelrelief\modelrelief.test\bin\debug\netcoreapp2.0\modelrelief.test.dll" id="7c49b42e-3bdf-4a93-9209-048a26b19ba1"><Execution id="9a357746-6cf6-4db6-a49d-28ea2d34d02d" /><TestMethod codeBase="D:\Users\Steve Knipmeyer\Documents\GitHub\ModelRelief\ModelRelief.test\bin\Debug\netcoreapp2.0\ModelRelief.Test.dll" adapterTypeName="executor://xunit/VsTestRunner2/netcoreapp" className="ModelRelief.Test.Integration.Cameras.CamerasBaseIntegrationTests" name="Delete_TargetModelIsDeleted" /></UnitTest><UnitTest name="GetFile_ExistingFileReturnsSuccess" storage="d:\users\steve knipmeyer\documents\github\modelrelief\modelrelief.test\bin\debug\netcoreapp2.0\modelrelief.test.dll" id="b05345e6-434d-4919-aeb2-4d9ad80f8071"><Execution id="5f6dd104-9e10-4123-a242-770a4acc9a44" /><TestMethod codeBase="D:\Users\Steve Knipmeyer\Documents\GitHub\ModelRelief\ModelRelief.test\bin\Debug\netcoreapp2.0\ModelRelief.Test.dll" adapterTypeName="executor://xunit/VsTestRunner2/netcoreapp" className="ModelRelief.Test.Integration.Models.ModelsFileIntegrationTests" name="GetFile_ExistingFileReturnsSuccess" /></UnitTest><UnitTest name="PutFile_NewFileCanBePut" storage="d:\users\steve knipmeyer\documents\github\modelrelief\modelrelief.test\bin\debug\netcoreapp2.0\modelrelief.test.dll" id="3c81682b-590a-4fed-838a-3aeacd48ca14"><Execution id="73fc3418-18d9-4a90-83b4-3480b2d3ce09" /><TestMethod codeBase="D:\Users\Steve Knipmeyer\Documents\GitHub\ModelRelief\ModelRelief.test\bin\Debug\netcoreapp2.0\ModelRelief.Test.dll" adapterTypeName="executor://xunit/VsTestRunner2/netcoreapp" className="ModelRelief.Test.Integration.Models.ModelsFileIntegrationTests" name="PutFile_NewFileCanBePut" /></UnitTest><UnitTest name="Post_InvalidPropertyValueReturnsBadRequest" storage="d:\users\steve knipmeyer\documents\github\modelrelief\modelrelief.test\bin\debug\netcoreapp2.0\modelrelief.test.dll" id="0816561a-4acb-4ce8-bcf9-9ff087fd218f"><Execution id="5bb12cf0-4e57-4b68-af53-6d24e1f5b9ca" /><TestMethod codeBase="D:\Users\Steve Knipmeyer\Documents\GitHub\ModelRelief\ModelRelief.test\bin\Debug\netcoreapp2.0\ModelRelief.Test.dll" adapterTypeName="executor://xunit/VsTestRunner2/netcoreapp" className="ModelRelief.Test.Integration.Models.ModelsBaseIntegrationTests" name="Post_InvalidPropertyValueReturnsBadRequest" /></UnitTest><UnitTest name="Post_ValidReferencePropertyCreatesModel" storage="d:\users\steve knipmeyer\documents\github\modelrelief\modelrelief.test\bin\debug\netcoreapp2.0\modelrelief.test.dll" id="6c724e53-9948-47f7-bc3b-b2edd48c02ae"><Execution id="5080a4eb-6e73-44d3-a073-4e6f615b0a9a" /><TestMethod codeBase="D:\Users\Steve Knipmeyer\Documents\GitHub\ModelRelief\ModelRelief.test\bin\Debug\netcoreapp2.0\ModelRelief.Test.dll" adapterTypeName="executor://xunit/VsTestRunner2/netcoreapp" className="ModelRelief.Test.Integration.Cameras.CamerasBaseIntegrationTests" name="Post_ValidReferencePropertyCreatesModel" /></UnitTest><UnitTest name="FileRequest_FileCanBeReadAfterRename" storage="d:\users\steve knipmeyer\documents\github\modelrelief\modelrelief.test\bin\debug\netcoreapp2.0\modelrelief.test.dll" id="83c35f3f-770a-43ec-ab85-b07e06ec9591"><Execution id="38f08090-1c93-4d26-a4f8-0131bbc19544" /><TestMethod codeBase="D:\Users\Steve Knipmeyer\Documents\GitHub\ModelRelief\ModelRelief.test\bin\Debug\netcoreapp2.0\ModelRelief.Test.dll" adapterTypeName="executor://xunit/VsTestRunner2/netcoreapp" className="ModelRelief.Test.Integration.Meshes.MeshesFileIntegrationTests" name="FileRequest_FileCanBeReadAfterRename" /></UnitTest><UnitTest name="Patch_TargetPropertyIsUpdated" storage="d:\users\steve knipmeyer\documents\github\modelrelief\modelrelief.test\bin\debug\netcoreapp2.0\modelrelief.test.dll" id="655240ec-5ada-4e2a-b0d5-52eca483ab7e"><Execution id="704d081e-a880-4278-a5d7-b8f20a44bf3d" /><TestMethod codeBase="D:\Users\Steve Knipmeyer\Documents\GitHub\ModelRelief\ModelRelief.test\bin\Debug\netcoreapp2.0\ModelRelief.Test.dll" adapterTypeName="executor://xunit/VsTestRunner2/netcoreapp" className="ModelRelief.Test.Integration.Cameras.CamerasBaseIntegrationTests" name="Patch_TargetPropertyIsUpdated" /></UnitTest><UnitTest name="Patch_TargetPropertyIsUpdated" storage="d:\users\steve knipmeyer\documents\github\modelrelief\modelrelief.test\bin\debug\netcoreapp2.0\modelrelief.test.dll" id="e613d23c-a1c7-414a-896f-c28481bd3777"><Execution id="61aa5673-685b-4574-9482-302e3089dfbc" /><TestMethod codeBase="D:\Users\Steve Knipmeyer\Documents\GitHub\ModelRelief\ModelRelief.test\bin\Debug\netcoreapp2.0\ModelRelief.Test.dll" adapterTypeName="executor://xunit/VsTestRunner2/netcoreapp" className="ModelRelief.Test.Integration.Models.ModelsBaseIntegrationTests" name="Patch_TargetPropertyIsUpdated" /></UnitTest><UnitTest name="PostFile_FileTimeStampIsUpdatedAfterFileIsPosted" storage="d:\users\steve knipmeyer\documents\github\modelrelief\modelrelief.test\bin\debug\netcoreapp2.0\modelrelief.test.dll" id="14212dbc-ef56-42f6-ac6c-b595a6a73f65"><Execution id="44838daa-98f3-49ba-9527-f17d1fdc4628" /><TestMethod codeBase="D:\Users\Steve Knipmeyer\Documents\GitHub\ModelRelief\ModelRelief.test\bin\Debug\netcoreapp2.0\ModelRelief.Test.dll" adapterTypeName="executor://xunit/VsTestRunner2/netcoreapp" className="ModelRelief.Test.Integration.Meshes.MeshesFileIntegrationTests" name="PostFile_FileTimeStampIsUpdatedAfterFileIsPosted" /></UnitTest><UnitTest name="Patch_ValidReferencePropertyUpdatesModel" storage="d:\users\steve knipmeyer\documents\github\modelrelief\modelrelief.test\bin\debug\netcoreapp2.0\modelrelief.test.dll" id="f592fa70-2bfe-4706-a397-d7e9ad24fe22"><Execution id="bb94bc93-d762-436a-8288-d3192e422764" /><TestMethod codeBase="D:\Users\Steve Knipmeyer\Documents\GitHub\ModelRelief\ModelRelief.test\bin\Debug\netcoreapp2.0\ModelRelief.Test.dll" adapterTypeName="executor://xunit/VsTestRunner2/netcoreapp" className="ModelRelief.Test.Integration.Cameras.CamerasBaseIntegrationTests" name="Patch_ValidReferencePropertyUpdatesModel" /></UnitTest><UnitTest name="GetFile_ExistingFileReturnsSuccess" storage="d:\users\steve knipmeyer\documents\github\modelrelief\modelrelief.test\bin\debug\netcoreapp2.0\modelrelief.test.dll" id="dda7220b-eaae-471f-b098-296ef2edd059"><Execution id="18e5d029-a832-4dd8-86c7-cf8e5e3446ed" /><TestMethod codeBase="D:\Users\Steve Knipmeyer\Documents\GitHub\ModelRelief\ModelRelief.test\bin\Debug\netcoreapp2.0\ModelRelief.Test.dll" adapterTypeName="executor://xunit/VsTestRunner2/netcoreapp" className="ModelRelief.Test.Integration.Meshes.MeshesFileIntegrationTests" name="GetFile_ExistingFileReturnsSuccess" /></UnitTest><UnitTest name="Patch_InvalidPropertyNameReturnsBadRequest" storage="d:\users\steve knipmeyer\documents\github\modelrelief\modelrelief.test\bin\debug\netcoreapp2.0\modelrelief.test.dll" id="04f516e5-ccaa-47c5-a2f1-e42f4e78ee0f"><Execution id="d37d9c4f-ac39-4dec-8510-237630912370" /><TestMethod codeBase="D:\Users\Steve Knipmeyer\Documents\GitHub\ModelRelief\ModelRelief.test\bin\Debug\netcoreapp2.0\ModelRelief.Test.dll" adapterTypeName="executor://xunit/VsTestRunner2/netcoreapp" className="ModelRelief.Test.Integration.Meshes.MeshesBaseIntegrationTests" name="Patch_InvalidPropertyNameReturnsBadRequest" /></UnitTest><UnitTest name="Patch_TargetPropertyIsUpdated" storage="d:\users\steve knipmeyer\documents\github\modelrelief\modelrelief.test\bin\debug\netcoreapp2.0\modelrelief.test.dll" id="48e889a1-ba07-4384-9fdc-5693613feae1"><Execution id="aac76b7d-f1c9-4f3c-8387-867778415c10" /><TestMethod codeBase="D:\Users\Steve Knipmeyer\Documents\GitHub\ModelRelief\ModelRelief.test\bin\Debug\netcoreapp2.0\ModelRelief.Test.dll" adapterTypeName="executor://xunit/VsTestRunner2/netcoreapp" className="ModelRelief.Test.Integration.MeshTransforms.MeshTransformsBaseIntegrationTests" name="Patch_TargetPropertyIsUpdated" /></UnitTest><UnitTest name="PostFile_FileTimeStampIsUpdatedAfterFileIsPosted" storage="d:\users\steve knipmeyer\documents\github\modelrelief\modelrelief.test\bin\debug\netcoreapp2.0\modelrelief.test.dll" id="22defb52-1e98-4c51-8b32-75a043082805"><Execution id="7798cb46-9902-4616-8c3d-9ca52404889a" /><TestMethod codeBase="D:\Users\Steve Knipmeyer\Documents\GitHub\ModelRelief\ModelRelief.test\bin\Debug\netcoreapp2.0\ModelRelief.Test.dll" adapterTypeName="executor://xunit/VsTestRunner2/netcoreapp" className="ModelRelief.Test.Integration.Models.ModelsFileIntegrationTests" name="PostFile_FileTimeStampIsUpdatedAfterFileIsPosted" /></UnitTest><UnitTest name="Patch_InvalidPropertyNameReturnsBadRequest" storage="d:\users\steve knipmeyer\documents\github\modelrelief\modelrelief.test\bin\debug\netcoreapp2.0\modelrelief.test.dll" id="16a12407-7e59-42fb-8683-30275b7b482b"><Execution id="c243f69a-b96b-4246-8a2a-81be9dcff5c6" /><TestMethod codeBase="D:\Users\Steve Knipmeyer\Documents\GitHub\ModelRelief\ModelRelief.test\bin\Debug\netcoreapp2.0\ModelRelief.Test.dll" adapterTypeName="executor://xunit/VsTestRunner2/netcoreapp" className="ModelRelief.Test.Integration.Cameras.CamerasBaseIntegrationTests" name="Patch_InvalidPropertyNameReturnsBadRequest" /></UnitTest><UnitTest name="GetList_ListReturnsCorrectCount" storage="d:\users\steve knipmeyer\documents\github\modelrelief\modelrelief.test\bin\debug\netcoreapp2.0\modelrelief.test.dll" id="03f30ae0-e331-4383-9f9d-b1c27e282ef4"><Execution id="457b581d-8954-400e-b9e3-8621382b22b1" /><TestMethod codeBase="D:\Users\Steve Knipmeyer\Documents\GitHub\ModelRelief\ModelRelief.test\bin\Debug\netcoreapp2.0\ModelRelief.Test.dll" adapterTypeName="executor://xunit/VsTestRunner2/netcoreapp" className="ModelRelief.Test.Integration.Cameras.CamerasBaseIntegrationTests" name="GetList_ListReturnsCorrectCount" /></UnitTest><UnitTest name="CameraHasExpectedDependentFiles" storage="d:\users\steve knipmeyer\documents\github\modelrelief\modelrelief.test\bin\debug\netcoreapp2.0\modelrelief.test.dll" id="4a9c5cfa-78a4-41d6-bff7-e4560e4b52b8"><Execution id="e36a8ade-ed3e-46b3-aed9-8ff6965d2b2c" /><TestMethod codeBase="D:\Users\Steve Knipmeyer\Documents\GitHub\ModelRelief\ModelRelief.test\bin\Debug\netcoreapp2.0\ModelRelief.Test.dll" adapterTypeName="executor://xunit/VsTestRunner2/netcoreapp" className="ModelRelief.Test.Unit.DependencyManager.DependencyManagerTests" name="CameraHasExpectedDependentFiles" /></UnitTest><UnitTest name="Post_CanCreateNewModel" storage="d:\users\steve knipmeyer\documents\github\modelrelief\modelrelief.test\bin\debug\netcoreapp2.0\modelrelief.test.dll" id="41c5c933-1a40-41f7-83ae-a17a454d4dec"><Execution id="21b00026-74a9-4f92-93fa-1eb63915c38c" /><TestMethod codeBase="D:\Users\Steve Knipmeyer\Documents\GitHub\ModelRelief\ModelRelief.test\bin\Debug\netcoreapp2.0\ModelRelief.Test.dll" adapterTypeName="executor://xunit/VsTestRunner2/netcoreapp" className="ModelRelief.Test.Integration.MeshTransforms.MeshTransformsBaseIntegrationTests" name="Post_CanCreateNewModel" /></UnitTest><UnitTest name="Patch_InvalidEnumPropertyValueReturnsBadRequest" storage="d:\users\steve knipmeyer\documents\github\modelrelief\modelrelief.test\bin\debug\netcoreapp2.0\modelrelief.test.dll" id="8447cdd7-e4d3-4135-8cec-0afd2ce452ed"><Execution id="8884e029-0aec-4b22-a27a-98a5534bb51b" /><TestMethod codeBase="D:\Users\Steve Knipmeyer\Documents\GitHub\ModelRelief\ModelRelief.test\bin\Debug\netcoreapp2.0\ModelRelief.Test.dll" adapterTypeName="executor://xunit/VsTestRunner2/netcoreapp" className="ModelRelief.Test.Integration.Models.ModelsBaseIntegrationTests" name="Patch_InvalidEnumPropertyValueReturnsBadRequest" /></UnitTest><UnitTest name="Post_InvalidPropertyValueReturnsBadRequest" storage="d:\users\steve knipmeyer\documents\github\modelrelief\modelrelief.test\bin\debug\netcoreapp2.0\modelrelief.test.dll" id="307ae425-640a-4c3e-91a3-d08664370276"><Execution id="27cf4e1f-8a89-4504-b61e-43f6e461af5e" /><TestMethod codeBase="D:\Users\Steve Knipmeyer\Documents\GitHub\ModelRelief\ModelRelief.test\bin\Debug\netcoreapp2.0\ModelRelief.Test.dll" adapterTypeName="executor://xunit/VsTestRunner2/netcoreapp" className="ModelRelief.Test.Integration.Cameras.CamerasBaseIntegrationTests" name="Post_InvalidPropertyValueReturnsBadRequest" /></UnitTest><UnitTest name="GetFile_FileCanBeRoundTripped" storage="d:\users\steve knipmeyer\documents\github\modelrelief\modelrelief.test\bin\debug\netcoreapp2.0\modelrelief.test.dll" id="7babac6b-4a54-4cc7-9694-9933a389919a"><Execution id="bb9aa7b1-0ef3-436c-b8a9-ba0959696480" /><TestMethod codeBase="D:\Users\Steve Knipmeyer\Documents\GitHub\ModelRelief\ModelRelief.test\bin\Debug\netcoreapp2.0\ModelRelief.Test.dll" adapterTypeName="executor://xunit/VsTestRunner2/netcoreapp" className="ModelRelief.Test.Integration.Meshes.MeshesFileIntegrationTests" name="GetFile_FileCanBeRoundTripped" /></UnitTest><UnitTest name="Patch_ValidReferencePropertyUpdatesModel" storage="d:\users\steve knipmeyer\documents\github\modelrelief\modelrelief.test\bin\debug\netcoreapp2.0\modelrelief.test.dll" id="b9a11832-9161-4899-b0cf-7da00555a045"><Execution id="5960f35a-e23a-440f-9b50-4b7798875506" /><TestMethod codeBase="D:\Users\Steve Knipmeyer\Documents\GitHub\ModelRelief\ModelRelief.test\bin\Debug\netcoreapp2.0\ModelRelief.Test.dll" adapterTypeName="executor://xunit/VsTestRunner2/netcoreapp" className="ModelRelief.Test.Integration.Models.ModelsBaseIntegrationTests" name="Patch_ValidReferencePropertyUpdatesModel" /></UnitTest><UnitTest name="Patch_MultipleInvalidReferencePropertiesReturnsMultipleValidationErrorsAndBadRequest" storage="d:\users\steve knipmeyer\documents\github\modelrelief\modelrelief.test\bin\debug\netcoreapp2.0\modelrelief.test.dll" id="f45d8826-41e5-4952-8ca5-a3a49af64385"><Execution id="ff3fe552-91e8-4596-9b26-06e6d98f67a1" /><TestMethod codeBase="D:\Users\Steve Knipmeyer\Documents\GitHub\ModelRelief\ModelRelief.test\bin\Debug\netcoreapp2.0\ModelRelief.Test.dll" adapterTypeName="executor://xunit/VsTestRunner2/netcoreapp" className="ModelRelief.Test.Integration.MeshTransforms.MeshTransformsBaseIntegrationTests" name="Patch_MultipleInvalidReferencePropertiesReturnsMultipleValidationErrorsAndBadRequest" /></UnitTest><UnitTest name="GetFile_FileCanBeRoundTripped" storage="d:\users\steve knipmeyer\documents\github\modelrelief\modelrelief.test\bin\debug\netcoreapp2.0\modelrelief.test.dll" id="c7488cf3-0ee4-42c8-806c-0f77a85c1845"><Execution id="68f60e13-2e90-4009-a537-bc1963353497" /><TestMethod codeBase="D:\Users\Steve Knipmeyer\Documents\GitHub\ModelRelief\ModelRelief.test\bin\Debug\netcoreapp2.0\ModelRelief.Test.dll" adapterTypeName="executor://xunit/VsTestRunner2/netcoreapp" className="ModelRelief.Test.Integration.Models.ModelsFileIntegrationTests" name="GetFile_FileCanBeRoundTripped" /></UnitTest><UnitTest name="GetSingle_ValidIdPropertyValueReturnsCorrectModel" storage="d:\users\steve knipmeyer\documents\github\modelrelief\modelrelief.test\bin\debug\netcoreapp2.0\modelrelief.test.dll" id="4fcd2fde-c9dd-439c-b670-80b2774dfe23"><Execution id="37626069-8168-42cf-af98-b9c747a73457" /><TestMethod codeBase="D:\Users\Steve Knipmeyer\Documents\GitHub\ModelRelief\ModelRelief.test\bin\Debug\netcoreapp2.0\ModelRelief.Test.dll" adapterTypeName="executor://xunit/VsTestRunner2/netcoreapp" className="ModelRelief.Test.Integration.MeshTransforms.MeshTransformsBaseIntegrationTests" name="GetSingle_ValidIdPropertyValueReturnsCorrectModel" /></UnitTest><UnitTest name="Delete_TargetModelIsDeleted" storage="d:\users\steve knipmeyer\documents\github\modelrelief\modelrelief.test\bin\debug\netcoreapp2.0\modelrelief.test.dll" id="036705e4-1b6d-46d9-9290-ad827e7b3791"><Execution id="974ccc4e-b268-4621-b9c7-2dc4600d41ed" /><TestMethod codeBase="D:\Users\Steve Knipmeyer\Documents\GitHub\ModelRelief\ModelRelief.test\bin\Debug\netcoreapp2.0\ModelRelief.Test.dll" adapterTypeName="executor://xunit/VsTestRunner2/netcoreapp" className="ModelRelief.Test.Integration.Projects.ProjectsBaseIntegrationTests" name="Delete_TargetModelIsDeleted" /></UnitTest><UnitTest name="Patch_InvalidIdPropertyReturnsNotFound" storage="d:\users\steve knipmeyer\documents\github\modelrelief\modelrelief.test\bin\debug\netcoreapp2.0\modelrelief.test.dll" id="44639511-9439-4937-88e4-14863fdeb0a0"><Execution id="1c017ea3-bcce-46b5-ad60-dd469bfdb1c0" /><TestMethod codeBase="D:\Users\Steve Knipmeyer\Documents\GitHub\ModelRelief\ModelRelief.test\bin\Debug\netcoreapp2.0\ModelRelief.Test.dll" adapterTypeName="executor://xunit/VsTestRunner2/netcoreapp" className="ModelRelief.Test.Integration.Cameras.CamerasBaseIntegrationTests" name="Patch_InvalidIdPropertyReturnsNotFound" /></UnitTest><UnitTest name="Post_InvalidPropertyValueReturnsBadRequest" storage="d:\users\steve knipmeyer\documents\github\modelrelief\modelrelief.test\bin\debug\netcoreapp2.0\modelrelief.test.dll" id="0390e321-5346-47ec-80f3-c3f3b3faef9e"><Execution id="a3e5a3d6-da9b-4523-a73e-b282a411d086" /><TestMethod codeBase="D:\Users\Steve Knipmeyer\Documents\GitHub\ModelRelief\ModelRelief.test\bin\Debug\netcoreapp2.0\ModelRelief.Test.dll" adapterTypeName="executor://xunit/VsTestRunner2/netcoreapp" className="ModelRelief.Test.Integration.Meshes.MeshesBaseIntegrationTests" name="Post_InvalidPropertyValueReturnsBadRequest" /></UnitTest><UnitTest name="Patch_InvalidReferencePropertyReturnsBadRequest" storage="d:\users\steve knipmeyer\documents\github\modelrelief\modelrelief.test\bin\debug\netcoreapp2.0\modelrelief.test.dll" id="41f7fedd-96a8-40d8-9a00-30d4c5607e49"><Execution id="b845801e-2cd0-44bf-8c11-1cebec21ff90" /><TestMethod codeBase="D:\Users\Steve Knipmeyer\Documents\GitHub\ModelRelief\ModelRelief.test\bin\Debug\netcoreapp2.0\ModelRelief.Test.dll" adapterTypeName="executor://xunit/VsTestRunner2/netcoreapp" className="ModelRelief.Test.Integration.Projects.ProjectsBaseIntegrationTests" name="Patch_InvalidReferencePropertyReturnsBadRequest" /></UnitTest><UnitTest name="FileRequest_MeshGenerateScalesDepthBufferByP1Scale" storage="d:\users\steve knipmeyer\documents\github\modelrelief\modelrelief.test\bin\debug\netcoreapp2.0\modelrelief.test.dll" id="49609ca8-717f-446f-8a26-956ce68f7dbc"><Execution id="925bf2bd-ed95-4f92-a51f-08060d2c5d49" /><TestMethod codeBase="D:\Users\Steve Knipmeyer\Documents\GitHub\ModelRelief\ModelRelief.test\bin\Debug\netcoreapp2.0\ModelRelief.Test.dll" adapterTypeName="executor://xunit/VsTestRunner2/netcoreapp" className="ModelRelief.Test.Integration.Meshes.MeshesFileIntegrationTests" name="FileRequest_MeshGenerateScalesDepthBufferByP1Scale" /></UnitTest><UnitTest name="Patch_InvalidPropertyNameReturnsBadRequest" storage="d:\users\steve knipmeyer\documents\github\modelrelief\modelrelief.test\bin\debug\netcoreapp2.0\modelrelief.test.dll" id="ca0cbaff-2e67-4be1-8e0e-6f5892fe5e52"><Execution id="46f30e84-0054-411f-8355-dfc2af92f727" /><TestMethod codeBase="D:\Users\Steve Knipmeyer\Documents\GitHub\ModelRelief\ModelRelief.test\bin\Debug\netcoreapp2.0\ModelRelief.Test.dll" adapterTypeName="executor://xunit/VsTestRunner2/netcoreapp" className="ModelRelief.Test.Integration.Models.ModelsBaseIntegrationTests" name="Patch_InvalidPropertyNameReturnsBadRequest" /></UnitTest><UnitTest name="Post_ValidReferencePropertyCreatesModel" storage="d:\users\steve knipmeyer\documents\github\modelrelief\modelrelief.test\bin\debug\netcoreapp2.0\modelrelief.test.dll" id="5168bbe9-6541-4b3c-baf9-a6b3ac1f13ef"><Execution id="3a70cfc8-d14c-49cc-aeb0-b2d601feb801" /><TestMethod codeBase="D:\Users\Steve Knipmeyer\Documents\GitHub\ModelRelief\ModelRelief.test\bin\Debug\netcoreapp2.0\ModelRelief.Test.dll" adapterTypeName="executor://xunit/VsTestRunner2/netcoreapp" className="ModelRelief.Test.Integration.DepthBuffers.DepthBuffersBaseIntegrationTests" name="Post_ValidReferencePropertyCreatesModel" /></UnitTest><UnitTest name="Post_InvalidPropertyValueReturnsBadRequest" storage="d:\users\steve knipmeyer\documents\github\modelrelief\modelrelief.test\bin\debug\netcoreapp2.0\modelrelief.test.dll" id="711be1d5-e36b-476a-96a2-b3d5b0d6611a"><Execution id="41eaebe8-9227-4017-bb5e-ef4c434325e3" /><TestMethod codeBase="D:\Users\Steve Knipmeyer\Documents\GitHub\ModelRelief\ModelRelief.test\bin\Debug\netcoreapp2.0\ModelRelief.Test.dll" adapterTypeName="executor://xunit/VsTestRunner2/netcoreapp" className="ModelRelief.Test.Integration.Projects.ProjectsBaseIntegrationTests" name="Post_InvalidPropertyValueReturnsBadRequest" /></UnitTest><UnitTest name="GetFile_FileCanBeRoundTripped" storage="d:\users\steve knipmeyer\documents\github\modelrelief\modelrelief.test\bin\debug\netcoreapp2.0\modelrelief.test.dll" id="42487b20-852b-4f06-80d2-b3d2adcee738"><Execution id="c1070f1e-d27e-4b33-88df-3afa8f79d14e" /><TestMethod codeBase="D:\Users\Steve Knipmeyer\Documents\GitHub\ModelRelief\ModelRelief.test\bin\Debug\netcoreapp2.0\ModelRelief.Test.dll" adapterTypeName="executor://xunit/VsTestRunner2/netcoreapp" className="ModelRelief.Test.Integration.DepthBuffers.DepthBuffersFileIntegrationTests" name="GetFile_FileCanBeRoundTripped" /></UnitTest><UnitTest name="Patch_InvalidPropertyNameReturnsBadRequest" storage="d:\users\steve knipmeyer\documents\github\modelrelief\modelrelief.test\bin\debug\netcoreapp2.0\modelrelief.test.dll" id="049752ed-edfd-440d-9e41-6317222cc935"><Execution id="5ec7f3ff-51f1-4259-9088-57812462eff1" /><TestMethod codeBase="D:\Users\Steve Knipmeyer\Documents\GitHub\ModelRelief\ModelRelief.test\bin\Debug\netcoreapp2.0\ModelRelief.Test.dll" adapterTypeName="executor://xunit/VsTestRunner2/netcoreapp" className="ModelRelief.Test.Integration.Projects.ProjectsBaseIntegrationTests" name="Patch_InvalidPropertyNameReturnsBadRequest" /></UnitTest><UnitTest name="GetList_ListReturnsCorrectCount" storage="d:\users\steve knipmeyer\documents\github\modelrelief\modelrelief.test\bin\debug\netcoreapp2.0\modelrelief.test.dll" id="315fb2b1-fef7-4a06-9a47-97361f9ca7e4"><Execution id="354875fc-240b-4f7b-afc6-47637f0c8b5f" /><TestMethod codeBase="D:\Users\Steve Knipmeyer\Documents\GitHub\ModelRelief\ModelRelief.test\bin\Debug\netcoreapp2.0\ModelRelief.Test.dll" adapterTypeName="executor://xunit/VsTestRunner2/netcoreapp" className="ModelRelief.Test.Integration.DepthBuffers.DepthBuffersBaseIntegrationTests" name="GetList_ListReturnsCorrectCount" /></UnitTest><UnitTest name="Put_CanUpdateModel" storage="d:\users\steve knipmeyer\documents\github\modelrelief\modelrelief.test\bin\debug\netcoreapp2.0\modelrelief.test.dll" id="6136b214-45cb-43ba-b948-e7ad97dd1ba5"><Execution id="f526f61c-c7bd-45bc-bb56-b9ce05186e09" /><TestMethod codeBase="D:\Users\Steve Knipmeyer\Documents\GitHub\ModelRelief\ModelRelief.test\bin\Debug\netcoreapp2.0\ModelRelief.Test.dll" adapterTypeName="executor://xunit/VsTestRunner2/netcoreapp" className="ModelRelief.Test.Integration.DepthBuffers.DepthBuffersBaseIntegrationTests" name="Put_CanUpdateModel" /></UnitTest><UnitTest name="PutFile_FileCanBeUpdated" storage="d:\users\steve knipmeyer\documents\github\modelrelief\modelrelief.test\bin\debug\netcoreapp2.0\modelrelief.test.dll" id="94ca6299-47fa-47d1-bd7b-c80df197ace7"><Execution id="f4b25e05-e4ba-4187-82d1-5d5b6f3c08d2" /><TestMethod codeBase="D:\Users\Steve Knipmeyer\Documents\GitHub\ModelRelief\ModelRelief.test\bin\Debug\netcoreapp2.0\ModelRelief.Test.dll" adapterTypeName="executor://xunit/VsTestRunner2/netcoreapp" className="ModelRelief.Test.Integration.Meshes.MeshesFileIntegrationTests" name="PutFile_FileCanBeUpdated" /></UnitTest><UnitTest name="PutFile_FileCanBeUpdated" storage="d:\users\steve knipmeyer\documents\github\modelrelief\modelrelief.test\bin\debug\netcoreapp2.0\modelrelief.test.dll" id="f9c20003-0f5d-47c8-92d2-e984e043f1e3"><Execution id="807fb28b-9964-4e08-b036-505c8c859cf1" /><TestMethod codeBase="D:\Users\Steve Knipmeyer\Documents\GitHub\ModelRelief\ModelRelief.test\bin\Debug\netcoreapp2.0\ModelRelief.Test.dll" adapterTypeName="executor://xunit/VsTestRunner2/netcoreapp" className="ModelRelief.Test.Integration.Models.ModelsFileIntegrationTests" name="PutFile_FileCanBeUpdated" /></UnitTest><UnitTest name="Post_InvalidPropertyValueReturnsBadRequest" storage="d:\users\steve knipmeyer\documents\github\modelrelief\modelrelief.test\bin\debug\netcoreapp2.0\modelrelief.test.dll" id="3b650c8f-c67c-489a-800c-51b87bdf2589"><Execution id="d0db607d-aaea-4a95-983c-08fed2cac3f4" /><TestMethod codeBase="D:\Users\Steve Knipmeyer\Documents\GitHub\ModelRelief\ModelRelief.test\bin\Debug\netcoreapp2.0\ModelRelief.Test.dll" adapterTypeName="executor://xunit/VsTestRunner2/netcoreapp" className="ModelRelief.Test.Integration.MeshTransforms.MeshTransformsBaseIntegrationTests" name="Post_InvalidPropertyValueReturnsBadRequest" /></UnitTest><UnitTest name="Patch_InvalidReferencePropertyReturnsBadRequest" storage="d:\users\steve knipmeyer\documents\github\modelrelief\modelrelief.test\bin\debug\netcoreapp2.0\modelrelief.test.dll" id="92c1e9fa-ec19-4090-8fa9-554d83c8e0cc"><Execution id="78d53f28-2856-4252-a697-f619134e8f44" /><TestMethod codeBase="D:\Users\Steve Knipmeyer\Documents\GitHub\ModelRelief\ModelRelief.test\bin\Debug\netcoreapp2.0\ModelRelief.Test.dll" adapterTypeName="executor://xunit/VsTestRunner2/netcoreapp" className="ModelRelief.Test.Integration.Cameras.CamerasBaseIntegrationTests" name="Patch_InvalidReferencePropertyReturnsBadRequest" /></UnitTest><UnitTest name="Put_InvalidReferencePropertyReturndBadRequest" storage="d:\users\steve knipmeyer\documents\github\modelrelief\modelrelief.test\bin\debug\netcoreapp2.0\modelrelief.test.dll" id="2ddea720-e82d-4a6d-8182-0808a8f05f18"><Execution id="2c6935c9-f544-4bec-998d-52ddcc5eeeaf" /><TestMethod codeBase="D:\Users\Steve Knipmeyer\Documents\GitHub\ModelRelief\ModelRelief.test\bin\Debug\netcoreapp2.0\ModelRelief.Test.dll" adapterTypeName="executor://xunit/VsTestRunner2/netcoreapp" className="ModelRelief.Test.Integration.Meshes.MeshesBaseIntegrationTests" name="Put_InvalidReferencePropertyReturndBadRequest" /></UnitTest><UnitTest name="Patch_InvalidPropertyNameReturnsBadRequest" storage="d:\users\steve knipmeyer\documents\github\modelrelief\modelrelief.test\bin\debug\netcoreapp2.0\modelrelief.test.dll" id="b8fbf430-f083-426c-a03c-d83709ed31b1"><Execution id="8d048d6b-14a7-48dd-a4ba-997fc3230d98" /><TestMethod codeBase="D:\Users\Steve Knipmeyer\Documents\GitHub\ModelRelief\ModelRelief.test\bin\Debug\netcoreapp2.0\ModelRelief.Test.dll" adapterTypeName="executor://xunit/VsTestRunner2/netcoreapp" className="ModelRelief.Test.Integration.MeshTransforms.MeshTransformsBaseIntegrationTests" name="Patch_InvalidPropertyNameReturnsBadRequest" /></UnitTest><UnitTest name="GetFile_ExistingFileReturnsSuccess" storage="d:\users\steve knipmeyer\documents\github\modelrelief\modelrelief.test\bin\debug\netcoreapp2.0\modelrelief.test.dll" id="8d7e9b98-34b0-49ad-af71-6998c0a309e6"><Execution id="b5a1b7e9-d9c2-4e0c-aba6-c88b4fd56583" /><TestMethod codeBase="D:\Users\Steve Knipmeyer\Documents\GitHub\ModelRelief\ModelRelief.test\bin\Debug\netcoreapp2.0\ModelRelief.Test.dll" adapterTypeName="executor://xunit/VsTestRunner2/netcoreapp" className="ModelRelief.Test.Integration.DepthBuffers.DepthBuffersFileIntegrationTests" name="GetFile_ExistingFileReturnsSuccess" /></UnitTest><UnitTest name="Delete_TargetModelIsDeleted" storage="d:\users\steve knipmeyer\documents\github\modelrelief\modelrelief.test\bin\debug\netcoreapp2.0\modelrelief.test.dll" id="0880db53-4c1a-46ba-a696-ba45bba6c247"><Execution id="917d661d-b484-40a5-9d28-31d0b08894d3" /><TestMethod codeBase="D:\Users\Steve Knipmeyer\Documents\GitHub\ModelRelief\ModelRelief.test\bin\Debug\netcoreapp2.0\ModelRelief.Test.dll" adapterTypeName="executor://xunit/VsTestRunner2/netcoreapp" className="ModelRelief.Test.Integration.MeshTransforms.MeshTransformsBaseIntegrationTests" name="Delete_TargetModelIsDeleted" /></UnitTest><UnitTest name="GetSingle_ValidIdPropertyValueReturnsCorrectModel" storage="d:\users\steve knipmeyer\documents\github\modelrelief\modelrelief.test\bin\debug\netcoreapp2.0\modelrelief.test.dll" id="be025292-b92f-42d9-a04a-3f42869b300f"><Execution id="1075c60c-54aa-415f-b7fd-5a9ab7cfeeff" /><TestMethod codeBase="D:\Users\Steve Knipmeyer\Documents\GitHub\ModelRelief\ModelRelief.test\bin\Debug\netcoreapp2.0\ModelRelief.Test.dll" adapterTypeName="executor://xunit/VsTestRunner2/netcoreapp" className="ModelRelief.Test.Integration.Meshes.MeshesBaseIntegrationTests" name="GetSingle_ValidIdPropertyValueReturnsCorrectModel" /></UnitTest><UnitTest name="Patch_InvalidIdPropertyReturnsNotFound" storage="d:\users\steve knipmeyer\documents\github\modelrelief\modelrelief.test\bin\debug\netcoreapp2.0\modelrelief.test.dll" id="2a64d426-aad5-4220-9ce8-860630dd5bf0"><Execution id="bf28a4d6-3f11-46ae-854e-70241a118c0f" /><TestMethod codeBase="D:\Users\Steve Knipmeyer\Documents\GitHub\ModelRelief\ModelRelief.test\bin\Debug\netcoreapp2.0\ModelRelief.Test.dll" adapterTypeName="executor://xunit/VsTestRunner2/netcoreapp" className="ModelRelief.Test.Integration.Models.ModelsBaseIntegrationTests" name="Patch_InvalidIdPropertyReturnsNotFound" /></UnitTest><UnitTest name="Put_InvalidReferencePropertyReturndBadRequest" storage="d:\users\steve knipmeyer\documents\github\modelrelief\modelrelief.test\bin\debug\netcoreapp2.0\modelrelief.test.dll" id="089dd0f4-e140-4270-b2b2-acc9e508f695"><Execution id="1e760f1e-ed5e-4171-a73a-06d0a11a6da4" /><TestMethod codeBase="D:\Users\Steve Knipmeyer\Documents\GitHub\ModelRelief\ModelRelief.test\bin\Debug\netcoreapp2.0\ModelRelief.Test.dll" adapterTypeName="executor://xunit/VsTestRunner2/netcoreapp" className="ModelRelief.Test.Integration.Models.ModelsBaseIntegrationTests" name="Put_InvalidReferencePropertyReturndBadRequest" /></UnitTest><UnitTest name="GetFile_NonExistentFileReturnsNotFound" storage="d:\users\steve knipmeyer\documents\github\modelrelief\modelrelief.test\bin\debug\netcoreapp2.0\modelrelief.test.dll" id="7437d5e3-4cce-40bc-a393-e11a30aaedc2"><Execution id="39f9bb13-4f33-4e0e-9ca4-78918e07aec4" /><TestMethod codeBase="D:\Users\Steve Knipmeyer\Documents\GitHub\ModelRelief\ModelRelief.test\bin\Debug\netcoreapp2.0\ModelRelief.Test.dll" adapterTypeName="executor://xunit/VsTestRunner2/netcoreapp" className="ModelRelief.Test.Integration.DepthBuffers.DepthBuffersFileIntegrationTests" name="GetFile_NonExistentFileReturnsNotFound" /></UnitTest><UnitTest name="FileRequest_MeshGenerateSetsFileIsSynchronized" storage="d:\users\steve knipmeyer\documents\github\modelrelief\modelrelief.test\bin\debug\netcoreapp2.0\modelrelief.test.dll" id="8fe1ced0-6cf4-4393-89f0-2778bccb2f1c"><Execution id="1e90ec2e-3e8d-448a-a43a-0a6bbd8d84c5" /><TestMethod codeBase="D:\Users\Steve Knipmeyer\Documents\GitHub\ModelRelief\ModelRelief.test\bin\Debug\netcoreapp2.0\ModelRelief.Test.dll" adapterTypeName="executor://xunit/VsTestRunner2/netcoreapp" className="ModelRelief.Test.Integration.Meshes.MeshesFileIntegrationTests" name="FileRequest_MeshGenerateSetsFileIsSynchronized" /></UnitTest><UnitTest name="GetFile_NonExistentFileReturnsNotFound" storage="d:\users\steve knipmeyer\documents\github\modelrelief\modelrelief.test\bin\debug\netcoreapp2.0\modelrelief.test.dll" id="c17e416f-a29c-4341-a7b5-2617891bd18d"><Execution id="b8ed4134-8959-46fc-b83c-c642ed9277d4" /><TestMethod codeBase="D:\Users\Steve Knipmeyer\Documents\GitHub\ModelRelief\ModelRelief.test\bin\Debug\netcoreapp2.0\ModelRelief.Test.dll" adapterTypeName="executor://xunit/VsTestRunner2/netcoreapp" className="ModelRelief.Test.Integration.Models.ModelsFileIntegrationTests" name="GetFile_NonExistentFileReturnsNotFound" /></UnitTest><UnitTest name="Put_ValidReferencePropertyUpdatesModel" storage="d:\users\steve knipmeyer\documents\github\modelrelief\modelrelief.test\bin\debug\netcoreapp2.0\modelrelief.test.dll" id="530a5510-31b9-4666-9115-ec55f5ace286"><Execution id="c0b8b9f3-8a0d-4f4a-b768-4601537a4581" /><TestMethod codeBase="D:\Users\Steve Knipmeyer\Documents\GitHub\ModelRelief\ModelRelief.test\bin\Debug\netcoreapp2.0\ModelRelief.Test.dll" adapterTypeName="executor://xunit/VsTestRunner2/netcoreapp" className="ModelRelief.Test.Integration.MeshTransforms.MeshTransformsBaseIntegrationTests" name="Put_ValidReferencePropertyUpdatesModel" /></UnitTest><UnitTest name="Put_InvalidIdReturnsNotFound" storage="d:\users\steve knipmeyer\documents\github\modelrelief\modelrelief.test\bin\debug\netcoreapp2.0\modelrelief.test.dll" id="010b6eac-97f3-48d1-90a7-1d9da2335aff"><Execution id="499b5248-a81a-4ba5-b9de-2f6059abc51d" /><TestMethod codeBase="D:\Users\Steve Knipmeyer\Documents\GitHub\ModelRelief\ModelRelief.test\bin\Debug\netcoreapp2.0\ModelRelief.Test.dll" adapterTypeName="executor://xunit/VsTestRunner2/netcoreapp" className="ModelRelief.Test.Integration.Meshes.MeshesBaseIntegrationTests" name="Put_InvalidIdReturnsNotFound" /></UnitTest><UnitTest name="Delete_TargetModelIsDeleted" storage="d:\users\steve knipmeyer\documents\github\modelrelief\modelrelief.test\bin\debug\netcoreapp2.0\modelrelief.test.dll" id="aed1238e-a756-4d84-bdb5-313940efd306"><Execution id="6cf0b90b-7f0f-4c08-9b44-c0fb1a8e9ad2" /><TestMethod codeBase="D:\Users\Steve Knipmeyer\Documents\GitHub\ModelRelief\ModelRelief.test\bin\Debug\netcoreapp2.0\ModelRelief.Test.dll" adapterTypeName="executor://xunit/VsTestRunner2/netcoreapp" className="ModelRelief.Test.Integration.Models.ModelsBaseIntegrationTests" name="Delete_TargetModelIsDeleted" /></UnitTest><UnitTest name="Post_InvalidReferencePropertyReturnsBadRequest" storage="d:\users\steve knipmeyer\documents\github\modelrelief\modelrelief.test\bin\debug\netcoreapp2.0\modelrelief.test.dll" id="2fd5ec57-1ed3-4eb1-a701-cafbee9c7f36"><Execution id="189fd5c3-8ad8-4c46-8cd1-c164e6146d1f" /><TestMethod codeBase="D:\Users\Steve Knipmeyer\Documents\GitHub\ModelRelief\ModelRelief.test\bin\Debug\netcoreapp2.0\ModelRelief.Test.dll" adapterTypeName="executor://xunit/VsTestRunner2/netcoreapp" className="ModelRelief.Test.Integration.DepthBuffers.DepthBuffersBaseIntegrationTests" name="Post_InvalidReferencePropertyReturnsBadRequest" /></UnitTest><UnitTest name="Put_CanUpdateModel" storage="d:\users\steve knipmeyer\documents\github\modelrelief\modelrelief.test\bin\debug\netcoreapp2.0\modelrelief.test.dll" id="52560c07-120d-47c6-9fa2-fcc20652a9fd"><Execution id="8b1dfe66-8c96-4d98-a0d8-02b5235f300f" /><TestMethod codeBase="D:\Users\Steve Knipmeyer\Documents\GitHub\ModelRelief\ModelRelief.test\bin\Debug\netcoreapp2.0\ModelRelief.Test.dll" adapterTypeName="executor://xunit/VsTestRunner2/netcoreapp" className="ModelRelief.Test.Integration.Projects.ProjectsBaseIntegrationTests" name="Put_CanUpdateModel" /></UnitTest><UnitTest name="MeshTransformHasExpectedDependentFiles" storage="d:\users\steve knipmeyer\documents\github\modelrelief\modelrelief.test\bin\debug\netcoreapp2.0\modelrelief.test.dll" id="4bd6710d-bf29-487b-8b2e-bf19f839782b"><Execution id="da28252a-5b0a-49b3-bfa6-b047e9f7455b" /><TestMethod codeBase="D:\Users\Steve Knipmeyer\Documents\GitHub\ModelRelief\ModelRelief.test\bin\Debug\netcoreapp2.0\ModelRelief.Test.dll" adapterTypeName="executor://xunit/VsTestRunner2/netcoreapp" className="ModelRelief.Test.Unit.DependencyManager.DependencyManagerTests" name="MeshTransformHasExpectedDependentFiles" /></UnitTest><UnitTest name="Put_CanUpdateModel" storage="d:\users\steve knipmeyer\documents\github\modelrelief\modelrelief.test\bin\debug\netcoreapp2.0\modelrelief.test.dll" id="44d596dc-6485-48e7-90ec-fc7a7bb8ab00"><Execution id="9a7359b4-5aca-4851-92d1-aee385fa6743" /><TestMethod codeBase="D:\Users\Steve Knipmeyer\Documents\GitHub\ModelRelief\ModelRelief.test\bin\Debug\netcoreapp2.0\ModelRelief.Test.dll" adapterTypeName="executor://xunit/VsTestRunner2/netcoreapp" className="ModelRelief.Test.Integration.MeshTransforms.MeshTransformsBaseIntegrationTests" name="Put_CanUpdateModel" /></UnitTest><UnitTest name="Put_InvalidIdReturnsNotFound" storage="d:\users\steve knipmeyer\documents\github\modelrelief\modelrelief.test\bin\debug\netcoreapp2.0\modelrelief.test.dll" id="95f32deb-b32a-4195-a3fa-bab216a3037d"><Execution id="79f5309c-0889-401e-84ec-532f967141f2" /><TestMethod codeBase="D:\Users\Steve Knipmeyer\Documents\GitHub\ModelRelief\ModelRelief.test\bin\Debug\netcoreapp2.0\ModelRelief.Test.dll" adapterTypeName="executor://xunit/VsTestRunner2/netcoreapp" className="ModelRelief.Test.Integration.Models.ModelsBaseIntegrationTests" name="Put_InvalidIdReturnsNotFound" /></UnitTest><UnitTest name="Patch_ValidReferencePropertyUpdatesModel" storage="d:\users\steve knipmeyer\documents\github\modelrelief\modelrelief.test\bin\debug\netcoreapp2.0\modelrelief.test.dll" id="41b96ef7-5c6b-4d86-aa3e-a03eade96fd7"><Execution id="5d4dc214-1110-4b33-b204-039cc4e3aca4" /><TestMethod codeBase="D:\Users\Steve Knipmeyer\Documents\GitHub\ModelRelief\ModelRelief.test\bin\Debug\netcoreapp2.0\ModelRelief.Test.dll" adapterTypeName="executor://xunit/VsTestRunner2/netcoreapp" className="ModelRelief.Test.Integration.Projects.ProjectsBaseIntegrationTests" name="Patch_ValidReferencePropertyUpdatesModel" /></UnitTest><UnitTest name="GetSingle_ValidIdPropertyValueReturnsCorrectModel" storage="d:\users\steve knipmeyer\documents\github\modelrelief\modelrelief.test\bin\debug\netcoreapp2.0\modelrelief.test.dll" id="14ebbb71-bc1f-41b7-b479-37bddfac66e2"><Execution id="ecd50cf9-2f19-4c62-8f73-5f8bd7503eea" /><TestMethod codeBase="D:\Users\Steve Knipmeyer\Documents\GitHub\ModelRelief\ModelRelief.test\bin\Debug\netcoreapp2.0\ModelRelief.Test.dll" adapterTypeName="executor://xunit/VsTestRunner2/netcoreapp" className="ModelRelief.Test.Integration.Cameras.CamerasBaseIntegrationTests" name="GetSingle_ValidIdPropertyValueReturnsCorrectModel" /></UnitTest><UnitTest name="Post_ValidReferencePropertyCreatesModel" storage="d:\users\steve knipmeyer\documents\github\modelrelief\modelrelief.test\bin\debug\netcoreapp2.0\modelrelief.test.dll" id="1d015948-bf00-4344-a5d4-522cd9ec31a3"><Execution id="43397dfc-62d8-4848-b253-6b62af080330" /><TestMethod codeBase="D:\Users\Steve Knipmeyer\Documents\GitHub\ModelRelief\ModelRelief.test\bin\Debug\netcoreapp2.0\ModelRelief.Test.dll" adapterTypeName="executor://xunit/VsTestRunner2/netcoreapp" className="ModelRelief.Test.Integration.Models.ModelsBaseIntegrationTests" name="Post_ValidReferencePropertyCreatesModel" /></UnitTest><UnitTest name="Patch_InvalidEnumPropertyValueReturnsBadRequest" storage="d:\users\steve knipmeyer\documents\github\modelrelief\modelrelief.test\bin\debug\netcoreapp2.0\modelrelief.test.dll" id="e8addef3-506f-4dd0-a3e8-19d9a1e7645d"><Execution id="18c4edea-a91e-4035-999a-ef24e6273b0f" /><TestMethod codeBase="D:\Users\Steve Knipmeyer\Documents\GitHub\ModelRelief\ModelRelief.test\bin\Debug\netcoreapp2.0\ModelRelief.Test.dll" adapterTypeName="executor://xunit/VsTestRunner2/netcoreapp" className="ModelRelief.Test.Integration.Projects.ProjectsBaseIntegrationTests" name="Patch_InvalidEnumPropertyValueReturnsBadRequest" /></UnitTest><UnitTest name="DepthBufferHasExpectedDependentFiles" storage="d:\users\steve knipmeyer\documents\github\modelrelief\modelrelief.test\bin\debug\netcoreapp2.0\modelrelief.test.dll" id="bd94ee12-37b1-47f7-bf21-2108eca9b641"><Execution id="3183c7d9-dee1-4600-ac4b-7ec6d0f1e839" /><TestMethod codeBase="D:\Users\Steve Knipmeyer\Documents\GitHub\ModelRelief\ModelRelief.test\bin\Debug\netcoreapp2.0\ModelRelief.Test.dll" adapterTypeName="executor://xunit/VsTestRunner2/netcoreapp" className="ModelRelief.Test.Unit.DependencyManager.DependencyManagerTests" name="DepthBufferHasExpectedDependentFiles" /></UnitTest><UnitTest name="Post_ValidReferencePropertyCreatesModel" storage="d:\users\steve knipmeyer\documents\github\modelrelief\modelrelief.test\bin\debug\netcoreapp2.0\modelrelief.test.dll" id="bc9bff14-387a-481f-8e64-0c30c045a946"><Execution id="a9a35354-1998-45a1-9c1e-6959c20d16ae" /><TestMethod codeBase="D:\Users\Steve Knipmeyer\Documents\GitHub\ModelRelief\ModelRelief.test\bin\Debug\netcoreapp2.0\ModelRelief.Test.dll" adapterTypeName="executor://xunit/VsTestRunner2/netcoreapp" className="ModelRelief.Test.Integration.MeshTransforms.MeshTransformsBaseIntegrationTests" name="Post_ValidReferencePropertyCreatesModel" /></UnitTest><UnitTest name="LucyModel3dHasTwoDependents" storage="d:\users\steve knipmeyer\documents\github\modelrelief\modelrelief.test\bin\debug\netcoreapp2.0\modelrelief.test.dll" id="44d92aaf-30f2-470e-bc38-6e8f3a39d5c8"><Execution id="aab886f8-3504-4190-a99b-9488df1b5d7f" /><TestMethod codeBase="D:\Users\Steve Knipmeyer\Documents\GitHub\ModelRelief\ModelRelief.test\bin\Debug\netcoreapp2.0\ModelRelief.Test.dll" adapterTypeName="executor://xunit/VsTestRunner2/netcoreapp" className="ModelRelief.Test.Unit.DependencyManager.DependencyManagerTests" name="LucyModel3dHasTwoDependents" /></UnitTest><UnitTest name="GetSingle_ValidIdPropertyValueReturnsCorrectModel" storage="d:\users\steve knipmeyer\documents\github\modelrelief\modelrelief.test\bin\debug\netcoreapp2.0\modelrelief.test.dll" id="4c458e1d-1499-427f-8926-e21ad14565a8"><Execution id="ef39ac82-b911-4089-82e2-480761069b62" /><TestMethod codeBase="D:\Users\Steve Knipmeyer\Documents\GitHub\ModelRelief\ModelRelief.test\bin\Debug\netcoreapp2.0\ModelRelief.Test.dll" adapterTypeName="executor://xunit/VsTestRunner2/netcoreapp" className="ModelRelief.Test.Integration.Projects.ProjectsBaseIntegrationTests" name="GetSingle_ValidIdPropertyValueReturnsCorrectModel" /></UnitTest><UnitTest name="PostFile_NewFileCanBePosted" storage="d:\users\steve knipmeyer\documents\github\modelrelief\modelrelief.test\bin\debug\netcoreapp2.0\modelrelief.test.dll" id="52c88413-5030-4359-a870-a54f7f2916c5"><Execution id="560e4f40-3d01-4719-bcd1-3783b17b86d5" /><TestMethod codeBase="D:\Users\Steve Knipmeyer\Documents\GitHub\ModelRelief\ModelRelief.test\bin\Debug\netcoreapp2.0\ModelRelief.Test.dll" adapterTypeName="executor://xunit/VsTestRunner2/netcoreapp" className="ModelRelief.Test.Integration.Models.ModelsFileIntegrationTests" name="PostFile_NewFileCanBePosted" /></UnitTest><UnitTest name="PutFile_NewFileCanBePut" storage="d:\users\steve knipmeyer\documents\github\modelrelief\modelrelief.test\bin\debug\netcoreapp2.0\modelrelief.test.dll" id="88f0369b-f1e1-4af5-8569-f3800d7ab4fd"><Execution id="b77d5601-c5e8-411b-8042-050d01e5bf49" /><TestMethod codeBase="D:\Users\Steve Knipmeyer\Documents\GitHub\ModelRelief\ModelRelief.test\bin\Debug\netcoreapp2.0\ModelRelief.Test.dll" adapterTypeName="executor://xunit/VsTestRunner2/netcoreapp" className="ModelRelief.Test.Integration.DepthBuffers.DepthBuffersFileIntegrationTests" name="PutFile_NewFileCanBePut" /></UnitTest><UnitTest name="Post_CanCreateNewModel" storage="d:\users\steve knipmeyer\documents\github\modelrelief\modelrelief.test\bin\debug\netcoreapp2.0\modelrelief.test.dll" id="c37593e3-78e1-4373-9326-97dc50106b42"><Execution id="6bbebbae-1014-433a-918a-4f12286049a7" /><TestMethod codeBase="D:\Users\Steve Knipmeyer\Documents\GitHub\ModelRelief\ModelRelief.test\bin\Debug\netcoreapp2.0\ModelRelief.Test.dll" adapterTypeName="executor://xunit/VsTestRunner2/netcoreapp" className="ModelRelief.Test.Integration.Projects.ProjectsBaseIntegrationTests" name="Post_CanCreateNewModel" /></UnitTest><UnitTest name="Patch_InvalidEnumPropertyValueReturnsBadRequest" storage="d:\users\steve knipmeyer\documents\github\modelrelief\modelrelief.test\bin\debug\netcoreapp2.0\modelrelief.test.dll" id="06e4df23-dee0-4835-8ee1-15ec202399c2"><Execution id="ac2181f9-e5cc-47c3-ade8-574d1daf5d8a" /><TestMethod codeBase="D:\Users\Steve Knipmeyer\Documents\GitHub\ModelRelief\ModelRelief.test\bin\Debug\netcoreapp2.0\ModelRelief.Test.dll" adapterTypeName="executor://xunit/VsTestRunner2/netcoreapp" className="ModelRelief.Test.Integration.MeshTransforms.MeshTransformsBaseIntegrationTests" name="Patch_InvalidEnumPropertyValueReturnsBadRequest" /></UnitTest><UnitTest name="GetSingle_InvalidIdPropertyValueReturnsNotFound" storage="d:\users\steve knipmeyer\documents\github\modelrelief\modelrelief.test\bin\debug\netcoreapp2.0\modelrelief.test.dll" id="f3195146-e3c2-43c4-9bfc-1056ce237803"><Execution id="704c459e-0df8-4892-9bb7-3282e7383a31" /><TestMethod codeBase="D:\Users\Steve Knipmeyer\Documents\GitHub\ModelRelief\ModelRelief.test\bin\Debug\netcoreapp2.0\ModelRelief.Test.dll" adapterTypeName="executor://xunit/VsTestRunner2/netcoreapp" className="ModelRelief.Test.Integration.DepthBuffers.DepthBuffersBaseIntegrationTests" name="GetSingle_InvalidIdPropertyValueReturnsNotFound" /></UnitTest><UnitTest name="Put_InvalidReferencePropertyReturndBadRequest" storage="d:\users\steve knipmeyer\documents\github\modelrelief\modelrelief.test\bin\debug\netcoreapp2.0\modelrelief.test.dll" id="4b956bc0-0a9b-4d48-921e-fe6c3e8125b7"><Execution id="f0b3b496-7d7d-46a6-803c-8069d0a8fce9" /><TestMethod codeBase="D:\Users\Steve Knipmeyer\Documents\GitHub\ModelRelief\ModelRelief.test\bin\Debug\netcoreapp2.0\ModelRelief.Test.dll" adapterTypeName="executor://xunit/VsTestRunner2/netcoreapp" className="ModelRelief.Test.Integration.Cameras.CamerasBaseIntegrationTests" name="Put_InvalidReferencePropertyReturndBadRequest" /></UnitTest><UnitTest name="GetSingle_ValidIdPropertyValueReturnsCorrectModel" storage="d:\users\steve knipmeyer\documents\github\modelrelief\modelrelief.test\bin\debug\netcoreapp2.0\modelrelief.test.dll" id="23229ef5-a5bf-46a1-ab83-e3a7d40c21e3"><Execution id="a04446e9-f92e-4e74-9335-af2bc637a054" /><TestMethod codeBase="D:\Users\Steve Knipmeyer\Documents\GitHub\ModelRelief\ModelRelief.test\bin\Debug\netcoreapp2.0\ModelRelief.Test.dll" adapterTypeName="executor://xunit/VsTestRunner2/netcoreapp" className="ModelRelief.Test.Integration.DepthBuffers.DepthBuffersBaseIntegrationTests" name="GetSingle_ValidIdPropertyValueReturnsCorrectModel" /></UnitTest><UnitTest name="Patch_MultipleInvalidReferencePropertiesReturnsMultipleValidationErrorsAndBadRequest" storage="d:\users\steve knipmeyer\documents\github\modelrelief\modelrelief.test\bin\debug\netcoreapp2.0\modelrelief.test.dll" id="808359a1-401f-4063-9348-4f25b09d2429"><Execution id="c8cdb2ea-1490-4964-b806-b461d4b46a9d" /><TestMethod codeBase="D:\Users\Steve Knipmeyer\Documents\GitHub\ModelRelief\ModelRelief.test\bin\Debug\netcoreapp2.0\ModelRelief.Test.dll" adapterTypeName="executor://xunit/VsTestRunner2/netcoreapp" className="ModelRelief.Test.Integration.Cameras.CamerasBaseIntegrationTests" name="Patch_MultipleInvalidReferencePropertiesReturnsMultipleValidationErrorsAndBadRequest" /></UnitTest><UnitTest name="Patch_InvalidEnumPropertyValueReturnsBadRequest" storage="d:\users\steve knipmeyer\documents\github\modelrelief\modelrelief.test\bin\debug\netcoreapp2.0\modelrelief.test.dll" id="ca236b3b-bba7-414a-bb2a-b031df602b4b"><Execution id="d772b58d-258d-4013-a113-5a2c4ae3f8b9" /><TestMethod codeBase="D:\Users\Steve Knipmeyer\Documents\GitHub\ModelRelief\ModelRelief.test\bin\Debug\netcoreapp2.0\ModelRelief.Test.dll" adapterTypeName="executor://xunit/VsTestRunner2/netcoreapp" className="ModelRelief.Test.Integration.Meshes.MeshesBaseIntegrationTests" name="Patch_InvalidEnumPropertyValueReturnsBadRequest" /></UnitTest><UnitTest name="Put_CanUpdateModel" storage="d:\users\steve knipmeyer\documents\github\modelrelief\modelrelief.test\bin\debug\netcoreapp2.0\modelrelief.test.dll" id="8ad9d5a1-a881-4a0a-bc61-8ba26bf50aea"><Execution id="37a08ea0-1e4f-4547-ba45-20790e44a763" /><TestMethod codeBase="D:\Users\Steve Knipmeyer\Documents\GitHub\ModelRelief\ModelRelief.test\bin\Debug\netcoreapp2.0\ModelRelief.Test.dll" adapterTypeName="executor://xunit/VsTestRunner2/netcoreapp" className="ModelRelief.Test.Integration.Cameras.CamerasBaseIntegrationTests" name="Put_CanUpdateModel" /></UnitTest><UnitTest name="Patch_InvalidReferencePropertyReturnsBadRequest" storage="d:\users\steve knipmeyer\documents\github\modelrelief\modelrelief.test\bin\debug\netcoreapp2.0\modelrelief.test.dll" id="144d8a8f-c51a-4499-aefc-e7b5ebce0f15"><Execution id="dbf0bd18-963c-4d09-8c14-2816354ac0af" /><TestMethod codeBase="D:\Users\Steve Knipmeyer\Documents\GitHub\ModelRelief\ModelRelief.test\bin\Debug\netcoreapp2.0\ModelRelief.Test.dll" adapterTypeName="executor://xunit/VsTestRunner2/netcoreapp" className="ModelRelief.Test.Integration.Meshes.MeshesBaseIntegrationTests" name="Patch_InvalidReferencePropertyReturnsBadRequest" /></UnitTest><UnitTest name="Post_InvalidPropertyValueReturnsBadRequest" storage="d:\users\steve knipmeyer\documents\github\modelrelief\modelrelief.test\bin\debug\netcoreapp2.0\modelrelief.test.dll" id="9176f27f-085f-457d-9239-9fe12d2f1bb5"><Execution id="d7864fa7-69a9-4c1a-a748-41a69762a62a" /><TestMethod codeBase="D:\Users\Steve Knipmeyer\Documents\GitHub\ModelRelief\ModelRelief.test\bin\Debug\netcoreapp2.0\ModelRelief.Test.dll" adapterTypeName="executor://xunit/VsTestRunner2/netcoreapp" className="ModelRelief.Test.Integration.DepthBuffers.DepthBuffersBaseIntegrationTests" name="Post_InvalidPropertyValueReturnsBadRequest" /></UnitTest><UnitTest name="FileRequest_MeshIsInvalidatedAfterDepthBufferFileBecomesUnsynchronized" storage="d:\users\steve knipmeyer\documents\github\modelrelief\modelrelief.test\bin\debug\netcoreapp2.0\modelrelief.test.dll" id="2065c2f3-ed65-4857-8775-3043c373502c"><Execution id="57484bbb-ef7b-4bdd-bfb8-9daa540fe8a0" /><TestMethod codeBase="D:\Users\Steve Knipmeyer\Documents\GitHub\ModelRelief\ModelRelief.test\bin\Debug\netcoreapp2.0\ModelRelief.Test.dll" adapterTypeName="executor://xunit/VsTestRunner2/netcoreapp" className="ModelRelief.Test.Integration.Meshes.MeshesFileIntegrationTests" name="FileRequest_MeshIsInvalidatedAfterDepthBufferFileBecomesUnsynchronized" /></UnitTest><UnitTest name="Model3dHasExpectedDependentFiles" storage="d:\users\steve knipmeyer\documents\github\modelrelief\modelrelief.test\bin\debug\netcoreapp2.0\modelrelief.test.dll" id="58a31d60-cb03-49c4-a5cd-d68513bf63f2"><Execution id="c26225ef-be84-4c29-a82b-4abb87baf7e9" /><TestMethod codeBase="D:\Users\Steve Knipmeyer\Documents\GitHub\ModelRelief\ModelRelief.test\bin\Debug\netcoreapp2.0\ModelRelief.Test.dll" adapterTypeName="executor://xunit/VsTestRunner2/netcoreapp" className="ModelRelief.Test.Unit.DependencyManager.DependencyManagerTests" name="Model3dHasExpectedDependentFiles" /></UnitTest><UnitTest name="Put_InvalidIdReturnsNotFound" storage="d:\users\steve knipmeyer\documents\github\modelrelief\modelrelief.test\bin\debug\netcoreapp2.0\modelrelief.test.dll" id="0e950bf3-e0d0-4c34-a643-dbf0a7df4a42"><Execution id="93d2dcd4-d1dd-4130-8b95-77fde74078ee" /><TestMethod codeBase="D:\Users\Steve Knipmeyer\Documents\GitHub\ModelRelief\ModelRelief.test\bin\Debug\netcoreapp2.0\ModelRelief.Test.dll" adapterTypeName="executor://xunit/VsTestRunner2/netcoreapp" className="ModelRelief.Test.Integration.MeshTransforms.MeshTransformsBaseIntegrationTests" name="Put_InvalidIdReturnsNotFound" /></UnitTest><UnitTest name="Patch_InvalidReferencePropertyReturnsBadRequest" storage="d:\users\steve knipmeyer\documents\github\modelrelief\modelrelief.test\bin\debug\netcoreapp2.0\modelrelief.test.dll" id="21ce65ab-6892-41c1-a64c-53531a8e112a"><Execution id="348abf7f-f511-486a-a1ab-9586f64652bd" /><TestMethod codeBase="D:\Users\Steve Knipmeyer\Documents\GitHub\ModelRelief\ModelRelief.test\bin\Debug\netcoreapp2.0\ModelRelief.Test.dll" adapterTypeName="executor://xunit/VsTestRunner2/netcoreapp" className="ModelRelief.Test.Integration.Models.ModelsBaseIntegrationTests" name="Patch_InvalidReferencePropertyReturnsBadRequest" /></UnitTest><UnitTest name="Post_CanCreateNewModel" storage="d:\users\steve knipmeyer\documents\github\modelrelief\modelrelief.test\bin\debug\netcoreapp2.0\modelrelief.test.dll" id="57551017-b2f9-4787-b0f9-03434beb4034"><Execution id="3d3247e3-b58c-4389-ac7b-32fe4bac38d1" /><TestMethod codeBase="D:\Users\Steve Knipmeyer\Documents\GitHub\ModelRelief\ModelRelief.test\bin\Debug\netcoreapp2.0\ModelRelief.Test.dll" adapterTypeName="executor://xunit/VsTestRunner2/netcoreapp" className="ModelRelief.Test.Integration.Meshes.MeshesBaseIntegrationTests" name="Post_CanCreateNewModel" /></UnitTest></TestDefinitions><TestEntries><TestEntry testId="307ae425-640a-4c3e-91a3-d08664370276" executionId="27cf4e1f-8a89-4504-b61e-43f6e461af5e" testListId="8c84fa94-04c1-424b-9868-57a2d4851a1d" /><TestEntry testId="315fb2b1-fef7-4a06-9a47-97361f9ca7e4" executionId="354875fc-240b-4f7b-afc6-47637f0c8b5f" testListId="8c84fa94-04c1-424b-9868-57a2d4851a1d" /><TestEntry testId="ca0cbaff-2e67-4be1-8e0e-6f5892fe5e52" executionId="46f30e84-0054-411f-8355-dfc2af92f727" testListId="8c84fa94-04c1-424b-9868-57a2d4851a1d" /><TestEntry testId="0390e321-5346-47ec-80f3-c3f3b3faef9e" executionId="a3e5a3d6-da9b-4523-a73e-b282a411d086" testListId="8c84fa94-04c1-424b-9868-57a2d4851a1d" /><TestEntry testId="b05345e6-434d-4919-aeb2-4d9ad80f8071" executionId="5f6dd104-9e10-4123-a242-770a4acc9a44" testListId="8c84fa94-04c1-424b-9868-57a2d4851a1d" /><TestEntry testId="06e4df23-dee0-4835-8ee1-15ec202399c2" executionId="ac2181f9-e5cc-47c3-ade8-574d1daf5d8a" testListId="8c84fa94-04c1-424b-9868-57a2d4851a1d" /><TestEntry testId="4a9c5cfa-78a4-41d6-bff7-e4560e4b52b8" executionId="e36a8ade-ed3e-46b3-aed9-8ff6965d2b2c" testListId="8c84fa94-04c1-424b-9868-57a2d4851a1d" /><TestEntry testId="aa7300ed-6b36-4308-81c1-307d73da64af" executionId="21906f93-57cd-4106-8f4e-8db711be7e8f" testListId="8c84fa94-04c1-424b-9868-57a2d4851a1d" /><TestEntry testId="8d7e9b98-34b0-49ad-af71-6998c0a309e6" executionId="b5a1b7e9-d9c2-4e0c-aba6-c88b4fd56583" testListId="8c84fa94-04c1-424b-9868-57a2d4851a1d" /><TestEntry testId="4bd6710d-bf29-487b-8b2e-bf19f839782b" executionId="da28252a-5b0a-49b3-bfa6-b047e9f7455b" testListId="8c84fa94-04c1-424b-9868-57a2d4851a1d" /><TestEntry testId="b8fbf430-f083-426c-a03c-d83709ed31b1" executionId="8d048d6b-14a7-48dd-a4ba-997fc3230d98" testListId="8c84fa94-04c1-424b-9868-57a2d4851a1d" /><TestEntry testId="2bc511df-0192-49fc-b7e6-e20e0480b20b" executionId="66897a5b-7a80-4a9d-8b22-2b6833866bb1" testListId="8c84fa94-04c1-424b-9868-57a2d4851a1d" /><TestEntry testId="48e889a1-ba07-4384-9fdc-5693613feae1" executionId="aac76b7d-f1c9-4f3c-8387-867778415c10" testListId="8c84fa94-04c1-424b-9868-57a2d4851a1d" /><TestEntry testId="f3195146-e3c2-43c4-9bfc-1056ce237803" executionId="704c459e-0df8-4892-9bb7-3282e7383a31" testListId="8c84fa94-04c1-424b-9868-57a2d4851a1d" /><TestEntry testId="b35b0b6a-83f8-42be-aecd-aa594c4d4d74" executionId="d32d8b54-c8f4-4ff3-98f6-e3a84b302d0c" testListId="8c84fa94-04c1-424b-9868-57a2d4851a1d" /><TestEntry testId="0880db53-4c1a-46ba-a696-ba45bba6c247" executionId="917d661d-b484-40a5-9d28-31d0b08894d3" testListId="8c84fa94-04c1-424b-9868-57a2d4851a1d" /><TestEntry testId="81140970-6e4f-4b01-963f-cf70af30bcc0" executionId="c6584ab2-b175-4704-81e1-54cec0341270" testListId="8c84fa94-04c1-424b-9868-57a2d4851a1d" /><TestEntry testId="42487b20-852b-4f06-80d2-b3d2adcee738" executionId="c1070f1e-d27e-4b33-88df-3afa8f79d14e" testListId="8c84fa94-04c1-424b-9868-57a2d4851a1d" /><TestEntry testId="be025292-b92f-42d9-a04a-3f42869b300f" executionId="1075c60c-54aa-415f-b7fd-5a9ab7cfeeff" testListId="8c84fa94-04c1-424b-9868-57a2d4851a1d" /><TestEntry testId="f592fa70-2bfe-4706-a397-d7e9ad24fe22" executionId="bb94bc93-d762-436a-8288-d3192e422764" testListId="8c84fa94-04c1-424b-9868-57a2d4851a1d" /><TestEntry testId="52c88413-5030-4359-a870-a54f7f2916c5" executionId="560e4f40-3d01-4719-bcd1-3783b17b86d5" testListId="8c84fa94-04c1-424b-9868-57a2d4851a1d" /><TestEntry testId="144d8a8f-c51a-4499-aefc-e7b5ebce0f15" executionId="dbf0bd18-963c-4d09-8c14-2816354ac0af" testListId="8c84fa94-04c1-424b-9868-57a2d4851a1d" /><TestEntry testId="83c35f3f-770a-43ec-ab85-b07e06ec9591" executionId="38f08090-1c93-4d26-a4f8-0131bbc19544" testListId="8c84fa94-04c1-424b-9868-57a2d4851a1d" /><TestEntry testId="67853a2e-8927-45dd-a566-642dfc95bacc" executionId="dea3f7e7-1377-4208-abf6-8e7fc17c8a41" testListId="8c84fa94-04c1-424b-9868-57a2d4851a1d" /><TestEntry testId="72c39380-c3f9-4276-ad92-9cc74a9f2553" executionId="b555b08c-441b-4b94-81e1-0f7fa90c3c39" testListId="8c84fa94-04c1-424b-9868-57a2d4851a1d" /><TestEntry testId="88f0369b-f1e1-4af5-8569-f3800d7ab4fd" executionId="b77d5601-c5e8-411b-8042-050d01e5bf49" testListId="8c84fa94-04c1-424b-9868-57a2d4851a1d" /><TestEntry testId="e613d23c-a1c7-414a-896f-c28481bd3777" executionId="61aa5673-685b-4574-9482-302e3089dfbc" testListId="8c84fa94-04c1-424b-9868-57a2d4851a1d" /><TestEntry testId="010b6eac-97f3-48d1-90a7-1d9da2335aff" executionId="499b5248-a81a-4ba5-b9de-2f6059abc51d" testListId="8c84fa94-04c1-424b-9868-57a2d4851a1d" /><TestEntry testId="0fbf9938-534d-46ed-8cfd-5171525b1d47" executionId="d5b80d84-d1c2-44bd-870b-e3b9aabefdf3" testListId="8c84fa94-04c1-424b-9868-57a2d4851a1d" /><TestEntry testId="2bb29b16-11a1-4579-857d-e2fe8fc5fc2f" executionId="245d56ee-4093-4aed-8561-9b2492fe2dfa" testListId="8c84fa94-04c1-424b-9868-57a2d4851a1d" /><TestEntry testId="049752ed-edfd-440d-9e41-6317222cc935" executionId="5ec7f3ff-51f1-4259-9088-57812462eff1" testListId="8c84fa94-04c1-424b-9868-57a2d4851a1d" /><TestEntry testId="65880082-3b61-4cae-8cc7-a0115f253004" executionId="6234ce05-bca6-4040-82d0-e2b895d87395" testListId="8c84fa94-04c1-424b-9868-57a2d4851a1d" /><TestEntry testId="c290c92e-ff77-4bd8-a60d-b8ae37827a63" executionId="e37114f2-cb73-4417-89b1-c8f095987900" testListId="8c84fa94-04c1-424b-9868-57a2d4851a1d" /><TestEntry testId="8ad9d5a1-a881-4a0a-bc61-8ba26bf50aea" executionId="37a08ea0-1e4f-4547-ba45-20790e44a763" testListId="8c84fa94-04c1-424b-9868-57a2d4851a1d" /><TestEntry testId="370f2ac8-6d13-4b13-8c2c-fe97e8e3197b" executionId="581c897f-85e0-4c1e-aa3a-525288c5342c" testListId="8c84fa94-04c1-424b-9868-57a2d4851a1d" /><TestEntry testId="41b96ef7-5c6b-4d86-aa3e-a03eade96fd7" executionId="5d4dc214-1110-4b33-b204-039cc4e3aca4" testListId="8c84fa94-04c1-424b-9868-57a2d4851a1d" /><TestEntry testId="089dd0f4-e140-4270-b2b2-acc9e508f695" executionId="1e760f1e-ed5e-4171-a73a-06d0a11a6da4" testListId="8c84fa94-04c1-424b-9868-57a2d4851a1d" /><TestEntry testId="e8addef3-506f-4dd0-a3e8-19d9a1e7645d" executionId="18c4edea-a91e-4035-999a-ef24e6273b0f" testListId="8c84fa94-04c1-424b-9868-57a2d4851a1d" /><TestEntry testId="f45d8826-41e5-4952-8ca5-a3a49af64385" executionId="ff3fe552-91e8-4596-9b26-06e6d98f67a1" testListId="8c84fa94-04c1-424b-9868-57a2d4851a1d" /><TestEntry testId="96bf5a24-1aa6-4fea-897f-ee9c5cf4a772" executionId="d3e8cef4-7ff6-4a34-a289-bb6ce69455ba" testListId="8c84fa94-04c1-424b-9868-57a2d4851a1d" /><TestEntry testId="14212dbc-ef56-42f6-ac6c-b595a6a73f65" executionId="44838daa-98f3-49ba-9527-f17d1fdc4628" testListId="8c84fa94-04c1-424b-9868-57a2d4851a1d" /><TestEntry testId="c17e416f-a29c-4341-a7b5-2617891bd18d" executionId="b8ed4134-8959-46fc-b83c-c642ed9277d4" testListId="8c84fa94-04c1-424b-9868-57a2d4851a1d" /><TestEntry testId="58a31d60-cb03-49c4-a5cd-d68513bf63f2" executionId="c26225ef-be84-4c29-a82b-4abb87baf7e9" testListId="8c84fa94-04c1-424b-9868-57a2d4851a1d" /><TestEntry testId="addc0fa2-9fa7-41a3-8e17-d600e0243d62" executionId="1a15a798-13ff-4d8d-90c7-9c4aba805f75" testListId="8c84fa94-04c1-424b-9868-57a2d4851a1d" /><TestEntry testId="e8df7f67-a1f0-4d5e-82fa-4b05531ed05a" executionId="c22206bc-3b2a-43c8-bcda-9a0f28c58b0e" testListId="8c84fa94-04c1-424b-9868-57a2d4851a1d" /><TestEntry testId="b9a11832-9161-4899-b0cf-7da00555a045" executionId="5960f35a-e23a-440f-9b50-4b7798875506" testListId="8c84fa94-04c1-424b-9868-57a2d4851a1d" /><TestEntry testId="2065c2f3-ed65-4857-8775-3043c373502c" executionId="57484bbb-ef7b-4bdd-bfb8-9daa540fe8a0" testListId="8c84fa94-04c1-424b-9868-57a2d4851a1d" /><TestEntry testId="4fcd2fde-c9dd-439c-b670-80b2774dfe23" executionId="37626069-8168-42cf-af98-b9c747a73457" testListId="8c84fa94-04c1-424b-9868-57a2d4851a1d" /><TestEntry testId="52560c07-120d-47c6-9fa2-fcc20652a9fd" executionId="8b1dfe66-8c96-4d98-a0d8-02b5235f300f" testListId="8c84fa94-04c1-424b-9868-57a2d4851a1d" /><TestEntry testId="fc88856d-35fb-4129-a797-51d9c59fafb0" executionId="d34be19d-c349-4471-be53-720335af9733" testListId="8c84fa94-04c1-424b-9868-57a2d4851a1d" /><TestEntry testId="7437d5e3-4cce-40bc-a393-e11a30aaedc2" executionId="39f9bb13-4f33-4e0e-9ca4-78918e07aec4" testListId="8c84fa94-04c1-424b-9868-57a2d4851a1d" /><TestEntry testId="01d707f7-2298-40d8-bac3-605f36bb1e3e" executionId="5acbd5aa-fd8d-46e0-af0d-2d43afa1e041" testListId="8c84fa94-04c1-424b-9868-57a2d4851a1d" /><TestEntry testId="44d596dc-6485-48e7-90ec-fc7a7bb8ab00" executionId="9a7359b4-5aca-4851-92d1-aee385fa6743" testListId="8c84fa94-04c1-424b-9868-57a2d4851a1d" /><TestEntry testId="9991b252-029d-4b3a-b6dc-e98de2288792" executionId="4b3b7f81-1ef6-4db3-ab46-186c86aa331a" testListId="8c84fa94-04c1-424b-9868-57a2d4851a1d" /><TestEntry testId="5dc57189-93d6-44e9-b02a-1bc522332ac7" executionId="c5394d7d-2401-4cd9-b003-3362f468cade" testListId="8c84fa94-04c1-424b-9868-57a2d4851a1d" /><TestEntry testId="132fd09f-ba8f-461e-8e9a-57bb61d579d9" executionId="a352ffff-8b54-4525-8a69-ae8cca2570c4" testListId="8c84fa94-04c1-424b-9868-57a2d4851a1d" /><TestEntry testId="6036ba23-55b5-4c47-9234-c5add9842e95" executionId="8f64d713-2469-4e59-b6a9-c6a2bfd25260" testListId="8c84fa94-04c1-424b-9868-57a2d4851a1d" /><TestEntry testId="655240ec-5ada-4e2a-b0d5-52eca483ab7e" executionId="704d081e-a880-4278-a5d7-b8f20a44bf3d" testListId="8c84fa94-04c1-424b-9868-57a2d4851a1d" /><TestEntry testId="19901af6-797a-4319-a2fe-fdd7ac5a7ae8" executionId="42f50efa-9c6e-4969-b62d-175e9bacf382" testListId="8c84fa94-04c1-424b-9868-57a2d4851a1d" /><TestEntry testId="04f516e5-ccaa-47c5-a2f1-e42f4e78ee0f" executionId="d37d9c4f-ac39-4dec-8510-237630912370" testListId="8c84fa94-04c1-424b-9868-57a2d4851a1d" /><TestEntry testId="6f977af2-f859-4f9e-93be-5fbd549ee1b8" executionId="429dceac-4beb-47c9-9942-04db43e7c934" testListId="8c84fa94-04c1-424b-9868-57a2d4851a1d" /><TestEntry testId="1c38240b-b941-4c69-b393-ce9b54fd6584" executionId="896e60aa-9fd4-4940-a3f9-50fe82c4ac1b" testListId="8c84fa94-04c1-424b-9868-57a2d4851a1d" /><TestEntry testId="b1cd9ab5-81b9-4406-a7be-656d7cee4914" executionId="e10088fc-7d08-43a0-8a6d-9e441ce2f822" testListId="8c84fa94-04c1-424b-9868-57a2d4851a1d" /><TestEntry testId="41c5c933-1a40-41f7-83ae-a17a454d4dec" executionId="21b00026-74a9-4f92-93fa-1eb63915c38c" testListId="8c84fa94-04c1-424b-9868-57a2d4851a1d" /><TestEntry testId="66b44387-d320-4620-9341-07248cf80557" executionId="aa514064-423b-401f-887a-b07ee58f9ea8" testListId="8c84fa94-04c1-424b-9868-57a2d4851a1d" /><TestEntry testId="57551017-b2f9-4787-b0f9-03434beb4034" executionId="3d3247e3-b58c-4389-ac7b-32fe4bac38d1" testListId="8c84fa94-04c1-424b-9868-57a2d4851a1d" /><TestEntry testId="bc9bff14-387a-481f-8e64-0c30c045a946" executionId="a9a35354-1998-45a1-9c1e-6959c20d16ae" testListId="8c84fa94-04c1-424b-9868-57a2d4851a1d" /><TestEntry testId="ef1adf12-fa5f-4d72-9b40-51476d6611af" executionId="bb3ae65d-7207-41b5-b281-232c2534fdd0" testListId="8c84fa94-04c1-424b-9868-57a2d4851a1d" /><TestEntry testId="3b650c8f-c67c-489a-800c-51b87bdf2589" executionId="d0db607d-aaea-4a95-983c-08fed2cac3f4" testListId="8c84fa94-04c1-424b-9868-57a2d4851a1d" /><TestEntry testId="2ddea720-e82d-4a6d-8182-0808a8f05f18" executionId="2c6935c9-f544-4bec-998d-52ddcc5eeeaf" testListId="8c84fa94-04c1-424b-9868-57a2d4851a1d" /><TestEntry testId="c14c0506-a0ab-4582-95fe-9f9824b842e8" executionId="cfc162aa-3022-44ac-bf78-86ffb56e9c75" testListId="8c84fa94-04c1-424b-9868-57a2d4851a1d" /><TestEntry testId="92c1e9fa-ec19-4090-8fa9-554d83c8e0cc" executionId="78d53f28-2856-4252-a697-f619134e8f44" testListId="8c84fa94-04c1-424b-9868-57a2d4851a1d" /><TestEntry testId="0e950bf3-e0d0-4c34-a643-dbf0a7df4a42" executionId="93d2dcd4-d1dd-4130-8b95-77fde74078ee" testListId="8c84fa94-04c1-424b-9868-57a2d4851a1d" /><TestEntry testId="7babac6b-4a54-4cc7-9694-9933a389919a" executionId="bb9aa7b1-0ef3-436c-b8a9-ba0959696480" testListId="8c84fa94-04c1-424b-9868-57a2d4851a1d" /><TestEntry testId="5089aace-09ef-48d3-9061-7faeb5a199b6" executionId="920af4fb-8cc7-449f-8e32-0c1e426b020a" testListId="8c84fa94-04c1-424b-9868-57a2d4851a1d" /><TestEntry testId="66e0e139-2936-4661-9e62-72e1e02457a0" executionId="d483fb92-6da6-4a1c-9e7d-47ecefdc4536" testListId="8c84fa94-04c1-424b-9868-57a2d4851a1d" /><TestEntry testId="fa074224-d889-4954-8216-1bb0f70473b5" executionId="8c3f21bc-e39d-4dc9-b07a-45fc687ce20b" testListId="8c84fa94-04c1-424b-9868-57a2d4851a1d" /><TestEntry testId="1bf19e38-0010-44d4-a658-071dba2b6ef3" executionId="6dbe351d-b7be-43cc-b43f-f62f707d2462" testListId="8c84fa94-04c1-424b-9868-57a2d4851a1d" /><TestEntry testId="e1ef4cad-c9f5-4574-8409-9996f236157a" executionId="a2a95bae-f46e-4119-b1fa-5fa212f40a2f" testListId="8c84fa94-04c1-424b-9868-57a2d4851a1d" /><TestEntry testId="c7488cf3-0ee4-42c8-806c-0f77a85c1845" executionId="68f60e13-2e90-4009-a537-bc1963353497" testListId="8c84fa94-04c1-424b-9868-57a2d4851a1d" /><TestEntry testId="1d015948-bf00-4344-a5d4-522cd9ec31a3" executionId="43397dfc-62d8-4848-b253-6b62af080330" testListId="8c84fa94-04c1-424b-9868-57a2d4851a1d" /><TestEntry testId="6c724e53-9948-47f7-bc3b-b2edd48c02ae" executionId="5080a4eb-6e73-44d3-a073-4e6f615b0a9a" testListId="8c84fa94-04c1-424b-9868-57a2d4851a1d" /><TestEntry testId="16bb10f1-eed5-4430-9332-de187cb8e125" executionId="05a94611-0f02-4a2a-81ca-5d72e60b0393" testListId="8c84fa94-04c1-424b-9868-57a2d4851a1d" /><TestEntry testId="5f301d99-c05a-4d32-ada1-5b7912e33ca7" executionId="be3f4d9b-6f4c-425c-944f-5d5699a6bb3c" testListId="8c84fa94-04c1-424b-9868-57a2d4851a1d" /><TestEntry testId="5168bbe9-6541-4b3c-baf9-a6b3ac1f13ef" executionId="3a70cfc8-d14c-49cc-aeb0-b2d601feb801" testListId="8c84fa94-04c1-424b-9868-57a2d4851a1d" /><TestEntry testId="22defb52-1e98-4c51-8b32-75a043082805" executionId="7798cb46-9902-4616-8c3d-9ca52404889a" testListId="8c84fa94-04c1-424b-9868-57a2d4851a1d" /><TestEntry testId="4c458e1d-1499-427f-8926-e21ad14565a8" executionId="ef39ac82-b911-4089-82e2-480761069b62" testListId="8c84fa94-04c1-424b-9868-57a2d4851a1d" /><TestEntry testId="f9c20003-0f5d-47c8-92d2-e984e043f1e3" executionId="807fb28b-9964-4e08-b036-505c8c859cf1" testListId="8c84fa94-04c1-424b-9868-57a2d4851a1d" /><TestEntry testId="92962144-0bad-429d-97d9-5cc0a6c63740" executionId="c559e6a5-c466-470e-876d-5847a3f42668" testListId="8c84fa94-04c1-424b-9868-57a2d4851a1d" /><TestEntry testId="703932d4-01b2-43cb-99bf-c10bffc52c92" executionId="a380996b-aafa-4fb5-bdf5-8c31d69e74ec" testListId="8c84fa94-04c1-424b-9868-57a2d4851a1d" /><TestEntry testId="6136b214-45cb-43ba-b948-e7ad97dd1ba5" executionId="f526f61c-c7bd-45bc-bb56-b9ce05186e09" testListId="8c84fa94-04c1-424b-9868-57a2d4851a1d" /><TestEntry testId="808359a1-401f-4063-9348-4f25b09d2429" executionId="c8cdb2ea-1490-4964-b806-b461d4b46a9d" testListId="8c84fa94-04c1-424b-9868-57a2d4851a1d" /><TestEntry testId="21ce65ab-6892-41c1-a64c-53531a8e112a" executionId="348abf7f-f511-486a-a1ab-9586f64652bd" testListId="8c84fa94-04c1-424b-9868-57a2d4851a1d" /><TestEntry testId="bd94ee12-37b1-47f7-bf21-2108eca9b641" executionId="3183c7d9-dee1-4600-ac4b-7ec6d0f1e839" testListId="8c84fa94-04c1-424b-9868-57a2d4851a1d" /><TestEntry testId="0e92ad9b-e4fc-4f39-b8ff-498cd229bba0" executionId="ff3222ec-da0c-4e21-bac1-699593157d03" testListId="8c84fa94-04c1-424b-9868-57a2d4851a1d" /><TestEntry testId="14ebbb71-bc1f-41b7-b479-37bddfac66e2" executionId="ecd50cf9-2f19-4c62-8f73-5f8bd7503eea" testListId="8c84fa94-04c1-424b-9868-57a2d4851a1d" /><TestEntry testId="aed1238e-a756-4d84-bdb5-313940efd306" executionId="6cf0b90b-7f0f-4c08-9b44-c0fb1a8e9ad2" testListId="8c84fa94-04c1-424b-9868-57a2d4851a1d" /><TestEntry testId="323b29d6-75af-42a5-8e8d-2ffdd467ae12" executionId="a4742b76-4d02-4dee-85c7-ebeb031518c9" testListId="8c84fa94-04c1-424b-9868-57a2d4851a1d" /><TestEntry testId="cbea733e-3afc-4b45-87f6-4056eb728287" executionId="c10c912c-cb16-4a29-8032-f322fed081bb" testListId="8c84fa94-04c1-424b-9868-57a2d4851a1d" /><TestEntry testId="c434dbfc-5c45-46fa-861e-ce5559922491" executionId="ebaa0893-5d35-432e-9b54-bfb39e373837" testListId="8c84fa94-04c1-424b-9868-57a2d4851a1d" /><TestEntry testId="7c49b42e-3bdf-4a93-9209-048a26b19ba1" executionId="9a357746-6cf6-4db6-a49d-28ea2d34d02d" testListId="8c84fa94-04c1-424b-9868-57a2d4851a1d" /><TestEntry testId="506c3b67-65a1-462b-b442-ac9a0835f009" executionId="ac4d71ac-85e5-4318-8984-e23d7d928346" testListId="8c84fa94-04c1-424b-9868-57a2d4851a1d" /><TestEntry testId="44639511-9439-4937-88e4-14863fdeb0a0" executionId="1c017ea3-bcce-46b5-ad60-dd469bfdb1c0" testListId="8c84fa94-04c1-424b-9868-57a2d4851a1d" /><TestEntry testId="a7c93849-c257-4aa1-a17b-ea68324247d4" executionId="d577be56-b06f-4ffa-8525-2fb0cd8e1765" testListId="8c84fa94-04c1-424b-9868-57a2d4851a1d" /><TestEntry testId="79becae6-80d0-4c3b-9bb1-e2b16819e6db" executionId="b2841fb0-d522-416f-bcad-d07ee707c8ac" testListId="8c84fa94-04c1-424b-9868-57a2d4851a1d" /><TestEntry testId="8447cdd7-e4d3-4135-8cec-0afd2ce452ed" executionId="8884e029-0aec-4b22-a27a-98a5534bb51b" testListId="8c84fa94-04c1-424b-9868-57a2d4851a1d" /><TestEntry testId="3a82939a-8060-43eb-beb5-96268952d0fc" executionId="3000d72e-c19e-4586-818e-48a137f34e1b" testListId="8c84fa94-04c1-424b-9868-57a2d4851a1d" /><TestEntry testId="4aa42178-6532-4d37-8b48-40824714f8e2" executionId="b76cdae4-189d-4a36-bd90-8d3e6fa71fbe" testListId="8c84fa94-04c1-424b-9868-57a2d4851a1d" /><TestEntry testId="16a12407-7e59-42fb-8683-30275b7b482b" executionId="c243f69a-b96b-4246-8a2a-81be9dcff5c6" testListId="8c84fa94-04c1-424b-9868-57a2d4851a1d" /><TestEntry testId="36b9bf9d-7196-4912-bb43-403a22619563" executionId="8d9f7316-e445-4791-b5e1-6e2982065fe0" testListId="8c84fa94-04c1-424b-9868-57a2d4851a1d" /><TestEntry testId="fa730a25-c698-4e40-86ea-7ba9b4034c12" executionId="6ca59d8b-2d6b-46e2-bd80-1772d9f87f48" testListId="8c84fa94-04c1-424b-9868-57a2d4851a1d" /><TestEntry testId="e31a1a12-6ade-4e0e-871b-63bb8c7fefea" executionId="e6f3a13e-b01f-4563-93fb-df4e1a290a0a" testListId="8c84fa94-04c1-424b-9868-57a2d4851a1d" /><TestEntry testId="2fd5ec57-1ed3-4eb1-a701-cafbee9c7f36" executionId="189fd5c3-8ad8-4c46-8cd1-c164e6146d1f" testListId="8c84fa94-04c1-424b-9868-57a2d4851a1d" /><TestEntry testId="530a5510-31b9-4666-9115-ec55f5ace286" executionId="c0b8b9f3-8a0d-4f4a-b768-4601537a4581" testListId="8c84fa94-04c1-424b-9868-57a2d4851a1d" /><TestEntry testId="9a246e71-b7a2-456c-850b-fd1622fe07b4" executionId="76eaea3a-ebfb-45df-bcb3-20c7ca7e2d73" testListId="8c84fa94-04c1-424b-9868-57a2d4851a1d" /><TestEntry testId="cde31350-ce82-4ef4-a5d5-15755615f8e3" executionId="f5c92f77-8ff3-45d7-9b67-ecf04146db15" testListId="8c84fa94-04c1-424b-9868-57a2d4851a1d" /><TestEntry testId="44d92aaf-30f2-470e-bc38-6e8f3a39d5c8" executionId="aab886f8-3504-4190-a99b-9488df1b5d7f" testListId="8c84fa94-04c1-424b-9868-57a2d4851a1d" /><TestEntry testId="711be1d5-e36b-476a-96a2-b3d5b0d6611a" executionId="41eaebe8-9227-4017-bb5e-ef4c434325e3" testListId="8c84fa94-04c1-424b-9868-57a2d4851a1d" /><TestEntry testId="3c81682b-590a-4fed-838a-3aeacd48ca14" executionId="73fc3418-18d9-4a90-83b4-3480b2d3ce09" testListId="8c84fa94-04c1-424b-9868-57a2d4851a1d" /><TestEntry testId="b124a5b1-2b72-4833-93ae-af598c6b04cd" executionId="f170c654-a9da-41c9-972f-291a7965cf7c" testListId="8c84fa94-04c1-424b-9868-57a2d4851a1d" /><TestEntry testId="bc56def5-744f-4d04-b4c9-a81fb8852e99" executionId="61a420af-c898-4bc7-9541-cba6ccc518aa" testListId="8c84fa94-04c1-424b-9868-57a2d4851a1d" /><TestEntry testId="04cacc10-3e66-4ac2-8b7c-38826d9dc943" executionId="eb21f5e3-659f-40d8-809c-c8100bb60d8b" testListId="8c84fa94-04c1-424b-9868-57a2d4851a1d" /><TestEntry testId="63cba5c3-d0ec-4865-a51a-95cee2853070" executionId="c99dfba5-6b11-4f7d-8ada-d8d1e41fb60b" testListId="8c84fa94-04c1-424b-9868-57a2d4851a1d" /><TestEntry testId="94ca6299-47fa-47d1-bd7b-c80df197ace7" executionId="f4b25e05-e4ba-4187-82d1-5d5b6f3c08d2" testListId="8c84fa94-04c1-424b-9868-57a2d4851a1d" /><TestEntry testId="8fe1ced0-6cf4-4393-89f0-2778bccb2f1c" executionId="1e90ec2e-3e8d-448a-a43a-0a6bbd8d84c5" testListId="8c84fa94-04c1-424b-9868-57a2d4851a1d" /><TestEntry testId="2a64d426-aad5-4220-9ce8-860630dd5bf0" executionId="bf28a4d6-3f11-46ae-854e-70241a118c0f" testListId="8c84fa94-04c1-424b-9868-57a2d4851a1d" /><TestEntry testId="036705e4-1b6d-46d9-9290-ad827e7b3791" executionId="974ccc4e-b268-4621-b9c7-2dc4600d41ed" testListId="8c84fa94-04c1-424b-9868-57a2d4851a1d" /><TestEntry testId="378af0ff-4a5e-444b-bce0-cd70d1046170" executionId="a82a8ece-c0eb-495b-8841-43107679a653" testListId="8c84fa94-04c1-424b-9868-57a2d4851a1d" /><TestEntry testId="9176f27f-085f-457d-9239-9fe12d2f1bb5" executionId="d7864fa7-69a9-4c1a-a748-41a69762a62a" testListId="8c84fa94-04c1-424b-9868-57a2d4851a1d" /><TestEntry testId="6b402867-6760-416e-8966-05389583c63d" executionId="6c51cee9-3910-4f4e-835c-555cfd2fd829" testListId="8c84fa94-04c1-424b-9868-57a2d4851a1d" /><TestEntry testId="23229ef5-a5bf-46a1-ab83-e3a7d40c21e3" executionId="a04446e9-f92e-4e74-9335-af2bc637a054" testListId="8c84fa94-04c1-424b-9868-57a2d4851a1d" /><TestEntry testId="197b696f-bb7a-4370-8f06-03e9a4502483" executionId="7aae0714-c5ec-46c6-a9be-f19105d49417" testListId="8c84fa94-04c1-424b-9868-57a2d4851a1d" /><TestEntry testId="0816561a-4acb-4ce8-bcf9-9ff087fd218f" executionId="5bb12cf0-4e57-4b68-af53-6d24e1f5b9ca" testListId="8c84fa94-04c1-424b-9868-57a2d4851a1d" /><TestEntry testId="1ba79667-7f15-418d-8038-e9fbd12242f4" executionId="8d00767d-2ee8-41f5-9251-28ddf4b14ef4" testListId="8c84fa94-04c1-424b-9868-57a2d4851a1d" /><TestEntry testId="ec42d398-e1e7-4e47-abf5-30febb657470" executionId="34f5ec83-2fef-47ad-88af-e2dd6a35b9f9" testListId="8c84fa94-04c1-424b-9868-57a2d4851a1d" /><TestEntry testId="80047b46-ab06-4e2d-ad45-456ad161a926" executionId="00053ac6-c74b-411a-b8d0-4b79603b0e7d" testListId="8c84fa94-04c1-424b-9868-57a2d4851a1d" /><TestEntry testId="dda7220b-eaae-471f-b098-296ef2edd059" executionId="18e5d029-a832-4dd8-86c7-cf8e5e3446ed" testListId="8c84fa94-04c1-424b-9868-57a2d4851a1d" /><TestEntry testId="413484f5-bd9a-4d75-a57b-ca132727fa5b" executionId="ac38bdae-fae8-41e0-abc4-e5c93f19f79c" testListId="8c84fa94-04c1-424b-9868-57a2d4851a1d" /><TestEntry testId="03f30ae0-e331-4383-9f9d-b1c27e282ef4" executionId="457b581d-8954-400e-b9e3-8621382b22b1" testListId="8c84fa94-04c1-424b-9868-57a2d4851a1d" /><TestEntry testId="95f32deb-b32a-4195-a3fa-bab216a3037d" executionId="79f5309c-0889-401e-84ec-532f967141f2" testListId="8c84fa94-04c1-424b-9868-57a2d4851a1d" /><TestEntry testId="bad974e3-fff3-4314-99f1-d0fbbb2d4d49" executionId="5ff39d15-d9d7-417a-a00b-8fbe01d943c2" testListId="8c84fa94-04c1-424b-9868-57a2d4851a1d" /><TestEntry testId="41f7fedd-96a8-40d8-9a00-30d4c5607e49" executionId="b845801e-2cd0-44bf-8c11-1cebec21ff90" testListId="8c84fa94-04c1-424b-9868-57a2d4851a1d" /><TestEntry testId="ca236b3b-bba7-414a-bb2a-b031df602b4b" executionId="d772b58d-258d-4013-a113-5a2c4ae3f8b9" testListId="8c84fa94-04c1-424b-9868-57a2d4851a1d" /><TestEntry testId="47edcdf5-4214-4b99-b648-4185cdb71524" executionId="fa42d5c3-a0ba-41ea-8771-a95968bf4e0f" testListId="8c84fa94-04c1-424b-9868-57a2d4851a1d" /><TestEntry testId="0a02811b-fafc-47ab-8c72-d2483c904157" executionId="85603bd9-9677-4073-86d1-30e6e5634cf3" testListId="8c84fa94-04c1-424b-9868-57a2d4851a1d" /><TestEntry testId="42d8e4a0-dc6c-4e99-b406-8d15006db054" executionId="1ff65c72-1e5c-41ca-8945-79f627a25276" testListId="8c84fa94-04c1-424b-9868-57a2d4851a1d" /><TestEntry testId="49609ca8-717f-446f-8a26-956ce68f7dbc" executionId="925bf2bd-ed95-4f92-a51f-08060d2c5d49" testListId="8c84fa94-04c1-424b-9868-57a2d4851a1d" /><TestEntry testId="22a2fe76-01ed-4f05-adeb-aadc87392a2b" executionId="47c141af-74f2-4199-ad53-177b323bc04f" testListId="8c84fa94-04c1-424b-9868-57a2d4851a1d" /><TestEntry testId="c37593e3-78e1-4373-9326-97dc50106b42" executionId="6bbebbae-1014-433a-918a-4f12286049a7" testListId="8c84fa94-04c1-424b-9868-57a2d4851a1d" /><TestEntry testId="eb03d9a4-61b8-4b73-9a2b-ac995c844343" executionId="136e2797-8da6-44c0-9aec-a7b64bfa849f" testListId="8c84fa94-04c1-424b-9868-57a2d4851a1d" /><TestEntry testId="4b956bc0-0a9b-4d48-921e-fe6c3e8125b7" executionId="f0b3b496-7d7d-46a6-803c-8069d0a8fce9" testListId="8c84fa94-04c1-424b-9868-57a2d4851a1d" /><TestEntry testId="1966d3e5-13e7-4aba-8b32-6e9081d03c13" executionId="aa550d03-507e-4da2-b904-53e1f28dfbff" testListId="8c84fa94-04c1-424b-9868-57a2d4851a1d" /></TestEntries><TestLists><TestList name="Results Not in a List" id="8c84fa94-04c1-424b-9868-57a2d4851a1d" /><TestList name="All Loaded Results" id="19431567-8539-422a-85d7-44ee4e166bda" /></TestLists><ResultSummary outcome="Completed"><Counters total="152" executed="152" passed="152" failed="0" error="0" timeout="0" aborted="0" inconclusive="0" passedButRunAborted="0" notRunnable="0" notExecuted="0" disconnected="0" warning="0" completed="0" inProgress="0" pending="0" /><Output><StdOut>[xUnit.net 00:00:01.6902028]   Discovering: ModelRelief.Test[xUnit.net 00:00:01.8037817]   Discovered:  ModelRelief.Test[xUnit.net 00:00:01.8099605]   Starting:    ModelRelief.Test[xUnit.net 00:00:43.6395173]   Finished:    ModelRelief.Test</StdOut></Output></ResultSummary></TestRun>