<?xml version="1.0" encoding="utf-8"?><TestRun id="c35eb5ef-1e00-4794-8860-1971d4ba9cd9" name="steve@LAMBDA 2018-07-17 13:51:05" runUser="LAMBDA\steve" xmlns="http://microsoft.com/schemas/VisualStudio/TeamTest/2010"><Times creation="2018-07-17T13:51:05.9381009-04:00" queuing="2018-07-17T13:51:05.9381133-04:00" start="2018-07-17T13:51:01.8280099-04:00" finish="2018-07-17T13:51:46.4942040-04:00" /><TestSettings name="default" id="3e6915ca-68dd-467e-9052-9c54877a25f4"><Deployment runDeploymentRoot="steve_LAMBDA_2018-07-17_13_51_05" /></TestSettings><Results><UnitTestResult executionId="73079c79-1ff4-41a9-b03b-520916097dd6" testId="f1f8f757-1772-4497-a26b-34c01652e33d" testName="Put_CanUpdateModel" computerName="LAMBDA" duration="00:00:00.3860000" startTime="2018-07-17T13:51:38.3450536-04:00" endTime="2018-07-17T13:51:38.3450677-04:00" testType="13cdc9d9-ddb5-4fa4-a97d-d965ccfc6d4b" outcome="Passed" testListId="8c84fa94-04c1-424b-9868-57a2d4851a1d" relativeResultsDirectory="73079c79-1ff4-41a9-b03b-520916097dd6" /><UnitTestResult executionId="6d37024b-8e0a-4f7a-80f9-d9fe09652776" testId="9f637013-10ed-4d0a-b614-0de4d70ba341" testName="Delete_TargetModelIsDeleted" computerName="LAMBDA" duration="00:00:00.2430000" startTime="2018-07-17T13:51:20.3681696-04:00" endTime="2018-07-17T13:51:20.3681871-04:00" testType="13cdc9d9-ddb5-4fa4-a97d-d965ccfc6d4b" outcome="Passed" testListId="8c84fa94-04c1-424b-9868-57a2d4851a1d" relativeResultsDirectory="6d37024b-8e0a-4f7a-80f9-d9fe09652776" /><UnitTestResult executionId="cc892d41-93fb-40c8-a7fe-f6375fc0d0fb" testId="b8c56acd-ad72-4ba1-9473-2c687798be57" testName="PostFile_FileIsSynchronizedIsUpdatedAfterFileIsPosted" computerName="LAMBDA" duration="00:00:00.4180000" startTime="2018-07-17T13:51:31.0712373-04:00" endTime="2018-07-17T13:51:31.0712523-04:00" testType="13cdc9d9-ddb5-4fa4-a97d-d965ccfc6d4b" outcome="Passed" testListId="8c84fa94-04c1-424b-9868-57a2d4851a1d" relativeResultsDirectory="cc892d41-93fb-40c8-a7fe-f6375fc0d0fb" /><UnitTestResult executionId="261b1d3d-e42d-477d-9089-46901acaf332" testId="513c9421-af18-4c3b-90fc-9204dfe14270" testName="Patch_TargetPropertyIsUpdated" computerName="LAMBDA" duration="00:00:00.3470000" startTime="2018-07-17T13:51:19.5929904-04:00" endTime="2018-07-17T13:51:19.5930020-04:00" testType="13cdc9d9-ddb5-4fa4-a97d-d965ccfc6d4b" outcome="Passed" testListId="8c84fa94-04c1-424b-9868-57a2d4851a1d" relativeResultsDirectory="261b1d3d-e42d-477d-9089-46901acaf332" /><UnitTestResult executionId="5b73e703-c3ce-44f5-b21d-5ece6f864980" testId="eb1cf57b-86ac-41e5-a853-5faf9cbec88e" testName="GetSingle_ValidIdPropertyValueReturnsCorrectModel" computerName="LAMBDA" duration="00:00:00.0260000" startTime="2018-07-17T13:51:20.3948873-04:00" endTime="2018-07-17T13:51:20.3949014-04:00" testType="13cdc9d9-ddb5-4fa4-a97d-d965ccfc6d4b" outcome="Passed" testListId="8c84fa94-04c1-424b-9868-57a2d4851a1d" relativeResultsDirectory="5b73e703-c3ce-44f5-b21d-5ece6f864980" /><UnitTestResult executionId="4df989f4-4abc-4e40-b523-e4ef3996a0e6" testId="dd206895-9fbc-4efc-b9ea-95a38ec57317" testName="Patch_InvalidIdPropertyReturnsNotFound" computerName="LAMBDA" duration="00:00:00.0410000" startTime="2018-07-17T13:51:09.7822821-04:00" endTime="2018-07-17T13:51:09.7822984-04:00" testType="13cdc9d9-ddb5-4fa4-a97d-d965ccfc6d4b" outcome="Passed" testListId="8c84fa94-04c1-424b-9868-57a2d4851a1d" relativeResultsDirectory="4df989f4-4abc-4e40-b523-e4ef3996a0e6" /><UnitTestResult executionId="e0489c2e-6f5b-4966-804e-83407c92164c" testId="7c39f75f-fd27-4aae-b1d8-d5e57ca87b05" testName="Post_InvalidPropertyValueReturnsBadRequest" computerName="LAMBDA" duration="00:00:00.0080000" startTime="2018-07-17T13:51:14.4546892-04:00" endTime="2018-07-17T13:51:14.4547037-04:00" testType="13cdc9d9-ddb5-4fa4-a97d-d965ccfc6d4b" outcome="Passed" testListId="8c84fa94-04c1-424b-9868-57a2d4851a1d" relativeResultsDirectory="e0489c2e-6f5b-4966-804e-83407c92164c" /><UnitTestResult executionId="07be776e-c529-42fc-9cca-fde0caad1247" testId="b07b7c97-ffed-4c72-8776-a4391dc14a02" testName="Patch_InvalidIdPropertyReturnsNotFound" computerName="LAMBDA" duration="00:00:00.0090000" startTime="2018-07-17T13:51:19.9127949-04:00" endTime="2018-07-17T13:51:19.9127996-04:00" testType="13cdc9d9-ddb5-4fa4-a97d-d965ccfc6d4b" outcome="Passed" testListId="8c84fa94-04c1-424b-9868-57a2d4851a1d" relativeResultsDirectory="07be776e-c529-42fc-9cca-fde0caad1247" /><UnitTestResult executionId="f03ff72e-054b-4dff-8952-5c9d6d5c6c64" testId="16e8ed55-27f3-4667-8411-3a270acd802f" testName="Patch_InvalidReferencePropertyReturnsBadRequest" computerName="LAMBDA" duration="00:00:00.0450000" startTime="2018-07-17T13:51:45.6634575-04:00" endTime="2018-07-17T13:51:45.6634648-04:00" testType="13cdc9d9-ddb5-4fa4-a97d-d965ccfc6d4b" outcome="Passed" testListId="8c84fa94-04c1-424b-9868-57a2d4851a1d" relativeResultsDirectory="f03ff72e-054b-4dff-8952-5c9d6d5c6c64" /><UnitTestResult executionId="a03f0951-f0c4-4dc4-9265-58e911f50ebc" testId="012213bf-f1fd-4530-a6dd-31e99b3b4ecf" testName="Delete_TargetModelIsDeleted" computerName="LAMBDA" duration="00:00:00.1670000" startTime="2018-07-17T13:51:44.6592246-04:00" endTime="2018-07-17T13:51:44.6592310-04:00" testType="13cdc9d9-ddb5-4fa4-a97d-d965ccfc6d4b" outcome="Passed" testListId="8c84fa94-04c1-424b-9868-57a2d4851a1d" relativeResultsDirectory="a03f0951-f0c4-4dc4-9265-58e911f50ebc" /><UnitTestResult executionId="57f10e45-0021-427a-9fdb-08dce3ad0323" testId="f3bded85-eecb-4b14-b6e6-664becc6c068" testName="Post_CanCreateNewModel" computerName="LAMBDA" duration="00:00:00.1710000" startTime="2018-07-17T13:51:14.0130237-04:00" endTime="2018-07-17T13:51:14.0130404-04:00" testType="13cdc9d9-ddb5-4fa4-a97d-d965ccfc6d4b" outcome="Passed" testListId="8c84fa94-04c1-424b-9868-57a2d4851a1d" relativeResultsDirectory="57f10e45-0021-427a-9fdb-08dce3ad0323" /><UnitTestResult executionId="ca2c1aef-3d92-4044-9c05-65042de509ad" testId="d0aef808-7f5a-4ecb-931b-36da6528262e" testName="PutFile_FileCanBeUpdated" computerName="LAMBDA" duration="00:00:00.5440000" startTime="2018-07-17T13:51:24.7543041-04:00" endTime="2018-07-17T13:51:24.7543208-04:00" testType="13cdc9d9-ddb5-4fa4-a97d-d965ccfc6d4b" outcome="Passed" testListId="8c84fa94-04c1-424b-9868-57a2d4851a1d" relativeResultsDirectory="ca2c1aef-3d92-4044-9c05-65042de509ad" /><UnitTestResult executionId="8d7fb58e-005b-40bf-9d25-99647aaa70de" testId="49b9038a-885f-427e-880a-e6bae67d7080" testName="Patch_InvalidEnumPropertyValueReturnsBadRequest" computerName="LAMBDA" duration="00:00:00.0010000" startTime="2018-07-17T13:51:44.6993941-04:00" endTime="2018-07-17T13:51:44.6993963-04:00" testType="13cdc9d9-ddb5-4fa4-a97d-d965ccfc6d4b" outcome="Passed" testListId="8c84fa94-04c1-424b-9868-57a2d4851a1d" relativeResultsDirectory="8d7fb58e-005b-40bf-9d25-99647aaa70de" /><UnitTestResult executionId="fcde5ffc-a067-421d-bf39-dba3ff68950e" testId="129203b6-35e9-414c-af14-2787fc911e81" testName="GetSingle_InvalidIdPropertyValueReturnsNotFound" computerName="LAMBDA" duration="00:00:00.0140000" startTime="2018-07-17T13:51:07.1118923-04:00" endTime="2018-07-17T13:51:07.1118974-04:00" testType="13cdc9d9-ddb5-4fa4-a97d-d965ccfc6d4b" outcome="Passed" testListId="8c84fa94-04c1-424b-9868-57a2d4851a1d" relativeResultsDirectory="fcde5ffc-a067-421d-bf39-dba3ff68950e" /><UnitTestResult executionId="c3017291-086a-4ba6-aed8-17d00af41926" testId="42acb1ce-e942-435b-a506-1b0a455a7a22" testName="Delete_TargetModelIsDeleted" computerName="LAMBDA" duration="00:00:00.2370000" startTime="2018-07-17T13:51:36.1304242-04:00" endTime="2018-07-17T13:51:36.1304392-04:00" testType="13cdc9d9-ddb5-4fa4-a97d-d965ccfc6d4b" outcome="Passed" testListId="8c84fa94-04c1-424b-9868-57a2d4851a1d" relativeResultsDirectory="c3017291-086a-4ba6-aed8-17d00af41926" /><UnitTestResult executionId="1d07349d-59ab-4070-8daf-7bc2b7d3170b" testId="165b60fd-03bf-4278-8c95-fb3d4022cd03" testName="Patch_MultipleInvalidReferencePropertiesReturnsMultipleValidationErrorsAndBadRequest" computerName="LAMBDA" duration="00:00:00.0620000" startTime="2018-07-17T13:51:45.2693152-04:00" endTime="2018-07-17T13:51:45.2693208-04:00" testType="13cdc9d9-ddb5-4fa4-a97d-d965ccfc6d4b" outcome="Passed" testListId="8c84fa94-04c1-424b-9868-57a2d4851a1d" relativeResultsDirectory="1d07349d-59ab-4070-8daf-7bc2b7d3170b" /><UnitTestResult executionId="50bb906a-d8ab-4774-875a-786e5b9cb0b9" testId="021458e9-c4c5-4c13-9c7d-88e96b04f4d6" testName="Patch_InvalidReferencePropertyReturnsBadRequest" computerName="LAMBDA" duration="00:00:00.0070000" startTime="2018-07-17T13:51:06.8330506-04:00" endTime="2018-07-17T13:51:06.8330643-04:00" testType="13cdc9d9-ddb5-4fa4-a97d-d965ccfc6d4b" outcome="Passed" testListId="8c84fa94-04c1-424b-9868-57a2d4851a1d" relativeResultsDirectory="50bb906a-d8ab-4774-875a-786e5b9cb0b9" /><UnitTestResult executionId="33d9dd9d-f027-4da3-be73-7b9ab97295b2" testId="b30766d6-90b7-4818-9d08-4e0bf58bdb4f" testName="GetFile_NonExistentFileReturnsNotFound" computerName="LAMBDA" duration="00:00:00.0310000" startTime="2018-07-17T13:51:13.3040715-04:00" endTime="2018-07-17T13:51:13.3040861-04:00" testType="13cdc9d9-ddb5-4fa4-a97d-d965ccfc6d4b" outcome="Passed" testListId="8c84fa94-04c1-424b-9868-57a2d4851a1d" relativeResultsDirectory="33d9dd9d-f027-4da3-be73-7b9ab97295b2" /><UnitTestResult executionId="ba429a1a-f298-4f9d-9ec6-986b7e83d97b" testId="a6ea1e40-19b1-45db-ae0b-0f67e4cdaca2" testName="Post_ValidReferencePropertyCreatesModel" computerName="LAMBDA" duration="00:00:00.1780000" startTime="2018-07-17T13:51:20.1236031-04:00" endTime="2018-07-17T13:51:20.1236202-04:00" testType="13cdc9d9-ddb5-4fa4-a97d-d965ccfc6d4b" outcome="Passed" testListId="8c84fa94-04c1-424b-9868-57a2d4851a1d" relativeResultsDirectory="ba429a1a-f298-4f9d-9ec6-986b7e83d97b" /><UnitTestResult executionId="857ee3cc-3f0f-4119-88d8-c73787b11050" testId="5332fd8b-2a04-4a4c-bbc1-43bf23f41ac3" testName="GetFile_ExistingFileReturnsSuccess" computerName="LAMBDA" duration="00:00:00.1480000" startTime="2018-07-17T13:51:11.8704948-04:00" endTime="2018-07-17T13:51:11.8705007-04:00" testType="13cdc9d9-ddb5-4fa4-a97d-d965ccfc6d4b" outcome="Passed" testListId="8c84fa94-04c1-424b-9868-57a2d4851a1d" relativeResultsDirectory="857ee3cc-3f0f-4119-88d8-c73787b11050" /><UnitTestResult executionId="d5080879-cd54-4fa2-a6e8-5b5040f19cf4" testId="82c3a3b9-942e-488e-b1f6-932bcd10d330" testName="Patch_InvalidIdPropertyReturnsNotFound" computerName="LAMBDA" duration="00:00:00.0080000" startTime="2018-07-17T13:51:45.2778341-04:00" endTime="2018-07-17T13:51:45.2778405-04:00" testType="13cdc9d9-ddb5-4fa4-a97d-d965ccfc6d4b" outcome="Passed" testListId="8c84fa94-04c1-424b-9868-57a2d4851a1d" relativeResultsDirectory="d5080879-cd54-4fa2-a6e8-5b5040f19cf4" /><UnitTestResult executionId="59620e32-0c6e-4455-80c0-f449402bffca" testId="ef2b3540-b381-413b-8e04-091de68b8918" testName="Put_CanUpdateModel" computerName="LAMBDA" duration="00:00:00.5520000" startTime="2018-07-17T13:51:08.9541755-04:00" endTime="2018-07-17T13:51:08.9541896-04:00" testType="13cdc9d9-ddb5-4fa4-a97d-d965ccfc6d4b" outcome="Passed" testListId="8c84fa94-04c1-424b-9868-57a2d4851a1d" relativeResultsDirectory="59620e32-0c6e-4455-80c0-f449402bffca" /><UnitTestResult executionId="058d1d76-70ad-45a8-8da0-34a15fa2f28b" testId="073c0f4f-47f5-44a8-999d-ffc4caaee78d" testName="Put_InvalidIdReturnsNotFound" computerName="LAMBDA" duration="00:00:00.6020000" startTime="2018-07-17T13:51:16.9532013-04:00" endTime="2018-07-17T13:51:16.9532060-04:00" testType="13cdc9d9-ddb5-4fa4-a97d-d965ccfc6d4b" outcome="Passed" testListId="8c84fa94-04c1-424b-9868-57a2d4851a1d" relativeResultsDirectory="058d1d76-70ad-45a8-8da0-34a15fa2f28b" /><UnitTestResult executionId="0a52521c-2eed-4149-aade-ab169a05cba6" testId="b299204d-cb38-449e-8772-f9dab88ecd47" testName="Post_InvalidPropertyValueReturnsBadRequest" computerName="LAMBDA" duration="00:00:00.0080000" startTime="2018-07-17T13:51:07.7260827-04:00" endTime="2018-07-17T13:51:07.7260870-04:00" testType="13cdc9d9-ddb5-4fa4-a97d-d965ccfc6d4b" outcome="Passed" testListId="8c84fa94-04c1-424b-9868-57a2d4851a1d" relativeResultsDirectory="0a52521c-2eed-4149-aade-ab169a05cba6" /><UnitTestResult executionId="75545e46-19bc-4d58-b043-3ab7f5c83e37" testId="cd4b9db9-2737-4339-ae08-43a5b293e893" testName="GetFile_FileCanBeRoundTripped" computerName="LAMBDA" duration="00:00:00.3880000" startTime="2018-07-17T13:51:24.2085160-04:00" endTime="2018-07-17T13:51:24.2085306-04:00" testType="13cdc9d9-ddb5-4fa4-a97d-d965ccfc6d4b" outcome="Passed" testListId="8c84fa94-04c1-424b-9868-57a2d4851a1d" relativeResultsDirectory="75545e46-19bc-4d58-b043-3ab7f5c83e37" /><UnitTestResult executionId="9594f73e-0acc-4341-b746-3c82758bd347" testId="a741847e-a448-4c97-8c2e-d828b6f49e75" testName="Put_CanUpdateModel" computerName="LAMBDA" duration="00:00:00.8730000" startTime="2018-07-17T13:51:18.8839522-04:00" endTime="2018-07-17T13:51:18.8839650-04:00" testType="13cdc9d9-ddb5-4fa4-a97d-d965ccfc6d4b" outcome="Passed" testListId="8c84fa94-04c1-424b-9868-57a2d4851a1d" relativeResultsDirectory="9594f73e-0acc-4341-b746-3c82758bd347" /><UnitTestResult executionId="f4f8d4b3-f708-4cfa-b6e0-66bc60da4c96" testId="5ff8460d-2e46-4981-9cca-5a59b2c03773" testName="Post_ValidReferencePropertyCreatesModel" computerName="LAMBDA" duration="00:00:00.2100000" startTime="2018-07-17T13:51:14.6660602-04:00" endTime="2018-07-17T13:51:14.6660747-04:00" testType="13cdc9d9-ddb5-4fa4-a97d-d965ccfc6d4b" outcome="Passed" testListId="8c84fa94-04c1-424b-9868-57a2d4851a1d" relativeResultsDirectory="f4f8d4b3-f708-4cfa-b6e0-66bc60da4c96" /><UnitTestResult executionId="0f3c0e3f-f1bf-4ab1-8303-5c17383ea268" testId="d194224b-eb8c-4bef-bba2-358515840b19" testName="GetSingle_ValidIdPropertyValueReturnsCorrectModel" computerName="LAMBDA" duration="00:00:00.0080000" startTime="2018-07-17T13:51:07.0950919-04:00" endTime="2018-07-17T13:51:07.0950970-04:00" testType="13cdc9d9-ddb5-4fa4-a97d-d965ccfc6d4b" outcome="Passed" testListId="8c84fa94-04c1-424b-9868-57a2d4851a1d" relativeResultsDirectory="0f3c0e3f-f1bf-4ab1-8303-5c17383ea268" /><UnitTestResult executionId="1dd9f499-1d1b-45a9-bdbe-4567b7f0cf86" testId="1f9a0fa7-ba62-4378-b310-34b82a2671de" testName="Patch_InvalidEnumPropertyValueReturnsBadRequest" computerName="LAMBDA" duration="00:00:00.0070000" startTime="2018-07-17T13:51:10.1167820-04:00" endTime="2018-07-17T13:51:10.1167957-04:00" testType="13cdc9d9-ddb5-4fa4-a97d-d965ccfc6d4b" outcome="Passed" testListId="8c84fa94-04c1-424b-9868-57a2d4851a1d" relativeResultsDirectory="1dd9f499-1d1b-45a9-bdbe-4567b7f0cf86" /><UnitTestResult executionId="8a8fbb64-de53-4591-90e4-68abb4c45b84" testId="cf1c5315-f5f3-4c1b-803c-763845875fa9" testName="Put_InvalidReferencePropertyReturndBadRequest" computerName="LAMBDA" duration="00:00:00.0480000" startTime="2018-07-17T13:51:14.7145041-04:00" endTime="2018-07-17T13:51:14.7145143-04:00" testType="13cdc9d9-ddb5-4fa4-a97d-d965ccfc6d4b" outcome="Passed" testListId="8c84fa94-04c1-424b-9868-57a2d4851a1d" relativeResultsDirectory="8a8fbb64-de53-4591-90e4-68abb4c45b84" /><UnitTestResult executionId="b9a9be51-8000-4d5b-b258-a3368c2b2c5c" testId="abeebf38-d5dd-4ddb-b0cd-ec764db2b599" testName="PostFile_FileTimeStampIsUpdatedAfterFileIsPosted" computerName="LAMBDA" duration="00:00:01.6170000" startTime="2018-07-17T13:51:26.4118754-04:00" endTime="2018-07-17T13:51:26.4118904-04:00" testType="13cdc9d9-ddb5-4fa4-a97d-d965ccfc6d4b" outcome="Passed" testListId="8c84fa94-04c1-424b-9868-57a2d4851a1d" relativeResultsDirectory="b9a9be51-8000-4d5b-b258-a3368c2b2c5c" /><UnitTestResult executionId="3835265a-cfde-48f8-9471-75e8a8d6c6c8" testId="5a0544c6-fced-44ad-884c-0c655838eff0" testName="Patch_MultipleInvalidReferencePropertiesReturnsMultipleValidationErrorsAndBadRequest" computerName="LAMBDA" duration="00:00:00.0190000" startTime="2018-07-17T13:51:19.9443386-04:00" endTime="2018-07-17T13:51:19.9443433-04:00" testType="13cdc9d9-ddb5-4fa4-a97d-d965ccfc6d4b" outcome="Passed" testListId="8c84fa94-04c1-424b-9868-57a2d4851a1d" relativeResultsDirectory="3835265a-cfde-48f8-9471-75e8a8d6c6c8" /><UnitTestResult executionId="ef0199a5-b23e-46cd-9e01-c2b4b0ac4f21" testId="ed19d528-9834-4fb5-a4b4-3b33f8bf8b89" testName="FileRequest_DepthBufferIsInvalidatedAfterCameraDependencyPropertyChange" computerName="LAMBDA" duration="00:00:01.3490000" startTime="2018-07-17T13:51:42.6733304-04:00" endTime="2018-07-17T13:51:42.6733453-04:00" testType="13cdc9d9-ddb5-4fa4-a97d-d965ccfc6d4b" outcome="Passed" testListId="8c84fa94-04c1-424b-9868-57a2d4851a1d" relativeResultsDirectory="ef0199a5-b23e-46cd-9e01-c2b4b0ac4f21" /><UnitTestResult executionId="3cf4f6bf-f4bf-44cd-ad94-2ae0d2574368" testId="9cfdbf82-986a-4cf6-8dc7-c6dbe37df99c" testName="Patch_TargetPropertyIsUpdated" computerName="LAMBDA" duration="00:00:00.3410000" startTime="2018-07-17T13:51:36.6841966-04:00" endTime="2018-07-17T13:51:36.6842116-04:00" testType="13cdc9d9-ddb5-4fa4-a97d-d965ccfc6d4b" outcome="Passed" testListId="8c84fa94-04c1-424b-9868-57a2d4851a1d" relativeResultsDirectory="3cf4f6bf-f4bf-44cd-ad94-2ae0d2574368" /><UnitTestResult executionId="8d3c2e40-d7f5-4b20-bb66-482709e83017" testId="68c28e81-bbb5-4183-b81d-1ccd6bb0e64c" testName="Patch_InvalidReferencePropertyReturnsBadRequest" computerName="LAMBDA" duration="00:00:00.0560000" startTime="2018-07-17T13:51:19.8924282-04:00" endTime="2018-07-17T13:51:19.8924458-04:00" testType="13cdc9d9-ddb5-4fa4-a97d-d965ccfc6d4b" outcome="Passed" testListId="8c84fa94-04c1-424b-9868-57a2d4851a1d" relativeResultsDirectory="8d3c2e40-d7f5-4b20-bb66-482709e83017" /><UnitTestResult executionId="bd677877-fbaf-44fb-b316-d1255d66ab1b" testId="ccd161e5-867d-46e1-86fe-44219deb555b" testName="GetSingle_InvalidIdPropertyValueReturnsNotFound" computerName="LAMBDA" duration="00:00:00.0050000" startTime="2018-07-17T13:51:44.7050528-04:00" endTime="2018-07-17T13:51:44.7050571-04:00" testType="13cdc9d9-ddb5-4fa4-a97d-d965ccfc6d4b" outcome="Passed" testListId="8c84fa94-04c1-424b-9868-57a2d4851a1d" relativeResultsDirectory="bd677877-fbaf-44fb-b316-d1255d66ab1b" /><UnitTestResult executionId="a6b02fe4-bc2a-4418-8458-35f8d6c992a7" testId="f76c0579-71bd-44aa-baaf-600fe1fc4588" testName="Patch_InvalidIdPropertyReturnsNotFound" computerName="LAMBDA" duration="00:00:00.0090000" startTime="2018-07-17T13:51:14.7240001-04:00" endTime="2018-07-17T13:51:14.7240052-04:00" testType="13cdc9d9-ddb5-4fa4-a97d-d965ccfc6d4b" outcome="Passed" testListId="8c84fa94-04c1-424b-9868-57a2d4851a1d" relativeResultsDirectory="a6b02fe4-bc2a-4418-8458-35f8d6c992a7" /><UnitTestResult executionId="24875ca8-1c6b-4521-8e4c-4bfe34c73f97" testId="690b6053-cce4-4305-b1c4-8091faf1c15b" testName="FileRequest_MeshGenerateSetsFileIsSynchronized" computerName="LAMBDA" duration="00:00:03.7080000" startTime="2018-07-17T13:51:30.6518886-04:00" endTime="2018-07-17T13:51:30.6519032-04:00" testType="13cdc9d9-ddb5-4fa4-a97d-d965ccfc6d4b" outcome="Passed" testListId="8c84fa94-04c1-424b-9868-57a2d4851a1d" relativeResultsDirectory="24875ca8-1c6b-4521-8e4c-4bfe34c73f97" /><UnitTestResult executionId="fb91bd42-b0c6-49b7-9a22-ab7008cf2ddb" testId="1443b2f6-0ba5-44ff-b99b-f0156220e7ea" testName="GetList_ListReturnsCorrectCount" computerName="LAMBDA" duration="00:00:00.0400000" startTime="2018-07-17T13:51:44.6991174-04:00" endTime="2018-07-17T13:51:44.6991226-04:00" testType="13cdc9d9-ddb5-4fa4-a97d-d965ccfc6d4b" outcome="Passed" testListId="8c84fa94-04c1-424b-9868-57a2d4851a1d" relativeResultsDirectory="fb91bd42-b0c6-49b7-9a22-ab7008cf2ddb" /><UnitTestResult executionId="ff5e062d-2c4a-4974-bec8-fab817ae75af" testId="727b3368-fa87-44c0-a675-cbe599fdb322" testName="Put_ValidReferencePropertyUpdatesModel" computerName="LAMBDA" duration="00:00:00.4970000" startTime="2018-07-17T13:51:37.1826797-04:00" endTime="2018-07-17T13:51:37.1826951-04:00" testType="13cdc9d9-ddb5-4fa4-a97d-d965ccfc6d4b" outcome="Passed" testListId="8c84fa94-04c1-424b-9868-57a2d4851a1d" relativeResultsDirectory="ff5e062d-2c4a-4974-bec8-fab817ae75af" /><UnitTestResult executionId="d1fe4a64-fdb8-4397-a68b-607771bf7763" testId="bc8eb450-28fb-448a-ab7b-95125948cde6" testName="LucyCameraFindsAllDependents" computerName="LAMBDA" duration="00:00:00.0090000" startTime="2018-07-17T13:51:05.4132781-04:00" endTime="2018-07-17T13:51:05.4132828-04:00" testType="13cdc9d9-ddb5-4fa4-a97d-d965ccfc6d4b" outcome="Passed" testListId="8c84fa94-04c1-424b-9868-57a2d4851a1d" relativeResultsDirectory="d1fe4a64-fdb8-4397-a68b-607771bf7763" /><UnitTestResult executionId="344dda29-57dc-4a1a-8c5b-21c6e0f600a5" testId="09d30faa-5add-432d-b01c-da962197f07e" testName="Post_InvalidPropertyValueReturnsBadRequest" computerName="LAMBDA" duration="00:00:00.0030000" startTime="2018-07-17T13:51:37.2942265-04:00" endTime="2018-07-17T13:51:37.2942303-04:00" testType="13cdc9d9-ddb5-4fa4-a97d-d965ccfc6d4b" outcome="Passed" testListId="8c84fa94-04c1-424b-9868-57a2d4851a1d" relativeResultsDirectory="344dda29-57dc-4a1a-8c5b-21c6e0f600a5" /><UnitTestResult executionId="619ee85a-2dcc-4efc-ae86-e79c375ba70d" testId="02dbcdd7-5890-406e-b130-64fd7385a91c" testName="Patch_MultipleInvalidReferencePropertiesReturnsMultipleValidationErrorsAndBadRequest" computerName="LAMBDA" duration="00:00:00.0290000" startTime="2018-07-17T13:51:37.2617539-04:00" endTime="2018-07-17T13:51:37.2617586-04:00" testType="13cdc9d9-ddb5-4fa4-a97d-d965ccfc6d4b" outcome="Passed" testListId="8c84fa94-04c1-424b-9868-57a2d4851a1d" relativeResultsDirectory="619ee85a-2dcc-4efc-ae86-e79c375ba70d" /><UnitTestResult executionId="98005b26-6996-4aee-b2fa-147978deceac" testId="a5a1e4bd-b288-4c9b-beb1-77d3f43e44b6" testName="FileRequest_FileCanBeReadAfterRename" computerName="LAMBDA" duration="00:00:00.5860000" startTime="2018-07-17T13:51:31.6583103-04:00" endTime="2018-07-17T13:51:31.6583223-04:00" testType="13cdc9d9-ddb5-4fa4-a97d-d965ccfc6d4b" outcome="Passed" testListId="8c84fa94-04c1-424b-9868-57a2d4851a1d" relativeResultsDirectory="98005b26-6996-4aee-b2fa-147978deceac" /><UnitTestResult executionId="a864494e-f2af-484b-99bb-4699c5c6e1d4" testId="bf4d401f-70a9-47ac-bfa6-b6bfda663962" testName="Patch_InvalidReferencePropertyReturnsBadRequest" computerName="LAMBDA" duration="00:00:00.0460000" startTime="2018-07-17T13:51:14.0603963-04:00" endTime="2018-07-17T13:51:14.0604146-04:00" testType="13cdc9d9-ddb5-4fa4-a97d-d965ccfc6d4b" outcome="Passed" testListId="8c84fa94-04c1-424b-9868-57a2d4851a1d" relativeResultsDirectory="a864494e-f2af-484b-99bb-4699c5c6e1d4" /><UnitTestResult executionId="02319192-0f84-4f33-9b0a-c52848d23218" testId="b39a9d4d-2e6f-4c9e-ba44-537ba9891d5a" testName="Patch_InvalidReferencePropertyReturnsBadRequest" computerName="LAMBDA" duration="00:00:00.0490000" startTime="2018-07-17T13:51:37.2322294-04:00" endTime="2018-07-17T13:51:37.2322397-04:00" testType="13cdc9d9-ddb5-4fa4-a97d-d965ccfc6d4b" outcome="Passed" testListId="8c84fa94-04c1-424b-9868-57a2d4851a1d" relativeResultsDirectory="02319192-0f84-4f33-9b0a-c52848d23218" /><UnitTestResult executionId="0bb49252-0bfb-473d-a25e-5f560fadf60d" testId="ddaacd01-9513-4f90-a408-1a733aa34649" testName="Patch_TargetPropertyIsUpdated" computerName="LAMBDA" duration="00:00:00.3180000" startTime="2018-07-17T13:51:06.8176927-04:00" endTime="2018-07-17T13:51:06.8177081-04:00" testType="13cdc9d9-ddb5-4fa4-a97d-d965ccfc6d4b" outcome="Passed" testListId="8c84fa94-04c1-424b-9868-57a2d4851a1d" relativeResultsDirectory="0bb49252-0bfb-473d-a25e-5f560fadf60d" /><UnitTestResult executionId="17563b13-9f15-4339-a5fd-e1f88590e11e" testId="3e5c668d-c449-4475-bef4-4cd109922fcb" testName="Patch_InvalidIdPropertyReturnsNotFound" computerName="LAMBDA" duration="00:00:00.0160000" startTime="2018-07-17T13:51:36.1477370-04:00" endTime="2018-07-17T13:51:36.1477520-04:00" testType="13cdc9d9-ddb5-4fa4-a97d-d965ccfc6d4b" outcome="Passed" testListId="8c84fa94-04c1-424b-9868-57a2d4851a1d" relativeResultsDirectory="17563b13-9f15-4339-a5fd-e1f88590e11e" /><UnitTestResult executionId="db322c18-b909-450a-a031-998814f6cfd7" testId="fc6b0df4-bd1e-4b56-b38a-06b91c6a7728" testName="FileRequest_FileCanBeReadAfterRename" computerName="LAMBDA" duration="00:00:00.5810000" startTime="2018-07-17T13:51:12.4525334-04:00" endTime="2018-07-17T13:51:12.4525479-04:00" testType="13cdc9d9-ddb5-4fa4-a97d-d965ccfc6d4b" outcome="Passed" testListId="8c84fa94-04c1-424b-9868-57a2d4851a1d" relativeResultsDirectory="db322c18-b909-450a-a031-998814f6cfd7" /><UnitTestResult executionId="8a2cb317-aa6d-4fec-8508-5bc9bfce2765" testId="34ff75a3-3e73-43a5-a13d-340bb2cf4f19" testName="GetList_ListReturnsCorrectCount" computerName="LAMBDA" duration="00:00:00.1180000" startTime="2018-07-17T13:51:35.7445716-04:00" endTime="2018-07-17T13:51:35.7445776-04:00" testType="13cdc9d9-ddb5-4fa4-a97d-d965ccfc6d4b" outcome="Passed" testListId="8c84fa94-04c1-424b-9868-57a2d4851a1d" relativeResultsDirectory="8a2cb317-aa6d-4fec-8508-5bc9bfce2765" /><UnitTestResult executionId="c073fe22-bc5d-45ab-b623-77d3169a57be" testId="01539437-f94c-47b4-b72d-6ae0e092ed04" testName="PostFile_FileTimeStampIsUpdatedAfterFileIsPosted" computerName="LAMBDA" duration="00:00:00.0010000" startTime="2018-07-17T13:51:10.7293604-04:00" endTime="2018-07-17T13:51:10.7293651-04:00" testType="13cdc9d9-ddb5-4fa4-a97d-d965ccfc6d4b" outcome="Passed" testListId="8c84fa94-04c1-424b-9868-57a2d4851a1d" relativeResultsDirectory="c073fe22-bc5d-45ab-b623-77d3169a57be" /><UnitTestResult executionId="56bca0c0-96c4-4e5b-bd9c-7bec0736b2df" testId="38e0444b-b79b-492c-ae32-35b32abf77db" testName="Patch_TargetPropertyIsUpdated" computerName="LAMBDA" duration="00:00:00.6060000" startTime="2018-07-17T13:51:08.4009856-04:00" endTime="2018-07-17T13:51:08.4009989-04:00" testType="13cdc9d9-ddb5-4fa4-a97d-d965ccfc6d4b" outcome="Passed" testListId="8c84fa94-04c1-424b-9868-57a2d4851a1d" relativeResultsDirectory="56bca0c0-96c4-4e5b-bd9c-7bec0736b2df" /><UnitTestResult executionId="4ad9a31d-35d2-40e6-9e28-a026c4dff7fc" testId="c297ba9d-783a-44fa-a275-edee8086104f" testName="Put_CanUpdateModel" computerName="LAMBDA" duration="00:00:00.3780000" startTime="2018-07-17T13:51:15.7625330-04:00" endTime="2018-07-17T13:51:15.7625488-04:00" testType="13cdc9d9-ddb5-4fa4-a97d-d965ccfc6d4b" outcome="Passed" testListId="8c84fa94-04c1-424b-9868-57a2d4851a1d" relativeResultsDirectory="4ad9a31d-35d2-40e6-9e28-a026c4dff7fc" /><UnitTestResult executionId="e99599b0-0b62-4e17-8ef4-72bdd1f96dd2" testId="b66475f9-eefe-411c-9200-86aa74b2cd0b" testName="Post_ValidReferencePropertyCreatesModel" computerName="LAMBDA" duration="00:00:00.2300000" startTime="2018-07-17T13:51:37.9573320-04:00" endTime="2018-07-17T13:51:37.9573474-04:00" testType="13cdc9d9-ddb5-4fa4-a97d-d965ccfc6d4b" outcome="Passed" testListId="8c84fa94-04c1-424b-9868-57a2d4851a1d" relativeResultsDirectory="e99599b0-0b62-4e17-8ef4-72bdd1f96dd2" /><UnitTestResult executionId="9404477b-8cd6-4c28-8fc6-4b7ff7be096e" testId="67c76f75-6078-418a-805c-8b6483acdecd" testName="GetSingle_ValidIdPropertyValueReturnsCorrectModel" computerName="LAMBDA" duration="00:00:00.0080000" startTime="2018-07-17T13:51:37.2776159-04:00" endTime="2018-07-17T13:51:37.2776206-04:00" testType="13cdc9d9-ddb5-4fa4-a97d-d965ccfc6d4b" outcome="Passed" testListId="8c84fa94-04c1-424b-9868-57a2d4851a1d" relativeResultsDirectory="9404477b-8cd6-4c28-8fc6-4b7ff7be096e" /><UnitTestResult executionId="00787eea-0715-4d20-b177-f710704c2cfb" testId="d0befa51-bb70-492d-a12f-1256364da697" testName="Patch_ValidReferencePropertyUpdatesModel" computerName="LAMBDA" duration="00:00:00.3250000" startTime="2018-07-17T13:51:45.6176993-04:00" endTime="2018-07-17T13:51:45.6177147-04:00" testType="13cdc9d9-ddb5-4fa4-a97d-d965ccfc6d4b" outcome="Passed" testListId="8c84fa94-04c1-424b-9868-57a2d4851a1d" relativeResultsDirectory="00787eea-0715-4d20-b177-f710704c2cfb" /><UnitTestResult executionId="11dcdd80-6451-40a8-ae72-ac0a21aceb97" testId="1a16d89b-8b7d-4ea2-8c80-e2f841bbfbe6" testName="PostFile_NewFileCanBePosted" computerName="LAMBDA" duration="00:00:00.4000000" startTime="2018-07-17T13:51:43.8687457-04:00" endTime="2018-07-17T13:51:43.8687568-04:00" testType="13cdc9d9-ddb5-4fa4-a97d-d965ccfc6d4b" outcome="Passed" testListId="8c84fa94-04c1-424b-9868-57a2d4851a1d" relativeResultsDirectory="11dcdd80-6451-40a8-ae72-ac0a21aceb97" /><UnitTestResult executionId="3055c28e-3d32-4f50-a8e9-cef6c5da71de" testId="39881bdf-0762-4a86-9195-2e2cb5cf739a" testName="GetList_ListReturnsCorrectCount" computerName="LAMBDA" duration="00:00:00.0600000" startTime="2018-07-17T13:51:14.1213302-04:00" endTime="2018-07-17T13:51:14.1213349-04:00" testType="13cdc9d9-ddb5-4fa4-a97d-d965ccfc6d4b" outcome="Passed" testListId="8c84fa94-04c1-424b-9868-57a2d4851a1d" relativeResultsDirectory="3055c28e-3d32-4f50-a8e9-cef6c5da71de" /><UnitTestResult executionId="800a0ecf-751d-44d7-87d9-b6355aa2d265" testId="119065b3-162f-48f0-b1d4-5d9d1130d952" testName="Put_CanUpdateModel" computerName="LAMBDA" duration="00:00:00.4570000" startTime="2018-07-17T13:51:07.5701656-04:00" endTime="2018-07-17T13:51:07.5701806-04:00" testType="13cdc9d9-ddb5-4fa4-a97d-d965ccfc6d4b" outcome="Passed" testListId="8c84fa94-04c1-424b-9868-57a2d4851a1d" relativeResultsDirectory="800a0ecf-751d-44d7-87d9-b6355aa2d265" /><UnitTestResult executionId="5ae21ea0-a32d-4042-8827-ba8df026b38c" testId="2803a95f-1a49-40d9-b1ff-4dc5a116c036" testName="Put_ValidReferencePropertyUpdatesModel" computerName="LAMBDA" duration="00:00:00.0080000" startTime="2018-07-17T13:51:06.8260906-04:00" endTime="2018-07-17T13:51:06.8261043-04:00" testType="13cdc9d9-ddb5-4fa4-a97d-d965ccfc6d4b" outcome="Passed" testListId="8c84fa94-04c1-424b-9868-57a2d4851a1d" relativeResultsDirectory="5ae21ea0-a32d-4042-8827-ba8df026b38c" /><UnitTestResult executionId="3bb4b8e3-e27e-4053-ba9a-34934d9571db" testId="55cbb697-3d8e-4cd3-b154-d6fb74b83e4a" testName="Put_InvalidReferencePropertyReturndBadRequest" computerName="LAMBDA" duration="00:00:00.1410000" startTime="2018-07-17T13:51:35.8924039-04:00" endTime="2018-07-17T13:51:35.8924094-04:00" testType="13cdc9d9-ddb5-4fa4-a97d-d965ccfc6d4b" outcome="Passed" testListId="8c84fa94-04c1-424b-9868-57a2d4851a1d" relativeResultsDirectory="3bb4b8e3-e27e-4053-ba9a-34934d9571db" /><UnitTestResult executionId="fdc4b51c-7afd-4afb-b681-7bf09abcb19f" testId="d981cf32-3b72-45d3-a41b-7f7ecee6c56a" testName="PostFile_NewFileCanBePosted" computerName="LAMBDA" duration="00:00:00.3640000" startTime="2018-07-17T13:51:12.8179040-04:00" endTime="2018-07-17T13:51:12.8179194-04:00" testType="13cdc9d9-ddb5-4fa4-a97d-d965ccfc6d4b" outcome="Passed" testListId="8c84fa94-04c1-424b-9868-57a2d4851a1d" relativeResultsDirectory="fdc4b51c-7afd-4afb-b681-7bf09abcb19f" /><UnitTestResult executionId="75234b7c-e297-4712-a255-277c5455dbbd" testId="a1ec88eb-d90d-48ed-a222-ec23a9defa32" testName="GetSingle_ValidIdPropertyValueReturnsCorrectModel" computerName="LAMBDA" duration="00:00:00.0070000" startTime="2018-07-17T13:51:09.0755015-04:00" endTime="2018-07-17T13:51:09.0755062-04:00" testType="13cdc9d9-ddb5-4fa4-a97d-d965ccfc6d4b" outcome="Passed" testListId="8c84fa94-04c1-424b-9868-57a2d4851a1d" relativeResultsDirectory="75234b7c-e297-4712-a255-277c5455dbbd" /><UnitTestResult executionId="123fbd8f-5afb-40c0-a657-396b9808f820" testId="5d8f827f-311e-4070-afe5-e84479c96600" testName="Put_InvalidReferencePropertyReturndBadRequest" computerName="LAMBDA" duration="00:00:00.0020000" startTime="2018-07-17T13:51:07.7091537-04:00" endTime="2018-07-17T13:51:07.7091597-04:00" testType="13cdc9d9-ddb5-4fa4-a97d-d965ccfc6d4b" outcome="Passed" testListId="8c84fa94-04c1-424b-9868-57a2d4851a1d" relativeResultsDirectory="123fbd8f-5afb-40c0-a657-396b9808f820" /><UnitTestResult executionId="e6c4613f-c849-4135-8d58-f0079349ca4f" testId="eb9e0b1b-ca5b-4e14-bb2f-2fdc87bc062a" testName="Patch_TargetPropertyIsUpdated" computerName="LAMBDA" duration="00:00:00.2960000" startTime="2018-07-17T13:51:15.3835553-04:00" endTime="2018-07-17T13:51:15.3835660-04:00" testType="13cdc9d9-ddb5-4fa4-a97d-d965ccfc6d4b" outcome="Passed" testListId="8c84fa94-04c1-424b-9868-57a2d4851a1d" relativeResultsDirectory="e6c4613f-c849-4135-8d58-f0079349ca4f" /><UnitTestResult executionId="687109a9-3da8-4764-ab17-bdf9c2d2312f" testId="23f0b372-44d9-454c-98fc-e1758a39b230" testName="Patch_TargetPropertyIsUpdated" computerName="LAMBDA" duration="00:00:00.3990000" startTime="2018-07-17T13:51:46.3394038-04:00" endTime="2018-07-17T13:51:46.3394154-04:00" testType="13cdc9d9-ddb5-4fa4-a97d-d965ccfc6d4b" outcome="Passed" testListId="8c84fa94-04c1-424b-9868-57a2d4851a1d" relativeResultsDirectory="687109a9-3da8-4764-ab17-bdf9c2d2312f" /><UnitTestResult executionId="dfbcd783-5a01-4b84-bb88-b4273a1e41c1" testId="13453f15-ffc4-4397-b62a-b2c16a767e0f" testName="GetSingle_ValidIdPropertyValueReturnsCorrectModel" computerName="LAMBDA" duration="00:00:00.0190000" startTime="2018-07-17T13:51:15.8109217-04:00" endTime="2018-07-17T13:51:15.8109375-04:00" testType="13cdc9d9-ddb5-4fa4-a97d-d965ccfc6d4b" outcome="Passed" testListId="8c84fa94-04c1-424b-9868-57a2d4851a1d" relativeResultsDirectory="dfbcd783-5a01-4b84-bb88-b4273a1e41c1" /><UnitTestResult executionId="8ecaf19c-9c47-4594-a4bc-6aa79f9e37b6" testId="952db377-5974-4603-a47b-9e40077a2c17" testName="LucyDepthBufferFindsOneDependent" computerName="LAMBDA" duration="00:00:00.0030000" startTime="2018-07-17T13:51:05.4173785-04:00" endTime="2018-07-17T13:51:05.4173827-04:00" testType="13cdc9d9-ddb5-4fa4-a97d-d965ccfc6d4b" outcome="Passed" testListId="8c84fa94-04c1-424b-9868-57a2d4851a1d" relativeResultsDirectory="8ecaf19c-9c47-4594-a4bc-6aa79f9e37b6" /><UnitTestResult executionId="0587b263-9103-4ff4-a7f2-57af3bc3327e" testId="91d92055-f31c-438a-abb9-de98dbd9a4f8" testName="Post_ValidReferencePropertyCreatesModel" computerName="LAMBDA" duration="00:00:00.0020000" startTime="2018-07-17T13:51:05.9108486-04:00" endTime="2018-07-17T13:51:05.9108516-04:00" testType="13cdc9d9-ddb5-4fa4-a97d-d965ccfc6d4b" outcome="Passed" testListId="8c84fa94-04c1-424b-9868-57a2d4851a1d" relativeResultsDirectory="0587b263-9103-4ff4-a7f2-57af3bc3327e" /><UnitTestResult executionId="7362f989-c20a-4daa-93bd-f356df839f3f" testId="69e250bf-e864-4880-89c3-44bdf0069b43" testName="FileRequest_FileCanBeReadAfterRename" computerName="LAMBDA" duration="00:00:00.6180000" startTime="2018-07-17T13:51:41.3229075-04:00" endTime="2018-07-17T13:51:41.3229199-04:00" testType="13cdc9d9-ddb5-4fa4-a97d-d965ccfc6d4b" outcome="Passed" testListId="8c84fa94-04c1-424b-9868-57a2d4851a1d" relativeResultsDirectory="7362f989-c20a-4daa-93bd-f356df839f3f" /><UnitTestResult executionId="ec323720-c00a-481e-a94b-a2e1306d920e" testId="e04d3d7d-92b0-4611-9482-80e742b318a7" testName="PutFile_NewFileCanBePut" computerName="LAMBDA" duration="00:00:00.3710000" startTime="2018-07-17T13:51:11.1016919-04:00" endTime="2018-07-17T13:51:11.1017068-04:00" testType="13cdc9d9-ddb5-4fa4-a97d-d965ccfc6d4b" outcome="Passed" testListId="8c84fa94-04c1-424b-9868-57a2d4851a1d" relativeResultsDirectory="ec323720-c00a-481e-a94b-a2e1306d920e" /><UnitTestResult executionId="c7a41bab-76e3-413c-a79f-e1da91e32920" testId="df238f80-4daf-42b7-956e-4d95c7edc86a" testName="Patch_InvalidEnumPropertyValueReturnsBadRequest" computerName="LAMBDA" duration="00:00:00.0010000" startTime="2018-07-17T13:51:14.7243182-04:00" endTime="2018-07-17T13:51:14.7243217-04:00" testType="13cdc9d9-ddb5-4fa4-a97d-d965ccfc6d4b" outcome="Passed" testListId="8c84fa94-04c1-424b-9868-57a2d4851a1d" relativeResultsDirectory="c7a41bab-76e3-413c-a79f-e1da91e32920" /><UnitTestResult executionId="85a54faa-f547-4709-a1fc-2db1cd15a60e" testId="6ae8f7ee-9e38-4fbe-89b9-720895a89c9b" testName="Patch_InvalidEnumPropertyValueReturnsBadRequest" computerName="LAMBDA" duration="00:00:00.0460000" startTime="2018-07-17T13:51:35.6259535-04:00" endTime="2018-07-17T13:51:35.6259595-04:00" testType="13cdc9d9-ddb5-4fa4-a97d-d965ccfc6d4b" outcome="Passed" testListId="8c84fa94-04c1-424b-9868-57a2d4851a1d" relativeResultsDirectory="85a54faa-f547-4709-a1fc-2db1cd15a60e" /><UnitTestResult executionId="708de9ec-0eb2-4b63-8376-c614d431c92e" testId="aa0f733a-178c-4a86-a5c5-a06ce095ab1b" testName="MeshTransformHasExpectedDependentFiles" computerName="LAMBDA" duration="00:00:00.0010000" startTime="2018-07-17T13:51:05.4139504-04:00" endTime="2018-07-17T13:51:05.4139525-04:00" testType="13cdc9d9-ddb5-4fa4-a97d-d965ccfc6d4b" outcome="Passed" testListId="8c84fa94-04c1-424b-9868-57a2d4851a1d" relativeResultsDirectory="708de9ec-0eb2-4b63-8376-c614d431c92e" /><UnitTestResult executionId="dd1d03ac-2fa6-44d9-90a0-35e4d959bccf" testId="b0db15b5-2c78-45ef-aa04-36dad9d33f6c" testName="Delete_TargetModelIsDeleted" computerName="LAMBDA" duration="00:00:00.2940000" startTime="2018-07-17T13:51:13.7894761-04:00" endTime="2018-07-17T13:51:13.7894885-04:00" testType="13cdc9d9-ddb5-4fa4-a97d-d965ccfc6d4b" outcome="Passed" testListId="8c84fa94-04c1-424b-9868-57a2d4851a1d" relativeResultsDirectory="dd1d03ac-2fa6-44d9-90a0-35e4d959bccf" /><UnitTestResult executionId="150497a3-40e7-4814-a3f8-5d92bad0b113" testId="63fc1b30-a2be-4e23-9afc-fc7b9f8a4ac0" testName="Post_InvalidReferencePropertyReturnsBadRequest" computerName="LAMBDA" duration="00:00:00.0070000" startTime="2018-07-17T13:51:19.9250480-04:00" endTime="2018-07-17T13:51:19.9250523-04:00" testType="13cdc9d9-ddb5-4fa4-a97d-d965ccfc6d4b" outcome="Passed" testListId="8c84fa94-04c1-424b-9868-57a2d4851a1d" relativeResultsDirectory="150497a3-40e7-4814-a3f8-5d92bad0b113" /><UnitTestResult executionId="67334827-5534-43bf-b408-bee92e27abdc" testId="ded1ead9-3906-424c-a5cf-0d542fd71287" testName="Put_InvalidIdReturnsNotFound" computerName="LAMBDA" duration="00:00:00.0610000" startTime="2018-07-17T13:51:07.0869327-04:00" endTime="2018-07-17T13:51:07.0869382-04:00" testType="13cdc9d9-ddb5-4fa4-a97d-d965ccfc6d4b" outcome="Passed" testListId="8c84fa94-04c1-424b-9868-57a2d4851a1d" relativeResultsDirectory="67334827-5534-43bf-b408-bee92e27abdc" /><UnitTestResult executionId="2f20b752-7f0f-47c3-ad7c-a80505e76cae" testId="0180320d-a2cd-4818-861c-0ebc64e3f9c6" testName="Model3dHasExpectedDependentFiles" computerName="LAMBDA" duration="00:00:00.0370000" startTime="2018-07-17T13:51:05.0280776-04:00" endTime="2018-07-17T13:51:05.0280836-04:00" testType="13cdc9d9-ddb5-4fa4-a97d-d965ccfc6d4b" outcome="Passed" testListId="8c84fa94-04c1-424b-9868-57a2d4851a1d" relativeResultsDirectory="2f20b752-7f0f-47c3-ad7c-a80505e76cae" /><UnitTestResult executionId="0709b26d-3579-468a-b086-5f5845917584" testId="8b319617-97a6-43a3-a715-ecbda2c72aa1" testName="GetFile_NonExistentFileReturnsNotFound" computerName="LAMBDA" duration="00:00:00.0120000" startTime="2018-07-17T13:51:20.4479293-04:00" endTime="2018-07-17T13:51:20.4479348-04:00" testType="13cdc9d9-ddb5-4fa4-a97d-d965ccfc6d4b" outcome="Passed" testListId="8c84fa94-04c1-424b-9868-57a2d4851a1d" relativeResultsDirectory="0709b26d-3579-468a-b086-5f5845917584" /><UnitTestResult executionId="0fe3407b-02c0-4c7b-b9ec-7945e5a2edff" testId="2fe445ec-2473-4306-94c0-bb91802c7795" testName="Patch_ValidReferencePropertyUpdatesModel" computerName="LAMBDA" duration="00:00:00.3970000" startTime="2018-07-17T13:51:37.6920612-04:00" endTime="2018-07-17T13:51:37.6920775-04:00" testType="13cdc9d9-ddb5-4fa4-a97d-d965ccfc6d4b" outcome="Passed" testListId="8c84fa94-04c1-424b-9868-57a2d4851a1d" relativeResultsDirectory="0fe3407b-02c0-4c7b-b9ec-7945e5a2edff" /><UnitTestResult executionId="e264bd65-0c6e-469d-a6a2-ea0fe867cc39" testId="45f27aef-57ae-4e73-9f37-216e6533140d" testName="Post_InvalidReferencePropertyReturnsBadRequest" computerName="LAMBDA" duration="00:00:00.0170000" startTime="2018-07-17T13:51:15.8291175-04:00" endTime="2018-07-17T13:51:15.8291342-04:00" testType="13cdc9d9-ddb5-4fa4-a97d-d965ccfc6d4b" outcome="Passed" testListId="8c84fa94-04c1-424b-9868-57a2d4851a1d" relativeResultsDirectory="e264bd65-0c6e-469d-a6a2-ea0fe867cc39" /><UnitTestResult executionId="d2e90039-3a94-43e5-93b9-60766c696c84" testId="65e39c02-ce55-4305-82c3-89c6d3194a3a" testName="Post_CanCreateNewModel" computerName="LAMBDA" duration="00:00:00.2860000" startTime="2018-07-17T13:51:10.4045886-04:00" endTime="2018-07-17T13:51:10.4046040-04:00" testType="13cdc9d9-ddb5-4fa4-a97d-d965ccfc6d4b" outcome="Passed" testListId="8c84fa94-04c1-424b-9868-57a2d4851a1d" relativeResultsDirectory="d2e90039-3a94-43e5-93b9-60766c696c84" /><UnitTestResult executionId="0b2863d3-a611-40aa-a025-0ffa08556bc1" testId="dcdf26d9-ba66-4659-b742-ca078ff3ac57" testName="PutFile_FileCanBeUpdated" computerName="LAMBDA" duration="00:00:00.6190000" startTime="2018-07-17T13:51:11.7218447-04:00" endTime="2018-07-17T13:51:11.7218592-04:00" testType="13cdc9d9-ddb5-4fa4-a97d-d965ccfc6d4b" outcome="Passed" testListId="8c84fa94-04c1-424b-9868-57a2d4851a1d" relativeResultsDirectory="0b2863d3-a611-40aa-a025-0ffa08556bc1" /><UnitTestResult executionId="0acdc579-be32-474d-a337-0b109e86ae69" testId="03da56e9-274a-44f7-bc73-1056074874e0" testName="Post_InvalidPropertyValueReturnsBadRequest" computerName="LAMBDA" duration="00:00:00.0040000" startTime="2018-07-17T13:51:45.2909241-04:00" endTime="2018-07-17T13:51:45.2909327-04:00" testType="13cdc9d9-ddb5-4fa4-a97d-d965ccfc6d4b" outcome="Passed" testListId="8c84fa94-04c1-424b-9868-57a2d4851a1d" relativeResultsDirectory="0acdc579-be32-474d-a337-0b109e86ae69" /><UnitTestResult executionId="cc5ff539-7ff1-4f49-8f5a-843fc9747094" testId="724f0b21-5e24-4c03-b9b6-65a5ddb72b1a" testName="Post_CanCreateNewModel" computerName="LAMBDA" duration="00:00:00.1920000" startTime="2018-07-17T13:51:07.0254741-04:00" endTime="2018-07-17T13:51:07.0254835-04:00" testType="13cdc9d9-ddb5-4fa4-a97d-d965ccfc6d4b" outcome="Passed" testListId="8c84fa94-04c1-424b-9868-57a2d4851a1d" relativeResultsDirectory="cc5ff539-7ff1-4f49-8f5a-843fc9747094" /><UnitTestResult executionId="2077dc8c-9d82-4fa5-b440-dea8f3658451" testId="0769fc73-0a6c-4778-8b8e-0b063f550698" testName="Patch_ValidReferencePropertyUpdatesModel" computerName="LAMBDA" duration="00:00:01.0550000" startTime="2018-07-17T13:51:18.0094080-04:00" endTime="2018-07-17T13:51:18.0094251-04:00" testType="13cdc9d9-ddb5-4fa4-a97d-d965ccfc6d4b" outcome="Passed" testListId="8c84fa94-04c1-424b-9868-57a2d4851a1d" relativeResultsDirectory="2077dc8c-9d82-4fa5-b440-dea8f3658451" /><UnitTestResult executionId="45082112-6864-4025-b6c8-419b38bd20c0" testId="f991fd8f-3e80-4d14-a549-d24083103297" testName="PostFile_NewFileCanBePosted" computerName="LAMBDA" duration="00:00:00.5290000" startTime="2018-07-17T13:51:26.9426644-04:00" endTime="2018-07-17T13:51:26.9426798-04:00" testType="13cdc9d9-ddb5-4fa4-a97d-d965ccfc6d4b" outcome="Passed" testListId="8c84fa94-04c1-424b-9868-57a2d4851a1d" relativeResultsDirectory="45082112-6864-4025-b6c8-419b38bd20c0" /><UnitTestResult executionId="30a45be7-c429-4af1-a137-44a8b7726ba2" testId="b98172e6-27a6-4ac0-bd19-2d6e7c9dd1dd" testName="Patch_InvalidPropertyNameReturnsBadRequest" computerName="LAMBDA" duration="00:00:00.0060000" startTime="2018-07-17T13:51:09.0623007-04:00" endTime="2018-07-17T13:51:09.0623058-04:00" testType="13cdc9d9-ddb5-4fa4-a97d-d965ccfc6d4b" outcome="Passed" testListId="8c84fa94-04c1-424b-9868-57a2d4851a1d" relativeResultsDirectory="30a45be7-c429-4af1-a137-44a8b7726ba2" /><UnitTestResult executionId="5d720227-7842-42aa-8de9-8ca5cd2e5311" testId="8c48786e-808e-4cea-9924-803604d9ac8c" testName="Post_ValidReferencePropertyCreatesModel" computerName="LAMBDA" duration="00:00:00.2000000" startTime="2018-07-17T13:51:09.9832920-04:00" endTime="2018-07-17T13:51:09.9833065-04:00" testType="13cdc9d9-ddb5-4fa4-a97d-d965ccfc6d4b" outcome="Passed" testListId="8c84fa94-04c1-424b-9868-57a2d4851a1d" relativeResultsDirectory="5d720227-7842-42aa-8de9-8ca5cd2e5311" /><UnitTestResult executionId="9c886339-3e36-4c53-a3a2-056c821b37d9" testId="78fc5eb4-39ba-410c-925e-ca1738338b02" testName="Post_ValidReferencePropertyCreatesModel" computerName="LAMBDA" duration="00:00:00.1870000" startTime="2018-07-17T13:51:45.2065287-04:00" endTime="2018-07-17T13:51:45.2065466-04:00" testType="13cdc9d9-ddb5-4fa4-a97d-d965ccfc6d4b" outcome="Passed" testListId="8c84fa94-04c1-424b-9868-57a2d4851a1d" relativeResultsDirectory="9c886339-3e36-4c53-a3a2-056c821b37d9" /><UnitTestResult executionId="4a02510f-8231-4a7d-8d14-c9c9ef229610" testId="5a888278-ab93-4ca3-9576-e9edbe94b8f8" testName="PostFile_FileTimeStampIsUpdatedAfterFileIsPosted" computerName="LAMBDA" duration="00:00:01.7250000" startTime="2018-07-17T13:51:40.1297841-04:00" endTime="2018-07-17T13:51:40.1297982-04:00" testType="13cdc9d9-ddb5-4fa4-a97d-d965ccfc6d4b" outcome="Passed" testListId="8c84fa94-04c1-424b-9868-57a2d4851a1d" relativeResultsDirectory="4a02510f-8231-4a7d-8d14-c9c9ef229610" /><UnitTestResult executionId="b5699124-7190-4954-8f00-339cf68091c7" testId="11ee40fa-ce4d-4ea5-bd60-1f4c298d6de4" testName="Patch_ValidReferencePropertyUpdatesModel" computerName="LAMBDA" duration="00:00:00.0040000" startTime="2018-07-17T13:51:05.4298279-04:00" endTime="2018-07-17T13:51:05.4298334-04:00" testType="13cdc9d9-ddb5-4fa4-a97d-d965ccfc6d4b" outcome="Passed" testListId="8c84fa94-04c1-424b-9868-57a2d4851a1d" relativeResultsDirectory="b5699124-7190-4954-8f00-339cf68091c7" /><UnitTestResult executionId="5c996917-0597-4a1d-aa6b-52eea2e975ba" testId="ae8c55a2-c905-4a9d-a20c-98b734fc3bc0" testName="Post_InvalidReferencePropertyReturnsBadRequest" computerName="LAMBDA" duration="00:00:00.0080000" startTime="2018-07-17T13:51:44.7133014-04:00" endTime="2018-07-17T13:51:44.7133079-04:00" testType="13cdc9d9-ddb5-4fa4-a97d-d965ccfc6d4b" outcome="Passed" testListId="8c84fa94-04c1-424b-9868-57a2d4851a1d" relativeResultsDirectory="5c996917-0597-4a1d-aa6b-52eea2e975ba" /><UnitTestResult executionId="a51b22e4-a52f-45dc-a509-1debc03f1deb" testId="25f09ab6-3a0f-4dd4-aeee-d1e5ea1ce7d6" testName="Patch_MultipleInvalidReferencePropertiesReturnsMultipleValidationErrorsAndBadRequest" computerName="LAMBDA" duration="00:00:00.0500000" startTime="2018-07-17T13:51:13.8402755-04:00" endTime="2018-07-17T13:51:13.8402819-04:00" testType="13cdc9d9-ddb5-4fa4-a97d-d965ccfc6d4b" outcome="Passed" testListId="8c84fa94-04c1-424b-9868-57a2d4851a1d" relativeResultsDirectory="a51b22e4-a52f-45dc-a509-1debc03f1deb" /><UnitTestResult executionId="588689d0-051a-41f4-998f-f1a66e9bc8ff" testId="f4550371-6dc1-4b0e-a2ad-7b72c0432fab" testName="Patch_InvalidIdPropertyReturnsNotFound" computerName="LAMBDA" duration="00:00:00.0080000" startTime="2018-07-17T13:51:07.7173296-04:00" endTime="2018-07-17T13:51:07.7173437-04:00" testType="13cdc9d9-ddb5-4fa4-a97d-d965ccfc6d4b" outcome="Passed" testListId="8c84fa94-04c1-424b-9868-57a2d4851a1d" relativeResultsDirectory="588689d0-051a-41f4-998f-f1a66e9bc8ff" /><UnitTestResult executionId="4522c146-8c91-45b6-815d-4af2268b6a18" testId="6651efec-5fcd-4002-b538-996c7d28b899" testName="GetSingle_InvalidIdPropertyValueReturnsNotFound" computerName="LAMBDA" duration="00:00:00.0470000" startTime="2018-07-17T13:51:09.0016020-04:00" endTime="2018-07-17T13:51:09.0016097-04:00" testType="13cdc9d9-ddb5-4fa4-a97d-d965ccfc6d4b" outcome="Passed" testListId="8c84fa94-04c1-424b-9868-57a2d4851a1d" relativeResultsDirectory="4522c146-8c91-45b6-815d-4af2268b6a18" /><UnitTestResult executionId="31fb8518-de75-445b-a36a-52cad569f20b" testId="21ce39bb-730e-416e-a323-c2b4c18b2e5b" testName="GetSingle_InvalidIdPropertyValueReturnsNotFound" computerName="LAMBDA" duration="00:00:00.0050000" startTime="2018-07-17T13:51:19.9181632-04:00" endTime="2018-07-17T13:51:19.9181679-04:00" testType="13cdc9d9-ddb5-4fa4-a97d-d965ccfc6d4b" outcome="Passed" testListId="8c84fa94-04c1-424b-9868-57a2d4851a1d" relativeResultsDirectory="31fb8518-de75-445b-a36a-52cad569f20b" /><UnitTestResult executionId="37d57aba-ede7-4bfc-b0eb-b87e3ab84860" testId="d02db211-8a67-436c-aac3-e285ecd69672" testName="Patch_InvalidPropertyNameReturnsBadRequest" computerName="LAMBDA" duration="00:00:00.4580000" startTime="2018-07-17T13:51:05.8888009-04:00" endTime="2018-07-17T13:51:05.8888060-04:00" testType="13cdc9d9-ddb5-4fa4-a97d-d965ccfc6d4b" outcome="Passed" testListId="8c84fa94-04c1-424b-9868-57a2d4851a1d" relativeResultsDirectory="37d57aba-ede7-4bfc-b0eb-b87e3ab84860" /><UnitTestResult executionId="24421ca1-8e79-401d-bba4-eba7a5536da5" testId="49b3cd9c-b0ec-45ef-849c-6e5f9e06b23b" testName="GetList_ListReturnsCorrectCount" computerName="LAMBDA" duration="00:00:00.0570000" startTime="2018-07-17T13:51:10.1096039-04:00" endTime="2018-07-17T13:51:10.1096107-04:00" testType="13cdc9d9-ddb5-4fa4-a97d-d965ccfc6d4b" outcome="Passed" testListId="8c84fa94-04c1-424b-9868-57a2d4851a1d" relativeResultsDirectory="24421ca1-8e79-401d-bba4-eba7a5536da5" /><UnitTestResult executionId="8beec946-2a1a-446c-a15b-6e04b1d1ae64" testId="06c825b8-d57d-4bb6-8263-781cb0f51e00" testName="FileRequest_MeshIsInvalidatedAfterDepthBufferFileBecomesUnsynchronized" computerName="LAMBDA" duration="00:00:03.0080000" startTime="2018-07-17T13:51:23.8196398-04:00" endTime="2018-07-17T13:51:23.8196522-04:00" testType="13cdc9d9-ddb5-4fa4-a97d-d965ccfc6d4b" outcome="Passed" testListId="8c84fa94-04c1-424b-9868-57a2d4851a1d" relativeResultsDirectory="8beec946-2a1a-446c-a15b-6e04b1d1ae64" /><UnitTestResult executionId="fb524897-d41f-4d0d-96da-49c4f33c16ad" testId="fb4223d2-7903-4d57-94f2-13a0e48ef5ba" testName="Patch_ValidReferencePropertyUpdatesModel" computerName="LAMBDA" duration="00:00:00.3650000" startTime="2018-07-17T13:51:09.4418074-04:00" endTime="2018-07-17T13:51:09.4418224-04:00" testType="13cdc9d9-ddb5-4fa4-a97d-d965ccfc6d4b" outcome="Passed" testListId="8c84fa94-04c1-424b-9868-57a2d4851a1d" relativeResultsDirectory="fb524897-d41f-4d0d-96da-49c4f33c16ad" /><UnitTestResult executionId="0c8e4945-1138-4dc0-8b09-905e6bc01df4" testId="d6c3005b-6909-440a-a309-64812380d7b9" testName="Post_InvalidReferencePropertyReturnsBadRequest" computerName="LAMBDA" duration="00:00:00.0070000" startTime="2018-07-17T13:51:37.2693486-04:00" endTime="2018-07-17T13:51:37.2693533-04:00" testType="13cdc9d9-ddb5-4fa4-a97d-d965ccfc6d4b" outcome="Passed" testListId="8c84fa94-04c1-424b-9868-57a2d4851a1d" relativeResultsDirectory="0c8e4945-1138-4dc0-8b09-905e6bc01df4" /><UnitTestResult executionId="eb86ea77-a24b-4676-9aaa-55b7e1c370b2" testId="b4898b29-5806-4810-9554-17ffb4a4cae6" testName="GetSingle_ValidIdPropertyValueReturnsCorrectModel" computerName="LAMBDA" duration="00:00:00.0180000" startTime="2018-07-17T13:51:44.2718717-04:00" endTime="2018-07-17T13:51:44.2718773-04:00" testType="13cdc9d9-ddb5-4fa4-a97d-d965ccfc6d4b" outcome="Passed" testListId="8c84fa94-04c1-424b-9868-57a2d4851a1d" relativeResultsDirectory="eb86ea77-a24b-4676-9aaa-55b7e1c370b2" /><UnitTestResult executionId="a2f0f1a6-5ce2-4aa7-9750-912dd73606d6" testId="6c2e293a-db3c-45ce-a5d3-7c264fa48613" testName="Post_CanCreateNewModel" computerName="LAMBDA" duration="00:00:00.2410000" startTime="2018-07-17T13:51:19.8354575-04:00" endTime="2018-07-17T13:51:19.8354724-04:00" testType="13cdc9d9-ddb5-4fa4-a97d-d965ccfc6d4b" outcome="Passed" testListId="8c84fa94-04c1-424b-9868-57a2d4851a1d" relativeResultsDirectory="a2f0f1a6-5ce2-4aa7-9750-912dd73606d6" /><UnitTestResult executionId="268e2135-6b46-4b32-89d6-ed1856a4335e" testId="def8b00c-5fc9-4dad-b630-c755868bc9e7" testName="Patch_InvalidPropertyNameReturnsBadRequest" computerName="LAMBDA" duration="00:00:00.0080000" startTime="2018-07-17T13:51:45.2860117-04:00" endTime="2018-07-17T13:51:45.2860185-04:00" testType="13cdc9d9-ddb5-4fa4-a97d-d965ccfc6d4b" outcome="Passed" testListId="8c84fa94-04c1-424b-9868-57a2d4851a1d" relativeResultsDirectory="268e2135-6b46-4b32-89d6-ed1856a4335e" /><UnitTestResult executionId="647f0f0c-3605-453e-b861-4bd72a77d029" testId="c96cb7d6-d378-494c-8323-9306d360530e" testName="Patch_InvalidEnumPropertyValueReturnsBadRequest" computerName="LAMBDA" duration="00:00:00.0020000" startTime="2018-07-17T13:51:07.0971061-04:00" endTime="2018-07-17T13:51:07.0971104-04:00" testType="13cdc9d9-ddb5-4fa4-a97d-d965ccfc6d4b" outcome="Passed" testListId="8c84fa94-04c1-424b-9868-57a2d4851a1d" relativeResultsDirectory="647f0f0c-3605-453e-b861-4bd72a77d029" /><UnitTestResult executionId="e5cc5365-441f-49cf-a1d6-c57f598fd08a" testId="55512aab-db57-466c-98ee-bef2211feb70" testName="Post_CanCreateNewModel" computerName="LAMBDA" duration="00:00:00.2020000" startTime="2018-07-17T13:51:44.4742487-04:00" endTime="2018-07-17T13:51:44.4742543-04:00" testType="13cdc9d9-ddb5-4fa4-a97d-d965ccfc6d4b" outcome="Passed" testListId="8c84fa94-04c1-424b-9868-57a2d4851a1d" relativeResultsDirectory="e5cc5365-441f-49cf-a1d6-c57f598fd08a" /><UnitTestResult executionId="4d7d16b1-bf76-4d33-ade4-78d3544ca5cd" testId="d6e8d540-4514-4554-9982-40cc6c07ac27" testName="GetFile_ExistingFileReturnsSuccess" computerName="LAMBDA" duration="00:00:00.0570000" startTime="2018-07-17T13:51:38.4036957-04:00" endTime="2018-07-17T13:51:38.4037021-04:00" testType="13cdc9d9-ddb5-4fa4-a97d-d965ccfc6d4b" outcome="Passed" testListId="8c84fa94-04c1-424b-9868-57a2d4851a1d" relativeResultsDirectory="4d7d16b1-bf76-4d33-ade4-78d3544ca5cd" /><UnitTestResult executionId="b10183cf-5458-4338-aa1c-ba6790f7be65" testId="4898c711-c5f0-4265-b1a5-503bf013e7bd" testName="Put_ValidReferencePropertyUpdatesModel" computerName="LAMBDA" duration="00:00:00.3230000" startTime="2018-07-17T13:51:14.4452291-04:00" endTime="2018-07-17T13:51:14.4452419-04:00" testType="13cdc9d9-ddb5-4fa4-a97d-d965ccfc6d4b" outcome="Passed" testListId="8c84fa94-04c1-424b-9868-57a2d4851a1d" relativeResultsDirectory="b10183cf-5458-4338-aa1c-ba6790f7be65" /><UnitTestResult executionId="a3f2892b-eafa-43eb-92a0-eeee2844d659" testId="6ec094c5-5dde-4c6e-bdb1-52ebc9454fcb" testName="DepthBufferHasExpectedDependentFiles" computerName="LAMBDA" duration="00:00:00.0010000" startTime="2018-07-17T13:51:05.4177834-04:00" endTime="2018-07-17T13:51:05.4177860-04:00" testType="13cdc9d9-ddb5-4fa4-a97d-d965ccfc6d4b" outcome="Passed" testListId="8c84fa94-04c1-424b-9868-57a2d4851a1d" relativeResultsDirectory="a3f2892b-eafa-43eb-92a0-eeee2844d659" /><UnitTestResult executionId="43fbd854-7dc5-42f0-b375-de7ddd23b754" testId="57c0d175-b23b-4bd7-a89f-2feee42672db" testName="Delete_TargetModelIsDeleted" computerName="LAMBDA" duration="00:00:00.6050000" startTime="2018-07-17T13:51:06.4988393-04:00" endTime="2018-07-17T13:51:06.4988458-04:00" testType="13cdc9d9-ddb5-4fa4-a97d-d965ccfc6d4b" outcome="Passed" testListId="8c84fa94-04c1-424b-9868-57a2d4851a1d" relativeResultsDirectory="43fbd854-7dc5-42f0-b375-de7ddd23b754" /><UnitTestResult executionId="3e738ad9-3a0b-4ee8-a93c-41380eccbf52" testId="ff32e36c-5c3b-4a88-a24d-f19a67593488" testName="LucyModel3dHasTwoDependents" computerName="LAMBDA" duration="00:00:00.3790000" startTime="2018-07-17T13:51:05.4045501-04:00" endTime="2018-07-17T13:51:05.4045539-04:00" testType="13cdc9d9-ddb5-4fa4-a97d-d965ccfc6d4b" outcome="Passed" testListId="8c84fa94-04c1-424b-9868-57a2d4851a1d" relativeResultsDirectory="3e738ad9-3a0b-4ee8-a93c-41380eccbf52" /><UnitTestResult executionId="4eb32591-1b05-4f61-99c5-d60e4eb5ff22" testId="57d82349-8104-4f6c-8c9d-8a15884be76b" testName="Patch_InvalidReferencePropertyReturnsBadRequest" computerName="LAMBDA" duration="00:00:00.0480000" startTime="2018-07-17T13:51:10.4532569-04:00" endTime="2018-07-17T13:51:10.4532650-04:00" testType="13cdc9d9-ddb5-4fa4-a97d-d965ccfc6d4b" outcome="Passed" testListId="8c84fa94-04c1-424b-9868-57a2d4851a1d" relativeResultsDirectory="4eb32591-1b05-4f61-99c5-d60e4eb5ff22" /><UnitTestResult executionId="2dbe5899-174c-4d37-9a78-f02dae8398b7" testId="161acfd6-c729-4fa6-8d44-b0ac834ca2e2" testName="Put_ValidReferencePropertyUpdatesModel" computerName="LAMBDA" duration="00:00:00.2970000" startTime="2018-07-17T13:51:09.7400000-04:00" endTime="2018-07-17T13:51:09.7400145-04:00" testType="13cdc9d9-ddb5-4fa4-a97d-d965ccfc6d4b" outcome="Passed" testListId="8c84fa94-04c1-424b-9868-57a2d4851a1d" relativeResultsDirectory="2dbe5899-174c-4d37-9a78-f02dae8398b7" /><UnitTestResult executionId="21603710-05b2-409b-aa33-40cf0e1dcc18" testId="b1963f6a-e342-4c64-9e3c-9d0f522fbecb" testName="Put_InvalidReferencePropertyReturndBadRequest" computerName="LAMBDA" duration="00:00:00.0450000" startTime="2018-07-17T13:51:10.7272063-04:00" endTime="2018-07-17T13:51:10.7272144-04:00" testType="13cdc9d9-ddb5-4fa4-a97d-d965ccfc6d4b" outcome="Passed" testListId="8c84fa94-04c1-424b-9868-57a2d4851a1d" relativeResultsDirectory="21603710-05b2-409b-aa33-40cf0e1dcc18" /><UnitTestResult executionId="f79a3cc7-20c6-498f-a424-f5cc99cf2923" testId="060efa31-7caa-4632-94d6-6d3cc87a06d0" testName="Post_InvalidReferencePropertyReturnsBadRequest" computerName="LAMBDA" duration="00:00:00.0660000" startTime="2018-07-17T13:51:07.7933361-04:00" endTime="2018-07-17T13:51:07.7933403-04:00" testType="13cdc9d9-ddb5-4fa4-a97d-d965ccfc6d4b" outcome="Passed" testListId="8c84fa94-04c1-424b-9868-57a2d4851a1d" relativeResultsDirectory="f79a3cc7-20c6-498f-a424-f5cc99cf2923" /><UnitTestResult executionId="7a988315-0b58-4d15-83d6-ce7755a11d12" testId="2ae9865a-c106-499d-8a40-22e6570fc8e6" testName="PutFile_FileCanBeUpdated" computerName="LAMBDA" duration="00:00:00.5720000" startTime="2018-07-17T13:51:40.7031571-04:00" endTime="2018-07-17T13:51:40.7031716-04:00" testType="13cdc9d9-ddb5-4fa4-a97d-d965ccfc6d4b" outcome="Passed" testListId="8c84fa94-04c1-424b-9868-57a2d4851a1d" relativeResultsDirectory="7a988315-0b58-4d15-83d6-ce7755a11d12" /><UnitTestResult executionId="03277a0e-b8c1-48c5-b180-122b9c304048" testId="29e587cb-de4d-443f-8e99-bcb0a80ae443" testName="Delete_TargetModelIsDeleted" computerName="LAMBDA" duration="00:00:00.2270000" startTime="2018-07-17T13:51:10.6814032-04:00" endTime="2018-07-17T13:51:10.6814173-04:00" testType="13cdc9d9-ddb5-4fa4-a97d-d965ccfc6d4b" outcome="Passed" testListId="8c84fa94-04c1-424b-9868-57a2d4851a1d" relativeResultsDirectory="03277a0e-b8c1-48c5-b180-122b9c304048" /><UnitTestResult executionId="abff86ed-c669-4165-81dd-0c78e52262a9" testId="caaf5740-09ad-4a2c-b53e-958df9a26a4b" testName="Put_ValidReferencePropertyUpdatesModel" computerName="LAMBDA" duration="00:00:00.3310000" startTime="2018-07-17T13:51:19.2158139-04:00" endTime="2018-07-17T13:51:19.2158259-04:00" testType="13cdc9d9-ddb5-4fa4-a97d-d965ccfc6d4b" outcome="Passed" testListId="8c84fa94-04c1-424b-9868-57a2d4851a1d" relativeResultsDirectory="abff86ed-c669-4165-81dd-0c78e52262a9" /><UnitTestResult executionId="2940172b-f412-4d29-bc0d-e188a8fd1474" testId="c97a35b4-cbc2-4856-8834-1a4321dbb953" testName="GetSingle_InvalidIdPropertyValueReturnsNotFound" computerName="LAMBDA" duration="00:00:00.0320000" startTime="2018-07-17T13:51:37.7258001-04:00" endTime="2018-07-17T13:51:37.7258154-04:00" testType="13cdc9d9-ddb5-4fa4-a97d-d965ccfc6d4b" outcome="Passed" testListId="8c84fa94-04c1-424b-9868-57a2d4851a1d" relativeResultsDirectory="2940172b-f412-4d29-bc0d-e188a8fd1474" /><UnitTestResult executionId="864c4817-42b0-4a5d-83c1-742274a80c9b" testId="44dbeb6e-6fa5-49f2-80d8-56edbc197c9b" testName="GetList_ListReturnsCorrectCount" computerName="LAMBDA" duration="00:00:00.5190000" startTime="2018-07-17T13:51:16.3505524-04:00" endTime="2018-07-17T13:51:16.3505571-04:00" testType="13cdc9d9-ddb5-4fa4-a97d-d965ccfc6d4b" outcome="Passed" testListId="8c84fa94-04c1-424b-9868-57a2d4851a1d" relativeResultsDirectory="864c4817-42b0-4a5d-83c1-742274a80c9b" /><UnitTestResult executionId="529bcb03-6cff-46a0-8172-5f66c5c4dacb" testId="a55fdb1c-65fd-4fba-9e7c-e9172a11f23e" testName="Put_InvalidIdReturnsNotFound" computerName="LAMBDA" duration="00:00:00.1620000" startTime="2018-07-17T13:51:13.4711205-04:00" endTime="2018-07-17T13:51:13.4711265-04:00" testType="13cdc9d9-ddb5-4fa4-a97d-d965ccfc6d4b" outcome="Passed" testListId="8c84fa94-04c1-424b-9868-57a2d4851a1d" relativeResultsDirectory="529bcb03-6cff-46a0-8172-5f66c5c4dacb" /><UnitTestResult executionId="3832d203-5aef-4971-8617-7b38a2543b2c" testId="39449b81-1d2d-4406-9678-092cdfd182c3" testName="GetSingle_InvalidIdPropertyValueReturnsNotFound" computerName="LAMBDA" duration="00:00:00.0270000" startTime="2018-07-17T13:51:15.7903421-04:00" endTime="2018-07-17T13:51:15.7903575-04:00" testType="13cdc9d9-ddb5-4fa4-a97d-d965ccfc6d4b" outcome="Passed" testListId="8c84fa94-04c1-424b-9868-57a2d4851a1d" relativeResultsDirectory="3832d203-5aef-4971-8617-7b38a2543b2c" /><UnitTestResult executionId="44c180e1-ef55-4acd-82c0-89bb5422bd17" testId="79937282-763a-423e-a3eb-b000d4a9a01e" testName="Put_InvalidReferencePropertyReturndBadRequest" computerName="LAMBDA" duration="00:00:00.0530000" startTime="2018-07-17T13:51:45.0187428-04:00" endTime="2018-07-17T13:51:45.0187509-04:00" testType="13cdc9d9-ddb5-4fa4-a97d-d965ccfc6d4b" outcome="Passed" testListId="8c84fa94-04c1-424b-9868-57a2d4851a1d" relativeResultsDirectory="44c180e1-ef55-4acd-82c0-89bb5422bd17" /><UnitTestResult executionId="5232f108-7d35-409e-a812-c9e940cd4f58" testId="3b274b6e-40be-4638-abd1-0a2314bdc1fc" testName="PostFile_FileIsSynchronizedIsUpdatedAfterFileIsPosted" computerName="LAMBDA" duration="00:00:00.4060000" startTime="2018-07-17T13:51:43.4679088-04:00" endTime="2018-07-17T13:51:43.4679169-04:00" testType="13cdc9d9-ddb5-4fa4-a97d-d965ccfc6d4b" outcome="Passed" testListId="8c84fa94-04c1-424b-9868-57a2d4851a1d" relativeResultsDirectory="5232f108-7d35-409e-a812-c9e940cd4f58" /><UnitTestResult executionId="2dba060c-5aae-437d-88e8-731c16bb96c1" testId="8d8cefc6-a0be-4c38-934c-541545d49a75" testName="GetFile_NonExistentFileReturnsNotFound" computerName="LAMBDA" duration="00:00:00.0260000" startTime="2018-07-17T13:51:42.7008948-04:00" endTime="2018-07-17T13:51:42.7009097-04:00" testType="13cdc9d9-ddb5-4fa4-a97d-d965ccfc6d4b" outcome="Passed" testListId="8c84fa94-04c1-424b-9868-57a2d4851a1d" relativeResultsDirectory="2dba060c-5aae-437d-88e8-731c16bb96c1" /><UnitTestResult executionId="434c24fa-6072-4b3a-9cec-7e1357b96e9f" testId="18715b46-8571-4f27-8639-58dab3275085" testName="Patch_MultipleInvalidReferencePropertiesReturnsMultipleValidationErrorsAndBadRequest" computerName="LAMBDA" duration="00:00:00.0020000" startTime="2018-07-17T13:51:07.7071094-04:00" endTime="2018-07-17T13:51:07.7071137-04:00" testType="13cdc9d9-ddb5-4fa4-a97d-d965ccfc6d4b" outcome="Passed" testListId="8c84fa94-04c1-424b-9868-57a2d4851a1d" relativeResultsDirectory="434c24fa-6072-4b3a-9cec-7e1357b96e9f" /><UnitTestResult executionId="9e7e923f-e443-4acc-8090-dee9eb6517a7" testId="716f8098-8c23-48b5-ae06-14431c050f25" testName="Patch_InvalidPropertyNameReturnsBadRequest" computerName="LAMBDA" duration="00:00:00.0100000" startTime="2018-07-17T13:51:19.9037098-04:00" endTime="2018-07-17T13:51:19.9037205-04:00" testType="13cdc9d9-ddb5-4fa4-a97d-d965ccfc6d4b" outcome="Passed" testListId="8c84fa94-04c1-424b-9868-57a2d4851a1d" relativeResultsDirectory="9e7e923f-e443-4acc-8090-dee9eb6517a7" /><UnitTestResult executionId="10b42323-f2a8-4ff7-a444-3f6936ee749e" testId="9b7805f7-7419-48a7-b10f-138db3b25984" testName="GetList_ListReturnsCorrectCount" computerName="LAMBDA" duration="00:00:00.1340000" startTime="2018-07-17T13:51:07.7050742-04:00" endTime="2018-07-17T13:51:07.7050879-04:00" testType="13cdc9d9-ddb5-4fa4-a97d-d965ccfc6d4b" outcome="Passed" testListId="8c84fa94-04c1-424b-9868-57a2d4851a1d" relativeResultsDirectory="10b42323-f2a8-4ff7-a444-3f6936ee749e" /><UnitTestResult executionId="f4097f3e-a924-44f6-b892-699e267d9c90" testId="7cafca64-8752-4876-8a45-566ab647186c" testName="Put_InvalidIdReturnsNotFound" computerName="LAMBDA" duration="00:00:00.0540000" startTime="2018-07-17T13:51:09.0563083-04:00" endTime="2018-07-17T13:51:09.0563130-04:00" testType="13cdc9d9-ddb5-4fa4-a97d-d965ccfc6d4b" outcome="Passed" testListId="8c84fa94-04c1-424b-9868-57a2d4851a1d" relativeResultsDirectory="f4097f3e-a924-44f6-b892-699e267d9c90" /><UnitTestResult executionId="fb8c69ab-c150-4721-9cc5-95858e516d78" testId="efa30bca-abbf-4c22-964f-fc519f6ee787" testName="Patch_InvalidPropertyNameReturnsBadRequest" computerName="LAMBDA" duration="00:00:00.0150000" startTime="2018-07-17T13:51:13.4867679-04:00" endTime="2018-07-17T13:51:13.4867726-04:00" testType="13cdc9d9-ddb5-4fa4-a97d-d965ccfc6d4b" outcome="Passed" testListId="8c84fa94-04c1-424b-9868-57a2d4851a1d" relativeResultsDirectory="fb8c69ab-c150-4721-9cc5-95858e516d78" /><UnitTestResult executionId="753eca8a-796f-471b-ba57-fa5d6d57fb8f" testId="3a3d14b3-e3ee-48a6-a0b7-708951e4bb11" testName="Patch_InvalidPropertyNameReturnsBadRequest" computerName="LAMBDA" duration="00:00:00.0060000" startTime="2018-07-17T13:51:35.7507482-04:00" endTime="2018-07-17T13:51:35.7507537-04:00" testType="13cdc9d9-ddb5-4fa4-a97d-d965ccfc6d4b" outcome="Passed" testListId="8c84fa94-04c1-424b-9868-57a2d4851a1d" relativeResultsDirectory="753eca8a-796f-471b-ba57-fa5d6d57fb8f" /><UnitTestResult executionId="30dceccc-da31-488f-b185-1b03a5afe314" testId="079de23c-3843-4a64-b6b4-526e043cd576" testName="PostFile_FileIsSynchronizedIsUpdatedAfterFileIsPosted" computerName="LAMBDA" duration="00:00:00.0020000" startTime="2018-07-17T13:51:13.3066961-04:00" endTime="2018-07-17T13:51:13.3067046-04:00" testType="13cdc9d9-ddb5-4fa4-a97d-d965ccfc6d4b" outcome="Passed" testListId="8c84fa94-04c1-424b-9868-57a2d4851a1d" relativeResultsDirectory="30dceccc-da31-488f-b185-1b03a5afe314" /><UnitTestResult executionId="391521d1-9ca4-47d1-a207-a6329e594a15" testId="47069da1-a5e6-4bec-9d57-2bf6c868a0fe" testName="GetFile_FileCanBeRoundTripped" computerName="LAMBDA" duration="00:00:00.3830000" startTime="2018-07-17T13:51:44.2524395-04:00" endTime="2018-07-17T13:51:44.2524450-04:00" testType="13cdc9d9-ddb5-4fa4-a97d-d965ccfc6d4b" outcome="Passed" testListId="8c84fa94-04c1-424b-9868-57a2d4851a1d" relativeResultsDirectory="391521d1-9ca4-47d1-a207-a6329e594a15" /><UnitTestResult executionId="c4d3f4de-f6f7-46a3-8bc9-8a58fee6535e" testId="f4f540b2-271c-468c-b9a1-5be39cec21de" testName="PutFile_NewFileCanBePut" computerName="LAMBDA" duration="00:00:00.3590000" startTime="2018-07-17T13:51:43.0610057-04:00" endTime="2018-07-17T13:51:43.0610181-04:00" testType="13cdc9d9-ddb5-4fa4-a97d-d965ccfc6d4b" outcome="Passed" testListId="8c84fa94-04c1-424b-9868-57a2d4851a1d" relativeResultsDirectory="c4d3f4de-f6f7-46a3-8bc9-8a58fee6535e" /><UnitTestResult executionId="f1df1a0a-4e57-49c8-a0f3-e9366ac22f9a" testId="c16aa5bd-a893-41e1-8576-fbf15e452148" testName="Patch_InvalidEnumPropertyValueReturnsBadRequest" computerName="LAMBDA" duration="00:00:00.0280000" startTime="2018-07-17T13:51:19.2450339-04:00" endTime="2018-07-17T13:51:19.2450493-04:00" testType="13cdc9d9-ddb5-4fa4-a97d-d965ccfc6d4b" outcome="Passed" testListId="8c84fa94-04c1-424b-9868-57a2d4851a1d" relativeResultsDirectory="f1df1a0a-4e57-49c8-a0f3-e9366ac22f9a" /><UnitTestResult executionId="75aea459-645a-4702-b1e8-80d1fb7e7593" testId="de6514e3-c2e7-42b4-9058-1089b8eb4895" testName="Post_InvalidReferencePropertyReturnsBadRequest" computerName="LAMBDA" duration="00:00:00.0020000" startTime="2018-07-17T13:51:05.9109568-04:00" endTime="2018-07-17T13:51:05.9109585-04:00" testType="13cdc9d9-ddb5-4fa4-a97d-d965ccfc6d4b" outcome="Passed" testListId="8c84fa94-04c1-424b-9868-57a2d4851a1d" relativeResultsDirectory="75aea459-645a-4702-b1e8-80d1fb7e7593" /><UnitTestResult executionId="056780e9-fe17-45bf-a0ff-cd61030904da" testId="1cf32b0e-f078-42ee-9a23-d18d3bf6772d" testName="Put_InvalidIdReturnsNotFound" computerName="LAMBDA" duration="00:00:00.0130000" startTime="2018-07-17T13:51:37.2908719-04:00" endTime="2018-07-17T13:51:37.2908771-04:00" testType="13cdc9d9-ddb5-4fa4-a97d-d965ccfc6d4b" outcome="Passed" testListId="8c84fa94-04c1-424b-9868-57a2d4851a1d" relativeResultsDirectory="056780e9-fe17-45bf-a0ff-cd61030904da" /><UnitTestResult executionId="92dbcaeb-c937-479b-a00a-5b90b54841c0" testId="b483ec02-9adc-41e4-b6db-af0323f48226" testName="Post_CanCreateNewModel" computerName="LAMBDA" duration="00:00:00.1920000" startTime="2018-07-17T13:51:36.3416371-04:00" endTime="2018-07-17T13:51:36.3416546-04:00" testType="13cdc9d9-ddb5-4fa4-a97d-d965ccfc6d4b" outcome="Passed" testListId="8c84fa94-04c1-424b-9868-57a2d4851a1d" relativeResultsDirectory="92dbcaeb-c937-479b-a00a-5b90b54841c0" /><UnitTestResult executionId="9dfb6c08-cf09-47bb-9699-a61eb002c468" testId="301bce48-bab3-4ea8-be30-ade9c8c869d9" testName="Put_InvalidIdReturnsNotFound" computerName="LAMBDA" duration="00:00:00.0170000" startTime="2018-07-17T13:51:44.4918374-04:00" endTime="2018-07-17T13:51:44.4918442-04:00" testType="13cdc9d9-ddb5-4fa4-a97d-d965ccfc6d4b" outcome="Passed" testListId="8c84fa94-04c1-424b-9868-57a2d4851a1d" relativeResultsDirectory="9dfb6c08-cf09-47bb-9699-a61eb002c468" /><UnitTestResult executionId="72d2a1c3-e04e-4997-ab6f-e75dbac7f9ae" testId="86a9ea9e-778b-4d5e-991c-aedbe85ef823" testName="Post_InvalidPropertyValueReturnsBadRequest" computerName="LAMBDA" duration="00:00:00.0030000" startTime="2018-07-17T13:51:20.4350320-04:00" endTime="2018-07-17T13:51:20.4350388-04:00" testType="13cdc9d9-ddb5-4fa4-a97d-d965ccfc6d4b" outcome="Passed" testListId="8c84fa94-04c1-424b-9868-57a2d4851a1d" relativeResultsDirectory="72d2a1c3-e04e-4997-ab6f-e75dbac7f9ae" /><UnitTestResult executionId="21c5be19-0b60-49a5-9f00-9a1f8d15e8dd" testId="36b7c20f-92f2-4ea5-a09c-ddcc569c88fe" testName="Patch_MultipleInvalidReferencePropertiesReturnsMultipleValidationErrorsAndBadRequest" computerName="LAMBDA" duration="00:00:00.0680000" startTime="2018-07-17T13:51:10.0521490-04:00" endTime="2018-07-17T13:51:10.0521550-04:00" testType="13cdc9d9-ddb5-4fa4-a97d-d965ccfc6d4b" outcome="Passed" testListId="8c84fa94-04c1-424b-9868-57a2d4851a1d" relativeResultsDirectory="21c5be19-0b60-49a5-9f00-9a1f8d15e8dd" /><UnitTestResult executionId="b826c978-339c-4ff6-a536-bfab14114042" testId="d8d3cb07-dbcd-49f7-80b8-6ef6785c6e8d" testName="GetFile_FileCanBeRoundTripped" computerName="LAMBDA" duration="00:00:00.4520000" startTime="2018-07-17T13:51:13.2716669-04:00" endTime="2018-07-17T13:51:13.2716793-04:00" testType="13cdc9d9-ddb5-4fa4-a97d-d965ccfc6d4b" outcome="Passed" testListId="8c84fa94-04c1-424b-9868-57a2d4851a1d" relativeResultsDirectory="b826c978-339c-4ff6-a536-bfab14114042" /><UnitTestResult executionId="03a013a4-7f92-4252-aab4-b3544cc2bbd1" testId="5705fbc9-984a-43d8-a92f-dbd8948c48e2" testName="GetFile_ExistingFileReturnsSuccess" computerName="LAMBDA" duration="00:00:00.0390000" startTime="2018-07-17T13:51:24.7937933-04:00" endTime="2018-07-17T13:51:24.7938006-04:00" testType="13cdc9d9-ddb5-4fa4-a97d-d965ccfc6d4b" outcome="Passed" testListId="8c84fa94-04c1-424b-9868-57a2d4851a1d" relativeResultsDirectory="03a013a4-7f92-4252-aab4-b3544cc2bbd1" /><UnitTestResult executionId="02729aeb-407a-4a27-92e1-5e4471a6fd18" testId="1ee1ddd3-84a0-4f2a-927a-13fbaa878bc9" testName="Patch_ValidReferencePropertyUpdatesModel" computerName="LAMBDA" duration="00:00:00.3610000" startTime="2018-07-17T13:51:15.0867813-04:00" endTime="2018-07-17T13:51:15.0867963-04:00" testType="13cdc9d9-ddb5-4fa4-a97d-d965ccfc6d4b" outcome="Passed" testListId="8c84fa94-04c1-424b-9868-57a2d4851a1d" relativeResultsDirectory="02729aeb-407a-4a27-92e1-5e4471a6fd18" /><UnitTestResult executionId="2a70a174-007d-4bea-b97c-569c324a271c" testId="f1c4cd3b-9f8c-44cb-ae65-b4b9a7a64249" testName="Put_InvalidReferencePropertyReturndBadRequest" computerName="LAMBDA" duration="00:00:00.0330000" startTime="2018-07-17T13:51:20.4319136-04:00" endTime="2018-07-17T13:51:20.4319179-04:00" testType="13cdc9d9-ddb5-4fa4-a97d-d965ccfc6d4b" outcome="Passed" testListId="8c84fa94-04c1-424b-9868-57a2d4851a1d" relativeResultsDirectory="2a70a174-007d-4bea-b97c-569c324a271c" /><UnitTestResult executionId="0f2eebef-6fe6-4fb8-9bd9-1d231a90800d" testId="5f5ae505-673c-4177-a5e9-7b6dc9e3a4d0" testName="PutFile_NewFileCanBePut" computerName="LAMBDA" duration="00:00:00.3610000" startTime="2018-07-17T13:51:20.8102725-04:00" endTime="2018-07-17T13:51:20.8102879-04:00" testType="13cdc9d9-ddb5-4fa4-a97d-d965ccfc6d4b" outcome="Passed" testListId="8c84fa94-04c1-424b-9868-57a2d4851a1d" relativeResultsDirectory="0f2eebef-6fe6-4fb8-9bd9-1d231a90800d" /><UnitTestResult executionId="12faa33d-83a4-40c5-ae09-e883667133eb" testId="7d53b9fc-5b7f-45d7-bbb5-35f3b285eef4" testName="Post_InvalidPropertyValueReturnsBadRequest" computerName="LAMBDA" duration="00:00:00.0050000" startTime="2018-07-17T13:51:09.0678131-04:00" endTime="2018-07-17T13:51:09.0678187-04:00" testType="13cdc9d9-ddb5-4fa4-a97d-d965ccfc6d4b" outcome="Passed" testListId="8c84fa94-04c1-424b-9868-57a2d4851a1d" relativeResultsDirectory="12faa33d-83a4-40c5-ae09-e883667133eb" /><UnitTestResult executionId="205023cb-37de-4396-b60e-ebab290e7655" testId="27a3c67e-dee9-4796-b6cb-6cc9d4ca5026" testName="CameraHasExpectedDependentFiles" computerName="LAMBDA" duration="00:00:00.0010000" startTime="2018-07-17T13:51:05.4136463-04:00" endTime="2018-07-17T13:51:05.4136489-04:00" testType="13cdc9d9-ddb5-4fa4-a97d-d965ccfc6d4b" outcome="Passed" testListId="8c84fa94-04c1-424b-9868-57a2d4851a1d" relativeResultsDirectory="205023cb-37de-4396-b60e-ebab290e7655" /><UnitTestResult executionId="5dda41f4-ad68-463b-bd6e-8ded9fed54f1" testId="398dffb4-a2ab-4c74-8d23-a86de9167a40" testName="Put_ValidReferencePropertyUpdatesModel" computerName="LAMBDA" duration="00:00:00.2740000" startTime="2018-07-17T13:51:45.9386500-04:00" endTime="2018-07-17T13:51:45.9386645-04:00" testType="13cdc9d9-ddb5-4fa4-a97d-d965ccfc6d4b" outcome="Passed" testListId="8c84fa94-04c1-424b-9868-57a2d4851a1d" relativeResultsDirectory="5dda41f4-ad68-463b-bd6e-8ded9fed54f1" /><UnitTestResult executionId="14136e2b-42f7-4a3f-bb1b-13261a0d0166" testId="4133041f-86d0-4a8a-a933-7fd06f4ddcf4" testName="Put_CanUpdateModel" computerName="LAMBDA" duration="00:00:00.2500000" startTime="2018-07-17T13:51:44.9642665-04:00" endTime="2018-07-17T13:51:44.9642814-04:00" testType="13cdc9d9-ddb5-4fa4-a97d-d965ccfc6d4b" outcome="Passed" testListId="8c84fa94-04c1-424b-9868-57a2d4851a1d" relativeResultsDirectory="14136e2b-42f7-4a3f-bb1b-13261a0d0166" /><UnitTestResult executionId="0da78b19-c3c8-401d-895f-023d7acdc901" testId="051d9c17-7548-4158-b474-1409afe33951" testName="FileRequest_MeshGenerateScalesDepthBufferByUnsharpHighFrequencyScale" computerName="LAMBDA" duration="00:00:03.9180000" startTime="2018-07-17T13:51:35.5776855-04:00" endTime="2018-07-17T13:51:35.5777014-04:00" testType="13cdc9d9-ddb5-4fa4-a97d-d965ccfc6d4b" outcome="Passed" testListId="8c84fa94-04c1-424b-9868-57a2d4851a1d" relativeResultsDirectory="0da78b19-c3c8-401d-895f-023d7acdc901" /></Results><TestDefinitions><UnitTest name="Post_InvalidPropertyValueReturnsBadRequest" storage="d:\github\modelrelief\modelrelief.test\bin\debug\netcoreapp2.0\modelrelief.test.dll" id="7c39f75f-fd27-4aae-b1d8-d5e57ca87b05"><Execution id="e0489c2e-6f5b-4966-804e-83407c92164c" /><TestMethod codeBase="d:\Github\ModelRelief\ModelRelief.test\bin\Debug\netcoreapp2.0\ModelRelief.Test.dll" adapterTypeName="executor://xunit/VsTestRunner2/netcoreapp" className="ModelRelief.Test.Integration.MeshTransforms.MeshTransformsBaseIntegrationTests" name="Post_InvalidPropertyValueReturnsBadRequest" /></UnitTest><UnitTest name="Put_ValidReferencePropertyUpdatesModel" storage="d:\github\modelrelief\modelrelief.test\bin\debug\netcoreapp2.0\modelrelief.test.dll" id="727b3368-fa87-44c0-a675-cbe599fdb322"><Execution id="ff5e062d-2c4a-4974-bec8-fab817ae75af" /><TestMethod codeBase="d:\Github\ModelRelief\ModelRelief.test\bin\Debug\netcoreapp2.0\ModelRelief.Test.dll" adapterTypeName="executor://xunit/VsTestRunner2/netcoreapp" className="ModelRelief.Test.Integration.DepthBuffers.DepthBuffersBaseIntegrationTests" name="Put_ValidReferencePropertyUpdatesModel" /></UnitTest><UnitTest name="Patch_InvalidPropertyNameReturnsBadRequest" storage="d:\github\modelrelief\modelrelief.test\bin\debug\netcoreapp2.0\modelrelief.test.dll" id="b98172e6-27a6-4ac0-bd19-2d6e7c9dd1dd"><Execution id="30a45be7-c429-4af1-a137-44a8b7726ba2" /><TestMethod codeBase="d:\Github\ModelRelief\ModelRelief.test\bin\Debug\netcoreapp2.0\ModelRelief.Test.dll" adapterTypeName="executor://xunit/VsTestRunner2/netcoreapp" className="ModelRelief.Test.Integration.Models.ModelsBaseIntegrationTests" name="Patch_InvalidPropertyNameReturnsBadRequest" /></UnitTest><UnitTest name="Patch_ValidReferencePropertyUpdatesModel" storage="d:\github\modelrelief\modelrelief.test\bin\debug\netcoreapp2.0\modelrelief.test.dll" id="1ee1ddd3-84a0-4f2a-927a-13fbaa878bc9"><Execution id="02729aeb-407a-4a27-92e1-5e4471a6fd18" /><TestMethod codeBase="d:\Github\ModelRelief\ModelRelief.test\bin\Debug\netcoreapp2.0\ModelRelief.Test.dll" adapterTypeName="executor://xunit/VsTestRunner2/netcoreapp" className="ModelRelief.Test.Integration.MeshTransforms.MeshTransformsBaseIntegrationTests" name="Patch_ValidReferencePropertyUpdatesModel" /></UnitTest><UnitTest name="GetFile_ExistingFileReturnsSuccess" storage="d:\github\modelrelief\modelrelief.test\bin\debug\netcoreapp2.0\modelrelief.test.dll" id="5705fbc9-984a-43d8-a92f-dbd8948c48e2"><Execution id="03a013a4-7f92-4252-aab4-b3544cc2bbd1" /><TestMethod codeBase="d:\Github\ModelRelief\ModelRelief.test\bin\Debug\netcoreapp2.0\ModelRelief.Test.dll" adapterTypeName="executor://xunit/VsTestRunner2/netcoreapp" className="ModelRelief.Test.Integration.Meshes.MeshesFileIntegrationTests" name="GetFile_ExistingFileReturnsSuccess" /></UnitTest><UnitTest name="Delete_TargetModelIsDeleted" storage="d:\github\modelrelief\modelrelief.test\bin\debug\netcoreapp2.0\modelrelief.test.dll" id="29e587cb-de4d-443f-8e99-bcb0a80ae443"><Execution id="03277a0e-b8c1-48c5-b180-122b9c304048" /><TestMethod codeBase="d:\Github\ModelRelief\ModelRelief.test\bin\Debug\netcoreapp2.0\ModelRelief.Test.dll" adapterTypeName="executor://xunit/VsTestRunner2/netcoreapp" className="ModelRelief.Test.Integration.Models.ModelsBaseIntegrationTests" name="Delete_TargetModelIsDeleted" /></UnitTest><UnitTest name="Delete_TargetModelIsDeleted" storage="d:\github\modelrelief\modelrelief.test\bin\debug\netcoreapp2.0\modelrelief.test.dll" id="012213bf-f1fd-4530-a6dd-31e99b3b4ecf"><Execution id="a03f0951-f0c4-4dc4-9265-58e911f50ebc" /><TestMethod codeBase="d:\Github\ModelRelief\ModelRelief.test\bin\Debug\netcoreapp2.0\ModelRelief.Test.dll" adapterTypeName="executor://xunit/VsTestRunner2/netcoreapp" className="ModelRelief.Test.Integration.Cameras.CamerasBaseIntegrationTests" name="Delete_TargetModelIsDeleted" /></UnitTest><UnitTest name="Put_InvalidReferencePropertyReturndBadRequest" storage="d:\github\modelrelief\modelrelief.test\bin\debug\netcoreapp2.0\modelrelief.test.dll" id="79937282-763a-423e-a3eb-b000d4a9a01e"><Execution id="44c180e1-ef55-4acd-82c0-89bb5422bd17" /><TestMethod codeBase="d:\Github\ModelRelief\ModelRelief.test\bin\Debug\netcoreapp2.0\ModelRelief.Test.dll" adapterTypeName="executor://xunit/VsTestRunner2/netcoreapp" className="ModelRelief.Test.Integration.Cameras.CamerasBaseIntegrationTests" name="Put_InvalidReferencePropertyReturndBadRequest" /></UnitTest><UnitTest name="Patch_MultipleInvalidReferencePropertiesReturnsMultipleValidationErrorsAndBadRequest" storage="d:\github\modelrelief\modelrelief.test\bin\debug\netcoreapp2.0\modelrelief.test.dll" id="5a0544c6-fced-44ad-884c-0c655838eff0"><Execution id="3835265a-cfde-48f8-9471-75e8a8d6c6c8" /><TestMethod codeBase="d:\Github\ModelRelief\ModelRelief.test\bin\Debug\netcoreapp2.0\ModelRelief.Test.dll" adapterTypeName="executor://xunit/VsTestRunner2/netcoreapp" className="ModelRelief.Test.Integration.Meshes.MeshesBaseIntegrationTests" name="Patch_MultipleInvalidReferencePropertiesReturnsMultipleValidationErrorsAndBadRequest" /></UnitTest><UnitTest name="PostFile_FileTimeStampIsUpdatedAfterFileIsPosted" storage="d:\github\modelrelief\modelrelief.test\bin\debug\netcoreapp2.0\modelrelief.test.dll" id="5a888278-ab93-4ca3-9576-e9edbe94b8f8"><Execution id="4a02510f-8231-4a7d-8d14-c9c9ef229610" /><TestMethod codeBase="d:\Github\ModelRelief\ModelRelief.test\bin\Debug\netcoreapp2.0\ModelRelief.Test.dll" adapterTypeName="executor://xunit/VsTestRunner2/netcoreapp" className="ModelRelief.Test.Integration.DepthBuffers.DepthBuffersFileIntegrationTests" name="PostFile_FileTimeStampIsUpdatedAfterFileIsPosted" /></UnitTest><UnitTest name="Post_InvalidReferencePropertyReturnsBadRequest" storage="d:\github\modelrelief\modelrelief.test\bin\debug\netcoreapp2.0\modelrelief.test.dll" id="d6c3005b-6909-440a-a309-64812380d7b9"><Execution id="0c8e4945-1138-4dc0-8b09-905e6bc01df4" /><TestMethod codeBase="d:\Github\ModelRelief\ModelRelief.test\bin\Debug\netcoreapp2.0\ModelRelief.Test.dll" adapterTypeName="executor://xunit/VsTestRunner2/netcoreapp" className="ModelRelief.Test.Integration.DepthBuffers.DepthBuffersBaseIntegrationTests" name="Post_InvalidReferencePropertyReturnsBadRequest" /></UnitTest><UnitTest name="Post_InvalidPropertyValueReturnsBadRequest" storage="d:\github\modelrelief\modelrelief.test\bin\debug\netcoreapp2.0\modelrelief.test.dll" id="09d30faa-5add-432d-b01c-da962197f07e"><Execution id="344dda29-57dc-4a1a-8c5b-21c6e0f600a5" /><TestMethod codeBase="d:\Github\ModelRelief\ModelRelief.test\bin\Debug\netcoreapp2.0\ModelRelief.Test.dll" adapterTypeName="executor://xunit/VsTestRunner2/netcoreapp" className="ModelRelief.Test.Integration.DepthBuffers.DepthBuffersBaseIntegrationTests" name="Post_InvalidPropertyValueReturnsBadRequest" /></UnitTest><UnitTest name="Patch_MultipleInvalidReferencePropertiesReturnsMultipleValidationErrorsAndBadRequest" storage="d:\github\modelrelief\modelrelief.test\bin\debug\netcoreapp2.0\modelrelief.test.dll" id="165b60fd-03bf-4278-8c95-fb3d4022cd03"><Execution id="1d07349d-59ab-4070-8daf-7bc2b7d3170b" /><TestMethod codeBase="d:\Github\ModelRelief\ModelRelief.test\bin\Debug\netcoreapp2.0\ModelRelief.Test.dll" adapterTypeName="executor://xunit/VsTestRunner2/netcoreapp" className="ModelRelief.Test.Integration.Cameras.CamerasBaseIntegrationTests" name="Patch_MultipleInvalidReferencePropertiesReturnsMultipleValidationErrorsAndBadRequest" /></UnitTest><UnitTest name="Put_InvalidIdReturnsNotFound" storage="d:\github\modelrelief\modelrelief.test\bin\debug\netcoreapp2.0\modelrelief.test.dll" id="1cf32b0e-f078-42ee-9a23-d18d3bf6772d"><Execution id="056780e9-fe17-45bf-a0ff-cd61030904da" /><TestMethod codeBase="d:\Github\ModelRelief\ModelRelief.test\bin\Debug\netcoreapp2.0\ModelRelief.Test.dll" adapterTypeName="executor://xunit/VsTestRunner2/netcoreapp" className="ModelRelief.Test.Integration.DepthBuffers.DepthBuffersBaseIntegrationTests" name="Put_InvalidIdReturnsNotFound" /></UnitTest><UnitTest name="GetSingle_ValidIdPropertyValueReturnsCorrectModel" storage="d:\github\modelrelief\modelrelief.test\bin\debug\netcoreapp2.0\modelrelief.test.dll" id="b4898b29-5806-4810-9554-17ffb4a4cae6"><Execution id="eb86ea77-a24b-4676-9aaa-55b7e1c370b2" /><TestMethod codeBase="d:\Github\ModelRelief\ModelRelief.test\bin\Debug\netcoreapp2.0\ModelRelief.Test.dll" adapterTypeName="executor://xunit/VsTestRunner2/netcoreapp" className="ModelRelief.Test.Integration.Cameras.CamerasBaseIntegrationTests" name="GetSingle_ValidIdPropertyValueReturnsCorrectModel" /></UnitTest><UnitTest name="GetSingle_ValidIdPropertyValueReturnsCorrectModel" storage="d:\github\modelrelief\modelrelief.test\bin\debug\netcoreapp2.0\modelrelief.test.dll" id="a1ec88eb-d90d-48ed-a222-ec23a9defa32"><Execution id="75234b7c-e297-4712-a255-277c5455dbbd" /><TestMethod codeBase="d:\Github\ModelRelief\ModelRelief.test\bin\Debug\netcoreapp2.0\ModelRelief.Test.dll" adapterTypeName="executor://xunit/VsTestRunner2/netcoreapp" className="ModelRelief.Test.Integration.Models.ModelsBaseIntegrationTests" name="GetSingle_ValidIdPropertyValueReturnsCorrectModel" /></UnitTest><UnitTest name="GetSingle_InvalidIdPropertyValueReturnsNotFound" storage="d:\github\modelrelief\modelrelief.test\bin\debug\netcoreapp2.0\modelrelief.test.dll" id="6651efec-5fcd-4002-b538-996c7d28b899"><Execution id="4522c146-8c91-45b6-815d-4af2268b6a18" /><TestMethod codeBase="d:\Github\ModelRelief\ModelRelief.test\bin\Debug\netcoreapp2.0\ModelRelief.Test.dll" adapterTypeName="executor://xunit/VsTestRunner2/netcoreapp" className="ModelRelief.Test.Integration.Models.ModelsBaseIntegrationTests" name="GetSingle_InvalidIdPropertyValueReturnsNotFound" /></UnitTest><UnitTest name="Delete_TargetModelIsDeleted" storage="d:\github\modelrelief\modelrelief.test\bin\debug\netcoreapp2.0\modelrelief.test.dll" id="9f637013-10ed-4d0a-b614-0de4d70ba341"><Execution id="6d37024b-8e0a-4f7a-80f9-d9fe09652776" /><TestMethod codeBase="d:\Github\ModelRelief\ModelRelief.test\bin\Debug\netcoreapp2.0\ModelRelief.Test.dll" adapterTypeName="executor://xunit/VsTestRunner2/netcoreapp" className="ModelRelief.Test.Integration.Meshes.MeshesBaseIntegrationTests" name="Delete_TargetModelIsDeleted" /></UnitTest><UnitTest name="GetList_ListReturnsCorrectCount" storage="d:\github\modelrelief\modelrelief.test\bin\debug\netcoreapp2.0\modelrelief.test.dll" id="9b7805f7-7419-48a7-b10f-138db3b25984"><Execution id="10b42323-f2a8-4ff7-a444-3f6936ee749e" /><TestMethod codeBase="d:\Github\ModelRelief\ModelRelief.test\bin\Debug\netcoreapp2.0\ModelRelief.Test.dll" adapterTypeName="executor://xunit/VsTestRunner2/netcoreapp" className="ModelRelief.Test.Integration.Projects.ProjectsBaseIntegrationTests" name="GetList_ListReturnsCorrectCount" /></UnitTest><UnitTest name="Post_CanCreateNewModel" storage="d:\github\modelrelief\modelrelief.test\bin\debug\netcoreapp2.0\modelrelief.test.dll" id="55512aab-db57-466c-98ee-bef2211feb70"><Execution id="e5cc5365-441f-49cf-a1d6-c57f598fd08a" /><TestMethod codeBase="d:\Github\ModelRelief\ModelRelief.test\bin\Debug\netcoreapp2.0\ModelRelief.Test.dll" adapterTypeName="executor://xunit/VsTestRunner2/netcoreapp" className="ModelRelief.Test.Integration.Cameras.CamerasBaseIntegrationTests" name="Post_CanCreateNewModel" /></UnitTest><UnitTest name="Patch_InvalidReferencePropertyReturnsBadRequest" storage="d:\github\modelrelief\modelrelief.test\bin\debug\netcoreapp2.0\modelrelief.test.dll" id="bf4d401f-70a9-47ac-bfa6-b6bfda663962"><Execution id="a864494e-f2af-484b-99bb-4699c5c6e1d4" /><TestMethod codeBase="d:\Github\ModelRelief\ModelRelief.test\bin\Debug\netcoreapp2.0\ModelRelief.Test.dll" adapterTypeName="executor://xunit/VsTestRunner2/netcoreapp" className="ModelRelief.Test.Integration.MeshTransforms.MeshTransformsBaseIntegrationTests" name="Patch_InvalidReferencePropertyReturnsBadRequest" /></UnitTest><UnitTest name="Post_ValidReferencePropertyCreatesModel" storage="d:\github\modelrelief\modelrelief.test\bin\debug\netcoreapp2.0\modelrelief.test.dll" id="91d92055-f31c-438a-abb9-de98dbd9a4f8"><Execution id="0587b263-9103-4ff4-a7f2-57af3bc3327e" /><TestMethod codeBase="d:\Github\ModelRelief\ModelRelief.test\bin\Debug\netcoreapp2.0\ModelRelief.Test.dll" adapterTypeName="executor://xunit/VsTestRunner2/netcoreapp" className="ModelRelief.Test.Integration.Projects.ProjectsBaseIntegrationTests" name="Post_ValidReferencePropertyCreatesModel" /></UnitTest><UnitTest name="Patch_TargetPropertyIsUpdated" storage="d:\github\modelrelief\modelrelief.test\bin\debug\netcoreapp2.0\modelrelief.test.dll" id="ddaacd01-9513-4f90-a408-1a733aa34649"><Execution id="0bb49252-0bfb-473d-a25e-5f560fadf60d" /><TestMethod codeBase="d:\Github\ModelRelief\ModelRelief.test\bin\Debug\netcoreapp2.0\ModelRelief.Test.dll" adapterTypeName="executor://xunit/VsTestRunner2/netcoreapp" className="ModelRelief.Test.Integration.Projects.ProjectsBaseIntegrationTests" name="Patch_TargetPropertyIsUpdated" /></UnitTest><UnitTest name="Delete_TargetModelIsDeleted" storage="d:\github\modelrelief\modelrelief.test\bin\debug\netcoreapp2.0\modelrelief.test.dll" id="b0db15b5-2c78-45ef-aa04-36dad9d33f6c"><Execution id="dd1d03ac-2fa6-44d9-90a0-35e4d959bccf" /><TestMethod codeBase="d:\Github\ModelRelief\ModelRelief.test\bin\Debug\netcoreapp2.0\ModelRelief.Test.dll" adapterTypeName="executor://xunit/VsTestRunner2/netcoreapp" className="ModelRelief.Test.Integration.MeshTransforms.MeshTransformsBaseIntegrationTests" name="Delete_TargetModelIsDeleted" /></UnitTest><UnitTest name="GetSingle_ValidIdPropertyValueReturnsCorrectModel" storage="d:\github\modelrelief\modelrelief.test\bin\debug\netcoreapp2.0\modelrelief.test.dll" id="67c76f75-6078-418a-805c-8b6483acdecd"><Execution id="9404477b-8cd6-4c28-8fc6-4b7ff7be096e" /><TestMethod codeBase="d:\Github\ModelRelief\ModelRelief.test\bin\Debug\netcoreapp2.0\ModelRelief.Test.dll" adapterTypeName="executor://xunit/VsTestRunner2/netcoreapp" className="ModelRelief.Test.Integration.DepthBuffers.DepthBuffersBaseIntegrationTests" name="GetSingle_ValidIdPropertyValueReturnsCorrectModel" /></UnitTest><UnitTest name="GetList_ListReturnsCorrectCount" storage="d:\github\modelrelief\modelrelief.test\bin\debug\netcoreapp2.0\modelrelief.test.dll" id="44dbeb6e-6fa5-49f2-80d8-56edbc197c9b"><Execution id="864c4817-42b0-4a5d-83c1-742274a80c9b" /><TestMethod codeBase="d:\Github\ModelRelief\ModelRelief.test\bin\Debug\netcoreapp2.0\ModelRelief.Test.dll" adapterTypeName="executor://xunit/VsTestRunner2/netcoreapp" className="ModelRelief.Test.Integration.Meshes.MeshesBaseIntegrationTests" name="GetList_ListReturnsCorrectCount" /></UnitTest><UnitTest name="PostFile_FileIsSynchronizedIsUpdatedAfterFileIsPosted" storage="d:\github\modelrelief\modelrelief.test\bin\debug\netcoreapp2.0\modelrelief.test.dll" id="3b274b6e-40be-4638-abd1-0a2314bdc1fc"><Execution id="5232f108-7d35-409e-a812-c9e940cd4f58" /><TestMethod codeBase="d:\Github\ModelRelief\ModelRelief.test\bin\Debug\netcoreapp2.0\ModelRelief.Test.dll" adapterTypeName="executor://xunit/VsTestRunner2/netcoreapp" className="ModelRelief.Test.Integration.DepthBuffers.DepthBuffersFileIntegrationTests" name="PostFile_FileIsSynchronizedIsUpdatedAfterFileIsPosted" /></UnitTest><UnitTest name="Post_InvalidPropertyValueReturnsBadRequest" storage="d:\github\modelrelief\modelrelief.test\bin\debug\netcoreapp2.0\modelrelief.test.dll" id="86a9ea9e-778b-4d5e-991c-aedbe85ef823"><Execution id="72d2a1c3-e04e-4997-ab6f-e75dbac7f9ae" /><TestMethod codeBase="d:\Github\ModelRelief\ModelRelief.test\bin\Debug\netcoreapp2.0\ModelRelief.Test.dll" adapterTypeName="executor://xunit/VsTestRunner2/netcoreapp" className="ModelRelief.Test.Integration.Meshes.MeshesBaseIntegrationTests" name="Post_InvalidPropertyValueReturnsBadRequest" /></UnitTest><UnitTest name="Patch_TargetPropertyIsUpdated" storage="d:\github\modelrelief\modelrelief.test\bin\debug\netcoreapp2.0\modelrelief.test.dll" id="9cfdbf82-986a-4cf6-8dc7-c6dbe37df99c"><Execution id="3cf4f6bf-f4bf-44cd-ad94-2ae0d2574368" /><TestMethod codeBase="d:\Github\ModelRelief\ModelRelief.test\bin\Debug\netcoreapp2.0\ModelRelief.Test.dll" adapterTypeName="executor://xunit/VsTestRunner2/netcoreapp" className="ModelRelief.Test.Integration.DepthBuffers.DepthBuffersBaseIntegrationTests" name="Patch_TargetPropertyIsUpdated" /></UnitTest><UnitTest name="Patch_InvalidPropertyNameReturnsBadRequest" storage="d:\github\modelrelief\modelrelief.test\bin\debug\netcoreapp2.0\modelrelief.test.dll" id="d02db211-8a67-436c-aac3-e285ecd69672"><Execution id="37d57aba-ede7-4bfc-b0eb-b87e3ab84860" /><TestMethod codeBase="d:\Github\ModelRelief\ModelRelief.test\bin\Debug\netcoreapp2.0\ModelRelief.Test.dll" adapterTypeName="executor://xunit/VsTestRunner2/netcoreapp" className="ModelRelief.Test.Integration.Projects.ProjectsBaseIntegrationTests" name="Patch_InvalidPropertyNameReturnsBadRequest" /></UnitTest><UnitTest name="Patch_InvalidEnumPropertyValueReturnsBadRequest" storage="d:\github\modelrelief\modelrelief.test\bin\debug\netcoreapp2.0\modelrelief.test.dll" id="6ae8f7ee-9e38-4fbe-89b9-720895a89c9b"><Execution id="85a54faa-f547-4709-a1fc-2db1cd15a60e" /><TestMethod codeBase="d:\Github\ModelRelief\ModelRelief.test\bin\Debug\netcoreapp2.0\ModelRelief.Test.dll" adapterTypeName="executor://xunit/VsTestRunner2/netcoreapp" className="ModelRelief.Test.Integration.DepthBuffers.DepthBuffersBaseIntegrationTests" name="Patch_InvalidEnumPropertyValueReturnsBadRequest" /></UnitTest><UnitTest name="Patch_InvalidPropertyNameReturnsBadRequest" storage="d:\github\modelrelief\modelrelief.test\bin\debug\netcoreapp2.0\modelrelief.test.dll" id="716f8098-8c23-48b5-ae06-14431c050f25"><Execution id="9e7e923f-e443-4acc-8090-dee9eb6517a7" /><TestMethod codeBase="d:\Github\ModelRelief\ModelRelief.test\bin\Debug\netcoreapp2.0\ModelRelief.Test.dll" adapterTypeName="executor://xunit/VsTestRunner2/netcoreapp" className="ModelRelief.Test.Integration.Meshes.MeshesBaseIntegrationTests" name="Patch_InvalidPropertyNameReturnsBadRequest" /></UnitTest><UnitTest name="Patch_InvalidReferencePropertyReturnsBadRequest" storage="d:\github\modelrelief\modelrelief.test\bin\debug\netcoreapp2.0\modelrelief.test.dll" id="b39a9d4d-2e6f-4c9e-ba44-537ba9891d5a"><Execution id="02319192-0f84-4f33-9b0a-c52848d23218" /><TestMethod codeBase="d:\Github\ModelRelief\ModelRelief.test\bin\Debug\netcoreapp2.0\ModelRelief.Test.dll" adapterTypeName="executor://xunit/VsTestRunner2/netcoreapp" className="ModelRelief.Test.Integration.DepthBuffers.DepthBuffersBaseIntegrationTests" name="Patch_InvalidReferencePropertyReturnsBadRequest" /></UnitTest><UnitTest name="GetFile_FileCanBeRoundTripped" storage="d:\github\modelrelief\modelrelief.test\bin\debug\netcoreapp2.0\modelrelief.test.dll" id="cd4b9db9-2737-4339-ae08-43a5b293e893"><Execution id="75545e46-19bc-4d58-b043-3ab7f5c83e37" /><TestMethod codeBase="d:\Github\ModelRelief\ModelRelief.test\bin\Debug\netcoreapp2.0\ModelRelief.Test.dll" adapterTypeName="executor://xunit/VsTestRunner2/netcoreapp" className="ModelRelief.Test.Integration.Meshes.MeshesFileIntegrationTests" name="GetFile_FileCanBeRoundTripped" /></UnitTest><UnitTest name="Post_ValidReferencePropertyCreatesModel" storage="d:\github\modelrelief\modelrelief.test\bin\debug\netcoreapp2.0\modelrelief.test.dll" id="78fc5eb4-39ba-410c-925e-ca1738338b02"><Execution id="9c886339-3e36-4c53-a3a2-056c821b37d9" /><TestMethod codeBase="d:\Github\ModelRelief\ModelRelief.test\bin\Debug\netcoreapp2.0\ModelRelief.Test.dll" adapterTypeName="executor://xunit/VsTestRunner2/netcoreapp" className="ModelRelief.Test.Integration.Cameras.CamerasBaseIntegrationTests" name="Post_ValidReferencePropertyCreatesModel" /></UnitTest><UnitTest name="Patch_TargetPropertyIsUpdated" storage="d:\github\modelrelief\modelrelief.test\bin\debug\netcoreapp2.0\modelrelief.test.dll" id="513c9421-af18-4c3b-90fc-9204dfe14270"><Execution id="261b1d3d-e42d-477d-9089-46901acaf332" /><TestMethod codeBase="d:\Github\ModelRelief\ModelRelief.test\bin\Debug\netcoreapp2.0\ModelRelief.Test.dll" adapterTypeName="executor://xunit/VsTestRunner2/netcoreapp" className="ModelRelief.Test.Integration.Meshes.MeshesBaseIntegrationTests" name="Patch_TargetPropertyIsUpdated" /></UnitTest><UnitTest name="PostFile_NewFileCanBePosted" storage="d:\github\modelrelief\modelrelief.test\bin\debug\netcoreapp2.0\modelrelief.test.dll" id="f991fd8f-3e80-4d14-a549-d24083103297"><Execution id="45082112-6864-4025-b6c8-419b38bd20c0" /><TestMethod codeBase="d:\Github\ModelRelief\ModelRelief.test\bin\Debug\netcoreapp2.0\ModelRelief.Test.dll" adapterTypeName="executor://xunit/VsTestRunner2/netcoreapp" className="ModelRelief.Test.Integration.Meshes.MeshesFileIntegrationTests" name="PostFile_NewFileCanBePosted" /></UnitTest><UnitTest name="Post_CanCreateNewModel" storage="d:\github\modelrelief\modelrelief.test\bin\debug\netcoreapp2.0\modelrelief.test.dll" id="f3bded85-eecb-4b14-b6e6-664becc6c068"><Execution id="57f10e45-0021-427a-9fdb-08dce3ad0323" /><TestMethod codeBase="d:\Github\ModelRelief\ModelRelief.test\bin\Debug\netcoreapp2.0\ModelRelief.Test.dll" adapterTypeName="executor://xunit/VsTestRunner2/netcoreapp" className="ModelRelief.Test.Integration.MeshTransforms.MeshTransformsBaseIntegrationTests" name="Post_CanCreateNewModel" /></UnitTest><UnitTest name="GetFile_NonExistentFileReturnsNotFound" storage="d:\github\modelrelief\modelrelief.test\bin\debug\netcoreapp2.0\modelrelief.test.dll" id="b30766d6-90b7-4818-9d08-4e0bf58bdb4f"><Execution id="33d9dd9d-f027-4da3-be73-7b9ab97295b2" /><TestMethod codeBase="d:\Github\ModelRelief\ModelRelief.test\bin\Debug\netcoreapp2.0\ModelRelief.Test.dll" adapterTypeName="executor://xunit/VsTestRunner2/netcoreapp" className="ModelRelief.Test.Integration.Models.ModelsFileIntegrationTests" name="GetFile_NonExistentFileReturnsNotFound" /></UnitTest><UnitTest name="Put_CanUpdateModel" storage="d:\github\modelrelief\modelrelief.test\bin\debug\netcoreapp2.0\modelrelief.test.dll" id="a741847e-a448-4c97-8c2e-d828b6f49e75"><Execution id="9594f73e-0acc-4341-b746-3c82758bd347" /><TestMethod codeBase="d:\Github\ModelRelief\ModelRelief.test\bin\Debug\netcoreapp2.0\ModelRelief.Test.dll" adapterTypeName="executor://xunit/VsTestRunner2/netcoreapp" className="ModelRelief.Test.Integration.Meshes.MeshesBaseIntegrationTests" name="Put_CanUpdateModel" /></UnitTest><UnitTest name="Patch_InvalidReferencePropertyReturnsBadRequest" storage="d:\github\modelrelief\modelrelief.test\bin\debug\netcoreapp2.0\modelrelief.test.dll" id="57d82349-8104-4f6c-8c9d-8a15884be76b"><Execution id="4eb32591-1b05-4f61-99c5-d60e4eb5ff22" /><TestMethod codeBase="d:\Github\ModelRelief\ModelRelief.test\bin\Debug\netcoreapp2.0\ModelRelief.Test.dll" adapterTypeName="executor://xunit/VsTestRunner2/netcoreapp" className="ModelRelief.Test.Integration.Models.ModelsBaseIntegrationTests" name="Patch_InvalidReferencePropertyReturnsBadRequest" /></UnitTest><UnitTest name="Patch_InvalidPropertyNameReturnsBadRequest" storage="d:\github\modelrelief\modelrelief.test\bin\debug\netcoreapp2.0\modelrelief.test.dll" id="def8b00c-5fc9-4dad-b630-c755868bc9e7"><Execution id="268e2135-6b46-4b32-89d6-ed1856a4335e" /><TestMethod codeBase="d:\Github\ModelRelief\ModelRelief.test\bin\Debug\netcoreapp2.0\ModelRelief.Test.dll" adapterTypeName="executor://xunit/VsTestRunner2/netcoreapp" className="ModelRelief.Test.Integration.Cameras.CamerasBaseIntegrationTests" name="Patch_InvalidPropertyNameReturnsBadRequest" /></UnitTest><UnitTest name="GetList_ListReturnsCorrectCount" storage="d:\github\modelrelief\modelrelief.test\bin\debug\netcoreapp2.0\modelrelief.test.dll" id="34ff75a3-3e73-43a5-a13d-340bb2cf4f19"><Execution id="8a2cb317-aa6d-4fec-8508-5bc9bfce2765" /><TestMethod codeBase="d:\Github\ModelRelief\ModelRelief.test\bin\Debug\netcoreapp2.0\ModelRelief.Test.dll" adapterTypeName="executor://xunit/VsTestRunner2/netcoreapp" className="ModelRelief.Test.Integration.DepthBuffers.DepthBuffersBaseIntegrationTests" name="GetList_ListReturnsCorrectCount" /></UnitTest><UnitTest name="LucyCameraFindsAllDependents" storage="d:\github\modelrelief\modelrelief.test\bin\debug\netcoreapp2.0\modelrelief.test.dll" id="bc8eb450-28fb-448a-ab7b-95125948cde6"><Execution id="d1fe4a64-fdb8-4397-a68b-607771bf7763" /><TestMethod codeBase="d:\Github\ModelRelief\ModelRelief.test\bin\Debug\netcoreapp2.0\ModelRelief.Test.dll" adapterTypeName="executor://xunit/VsTestRunner2/netcoreapp" className="ModelRelief.Test.Unit.DependencyManager.DependencyManagerTests" name="LucyCameraFindsAllDependents" /></UnitTest><UnitTest name="Patch_TargetPropertyIsUpdated" storage="d:\github\modelrelief\modelrelief.test\bin\debug\netcoreapp2.0\modelrelief.test.dll" id="eb9e0b1b-ca5b-4e14-bb2f-2fdc87bc062a"><Execution id="e6c4613f-c849-4135-8d58-f0079349ca4f" /><TestMethod codeBase="d:\Github\ModelRelief\ModelRelief.test\bin\Debug\netcoreapp2.0\ModelRelief.Test.dll" adapterTypeName="executor://xunit/VsTestRunner2/netcoreapp" className="ModelRelief.Test.Integration.MeshTransforms.MeshTransformsBaseIntegrationTests" name="Patch_TargetPropertyIsUpdated" /></UnitTest><UnitTest name="Put_CanUpdateModel" storage="d:\github\modelrelief\modelrelief.test\bin\debug\netcoreapp2.0\modelrelief.test.dll" id="ef2b3540-b381-413b-8e04-091de68b8918"><Execution id="59620e32-0c6e-4455-80c0-f449402bffca" /><TestMethod codeBase="d:\Github\ModelRelief\ModelRelief.test\bin\Debug\netcoreapp2.0\ModelRelief.Test.dll" adapterTypeName="executor://xunit/VsTestRunner2/netcoreapp" className="ModelRelief.Test.Integration.Models.ModelsBaseIntegrationTests" name="Put_CanUpdateModel" /></UnitTest><UnitTest name="GetFile_NonExistentFileReturnsNotFound" storage="d:\github\modelrelief\modelrelief.test\bin\debug\netcoreapp2.0\modelrelief.test.dll" id="8b319617-97a6-43a3-a715-ecbda2c72aa1"><Execution id="0709b26d-3579-468a-b086-5f5845917584" /><TestMethod codeBase="d:\Github\ModelRelief\ModelRelief.test\bin\Debug\netcoreapp2.0\ModelRelief.Test.dll" adapterTypeName="executor://xunit/VsTestRunner2/netcoreapp" className="ModelRelief.Test.Integration.Meshes.MeshesFileIntegrationTests" name="GetFile_NonExistentFileReturnsNotFound" /></UnitTest><UnitTest name="Patch_InvalidEnumPropertyValueReturnsBadRequest" storage="d:\github\modelrelief\modelrelief.test\bin\debug\netcoreapp2.0\modelrelief.test.dll" id="c96cb7d6-d378-494c-8323-9306d360530e"><Execution id="647f0f0c-3605-453e-b861-4bd72a77d029" /><TestMethod codeBase="d:\Github\ModelRelief\ModelRelief.test\bin\Debug\netcoreapp2.0\ModelRelief.Test.dll" adapterTypeName="executor://xunit/VsTestRunner2/netcoreapp" className="ModelRelief.Test.Integration.Projects.ProjectsBaseIntegrationTests" name="Patch_InvalidEnumPropertyValueReturnsBadRequest" /></UnitTest><UnitTest name="FileRequest_FileCanBeReadAfterRename" storage="d:\github\modelrelief\modelrelief.test\bin\debug\netcoreapp2.0\modelrelief.test.dll" id="69e250bf-e864-4880-89c3-44bdf0069b43"><Execution id="7362f989-c20a-4daa-93bd-f356df839f3f" /><TestMethod codeBase="d:\Github\ModelRelief\ModelRelief.test\bin\Debug\netcoreapp2.0\ModelRelief.Test.dll" adapterTypeName="executor://xunit/VsTestRunner2/netcoreapp" className="ModelRelief.Test.Integration.DepthBuffers.DepthBuffersFileIntegrationTests" name="FileRequest_FileCanBeReadAfterRename" /></UnitTest><UnitTest name="Put_ValidReferencePropertyUpdatesModel" storage="d:\github\modelrelief\modelrelief.test\bin\debug\netcoreapp2.0\modelrelief.test.dll" id="caaf5740-09ad-4a2c-b53e-958df9a26a4b"><Execution id="abff86ed-c669-4165-81dd-0c78e52262a9" /><TestMethod codeBase="d:\Github\ModelRelief\ModelRelief.test\bin\Debug\netcoreapp2.0\ModelRelief.Test.dll" adapterTypeName="executor://xunit/VsTestRunner2/netcoreapp" className="ModelRelief.Test.Integration.Meshes.MeshesBaseIntegrationTests" name="Put_ValidReferencePropertyUpdatesModel" /></UnitTest><UnitTest name="Patch_TargetPropertyIsUpdated" storage="d:\github\modelrelief\modelrelief.test\bin\debug\netcoreapp2.0\modelrelief.test.dll" id="23f0b372-44d9-454c-98fc-e1758a39b230"><Execution id="687109a9-3da8-4764-ab17-bdf9c2d2312f" /><TestMethod codeBase="d:\Github\ModelRelief\ModelRelief.test\bin\Debug\netcoreapp2.0\ModelRelief.Test.dll" adapterTypeName="executor://xunit/VsTestRunner2/netcoreapp" className="ModelRelief.Test.Integration.Cameras.CamerasBaseIntegrationTests" name="Patch_TargetPropertyIsUpdated" /></UnitTest><UnitTest name="Post_InvalidReferencePropertyReturnsBadRequest" storage="d:\github\modelrelief\modelrelief.test\bin\debug\netcoreapp2.0\modelrelief.test.dll" id="63fc1b30-a2be-4e23-9afc-fc7b9f8a4ac0"><Execution id="150497a3-40e7-4814-a3f8-5d92bad0b113" /><TestMethod codeBase="d:\Github\ModelRelief\ModelRelief.test\bin\Debug\netcoreapp2.0\ModelRelief.Test.dll" adapterTypeName="executor://xunit/VsTestRunner2/netcoreapp" className="ModelRelief.Test.Integration.Meshes.MeshesBaseIntegrationTests" name="Post_InvalidReferencePropertyReturnsBadRequest" /></UnitTest><UnitTest name="Patch_MultipleInvalidReferencePropertiesReturnsMultipleValidationErrorsAndBadRequest" storage="d:\github\modelrelief\modelrelief.test\bin\debug\netcoreapp2.0\modelrelief.test.dll" id="25f09ab6-3a0f-4dd4-aeee-d1e5ea1ce7d6"><Execution id="a51b22e4-a52f-45dc-a509-1debc03f1deb" /><TestMethod codeBase="d:\Github\ModelRelief\ModelRelief.test\bin\Debug\netcoreapp2.0\ModelRelief.Test.dll" adapterTypeName="executor://xunit/VsTestRunner2/netcoreapp" className="ModelRelief.Test.Integration.MeshTransforms.MeshTransformsBaseIntegrationTests" name="Patch_MultipleInvalidReferencePropertiesReturnsMultipleValidationErrorsAndBadRequest" /></UnitTest><UnitTest name="Post_InvalidPropertyValueReturnsBadRequest" storage="d:\github\modelrelief\modelrelief.test\bin\debug\netcoreapp2.0\modelrelief.test.dll" id="03da56e9-274a-44f7-bc73-1056074874e0"><Execution id="0acdc579-be32-474d-a337-0b109e86ae69" /><TestMethod codeBase="d:\Github\ModelRelief\ModelRelief.test\bin\Debug\netcoreapp2.0\ModelRelief.Test.dll" adapterTypeName="executor://xunit/VsTestRunner2/netcoreapp" className="ModelRelief.Test.Integration.Cameras.CamerasBaseIntegrationTests" name="Post_InvalidPropertyValueReturnsBadRequest" /></UnitTest><UnitTest name="Patch_InvalidIdPropertyReturnsNotFound" storage="d:\github\modelrelief\modelrelief.test\bin\debug\netcoreapp2.0\modelrelief.test.dll" id="b07b7c97-ffed-4c72-8776-a4391dc14a02"><Execution id="07be776e-c529-42fc-9cca-fde0caad1247" /><TestMethod codeBase="d:\Github\ModelRelief\ModelRelief.test\bin\Debug\netcoreapp2.0\ModelRelief.Test.dll" adapterTypeName="executor://xunit/VsTestRunner2/netcoreapp" className="ModelRelief.Test.Integration.Meshes.MeshesBaseIntegrationTests" name="Patch_InvalidIdPropertyReturnsNotFound" /></UnitTest><UnitTest name="Put_InvalidIdReturnsNotFound" storage="d:\github\modelrelief\modelrelief.test\bin\debug\netcoreapp2.0\modelrelief.test.dll" id="ded1ead9-3906-424c-a5cf-0d542fd71287"><Execution id="67334827-5534-43bf-b408-bee92e27abdc" /><TestMethod codeBase="d:\Github\ModelRelief\ModelRelief.test\bin\Debug\netcoreapp2.0\ModelRelief.Test.dll" adapterTypeName="executor://xunit/VsTestRunner2/netcoreapp" className="ModelRelief.Test.Integration.Projects.ProjectsBaseIntegrationTests" name="Put_InvalidIdReturnsNotFound" /></UnitTest><UnitTest name="Post_ValidReferencePropertyCreatesModel" storage="d:\github\modelrelief\modelrelief.test\bin\debug\netcoreapp2.0\modelrelief.test.dll" id="8c48786e-808e-4cea-9924-803604d9ac8c"><Execution id="5d720227-7842-42aa-8de9-8ca5cd2e5311" /><TestMethod codeBase="d:\Github\ModelRelief\ModelRelief.test\bin\Debug\netcoreapp2.0\ModelRelief.Test.dll" adapterTypeName="executor://xunit/VsTestRunner2/netcoreapp" className="ModelRelief.Test.Integration.Models.ModelsBaseIntegrationTests" name="Post_ValidReferencePropertyCreatesModel" /></UnitTest><UnitTest name="Patch_ValidReferencePropertyUpdatesModel" storage="d:\github\modelrelief\modelrelief.test\bin\debug\netcoreapp2.0\modelrelief.test.dll" id="11ee40fa-ce4d-4ea5-bd60-1f4c298d6de4"><Execution id="b5699124-7190-4954-8f00-339cf68091c7" /><TestMethod codeBase="d:\Github\ModelRelief\ModelRelief.test\bin\Debug\netcoreapp2.0\ModelRelief.Test.dll" adapterTypeName="executor://xunit/VsTestRunner2/netcoreapp" className="ModelRelief.Test.Integration.Projects.ProjectsBaseIntegrationTests" name="Patch_ValidReferencePropertyUpdatesModel" /></UnitTest><UnitTest name="PostFile_FileIsSynchronizedIsUpdatedAfterFileIsPosted" storage="d:\github\modelrelief\modelrelief.test\bin\debug\netcoreapp2.0\modelrelief.test.dll" id="079de23c-3843-4a64-b6b4-526e043cd576"><Execution id="30dceccc-da31-488f-b185-1b03a5afe314" /><TestMethod codeBase="d:\Github\ModelRelief\ModelRelief.test\bin\Debug\netcoreapp2.0\ModelRelief.Test.dll" adapterTypeName="executor://xunit/VsTestRunner2/netcoreapp" className="ModelRelief.Test.Integration.Models.ModelsFileIntegrationTests" name="PostFile_FileIsSynchronizedIsUpdatedAfterFileIsPosted" /></UnitTest><UnitTest name="Patch_InvalidEnumPropertyValueReturnsBadRequest" storage="d:\github\modelrelief\modelrelief.test\bin\debug\netcoreapp2.0\modelrelief.test.dll" id="df238f80-4daf-42b7-956e-4d95c7edc86a"><Execution id="c7a41bab-76e3-413c-a79f-e1da91e32920" /><TestMethod codeBase="d:\Github\ModelRelief\ModelRelief.test\bin\Debug\netcoreapp2.0\ModelRelief.Test.dll" adapterTypeName="executor://xunit/VsTestRunner2/netcoreapp" className="ModelRelief.Test.Integration.MeshTransforms.MeshTransformsBaseIntegrationTests" name="Patch_InvalidEnumPropertyValueReturnsBadRequest" /></UnitTest><UnitTest name="GetSingle_InvalidIdPropertyValueReturnsNotFound" storage="d:\github\modelrelief\modelrelief.test\bin\debug\netcoreapp2.0\modelrelief.test.dll" id="21ce39bb-730e-416e-a323-c2b4c18b2e5b"><Execution id="31fb8518-de75-445b-a36a-52cad569f20b" /><TestMethod codeBase="d:\Github\ModelRelief\ModelRelief.test\bin\Debug\netcoreapp2.0\ModelRelief.Test.dll" adapterTypeName="executor://xunit/VsTestRunner2/netcoreapp" className="ModelRelief.Test.Integration.Meshes.MeshesBaseIntegrationTests" name="GetSingle_InvalidIdPropertyValueReturnsNotFound" /></UnitTest><UnitTest name="FileRequest_MeshGenerateScalesDepthBufferByUnsharpHighFrequencyScale" storage="d:\github\modelrelief\modelrelief.test\bin\debug\netcoreapp2.0\modelrelief.test.dll" id="051d9c17-7548-4158-b474-1409afe33951"><Execution id="0da78b19-c3c8-401d-895f-023d7acdc901" /><TestMethod codeBase="d:\Github\ModelRelief\ModelRelief.test\bin\Debug\netcoreapp2.0\ModelRelief.Test.dll" adapterTypeName="executor://xunit/VsTestRunner2/netcoreapp" className="ModelRelief.Test.Integration.Meshes.MeshesFileIntegrationTests" name="FileRequest_MeshGenerateScalesDepthBufferByUnsharpHighFrequencyScale" /></UnitTest><UnitTest name="PutFile_FileCanBeUpdated" storage="d:\github\modelrelief\modelrelief.test\bin\debug\netcoreapp2.0\modelrelief.test.dll" id="dcdf26d9-ba66-4659-b742-ca078ff3ac57"><Execution id="0b2863d3-a611-40aa-a025-0ffa08556bc1" /><TestMethod codeBase="d:\Github\ModelRelief\ModelRelief.test\bin\Debug\netcoreapp2.0\ModelRelief.Test.dll" adapterTypeName="executor://xunit/VsTestRunner2/netcoreapp" className="ModelRelief.Test.Integration.Models.ModelsFileIntegrationTests" name="PutFile_FileCanBeUpdated" /></UnitTest><UnitTest name="PostFile_NewFileCanBePosted" storage="d:\github\modelrelief\modelrelief.test\bin\debug\netcoreapp2.0\modelrelief.test.dll" id="d981cf32-3b72-45d3-a41b-7f7ecee6c56a"><Execution id="fdc4b51c-7afd-4afb-b681-7bf09abcb19f" /><TestMethod codeBase="d:\Github\ModelRelief\ModelRelief.test\bin\Debug\netcoreapp2.0\ModelRelief.Test.dll" adapterTypeName="executor://xunit/VsTestRunner2/netcoreapp" className="ModelRelief.Test.Integration.Models.ModelsFileIntegrationTests" name="PostFile_NewFileCanBePosted" /></UnitTest><UnitTest name="Patch_InvalidReferencePropertyReturnsBadRequest" storage="d:\github\modelrelief\modelrelief.test\bin\debug\netcoreapp2.0\modelrelief.test.dll" id="68c28e81-bbb5-4183-b81d-1ccd6bb0e64c"><Execution id="8d3c2e40-d7f5-4b20-bb66-482709e83017" /><TestMethod codeBase="d:\Github\ModelRelief\ModelRelief.test\bin\Debug\netcoreapp2.0\ModelRelief.Test.dll" adapterTypeName="executor://xunit/VsTestRunner2/netcoreapp" className="ModelRelief.Test.Integration.Meshes.MeshesBaseIntegrationTests" name="Patch_InvalidReferencePropertyReturnsBadRequest" /></UnitTest><UnitTest name="Patch_TargetPropertyIsUpdated" storage="d:\github\modelrelief\modelrelief.test\bin\debug\netcoreapp2.0\modelrelief.test.dll" id="38e0444b-b79b-492c-ae32-35b32abf77db"><Execution id="56bca0c0-96c4-4e5b-bd9c-7bec0736b2df" /><TestMethod codeBase="d:\Github\ModelRelief\ModelRelief.test\bin\Debug\netcoreapp2.0\ModelRelief.Test.dll" adapterTypeName="executor://xunit/VsTestRunner2/netcoreapp" className="ModelRelief.Test.Integration.Models.ModelsBaseIntegrationTests" name="Patch_TargetPropertyIsUpdated" /></UnitTest><UnitTest name="Patch_InvalidReferencePropertyReturnsBadRequest" storage="d:\github\modelrelief\modelrelief.test\bin\debug\netcoreapp2.0\modelrelief.test.dll" id="16e8ed55-27f3-4667-8411-3a270acd802f"><Execution id="f03ff72e-054b-4dff-8952-5c9d6d5c6c64" /><TestMethod codeBase="d:\Github\ModelRelief\ModelRelief.test\bin\Debug\netcoreapp2.0\ModelRelief.Test.dll" adapterTypeName="executor://xunit/VsTestRunner2/netcoreapp" className="ModelRelief.Test.Integration.Cameras.CamerasBaseIntegrationTests" name="Patch_InvalidReferencePropertyReturnsBadRequest" /></UnitTest><UnitTest name="GetFile_FileCanBeRoundTripped" storage="d:\github\modelrelief\modelrelief.test\bin\debug\netcoreapp2.0\modelrelief.test.dll" id="d8d3cb07-dbcd-49f7-80b8-6ef6785c6e8d"><Execution id="b826c978-339c-4ff6-a536-bfab14114042" /><TestMethod codeBase="d:\Github\ModelRelief\ModelRelief.test\bin\Debug\netcoreapp2.0\ModelRelief.Test.dll" adapterTypeName="executor://xunit/VsTestRunner2/netcoreapp" className="ModelRelief.Test.Integration.Models.ModelsFileIntegrationTests" name="GetFile_FileCanBeRoundTripped" /></UnitTest><UnitTest name="Patch_ValidReferencePropertyUpdatesModel" storage="d:\github\modelrelief\modelrelief.test\bin\debug\netcoreapp2.0\modelrelief.test.dll" id="d0befa51-bb70-492d-a12f-1256364da697"><Execution id="00787eea-0715-4d20-b177-f710704c2cfb" /><TestMethod codeBase="d:\Github\ModelRelief\ModelRelief.test\bin\Debug\netcoreapp2.0\ModelRelief.Test.dll" adapterTypeName="executor://xunit/VsTestRunner2/netcoreapp" className="ModelRelief.Test.Integration.Cameras.CamerasBaseIntegrationTests" name="Patch_ValidReferencePropertyUpdatesModel" /></UnitTest><UnitTest name="MeshTransformHasExpectedDependentFiles" storage="d:\github\modelrelief\modelrelief.test\bin\debug\netcoreapp2.0\modelrelief.test.dll" id="aa0f733a-178c-4a86-a5c5-a06ce095ab1b"><Execution id="708de9ec-0eb2-4b63-8376-c614d431c92e" /><TestMethod codeBase="d:\Github\ModelRelief\ModelRelief.test\bin\Debug\netcoreapp2.0\ModelRelief.Test.dll" adapterTypeName="executor://xunit/VsTestRunner2/netcoreapp" className="ModelRelief.Test.Unit.DependencyManager.DependencyManagerTests" name="MeshTransformHasExpectedDependentFiles" /></UnitTest><UnitTest name="Patch_MultipleInvalidReferencePropertiesReturnsMultipleValidationErrorsAndBadRequest" storage="d:\github\modelrelief\modelrelief.test\bin\debug\netcoreapp2.0\modelrelief.test.dll" id="36b7c20f-92f2-4ea5-a09c-ddcc569c88fe"><Execution id="21c5be19-0b60-49a5-9f00-9a1f8d15e8dd" /><TestMethod codeBase="d:\Github\ModelRelief\ModelRelief.test\bin\Debug\netcoreapp2.0\ModelRelief.Test.dll" adapterTypeName="executor://xunit/VsTestRunner2/netcoreapp" className="ModelRelief.Test.Integration.Models.ModelsBaseIntegrationTests" name="Patch_MultipleInvalidReferencePropertiesReturnsMultipleValidationErrorsAndBadRequest" /></UnitTest><UnitTest name="DepthBufferHasExpectedDependentFiles" storage="d:\github\modelrelief\modelrelief.test\bin\debug\netcoreapp2.0\modelrelief.test.dll" id="6ec094c5-5dde-4c6e-bdb1-52ebc9454fcb"><Execution id="a3f2892b-eafa-43eb-92a0-eeee2844d659" /><TestMethod codeBase="d:\Github\ModelRelief\ModelRelief.test\bin\Debug\netcoreapp2.0\ModelRelief.Test.dll" adapterTypeName="executor://xunit/VsTestRunner2/netcoreapp" className="ModelRelief.Test.Unit.DependencyManager.DependencyManagerTests" name="DepthBufferHasExpectedDependentFiles" /></UnitTest><UnitTest name="Post_InvalidPropertyValueReturnsBadRequest" storage="d:\github\modelrelief\modelrelief.test\bin\debug\netcoreapp2.0\modelrelief.test.dll" id="b299204d-cb38-449e-8772-f9dab88ecd47"><Execution id="0a52521c-2eed-4149-aade-ab169a05cba6" /><TestMethod codeBase="d:\Github\ModelRelief\ModelRelief.test\bin\Debug\netcoreapp2.0\ModelRelief.Test.dll" adapterTypeName="executor://xunit/VsTestRunner2/netcoreapp" className="ModelRelief.Test.Integration.Projects.ProjectsBaseIntegrationTests" name="Post_InvalidPropertyValueReturnsBadRequest" /></UnitTest><UnitTest name="Delete_TargetModelIsDeleted" storage="d:\github\modelrelief\modelrelief.test\bin\debug\netcoreapp2.0\modelrelief.test.dll" id="42acb1ce-e942-435b-a506-1b0a455a7a22"><Execution id="c3017291-086a-4ba6-aed8-17d00af41926" /><TestMethod codeBase="d:\Github\ModelRelief\ModelRelief.test\bin\Debug\netcoreapp2.0\ModelRelief.Test.dll" adapterTypeName="executor://xunit/VsTestRunner2/netcoreapp" className="ModelRelief.Test.Integration.DepthBuffers.DepthBuffersBaseIntegrationTests" name="Delete_TargetModelIsDeleted" /></UnitTest><UnitTest name="GetSingle_ValidIdPropertyValueReturnsCorrectModel" storage="d:\github\modelrelief\modelrelief.test\bin\debug\netcoreapp2.0\modelrelief.test.dll" id="d194224b-eb8c-4bef-bba2-358515840b19"><Execution id="0f3c0e3f-f1bf-4ab1-8303-5c17383ea268" /><TestMethod codeBase="d:\Github\ModelRelief\ModelRelief.test\bin\Debug\netcoreapp2.0\ModelRelief.Test.dll" adapterTypeName="executor://xunit/VsTestRunner2/netcoreapp" className="ModelRelief.Test.Integration.Projects.ProjectsBaseIntegrationTests" name="GetSingle_ValidIdPropertyValueReturnsCorrectModel" /></UnitTest><UnitTest name="GetList_ListReturnsCorrectCount" storage="d:\github\modelrelief\modelrelief.test\bin\debug\netcoreapp2.0\modelrelief.test.dll" id="1443b2f6-0ba5-44ff-b99b-f0156220e7ea"><Execution id="fb91bd42-b0c6-49b7-9a22-ab7008cf2ddb" /><TestMethod codeBase="d:\Github\ModelRelief\ModelRelief.test\bin\Debug\netcoreapp2.0\ModelRelief.Test.dll" adapterTypeName="executor://xunit/VsTestRunner2/netcoreapp" className="ModelRelief.Test.Integration.Cameras.CamerasBaseIntegrationTests" name="GetList_ListReturnsCorrectCount" /></UnitTest><UnitTest name="Patch_InvalidEnumPropertyValueReturnsBadRequest" storage="d:\github\modelrelief\modelrelief.test\bin\debug\netcoreapp2.0\modelrelief.test.dll" id="1f9a0fa7-ba62-4378-b310-34b82a2671de"><Execution id="1dd9f499-1d1b-45a9-bdbe-4567b7f0cf86" /><TestMethod codeBase="d:\Github\ModelRelief\ModelRelief.test\bin\Debug\netcoreapp2.0\ModelRelief.Test.dll" adapterTypeName="executor://xunit/VsTestRunner2/netcoreapp" className="ModelRelief.Test.Integration.Models.ModelsBaseIntegrationTests" name="Patch_InvalidEnumPropertyValueReturnsBadRequest" /></UnitTest><UnitTest name="Patch_ValidReferencePropertyUpdatesModel" storage="d:\github\modelrelief\modelrelief.test\bin\debug\netcoreapp2.0\modelrelief.test.dll" id="fb4223d2-7903-4d57-94f2-13a0e48ef5ba"><Execution id="fb524897-d41f-4d0d-96da-49c4f33c16ad" /><TestMethod codeBase="d:\Github\ModelRelief\ModelRelief.test\bin\Debug\netcoreapp2.0\ModelRelief.Test.dll" adapterTypeName="executor://xunit/VsTestRunner2/netcoreapp" className="ModelRelief.Test.Integration.Models.ModelsBaseIntegrationTests" name="Patch_ValidReferencePropertyUpdatesModel" /></UnitTest><UnitTest name="Patch_ValidReferencePropertyUpdatesModel" storage="d:\github\modelrelief\modelrelief.test\bin\debug\netcoreapp2.0\modelrelief.test.dll" id="2fe445ec-2473-4306-94c0-bb91802c7795"><Execution id="0fe3407b-02c0-4c7b-b9ec-7945e5a2edff" /><TestMethod codeBase="d:\Github\ModelRelief\ModelRelief.test\bin\Debug\netcoreapp2.0\ModelRelief.Test.dll" adapterTypeName="executor://xunit/VsTestRunner2/netcoreapp" className="ModelRelief.Test.Integration.DepthBuffers.DepthBuffersBaseIntegrationTests" name="Patch_ValidReferencePropertyUpdatesModel" /></UnitTest><UnitTest name="Put_InvalidIdReturnsNotFound" storage="d:\github\modelrelief\modelrelief.test\bin\debug\netcoreapp2.0\modelrelief.test.dll" id="7cafca64-8752-4876-8a45-566ab647186c"><Execution id="f4097f3e-a924-44f6-b892-699e267d9c90" /><TestMethod codeBase="d:\Github\ModelRelief\ModelRelief.test\bin\Debug\netcoreapp2.0\ModelRelief.Test.dll" adapterTypeName="executor://xunit/VsTestRunner2/netcoreapp" className="ModelRelief.Test.Integration.Models.ModelsBaseIntegrationTests" name="Put_InvalidIdReturnsNotFound" /></UnitTest><UnitTest name="Patch_MultipleInvalidReferencePropertiesReturnsMultipleValidationErrorsAndBadRequest" storage="d:\github\modelrelief\modelrelief.test\bin\debug\netcoreapp2.0\modelrelief.test.dll" id="18715b46-8571-4f27-8639-58dab3275085"><Execution id="434c24fa-6072-4b3a-9cec-7e1357b96e9f" /><TestMethod codeBase="d:\Github\ModelRelief\ModelRelief.test\bin\Debug\netcoreapp2.0\ModelRelief.Test.dll" adapterTypeName="executor://xunit/VsTestRunner2/netcoreapp" className="ModelRelief.Test.Integration.Projects.ProjectsBaseIntegrationTests" name="Patch_MultipleInvalidReferencePropertiesReturnsMultipleValidationErrorsAndBadRequest" /></UnitTest><UnitTest name="Post_CanCreateNewModel" storage="d:\github\modelrelief\modelrelief.test\bin\debug\netcoreapp2.0\modelrelief.test.dll" id="6c2e293a-db3c-45ce-a5d3-7c264fa48613"><Execution id="a2f0f1a6-5ce2-4aa7-9750-912dd73606d6" /><TestMethod codeBase="d:\Github\ModelRelief\ModelRelief.test\bin\Debug\netcoreapp2.0\ModelRelief.Test.dll" adapterTypeName="executor://xunit/VsTestRunner2/netcoreapp" className="ModelRelief.Test.Integration.Meshes.MeshesBaseIntegrationTests" name="Post_CanCreateNewModel" /></UnitTest><UnitTest name="Put_CanUpdateModel" storage="d:\github\modelrelief\modelrelief.test\bin\debug\netcoreapp2.0\modelrelief.test.dll" id="119065b3-162f-48f0-b1d4-5d9d1130d952"><Execution id="800a0ecf-751d-44d7-87d9-b6355aa2d265" /><TestMethod codeBase="d:\Github\ModelRelief\ModelRelief.test\bin\Debug\netcoreapp2.0\ModelRelief.Test.dll" adapterTypeName="executor://xunit/VsTestRunner2/netcoreapp" className="ModelRelief.Test.Integration.Projects.ProjectsBaseIntegrationTests" name="Put_CanUpdateModel" /></UnitTest><UnitTest name="GetSingle_InvalidIdPropertyValueReturnsNotFound" storage="d:\github\modelrelief\modelrelief.test\bin\debug\netcoreapp2.0\modelrelief.test.dll" id="39449b81-1d2d-4406-9678-092cdfd182c3"><Execution id="3832d203-5aef-4971-8617-7b38a2543b2c" /><TestMethod codeBase="d:\Github\ModelRelief\ModelRelief.test\bin\Debug\netcoreapp2.0\ModelRelief.Test.dll" adapterTypeName="executor://xunit/VsTestRunner2/netcoreapp" className="ModelRelief.Test.Integration.MeshTransforms.MeshTransformsBaseIntegrationTests" name="GetSingle_InvalidIdPropertyValueReturnsNotFound" /></UnitTest><UnitTest name="Patch_InvalidEnumPropertyValueReturnsBadRequest" storage="d:\github\modelrelief\modelrelief.test\bin\debug\netcoreapp2.0\modelrelief.test.dll" id="49b9038a-885f-427e-880a-e6bae67d7080"><Execution id="8d7fb58e-005b-40bf-9d25-99647aaa70de" /><TestMethod codeBase="d:\Github\ModelRelief\ModelRelief.test\bin\Debug\netcoreapp2.0\ModelRelief.Test.dll" adapterTypeName="executor://xunit/VsTestRunner2/netcoreapp" className="ModelRelief.Test.Integration.Cameras.CamerasBaseIntegrationTests" name="Patch_InvalidEnumPropertyValueReturnsBadRequest" /></UnitTest><UnitTest name="Put_ValidReferencePropertyUpdatesModel" storage="d:\github\modelrelief\modelrelief.test\bin\debug\netcoreapp2.0\modelrelief.test.dll" id="161acfd6-c729-4fa6-8d44-b0ac834ca2e2"><Execution id="2dbe5899-174c-4d37-9a78-f02dae8398b7" /><TestMethod codeBase="d:\Github\ModelRelief\ModelRelief.test\bin\Debug\netcoreapp2.0\ModelRelief.Test.dll" adapterTypeName="executor://xunit/VsTestRunner2/netcoreapp" className="ModelRelief.Test.Integration.Models.ModelsBaseIntegrationTests" name="Put_ValidReferencePropertyUpdatesModel" /></UnitTest><UnitTest name="FileRequest_FileCanBeReadAfterRename" storage="d:\github\modelrelief\modelrelief.test\bin\debug\netcoreapp2.0\modelrelief.test.dll" id="fc6b0df4-bd1e-4b56-b38a-06b91c6a7728"><Execution id="db322c18-b909-450a-a031-998814f6cfd7" /><TestMethod codeBase="d:\Github\ModelRelief\ModelRelief.test\bin\Debug\netcoreapp2.0\ModelRelief.Test.dll" adapterTypeName="executor://xunit/VsTestRunner2/netcoreapp" className="ModelRelief.Test.Integration.Models.ModelsFileIntegrationTests" name="FileRequest_FileCanBeReadAfterRename" /></UnitTest><UnitTest name="Put_InvalidReferencePropertyReturndBadRequest" storage="d:\github\modelrelief\modelrelief.test\bin\debug\netcoreapp2.0\modelrelief.test.dll" id="f1c4cd3b-9f8c-44cb-ae65-b4b9a7a64249"><Execution id="2a70a174-007d-4bea-b97c-569c324a271c" /><TestMethod codeBase="d:\Github\ModelRelief\ModelRelief.test\bin\Debug\netcoreapp2.0\ModelRelief.Test.dll" adapterTypeName="executor://xunit/VsTestRunner2/netcoreapp" className="ModelRelief.Test.Integration.Meshes.MeshesBaseIntegrationTests" name="Put_InvalidReferencePropertyReturndBadRequest" /></UnitTest><UnitTest name="FileRequest_MeshGenerateSetsFileIsSynchronized" storage="d:\github\modelrelief\modelrelief.test\bin\debug\netcoreapp2.0\modelrelief.test.dll" id="690b6053-cce4-4305-b1c4-8091faf1c15b"><Execution id="24875ca8-1c6b-4521-8e4c-4bfe34c73f97" /><TestMethod codeBase="d:\Github\ModelRelief\ModelRelief.test\bin\Debug\netcoreapp2.0\ModelRelief.Test.dll" adapterTypeName="executor://xunit/VsTestRunner2/netcoreapp" className="ModelRelief.Test.Integration.Meshes.MeshesFileIntegrationTests" name="FileRequest_MeshGenerateSetsFileIsSynchronized" /></UnitTest><UnitTest name="Delete_TargetModelIsDeleted" storage="d:\github\modelrelief\modelrelief.test\bin\debug\netcoreapp2.0\modelrelief.test.dll" id="57c0d175-b23b-4bd7-a89f-2feee42672db"><Execution id="43fbd854-7dc5-42f0-b375-de7ddd23b754" /><TestMethod codeBase="d:\Github\ModelRelief\ModelRelief.test\bin\Debug\netcoreapp2.0\ModelRelief.Test.dll" adapterTypeName="executor://xunit/VsTestRunner2/netcoreapp" className="ModelRelief.Test.Integration.Projects.ProjectsBaseIntegrationTests" name="Delete_TargetModelIsDeleted" /></UnitTest><UnitTest name="Patch_MultipleInvalidReferencePropertiesReturnsMultipleValidationErrorsAndBadRequest" storage="d:\github\modelrelief\modelrelief.test\bin\debug\netcoreapp2.0\modelrelief.test.dll" id="02dbcdd7-5890-406e-b130-64fd7385a91c"><Execution id="619ee85a-2dcc-4efc-ae86-e79c375ba70d" /><TestMethod codeBase="d:\Github\ModelRelief\ModelRelief.test\bin\Debug\netcoreapp2.0\ModelRelief.Test.dll" adapterTypeName="executor://xunit/VsTestRunner2/netcoreapp" className="ModelRelief.Test.Integration.DepthBuffers.DepthBuffersBaseIntegrationTests" name="Patch_MultipleInvalidReferencePropertiesReturnsMultipleValidationErrorsAndBadRequest" /></UnitTest><UnitTest name="Model3dHasExpectedDependentFiles" storage="d:\github\modelrelief\modelrelief.test\bin\debug\netcoreapp2.0\modelrelief.test.dll" id="0180320d-a2cd-4818-861c-0ebc64e3f9c6"><Execution id="2f20b752-7f0f-47c3-ad7c-a80505e76cae" /><TestMethod codeBase="d:\Github\ModelRelief\ModelRelief.test\bin\Debug\netcoreapp2.0\ModelRelief.Test.dll" adapterTypeName="executor://xunit/VsTestRunner2/netcoreapp" className="ModelRelief.Test.Unit.DependencyManager.DependencyManagerTests" name="Model3dHasExpectedDependentFiles" /></UnitTest><UnitTest name="Post_CanCreateNewModel" storage="d:\github\modelrelief\modelrelief.test\bin\debug\netcoreapp2.0\modelrelief.test.dll" id="65e39c02-ce55-4305-82c3-89c6d3194a3a"><Execution id="d2e90039-3a94-43e5-93b9-60766c696c84" /><TestMethod codeBase="d:\Github\ModelRelief\ModelRelief.test\bin\Debug\netcoreapp2.0\ModelRelief.Test.dll" adapterTypeName="executor://xunit/VsTestRunner2/netcoreapp" className="ModelRelief.Test.Integration.Models.ModelsBaseIntegrationTests" name="Post_CanCreateNewModel" /></UnitTest><UnitTest name="PutFile_NewFileCanBePut" storage="d:\github\modelrelief\modelrelief.test\bin\debug\netcoreapp2.0\modelrelief.test.dll" id="f4f540b2-271c-468c-b9a1-5be39cec21de"><Execution id="c4d3f4de-f6f7-46a3-8bc9-8a58fee6535e" /><TestMethod codeBase="d:\Github\ModelRelief\ModelRelief.test\bin\Debug\netcoreapp2.0\ModelRelief.Test.dll" adapterTypeName="executor://xunit/VsTestRunner2/netcoreapp" className="ModelRelief.Test.Integration.DepthBuffers.DepthBuffersFileIntegrationTests" name="PutFile_NewFileCanBePut" /></UnitTest><UnitTest name="GetFile_ExistingFileReturnsSuccess" storage="d:\github\modelrelief\modelrelief.test\bin\debug\netcoreapp2.0\modelrelief.test.dll" id="d6e8d540-4514-4554-9982-40cc6c07ac27"><Execution id="4d7d16b1-bf76-4d33-ade4-78d3544ca5cd" /><TestMethod codeBase="d:\Github\ModelRelief\ModelRelief.test\bin\Debug\netcoreapp2.0\ModelRelief.Test.dll" adapterTypeName="executor://xunit/VsTestRunner2/netcoreapp" className="ModelRelief.Test.Integration.DepthBuffers.DepthBuffersFileIntegrationTests" name="GetFile_ExistingFileReturnsSuccess" /></UnitTest><UnitTest name="Put_InvalidIdReturnsNotFound" storage="d:\github\modelrelief\modelrelief.test\bin\debug\netcoreapp2.0\modelrelief.test.dll" id="301bce48-bab3-4ea8-be30-ade9c8c869d9"><Execution id="9dfb6c08-cf09-47bb-9699-a61eb002c468" /><TestMethod codeBase="d:\Github\ModelRelief\ModelRelief.test\bin\Debug\netcoreapp2.0\ModelRelief.Test.dll" adapterTypeName="executor://xunit/VsTestRunner2/netcoreapp" className="ModelRelief.Test.Integration.Cameras.CamerasBaseIntegrationTests" name="Put_InvalidIdReturnsNotFound" /></UnitTest><UnitTest name="PutFile_NewFileCanBePut" storage="d:\github\modelrelief\modelrelief.test\bin\debug\netcoreapp2.0\modelrelief.test.dll" id="e04d3d7d-92b0-4611-9482-80e742b318a7"><Execution id="ec323720-c00a-481e-a94b-a2e1306d920e" /><TestMethod codeBase="d:\Github\ModelRelief\ModelRelief.test\bin\Debug\netcoreapp2.0\ModelRelief.Test.dll" adapterTypeName="executor://xunit/VsTestRunner2/netcoreapp" className="ModelRelief.Test.Integration.Models.ModelsFileIntegrationTests" name="PutFile_NewFileCanBePut" /></UnitTest><UnitTest name="PutFile_FileCanBeUpdated" storage="d:\github\modelrelief\modelrelief.test\bin\debug\netcoreapp2.0\modelrelief.test.dll" id="d0aef808-7f5a-4ecb-931b-36da6528262e"><Execution id="ca2c1aef-3d92-4044-9c05-65042de509ad" /><TestMethod codeBase="d:\Github\ModelRelief\ModelRelief.test\bin\Debug\netcoreapp2.0\ModelRelief.Test.dll" adapterTypeName="executor://xunit/VsTestRunner2/netcoreapp" className="ModelRelief.Test.Integration.Meshes.MeshesFileIntegrationTests" name="PutFile_FileCanBeUpdated" /></UnitTest><UnitTest name="Post_InvalidReferencePropertyReturnsBadRequest" storage="d:\github\modelrelief\modelrelief.test\bin\debug\netcoreapp2.0\modelrelief.test.dll" id="060efa31-7caa-4632-94d6-6d3cc87a06d0"><Execution id="f79a3cc7-20c6-498f-a424-f5cc99cf2923" /><TestMethod codeBase="d:\Github\ModelRelief\ModelRelief.test\bin\Debug\netcoreapp2.0\ModelRelief.Test.dll" adapterTypeName="executor://xunit/VsTestRunner2/netcoreapp" className="ModelRelief.Test.Integration.Models.ModelsBaseIntegrationTests" name="Post_InvalidReferencePropertyReturnsBadRequest" /></UnitTest><UnitTest name="Put_CanUpdateModel" storage="d:\github\modelrelief\modelrelief.test\bin\debug\netcoreapp2.0\modelrelief.test.dll" id="4133041f-86d0-4a8a-a933-7fd06f4ddcf4"><Execution id="14136e2b-42f7-4a3f-bb1b-13261a0d0166" /><TestMethod codeBase="d:\Github\ModelRelief\ModelRelief.test\bin\Debug\netcoreapp2.0\ModelRelief.Test.dll" adapterTypeName="executor://xunit/VsTestRunner2/netcoreapp" className="ModelRelief.Test.Integration.Cameras.CamerasBaseIntegrationTests" name="Put_CanUpdateModel" /></UnitTest><UnitTest name="GetList_ListReturnsCorrectCount" storage="d:\github\modelrelief\modelrelief.test\bin\debug\netcoreapp2.0\modelrelief.test.dll" id="39881bdf-0762-4a86-9195-2e2cb5cf739a"><Execution id="3055c28e-3d32-4f50-a8e9-cef6c5da71de" /><TestMethod codeBase="d:\Github\ModelRelief\ModelRelief.test\bin\Debug\netcoreapp2.0\ModelRelief.Test.dll" adapterTypeName="executor://xunit/VsTestRunner2/netcoreapp" className="ModelRelief.Test.Integration.MeshTransforms.MeshTransformsBaseIntegrationTests" name="GetList_ListReturnsCorrectCount" /></UnitTest><UnitTest name="Put_InvalidIdReturnsNotFound" storage="d:\github\modelrelief\modelrelief.test\bin\debug\netcoreapp2.0\modelrelief.test.dll" id="a55fdb1c-65fd-4fba-9e7c-e9172a11f23e"><Execution id="529bcb03-6cff-46a0-8172-5f66c5c4dacb" /><TestMethod codeBase="d:\Github\ModelRelief\ModelRelief.test\bin\Debug\netcoreapp2.0\ModelRelief.Test.dll" adapterTypeName="executor://xunit/VsTestRunner2/netcoreapp" className="ModelRelief.Test.Integration.MeshTransforms.MeshTransformsBaseIntegrationTests" name="Put_InvalidIdReturnsNotFound" /></UnitTest><UnitTest name="Patch_InvalidIdPropertyReturnsNotFound" storage="d:\github\modelrelief\modelrelief.test\bin\debug\netcoreapp2.0\modelrelief.test.dll" id="82c3a3b9-942e-488e-b1f6-932bcd10d330"><Execution id="d5080879-cd54-4fa2-a6e8-5b5040f19cf4" /><TestMethod codeBase="d:\Github\ModelRelief\ModelRelief.test\bin\Debug\netcoreapp2.0\ModelRelief.Test.dll" adapterTypeName="executor://xunit/VsTestRunner2/netcoreapp" className="ModelRelief.Test.Integration.Cameras.CamerasBaseIntegrationTests" name="Patch_InvalidIdPropertyReturnsNotFound" /></UnitTest><UnitTest name="Put_InvalidReferencePropertyReturndBadRequest" storage="d:\github\modelrelief\modelrelief.test\bin\debug\netcoreapp2.0\modelrelief.test.dll" id="b1963f6a-e342-4c64-9e3c-9d0f522fbecb"><Execution id="21603710-05b2-409b-aa33-40cf0e1dcc18" /><TestMethod codeBase="d:\Github\ModelRelief\ModelRelief.test\bin\Debug\netcoreapp2.0\ModelRelief.Test.dll" adapterTypeName="executor://xunit/VsTestRunner2/netcoreapp" className="ModelRelief.Test.Integration.Models.ModelsBaseIntegrationTests" name="Put_InvalidReferencePropertyReturndBadRequest" /></UnitTest><UnitTest name="PutFile_NewFileCanBePut" storage="d:\github\modelrelief\modelrelief.test\bin\debug\netcoreapp2.0\modelrelief.test.dll" id="5f5ae505-673c-4177-a5e9-7b6dc9e3a4d0"><Execution id="0f2eebef-6fe6-4fb8-9bd9-1d231a90800d" /><TestMethod codeBase="d:\Github\ModelRelief\ModelRelief.test\bin\Debug\netcoreapp2.0\ModelRelief.Test.dll" adapterTypeName="executor://xunit/VsTestRunner2/netcoreapp" className="ModelRelief.Test.Integration.Meshes.MeshesFileIntegrationTests" name="PutFile_NewFileCanBePut" /></UnitTest><UnitTest name="GetSingle_ValidIdPropertyValueReturnsCorrectModel" storage="d:\github\modelrelief\modelrelief.test\bin\debug\netcoreapp2.0\modelrelief.test.dll" id="13453f15-ffc4-4397-b62a-b2c16a767e0f"><Execution id="dfbcd783-5a01-4b84-bb88-b4273a1e41c1" /><TestMethod codeBase="d:\Github\ModelRelief\ModelRelief.test\bin\Debug\netcoreapp2.0\ModelRelief.Test.dll" adapterTypeName="executor://xunit/VsTestRunner2/netcoreapp" className="ModelRelief.Test.Integration.MeshTransforms.MeshTransformsBaseIntegrationTests" name="GetSingle_ValidIdPropertyValueReturnsCorrectModel" /></UnitTest><UnitTest name="Put_ValidReferencePropertyUpdatesModel" storage="d:\github\modelrelief\modelrelief.test\bin\debug\netcoreapp2.0\modelrelief.test.dll" id="398dffb4-a2ab-4c74-8d23-a86de9167a40"><Execution id="5dda41f4-ad68-463b-bd6e-8ded9fed54f1" /><TestMethod codeBase="d:\Github\ModelRelief\ModelRelief.test\bin\Debug\netcoreapp2.0\ModelRelief.Test.dll" adapterTypeName="executor://xunit/VsTestRunner2/netcoreapp" className="ModelRelief.Test.Integration.Cameras.CamerasBaseIntegrationTests" name="Put_ValidReferencePropertyUpdatesModel" /></UnitTest><UnitTest name="Post_InvalidReferencePropertyReturnsBadRequest" storage="d:\github\modelrelief\modelrelief.test\bin\debug\netcoreapp2.0\modelrelief.test.dll" id="de6514e3-c2e7-42b4-9058-1089b8eb4895"><Execution id="75aea459-645a-4702-b1e8-80d1fb7e7593" /><TestMethod codeBase="d:\Github\ModelRelief\ModelRelief.test\bin\Debug\netcoreapp2.0\ModelRelief.Test.dll" adapterTypeName="executor://xunit/VsTestRunner2/netcoreapp" className="ModelRelief.Test.Integration.Projects.ProjectsBaseIntegrationTests" name="Post_InvalidReferencePropertyReturnsBadRequest" /></UnitTest><UnitTest name="Post_CanCreateNewModel" storage="d:\github\modelrelief\modelrelief.test\bin\debug\netcoreapp2.0\modelrelief.test.dll" id="724f0b21-5e24-4c03-b9b6-65a5ddb72b1a"><Execution id="cc5ff539-7ff1-4f49-8f5a-843fc9747094" /><TestMethod codeBase="d:\Github\ModelRelief\ModelRelief.test\bin\Debug\netcoreapp2.0\ModelRelief.Test.dll" adapterTypeName="executor://xunit/VsTestRunner2/netcoreapp" className="ModelRelief.Test.Integration.Projects.ProjectsBaseIntegrationTests" name="Post_CanCreateNewModel" /></UnitTest><UnitTest name="PostFile_FileIsSynchronizedIsUpdatedAfterFileIsPosted" storage="d:\github\modelrelief\modelrelief.test\bin\debug\netcoreapp2.0\modelrelief.test.dll" id="b8c56acd-ad72-4ba1-9473-2c687798be57"><Execution id="cc892d41-93fb-40c8-a7fe-f6375fc0d0fb" /><TestMethod codeBase="d:\Github\ModelRelief\ModelRelief.test\bin\Debug\netcoreapp2.0\ModelRelief.Test.dll" adapterTypeName="executor://xunit/VsTestRunner2/netcoreapp" className="ModelRelief.Test.Integration.Meshes.MeshesFileIntegrationTests" name="PostFile_FileIsSynchronizedIsUpdatedAfterFileIsPosted" /></UnitTest><UnitTest name="LucyDepthBufferFindsOneDependent" storage="d:\github\modelrelief\modelrelief.test\bin\debug\netcoreapp2.0\modelrelief.test.dll" id="952db377-5974-4603-a47b-9e40077a2c17"><Execution id="8ecaf19c-9c47-4594-a4bc-6aa79f9e37b6" /><TestMethod codeBase="d:\Github\ModelRelief\ModelRelief.test\bin\Debug\netcoreapp2.0\ModelRelief.Test.dll" adapterTypeName="executor://xunit/VsTestRunner2/netcoreapp" className="ModelRelief.Test.Unit.DependencyManager.DependencyManagerTests" name="LucyDepthBufferFindsOneDependent" /></UnitTest><UnitTest name="Patch_InvalidEnumPropertyValueReturnsBadRequest" storage="d:\github\modelrelief\modelrelief.test\bin\debug\netcoreapp2.0\modelrelief.test.dll" id="c16aa5bd-a893-41e1-8576-fbf15e452148"><Execution id="f1df1a0a-4e57-49c8-a0f3-e9366ac22f9a" /><TestMethod codeBase="d:\Github\ModelRelief\ModelRelief.test\bin\Debug\netcoreapp2.0\ModelRelief.Test.dll" adapterTypeName="executor://xunit/VsTestRunner2/netcoreapp" className="ModelRelief.Test.Integration.Meshes.MeshesBaseIntegrationTests" name="Patch_InvalidEnumPropertyValueReturnsBadRequest" /></UnitTest><UnitTest name="GetFile_ExistingFileReturnsSuccess" storage="d:\github\modelrelief\modelrelief.test\bin\debug\netcoreapp2.0\modelrelief.test.dll" id="5332fd8b-2a04-4a4c-bbc1-43bf23f41ac3"><Execution id="857ee3cc-3f0f-4119-88d8-c73787b11050" /><TestMethod codeBase="d:\Github\ModelRelief\ModelRelief.test\bin\Debug\netcoreapp2.0\ModelRelief.Test.dll" adapterTypeName="executor://xunit/VsTestRunner2/netcoreapp" className="ModelRelief.Test.Integration.Models.ModelsFileIntegrationTests" name="GetFile_ExistingFileReturnsSuccess" /></UnitTest><UnitTest name="GetFile_NonExistentFileReturnsNotFound" storage="d:\github\modelrelief\modelrelief.test\bin\debug\netcoreapp2.0\modelrelief.test.dll" id="8d8cefc6-a0be-4c38-934c-541545d49a75"><Execution id="2dba060c-5aae-437d-88e8-731c16bb96c1" /><TestMethod codeBase="d:\Github\ModelRelief\ModelRelief.test\bin\Debug\netcoreapp2.0\ModelRelief.Test.dll" adapterTypeName="executor://xunit/VsTestRunner2/netcoreapp" className="ModelRelief.Test.Integration.DepthBuffers.DepthBuffersFileIntegrationTests" name="GetFile_NonExistentFileReturnsNotFound" /></UnitTest><UnitTest name="Post_CanCreateNewModel" storage="d:\github\modelrelief\modelrelief.test\bin\debug\netcoreapp2.0\modelrelief.test.dll" id="b483ec02-9adc-41e4-b6db-af0323f48226"><Execution id="92dbcaeb-c937-479b-a00a-5b90b54841c0" /><TestMethod codeBase="d:\Github\ModelRelief\ModelRelief.test\bin\Debug\netcoreapp2.0\ModelRelief.Test.dll" adapterTypeName="executor://xunit/VsTestRunner2/netcoreapp" className="ModelRelief.Test.Integration.DepthBuffers.DepthBuffersBaseIntegrationTests" name="Post_CanCreateNewModel" /></UnitTest><UnitTest name="PostFile_FileTimeStampIsUpdatedAfterFileIsPosted" storage="d:\github\modelrelief\modelrelief.test\bin\debug\netcoreapp2.0\modelrelief.test.dll" id="01539437-f94c-47b4-b72d-6ae0e092ed04"><Execution id="c073fe22-bc5d-45ab-b623-77d3169a57be" /><TestMethod codeBase="d:\Github\ModelRelief\ModelRelief.test\bin\Debug\netcoreapp2.0\ModelRelief.Test.dll" adapterTypeName="executor://xunit/VsTestRunner2/netcoreapp" className="ModelRelief.Test.Integration.Models.ModelsFileIntegrationTests" name="PostFile_FileTimeStampIsUpdatedAfterFileIsPosted" /></UnitTest><UnitTest name="GetSingle_InvalidIdPropertyValueReturnsNotFound" storage="d:\github\modelrelief\modelrelief.test\bin\debug\netcoreapp2.0\modelrelief.test.dll" id="ccd161e5-867d-46e1-86fe-44219deb555b"><Execution id="bd677877-fbaf-44fb-b316-d1255d66ab1b" /><TestMethod codeBase="d:\Github\ModelRelief\ModelRelief.test\bin\Debug\netcoreapp2.0\ModelRelief.Test.dll" adapterTypeName="executor://xunit/VsTestRunner2/netcoreapp" className="ModelRelief.Test.Integration.Cameras.CamerasBaseIntegrationTests" name="GetSingle_InvalidIdPropertyValueReturnsNotFound" /></UnitTest><UnitTest name="FileRequest_MeshIsInvalidatedAfterDepthBufferFileBecomesUnsynchronized" storage="d:\github\modelrelief\modelrelief.test\bin\debug\netcoreapp2.0\modelrelief.test.dll" id="06c825b8-d57d-4bb6-8263-781cb0f51e00"><Execution id="8beec946-2a1a-446c-a15b-6e04b1d1ae64" /><TestMethod codeBase="d:\Github\ModelRelief\ModelRelief.test\bin\Debug\netcoreapp2.0\ModelRelief.Test.dll" adapterTypeName="executor://xunit/VsTestRunner2/netcoreapp" className="ModelRelief.Test.Integration.Meshes.MeshesFileIntegrationTests" name="FileRequest_MeshIsInvalidatedAfterDepthBufferFileBecomesUnsynchronized" /></UnitTest><UnitTest name="PostFile_NewFileCanBePosted" storage="d:\github\modelrelief\modelrelief.test\bin\debug\netcoreapp2.0\modelrelief.test.dll" id="1a16d89b-8b7d-4ea2-8c80-e2f841bbfbe6"><Execution id="11dcdd80-6451-40a8-ae72-ac0a21aceb97" /><TestMethod codeBase="d:\Github\ModelRelief\ModelRelief.test\bin\Debug\netcoreapp2.0\ModelRelief.Test.dll" adapterTypeName="executor://xunit/VsTestRunner2/netcoreapp" className="ModelRelief.Test.Integration.DepthBuffers.DepthBuffersFileIntegrationTests" name="PostFile_NewFileCanBePosted" /></UnitTest><UnitTest name="Post_InvalidReferencePropertyReturnsBadRequest" storage="d:\github\modelrelief\modelrelief.test\bin\debug\netcoreapp2.0\modelrelief.test.dll" id="ae8c55a2-c905-4a9d-a20c-98b734fc3bc0"><Execution id="5c996917-0597-4a1d-aa6b-52eea2e975ba" /><TestMethod codeBase="d:\Github\ModelRelief\ModelRelief.test\bin\Debug\netcoreapp2.0\ModelRelief.Test.dll" adapterTypeName="executor://xunit/VsTestRunner2/netcoreapp" className="ModelRelief.Test.Integration.Cameras.CamerasBaseIntegrationTests" name="Post_InvalidReferencePropertyReturnsBadRequest" /></UnitTest><UnitTest name="Put_CanUpdateModel" storage="d:\github\modelrelief\modelrelief.test\bin\debug\netcoreapp2.0\modelrelief.test.dll" id="f1f8f757-1772-4497-a26b-34c01652e33d"><Execution id="73079c79-1ff4-41a9-b03b-520916097dd6" /><TestMethod codeBase="d:\Github\ModelRelief\ModelRelief.test\bin\Debug\netcoreapp2.0\ModelRelief.Test.dll" adapterTypeName="executor://xunit/VsTestRunner2/netcoreapp" className="ModelRelief.Test.Integration.DepthBuffers.DepthBuffersBaseIntegrationTests" name="Put_CanUpdateModel" /></UnitTest><UnitTest name="PutFile_FileCanBeUpdated" storage="d:\github\modelrelief\modelrelief.test\bin\debug\netcoreapp2.0\modelrelief.test.dll" id="2ae9865a-c106-499d-8a40-22e6570fc8e6"><Execution id="7a988315-0b58-4d15-83d6-ce7755a11d12" /><TestMethod codeBase="d:\Github\ModelRelief\ModelRelief.test\bin\Debug\netcoreapp2.0\ModelRelief.Test.dll" adapterTypeName="executor://xunit/VsTestRunner2/netcoreapp" className="ModelRelief.Test.Integration.DepthBuffers.DepthBuffersFileIntegrationTests" name="PutFile_FileCanBeUpdated" /></UnitTest><UnitTest name="Patch_InvalidIdPropertyReturnsNotFound" storage="d:\github\modelrelief\modelrelief.test\bin\debug\netcoreapp2.0\modelrelief.test.dll" id="3e5c668d-c449-4475-bef4-4cd109922fcb"><Execution id="17563b13-9f15-4339-a5fd-e1f88590e11e" /><TestMethod codeBase="d:\Github\ModelRelief\ModelRelief.test\bin\Debug\netcoreapp2.0\ModelRelief.Test.dll" adapterTypeName="executor://xunit/VsTestRunner2/netcoreapp" className="ModelRelief.Test.Integration.DepthBuffers.DepthBuffersBaseIntegrationTests" name="Patch_InvalidIdPropertyReturnsNotFound" /></UnitTest><UnitTest name="Put_InvalidReferencePropertyReturndBadRequest" storage="d:\github\modelrelief\modelrelief.test\bin\debug\netcoreapp2.0\modelrelief.test.dll" id="cf1c5315-f5f3-4c1b-803c-763845875fa9"><Execution id="8a8fbb64-de53-4591-90e4-68abb4c45b84" /><TestMethod codeBase="d:\Github\ModelRelief\ModelRelief.test\bin\Debug\netcoreapp2.0\ModelRelief.Test.dll" adapterTypeName="executor://xunit/VsTestRunner2/netcoreapp" className="ModelRelief.Test.Integration.MeshTransforms.MeshTransformsBaseIntegrationTests" name="Put_InvalidReferencePropertyReturndBadRequest" /></UnitTest><UnitTest name="LucyModel3dHasTwoDependents" storage="d:\github\modelrelief\modelrelief.test\bin\debug\netcoreapp2.0\modelrelief.test.dll" id="ff32e36c-5c3b-4a88-a24d-f19a67593488"><Execution id="3e738ad9-3a0b-4ee8-a93c-41380eccbf52" /><TestMethod codeBase="d:\Github\ModelRelief\ModelRelief.test\bin\Debug\netcoreapp2.0\ModelRelief.Test.dll" adapterTypeName="executor://xunit/VsTestRunner2/netcoreapp" className="ModelRelief.Test.Unit.DependencyManager.DependencyManagerTests" name="LucyModel3dHasTwoDependents" /></UnitTest><UnitTest name="GetFile_FileCanBeRoundTripped" storage="d:\github\modelrelief\modelrelief.test\bin\debug\netcoreapp2.0\modelrelief.test.dll" id="47069da1-a5e6-4bec-9d57-2bf6c868a0fe"><Execution id="391521d1-9ca4-47d1-a207-a6329e594a15" /><TestMethod codeBase="d:\Github\ModelRelief\ModelRelief.test\bin\Debug\netcoreapp2.0\ModelRelief.Test.dll" adapterTypeName="executor://xunit/VsTestRunner2/netcoreapp" className="ModelRelief.Test.Integration.DepthBuffers.DepthBuffersFileIntegrationTests" name="GetFile_FileCanBeRoundTripped" /></UnitTest><UnitTest name="Put_InvalidReferencePropertyReturndBadRequest" storage="d:\github\modelrelief\modelrelief.test\bin\debug\netcoreapp2.0\modelrelief.test.dll" id="55cbb697-3d8e-4cd3-b154-d6fb74b83e4a"><Execution id="3bb4b8e3-e27e-4053-ba9a-34934d9571db" /><TestMethod codeBase="d:\Github\ModelRelief\ModelRelief.test\bin\Debug\netcoreapp2.0\ModelRelief.Test.dll" adapterTypeName="executor://xunit/VsTestRunner2/netcoreapp" className="ModelRelief.Test.Integration.DepthBuffers.DepthBuffersBaseIntegrationTests" name="Put_InvalidReferencePropertyReturndBadRequest" /></UnitTest><UnitTest name="Patch_InvalidIdPropertyReturnsNotFound" storage="d:\github\modelrelief\modelrelief.test\bin\debug\netcoreapp2.0\modelrelief.test.dll" id="dd206895-9fbc-4efc-b9ea-95a38ec57317"><Execution id="4df989f4-4abc-4e40-b523-e4ef3996a0e6" /><TestMethod codeBase="d:\Github\ModelRelief\ModelRelief.test\bin\Debug\netcoreapp2.0\ModelRelief.Test.dll" adapterTypeName="executor://xunit/VsTestRunner2/netcoreapp" className="ModelRelief.Test.Integration.Models.ModelsBaseIntegrationTests" name="Patch_InvalidIdPropertyReturnsNotFound" /></UnitTest><UnitTest name="GetSingle_InvalidIdPropertyValueReturnsNotFound" storage="d:\github\modelrelief\modelrelief.test\bin\debug\netcoreapp2.0\modelrelief.test.dll" id="129203b6-35e9-414c-af14-2787fc911e81"><Execution id="fcde5ffc-a067-421d-bf39-dba3ff68950e" /><TestMethod codeBase="d:\Github\ModelRelief\ModelRelief.test\bin\Debug\netcoreapp2.0\ModelRelief.Test.dll" adapterTypeName="executor://xunit/VsTestRunner2/netcoreapp" className="ModelRelief.Test.Integration.Projects.ProjectsBaseIntegrationTests" name="GetSingle_InvalidIdPropertyValueReturnsNotFound" /></UnitTest><UnitTest name="Put_ValidReferencePropertyUpdatesModel" storage="d:\github\modelrelief\modelrelief.test\bin\debug\netcoreapp2.0\modelrelief.test.dll" id="4898c711-c5f0-4265-b1a5-503bf013e7bd"><Execution id="b10183cf-5458-4338-aa1c-ba6790f7be65" /><TestMethod codeBase="d:\Github\ModelRelief\ModelRelief.test\bin\Debug\netcoreapp2.0\ModelRelief.Test.dll" adapterTypeName="executor://xunit/VsTestRunner2/netcoreapp" className="ModelRelief.Test.Integration.MeshTransforms.MeshTransformsBaseIntegrationTests" name="Put_ValidReferencePropertyUpdatesModel" /></UnitTest><UnitTest name="Patch_InvalidIdPropertyReturnsNotFound" storage="d:\github\modelrelief\modelrelief.test\bin\debug\netcoreapp2.0\modelrelief.test.dll" id="f76c0579-71bd-44aa-baaf-600fe1fc4588"><Execution id="a6b02fe4-bc2a-4418-8458-35f8d6c992a7" /><TestMethod codeBase="d:\Github\ModelRelief\ModelRelief.test\bin\Debug\netcoreapp2.0\ModelRelief.Test.dll" adapterTypeName="executor://xunit/VsTestRunner2/netcoreapp" className="ModelRelief.Test.Integration.MeshTransforms.MeshTransformsBaseIntegrationTests" name="Patch_InvalidIdPropertyReturnsNotFound" /></UnitTest><UnitTest name="Post_InvalidPropertyValueReturnsBadRequest" storage="d:\github\modelrelief\modelrelief.test\bin\debug\netcoreapp2.0\modelrelief.test.dll" id="7d53b9fc-5b7f-45d7-bbb5-35f3b285eef4"><Execution id="12faa33d-83a4-40c5-ae09-e883667133eb" /><TestMethod codeBase="d:\Github\ModelRelief\ModelRelief.test\bin\Debug\netcoreapp2.0\ModelRelief.Test.dll" adapterTypeName="executor://xunit/VsTestRunner2/netcoreapp" className="ModelRelief.Test.Integration.Models.ModelsBaseIntegrationTests" name="Post_InvalidPropertyValueReturnsBadRequest" /></UnitTest><UnitTest name="Post_ValidReferencePropertyCreatesModel" storage="d:\github\modelrelief\modelrelief.test\bin\debug\netcoreapp2.0\modelrelief.test.dll" id="a6ea1e40-19b1-45db-ae0b-0f67e4cdaca2"><Execution id="ba429a1a-f298-4f9d-9ec6-986b7e83d97b" /><TestMethod codeBase="d:\Github\ModelRelief\ModelRelief.test\bin\Debug\netcoreapp2.0\ModelRelief.Test.dll" adapterTypeName="executor://xunit/VsTestRunner2/netcoreapp" className="ModelRelief.Test.Integration.Meshes.MeshesBaseIntegrationTests" name="Post_ValidReferencePropertyCreatesModel" /></UnitTest><UnitTest name="Patch_ValidReferencePropertyUpdatesModel" storage="d:\github\modelrelief\modelrelief.test\bin\debug\netcoreapp2.0\modelrelief.test.dll" id="0769fc73-0a6c-4778-8b8e-0b063f550698"><Execution id="2077dc8c-9d82-4fa5-b440-dea8f3658451" /><TestMethod codeBase="d:\Github\ModelRelief\ModelRelief.test\bin\Debug\netcoreapp2.0\ModelRelief.Test.dll" adapterTypeName="executor://xunit/VsTestRunner2/netcoreapp" className="ModelRelief.Test.Integration.Meshes.MeshesBaseIntegrationTests" name="Patch_ValidReferencePropertyUpdatesModel" /></UnitTest><UnitTest name="GetList_ListReturnsCorrectCount" storage="d:\github\modelrelief\modelrelief.test\bin\debug\netcoreapp2.0\modelrelief.test.dll" id="49b3cd9c-b0ec-45ef-849c-6e5f9e06b23b"><Execution id="24421ca1-8e79-401d-bba4-eba7a5536da5" /><TestMethod codeBase="d:\Github\ModelRelief\ModelRelief.test\bin\Debug\netcoreapp2.0\ModelRelief.Test.dll" adapterTypeName="executor://xunit/VsTestRunner2/netcoreapp" className="ModelRelief.Test.Integration.Models.ModelsBaseIntegrationTests" name="GetList_ListReturnsCorrectCount" /></UnitTest><UnitTest name="Post_ValidReferencePropertyCreatesModel" storage="d:\github\modelrelief\modelrelief.test\bin\debug\netcoreapp2.0\modelrelief.test.dll" id="5ff8460d-2e46-4981-9cca-5a59b2c03773"><Execution id="f4f8d4b3-f708-4cfa-b6e0-66bc60da4c96" /><TestMethod codeBase="d:\Github\ModelRelief\ModelRelief.test\bin\Debug\netcoreapp2.0\ModelRelief.Test.dll" adapterTypeName="executor://xunit/VsTestRunner2/netcoreapp" className="ModelRelief.Test.Integration.MeshTransforms.MeshTransformsBaseIntegrationTests" name="Post_ValidReferencePropertyCreatesModel" /></UnitTest><UnitTest name="Post_ValidReferencePropertyCreatesModel" storage="d:\github\modelrelief\modelrelief.test\bin\debug\netcoreapp2.0\modelrelief.test.dll" id="b66475f9-eefe-411c-9200-86aa74b2cd0b"><Execution id="e99599b0-0b62-4e17-8ef4-72bdd1f96dd2" /><TestMethod codeBase="d:\Github\ModelRelief\ModelRelief.test\bin\Debug\netcoreapp2.0\ModelRelief.Test.dll" adapterTypeName="executor://xunit/VsTestRunner2/netcoreapp" className="ModelRelief.Test.Integration.DepthBuffers.DepthBuffersBaseIntegrationTests" name="Post_ValidReferencePropertyCreatesModel" /></UnitTest><UnitTest name="GetSingle_InvalidIdPropertyValueReturnsNotFound" storage="d:\github\modelrelief\modelrelief.test\bin\debug\netcoreapp2.0\modelrelief.test.dll" id="c97a35b4-cbc2-4856-8834-1a4321dbb953"><Execution id="2940172b-f412-4d29-bc0d-e188a8fd1474" /><TestMethod codeBase="d:\Github\ModelRelief\ModelRelief.test\bin\Debug\netcoreapp2.0\ModelRelief.Test.dll" adapterTypeName="executor://xunit/VsTestRunner2/netcoreapp" className="ModelRelief.Test.Integration.DepthBuffers.DepthBuffersBaseIntegrationTests" name="GetSingle_InvalidIdPropertyValueReturnsNotFound" /></UnitTest><UnitTest name="Put_ValidReferencePropertyUpdatesModel" storage="d:\github\modelrelief\modelrelief.test\bin\debug\netcoreapp2.0\modelrelief.test.dll" id="2803a95f-1a49-40d9-b1ff-4dc5a116c036"><Execution id="5ae21ea0-a32d-4042-8827-ba8df026b38c" /><TestMethod codeBase="d:\Github\ModelRelief\ModelRelief.test\bin\Debug\netcoreapp2.0\ModelRelief.Test.dll" adapterTypeName="executor://xunit/VsTestRunner2/netcoreapp" className="ModelRelief.Test.Integration.Projects.ProjectsBaseIntegrationTests" name="Put_ValidReferencePropertyUpdatesModel" /></UnitTest><UnitTest name="GetSingle_ValidIdPropertyValueReturnsCorrectModel" storage="d:\github\modelrelief\modelrelief.test\bin\debug\netcoreapp2.0\modelrelief.test.dll" id="eb1cf57b-86ac-41e5-a853-5faf9cbec88e"><Execution id="5b73e703-c3ce-44f5-b21d-5ece6f864980" /><TestMethod codeBase="d:\Github\ModelRelief\ModelRelief.test\bin\Debug\netcoreapp2.0\ModelRelief.Test.dll" adapterTypeName="executor://xunit/VsTestRunner2/netcoreapp" className="ModelRelief.Test.Integration.Meshes.MeshesBaseIntegrationTests" name="GetSingle_ValidIdPropertyValueReturnsCorrectModel" /></UnitTest><UnitTest name="PostFile_FileTimeStampIsUpdatedAfterFileIsPosted" storage="d:\github\modelrelief\modelrelief.test\bin\debug\netcoreapp2.0\modelrelief.test.dll" id="abeebf38-d5dd-4ddb-b0cd-ec764db2b599"><Execution id="b9a9be51-8000-4d5b-b258-a3368c2b2c5c" /><TestMethod codeBase="d:\Github\ModelRelief\ModelRelief.test\bin\Debug\netcoreapp2.0\ModelRelief.Test.dll" adapterTypeName="executor://xunit/VsTestRunner2/netcoreapp" className="ModelRelief.Test.Integration.Meshes.MeshesFileIntegrationTests" name="PostFile_FileTimeStampIsUpdatedAfterFileIsPosted" /></UnitTest><UnitTest name="FileRequest_DepthBufferIsInvalidatedAfterCameraDependencyPropertyChange" storage="d:\github\modelrelief\modelrelief.test\bin\debug\netcoreapp2.0\modelrelief.test.dll" id="ed19d528-9834-4fb5-a4b4-3b33f8bf8b89"><Execution id="ef0199a5-b23e-46cd-9e01-c2b4b0ac4f21" /><TestMethod codeBase="d:\Github\ModelRelief\ModelRelief.test\bin\Debug\netcoreapp2.0\ModelRelief.Test.dll" adapterTypeName="executor://xunit/VsTestRunner2/netcoreapp" className="ModelRelief.Test.Integration.DepthBuffers.DepthBuffersFileIntegrationTests" name="FileRequest_DepthBufferIsInvalidatedAfterCameraDependencyPropertyChange" /></UnitTest><UnitTest name="Put_InvalidReferencePropertyReturndBadRequest" storage="d:\github\modelrelief\modelrelief.test\bin\debug\netcoreapp2.0\modelrelief.test.dll" id="5d8f827f-311e-4070-afe5-e84479c96600"><Execution id="123fbd8f-5afb-40c0-a657-396b9808f820" /><TestMethod codeBase="d:\Github\ModelRelief\ModelRelief.test\bin\Debug\netcoreapp2.0\ModelRelief.Test.dll" adapterTypeName="executor://xunit/VsTestRunner2/netcoreapp" className="ModelRelief.Test.Integration.Projects.ProjectsBaseIntegrationTests" name="Put_InvalidReferencePropertyReturndBadRequest" /></UnitTest><UnitTest name="Patch_InvalidIdPropertyReturnsNotFound" storage="d:\github\modelrelief\modelrelief.test\bin\debug\netcoreapp2.0\modelrelief.test.dll" id="f4550371-6dc1-4b0e-a2ad-7b72c0432fab"><Execution id="588689d0-051a-41f4-998f-f1a66e9bc8ff" /><TestMethod codeBase="d:\Github\ModelRelief\ModelRelief.test\bin\Debug\netcoreapp2.0\ModelRelief.Test.dll" adapterTypeName="executor://xunit/VsTestRunner2/netcoreapp" className="ModelRelief.Test.Integration.Projects.ProjectsBaseIntegrationTests" name="Patch_InvalidIdPropertyReturnsNotFound" /></UnitTest><UnitTest name="Put_InvalidIdReturnsNotFound" storage="d:\github\modelrelief\modelrelief.test\bin\debug\netcoreapp2.0\modelrelief.test.dll" id="073c0f4f-47f5-44a8-999d-ffc4caaee78d"><Execution id="058d1d76-70ad-45a8-8da0-34a15fa2f28b" /><TestMethod codeBase="d:\Github\ModelRelief\ModelRelief.test\bin\Debug\netcoreapp2.0\ModelRelief.Test.dll" adapterTypeName="executor://xunit/VsTestRunner2/netcoreapp" className="ModelRelief.Test.Integration.Meshes.MeshesBaseIntegrationTests" name="Put_InvalidIdReturnsNotFound" /></UnitTest><UnitTest name="Patch_InvalidPropertyNameReturnsBadRequest" storage="d:\github\modelrelief\modelrelief.test\bin\debug\netcoreapp2.0\modelrelief.test.dll" id="3a3d14b3-e3ee-48a6-a0b7-708951e4bb11"><Execution id="753eca8a-796f-471b-ba57-fa5d6d57fb8f" /><TestMethod codeBase="d:\Github\ModelRelief\ModelRelief.test\bin\Debug\netcoreapp2.0\ModelRelief.Test.dll" adapterTypeName="executor://xunit/VsTestRunner2/netcoreapp" className="ModelRelief.Test.Integration.DepthBuffers.DepthBuffersBaseIntegrationTests" name="Patch_InvalidPropertyNameReturnsBadRequest" /></UnitTest><UnitTest name="Patch_InvalidPropertyNameReturnsBadRequest" storage="d:\github\modelrelief\modelrelief.test\bin\debug\netcoreapp2.0\modelrelief.test.dll" id="efa30bca-abbf-4c22-964f-fc519f6ee787"><Execution id="fb8c69ab-c150-4721-9cc5-95858e516d78" /><TestMethod codeBase="d:\Github\ModelRelief\ModelRelief.test\bin\Debug\netcoreapp2.0\ModelRelief.Test.dll" adapterTypeName="executor://xunit/VsTestRunner2/netcoreapp" className="ModelRelief.Test.Integration.MeshTransforms.MeshTransformsBaseIntegrationTests" name="Patch_InvalidPropertyNameReturnsBadRequest" /></UnitTest><UnitTest name="Patch_InvalidReferencePropertyReturnsBadRequest" storage="d:\github\modelrelief\modelrelief.test\bin\debug\netcoreapp2.0\modelrelief.test.dll" id="021458e9-c4c5-4c13-9c7d-88e96b04f4d6"><Execution id="50bb906a-d8ab-4774-875a-786e5b9cb0b9" /><TestMethod codeBase="d:\Github\ModelRelief\ModelRelief.test\bin\Debug\netcoreapp2.0\ModelRelief.Test.dll" adapterTypeName="executor://xunit/VsTestRunner2/netcoreapp" className="ModelRelief.Test.Integration.Projects.ProjectsBaseIntegrationTests" name="Patch_InvalidReferencePropertyReturnsBadRequest" /></UnitTest><UnitTest name="Put_CanUpdateModel" storage="d:\github\modelrelief\modelrelief.test\bin\debug\netcoreapp2.0\modelrelief.test.dll" id="c297ba9d-783a-44fa-a275-edee8086104f"><Execution id="4ad9a31d-35d2-40e6-9e28-a026c4dff7fc" /><TestMethod codeBase="d:\Github\ModelRelief\ModelRelief.test\bin\Debug\netcoreapp2.0\ModelRelief.Test.dll" adapterTypeName="executor://xunit/VsTestRunner2/netcoreapp" className="ModelRelief.Test.Integration.MeshTransforms.MeshTransformsBaseIntegrationTests" name="Put_CanUpdateModel" /></UnitTest><UnitTest name="Post_InvalidReferencePropertyReturnsBadRequest" storage="d:\github\modelrelief\modelrelief.test\bin\debug\netcoreapp2.0\modelrelief.test.dll" id="45f27aef-57ae-4e73-9f37-216e6533140d"><Execution id="e264bd65-0c6e-469d-a6a2-ea0fe867cc39" /><TestMethod codeBase="d:\Github\ModelRelief\ModelRelief.test\bin\Debug\netcoreapp2.0\ModelRelief.Test.dll" adapterTypeName="executor://xunit/VsTestRunner2/netcoreapp" className="ModelRelief.Test.Integration.MeshTransforms.MeshTransformsBaseIntegrationTests" name="Post_InvalidReferencePropertyReturnsBadRequest" /></UnitTest><UnitTest name="CameraHasExpectedDependentFiles" storage="d:\github\modelrelief\modelrelief.test\bin\debug\netcoreapp2.0\modelrelief.test.dll" id="27a3c67e-dee9-4796-b6cb-6cc9d4ca5026"><Execution id="205023cb-37de-4396-b60e-ebab290e7655" /><TestMethod codeBase="d:\Github\ModelRelief\ModelRelief.test\bin\Debug\netcoreapp2.0\ModelRelief.Test.dll" adapterTypeName="executor://xunit/VsTestRunner2/netcoreapp" className="ModelRelief.Test.Unit.DependencyManager.DependencyManagerTests" name="CameraHasExpectedDependentFiles" /></UnitTest><UnitTest name="FileRequest_FileCanBeReadAfterRename" storage="d:\github\modelrelief\modelrelief.test\bin\debug\netcoreapp2.0\modelrelief.test.dll" id="a5a1e4bd-b288-4c9b-beb1-77d3f43e44b6"><Execution id="98005b26-6996-4aee-b2fa-147978deceac" /><TestMethod codeBase="d:\Github\ModelRelief\ModelRelief.test\bin\Debug\netcoreapp2.0\ModelRelief.Test.dll" adapterTypeName="executor://xunit/VsTestRunner2/netcoreapp" className="ModelRelief.Test.Integration.Meshes.MeshesFileIntegrationTests" name="FileRequest_FileCanBeReadAfterRename" /></UnitTest></TestDefinitions><TestEntries><TestEntry testId="f1f8f757-1772-4497-a26b-34c01652e33d" executionId="73079c79-1ff4-41a9-b03b-520916097dd6" testListId="8c84fa94-04c1-424b-9868-57a2d4851a1d" /><TestEntry testId="9f637013-10ed-4d0a-b614-0de4d70ba341" executionId="6d37024b-8e0a-4f7a-80f9-d9fe09652776" testListId="8c84fa94-04c1-424b-9868-57a2d4851a1d" /><TestEntry testId="b8c56acd-ad72-4ba1-9473-2c687798be57" executionId="cc892d41-93fb-40c8-a7fe-f6375fc0d0fb" testListId="8c84fa94-04c1-424b-9868-57a2d4851a1d" /><TestEntry testId="513c9421-af18-4c3b-90fc-9204dfe14270" executionId="261b1d3d-e42d-477d-9089-46901acaf332" testListId="8c84fa94-04c1-424b-9868-57a2d4851a1d" /><TestEntry testId="eb1cf57b-86ac-41e5-a853-5faf9cbec88e" executionId="5b73e703-c3ce-44f5-b21d-5ece6f864980" testListId="8c84fa94-04c1-424b-9868-57a2d4851a1d" /><TestEntry testId="dd206895-9fbc-4efc-b9ea-95a38ec57317" executionId="4df989f4-4abc-4e40-b523-e4ef3996a0e6" testListId="8c84fa94-04c1-424b-9868-57a2d4851a1d" /><TestEntry testId="7c39f75f-fd27-4aae-b1d8-d5e57ca87b05" executionId="e0489c2e-6f5b-4966-804e-83407c92164c" testListId="8c84fa94-04c1-424b-9868-57a2d4851a1d" /><TestEntry testId="b07b7c97-ffed-4c72-8776-a4391dc14a02" executionId="07be776e-c529-42fc-9cca-fde0caad1247" testListId="8c84fa94-04c1-424b-9868-57a2d4851a1d" /><TestEntry testId="16e8ed55-27f3-4667-8411-3a270acd802f" executionId="f03ff72e-054b-4dff-8952-5c9d6d5c6c64" testListId="8c84fa94-04c1-424b-9868-57a2d4851a1d" /><TestEntry testId="012213bf-f1fd-4530-a6dd-31e99b3b4ecf" executionId="a03f0951-f0c4-4dc4-9265-58e911f50ebc" testListId="8c84fa94-04c1-424b-9868-57a2d4851a1d" /><TestEntry testId="f3bded85-eecb-4b14-b6e6-664becc6c068" executionId="57f10e45-0021-427a-9fdb-08dce3ad0323" testListId="8c84fa94-04c1-424b-9868-57a2d4851a1d" /><TestEntry testId="d0aef808-7f5a-4ecb-931b-36da6528262e" executionId="ca2c1aef-3d92-4044-9c05-65042de509ad" testListId="8c84fa94-04c1-424b-9868-57a2d4851a1d" /><TestEntry testId="49b9038a-885f-427e-880a-e6bae67d7080" executionId="8d7fb58e-005b-40bf-9d25-99647aaa70de" testListId="8c84fa94-04c1-424b-9868-57a2d4851a1d" /><TestEntry testId="129203b6-35e9-414c-af14-2787fc911e81" executionId="fcde5ffc-a067-421d-bf39-dba3ff68950e" testListId="8c84fa94-04c1-424b-9868-57a2d4851a1d" /><TestEntry testId="42acb1ce-e942-435b-a506-1b0a455a7a22" executionId="c3017291-086a-4ba6-aed8-17d00af41926" testListId="8c84fa94-04c1-424b-9868-57a2d4851a1d" /><TestEntry testId="165b60fd-03bf-4278-8c95-fb3d4022cd03" executionId="1d07349d-59ab-4070-8daf-7bc2b7d3170b" testListId="8c84fa94-04c1-424b-9868-57a2d4851a1d" /><TestEntry testId="021458e9-c4c5-4c13-9c7d-88e96b04f4d6" executionId="50bb906a-d8ab-4774-875a-786e5b9cb0b9" testListId="8c84fa94-04c1-424b-9868-57a2d4851a1d" /><TestEntry testId="b30766d6-90b7-4818-9d08-4e0bf58bdb4f" executionId="33d9dd9d-f027-4da3-be73-7b9ab97295b2" testListId="8c84fa94-04c1-424b-9868-57a2d4851a1d" /><TestEntry testId="a6ea1e40-19b1-45db-ae0b-0f67e4cdaca2" executionId="ba429a1a-f298-4f9d-9ec6-986b7e83d97b" testListId="8c84fa94-04c1-424b-9868-57a2d4851a1d" /><TestEntry testId="5332fd8b-2a04-4a4c-bbc1-43bf23f41ac3" executionId="857ee3cc-3f0f-4119-88d8-c73787b11050" testListId="8c84fa94-04c1-424b-9868-57a2d4851a1d" /><TestEntry testId="82c3a3b9-942e-488e-b1f6-932bcd10d330" executionId="d5080879-cd54-4fa2-a6e8-5b5040f19cf4" testListId="8c84fa94-04c1-424b-9868-57a2d4851a1d" /><TestEntry testId="ef2b3540-b381-413b-8e04-091de68b8918" executionId="59620e32-0c6e-4455-80c0-f449402bffca" testListId="8c84fa94-04c1-424b-9868-57a2d4851a1d" /><TestEntry testId="073c0f4f-47f5-44a8-999d-ffc4caaee78d" executionId="058d1d76-70ad-45a8-8da0-34a15fa2f28b" testListId="8c84fa94-04c1-424b-9868-57a2d4851a1d" /><TestEntry testId="b299204d-cb38-449e-8772-f9dab88ecd47" executionId="0a52521c-2eed-4149-aade-ab169a05cba6" testListId="8c84fa94-04c1-424b-9868-57a2d4851a1d" /><TestEntry testId="cd4b9db9-2737-4339-ae08-43a5b293e893" executionId="75545e46-19bc-4d58-b043-3ab7f5c83e37" testListId="8c84fa94-04c1-424b-9868-57a2d4851a1d" /><TestEntry testId="a741847e-a448-4c97-8c2e-d828b6f49e75" executionId="9594f73e-0acc-4341-b746-3c82758bd347" testListId="8c84fa94-04c1-424b-9868-57a2d4851a1d" /><TestEntry testId="5ff8460d-2e46-4981-9cca-5a59b2c03773" executionId="f4f8d4b3-f708-4cfa-b6e0-66bc60da4c96" testListId="8c84fa94-04c1-424b-9868-57a2d4851a1d" /><TestEntry testId="d194224b-eb8c-4bef-bba2-358515840b19" executionId="0f3c0e3f-f1bf-4ab1-8303-5c17383ea268" testListId="8c84fa94-04c1-424b-9868-57a2d4851a1d" /><TestEntry testId="1f9a0fa7-ba62-4378-b310-34b82a2671de" executionId="1dd9f499-1d1b-45a9-bdbe-4567b7f0cf86" testListId="8c84fa94-04c1-424b-9868-57a2d4851a1d" /><TestEntry testId="cf1c5315-f5f3-4c1b-803c-763845875fa9" executionId="8a8fbb64-de53-4591-90e4-68abb4c45b84" testListId="8c84fa94-04c1-424b-9868-57a2d4851a1d" /><TestEntry testId="abeebf38-d5dd-4ddb-b0cd-ec764db2b599" executionId="b9a9be51-8000-4d5b-b258-a3368c2b2c5c" testListId="8c84fa94-04c1-424b-9868-57a2d4851a1d" /><TestEntry testId="5a0544c6-fced-44ad-884c-0c655838eff0" executionId="3835265a-cfde-48f8-9471-75e8a8d6c6c8" testListId="8c84fa94-04c1-424b-9868-57a2d4851a1d" /><TestEntry testId="ed19d528-9834-4fb5-a4b4-3b33f8bf8b89" executionId="ef0199a5-b23e-46cd-9e01-c2b4b0ac4f21" testListId="8c84fa94-04c1-424b-9868-57a2d4851a1d" /><TestEntry testId="9cfdbf82-986a-4cf6-8dc7-c6dbe37df99c" executionId="3cf4f6bf-f4bf-44cd-ad94-2ae0d2574368" testListId="8c84fa94-04c1-424b-9868-57a2d4851a1d" /><TestEntry testId="68c28e81-bbb5-4183-b81d-1ccd6bb0e64c" executionId="8d3c2e40-d7f5-4b20-bb66-482709e83017" testListId="8c84fa94-04c1-424b-9868-57a2d4851a1d" /><TestEntry testId="ccd161e5-867d-46e1-86fe-44219deb555b" executionId="bd677877-fbaf-44fb-b316-d1255d66ab1b" testListId="8c84fa94-04c1-424b-9868-57a2d4851a1d" /><TestEntry testId="f76c0579-71bd-44aa-baaf-600fe1fc4588" executionId="a6b02fe4-bc2a-4418-8458-35f8d6c992a7" testListId="8c84fa94-04c1-424b-9868-57a2d4851a1d" /><TestEntry testId="690b6053-cce4-4305-b1c4-8091faf1c15b" executionId="24875ca8-1c6b-4521-8e4c-4bfe34c73f97" testListId="8c84fa94-04c1-424b-9868-57a2d4851a1d" /><TestEntry testId="1443b2f6-0ba5-44ff-b99b-f0156220e7ea" executionId="fb91bd42-b0c6-49b7-9a22-ab7008cf2ddb" testListId="8c84fa94-04c1-424b-9868-57a2d4851a1d" /><TestEntry testId="727b3368-fa87-44c0-a675-cbe599fdb322" executionId="ff5e062d-2c4a-4974-bec8-fab817ae75af" testListId="8c84fa94-04c1-424b-9868-57a2d4851a1d" /><TestEntry testId="bc8eb450-28fb-448a-ab7b-95125948cde6" executionId="d1fe4a64-fdb8-4397-a68b-607771bf7763" testListId="8c84fa94-04c1-424b-9868-57a2d4851a1d" /><TestEntry testId="09d30faa-5add-432d-b01c-da962197f07e" executionId="344dda29-57dc-4a1a-8c5b-21c6e0f600a5" testListId="8c84fa94-04c1-424b-9868-57a2d4851a1d" /><TestEntry testId="02dbcdd7-5890-406e-b130-64fd7385a91c" executionId="619ee85a-2dcc-4efc-ae86-e79c375ba70d" testListId="8c84fa94-04c1-424b-9868-57a2d4851a1d" /><TestEntry testId="a5a1e4bd-b288-4c9b-beb1-77d3f43e44b6" executionId="98005b26-6996-4aee-b2fa-147978deceac" testListId="8c84fa94-04c1-424b-9868-57a2d4851a1d" /><TestEntry testId="bf4d401f-70a9-47ac-bfa6-b6bfda663962" executionId="a864494e-f2af-484b-99bb-4699c5c6e1d4" testListId="8c84fa94-04c1-424b-9868-57a2d4851a1d" /><TestEntry testId="b39a9d4d-2e6f-4c9e-ba44-537ba9891d5a" executionId="02319192-0f84-4f33-9b0a-c52848d23218" testListId="8c84fa94-04c1-424b-9868-57a2d4851a1d" /><TestEntry testId="ddaacd01-9513-4f90-a408-1a733aa34649" executionId="0bb49252-0bfb-473d-a25e-5f560fadf60d" testListId="8c84fa94-04c1-424b-9868-57a2d4851a1d" /><TestEntry testId="3e5c668d-c449-4475-bef4-4cd109922fcb" executionId="17563b13-9f15-4339-a5fd-e1f88590e11e" testListId="8c84fa94-04c1-424b-9868-57a2d4851a1d" /><TestEntry testId="fc6b0df4-bd1e-4b56-b38a-06b91c6a7728" executionId="db322c18-b909-450a-a031-998814f6cfd7" testListId="8c84fa94-04c1-424b-9868-57a2d4851a1d" /><TestEntry testId="34ff75a3-3e73-43a5-a13d-340bb2cf4f19" executionId="8a2cb317-aa6d-4fec-8508-5bc9bfce2765" testListId="8c84fa94-04c1-424b-9868-57a2d4851a1d" /><TestEntry testId="01539437-f94c-47b4-b72d-6ae0e092ed04" executionId="c073fe22-bc5d-45ab-b623-77d3169a57be" testListId="8c84fa94-04c1-424b-9868-57a2d4851a1d" /><TestEntry testId="38e0444b-b79b-492c-ae32-35b32abf77db" executionId="56bca0c0-96c4-4e5b-bd9c-7bec0736b2df" testListId="8c84fa94-04c1-424b-9868-57a2d4851a1d" /><TestEntry testId="c297ba9d-783a-44fa-a275-edee8086104f" executionId="4ad9a31d-35d2-40e6-9e28-a026c4dff7fc" testListId="8c84fa94-04c1-424b-9868-57a2d4851a1d" /><TestEntry testId="b66475f9-eefe-411c-9200-86aa74b2cd0b" executionId="e99599b0-0b62-4e17-8ef4-72bdd1f96dd2" testListId="8c84fa94-04c1-424b-9868-57a2d4851a1d" /><TestEntry testId="67c76f75-6078-418a-805c-8b6483acdecd" executionId="9404477b-8cd6-4c28-8fc6-4b7ff7be096e" testListId="8c84fa94-04c1-424b-9868-57a2d4851a1d" /><TestEntry testId="d0befa51-bb70-492d-a12f-1256364da697" executionId="00787eea-0715-4d20-b177-f710704c2cfb" testListId="8c84fa94-04c1-424b-9868-57a2d4851a1d" /><TestEntry testId="1a16d89b-8b7d-4ea2-8c80-e2f841bbfbe6" executionId="11dcdd80-6451-40a8-ae72-ac0a21aceb97" testListId="8c84fa94-04c1-424b-9868-57a2d4851a1d" /><TestEntry testId="39881bdf-0762-4a86-9195-2e2cb5cf739a" executionId="3055c28e-3d32-4f50-a8e9-cef6c5da71de" testListId="8c84fa94-04c1-424b-9868-57a2d4851a1d" /><TestEntry testId="119065b3-162f-48f0-b1d4-5d9d1130d952" executionId="800a0ecf-751d-44d7-87d9-b6355aa2d265" testListId="8c84fa94-04c1-424b-9868-57a2d4851a1d" /><TestEntry testId="2803a95f-1a49-40d9-b1ff-4dc5a116c036" executionId="5ae21ea0-a32d-4042-8827-ba8df026b38c" testListId="8c84fa94-04c1-424b-9868-57a2d4851a1d" /><TestEntry testId="55cbb697-3d8e-4cd3-b154-d6fb74b83e4a" executionId="3bb4b8e3-e27e-4053-ba9a-34934d9571db" testListId="8c84fa94-04c1-424b-9868-57a2d4851a1d" /><TestEntry testId="d981cf32-3b72-45d3-a41b-7f7ecee6c56a" executionId="fdc4b51c-7afd-4afb-b681-7bf09abcb19f" testListId="8c84fa94-04c1-424b-9868-57a2d4851a1d" /><TestEntry testId="a1ec88eb-d90d-48ed-a222-ec23a9defa32" executionId="75234b7c-e297-4712-a255-277c5455dbbd" testListId="8c84fa94-04c1-424b-9868-57a2d4851a1d" /><TestEntry testId="5d8f827f-311e-4070-afe5-e84479c96600" executionId="123fbd8f-5afb-40c0-a657-396b9808f820" testListId="8c84fa94-04c1-424b-9868-57a2d4851a1d" /><TestEntry testId="eb9e0b1b-ca5b-4e14-bb2f-2fdc87bc062a" executionId="e6c4613f-c849-4135-8d58-f0079349ca4f" testListId="8c84fa94-04c1-424b-9868-57a2d4851a1d" /><TestEntry testId="23f0b372-44d9-454c-98fc-e1758a39b230" executionId="687109a9-3da8-4764-ab17-bdf9c2d2312f" testListId="8c84fa94-04c1-424b-9868-57a2d4851a1d" /><TestEntry testId="13453f15-ffc4-4397-b62a-b2c16a767e0f" executionId="dfbcd783-5a01-4b84-bb88-b4273a1e41c1" testListId="8c84fa94-04c1-424b-9868-57a2d4851a1d" /><TestEntry testId="952db377-5974-4603-a47b-9e40077a2c17" executionId="8ecaf19c-9c47-4594-a4bc-6aa79f9e37b6" testListId="8c84fa94-04c1-424b-9868-57a2d4851a1d" /><TestEntry testId="91d92055-f31c-438a-abb9-de98dbd9a4f8" executionId="0587b263-9103-4ff4-a7f2-57af3bc3327e" testListId="8c84fa94-04c1-424b-9868-57a2d4851a1d" /><TestEntry testId="69e250bf-e864-4880-89c3-44bdf0069b43" executionId="7362f989-c20a-4daa-93bd-f356df839f3f" testListId="8c84fa94-04c1-424b-9868-57a2d4851a1d" /><TestEntry testId="e04d3d7d-92b0-4611-9482-80e742b318a7" executionId="ec323720-c00a-481e-a94b-a2e1306d920e" testListId="8c84fa94-04c1-424b-9868-57a2d4851a1d" /><TestEntry testId="df238f80-4daf-42b7-956e-4d95c7edc86a" executionId="c7a41bab-76e3-413c-a79f-e1da91e32920" testListId="8c84fa94-04c1-424b-9868-57a2d4851a1d" /><TestEntry testId="6ae8f7ee-9e38-4fbe-89b9-720895a89c9b" executionId="85a54faa-f547-4709-a1fc-2db1cd15a60e" testListId="8c84fa94-04c1-424b-9868-57a2d4851a1d" /><TestEntry testId="aa0f733a-178c-4a86-a5c5-a06ce095ab1b" executionId="708de9ec-0eb2-4b63-8376-c614d431c92e" testListId="8c84fa94-04c1-424b-9868-57a2d4851a1d" /><TestEntry testId="b0db15b5-2c78-45ef-aa04-36dad9d33f6c" executionId="dd1d03ac-2fa6-44d9-90a0-35e4d959bccf" testListId="8c84fa94-04c1-424b-9868-57a2d4851a1d" /><TestEntry testId="63fc1b30-a2be-4e23-9afc-fc7b9f8a4ac0" executionId="150497a3-40e7-4814-a3f8-5d92bad0b113" testListId="8c84fa94-04c1-424b-9868-57a2d4851a1d" /><TestEntry testId="ded1ead9-3906-424c-a5cf-0d542fd71287" executionId="67334827-5534-43bf-b408-bee92e27abdc" testListId="8c84fa94-04c1-424b-9868-57a2d4851a1d" /><TestEntry testId="0180320d-a2cd-4818-861c-0ebc64e3f9c6" executionId="2f20b752-7f0f-47c3-ad7c-a80505e76cae" testListId="8c84fa94-04c1-424b-9868-57a2d4851a1d" /><TestEntry testId="8b319617-97a6-43a3-a715-ecbda2c72aa1" executionId="0709b26d-3579-468a-b086-5f5845917584" testListId="8c84fa94-04c1-424b-9868-57a2d4851a1d" /><TestEntry testId="2fe445ec-2473-4306-94c0-bb91802c7795" executionId="0fe3407b-02c0-4c7b-b9ec-7945e5a2edff" testListId="8c84fa94-04c1-424b-9868-57a2d4851a1d" /><TestEntry testId="45f27aef-57ae-4e73-9f37-216e6533140d" executionId="e264bd65-0c6e-469d-a6a2-ea0fe867cc39" testListId="8c84fa94-04c1-424b-9868-57a2d4851a1d" /><TestEntry testId="65e39c02-ce55-4305-82c3-89c6d3194a3a" executionId="d2e90039-3a94-43e5-93b9-60766c696c84" testListId="8c84fa94-04c1-424b-9868-57a2d4851a1d" /><TestEntry testId="dcdf26d9-ba66-4659-b742-ca078ff3ac57" executionId="0b2863d3-a611-40aa-a025-0ffa08556bc1" testListId="8c84fa94-04c1-424b-9868-57a2d4851a1d" /><TestEntry testId="03da56e9-274a-44f7-bc73-1056074874e0" executionId="0acdc579-be32-474d-a337-0b109e86ae69" testListId="8c84fa94-04c1-424b-9868-57a2d4851a1d" /><TestEntry testId="724f0b21-5e24-4c03-b9b6-65a5ddb72b1a" executionId="cc5ff539-7ff1-4f49-8f5a-843fc9747094" testListId="8c84fa94-04c1-424b-9868-57a2d4851a1d" /><TestEntry testId="0769fc73-0a6c-4778-8b8e-0b063f550698" executionId="2077dc8c-9d82-4fa5-b440-dea8f3658451" testListId="8c84fa94-04c1-424b-9868-57a2d4851a1d" /><TestEntry testId="f991fd8f-3e80-4d14-a549-d24083103297" executionId="45082112-6864-4025-b6c8-419b38bd20c0" testListId="8c84fa94-04c1-424b-9868-57a2d4851a1d" /><TestEntry testId="b98172e6-27a6-4ac0-bd19-2d6e7c9dd1dd" executionId="30a45be7-c429-4af1-a137-44a8b7726ba2" testListId="8c84fa94-04c1-424b-9868-57a2d4851a1d" /><TestEntry testId="8c48786e-808e-4cea-9924-803604d9ac8c" executionId="5d720227-7842-42aa-8de9-8ca5cd2e5311" testListId="8c84fa94-04c1-424b-9868-57a2d4851a1d" /><TestEntry testId="78fc5eb4-39ba-410c-925e-ca1738338b02" executionId="9c886339-3e36-4c53-a3a2-056c821b37d9" testListId="8c84fa94-04c1-424b-9868-57a2d4851a1d" /><TestEntry testId="5a888278-ab93-4ca3-9576-e9edbe94b8f8" executionId="4a02510f-8231-4a7d-8d14-c9c9ef229610" testListId="8c84fa94-04c1-424b-9868-57a2d4851a1d" /><TestEntry testId="11ee40fa-ce4d-4ea5-bd60-1f4c298d6de4" executionId="b5699124-7190-4954-8f00-339cf68091c7" testListId="8c84fa94-04c1-424b-9868-57a2d4851a1d" /><TestEntry testId="ae8c55a2-c905-4a9d-a20c-98b734fc3bc0" executionId="5c996917-0597-4a1d-aa6b-52eea2e975ba" testListId="8c84fa94-04c1-424b-9868-57a2d4851a1d" /><TestEntry testId="25f09ab6-3a0f-4dd4-aeee-d1e5ea1ce7d6" executionId="a51b22e4-a52f-45dc-a509-1debc03f1deb" testListId="8c84fa94-04c1-424b-9868-57a2d4851a1d" /><TestEntry testId="f4550371-6dc1-4b0e-a2ad-7b72c0432fab" executionId="588689d0-051a-41f4-998f-f1a66e9bc8ff" testListId="8c84fa94-04c1-424b-9868-57a2d4851a1d" /><TestEntry testId="6651efec-5fcd-4002-b538-996c7d28b899" executionId="4522c146-8c91-45b6-815d-4af2268b6a18" testListId="8c84fa94-04c1-424b-9868-57a2d4851a1d" /><TestEntry testId="21ce39bb-730e-416e-a323-c2b4c18b2e5b" executionId="31fb8518-de75-445b-a36a-52cad569f20b" testListId="8c84fa94-04c1-424b-9868-57a2d4851a1d" /><TestEntry testId="d02db211-8a67-436c-aac3-e285ecd69672" executionId="37d57aba-ede7-4bfc-b0eb-b87e3ab84860" testListId="8c84fa94-04c1-424b-9868-57a2d4851a1d" /><TestEntry testId="49b3cd9c-b0ec-45ef-849c-6e5f9e06b23b" executionId="24421ca1-8e79-401d-bba4-eba7a5536da5" testListId="8c84fa94-04c1-424b-9868-57a2d4851a1d" /><TestEntry testId="06c825b8-d57d-4bb6-8263-781cb0f51e00" executionId="8beec946-2a1a-446c-a15b-6e04b1d1ae64" testListId="8c84fa94-04c1-424b-9868-57a2d4851a1d" /><TestEntry testId="fb4223d2-7903-4d57-94f2-13a0e48ef5ba" executionId="fb524897-d41f-4d0d-96da-49c4f33c16ad" testListId="8c84fa94-04c1-424b-9868-57a2d4851a1d" /><TestEntry testId="d6c3005b-6909-440a-a309-64812380d7b9" executionId="0c8e4945-1138-4dc0-8b09-905e6bc01df4" testListId="8c84fa94-04c1-424b-9868-57a2d4851a1d" /><TestEntry testId="b4898b29-5806-4810-9554-17ffb4a4cae6" executionId="eb86ea77-a24b-4676-9aaa-55b7e1c370b2" testListId="8c84fa94-04c1-424b-9868-57a2d4851a1d" /><TestEntry testId="6c2e293a-db3c-45ce-a5d3-7c264fa48613" executionId="a2f0f1a6-5ce2-4aa7-9750-912dd73606d6" testListId="8c84fa94-04c1-424b-9868-57a2d4851a1d" /><TestEntry testId="def8b00c-5fc9-4dad-b630-c755868bc9e7" executionId="268e2135-6b46-4b32-89d6-ed1856a4335e" testListId="8c84fa94-04c1-424b-9868-57a2d4851a1d" /><TestEntry testId="c96cb7d6-d378-494c-8323-9306d360530e" executionId="647f0f0c-3605-453e-b861-4bd72a77d029" testListId="8c84fa94-04c1-424b-9868-57a2d4851a1d" /><TestEntry testId="55512aab-db57-466c-98ee-bef2211feb70" executionId="e5cc5365-441f-49cf-a1d6-c57f598fd08a" testListId="8c84fa94-04c1-424b-9868-57a2d4851a1d" /><TestEntry testId="d6e8d540-4514-4554-9982-40cc6c07ac27" executionId="4d7d16b1-bf76-4d33-ade4-78d3544ca5cd" testListId="8c84fa94-04c1-424b-9868-57a2d4851a1d" /><TestEntry testId="4898c711-c5f0-4265-b1a5-503bf013e7bd" executionId="b10183cf-5458-4338-aa1c-ba6790f7be65" testListId="8c84fa94-04c1-424b-9868-57a2d4851a1d" /><TestEntry testId="6ec094c5-5dde-4c6e-bdb1-52ebc9454fcb" executionId="a3f2892b-eafa-43eb-92a0-eeee2844d659" testListId="8c84fa94-04c1-424b-9868-57a2d4851a1d" /><TestEntry testId="57c0d175-b23b-4bd7-a89f-2feee42672db" executionId="43fbd854-7dc5-42f0-b375-de7ddd23b754" testListId="8c84fa94-04c1-424b-9868-57a2d4851a1d" /><TestEntry testId="ff32e36c-5c3b-4a88-a24d-f19a67593488" executionId="3e738ad9-3a0b-4ee8-a93c-41380eccbf52" testListId="8c84fa94-04c1-424b-9868-57a2d4851a1d" /><TestEntry testId="57d82349-8104-4f6c-8c9d-8a15884be76b" executionId="4eb32591-1b05-4f61-99c5-d60e4eb5ff22" testListId="8c84fa94-04c1-424b-9868-57a2d4851a1d" /><TestEntry testId="161acfd6-c729-4fa6-8d44-b0ac834ca2e2" executionId="2dbe5899-174c-4d37-9a78-f02dae8398b7" testListId="8c84fa94-04c1-424b-9868-57a2d4851a1d" /><TestEntry testId="b1963f6a-e342-4c64-9e3c-9d0f522fbecb" executionId="21603710-05b2-409b-aa33-40cf0e1dcc18" testListId="8c84fa94-04c1-424b-9868-57a2d4851a1d" /><TestEntry testId="060efa31-7caa-4632-94d6-6d3cc87a06d0" executionId="f79a3cc7-20c6-498f-a424-f5cc99cf2923" testListId="8c84fa94-04c1-424b-9868-57a2d4851a1d" /><TestEntry testId="2ae9865a-c106-499d-8a40-22e6570fc8e6" executionId="7a988315-0b58-4d15-83d6-ce7755a11d12" testListId="8c84fa94-04c1-424b-9868-57a2d4851a1d" /><TestEntry testId="29e587cb-de4d-443f-8e99-bcb0a80ae443" executionId="03277a0e-b8c1-48c5-b180-122b9c304048" testListId="8c84fa94-04c1-424b-9868-57a2d4851a1d" /><TestEntry testId="caaf5740-09ad-4a2c-b53e-958df9a26a4b" executionId="abff86ed-c669-4165-81dd-0c78e52262a9" testListId="8c84fa94-04c1-424b-9868-57a2d4851a1d" /><TestEntry testId="c97a35b4-cbc2-4856-8834-1a4321dbb953" executionId="2940172b-f412-4d29-bc0d-e188a8fd1474" testListId="8c84fa94-04c1-424b-9868-57a2d4851a1d" /><TestEntry testId="44dbeb6e-6fa5-49f2-80d8-56edbc197c9b" executionId="864c4817-42b0-4a5d-83c1-742274a80c9b" testListId="8c84fa94-04c1-424b-9868-57a2d4851a1d" /><TestEntry testId="a55fdb1c-65fd-4fba-9e7c-e9172a11f23e" executionId="529bcb03-6cff-46a0-8172-5f66c5c4dacb" testListId="8c84fa94-04c1-424b-9868-57a2d4851a1d" /><TestEntry testId="39449b81-1d2d-4406-9678-092cdfd182c3" executionId="3832d203-5aef-4971-8617-7b38a2543b2c" testListId="8c84fa94-04c1-424b-9868-57a2d4851a1d" /><TestEntry testId="79937282-763a-423e-a3eb-b000d4a9a01e" executionId="44c180e1-ef55-4acd-82c0-89bb5422bd17" testListId="8c84fa94-04c1-424b-9868-57a2d4851a1d" /><TestEntry testId="3b274b6e-40be-4638-abd1-0a2314bdc1fc" executionId="5232f108-7d35-409e-a812-c9e940cd4f58" testListId="8c84fa94-04c1-424b-9868-57a2d4851a1d" /><TestEntry testId="8d8cefc6-a0be-4c38-934c-541545d49a75" executionId="2dba060c-5aae-437d-88e8-731c16bb96c1" testListId="8c84fa94-04c1-424b-9868-57a2d4851a1d" /><TestEntry testId="18715b46-8571-4f27-8639-58dab3275085" executionId="434c24fa-6072-4b3a-9cec-7e1357b96e9f" testListId="8c84fa94-04c1-424b-9868-57a2d4851a1d" /><TestEntry testId="716f8098-8c23-48b5-ae06-14431c050f25" executionId="9e7e923f-e443-4acc-8090-dee9eb6517a7" testListId="8c84fa94-04c1-424b-9868-57a2d4851a1d" /><TestEntry testId="9b7805f7-7419-48a7-b10f-138db3b25984" executionId="10b42323-f2a8-4ff7-a444-3f6936ee749e" testListId="8c84fa94-04c1-424b-9868-57a2d4851a1d" /><TestEntry testId="7cafca64-8752-4876-8a45-566ab647186c" executionId="f4097f3e-a924-44f6-b892-699e267d9c90" testListId="8c84fa94-04c1-424b-9868-57a2d4851a1d" /><TestEntry testId="efa30bca-abbf-4c22-964f-fc519f6ee787" executionId="fb8c69ab-c150-4721-9cc5-95858e516d78" testListId="8c84fa94-04c1-424b-9868-57a2d4851a1d" /><TestEntry testId="3a3d14b3-e3ee-48a6-a0b7-708951e4bb11" executionId="753eca8a-796f-471b-ba57-fa5d6d57fb8f" testListId="8c84fa94-04c1-424b-9868-57a2d4851a1d" /><TestEntry testId="079de23c-3843-4a64-b6b4-526e043cd576" executionId="30dceccc-da31-488f-b185-1b03a5afe314" testListId="8c84fa94-04c1-424b-9868-57a2d4851a1d" /><TestEntry testId="47069da1-a5e6-4bec-9d57-2bf6c868a0fe" executionId="391521d1-9ca4-47d1-a207-a6329e594a15" testListId="8c84fa94-04c1-424b-9868-57a2d4851a1d" /><TestEntry testId="f4f540b2-271c-468c-b9a1-5be39cec21de" executionId="c4d3f4de-f6f7-46a3-8bc9-8a58fee6535e" testListId="8c84fa94-04c1-424b-9868-57a2d4851a1d" /><TestEntry testId="c16aa5bd-a893-41e1-8576-fbf15e452148" executionId="f1df1a0a-4e57-49c8-a0f3-e9366ac22f9a" testListId="8c84fa94-04c1-424b-9868-57a2d4851a1d" /><TestEntry testId="de6514e3-c2e7-42b4-9058-1089b8eb4895" executionId="75aea459-645a-4702-b1e8-80d1fb7e7593" testListId="8c84fa94-04c1-424b-9868-57a2d4851a1d" /><TestEntry testId="1cf32b0e-f078-42ee-9a23-d18d3bf6772d" executionId="056780e9-fe17-45bf-a0ff-cd61030904da" testListId="8c84fa94-04c1-424b-9868-57a2d4851a1d" /><TestEntry testId="b483ec02-9adc-41e4-b6db-af0323f48226" executionId="92dbcaeb-c937-479b-a00a-5b90b54841c0" testListId="8c84fa94-04c1-424b-9868-57a2d4851a1d" /><TestEntry testId="301bce48-bab3-4ea8-be30-ade9c8c869d9" executionId="9dfb6c08-cf09-47bb-9699-a61eb002c468" testListId="8c84fa94-04c1-424b-9868-57a2d4851a1d" /><TestEntry testId="86a9ea9e-778b-4d5e-991c-aedbe85ef823" executionId="72d2a1c3-e04e-4997-ab6f-e75dbac7f9ae" testListId="8c84fa94-04c1-424b-9868-57a2d4851a1d" /><TestEntry testId="36b7c20f-92f2-4ea5-a09c-ddcc569c88fe" executionId="21c5be19-0b60-49a5-9f00-9a1f8d15e8dd" testListId="8c84fa94-04c1-424b-9868-57a2d4851a1d" /><TestEntry testId="d8d3cb07-dbcd-49f7-80b8-6ef6785c6e8d" executionId="b826c978-339c-4ff6-a536-bfab14114042" testListId="8c84fa94-04c1-424b-9868-57a2d4851a1d" /><TestEntry testId="5705fbc9-984a-43d8-a92f-dbd8948c48e2" executionId="03a013a4-7f92-4252-aab4-b3544cc2bbd1" testListId="8c84fa94-04c1-424b-9868-57a2d4851a1d" /><TestEntry testId="1ee1ddd3-84a0-4f2a-927a-13fbaa878bc9" executionId="02729aeb-407a-4a27-92e1-5e4471a6fd18" testListId="8c84fa94-04c1-424b-9868-57a2d4851a1d" /><TestEntry testId="f1c4cd3b-9f8c-44cb-ae65-b4b9a7a64249" executionId="2a70a174-007d-4bea-b97c-569c324a271c" testListId="8c84fa94-04c1-424b-9868-57a2d4851a1d" /><TestEntry testId="5f5ae505-673c-4177-a5e9-7b6dc9e3a4d0" executionId="0f2eebef-6fe6-4fb8-9bd9-1d231a90800d" testListId="8c84fa94-04c1-424b-9868-57a2d4851a1d" /><TestEntry testId="7d53b9fc-5b7f-45d7-bbb5-35f3b285eef4" executionId="12faa33d-83a4-40c5-ae09-e883667133eb" testListId="8c84fa94-04c1-424b-9868-57a2d4851a1d" /><TestEntry testId="27a3c67e-dee9-4796-b6cb-6cc9d4ca5026" executionId="205023cb-37de-4396-b60e-ebab290e7655" testListId="8c84fa94-04c1-424b-9868-57a2d4851a1d" /><TestEntry testId="398dffb4-a2ab-4c74-8d23-a86de9167a40" executionId="5dda41f4-ad68-463b-bd6e-8ded9fed54f1" testListId="8c84fa94-04c1-424b-9868-57a2d4851a1d" /><TestEntry testId="4133041f-86d0-4a8a-a933-7fd06f4ddcf4" executionId="14136e2b-42f7-4a3f-bb1b-13261a0d0166" testListId="8c84fa94-04c1-424b-9868-57a2d4851a1d" /><TestEntry testId="051d9c17-7548-4158-b474-1409afe33951" executionId="0da78b19-c3c8-401d-895f-023d7acdc901" testListId="8c84fa94-04c1-424b-9868-57a2d4851a1d" /></TestEntries><TestLists><TestList name="Results Not in a List" id="8c84fa94-04c1-424b-9868-57a2d4851a1d" /><TestList name="All Loaded Results" id="19431567-8539-422a-85d7-44ee4e166bda" /></TestLists><ResultSummary outcome="Completed"><Counters total="152" executed="152" passed="152" failed="0" error="0" timeout="0" aborted="0" inconclusive="0" passedButRunAborted="0" notRunnable="0" notExecuted="0" disconnected="0" warning="0" completed="0" inProgress="0" pending="0" /><Output><StdOut>[xUnit.net 00:00:01.3444014]   Discovering: ModelRelief.Test[xUnit.net 00:00:01.4452666]   Discovered:  ModelRelief.Test[xUnit.net 00:00:01.4506529]   Starting:    ModelRelief.Test[xUnit.net 00:00:43.7280996]   Finished:    ModelRelief.Test</StdOut></Output></ResultSummary></TestRun>