<?xml version="1.0" encoding="utf-8"?><TestRun id="ef9f1e72-8a5c-4164-8650-5866cc2016d1" name="steve@LAMBDA 2018-08-15 10:05:06" runUser="LAMBDA\steve" xmlns="http://microsoft.com/schemas/VisualStudio/TeamTest/2010"><Times creation="2018-08-15T10:05:06.9831625-04:00" queuing="2018-08-15T10:05:06.9831834-04:00" start="2018-08-15T10:05:02.1034010-04:00" finish="2018-08-15T10:06:15.3676115-04:00" /><TestSettings name="default" id="ee6a26b9-ede7-40d3-b65d-b489ff14087d"><Deployment runDeploymentRoot="steve_LAMBDA_2018-08-15_10_05_06" /></TestSettings><Results><UnitTestResult executionId="ad8c7f69-961e-415b-9a70-51db479719a3" testId="19010b98-e84f-4a91-8e31-ba641c58f2a8" testName="Patch_MultipleInvalidReferencePropertiesReturnsMultipleValidationErrorsAndBadRequest" computerName="LAMBDA" duration="00:00:00.0350000" startTime="2018-08-15T10:05:17.5288936-04:00" endTime="2018-08-15T10:05:17.5288999-04:00" testType="13cdc9d9-ddb5-4fa4-a97d-d965ccfc6d4b" outcome="Passed" testListId="8c84fa94-04c1-424b-9868-57a2d4851a1d" relativeResultsDirectory="ad8c7f69-961e-415b-9a70-51db479719a3" /><UnitTestResult executionId="2f3b414b-a49a-4f20-809f-6e5fbad93a74" testId="9d42c689-13f9-44eb-ae9e-6908ca60cde0" testName="Put_ValidReferencePropertyUpdatesModel" computerName="LAMBDA" duration="00:00:00.4580000" startTime="2018-08-15T10:05:24.9985551-04:00" endTime="2018-08-15T10:05:24.9985596-04:00" testType="13cdc9d9-ddb5-4fa4-a97d-d965ccfc6d4b" outcome="Passed" testListId="8c84fa94-04c1-424b-9868-57a2d4851a1d" relativeResultsDirectory="2f3b414b-a49a-4f20-809f-6e5fbad93a74" /><UnitTestResult executionId="a8f38294-78f2-4da7-8330-bd356a683655" testId="30ce225b-aae8-43e5-9f15-c63ae9849bfb" testName="Put_InvalidIdReturnsNotFound" computerName="LAMBDA" duration="00:00:00.1000000" startTime="2018-08-15T10:05:22.2129811-04:00" endTime="2018-08-15T10:05:22.2129874-04:00" testType="13cdc9d9-ddb5-4fa4-a97d-d965ccfc6d4b" outcome="Passed" testListId="8c84fa94-04c1-424b-9868-57a2d4851a1d" relativeResultsDirectory="a8f38294-78f2-4da7-8330-bd356a683655" /><UnitTestResult executionId="15c5979b-3112-46e8-bd01-9beced73cf5e" testId="23e037c6-7a0f-4b5d-96a6-a4304ea109ec" testName="Patch_TargetPropertyIsUpdated" computerName="LAMBDA" duration="00:00:00.6410000" startTime="2018-08-15T10:05:10.0529384-04:00" endTime="2018-08-15T10:05:10.0529446-04:00" testType="13cdc9d9-ddb5-4fa4-a97d-d965ccfc6d4b" outcome="Passed" testListId="8c84fa94-04c1-424b-9868-57a2d4851a1d" relativeResultsDirectory="15c5979b-3112-46e8-bd01-9beced73cf5e" /><UnitTestResult executionId="df73096c-289a-4c86-83cb-b7a46017de58" testId="e02847ba-38aa-4282-9a85-a4bc00277583" testName="MeshTransformHasExpectedDependentFiles" computerName="LAMBDA" duration="00:00:00.0010000" startTime="2018-08-15T10:05:06.1980196-04:00" endTime="2018-08-15T10:05:06.1980221-04:00" testType="13cdc9d9-ddb5-4fa4-a97d-d965ccfc6d4b" outcome="Passed" testListId="8c84fa94-04c1-424b-9868-57a2d4851a1d" relativeResultsDirectory="df73096c-289a-4c86-83cb-b7a46017de58" /><UnitTestResult executionId="05cdd5ea-f98a-42f2-a698-5ea704000066" testId="08657497-ef4b-4e94-8500-2f2f65b828e6" testName="PostFile_FileTimeStampIsUpdatedAfterFileIsPosted" computerName="LAMBDA" duration="00:00:00.0150000" startTime="2018-08-15T10:05:12.7978234-04:00" endTime="2018-08-15T10:05:12.7978278-04:00" testType="13cdc9d9-ddb5-4fa4-a97d-d965ccfc6d4b" outcome="Passed" testListId="8c84fa94-04c1-424b-9868-57a2d4851a1d" relativeResultsDirectory="05cdd5ea-f98a-42f2-a698-5ea704000066" /><UnitTestResult executionId="4a8b76b5-605f-47eb-a3a5-d2eba08f6a19" testId="a2bca3f8-ec98-47c9-a977-b93341d26325" testName="Delete_TargetModelIsDeleted" computerName="LAMBDA" duration="00:00:00.2860000" startTime="2018-08-15T10:05:26.5578616-04:00" endTime="2018-08-15T10:05:26.5578670-04:00" testType="13cdc9d9-ddb5-4fa4-a97d-d965ccfc6d4b" outcome="Passed" testListId="8c84fa94-04c1-424b-9868-57a2d4851a1d" relativeResultsDirectory="4a8b76b5-605f-47eb-a3a5-d2eba08f6a19" /><UnitTestResult executionId="a8895d10-e847-45c3-b1d5-4197c2621912" testId="8a196261-afe2-43ce-aec1-6176c9a97022" testName="PutFile_NewFileCanBePut" computerName="LAMBDA" duration="00:00:00.5400000" startTime="2018-08-15T10:05:27.2642457-04:00" endTime="2018-08-15T10:05:27.2642542-04:00" testType="13cdc9d9-ddb5-4fa4-a97d-d965ccfc6d4b" outcome="Passed" testListId="8c84fa94-04c1-424b-9868-57a2d4851a1d" relativeResultsDirectory="a8895d10-e847-45c3-b1d5-4197c2621912" /><UnitTestResult executionId="e44e1672-998c-4471-89cb-546aa55ec064" testId="d65f1bfc-e4e8-441c-b469-6b45aee2626f" testName="FileRequest_FileCanBeReadAfterRename" computerName="LAMBDA" duration="00:00:00.9970000" startTime="2018-08-15T10:05:15.4984867-04:00" endTime="2018-08-15T10:05:15.4984967-04:00" testType="13cdc9d9-ddb5-4fa4-a97d-d965ccfc6d4b" outcome="Passed" testListId="8c84fa94-04c1-424b-9868-57a2d4851a1d" relativeResultsDirectory="e44e1672-998c-4471-89cb-546aa55ec064" /><UnitTestResult executionId="03743386-f316-4f05-97fe-83733a449cb7" testId="ae90330e-f14b-4b9b-9ae2-cd0f1fe53aa2" testName="PostFile_FileIsSynchronizedIsUpdatedAfterFileIsPosted" computerName="LAMBDA" duration="00:00:00.5650000" startTime="2018-08-15T10:05:55.2250069-04:00" endTime="2018-08-15T10:05:55.2250133-04:00" testType="13cdc9d9-ddb5-4fa4-a97d-d965ccfc6d4b" outcome="Passed" testListId="8c84fa94-04c1-424b-9868-57a2d4851a1d" relativeResultsDirectory="03743386-f316-4f05-97fe-83733a449cb7" /><UnitTestResult executionId="5570a6c4-a5ff-4e2f-8e21-33b932846703" testId="0ef824bb-f459-495f-8bb2-e9037fb79455" testName="FileRequest_FileCanBeReadAfterRename" computerName="LAMBDA" duration="00:00:00.8810000" startTime="2018-08-15T10:05:56.1061750-04:00" endTime="2018-08-15T10:05:56.1061811-04:00" testType="13cdc9d9-ddb5-4fa4-a97d-d965ccfc6d4b" outcome="Passed" testListId="8c84fa94-04c1-424b-9868-57a2d4851a1d" relativeResultsDirectory="5570a6c4-a5ff-4e2f-8e21-33b932846703" /><UnitTestResult executionId="cfdd3ab3-11df-403b-98ea-31b92f761e01" testId="21b11cc9-872c-49c7-a967-dcd496154609" testName="PutFile_NewFileCanBePut" computerName="LAMBDA" duration="00:00:00.4890000" startTime="2018-08-15T10:05:13.2885673-04:00" endTime="2018-08-15T10:05:13.2885779-04:00" testType="13cdc9d9-ddb5-4fa4-a97d-d965ccfc6d4b" outcome="Passed" testListId="8c84fa94-04c1-424b-9868-57a2d4851a1d" relativeResultsDirectory="cfdd3ab3-11df-403b-98ea-31b92f761e01" /><UnitTestResult executionId="911a93e2-e080-4303-ae60-780e40ea7efe" testId="2d71d076-817e-42b9-9fa9-5e28018f5132" testName="PutFile_NewFileCanBePut" computerName="LAMBDA" duration="00:00:00.5320000" startTime="2018-08-15T10:06:10.4367375-04:00" endTime="2018-08-15T10:06:10.4367427-04:00" testType="13cdc9d9-ddb5-4fa4-a97d-d965ccfc6d4b" outcome="Passed" testListId="8c84fa94-04c1-424b-9868-57a2d4851a1d" relativeResultsDirectory="911a93e2-e080-4303-ae60-780e40ea7efe" /><UnitTestResult executionId="fca5549b-a575-45d5-81ee-32a04167c3a7" testId="69f8342b-6d24-46c0-b7d0-653279be80d5" testName="Delete_TargetModelIsDeleted" computerName="LAMBDA" duration="00:00:00.2600000" startTime="2018-08-15T10:05:12.7412462-04:00" endTime="2018-08-15T10:05:12.7412544-04:00" testType="13cdc9d9-ddb5-4fa4-a97d-d965ccfc6d4b" outcome="Passed" testListId="8c84fa94-04c1-424b-9868-57a2d4851a1d" relativeResultsDirectory="fca5549b-a575-45d5-81ee-32a04167c3a7" /><UnitTestResult executionId="1b080e5c-d7e6-4dc5-b490-ecc40ea21d08" testId="ec604308-e3c0-498f-a594-63ece9ecf159" testName="Put_InvalidIdReturnsNotFound" computerName="LAMBDA" duration="00:00:00.0760000" startTime="2018-08-15T10:06:00.9071948-04:00" endTime="2018-08-15T10:06:00.9072016-04:00" testType="13cdc9d9-ddb5-4fa4-a97d-d965ccfc6d4b" outcome="Passed" testListId="8c84fa94-04c1-424b-9868-57a2d4851a1d" relativeResultsDirectory="1b080e5c-d7e6-4dc5-b490-ecc40ea21d08" /><UnitTestResult executionId="88e0262c-c133-4123-9d5c-6f5331ce27a9" testId="b4aef45d-817f-4bdf-b252-710b323d17d8" testName="GetFile_NonExistentFileReturnsNotFound" computerName="LAMBDA" duration="00:00:00.0500000" startTime="2018-08-15T10:05:26.7232933-04:00" endTime="2018-08-15T10:05:26.7232996-04:00" testType="13cdc9d9-ddb5-4fa4-a97d-d965ccfc6d4b" outcome="Passed" testListId="8c84fa94-04c1-424b-9868-57a2d4851a1d" relativeResultsDirectory="88e0262c-c133-4123-9d5c-6f5331ce27a9" /><UnitTestResult executionId="a0b13de4-af87-4710-9576-7e70578f83ec" testId="5f25159c-474b-4769-97aa-c56940912a76" testName="Patch_TargetPropertyIsUpdated" computerName="LAMBDA" duration="00:00:00.4790000" startTime="2018-08-15T10:05:07.8519500-04:00" endTime="2018-08-15T10:05:07.8519657-04:00" testType="13cdc9d9-ddb5-4fa4-a97d-d965ccfc6d4b" outcome="Passed" testListId="8c84fa94-04c1-424b-9868-57a2d4851a1d" relativeResultsDirectory="a0b13de4-af87-4710-9576-7e70578f83ec" /><UnitTestResult executionId="3dae561c-2de8-4c24-b481-c3f3e901a570" testId="515e75f2-a8dd-49d3-a949-c94e10905c23" testName="GetSingle_InvalidIdPropertyValueReturnsNotFound" computerName="LAMBDA" duration="00:00:00.0290000" startTime="2018-08-15T10:05:25.9184564-04:00" endTime="2018-08-15T10:05:25.9184622-04:00" testType="13cdc9d9-ddb5-4fa4-a97d-d965ccfc6d4b" outcome="Passed" testListId="8c84fa94-04c1-424b-9868-57a2d4851a1d" relativeResultsDirectory="3dae561c-2de8-4c24-b481-c3f3e901a570" /><UnitTestResult executionId="df80ed28-8be3-49b9-8f02-3c3581b5535d" testId="c4b3acbe-b68d-45d0-b244-f10f51779a0b" testName="Post_ValidReferencePropertyCreatesModel" computerName="LAMBDA" duration="00:00:00.2350000" startTime="2018-08-15T10:05:11.9314319-04:00" endTime="2018-08-15T10:05:11.9314372-04:00" testType="13cdc9d9-ddb5-4fa4-a97d-d965ccfc6d4b" outcome="Passed" testListId="8c84fa94-04c1-424b-9868-57a2d4851a1d" relativeResultsDirectory="df80ed28-8be3-49b9-8f02-3c3581b5535d" /><UnitTestResult executionId="b9964f17-6798-49f5-9edd-37dfe50bd981" testId="f2be6ec4-6134-4a9c-92ef-fc285e241f8d" testName="Patch_InvalidPropertyNameReturnsBadRequest" computerName="LAMBDA" duration="00:00:00.0430000" startTime="2018-08-15T10:05:56.3117811-04:00" endTime="2018-08-15T10:05:56.3117872-04:00" testType="13cdc9d9-ddb5-4fa4-a97d-d965ccfc6d4b" outcome="Passed" testListId="8c84fa94-04c1-424b-9868-57a2d4851a1d" relativeResultsDirectory="b9964f17-6798-49f5-9edd-37dfe50bd981" /><UnitTestResult executionId="57d27f2f-abce-4e2f-b0b1-478a9a540195" testId="1545f250-1865-46c2-a2c0-f32cd5462af9" testName="Put_ValidReferencePropertyUpdatesModel" computerName="LAMBDA" duration="00:00:00.4770000" startTime="2018-08-15T10:06:14.7132320-04:00" endTime="2018-08-15T10:06:14.7132392-04:00" testType="13cdc9d9-ddb5-4fa4-a97d-d965ccfc6d4b" outcome="Passed" testListId="8c84fa94-04c1-424b-9868-57a2d4851a1d" relativeResultsDirectory="57d27f2f-abce-4e2f-b0b1-478a9a540195" /><UnitTestResult executionId="435d0a18-f4be-41d1-9957-353800020f20" testId="537f04d2-8931-487e-b7e8-c1d5c6500c97" testName="GetList_ListReturnsCorrectCount" computerName="LAMBDA" duration="00:00:00.0250000" startTime="2018-08-15T10:05:12.0044146-04:00" endTime="2018-08-15T10:05:12.0044203-04:00" testType="13cdc9d9-ddb5-4fa4-a97d-d965ccfc6d4b" outcome="Passed" testListId="8c84fa94-04c1-424b-9868-57a2d4851a1d" relativeResultsDirectory="435d0a18-f4be-41d1-9957-353800020f20" /><UnitTestResult executionId="5b8edba7-b223-4116-a8a7-88709330629f" testId="a5f2dff5-ba0d-4819-98a4-3211dc8904d9" testName="FileRequest_MeshIsInvalidatedAfterDepthBufferFileBecomesUnsynchronized" computerName="LAMBDA" duration="00:00:03.6900000" startTime="2018-08-15T10:05:30.9553873-04:00" endTime="2018-08-15T10:05:30.9553930-04:00" testType="13cdc9d9-ddb5-4fa4-a97d-d965ccfc6d4b" outcome="Passed" testListId="8c84fa94-04c1-424b-9868-57a2d4851a1d" relativeResultsDirectory="5b8edba7-b223-4116-a8a7-88709330629f" /><UnitTestResult executionId="a434eaa2-ac96-437c-be7c-38540ea4ed72" testId="79e19433-fbf4-480a-a086-733cb4b0c8fe" testName="FileRequest_MeshGenerateSetsFileIsSynchronized" computerName="LAMBDA" duration="00:00:19.9850000" startTime="2018-08-15T10:05:54.6502073-04:00" endTime="2018-08-15T10:05:54.6502137-04:00" testType="13cdc9d9-ddb5-4fa4-a97d-d965ccfc6d4b" outcome="Passed" testListId="8c84fa94-04c1-424b-9868-57a2d4851a1d" relativeResultsDirectory="a434eaa2-ac96-437c-be7c-38540ea4ed72" /><UnitTestResult executionId="8bf0ce81-002d-40c8-a086-ad3417b1f918" testId="035b1ce4-0d50-4a1c-ba45-be8fdecc668c" testName="Post_CanCreateNewModel" computerName="LAMBDA" duration="00:00:00.2160000" startTime="2018-08-15T10:06:12.2683731-04:00" endTime="2018-08-15T10:06:12.2683796-04:00" testType="13cdc9d9-ddb5-4fa4-a97d-d965ccfc6d4b" outcome="Passed" testListId="8c84fa94-04c1-424b-9868-57a2d4851a1d" relativeResultsDirectory="8bf0ce81-002d-40c8-a086-ad3417b1f918" /><UnitTestResult executionId="d1a5d31a-ffdf-4b66-a044-c1b28dabe2b2" testId="573a6579-44aa-4b30-872b-5035d0d0148f" testName="LucyModel3dHasTwoDependents" computerName="LAMBDA" duration="00:00:00.4200000" startTime="2018-08-15T10:05:06.1876513-04:00" endTime="2018-08-15T10:05:06.1876556-04:00" testType="13cdc9d9-ddb5-4fa4-a97d-d965ccfc6d4b" outcome="Passed" testListId="8c84fa94-04c1-424b-9868-57a2d4851a1d" relativeResultsDirectory="d1a5d31a-ffdf-4b66-a044-c1b28dabe2b2" /><UnitTestResult executionId="30d2e623-1dce-490d-82b5-7d8207f09054" testId="372cc784-eaf1-4a3f-8a53-cd5d7768e816" testName="PostFile_FileIsSynchronizedIsUpdatedAfterFileIsPosted" computerName="LAMBDA" duration="00:00:00.0130000" startTime="2018-08-15T10:05:16.8760291-04:00" endTime="2018-08-15T10:05:16.8760336-04:00" testType="13cdc9d9-ddb5-4fa4-a97d-d965ccfc6d4b" outcome="Passed" testListId="8c84fa94-04c1-424b-9868-57a2d4851a1d" relativeResultsDirectory="30d2e623-1dce-490d-82b5-7d8207f09054" /><UnitTestResult executionId="d7e73a15-cdc6-48d9-8955-8926a56af98a" testId="450859c5-e6d7-494c-ade9-7578c37de5f7" testName="Put_InvalidReferencePropertyReturndBadRequest" computerName="LAMBDA" duration="00:00:00.0410000" startTime="2018-08-15T10:05:12.7826221-04:00" endTime="2018-08-15T10:05:12.7826274-04:00" testType="13cdc9d9-ddb5-4fa4-a97d-d965ccfc6d4b" outcome="Passed" testListId="8c84fa94-04c1-424b-9868-57a2d4851a1d" relativeResultsDirectory="d7e73a15-cdc6-48d9-8955-8926a56af98a" /><UnitTestResult executionId="94c6988a-6010-4c22-8e7c-aae031c3e150" testId="13a71e97-f41f-45c0-a1f6-e54fe6c2bbba" testName="Patch_InvalidReferencePropertyReturnsBadRequest" computerName="LAMBDA" duration="00:00:00.1610000" startTime="2018-08-15T10:06:00.1443768-04:00" endTime="2018-08-15T10:06:00.1443834-04:00" testType="13cdc9d9-ddb5-4fa4-a97d-d965ccfc6d4b" outcome="Passed" testListId="8c84fa94-04c1-424b-9868-57a2d4851a1d" relativeResultsDirectory="94c6988a-6010-4c22-8e7c-aae031c3e150" /><UnitTestResult executionId="bb217a15-e640-4ede-ac4c-0b72655bfed9" testId="4d94aafd-71b9-4ab0-b7ee-0eafbfb52e3f" testName="Post_CanCreateNewModel" computerName="LAMBDA" duration="00:00:00.4070000" startTime="2018-08-15T10:05:12.4332935-04:00" endTime="2018-08-15T10:05:12.4333000-04:00" testType="13cdc9d9-ddb5-4fa4-a97d-d965ccfc6d4b" outcome="Passed" testListId="8c84fa94-04c1-424b-9868-57a2d4851a1d" relativeResultsDirectory="bb217a15-e640-4ede-ac4c-0b72655bfed9" /><UnitTestResult executionId="23b6443c-ce80-4f0c-98bb-07f76eddaf11" testId="32a3f555-b19b-407c-ac13-b2effa9bd99b" testName="GetSingle_InvalidIdPropertyValueReturnsNotFound" computerName="LAMBDA" duration="00:00:00.0490000" startTime="2018-08-15T10:05:20.4187488-04:00" endTime="2018-08-15T10:05:20.4187656-04:00" testType="13cdc9d9-ddb5-4fa4-a97d-d965ccfc6d4b" outcome="Passed" testListId="8c84fa94-04c1-424b-9868-57a2d4851a1d" relativeResultsDirectory="23b6443c-ce80-4f0c-98bb-07f76eddaf11" /><UnitTestResult executionId="2504d6f1-f3ef-4b9f-a547-b3dcc51d494e" testId="e863de94-2fa4-4ee7-88db-338c7b9d1a73" testName="Put_InvalidIdReturnsNotFound" computerName="LAMBDA" duration="00:00:00.0510000" startTime="2018-08-15T10:05:08.4287279-04:00" endTime="2018-08-15T10:05:08.4287332-04:00" testType="13cdc9d9-ddb5-4fa4-a97d-d965ccfc6d4b" outcome="Passed" testListId="8c84fa94-04c1-424b-9868-57a2d4851a1d" relativeResultsDirectory="2504d6f1-f3ef-4b9f-a547-b3dcc51d494e" /><UnitTestResult executionId="423eec1c-96e6-46ef-bc5d-17e0b3b68c31" testId="5715848f-e081-4297-905b-594f73ddba55" testName="GetFile_NonExistentFileReturnsNotFound" computerName="LAMBDA" duration="00:00:00.0360000" startTime="2018-08-15T10:05:16.8623497-04:00" endTime="2018-08-15T10:05:16.8623575-04:00" testType="13cdc9d9-ddb5-4fa4-a97d-d965ccfc6d4b" outcome="Passed" testListId="8c84fa94-04c1-424b-9868-57a2d4851a1d" relativeResultsDirectory="423eec1c-96e6-46ef-bc5d-17e0b3b68c31" /><UnitTestResult executionId="e8c3f84a-3733-42b6-888f-4b57c8786675" testId="4bd86650-3f12-49af-bdfe-1076b96bbaf7" testName="LucyCameraFindsAllDependents" computerName="LAMBDA" duration="00:00:00.0100000" startTime="2018-08-15T10:05:06.1973188-04:00" endTime="2018-08-15T10:05:06.1973234-04:00" testType="13cdc9d9-ddb5-4fa4-a97d-d965ccfc6d4b" outcome="Passed" testListId="8c84fa94-04c1-424b-9868-57a2d4851a1d" relativeResultsDirectory="e8c3f84a-3733-42b6-888f-4b57c8786675" /><UnitTestResult executionId="4c12962f-4031-4195-a3b0-e2c58de21e7b" testId="5ad6cf7b-879a-4d5a-8b4a-898e55ce1732" testName="Patch_InvalidReferencePropertyReturnsBadRequest" computerName="LAMBDA" duration="00:00:00.0570000" startTime="2018-08-15T10:05:25.8265660-04:00" endTime="2018-08-15T10:05:25.8265725-04:00" testType="13cdc9d9-ddb5-4fa4-a97d-d965ccfc6d4b" outcome="Passed" testListId="8c84fa94-04c1-424b-9868-57a2d4851a1d" relativeResultsDirectory="4c12962f-4031-4195-a3b0-e2c58de21e7b" /><UnitTestResult executionId="1793be78-e08e-4d98-b11a-bb49152c7887" testId="385ddc9d-9a52-4a7d-aab1-acc890d8ee76" testName="Patch_InvalidEnumPropertyValueReturnsBadRequest" computerName="LAMBDA" duration="00:00:00.0150000" startTime="2018-08-15T10:05:18.9060527-04:00" endTime="2018-08-15T10:05:18.9060585-04:00" testType="13cdc9d9-ddb5-4fa4-a97d-d965ccfc6d4b" outcome="Passed" testListId="8c84fa94-04c1-424b-9868-57a2d4851a1d" relativeResultsDirectory="1793be78-e08e-4d98-b11a-bb49152c7887" /><UnitTestResult executionId="29c49b46-b959-4af9-821c-916d383cd6ad" testId="93a7e480-3e84-4393-b0ed-9eb9d91e1c99" testName="GetFile_FileCanBeRoundTripped" computerName="LAMBDA" duration="00:00:00.5910000" startTime="2018-08-15T10:06:12.0127182-04:00" endTime="2018-08-15T10:06:12.0127247-04:00" testType="13cdc9d9-ddb5-4fa4-a97d-d965ccfc6d4b" outcome="Passed" testListId="8c84fa94-04c1-424b-9868-57a2d4851a1d" relativeResultsDirectory="29c49b46-b959-4af9-821c-916d383cd6ad" /><UnitTestResult executionId="77afe0ff-4a44-49cc-9569-1a25fe8cdb7b" testId="b8acea8b-8d19-4d9b-86e5-91442d7eb2ba" testName="CameraHasExpectedDependentFiles" computerName="LAMBDA" duration="00:00:00.0010000" startTime="2018-08-15T10:05:06.1977210-04:00" endTime="2018-08-15T10:05:06.1977237-04:00" testType="13cdc9d9-ddb5-4fa4-a97d-d965ccfc6d4b" outcome="Passed" testListId="8c84fa94-04c1-424b-9868-57a2d4851a1d" relativeResultsDirectory="77afe0ff-4a44-49cc-9569-1a25fe8cdb7b" /><UnitTestResult executionId="cef57933-53e7-4010-aaed-85adcc506e87" testId="9e3c2cb7-6726-489a-9365-67bb3216132c" testName="Delete_TargetModelIsDeleted" computerName="LAMBDA" duration="00:00:00.4130000" startTime="2018-08-15T10:05:07.3715965-04:00" endTime="2018-08-15T10:05:07.3716060-04:00" testType="13cdc9d9-ddb5-4fa4-a97d-d965ccfc6d4b" outcome="Passed" testListId="8c84fa94-04c1-424b-9868-57a2d4851a1d" relativeResultsDirectory="cef57933-53e7-4010-aaed-85adcc506e87" /><UnitTestResult executionId="1f5d9fc6-304e-444c-9de0-59f6b252a4a2" testId="093cfc22-fc9a-45ac-9b2d-33405681fa57" testName="PutFile_FileCanBeUpdated" computerName="LAMBDA" duration="00:00:00.7320000" startTime="2018-08-15T10:05:32.2048152-04:00" endTime="2018-08-15T10:05:32.2048208-04:00" testType="13cdc9d9-ddb5-4fa4-a97d-d965ccfc6d4b" outcome="Passed" testListId="8c84fa94-04c1-424b-9868-57a2d4851a1d" relativeResultsDirectory="1f5d9fc6-304e-444c-9de0-59f6b252a4a2" /><UnitTestResult executionId="7efbbfb5-f46b-483a-8f74-fb59cdf0467d" testId="9f388c9d-51d7-497e-bd0c-8ec993b4da76" testName="GetSingle_ValidIdPropertyValueReturnsCorrectModel" computerName="LAMBDA" duration="00:00:00.0370000" startTime="2018-08-15T10:06:12.0516686-04:00" endTime="2018-08-15T10:06:12.0516744-04:00" testType="13cdc9d9-ddb5-4fa4-a97d-d965ccfc6d4b" outcome="Passed" testListId="8c84fa94-04c1-424b-9868-57a2d4851a1d" relativeResultsDirectory="7efbbfb5-f46b-483a-8f74-fb59cdf0467d" /><UnitTestResult executionId="9a479e50-a1d6-4992-bdbe-d8497a2f7f2b" testId="29bee385-fdac-4af1-a5a2-4a205b309837" testName="Post_InvalidPropertyValueReturnsBadRequest" computerName="LAMBDA" duration="00:00:00.0410000" startTime="2018-08-15T10:05:09.0478782-04:00" endTime="2018-08-15T10:05:09.0478849-04:00" testType="13cdc9d9-ddb5-4fa4-a97d-d965ccfc6d4b" outcome="Passed" testListId="8c84fa94-04c1-424b-9868-57a2d4851a1d" relativeResultsDirectory="9a479e50-a1d6-4992-bdbe-d8497a2f7f2b" /><UnitTestResult executionId="0d34754b-02cd-4eda-9f11-a9b7d5aff404" testId="0e83ebec-3641-4805-a4dc-d3c9eb92f2bd" testName="GetList_ListReturnsCorrectCount" computerName="LAMBDA" duration="00:00:00.0400000" startTime="2018-08-15T10:06:12.6153546-04:00" endTime="2018-08-15T10:06:12.6153612-04:00" testType="13cdc9d9-ddb5-4fa4-a97d-d965ccfc6d4b" outcome="Passed" testListId="8c84fa94-04c1-424b-9868-57a2d4851a1d" relativeResultsDirectory="0d34754b-02cd-4eda-9f11-a9b7d5aff404" /><UnitTestResult executionId="861e5d01-cfa5-484e-9fac-620ed100029a" testId="c451302c-51ad-4cb8-83d0-e2c84467baa8" testName="Patch_InvalidEnumPropertyValueReturnsBadRequest" computerName="LAMBDA" duration="00:00:00.0160000" startTime="2018-08-15T10:05:08.4742675-04:00" endTime="2018-08-15T10:05:08.4742724-04:00" testType="13cdc9d9-ddb5-4fa4-a97d-d965ccfc6d4b" outcome="Passed" testListId="8c84fa94-04c1-424b-9868-57a2d4851a1d" relativeResultsDirectory="861e5d01-cfa5-484e-9fac-620ed100029a" /><UnitTestResult executionId="b68a8d49-4231-454e-8840-1f05123b689d" testId="1201b3a6-fad4-4561-96fd-71d528459eb7" testName="Put_InvalidReferencePropertyReturndBadRequest" computerName="LAMBDA" duration="00:00:00.0520000" startTime="2018-08-15T10:05:26.6438148-04:00" endTime="2018-08-15T10:05:26.6438208-04:00" testType="13cdc9d9-ddb5-4fa4-a97d-d965ccfc6d4b" outcome="Passed" testListId="8c84fa94-04c1-424b-9868-57a2d4851a1d" relativeResultsDirectory="b68a8d49-4231-454e-8840-1f05123b689d" /><UnitTestResult executionId="04e7768f-4242-45e8-b6d9-dfa6d584bf47" testId="68f1faa1-07ab-478c-b2bf-a32a9816bcb9" testName="Patch_TargetPropertyIsUpdated" computerName="LAMBDA" duration="00:00:00.6450000" startTime="2018-08-15T10:05:58.3791229-04:00" endTime="2018-08-15T10:05:58.3791315-04:00" testType="13cdc9d9-ddb5-4fa4-a97d-d965ccfc6d4b" outcome="Passed" testListId="8c84fa94-04c1-424b-9868-57a2d4851a1d" relativeResultsDirectory="04e7768f-4242-45e8-b6d9-dfa6d584bf47" /><UnitTestResult executionId="2d28210a-8a4c-4ed2-84cb-6b022927ba7e" testId="b5388f1c-6f2b-47d0-a482-9666d3477375" testName="Put_ValidReferencePropertyUpdatesModel" computerName="LAMBDA" duration="00:00:00.0410000" startTime="2018-08-15T10:05:07.8934009-04:00" endTime="2018-08-15T10:05:07.8934088-04:00" testType="13cdc9d9-ddb5-4fa4-a97d-d965ccfc6d4b" outcome="Passed" testListId="8c84fa94-04c1-424b-9868-57a2d4851a1d" relativeResultsDirectory="2d28210a-8a4c-4ed2-84cb-6b022927ba7e" /><UnitTestResult executionId="d05f6c7d-750f-4aaf-a6d8-7c5ea4244e92" testId="7af25d8f-89bc-4b6c-bb57-8c368c68101b" testName="Patch_InvalidIdPropertyReturnsNotFound" computerName="LAMBDA" duration="00:00:00.0210000" startTime="2018-08-15T10:05:09.0057551-04:00" endTime="2018-08-15T10:05:09.0057599-04:00" testType="13cdc9d9-ddb5-4fa4-a97d-d965ccfc6d4b" outcome="Passed" testListId="8c84fa94-04c1-424b-9868-57a2d4851a1d" relativeResultsDirectory="d05f6c7d-750f-4aaf-a6d8-7c5ea4244e92" /><UnitTestResult executionId="d0dc37b1-2498-4ff6-bd06-491869a662a5" testId="686de3a1-de87-43b8-ad1d-809c16084914" testName="GetSingle_InvalidIdPropertyValueReturnsNotFound" computerName="LAMBDA" duration="00:00:00.0280000" startTime="2018-08-15T10:05:10.5687850-04:00" endTime="2018-08-15T10:05:10.5687899-04:00" testType="13cdc9d9-ddb5-4fa4-a97d-d965ccfc6d4b" outcome="Passed" testListId="8c84fa94-04c1-424b-9868-57a2d4851a1d" relativeResultsDirectory="d0dc37b1-2498-4ff6-bd06-491869a662a5" /><UnitTestResult executionId="3b5a1322-3ecb-4035-b3e6-4ae4b2bd7552" testId="34b55d4c-95fa-449b-b133-45c2f88d87bb" testName="Post_ValidReferencePropertyCreatesModel" computerName="LAMBDA" duration="00:00:00.0210000" startTime="2018-08-15T10:05:06.9458785-04:00" endTime="2018-08-15T10:05:06.9458823-04:00" testType="13cdc9d9-ddb5-4fa4-a97d-d965ccfc6d4b" outcome="Passed" testListId="8c84fa94-04c1-424b-9868-57a2d4851a1d" relativeResultsDirectory="3b5a1322-3ecb-4035-b3e6-4ae4b2bd7552" /><UnitTestResult executionId="17833757-6dae-4598-a9a9-977d4d10bbd0" testId="5a3bba74-e056-4374-861c-11aca7ca0f6a" testName="Post_InvalidPropertyValueReturnsBadRequest" computerName="LAMBDA" duration="00:00:00.0280000" startTime="2018-08-15T10:05:26.6722225-04:00" endTime="2018-08-15T10:05:26.6722286-04:00" testType="13cdc9d9-ddb5-4fa4-a97d-d965ccfc6d4b" outcome="Passed" testListId="8c84fa94-04c1-424b-9868-57a2d4851a1d" relativeResultsDirectory="17833757-6dae-4598-a9a9-977d4d10bbd0" /><UnitTestResult executionId="e08c08a0-4280-43f5-a5ff-d85a7277660a" testId="41024b2e-8bbb-4739-8c2e-c07b1e4db8cd" testName="Put_CanUpdateModel" computerName="LAMBDA" duration="00:00:01.2110000" startTime="2018-08-15T10:06:04.7620448-04:00" endTime="2018-08-15T10:06:04.7620512-04:00" testType="13cdc9d9-ddb5-4fa4-a97d-d965ccfc6d4b" outcome="Passed" testListId="8c84fa94-04c1-424b-9868-57a2d4851a1d" relativeResultsDirectory="e08c08a0-4280-43f5-a5ff-d85a7277660a" /><UnitTestResult executionId="7b53eae3-10d6-4a87-b802-70cc141cc500" testId="8144526a-5849-4c31-8a76-65481ee19f02" testName="Patch_InvalidPropertyNameReturnsBadRequest" computerName="LAMBDA" duration="00:00:00.0320000" startTime="2018-08-15T10:06:13.5688771-04:00" endTime="2018-08-15T10:06:13.5688840-04:00" testType="13cdc9d9-ddb5-4fa4-a97d-d965ccfc6d4b" outcome="Passed" testListId="8c84fa94-04c1-424b-9868-57a2d4851a1d" relativeResultsDirectory="7b53eae3-10d6-4a87-b802-70cc141cc500" /><UnitTestResult executionId="ad013736-5b06-44c0-8bdc-f00fad069a66" testId="ad587dbd-36a4-4b21-9045-84f8d522b11c" testName="Post_CanCreateNewModel" computerName="LAMBDA" duration="00:00:00.4860000" startTime="2018-08-15T10:05:57.7227517-04:00" endTime="2018-08-15T10:05:57.7227585-04:00" testType="13cdc9d9-ddb5-4fa4-a97d-d965ccfc6d4b" outcome="Passed" testListId="8c84fa94-04c1-424b-9868-57a2d4851a1d" relativeResultsDirectory="ad013736-5b06-44c0-8bdc-f00fad069a66" /><UnitTestResult executionId="95932714-5e3b-4167-a54f-ef67a54ff38b" testId="55e6afa8-c887-4f1b-86cc-4f13b2e3ab87" testName="Put_CanUpdateModel" computerName="LAMBDA" duration="00:00:00.4550000" startTime="2018-08-15T10:06:13.1481758-04:00" endTime="2018-08-15T10:06:13.1481822-04:00" testType="13cdc9d9-ddb5-4fa4-a97d-d965ccfc6d4b" outcome="Passed" testListId="8c84fa94-04c1-424b-9868-57a2d4851a1d" relativeResultsDirectory="95932714-5e3b-4167-a54f-ef67a54ff38b" /><UnitTestResult executionId="68dd9311-5979-4bbd-95bb-66705c2873e7" testId="96ab9f54-56e5-461a-9f3d-eb3c50374a25" testName="PostFile_FileTimeStampIsUpdatedAfterFileIsPosted" computerName="LAMBDA" duration="00:00:01.9760000" startTime="2018-08-15T10:06:06.8715200-04:00" endTime="2018-08-15T10:06:06.8715256-04:00" testType="13cdc9d9-ddb5-4fa4-a97d-d965ccfc6d4b" outcome="Passed" testListId="8c84fa94-04c1-424b-9868-57a2d4851a1d" relativeResultsDirectory="68dd9311-5979-4bbd-95bb-66705c2873e7" /><UnitTestResult executionId="a90ed0b4-b1a4-49c5-93ff-1e71f00dbea6" testId="c4dee930-84c8-44cd-8cf1-7baf741b4d06" testName="GetSingle_ValidIdPropertyValueReturnsCorrectModel" computerName="LAMBDA" duration="00:00:00.0270000" startTime="2018-08-15T10:05:20.4465711-04:00" endTime="2018-08-15T10:05:20.4465777-04:00" testType="13cdc9d9-ddb5-4fa4-a97d-d965ccfc6d4b" outcome="Passed" testListId="8c84fa94-04c1-424b-9868-57a2d4851a1d" relativeResultsDirectory="a90ed0b4-b1a4-49c5-93ff-1e71f00dbea6" /><UnitTestResult executionId="9d55dba8-15fe-425b-a966-8457d72a436a" testId="87d9a9a8-21c0-4993-8d82-4a11642ef3b3" testName="Patch_MultipleInvalidReferencePropertiesReturnsMultipleValidationErrorsAndBadRequest" computerName="LAMBDA" duration="00:00:00.0470000" startTime="2018-08-15T10:05:25.9934248-04:00" endTime="2018-08-15T10:05:25.9934304-04:00" testType="13cdc9d9-ddb5-4fa4-a97d-d965ccfc6d4b" outcome="Passed" testListId="8c84fa94-04c1-424b-9868-57a2d4851a1d" relativeResultsDirectory="9d55dba8-15fe-425b-a966-8457d72a436a" /><UnitTestResult executionId="68a7a68c-541c-41a1-aa76-3490a8409989" testId="3429be7e-722e-46c0-972c-24f9e8ccb0e8" testName="Put_CanUpdateModel" computerName="LAMBDA" duration="00:00:00.5330000" startTime="2018-08-15T10:05:20.3689626-04:00" endTime="2018-08-15T10:05:20.3689736-04:00" testType="13cdc9d9-ddb5-4fa4-a97d-d965ccfc6d4b" outcome="Passed" testListId="8c84fa94-04c1-424b-9868-57a2d4851a1d" relativeResultsDirectory="68a7a68c-541c-41a1-aa76-3490a8409989" /><UnitTestResult executionId="900d8e98-544b-482f-81a6-bcc4c56ab01b" testId="e6300a66-67fb-4607-8b6d-a9d269a1bf3a" testName="Patch_InvalidIdPropertyReturnsNotFound" computerName="LAMBDA" duration="00:00:00.1180000" startTime="2018-08-15T10:05:57.1889969-04:00" endTime="2018-08-15T10:05:57.1890045-04:00" testType="13cdc9d9-ddb5-4fa4-a97d-d965ccfc6d4b" outcome="Passed" testListId="8c84fa94-04c1-424b-9868-57a2d4851a1d" relativeResultsDirectory="900d8e98-544b-482f-81a6-bcc4c56ab01b" /><UnitTestResult executionId="6f0f7c41-1a00-4dfb-95ee-d0a46b808ab4" testId="2fea7e94-b5f9-43d9-ba3f-d1503ee848cb" testName="Patch_TargetPropertyIsUpdated" computerName="LAMBDA" duration="00:00:00.4380000" startTime="2018-08-15T10:06:15.1520172-04:00" endTime="2018-08-15T10:06:15.1520237-04:00" testType="13cdc9d9-ddb5-4fa4-a97d-d965ccfc6d4b" outcome="Passed" testListId="8c84fa94-04c1-424b-9868-57a2d4851a1d" relativeResultsDirectory="6f0f7c41-1a00-4dfb-95ee-d0a46b808ab4" /><UnitTestResult executionId="7084760e-30a7-48b9-841e-07fdf845d8fd" testId="83ead8ee-4fb6-4fcd-b338-b272bea6ec2c" testName="Put_InvalidReferencePropertyReturndBadRequest" computerName="LAMBDA" duration="00:00:00.0460000" startTime="2018-08-15T10:06:13.1949070-04:00" endTime="2018-08-15T10:06:13.1949115-04:00" testType="13cdc9d9-ddb5-4fa4-a97d-d965ccfc6d4b" outcome="Passed" testListId="8c84fa94-04c1-424b-9868-57a2d4851a1d" relativeResultsDirectory="7084760e-30a7-48b9-841e-07fdf845d8fd" /><UnitTestResult executionId="6a635142-81c6-4b34-8f55-5d24ec016712" testId="e52510cb-f3a3-4870-94fe-6c49e226bf78" testName="GetFile_NonExistentFileReturnsNotFound" computerName="LAMBDA" duration="00:00:00.0520000" startTime="2018-08-15T10:06:09.9035491-04:00" endTime="2018-08-15T10:06:09.9035555-04:00" testType="13cdc9d9-ddb5-4fa4-a97d-d965ccfc6d4b" outcome="Passed" testListId="8c84fa94-04c1-424b-9868-57a2d4851a1d" relativeResultsDirectory="6a635142-81c6-4b34-8f55-5d24ec016712" /><UnitTestResult executionId="2a0a0344-2b84-47fe-b5a8-399b5e5c7883" testId="8de23012-a32c-4218-a888-3236aaec6f7b" testName="Post_InvalidPropertyValueReturnsBadRequest" computerName="LAMBDA" duration="00:00:00.0270000" startTime="2018-08-15T10:06:13.5963043-04:00" endTime="2018-08-15T10:06:13.5963155-04:00" testType="13cdc9d9-ddb5-4fa4-a97d-d965ccfc6d4b" outcome="Passed" testListId="8c84fa94-04c1-424b-9868-57a2d4851a1d" relativeResultsDirectory="2a0a0344-2b84-47fe-b5a8-399b5e5c7883" /><UnitTestResult executionId="970efe96-9da3-4d3e-bb6a-b28bde5af082" testId="0f5795f2-b6a8-4093-8a5c-e6809888492b" testName="Patch_InvalidIdPropertyReturnsNotFound" computerName="LAMBDA" duration="00:00:00.0350000" startTime="2018-08-15T10:06:13.5360557-04:00" endTime="2018-08-15T10:06:13.5360626-04:00" testType="13cdc9d9-ddb5-4fa4-a97d-d965ccfc6d4b" outcome="Passed" testListId="8c84fa94-04c1-424b-9868-57a2d4851a1d" relativeResultsDirectory="970efe96-9da3-4d3e-bb6a-b28bde5af082" /><UnitTestResult executionId="76455966-1d5f-472a-a395-8401b0d3c89d" testId="81a46383-b613-473e-b740-3851cd5e491a" testName="Patch_InvalidEnumPropertyValueReturnsBadRequest" computerName="LAMBDA" duration="00:00:00.0210000" startTime="2018-08-15T10:06:12.6368733-04:00" endTime="2018-08-15T10:06:12.6368784-04:00" testType="13cdc9d9-ddb5-4fa4-a97d-d965ccfc6d4b" outcome="Passed" testListId="8c84fa94-04c1-424b-9868-57a2d4851a1d" relativeResultsDirectory="76455966-1d5f-472a-a395-8401b0d3c89d" /><UnitTestResult executionId="6566338e-b2ea-4dc5-8575-5341524ba21d" testId="6a933450-58f1-41e5-ac71-16757aeed5f6" testName="GetSingle_InvalidIdPropertyValueReturnsNotFound" computerName="LAMBDA" duration="00:00:00.0250000" startTime="2018-08-15T10:06:12.6625291-04:00" endTime="2018-08-15T10:06:12.6625359-04:00" testType="13cdc9d9-ddb5-4fa4-a97d-d965ccfc6d4b" outcome="Passed" testListId="8c84fa94-04c1-424b-9868-57a2d4851a1d" relativeResultsDirectory="6566338e-b2ea-4dc5-8575-5341524ba21d" /><UnitTestResult executionId="51205b5d-51ef-4e74-92fa-9b32a6b137ea" testId="57504720-9586-439c-ae7c-4065f48e8224" testName="Post_InvalidReferencePropertyReturnsBadRequest" computerName="LAMBDA" duration="00:00:00.1840000" startTime="2018-08-15T10:06:00.5985288-04:00" endTime="2018-08-15T10:06:00.5985366-04:00" testType="13cdc9d9-ddb5-4fa4-a97d-d965ccfc6d4b" outcome="Passed" testListId="8c84fa94-04c1-424b-9868-57a2d4851a1d" relativeResultsDirectory="51205b5d-51ef-4e74-92fa-9b32a6b137ea" /><UnitTestResult executionId="ec64b3b3-56f8-4db1-aab5-367b7ab2bd5f" testId="e105683f-d0b5-4b56-a3ef-fe3de0144cc6" testName="Post_InvalidReferencePropertyReturnsBadRequest" computerName="LAMBDA" duration="00:00:00.0230000" startTime="2018-08-15T10:05:20.4701211-04:00" endTime="2018-08-15T10:05:20.4701265-04:00" testType="13cdc9d9-ddb5-4fa4-a97d-d965ccfc6d4b" outcome="Passed" testListId="8c84fa94-04c1-424b-9868-57a2d4851a1d" relativeResultsDirectory="ec64b3b3-56f8-4db1-aab5-367b7ab2bd5f" /><UnitTestResult executionId="b641163d-2f92-42d6-84b9-77e80f3bfbb5" testId="f86a080d-778b-4be2-9741-fa76b9d864b5" testName="Put_InvalidIdReturnsNotFound" computerName="LAMBDA" duration="00:00:00.2070000" startTime="2018-08-15T10:05:17.0843701-04:00" endTime="2018-08-15T10:05:17.0843758-04:00" testType="13cdc9d9-ddb5-4fa4-a97d-d965ccfc6d4b" outcome="Passed" testListId="8c84fa94-04c1-424b-9868-57a2d4851a1d" relativeResultsDirectory="b641163d-2f92-42d6-84b9-77e80f3bfbb5" /><UnitTestResult executionId="42a0317a-ee03-468e-bbca-b02fc9b54560" testId="6069d3e7-cac9-47fd-a117-ea2543b7ade5" testName="GetList_ListReturnsCorrectCount" computerName="LAMBDA" duration="00:00:00.0560000" startTime="2018-08-15T10:05:56.2686003-04:00" endTime="2018-08-15T10:05:56.2686070-04:00" testType="13cdc9d9-ddb5-4fa4-a97d-d965ccfc6d4b" outcome="Passed" testListId="8c84fa94-04c1-424b-9868-57a2d4851a1d" relativeResultsDirectory="42a0317a-ee03-468e-bbca-b02fc9b54560" /><UnitTestResult executionId="f62dcfd2-3b8d-4727-b80e-cf933f5b8cf2" testId="38bb905a-aece-44ed-820e-dfc9b22b63b0" testName="Patch_ValidReferencePropertyUpdatesModel" computerName="LAMBDA" duration="00:00:01.2030000" startTime="2018-08-15T10:05:23.4165887-04:00" endTime="2018-08-15T10:05:23.4165974-04:00" testType="13cdc9d9-ddb5-4fa4-a97d-d965ccfc6d4b" outcome="Passed" testListId="8c84fa94-04c1-424b-9868-57a2d4851a1d" relativeResultsDirectory="f62dcfd2-3b8d-4727-b80e-cf933f5b8cf2" /><UnitTestResult executionId="b42c950c-855b-4ef6-9570-bbe33bb9fafc" testId="8a94d336-1be8-4a6a-bc15-e4b42733c20c" testName="Patch_ValidReferencePropertyUpdatesModel" computerName="LAMBDA" duration="00:00:00.4830000" startTime="2018-08-15T10:05:19.3908544-04:00" endTime="2018-08-15T10:05:19.3908664-04:00" testType="13cdc9d9-ddb5-4fa4-a97d-d965ccfc6d4b" outcome="Passed" testListId="8c84fa94-04c1-424b-9868-57a2d4851a1d" relativeResultsDirectory="b42c950c-855b-4ef6-9570-bbe33bb9fafc" /><UnitTestResult executionId="4d0e2485-2b91-4d30-be74-940081d05e86" testId="5d8090b9-c016-4f24-8cc4-b02eb30c5925" testName="Patch_ValidReferencePropertyUpdatesModel" computerName="LAMBDA" duration="00:00:00.5970000" startTime="2018-08-15T10:05:06.8047271-04:00" endTime="2018-08-15T10:05:06.8047338-04:00" testType="13cdc9d9-ddb5-4fa4-a97d-d965ccfc6d4b" outcome="Passed" testListId="8c84fa94-04c1-424b-9868-57a2d4851a1d" relativeResultsDirectory="4d0e2485-2b91-4d30-be74-940081d05e86" /><UnitTestResult executionId="e04a4e0f-48e9-44b6-ad2b-2194bf09474e" testId="111cf4a1-cc40-4c8c-befd-e98a8c9a1813" testName="Post_InvalidReferencePropertyReturnsBadRequest" computerName="LAMBDA" duration="00:00:00.0270000" startTime="2018-08-15T10:05:25.9463918-04:00" endTime="2018-08-15T10:05:25.9463964-04:00" testType="13cdc9d9-ddb5-4fa4-a97d-d965ccfc6d4b" outcome="Passed" testListId="8c84fa94-04c1-424b-9868-57a2d4851a1d" relativeResultsDirectory="e04a4e0f-48e9-44b6-ad2b-2194bf09474e" /><UnitTestResult executionId="8d6306af-9bab-4be2-8eb4-b781323a2f62" testId="3137bc97-9fca-4d32-be1f-f0e8209efd7a" testName="Post_InvalidPropertyValueReturnsBadRequest" computerName="LAMBDA" duration="00:00:00.0350000" startTime="2018-08-15T10:06:00.9426513-04:00" endTime="2018-08-15T10:06:00.9426576-04:00" testType="13cdc9d9-ddb5-4fa4-a97d-d965ccfc6d4b" outcome="Passed" testListId="8c84fa94-04c1-424b-9868-57a2d4851a1d" relativeResultsDirectory="8d6306af-9bab-4be2-8eb4-b781323a2f62" /><UnitTestResult executionId="2cb78162-04a5-4a8e-a94e-dac7aa55d66a" testId="2324d4aa-bd7c-413a-9eab-ec376eebf912" testName="Put_InvalidReferencePropertyReturndBadRequest" computerName="LAMBDA" duration="00:00:00.0130000" startTime="2018-08-15T10:05:08.9846306-04:00" endTime="2018-08-15T10:05:08.9846353-04:00" testType="13cdc9d9-ddb5-4fa4-a97d-d965ccfc6d4b" outcome="Passed" testListId="8c84fa94-04c1-424b-9868-57a2d4851a1d" relativeResultsDirectory="2cb78162-04a5-4a8e-a94e-dac7aa55d66a" /><UnitTestResult executionId="d54a5563-ec8d-4202-8202-fe73c19b9e06" testId="c445729f-0866-48df-87d9-cf0ee99b80a2" testName="PutFile_FileCanBeUpdated" computerName="LAMBDA" duration="00:00:00.6910000" startTime="2018-08-15T10:06:07.5632427-04:00" endTime="2018-08-15T10:06:07.5632492-04:00" testType="13cdc9d9-ddb5-4fa4-a97d-d965ccfc6d4b" outcome="Passed" testListId="8c84fa94-04c1-424b-9868-57a2d4851a1d" relativeResultsDirectory="d54a5563-ec8d-4202-8202-fe73c19b9e06" /><UnitTestResult executionId="8750cd51-febc-4a63-826a-d37e6f7ada28" testId="97d93b50-df81-43ae-9669-b0beaa70df6a" testName="Patch_InvalidPropertyNameReturnsBadRequest" computerName="LAMBDA" duration="00:00:00.0190000" startTime="2018-08-15T10:05:10.6325814-04:00" endTime="2018-08-15T10:05:10.6325863-04:00" testType="13cdc9d9-ddb5-4fa4-a97d-d965ccfc6d4b" outcome="Passed" testListId="8c84fa94-04c1-424b-9868-57a2d4851a1d" relativeResultsDirectory="8750cd51-febc-4a63-826a-d37e6f7ada28" /><UnitTestResult executionId="cfe22ab4-29b7-4828-9605-f06b8ab06175" testId="9d177b64-8471-4724-834a-5d2bd0c544b4" testName="Patch_ValidReferencePropertyUpdatesModel" computerName="LAMBDA" duration="00:00:00.5990000" startTime="2018-08-15T10:05:11.2747625-04:00" endTime="2018-08-15T10:05:11.2747747-04:00" testType="13cdc9d9-ddb5-4fa4-a97d-d965ccfc6d4b" outcome="Passed" testListId="8c84fa94-04c1-424b-9868-57a2d4851a1d" relativeResultsDirectory="cfe22ab4-29b7-4828-9605-f06b8ab06175" /><UnitTestResult executionId="026496be-b1ae-4587-861e-08842bad5389" testId="850547be-9321-4c39-b9e4-55d745564fd3" testName="Put_CanUpdateModel" computerName="LAMBDA" duration="00:00:00.4870000" startTime="2018-08-15T10:05:10.5403930-04:00" endTime="2018-08-15T10:05:10.5403976-04:00" testType="13cdc9d9-ddb5-4fa4-a97d-d965ccfc6d4b" outcome="Passed" testListId="8c84fa94-04c1-424b-9868-57a2d4851a1d" relativeResultsDirectory="026496be-b1ae-4587-861e-08842bad5389" /><UnitTestResult executionId="c94825ba-4ff7-4636-83b4-9b70a8d8dc29" testId="5e86d948-1de1-4d1a-b3af-13bfc9706de6" testName="Patch_InvalidReferencePropertyReturnsBadRequest" computerName="LAMBDA" duration="00:00:00.0680000" startTime="2018-08-15T10:05:17.9336933-04:00" endTime="2018-08-15T10:05:17.9336995-04:00" testType="13cdc9d9-ddb5-4fa4-a97d-d965ccfc6d4b" outcome="Passed" testListId="8c84fa94-04c1-424b-9868-57a2d4851a1d" relativeResultsDirectory="c94825ba-4ff7-4636-83b4-9b70a8d8dc29" /><UnitTestResult executionId="149cac69-b236-470e-920b-78bc1be5664c" testId="16464754-814f-47d3-b3cf-4910809590f6" testName="Delete_TargetModelIsDeleted" computerName="LAMBDA" duration="00:00:00.3790000" startTime="2018-08-15T10:05:17.4934620-04:00" endTime="2018-08-15T10:05:17.4934758-04:00" testType="13cdc9d9-ddb5-4fa4-a97d-d965ccfc6d4b" outcome="Passed" testListId="8c84fa94-04c1-424b-9868-57a2d4851a1d" relativeResultsDirectory="149cac69-b236-470e-920b-78bc1be5664c" /><UnitTestResult executionId="a6c50a48-d63a-446b-89df-9bab296c20e3" testId="745376cd-acfa-4720-acbd-ac5f7ce07a85" testName="Put_CanUpdateModel" computerName="LAMBDA" duration="00:00:01.1220000" startTime="2018-08-15T10:05:24.5395710-04:00" endTime="2018-08-15T10:05:24.5395763-04:00" testType="13cdc9d9-ddb5-4fa4-a97d-d965ccfc6d4b" outcome="Passed" testListId="8c84fa94-04c1-424b-9868-57a2d4851a1d" relativeResultsDirectory="a6c50a48-d63a-446b-89df-9bab296c20e3" /><UnitTestResult executionId="47b6e564-5f5f-4655-a9c9-d2473fe9441e" testId="414fe8dc-1318-4d91-8694-4cb59b44869e" testName="Put_InvalidIdReturnsNotFound" computerName="LAMBDA" duration="00:00:00.0430000" startTime="2018-08-15T10:05:10.6127906-04:00" endTime="2018-08-15T10:05:10.6128050-04:00" testType="13cdc9d9-ddb5-4fa4-a97d-d965ccfc6d4b" outcome="Passed" testListId="8c84fa94-04c1-424b-9868-57a2d4851a1d" relativeResultsDirectory="47b6e564-5f5f-4655-a9c9-d2473fe9441e" /><UnitTestResult executionId="66beb18c-298f-4a2d-a84d-35b0c1854117" testId="8bae00d0-0566-4183-8c40-febec876d4f0" testName="GetFile_FileCanBeRoundTripped" computerName="LAMBDA" duration="00:00:00.5140000" startTime="2018-08-15T10:05:31.4722013-04:00" endTime="2018-08-15T10:05:31.4722102-04:00" testType="13cdc9d9-ddb5-4fa4-a97d-d965ccfc6d4b" outcome="Passed" testListId="8c84fa94-04c1-424b-9868-57a2d4851a1d" relativeResultsDirectory="66beb18c-298f-4a2d-a84d-35b0c1854117" /><UnitTestResult executionId="06c0a8b4-143c-4686-81e0-b9196ea656cb" testId="9d4b37b2-477b-42cc-805f-3455e1da3e0b" testName="DepthBufferHasExpectedDependentFiles" computerName="LAMBDA" duration="00:00:00.0010000" startTime="2018-08-15T10:05:06.2021885-04:00" endTime="2018-08-15T10:05:06.2021910-04:00" testType="13cdc9d9-ddb5-4fa4-a97d-d965ccfc6d4b" outcome="Passed" testListId="8c84fa94-04c1-424b-9868-57a2d4851a1d" relativeResultsDirectory="06c0a8b4-143c-4686-81e0-b9196ea656cb" /><UnitTestResult executionId="1dd5832d-6325-4deb-8022-0ecb7625ad0c" testId="d2459f36-79df-47d7-96e0-6f29d84213bd" testName="Post_CanCreateNewModel" computerName="LAMBDA" duration="00:00:00.3160000" startTime="2018-08-15T10:05:25.7690529-04:00" endTime="2018-08-15T10:05:25.7690596-04:00" testType="13cdc9d9-ddb5-4fa4-a97d-d965ccfc6d4b" outcome="Passed" testListId="8c84fa94-04c1-424b-9868-57a2d4851a1d" relativeResultsDirectory="1dd5832d-6325-4deb-8022-0ecb7625ad0c" /><UnitTestResult executionId="2da302cb-b7b9-4b0e-85d7-d5834714cd75" testId="65ca117f-0fd9-46c7-ab37-e866bfd9e0d4" testName="Delete_TargetModelIsDeleted" computerName="LAMBDA" duration="00:00:00.2650000" startTime="2018-08-15T10:06:12.5741697-04:00" endTime="2018-08-15T10:06:12.5741754-04:00" testType="13cdc9d9-ddb5-4fa4-a97d-d965ccfc6d4b" outcome="Passed" testListId="8c84fa94-04c1-424b-9868-57a2d4851a1d" relativeResultsDirectory="2da302cb-b7b9-4b0e-85d7-d5834714cd75" /><UnitTestResult executionId="64d8fc4a-7dd3-4207-985b-fb774da10d96" testId="0a5ca20e-7dee-4f07-81a0-84bee0b80aa6" testName="PostFile_NewFileCanBePosted" computerName="LAMBDA" duration="00:00:00.6660000" startTime="2018-08-15T10:05:16.1658542-04:00" endTime="2018-08-15T10:05:16.1658610-04:00" testType="13cdc9d9-ddb5-4fa4-a97d-d965ccfc6d4b" outcome="Passed" testListId="8c84fa94-04c1-424b-9868-57a2d4851a1d" relativeResultsDirectory="64d8fc4a-7dd3-4207-985b-fb774da10d96" /><UnitTestResult executionId="fdd5cfbe-4381-4986-949d-e6b0b75d4ea5" testId="4bf41ff6-4b21-4bac-8853-e9c92c2f688c" testName="Put_InvalidIdReturnsNotFound" computerName="LAMBDA" duration="00:00:00.0400000" startTime="2018-08-15T10:06:12.3087362-04:00" endTime="2018-08-15T10:06:12.3087443-04:00" testType="13cdc9d9-ddb5-4fa4-a97d-d965ccfc6d4b" outcome="Passed" testListId="8c84fa94-04c1-424b-9868-57a2d4851a1d" relativeResultsDirectory="fdd5cfbe-4381-4986-949d-e6b0b75d4ea5" /><UnitTestResult executionId="300536ec-7257-4527-9cd1-b05032496cfa" testId="f88feb88-c6dc-4848-a5b0-a4bbc3c37039" testName="FileRequest_DepthBufferIsInvalidatedAfterCameraDependencyPropertyChange" computerName="LAMBDA" duration="00:00:01.6450000" startTime="2018-08-15T10:06:09.8509498-04:00" endTime="2018-08-15T10:06:09.8509556-04:00" testType="13cdc9d9-ddb5-4fa4-a97d-d965ccfc6d4b" outcome="Passed" testListId="8c84fa94-04c1-424b-9868-57a2d4851a1d" relativeResultsDirectory="300536ec-7257-4527-9cd1-b05032496cfa" /><UnitTestResult executionId="b762ef04-b0aa-4b80-a231-1aafeebda59e" testId="ae332a8f-f5c0-4919-b06f-6e061d02b6e9" testName="GetSingle_InvalidIdPropertyValueReturnsNotFound" computerName="LAMBDA" duration="00:00:00.0260000" startTime="2018-08-15T10:05:08.5010348-04:00" endTime="2018-08-15T10:05:08.5010407-04:00" testType="13cdc9d9-ddb5-4fa4-a97d-d965ccfc6d4b" outcome="Passed" testListId="8c84fa94-04c1-424b-9868-57a2d4851a1d" relativeResultsDirectory="b762ef04-b0aa-4b80-a231-1aafeebda59e" /><UnitTestResult executionId="b5f10f28-6898-44a6-939a-800764f98301" testId="6fdd9595-4031-4bbf-9471-361ddc1ee28f" testName="GetFile_ExistingFileReturnsSuccess" computerName="LAMBDA" duration="00:00:00.0550000" startTime="2018-08-15T10:05:32.2606508-04:00" endTime="2018-08-15T10:05:32.2606570-04:00" testType="13cdc9d9-ddb5-4fa4-a97d-d965ccfc6d4b" outcome="Passed" testListId="8c84fa94-04c1-424b-9868-57a2d4851a1d" relativeResultsDirectory="b5f10f28-6898-44a6-939a-800764f98301" /><UnitTestResult executionId="c7ad1425-8dfc-4308-9b53-6567bf794fe7" testId="e7aed858-a765-4786-988c-6fa607729985" testName="GetSingle_ValidIdPropertyValueReturnsCorrectModel" computerName="LAMBDA" duration="00:00:00.0290000" startTime="2018-08-15T10:05:08.4583105-04:00" endTime="2018-08-15T10:05:08.4583144-04:00" testType="13cdc9d9-ddb5-4fa4-a97d-d965ccfc6d4b" outcome="Passed" testListId="8c84fa94-04c1-424b-9868-57a2d4851a1d" relativeResultsDirectory="c7ad1425-8dfc-4308-9b53-6567bf794fe7" /><UnitTestResult executionId="21622808-3081-48e1-9fbf-480a85b0f5ae" testId="dd598939-599d-468b-976e-592de2fdfc22" testName="Patch_MultipleInvalidReferencePropertiesReturnsMultipleValidationErrorsAndBadRequest" computerName="LAMBDA" duration="00:00:00.0470000" startTime="2018-08-15T10:05:11.9785189-04:00" endTime="2018-08-15T10:05:11.9785328-04:00" testType="13cdc9d9-ddb5-4fa4-a97d-d965ccfc6d4b" outcome="Passed" testListId="8c84fa94-04c1-424b-9868-57a2d4851a1d" relativeResultsDirectory="21622808-3081-48e1-9fbf-480a85b0f5ae" /><UnitTestResult executionId="9bda28ca-4caa-46fb-8cc3-24096d7f187a" testId="b55f7b0d-935b-439c-a8fc-b9ef32ea413f" testName="Post_ValidReferencePropertyCreatesModel" computerName="LAMBDA" duration="00:00:00.2780000" startTime="2018-08-15T10:05:26.2716789-04:00" endTime="2018-08-15T10:05:26.2716840-04:00" testType="13cdc9d9-ddb5-4fa4-a97d-d965ccfc6d4b" outcome="Passed" testListId="8c84fa94-04c1-424b-9868-57a2d4851a1d" relativeResultsDirectory="9bda28ca-4caa-46fb-8cc3-24096d7f187a" /><UnitTestResult executionId="2d9858ac-5860-45fa-ad15-9cbb4f357914" testId="d50a3516-59c3-4929-a71e-e82123adf156" testName="Post_InvalidPropertyValueReturnsBadRequest" computerName="LAMBDA" duration="00:00:00.0450000" startTime="2018-08-15T10:05:18.5203596-04:00" endTime="2018-08-15T10:05:18.5203682-04:00" testType="13cdc9d9-ddb5-4fa4-a97d-d965ccfc6d4b" outcome="Passed" testListId="8c84fa94-04c1-424b-9868-57a2d4851a1d" relativeResultsDirectory="2d9858ac-5860-45fa-ad15-9cbb4f357914" /><UnitTestResult executionId="12163bde-7ba4-44d3-a363-6cc854538f5a" testId="86558324-57af-4186-a9b7-238b358790a2" testName="FileRequest_FileCanBeReadAfterRename" computerName="LAMBDA" duration="00:00:00.6410000" startTime="2018-08-15T10:06:08.2053643-04:00" endTime="2018-08-15T10:06:08.2053698-04:00" testType="13cdc9d9-ddb5-4fa4-a97d-d965ccfc6d4b" outcome="Passed" testListId="8c84fa94-04c1-424b-9868-57a2d4851a1d" relativeResultsDirectory="12163bde-7ba4-44d3-a363-6cc854538f5a" /><UnitTestResult executionId="31cac64c-9e7a-4993-9ef2-e15445051f71" testId="b989e2b6-e472-44ab-b40d-4b2c927cc921" testName="PostFile_FileTimeStampIsUpdatedAfterFileIsPosted" computerName="LAMBDA" duration="00:00:01.7610000" startTime="2018-08-15T10:05:34.0264573-04:00" endTime="2018-08-15T10:05:34.0264635-04:00" testType="13cdc9d9-ddb5-4fa4-a97d-d965ccfc6d4b" outcome="Passed" testListId="8c84fa94-04c1-424b-9868-57a2d4851a1d" relativeResultsDirectory="31cac64c-9e7a-4993-9ef2-e15445051f71" /><UnitTestResult executionId="d970ab71-81a0-4012-9bb2-bd9b6ede32cb" testId="93d8c812-dbd0-4ffe-b8d4-2c4bf26cf953" testName="Post_InvalidPropertyValueReturnsBadRequest" computerName="LAMBDA" duration="00:00:00.0190000" startTime="2018-08-15T10:05:10.6525790-04:00" endTime="2018-08-15T10:05:10.6525850-04:00" testType="13cdc9d9-ddb5-4fa4-a97d-d965ccfc6d4b" outcome="Passed" testListId="8c84fa94-04c1-424b-9868-57a2d4851a1d" relativeResultsDirectory="d970ab71-81a0-4012-9bb2-bd9b6ede32cb" /><UnitTestResult executionId="2bb515b6-2a84-4ab3-8354-5b8afb903e21" testId="7a5375d2-6299-4687-bfa1-35f7ef1343ca" testName="Patch_InvalidReferencePropertyReturnsBadRequest" computerName="LAMBDA" duration="00:00:00.0190000" startTime="2018-08-15T10:05:07.9121785-04:00" endTime="2018-08-15T10:05:07.9121852-04:00" testType="13cdc9d9-ddb5-4fa4-a97d-d965ccfc6d4b" outcome="Passed" testListId="8c84fa94-04c1-424b-9868-57a2d4851a1d" relativeResultsDirectory="2bb515b6-2a84-4ab3-8354-5b8afb903e21" /><UnitTestResult executionId="17626c36-8ec3-4dc9-bfc5-5b650cf70e9f" testId="66c825b3-633d-473d-adb4-be564870ed30" testName="Post_CanCreateNewModel" computerName="LAMBDA" duration="00:00:00.3340000" startTime="2018-08-15T10:05:17.8648286-04:00" endTime="2018-08-15T10:05:17.8648429-04:00" testType="13cdc9d9-ddb5-4fa4-a97d-d965ccfc6d4b" outcome="Passed" testListId="8c84fa94-04c1-424b-9868-57a2d4851a1d" relativeResultsDirectory="17626c36-8ec3-4dc9-bfc5-5b650cf70e9f" /><UnitTestResult executionId="ca2aad0a-03db-4b2e-9ca0-911d231bdfad" testId="3d6cea71-88d1-45ea-9a06-e739fae9912e" testName="Put_ValidReferencePropertyUpdatesModel" computerName="LAMBDA" duration="00:00:00.3940000" startTime="2018-08-15T10:05:11.6693730-04:00" endTime="2018-08-15T10:05:11.6693790-04:00" testType="13cdc9d9-ddb5-4fa4-a97d-d965ccfc6d4b" outcome="Passed" testListId="8c84fa94-04c1-424b-9868-57a2d4851a1d" relativeResultsDirectory="ca2aad0a-03db-4b2e-9ca0-911d231bdfad" /><UnitTestResult executionId="8477a1d0-fc88-4161-baba-ecaf1a99a73c" testId="4bc4da27-0eb4-4aeb-8e66-eb01a677b879" testName="Patch_InvalidIdPropertyReturnsNotFound" computerName="LAMBDA" duration="00:00:00.0260000" startTime="2018-08-15T10:05:11.6957871-04:00" endTime="2018-08-15T10:05:11.6957917-04:00" testType="13cdc9d9-ddb5-4fa4-a97d-d965ccfc6d4b" outcome="Passed" testListId="8c84fa94-04c1-424b-9868-57a2d4851a1d" relativeResultsDirectory="8477a1d0-fc88-4161-baba-ecaf1a99a73c" /><UnitTestResult executionId="3a32fd71-bdd0-4fbd-8d65-8d6dad7c3d4e" testId="8cc8138e-1bdc-4416-91b7-df88cf2f1d8f" testName="Post_ValidReferencePropertyCreatesModel" computerName="LAMBDA" duration="00:00:00.3020000" startTime="2018-08-15T10:05:18.8233236-04:00" endTime="2018-08-15T10:05:18.8233316-04:00" testType="13cdc9d9-ddb5-4fa4-a97d-d965ccfc6d4b" outcome="Passed" testListId="8c84fa94-04c1-424b-9868-57a2d4851a1d" relativeResultsDirectory="3a32fd71-bdd0-4fbd-8d65-8d6dad7c3d4e" /><UnitTestResult executionId="377f7a01-b3d2-462a-9217-7e8075f9a3f8" testId="d883d5d8-f7be-4db1-a8a6-4649a6ee5d4b" testName="GetList_ListReturnsCorrectCount" computerName="LAMBDA" duration="00:00:01.6410000" startTime="2018-08-15T10:05:22.1122516-04:00" endTime="2018-08-15T10:05:22.1122576-04:00" testType="13cdc9d9-ddb5-4fa4-a97d-d965ccfc6d4b" outcome="Passed" testListId="8c84fa94-04c1-424b-9868-57a2d4851a1d" relativeResultsDirectory="377f7a01-b3d2-462a-9217-7e8075f9a3f8" /><UnitTestResult executionId="144f706a-8a79-4df2-8f8d-200ee3804e38" testId="f1be1a39-5cc4-4f80-ac17-5a5317f20b84" testName="Model3dHasExpectedDependentFiles" computerName="LAMBDA" duration="00:00:00.0390000" startTime="2018-08-15T10:05:05.7710802-04:00" endTime="2018-08-15T10:05:05.7710869-04:00" testType="13cdc9d9-ddb5-4fa4-a97d-d965ccfc6d4b" outcome="Passed" testListId="8c84fa94-04c1-424b-9868-57a2d4851a1d" relativeResultsDirectory="144f706a-8a79-4df2-8f8d-200ee3804e38" /><UnitTestResult executionId="86c4a373-7049-4327-8448-faa46b21995d" testId="2efe6be1-06ee-4ca1-8247-179483b0e91f" testName="GetList_ListReturnsCorrectCount" computerName="LAMBDA" duration="00:00:00.0260000" startTime="2018-08-15T10:05:17.9607787-04:00" endTime="2018-08-15T10:05:17.9607840-04:00" testType="13cdc9d9-ddb5-4fa4-a97d-d965ccfc6d4b" outcome="Passed" testListId="8c84fa94-04c1-424b-9868-57a2d4851a1d" relativeResultsDirectory="86c4a373-7049-4327-8448-faa46b21995d" /><UnitTestResult executionId="fefa5fb9-2f23-415b-82cf-f0b6c128cd33" testId="1db723f0-ea32-4c2d-ace4-162b791defbc" testName="Patch_MultipleInvalidReferencePropertiesReturnsMultipleValidationErrorsAndBadRequest" computerName="LAMBDA" duration="00:00:00.0150000" startTime="2018-08-15T10:05:08.9715668-04:00" endTime="2018-08-15T10:05:08.9715719-04:00" testType="13cdc9d9-ddb5-4fa4-a97d-d965ccfc6d4b" outcome="Passed" testListId="8c84fa94-04c1-424b-9868-57a2d4851a1d" relativeResultsDirectory="fefa5fb9-2f23-415b-82cf-f0b6c128cd33" /><UnitTestResult executionId="0be3eb4e-05b2-4979-9528-31c86d44fcac" testId="41353e39-652f-4836-90c5-d1ff8d5c07f5" testName="Patch_InvalidReferencePropertyReturnsBadRequest" computerName="LAMBDA" duration="00:00:00.0660000" startTime="2018-08-15T10:06:14.2321554-04:00" endTime="2018-08-15T10:06:14.2321617-04:00" testType="13cdc9d9-ddb5-4fa4-a97d-d965ccfc6d4b" outcome="Passed" testListId="8c84fa94-04c1-424b-9868-57a2d4851a1d" relativeResultsDirectory="0be3eb4e-05b2-4979-9528-31c86d44fcac" /><UnitTestResult executionId="3a7b3061-49c1-41c7-9fab-76ccbb0bc5f6" testId="c28d97a3-6c4a-4a9f-ace6-5b0e823d9cfc" testName="GetSingle_ValidIdPropertyValueReturnsCorrectModel" computerName="LAMBDA" duration="00:00:00.0330000" startTime="2018-08-15T10:05:26.5910833-04:00" endTime="2018-08-15T10:05:26.5910889-04:00" testType="13cdc9d9-ddb5-4fa4-a97d-d965ccfc6d4b" outcome="Passed" testListId="8c84fa94-04c1-424b-9868-57a2d4851a1d" relativeResultsDirectory="3a7b3061-49c1-41c7-9fab-76ccbb0bc5f6" /><UnitTestResult executionId="a6f4ecc9-47f9-41c9-a74c-45785eddbd58" testId="1f1c7f9f-1240-4e2d-b756-e54f2dbf34fb" testName="PostFile_NewFileCanBePosted" computerName="LAMBDA" duration="00:00:00.4970000" startTime="2018-08-15T10:06:11.4214752-04:00" endTime="2018-08-15T10:06:11.4214809-04:00" testType="13cdc9d9-ddb5-4fa4-a97d-d965ccfc6d4b" outcome="Passed" testListId="8c84fa94-04c1-424b-9868-57a2d4851a1d" relativeResultsDirectory="a6f4ecc9-47f9-41c9-a74c-45785eddbd58" /><UnitTestResult executionId="f8710240-b372-452b-ad85-62c5f5dfd42e" testId="a1341a7b-e789-4452-9eb9-185611c38338" testName="Patch_InvalidIdPropertyReturnsNotFound" computerName="LAMBDA" duration="00:00:00.0270000" startTime="2018-08-15T10:05:25.8894457-04:00" endTime="2018-08-15T10:05:25.8894515-04:00" testType="13cdc9d9-ddb5-4fa4-a97d-d965ccfc6d4b" outcome="Passed" testListId="8c84fa94-04c1-424b-9868-57a2d4851a1d" relativeResultsDirectory="f8710240-b372-452b-ad85-62c5f5dfd42e" /><UnitTestResult executionId="96ec8560-47ef-4615-bb06-60c11a2397e0" testId="cf6701f0-145b-4609-8b38-886fb8f7aa1f" testName="Patch_InvalidIdPropertyReturnsNotFound" computerName="LAMBDA" duration="00:00:00.0240000" startTime="2018-08-15T10:05:18.8907729-04:00" endTime="2018-08-15T10:05:18.8907781-04:00" testType="13cdc9d9-ddb5-4fa4-a97d-d965ccfc6d4b" outcome="Passed" testListId="8c84fa94-04c1-424b-9868-57a2d4851a1d" relativeResultsDirectory="96ec8560-47ef-4615-bb06-60c11a2397e0" /><UnitTestResult executionId="18ef0592-b7f6-4b89-ac89-058f5296c31e" testId="6c281618-388f-4707-a4ae-fd79edca138b" testName="PutFile_FileCanBeUpdated" computerName="LAMBDA" duration="00:00:00.8540000" startTime="2018-08-15T10:05:14.1437750-04:00" endTime="2018-08-15T10:05:14.1437876-04:00" testType="13cdc9d9-ddb5-4fa4-a97d-d965ccfc6d4b" outcome="Passed" testListId="8c84fa94-04c1-424b-9868-57a2d4851a1d" relativeResultsDirectory="18ef0592-b7f6-4b89-ac89-058f5296c31e" /><UnitTestResult executionId="840ef245-f4b6-42d6-bdae-7d7b6810ce9e" testId="e58d7e96-3fa7-430c-bac0-e080e0ffb37a" testName="Patch_InvalidPropertyNameReturnsBadRequest" computerName="LAMBDA" duration="00:00:00.0290000" startTime="2018-08-15T10:05:17.1142118-04:00" endTime="2018-08-15T10:05:17.1142167-04:00" testType="13cdc9d9-ddb5-4fa4-a97d-d965ccfc6d4b" outcome="Passed" testListId="8c84fa94-04c1-424b-9868-57a2d4851a1d" relativeResultsDirectory="840ef245-f4b6-42d6-bdae-7d7b6810ce9e" /><UnitTestResult executionId="8b31c12f-8b3e-40ae-90ab-02d88e6867bd" testId="4c4d83f2-8e0b-4ed5-a561-1d1214bcd6c4" testName="Patch_ValidReferencePropertyUpdatesModel" computerName="LAMBDA" duration="00:00:01.6060000" startTime="2018-08-15T10:06:02.6289518-04:00" endTime="2018-08-15T10:06:02.6289588-04:00" testType="13cdc9d9-ddb5-4fa4-a97d-d965ccfc6d4b" outcome="Passed" testListId="8c84fa94-04c1-424b-9868-57a2d4851a1d" relativeResultsDirectory="8b31c12f-8b3e-40ae-90ab-02d88e6867bd" /><UnitTestResult executionId="6d715ee6-fe2c-44f6-8d9a-96b8f6dd1c3e" testId="9e525425-7ec4-4a02-9587-03b769cab53d" testName="GetFile_FileCanBeRoundTripped" computerName="LAMBDA" duration="00:00:00.6590000" startTime="2018-08-15T10:05:16.8256590-04:00" endTime="2018-08-15T10:05:16.8256674-04:00" testType="13cdc9d9-ddb5-4fa4-a97d-d965ccfc6d4b" outcome="Passed" testListId="8c84fa94-04c1-424b-9868-57a2d4851a1d" relativeResultsDirectory="6d715ee6-fe2c-44f6-8d9a-96b8f6dd1c3e" /><UnitTestResult executionId="834258f6-4bb2-43ce-9714-7ea80b7e9c24" testId="47ebf977-f030-4bb6-8b16-a406742ccf42" testName="Patch_InvalidReferencePropertyReturnsBadRequest" computerName="LAMBDA" duration="00:00:00.0470000" startTime="2018-08-15T10:05:12.4805418-04:00" endTime="2018-08-15T10:05:12.4805465-04:00" testType="13cdc9d9-ddb5-4fa4-a97d-d965ccfc6d4b" outcome="Passed" testListId="8c84fa94-04c1-424b-9868-57a2d4851a1d" relativeResultsDirectory="834258f6-4bb2-43ce-9714-7ea80b7e9c24" /><UnitTestResult executionId="3764f6a4-1c67-4172-b63e-e07dd57fbae8" testId="42aeb0de-ae0f-4a92-b97b-b6b449eaa745" testName="Post_ValidReferencePropertyCreatesModel" computerName="LAMBDA" duration="00:00:00.3610000" startTime="2018-08-15T10:06:03.1013237-04:00" endTime="2018-08-15T10:06:03.1013311-04:00" testType="13cdc9d9-ddb5-4fa4-a97d-d965ccfc6d4b" outcome="Passed" testListId="8c84fa94-04c1-424b-9868-57a2d4851a1d" relativeResultsDirectory="3764f6a4-1c67-4172-b63e-e07dd57fbae8" /><UnitTestResult executionId="91141c77-642d-44f3-ad9d-f441396f9590" testId="43fbdaf1-5c8c-40e2-aa76-b32aecd27b13" testName="Delete_TargetModelIsDeleted" computerName="LAMBDA" duration="00:00:00.5540000" startTime="2018-08-15T10:05:57.0672265-04:00" endTime="2018-08-15T10:05:57.0672326-04:00" testType="13cdc9d9-ddb5-4fa4-a97d-d965ccfc6d4b" outcome="Passed" testListId="8c84fa94-04c1-424b-9868-57a2d4851a1d" relativeResultsDirectory="91141c77-642d-44f3-ad9d-f441396f9590" /><UnitTestResult executionId="8a89f5c9-706f-4f7b-94da-778a53bb6a65" testId="ba26d8e3-0693-4cc3-9ba4-56e5d70c43d3" testName="Patch_InvalidPropertyNameReturnsBadRequest" computerName="LAMBDA" duration="00:00:00.0350000" startTime="2018-08-15T10:05:25.8618026-04:00" endTime="2018-08-15T10:05:25.8618093-04:00" testType="13cdc9d9-ddb5-4fa4-a97d-d965ccfc6d4b" outcome="Passed" testListId="8c84fa94-04c1-424b-9868-57a2d4851a1d" relativeResultsDirectory="8a89f5c9-706f-4f7b-94da-778a53bb6a65" /><UnitTestResult executionId="411771c1-2686-446e-846a-fb9ae2cd19eb" testId="a27ba8e6-02aa-49f2-8ba8-bff4a4f9f058" testName="GetSingle_ValidIdPropertyValueReturnsCorrectModel" computerName="LAMBDA" duration="00:00:00.2280000" startTime="2018-08-15T10:06:00.8277551-04:00" endTime="2018-08-15T10:06:00.8277899-04:00" testType="13cdc9d9-ddb5-4fa4-a97d-d965ccfc6d4b" outcome="Passed" testListId="8c84fa94-04c1-424b-9868-57a2d4851a1d" relativeResultsDirectory="411771c1-2686-446e-846a-fb9ae2cd19eb" /><UnitTestResult executionId="509c8261-5930-44f8-b1ba-42ab42bddc96" testId="74492ed3-20a8-4a9e-8db8-d3599e9533a8" testName="LucyDepthBufferFindsOneDependent" computerName="LAMBDA" duration="00:00:00.0040000" startTime="2018-08-15T10:05:06.2017484-04:00" endTime="2018-08-15T10:05:06.2017527-04:00" testType="13cdc9d9-ddb5-4fa4-a97d-d965ccfc6d4b" outcome="Passed" testListId="8c84fa94-04c1-424b-9868-57a2d4851a1d" relativeResultsDirectory="509c8261-5930-44f8-b1ba-42ab42bddc96" /><UnitTestResult executionId="b6d54c46-b5b5-4005-afda-1a91a9f23321" testId="ade1afc5-614a-4750-9c53-46558f923a6e" testName="GetSingle_InvalidIdPropertyValueReturnsNotFound" computerName="LAMBDA" duration="00:00:00.1090000" startTime="2018-08-15T10:06:02.7393191-04:00" endTime="2018-08-15T10:06:02.7393251-04:00" testType="13cdc9d9-ddb5-4fa4-a97d-d965ccfc6d4b" outcome="Passed" testListId="8c84fa94-04c1-424b-9868-57a2d4851a1d" relativeResultsDirectory="b6d54c46-b5b5-4005-afda-1a91a9f23321" /><UnitTestResult executionId="c0e93589-3fc9-4b69-b85d-0be576147f96" testId="c94b9b39-7800-4229-a78d-2f66188d52da" testName="PostFile_NewFileCanBePosted" computerName="LAMBDA" duration="00:00:00.6320000" startTime="2018-08-15T10:05:34.6646393-04:00" endTime="2018-08-15T10:05:34.6646459-04:00" testType="13cdc9d9-ddb5-4fa4-a97d-d965ccfc6d4b" outcome="Passed" testListId="8c84fa94-04c1-424b-9868-57a2d4851a1d" relativeResultsDirectory="c0e93589-3fc9-4b69-b85d-0be576147f96" /><UnitTestResult executionId="7c80509b-0d20-4063-811d-d18d7c77a75f" testId="c9751624-c26e-4efa-9049-e0aa5b181db5" testName="Patch_InvalidEnumPropertyValueReturnsBadRequest" computerName="LAMBDA" duration="00:00:00.1020000" startTime="2018-08-15T10:05:56.2117738-04:00" endTime="2018-08-15T10:05:56.2117868-04:00" testType="13cdc9d9-ddb5-4fa4-a97d-d965ccfc6d4b" outcome="Passed" testListId="8c84fa94-04c1-424b-9868-57a2d4851a1d" relativeResultsDirectory="7c80509b-0d20-4063-811d-d18d7c77a75f" /><UnitTestResult executionId="a4b78bb8-db01-4cb3-b64e-e20f69051ed9" testId="815193dd-3b80-4243-a8e2-22c166d47aff" testName="Put_CanUpdateModel" computerName="LAMBDA" duration="00:00:00.4190000" startTime="2018-08-15T10:05:08.9202592-04:00" endTime="2018-08-15T10:05:08.9202652-04:00" testType="13cdc9d9-ddb5-4fa4-a97d-d965ccfc6d4b" outcome="Passed" testListId="8c84fa94-04c1-424b-9868-57a2d4851a1d" relativeResultsDirectory="a4b78bb8-db01-4cb3-b64e-e20f69051ed9" /><UnitTestResult executionId="07bc36f1-131b-4bd2-8086-12d433d816ef" testId="5428030c-8b90-46f4-bce4-7c76745edf2d" testName="Patch_ValidReferencePropertyUpdatesModel" computerName="LAMBDA" duration="00:00:00.5620000" startTime="2018-08-15T10:06:14.1595501-04:00" endTime="2018-08-15T10:06:14.1595581-04:00" testType="13cdc9d9-ddb5-4fa4-a97d-d965ccfc6d4b" outcome="Passed" testListId="8c84fa94-04c1-424b-9868-57a2d4851a1d" relativeResultsDirectory="07bc36f1-131b-4bd2-8086-12d433d816ef" /><UnitTestResult executionId="6f711eb6-a4e0-4ca7-abc0-3767310b2e51" testId="844e9b02-5ff5-4f30-807e-2bcc8b10e4b2" testName="Patch_TargetPropertyIsUpdated" computerName="LAMBDA" duration="00:00:00.4200000" startTime="2018-08-15T10:05:25.4524768-04:00" endTime="2018-08-15T10:05:25.4524824-04:00" testType="13cdc9d9-ddb5-4fa4-a97d-d965ccfc6d4b" outcome="Passed" testListId="8c84fa94-04c1-424b-9868-57a2d4851a1d" relativeResultsDirectory="6f711eb6-a4e0-4ca7-abc0-3767310b2e51" /><UnitTestResult executionId="932d75b5-fe78-4904-a831-12545825f0e1" testId="7ed061be-1a59-4b6b-8e19-a58f9a9e6dad" testName="Patch_TargetPropertyIsUpdated" computerName="LAMBDA" duration="00:00:00.4430000" startTime="2018-08-15T10:05:19.8349448-04:00" endTime="2018-08-15T10:05:19.8349498-04:00" testType="13cdc9d9-ddb5-4fa4-a97d-d965ccfc6d4b" outcome="Passed" testListId="8c84fa94-04c1-424b-9868-57a2d4851a1d" relativeResultsDirectory="932d75b5-fe78-4904-a831-12545825f0e1" /><UnitTestResult executionId="9e392f12-5ae6-4119-8724-312c4f17e391" testId="b7c615b5-0bad-4d0f-8ca7-6c1edd3ecbb6" testName="Put_InvalidReferencePropertyReturndBadRequest" computerName="LAMBDA" duration="00:00:00.1960000" startTime="2018-08-15T10:05:56.5109977-04:00" endTime="2018-08-15T10:05:56.5110059-04:00" testType="13cdc9d9-ddb5-4fa4-a97d-d965ccfc6d4b" outcome="Passed" testListId="8c84fa94-04c1-424b-9868-57a2d4851a1d" relativeResultsDirectory="9e392f12-5ae6-4119-8724-312c4f17e391" /><UnitTestResult executionId="5853ce41-c1d9-4b4b-b027-261823ccd17b" testId="4908fc73-1566-447e-9d7f-cc277072a96f" testName="Put_ValidReferencePropertyUpdatesModel" computerName="LAMBDA" duration="00:00:00.5120000" startTime="2018-08-15T10:05:18.4744299-04:00" endTime="2018-08-15T10:05:18.4744421-04:00" testType="13cdc9d9-ddb5-4fa4-a97d-d965ccfc6d4b" outcome="Passed" testListId="8c84fa94-04c1-424b-9868-57a2d4851a1d" relativeResultsDirectory="5853ce41-c1d9-4b4b-b027-261823ccd17b" /><UnitTestResult executionId="8854cf0c-2b36-46b4-91fb-75d31805052f" testId="65fd0147-605c-46c7-b5d7-aaffc7995326" testName="Post_InvalidReferencePropertyReturnsBadRequest" computerName="LAMBDA" duration="00:00:00.3590000" startTime="2018-08-15T10:05:09.4086035-04:00" endTime="2018-08-15T10:05:09.4086079-04:00" testType="13cdc9d9-ddb5-4fa4-a97d-d965ccfc6d4b" outcome="Passed" testListId="8c84fa94-04c1-424b-9868-57a2d4851a1d" relativeResultsDirectory="8854cf0c-2b36-46b4-91fb-75d31805052f" /><UnitTestResult executionId="2c0d7434-f7b3-4b67-a81c-111ad0609ad5" testId="fd5b4655-5227-43f2-80f2-4397478f5ac8" testName="Patch_InvalidPropertyNameReturnsBadRequest" computerName="LAMBDA" duration="00:00:00.1140000" startTime="2018-08-15T10:05:06.9203421-04:00" endTime="2018-08-15T10:05:06.9203473-04:00" testType="13cdc9d9-ddb5-4fa4-a97d-d965ccfc6d4b" outcome="Passed" testListId="8c84fa94-04c1-424b-9868-57a2d4851a1d" relativeResultsDirectory="2c0d7434-f7b3-4b67-a81c-111ad0609ad5" /><UnitTestResult executionId="1cb918b1-ea6b-4c0b-93a7-470872ee826e" testId="66554c65-0b1e-4ee6-b573-a7fe417c3c94" testName="Post_InvalidReferencePropertyReturnsBadRequest" computerName="LAMBDA" duration="00:00:00.0160000" startTime="2018-08-15T10:05:06.9571745-04:00" endTime="2018-08-15T10:05:06.9571792-04:00" testType="13cdc9d9-ddb5-4fa4-a97d-d965ccfc6d4b" outcome="Passed" testListId="8c84fa94-04c1-424b-9868-57a2d4851a1d" relativeResultsDirectory="1cb918b1-ea6b-4c0b-93a7-470872ee826e" /><UnitTestResult executionId="e60dfd40-1cf2-44c3-a17d-4156f42925d0" testId="9d8283f2-31cf-4cad-aef7-a246584708da" testName="Patch_MultipleInvalidReferencePropertiesReturnsMultipleValidationErrorsAndBadRequest" computerName="LAMBDA" duration="00:00:00.1170000" startTime="2018-08-15T10:06:00.3142815-04:00" endTime="2018-08-15T10:06:00.3142876-04:00" testType="13cdc9d9-ddb5-4fa4-a97d-d965ccfc6d4b" outcome="Passed" testListId="8c84fa94-04c1-424b-9868-57a2d4851a1d" relativeResultsDirectory="e60dfd40-1cf2-44c3-a17d-4156f42925d0" /><UnitTestResult executionId="45c4eb55-0774-4e15-8261-0e1b44bec9d5" testId="3a6762ec-83ae-484d-b952-383bfad6a265" testName="GetFile_ExistingFileReturnsSuccess" computerName="LAMBDA" duration="00:00:00.1290000" startTime="2018-08-15T10:06:04.8947577-04:00" endTime="2018-08-15T10:06:04.8947645-04:00" testType="13cdc9d9-ddb5-4fa4-a97d-d965ccfc6d4b" outcome="Passed" testListId="8c84fa94-04c1-424b-9868-57a2d4851a1d" relativeResultsDirectory="45c4eb55-0774-4e15-8261-0e1b44bec9d5" /><UnitTestResult executionId="7a61bf9b-8f31-42ce-8884-fb6249f2335e" testId="58ddaf15-b257-41bf-ac40-cbe2f6f13116" testName="Patch_InvalidEnumPropertyValueReturnsBadRequest" computerName="LAMBDA" duration="00:00:00.0200000" startTime="2018-08-15T10:05:12.0253402-04:00" endTime="2018-08-15T10:05:12.0253449-04:00" testType="13cdc9d9-ddb5-4fa4-a97d-d965ccfc6d4b" outcome="Passed" testListId="8c84fa94-04c1-424b-9868-57a2d4851a1d" relativeResultsDirectory="7a61bf9b-8f31-42ce-8884-fb6249f2335e" /><UnitTestResult executionId="407f8429-c4e9-4310-80ea-6c6e093ca40e" testId="d2d8c8b0-ee7c-4ae1-ab1f-490d2c161a4f" testName="GetFile_ExistingFileReturnsSuccess" computerName="LAMBDA" duration="00:00:00.3560000" startTime="2018-08-15T10:05:14.5004938-04:00" endTime="2018-08-15T10:05:14.5004997-04:00" testType="13cdc9d9-ddb5-4fa4-a97d-d965ccfc6d4b" outcome="Passed" testListId="8c84fa94-04c1-424b-9868-57a2d4851a1d" relativeResultsDirectory="407f8429-c4e9-4310-80ea-6c6e093ca40e" /><UnitTestResult executionId="214eed45-9eab-49fb-80bf-438e56d7a6e1" testId="75f09eb5-adf8-46c5-b920-e8b87b28cae1" testName="PostFile_FileIsSynchronizedIsUpdatedAfterFileIsPosted" computerName="LAMBDA" duration="00:00:00.4860000" startTime="2018-08-15T10:06:10.9235447-04:00" endTime="2018-08-15T10:06:10.9235505-04:00" testType="13cdc9d9-ddb5-4fa4-a97d-d965ccfc6d4b" outcome="Passed" testListId="8c84fa94-04c1-424b-9868-57a2d4851a1d" relativeResultsDirectory="214eed45-9eab-49fb-80bf-438e56d7a6e1" /><UnitTestResult executionId="44feb1f8-2c64-483e-b7df-4bf3a68fb8be" testId="e37b0c3c-fa6e-404c-a6b4-61ce8db2671f" testName="Put_InvalidReferencePropertyReturndBadRequest" computerName="LAMBDA" duration="00:00:00.0420000" startTime="2018-08-15T10:05:18.8660794-04:00" endTime="2018-08-15T10:05:18.8660850-04:00" testType="13cdc9d9-ddb5-4fa4-a97d-d965ccfc6d4b" outcome="Passed" testListId="8c84fa94-04c1-424b-9868-57a2d4851a1d" relativeResultsDirectory="44feb1f8-2c64-483e-b7df-4bf3a68fb8be" /><UnitTestResult executionId="c4ed7071-2160-41d6-b2bb-c62128eab252" testId="688b4013-dcc2-46ca-a4e4-7f6e8454b8a1" testName="Post_CanCreateNewModel" computerName="LAMBDA" duration="00:00:00.4640000" startTime="2018-08-15T10:05:08.3773671-04:00" endTime="2018-08-15T10:05:08.3773734-04:00" testType="13cdc9d9-ddb5-4fa4-a97d-d965ccfc6d4b" outcome="Passed" testListId="8c84fa94-04c1-424b-9868-57a2d4851a1d" relativeResultsDirectory="c4ed7071-2160-41d6-b2bb-c62128eab252" /><UnitTestResult executionId="0f3bf473-ae85-44e0-b859-81497a3c0a6a" testId="9f4a6146-3542-4cde-8873-ad14c511b252" testName="GetSingle_ValidIdPropertyValueReturnsCorrectModel" computerName="LAMBDA" duration="00:00:00.0210000" startTime="2018-08-15T10:05:10.6744397-04:00" endTime="2018-08-15T10:05:10.6744445-04:00" testType="13cdc9d9-ddb5-4fa4-a97d-d965ccfc6d4b" outcome="Passed" testListId="8c84fa94-04c1-424b-9868-57a2d4851a1d" relativeResultsDirectory="0f3bf473-ae85-44e0-b859-81497a3c0a6a" /><UnitTestResult executionId="dfa3d3e1-010a-4118-8857-5bb001e22c80" testId="d55bda9a-7690-42cf-bf34-a79b35bb8ec4" testName="Patch_MultipleInvalidReferencePropertiesReturnsMultipleValidationErrorsAndBadRequest" computerName="LAMBDA" duration="00:00:00.0630000" startTime="2018-08-15T10:06:13.5007483-04:00" endTime="2018-08-15T10:06:13.5007542-04:00" testType="13cdc9d9-ddb5-4fa4-a97d-d965ccfc6d4b" outcome="Passed" testListId="8c84fa94-04c1-424b-9868-57a2d4851a1d" relativeResultsDirectory="dfa3d3e1-010a-4118-8857-5bb001e22c80" /><UnitTestResult executionId="a7964363-92e0-426d-b50b-662bf23dd938" testId="8a2450a4-ebc4-45d4-8986-d91d4ed3cb2e" testName="Post_InvalidReferencePropertyReturnsBadRequest" computerName="LAMBDA" duration="00:00:00.0290000" startTime="2018-08-15T10:06:12.6920173-04:00" endTime="2018-08-15T10:06:12.6920233-04:00" testType="13cdc9d9-ddb5-4fa4-a97d-d965ccfc6d4b" outcome="Passed" testListId="8c84fa94-04c1-424b-9868-57a2d4851a1d" relativeResultsDirectory="a7964363-92e0-426d-b50b-662bf23dd938" /><UnitTestResult executionId="c64fb0c8-8090-4c4c-9c85-e1ff99da28d9" testId="1f87c26c-5bd9-479f-b8b2-2cc155d849e5" testName="Put_ValidReferencePropertyUpdatesModel" computerName="LAMBDA" duration="00:00:01.5910000" startTime="2018-08-15T10:05:59.9813653-04:00" endTime="2018-08-15T10:05:59.9813716-04:00" testType="13cdc9d9-ddb5-4fa4-a97d-d965ccfc6d4b" outcome="Passed" testListId="8c84fa94-04c1-424b-9868-57a2d4851a1d" relativeResultsDirectory="c64fb0c8-8090-4c4c-9c85-e1ff99da28d9" /><UnitTestResult executionId="e4123d41-e28e-4c30-b883-0bbfd387a19c" testId="309af525-760a-49e4-8118-74b042373abd" testName="Post_ValidReferencePropertyCreatesModel" computerName="LAMBDA" duration="00:00:00.2410000" startTime="2018-08-15T10:06:13.4368182-04:00" endTime="2018-08-15T10:06:13.4368235-04:00" testType="13cdc9d9-ddb5-4fa4-a97d-d965ccfc6d4b" outcome="Passed" testListId="8c84fa94-04c1-424b-9868-57a2d4851a1d" relativeResultsDirectory="e4123d41-e28e-4c30-b883-0bbfd387a19c" /><UnitTestResult executionId="dffecb9f-f608-4e12-8ef2-1a9573780d48" testId="256d7957-447c-4634-a9a6-ced881cda1ca" testName="GetList_ListReturnsCorrectCount" computerName="LAMBDA" duration="00:00:00.0360000" startTime="2018-08-15T10:05:08.9567288-04:00" endTime="2018-08-15T10:05:08.9567354-04:00" testType="13cdc9d9-ddb5-4fa4-a97d-d965ccfc6d4b" outcome="Passed" testListId="8c84fa94-04c1-424b-9868-57a2d4851a1d" relativeResultsDirectory="dffecb9f-f608-4e12-8ef2-1a9573780d48" /><UnitTestResult executionId="a8357c5b-5a1a-4c62-b32d-58090dcbad07" testId="39c68455-2b87-4ab9-b2ff-372e93718551" testName="Patch_InvalidEnumPropertyValueReturnsBadRequest" computerName="LAMBDA" duration="00:00:00.0330000" startTime="2018-08-15T10:05:25.0321710-04:00" endTime="2018-08-15T10:05:25.0321765-04:00" testType="13cdc9d9-ddb5-4fa4-a97d-d965ccfc6d4b" outcome="Passed" testListId="8c84fa94-04c1-424b-9868-57a2d4851a1d" relativeResultsDirectory="a8357c5b-5a1a-4c62-b32d-58090dcbad07" /></Results><TestDefinitions><UnitTest name="Put_InvalidReferencePropertyReturndBadRequest" storage="d:\github\modelrelief\modelrelief.test\bin\debug\netcoreapp2.0\modelrelief.test.dll" id="b7c615b5-0bad-4d0f-8ca7-6c1edd3ecbb6"><Execution id="9e392f12-5ae6-4119-8724-312c4f17e391" /><TestMethod codeBase="d:\Github\ModelRelief\ModelRelief.test\bin\Debug\netcoreapp2.0\ModelRelief.Test.dll" adapterTypeName="executor://xunit/VsTestRunner2/netcoreapp" className="ModelRelief.Test.Integration.DepthBuffers.DepthBuffersBaseIntegrationTests" name="Put_InvalidReferencePropertyReturndBadRequest" /></UnitTest><UnitTest name="Post_InvalidPropertyValueReturnsBadRequest" storage="d:\github\modelrelief\modelrelief.test\bin\debug\netcoreapp2.0\modelrelief.test.dll" id="8de23012-a32c-4218-a888-3236aaec6f7b"><Execution id="2a0a0344-2b84-47fe-b5a8-399b5e5c7883" /><TestMethod codeBase="d:\Github\ModelRelief\ModelRelief.test\bin\Debug\netcoreapp2.0\ModelRelief.Test.dll" adapterTypeName="executor://xunit/VsTestRunner2/netcoreapp" className="ModelRelief.Test.Integration.Cameras.CamerasBaseIntegrationTests" name="Post_InvalidPropertyValueReturnsBadRequest" /></UnitTest><UnitTest name="Put_CanUpdateModel" storage="d:\github\modelrelief\modelrelief.test\bin\debug\netcoreapp2.0\modelrelief.test.dll" id="815193dd-3b80-4243-a8e2-22c166d47aff"><Execution id="a4b78bb8-db01-4cb3-b64e-e20f69051ed9" /><TestMethod codeBase="d:\Github\ModelRelief\ModelRelief.test\bin\Debug\netcoreapp2.0\ModelRelief.Test.dll" adapterTypeName="executor://xunit/VsTestRunner2/netcoreapp" className="ModelRelief.Test.Integration.Projects.ProjectsBaseIntegrationTests" name="Put_CanUpdateModel" /></UnitTest><UnitTest name="FileRequest_MeshIsInvalidatedAfterDepthBufferFileBecomesUnsynchronized" storage="d:\github\modelrelief\modelrelief.test\bin\debug\netcoreapp2.0\modelrelief.test.dll" id="a5f2dff5-ba0d-4819-98a4-3211dc8904d9"><Execution id="5b8edba7-b223-4116-a8a7-88709330629f" /><TestMethod codeBase="d:\Github\ModelRelief\ModelRelief.test\bin\Debug\netcoreapp2.0\ModelRelief.Test.dll" adapterTypeName="executor://xunit/VsTestRunner2/netcoreapp" className="ModelRelief.Test.Integration.Meshes.MeshesFileIntegrationTests" name="FileRequest_MeshIsInvalidatedAfterDepthBufferFileBecomesUnsynchronized" /></UnitTest><UnitTest name="Patch_InvalidPropertyNameReturnsBadRequest" storage="d:\github\modelrelief\modelrelief.test\bin\debug\netcoreapp2.0\modelrelief.test.dll" id="fd5b4655-5227-43f2-80f2-4397478f5ac8"><Execution id="2c0d7434-f7b3-4b67-a81c-111ad0609ad5" /><TestMethod codeBase="d:\Github\ModelRelief\ModelRelief.test\bin\Debug\netcoreapp2.0\ModelRelief.Test.dll" adapterTypeName="executor://xunit/VsTestRunner2/netcoreapp" className="ModelRelief.Test.Integration.Projects.ProjectsBaseIntegrationTests" name="Patch_InvalidPropertyNameReturnsBadRequest" /></UnitTest><UnitTest name="Post_CanCreateNewModel" storage="d:\github\modelrelief\modelrelief.test\bin\debug\netcoreapp2.0\modelrelief.test.dll" id="d2459f36-79df-47d7-96e0-6f29d84213bd"><Execution id="1dd5832d-6325-4deb-8022-0ecb7625ad0c" /><TestMethod codeBase="d:\Github\ModelRelief\ModelRelief.test\bin\Debug\netcoreapp2.0\ModelRelief.Test.dll" adapterTypeName="executor://xunit/VsTestRunner2/netcoreapp" className="ModelRelief.Test.Integration.Meshes.MeshesBaseIntegrationTests" name="Post_CanCreateNewModel" /></UnitTest><UnitTest name="FileRequest_FileCanBeReadAfterRename" storage="d:\github\modelrelief\modelrelief.test\bin\debug\netcoreapp2.0\modelrelief.test.dll" id="0ef824bb-f459-495f-8bb2-e9037fb79455"><Execution id="5570a6c4-a5ff-4e2f-8e21-33b932846703" /><TestMethod codeBase="d:\Github\ModelRelief\ModelRelief.test\bin\Debug\netcoreapp2.0\ModelRelief.Test.dll" adapterTypeName="executor://xunit/VsTestRunner2/netcoreapp" className="ModelRelief.Test.Integration.Meshes.MeshesFileIntegrationTests" name="FileRequest_FileCanBeReadAfterRename" /></UnitTest><UnitTest name="Put_CanUpdateModel" storage="d:\github\modelrelief\modelrelief.test\bin\debug\netcoreapp2.0\modelrelief.test.dll" id="745376cd-acfa-4720-acbd-ac5f7ce07a85"><Execution id="a6c50a48-d63a-446b-89df-9bab296c20e3" /><TestMethod codeBase="d:\Github\ModelRelief\ModelRelief.test\bin\Debug\netcoreapp2.0\ModelRelief.Test.dll" adapterTypeName="executor://xunit/VsTestRunner2/netcoreapp" className="ModelRelief.Test.Integration.Meshes.MeshesBaseIntegrationTests" name="Put_CanUpdateModel" /></UnitTest><UnitTest name="Model3dHasExpectedDependentFiles" storage="d:\github\modelrelief\modelrelief.test\bin\debug\netcoreapp2.0\modelrelief.test.dll" id="f1be1a39-5cc4-4f80-ac17-5a5317f20b84"><Execution id="144f706a-8a79-4df2-8f8d-200ee3804e38" /><TestMethod codeBase="d:\Github\ModelRelief\ModelRelief.test\bin\Debug\netcoreapp2.0\ModelRelief.Test.dll" adapterTypeName="executor://xunit/VsTestRunner2/netcoreapp" className="ModelRelief.Test.Unit.DependencyManager.DependencyManagerTests" name="Model3dHasExpectedDependentFiles" /></UnitTest><UnitTest name="PutFile_NewFileCanBePut" storage="d:\github\modelrelief\modelrelief.test\bin\debug\netcoreapp2.0\modelrelief.test.dll" id="2d71d076-817e-42b9-9fa9-5e28018f5132"><Execution id="911a93e2-e080-4303-ae60-780e40ea7efe" /><TestMethod codeBase="d:\Github\ModelRelief\ModelRelief.test\bin\Debug\netcoreapp2.0\ModelRelief.Test.dll" adapterTypeName="executor://xunit/VsTestRunner2/netcoreapp" className="ModelRelief.Test.Integration.DepthBuffers.DepthBuffersFileIntegrationTests" name="PutFile_NewFileCanBePut" /></UnitTest><UnitTest name="Put_CanUpdateModel" storage="d:\github\modelrelief\modelrelief.test\bin\debug\netcoreapp2.0\modelrelief.test.dll" id="55e6afa8-c887-4f1b-86cc-4f13b2e3ab87"><Execution id="95932714-5e3b-4167-a54f-ef67a54ff38b" /><TestMethod codeBase="d:\Github\ModelRelief\ModelRelief.test\bin\Debug\netcoreapp2.0\ModelRelief.Test.dll" adapterTypeName="executor://xunit/VsTestRunner2/netcoreapp" className="ModelRelief.Test.Integration.Cameras.CamerasBaseIntegrationTests" name="Put_CanUpdateModel" /></UnitTest><UnitTest name="GetSingle_InvalidIdPropertyValueReturnsNotFound" storage="d:\github\modelrelief\modelrelief.test\bin\debug\netcoreapp2.0\modelrelief.test.dll" id="ae332a8f-f5c0-4919-b06f-6e061d02b6e9"><Execution id="b762ef04-b0aa-4b80-a231-1aafeebda59e" /><TestMethod codeBase="d:\Github\ModelRelief\ModelRelief.test\bin\Debug\netcoreapp2.0\ModelRelief.Test.dll" adapterTypeName="executor://xunit/VsTestRunner2/netcoreapp" className="ModelRelief.Test.Integration.Projects.ProjectsBaseIntegrationTests" name="GetSingle_InvalidIdPropertyValueReturnsNotFound" /></UnitTest><UnitTest name="Delete_TargetModelIsDeleted" storage="d:\github\modelrelief\modelrelief.test\bin\debug\netcoreapp2.0\modelrelief.test.dll" id="9e3c2cb7-6726-489a-9365-67bb3216132c"><Execution id="cef57933-53e7-4010-aaed-85adcc506e87" /><TestMethod codeBase="d:\Github\ModelRelief\ModelRelief.test\bin\Debug\netcoreapp2.0\ModelRelief.Test.dll" adapterTypeName="executor://xunit/VsTestRunner2/netcoreapp" className="ModelRelief.Test.Integration.Projects.ProjectsBaseIntegrationTests" name="Delete_TargetModelIsDeleted" /></UnitTest><UnitTest name="Put_CanUpdateModel" storage="d:\github\modelrelief\modelrelief.test\bin\debug\netcoreapp2.0\modelrelief.test.dll" id="850547be-9321-4c39-b9e4-55d745564fd3"><Execution id="026496be-b1ae-4587-861e-08842bad5389" /><TestMethod codeBase="d:\Github\ModelRelief\ModelRelief.test\bin\Debug\netcoreapp2.0\ModelRelief.Test.dll" adapterTypeName="executor://xunit/VsTestRunner2/netcoreapp" className="ModelRelief.Test.Integration.Models.ModelsBaseIntegrationTests" name="Put_CanUpdateModel" /></UnitTest><UnitTest name="Patch_MultipleInvalidReferencePropertiesReturnsMultipleValidationErrorsAndBadRequest" storage="d:\github\modelrelief\modelrelief.test\bin\debug\netcoreapp2.0\modelrelief.test.dll" id="dd598939-599d-468b-976e-592de2fdfc22"><Execution id="21622808-3081-48e1-9fbf-480a85b0f5ae" /><TestMethod codeBase="d:\Github\ModelRelief\ModelRelief.test\bin\Debug\netcoreapp2.0\ModelRelief.Test.dll" adapterTypeName="executor://xunit/VsTestRunner2/netcoreapp" className="ModelRelief.Test.Integration.Models.ModelsBaseIntegrationTests" name="Patch_MultipleInvalidReferencePropertiesReturnsMultipleValidationErrorsAndBadRequest" /></UnitTest><UnitTest name="PostFile_FileIsSynchronizedIsUpdatedAfterFileIsPosted" storage="d:\github\modelrelief\modelrelief.test\bin\debug\netcoreapp2.0\modelrelief.test.dll" id="75f09eb5-adf8-46c5-b920-e8b87b28cae1"><Execution id="214eed45-9eab-49fb-80bf-438e56d7a6e1" /><TestMethod codeBase="d:\Github\ModelRelief\ModelRelief.test\bin\Debug\netcoreapp2.0\ModelRelief.Test.dll" adapterTypeName="executor://xunit/VsTestRunner2/netcoreapp" className="ModelRelief.Test.Integration.DepthBuffers.DepthBuffersFileIntegrationTests" name="PostFile_FileIsSynchronizedIsUpdatedAfterFileIsPosted" /></UnitTest><UnitTest name="Post_InvalidReferencePropertyReturnsBadRequest" storage="d:\github\modelrelief\modelrelief.test\bin\debug\netcoreapp2.0\modelrelief.test.dll" id="e105683f-d0b5-4b56-a3ef-fe3de0144cc6"><Execution id="ec64b3b3-56f8-4db1-aab5-367b7ab2bd5f" /><TestMethod codeBase="d:\Github\ModelRelief\ModelRelief.test\bin\Debug\netcoreapp2.0\ModelRelief.Test.dll" adapterTypeName="executor://xunit/VsTestRunner2/netcoreapp" className="ModelRelief.Test.Integration.MeshTransforms.MeshTransformsBaseIntegrationTests" name="Post_InvalidReferencePropertyReturnsBadRequest" /></UnitTest><UnitTest name="Post_InvalidPropertyValueReturnsBadRequest" storage="d:\github\modelrelief\modelrelief.test\bin\debug\netcoreapp2.0\modelrelief.test.dll" id="d50a3516-59c3-4929-a71e-e82123adf156"><Execution id="2d9858ac-5860-45fa-ad15-9cbb4f357914" /><TestMethod codeBase="d:\Github\ModelRelief\ModelRelief.test\bin\Debug\netcoreapp2.0\ModelRelief.Test.dll" adapterTypeName="executor://xunit/VsTestRunner2/netcoreapp" className="ModelRelief.Test.Integration.MeshTransforms.MeshTransformsBaseIntegrationTests" name="Post_InvalidPropertyValueReturnsBadRequest" /></UnitTest><UnitTest name="Patch_ValidReferencePropertyUpdatesModel" storage="d:\github\modelrelief\modelrelief.test\bin\debug\netcoreapp2.0\modelrelief.test.dll" id="5428030c-8b90-46f4-bce4-7c76745edf2d"><Execution id="07bc36f1-131b-4bd2-8086-12d433d816ef" /><TestMethod codeBase="d:\Github\ModelRelief\ModelRelief.test\bin\Debug\netcoreapp2.0\ModelRelief.Test.dll" adapterTypeName="executor://xunit/VsTestRunner2/netcoreapp" className="ModelRelief.Test.Integration.Cameras.CamerasBaseIntegrationTests" name="Patch_ValidReferencePropertyUpdatesModel" /></UnitTest><UnitTest name="GetFile_ExistingFileReturnsSuccess" storage="d:\github\modelrelief\modelrelief.test\bin\debug\netcoreapp2.0\modelrelief.test.dll" id="3a6762ec-83ae-484d-b952-383bfad6a265"><Execution id="45c4eb55-0774-4e15-8261-0e1b44bec9d5" /><TestMethod codeBase="d:\Github\ModelRelief\ModelRelief.test\bin\Debug\netcoreapp2.0\ModelRelief.Test.dll" adapterTypeName="executor://xunit/VsTestRunner2/netcoreapp" className="ModelRelief.Test.Integration.DepthBuffers.DepthBuffersFileIntegrationTests" name="GetFile_ExistingFileReturnsSuccess" /></UnitTest><UnitTest name="Put_InvalidReferencePropertyReturndBadRequest" storage="d:\github\modelrelief\modelrelief.test\bin\debug\netcoreapp2.0\modelrelief.test.dll" id="2324d4aa-bd7c-413a-9eab-ec376eebf912"><Execution id="2cb78162-04a5-4a8e-a94e-dac7aa55d66a" /><TestMethod codeBase="d:\Github\ModelRelief\ModelRelief.test\bin\Debug\netcoreapp2.0\ModelRelief.Test.dll" adapterTypeName="executor://xunit/VsTestRunner2/netcoreapp" className="ModelRelief.Test.Integration.Projects.ProjectsBaseIntegrationTests" name="Put_InvalidReferencePropertyReturndBadRequest" /></UnitTest><UnitTest name="GetFile_NonExistentFileReturnsNotFound" storage="d:\github\modelrelief\modelrelief.test\bin\debug\netcoreapp2.0\modelrelief.test.dll" id="b4aef45d-817f-4bdf-b252-710b323d17d8"><Execution id="88e0262c-c133-4123-9d5c-6f5331ce27a9" /><TestMethod codeBase="d:\Github\ModelRelief\ModelRelief.test\bin\Debug\netcoreapp2.0\ModelRelief.Test.dll" adapterTypeName="executor://xunit/VsTestRunner2/netcoreapp" className="ModelRelief.Test.Integration.Meshes.MeshesFileIntegrationTests" name="GetFile_NonExistentFileReturnsNotFound" /></UnitTest><UnitTest name="GetSingle_ValidIdPropertyValueReturnsCorrectModel" storage="d:\github\modelrelief\modelrelief.test\bin\debug\netcoreapp2.0\modelrelief.test.dll" id="c4dee930-84c8-44cd-8cf1-7baf741b4d06"><Execution id="a90ed0b4-b1a4-49c5-93ff-1e71f00dbea6" /><TestMethod codeBase="d:\Github\ModelRelief\ModelRelief.test\bin\Debug\netcoreapp2.0\ModelRelief.Test.dll" adapterTypeName="executor://xunit/VsTestRunner2/netcoreapp" className="ModelRelief.Test.Integration.MeshTransforms.MeshTransformsBaseIntegrationTests" name="GetSingle_ValidIdPropertyValueReturnsCorrectModel" /></UnitTest><UnitTest name="Put_InvalidIdReturnsNotFound" storage="d:\github\modelrelief\modelrelief.test\bin\debug\netcoreapp2.0\modelrelief.test.dll" id="f86a080d-778b-4be2-9741-fa76b9d864b5"><Execution id="b641163d-2f92-42d6-84b9-77e80f3bfbb5" /><TestMethod codeBase="d:\Github\ModelRelief\ModelRelief.test\bin\Debug\netcoreapp2.0\ModelRelief.Test.dll" adapterTypeName="executor://xunit/VsTestRunner2/netcoreapp" className="ModelRelief.Test.Integration.MeshTransforms.MeshTransformsBaseIntegrationTests" name="Put_InvalidIdReturnsNotFound" /></UnitTest><UnitTest name="Post_ValidReferencePropertyCreatesModel" storage="d:\github\modelrelief\modelrelief.test\bin\debug\netcoreapp2.0\modelrelief.test.dll" id="42aeb0de-ae0f-4a92-b97b-b6b449eaa745"><Execution id="3764f6a4-1c67-4172-b63e-e07dd57fbae8" /><TestMethod codeBase="d:\Github\ModelRelief\ModelRelief.test\bin\Debug\netcoreapp2.0\ModelRelief.Test.dll" adapterTypeName="executor://xunit/VsTestRunner2/netcoreapp" className="ModelRelief.Test.Integration.DepthBuffers.DepthBuffersBaseIntegrationTests" name="Post_ValidReferencePropertyCreatesModel" /></UnitTest><UnitTest name="GetList_ListReturnsCorrectCount" storage="d:\github\modelrelief\modelrelief.test\bin\debug\netcoreapp2.0\modelrelief.test.dll" id="537f04d2-8931-487e-b7e8-c1d5c6500c97"><Execution id="435d0a18-f4be-41d1-9957-353800020f20" /><TestMethod codeBase="d:\Github\ModelRelief\ModelRelief.test\bin\Debug\netcoreapp2.0\ModelRelief.Test.dll" adapterTypeName="executor://xunit/VsTestRunner2/netcoreapp" className="ModelRelief.Test.Integration.Models.ModelsBaseIntegrationTests" name="GetList_ListReturnsCorrectCount" /></UnitTest><UnitTest name="Patch_ValidReferencePropertyUpdatesModel" storage="d:\github\modelrelief\modelrelief.test\bin\debug\netcoreapp2.0\modelrelief.test.dll" id="4c4d83f2-8e0b-4ed5-a561-1d1214bcd6c4"><Execution id="8b31c12f-8b3e-40ae-90ab-02d88e6867bd" /><TestMethod codeBase="d:\Github\ModelRelief\ModelRelief.test\bin\Debug\netcoreapp2.0\ModelRelief.Test.dll" adapterTypeName="executor://xunit/VsTestRunner2/netcoreapp" className="ModelRelief.Test.Integration.DepthBuffers.DepthBuffersBaseIntegrationTests" name="Patch_ValidReferencePropertyUpdatesModel" /></UnitTest><UnitTest name="PostFile_NewFileCanBePosted" storage="d:\github\modelrelief\modelrelief.test\bin\debug\netcoreapp2.0\modelrelief.test.dll" id="c94b9b39-7800-4229-a78d-2f66188d52da"><Execution id="c0e93589-3fc9-4b69-b85d-0be576147f96" /><TestMethod codeBase="d:\Github\ModelRelief\ModelRelief.test\bin\Debug\netcoreapp2.0\ModelRelief.Test.dll" adapterTypeName="executor://xunit/VsTestRunner2/netcoreapp" className="ModelRelief.Test.Integration.Meshes.MeshesFileIntegrationTests" name="PostFile_NewFileCanBePosted" /></UnitTest><UnitTest name="PostFile_FileTimeStampIsUpdatedAfterFileIsPosted" storage="d:\github\modelrelief\modelrelief.test\bin\debug\netcoreapp2.0\modelrelief.test.dll" id="b989e2b6-e472-44ab-b40d-4b2c927cc921"><Execution id="31cac64c-9e7a-4993-9ef2-e15445051f71" /><TestMethod codeBase="d:\Github\ModelRelief\ModelRelief.test\bin\Debug\netcoreapp2.0\ModelRelief.Test.dll" adapterTypeName="executor://xunit/VsTestRunner2/netcoreapp" className="ModelRelief.Test.Integration.Meshes.MeshesFileIntegrationTests" name="PostFile_FileTimeStampIsUpdatedAfterFileIsPosted" /></UnitTest><UnitTest name="Post_CanCreateNewModel" storage="d:\github\modelrelief\modelrelief.test\bin\debug\netcoreapp2.0\modelrelief.test.dll" id="4d94aafd-71b9-4ab0-b7ee-0eafbfb52e3f"><Execution id="bb217a15-e640-4ede-ac4c-0b72655bfed9" /><TestMethod codeBase="d:\Github\ModelRelief\ModelRelief.test\bin\Debug\netcoreapp2.0\ModelRelief.Test.dll" adapterTypeName="executor://xunit/VsTestRunner2/netcoreapp" className="ModelRelief.Test.Integration.Models.ModelsBaseIntegrationTests" name="Post_CanCreateNewModel" /></UnitTest><UnitTest name="Put_InvalidReferencePropertyReturndBadRequest" storage="d:\github\modelrelief\modelrelief.test\bin\debug\netcoreapp2.0\modelrelief.test.dll" id="1201b3a6-fad4-4561-96fd-71d528459eb7"><Execution id="b68a8d49-4231-454e-8840-1f05123b689d" /><TestMethod codeBase="d:\Github\ModelRelief\ModelRelief.test\bin\Debug\netcoreapp2.0\ModelRelief.Test.dll" adapterTypeName="executor://xunit/VsTestRunner2/netcoreapp" className="ModelRelief.Test.Integration.Meshes.MeshesBaseIntegrationTests" name="Put_InvalidReferencePropertyReturndBadRequest" /></UnitTest><UnitTest name="Put_InvalidIdReturnsNotFound" storage="d:\github\modelrelief\modelrelief.test\bin\debug\netcoreapp2.0\modelrelief.test.dll" id="4bf41ff6-4b21-4bac-8853-e9c92c2f688c"><Execution id="fdd5cfbe-4381-4986-949d-e6b0b75d4ea5" /><TestMethod codeBase="d:\Github\ModelRelief\ModelRelief.test\bin\Debug\netcoreapp2.0\ModelRelief.Test.dll" adapterTypeName="executor://xunit/VsTestRunner2/netcoreapp" className="ModelRelief.Test.Integration.Cameras.CamerasBaseIntegrationTests" name="Put_InvalidIdReturnsNotFound" /></UnitTest><UnitTest name="GetSingle_InvalidIdPropertyValueReturnsNotFound" storage="d:\github\modelrelief\modelrelief.test\bin\debug\netcoreapp2.0\modelrelief.test.dll" id="6a933450-58f1-41e5-ac71-16757aeed5f6"><Execution id="6566338e-b2ea-4dc5-8575-5341524ba21d" /><TestMethod codeBase="d:\Github\ModelRelief\ModelRelief.test\bin\Debug\netcoreapp2.0\ModelRelief.Test.dll" adapterTypeName="executor://xunit/VsTestRunner2/netcoreapp" className="ModelRelief.Test.Integration.Cameras.CamerasBaseIntegrationTests" name="GetSingle_InvalidIdPropertyValueReturnsNotFound" /></UnitTest><UnitTest name="Put_InvalidReferencePropertyReturndBadRequest" storage="d:\github\modelrelief\modelrelief.test\bin\debug\netcoreapp2.0\modelrelief.test.dll" id="83ead8ee-4fb6-4fcd-b338-b272bea6ec2c"><Execution id="7084760e-30a7-48b9-841e-07fdf845d8fd" /><TestMethod codeBase="d:\Github\ModelRelief\ModelRelief.test\bin\Debug\netcoreapp2.0\ModelRelief.Test.dll" adapterTypeName="executor://xunit/VsTestRunner2/netcoreapp" className="ModelRelief.Test.Integration.Cameras.CamerasBaseIntegrationTests" name="Put_InvalidReferencePropertyReturndBadRequest" /></UnitTest><UnitTest name="Put_ValidReferencePropertyUpdatesModel" storage="d:\github\modelrelief\modelrelief.test\bin\debug\netcoreapp2.0\modelrelief.test.dll" id="b5388f1c-6f2b-47d0-a482-9666d3477375"><Execution id="2d28210a-8a4c-4ed2-84cb-6b022927ba7e" /><TestMethod codeBase="d:\Github\ModelRelief\ModelRelief.test\bin\Debug\netcoreapp2.0\ModelRelief.Test.dll" adapterTypeName="executor://xunit/VsTestRunner2/netcoreapp" className="ModelRelief.Test.Integration.Projects.ProjectsBaseIntegrationTests" name="Put_ValidReferencePropertyUpdatesModel" /></UnitTest><UnitTest name="GetFile_FileCanBeRoundTripped" storage="d:\github\modelrelief\modelrelief.test\bin\debug\netcoreapp2.0\modelrelief.test.dll" id="8bae00d0-0566-4183-8c40-febec876d4f0"><Execution id="66beb18c-298f-4a2d-a84d-35b0c1854117" /><TestMethod codeBase="d:\Github\ModelRelief\ModelRelief.test\bin\Debug\netcoreapp2.0\ModelRelief.Test.dll" adapterTypeName="executor://xunit/VsTestRunner2/netcoreapp" className="ModelRelief.Test.Integration.Meshes.MeshesFileIntegrationTests" name="GetFile_FileCanBeRoundTripped" /></UnitTest><UnitTest name="Put_ValidReferencePropertyUpdatesModel" storage="d:\github\modelrelief\modelrelief.test\bin\debug\netcoreapp2.0\modelrelief.test.dll" id="3d6cea71-88d1-45ea-9a06-e739fae9912e"><Execution id="ca2aad0a-03db-4b2e-9ca0-911d231bdfad" /><TestMethod codeBase="d:\Github\ModelRelief\ModelRelief.test\bin\Debug\netcoreapp2.0\ModelRelief.Test.dll" adapterTypeName="executor://xunit/VsTestRunner2/netcoreapp" className="ModelRelief.Test.Integration.Models.ModelsBaseIntegrationTests" name="Put_ValidReferencePropertyUpdatesModel" /></UnitTest><UnitTest name="Patch_InvalidIdPropertyReturnsNotFound" storage="d:\github\modelrelief\modelrelief.test\bin\debug\netcoreapp2.0\modelrelief.test.dll" id="cf6701f0-145b-4609-8b38-886fb8f7aa1f"><Execution id="96ec8560-47ef-4615-bb06-60c11a2397e0" /><TestMethod codeBase="d:\Github\ModelRelief\ModelRelief.test\bin\Debug\netcoreapp2.0\ModelRelief.Test.dll" adapterTypeName="executor://xunit/VsTestRunner2/netcoreapp" className="ModelRelief.Test.Integration.MeshTransforms.MeshTransformsBaseIntegrationTests" name="Patch_InvalidIdPropertyReturnsNotFound" /></UnitTest><UnitTest name="Patch_InvalidIdPropertyReturnsNotFound" storage="d:\github\modelrelief\modelrelief.test\bin\debug\netcoreapp2.0\modelrelief.test.dll" id="7af25d8f-89bc-4b6c-bb57-8c368c68101b"><Execution id="d05f6c7d-750f-4aaf-a6d8-7c5ea4244e92" /><TestMethod codeBase="d:\Github\ModelRelief\ModelRelief.test\bin\Debug\netcoreapp2.0\ModelRelief.Test.dll" adapterTypeName="executor://xunit/VsTestRunner2/netcoreapp" className="ModelRelief.Test.Integration.Projects.ProjectsBaseIntegrationTests" name="Patch_InvalidIdPropertyReturnsNotFound" /></UnitTest><UnitTest name="Post_CanCreateNewModel" storage="d:\github\modelrelief\modelrelief.test\bin\debug\netcoreapp2.0\modelrelief.test.dll" id="66c825b3-633d-473d-adb4-be564870ed30"><Execution id="17626c36-8ec3-4dc9-bfc5-5b650cf70e9f" /><TestMethod codeBase="d:\Github\ModelRelief\ModelRelief.test\bin\Debug\netcoreapp2.0\ModelRelief.Test.dll" adapterTypeName="executor://xunit/VsTestRunner2/netcoreapp" className="ModelRelief.Test.Integration.MeshTransforms.MeshTransformsBaseIntegrationTests" name="Post_CanCreateNewModel" /></UnitTest><UnitTest name="Post_InvalidReferencePropertyReturnsBadRequest" storage="d:\github\modelrelief\modelrelief.test\bin\debug\netcoreapp2.0\modelrelief.test.dll" id="66554c65-0b1e-4ee6-b573-a7fe417c3c94"><Execution id="1cb918b1-ea6b-4c0b-93a7-470872ee826e" /><TestMethod codeBase="d:\Github\ModelRelief\ModelRelief.test\bin\Debug\netcoreapp2.0\ModelRelief.Test.dll" adapterTypeName="executor://xunit/VsTestRunner2/netcoreapp" className="ModelRelief.Test.Integration.Projects.ProjectsBaseIntegrationTests" name="Post_InvalidReferencePropertyReturnsBadRequest" /></UnitTest><UnitTest name="Patch_ValidReferencePropertyUpdatesModel" storage="d:\github\modelrelief\modelrelief.test\bin\debug\netcoreapp2.0\modelrelief.test.dll" id="38bb905a-aece-44ed-820e-dfc9b22b63b0"><Execution id="f62dcfd2-3b8d-4727-b80e-cf933f5b8cf2" /><TestMethod codeBase="d:\Github\ModelRelief\ModelRelief.test\bin\Debug\netcoreapp2.0\ModelRelief.Test.dll" adapterTypeName="executor://xunit/VsTestRunner2/netcoreapp" className="ModelRelief.Test.Integration.Meshes.MeshesBaseIntegrationTests" name="Patch_ValidReferencePropertyUpdatesModel" /></UnitTest><UnitTest name="Patch_InvalidIdPropertyReturnsNotFound" storage="d:\github\modelrelief\modelrelief.test\bin\debug\netcoreapp2.0\modelrelief.test.dll" id="4bc4da27-0eb4-4aeb-8e66-eb01a677b879"><Execution id="8477a1d0-fc88-4161-baba-ecaf1a99a73c" /><TestMethod codeBase="d:\Github\ModelRelief\ModelRelief.test\bin\Debug\netcoreapp2.0\ModelRelief.Test.dll" adapterTypeName="executor://xunit/VsTestRunner2/netcoreapp" className="ModelRelief.Test.Integration.Models.ModelsBaseIntegrationTests" name="Patch_InvalidIdPropertyReturnsNotFound" /></UnitTest><UnitTest name="Post_ValidReferencePropertyCreatesModel" storage="d:\github\modelrelief\modelrelief.test\bin\debug\netcoreapp2.0\modelrelief.test.dll" id="34b55d4c-95fa-449b-b133-45c2f88d87bb"><Execution id="3b5a1322-3ecb-4035-b3e6-4ae4b2bd7552" /><TestMethod codeBase="d:\Github\ModelRelief\ModelRelief.test\bin\Debug\netcoreapp2.0\ModelRelief.Test.dll" adapterTypeName="executor://xunit/VsTestRunner2/netcoreapp" className="ModelRelief.Test.Integration.Projects.ProjectsBaseIntegrationTests" name="Post_ValidReferencePropertyCreatesModel" /></UnitTest><UnitTest name="PutFile_NewFileCanBePut" storage="d:\github\modelrelief\modelrelief.test\bin\debug\netcoreapp2.0\modelrelief.test.dll" id="8a196261-afe2-43ce-aec1-6176c9a97022"><Execution id="a8895d10-e847-45c3-b1d5-4197c2621912" /><TestMethod codeBase="d:\Github\ModelRelief\ModelRelief.test\bin\Debug\netcoreapp2.0\ModelRelief.Test.dll" adapterTypeName="executor://xunit/VsTestRunner2/netcoreapp" className="ModelRelief.Test.Integration.Meshes.MeshesFileIntegrationTests" name="PutFile_NewFileCanBePut" /></UnitTest><UnitTest name="GetFile_ExistingFileReturnsSuccess" storage="d:\github\modelrelief\modelrelief.test\bin\debug\netcoreapp2.0\modelrelief.test.dll" id="6fdd9595-4031-4bbf-9471-361ddc1ee28f"><Execution id="b5f10f28-6898-44a6-939a-800764f98301" /><TestMethod codeBase="d:\Github\ModelRelief\ModelRelief.test\bin\Debug\netcoreapp2.0\ModelRelief.Test.dll" adapterTypeName="executor://xunit/VsTestRunner2/netcoreapp" className="ModelRelief.Test.Integration.Meshes.MeshesFileIntegrationTests" name="GetFile_ExistingFileReturnsSuccess" /></UnitTest><UnitTest name="Patch_InvalidReferencePropertyReturnsBadRequest" storage="d:\github\modelrelief\modelrelief.test\bin\debug\netcoreapp2.0\modelrelief.test.dll" id="7a5375d2-6299-4687-bfa1-35f7ef1343ca"><Execution id="2bb515b6-2a84-4ab3-8354-5b8afb903e21" /><TestMethod codeBase="d:\Github\ModelRelief\ModelRelief.test\bin\Debug\netcoreapp2.0\ModelRelief.Test.dll" adapterTypeName="executor://xunit/VsTestRunner2/netcoreapp" className="ModelRelief.Test.Integration.Projects.ProjectsBaseIntegrationTests" name="Patch_InvalidReferencePropertyReturnsBadRequest" /></UnitTest><UnitTest name="Post_InvalidReferencePropertyReturnsBadRequest" storage="d:\github\modelrelief\modelrelief.test\bin\debug\netcoreapp2.0\modelrelief.test.dll" id="8a2450a4-ebc4-45d4-8986-d91d4ed3cb2e"><Execution id="a7964363-92e0-426d-b50b-662bf23dd938" /><TestMethod codeBase="d:\Github\ModelRelief\ModelRelief.test\bin\Debug\netcoreapp2.0\ModelRelief.Test.dll" adapterTypeName="executor://xunit/VsTestRunner2/netcoreapp" className="ModelRelief.Test.Integration.Cameras.CamerasBaseIntegrationTests" name="Post_InvalidReferencePropertyReturnsBadRequest" /></UnitTest><UnitTest name="Patch_InvalidEnumPropertyValueReturnsBadRequest" storage="d:\github\modelrelief\modelrelief.test\bin\debug\netcoreapp2.0\modelrelief.test.dll" id="c451302c-51ad-4cb8-83d0-e2c84467baa8"><Execution id="861e5d01-cfa5-484e-9fac-620ed100029a" /><TestMethod codeBase="d:\Github\ModelRelief\ModelRelief.test\bin\Debug\netcoreapp2.0\ModelRelief.Test.dll" adapterTypeName="executor://xunit/VsTestRunner2/netcoreapp" className="ModelRelief.Test.Integration.Projects.ProjectsBaseIntegrationTests" name="Patch_InvalidEnumPropertyValueReturnsBadRequest" /></UnitTest><UnitTest name="Post_InvalidPropertyValueReturnsBadRequest" storage="d:\github\modelrelief\modelrelief.test\bin\debug\netcoreapp2.0\modelrelief.test.dll" id="3137bc97-9fca-4d32-be1f-f0e8209efd7a"><Execution id="8d6306af-9bab-4be2-8eb4-b781323a2f62" /><TestMethod codeBase="d:\Github\ModelRelief\ModelRelief.test\bin\Debug\netcoreapp2.0\ModelRelief.Test.dll" adapterTypeName="executor://xunit/VsTestRunner2/netcoreapp" className="ModelRelief.Test.Integration.DepthBuffers.DepthBuffersBaseIntegrationTests" name="Post_InvalidPropertyValueReturnsBadRequest" /></UnitTest><UnitTest name="Put_ValidReferencePropertyUpdatesModel" storage="d:\github\modelrelief\modelrelief.test\bin\debug\netcoreapp2.0\modelrelief.test.dll" id="4908fc73-1566-447e-9d7f-cc277072a96f"><Execution id="5853ce41-c1d9-4b4b-b027-261823ccd17b" /><TestMethod codeBase="d:\Github\ModelRelief\ModelRelief.test\bin\Debug\netcoreapp2.0\ModelRelief.Test.dll" adapterTypeName="executor://xunit/VsTestRunner2/netcoreapp" className="ModelRelief.Test.Integration.MeshTransforms.MeshTransformsBaseIntegrationTests" name="Put_ValidReferencePropertyUpdatesModel" /></UnitTest><UnitTest name="PutFile_FileCanBeUpdated" storage="d:\github\modelrelief\modelrelief.test\bin\debug\netcoreapp2.0\modelrelief.test.dll" id="093cfc22-fc9a-45ac-9b2d-33405681fa57"><Execution id="1f5d9fc6-304e-444c-9de0-59f6b252a4a2" /><TestMethod codeBase="d:\Github\ModelRelief\ModelRelief.test\bin\Debug\netcoreapp2.0\ModelRelief.Test.dll" adapterTypeName="executor://xunit/VsTestRunner2/netcoreapp" className="ModelRelief.Test.Integration.Meshes.MeshesFileIntegrationTests" name="PutFile_FileCanBeUpdated" /></UnitTest><UnitTest name="GetFile_ExistingFileReturnsSuccess" storage="d:\github\modelrelief\modelrelief.test\bin\debug\netcoreapp2.0\modelrelief.test.dll" id="d2d8c8b0-ee7c-4ae1-ab1f-490d2c161a4f"><Execution id="407f8429-c4e9-4310-80ea-6c6e093ca40e" /><TestMethod codeBase="d:\Github\ModelRelief\ModelRelief.test\bin\Debug\netcoreapp2.0\ModelRelief.Test.dll" adapterTypeName="executor://xunit/VsTestRunner2/netcoreapp" className="ModelRelief.Test.Integration.Models.ModelsFileIntegrationTests" name="GetFile_ExistingFileReturnsSuccess" /></UnitTest><UnitTest name="Patch_InvalidEnumPropertyValueReturnsBadRequest" storage="d:\github\modelrelief\modelrelief.test\bin\debug\netcoreapp2.0\modelrelief.test.dll" id="81a46383-b613-473e-b740-3851cd5e491a"><Execution id="76455966-1d5f-472a-a395-8401b0d3c89d" /><TestMethod codeBase="d:\Github\ModelRelief\ModelRelief.test\bin\Debug\netcoreapp2.0\ModelRelief.Test.dll" adapterTypeName="executor://xunit/VsTestRunner2/netcoreapp" className="ModelRelief.Test.Integration.Cameras.CamerasBaseIntegrationTests" name="Patch_InvalidEnumPropertyValueReturnsBadRequest" /></UnitTest><UnitTest name="GetFile_NonExistentFileReturnsNotFound" storage="d:\github\modelrelief\modelrelief.test\bin\debug\netcoreapp2.0\modelrelief.test.dll" id="5715848f-e081-4297-905b-594f73ddba55"><Execution id="423eec1c-96e6-46ef-bc5d-17e0b3b68c31" /><TestMethod codeBase="d:\Github\ModelRelief\ModelRelief.test\bin\Debug\netcoreapp2.0\ModelRelief.Test.dll" adapterTypeName="executor://xunit/VsTestRunner2/netcoreapp" className="ModelRelief.Test.Integration.Models.ModelsFileIntegrationTests" name="GetFile_NonExistentFileReturnsNotFound" /></UnitTest><UnitTest name="GetSingle_ValidIdPropertyValueReturnsCorrectModel" storage="d:\github\modelrelief\modelrelief.test\bin\debug\netcoreapp2.0\modelrelief.test.dll" id="9f388c9d-51d7-497e-bd0c-8ec993b4da76"><Execution id="7efbbfb5-f46b-483a-8f74-fb59cdf0467d" /><TestMethod codeBase="d:\Github\ModelRelief\ModelRelief.test\bin\Debug\netcoreapp2.0\ModelRelief.Test.dll" adapterTypeName="executor://xunit/VsTestRunner2/netcoreapp" className="ModelRelief.Test.Integration.Cameras.CamerasBaseIntegrationTests" name="GetSingle_ValidIdPropertyValueReturnsCorrectModel" /></UnitTest><UnitTest name="FileRequest_FileCanBeReadAfterRename" storage="d:\github\modelrelief\modelrelief.test\bin\debug\netcoreapp2.0\modelrelief.test.dll" id="86558324-57af-4186-a9b7-238b358790a2"><Execution id="12163bde-7ba4-44d3-a363-6cc854538f5a" /><TestMethod codeBase="d:\Github\ModelRelief\ModelRelief.test\bin\Debug\netcoreapp2.0\ModelRelief.Test.dll" adapterTypeName="executor://xunit/VsTestRunner2/netcoreapp" className="ModelRelief.Test.Integration.DepthBuffers.DepthBuffersFileIntegrationTests" name="FileRequest_FileCanBeReadAfterRename" /></UnitTest><UnitTest name="Put_InvalidIdReturnsNotFound" storage="d:\github\modelrelief\modelrelief.test\bin\debug\netcoreapp2.0\modelrelief.test.dll" id="30ce225b-aae8-43e5-9f15-c63ae9849bfb"><Execution id="a8f38294-78f2-4da7-8330-bd356a683655" /><TestMethod codeBase="d:\Github\ModelRelief\ModelRelief.test\bin\Debug\netcoreapp2.0\ModelRelief.Test.dll" adapterTypeName="executor://xunit/VsTestRunner2/netcoreapp" className="ModelRelief.Test.Integration.Meshes.MeshesBaseIntegrationTests" name="Put_InvalidIdReturnsNotFound" /></UnitTest><UnitTest name="GetFile_NonExistentFileReturnsNotFound" storage="d:\github\modelrelief\modelrelief.test\bin\debug\netcoreapp2.0\modelrelief.test.dll" id="e52510cb-f3a3-4870-94fe-6c49e226bf78"><Execution id="6a635142-81c6-4b34-8f55-5d24ec016712" /><TestMethod codeBase="d:\Github\ModelRelief\ModelRelief.test\bin\Debug\netcoreapp2.0\ModelRelief.Test.dll" adapterTypeName="executor://xunit/VsTestRunner2/netcoreapp" className="ModelRelief.Test.Integration.DepthBuffers.DepthBuffersFileIntegrationTests" name="GetFile_NonExistentFileReturnsNotFound" /></UnitTest><UnitTest name="Patch_TargetPropertyIsUpdated" storage="d:\github\modelrelief\modelrelief.test\bin\debug\netcoreapp2.0\modelrelief.test.dll" id="5f25159c-474b-4769-97aa-c56940912a76"><Execution id="a0b13de4-af87-4710-9576-7e70578f83ec" /><TestMethod codeBase="d:\Github\ModelRelief\ModelRelief.test\bin\Debug\netcoreapp2.0\ModelRelief.Test.dll" adapterTypeName="executor://xunit/VsTestRunner2/netcoreapp" className="ModelRelief.Test.Integration.Projects.ProjectsBaseIntegrationTests" name="Patch_TargetPropertyIsUpdated" /></UnitTest><UnitTest name="PostFile_FileIsSynchronizedIsUpdatedAfterFileIsPosted" storage="d:\github\modelrelief\modelrelief.test\bin\debug\netcoreapp2.0\modelrelief.test.dll" id="372cc784-eaf1-4a3f-8a53-cd5d7768e816"><Execution id="30d2e623-1dce-490d-82b5-7d8207f09054" /><TestMethod codeBase="d:\Github\ModelRelief\ModelRelief.test\bin\Debug\netcoreapp2.0\ModelRelief.Test.dll" adapterTypeName="executor://xunit/VsTestRunner2/netcoreapp" className="ModelRelief.Test.Integration.Models.ModelsFileIntegrationTests" name="PostFile_FileIsSynchronizedIsUpdatedAfterFileIsPosted" /></UnitTest><UnitTest name="GetFile_FileCanBeRoundTripped" storage="d:\github\modelrelief\modelrelief.test\bin\debug\netcoreapp2.0\modelrelief.test.dll" id="9e525425-7ec4-4a02-9587-03b769cab53d"><Execution id="6d715ee6-fe2c-44f6-8d9a-96b8f6dd1c3e" /><TestMethod codeBase="d:\Github\ModelRelief\ModelRelief.test\bin\Debug\netcoreapp2.0\ModelRelief.Test.dll" adapterTypeName="executor://xunit/VsTestRunner2/netcoreapp" className="ModelRelief.Test.Integration.Models.ModelsFileIntegrationTests" name="GetFile_FileCanBeRoundTripped" /></UnitTest><UnitTest name="GetList_ListReturnsCorrectCount" storage="d:\github\modelrelief\modelrelief.test\bin\debug\netcoreapp2.0\modelrelief.test.dll" id="256d7957-447c-4634-a9a6-ced881cda1ca"><Execution id="dffecb9f-f608-4e12-8ef2-1a9573780d48" /><TestMethod codeBase="d:\Github\ModelRelief\ModelRelief.test\bin\Debug\netcoreapp2.0\ModelRelief.Test.dll" adapterTypeName="executor://xunit/VsTestRunner2/netcoreapp" className="ModelRelief.Test.Integration.Projects.ProjectsBaseIntegrationTests" name="GetList_ListReturnsCorrectCount" /></UnitTest><UnitTest name="Delete_TargetModelIsDeleted" storage="d:\github\modelrelief\modelrelief.test\bin\debug\netcoreapp2.0\modelrelief.test.dll" id="65ca117f-0fd9-46c7-ab37-e866bfd9e0d4"><Execution id="2da302cb-b7b9-4b0e-85d7-d5834714cd75" /><TestMethod codeBase="d:\Github\ModelRelief\ModelRelief.test\bin\Debug\netcoreapp2.0\ModelRelief.Test.dll" adapterTypeName="executor://xunit/VsTestRunner2/netcoreapp" className="ModelRelief.Test.Integration.Cameras.CamerasBaseIntegrationTests" name="Delete_TargetModelIsDeleted" /></UnitTest><UnitTest name="Patch_InvalidIdPropertyReturnsNotFound" storage="d:\github\modelrelief\modelrelief.test\bin\debug\netcoreapp2.0\modelrelief.test.dll" id="a1341a7b-e789-4452-9eb9-185611c38338"><Execution id="f8710240-b372-452b-ad85-62c5f5dfd42e" /><TestMethod codeBase="d:\Github\ModelRelief\ModelRelief.test\bin\Debug\netcoreapp2.0\ModelRelief.Test.dll" adapterTypeName="executor://xunit/VsTestRunner2/netcoreapp" className="ModelRelief.Test.Integration.Meshes.MeshesBaseIntegrationTests" name="Patch_InvalidIdPropertyReturnsNotFound" /></UnitTest><UnitTest name="PostFile_FileTimeStampIsUpdatedAfterFileIsPosted" storage="d:\github\modelrelief\modelrelief.test\bin\debug\netcoreapp2.0\modelrelief.test.dll" id="08657497-ef4b-4e94-8500-2f2f65b828e6"><Execution id="05cdd5ea-f98a-42f2-a698-5ea704000066" /><TestMethod codeBase="d:\Github\ModelRelief\ModelRelief.test\bin\Debug\netcoreapp2.0\ModelRelief.Test.dll" adapterTypeName="executor://xunit/VsTestRunner2/netcoreapp" className="ModelRelief.Test.Integration.Models.ModelsFileIntegrationTests" name="PostFile_FileTimeStampIsUpdatedAfterFileIsPosted" /></UnitTest><UnitTest name="Post_ValidReferencePropertyCreatesModel" storage="d:\github\modelrelief\modelrelief.test\bin\debug\netcoreapp2.0\modelrelief.test.dll" id="309af525-760a-49e4-8118-74b042373abd"><Execution id="e4123d41-e28e-4c30-b883-0bbfd387a19c" /><TestMethod codeBase="d:\Github\ModelRelief\ModelRelief.test\bin\Debug\netcoreapp2.0\ModelRelief.Test.dll" adapterTypeName="executor://xunit/VsTestRunner2/netcoreapp" className="ModelRelief.Test.Integration.Cameras.CamerasBaseIntegrationTests" name="Post_ValidReferencePropertyCreatesModel" /></UnitTest><UnitTest name="Post_CanCreateNewModel" storage="d:\github\modelrelief\modelrelief.test\bin\debug\netcoreapp2.0\modelrelief.test.dll" id="688b4013-dcc2-46ca-a4e4-7f6e8454b8a1"><Execution id="c4ed7071-2160-41d6-b2bb-c62128eab252" /><TestMethod codeBase="d:\Github\ModelRelief\ModelRelief.test\bin\Debug\netcoreapp2.0\ModelRelief.Test.dll" adapterTypeName="executor://xunit/VsTestRunner2/netcoreapp" className="ModelRelief.Test.Integration.Projects.ProjectsBaseIntegrationTests" name="Post_CanCreateNewModel" /></UnitTest><UnitTest name="Patch_InvalidPropertyNameReturnsBadRequest" storage="d:\github\modelrelief\modelrelief.test\bin\debug\netcoreapp2.0\modelrelief.test.dll" id="8144526a-5849-4c31-8a76-65481ee19f02"><Execution id="7b53eae3-10d6-4a87-b802-70cc141cc500" /><TestMethod codeBase="d:\Github\ModelRelief\ModelRelief.test\bin\Debug\netcoreapp2.0\ModelRelief.Test.dll" adapterTypeName="executor://xunit/VsTestRunner2/netcoreapp" className="ModelRelief.Test.Integration.Cameras.CamerasBaseIntegrationTests" name="Patch_InvalidPropertyNameReturnsBadRequest" /></UnitTest><UnitTest name="MeshTransformHasExpectedDependentFiles" storage="d:\github\modelrelief\modelrelief.test\bin\debug\netcoreapp2.0\modelrelief.test.dll" id="e02847ba-38aa-4282-9a85-a4bc00277583"><Execution id="df73096c-289a-4c86-83cb-b7a46017de58" /><TestMethod codeBase="d:\Github\ModelRelief\ModelRelief.test\bin\Debug\netcoreapp2.0\ModelRelief.Test.dll" adapterTypeName="executor://xunit/VsTestRunner2/netcoreapp" className="ModelRelief.Test.Unit.DependencyManager.DependencyManagerTests" name="MeshTransformHasExpectedDependentFiles" /></UnitTest><UnitTest name="Put_ValidReferencePropertyUpdatesModel" storage="d:\github\modelrelief\modelrelief.test\bin\debug\netcoreapp2.0\modelrelief.test.dll" id="9d42c689-13f9-44eb-ae9e-6908ca60cde0"><Execution id="2f3b414b-a49a-4f20-809f-6e5fbad93a74" /><TestMethod codeBase="d:\Github\ModelRelief\ModelRelief.test\bin\Debug\netcoreapp2.0\ModelRelief.Test.dll" adapterTypeName="executor://xunit/VsTestRunner2/netcoreapp" className="ModelRelief.Test.Integration.Meshes.MeshesBaseIntegrationTests" name="Put_ValidReferencePropertyUpdatesModel" /></UnitTest><UnitTest name="GetList_ListReturnsCorrectCount" storage="d:\github\modelrelief\modelrelief.test\bin\debug\netcoreapp2.0\modelrelief.test.dll" id="d883d5d8-f7be-4db1-a8a6-4649a6ee5d4b"><Execution id="377f7a01-b3d2-462a-9217-7e8075f9a3f8" /><TestMethod codeBase="d:\Github\ModelRelief\ModelRelief.test\bin\Debug\netcoreapp2.0\ModelRelief.Test.dll" adapterTypeName="executor://xunit/VsTestRunner2/netcoreapp" className="ModelRelief.Test.Integration.Meshes.MeshesBaseIntegrationTests" name="GetList_ListReturnsCorrectCount" /></UnitTest><UnitTest name="Patch_MultipleInvalidReferencePropertiesReturnsMultipleValidationErrorsAndBadRequest" storage="d:\github\modelrelief\modelrelief.test\bin\debug\netcoreapp2.0\modelrelief.test.dll" id="d55bda9a-7690-42cf-bf34-a79b35bb8ec4"><Execution id="dfa3d3e1-010a-4118-8857-5bb001e22c80" /><TestMethod codeBase="d:\Github\ModelRelief\ModelRelief.test\bin\Debug\netcoreapp2.0\ModelRelief.Test.dll" adapterTypeName="executor://xunit/VsTestRunner2/netcoreapp" className="ModelRelief.Test.Integration.Cameras.CamerasBaseIntegrationTests" name="Patch_MultipleInvalidReferencePropertiesReturnsMultipleValidationErrorsAndBadRequest" /></UnitTest><UnitTest name="Put_CanUpdateModel" storage="d:\github\modelrelief\modelrelief.test\bin\debug\netcoreapp2.0\modelrelief.test.dll" id="41024b2e-8bbb-4739-8c2e-c07b1e4db8cd"><Execution id="e08c08a0-4280-43f5-a5ff-d85a7277660a" /><TestMethod codeBase="d:\Github\ModelRelief\ModelRelief.test\bin\Debug\netcoreapp2.0\ModelRelief.Test.dll" adapterTypeName="executor://xunit/VsTestRunner2/netcoreapp" className="ModelRelief.Test.Integration.DepthBuffers.DepthBuffersBaseIntegrationTests" name="Put_CanUpdateModel" /></UnitTest><UnitTest name="LucyModel3dHasTwoDependents" storage="d:\github\modelrelief\modelrelief.test\bin\debug\netcoreapp2.0\modelrelief.test.dll" id="573a6579-44aa-4b30-872b-5035d0d0148f"><Execution id="d1a5d31a-ffdf-4b66-a044-c1b28dabe2b2" /><TestMethod codeBase="d:\Github\ModelRelief\ModelRelief.test\bin\Debug\netcoreapp2.0\ModelRelief.Test.dll" adapterTypeName="executor://xunit/VsTestRunner2/netcoreapp" className="ModelRelief.Test.Unit.DependencyManager.DependencyManagerTests" name="LucyModel3dHasTwoDependents" /></UnitTest><UnitTest name="Post_InvalidPropertyValueReturnsBadRequest" storage="d:\github\modelrelief\modelrelief.test\bin\debug\netcoreapp2.0\modelrelief.test.dll" id="29bee385-fdac-4af1-a5a2-4a205b309837"><Execution id="9a479e50-a1d6-4992-bdbe-d8497a2f7f2b" /><TestMethod codeBase="d:\Github\ModelRelief\ModelRelief.test\bin\Debug\netcoreapp2.0\ModelRelief.Test.dll" adapterTypeName="executor://xunit/VsTestRunner2/netcoreapp" className="ModelRelief.Test.Integration.Projects.ProjectsBaseIntegrationTests" name="Post_InvalidPropertyValueReturnsBadRequest" /></UnitTest><UnitTest name="DepthBufferHasExpectedDependentFiles" storage="d:\github\modelrelief\modelrelief.test\bin\debug\netcoreapp2.0\modelrelief.test.dll" id="9d4b37b2-477b-42cc-805f-3455e1da3e0b"><Execution id="06c0a8b4-143c-4686-81e0-b9196ea656cb" /><TestMethod codeBase="d:\Github\ModelRelief\ModelRelief.test\bin\Debug\netcoreapp2.0\ModelRelief.Test.dll" adapterTypeName="executor://xunit/VsTestRunner2/netcoreapp" className="ModelRelief.Test.Unit.DependencyManager.DependencyManagerTests" name="DepthBufferHasExpectedDependentFiles" /></UnitTest><UnitTest name="Put_CanUpdateModel" storage="d:\github\modelrelief\modelrelief.test\bin\debug\netcoreapp2.0\modelrelief.test.dll" id="3429be7e-722e-46c0-972c-24f9e8ccb0e8"><Execution id="68a7a68c-541c-41a1-aa76-3490a8409989" /><TestMethod codeBase="d:\Github\ModelRelief\ModelRelief.test\bin\Debug\netcoreapp2.0\ModelRelief.Test.dll" adapterTypeName="executor://xunit/VsTestRunner2/netcoreapp" className="ModelRelief.Test.Integration.MeshTransforms.MeshTransformsBaseIntegrationTests" name="Put_CanUpdateModel" /></UnitTest><UnitTest name="Patch_InvalidPropertyNameReturnsBadRequest" storage="d:\github\modelrelief\modelrelief.test\bin\debug\netcoreapp2.0\modelrelief.test.dll" id="97d93b50-df81-43ae-9669-b0beaa70df6a"><Execution id="8750cd51-febc-4a63-826a-d37e6f7ada28" /><TestMethod codeBase="d:\Github\ModelRelief\ModelRelief.test\bin\Debug\netcoreapp2.0\ModelRelief.Test.dll" adapterTypeName="executor://xunit/VsTestRunner2/netcoreapp" className="ModelRelief.Test.Integration.Models.ModelsBaseIntegrationTests" name="Patch_InvalidPropertyNameReturnsBadRequest" /></UnitTest><UnitTest name="Put_InvalidIdReturnsNotFound" storage="d:\github\modelrelief\modelrelief.test\bin\debug\netcoreapp2.0\modelrelief.test.dll" id="e863de94-2fa4-4ee7-88db-338c7b9d1a73"><Execution id="2504d6f1-f3ef-4b9f-a547-b3dcc51d494e" /><TestMethod codeBase="d:\Github\ModelRelief\ModelRelief.test\bin\Debug\netcoreapp2.0\ModelRelief.Test.dll" adapterTypeName="executor://xunit/VsTestRunner2/netcoreapp" className="ModelRelief.Test.Integration.Projects.ProjectsBaseIntegrationTests" name="Put_InvalidIdReturnsNotFound" /></UnitTest><UnitTest name="LucyCameraFindsAllDependents" storage="d:\github\modelrelief\modelrelief.test\bin\debug\netcoreapp2.0\modelrelief.test.dll" id="4bd86650-3f12-49af-bdfe-1076b96bbaf7"><Execution id="e8c3f84a-3733-42b6-888f-4b57c8786675" /><TestMethod codeBase="d:\Github\ModelRelief\ModelRelief.test\bin\Debug\netcoreapp2.0\ModelRelief.Test.dll" adapterTypeName="executor://xunit/VsTestRunner2/netcoreapp" className="ModelRelief.Test.Unit.DependencyManager.DependencyManagerTests" name="LucyCameraFindsAllDependents" /></UnitTest><UnitTest name="CameraHasExpectedDependentFiles" storage="d:\github\modelrelief\modelrelief.test\bin\debug\netcoreapp2.0\modelrelief.test.dll" id="b8acea8b-8d19-4d9b-86e5-91442d7eb2ba"><Execution id="77afe0ff-4a44-49cc-9569-1a25fe8cdb7b" /><TestMethod codeBase="d:\Github\ModelRelief\ModelRelief.test\bin\Debug\netcoreapp2.0\ModelRelief.Test.dll" adapterTypeName="executor://xunit/VsTestRunner2/netcoreapp" className="ModelRelief.Test.Unit.DependencyManager.DependencyManagerTests" name="CameraHasExpectedDependentFiles" /></UnitTest><UnitTest name="PostFile_FileIsSynchronizedIsUpdatedAfterFileIsPosted" storage="d:\github\modelrelief\modelrelief.test\bin\debug\netcoreapp2.0\modelrelief.test.dll" id="ae90330e-f14b-4b9b-9ae2-cd0f1fe53aa2"><Execution id="03743386-f316-4f05-97fe-83733a449cb7" /><TestMethod codeBase="d:\Github\ModelRelief\ModelRelief.test\bin\Debug\netcoreapp2.0\ModelRelief.Test.dll" adapterTypeName="executor://xunit/VsTestRunner2/netcoreapp" className="ModelRelief.Test.Integration.Meshes.MeshesFileIntegrationTests" name="PostFile_FileIsSynchronizedIsUpdatedAfterFileIsPosted" /></UnitTest><UnitTest name="Patch_InvalidReferencePropertyReturnsBadRequest" storage="d:\github\modelrelief\modelrelief.test\bin\debug\netcoreapp2.0\modelrelief.test.dll" id="41353e39-652f-4836-90c5-d1ff8d5c07f5"><Execution id="0be3eb4e-05b2-4979-9528-31c86d44fcac" /><TestMethod codeBase="d:\Github\ModelRelief\ModelRelief.test\bin\Debug\netcoreapp2.0\ModelRelief.Test.dll" adapterTypeName="executor://xunit/VsTestRunner2/netcoreapp" className="ModelRelief.Test.Integration.Cameras.CamerasBaseIntegrationTests" name="Patch_InvalidReferencePropertyReturnsBadRequest" /></UnitTest><UnitTest name="Patch_TargetPropertyIsUpdated" storage="d:\github\modelrelief\modelrelief.test\bin\debug\netcoreapp2.0\modelrelief.test.dll" id="7ed061be-1a59-4b6b-8e19-a58f9a9e6dad"><Execution id="932d75b5-fe78-4904-a831-12545825f0e1" /><TestMethod codeBase="d:\Github\ModelRelief\ModelRelief.test\bin\Debug\netcoreapp2.0\ModelRelief.Test.dll" adapterTypeName="executor://xunit/VsTestRunner2/netcoreapp" className="ModelRelief.Test.Integration.MeshTransforms.MeshTransformsBaseIntegrationTests" name="Patch_TargetPropertyIsUpdated" /></UnitTest><UnitTest name="GetFile_FileCanBeRoundTripped" storage="d:\github\modelrelief\modelrelief.test\bin\debug\netcoreapp2.0\modelrelief.test.dll" id="93a7e480-3e84-4393-b0ed-9eb9d91e1c99"><Execution id="29c49b46-b959-4af9-821c-916d383cd6ad" /><TestMethod codeBase="d:\Github\ModelRelief\ModelRelief.test\bin\Debug\netcoreapp2.0\ModelRelief.Test.dll" adapterTypeName="executor://xunit/VsTestRunner2/netcoreapp" className="ModelRelief.Test.Integration.DepthBuffers.DepthBuffersFileIntegrationTests" name="GetFile_FileCanBeRoundTripped" /></UnitTest><UnitTest name="PostFile_NewFileCanBePosted" storage="d:\github\modelrelief\modelrelief.test\bin\debug\netcoreapp2.0\modelrelief.test.dll" id="1f1c7f9f-1240-4e2d-b756-e54f2dbf34fb"><Execution id="a6f4ecc9-47f9-41c9-a74c-45785eddbd58" /><TestMethod codeBase="d:\Github\ModelRelief\ModelRelief.test\bin\Debug\netcoreapp2.0\ModelRelief.Test.dll" adapterTypeName="executor://xunit/VsTestRunner2/netcoreapp" className="ModelRelief.Test.Integration.DepthBuffers.DepthBuffersFileIntegrationTests" name="PostFile_NewFileCanBePosted" /></UnitTest><UnitTest name="FileRequest_DepthBufferIsInvalidatedAfterCameraDependencyPropertyChange" storage="d:\github\modelrelief\modelrelief.test\bin\debug\netcoreapp2.0\modelrelief.test.dll" id="f88feb88-c6dc-4848-a5b0-a4bbc3c37039"><Execution id="300536ec-7257-4527-9cd1-b05032496cfa" /><TestMethod codeBase="d:\Github\ModelRelief\ModelRelief.test\bin\Debug\netcoreapp2.0\ModelRelief.Test.dll" adapterTypeName="executor://xunit/VsTestRunner2/netcoreapp" className="ModelRelief.Test.Integration.DepthBuffers.DepthBuffersFileIntegrationTests" name="FileRequest_DepthBufferIsInvalidatedAfterCameraDependencyPropertyChange" /></UnitTest><UnitTest name="Patch_InvalidIdPropertyReturnsNotFound" storage="d:\github\modelrelief\modelrelief.test\bin\debug\netcoreapp2.0\modelrelief.test.dll" id="e6300a66-67fb-4607-8b6d-a9d269a1bf3a"><Execution id="900d8e98-544b-482f-81a6-bcc4c56ab01b" /><TestMethod codeBase="d:\Github\ModelRelief\ModelRelief.test\bin\Debug\netcoreapp2.0\ModelRelief.Test.dll" adapterTypeName="executor://xunit/VsTestRunner2/netcoreapp" className="ModelRelief.Test.Integration.DepthBuffers.DepthBuffersBaseIntegrationTests" name="Patch_InvalidIdPropertyReturnsNotFound" /></UnitTest><UnitTest name="Patch_InvalidPropertyNameReturnsBadRequest" storage="d:\github\modelrelief\modelrelief.test\bin\debug\netcoreapp2.0\modelrelief.test.dll" id="e58d7e96-3fa7-430c-bac0-e080e0ffb37a"><Execution id="840ef245-f4b6-42d6-bdae-7d7b6810ce9e" /><TestMethod codeBase="d:\Github\ModelRelief\ModelRelief.test\bin\Debug\netcoreapp2.0\ModelRelief.Test.dll" adapterTypeName="executor://xunit/VsTestRunner2/netcoreapp" className="ModelRelief.Test.Integration.MeshTransforms.MeshTransformsBaseIntegrationTests" name="Patch_InvalidPropertyNameReturnsBadRequest" /></UnitTest><UnitTest name="Patch_MultipleInvalidReferencePropertiesReturnsMultipleValidationErrorsAndBadRequest" storage="d:\github\modelrelief\modelrelief.test\bin\debug\netcoreapp2.0\modelrelief.test.dll" id="1db723f0-ea32-4c2d-ace4-162b791defbc"><Execution id="fefa5fb9-2f23-415b-82cf-f0b6c128cd33" /><TestMethod codeBase="d:\Github\ModelRelief\ModelRelief.test\bin\Debug\netcoreapp2.0\ModelRelief.Test.dll" adapterTypeName="executor://xunit/VsTestRunner2/netcoreapp" className="ModelRelief.Test.Integration.Projects.ProjectsBaseIntegrationTests" name="Patch_MultipleInvalidReferencePropertiesReturnsMultipleValidationErrorsAndBadRequest" /></UnitTest><UnitTest name="Patch_InvalidReferencePropertyReturnsBadRequest" storage="d:\github\modelrelief\modelrelief.test\bin\debug\netcoreapp2.0\modelrelief.test.dll" id="13a71e97-f41f-45c0-a1f6-e54fe6c2bbba"><Execution id="94c6988a-6010-4c22-8e7c-aae031c3e150" /><TestMethod codeBase="d:\Github\ModelRelief\ModelRelief.test\bin\Debug\netcoreapp2.0\ModelRelief.Test.dll" adapterTypeName="executor://xunit/VsTestRunner2/netcoreapp" className="ModelRelief.Test.Integration.DepthBuffers.DepthBuffersBaseIntegrationTests" name="Patch_InvalidReferencePropertyReturnsBadRequest" /></UnitTest><UnitTest name="Delete_TargetModelIsDeleted" storage="d:\github\modelrelief\modelrelief.test\bin\debug\netcoreapp2.0\modelrelief.test.dll" id="43fbdaf1-5c8c-40e2-aa76-b32aecd27b13"><Execution id="91141c77-642d-44f3-ad9d-f441396f9590" /><TestMethod codeBase="d:\Github\ModelRelief\ModelRelief.test\bin\Debug\netcoreapp2.0\ModelRelief.Test.dll" adapterTypeName="executor://xunit/VsTestRunner2/netcoreapp" className="ModelRelief.Test.Integration.DepthBuffers.DepthBuffersBaseIntegrationTests" name="Delete_TargetModelIsDeleted" /></UnitTest><UnitTest name="FileRequest_MeshGenerateSetsFileIsSynchronized" storage="d:\github\modelrelief\modelrelief.test\bin\debug\netcoreapp2.0\modelrelief.test.dll" id="79e19433-fbf4-480a-a086-733cb4b0c8fe"><Execution id="a434eaa2-ac96-437c-be7c-38540ea4ed72" /><TestMethod codeBase="d:\Github\ModelRelief\ModelRelief.test\bin\Debug\netcoreapp2.0\ModelRelief.Test.dll" adapterTypeName="executor://xunit/VsTestRunner2/netcoreapp" className="ModelRelief.Test.Integration.Meshes.MeshesFileIntegrationTests" name="FileRequest_MeshGenerateSetsFileIsSynchronized" /></UnitTest><UnitTest name="Patch_TargetPropertyIsUpdated" storage="d:\github\modelrelief\modelrelief.test\bin\debug\netcoreapp2.0\modelrelief.test.dll" id="2fea7e94-b5f9-43d9-ba3f-d1503ee848cb"><Execution id="6f0f7c41-1a00-4dfb-95ee-d0a46b808ab4" /><TestMethod codeBase="d:\Github\ModelRelief\ModelRelief.test\bin\Debug\netcoreapp2.0\ModelRelief.Test.dll" adapterTypeName="executor://xunit/VsTestRunner2/netcoreapp" className="ModelRelief.Test.Integration.Cameras.CamerasBaseIntegrationTests" name="Patch_TargetPropertyIsUpdated" /></UnitTest><UnitTest name="Post_InvalidReferencePropertyReturnsBadRequest" storage="d:\github\modelrelief\modelrelief.test\bin\debug\netcoreapp2.0\modelrelief.test.dll" id="65fd0147-605c-46c7-b5d7-aaffc7995326"><Execution id="8854cf0c-2b36-46b4-91fb-75d31805052f" /><TestMethod codeBase="d:\Github\ModelRelief\ModelRelief.test\bin\Debug\netcoreapp2.0\ModelRelief.Test.dll" adapterTypeName="executor://xunit/VsTestRunner2/netcoreapp" className="ModelRelief.Test.Integration.Models.ModelsBaseIntegrationTests" name="Post_InvalidReferencePropertyReturnsBadRequest" /></UnitTest><UnitTest name="Post_ValidReferencePropertyCreatesModel" storage="d:\github\modelrelief\modelrelief.test\bin\debug\netcoreapp2.0\modelrelief.test.dll" id="b55f7b0d-935b-439c-a8fc-b9ef32ea413f"><Execution id="9bda28ca-4caa-46fb-8cc3-24096d7f187a" /><TestMethod codeBase="d:\Github\ModelRelief\ModelRelief.test\bin\Debug\netcoreapp2.0\ModelRelief.Test.dll" adapterTypeName="executor://xunit/VsTestRunner2/netcoreapp" className="ModelRelief.Test.Integration.Meshes.MeshesBaseIntegrationTests" name="Post_ValidReferencePropertyCreatesModel" /></UnitTest><UnitTest name="Patch_InvalidReferencePropertyReturnsBadRequest" storage="d:\github\modelrelief\modelrelief.test\bin\debug\netcoreapp2.0\modelrelief.test.dll" id="5e86d948-1de1-4d1a-b3af-13bfc9706de6"><Execution id="c94825ba-4ff7-4636-83b4-9b70a8d8dc29" /><TestMethod codeBase="d:\Github\ModelRelief\ModelRelief.test\bin\Debug\netcoreapp2.0\ModelRelief.Test.dll" adapterTypeName="executor://xunit/VsTestRunner2/netcoreapp" className="ModelRelief.Test.Integration.MeshTransforms.MeshTransformsBaseIntegrationTests" name="Patch_InvalidReferencePropertyReturnsBadRequest" /></UnitTest><UnitTest name="PutFile_FileCanBeUpdated" storage="d:\github\modelrelief\modelrelief.test\bin\debug\netcoreapp2.0\modelrelief.test.dll" id="6c281618-388f-4707-a4ae-fd79edca138b"><Execution id="18ef0592-b7f6-4b89-ac89-058f5296c31e" /><TestMethod codeBase="d:\Github\ModelRelief\ModelRelief.test\bin\Debug\netcoreapp2.0\ModelRelief.Test.dll" adapterTypeName="executor://xunit/VsTestRunner2/netcoreapp" className="ModelRelief.Test.Integration.Models.ModelsFileIntegrationTests" name="PutFile_FileCanBeUpdated" /></UnitTest><UnitTest name="Patch_InvalidIdPropertyReturnsNotFound" storage="d:\github\modelrelief\modelrelief.test\bin\debug\netcoreapp2.0\modelrelief.test.dll" id="0f5795f2-b6a8-4093-8a5c-e6809888492b"><Execution id="970efe96-9da3-4d3e-bb6a-b28bde5af082" /><TestMethod codeBase="d:\Github\ModelRelief\ModelRelief.test\bin\Debug\netcoreapp2.0\ModelRelief.Test.dll" adapterTypeName="executor://xunit/VsTestRunner2/netcoreapp" className="ModelRelief.Test.Integration.Cameras.CamerasBaseIntegrationTests" name="Patch_InvalidIdPropertyReturnsNotFound" /></UnitTest><UnitTest name="Put_InvalidIdReturnsNotFound" storage="d:\github\modelrelief\modelrelief.test\bin\debug\netcoreapp2.0\modelrelief.test.dll" id="414fe8dc-1318-4d91-8694-4cb59b44869e"><Execution id="47b6e564-5f5f-4655-a9c9-d2473fe9441e" /><TestMethod codeBase="d:\Github\ModelRelief\ModelRelief.test\bin\Debug\netcoreapp2.0\ModelRelief.Test.dll" adapterTypeName="executor://xunit/VsTestRunner2/netcoreapp" className="ModelRelief.Test.Integration.Models.ModelsBaseIntegrationTests" name="Put_InvalidIdReturnsNotFound" /></UnitTest><UnitTest name="PostFile_FileTimeStampIsUpdatedAfterFileIsPosted" storage="d:\github\modelrelief\modelrelief.test\bin\debug\netcoreapp2.0\modelrelief.test.dll" id="96ab9f54-56e5-461a-9f3d-eb3c50374a25"><Execution id="68dd9311-5979-4bbd-95bb-66705c2873e7" /><TestMethod codeBase="d:\Github\ModelRelief\ModelRelief.test\bin\Debug\netcoreapp2.0\ModelRelief.Test.dll" adapterTypeName="executor://xunit/VsTestRunner2/netcoreapp" className="ModelRelief.Test.Integration.DepthBuffers.DepthBuffersFileIntegrationTests" name="PostFile_FileTimeStampIsUpdatedAfterFileIsPosted" /></UnitTest><UnitTest name="Put_InvalidIdReturnsNotFound" storage="d:\github\modelrelief\modelrelief.test\bin\debug\netcoreapp2.0\modelrelief.test.dll" id="ec604308-e3c0-498f-a594-63ece9ecf159"><Execution id="1b080e5c-d7e6-4dc5-b490-ecc40ea21d08" /><TestMethod codeBase="d:\Github\ModelRelief\ModelRelief.test\bin\Debug\netcoreapp2.0\ModelRelief.Test.dll" adapterTypeName="executor://xunit/VsTestRunner2/netcoreapp" className="ModelRelief.Test.Integration.DepthBuffers.DepthBuffersBaseIntegrationTests" name="Put_InvalidIdReturnsNotFound" /></UnitTest><UnitTest name="Patch_InvalidEnumPropertyValueReturnsBadRequest" storage="d:\github\modelrelief\modelrelief.test\bin\debug\netcoreapp2.0\modelrelief.test.dll" id="c9751624-c26e-4efa-9049-e0aa5b181db5"><Execution id="7c80509b-0d20-4063-811d-d18d7c77a75f" /><TestMethod codeBase="d:\Github\ModelRelief\ModelRelief.test\bin\Debug\netcoreapp2.0\ModelRelief.Test.dll" adapterTypeName="executor://xunit/VsTestRunner2/netcoreapp" className="ModelRelief.Test.Integration.DepthBuffers.DepthBuffersBaseIntegrationTests" name="Patch_InvalidEnumPropertyValueReturnsBadRequest" /></UnitTest><UnitTest name="Patch_InvalidPropertyNameReturnsBadRequest" storage="d:\github\modelrelief\modelrelief.test\bin\debug\netcoreapp2.0\modelrelief.test.dll" id="ba26d8e3-0693-4cc3-9ba4-56e5d70c43d3"><Execution id="8a89f5c9-706f-4f7b-94da-778a53bb6a65" /><TestMethod codeBase="d:\Github\ModelRelief\ModelRelief.test\bin\Debug\netcoreapp2.0\ModelRelief.Test.dll" adapterTypeName="executor://xunit/VsTestRunner2/netcoreapp" className="ModelRelief.Test.Integration.Meshes.MeshesBaseIntegrationTests" name="Patch_InvalidPropertyNameReturnsBadRequest" /></UnitTest><UnitTest name="GetSingle_InvalidIdPropertyValueReturnsNotFound" storage="d:\github\modelrelief\modelrelief.test\bin\debug\netcoreapp2.0\modelrelief.test.dll" id="32a3f555-b19b-407c-ac13-b2effa9bd99b"><Execution id="23b6443c-ce80-4f0c-98bb-07f76eddaf11" /><TestMethod codeBase="d:\Github\ModelRelief\ModelRelief.test\bin\Debug\netcoreapp2.0\ModelRelief.Test.dll" adapterTypeName="executor://xunit/VsTestRunner2/netcoreapp" className="ModelRelief.Test.Integration.MeshTransforms.MeshTransformsBaseIntegrationTests" name="GetSingle_InvalidIdPropertyValueReturnsNotFound" /></UnitTest><UnitTest name="Patch_TargetPropertyIsUpdated" storage="d:\github\modelrelief\modelrelief.test\bin\debug\netcoreapp2.0\modelrelief.test.dll" id="23e037c6-7a0f-4b5d-96a6-a4304ea109ec"><Execution id="15c5979b-3112-46e8-bd01-9beced73cf5e" /><TestMethod codeBase="d:\Github\ModelRelief\ModelRelief.test\bin\Debug\netcoreapp2.0\ModelRelief.Test.dll" adapterTypeName="executor://xunit/VsTestRunner2/netcoreapp" className="ModelRelief.Test.Integration.Models.ModelsBaseIntegrationTests" name="Patch_TargetPropertyIsUpdated" /></UnitTest><UnitTest name="Put_InvalidReferencePropertyReturndBadRequest" storage="d:\github\modelrelief\modelrelief.test\bin\debug\netcoreapp2.0\modelrelief.test.dll" id="450859c5-e6d7-494c-ade9-7578c37de5f7"><Execution id="d7e73a15-cdc6-48d9-8955-8926a56af98a" /><TestMethod codeBase="d:\Github\ModelRelief\ModelRelief.test\bin\Debug\netcoreapp2.0\ModelRelief.Test.dll" adapterTypeName="executor://xunit/VsTestRunner2/netcoreapp" className="ModelRelief.Test.Integration.Models.ModelsBaseIntegrationTests" name="Put_InvalidReferencePropertyReturndBadRequest" /></UnitTest><UnitTest name="GetSingle_ValidIdPropertyValueReturnsCorrectModel" storage="d:\github\modelrelief\modelrelief.test\bin\debug\netcoreapp2.0\modelrelief.test.dll" id="9f4a6146-3542-4cde-8873-ad14c511b252"><Execution id="0f3bf473-ae85-44e0-b859-81497a3c0a6a" /><TestMethod codeBase="d:\Github\ModelRelief\ModelRelief.test\bin\Debug\netcoreapp2.0\ModelRelief.Test.dll" adapterTypeName="executor://xunit/VsTestRunner2/netcoreapp" className="ModelRelief.Test.Integration.Models.ModelsBaseIntegrationTests" name="GetSingle_ValidIdPropertyValueReturnsCorrectModel" /></UnitTest><UnitTest name="Delete_TargetModelIsDeleted" storage="d:\github\modelrelief\modelrelief.test\bin\debug\netcoreapp2.0\modelrelief.test.dll" id="a2bca3f8-ec98-47c9-a977-b93341d26325"><Execution id="4a8b76b5-605f-47eb-a3a5-d2eba08f6a19" /><TestMethod codeBase="d:\Github\ModelRelief\ModelRelief.test\bin\Debug\netcoreapp2.0\ModelRelief.Test.dll" adapterTypeName="executor://xunit/VsTestRunner2/netcoreapp" className="ModelRelief.Test.Integration.Meshes.MeshesBaseIntegrationTests" name="Delete_TargetModelIsDeleted" /></UnitTest><UnitTest name="Patch_ValidReferencePropertyUpdatesModel" storage="d:\github\modelrelief\modelrelief.test\bin\debug\netcoreapp2.0\modelrelief.test.dll" id="5d8090b9-c016-4f24-8cc4-b02eb30c5925"><Execution id="4d0e2485-2b91-4d30-be74-940081d05e86" /><TestMethod codeBase="d:\Github\ModelRelief\ModelRelief.test\bin\Debug\netcoreapp2.0\ModelRelief.Test.dll" adapterTypeName="executor://xunit/VsTestRunner2/netcoreapp" className="ModelRelief.Test.Integration.Projects.ProjectsBaseIntegrationTests" name="Patch_ValidReferencePropertyUpdatesModel" /></UnitTest><UnitTest name="Patch_TargetPropertyIsUpdated" storage="d:\github\modelrelief\modelrelief.test\bin\debug\netcoreapp2.0\modelrelief.test.dll" id="68f1faa1-07ab-478c-b2bf-a32a9816bcb9"><Execution id="04e7768f-4242-45e8-b6d9-dfa6d584bf47" /><TestMethod codeBase="d:\Github\ModelRelief\ModelRelief.test\bin\Debug\netcoreapp2.0\ModelRelief.Test.dll" adapterTypeName="executor://xunit/VsTestRunner2/netcoreapp" className="ModelRelief.Test.Integration.DepthBuffers.DepthBuffersBaseIntegrationTests" name="Patch_TargetPropertyIsUpdated" /></UnitTest><UnitTest name="Put_ValidReferencePropertyUpdatesModel" storage="d:\github\modelrelief\modelrelief.test\bin\debug\netcoreapp2.0\modelrelief.test.dll" id="1545f250-1865-46c2-a2c0-f32cd5462af9"><Execution id="57d27f2f-abce-4e2f-b0b1-478a9a540195" /><TestMethod codeBase="d:\Github\ModelRelief\ModelRelief.test\bin\Debug\netcoreapp2.0\ModelRelief.Test.dll" adapterTypeName="executor://xunit/VsTestRunner2/netcoreapp" className="ModelRelief.Test.Integration.Cameras.CamerasBaseIntegrationTests" name="Put_ValidReferencePropertyUpdatesModel" /></UnitTest><UnitTest name="GetSingle_InvalidIdPropertyValueReturnsNotFound" storage="d:\github\modelrelief\modelrelief.test\bin\debug\netcoreapp2.0\modelrelief.test.dll" id="686de3a1-de87-43b8-ad1d-809c16084914"><Execution id="d0dc37b1-2498-4ff6-bd06-491869a662a5" /><TestMethod codeBase="d:\Github\ModelRelief\ModelRelief.test\bin\Debug\netcoreapp2.0\ModelRelief.Test.dll" adapterTypeName="executor://xunit/VsTestRunner2/netcoreapp" className="ModelRelief.Test.Integration.Models.ModelsBaseIntegrationTests" name="GetSingle_InvalidIdPropertyValueReturnsNotFound" /></UnitTest><UnitTest name="GetList_ListReturnsCorrectCount" storage="d:\github\modelrelief\modelrelief.test\bin\debug\netcoreapp2.0\modelrelief.test.dll" id="0e83ebec-3641-4805-a4dc-d3c9eb92f2bd"><Execution id="0d34754b-02cd-4eda-9f11-a9b7d5aff404" /><TestMethod codeBase="d:\Github\ModelRelief\ModelRelief.test\bin\Debug\netcoreapp2.0\ModelRelief.Test.dll" adapterTypeName="executor://xunit/VsTestRunner2/netcoreapp" className="ModelRelief.Test.Integration.Cameras.CamerasBaseIntegrationTests" name="GetList_ListReturnsCorrectCount" /></UnitTest><UnitTest name="PutFile_NewFileCanBePut" storage="d:\github\modelrelief\modelrelief.test\bin\debug\netcoreapp2.0\modelrelief.test.dll" id="21b11cc9-872c-49c7-a967-dcd496154609"><Execution id="cfdd3ab3-11df-403b-98ea-31b92f761e01" /><TestMethod codeBase="d:\Github\ModelRelief\ModelRelief.test\bin\Debug\netcoreapp2.0\ModelRelief.Test.dll" adapterTypeName="executor://xunit/VsTestRunner2/netcoreapp" className="ModelRelief.Test.Integration.Models.ModelsFileIntegrationTests" name="PutFile_NewFileCanBePut" /></UnitTest><UnitTest name="Patch_InvalidReferencePropertyReturnsBadRequest" storage="d:\github\modelrelief\modelrelief.test\bin\debug\netcoreapp2.0\modelrelief.test.dll" id="5ad6cf7b-879a-4d5a-8b4a-898e55ce1732"><Execution id="4c12962f-4031-4195-a3b0-e2c58de21e7b" /><TestMethod codeBase="d:\Github\ModelRelief\ModelRelief.test\bin\Debug\netcoreapp2.0\ModelRelief.Test.dll" adapterTypeName="executor://xunit/VsTestRunner2/netcoreapp" className="ModelRelief.Test.Integration.Meshes.MeshesBaseIntegrationTests" name="Patch_InvalidReferencePropertyReturnsBadRequest" /></UnitTest><UnitTest name="Post_InvalidReferencePropertyReturnsBadRequest" storage="d:\github\modelrelief\modelrelief.test\bin\debug\netcoreapp2.0\modelrelief.test.dll" id="57504720-9586-439c-ae7c-4065f48e8224"><Execution id="51205b5d-51ef-4e74-92fa-9b32a6b137ea" /><TestMethod codeBase="d:\Github\ModelRelief\ModelRelief.test\bin\Debug\netcoreapp2.0\ModelRelief.Test.dll" adapterTypeName="executor://xunit/VsTestRunner2/netcoreapp" className="ModelRelief.Test.Integration.DepthBuffers.DepthBuffersBaseIntegrationTests" name="Post_InvalidReferencePropertyReturnsBadRequest" /></UnitTest><UnitTest name="Put_InvalidReferencePropertyReturndBadRequest" storage="d:\github\modelrelief\modelrelief.test\bin\debug\netcoreapp2.0\modelrelief.test.dll" id="e37b0c3c-fa6e-404c-a6b4-61ce8db2671f"><Execution id="44feb1f8-2c64-483e-b7df-4bf3a68fb8be" /><TestMethod codeBase="d:\Github\ModelRelief\ModelRelief.test\bin\Debug\netcoreapp2.0\ModelRelief.Test.dll" adapterTypeName="executor://xunit/VsTestRunner2/netcoreapp" className="ModelRelief.Test.Integration.MeshTransforms.MeshTransformsBaseIntegrationTests" name="Put_InvalidReferencePropertyReturndBadRequest" /></UnitTest><UnitTest name="GetSingle_ValidIdPropertyValueReturnsCorrectModel" storage="d:\github\modelrelief\modelrelief.test\bin\debug\netcoreapp2.0\modelrelief.test.dll" id="c28d97a3-6c4a-4a9f-ace6-5b0e823d9cfc"><Execution id="3a7b3061-49c1-41c7-9fab-76ccbb0bc5f6" /><TestMethod codeBase="d:\Github\ModelRelief\ModelRelief.test\bin\Debug\netcoreapp2.0\ModelRelief.Test.dll" adapterTypeName="executor://xunit/VsTestRunner2/netcoreapp" className="ModelRelief.Test.Integration.Meshes.MeshesBaseIntegrationTests" name="GetSingle_ValidIdPropertyValueReturnsCorrectModel" /></UnitTest><UnitTest name="GetList_ListReturnsCorrectCount" storage="d:\github\modelrelief\modelrelief.test\bin\debug\netcoreapp2.0\modelrelief.test.dll" id="2efe6be1-06ee-4ca1-8247-179483b0e91f"><Execution id="86c4a373-7049-4327-8448-faa46b21995d" /><TestMethod codeBase="d:\Github\ModelRelief\ModelRelief.test\bin\Debug\netcoreapp2.0\ModelRelief.Test.dll" adapterTypeName="executor://xunit/VsTestRunner2/netcoreapp" className="ModelRelief.Test.Integration.MeshTransforms.MeshTransformsBaseIntegrationTests" name="GetList_ListReturnsCorrectCount" /></UnitTest><UnitTest name="Patch_InvalidEnumPropertyValueReturnsBadRequest" storage="d:\github\modelrelief\modelrelief.test\bin\debug\netcoreapp2.0\modelrelief.test.dll" id="39c68455-2b87-4ab9-b2ff-372e93718551"><Execution id="a8357c5b-5a1a-4c62-b32d-58090dcbad07" /><TestMethod codeBase="d:\Github\ModelRelief\ModelRelief.test\bin\Debug\netcoreapp2.0\ModelRelief.Test.dll" adapterTypeName="executor://xunit/VsTestRunner2/netcoreapp" className="ModelRelief.Test.Integration.Meshes.MeshesBaseIntegrationTests" name="Patch_InvalidEnumPropertyValueReturnsBadRequest" /></UnitTest><UnitTest name="Patch_MultipleInvalidReferencePropertiesReturnsMultipleValidationErrorsAndBadRequest" storage="d:\github\modelrelief\modelrelief.test\bin\debug\netcoreapp2.0\modelrelief.test.dll" id="87d9a9a8-21c0-4993-8d82-4a11642ef3b3"><Execution id="9d55dba8-15fe-425b-a966-8457d72a436a" /><TestMethod codeBase="d:\Github\ModelRelief\ModelRelief.test\bin\Debug\netcoreapp2.0\ModelRelief.Test.dll" adapterTypeName="executor://xunit/VsTestRunner2/netcoreapp" className="ModelRelief.Test.Integration.Meshes.MeshesBaseIntegrationTests" name="Patch_MultipleInvalidReferencePropertiesReturnsMultipleValidationErrorsAndBadRequest" /></UnitTest><UnitTest name="Patch_MultipleInvalidReferencePropertiesReturnsMultipleValidationErrorsAndBadRequest" storage="d:\github\modelrelief\modelrelief.test\bin\debug\netcoreapp2.0\modelrelief.test.dll" id="19010b98-e84f-4a91-8e31-ba641c58f2a8"><Execution id="ad8c7f69-961e-415b-9a70-51db479719a3" /><TestMethod codeBase="d:\Github\ModelRelief\ModelRelief.test\bin\Debug\netcoreapp2.0\ModelRelief.Test.dll" adapterTypeName="executor://xunit/VsTestRunner2/netcoreapp" className="ModelRelief.Test.Integration.MeshTransforms.MeshTransformsBaseIntegrationTests" name="Patch_MultipleInvalidReferencePropertiesReturnsMultipleValidationErrorsAndBadRequest" /></UnitTest><UnitTest name="Post_CanCreateNewModel" storage="d:\github\modelrelief\modelrelief.test\bin\debug\netcoreapp2.0\modelrelief.test.dll" id="ad587dbd-36a4-4b21-9045-84f8d522b11c"><Execution id="ad013736-5b06-44c0-8bdc-f00fad069a66" /><TestMethod codeBase="d:\Github\ModelRelief\ModelRelief.test\bin\Debug\netcoreapp2.0\ModelRelief.Test.dll" adapterTypeName="executor://xunit/VsTestRunner2/netcoreapp" className="ModelRelief.Test.Integration.DepthBuffers.DepthBuffersBaseIntegrationTests" name="Post_CanCreateNewModel" /></UnitTest><UnitTest name="PostFile_NewFileCanBePosted" storage="d:\github\modelrelief\modelrelief.test\bin\debug\netcoreapp2.0\modelrelief.test.dll" id="0a5ca20e-7dee-4f07-81a0-84bee0b80aa6"><Execution id="64d8fc4a-7dd3-4207-985b-fb774da10d96" /><TestMethod codeBase="d:\Github\ModelRelief\ModelRelief.test\bin\Debug\netcoreapp2.0\ModelRelief.Test.dll" adapterTypeName="executor://xunit/VsTestRunner2/netcoreapp" className="ModelRelief.Test.Integration.Models.ModelsFileIntegrationTests" name="PostFile_NewFileCanBePosted" /></UnitTest><UnitTest name="Patch_InvalidEnumPropertyValueReturnsBadRequest" storage="d:\github\modelrelief\modelrelief.test\bin\debug\netcoreapp2.0\modelrelief.test.dll" id="58ddaf15-b257-41bf-ac40-cbe2f6f13116"><Execution id="7a61bf9b-8f31-42ce-8884-fb6249f2335e" /><TestMethod codeBase="d:\Github\ModelRelief\ModelRelief.test\bin\Debug\netcoreapp2.0\ModelRelief.Test.dll" adapterTypeName="executor://xunit/VsTestRunner2/netcoreapp" className="ModelRelief.Test.Integration.Models.ModelsBaseIntegrationTests" name="Patch_InvalidEnumPropertyValueReturnsBadRequest" /></UnitTest><UnitTest name="Patch_ValidReferencePropertyUpdatesModel" storage="d:\github\modelrelief\modelrelief.test\bin\debug\netcoreapp2.0\modelrelief.test.dll" id="8a94d336-1be8-4a6a-bc15-e4b42733c20c"><Execution id="b42c950c-855b-4ef6-9570-bbe33bb9fafc" /><TestMethod codeBase="d:\Github\ModelRelief\ModelRelief.test\bin\Debug\netcoreapp2.0\ModelRelief.Test.dll" adapterTypeName="executor://xunit/VsTestRunner2/netcoreapp" className="ModelRelief.Test.Integration.MeshTransforms.MeshTransformsBaseIntegrationTests" name="Patch_ValidReferencePropertyUpdatesModel" /></UnitTest><UnitTest name="LucyDepthBufferFindsOneDependent" storage="d:\github\modelrelief\modelrelief.test\bin\debug\netcoreapp2.0\modelrelief.test.dll" id="74492ed3-20a8-4a9e-8db8-d3599e9533a8"><Execution id="509c8261-5930-44f8-b1ba-42ab42bddc96" /><TestMethod codeBase="d:\Github\ModelRelief\ModelRelief.test\bin\Debug\netcoreapp2.0\ModelRelief.Test.dll" adapterTypeName="executor://xunit/VsTestRunner2/netcoreapp" className="ModelRelief.Test.Unit.DependencyManager.DependencyManagerTests" name="LucyDepthBufferFindsOneDependent" /></UnitTest><UnitTest name="Delete_TargetModelIsDeleted" storage="d:\github\modelrelief\modelrelief.test\bin\debug\netcoreapp2.0\modelrelief.test.dll" id="69f8342b-6d24-46c0-b7d0-653279be80d5"><Execution id="fca5549b-a575-45d5-81ee-32a04167c3a7" /><TestMethod codeBase="d:\Github\ModelRelief\ModelRelief.test\bin\Debug\netcoreapp2.0\ModelRelief.Test.dll" adapterTypeName="executor://xunit/VsTestRunner2/netcoreapp" className="ModelRelief.Test.Integration.Models.ModelsBaseIntegrationTests" name="Delete_TargetModelIsDeleted" /></UnitTest><UnitTest name="Post_InvalidPropertyValueReturnsBadRequest" storage="d:\github\modelrelief\modelrelief.test\bin\debug\netcoreapp2.0\modelrelief.test.dll" id="93d8c812-dbd0-4ffe-b8d4-2c4bf26cf953"><Execution id="d970ab71-81a0-4012-9bb2-bd9b6ede32cb" /><TestMethod codeBase="d:\Github\ModelRelief\ModelRelief.test\bin\Debug\netcoreapp2.0\ModelRelief.Test.dll" adapterTypeName="executor://xunit/VsTestRunner2/netcoreapp" className="ModelRelief.Test.Integration.Models.ModelsBaseIntegrationTests" name="Post_InvalidPropertyValueReturnsBadRequest" /></UnitTest><UnitTest name="Post_InvalidPropertyValueReturnsBadRequest" storage="d:\github\modelrelief\modelrelief.test\bin\debug\netcoreapp2.0\modelrelief.test.dll" id="5a3bba74-e056-4374-861c-11aca7ca0f6a"><Execution id="17833757-6dae-4598-a9a9-977d4d10bbd0" /><TestMethod codeBase="d:\Github\ModelRelief\ModelRelief.test\bin\Debug\netcoreapp2.0\ModelRelief.Test.dll" adapterTypeName="executor://xunit/VsTestRunner2/netcoreapp" className="ModelRelief.Test.Integration.Meshes.MeshesBaseIntegrationTests" name="Post_InvalidPropertyValueReturnsBadRequest" /></UnitTest><UnitTest name="Patch_ValidReferencePropertyUpdatesModel" storage="d:\github\modelrelief\modelrelief.test\bin\debug\netcoreapp2.0\modelrelief.test.dll" id="9d177b64-8471-4724-834a-5d2bd0c544b4"><Execution id="cfe22ab4-29b7-4828-9605-f06b8ab06175" /><TestMethod codeBase="d:\Github\ModelRelief\ModelRelief.test\bin\Debug\netcoreapp2.0\ModelRelief.Test.dll" adapterTypeName="executor://xunit/VsTestRunner2/netcoreapp" className="ModelRelief.Test.Integration.Models.ModelsBaseIntegrationTests" name="Patch_ValidReferencePropertyUpdatesModel" /></UnitTest><UnitTest name="Post_InvalidReferencePropertyReturnsBadRequest" storage="d:\github\modelrelief\modelrelief.test\bin\debug\netcoreapp2.0\modelrelief.test.dll" id="111cf4a1-cc40-4c8c-befd-e98a8c9a1813"><Execution id="e04a4e0f-48e9-44b6-ad2b-2194bf09474e" /><TestMethod codeBase="d:\Github\ModelRelief\ModelRelief.test\bin\Debug\netcoreapp2.0\ModelRelief.Test.dll" adapterTypeName="executor://xunit/VsTestRunner2/netcoreapp" className="ModelRelief.Test.Integration.Meshes.MeshesBaseIntegrationTests" name="Post_InvalidReferencePropertyReturnsBadRequest" /></UnitTest><UnitTest name="Post_ValidReferencePropertyCreatesModel" storage="d:\github\modelrelief\modelrelief.test\bin\debug\netcoreapp2.0\modelrelief.test.dll" id="c4b3acbe-b68d-45d0-b244-f10f51779a0b"><Execution id="df80ed28-8be3-49b9-8f02-3c3581b5535d" /><TestMethod codeBase="d:\Github\ModelRelief\ModelRelief.test\bin\Debug\netcoreapp2.0\ModelRelief.Test.dll" adapterTypeName="executor://xunit/VsTestRunner2/netcoreapp" className="ModelRelief.Test.Integration.Models.ModelsBaseIntegrationTests" name="Post_ValidReferencePropertyCreatesModel" /></UnitTest><UnitTest name="GetSingle_ValidIdPropertyValueReturnsCorrectModel" storage="d:\github\modelrelief\modelrelief.test\bin\debug\netcoreapp2.0\modelrelief.test.dll" id="e7aed858-a765-4786-988c-6fa607729985"><Execution id="c7ad1425-8dfc-4308-9b53-6567bf794fe7" /><TestMethod codeBase="d:\Github\ModelRelief\ModelRelief.test\bin\Debug\netcoreapp2.0\ModelRelief.Test.dll" adapterTypeName="executor://xunit/VsTestRunner2/netcoreapp" className="ModelRelief.Test.Integration.Projects.ProjectsBaseIntegrationTests" name="GetSingle_ValidIdPropertyValueReturnsCorrectModel" /></UnitTest><UnitTest name="Patch_MultipleInvalidReferencePropertiesReturnsMultipleValidationErrorsAndBadRequest" storage="d:\github\modelrelief\modelrelief.test\bin\debug\netcoreapp2.0\modelrelief.test.dll" id="9d8283f2-31cf-4cad-aef7-a246584708da"><Execution id="e60dfd40-1cf2-44c3-a17d-4156f42925d0" /><TestMethod codeBase="d:\Github\ModelRelief\ModelRelief.test\bin\Debug\netcoreapp2.0\ModelRelief.Test.dll" adapterTypeName="executor://xunit/VsTestRunner2/netcoreapp" className="ModelRelief.Test.Integration.DepthBuffers.DepthBuffersBaseIntegrationTests" name="Patch_MultipleInvalidReferencePropertiesReturnsMultipleValidationErrorsAndBadRequest" /></UnitTest><UnitTest name="FileRequest_FileCanBeReadAfterRename" storage="d:\github\modelrelief\modelrelief.test\bin\debug\netcoreapp2.0\modelrelief.test.dll" id="d65f1bfc-e4e8-441c-b469-6b45aee2626f"><Execution id="e44e1672-998c-4471-89cb-546aa55ec064" /><TestMethod codeBase="d:\Github\ModelRelief\ModelRelief.test\bin\Debug\netcoreapp2.0\ModelRelief.Test.dll" adapterTypeName="executor://xunit/VsTestRunner2/netcoreapp" className="ModelRelief.Test.Integration.Models.ModelsFileIntegrationTests" name="FileRequest_FileCanBeReadAfterRename" /></UnitTest><UnitTest name="GetSingle_InvalidIdPropertyValueReturnsNotFound" storage="d:\github\modelrelief\modelrelief.test\bin\debug\netcoreapp2.0\modelrelief.test.dll" id="515e75f2-a8dd-49d3-a949-c94e10905c23"><Execution id="3dae561c-2de8-4c24-b481-c3f3e901a570" /><TestMethod codeBase="d:\Github\ModelRelief\ModelRelief.test\bin\Debug\netcoreapp2.0\ModelRelief.Test.dll" adapterTypeName="executor://xunit/VsTestRunner2/netcoreapp" className="ModelRelief.Test.Integration.Meshes.MeshesBaseIntegrationTests" name="GetSingle_InvalidIdPropertyValueReturnsNotFound" /></UnitTest><UnitTest name="Put_ValidReferencePropertyUpdatesModel" storage="d:\github\modelrelief\modelrelief.test\bin\debug\netcoreapp2.0\modelrelief.test.dll" id="1f87c26c-5bd9-479f-b8b2-2cc155d849e5"><Execution id="c64fb0c8-8090-4c4c-9c85-e1ff99da28d9" /><TestMethod codeBase="d:\Github\ModelRelief\ModelRelief.test\bin\Debug\netcoreapp2.0\ModelRelief.Test.dll" adapterTypeName="executor://xunit/VsTestRunner2/netcoreapp" className="ModelRelief.Test.Integration.DepthBuffers.DepthBuffersBaseIntegrationTests" name="Put_ValidReferencePropertyUpdatesModel" /></UnitTest><UnitTest name="Patch_InvalidEnumPropertyValueReturnsBadRequest" storage="d:\github\modelrelief\modelrelief.test\bin\debug\netcoreapp2.0\modelrelief.test.dll" id="385ddc9d-9a52-4a7d-aab1-acc890d8ee76"><Execution id="1793be78-e08e-4d98-b11a-bb49152c7887" /><TestMethod codeBase="d:\Github\ModelRelief\ModelRelief.test\bin\Debug\netcoreapp2.0\ModelRelief.Test.dll" adapterTypeName="executor://xunit/VsTestRunner2/netcoreapp" className="ModelRelief.Test.Integration.MeshTransforms.MeshTransformsBaseIntegrationTests" name="Patch_InvalidEnumPropertyValueReturnsBadRequest" /></UnitTest><UnitTest name="GetSingle_InvalidIdPropertyValueReturnsNotFound" storage="d:\github\modelrelief\modelrelief.test\bin\debug\netcoreapp2.0\modelrelief.test.dll" id="ade1afc5-614a-4750-9c53-46558f923a6e"><Execution id="b6d54c46-b5b5-4005-afda-1a91a9f23321" /><TestMethod codeBase="d:\Github\ModelRelief\ModelRelief.test\bin\Debug\netcoreapp2.0\ModelRelief.Test.dll" adapterTypeName="executor://xunit/VsTestRunner2/netcoreapp" className="ModelRelief.Test.Integration.DepthBuffers.DepthBuffersBaseIntegrationTests" name="GetSingle_InvalidIdPropertyValueReturnsNotFound" /></UnitTest><UnitTest name="GetSingle_ValidIdPropertyValueReturnsCorrectModel" storage="d:\github\modelrelief\modelrelief.test\bin\debug\netcoreapp2.0\modelrelief.test.dll" id="a27ba8e6-02aa-49f2-8ba8-bff4a4f9f058"><Execution id="411771c1-2686-446e-846a-fb9ae2cd19eb" /><TestMethod codeBase="d:\Github\ModelRelief\ModelRelief.test\bin\Debug\netcoreapp2.0\ModelRelief.Test.dll" adapterTypeName="executor://xunit/VsTestRunner2/netcoreapp" className="ModelRelief.Test.Integration.DepthBuffers.DepthBuffersBaseIntegrationTests" name="GetSingle_ValidIdPropertyValueReturnsCorrectModel" /></UnitTest><UnitTest name="Patch_InvalidPropertyNameReturnsBadRequest" storage="d:\github\modelrelief\modelrelief.test\bin\debug\netcoreapp2.0\modelrelief.test.dll" id="f2be6ec4-6134-4a9c-92ef-fc285e241f8d"><Execution id="b9964f17-6798-49f5-9edd-37dfe50bd981" /><TestMethod codeBase="d:\Github\ModelRelief\ModelRelief.test\bin\Debug\netcoreapp2.0\ModelRelief.Test.dll" adapterTypeName="executor://xunit/VsTestRunner2/netcoreapp" className="ModelRelief.Test.Integration.DepthBuffers.DepthBuffersBaseIntegrationTests" name="Patch_InvalidPropertyNameReturnsBadRequest" /></UnitTest><UnitTest name="GetList_ListReturnsCorrectCount" storage="d:\github\modelrelief\modelrelief.test\bin\debug\netcoreapp2.0\modelrelief.test.dll" id="6069d3e7-cac9-47fd-a117-ea2543b7ade5"><Execution id="42a0317a-ee03-468e-bbca-b02fc9b54560" /><TestMethod codeBase="d:\Github\ModelRelief\ModelRelief.test\bin\Debug\netcoreapp2.0\ModelRelief.Test.dll" adapterTypeName="executor://xunit/VsTestRunner2/netcoreapp" className="ModelRelief.Test.Integration.DepthBuffers.DepthBuffersBaseIntegrationTests" name="GetList_ListReturnsCorrectCount" /></UnitTest><UnitTest name="Post_CanCreateNewModel" storage="d:\github\modelrelief\modelrelief.test\bin\debug\netcoreapp2.0\modelrelief.test.dll" id="035b1ce4-0d50-4a1c-ba45-be8fdecc668c"><Execution id="8bf0ce81-002d-40c8-a086-ad3417b1f918" /><TestMethod codeBase="d:\Github\ModelRelief\ModelRelief.test\bin\Debug\netcoreapp2.0\ModelRelief.Test.dll" adapterTypeName="executor://xunit/VsTestRunner2/netcoreapp" className="ModelRelief.Test.Integration.Cameras.CamerasBaseIntegrationTests" name="Post_CanCreateNewModel" /></UnitTest><UnitTest name="PutFile_FileCanBeUpdated" storage="d:\github\modelrelief\modelrelief.test\bin\debug\netcoreapp2.0\modelrelief.test.dll" id="c445729f-0866-48df-87d9-cf0ee99b80a2"><Execution id="d54a5563-ec8d-4202-8202-fe73c19b9e06" /><TestMethod codeBase="d:\Github\ModelRelief\ModelRelief.test\bin\Debug\netcoreapp2.0\ModelRelief.Test.dll" adapterTypeName="executor://xunit/VsTestRunner2/netcoreapp" className="ModelRelief.Test.Integration.DepthBuffers.DepthBuffersFileIntegrationTests" name="PutFile_FileCanBeUpdated" /></UnitTest><UnitTest name="Patch_InvalidReferencePropertyReturnsBadRequest" storage="d:\github\modelrelief\modelrelief.test\bin\debug\netcoreapp2.0\modelrelief.test.dll" id="47ebf977-f030-4bb6-8b16-a406742ccf42"><Execution id="834258f6-4bb2-43ce-9714-7ea80b7e9c24" /><TestMethod codeBase="d:\Github\ModelRelief\ModelRelief.test\bin\Debug\netcoreapp2.0\ModelRelief.Test.dll" adapterTypeName="executor://xunit/VsTestRunner2/netcoreapp" className="ModelRelief.Test.Integration.Models.ModelsBaseIntegrationTests" name="Patch_InvalidReferencePropertyReturnsBadRequest" /></UnitTest><UnitTest name="Delete_TargetModelIsDeleted" storage="d:\github\modelrelief\modelrelief.test\bin\debug\netcoreapp2.0\modelrelief.test.dll" id="16464754-814f-47d3-b3cf-4910809590f6"><Execution id="149cac69-b236-470e-920b-78bc1be5664c" /><TestMethod codeBase="d:\Github\ModelRelief\ModelRelief.test\bin\Debug\netcoreapp2.0\ModelRelief.Test.dll" adapterTypeName="executor://xunit/VsTestRunner2/netcoreapp" className="ModelRelief.Test.Integration.MeshTransforms.MeshTransformsBaseIntegrationTests" name="Delete_TargetModelIsDeleted" /></UnitTest><UnitTest name="Post_ValidReferencePropertyCreatesModel" storage="d:\github\modelrelief\modelrelief.test\bin\debug\netcoreapp2.0\modelrelief.test.dll" id="8cc8138e-1bdc-4416-91b7-df88cf2f1d8f"><Execution id="3a32fd71-bdd0-4fbd-8d65-8d6dad7c3d4e" /><TestMethod codeBase="d:\Github\ModelRelief\ModelRelief.test\bin\Debug\netcoreapp2.0\ModelRelief.Test.dll" adapterTypeName="executor://xunit/VsTestRunner2/netcoreapp" className="ModelRelief.Test.Integration.MeshTransforms.MeshTransformsBaseIntegrationTests" name="Post_ValidReferencePropertyCreatesModel" /></UnitTest><UnitTest name="Patch_TargetPropertyIsUpdated" storage="d:\github\modelrelief\modelrelief.test\bin\debug\netcoreapp2.0\modelrelief.test.dll" id="844e9b02-5ff5-4f30-807e-2bcc8b10e4b2"><Execution id="6f711eb6-a4e0-4ca7-abc0-3767310b2e51" /><TestMethod codeBase="d:\Github\ModelRelief\ModelRelief.test\bin\Debug\netcoreapp2.0\ModelRelief.Test.dll" adapterTypeName="executor://xunit/VsTestRunner2/netcoreapp" className="ModelRelief.Test.Integration.Meshes.MeshesBaseIntegrationTests" name="Patch_TargetPropertyIsUpdated" /></UnitTest></TestDefinitions><TestEntries><TestEntry testId="19010b98-e84f-4a91-8e31-ba641c58f2a8" executionId="ad8c7f69-961e-415b-9a70-51db479719a3" testListId="8c84fa94-04c1-424b-9868-57a2d4851a1d" /><TestEntry testId="9d42c689-13f9-44eb-ae9e-6908ca60cde0" executionId="2f3b414b-a49a-4f20-809f-6e5fbad93a74" testListId="8c84fa94-04c1-424b-9868-57a2d4851a1d" /><TestEntry testId="30ce225b-aae8-43e5-9f15-c63ae9849bfb" executionId="a8f38294-78f2-4da7-8330-bd356a683655" testListId="8c84fa94-04c1-424b-9868-57a2d4851a1d" /><TestEntry testId="23e037c6-7a0f-4b5d-96a6-a4304ea109ec" executionId="15c5979b-3112-46e8-bd01-9beced73cf5e" testListId="8c84fa94-04c1-424b-9868-57a2d4851a1d" /><TestEntry testId="e02847ba-38aa-4282-9a85-a4bc00277583" executionId="df73096c-289a-4c86-83cb-b7a46017de58" testListId="8c84fa94-04c1-424b-9868-57a2d4851a1d" /><TestEntry testId="08657497-ef4b-4e94-8500-2f2f65b828e6" executionId="05cdd5ea-f98a-42f2-a698-5ea704000066" testListId="8c84fa94-04c1-424b-9868-57a2d4851a1d" /><TestEntry testId="a2bca3f8-ec98-47c9-a977-b93341d26325" executionId="4a8b76b5-605f-47eb-a3a5-d2eba08f6a19" testListId="8c84fa94-04c1-424b-9868-57a2d4851a1d" /><TestEntry testId="8a196261-afe2-43ce-aec1-6176c9a97022" executionId="a8895d10-e847-45c3-b1d5-4197c2621912" testListId="8c84fa94-04c1-424b-9868-57a2d4851a1d" /><TestEntry testId="d65f1bfc-e4e8-441c-b469-6b45aee2626f" executionId="e44e1672-998c-4471-89cb-546aa55ec064" testListId="8c84fa94-04c1-424b-9868-57a2d4851a1d" /><TestEntry testId="ae90330e-f14b-4b9b-9ae2-cd0f1fe53aa2" executionId="03743386-f316-4f05-97fe-83733a449cb7" testListId="8c84fa94-04c1-424b-9868-57a2d4851a1d" /><TestEntry testId="0ef824bb-f459-495f-8bb2-e9037fb79455" executionId="5570a6c4-a5ff-4e2f-8e21-33b932846703" testListId="8c84fa94-04c1-424b-9868-57a2d4851a1d" /><TestEntry testId="21b11cc9-872c-49c7-a967-dcd496154609" executionId="cfdd3ab3-11df-403b-98ea-31b92f761e01" testListId="8c84fa94-04c1-424b-9868-57a2d4851a1d" /><TestEntry testId="2d71d076-817e-42b9-9fa9-5e28018f5132" executionId="911a93e2-e080-4303-ae60-780e40ea7efe" testListId="8c84fa94-04c1-424b-9868-57a2d4851a1d" /><TestEntry testId="69f8342b-6d24-46c0-b7d0-653279be80d5" executionId="fca5549b-a575-45d5-81ee-32a04167c3a7" testListId="8c84fa94-04c1-424b-9868-57a2d4851a1d" /><TestEntry testId="ec604308-e3c0-498f-a594-63ece9ecf159" executionId="1b080e5c-d7e6-4dc5-b490-ecc40ea21d08" testListId="8c84fa94-04c1-424b-9868-57a2d4851a1d" /><TestEntry testId="b4aef45d-817f-4bdf-b252-710b323d17d8" executionId="88e0262c-c133-4123-9d5c-6f5331ce27a9" testListId="8c84fa94-04c1-424b-9868-57a2d4851a1d" /><TestEntry testId="5f25159c-474b-4769-97aa-c56940912a76" executionId="a0b13de4-af87-4710-9576-7e70578f83ec" testListId="8c84fa94-04c1-424b-9868-57a2d4851a1d" /><TestEntry testId="515e75f2-a8dd-49d3-a949-c94e10905c23" executionId="3dae561c-2de8-4c24-b481-c3f3e901a570" testListId="8c84fa94-04c1-424b-9868-57a2d4851a1d" /><TestEntry testId="c4b3acbe-b68d-45d0-b244-f10f51779a0b" executionId="df80ed28-8be3-49b9-8f02-3c3581b5535d" testListId="8c84fa94-04c1-424b-9868-57a2d4851a1d" /><TestEntry testId="f2be6ec4-6134-4a9c-92ef-fc285e241f8d" executionId="b9964f17-6798-49f5-9edd-37dfe50bd981" testListId="8c84fa94-04c1-424b-9868-57a2d4851a1d" /><TestEntry testId="1545f250-1865-46c2-a2c0-f32cd5462af9" executionId="57d27f2f-abce-4e2f-b0b1-478a9a540195" testListId="8c84fa94-04c1-424b-9868-57a2d4851a1d" /><TestEntry testId="537f04d2-8931-487e-b7e8-c1d5c6500c97" executionId="435d0a18-f4be-41d1-9957-353800020f20" testListId="8c84fa94-04c1-424b-9868-57a2d4851a1d" /><TestEntry testId="a5f2dff5-ba0d-4819-98a4-3211dc8904d9" executionId="5b8edba7-b223-4116-a8a7-88709330629f" testListId="8c84fa94-04c1-424b-9868-57a2d4851a1d" /><TestEntry testId="79e19433-fbf4-480a-a086-733cb4b0c8fe" executionId="a434eaa2-ac96-437c-be7c-38540ea4ed72" testListId="8c84fa94-04c1-424b-9868-57a2d4851a1d" /><TestEntry testId="035b1ce4-0d50-4a1c-ba45-be8fdecc668c" executionId="8bf0ce81-002d-40c8-a086-ad3417b1f918" testListId="8c84fa94-04c1-424b-9868-57a2d4851a1d" /><TestEntry testId="573a6579-44aa-4b30-872b-5035d0d0148f" executionId="d1a5d31a-ffdf-4b66-a044-c1b28dabe2b2" testListId="8c84fa94-04c1-424b-9868-57a2d4851a1d" /><TestEntry testId="372cc784-eaf1-4a3f-8a53-cd5d7768e816" executionId="30d2e623-1dce-490d-82b5-7d8207f09054" testListId="8c84fa94-04c1-424b-9868-57a2d4851a1d" /><TestEntry testId="450859c5-e6d7-494c-ade9-7578c37de5f7" executionId="d7e73a15-cdc6-48d9-8955-8926a56af98a" testListId="8c84fa94-04c1-424b-9868-57a2d4851a1d" /><TestEntry testId="13a71e97-f41f-45c0-a1f6-e54fe6c2bbba" executionId="94c6988a-6010-4c22-8e7c-aae031c3e150" testListId="8c84fa94-04c1-424b-9868-57a2d4851a1d" /><TestEntry testId="4d94aafd-71b9-4ab0-b7ee-0eafbfb52e3f" executionId="bb217a15-e640-4ede-ac4c-0b72655bfed9" testListId="8c84fa94-04c1-424b-9868-57a2d4851a1d" /><TestEntry testId="32a3f555-b19b-407c-ac13-b2effa9bd99b" executionId="23b6443c-ce80-4f0c-98bb-07f76eddaf11" testListId="8c84fa94-04c1-424b-9868-57a2d4851a1d" /><TestEntry testId="e863de94-2fa4-4ee7-88db-338c7b9d1a73" executionId="2504d6f1-f3ef-4b9f-a547-b3dcc51d494e" testListId="8c84fa94-04c1-424b-9868-57a2d4851a1d" /><TestEntry testId="5715848f-e081-4297-905b-594f73ddba55" executionId="423eec1c-96e6-46ef-bc5d-17e0b3b68c31" testListId="8c84fa94-04c1-424b-9868-57a2d4851a1d" /><TestEntry testId="4bd86650-3f12-49af-bdfe-1076b96bbaf7" executionId="e8c3f84a-3733-42b6-888f-4b57c8786675" testListId="8c84fa94-04c1-424b-9868-57a2d4851a1d" /><TestEntry testId="5ad6cf7b-879a-4d5a-8b4a-898e55ce1732" executionId="4c12962f-4031-4195-a3b0-e2c58de21e7b" testListId="8c84fa94-04c1-424b-9868-57a2d4851a1d" /><TestEntry testId="385ddc9d-9a52-4a7d-aab1-acc890d8ee76" executionId="1793be78-e08e-4d98-b11a-bb49152c7887" testListId="8c84fa94-04c1-424b-9868-57a2d4851a1d" /><TestEntry testId="93a7e480-3e84-4393-b0ed-9eb9d91e1c99" executionId="29c49b46-b959-4af9-821c-916d383cd6ad" testListId="8c84fa94-04c1-424b-9868-57a2d4851a1d" /><TestEntry testId="b8acea8b-8d19-4d9b-86e5-91442d7eb2ba" executionId="77afe0ff-4a44-49cc-9569-1a25fe8cdb7b" testListId="8c84fa94-04c1-424b-9868-57a2d4851a1d" /><TestEntry testId="9e3c2cb7-6726-489a-9365-67bb3216132c" executionId="cef57933-53e7-4010-aaed-85adcc506e87" testListId="8c84fa94-04c1-424b-9868-57a2d4851a1d" /><TestEntry testId="093cfc22-fc9a-45ac-9b2d-33405681fa57" executionId="1f5d9fc6-304e-444c-9de0-59f6b252a4a2" testListId="8c84fa94-04c1-424b-9868-57a2d4851a1d" /><TestEntry testId="9f388c9d-51d7-497e-bd0c-8ec993b4da76" executionId="7efbbfb5-f46b-483a-8f74-fb59cdf0467d" testListId="8c84fa94-04c1-424b-9868-57a2d4851a1d" /><TestEntry testId="29bee385-fdac-4af1-a5a2-4a205b309837" executionId="9a479e50-a1d6-4992-bdbe-d8497a2f7f2b" testListId="8c84fa94-04c1-424b-9868-57a2d4851a1d" /><TestEntry testId="0e83ebec-3641-4805-a4dc-d3c9eb92f2bd" executionId="0d34754b-02cd-4eda-9f11-a9b7d5aff404" testListId="8c84fa94-04c1-424b-9868-57a2d4851a1d" /><TestEntry testId="c451302c-51ad-4cb8-83d0-e2c84467baa8" executionId="861e5d01-cfa5-484e-9fac-620ed100029a" testListId="8c84fa94-04c1-424b-9868-57a2d4851a1d" /><TestEntry testId="1201b3a6-fad4-4561-96fd-71d528459eb7" executionId="b68a8d49-4231-454e-8840-1f05123b689d" testListId="8c84fa94-04c1-424b-9868-57a2d4851a1d" /><TestEntry testId="68f1faa1-07ab-478c-b2bf-a32a9816bcb9" executionId="04e7768f-4242-45e8-b6d9-dfa6d584bf47" testListId="8c84fa94-04c1-424b-9868-57a2d4851a1d" /><TestEntry testId="b5388f1c-6f2b-47d0-a482-9666d3477375" executionId="2d28210a-8a4c-4ed2-84cb-6b022927ba7e" testListId="8c84fa94-04c1-424b-9868-57a2d4851a1d" /><TestEntry testId="7af25d8f-89bc-4b6c-bb57-8c368c68101b" executionId="d05f6c7d-750f-4aaf-a6d8-7c5ea4244e92" testListId="8c84fa94-04c1-424b-9868-57a2d4851a1d" /><TestEntry testId="686de3a1-de87-43b8-ad1d-809c16084914" executionId="d0dc37b1-2498-4ff6-bd06-491869a662a5" testListId="8c84fa94-04c1-424b-9868-57a2d4851a1d" /><TestEntry testId="34b55d4c-95fa-449b-b133-45c2f88d87bb" executionId="3b5a1322-3ecb-4035-b3e6-4ae4b2bd7552" testListId="8c84fa94-04c1-424b-9868-57a2d4851a1d" /><TestEntry testId="5a3bba74-e056-4374-861c-11aca7ca0f6a" executionId="17833757-6dae-4598-a9a9-977d4d10bbd0" testListId="8c84fa94-04c1-424b-9868-57a2d4851a1d" /><TestEntry testId="41024b2e-8bbb-4739-8c2e-c07b1e4db8cd" executionId="e08c08a0-4280-43f5-a5ff-d85a7277660a" testListId="8c84fa94-04c1-424b-9868-57a2d4851a1d" /><TestEntry testId="8144526a-5849-4c31-8a76-65481ee19f02" executionId="7b53eae3-10d6-4a87-b802-70cc141cc500" testListId="8c84fa94-04c1-424b-9868-57a2d4851a1d" /><TestEntry testId="ad587dbd-36a4-4b21-9045-84f8d522b11c" executionId="ad013736-5b06-44c0-8bdc-f00fad069a66" testListId="8c84fa94-04c1-424b-9868-57a2d4851a1d" /><TestEntry testId="55e6afa8-c887-4f1b-86cc-4f13b2e3ab87" executionId="95932714-5e3b-4167-a54f-ef67a54ff38b" testListId="8c84fa94-04c1-424b-9868-57a2d4851a1d" /><TestEntry testId="96ab9f54-56e5-461a-9f3d-eb3c50374a25" executionId="68dd9311-5979-4bbd-95bb-66705c2873e7" testListId="8c84fa94-04c1-424b-9868-57a2d4851a1d" /><TestEntry testId="c4dee930-84c8-44cd-8cf1-7baf741b4d06" executionId="a90ed0b4-b1a4-49c5-93ff-1e71f00dbea6" testListId="8c84fa94-04c1-424b-9868-57a2d4851a1d" /><TestEntry testId="87d9a9a8-21c0-4993-8d82-4a11642ef3b3" executionId="9d55dba8-15fe-425b-a966-8457d72a436a" testListId="8c84fa94-04c1-424b-9868-57a2d4851a1d" /><TestEntry testId="3429be7e-722e-46c0-972c-24f9e8ccb0e8" executionId="68a7a68c-541c-41a1-aa76-3490a8409989" testListId="8c84fa94-04c1-424b-9868-57a2d4851a1d" /><TestEntry testId="e6300a66-67fb-4607-8b6d-a9d269a1bf3a" executionId="900d8e98-544b-482f-81a6-bcc4c56ab01b" testListId="8c84fa94-04c1-424b-9868-57a2d4851a1d" /><TestEntry testId="2fea7e94-b5f9-43d9-ba3f-d1503ee848cb" executionId="6f0f7c41-1a00-4dfb-95ee-d0a46b808ab4" testListId="8c84fa94-04c1-424b-9868-57a2d4851a1d" /><TestEntry testId="83ead8ee-4fb6-4fcd-b338-b272bea6ec2c" executionId="7084760e-30a7-48b9-841e-07fdf845d8fd" testListId="8c84fa94-04c1-424b-9868-57a2d4851a1d" /><TestEntry testId="e52510cb-f3a3-4870-94fe-6c49e226bf78" executionId="6a635142-81c6-4b34-8f55-5d24ec016712" testListId="8c84fa94-04c1-424b-9868-57a2d4851a1d" /><TestEntry testId="8de23012-a32c-4218-a888-3236aaec6f7b" executionId="2a0a0344-2b84-47fe-b5a8-399b5e5c7883" testListId="8c84fa94-04c1-424b-9868-57a2d4851a1d" /><TestEntry testId="0f5795f2-b6a8-4093-8a5c-e6809888492b" executionId="970efe96-9da3-4d3e-bb6a-b28bde5af082" testListId="8c84fa94-04c1-424b-9868-57a2d4851a1d" /><TestEntry testId="81a46383-b613-473e-b740-3851cd5e491a" executionId="76455966-1d5f-472a-a395-8401b0d3c89d" testListId="8c84fa94-04c1-424b-9868-57a2d4851a1d" /><TestEntry testId="6a933450-58f1-41e5-ac71-16757aeed5f6" executionId="6566338e-b2ea-4dc5-8575-5341524ba21d" testListId="8c84fa94-04c1-424b-9868-57a2d4851a1d" /><TestEntry testId="57504720-9586-439c-ae7c-4065f48e8224" executionId="51205b5d-51ef-4e74-92fa-9b32a6b137ea" testListId="8c84fa94-04c1-424b-9868-57a2d4851a1d" /><TestEntry testId="e105683f-d0b5-4b56-a3ef-fe3de0144cc6" executionId="ec64b3b3-56f8-4db1-aab5-367b7ab2bd5f" testListId="8c84fa94-04c1-424b-9868-57a2d4851a1d" /><TestEntry testId="f86a080d-778b-4be2-9741-fa76b9d864b5" executionId="b641163d-2f92-42d6-84b9-77e80f3bfbb5" testListId="8c84fa94-04c1-424b-9868-57a2d4851a1d" /><TestEntry testId="6069d3e7-cac9-47fd-a117-ea2543b7ade5" executionId="42a0317a-ee03-468e-bbca-b02fc9b54560" testListId="8c84fa94-04c1-424b-9868-57a2d4851a1d" /><TestEntry testId="38bb905a-aece-44ed-820e-dfc9b22b63b0" executionId="f62dcfd2-3b8d-4727-b80e-cf933f5b8cf2" testListId="8c84fa94-04c1-424b-9868-57a2d4851a1d" /><TestEntry testId="8a94d336-1be8-4a6a-bc15-e4b42733c20c" executionId="b42c950c-855b-4ef6-9570-bbe33bb9fafc" testListId="8c84fa94-04c1-424b-9868-57a2d4851a1d" /><TestEntry testId="5d8090b9-c016-4f24-8cc4-b02eb30c5925" executionId="4d0e2485-2b91-4d30-be74-940081d05e86" testListId="8c84fa94-04c1-424b-9868-57a2d4851a1d" /><TestEntry testId="111cf4a1-cc40-4c8c-befd-e98a8c9a1813" executionId="e04a4e0f-48e9-44b6-ad2b-2194bf09474e" testListId="8c84fa94-04c1-424b-9868-57a2d4851a1d" /><TestEntry testId="3137bc97-9fca-4d32-be1f-f0e8209efd7a" executionId="8d6306af-9bab-4be2-8eb4-b781323a2f62" testListId="8c84fa94-04c1-424b-9868-57a2d4851a1d" /><TestEntry testId="2324d4aa-bd7c-413a-9eab-ec376eebf912" executionId="2cb78162-04a5-4a8e-a94e-dac7aa55d66a" testListId="8c84fa94-04c1-424b-9868-57a2d4851a1d" /><TestEntry testId="c445729f-0866-48df-87d9-cf0ee99b80a2" executionId="d54a5563-ec8d-4202-8202-fe73c19b9e06" testListId="8c84fa94-04c1-424b-9868-57a2d4851a1d" /><TestEntry testId="97d93b50-df81-43ae-9669-b0beaa70df6a" executionId="8750cd51-febc-4a63-826a-d37e6f7ada28" testListId="8c84fa94-04c1-424b-9868-57a2d4851a1d" /><TestEntry testId="9d177b64-8471-4724-834a-5d2bd0c544b4" executionId="cfe22ab4-29b7-4828-9605-f06b8ab06175" testListId="8c84fa94-04c1-424b-9868-57a2d4851a1d" /><TestEntry testId="850547be-9321-4c39-b9e4-55d745564fd3" executionId="026496be-b1ae-4587-861e-08842bad5389" testListId="8c84fa94-04c1-424b-9868-57a2d4851a1d" /><TestEntry testId="5e86d948-1de1-4d1a-b3af-13bfc9706de6" executionId="c94825ba-4ff7-4636-83b4-9b70a8d8dc29" testListId="8c84fa94-04c1-424b-9868-57a2d4851a1d" /><TestEntry testId="16464754-814f-47d3-b3cf-4910809590f6" executionId="149cac69-b236-470e-920b-78bc1be5664c" testListId="8c84fa94-04c1-424b-9868-57a2d4851a1d" /><TestEntry testId="745376cd-acfa-4720-acbd-ac5f7ce07a85" executionId="a6c50a48-d63a-446b-89df-9bab296c20e3" testListId="8c84fa94-04c1-424b-9868-57a2d4851a1d" /><TestEntry testId="414fe8dc-1318-4d91-8694-4cb59b44869e" executionId="47b6e564-5f5f-4655-a9c9-d2473fe9441e" testListId="8c84fa94-04c1-424b-9868-57a2d4851a1d" /><TestEntry testId="8bae00d0-0566-4183-8c40-febec876d4f0" executionId="66beb18c-298f-4a2d-a84d-35b0c1854117" testListId="8c84fa94-04c1-424b-9868-57a2d4851a1d" /><TestEntry testId="9d4b37b2-477b-42cc-805f-3455e1da3e0b" executionId="06c0a8b4-143c-4686-81e0-b9196ea656cb" testListId="8c84fa94-04c1-424b-9868-57a2d4851a1d" /><TestEntry testId="d2459f36-79df-47d7-96e0-6f29d84213bd" executionId="1dd5832d-6325-4deb-8022-0ecb7625ad0c" testListId="8c84fa94-04c1-424b-9868-57a2d4851a1d" /><TestEntry testId="65ca117f-0fd9-46c7-ab37-e866bfd9e0d4" executionId="2da302cb-b7b9-4b0e-85d7-d5834714cd75" testListId="8c84fa94-04c1-424b-9868-57a2d4851a1d" /><TestEntry testId="0a5ca20e-7dee-4f07-81a0-84bee0b80aa6" executionId="64d8fc4a-7dd3-4207-985b-fb774da10d96" testListId="8c84fa94-04c1-424b-9868-57a2d4851a1d" /><TestEntry testId="4bf41ff6-4b21-4bac-8853-e9c92c2f688c" executionId="fdd5cfbe-4381-4986-949d-e6b0b75d4ea5" testListId="8c84fa94-04c1-424b-9868-57a2d4851a1d" /><TestEntry testId="f88feb88-c6dc-4848-a5b0-a4bbc3c37039" executionId="300536ec-7257-4527-9cd1-b05032496cfa" testListId="8c84fa94-04c1-424b-9868-57a2d4851a1d" /><TestEntry testId="ae332a8f-f5c0-4919-b06f-6e061d02b6e9" executionId="b762ef04-b0aa-4b80-a231-1aafeebda59e" testListId="8c84fa94-04c1-424b-9868-57a2d4851a1d" /><TestEntry testId="6fdd9595-4031-4bbf-9471-361ddc1ee28f" executionId="b5f10f28-6898-44a6-939a-800764f98301" testListId="8c84fa94-04c1-424b-9868-57a2d4851a1d" /><TestEntry testId="e7aed858-a765-4786-988c-6fa607729985" executionId="c7ad1425-8dfc-4308-9b53-6567bf794fe7" testListId="8c84fa94-04c1-424b-9868-57a2d4851a1d" /><TestEntry testId="dd598939-599d-468b-976e-592de2fdfc22" executionId="21622808-3081-48e1-9fbf-480a85b0f5ae" testListId="8c84fa94-04c1-424b-9868-57a2d4851a1d" /><TestEntry testId="b55f7b0d-935b-439c-a8fc-b9ef32ea413f" executionId="9bda28ca-4caa-46fb-8cc3-24096d7f187a" testListId="8c84fa94-04c1-424b-9868-57a2d4851a1d" /><TestEntry testId="d50a3516-59c3-4929-a71e-e82123adf156" executionId="2d9858ac-5860-45fa-ad15-9cbb4f357914" testListId="8c84fa94-04c1-424b-9868-57a2d4851a1d" /><TestEntry testId="86558324-57af-4186-a9b7-238b358790a2" executionId="12163bde-7ba4-44d3-a363-6cc854538f5a" testListId="8c84fa94-04c1-424b-9868-57a2d4851a1d" /><TestEntry testId="b989e2b6-e472-44ab-b40d-4b2c927cc921" executionId="31cac64c-9e7a-4993-9ef2-e15445051f71" testListId="8c84fa94-04c1-424b-9868-57a2d4851a1d" /><TestEntry testId="93d8c812-dbd0-4ffe-b8d4-2c4bf26cf953" executionId="d970ab71-81a0-4012-9bb2-bd9b6ede32cb" testListId="8c84fa94-04c1-424b-9868-57a2d4851a1d" /><TestEntry testId="7a5375d2-6299-4687-bfa1-35f7ef1343ca" executionId="2bb515b6-2a84-4ab3-8354-5b8afb903e21" testListId="8c84fa94-04c1-424b-9868-57a2d4851a1d" /><TestEntry testId="66c825b3-633d-473d-adb4-be564870ed30" executionId="17626c36-8ec3-4dc9-bfc5-5b650cf70e9f" testListId="8c84fa94-04c1-424b-9868-57a2d4851a1d" /><TestEntry testId="3d6cea71-88d1-45ea-9a06-e739fae9912e" executionId="ca2aad0a-03db-4b2e-9ca0-911d231bdfad" testListId="8c84fa94-04c1-424b-9868-57a2d4851a1d" /><TestEntry testId="4bc4da27-0eb4-4aeb-8e66-eb01a677b879" executionId="8477a1d0-fc88-4161-baba-ecaf1a99a73c" testListId="8c84fa94-04c1-424b-9868-57a2d4851a1d" /><TestEntry testId="8cc8138e-1bdc-4416-91b7-df88cf2f1d8f" executionId="3a32fd71-bdd0-4fbd-8d65-8d6dad7c3d4e" testListId="8c84fa94-04c1-424b-9868-57a2d4851a1d" /><TestEntry testId="d883d5d8-f7be-4db1-a8a6-4649a6ee5d4b" executionId="377f7a01-b3d2-462a-9217-7e8075f9a3f8" testListId="8c84fa94-04c1-424b-9868-57a2d4851a1d" /><TestEntry testId="f1be1a39-5cc4-4f80-ac17-5a5317f20b84" executionId="144f706a-8a79-4df2-8f8d-200ee3804e38" testListId="8c84fa94-04c1-424b-9868-57a2d4851a1d" /><TestEntry testId="2efe6be1-06ee-4ca1-8247-179483b0e91f" executionId="86c4a373-7049-4327-8448-faa46b21995d" testListId="8c84fa94-04c1-424b-9868-57a2d4851a1d" /><TestEntry testId="1db723f0-ea32-4c2d-ace4-162b791defbc" executionId="fefa5fb9-2f23-415b-82cf-f0b6c128cd33" testListId="8c84fa94-04c1-424b-9868-57a2d4851a1d" /><TestEntry testId="41353e39-652f-4836-90c5-d1ff8d5c07f5" executionId="0be3eb4e-05b2-4979-9528-31c86d44fcac" testListId="8c84fa94-04c1-424b-9868-57a2d4851a1d" /><TestEntry testId="c28d97a3-6c4a-4a9f-ace6-5b0e823d9cfc" executionId="3a7b3061-49c1-41c7-9fab-76ccbb0bc5f6" testListId="8c84fa94-04c1-424b-9868-57a2d4851a1d" /><TestEntry testId="1f1c7f9f-1240-4e2d-b756-e54f2dbf34fb" executionId="a6f4ecc9-47f9-41c9-a74c-45785eddbd58" testListId="8c84fa94-04c1-424b-9868-57a2d4851a1d" /><TestEntry testId="a1341a7b-e789-4452-9eb9-185611c38338" executionId="f8710240-b372-452b-ad85-62c5f5dfd42e" testListId="8c84fa94-04c1-424b-9868-57a2d4851a1d" /><TestEntry testId="cf6701f0-145b-4609-8b38-886fb8f7aa1f" executionId="96ec8560-47ef-4615-bb06-60c11a2397e0" testListId="8c84fa94-04c1-424b-9868-57a2d4851a1d" /><TestEntry testId="6c281618-388f-4707-a4ae-fd79edca138b" executionId="18ef0592-b7f6-4b89-ac89-058f5296c31e" testListId="8c84fa94-04c1-424b-9868-57a2d4851a1d" /><TestEntry testId="e58d7e96-3fa7-430c-bac0-e080e0ffb37a" executionId="840ef245-f4b6-42d6-bdae-7d7b6810ce9e" testListId="8c84fa94-04c1-424b-9868-57a2d4851a1d" /><TestEntry testId="4c4d83f2-8e0b-4ed5-a561-1d1214bcd6c4" executionId="8b31c12f-8b3e-40ae-90ab-02d88e6867bd" testListId="8c84fa94-04c1-424b-9868-57a2d4851a1d" /><TestEntry testId="9e525425-7ec4-4a02-9587-03b769cab53d" executionId="6d715ee6-fe2c-44f6-8d9a-96b8f6dd1c3e" testListId="8c84fa94-04c1-424b-9868-57a2d4851a1d" /><TestEntry testId="47ebf977-f030-4bb6-8b16-a406742ccf42" executionId="834258f6-4bb2-43ce-9714-7ea80b7e9c24" testListId="8c84fa94-04c1-424b-9868-57a2d4851a1d" /><TestEntry testId="42aeb0de-ae0f-4a92-b97b-b6b449eaa745" executionId="3764f6a4-1c67-4172-b63e-e07dd57fbae8" testListId="8c84fa94-04c1-424b-9868-57a2d4851a1d" /><TestEntry testId="43fbdaf1-5c8c-40e2-aa76-b32aecd27b13" executionId="91141c77-642d-44f3-ad9d-f441396f9590" testListId="8c84fa94-04c1-424b-9868-57a2d4851a1d" /><TestEntry testId="ba26d8e3-0693-4cc3-9ba4-56e5d70c43d3" executionId="8a89f5c9-706f-4f7b-94da-778a53bb6a65" testListId="8c84fa94-04c1-424b-9868-57a2d4851a1d" /><TestEntry testId="a27ba8e6-02aa-49f2-8ba8-bff4a4f9f058" executionId="411771c1-2686-446e-846a-fb9ae2cd19eb" testListId="8c84fa94-04c1-424b-9868-57a2d4851a1d" /><TestEntry testId="74492ed3-20a8-4a9e-8db8-d3599e9533a8" executionId="509c8261-5930-44f8-b1ba-42ab42bddc96" testListId="8c84fa94-04c1-424b-9868-57a2d4851a1d" /><TestEntry testId="ade1afc5-614a-4750-9c53-46558f923a6e" executionId="b6d54c46-b5b5-4005-afda-1a91a9f23321" testListId="8c84fa94-04c1-424b-9868-57a2d4851a1d" /><TestEntry testId="c94b9b39-7800-4229-a78d-2f66188d52da" executionId="c0e93589-3fc9-4b69-b85d-0be576147f96" testListId="8c84fa94-04c1-424b-9868-57a2d4851a1d" /><TestEntry testId="c9751624-c26e-4efa-9049-e0aa5b181db5" executionId="7c80509b-0d20-4063-811d-d18d7c77a75f" testListId="8c84fa94-04c1-424b-9868-57a2d4851a1d" /><TestEntry testId="815193dd-3b80-4243-a8e2-22c166d47aff" executionId="a4b78bb8-db01-4cb3-b64e-e20f69051ed9" testListId="8c84fa94-04c1-424b-9868-57a2d4851a1d" /><TestEntry testId="5428030c-8b90-46f4-bce4-7c76745edf2d" executionId="07bc36f1-131b-4bd2-8086-12d433d816ef" testListId="8c84fa94-04c1-424b-9868-57a2d4851a1d" /><TestEntry testId="844e9b02-5ff5-4f30-807e-2bcc8b10e4b2" executionId="6f711eb6-a4e0-4ca7-abc0-3767310b2e51" testListId="8c84fa94-04c1-424b-9868-57a2d4851a1d" /><TestEntry testId="7ed061be-1a59-4b6b-8e19-a58f9a9e6dad" executionId="932d75b5-fe78-4904-a831-12545825f0e1" testListId="8c84fa94-04c1-424b-9868-57a2d4851a1d" /><TestEntry testId="b7c615b5-0bad-4d0f-8ca7-6c1edd3ecbb6" executionId="9e392f12-5ae6-4119-8724-312c4f17e391" testListId="8c84fa94-04c1-424b-9868-57a2d4851a1d" /><TestEntry testId="4908fc73-1566-447e-9d7f-cc277072a96f" executionId="5853ce41-c1d9-4b4b-b027-261823ccd17b" testListId="8c84fa94-04c1-424b-9868-57a2d4851a1d" /><TestEntry testId="65fd0147-605c-46c7-b5d7-aaffc7995326" executionId="8854cf0c-2b36-46b4-91fb-75d31805052f" testListId="8c84fa94-04c1-424b-9868-57a2d4851a1d" /><TestEntry testId="fd5b4655-5227-43f2-80f2-4397478f5ac8" executionId="2c0d7434-f7b3-4b67-a81c-111ad0609ad5" testListId="8c84fa94-04c1-424b-9868-57a2d4851a1d" /><TestEntry testId="66554c65-0b1e-4ee6-b573-a7fe417c3c94" executionId="1cb918b1-ea6b-4c0b-93a7-470872ee826e" testListId="8c84fa94-04c1-424b-9868-57a2d4851a1d" /><TestEntry testId="9d8283f2-31cf-4cad-aef7-a246584708da" executionId="e60dfd40-1cf2-44c3-a17d-4156f42925d0" testListId="8c84fa94-04c1-424b-9868-57a2d4851a1d" /><TestEntry testId="3a6762ec-83ae-484d-b952-383bfad6a265" executionId="45c4eb55-0774-4e15-8261-0e1b44bec9d5" testListId="8c84fa94-04c1-424b-9868-57a2d4851a1d" /><TestEntry testId="58ddaf15-b257-41bf-ac40-cbe2f6f13116" executionId="7a61bf9b-8f31-42ce-8884-fb6249f2335e" testListId="8c84fa94-04c1-424b-9868-57a2d4851a1d" /><TestEntry testId="d2d8c8b0-ee7c-4ae1-ab1f-490d2c161a4f" executionId="407f8429-c4e9-4310-80ea-6c6e093ca40e" testListId="8c84fa94-04c1-424b-9868-57a2d4851a1d" /><TestEntry testId="75f09eb5-adf8-46c5-b920-e8b87b28cae1" executionId="214eed45-9eab-49fb-80bf-438e56d7a6e1" testListId="8c84fa94-04c1-424b-9868-57a2d4851a1d" /><TestEntry testId="e37b0c3c-fa6e-404c-a6b4-61ce8db2671f" executionId="44feb1f8-2c64-483e-b7df-4bf3a68fb8be" testListId="8c84fa94-04c1-424b-9868-57a2d4851a1d" /><TestEntry testId="688b4013-dcc2-46ca-a4e4-7f6e8454b8a1" executionId="c4ed7071-2160-41d6-b2bb-c62128eab252" testListId="8c84fa94-04c1-424b-9868-57a2d4851a1d" /><TestEntry testId="9f4a6146-3542-4cde-8873-ad14c511b252" executionId="0f3bf473-ae85-44e0-b859-81497a3c0a6a" testListId="8c84fa94-04c1-424b-9868-57a2d4851a1d" /><TestEntry testId="d55bda9a-7690-42cf-bf34-a79b35bb8ec4" executionId="dfa3d3e1-010a-4118-8857-5bb001e22c80" testListId="8c84fa94-04c1-424b-9868-57a2d4851a1d" /><TestEntry testId="8a2450a4-ebc4-45d4-8986-d91d4ed3cb2e" executionId="a7964363-92e0-426d-b50b-662bf23dd938" testListId="8c84fa94-04c1-424b-9868-57a2d4851a1d" /><TestEntry testId="1f87c26c-5bd9-479f-b8b2-2cc155d849e5" executionId="c64fb0c8-8090-4c4c-9c85-e1ff99da28d9" testListId="8c84fa94-04c1-424b-9868-57a2d4851a1d" /><TestEntry testId="309af525-760a-49e4-8118-74b042373abd" executionId="e4123d41-e28e-4c30-b883-0bbfd387a19c" testListId="8c84fa94-04c1-424b-9868-57a2d4851a1d" /><TestEntry testId="256d7957-447c-4634-a9a6-ced881cda1ca" executionId="dffecb9f-f608-4e12-8ef2-1a9573780d48" testListId="8c84fa94-04c1-424b-9868-57a2d4851a1d" /><TestEntry testId="39c68455-2b87-4ab9-b2ff-372e93718551" executionId="a8357c5b-5a1a-4c62-b32d-58090dcbad07" testListId="8c84fa94-04c1-424b-9868-57a2d4851a1d" /></TestEntries><TestLists><TestList name="Results Not in a List" id="8c84fa94-04c1-424b-9868-57a2d4851a1d" /><TestList name="All Loaded Results" id="19431567-8539-422a-85d7-44ee4e166bda" /></TestLists><ResultSummary outcome="Completed"><Counters total="151" executed="151" passed="151" failed="0" error="0" timeout="0" aborted="0" inconclusive="0" passedButRunAborted="0" notRunnable="0" notExecuted="0" disconnected="0" warning="0" completed="0" inProgress="0" pending="0" /><Output><StdOut>[xUnit.net 00:00:01.5510199]   Discovering: ModelRelief.Test[xUnit.net 00:00:01.6585739]   Discovered:  ModelRelief.Test[xUnit.net 00:00:01.6642915]   Starting:    ModelRelief.Test[xUnit.net 00:01:12.0819790]   Finished:    ModelRelief.Test</StdOut></Output></ResultSummary></TestRun>