<?xml version="1.0" encoding="utf-8"?><TestRun id="07161b7a-7a3c-4a03-9a82-d10f459077bb" name="Steve Knipmeyer@VECTOR 2018-07-16 17:12:49" runUser="VECTOR\Steve Knipmeyer" xmlns="http://microsoft.com/schemas/VisualStudio/TeamTest/2010"><Times creation="2018-07-16T17:12:49.1597470-04:00" queuing="2018-07-16T17:12:49.1597558-04:00" start="2018-07-16T17:12:45.1709001-04:00" finish="2018-07-16T17:13:25.6716941-04:00" /><TestSettings name="default" id="deadefb3-5807-4d93-a729-d8d9debc3413"><Deployment runDeploymentRoot="Steve_Knipmeyer_VECTOR_2018-07-16_17_12_49" /></TestSettings><Results><UnitTestResult executionId="3dc64753-a30a-4351-b269-f0c5f425ab4c" testId="80061371-bb14-41bd-8eaa-7b0b7deae394" testName="Patch_InvalidIdPropertyReturnsNotFound" computerName="VECTOR" duration="00:00:00.0060000" startTime="2018-07-16T17:12:56.9430726-04:00" endTime="2018-07-16T17:12:56.9430769-04:00" testType="13cdc9d9-ddb5-4fa4-a97d-d965ccfc6d4b" outcome="Passed" testListId="8c84fa94-04c1-424b-9868-57a2d4851a1d" relativeResultsDirectory="3dc64753-a30a-4351-b269-f0c5f425ab4c" /><UnitTestResult executionId="4b092b73-d1b7-4269-9c17-b555c37f5a07" testId="a5692613-7bf3-4432-98e9-6fd4cf08d0c2" testName="Patch_InvalidReferencePropertyReturnsBadRequest" computerName="VECTOR" duration="00:00:00.0190000" startTime="2018-07-16T17:13:01.5111595-04:00" endTime="2018-07-16T17:13:01.5111646-04:00" testType="13cdc9d9-ddb5-4fa4-a97d-d965ccfc6d4b" outcome="Passed" testListId="8c84fa94-04c1-424b-9868-57a2d4851a1d" relativeResultsDirectory="4b092b73-d1b7-4269-9c17-b555c37f5a07" /><UnitTestResult executionId="a9bf395a-6a8d-421d-84c0-9870f85a5f7b" testId="9573b2a6-037c-49e7-ad80-c7936d7a5871" testName="CameraHasExpectedDependentFiles" computerName="VECTOR" duration="00:00:00.0010000" startTime="2018-07-16T17:12:48.6611721-04:00" endTime="2018-07-16T17:12:48.6611732-04:00" testType="13cdc9d9-ddb5-4fa4-a97d-d965ccfc6d4b" outcome="Passed" testListId="8c84fa94-04c1-424b-9868-57a2d4851a1d" relativeResultsDirectory="a9bf395a-6a8d-421d-84c0-9870f85a5f7b" /><UnitTestResult executionId="c043ec1f-0940-4bfa-9754-84caac6ecc04" testId="ee1d3c1e-0936-4c3d-81ff-d648492a9c93" testName="GetSingle_ValidIdPropertyValueReturnsCorrectModel" computerName="VECTOR" duration="00:00:00.0060000" startTime="2018-07-16T17:13:17.4983646-04:00" endTime="2018-07-16T17:13:17.4983671-04:00" testType="13cdc9d9-ddb5-4fa4-a97d-d965ccfc6d4b" outcome="Passed" testListId="8c84fa94-04c1-424b-9868-57a2d4851a1d" relativeResultsDirectory="c043ec1f-0940-4bfa-9754-84caac6ecc04" /><UnitTestResult executionId="e7418c73-505b-4e18-b1c6-6cceba38a300" testId="41fd9376-4eab-4c4e-9e72-9278f53bbaec" testName="Patch_InvalidEnumPropertyValueReturnsBadRequest" computerName="VECTOR" duration="00:00:00.0020000" startTime="2018-07-16T17:12:50.2382643-04:00" endTime="2018-07-16T17:12:50.2382663-04:00" testType="13cdc9d9-ddb5-4fa4-a97d-d965ccfc6d4b" outcome="Passed" testListId="8c84fa94-04c1-424b-9868-57a2d4851a1d" relativeResultsDirectory="e7418c73-505b-4e18-b1c6-6cceba38a300" /><UnitTestResult executionId="1b98b5eb-a189-4729-b99f-cdde1d60a5d5" testId="94d4c55c-b52d-49d1-a2a5-03c60196fdca" testName="GetSingle_InvalidIdPropertyValueReturnsNotFound" computerName="VECTOR" duration="00:00:00.0040000" startTime="2018-07-16T17:13:01.5281014-04:00" endTime="2018-07-16T17:13:01.5281048-04:00" testType="13cdc9d9-ddb5-4fa4-a97d-d965ccfc6d4b" outcome="Passed" testListId="8c84fa94-04c1-424b-9868-57a2d4851a1d" relativeResultsDirectory="1b98b5eb-a189-4729-b99f-cdde1d60a5d5" /><UnitTestResult executionId="936291e0-c8a6-4578-a4c6-12aea67bad76" testId="bd11042c-ed5b-497a-901b-5fde750fc18f" testName="Put_CanUpdateModel" computerName="VECTOR" duration="00:00:00.2860000" startTime="2018-07-16T17:12:57.7954340-04:00" endTime="2018-07-16T17:12:57.7954406-04:00" testType="13cdc9d9-ddb5-4fa4-a97d-d965ccfc6d4b" outcome="Passed" testListId="8c84fa94-04c1-424b-9868-57a2d4851a1d" relativeResultsDirectory="936291e0-c8a6-4578-a4c6-12aea67bad76" /><UnitTestResult executionId="57c2ed94-a8e8-43be-bdc3-40b4539c0e3f" testId="ca39c4d0-ea21-467a-9257-e8bc41f64f0d" testName="Put_InvalidReferencePropertyReturndBadRequest" computerName="VECTOR" duration="00:00:00.0230000" startTime="2018-07-16T17:13:24.2628988-04:00" endTime="2018-07-16T17:13:24.2629042-04:00" testType="13cdc9d9-ddb5-4fa4-a97d-d965ccfc6d4b" outcome="Passed" testListId="8c84fa94-04c1-424b-9868-57a2d4851a1d" relativeResultsDirectory="57c2ed94-a8e8-43be-bdc3-40b4539c0e3f" /><UnitTestResult executionId="81a329e8-a720-4638-89b0-ba4b071c5e42" testId="019a8e81-a21d-4031-970b-76957d76ab34" testName="Put_InvalidIdReturnsNotFound" computerName="VECTOR" duration="00:00:00.0350000" startTime="2018-07-16T17:13:23.6449602-04:00" endTime="2018-07-16T17:13:23.6449838-04:00" testType="13cdc9d9-ddb5-4fa4-a97d-d965ccfc6d4b" outcome="Passed" testListId="8c84fa94-04c1-424b-9868-57a2d4851a1d" relativeResultsDirectory="81a329e8-a720-4638-89b0-ba4b071c5e42" /><UnitTestResult executionId="75970d80-6503-453c-ad89-170f64496633" testId="7a53fa7b-6fec-4f4a-bc0d-f7a6cedf0b9c" testName="Patch_TargetPropertyIsUpdated" computerName="VECTOR" duration="00:00:00.2830000" startTime="2018-07-16T17:12:57.5094049-04:00" endTime="2018-07-16T17:12:57.5094117-04:00" testType="13cdc9d9-ddb5-4fa4-a97d-d965ccfc6d4b" outcome="Passed" testListId="8c84fa94-04c1-424b-9868-57a2d4851a1d" relativeResultsDirectory="75970d80-6503-453c-ad89-170f64496633" /><UnitTestResult executionId="dbd35d96-6475-48bf-972a-aae0bdeab710" testId="1017ba29-38a2-4d76-acbe-35e300f637c9" testName="Patch_InvalidEnumPropertyValueReturnsBadRequest" computerName="VECTOR" duration="00:00:00.0090000" startTime="2018-07-16T17:13:00.9872687-04:00" endTime="2018-07-16T17:13:00.9872738-04:00" testType="13cdc9d9-ddb5-4fa4-a97d-d965ccfc6d4b" outcome="Passed" testListId="8c84fa94-04c1-424b-9868-57a2d4851a1d" relativeResultsDirectory="dbd35d96-6475-48bf-972a-aae0bdeab710" /><UnitTestResult executionId="7cb1b8b8-d428-4e8e-abdc-526123e379fc" testId="613c8db9-bcd0-4ef1-adc0-3977a8093db8" testName="Delete_TargetModelIsDeleted" computerName="VECTOR" duration="00:00:00.1800000" startTime="2018-07-16T17:13:23.8258945-04:00" endTime="2018-07-16T17:13:23.8259021-04:00" testType="13cdc9d9-ddb5-4fa4-a97d-d965ccfc6d4b" outcome="Passed" testListId="8c84fa94-04c1-424b-9868-57a2d4851a1d" relativeResultsDirectory="7cb1b8b8-d428-4e8e-abdc-526123e379fc" /><UnitTestResult executionId="6b7af3db-dae2-4da0-8b99-2a47dd608623" testId="3684ef16-9faa-4bef-8919-2f3198c29504" testName="GetSingle_ValidIdPropertyValueReturnsCorrectModel" computerName="VECTOR" duration="00:00:00.0090000" startTime="2018-07-16T17:12:50.2365808-04:00" endTime="2018-07-16T17:12:50.2365857-04:00" testType="13cdc9d9-ddb5-4fa4-a97d-d965ccfc6d4b" outcome="Passed" testListId="8c84fa94-04c1-424b-9868-57a2d4851a1d" relativeResultsDirectory="6b7af3db-dae2-4da0-8b99-2a47dd608623" /><UnitTestResult executionId="b3ddde34-2f85-43fe-af87-1dfda41fb2ac" testId="8b22d69c-12ef-4b32-a205-7e2594631002" testName="Post_InvalidReferencePropertyReturnsBadRequest" computerName="VECTOR" duration="00:00:00.0020000" startTime="2018-07-16T17:12:49.1308281-04:00" endTime="2018-07-16T17:12:49.1308287-04:00" testType="13cdc9d9-ddb5-4fa4-a97d-d965ccfc6d4b" outcome="Passed" testListId="8c84fa94-04c1-424b-9868-57a2d4851a1d" relativeResultsDirectory="b3ddde34-2f85-43fe-af87-1dfda41fb2ac" /><UnitTestResult executionId="e5449b76-f2f8-4021-8927-b9aaa89fac2d" testId="c8fc3917-a206-4b2d-8265-af50a686dd26" testName="Put_InvalidReferencePropertyReturndBadRequest" computerName="VECTOR" duration="00:00:00.0190000" startTime="2018-07-16T17:13:01.9798234-04:00" endTime="2018-07-16T17:13:01.9798279-04:00" testType="13cdc9d9-ddb5-4fa4-a97d-d965ccfc6d4b" outcome="Passed" testListId="8c84fa94-04c1-424b-9868-57a2d4851a1d" relativeResultsDirectory="e5449b76-f2f8-4021-8927-b9aaa89fac2d" /><UnitTestResult executionId="2c1bb01b-0fc1-4347-a27e-3d643814aca5" testId="6421a130-2140-45f2-8006-74bc56728ac3" testName="Put_CanUpdateModel" computerName="VECTOR" duration="00:00:00.8490000" startTime="2018-07-16T17:13:00.6775889-04:00" endTime="2018-07-16T17:13:00.6775955-04:00" testType="13cdc9d9-ddb5-4fa4-a97d-d965ccfc6d4b" outcome="Passed" testListId="8c84fa94-04c1-424b-9868-57a2d4851a1d" relativeResultsDirectory="2c1bb01b-0fc1-4347-a27e-3d643814aca5" /><UnitTestResult executionId="8967d7fa-0a4b-4e42-94f3-88f3a836b965" testId="a30c649a-36a2-4f78-81bb-f8b66ab3a6dd" testName="Post_InvalidReferencePropertyReturnsBadRequest" computerName="VECTOR" duration="00:00:00.0050000" startTime="2018-07-16T17:13:17.4921775-04:00" endTime="2018-07-16T17:13:17.4921804-04:00" testType="13cdc9d9-ddb5-4fa4-a97d-d965ccfc6d4b" outcome="Passed" testListId="8c84fa94-04c1-424b-9868-57a2d4851a1d" relativeResultsDirectory="8967d7fa-0a4b-4e42-94f3-88f3a836b965" /><UnitTestResult executionId="90869679-c042-4654-a77b-74581c776c80" testId="05967637-5040-4601-a047-57d62dad10e6" testName="Patch_MultipleInvalidReferencePropertiesReturnsMultipleValidationErrorsAndBadRequest" computerName="VECTOR" duration="00:00:00.0240000" startTime="2018-07-16T17:12:52.8371485-04:00" endTime="2018-07-16T17:12:52.8371542-04:00" testType="13cdc9d9-ddb5-4fa4-a97d-d965ccfc6d4b" outcome="Passed" testListId="8c84fa94-04c1-424b-9868-57a2d4851a1d" relativeResultsDirectory="90869679-c042-4654-a77b-74581c776c80" /><UnitTestResult executionId="c4a9a737-50e2-423a-a237-95957b09bef7" testId="be63e123-54ad-4b4c-9fd9-ef02f1f247f4" testName="GetFile_FileCanBeRoundTripped" computerName="VECTOR" duration="00:00:00.3600000" startTime="2018-07-16T17:12:55.5117450-04:00" endTime="2018-07-16T17:12:55.5117533-04:00" testType="13cdc9d9-ddb5-4fa4-a97d-d965ccfc6d4b" outcome="Passed" testListId="8c84fa94-04c1-424b-9868-57a2d4851a1d" relativeResultsDirectory="c4a9a737-50e2-423a-a237-95957b09bef7" /><UnitTestResult executionId="c5d3abb9-a514-43e8-a60b-785b1a4a34ed" testId="285adc9c-b3e1-4e95-8955-22805daf6a3a" testName="FileRequest_FileCanBeReadAfterRename" computerName="VECTOR" duration="00:00:00.4440000" startTime="2018-07-16T17:13:12.2266793-04:00" endTime="2018-07-16T17:13:12.2266856-04:00" testType="13cdc9d9-ddb5-4fa4-a97d-d965ccfc6d4b" outcome="Passed" testListId="8c84fa94-04c1-424b-9868-57a2d4851a1d" relativeResultsDirectory="c5d3abb9-a514-43e8-a60b-785b1a4a34ed" /><UnitTestResult executionId="6b60b3d8-3d69-46ed-9ed6-c74b5fb1adcf" testId="b29315a1-688d-44e6-8694-e05e59d14306" testName="Patch_InvalidEnumPropertyValueReturnsBadRequest" computerName="VECTOR" duration="00:00:00.0270000" startTime="2018-07-16T17:13:15.9177865-04:00" endTime="2018-07-16T17:13:15.9177922-04:00" testType="13cdc9d9-ddb5-4fa4-a97d-d965ccfc6d4b" outcome="Passed" testListId="8c84fa94-04c1-424b-9868-57a2d4851a1d" relativeResultsDirectory="6b60b3d8-3d69-46ed-9ed6-c74b5fb1adcf" /><UnitTestResult executionId="1ba3b2f2-3ee5-49e8-b6bc-2c735240941b" testId="31a1a6d7-08c7-4fce-a4f6-8a166b8762bf" testName="Post_InvalidReferencePropertyReturnsBadRequest" computerName="VECTOR" duration="00:00:00.0150000" startTime="2018-07-16T17:13:23.8981136-04:00" endTime="2018-07-16T17:13:23.8981196-04:00" testType="13cdc9d9-ddb5-4fa4-a97d-d965ccfc6d4b" outcome="Passed" testListId="8c84fa94-04c1-424b-9868-57a2d4851a1d" relativeResultsDirectory="1ba3b2f2-3ee5-49e8-b6bc-2c735240941b" /><UnitTestResult executionId="65c29f80-e6bf-4fe7-ba5e-586fea8de768" testId="ada45ddc-53ee-4462-a4e8-d199aac7ae37" testName="Put_ValidReferencePropertyUpdatesModel" computerName="VECTOR" duration="00:00:00.3000000" startTime="2018-07-16T17:13:00.9777185-04:00" endTime="2018-07-16T17:13:00.9777248-04:00" testType="13cdc9d9-ddb5-4fa4-a97d-d965ccfc6d4b" outcome="Passed" testListId="8c84fa94-04c1-424b-9868-57a2d4851a1d" relativeResultsDirectory="65c29f80-e6bf-4fe7-ba5e-586fea8de768" /><UnitTestResult executionId="10bfc3c7-80ff-4a01-8332-cb5bb7c52458" testId="ff68f2c7-ad2b-4699-98b9-cb9055a564f1" testName="Patch_InvalidIdPropertyReturnsNotFound" computerName="VECTOR" duration="00:00:00.0050000" startTime="2018-07-16T17:13:01.5235992-04:00" endTime="2018-07-16T17:13:01.5236032-04:00" testType="13cdc9d9-ddb5-4fa4-a97d-d965ccfc6d4b" outcome="Passed" testListId="8c84fa94-04c1-424b-9868-57a2d4851a1d" relativeResultsDirectory="10bfc3c7-80ff-4a01-8332-cb5bb7c52458" /><UnitTestResult executionId="338bf652-8154-4007-8737-beff786207e4" testId="b2cd3a99-4b23-4596-bc55-99a271ae9b94" testName="GetSingle_ValidIdPropertyValueReturnsCorrectModel" computerName="VECTOR" duration="00:00:00.0120000" startTime="2018-07-16T17:12:57.8263152-04:00" endTime="2018-07-16T17:12:57.8263189-04:00" testType="13cdc9d9-ddb5-4fa4-a97d-d965ccfc6d4b" outcome="Passed" testListId="8c84fa94-04c1-424b-9868-57a2d4851a1d" relativeResultsDirectory="338bf652-8154-4007-8737-beff786207e4" /><UnitTestResult executionId="50304915-6abc-43c0-9019-42c0a7da9d53" testId="4073fd72-1341-46fe-b4b9-1ec309432864" testName="PostFile_FileTimeStampIsUpdatedAfterFileIsPosted" computerName="VECTOR" duration="00:00:01.5150000" startTime="2018-07-16T17:13:07.3659562-04:00" endTime="2018-07-16T17:13:07.3659625-04:00" testType="13cdc9d9-ddb5-4fa4-a97d-d965ccfc6d4b" outcome="Passed" testListId="8c84fa94-04c1-424b-9868-57a2d4851a1d" relativeResultsDirectory="50304915-6abc-43c0-9019-42c0a7da9d53" /><UnitTestResult executionId="2f8b0f14-8a20-4f0a-b867-dcd88687f7e2" testId="f280612f-a14b-4775-85ea-46de9ae3413e" testName="Post_InvalidPropertyValueReturnsBadRequest" computerName="VECTOR" duration="00:00:00.0020000" startTime="2018-07-16T17:13:01.9821741-04:00" endTime="2018-07-16T17:13:01.9821772-04:00" testType="13cdc9d9-ddb5-4fa4-a97d-d965ccfc6d4b" outcome="Passed" testListId="8c84fa94-04c1-424b-9868-57a2d4851a1d" relativeResultsDirectory="2f8b0f14-8a20-4f0a-b867-dcd88687f7e2" /><UnitTestResult executionId="f3f831f3-83a2-436a-b26d-4a6786f76661" testId="0504afe7-1cf5-4ac7-b874-bef203df66e0" testName="Put_CanUpdateModel" computerName="VECTOR" duration="00:00:00.4110000" startTime="2018-07-16T17:12:51.7626589-04:00" endTime="2018-07-16T17:12:51.7626657-04:00" testType="13cdc9d9-ddb5-4fa4-a97d-d965ccfc6d4b" outcome="Passed" testListId="8c84fa94-04c1-424b-9868-57a2d4851a1d" relativeResultsDirectory="f3f831f3-83a2-436a-b26d-4a6786f76661" /><UnitTestResult executionId="fe2cb7c0-8f03-4774-963e-f0a676b22c91" testId="bb80f38e-ef58-4725-89ef-11307793b368" testName="Put_ValidReferencePropertyUpdatesModel" computerName="VECTOR" duration="00:00:00.2930000" startTime="2018-07-16T17:12:52.5043833-04:00" endTime="2018-07-16T17:12:52.5043899-04:00" testType="13cdc9d9-ddb5-4fa4-a97d-d965ccfc6d4b" outcome="Passed" testListId="8c84fa94-04c1-424b-9868-57a2d4851a1d" relativeResultsDirectory="fe2cb7c0-8f03-4774-963e-f0a676b22c91" /><UnitTestResult executionId="b4099804-a992-4704-966f-c6a2091c9ccb" testId="f7163abc-b742-4d73-bea5-150db4fb0770" testName="Put_CanUpdateModel" computerName="VECTOR" duration="00:00:00.3410000" startTime="2018-07-16T17:13:24.2390288-04:00" endTime="2018-07-16T17:13:24.2390347-04:00" testType="13cdc9d9-ddb5-4fa4-a97d-d965ccfc6d4b" outcome="Passed" testListId="8c84fa94-04c1-424b-9868-57a2d4851a1d" relativeResultsDirectory="b4099804-a992-4704-966f-c6a2091c9ccb" /><UnitTestResult executionId="979dc94a-11f5-4087-b2e5-449fa8cfe917" testId="98ce836c-bea9-4c16-a91d-5242e01f03ab" testName="Put_InvalidIdReturnsNotFound" computerName="VECTOR" duration="00:00:00.0380000" startTime="2018-07-16T17:12:50.2269236-04:00" endTime="2018-07-16T17:12:50.2269298-04:00" testType="13cdc9d9-ddb5-4fa4-a97d-d965ccfc6d4b" outcome="Passed" testListId="8c84fa94-04c1-424b-9868-57a2d4851a1d" relativeResultsDirectory="979dc94a-11f5-4087-b2e5-449fa8cfe917" /><UnitTestResult executionId="d3df176d-80da-4c49-bf65-4d2e89f8fdb4" testId="d4ceaff5-102b-4276-b7c4-a9cbb3bcde27" testName="Post_CanCreateNewModel" computerName="VECTOR" duration="00:00:00.1760000" startTime="2018-07-16T17:13:23.6094501-04:00" endTime="2018-07-16T17:13:23.6094615-04:00" testType="13cdc9d9-ddb5-4fa4-a97d-d965ccfc6d4b" outcome="Passed" testListId="8c84fa94-04c1-424b-9868-57a2d4851a1d" relativeResultsDirectory="d3df176d-80da-4c49-bf65-4d2e89f8fdb4" /><UnitTestResult executionId="86e2e95a-f309-40a2-a9b8-37a77902694d" testId="c9bbdf96-fd2a-4b1f-b767-d7c18a0cdcb5" testName="Put_InvalidIdReturnsNotFound" computerName="VECTOR" duration="00:00:00.0100000" startTime="2018-07-16T17:13:17.5089332-04:00" endTime="2018-07-16T17:13:17.5089386-04:00" testType="13cdc9d9-ddb5-4fa4-a97d-d965ccfc6d4b" outcome="Passed" testListId="8c84fa94-04c1-424b-9868-57a2d4851a1d" relativeResultsDirectory="86e2e95a-f309-40a2-a9b8-37a77902694d" /><UnitTestResult executionId="141914a1-eba0-47ec-a7c7-398db758c6e2" testId="3050b11b-fa8f-4fc0-b5d1-dcee2800ea35" testName="PostFile_FileTimeStampIsUpdatedAfterFileIsPosted" computerName="VECTOR" duration="00:00:01.4800000" startTime="2018-07-16T17:13:19.8596117-04:00" endTime="2018-07-16T17:13:19.8596174-04:00" testType="13cdc9d9-ddb5-4fa4-a97d-d965ccfc6d4b" outcome="Passed" testListId="8c84fa94-04c1-424b-9868-57a2d4851a1d" relativeResultsDirectory="141914a1-eba0-47ec-a7c7-398db758c6e2" /><UnitTestResult executionId="d1394a96-d532-43cb-b00b-f392ca61d947" testId="ed4cd4cc-ece8-4de0-9dbd-a4cbd8c3d26c" testName="GetSingle_ValidIdPropertyValueReturnsCorrectModel" computerName="VECTOR" duration="00:00:00.0090000" startTime="2018-07-16T17:12:51.8633937-04:00" endTime="2018-07-16T17:12:51.8633966-04:00" testType="13cdc9d9-ddb5-4fa4-a97d-d965ccfc6d4b" outcome="Passed" testListId="8c84fa94-04c1-424b-9868-57a2d4851a1d" relativeResultsDirectory="d1394a96-d532-43cb-b00b-f392ca61d947" /><UnitTestResult executionId="5d89b19b-eeee-441b-bdd3-ede1918a95c2" testId="a5da1832-427b-4c5b-9d7d-fce594d6e292" testName="Put_InvalidReferencePropertyReturndBadRequest" computerName="VECTOR" duration="00:00:00.0210000" startTime="2018-07-16T17:12:53.3278253-04:00" endTime="2018-07-16T17:12:53.3278290-04:00" testType="13cdc9d9-ddb5-4fa4-a97d-d965ccfc6d4b" outcome="Passed" testListId="8c84fa94-04c1-424b-9868-57a2d4851a1d" relativeResultsDirectory="5d89b19b-eeee-441b-bdd3-ede1918a95c2" /><UnitTestResult executionId="25a876cc-f58e-4063-809c-7b18d17d4d9c" testId="0009bf2e-426f-4dc7-969f-e3df0b9a31d1" testName="FileRequest_MeshIsInvalidatedAfterDepthBufferFileBecomesUnsynchronized" computerName="VECTOR" duration="00:00:02.7130000" startTime="2018-07-16T17:13:05.0314999-04:00" endTime="2018-07-16T17:13:05.0315119-04:00" testType="13cdc9d9-ddb5-4fa4-a97d-d965ccfc6d4b" outcome="Passed" testListId="8c84fa94-04c1-424b-9868-57a2d4851a1d" relativeResultsDirectory="25a876cc-f58e-4063-809c-7b18d17d4d9c" /><UnitTestResult executionId="cdeb1231-cac2-4334-9a5f-e6e27ea0cf04" testId="dea91884-cb37-4a8f-bf3f-6fecb3e2da7a" testName="Post_CanCreateNewModel" computerName="VECTOR" duration="00:00:00.2000000" startTime="2018-07-16T17:13:16.6985610-04:00" endTime="2018-07-16T17:13:16.6985684-04:00" testType="13cdc9d9-ddb5-4fa4-a97d-d965ccfc6d4b" outcome="Passed" testListId="8c84fa94-04c1-424b-9868-57a2d4851a1d" relativeResultsDirectory="cdeb1231-cac2-4334-9a5f-e6e27ea0cf04" /><UnitTestResult executionId="20c60b88-dd54-4931-b46e-32e552274b1b" testId="224d6992-5ed6-4e50-a7a2-caed2fca01c2" testName="Patch_TargetPropertyIsUpdated" computerName="VECTOR" duration="00:00:00.2820000" startTime="2018-07-16T17:12:49.8771421-04:00" endTime="2018-07-16T17:12:49.8771483-04:00" testType="13cdc9d9-ddb5-4fa4-a97d-d965ccfc6d4b" outcome="Passed" testListId="8c84fa94-04c1-424b-9868-57a2d4851a1d" relativeResultsDirectory="20c60b88-dd54-4931-b46e-32e552274b1b" /><UnitTestResult executionId="125fc3b3-06cf-4882-b658-32ef045e9ea6" testId="9bb63e2c-ddc2-4405-8e83-671691c840b1" testName="Patch_ValidReferencePropertyUpdatesModel" computerName="VECTOR" duration="00:00:00.3470000" startTime="2018-07-16T17:12:52.2113260-04:00" endTime="2018-07-16T17:12:52.2113334-04:00" testType="13cdc9d9-ddb5-4fa4-a97d-d965ccfc6d4b" outcome="Passed" testListId="8c84fa94-04c1-424b-9868-57a2d4851a1d" relativeResultsDirectory="125fc3b3-06cf-4882-b658-32ef045e9ea6" /><UnitTestResult executionId="0936f85a-47fc-481d-b2f8-b389d8f3d717" testId="041bc4fb-c359-4ac4-a797-f2991d6b1c35" testName="Delete_TargetModelIsDeleted" computerName="VECTOR" duration="00:00:00.1950000" startTime="2018-07-16T17:12:53.3063056-04:00" endTime="2018-07-16T17:12:53.3063125-04:00" testType="13cdc9d9-ddb5-4fa4-a97d-d965ccfc6d4b" outcome="Passed" testListId="8c84fa94-04c1-424b-9868-57a2d4851a1d" relativeResultsDirectory="0936f85a-47fc-481d-b2f8-b389d8f3d717" /><UnitTestResult executionId="14018963-20f7-41fc-81c6-3b4305306271" testId="eb0da9f0-6755-4522-9c69-cfa63700b0e9" testName="Patch_InvalidPropertyNameReturnsBadRequest" computerName="VECTOR" duration="00:00:00.0190000" startTime="2018-07-16T17:12:55.7039600-04:00" endTime="2018-07-16T17:12:55.7039663-04:00" testType="13cdc9d9-ddb5-4fa4-a97d-d965ccfc6d4b" outcome="Passed" testListId="8c84fa94-04c1-424b-9868-57a2d4851a1d" relativeResultsDirectory="14018963-20f7-41fc-81c6-3b4305306271" /><UnitTestResult executionId="c5a703d7-9cd4-4d1a-935a-42affbaad093" testId="9fee7613-4de9-4695-bdd6-7f7e304147c6" testName="Put_ValidReferencePropertyUpdatesModel" computerName="VECTOR" duration="00:00:00.4330000" startTime="2018-07-16T17:12:56.6870574-04:00" endTime="2018-07-16T17:12:56.6870637-04:00" testType="13cdc9d9-ddb5-4fa4-a97d-d965ccfc6d4b" outcome="Passed" testListId="8c84fa94-04c1-424b-9868-57a2d4851a1d" relativeResultsDirectory="c5a703d7-9cd4-4d1a-935a-42affbaad093" /><UnitTestResult executionId="d0724c85-7b28-4962-bb54-bf588d9a0387" testId="a4f84300-63d8-4ebc-9335-229e4ad5f497" testName="Put_InvalidReferencePropertyReturndBadRequest" computerName="VECTOR" duration="00:00:00.0020000" startTime="2018-07-16T17:12:50.6219450-04:00" endTime="2018-07-16T17:12:50.6219476-04:00" testType="13cdc9d9-ddb5-4fa4-a97d-d965ccfc6d4b" outcome="Passed" testListId="8c84fa94-04c1-424b-9868-57a2d4851a1d" relativeResultsDirectory="d0724c85-7b28-4962-bb54-bf588d9a0387" /><UnitTestResult executionId="18b9e264-1752-46e4-8426-c0a12c451ef2" testId="d12d6d3b-3467-4203-9bbe-20712d0a79a3" testName="GetList_ListReturnsCorrectCount" computerName="VECTOR" duration="00:00:00.0710000" startTime="2018-07-16T17:12:50.6183330-04:00" endTime="2018-07-16T17:12:50.6183395-04:00" testType="13cdc9d9-ddb5-4fa4-a97d-d965ccfc6d4b" outcome="Passed" testListId="8c84fa94-04c1-424b-9868-57a2d4851a1d" relativeResultsDirectory="18b9e264-1752-46e4-8426-c0a12c451ef2" /><UnitTestResult executionId="d8cabef3-f545-4538-844d-d894ae0f54e0" testId="74aa29e9-2e3e-495a-a537-51ffa19b0685" testName="Patch_InvalidReferencePropertyReturnsBadRequest" computerName="VECTOR" duration="00:00:00.0020000" startTime="2018-07-16T17:12:49.8813193-04:00" endTime="2018-07-16T17:12:49.8813215-04:00" testType="13cdc9d9-ddb5-4fa4-a97d-d965ccfc6d4b" outcome="Passed" testListId="8c84fa94-04c1-424b-9868-57a2d4851a1d" relativeResultsDirectory="d8cabef3-f545-4538-844d-d894ae0f54e0" /><UnitTestResult executionId="ae2be0f5-fb29-43e5-8b00-88427b0d23c2" testId="d600bdbb-9d2f-4984-a24d-7a000f9eaeb1" testName="PostFile_FileTimeStampIsUpdatedAfterFileIsPosted" computerName="VECTOR" duration="00:00:00.0010000" startTime="2018-07-16T17:12:53.3289584-04:00" endTime="2018-07-16T17:12:53.3289610-04:00" testType="13cdc9d9-ddb5-4fa4-a97d-d965ccfc6d4b" outcome="Passed" testListId="8c84fa94-04c1-424b-9868-57a2d4851a1d" relativeResultsDirectory="ae2be0f5-fb29-43e5-8b00-88427b0d23c2" /><UnitTestResult executionId="b88b3f39-3c25-4201-bc34-cabfe41f9d85" testId="37c9e851-5827-46bf-a342-e6661bb5f099" testName="Patch_TargetPropertyIsUpdated" computerName="VECTOR" duration="00:00:00.3250000" startTime="2018-07-16T17:13:25.5311860-04:00" endTime="2018-07-16T17:13:25.5311934-04:00" testType="13cdc9d9-ddb5-4fa4-a97d-d965ccfc6d4b" outcome="Passed" testListId="8c84fa94-04c1-424b-9868-57a2d4851a1d" relativeResultsDirectory="b88b3f39-3c25-4201-bc34-cabfe41f9d85" /><UnitTestResult executionId="2f64f8ec-5f9e-436b-96c6-027d324095b2" testId="0816a476-43bb-448f-84db-2e0eaf0cfe76" testName="GetList_ListReturnsCorrectCount" computerName="VECTOR" duration="00:00:00.4700000" startTime="2018-07-16T17:12:58.3080748-04:00" endTime="2018-07-16T17:12:58.3080802-04:00" testType="13cdc9d9-ddb5-4fa4-a97d-d965ccfc6d4b" outcome="Passed" testListId="8c84fa94-04c1-424b-9868-57a2d4851a1d" relativeResultsDirectory="2f64f8ec-5f9e-436b-96c6-027d324095b2" /><UnitTestResult executionId="b0f78620-399c-4e92-993b-6ef60dfcd287" testId="69faf68b-cb73-4ddb-b5ec-5b3b59f8736a" testName="Patch_InvalidEnumPropertyValueReturnsBadRequest" computerName="VECTOR" duration="00:00:00.0010000" startTime="2018-07-16T17:12:56.9433066-04:00" endTime="2018-07-16T17:12:56.9433097-04:00" testType="13cdc9d9-ddb5-4fa4-a97d-d965ccfc6d4b" outcome="Passed" testListId="8c84fa94-04c1-424b-9868-57a2d4851a1d" relativeResultsDirectory="b0f78620-399c-4e92-993b-6ef60dfcd287" /><UnitTestResult executionId="2dcc15a6-d32a-4c39-9d99-f6de824064f5" testId="b8c159ea-e0a1-4172-91c3-123381c822b0" testName="Post_CanCreateNewModel" computerName="VECTOR" duration="00:00:00.1810000" startTime="2018-07-16T17:13:01.4918692-04:00" endTime="2018-07-16T17:13:01.4918754-04:00" testType="13cdc9d9-ddb5-4fa4-a97d-d965ccfc6d4b" outcome="Passed" testListId="8c84fa94-04c1-424b-9868-57a2d4851a1d" relativeResultsDirectory="2dcc15a6-d32a-4c39-9d99-f6de824064f5" /><UnitTestResult executionId="6de5ba4f-e31f-4bae-b09a-39812c9fd387" testId="074d30f5-d940-48dd-b1ae-6fdd405204cf" testName="LucyCameraFindsAllDependents" computerName="VECTOR" duration="00:00:00.0080000" startTime="2018-07-16T17:12:48.6608761-04:00" endTime="2018-07-16T17:12:48.6608821-04:00" testType="13cdc9d9-ddb5-4fa4-a97d-d965ccfc6d4b" outcome="Passed" testListId="8c84fa94-04c1-424b-9868-57a2d4851a1d" relativeResultsDirectory="6de5ba4f-e31f-4bae-b09a-39812c9fd387" /><UnitTestResult executionId="27407a61-1a91-4427-aeb5-e883f3011370" testId="0c1e601b-b3a3-459c-82e1-04a229f84048" testName="FileRequest_MeshGenerateScalesDepthBufferByUnsharpHighFrequencyScale" computerName="VECTOR" duration="00:00:03.6610000" startTime="2018-07-16T17:13:15.8885999-04:00" endTime="2018-07-16T17:13:15.8886118-04:00" testType="13cdc9d9-ddb5-4fa4-a97d-d965ccfc6d4b" outcome="Passed" testListId="8c84fa94-04c1-424b-9868-57a2d4851a1d" relativeResultsDirectory="27407a61-1a91-4427-aeb5-e883f3011370" /><UnitTestResult executionId="35795f29-027e-4d10-b660-a84b3817edfd" testId="536e35f9-c787-4524-ac0f-29d9d6e1332e" testName="Patch_MultipleInvalidReferencePropertiesReturnsMultipleValidationErrorsAndBadRequest" computerName="VECTOR" duration="00:00:00.0160000" startTime="2018-07-16T17:12:56.0130980-04:00" endTime="2018-07-16T17:12:56.0131014-04:00" testType="13cdc9d9-ddb5-4fa4-a97d-d965ccfc6d4b" outcome="Passed" testListId="8c84fa94-04c1-424b-9868-57a2d4851a1d" relativeResultsDirectory="35795f29-027e-4d10-b660-a84b3817edfd" /><UnitTestResult executionId="85e2033d-7e46-4939-a5c5-6864b039a178" testId="d839a269-55a6-4634-b083-7318d93c42ff" testName="FileRequest_FileCanBeReadAfterRename" computerName="VECTOR" duration="00:00:00.4760000" startTime="2018-07-16T17:12:54.7800897-04:00" endTime="2018-07-16T17:12:54.7800985-04:00" testType="13cdc9d9-ddb5-4fa4-a97d-d965ccfc6d4b" outcome="Passed" testListId="8c84fa94-04c1-424b-9868-57a2d4851a1d" relativeResultsDirectory="85e2033d-7e46-4939-a5c5-6864b039a178" /><UnitTestResult executionId="235bf3a8-f0bd-4c18-9c7f-96c2c44d47b9" testId="ff3f7164-1841-4885-b979-293f27e87c24" testName="Patch_InvalidReferencePropertyReturnsBadRequest" computerName="VECTOR" duration="00:00:00.0230000" startTime="2018-07-16T17:13:24.8797847-04:00" endTime="2018-07-16T17:13:24.8797907-04:00" testType="13cdc9d9-ddb5-4fa4-a97d-d965ccfc6d4b" outcome="Passed" testListId="8c84fa94-04c1-424b-9868-57a2d4851a1d" relativeResultsDirectory="235bf3a8-f0bd-4c18-9c7f-96c2c44d47b9" /><UnitTestResult executionId="0ef08cee-68ca-456e-a389-7208f3f5ea69" testId="31edd23e-72c9-4f6f-a394-5bc25c35e2e3" testName="Patch_ValidReferencePropertyUpdatesModel" computerName="VECTOR" duration="00:00:00.3360000" startTime="2018-07-16T17:13:24.8563653-04:00" endTime="2018-07-16T17:13:24.8563709-04:00" testType="13cdc9d9-ddb5-4fa4-a97d-d965ccfc6d4b" outcome="Passed" testListId="8c84fa94-04c1-424b-9868-57a2d4851a1d" relativeResultsDirectory="0ef08cee-68ca-456e-a389-7208f3f5ea69" /><UnitTestResult executionId="589114ca-4fd2-4f1d-bf66-4102f19aea48" testId="d1ef8cbe-57ec-45a6-8172-647e1486d235" testName="Put_ValidReferencePropertyUpdatesModel" computerName="VECTOR" duration="00:00:00.0020000" startTime="2018-07-16T17:12:49.8795743-04:00" endTime="2018-07-16T17:12:49.8795775-04:00" testType="13cdc9d9-ddb5-4fa4-a97d-d965ccfc6d4b" outcome="Passed" testListId="8c84fa94-04c1-424b-9868-57a2d4851a1d" relativeResultsDirectory="589114ca-4fd2-4f1d-bf66-4102f19aea48" /><UnitTestResult executionId="68175939-3e2e-44f1-ac0a-4f1367ebee4c" testId="ef783930-4c7c-4714-b612-819b6d07d8a7" testName="GetList_ListReturnsCorrectCount" computerName="VECTOR" duration="00:00:00.0460000" startTime="2018-07-16T17:13:23.8723110-04:00" endTime="2018-07-16T17:13:23.8723167-04:00" testType="13cdc9d9-ddb5-4fa4-a97d-d965ccfc6d4b" outcome="Passed" testListId="8c84fa94-04c1-424b-9868-57a2d4851a1d" relativeResultsDirectory="68175939-3e2e-44f1-ac0a-4f1367ebee4c" /><UnitTestResult executionId="cebf82ae-fe09-4995-a3b9-534558805fa3" testId="d077847c-aad5-409f-a68b-5287f321c4bc" testName="Patch_InvalidPropertyNameReturnsBadRequest" computerName="VECTOR" duration="00:00:00.0070000" startTime="2018-07-16T17:13:01.5183967-04:00" endTime="2018-07-16T17:13:01.5184018-04:00" testType="13cdc9d9-ddb5-4fa4-a97d-d965ccfc6d4b" outcome="Passed" testListId="8c84fa94-04c1-424b-9868-57a2d4851a1d" relativeResultsDirectory="cebf82ae-fe09-4995-a3b9-534558805fa3" /><UnitTestResult executionId="b0612d73-08c2-405b-8b6a-15d894658091" testId="9c0b09fa-63ff-40fd-9f1d-511a8798b11c" testName="PutFile_FileCanBeUpdated" computerName="VECTOR" duration="00:00:00.4670000" startTime="2018-07-16T17:13:05.8274213-04:00" endTime="2018-07-16T17:13:05.8274279-04:00" testType="13cdc9d9-ddb5-4fa4-a97d-d965ccfc6d4b" outcome="Passed" testListId="8c84fa94-04c1-424b-9868-57a2d4851a1d" relativeResultsDirectory="b0612d73-08c2-405b-8b6a-15d894658091" /><UnitTestResult executionId="f9a25b63-e52b-40ae-bc99-0e87998b3ef5" testId="b0f84fd0-1192-4d0e-88de-e753e46ce3b9" testName="Post_InvalidReferencePropertyReturnsBadRequest" computerName="VECTOR" duration="00:00:00.0100000" startTime="2018-07-16T17:12:57.8367158-04:00" endTime="2018-07-16T17:12:57.8367204-04:00" testType="13cdc9d9-ddb5-4fa4-a97d-d965ccfc6d4b" outcome="Passed" testListId="8c84fa94-04c1-424b-9868-57a2d4851a1d" relativeResultsDirectory="f9a25b63-e52b-40ae-bc99-0e87998b3ef5" /><UnitTestResult executionId="95708dcf-6295-4fb8-aa97-b4b0fb1906d9" testId="cc75f272-0d55-4ecd-8f20-b013e85686aa" testName="DepthBufferHasExpectedDependentFiles" computerName="VECTOR" duration="00:00:00.0010000" startTime="2018-07-16T17:12:48.6648834-04:00" endTime="2018-07-16T17:12:48.6648857-04:00" testType="13cdc9d9-ddb5-4fa4-a97d-d965ccfc6d4b" outcome="Passed" testListId="8c84fa94-04c1-424b-9868-57a2d4851a1d" relativeResultsDirectory="95708dcf-6295-4fb8-aa97-b4b0fb1906d9" /><UnitTestResult executionId="aa4e2691-a5a0-4897-958b-bca7ff0cce4f" testId="0f80caa4-9af6-4d27-9144-192625eef487" testName="Patch_InvalidReferencePropertyReturnsBadRequest" computerName="VECTOR" duration="00:00:00.0160000" startTime="2018-07-16T17:12:56.2171541-04:00" endTime="2018-07-16T17:12:56.2171603-04:00" testType="13cdc9d9-ddb5-4fa4-a97d-d965ccfc6d4b" outcome="Passed" testListId="8c84fa94-04c1-424b-9868-57a2d4851a1d" relativeResultsDirectory="aa4e2691-a5a0-4897-958b-bca7ff0cce4f" /><UnitTestResult executionId="874c6ac3-0e62-4f61-8c31-fdfe6fed6356" testId="ea0b66a2-f8f5-42dc-86a9-b93a6373b9de" testName="Delete_TargetModelIsDeleted" computerName="VECTOR" duration="00:00:00.2140000" startTime="2018-07-16T17:13:01.9490447-04:00" endTime="2018-07-16T17:13:01.9490521-04:00" testType="13cdc9d9-ddb5-4fa4-a97d-d965ccfc6d4b" outcome="Passed" testListId="8c84fa94-04c1-424b-9868-57a2d4851a1d" relativeResultsDirectory="874c6ac3-0e62-4f61-8c31-fdfe6fed6356" /><UnitTestResult executionId="4fe5d726-ba85-4ce7-9a7f-3d8b25966304" testId="b1efe4b6-0ea6-4fa2-be6c-b31e1f131c73" testName="Post_InvalidReferencePropertyReturnsBadRequest" computerName="VECTOR" duration="00:00:00.0710000" startTime="2018-07-16T17:12:50.7106077-04:00" endTime="2018-07-16T17:12:50.7106179-04:00" testType="13cdc9d9-ddb5-4fa4-a97d-d965ccfc6d4b" outcome="Passed" testListId="8c84fa94-04c1-424b-9868-57a2d4851a1d" relativeResultsDirectory="4fe5d726-ba85-4ce7-9a7f-3d8b25966304" /><UnitTestResult executionId="63c628b2-af5b-46d3-a5dd-47270bce2017" testId="bb694863-f415-4ba4-9831-05dfa7a73cc7" testName="Put_ValidReferencePropertyUpdatesModel" computerName="VECTOR" duration="00:00:00.3250000" startTime="2018-07-16T17:13:25.2056609-04:00" endTime="2018-07-16T17:13:25.2056672-04:00" testType="13cdc9d9-ddb5-4fa4-a97d-d965ccfc6d4b" outcome="Passed" testListId="8c84fa94-04c1-424b-9868-57a2d4851a1d" relativeResultsDirectory="63c628b2-af5b-46d3-a5dd-47270bce2017" /><UnitTestResult executionId="ba30f3b3-a14a-469b-ab12-4ef33ba31a4b" testId="fa85a849-e36d-4336-8984-787a7f28d3af" testName="PutFile_NewFileCanBePut" computerName="VECTOR" duration="00:00:00.3390000" startTime="2018-07-16T17:12:53.6680368-04:00" endTime="2018-07-16T17:12:53.6680431-04:00" testType="13cdc9d9-ddb5-4fa4-a97d-d965ccfc6d4b" outcome="Passed" testListId="8c84fa94-04c1-424b-9868-57a2d4851a1d" relativeResultsDirectory="ba30f3b3-a14a-469b-ab12-4ef33ba31a4b" /><UnitTestResult executionId="c5d97ddc-ae77-4b3e-91db-8f819f284bda" testId="9af66206-c45a-40a9-b5c7-fd0fe69bae26" testName="Post_InvalidReferencePropertyReturnsBadRequest" computerName="VECTOR" duration="00:00:00.0060000" startTime="2018-07-16T17:13:01.5346441-04:00" endTime="2018-07-16T17:13:01.5346475-04:00" testType="13cdc9d9-ddb5-4fa4-a97d-d965ccfc6d4b" outcome="Passed" testListId="8c84fa94-04c1-424b-9868-57a2d4851a1d" relativeResultsDirectory="c5d97ddc-ae77-4b3e-91db-8f819f284bda" /><UnitTestResult executionId="863fd31c-1daa-462f-a6db-06c1d8f787a8" testId="d61e7794-a2bd-48d1-91fe-013bbc79f18f" testName="Put_InvalidIdReturnsNotFound" computerName="VECTOR" duration="00:00:00.0510000" startTime="2018-07-16T17:12:51.8455054-04:00" endTime="2018-07-16T17:12:51.8455123-04:00" testType="13cdc9d9-ddb5-4fa4-a97d-d965ccfc6d4b" outcome="Passed" testListId="8c84fa94-04c1-424b-9868-57a2d4851a1d" relativeResultsDirectory="863fd31c-1daa-462f-a6db-06c1d8f787a8" /><UnitTestResult executionId="f78ed297-f70e-40a5-835b-26f88388ace4" testId="23d10de5-399f-4c1b-a699-ea4195c3497f" testName="Post_CanCreateNewModel" computerName="VECTOR" duration="00:00:00.3070000" startTime="2018-07-16T17:12:50.1882304-04:00" endTime="2018-07-16T17:12:50.1882364-04:00" testType="13cdc9d9-ddb5-4fa4-a97d-d965ccfc6d4b" outcome="Passed" testListId="8c84fa94-04c1-424b-9868-57a2d4851a1d" relativeResultsDirectory="f78ed297-f70e-40a5-835b-26f88388ace4" /><UnitTestResult executionId="fa44f0b4-07c8-4520-b4d1-d1ec42c8f3af" testId="e6023c93-523a-470a-97fb-0e08a656ea5c" testName="PostFile_FileIsSynchronizedIsUpdatedAfterFileIsPosted" computerName="VECTOR" duration="00:00:00.3160000" startTime="2018-07-16T17:13:11.7823304-04:00" endTime="2018-07-16T17:13:11.7823381-04:00" testType="13cdc9d9-ddb5-4fa4-a97d-d965ccfc6d4b" outcome="Passed" testListId="8c84fa94-04c1-424b-9868-57a2d4851a1d" relativeResultsDirectory="fa44f0b4-07c8-4520-b4d1-d1ec42c8f3af" /><UnitTestResult executionId="c9fec211-534b-4f27-a3dc-734510ae24f9" testId="4d237a4b-2de9-4aa4-bfa4-2a032da594c2" testName="Patch_MultipleInvalidReferencePropertiesReturnsMultipleValidationErrorsAndBadRequest" computerName="VECTOR" duration="00:00:00.0020000" startTime="2018-07-16T17:12:50.6202638-04:00" endTime="2018-07-16T17:12:50.6202663-04:00" testType="13cdc9d9-ddb5-4fa4-a97d-d965ccfc6d4b" outcome="Passed" testListId="8c84fa94-04c1-424b-9868-57a2d4851a1d" relativeResultsDirectory="c9fec211-534b-4f27-a3dc-734510ae24f9" /><UnitTestResult executionId="effbb7fb-5d64-422a-b87f-e4d490bc4ee7" testId="dc0662fc-ee9d-4b3e-8154-8c78044976f2" testName="Post_ValidReferencePropertyCreatesModel" computerName="VECTOR" duration="00:00:00.2280000" startTime="2018-07-16T17:12:56.9208238-04:00" endTime="2018-07-16T17:12:56.9208303-04:00" testType="13cdc9d9-ddb5-4fa4-a97d-d965ccfc6d4b" outcome="Passed" testListId="8c84fa94-04c1-424b-9868-57a2d4851a1d" relativeResultsDirectory="effbb7fb-5d64-422a-b87f-e4d490bc4ee7" /><UnitTestResult executionId="dffb4766-8471-4158-8865-25674f1ba71d" testId="19d83080-2678-46b6-9c32-c17c14f14200" testName="Patch_InvalidIdPropertyReturnsNotFound" computerName="VECTOR" duration="00:00:00.0070000" startTime="2018-07-16T17:12:50.6293462-04:00" endTime="2018-07-16T17:12:50.6293502-04:00" testType="13cdc9d9-ddb5-4fa4-a97d-d965ccfc6d4b" outcome="Passed" testListId="8c84fa94-04c1-424b-9868-57a2d4851a1d" relativeResultsDirectory="dffb4766-8471-4158-8865-25674f1ba71d" /><UnitTestResult executionId="12b78230-ed26-4a43-bbe5-89170dc17f44" testId="d0df3fda-b279-4687-8e20-262935deca3c" testName="Patch_TargetPropertyIsUpdated" computerName="VECTOR" duration="00:00:00.6400000" startTime="2018-07-16T17:12:51.3511640-04:00" endTime="2018-07-16T17:12:51.3511706-04:00" testType="13cdc9d9-ddb5-4fa4-a97d-d965ccfc6d4b" outcome="Passed" testListId="8c84fa94-04c1-424b-9868-57a2d4851a1d" relativeResultsDirectory="12b78230-ed26-4a43-bbe5-89170dc17f44" /><UnitTestResult executionId="31190bb3-7d56-4308-92d2-3f31e9807a64" testId="97233e97-6fe6-42ab-bfba-d85facab5bfc" testName="PutFile_FileCanBeUpdated" computerName="VECTOR" duration="00:00:00.5280000" startTime="2018-07-16T17:12:54.1965615-04:00" endTime="2018-07-16T17:12:54.1965697-04:00" testType="13cdc9d9-ddb5-4fa4-a97d-d965ccfc6d4b" outcome="Passed" testListId="8c84fa94-04c1-424b-9868-57a2d4851a1d" relativeResultsDirectory="31190bb3-7d56-4308-92d2-3f31e9807a64" /><UnitTestResult executionId="418a5f58-bf41-4e5b-871f-ad69d70982ac" testId="5148bf65-6e4c-4c29-85c1-f66a38319a56" testName="GetList_ListReturnsCorrectCount" computerName="VECTOR" duration="00:00:00.0580000" startTime="2018-07-16T17:12:52.8951445-04:00" endTime="2018-07-16T17:12:52.8951499-04:00" testType="13cdc9d9-ddb5-4fa4-a97d-d965ccfc6d4b" outcome="Passed" testListId="8c84fa94-04c1-424b-9868-57a2d4851a1d" relativeResultsDirectory="418a5f58-bf41-4e5b-871f-ad69d70982ac" /><UnitTestResult executionId="af38f4e9-55e4-4d3e-9ba8-1ccf64aaad40" testId="c3a961c3-f6a1-41c2-8a21-ae081f73b753" testName="Delete_TargetModelIsDeleted" computerName="VECTOR" duration="00:00:00.3160000" startTime="2018-07-16T17:13:16.4919006-04:00" endTime="2018-07-16T17:13:16.4919087-04:00" testType="13cdc9d9-ddb5-4fa4-a97d-d965ccfc6d4b" outcome="Passed" testListId="8c84fa94-04c1-424b-9868-57a2d4851a1d" relativeResultsDirectory="af38f4e9-55e4-4d3e-9ba8-1ccf64aaad40" /><UnitTestResult executionId="8e50f0a1-5448-4372-8d6a-8e40259a11e3" testId="0042a7a7-a2c3-482d-9e3f-91d9fbd275ff" testName="Patch_InvalidIdPropertyReturnsNotFound" computerName="VECTOR" duration="00:00:00.0050000" startTime="2018-07-16T17:13:24.5106946-04:00" endTime="2018-07-16T17:13:24.5106980-04:00" testType="13cdc9d9-ddb5-4fa4-a97d-d965ccfc6d4b" outcome="Passed" testListId="8c84fa94-04c1-424b-9868-57a2d4851a1d" relativeResultsDirectory="8e50f0a1-5448-4372-8d6a-8e40259a11e3" /><UnitTestResult executionId="3f06b133-cfde-41de-91a5-711a87e8daf2" testId="d8024b25-f7fd-425f-973e-54dd51728fda" testName="Put_InvalidReferencePropertyReturndBadRequest" computerName="VECTOR" duration="00:00:00.1390000" startTime="2018-07-16T17:13:16.1758469-04:00" endTime="2018-07-16T17:13:16.1758529-04:00" testType="13cdc9d9-ddb5-4fa4-a97d-d965ccfc6d4b" outcome="Passed" testListId="8c84fa94-04c1-424b-9868-57a2d4851a1d" relativeResultsDirectory="3f06b133-cfde-41de-91a5-711a87e8daf2" /><UnitTestResult executionId="c3dd70f5-b156-44db-957b-760e793084ec" testId="d06e5176-dedf-4be1-8e6f-68e03f6cf0d5" testName="Post_ValidReferencePropertyCreatesModel" computerName="VECTOR" duration="00:00:00.2100000" startTime="2018-07-16T17:13:24.4732807-04:00" endTime="2018-07-16T17:13:24.4732889-04:00" testType="13cdc9d9-ddb5-4fa4-a97d-d965ccfc6d4b" outcome="Passed" testListId="8c84fa94-04c1-424b-9868-57a2d4851a1d" relativeResultsDirectory="c3dd70f5-b156-44db-957b-760e793084ec" /><UnitTestResult executionId="b40c1268-a8d0-4203-8f26-ef43c0e1d5b1" testId="6d5a0b6f-e7b6-4576-90c8-2c9509cbaf72" testName="Patch_TargetPropertyIsUpdated" computerName="VECTOR" duration="00:00:00.3230000" startTime="2018-07-16T17:13:01.3109727-04:00" endTime="2018-07-16T17:13:01.3109792-04:00" testType="13cdc9d9-ddb5-4fa4-a97d-d965ccfc6d4b" outcome="Passed" testListId="8c84fa94-04c1-424b-9868-57a2d4851a1d" relativeResultsDirectory="b40c1268-a8d0-4203-8f26-ef43c0e1d5b1" /><UnitTestResult executionId="263c47f9-ad1d-4da5-b63c-738fd578d3ee" testId="2840e5d9-90ee-4d32-ad67-92b5eb1acbdc" testName="Model3dHasExpectedDependentFiles" computerName="VECTOR" duration="00:00:00.0310000" startTime="2018-07-16T17:12:48.2770110-04:00" endTime="2018-07-16T17:12:48.2770181-04:00" testType="13cdc9d9-ddb5-4fa4-a97d-d965ccfc6d4b" outcome="Passed" testListId="8c84fa94-04c1-424b-9868-57a2d4851a1d" relativeResultsDirectory="263c47f9-ad1d-4da5-b63c-738fd578d3ee" /><UnitTestResult executionId="07181771-e28a-44e3-8b0a-94cf78f06e7e" testId="f1831884-42f7-4345-a26f-306acbadd79a" testName="GetSingle_InvalidIdPropertyValueReturnsNotFound" computerName="VECTOR" duration="00:00:00.0090000" startTime="2018-07-16T17:13:17.8488640-04:00" endTime="2018-07-16T17:13:17.8488688-04:00" testType="13cdc9d9-ddb5-4fa4-a97d-d965ccfc6d4b" outcome="Passed" testListId="8c84fa94-04c1-424b-9868-57a2d4851a1d" relativeResultsDirectory="07181771-e28a-44e3-8b0a-94cf78f06e7e" /><UnitTestResult executionId="842e883b-ea8e-4df7-bbec-b07b716cec22" testId="9daff0e4-5453-49e1-8018-5c00d8afc7ca" testName="GetFile_ExistingFileReturnsSuccess" computerName="VECTOR" duration="00:00:00.1060000" startTime="2018-07-16T17:12:54.3034589-04:00" endTime="2018-07-16T17:12:54.3034657-04:00" testType="13cdc9d9-ddb5-4fa4-a97d-d965ccfc6d4b" outcome="Passed" testListId="8c84fa94-04c1-424b-9868-57a2d4851a1d" relativeResultsDirectory="842e883b-ea8e-4df7-bbec-b07b716cec22" /><UnitTestResult executionId="d90668c6-0ae5-485e-a0ed-5924ecf09503" testId="7b4e5da4-fcc3-4c57-92cf-96c13f72b1bc" testName="GetFile_NonExistentFileReturnsNotFound" computerName="VECTOR" duration="00:00:00.0180000" startTime="2018-07-16T17:12:55.5302485-04:00" endTime="2018-07-16T17:12:55.5302570-04:00" testType="13cdc9d9-ddb5-4fa4-a97d-d965ccfc6d4b" outcome="Passed" testListId="8c84fa94-04c1-424b-9868-57a2d4851a1d" relativeResultsDirectory="d90668c6-0ae5-485e-a0ed-5924ecf09503" /><UnitTestResult executionId="026b5a41-c0db-4960-ab8a-50b7432926c9" testId="50768993-a642-4116-9fc6-141dfc20d9e3" testName="Delete_TargetModelIsDeleted" computerName="VECTOR" duration="00:00:00.4780000" startTime="2018-07-16T17:12:49.5952125-04:00" endTime="2018-07-16T17:12:49.5952204-04:00" testType="13cdc9d9-ddb5-4fa4-a97d-d965ccfc6d4b" outcome="Passed" testListId="8c84fa94-04c1-424b-9868-57a2d4851a1d" relativeResultsDirectory="026b5a41-c0db-4960-ab8a-50b7432926c9" /><UnitTestResult executionId="118892da-3bf6-4d4d-be8a-4635ce9b1d15" testId="225ef24d-5ee3-42ed-b999-7d0c9df0fd55" testName="Post_ValidReferencePropertyCreatesModel" computerName="VECTOR" duration="00:00:00.1910000" startTime="2018-07-16T17:13:18.0399270-04:00" endTime="2018-07-16T17:13:18.0399336-04:00" testType="13cdc9d9-ddb5-4fa4-a97d-d965ccfc6d4b" outcome="Passed" testListId="8c84fa94-04c1-424b-9868-57a2d4851a1d" relativeResultsDirectory="118892da-3bf6-4d4d-be8a-4635ce9b1d15" /><UnitTestResult executionId="b42e434a-b2fc-4659-975c-8d92754797cb" testId="9e8694b2-fa1f-4d12-a194-6b30f3291097" testName="Patch_InvalidReferencePropertyReturnsBadRequest" computerName="VECTOR" duration="00:00:00.0250000" startTime="2018-07-16T17:12:53.1110031-04:00" endTime="2018-07-16T17:12:53.1110088-04:00" testType="13cdc9d9-ddb5-4fa4-a97d-d965ccfc6d4b" outcome="Passed" testListId="8c84fa94-04c1-424b-9868-57a2d4851a1d" relativeResultsDirectory="b42e434a-b2fc-4659-975c-8d92754797cb" /><UnitTestResult executionId="d775c676-b95e-48e7-8e93-0b2cc07a73ad" testId="57ce0606-da3f-4648-8a98-5687a696c8cb" testName="Put_InvalidIdReturnsNotFound" computerName="VECTOR" duration="00:00:00.5530000" startTime="2018-07-16T17:12:58.8611650-04:00" endTime="2018-07-16T17:12:58.8611713-04:00" testType="13cdc9d9-ddb5-4fa4-a97d-d965ccfc6d4b" outcome="Passed" testListId="8c84fa94-04c1-424b-9868-57a2d4851a1d" relativeResultsDirectory="d775c676-b95e-48e7-8e93-0b2cc07a73ad" /><UnitTestResult executionId="b0401727-204f-4254-99db-3ec5bcb4a0b1" testId="b5d641bb-3d0c-49eb-af0d-d472c6098054" testName="Post_CanCreateNewModel" computerName="VECTOR" duration="00:00:00.1840000" startTime="2018-07-16T17:12:53.0856116-04:00" endTime="2018-07-16T17:12:53.0856198-04:00" testType="13cdc9d9-ddb5-4fa4-a97d-d965ccfc6d4b" outcome="Passed" testListId="8c84fa94-04c1-424b-9868-57a2d4851a1d" relativeResultsDirectory="b0401727-204f-4254-99db-3ec5bcb4a0b1" /><UnitTestResult executionId="bbb6b708-2302-4ca6-bbe1-e9377f2e81e4" testId="ab8b8351-4f44-48b0-afa1-0b9a153af5b7" testName="Patch_InvalidPropertyNameReturnsBadRequest" computerName="VECTOR" duration="00:00:00.0050000" startTime="2018-07-16T17:13:16.0364384-04:00" endTime="2018-07-16T17:13:16.0364426-04:00" testType="13cdc9d9-ddb5-4fa4-a97d-d965ccfc6d4b" outcome="Passed" testListId="8c84fa94-04c1-424b-9868-57a2d4851a1d" relativeResultsDirectory="bbb6b708-2302-4ca6-bbe1-e9377f2e81e4" /><UnitTestResult executionId="62f9b462-8b66-4dbb-b960-c322aaad8378" testId="763626e9-b24d-40fb-8c0e-cafd1d23da69" testName="Post_CanCreateNewModel" computerName="VECTOR" duration="00:00:00.1880000" startTime="2018-07-16T17:12:56.2012083-04:00" endTime="2018-07-16T17:12:56.2012145-04:00" testType="13cdc9d9-ddb5-4fa4-a97d-d965ccfc6d4b" outcome="Passed" testListId="8c84fa94-04c1-424b-9868-57a2d4851a1d" relativeResultsDirectory="62f9b462-8b66-4dbb-b960-c322aaad8378" /><UnitTestResult executionId="3f2e54fd-3703-4040-9100-f874a54db839" testId="edb5db4b-b994-4a59-a859-bb847567b97f" testName="GetSingle_InvalidIdPropertyValueReturnsNotFound" computerName="VECTOR" duration="00:00:00.0100000" startTime="2018-07-16T17:13:23.8828489-04:00" endTime="2018-07-16T17:13:23.8828537-04:00" testType="13cdc9d9-ddb5-4fa4-a97d-d965ccfc6d4b" outcome="Passed" testListId="8c84fa94-04c1-424b-9868-57a2d4851a1d" relativeResultsDirectory="3f2e54fd-3703-4040-9100-f874a54db839" /><UnitTestResult executionId="7027055e-9c71-48c9-91ce-a1c20e9878e3" testId="e1c582ca-33ed-46a1-834b-e2dc6b222291" testName="Put_CanUpdateModel" computerName="VECTOR" duration="00:00:00.3160000" startTime="2018-07-16T17:13:18.3566154-04:00" endTime="2018-07-16T17:13:18.3566216-04:00" testType="13cdc9d9-ddb5-4fa4-a97d-d965ccfc6d4b" outcome="Passed" testListId="8c84fa94-04c1-424b-9868-57a2d4851a1d" relativeResultsDirectory="7027055e-9c71-48c9-91ce-a1c20e9878e3" /><UnitTestResult executionId="1c2ea390-9e0c-461c-b910-34383031dacd" testId="8fa4a1af-2760-46f3-baeb-5bf3a56862c7" testName="Patch_InvalidEnumPropertyValueReturnsBadRequest" computerName="VECTOR" duration="00:00:00.0060000" startTime="2018-07-16T17:12:52.9016921-04:00" endTime="2018-07-16T17:12:52.9016963-04:00" testType="13cdc9d9-ddb5-4fa4-a97d-d965ccfc6d4b" outcome="Passed" testListId="8c84fa94-04c1-424b-9868-57a2d4851a1d" relativeResultsDirectory="1c2ea390-9e0c-461c-b910-34383031dacd" /><UnitTestResult executionId="1acba4a2-cbda-4669-8577-bcedcd13396b" testId="2f1f7bad-ba65-48c6-879c-1d602b23a244" testName="Post_InvalidPropertyValueReturnsBadRequest" computerName="VECTOR" duration="00:00:00.0030000" startTime="2018-07-16T17:12:51.8540492-04:00" endTime="2018-07-16T17:12:51.8540531-04:00" testType="13cdc9d9-ddb5-4fa4-a97d-d965ccfc6d4b" outcome="Passed" testListId="8c84fa94-04c1-424b-9868-57a2d4851a1d" relativeResultsDirectory="1acba4a2-cbda-4669-8577-bcedcd13396b" /><UnitTestResult executionId="39c2f60b-471d-4ff1-be72-5be0b8be1241" testId="1b5569a7-ca68-4caf-89ad-98ff098b423e" testName="Post_InvalidPropertyValueReturnsBadRequest" computerName="VECTOR" duration="00:00:00.0050000" startTime="2018-07-16T17:12:56.6921969-04:00" endTime="2018-07-16T17:12:56.6921998-04:00" testType="13cdc9d9-ddb5-4fa4-a97d-d965ccfc6d4b" outcome="Passed" testListId="8c84fa94-04c1-424b-9868-57a2d4851a1d" relativeResultsDirectory="39c2f60b-471d-4ff1-be72-5be0b8be1241" /><UnitTestResult executionId="cfdebf9d-ed59-4f4d-8e08-47945c642261" testId="034f732f-c626-4b05-9cb4-7dc63a484691" testName="PutFile_NewFileCanBePut" computerName="VECTOR" duration="00:00:00.3140000" startTime="2018-07-16T17:13:22.3751961-04:00" endTime="2018-07-16T17:13:22.3752024-04:00" testType="13cdc9d9-ddb5-4fa4-a97d-d965ccfc6d4b" outcome="Passed" testListId="8c84fa94-04c1-424b-9868-57a2d4851a1d" relativeResultsDirectory="cfdebf9d-ed59-4f4d-8e08-47945c642261" /><UnitTestResult executionId="082d7a78-bf45-46ae-a414-c626168d502b" testId="040f34c9-e947-4a4e-8366-8dc267c3911d" testName="PostFile_NewFileCanBePosted" computerName="VECTOR" duration="00:00:00.3580000" startTime="2018-07-16T17:13:07.7243548-04:00" endTime="2018-07-16T17:13:07.7243611-04:00" testType="13cdc9d9-ddb5-4fa4-a97d-d965ccfc6d4b" outcome="Passed" testListId="8c84fa94-04c1-424b-9868-57a2d4851a1d" relativeResultsDirectory="082d7a78-bf45-46ae-a414-c626168d502b" /><UnitTestResult executionId="a60a37bf-5d03-4d8a-9489-82254696594f" testId="9256bf0b-7b22-4a06-a7cc-6069d896dd5b" testName="Put_InvalidIdReturnsNotFound" computerName="VECTOR" duration="00:00:00.1510000" startTime="2018-07-16T17:12:55.6843088-04:00" endTime="2018-07-16T17:12:55.6843156-04:00" testType="13cdc9d9-ddb5-4fa4-a97d-d965ccfc6d4b" outcome="Passed" testListId="8c84fa94-04c1-424b-9868-57a2d4851a1d" relativeResultsDirectory="a60a37bf-5d03-4d8a-9489-82254696594f" /><UnitTestResult executionId="4f0453d8-905d-44ea-aba8-a1a147498322" testId="225089bd-a8e3-4ca9-b615-c2ad8c46435b" testName="Put_CanUpdateModel" computerName="VECTOR" duration="00:00:00.3020000" startTime="2018-07-16T17:12:50.5465115-04:00" endTime="2018-07-16T17:12:50.5465178-04:00" testType="13cdc9d9-ddb5-4fa4-a97d-d965ccfc6d4b" outcome="Passed" testListId="8c84fa94-04c1-424b-9868-57a2d4851a1d" relativeResultsDirectory="4f0453d8-905d-44ea-aba8-a1a147498322" /><UnitTestResult executionId="11d274d7-47c2-4c8f-8934-31981d0e3e03" testId="a7a1b2ac-16e0-474d-99ea-ac38e1c0408b" testName="GetFile_ExistingFileReturnsSuccess" computerName="VECTOR" duration="00:00:00.0230000" startTime="2018-07-16T17:13:05.8509346-04:00" endTime="2018-07-16T17:13:05.8509420-04:00" testType="13cdc9d9-ddb5-4fa4-a97d-d965ccfc6d4b" outcome="Passed" testListId="8c84fa94-04c1-424b-9868-57a2d4851a1d" relativeResultsDirectory="11d274d7-47c2-4c8f-8934-31981d0e3e03" /><UnitTestResult executionId="6f69756d-b3ac-4222-ba8b-8343521da804" testId="677ecb81-e4f9-4a57-b6cc-f2ae99314cb9" testName="PostFile_FileIsSynchronizedIsUpdatedAfterFileIsPosted" computerName="VECTOR" duration="00:00:00.0010000" startTime="2018-07-16T17:12:55.5316193-04:00" endTime="2018-07-16T17:12:55.5316238-04:00" testType="13cdc9d9-ddb5-4fa4-a97d-d965ccfc6d4b" outcome="Passed" testListId="8c84fa94-04c1-424b-9868-57a2d4851a1d" relativeResultsDirectory="6f69756d-b3ac-4222-ba8b-8343521da804" /><UnitTestResult executionId="f5ae7a67-cf1b-4f72-8a97-4529ecdb70dd" testId="b78b8fa0-f3ea-48f2-8df2-575e9c447ad2" testName="Patch_MultipleInvalidReferencePropertiesReturnsMultipleValidationErrorsAndBadRequest" computerName="VECTOR" duration="00:00:00.0100000" startTime="2018-07-16T17:13:17.4867074-04:00" endTime="2018-07-16T17:13:17.4867120-04:00" testType="13cdc9d9-ddb5-4fa4-a97d-d965ccfc6d4b" outcome="Passed" testListId="8c84fa94-04c1-424b-9868-57a2d4851a1d" relativeResultsDirectory="f5ae7a67-cf1b-4f72-8a97-4529ecdb70dd" /><UnitTestResult executionId="1de61bb5-513a-41b8-8fc5-ab9c726c48b0" testId="cf0dfd8c-a3c3-4508-ab69-c1b8b1dc2f5c" testName="GetSingle_ValidIdPropertyValueReturnsCorrectModel" computerName="VECTOR" duration="00:00:00.0210000" startTime="2018-07-16T17:13:23.4328306-04:00" endTime="2018-07-16T17:13:23.4328379-04:00" testType="13cdc9d9-ddb5-4fa4-a97d-d965ccfc6d4b" outcome="Passed" testListId="8c84fa94-04c1-424b-9868-57a2d4851a1d" relativeResultsDirectory="1de61bb5-513a-41b8-8fc5-ab9c726c48b0" /><UnitTestResult executionId="30ff8597-7a2b-4992-8b14-66f565d7e69f" testId="2d0867ea-ac0a-43d6-b8dc-8cd969907f01" testName="PostFile_FileIsSynchronizedIsUpdatedAfterFileIsPosted" computerName="VECTOR" duration="00:00:00.3110000" startTime="2018-07-16T17:13:22.6872439-04:00" endTime="2018-07-16T17:13:22.6872558-04:00" testType="13cdc9d9-ddb5-4fa4-a97d-d965ccfc6d4b" outcome="Passed" testListId="8c84fa94-04c1-424b-9868-57a2d4851a1d" relativeResultsDirectory="30ff8597-7a2b-4992-8b14-66f565d7e69f" /><UnitTestResult executionId="b5a1bc91-3283-4e26-82e5-56d6c9d100d7" testId="cd8c414d-ca9b-4ac2-9b56-130303e6398e" testName="Post_ValidReferencePropertyCreatesModel" computerName="VECTOR" duration="00:00:00.2890000" startTime="2018-07-16T17:12:52.8124637-04:00" endTime="2018-07-16T17:12:52.8124702-04:00" testType="13cdc9d9-ddb5-4fa4-a97d-d965ccfc6d4b" outcome="Passed" testListId="8c84fa94-04c1-424b-9868-57a2d4851a1d" relativeResultsDirectory="b5a1bc91-3283-4e26-82e5-56d6c9d100d7" /><UnitTestResult executionId="be6bc092-01f4-4817-be4f-4ba379383234" testId="189c5cf6-ffec-462b-9445-a213337a549e" testName="Delete_TargetModelIsDeleted" computerName="VECTOR" duration="00:00:00.2920000" startTime="2018-07-16T17:12:55.9963235-04:00" endTime="2018-07-16T17:12:55.9963300-04:00" testType="13cdc9d9-ddb5-4fa4-a97d-d965ccfc6d4b" outcome="Passed" testListId="8c84fa94-04c1-424b-9868-57a2d4851a1d" relativeResultsDirectory="be6bc092-01f4-4817-be4f-4ba379383234" /><UnitTestResult executionId="973b4c2a-49cc-4926-811e-e5a019de0c6b" testId="7f8622c9-3550-47e2-b113-f0c9f75f36c2" testName="GetFile_FileCanBeRoundTripped" computerName="VECTOR" duration="00:00:00.3440000" startTime="2018-07-16T17:13:23.4101061-04:00" endTime="2018-07-16T17:13:23.4101150-04:00" testType="13cdc9d9-ddb5-4fa4-a97d-d965ccfc6d4b" outcome="Passed" testListId="8c84fa94-04c1-424b-9868-57a2d4851a1d" relativeResultsDirectory="973b4c2a-49cc-4926-811e-e5a019de0c6b" /><UnitTestResult executionId="a3d39633-264a-437d-bf7b-6fcedac2a986" testId="617c835c-dbcb-46b6-a0de-c81bf169216a" testName="Put_InvalidReferencePropertyReturndBadRequest" computerName="VECTOR" duration="00:00:00.0160000" startTime="2018-07-16T17:12:56.9369245-04:00" endTime="2018-07-16T17:12:56.9369302-04:00" testType="13cdc9d9-ddb5-4fa4-a97d-d965ccfc6d4b" outcome="Passed" testListId="8c84fa94-04c1-424b-9868-57a2d4851a1d" relativeResultsDirectory="a3d39633-264a-437d-bf7b-6fcedac2a986" /><UnitTestResult executionId="48cb38ec-e7be-45dc-802b-c399568651ca" testId="7734675e-d3aa-48f2-887e-bf813899ec9b" testName="Patch_TargetPropertyIsUpdated" computerName="VECTOR" duration="00:00:00.3330000" startTime="2018-07-16T17:13:17.0316042-04:00" endTime="2018-07-16T17:13:17.0316105-04:00" testType="13cdc9d9-ddb5-4fa4-a97d-d965ccfc6d4b" outcome="Passed" testListId="8c84fa94-04c1-424b-9868-57a2d4851a1d" relativeResultsDirectory="48cb38ec-e7be-45dc-802b-c399568651ca" /><UnitTestResult executionId="d09d6e31-0cc5-417d-a4b6-fdb651ecaf8b" testId="f1c6623e-5d76-48e9-9c49-cf2c84db4f24" testName="Patch_InvalidPropertyNameReturnsBadRequest" computerName="VECTOR" duration="00:00:00.0050000" startTime="2018-07-16T17:12:51.8509573-04:00" endTime="2018-07-16T17:12:51.8509599-04:00" testType="13cdc9d9-ddb5-4fa4-a97d-d965ccfc6d4b" outcome="Passed" testListId="8c84fa94-04c1-424b-9868-57a2d4851a1d" relativeResultsDirectory="d09d6e31-0cc5-417d-a4b6-fdb651ecaf8b" /><UnitTestResult executionId="91e4c95e-f6ad-4572-ae96-f7f34cfc2534" testId="97ef9896-11ed-4a76-9f94-2948b4e3724d" testName="Patch_ValidReferencePropertyUpdatesModel" computerName="VECTOR" duration="00:00:00.0050000" startTime="2018-07-16T17:12:48.6747930-04:00" endTime="2018-07-16T17:12:48.6747996-04:00" testType="13cdc9d9-ddb5-4fa4-a97d-d965ccfc6d4b" outcome="Passed" testListId="8c84fa94-04c1-424b-9868-57a2d4851a1d" relativeResultsDirectory="91e4c95e-f6ad-4572-ae96-f7f34cfc2534" /><UnitTestResult executionId="0bc8816a-da68-46b5-a69d-3f697edee850" testId="94b0ff58-5ffc-49e8-b608-c3636213964b" testName="Patch_ValidReferencePropertyUpdatesModel" computerName="VECTOR" duration="00:00:00.3280000" startTime="2018-07-16T17:13:17.8399240-04:00" endTime="2018-07-16T17:13:17.8399302-04:00" testType="13cdc9d9-ddb5-4fa4-a97d-d965ccfc6d4b" outcome="Passed" testListId="8c84fa94-04c1-424b-9868-57a2d4851a1d" relativeResultsDirectory="0bc8816a-da68-46b5-a69d-3f697edee850" /><UnitTestResult executionId="846d7829-96b3-4bd5-87db-9f2d6e02da08" testId="3eff8596-6814-4e08-bdc6-763ee444a3f3" testName="GetSingle_ValidIdPropertyValueReturnsCorrectModel" computerName="VECTOR" duration="00:00:00.0110000" startTime="2018-07-16T17:13:01.9605654-04:00" endTime="2018-07-16T17:13:01.9605694-04:00" testType="13cdc9d9-ddb5-4fa4-a97d-d965ccfc6d4b" outcome="Passed" testListId="8c84fa94-04c1-424b-9868-57a2d4851a1d" relativeResultsDirectory="846d7829-96b3-4bd5-87db-9f2d6e02da08" /><UnitTestResult executionId="5a934d71-462f-477c-949c-32ea1edfeede" testId="fb0fbd58-c962-4456-978c-e95eb87d552f" testName="MeshTransformHasExpectedDependentFiles" computerName="VECTOR" duration="00:00:00.0010000" startTime="2018-07-16T17:12:48.6614257-04:00" endTime="2018-07-16T17:12:48.6614288-04:00" testType="13cdc9d9-ddb5-4fa4-a97d-d965ccfc6d4b" outcome="Passed" testListId="8c84fa94-04c1-424b-9868-57a2d4851a1d" relativeResultsDirectory="5a934d71-462f-477c-949c-32ea1edfeede" /><UnitTestResult executionId="05fab135-7311-4ac5-8882-61984a61aa0f" testId="05d4ac92-7176-4ca2-9021-bcef863f4b66" testName="PostFile_NewFileCanBePosted" computerName="VECTOR" duration="00:00:00.3710000" startTime="2018-07-16T17:12:55.1510813-04:00" endTime="2018-07-16T17:12:55.1510873-04:00" testType="13cdc9d9-ddb5-4fa4-a97d-d965ccfc6d4b" outcome="Passed" testListId="8c84fa94-04c1-424b-9868-57a2d4851a1d" relativeResultsDirectory="05fab135-7311-4ac5-8882-61984a61aa0f" /><UnitTestResult executionId="02f33b1d-b564-497c-bce8-b2a5002a243e" testId="1b3c1ced-89c6-46e9-b6b6-e0f174ea4c80" testName="GetFile_NonExistentFileReturnsNotFound" computerName="VECTOR" duration="00:00:00.0200000" startTime="2018-07-16T17:13:22.0611399-04:00" endTime="2018-07-16T17:13:22.0611453-04:00" testType="13cdc9d9-ddb5-4fa4-a97d-d965ccfc6d4b" outcome="Passed" testListId="8c84fa94-04c1-424b-9868-57a2d4851a1d" relativeResultsDirectory="02f33b1d-b564-497c-bce8-b2a5002a243e" /><UnitTestResult executionId="96d0e812-b22b-467b-8144-2ba358b16ac1" testId="63528099-603b-455b-b800-381cf267cbea" testName="Post_InvalidPropertyValueReturnsBadRequest" computerName="VECTOR" duration="00:00:00.0090000" startTime="2018-07-16T17:12:50.6391570-04:00" endTime="2018-07-16T17:12:50.6391618-04:00" testType="13cdc9d9-ddb5-4fa4-a97d-d965ccfc6d4b" outcome="Passed" testListId="8c84fa94-04c1-424b-9868-57a2d4851a1d" relativeResultsDirectory="96d0e812-b22b-467b-8144-2ba358b16ac1" /><UnitTestResult executionId="46345924-b4cc-4f60-b87f-9c8a0a6de332" testId="68642276-b2f9-4ba7-85f1-6760033805f3" testName="Patch_InvalidPropertyNameReturnsBadRequest" computerName="VECTOR" duration="00:00:00.4360000" startTime="2018-07-16T17:12:49.1117647-04:00" endTime="2018-07-16T17:12:49.1117715-04:00" testType="13cdc9d9-ddb5-4fa4-a97d-d965ccfc6d4b" outcome="Passed" testListId="8c84fa94-04c1-424b-9868-57a2d4851a1d" relativeResultsDirectory="46345924-b4cc-4f60-b87f-9c8a0a6de332" /><UnitTestResult executionId="4d1a633f-d892-4b7c-9da9-cb29185b1def" testId="1158cca6-4299-4f89-8f0d-8434f10e7aed" testName="Patch_ValidReferencePropertyUpdatesModel" computerName="VECTOR" duration="00:00:00.2820000" startTime="2018-07-16T17:12:57.2261799-04:00" endTime="2018-07-16T17:12:57.2261859-04:00" testType="13cdc9d9-ddb5-4fa4-a97d-d965ccfc6d4b" outcome="Passed" testListId="8c84fa94-04c1-424b-9868-57a2d4851a1d" relativeResultsDirectory="4d1a633f-d892-4b7c-9da9-cb29185b1def" /><UnitTestResult executionId="7f6a1c35-ef7a-4fc4-a53a-2335fe6741d0" testId="06b02937-6ec9-4c32-b481-df43ab78fe98" testName="GetList_ListReturnsCorrectCount" computerName="VECTOR" duration="00:00:00.0360000" startTime="2018-07-16T17:12:56.2532196-04:00" endTime="2018-07-16T17:12:56.2532256-04:00" testType="13cdc9d9-ddb5-4fa4-a97d-d965ccfc6d4b" outcome="Passed" testListId="8c84fa94-04c1-424b-9868-57a2d4851a1d" relativeResultsDirectory="7f6a1c35-ef7a-4fc4-a53a-2335fe6741d0" /><UnitTestResult executionId="5856c1e5-5bd4-41e3-8656-9c2134f862a6" testId="1ff58e07-670f-42f8-82fe-3972ce3fcb25" testName="Post_ValidReferencePropertyCreatesModel" computerName="VECTOR" duration="00:00:00.1790000" startTime="2018-07-16T17:13:01.7342099-04:00" endTime="2018-07-16T17:13:01.7342173-04:00" testType="13cdc9d9-ddb5-4fa4-a97d-d965ccfc6d4b" outcome="Passed" testListId="8c84fa94-04c1-424b-9868-57a2d4851a1d" relativeResultsDirectory="5856c1e5-5bd4-41e3-8656-9c2134f862a6" /><UnitTestResult executionId="b96ad734-2394-41ed-8195-c78c5ad309f5" testId="6fe5fd0a-973e-408f-aa7f-c9fce7def002" testName="GetSingle_InvalidIdPropertyValueReturnsNotFound" computerName="VECTOR" duration="00:00:00.0310000" startTime="2018-07-16T17:12:51.7943210-04:00" endTime="2018-07-16T17:12:51.7943270-04:00" testType="13cdc9d9-ddb5-4fa4-a97d-d965ccfc6d4b" outcome="Passed" testListId="8c84fa94-04c1-424b-9868-57a2d4851a1d" relativeResultsDirectory="b96ad734-2394-41ed-8195-c78c5ad309f5" /><UnitTestResult executionId="8f1ab295-d6da-4d10-b794-045edf673a95" testId="8c86bb7a-478d-422a-b484-464e0dab8390" testName="FileRequest_DepthBufferIsInvalidatedAfterCameraDependencyPropertyChange" computerName="VECTOR" duration="00:00:01.0550000" startTime="2018-07-16T17:13:22.0405428-04:00" endTime="2018-07-16T17:13:22.0405485-04:00" testType="13cdc9d9-ddb5-4fa4-a97d-d965ccfc6d4b" outcome="Passed" testListId="8c84fa94-04c1-424b-9868-57a2d4851a1d" relativeResultsDirectory="8f1ab295-d6da-4d10-b794-045edf673a95" /><UnitTestResult executionId="c57795f7-66b0-4a31-8c16-7b9097840779" testId="66401de1-91a4-44e2-8515-ac76c6192c6b" testName="Post_InvalidPropertyValueReturnsBadRequest" computerName="VECTOR" duration="00:00:00.0020000" startTime="2018-07-16T17:13:17.5114207-04:00" endTime="2018-07-16T17:13:17.5114232-04:00" testType="13cdc9d9-ddb5-4fa4-a97d-d965ccfc6d4b" outcome="Passed" testListId="8c84fa94-04c1-424b-9868-57a2d4851a1d" relativeResultsDirectory="c57795f7-66b0-4a31-8c16-7b9097840779" /><UnitTestResult executionId="c0956283-5fc0-4c82-bf54-4838e2bbcfb1" testId="d27a570a-6f84-4acd-b75d-d434db557e43" testName="GetFile_FileCanBeRoundTripped" computerName="VECTOR" duration="00:00:00.3290000" startTime="2018-07-16T17:13:05.3605282-04:00" endTime="2018-07-16T17:13:05.3605345-04:00" testType="13cdc9d9-ddb5-4fa4-a97d-d965ccfc6d4b" outcome="Passed" testListId="8c84fa94-04c1-424b-9868-57a2d4851a1d" relativeResultsDirectory="c0956283-5fc0-4c82-bf54-4838e2bbcfb1" /><UnitTestResult executionId="f948851f-f136-4be3-a4e0-d6c0a480cf03" testId="6088966d-e21e-490d-9c39-2edff04e99a7" testName="Patch_InvalidEnumPropertyValueReturnsBadRequest" computerName="VECTOR" duration="00:00:00.0010000" startTime="2018-07-16T17:13:23.8724651-04:00" endTime="2018-07-16T17:13:23.8724662-04:00" testType="13cdc9d9-ddb5-4fa4-a97d-d965ccfc6d4b" outcome="Passed" testListId="8c84fa94-04c1-424b-9868-57a2d4851a1d" relativeResultsDirectory="f948851f-f136-4be3-a4e0-d6c0a480cf03" /><UnitTestResult executionId="c1fafe53-5488-4017-9ee4-78f4254f7b88" testId="d2f1d081-a70d-4522-a339-b130134b21e3" testName="FileRequest_MeshGenerateSetsFileIsSynchronized" computerName="VECTOR" duration="00:00:03.7410000" startTime="2018-07-16T17:13:11.4657601-04:00" endTime="2018-07-16T17:13:11.4657672-04:00" testType="13cdc9d9-ddb5-4fa4-a97d-d965ccfc6d4b" outcome="Passed" testListId="8c84fa94-04c1-424b-9868-57a2d4851a1d" relativeResultsDirectory="c1fafe53-5488-4017-9ee4-78f4254f7b88" /><UnitTestResult executionId="0b430350-7860-4ecd-81b6-d86cfe521b68" testId="a50ad551-c6e1-4685-a86e-6a97a02f7a41" testName="Patch_InvalidPropertyNameReturnsBadRequest" computerName="VECTOR" duration="00:00:00.0050000" startTime="2018-07-16T17:13:24.5161824-04:00" endTime="2018-07-16T17:13:24.5161875-04:00" testType="13cdc9d9-ddb5-4fa4-a97d-d965ccfc6d4b" outcome="Passed" testListId="8c84fa94-04c1-424b-9868-57a2d4851a1d" relativeResultsDirectory="0b430350-7860-4ecd-81b6-d86cfe521b68" /><UnitTestResult executionId="c7fc63e2-0002-41eb-8ff1-1e1620eb2c94" testId="615b3b11-3a31-4f9a-b9cf-3fbb7ead943a" testName="Patch_ValidReferencePropertyUpdatesModel" computerName="VECTOR" duration="00:00:00.9660000" startTime="2018-07-16T17:12:59.8280183-04:00" endTime="2018-07-16T17:12:59.8280248-04:00" testType="13cdc9d9-ddb5-4fa4-a97d-d965ccfc6d4b" outcome="Passed" testListId="8c84fa94-04c1-424b-9868-57a2d4851a1d" relativeResultsDirectory="c7fc63e2-0002-41eb-8ff1-1e1620eb2c94" /><UnitTestResult executionId="cfa6460e-1bf5-482f-8f0c-fb5503b41b3a" testId="7b6c691d-3cf8-47af-95bd-d560cbdd1ae2" testName="Patch_MultipleInvalidReferencePropertiesReturnsMultipleValidationErrorsAndBadRequest" computerName="VECTOR" duration="00:00:00.0320000" startTime="2018-07-16T17:13:24.5055301-04:00" endTime="2018-07-16T17:13:24.5055361-04:00" testType="13cdc9d9-ddb5-4fa4-a97d-d965ccfc6d4b" outcome="Passed" testListId="8c84fa94-04c1-424b-9868-57a2d4851a1d" relativeResultsDirectory="cfa6460e-1bf5-482f-8f0c-fb5503b41b3a" /><UnitTestResult executionId="f7d8037f-2dd4-45dc-a8a5-18b9eaaa3ae0" testId="0c411daa-aa6d-45ba-bd9b-571ecbcc854d" testName="Post_InvalidPropertyValueReturnsBadRequest" computerName="VECTOR" duration="00:00:00.0030000" startTime="2018-07-16T17:13:24.5193135-04:00" endTime="2018-07-16T17:13:24.5193160-04:00" testType="13cdc9d9-ddb5-4fa4-a97d-d965ccfc6d4b" outcome="Passed" testListId="8c84fa94-04c1-424b-9868-57a2d4851a1d" relativeResultsDirectory="f7d8037f-2dd4-45dc-a8a5-18b9eaaa3ae0" /><UnitTestResult executionId="77071cbc-b4e8-41cf-a01b-17669b57b583" testId="5f2dc93d-f3ff-4efc-8433-cc1a6fc5b9b1" testName="Patch_InvalidReferencePropertyReturnsBadRequest" computerName="VECTOR" duration="00:00:00.0320000" startTime="2018-07-16T17:13:17.4764069-04:00" endTime="2018-07-16T17:13:17.4764117-04:00" testType="13cdc9d9-ddb5-4fa4-a97d-d965ccfc6d4b" outcome="Passed" testListId="8c84fa94-04c1-424b-9868-57a2d4851a1d" relativeResultsDirectory="77071cbc-b4e8-41cf-a01b-17669b57b583" /><UnitTestResult executionId="f540012c-7a04-44ab-84ce-8cf18aad4791" testId="79f9feb5-7a01-4d34-9014-9e2c272e25b1" testName="LucyModel3dHasTwoDependents" computerName="VECTOR" duration="00:00:00.3790000" startTime="2018-07-16T17:12:48.6532452-04:00" endTime="2018-07-16T17:12:48.6532518-04:00" testType="13cdc9d9-ddb5-4fa4-a97d-d965ccfc6d4b" outcome="Passed" testListId="8c84fa94-04c1-424b-9868-57a2d4851a1d" relativeResultsDirectory="f540012c-7a04-44ab-84ce-8cf18aad4791" /><UnitTestResult executionId="13f0234a-83a9-4c69-b7ea-222fc7c662b9" testId="fc756fdb-030d-4cf6-bf9e-2f11adac2c29" testName="GetFile_NonExistentFileReturnsNotFound" computerName="VECTOR" duration="00:00:00.0130000" startTime="2018-07-16T17:13:01.9954266-04:00" endTime="2018-07-16T17:13:01.9954311-04:00" testType="13cdc9d9-ddb5-4fa4-a97d-d965ccfc6d4b" outcome="Passed" testListId="8c84fa94-04c1-424b-9868-57a2d4851a1d" relativeResultsDirectory="13f0234a-83a9-4c69-b7ea-222fc7c662b9" /><UnitTestResult executionId="2630d302-f9a7-4524-a771-4573f258cd61" testId="c0760d3d-7171-4456-903d-72bc9404250d" testName="GetSingle_InvalidIdPropertyValueReturnsNotFound" computerName="VECTOR" duration="00:00:00.0060000" startTime="2018-07-16T17:12:50.2443851-04:00" endTime="2018-07-16T17:12:50.2443877-04:00" testType="13cdc9d9-ddb5-4fa4-a97d-d965ccfc6d4b" outcome="Passed" testListId="8c84fa94-04c1-424b-9868-57a2d4851a1d" relativeResultsDirectory="2630d302-f9a7-4524-a771-4573f258cd61" /><UnitTestResult executionId="8cb1b734-6451-4408-ba8c-0fdee1a1b31c" testId="84f5bec0-eed3-4c63-b40c-f78b810b4d23" testName="PutFile_NewFileCanBePut" computerName="VECTOR" duration="00:00:00.3210000" startTime="2018-07-16T17:13:02.3167978-04:00" endTime="2018-07-16T17:13:02.3168035-04:00" testType="13cdc9d9-ddb5-4fa4-a97d-d965ccfc6d4b" outcome="Passed" testListId="8c84fa94-04c1-424b-9868-57a2d4851a1d" relativeResultsDirectory="8cb1b734-6451-4408-ba8c-0fdee1a1b31c" /><UnitTestResult executionId="78d1bbf9-da18-4d95-98b4-2bff7148afa1" testId="d4409d5d-9ba2-4f2d-b540-252bf0d95fff" testName="Patch_InvalidIdPropertyReturnsNotFound" computerName="VECTOR" duration="00:00:00.0060000" startTime="2018-07-16T17:13:16.4980166-04:00" endTime="2018-07-16T17:13:16.4980201-04:00" testType="13cdc9d9-ddb5-4fa4-a97d-d965ccfc6d4b" outcome="Passed" testListId="8c84fa94-04c1-424b-9868-57a2d4851a1d" relativeResultsDirectory="78d1bbf9-da18-4d95-98b4-2bff7148afa1" /><UnitTestResult executionId="33cac466-8c53-4d03-9984-0f74a066c255" testId="c6d39b51-80b3-4192-865c-51badb7e862e" testName="PutFile_FileCanBeUpdated" computerName="VECTOR" duration="00:00:00.5920000" startTime="2018-07-16T17:13:20.4520277-04:00" endTime="2018-07-16T17:13:20.4520362-04:00" testType="13cdc9d9-ddb5-4fa4-a97d-d965ccfc6d4b" outcome="Passed" testListId="8c84fa94-04c1-424b-9868-57a2d4851a1d" relativeResultsDirectory="33cac466-8c53-4d03-9984-0f74a066c255" /><UnitTestResult executionId="8b2104eb-bda0-4c8c-9cca-7e29dbf02a1d" testId="a038c5c2-1841-463f-b5c1-c7d294311e96" testName="Patch_MultipleInvalidReferencePropertiesReturnsMultipleValidationErrorsAndBadRequest" computerName="VECTOR" duration="00:00:00.0190000" startTime="2018-07-16T17:13:01.5542783-04:00" endTime="2018-07-16T17:13:01.5542837-04:00" testType="13cdc9d9-ddb5-4fa4-a97d-d965ccfc6d4b" outcome="Passed" testListId="8c84fa94-04c1-424b-9868-57a2d4851a1d" relativeResultsDirectory="8b2104eb-bda0-4c8c-9cca-7e29dbf02a1d" /><UnitTestResult executionId="f5606450-d8ae-4b46-8e46-0bea53728404" testId="97b7de45-e18c-4841-beb9-e853a54e2e40" testName="GetFile_ExistingFileReturnsSuccess" computerName="VECTOR" duration="00:00:00.0220000" startTime="2018-07-16T17:13:18.3790475-04:00" endTime="2018-07-16T17:13:18.3790546-04:00" testType="13cdc9d9-ddb5-4fa4-a97d-d965ccfc6d4b" outcome="Passed" testListId="8c84fa94-04c1-424b-9868-57a2d4851a1d" relativeResultsDirectory="f5606450-d8ae-4b46-8e46-0bea53728404" /><UnitTestResult executionId="2b1e3493-97e2-4175-9dcc-1c250443e543" testId="b9035c6d-e84f-4109-9e94-23622de4c5cc" testName="FileRequest_FileCanBeReadAfterRename" computerName="VECTOR" duration="00:00:00.5310000" startTime="2018-07-16T17:13:20.9847067-04:00" endTime="2018-07-16T17:13:20.9847181-04:00" testType="13cdc9d9-ddb5-4fa4-a97d-d965ccfc6d4b" outcome="Passed" testListId="8c84fa94-04c1-424b-9868-57a2d4851a1d" relativeResultsDirectory="2b1e3493-97e2-4175-9dcc-1c250443e543" /><UnitTestResult executionId="a8d64c05-5ae1-4809-95f1-1dd9ecfc3585" testId="fab4afeb-223b-40d5-985e-c3cd3d5e6d8f" testName="LucyDepthBufferFindsOneDependent" computerName="VECTOR" duration="00:00:00.0030000" startTime="2018-07-16T17:12:48.6646312-04:00" endTime="2018-07-16T17:12:48.6646341-04:00" testType="13cdc9d9-ddb5-4fa4-a97d-d965ccfc6d4b" outcome="Passed" testListId="8c84fa94-04c1-424b-9868-57a2d4851a1d" relativeResultsDirectory="a8d64c05-5ae1-4809-95f1-1dd9ecfc3585" /><UnitTestResult executionId="a6a61921-d4ef-4866-a83e-711cf88ed6f0" testId="4fd07901-55ea-4acb-bbd7-1964b7ad76c6" testName="Patch_InvalidIdPropertyReturnsNotFound" computerName="VECTOR" duration="00:00:00.0180000" startTime="2018-07-16T17:12:52.5231597-04:00" endTime="2018-07-16T17:12:52.5231651-04:00" testType="13cdc9d9-ddb5-4fa4-a97d-d965ccfc6d4b" outcome="Passed" testListId="8c84fa94-04c1-424b-9868-57a2d4851a1d" relativeResultsDirectory="a6a61921-d4ef-4866-a83e-711cf88ed6f0" /><UnitTestResult executionId="b72ee15c-7e68-4583-ae59-b332d8824b5d" testId="b9292bff-8435-44fe-a976-ad654fe26aac" testName="PostFile_NewFileCanBePosted" computerName="VECTOR" duration="00:00:00.3770000" startTime="2018-07-16T17:13:23.0655266-04:00" endTime="2018-07-16T17:13:23.0655335-04:00" testType="13cdc9d9-ddb5-4fa4-a97d-d965ccfc6d4b" outcome="Passed" testListId="8c84fa94-04c1-424b-9868-57a2d4851a1d" relativeResultsDirectory="b72ee15c-7e68-4583-ae59-b332d8824b5d" /><UnitTestResult executionId="576ad8e3-7e09-4754-85fd-6b295a377286" testId="4e8252b8-052c-476b-833f-7284a59f61d2" testName="GetSingle_InvalidIdPropertyValueReturnsNotFound" computerName="VECTOR" duration="00:00:00.0180000" startTime="2018-07-16T17:12:57.8135463-04:00" endTime="2018-07-16T17:12:57.8135531-04:00" testType="13cdc9d9-ddb5-4fa4-a97d-d965ccfc6d4b" outcome="Passed" testListId="8c84fa94-04c1-424b-9868-57a2d4851a1d" relativeResultsDirectory="576ad8e3-7e09-4754-85fd-6b295a377286" /><UnitTestResult executionId="7777517c-9996-40d1-8259-2c112b4f7e88" testId="52c99c34-1fa9-4c14-8d49-507149f27574" testName="GetList_ListReturnsCorrectCount" computerName="VECTOR" duration="00:00:00.1130000" startTime="2018-07-16T17:13:16.0308367-04:00" endTime="2018-07-16T17:13:16.0308421-04:00" testType="13cdc9d9-ddb5-4fa4-a97d-d965ccfc6d4b" outcome="Passed" testListId="8c84fa94-04c1-424b-9868-57a2d4851a1d" relativeResultsDirectory="7777517c-9996-40d1-8259-2c112b4f7e88" /><UnitTestResult executionId="1e62c578-7e22-41ab-8c1f-6269fef1e682" testId="5e056c63-d599-4573-bfa5-da4db1337464" testName="Put_ValidReferencePropertyUpdatesModel" computerName="VECTOR" duration="00:00:00.4120000" startTime="2018-07-16T17:13:17.4437253-04:00" endTime="2018-07-16T17:13:17.4437322-04:00" testType="13cdc9d9-ddb5-4fa4-a97d-d965ccfc6d4b" outcome="Passed" testListId="8c84fa94-04c1-424b-9868-57a2d4851a1d" relativeResultsDirectory="1e62c578-7e22-41ab-8c1f-6269fef1e682" /><UnitTestResult executionId="cd3261ce-7ad9-48aa-9983-3165f150760c" testId="ce1c0111-08e0-47f9-bae7-d69517551bc4" testName="Post_ValidReferencePropertyCreatesModel" computerName="VECTOR" duration="00:00:00.0030000" startTime="2018-07-16T17:12:49.1307741-04:00" endTime="2018-07-16T17:12:49.1307764-04:00" testType="13cdc9d9-ddb5-4fa4-a97d-d965ccfc6d4b" outcome="Passed" testListId="8c84fa94-04c1-424b-9868-57a2d4851a1d" relativeResultsDirectory="cd3261ce-7ad9-48aa-9983-3165f150760c" /></Results><TestDefinitions><UnitTest name="GetSingle_InvalidIdPropertyValueReturnsNotFound" storage="d:\users\steve knipmeyer\documents\github\modelrelief\modelrelief.test\bin\debug\netcoreapp2.0\modelrelief.test.dll" id="c0760d3d-7171-4456-903d-72bc9404250d"><Execution id="2630d302-f9a7-4524-a771-4573f258cd61" /><TestMethod codeBase="D:\Users\Steve Knipmeyer\Documents\GitHub\ModelRelief\ModelRelief.test\bin\Debug\netcoreapp2.0\ModelRelief.Test.dll" adapterTypeName="executor://xunit/VsTestRunner2/netcoreapp" className="ModelRelief.Test.Integration.Projects.ProjectsBaseIntegrationTests" name="GetSingle_InvalidIdPropertyValueReturnsNotFound" /></UnitTest><UnitTest name="GetFile_NonExistentFileReturnsNotFound" storage="d:\users\steve knipmeyer\documents\github\modelrelief\modelrelief.test\bin\debug\netcoreapp2.0\modelrelief.test.dll" id="7b4e5da4-fcc3-4c57-92cf-96c13f72b1bc"><Execution id="d90668c6-0ae5-485e-a0ed-5924ecf09503" /><TestMethod codeBase="D:\Users\Steve Knipmeyer\Documents\GitHub\ModelRelief\ModelRelief.test\bin\Debug\netcoreapp2.0\ModelRelief.Test.dll" adapterTypeName="executor://xunit/VsTestRunner2/netcoreapp" className="ModelRelief.Test.Integration.Models.ModelsFileIntegrationTests" name="GetFile_NonExistentFileReturnsNotFound" /></UnitTest><UnitTest name="Patch_InvalidPropertyNameReturnsBadRequest" storage="d:\users\steve knipmeyer\documents\github\modelrelief\modelrelief.test\bin\debug\netcoreapp2.0\modelrelief.test.dll" id="f1c6623e-5d76-48e9-9c49-cf2c84db4f24"><Execution id="d09d6e31-0cc5-417d-a4b6-fdb651ecaf8b" /><TestMethod codeBase="D:\Users\Steve Knipmeyer\Documents\GitHub\ModelRelief\ModelRelief.test\bin\Debug\netcoreapp2.0\ModelRelief.Test.dll" adapterTypeName="executor://xunit/VsTestRunner2/netcoreapp" className="ModelRelief.Test.Integration.Models.ModelsBaseIntegrationTests" name="Patch_InvalidPropertyNameReturnsBadRequest" /></UnitTest><UnitTest name="Patch_InvalidReferencePropertyReturnsBadRequest" storage="d:\users\steve knipmeyer\documents\github\modelrelief\modelrelief.test\bin\debug\netcoreapp2.0\modelrelief.test.dll" id="5f2dc93d-f3ff-4efc-8433-cc1a6fc5b9b1"><Execution id="77071cbc-b4e8-41cf-a01b-17669b57b583" /><TestMethod codeBase="D:\Users\Steve Knipmeyer\Documents\GitHub\ModelRelief\ModelRelief.test\bin\Debug\netcoreapp2.0\ModelRelief.Test.dll" adapterTypeName="executor://xunit/VsTestRunner2/netcoreapp" className="ModelRelief.Test.Integration.DepthBuffers.DepthBuffersBaseIntegrationTests" name="Patch_InvalidReferencePropertyReturnsBadRequest" /></UnitTest><UnitTest name="FileRequest_MeshIsInvalidatedAfterDepthBufferFileBecomesUnsynchronized" storage="d:\users\steve knipmeyer\documents\github\modelrelief\modelrelief.test\bin\debug\netcoreapp2.0\modelrelief.test.dll" id="0009bf2e-426f-4dc7-969f-e3df0b9a31d1"><Execution id="25a876cc-f58e-4063-809c-7b18d17d4d9c" /><TestMethod codeBase="D:\Users\Steve Knipmeyer\Documents\GitHub\ModelRelief\ModelRelief.test\bin\Debug\netcoreapp2.0\ModelRelief.Test.dll" adapterTypeName="executor://xunit/VsTestRunner2/netcoreapp" className="ModelRelief.Test.Integration.Meshes.MeshesFileIntegrationTests" name="FileRequest_MeshIsInvalidatedAfterDepthBufferFileBecomesUnsynchronized" /></UnitTest><UnitTest name="Patch_TargetPropertyIsUpdated" storage="d:\users\steve knipmeyer\documents\github\modelrelief\modelrelief.test\bin\debug\netcoreapp2.0\modelrelief.test.dll" id="7a53fa7b-6fec-4f4a-bc0d-f7a6cedf0b9c"><Execution id="75970d80-6503-453c-ad89-170f64496633" /><TestMethod codeBase="D:\Users\Steve Knipmeyer\Documents\GitHub\ModelRelief\ModelRelief.test\bin\Debug\netcoreapp2.0\ModelRelief.Test.dll" adapterTypeName="executor://xunit/VsTestRunner2/netcoreapp" className="ModelRelief.Test.Integration.MeshTransforms.MeshTransformsBaseIntegrationTests" name="Patch_TargetPropertyIsUpdated" /></UnitTest><UnitTest name="Patch_InvalidEnumPropertyValueReturnsBadRequest" storage="d:\users\steve knipmeyer\documents\github\modelrelief\modelrelief.test\bin\debug\netcoreapp2.0\modelrelief.test.dll" id="6088966d-e21e-490d-9c39-2edff04e99a7"><Execution id="f948851f-f136-4be3-a4e0-d6c0a480cf03" /><TestMethod codeBase="D:\Users\Steve Knipmeyer\Documents\GitHub\ModelRelief\ModelRelief.test\bin\Debug\netcoreapp2.0\ModelRelief.Test.dll" adapterTypeName="executor://xunit/VsTestRunner2/netcoreapp" className="ModelRelief.Test.Integration.Cameras.CamerasBaseIntegrationTests" name="Patch_InvalidEnumPropertyValueReturnsBadRequest" /></UnitTest><UnitTest name="Patch_MultipleInvalidReferencePropertiesReturnsMultipleValidationErrorsAndBadRequest" storage="d:\users\steve knipmeyer\documents\github\modelrelief\modelrelief.test\bin\debug\netcoreapp2.0\modelrelief.test.dll" id="536e35f9-c787-4524-ac0f-29d9d6e1332e"><Execution id="35795f29-027e-4d10-b660-a84b3817edfd" /><TestMethod codeBase="D:\Users\Steve Knipmeyer\Documents\GitHub\ModelRelief\ModelRelief.test\bin\Debug\netcoreapp2.0\ModelRelief.Test.dll" adapterTypeName="executor://xunit/VsTestRunner2/netcoreapp" className="ModelRelief.Test.Integration.MeshTransforms.MeshTransformsBaseIntegrationTests" name="Patch_MultipleInvalidReferencePropertiesReturnsMultipleValidationErrorsAndBadRequest" /></UnitTest><UnitTest name="PostFile_NewFileCanBePosted" storage="d:\users\steve knipmeyer\documents\github\modelrelief\modelrelief.test\bin\debug\netcoreapp2.0\modelrelief.test.dll" id="040f34c9-e947-4a4e-8366-8dc267c3911d"><Execution id="082d7a78-bf45-46ae-a414-c626168d502b" /><TestMethod codeBase="D:\Users\Steve Knipmeyer\Documents\GitHub\ModelRelief\ModelRelief.test\bin\Debug\netcoreapp2.0\ModelRelief.Test.dll" adapterTypeName="executor://xunit/VsTestRunner2/netcoreapp" className="ModelRelief.Test.Integration.Meshes.MeshesFileIntegrationTests" name="PostFile_NewFileCanBePosted" /></UnitTest><UnitTest name="Put_ValidReferencePropertyUpdatesModel" storage="d:\users\steve knipmeyer\documents\github\modelrelief\modelrelief.test\bin\debug\netcoreapp2.0\modelrelief.test.dll" id="ada45ddc-53ee-4462-a4e8-d199aac7ae37"><Execution id="65c29f80-e6bf-4fe7-ba5e-586fea8de768" /><TestMethod codeBase="D:\Users\Steve Knipmeyer\Documents\GitHub\ModelRelief\ModelRelief.test\bin\Debug\netcoreapp2.0\ModelRelief.Test.dll" adapterTypeName="executor://xunit/VsTestRunner2/netcoreapp" className="ModelRelief.Test.Integration.Meshes.MeshesBaseIntegrationTests" name="Put_ValidReferencePropertyUpdatesModel" /></UnitTest><UnitTest name="FileRequest_DepthBufferIsInvalidatedAfterCameraDependencyPropertyChange" storage="d:\users\steve knipmeyer\documents\github\modelrelief\modelrelief.test\bin\debug\netcoreapp2.0\modelrelief.test.dll" id="8c86bb7a-478d-422a-b484-464e0dab8390"><Execution id="8f1ab295-d6da-4d10-b794-045edf673a95" /><TestMethod codeBase="D:\Users\Steve Knipmeyer\Documents\GitHub\ModelRelief\ModelRelief.test\bin\Debug\netcoreapp2.0\ModelRelief.Test.dll" adapterTypeName="executor://xunit/VsTestRunner2/netcoreapp" className="ModelRelief.Test.Integration.DepthBuffers.DepthBuffersFileIntegrationTests" name="FileRequest_DepthBufferIsInvalidatedAfterCameraDependencyPropertyChange" /></UnitTest><UnitTest name="Put_ValidReferencePropertyUpdatesModel" storage="d:\users\steve knipmeyer\documents\github\modelrelief\modelrelief.test\bin\debug\netcoreapp2.0\modelrelief.test.dll" id="d1ef8cbe-57ec-45a6-8172-647e1486d235"><Execution id="589114ca-4fd2-4f1d-bf66-4102f19aea48" /><TestMethod codeBase="D:\Users\Steve Knipmeyer\Documents\GitHub\ModelRelief\ModelRelief.test\bin\Debug\netcoreapp2.0\ModelRelief.Test.dll" adapterTypeName="executor://xunit/VsTestRunner2/netcoreapp" className="ModelRelief.Test.Integration.Projects.ProjectsBaseIntegrationTests" name="Put_ValidReferencePropertyUpdatesModel" /></UnitTest><UnitTest name="Put_ValidReferencePropertyUpdatesModel" storage="d:\users\steve knipmeyer\documents\github\modelrelief\modelrelief.test\bin\debug\netcoreapp2.0\modelrelief.test.dll" id="bb80f38e-ef58-4725-89ef-11307793b368"><Execution id="fe2cb7c0-8f03-4774-963e-f0a676b22c91" /><TestMethod codeBase="D:\Users\Steve Knipmeyer\Documents\GitHub\ModelRelief\ModelRelief.test\bin\Debug\netcoreapp2.0\ModelRelief.Test.dll" adapterTypeName="executor://xunit/VsTestRunner2/netcoreapp" className="ModelRelief.Test.Integration.Models.ModelsBaseIntegrationTests" name="Put_ValidReferencePropertyUpdatesModel" /></UnitTest><UnitTest name="Put_ValidReferencePropertyUpdatesModel" storage="d:\users\steve knipmeyer\documents\github\modelrelief\modelrelief.test\bin\debug\netcoreapp2.0\modelrelief.test.dll" id="5e056c63-d599-4573-bfa5-da4db1337464"><Execution id="1e62c578-7e22-41ab-8c1f-6269fef1e682" /><TestMethod codeBase="D:\Users\Steve Knipmeyer\Documents\GitHub\ModelRelief\ModelRelief.test\bin\Debug\netcoreapp2.0\ModelRelief.Test.dll" adapterTypeName="executor://xunit/VsTestRunner2/netcoreapp" className="ModelRelief.Test.Integration.DepthBuffers.DepthBuffersBaseIntegrationTests" name="Put_ValidReferencePropertyUpdatesModel" /></UnitTest><UnitTest name="Patch_ValidReferencePropertyUpdatesModel" storage="d:\users\steve knipmeyer\documents\github\modelrelief\modelrelief.test\bin\debug\netcoreapp2.0\modelrelief.test.dll" id="97ef9896-11ed-4a76-9f94-2948b4e3724d"><Execution id="91e4c95e-f6ad-4572-ae96-f7f34cfc2534" /><TestMethod codeBase="D:\Users\Steve Knipmeyer\Documents\GitHub\ModelRelief\ModelRelief.test\bin\Debug\netcoreapp2.0\ModelRelief.Test.dll" adapterTypeName="executor://xunit/VsTestRunner2/netcoreapp" className="ModelRelief.Test.Integration.Projects.ProjectsBaseIntegrationTests" name="Patch_ValidReferencePropertyUpdatesModel" /></UnitTest><UnitTest name="Post_InvalidReferencePropertyReturnsBadRequest" storage="d:\users\steve knipmeyer\documents\github\modelrelief\modelrelief.test\bin\debug\netcoreapp2.0\modelrelief.test.dll" id="8b22d69c-12ef-4b32-a205-7e2594631002"><Execution id="b3ddde34-2f85-43fe-af87-1dfda41fb2ac" /><TestMethod codeBase="D:\Users\Steve Knipmeyer\Documents\GitHub\ModelRelief\ModelRelief.test\bin\Debug\netcoreapp2.0\ModelRelief.Test.dll" adapterTypeName="executor://xunit/VsTestRunner2/netcoreapp" className="ModelRelief.Test.Integration.Projects.ProjectsBaseIntegrationTests" name="Post_InvalidReferencePropertyReturnsBadRequest" /></UnitTest><UnitTest name="Post_InvalidReferencePropertyReturnsBadRequest" storage="d:\users\steve knipmeyer\documents\github\modelrelief\modelrelief.test\bin\debug\netcoreapp2.0\modelrelief.test.dll" id="a30c649a-36a2-4f78-81bb-f8b66ab3a6dd"><Execution id="8967d7fa-0a4b-4e42-94f3-88f3a836b965" /><TestMethod codeBase="D:\Users\Steve Knipmeyer\Documents\GitHub\ModelRelief\ModelRelief.test\bin\Debug\netcoreapp2.0\ModelRelief.Test.dll" adapterTypeName="executor://xunit/VsTestRunner2/netcoreapp" className="ModelRelief.Test.Integration.DepthBuffers.DepthBuffersBaseIntegrationTests" name="Post_InvalidReferencePropertyReturnsBadRequest" /></UnitTest><UnitTest name="Put_InvalidIdReturnsNotFound" storage="d:\users\steve knipmeyer\documents\github\modelrelief\modelrelief.test\bin\debug\netcoreapp2.0\modelrelief.test.dll" id="57ce0606-da3f-4648-8a98-5687a696c8cb"><Execution id="d775c676-b95e-48e7-8e93-0b2cc07a73ad" /><TestMethod codeBase="D:\Users\Steve Knipmeyer\Documents\GitHub\ModelRelief\ModelRelief.test\bin\Debug\netcoreapp2.0\ModelRelief.Test.dll" adapterTypeName="executor://xunit/VsTestRunner2/netcoreapp" className="ModelRelief.Test.Integration.Meshes.MeshesBaseIntegrationTests" name="Put_InvalidIdReturnsNotFound" /></UnitTest><UnitTest name="PutFile_FileCanBeUpdated" storage="d:\users\steve knipmeyer\documents\github\modelrelief\modelrelief.test\bin\debug\netcoreapp2.0\modelrelief.test.dll" id="9c0b09fa-63ff-40fd-9f1d-511a8798b11c"><Execution id="b0612d73-08c2-405b-8b6a-15d894658091" /><TestMethod codeBase="D:\Users\Steve Knipmeyer\Documents\GitHub\ModelRelief\ModelRelief.test\bin\Debug\netcoreapp2.0\ModelRelief.Test.dll" adapterTypeName="executor://xunit/VsTestRunner2/netcoreapp" className="ModelRelief.Test.Integration.Meshes.MeshesFileIntegrationTests" name="PutFile_FileCanBeUpdated" /></UnitTest><UnitTest name="GetSingle_ValidIdPropertyValueReturnsCorrectModel" storage="d:\users\steve knipmeyer\documents\github\modelrelief\modelrelief.test\bin\debug\netcoreapp2.0\modelrelief.test.dll" id="b2cd3a99-4b23-4596-bc55-99a271ae9b94"><Execution id="338bf652-8154-4007-8737-beff786207e4" /><TestMethod codeBase="D:\Users\Steve Knipmeyer\Documents\GitHub\ModelRelief\ModelRelief.test\bin\Debug\netcoreapp2.0\ModelRelief.Test.dll" adapterTypeName="executor://xunit/VsTestRunner2/netcoreapp" className="ModelRelief.Test.Integration.MeshTransforms.MeshTransformsBaseIntegrationTests" name="GetSingle_ValidIdPropertyValueReturnsCorrectModel" /></UnitTest><UnitTest name="Patch_InvalidPropertyNameReturnsBadRequest" storage="d:\users\steve knipmeyer\documents\github\modelrelief\modelrelief.test\bin\debug\netcoreapp2.0\modelrelief.test.dll" id="d077847c-aad5-409f-a68b-5287f321c4bc"><Execution id="cebf82ae-fe09-4995-a3b9-534558805fa3" /><TestMethod codeBase="D:\Users\Steve Knipmeyer\Documents\GitHub\ModelRelief\ModelRelief.test\bin\Debug\netcoreapp2.0\ModelRelief.Test.dll" adapterTypeName="executor://xunit/VsTestRunner2/netcoreapp" className="ModelRelief.Test.Integration.Meshes.MeshesBaseIntegrationTests" name="Patch_InvalidPropertyNameReturnsBadRequest" /></UnitTest><UnitTest name="Patch_ValidReferencePropertyUpdatesModel" storage="d:\users\steve knipmeyer\documents\github\modelrelief\modelrelief.test\bin\debug\netcoreapp2.0\modelrelief.test.dll" id="9bb63e2c-ddc2-4405-8e83-671691c840b1"><Execution id="125fc3b3-06cf-4882-b658-32ef045e9ea6" /><TestMethod codeBase="D:\Users\Steve Knipmeyer\Documents\GitHub\ModelRelief\ModelRelief.test\bin\Debug\netcoreapp2.0\ModelRelief.Test.dll" adapterTypeName="executor://xunit/VsTestRunner2/netcoreapp" className="ModelRelief.Test.Integration.Models.ModelsBaseIntegrationTests" name="Patch_ValidReferencePropertyUpdatesModel" /></UnitTest><UnitTest name="Delete_TargetModelIsDeleted" storage="d:\users\steve knipmeyer\documents\github\modelrelief\modelrelief.test\bin\debug\netcoreapp2.0\modelrelief.test.dll" id="c3a961c3-f6a1-41c2-8a21-ae081f73b753"><Execution id="af38f4e9-55e4-4d3e-9ba8-1ccf64aaad40" /><TestMethod codeBase="D:\Users\Steve Knipmeyer\Documents\GitHub\ModelRelief\ModelRelief.test\bin\Debug\netcoreapp2.0\ModelRelief.Test.dll" adapterTypeName="executor://xunit/VsTestRunner2/netcoreapp" className="ModelRelief.Test.Integration.DepthBuffers.DepthBuffersBaseIntegrationTests" name="Delete_TargetModelIsDeleted" /></UnitTest><UnitTest name="Put_InvalidReferencePropertyReturndBadRequest" storage="d:\users\steve knipmeyer\documents\github\modelrelief\modelrelief.test\bin\debug\netcoreapp2.0\modelrelief.test.dll" id="ca39c4d0-ea21-467a-9257-e8bc41f64f0d"><Execution id="57c2ed94-a8e8-43be-bdc3-40b4539c0e3f" /><TestMethod codeBase="D:\Users\Steve Knipmeyer\Documents\GitHub\ModelRelief\ModelRelief.test\bin\Debug\netcoreapp2.0\ModelRelief.Test.dll" adapterTypeName="executor://xunit/VsTestRunner2/netcoreapp" className="ModelRelief.Test.Integration.Cameras.CamerasBaseIntegrationTests" name="Put_InvalidReferencePropertyReturndBadRequest" /></UnitTest><UnitTest name="Post_InvalidPropertyValueReturnsBadRequest" storage="d:\users\steve knipmeyer\documents\github\modelrelief\modelrelief.test\bin\debug\netcoreapp2.0\modelrelief.test.dll" id="63528099-603b-455b-b800-381cf267cbea"><Execution id="96d0e812-b22b-467b-8144-2ba358b16ac1" /><TestMethod codeBase="D:\Users\Steve Knipmeyer\Documents\GitHub\ModelRelief\ModelRelief.test\bin\Debug\netcoreapp2.0\ModelRelief.Test.dll" adapterTypeName="executor://xunit/VsTestRunner2/netcoreapp" className="ModelRelief.Test.Integration.Projects.ProjectsBaseIntegrationTests" name="Post_InvalidPropertyValueReturnsBadRequest" /></UnitTest><UnitTest name="Patch_InvalidIdPropertyReturnsNotFound" storage="d:\users\steve knipmeyer\documents\github\modelrelief\modelrelief.test\bin\debug\netcoreapp2.0\modelrelief.test.dll" id="ff68f2c7-ad2b-4699-98b9-cb9055a564f1"><Execution id="10bfc3c7-80ff-4a01-8332-cb5bb7c52458" /><TestMethod codeBase="D:\Users\Steve Knipmeyer\Documents\GitHub\ModelRelief\ModelRelief.test\bin\Debug\netcoreapp2.0\ModelRelief.Test.dll" adapterTypeName="executor://xunit/VsTestRunner2/netcoreapp" className="ModelRelief.Test.Integration.Meshes.MeshesBaseIntegrationTests" name="Patch_InvalidIdPropertyReturnsNotFound" /></UnitTest><UnitTest name="Patch_MultipleInvalidReferencePropertiesReturnsMultipleValidationErrorsAndBadRequest" storage="d:\users\steve knipmeyer\documents\github\modelrelief\modelrelief.test\bin\debug\netcoreapp2.0\modelrelief.test.dll" id="a038c5c2-1841-463f-b5c1-c7d294311e96"><Execution id="8b2104eb-bda0-4c8c-9cca-7e29dbf02a1d" /><TestMethod codeBase="D:\Users\Steve Knipmeyer\Documents\GitHub\ModelRelief\ModelRelief.test\bin\Debug\netcoreapp2.0\ModelRelief.Test.dll" adapterTypeName="executor://xunit/VsTestRunner2/netcoreapp" className="ModelRelief.Test.Integration.Meshes.MeshesBaseIntegrationTests" name="Patch_MultipleInvalidReferencePropertiesReturnsMultipleValidationErrorsAndBadRequest" /></UnitTest><UnitTest name="PutFile_FileCanBeUpdated" storage="d:\users\steve knipmeyer\documents\github\modelrelief\modelrelief.test\bin\debug\netcoreapp2.0\modelrelief.test.dll" id="c6d39b51-80b3-4192-865c-51badb7e862e"><Execution id="33cac466-8c53-4d03-9984-0f74a066c255" /><TestMethod codeBase="D:\Users\Steve Knipmeyer\Documents\GitHub\ModelRelief\ModelRelief.test\bin\Debug\netcoreapp2.0\ModelRelief.Test.dll" adapterTypeName="executor://xunit/VsTestRunner2/netcoreapp" className="ModelRelief.Test.Integration.DepthBuffers.DepthBuffersFileIntegrationTests" name="PutFile_FileCanBeUpdated" /></UnitTest><UnitTest name="GetSingle_InvalidIdPropertyValueReturnsNotFound" storage="d:\users\steve knipmeyer\documents\github\modelrelief\modelrelief.test\bin\debug\netcoreapp2.0\modelrelief.test.dll" id="f1831884-42f7-4345-a26f-306acbadd79a"><Execution id="07181771-e28a-44e3-8b0a-94cf78f06e7e" /><TestMethod codeBase="D:\Users\Steve Knipmeyer\Documents\GitHub\ModelRelief\ModelRelief.test\bin\Debug\netcoreapp2.0\ModelRelief.Test.dll" adapterTypeName="executor://xunit/VsTestRunner2/netcoreapp" className="ModelRelief.Test.Integration.DepthBuffers.DepthBuffersBaseIntegrationTests" name="GetSingle_InvalidIdPropertyValueReturnsNotFound" /></UnitTest><UnitTest name="Post_InvalidPropertyValueReturnsBadRequest" storage="d:\users\steve knipmeyer\documents\github\modelrelief\modelrelief.test\bin\debug\netcoreapp2.0\modelrelief.test.dll" id="1b5569a7-ca68-4caf-89ad-98ff098b423e"><Execution id="39c2f60b-471d-4ff1-be72-5be0b8be1241" /><TestMethod codeBase="D:\Users\Steve Knipmeyer\Documents\GitHub\ModelRelief\ModelRelief.test\bin\Debug\netcoreapp2.0\ModelRelief.Test.dll" adapterTypeName="executor://xunit/VsTestRunner2/netcoreapp" className="ModelRelief.Test.Integration.MeshTransforms.MeshTransformsBaseIntegrationTests" name="Post_InvalidPropertyValueReturnsBadRequest" /></UnitTest><UnitTest name="GetSingle_InvalidIdPropertyValueReturnsNotFound" storage="d:\users\steve knipmeyer\documents\github\modelrelief\modelrelief.test\bin\debug\netcoreapp2.0\modelrelief.test.dll" id="edb5db4b-b994-4a59-a859-bb847567b97f"><Execution id="3f2e54fd-3703-4040-9100-f874a54db839" /><TestMethod codeBase="D:\Users\Steve Knipmeyer\Documents\GitHub\ModelRelief\ModelRelief.test\bin\Debug\netcoreapp2.0\ModelRelief.Test.dll" adapterTypeName="executor://xunit/VsTestRunner2/netcoreapp" className="ModelRelief.Test.Integration.Cameras.CamerasBaseIntegrationTests" name="GetSingle_InvalidIdPropertyValueReturnsNotFound" /></UnitTest><UnitTest name="GetSingle_ValidIdPropertyValueReturnsCorrectModel" storage="d:\users\steve knipmeyer\documents\github\modelrelief\modelrelief.test\bin\debug\netcoreapp2.0\modelrelief.test.dll" id="3684ef16-9faa-4bef-8919-2f3198c29504"><Execution id="6b7af3db-dae2-4da0-8b99-2a47dd608623" /><TestMethod codeBase="D:\Users\Steve Knipmeyer\Documents\GitHub\ModelRelief\ModelRelief.test\bin\Debug\netcoreapp2.0\ModelRelief.Test.dll" adapterTypeName="executor://xunit/VsTestRunner2/netcoreapp" className="ModelRelief.Test.Integration.Projects.ProjectsBaseIntegrationTests" name="GetSingle_ValidIdPropertyValueReturnsCorrectModel" /></UnitTest><UnitTest name="Patch_InvalidReferencePropertyReturnsBadRequest" storage="d:\users\steve knipmeyer\documents\github\modelrelief\modelrelief.test\bin\debug\netcoreapp2.0\modelrelief.test.dll" id="9e8694b2-fa1f-4d12-a194-6b30f3291097"><Execution id="b42e434a-b2fc-4659-975c-8d92754797cb" /><TestMethod codeBase="D:\Users\Steve Knipmeyer\Documents\GitHub\ModelRelief\ModelRelief.test\bin\Debug\netcoreapp2.0\ModelRelief.Test.dll" adapterTypeName="executor://xunit/VsTestRunner2/netcoreapp" className="ModelRelief.Test.Integration.Models.ModelsBaseIntegrationTests" name="Patch_InvalidReferencePropertyReturnsBadRequest" /></UnitTest><UnitTest name="GetFile_NonExistentFileReturnsNotFound" storage="d:\users\steve knipmeyer\documents\github\modelrelief\modelrelief.test\bin\debug\netcoreapp2.0\modelrelief.test.dll" id="1b3c1ced-89c6-46e9-b6b6-e0f174ea4c80"><Execution id="02f33b1d-b564-497c-bce8-b2a5002a243e" /><TestMethod codeBase="D:\Users\Steve Knipmeyer\Documents\GitHub\ModelRelief\ModelRelief.test\bin\Debug\netcoreapp2.0\ModelRelief.Test.dll" adapterTypeName="executor://xunit/VsTestRunner2/netcoreapp" className="ModelRelief.Test.Integration.DepthBuffers.DepthBuffersFileIntegrationTests" name="GetFile_NonExistentFileReturnsNotFound" /></UnitTest><UnitTest name="Put_InvalidReferencePropertyReturndBadRequest" storage="d:\users\steve knipmeyer\documents\github\modelrelief\modelrelief.test\bin\debug\netcoreapp2.0\modelrelief.test.dll" id="d8024b25-f7fd-425f-973e-54dd51728fda"><Execution id="3f06b133-cfde-41de-91a5-711a87e8daf2" /><TestMethod codeBase="D:\Users\Steve Knipmeyer\Documents\GitHub\ModelRelief\ModelRelief.test\bin\Debug\netcoreapp2.0\ModelRelief.Test.dll" adapterTypeName="executor://xunit/VsTestRunner2/netcoreapp" className="ModelRelief.Test.Integration.DepthBuffers.DepthBuffersBaseIntegrationTests" name="Put_InvalidReferencePropertyReturndBadRequest" /></UnitTest><UnitTest name="GetFile_ExistingFileReturnsSuccess" storage="d:\users\steve knipmeyer\documents\github\modelrelief\modelrelief.test\bin\debug\netcoreapp2.0\modelrelief.test.dll" id="97b7de45-e18c-4841-beb9-e853a54e2e40"><Execution id="f5606450-d8ae-4b46-8e46-0bea53728404" /><TestMethod codeBase="D:\Users\Steve Knipmeyer\Documents\GitHub\ModelRelief\ModelRelief.test\bin\Debug\netcoreapp2.0\ModelRelief.Test.dll" adapterTypeName="executor://xunit/VsTestRunner2/netcoreapp" className="ModelRelief.Test.Integration.DepthBuffers.DepthBuffersFileIntegrationTests" name="GetFile_ExistingFileReturnsSuccess" /></UnitTest><UnitTest name="Patch_InvalidEnumPropertyValueReturnsBadRequest" storage="d:\users\steve knipmeyer\documents\github\modelrelief\modelrelief.test\bin\debug\netcoreapp2.0\modelrelief.test.dll" id="b29315a1-688d-44e6-8694-e05e59d14306"><Execution id="6b60b3d8-3d69-46ed-9ed6-c74b5fb1adcf" /><TestMethod codeBase="D:\Users\Steve Knipmeyer\Documents\GitHub\ModelRelief\ModelRelief.test\bin\Debug\netcoreapp2.0\ModelRelief.Test.dll" adapterTypeName="executor://xunit/VsTestRunner2/netcoreapp" className="ModelRelief.Test.Integration.DepthBuffers.DepthBuffersBaseIntegrationTests" name="Patch_InvalidEnumPropertyValueReturnsBadRequest" /></UnitTest><UnitTest name="GetSingle_InvalidIdPropertyValueReturnsNotFound" storage="d:\users\steve knipmeyer\documents\github\modelrelief\modelrelief.test\bin\debug\netcoreapp2.0\modelrelief.test.dll" id="94d4c55c-b52d-49d1-a2a5-03c60196fdca"><Execution id="1b98b5eb-a189-4729-b99f-cdde1d60a5d5" /><TestMethod codeBase="D:\Users\Steve Knipmeyer\Documents\GitHub\ModelRelief\ModelRelief.test\bin\Debug\netcoreapp2.0\ModelRelief.Test.dll" adapterTypeName="executor://xunit/VsTestRunner2/netcoreapp" className="ModelRelief.Test.Integration.Meshes.MeshesBaseIntegrationTests" name="GetSingle_InvalidIdPropertyValueReturnsNotFound" /></UnitTest><UnitTest name="PostFile_FileIsSynchronizedIsUpdatedAfterFileIsPosted" storage="d:\users\steve knipmeyer\documents\github\modelrelief\modelrelief.test\bin\debug\netcoreapp2.0\modelrelief.test.dll" id="2d0867ea-ac0a-43d6-b8dc-8cd969907f01"><Execution id="30ff8597-7a2b-4992-8b14-66f565d7e69f" /><TestMethod codeBase="D:\Users\Steve Knipmeyer\Documents\GitHub\ModelRelief\ModelRelief.test\bin\Debug\netcoreapp2.0\ModelRelief.Test.dll" adapterTypeName="executor://xunit/VsTestRunner2/netcoreapp" className="ModelRelief.Test.Integration.DepthBuffers.DepthBuffersFileIntegrationTests" name="PostFile_FileIsSynchronizedIsUpdatedAfterFileIsPosted" /></UnitTest><UnitTest name="PutFile_NewFileCanBePut" storage="d:\users\steve knipmeyer\documents\github\modelrelief\modelrelief.test\bin\debug\netcoreapp2.0\modelrelief.test.dll" id="034f732f-c626-4b05-9cb4-7dc63a484691"><Execution id="cfdebf9d-ed59-4f4d-8e08-47945c642261" /><TestMethod codeBase="D:\Users\Steve Knipmeyer\Documents\GitHub\ModelRelief\ModelRelief.test\bin\Debug\netcoreapp2.0\ModelRelief.Test.dll" adapterTypeName="executor://xunit/VsTestRunner2/netcoreapp" className="ModelRelief.Test.Integration.DepthBuffers.DepthBuffersFileIntegrationTests" name="PutFile_NewFileCanBePut" /></UnitTest><UnitTest name="GetSingle_ValidIdPropertyValueReturnsCorrectModel" storage="d:\users\steve knipmeyer\documents\github\modelrelief\modelrelief.test\bin\debug\netcoreapp2.0\modelrelief.test.dll" id="cf0dfd8c-a3c3-4508-ab69-c1b8b1dc2f5c"><Execution id="1de61bb5-513a-41b8-8fc5-ab9c726c48b0" /><TestMethod codeBase="D:\Users\Steve Knipmeyer\Documents\GitHub\ModelRelief\ModelRelief.test\bin\Debug\netcoreapp2.0\ModelRelief.Test.dll" adapterTypeName="executor://xunit/VsTestRunner2/netcoreapp" className="ModelRelief.Test.Integration.Cameras.CamerasBaseIntegrationTests" name="GetSingle_ValidIdPropertyValueReturnsCorrectModel" /></UnitTest><UnitTest name="PostFile_NewFileCanBePosted" storage="d:\users\steve knipmeyer\documents\github\modelrelief\modelrelief.test\bin\debug\netcoreapp2.0\modelrelief.test.dll" id="05d4ac92-7176-4ca2-9021-bcef863f4b66"><Execution id="05fab135-7311-4ac5-8882-61984a61aa0f" /><TestMethod codeBase="D:\Users\Steve Knipmeyer\Documents\GitHub\ModelRelief\ModelRelief.test\bin\Debug\netcoreapp2.0\ModelRelief.Test.dll" adapterTypeName="executor://xunit/VsTestRunner2/netcoreapp" className="ModelRelief.Test.Integration.Models.ModelsFileIntegrationTests" name="PostFile_NewFileCanBePosted" /></UnitTest><UnitTest name="Put_CanUpdateModel" storage="d:\users\steve knipmeyer\documents\github\modelrelief\modelrelief.test\bin\debug\netcoreapp2.0\modelrelief.test.dll" id="e1c582ca-33ed-46a1-834b-e2dc6b222291"><Execution id="7027055e-9c71-48c9-91ce-a1c20e9878e3" /><TestMethod codeBase="D:\Users\Steve Knipmeyer\Documents\GitHub\ModelRelief\ModelRelief.test\bin\Debug\netcoreapp2.0\ModelRelief.Test.dll" adapterTypeName="executor://xunit/VsTestRunner2/netcoreapp" className="ModelRelief.Test.Integration.DepthBuffers.DepthBuffersBaseIntegrationTests" name="Put_CanUpdateModel" /></UnitTest><UnitTest name="Patch_TargetPropertyIsUpdated" storage="d:\users\steve knipmeyer\documents\github\modelrelief\modelrelief.test\bin\debug\netcoreapp2.0\modelrelief.test.dll" id="224d6992-5ed6-4e50-a7a2-caed2fca01c2"><Execution id="20c60b88-dd54-4931-b46e-32e552274b1b" /><TestMethod codeBase="D:\Users\Steve Knipmeyer\Documents\GitHub\ModelRelief\ModelRelief.test\bin\Debug\netcoreapp2.0\ModelRelief.Test.dll" adapterTypeName="executor://xunit/VsTestRunner2/netcoreapp" className="ModelRelief.Test.Integration.Projects.ProjectsBaseIntegrationTests" name="Patch_TargetPropertyIsUpdated" /></UnitTest><UnitTest name="PutFile_NewFileCanBePut" storage="d:\users\steve knipmeyer\documents\github\modelrelief\modelrelief.test\bin\debug\netcoreapp2.0\modelrelief.test.dll" id="fa85a849-e36d-4336-8984-787a7f28d3af"><Execution id="ba30f3b3-a14a-469b-ab12-4ef33ba31a4b" /><TestMethod codeBase="D:\Users\Steve Knipmeyer\Documents\GitHub\ModelRelief\ModelRelief.test\bin\Debug\netcoreapp2.0\ModelRelief.Test.dll" adapterTypeName="executor://xunit/VsTestRunner2/netcoreapp" className="ModelRelief.Test.Integration.Models.ModelsFileIntegrationTests" name="PutFile_NewFileCanBePut" /></UnitTest><UnitTest name="Post_ValidReferencePropertyCreatesModel" storage="d:\users\steve knipmeyer\documents\github\modelrelief\modelrelief.test\bin\debug\netcoreapp2.0\modelrelief.test.dll" id="1ff58e07-670f-42f8-82fe-3972ce3fcb25"><Execution id="5856c1e5-5bd4-41e3-8656-9c2134f862a6" /><TestMethod codeBase="D:\Users\Steve Knipmeyer\Documents\GitHub\ModelRelief\ModelRelief.test\bin\Debug\netcoreapp2.0\ModelRelief.Test.dll" adapterTypeName="executor://xunit/VsTestRunner2/netcoreapp" className="ModelRelief.Test.Integration.Meshes.MeshesBaseIntegrationTests" name="Post_ValidReferencePropertyCreatesModel" /></UnitTest><UnitTest name="Put_InvalidReferencePropertyReturndBadRequest" storage="d:\users\steve knipmeyer\documents\github\modelrelief\modelrelief.test\bin\debug\netcoreapp2.0\modelrelief.test.dll" id="a4f84300-63d8-4ebc-9335-229e4ad5f497"><Execution id="d0724c85-7b28-4962-bb54-bf588d9a0387" /><TestMethod codeBase="D:\Users\Steve Knipmeyer\Documents\GitHub\ModelRelief\ModelRelief.test\bin\Debug\netcoreapp2.0\ModelRelief.Test.dll" adapterTypeName="executor://xunit/VsTestRunner2/netcoreapp" className="ModelRelief.Test.Integration.Projects.ProjectsBaseIntegrationTests" name="Put_InvalidReferencePropertyReturndBadRequest" /></UnitTest><UnitTest name="GetList_ListReturnsCorrectCount" storage="d:\users\steve knipmeyer\documents\github\modelrelief\modelrelief.test\bin\debug\netcoreapp2.0\modelrelief.test.dll" id="5148bf65-6e4c-4c29-85c1-f66a38319a56"><Execution id="418a5f58-bf41-4e5b-871f-ad69d70982ac" /><TestMethod codeBase="D:\Users\Steve Knipmeyer\Documents\GitHub\ModelRelief\ModelRelief.test\bin\Debug\netcoreapp2.0\ModelRelief.Test.dll" adapterTypeName="executor://xunit/VsTestRunner2/netcoreapp" className="ModelRelief.Test.Integration.Models.ModelsBaseIntegrationTests" name="GetList_ListReturnsCorrectCount" /></UnitTest><UnitTest name="Patch_InvalidReferencePropertyReturnsBadRequest" storage="d:\users\steve knipmeyer\documents\github\modelrelief\modelrelief.test\bin\debug\netcoreapp2.0\modelrelief.test.dll" id="a5692613-7bf3-4432-98e9-6fd4cf08d0c2"><Execution id="4b092b73-d1b7-4269-9c17-b555c37f5a07" /><TestMethod codeBase="D:\Users\Steve Knipmeyer\Documents\GitHub\ModelRelief\ModelRelief.test\bin\Debug\netcoreapp2.0\ModelRelief.Test.dll" adapterTypeName="executor://xunit/VsTestRunner2/netcoreapp" className="ModelRelief.Test.Integration.Meshes.MeshesBaseIntegrationTests" name="Patch_InvalidReferencePropertyReturnsBadRequest" /></UnitTest><UnitTest name="GetFile_NonExistentFileReturnsNotFound" storage="d:\users\steve knipmeyer\documents\github\modelrelief\modelrelief.test\bin\debug\netcoreapp2.0\modelrelief.test.dll" id="fc756fdb-030d-4cf6-bf9e-2f11adac2c29"><Execution id="13f0234a-83a9-4c69-b7ea-222fc7c662b9" /><TestMethod codeBase="D:\Users\Steve Knipmeyer\Documents\GitHub\ModelRelief\ModelRelief.test\bin\Debug\netcoreapp2.0\ModelRelief.Test.dll" adapterTypeName="executor://xunit/VsTestRunner2/netcoreapp" className="ModelRelief.Test.Integration.Meshes.MeshesFileIntegrationTests" name="GetFile_NonExistentFileReturnsNotFound" /></UnitTest><UnitTest name="Model3dHasExpectedDependentFiles" storage="d:\users\steve knipmeyer\documents\github\modelrelief\modelrelief.test\bin\debug\netcoreapp2.0\modelrelief.test.dll" id="2840e5d9-90ee-4d32-ad67-92b5eb1acbdc"><Execution id="263c47f9-ad1d-4da5-b63c-738fd578d3ee" /><TestMethod codeBase="D:\Users\Steve Knipmeyer\Documents\GitHub\ModelRelief\ModelRelief.test\bin\Debug\netcoreapp2.0\ModelRelief.Test.dll" adapterTypeName="executor://xunit/VsTestRunner2/netcoreapp" className="ModelRelief.Test.Unit.DependencyManager.DependencyManagerTests" name="Model3dHasExpectedDependentFiles" /></UnitTest><UnitTest name="Put_InvalidReferencePropertyReturndBadRequest" storage="d:\users\steve knipmeyer\documents\github\modelrelief\modelrelief.test\bin\debug\netcoreapp2.0\modelrelief.test.dll" id="617c835c-dbcb-46b6-a0de-c81bf169216a"><Execution id="a3d39633-264a-437d-bf7b-6fcedac2a986" /><TestMethod codeBase="D:\Users\Steve Knipmeyer\Documents\GitHub\ModelRelief\ModelRelief.test\bin\Debug\netcoreapp2.0\ModelRelief.Test.dll" adapterTypeName="executor://xunit/VsTestRunner2/netcoreapp" className="ModelRelief.Test.Integration.MeshTransforms.MeshTransformsBaseIntegrationTests" name="Put_InvalidReferencePropertyReturndBadRequest" /></UnitTest><UnitTest name="PostFile_FileIsSynchronizedIsUpdatedAfterFileIsPosted" storage="d:\users\steve knipmeyer\documents\github\modelrelief\modelrelief.test\bin\debug\netcoreapp2.0\modelrelief.test.dll" id="677ecb81-e4f9-4a57-b6cc-f2ae99314cb9"><Execution id="6f69756d-b3ac-4222-ba8b-8343521da804" /><TestMethod codeBase="D:\Users\Steve Knipmeyer\Documents\GitHub\ModelRelief\ModelRelief.test\bin\Debug\netcoreapp2.0\ModelRelief.Test.dll" adapterTypeName="executor://xunit/VsTestRunner2/netcoreapp" className="ModelRelief.Test.Integration.Models.ModelsFileIntegrationTests" name="PostFile_FileIsSynchronizedIsUpdatedAfterFileIsPosted" /></UnitTest><UnitTest name="Patch_InvalidEnumPropertyValueReturnsBadRequest" storage="d:\users\steve knipmeyer\documents\github\modelrelief\modelrelief.test\bin\debug\netcoreapp2.0\modelrelief.test.dll" id="41fd9376-4eab-4c4e-9e72-9278f53bbaec"><Execution id="e7418c73-505b-4e18-b1c6-6cceba38a300" /><TestMethod codeBase="D:\Users\Steve Knipmeyer\Documents\GitHub\ModelRelief\ModelRelief.test\bin\Debug\netcoreapp2.0\ModelRelief.Test.dll" adapterTypeName="executor://xunit/VsTestRunner2/netcoreapp" className="ModelRelief.Test.Integration.Projects.ProjectsBaseIntegrationTests" name="Patch_InvalidEnumPropertyValueReturnsBadRequest" /></UnitTest><UnitTest name="PostFile_FileIsSynchronizedIsUpdatedAfterFileIsPosted" storage="d:\users\steve knipmeyer\documents\github\modelrelief\modelrelief.test\bin\debug\netcoreapp2.0\modelrelief.test.dll" id="e6023c93-523a-470a-97fb-0e08a656ea5c"><Execution id="fa44f0b4-07c8-4520-b4d1-d1ec42c8f3af" /><TestMethod codeBase="D:\Users\Steve Knipmeyer\Documents\GitHub\ModelRelief\ModelRelief.test\bin\Debug\netcoreapp2.0\ModelRelief.Test.dll" adapterTypeName="executor://xunit/VsTestRunner2/netcoreapp" className="ModelRelief.Test.Integration.Meshes.MeshesFileIntegrationTests" name="PostFile_FileIsSynchronizedIsUpdatedAfterFileIsPosted" /></UnitTest><UnitTest name="GetFile_ExistingFileReturnsSuccess" storage="d:\users\steve knipmeyer\documents\github\modelrelief\modelrelief.test\bin\debug\netcoreapp2.0\modelrelief.test.dll" id="a7a1b2ac-16e0-474d-99ea-ac38e1c0408b"><Execution id="11d274d7-47c2-4c8f-8934-31981d0e3e03" /><TestMethod codeBase="D:\Users\Steve Knipmeyer\Documents\GitHub\ModelRelief\ModelRelief.test\bin\Debug\netcoreapp2.0\ModelRelief.Test.dll" adapterTypeName="executor://xunit/VsTestRunner2/netcoreapp" className="ModelRelief.Test.Integration.Meshes.MeshesFileIntegrationTests" name="GetFile_ExistingFileReturnsSuccess" /></UnitTest><UnitTest name="GetFile_FileCanBeRoundTripped" storage="d:\users\steve knipmeyer\documents\github\modelrelief\modelrelief.test\bin\debug\netcoreapp2.0\modelrelief.test.dll" id="7f8622c9-3550-47e2-b113-f0c9f75f36c2"><Execution id="973b4c2a-49cc-4926-811e-e5a019de0c6b" /><TestMethod codeBase="D:\Users\Steve Knipmeyer\Documents\GitHub\ModelRelief\ModelRelief.test\bin\Debug\netcoreapp2.0\ModelRelief.Test.dll" adapterTypeName="executor://xunit/VsTestRunner2/netcoreapp" className="ModelRelief.Test.Integration.DepthBuffers.DepthBuffersFileIntegrationTests" name="GetFile_FileCanBeRoundTripped" /></UnitTest><UnitTest name="Patch_InvalidPropertyNameReturnsBadRequest" storage="d:\users\steve knipmeyer\documents\github\modelrelief\modelrelief.test\bin\debug\netcoreapp2.0\modelrelief.test.dll" id="68642276-b2f9-4ba7-85f1-6760033805f3"><Execution id="46345924-b4cc-4f60-b87f-9c8a0a6de332" /><TestMethod codeBase="D:\Users\Steve Knipmeyer\Documents\GitHub\ModelRelief\ModelRelief.test\bin\Debug\netcoreapp2.0\ModelRelief.Test.dll" adapterTypeName="executor://xunit/VsTestRunner2/netcoreapp" className="ModelRelief.Test.Integration.Projects.ProjectsBaseIntegrationTests" name="Patch_InvalidPropertyNameReturnsBadRequest" /></UnitTest><UnitTest name="Put_ValidReferencePropertyUpdatesModel" storage="d:\users\steve knipmeyer\documents\github\modelrelief\modelrelief.test\bin\debug\netcoreapp2.0\modelrelief.test.dll" id="bb694863-f415-4ba4-9831-05dfa7a73cc7"><Execution id="63c628b2-af5b-46d3-a5dd-47270bce2017" /><TestMethod codeBase="D:\Users\Steve Knipmeyer\Documents\GitHub\ModelRelief\ModelRelief.test\bin\Debug\netcoreapp2.0\ModelRelief.Test.dll" adapterTypeName="executor://xunit/VsTestRunner2/netcoreapp" className="ModelRelief.Test.Integration.Cameras.CamerasBaseIntegrationTests" name="Put_ValidReferencePropertyUpdatesModel" /></UnitTest><UnitTest name="LucyDepthBufferFindsOneDependent" storage="d:\users\steve knipmeyer\documents\github\modelrelief\modelrelief.test\bin\debug\netcoreapp2.0\modelrelief.test.dll" id="fab4afeb-223b-40d5-985e-c3cd3d5e6d8f"><Execution id="a8d64c05-5ae1-4809-95f1-1dd9ecfc3585" /><TestMethod codeBase="D:\Users\Steve Knipmeyer\Documents\GitHub\ModelRelief\ModelRelief.test\bin\Debug\netcoreapp2.0\ModelRelief.Test.dll" adapterTypeName="executor://xunit/VsTestRunner2/netcoreapp" className="ModelRelief.Test.Unit.DependencyManager.DependencyManagerTests" name="LucyDepthBufferFindsOneDependent" /></UnitTest><UnitTest name="Patch_InvalidIdPropertyReturnsNotFound" storage="d:\users\steve knipmeyer\documents\github\modelrelief\modelrelief.test\bin\debug\netcoreapp2.0\modelrelief.test.dll" id="80061371-bb14-41bd-8eaa-7b0b7deae394"><Execution id="3dc64753-a30a-4351-b269-f0c5f425ab4c" /><TestMethod codeBase="D:\Users\Steve Knipmeyer\Documents\GitHub\ModelRelief\ModelRelief.test\bin\Debug\netcoreapp2.0\ModelRelief.Test.dll" adapterTypeName="executor://xunit/VsTestRunner2/netcoreapp" className="ModelRelief.Test.Integration.MeshTransforms.MeshTransformsBaseIntegrationTests" name="Patch_InvalidIdPropertyReturnsNotFound" /></UnitTest><UnitTest name="Delete_TargetModelIsDeleted" storage="d:\users\steve knipmeyer\documents\github\modelrelief\modelrelief.test\bin\debug\netcoreapp2.0\modelrelief.test.dll" id="613c8db9-bcd0-4ef1-adc0-3977a8093db8"><Execution id="7cb1b8b8-d428-4e8e-abdc-526123e379fc" /><TestMethod codeBase="D:\Users\Steve Knipmeyer\Documents\GitHub\ModelRelief\ModelRelief.test\bin\Debug\netcoreapp2.0\ModelRelief.Test.dll" adapterTypeName="executor://xunit/VsTestRunner2/netcoreapp" className="ModelRelief.Test.Integration.Cameras.CamerasBaseIntegrationTests" name="Delete_TargetModelIsDeleted" /></UnitTest><UnitTest name="Patch_TargetPropertyIsUpdated" storage="d:\users\steve knipmeyer\documents\github\modelrelief\modelrelief.test\bin\debug\netcoreapp2.0\modelrelief.test.dll" id="7734675e-d3aa-48f2-887e-bf813899ec9b"><Execution id="48cb38ec-e7be-45dc-802b-c399568651ca" /><TestMethod codeBase="D:\Users\Steve Knipmeyer\Documents\GitHub\ModelRelief\ModelRelief.test\bin\Debug\netcoreapp2.0\ModelRelief.Test.dll" adapterTypeName="executor://xunit/VsTestRunner2/netcoreapp" className="ModelRelief.Test.Integration.DepthBuffers.DepthBuffersBaseIntegrationTests" name="Patch_TargetPropertyIsUpdated" /></UnitTest><UnitTest name="Patch_MultipleInvalidReferencePropertiesReturnsMultipleValidationErrorsAndBadRequest" storage="d:\users\steve knipmeyer\documents\github\modelrelief\modelrelief.test\bin\debug\netcoreapp2.0\modelrelief.test.dll" id="4d237a4b-2de9-4aa4-bfa4-2a032da594c2"><Execution id="c9fec211-534b-4f27-a3dc-734510ae24f9" /><TestMethod codeBase="D:\Users\Steve Knipmeyer\Documents\GitHub\ModelRelief\ModelRelief.test\bin\Debug\netcoreapp2.0\ModelRelief.Test.dll" adapterTypeName="executor://xunit/VsTestRunner2/netcoreapp" className="ModelRelief.Test.Integration.Projects.ProjectsBaseIntegrationTests" name="Patch_MultipleInvalidReferencePropertiesReturnsMultipleValidationErrorsAndBadRequest" /></UnitTest><UnitTest name="Post_InvalidPropertyValueReturnsBadRequest" storage="d:\users\steve knipmeyer\documents\github\modelrelief\modelrelief.test\bin\debug\netcoreapp2.0\modelrelief.test.dll" id="f280612f-a14b-4775-85ea-46de9ae3413e"><Execution id="2f8b0f14-8a20-4f0a-b867-dcd88687f7e2" /><TestMethod codeBase="D:\Users\Steve Knipmeyer\Documents\GitHub\ModelRelief\ModelRelief.test\bin\Debug\netcoreapp2.0\ModelRelief.Test.dll" adapterTypeName="executor://xunit/VsTestRunner2/netcoreapp" className="ModelRelief.Test.Integration.Meshes.MeshesBaseIntegrationTests" name="Post_InvalidPropertyValueReturnsBadRequest" /></UnitTest><UnitTest name="Post_ValidReferencePropertyCreatesModel" storage="d:\users\steve knipmeyer\documents\github\modelrelief\modelrelief.test\bin\debug\netcoreapp2.0\modelrelief.test.dll" id="dc0662fc-ee9d-4b3e-8154-8c78044976f2"><Execution id="effbb7fb-5d64-422a-b87f-e4d490bc4ee7" /><TestMethod codeBase="D:\Users\Steve Knipmeyer\Documents\GitHub\ModelRelief\ModelRelief.test\bin\Debug\netcoreapp2.0\ModelRelief.Test.dll" adapterTypeName="executor://xunit/VsTestRunner2/netcoreapp" className="ModelRelief.Test.Integration.MeshTransforms.MeshTransformsBaseIntegrationTests" name="Post_ValidReferencePropertyCreatesModel" /></UnitTest><UnitTest name="Patch_MultipleInvalidReferencePropertiesReturnsMultipleValidationErrorsAndBadRequest" storage="d:\users\steve knipmeyer\documents\github\modelrelief\modelrelief.test\bin\debug\netcoreapp2.0\modelrelief.test.dll" id="7b6c691d-3cf8-47af-95bd-d560cbdd1ae2"><Execution id="cfa6460e-1bf5-482f-8f0c-fb5503b41b3a" /><TestMethod codeBase="D:\Users\Steve Knipmeyer\Documents\GitHub\ModelRelief\ModelRelief.test\bin\Debug\netcoreapp2.0\ModelRelief.Test.dll" adapterTypeName="executor://xunit/VsTestRunner2/netcoreapp" className="ModelRelief.Test.Integration.Cameras.CamerasBaseIntegrationTests" name="Patch_MultipleInvalidReferencePropertiesReturnsMultipleValidationErrorsAndBadRequest" /></UnitTest><UnitTest name="FileRequest_MeshGenerateSetsFileIsSynchronized" storage="d:\users\steve knipmeyer\documents\github\modelrelief\modelrelief.test\bin\debug\netcoreapp2.0\modelrelief.test.dll" id="d2f1d081-a70d-4522-a339-b130134b21e3"><Execution id="c1fafe53-5488-4017-9ee4-78f4254f7b88" /><TestMethod codeBase="D:\Users\Steve Knipmeyer\Documents\GitHub\ModelRelief\ModelRelief.test\bin\Debug\netcoreapp2.0\ModelRelief.Test.dll" adapterTypeName="executor://xunit/VsTestRunner2/netcoreapp" className="ModelRelief.Test.Integration.Meshes.MeshesFileIntegrationTests" name="FileRequest_MeshGenerateSetsFileIsSynchronized" /></UnitTest><UnitTest name="Post_InvalidReferencePropertyReturnsBadRequest" storage="d:\users\steve knipmeyer\documents\github\modelrelief\modelrelief.test\bin\debug\netcoreapp2.0\modelrelief.test.dll" id="9af66206-c45a-40a9-b5c7-fd0fe69bae26"><Execution id="c5d97ddc-ae77-4b3e-91db-8f819f284bda" /><TestMethod codeBase="D:\Users\Steve Knipmeyer\Documents\GitHub\ModelRelief\ModelRelief.test\bin\Debug\netcoreapp2.0\ModelRelief.Test.dll" adapterTypeName="executor://xunit/VsTestRunner2/netcoreapp" className="ModelRelief.Test.Integration.Meshes.MeshesBaseIntegrationTests" name="Post_InvalidReferencePropertyReturnsBadRequest" /></UnitTest><UnitTest name="Patch_InvalidIdPropertyReturnsNotFound" storage="d:\users\steve knipmeyer\documents\github\modelrelief\modelrelief.test\bin\debug\netcoreapp2.0\modelrelief.test.dll" id="0042a7a7-a2c3-482d-9e3f-91d9fbd275ff"><Execution id="8e50f0a1-5448-4372-8d6a-8e40259a11e3" /><TestMethod codeBase="D:\Users\Steve Knipmeyer\Documents\GitHub\ModelRelief\ModelRelief.test\bin\Debug\netcoreapp2.0\ModelRelief.Test.dll" adapterTypeName="executor://xunit/VsTestRunner2/netcoreapp" className="ModelRelief.Test.Integration.Cameras.CamerasBaseIntegrationTests" name="Patch_InvalidIdPropertyReturnsNotFound" /></UnitTest><UnitTest name="Patch_InvalidEnumPropertyValueReturnsBadRequest" storage="d:\users\steve knipmeyer\documents\github\modelrelief\modelrelief.test\bin\debug\netcoreapp2.0\modelrelief.test.dll" id="1017ba29-38a2-4d76-acbe-35e300f637c9"><Execution id="dbd35d96-6475-48bf-972a-aae0bdeab710" /><TestMethod codeBase="D:\Users\Steve Knipmeyer\Documents\GitHub\ModelRelief\ModelRelief.test\bin\Debug\netcoreapp2.0\ModelRelief.Test.dll" adapterTypeName="executor://xunit/VsTestRunner2/netcoreapp" className="ModelRelief.Test.Integration.Meshes.MeshesBaseIntegrationTests" name="Patch_InvalidEnumPropertyValueReturnsBadRequest" /></UnitTest><UnitTest name="DepthBufferHasExpectedDependentFiles" storage="d:\users\steve knipmeyer\documents\github\modelrelief\modelrelief.test\bin\debug\netcoreapp2.0\modelrelief.test.dll" id="cc75f272-0d55-4ecd-8f20-b013e85686aa"><Execution id="95708dcf-6295-4fb8-aa97-b4b0fb1906d9" /><TestMethod codeBase="D:\Users\Steve Knipmeyer\Documents\GitHub\ModelRelief\ModelRelief.test\bin\Debug\netcoreapp2.0\ModelRelief.Test.dll" adapterTypeName="executor://xunit/VsTestRunner2/netcoreapp" className="ModelRelief.Test.Unit.DependencyManager.DependencyManagerTests" name="DepthBufferHasExpectedDependentFiles" /></UnitTest><UnitTest name="PostFile_FileTimeStampIsUpdatedAfterFileIsPosted" storage="d:\users\steve knipmeyer\documents\github\modelrelief\modelrelief.test\bin\debug\netcoreapp2.0\modelrelief.test.dll" id="3050b11b-fa8f-4fc0-b5d1-dcee2800ea35"><Execution id="141914a1-eba0-47ec-a7c7-398db758c6e2" /><TestMethod codeBase="D:\Users\Steve Knipmeyer\Documents\GitHub\ModelRelief\ModelRelief.test\bin\Debug\netcoreapp2.0\ModelRelief.Test.dll" adapterTypeName="executor://xunit/VsTestRunner2/netcoreapp" className="ModelRelief.Test.Integration.DepthBuffers.DepthBuffersFileIntegrationTests" name="PostFile_FileTimeStampIsUpdatedAfterFileIsPosted" /></UnitTest><UnitTest name="Patch_ValidReferencePropertyUpdatesModel" storage="d:\users\steve knipmeyer\documents\github\modelrelief\modelrelief.test\bin\debug\netcoreapp2.0\modelrelief.test.dll" id="31edd23e-72c9-4f6f-a394-5bc25c35e2e3"><Execution id="0ef08cee-68ca-456e-a389-7208f3f5ea69" /><TestMethod codeBase="D:\Users\Steve Knipmeyer\Documents\GitHub\ModelRelief\ModelRelief.test\bin\Debug\netcoreapp2.0\ModelRelief.Test.dll" adapterTypeName="executor://xunit/VsTestRunner2/netcoreapp" className="ModelRelief.Test.Integration.Cameras.CamerasBaseIntegrationTests" name="Patch_ValidReferencePropertyUpdatesModel" /></UnitTest><UnitTest name="Put_InvalidIdReturnsNotFound" storage="d:\users\steve knipmeyer\documents\github\modelrelief\modelrelief.test\bin\debug\netcoreapp2.0\modelrelief.test.dll" id="9256bf0b-7b22-4a06-a7cc-6069d896dd5b"><Execution id="a60a37bf-5d03-4d8a-9489-82254696594f" /><TestMethod codeBase="D:\Users\Steve Knipmeyer\Documents\GitHub\ModelRelief\ModelRelief.test\bin\Debug\netcoreapp2.0\ModelRelief.Test.dll" adapterTypeName="executor://xunit/VsTestRunner2/netcoreapp" className="ModelRelief.Test.Integration.MeshTransforms.MeshTransformsBaseIntegrationTests" name="Put_InvalidIdReturnsNotFound" /></UnitTest><UnitTest name="Patch_ValidReferencePropertyUpdatesModel" storage="d:\users\steve knipmeyer\documents\github\modelrelief\modelrelief.test\bin\debug\netcoreapp2.0\modelrelief.test.dll" id="615b3b11-3a31-4f9a-b9cf-3fbb7ead943a"><Execution id="c7fc63e2-0002-41eb-8ff1-1e1620eb2c94" /><TestMethod codeBase="D:\Users\Steve Knipmeyer\Documents\GitHub\ModelRelief\ModelRelief.test\bin\Debug\netcoreapp2.0\ModelRelief.Test.dll" adapterTypeName="executor://xunit/VsTestRunner2/netcoreapp" className="ModelRelief.Test.Integration.Meshes.MeshesBaseIntegrationTests" name="Patch_ValidReferencePropertyUpdatesModel" /></UnitTest><UnitTest name="Post_CanCreateNewModel" storage="d:\users\steve knipmeyer\documents\github\modelrelief\modelrelief.test\bin\debug\netcoreapp2.0\modelrelief.test.dll" id="b5d641bb-3d0c-49eb-af0d-d472c6098054"><Execution id="b0401727-204f-4254-99db-3ec5bcb4a0b1" /><TestMethod codeBase="D:\Users\Steve Knipmeyer\Documents\GitHub\ModelRelief\ModelRelief.test\bin\Debug\netcoreapp2.0\ModelRelief.Test.dll" adapterTypeName="executor://xunit/VsTestRunner2/netcoreapp" className="ModelRelief.Test.Integration.Models.ModelsBaseIntegrationTests" name="Post_CanCreateNewModel" /></UnitTest><UnitTest name="Patch_InvalidReferencePropertyReturnsBadRequest" storage="d:\users\steve knipmeyer\documents\github\modelrelief\modelrelief.test\bin\debug\netcoreapp2.0\modelrelief.test.dll" id="ff3f7164-1841-4885-b979-293f27e87c24"><Execution id="235bf3a8-f0bd-4c18-9c7f-96c2c44d47b9" /><TestMethod codeBase="D:\Users\Steve Knipmeyer\Documents\GitHub\ModelRelief\ModelRelief.test\bin\Debug\netcoreapp2.0\ModelRelief.Test.dll" adapterTypeName="executor://xunit/VsTestRunner2/netcoreapp" className="ModelRelief.Test.Integration.Cameras.CamerasBaseIntegrationTests" name="Patch_InvalidReferencePropertyReturnsBadRequest" /></UnitTest><UnitTest name="PutFile_FileCanBeUpdated" storage="d:\users\steve knipmeyer\documents\github\modelrelief\modelrelief.test\bin\debug\netcoreapp2.0\modelrelief.test.dll" id="97233e97-6fe6-42ab-bfba-d85facab5bfc"><Execution id="31190bb3-7d56-4308-92d2-3f31e9807a64" /><TestMethod codeBase="D:\Users\Steve Knipmeyer\Documents\GitHub\ModelRelief\ModelRelief.test\bin\Debug\netcoreapp2.0\ModelRelief.Test.dll" adapterTypeName="executor://xunit/VsTestRunner2/netcoreapp" className="ModelRelief.Test.Integration.Models.ModelsFileIntegrationTests" name="PutFile_FileCanBeUpdated" /></UnitTest><UnitTest name="GetFile_FileCanBeRoundTripped" storage="d:\users\steve knipmeyer\documents\github\modelrelief\modelrelief.test\bin\debug\netcoreapp2.0\modelrelief.test.dll" id="d27a570a-6f84-4acd-b75d-d434db557e43"><Execution id="c0956283-5fc0-4c82-bf54-4838e2bbcfb1" /><TestMethod codeBase="D:\Users\Steve Knipmeyer\Documents\GitHub\ModelRelief\ModelRelief.test\bin\Debug\netcoreapp2.0\ModelRelief.Test.dll" adapterTypeName="executor://xunit/VsTestRunner2/netcoreapp" className="ModelRelief.Test.Integration.Meshes.MeshesFileIntegrationTests" name="GetFile_FileCanBeRoundTripped" /></UnitTest><UnitTest name="Patch_TargetPropertyIsUpdated" storage="d:\users\steve knipmeyer\documents\github\modelrelief\modelrelief.test\bin\debug\netcoreapp2.0\modelrelief.test.dll" id="d0df3fda-b279-4687-8e20-262935deca3c"><Execution id="12b78230-ed26-4a43-bbe5-89170dc17f44" /><TestMethod codeBase="D:\Users\Steve Knipmeyer\Documents\GitHub\ModelRelief\ModelRelief.test\bin\Debug\netcoreapp2.0\ModelRelief.Test.dll" adapterTypeName="executor://xunit/VsTestRunner2/netcoreapp" className="ModelRelief.Test.Integration.Models.ModelsBaseIntegrationTests" name="Patch_TargetPropertyIsUpdated" /></UnitTest><UnitTest name="Post_InvalidPropertyValueReturnsBadRequest" storage="d:\users\steve knipmeyer\documents\github\modelrelief\modelrelief.test\bin\debug\netcoreapp2.0\modelrelief.test.dll" id="2f1f7bad-ba65-48c6-879c-1d602b23a244"><Execution id="1acba4a2-cbda-4669-8577-bcedcd13396b" /><TestMethod codeBase="D:\Users\Steve Knipmeyer\Documents\GitHub\ModelRelief\ModelRelief.test\bin\Debug\netcoreapp2.0\ModelRelief.Test.dll" adapterTypeName="executor://xunit/VsTestRunner2/netcoreapp" className="ModelRelief.Test.Integration.Models.ModelsBaseIntegrationTests" name="Post_InvalidPropertyValueReturnsBadRequest" /></UnitTest><UnitTest name="Post_InvalidReferencePropertyReturnsBadRequest" storage="d:\users\steve knipmeyer\documents\github\modelrelief\modelrelief.test\bin\debug\netcoreapp2.0\modelrelief.test.dll" id="b0f84fd0-1192-4d0e-88de-e753e46ce3b9"><Execution id="f9a25b63-e52b-40ae-bc99-0e87998b3ef5" /><TestMethod codeBase="D:\Users\Steve Knipmeyer\Documents\GitHub\ModelRelief\ModelRelief.test\bin\Debug\netcoreapp2.0\ModelRelief.Test.dll" adapterTypeName="executor://xunit/VsTestRunner2/netcoreapp" className="ModelRelief.Test.Integration.MeshTransforms.MeshTransformsBaseIntegrationTests" name="Post_InvalidReferencePropertyReturnsBadRequest" /></UnitTest><UnitTest name="GetList_ListReturnsCorrectCount" storage="d:\users\steve knipmeyer\documents\github\modelrelief\modelrelief.test\bin\debug\netcoreapp2.0\modelrelief.test.dll" id="52c99c34-1fa9-4c14-8d49-507149f27574"><Execution id="7777517c-9996-40d1-8259-2c112b4f7e88" /><TestMethod codeBase="D:\Users\Steve Knipmeyer\Documents\GitHub\ModelRelief\ModelRelief.test\bin\Debug\netcoreapp2.0\ModelRelief.Test.dll" adapterTypeName="executor://xunit/VsTestRunner2/netcoreapp" className="ModelRelief.Test.Integration.DepthBuffers.DepthBuffersBaseIntegrationTests" name="GetList_ListReturnsCorrectCount" /></UnitTest><UnitTest name="Patch_InvalidEnumPropertyValueReturnsBadRequest" storage="d:\users\steve knipmeyer\documents\github\modelrelief\modelrelief.test\bin\debug\netcoreapp2.0\modelrelief.test.dll" id="8fa4a1af-2760-46f3-baeb-5bf3a56862c7"><Execution id="1c2ea390-9e0c-461c-b910-34383031dacd" /><TestMethod codeBase="D:\Users\Steve Knipmeyer\Documents\GitHub\ModelRelief\ModelRelief.test\bin\Debug\netcoreapp2.0\ModelRelief.Test.dll" adapterTypeName="executor://xunit/VsTestRunner2/netcoreapp" className="ModelRelief.Test.Integration.Models.ModelsBaseIntegrationTests" name="Patch_InvalidEnumPropertyValueReturnsBadRequest" /></UnitTest><UnitTest name="Post_InvalidReferencePropertyReturnsBadRequest" storage="d:\users\steve knipmeyer\documents\github\modelrelief\modelrelief.test\bin\debug\netcoreapp2.0\modelrelief.test.dll" id="b1efe4b6-0ea6-4fa2-be6c-b31e1f131c73"><Execution id="4fe5d726-ba85-4ce7-9a7f-3d8b25966304" /><TestMethod codeBase="D:\Users\Steve Knipmeyer\Documents\GitHub\ModelRelief\ModelRelief.test\bin\Debug\netcoreapp2.0\ModelRelief.Test.dll" adapterTypeName="executor://xunit/VsTestRunner2/netcoreapp" className="ModelRelief.Test.Integration.Models.ModelsBaseIntegrationTests" name="Post_InvalidReferencePropertyReturnsBadRequest" /></UnitTest><UnitTest name="Delete_TargetModelIsDeleted" storage="d:\users\steve knipmeyer\documents\github\modelrelief\modelrelief.test\bin\debug\netcoreapp2.0\modelrelief.test.dll" id="ea0b66a2-f8f5-42dc-86a9-b93a6373b9de"><Execution id="874c6ac3-0e62-4f61-8c31-fdfe6fed6356" /><TestMethod codeBase="D:\Users\Steve Knipmeyer\Documents\GitHub\ModelRelief\ModelRelief.test\bin\Debug\netcoreapp2.0\ModelRelief.Test.dll" adapterTypeName="executor://xunit/VsTestRunner2/netcoreapp" className="ModelRelief.Test.Integration.Meshes.MeshesBaseIntegrationTests" name="Delete_TargetModelIsDeleted" /></UnitTest><UnitTest name="Put_CanUpdateModel" storage="d:\users\steve knipmeyer\documents\github\modelrelief\modelrelief.test\bin\debug\netcoreapp2.0\modelrelief.test.dll" id="6421a130-2140-45f2-8006-74bc56728ac3"><Execution id="2c1bb01b-0fc1-4347-a27e-3d643814aca5" /><TestMethod codeBase="D:\Users\Steve Knipmeyer\Documents\GitHub\ModelRelief\ModelRelief.test\bin\Debug\netcoreapp2.0\ModelRelief.Test.dll" adapterTypeName="executor://xunit/VsTestRunner2/netcoreapp" className="ModelRelief.Test.Integration.Meshes.MeshesBaseIntegrationTests" name="Put_CanUpdateModel" /></UnitTest><UnitTest name="PostFile_FileTimeStampIsUpdatedAfterFileIsPosted" storage="d:\users\steve knipmeyer\documents\github\modelrelief\modelrelief.test\bin\debug\netcoreapp2.0\modelrelief.test.dll" id="d600bdbb-9d2f-4984-a24d-7a000f9eaeb1"><Execution id="ae2be0f5-fb29-43e5-8b00-88427b0d23c2" /><TestMethod codeBase="D:\Users\Steve Knipmeyer\Documents\GitHub\ModelRelief\ModelRelief.test\bin\Debug\netcoreapp2.0\ModelRelief.Test.dll" adapterTypeName="executor://xunit/VsTestRunner2/netcoreapp" className="ModelRelief.Test.Integration.Models.ModelsFileIntegrationTests" name="PostFile_FileTimeStampIsUpdatedAfterFileIsPosted" /></UnitTest><UnitTest name="Post_CanCreateNewModel" storage="d:\users\steve knipmeyer\documents\github\modelrelief\modelrelief.test\bin\debug\netcoreapp2.0\modelrelief.test.dll" id="23d10de5-399f-4c1b-a699-ea4195c3497f"><Execution id="f78ed297-f70e-40a5-835b-26f88388ace4" /><TestMethod codeBase="D:\Users\Steve Knipmeyer\Documents\GitHub\ModelRelief\ModelRelief.test\bin\Debug\netcoreapp2.0\ModelRelief.Test.dll" adapterTypeName="executor://xunit/VsTestRunner2/netcoreapp" className="ModelRelief.Test.Integration.Projects.ProjectsBaseIntegrationTests" name="Post_CanCreateNewModel" /></UnitTest><UnitTest name="Put_InvalidIdReturnsNotFound" storage="d:\users\steve knipmeyer\documents\github\modelrelief\modelrelief.test\bin\debug\netcoreapp2.0\modelrelief.test.dll" id="d61e7794-a2bd-48d1-91fe-013bbc79f18f"><Execution id="863fd31c-1daa-462f-a6db-06c1d8f787a8" /><TestMethod codeBase="D:\Users\Steve Knipmeyer\Documents\GitHub\ModelRelief\ModelRelief.test\bin\Debug\netcoreapp2.0\ModelRelief.Test.dll" adapterTypeName="executor://xunit/VsTestRunner2/netcoreapp" className="ModelRelief.Test.Integration.Models.ModelsBaseIntegrationTests" name="Put_InvalidIdReturnsNotFound" /></UnitTest><UnitTest name="Patch_InvalidPropertyNameReturnsBadRequest" storage="d:\users\steve knipmeyer\documents\github\modelrelief\modelrelief.test\bin\debug\netcoreapp2.0\modelrelief.test.dll" id="a50ad551-c6e1-4685-a86e-6a97a02f7a41"><Execution id="0b430350-7860-4ecd-81b6-d86cfe521b68" /><TestMethod codeBase="D:\Users\Steve Knipmeyer\Documents\GitHub\ModelRelief\ModelRelief.test\bin\Debug\netcoreapp2.0\ModelRelief.Test.dll" adapterTypeName="executor://xunit/VsTestRunner2/netcoreapp" className="ModelRelief.Test.Integration.Cameras.CamerasBaseIntegrationTests" name="Patch_InvalidPropertyNameReturnsBadRequest" /></UnitTest><UnitTest name="Post_InvalidReferencePropertyReturnsBadRequest" storage="d:\users\steve knipmeyer\documents\github\modelrelief\modelrelief.test\bin\debug\netcoreapp2.0\modelrelief.test.dll" id="31a1a6d7-08c7-4fce-a4f6-8a166b8762bf"><Execution id="1ba3b2f2-3ee5-49e8-b6bc-2c735240941b" /><TestMethod codeBase="D:\Users\Steve Knipmeyer\Documents\GitHub\ModelRelief\ModelRelief.test\bin\Debug\netcoreapp2.0\ModelRelief.Test.dll" adapterTypeName="executor://xunit/VsTestRunner2/netcoreapp" className="ModelRelief.Test.Integration.Cameras.CamerasBaseIntegrationTests" name="Post_InvalidReferencePropertyReturnsBadRequest" /></UnitTest><UnitTest name="Post_ValidReferencePropertyCreatesModel" storage="d:\users\steve knipmeyer\documents\github\modelrelief\modelrelief.test\bin\debug\netcoreapp2.0\modelrelief.test.dll" id="d06e5176-dedf-4be1-8e6f-68e03f6cf0d5"><Execution id="c3dd70f5-b156-44db-957b-760e793084ec" /><TestMethod codeBase="D:\Users\Steve Knipmeyer\Documents\GitHub\ModelRelief\ModelRelief.test\bin\Debug\netcoreapp2.0\ModelRelief.Test.dll" adapterTypeName="executor://xunit/VsTestRunner2/netcoreapp" className="ModelRelief.Test.Integration.Cameras.CamerasBaseIntegrationTests" name="Post_ValidReferencePropertyCreatesModel" /></UnitTest><UnitTest name="Patch_TargetPropertyIsUpdated" storage="d:\users\steve knipmeyer\documents\github\modelrelief\modelrelief.test\bin\debug\netcoreapp2.0\modelrelief.test.dll" id="6d5a0b6f-e7b6-4576-90c8-2c9509cbaf72"><Execution id="b40c1268-a8d0-4203-8f26-ef43c0e1d5b1" /><TestMethod codeBase="D:\Users\Steve Knipmeyer\Documents\GitHub\ModelRelief\ModelRelief.test\bin\Debug\netcoreapp2.0\ModelRelief.Test.dll" adapterTypeName="executor://xunit/VsTestRunner2/netcoreapp" className="ModelRelief.Test.Integration.Meshes.MeshesBaseIntegrationTests" name="Patch_TargetPropertyIsUpdated" /></UnitTest><UnitTest name="Post_CanCreateNewModel" storage="d:\users\steve knipmeyer\documents\github\modelrelief\modelrelief.test\bin\debug\netcoreapp2.0\modelrelief.test.dll" id="d4ceaff5-102b-4276-b7c4-a9cbb3bcde27"><Execution id="d3df176d-80da-4c49-bf65-4d2e89f8fdb4" /><TestMethod codeBase="D:\Users\Steve Knipmeyer\Documents\GitHub\ModelRelief\ModelRelief.test\bin\Debug\netcoreapp2.0\ModelRelief.Test.dll" adapterTypeName="executor://xunit/VsTestRunner2/netcoreapp" className="ModelRelief.Test.Integration.Cameras.CamerasBaseIntegrationTests" name="Post_CanCreateNewModel" /></UnitTest><UnitTest name="GetList_ListReturnsCorrectCount" storage="d:\users\steve knipmeyer\documents\github\modelrelief\modelrelief.test\bin\debug\netcoreapp2.0\modelrelief.test.dll" id="06b02937-6ec9-4c32-b481-df43ab78fe98"><Execution id="7f6a1c35-ef7a-4fc4-a53a-2335fe6741d0" /><TestMethod codeBase="D:\Users\Steve Knipmeyer\Documents\GitHub\ModelRelief\ModelRelief.test\bin\Debug\netcoreapp2.0\ModelRelief.Test.dll" adapterTypeName="executor://xunit/VsTestRunner2/netcoreapp" className="ModelRelief.Test.Integration.MeshTransforms.MeshTransformsBaseIntegrationTests" name="GetList_ListReturnsCorrectCount" /></UnitTest><UnitTest name="FileRequest_FileCanBeReadAfterRename" storage="d:\users\steve knipmeyer\documents\github\modelrelief\modelrelief.test\bin\debug\netcoreapp2.0\modelrelief.test.dll" id="d839a269-55a6-4634-b083-7318d93c42ff"><Execution id="85e2033d-7e46-4939-a5c5-6864b039a178" /><TestMethod codeBase="D:\Users\Steve Knipmeyer\Documents\GitHub\ModelRelief\ModelRelief.test\bin\Debug\netcoreapp2.0\ModelRelief.Test.dll" adapterTypeName="executor://xunit/VsTestRunner2/netcoreapp" className="ModelRelief.Test.Integration.Models.ModelsFileIntegrationTests" name="FileRequest_FileCanBeReadAfterRename" /></UnitTest><UnitTest name="Patch_ValidReferencePropertyUpdatesModel" storage="d:\users\steve knipmeyer\documents\github\modelrelief\modelrelief.test\bin\debug\netcoreapp2.0\modelrelief.test.dll" id="1158cca6-4299-4f89-8f0d-8434f10e7aed"><Execution id="4d1a633f-d892-4b7c-9da9-cb29185b1def" /><TestMethod codeBase="D:\Users\Steve Knipmeyer\Documents\GitHub\ModelRelief\ModelRelief.test\bin\Debug\netcoreapp2.0\ModelRelief.Test.dll" adapterTypeName="executor://xunit/VsTestRunner2/netcoreapp" className="ModelRelief.Test.Integration.MeshTransforms.MeshTransformsBaseIntegrationTests" name="Patch_ValidReferencePropertyUpdatesModel" /></UnitTest><UnitTest name="Delete_TargetModelIsDeleted" storage="d:\users\steve knipmeyer\documents\github\modelrelief\modelrelief.test\bin\debug\netcoreapp2.0\modelrelief.test.dll" id="50768993-a642-4116-9fc6-141dfc20d9e3"><Execution id="026b5a41-c0db-4960-ab8a-50b7432926c9" /><TestMethod codeBase="D:\Users\Steve Knipmeyer\Documents\GitHub\ModelRelief\ModelRelief.test\bin\Debug\netcoreapp2.0\ModelRelief.Test.dll" adapterTypeName="executor://xunit/VsTestRunner2/netcoreapp" className="ModelRelief.Test.Integration.Projects.ProjectsBaseIntegrationTests" name="Delete_TargetModelIsDeleted" /></UnitTest><UnitTest name="CameraHasExpectedDependentFiles" storage="d:\users\steve knipmeyer\documents\github\modelrelief\modelrelief.test\bin\debug\netcoreapp2.0\modelrelief.test.dll" id="9573b2a6-037c-49e7-ad80-c7936d7a5871"><Execution id="a9bf395a-6a8d-421d-84c0-9870f85a5f7b" /><TestMethod codeBase="D:\Users\Steve Knipmeyer\Documents\GitHub\ModelRelief\ModelRelief.test\bin\Debug\netcoreapp2.0\ModelRelief.Test.dll" adapterTypeName="executor://xunit/VsTestRunner2/netcoreapp" className="ModelRelief.Test.Unit.DependencyManager.DependencyManagerTests" name="CameraHasExpectedDependentFiles" /></UnitTest><UnitTest name="Put_InvalidReferencePropertyReturndBadRequest" storage="d:\users\steve knipmeyer\documents\github\modelrelief\modelrelief.test\bin\debug\netcoreapp2.0\modelrelief.test.dll" id="c8fc3917-a206-4b2d-8265-af50a686dd26"><Execution id="e5449b76-f2f8-4021-8927-b9aaa89fac2d" /><TestMethod codeBase="D:\Users\Steve Knipmeyer\Documents\GitHub\ModelRelief\ModelRelief.test\bin\Debug\netcoreapp2.0\ModelRelief.Test.dll" adapterTypeName="executor://xunit/VsTestRunner2/netcoreapp" className="ModelRelief.Test.Integration.Meshes.MeshesBaseIntegrationTests" name="Put_InvalidReferencePropertyReturndBadRequest" /></UnitTest><UnitTest name="GetList_ListReturnsCorrectCount" storage="d:\users\steve knipmeyer\documents\github\modelrelief\modelrelief.test\bin\debug\netcoreapp2.0\modelrelief.test.dll" id="d12d6d3b-3467-4203-9bbe-20712d0a79a3"><Execution id="18b9e264-1752-46e4-8426-c0a12c451ef2" /><TestMethod codeBase="D:\Users\Steve Knipmeyer\Documents\GitHub\ModelRelief\ModelRelief.test\bin\Debug\netcoreapp2.0\ModelRelief.Test.dll" adapterTypeName="executor://xunit/VsTestRunner2/netcoreapp" className="ModelRelief.Test.Integration.Projects.ProjectsBaseIntegrationTests" name="GetList_ListReturnsCorrectCount" /></UnitTest><UnitTest name="Post_CanCreateNewModel" storage="d:\users\steve knipmeyer\documents\github\modelrelief\modelrelief.test\bin\debug\netcoreapp2.0\modelrelief.test.dll" id="b8c159ea-e0a1-4172-91c3-123381c822b0"><Execution id="2dcc15a6-d32a-4c39-9d99-f6de824064f5" /><TestMethod codeBase="D:\Users\Steve Knipmeyer\Documents\GitHub\ModelRelief\ModelRelief.test\bin\Debug\netcoreapp2.0\ModelRelief.Test.dll" adapterTypeName="executor://xunit/VsTestRunner2/netcoreapp" className="ModelRelief.Test.Integration.Meshes.MeshesBaseIntegrationTests" name="Post_CanCreateNewModel" /></UnitTest><UnitTest name="Put_InvalidIdReturnsNotFound" storage="d:\users\steve knipmeyer\documents\github\modelrelief\modelrelief.test\bin\debug\netcoreapp2.0\modelrelief.test.dll" id="98ce836c-bea9-4c16-a91d-5242e01f03ab"><Execution id="979dc94a-11f5-4087-b2e5-449fa8cfe917" /><TestMethod codeBase="D:\Users\Steve Knipmeyer\Documents\GitHub\ModelRelief\ModelRelief.test\bin\Debug\netcoreapp2.0\ModelRelief.Test.dll" adapterTypeName="executor://xunit/VsTestRunner2/netcoreapp" className="ModelRelief.Test.Integration.Projects.ProjectsBaseIntegrationTests" name="Put_InvalidIdReturnsNotFound" /></UnitTest><UnitTest name="GetList_ListReturnsCorrectCount" storage="d:\users\steve knipmeyer\documents\github\modelrelief\modelrelief.test\bin\debug\netcoreapp2.0\modelrelief.test.dll" id="0816a476-43bb-448f-84db-2e0eaf0cfe76"><Execution id="2f64f8ec-5f9e-436b-96c6-027d324095b2" /><TestMethod codeBase="D:\Users\Steve Knipmeyer\Documents\GitHub\ModelRelief\ModelRelief.test\bin\Debug\netcoreapp2.0\ModelRelief.Test.dll" adapterTypeName="executor://xunit/VsTestRunner2/netcoreapp" className="ModelRelief.Test.Integration.Meshes.MeshesBaseIntegrationTests" name="GetList_ListReturnsCorrectCount" /></UnitTest><UnitTest name="Post_CanCreateNewModel" storage="d:\users\steve knipmeyer\documents\github\modelrelief\modelrelief.test\bin\debug\netcoreapp2.0\modelrelief.test.dll" id="763626e9-b24d-40fb-8c0e-cafd1d23da69"><Execution id="62f9b462-8b66-4dbb-b960-c322aaad8378" /><TestMethod codeBase="D:\Users\Steve Knipmeyer\Documents\GitHub\ModelRelief\ModelRelief.test\bin\Debug\netcoreapp2.0\ModelRelief.Test.dll" adapterTypeName="executor://xunit/VsTestRunner2/netcoreapp" className="ModelRelief.Test.Integration.MeshTransforms.MeshTransformsBaseIntegrationTests" name="Post_CanCreateNewModel" /></UnitTest><UnitTest name="Patch_ValidReferencePropertyUpdatesModel" storage="d:\users\steve knipmeyer\documents\github\modelrelief\modelrelief.test\bin\debug\netcoreapp2.0\modelrelief.test.dll" id="94b0ff58-5ffc-49e8-b608-c3636213964b"><Execution id="0bc8816a-da68-46b5-a69d-3f697edee850" /><TestMethod codeBase="D:\Users\Steve Knipmeyer\Documents\GitHub\ModelRelief\ModelRelief.test\bin\Debug\netcoreapp2.0\ModelRelief.Test.dll" adapterTypeName="executor://xunit/VsTestRunner2/netcoreapp" className="ModelRelief.Test.Integration.DepthBuffers.DepthBuffersBaseIntegrationTests" name="Patch_ValidReferencePropertyUpdatesModel" /></UnitTest><UnitTest name="GetSingle_InvalidIdPropertyValueReturnsNotFound" storage="d:\users\steve knipmeyer\documents\github\modelrelief\modelrelief.test\bin\debug\netcoreapp2.0\modelrelief.test.dll" id="4e8252b8-052c-476b-833f-7284a59f61d2"><Execution id="576ad8e3-7e09-4754-85fd-6b295a377286" /><TestMethod codeBase="D:\Users\Steve Knipmeyer\Documents\GitHub\ModelRelief\ModelRelief.test\bin\Debug\netcoreapp2.0\ModelRelief.Test.dll" adapterTypeName="executor://xunit/VsTestRunner2/netcoreapp" className="ModelRelief.Test.Integration.MeshTransforms.MeshTransformsBaseIntegrationTests" name="GetSingle_InvalidIdPropertyValueReturnsNotFound" /></UnitTest><UnitTest name="Patch_InvalidIdPropertyReturnsNotFound" storage="d:\users\steve knipmeyer\documents\github\modelrelief\modelrelief.test\bin\debug\netcoreapp2.0\modelrelief.test.dll" id="4fd07901-55ea-4acb-bbd7-1964b7ad76c6"><Execution id="a6a61921-d4ef-4866-a83e-711cf88ed6f0" /><TestMethod codeBase="D:\Users\Steve Knipmeyer\Documents\GitHub\ModelRelief\ModelRelief.test\bin\Debug\netcoreapp2.0\ModelRelief.Test.dll" adapterTypeName="executor://xunit/VsTestRunner2/netcoreapp" className="ModelRelief.Test.Integration.Models.ModelsBaseIntegrationTests" name="Patch_InvalidIdPropertyReturnsNotFound" /></UnitTest><UnitTest name="MeshTransformHasExpectedDependentFiles" storage="d:\users\steve knipmeyer\documents\github\modelrelief\modelrelief.test\bin\debug\netcoreapp2.0\modelrelief.test.dll" id="fb0fbd58-c962-4456-978c-e95eb87d552f"><Execution id="5a934d71-462f-477c-949c-32ea1edfeede" /><TestMethod codeBase="D:\Users\Steve Knipmeyer\Documents\GitHub\ModelRelief\ModelRelief.test\bin\Debug\netcoreapp2.0\ModelRelief.Test.dll" adapterTypeName="executor://xunit/VsTestRunner2/netcoreapp" className="ModelRelief.Test.Unit.DependencyManager.DependencyManagerTests" name="MeshTransformHasExpectedDependentFiles" /></UnitTest><UnitTest name="Patch_TargetPropertyIsUpdated" storage="d:\users\steve knipmeyer\documents\github\modelrelief\modelrelief.test\bin\debug\netcoreapp2.0\modelrelief.test.dll" id="37c9e851-5827-46bf-a342-e6661bb5f099"><Execution id="b88b3f39-3c25-4201-bc34-cabfe41f9d85" /><TestMethod codeBase="D:\Users\Steve Knipmeyer\Documents\GitHub\ModelRelief\ModelRelief.test\bin\Debug\netcoreapp2.0\ModelRelief.Test.dll" adapterTypeName="executor://xunit/VsTestRunner2/netcoreapp" className="ModelRelief.Test.Integration.Cameras.CamerasBaseIntegrationTests" name="Patch_TargetPropertyIsUpdated" /></UnitTest><UnitTest name="GetSingle_ValidIdPropertyValueReturnsCorrectModel" storage="d:\users\steve knipmeyer\documents\github\modelrelief\modelrelief.test\bin\debug\netcoreapp2.0\modelrelief.test.dll" id="ed4cd4cc-ece8-4de0-9dbd-a4cbd8c3d26c"><Execution id="d1394a96-d532-43cb-b00b-f392ca61d947" /><TestMethod codeBase="D:\Users\Steve Knipmeyer\Documents\GitHub\ModelRelief\ModelRelief.test\bin\Debug\netcoreapp2.0\ModelRelief.Test.dll" adapterTypeName="executor://xunit/VsTestRunner2/netcoreapp" className="ModelRelief.Test.Integration.Models.ModelsBaseIntegrationTests" name="GetSingle_ValidIdPropertyValueReturnsCorrectModel" /></UnitTest><UnitTest name="Put_InvalidIdReturnsNotFound" storage="d:\users\steve knipmeyer\documents\github\modelrelief\modelrelief.test\bin\debug\netcoreapp2.0\modelrelief.test.dll" id="c9bbdf96-fd2a-4b1f-b767-d7c18a0cdcb5"><Execution id="86e2e95a-f309-40a2-a9b8-37a77902694d" /><TestMethod codeBase="D:\Users\Steve Knipmeyer\Documents\GitHub\ModelRelief\ModelRelief.test\bin\Debug\netcoreapp2.0\ModelRelief.Test.dll" adapterTypeName="executor://xunit/VsTestRunner2/netcoreapp" className="ModelRelief.Test.Integration.DepthBuffers.DepthBuffersBaseIntegrationTests" name="Put_InvalidIdReturnsNotFound" /></UnitTest><UnitTest name="Put_CanUpdateModel" storage="d:\users\steve knipmeyer\documents\github\modelrelief\modelrelief.test\bin\debug\netcoreapp2.0\modelrelief.test.dll" id="f7163abc-b742-4d73-bea5-150db4fb0770"><Execution id="b4099804-a992-4704-966f-c6a2091c9ccb" /><TestMethod codeBase="D:\Users\Steve Knipmeyer\Documents\GitHub\ModelRelief\ModelRelief.test\bin\Debug\netcoreapp2.0\ModelRelief.Test.dll" adapterTypeName="executor://xunit/VsTestRunner2/netcoreapp" className="ModelRelief.Test.Integration.Cameras.CamerasBaseIntegrationTests" name="Put_CanUpdateModel" /></UnitTest><UnitTest name="Patch_InvalidPropertyNameReturnsBadRequest" storage="d:\users\steve knipmeyer\documents\github\modelrelief\modelrelief.test\bin\debug\netcoreapp2.0\modelrelief.test.dll" id="ab8b8351-4f44-48b0-afa1-0b9a153af5b7"><Execution id="bbb6b708-2302-4ca6-bbe1-e9377f2e81e4" /><TestMethod codeBase="D:\Users\Steve Knipmeyer\Documents\GitHub\ModelRelief\ModelRelief.test\bin\Debug\netcoreapp2.0\ModelRelief.Test.dll" adapterTypeName="executor://xunit/VsTestRunner2/netcoreapp" className="ModelRelief.Test.Integration.DepthBuffers.DepthBuffersBaseIntegrationTests" name="Patch_InvalidPropertyNameReturnsBadRequest" /></UnitTest><UnitTest name="LucyModel3dHasTwoDependents" storage="d:\users\steve knipmeyer\documents\github\modelrelief\modelrelief.test\bin\debug\netcoreapp2.0\modelrelief.test.dll" id="79f9feb5-7a01-4d34-9014-9e2c272e25b1"><Execution id="f540012c-7a04-44ab-84ce-8cf18aad4791" /><TestMethod codeBase="D:\Users\Steve Knipmeyer\Documents\GitHub\ModelRelief\ModelRelief.test\bin\Debug\netcoreapp2.0\ModelRelief.Test.dll" adapterTypeName="executor://xunit/VsTestRunner2/netcoreapp" className="ModelRelief.Test.Unit.DependencyManager.DependencyManagerTests" name="LucyModel3dHasTwoDependents" /></UnitTest><UnitTest name="GetFile_ExistingFileReturnsSuccess" storage="d:\users\steve knipmeyer\documents\github\modelrelief\modelrelief.test\bin\debug\netcoreapp2.0\modelrelief.test.dll" id="9daff0e4-5453-49e1-8018-5c00d8afc7ca"><Execution id="842e883b-ea8e-4df7-bbec-b07b716cec22" /><TestMethod codeBase="D:\Users\Steve Knipmeyer\Documents\GitHub\ModelRelief\ModelRelief.test\bin\Debug\netcoreapp2.0\ModelRelief.Test.dll" adapterTypeName="executor://xunit/VsTestRunner2/netcoreapp" className="ModelRelief.Test.Integration.Models.ModelsFileIntegrationTests" name="GetFile_ExistingFileReturnsSuccess" /></UnitTest><UnitTest name="Post_InvalidPropertyValueReturnsBadRequest" storage="d:\users\steve knipmeyer\documents\github\modelrelief\modelrelief.test\bin\debug\netcoreapp2.0\modelrelief.test.dll" id="66401de1-91a4-44e2-8515-ac76c6192c6b"><Execution id="c57795f7-66b0-4a31-8c16-7b9097840779" /><TestMethod codeBase="D:\Users\Steve Knipmeyer\Documents\GitHub\ModelRelief\ModelRelief.test\bin\Debug\netcoreapp2.0\ModelRelief.Test.dll" adapterTypeName="executor://xunit/VsTestRunner2/netcoreapp" className="ModelRelief.Test.Integration.DepthBuffers.DepthBuffersBaseIntegrationTests" name="Post_InvalidPropertyValueReturnsBadRequest" /></UnitTest><UnitTest name="Patch_InvalidEnumPropertyValueReturnsBadRequest" storage="d:\users\steve knipmeyer\documents\github\modelrelief\modelrelief.test\bin\debug\netcoreapp2.0\modelrelief.test.dll" id="69faf68b-cb73-4ddb-b5ec-5b3b59f8736a"><Execution id="b0f78620-399c-4e92-993b-6ef60dfcd287" /><TestMethod codeBase="D:\Users\Steve Knipmeyer\Documents\GitHub\ModelRelief\ModelRelief.test\bin\Debug\netcoreapp2.0\ModelRelief.Test.dll" adapterTypeName="executor://xunit/VsTestRunner2/netcoreapp" className="ModelRelief.Test.Integration.MeshTransforms.MeshTransformsBaseIntegrationTests" name="Patch_InvalidEnumPropertyValueReturnsBadRequest" /></UnitTest><UnitTest name="GetList_ListReturnsCorrectCount" storage="d:\users\steve knipmeyer\documents\github\modelrelief\modelrelief.test\bin\debug\netcoreapp2.0\modelrelief.test.dll" id="ef783930-4c7c-4714-b612-819b6d07d8a7"><Execution id="68175939-3e2e-44f1-ac0a-4f1367ebee4c" /><TestMethod codeBase="D:\Users\Steve Knipmeyer\Documents\GitHub\ModelRelief\ModelRelief.test\bin\Debug\netcoreapp2.0\ModelRelief.Test.dll" adapterTypeName="executor://xunit/VsTestRunner2/netcoreapp" className="ModelRelief.Test.Integration.Cameras.CamerasBaseIntegrationTests" name="GetList_ListReturnsCorrectCount" /></UnitTest><UnitTest name="Post_InvalidPropertyValueReturnsBadRequest" storage="d:\users\steve knipmeyer\documents\github\modelrelief\modelrelief.test\bin\debug\netcoreapp2.0\modelrelief.test.dll" id="0c411daa-aa6d-45ba-bd9b-571ecbcc854d"><Execution id="f7d8037f-2dd4-45dc-a8a5-18b9eaaa3ae0" /><TestMethod codeBase="D:\Users\Steve Knipmeyer\Documents\GitHub\ModelRelief\ModelRelief.test\bin\Debug\netcoreapp2.0\ModelRelief.Test.dll" adapterTypeName="executor://xunit/VsTestRunner2/netcoreapp" className="ModelRelief.Test.Integration.Cameras.CamerasBaseIntegrationTests" name="Post_InvalidPropertyValueReturnsBadRequest" /></UnitTest><UnitTest name="FileRequest_FileCanBeReadAfterRename" storage="d:\users\steve knipmeyer\documents\github\modelrelief\modelrelief.test\bin\debug\netcoreapp2.0\modelrelief.test.dll" id="285adc9c-b3e1-4e95-8955-22805daf6a3a"><Execution id="c5d3abb9-a514-43e8-a60b-785b1a4a34ed" /><TestMethod codeBase="D:\Users\Steve Knipmeyer\Documents\GitHub\ModelRelief\ModelRelief.test\bin\Debug\netcoreapp2.0\ModelRelief.Test.dll" adapterTypeName="executor://xunit/VsTestRunner2/netcoreapp" className="ModelRelief.Test.Integration.Meshes.MeshesFileIntegrationTests" name="FileRequest_FileCanBeReadAfterRename" /></UnitTest><UnitTest name="PostFile_NewFileCanBePosted" storage="d:\users\steve knipmeyer\documents\github\modelrelief\modelrelief.test\bin\debug\netcoreapp2.0\modelrelief.test.dll" id="b9292bff-8435-44fe-a976-ad654fe26aac"><Execution id="b72ee15c-7e68-4583-ae59-b332d8824b5d" /><TestMethod codeBase="D:\Users\Steve Knipmeyer\Documents\GitHub\ModelRelief\ModelRelief.test\bin\Debug\netcoreapp2.0\ModelRelief.Test.dll" adapterTypeName="executor://xunit/VsTestRunner2/netcoreapp" className="ModelRelief.Test.Integration.DepthBuffers.DepthBuffersFileIntegrationTests" name="PostFile_NewFileCanBePosted" /></UnitTest><UnitTest name="Put_CanUpdateModel" storage="d:\users\steve knipmeyer\documents\github\modelrelief\modelrelief.test\bin\debug\netcoreapp2.0\modelrelief.test.dll" id="225089bd-a8e3-4ca9-b615-c2ad8c46435b"><Execution id="4f0453d8-905d-44ea-aba8-a1a147498322" /><TestMethod codeBase="D:\Users\Steve Knipmeyer\Documents\GitHub\ModelRelief\ModelRelief.test\bin\Debug\netcoreapp2.0\ModelRelief.Test.dll" adapterTypeName="executor://xunit/VsTestRunner2/netcoreapp" className="ModelRelief.Test.Integration.Projects.ProjectsBaseIntegrationTests" name="Put_CanUpdateModel" /></UnitTest><UnitTest name="Delete_TargetModelIsDeleted" storage="d:\users\steve knipmeyer\documents\github\modelrelief\modelrelief.test\bin\debug\netcoreapp2.0\modelrelief.test.dll" id="041bc4fb-c359-4ac4-a797-f2991d6b1c35"><Execution id="0936f85a-47fc-481d-b2f8-b389d8f3d717" /><TestMethod codeBase="D:\Users\Steve Knipmeyer\Documents\GitHub\ModelRelief\ModelRelief.test\bin\Debug\netcoreapp2.0\ModelRelief.Test.dll" adapterTypeName="executor://xunit/VsTestRunner2/netcoreapp" className="ModelRelief.Test.Integration.Models.ModelsBaseIntegrationTests" name="Delete_TargetModelIsDeleted" /></UnitTest><UnitTest name="PutFile_NewFileCanBePut" storage="d:\users\steve knipmeyer\documents\github\modelrelief\modelrelief.test\bin\debug\netcoreapp2.0\modelrelief.test.dll" id="84f5bec0-eed3-4c63-b40c-f78b810b4d23"><Execution id="8cb1b734-6451-4408-ba8c-0fdee1a1b31c" /><TestMethod codeBase="D:\Users\Steve Knipmeyer\Documents\GitHub\ModelRelief\ModelRelief.test\bin\Debug\netcoreapp2.0\ModelRelief.Test.dll" adapterTypeName="executor://xunit/VsTestRunner2/netcoreapp" className="ModelRelief.Test.Integration.Meshes.MeshesFileIntegrationTests" name="PutFile_NewFileCanBePut" /></UnitTest><UnitTest name="Post_ValidReferencePropertyCreatesModel" storage="d:\users\steve knipmeyer\documents\github\modelrelief\modelrelief.test\bin\debug\netcoreapp2.0\modelrelief.test.dll" id="225ef24d-5ee3-42ed-b999-7d0c9df0fd55"><Execution id="118892da-3bf6-4d4d-be8a-4635ce9b1d15" /><TestMethod codeBase="D:\Users\Steve Knipmeyer\Documents\GitHub\ModelRelief\ModelRelief.test\bin\Debug\netcoreapp2.0\ModelRelief.Test.dll" adapterTypeName="executor://xunit/VsTestRunner2/netcoreapp" className="ModelRelief.Test.Integration.DepthBuffers.DepthBuffersBaseIntegrationTests" name="Post_ValidReferencePropertyCreatesModel" /></UnitTest><UnitTest name="Post_ValidReferencePropertyCreatesModel" storage="d:\users\steve knipmeyer\documents\github\modelrelief\modelrelief.test\bin\debug\netcoreapp2.0\modelrelief.test.dll" id="ce1c0111-08e0-47f9-bae7-d69517551bc4"><Execution id="cd3261ce-7ad9-48aa-9983-3165f150760c" /><TestMethod codeBase="D:\Users\Steve Knipmeyer\Documents\GitHub\ModelRelief\ModelRelief.test\bin\Debug\netcoreapp2.0\ModelRelief.Test.dll" adapterTypeName="executor://xunit/VsTestRunner2/netcoreapp" className="ModelRelief.Test.Integration.Projects.ProjectsBaseIntegrationTests" name="Post_ValidReferencePropertyCreatesModel" /></UnitTest><UnitTest name="GetSingle_ValidIdPropertyValueReturnsCorrectModel" storage="d:\users\steve knipmeyer\documents\github\modelrelief\modelrelief.test\bin\debug\netcoreapp2.0\modelrelief.test.dll" id="ee1d3c1e-0936-4c3d-81ff-d648492a9c93"><Execution id="c043ec1f-0940-4bfa-9754-84caac6ecc04" /><TestMethod codeBase="D:\Users\Steve Knipmeyer\Documents\GitHub\ModelRelief\ModelRelief.test\bin\Debug\netcoreapp2.0\ModelRelief.Test.dll" adapterTypeName="executor://xunit/VsTestRunner2/netcoreapp" className="ModelRelief.Test.Integration.DepthBuffers.DepthBuffersBaseIntegrationTests" name="GetSingle_ValidIdPropertyValueReturnsCorrectModel" /></UnitTest><UnitTest name="Patch_InvalidIdPropertyReturnsNotFound" storage="d:\users\steve knipmeyer\documents\github\modelrelief\modelrelief.test\bin\debug\netcoreapp2.0\modelrelief.test.dll" id="19d83080-2678-46b6-9c32-c17c14f14200"><Execution id="dffb4766-8471-4158-8865-25674f1ba71d" /><TestMethod codeBase="D:\Users\Steve Knipmeyer\Documents\GitHub\ModelRelief\ModelRelief.test\bin\Debug\netcoreapp2.0\ModelRelief.Test.dll" adapterTypeName="executor://xunit/VsTestRunner2/netcoreapp" className="ModelRelief.Test.Integration.Projects.ProjectsBaseIntegrationTests" name="Patch_InvalidIdPropertyReturnsNotFound" /></UnitTest><UnitTest name="GetSingle_InvalidIdPropertyValueReturnsNotFound" storage="d:\users\steve knipmeyer\documents\github\modelrelief\modelrelief.test\bin\debug\netcoreapp2.0\modelrelief.test.dll" id="6fe5fd0a-973e-408f-aa7f-c9fce7def002"><Execution id="b96ad734-2394-41ed-8195-c78c5ad309f5" /><TestMethod codeBase="D:\Users\Steve Knipmeyer\Documents\GitHub\ModelRelief\ModelRelief.test\bin\Debug\netcoreapp2.0\ModelRelief.Test.dll" adapterTypeName="executor://xunit/VsTestRunner2/netcoreapp" className="ModelRelief.Test.Integration.Models.ModelsBaseIntegrationTests" name="GetSingle_InvalidIdPropertyValueReturnsNotFound" /></UnitTest><UnitTest name="Patch_MultipleInvalidReferencePropertiesReturnsMultipleValidationErrorsAndBadRequest" storage="d:\users\steve knipmeyer\documents\github\modelrelief\modelrelief.test\bin\debug\netcoreapp2.0\modelrelief.test.dll" id="05967637-5040-4601-a047-57d62dad10e6"><Execution id="90869679-c042-4654-a77b-74581c776c80" /><TestMethod codeBase="D:\Users\Steve Knipmeyer\Documents\GitHub\ModelRelief\ModelRelief.test\bin\Debug\netcoreapp2.0\ModelRelief.Test.dll" adapterTypeName="executor://xunit/VsTestRunner2/netcoreapp" className="ModelRelief.Test.Integration.Models.ModelsBaseIntegrationTests" name="Patch_MultipleInvalidReferencePropertiesReturnsMultipleValidationErrorsAndBadRequest" /></UnitTest><UnitTest name="Put_ValidReferencePropertyUpdatesModel" storage="d:\users\steve knipmeyer\documents\github\modelrelief\modelrelief.test\bin\debug\netcoreapp2.0\modelrelief.test.dll" id="9fee7613-4de9-4695-bdd6-7f7e304147c6"><Execution id="c5a703d7-9cd4-4d1a-935a-42affbaad093" /><TestMethod codeBase="D:\Users\Steve Knipmeyer\Documents\GitHub\ModelRelief\ModelRelief.test\bin\Debug\netcoreapp2.0\ModelRelief.Test.dll" adapterTypeName="executor://xunit/VsTestRunner2/netcoreapp" className="ModelRelief.Test.Integration.MeshTransforms.MeshTransformsBaseIntegrationTests" name="Put_ValidReferencePropertyUpdatesModel" /></UnitTest><UnitTest name="FileRequest_FileCanBeReadAfterRename" storage="d:\users\steve knipmeyer\documents\github\modelrelief\modelrelief.test\bin\debug\netcoreapp2.0\modelrelief.test.dll" id="b9035c6d-e84f-4109-9e94-23622de4c5cc"><Execution id="2b1e3493-97e2-4175-9dcc-1c250443e543" /><TestMethod codeBase="D:\Users\Steve Knipmeyer\Documents\GitHub\ModelRelief\ModelRelief.test\bin\Debug\netcoreapp2.0\ModelRelief.Test.dll" adapterTypeName="executor://xunit/VsTestRunner2/netcoreapp" className="ModelRelief.Test.Integration.DepthBuffers.DepthBuffersFileIntegrationTests" name="FileRequest_FileCanBeReadAfterRename" /></UnitTest><UnitTest name="Patch_InvalidIdPropertyReturnsNotFound" storage="d:\users\steve knipmeyer\documents\github\modelrelief\modelrelief.test\bin\debug\netcoreapp2.0\modelrelief.test.dll" id="d4409d5d-9ba2-4f2d-b540-252bf0d95fff"><Execution id="78d1bbf9-da18-4d95-98b4-2bff7148afa1" /><TestMethod codeBase="D:\Users\Steve Knipmeyer\Documents\GitHub\ModelRelief\ModelRelief.test\bin\Debug\netcoreapp2.0\ModelRelief.Test.dll" adapterTypeName="executor://xunit/VsTestRunner2/netcoreapp" className="ModelRelief.Test.Integration.DepthBuffers.DepthBuffersBaseIntegrationTests" name="Patch_InvalidIdPropertyReturnsNotFound" /></UnitTest><UnitTest name="Delete_TargetModelIsDeleted" storage="d:\users\steve knipmeyer\documents\github\modelrelief\modelrelief.test\bin\debug\netcoreapp2.0\modelrelief.test.dll" id="189c5cf6-ffec-462b-9445-a213337a549e"><Execution id="be6bc092-01f4-4817-be4f-4ba379383234" /><TestMethod codeBase="D:\Users\Steve Knipmeyer\Documents\GitHub\ModelRelief\ModelRelief.test\bin\Debug\netcoreapp2.0\ModelRelief.Test.dll" adapterTypeName="executor://xunit/VsTestRunner2/netcoreapp" className="ModelRelief.Test.Integration.MeshTransforms.MeshTransformsBaseIntegrationTests" name="Delete_TargetModelIsDeleted" /></UnitTest><UnitTest name="Put_InvalidReferencePropertyReturndBadRequest" storage="d:\users\steve knipmeyer\documents\github\modelrelief\modelrelief.test\bin\debug\netcoreapp2.0\modelrelief.test.dll" id="a5da1832-427b-4c5b-9d7d-fce594d6e292"><Execution id="5d89b19b-eeee-441b-bdd3-ede1918a95c2" /><TestMethod codeBase="D:\Users\Steve Knipmeyer\Documents\GitHub\ModelRelief\ModelRelief.test\bin\Debug\netcoreapp2.0\ModelRelief.Test.dll" adapterTypeName="executor://xunit/VsTestRunner2/netcoreapp" className="ModelRelief.Test.Integration.Models.ModelsBaseIntegrationTests" name="Put_InvalidReferencePropertyReturndBadRequest" /></UnitTest><UnitTest name="Post_ValidReferencePropertyCreatesModel" storage="d:\users\steve knipmeyer\documents\github\modelrelief\modelrelief.test\bin\debug\netcoreapp2.0\modelrelief.test.dll" id="cd8c414d-ca9b-4ac2-9b56-130303e6398e"><Execution id="b5a1bc91-3283-4e26-82e5-56d6c9d100d7" /><TestMethod codeBase="D:\Users\Steve Knipmeyer\Documents\GitHub\ModelRelief\ModelRelief.test\bin\Debug\netcoreapp2.0\ModelRelief.Test.dll" adapterTypeName="executor://xunit/VsTestRunner2/netcoreapp" className="ModelRelief.Test.Integration.Models.ModelsBaseIntegrationTests" name="Post_ValidReferencePropertyCreatesModel" /></UnitTest><UnitTest name="Patch_InvalidReferencePropertyReturnsBadRequest" storage="d:\users\steve knipmeyer\documents\github\modelrelief\modelrelief.test\bin\debug\netcoreapp2.0\modelrelief.test.dll" id="0f80caa4-9af6-4d27-9144-192625eef487"><Execution id="aa4e2691-a5a0-4897-958b-bca7ff0cce4f" /><TestMethod codeBase="D:\Users\Steve Knipmeyer\Documents\GitHub\ModelRelief\ModelRelief.test\bin\Debug\netcoreapp2.0\ModelRelief.Test.dll" adapterTypeName="executor://xunit/VsTestRunner2/netcoreapp" className="ModelRelief.Test.Integration.MeshTransforms.MeshTransformsBaseIntegrationTests" name="Patch_InvalidReferencePropertyReturnsBadRequest" /></UnitTest><UnitTest name="Put_CanUpdateModel" storage="d:\users\steve knipmeyer\documents\github\modelrelief\modelrelief.test\bin\debug\netcoreapp2.0\modelrelief.test.dll" id="0504afe7-1cf5-4ac7-b874-bef203df66e0"><Execution id="f3f831f3-83a2-436a-b26d-4a6786f76661" /><TestMethod codeBase="D:\Users\Steve Knipmeyer\Documents\GitHub\ModelRelief\ModelRelief.test\bin\Debug\netcoreapp2.0\ModelRelief.Test.dll" adapterTypeName="executor://xunit/VsTestRunner2/netcoreapp" className="ModelRelief.Test.Integration.Models.ModelsBaseIntegrationTests" name="Put_CanUpdateModel" /></UnitTest><UnitTest name="LucyCameraFindsAllDependents" storage="d:\users\steve knipmeyer\documents\github\modelrelief\modelrelief.test\bin\debug\netcoreapp2.0\modelrelief.test.dll" id="074d30f5-d940-48dd-b1ae-6fdd405204cf"><Execution id="6de5ba4f-e31f-4bae-b09a-39812c9fd387" /><TestMethod codeBase="D:\Users\Steve Knipmeyer\Documents\GitHub\ModelRelief\ModelRelief.test\bin\Debug\netcoreapp2.0\ModelRelief.Test.dll" adapterTypeName="executor://xunit/VsTestRunner2/netcoreapp" className="ModelRelief.Test.Unit.DependencyManager.DependencyManagerTests" name="LucyCameraFindsAllDependents" /></UnitTest><UnitTest name="Patch_InvalidReferencePropertyReturnsBadRequest" storage="d:\users\steve knipmeyer\documents\github\modelrelief\modelrelief.test\bin\debug\netcoreapp2.0\modelrelief.test.dll" id="74aa29e9-2e3e-495a-a537-51ffa19b0685"><Execution id="d8cabef3-f545-4538-844d-d894ae0f54e0" /><TestMethod codeBase="D:\Users\Steve Knipmeyer\Documents\GitHub\ModelRelief\ModelRelief.test\bin\Debug\netcoreapp2.0\ModelRelief.Test.dll" adapterTypeName="executor://xunit/VsTestRunner2/netcoreapp" className="ModelRelief.Test.Integration.Projects.ProjectsBaseIntegrationTests" name="Patch_InvalidReferencePropertyReturnsBadRequest" /></UnitTest><UnitTest name="PostFile_FileTimeStampIsUpdatedAfterFileIsPosted" storage="d:\users\steve knipmeyer\documents\github\modelrelief\modelrelief.test\bin\debug\netcoreapp2.0\modelrelief.test.dll" id="4073fd72-1341-46fe-b4b9-1ec309432864"><Execution id="50304915-6abc-43c0-9019-42c0a7da9d53" /><TestMethod codeBase="D:\Users\Steve Knipmeyer\Documents\GitHub\ModelRelief\ModelRelief.test\bin\Debug\netcoreapp2.0\ModelRelief.Test.dll" adapterTypeName="executor://xunit/VsTestRunner2/netcoreapp" className="ModelRelief.Test.Integration.Meshes.MeshesFileIntegrationTests" name="PostFile_FileTimeStampIsUpdatedAfterFileIsPosted" /></UnitTest><UnitTest name="Put_CanUpdateModel" storage="d:\users\steve knipmeyer\documents\github\modelrelief\modelrelief.test\bin\debug\netcoreapp2.0\modelrelief.test.dll" id="bd11042c-ed5b-497a-901b-5fde750fc18f"><Execution id="936291e0-c8a6-4578-a4c6-12aea67bad76" /><TestMethod codeBase="D:\Users\Steve Knipmeyer\Documents\GitHub\ModelRelief\ModelRelief.test\bin\Debug\netcoreapp2.0\ModelRelief.Test.dll" adapterTypeName="executor://xunit/VsTestRunner2/netcoreapp" className="ModelRelief.Test.Integration.MeshTransforms.MeshTransformsBaseIntegrationTests" name="Put_CanUpdateModel" /></UnitTest><UnitTest name="FileRequest_MeshGenerateScalesDepthBufferByUnsharpHighFrequencyScale" storage="d:\users\steve knipmeyer\documents\github\modelrelief\modelrelief.test\bin\debug\netcoreapp2.0\modelrelief.test.dll" id="0c1e601b-b3a3-459c-82e1-04a229f84048"><Execution id="27407a61-1a91-4427-aeb5-e883f3011370" /><TestMethod codeBase="D:\Users\Steve Knipmeyer\Documents\GitHub\ModelRelief\ModelRelief.test\bin\Debug\netcoreapp2.0\ModelRelief.Test.dll" adapterTypeName="executor://xunit/VsTestRunner2/netcoreapp" className="ModelRelief.Test.Integration.Meshes.MeshesFileIntegrationTests" name="FileRequest_MeshGenerateScalesDepthBufferByUnsharpHighFrequencyScale" /></UnitTest><UnitTest name="Patch_InvalidPropertyNameReturnsBadRequest" storage="d:\users\steve knipmeyer\documents\github\modelrelief\modelrelief.test\bin\debug\netcoreapp2.0\modelrelief.test.dll" id="eb0da9f0-6755-4522-9c69-cfa63700b0e9"><Execution id="14018963-20f7-41fc-81c6-3b4305306271" /><TestMethod codeBase="D:\Users\Steve Knipmeyer\Documents\GitHub\ModelRelief\ModelRelief.test\bin\Debug\netcoreapp2.0\ModelRelief.Test.dll" adapterTypeName="executor://xunit/VsTestRunner2/netcoreapp" className="ModelRelief.Test.Integration.MeshTransforms.MeshTransformsBaseIntegrationTests" name="Patch_InvalidPropertyNameReturnsBadRequest" /></UnitTest><UnitTest name="Patch_MultipleInvalidReferencePropertiesReturnsMultipleValidationErrorsAndBadRequest" storage="d:\users\steve knipmeyer\documents\github\modelrelief\modelrelief.test\bin\debug\netcoreapp2.0\modelrelief.test.dll" id="b78b8fa0-f3ea-48f2-8df2-575e9c447ad2"><Execution id="f5ae7a67-cf1b-4f72-8a97-4529ecdb70dd" /><TestMethod codeBase="D:\Users\Steve Knipmeyer\Documents\GitHub\ModelRelief\ModelRelief.test\bin\Debug\netcoreapp2.0\ModelRelief.Test.dll" adapterTypeName="executor://xunit/VsTestRunner2/netcoreapp" className="ModelRelief.Test.Integration.DepthBuffers.DepthBuffersBaseIntegrationTests" name="Patch_MultipleInvalidReferencePropertiesReturnsMultipleValidationErrorsAndBadRequest" /></UnitTest><UnitTest name="Post_CanCreateNewModel" storage="d:\users\steve knipmeyer\documents\github\modelrelief\modelrelief.test\bin\debug\netcoreapp2.0\modelrelief.test.dll" id="dea91884-cb37-4a8f-bf3f-6fecb3e2da7a"><Execution id="cdeb1231-cac2-4334-9a5f-e6e27ea0cf04" /><TestMethod codeBase="D:\Users\Steve Knipmeyer\Documents\GitHub\ModelRelief\ModelRelief.test\bin\Debug\netcoreapp2.0\ModelRelief.Test.dll" adapterTypeName="executor://xunit/VsTestRunner2/netcoreapp" className="ModelRelief.Test.Integration.DepthBuffers.DepthBuffersBaseIntegrationTests" name="Post_CanCreateNewModel" /></UnitTest><UnitTest name="GetSingle_ValidIdPropertyValueReturnsCorrectModel" storage="d:\users\steve knipmeyer\documents\github\modelrelief\modelrelief.test\bin\debug\netcoreapp2.0\modelrelief.test.dll" id="3eff8596-6814-4e08-bdc6-763ee444a3f3"><Execution id="846d7829-96b3-4bd5-87db-9f2d6e02da08" /><TestMethod codeBase="D:\Users\Steve Knipmeyer\Documents\GitHub\ModelRelief\ModelRelief.test\bin\Debug\netcoreapp2.0\ModelRelief.Test.dll" adapterTypeName="executor://xunit/VsTestRunner2/netcoreapp" className="ModelRelief.Test.Integration.Meshes.MeshesBaseIntegrationTests" name="GetSingle_ValidIdPropertyValueReturnsCorrectModel" /></UnitTest><UnitTest name="Put_InvalidIdReturnsNotFound" storage="d:\users\steve knipmeyer\documents\github\modelrelief\modelrelief.test\bin\debug\netcoreapp2.0\modelrelief.test.dll" id="019a8e81-a21d-4031-970b-76957d76ab34"><Execution id="81a329e8-a720-4638-89b0-ba4b071c5e42" /><TestMethod codeBase="D:\Users\Steve Knipmeyer\Documents\GitHub\ModelRelief\ModelRelief.test\bin\Debug\netcoreapp2.0\ModelRelief.Test.dll" adapterTypeName="executor://xunit/VsTestRunner2/netcoreapp" className="ModelRelief.Test.Integration.Cameras.CamerasBaseIntegrationTests" name="Put_InvalidIdReturnsNotFound" /></UnitTest><UnitTest name="GetFile_FileCanBeRoundTripped" storage="d:\users\steve knipmeyer\documents\github\modelrelief\modelrelief.test\bin\debug\netcoreapp2.0\modelrelief.test.dll" id="be63e123-54ad-4b4c-9fd9-ef02f1f247f4"><Execution id="c4a9a737-50e2-423a-a237-95957b09bef7" /><TestMethod codeBase="D:\Users\Steve Knipmeyer\Documents\GitHub\ModelRelief\ModelRelief.test\bin\Debug\netcoreapp2.0\ModelRelief.Test.dll" adapterTypeName="executor://xunit/VsTestRunner2/netcoreapp" className="ModelRelief.Test.Integration.Models.ModelsFileIntegrationTests" name="GetFile_FileCanBeRoundTripped" /></UnitTest></TestDefinitions><TestEntries><TestEntry testId="80061371-bb14-41bd-8eaa-7b0b7deae394" executionId="3dc64753-a30a-4351-b269-f0c5f425ab4c" testListId="8c84fa94-04c1-424b-9868-57a2d4851a1d" /><TestEntry testId="a5692613-7bf3-4432-98e9-6fd4cf08d0c2" executionId="4b092b73-d1b7-4269-9c17-b555c37f5a07" testListId="8c84fa94-04c1-424b-9868-57a2d4851a1d" /><TestEntry testId="9573b2a6-037c-49e7-ad80-c7936d7a5871" executionId="a9bf395a-6a8d-421d-84c0-9870f85a5f7b" testListId="8c84fa94-04c1-424b-9868-57a2d4851a1d" /><TestEntry testId="ee1d3c1e-0936-4c3d-81ff-d648492a9c93" executionId="c043ec1f-0940-4bfa-9754-84caac6ecc04" testListId="8c84fa94-04c1-424b-9868-57a2d4851a1d" /><TestEntry testId="41fd9376-4eab-4c4e-9e72-9278f53bbaec" executionId="e7418c73-505b-4e18-b1c6-6cceba38a300" testListId="8c84fa94-04c1-424b-9868-57a2d4851a1d" /><TestEntry testId="94d4c55c-b52d-49d1-a2a5-03c60196fdca" executionId="1b98b5eb-a189-4729-b99f-cdde1d60a5d5" testListId="8c84fa94-04c1-424b-9868-57a2d4851a1d" /><TestEntry testId="bd11042c-ed5b-497a-901b-5fde750fc18f" executionId="936291e0-c8a6-4578-a4c6-12aea67bad76" testListId="8c84fa94-04c1-424b-9868-57a2d4851a1d" /><TestEntry testId="ca39c4d0-ea21-467a-9257-e8bc41f64f0d" executionId="57c2ed94-a8e8-43be-bdc3-40b4539c0e3f" testListId="8c84fa94-04c1-424b-9868-57a2d4851a1d" /><TestEntry testId="019a8e81-a21d-4031-970b-76957d76ab34" executionId="81a329e8-a720-4638-89b0-ba4b071c5e42" testListId="8c84fa94-04c1-424b-9868-57a2d4851a1d" /><TestEntry testId="7a53fa7b-6fec-4f4a-bc0d-f7a6cedf0b9c" executionId="75970d80-6503-453c-ad89-170f64496633" testListId="8c84fa94-04c1-424b-9868-57a2d4851a1d" /><TestEntry testId="1017ba29-38a2-4d76-acbe-35e300f637c9" executionId="dbd35d96-6475-48bf-972a-aae0bdeab710" testListId="8c84fa94-04c1-424b-9868-57a2d4851a1d" /><TestEntry testId="613c8db9-bcd0-4ef1-adc0-3977a8093db8" executionId="7cb1b8b8-d428-4e8e-abdc-526123e379fc" testListId="8c84fa94-04c1-424b-9868-57a2d4851a1d" /><TestEntry testId="3684ef16-9faa-4bef-8919-2f3198c29504" executionId="6b7af3db-dae2-4da0-8b99-2a47dd608623" testListId="8c84fa94-04c1-424b-9868-57a2d4851a1d" /><TestEntry testId="8b22d69c-12ef-4b32-a205-7e2594631002" executionId="b3ddde34-2f85-43fe-af87-1dfda41fb2ac" testListId="8c84fa94-04c1-424b-9868-57a2d4851a1d" /><TestEntry testId="c8fc3917-a206-4b2d-8265-af50a686dd26" executionId="e5449b76-f2f8-4021-8927-b9aaa89fac2d" testListId="8c84fa94-04c1-424b-9868-57a2d4851a1d" /><TestEntry testId="6421a130-2140-45f2-8006-74bc56728ac3" executionId="2c1bb01b-0fc1-4347-a27e-3d643814aca5" testListId="8c84fa94-04c1-424b-9868-57a2d4851a1d" /><TestEntry testId="a30c649a-36a2-4f78-81bb-f8b66ab3a6dd" executionId="8967d7fa-0a4b-4e42-94f3-88f3a836b965" testListId="8c84fa94-04c1-424b-9868-57a2d4851a1d" /><TestEntry testId="05967637-5040-4601-a047-57d62dad10e6" executionId="90869679-c042-4654-a77b-74581c776c80" testListId="8c84fa94-04c1-424b-9868-57a2d4851a1d" /><TestEntry testId="be63e123-54ad-4b4c-9fd9-ef02f1f247f4" executionId="c4a9a737-50e2-423a-a237-95957b09bef7" testListId="8c84fa94-04c1-424b-9868-57a2d4851a1d" /><TestEntry testId="285adc9c-b3e1-4e95-8955-22805daf6a3a" executionId="c5d3abb9-a514-43e8-a60b-785b1a4a34ed" testListId="8c84fa94-04c1-424b-9868-57a2d4851a1d" /><TestEntry testId="b29315a1-688d-44e6-8694-e05e59d14306" executionId="6b60b3d8-3d69-46ed-9ed6-c74b5fb1adcf" testListId="8c84fa94-04c1-424b-9868-57a2d4851a1d" /><TestEntry testId="31a1a6d7-08c7-4fce-a4f6-8a166b8762bf" executionId="1ba3b2f2-3ee5-49e8-b6bc-2c735240941b" testListId="8c84fa94-04c1-424b-9868-57a2d4851a1d" /><TestEntry testId="ada45ddc-53ee-4462-a4e8-d199aac7ae37" executionId="65c29f80-e6bf-4fe7-ba5e-586fea8de768" testListId="8c84fa94-04c1-424b-9868-57a2d4851a1d" /><TestEntry testId="ff68f2c7-ad2b-4699-98b9-cb9055a564f1" executionId="10bfc3c7-80ff-4a01-8332-cb5bb7c52458" testListId="8c84fa94-04c1-424b-9868-57a2d4851a1d" /><TestEntry testId="b2cd3a99-4b23-4596-bc55-99a271ae9b94" executionId="338bf652-8154-4007-8737-beff786207e4" testListId="8c84fa94-04c1-424b-9868-57a2d4851a1d" /><TestEntry testId="4073fd72-1341-46fe-b4b9-1ec309432864" executionId="50304915-6abc-43c0-9019-42c0a7da9d53" testListId="8c84fa94-04c1-424b-9868-57a2d4851a1d" /><TestEntry testId="f280612f-a14b-4775-85ea-46de9ae3413e" executionId="2f8b0f14-8a20-4f0a-b867-dcd88687f7e2" testListId="8c84fa94-04c1-424b-9868-57a2d4851a1d" /><TestEntry testId="0504afe7-1cf5-4ac7-b874-bef203df66e0" executionId="f3f831f3-83a2-436a-b26d-4a6786f76661" testListId="8c84fa94-04c1-424b-9868-57a2d4851a1d" /><TestEntry testId="bb80f38e-ef58-4725-89ef-11307793b368" executionId="fe2cb7c0-8f03-4774-963e-f0a676b22c91" testListId="8c84fa94-04c1-424b-9868-57a2d4851a1d" /><TestEntry testId="f7163abc-b742-4d73-bea5-150db4fb0770" executionId="b4099804-a992-4704-966f-c6a2091c9ccb" testListId="8c84fa94-04c1-424b-9868-57a2d4851a1d" /><TestEntry testId="98ce836c-bea9-4c16-a91d-5242e01f03ab" executionId="979dc94a-11f5-4087-b2e5-449fa8cfe917" testListId="8c84fa94-04c1-424b-9868-57a2d4851a1d" /><TestEntry testId="d4ceaff5-102b-4276-b7c4-a9cbb3bcde27" executionId="d3df176d-80da-4c49-bf65-4d2e89f8fdb4" testListId="8c84fa94-04c1-424b-9868-57a2d4851a1d" /><TestEntry testId="c9bbdf96-fd2a-4b1f-b767-d7c18a0cdcb5" executionId="86e2e95a-f309-40a2-a9b8-37a77902694d" testListId="8c84fa94-04c1-424b-9868-57a2d4851a1d" /><TestEntry testId="3050b11b-fa8f-4fc0-b5d1-dcee2800ea35" executionId="141914a1-eba0-47ec-a7c7-398db758c6e2" testListId="8c84fa94-04c1-424b-9868-57a2d4851a1d" /><TestEntry testId="ed4cd4cc-ece8-4de0-9dbd-a4cbd8c3d26c" executionId="d1394a96-d532-43cb-b00b-f392ca61d947" testListId="8c84fa94-04c1-424b-9868-57a2d4851a1d" /><TestEntry testId="a5da1832-427b-4c5b-9d7d-fce594d6e292" executionId="5d89b19b-eeee-441b-bdd3-ede1918a95c2" testListId="8c84fa94-04c1-424b-9868-57a2d4851a1d" /><TestEntry testId="0009bf2e-426f-4dc7-969f-e3df0b9a31d1" executionId="25a876cc-f58e-4063-809c-7b18d17d4d9c" testListId="8c84fa94-04c1-424b-9868-57a2d4851a1d" /><TestEntry testId="dea91884-cb37-4a8f-bf3f-6fecb3e2da7a" executionId="cdeb1231-cac2-4334-9a5f-e6e27ea0cf04" testListId="8c84fa94-04c1-424b-9868-57a2d4851a1d" /><TestEntry testId="224d6992-5ed6-4e50-a7a2-caed2fca01c2" executionId="20c60b88-dd54-4931-b46e-32e552274b1b" testListId="8c84fa94-04c1-424b-9868-57a2d4851a1d" /><TestEntry testId="9bb63e2c-ddc2-4405-8e83-671691c840b1" executionId="125fc3b3-06cf-4882-b658-32ef045e9ea6" testListId="8c84fa94-04c1-424b-9868-57a2d4851a1d" /><TestEntry testId="041bc4fb-c359-4ac4-a797-f2991d6b1c35" executionId="0936f85a-47fc-481d-b2f8-b389d8f3d717" testListId="8c84fa94-04c1-424b-9868-57a2d4851a1d" /><TestEntry testId="eb0da9f0-6755-4522-9c69-cfa63700b0e9" executionId="14018963-20f7-41fc-81c6-3b4305306271" testListId="8c84fa94-04c1-424b-9868-57a2d4851a1d" /><TestEntry testId="9fee7613-4de9-4695-bdd6-7f7e304147c6" executionId="c5a703d7-9cd4-4d1a-935a-42affbaad093" testListId="8c84fa94-04c1-424b-9868-57a2d4851a1d" /><TestEntry testId="a4f84300-63d8-4ebc-9335-229e4ad5f497" executionId="d0724c85-7b28-4962-bb54-bf588d9a0387" testListId="8c84fa94-04c1-424b-9868-57a2d4851a1d" /><TestEntry testId="d12d6d3b-3467-4203-9bbe-20712d0a79a3" executionId="18b9e264-1752-46e4-8426-c0a12c451ef2" testListId="8c84fa94-04c1-424b-9868-57a2d4851a1d" /><TestEntry testId="74aa29e9-2e3e-495a-a537-51ffa19b0685" executionId="d8cabef3-f545-4538-844d-d894ae0f54e0" testListId="8c84fa94-04c1-424b-9868-57a2d4851a1d" /><TestEntry testId="d600bdbb-9d2f-4984-a24d-7a000f9eaeb1" executionId="ae2be0f5-fb29-43e5-8b00-88427b0d23c2" testListId="8c84fa94-04c1-424b-9868-57a2d4851a1d" /><TestEntry testId="37c9e851-5827-46bf-a342-e6661bb5f099" executionId="b88b3f39-3c25-4201-bc34-cabfe41f9d85" testListId="8c84fa94-04c1-424b-9868-57a2d4851a1d" /><TestEntry testId="0816a476-43bb-448f-84db-2e0eaf0cfe76" executionId="2f64f8ec-5f9e-436b-96c6-027d324095b2" testListId="8c84fa94-04c1-424b-9868-57a2d4851a1d" /><TestEntry testId="69faf68b-cb73-4ddb-b5ec-5b3b59f8736a" executionId="b0f78620-399c-4e92-993b-6ef60dfcd287" testListId="8c84fa94-04c1-424b-9868-57a2d4851a1d" /><TestEntry testId="b8c159ea-e0a1-4172-91c3-123381c822b0" executionId="2dcc15a6-d32a-4c39-9d99-f6de824064f5" testListId="8c84fa94-04c1-424b-9868-57a2d4851a1d" /><TestEntry testId="074d30f5-d940-48dd-b1ae-6fdd405204cf" executionId="6de5ba4f-e31f-4bae-b09a-39812c9fd387" testListId="8c84fa94-04c1-424b-9868-57a2d4851a1d" /><TestEntry testId="0c1e601b-b3a3-459c-82e1-04a229f84048" executionId="27407a61-1a91-4427-aeb5-e883f3011370" testListId="8c84fa94-04c1-424b-9868-57a2d4851a1d" /><TestEntry testId="536e35f9-c787-4524-ac0f-29d9d6e1332e" executionId="35795f29-027e-4d10-b660-a84b3817edfd" testListId="8c84fa94-04c1-424b-9868-57a2d4851a1d" /><TestEntry testId="d839a269-55a6-4634-b083-7318d93c42ff" executionId="85e2033d-7e46-4939-a5c5-6864b039a178" testListId="8c84fa94-04c1-424b-9868-57a2d4851a1d" /><TestEntry testId="ff3f7164-1841-4885-b979-293f27e87c24" executionId="235bf3a8-f0bd-4c18-9c7f-96c2c44d47b9" testListId="8c84fa94-04c1-424b-9868-57a2d4851a1d" /><TestEntry testId="31edd23e-72c9-4f6f-a394-5bc25c35e2e3" executionId="0ef08cee-68ca-456e-a389-7208f3f5ea69" testListId="8c84fa94-04c1-424b-9868-57a2d4851a1d" /><TestEntry testId="d1ef8cbe-57ec-45a6-8172-647e1486d235" executionId="589114ca-4fd2-4f1d-bf66-4102f19aea48" testListId="8c84fa94-04c1-424b-9868-57a2d4851a1d" /><TestEntry testId="ef783930-4c7c-4714-b612-819b6d07d8a7" executionId="68175939-3e2e-44f1-ac0a-4f1367ebee4c" testListId="8c84fa94-04c1-424b-9868-57a2d4851a1d" /><TestEntry testId="d077847c-aad5-409f-a68b-5287f321c4bc" executionId="cebf82ae-fe09-4995-a3b9-534558805fa3" testListId="8c84fa94-04c1-424b-9868-57a2d4851a1d" /><TestEntry testId="9c0b09fa-63ff-40fd-9f1d-511a8798b11c" executionId="b0612d73-08c2-405b-8b6a-15d894658091" testListId="8c84fa94-04c1-424b-9868-57a2d4851a1d" /><TestEntry testId="b0f84fd0-1192-4d0e-88de-e753e46ce3b9" executionId="f9a25b63-e52b-40ae-bc99-0e87998b3ef5" testListId="8c84fa94-04c1-424b-9868-57a2d4851a1d" /><TestEntry testId="cc75f272-0d55-4ecd-8f20-b013e85686aa" executionId="95708dcf-6295-4fb8-aa97-b4b0fb1906d9" testListId="8c84fa94-04c1-424b-9868-57a2d4851a1d" /><TestEntry testId="0f80caa4-9af6-4d27-9144-192625eef487" executionId="aa4e2691-a5a0-4897-958b-bca7ff0cce4f" testListId="8c84fa94-04c1-424b-9868-57a2d4851a1d" /><TestEntry testId="ea0b66a2-f8f5-42dc-86a9-b93a6373b9de" executionId="874c6ac3-0e62-4f61-8c31-fdfe6fed6356" testListId="8c84fa94-04c1-424b-9868-57a2d4851a1d" /><TestEntry testId="b1efe4b6-0ea6-4fa2-be6c-b31e1f131c73" executionId="4fe5d726-ba85-4ce7-9a7f-3d8b25966304" testListId="8c84fa94-04c1-424b-9868-57a2d4851a1d" /><TestEntry testId="bb694863-f415-4ba4-9831-05dfa7a73cc7" executionId="63c628b2-af5b-46d3-a5dd-47270bce2017" testListId="8c84fa94-04c1-424b-9868-57a2d4851a1d" /><TestEntry testId="fa85a849-e36d-4336-8984-787a7f28d3af" executionId="ba30f3b3-a14a-469b-ab12-4ef33ba31a4b" testListId="8c84fa94-04c1-424b-9868-57a2d4851a1d" /><TestEntry testId="9af66206-c45a-40a9-b5c7-fd0fe69bae26" executionId="c5d97ddc-ae77-4b3e-91db-8f819f284bda" testListId="8c84fa94-04c1-424b-9868-57a2d4851a1d" /><TestEntry testId="d61e7794-a2bd-48d1-91fe-013bbc79f18f" executionId="863fd31c-1daa-462f-a6db-06c1d8f787a8" testListId="8c84fa94-04c1-424b-9868-57a2d4851a1d" /><TestEntry testId="23d10de5-399f-4c1b-a699-ea4195c3497f" executionId="f78ed297-f70e-40a5-835b-26f88388ace4" testListId="8c84fa94-04c1-424b-9868-57a2d4851a1d" /><TestEntry testId="e6023c93-523a-470a-97fb-0e08a656ea5c" executionId="fa44f0b4-07c8-4520-b4d1-d1ec42c8f3af" testListId="8c84fa94-04c1-424b-9868-57a2d4851a1d" /><TestEntry testId="4d237a4b-2de9-4aa4-bfa4-2a032da594c2" executionId="c9fec211-534b-4f27-a3dc-734510ae24f9" testListId="8c84fa94-04c1-424b-9868-57a2d4851a1d" /><TestEntry testId="dc0662fc-ee9d-4b3e-8154-8c78044976f2" executionId="effbb7fb-5d64-422a-b87f-e4d490bc4ee7" testListId="8c84fa94-04c1-424b-9868-57a2d4851a1d" /><TestEntry testId="19d83080-2678-46b6-9c32-c17c14f14200" executionId="dffb4766-8471-4158-8865-25674f1ba71d" testListId="8c84fa94-04c1-424b-9868-57a2d4851a1d" /><TestEntry testId="d0df3fda-b279-4687-8e20-262935deca3c" executionId="12b78230-ed26-4a43-bbe5-89170dc17f44" testListId="8c84fa94-04c1-424b-9868-57a2d4851a1d" /><TestEntry testId="97233e97-6fe6-42ab-bfba-d85facab5bfc" executionId="31190bb3-7d56-4308-92d2-3f31e9807a64" testListId="8c84fa94-04c1-424b-9868-57a2d4851a1d" /><TestEntry testId="5148bf65-6e4c-4c29-85c1-f66a38319a56" executionId="418a5f58-bf41-4e5b-871f-ad69d70982ac" testListId="8c84fa94-04c1-424b-9868-57a2d4851a1d" /><TestEntry testId="c3a961c3-f6a1-41c2-8a21-ae081f73b753" executionId="af38f4e9-55e4-4d3e-9ba8-1ccf64aaad40" testListId="8c84fa94-04c1-424b-9868-57a2d4851a1d" /><TestEntry testId="0042a7a7-a2c3-482d-9e3f-91d9fbd275ff" executionId="8e50f0a1-5448-4372-8d6a-8e40259a11e3" testListId="8c84fa94-04c1-424b-9868-57a2d4851a1d" /><TestEntry testId="d8024b25-f7fd-425f-973e-54dd51728fda" executionId="3f06b133-cfde-41de-91a5-711a87e8daf2" testListId="8c84fa94-04c1-424b-9868-57a2d4851a1d" /><TestEntry testId="d06e5176-dedf-4be1-8e6f-68e03f6cf0d5" executionId="c3dd70f5-b156-44db-957b-760e793084ec" testListId="8c84fa94-04c1-424b-9868-57a2d4851a1d" /><TestEntry testId="6d5a0b6f-e7b6-4576-90c8-2c9509cbaf72" executionId="b40c1268-a8d0-4203-8f26-ef43c0e1d5b1" testListId="8c84fa94-04c1-424b-9868-57a2d4851a1d" /><TestEntry testId="2840e5d9-90ee-4d32-ad67-92b5eb1acbdc" executionId="263c47f9-ad1d-4da5-b63c-738fd578d3ee" testListId="8c84fa94-04c1-424b-9868-57a2d4851a1d" /><TestEntry testId="f1831884-42f7-4345-a26f-306acbadd79a" executionId="07181771-e28a-44e3-8b0a-94cf78f06e7e" testListId="8c84fa94-04c1-424b-9868-57a2d4851a1d" /><TestEntry testId="9daff0e4-5453-49e1-8018-5c00d8afc7ca" executionId="842e883b-ea8e-4df7-bbec-b07b716cec22" testListId="8c84fa94-04c1-424b-9868-57a2d4851a1d" /><TestEntry testId="7b4e5da4-fcc3-4c57-92cf-96c13f72b1bc" executionId="d90668c6-0ae5-485e-a0ed-5924ecf09503" testListId="8c84fa94-04c1-424b-9868-57a2d4851a1d" /><TestEntry testId="50768993-a642-4116-9fc6-141dfc20d9e3" executionId="026b5a41-c0db-4960-ab8a-50b7432926c9" testListId="8c84fa94-04c1-424b-9868-57a2d4851a1d" /><TestEntry testId="225ef24d-5ee3-42ed-b999-7d0c9df0fd55" executionId="118892da-3bf6-4d4d-be8a-4635ce9b1d15" testListId="8c84fa94-04c1-424b-9868-57a2d4851a1d" /><TestEntry testId="9e8694b2-fa1f-4d12-a194-6b30f3291097" executionId="b42e434a-b2fc-4659-975c-8d92754797cb" testListId="8c84fa94-04c1-424b-9868-57a2d4851a1d" /><TestEntry testId="57ce0606-da3f-4648-8a98-5687a696c8cb" executionId="d775c676-b95e-48e7-8e93-0b2cc07a73ad" testListId="8c84fa94-04c1-424b-9868-57a2d4851a1d" /><TestEntry testId="b5d641bb-3d0c-49eb-af0d-d472c6098054" executionId="b0401727-204f-4254-99db-3ec5bcb4a0b1" testListId="8c84fa94-04c1-424b-9868-57a2d4851a1d" /><TestEntry testId="ab8b8351-4f44-48b0-afa1-0b9a153af5b7" executionId="bbb6b708-2302-4ca6-bbe1-e9377f2e81e4" testListId="8c84fa94-04c1-424b-9868-57a2d4851a1d" /><TestEntry testId="763626e9-b24d-40fb-8c0e-cafd1d23da69" executionId="62f9b462-8b66-4dbb-b960-c322aaad8378" testListId="8c84fa94-04c1-424b-9868-57a2d4851a1d" /><TestEntry testId="edb5db4b-b994-4a59-a859-bb847567b97f" executionId="3f2e54fd-3703-4040-9100-f874a54db839" testListId="8c84fa94-04c1-424b-9868-57a2d4851a1d" /><TestEntry testId="e1c582ca-33ed-46a1-834b-e2dc6b222291" executionId="7027055e-9c71-48c9-91ce-a1c20e9878e3" testListId="8c84fa94-04c1-424b-9868-57a2d4851a1d" /><TestEntry testId="8fa4a1af-2760-46f3-baeb-5bf3a56862c7" executionId="1c2ea390-9e0c-461c-b910-34383031dacd" testListId="8c84fa94-04c1-424b-9868-57a2d4851a1d" /><TestEntry testId="2f1f7bad-ba65-48c6-879c-1d602b23a244" executionId="1acba4a2-cbda-4669-8577-bcedcd13396b" testListId="8c84fa94-04c1-424b-9868-57a2d4851a1d" /><TestEntry testId="1b5569a7-ca68-4caf-89ad-98ff098b423e" executionId="39c2f60b-471d-4ff1-be72-5be0b8be1241" testListId="8c84fa94-04c1-424b-9868-57a2d4851a1d" /><TestEntry testId="034f732f-c626-4b05-9cb4-7dc63a484691" executionId="cfdebf9d-ed59-4f4d-8e08-47945c642261" testListId="8c84fa94-04c1-424b-9868-57a2d4851a1d" /><TestEntry testId="040f34c9-e947-4a4e-8366-8dc267c3911d" executionId="082d7a78-bf45-46ae-a414-c626168d502b" testListId="8c84fa94-04c1-424b-9868-57a2d4851a1d" /><TestEntry testId="9256bf0b-7b22-4a06-a7cc-6069d896dd5b" executionId="a60a37bf-5d03-4d8a-9489-82254696594f" testListId="8c84fa94-04c1-424b-9868-57a2d4851a1d" /><TestEntry testId="225089bd-a8e3-4ca9-b615-c2ad8c46435b" executionId="4f0453d8-905d-44ea-aba8-a1a147498322" testListId="8c84fa94-04c1-424b-9868-57a2d4851a1d" /><TestEntry testId="a7a1b2ac-16e0-474d-99ea-ac38e1c0408b" executionId="11d274d7-47c2-4c8f-8934-31981d0e3e03" testListId="8c84fa94-04c1-424b-9868-57a2d4851a1d" /><TestEntry testId="677ecb81-e4f9-4a57-b6cc-f2ae99314cb9" executionId="6f69756d-b3ac-4222-ba8b-8343521da804" testListId="8c84fa94-04c1-424b-9868-57a2d4851a1d" /><TestEntry testId="b78b8fa0-f3ea-48f2-8df2-575e9c447ad2" executionId="f5ae7a67-cf1b-4f72-8a97-4529ecdb70dd" testListId="8c84fa94-04c1-424b-9868-57a2d4851a1d" /><TestEntry testId="cf0dfd8c-a3c3-4508-ab69-c1b8b1dc2f5c" executionId="1de61bb5-513a-41b8-8fc5-ab9c726c48b0" testListId="8c84fa94-04c1-424b-9868-57a2d4851a1d" /><TestEntry testId="2d0867ea-ac0a-43d6-b8dc-8cd969907f01" executionId="30ff8597-7a2b-4992-8b14-66f565d7e69f" testListId="8c84fa94-04c1-424b-9868-57a2d4851a1d" /><TestEntry testId="cd8c414d-ca9b-4ac2-9b56-130303e6398e" executionId="b5a1bc91-3283-4e26-82e5-56d6c9d100d7" testListId="8c84fa94-04c1-424b-9868-57a2d4851a1d" /><TestEntry testId="189c5cf6-ffec-462b-9445-a213337a549e" executionId="be6bc092-01f4-4817-be4f-4ba379383234" testListId="8c84fa94-04c1-424b-9868-57a2d4851a1d" /><TestEntry testId="7f8622c9-3550-47e2-b113-f0c9f75f36c2" executionId="973b4c2a-49cc-4926-811e-e5a019de0c6b" testListId="8c84fa94-04c1-424b-9868-57a2d4851a1d" /><TestEntry testId="617c835c-dbcb-46b6-a0de-c81bf169216a" executionId="a3d39633-264a-437d-bf7b-6fcedac2a986" testListId="8c84fa94-04c1-424b-9868-57a2d4851a1d" /><TestEntry testId="7734675e-d3aa-48f2-887e-bf813899ec9b" executionId="48cb38ec-e7be-45dc-802b-c399568651ca" testListId="8c84fa94-04c1-424b-9868-57a2d4851a1d" /><TestEntry testId="f1c6623e-5d76-48e9-9c49-cf2c84db4f24" executionId="d09d6e31-0cc5-417d-a4b6-fdb651ecaf8b" testListId="8c84fa94-04c1-424b-9868-57a2d4851a1d" /><TestEntry testId="97ef9896-11ed-4a76-9f94-2948b4e3724d" executionId="91e4c95e-f6ad-4572-ae96-f7f34cfc2534" testListId="8c84fa94-04c1-424b-9868-57a2d4851a1d" /><TestEntry testId="94b0ff58-5ffc-49e8-b608-c3636213964b" executionId="0bc8816a-da68-46b5-a69d-3f697edee850" testListId="8c84fa94-04c1-424b-9868-57a2d4851a1d" /><TestEntry testId="3eff8596-6814-4e08-bdc6-763ee444a3f3" executionId="846d7829-96b3-4bd5-87db-9f2d6e02da08" testListId="8c84fa94-04c1-424b-9868-57a2d4851a1d" /><TestEntry testId="fb0fbd58-c962-4456-978c-e95eb87d552f" executionId="5a934d71-462f-477c-949c-32ea1edfeede" testListId="8c84fa94-04c1-424b-9868-57a2d4851a1d" /><TestEntry testId="05d4ac92-7176-4ca2-9021-bcef863f4b66" executionId="05fab135-7311-4ac5-8882-61984a61aa0f" testListId="8c84fa94-04c1-424b-9868-57a2d4851a1d" /><TestEntry testId="1b3c1ced-89c6-46e9-b6b6-e0f174ea4c80" executionId="02f33b1d-b564-497c-bce8-b2a5002a243e" testListId="8c84fa94-04c1-424b-9868-57a2d4851a1d" /><TestEntry testId="63528099-603b-455b-b800-381cf267cbea" executionId="96d0e812-b22b-467b-8144-2ba358b16ac1" testListId="8c84fa94-04c1-424b-9868-57a2d4851a1d" /><TestEntry testId="68642276-b2f9-4ba7-85f1-6760033805f3" executionId="46345924-b4cc-4f60-b87f-9c8a0a6de332" testListId="8c84fa94-04c1-424b-9868-57a2d4851a1d" /><TestEntry testId="1158cca6-4299-4f89-8f0d-8434f10e7aed" executionId="4d1a633f-d892-4b7c-9da9-cb29185b1def" testListId="8c84fa94-04c1-424b-9868-57a2d4851a1d" /><TestEntry testId="06b02937-6ec9-4c32-b481-df43ab78fe98" executionId="7f6a1c35-ef7a-4fc4-a53a-2335fe6741d0" testListId="8c84fa94-04c1-424b-9868-57a2d4851a1d" /><TestEntry testId="1ff58e07-670f-42f8-82fe-3972ce3fcb25" executionId="5856c1e5-5bd4-41e3-8656-9c2134f862a6" testListId="8c84fa94-04c1-424b-9868-57a2d4851a1d" /><TestEntry testId="6fe5fd0a-973e-408f-aa7f-c9fce7def002" executionId="b96ad734-2394-41ed-8195-c78c5ad309f5" testListId="8c84fa94-04c1-424b-9868-57a2d4851a1d" /><TestEntry testId="8c86bb7a-478d-422a-b484-464e0dab8390" executionId="8f1ab295-d6da-4d10-b794-045edf673a95" testListId="8c84fa94-04c1-424b-9868-57a2d4851a1d" /><TestEntry testId="66401de1-91a4-44e2-8515-ac76c6192c6b" executionId="c57795f7-66b0-4a31-8c16-7b9097840779" testListId="8c84fa94-04c1-424b-9868-57a2d4851a1d" /><TestEntry testId="d27a570a-6f84-4acd-b75d-d434db557e43" executionId="c0956283-5fc0-4c82-bf54-4838e2bbcfb1" testListId="8c84fa94-04c1-424b-9868-57a2d4851a1d" /><TestEntry testId="6088966d-e21e-490d-9c39-2edff04e99a7" executionId="f948851f-f136-4be3-a4e0-d6c0a480cf03" testListId="8c84fa94-04c1-424b-9868-57a2d4851a1d" /><TestEntry testId="d2f1d081-a70d-4522-a339-b130134b21e3" executionId="c1fafe53-5488-4017-9ee4-78f4254f7b88" testListId="8c84fa94-04c1-424b-9868-57a2d4851a1d" /><TestEntry testId="a50ad551-c6e1-4685-a86e-6a97a02f7a41" executionId="0b430350-7860-4ecd-81b6-d86cfe521b68" testListId="8c84fa94-04c1-424b-9868-57a2d4851a1d" /><TestEntry testId="615b3b11-3a31-4f9a-b9cf-3fbb7ead943a" executionId="c7fc63e2-0002-41eb-8ff1-1e1620eb2c94" testListId="8c84fa94-04c1-424b-9868-57a2d4851a1d" /><TestEntry testId="7b6c691d-3cf8-47af-95bd-d560cbdd1ae2" executionId="cfa6460e-1bf5-482f-8f0c-fb5503b41b3a" testListId="8c84fa94-04c1-424b-9868-57a2d4851a1d" /><TestEntry testId="0c411daa-aa6d-45ba-bd9b-571ecbcc854d" executionId="f7d8037f-2dd4-45dc-a8a5-18b9eaaa3ae0" testListId="8c84fa94-04c1-424b-9868-57a2d4851a1d" /><TestEntry testId="5f2dc93d-f3ff-4efc-8433-cc1a6fc5b9b1" executionId="77071cbc-b4e8-41cf-a01b-17669b57b583" testListId="8c84fa94-04c1-424b-9868-57a2d4851a1d" /><TestEntry testId="79f9feb5-7a01-4d34-9014-9e2c272e25b1" executionId="f540012c-7a04-44ab-84ce-8cf18aad4791" testListId="8c84fa94-04c1-424b-9868-57a2d4851a1d" /><TestEntry testId="fc756fdb-030d-4cf6-bf9e-2f11adac2c29" executionId="13f0234a-83a9-4c69-b7ea-222fc7c662b9" testListId="8c84fa94-04c1-424b-9868-57a2d4851a1d" /><TestEntry testId="c0760d3d-7171-4456-903d-72bc9404250d" executionId="2630d302-f9a7-4524-a771-4573f258cd61" testListId="8c84fa94-04c1-424b-9868-57a2d4851a1d" /><TestEntry testId="84f5bec0-eed3-4c63-b40c-f78b810b4d23" executionId="8cb1b734-6451-4408-ba8c-0fdee1a1b31c" testListId="8c84fa94-04c1-424b-9868-57a2d4851a1d" /><TestEntry testId="d4409d5d-9ba2-4f2d-b540-252bf0d95fff" executionId="78d1bbf9-da18-4d95-98b4-2bff7148afa1" testListId="8c84fa94-04c1-424b-9868-57a2d4851a1d" /><TestEntry testId="c6d39b51-80b3-4192-865c-51badb7e862e" executionId="33cac466-8c53-4d03-9984-0f74a066c255" testListId="8c84fa94-04c1-424b-9868-57a2d4851a1d" /><TestEntry testId="a038c5c2-1841-463f-b5c1-c7d294311e96" executionId="8b2104eb-bda0-4c8c-9cca-7e29dbf02a1d" testListId="8c84fa94-04c1-424b-9868-57a2d4851a1d" /><TestEntry testId="97b7de45-e18c-4841-beb9-e853a54e2e40" executionId="f5606450-d8ae-4b46-8e46-0bea53728404" testListId="8c84fa94-04c1-424b-9868-57a2d4851a1d" /><TestEntry testId="b9035c6d-e84f-4109-9e94-23622de4c5cc" executionId="2b1e3493-97e2-4175-9dcc-1c250443e543" testListId="8c84fa94-04c1-424b-9868-57a2d4851a1d" /><TestEntry testId="fab4afeb-223b-40d5-985e-c3cd3d5e6d8f" executionId="a8d64c05-5ae1-4809-95f1-1dd9ecfc3585" testListId="8c84fa94-04c1-424b-9868-57a2d4851a1d" /><TestEntry testId="4fd07901-55ea-4acb-bbd7-1964b7ad76c6" executionId="a6a61921-d4ef-4866-a83e-711cf88ed6f0" testListId="8c84fa94-04c1-424b-9868-57a2d4851a1d" /><TestEntry testId="b9292bff-8435-44fe-a976-ad654fe26aac" executionId="b72ee15c-7e68-4583-ae59-b332d8824b5d" testListId="8c84fa94-04c1-424b-9868-57a2d4851a1d" /><TestEntry testId="4e8252b8-052c-476b-833f-7284a59f61d2" executionId="576ad8e3-7e09-4754-85fd-6b295a377286" testListId="8c84fa94-04c1-424b-9868-57a2d4851a1d" /><TestEntry testId="52c99c34-1fa9-4c14-8d49-507149f27574" executionId="7777517c-9996-40d1-8259-2c112b4f7e88" testListId="8c84fa94-04c1-424b-9868-57a2d4851a1d" /><TestEntry testId="5e056c63-d599-4573-bfa5-da4db1337464" executionId="1e62c578-7e22-41ab-8c1f-6269fef1e682" testListId="8c84fa94-04c1-424b-9868-57a2d4851a1d" /><TestEntry testId="ce1c0111-08e0-47f9-bae7-d69517551bc4" executionId="cd3261ce-7ad9-48aa-9983-3165f150760c" testListId="8c84fa94-04c1-424b-9868-57a2d4851a1d" /></TestEntries><TestLists><TestList name="Results Not in a List" id="8c84fa94-04c1-424b-9868-57a2d4851a1d" /><TestList name="All Loaded Results" id="19431567-8539-422a-85d7-44ee4e166bda" /></TestLists><ResultSummary outcome="Completed"><Counters total="152" executed="152" passed="152" failed="0" error="0" timeout="0" aborted="0" inconclusive="0" passedButRunAborted="0" notRunnable="0" notExecuted="0" disconnected="0" warning="0" completed="0" inProgress="0" pending="0" /><Output><StdOut>[xUnit.net 00:00:01.2869646]   Discovering: ModelRelief.Test[xUnit.net 00:00:01.4194503]   Discovered:  ModelRelief.Test[xUnit.net 00:00:01.4244812]   Starting:    ModelRelief.Test[xUnit.net 00:00:39.6446011]   Finished:    ModelRelief.Test</StdOut></Output></ResultSummary></TestRun>