<?xml version="1.0" encoding="utf-8"?><TestRun id="ced2d97f-642c-4a41-9ce8-c5d94fabb73b" name="steve@LAMBDA 2018-08-07 14:47:35" runUser="LAMBDA\steve" xmlns="http://microsoft.com/schemas/VisualStudio/TeamTest/2010"><Times creation="2018-08-07T14:47:35.7592113-04:00" queuing="2018-08-07T14:47:35.7592502-04:00" start="2018-08-07T14:47:29.9938248-04:00" finish="2018-08-07T14:48:29.7269850-04:00" /><TestSettings name="default" id="92c3011e-8324-4b19-a9f2-d421838d8b69"><Deployment runDeploymentRoot="steve_LAMBDA_2018-08-07_14_47_35" /></TestSettings><Results><UnitTestResult executionId="d0d86199-ee1b-49bb-ab1c-a2ea637140a3" testId="27d694fa-3222-427c-89c3-d6c2096b8f89" testName="Put_InvalidIdReturnsNotFound" computerName="LAMBDA" duration="00:00:00.0440000" startTime="2018-08-07T14:48:18.3518022-04:00" endTime="2018-08-07T14:48:18.3518082-04:00" testType="13cdc9d9-ddb5-4fa4-a97d-d965ccfc6d4b" outcome="Passed" testListId="8c84fa94-04c1-424b-9868-57a2d4851a1d" relativeResultsDirectory="d0d86199-ee1b-49bb-ab1c-a2ea637140a3" /><UnitTestResult executionId="5138445b-4c20-485f-aee7-70f28d841adf" testId="5720d435-f727-4993-b003-ab25f7e95777" testName="PostFile_NewFileCanBePosted" computerName="LAMBDA" duration="00:00:00.5640000" startTime="2018-08-07T14:48:09.0517575-04:00" endTime="2018-08-07T14:48:09.0517729-04:00" testType="13cdc9d9-ddb5-4fa4-a97d-d965ccfc6d4b" outcome="Passed" testListId="8c84fa94-04c1-424b-9868-57a2d4851a1d" relativeResultsDirectory="5138445b-4c20-485f-aee7-70f28d841adf" /><UnitTestResult executionId="b75f5ce3-040f-449f-a58e-ae10ebb136d3" testId="e88ebf1f-34fc-4020-95e9-f1cd15aabb7c" testName="PutFile_NewFileCanBePut" computerName="LAMBDA" duration="00:00:00.4910000" startTime="2018-08-07T14:48:01.2486860-04:00" endTime="2018-08-07T14:48:01.2487006-04:00" testType="13cdc9d9-ddb5-4fa4-a97d-d965ccfc6d4b" outcome="Passed" testListId="8c84fa94-04c1-424b-9868-57a2d4851a1d" relativeResultsDirectory="b75f5ce3-040f-449f-a58e-ae10ebb136d3" /><UnitTestResult executionId="415720dc-5a7d-4ced-8c4b-0cc37218663c" testId="3795b0e7-65fc-4566-9c20-8fab9bc58fa3" testName="Patch_InvalidIdPropertyReturnsNotFound" computerName="LAMBDA" duration="00:00:00.0180000" startTime="2018-08-07T14:48:28.1860223-04:00" endTime="2018-08-07T14:48:28.1860287-04:00" testType="13cdc9d9-ddb5-4fa4-a97d-d965ccfc6d4b" outcome="Passed" testListId="8c84fa94-04c1-424b-9868-57a2d4851a1d" relativeResultsDirectory="415720dc-5a7d-4ced-8c4b-0cc37218663c" /><UnitTestResult executionId="50081228-951c-4dd1-8790-1dc0388d89b3" testId="6cd49f43-a195-406d-8fb4-ce1c762f2708" testName="Put_CanUpdateModel" computerName="LAMBDA" duration="00:00:00.7960000" startTime="2018-08-07T14:47:43.0931262-04:00" endTime="2018-08-07T14:47:43.0931374-04:00" testType="13cdc9d9-ddb5-4fa4-a97d-d965ccfc6d4b" outcome="Passed" testListId="8c84fa94-04c1-424b-9868-57a2d4851a1d" relativeResultsDirectory="50081228-951c-4dd1-8790-1dc0388d89b3" /><UnitTestResult executionId="7813595c-7bee-4e0e-ac8d-144b18642303" testId="a74a4158-3912-4fb7-985b-0a52a884e97f" testName="Patch_ValidReferencePropertyUpdatesModel" computerName="LAMBDA" duration="00:00:00.3990000" startTime="2018-08-07T14:48:28.6231534-04:00" endTime="2018-08-07T14:48:28.6231684-04:00" testType="13cdc9d9-ddb5-4fa4-a97d-d965ccfc6d4b" outcome="Passed" testListId="8c84fa94-04c1-424b-9868-57a2d4851a1d" relativeResultsDirectory="7813595c-7bee-4e0e-ac8d-144b18642303" /><UnitTestResult executionId="737c49ae-5811-4230-ab87-b91c3a71c044" testId="0caad5f5-ee5c-49da-bc76-83473d15e4b8" testName="GetFile_ExistingFileReturnsSuccess" computerName="LAMBDA" duration="00:00:00.0880000" startTime="2018-08-07T14:48:06.7939061-04:00" endTime="2018-08-07T14:48:06.7939116-04:00" testType="13cdc9d9-ddb5-4fa4-a97d-d965ccfc6d4b" outcome="Passed" testListId="8c84fa94-04c1-424b-9868-57a2d4851a1d" relativeResultsDirectory="737c49ae-5811-4230-ab87-b91c3a71c044" /><UnitTestResult executionId="e1acd237-9e36-46fd-9a7e-7865bfed690d" testId="f6bbc947-cfea-4501-b028-86e33cda68b9" testName="GetSingle_ValidIdPropertyValueReturnsCorrectModel" computerName="LAMBDA" duration="00:00:00.0590000" startTime="2018-08-07T14:48:00.6467202-04:00" endTime="2018-08-07T14:48:00.6467266-04:00" testType="13cdc9d9-ddb5-4fa4-a97d-d965ccfc6d4b" outcome="Passed" testListId="8c84fa94-04c1-424b-9868-57a2d4851a1d" relativeResultsDirectory="e1acd237-9e36-46fd-9a7e-7865bfed690d" /><UnitTestResult executionId="65cd5c41-2a5e-48e6-9355-28ceac0cf848" testId="57a261df-4e9d-4b65-96d3-9c02afb78000" testName="GetList_ListReturnsCorrectCount" computerName="LAMBDA" duration="00:00:00.0610000" startTime="2018-08-07T14:47:40.5291407-04:00" endTime="2018-08-07T14:47:40.5291472-04:00" testType="13cdc9d9-ddb5-4fa4-a97d-d965ccfc6d4b" outcome="Passed" testListId="8c84fa94-04c1-424b-9868-57a2d4851a1d" relativeResultsDirectory="65cd5c41-2a5e-48e6-9355-28ceac0cf848" /><UnitTestResult executionId="81d3a2a6-5262-48a9-8cd1-e05a56d04cd5" testId="bcc6c4c7-e9ae-48cb-9832-39a7e6ed35df" testName="GetSingle_InvalidIdPropertyValueReturnsNotFound" computerName="LAMBDA" duration="00:00:00.0690000" startTime="2018-08-07T14:47:43.1625081-04:00" endTime="2018-08-07T14:47:43.1625158-04:00" testType="13cdc9d9-ddb5-4fa4-a97d-d965ccfc6d4b" outcome="Passed" testListId="8c84fa94-04c1-424b-9868-57a2d4851a1d" relativeResultsDirectory="81d3a2a6-5262-48a9-8cd1-e05a56d04cd5" /><UnitTestResult executionId="016db1fb-d892-4c37-895e-ab6dc4546da7" testId="9e784db6-c52c-4a1c-b55f-ce06ccc1efea" testName="GetList_ListReturnsCorrectCount" computerName="LAMBDA" duration="00:00:01.2700000" startTime="2018-08-07T14:47:55.9333536-04:00" endTime="2018-08-07T14:47:55.9333591-04:00" testType="13cdc9d9-ddb5-4fa4-a97d-d965ccfc6d4b" outcome="Passed" testListId="8c84fa94-04c1-424b-9868-57a2d4851a1d" relativeResultsDirectory="016db1fb-d892-4c37-895e-ab6dc4546da7" /><UnitTestResult executionId="be153f1f-00e5-4d38-a3a7-ce59f7b45a0c" testId="77c01fdc-b73e-48f1-be42-baad6df6e992" testName="PutFile_FileCanBeUpdated" computerName="LAMBDA" duration="00:00:00.6970000" startTime="2018-08-07T14:48:22.2140067-04:00" endTime="2018-08-07T14:48:22.2140178-04:00" testType="13cdc9d9-ddb5-4fa4-a97d-d965ccfc6d4b" outcome="Passed" testListId="8c84fa94-04c1-424b-9868-57a2d4851a1d" relativeResultsDirectory="be153f1f-00e5-4d38-a3a7-ce59f7b45a0c" /><UnitTestResult executionId="4bd3b668-54a9-4782-9ab7-f395e562a95a" testId="a3d83852-cdac-4aa3-acd6-a9a1325c46f4" testName="Patch_InvalidReferencePropertyReturnsBadRequest" computerName="LAMBDA" duration="00:00:00.0880000" startTime="2018-08-07T14:47:45.9822302-04:00" endTime="2018-08-07T14:47:45.9822392-04:00" testType="13cdc9d9-ddb5-4fa4-a97d-d965ccfc6d4b" outcome="Passed" testListId="8c84fa94-04c1-424b-9868-57a2d4851a1d" relativeResultsDirectory="4bd3b668-54a9-4782-9ab7-f395e562a95a" /><UnitTestResult executionId="8d84d478-4ca5-4f20-bf6b-6e434dc538b4" testId="761c00e9-e6b7-408f-b572-e4365064d58b" testName="GetFile_FileCanBeRoundTripped" computerName="LAMBDA" duration="00:00:00.5090000" startTime="2018-08-07T14:48:26.6203283-04:00" endTime="2018-08-07T14:48:26.6203455-04:00" testType="13cdc9d9-ddb5-4fa4-a97d-d965ccfc6d4b" outcome="Passed" testListId="8c84fa94-04c1-424b-9868-57a2d4851a1d" relativeResultsDirectory="8d84d478-4ca5-4f20-bf6b-6e434dc538b4" /><UnitTestResult executionId="188ecdbb-e4c4-4add-b895-194bc2187da6" testId="2118eb6f-f4f7-41b2-b70d-77923d3e72bf" testName="Put_ValidReferencePropertyUpdatesModel" computerName="LAMBDA" duration="00:00:00.5190000" startTime="2018-08-07T14:47:58.7012910-04:00" endTime="2018-08-07T14:47:58.7013030-04:00" testType="13cdc9d9-ddb5-4fa4-a97d-d965ccfc6d4b" outcome="Passed" testListId="8c84fa94-04c1-424b-9868-57a2d4851a1d" relativeResultsDirectory="188ecdbb-e4c4-4add-b895-194bc2187da6" /><UnitTestResult executionId="6288ed2c-eae1-4a86-8426-5f3a28df14a7" testId="fd19fd41-f391-4835-a5b4-4fdf9f5cb48f" testName="GetFile_NonExistentFileReturnsNotFound" computerName="LAMBDA" duration="00:00:00.0690000" startTime="2018-08-07T14:48:24.5747544-04:00" endTime="2018-08-07T14:48:24.5747608-04:00" testType="13cdc9d9-ddb5-4fa4-a97d-d965ccfc6d4b" outcome="Passed" testListId="8c84fa94-04c1-424b-9868-57a2d4851a1d" relativeResultsDirectory="6288ed2c-eae1-4a86-8426-5f3a28df14a7" /><UnitTestResult executionId="abbfe250-6de5-436a-b39e-159d1fcc8943" testId="111e27ae-0931-4125-a50f-3e4493acce3c" testName="GetSingle_InvalidIdPropertyValueReturnsNotFound" computerName="LAMBDA" duration="00:00:00.0170000" startTime="2018-08-07T14:47:39.4645123-04:00" endTime="2018-08-07T14:47:39.4645166-04:00" testType="13cdc9d9-ddb5-4fa4-a97d-d965ccfc6d4b" outcome="Passed" testListId="8c84fa94-04c1-424b-9868-57a2d4851a1d" relativeResultsDirectory="abbfe250-6de5-436a-b39e-159d1fcc8943" /><UnitTestResult executionId="53ad90b0-aa77-4c3a-abd0-467748745f77" testId="1f4c1cb3-4ac6-4efe-82ab-6a51827b69fa" testName="Delete_TargetModelIsDeleted" computerName="LAMBDA" duration="00:00:00.2530000" startTime="2018-08-07T14:48:16.7593777-04:00" endTime="2018-08-07T14:48:16.7593922-04:00" testType="13cdc9d9-ddb5-4fa4-a97d-d965ccfc6d4b" outcome="Passed" testListId="8c84fa94-04c1-424b-9868-57a2d4851a1d" relativeResultsDirectory="53ad90b0-aa77-4c3a-abd0-467748745f77" /><UnitTestResult executionId="5415834a-e110-4536-b2cb-78d8d53b6792" testId="be89690d-b96f-4dd4-ae51-a182aece4dc6" testName="Put_InvalidReferencePropertyReturndBadRequest" computerName="LAMBDA" duration="00:00:00.0560000" startTime="2018-08-07T14:48:16.5046195-04:00" endTime="2018-08-07T14:48:16.5046255-04:00" testType="13cdc9d9-ddb5-4fa4-a97d-d965ccfc6d4b" outcome="Passed" testListId="8c84fa94-04c1-424b-9868-57a2d4851a1d" relativeResultsDirectory="5415834a-e110-4536-b2cb-78d8d53b6792" /><UnitTestResult executionId="03fdd5da-b7c7-4e0b-9a8c-df757171b752" testId="cd0dca9e-4959-41fd-ac6d-7b39862d7155" testName="PutFile_FileCanBeUpdated" computerName="LAMBDA" duration="00:00:00.8310000" startTime="2018-08-07T14:47:48.2626960-04:00" endTime="2018-08-07T14:47:48.2627076-04:00" testType="13cdc9d9-ddb5-4fa4-a97d-d965ccfc6d4b" outcome="Passed" testListId="8c84fa94-04c1-424b-9868-57a2d4851a1d" relativeResultsDirectory="03fdd5da-b7c7-4e0b-9a8c-df757171b752" /><UnitTestResult executionId="e0153fe5-3ea2-40d1-8518-c20b9a2a0ad2" testId="829e3562-b499-4fee-895f-04276ce8deac" testName="GetSingle_InvalidIdPropertyValueReturnsNotFound" computerName="LAMBDA" duration="00:00:00.0190000" startTime="2018-08-07T14:48:27.2892500-04:00" endTime="2018-08-07T14:48:27.2892560-04:00" testType="13cdc9d9-ddb5-4fa4-a97d-d965ccfc6d4b" outcome="Passed" testListId="8c84fa94-04c1-424b-9868-57a2d4851a1d" relativeResultsDirectory="e0153fe5-3ea2-40d1-8518-c20b9a2a0ad2" /><UnitTestResult executionId="9d056aee-daaa-4b72-95f4-feeb57168517" testId="39991693-b372-4baf-9c20-49e3639c22a1" testName="MeshTransformHasExpectedDependentFiles" computerName="LAMBDA" duration="00:00:00.0010000" startTime="2018-08-07T14:47:35.0560434-04:00" endTime="2018-08-07T14:47:35.0560460-04:00" testType="13cdc9d9-ddb5-4fa4-a97d-d965ccfc6d4b" outcome="Passed" testListId="8c84fa94-04c1-424b-9868-57a2d4851a1d" relativeResultsDirectory="9d056aee-daaa-4b72-95f4-feeb57168517" /><UnitTestResult executionId="a33f9c91-21f7-44eb-b23e-086ed82d219d" testId="d9aa7f72-e7e5-42db-b363-ee3f413e7aad" testName="GetList_ListReturnsCorrectCount" computerName="LAMBDA" duration="00:00:00.0250000" startTime="2018-08-07T14:47:45.3493196-04:00" endTime="2018-08-07T14:47:45.3493239-04:00" testType="13cdc9d9-ddb5-4fa4-a97d-d965ccfc6d4b" outcome="Passed" testListId="8c84fa94-04c1-424b-9868-57a2d4851a1d" relativeResultsDirectory="a33f9c91-21f7-44eb-b23e-086ed82d219d" /><UnitTestResult executionId="1a2b4e12-c44e-4da0-83f4-4f0cdfe21fc3" testId="19b8bde2-d40a-4c6b-88e0-52a515b89368" testName="Post_InvalidPropertyValueReturnsBadRequest" computerName="LAMBDA" duration="00:00:00.0240000" startTime="2018-08-07T14:48:00.7214079-04:00" endTime="2018-08-07T14:48:00.7214143-04:00" testType="13cdc9d9-ddb5-4fa4-a97d-d965ccfc6d4b" outcome="Passed" testListId="8c84fa94-04c1-424b-9868-57a2d4851a1d" relativeResultsDirectory="1a2b4e12-c44e-4da0-83f4-4f0cdfe21fc3" /><UnitTestResult executionId="cc223d1e-cf72-4c54-86fd-748395694770" testId="b6e4d7e0-96c1-466b-bff3-71be197dfd8d" testName="GetFile_FileCanBeRoundTripped" computerName="LAMBDA" duration="00:00:00.5530000" startTime="2018-08-07T14:47:50.5423079-04:00" endTime="2018-08-07T14:47:50.5423224-04:00" testType="13cdc9d9-ddb5-4fa4-a97d-d965ccfc6d4b" outcome="Passed" testListId="8c84fa94-04c1-424b-9868-57a2d4851a1d" relativeResultsDirectory="cc223d1e-cf72-4c54-86fd-748395694770" /><UnitTestResult executionId="54cb44ed-eeaa-4aa5-b02a-3badd19b43f0" testId="e8797529-a2c4-4c74-8321-c6db2d63c4de" testName="Patch_InvalidEnumPropertyValueReturnsBadRequest" computerName="LAMBDA" duration="00:00:00.0130000" startTime="2018-08-07T14:47:53.0436663-04:00" endTime="2018-08-07T14:47:53.0436705-04:00" testType="13cdc9d9-ddb5-4fa4-a97d-d965ccfc6d4b" outcome="Passed" testListId="8c84fa94-04c1-424b-9868-57a2d4851a1d" relativeResultsDirectory="54cb44ed-eeaa-4aa5-b02a-3badd19b43f0" /><UnitTestResult executionId="7071715a-5079-4b47-b288-f0abc19ffa6c" testId="2a5b34fa-e349-4260-b4b5-afd2ee0a6799" testName="Post_InvalidPropertyValueReturnsBadRequest" computerName="LAMBDA" duration="00:00:00.0190000" startTime="2018-08-07T14:47:43.2489995-04:00" endTime="2018-08-07T14:47:43.2490059-04:00" testType="13cdc9d9-ddb5-4fa4-a97d-d965ccfc6d4b" outcome="Passed" testListId="8c84fa94-04c1-424b-9868-57a2d4851a1d" relativeResultsDirectory="7071715a-5079-4b47-b288-f0abc19ffa6c" /><UnitTestResult executionId="b38812d4-5309-4e2a-afc0-e76756f02e36" testId="44b209cf-4ce2-4c1d-98cc-b5b0592d8f22" testName="LucyModel3dHasTwoDependents" computerName="LAMBDA" duration="00:00:00.3880000" startTime="2018-08-07T14:47:35.0466602-04:00" endTime="2018-08-07T14:47:35.0466654-04:00" testType="13cdc9d9-ddb5-4fa4-a97d-d965ccfc6d4b" outcome="Passed" testListId="8c84fa94-04c1-424b-9868-57a2d4851a1d" relativeResultsDirectory="b38812d4-5309-4e2a-afc0-e76756f02e36" /><UnitTestResult executionId="ad049f14-6b88-4d90-9b08-58fd9a9238ed" testId="72bff6e5-738d-43f9-a768-47558f2623af" testName="Post_InvalidReferencePropertyReturnsBadRequest" computerName="LAMBDA" duration="00:00:00.0190000" startTime="2018-08-07T14:48:27.3090499-04:00" endTime="2018-08-07T14:48:27.3090564-04:00" testType="13cdc9d9-ddb5-4fa4-a97d-d965ccfc6d4b" outcome="Passed" testListId="8c84fa94-04c1-424b-9868-57a2d4851a1d" relativeResultsDirectory="ad049f14-6b88-4d90-9b08-58fd9a9238ed" /><UnitTestResult executionId="ecee95f6-d79d-4b3e-a0b7-e27a52548ba3" testId="b3fba882-7aef-42ff-80b2-216e8e190165" testName="GetList_ListReturnsCorrectCount" computerName="LAMBDA" duration="00:00:00.0330000" startTime="2018-08-07T14:47:51.9352087-04:00" endTime="2018-08-07T14:47:51.9352156-04:00" testType="13cdc9d9-ddb5-4fa4-a97d-d965ccfc6d4b" outcome="Passed" testListId="8c84fa94-04c1-424b-9868-57a2d4851a1d" relativeResultsDirectory="ecee95f6-d79d-4b3e-a0b7-e27a52548ba3" /><UnitTestResult executionId="bfb2d612-ec3f-46ac-8cc0-a52f4a2051e5" testId="215581f5-4f53-42b3-a4c1-1c5d4c815fe1" testName="Patch_InvalidEnumPropertyValueReturnsBadRequest" computerName="LAMBDA" duration="00:00:00.0140000" startTime="2018-08-07T14:47:39.4471812-04:00" endTime="2018-08-07T14:47:39.4471863-04:00" testType="13cdc9d9-ddb5-4fa4-a97d-d965ccfc6d4b" outcome="Passed" testListId="8c84fa94-04c1-424b-9868-57a2d4851a1d" relativeResultsDirectory="bfb2d612-ec3f-46ac-8cc0-a52f4a2051e5" /><UnitTestResult executionId="557e0d69-6b66-481a-9455-20a0b38f1d61" testId="e8df087a-3def-4b9c-9f21-bd194a97aaac" testName="Put_CanUpdateModel" computerName="LAMBDA" duration="00:00:01.0020000" startTime="2018-08-07T14:47:40.4674991-04:00" endTime="2018-08-07T14:47:40.4675106-04:00" testType="13cdc9d9-ddb5-4fa4-a97d-d965ccfc6d4b" outcome="Passed" testListId="8c84fa94-04c1-424b-9868-57a2d4851a1d" relativeResultsDirectory="557e0d69-6b66-481a-9455-20a0b38f1d61" /><UnitTestResult executionId="f18164c0-87b6-4ebc-8214-92f0f7caab8d" testId="4b562e6b-5842-4ca2-a1d3-8d35d8948592" testName="Patch_TargetPropertyIsUpdated" computerName="LAMBDA" duration="00:00:01.8220000" startTime="2018-08-07T14:47:38.6195311-04:00" endTime="2018-08-07T14:47:38.6195478-04:00" testType="13cdc9d9-ddb5-4fa4-a97d-d965ccfc6d4b" outcome="Passed" testListId="8c84fa94-04c1-424b-9868-57a2d4851a1d" relativeResultsDirectory="f18164c0-87b6-4ebc-8214-92f0f7caab8d" /><UnitTestResult executionId="59ef8955-a0ef-467a-b1b7-6556cbf5f19f" testId="0f6b7639-f659-488f-8187-e414c0743c52" testName="FileRequest_FileCanBeReadAfterRename" computerName="LAMBDA" duration="00:00:00.7180000" startTime="2018-08-07T14:48:22.9329264-04:00" endTime="2018-08-07T14:48:22.9329413-04:00" testType="13cdc9d9-ddb5-4fa4-a97d-d965ccfc6d4b" outcome="Passed" testListId="8c84fa94-04c1-424b-9868-57a2d4851a1d" relativeResultsDirectory="59ef8955-a0ef-467a-b1b7-6556cbf5f19f" /><UnitTestResult executionId="96ddaeb7-128d-434b-9a05-1c3a010eabb3" testId="a0543752-1749-41f4-9deb-8f0a6b77c5cb" testName="Post_ValidReferencePropertyCreatesModel" computerName="LAMBDA" duration="00:00:00.3310000" startTime="2018-08-07T14:47:45.2503672-04:00" endTime="2018-08-07T14:47:45.2503825-04:00" testType="13cdc9d9-ddb5-4fa4-a97d-d965ccfc6d4b" outcome="Passed" testListId="8c84fa94-04c1-424b-9868-57a2d4851a1d" relativeResultsDirectory="96ddaeb7-128d-434b-9a05-1c3a010eabb3" /><UnitTestResult executionId="ecde1cf1-0195-42d4-901a-10edf7ea61e2" testId="1b6a1c3f-2382-42df-8d26-e321bf34d971" testName="GetFile_NonExistentFileReturnsNotFound" computerName="LAMBDA" duration="00:00:00.0340000" startTime="2018-08-07T14:48:00.7567040-04:00" endTime="2018-08-07T14:48:00.7567104-04:00" testType="13cdc9d9-ddb5-4fa4-a97d-d965ccfc6d4b" outcome="Passed" testListId="8c84fa94-04c1-424b-9868-57a2d4851a1d" relativeResultsDirectory="ecde1cf1-0195-42d4-901a-10edf7ea61e2" /><UnitTestResult executionId="9a766b2c-b34d-439a-8c87-e0d6226b242c" testId="bc0d9931-5042-43a9-b832-b72c64ca8e10" testName="Post_ValidReferencePropertyCreatesModel" computerName="LAMBDA" duration="00:00:00.3150000" startTime="2018-08-07T14:48:00.2290790-04:00" endTime="2018-08-07T14:48:00.2290931-04:00" testType="13cdc9d9-ddb5-4fa4-a97d-d965ccfc6d4b" outcome="Passed" testListId="8c84fa94-04c1-424b-9868-57a2d4851a1d" relativeResultsDirectory="9a766b2c-b34d-439a-8c87-e0d6226b242c" /><UnitTestResult executionId="d593855a-2ab6-4bf7-8ad8-cd11edf514a0" testId="bd3989e0-1caa-4b7a-ae81-b29f65dcef3a" testName="FileRequest_MeshGenerateSetsFileIsSynchronized" computerName="LAMBDA" duration="00:00:05.8430000" startTime="2018-08-07T14:48:14.8967228-04:00" endTime="2018-08-07T14:48:14.8967382-04:00" testType="13cdc9d9-ddb5-4fa4-a97d-d965ccfc6d4b" outcome="Passed" testListId="8c84fa94-04c1-424b-9868-57a2d4851a1d" relativeResultsDirectory="d593855a-2ab6-4bf7-8ad8-cd11edf514a0" /><UnitTestResult executionId="09b246de-a7e0-43d5-9fa8-641f0b002372" testId="23627049-9a49-4445-a95d-07b36c5880f2" testName="Post_CanCreateNewModel" computerName="LAMBDA" duration="00:00:00.2670000" startTime="2018-08-07T14:48:26.9400336-04:00" endTime="2018-08-07T14:48:26.9400447-04:00" testType="13cdc9d9-ddb5-4fa4-a97d-d965ccfc6d4b" outcome="Passed" testListId="8c84fa94-04c1-424b-9868-57a2d4851a1d" relativeResultsDirectory="09b246de-a7e0-43d5-9fa8-641f0b002372" /><UnitTestResult executionId="02092de9-7f9e-4539-9622-dbf5d724d464" testId="923dd97e-0191-42ea-9d32-612695f7e56b" testName="Post_InvalidPropertyValueReturnsBadRequest" computerName="LAMBDA" duration="00:00:00.0270000" startTime="2018-08-07T14:48:18.3791400-04:00" endTime="2018-08-07T14:48:18.3791481-04:00" testType="13cdc9d9-ddb5-4fa4-a97d-d965ccfc6d4b" outcome="Passed" testListId="8c84fa94-04c1-424b-9868-57a2d4851a1d" relativeResultsDirectory="02092de9-7f9e-4539-9622-dbf5d724d464" /><UnitTestResult executionId="030957af-4dfd-4d20-af6d-b3864b24d4f8" testId="96c9ea1c-6734-4644-b7fb-42b3467bdef8" testName="Patch_TargetPropertyIsUpdated" computerName="LAMBDA" duration="00:00:00.4780000" startTime="2018-08-07T14:48:17.5567476-04:00" endTime="2018-08-07T14:48:17.5567557-04:00" testType="13cdc9d9-ddb5-4fa4-a97d-d965ccfc6d4b" outcome="Passed" testListId="8c84fa94-04c1-424b-9868-57a2d4851a1d" relativeResultsDirectory="030957af-4dfd-4d20-af6d-b3864b24d4f8" /><UnitTestResult executionId="871063ac-070e-4d23-8218-97613b285d31" testId="e5d4db59-de68-4563-9b93-2b4bc3496d36" testName="FileRequest_MeshIsInvalidatedAfterDepthBufferFileBecomesUnsynchronized" computerName="LAMBDA" duration="00:00:04.2140000" startTime="2018-08-07T14:48:05.4646252-04:00" endTime="2018-08-07T14:48:05.4646393-04:00" testType="13cdc9d9-ddb5-4fa4-a97d-d965ccfc6d4b" outcome="Passed" testListId="8c84fa94-04c1-424b-9868-57a2d4851a1d" relativeResultsDirectory="871063ac-070e-4d23-8218-97613b285d31" /><UnitTestResult executionId="c6958b9a-c177-48a5-ba4b-92c90c83763e" testId="3202a474-f358-4634-bb97-32ba66cdb158" testName="Patch_MultipleInvalidReferencePropertiesReturnsMultipleValidationErrorsAndBadRequest" computerName="LAMBDA" duration="00:00:00.0730000" startTime="2018-08-07T14:47:45.3238909-04:00" endTime="2018-08-07T14:47:45.3238969-04:00" testType="13cdc9d9-ddb5-4fa4-a97d-d965ccfc6d4b" outcome="Passed" testListId="8c84fa94-04c1-424b-9868-57a2d4851a1d" relativeResultsDirectory="c6958b9a-c177-48a5-ba4b-92c90c83763e" /><UnitTestResult executionId="bfe4b702-21c2-4655-b371-8c7a800ed914" testId="5a95d40f-027d-487b-a0c2-016c0367247b" testName="Post_InvalidReferencePropertyReturnsBadRequest" computerName="LAMBDA" duration="00:00:00.0190000" startTime="2018-08-07T14:47:54.6619314-04:00" endTime="2018-08-07T14:47:54.6619374-04:00" testType="13cdc9d9-ddb5-4fa4-a97d-d965ccfc6d4b" outcome="Passed" testListId="8c84fa94-04c1-424b-9868-57a2d4851a1d" relativeResultsDirectory="bfe4b702-21c2-4655-b371-8c7a800ed914" /><UnitTestResult executionId="369aa07b-1f64-4114-a8f1-debef36d193c" testId="9222faa9-3843-4a29-97ef-e1d9acd7a874" testName="Put_ValidReferencePropertyUpdatesModel" computerName="LAMBDA" duration="00:00:00.4530000" startTime="2018-08-07T14:48:29.1329469-04:00" endTime="2018-08-07T14:48:29.1329614-04:00" testType="13cdc9d9-ddb5-4fa4-a97d-d965ccfc6d4b" outcome="Passed" testListId="8c84fa94-04c1-424b-9868-57a2d4851a1d" relativeResultsDirectory="369aa07b-1f64-4114-a8f1-debef36d193c" /><UnitTestResult executionId="13638afd-ca5c-42a6-8a13-92a56602e53a" testId="0d3ba03a-fbc3-472a-bcdb-02503ea66ccd" testName="Put_CanUpdateModel" computerName="LAMBDA" duration="00:00:00.9610000" startTime="2018-08-07T14:47:58.1808361-04:00" endTime="2018-08-07T14:47:58.1808515-04:00" testType="13cdc9d9-ddb5-4fa4-a97d-d965ccfc6d4b" outcome="Passed" testListId="8c84fa94-04c1-424b-9868-57a2d4851a1d" relativeResultsDirectory="13638afd-ca5c-42a6-8a13-92a56602e53a" /><UnitTestResult executionId="e201160d-e33e-4132-9665-abf079880e2d" testId="168e4c8c-71c8-4252-a48a-f3bc4d96c02d" testName="GetSingle_ValidIdPropertyValueReturnsCorrectModel" computerName="LAMBDA" duration="00:00:00.0190000" startTime="2018-08-07T14:47:39.4326127-04:00" endTime="2018-08-07T14:47:39.4326178-04:00" testType="13cdc9d9-ddb5-4fa4-a97d-d965ccfc6d4b" outcome="Passed" testListId="8c84fa94-04c1-424b-9868-57a2d4851a1d" relativeResultsDirectory="e201160d-e33e-4132-9665-abf079880e2d" /><UnitTestResult executionId="65015131-5420-476b-8cc8-27e078eb0cb1" testId="5cfcc747-1396-450d-8c70-1d57ec41c62b" testName="GetSingle_ValidIdPropertyValueReturnsCorrectModel" computerName="LAMBDA" duration="00:00:00.0220000" startTime="2018-08-07T14:47:43.2712260-04:00" endTime="2018-08-07T14:47:43.2712312-04:00" testType="13cdc9d9-ddb5-4fa4-a97d-d965ccfc6d4b" outcome="Passed" testListId="8c84fa94-04c1-424b-9868-57a2d4851a1d" relativeResultsDirectory="65015131-5420-476b-8cc8-27e078eb0cb1" /><UnitTestResult executionId="d991b8fd-ead9-4e2d-98fd-11dbf44879b6" testId="8af3d90f-85f4-4d5f-824f-4755447ce4d3" testName="DepthBufferHasExpectedDependentFiles" computerName="LAMBDA" duration="00:00:00.0010000" startTime="2018-08-07T14:47:35.0598783-04:00" endTime="2018-08-07T14:47:35.0598808-04:00" testType="13cdc9d9-ddb5-4fa4-a97d-d965ccfc6d4b" outcome="Passed" testListId="8c84fa94-04c1-424b-9868-57a2d4851a1d" relativeResultsDirectory="d991b8fd-ead9-4e2d-98fd-11dbf44879b6" /><UnitTestResult executionId="a7fb799a-462a-4f2d-9163-fe86fb9a1d3d" testId="fe6c1644-2b64-4fce-9475-d7a996f0f08e" testName="PostFile_FileIsSynchronizedIsUpdatedAfterFileIsPosted" computerName="LAMBDA" duration="00:00:00.5300000" startTime="2018-08-07T14:48:15.4285948-04:00" endTime="2018-08-07T14:48:15.4286098-04:00" testType="13cdc9d9-ddb5-4fa4-a97d-d965ccfc6d4b" outcome="Passed" testListId="8c84fa94-04c1-424b-9868-57a2d4851a1d" relativeResultsDirectory="a7fb799a-462a-4f2d-9163-fe86fb9a1d3d" /><UnitTestResult executionId="ed6ccdc6-44b5-474d-b17c-d547ba413401" testId="789940ed-6373-4d3e-85f5-68c61186fff5" testName="Patch_InvalidReferencePropertyReturnsBadRequest" computerName="LAMBDA" duration="00:00:00.0130000" startTime="2018-08-07T14:47:38.6871070-04:00" endTime="2018-08-07T14:47:38.6871121-04:00" testType="13cdc9d9-ddb5-4fa4-a97d-d965ccfc6d4b" outcome="Passed" testListId="8c84fa94-04c1-424b-9868-57a2d4851a1d" relativeResultsDirectory="ed6ccdc6-44b5-474d-b17c-d547ba413401" /><UnitTestResult executionId="9ae4e764-8d32-41f8-802c-1d91f352ed02" testId="e11c73fe-15b0-4039-b28e-40d5662cd576" testName="Patch_MultipleInvalidReferencePropertiesReturnsMultipleValidationErrorsAndBadRequest" computerName="LAMBDA" duration="00:00:00.0120000" startTime="2018-08-07T14:47:40.5415444-04:00" endTime="2018-08-07T14:47:40.5415496-04:00" testType="13cdc9d9-ddb5-4fa4-a97d-d965ccfc6d4b" outcome="Passed" testListId="8c84fa94-04c1-424b-9868-57a2d4851a1d" relativeResultsDirectory="9ae4e764-8d32-41f8-802c-1d91f352ed02" /><UnitTestResult executionId="b8c878a8-9d18-4302-8aec-e21ebe1b6fe9" testId="31eb5e7d-6f71-4fc3-b15b-7e0e1c7d46b9" testName="Post_CanCreateNewModel" computerName="LAMBDA" duration="00:00:00.3860000" startTime="2018-08-07T14:47:59.6641261-04:00" endTime="2018-08-07T14:47:59.6641402-04:00" testType="13cdc9d9-ddb5-4fa4-a97d-d965ccfc6d4b" outcome="Passed" testListId="8c84fa94-04c1-424b-9868-57a2d4851a1d" relativeResultsDirectory="b8c878a8-9d18-4302-8aec-e21ebe1b6fe9" /><UnitTestResult executionId="8466307d-f979-4de0-8e42-1c37d779a9f6" testId="3983f770-7b9a-458f-984c-2a1726f7d0b6" testName="Patch_InvalidPropertyNameReturnsBadRequest" computerName="LAMBDA" duration="00:00:00.0210000" startTime="2018-08-07T14:48:16.4478534-04:00" endTime="2018-08-07T14:48:16.4478676-04:00" testType="13cdc9d9-ddb5-4fa4-a97d-d965ccfc6d4b" outcome="Passed" testListId="8c84fa94-04c1-424b-9868-57a2d4851a1d" relativeResultsDirectory="8466307d-f979-4de0-8e42-1c37d779a9f6" /><UnitTestResult executionId="0685c3ec-4595-42a4-bf8d-ebe4748cdb43" testId="626a03ba-c6af-4568-9c29-96b0a9d11f93" testName="GetFile_NonExistentFileReturnsNotFound" computerName="LAMBDA" duration="00:00:00.0700000" startTime="2018-08-07T14:47:50.6127593-04:00" endTime="2018-08-07T14:47:50.6127678-04:00" testType="13cdc9d9-ddb5-4fa4-a97d-d965ccfc6d4b" outcome="Passed" testListId="8c84fa94-04c1-424b-9868-57a2d4851a1d" relativeResultsDirectory="0685c3ec-4595-42a4-bf8d-ebe4748cdb43" /><UnitTestResult executionId="9a3368d2-4c41-4aa6-9007-8d945bb70176" testId="b93ee34f-0b5f-43e3-b245-514827dec199" testName="Patch_InvalidReferencePropertyReturnsBadRequest" computerName="LAMBDA" duration="00:00:00.0540000" startTime="2018-08-07T14:48:28.6782592-04:00" endTime="2018-08-07T14:48:28.6782656-04:00" testType="13cdc9d9-ddb5-4fa4-a97d-d965ccfc6d4b" outcome="Passed" testListId="8c84fa94-04c1-424b-9868-57a2d4851a1d" relativeResultsDirectory="9a3368d2-4c41-4aa6-9007-8d945bb70176" /><UnitTestResult executionId="02cd5ee4-eb85-4300-bf3b-729add363fe7" testId="2eb50216-7727-47bd-91ab-c8b198eb010f" testName="FileRequest_FileCanBeReadAfterRename" computerName="LAMBDA" duration="00:00:00.8820000" startTime="2018-08-07T14:48:16.3127714-04:00" endTime="2018-08-07T14:48:16.3128009-04:00" testType="13cdc9d9-ddb5-4fa4-a97d-d965ccfc6d4b" outcome="Passed" testListId="8c84fa94-04c1-424b-9868-57a2d4851a1d" relativeResultsDirectory="02cd5ee4-eb85-4300-bf3b-729add363fe7" /><UnitTestResult executionId="3a041753-681a-43e2-9e9f-36ecc8b826ae" testId="25b97579-834e-4b36-9667-bc3285159ff5" testName="Post_InvalidPropertyValueReturnsBadRequest" computerName="LAMBDA" duration="00:00:00.0210000" startTime="2018-08-07T14:47:40.5967299-04:00" endTime="2018-08-07T14:47:40.5967363-04:00" testType="13cdc9d9-ddb5-4fa4-a97d-d965ccfc6d4b" outcome="Passed" testListId="8c84fa94-04c1-424b-9868-57a2d4851a1d" relativeResultsDirectory="3a041753-681a-43e2-9e9f-36ecc8b826ae" /><UnitTestResult executionId="b6aa3d0d-af8d-482e-bcee-676c40b9dd82" testId="835d253d-5e67-4d1a-8a36-79346fdab3d5" testName="PostFile_FileTimeStampIsUpdatedAfterFileIsPosted" computerName="LAMBDA" duration="00:00:01.7040000" startTime="2018-08-07T14:48:21.5159767-04:00" endTime="2018-08-07T14:48:21.5159908-04:00" testType="13cdc9d9-ddb5-4fa4-a97d-d965ccfc6d4b" outcome="Passed" testListId="8c84fa94-04c1-424b-9868-57a2d4851a1d" relativeResultsDirectory="b6aa3d0d-af8d-482e-bcee-676c40b9dd82" /><UnitTestResult executionId="1601e613-793f-4bb4-9a1b-0f08f25293ca" testId="0ea1ccb3-ef20-4c0a-acc5-83a3d40670b2" testName="Patch_ValidReferencePropertyUpdatesModel" computerName="LAMBDA" duration="00:00:00.6740000" startTime="2018-08-07T14:47:43.9476903-04:00" endTime="2018-08-07T14:47:43.9477052-04:00" testType="13cdc9d9-ddb5-4fa4-a97d-d965ccfc6d4b" outcome="Passed" testListId="8c84fa94-04c1-424b-9868-57a2d4851a1d" relativeResultsDirectory="1601e613-793f-4bb4-9a1b-0f08f25293ca" /><UnitTestResult executionId="ad3e6388-f2d7-4555-a8fa-c4cb46b6378e" testId="fb17d3c7-ff55-4b40-9beb-32b3f67b9822" testName="Put_InvalidIdReturnsNotFound" computerName="LAMBDA" duration="00:00:00.0460000" startTime="2018-08-07T14:47:43.2089463-04:00" endTime="2018-08-07T14:47:43.2089515-04:00" testType="13cdc9d9-ddb5-4fa4-a97d-d965ccfc6d4b" outcome="Passed" testListId="8c84fa94-04c1-424b-9868-57a2d4851a1d" relativeResultsDirectory="ad3e6388-f2d7-4555-a8fa-c4cb46b6378e" /><UnitTestResult executionId="68ee0c43-56cc-452c-9bdf-9a9f8816c33c" testId="5bf72888-300a-4524-9e34-6b4fb3ece676" testName="Patch_InvalidPropertyNameReturnsBadRequest" computerName="LAMBDA" duration="00:00:00.0200000" startTime="2018-08-07T14:47:43.2291209-04:00" endTime="2018-08-07T14:47:43.2291282-04:00" testType="13cdc9d9-ddb5-4fa4-a97d-d965ccfc6d4b" outcome="Passed" testListId="8c84fa94-04c1-424b-9868-57a2d4851a1d" relativeResultsDirectory="68ee0c43-56cc-452c-9bdf-9a9f8816c33c" /><UnitTestResult executionId="a0145c03-53b8-4285-b587-0e0b92a0a770" testId="2f09f925-7171-468e-9ed4-6a80f2027f98" testName="Put_ValidReferencePropertyUpdatesModel" computerName="LAMBDA" duration="00:00:00.6100000" startTime="2018-08-07T14:48:18.1690666-04:00" endTime="2018-08-07T14:48:18.1690722-04:00" testType="13cdc9d9-ddb5-4fa4-a97d-d965ccfc6d4b" outcome="Passed" testListId="8c84fa94-04c1-424b-9868-57a2d4851a1d" relativeResultsDirectory="a0145c03-53b8-4285-b587-0e0b92a0a770" /><UnitTestResult executionId="8c162c84-3960-4667-a410-3b4efe3ad8ce" testId="0cce1681-c1f7-4c81-9222-7a8a8f34abd8" testName="Post_InvalidPropertyValueReturnsBadRequest" computerName="LAMBDA" duration="00:00:00.0150000" startTime="2018-08-07T14:48:28.2222968-04:00" endTime="2018-08-07T14:48:28.2223032-04:00" testType="13cdc9d9-ddb5-4fa4-a97d-d965ccfc6d4b" outcome="Passed" testListId="8c84fa94-04c1-424b-9868-57a2d4851a1d" relativeResultsDirectory="8c162c84-3960-4667-a410-3b4efe3ad8ce" /><UnitTestResult executionId="f509b7ea-f6fa-4671-b8db-d1d5a392e8a1" testId="32f332b2-a256-42a5-b4a2-b11684f88aa0" testName="LucyCameraFindsAllDependents" computerName="LAMBDA" duration="00:00:00.0090000" startTime="2018-08-07T14:47:35.0554490-04:00" endTime="2018-08-07T14:47:35.0554554-04:00" testType="13cdc9d9-ddb5-4fa4-a97d-d965ccfc6d4b" outcome="Passed" testListId="8c84fa94-04c1-424b-9868-57a2d4851a1d" relativeResultsDirectory="f509b7ea-f6fa-4671-b8db-d1d5a392e8a1" /><UnitTestResult executionId="01ebf2c9-ce23-4ae0-91a8-5d6a6d77c33e" testId="0aab6881-e786-46da-949e-d3d1c2273e7b" testName="GetSingle_ValidIdPropertyValueReturnsCorrectModel" computerName="LAMBDA" duration="00:00:00.0490000" startTime="2018-08-07T14:48:26.6719150-04:00" endTime="2018-08-07T14:48:26.6719218-04:00" testType="13cdc9d9-ddb5-4fa4-a97d-d965ccfc6d4b" outcome="Passed" testListId="8c84fa94-04c1-424b-9868-57a2d4851a1d" relativeResultsDirectory="01ebf2c9-ce23-4ae0-91a8-5d6a6d77c33e" /><UnitTestResult executionId="720a6527-9381-4bff-808c-7f6f3c73cad9" testId="2a71aed8-2526-4c23-b075-2709db88aec3" testName="Patch_MultipleInvalidReferencePropertiesReturnsMultipleValidationErrorsAndBadRequest" computerName="LAMBDA" duration="00:00:00.0390000" startTime="2018-08-07T14:47:59.9127641-04:00" endTime="2018-08-07T14:47:59.9127693-04:00" testType="13cdc9d9-ddb5-4fa4-a97d-d965ccfc6d4b" outcome="Passed" testListId="8c84fa94-04c1-424b-9868-57a2d4851a1d" relativeResultsDirectory="720a6527-9381-4bff-808c-7f6f3c73cad9" /><UnitTestResult executionId="103b074e-0ed4-4d55-91ed-137e7445de45" testId="cd0ccb3a-0b8d-4f21-ad55-b19fcc3bdef0" testName="Patch_InvalidIdPropertyReturnsNotFound" computerName="LAMBDA" duration="00:00:00.0650000" startTime="2018-08-07T14:47:44.9179525-04:00" endTime="2018-08-07T14:47:44.9179602-04:00" testType="13cdc9d9-ddb5-4fa4-a97d-d965ccfc6d4b" outcome="Passed" testListId="8c84fa94-04c1-424b-9868-57a2d4851a1d" relativeResultsDirectory="103b074e-0ed4-4d55-91ed-137e7445de45" /><UnitTestResult executionId="439c8da4-02d7-46c5-b9db-f23bf2209454" testId="cf57fd95-40c8-4bb8-b078-2ba3b6baf90e" testName="Patch_InvalidEnumPropertyValueReturnsBadRequest" computerName="LAMBDA" duration="00:00:00.0120000" startTime="2018-08-07T14:48:27.2696660-04:00" endTime="2018-08-07T14:48:27.2696702-04:00" testType="13cdc9d9-ddb5-4fa4-a97d-d965ccfc6d4b" outcome="Passed" testListId="8c84fa94-04c1-424b-9868-57a2d4851a1d" relativeResultsDirectory="439c8da4-02d7-46c5-b9db-f23bf2209454" /><UnitTestResult executionId="a0aeba39-6446-446a-b864-6f73e80e9ccc" testId="605f1d87-a188-450c-a0bb-8791dad3b575" testName="CameraHasExpectedDependentFiles" computerName="LAMBDA" duration="00:00:00.0010000" startTime="2018-08-07T14:47:35.0557971-04:00" endTime="2018-08-07T14:47:35.0557997-04:00" testType="13cdc9d9-ddb5-4fa4-a97d-d965ccfc6d4b" outcome="Passed" testListId="8c84fa94-04c1-424b-9868-57a2d4851a1d" relativeResultsDirectory="a0aeba39-6446-446a-b864-6f73e80e9ccc" /><UnitTestResult executionId="6b0a43bc-348d-4322-b8aa-89fcda348e25" testId="4d3b71db-17d3-47b7-a008-bda997b1b311" testName="Put_InvalidIdReturnsNotFound" computerName="LAMBDA" duration="00:00:00.0540000" startTime="2018-08-07T14:48:26.9949735-04:00" endTime="2018-08-07T14:48:26.9949791-04:00" testType="13cdc9d9-ddb5-4fa4-a97d-d965ccfc6d4b" outcome="Passed" testListId="8c84fa94-04c1-424b-9868-57a2d4851a1d" relativeResultsDirectory="6b0a43bc-348d-4322-b8aa-89fcda348e25" /><UnitTestResult executionId="758a62ff-2f33-4dbf-9a94-75f53d06402d" testId="bd35adc0-1399-478a-ae01-4686c6b0e352" testName="Patch_ValidReferencePropertyUpdatesModel" computerName="LAMBDA" duration="00:00:00.4630000" startTime="2018-08-07T14:47:53.5100182-04:00" endTime="2018-08-07T14:47:53.5100331-04:00" testType="13cdc9d9-ddb5-4fa4-a97d-d965ccfc6d4b" outcome="Passed" testListId="8c84fa94-04c1-424b-9868-57a2d4851a1d" relativeResultsDirectory="758a62ff-2f33-4dbf-9a94-75f53d06402d" /><UnitTestResult executionId="f5cc7c91-425e-4262-a9ef-f6d7fb888c2b" testId="30cb891a-0947-4301-ba64-ee0768c60162" testName="Put_CanUpdateModel" computerName="LAMBDA" duration="00:00:00.5310000" startTime="2018-08-07T14:48:19.7122009-04:00" endTime="2018-08-07T14:48:19.7122159-04:00" testType="13cdc9d9-ddb5-4fa4-a97d-d965ccfc6d4b" outcome="Passed" testListId="8c84fa94-04c1-424b-9868-57a2d4851a1d" relativeResultsDirectory="f5cc7c91-425e-4262-a9ef-f6d7fb888c2b" /><UnitTestResult executionId="a95ee80a-cd48-4a9c-9fe3-43886ca4f3b8" testId="a20aacce-91a2-4ab3-a2e8-49985c8ea558" testName="Post_InvalidPropertyValueReturnsBadRequest" computerName="LAMBDA" duration="00:00:00.0540000" startTime="2018-08-07T14:47:52.6790363-04:00" endTime="2018-08-07T14:47:52.6790423-04:00" testType="13cdc9d9-ddb5-4fa4-a97d-d965ccfc6d4b" outcome="Passed" testListId="8c84fa94-04c1-424b-9868-57a2d4851a1d" relativeResultsDirectory="a95ee80a-cd48-4a9c-9fe3-43886ca4f3b8" /><UnitTestResult executionId="032d519d-ca71-46ff-8f70-a7727b98d1ad" testId="671c1b93-777b-4db6-8082-f53be86faa11" testName="Patch_InvalidPropertyNameReturnsBadRequest" computerName="LAMBDA" duration="00:00:00.0980000" startTime="2018-08-07T14:47:35.7043081-04:00" endTime="2018-08-07T14:47:35.7043133-04:00" testType="13cdc9d9-ddb5-4fa4-a97d-d965ccfc6d4b" outcome="Passed" testListId="8c84fa94-04c1-424b-9868-57a2d4851a1d" relativeResultsDirectory="032d519d-ca71-46ff-8f70-a7727b98d1ad" /><UnitTestResult executionId="7f85a3ca-ee38-4f47-a3c5-95193e228837" testId="c6b03a8a-b277-4e94-8c2a-8e690d28b341" testName="Put_CanUpdateModel" computerName="LAMBDA" duration="00:00:00.4490000" startTime="2018-08-07T14:48:27.7595466-04:00" endTime="2018-08-07T14:48:27.7595616-04:00" testType="13cdc9d9-ddb5-4fa4-a97d-d965ccfc6d4b" outcome="Passed" testListId="8c84fa94-04c1-424b-9868-57a2d4851a1d" relativeResultsDirectory="7f85a3ca-ee38-4f47-a3c5-95193e228837" /><UnitTestResult executionId="aa75640f-a42f-44e7-ac34-b82fe5b0b031" testId="a10b74ac-aab4-4e7f-a449-7322d93866b8" testName="Delete_TargetModelIsDeleted" computerName="LAMBDA" duration="00:00:01.0580000" startTime="2018-08-07T14:47:36.7959592-04:00" endTime="2018-08-07T14:47:36.7959755-04:00" testType="13cdc9d9-ddb5-4fa4-a97d-d965ccfc6d4b" outcome="Passed" testListId="8c84fa94-04c1-424b-9868-57a2d4851a1d" relativeResultsDirectory="aa75640f-a42f-44e7-ac34-b82fe5b0b031" /><UnitTestResult executionId="89aaa197-8de6-4fa9-8391-3571beb81ee0" testId="47e454ba-819a-47b6-ad08-db5a53d6a993" testName="Patch_InvalidIdPropertyReturnsNotFound" computerName="LAMBDA" duration="00:00:00.0200000" startTime="2018-08-07T14:47:53.0310698-04:00" endTime="2018-08-07T14:47:53.0310749-04:00" testType="13cdc9d9-ddb5-4fa4-a97d-d965ccfc6d4b" outcome="Passed" testListId="8c84fa94-04c1-424b-9868-57a2d4851a1d" relativeResultsDirectory="89aaa197-8de6-4fa9-8391-3571beb81ee0" /><UnitTestResult executionId="3ff8a569-61bb-4d7b-93d6-acf4c174c0cc" testId="8755cec6-d53b-4776-9cd3-95aad77b2c7f" testName="Post_CanCreateNewModel" computerName="LAMBDA" duration="00:00:00.6180000" startTime="2018-08-07T14:47:39.3066765-04:00" endTime="2018-08-07T14:47:39.3066902-04:00" testType="13cdc9d9-ddb5-4fa4-a97d-d965ccfc6d4b" outcome="Passed" testListId="8c84fa94-04c1-424b-9868-57a2d4851a1d" relativeResultsDirectory="3ff8a569-61bb-4d7b-93d6-acf4c174c0cc" /><UnitTestResult executionId="d5c82805-d504-4374-b0ab-db55d9273e76" testId="9cd8ba3f-afaa-4af9-84aa-ef53d3fa58fc" testName="GetFile_ExistingFileReturnsSuccess" computerName="LAMBDA" duration="00:00:00.0970000" startTime="2018-08-07T14:48:19.8106719-04:00" endTime="2018-08-07T14:48:19.8106775-04:00" testType="13cdc9d9-ddb5-4fa4-a97d-d965ccfc6d4b" outcome="Passed" testListId="8c84fa94-04c1-424b-9868-57a2d4851a1d" relativeResultsDirectory="d5c82805-d504-4374-b0ab-db55d9273e76" /><UnitTestResult executionId="2b90c8c9-45d9-4fab-9d3e-73c7bf871265" testId="742408e9-40a5-423b-92cb-d37c2fb8a823" testName="Delete_TargetModelIsDeleted" computerName="LAMBDA" duration="00:00:00.5970000" startTime="2018-08-07T14:47:51.4958385-04:00" endTime="2018-08-07T14:47:51.4958534-04:00" testType="13cdc9d9-ddb5-4fa4-a97d-d965ccfc6d4b" outcome="Passed" testListId="8c84fa94-04c1-424b-9868-57a2d4851a1d" relativeResultsDirectory="2b90c8c9-45d9-4fab-9d3e-73c7bf871265" /><UnitTestResult executionId="ad87dcf2-d06f-4937-9b7b-7dc778beed1d" testId="ff31bbcc-04eb-4ca2-8a7c-4080b5a3632d" testName="LucyDepthBufferFindsOneDependent" computerName="LAMBDA" duration="00:00:00.0030000" startTime="2018-08-07T14:47:35.0594968-04:00" endTime="2018-08-07T14:47:35.0595011-04:00" testType="13cdc9d9-ddb5-4fa4-a97d-d965ccfc6d4b" outcome="Passed" testListId="8c84fa94-04c1-424b-9868-57a2d4851a1d" relativeResultsDirectory="ad87dcf2-d06f-4937-9b7b-7dc778beed1d" /><UnitTestResult executionId="5a44e846-5ddb-4004-8d65-ef1db86685e8" testId="855500ef-66a8-42df-800f-9429e89e6a92" testName="Post_CanCreateNewModel" computerName="LAMBDA" duration="00:00:00.2670000" startTime="2018-08-07T14:48:17.0771379-04:00" endTime="2018-08-07T14:48:17.0771490-04:00" testType="13cdc9d9-ddb5-4fa4-a97d-d965ccfc6d4b" outcome="Passed" testListId="8c84fa94-04c1-424b-9868-57a2d4851a1d" relativeResultsDirectory="5a44e846-5ddb-4004-8d65-ef1db86685e8" /><UnitTestResult executionId="189595d5-f7b6-4ede-a6bf-158762143387" testId="0a92da59-dc35-4492-9983-419dc89686b2" testName="Put_ValidReferencePropertyUpdatesModel" computerName="LAMBDA" duration="00:00:00.0540000" startTime="2018-08-07T14:47:38.6742367-04:00" endTime="2018-08-07T14:47:38.6742427-04:00" testType="13cdc9d9-ddb5-4fa4-a97d-d965ccfc6d4b" outcome="Passed" testListId="8c84fa94-04c1-424b-9868-57a2d4851a1d" relativeResultsDirectory="189595d5-f7b6-4ede-a6bf-158762143387" /><UnitTestResult executionId="00e4b57b-2e42-42bf-bfd6-63d65f8926e3" testId="62625e3a-8c2b-4212-bcb7-2ae1dae73ae8" testName="Patch_ValidReferencePropertyUpdatesModel" computerName="LAMBDA" duration="00:00:00.4780000" startTime="2018-08-07T14:48:18.8587629-04:00" endTime="2018-08-07T14:48:18.8587766-04:00" testType="13cdc9d9-ddb5-4fa4-a97d-d965ccfc6d4b" outcome="Passed" testListId="8c84fa94-04c1-424b-9868-57a2d4851a1d" relativeResultsDirectory="00e4b57b-2e42-42bf-bfd6-63d65f8926e3" /><UnitTestResult executionId="ee5d5a03-29d9-46d5-a8be-bc70c5cbdc13" testId="16e97258-e035-41a8-b591-18c43ad703ee" testName="Patch_TargetPropertyIsUpdated" computerName="LAMBDA" duration="00:00:00.6380000" startTime="2018-08-07T14:47:54.1497559-04:00" endTime="2018-08-07T14:47:54.1497683-04:00" testType="13cdc9d9-ddb5-4fa4-a97d-d965ccfc6d4b" outcome="Passed" testListId="8c84fa94-04c1-424b-9868-57a2d4851a1d" relativeResultsDirectory="ee5d5a03-29d9-46d5-a8be-bc70c5cbdc13" /><UnitTestResult executionId="fd415b50-ca1e-4027-8d80-027f5cbc4ad3" testId="b9586c40-9ecc-42cb-ba2d-93c76f4e4e2f" testName="FileRequest_FileCanBeReadAfterRename" computerName="LAMBDA" duration="00:00:00.6870000" startTime="2018-08-07T14:47:49.3572121-04:00" endTime="2018-08-07T14:47:49.3572270-04:00" testType="13cdc9d9-ddb5-4fa4-a97d-d965ccfc6d4b" outcome="Passed" testListId="8c84fa94-04c1-424b-9868-57a2d4851a1d" relativeResultsDirectory="fd415b50-ca1e-4027-8d80-027f5cbc4ad3" /><UnitTestResult executionId="eb27f447-fb60-4798-a130-7c1bdeeb80a1" testId="7d23ccdc-99e0-4195-ae2c-f7f2ee4c9f84" testName="Patch_InvalidPropertyNameReturnsBadRequest" computerName="LAMBDA" duration="00:00:00.0200000" startTime="2018-08-07T14:48:28.2068521-04:00" endTime="2018-08-07T14:48:28.2068568-04:00" testType="13cdc9d9-ddb5-4fa4-a97d-d965ccfc6d4b" outcome="Passed" testListId="8c84fa94-04c1-424b-9868-57a2d4851a1d" relativeResultsDirectory="eb27f447-fb60-4798-a130-7c1bdeeb80a1" /><UnitTestResult executionId="29ba0a33-2e55-4aab-bf84-547546fd20bd" testId="e38612b4-c86f-44ce-b8d8-707bff049bac" testName="Patch_InvalidPropertyNameReturnsBadRequest" computerName="LAMBDA" duration="00:00:00.0340000" startTime="2018-08-07T14:47:59.7909861-04:00" endTime="2018-08-07T14:47:59.7909916-04:00" testType="13cdc9d9-ddb5-4fa4-a97d-d965ccfc6d4b" outcome="Passed" testListId="8c84fa94-04c1-424b-9868-57a2d4851a1d" relativeResultsDirectory="29ba0a33-2e55-4aab-bf84-547546fd20bd" /><UnitTestResult executionId="3d456f5e-bd29-4d0b-af5a-ebba0e954032" testId="47f557ad-9772-4acd-8329-36b916e4def1" testName="PostFile_FileTimeStampIsUpdatedAfterFileIsPosted" computerName="LAMBDA" duration="00:00:00.0130000" startTime="2018-08-07T14:47:46.5649740-04:00" endTime="2018-08-07T14:47:46.5649795-04:00" testType="13cdc9d9-ddb5-4fa4-a97d-d965ccfc6d4b" outcome="Passed" testListId="8c84fa94-04c1-424b-9868-57a2d4851a1d" relativeResultsDirectory="3d456f5e-bd29-4d0b-af5a-ebba0e954032" /><UnitTestResult executionId="1d6b4eaa-173f-41b7-8ec5-0b5f98cf105f" testId="fa36be96-ee72-4593-a440-4505f380eb50" testName="GetSingle_InvalidIdPropertyValueReturnsNotFound" computerName="LAMBDA" duration="00:00:00.0530000" startTime="2018-08-07T14:48:18.9119918-04:00" endTime="2018-08-07T14:48:18.9119995-04:00" testType="13cdc9d9-ddb5-4fa4-a97d-d965ccfc6d4b" outcome="Passed" testListId="8c84fa94-04c1-424b-9868-57a2d4851a1d" relativeResultsDirectory="1d6b4eaa-173f-41b7-8ec5-0b5f98cf105f" /><UnitTestResult executionId="40e4c523-b3b2-40ff-9592-a70bb8c0e7be" testId="bd303465-66bb-46e0-87b7-0935e5af17ff" testName="Put_CanUpdateModel" computerName="LAMBDA" duration="00:00:00.4300000" startTime="2018-08-07T14:47:54.5810076-04:00" endTime="2018-08-07T14:47:54.5810170-04:00" testType="13cdc9d9-ddb5-4fa4-a97d-d965ccfc6d4b" outcome="Passed" testListId="8c84fa94-04c1-424b-9868-57a2d4851a1d" relativeResultsDirectory="40e4c523-b3b2-40ff-9592-a70bb8c0e7be" /><UnitTestResult executionId="f44b7f97-daca-49e3-b216-5373f5b40fee" testId="6eb52aef-8b20-44dd-9d50-ff6315617784" testName="Post_InvalidReferencePropertyReturnsBadRequest" computerName="LAMBDA" duration="00:00:00.0230000" startTime="2018-08-07T14:48:18.2759183-04:00" endTime="2018-08-07T14:48:18.2759243-04:00" testType="13cdc9d9-ddb5-4fa4-a97d-d965ccfc6d4b" outcome="Passed" testListId="8c84fa94-04c1-424b-9868-57a2d4851a1d" relativeResultsDirectory="f44b7f97-daca-49e3-b216-5373f5b40fee" /><UnitTestResult executionId="7f18f48e-d766-43b3-ac3e-f94cbaf4bb35" testId="fe20c4b1-30e3-46ef-856f-827f398b31ec" testName="Patch_InvalidReferencePropertyReturnsBadRequest" computerName="LAMBDA" duration="00:00:00.0460000" startTime="2018-08-07T14:48:18.2150840-04:00" endTime="2018-08-07T14:48:18.2150896-04:00" testType="13cdc9d9-ddb5-4fa4-a97d-d965ccfc6d4b" outcome="Passed" testListId="8c84fa94-04c1-424b-9868-57a2d4851a1d" relativeResultsDirectory="7f18f48e-d766-43b3-ac3e-f94cbaf4bb35" /><UnitTestResult executionId="68c16bf2-6460-4818-8464-99a7ed2b791c" testId="c252b93b-96f1-42ab-9901-f14da8a95e18" testName="PostFile_FileIsSynchronizedIsUpdatedAfterFileIsPosted" computerName="LAMBDA" duration="00:00:00.0200000" startTime="2018-08-07T14:47:50.6333713-04:00" endTime="2018-08-07T14:47:50.6333773-04:00" testType="13cdc9d9-ddb5-4fa4-a97d-d965ccfc6d4b" outcome="Passed" testListId="8c84fa94-04c1-424b-9868-57a2d4851a1d" relativeResultsDirectory="68c16bf2-6460-4818-8464-99a7ed2b791c" /><UnitTestResult executionId="1ea0ec2b-9404-4155-a781-75ad2371ab96" testId="d451a071-6649-443e-8d03-e4ae68130cf9" testName="Post_ValidReferencePropertyCreatesModel" computerName="LAMBDA" duration="00:00:00.2570000" startTime="2018-08-07T14:48:28.0912775-04:00" endTime="2018-08-07T14:48:28.0912920-04:00" testType="13cdc9d9-ddb5-4fa4-a97d-d965ccfc6d4b" outcome="Passed" testListId="8c84fa94-04c1-424b-9868-57a2d4851a1d" relativeResultsDirectory="1ea0ec2b-9404-4155-a781-75ad2371ab96" /><UnitTestResult executionId="982bd340-7ab6-463c-ac72-4723d0a6f1bc" testId="bbb379bf-d44a-4cd4-a9de-987e1500fd73" testName="GetList_ListReturnsCorrectCount" computerName="LAMBDA" duration="00:00:00.0290000" startTime="2018-08-07T14:48:16.4265211-04:00" endTime="2018-08-07T14:48:16.4265271-04:00" testType="13cdc9d9-ddb5-4fa4-a97d-d965ccfc6d4b" outcome="Passed" testListId="8c84fa94-04c1-424b-9868-57a2d4851a1d" relativeResultsDirectory="982bd340-7ab6-463c-ac72-4723d0a6f1bc" /><UnitTestResult executionId="e43f7776-edb3-4751-8dc9-369aa34aac1c" testId="368d41a8-9501-498e-8a77-caccd2989094" testName="Patch_InvalidIdPropertyReturnsNotFound" computerName="LAMBDA" duration="00:00:00.0270000" startTime="2018-08-07T14:47:59.8179895-04:00" endTime="2018-08-07T14:47:59.8179951-04:00" testType="13cdc9d9-ddb5-4fa4-a97d-d965ccfc6d4b" outcome="Passed" testListId="8c84fa94-04c1-424b-9868-57a2d4851a1d" relativeResultsDirectory="e43f7776-edb3-4751-8dc9-369aa34aac1c" /><UnitTestResult executionId="8812b7b2-21a4-458d-9ee0-c0809c40c3e6" testId="8cb8996e-e7d2-4b53-a855-7511014dabf3" testName="Patch_TargetPropertyIsUpdated" computerName="LAMBDA" duration="00:00:01.4130000" startTime="2018-08-07T14:47:42.2958478-04:00" endTime="2018-08-07T14:47:42.2958632-04:00" testType="13cdc9d9-ddb5-4fa4-a97d-d965ccfc6d4b" outcome="Passed" testListId="8c84fa94-04c1-424b-9868-57a2d4851a1d" relativeResultsDirectory="8812b7b2-21a4-458d-9ee0-c0809c40c3e6" /><UnitTestResult executionId="88daf58e-c40c-4dbc-8f32-afede3a57e7d" testId="e6be0487-dfce-4a32-82fe-9b9ea451dd93" testName="Patch_InvalidIdPropertyReturnsNotFound" computerName="LAMBDA" duration="00:00:00.0480000" startTime="2018-08-07T14:48:16.8085092-04:00" endTime="2018-08-07T14:48:16.8085156-04:00" testType="13cdc9d9-ddb5-4fa4-a97d-d965ccfc6d4b" outcome="Passed" testListId="8c84fa94-04c1-424b-9868-57a2d4851a1d" relativeResultsDirectory="88daf58e-c40c-4dbc-8f32-afede3a57e7d" /><UnitTestResult executionId="1a35f66b-cb09-495a-93d6-5a257531fd67" testId="b82fc52d-cb20-4125-b02d-62b4ce0f3c64" testName="Delete_TargetModelIsDeleted" computerName="LAMBDA" duration="00:00:00.3560000" startTime="2018-08-07T14:48:00.5869823-04:00" endTime="2018-08-07T14:48:00.5869977-04:00" testType="13cdc9d9-ddb5-4fa4-a97d-d965ccfc6d4b" outcome="Passed" testListId="8c84fa94-04c1-424b-9868-57a2d4851a1d" relativeResultsDirectory="1a35f66b-cb09-495a-93d6-5a257531fd67" /><UnitTestResult executionId="10515a11-bfdd-467e-a553-7f272a828d27" testId="eaf5ec0c-b1e5-4b83-9018-ba7305d8c9b8" testName="PostFile_NewFileCanBePosted" computerName="LAMBDA" duration="00:00:00.5080000" startTime="2018-08-07T14:48:26.1100135-04:00" endTime="2018-08-07T14:48:26.1100246-04:00" testType="13cdc9d9-ddb5-4fa4-a97d-d965ccfc6d4b" outcome="Passed" testListId="8c84fa94-04c1-424b-9868-57a2d4851a1d" relativeResultsDirectory="10515a11-bfdd-467e-a553-7f272a828d27" /><UnitTestResult executionId="e04bb4a1-de8b-4d45-b5a8-fbb3d45b98ad" testId="d85197fe-ea58-4645-9344-a5bfa231f15f" testName="Post_InvalidReferencePropertyReturnsBadRequest" computerName="LAMBDA" duration="00:00:00.2840000" startTime="2018-08-07T14:47:40.8814333-04:00" endTime="2018-08-07T14:47:40.8814384-04:00" testType="13cdc9d9-ddb5-4fa4-a97d-d965ccfc6d4b" outcome="Passed" testListId="8c84fa94-04c1-424b-9868-57a2d4851a1d" relativeResultsDirectory="e04bb4a1-de8b-4d45-b5a8-fbb3d45b98ad" /><UnitTestResult executionId="44e6f2dd-624a-49d6-bdcb-14831edb5df0" testId="2b1ea728-adef-4450-af89-4274289db458" testName="Put_InvalidReferencePropertyReturndBadRequest" computerName="LAMBDA" duration="00:00:00.0730000" startTime="2018-08-07T14:48:27.8330160-04:00" endTime="2018-08-07T14:48:27.8330258-04:00" testType="13cdc9d9-ddb5-4fa4-a97d-d965ccfc6d4b" outcome="Passed" testListId="8c84fa94-04c1-424b-9868-57a2d4851a1d" relativeResultsDirectory="44e6f2dd-624a-49d6-bdcb-14831edb5df0" /><UnitTestResult executionId="113a5bb7-56bb-41be-a5a8-9c259b0d8304" testId="7b201710-dde4-4882-8635-e5f7f2ba580a" testName="Put_InvalidIdReturnsNotFound" computerName="LAMBDA" duration="00:00:00.2290000" startTime="2018-08-07T14:47:50.8640898-04:00" endTime="2018-08-07T14:47:50.8640945-04:00" testType="13cdc9d9-ddb5-4fa4-a97d-d965ccfc6d4b" outcome="Passed" testListId="8c84fa94-04c1-424b-9868-57a2d4851a1d" relativeResultsDirectory="113a5bb7-56bb-41be-a5a8-9c259b0d8304" /><UnitTestResult executionId="179a34b5-1305-4209-85a6-ca4058e2d9c4" testId="ccddbab1-e102-4865-a52c-c769dd07d193" testName="Post_CanCreateNewModel" computerName="LAMBDA" duration="00:00:00.2690000" startTime="2018-08-07T14:47:51.8152435-04:00" endTime="2018-08-07T14:47:51.8152572-04:00" testType="13cdc9d9-ddb5-4fa4-a97d-d965ccfc6d4b" outcome="Passed" testListId="8c84fa94-04c1-424b-9868-57a2d4851a1d" relativeResultsDirectory="179a34b5-1305-4209-85a6-ca4058e2d9c4" /><UnitTestResult executionId="ccd8bf68-1785-497f-993b-58ae28e4ddf5" testId="f61b2b7d-338f-45b6-a196-41376258f76c" testName="Patch_MultipleInvalidReferencePropertiesReturnsMultipleValidationErrorsAndBadRequest" computerName="LAMBDA" duration="00:00:00.0370000" startTime="2018-08-07T14:48:18.2521800-04:00" endTime="2018-08-07T14:48:18.2521864-04:00" testType="13cdc9d9-ddb5-4fa4-a97d-d965ccfc6d4b" outcome="Passed" testListId="8c84fa94-04c1-424b-9868-57a2d4851a1d" relativeResultsDirectory="ccd8bf68-1785-497f-993b-58ae28e4ddf5" /><UnitTestResult executionId="91ca3d87-273c-4d48-9e4f-af8b2463cc71" testId="55ea87f1-d94f-4762-a5ff-8aa0c1541cb2" testName="Patch_InvalidIdPropertyReturnsNotFound" computerName="LAMBDA" duration="00:00:00.0180000" startTime="2018-08-07T14:47:40.5751504-04:00" endTime="2018-08-07T14:47:40.5751646-04:00" testType="13cdc9d9-ddb5-4fa4-a97d-d965ccfc6d4b" outcome="Passed" testListId="8c84fa94-04c1-424b-9868-57a2d4851a1d" relativeResultsDirectory="91ca3d87-273c-4d48-9e4f-af8b2463cc71" /><UnitTestResult executionId="ac754fb7-0c8e-45c5-ae2c-5f6e9c602f73" testId="167a3453-a05a-48ca-80ee-3b6f5e7a08c9" testName="FileRequest_DepthBufferIsInvalidatedAfterCameraDependencyPropertyChange" computerName="LAMBDA" duration="00:00:01.5710000" startTime="2018-08-07T14:48:24.5054440-04:00" endTime="2018-08-07T14:48:24.5054594-04:00" testType="13cdc9d9-ddb5-4fa4-a97d-d965ccfc6d4b" outcome="Passed" testListId="8c84fa94-04c1-424b-9868-57a2d4851a1d" relativeResultsDirectory="ac754fb7-0c8e-45c5-ae2c-5f6e9c602f73" /><UnitTestResult executionId="b6006c80-8a8d-48f5-97e0-0e20c5264a1d" testId="e5425a92-c660-4305-92c7-1e525bfa7a81" testName="Put_InvalidIdReturnsNotFound" computerName="LAMBDA" duration="00:00:00.1060000" startTime="2018-08-07T14:47:39.4134816-04:00" endTime="2018-08-07T14:47:39.4134957-04:00" testType="13cdc9d9-ddb5-4fa4-a97d-d965ccfc6d4b" outcome="Passed" testListId="8c84fa94-04c1-424b-9868-57a2d4851a1d" relativeResultsDirectory="b6006c80-8a8d-48f5-97e0-0e20c5264a1d" /><UnitTestResult executionId="a09cbef6-e791-434d-bff3-9dbcc932dcaa" testId="2a3a8ff6-5df5-437f-b40a-5f2c1a517f3b" testName="Put_InvalidReferencePropertyReturndBadRequest" computerName="LAMBDA" duration="00:00:00.0750000" startTime="2018-08-07T14:47:53.0103349-04:00" endTime="2018-08-07T14:47:53.0103422-04:00" testType="13cdc9d9-ddb5-4fa4-a97d-d965ccfc6d4b" outcome="Passed" testListId="8c84fa94-04c1-424b-9868-57a2d4851a1d" relativeResultsDirectory="a09cbef6-e791-434d-bff3-9dbcc932dcaa" /><UnitTestResult executionId="de66c288-6247-45a5-b3fb-047831b51188" testId="e68b773c-7596-470a-8a22-1196eea6d128" testName="Patch_ValidReferencePropertyUpdatesModel" computerName="LAMBDA" duration="00:00:01.2080000" startTime="2018-08-07T14:47:57.2180695-04:00" endTime="2018-08-07T14:47:57.2180840-04:00" testType="13cdc9d9-ddb5-4fa4-a97d-d965ccfc6d4b" outcome="Passed" testListId="8c84fa94-04c1-424b-9868-57a2d4851a1d" relativeResultsDirectory="de66c288-6247-45a5-b3fb-047831b51188" /><UnitTestResult executionId="c37d0d1a-ba59-4caa-96cc-45c8e7f60b91" testId="ce598fb2-5be7-4c9f-8283-a85d514176db" testName="GetFile_FileCanBeRoundTripped" computerName="LAMBDA" duration="00:00:00.5420000" startTime="2018-08-07T14:48:06.0079960-04:00" endTime="2018-08-07T14:48:06.0080106-04:00" testType="13cdc9d9-ddb5-4fa4-a97d-d965ccfc6d4b" outcome="Passed" testListId="8c84fa94-04c1-424b-9868-57a2d4851a1d" relativeResultsDirectory="c37d0d1a-ba59-4caa-96cc-45c8e7f60b91" /><UnitTestResult executionId="37f7549b-6288-46a4-9817-94a6c724f28f" testId="d578e819-2d4c-4c5a-96bd-ae76652a68ba" testName="Delete_TargetModelIsDeleted" computerName="LAMBDA" duration="00:00:00.5090000" startTime="2018-08-07T14:47:46.4926700-04:00" endTime="2018-08-07T14:47:46.4926875-04:00" testType="13cdc9d9-ddb5-4fa4-a97d-d965ccfc6d4b" outcome="Passed" testListId="8c84fa94-04c1-424b-9868-57a2d4851a1d" relativeResultsDirectory="37f7549b-6288-46a4-9817-94a6c724f28f" /><UnitTestResult executionId="6be15fd7-c28c-43ef-b8c7-6b1fa8752c70" testId="89ef5101-8b75-4599-884c-8878122f643c" testName="Patch_TargetPropertyIsUpdated" computerName="LAMBDA" duration="00:00:00.5150000" startTime="2018-08-07T14:47:59.2770357-04:00" endTime="2018-08-07T14:47:59.2770562-04:00" testType="13cdc9d9-ddb5-4fa4-a97d-d965ccfc6d4b" outcome="Passed" testListId="8c84fa94-04c1-424b-9868-57a2d4851a1d" relativeResultsDirectory="6be15fd7-c28c-43ef-b8c7-6b1fa8752c70" /><UnitTestResult executionId="274eaf3b-da80-42af-bc0f-6ad4adde7b93" testId="c0fa0de9-e3df-4b3c-a646-9759cc190cf8" testName="PutFile_NewFileCanBePut" computerName="LAMBDA" duration="00:00:00.5270000" startTime="2018-08-07T14:48:25.1027943-04:00" endTime="2018-08-07T14:48:25.1028092-04:00" testType="13cdc9d9-ddb5-4fa4-a97d-d965ccfc6d4b" outcome="Passed" testListId="8c84fa94-04c1-424b-9868-57a2d4851a1d" relativeResultsDirectory="274eaf3b-da80-42af-bc0f-6ad4adde7b93" /><UnitTestResult executionId="2bccb5e7-bbc2-4435-8d87-d6b141be66ab" testId="c2fc69f0-51dd-44b8-93d9-501272a05453" testName="Patch_MultipleInvalidReferencePropertiesReturnsMultipleValidationErrorsAndBadRequest" computerName="LAMBDA" duration="00:00:00.0760000" startTime="2018-08-07T14:48:28.1678845-04:00" endTime="2018-08-07T14:48:28.1678986-04:00" testType="13cdc9d9-ddb5-4fa4-a97d-d965ccfc6d4b" outcome="Passed" testListId="8c84fa94-04c1-424b-9868-57a2d4851a1d" relativeResultsDirectory="2bccb5e7-bbc2-4435-8d87-d6b141be66ab" /><UnitTestResult executionId="40daf0cc-b21f-4470-876b-f796ea418bb4" testId="2be13ad7-8219-4c52-a065-6926737d8013" testName="Model3dHasExpectedDependentFiles" computerName="LAMBDA" duration="00:00:00.0380000" startTime="2018-08-07T14:47:34.6620208-04:00" endTime="2018-08-07T14:47:34.6620272-04:00" testType="13cdc9d9-ddb5-4fa4-a97d-d965ccfc6d4b" outcome="Passed" testListId="8c84fa94-04c1-424b-9868-57a2d4851a1d" relativeResultsDirectory="40daf0cc-b21f-4470-876b-f796ea418bb4" /><UnitTestResult executionId="93181e37-b968-451a-b88d-438de9d579f2" testId="9617a0c7-f5c0-432a-ab3e-d56dee426325" testName="Patch_InvalidReferencePropertyReturnsBadRequest" computerName="LAMBDA" duration="00:00:00.0910000" startTime="2018-08-07T14:47:59.7561463-04:00" endTime="2018-08-07T14:47:59.7561532-04:00" testType="13cdc9d9-ddb5-4fa4-a97d-d965ccfc6d4b" outcome="Passed" testListId="8c84fa94-04c1-424b-9868-57a2d4851a1d" relativeResultsDirectory="93181e37-b968-451a-b88d-438de9d579f2" /><UnitTestResult executionId="880e6d06-cac1-4154-beb8-d7eca81680f2" testId="2415bec0-1e11-4f0c-b1c5-14719b927070" testName="GetSingle_InvalidIdPropertyValueReturnsNotFound" computerName="LAMBDA" duration="00:00:00.0300000" startTime="2018-08-07T14:47:54.6114806-04:00" endTime="2018-08-07T14:47:54.6114866-04:00" testType="13cdc9d9-ddb5-4fa4-a97d-d965ccfc6d4b" outcome="Passed" testListId="8c84fa94-04c1-424b-9868-57a2d4851a1d" relativeResultsDirectory="880e6d06-cac1-4154-beb8-d7eca81680f2" /><UnitTestResult executionId="782f2588-88ac-4356-92ff-416392e0ce3e" testId="29a0edb7-9608-44d2-ad6d-473d480eb686" testName="GetSingle_ValidIdPropertyValueReturnsCorrectModel" computerName="LAMBDA" duration="00:00:00.0300000" startTime="2018-08-07T14:47:54.6421781-04:00" endTime="2018-08-07T14:47:54.6421849-04:00" testType="13cdc9d9-ddb5-4fa4-a97d-d965ccfc6d4b" outcome="Passed" testListId="8c84fa94-04c1-424b-9868-57a2d4851a1d" relativeResultsDirectory="782f2588-88ac-4356-92ff-416392e0ce3e" /><UnitTestResult executionId="07d603dd-5b27-49e6-8ba4-87fd36a84049" testId="28456e85-e994-46bc-b83b-468acb79a3e1" testName="Delete_TargetModelIsDeleted" computerName="LAMBDA" duration="00:00:00.2250000" startTime="2018-08-07T14:48:27.2209677-04:00" endTime="2018-08-07T14:48:27.2209835-04:00" testType="13cdc9d9-ddb5-4fa4-a97d-d965ccfc6d4b" outcome="Passed" testListId="8c84fa94-04c1-424b-9868-57a2d4851a1d" relativeResultsDirectory="07d603dd-5b27-49e6-8ba4-87fd36a84049" /><UnitTestResult executionId="2d753fcc-98ff-48a3-99b4-6f96937320cb" testId="a7de27aa-b1f1-434f-b6bf-6fe23e5892af" testName="PostFile_NewFileCanBePosted" computerName="LAMBDA" duration="00:00:00.6300000" startTime="2018-08-07T14:47:49.9879805-04:00" endTime="2018-08-07T14:47:49.9879981-04:00" testType="13cdc9d9-ddb5-4fa4-a97d-d965ccfc6d4b" outcome="Passed" testListId="8c84fa94-04c1-424b-9868-57a2d4851a1d" relativeResultsDirectory="2d753fcc-98ff-48a3-99b4-6f96937320cb" /><UnitTestResult executionId="97868e03-7e1f-46c7-bb71-b789c97257b1" testId="abdb19f9-dfd2-4068-b9a4-d518fcf916de" testName="PostFile_FileIsSynchronizedIsUpdatedAfterFileIsPosted" computerName="LAMBDA" duration="00:00:00.4970000" startTime="2018-08-07T14:48:25.6008320-04:00" endTime="2018-08-07T14:48:25.6008461-04:00" testType="13cdc9d9-ddb5-4fa4-a97d-d965ccfc6d4b" outcome="Passed" testListId="8c84fa94-04c1-424b-9868-57a2d4851a1d" relativeResultsDirectory="97868e03-7e1f-46c7-bb71-b789c97257b1" /><UnitTestResult executionId="f612ceef-b03d-4de8-8168-e3a0e33cbd8e" testId="0e4fa7f9-cf14-4f3c-834d-afd3ea35a9b8" testName="GetFile_ExistingFileReturnsSuccess" computerName="LAMBDA" duration="00:00:00.4060000" startTime="2018-08-07T14:47:48.6693141-04:00" endTime="2018-08-07T14:47:48.6693205-04:00" testType="13cdc9d9-ddb5-4fa4-a97d-d965ccfc6d4b" outcome="Passed" testListId="8c84fa94-04c1-424b-9868-57a2d4851a1d" relativeResultsDirectory="f612ceef-b03d-4de8-8168-e3a0e33cbd8e" /><UnitTestResult executionId="8d52fc15-dc11-4ebe-80fb-d80cb81200fb" testId="f3456197-8488-4239-b708-84b78799e37e" testName="Put_InvalidReferencePropertyReturndBadRequest" computerName="LAMBDA" duration="00:00:00.0500000" startTime="2018-08-07T14:48:00.6973750-04:00" endTime="2018-08-07T14:48:00.6973801-04:00" testType="13cdc9d9-ddb5-4fa4-a97d-d965ccfc6d4b" outcome="Passed" testListId="8c84fa94-04c1-424b-9868-57a2d4851a1d" relativeResultsDirectory="8d52fc15-dc11-4ebe-80fb-d80cb81200fb" /><UnitTestResult executionId="69a93f38-e5df-41e4-963a-5e98c8dd0015" testId="395d5a25-bbca-41f9-b6ca-ba36c7fc5b9b" testName="GetSingle_ValidIdPropertyValueReturnsCorrectModel" computerName="LAMBDA" duration="00:00:00.0310000" startTime="2018-08-07T14:48:18.3076888-04:00" endTime="2018-08-07T14:48:18.3076947-04:00" testType="13cdc9d9-ddb5-4fa4-a97d-d965ccfc6d4b" outcome="Passed" testListId="8c84fa94-04c1-424b-9868-57a2d4851a1d" relativeResultsDirectory="69a93f38-e5df-41e4-963a-5e98c8dd0015" /><UnitTestResult executionId="25dfeae3-0ac9-4602-abde-d39cf14cb885" testId="1b1131ea-ae52-401b-8180-ea43cb78ddd6" testName="Patch_InvalidEnumPropertyValueReturnsBadRequest" computerName="LAMBDA" duration="00:00:00.0580000" startTime="2018-08-07T14:47:58.7603117-04:00" endTime="2018-08-07T14:47:58.7603190-04:00" testType="13cdc9d9-ddb5-4fa4-a97d-d965ccfc6d4b" outcome="Passed" testListId="8c84fa94-04c1-424b-9868-57a2d4851a1d" relativeResultsDirectory="25dfeae3-0ac9-4602-abde-d39cf14cb885" /><UnitTestResult executionId="a3e345d8-b21c-4ce7-8727-ff3bb7d0ca46" testId="59c3303c-8f84-4b38-aadf-496a7d112485" testName="PostFile_FileTimeStampIsUpdatedAfterFileIsPosted" computerName="LAMBDA" duration="00:00:01.6910000" startTime="2018-08-07T14:48:08.4864408-04:00" endTime="2018-08-07T14:48:08.4864561-04:00" testType="13cdc9d9-ddb5-4fa4-a97d-d965ccfc6d4b" outcome="Passed" testListId="8c84fa94-04c1-424b-9868-57a2d4851a1d" relativeResultsDirectory="a3e345d8-b21c-4ce7-8727-ff3bb7d0ca46" /><UnitTestResult executionId="462aae95-edbb-4632-af31-806239321521" testId="e1d24db6-346e-427d-9432-aa95e26aa7bd" testName="Post_InvalidReferencePropertyReturnsBadRequest" computerName="LAMBDA" duration="00:00:00.0150000" startTime="2018-08-07T14:47:35.7367116-04:00" endTime="2018-08-07T14:47:35.7367176-04:00" testType="13cdc9d9-ddb5-4fa4-a97d-d965ccfc6d4b" outcome="Passed" testListId="8c84fa94-04c1-424b-9868-57a2d4851a1d" relativeResultsDirectory="462aae95-edbb-4632-af31-806239321521" /><UnitTestResult executionId="206eae02-d60d-40df-b9e0-f9a115128ec5" testId="056096fb-7895-47aa-ab77-d5bde8c887e5" testName="Post_ValidReferencePropertyCreatesModel" computerName="LAMBDA" duration="00:00:00.2670000" startTime="2018-08-07T14:48:19.1797905-04:00" endTime="2018-08-07T14:48:19.1798042-04:00" testType="13cdc9d9-ddb5-4fa4-a97d-d965ccfc6d4b" outcome="Passed" testListId="8c84fa94-04c1-424b-9868-57a2d4851a1d" relativeResultsDirectory="206eae02-d60d-40df-b9e0-f9a115128ec5" /><UnitTestResult executionId="18bb2786-74d5-402c-a0e9-13ee27282fc9" testId="28176700-ef12-42ed-8c22-1a1f2f12cdfd" testName="Patch_ValidReferencePropertyUpdatesModel" computerName="LAMBDA" duration="00:00:00.5400000" startTime="2018-08-07T14:47:35.6050302-04:00" endTime="2018-08-07T14:47:35.6050379-04:00" testType="13cdc9d9-ddb5-4fa4-a97d-d965ccfc6d4b" outcome="Passed" testListId="8c84fa94-04c1-424b-9868-57a2d4851a1d" relativeResultsDirectory="18bb2786-74d5-402c-a0e9-13ee27282fc9" /><UnitTestResult executionId="bb7033ea-a444-4366-8a69-3e99242456e0" testId="f078944e-c854-4d42-b900-8ac3f4d9b73d" testName="Put_InvalidReferencePropertyReturndBadRequest" computerName="LAMBDA" duration="00:00:00.0580000" startTime="2018-08-07T14:47:46.5512459-04:00" endTime="2018-08-07T14:47:46.5512510-04:00" testType="13cdc9d9-ddb5-4fa4-a97d-d965ccfc6d4b" outcome="Passed" testListId="8c84fa94-04c1-424b-9868-57a2d4851a1d" relativeResultsDirectory="bb7033ea-a444-4366-8a69-3e99242456e0" /><UnitTestResult executionId="c83d9919-4948-4228-a732-cd1bac3c2539" testId="eb6204dd-75e4-4dd9-bfa2-9a92db714845" testName="Post_ValidReferencePropertyCreatesModel" computerName="LAMBDA" duration="00:00:00.0170000" startTime="2018-08-07T14:47:35.7262819-04:00" endTime="2018-08-07T14:47:35.7262854-04:00" testType="13cdc9d9-ddb5-4fa4-a97d-d965ccfc6d4b" outcome="Passed" testListId="8c84fa94-04c1-424b-9868-57a2d4851a1d" relativeResultsDirectory="c83d9919-4948-4228-a732-cd1bac3c2539" /><UnitTestResult executionId="fd4c2149-2c22-4e29-9cd1-e07be3bb9363" testId="a85afa90-6053-4124-be00-c3fbe92d0fa6" testName="Post_ValidReferencePropertyCreatesModel" computerName="LAMBDA" duration="00:00:00.2540000" startTime="2018-08-07T14:47:52.9343796-04:00" endTime="2018-08-07T14:47:52.9343966-04:00" testType="13cdc9d9-ddb5-4fa4-a97d-d965ccfc6d4b" outcome="Passed" testListId="8c84fa94-04c1-424b-9868-57a2d4851a1d" relativeResultsDirectory="fd4c2149-2c22-4e29-9cd1-e07be3bb9363" /><UnitTestResult executionId="dab52ec7-2876-42d3-940b-aa862b44cd1f" testId="a409baf8-8273-4615-ada7-75b6a718bfe1" testName="Patch_InvalidEnumPropertyValueReturnsBadRequest" computerName="LAMBDA" duration="00:00:00.0190000" startTime="2018-08-07T14:47:45.3687916-04:00" endTime="2018-08-07T14:47:45.3687972-04:00" testType="13cdc9d9-ddb5-4fa4-a97d-d965ccfc6d4b" outcome="Passed" testListId="8c84fa94-04c1-424b-9868-57a2d4851a1d" relativeResultsDirectory="dab52ec7-2876-42d3-940b-aa862b44cd1f" /><UnitTestResult executionId="56ab1913-e69e-4f5b-a756-9d91711495e9" testId="6a3f40df-2f5a-465b-b33d-858e07104d65" testName="Put_InvalidIdReturnsNotFound" computerName="LAMBDA" duration="00:00:00.0750000" startTime="2018-08-07T14:47:56.0085854-04:00" endTime="2018-08-07T14:47:56.0085901-04:00" testType="13cdc9d9-ddb5-4fa4-a97d-d965ccfc6d4b" outcome="Passed" testListId="8c84fa94-04c1-424b-9868-57a2d4851a1d" relativeResultsDirectory="56ab1913-e69e-4f5b-a756-9d91711495e9" /><UnitTestResult executionId="bb26c66f-45f1-4794-8f0b-a330e4d18b10" testId="3259076a-6442-4eb8-9a91-75822872404f" testName="Patch_InvalidReferencePropertyReturnsBadRequest" computerName="LAMBDA" duration="00:00:00.0850000" startTime="2018-08-07T14:47:51.9012730-04:00" endTime="2018-08-07T14:47:51.9012795-04:00" testType="13cdc9d9-ddb5-4fa4-a97d-d965ccfc6d4b" outcome="Passed" testListId="8c84fa94-04c1-424b-9868-57a2d4851a1d" relativeResultsDirectory="bb26c66f-45f1-4794-8f0b-a330e4d18b10" /><UnitTestResult executionId="380a4c2b-a6a6-4b37-8b64-18db0192f873" testId="d3a01ccc-d8f3-4f59-a6eb-f4339f00dcaf" testName="Patch_InvalidEnumPropertyValueReturnsBadRequest" computerName="LAMBDA" duration="00:00:00.0820000" startTime="2018-08-07T14:48:16.3970400-04:00" endTime="2018-08-07T14:48:16.3970455-04:00" testType="13cdc9d9-ddb5-4fa4-a97d-d965ccfc6d4b" outcome="Passed" testListId="8c84fa94-04c1-424b-9868-57a2d4851a1d" relativeResultsDirectory="380a4c2b-a6a6-4b37-8b64-18db0192f873" /><UnitTestResult executionId="fc64fb4c-fa50-4538-ad9f-19c18913ab90" testId="cb2d8af3-34dc-4d81-b63a-40b2531cbffb" testName="Patch_MultipleInvalidReferencePropertiesReturnsMultipleValidationErrorsAndBadRequest" computerName="LAMBDA" duration="00:00:00.0490000" startTime="2018-08-07T14:47:51.5450974-04:00" endTime="2018-08-07T14:47:51.5451038-04:00" testType="13cdc9d9-ddb5-4fa4-a97d-d965ccfc6d4b" outcome="Passed" testListId="8c84fa94-04c1-424b-9868-57a2d4851a1d" relativeResultsDirectory="fc64fb4c-fa50-4538-ad9f-19c18913ab90" /><UnitTestResult executionId="a4383e74-5e28-4b6f-8a03-7468a54666e9" testId="f4358a76-c702-4bd1-808f-65d6dd8a9fc3" testName="Patch_InvalidPropertyNameReturnsBadRequest" computerName="LAMBDA" duration="00:00:00.0330000" startTime="2018-08-07T14:47:50.8976529-04:00" endTime="2018-08-07T14:47:50.8976581-04:00" testType="13cdc9d9-ddb5-4fa4-a97d-d965ccfc6d4b" outcome="Passed" testListId="8c84fa94-04c1-424b-9868-57a2d4851a1d" relativeResultsDirectory="a4383e74-5e28-4b6f-8a03-7468a54666e9" /><UnitTestResult executionId="0008c7f7-8f13-4683-a867-6a40f9db839a" testId="05cc99a4-43c2-4321-8f37-6e2930a70b28" testName="Put_ValidReferencePropertyUpdatesModel" computerName="LAMBDA" duration="00:00:00.6880000" startTime="2018-08-07T14:47:52.6245565-04:00" endTime="2018-08-07T14:47:52.6245676-04:00" testType="13cdc9d9-ddb5-4fa4-a97d-d965ccfc6d4b" outcome="Passed" testListId="8c84fa94-04c1-424b-9868-57a2d4851a1d" relativeResultsDirectory="0008c7f7-8f13-4683-a867-6a40f9db839a" /><UnitTestResult executionId="a1281f9e-2d28-481a-9809-30e7a6ca7d60" testId="57018ff2-1437-422f-9301-0ec6adf13e3e" testName="GetSingle_InvalidIdPropertyValueReturnsNotFound" computerName="LAMBDA" duration="00:00:00.0260000" startTime="2018-08-07T14:47:59.8441072-04:00" endTime="2018-08-07T14:47:59.8441136-04:00" testType="13cdc9d9-ddb5-4fa4-a97d-d965ccfc6d4b" outcome="Passed" testListId="8c84fa94-04c1-424b-9868-57a2d4851a1d" relativeResultsDirectory="a1281f9e-2d28-481a-9809-30e7a6ca7d60" /><UnitTestResult executionId="5f0c149f-0e77-4819-a3f1-d48ed82f6cea" testId="8040ab8b-8476-48be-afca-0fe8a9813afa" testName="Put_ValidReferencePropertyUpdatesModel" computerName="LAMBDA" duration="00:00:00.9030000" startTime="2018-08-07T14:47:44.8526346-04:00" endTime="2018-08-07T14:47:44.8526496-04:00" testType="13cdc9d9-ddb5-4fa4-a97d-d965ccfc6d4b" outcome="Passed" testListId="8c84fa94-04c1-424b-9868-57a2d4851a1d" relativeResultsDirectory="5f0c149f-0e77-4819-a3f1-d48ed82f6cea" /><UnitTestResult executionId="18197800-c904-48c8-b26f-a11174155608" testId="f8aab60d-b6de-4bce-8e0d-fb82ffae9ac9" testName="Post_CanCreateNewModel" computerName="LAMBDA" duration="00:00:00.5230000" startTime="2018-08-07T14:47:45.8936194-04:00" endTime="2018-08-07T14:47:45.8936382-04:00" testType="13cdc9d9-ddb5-4fa4-a97d-d965ccfc6d4b" outcome="Passed" testListId="8c84fa94-04c1-424b-9868-57a2d4851a1d" relativeResultsDirectory="18197800-c904-48c8-b26f-a11174155608" /><UnitTestResult executionId="1d9510c6-e152-4fb9-b5fd-7bc5adefbd7f" testId="67d9087a-409f-4dde-8977-b7b5afe5dc23" testName="Post_InvalidReferencePropertyReturnsBadRequest" computerName="LAMBDA" duration="00:00:00.0280000" startTime="2018-08-07T14:47:59.8729623-04:00" endTime="2018-08-07T14:47:59.8729773-04:00" testType="13cdc9d9-ddb5-4fa4-a97d-d965ccfc6d4b" outcome="Passed" testListId="8c84fa94-04c1-424b-9868-57a2d4851a1d" relativeResultsDirectory="1d9510c6-e152-4fb9-b5fd-7bc5adefbd7f" /><UnitTestResult executionId="12a4664e-e441-4286-a3d8-f85a8fe17de5" testId="c352d488-fa3b-45d9-a774-47243e94beb7" testName="PutFile_FileCanBeUpdated" computerName="LAMBDA" duration="00:00:00.6960000" startTime="2018-08-07T14:48:06.7050026-04:00" endTime="2018-08-07T14:48:06.7050168-04:00" testType="13cdc9d9-ddb5-4fa4-a97d-d965ccfc6d4b" outcome="Passed" testListId="8c84fa94-04c1-424b-9868-57a2d4851a1d" relativeResultsDirectory="12a4664e-e441-4286-a3d8-f85a8fe17de5" /><UnitTestResult executionId="0c78f53f-829a-425b-8d87-d0a509587217" testId="5d6c0d51-307a-4d96-85d7-eec19507823b" testName="Patch_TargetPropertyIsUpdated" computerName="LAMBDA" duration="00:00:00.4410000" startTime="2018-08-07T14:48:29.5754605-04:00" endTime="2018-08-07T14:48:29.5754746-04:00" testType="13cdc9d9-ddb5-4fa4-a97d-d965ccfc6d4b" outcome="Passed" testListId="8c84fa94-04c1-424b-9868-57a2d4851a1d" relativeResultsDirectory="0c78f53f-829a-425b-8d87-d0a509587217" /><UnitTestResult executionId="edcb4388-a903-40d9-9b61-10090932e0a4" testId="5f1deffa-e5c0-44e6-9c8f-19350e28e879" testName="GetList_ListReturnsCorrectCount" computerName="LAMBDA" duration="00:00:00.0360000" startTime="2018-08-07T14:48:27.2577750-04:00" endTime="2018-08-07T14:48:27.2577827-04:00" testType="13cdc9d9-ddb5-4fa4-a97d-d965ccfc6d4b" outcome="Passed" testListId="8c84fa94-04c1-424b-9868-57a2d4851a1d" relativeResultsDirectory="edcb4388-a903-40d9-9b61-10090932e0a4" /><UnitTestResult executionId="e7956c41-19e8-473f-86e8-c3d5cd2ea1ca" testId="089d9a7b-b89e-49df-9a05-40a0463ce72c" testName="PutFile_NewFileCanBePut" computerName="LAMBDA" duration="00:00:00.8650000" startTime="2018-08-07T14:47:47.4304517-04:00" endTime="2018-08-07T14:47:47.4304581-04:00" testType="13cdc9d9-ddb5-4fa4-a97d-d965ccfc6d4b" outcome="Passed" testListId="8c84fa94-04c1-424b-9868-57a2d4851a1d" relativeResultsDirectory="e7956c41-19e8-473f-86e8-c3d5cd2ea1ca" /><UnitTestResult executionId="f9ec4593-03d3-466b-bec6-cbfeaa051416" testId="33d7b55f-345e-49b8-af1d-9f763d559c89" testName="Put_InvalidReferencePropertyReturndBadRequest" computerName="LAMBDA" duration="00:00:00.0150000" startTime="2018-08-07T14:47:40.5563058-04:00" endTime="2018-08-07T14:47:40.5563118-04:00" testType="13cdc9d9-ddb5-4fa4-a97d-d965ccfc6d4b" outcome="Passed" testListId="8c84fa94-04c1-424b-9868-57a2d4851a1d" relativeResultsDirectory="f9ec4593-03d3-466b-bec6-cbfeaa051416" /></Results><TestDefinitions><UnitTest name="Post_InvalidPropertyValueReturnsBadRequest" storage="d:\github\modelrelief\modelrelief.test\bin\debug\netcoreapp2.0\modelrelief.test.dll" id="923dd97e-0191-42ea-9d32-612695f7e56b"><Execution id="02092de9-7f9e-4539-9622-dbf5d724d464" /><TestMethod codeBase="d:\Github\ModelRelief\ModelRelief.test\bin\Debug\netcoreapp2.0\ModelRelief.Test.dll" adapterTypeName="executor://xunit/VsTestRunner2/netcoreapp" className="ModelRelief.Test.Integration.DepthBuffers.DepthBuffersBaseIntegrationTests" name="Post_InvalidPropertyValueReturnsBadRequest" /></UnitTest><UnitTest name="Post_ValidReferencePropertyCreatesModel" storage="d:\github\modelrelief\modelrelief.test\bin\debug\netcoreapp2.0\modelrelief.test.dll" id="056096fb-7895-47aa-ab77-d5bde8c887e5"><Execution id="206eae02-d60d-40df-b9e0-f9a115128ec5" /><TestMethod codeBase="d:\Github\ModelRelief\ModelRelief.test\bin\Debug\netcoreapp2.0\ModelRelief.Test.dll" adapterTypeName="executor://xunit/VsTestRunner2/netcoreapp" className="ModelRelief.Test.Integration.DepthBuffers.DepthBuffersBaseIntegrationTests" name="Post_ValidReferencePropertyCreatesModel" /></UnitTest><UnitTest name="Put_InvalidIdReturnsNotFound" storage="d:\github\modelrelief\modelrelief.test\bin\debug\netcoreapp2.0\modelrelief.test.dll" id="4d3b71db-17d3-47b7-a008-bda997b1b311"><Execution id="6b0a43bc-348d-4322-b8aa-89fcda348e25" /><TestMethod codeBase="d:\Github\ModelRelief\ModelRelief.test\bin\Debug\netcoreapp2.0\ModelRelief.Test.dll" adapterTypeName="executor://xunit/VsTestRunner2/netcoreapp" className="ModelRelief.Test.Integration.Cameras.CamerasBaseIntegrationTests" name="Put_InvalidIdReturnsNotFound" /></UnitTest><UnitTest name="Put_InvalidIdReturnsNotFound" storage="d:\github\modelrelief\modelrelief.test\bin\debug\netcoreapp2.0\modelrelief.test.dll" id="7b201710-dde4-4882-8635-e5f7f2ba580a"><Execution id="113a5bb7-56bb-41be-a5a8-9c259b0d8304" /><TestMethod codeBase="d:\Github\ModelRelief\ModelRelief.test\bin\Debug\netcoreapp2.0\ModelRelief.Test.dll" adapterTypeName="executor://xunit/VsTestRunner2/netcoreapp" className="ModelRelief.Test.Integration.MeshTransforms.MeshTransformsBaseIntegrationTests" name="Put_InvalidIdReturnsNotFound" /></UnitTest><UnitTest name="FileRequest_FileCanBeReadAfterRename" storage="d:\github\modelrelief\modelrelief.test\bin\debug\netcoreapp2.0\modelrelief.test.dll" id="b9586c40-9ecc-42cb-ba2d-93c76f4e4e2f"><Execution id="fd415b50-ca1e-4027-8d80-027f5cbc4ad3" /><TestMethod codeBase="d:\Github\ModelRelief\ModelRelief.test\bin\Debug\netcoreapp2.0\ModelRelief.Test.dll" adapterTypeName="executor://xunit/VsTestRunner2/netcoreapp" className="ModelRelief.Test.Integration.Models.ModelsFileIntegrationTests" name="FileRequest_FileCanBeReadAfterRename" /></UnitTest><UnitTest name="GetSingle_InvalidIdPropertyValueReturnsNotFound" storage="d:\github\modelrelief\modelrelief.test\bin\debug\netcoreapp2.0\modelrelief.test.dll" id="bcc6c4c7-e9ae-48cb-9832-39a7e6ed35df"><Execution id="81d3a2a6-5262-48a9-8cd1-e05a56d04cd5" /><TestMethod codeBase="d:\Github\ModelRelief\ModelRelief.test\bin\Debug\netcoreapp2.0\ModelRelief.Test.dll" adapterTypeName="executor://xunit/VsTestRunner2/netcoreapp" className="ModelRelief.Test.Integration.Models.ModelsBaseIntegrationTests" name="GetSingle_InvalidIdPropertyValueReturnsNotFound" /></UnitTest><UnitTest name="GetFile_ExistingFileReturnsSuccess" storage="d:\github\modelrelief\modelrelief.test\bin\debug\netcoreapp2.0\modelrelief.test.dll" id="0e4fa7f9-cf14-4f3c-834d-afd3ea35a9b8"><Execution id="f612ceef-b03d-4de8-8168-e3a0e33cbd8e" /><TestMethod codeBase="d:\Github\ModelRelief\ModelRelief.test\bin\Debug\netcoreapp2.0\ModelRelief.Test.dll" adapterTypeName="executor://xunit/VsTestRunner2/netcoreapp" className="ModelRelief.Test.Integration.Models.ModelsFileIntegrationTests" name="GetFile_ExistingFileReturnsSuccess" /></UnitTest><UnitTest name="Patch_InvalidPropertyNameReturnsBadRequest" storage="d:\github\modelrelief\modelrelief.test\bin\debug\netcoreapp2.0\modelrelief.test.dll" id="e38612b4-c86f-44ce-b8d8-707bff049bac"><Execution id="29ba0a33-2e55-4aab-bf84-547546fd20bd" /><TestMethod codeBase="d:\Github\ModelRelief\ModelRelief.test\bin\Debug\netcoreapp2.0\ModelRelief.Test.dll" adapterTypeName="executor://xunit/VsTestRunner2/netcoreapp" className="ModelRelief.Test.Integration.Meshes.MeshesBaseIntegrationTests" name="Patch_InvalidPropertyNameReturnsBadRequest" /></UnitTest><UnitTest name="PutFile_FileCanBeUpdated" storage="d:\github\modelrelief\modelrelief.test\bin\debug\netcoreapp2.0\modelrelief.test.dll" id="c352d488-fa3b-45d9-a774-47243e94beb7"><Execution id="12a4664e-e441-4286-a3d8-f85a8fe17de5" /><TestMethod codeBase="d:\Github\ModelRelief\ModelRelief.test\bin\Debug\netcoreapp2.0\ModelRelief.Test.dll" adapterTypeName="executor://xunit/VsTestRunner2/netcoreapp" className="ModelRelief.Test.Integration.Meshes.MeshesFileIntegrationTests" name="PutFile_FileCanBeUpdated" /></UnitTest><UnitTest name="Patch_InvalidEnumPropertyValueReturnsBadRequest" storage="d:\github\modelrelief\modelrelief.test\bin\debug\netcoreapp2.0\modelrelief.test.dll" id="a409baf8-8273-4615-ada7-75b6a718bfe1"><Execution id="dab52ec7-2876-42d3-940b-aa862b44cd1f" /><TestMethod codeBase="d:\Github\ModelRelief\ModelRelief.test\bin\Debug\netcoreapp2.0\ModelRelief.Test.dll" adapterTypeName="executor://xunit/VsTestRunner2/netcoreapp" className="ModelRelief.Test.Integration.Models.ModelsBaseIntegrationTests" name="Patch_InvalidEnumPropertyValueReturnsBadRequest" /></UnitTest><UnitTest name="Post_ValidReferencePropertyCreatesModel" storage="d:\github\modelrelief\modelrelief.test\bin\debug\netcoreapp2.0\modelrelief.test.dll" id="eb6204dd-75e4-4dd9-bfa2-9a92db714845"><Execution id="c83d9919-4948-4228-a732-cd1bac3c2539" /><TestMethod codeBase="d:\Github\ModelRelief\ModelRelief.test\bin\Debug\netcoreapp2.0\ModelRelief.Test.dll" adapterTypeName="executor://xunit/VsTestRunner2/netcoreapp" className="ModelRelief.Test.Integration.Projects.ProjectsBaseIntegrationTests" name="Post_ValidReferencePropertyCreatesModel" /></UnitTest><UnitTest name="Post_InvalidPropertyValueReturnsBadRequest" storage="d:\github\modelrelief\modelrelief.test\bin\debug\netcoreapp2.0\modelrelief.test.dll" id="a20aacce-91a2-4ab3-a2e8-49985c8ea558"><Execution id="a95ee80a-cd48-4a9c-9fe3-43886ca4f3b8" /><TestMethod codeBase="d:\Github\ModelRelief\ModelRelief.test\bin\Debug\netcoreapp2.0\ModelRelief.Test.dll" adapterTypeName="executor://xunit/VsTestRunner2/netcoreapp" className="ModelRelief.Test.Integration.MeshTransforms.MeshTransformsBaseIntegrationTests" name="Post_InvalidPropertyValueReturnsBadRequest" /></UnitTest><UnitTest name="Put_CanUpdateModel" storage="d:\github\modelrelief\modelrelief.test\bin\debug\netcoreapp2.0\modelrelief.test.dll" id="0d3ba03a-fbc3-472a-bcdb-02503ea66ccd"><Execution id="13638afd-ca5c-42a6-8a13-92a56602e53a" /><TestMethod codeBase="d:\Github\ModelRelief\ModelRelief.test\bin\Debug\netcoreapp2.0\ModelRelief.Test.dll" adapterTypeName="executor://xunit/VsTestRunner2/netcoreapp" className="ModelRelief.Test.Integration.Meshes.MeshesBaseIntegrationTests" name="Put_CanUpdateModel" /></UnitTest><UnitTest name="PostFile_FileIsSynchronizedIsUpdatedAfterFileIsPosted" storage="d:\github\modelrelief\modelrelief.test\bin\debug\netcoreapp2.0\modelrelief.test.dll" id="fe6c1644-2b64-4fce-9475-d7a996f0f08e"><Execution id="a7fb799a-462a-4f2d-9163-fe86fb9a1d3d" /><TestMethod codeBase="d:\Github\ModelRelief\ModelRelief.test\bin\Debug\netcoreapp2.0\ModelRelief.Test.dll" adapterTypeName="executor://xunit/VsTestRunner2/netcoreapp" className="ModelRelief.Test.Integration.Meshes.MeshesFileIntegrationTests" name="PostFile_FileIsSynchronizedIsUpdatedAfterFileIsPosted" /></UnitTest><UnitTest name="Put_CanUpdateModel" storage="d:\github\modelrelief\modelrelief.test\bin\debug\netcoreapp2.0\modelrelief.test.dll" id="30cb891a-0947-4301-ba64-ee0768c60162"><Execution id="f5cc7c91-425e-4262-a9ef-f6d7fb888c2b" /><TestMethod codeBase="d:\Github\ModelRelief\ModelRelief.test\bin\Debug\netcoreapp2.0\ModelRelief.Test.dll" adapterTypeName="executor://xunit/VsTestRunner2/netcoreapp" className="ModelRelief.Test.Integration.DepthBuffers.DepthBuffersBaseIntegrationTests" name="Put_CanUpdateModel" /></UnitTest><UnitTest name="FileRequest_FileCanBeReadAfterRename" storage="d:\github\modelrelief\modelrelief.test\bin\debug\netcoreapp2.0\modelrelief.test.dll" id="0f6b7639-f659-488f-8187-e414c0743c52"><Execution id="59ef8955-a0ef-467a-b1b7-6556cbf5f19f" /><TestMethod codeBase="d:\Github\ModelRelief\ModelRelief.test\bin\Debug\netcoreapp2.0\ModelRelief.Test.dll" adapterTypeName="executor://xunit/VsTestRunner2/netcoreapp" className="ModelRelief.Test.Integration.DepthBuffers.DepthBuffersFileIntegrationTests" name="FileRequest_FileCanBeReadAfterRename" /></UnitTest><UnitTest name="Patch_InvalidReferencePropertyReturnsBadRequest" storage="d:\github\modelrelief\modelrelief.test\bin\debug\netcoreapp2.0\modelrelief.test.dll" id="9617a0c7-f5c0-432a-ab3e-d56dee426325"><Execution id="93181e37-b968-451a-b88d-438de9d579f2" /><TestMethod codeBase="d:\Github\ModelRelief\ModelRelief.test\bin\Debug\netcoreapp2.0\ModelRelief.Test.dll" adapterTypeName="executor://xunit/VsTestRunner2/netcoreapp" className="ModelRelief.Test.Integration.Meshes.MeshesBaseIntegrationTests" name="Patch_InvalidReferencePropertyReturnsBadRequest" /></UnitTest><UnitTest name="Put_InvalidReferencePropertyReturndBadRequest" storage="d:\github\modelrelief\modelrelief.test\bin\debug\netcoreapp2.0\modelrelief.test.dll" id="f078944e-c854-4d42-b900-8ac3f4d9b73d"><Execution id="bb7033ea-a444-4366-8a69-3e99242456e0" /><TestMethod codeBase="d:\Github\ModelRelief\ModelRelief.test\bin\Debug\netcoreapp2.0\ModelRelief.Test.dll" adapterTypeName="executor://xunit/VsTestRunner2/netcoreapp" className="ModelRelief.Test.Integration.Models.ModelsBaseIntegrationTests" name="Put_InvalidReferencePropertyReturndBadRequest" /></UnitTest><UnitTest name="GetList_ListReturnsCorrectCount" storage="d:\github\modelrelief\modelrelief.test\bin\debug\netcoreapp2.0\modelrelief.test.dll" id="5f1deffa-e5c0-44e6-9c8f-19350e28e879"><Execution id="edcb4388-a903-40d9-9b61-10090932e0a4" /><TestMethod codeBase="d:\Github\ModelRelief\ModelRelief.test\bin\Debug\netcoreapp2.0\ModelRelief.Test.dll" adapterTypeName="executor://xunit/VsTestRunner2/netcoreapp" className="ModelRelief.Test.Integration.Cameras.CamerasBaseIntegrationTests" name="GetList_ListReturnsCorrectCount" /></UnitTest><UnitTest name="GetSingle_InvalidIdPropertyValueReturnsNotFound" storage="d:\github\modelrelief\modelrelief.test\bin\debug\netcoreapp2.0\modelrelief.test.dll" id="829e3562-b499-4fee-895f-04276ce8deac"><Execution id="e0153fe5-3ea2-40d1-8518-c20b9a2a0ad2" /><TestMethod codeBase="d:\Github\ModelRelief\ModelRelief.test\bin\Debug\netcoreapp2.0\ModelRelief.Test.dll" adapterTypeName="executor://xunit/VsTestRunner2/netcoreapp" className="ModelRelief.Test.Integration.Cameras.CamerasBaseIntegrationTests" name="GetSingle_InvalidIdPropertyValueReturnsNotFound" /></UnitTest><UnitTest name="PutFile_NewFileCanBePut" storage="d:\github\modelrelief\modelrelief.test\bin\debug\netcoreapp2.0\modelrelief.test.dll" id="c0fa0de9-e3df-4b3c-a646-9759cc190cf8"><Execution id="274eaf3b-da80-42af-bc0f-6ad4adde7b93" /><TestMethod codeBase="d:\Github\ModelRelief\ModelRelief.test\bin\Debug\netcoreapp2.0\ModelRelief.Test.dll" adapterTypeName="executor://xunit/VsTestRunner2/netcoreapp" className="ModelRelief.Test.Integration.DepthBuffers.DepthBuffersFileIntegrationTests" name="PutFile_NewFileCanBePut" /></UnitTest><UnitTest name="Put_InvalidIdReturnsNotFound" storage="d:\github\modelrelief\modelrelief.test\bin\debug\netcoreapp2.0\modelrelief.test.dll" id="e5425a92-c660-4305-92c7-1e525bfa7a81"><Execution id="b6006c80-8a8d-48f5-97e0-0e20c5264a1d" /><TestMethod codeBase="d:\Github\ModelRelief\ModelRelief.test\bin\Debug\netcoreapp2.0\ModelRelief.Test.dll" adapterTypeName="executor://xunit/VsTestRunner2/netcoreapp" className="ModelRelief.Test.Integration.Projects.ProjectsBaseIntegrationTests" name="Put_InvalidIdReturnsNotFound" /></UnitTest><UnitTest name="Post_InvalidPropertyValueReturnsBadRequest" storage="d:\github\modelrelief\modelrelief.test\bin\debug\netcoreapp2.0\modelrelief.test.dll" id="0cce1681-c1f7-4c81-9222-7a8a8f34abd8"><Execution id="8c162c84-3960-4667-a410-3b4efe3ad8ce" /><TestMethod codeBase="d:\Github\ModelRelief\ModelRelief.test\bin\Debug\netcoreapp2.0\ModelRelief.Test.dll" adapterTypeName="executor://xunit/VsTestRunner2/netcoreapp" className="ModelRelief.Test.Integration.Cameras.CamerasBaseIntegrationTests" name="Post_InvalidPropertyValueReturnsBadRequest" /></UnitTest><UnitTest name="PostFile_NewFileCanBePosted" storage="d:\github\modelrelief\modelrelief.test\bin\debug\netcoreapp2.0\modelrelief.test.dll" id="a7de27aa-b1f1-434f-b6bf-6fe23e5892af"><Execution id="2d753fcc-98ff-48a3-99b4-6f96937320cb" /><TestMethod codeBase="d:\Github\ModelRelief\ModelRelief.test\bin\Debug\netcoreapp2.0\ModelRelief.Test.dll" adapterTypeName="executor://xunit/VsTestRunner2/netcoreapp" className="ModelRelief.Test.Integration.Models.ModelsFileIntegrationTests" name="PostFile_NewFileCanBePosted" /></UnitTest><UnitTest name="Put_CanUpdateModel" storage="d:\github\modelrelief\modelrelief.test\bin\debug\netcoreapp2.0\modelrelief.test.dll" id="bd303465-66bb-46e0-87b7-0935e5af17ff"><Execution id="40e4c523-b3b2-40ff-9592-a70bb8c0e7be" /><TestMethod codeBase="d:\Github\ModelRelief\ModelRelief.test\bin\Debug\netcoreapp2.0\ModelRelief.Test.dll" adapterTypeName="executor://xunit/VsTestRunner2/netcoreapp" className="ModelRelief.Test.Integration.MeshTransforms.MeshTransformsBaseIntegrationTests" name="Put_CanUpdateModel" /></UnitTest><UnitTest name="Patch_ValidReferencePropertyUpdatesModel" storage="d:\github\modelrelief\modelrelief.test\bin\debug\netcoreapp2.0\modelrelief.test.dll" id="bd35adc0-1399-478a-ae01-4686c6b0e352"><Execution id="758a62ff-2f33-4dbf-9a94-75f53d06402d" /><TestMethod codeBase="d:\Github\ModelRelief\ModelRelief.test\bin\Debug\netcoreapp2.0\ModelRelief.Test.dll" adapterTypeName="executor://xunit/VsTestRunner2/netcoreapp" className="ModelRelief.Test.Integration.MeshTransforms.MeshTransformsBaseIntegrationTests" name="Patch_ValidReferencePropertyUpdatesModel" /></UnitTest><UnitTest name="Post_InvalidReferencePropertyReturnsBadRequest" storage="d:\github\modelrelief\modelrelief.test\bin\debug\netcoreapp2.0\modelrelief.test.dll" id="d85197fe-ea58-4645-9344-a5bfa231f15f"><Execution id="e04bb4a1-de8b-4d45-b5a8-fbb3d45b98ad" /><TestMethod codeBase="d:\Github\ModelRelief\ModelRelief.test\bin\Debug\netcoreapp2.0\ModelRelief.Test.dll" adapterTypeName="executor://xunit/VsTestRunner2/netcoreapp" className="ModelRelief.Test.Integration.Models.ModelsBaseIntegrationTests" name="Post_InvalidReferencePropertyReturnsBadRequest" /></UnitTest><UnitTest name="Put_InvalidReferencePropertyReturndBadRequest" storage="d:\github\modelrelief\modelrelief.test\bin\debug\netcoreapp2.0\modelrelief.test.dll" id="33d7b55f-345e-49b8-af1d-9f763d559c89"><Execution id="f9ec4593-03d3-466b-bec6-cbfeaa051416" /><TestMethod codeBase="d:\Github\ModelRelief\ModelRelief.test\bin\Debug\netcoreapp2.0\ModelRelief.Test.dll" adapterTypeName="executor://xunit/VsTestRunner2/netcoreapp" className="ModelRelief.Test.Integration.Projects.ProjectsBaseIntegrationTests" name="Put_InvalidReferencePropertyReturndBadRequest" /></UnitTest><UnitTest name="Put_InvalidReferencePropertyReturndBadRequest" storage="d:\github\modelrelief\modelrelief.test\bin\debug\netcoreapp2.0\modelrelief.test.dll" id="f3456197-8488-4239-b708-84b78799e37e"><Execution id="8d52fc15-dc11-4ebe-80fb-d80cb81200fb" /><TestMethod codeBase="d:\Github\ModelRelief\ModelRelief.test\bin\Debug\netcoreapp2.0\ModelRelief.Test.dll" adapterTypeName="executor://xunit/VsTestRunner2/netcoreapp" className="ModelRelief.Test.Integration.Meshes.MeshesBaseIntegrationTests" name="Put_InvalidReferencePropertyReturndBadRequest" /></UnitTest><UnitTest name="PutFile_NewFileCanBePut" storage="d:\github\modelrelief\modelrelief.test\bin\debug\netcoreapp2.0\modelrelief.test.dll" id="e88ebf1f-34fc-4020-95e9-f1cd15aabb7c"><Execution id="b75f5ce3-040f-449f-a58e-ae10ebb136d3" /><TestMethod codeBase="d:\Github\ModelRelief\ModelRelief.test\bin\Debug\netcoreapp2.0\ModelRelief.Test.dll" adapterTypeName="executor://xunit/VsTestRunner2/netcoreapp" className="ModelRelief.Test.Integration.Meshes.MeshesFileIntegrationTests" name="PutFile_NewFileCanBePut" /></UnitTest><UnitTest name="Post_InvalidReferencePropertyReturnsBadRequest" storage="d:\github\modelrelief\modelrelief.test\bin\debug\netcoreapp2.0\modelrelief.test.dll" id="67d9087a-409f-4dde-8977-b7b5afe5dc23"><Execution id="1d9510c6-e152-4fb9-b5fd-7bc5adefbd7f" /><TestMethod codeBase="d:\Github\ModelRelief\ModelRelief.test\bin\Debug\netcoreapp2.0\ModelRelief.Test.dll" adapterTypeName="executor://xunit/VsTestRunner2/netcoreapp" className="ModelRelief.Test.Integration.Meshes.MeshesBaseIntegrationTests" name="Post_InvalidReferencePropertyReturnsBadRequest" /></UnitTest><UnitTest name="MeshTransformHasExpectedDependentFiles" storage="d:\github\modelrelief\modelrelief.test\bin\debug\netcoreapp2.0\modelrelief.test.dll" id="39991693-b372-4baf-9c20-49e3639c22a1"><Execution id="9d056aee-daaa-4b72-95f4-feeb57168517" /><TestMethod codeBase="d:\Github\ModelRelief\ModelRelief.test\bin\Debug\netcoreapp2.0\ModelRelief.Test.dll" adapterTypeName="executor://xunit/VsTestRunner2/netcoreapp" className="ModelRelief.Test.Unit.DependencyManager.DependencyManagerTests" name="MeshTransformHasExpectedDependentFiles" /></UnitTest><UnitTest name="PostFile_NewFileCanBePosted" storage="d:\github\modelrelief\modelrelief.test\bin\debug\netcoreapp2.0\modelrelief.test.dll" id="eaf5ec0c-b1e5-4b83-9018-ba7305d8c9b8"><Execution id="10515a11-bfdd-467e-a553-7f272a828d27" /><TestMethod codeBase="d:\Github\ModelRelief\ModelRelief.test\bin\Debug\netcoreapp2.0\ModelRelief.Test.dll" adapterTypeName="executor://xunit/VsTestRunner2/netcoreapp" className="ModelRelief.Test.Integration.DepthBuffers.DepthBuffersFileIntegrationTests" name="PostFile_NewFileCanBePosted" /></UnitTest><UnitTest name="Put_InvalidReferencePropertyReturndBadRequest" storage="d:\github\modelrelief\modelrelief.test\bin\debug\netcoreapp2.0\modelrelief.test.dll" id="be89690d-b96f-4dd4-ae51-a182aece4dc6"><Execution id="5415834a-e110-4536-b2cb-78d8d53b6792" /><TestMethod codeBase="d:\Github\ModelRelief\ModelRelief.test\bin\Debug\netcoreapp2.0\ModelRelief.Test.dll" adapterTypeName="executor://xunit/VsTestRunner2/netcoreapp" className="ModelRelief.Test.Integration.DepthBuffers.DepthBuffersBaseIntegrationTests" name="Put_InvalidReferencePropertyReturndBadRequest" /></UnitTest><UnitTest name="GetFile_NonExistentFileReturnsNotFound" storage="d:\github\modelrelief\modelrelief.test\bin\debug\netcoreapp2.0\modelrelief.test.dll" id="1b6a1c3f-2382-42df-8d26-e321bf34d971"><Execution id="ecde1cf1-0195-42d4-901a-10edf7ea61e2" /><TestMethod codeBase="d:\Github\ModelRelief\ModelRelief.test\bin\Debug\netcoreapp2.0\ModelRelief.Test.dll" adapterTypeName="executor://xunit/VsTestRunner2/netcoreapp" className="ModelRelief.Test.Integration.Meshes.MeshesFileIntegrationTests" name="GetFile_NonExistentFileReturnsNotFound" /></UnitTest><UnitTest name="GetList_ListReturnsCorrectCount" storage="d:\github\modelrelief\modelrelief.test\bin\debug\netcoreapp2.0\modelrelief.test.dll" id="57a261df-4e9d-4b65-96d3-9c02afb78000"><Execution id="65cd5c41-2a5e-48e6-9355-28ceac0cf848" /><TestMethod codeBase="d:\Github\ModelRelief\ModelRelief.test\bin\Debug\netcoreapp2.0\ModelRelief.Test.dll" adapterTypeName="executor://xunit/VsTestRunner2/netcoreapp" className="ModelRelief.Test.Integration.Projects.ProjectsBaseIntegrationTests" name="GetList_ListReturnsCorrectCount" /></UnitTest><UnitTest name="Patch_MultipleInvalidReferencePropertiesReturnsMultipleValidationErrorsAndBadRequest" storage="d:\github\modelrelief\modelrelief.test\bin\debug\netcoreapp2.0\modelrelief.test.dll" id="cb2d8af3-34dc-4d81-b63a-40b2531cbffb"><Execution id="fc64fb4c-fa50-4538-ad9f-19c18913ab90" /><TestMethod codeBase="d:\Github\ModelRelief\ModelRelief.test\bin\Debug\netcoreapp2.0\ModelRelief.Test.dll" adapterTypeName="executor://xunit/VsTestRunner2/netcoreapp" className="ModelRelief.Test.Integration.MeshTransforms.MeshTransformsBaseIntegrationTests" name="Patch_MultipleInvalidReferencePropertiesReturnsMultipleValidationErrorsAndBadRequest" /></UnitTest><UnitTest name="Post_CanCreateNewModel" storage="d:\github\modelrelief\modelrelief.test\bin\debug\netcoreapp2.0\modelrelief.test.dll" id="8755cec6-d53b-4776-9cd3-95aad77b2c7f"><Execution id="3ff8a569-61bb-4d7b-93d6-acf4c174c0cc" /><TestMethod codeBase="d:\Github\ModelRelief\ModelRelief.test\bin\Debug\netcoreapp2.0\ModelRelief.Test.dll" adapterTypeName="executor://xunit/VsTestRunner2/netcoreapp" className="ModelRelief.Test.Integration.Projects.ProjectsBaseIntegrationTests" name="Post_CanCreateNewModel" /></UnitTest><UnitTest name="Model3dHasExpectedDependentFiles" storage="d:\github\modelrelief\modelrelief.test\bin\debug\netcoreapp2.0\modelrelief.test.dll" id="2be13ad7-8219-4c52-a065-6926737d8013"><Execution id="40daf0cc-b21f-4470-876b-f796ea418bb4" /><TestMethod codeBase="d:\Github\ModelRelief\ModelRelief.test\bin\Debug\netcoreapp2.0\ModelRelief.Test.dll" adapterTypeName="executor://xunit/VsTestRunner2/netcoreapp" className="ModelRelief.Test.Unit.DependencyManager.DependencyManagerTests" name="Model3dHasExpectedDependentFiles" /></UnitTest><UnitTest name="Patch_InvalidEnumPropertyValueReturnsBadRequest" storage="d:\github\modelrelief\modelrelief.test\bin\debug\netcoreapp2.0\modelrelief.test.dll" id="215581f5-4f53-42b3-a4c1-1c5d4c815fe1"><Execution id="bfb2d612-ec3f-46ac-8cc0-a52f4a2051e5" /><TestMethod codeBase="d:\Github\ModelRelief\ModelRelief.test\bin\Debug\netcoreapp2.0\ModelRelief.Test.dll" adapterTypeName="executor://xunit/VsTestRunner2/netcoreapp" className="ModelRelief.Test.Integration.Projects.ProjectsBaseIntegrationTests" name="Patch_InvalidEnumPropertyValueReturnsBadRequest" /></UnitTest><UnitTest name="FileRequest_MeshIsInvalidatedAfterDepthBufferFileBecomesUnsynchronized" storage="d:\github\modelrelief\modelrelief.test\bin\debug\netcoreapp2.0\modelrelief.test.dll" id="e5d4db59-de68-4563-9b93-2b4bc3496d36"><Execution id="871063ac-070e-4d23-8218-97613b285d31" /><TestMethod codeBase="d:\Github\ModelRelief\ModelRelief.test\bin\Debug\netcoreapp2.0\ModelRelief.Test.dll" adapterTypeName="executor://xunit/VsTestRunner2/netcoreapp" className="ModelRelief.Test.Integration.Meshes.MeshesFileIntegrationTests" name="FileRequest_MeshIsInvalidatedAfterDepthBufferFileBecomesUnsynchronized" /></UnitTest><UnitTest name="Post_CanCreateNewModel" storage="d:\github\modelrelief\modelrelief.test\bin\debug\netcoreapp2.0\modelrelief.test.dll" id="23627049-9a49-4445-a95d-07b36c5880f2"><Execution id="09b246de-a7e0-43d5-9fa8-641f0b002372" /><TestMethod codeBase="d:\Github\ModelRelief\ModelRelief.test\bin\Debug\netcoreapp2.0\ModelRelief.Test.dll" adapterTypeName="executor://xunit/VsTestRunner2/netcoreapp" className="ModelRelief.Test.Integration.Cameras.CamerasBaseIntegrationTests" name="Post_CanCreateNewModel" /></UnitTest><UnitTest name="Patch_InvalidPropertyNameReturnsBadRequest" storage="d:\github\modelrelief\modelrelief.test\bin\debug\netcoreapp2.0\modelrelief.test.dll" id="f4358a76-c702-4bd1-808f-65d6dd8a9fc3"><Execution id="a4383e74-5e28-4b6f-8a03-7468a54666e9" /><TestMethod codeBase="d:\Github\ModelRelief\ModelRelief.test\bin\Debug\netcoreapp2.0\ModelRelief.Test.dll" adapterTypeName="executor://xunit/VsTestRunner2/netcoreapp" className="ModelRelief.Test.Integration.MeshTransforms.MeshTransformsBaseIntegrationTests" name="Patch_InvalidPropertyNameReturnsBadRequest" /></UnitTest><UnitTest name="LucyCameraFindsAllDependents" storage="d:\github\modelrelief\modelrelief.test\bin\debug\netcoreapp2.0\modelrelief.test.dll" id="32f332b2-a256-42a5-b4a2-b11684f88aa0"><Execution id="f509b7ea-f6fa-4671-b8db-d1d5a392e8a1" /><TestMethod codeBase="d:\Github\ModelRelief\ModelRelief.test\bin\Debug\netcoreapp2.0\ModelRelief.Test.dll" adapterTypeName="executor://xunit/VsTestRunner2/netcoreapp" className="ModelRelief.Test.Unit.DependencyManager.DependencyManagerTests" name="LucyCameraFindsAllDependents" /></UnitTest><UnitTest name="Patch_InvalidPropertyNameReturnsBadRequest" storage="d:\github\modelrelief\modelrelief.test\bin\debug\netcoreapp2.0\modelrelief.test.dll" id="3983f770-7b9a-458f-984c-2a1726f7d0b6"><Execution id="8466307d-f979-4de0-8e42-1c37d779a9f6" /><TestMethod codeBase="d:\Github\ModelRelief\ModelRelief.test\bin\Debug\netcoreapp2.0\ModelRelief.Test.dll" adapterTypeName="executor://xunit/VsTestRunner2/netcoreapp" className="ModelRelief.Test.Integration.DepthBuffers.DepthBuffersBaseIntegrationTests" name="Patch_InvalidPropertyNameReturnsBadRequest" /></UnitTest><UnitTest name="Patch_TargetPropertyIsUpdated" storage="d:\github\modelrelief\modelrelief.test\bin\debug\netcoreapp2.0\modelrelief.test.dll" id="4b562e6b-5842-4ca2-a1d3-8d35d8948592"><Execution id="f18164c0-87b6-4ebc-8214-92f0f7caab8d" /><TestMethod codeBase="d:\Github\ModelRelief\ModelRelief.test\bin\Debug\netcoreapp2.0\ModelRelief.Test.dll" adapterTypeName="executor://xunit/VsTestRunner2/netcoreapp" className="ModelRelief.Test.Integration.Projects.ProjectsBaseIntegrationTests" name="Patch_TargetPropertyIsUpdated" /></UnitTest><UnitTest name="GetSingle_InvalidIdPropertyValueReturnsNotFound" storage="d:\github\modelrelief\modelrelief.test\bin\debug\netcoreapp2.0\modelrelief.test.dll" id="fa36be96-ee72-4593-a440-4505f380eb50"><Execution id="1d6b4eaa-173f-41b7-8ec5-0b5f98cf105f" /><TestMethod codeBase="d:\Github\ModelRelief\ModelRelief.test\bin\Debug\netcoreapp2.0\ModelRelief.Test.dll" adapterTypeName="executor://xunit/VsTestRunner2/netcoreapp" className="ModelRelief.Test.Integration.DepthBuffers.DepthBuffersBaseIntegrationTests" name="GetSingle_InvalidIdPropertyValueReturnsNotFound" /></UnitTest><UnitTest name="Patch_ValidReferencePropertyUpdatesModel" storage="d:\github\modelrelief\modelrelief.test\bin\debug\netcoreapp2.0\modelrelief.test.dll" id="a74a4158-3912-4fb7-985b-0a52a884e97f"><Execution id="7813595c-7bee-4e0e-ac8d-144b18642303" /><TestMethod codeBase="d:\Github\ModelRelief\ModelRelief.test\bin\Debug\netcoreapp2.0\ModelRelief.Test.dll" adapterTypeName="executor://xunit/VsTestRunner2/netcoreapp" className="ModelRelief.Test.Integration.Cameras.CamerasBaseIntegrationTests" name="Patch_ValidReferencePropertyUpdatesModel" /></UnitTest><UnitTest name="Delete_TargetModelIsDeleted" storage="d:\github\modelrelief\modelrelief.test\bin\debug\netcoreapp2.0\modelrelief.test.dll" id="742408e9-40a5-423b-92cb-d37c2fb8a823"><Execution id="2b90c8c9-45d9-4fab-9d3e-73c7bf871265" /><TestMethod codeBase="d:\Github\ModelRelief\ModelRelief.test\bin\Debug\netcoreapp2.0\ModelRelief.Test.dll" adapterTypeName="executor://xunit/VsTestRunner2/netcoreapp" className="ModelRelief.Test.Integration.MeshTransforms.MeshTransformsBaseIntegrationTests" name="Delete_TargetModelIsDeleted" /></UnitTest><UnitTest name="Patch_InvalidEnumPropertyValueReturnsBadRequest" storage="d:\github\modelrelief\modelrelief.test\bin\debug\netcoreapp2.0\modelrelief.test.dll" id="d3a01ccc-d8f3-4f59-a6eb-f4339f00dcaf"><Execution id="380a4c2b-a6a6-4b37-8b64-18db0192f873" /><TestMethod codeBase="d:\Github\ModelRelief\ModelRelief.test\bin\Debug\netcoreapp2.0\ModelRelief.Test.dll" adapterTypeName="executor://xunit/VsTestRunner2/netcoreapp" className="ModelRelief.Test.Integration.DepthBuffers.DepthBuffersBaseIntegrationTests" name="Patch_InvalidEnumPropertyValueReturnsBadRequest" /></UnitTest><UnitTest name="Patch_TargetPropertyIsUpdated" storage="d:\github\modelrelief\modelrelief.test\bin\debug\netcoreapp2.0\modelrelief.test.dll" id="89ef5101-8b75-4599-884c-8878122f643c"><Execution id="6be15fd7-c28c-43ef-b8c7-6b1fa8752c70" /><TestMethod codeBase="d:\Github\ModelRelief\ModelRelief.test\bin\Debug\netcoreapp2.0\ModelRelief.Test.dll" adapterTypeName="executor://xunit/VsTestRunner2/netcoreapp" className="ModelRelief.Test.Integration.Meshes.MeshesBaseIntegrationTests" name="Patch_TargetPropertyIsUpdated" /></UnitTest><UnitTest name="Patch_MultipleInvalidReferencePropertiesReturnsMultipleValidationErrorsAndBadRequest" storage="d:\github\modelrelief\modelrelief.test\bin\debug\netcoreapp2.0\modelrelief.test.dll" id="c2fc69f0-51dd-44b8-93d9-501272a05453"><Execution id="2bccb5e7-bbc2-4435-8d87-d6b141be66ab" /><TestMethod codeBase="d:\Github\ModelRelief\ModelRelief.test\bin\Debug\netcoreapp2.0\ModelRelief.Test.dll" adapterTypeName="executor://xunit/VsTestRunner2/netcoreapp" className="ModelRelief.Test.Integration.Cameras.CamerasBaseIntegrationTests" name="Patch_MultipleInvalidReferencePropertiesReturnsMultipleValidationErrorsAndBadRequest" /></UnitTest><UnitTest name="PostFile_FileTimeStampIsUpdatedAfterFileIsPosted" storage="d:\github\modelrelief\modelrelief.test\bin\debug\netcoreapp2.0\modelrelief.test.dll" id="59c3303c-8f84-4b38-aadf-496a7d112485"><Execution id="a3e345d8-b21c-4ce7-8727-ff3bb7d0ca46" /><TestMethod codeBase="d:\Github\ModelRelief\ModelRelief.test\bin\Debug\netcoreapp2.0\ModelRelief.Test.dll" adapterTypeName="executor://xunit/VsTestRunner2/netcoreapp" className="ModelRelief.Test.Integration.Meshes.MeshesFileIntegrationTests" name="PostFile_FileTimeStampIsUpdatedAfterFileIsPosted" /></UnitTest><UnitTest name="FileRequest_FileCanBeReadAfterRename" storage="d:\github\modelrelief\modelrelief.test\bin\debug\netcoreapp2.0\modelrelief.test.dll" id="2eb50216-7727-47bd-91ab-c8b198eb010f"><Execution id="02cd5ee4-eb85-4300-bf3b-729add363fe7" /><TestMethod codeBase="d:\Github\ModelRelief\ModelRelief.test\bin\Debug\netcoreapp2.0\ModelRelief.Test.dll" adapterTypeName="executor://xunit/VsTestRunner2/netcoreapp" className="ModelRelief.Test.Integration.Meshes.MeshesFileIntegrationTests" name="FileRequest_FileCanBeReadAfterRename" /></UnitTest><UnitTest name="Post_InvalidReferencePropertyReturnsBadRequest" storage="d:\github\modelrelief\modelrelief.test\bin\debug\netcoreapp2.0\modelrelief.test.dll" id="5a95d40f-027d-487b-a0c2-016c0367247b"><Execution id="bfe4b702-21c2-4655-b371-8c7a800ed914" /><TestMethod codeBase="d:\Github\ModelRelief\ModelRelief.test\bin\Debug\netcoreapp2.0\ModelRelief.Test.dll" adapterTypeName="executor://xunit/VsTestRunner2/netcoreapp" className="ModelRelief.Test.Integration.MeshTransforms.MeshTransformsBaseIntegrationTests" name="Post_InvalidReferencePropertyReturnsBadRequest" /></UnitTest><UnitTest name="Put_InvalidReferencePropertyReturndBadRequest" storage="d:\github\modelrelief\modelrelief.test\bin\debug\netcoreapp2.0\modelrelief.test.dll" id="2b1ea728-adef-4450-af89-4274289db458"><Execution id="44e6f2dd-624a-49d6-bdcb-14831edb5df0" /><TestMethod codeBase="d:\Github\ModelRelief\ModelRelief.test\bin\Debug\netcoreapp2.0\ModelRelief.Test.dll" adapterTypeName="executor://xunit/VsTestRunner2/netcoreapp" className="ModelRelief.Test.Integration.Cameras.CamerasBaseIntegrationTests" name="Put_InvalidReferencePropertyReturndBadRequest" /></UnitTest><UnitTest name="PostFile_FileTimeStampIsUpdatedAfterFileIsPosted" storage="d:\github\modelrelief\modelrelief.test\bin\debug\netcoreapp2.0\modelrelief.test.dll" id="835d253d-5e67-4d1a-8a36-79346fdab3d5"><Execution id="b6aa3d0d-af8d-482e-bcee-676c40b9dd82" /><TestMethod codeBase="d:\Github\ModelRelief\ModelRelief.test\bin\Debug\netcoreapp2.0\ModelRelief.Test.dll" adapterTypeName="executor://xunit/VsTestRunner2/netcoreapp" className="ModelRelief.Test.Integration.DepthBuffers.DepthBuffersFileIntegrationTests" name="PostFile_FileTimeStampIsUpdatedAfterFileIsPosted" /></UnitTest><UnitTest name="PutFile_NewFileCanBePut" storage="d:\github\modelrelief\modelrelief.test\bin\debug\netcoreapp2.0\modelrelief.test.dll" id="089d9a7b-b89e-49df-9a05-40a0463ce72c"><Execution id="e7956c41-19e8-473f-86e8-c3d5cd2ea1ca" /><TestMethod codeBase="d:\Github\ModelRelief\ModelRelief.test\bin\Debug\netcoreapp2.0\ModelRelief.Test.dll" adapterTypeName="executor://xunit/VsTestRunner2/netcoreapp" className="ModelRelief.Test.Integration.Models.ModelsFileIntegrationTests" name="PutFile_NewFileCanBePut" /></UnitTest><UnitTest name="GetFile_NonExistentFileReturnsNotFound" storage="d:\github\modelrelief\modelrelief.test\bin\debug\netcoreapp2.0\modelrelief.test.dll" id="626a03ba-c6af-4568-9c29-96b0a9d11f93"><Execution id="0685c3ec-4595-42a4-bf8d-ebe4748cdb43" /><TestMethod codeBase="d:\Github\ModelRelief\ModelRelief.test\bin\Debug\netcoreapp2.0\ModelRelief.Test.dll" adapterTypeName="executor://xunit/VsTestRunner2/netcoreapp" className="ModelRelief.Test.Integration.Models.ModelsFileIntegrationTests" name="GetFile_NonExistentFileReturnsNotFound" /></UnitTest><UnitTest name="LucyDepthBufferFindsOneDependent" storage="d:\github\modelrelief\modelrelief.test\bin\debug\netcoreapp2.0\modelrelief.test.dll" id="ff31bbcc-04eb-4ca2-8a7c-4080b5a3632d"><Execution id="ad87dcf2-d06f-4937-9b7b-7dc778beed1d" /><TestMethod codeBase="d:\Github\ModelRelief\ModelRelief.test\bin\Debug\netcoreapp2.0\ModelRelief.Test.dll" adapterTypeName="executor://xunit/VsTestRunner2/netcoreapp" className="ModelRelief.Test.Unit.DependencyManager.DependencyManagerTests" name="LucyDepthBufferFindsOneDependent" /></UnitTest><UnitTest name="Patch_ValidReferencePropertyUpdatesModel" storage="d:\github\modelrelief\modelrelief.test\bin\debug\netcoreapp2.0\modelrelief.test.dll" id="0ea1ccb3-ef20-4c0a-acc5-83a3d40670b2"><Execution id="1601e613-793f-4bb4-9a1b-0f08f25293ca" /><TestMethod codeBase="d:\Github\ModelRelief\ModelRelief.test\bin\Debug\netcoreapp2.0\ModelRelief.Test.dll" adapterTypeName="executor://xunit/VsTestRunner2/netcoreapp" className="ModelRelief.Test.Integration.Models.ModelsBaseIntegrationTests" name="Patch_ValidReferencePropertyUpdatesModel" /></UnitTest><UnitTest name="Patch_InvalidEnumPropertyValueReturnsBadRequest" storage="d:\github\modelrelief\modelrelief.test\bin\debug\netcoreapp2.0\modelrelief.test.dll" id="cf57fd95-40c8-4bb8-b078-2ba3b6baf90e"><Execution id="439c8da4-02d7-46c5-b9db-f23bf2209454" /><TestMethod codeBase="d:\Github\ModelRelief\ModelRelief.test\bin\Debug\netcoreapp2.0\ModelRelief.Test.dll" adapterTypeName="executor://xunit/VsTestRunner2/netcoreapp" className="ModelRelief.Test.Integration.Cameras.CamerasBaseIntegrationTests" name="Patch_InvalidEnumPropertyValueReturnsBadRequest" /></UnitTest><UnitTest name="Patch_TargetPropertyIsUpdated" storage="d:\github\modelrelief\modelrelief.test\bin\debug\netcoreapp2.0\modelrelief.test.dll" id="5d6c0d51-307a-4d96-85d7-eec19507823b"><Execution id="0c78f53f-829a-425b-8d87-d0a509587217" /><TestMethod codeBase="d:\Github\ModelRelief\ModelRelief.test\bin\Debug\netcoreapp2.0\ModelRelief.Test.dll" adapterTypeName="executor://xunit/VsTestRunner2/netcoreapp" className="ModelRelief.Test.Integration.Cameras.CamerasBaseIntegrationTests" name="Patch_TargetPropertyIsUpdated" /></UnitTest><UnitTest name="GetSingle_ValidIdPropertyValueReturnsCorrectModel" storage="d:\github\modelrelief\modelrelief.test\bin\debug\netcoreapp2.0\modelrelief.test.dll" id="5cfcc747-1396-450d-8c70-1d57ec41c62b"><Execution id="65015131-5420-476b-8cc8-27e078eb0cb1" /><TestMethod codeBase="d:\Github\ModelRelief\ModelRelief.test\bin\Debug\netcoreapp2.0\ModelRelief.Test.dll" adapterTypeName="executor://xunit/VsTestRunner2/netcoreapp" className="ModelRelief.Test.Integration.Models.ModelsBaseIntegrationTests" name="GetSingle_ValidIdPropertyValueReturnsCorrectModel" /></UnitTest><UnitTest name="Patch_InvalidIdPropertyReturnsNotFound" storage="d:\github\modelrelief\modelrelief.test\bin\debug\netcoreapp2.0\modelrelief.test.dll" id="cd0ccb3a-0b8d-4f21-ad55-b19fcc3bdef0"><Execution id="103b074e-0ed4-4d55-91ed-137e7445de45" /><TestMethod codeBase="d:\Github\ModelRelief\ModelRelief.test\bin\Debug\netcoreapp2.0\ModelRelief.Test.dll" adapterTypeName="executor://xunit/VsTestRunner2/netcoreapp" className="ModelRelief.Test.Integration.Models.ModelsBaseIntegrationTests" name="Patch_InvalidIdPropertyReturnsNotFound" /></UnitTest><UnitTest name="GetSingle_ValidIdPropertyValueReturnsCorrectModel" storage="d:\github\modelrelief\modelrelief.test\bin\debug\netcoreapp2.0\modelrelief.test.dll" id="f6bbc947-cfea-4501-b028-86e33cda68b9"><Execution id="e1acd237-9e36-46fd-9a7e-7865bfed690d" /><TestMethod codeBase="d:\Github\ModelRelief\ModelRelief.test\bin\Debug\netcoreapp2.0\ModelRelief.Test.dll" adapterTypeName="executor://xunit/VsTestRunner2/netcoreapp" className="ModelRelief.Test.Integration.Meshes.MeshesBaseIntegrationTests" name="GetSingle_ValidIdPropertyValueReturnsCorrectModel" /></UnitTest><UnitTest name="Put_CanUpdateModel" storage="d:\github\modelrelief\modelrelief.test\bin\debug\netcoreapp2.0\modelrelief.test.dll" id="6cd49f43-a195-406d-8fb4-ce1c762f2708"><Execution id="50081228-951c-4dd1-8790-1dc0388d89b3" /><TestMethod codeBase="d:\Github\ModelRelief\ModelRelief.test\bin\Debug\netcoreapp2.0\ModelRelief.Test.dll" adapterTypeName="executor://xunit/VsTestRunner2/netcoreapp" className="ModelRelief.Test.Integration.Models.ModelsBaseIntegrationTests" name="Put_CanUpdateModel" /></UnitTest><UnitTest name="CameraHasExpectedDependentFiles" storage="d:\github\modelrelief\modelrelief.test\bin\debug\netcoreapp2.0\modelrelief.test.dll" id="605f1d87-a188-450c-a0bb-8791dad3b575"><Execution id="a0aeba39-6446-446a-b864-6f73e80e9ccc" /><TestMethod codeBase="d:\Github\ModelRelief\ModelRelief.test\bin\Debug\netcoreapp2.0\ModelRelief.Test.dll" adapterTypeName="executor://xunit/VsTestRunner2/netcoreapp" className="ModelRelief.Test.Unit.DependencyManager.DependencyManagerTests" name="CameraHasExpectedDependentFiles" /></UnitTest><UnitTest name="Patch_MultipleInvalidReferencePropertiesReturnsMultipleValidationErrorsAndBadRequest" storage="d:\github\modelrelief\modelrelief.test\bin\debug\netcoreapp2.0\modelrelief.test.dll" id="f61b2b7d-338f-45b6-a196-41376258f76c"><Execution id="ccd8bf68-1785-497f-993b-58ae28e4ddf5" /><TestMethod codeBase="d:\Github\ModelRelief\ModelRelief.test\bin\Debug\netcoreapp2.0\ModelRelief.Test.dll" adapterTypeName="executor://xunit/VsTestRunner2/netcoreapp" className="ModelRelief.Test.Integration.DepthBuffers.DepthBuffersBaseIntegrationTests" name="Patch_MultipleInvalidReferencePropertiesReturnsMultipleValidationErrorsAndBadRequest" /></UnitTest><UnitTest name="Put_ValidReferencePropertyUpdatesModel" storage="d:\github\modelrelief\modelrelief.test\bin\debug\netcoreapp2.0\modelrelief.test.dll" id="0a92da59-dc35-4492-9983-419dc89686b2"><Execution id="189595d5-f7b6-4ede-a6bf-158762143387" /><TestMethod codeBase="d:\Github\ModelRelief\ModelRelief.test\bin\Debug\netcoreapp2.0\ModelRelief.Test.dll" adapterTypeName="executor://xunit/VsTestRunner2/netcoreapp" className="ModelRelief.Test.Integration.Projects.ProjectsBaseIntegrationTests" name="Put_ValidReferencePropertyUpdatesModel" /></UnitTest><UnitTest name="Post_InvalidReferencePropertyReturnsBadRequest" storage="d:\github\modelrelief\modelrelief.test\bin\debug\netcoreapp2.0\modelrelief.test.dll" id="72bff6e5-738d-43f9-a768-47558f2623af"><Execution id="ad049f14-6b88-4d90-9b08-58fd9a9238ed" /><TestMethod codeBase="d:\Github\ModelRelief\ModelRelief.test\bin\Debug\netcoreapp2.0\ModelRelief.Test.dll" adapterTypeName="executor://xunit/VsTestRunner2/netcoreapp" className="ModelRelief.Test.Integration.Cameras.CamerasBaseIntegrationTests" name="Post_InvalidReferencePropertyReturnsBadRequest" /></UnitTest><UnitTest name="Delete_TargetModelIsDeleted" storage="d:\github\modelrelief\modelrelief.test\bin\debug\netcoreapp2.0\modelrelief.test.dll" id="b82fc52d-cb20-4125-b02d-62b4ce0f3c64"><Execution id="1a35f66b-cb09-495a-93d6-5a257531fd67" /><TestMethod codeBase="d:\Github\ModelRelief\ModelRelief.test\bin\Debug\netcoreapp2.0\ModelRelief.Test.dll" adapterTypeName="executor://xunit/VsTestRunner2/netcoreapp" className="ModelRelief.Test.Integration.Meshes.MeshesBaseIntegrationTests" name="Delete_TargetModelIsDeleted" /></UnitTest><UnitTest name="Patch_InvalidReferencePropertyReturnsBadRequest" storage="d:\github\modelrelief\modelrelief.test\bin\debug\netcoreapp2.0\modelrelief.test.dll" id="789940ed-6373-4d3e-85f5-68c61186fff5"><Execution id="ed6ccdc6-44b5-474d-b17c-d547ba413401" /><TestMethod codeBase="d:\Github\ModelRelief\ModelRelief.test\bin\Debug\netcoreapp2.0\ModelRelief.Test.dll" adapterTypeName="executor://xunit/VsTestRunner2/netcoreapp" className="ModelRelief.Test.Integration.Projects.ProjectsBaseIntegrationTests" name="Patch_InvalidReferencePropertyReturnsBadRequest" /></UnitTest><UnitTest name="Patch_MultipleInvalidReferencePropertiesReturnsMultipleValidationErrorsAndBadRequest" storage="d:\github\modelrelief\modelrelief.test\bin\debug\netcoreapp2.0\modelrelief.test.dll" id="2a71aed8-2526-4c23-b075-2709db88aec3"><Execution id="720a6527-9381-4bff-808c-7f6f3c73cad9" /><TestMethod codeBase="d:\Github\ModelRelief\ModelRelief.test\bin\Debug\netcoreapp2.0\ModelRelief.Test.dll" adapterTypeName="executor://xunit/VsTestRunner2/netcoreapp" className="ModelRelief.Test.Integration.Meshes.MeshesBaseIntegrationTests" name="Patch_MultipleInvalidReferencePropertiesReturnsMultipleValidationErrorsAndBadRequest" /></UnitTest><UnitTest name="Delete_TargetModelIsDeleted" storage="d:\github\modelrelief\modelrelief.test\bin\debug\netcoreapp2.0\modelrelief.test.dll" id="a10b74ac-aab4-4e7f-a449-7322d93866b8"><Execution id="aa75640f-a42f-44e7-ac34-b82fe5b0b031" /><TestMethod codeBase="d:\Github\ModelRelief\ModelRelief.test\bin\Debug\netcoreapp2.0\ModelRelief.Test.dll" adapterTypeName="executor://xunit/VsTestRunner2/netcoreapp" className="ModelRelief.Test.Integration.Projects.ProjectsBaseIntegrationTests" name="Delete_TargetModelIsDeleted" /></UnitTest><UnitTest name="Post_CanCreateNewModel" storage="d:\github\modelrelief\modelrelief.test\bin\debug\netcoreapp2.0\modelrelief.test.dll" id="f8aab60d-b6de-4bce-8e0d-fb82ffae9ac9"><Execution id="18197800-c904-48c8-b26f-a11174155608" /><TestMethod codeBase="d:\Github\ModelRelief\ModelRelief.test\bin\Debug\netcoreapp2.0\ModelRelief.Test.dll" adapterTypeName="executor://xunit/VsTestRunner2/netcoreapp" className="ModelRelief.Test.Integration.Models.ModelsBaseIntegrationTests" name="Post_CanCreateNewModel" /></UnitTest><UnitTest name="Post_ValidReferencePropertyCreatesModel" storage="d:\github\modelrelief\modelrelief.test\bin\debug\netcoreapp2.0\modelrelief.test.dll" id="bc0d9931-5042-43a9-b832-b72c64ca8e10"><Execution id="9a766b2c-b34d-439a-8c87-e0d6226b242c" /><TestMethod codeBase="d:\Github\ModelRelief\ModelRelief.test\bin\Debug\netcoreapp2.0\ModelRelief.Test.dll" adapterTypeName="executor://xunit/VsTestRunner2/netcoreapp" className="ModelRelief.Test.Integration.Meshes.MeshesBaseIntegrationTests" name="Post_ValidReferencePropertyCreatesModel" /></UnitTest><UnitTest name="Patch_InvalidReferencePropertyReturnsBadRequest" storage="d:\github\modelrelief\modelrelief.test\bin\debug\netcoreapp2.0\modelrelief.test.dll" id="fe20c4b1-30e3-46ef-856f-827f398b31ec"><Execution id="7f18f48e-d766-43b3-ac3e-f94cbaf4bb35" /><TestMethod codeBase="d:\Github\ModelRelief\ModelRelief.test\bin\Debug\netcoreapp2.0\ModelRelief.Test.dll" adapterTypeName="executor://xunit/VsTestRunner2/netcoreapp" className="ModelRelief.Test.Integration.DepthBuffers.DepthBuffersBaseIntegrationTests" name="Patch_InvalidReferencePropertyReturnsBadRequest" /></UnitTest><UnitTest name="Patch_MultipleInvalidReferencePropertiesReturnsMultipleValidationErrorsAndBadRequest" storage="d:\github\modelrelief\modelrelief.test\bin\debug\netcoreapp2.0\modelrelief.test.dll" id="3202a474-f358-4634-bb97-32ba66cdb158"><Execution id="c6958b9a-c177-48a5-ba4b-92c90c83763e" /><TestMethod codeBase="d:\Github\ModelRelief\ModelRelief.test\bin\Debug\netcoreapp2.0\ModelRelief.Test.dll" adapterTypeName="executor://xunit/VsTestRunner2/netcoreapp" className="ModelRelief.Test.Integration.Models.ModelsBaseIntegrationTests" name="Patch_MultipleInvalidReferencePropertiesReturnsMultipleValidationErrorsAndBadRequest" /></UnitTest><UnitTest name="Patch_InvalidIdPropertyReturnsNotFound" storage="d:\github\modelrelief\modelrelief.test\bin\debug\netcoreapp2.0\modelrelief.test.dll" id="368d41a8-9501-498e-8a77-caccd2989094"><Execution id="e43f7776-edb3-4751-8dc9-369aa34aac1c" /><TestMethod codeBase="d:\Github\ModelRelief\ModelRelief.test\bin\Debug\netcoreapp2.0\ModelRelief.Test.dll" adapterTypeName="executor://xunit/VsTestRunner2/netcoreapp" className="ModelRelief.Test.Integration.Meshes.MeshesBaseIntegrationTests" name="Patch_InvalidIdPropertyReturnsNotFound" /></UnitTest><UnitTest name="Put_CanUpdateModel" storage="d:\github\modelrelief\modelrelief.test\bin\debug\netcoreapp2.0\modelrelief.test.dll" id="e8df087a-3def-4b9c-9f21-bd194a97aaac"><Execution id="557e0d69-6b66-481a-9455-20a0b38f1d61" /><TestMethod codeBase="d:\Github\ModelRelief\ModelRelief.test\bin\Debug\netcoreapp2.0\ModelRelief.Test.dll" adapterTypeName="executor://xunit/VsTestRunner2/netcoreapp" className="ModelRelief.Test.Integration.Projects.ProjectsBaseIntegrationTests" name="Put_CanUpdateModel" /></UnitTest><UnitTest name="Patch_TargetPropertyIsUpdated" storage="d:\github\modelrelief\modelrelief.test\bin\debug\netcoreapp2.0\modelrelief.test.dll" id="16e97258-e035-41a8-b591-18c43ad703ee"><Execution id="ee5d5a03-29d9-46d5-a8be-bc70c5cbdc13" /><TestMethod codeBase="d:\Github\ModelRelief\ModelRelief.test\bin\Debug\netcoreapp2.0\ModelRelief.Test.dll" adapterTypeName="executor://xunit/VsTestRunner2/netcoreapp" className="ModelRelief.Test.Integration.MeshTransforms.MeshTransformsBaseIntegrationTests" name="Patch_TargetPropertyIsUpdated" /></UnitTest><UnitTest name="LucyModel3dHasTwoDependents" storage="d:\github\modelrelief\modelrelief.test\bin\debug\netcoreapp2.0\modelrelief.test.dll" id="44b209cf-4ce2-4c1d-98cc-b5b0592d8f22"><Execution id="b38812d4-5309-4e2a-afc0-e76756f02e36" /><TestMethod codeBase="d:\Github\ModelRelief\ModelRelief.test\bin\Debug\netcoreapp2.0\ModelRelief.Test.dll" adapterTypeName="executor://xunit/VsTestRunner2/netcoreapp" className="ModelRelief.Test.Unit.DependencyManager.DependencyManagerTests" name="LucyModel3dHasTwoDependents" /></UnitTest><UnitTest name="PutFile_FileCanBeUpdated" storage="d:\github\modelrelief\modelrelief.test\bin\debug\netcoreapp2.0\modelrelief.test.dll" id="77c01fdc-b73e-48f1-be42-baad6df6e992"><Execution id="be153f1f-00e5-4d38-a3a7-ce59f7b45a0c" /><TestMethod codeBase="d:\Github\ModelRelief\ModelRelief.test\bin\Debug\netcoreapp2.0\ModelRelief.Test.dll" adapterTypeName="executor://xunit/VsTestRunner2/netcoreapp" className="ModelRelief.Test.Integration.DepthBuffers.DepthBuffersFileIntegrationTests" name="PutFile_FileCanBeUpdated" /></UnitTest><UnitTest name="GetSingle_ValidIdPropertyValueReturnsCorrectModel" storage="d:\github\modelrelief\modelrelief.test\bin\debug\netcoreapp2.0\modelrelief.test.dll" id="168e4c8c-71c8-4252-a48a-f3bc4d96c02d"><Execution id="e201160d-e33e-4132-9665-abf079880e2d" /><TestMethod codeBase="d:\Github\ModelRelief\ModelRelief.test\bin\Debug\netcoreapp2.0\ModelRelief.Test.dll" adapterTypeName="executor://xunit/VsTestRunner2/netcoreapp" className="ModelRelief.Test.Integration.Projects.ProjectsBaseIntegrationTests" name="GetSingle_ValidIdPropertyValueReturnsCorrectModel" /></UnitTest><UnitTest name="Put_ValidReferencePropertyUpdatesModel" storage="d:\github\modelrelief\modelrelief.test\bin\debug\netcoreapp2.0\modelrelief.test.dll" id="2118eb6f-f4f7-41b2-b70d-77923d3e72bf"><Execution id="188ecdbb-e4c4-4add-b895-194bc2187da6" /><TestMethod codeBase="d:\Github\ModelRelief\ModelRelief.test\bin\Debug\netcoreapp2.0\ModelRelief.Test.dll" adapterTypeName="executor://xunit/VsTestRunner2/netcoreapp" className="ModelRelief.Test.Integration.Meshes.MeshesBaseIntegrationTests" name="Put_ValidReferencePropertyUpdatesModel" /></UnitTest><UnitTest name="PostFile_FileIsSynchronizedIsUpdatedAfterFileIsPosted" storage="d:\github\modelrelief\modelrelief.test\bin\debug\netcoreapp2.0\modelrelief.test.dll" id="c252b93b-96f1-42ab-9901-f14da8a95e18"><Execution id="68c16bf2-6460-4818-8464-99a7ed2b791c" /><TestMethod codeBase="d:\Github\ModelRelief\ModelRelief.test\bin\Debug\netcoreapp2.0\ModelRelief.Test.dll" adapterTypeName="executor://xunit/VsTestRunner2/netcoreapp" className="ModelRelief.Test.Integration.Models.ModelsFileIntegrationTests" name="PostFile_FileIsSynchronizedIsUpdatedAfterFileIsPosted" /></UnitTest><UnitTest name="Delete_TargetModelIsDeleted" storage="d:\github\modelrelief\modelrelief.test\bin\debug\netcoreapp2.0\modelrelief.test.dll" id="28456e85-e994-46bc-b83b-468acb79a3e1"><Execution id="07d603dd-5b27-49e6-8ba4-87fd36a84049" /><TestMethod codeBase="d:\Github\ModelRelief\ModelRelief.test\bin\Debug\netcoreapp2.0\ModelRelief.Test.dll" adapterTypeName="executor://xunit/VsTestRunner2/netcoreapp" className="ModelRelief.Test.Integration.Cameras.CamerasBaseIntegrationTests" name="Delete_TargetModelIsDeleted" /></UnitTest><UnitTest name="Post_CanCreateNewModel" storage="d:\github\modelrelief\modelrelief.test\bin\debug\netcoreapp2.0\modelrelief.test.dll" id="ccddbab1-e102-4865-a52c-c769dd07d193"><Execution id="179a34b5-1305-4209-85a6-ca4058e2d9c4" /><TestMethod codeBase="d:\Github\ModelRelief\ModelRelief.test\bin\Debug\netcoreapp2.0\ModelRelief.Test.dll" adapterTypeName="executor://xunit/VsTestRunner2/netcoreapp" className="ModelRelief.Test.Integration.MeshTransforms.MeshTransformsBaseIntegrationTests" name="Post_CanCreateNewModel" /></UnitTest><UnitTest name="GetSingle_ValidIdPropertyValueReturnsCorrectModel" storage="d:\github\modelrelief\modelrelief.test\bin\debug\netcoreapp2.0\modelrelief.test.dll" id="29a0edb7-9608-44d2-ad6d-473d480eb686"><Execution id="782f2588-88ac-4356-92ff-416392e0ce3e" /><TestMethod codeBase="d:\Github\ModelRelief\ModelRelief.test\bin\Debug\netcoreapp2.0\ModelRelief.Test.dll" adapterTypeName="executor://xunit/VsTestRunner2/netcoreapp" className="ModelRelief.Test.Integration.MeshTransforms.MeshTransformsBaseIntegrationTests" name="GetSingle_ValidIdPropertyValueReturnsCorrectModel" /></UnitTest><UnitTest name="Patch_InvalidReferencePropertyReturnsBadRequest" storage="d:\github\modelrelief\modelrelief.test\bin\debug\netcoreapp2.0\modelrelief.test.dll" id="a3d83852-cdac-4aa3-acd6-a9a1325c46f4"><Execution id="4bd3b668-54a9-4782-9ab7-f395e562a95a" /><TestMethod codeBase="d:\Github\ModelRelief\ModelRelief.test\bin\Debug\netcoreapp2.0\ModelRelief.Test.dll" adapterTypeName="executor://xunit/VsTestRunner2/netcoreapp" className="ModelRelief.Test.Integration.Models.ModelsBaseIntegrationTests" name="Patch_InvalidReferencePropertyReturnsBadRequest" /></UnitTest><UnitTest name="GetFile_ExistingFileReturnsSuccess" storage="d:\github\modelrelief\modelrelief.test\bin\debug\netcoreapp2.0\modelrelief.test.dll" id="9cd8ba3f-afaa-4af9-84aa-ef53d3fa58fc"><Execution id="d5c82805-d504-4374-b0ab-db55d9273e76" /><TestMethod codeBase="d:\Github\ModelRelief\ModelRelief.test\bin\Debug\netcoreapp2.0\ModelRelief.Test.dll" adapterTypeName="executor://xunit/VsTestRunner2/netcoreapp" className="ModelRelief.Test.Integration.DepthBuffers.DepthBuffersFileIntegrationTests" name="GetFile_ExistingFileReturnsSuccess" /></UnitTest><UnitTest name="PutFile_FileCanBeUpdated" storage="d:\github\modelrelief\modelrelief.test\bin\debug\netcoreapp2.0\modelrelief.test.dll" id="cd0dca9e-4959-41fd-ac6d-7b39862d7155"><Execution id="03fdd5da-b7c7-4e0b-9a8c-df757171b752" /><TestMethod codeBase="d:\Github\ModelRelief\ModelRelief.test\bin\Debug\netcoreapp2.0\ModelRelief.Test.dll" adapterTypeName="executor://xunit/VsTestRunner2/netcoreapp" className="ModelRelief.Test.Integration.Models.ModelsFileIntegrationTests" name="PutFile_FileCanBeUpdated" /></UnitTest><UnitTest name="Patch_InvalidIdPropertyReturnsNotFound" storage="d:\github\modelrelief\modelrelief.test\bin\debug\netcoreapp2.0\modelrelief.test.dll" id="3795b0e7-65fc-4566-9c20-8fab9bc58fa3"><Execution id="415720dc-5a7d-4ced-8c4b-0cc37218663c" /><TestMethod codeBase="d:\Github\ModelRelief\ModelRelief.test\bin\Debug\netcoreapp2.0\ModelRelief.Test.dll" adapterTypeName="executor://xunit/VsTestRunner2/netcoreapp" className="ModelRelief.Test.Integration.Cameras.CamerasBaseIntegrationTests" name="Patch_InvalidIdPropertyReturnsNotFound" /></UnitTest><UnitTest name="GetFile_FileCanBeRoundTripped" storage="d:\github\modelrelief\modelrelief.test\bin\debug\netcoreapp2.0\modelrelief.test.dll" id="b6e4d7e0-96c1-466b-bff3-71be197dfd8d"><Execution id="cc223d1e-cf72-4c54-86fd-748395694770" /><TestMethod codeBase="d:\Github\ModelRelief\ModelRelief.test\bin\Debug\netcoreapp2.0\ModelRelief.Test.dll" adapterTypeName="executor://xunit/VsTestRunner2/netcoreapp" className="ModelRelief.Test.Integration.Models.ModelsFileIntegrationTests" name="GetFile_FileCanBeRoundTripped" /></UnitTest><UnitTest name="Delete_TargetModelIsDeleted" storage="d:\github\modelrelief\modelrelief.test\bin\debug\netcoreapp2.0\modelrelief.test.dll" id="d578e819-2d4c-4c5a-96bd-ae76652a68ba"><Execution id="37f7549b-6288-46a4-9817-94a6c724f28f" /><TestMethod codeBase="d:\Github\ModelRelief\ModelRelief.test\bin\Debug\netcoreapp2.0\ModelRelief.Test.dll" adapterTypeName="executor://xunit/VsTestRunner2/netcoreapp" className="ModelRelief.Test.Integration.Models.ModelsBaseIntegrationTests" name="Delete_TargetModelIsDeleted" /></UnitTest><UnitTest name="GetSingle_ValidIdPropertyValueReturnsCorrectModel" storage="d:\github\modelrelief\modelrelief.test\bin\debug\netcoreapp2.0\modelrelief.test.dll" id="0aab6881-e786-46da-949e-d3d1c2273e7b"><Execution id="01ebf2c9-ce23-4ae0-91a8-5d6a6d77c33e" /><TestMethod codeBase="d:\Github\ModelRelief\ModelRelief.test\bin\Debug\netcoreapp2.0\ModelRelief.Test.dll" adapterTypeName="executor://xunit/VsTestRunner2/netcoreapp" className="ModelRelief.Test.Integration.Cameras.CamerasBaseIntegrationTests" name="GetSingle_ValidIdPropertyValueReturnsCorrectModel" /></UnitTest><UnitTest name="PostFile_FileIsSynchronizedIsUpdatedAfterFileIsPosted" storage="d:\github\modelrelief\modelrelief.test\bin\debug\netcoreapp2.0\modelrelief.test.dll" id="abdb19f9-dfd2-4068-b9a4-d518fcf916de"><Execution id="97868e03-7e1f-46c7-bb71-b789c97257b1" /><TestMethod codeBase="d:\Github\ModelRelief\ModelRelief.test\bin\Debug\netcoreapp2.0\ModelRelief.Test.dll" adapterTypeName="executor://xunit/VsTestRunner2/netcoreapp" className="ModelRelief.Test.Integration.DepthBuffers.DepthBuffersFileIntegrationTests" name="PostFile_FileIsSynchronizedIsUpdatedAfterFileIsPosted" /></UnitTest><UnitTest name="Post_ValidReferencePropertyCreatesModel" storage="d:\github\modelrelief\modelrelief.test\bin\debug\netcoreapp2.0\modelrelief.test.dll" id="a0543752-1749-41f4-9deb-8f0a6b77c5cb"><Execution id="96ddaeb7-128d-434b-9a05-1c3a010eabb3" /><TestMethod codeBase="d:\Github\ModelRelief\ModelRelief.test\bin\Debug\netcoreapp2.0\ModelRelief.Test.dll" adapterTypeName="executor://xunit/VsTestRunner2/netcoreapp" className="ModelRelief.Test.Integration.Models.ModelsBaseIntegrationTests" name="Post_ValidReferencePropertyCreatesModel" /></UnitTest><UnitTest name="Patch_InvalidEnumPropertyValueReturnsBadRequest" storage="d:\github\modelrelief\modelrelief.test\bin\debug\netcoreapp2.0\modelrelief.test.dll" id="1b1131ea-ae52-401b-8180-ea43cb78ddd6"><Execution id="25dfeae3-0ac9-4602-abde-d39cf14cb885" /><TestMethod codeBase="d:\Github\ModelRelief\ModelRelief.test\bin\Debug\netcoreapp2.0\ModelRelief.Test.dll" adapterTypeName="executor://xunit/VsTestRunner2/netcoreapp" className="ModelRelief.Test.Integration.Meshes.MeshesBaseIntegrationTests" name="Patch_InvalidEnumPropertyValueReturnsBadRequest" /></UnitTest><UnitTest name="Post_ValidReferencePropertyCreatesModel" storage="d:\github\modelrelief\modelrelief.test\bin\debug\netcoreapp2.0\modelrelief.test.dll" id="d451a071-6649-443e-8d03-e4ae68130cf9"><Execution id="1ea0ec2b-9404-4155-a781-75ad2371ab96" /><TestMethod codeBase="d:\Github\ModelRelief\ModelRelief.test\bin\Debug\netcoreapp2.0\ModelRelief.Test.dll" adapterTypeName="executor://xunit/VsTestRunner2/netcoreapp" className="ModelRelief.Test.Integration.Cameras.CamerasBaseIntegrationTests" name="Post_ValidReferencePropertyCreatesModel" /></UnitTest><UnitTest name="Post_InvalidReferencePropertyReturnsBadRequest" storage="d:\github\modelrelief\modelrelief.test\bin\debug\netcoreapp2.0\modelrelief.test.dll" id="e1d24db6-346e-427d-9432-aa95e26aa7bd"><Execution id="462aae95-edbb-4632-af31-806239321521" /><TestMethod codeBase="d:\Github\ModelRelief\ModelRelief.test\bin\Debug\netcoreapp2.0\ModelRelief.Test.dll" adapterTypeName="executor://xunit/VsTestRunner2/netcoreapp" className="ModelRelief.Test.Integration.Projects.ProjectsBaseIntegrationTests" name="Post_InvalidReferencePropertyReturnsBadRequest" /></UnitTest><UnitTest name="GetList_ListReturnsCorrectCount" storage="d:\github\modelrelief\modelrelief.test\bin\debug\netcoreapp2.0\modelrelief.test.dll" id="bbb379bf-d44a-4cd4-a9de-987e1500fd73"><Execution id="982bd340-7ab6-463c-ac72-4723d0a6f1bc" /><TestMethod codeBase="d:\Github\ModelRelief\ModelRelief.test\bin\Debug\netcoreapp2.0\ModelRelief.Test.dll" adapterTypeName="executor://xunit/VsTestRunner2/netcoreapp" className="ModelRelief.Test.Integration.DepthBuffers.DepthBuffersBaseIntegrationTests" name="GetList_ListReturnsCorrectCount" /></UnitTest><UnitTest name="Patch_MultipleInvalidReferencePropertiesReturnsMultipleValidationErrorsAndBadRequest" storage="d:\github\modelrelief\modelrelief.test\bin\debug\netcoreapp2.0\modelrelief.test.dll" id="e11c73fe-15b0-4039-b28e-40d5662cd576"><Execution id="9ae4e764-8d32-41f8-802c-1d91f352ed02" /><TestMethod codeBase="d:\Github\ModelRelief\ModelRelief.test\bin\Debug\netcoreapp2.0\ModelRelief.Test.dll" adapterTypeName="executor://xunit/VsTestRunner2/netcoreapp" className="ModelRelief.Test.Integration.Projects.ProjectsBaseIntegrationTests" name="Patch_MultipleInvalidReferencePropertiesReturnsMultipleValidationErrorsAndBadRequest" /></UnitTest><UnitTest name="Put_InvalidIdReturnsNotFound" storage="d:\github\modelrelief\modelrelief.test\bin\debug\netcoreapp2.0\modelrelief.test.dll" id="6a3f40df-2f5a-465b-b33d-858e07104d65"><Execution id="56ab1913-e69e-4f5b-a756-9d91711495e9" /><TestMethod codeBase="d:\Github\ModelRelief\ModelRelief.test\bin\Debug\netcoreapp2.0\ModelRelief.Test.dll" adapterTypeName="executor://xunit/VsTestRunner2/netcoreapp" className="ModelRelief.Test.Integration.Meshes.MeshesBaseIntegrationTests" name="Put_InvalidIdReturnsNotFound" /></UnitTest><UnitTest name="Post_CanCreateNewModel" storage="d:\github\modelrelief\modelrelief.test\bin\debug\netcoreapp2.0\modelrelief.test.dll" id="31eb5e7d-6f71-4fc3-b15b-7e0e1c7d46b9"><Execution id="b8c878a8-9d18-4302-8aec-e21ebe1b6fe9" /><TestMethod codeBase="d:\Github\ModelRelief\ModelRelief.test\bin\Debug\netcoreapp2.0\ModelRelief.Test.dll" adapterTypeName="executor://xunit/VsTestRunner2/netcoreapp" className="ModelRelief.Test.Integration.Meshes.MeshesBaseIntegrationTests" name="Post_CanCreateNewModel" /></UnitTest><UnitTest name="GetList_ListReturnsCorrectCount" storage="d:\github\modelrelief\modelrelief.test\bin\debug\netcoreapp2.0\modelrelief.test.dll" id="d9aa7f72-e7e5-42db-b363-ee3f413e7aad"><Execution id="a33f9c91-21f7-44eb-b23e-086ed82d219d" /><TestMethod codeBase="d:\Github\ModelRelief\ModelRelief.test\bin\Debug\netcoreapp2.0\ModelRelief.Test.dll" adapterTypeName="executor://xunit/VsTestRunner2/netcoreapp" className="ModelRelief.Test.Integration.Models.ModelsBaseIntegrationTests" name="GetList_ListReturnsCorrectCount" /></UnitTest><UnitTest name="FileRequest_DepthBufferIsInvalidatedAfterCameraDependencyPropertyChange" storage="d:\github\modelrelief\modelrelief.test\bin\debug\netcoreapp2.0\modelrelief.test.dll" id="167a3453-a05a-48ca-80ee-3b6f5e7a08c9"><Execution id="ac754fb7-0c8e-45c5-ae2c-5f6e9c602f73" /><TestMethod codeBase="d:\Github\ModelRelief\ModelRelief.test\bin\Debug\netcoreapp2.0\ModelRelief.Test.dll" adapterTypeName="executor://xunit/VsTestRunner2/netcoreapp" className="ModelRelief.Test.Integration.DepthBuffers.DepthBuffersFileIntegrationTests" name="FileRequest_DepthBufferIsInvalidatedAfterCameraDependencyPropertyChange" /></UnitTest><UnitTest name="Patch_ValidReferencePropertyUpdatesModel" storage="d:\github\modelrelief\modelrelief.test\bin\debug\netcoreapp2.0\modelrelief.test.dll" id="e68b773c-7596-470a-8a22-1196eea6d128"><Execution id="de66c288-6247-45a5-b3fb-047831b51188" /><TestMethod codeBase="d:\Github\ModelRelief\ModelRelief.test\bin\Debug\netcoreapp2.0\ModelRelief.Test.dll" adapterTypeName="executor://xunit/VsTestRunner2/netcoreapp" className="ModelRelief.Test.Integration.Meshes.MeshesBaseIntegrationTests" name="Patch_ValidReferencePropertyUpdatesModel" /></UnitTest><UnitTest name="Put_CanUpdateModel" storage="d:\github\modelrelief\modelrelief.test\bin\debug\netcoreapp2.0\modelrelief.test.dll" id="c6b03a8a-b277-4e94-8c2a-8e690d28b341"><Execution id="7f85a3ca-ee38-4f47-a3c5-95193e228837" /><TestMethod codeBase="d:\Github\ModelRelief\ModelRelief.test\bin\Debug\netcoreapp2.0\ModelRelief.Test.dll" adapterTypeName="executor://xunit/VsTestRunner2/netcoreapp" className="ModelRelief.Test.Integration.Cameras.CamerasBaseIntegrationTests" name="Put_CanUpdateModel" /></UnitTest><UnitTest name="PostFile_FileTimeStampIsUpdatedAfterFileIsPosted" storage="d:\github\modelrelief\modelrelief.test\bin\debug\netcoreapp2.0\modelrelief.test.dll" id="47f557ad-9772-4acd-8329-36b916e4def1"><Execution id="3d456f5e-bd29-4d0b-af5a-ebba0e954032" /><TestMethod codeBase="d:\Github\ModelRelief\ModelRelief.test\bin\Debug\netcoreapp2.0\ModelRelief.Test.dll" adapterTypeName="executor://xunit/VsTestRunner2/netcoreapp" className="ModelRelief.Test.Integration.Models.ModelsFileIntegrationTests" name="PostFile_FileTimeStampIsUpdatedAfterFileIsPosted" /></UnitTest><UnitTest name="Post_InvalidPropertyValueReturnsBadRequest" storage="d:\github\modelrelief\modelrelief.test\bin\debug\netcoreapp2.0\modelrelief.test.dll" id="25b97579-834e-4b36-9667-bc3285159ff5"><Execution id="3a041753-681a-43e2-9e9f-36ecc8b826ae" /><TestMethod codeBase="d:\Github\ModelRelief\ModelRelief.test\bin\Debug\netcoreapp2.0\ModelRelief.Test.dll" adapterTypeName="executor://xunit/VsTestRunner2/netcoreapp" className="ModelRelief.Test.Integration.Projects.ProjectsBaseIntegrationTests" name="Post_InvalidPropertyValueReturnsBadRequest" /></UnitTest><UnitTest name="Put_ValidReferencePropertyUpdatesModel" storage="d:\github\modelrelief\modelrelief.test\bin\debug\netcoreapp2.0\modelrelief.test.dll" id="9222faa9-3843-4a29-97ef-e1d9acd7a874"><Execution id="369aa07b-1f64-4114-a8f1-debef36d193c" /><TestMethod codeBase="d:\Github\ModelRelief\ModelRelief.test\bin\Debug\netcoreapp2.0\ModelRelief.Test.dll" adapterTypeName="executor://xunit/VsTestRunner2/netcoreapp" className="ModelRelief.Test.Integration.Cameras.CamerasBaseIntegrationTests" name="Put_ValidReferencePropertyUpdatesModel" /></UnitTest><UnitTest name="Post_CanCreateNewModel" storage="d:\github\modelrelief\modelrelief.test\bin\debug\netcoreapp2.0\modelrelief.test.dll" id="855500ef-66a8-42df-800f-9429e89e6a92"><Execution id="5a44e846-5ddb-4004-8d65-ef1db86685e8" /><TestMethod codeBase="d:\Github\ModelRelief\ModelRelief.test\bin\Debug\netcoreapp2.0\ModelRelief.Test.dll" adapterTypeName="executor://xunit/VsTestRunner2/netcoreapp" className="ModelRelief.Test.Integration.DepthBuffers.DepthBuffersBaseIntegrationTests" name="Post_CanCreateNewModel" /></UnitTest><UnitTest name="Put_InvalidIdReturnsNotFound" storage="d:\github\modelrelief\modelrelief.test\bin\debug\netcoreapp2.0\modelrelief.test.dll" id="27d694fa-3222-427c-89c3-d6c2096b8f89"><Execution id="d0d86199-ee1b-49bb-ab1c-a2ea637140a3" /><TestMethod codeBase="d:\Github\ModelRelief\ModelRelief.test\bin\Debug\netcoreapp2.0\ModelRelief.Test.dll" adapterTypeName="executor://xunit/VsTestRunner2/netcoreapp" className="ModelRelief.Test.Integration.DepthBuffers.DepthBuffersBaseIntegrationTests" name="Put_InvalidIdReturnsNotFound" /></UnitTest><UnitTest name="Post_ValidReferencePropertyCreatesModel" storage="d:\github\modelrelief\modelrelief.test\bin\debug\netcoreapp2.0\modelrelief.test.dll" id="a85afa90-6053-4124-be00-c3fbe92d0fa6"><Execution id="fd4c2149-2c22-4e29-9cd1-e07be3bb9363" /><TestMethod codeBase="d:\Github\ModelRelief\ModelRelief.test\bin\Debug\netcoreapp2.0\ModelRelief.Test.dll" adapterTypeName="executor://xunit/VsTestRunner2/netcoreapp" className="ModelRelief.Test.Integration.MeshTransforms.MeshTransformsBaseIntegrationTests" name="Post_ValidReferencePropertyCreatesModel" /></UnitTest><UnitTest name="Patch_InvalidIdPropertyReturnsNotFound" storage="d:\github\modelrelief\modelrelief.test\bin\debug\netcoreapp2.0\modelrelief.test.dll" id="55ea87f1-d94f-4762-a5ff-8aa0c1541cb2"><Execution id="91ca3d87-273c-4d48-9e4f-af8b2463cc71" /><TestMethod codeBase="d:\Github\ModelRelief\ModelRelief.test\bin\Debug\netcoreapp2.0\ModelRelief.Test.dll" adapterTypeName="executor://xunit/VsTestRunner2/netcoreapp" className="ModelRelief.Test.Integration.Projects.ProjectsBaseIntegrationTests" name="Patch_InvalidIdPropertyReturnsNotFound" /></UnitTest><UnitTest name="Patch_InvalidEnumPropertyValueReturnsBadRequest" storage="d:\github\modelrelief\modelrelief.test\bin\debug\netcoreapp2.0\modelrelief.test.dll" id="e8797529-a2c4-4c74-8321-c6db2d63c4de"><Execution id="54cb44ed-eeaa-4aa5-b02a-3badd19b43f0" /><TestMethod codeBase="d:\Github\ModelRelief\ModelRelief.test\bin\Debug\netcoreapp2.0\ModelRelief.Test.dll" adapterTypeName="executor://xunit/VsTestRunner2/netcoreapp" className="ModelRelief.Test.Integration.MeshTransforms.MeshTransformsBaseIntegrationTests" name="Patch_InvalidEnumPropertyValueReturnsBadRequest" /></UnitTest><UnitTest name="Delete_TargetModelIsDeleted" storage="d:\github\modelrelief\modelrelief.test\bin\debug\netcoreapp2.0\modelrelief.test.dll" id="1f4c1cb3-4ac6-4efe-82ab-6a51827b69fa"><Execution id="53ad90b0-aa77-4c3a-abd0-467748745f77" /><TestMethod codeBase="d:\Github\ModelRelief\ModelRelief.test\bin\Debug\netcoreapp2.0\ModelRelief.Test.dll" adapterTypeName="executor://xunit/VsTestRunner2/netcoreapp" className="ModelRelief.Test.Integration.DepthBuffers.DepthBuffersBaseIntegrationTests" name="Delete_TargetModelIsDeleted" /></UnitTest><UnitTest name="Put_ValidReferencePropertyUpdatesModel" storage="d:\github\modelrelief\modelrelief.test\bin\debug\netcoreapp2.0\modelrelief.test.dll" id="2f09f925-7171-468e-9ed4-6a80f2027f98"><Execution id="a0145c03-53b8-4285-b587-0e0b92a0a770" /><TestMethod codeBase="d:\Github\ModelRelief\ModelRelief.test\bin\Debug\netcoreapp2.0\ModelRelief.Test.dll" adapterTypeName="executor://xunit/VsTestRunner2/netcoreapp" className="ModelRelief.Test.Integration.DepthBuffers.DepthBuffersBaseIntegrationTests" name="Put_ValidReferencePropertyUpdatesModel" /></UnitTest><UnitTest name="GetList_ListReturnsCorrectCount" storage="d:\github\modelrelief\modelrelief.test\bin\debug\netcoreapp2.0\modelrelief.test.dll" id="9e784db6-c52c-4a1c-b55f-ce06ccc1efea"><Execution id="016db1fb-d892-4c37-895e-ab6dc4546da7" /><TestMethod codeBase="d:\Github\ModelRelief\ModelRelief.test\bin\Debug\netcoreapp2.0\ModelRelief.Test.dll" adapterTypeName="executor://xunit/VsTestRunner2/netcoreapp" className="ModelRelief.Test.Integration.Meshes.MeshesBaseIntegrationTests" name="GetList_ListReturnsCorrectCount" /></UnitTest><UnitTest name="Patch_TargetPropertyIsUpdated" storage="d:\github\modelrelief\modelrelief.test\bin\debug\netcoreapp2.0\modelrelief.test.dll" id="96c9ea1c-6734-4644-b7fb-42b3467bdef8"><Execution id="030957af-4dfd-4d20-af6d-b3864b24d4f8" /><TestMethod codeBase="d:\Github\ModelRelief\ModelRelief.test\bin\Debug\netcoreapp2.0\ModelRelief.Test.dll" adapterTypeName="executor://xunit/VsTestRunner2/netcoreapp" className="ModelRelief.Test.Integration.DepthBuffers.DepthBuffersBaseIntegrationTests" name="Patch_TargetPropertyIsUpdated" /></UnitTest><UnitTest name="Post_InvalidPropertyValueReturnsBadRequest" storage="d:\github\modelrelief\modelrelief.test\bin\debug\netcoreapp2.0\modelrelief.test.dll" id="19b8bde2-d40a-4c6b-88e0-52a515b89368"><Execution id="1a2b4e12-c44e-4da0-83f4-4f0cdfe21fc3" /><TestMethod codeBase="d:\Github\ModelRelief\ModelRelief.test\bin\Debug\netcoreapp2.0\ModelRelief.Test.dll" adapterTypeName="executor://xunit/VsTestRunner2/netcoreapp" className="ModelRelief.Test.Integration.Meshes.MeshesBaseIntegrationTests" name="Post_InvalidPropertyValueReturnsBadRequest" /></UnitTest><UnitTest name="GetFile_FileCanBeRoundTripped" storage="d:\github\modelrelief\modelrelief.test\bin\debug\netcoreapp2.0\modelrelief.test.dll" id="761c00e9-e6b7-408f-b572-e4365064d58b"><Execution id="8d84d478-4ca5-4f20-bf6b-6e434dc538b4" /><TestMethod codeBase="d:\Github\ModelRelief\ModelRelief.test\bin\Debug\netcoreapp2.0\ModelRelief.Test.dll" adapterTypeName="executor://xunit/VsTestRunner2/netcoreapp" className="ModelRelief.Test.Integration.DepthBuffers.DepthBuffersFileIntegrationTests" name="GetFile_FileCanBeRoundTripped" /></UnitTest><UnitTest name="Patch_InvalidPropertyNameReturnsBadRequest" storage="d:\github\modelrelief\modelrelief.test\bin\debug\netcoreapp2.0\modelrelief.test.dll" id="7d23ccdc-99e0-4195-ae2c-f7f2ee4c9f84"><Execution id="eb27f447-fb60-4798-a130-7c1bdeeb80a1" /><TestMethod codeBase="d:\Github\ModelRelief\ModelRelief.test\bin\Debug\netcoreapp2.0\ModelRelief.Test.dll" adapterTypeName="executor://xunit/VsTestRunner2/netcoreapp" className="ModelRelief.Test.Integration.Cameras.CamerasBaseIntegrationTests" name="Patch_InvalidPropertyNameReturnsBadRequest" /></UnitTest><UnitTest name="Patch_TargetPropertyIsUpdated" storage="d:\github\modelrelief\modelrelief.test\bin\debug\netcoreapp2.0\modelrelief.test.dll" id="8cb8996e-e7d2-4b53-a855-7511014dabf3"><Execution id="8812b7b2-21a4-458d-9ee0-c0809c40c3e6" /><TestMethod codeBase="d:\Github\ModelRelief\ModelRelief.test\bin\Debug\netcoreapp2.0\ModelRelief.Test.dll" adapterTypeName="executor://xunit/VsTestRunner2/netcoreapp" className="ModelRelief.Test.Integration.Models.ModelsBaseIntegrationTests" name="Patch_TargetPropertyIsUpdated" /></UnitTest><UnitTest name="Patch_InvalidIdPropertyReturnsNotFound" storage="d:\github\modelrelief\modelrelief.test\bin\debug\netcoreapp2.0\modelrelief.test.dll" id="47e454ba-819a-47b6-ad08-db5a53d6a993"><Execution id="89aaa197-8de6-4fa9-8391-3571beb81ee0" /><TestMethod codeBase="d:\Github\ModelRelief\ModelRelief.test\bin\Debug\netcoreapp2.0\ModelRelief.Test.dll" adapterTypeName="executor://xunit/VsTestRunner2/netcoreapp" className="ModelRelief.Test.Integration.MeshTransforms.MeshTransformsBaseIntegrationTests" name="Patch_InvalidIdPropertyReturnsNotFound" /></UnitTest><UnitTest name="Patch_InvalidPropertyNameReturnsBadRequest" storage="d:\github\modelrelief\modelrelief.test\bin\debug\netcoreapp2.0\modelrelief.test.dll" id="5bf72888-300a-4524-9e34-6b4fb3ece676"><Execution id="68ee0c43-56cc-452c-9bdf-9a9f8816c33c" /><TestMethod codeBase="d:\Github\ModelRelief\ModelRelief.test\bin\Debug\netcoreapp2.0\ModelRelief.Test.dll" adapterTypeName="executor://xunit/VsTestRunner2/netcoreapp" className="ModelRelief.Test.Integration.Models.ModelsBaseIntegrationTests" name="Patch_InvalidPropertyNameReturnsBadRequest" /></UnitTest><UnitTest name="GetFile_ExistingFileReturnsSuccess" storage="d:\github\modelrelief\modelrelief.test\bin\debug\netcoreapp2.0\modelrelief.test.dll" id="0caad5f5-ee5c-49da-bc76-83473d15e4b8"><Execution id="737c49ae-5811-4230-ab87-b91c3a71c044" /><TestMethod codeBase="d:\Github\ModelRelief\ModelRelief.test\bin\Debug\netcoreapp2.0\ModelRelief.Test.dll" adapterTypeName="executor://xunit/VsTestRunner2/netcoreapp" className="ModelRelief.Test.Integration.Meshes.MeshesFileIntegrationTests" name="GetFile_ExistingFileReturnsSuccess" /></UnitTest><UnitTest name="Put_InvalidIdReturnsNotFound" storage="d:\github\modelrelief\modelrelief.test\bin\debug\netcoreapp2.0\modelrelief.test.dll" id="fb17d3c7-ff55-4b40-9beb-32b3f67b9822"><Execution id="ad3e6388-f2d7-4555-a8fa-c4cb46b6378e" /><TestMethod codeBase="d:\Github\ModelRelief\ModelRelief.test\bin\Debug\netcoreapp2.0\ModelRelief.Test.dll" adapterTypeName="executor://xunit/VsTestRunner2/netcoreapp" className="ModelRelief.Test.Integration.Models.ModelsBaseIntegrationTests" name="Put_InvalidIdReturnsNotFound" /></UnitTest><UnitTest name="Patch_InvalidReferencePropertyReturnsBadRequest" storage="d:\github\modelrelief\modelrelief.test\bin\debug\netcoreapp2.0\modelrelief.test.dll" id="b93ee34f-0b5f-43e3-b245-514827dec199"><Execution id="9a3368d2-4c41-4aa6-9007-8d945bb70176" /><TestMethod codeBase="d:\Github\ModelRelief\ModelRelief.test\bin\Debug\netcoreapp2.0\ModelRelief.Test.dll" adapterTypeName="executor://xunit/VsTestRunner2/netcoreapp" className="ModelRelief.Test.Integration.Cameras.CamerasBaseIntegrationTests" name="Patch_InvalidReferencePropertyReturnsBadRequest" /></UnitTest><UnitTest name="GetSingle_InvalidIdPropertyValueReturnsNotFound" storage="d:\github\modelrelief\modelrelief.test\bin\debug\netcoreapp2.0\modelrelief.test.dll" id="111e27ae-0931-4125-a50f-3e4493acce3c"><Execution id="abbfe250-6de5-436a-b39e-159d1fcc8943" /><TestMethod codeBase="d:\Github\ModelRelief\ModelRelief.test\bin\Debug\netcoreapp2.0\ModelRelief.Test.dll" adapterTypeName="executor://xunit/VsTestRunner2/netcoreapp" className="ModelRelief.Test.Integration.Projects.ProjectsBaseIntegrationTests" name="GetSingle_InvalidIdPropertyValueReturnsNotFound" /></UnitTest><UnitTest name="GetFile_FileCanBeRoundTripped" storage="d:\github\modelrelief\modelrelief.test\bin\debug\netcoreapp2.0\modelrelief.test.dll" id="ce598fb2-5be7-4c9f-8283-a85d514176db"><Execution id="c37d0d1a-ba59-4caa-96cc-45c8e7f60b91" /><TestMethod codeBase="d:\Github\ModelRelief\ModelRelief.test\bin\Debug\netcoreapp2.0\ModelRelief.Test.dll" adapterTypeName="executor://xunit/VsTestRunner2/netcoreapp" className="ModelRelief.Test.Integration.Meshes.MeshesFileIntegrationTests" name="GetFile_FileCanBeRoundTripped" /></UnitTest><UnitTest name="GetList_ListReturnsCorrectCount" storage="d:\github\modelrelief\modelrelief.test\bin\debug\netcoreapp2.0\modelrelief.test.dll" id="b3fba882-7aef-42ff-80b2-216e8e190165"><Execution id="ecee95f6-d79d-4b3e-a0b7-e27a52548ba3" /><TestMethod codeBase="d:\Github\ModelRelief\ModelRelief.test\bin\Debug\netcoreapp2.0\ModelRelief.Test.dll" adapterTypeName="executor://xunit/VsTestRunner2/netcoreapp" className="ModelRelief.Test.Integration.MeshTransforms.MeshTransformsBaseIntegrationTests" name="GetList_ListReturnsCorrectCount" /></UnitTest><UnitTest name="Patch_InvalidReferencePropertyReturnsBadRequest" storage="d:\github\modelrelief\modelrelief.test\bin\debug\netcoreapp2.0\modelrelief.test.dll" id="3259076a-6442-4eb8-9a91-75822872404f"><Execution id="bb26c66f-45f1-4794-8f0b-a330e4d18b10" /><TestMethod codeBase="d:\Github\ModelRelief\ModelRelief.test\bin\Debug\netcoreapp2.0\ModelRelief.Test.dll" adapterTypeName="executor://xunit/VsTestRunner2/netcoreapp" className="ModelRelief.Test.Integration.MeshTransforms.MeshTransformsBaseIntegrationTests" name="Patch_InvalidReferencePropertyReturnsBadRequest" /></UnitTest><UnitTest name="Post_InvalidReferencePropertyReturnsBadRequest" storage="d:\github\modelrelief\modelrelief.test\bin\debug\netcoreapp2.0\modelrelief.test.dll" id="6eb52aef-8b20-44dd-9d50-ff6315617784"><Execution id="f44b7f97-daca-49e3-b216-5373f5b40fee" /><TestMethod codeBase="d:\Github\ModelRelief\ModelRelief.test\bin\Debug\netcoreapp2.0\ModelRelief.Test.dll" adapterTypeName="executor://xunit/VsTestRunner2/netcoreapp" className="ModelRelief.Test.Integration.DepthBuffers.DepthBuffersBaseIntegrationTests" name="Post_InvalidReferencePropertyReturnsBadRequest" /></UnitTest><UnitTest name="Put_InvalidReferencePropertyReturndBadRequest" storage="d:\github\modelrelief\modelrelief.test\bin\debug\netcoreapp2.0\modelrelief.test.dll" id="2a3a8ff6-5df5-437f-b40a-5f2c1a517f3b"><Execution id="a09cbef6-e791-434d-bff3-9dbcc932dcaa" /><TestMethod codeBase="d:\Github\ModelRelief\ModelRelief.test\bin\Debug\netcoreapp2.0\ModelRelief.Test.dll" adapterTypeName="executor://xunit/VsTestRunner2/netcoreapp" className="ModelRelief.Test.Integration.MeshTransforms.MeshTransformsBaseIntegrationTests" name="Put_InvalidReferencePropertyReturndBadRequest" /></UnitTest><UnitTest name="Patch_InvalidIdPropertyReturnsNotFound" storage="d:\github\modelrelief\modelrelief.test\bin\debug\netcoreapp2.0\modelrelief.test.dll" id="e6be0487-dfce-4a32-82fe-9b9ea451dd93"><Execution id="88daf58e-c40c-4dbc-8f32-afede3a57e7d" /><TestMethod codeBase="d:\Github\ModelRelief\ModelRelief.test\bin\Debug\netcoreapp2.0\ModelRelief.Test.dll" adapterTypeName="executor://xunit/VsTestRunner2/netcoreapp" className="ModelRelief.Test.Integration.DepthBuffers.DepthBuffersBaseIntegrationTests" name="Patch_InvalidIdPropertyReturnsNotFound" /></UnitTest><UnitTest name="DepthBufferHasExpectedDependentFiles" storage="d:\github\modelrelief\modelrelief.test\bin\debug\netcoreapp2.0\modelrelief.test.dll" id="8af3d90f-85f4-4d5f-824f-4755447ce4d3"><Execution id="d991b8fd-ead9-4e2d-98fd-11dbf44879b6" /><TestMethod codeBase="d:\Github\ModelRelief\ModelRelief.test\bin\Debug\netcoreapp2.0\ModelRelief.Test.dll" adapterTypeName="executor://xunit/VsTestRunner2/netcoreapp" className="ModelRelief.Test.Unit.DependencyManager.DependencyManagerTests" name="DepthBufferHasExpectedDependentFiles" /></UnitTest><UnitTest name="PostFile_NewFileCanBePosted" storage="d:\github\modelrelief\modelrelief.test\bin\debug\netcoreapp2.0\modelrelief.test.dll" id="5720d435-f727-4993-b003-ab25f7e95777"><Execution id="5138445b-4c20-485f-aee7-70f28d841adf" /><TestMethod codeBase="d:\Github\ModelRelief\ModelRelief.test\bin\Debug\netcoreapp2.0\ModelRelief.Test.dll" adapterTypeName="executor://xunit/VsTestRunner2/netcoreapp" className="ModelRelief.Test.Integration.Meshes.MeshesFileIntegrationTests" name="PostFile_NewFileCanBePosted" /></UnitTest><UnitTest name="GetSingle_InvalidIdPropertyValueReturnsNotFound" storage="d:\github\modelrelief\modelrelief.test\bin\debug\netcoreapp2.0\modelrelief.test.dll" id="2415bec0-1e11-4f0c-b1c5-14719b927070"><Execution id="880e6d06-cac1-4154-beb8-d7eca81680f2" /><TestMethod codeBase="d:\Github\ModelRelief\ModelRelief.test\bin\Debug\netcoreapp2.0\ModelRelief.Test.dll" adapterTypeName="executor://xunit/VsTestRunner2/netcoreapp" className="ModelRelief.Test.Integration.MeshTransforms.MeshTransformsBaseIntegrationTests" name="GetSingle_InvalidIdPropertyValueReturnsNotFound" /></UnitTest><UnitTest name="Patch_ValidReferencePropertyUpdatesModel" storage="d:\github\modelrelief\modelrelief.test\bin\debug\netcoreapp2.0\modelrelief.test.dll" id="62625e3a-8c2b-4212-bcb7-2ae1dae73ae8"><Execution id="00e4b57b-2e42-42bf-bfd6-63d65f8926e3" /><TestMethod codeBase="d:\Github\ModelRelief\ModelRelief.test\bin\Debug\netcoreapp2.0\ModelRelief.Test.dll" adapterTypeName="executor://xunit/VsTestRunner2/netcoreapp" className="ModelRelief.Test.Integration.DepthBuffers.DepthBuffersBaseIntegrationTests" name="Patch_ValidReferencePropertyUpdatesModel" /></UnitTest><UnitTest name="Put_ValidReferencePropertyUpdatesModel" storage="d:\github\modelrelief\modelrelief.test\bin\debug\netcoreapp2.0\modelrelief.test.dll" id="8040ab8b-8476-48be-afca-0fe8a9813afa"><Execution id="5f0c149f-0e77-4819-a3f1-d48ed82f6cea" /><TestMethod codeBase="d:\Github\ModelRelief\ModelRelief.test\bin\Debug\netcoreapp2.0\ModelRelief.Test.dll" adapterTypeName="executor://xunit/VsTestRunner2/netcoreapp" className="ModelRelief.Test.Integration.Models.ModelsBaseIntegrationTests" name="Put_ValidReferencePropertyUpdatesModel" /></UnitTest><UnitTest name="Patch_ValidReferencePropertyUpdatesModel" storage="d:\github\modelrelief\modelrelief.test\bin\debug\netcoreapp2.0\modelrelief.test.dll" id="28176700-ef12-42ed-8c22-1a1f2f12cdfd"><Execution id="18bb2786-74d5-402c-a0e9-13ee27282fc9" /><TestMethod codeBase="d:\Github\ModelRelief\ModelRelief.test\bin\Debug\netcoreapp2.0\ModelRelief.Test.dll" adapterTypeName="executor://xunit/VsTestRunner2/netcoreapp" className="ModelRelief.Test.Integration.Projects.ProjectsBaseIntegrationTests" name="Patch_ValidReferencePropertyUpdatesModel" /></UnitTest><UnitTest name="Put_ValidReferencePropertyUpdatesModel" storage="d:\github\modelrelief\modelrelief.test\bin\debug\netcoreapp2.0\modelrelief.test.dll" id="05cc99a4-43c2-4321-8f37-6e2930a70b28"><Execution id="0008c7f7-8f13-4683-a867-6a40f9db839a" /><TestMethod codeBase="d:\Github\ModelRelief\ModelRelief.test\bin\Debug\netcoreapp2.0\ModelRelief.Test.dll" adapterTypeName="executor://xunit/VsTestRunner2/netcoreapp" className="ModelRelief.Test.Integration.MeshTransforms.MeshTransformsBaseIntegrationTests" name="Put_ValidReferencePropertyUpdatesModel" /></UnitTest><UnitTest name="GetSingle_ValidIdPropertyValueReturnsCorrectModel" storage="d:\github\modelrelief\modelrelief.test\bin\debug\netcoreapp2.0\modelrelief.test.dll" id="395d5a25-bbca-41f9-b6ca-ba36c7fc5b9b"><Execution id="69a93f38-e5df-41e4-963a-5e98c8dd0015" /><TestMethod codeBase="d:\Github\ModelRelief\ModelRelief.test\bin\Debug\netcoreapp2.0\ModelRelief.Test.dll" adapterTypeName="executor://xunit/VsTestRunner2/netcoreapp" className="ModelRelief.Test.Integration.DepthBuffers.DepthBuffersBaseIntegrationTests" name="GetSingle_ValidIdPropertyValueReturnsCorrectModel" /></UnitTest><UnitTest name="Patch_InvalidPropertyNameReturnsBadRequest" storage="d:\github\modelrelief\modelrelief.test\bin\debug\netcoreapp2.0\modelrelief.test.dll" id="671c1b93-777b-4db6-8082-f53be86faa11"><Execution id="032d519d-ca71-46ff-8f70-a7727b98d1ad" /><TestMethod codeBase="d:\Github\ModelRelief\ModelRelief.test\bin\Debug\netcoreapp2.0\ModelRelief.Test.dll" adapterTypeName="executor://xunit/VsTestRunner2/netcoreapp" className="ModelRelief.Test.Integration.Projects.ProjectsBaseIntegrationTests" name="Patch_InvalidPropertyNameReturnsBadRequest" /></UnitTest><UnitTest name="FileRequest_MeshGenerateSetsFileIsSynchronized" storage="d:\github\modelrelief\modelrelief.test\bin\debug\netcoreapp2.0\modelrelief.test.dll" id="bd3989e0-1caa-4b7a-ae81-b29f65dcef3a"><Execution id="d593855a-2ab6-4bf7-8ad8-cd11edf514a0" /><TestMethod codeBase="d:\Github\ModelRelief\ModelRelief.test\bin\Debug\netcoreapp2.0\ModelRelief.Test.dll" adapterTypeName="executor://xunit/VsTestRunner2/netcoreapp" className="ModelRelief.Test.Integration.Meshes.MeshesFileIntegrationTests" name="FileRequest_MeshGenerateSetsFileIsSynchronized" /></UnitTest><UnitTest name="Post_InvalidPropertyValueReturnsBadRequest" storage="d:\github\modelrelief\modelrelief.test\bin\debug\netcoreapp2.0\modelrelief.test.dll" id="2a5b34fa-e349-4260-b4b5-afd2ee0a6799"><Execution id="7071715a-5079-4b47-b288-f0abc19ffa6c" /><TestMethod codeBase="d:\Github\ModelRelief\ModelRelief.test\bin\Debug\netcoreapp2.0\ModelRelief.Test.dll" adapterTypeName="executor://xunit/VsTestRunner2/netcoreapp" className="ModelRelief.Test.Integration.Models.ModelsBaseIntegrationTests" name="Post_InvalidPropertyValueReturnsBadRequest" /></UnitTest><UnitTest name="GetFile_NonExistentFileReturnsNotFound" storage="d:\github\modelrelief\modelrelief.test\bin\debug\netcoreapp2.0\modelrelief.test.dll" id="fd19fd41-f391-4835-a5b4-4fdf9f5cb48f"><Execution id="6288ed2c-eae1-4a86-8426-5f3a28df14a7" /><TestMethod codeBase="d:\Github\ModelRelief\ModelRelief.test\bin\Debug\netcoreapp2.0\ModelRelief.Test.dll" adapterTypeName="executor://xunit/VsTestRunner2/netcoreapp" className="ModelRelief.Test.Integration.DepthBuffers.DepthBuffersFileIntegrationTests" name="GetFile_NonExistentFileReturnsNotFound" /></UnitTest><UnitTest name="GetSingle_InvalidIdPropertyValueReturnsNotFound" storage="d:\github\modelrelief\modelrelief.test\bin\debug\netcoreapp2.0\modelrelief.test.dll" id="57018ff2-1437-422f-9301-0ec6adf13e3e"><Execution id="a1281f9e-2d28-481a-9809-30e7a6ca7d60" /><TestMethod codeBase="d:\Github\ModelRelief\ModelRelief.test\bin\Debug\netcoreapp2.0\ModelRelief.Test.dll" adapterTypeName="executor://xunit/VsTestRunner2/netcoreapp" className="ModelRelief.Test.Integration.Meshes.MeshesBaseIntegrationTests" name="GetSingle_InvalidIdPropertyValueReturnsNotFound" /></UnitTest></TestDefinitions><TestEntries><TestEntry testId="27d694fa-3222-427c-89c3-d6c2096b8f89" executionId="d0d86199-ee1b-49bb-ab1c-a2ea637140a3" testListId="8c84fa94-04c1-424b-9868-57a2d4851a1d" /><TestEntry testId="5720d435-f727-4993-b003-ab25f7e95777" executionId="5138445b-4c20-485f-aee7-70f28d841adf" testListId="8c84fa94-04c1-424b-9868-57a2d4851a1d" /><TestEntry testId="e88ebf1f-34fc-4020-95e9-f1cd15aabb7c" executionId="b75f5ce3-040f-449f-a58e-ae10ebb136d3" testListId="8c84fa94-04c1-424b-9868-57a2d4851a1d" /><TestEntry testId="3795b0e7-65fc-4566-9c20-8fab9bc58fa3" executionId="415720dc-5a7d-4ced-8c4b-0cc37218663c" testListId="8c84fa94-04c1-424b-9868-57a2d4851a1d" /><TestEntry testId="6cd49f43-a195-406d-8fb4-ce1c762f2708" executionId="50081228-951c-4dd1-8790-1dc0388d89b3" testListId="8c84fa94-04c1-424b-9868-57a2d4851a1d" /><TestEntry testId="a74a4158-3912-4fb7-985b-0a52a884e97f" executionId="7813595c-7bee-4e0e-ac8d-144b18642303" testListId="8c84fa94-04c1-424b-9868-57a2d4851a1d" /><TestEntry testId="0caad5f5-ee5c-49da-bc76-83473d15e4b8" executionId="737c49ae-5811-4230-ab87-b91c3a71c044" testListId="8c84fa94-04c1-424b-9868-57a2d4851a1d" /><TestEntry testId="f6bbc947-cfea-4501-b028-86e33cda68b9" executionId="e1acd237-9e36-46fd-9a7e-7865bfed690d" testListId="8c84fa94-04c1-424b-9868-57a2d4851a1d" /><TestEntry testId="57a261df-4e9d-4b65-96d3-9c02afb78000" executionId="65cd5c41-2a5e-48e6-9355-28ceac0cf848" testListId="8c84fa94-04c1-424b-9868-57a2d4851a1d" /><TestEntry testId="bcc6c4c7-e9ae-48cb-9832-39a7e6ed35df" executionId="81d3a2a6-5262-48a9-8cd1-e05a56d04cd5" testListId="8c84fa94-04c1-424b-9868-57a2d4851a1d" /><TestEntry testId="9e784db6-c52c-4a1c-b55f-ce06ccc1efea" executionId="016db1fb-d892-4c37-895e-ab6dc4546da7" testListId="8c84fa94-04c1-424b-9868-57a2d4851a1d" /><TestEntry testId="77c01fdc-b73e-48f1-be42-baad6df6e992" executionId="be153f1f-00e5-4d38-a3a7-ce59f7b45a0c" testListId="8c84fa94-04c1-424b-9868-57a2d4851a1d" /><TestEntry testId="a3d83852-cdac-4aa3-acd6-a9a1325c46f4" executionId="4bd3b668-54a9-4782-9ab7-f395e562a95a" testListId="8c84fa94-04c1-424b-9868-57a2d4851a1d" /><TestEntry testId="761c00e9-e6b7-408f-b572-e4365064d58b" executionId="8d84d478-4ca5-4f20-bf6b-6e434dc538b4" testListId="8c84fa94-04c1-424b-9868-57a2d4851a1d" /><TestEntry testId="2118eb6f-f4f7-41b2-b70d-77923d3e72bf" executionId="188ecdbb-e4c4-4add-b895-194bc2187da6" testListId="8c84fa94-04c1-424b-9868-57a2d4851a1d" /><TestEntry testId="fd19fd41-f391-4835-a5b4-4fdf9f5cb48f" executionId="6288ed2c-eae1-4a86-8426-5f3a28df14a7" testListId="8c84fa94-04c1-424b-9868-57a2d4851a1d" /><TestEntry testId="111e27ae-0931-4125-a50f-3e4493acce3c" executionId="abbfe250-6de5-436a-b39e-159d1fcc8943" testListId="8c84fa94-04c1-424b-9868-57a2d4851a1d" /><TestEntry testId="1f4c1cb3-4ac6-4efe-82ab-6a51827b69fa" executionId="53ad90b0-aa77-4c3a-abd0-467748745f77" testListId="8c84fa94-04c1-424b-9868-57a2d4851a1d" /><TestEntry testId="be89690d-b96f-4dd4-ae51-a182aece4dc6" executionId="5415834a-e110-4536-b2cb-78d8d53b6792" testListId="8c84fa94-04c1-424b-9868-57a2d4851a1d" /><TestEntry testId="cd0dca9e-4959-41fd-ac6d-7b39862d7155" executionId="03fdd5da-b7c7-4e0b-9a8c-df757171b752" testListId="8c84fa94-04c1-424b-9868-57a2d4851a1d" /><TestEntry testId="829e3562-b499-4fee-895f-04276ce8deac" executionId="e0153fe5-3ea2-40d1-8518-c20b9a2a0ad2" testListId="8c84fa94-04c1-424b-9868-57a2d4851a1d" /><TestEntry testId="39991693-b372-4baf-9c20-49e3639c22a1" executionId="9d056aee-daaa-4b72-95f4-feeb57168517" testListId="8c84fa94-04c1-424b-9868-57a2d4851a1d" /><TestEntry testId="d9aa7f72-e7e5-42db-b363-ee3f413e7aad" executionId="a33f9c91-21f7-44eb-b23e-086ed82d219d" testListId="8c84fa94-04c1-424b-9868-57a2d4851a1d" /><TestEntry testId="19b8bde2-d40a-4c6b-88e0-52a515b89368" executionId="1a2b4e12-c44e-4da0-83f4-4f0cdfe21fc3" testListId="8c84fa94-04c1-424b-9868-57a2d4851a1d" /><TestEntry testId="b6e4d7e0-96c1-466b-bff3-71be197dfd8d" executionId="cc223d1e-cf72-4c54-86fd-748395694770" testListId="8c84fa94-04c1-424b-9868-57a2d4851a1d" /><TestEntry testId="e8797529-a2c4-4c74-8321-c6db2d63c4de" executionId="54cb44ed-eeaa-4aa5-b02a-3badd19b43f0" testListId="8c84fa94-04c1-424b-9868-57a2d4851a1d" /><TestEntry testId="2a5b34fa-e349-4260-b4b5-afd2ee0a6799" executionId="7071715a-5079-4b47-b288-f0abc19ffa6c" testListId="8c84fa94-04c1-424b-9868-57a2d4851a1d" /><TestEntry testId="44b209cf-4ce2-4c1d-98cc-b5b0592d8f22" executionId="b38812d4-5309-4e2a-afc0-e76756f02e36" testListId="8c84fa94-04c1-424b-9868-57a2d4851a1d" /><TestEntry testId="72bff6e5-738d-43f9-a768-47558f2623af" executionId="ad049f14-6b88-4d90-9b08-58fd9a9238ed" testListId="8c84fa94-04c1-424b-9868-57a2d4851a1d" /><TestEntry testId="b3fba882-7aef-42ff-80b2-216e8e190165" executionId="ecee95f6-d79d-4b3e-a0b7-e27a52548ba3" testListId="8c84fa94-04c1-424b-9868-57a2d4851a1d" /><TestEntry testId="215581f5-4f53-42b3-a4c1-1c5d4c815fe1" executionId="bfb2d612-ec3f-46ac-8cc0-a52f4a2051e5" testListId="8c84fa94-04c1-424b-9868-57a2d4851a1d" /><TestEntry testId="e8df087a-3def-4b9c-9f21-bd194a97aaac" executionId="557e0d69-6b66-481a-9455-20a0b38f1d61" testListId="8c84fa94-04c1-424b-9868-57a2d4851a1d" /><TestEntry testId="4b562e6b-5842-4ca2-a1d3-8d35d8948592" executionId="f18164c0-87b6-4ebc-8214-92f0f7caab8d" testListId="8c84fa94-04c1-424b-9868-57a2d4851a1d" /><TestEntry testId="0f6b7639-f659-488f-8187-e414c0743c52" executionId="59ef8955-a0ef-467a-b1b7-6556cbf5f19f" testListId="8c84fa94-04c1-424b-9868-57a2d4851a1d" /><TestEntry testId="a0543752-1749-41f4-9deb-8f0a6b77c5cb" executionId="96ddaeb7-128d-434b-9a05-1c3a010eabb3" testListId="8c84fa94-04c1-424b-9868-57a2d4851a1d" /><TestEntry testId="1b6a1c3f-2382-42df-8d26-e321bf34d971" executionId="ecde1cf1-0195-42d4-901a-10edf7ea61e2" testListId="8c84fa94-04c1-424b-9868-57a2d4851a1d" /><TestEntry testId="bc0d9931-5042-43a9-b832-b72c64ca8e10" executionId="9a766b2c-b34d-439a-8c87-e0d6226b242c" testListId="8c84fa94-04c1-424b-9868-57a2d4851a1d" /><TestEntry testId="bd3989e0-1caa-4b7a-ae81-b29f65dcef3a" executionId="d593855a-2ab6-4bf7-8ad8-cd11edf514a0" testListId="8c84fa94-04c1-424b-9868-57a2d4851a1d" /><TestEntry testId="23627049-9a49-4445-a95d-07b36c5880f2" executionId="09b246de-a7e0-43d5-9fa8-641f0b002372" testListId="8c84fa94-04c1-424b-9868-57a2d4851a1d" /><TestEntry testId="923dd97e-0191-42ea-9d32-612695f7e56b" executionId="02092de9-7f9e-4539-9622-dbf5d724d464" testListId="8c84fa94-04c1-424b-9868-57a2d4851a1d" /><TestEntry testId="96c9ea1c-6734-4644-b7fb-42b3467bdef8" executionId="030957af-4dfd-4d20-af6d-b3864b24d4f8" testListId="8c84fa94-04c1-424b-9868-57a2d4851a1d" /><TestEntry testId="e5d4db59-de68-4563-9b93-2b4bc3496d36" executionId="871063ac-070e-4d23-8218-97613b285d31" testListId="8c84fa94-04c1-424b-9868-57a2d4851a1d" /><TestEntry testId="3202a474-f358-4634-bb97-32ba66cdb158" executionId="c6958b9a-c177-48a5-ba4b-92c90c83763e" testListId="8c84fa94-04c1-424b-9868-57a2d4851a1d" /><TestEntry testId="5a95d40f-027d-487b-a0c2-016c0367247b" executionId="bfe4b702-21c2-4655-b371-8c7a800ed914" testListId="8c84fa94-04c1-424b-9868-57a2d4851a1d" /><TestEntry testId="9222faa9-3843-4a29-97ef-e1d9acd7a874" executionId="369aa07b-1f64-4114-a8f1-debef36d193c" testListId="8c84fa94-04c1-424b-9868-57a2d4851a1d" /><TestEntry testId="0d3ba03a-fbc3-472a-bcdb-02503ea66ccd" executionId="13638afd-ca5c-42a6-8a13-92a56602e53a" testListId="8c84fa94-04c1-424b-9868-57a2d4851a1d" /><TestEntry testId="168e4c8c-71c8-4252-a48a-f3bc4d96c02d" executionId="e201160d-e33e-4132-9665-abf079880e2d" testListId="8c84fa94-04c1-424b-9868-57a2d4851a1d" /><TestEntry testId="5cfcc747-1396-450d-8c70-1d57ec41c62b" executionId="65015131-5420-476b-8cc8-27e078eb0cb1" testListId="8c84fa94-04c1-424b-9868-57a2d4851a1d" /><TestEntry testId="8af3d90f-85f4-4d5f-824f-4755447ce4d3" executionId="d991b8fd-ead9-4e2d-98fd-11dbf44879b6" testListId="8c84fa94-04c1-424b-9868-57a2d4851a1d" /><TestEntry testId="fe6c1644-2b64-4fce-9475-d7a996f0f08e" executionId="a7fb799a-462a-4f2d-9163-fe86fb9a1d3d" testListId="8c84fa94-04c1-424b-9868-57a2d4851a1d" /><TestEntry testId="789940ed-6373-4d3e-85f5-68c61186fff5" executionId="ed6ccdc6-44b5-474d-b17c-d547ba413401" testListId="8c84fa94-04c1-424b-9868-57a2d4851a1d" /><TestEntry testId="e11c73fe-15b0-4039-b28e-40d5662cd576" executionId="9ae4e764-8d32-41f8-802c-1d91f352ed02" testListId="8c84fa94-04c1-424b-9868-57a2d4851a1d" /><TestEntry testId="31eb5e7d-6f71-4fc3-b15b-7e0e1c7d46b9" executionId="b8c878a8-9d18-4302-8aec-e21ebe1b6fe9" testListId="8c84fa94-04c1-424b-9868-57a2d4851a1d" /><TestEntry testId="3983f770-7b9a-458f-984c-2a1726f7d0b6" executionId="8466307d-f979-4de0-8e42-1c37d779a9f6" testListId="8c84fa94-04c1-424b-9868-57a2d4851a1d" /><TestEntry testId="626a03ba-c6af-4568-9c29-96b0a9d11f93" executionId="0685c3ec-4595-42a4-bf8d-ebe4748cdb43" testListId="8c84fa94-04c1-424b-9868-57a2d4851a1d" /><TestEntry testId="b93ee34f-0b5f-43e3-b245-514827dec199" executionId="9a3368d2-4c41-4aa6-9007-8d945bb70176" testListId="8c84fa94-04c1-424b-9868-57a2d4851a1d" /><TestEntry testId="2eb50216-7727-47bd-91ab-c8b198eb010f" executionId="02cd5ee4-eb85-4300-bf3b-729add363fe7" testListId="8c84fa94-04c1-424b-9868-57a2d4851a1d" /><TestEntry testId="25b97579-834e-4b36-9667-bc3285159ff5" executionId="3a041753-681a-43e2-9e9f-36ecc8b826ae" testListId="8c84fa94-04c1-424b-9868-57a2d4851a1d" /><TestEntry testId="835d253d-5e67-4d1a-8a36-79346fdab3d5" executionId="b6aa3d0d-af8d-482e-bcee-676c40b9dd82" testListId="8c84fa94-04c1-424b-9868-57a2d4851a1d" /><TestEntry testId="0ea1ccb3-ef20-4c0a-acc5-83a3d40670b2" executionId="1601e613-793f-4bb4-9a1b-0f08f25293ca" testListId="8c84fa94-04c1-424b-9868-57a2d4851a1d" /><TestEntry testId="fb17d3c7-ff55-4b40-9beb-32b3f67b9822" executionId="ad3e6388-f2d7-4555-a8fa-c4cb46b6378e" testListId="8c84fa94-04c1-424b-9868-57a2d4851a1d" /><TestEntry testId="5bf72888-300a-4524-9e34-6b4fb3ece676" executionId="68ee0c43-56cc-452c-9bdf-9a9f8816c33c" testListId="8c84fa94-04c1-424b-9868-57a2d4851a1d" /><TestEntry testId="2f09f925-7171-468e-9ed4-6a80f2027f98" executionId="a0145c03-53b8-4285-b587-0e0b92a0a770" testListId="8c84fa94-04c1-424b-9868-57a2d4851a1d" /><TestEntry testId="0cce1681-c1f7-4c81-9222-7a8a8f34abd8" executionId="8c162c84-3960-4667-a410-3b4efe3ad8ce" testListId="8c84fa94-04c1-424b-9868-57a2d4851a1d" /><TestEntry testId="32f332b2-a256-42a5-b4a2-b11684f88aa0" executionId="f509b7ea-f6fa-4671-b8db-d1d5a392e8a1" testListId="8c84fa94-04c1-424b-9868-57a2d4851a1d" /><TestEntry testId="0aab6881-e786-46da-949e-d3d1c2273e7b" executionId="01ebf2c9-ce23-4ae0-91a8-5d6a6d77c33e" testListId="8c84fa94-04c1-424b-9868-57a2d4851a1d" /><TestEntry testId="2a71aed8-2526-4c23-b075-2709db88aec3" executionId="720a6527-9381-4bff-808c-7f6f3c73cad9" testListId="8c84fa94-04c1-424b-9868-57a2d4851a1d" /><TestEntry testId="cd0ccb3a-0b8d-4f21-ad55-b19fcc3bdef0" executionId="103b074e-0ed4-4d55-91ed-137e7445de45" testListId="8c84fa94-04c1-424b-9868-57a2d4851a1d" /><TestEntry testId="cf57fd95-40c8-4bb8-b078-2ba3b6baf90e" executionId="439c8da4-02d7-46c5-b9db-f23bf2209454" testListId="8c84fa94-04c1-424b-9868-57a2d4851a1d" /><TestEntry testId="605f1d87-a188-450c-a0bb-8791dad3b575" executionId="a0aeba39-6446-446a-b864-6f73e80e9ccc" testListId="8c84fa94-04c1-424b-9868-57a2d4851a1d" /><TestEntry testId="4d3b71db-17d3-47b7-a008-bda997b1b311" executionId="6b0a43bc-348d-4322-b8aa-89fcda348e25" testListId="8c84fa94-04c1-424b-9868-57a2d4851a1d" /><TestEntry testId="bd35adc0-1399-478a-ae01-4686c6b0e352" executionId="758a62ff-2f33-4dbf-9a94-75f53d06402d" testListId="8c84fa94-04c1-424b-9868-57a2d4851a1d" /><TestEntry testId="30cb891a-0947-4301-ba64-ee0768c60162" executionId="f5cc7c91-425e-4262-a9ef-f6d7fb888c2b" testListId="8c84fa94-04c1-424b-9868-57a2d4851a1d" /><TestEntry testId="a20aacce-91a2-4ab3-a2e8-49985c8ea558" executionId="a95ee80a-cd48-4a9c-9fe3-43886ca4f3b8" testListId="8c84fa94-04c1-424b-9868-57a2d4851a1d" /><TestEntry testId="671c1b93-777b-4db6-8082-f53be86faa11" executionId="032d519d-ca71-46ff-8f70-a7727b98d1ad" testListId="8c84fa94-04c1-424b-9868-57a2d4851a1d" /><TestEntry testId="c6b03a8a-b277-4e94-8c2a-8e690d28b341" executionId="7f85a3ca-ee38-4f47-a3c5-95193e228837" testListId="8c84fa94-04c1-424b-9868-57a2d4851a1d" /><TestEntry testId="a10b74ac-aab4-4e7f-a449-7322d93866b8" executionId="aa75640f-a42f-44e7-ac34-b82fe5b0b031" testListId="8c84fa94-04c1-424b-9868-57a2d4851a1d" /><TestEntry testId="47e454ba-819a-47b6-ad08-db5a53d6a993" executionId="89aaa197-8de6-4fa9-8391-3571beb81ee0" testListId="8c84fa94-04c1-424b-9868-57a2d4851a1d" /><TestEntry testId="8755cec6-d53b-4776-9cd3-95aad77b2c7f" executionId="3ff8a569-61bb-4d7b-93d6-acf4c174c0cc" testListId="8c84fa94-04c1-424b-9868-57a2d4851a1d" /><TestEntry testId="9cd8ba3f-afaa-4af9-84aa-ef53d3fa58fc" executionId="d5c82805-d504-4374-b0ab-db55d9273e76" testListId="8c84fa94-04c1-424b-9868-57a2d4851a1d" /><TestEntry testId="742408e9-40a5-423b-92cb-d37c2fb8a823" executionId="2b90c8c9-45d9-4fab-9d3e-73c7bf871265" testListId="8c84fa94-04c1-424b-9868-57a2d4851a1d" /><TestEntry testId="ff31bbcc-04eb-4ca2-8a7c-4080b5a3632d" executionId="ad87dcf2-d06f-4937-9b7b-7dc778beed1d" testListId="8c84fa94-04c1-424b-9868-57a2d4851a1d" /><TestEntry testId="855500ef-66a8-42df-800f-9429e89e6a92" executionId="5a44e846-5ddb-4004-8d65-ef1db86685e8" testListId="8c84fa94-04c1-424b-9868-57a2d4851a1d" /><TestEntry testId="0a92da59-dc35-4492-9983-419dc89686b2" executionId="189595d5-f7b6-4ede-a6bf-158762143387" testListId="8c84fa94-04c1-424b-9868-57a2d4851a1d" /><TestEntry testId="62625e3a-8c2b-4212-bcb7-2ae1dae73ae8" executionId="00e4b57b-2e42-42bf-bfd6-63d65f8926e3" testListId="8c84fa94-04c1-424b-9868-57a2d4851a1d" /><TestEntry testId="16e97258-e035-41a8-b591-18c43ad703ee" executionId="ee5d5a03-29d9-46d5-a8be-bc70c5cbdc13" testListId="8c84fa94-04c1-424b-9868-57a2d4851a1d" /><TestEntry testId="b9586c40-9ecc-42cb-ba2d-93c76f4e4e2f" executionId="fd415b50-ca1e-4027-8d80-027f5cbc4ad3" testListId="8c84fa94-04c1-424b-9868-57a2d4851a1d" /><TestEntry testId="7d23ccdc-99e0-4195-ae2c-f7f2ee4c9f84" executionId="eb27f447-fb60-4798-a130-7c1bdeeb80a1" testListId="8c84fa94-04c1-424b-9868-57a2d4851a1d" /><TestEntry testId="e38612b4-c86f-44ce-b8d8-707bff049bac" executionId="29ba0a33-2e55-4aab-bf84-547546fd20bd" testListId="8c84fa94-04c1-424b-9868-57a2d4851a1d" /><TestEntry testId="47f557ad-9772-4acd-8329-36b916e4def1" executionId="3d456f5e-bd29-4d0b-af5a-ebba0e954032" testListId="8c84fa94-04c1-424b-9868-57a2d4851a1d" /><TestEntry testId="fa36be96-ee72-4593-a440-4505f380eb50" executionId="1d6b4eaa-173f-41b7-8ec5-0b5f98cf105f" testListId="8c84fa94-04c1-424b-9868-57a2d4851a1d" /><TestEntry testId="bd303465-66bb-46e0-87b7-0935e5af17ff" executionId="40e4c523-b3b2-40ff-9592-a70bb8c0e7be" testListId="8c84fa94-04c1-424b-9868-57a2d4851a1d" /><TestEntry testId="6eb52aef-8b20-44dd-9d50-ff6315617784" executionId="f44b7f97-daca-49e3-b216-5373f5b40fee" testListId="8c84fa94-04c1-424b-9868-57a2d4851a1d" /><TestEntry testId="fe20c4b1-30e3-46ef-856f-827f398b31ec" executionId="7f18f48e-d766-43b3-ac3e-f94cbaf4bb35" testListId="8c84fa94-04c1-424b-9868-57a2d4851a1d" /><TestEntry testId="c252b93b-96f1-42ab-9901-f14da8a95e18" executionId="68c16bf2-6460-4818-8464-99a7ed2b791c" testListId="8c84fa94-04c1-424b-9868-57a2d4851a1d" /><TestEntry testId="d451a071-6649-443e-8d03-e4ae68130cf9" executionId="1ea0ec2b-9404-4155-a781-75ad2371ab96" testListId="8c84fa94-04c1-424b-9868-57a2d4851a1d" /><TestEntry testId="bbb379bf-d44a-4cd4-a9de-987e1500fd73" executionId="982bd340-7ab6-463c-ac72-4723d0a6f1bc" testListId="8c84fa94-04c1-424b-9868-57a2d4851a1d" /><TestEntry testId="368d41a8-9501-498e-8a77-caccd2989094" executionId="e43f7776-edb3-4751-8dc9-369aa34aac1c" testListId="8c84fa94-04c1-424b-9868-57a2d4851a1d" /><TestEntry testId="8cb8996e-e7d2-4b53-a855-7511014dabf3" executionId="8812b7b2-21a4-458d-9ee0-c0809c40c3e6" testListId="8c84fa94-04c1-424b-9868-57a2d4851a1d" /><TestEntry testId="e6be0487-dfce-4a32-82fe-9b9ea451dd93" executionId="88daf58e-c40c-4dbc-8f32-afede3a57e7d" testListId="8c84fa94-04c1-424b-9868-57a2d4851a1d" /><TestEntry testId="b82fc52d-cb20-4125-b02d-62b4ce0f3c64" executionId="1a35f66b-cb09-495a-93d6-5a257531fd67" testListId="8c84fa94-04c1-424b-9868-57a2d4851a1d" /><TestEntry testId="eaf5ec0c-b1e5-4b83-9018-ba7305d8c9b8" executionId="10515a11-bfdd-467e-a553-7f272a828d27" testListId="8c84fa94-04c1-424b-9868-57a2d4851a1d" /><TestEntry testId="d85197fe-ea58-4645-9344-a5bfa231f15f" executionId="e04bb4a1-de8b-4d45-b5a8-fbb3d45b98ad" testListId="8c84fa94-04c1-424b-9868-57a2d4851a1d" /><TestEntry testId="2b1ea728-adef-4450-af89-4274289db458" executionId="44e6f2dd-624a-49d6-bdcb-14831edb5df0" testListId="8c84fa94-04c1-424b-9868-57a2d4851a1d" /><TestEntry testId="7b201710-dde4-4882-8635-e5f7f2ba580a" executionId="113a5bb7-56bb-41be-a5a8-9c259b0d8304" testListId="8c84fa94-04c1-424b-9868-57a2d4851a1d" /><TestEntry testId="ccddbab1-e102-4865-a52c-c769dd07d193" executionId="179a34b5-1305-4209-85a6-ca4058e2d9c4" testListId="8c84fa94-04c1-424b-9868-57a2d4851a1d" /><TestEntry testId="f61b2b7d-338f-45b6-a196-41376258f76c" executionId="ccd8bf68-1785-497f-993b-58ae28e4ddf5" testListId="8c84fa94-04c1-424b-9868-57a2d4851a1d" /><TestEntry testId="55ea87f1-d94f-4762-a5ff-8aa0c1541cb2" executionId="91ca3d87-273c-4d48-9e4f-af8b2463cc71" testListId="8c84fa94-04c1-424b-9868-57a2d4851a1d" /><TestEntry testId="167a3453-a05a-48ca-80ee-3b6f5e7a08c9" executionId="ac754fb7-0c8e-45c5-ae2c-5f6e9c602f73" testListId="8c84fa94-04c1-424b-9868-57a2d4851a1d" /><TestEntry testId="e5425a92-c660-4305-92c7-1e525bfa7a81" executionId="b6006c80-8a8d-48f5-97e0-0e20c5264a1d" testListId="8c84fa94-04c1-424b-9868-57a2d4851a1d" /><TestEntry testId="2a3a8ff6-5df5-437f-b40a-5f2c1a517f3b" executionId="a09cbef6-e791-434d-bff3-9dbcc932dcaa" testListId="8c84fa94-04c1-424b-9868-57a2d4851a1d" /><TestEntry testId="e68b773c-7596-470a-8a22-1196eea6d128" executionId="de66c288-6247-45a5-b3fb-047831b51188" testListId="8c84fa94-04c1-424b-9868-57a2d4851a1d" /><TestEntry testId="ce598fb2-5be7-4c9f-8283-a85d514176db" executionId="c37d0d1a-ba59-4caa-96cc-45c8e7f60b91" testListId="8c84fa94-04c1-424b-9868-57a2d4851a1d" /><TestEntry testId="d578e819-2d4c-4c5a-96bd-ae76652a68ba" executionId="37f7549b-6288-46a4-9817-94a6c724f28f" testListId="8c84fa94-04c1-424b-9868-57a2d4851a1d" /><TestEntry testId="89ef5101-8b75-4599-884c-8878122f643c" executionId="6be15fd7-c28c-43ef-b8c7-6b1fa8752c70" testListId="8c84fa94-04c1-424b-9868-57a2d4851a1d" /><TestEntry testId="c0fa0de9-e3df-4b3c-a646-9759cc190cf8" executionId="274eaf3b-da80-42af-bc0f-6ad4adde7b93" testListId="8c84fa94-04c1-424b-9868-57a2d4851a1d" /><TestEntry testId="c2fc69f0-51dd-44b8-93d9-501272a05453" executionId="2bccb5e7-bbc2-4435-8d87-d6b141be66ab" testListId="8c84fa94-04c1-424b-9868-57a2d4851a1d" /><TestEntry testId="2be13ad7-8219-4c52-a065-6926737d8013" executionId="40daf0cc-b21f-4470-876b-f796ea418bb4" testListId="8c84fa94-04c1-424b-9868-57a2d4851a1d" /><TestEntry testId="9617a0c7-f5c0-432a-ab3e-d56dee426325" executionId="93181e37-b968-451a-b88d-438de9d579f2" testListId="8c84fa94-04c1-424b-9868-57a2d4851a1d" /><TestEntry testId="2415bec0-1e11-4f0c-b1c5-14719b927070" executionId="880e6d06-cac1-4154-beb8-d7eca81680f2" testListId="8c84fa94-04c1-424b-9868-57a2d4851a1d" /><TestEntry testId="29a0edb7-9608-44d2-ad6d-473d480eb686" executionId="782f2588-88ac-4356-92ff-416392e0ce3e" testListId="8c84fa94-04c1-424b-9868-57a2d4851a1d" /><TestEntry testId="28456e85-e994-46bc-b83b-468acb79a3e1" executionId="07d603dd-5b27-49e6-8ba4-87fd36a84049" testListId="8c84fa94-04c1-424b-9868-57a2d4851a1d" /><TestEntry testId="a7de27aa-b1f1-434f-b6bf-6fe23e5892af" executionId="2d753fcc-98ff-48a3-99b4-6f96937320cb" testListId="8c84fa94-04c1-424b-9868-57a2d4851a1d" /><TestEntry testId="abdb19f9-dfd2-4068-b9a4-d518fcf916de" executionId="97868e03-7e1f-46c7-bb71-b789c97257b1" testListId="8c84fa94-04c1-424b-9868-57a2d4851a1d" /><TestEntry testId="0e4fa7f9-cf14-4f3c-834d-afd3ea35a9b8" executionId="f612ceef-b03d-4de8-8168-e3a0e33cbd8e" testListId="8c84fa94-04c1-424b-9868-57a2d4851a1d" /><TestEntry testId="f3456197-8488-4239-b708-84b78799e37e" executionId="8d52fc15-dc11-4ebe-80fb-d80cb81200fb" testListId="8c84fa94-04c1-424b-9868-57a2d4851a1d" /><TestEntry testId="395d5a25-bbca-41f9-b6ca-ba36c7fc5b9b" executionId="69a93f38-e5df-41e4-963a-5e98c8dd0015" testListId="8c84fa94-04c1-424b-9868-57a2d4851a1d" /><TestEntry testId="1b1131ea-ae52-401b-8180-ea43cb78ddd6" executionId="25dfeae3-0ac9-4602-abde-d39cf14cb885" testListId="8c84fa94-04c1-424b-9868-57a2d4851a1d" /><TestEntry testId="59c3303c-8f84-4b38-aadf-496a7d112485" executionId="a3e345d8-b21c-4ce7-8727-ff3bb7d0ca46" testListId="8c84fa94-04c1-424b-9868-57a2d4851a1d" /><TestEntry testId="e1d24db6-346e-427d-9432-aa95e26aa7bd" executionId="462aae95-edbb-4632-af31-806239321521" testListId="8c84fa94-04c1-424b-9868-57a2d4851a1d" /><TestEntry testId="056096fb-7895-47aa-ab77-d5bde8c887e5" executionId="206eae02-d60d-40df-b9e0-f9a115128ec5" testListId="8c84fa94-04c1-424b-9868-57a2d4851a1d" /><TestEntry testId="28176700-ef12-42ed-8c22-1a1f2f12cdfd" executionId="18bb2786-74d5-402c-a0e9-13ee27282fc9" testListId="8c84fa94-04c1-424b-9868-57a2d4851a1d" /><TestEntry testId="f078944e-c854-4d42-b900-8ac3f4d9b73d" executionId="bb7033ea-a444-4366-8a69-3e99242456e0" testListId="8c84fa94-04c1-424b-9868-57a2d4851a1d" /><TestEntry testId="eb6204dd-75e4-4dd9-bfa2-9a92db714845" executionId="c83d9919-4948-4228-a732-cd1bac3c2539" testListId="8c84fa94-04c1-424b-9868-57a2d4851a1d" /><TestEntry testId="a85afa90-6053-4124-be00-c3fbe92d0fa6" executionId="fd4c2149-2c22-4e29-9cd1-e07be3bb9363" testListId="8c84fa94-04c1-424b-9868-57a2d4851a1d" /><TestEntry testId="a409baf8-8273-4615-ada7-75b6a718bfe1" executionId="dab52ec7-2876-42d3-940b-aa862b44cd1f" testListId="8c84fa94-04c1-424b-9868-57a2d4851a1d" /><TestEntry testId="6a3f40df-2f5a-465b-b33d-858e07104d65" executionId="56ab1913-e69e-4f5b-a756-9d91711495e9" testListId="8c84fa94-04c1-424b-9868-57a2d4851a1d" /><TestEntry testId="3259076a-6442-4eb8-9a91-75822872404f" executionId="bb26c66f-45f1-4794-8f0b-a330e4d18b10" testListId="8c84fa94-04c1-424b-9868-57a2d4851a1d" /><TestEntry testId="d3a01ccc-d8f3-4f59-a6eb-f4339f00dcaf" executionId="380a4c2b-a6a6-4b37-8b64-18db0192f873" testListId="8c84fa94-04c1-424b-9868-57a2d4851a1d" /><TestEntry testId="cb2d8af3-34dc-4d81-b63a-40b2531cbffb" executionId="fc64fb4c-fa50-4538-ad9f-19c18913ab90" testListId="8c84fa94-04c1-424b-9868-57a2d4851a1d" /><TestEntry testId="f4358a76-c702-4bd1-808f-65d6dd8a9fc3" executionId="a4383e74-5e28-4b6f-8a03-7468a54666e9" testListId="8c84fa94-04c1-424b-9868-57a2d4851a1d" /><TestEntry testId="05cc99a4-43c2-4321-8f37-6e2930a70b28" executionId="0008c7f7-8f13-4683-a867-6a40f9db839a" testListId="8c84fa94-04c1-424b-9868-57a2d4851a1d" /><TestEntry testId="57018ff2-1437-422f-9301-0ec6adf13e3e" executionId="a1281f9e-2d28-481a-9809-30e7a6ca7d60" testListId="8c84fa94-04c1-424b-9868-57a2d4851a1d" /><TestEntry testId="8040ab8b-8476-48be-afca-0fe8a9813afa" executionId="5f0c149f-0e77-4819-a3f1-d48ed82f6cea" testListId="8c84fa94-04c1-424b-9868-57a2d4851a1d" /><TestEntry testId="f8aab60d-b6de-4bce-8e0d-fb82ffae9ac9" executionId="18197800-c904-48c8-b26f-a11174155608" testListId="8c84fa94-04c1-424b-9868-57a2d4851a1d" /><TestEntry testId="67d9087a-409f-4dde-8977-b7b5afe5dc23" executionId="1d9510c6-e152-4fb9-b5fd-7bc5adefbd7f" testListId="8c84fa94-04c1-424b-9868-57a2d4851a1d" /><TestEntry testId="c352d488-fa3b-45d9-a774-47243e94beb7" executionId="12a4664e-e441-4286-a3d8-f85a8fe17de5" testListId="8c84fa94-04c1-424b-9868-57a2d4851a1d" /><TestEntry testId="5d6c0d51-307a-4d96-85d7-eec19507823b" executionId="0c78f53f-829a-425b-8d87-d0a509587217" testListId="8c84fa94-04c1-424b-9868-57a2d4851a1d" /><TestEntry testId="5f1deffa-e5c0-44e6-9c8f-19350e28e879" executionId="edcb4388-a903-40d9-9b61-10090932e0a4" testListId="8c84fa94-04c1-424b-9868-57a2d4851a1d" /><TestEntry testId="089d9a7b-b89e-49df-9a05-40a0463ce72c" executionId="e7956c41-19e8-473f-86e8-c3d5cd2ea1ca" testListId="8c84fa94-04c1-424b-9868-57a2d4851a1d" /><TestEntry testId="33d7b55f-345e-49b8-af1d-9f763d559c89" executionId="f9ec4593-03d3-466b-bec6-cbfeaa051416" testListId="8c84fa94-04c1-424b-9868-57a2d4851a1d" /></TestEntries><TestLists><TestList name="Results Not in a List" id="8c84fa94-04c1-424b-9868-57a2d4851a1d" /><TestList name="All Loaded Results" id="19431567-8539-422a-85d7-44ee4e166bda" /></TestLists><ResultSummary outcome="Completed"><Counters total="151" executed="151" passed="151" failed="0" error="0" timeout="0" aborted="0" inconclusive="0" passedButRunAborted="0" notRunnable="0" notExecuted="0" disconnected="0" warning="0" completed="0" inProgress="0" pending="0" /><Output><StdOut>[xUnit.net 00:00:01.3818084]   Discovering: ModelRelief.Test[xUnit.net 00:00:01.4973286]   Discovered:  ModelRelief.Test[xUnit.net 00:00:01.5029878]   Starting:    ModelRelief.Test[xUnit.net 00:00:57.4072957]   Finished:    ModelRelief.Test</StdOut></Output></ResultSummary></TestRun>