<?xml version="1.0" encoding="utf-8"?><TestRun id="745775f6-274d-4e0e-9f1a-eb7e197548ff" name="Steve Knipmeyer@VECTOR 2018-05-24 17:13:39" runUser="VECTOR\Steve Knipmeyer" xmlns="http://microsoft.com/schemas/VisualStudio/TeamTest/2010"><Times creation="2018-05-24T17:13:39.7424211-04:00" queuing="2018-05-24T17:13:39.7424331-04:00" start="2018-05-24T17:13:35.8322819-04:00" finish="2018-05-24T17:14:16.2785835-04:00" /><TestSettings name="default" id="5df0082c-a273-46b0-a0a2-117d4ee6bbd5"><Deployment runDeploymentRoot="Steve_Knipmeyer_VECTOR_2018-05-24_17_13_39" /></TestSettings><Results><UnitTestResult executionId="c35e9fa6-00d4-4f6f-b904-7c8f7da10d65" testId="695f7fa2-62d5-4219-8ded-dad89012304f" testName="Patch_InvalidReferencePropertyReturnsBadRequest" computerName="VECTOR" duration="00:00:00.0020000" startTime="2018-05-24T17:13:40.6833563-04:00" endTime="2018-05-24T17:13:40.6833589-04:00" testType="13cdc9d9-ddb5-4fa4-a97d-d965ccfc6d4b" outcome="Passed" testListId="8c84fa94-04c1-424b-9868-57a2d4851a1d" relativeResultsDirectory="c35e9fa6-00d4-4f6f-b904-7c8f7da10d65" /><UnitTestResult executionId="bc992109-7b0d-4002-bdc3-d118617fe415" testId="93e569b6-dcc3-4e53-94f3-42015caf6d5b" testName="GetFile_NonExistentFileReturnsNotFound" computerName="VECTOR" duration="00:00:00.0110000" startTime="2018-05-24T17:14:12.6357689-04:00" endTime="2018-05-24T17:14:12.6357752-04:00" testType="13cdc9d9-ddb5-4fa4-a97d-d965ccfc6d4b" outcome="Passed" testListId="8c84fa94-04c1-424b-9868-57a2d4851a1d" relativeResultsDirectory="bc992109-7b0d-4002-bdc3-d118617fe415" /><UnitTestResult executionId="6000626d-a025-4ce7-9dde-8ff704cf8c6d" testId="fc412dd7-1fe2-45c4-8482-de705c131fd7" testName="GetList_ListReturnsCorrectCount" computerName="VECTOR" duration="00:00:00.1180000" startTime="2018-05-24T17:14:06.6902677-04:00" endTime="2018-05-24T17:14:06.6902737-04:00" testType="13cdc9d9-ddb5-4fa4-a97d-d965ccfc6d4b" outcome="Passed" testListId="8c84fa94-04c1-424b-9868-57a2d4851a1d" relativeResultsDirectory="6000626d-a025-4ce7-9dde-8ff704cf8c6d" /><UnitTestResult executionId="ed9947c6-54e5-40e2-b0e1-3c12ad5e590b" testId="4f8ee1ac-c6d6-44af-bd24-ce2fe3542ecf" testName="Put_ValidReferencePropertyUpdatesModel" computerName="VECTOR" duration="00:00:00.3040000" startTime="2018-05-24T17:14:15.7904100-04:00" endTime="2018-05-24T17:14:15.7904177-04:00" testType="13cdc9d9-ddb5-4fa4-a97d-d965ccfc6d4b" outcome="Passed" testListId="8c84fa94-04c1-424b-9868-57a2d4851a1d" relativeResultsDirectory="ed9947c6-54e5-40e2-b0e1-3c12ad5e590b" /><UnitTestResult executionId="84cf21be-df59-4707-bdbb-a2cd5532432a" testId="0b36b304-9b96-4e71-a9b1-20b7015a1948" testName="Put_InvalidReferencePropertyReturndBadRequest" computerName="VECTOR" duration="00:00:00.1480000" startTime="2018-05-24T17:14:06.8446093-04:00" endTime="2018-05-24T17:14:06.8446147-04:00" testType="13cdc9d9-ddb5-4fa4-a97d-d965ccfc6d4b" outcome="Passed" testListId="8c84fa94-04c1-424b-9868-57a2d4851a1d" relativeResultsDirectory="84cf21be-df59-4707-bdbb-a2cd5532432a" /><UnitTestResult executionId="ac740c5c-6484-48a5-909a-9f4f391e8ae8" testId="467576be-414c-4c3d-8d26-3cf1814c4c5d" testName="GetList_ListReturnsCorrectCount" computerName="VECTOR" duration="00:00:00.0400000" startTime="2018-05-24T17:13:47.1885104-04:00" endTime="2018-05-24T17:13:47.1885166-04:00" testType="13cdc9d9-ddb5-4fa4-a97d-d965ccfc6d4b" outcome="Passed" testListId="8c84fa94-04c1-424b-9868-57a2d4851a1d" relativeResultsDirectory="ac740c5c-6484-48a5-909a-9f4f391e8ae8" /><UnitTestResult executionId="0a5ee21c-406d-48c0-afcd-7cf6278efcbf" testId="3dad4cff-1382-4e46-bd3b-7b2de5ec57dc" testName="Put_InvalidReferencePropertyReturndBadRequest" computerName="VECTOR" duration="00:00:00.0220000" startTime="2018-05-24T17:13:52.7169142-04:00" endTime="2018-05-24T17:13:52.7169256-04:00" testType="13cdc9d9-ddb5-4fa4-a97d-d965ccfc6d4b" outcome="Passed" testListId="8c84fa94-04c1-424b-9868-57a2d4851a1d" relativeResultsDirectory="0a5ee21c-406d-48c0-afcd-7cf6278efcbf" /><UnitTestResult executionId="8d1b2647-066b-4094-bad5-00408271e7ee" testId="ab48bf4e-24c9-4482-8cb0-7aa297f1a6dc" testName="FileRequest_MeshIsInvalidatedAfterDepthBufferFileBecomesUnsynchronized" computerName="VECTOR" duration="00:00:02.6660000" startTime="2018-05-24T17:13:55.7265792-04:00" endTime="2018-05-24T17:13:55.7265891-04:00" testType="13cdc9d9-ddb5-4fa4-a97d-d965ccfc6d4b" outcome="Passed" testListId="8c84fa94-04c1-424b-9868-57a2d4851a1d" relativeResultsDirectory="8d1b2647-066b-4094-bad5-00408271e7ee" /><UnitTestResult executionId="9061852e-883b-4b63-8500-fc1737801fb0" testId="98be03e6-1692-4adf-84cb-e188c77e72cb" testName="PutFile_NewFileCanBePut" computerName="VECTOR" duration="00:00:00.3220000" startTime="2018-05-24T17:13:53.0602839-04:00" endTime="2018-05-24T17:13:53.0602904-04:00" testType="13cdc9d9-ddb5-4fa4-a97d-d965ccfc6d4b" outcome="Passed" testListId="8c84fa94-04c1-424b-9868-57a2d4851a1d" relativeResultsDirectory="9061852e-883b-4b63-8500-fc1737801fb0" /><UnitTestResult executionId="5574bc0b-4ea6-48db-8aad-f5be06f0c72c" testId="73b0b45b-bffc-4690-96f8-accf72a1d6f7" testName="PutFile_NewFileCanBePut" computerName="VECTOR" duration="00:00:00.3560000" startTime="2018-05-24T17:14:12.9924143-04:00" endTime="2018-05-24T17:14:12.9924217-04:00" testType="13cdc9d9-ddb5-4fa4-a97d-d965ccfc6d4b" outcome="Passed" testListId="8c84fa94-04c1-424b-9868-57a2d4851a1d" relativeResultsDirectory="5574bc0b-4ea6-48db-8aad-f5be06f0c72c" /><UnitTestResult executionId="6338edcb-fbb5-4498-b447-ef389e211fe0" testId="4f056d22-ed91-4fbe-9e3d-ce44c13c171b" testName="Put_InvalidIdReturnsNotFound" computerName="VECTOR" duration="00:00:00.0120000" startTime="2018-05-24T17:14:08.0318157-04:00" endTime="2018-05-24T17:14:08.0318217-04:00" testType="13cdc9d9-ddb5-4fa4-a97d-d965ccfc6d4b" outcome="Passed" testListId="8c84fa94-04c1-424b-9868-57a2d4851a1d" relativeResultsDirectory="6338edcb-fbb5-4498-b447-ef389e211fe0" /><UnitTestResult executionId="c348c932-e650-4279-b1b7-c4ac9bfc9bb9" testId="f6ffac3e-2759-478f-9927-b0217d0ed72e" testName="Put_InvalidIdReturnsNotFound" computerName="VECTOR" duration="00:00:00.1400000" startTime="2018-05-24T17:13:46.4981050-04:00" endTime="2018-05-24T17:13:46.4981109-04:00" testType="13cdc9d9-ddb5-4fa4-a97d-d965ccfc6d4b" outcome="Passed" testListId="8c84fa94-04c1-424b-9868-57a2d4851a1d" relativeResultsDirectory="c348c932-e650-4279-b1b7-c4ac9bfc9bb9" /><UnitTestResult executionId="79575c64-bc4b-4e3a-a222-06d716de6564" testId="1bde2bb3-7d93-4ad0-b3da-407df8003f1b" testName="Put_InvalidReferencePropertyReturndBadRequest" computerName="VECTOR" duration="00:00:00.0400000" startTime="2018-05-24T17:13:44.1941681-04:00" endTime="2018-05-24T17:13:44.1941755-04:00" testType="13cdc9d9-ddb5-4fa4-a97d-d965ccfc6d4b" outcome="Passed" testListId="8c84fa94-04c1-424b-9868-57a2d4851a1d" relativeResultsDirectory="79575c64-bc4b-4e3a-a222-06d716de6564" /><UnitTestResult executionId="4674ce8b-649f-43e5-81b2-102305867515" testId="4830a048-06e2-4b8b-85b9-ab41854bfa83" testName="GetList_ListReturnsCorrectCount" computerName="VECTOR" duration="00:00:00.0920000" startTime="2018-05-24T17:13:41.2958196-04:00" endTime="2018-05-24T17:13:41.2958256-04:00" testType="13cdc9d9-ddb5-4fa4-a97d-d965ccfc6d4b" outcome="Passed" testListId="8c84fa94-04c1-424b-9868-57a2d4851a1d" relativeResultsDirectory="4674ce8b-649f-43e5-81b2-102305867515" /><UnitTestResult executionId="60dd55d0-2a32-4145-814e-f6495140052a" testId="3719e4ac-2c59-4b17-97ca-1fdd5ffcdae6" testName="Patch_InvalidEnumPropertyValueReturnsBadRequest" computerName="VECTOR" duration="00:00:00.0130000" startTime="2018-05-24T17:13:51.6904260-04:00" endTime="2018-05-24T17:13:51.6904383-04:00" testType="13cdc9d9-ddb5-4fa4-a97d-d965ccfc6d4b" outcome="Passed" testListId="8c84fa94-04c1-424b-9868-57a2d4851a1d" relativeResultsDirectory="60dd55d0-2a32-4145-814e-f6495140052a" /><UnitTestResult executionId="9d6c5290-9953-447c-8266-118bf324b7bb" testId="aa971310-4aee-45e4-b8e1-140a92b00e37" testName="GetSingle_InvalidIdPropertyValueReturnsNotFound" computerName="VECTOR" duration="00:00:00.0200000" startTime="2018-05-24T17:13:42.5819754-04:00" endTime="2018-05-24T17:13:42.5819814-04:00" testType="13cdc9d9-ddb5-4fa4-a97d-d965ccfc6d4b" outcome="Passed" testListId="8c84fa94-04c1-424b-9868-57a2d4851a1d" relativeResultsDirectory="9d6c5290-9953-447c-8266-118bf324b7bb" /><UnitTestResult executionId="fbca60bd-35be-4dfc-b445-0bd54f0f2e7a" testId="314aa681-3841-4348-9360-2c4d34fbf63e" testName="Put_CanUpdateModel" computerName="VECTOR" duration="00:00:00.4590000" startTime="2018-05-24T17:13:42.5616333-04:00" endTime="2018-05-24T17:13:42.5616398-04:00" testType="13cdc9d9-ddb5-4fa4-a97d-d965ccfc6d4b" outcome="Passed" testListId="8c84fa94-04c1-424b-9868-57a2d4851a1d" relativeResultsDirectory="fbca60bd-35be-4dfc-b445-0bd54f0f2e7a" /><UnitTestResult executionId="01b50566-2d82-45c6-8a0f-f49b59a26493" testId="a44b67c2-42f2-4245-a81c-dbb409feb533" testName="FileRequest_FileCanBeReadAfterRename" computerName="VECTOR" duration="00:00:00.5250000" startTime="2018-05-24T17:13:45.6933447-04:00" endTime="2018-05-24T17:13:45.6933506-04:00" testType="13cdc9d9-ddb5-4fa4-a97d-d965ccfc6d4b" outcome="Passed" testListId="8c84fa94-04c1-424b-9868-57a2d4851a1d" relativeResultsDirectory="01b50566-2d82-45c6-8a0f-f49b59a26493" /><UnitTestResult executionId="904edbe2-e2b7-4499-b06c-ced729237c71" testId="cd404a79-23f8-4f4d-9673-533ba7bcabb7" testName="Patch_ValidReferencePropertyUpdatesModel" computerName="VECTOR" duration="00:00:00.3410000" startTime="2018-05-24T17:13:48.1280866-04:00" endTime="2018-05-24T17:13:48.1280988-04:00" testType="13cdc9d9-ddb5-4fa4-a97d-d965ccfc6d4b" outcome="Passed" testListId="8c84fa94-04c1-424b-9868-57a2d4851a1d" relativeResultsDirectory="904edbe2-e2b7-4499-b06c-ced729237c71" /><UnitTestResult executionId="9e6a9c87-210d-40f5-b62f-997a21497f70" testId="a7aa25f5-418d-4ce2-9852-c6aeef96c302" testName="GetSingle_InvalidIdPropertyValueReturnsNotFound" computerName="VECTOR" duration="00:00:00.0120000" startTime="2018-05-24T17:13:48.7642839-04:00" endTime="2018-05-24T17:13:48.7642890-04:00" testType="13cdc9d9-ddb5-4fa4-a97d-d965ccfc6d4b" outcome="Passed" testListId="8c84fa94-04c1-424b-9868-57a2d4851a1d" relativeResultsDirectory="9e6a9c87-210d-40f5-b62f-997a21497f70" /><UnitTestResult executionId="2b3979a8-aedd-47f5-8b9a-2fd08c527ad5" testId="f4b2f654-8a04-46b8-b73d-c51f7f8aeb42" testName="Patch_InvalidReferencePropertyReturnsBadRequest" computerName="VECTOR" duration="00:00:00.0180000" startTime="2018-05-24T17:14:07.9932507-04:00" endTime="2018-05-24T17:14:07.9932558-04:00" testType="13cdc9d9-ddb5-4fa4-a97d-d965ccfc6d4b" outcome="Passed" testListId="8c84fa94-04c1-424b-9868-57a2d4851a1d" relativeResultsDirectory="2b3979a8-aedd-47f5-8b9a-2fd08c527ad5" /><UnitTestResult executionId="d9bed6d6-5379-416a-938f-b38115d3d734" testId="32a67d41-5dc1-4ba0-9952-4a986fccb056" testName="Delete_TargetModelIsDeleted" computerName="VECTOR" duration="00:00:00.6160000" startTime="2018-05-24T17:13:40.3172613-04:00" endTime="2018-05-24T17:13:40.3172676-04:00" testType="13cdc9d9-ddb5-4fa4-a97d-d965ccfc6d4b" outcome="Passed" testListId="8c84fa94-04c1-424b-9868-57a2d4851a1d" relativeResultsDirectory="d9bed6d6-5379-416a-938f-b38115d3d734" /><UnitTestResult executionId="1364a35c-2c00-485a-84ea-b8b3276307a2" testId="6b0685bf-91e4-46a5-b130-a6299b8a6479" testName="Patch_InvalidEnumPropertyValueReturnsBadRequest" computerName="VECTOR" duration="00:00:00.0010000" startTime="2018-05-24T17:14:14.5234276-04:00" endTime="2018-05-24T17:14:14.5234287-04:00" testType="13cdc9d9-ddb5-4fa4-a97d-d965ccfc6d4b" outcome="Passed" testListId="8c84fa94-04c1-424b-9868-57a2d4851a1d" relativeResultsDirectory="1364a35c-2c00-485a-84ea-b8b3276307a2" /><UnitTestResult executionId="e4b11ca4-8d10-4c47-847d-9ed155b20bbb" testId="979fe60f-6e44-420b-b4ad-53833791d632" testName="GetSingle_InvalidIdPropertyValueReturnsNotFound" computerName="VECTOR" duration="00:00:00.0050000" startTime="2018-05-24T17:13:52.2412848-04:00" endTime="2018-05-24T17:13:52.2412885-04:00" testType="13cdc9d9-ddb5-4fa4-a97d-d965ccfc6d4b" outcome="Passed" testListId="8c84fa94-04c1-424b-9868-57a2d4851a1d" relativeResultsDirectory="e4b11ca4-8d10-4c47-847d-9ed155b20bbb" /><UnitTestResult executionId="ec51824d-1e05-4a8a-b556-e4e41a4cef1d" testId="f38c8648-9b7b-47d9-a535-883111e81efb" testName="Put_InvalidReferencePropertyReturndBadRequest" computerName="VECTOR" duration="00:00:00.0020000" startTime="2018-05-24T17:13:41.2997768-04:00" endTime="2018-05-24T17:13:41.2997793-04:00" testType="13cdc9d9-ddb5-4fa4-a97d-d965ccfc6d4b" outcome="Passed" testListId="8c84fa94-04c1-424b-9868-57a2d4851a1d" relativeResultsDirectory="ec51824d-1e05-4a8a-b556-e4e41a4cef1d" /><UnitTestResult executionId="2e862f23-b3be-4073-8686-5c72adf39e23" testId="a4013eb0-231a-4dd6-9f9a-761546bdeb2b" testName="Post_InvalidPropertyValueReturnsBadRequest" computerName="VECTOR" duration="00:00:00.0030000" startTime="2018-05-24T17:14:15.1550025-04:00" endTime="2018-05-24T17:14:15.1550048-04:00" testType="13cdc9d9-ddb5-4fa4-a97d-d965ccfc6d4b" outcome="Passed" testListId="8c84fa94-04c1-424b-9868-57a2d4851a1d" relativeResultsDirectory="2e862f23-b3be-4073-8686-5c72adf39e23" /><UnitTestResult executionId="55adcb1e-d2f4-4aaa-b426-22c08274762c" testId="68533a80-8645-4217-8d72-3fc384446485" testName="PostFile_FileTimeStampIsUpdatedAfterFileIsPosted" computerName="VECTOR" duration="00:00:00.0020000" startTime="2018-05-24T17:13:44.1963758-04:00" endTime="2018-05-24T17:13:44.1963795-04:00" testType="13cdc9d9-ddb5-4fa4-a97d-d965ccfc6d4b" outcome="Passed" testListId="8c84fa94-04c1-424b-9868-57a2d4851a1d" relativeResultsDirectory="55adcb1e-d2f4-4aaa-b426-22c08274762c" /><UnitTestResult executionId="c7d8f262-3391-440a-a99c-8ce8fb7e46bb" testId="ce8e3e4f-ffd0-4ea8-929a-07cb1376b66a" testName="Patch_TargetPropertyIsUpdated" computerName="VECTOR" duration="00:00:00.2910000" startTime="2018-05-24T17:14:07.5159590-04:00" endTime="2018-05-24T17:14:07.5159650-04:00" testType="13cdc9d9-ddb5-4fa4-a97d-d965ccfc6d4b" outcome="Passed" testListId="8c84fa94-04c1-424b-9868-57a2d4851a1d" relativeResultsDirectory="c7d8f262-3391-440a-a99c-8ce8fb7e46bb" /><UnitTestResult executionId="abe47eb9-53d4-4bac-bada-07fcb9b5c74a" testId="561942bf-e93f-447d-a3b9-e91b0091c177" testName="Model3dHasExpectedDependentFiles" computerName="VECTOR" duration="00:00:00.0360000" startTime="2018-05-24T17:13:38.8049366-04:00" endTime="2018-05-24T17:13:38.8049451-04:00" testType="13cdc9d9-ddb5-4fa4-a97d-d965ccfc6d4b" outcome="Passed" testListId="8c84fa94-04c1-424b-9868-57a2d4851a1d" relativeResultsDirectory="abe47eb9-53d4-4bac-bada-07fcb9b5c74a" /><UnitTestResult executionId="2d61b1bb-bddc-4e81-8adb-0df12cedc7f5" testId="54666aba-e49e-4824-83ac-c0f7e07e8482" testName="Patch_InvalidReferencePropertyReturnsBadRequest" computerName="VECTOR" duration="00:00:00.0300000" startTime="2018-05-24T17:13:52.2243833-04:00" endTime="2018-05-24T17:13:52.2243898-04:00" testType="13cdc9d9-ddb5-4fa4-a97d-d965ccfc6d4b" outcome="Passed" testListId="8c84fa94-04c1-424b-9868-57a2d4851a1d" relativeResultsDirectory="2d61b1bb-bddc-4e81-8adb-0df12cedc7f5" /><UnitTestResult executionId="fc7c61b1-f96e-4f77-880e-ace10fa70343" testId="976acc33-2a07-4d8b-922b-a53cbdc2962f" testName="GetFile_FileCanBeRoundTripped" computerName="VECTOR" duration="00:00:00.3490000" startTime="2018-05-24T17:13:46.3444210-04:00" endTime="2018-05-24T17:13:46.3444270-04:00" testType="13cdc9d9-ddb5-4fa4-a97d-d965ccfc6d4b" outcome="Passed" testListId="8c84fa94-04c1-424b-9868-57a2d4851a1d" relativeResultsDirectory="fc7c61b1-f96e-4f77-880e-ace10fa70343" /><UnitTestResult executionId="f8633e6c-9751-4a9b-a9de-1fe44d61e0da" testId="9c378b3e-c6b6-42f7-a681-3a91017cd856" testName="Post_ValidReferencePropertyCreatesModel" computerName="VECTOR" duration="00:00:00.1730000" startTime="2018-05-24T17:14:15.0943144-04:00" endTime="2018-05-24T17:14:15.0943266-04:00" testType="13cdc9d9-ddb5-4fa4-a97d-d965ccfc6d4b" outcome="Passed" testListId="8c84fa94-04c1-424b-9868-57a2d4851a1d" relativeResultsDirectory="f8633e6c-9751-4a9b-a9de-1fe44d61e0da" /><UnitTestResult executionId="f4a576d5-8e0d-4225-a0d4-cbcb75e9e30f" testId="f02cc9be-86e7-49c9-96a2-a98872130562" testName="Post_InvalidPropertyValueReturnsBadRequest" computerName="VECTOR" duration="00:00:00.0030000" startTime="2018-05-24T17:14:08.0347906-04:00" endTime="2018-05-24T17:14:08.0347938-04:00" testType="13cdc9d9-ddb5-4fa4-a97d-d965ccfc6d4b" outcome="Passed" testListId="8c84fa94-04c1-424b-9868-57a2d4851a1d" relativeResultsDirectory="f4a576d5-8e0d-4225-a0d4-cbcb75e9e30f" /><UnitTestResult executionId="33cac819-c7f3-46b5-b6b9-7db4a00c883b" testId="d035d34e-3fe1-4362-b576-3d7c4e377403" testName="Put_InvalidIdReturnsNotFound" computerName="VECTOR" duration="00:00:00.0590000" startTime="2018-05-24T17:13:42.6415972-04:00" endTime="2018-05-24T17:13:42.6416032-04:00" testType="13cdc9d9-ddb5-4fa4-a97d-d965ccfc6d4b" outcome="Passed" testListId="8c84fa94-04c1-424b-9868-57a2d4851a1d" relativeResultsDirectory="33cac819-c7f3-46b5-b6b9-7db4a00c883b" /><UnitTestResult executionId="187aa82a-8da9-46b2-a842-d0a25ee04456" testId="2297255c-4c92-4cf0-a4b7-c8ecfc581557" testName="Post_InvalidPropertyValueReturnsBadRequest" computerName="VECTOR" duration="00:00:00.0050000" startTime="2018-05-24T17:13:52.7227490-04:00" endTime="2018-05-24T17:13:52.7227564-04:00" testType="13cdc9d9-ddb5-4fa4-a97d-d965ccfc6d4b" outcome="Passed" testListId="8c84fa94-04c1-424b-9868-57a2d4851a1d" relativeResultsDirectory="187aa82a-8da9-46b2-a842-d0a25ee04456" /><UnitTestResult executionId="bf68ffe9-dfe8-4af1-a190-9b55e56b0948" testId="12551499-008f-4833-b716-8171f82b3adc" testName="Post_InvalidReferencePropertyReturnsBadRequest" computerName="VECTOR" duration="00:00:00.0070000" startTime="2018-05-24T17:14:08.0115486-04:00" endTime="2018-05-24T17:14:08.0115549-04:00" testType="13cdc9d9-ddb5-4fa4-a97d-d965ccfc6d4b" outcome="Passed" testListId="8c84fa94-04c1-424b-9868-57a2d4851a1d" relativeResultsDirectory="bf68ffe9-dfe8-4af1-a190-9b55e56b0948" /><UnitTestResult executionId="746a7dfa-ba00-428a-8d24-461b748ad6b8" testId="5377f95b-323b-4fa5-a3ca-ff0eb08d2869" testName="GetFile_ExistingFileReturnsSuccess" computerName="VECTOR" duration="00:00:00.0380000" startTime="2018-05-24T17:14:08.9872184-04:00" endTime="2018-05-24T17:14:08.9872252-04:00" testType="13cdc9d9-ddb5-4fa4-a97d-d965ccfc6d4b" outcome="Passed" testListId="8c84fa94-04c1-424b-9868-57a2d4851a1d" relativeResultsDirectory="746a7dfa-ba00-428a-8d24-461b748ad6b8" /><UnitTestResult executionId="3bd4969b-b646-41c2-888a-f86cceb590c2" testId="8178bf28-36f2-4580-b5e1-93afa736591b" testName="FileRequest_DepthBufferIsInvalidatedAfterCameraDependencyPropertyChange" computerName="VECTOR" duration="00:00:01.1890000" startTime="2018-05-24T17:14:12.6241848-04:00" endTime="2018-05-24T17:14:12.6241913-04:00" testType="13cdc9d9-ddb5-4fa4-a97d-d965ccfc6d4b" outcome="Passed" testListId="8c84fa94-04c1-424b-9868-57a2d4851a1d" relativeResultsDirectory="3bd4969b-b646-41c2-888a-f86cceb590c2" /><UnitTestResult executionId="af553278-1be2-4113-9604-4f7d79c0b257" testId="b3dbbe7d-835b-46a4-af75-22d2596311db" testName="Patch_MultipleInvalidReferencePropertiesReturnsMultipleValidationErrorsAndBadRequest" computerName="VECTOR" duration="00:00:00.0110000" startTime="2018-05-24T17:14:08.0045971-04:00" endTime="2018-05-24T17:14:08.0046031-04:00" testType="13cdc9d9-ddb5-4fa4-a97d-d965ccfc6d4b" outcome="Passed" testListId="8c84fa94-04c1-424b-9868-57a2d4851a1d" relativeResultsDirectory="af553278-1be2-4113-9604-4f7d79c0b257" /><UnitTestResult executionId="ce9e474e-abb4-4846-9123-78a624d7c6e1" testId="40a9289b-d187-44ad-bdcb-f551ae7aa08f" testName="Post_ValidReferencePropertyCreatesModel" computerName="VECTOR" duration="00:00:00.2290000" startTime="2018-05-24T17:14:08.5653374-04:00" endTime="2018-05-24T17:14:08.5653457-04:00" testType="13cdc9d9-ddb5-4fa4-a97d-d965ccfc6d4b" outcome="Passed" testListId="8c84fa94-04c1-424b-9868-57a2d4851a1d" relativeResultsDirectory="ce9e474e-abb4-4846-9123-78a624d7c6e1" /><UnitTestResult executionId="6da6050f-b246-4815-9808-2da2d8d04123" testId="ddcf0028-865e-4e1d-be7a-e3734aef9a96" testName="DepthBufferHasExpectedDependentFiles" computerName="VECTOR" duration="00:00:00.0010000" startTime="2018-05-24T17:13:39.1853276-04:00" endTime="2018-05-24T17:13:39.1853288-04:00" testType="13cdc9d9-ddb5-4fa4-a97d-d965ccfc6d4b" outcome="Passed" testListId="8c84fa94-04c1-424b-9868-57a2d4851a1d" relativeResultsDirectory="6da6050f-b246-4815-9808-2da2d8d04123" /><UnitTestResult executionId="abe71561-b912-4554-8b8f-d777bb9f459a" testId="20a006ed-4d9f-48dc-9fc5-f0c1f8681dce" testName="PostFile_FileTimeStampIsUpdatedAfterFileIsPosted" computerName="VECTOR" duration="00:00:01.5200000" startTime="2018-05-24T17:14:10.5073804-04:00" endTime="2018-05-24T17:14:10.5073875-04:00" testType="13cdc9d9-ddb5-4fa4-a97d-d965ccfc6d4b" outcome="Passed" testListId="8c84fa94-04c1-424b-9868-57a2d4851a1d" relativeResultsDirectory="abe71561-b912-4554-8b8f-d777bb9f459a" /><UnitTestResult executionId="5551204f-e499-4d41-9e3f-9fadbf1d1564" testId="e728606c-7b6a-4a9a-a835-ac977f822247" testName="PostFile_FileIsSynchronizedIsUpdatedAfterFileIsPosted" computerName="VECTOR" duration="00:00:00.4740000" startTime="2018-05-24T17:14:02.3913418-04:00" endTime="2018-05-24T17:14:02.3913487-04:00" testType="13cdc9d9-ddb5-4fa4-a97d-d965ccfc6d4b" outcome="Passed" testListId="8c84fa94-04c1-424b-9868-57a2d4851a1d" relativeResultsDirectory="5551204f-e499-4d41-9e3f-9fadbf1d1564" /><UnitTestResult executionId="f37df8cf-a39f-4c03-b51b-a2b8de4877b9" testId="519b4b19-c2e7-4952-bd8b-2ce320c61ab2" testName="Patch_InvalidIdPropertyReturnsNotFound" computerName="VECTOR" duration="00:00:00.0050000" startTime="2018-05-24T17:13:52.2360838-04:00" endTime="2018-05-24T17:13:52.2360873-04:00" testType="13cdc9d9-ddb5-4fa4-a97d-d965ccfc6d4b" outcome="Passed" testListId="8c84fa94-04c1-424b-9868-57a2d4851a1d" relativeResultsDirectory="f37df8cf-a39f-4c03-b51b-a2b8de4877b9" /><UnitTestResult executionId="fcc45e39-06cf-426c-b49c-db978c15f1c2" testId="728f15cf-1457-4db2-9876-b2523e543fc2" testName="PostFile_FileIsSynchronizedIsUpdatedAfterFileIsPosted" computerName="VECTOR" duration="00:00:00.3640000" startTime="2018-05-24T17:14:13.3571766-04:00" endTime="2018-05-24T17:14:13.3571829-04:00" testType="13cdc9d9-ddb5-4fa4-a97d-d965ccfc6d4b" outcome="Passed" testListId="8c84fa94-04c1-424b-9868-57a2d4851a1d" relativeResultsDirectory="fcc45e39-06cf-426c-b49c-db978c15f1c2" /><UnitTestResult executionId="7e3cdb78-13fb-4c50-8c16-c15e45031b40" testId="f8c3b525-314e-44ec-841e-d384ebd7ef18" testName="Put_CanUpdateModel" computerName="VECTOR" duration="00:00:00.7150000" startTime="2018-05-24T17:13:51.3172161-04:00" endTime="2018-05-24T17:13:51.3172227-04:00" testType="13cdc9d9-ddb5-4fa4-a97d-d965ccfc6d4b" outcome="Passed" testListId="8c84fa94-04c1-424b-9868-57a2d4851a1d" relativeResultsDirectory="7e3cdb78-13fb-4c50-8c16-c15e45031b40" /><UnitTestResult executionId="2904f213-a0eb-456b-a219-9055c1630573" testId="b3fb3668-760d-4bbb-a691-123088795665" testName="Put_ValidReferencePropertyUpdatesModel" computerName="VECTOR" duration="00:00:00.4570000" startTime="2018-05-24T17:14:07.9749978-04:00" endTime="2018-05-24T17:14:07.9750038-04:00" testType="13cdc9d9-ddb5-4fa4-a97d-d965ccfc6d4b" outcome="Passed" testListId="8c84fa94-04c1-424b-9868-57a2d4851a1d" relativeResultsDirectory="2904f213-a0eb-456b-a219-9055c1630573" /><UnitTestResult executionId="66774f44-da1d-41c0-9934-fc19bd5baa73" testId="1e2e1fdf-a143-43bd-ac61-041afd9d0dd6" testName="Delete_TargetModelIsDeleted" computerName="VECTOR" duration="00:00:00.2540000" startTime="2018-05-24T17:13:44.1537520-04:00" endTime="2018-05-24T17:13:44.1537642-04:00" testType="13cdc9d9-ddb5-4fa4-a97d-d965ccfc6d4b" outcome="Passed" testListId="8c84fa94-04c1-424b-9868-57a2d4851a1d" relativeResultsDirectory="66774f44-da1d-41c0-9934-fc19bd5baa73" /><UnitTestResult executionId="0ba6bb6f-7817-4746-a9d7-25a8abaa9e5a" testId="6c3ceb62-a973-4f78-978d-71a40f691020" testName="Patch_InvalidReferencePropertyReturnsBadRequest" computerName="VECTOR" duration="00:00:00.0190000" startTime="2018-05-24T17:14:15.4864262-04:00" endTime="2018-05-24T17:14:15.4864322-04:00" testType="13cdc9d9-ddb5-4fa4-a97d-d965ccfc6d4b" outcome="Passed" testListId="8c84fa94-04c1-424b-9868-57a2d4851a1d" relativeResultsDirectory="0ba6bb6f-7817-4746-a9d7-25a8abaa9e5a" /><UnitTestResult executionId="39d28494-67ee-4c58-a0e0-8fa2e23563bc" testId="a1b5cfbf-d782-47dd-8ec9-f2df8ca6ea57" testName="Put_CanUpdateModel" computerName="VECTOR" duration="00:00:00.2900000" startTime="2018-05-24T17:13:48.7517119-04:00" endTime="2018-05-24T17:13:48.7517179-04:00" testType="13cdc9d9-ddb5-4fa4-a97d-d965ccfc6d4b" outcome="Passed" testListId="8c84fa94-04c1-424b-9868-57a2d4851a1d" relativeResultsDirectory="39d28494-67ee-4c58-a0e0-8fa2e23563bc" /><UnitTestResult executionId="25bc4c15-3628-41eb-b095-76d7a78e76b6" testId="8c019632-b57b-4883-8c7b-96be2c40c1c3" testName="PutFile_NewFileCanBePut" computerName="VECTOR" duration="00:00:00.4220000" startTime="2018-05-24T17:13:44.6191971-04:00" endTime="2018-05-24T17:13:44.6192034-04:00" testType="13cdc9d9-ddb5-4fa4-a97d-d965ccfc6d4b" outcome="Passed" testListId="8c84fa94-04c1-424b-9868-57a2d4851a1d" relativeResultsDirectory="25bc4c15-3628-41eb-b095-76d7a78e76b6" /><UnitTestResult executionId="9432e4e6-56f2-4719-b561-a72348bb262f" testId="259a5001-a998-477f-8a4f-eb226a2892fc" testName="PutFile_FileCanBeUpdated" computerName="VECTOR" duration="00:00:00.5270000" startTime="2018-05-24T17:13:56.6284703-04:00" endTime="2018-05-24T17:13:56.6284823-04:00" testType="13cdc9d9-ddb5-4fa4-a97d-d965ccfc6d4b" outcome="Passed" testListId="8c84fa94-04c1-424b-9868-57a2d4851a1d" relativeResultsDirectory="9432e4e6-56f2-4719-b561-a72348bb262f" /><UnitTestResult executionId="5d55fad2-b996-475b-9ce9-b214c1adc23f" testId="d7839bc0-dca0-4cc7-afd5-a35fbca35162" testName="FileRequest_FileCanBeReadAfterRename" computerName="VECTOR" duration="00:00:00.4430000" startTime="2018-05-24T17:14:11.4346536-04:00" endTime="2018-05-24T17:14:11.4346656-04:00" testType="13cdc9d9-ddb5-4fa4-a97d-d965ccfc6d4b" outcome="Passed" testListId="8c84fa94-04c1-424b-9868-57a2d4851a1d" relativeResultsDirectory="5d55fad2-b996-475b-9ce9-b214c1adc23f" /><UnitTestResult executionId="4b367f90-aa61-4b55-beab-04d0bde0d9df" testId="5b5549df-dea6-47ed-b2a1-ebfd4d412565" testName="PostFile_NewFileCanBePosted" computerName="VECTOR" duration="00:00:00.3400000" startTime="2018-05-24T17:13:58.4914937-04:00" endTime="2018-05-24T17:13:58.4914997-04:00" testType="13cdc9d9-ddb5-4fa4-a97d-d965ccfc6d4b" outcome="Passed" testListId="8c84fa94-04c1-424b-9868-57a2d4851a1d" relativeResultsDirectory="4b367f90-aa61-4b55-beab-04d0bde0d9df" /><UnitTestResult executionId="c7e4eedd-d49e-4806-8d94-5387ab6553c5" testId="2f661cbe-4415-43f5-bdf0-c3af24a79bf6" testName="GetFile_NonExistentFileReturnsNotFound" computerName="VECTOR" duration="00:00:00.0120000" startTime="2018-05-24T17:13:46.3563240-04:00" endTime="2018-05-24T17:13:46.3563300-04:00" testType="13cdc9d9-ddb5-4fa4-a97d-d965ccfc6d4b" outcome="Passed" testListId="8c84fa94-04c1-424b-9868-57a2d4851a1d" relativeResultsDirectory="c7e4eedd-d49e-4806-8d94-5387ab6553c5" /><UnitTestResult executionId="c33682c8-d60e-4285-b3c5-04e7160edf2e" testId="80eaab64-7e58-4a86-ac2c-e841c62e12f2" testName="PostFile_FileTimeStampIsUpdatedAfterFileIsPosted" computerName="VECTOR" duration="00:00:01.4620000" startTime="2018-05-24T17:13:58.1511007-04:00" endTime="2018-05-24T17:13:58.1511070-04:00" testType="13cdc9d9-ddb5-4fa4-a97d-d965ccfc6d4b" outcome="Passed" testListId="8c84fa94-04c1-424b-9868-57a2d4851a1d" relativeResultsDirectory="c33682c8-d60e-4285-b3c5-04e7160edf2e" /><UnitTestResult executionId="a3cb0c69-7cdf-4563-ba2a-9db77a6978a9" testId="15854e60-cf4b-4596-bb38-cecc69772a40" testName="GetFile_FileCanBeRoundTripped" computerName="VECTOR" duration="00:00:00.3740000" startTime="2018-05-24T17:13:56.1006407-04:00" endTime="2018-05-24T17:13:56.1006469-04:00" testType="13cdc9d9-ddb5-4fa4-a97d-d965ccfc6d4b" outcome="Passed" testListId="8c84fa94-04c1-424b-9868-57a2d4851a1d" relativeResultsDirectory="a3cb0c69-7cdf-4563-ba2a-9db77a6978a9" /><UnitTestResult executionId="9afe50b9-3537-4ccf-b01c-e5e66eefb03b" testId="adfccf5d-2a96-4cb1-a75d-12f16fa451b9" testName="CameraHasExpectedDependentFiles" computerName="VECTOR" duration="00:00:00.0010000" startTime="2018-05-24T17:13:39.1818441-04:00" endTime="2018-05-24T17:13:39.1818455-04:00" testType="13cdc9d9-ddb5-4fa4-a97d-d965ccfc6d4b" outcome="Passed" testListId="8c84fa94-04c1-424b-9868-57a2d4851a1d" relativeResultsDirectory="9afe50b9-3537-4ccf-b01c-e5e66eefb03b" /><UnitTestResult executionId="c0194a35-7e55-45e7-93f7-964253994c14" testId="06352111-6d56-4214-8a84-c69144767476" testName="Delete_TargetModelIsDeleted" computerName="VECTOR" duration="00:00:00.3340000" startTime="2018-05-24T17:13:46.8481836-04:00" endTime="2018-05-24T17:13:46.8482069-04:00" testType="13cdc9d9-ddb5-4fa4-a97d-d965ccfc6d4b" outcome="Passed" testListId="8c84fa94-04c1-424b-9868-57a2d4851a1d" relativeResultsDirectory="c0194a35-7e55-45e7-93f7-964253994c14" /><UnitTestResult executionId="1aa212de-1735-4c2f-b635-6fb15f8b5823" testId="3db0ec68-b8ba-4d6c-9e56-824904026338" testName="GetFile_FileCanBeRoundTripped" computerName="VECTOR" duration="00:00:00.3330000" startTime="2018-05-24T17:14:14.0828483-04:00" endTime="2018-05-24T17:14:14.0828591-04:00" testType="13cdc9d9-ddb5-4fa4-a97d-d965ccfc6d4b" outcome="Passed" testListId="8c84fa94-04c1-424b-9868-57a2d4851a1d" relativeResultsDirectory="1aa212de-1735-4c2f-b635-6fb15f8b5823" /><UnitTestResult executionId="fdf89101-78f1-40a0-a04d-d15c72924b1e" testId="556add8b-06fb-4f41-bcc4-8b842190ada6" testName="Post_InvalidPropertyValueReturnsBadRequest" computerName="VECTOR" duration="00:00:00.0050000" startTime="2018-05-24T17:13:47.5244899-04:00" endTime="2018-05-24T17:13:47.5244973-04:00" testType="13cdc9d9-ddb5-4fa4-a97d-d965ccfc6d4b" outcome="Passed" testListId="8c84fa94-04c1-424b-9868-57a2d4851a1d" relativeResultsDirectory="fdf89101-78f1-40a0-a04d-d15c72924b1e" /><UnitTestResult executionId="da006002-1b29-4a08-9a8d-a2ae70087a1a" testId="92ce5c05-a952-4dfb-a5e6-284d8046ce60" testName="Patch_InvalidEnumPropertyValueReturnsBadRequest" computerName="VECTOR" duration="00:00:00.0020000" startTime="2018-05-24T17:13:40.9147509-04:00" endTime="2018-05-24T17:13:40.9147532-04:00" testType="13cdc9d9-ddb5-4fa4-a97d-d965ccfc6d4b" outcome="Passed" testListId="8c84fa94-04c1-424b-9868-57a2d4851a1d" relativeResultsDirectory="da006002-1b29-4a08-9a8d-a2ae70087a1a" /><UnitTestResult executionId="943246aa-4268-4900-8bb4-05f526527730" testId="ed7f7aa9-47a0-47cd-bf29-1e7b0b262a87" testName="Delete_TargetModelIsDeleted" computerName="VECTOR" duration="00:00:00.1660000" startTime="2018-05-24T17:14:14.4823247-04:00" endTime="2018-05-24T17:14:14.4823306-04:00" testType="13cdc9d9-ddb5-4fa4-a97d-d965ccfc6d4b" outcome="Passed" testListId="8c84fa94-04c1-424b-9868-57a2d4851a1d" relativeResultsDirectory="943246aa-4268-4900-8bb4-05f526527730" /><UnitTestResult executionId="f01e39a3-7321-4e65-bee7-dbfd77dcde39" testId="f4c0c1a0-6785-47ee-ac21-c4ad48af061e" testName="GetFile_ExistingFileReturnsSuccess" computerName="VECTOR" duration="00:00:00.0810000" startTime="2018-05-24T17:13:45.1680130-04:00" endTime="2018-05-24T17:13:45.1680202-04:00" testType="13cdc9d9-ddb5-4fa4-a97d-d965ccfc6d4b" outcome="Passed" testListId="8c84fa94-04c1-424b-9868-57a2d4851a1d" relativeResultsDirectory="f01e39a3-7321-4e65-bee7-dbfd77dcde39" /><UnitTestResult executionId="c53c845b-2072-47d7-934c-268ba979b5f5" testId="4e2810c2-3e29-4a64-ba41-56f78c8e2271" testName="PutFile_FileCanBeUpdated" computerName="VECTOR" duration="00:00:00.4830000" startTime="2018-05-24T17:14:10.9909518-04:00" endTime="2018-05-24T17:14:10.9909580-04:00" testType="13cdc9d9-ddb5-4fa4-a97d-d965ccfc6d4b" outcome="Passed" testListId="8c84fa94-04c1-424b-9868-57a2d4851a1d" relativeResultsDirectory="c53c845b-2072-47d7-934c-268ba979b5f5" /><UnitTestResult executionId="d97ddc1c-7c1c-495c-86ba-0fdba004a1b6" testId="2df892ea-a3e1-4176-9a8b-26a83e758f99" testName="GetSingle_ValidIdPropertyValueReturnsCorrectModel" computerName="VECTOR" duration="00:00:00.0060000" startTime="2018-05-24T17:13:42.6570815-04:00" endTime="2018-05-24T17:13:42.6570872-04:00" testType="13cdc9d9-ddb5-4fa4-a97d-d965ccfc6d4b" outcome="Passed" testListId="8c84fa94-04c1-424b-9868-57a2d4851a1d" relativeResultsDirectory="d97ddc1c-7c1c-495c-86ba-0fdba004a1b6" /><UnitTestResult executionId="01da1a87-294d-4e97-ad8e-0ca7f4579a3a" testId="93d49c5c-cdf9-4378-9683-236bacd60c62" testName="Patch_TargetPropertyIsUpdated" computerName="VECTOR" duration="00:00:00.2990000" startTime="2018-05-24T17:14:16.0901400-04:00" endTime="2018-05-24T17:14:16.0901463-04:00" testType="13cdc9d9-ddb5-4fa4-a97d-d965ccfc6d4b" outcome="Passed" testListId="8c84fa94-04c1-424b-9868-57a2d4851a1d" relativeResultsDirectory="01da1a87-294d-4e97-ad8e-0ca7f4579a3a" /><UnitTestResult executionId="fa828932-2003-4aa0-b4c7-65b4f5351703" testId="54a7c673-c540-467a-baa8-d8aa39105ecf" testName="Post_InvalidPropertyValueReturnsBadRequest" computerName="VECTOR" duration="00:00:00.0100000" startTime="2018-05-24T17:13:41.3190830-04:00" endTime="2018-05-24T17:13:41.3190889-04:00" testType="13cdc9d9-ddb5-4fa4-a97d-d965ccfc6d4b" outcome="Passed" testListId="8c84fa94-04c1-424b-9868-57a2d4851a1d" relativeResultsDirectory="fa828932-2003-4aa0-b4c7-65b4f5351703" /><UnitTestResult executionId="1bb889f5-54bc-41e8-848d-d0094a95c93e" testId="936a87d5-d789-487e-871b-ece56a04012b" testName="FileRequest_MeshGenerateSetsFileIsSynchronized" computerName="VECTOR" duration="00:00:03.4250000" startTime="2018-05-24T17:14:01.9170916-04:00" endTime="2018-05-24T17:14:01.9170979-04:00" testType="13cdc9d9-ddb5-4fa4-a97d-d965ccfc6d4b" outcome="Passed" testListId="8c84fa94-04c1-424b-9868-57a2d4851a1d" relativeResultsDirectory="1bb889f5-54bc-41e8-848d-d0094a95c93e" /><UnitTestResult executionId="04bb2525-b39f-4175-8992-28a716b9c6d4" testId="92f551d0-59d8-4b57-b704-bf9ea3676886" testName="Patch_TargetPropertyIsUpdated" computerName="VECTOR" duration="00:00:00.7000000" startTime="2018-05-24T17:13:42.1022810-04:00" endTime="2018-05-24T17:13:42.1022884-04:00" testType="13cdc9d9-ddb5-4fa4-a97d-d965ccfc6d4b" outcome="Passed" testListId="8c84fa94-04c1-424b-9868-57a2d4851a1d" relativeResultsDirectory="04bb2525-b39f-4175-8992-28a716b9c6d4" /><UnitTestResult executionId="7c3911dc-a1a7-41a7-a9fa-1e249ab77c62" testId="15c75b5c-a9b0-4a18-a71a-0f0a4d17ed7a" testName="FileRequest_FileCanBeReadAfterRename" computerName="VECTOR" duration="00:00:00.5080000" startTime="2018-05-24T17:14:02.8997109-04:00" endTime="2018-05-24T17:14:02.8997225-04:00" testType="13cdc9d9-ddb5-4fa4-a97d-d965ccfc6d4b" outcome="Passed" testListId="8c84fa94-04c1-424b-9868-57a2d4851a1d" relativeResultsDirectory="7c3911dc-a1a7-41a7-a9fa-1e249ab77c62" /><UnitTestResult executionId="93700815-d425-4efa-9339-aca1f998a2e0" testId="ce479797-82cd-42ca-b50a-a10e46cab0dd" testName="Post_InvalidReferencePropertyReturnsBadRequest" computerName="VECTOR" duration="00:00:00.0030000" startTime="2018-05-24T17:13:39.7171348-04:00" endTime="2018-05-24T17:13:39.7171354-04:00" testType="13cdc9d9-ddb5-4fa4-a97d-d965ccfc6d4b" outcome="Passed" testListId="8c84fa94-04c1-424b-9868-57a2d4851a1d" relativeResultsDirectory="93700815-d425-4efa-9339-aca1f998a2e0" /><UnitTestResult executionId="70d83e3d-ec5f-46b0-9cc5-8a63cbacd948" testId="2099789b-1dcd-4427-a000-03d59e4c7dab" testName="Patch_ValidReferencePropertyUpdatesModel" computerName="VECTOR" duration="00:00:00.0060000" startTime="2018-05-24T17:13:39.1959559-04:00" endTime="2018-05-24T17:13:39.1959587-04:00" testType="13cdc9d9-ddb5-4fa4-a97d-d965ccfc6d4b" outcome="Passed" testListId="8c84fa94-04c1-424b-9868-57a2d4851a1d" relativeResultsDirectory="70d83e3d-ec5f-46b0-9cc5-8a63cbacd948" /><UnitTestResult executionId="68e41005-b204-4dc6-bc6b-2d48f2854594" testId="d8ea90c4-7dd7-4b0d-a3cf-645d60344f99" testName="Patch_MultipleInvalidReferencePropertiesReturnsMultipleValidationErrorsAndBadRequest" computerName="VECTOR" duration="00:00:00.0190000" startTime="2018-05-24T17:13:52.2678099-04:00" endTime="2018-05-24T17:13:52.2678159-04:00" testType="13cdc9d9-ddb5-4fa4-a97d-d965ccfc6d4b" outcome="Passed" testListId="8c84fa94-04c1-424b-9868-57a2d4851a1d" relativeResultsDirectory="68e41005-b204-4dc6-bc6b-2d48f2854594" /><UnitTestResult executionId="c8aacd0c-acfe-40f2-82fa-b69313bc3eb6" testId="d15d05a3-055f-4a41-9113-45fc4a2a8672" testName="Patch_ValidReferencePropertyUpdatesModel" computerName="VECTOR" duration="00:00:00.3110000" startTime="2018-05-24T17:14:15.4670211-04:00" endTime="2018-05-24T17:14:15.4670288-04:00" testType="13cdc9d9-ddb5-4fa4-a97d-d965ccfc6d4b" outcome="Passed" testListId="8c84fa94-04c1-424b-9868-57a2d4851a1d" relativeResultsDirectory="c8aacd0c-acfe-40f2-82fa-b69313bc3eb6" /><UnitTestResult executionId="034cf199-cd07-4d83-954a-59b0425477e9" testId="2145e132-a610-4dbf-a13b-a694c6d489d9" testName="Put_ValidReferencePropertyUpdatesModel" computerName="VECTOR" duration="00:00:00.3300000" startTime="2018-05-24T17:13:47.5193067-04:00" endTime="2018-05-24T17:13:47.5193184-04:00" testType="13cdc9d9-ddb5-4fa4-a97d-d965ccfc6d4b" outcome="Passed" testListId="8c84fa94-04c1-424b-9868-57a2d4851a1d" relativeResultsDirectory="034cf199-cd07-4d83-954a-59b0425477e9" /><UnitTestResult executionId="d3953671-5f34-480e-974d-7f481fbd079a" testId="e3c57671-6d05-4a7a-a761-e70f935f6046" testName="Patch_InvalidIdPropertyReturnsNotFound" computerName="VECTOR" duration="00:00:00.0100000" startTime="2018-05-24T17:13:43.3970299-04:00" endTime="2018-05-24T17:13:43.3970353-04:00" testType="13cdc9d9-ddb5-4fa4-a97d-d965ccfc6d4b" outcome="Passed" testListId="8c84fa94-04c1-424b-9868-57a2d4851a1d" relativeResultsDirectory="d3953671-5f34-480e-974d-7f481fbd079a" /><UnitTestResult executionId="46377e93-ac0c-4f03-8f57-a0c14ec0dd8a" testId="953e1223-b407-4b1f-9b2a-318c76d1603e" testName="Post_InvalidPropertyValueReturnsBadRequest" computerName="VECTOR" duration="00:00:00.0020000" startTime="2018-05-24T17:13:42.6507048-04:00" endTime="2018-05-24T17:13:42.6507074-04:00" testType="13cdc9d9-ddb5-4fa4-a97d-d965ccfc6d4b" outcome="Passed" testListId="8c84fa94-04c1-424b-9868-57a2d4851a1d" relativeResultsDirectory="46377e93-ac0c-4f03-8f57-a0c14ec0dd8a" /><UnitTestResult executionId="d0c27b1a-1b73-4890-84d8-253a68b8ea44" testId="856de413-24af-4504-9f3a-9abc2e63c3bd" testName="GetSingle_InvalidIdPropertyValueReturnsNotFound" computerName="VECTOR" duration="00:00:00.0070000" startTime="2018-05-24T17:13:40.9217916-04:00" endTime="2018-05-24T17:13:40.9217945-04:00" testType="13cdc9d9-ddb5-4fa4-a97d-d965ccfc6d4b" outcome="Passed" testListId="8c84fa94-04c1-424b-9868-57a2d4851a1d" relativeResultsDirectory="d0c27b1a-1b73-4890-84d8-253a68b8ea44" /><UnitTestResult executionId="4ab3fc6f-512e-4a58-b64d-91e4b467c385" testId="686b3dae-f26f-4520-a4ff-c3f65b6c8315" testName="GetSingle_InvalidIdPropertyValueReturnsNotFound" computerName="VECTOR" duration="00:00:00.0100000" startTime="2018-05-24T17:14:08.3355535-04:00" endTime="2018-05-24T17:14:08.3355617-04:00" testType="13cdc9d9-ddb5-4fa4-a97d-d965ccfc6d4b" outcome="Passed" testListId="8c84fa94-04c1-424b-9868-57a2d4851a1d" relativeResultsDirectory="4ab3fc6f-512e-4a58-b64d-91e4b467c385" /><UnitTestResult executionId="55057704-a85e-4262-b1b4-3f4e86a6cd13" testId="e650dafc-ab3d-4d45-a158-15fcf84f2250" testName="Patch_InvalidEnumPropertyValueReturnsBadRequest" computerName="VECTOR" duration="00:00:00.0210000" startTime="2018-05-24T17:14:06.5720123-04:00" endTime="2018-05-24T17:14:06.5720177-04:00" testType="13cdc9d9-ddb5-4fa4-a97d-d965ccfc6d4b" outcome="Passed" testListId="8c84fa94-04c1-424b-9868-57a2d4851a1d" relativeResultsDirectory="55057704-a85e-4262-b1b4-3f4e86a6cd13" /><UnitTestResult executionId="51734441-a015-4e75-bcca-8f3266e86aaa" testId="53df97b4-c7a2-42be-96c9-2b5f9a66492a" testName="GetSingle_ValidIdPropertyValueReturnsCorrectModel" computerName="VECTOR" duration="00:00:00.0160000" startTime="2018-05-24T17:14:14.1010015-04:00" endTime="2018-05-24T17:14:14.1010077-04:00" testType="13cdc9d9-ddb5-4fa4-a97d-d965ccfc6d4b" outcome="Passed" testListId="8c84fa94-04c1-424b-9868-57a2d4851a1d" relativeResultsDirectory="51734441-a015-4e75-bcca-8f3266e86aaa" /><UnitTestResult executionId="c0c7bc03-0afe-49e2-b8b2-808027f88733" testId="3b2d8d78-c329-4bf9-992c-e6a8d74c49b2" testName="Post_InvalidReferencePropertyReturnsBadRequest" computerName="VECTOR" duration="00:00:00.0060000" startTime="2018-05-24T17:13:48.7768166-04:00" endTime="2018-05-24T17:13:48.7768197-04:00" testType="13cdc9d9-ddb5-4fa4-a97d-d965ccfc6d4b" outcome="Passed" testListId="8c84fa94-04c1-424b-9868-57a2d4851a1d" relativeResultsDirectory="c0c7bc03-0afe-49e2-b8b2-808027f88733" /><UnitTestResult executionId="ce4b9a0a-c57f-4b98-8f62-3ba692dbec20" testId="ff3de655-8731-43fb-b235-e96e23e7a326" testName="GetSingle_InvalidIdPropertyValueReturnsNotFound" computerName="VECTOR" duration="00:00:00.0070000" startTime="2018-05-24T17:14:14.5309701-04:00" endTime="2018-05-24T17:14:14.5309738-04:00" testType="13cdc9d9-ddb5-4fa4-a97d-d965ccfc6d4b" outcome="Passed" testListId="8c84fa94-04c1-424b-9868-57a2d4851a1d" relativeResultsDirectory="ce4b9a0a-c57f-4b98-8f62-3ba692dbec20" /><UnitTestResult executionId="fac3d5bb-192f-4461-b3d9-0e00065b5efe" testId="facaed42-6e3a-4436-9ea8-d4695a69f34d" testName="Put_InvalidReferencePropertyReturndBadRequest" computerName="VECTOR" duration="00:00:00.0210000" startTime="2018-05-24T17:14:14.9199714-04:00" endTime="2018-05-24T17:14:14.9199777-04:00" testType="13cdc9d9-ddb5-4fa4-a97d-d965ccfc6d4b" outcome="Passed" testListId="8c84fa94-04c1-424b-9868-57a2d4851a1d" relativeResultsDirectory="fac3d5bb-192f-4461-b3d9-0e00065b5efe" /><UnitTestResult executionId="99c08671-c537-443c-ab18-ecf450457f0d" testId="9d10efd7-55e9-4ded-88fa-073054bd4390" testName="GetSingle_ValidIdPropertyValueReturnsCorrectModel" computerName="VECTOR" duration="00:00:00.0060000" startTime="2018-05-24T17:13:48.7704149-04:00" endTime="2018-05-24T17:13:48.7704192-04:00" testType="13cdc9d9-ddb5-4fa4-a97d-d965ccfc6d4b" outcome="Passed" testListId="8c84fa94-04c1-424b-9868-57a2d4851a1d" relativeResultsDirectory="99c08671-c537-443c-ab18-ecf450457f0d" /><UnitTestResult executionId="45fd7db3-affd-49df-b1c8-beec9ea53113" testId="0caa89cd-1882-4d51-b55f-1f38907c64f0" testName="Put_InvalidIdReturnsNotFound" computerName="VECTOR" duration="00:00:00.0170000" startTime="2018-05-24T17:14:14.3157942-04:00" endTime="2018-05-24T17:14:14.3158001-04:00" testType="13cdc9d9-ddb5-4fa4-a97d-d965ccfc6d4b" outcome="Passed" testListId="8c84fa94-04c1-424b-9868-57a2d4851a1d" relativeResultsDirectory="45fd7db3-affd-49df-b1c8-beec9ea53113" /><UnitTestResult executionId="1b896b5b-4d0c-4dac-9c04-17402e425aa9" testId="7d0badeb-444a-460a-a07e-6da72c3d0913" testName="Patch_TargetPropertyIsUpdated" computerName="VECTOR" duration="00:00:00.3610000" startTime="2018-05-24T17:13:40.6783575-04:00" endTime="2018-05-24T17:13:40.6783635-04:00" testType="13cdc9d9-ddb5-4fa4-a97d-d965ccfc6d4b" outcome="Passed" testListId="8c84fa94-04c1-424b-9868-57a2d4851a1d" relativeResultsDirectory="1b896b5b-4d0c-4dac-9c04-17402e425aa9" /><UnitTestResult executionId="ecba9d9c-cd75-4139-a175-227e49c69f63" testId="e7205aa3-2c42-4ea4-9fee-318bcc5697c9" testName="Patch_InvalidEnumPropertyValueReturnsBadRequest" computerName="VECTOR" duration="00:00:00.0080000" startTime="2018-05-24T17:13:43.6793985-04:00" endTime="2018-05-24T17:13:43.6794028-04:00" testType="13cdc9d9-ddb5-4fa4-a97d-d965ccfc6d4b" outcome="Passed" testListId="8c84fa94-04c1-424b-9868-57a2d4851a1d" relativeResultsDirectory="ecba9d9c-cd75-4139-a175-227e49c69f63" /><UnitTestResult executionId="d2415669-65fd-457d-bf3e-f21744f7143e" testId="541b1a0f-4e8e-4f6f-bbde-2db67166f671" testName="GetList_ListReturnsCorrectCount" computerName="VECTOR" duration="00:00:00.0630000" startTime="2018-05-24T17:13:43.6713477-04:00" endTime="2018-05-24T17:13:43.6713534-04:00" testType="13cdc9d9-ddb5-4fa4-a97d-d965ccfc6d4b" outcome="Passed" testListId="8c84fa94-04c1-424b-9868-57a2d4851a1d" relativeResultsDirectory="d2415669-65fd-457d-bf3e-f21744f7143e" /><UnitTestResult executionId="a8829a6d-918e-4e84-bf87-2c9147bc724b" testId="e9ee9fe2-f4a6-429a-a6be-418bdccd8159" testName="GetList_ListReturnsCorrectCount" computerName="VECTOR" duration="00:00:00.4620000" startTime="2018-05-24T17:13:49.2394312-04:00" endTime="2018-05-24T17:13:49.2394369-04:00" testType="13cdc9d9-ddb5-4fa4-a97d-d965ccfc6d4b" outcome="Passed" testListId="8c84fa94-04c1-424b-9868-57a2d4851a1d" relativeResultsDirectory="a8829a6d-918e-4e84-bf87-2c9147bc724b" /><UnitTestResult executionId="2c97bba4-b312-4750-b466-00e2aa8c2b4e" testId="f2b52800-3fbe-4d84-9916-67ca7620e416" testName="Patch_InvalidIdPropertyReturnsNotFound" computerName="VECTOR" duration="00:00:00.0060000" startTime="2018-05-24T17:14:07.0500150-04:00" endTime="2018-05-24T17:14:07.0500201-04:00" testType="13cdc9d9-ddb5-4fa4-a97d-d965ccfc6d4b" outcome="Passed" testListId="8c84fa94-04c1-424b-9868-57a2d4851a1d" relativeResultsDirectory="2c97bba4-b312-4750-b466-00e2aa8c2b4e" /><UnitTestResult executionId="b84cccbb-eb75-4778-9a39-3fa8c4d69cc8" testId="2aeacc1b-c55b-4ff3-9bf1-fe76d761f003" testName="LucyModel3dHasTwoDependents" computerName="VECTOR" duration="00:00:00.3720000" startTime="2018-05-24T17:13:39.1745127-04:00" endTime="2018-05-24T17:13:39.1745181-04:00" testType="13cdc9d9-ddb5-4fa4-a97d-d965ccfc6d4b" outcome="Passed" testListId="8c84fa94-04c1-424b-9868-57a2d4851a1d" relativeResultsDirectory="b84cccbb-eb75-4778-9a39-3fa8c4d69cc8" /><UnitTestResult executionId="1a23bc81-098b-476f-b87a-0393ef86abb8" testId="94305032-f174-48a4-ab58-61d614eb9f91" testName="PostFile_NewFileCanBePosted" computerName="VECTOR" duration="00:00:00.3920000" startTime="2018-05-24T17:14:13.7492018-04:00" endTime="2018-05-24T17:14:13.7492080-04:00" testType="13cdc9d9-ddb5-4fa4-a97d-d965ccfc6d4b" outcome="Passed" testListId="8c84fa94-04c1-424b-9868-57a2d4851a1d" relativeResultsDirectory="1a23bc81-098b-476f-b87a-0393ef86abb8" /><UnitTestResult executionId="b3bc2e9e-7ee7-4445-8b14-dd1dfe05e603" testId="9976c394-c1e6-4ceb-af62-2721a466aed0" testName="Put_InvalidIdReturnsNotFound" computerName="VECTOR" duration="00:00:00.0430000" startTime="2018-05-24T17:13:40.9049296-04:00" endTime="2018-05-24T17:13:40.9049365-04:00" testType="13cdc9d9-ddb5-4fa4-a97d-d965ccfc6d4b" outcome="Passed" testListId="8c84fa94-04c1-424b-9868-57a2d4851a1d" relativeResultsDirectory="b3bc2e9e-7ee7-4445-8b14-dd1dfe05e603" /><UnitTestResult executionId="a35bd48a-e394-4663-a161-5e038b15c5c1" testId="742a2716-7929-44d5-b514-9caf1d502504" testName="Patch_InvalidPropertyNameReturnsBadRequest" computerName="VECTOR" duration="00:00:00.0060000" startTime="2018-05-24T17:13:52.2302280-04:00" endTime="2018-05-24T17:13:52.2302319-04:00" testType="13cdc9d9-ddb5-4fa4-a97d-d965ccfc6d4b" outcome="Passed" testListId="8c84fa94-04c1-424b-9868-57a2d4851a1d" relativeResultsDirectory="a35bd48a-e394-4663-a161-5e038b15c5c1" /><UnitTestResult executionId="57155a7d-9dc1-4d7a-b3bd-5fc738c84f5e" testId="7c4a3ff6-efb1-4936-912f-0af4c55cb6ea" testName="Patch_MultipleInvalidReferencePropertiesReturnsMultipleValidationErrorsAndBadRequest" computerName="VECTOR" duration="00:00:00.0370000" startTime="2018-05-24T17:13:43.6079476-04:00" endTime="2018-05-24T17:13:43.6079542-04:00" testType="13cdc9d9-ddb5-4fa4-a97d-d965ccfc6d4b" outcome="Passed" testListId="8c84fa94-04c1-424b-9868-57a2d4851a1d" relativeResultsDirectory="57155a7d-9dc1-4d7a-b3bd-5fc738c84f5e" /><UnitTestResult executionId="2ea3a62d-bbcf-4f46-bffd-519c0af70c0b" testId="7c0f723a-2f7e-4172-91b5-c97d7293ecc5" testName="FileRequest_MeshGenerateScalesDepthBufferByLambdaLinearScaling" computerName="VECTOR" duration="00:00:03.6500000" startTime="2018-05-24T17:14:06.5498363-04:00" endTime="2018-05-24T17:14:06.5498425-04:00" testType="13cdc9d9-ddb5-4fa4-a97d-d965ccfc6d4b" outcome="Passed" testListId="8c84fa94-04c1-424b-9868-57a2d4851a1d" relativeResultsDirectory="2ea3a62d-bbcf-4f46-bffd-519c0af70c0b" /><UnitTestResult executionId="91cf4c06-89ef-4dda-9b98-0fb5b3bcd436" testId="8f5c703a-fa93-41ae-9628-039e7b30b20e" testName="GetSingle_ValidIdPropertyValueReturnsCorrectModel" computerName="VECTOR" duration="00:00:00.0080000" startTime="2018-05-24T17:13:40.9128190-04:00" endTime="2018-05-24T17:13:40.9128246-04:00" testType="13cdc9d9-ddb5-4fa4-a97d-d965ccfc6d4b" outcome="Passed" testListId="8c84fa94-04c1-424b-9868-57a2d4851a1d" relativeResultsDirectory="91cf4c06-89ef-4dda-9b98-0fb5b3bcd436" /><UnitTestResult executionId="17073444-d026-42db-92e3-c737c43e2a4c" testId="b7503969-316a-441f-a9c5-2fa9bd01da1a" testName="Patch_InvalidPropertyNameReturnsBadRequest" computerName="VECTOR" duration="00:00:00.0150000" startTime="2018-05-24T17:13:46.5134108-04:00" endTime="2018-05-24T17:13:46.5134159-04:00" testType="13cdc9d9-ddb5-4fa4-a97d-d965ccfc6d4b" outcome="Passed" testListId="8c84fa94-04c1-424b-9868-57a2d4851a1d" relativeResultsDirectory="17073444-d026-42db-92e3-c737c43e2a4c" /><UnitTestResult executionId="123ff608-600f-4e3c-a5a4-a524993724e5" testId="b26628d0-5180-4768-b8d3-997006382764" testName="Post_CanCreateNewModel" computerName="VECTOR" duration="00:00:00.1740000" startTime="2018-05-24T17:14:07.2248335-04:00" endTime="2018-05-24T17:14:07.2248412-04:00" testType="13cdc9d9-ddb5-4fa4-a97d-d965ccfc6d4b" outcome="Passed" testListId="8c84fa94-04c1-424b-9868-57a2d4851a1d" relativeResultsDirectory="123ff608-600f-4e3c-a5a4-a524993724e5" /><UnitTestResult executionId="5c604a58-4a2b-4cda-a7b1-a1a40024128a" testId="d4c56a66-3a21-473f-a2bf-bd2221b8118d" testName="Patch_InvalidPropertyNameReturnsBadRequest" computerName="VECTOR" duration="00:00:00.0050000" startTime="2018-05-24T17:14:15.1517526-04:00" endTime="2018-05-24T17:14:15.1517563-04:00" testType="13cdc9d9-ddb5-4fa4-a97d-d965ccfc6d4b" outcome="Passed" testListId="8c84fa94-04c1-424b-9868-57a2d4851a1d" relativeResultsDirectory="5c604a58-4a2b-4cda-a7b1-a1a40024128a" /><UnitTestResult executionId="80a2bd00-470f-40dc-b57b-8a6280aa07a3" testId="9c4975ef-1d92-4566-96fb-c55a499fc05e" testName="Delete_TargetModelIsDeleted" computerName="VECTOR" duration="00:00:00.1840000" startTime="2018-05-24T17:13:52.6855449-04:00" endTime="2018-05-24T17:13:52.6855515-04:00" testType="13cdc9d9-ddb5-4fa4-a97d-d965ccfc6d4b" outcome="Passed" testListId="8c84fa94-04c1-424b-9868-57a2d4851a1d" relativeResultsDirectory="80a2bd00-470f-40dc-b57b-8a6280aa07a3" /><UnitTestResult executionId="7333cd70-ad3c-4017-a181-01dacfbae24f" testId="fedc7130-2439-40a3-ac6b-5b5b7ba4ad6f" testName="Post_CanCreateNewModel" computerName="VECTOR" duration="00:00:00.2360000" startTime="2018-05-24T17:13:47.1197272-04:00" endTime="2018-05-24T17:13:47.1197391-04:00" testType="13cdc9d9-ddb5-4fa4-a97d-d965ccfc6d4b" outcome="Passed" testListId="8c84fa94-04c1-424b-9868-57a2d4851a1d" relativeResultsDirectory="7333cd70-ad3c-4017-a181-01dacfbae24f" /><UnitTestResult executionId="66b800f0-1910-4026-a634-e62b255b27ab" testId="1b79db5c-5c70-4987-a63e-5d49ec9c67a3" testName="Put_ValidReferencePropertyUpdatesModel" computerName="VECTOR" duration="00:00:00.3590000" startTime="2018-05-24T17:13:51.6769532-04:00" endTime="2018-05-24T17:13:51.6769598-04:00" testType="13cdc9d9-ddb5-4fa4-a97d-d965ccfc6d4b" outcome="Passed" testListId="8c84fa94-04c1-424b-9868-57a2d4851a1d" relativeResultsDirectory="66b800f0-1910-4026-a634-e62b255b27ab" /><UnitTestResult executionId="63de3290-e174-4bf1-b621-0379c358326d" testId="bb34c754-0447-456f-aa1d-35508bf1ef0d" testName="Patch_ValidReferencePropertyUpdatesModel" computerName="VECTOR" duration="00:00:00.2900000" startTime="2018-05-24T17:14:08.3247384-04:00" endTime="2018-05-24T17:14:08.3247463-04:00" testType="13cdc9d9-ddb5-4fa4-a97d-d965ccfc6d4b" outcome="Passed" testListId="8c84fa94-04c1-424b-9868-57a2d4851a1d" relativeResultsDirectory="63de3290-e174-4bf1-b621-0379c358326d" /><UnitTestResult executionId="0a4bee86-671f-48e8-a915-1b370cbd7936" testId="3b233091-1bfc-4a53-bd0f-19df7c14a508" testName="LucyCameraFindsAllDependents" computerName="VECTOR" duration="00:00:00.0070000" startTime="2018-05-24T17:13:39.1815535-04:00" endTime="2018-05-24T17:13:39.1815561-04:00" testType="13cdc9d9-ddb5-4fa4-a97d-d965ccfc6d4b" outcome="Passed" testListId="8c84fa94-04c1-424b-9868-57a2d4851a1d" relativeResultsDirectory="0a4bee86-671f-48e8-a915-1b370cbd7936" /><UnitTestResult executionId="d096c8e4-560e-4708-8618-1258d40d42c8" testId="8b77065a-e6ae-4055-9311-b7ad25eb1050" testName="Patch_InvalidPropertyNameReturnsBadRequest" computerName="VECTOR" duration="00:00:00.0060000" startTime="2018-05-24T17:13:42.6478721-04:00" endTime="2018-05-24T17:13:42.6478752-04:00" testType="13cdc9d9-ddb5-4fa4-a97d-d965ccfc6d4b" outcome="Passed" testListId="8c84fa94-04c1-424b-9868-57a2d4851a1d" relativeResultsDirectory="d096c8e4-560e-4708-8618-1258d40d42c8" /><UnitTestResult executionId="bde79603-8156-43c5-b2d5-51c42a833e16" testId="36fd8e2e-9c78-41b8-a83d-a4140f51e03f" testName="Post_ValidReferencePropertyCreatesModel" computerName="VECTOR" duration="00:00:00.0050000" startTime="2018-05-24T17:13:39.7170734-04:00" endTime="2018-05-24T17:13:39.7170760-04:00" testType="13cdc9d9-ddb5-4fa4-a97d-d965ccfc6d4b" outcome="Passed" testListId="8c84fa94-04c1-424b-9868-57a2d4851a1d" relativeResultsDirectory="bde79603-8156-43c5-b2d5-51c42a833e16" /><UnitTestResult executionId="dadf7080-982b-4f4f-aef2-b7c5c178f6bd" testId="b7047736-ddaa-4a8e-ad4c-b7bbea62edfd" testName="Post_InvalidReferencePropertyReturnsBadRequest" computerName="VECTOR" duration="00:00:00.0820000" startTime="2018-05-24T17:13:41.4019608-04:00" endTime="2018-05-24T17:13:41.4019667-04:00" testType="13cdc9d9-ddb5-4fa4-a97d-d965ccfc6d4b" outcome="Passed" testListId="8c84fa94-04c1-424b-9868-57a2d4851a1d" relativeResultsDirectory="dadf7080-982b-4f4f-aef2-b7c5c178f6bd" /><UnitTestResult executionId="c45c23b1-ddcd-429d-be84-ea933bf78a3f" testId="41a96452-20ec-439c-a063-17ee0ec09d9a" testName="LucyDepthBufferFindsOneDependent" computerName="VECTOR" duration="00:00:00.0030000" startTime="2018-05-24T17:13:39.1850516-04:00" endTime="2018-05-24T17:13:39.1850556-04:00" testType="13cdc9d9-ddb5-4fa4-a97d-d965ccfc6d4b" outcome="Passed" testListId="8c84fa94-04c1-424b-9868-57a2d4851a1d" relativeResultsDirectory="c45c23b1-ddcd-429d-be84-ea933bf78a3f" /><UnitTestResult executionId="c8d12c46-3f44-4f26-adcc-8d2a4fd10bf5" testId="a290780d-82e3-42b4-9828-2df8625737b6" testName="PostFile_FileIsSynchronizedIsUpdatedAfterFileIsPosted" computerName="VECTOR" duration="00:00:00.0010000" startTime="2018-05-24T17:13:46.3573622-04:00" endTime="2018-05-24T17:13:46.3573645-04:00" testType="13cdc9d9-ddb5-4fa4-a97d-d965ccfc6d4b" outcome="Passed" testListId="8c84fa94-04c1-424b-9868-57a2d4851a1d" relativeResultsDirectory="c8d12c46-3f44-4f26-adcc-8d2a4fd10bf5" /><UnitTestResult executionId="82ff8670-7923-444d-8665-142be1017cc2" testId="06902b92-1aa3-4be7-8b29-2b7aded71962" testName="Put_ValidReferencePropertyUpdatesModel" computerName="VECTOR" duration="00:00:00.3000000" startTime="2018-05-24T17:13:43.3863561-04:00" endTime="2018-05-24T17:13:43.3863623-04:00" testType="13cdc9d9-ddb5-4fa4-a97d-d965ccfc6d4b" outcome="Passed" testListId="8c84fa94-04c1-424b-9868-57a2d4851a1d" relativeResultsDirectory="82ff8670-7923-444d-8665-142be1017cc2" /><UnitTestResult executionId="5b6bb66f-fbeb-4751-a7e9-0a3145e0b7da" testId="69592fb9-ac0d-4d5f-ad0d-b13e330eb339" testName="GetFile_ExistingFileReturnsSuccess" computerName="VECTOR" duration="00:00:00.0590000" startTime="2018-05-24T17:13:56.6882808-04:00" endTime="2018-05-24T17:13:56.6882905-04:00" testType="13cdc9d9-ddb5-4fa4-a97d-d965ccfc6d4b" outcome="Passed" testListId="8c84fa94-04c1-424b-9868-57a2d4851a1d" relativeResultsDirectory="5b6bb66f-fbeb-4751-a7e9-0a3145e0b7da" /><UnitTestResult executionId="4719f7f5-5108-44f4-8fd8-4ee9e597e302" testId="dfe1f797-3cc3-4eb5-b649-2682f22d3a04" testName="Post_CanCreateNewModel" computerName="VECTOR" duration="00:00:00.1970000" startTime="2018-05-24T17:14:14.2982736-04:00" endTime="2018-05-24T17:14:14.2982801-04:00" testType="13cdc9d9-ddb5-4fa4-a97d-d965ccfc6d4b" outcome="Passed" testListId="8c84fa94-04c1-424b-9868-57a2d4851a1d" relativeResultsDirectory="4719f7f5-5108-44f4-8fd8-4ee9e597e302" /><UnitTestResult executionId="9118859c-5a35-41c1-9f2e-307302ae82c2" testId="96c1b98e-73b1-495d-8e46-6bda654de78d" testName="PutFile_FileCanBeUpdated" computerName="VECTOR" duration="00:00:00.4670000" startTime="2018-05-24T17:13:45.0864893-04:00" endTime="2018-05-24T17:13:45.0864956-04:00" testType="13cdc9d9-ddb5-4fa4-a97d-d965ccfc6d4b" outcome="Passed" testListId="8c84fa94-04c1-424b-9868-57a2d4851a1d" relativeResultsDirectory="9118859c-5a35-41c1-9f2e-307302ae82c2" /><UnitTestResult executionId="54d7e675-f6a6-48fb-b8b3-8c5018a5988d" testId="4be65121-13b2-46a4-af40-625c2c8721f8" testName="Put_ValidReferencePropertyUpdatesModel" computerName="VECTOR" duration="00:00:00.0030000" startTime="2018-05-24T17:13:40.6812765-04:00" endTime="2018-05-24T17:13:40.6812791-04:00" testType="13cdc9d9-ddb5-4fa4-a97d-d965ccfc6d4b" outcome="Passed" testListId="8c84fa94-04c1-424b-9868-57a2d4851a1d" relativeResultsDirectory="54d7e675-f6a6-48fb-b8b3-8c5018a5988d" /><UnitTestResult executionId="33a98f63-4c86-488b-822c-36dfb09c9a06" testId="7fd20043-7dd3-4f84-bfac-d83fc8ab368c" testName="Put_InvalidReferencePropertyReturndBadRequest" computerName="VECTOR" duration="00:00:00.0190000" startTime="2018-05-24T17:13:47.7805816-04:00" endTime="2018-05-24T17:13:47.7805879-04:00" testType="13cdc9d9-ddb5-4fa4-a97d-d965ccfc6d4b" outcome="Passed" testListId="8c84fa94-04c1-424b-9868-57a2d4851a1d" relativeResultsDirectory="33a98f63-4c86-488b-822c-36dfb09c9a06" /><UnitTestResult executionId="53d3c14a-fce0-4e8b-90db-862f26f42cc7" testId="3697d356-6802-43e9-a075-af72229fe327" testName="Patch_InvalidPropertyNameReturnsBadRequest" computerName="VECTOR" duration="00:00:00.4960000" startTime="2018-05-24T17:13:39.6934396-04:00" endTime="2018-05-24T17:13:39.6934518-04:00" testType="13cdc9d9-ddb5-4fa4-a97d-d965ccfc6d4b" outcome="Passed" testListId="8c84fa94-04c1-424b-9868-57a2d4851a1d" relativeResultsDirectory="53d3c14a-fce0-4e8b-90db-862f26f42cc7" /><UnitTestResult executionId="2b7ffd75-ce26-4af3-a738-34c01481bb53" testId="dbc911b2-d3ab-4134-a685-6cea2d81dbe1" testName="Put_CanUpdateModel" computerName="VECTOR" duration="00:00:00.3830000" startTime="2018-05-24T17:14:08.9487362-04:00" endTime="2018-05-24T17:14:08.9487424-04:00" testType="13cdc9d9-ddb5-4fa4-a97d-d965ccfc6d4b" outcome="Passed" testListId="8c84fa94-04c1-424b-9868-57a2d4851a1d" relativeResultsDirectory="2b7ffd75-ce26-4af3-a738-34c01481bb53" /><UnitTestResult executionId="f0f702dd-e483-4237-87d9-ef7c03707fcc" testId="01736e5c-f5ee-487f-aeca-cf4586af85f5" testName="Post_CanCreateNewModel" computerName="VECTOR" duration="00:00:00.1970000" startTime="2018-05-24T17:13:43.8768440-04:00" endTime="2018-05-24T17:13:43.8768505-04:00" testType="13cdc9d9-ddb5-4fa4-a97d-d965ccfc6d4b" outcome="Passed" testListId="8c84fa94-04c1-424b-9868-57a2d4851a1d" relativeResultsDirectory="f0f702dd-e483-4237-87d9-ef7c03707fcc" /><UnitTestResult executionId="10e976a5-7401-4c8b-ae98-e63b20381f3b" testId="f24e6986-37fc-4e0d-8ec3-0528ca95c652" testName="Post_CanCreateNewModel" computerName="VECTOR" duration="00:00:00.1750000" startTime="2018-05-24T17:13:52.1937567-04:00" endTime="2018-05-24T17:13:52.1937633-04:00" testType="13cdc9d9-ddb5-4fa4-a97d-d965ccfc6d4b" outcome="Passed" testListId="8c84fa94-04c1-424b-9868-57a2d4851a1d" relativeResultsDirectory="10e976a5-7401-4c8b-ae98-e63b20381f3b" /><UnitTestResult executionId="001dd77a-1252-41a8-ab4b-66c4be14b023" testId="4b096af1-c033-4271-964d-efd68d882bb6" testName="Post_InvalidReferencePropertyReturnsBadRequest" computerName="VECTOR" duration="00:00:00.0080000" startTime="2018-05-24T17:14:14.5396952-04:00" endTime="2018-05-24T17:14:14.5396989-04:00" testType="13cdc9d9-ddb5-4fa4-a97d-d965ccfc6d4b" outcome="Passed" testListId="8c84fa94-04c1-424b-9868-57a2d4851a1d" relativeResultsDirectory="001dd77a-1252-41a8-ab4b-66c4be14b023" /><UnitTestResult executionId="b46726d2-6908-47a0-abfc-40828793102e" testId="316680d7-bfbb-4141-9e79-77f78d74413a" testName="Patch_TargetPropertyIsUpdated" computerName="VECTOR" duration="00:00:00.3280000" startTime="2018-05-24T17:13:52.0183867-04:00" endTime="2018-05-24T17:13:52.0183929-04:00" testType="13cdc9d9-ddb5-4fa4-a97d-d965ccfc6d4b" outcome="Passed" testListId="8c84fa94-04c1-424b-9868-57a2d4851a1d" relativeResultsDirectory="b46726d2-6908-47a0-abfc-40828793102e" /><UnitTestResult executionId="40102017-1b8a-4018-8351-7c37a6902522" testId="596f0d3b-ee61-4349-a3fc-5ffedff01f85" testName="Put_CanUpdateModel" computerName="VECTOR" duration="00:00:00.3590000" startTime="2018-05-24T17:14:14.8989893-04:00" endTime="2018-05-24T17:14:14.8989958-04:00" testType="13cdc9d9-ddb5-4fa4-a97d-d965ccfc6d4b" outcome="Passed" testListId="8c84fa94-04c1-424b-9868-57a2d4851a1d" relativeResultsDirectory="40102017-1b8a-4018-8351-7c37a6902522" /><UnitTestResult executionId="6bec6e56-7b86-457b-9bc2-2828c527e3a6" testId="3a525471-3bd5-4554-b3f9-5552db41d258" testName="MeshTransformHasExpectedDependentFiles" computerName="VECTOR" duration="00:00:00.0010000" startTime="2018-05-24T17:13:39.1821173-04:00" endTime="2018-05-24T17:13:39.1821187-04:00" testType="13cdc9d9-ddb5-4fa4-a97d-d965ccfc6d4b" outcome="Passed" testListId="8c84fa94-04c1-424b-9868-57a2d4851a1d" relativeResultsDirectory="6bec6e56-7b86-457b-9bc2-2828c527e3a6" /><UnitTestResult executionId="0100414c-22b0-4cc1-979f-14fa6ce7fbb1" testId="dcbfdf75-efa2-4dc9-bef3-52b29cf54646" testName="Patch_InvalidIdPropertyReturnsNotFound" computerName="VECTOR" duration="00:00:00.0060000" startTime="2018-05-24T17:13:47.7864229-04:00" endTime="2018-05-24T17:13:47.7864260-04:00" testType="13cdc9d9-ddb5-4fa4-a97d-d965ccfc6d4b" outcome="Passed" testListId="8c84fa94-04c1-424b-9868-57a2d4851a1d" relativeResultsDirectory="0100414c-22b0-4cc1-979f-14fa6ce7fbb1" /><UnitTestResult executionId="81a6cfdf-748f-442c-8a6a-1d7984806470" testId="37e47175-14ef-4e78-9a12-265e4a2cd6fb" testName="GetSingle_ValidIdPropertyValueReturnsCorrectModel" computerName="VECTOR" duration="00:00:00.0080000" startTime="2018-05-24T17:13:52.6936895-04:00" endTime="2018-05-24T17:13:52.6936932-04:00" testType="13cdc9d9-ddb5-4fa4-a97d-d965ccfc6d4b" outcome="Passed" testListId="8c84fa94-04c1-424b-9868-57a2d4851a1d" relativeResultsDirectory="81a6cfdf-748f-442c-8a6a-1d7984806470" /><UnitTestResult executionId="7ed33a7a-7410-4915-984e-2eff2955627b" testId="e92b8669-4bc6-4e29-8c49-7c6ebc3a3dc2" testName="Post_ValidReferencePropertyCreatesModel" computerName="VECTOR" duration="00:00:00.2330000" startTime="2018-05-24T17:13:52.5016419-04:00" endTime="2018-05-24T17:13:52.5016484-04:00" testType="13cdc9d9-ddb5-4fa4-a97d-d965ccfc6d4b" outcome="Passed" testListId="8c84fa94-04c1-424b-9868-57a2d4851a1d" relativeResultsDirectory="7ed33a7a-7410-4915-984e-2eff2955627b" /><UnitTestResult executionId="67c72eb6-101b-41f5-9313-874291bb8aca" testId="b95b318c-5dcd-4a0b-9f77-22412e0be1f2" testName="Patch_MultipleInvalidReferencePropertiesReturnsMultipleValidationErrorsAndBadRequest" computerName="VECTOR" duration="00:00:00.0020000" startTime="2018-05-24T17:13:41.2979378-04:00" endTime="2018-05-24T17:13:41.2979403-04:00" testType="13cdc9d9-ddb5-4fa4-a97d-d965ccfc6d4b" outcome="Passed" testListId="8c84fa94-04c1-424b-9868-57a2d4851a1d" relativeResultsDirectory="67c72eb6-101b-41f5-9313-874291bb8aca" /><UnitTestResult executionId="e5c26c90-34ae-4b34-a936-6ef928e80264" testId="04b5298a-eed0-4c41-8c54-5833fb91f3dd" testName="Post_CanCreateNewModel" computerName="VECTOR" duration="00:00:00.1780000" startTime="2018-05-24T17:13:40.8618156-04:00" endTime="2018-05-24T17:13:40.8618218-04:00" testType="13cdc9d9-ddb5-4fa4-a97d-d965ccfc6d4b" outcome="Passed" testListId="8c84fa94-04c1-424b-9868-57a2d4851a1d" relativeResultsDirectory="e5c26c90-34ae-4b34-a936-6ef928e80264" /><UnitTestResult executionId="3740e5da-3d2c-4b80-ad38-0948c252e601" testId="52a31e08-9d1f-4054-b4fc-3b333a472eeb" testName="Patch_MultipleInvalidReferencePropertiesReturnsMultipleValidationErrorsAndBadRequest" computerName="VECTOR" duration="00:00:00.0340000" startTime="2018-05-24T17:13:46.8829307-04:00" endTime="2018-05-24T17:13:46.8829364-04:00" testType="13cdc9d9-ddb5-4fa4-a97d-d965ccfc6d4b" outcome="Passed" testListId="8c84fa94-04c1-424b-9868-57a2d4851a1d" relativeResultsDirectory="3740e5da-3d2c-4b80-ad38-0948c252e601" /><UnitTestResult executionId="98457a79-5259-4b97-b9ba-5682cdd2ad97" testId="08aff804-d8c8-4d18-b12b-f0866a714ade" testName="Patch_TargetPropertyIsUpdated" computerName="VECTOR" duration="00:00:00.3320000" startTime="2018-05-24T17:13:48.4607598-04:00" endTime="2018-05-24T17:13:48.4607658-04:00" testType="13cdc9d9-ddb5-4fa4-a97d-d965ccfc6d4b" outcome="Passed" testListId="8c84fa94-04c1-424b-9868-57a2d4851a1d" relativeResultsDirectory="98457a79-5259-4b97-b9ba-5682cdd2ad97" /><UnitTestResult executionId="b5b50e1d-60fc-4542-8903-a31837feadbe" testId="7acb2d9c-dde7-42ba-880d-43b2998bace6" testName="Put_InvalidIdReturnsNotFound" computerName="VECTOR" duration="00:00:00.5560000" startTime="2018-05-24T17:13:49.7960370-04:00" endTime="2018-05-24T17:13:49.7960427-04:00" testType="13cdc9d9-ddb5-4fa4-a97d-d965ccfc6d4b" outcome="Passed" testListId="8c84fa94-04c1-424b-9868-57a2d4851a1d" relativeResultsDirectory="b5b50e1d-60fc-4542-8903-a31837feadbe" /><UnitTestResult executionId="dae38974-f927-48e9-b124-bde52c27b754" testId="bdf4741e-9ce6-4df3-bd46-383bac14ea58" testName="Patch_ValidReferencePropertyUpdatesModel" computerName="VECTOR" duration="00:00:00.4280000" startTime="2018-05-24T17:13:43.0855338-04:00" endTime="2018-05-24T17:13:43.0855407-04:00" testType="13cdc9d9-ddb5-4fa4-a97d-d965ccfc6d4b" outcome="Passed" testListId="8c84fa94-04c1-424b-9868-57a2d4851a1d" relativeResultsDirectory="dae38974-f927-48e9-b124-bde52c27b754" /><UnitTestResult executionId="3c94f111-178a-4a1b-9b95-c41420c16044" testId="b3e48465-300f-4dfe-9b01-310ca475a70c" testName="Patch_InvalidReferencePropertyReturnsBadRequest" computerName="VECTOR" duration="00:00:00.0280000" startTime="2018-05-24T17:13:47.1479370-04:00" endTime="2018-05-24T17:13:47.1479427-04:00" testType="13cdc9d9-ddb5-4fa4-a97d-d965ccfc6d4b" outcome="Passed" testListId="8c84fa94-04c1-424b-9868-57a2d4851a1d" relativeResultsDirectory="3c94f111-178a-4a1b-9b95-c41420c16044" /><UnitTestResult executionId="1919d6ca-f814-4e4f-8714-cedf5368d382" testId="d2ab497d-748c-4998-b1e1-15b662cc05a9" testName="Patch_InvalidIdPropertyReturnsNotFound" computerName="VECTOR" duration="00:00:00.0090000" startTime="2018-05-24T17:13:41.3090719-04:00" endTime="2018-05-24T17:13:41.3090758-04:00" testType="13cdc9d9-ddb5-4fa4-a97d-d965ccfc6d4b" outcome="Passed" testListId="8c84fa94-04c1-424b-9868-57a2d4851a1d" relativeResultsDirectory="1919d6ca-f814-4e4f-8714-cedf5368d382" /><UnitTestResult executionId="31de3010-cea3-419a-a5c4-f1c3d8e2cf8d" testId="761e93e2-dd46-4f66-8ec4-14f77d166908" testName="Post_InvalidReferencePropertyReturnsBadRequest" computerName="VECTOR" duration="00:00:00.0070000" startTime="2018-05-24T17:13:52.2485497-04:00" endTime="2018-05-24T17:13:52.2485526-04:00" testType="13cdc9d9-ddb5-4fa4-a97d-d965ccfc6d4b" outcome="Passed" testListId="8c84fa94-04c1-424b-9868-57a2d4851a1d" relativeResultsDirectory="31de3010-cea3-419a-a5c4-f1c3d8e2cf8d" /><UnitTestResult executionId="a334b30e-e924-4ba5-9d98-62ff205b4a1f" testId="9178509b-e3ef-4515-960b-544fccf8b353" testName="PostFile_NewFileCanBePosted" computerName="VECTOR" duration="00:00:00.3010000" startTime="2018-05-24T17:13:45.9947631-04:00" endTime="2018-05-24T17:13:45.9947711-04:00" testType="13cdc9d9-ddb5-4fa4-a97d-d965ccfc6d4b" outcome="Passed" testListId="8c84fa94-04c1-424b-9868-57a2d4851a1d" relativeResultsDirectory="a334b30e-e924-4ba5-9d98-62ff205b4a1f" /><UnitTestResult executionId="41a08215-d9fa-4f59-8f17-51489b93a593" testId="adf04f76-37b6-4e86-9423-62ef30a8d3a7" testName="Put_CanUpdateModel" computerName="VECTOR" duration="00:00:00.2810000" startTime="2018-05-24T17:13:41.2032190-04:00" endTime="2018-05-24T17:13:41.2032255-04:00" testType="13cdc9d9-ddb5-4fa4-a97d-d965ccfc6d4b" outcome="Passed" testListId="8c84fa94-04c1-424b-9868-57a2d4851a1d" relativeResultsDirectory="41a08215-d9fa-4f59-8f17-51489b93a593" /><UnitTestResult executionId="3739532e-c01f-4cdd-9652-6486f4729409" testId="a747c3fe-884c-465f-acab-d9890b6bb281" testName="Patch_InvalidIdPropertyReturnsNotFound" computerName="VECTOR" duration="00:00:00.0060000" startTime="2018-05-24T17:14:15.1462722-04:00" endTime="2018-05-24T17:14:15.1462762-04:00" testType="13cdc9d9-ddb5-4fa4-a97d-d965ccfc6d4b" outcome="Passed" testListId="8c84fa94-04c1-424b-9868-57a2d4851a1d" relativeResultsDirectory="3739532e-c01f-4cdd-9652-6486f4729409" /><UnitTestResult executionId="52c854b3-befc-4050-b417-1bcbd46cf5d2" testId="0cefb1f5-0135-467e-93d0-c7a013419a44" testName="GetSingle_ValidIdPropertyValueReturnsCorrectModel" computerName="VECTOR" duration="00:00:00.0070000" startTime="2018-05-24T17:14:08.0193231-04:00" endTime="2018-05-24T17:14:08.0193282-04:00" testType="13cdc9d9-ddb5-4fa4-a97d-d965ccfc6d4b" outcome="Passed" testListId="8c84fa94-04c1-424b-9868-57a2d4851a1d" relativeResultsDirectory="52c854b3-befc-4050-b417-1bcbd46cf5d2" /><UnitTestResult executionId="edf377b2-3186-413e-af54-8a92953d7616" testId="7d5bfd91-2aec-4327-9818-4fc126b372eb" testName="Delete_TargetModelIsDeleted" computerName="VECTOR" duration="00:00:00.1980000" startTime="2018-05-24T17:14:07.0434939-04:00" endTime="2018-05-24T17:14:07.0434998-04:00" testType="13cdc9d9-ddb5-4fa4-a97d-d965ccfc6d4b" outcome="Passed" testListId="8c84fa94-04c1-424b-9868-57a2d4851a1d" relativeResultsDirectory="edf377b2-3186-413e-af54-8a92953d7616" /><UnitTestResult executionId="529a72df-1fd2-4895-a5ea-36d208e0c92a" testId="a700bf99-b343-45c9-a41c-a2d36a39403d" testName="Post_ValidReferencePropertyCreatesModel" computerName="VECTOR" duration="00:00:00.1730000" startTime="2018-05-24T17:13:43.5700814-04:00" endTime="2018-05-24T17:13:43.5700868-04:00" testType="13cdc9d9-ddb5-4fa4-a97d-d965ccfc6d4b" outcome="Passed" testListId="8c84fa94-04c1-424b-9868-57a2d4851a1d" relativeResultsDirectory="529a72df-1fd2-4895-a5ea-36d208e0c92a" /><UnitTestResult executionId="68d9e39b-0625-45c0-897e-05912103737d" testId="99b23083-8a0c-4629-91db-dcb989e24500" testName="Patch_InvalidEnumPropertyValueReturnsBadRequest" computerName="VECTOR" duration="00:00:00.0010000" startTime="2018-05-24T17:13:47.7865878-04:00" endTime="2018-05-24T17:13:47.7865890-04:00" testType="13cdc9d9-ddb5-4fa4-a97d-d965ccfc6d4b" outcome="Passed" testListId="8c84fa94-04c1-424b-9868-57a2d4851a1d" relativeResultsDirectory="68d9e39b-0625-45c0-897e-05912103737d" /><UnitTestResult executionId="f6213763-383e-4ca6-adb9-5d5dbf93e972" testId="e5a37ff5-41f3-46e2-b665-6e62f54a36ea" testName="Patch_InvalidReferencePropertyReturnsBadRequest" computerName="VECTOR" duration="00:00:00.0220000" startTime="2018-05-24T17:13:43.8988802-04:00" endTime="2018-05-24T17:13:43.8988856-04:00" testType="13cdc9d9-ddb5-4fa4-a97d-d965ccfc6d4b" outcome="Passed" testListId="8c84fa94-04c1-424b-9868-57a2d4851a1d" relativeResultsDirectory="f6213763-383e-4ca6-adb9-5d5dbf93e972" /><UnitTestResult executionId="2b855ed1-ebb2-4ed8-b89a-861d5d1f87d3" testId="07908d8e-f1df-4792-86e7-10690215933e" testName="Post_ValidReferencePropertyCreatesModel" computerName="VECTOR" duration="00:00:00.2360000" startTime="2018-05-24T17:13:47.7609516-04:00" endTime="2018-05-24T17:13:47.7609632-04:00" testType="13cdc9d9-ddb5-4fa4-a97d-d965ccfc6d4b" outcome="Passed" testListId="8c84fa94-04c1-424b-9868-57a2d4851a1d" relativeResultsDirectory="2b855ed1-ebb2-4ed8-b89a-861d5d1f87d3" /><UnitTestResult executionId="482739dc-239d-4de4-abe4-9e2b0d620d99" testId="7e3cda42-a7bf-4bdc-b8a1-2b9c64defe87" testName="Patch_ValidReferencePropertyUpdatesModel" computerName="VECTOR" duration="00:00:00.8060000" startTime="2018-05-24T17:13:50.6020372-04:00" endTime="2018-05-24T17:13:50.6020434-04:00" testType="13cdc9d9-ddb5-4fa4-a97d-d965ccfc6d4b" outcome="Passed" testListId="8c84fa94-04c1-424b-9868-57a2d4851a1d" relativeResultsDirectory="482739dc-239d-4de4-abe4-9e2b0d620d99" /><UnitTestResult executionId="d8043982-cc55-4714-b961-bb9db0bed4ef" testId="39bd7fed-4cb6-4c2a-8e85-e007c5a62950" testName="Patch_MultipleInvalidReferencePropertiesReturnsMultipleValidationErrorsAndBadRequest" computerName="VECTOR" duration="00:00:00.0450000" startTime="2018-05-24T17:14:15.1397466-04:00" endTime="2018-05-24T17:14:15.1397526-04:00" testType="13cdc9d9-ddb5-4fa4-a97d-d965ccfc6d4b" outcome="Passed" testListId="8c84fa94-04c1-424b-9868-57a2d4851a1d" relativeResultsDirectory="d8043982-cc55-4714-b961-bb9db0bed4ef" /><UnitTestResult executionId="4c0921f9-65fa-4885-9fac-c6d1f5fe2532" testId="1e724efc-0626-4a99-b469-38d9b7eaaff6" testName="Patch_InvalidPropertyNameReturnsBadRequest" computerName="VECTOR" duration="00:00:00.0060000" startTime="2018-05-24T17:14:06.6965417-04:00" endTime="2018-05-24T17:14:06.6965468-04:00" testType="13cdc9d9-ddb5-4fa4-a97d-d965ccfc6d4b" outcome="Passed" testListId="8c84fa94-04c1-424b-9868-57a2d4851a1d" relativeResultsDirectory="4c0921f9-65fa-4885-9fac-c6d1f5fe2532" /><UnitTestResult executionId="bc9c103b-f59b-437a-a6f2-642890d370ea" testId="7888234a-c4cf-4b93-809d-6388bb819f5f" testName="GetList_ListReturnsCorrectCount" computerName="VECTOR" duration="00:00:00.0410000" startTime="2018-05-24T17:14:14.5232778-04:00" endTime="2018-05-24T17:14:14.5232843-04:00" testType="13cdc9d9-ddb5-4fa4-a97d-d965ccfc6d4b" outcome="Passed" testListId="8c84fa94-04c1-424b-9868-57a2d4851a1d" relativeResultsDirectory="bc9c103b-f59b-437a-a6f2-642890d370ea" /><UnitTestResult executionId="309939a7-4a8a-45c0-83d8-6b2e8285b386" testId="b74c37c0-9418-4ac6-9ef8-9ed8e78c995c" testName="GetFile_NonExistentFileReturnsNotFound" computerName="VECTOR" duration="00:00:00.0140000" startTime="2018-05-24T17:13:52.7378019-04:00" endTime="2018-05-24T17:13:52.7378058-04:00" testType="13cdc9d9-ddb5-4fa4-a97d-d965ccfc6d4b" outcome="Passed" testListId="8c84fa94-04c1-424b-9868-57a2d4851a1d" relativeResultsDirectory="309939a7-4a8a-45c0-83d8-6b2e8285b386" /></Results><TestDefinitions><UnitTest name="Put_CanUpdateModel" storage="d:\users\steve knipmeyer\documents\github\modelrelief\modelrelief.test\bin\debug\netcoreapp2.0\modelrelief.test.dll" id="adf04f76-37b6-4e86-9423-62ef30a8d3a7"><Execution id="41a08215-d9fa-4f59-8f17-51489b93a593" /><TestMethod codeBase="D:\Users\Steve Knipmeyer\Documents\GitHub\ModelRelief\ModelRelief.test\bin\Debug\netcoreapp2.0\ModelRelief.Test.dll" adapterTypeName="executor://xunit/VsTestRunner2/netcoreapp" className="ModelRelief.Test.Integration.Projects.ProjectsBaseIntegrationTests" name="Put_CanUpdateModel" /></UnitTest><UnitTest name="Patch_InvalidIdPropertyReturnsNotFound" storage="d:\users\steve knipmeyer\documents\github\modelrelief\modelrelief.test\bin\debug\netcoreapp2.0\modelrelief.test.dll" id="dcbfdf75-efa2-4dc9-bef3-52b29cf54646"><Execution id="0100414c-22b0-4cc1-979f-14fa6ce7fbb1" /><TestMethod codeBase="D:\Users\Steve Knipmeyer\Documents\GitHub\ModelRelief\ModelRelief.test\bin\Debug\netcoreapp2.0\ModelRelief.Test.dll" adapterTypeName="executor://xunit/VsTestRunner2/netcoreapp" className="ModelRelief.Test.Integration.MeshTransforms.MeshTransformsBaseIntegrationTests" name="Patch_InvalidIdPropertyReturnsNotFound" /></UnitTest><UnitTest name="GetList_ListReturnsCorrectCount" storage="d:\users\steve knipmeyer\documents\github\modelrelief\modelrelief.test\bin\debug\netcoreapp2.0\modelrelief.test.dll" id="541b1a0f-4e8e-4f6f-bbde-2db67166f671"><Execution id="d2415669-65fd-457d-bf3e-f21744f7143e" /><TestMethod codeBase="D:\Users\Steve Knipmeyer\Documents\GitHub\ModelRelief\ModelRelief.test\bin\Debug\netcoreapp2.0\ModelRelief.Test.dll" adapterTypeName="executor://xunit/VsTestRunner2/netcoreapp" className="ModelRelief.Test.Integration.Models.ModelsBaseIntegrationTests" name="GetList_ListReturnsCorrectCount" /></UnitTest><UnitTest name="Put_InvalidReferencePropertyReturndBadRequest" storage="d:\users\steve knipmeyer\documents\github\modelrelief\modelrelief.test\bin\debug\netcoreapp2.0\modelrelief.test.dll" id="f38c8648-9b7b-47d9-a535-883111e81efb"><Execution id="ec51824d-1e05-4a8a-b556-e4e41a4cef1d" /><TestMethod codeBase="D:\Users\Steve Knipmeyer\Documents\GitHub\ModelRelief\ModelRelief.test\bin\Debug\netcoreapp2.0\ModelRelief.Test.dll" adapterTypeName="executor://xunit/VsTestRunner2/netcoreapp" className="ModelRelief.Test.Integration.Projects.ProjectsBaseIntegrationTests" name="Put_InvalidReferencePropertyReturndBadRequest" /></UnitTest><UnitTest name="PostFile_NewFileCanBePosted" storage="d:\users\steve knipmeyer\documents\github\modelrelief\modelrelief.test\bin\debug\netcoreapp2.0\modelrelief.test.dll" id="9178509b-e3ef-4515-960b-544fccf8b353"><Execution id="a334b30e-e924-4ba5-9d98-62ff205b4a1f" /><TestMethod codeBase="D:\Users\Steve Knipmeyer\Documents\GitHub\ModelRelief\ModelRelief.test\bin\Debug\netcoreapp2.0\ModelRelief.Test.dll" adapterTypeName="executor://xunit/VsTestRunner2/netcoreapp" className="ModelRelief.Test.Integration.Models.ModelsFileIntegrationTests" name="PostFile_NewFileCanBePosted" /></UnitTest><UnitTest name="PutFile_FileCanBeUpdated" storage="d:\users\steve knipmeyer\documents\github\modelrelief\modelrelief.test\bin\debug\netcoreapp2.0\modelrelief.test.dll" id="96c1b98e-73b1-495d-8e46-6bda654de78d"><Execution id="9118859c-5a35-41c1-9f2e-307302ae82c2" /><TestMethod codeBase="D:\Users\Steve Knipmeyer\Documents\GitHub\ModelRelief\ModelRelief.test\bin\Debug\netcoreapp2.0\ModelRelief.Test.dll" adapterTypeName="executor://xunit/VsTestRunner2/netcoreapp" className="ModelRelief.Test.Integration.Models.ModelsFileIntegrationTests" name="PutFile_FileCanBeUpdated" /></UnitTest><UnitTest name="Put_InvalidReferencePropertyReturndBadRequest" storage="d:\users\steve knipmeyer\documents\github\modelrelief\modelrelief.test\bin\debug\netcoreapp2.0\modelrelief.test.dll" id="3dad4cff-1382-4e46-bd3b-7b2de5ec57dc"><Execution id="0a5ee21c-406d-48c0-afcd-7cf6278efcbf" /><TestMethod codeBase="D:\Users\Steve Knipmeyer\Documents\GitHub\ModelRelief\ModelRelief.test\bin\Debug\netcoreapp2.0\ModelRelief.Test.dll" adapterTypeName="executor://xunit/VsTestRunner2/netcoreapp" className="ModelRelief.Test.Integration.Meshes.MeshesBaseIntegrationTests" name="Put_InvalidReferencePropertyReturndBadRequest" /></UnitTest><UnitTest name="Delete_TargetModelIsDeleted" storage="d:\users\steve knipmeyer\documents\github\modelrelief\modelrelief.test\bin\debug\netcoreapp2.0\modelrelief.test.dll" id="06352111-6d56-4214-8a84-c69144767476"><Execution id="c0194a35-7e55-45e7-93f7-964253994c14" /><TestMethod codeBase="D:\Users\Steve Knipmeyer\Documents\GitHub\ModelRelief\ModelRelief.test\bin\Debug\netcoreapp2.0\ModelRelief.Test.dll" adapterTypeName="executor://xunit/VsTestRunner2/netcoreapp" className="ModelRelief.Test.Integration.MeshTransforms.MeshTransformsBaseIntegrationTests" name="Delete_TargetModelIsDeleted" /></UnitTest><UnitTest name="PutFile_FileCanBeUpdated" storage="d:\users\steve knipmeyer\documents\github\modelrelief\modelrelief.test\bin\debug\netcoreapp2.0\modelrelief.test.dll" id="4e2810c2-3e29-4a64-ba41-56f78c8e2271"><Execution id="c53c845b-2072-47d7-934c-268ba979b5f5" /><TestMethod codeBase="D:\Users\Steve Knipmeyer\Documents\GitHub\ModelRelief\ModelRelief.test\bin\Debug\netcoreapp2.0\ModelRelief.Test.dll" adapterTypeName="executor://xunit/VsTestRunner2/netcoreapp" className="ModelRelief.Test.Integration.DepthBuffers.DepthBuffersFileIntegrationTests" name="PutFile_FileCanBeUpdated" /></UnitTest><UnitTest name="PostFile_FileIsSynchronizedIsUpdatedAfterFileIsPosted" storage="d:\users\steve knipmeyer\documents\github\modelrelief\modelrelief.test\bin\debug\netcoreapp2.0\modelrelief.test.dll" id="a290780d-82e3-42b4-9828-2df8625737b6"><Execution id="c8d12c46-3f44-4f26-adcc-8d2a4fd10bf5" /><TestMethod codeBase="D:\Users\Steve Knipmeyer\Documents\GitHub\ModelRelief\ModelRelief.test\bin\Debug\netcoreapp2.0\ModelRelief.Test.dll" adapterTypeName="executor://xunit/VsTestRunner2/netcoreapp" className="ModelRelief.Test.Integration.Models.ModelsFileIntegrationTests" name="PostFile_FileIsSynchronizedIsUpdatedAfterFileIsPosted" /></UnitTest><UnitTest name="Patch_ValidReferencePropertyUpdatesModel" storage="d:\users\steve knipmeyer\documents\github\modelrelief\modelrelief.test\bin\debug\netcoreapp2.0\modelrelief.test.dll" id="bdf4741e-9ce6-4df3-bd46-383bac14ea58"><Execution id="dae38974-f927-48e9-b124-bde52c27b754" /><TestMethod codeBase="D:\Users\Steve Knipmeyer\Documents\GitHub\ModelRelief\ModelRelief.test\bin\Debug\netcoreapp2.0\ModelRelief.Test.dll" adapterTypeName="executor://xunit/VsTestRunner2/netcoreapp" className="ModelRelief.Test.Integration.Models.ModelsBaseIntegrationTests" name="Patch_ValidReferencePropertyUpdatesModel" /></UnitTest><UnitTest name="Patch_ValidReferencePropertyUpdatesModel" storage="d:\users\steve knipmeyer\documents\github\modelrelief\modelrelief.test\bin\debug\netcoreapp2.0\modelrelief.test.dll" id="2099789b-1dcd-4427-a000-03d59e4c7dab"><Execution id="70d83e3d-ec5f-46b0-9cc5-8a63cbacd948" /><TestMethod codeBase="D:\Users\Steve Knipmeyer\Documents\GitHub\ModelRelief\ModelRelief.test\bin\Debug\netcoreapp2.0\ModelRelief.Test.dll" adapterTypeName="executor://xunit/VsTestRunner2/netcoreapp" className="ModelRelief.Test.Integration.Projects.ProjectsBaseIntegrationTests" name="Patch_ValidReferencePropertyUpdatesModel" /></UnitTest><UnitTest name="Post_ValidReferencePropertyCreatesModel" storage="d:\users\steve knipmeyer\documents\github\modelrelief\modelrelief.test\bin\debug\netcoreapp2.0\modelrelief.test.dll" id="36fd8e2e-9c78-41b8-a83d-a4140f51e03f"><Execution id="bde79603-8156-43c5-b2d5-51c42a833e16" /><TestMethod codeBase="D:\Users\Steve Knipmeyer\Documents\GitHub\ModelRelief\ModelRelief.test\bin\Debug\netcoreapp2.0\ModelRelief.Test.dll" adapterTypeName="executor://xunit/VsTestRunner2/netcoreapp" className="ModelRelief.Test.Integration.Projects.ProjectsBaseIntegrationTests" name="Post_ValidReferencePropertyCreatesModel" /></UnitTest><UnitTest name="FileRequest_DepthBufferIsInvalidatedAfterCameraDependencyPropertyChange" storage="d:\users\steve knipmeyer\documents\github\modelrelief\modelrelief.test\bin\debug\netcoreapp2.0\modelrelief.test.dll" id="8178bf28-36f2-4580-b5e1-93afa736591b"><Execution id="3bd4969b-b646-41c2-888a-f86cceb590c2" /><TestMethod codeBase="D:\Users\Steve Knipmeyer\Documents\GitHub\ModelRelief\ModelRelief.test\bin\Debug\netcoreapp2.0\ModelRelief.Test.dll" adapterTypeName="executor://xunit/VsTestRunner2/netcoreapp" className="ModelRelief.Test.Integration.DepthBuffers.DepthBuffersFileIntegrationTests" name="FileRequest_DepthBufferIsInvalidatedAfterCameraDependencyPropertyChange" /></UnitTest><UnitTest name="Post_InvalidReferencePropertyReturnsBadRequest" storage="d:\users\steve knipmeyer\documents\github\modelrelief\modelrelief.test\bin\debug\netcoreapp2.0\modelrelief.test.dll" id="ce479797-82cd-42ca-b50a-a10e46cab0dd"><Execution id="93700815-d425-4efa-9339-aca1f998a2e0" /><TestMethod codeBase="D:\Users\Steve Knipmeyer\Documents\GitHub\ModelRelief\ModelRelief.test\bin\Debug\netcoreapp2.0\ModelRelief.Test.dll" adapterTypeName="executor://xunit/VsTestRunner2/netcoreapp" className="ModelRelief.Test.Integration.Projects.ProjectsBaseIntegrationTests" name="Post_InvalidReferencePropertyReturnsBadRequest" /></UnitTest><UnitTest name="Put_InvalidReferencePropertyReturndBadRequest" storage="d:\users\steve knipmeyer\documents\github\modelrelief\modelrelief.test\bin\debug\netcoreapp2.0\modelrelief.test.dll" id="1bde2bb3-7d93-4ad0-b3da-407df8003f1b"><Execution id="79575c64-bc4b-4e3a-a222-06d716de6564" /><TestMethod codeBase="D:\Users\Steve Knipmeyer\Documents\GitHub\ModelRelief\ModelRelief.test\bin\Debug\netcoreapp2.0\ModelRelief.Test.dll" adapterTypeName="executor://xunit/VsTestRunner2/netcoreapp" className="ModelRelief.Test.Integration.Models.ModelsBaseIntegrationTests" name="Put_InvalidReferencePropertyReturndBadRequest" /></UnitTest><UnitTest name="PostFile_FileTimeStampIsUpdatedAfterFileIsPosted" storage="d:\users\steve knipmeyer\documents\github\modelrelief\modelrelief.test\bin\debug\netcoreapp2.0\modelrelief.test.dll" id="68533a80-8645-4217-8d72-3fc384446485"><Execution id="55adcb1e-d2f4-4aaa-b426-22c08274762c" /><TestMethod codeBase="D:\Users\Steve Knipmeyer\Documents\GitHub\ModelRelief\ModelRelief.test\bin\Debug\netcoreapp2.0\ModelRelief.Test.dll" adapterTypeName="executor://xunit/VsTestRunner2/netcoreapp" className="ModelRelief.Test.Integration.Models.ModelsFileIntegrationTests" name="PostFile_FileTimeStampIsUpdatedAfterFileIsPosted" /></UnitTest><UnitTest name="PutFile_FileCanBeUpdated" storage="d:\users\steve knipmeyer\documents\github\modelrelief\modelrelief.test\bin\debug\netcoreapp2.0\modelrelief.test.dll" id="259a5001-a998-477f-8a4f-eb226a2892fc"><Execution id="9432e4e6-56f2-4719-b561-a72348bb262f" /><TestMethod codeBase="D:\Users\Steve Knipmeyer\Documents\GitHub\ModelRelief\ModelRelief.test\bin\Debug\netcoreapp2.0\ModelRelief.Test.dll" adapterTypeName="executor://xunit/VsTestRunner2/netcoreapp" className="ModelRelief.Test.Integration.Meshes.MeshesFileIntegrationTests" name="PutFile_FileCanBeUpdated" /></UnitTest><UnitTest name="FileRequest_FileCanBeReadAfterRename" storage="d:\users\steve knipmeyer\documents\github\modelrelief\modelrelief.test\bin\debug\netcoreapp2.0\modelrelief.test.dll" id="15c75b5c-a9b0-4a18-a71a-0f0a4d17ed7a"><Execution id="7c3911dc-a1a7-41a7-a9fa-1e249ab77c62" /><TestMethod codeBase="D:\Users\Steve Knipmeyer\Documents\GitHub\ModelRelief\ModelRelief.test\bin\Debug\netcoreapp2.0\ModelRelief.Test.dll" adapterTypeName="executor://xunit/VsTestRunner2/netcoreapp" className="ModelRelief.Test.Integration.Meshes.MeshesFileIntegrationTests" name="FileRequest_FileCanBeReadAfterRename" /></UnitTest><UnitTest name="Put_ValidReferencePropertyUpdatesModel" storage="d:\users\steve knipmeyer\documents\github\modelrelief\modelrelief.test\bin\debug\netcoreapp2.0\modelrelief.test.dll" id="1b79db5c-5c70-4987-a63e-5d49ec9c67a3"><Execution id="66b800f0-1910-4026-a634-e62b255b27ab" /><TestMethod codeBase="D:\Users\Steve Knipmeyer\Documents\GitHub\ModelRelief\ModelRelief.test\bin\Debug\netcoreapp2.0\ModelRelief.Test.dll" adapterTypeName="executor://xunit/VsTestRunner2/netcoreapp" className="ModelRelief.Test.Integration.Meshes.MeshesBaseIntegrationTests" name="Put_ValidReferencePropertyUpdatesModel" /></UnitTest><UnitTest name="Patch_InvalidPropertyNameReturnsBadRequest" storage="d:\users\steve knipmeyer\documents\github\modelrelief\modelrelief.test\bin\debug\netcoreapp2.0\modelrelief.test.dll" id="8b77065a-e6ae-4055-9311-b7ad25eb1050"><Execution id="d096c8e4-560e-4708-8618-1258d40d42c8" /><TestMethod codeBase="D:\Users\Steve Knipmeyer\Documents\GitHub\ModelRelief\ModelRelief.test\bin\Debug\netcoreapp2.0\ModelRelief.Test.dll" adapterTypeName="executor://xunit/VsTestRunner2/netcoreapp" className="ModelRelief.Test.Integration.Models.ModelsBaseIntegrationTests" name="Patch_InvalidPropertyNameReturnsBadRequest" /></UnitTest><UnitTest name="Post_InvalidReferencePropertyReturnsBadRequest" storage="d:\users\steve knipmeyer\documents\github\modelrelief\modelrelief.test\bin\debug\netcoreapp2.0\modelrelief.test.dll" id="4b096af1-c033-4271-964d-efd68d882bb6"><Execution id="001dd77a-1252-41a8-ab4b-66c4be14b023" /><TestMethod codeBase="D:\Users\Steve Knipmeyer\Documents\GitHub\ModelRelief\ModelRelief.test\bin\Debug\netcoreapp2.0\ModelRelief.Test.dll" adapterTypeName="executor://xunit/VsTestRunner2/netcoreapp" className="ModelRelief.Test.Integration.Cameras.CamerasBaseIntegrationTests" name="Post_InvalidReferencePropertyReturnsBadRequest" /></UnitTest><UnitTest name="Patch_InvalidPropertyNameReturnsBadRequest" storage="d:\users\steve knipmeyer\documents\github\modelrelief\modelrelief.test\bin\debug\netcoreapp2.0\modelrelief.test.dll" id="3697d356-6802-43e9-a075-af72229fe327"><Execution id="53d3c14a-fce0-4e8b-90db-862f26f42cc7" /><TestMethod codeBase="D:\Users\Steve Knipmeyer\Documents\GitHub\ModelRelief\ModelRelief.test\bin\Debug\netcoreapp2.0\ModelRelief.Test.dll" adapterTypeName="executor://xunit/VsTestRunner2/netcoreapp" className="ModelRelief.Test.Integration.Projects.ProjectsBaseIntegrationTests" name="Patch_InvalidPropertyNameReturnsBadRequest" /></UnitTest><UnitTest name="MeshTransformHasExpectedDependentFiles" storage="d:\users\steve knipmeyer\documents\github\modelrelief\modelrelief.test\bin\debug\netcoreapp2.0\modelrelief.test.dll" id="3a525471-3bd5-4554-b3f9-5552db41d258"><Execution id="6bec6e56-7b86-457b-9bc2-2828c527e3a6" /><TestMethod codeBase="D:\Users\Steve Knipmeyer\Documents\GitHub\ModelRelief\ModelRelief.test\bin\Debug\netcoreapp2.0\ModelRelief.Test.dll" adapterTypeName="executor://xunit/VsTestRunner2/netcoreapp" className="ModelRelief.Test.Unit.DependencyManager.DependencyManagerTests" name="MeshTransformHasExpectedDependentFiles" /></UnitTest><UnitTest name="Put_ValidReferencePropertyUpdatesModel" storage="d:\users\steve knipmeyer\documents\github\modelrelief\modelrelief.test\bin\debug\netcoreapp2.0\modelrelief.test.dll" id="06902b92-1aa3-4be7-8b29-2b7aded71962"><Execution id="82ff8670-7923-444d-8665-142be1017cc2" /><TestMethod codeBase="D:\Users\Steve Knipmeyer\Documents\GitHub\ModelRelief\ModelRelief.test\bin\Debug\netcoreapp2.0\ModelRelief.Test.dll" adapterTypeName="executor://xunit/VsTestRunner2/netcoreapp" className="ModelRelief.Test.Integration.Models.ModelsBaseIntegrationTests" name="Put_ValidReferencePropertyUpdatesModel" /></UnitTest><UnitTest name="GetFile_ExistingFileReturnsSuccess" storage="d:\users\steve knipmeyer\documents\github\modelrelief\modelrelief.test\bin\debug\netcoreapp2.0\modelrelief.test.dll" id="69592fb9-ac0d-4d5f-ad0d-b13e330eb339"><Execution id="5b6bb66f-fbeb-4751-a7e9-0a3145e0b7da" /><TestMethod codeBase="D:\Users\Steve Knipmeyer\Documents\GitHub\ModelRelief\ModelRelief.test\bin\Debug\netcoreapp2.0\ModelRelief.Test.dll" adapterTypeName="executor://xunit/VsTestRunner2/netcoreapp" className="ModelRelief.Test.Integration.Meshes.MeshesFileIntegrationTests" name="GetFile_ExistingFileReturnsSuccess" /></UnitTest><UnitTest name="Post_ValidReferencePropertyCreatesModel" storage="d:\users\steve knipmeyer\documents\github\modelrelief\modelrelief.test\bin\debug\netcoreapp2.0\modelrelief.test.dll" id="07908d8e-f1df-4792-86e7-10690215933e"><Execution id="2b855ed1-ebb2-4ed8-b89a-861d5d1f87d3" /><TestMethod codeBase="D:\Users\Steve Knipmeyer\Documents\GitHub\ModelRelief\ModelRelief.test\bin\Debug\netcoreapp2.0\ModelRelief.Test.dll" adapterTypeName="executor://xunit/VsTestRunner2/netcoreapp" className="ModelRelief.Test.Integration.MeshTransforms.MeshTransformsBaseIntegrationTests" name="Post_ValidReferencePropertyCreatesModel" /></UnitTest><UnitTest name="Patch_InvalidIdPropertyReturnsNotFound" storage="d:\users\steve knipmeyer\documents\github\modelrelief\modelrelief.test\bin\debug\netcoreapp2.0\modelrelief.test.dll" id="d2ab497d-748c-4998-b1e1-15b662cc05a9"><Execution id="1919d6ca-f814-4e4f-8714-cedf5368d382" /><TestMethod codeBase="D:\Users\Steve Knipmeyer\Documents\GitHub\ModelRelief\ModelRelief.test\bin\Debug\netcoreapp2.0\ModelRelief.Test.dll" adapterTypeName="executor://xunit/VsTestRunner2/netcoreapp" className="ModelRelief.Test.Integration.Projects.ProjectsBaseIntegrationTests" name="Patch_InvalidIdPropertyReturnsNotFound" /></UnitTest><UnitTest name="Post_ValidReferencePropertyCreatesModel" storage="d:\users\steve knipmeyer\documents\github\modelrelief\modelrelief.test\bin\debug\netcoreapp2.0\modelrelief.test.dll" id="e92b8669-4bc6-4e29-8c49-7c6ebc3a3dc2"><Execution id="7ed33a7a-7410-4915-984e-2eff2955627b" /><TestMethod codeBase="D:\Users\Steve Knipmeyer\Documents\GitHub\ModelRelief\ModelRelief.test\bin\Debug\netcoreapp2.0\ModelRelief.Test.dll" adapterTypeName="executor://xunit/VsTestRunner2/netcoreapp" className="ModelRelief.Test.Integration.Meshes.MeshesBaseIntegrationTests" name="Post_ValidReferencePropertyCreatesModel" /></UnitTest><UnitTest name="GetSingle_ValidIdPropertyValueReturnsCorrectModel" storage="d:\users\steve knipmeyer\documents\github\modelrelief\modelrelief.test\bin\debug\netcoreapp2.0\modelrelief.test.dll" id="9d10efd7-55e9-4ded-88fa-073054bd4390"><Execution id="99c08671-c537-443c-ab18-ecf450457f0d" /><TestMethod codeBase="D:\Users\Steve Knipmeyer\Documents\GitHub\ModelRelief\ModelRelief.test\bin\Debug\netcoreapp2.0\ModelRelief.Test.dll" adapterTypeName="executor://xunit/VsTestRunner2/netcoreapp" className="ModelRelief.Test.Integration.MeshTransforms.MeshTransformsBaseIntegrationTests" name="GetSingle_ValidIdPropertyValueReturnsCorrectModel" /></UnitTest><UnitTest name="FileRequest_MeshGenerateScalesDepthBufferByLambdaLinearScaling" storage="d:\users\steve knipmeyer\documents\github\modelrelief\modelrelief.test\bin\debug\netcoreapp2.0\modelrelief.test.dll" id="7c0f723a-2f7e-4172-91b5-c97d7293ecc5"><Execution id="2ea3a62d-bbcf-4f46-bffd-519c0af70c0b" /><TestMethod codeBase="D:\Users\Steve Knipmeyer\Documents\GitHub\ModelRelief\ModelRelief.test\bin\Debug\netcoreapp2.0\ModelRelief.Test.dll" adapterTypeName="executor://xunit/VsTestRunner2/netcoreapp" className="ModelRelief.Test.Integration.Meshes.MeshesFileIntegrationTests" name="FileRequest_MeshGenerateScalesDepthBufferByLambdaLinearScaling" /></UnitTest><UnitTest name="Post_CanCreateNewModel" storage="d:\users\steve knipmeyer\documents\github\modelrelief\modelrelief.test\bin\debug\netcoreapp2.0\modelrelief.test.dll" id="fedc7130-2439-40a3-ac6b-5b5b7ba4ad6f"><Execution id="7333cd70-ad3c-4017-a181-01dacfbae24f" /><TestMethod codeBase="D:\Users\Steve Knipmeyer\Documents\GitHub\ModelRelief\ModelRelief.test\bin\Debug\netcoreapp2.0\ModelRelief.Test.dll" adapterTypeName="executor://xunit/VsTestRunner2/netcoreapp" className="ModelRelief.Test.Integration.MeshTransforms.MeshTransformsBaseIntegrationTests" name="Post_CanCreateNewModel" /></UnitTest><UnitTest name="Patch_TargetPropertyIsUpdated" storage="d:\users\steve knipmeyer\documents\github\modelrelief\modelrelief.test\bin\debug\netcoreapp2.0\modelrelief.test.dll" id="92f551d0-59d8-4b57-b704-bf9ea3676886"><Execution id="04bb2525-b39f-4175-8992-28a716b9c6d4" /><TestMethod codeBase="D:\Users\Steve Knipmeyer\Documents\GitHub\ModelRelief\ModelRelief.test\bin\Debug\netcoreapp2.0\ModelRelief.Test.dll" adapterTypeName="executor://xunit/VsTestRunner2/netcoreapp" className="ModelRelief.Test.Integration.Models.ModelsBaseIntegrationTests" name="Patch_TargetPropertyIsUpdated" /></UnitTest><UnitTest name="Post_InvalidPropertyValueReturnsBadRequest" storage="d:\users\steve knipmeyer\documents\github\modelrelief\modelrelief.test\bin\debug\netcoreapp2.0\modelrelief.test.dll" id="f02cc9be-86e7-49c9-96a2-a98872130562"><Execution id="f4a576d5-8e0d-4225-a0d4-cbcb75e9e30f" /><TestMethod codeBase="D:\Users\Steve Knipmeyer\Documents\GitHub\ModelRelief\ModelRelief.test\bin\Debug\netcoreapp2.0\ModelRelief.Test.dll" adapterTypeName="executor://xunit/VsTestRunner2/netcoreapp" className="ModelRelief.Test.Integration.DepthBuffers.DepthBuffersBaseIntegrationTests" name="Post_InvalidPropertyValueReturnsBadRequest" /></UnitTest><UnitTest name="GetSingle_ValidIdPropertyValueReturnsCorrectModel" storage="d:\users\steve knipmeyer\documents\github\modelrelief\modelrelief.test\bin\debug\netcoreapp2.0\modelrelief.test.dll" id="37e47175-14ef-4e78-9a12-265e4a2cd6fb"><Execution id="81a6cfdf-748f-442c-8a6a-1d7984806470" /><TestMethod codeBase="D:\Users\Steve Knipmeyer\Documents\GitHub\ModelRelief\ModelRelief.test\bin\Debug\netcoreapp2.0\ModelRelief.Test.dll" adapterTypeName="executor://xunit/VsTestRunner2/netcoreapp" className="ModelRelief.Test.Integration.Meshes.MeshesBaseIntegrationTests" name="GetSingle_ValidIdPropertyValueReturnsCorrectModel" /></UnitTest><UnitTest name="Patch_InvalidReferencePropertyReturnsBadRequest" storage="d:\users\steve knipmeyer\documents\github\modelrelief\modelrelief.test\bin\debug\netcoreapp2.0\modelrelief.test.dll" id="f4b2f654-8a04-46b8-b73d-c51f7f8aeb42"><Execution id="2b3979a8-aedd-47f5-8b9a-2fd08c527ad5" /><TestMethod codeBase="D:\Users\Steve Knipmeyer\Documents\GitHub\ModelRelief\ModelRelief.test\bin\Debug\netcoreapp2.0\ModelRelief.Test.dll" adapterTypeName="executor://xunit/VsTestRunner2/netcoreapp" className="ModelRelief.Test.Integration.DepthBuffers.DepthBuffersBaseIntegrationTests" name="Patch_InvalidReferencePropertyReturnsBadRequest" /></UnitTest><UnitTest name="GetSingle_InvalidIdPropertyValueReturnsNotFound" storage="d:\users\steve knipmeyer\documents\github\modelrelief\modelrelief.test\bin\debug\netcoreapp2.0\modelrelief.test.dll" id="a7aa25f5-418d-4ce2-9852-c6aeef96c302"><Execution id="9e6a9c87-210d-40f5-b62f-997a21497f70" /><TestMethod codeBase="D:\Users\Steve Knipmeyer\Documents\GitHub\ModelRelief\ModelRelief.test\bin\Debug\netcoreapp2.0\ModelRelief.Test.dll" adapterTypeName="executor://xunit/VsTestRunner2/netcoreapp" className="ModelRelief.Test.Integration.MeshTransforms.MeshTransformsBaseIntegrationTests" name="GetSingle_InvalidIdPropertyValueReturnsNotFound" /></UnitTest><UnitTest name="GetFile_ExistingFileReturnsSuccess" storage="d:\users\steve knipmeyer\documents\github\modelrelief\modelrelief.test\bin\debug\netcoreapp2.0\modelrelief.test.dll" id="f4c0c1a0-6785-47ee-ac21-c4ad48af061e"><Execution id="f01e39a3-7321-4e65-bee7-dbfd77dcde39" /><TestMethod codeBase="D:\Users\Steve Knipmeyer\Documents\GitHub\ModelRelief\ModelRelief.test\bin\Debug\netcoreapp2.0\ModelRelief.Test.dll" adapterTypeName="executor://xunit/VsTestRunner2/netcoreapp" className="ModelRelief.Test.Integration.Models.ModelsFileIntegrationTests" name="GetFile_ExistingFileReturnsSuccess" /></UnitTest><UnitTest name="Post_ValidReferencePropertyCreatesModel" storage="d:\users\steve knipmeyer\documents\github\modelrelief\modelrelief.test\bin\debug\netcoreapp2.0\modelrelief.test.dll" id="40a9289b-d187-44ad-bdcb-f551ae7aa08f"><Execution id="ce9e474e-abb4-4846-9123-78a624d7c6e1" /><TestMethod codeBase="D:\Users\Steve Knipmeyer\Documents\GitHub\ModelRelief\ModelRelief.test\bin\Debug\netcoreapp2.0\ModelRelief.Test.dll" adapterTypeName="executor://xunit/VsTestRunner2/netcoreapp" className="ModelRelief.Test.Integration.DepthBuffers.DepthBuffersBaseIntegrationTests" name="Post_ValidReferencePropertyCreatesModel" /></UnitTest><UnitTest name="Patch_InvalidReferencePropertyReturnsBadRequest" storage="d:\users\steve knipmeyer\documents\github\modelrelief\modelrelief.test\bin\debug\netcoreapp2.0\modelrelief.test.dll" id="54666aba-e49e-4824-83ac-c0f7e07e8482"><Execution id="2d61b1bb-bddc-4e81-8adb-0df12cedc7f5" /><TestMethod codeBase="D:\Users\Steve Knipmeyer\Documents\GitHub\ModelRelief\ModelRelief.test\bin\Debug\netcoreapp2.0\ModelRelief.Test.dll" adapterTypeName="executor://xunit/VsTestRunner2/netcoreapp" className="ModelRelief.Test.Integration.Meshes.MeshesBaseIntegrationTests" name="Patch_InvalidReferencePropertyReturnsBadRequest" /></UnitTest><UnitTest name="Patch_InvalidReferencePropertyReturnsBadRequest" storage="d:\users\steve knipmeyer\documents\github\modelrelief\modelrelief.test\bin\debug\netcoreapp2.0\modelrelief.test.dll" id="6c3ceb62-a973-4f78-978d-71a40f691020"><Execution id="0ba6bb6f-7817-4746-a9d7-25a8abaa9e5a" /><TestMethod codeBase="D:\Users\Steve Knipmeyer\Documents\GitHub\ModelRelief\ModelRelief.test\bin\Debug\netcoreapp2.0\ModelRelief.Test.dll" adapterTypeName="executor://xunit/VsTestRunner2/netcoreapp" className="ModelRelief.Test.Integration.Cameras.CamerasBaseIntegrationTests" name="Patch_InvalidReferencePropertyReturnsBadRequest" /></UnitTest><UnitTest name="Post_CanCreateNewModel" storage="d:\users\steve knipmeyer\documents\github\modelrelief\modelrelief.test\bin\debug\netcoreapp2.0\modelrelief.test.dll" id="04b5298a-eed0-4c41-8c54-5833fb91f3dd"><Execution id="e5c26c90-34ae-4b34-a936-6ef928e80264" /><TestMethod codeBase="D:\Users\Steve Knipmeyer\Documents\GitHub\ModelRelief\ModelRelief.test\bin\Debug\netcoreapp2.0\ModelRelief.Test.dll" adapterTypeName="executor://xunit/VsTestRunner2/netcoreapp" className="ModelRelief.Test.Integration.Projects.ProjectsBaseIntegrationTests" name="Post_CanCreateNewModel" /></UnitTest><UnitTest name="Patch_InvalidEnumPropertyValueReturnsBadRequest" storage="d:\users\steve knipmeyer\documents\github\modelrelief\modelrelief.test\bin\debug\netcoreapp2.0\modelrelief.test.dll" id="92ce5c05-a952-4dfb-a5e6-284d8046ce60"><Execution id="da006002-1b29-4a08-9a8d-a2ae70087a1a" /><TestMethod codeBase="D:\Users\Steve Knipmeyer\Documents\GitHub\ModelRelief\ModelRelief.test\bin\Debug\netcoreapp2.0\ModelRelief.Test.dll" adapterTypeName="executor://xunit/VsTestRunner2/netcoreapp" className="ModelRelief.Test.Integration.Projects.ProjectsBaseIntegrationTests" name="Patch_InvalidEnumPropertyValueReturnsBadRequest" /></UnitTest><UnitTest name="Post_ValidReferencePropertyCreatesModel" storage="d:\users\steve knipmeyer\documents\github\modelrelief\modelrelief.test\bin\debug\netcoreapp2.0\modelrelief.test.dll" id="9c378b3e-c6b6-42f7-a681-3a91017cd856"><Execution id="f8633e6c-9751-4a9b-a9de-1fe44d61e0da" /><TestMethod codeBase="D:\Users\Steve Knipmeyer\Documents\GitHub\ModelRelief\ModelRelief.test\bin\Debug\netcoreapp2.0\ModelRelief.Test.dll" adapterTypeName="executor://xunit/VsTestRunner2/netcoreapp" className="ModelRelief.Test.Integration.Cameras.CamerasBaseIntegrationTests" name="Post_ValidReferencePropertyCreatesModel" /></UnitTest><UnitTest name="Patch_TargetPropertyIsUpdated" storage="d:\users\steve knipmeyer\documents\github\modelrelief\modelrelief.test\bin\debug\netcoreapp2.0\modelrelief.test.dll" id="08aff804-d8c8-4d18-b12b-f0866a714ade"><Execution id="98457a79-5259-4b97-b9ba-5682cdd2ad97" /><TestMethod codeBase="D:\Users\Steve Knipmeyer\Documents\GitHub\ModelRelief\ModelRelief.test\bin\Debug\netcoreapp2.0\ModelRelief.Test.dll" adapterTypeName="executor://xunit/VsTestRunner2/netcoreapp" className="ModelRelief.Test.Integration.MeshTransforms.MeshTransformsBaseIntegrationTests" name="Patch_TargetPropertyIsUpdated" /></UnitTest><UnitTest name="GetSingle_InvalidIdPropertyValueReturnsNotFound" storage="d:\users\steve knipmeyer\documents\github\modelrelief\modelrelief.test\bin\debug\netcoreapp2.0\modelrelief.test.dll" id="ff3de655-8731-43fb-b235-e96e23e7a326"><Execution id="ce4b9a0a-c57f-4b98-8f62-3ba692dbec20" /><TestMethod codeBase="D:\Users\Steve Knipmeyer\Documents\GitHub\ModelRelief\ModelRelief.test\bin\Debug\netcoreapp2.0\ModelRelief.Test.dll" adapterTypeName="executor://xunit/VsTestRunner2/netcoreapp" className="ModelRelief.Test.Integration.Cameras.CamerasBaseIntegrationTests" name="GetSingle_InvalidIdPropertyValueReturnsNotFound" /></UnitTest><UnitTest name="Delete_TargetModelIsDeleted" storage="d:\users\steve knipmeyer\documents\github\modelrelief\modelrelief.test\bin\debug\netcoreapp2.0\modelrelief.test.dll" id="9c4975ef-1d92-4566-96fb-c55a499fc05e"><Execution id="80a2bd00-470f-40dc-b57b-8a6280aa07a3" /><TestMethod codeBase="D:\Users\Steve Knipmeyer\Documents\GitHub\ModelRelief\ModelRelief.test\bin\Debug\netcoreapp2.0\ModelRelief.Test.dll" adapterTypeName="executor://xunit/VsTestRunner2/netcoreapp" className="ModelRelief.Test.Integration.Meshes.MeshesBaseIntegrationTests" name="Delete_TargetModelIsDeleted" /></UnitTest><UnitTest name="Patch_MultipleInvalidReferencePropertiesReturnsMultipleValidationErrorsAndBadRequest" storage="d:\users\steve knipmeyer\documents\github\modelrelief\modelrelief.test\bin\debug\netcoreapp2.0\modelrelief.test.dll" id="39bd7fed-4cb6-4c2a-8e85-e007c5a62950"><Execution id="d8043982-cc55-4714-b961-bb9db0bed4ef" /><TestMethod codeBase="D:\Users\Steve Knipmeyer\Documents\GitHub\ModelRelief\ModelRelief.test\bin\Debug\netcoreapp2.0\ModelRelief.Test.dll" adapterTypeName="executor://xunit/VsTestRunner2/netcoreapp" className="ModelRelief.Test.Integration.Cameras.CamerasBaseIntegrationTests" name="Patch_MultipleInvalidReferencePropertiesReturnsMultipleValidationErrorsAndBadRequest" /></UnitTest><UnitTest name="PutFile_NewFileCanBePut" storage="d:\users\steve knipmeyer\documents\github\modelrelief\modelrelief.test\bin\debug\netcoreapp2.0\modelrelief.test.dll" id="8c019632-b57b-4883-8c7b-96be2c40c1c3"><Execution id="25bc4c15-3628-41eb-b095-76d7a78e76b6" /><TestMethod codeBase="D:\Users\Steve Knipmeyer\Documents\GitHub\ModelRelief\ModelRelief.test\bin\Debug\netcoreapp2.0\ModelRelief.Test.dll" adapterTypeName="executor://xunit/VsTestRunner2/netcoreapp" className="ModelRelief.Test.Integration.Models.ModelsFileIntegrationTests" name="PutFile_NewFileCanBePut" /></UnitTest><UnitTest name="Patch_InvalidEnumPropertyValueReturnsBadRequest" storage="d:\users\steve knipmeyer\documents\github\modelrelief\modelrelief.test\bin\debug\netcoreapp2.0\modelrelief.test.dll" id="e650dafc-ab3d-4d45-a158-15fcf84f2250"><Execution id="55057704-a85e-4262-b1b4-3f4e86a6cd13" /><TestMethod codeBase="D:\Users\Steve Knipmeyer\Documents\GitHub\ModelRelief\ModelRelief.test\bin\Debug\netcoreapp2.0\ModelRelief.Test.dll" adapterTypeName="executor://xunit/VsTestRunner2/netcoreapp" className="ModelRelief.Test.Integration.DepthBuffers.DepthBuffersBaseIntegrationTests" name="Patch_InvalidEnumPropertyValueReturnsBadRequest" /></UnitTest><UnitTest name="DepthBufferHasExpectedDependentFiles" storage="d:\users\steve knipmeyer\documents\github\modelrelief\modelrelief.test\bin\debug\netcoreapp2.0\modelrelief.test.dll" id="ddcf0028-865e-4e1d-be7a-e3734aef9a96"><Execution id="6da6050f-b246-4815-9808-2da2d8d04123" /><TestMethod codeBase="D:\Users\Steve Knipmeyer\Documents\GitHub\ModelRelief\ModelRelief.test\bin\Debug\netcoreapp2.0\ModelRelief.Test.dll" adapterTypeName="executor://xunit/VsTestRunner2/netcoreapp" className="ModelRelief.Test.Unit.DependencyManager.DependencyManagerTests" name="DepthBufferHasExpectedDependentFiles" /></UnitTest><UnitTest name="FileRequest_FileCanBeReadAfterRename" storage="d:\users\steve knipmeyer\documents\github\modelrelief\modelrelief.test\bin\debug\netcoreapp2.0\modelrelief.test.dll" id="d7839bc0-dca0-4cc7-afd5-a35fbca35162"><Execution id="5d55fad2-b996-475b-9ce9-b214c1adc23f" /><TestMethod codeBase="D:\Users\Steve Knipmeyer\Documents\GitHub\ModelRelief\ModelRelief.test\bin\Debug\netcoreapp2.0\ModelRelief.Test.dll" adapterTypeName="executor://xunit/VsTestRunner2/netcoreapp" className="ModelRelief.Test.Integration.DepthBuffers.DepthBuffersFileIntegrationTests" name="FileRequest_FileCanBeReadAfterRename" /></UnitTest><UnitTest name="GetSingle_InvalidIdPropertyValueReturnsNotFound" storage="d:\users\steve knipmeyer\documents\github\modelrelief\modelrelief.test\bin\debug\netcoreapp2.0\modelrelief.test.dll" id="686b3dae-f26f-4520-a4ff-c3f65b6c8315"><Execution id="4ab3fc6f-512e-4a58-b64d-91e4b467c385" /><TestMethod codeBase="D:\Users\Steve Knipmeyer\Documents\GitHub\ModelRelief\ModelRelief.test\bin\Debug\netcoreapp2.0\ModelRelief.Test.dll" adapterTypeName="executor://xunit/VsTestRunner2/netcoreapp" className="ModelRelief.Test.Integration.DepthBuffers.DepthBuffersBaseIntegrationTests" name="GetSingle_InvalidIdPropertyValueReturnsNotFound" /></UnitTest><UnitTest name="LucyModel3dHasTwoDependents" storage="d:\users\steve knipmeyer\documents\github\modelrelief\modelrelief.test\bin\debug\netcoreapp2.0\modelrelief.test.dll" id="2aeacc1b-c55b-4ff3-9bf1-fe76d761f003"><Execution id="b84cccbb-eb75-4778-9a39-3fa8c4d69cc8" /><TestMethod codeBase="D:\Users\Steve Knipmeyer\Documents\GitHub\ModelRelief\ModelRelief.test\bin\Debug\netcoreapp2.0\ModelRelief.Test.dll" adapterTypeName="executor://xunit/VsTestRunner2/netcoreapp" className="ModelRelief.Test.Unit.DependencyManager.DependencyManagerTests" name="LucyModel3dHasTwoDependents" /></UnitTest><UnitTest name="Post_ValidReferencePropertyCreatesModel" storage="d:\users\steve knipmeyer\documents\github\modelrelief\modelrelief.test\bin\debug\netcoreapp2.0\modelrelief.test.dll" id="a700bf99-b343-45c9-a41c-a2d36a39403d"><Execution id="529a72df-1fd2-4895-a5ea-36d208e0c92a" /><TestMethod codeBase="D:\Users\Steve Knipmeyer\Documents\GitHub\ModelRelief\ModelRelief.test\bin\Debug\netcoreapp2.0\ModelRelief.Test.dll" adapterTypeName="executor://xunit/VsTestRunner2/netcoreapp" className="ModelRelief.Test.Integration.Models.ModelsBaseIntegrationTests" name="Post_ValidReferencePropertyCreatesModel" /></UnitTest><UnitTest name="Patch_ValidReferencePropertyUpdatesModel" storage="d:\users\steve knipmeyer\documents\github\modelrelief\modelrelief.test\bin\debug\netcoreapp2.0\modelrelief.test.dll" id="bb34c754-0447-456f-aa1d-35508bf1ef0d"><Execution id="63de3290-e174-4bf1-b621-0379c358326d" /><TestMethod codeBase="D:\Users\Steve Knipmeyer\Documents\GitHub\ModelRelief\ModelRelief.test\bin\Debug\netcoreapp2.0\ModelRelief.Test.dll" adapterTypeName="executor://xunit/VsTestRunner2/netcoreapp" className="ModelRelief.Test.Integration.DepthBuffers.DepthBuffersBaseIntegrationTests" name="Patch_ValidReferencePropertyUpdatesModel" /></UnitTest><UnitTest name="Put_InvalidIdReturnsNotFound" storage="d:\users\steve knipmeyer\documents\github\modelrelief\modelrelief.test\bin\debug\netcoreapp2.0\modelrelief.test.dll" id="d035d34e-3fe1-4362-b576-3d7c4e377403"><Execution id="33cac819-c7f3-46b5-b6b9-7db4a00c883b" /><TestMethod codeBase="D:\Users\Steve Knipmeyer\Documents\GitHub\ModelRelief\ModelRelief.test\bin\Debug\netcoreapp2.0\ModelRelief.Test.dll" adapterTypeName="executor://xunit/VsTestRunner2/netcoreapp" className="ModelRelief.Test.Integration.Models.ModelsBaseIntegrationTests" name="Put_InvalidIdReturnsNotFound" /></UnitTest><UnitTest name="PostFile_FileIsSynchronizedIsUpdatedAfterFileIsPosted" storage="d:\users\steve knipmeyer\documents\github\modelrelief\modelrelief.test\bin\debug\netcoreapp2.0\modelrelief.test.dll" id="e728606c-7b6a-4a9a-a835-ac977f822247"><Execution id="5551204f-e499-4d41-9e3f-9fadbf1d1564" /><TestMethod codeBase="D:\Users\Steve Knipmeyer\Documents\GitHub\ModelRelief\ModelRelief.test\bin\Debug\netcoreapp2.0\ModelRelief.Test.dll" adapterTypeName="executor://xunit/VsTestRunner2/netcoreapp" className="ModelRelief.Test.Integration.Meshes.MeshesFileIntegrationTests" name="PostFile_FileIsSynchronizedIsUpdatedAfterFileIsPosted" /></UnitTest><UnitTest name="Post_InvalidPropertyValueReturnsBadRequest" storage="d:\users\steve knipmeyer\documents\github\modelrelief\modelrelief.test\bin\debug\netcoreapp2.0\modelrelief.test.dll" id="a4013eb0-231a-4dd6-9f9a-761546bdeb2b"><Execution id="2e862f23-b3be-4073-8686-5c72adf39e23" /><TestMethod codeBase="D:\Users\Steve Knipmeyer\Documents\GitHub\ModelRelief\ModelRelief.test\bin\Debug\netcoreapp2.0\ModelRelief.Test.dll" adapterTypeName="executor://xunit/VsTestRunner2/netcoreapp" className="ModelRelief.Test.Integration.Cameras.CamerasBaseIntegrationTests" name="Post_InvalidPropertyValueReturnsBadRequest" /></UnitTest><UnitTest name="Put_ValidReferencePropertyUpdatesModel" storage="d:\users\steve knipmeyer\documents\github\modelrelief\modelrelief.test\bin\debug\netcoreapp2.0\modelrelief.test.dll" id="b3fb3668-760d-4bbb-a691-123088795665"><Execution id="2904f213-a0eb-456b-a219-9055c1630573" /><TestMethod codeBase="D:\Users\Steve Knipmeyer\Documents\GitHub\ModelRelief\ModelRelief.test\bin\Debug\netcoreapp2.0\ModelRelief.Test.dll" adapterTypeName="executor://xunit/VsTestRunner2/netcoreapp" className="ModelRelief.Test.Integration.DepthBuffers.DepthBuffersBaseIntegrationTests" name="Put_ValidReferencePropertyUpdatesModel" /></UnitTest><UnitTest name="Patch_ValidReferencePropertyUpdatesModel" storage="d:\users\steve knipmeyer\documents\github\modelrelief\modelrelief.test\bin\debug\netcoreapp2.0\modelrelief.test.dll" id="d15d05a3-055f-4a41-9113-45fc4a2a8672"><Execution id="c8aacd0c-acfe-40f2-82fa-b69313bc3eb6" /><TestMethod codeBase="D:\Users\Steve Knipmeyer\Documents\GitHub\ModelRelief\ModelRelief.test\bin\Debug\netcoreapp2.0\ModelRelief.Test.dll" adapterTypeName="executor://xunit/VsTestRunner2/netcoreapp" className="ModelRelief.Test.Integration.Cameras.CamerasBaseIntegrationTests" name="Patch_ValidReferencePropertyUpdatesModel" /></UnitTest><UnitTest name="Post_CanCreateNewModel" storage="d:\users\steve knipmeyer\documents\github\modelrelief\modelrelief.test\bin\debug\netcoreapp2.0\modelrelief.test.dll" id="f24e6986-37fc-4e0d-8ec3-0528ca95c652"><Execution id="10e976a5-7401-4c8b-ae98-e63b20381f3b" /><TestMethod codeBase="D:\Users\Steve Knipmeyer\Documents\GitHub\ModelRelief\ModelRelief.test\bin\Debug\netcoreapp2.0\ModelRelief.Test.dll" adapterTypeName="executor://xunit/VsTestRunner2/netcoreapp" className="ModelRelief.Test.Integration.Meshes.MeshesBaseIntegrationTests" name="Post_CanCreateNewModel" /></UnitTest><UnitTest name="PostFile_NewFileCanBePosted" storage="d:\users\steve knipmeyer\documents\github\modelrelief\modelrelief.test\bin\debug\netcoreapp2.0\modelrelief.test.dll" id="5b5549df-dea6-47ed-b2a1-ebfd4d412565"><Execution id="4b367f90-aa61-4b55-beab-04d0bde0d9df" /><TestMethod codeBase="D:\Users\Steve Knipmeyer\Documents\GitHub\ModelRelief\ModelRelief.test\bin\Debug\netcoreapp2.0\ModelRelief.Test.dll" adapterTypeName="executor://xunit/VsTestRunner2/netcoreapp" className="ModelRelief.Test.Integration.Meshes.MeshesFileIntegrationTests" name="PostFile_NewFileCanBePosted" /></UnitTest><UnitTest name="GetList_ListReturnsCorrectCount" storage="d:\users\steve knipmeyer\documents\github\modelrelief\modelrelief.test\bin\debug\netcoreapp2.0\modelrelief.test.dll" id="fc412dd7-1fe2-45c4-8482-de705c131fd7"><Execution id="6000626d-a025-4ce7-9dde-8ff704cf8c6d" /><TestMethod codeBase="D:\Users\Steve Knipmeyer\Documents\GitHub\ModelRelief\ModelRelief.test\bin\Debug\netcoreapp2.0\ModelRelief.Test.dll" adapterTypeName="executor://xunit/VsTestRunner2/netcoreapp" className="ModelRelief.Test.Integration.DepthBuffers.DepthBuffersBaseIntegrationTests" name="GetList_ListReturnsCorrectCount" /></UnitTest><UnitTest name="Model3dHasExpectedDependentFiles" storage="d:\users\steve knipmeyer\documents\github\modelrelief\modelrelief.test\bin\debug\netcoreapp2.0\modelrelief.test.dll" id="561942bf-e93f-447d-a3b9-e91b0091c177"><Execution id="abe47eb9-53d4-4bac-bada-07fcb9b5c74a" /><TestMethod codeBase="D:\Users\Steve Knipmeyer\Documents\GitHub\ModelRelief\ModelRelief.test\bin\Debug\netcoreapp2.0\ModelRelief.Test.dll" adapterTypeName="executor://xunit/VsTestRunner2/netcoreapp" className="ModelRelief.Test.Unit.DependencyManager.DependencyManagerTests" name="Model3dHasExpectedDependentFiles" /></UnitTest><UnitTest name="Post_InvalidReferencePropertyReturnsBadRequest" storage="d:\users\steve knipmeyer\documents\github\modelrelief\modelrelief.test\bin\debug\netcoreapp2.0\modelrelief.test.dll" id="761e93e2-dd46-4f66-8ec4-14f77d166908"><Execution id="31de3010-cea3-419a-a5c4-f1c3d8e2cf8d" /><TestMethod codeBase="D:\Users\Steve Knipmeyer\Documents\GitHub\ModelRelief\ModelRelief.test\bin\Debug\netcoreapp2.0\ModelRelief.Test.dll" adapterTypeName="executor://xunit/VsTestRunner2/netcoreapp" className="ModelRelief.Test.Integration.Meshes.MeshesBaseIntegrationTests" name="Post_InvalidReferencePropertyReturnsBadRequest" /></UnitTest><UnitTest name="GetList_ListReturnsCorrectCount" storage="d:\users\steve knipmeyer\documents\github\modelrelief\modelrelief.test\bin\debug\netcoreapp2.0\modelrelief.test.dll" id="7888234a-c4cf-4b93-809d-6388bb819f5f"><Execution id="bc9c103b-f59b-437a-a6f2-642890d370ea" /><TestMethod codeBase="D:\Users\Steve Knipmeyer\Documents\GitHub\ModelRelief\ModelRelief.test\bin\Debug\netcoreapp2.0\ModelRelief.Test.dll" adapterTypeName="executor://xunit/VsTestRunner2/netcoreapp" className="ModelRelief.Test.Integration.Cameras.CamerasBaseIntegrationTests" name="GetList_ListReturnsCorrectCount" /></UnitTest><UnitTest name="Put_InvalidIdReturnsNotFound" storage="d:\users\steve knipmeyer\documents\github\modelrelief\modelrelief.test\bin\debug\netcoreapp2.0\modelrelief.test.dll" id="0caa89cd-1882-4d51-b55f-1f38907c64f0"><Execution id="45fd7db3-affd-49df-b1c8-beec9ea53113" /><TestMethod codeBase="D:\Users\Steve Knipmeyer\Documents\GitHub\ModelRelief\ModelRelief.test\bin\Debug\netcoreapp2.0\ModelRelief.Test.dll" adapterTypeName="executor://xunit/VsTestRunner2/netcoreapp" className="ModelRelief.Test.Integration.Cameras.CamerasBaseIntegrationTests" name="Put_InvalidIdReturnsNotFound" /></UnitTest><UnitTest name="Put_InvalidIdReturnsNotFound" storage="d:\users\steve knipmeyer\documents\github\modelrelief\modelrelief.test\bin\debug\netcoreapp2.0\modelrelief.test.dll" id="4f056d22-ed91-4fbe-9e3d-ce44c13c171b"><Execution id="6338edcb-fbb5-4498-b447-ef389e211fe0" /><TestMethod codeBase="D:\Users\Steve Knipmeyer\Documents\GitHub\ModelRelief\ModelRelief.test\bin\Debug\netcoreapp2.0\ModelRelief.Test.dll" adapterTypeName="executor://xunit/VsTestRunner2/netcoreapp" className="ModelRelief.Test.Integration.DepthBuffers.DepthBuffersBaseIntegrationTests" name="Put_InvalidIdReturnsNotFound" /></UnitTest><UnitTest name="Patch_InvalidPropertyNameReturnsBadRequest" storage="d:\users\steve knipmeyer\documents\github\modelrelief\modelrelief.test\bin\debug\netcoreapp2.0\modelrelief.test.dll" id="1e724efc-0626-4a99-b469-38d9b7eaaff6"><Execution id="4c0921f9-65fa-4885-9fac-c6d1f5fe2532" /><TestMethod codeBase="D:\Users\Steve Knipmeyer\Documents\GitHub\ModelRelief\ModelRelief.test\bin\Debug\netcoreapp2.0\ModelRelief.Test.dll" adapterTypeName="executor://xunit/VsTestRunner2/netcoreapp" className="ModelRelief.Test.Integration.DepthBuffers.DepthBuffersBaseIntegrationTests" name="Patch_InvalidPropertyNameReturnsBadRequest" /></UnitTest><UnitTest name="GetList_ListReturnsCorrectCount" storage="d:\users\steve knipmeyer\documents\github\modelrelief\modelrelief.test\bin\debug\netcoreapp2.0\modelrelief.test.dll" id="e9ee9fe2-f4a6-429a-a6be-418bdccd8159"><Execution id="a8829a6d-918e-4e84-bf87-2c9147bc724b" /><TestMethod codeBase="D:\Users\Steve Knipmeyer\Documents\GitHub\ModelRelief\ModelRelief.test\bin\Debug\netcoreapp2.0\ModelRelief.Test.dll" adapterTypeName="executor://xunit/VsTestRunner2/netcoreapp" className="ModelRelief.Test.Integration.Meshes.MeshesBaseIntegrationTests" name="GetList_ListReturnsCorrectCount" /></UnitTest><UnitTest name="Patch_InvalidIdPropertyReturnsNotFound" storage="d:\users\steve knipmeyer\documents\github\modelrelief\modelrelief.test\bin\debug\netcoreapp2.0\modelrelief.test.dll" id="f2b52800-3fbe-4d84-9916-67ca7620e416"><Execution id="2c97bba4-b312-4750-b466-00e2aa8c2b4e" /><TestMethod codeBase="D:\Users\Steve Knipmeyer\Documents\GitHub\ModelRelief\ModelRelief.test\bin\Debug\netcoreapp2.0\ModelRelief.Test.dll" adapterTypeName="executor://xunit/VsTestRunner2/netcoreapp" className="ModelRelief.Test.Integration.DepthBuffers.DepthBuffersBaseIntegrationTests" name="Patch_InvalidIdPropertyReturnsNotFound" /></UnitTest><UnitTest name="Post_CanCreateNewModel" storage="d:\users\steve knipmeyer\documents\github\modelrelief\modelrelief.test\bin\debug\netcoreapp2.0\modelrelief.test.dll" id="dfe1f797-3cc3-4eb5-b649-2682f22d3a04"><Execution id="4719f7f5-5108-44f4-8fd8-4ee9e597e302" /><TestMethod codeBase="D:\Users\Steve Knipmeyer\Documents\GitHub\ModelRelief\ModelRelief.test\bin\Debug\netcoreapp2.0\ModelRelief.Test.dll" adapterTypeName="executor://xunit/VsTestRunner2/netcoreapp" className="ModelRelief.Test.Integration.Cameras.CamerasBaseIntegrationTests" name="Post_CanCreateNewModel" /></UnitTest><UnitTest name="Put_InvalidIdReturnsNotFound" storage="d:\users\steve knipmeyer\documents\github\modelrelief\modelrelief.test\bin\debug\netcoreapp2.0\modelrelief.test.dll" id="7acb2d9c-dde7-42ba-880d-43b2998bace6"><Execution id="b5b50e1d-60fc-4542-8903-a31837feadbe" /><TestMethod codeBase="D:\Users\Steve Knipmeyer\Documents\GitHub\ModelRelief\ModelRelief.test\bin\Debug\netcoreapp2.0\ModelRelief.Test.dll" adapterTypeName="executor://xunit/VsTestRunner2/netcoreapp" className="ModelRelief.Test.Integration.Meshes.MeshesBaseIntegrationTests" name="Put_InvalidIdReturnsNotFound" /></UnitTest><UnitTest name="LucyCameraFindsAllDependents" storage="d:\users\steve knipmeyer\documents\github\modelrelief\modelrelief.test\bin\debug\netcoreapp2.0\modelrelief.test.dll" id="3b233091-1bfc-4a53-bd0f-19df7c14a508"><Execution id="0a4bee86-671f-48e8-a915-1b370cbd7936" /><TestMethod codeBase="D:\Users\Steve Knipmeyer\Documents\GitHub\ModelRelief\ModelRelief.test\bin\Debug\netcoreapp2.0\ModelRelief.Test.dll" adapterTypeName="executor://xunit/VsTestRunner2/netcoreapp" className="ModelRelief.Test.Unit.DependencyManager.DependencyManagerTests" name="LucyCameraFindsAllDependents" /></UnitTest><UnitTest name="Patch_InvalidReferencePropertyReturnsBadRequest" storage="d:\users\steve knipmeyer\documents\github\modelrelief\modelrelief.test\bin\debug\netcoreapp2.0\modelrelief.test.dll" id="e5a37ff5-41f3-46e2-b665-6e62f54a36ea"><Execution id="f6213763-383e-4ca6-adb9-5d5dbf93e972" /><TestMethod codeBase="D:\Users\Steve Knipmeyer\Documents\GitHub\ModelRelief\ModelRelief.test\bin\Debug\netcoreapp2.0\ModelRelief.Test.dll" adapterTypeName="executor://xunit/VsTestRunner2/netcoreapp" className="ModelRelief.Test.Integration.Models.ModelsBaseIntegrationTests" name="Patch_InvalidReferencePropertyReturnsBadRequest" /></UnitTest><UnitTest name="Put_ValidReferencePropertyUpdatesModel" storage="d:\users\steve knipmeyer\documents\github\modelrelief\modelrelief.test\bin\debug\netcoreapp2.0\modelrelief.test.dll" id="4f8ee1ac-c6d6-44af-bd24-ce2fe3542ecf"><Execution id="ed9947c6-54e5-40e2-b0e1-3c12ad5e590b" /><TestMethod codeBase="D:\Users\Steve Knipmeyer\Documents\GitHub\ModelRelief\ModelRelief.test\bin\Debug\netcoreapp2.0\ModelRelief.Test.dll" adapterTypeName="executor://xunit/VsTestRunner2/netcoreapp" className="ModelRelief.Test.Integration.Cameras.CamerasBaseIntegrationTests" name="Put_ValidReferencePropertyUpdatesModel" /></UnitTest><UnitTest name="FileRequest_MeshIsInvalidatedAfterDepthBufferFileBecomesUnsynchronized" storage="d:\users\steve knipmeyer\documents\github\modelrelief\modelrelief.test\bin\debug\netcoreapp2.0\modelrelief.test.dll" id="ab48bf4e-24c9-4482-8cb0-7aa297f1a6dc"><Execution id="8d1b2647-066b-4094-bad5-00408271e7ee" /><TestMethod codeBase="D:\Users\Steve Knipmeyer\Documents\GitHub\ModelRelief\ModelRelief.test\bin\Debug\netcoreapp2.0\ModelRelief.Test.dll" adapterTypeName="executor://xunit/VsTestRunner2/netcoreapp" className="ModelRelief.Test.Integration.Meshes.MeshesFileIntegrationTests" name="FileRequest_MeshIsInvalidatedAfterDepthBufferFileBecomesUnsynchronized" /></UnitTest><UnitTest name="FileRequest_FileCanBeReadAfterRename" storage="d:\users\steve knipmeyer\documents\github\modelrelief\modelrelief.test\bin\debug\netcoreapp2.0\modelrelief.test.dll" id="a44b67c2-42f2-4245-a81c-dbb409feb533"><Execution id="01b50566-2d82-45c6-8a0f-f49b59a26493" /><TestMethod codeBase="D:\Users\Steve Knipmeyer\Documents\GitHub\ModelRelief\ModelRelief.test\bin\Debug\netcoreapp2.0\ModelRelief.Test.dll" adapterTypeName="executor://xunit/VsTestRunner2/netcoreapp" className="ModelRelief.Test.Integration.Models.ModelsFileIntegrationTests" name="FileRequest_FileCanBeReadAfterRename" /></UnitTest><UnitTest name="Put_InvalidIdReturnsNotFound" storage="d:\users\steve knipmeyer\documents\github\modelrelief\modelrelief.test\bin\debug\netcoreapp2.0\modelrelief.test.dll" id="9976c394-c1e6-4ceb-af62-2721a466aed0"><Execution id="b3bc2e9e-7ee7-4445-8b14-dd1dfe05e603" /><TestMethod codeBase="D:\Users\Steve Knipmeyer\Documents\GitHub\ModelRelief\ModelRelief.test\bin\Debug\netcoreapp2.0\ModelRelief.Test.dll" adapterTypeName="executor://xunit/VsTestRunner2/netcoreapp" className="ModelRelief.Test.Integration.Projects.ProjectsBaseIntegrationTests" name="Put_InvalidIdReturnsNotFound" /></UnitTest><UnitTest name="Patch_InvalidEnumPropertyValueReturnsBadRequest" storage="d:\users\steve knipmeyer\documents\github\modelrelief\modelrelief.test\bin\debug\netcoreapp2.0\modelrelief.test.dll" id="6b0685bf-91e4-46a5-b130-a6299b8a6479"><Execution id="1364a35c-2c00-485a-84ea-b8b3276307a2" /><TestMethod codeBase="D:\Users\Steve Knipmeyer\Documents\GitHub\ModelRelief\ModelRelief.test\bin\Debug\netcoreapp2.0\ModelRelief.Test.dll" adapterTypeName="executor://xunit/VsTestRunner2/netcoreapp" className="ModelRelief.Test.Integration.Cameras.CamerasBaseIntegrationTests" name="Patch_InvalidEnumPropertyValueReturnsBadRequest" /></UnitTest><UnitTest name="Put_CanUpdateModel" storage="d:\users\steve knipmeyer\documents\github\modelrelief\modelrelief.test\bin\debug\netcoreapp2.0\modelrelief.test.dll" id="314aa681-3841-4348-9360-2c4d34fbf63e"><Execution id="fbca60bd-35be-4dfc-b445-0bd54f0f2e7a" /><TestMethod codeBase="D:\Users\Steve Knipmeyer\Documents\GitHub\ModelRelief\ModelRelief.test\bin\Debug\netcoreapp2.0\ModelRelief.Test.dll" adapterTypeName="executor://xunit/VsTestRunner2/netcoreapp" className="ModelRelief.Test.Integration.Models.ModelsBaseIntegrationTests" name="Put_CanUpdateModel" /></UnitTest><UnitTest name="PostFile_FileTimeStampIsUpdatedAfterFileIsPosted" storage="d:\users\steve knipmeyer\documents\github\modelrelief\modelrelief.test\bin\debug\netcoreapp2.0\modelrelief.test.dll" id="80eaab64-7e58-4a86-ac2c-e841c62e12f2"><Execution id="c33682c8-d60e-4285-b3c5-04e7160edf2e" /><TestMethod codeBase="D:\Users\Steve Knipmeyer\Documents\GitHub\ModelRelief\ModelRelief.test\bin\Debug\netcoreapp2.0\ModelRelief.Test.dll" adapterTypeName="executor://xunit/VsTestRunner2/netcoreapp" className="ModelRelief.Test.Integration.Meshes.MeshesFileIntegrationTests" name="PostFile_FileTimeStampIsUpdatedAfterFileIsPosted" /></UnitTest><UnitTest name="Patch_MultipleInvalidReferencePropertiesReturnsMultipleValidationErrorsAndBadRequest" storage="d:\users\steve knipmeyer\documents\github\modelrelief\modelrelief.test\bin\debug\netcoreapp2.0\modelrelief.test.dll" id="7c4a3ff6-efb1-4936-912f-0af4c55cb6ea"><Execution id="57155a7d-9dc1-4d7a-b3bd-5fc738c84f5e" /><TestMethod codeBase="D:\Users\Steve Knipmeyer\Documents\GitHub\ModelRelief\ModelRelief.test\bin\Debug\netcoreapp2.0\ModelRelief.Test.dll" adapterTypeName="executor://xunit/VsTestRunner2/netcoreapp" className="ModelRelief.Test.Integration.Models.ModelsBaseIntegrationTests" name="Patch_MultipleInvalidReferencePropertiesReturnsMultipleValidationErrorsAndBadRequest" /></UnitTest><UnitTest name="Patch_ValidReferencePropertyUpdatesModel" storage="d:\users\steve knipmeyer\documents\github\modelrelief\modelrelief.test\bin\debug\netcoreapp2.0\modelrelief.test.dll" id="cd404a79-23f8-4f4d-9673-533ba7bcabb7"><Execution id="904edbe2-e2b7-4499-b06c-ced729237c71" /><TestMethod codeBase="D:\Users\Steve Knipmeyer\Documents\GitHub\ModelRelief\ModelRelief.test\bin\Debug\netcoreapp2.0\ModelRelief.Test.dll" adapterTypeName="executor://xunit/VsTestRunner2/netcoreapp" className="ModelRelief.Test.Integration.MeshTransforms.MeshTransformsBaseIntegrationTests" name="Patch_ValidReferencePropertyUpdatesModel" /></UnitTest><UnitTest name="Put_ValidReferencePropertyUpdatesModel" storage="d:\users\steve knipmeyer\documents\github\modelrelief\modelrelief.test\bin\debug\netcoreapp2.0\modelrelief.test.dll" id="4be65121-13b2-46a4-af40-625c2c8721f8"><Execution id="54d7e675-f6a6-48fb-b8b3-8c5018a5988d" /><TestMethod codeBase="D:\Users\Steve Knipmeyer\Documents\GitHub\ModelRelief\ModelRelief.test\bin\Debug\netcoreapp2.0\ModelRelief.Test.dll" adapterTypeName="executor://xunit/VsTestRunner2/netcoreapp" className="ModelRelief.Test.Integration.Projects.ProjectsBaseIntegrationTests" name="Put_ValidReferencePropertyUpdatesModel" /></UnitTest><UnitTest name="Put_CanUpdateModel" storage="d:\users\steve knipmeyer\documents\github\modelrelief\modelrelief.test\bin\debug\netcoreapp2.0\modelrelief.test.dll" id="dbc911b2-d3ab-4134-a685-6cea2d81dbe1"><Execution id="2b7ffd75-ce26-4af3-a738-34c01481bb53" /><TestMethod codeBase="D:\Users\Steve Knipmeyer\Documents\GitHub\ModelRelief\ModelRelief.test\bin\Debug\netcoreapp2.0\ModelRelief.Test.dll" adapterTypeName="executor://xunit/VsTestRunner2/netcoreapp" className="ModelRelief.Test.Integration.DepthBuffers.DepthBuffersBaseIntegrationTests" name="Put_CanUpdateModel" /></UnitTest><UnitTest name="Patch_InvalidPropertyNameReturnsBadRequest" storage="d:\users\steve knipmeyer\documents\github\modelrelief\modelrelief.test\bin\debug\netcoreapp2.0\modelrelief.test.dll" id="d4c56a66-3a21-473f-a2bf-bd2221b8118d"><Execution id="5c604a58-4a2b-4cda-a7b1-a1a40024128a" /><TestMethod codeBase="D:\Users\Steve Knipmeyer\Documents\GitHub\ModelRelief\ModelRelief.test\bin\Debug\netcoreapp2.0\ModelRelief.Test.dll" adapterTypeName="executor://xunit/VsTestRunner2/netcoreapp" className="ModelRelief.Test.Integration.Cameras.CamerasBaseIntegrationTests" name="Patch_InvalidPropertyNameReturnsBadRequest" /></UnitTest><UnitTest name="Patch_TargetPropertyIsUpdated" storage="d:\users\steve knipmeyer\documents\github\modelrelief\modelrelief.test\bin\debug\netcoreapp2.0\modelrelief.test.dll" id="ce8e3e4f-ffd0-4ea8-929a-07cb1376b66a"><Execution id="c7d8f262-3391-440a-a99c-8ce8fb7e46bb" /><TestMethod codeBase="D:\Users\Steve Knipmeyer\Documents\GitHub\ModelRelief\ModelRelief.test\bin\Debug\netcoreapp2.0\ModelRelief.Test.dll" adapterTypeName="executor://xunit/VsTestRunner2/netcoreapp" className="ModelRelief.Test.Integration.DepthBuffers.DepthBuffersBaseIntegrationTests" name="Patch_TargetPropertyIsUpdated" /></UnitTest><UnitTest name="GetFile_NonExistentFileReturnsNotFound" storage="d:\users\steve knipmeyer\documents\github\modelrelief\modelrelief.test\bin\debug\netcoreapp2.0\modelrelief.test.dll" id="2f661cbe-4415-43f5-bdf0-c3af24a79bf6"><Execution id="c7e4eedd-d49e-4806-8d94-5387ab6553c5" /><TestMethod codeBase="D:\Users\Steve Knipmeyer\Documents\GitHub\ModelRelief\ModelRelief.test\bin\Debug\netcoreapp2.0\ModelRelief.Test.dll" adapterTypeName="executor://xunit/VsTestRunner2/netcoreapp" className="ModelRelief.Test.Integration.Models.ModelsFileIntegrationTests" name="GetFile_NonExistentFileReturnsNotFound" /></UnitTest><UnitTest name="Patch_TargetPropertyIsUpdated" storage="d:\users\steve knipmeyer\documents\github\modelrelief\modelrelief.test\bin\debug\netcoreapp2.0\modelrelief.test.dll" id="93d49c5c-cdf9-4378-9683-236bacd60c62"><Execution id="01da1a87-294d-4e97-ad8e-0ca7f4579a3a" /><TestMethod codeBase="D:\Users\Steve Knipmeyer\Documents\GitHub\ModelRelief\ModelRelief.test\bin\Debug\netcoreapp2.0\ModelRelief.Test.dll" adapterTypeName="executor://xunit/VsTestRunner2/netcoreapp" className="ModelRelief.Test.Integration.Cameras.CamerasBaseIntegrationTests" name="Patch_TargetPropertyIsUpdated" /></UnitTest><UnitTest name="Put_CanUpdateModel" storage="d:\users\steve knipmeyer\documents\github\modelrelief\modelrelief.test\bin\debug\netcoreapp2.0\modelrelief.test.dll" id="f8c3b525-314e-44ec-841e-d384ebd7ef18"><Execution id="7e3cdb78-13fb-4c50-8c16-c15e45031b40" /><TestMethod codeBase="D:\Users\Steve Knipmeyer\Documents\GitHub\ModelRelief\ModelRelief.test\bin\Debug\netcoreapp2.0\ModelRelief.Test.dll" adapterTypeName="executor://xunit/VsTestRunner2/netcoreapp" className="ModelRelief.Test.Integration.Meshes.MeshesBaseIntegrationTests" name="Put_CanUpdateModel" /></UnitTest><UnitTest name="Post_InvalidPropertyValueReturnsBadRequest" storage="d:\users\steve knipmeyer\documents\github\modelrelief\modelrelief.test\bin\debug\netcoreapp2.0\modelrelief.test.dll" id="556add8b-06fb-4f41-bcc4-8b842190ada6"><Execution id="fdf89101-78f1-40a0-a04d-d15c72924b1e" /><TestMethod codeBase="D:\Users\Steve Knipmeyer\Documents\GitHub\ModelRelief\ModelRelief.test\bin\Debug\netcoreapp2.0\ModelRelief.Test.dll" adapterTypeName="executor://xunit/VsTestRunner2/netcoreapp" className="ModelRelief.Test.Integration.MeshTransforms.MeshTransformsBaseIntegrationTests" name="Post_InvalidPropertyValueReturnsBadRequest" /></UnitTest><UnitTest name="Put_InvalidReferencePropertyReturndBadRequest" storage="d:\users\steve knipmeyer\documents\github\modelrelief\modelrelief.test\bin\debug\netcoreapp2.0\modelrelief.test.dll" id="facaed42-6e3a-4436-9ea8-d4695a69f34d"><Execution id="fac3d5bb-192f-4461-b3d9-0e00065b5efe" /><TestMethod codeBase="D:\Users\Steve Knipmeyer\Documents\GitHub\ModelRelief\ModelRelief.test\bin\Debug\netcoreapp2.0\ModelRelief.Test.dll" adapterTypeName="executor://xunit/VsTestRunner2/netcoreapp" className="ModelRelief.Test.Integration.Cameras.CamerasBaseIntegrationTests" name="Put_InvalidReferencePropertyReturndBadRequest" /></UnitTest><UnitTest name="Patch_InvalidEnumPropertyValueReturnsBadRequest" storage="d:\users\steve knipmeyer\documents\github\modelrelief\modelrelief.test\bin\debug\netcoreapp2.0\modelrelief.test.dll" id="3719e4ac-2c59-4b17-97ca-1fdd5ffcdae6"><Execution id="60dd55d0-2a32-4145-814e-f6495140052a" /><TestMethod codeBase="D:\Users\Steve Knipmeyer\Documents\GitHub\ModelRelief\ModelRelief.test\bin\Debug\netcoreapp2.0\ModelRelief.Test.dll" adapterTypeName="executor://xunit/VsTestRunner2/netcoreapp" className="ModelRelief.Test.Integration.Meshes.MeshesBaseIntegrationTests" name="Patch_InvalidEnumPropertyValueReturnsBadRequest" /></UnitTest><UnitTest name="Post_InvalidPropertyValueReturnsBadRequest" storage="d:\users\steve knipmeyer\documents\github\modelrelief\modelrelief.test\bin\debug\netcoreapp2.0\modelrelief.test.dll" id="54a7c673-c540-467a-baa8-d8aa39105ecf"><Execution id="fa828932-2003-4aa0-b4c7-65b4f5351703" /><TestMethod codeBase="D:\Users\Steve Knipmeyer\Documents\GitHub\ModelRelief\ModelRelief.test\bin\Debug\netcoreapp2.0\ModelRelief.Test.dll" adapterTypeName="executor://xunit/VsTestRunner2/netcoreapp" className="ModelRelief.Test.Integration.Projects.ProjectsBaseIntegrationTests" name="Post_InvalidPropertyValueReturnsBadRequest" /></UnitTest><UnitTest name="Patch_InvalidIdPropertyReturnsNotFound" storage="d:\users\steve knipmeyer\documents\github\modelrelief\modelrelief.test\bin\debug\netcoreapp2.0\modelrelief.test.dll" id="519b4b19-c2e7-4952-bd8b-2ce320c61ab2"><Execution id="f37df8cf-a39f-4c03-b51b-a2b8de4877b9" /><TestMethod codeBase="D:\Users\Steve Knipmeyer\Documents\GitHub\ModelRelief\ModelRelief.test\bin\Debug\netcoreapp2.0\ModelRelief.Test.dll" adapterTypeName="executor://xunit/VsTestRunner2/netcoreapp" className="ModelRelief.Test.Integration.Meshes.MeshesBaseIntegrationTests" name="Patch_InvalidIdPropertyReturnsNotFound" /></UnitTest><UnitTest name="Patch_InvalidPropertyNameReturnsBadRequest" storage="d:\users\steve knipmeyer\documents\github\modelrelief\modelrelief.test\bin\debug\netcoreapp2.0\modelrelief.test.dll" id="b7503969-316a-441f-a9c5-2fa9bd01da1a"><Execution id="17073444-d026-42db-92e3-c737c43e2a4c" /><TestMethod codeBase="D:\Users\Steve Knipmeyer\Documents\GitHub\ModelRelief\ModelRelief.test\bin\Debug\netcoreapp2.0\ModelRelief.Test.dll" adapterTypeName="executor://xunit/VsTestRunner2/netcoreapp" className="ModelRelief.Test.Integration.MeshTransforms.MeshTransformsBaseIntegrationTests" name="Patch_InvalidPropertyNameReturnsBadRequest" /></UnitTest><UnitTest name="PutFile_NewFileCanBePut" storage="d:\users\steve knipmeyer\documents\github\modelrelief\modelrelief.test\bin\debug\netcoreapp2.0\modelrelief.test.dll" id="98be03e6-1692-4adf-84cb-e188c77e72cb"><Execution id="9061852e-883b-4b63-8500-fc1737801fb0" /><TestMethod codeBase="D:\Users\Steve Knipmeyer\Documents\GitHub\ModelRelief\ModelRelief.test\bin\Debug\netcoreapp2.0\ModelRelief.Test.dll" adapterTypeName="executor://xunit/VsTestRunner2/netcoreapp" className="ModelRelief.Test.Integration.Meshes.MeshesFileIntegrationTests" name="PutFile_NewFileCanBePut" /></UnitTest><UnitTest name="Patch_InvalidPropertyNameReturnsBadRequest" storage="d:\users\steve knipmeyer\documents\github\modelrelief\modelrelief.test\bin\debug\netcoreapp2.0\modelrelief.test.dll" id="742a2716-7929-44d5-b514-9caf1d502504"><Execution id="a35bd48a-e394-4663-a161-5e038b15c5c1" /><TestMethod codeBase="D:\Users\Steve Knipmeyer\Documents\GitHub\ModelRelief\ModelRelief.test\bin\Debug\netcoreapp2.0\ModelRelief.Test.dll" adapterTypeName="executor://xunit/VsTestRunner2/netcoreapp" className="ModelRelief.Test.Integration.Meshes.MeshesBaseIntegrationTests" name="Patch_InvalidPropertyNameReturnsBadRequest" /></UnitTest><UnitTest name="Patch_InvalidIdPropertyReturnsNotFound" storage="d:\users\steve knipmeyer\documents\github\modelrelief\modelrelief.test\bin\debug\netcoreapp2.0\modelrelief.test.dll" id="a747c3fe-884c-465f-acab-d9890b6bb281"><Execution id="3739532e-c01f-4cdd-9652-6486f4729409" /><TestMethod codeBase="D:\Users\Steve Knipmeyer\Documents\GitHub\ModelRelief\ModelRelief.test\bin\Debug\netcoreapp2.0\ModelRelief.Test.dll" adapterTypeName="executor://xunit/VsTestRunner2/netcoreapp" className="ModelRelief.Test.Integration.Cameras.CamerasBaseIntegrationTests" name="Patch_InvalidIdPropertyReturnsNotFound" /></UnitTest><UnitTest name="GetFile_FileCanBeRoundTripped" storage="d:\users\steve knipmeyer\documents\github\modelrelief\modelrelief.test\bin\debug\netcoreapp2.0\modelrelief.test.dll" id="976acc33-2a07-4d8b-922b-a53cbdc2962f"><Execution id="fc7c61b1-f96e-4f77-880e-ace10fa70343" /><TestMethod codeBase="D:\Users\Steve Knipmeyer\Documents\GitHub\ModelRelief\ModelRelief.test\bin\Debug\netcoreapp2.0\ModelRelief.Test.dll" adapterTypeName="executor://xunit/VsTestRunner2/netcoreapp" className="ModelRelief.Test.Integration.Models.ModelsFileIntegrationTests" name="GetFile_FileCanBeRoundTripped" /></UnitTest><UnitTest name="Patch_TargetPropertyIsUpdated" storage="d:\users\steve knipmeyer\documents\github\modelrelief\modelrelief.test\bin\debug\netcoreapp2.0\modelrelief.test.dll" id="316680d7-bfbb-4141-9e79-77f78d74413a"><Execution id="b46726d2-6908-47a0-abfc-40828793102e" /><TestMethod codeBase="D:\Users\Steve Knipmeyer\Documents\GitHub\ModelRelief\ModelRelief.test\bin\Debug\netcoreapp2.0\ModelRelief.Test.dll" adapterTypeName="executor://xunit/VsTestRunner2/netcoreapp" className="ModelRelief.Test.Integration.Meshes.MeshesBaseIntegrationTests" name="Patch_TargetPropertyIsUpdated" /></UnitTest><UnitTest name="GetSingle_InvalidIdPropertyValueReturnsNotFound" storage="d:\users\steve knipmeyer\documents\github\modelrelief\modelrelief.test\bin\debug\netcoreapp2.0\modelrelief.test.dll" id="aa971310-4aee-45e4-b8e1-140a92b00e37"><Execution id="9d6c5290-9953-447c-8266-118bf324b7bb" /><TestMethod codeBase="D:\Users\Steve Knipmeyer\Documents\GitHub\ModelRelief\ModelRelief.test\bin\Debug\netcoreapp2.0\ModelRelief.Test.dll" adapterTypeName="executor://xunit/VsTestRunner2/netcoreapp" className="ModelRelief.Test.Integration.Models.ModelsBaseIntegrationTests" name="GetSingle_InvalidIdPropertyValueReturnsNotFound" /></UnitTest><UnitTest name="Put_CanUpdateModel" storage="d:\users\steve knipmeyer\documents\github\modelrelief\modelrelief.test\bin\debug\netcoreapp2.0\modelrelief.test.dll" id="596f0d3b-ee61-4349-a3fc-5ffedff01f85"><Execution id="40102017-1b8a-4018-8351-7c37a6902522" /><TestMethod codeBase="D:\Users\Steve Knipmeyer\Documents\GitHub\ModelRelief\ModelRelief.test\bin\Debug\netcoreapp2.0\ModelRelief.Test.dll" adapterTypeName="executor://xunit/VsTestRunner2/netcoreapp" className="ModelRelief.Test.Integration.Cameras.CamerasBaseIntegrationTests" name="Put_CanUpdateModel" /></UnitTest><UnitTest name="Patch_MultipleInvalidReferencePropertiesReturnsMultipleValidationErrorsAndBadRequest" storage="d:\users\steve knipmeyer\documents\github\modelrelief\modelrelief.test\bin\debug\netcoreapp2.0\modelrelief.test.dll" id="d8ea90c4-7dd7-4b0d-a3cf-645d60344f99"><Execution id="68e41005-b204-4dc6-bc6b-2d48f2854594" /><TestMethod codeBase="D:\Users\Steve Knipmeyer\Documents\GitHub\ModelRelief\ModelRelief.test\bin\Debug\netcoreapp2.0\ModelRelief.Test.dll" adapterTypeName="executor://xunit/VsTestRunner2/netcoreapp" className="ModelRelief.Test.Integration.Meshes.MeshesBaseIntegrationTests" name="Patch_MultipleInvalidReferencePropertiesReturnsMultipleValidationErrorsAndBadRequest" /></UnitTest><UnitTest name="Patch_InvalidEnumPropertyValueReturnsBadRequest" storage="d:\users\steve knipmeyer\documents\github\modelrelief\modelrelief.test\bin\debug\netcoreapp2.0\modelrelief.test.dll" id="e7205aa3-2c42-4ea4-9fee-318bcc5697c9"><Execution id="ecba9d9c-cd75-4139-a175-227e49c69f63" /><TestMethod codeBase="D:\Users\Steve Knipmeyer\Documents\GitHub\ModelRelief\ModelRelief.test\bin\Debug\netcoreapp2.0\ModelRelief.Test.dll" adapterTypeName="executor://xunit/VsTestRunner2/netcoreapp" className="ModelRelief.Test.Integration.Models.ModelsBaseIntegrationTests" name="Patch_InvalidEnumPropertyValueReturnsBadRequest" /></UnitTest><UnitTest name="Delete_TargetModelIsDeleted" storage="d:\users\steve knipmeyer\documents\github\modelrelief\modelrelief.test\bin\debug\netcoreapp2.0\modelrelief.test.dll" id="1e2e1fdf-a143-43bd-ac61-041afd9d0dd6"><Execution id="66774f44-da1d-41c0-9934-fc19bd5baa73" /><TestMethod codeBase="D:\Users\Steve Knipmeyer\Documents\GitHub\ModelRelief\ModelRelief.test\bin\Debug\netcoreapp2.0\ModelRelief.Test.dll" adapterTypeName="executor://xunit/VsTestRunner2/netcoreapp" className="ModelRelief.Test.Integration.Models.ModelsBaseIntegrationTests" name="Delete_TargetModelIsDeleted" /></UnitTest><UnitTest name="Patch_InvalidEnumPropertyValueReturnsBadRequest" storage="d:\users\steve knipmeyer\documents\github\modelrelief\modelrelief.test\bin\debug\netcoreapp2.0\modelrelief.test.dll" id="99b23083-8a0c-4629-91db-dcb989e24500"><Execution id="68d9e39b-0625-45c0-897e-05912103737d" /><TestMethod codeBase="D:\Users\Steve Knipmeyer\Documents\GitHub\ModelRelief\ModelRelief.test\bin\Debug\netcoreapp2.0\ModelRelief.Test.dll" adapterTypeName="executor://xunit/VsTestRunner2/netcoreapp" className="ModelRelief.Test.Integration.MeshTransforms.MeshTransformsBaseIntegrationTests" name="Patch_InvalidEnumPropertyValueReturnsBadRequest" /></UnitTest><UnitTest name="Delete_TargetModelIsDeleted" storage="d:\users\steve knipmeyer\documents\github\modelrelief\modelrelief.test\bin\debug\netcoreapp2.0\modelrelief.test.dll" id="ed7f7aa9-47a0-47cd-bf29-1e7b0b262a87"><Execution id="943246aa-4268-4900-8bb4-05f526527730" /><TestMethod codeBase="D:\Users\Steve Knipmeyer\Documents\GitHub\ModelRelief\ModelRelief.test\bin\Debug\netcoreapp2.0\ModelRelief.Test.dll" adapterTypeName="executor://xunit/VsTestRunner2/netcoreapp" className="ModelRelief.Test.Integration.Cameras.CamerasBaseIntegrationTests" name="Delete_TargetModelIsDeleted" /></UnitTest><UnitTest name="Delete_TargetModelIsDeleted" storage="d:\users\steve knipmeyer\documents\github\modelrelief\modelrelief.test\bin\debug\netcoreapp2.0\modelrelief.test.dll" id="7d5bfd91-2aec-4327-9818-4fc126b372eb"><Execution id="edf377b2-3186-413e-af54-8a92953d7616" /><TestMethod codeBase="D:\Users\Steve Knipmeyer\Documents\GitHub\ModelRelief\ModelRelief.test\bin\Debug\netcoreapp2.0\ModelRelief.Test.dll" adapterTypeName="executor://xunit/VsTestRunner2/netcoreapp" className="ModelRelief.Test.Integration.DepthBuffers.DepthBuffersBaseIntegrationTests" name="Delete_TargetModelIsDeleted" /></UnitTest><UnitTest name="GetFile_NonExistentFileReturnsNotFound" storage="d:\users\steve knipmeyer\documents\github\modelrelief\modelrelief.test\bin\debug\netcoreapp2.0\modelrelief.test.dll" id="b74c37c0-9418-4ac6-9ef8-9ed8e78c995c"><Execution id="309939a7-4a8a-45c0-83d8-6b2e8285b386" /><TestMethod codeBase="D:\Users\Steve Knipmeyer\Documents\GitHub\ModelRelief\ModelRelief.test\bin\Debug\netcoreapp2.0\ModelRelief.Test.dll" adapterTypeName="executor://xunit/VsTestRunner2/netcoreapp" className="ModelRelief.Test.Integration.Meshes.MeshesFileIntegrationTests" name="GetFile_NonExistentFileReturnsNotFound" /></UnitTest><UnitTest name="Patch_InvalidReferencePropertyReturnsBadRequest" storage="d:\users\steve knipmeyer\documents\github\modelrelief\modelrelief.test\bin\debug\netcoreapp2.0\modelrelief.test.dll" id="b3e48465-300f-4dfe-9b01-310ca475a70c"><Execution id="3c94f111-178a-4a1b-9b95-c41420c16044" /><TestMethod codeBase="D:\Users\Steve Knipmeyer\Documents\GitHub\ModelRelief\ModelRelief.test\bin\Debug\netcoreapp2.0\ModelRelief.Test.dll" adapterTypeName="executor://xunit/VsTestRunner2/netcoreapp" className="ModelRelief.Test.Integration.MeshTransforms.MeshTransformsBaseIntegrationTests" name="Patch_InvalidReferencePropertyReturnsBadRequest" /></UnitTest><UnitTest name="Put_InvalidIdReturnsNotFound" storage="d:\users\steve knipmeyer\documents\github\modelrelief\modelrelief.test\bin\debug\netcoreapp2.0\modelrelief.test.dll" id="f6ffac3e-2759-478f-9927-b0217d0ed72e"><Execution id="c348c932-e650-4279-b1b7-c4ac9bfc9bb9" /><TestMethod codeBase="D:\Users\Steve Knipmeyer\Documents\GitHub\ModelRelief\ModelRelief.test\bin\Debug\netcoreapp2.0\ModelRelief.Test.dll" adapterTypeName="executor://xunit/VsTestRunner2/netcoreapp" className="ModelRelief.Test.Integration.MeshTransforms.MeshTransformsBaseIntegrationTests" name="Put_InvalidIdReturnsNotFound" /></UnitTest><UnitTest name="LucyDepthBufferFindsOneDependent" storage="d:\users\steve knipmeyer\documents\github\modelrelief\modelrelief.test\bin\debug\netcoreapp2.0\modelrelief.test.dll" id="41a96452-20ec-439c-a063-17ee0ec09d9a"><Execution id="c45c23b1-ddcd-429d-be84-ea933bf78a3f" /><TestMethod codeBase="D:\Users\Steve Knipmeyer\Documents\GitHub\ModelRelief\ModelRelief.test\bin\Debug\netcoreapp2.0\ModelRelief.Test.dll" adapterTypeName="executor://xunit/VsTestRunner2/netcoreapp" className="ModelRelief.Test.Unit.DependencyManager.DependencyManagerTests" name="LucyDepthBufferFindsOneDependent" /></UnitTest><UnitTest name="Delete_TargetModelIsDeleted" storage="d:\users\steve knipmeyer\documents\github\modelrelief\modelrelief.test\bin\debug\netcoreapp2.0\modelrelief.test.dll" id="32a67d41-5dc1-4ba0-9952-4a986fccb056"><Execution id="d9bed6d6-5379-416a-938f-b38115d3d734" /><TestMethod codeBase="D:\Users\Steve Knipmeyer\Documents\GitHub\ModelRelief\ModelRelief.test\bin\Debug\netcoreapp2.0\ModelRelief.Test.dll" adapterTypeName="executor://xunit/VsTestRunner2/netcoreapp" className="ModelRelief.Test.Integration.Projects.ProjectsBaseIntegrationTests" name="Delete_TargetModelIsDeleted" /></UnitTest><UnitTest name="GetSingle_ValidIdPropertyValueReturnsCorrectModel" storage="d:\users\steve knipmeyer\documents\github\modelrelief\modelrelief.test\bin\debug\netcoreapp2.0\modelrelief.test.dll" id="53df97b4-c7a2-42be-96c9-2b5f9a66492a"><Execution id="51734441-a015-4e75-bcca-8f3266e86aaa" /><TestMethod codeBase="D:\Users\Steve Knipmeyer\Documents\GitHub\ModelRelief\ModelRelief.test\bin\Debug\netcoreapp2.0\ModelRelief.Test.dll" adapterTypeName="executor://xunit/VsTestRunner2/netcoreapp" className="ModelRelief.Test.Integration.Cameras.CamerasBaseIntegrationTests" name="GetSingle_ValidIdPropertyValueReturnsCorrectModel" /></UnitTest><UnitTest name="GetSingle_ValidIdPropertyValueReturnsCorrectModel" storage="d:\users\steve knipmeyer\documents\github\modelrelief\modelrelief.test\bin\debug\netcoreapp2.0\modelrelief.test.dll" id="0cefb1f5-0135-467e-93d0-c7a013419a44"><Execution id="52c854b3-befc-4050-b417-1bcbd46cf5d2" /><TestMethod codeBase="D:\Users\Steve Knipmeyer\Documents\GitHub\ModelRelief\ModelRelief.test\bin\Debug\netcoreapp2.0\ModelRelief.Test.dll" adapterTypeName="executor://xunit/VsTestRunner2/netcoreapp" className="ModelRelief.Test.Integration.DepthBuffers.DepthBuffersBaseIntegrationTests" name="GetSingle_ValidIdPropertyValueReturnsCorrectModel" /></UnitTest><UnitTest name="Put_InvalidReferencePropertyReturndBadRequest" storage="d:\users\steve knipmeyer\documents\github\modelrelief\modelrelief.test\bin\debug\netcoreapp2.0\modelrelief.test.dll" id="7fd20043-7dd3-4f84-bfac-d83fc8ab368c"><Execution id="33a98f63-4c86-488b-822c-36dfb09c9a06" /><TestMethod codeBase="D:\Users\Steve Knipmeyer\Documents\GitHub\ModelRelief\ModelRelief.test\bin\Debug\netcoreapp2.0\ModelRelief.Test.dll" adapterTypeName="executor://xunit/VsTestRunner2/netcoreapp" className="ModelRelief.Test.Integration.MeshTransforms.MeshTransformsBaseIntegrationTests" name="Put_InvalidReferencePropertyReturndBadRequest" /></UnitTest><UnitTest name="GetList_ListReturnsCorrectCount" storage="d:\users\steve knipmeyer\documents\github\modelrelief\modelrelief.test\bin\debug\netcoreapp2.0\modelrelief.test.dll" id="467576be-414c-4c3d-8d26-3cf1814c4c5d"><Execution id="ac740c5c-6484-48a5-909a-9f4f391e8ae8" /><TestMethod codeBase="D:\Users\Steve Knipmeyer\Documents\GitHub\ModelRelief\ModelRelief.test\bin\Debug\netcoreapp2.0\ModelRelief.Test.dll" adapterTypeName="executor://xunit/VsTestRunner2/netcoreapp" className="ModelRelief.Test.Integration.MeshTransforms.MeshTransformsBaseIntegrationTests" name="GetList_ListReturnsCorrectCount" /></UnitTest><UnitTest name="CameraHasExpectedDependentFiles" storage="d:\users\steve knipmeyer\documents\github\modelrelief\modelrelief.test\bin\debug\netcoreapp2.0\modelrelief.test.dll" id="adfccf5d-2a96-4cb1-a75d-12f16fa451b9"><Execution id="9afe50b9-3537-4ccf-b01c-e5e66eefb03b" /><TestMethod codeBase="D:\Users\Steve Knipmeyer\Documents\GitHub\ModelRelief\ModelRelief.test\bin\Debug\netcoreapp2.0\ModelRelief.Test.dll" adapterTypeName="executor://xunit/VsTestRunner2/netcoreapp" className="ModelRelief.Test.Unit.DependencyManager.DependencyManagerTests" name="CameraHasExpectedDependentFiles" /></UnitTest><UnitTest name="PostFile_NewFileCanBePosted" storage="d:\users\steve knipmeyer\documents\github\modelrelief\modelrelief.test\bin\debug\netcoreapp2.0\modelrelief.test.dll" id="94305032-f174-48a4-ab58-61d614eb9f91"><Execution id="1a23bc81-098b-476f-b87a-0393ef86abb8" /><TestMethod codeBase="D:\Users\Steve Knipmeyer\Documents\GitHub\ModelRelief\ModelRelief.test\bin\Debug\netcoreapp2.0\ModelRelief.Test.dll" adapterTypeName="executor://xunit/VsTestRunner2/netcoreapp" className="ModelRelief.Test.Integration.DepthBuffers.DepthBuffersFileIntegrationTests" name="PostFile_NewFileCanBePosted" /></UnitTest><UnitTest name="Post_InvalidPropertyValueReturnsBadRequest" storage="d:\users\steve knipmeyer\documents\github\modelrelief\modelrelief.test\bin\debug\netcoreapp2.0\modelrelief.test.dll" id="2297255c-4c92-4cf0-a4b7-c8ecfc581557"><Execution id="187aa82a-8da9-46b2-a842-d0a25ee04456" /><TestMethod codeBase="D:\Users\Steve Knipmeyer\Documents\GitHub\ModelRelief\ModelRelief.test\bin\Debug\netcoreapp2.0\ModelRelief.Test.dll" adapterTypeName="executor://xunit/VsTestRunner2/netcoreapp" className="ModelRelief.Test.Integration.Meshes.MeshesBaseIntegrationTests" name="Post_InvalidPropertyValueReturnsBadRequest" /></UnitTest><UnitTest name="GetSingle_InvalidIdPropertyValueReturnsNotFound" storage="d:\users\steve knipmeyer\documents\github\modelrelief\modelrelief.test\bin\debug\netcoreapp2.0\modelrelief.test.dll" id="979fe60f-6e44-420b-b4ad-53833791d632"><Execution id="e4b11ca4-8d10-4c47-847d-9ed155b20bbb" /><TestMethod codeBase="D:\Users\Steve Knipmeyer\Documents\GitHub\ModelRelief\ModelRelief.test\bin\Debug\netcoreapp2.0\ModelRelief.Test.dll" adapterTypeName="executor://xunit/VsTestRunner2/netcoreapp" className="ModelRelief.Test.Integration.Meshes.MeshesBaseIntegrationTests" name="GetSingle_InvalidIdPropertyValueReturnsNotFound" /></UnitTest><UnitTest name="Post_InvalidReferencePropertyReturnsBadRequest" storage="d:\users\steve knipmeyer\documents\github\modelrelief\modelrelief.test\bin\debug\netcoreapp2.0\modelrelief.test.dll" id="3b2d8d78-c329-4bf9-992c-e6a8d74c49b2"><Execution id="c0c7bc03-0afe-49e2-b8b2-808027f88733" /><TestMethod codeBase="D:\Users\Steve Knipmeyer\Documents\GitHub\ModelRelief\ModelRelief.test\bin\Debug\netcoreapp2.0\ModelRelief.Test.dll" adapterTypeName="executor://xunit/VsTestRunner2/netcoreapp" className="ModelRelief.Test.Integration.MeshTransforms.MeshTransformsBaseIntegrationTests" name="Post_InvalidReferencePropertyReturnsBadRequest" /></UnitTest><UnitTest name="Post_InvalidPropertyValueReturnsBadRequest" storage="d:\users\steve knipmeyer\documents\github\modelrelief\modelrelief.test\bin\debug\netcoreapp2.0\modelrelief.test.dll" id="953e1223-b407-4b1f-9b2a-318c76d1603e"><Execution id="46377e93-ac0c-4f03-8f57-a0c14ec0dd8a" /><TestMethod codeBase="D:\Users\Steve Knipmeyer\Documents\GitHub\ModelRelief\ModelRelief.test\bin\Debug\netcoreapp2.0\ModelRelief.Test.dll" adapterTypeName="executor://xunit/VsTestRunner2/netcoreapp" className="ModelRelief.Test.Integration.Models.ModelsBaseIntegrationTests" name="Post_InvalidPropertyValueReturnsBadRequest" /></UnitTest><UnitTest name="PostFile_FileTimeStampIsUpdatedAfterFileIsPosted" storage="d:\users\steve knipmeyer\documents\github\modelrelief\modelrelief.test\bin\debug\netcoreapp2.0\modelrelief.test.dll" id="20a006ed-4d9f-48dc-9fc5-f0c1f8681dce"><Execution id="abe71561-b912-4554-8b8f-d777bb9f459a" /><TestMethod codeBase="D:\Users\Steve Knipmeyer\Documents\GitHub\ModelRelief\ModelRelief.test\bin\Debug\netcoreapp2.0\ModelRelief.Test.dll" adapterTypeName="executor://xunit/VsTestRunner2/netcoreapp" className="ModelRelief.Test.Integration.DepthBuffers.DepthBuffersFileIntegrationTests" name="PostFile_FileTimeStampIsUpdatedAfterFileIsPosted" /></UnitTest><UnitTest name="Post_CanCreateNewModel" storage="d:\users\steve knipmeyer\documents\github\modelrelief\modelrelief.test\bin\debug\netcoreapp2.0\modelrelief.test.dll" id="01736e5c-f5ee-487f-aeca-cf4586af85f5"><Execution id="f0f702dd-e483-4237-87d9-ef7c03707fcc" /><TestMethod codeBase="D:\Users\Steve Knipmeyer\Documents\GitHub\ModelRelief\ModelRelief.test\bin\Debug\netcoreapp2.0\ModelRelief.Test.dll" adapterTypeName="executor://xunit/VsTestRunner2/netcoreapp" className="ModelRelief.Test.Integration.Models.ModelsBaseIntegrationTests" name="Post_CanCreateNewModel" /></UnitTest><UnitTest name="Patch_InvalidIdPropertyReturnsNotFound" storage="d:\users\steve knipmeyer\documents\github\modelrelief\modelrelief.test\bin\debug\netcoreapp2.0\modelrelief.test.dll" id="e3c57671-6d05-4a7a-a761-e70f935f6046"><Execution id="d3953671-5f34-480e-974d-7f481fbd079a" /><TestMethod codeBase="D:\Users\Steve Knipmeyer\Documents\GitHub\ModelRelief\ModelRelief.test\bin\Debug\netcoreapp2.0\ModelRelief.Test.dll" adapterTypeName="executor://xunit/VsTestRunner2/netcoreapp" className="ModelRelief.Test.Integration.Models.ModelsBaseIntegrationTests" name="Patch_InvalidIdPropertyReturnsNotFound" /></UnitTest><UnitTest name="GetSingle_ValidIdPropertyValueReturnsCorrectModel" storage="d:\users\steve knipmeyer\documents\github\modelrelief\modelrelief.test\bin\debug\netcoreapp2.0\modelrelief.test.dll" id="8f5c703a-fa93-41ae-9628-039e7b30b20e"><Execution id="91cf4c06-89ef-4dda-9b98-0fb5b3bcd436" /><TestMethod codeBase="D:\Users\Steve Knipmeyer\Documents\GitHub\ModelRelief\ModelRelief.test\bin\Debug\netcoreapp2.0\ModelRelief.Test.dll" adapterTypeName="executor://xunit/VsTestRunner2/netcoreapp" className="ModelRelief.Test.Integration.Projects.ProjectsBaseIntegrationTests" name="GetSingle_ValidIdPropertyValueReturnsCorrectModel" /></UnitTest><UnitTest name="Patch_MultipleInvalidReferencePropertiesReturnsMultipleValidationErrorsAndBadRequest" storage="d:\users\steve knipmeyer\documents\github\modelrelief\modelrelief.test\bin\debug\netcoreapp2.0\modelrelief.test.dll" id="b95b318c-5dcd-4a0b-9f77-22412e0be1f2"><Execution id="67c72eb6-101b-41f5-9313-874291bb8aca" /><TestMethod codeBase="D:\Users\Steve Knipmeyer\Documents\GitHub\ModelRelief\ModelRelief.test\bin\Debug\netcoreapp2.0\ModelRelief.Test.dll" adapterTypeName="executor://xunit/VsTestRunner2/netcoreapp" className="ModelRelief.Test.Integration.Projects.ProjectsBaseIntegrationTests" name="Patch_MultipleInvalidReferencePropertiesReturnsMultipleValidationErrorsAndBadRequest" /></UnitTest><UnitTest name="GetSingle_InvalidIdPropertyValueReturnsNotFound" storage="d:\users\steve knipmeyer\documents\github\modelrelief\modelrelief.test\bin\debug\netcoreapp2.0\modelrelief.test.dll" id="856de413-24af-4504-9f3a-9abc2e63c3bd"><Execution id="d0c27b1a-1b73-4890-84d8-253a68b8ea44" /><TestMethod codeBase="D:\Users\Steve Knipmeyer\Documents\GitHub\ModelRelief\ModelRelief.test\bin\Debug\netcoreapp2.0\ModelRelief.Test.dll" adapterTypeName="executor://xunit/VsTestRunner2/netcoreapp" className="ModelRelief.Test.Integration.Projects.ProjectsBaseIntegrationTests" name="GetSingle_InvalidIdPropertyValueReturnsNotFound" /></UnitTest><UnitTest name="Put_CanUpdateModel" storage="d:\users\steve knipmeyer\documents\github\modelrelief\modelrelief.test\bin\debug\netcoreapp2.0\modelrelief.test.dll" id="a1b5cfbf-d782-47dd-8ec9-f2df8ca6ea57"><Execution id="39d28494-67ee-4c58-a0e0-8fa2e23563bc" /><TestMethod codeBase="D:\Users\Steve Knipmeyer\Documents\GitHub\ModelRelief\ModelRelief.test\bin\Debug\netcoreapp2.0\ModelRelief.Test.dll" adapterTypeName="executor://xunit/VsTestRunner2/netcoreapp" className="ModelRelief.Test.Integration.MeshTransforms.MeshTransformsBaseIntegrationTests" name="Put_CanUpdateModel" /></UnitTest><UnitTest name="FileRequest_MeshGenerateSetsFileIsSynchronized" storage="d:\users\steve knipmeyer\documents\github\modelrelief\modelrelief.test\bin\debug\netcoreapp2.0\modelrelief.test.dll" id="936a87d5-d789-487e-871b-ece56a04012b"><Execution id="1bb889f5-54bc-41e8-848d-d0094a95c93e" /><TestMethod codeBase="D:\Users\Steve Knipmeyer\Documents\GitHub\ModelRelief\ModelRelief.test\bin\Debug\netcoreapp2.0\ModelRelief.Test.dll" adapterTypeName="executor://xunit/VsTestRunner2/netcoreapp" className="ModelRelief.Test.Integration.Meshes.MeshesFileIntegrationTests" name="FileRequest_MeshGenerateSetsFileIsSynchronized" /></UnitTest><UnitTest name="Patch_MultipleInvalidReferencePropertiesReturnsMultipleValidationErrorsAndBadRequest" storage="d:\users\steve knipmeyer\documents\github\modelrelief\modelrelief.test\bin\debug\netcoreapp2.0\modelrelief.test.dll" id="52a31e08-9d1f-4054-b4fc-3b333a472eeb"><Execution id="3740e5da-3d2c-4b80-ad38-0948c252e601" /><TestMethod codeBase="D:\Users\Steve Knipmeyer\Documents\GitHub\ModelRelief\ModelRelief.test\bin\Debug\netcoreapp2.0\ModelRelief.Test.dll" adapterTypeName="executor://xunit/VsTestRunner2/netcoreapp" className="ModelRelief.Test.Integration.MeshTransforms.MeshTransformsBaseIntegrationTests" name="Patch_MultipleInvalidReferencePropertiesReturnsMultipleValidationErrorsAndBadRequest" /></UnitTest><UnitTest name="GetFile_ExistingFileReturnsSuccess" storage="d:\users\steve knipmeyer\documents\github\modelrelief\modelrelief.test\bin\debug\netcoreapp2.0\modelrelief.test.dll" id="5377f95b-323b-4fa5-a3ca-ff0eb08d2869"><Execution id="746a7dfa-ba00-428a-8d24-461b748ad6b8" /><TestMethod codeBase="D:\Users\Steve Knipmeyer\Documents\GitHub\ModelRelief\ModelRelief.test\bin\Debug\netcoreapp2.0\ModelRelief.Test.dll" adapterTypeName="executor://xunit/VsTestRunner2/netcoreapp" className="ModelRelief.Test.Integration.DepthBuffers.DepthBuffersFileIntegrationTests" name="GetFile_ExistingFileReturnsSuccess" /></UnitTest><UnitTest name="PutFile_NewFileCanBePut" storage="d:\users\steve knipmeyer\documents\github\modelrelief\modelrelief.test\bin\debug\netcoreapp2.0\modelrelief.test.dll" id="73b0b45b-bffc-4690-96f8-accf72a1d6f7"><Execution id="5574bc0b-4ea6-48db-8aad-f5be06f0c72c" /><TestMethod codeBase="D:\Users\Steve Knipmeyer\Documents\GitHub\ModelRelief\ModelRelief.test\bin\Debug\netcoreapp2.0\ModelRelief.Test.dll" adapterTypeName="executor://xunit/VsTestRunner2/netcoreapp" className="ModelRelief.Test.Integration.DepthBuffers.DepthBuffersFileIntegrationTests" name="PutFile_NewFileCanBePut" /></UnitTest><UnitTest name="Patch_TargetPropertyIsUpdated" storage="d:\users\steve knipmeyer\documents\github\modelrelief\modelrelief.test\bin\debug\netcoreapp2.0\modelrelief.test.dll" id="7d0badeb-444a-460a-a07e-6da72c3d0913"><Execution id="1b896b5b-4d0c-4dac-9c04-17402e425aa9" /><TestMethod codeBase="D:\Users\Steve Knipmeyer\Documents\GitHub\ModelRelief\ModelRelief.test\bin\Debug\netcoreapp2.0\ModelRelief.Test.dll" adapterTypeName="executor://xunit/VsTestRunner2/netcoreapp" className="ModelRelief.Test.Integration.Projects.ProjectsBaseIntegrationTests" name="Patch_TargetPropertyIsUpdated" /></UnitTest><UnitTest name="PostFile_FileIsSynchronizedIsUpdatedAfterFileIsPosted" storage="d:\users\steve knipmeyer\documents\github\modelrelief\modelrelief.test\bin\debug\netcoreapp2.0\modelrelief.test.dll" id="728f15cf-1457-4db2-9876-b2523e543fc2"><Execution id="fcc45e39-06cf-426c-b49c-db978c15f1c2" /><TestMethod codeBase="D:\Users\Steve Knipmeyer\Documents\GitHub\ModelRelief\ModelRelief.test\bin\Debug\netcoreapp2.0\ModelRelief.Test.dll" adapterTypeName="executor://xunit/VsTestRunner2/netcoreapp" className="ModelRelief.Test.Integration.DepthBuffers.DepthBuffersFileIntegrationTests" name="PostFile_FileIsSynchronizedIsUpdatedAfterFileIsPosted" /></UnitTest><UnitTest name="Patch_InvalidReferencePropertyReturnsBadRequest" storage="d:\users\steve knipmeyer\documents\github\modelrelief\modelrelief.test\bin\debug\netcoreapp2.0\modelrelief.test.dll" id="695f7fa2-62d5-4219-8ded-dad89012304f"><Execution id="c35e9fa6-00d4-4f6f-b904-7c8f7da10d65" /><TestMethod codeBase="D:\Users\Steve Knipmeyer\Documents\GitHub\ModelRelief\ModelRelief.test\bin\Debug\netcoreapp2.0\ModelRelief.Test.dll" adapterTypeName="executor://xunit/VsTestRunner2/netcoreapp" className="ModelRelief.Test.Integration.Projects.ProjectsBaseIntegrationTests" name="Patch_InvalidReferencePropertyReturnsBadRequest" /></UnitTest><UnitTest name="Put_InvalidReferencePropertyReturndBadRequest" storage="d:\users\steve knipmeyer\documents\github\modelrelief\modelrelief.test\bin\debug\netcoreapp2.0\modelrelief.test.dll" id="0b36b304-9b96-4e71-a9b1-20b7015a1948"><Execution id="84cf21be-df59-4707-bdbb-a2cd5532432a" /><TestMethod codeBase="D:\Users\Steve Knipmeyer\Documents\GitHub\ModelRelief\ModelRelief.test\bin\Debug\netcoreapp2.0\ModelRelief.Test.dll" adapterTypeName="executor://xunit/VsTestRunner2/netcoreapp" className="ModelRelief.Test.Integration.DepthBuffers.DepthBuffersBaseIntegrationTests" name="Put_InvalidReferencePropertyReturndBadRequest" /></UnitTest><UnitTest name="Patch_MultipleInvalidReferencePropertiesReturnsMultipleValidationErrorsAndBadRequest" storage="d:\users\steve knipmeyer\documents\github\modelrelief\modelrelief.test\bin\debug\netcoreapp2.0\modelrelief.test.dll" id="b3dbbe7d-835b-46a4-af75-22d2596311db"><Execution id="af553278-1be2-4113-9604-4f7d79c0b257" /><TestMethod codeBase="D:\Users\Steve Knipmeyer\Documents\GitHub\ModelRelief\ModelRelief.test\bin\Debug\netcoreapp2.0\ModelRelief.Test.dll" adapterTypeName="executor://xunit/VsTestRunner2/netcoreapp" className="ModelRelief.Test.Integration.DepthBuffers.DepthBuffersBaseIntegrationTests" name="Patch_MultipleInvalidReferencePropertiesReturnsMultipleValidationErrorsAndBadRequest" /></UnitTest><UnitTest name="GetSingle_ValidIdPropertyValueReturnsCorrectModel" storage="d:\users\steve knipmeyer\documents\github\modelrelief\modelrelief.test\bin\debug\netcoreapp2.0\modelrelief.test.dll" id="2df892ea-a3e1-4176-9a8b-26a83e758f99"><Execution id="d97ddc1c-7c1c-495c-86ba-0fdba004a1b6" /><TestMethod codeBase="D:\Users\Steve Knipmeyer\Documents\GitHub\ModelRelief\ModelRelief.test\bin\Debug\netcoreapp2.0\ModelRelief.Test.dll" adapterTypeName="executor://xunit/VsTestRunner2/netcoreapp" className="ModelRelief.Test.Integration.Models.ModelsBaseIntegrationTests" name="GetSingle_ValidIdPropertyValueReturnsCorrectModel" /></UnitTest><UnitTest name="Post_InvalidReferencePropertyReturnsBadRequest" storage="d:\users\steve knipmeyer\documents\github\modelrelief\modelrelief.test\bin\debug\netcoreapp2.0\modelrelief.test.dll" id="b7047736-ddaa-4a8e-ad4c-b7bbea62edfd"><Execution id="dadf7080-982b-4f4f-aef2-b7c5c178f6bd" /><TestMethod codeBase="D:\Users\Steve Knipmeyer\Documents\GitHub\ModelRelief\ModelRelief.test\bin\Debug\netcoreapp2.0\ModelRelief.Test.dll" adapterTypeName="executor://xunit/VsTestRunner2/netcoreapp" className="ModelRelief.Test.Integration.Models.ModelsBaseIntegrationTests" name="Post_InvalidReferencePropertyReturnsBadRequest" /></UnitTest><UnitTest name="Post_InvalidReferencePropertyReturnsBadRequest" storage="d:\users\steve knipmeyer\documents\github\modelrelief\modelrelief.test\bin\debug\netcoreapp2.0\modelrelief.test.dll" id="12551499-008f-4833-b716-8171f82b3adc"><Execution id="bf68ffe9-dfe8-4af1-a190-9b55e56b0948" /><TestMethod codeBase="D:\Users\Steve Knipmeyer\Documents\GitHub\ModelRelief\ModelRelief.test\bin\Debug\netcoreapp2.0\ModelRelief.Test.dll" adapterTypeName="executor://xunit/VsTestRunner2/netcoreapp" className="ModelRelief.Test.Integration.DepthBuffers.DepthBuffersBaseIntegrationTests" name="Post_InvalidReferencePropertyReturnsBadRequest" /></UnitTest><UnitTest name="Patch_ValidReferencePropertyUpdatesModel" storage="d:\users\steve knipmeyer\documents\github\modelrelief\modelrelief.test\bin\debug\netcoreapp2.0\modelrelief.test.dll" id="7e3cda42-a7bf-4bdc-b8a1-2b9c64defe87"><Execution id="482739dc-239d-4de4-abe4-9e2b0d620d99" /><TestMethod codeBase="D:\Users\Steve Knipmeyer\Documents\GitHub\ModelRelief\ModelRelief.test\bin\Debug\netcoreapp2.0\ModelRelief.Test.dll" adapterTypeName="executor://xunit/VsTestRunner2/netcoreapp" className="ModelRelief.Test.Integration.Meshes.MeshesBaseIntegrationTests" name="Patch_ValidReferencePropertyUpdatesModel" /></UnitTest><UnitTest name="Put_ValidReferencePropertyUpdatesModel" storage="d:\users\steve knipmeyer\documents\github\modelrelief\modelrelief.test\bin\debug\netcoreapp2.0\modelrelief.test.dll" id="2145e132-a610-4dbf-a13b-a694c6d489d9"><Execution id="034cf199-cd07-4d83-954a-59b0425477e9" /><TestMethod codeBase="D:\Users\Steve Knipmeyer\Documents\GitHub\ModelRelief\ModelRelief.test\bin\Debug\netcoreapp2.0\ModelRelief.Test.dll" adapterTypeName="executor://xunit/VsTestRunner2/netcoreapp" className="ModelRelief.Test.Integration.MeshTransforms.MeshTransformsBaseIntegrationTests" name="Put_ValidReferencePropertyUpdatesModel" /></UnitTest><UnitTest name="GetFile_NonExistentFileReturnsNotFound" storage="d:\users\steve knipmeyer\documents\github\modelrelief\modelrelief.test\bin\debug\netcoreapp2.0\modelrelief.test.dll" id="93e569b6-dcc3-4e53-94f3-42015caf6d5b"><Execution id="bc992109-7b0d-4002-bdc3-d118617fe415" /><TestMethod codeBase="D:\Users\Steve Knipmeyer\Documents\GitHub\ModelRelief\ModelRelief.test\bin\Debug\netcoreapp2.0\ModelRelief.Test.dll" adapterTypeName="executor://xunit/VsTestRunner2/netcoreapp" className="ModelRelief.Test.Integration.DepthBuffers.DepthBuffersFileIntegrationTests" name="GetFile_NonExistentFileReturnsNotFound" /></UnitTest><UnitTest name="GetList_ListReturnsCorrectCount" storage="d:\users\steve knipmeyer\documents\github\modelrelief\modelrelief.test\bin\debug\netcoreapp2.0\modelrelief.test.dll" id="4830a048-06e2-4b8b-85b9-ab41854bfa83"><Execution id="4674ce8b-649f-43e5-81b2-102305867515" /><TestMethod codeBase="D:\Users\Steve Knipmeyer\Documents\GitHub\ModelRelief\ModelRelief.test\bin\Debug\netcoreapp2.0\ModelRelief.Test.dll" adapterTypeName="executor://xunit/VsTestRunner2/netcoreapp" className="ModelRelief.Test.Integration.Projects.ProjectsBaseIntegrationTests" name="GetList_ListReturnsCorrectCount" /></UnitTest><UnitTest name="Post_CanCreateNewModel" storage="d:\users\steve knipmeyer\documents\github\modelrelief\modelrelief.test\bin\debug\netcoreapp2.0\modelrelief.test.dll" id="b26628d0-5180-4768-b8d3-997006382764"><Execution id="123ff608-600f-4e3c-a5a4-a524993724e5" /><TestMethod codeBase="D:\Users\Steve Knipmeyer\Documents\GitHub\ModelRelief\ModelRelief.test\bin\Debug\netcoreapp2.0\ModelRelief.Test.dll" adapterTypeName="executor://xunit/VsTestRunner2/netcoreapp" className="ModelRelief.Test.Integration.DepthBuffers.DepthBuffersBaseIntegrationTests" name="Post_CanCreateNewModel" /></UnitTest><UnitTest name="GetFile_FileCanBeRoundTripped" storage="d:\users\steve knipmeyer\documents\github\modelrelief\modelrelief.test\bin\debug\netcoreapp2.0\modelrelief.test.dll" id="15854e60-cf4b-4596-bb38-cecc69772a40"><Execution id="a3cb0c69-7cdf-4563-ba2a-9db77a6978a9" /><TestMethod codeBase="D:\Users\Steve Knipmeyer\Documents\GitHub\ModelRelief\ModelRelief.test\bin\Debug\netcoreapp2.0\ModelRelief.Test.dll" adapterTypeName="executor://xunit/VsTestRunner2/netcoreapp" className="ModelRelief.Test.Integration.Meshes.MeshesFileIntegrationTests" name="GetFile_FileCanBeRoundTripped" /></UnitTest><UnitTest name="GetFile_FileCanBeRoundTripped" storage="d:\users\steve knipmeyer\documents\github\modelrelief\modelrelief.test\bin\debug\netcoreapp2.0\modelrelief.test.dll" id="3db0ec68-b8ba-4d6c-9e56-824904026338"><Execution id="1aa212de-1735-4c2f-b635-6fb15f8b5823" /><TestMethod codeBase="D:\Users\Steve Knipmeyer\Documents\GitHub\ModelRelief\ModelRelief.test\bin\Debug\netcoreapp2.0\ModelRelief.Test.dll" adapterTypeName="executor://xunit/VsTestRunner2/netcoreapp" className="ModelRelief.Test.Integration.DepthBuffers.DepthBuffersFileIntegrationTests" name="GetFile_FileCanBeRoundTripped" /></UnitTest></TestDefinitions><TestEntries><TestEntry testId="695f7fa2-62d5-4219-8ded-dad89012304f" executionId="c35e9fa6-00d4-4f6f-b904-7c8f7da10d65" testListId="8c84fa94-04c1-424b-9868-57a2d4851a1d" /><TestEntry testId="93e569b6-dcc3-4e53-94f3-42015caf6d5b" executionId="bc992109-7b0d-4002-bdc3-d118617fe415" testListId="8c84fa94-04c1-424b-9868-57a2d4851a1d" /><TestEntry testId="fc412dd7-1fe2-45c4-8482-de705c131fd7" executionId="6000626d-a025-4ce7-9dde-8ff704cf8c6d" testListId="8c84fa94-04c1-424b-9868-57a2d4851a1d" /><TestEntry testId="4f8ee1ac-c6d6-44af-bd24-ce2fe3542ecf" executionId="ed9947c6-54e5-40e2-b0e1-3c12ad5e590b" testListId="8c84fa94-04c1-424b-9868-57a2d4851a1d" /><TestEntry testId="0b36b304-9b96-4e71-a9b1-20b7015a1948" executionId="84cf21be-df59-4707-bdbb-a2cd5532432a" testListId="8c84fa94-04c1-424b-9868-57a2d4851a1d" /><TestEntry testId="467576be-414c-4c3d-8d26-3cf1814c4c5d" executionId="ac740c5c-6484-48a5-909a-9f4f391e8ae8" testListId="8c84fa94-04c1-424b-9868-57a2d4851a1d" /><TestEntry testId="3dad4cff-1382-4e46-bd3b-7b2de5ec57dc" executionId="0a5ee21c-406d-48c0-afcd-7cf6278efcbf" testListId="8c84fa94-04c1-424b-9868-57a2d4851a1d" /><TestEntry testId="ab48bf4e-24c9-4482-8cb0-7aa297f1a6dc" executionId="8d1b2647-066b-4094-bad5-00408271e7ee" testListId="8c84fa94-04c1-424b-9868-57a2d4851a1d" /><TestEntry testId="98be03e6-1692-4adf-84cb-e188c77e72cb" executionId="9061852e-883b-4b63-8500-fc1737801fb0" testListId="8c84fa94-04c1-424b-9868-57a2d4851a1d" /><TestEntry testId="73b0b45b-bffc-4690-96f8-accf72a1d6f7" executionId="5574bc0b-4ea6-48db-8aad-f5be06f0c72c" testListId="8c84fa94-04c1-424b-9868-57a2d4851a1d" /><TestEntry testId="4f056d22-ed91-4fbe-9e3d-ce44c13c171b" executionId="6338edcb-fbb5-4498-b447-ef389e211fe0" testListId="8c84fa94-04c1-424b-9868-57a2d4851a1d" /><TestEntry testId="f6ffac3e-2759-478f-9927-b0217d0ed72e" executionId="c348c932-e650-4279-b1b7-c4ac9bfc9bb9" testListId="8c84fa94-04c1-424b-9868-57a2d4851a1d" /><TestEntry testId="1bde2bb3-7d93-4ad0-b3da-407df8003f1b" executionId="79575c64-bc4b-4e3a-a222-06d716de6564" testListId="8c84fa94-04c1-424b-9868-57a2d4851a1d" /><TestEntry testId="4830a048-06e2-4b8b-85b9-ab41854bfa83" executionId="4674ce8b-649f-43e5-81b2-102305867515" testListId="8c84fa94-04c1-424b-9868-57a2d4851a1d" /><TestEntry testId="3719e4ac-2c59-4b17-97ca-1fdd5ffcdae6" executionId="60dd55d0-2a32-4145-814e-f6495140052a" testListId="8c84fa94-04c1-424b-9868-57a2d4851a1d" /><TestEntry testId="aa971310-4aee-45e4-b8e1-140a92b00e37" executionId="9d6c5290-9953-447c-8266-118bf324b7bb" testListId="8c84fa94-04c1-424b-9868-57a2d4851a1d" /><TestEntry testId="314aa681-3841-4348-9360-2c4d34fbf63e" executionId="fbca60bd-35be-4dfc-b445-0bd54f0f2e7a" testListId="8c84fa94-04c1-424b-9868-57a2d4851a1d" /><TestEntry testId="a44b67c2-42f2-4245-a81c-dbb409feb533" executionId="01b50566-2d82-45c6-8a0f-f49b59a26493" testListId="8c84fa94-04c1-424b-9868-57a2d4851a1d" /><TestEntry testId="cd404a79-23f8-4f4d-9673-533ba7bcabb7" executionId="904edbe2-e2b7-4499-b06c-ced729237c71" testListId="8c84fa94-04c1-424b-9868-57a2d4851a1d" /><TestEntry testId="a7aa25f5-418d-4ce2-9852-c6aeef96c302" executionId="9e6a9c87-210d-40f5-b62f-997a21497f70" testListId="8c84fa94-04c1-424b-9868-57a2d4851a1d" /><TestEntry testId="f4b2f654-8a04-46b8-b73d-c51f7f8aeb42" executionId="2b3979a8-aedd-47f5-8b9a-2fd08c527ad5" testListId="8c84fa94-04c1-424b-9868-57a2d4851a1d" /><TestEntry testId="32a67d41-5dc1-4ba0-9952-4a986fccb056" executionId="d9bed6d6-5379-416a-938f-b38115d3d734" testListId="8c84fa94-04c1-424b-9868-57a2d4851a1d" /><TestEntry testId="6b0685bf-91e4-46a5-b130-a6299b8a6479" executionId="1364a35c-2c00-485a-84ea-b8b3276307a2" testListId="8c84fa94-04c1-424b-9868-57a2d4851a1d" /><TestEntry testId="979fe60f-6e44-420b-b4ad-53833791d632" executionId="e4b11ca4-8d10-4c47-847d-9ed155b20bbb" testListId="8c84fa94-04c1-424b-9868-57a2d4851a1d" /><TestEntry testId="f38c8648-9b7b-47d9-a535-883111e81efb" executionId="ec51824d-1e05-4a8a-b556-e4e41a4cef1d" testListId="8c84fa94-04c1-424b-9868-57a2d4851a1d" /><TestEntry testId="a4013eb0-231a-4dd6-9f9a-761546bdeb2b" executionId="2e862f23-b3be-4073-8686-5c72adf39e23" testListId="8c84fa94-04c1-424b-9868-57a2d4851a1d" /><TestEntry testId="68533a80-8645-4217-8d72-3fc384446485" executionId="55adcb1e-d2f4-4aaa-b426-22c08274762c" testListId="8c84fa94-04c1-424b-9868-57a2d4851a1d" /><TestEntry testId="ce8e3e4f-ffd0-4ea8-929a-07cb1376b66a" executionId="c7d8f262-3391-440a-a99c-8ce8fb7e46bb" testListId="8c84fa94-04c1-424b-9868-57a2d4851a1d" /><TestEntry testId="561942bf-e93f-447d-a3b9-e91b0091c177" executionId="abe47eb9-53d4-4bac-bada-07fcb9b5c74a" testListId="8c84fa94-04c1-424b-9868-57a2d4851a1d" /><TestEntry testId="54666aba-e49e-4824-83ac-c0f7e07e8482" executionId="2d61b1bb-bddc-4e81-8adb-0df12cedc7f5" testListId="8c84fa94-04c1-424b-9868-57a2d4851a1d" /><TestEntry testId="976acc33-2a07-4d8b-922b-a53cbdc2962f" executionId="fc7c61b1-f96e-4f77-880e-ace10fa70343" testListId="8c84fa94-04c1-424b-9868-57a2d4851a1d" /><TestEntry testId="9c378b3e-c6b6-42f7-a681-3a91017cd856" executionId="f8633e6c-9751-4a9b-a9de-1fe44d61e0da" testListId="8c84fa94-04c1-424b-9868-57a2d4851a1d" /><TestEntry testId="f02cc9be-86e7-49c9-96a2-a98872130562" executionId="f4a576d5-8e0d-4225-a0d4-cbcb75e9e30f" testListId="8c84fa94-04c1-424b-9868-57a2d4851a1d" /><TestEntry testId="d035d34e-3fe1-4362-b576-3d7c4e377403" executionId="33cac819-c7f3-46b5-b6b9-7db4a00c883b" testListId="8c84fa94-04c1-424b-9868-57a2d4851a1d" /><TestEntry testId="2297255c-4c92-4cf0-a4b7-c8ecfc581557" executionId="187aa82a-8da9-46b2-a842-d0a25ee04456" testListId="8c84fa94-04c1-424b-9868-57a2d4851a1d" /><TestEntry testId="12551499-008f-4833-b716-8171f82b3adc" executionId="bf68ffe9-dfe8-4af1-a190-9b55e56b0948" testListId="8c84fa94-04c1-424b-9868-57a2d4851a1d" /><TestEntry testId="5377f95b-323b-4fa5-a3ca-ff0eb08d2869" executionId="746a7dfa-ba00-428a-8d24-461b748ad6b8" testListId="8c84fa94-04c1-424b-9868-57a2d4851a1d" /><TestEntry testId="8178bf28-36f2-4580-b5e1-93afa736591b" executionId="3bd4969b-b646-41c2-888a-f86cceb590c2" testListId="8c84fa94-04c1-424b-9868-57a2d4851a1d" /><TestEntry testId="b3dbbe7d-835b-46a4-af75-22d2596311db" executionId="af553278-1be2-4113-9604-4f7d79c0b257" testListId="8c84fa94-04c1-424b-9868-57a2d4851a1d" /><TestEntry testId="40a9289b-d187-44ad-bdcb-f551ae7aa08f" executionId="ce9e474e-abb4-4846-9123-78a624d7c6e1" testListId="8c84fa94-04c1-424b-9868-57a2d4851a1d" /><TestEntry testId="ddcf0028-865e-4e1d-be7a-e3734aef9a96" executionId="6da6050f-b246-4815-9808-2da2d8d04123" testListId="8c84fa94-04c1-424b-9868-57a2d4851a1d" /><TestEntry testId="20a006ed-4d9f-48dc-9fc5-f0c1f8681dce" executionId="abe71561-b912-4554-8b8f-d777bb9f459a" testListId="8c84fa94-04c1-424b-9868-57a2d4851a1d" /><TestEntry testId="e728606c-7b6a-4a9a-a835-ac977f822247" executionId="5551204f-e499-4d41-9e3f-9fadbf1d1564" testListId="8c84fa94-04c1-424b-9868-57a2d4851a1d" /><TestEntry testId="519b4b19-c2e7-4952-bd8b-2ce320c61ab2" executionId="f37df8cf-a39f-4c03-b51b-a2b8de4877b9" testListId="8c84fa94-04c1-424b-9868-57a2d4851a1d" /><TestEntry testId="728f15cf-1457-4db2-9876-b2523e543fc2" executionId="fcc45e39-06cf-426c-b49c-db978c15f1c2" testListId="8c84fa94-04c1-424b-9868-57a2d4851a1d" /><TestEntry testId="f8c3b525-314e-44ec-841e-d384ebd7ef18" executionId="7e3cdb78-13fb-4c50-8c16-c15e45031b40" testListId="8c84fa94-04c1-424b-9868-57a2d4851a1d" /><TestEntry testId="b3fb3668-760d-4bbb-a691-123088795665" executionId="2904f213-a0eb-456b-a219-9055c1630573" testListId="8c84fa94-04c1-424b-9868-57a2d4851a1d" /><TestEntry testId="1e2e1fdf-a143-43bd-ac61-041afd9d0dd6" executionId="66774f44-da1d-41c0-9934-fc19bd5baa73" testListId="8c84fa94-04c1-424b-9868-57a2d4851a1d" /><TestEntry testId="6c3ceb62-a973-4f78-978d-71a40f691020" executionId="0ba6bb6f-7817-4746-a9d7-25a8abaa9e5a" testListId="8c84fa94-04c1-424b-9868-57a2d4851a1d" /><TestEntry testId="a1b5cfbf-d782-47dd-8ec9-f2df8ca6ea57" executionId="39d28494-67ee-4c58-a0e0-8fa2e23563bc" testListId="8c84fa94-04c1-424b-9868-57a2d4851a1d" /><TestEntry testId="8c019632-b57b-4883-8c7b-96be2c40c1c3" executionId="25bc4c15-3628-41eb-b095-76d7a78e76b6" testListId="8c84fa94-04c1-424b-9868-57a2d4851a1d" /><TestEntry testId="259a5001-a998-477f-8a4f-eb226a2892fc" executionId="9432e4e6-56f2-4719-b561-a72348bb262f" testListId="8c84fa94-04c1-424b-9868-57a2d4851a1d" /><TestEntry testId="d7839bc0-dca0-4cc7-afd5-a35fbca35162" executionId="5d55fad2-b996-475b-9ce9-b214c1adc23f" testListId="8c84fa94-04c1-424b-9868-57a2d4851a1d" /><TestEntry testId="5b5549df-dea6-47ed-b2a1-ebfd4d412565" executionId="4b367f90-aa61-4b55-beab-04d0bde0d9df" testListId="8c84fa94-04c1-424b-9868-57a2d4851a1d" /><TestEntry testId="2f661cbe-4415-43f5-bdf0-c3af24a79bf6" executionId="c7e4eedd-d49e-4806-8d94-5387ab6553c5" testListId="8c84fa94-04c1-424b-9868-57a2d4851a1d" /><TestEntry testId="80eaab64-7e58-4a86-ac2c-e841c62e12f2" executionId="c33682c8-d60e-4285-b3c5-04e7160edf2e" testListId="8c84fa94-04c1-424b-9868-57a2d4851a1d" /><TestEntry testId="15854e60-cf4b-4596-bb38-cecc69772a40" executionId="a3cb0c69-7cdf-4563-ba2a-9db77a6978a9" testListId="8c84fa94-04c1-424b-9868-57a2d4851a1d" /><TestEntry testId="adfccf5d-2a96-4cb1-a75d-12f16fa451b9" executionId="9afe50b9-3537-4ccf-b01c-e5e66eefb03b" testListId="8c84fa94-04c1-424b-9868-57a2d4851a1d" /><TestEntry testId="06352111-6d56-4214-8a84-c69144767476" executionId="c0194a35-7e55-45e7-93f7-964253994c14" testListId="8c84fa94-04c1-424b-9868-57a2d4851a1d" /><TestEntry testId="3db0ec68-b8ba-4d6c-9e56-824904026338" executionId="1aa212de-1735-4c2f-b635-6fb15f8b5823" testListId="8c84fa94-04c1-424b-9868-57a2d4851a1d" /><TestEntry testId="556add8b-06fb-4f41-bcc4-8b842190ada6" executionId="fdf89101-78f1-40a0-a04d-d15c72924b1e" testListId="8c84fa94-04c1-424b-9868-57a2d4851a1d" /><TestEntry testId="92ce5c05-a952-4dfb-a5e6-284d8046ce60" executionId="da006002-1b29-4a08-9a8d-a2ae70087a1a" testListId="8c84fa94-04c1-424b-9868-57a2d4851a1d" /><TestEntry testId="ed7f7aa9-47a0-47cd-bf29-1e7b0b262a87" executionId="943246aa-4268-4900-8bb4-05f526527730" testListId="8c84fa94-04c1-424b-9868-57a2d4851a1d" /><TestEntry testId="f4c0c1a0-6785-47ee-ac21-c4ad48af061e" executionId="f01e39a3-7321-4e65-bee7-dbfd77dcde39" testListId="8c84fa94-04c1-424b-9868-57a2d4851a1d" /><TestEntry testId="4e2810c2-3e29-4a64-ba41-56f78c8e2271" executionId="c53c845b-2072-47d7-934c-268ba979b5f5" testListId="8c84fa94-04c1-424b-9868-57a2d4851a1d" /><TestEntry testId="2df892ea-a3e1-4176-9a8b-26a83e758f99" executionId="d97ddc1c-7c1c-495c-86ba-0fdba004a1b6" testListId="8c84fa94-04c1-424b-9868-57a2d4851a1d" /><TestEntry testId="93d49c5c-cdf9-4378-9683-236bacd60c62" executionId="01da1a87-294d-4e97-ad8e-0ca7f4579a3a" testListId="8c84fa94-04c1-424b-9868-57a2d4851a1d" /><TestEntry testId="54a7c673-c540-467a-baa8-d8aa39105ecf" executionId="fa828932-2003-4aa0-b4c7-65b4f5351703" testListId="8c84fa94-04c1-424b-9868-57a2d4851a1d" /><TestEntry testId="936a87d5-d789-487e-871b-ece56a04012b" executionId="1bb889f5-54bc-41e8-848d-d0094a95c93e" testListId="8c84fa94-04c1-424b-9868-57a2d4851a1d" /><TestEntry testId="92f551d0-59d8-4b57-b704-bf9ea3676886" executionId="04bb2525-b39f-4175-8992-28a716b9c6d4" testListId="8c84fa94-04c1-424b-9868-57a2d4851a1d" /><TestEntry testId="15c75b5c-a9b0-4a18-a71a-0f0a4d17ed7a" executionId="7c3911dc-a1a7-41a7-a9fa-1e249ab77c62" testListId="8c84fa94-04c1-424b-9868-57a2d4851a1d" /><TestEntry testId="ce479797-82cd-42ca-b50a-a10e46cab0dd" executionId="93700815-d425-4efa-9339-aca1f998a2e0" testListId="8c84fa94-04c1-424b-9868-57a2d4851a1d" /><TestEntry testId="2099789b-1dcd-4427-a000-03d59e4c7dab" executionId="70d83e3d-ec5f-46b0-9cc5-8a63cbacd948" testListId="8c84fa94-04c1-424b-9868-57a2d4851a1d" /><TestEntry testId="d8ea90c4-7dd7-4b0d-a3cf-645d60344f99" executionId="68e41005-b204-4dc6-bc6b-2d48f2854594" testListId="8c84fa94-04c1-424b-9868-57a2d4851a1d" /><TestEntry testId="d15d05a3-055f-4a41-9113-45fc4a2a8672" executionId="c8aacd0c-acfe-40f2-82fa-b69313bc3eb6" testListId="8c84fa94-04c1-424b-9868-57a2d4851a1d" /><TestEntry testId="2145e132-a610-4dbf-a13b-a694c6d489d9" executionId="034cf199-cd07-4d83-954a-59b0425477e9" testListId="8c84fa94-04c1-424b-9868-57a2d4851a1d" /><TestEntry testId="e3c57671-6d05-4a7a-a761-e70f935f6046" executionId="d3953671-5f34-480e-974d-7f481fbd079a" testListId="8c84fa94-04c1-424b-9868-57a2d4851a1d" /><TestEntry testId="953e1223-b407-4b1f-9b2a-318c76d1603e" executionId="46377e93-ac0c-4f03-8f57-a0c14ec0dd8a" testListId="8c84fa94-04c1-424b-9868-57a2d4851a1d" /><TestEntry testId="856de413-24af-4504-9f3a-9abc2e63c3bd" executionId="d0c27b1a-1b73-4890-84d8-253a68b8ea44" testListId="8c84fa94-04c1-424b-9868-57a2d4851a1d" /><TestEntry testId="686b3dae-f26f-4520-a4ff-c3f65b6c8315" executionId="4ab3fc6f-512e-4a58-b64d-91e4b467c385" testListId="8c84fa94-04c1-424b-9868-57a2d4851a1d" /><TestEntry testId="e650dafc-ab3d-4d45-a158-15fcf84f2250" executionId="55057704-a85e-4262-b1b4-3f4e86a6cd13" testListId="8c84fa94-04c1-424b-9868-57a2d4851a1d" /><TestEntry testId="53df97b4-c7a2-42be-96c9-2b5f9a66492a" executionId="51734441-a015-4e75-bcca-8f3266e86aaa" testListId="8c84fa94-04c1-424b-9868-57a2d4851a1d" /><TestEntry testId="3b2d8d78-c329-4bf9-992c-e6a8d74c49b2" executionId="c0c7bc03-0afe-49e2-b8b2-808027f88733" testListId="8c84fa94-04c1-424b-9868-57a2d4851a1d" /><TestEntry testId="ff3de655-8731-43fb-b235-e96e23e7a326" executionId="ce4b9a0a-c57f-4b98-8f62-3ba692dbec20" testListId="8c84fa94-04c1-424b-9868-57a2d4851a1d" /><TestEntry testId="facaed42-6e3a-4436-9ea8-d4695a69f34d" executionId="fac3d5bb-192f-4461-b3d9-0e00065b5efe" testListId="8c84fa94-04c1-424b-9868-57a2d4851a1d" /><TestEntry testId="9d10efd7-55e9-4ded-88fa-073054bd4390" executionId="99c08671-c537-443c-ab18-ecf450457f0d" testListId="8c84fa94-04c1-424b-9868-57a2d4851a1d" /><TestEntry testId="0caa89cd-1882-4d51-b55f-1f38907c64f0" executionId="45fd7db3-affd-49df-b1c8-beec9ea53113" testListId="8c84fa94-04c1-424b-9868-57a2d4851a1d" /><TestEntry testId="7d0badeb-444a-460a-a07e-6da72c3d0913" executionId="1b896b5b-4d0c-4dac-9c04-17402e425aa9" testListId="8c84fa94-04c1-424b-9868-57a2d4851a1d" /><TestEntry testId="e7205aa3-2c42-4ea4-9fee-318bcc5697c9" executionId="ecba9d9c-cd75-4139-a175-227e49c69f63" testListId="8c84fa94-04c1-424b-9868-57a2d4851a1d" /><TestEntry testId="541b1a0f-4e8e-4f6f-bbde-2db67166f671" executionId="d2415669-65fd-457d-bf3e-f21744f7143e" testListId="8c84fa94-04c1-424b-9868-57a2d4851a1d" /><TestEntry testId="e9ee9fe2-f4a6-429a-a6be-418bdccd8159" executionId="a8829a6d-918e-4e84-bf87-2c9147bc724b" testListId="8c84fa94-04c1-424b-9868-57a2d4851a1d" /><TestEntry testId="f2b52800-3fbe-4d84-9916-67ca7620e416" executionId="2c97bba4-b312-4750-b466-00e2aa8c2b4e" testListId="8c84fa94-04c1-424b-9868-57a2d4851a1d" /><TestEntry testId="2aeacc1b-c55b-4ff3-9bf1-fe76d761f003" executionId="b84cccbb-eb75-4778-9a39-3fa8c4d69cc8" testListId="8c84fa94-04c1-424b-9868-57a2d4851a1d" /><TestEntry testId="94305032-f174-48a4-ab58-61d614eb9f91" executionId="1a23bc81-098b-476f-b87a-0393ef86abb8" testListId="8c84fa94-04c1-424b-9868-57a2d4851a1d" /><TestEntry testId="9976c394-c1e6-4ceb-af62-2721a466aed0" executionId="b3bc2e9e-7ee7-4445-8b14-dd1dfe05e603" testListId="8c84fa94-04c1-424b-9868-57a2d4851a1d" /><TestEntry testId="742a2716-7929-44d5-b514-9caf1d502504" executionId="a35bd48a-e394-4663-a161-5e038b15c5c1" testListId="8c84fa94-04c1-424b-9868-57a2d4851a1d" /><TestEntry testId="7c4a3ff6-efb1-4936-912f-0af4c55cb6ea" executionId="57155a7d-9dc1-4d7a-b3bd-5fc738c84f5e" testListId="8c84fa94-04c1-424b-9868-57a2d4851a1d" /><TestEntry testId="7c0f723a-2f7e-4172-91b5-c97d7293ecc5" executionId="2ea3a62d-bbcf-4f46-bffd-519c0af70c0b" testListId="8c84fa94-04c1-424b-9868-57a2d4851a1d" /><TestEntry testId="8f5c703a-fa93-41ae-9628-039e7b30b20e" executionId="91cf4c06-89ef-4dda-9b98-0fb5b3bcd436" testListId="8c84fa94-04c1-424b-9868-57a2d4851a1d" /><TestEntry testId="b7503969-316a-441f-a9c5-2fa9bd01da1a" executionId="17073444-d026-42db-92e3-c737c43e2a4c" testListId="8c84fa94-04c1-424b-9868-57a2d4851a1d" /><TestEntry testId="b26628d0-5180-4768-b8d3-997006382764" executionId="123ff608-600f-4e3c-a5a4-a524993724e5" testListId="8c84fa94-04c1-424b-9868-57a2d4851a1d" /><TestEntry testId="d4c56a66-3a21-473f-a2bf-bd2221b8118d" executionId="5c604a58-4a2b-4cda-a7b1-a1a40024128a" testListId="8c84fa94-04c1-424b-9868-57a2d4851a1d" /><TestEntry testId="9c4975ef-1d92-4566-96fb-c55a499fc05e" executionId="80a2bd00-470f-40dc-b57b-8a6280aa07a3" testListId="8c84fa94-04c1-424b-9868-57a2d4851a1d" /><TestEntry testId="fedc7130-2439-40a3-ac6b-5b5b7ba4ad6f" executionId="7333cd70-ad3c-4017-a181-01dacfbae24f" testListId="8c84fa94-04c1-424b-9868-57a2d4851a1d" /><TestEntry testId="1b79db5c-5c70-4987-a63e-5d49ec9c67a3" executionId="66b800f0-1910-4026-a634-e62b255b27ab" testListId="8c84fa94-04c1-424b-9868-57a2d4851a1d" /><TestEntry testId="bb34c754-0447-456f-aa1d-35508bf1ef0d" executionId="63de3290-e174-4bf1-b621-0379c358326d" testListId="8c84fa94-04c1-424b-9868-57a2d4851a1d" /><TestEntry testId="3b233091-1bfc-4a53-bd0f-19df7c14a508" executionId="0a4bee86-671f-48e8-a915-1b370cbd7936" testListId="8c84fa94-04c1-424b-9868-57a2d4851a1d" /><TestEntry testId="8b77065a-e6ae-4055-9311-b7ad25eb1050" executionId="d096c8e4-560e-4708-8618-1258d40d42c8" testListId="8c84fa94-04c1-424b-9868-57a2d4851a1d" /><TestEntry testId="36fd8e2e-9c78-41b8-a83d-a4140f51e03f" executionId="bde79603-8156-43c5-b2d5-51c42a833e16" testListId="8c84fa94-04c1-424b-9868-57a2d4851a1d" /><TestEntry testId="b7047736-ddaa-4a8e-ad4c-b7bbea62edfd" executionId="dadf7080-982b-4f4f-aef2-b7c5c178f6bd" testListId="8c84fa94-04c1-424b-9868-57a2d4851a1d" /><TestEntry testId="41a96452-20ec-439c-a063-17ee0ec09d9a" executionId="c45c23b1-ddcd-429d-be84-ea933bf78a3f" testListId="8c84fa94-04c1-424b-9868-57a2d4851a1d" /><TestEntry testId="a290780d-82e3-42b4-9828-2df8625737b6" executionId="c8d12c46-3f44-4f26-adcc-8d2a4fd10bf5" testListId="8c84fa94-04c1-424b-9868-57a2d4851a1d" /><TestEntry testId="06902b92-1aa3-4be7-8b29-2b7aded71962" executionId="82ff8670-7923-444d-8665-142be1017cc2" testListId="8c84fa94-04c1-424b-9868-57a2d4851a1d" /><TestEntry testId="69592fb9-ac0d-4d5f-ad0d-b13e330eb339" executionId="5b6bb66f-fbeb-4751-a7e9-0a3145e0b7da" testListId="8c84fa94-04c1-424b-9868-57a2d4851a1d" /><TestEntry testId="dfe1f797-3cc3-4eb5-b649-2682f22d3a04" executionId="4719f7f5-5108-44f4-8fd8-4ee9e597e302" testListId="8c84fa94-04c1-424b-9868-57a2d4851a1d" /><TestEntry testId="96c1b98e-73b1-495d-8e46-6bda654de78d" executionId="9118859c-5a35-41c1-9f2e-307302ae82c2" testListId="8c84fa94-04c1-424b-9868-57a2d4851a1d" /><TestEntry testId="4be65121-13b2-46a4-af40-625c2c8721f8" executionId="54d7e675-f6a6-48fb-b8b3-8c5018a5988d" testListId="8c84fa94-04c1-424b-9868-57a2d4851a1d" /><TestEntry testId="7fd20043-7dd3-4f84-bfac-d83fc8ab368c" executionId="33a98f63-4c86-488b-822c-36dfb09c9a06" testListId="8c84fa94-04c1-424b-9868-57a2d4851a1d" /><TestEntry testId="3697d356-6802-43e9-a075-af72229fe327" executionId="53d3c14a-fce0-4e8b-90db-862f26f42cc7" testListId="8c84fa94-04c1-424b-9868-57a2d4851a1d" /><TestEntry testId="dbc911b2-d3ab-4134-a685-6cea2d81dbe1" executionId="2b7ffd75-ce26-4af3-a738-34c01481bb53" testListId="8c84fa94-04c1-424b-9868-57a2d4851a1d" /><TestEntry testId="01736e5c-f5ee-487f-aeca-cf4586af85f5" executionId="f0f702dd-e483-4237-87d9-ef7c03707fcc" testListId="8c84fa94-04c1-424b-9868-57a2d4851a1d" /><TestEntry testId="f24e6986-37fc-4e0d-8ec3-0528ca95c652" executionId="10e976a5-7401-4c8b-ae98-e63b20381f3b" testListId="8c84fa94-04c1-424b-9868-57a2d4851a1d" /><TestEntry testId="4b096af1-c033-4271-964d-efd68d882bb6" executionId="001dd77a-1252-41a8-ab4b-66c4be14b023" testListId="8c84fa94-04c1-424b-9868-57a2d4851a1d" /><TestEntry testId="316680d7-bfbb-4141-9e79-77f78d74413a" executionId="b46726d2-6908-47a0-abfc-40828793102e" testListId="8c84fa94-04c1-424b-9868-57a2d4851a1d" /><TestEntry testId="596f0d3b-ee61-4349-a3fc-5ffedff01f85" executionId="40102017-1b8a-4018-8351-7c37a6902522" testListId="8c84fa94-04c1-424b-9868-57a2d4851a1d" /><TestEntry testId="3a525471-3bd5-4554-b3f9-5552db41d258" executionId="6bec6e56-7b86-457b-9bc2-2828c527e3a6" testListId="8c84fa94-04c1-424b-9868-57a2d4851a1d" /><TestEntry testId="dcbfdf75-efa2-4dc9-bef3-52b29cf54646" executionId="0100414c-22b0-4cc1-979f-14fa6ce7fbb1" testListId="8c84fa94-04c1-424b-9868-57a2d4851a1d" /><TestEntry testId="37e47175-14ef-4e78-9a12-265e4a2cd6fb" executionId="81a6cfdf-748f-442c-8a6a-1d7984806470" testListId="8c84fa94-04c1-424b-9868-57a2d4851a1d" /><TestEntry testId="e92b8669-4bc6-4e29-8c49-7c6ebc3a3dc2" executionId="7ed33a7a-7410-4915-984e-2eff2955627b" testListId="8c84fa94-04c1-424b-9868-57a2d4851a1d" /><TestEntry testId="b95b318c-5dcd-4a0b-9f77-22412e0be1f2" executionId="67c72eb6-101b-41f5-9313-874291bb8aca" testListId="8c84fa94-04c1-424b-9868-57a2d4851a1d" /><TestEntry testId="04b5298a-eed0-4c41-8c54-5833fb91f3dd" executionId="e5c26c90-34ae-4b34-a936-6ef928e80264" testListId="8c84fa94-04c1-424b-9868-57a2d4851a1d" /><TestEntry testId="52a31e08-9d1f-4054-b4fc-3b333a472eeb" executionId="3740e5da-3d2c-4b80-ad38-0948c252e601" testListId="8c84fa94-04c1-424b-9868-57a2d4851a1d" /><TestEntry testId="08aff804-d8c8-4d18-b12b-f0866a714ade" executionId="98457a79-5259-4b97-b9ba-5682cdd2ad97" testListId="8c84fa94-04c1-424b-9868-57a2d4851a1d" /><TestEntry testId="7acb2d9c-dde7-42ba-880d-43b2998bace6" executionId="b5b50e1d-60fc-4542-8903-a31837feadbe" testListId="8c84fa94-04c1-424b-9868-57a2d4851a1d" /><TestEntry testId="bdf4741e-9ce6-4df3-bd46-383bac14ea58" executionId="dae38974-f927-48e9-b124-bde52c27b754" testListId="8c84fa94-04c1-424b-9868-57a2d4851a1d" /><TestEntry testId="b3e48465-300f-4dfe-9b01-310ca475a70c" executionId="3c94f111-178a-4a1b-9b95-c41420c16044" testListId="8c84fa94-04c1-424b-9868-57a2d4851a1d" /><TestEntry testId="d2ab497d-748c-4998-b1e1-15b662cc05a9" executionId="1919d6ca-f814-4e4f-8714-cedf5368d382" testListId="8c84fa94-04c1-424b-9868-57a2d4851a1d" /><TestEntry testId="761e93e2-dd46-4f66-8ec4-14f77d166908" executionId="31de3010-cea3-419a-a5c4-f1c3d8e2cf8d" testListId="8c84fa94-04c1-424b-9868-57a2d4851a1d" /><TestEntry testId="9178509b-e3ef-4515-960b-544fccf8b353" executionId="a334b30e-e924-4ba5-9d98-62ff205b4a1f" testListId="8c84fa94-04c1-424b-9868-57a2d4851a1d" /><TestEntry testId="adf04f76-37b6-4e86-9423-62ef30a8d3a7" executionId="41a08215-d9fa-4f59-8f17-51489b93a593" testListId="8c84fa94-04c1-424b-9868-57a2d4851a1d" /><TestEntry testId="a747c3fe-884c-465f-acab-d9890b6bb281" executionId="3739532e-c01f-4cdd-9652-6486f4729409" testListId="8c84fa94-04c1-424b-9868-57a2d4851a1d" /><TestEntry testId="0cefb1f5-0135-467e-93d0-c7a013419a44" executionId="52c854b3-befc-4050-b417-1bcbd46cf5d2" testListId="8c84fa94-04c1-424b-9868-57a2d4851a1d" /><TestEntry testId="7d5bfd91-2aec-4327-9818-4fc126b372eb" executionId="edf377b2-3186-413e-af54-8a92953d7616" testListId="8c84fa94-04c1-424b-9868-57a2d4851a1d" /><TestEntry testId="a700bf99-b343-45c9-a41c-a2d36a39403d" executionId="529a72df-1fd2-4895-a5ea-36d208e0c92a" testListId="8c84fa94-04c1-424b-9868-57a2d4851a1d" /><TestEntry testId="99b23083-8a0c-4629-91db-dcb989e24500" executionId="68d9e39b-0625-45c0-897e-05912103737d" testListId="8c84fa94-04c1-424b-9868-57a2d4851a1d" /><TestEntry testId="e5a37ff5-41f3-46e2-b665-6e62f54a36ea" executionId="f6213763-383e-4ca6-adb9-5d5dbf93e972" testListId="8c84fa94-04c1-424b-9868-57a2d4851a1d" /><TestEntry testId="07908d8e-f1df-4792-86e7-10690215933e" executionId="2b855ed1-ebb2-4ed8-b89a-861d5d1f87d3" testListId="8c84fa94-04c1-424b-9868-57a2d4851a1d" /><TestEntry testId="7e3cda42-a7bf-4bdc-b8a1-2b9c64defe87" executionId="482739dc-239d-4de4-abe4-9e2b0d620d99" testListId="8c84fa94-04c1-424b-9868-57a2d4851a1d" /><TestEntry testId="39bd7fed-4cb6-4c2a-8e85-e007c5a62950" executionId="d8043982-cc55-4714-b961-bb9db0bed4ef" testListId="8c84fa94-04c1-424b-9868-57a2d4851a1d" /><TestEntry testId="1e724efc-0626-4a99-b469-38d9b7eaaff6" executionId="4c0921f9-65fa-4885-9fac-c6d1f5fe2532" testListId="8c84fa94-04c1-424b-9868-57a2d4851a1d" /><TestEntry testId="7888234a-c4cf-4b93-809d-6388bb819f5f" executionId="bc9c103b-f59b-437a-a6f2-642890d370ea" testListId="8c84fa94-04c1-424b-9868-57a2d4851a1d" /><TestEntry testId="b74c37c0-9418-4ac6-9ef8-9ed8e78c995c" executionId="309939a7-4a8a-45c0-83d8-6b2e8285b386" testListId="8c84fa94-04c1-424b-9868-57a2d4851a1d" /></TestEntries><TestLists><TestList name="Results Not in a List" id="8c84fa94-04c1-424b-9868-57a2d4851a1d" /><TestList name="All Loaded Results" id="19431567-8539-422a-85d7-44ee4e166bda" /></TestLists><ResultSummary outcome="Completed"><Counters total="152" executed="152" passed="152" failed="0" error="0" timeout="0" aborted="0" inconclusive="0" passedButRunAborted="0" notRunnable="0" notExecuted="0" disconnected="0" warning="0" completed="0" inProgress="0" pending="0" /><Output><StdOut>[xUnit.net 00:00:01.1250857]   Discovering: ModelRelief.Test[xUnit.net 00:00:01.2419055]   Discovered:  ModelRelief.Test[xUnit.net 00:00:01.2488561]   Starting:    ModelRelief.Test[xUnit.net 00:00:39.5713896]   Finished:    ModelRelief.Test</StdOut></Output></ResultSummary></TestRun>