<?xml version="1.0" encoding="utf-8"?><TestRun id="4547ba13-7129-4466-8c11-51aedbfc32c8" name="Steve Knipmeyer@VECTOR 2018-07-26 07:39:00" runUser="VECTOR\Steve Knipmeyer" xmlns="http://microsoft.com/schemas/VisualStudio/TeamTest/2010"><Times creation="2018-07-26T07:39:00.6848282-04:00" queuing="2018-07-26T07:39:00.6848387-04:00" start="2018-07-26T07:38:56.6900573-04:00" finish="2018-07-26T07:39:35.4161345-04:00" /><TestSettings name="default" id="1ef1c371-4a84-405d-a3b6-eb225c6534a0"><Deployment runDeploymentRoot="Steve_Knipmeyer_VECTOR_2018-07-26_07_39_00" /></TestSettings><Results><UnitTestResult executionId="991a7974-c729-44fb-9de8-5ebf20e0f323" testId="fc9ffbaf-111d-49de-9826-32aac4a5b25b" testName="Patch_ValidReferencePropertyUpdatesModel" computerName="VECTOR" duration="00:00:00.5760000" startTime="2018-07-26T07:39:00.5261456-04:00" endTime="2018-07-26T07:39:00.5261521-04:00" testType="13cdc9d9-ddb5-4fa4-a97d-d965ccfc6d4b" outcome="Passed" testListId="8c84fa94-04c1-424b-9868-57a2d4851a1d" relativeResultsDirectory="991a7974-c729-44fb-9de8-5ebf20e0f323" /><UnitTestResult executionId="44911a81-0db3-4ac2-a7d3-4babbb0c42d9" testId="511ffcb4-83ab-4c7b-a272-5f9bfc559848" testName="Patch_TargetPropertyIsUpdated" computerName="VECTOR" duration="00:00:00.2800000" startTime="2018-07-26T07:39:26.5191330-04:00" endTime="2018-07-26T07:39:26.5191390-04:00" testType="13cdc9d9-ddb5-4fa4-a97d-d965ccfc6d4b" outcome="Passed" testListId="8c84fa94-04c1-424b-9868-57a2d4851a1d" relativeResultsDirectory="44911a81-0db3-4ac2-a7d3-4babbb0c42d9" /><UnitTestResult executionId="d76261f4-527a-41df-875c-55627cf308e3" testId="db504f6a-9d71-4773-a041-b7ff0bdbb2d8" testName="Put_InvalidIdReturnsNotFound" computerName="VECTOR" duration="00:00:00.0950000" startTime="2018-07-26T07:39:01.7631604-04:00" endTime="2018-07-26T07:39:01.7631678-04:00" testType="13cdc9d9-ddb5-4fa4-a97d-d965ccfc6d4b" outcome="Passed" testListId="8c84fa94-04c1-424b-9868-57a2d4851a1d" relativeResultsDirectory="d76261f4-527a-41df-875c-55627cf308e3" /><UnitTestResult executionId="aa83c189-e051-476d-be99-326825e600b7" testId="98221af2-78e7-474d-95f1-e974f4f41675" testName="Patch_TargetPropertyIsUpdated" computerName="VECTOR" duration="00:00:00.3160000" startTime="2018-07-26T07:39:13.6205695-04:00" endTime="2018-07-26T07:39:13.6205760-04:00" testType="13cdc9d9-ddb5-4fa4-a97d-d965ccfc6d4b" outcome="Passed" testListId="8c84fa94-04c1-424b-9868-57a2d4851a1d" relativeResultsDirectory="aa83c189-e051-476d-be99-326825e600b7" /><UnitTestResult executionId="eaf72a6f-aeec-4c5a-aaad-0730b7449c9f" testId="49b154d4-29ec-4538-947c-27ecd6eb840d" testName="GetFile_FileCanBeRoundTripped" computerName="VECTOR" duration="00:00:00.3500000" startTime="2018-07-26T07:39:07.6814052-04:00" endTime="2018-07-26T07:39:07.6814123-04:00" testType="13cdc9d9-ddb5-4fa4-a97d-d965ccfc6d4b" outcome="Passed" testListId="8c84fa94-04c1-424b-9868-57a2d4851a1d" relativeResultsDirectory="eaf72a6f-aeec-4c5a-aaad-0730b7449c9f" /><UnitTestResult executionId="edee0a29-f144-42c5-920f-3fe16cc904d6" testId="065ac5d5-f9ad-4d4f-8fcb-1a2f3a035bb0" testName="Patch_InvalidReferencePropertyReturnsBadRequest" computerName="VECTOR" duration="00:00:00.0100000" startTime="2018-07-26T07:39:01.4564796-04:00" endTime="2018-07-26T07:39:01.4564832-04:00" testType="13cdc9d9-ddb5-4fa4-a97d-d965ccfc6d4b" outcome="Passed" testListId="8c84fa94-04c1-424b-9868-57a2d4851a1d" relativeResultsDirectory="edee0a29-f144-42c5-920f-3fe16cc904d6" /><UnitTestResult executionId="f1a0e6d4-3ff9-4a82-8411-fcb563c68178" testId="71ead392-f3ab-43b9-93d2-78c28d468714" testName="GetSingle_ValidIdPropertyValueReturnsCorrectModel" computerName="VECTOR" duration="00:00:00.0210000" startTime="2018-07-26T07:39:33.1496837-04:00" endTime="2018-07-26T07:39:33.1496899-04:00" testType="13cdc9d9-ddb5-4fa4-a97d-d965ccfc6d4b" outcome="Passed" testListId="8c84fa94-04c1-424b-9868-57a2d4851a1d" relativeResultsDirectory="f1a0e6d4-3ff9-4a82-8411-fcb563c68178" /><UnitTestResult executionId="2e09293a-cca0-49fd-bb15-1ff1d229db88" testId="3ea5a2ed-fc6b-4d58-aee3-676ad32945a5" testName="FileRequest_DepthBufferIsInvalidatedAfterCameraDependencyPropertyChange" computerName="VECTOR" duration="00:00:01.2410000" startTime="2018-07-26T07:39:31.7781616-04:00" endTime="2018-07-26T07:39:31.7781687-04:00" testType="13cdc9d9-ddb5-4fa4-a97d-d965ccfc6d4b" outcome="Passed" testListId="8c84fa94-04c1-424b-9868-57a2d4851a1d" relativeResultsDirectory="2e09293a-cca0-49fd-bb15-1ff1d229db88" /><UnitTestResult executionId="7f7f1ca8-e906-4f79-be43-970535e00cce" testId="829094de-54a2-4217-903f-c0c2795156d3" testName="GetFile_ExistingFileReturnsSuccess" computerName="VECTOR" duration="00:00:00.0440000" startTime="2018-07-26T07:39:18.7980381-04:00" endTime="2018-07-26T07:39:18.7980452-04:00" testType="13cdc9d9-ddb5-4fa4-a97d-d965ccfc6d4b" outcome="Passed" testListId="8c84fa94-04c1-424b-9868-57a2d4851a1d" relativeResultsDirectory="7f7f1ca8-e906-4f79-be43-970535e00cce" /><UnitTestResult executionId="48c33051-aacf-46c2-935f-7cc06d37d69e" testId="8ef87f3e-9cc0-49f6-81cb-40e9c4214740" testName="Patch_InvalidPropertyNameReturnsBadRequest" computerName="VECTOR" duration="00:00:00.0170000" startTime="2018-07-26T07:39:25.7264387-04:00" endTime="2018-07-26T07:39:25.7264458-04:00" testType="13cdc9d9-ddb5-4fa4-a97d-d965ccfc6d4b" outcome="Passed" testListId="8c84fa94-04c1-424b-9868-57a2d4851a1d" relativeResultsDirectory="48c33051-aacf-46c2-935f-7cc06d37d69e" /><UnitTestResult executionId="7c2237db-4d55-42fc-bab8-bab66df707af" testId="8a0000fe-8621-445d-87dd-d5c412e3cf57" testName="Put_ValidReferencePropertyUpdatesModel" computerName="VECTOR" duration="00:00:00.3080000" startTime="2018-07-26T07:39:04.3400343-04:00" endTime="2018-07-26T07:39:04.3400432-04:00" testType="13cdc9d9-ddb5-4fa4-a97d-d965ccfc6d4b" outcome="Passed" testListId="8c84fa94-04c1-424b-9868-57a2d4851a1d" relativeResultsDirectory="7c2237db-4d55-42fc-bab8-bab66df707af" /><UnitTestResult executionId="b9b68a2e-ef2b-4319-a864-05dceee9beb4" testId="70a2a51e-af7c-4e51-9587-e721dea132b4" testName="GetList_ListReturnsCorrectCount" computerName="VECTOR" duration="00:00:00.9720000" startTime="2018-07-26T07:39:11.1594856-04:00" endTime="2018-07-26T07:39:11.1594907-04:00" testType="13cdc9d9-ddb5-4fa4-a97d-d965ccfc6d4b" outcome="Passed" testListId="8c84fa94-04c1-424b-9868-57a2d4851a1d" relativeResultsDirectory="b9b68a2e-ef2b-4319-a864-05dceee9beb4" /><UnitTestResult executionId="0004ad53-078e-4468-81aa-b0be985c07c0" testId="fa511b48-f502-4724-9494-ebd0317a4586" testName="Patch_InvalidEnumPropertyValueReturnsBadRequest" computerName="VECTOR" duration="00:00:00.0110000" startTime="2018-07-26T07:39:01.8008769-04:00" endTime="2018-07-26T07:39:01.8008803-04:00" testType="13cdc9d9-ddb5-4fa4-a97d-d965ccfc6d4b" outcome="Passed" testListId="8c84fa94-04c1-424b-9868-57a2d4851a1d" relativeResultsDirectory="0004ad53-078e-4468-81aa-b0be985c07c0" /><UnitTestResult executionId="7d1658c0-d236-4bc4-b622-0093840aad05" testId="9991c501-4d69-4e37-b470-b2e61adba5ab" testName="Patch_InvalidIdPropertyReturnsNotFound" computerName="VECTOR" duration="00:00:00.0200000" startTime="2018-07-26T07:39:02.1949596-04:00" endTime="2018-07-26T07:39:02.1949658-04:00" testType="13cdc9d9-ddb5-4fa4-a97d-d965ccfc6d4b" outcome="Passed" testListId="8c84fa94-04c1-424b-9868-57a2d4851a1d" relativeResultsDirectory="7d1658c0-d236-4bc4-b622-0093840aad05" /><UnitTestResult executionId="a40a01af-7fc9-41eb-b2f6-9d71662d4db2" testId="93d1272e-0676-438b-b30d-5693f1a89d44" testName="GetSingle_InvalidIdPropertyValueReturnsNotFound" computerName="VECTOR" duration="00:00:00.0280000" startTime="2018-07-26T07:39:27.4807425-04:00" endTime="2018-07-26T07:39:27.4807485-04:00" testType="13cdc9d9-ddb5-4fa4-a97d-d965ccfc6d4b" outcome="Passed" testListId="8c84fa94-04c1-424b-9868-57a2d4851a1d" relativeResultsDirectory="a40a01af-7fc9-41eb-b2f6-9d71662d4db2" /><UnitTestResult executionId="84fb7631-1f4f-4e93-a992-cf8e87743e77" testId="7b301600-ad4f-4af0-b64c-b3523535ea61" testName="LucyDepthBufferFindsOneDependent" computerName="VECTOR" duration="00:00:00.0030000" startTime="2018-07-26T07:38:59.9446339-04:00" endTime="2018-07-26T07:38:59.9446356-04:00" testType="13cdc9d9-ddb5-4fa4-a97d-d965ccfc6d4b" outcome="Passed" testListId="8c84fa94-04c1-424b-9868-57a2d4851a1d" relativeResultsDirectory="84fb7631-1f4f-4e93-a992-cf8e87743e77" /><UnitTestResult executionId="6c888601-78d4-4f31-905b-37e529b21204" testId="e35c5823-ecac-4233-905a-78faf3018d16" testName="PostFile_FileIsSynchronizedIsUpdatedAfterFileIsPosted" computerName="VECTOR" duration="00:00:00.0130000" startTime="2018-07-26T07:39:07.7183342-04:00" endTime="2018-07-26T07:39:07.7183393-04:00" testType="13cdc9d9-ddb5-4fa4-a97d-d965ccfc6d4b" outcome="Passed" testListId="8c84fa94-04c1-424b-9868-57a2d4851a1d" relativeResultsDirectory="6c888601-78d4-4f31-905b-37e529b21204" /><UnitTestResult executionId="6bb5d051-74c5-4671-91b4-71515357f51e" testId="fa7f7132-a5ee-4054-9627-b08fb8856f88" testName="PostFile_FileIsSynchronizedIsUpdatedAfterFileIsPosted" computerName="VECTOR" duration="00:00:00.3750000" startTime="2018-07-26T07:39:25.1457964-04:00" endTime="2018-07-26T07:39:25.1458029-04:00" testType="13cdc9d9-ddb5-4fa4-a97d-d965ccfc6d4b" outcome="Passed" testListId="8c84fa94-04c1-424b-9868-57a2d4851a1d" relativeResultsDirectory="6bb5d051-74c5-4671-91b4-71515357f51e" /><UnitTestResult executionId="0fee0892-e7ee-478b-82c4-13ae728969ab" testId="dd30d7ff-a3b5-4f2b-aecb-69d5885a98a9" testName="GetFile_NonExistentFileReturnsNotFound" computerName="VECTOR" duration="00:00:00.0250000" startTime="2018-07-26T07:39:31.8030644-04:00" endTime="2018-07-26T07:39:31.8030704-04:00" testType="13cdc9d9-ddb5-4fa4-a97d-d965ccfc6d4b" outcome="Passed" testListId="8c84fa94-04c1-424b-9868-57a2d4851a1d" relativeResultsDirectory="0fee0892-e7ee-478b-82c4-13ae728969ab" /><UnitTestResult executionId="e748a901-fc30-492b-8614-a4f0358df9ff" testId="cf8d2612-3f3e-466b-994a-f2da5fff02e6" testName="Put_InvalidReferencePropertyReturndBadRequest" computerName="VECTOR" duration="00:00:00.0240000" startTime="2018-07-26T07:39:09.1391590-04:00" endTime="2018-07-26T07:39:09.1391653-04:00" testType="13cdc9d9-ddb5-4fa4-a97d-d965ccfc6d4b" outcome="Passed" testListId="8c84fa94-04c1-424b-9868-57a2d4851a1d" relativeResultsDirectory="e748a901-fc30-492b-8614-a4f0358df9ff" /><UnitTestResult executionId="712603b7-cf5a-4b5d-b19f-e51a0d56d2d0" testId="08d87de5-2a0f-47cb-90ec-b6505818d6e6" testName="Patch_InvalidIdPropertyReturnsNotFound" computerName="VECTOR" duration="00:00:00.0150000" startTime="2018-07-26T07:39:09.1541763-04:00" endTime="2018-07-26T07:39:09.1541826-04:00" testType="13cdc9d9-ddb5-4fa4-a97d-d965ccfc6d4b" outcome="Passed" testListId="8c84fa94-04c1-424b-9868-57a2d4851a1d" relativeResultsDirectory="712603b7-cf5a-4b5d-b19f-e51a0d56d2d0" /><UnitTestResult executionId="6a97ccae-3a29-4117-a00e-1d211b7fec1d" testId="abc4f756-5499-4757-bcb9-ca0da94af55d" testName="Delete_TargetModelIsDeleted" computerName="VECTOR" duration="00:00:00.4110000" startTime="2018-07-26T07:39:01.0768578-04:00" endTime="2018-07-26T07:39:01.0768641-04:00" testType="13cdc9d9-ddb5-4fa4-a97d-d965ccfc6d4b" outcome="Passed" testListId="8c84fa94-04c1-424b-9868-57a2d4851a1d" relativeResultsDirectory="6a97ccae-3a29-4117-a00e-1d211b7fec1d" /><UnitTestResult executionId="6e40054b-dc2f-423a-8d3c-e2b3fbe8abf8" testId="f5388fef-9906-4845-bf78-caf3362e8c72" testName="Patch_MultipleInvalidReferencePropertiesReturnsMultipleValidationErrorsAndBadRequest" computerName="VECTOR" duration="00:00:00.0360000" startTime="2018-07-26T07:39:34.1551918-04:00" endTime="2018-07-26T07:39:34.1551980-04:00" testType="13cdc9d9-ddb5-4fa4-a97d-d965ccfc6d4b" outcome="Passed" testListId="8c84fa94-04c1-424b-9868-57a2d4851a1d" relativeResultsDirectory="6e40054b-dc2f-423a-8d3c-e2b3fbe8abf8" /><UnitTestResult executionId="fc94aec1-20ef-44bd-b072-787d34edd5eb" testId="69759b7d-bfe4-4e9f-84f6-0343339ff736" testName="Post_InvalidPropertyValueReturnsBadRequest" computerName="VECTOR" duration="00:00:00.0150000" startTime="2018-07-26T07:39:27.1665980-04:00" endTime="2018-07-26T07:39:27.1666028-04:00" testType="13cdc9d9-ddb5-4fa4-a97d-d965ccfc6d4b" outcome="Passed" testListId="8c84fa94-04c1-424b-9868-57a2d4851a1d" relativeResultsDirectory="fc94aec1-20ef-44bd-b072-787d34edd5eb" /><UnitTestResult executionId="c4ca9b00-16df-4cae-9955-746137db40ff" testId="9d905f86-9885-4aa4-94e7-fd75df67ed74" testName="Put_InvalidIdReturnsNotFound" computerName="VECTOR" duration="00:00:00.2000000" startTime="2018-07-26T07:39:07.9190287-04:00" endTime="2018-07-26T07:39:07.9190352-04:00" testType="13cdc9d9-ddb5-4fa4-a97d-d965ccfc6d4b" outcome="Passed" testListId="8c84fa94-04c1-424b-9868-57a2d4851a1d" relativeResultsDirectory="c4ca9b00-16df-4cae-9955-746137db40ff" /><UnitTestResult executionId="5f3cd99e-1d84-4f48-b7c9-2093aed4a422" testId="3408c89b-b348-4fdc-bfa2-bd809ddae727" testName="Post_InvalidReferencePropertyReturnsBadRequest" computerName="VECTOR" duration="00:00:00.0100000" startTime="2018-07-26T07:39:00.6654412-04:00" endTime="2018-07-26T07:39:00.6654440-04:00" testType="13cdc9d9-ddb5-4fa4-a97d-d965ccfc6d4b" outcome="Passed" testListId="8c84fa94-04c1-424b-9868-57a2d4851a1d" relativeResultsDirectory="5f3cd99e-1d84-4f48-b7c9-2093aed4a422" /><UnitTestResult executionId="4c0b6de7-0c71-4d8f-90b1-960f473b22be" testId="e62ac118-962c-4f62-86dd-9171bedf02ae" testName="Put_ValidReferencePropertyUpdatesModel" computerName="VECTOR" duration="00:00:00.3660000" startTime="2018-07-26T07:39:13.2625441-04:00" endTime="2018-07-26T07:39:13.2625506-04:00" testType="13cdc9d9-ddb5-4fa4-a97d-d965ccfc6d4b" outcome="Passed" testListId="8c84fa94-04c1-424b-9868-57a2d4851a1d" relativeResultsDirectory="4c0b6de7-0c71-4d8f-90b1-960f473b22be" /><UnitTestResult executionId="16fbd8dc-0a67-4713-a5f3-ffeaf79dfb85" testId="4d37e098-c8ec-43c9-824e-3a1b536b5cf6" testName="Put_InvalidIdReturnsNotFound" computerName="VECTOR" duration="00:00:00.0250000" startTime="2018-07-26T07:39:33.3188158-04:00" endTime="2018-07-26T07:39:33.3188248-04:00" testType="13cdc9d9-ddb5-4fa4-a97d-d965ccfc6d4b" outcome="Passed" testListId="8c84fa94-04c1-424b-9868-57a2d4851a1d" relativeResultsDirectory="16fbd8dc-0a67-4713-a5f3-ffeaf79dfb85" /><UnitTestResult executionId="ab663888-dd80-41ba-9d71-544d1132317d" testId="eba8438a-7c5c-4999-932b-991ab8f16398" testName="Patch_InvalidPropertyNameReturnsBadRequest" computerName="VECTOR" duration="00:00:00.0160000" startTime="2018-07-26T07:39:03.7603523-04:00" endTime="2018-07-26T07:39:03.7603571-04:00" testType="13cdc9d9-ddb5-4fa4-a97d-d965ccfc6d4b" outcome="Passed" testListId="8c84fa94-04c1-424b-9868-57a2d4851a1d" relativeResultsDirectory="ab663888-dd80-41ba-9d71-544d1132317d" /><UnitTestResult executionId="c603cd91-b96b-4e4e-b2d8-19091c43740d" testId="1e9d008c-573b-48eb-b0de-715bbac78eb4" testName="Patch_InvalidEnumPropertyValueReturnsBadRequest" computerName="VECTOR" duration="00:00:00.0620000" startTime="2018-07-26T07:39:25.6868068-04:00" endTime="2018-07-26T07:39:25.6868119-04:00" testType="13cdc9d9-ddb5-4fa4-a97d-d965ccfc6d4b" outcome="Passed" testListId="8c84fa94-04c1-424b-9868-57a2d4851a1d" relativeResultsDirectory="c603cd91-b96b-4e4e-b2d8-19091c43740d" /><UnitTestResult executionId="075b8e0e-6980-4d80-afdd-bb8256893867" testId="bdbc9277-61ea-4e1e-bf06-7776cf4b64a3" testName="PutFile_NewFileCanBePut" computerName="VECTOR" duration="00:00:00.3480000" startTime="2018-07-26T07:39:14.9573054-04:00" endTime="2018-07-26T07:39:14.9573165-04:00" testType="13cdc9d9-ddb5-4fa4-a97d-d965ccfc6d4b" outcome="Passed" testListId="8c84fa94-04c1-424b-9868-57a2d4851a1d" relativeResultsDirectory="075b8e0e-6980-4d80-afdd-bb8256893867" /><UnitTestResult executionId="1c66ee70-e71a-4745-b8d7-b95276a7e766" testId="fb3952fd-6a77-4ba0-b340-5b5a22d43f7f" testName="FileRequest_FileCanBeReadAfterRename" computerName="VECTOR" duration="00:00:00.4910000" startTime="2018-07-26T07:39:30.5368080-04:00" endTime="2018-07-26T07:39:30.5368146-04:00" testType="13cdc9d9-ddb5-4fa4-a97d-d965ccfc6d4b" outcome="Passed" testListId="8c84fa94-04c1-424b-9868-57a2d4851a1d" relativeResultsDirectory="1c66ee70-e71a-4745-b8d7-b95276a7e766" /><UnitTestResult executionId="e7400f1c-392e-4e68-803b-454ee1f87d08" testId="3d2b0e05-65d8-4a28-99a0-59d7aabef5c4" testName="Put_InvalidReferencePropertyReturndBadRequest" computerName="VECTOR" duration="00:00:00.0120000" startTime="2018-07-26T07:39:02.1750188-04:00" endTime="2018-07-26T07:39:02.1750273-04:00" testType="13cdc9d9-ddb5-4fa4-a97d-d965ccfc6d4b" outcome="Passed" testListId="8c84fa94-04c1-424b-9868-57a2d4851a1d" relativeResultsDirectory="e7400f1c-392e-4e68-803b-454ee1f87d08" /><UnitTestResult executionId="80cc13e9-5b63-4288-a6d2-02e2fc262c50" testId="6d743962-b6cc-4baa-a7de-e7c3c7cff65c" testName="GetSingle_InvalidIdPropertyValueReturnsNotFound" computerName="VECTOR" duration="00:00:00.0480000" startTime="2018-07-26T07:39:03.7000220-04:00" endTime="2018-07-26T07:39:03.7000291-04:00" testType="13cdc9d9-ddb5-4fa4-a97d-d965ccfc6d4b" outcome="Passed" testListId="8c84fa94-04c1-424b-9868-57a2d4851a1d" relativeResultsDirectory="80cc13e9-5b63-4288-a6d2-02e2fc262c50" /><UnitTestResult executionId="27a09190-a161-4257-a1a5-230f14d87192" testId="1ea0ba21-050b-458f-a157-c3ad642dfd37" testName="Patch_ValidReferencePropertyUpdatesModel" computerName="VECTOR" duration="00:00:00.3620000" startTime="2018-07-26T07:39:34.5621171-04:00" endTime="2018-07-26T07:39:34.5621251-04:00" testType="13cdc9d9-ddb5-4fa4-a97d-d965ccfc6d4b" outcome="Passed" testListId="8c84fa94-04c1-424b-9868-57a2d4851a1d" relativeResultsDirectory="27a09190-a161-4257-a1a5-230f14d87192" /><UnitTestResult executionId="624e8d11-3f7f-4ea7-8ea2-636304fe7abb" testId="bdfca253-7a3b-405f-a701-9352472893e2" testName="GetSingle_ValidIdPropertyValueReturnsCorrectModel" computerName="VECTOR" duration="00:00:00.0480000" startTime="2018-07-26T07:39:14.5206013-04:00" endTime="2018-07-26T07:39:14.5206075-04:00" testType="13cdc9d9-ddb5-4fa4-a97d-d965ccfc6d4b" outcome="Passed" testListId="8c84fa94-04c1-424b-9868-57a2d4851a1d" relativeResultsDirectory="624e8d11-3f7f-4ea7-8ea2-636304fe7abb" /><UnitTestResult executionId="0cce54c0-5b54-4ed7-bd0a-84cb09b1b9de" testId="ba27e4eb-5197-4233-a12f-0fcfff4ce6e9" testName="FileRequest_FileCanBeReadAfterRename" computerName="VECTOR" duration="00:00:00.5090000" startTime="2018-07-26T07:39:06.9479692-04:00" endTime="2018-07-26T07:39:06.9479760-04:00" testType="13cdc9d9-ddb5-4fa4-a97d-d965ccfc6d4b" outcome="Passed" testListId="8c84fa94-04c1-424b-9868-57a2d4851a1d" relativeResultsDirectory="0cce54c0-5b54-4ed7-bd0a-84cb09b1b9de" /><UnitTestResult executionId="abe3097a-6e07-4c15-91f0-8ef378172180" testId="b9e45547-3b7f-4d8f-8bee-4eb85dfefbf4" testName="Post_CanCreateNewModel" computerName="VECTOR" duration="00:00:00.1910000" startTime="2018-07-26T07:39:04.9973828-04:00" endTime="2018-07-26T07:39:04.9973976-04:00" testType="13cdc9d9-ddb5-4fa4-a97d-d965ccfc6d4b" outcome="Passed" testListId="8c84fa94-04c1-424b-9868-57a2d4851a1d" relativeResultsDirectory="abe3097a-6e07-4c15-91f0-8ef378172180" /><UnitTestResult executionId="e4acafdb-a31a-4a04-8dc7-6110460e33cc" testId="a16d8759-fb36-405e-9b2f-354710265053" testName="GetSingle_ValidIdPropertyValueReturnsCorrectModel" computerName="VECTOR" duration="00:00:00.0260000" startTime="2018-07-26T07:39:01.7894216-04:00" endTime="2018-07-26T07:39:01.7894275-04:00" testType="13cdc9d9-ddb5-4fa4-a97d-d965ccfc6d4b" outcome="Passed" testListId="8c84fa94-04c1-424b-9868-57a2d4851a1d" relativeResultsDirectory="e4acafdb-a31a-4a04-8dc7-6110460e33cc" /><UnitTestResult executionId="51762a29-91a6-45c8-a69a-f6f158215871" testId="63972835-dd6b-4587-861e-22ed494c0789" testName="GetSingle_InvalidIdPropertyValueReturnsNotFound" computerName="VECTOR" duration="00:00:00.0200000" startTime="2018-07-26T07:39:33.5634137-04:00" endTime="2018-07-26T07:39:33.5634222-04:00" testType="13cdc9d9-ddb5-4fa4-a97d-d965ccfc6d4b" outcome="Passed" testListId="8c84fa94-04c1-424b-9868-57a2d4851a1d" relativeResultsDirectory="51762a29-91a6-45c8-a69a-f6f158215871" /><UnitTestResult executionId="9c4ee80f-228e-4c46-9d86-e0346166b7d3" testId="a138f215-4872-4580-a63d-cd00900012f7" testName="Patch_InvalidEnumPropertyValueReturnsBadRequest" computerName="VECTOR" duration="00:00:00.0120000" startTime="2018-07-26T07:39:33.5433268-04:00" endTime="2018-07-26T07:39:33.5433339-04:00" testType="13cdc9d9-ddb5-4fa4-a97d-d965ccfc6d4b" outcome="Passed" testListId="8c84fa94-04c1-424b-9868-57a2d4851a1d" relativeResultsDirectory="9c4ee80f-228e-4c46-9d86-e0346166b7d3" /><UnitTestResult executionId="314e95b8-e351-459f-8218-2c9e08874637" testId="7c3cb5de-fea2-414f-8e7c-37e11e4aa9ed" testName="GetFile_ExistingFileReturnsSuccess" computerName="VECTOR" duration="00:00:00.0610000" startTime="2018-07-26T07:39:28.0705983-04:00" endTime="2018-07-26T07:39:28.0706052-04:00" testType="13cdc9d9-ddb5-4fa4-a97d-d965ccfc6d4b" outcome="Passed" testListId="8c84fa94-04c1-424b-9868-57a2d4851a1d" relativeResultsDirectory="314e95b8-e351-459f-8218-2c9e08874637" /><UnitTestResult executionId="966b8384-d9b8-4a7e-879c-d99ddd370bd9" testId="ac276d21-a78f-4de6-b099-47b89586cba9" testName="GetSingle_InvalidIdPropertyValueReturnsNotFound" computerName="VECTOR" duration="00:00:00.0220000" startTime="2018-07-26T07:39:01.8232121-04:00" endTime="2018-07-26T07:39:01.8232181-04:00" testType="13cdc9d9-ddb5-4fa4-a97d-d965ccfc6d4b" outcome="Passed" testListId="8c84fa94-04c1-424b-9868-57a2d4851a1d" relativeResultsDirectory="966b8384-d9b8-4a7e-879c-d99ddd370bd9" /><UnitTestResult executionId="e2fad8de-9203-4d40-ac01-4a9e0934e7d6" testId="af4c29fa-3a4a-4c68-a003-35b1b908e1d9" testName="Put_CanUpdateModel" computerName="VECTOR" duration="00:00:00.2850000" startTime="2018-07-26T07:39:02.1088879-04:00" endTime="2018-07-26T07:39:02.1089001-04:00" testType="13cdc9d9-ddb5-4fa4-a97d-d965ccfc6d4b" outcome="Passed" testListId="8c84fa94-04c1-424b-9868-57a2d4851a1d" relativeResultsDirectory="e2fad8de-9203-4d40-ac01-4a9e0934e7d6" /><UnitTestResult executionId="8a4dca73-9346-46a5-8cf3-b41542033412" testId="f4024d0f-5393-4ab4-a1ce-b1678a6484ed" testName="FileRequest_MeshIsInvalidatedAfterDepthBufferFileBecomesUnsynchronized" computerName="VECTOR" duration="00:00:02.9140000" startTime="2018-07-26T07:39:17.8718508-04:00" endTime="2018-07-26T07:39:17.8718577-04:00" testType="13cdc9d9-ddb5-4fa4-a97d-d965ccfc6d4b" outcome="Passed" testListId="8c84fa94-04c1-424b-9868-57a2d4851a1d" relativeResultsDirectory="8a4dca73-9346-46a5-8cf3-b41542033412" /><UnitTestResult executionId="297aa6b5-b423-4f27-bc12-bd0399e456a3" testId="cc4233b1-dd68-4d27-9fe0-a3c6e9b050ce" testName="DepthBufferHasExpectedDependentFiles" computerName="VECTOR" duration="00:00:00.0010000" startTime="2018-07-26T07:38:59.9449356-04:00" endTime="2018-07-26T07:38:59.9449371-04:00" testType="13cdc9d9-ddb5-4fa4-a97d-d965ccfc6d4b" outcome="Passed" testListId="8c84fa94-04c1-424b-9868-57a2d4851a1d" relativeResultsDirectory="297aa6b5-b423-4f27-bc12-bd0399e456a3" /><UnitTestResult executionId="89d13429-d73c-4b48-8dd6-47a405337624" testId="45bee730-a58c-478a-87fe-019b152dca8d" testName="Post_InvalidPropertyValueReturnsBadRequest" computerName="VECTOR" duration="00:00:00.0120000" startTime="2018-07-26T07:39:34.1996690-04:00" endTime="2018-07-26T07:39:34.1996758-04:00" testType="13cdc9d9-ddb5-4fa4-a97d-d965ccfc6d4b" outcome="Passed" testListId="8c84fa94-04c1-424b-9868-57a2d4851a1d" relativeResultsDirectory="89d13429-d73c-4b48-8dd6-47a405337624" /><UnitTestResult executionId="db817763-f899-48e3-8a43-c96d0dd4a7a1" testId="19d9f642-adf7-4052-9da4-db5bb582b805" testName="Delete_TargetModelIsDeleted" computerName="VECTOR" duration="00:00:00.2200000" startTime="2018-07-26T07:39:05.2560048-04:00" endTime="2018-07-26T07:39:05.2560125-04:00" testType="13cdc9d9-ddb5-4fa4-a97d-d965ccfc6d4b" outcome="Passed" testListId="8c84fa94-04c1-424b-9868-57a2d4851a1d" relativeResultsDirectory="db817763-f899-48e3-8a43-c96d0dd4a7a1" /><UnitTestResult executionId="a73deef1-d7fd-4387-8e37-77805e3f842d" testId="df951289-0c4d-4d4b-96ff-8490e68ac071" testName="GetFile_NonExistentFileReturnsNotFound" computerName="VECTOR" duration="00:00:00.0270000" startTime="2018-07-26T07:39:14.6083813-04:00" endTime="2018-07-26T07:39:14.6083873-04:00" testType="13cdc9d9-ddb5-4fa4-a97d-d965ccfc6d4b" outcome="Passed" testListId="8c84fa94-04c1-424b-9868-57a2d4851a1d" relativeResultsDirectory="a73deef1-d7fd-4387-8e37-77805e3f842d" /><UnitTestResult executionId="f878c395-ed5d-4a8b-80ba-f6ccc7f8f78c" testId="c2f957eb-8710-4a8a-af58-937828361f4d" testName="Post_InvalidPropertyValueReturnsBadRequest" computerName="VECTOR" duration="00:00:00.0300000" startTime="2018-07-26T07:39:08.8944971-04:00" endTime="2018-07-26T07:39:08.8945044-04:00" testType="13cdc9d9-ddb5-4fa4-a97d-d965ccfc6d4b" outcome="Passed" testListId="8c84fa94-04c1-424b-9868-57a2d4851a1d" relativeResultsDirectory="f878c395-ed5d-4a8b-80ba-f6ccc7f8f78c" /><UnitTestResult executionId="ef023841-33bf-480d-aa50-bf0526e603d6" testId="96ec0eef-475c-438f-9f18-6180d3bf4b6a" testName="Post_ValidReferencePropertyCreatesModel" computerName="VECTOR" duration="00:00:00.2140000" startTime="2018-07-26T07:39:27.6952856-04:00" endTime="2018-07-26T07:39:27.6952922-04:00" testType="13cdc9d9-ddb5-4fa4-a97d-d965ccfc6d4b" outcome="Passed" testListId="8c84fa94-04c1-424b-9868-57a2d4851a1d" relativeResultsDirectory="ef023841-33bf-480d-aa50-bf0526e603d6" /><UnitTestResult executionId="3aa0328f-5f12-45f0-a2f9-c785ad4fc9eb" testId="3cb8daf9-e85f-42ac-b782-a823f2ae201b" testName="Put_ValidReferencePropertyUpdatesModel" computerName="VECTOR" duration="00:00:00.4040000" startTime="2018-07-26T07:39:08.8642699-04:00" endTime="2018-07-26T07:39:08.8642762-04:00" testType="13cdc9d9-ddb5-4fa4-a97d-d965ccfc6d4b" outcome="Passed" testListId="8c84fa94-04c1-424b-9868-57a2d4851a1d" relativeResultsDirectory="3aa0328f-5f12-45f0-a2f9-c785ad4fc9eb" /><UnitTestResult executionId="10745b03-21be-46ef-be48-fdcd52dc47e5" testId="03781b7c-986a-4cfc-8c45-28039ebe9f79" testName="Post_InvalidPropertyValueReturnsBadRequest" computerName="VECTOR" duration="00:00:00.0180000" startTime="2018-07-26T07:39:14.5806333-04:00" endTime="2018-07-26T07:39:14.5806387-04:00" testType="13cdc9d9-ddb5-4fa4-a97d-d965ccfc6d4b" outcome="Passed" testListId="8c84fa94-04c1-424b-9868-57a2d4851a1d" relativeResultsDirectory="10745b03-21be-46ef-be48-fdcd52dc47e5" /><UnitTestResult executionId="9a452ba4-c5c3-405e-80ff-48c0ed6f385e" testId="c4a44728-0b04-4d6d-818e-8b541a086371" testName="Post_InvalidPropertyValueReturnsBadRequest" computerName="VECTOR" duration="00:00:00.0130000" startTime="2018-07-26T07:39:03.7732660-04:00" endTime="2018-07-26T07:39:03.7732717-04:00" testType="13cdc9d9-ddb5-4fa4-a97d-d965ccfc6d4b" outcome="Passed" testListId="8c84fa94-04c1-424b-9868-57a2d4851a1d" relativeResultsDirectory="9a452ba4-c5c3-405e-80ff-48c0ed6f385e" /><UnitTestResult executionId="1d652168-9afe-42b3-9471-c50c392edcd5" testId="a674ee1f-416b-454e-bf84-40e15099721c" testName="GetList_ListReturnsCorrectCount" computerName="VECTOR" duration="00:00:00.0190000" startTime="2018-07-26T07:39:04.7794315-04:00" endTime="2018-07-26T07:39:04.7794389-04:00" testType="13cdc9d9-ddb5-4fa4-a97d-d965ccfc6d4b" outcome="Passed" testListId="8c84fa94-04c1-424b-9868-57a2d4851a1d" relativeResultsDirectory="1d652168-9afe-42b3-9471-c50c392edcd5" /><UnitTestResult executionId="cf1c51b9-c6a2-4e73-b969-bef409172097" testId="51d83626-43e8-40b9-a48d-2c7816c0091e" testName="PostFile_NewFileCanBePosted" computerName="VECTOR" duration="00:00:00.3490000" startTime="2018-07-26T07:39:20.5959839-04:00" endTime="2018-07-26T07:39:20.5959910-04:00" testType="13cdc9d9-ddb5-4fa4-a97d-d965ccfc6d4b" outcome="Passed" testListId="8c84fa94-04c1-424b-9868-57a2d4851a1d" relativeResultsDirectory="cf1c51b9-c6a2-4e73-b969-bef409172097" /><UnitTestResult executionId="e84cfc3f-74a9-4228-ab2d-68e508edfdca" testId="c809cd41-c0a2-4ca3-8bd3-7cf1f144600b" testName="Patch_ValidReferencePropertyUpdatesModel" computerName="VECTOR" duration="00:00:00.2860000" startTime="2018-07-26T07:39:27.4528451-04:00" endTime="2018-07-26T07:39:27.4528516-04:00" testType="13cdc9d9-ddb5-4fa4-a97d-d965ccfc6d4b" outcome="Passed" testListId="8c84fa94-04c1-424b-9868-57a2d4851a1d" relativeResultsDirectory="e84cfc3f-74a9-4228-ab2d-68e508edfdca" /><UnitTestResult executionId="ca0b6c69-1121-4847-80be-55a2617a503f" testId="607ed809-4330-489c-a991-9191f1f9051a" testName="Patch_InvalidReferencePropertyReturnsBadRequest" computerName="VECTOR" duration="00:00:00.0430000" startTime="2018-07-26T07:39:08.4415657-04:00" endTime="2018-07-26T07:39:08.4415723-04:00" testType="13cdc9d9-ddb5-4fa4-a97d-d965ccfc6d4b" outcome="Passed" testListId="8c84fa94-04c1-424b-9868-57a2d4851a1d" relativeResultsDirectory="ca0b6c69-1121-4847-80be-55a2617a503f" /><UnitTestResult executionId="790d17ae-7343-4206-ae70-4c8fbd3d3516" testId="58fd0ed6-485f-4ee8-93c8-4eee93dab1e5" testName="Patch_TargetPropertyIsUpdated" computerName="VECTOR" duration="00:00:00.4610000" startTime="2018-07-26T07:39:02.9817921-04:00" endTime="2018-07-26T07:39:02.9817992-04:00" testType="13cdc9d9-ddb5-4fa4-a97d-d965ccfc6d4b" outcome="Passed" testListId="8c84fa94-04c1-424b-9868-57a2d4851a1d" relativeResultsDirectory="790d17ae-7343-4206-ae70-4c8fbd3d3516" /><UnitTestResult executionId="1ab11e0a-c44c-4414-892c-5ccf99083a91" testId="ed0f3de1-6b91-4ac5-9a57-30dbfc364819" testName="Put_InvalidReferencePropertyReturndBadRequest" computerName="VECTOR" duration="00:00:00.0300000" startTime="2018-07-26T07:39:33.9499770-04:00" endTime="2018-07-26T07:39:33.9499830-04:00" testType="13cdc9d9-ddb5-4fa4-a97d-d965ccfc6d4b" outcome="Passed" testListId="8c84fa94-04c1-424b-9868-57a2d4851a1d" relativeResultsDirectory="1ab11e0a-c44c-4414-892c-5ccf99083a91" /><UnitTestResult executionId="fabb6efa-b329-4852-9c6c-07a8ba1ac2c8" testId="fd77d7c5-0568-4418-a86e-6822d4b49796" testName="GetList_ListReturnsCorrectCount" computerName="VECTOR" duration="00:00:00.0180000" startTime="2018-07-26T07:39:08.4599043-04:00" endTime="2018-07-26T07:39:08.4599112-04:00" testType="13cdc9d9-ddb5-4fa4-a97d-d965ccfc6d4b" outcome="Passed" testListId="8c84fa94-04c1-424b-9868-57a2d4851a1d" relativeResultsDirectory="fabb6efa-b329-4852-9c6c-07a8ba1ac2c8" /><UnitTestResult executionId="186a34d0-7071-45ec-883a-30b4a4d4a07d" testId="e4b5b7b4-a118-474f-b84c-3b39ccd8d19b" testName="Put_CanUpdateModel" computerName="VECTOR" duration="00:00:00.6650000" startTime="2018-07-26T07:39:12.8958289-04:00" endTime="2018-07-26T07:39:12.8958352-04:00" testType="13cdc9d9-ddb5-4fa4-a97d-d965ccfc6d4b" outcome="Passed" testListId="8c84fa94-04c1-424b-9868-57a2d4851a1d" relativeResultsDirectory="186a34d0-7071-45ec-883a-30b4a4d4a07d" /><UnitTestResult executionId="2654eeaa-18dd-4703-a237-1a580d4c7a9b" testId="286b3e6f-3c88-43e3-bdad-0f66b7b193a6" testName="Patch_InvalidReferencePropertyReturnsBadRequest" computerName="VECTOR" duration="00:00:00.0380000" startTime="2018-07-26T07:39:05.0359788-04:00" endTime="2018-07-26T07:39:05.0359879-04:00" testType="13cdc9d9-ddb5-4fa4-a97d-d965ccfc6d4b" outcome="Passed" testListId="8c84fa94-04c1-424b-9868-57a2d4851a1d" relativeResultsDirectory="2654eeaa-18dd-4703-a237-1a580d4c7a9b" /><UnitTestResult executionId="1f81a0fd-6707-45d7-825d-f9a414d19fca" testId="a9aef39a-8d2b-445e-8360-e147151dc11a" testName="Post_InvalidReferencePropertyReturnsBadRequest" computerName="VECTOR" duration="00:00:00.0210000" startTime="2018-07-26T07:39:33.5850177-04:00" endTime="2018-07-26T07:39:33.5850249-04:00" testType="13cdc9d9-ddb5-4fa4-a97d-d965ccfc6d4b" outcome="Passed" testListId="8c84fa94-04c1-424b-9868-57a2d4851a1d" relativeResultsDirectory="1f81a0fd-6707-45d7-825d-f9a414d19fca" /><UnitTestResult executionId="3870742f-13b7-4b9c-ac93-d542ebe845ea" testId="9d59bc2f-69c4-42fe-92bb-93ec0cd34077" testName="PostFile_FileTimeStampIsUpdatedAfterFileIsPosted" computerName="VECTOR" duration="00:00:01.4470000" startTime="2018-07-26T07:39:20.2460645-04:00" endTime="2018-07-26T07:39:20.2460747-04:00" testType="13cdc9d9-ddb5-4fa4-a97d-d965ccfc6d4b" outcome="Passed" testListId="8c84fa94-04c1-424b-9868-57a2d4851a1d" relativeResultsDirectory="3870742f-13b7-4b9c-ac93-d542ebe845ea" /><UnitTestResult executionId="d6cbfdc7-b5fd-43a0-9b66-9c5968478603" testId="531dbdb4-225a-4db7-9d7b-f1239817cc5b" testName="Post_ValidReferencePropertyCreatesModel" computerName="VECTOR" duration="00:00:00.2110000" startTime="2018-07-26T07:39:14.2585716-04:00" endTime="2018-07-26T07:39:14.2585833-04:00" testType="13cdc9d9-ddb5-4fa4-a97d-d965ccfc6d4b" outcome="Passed" testListId="8c84fa94-04c1-424b-9868-57a2d4851a1d" relativeResultsDirectory="d6cbfdc7-b5fd-43a0-9b66-9c5968478603" /><UnitTestResult executionId="4a81d2ef-e6ff-4a6b-9041-e0d36c27e366" testId="3e668b35-fa4b-4d51-9c99-457766073e24" testName="PostFile_NewFileCanBePosted" computerName="VECTOR" duration="00:00:00.3330000" startTime="2018-07-26T07:39:32.7863735-04:00" endTime="2018-07-26T07:39:32.7863812-04:00" testType="13cdc9d9-ddb5-4fa4-a97d-d965ccfc6d4b" outcome="Passed" testListId="8c84fa94-04c1-424b-9868-57a2d4851a1d" relativeResultsDirectory="4a81d2ef-e6ff-4a6b-9041-e0d36c27e366" /><UnitTestResult executionId="58e5a0e6-9a8d-4fb5-8c66-8a8f61bc1b36" testId="0826dfae-4442-42dd-9aef-b845cce6fe59" testName="Patch_MultipleInvalidReferencePropertiesReturnsMultipleValidationErrorsAndBadRequest" computerName="VECTOR" duration="00:00:00.0130000" startTime="2018-07-26T07:39:02.1634000-04:00" endTime="2018-07-26T07:39:02.1634066-04:00" testType="13cdc9d9-ddb5-4fa4-a97d-d965ccfc6d4b" outcome="Passed" testListId="8c84fa94-04c1-424b-9868-57a2d4851a1d" relativeResultsDirectory="58e5a0e6-9a8d-4fb5-8c66-8a8f61bc1b36" /><UnitTestResult executionId="ad2ce172-f53d-4fb1-81f0-10f1f1212198" testId="9eb43a63-c3d9-49e0-94b2-9ea546d7de31" testName="Put_InvalidIdReturnsNotFound" computerName="VECTOR" duration="00:00:00.0440000" startTime="2018-07-26T07:39:03.7444418-04:00" endTime="2018-07-26T07:39:03.7444477-04:00" testType="13cdc9d9-ddb5-4fa4-a97d-d965ccfc6d4b" outcome="Passed" testListId="8c84fa94-04c1-424b-9868-57a2d4851a1d" relativeResultsDirectory="ad2ce172-f53d-4fb1-81f0-10f1f1212198" /><UnitTestResult executionId="495f90bc-643a-4da3-982a-9e3e67484ecb" testId="6c080665-3040-435e-b888-56285dbde458" testName="Patch_InvalidEnumPropertyValueReturnsBadRequest" computerName="VECTOR" duration="00:00:00.0410000" startTime="2018-07-26T07:39:13.3036887-04:00" endTime="2018-07-26T07:39:13.3036938-04:00" testType="13cdc9d9-ddb5-4fa4-a97d-d965ccfc6d4b" outcome="Passed" testListId="8c84fa94-04c1-424b-9868-57a2d4851a1d" relativeResultsDirectory="495f90bc-643a-4da3-982a-9e3e67484ecb" /><UnitTestResult executionId="87e4a383-b313-4e0b-9126-5340f91ef3e3" testId="e12d6f38-cd6a-4b9c-aae2-22238dc47d52" testName="Post_CanCreateNewModel" computerName="VECTOR" duration="00:00:00.1430000" startTime="2018-07-26T07:39:33.2930698-04:00" endTime="2018-07-26T07:39:33.2930766-04:00" testType="13cdc9d9-ddb5-4fa4-a97d-d965ccfc6d4b" outcome="Passed" testListId="8c84fa94-04c1-424b-9868-57a2d4851a1d" relativeResultsDirectory="87e4a383-b313-4e0b-9126-5340f91ef3e3" /><UnitTestResult executionId="40cf94d7-7567-4f73-9364-629d9b022d58" testId="7d7e6b7e-8efb-4682-bfb8-4b0b5c2cf962" testName="GetSingle_ValidIdPropertyValueReturnsCorrectModel" computerName="VECTOR" duration="00:00:00.0200000" startTime="2018-07-26T07:39:10.1701759-04:00" endTime="2018-07-26T07:39:10.1701816-04:00" testType="13cdc9d9-ddb5-4fa4-a97d-d965ccfc6d4b" outcome="Passed" testListId="8c84fa94-04c1-424b-9868-57a2d4851a1d" relativeResultsDirectory="40cf94d7-7567-4f73-9364-629d9b022d58" /><UnitTestResult executionId="bf3f8d7a-28eb-4551-9e17-3abeeb439155" testId="188e04c6-398c-48d3-8d9c-33e6716cbb72" testName="Post_InvalidReferencePropertyReturnsBadRequest" computerName="VECTOR" duration="00:00:00.0180000" startTime="2018-07-26T07:39:27.1057451-04:00" endTime="2018-07-26T07:39:27.1057514-04:00" testType="13cdc9d9-ddb5-4fa4-a97d-d965ccfc6d4b" outcome="Passed" testListId="8c84fa94-04c1-424b-9868-57a2d4851a1d" relativeResultsDirectory="bf3f8d7a-28eb-4551-9e17-3abeeb439155" /><UnitTestResult executionId="2dc261a7-44e8-44d3-a7ef-d812c87e95d5" testId="36ec8ebc-8d8a-4b81-a9fe-b523a11047ed" testName="Delete_TargetModelIsDeleted" computerName="VECTOR" duration="00:00:00.2360000" startTime="2018-07-26T07:39:26.0052127-04:00" endTime="2018-07-26T07:39:26.0052249-04:00" testType="13cdc9d9-ddb5-4fa4-a97d-d965ccfc6d4b" outcome="Passed" testListId="8c84fa94-04c1-424b-9868-57a2d4851a1d" relativeResultsDirectory="2dc261a7-44e8-44d3-a7ef-d812c87e95d5" /><UnitTestResult executionId="04b30bc4-a44e-4fd9-8b7a-2d2d7e1ebb8a" testId="7849853c-48f7-4b41-a462-3788df5ec383" testName="Patch_TargetPropertyIsUpdated" computerName="VECTOR" duration="00:00:00.2870000" startTime="2018-07-26T07:39:09.7341319-04:00" endTime="2018-07-26T07:39:09.7341453-04:00" testType="13cdc9d9-ddb5-4fa4-a97d-d965ccfc6d4b" outcome="Passed" testListId="8c84fa94-04c1-424b-9868-57a2d4851a1d" relativeResultsDirectory="04b30bc4-a44e-4fd9-8b7a-2d2d7e1ebb8a" /><UnitTestResult executionId="74fcfbef-92be-4738-a261-2fb28f4d1d37" testId="85849fa1-2ab0-46d5-97bb-628f2ad18e63" testName="Patch_MultipleInvalidReferencePropertiesReturnsMultipleValidationErrorsAndBadRequest" computerName="VECTOR" duration="00:00:00.0610000" startTime="2018-07-26T07:39:04.7595396-04:00" endTime="2018-07-26T07:39:04.7595453-04:00" testType="13cdc9d9-ddb5-4fa4-a97d-d965ccfc6d4b" outcome="Passed" testListId="8c84fa94-04c1-424b-9868-57a2d4851a1d" relativeResultsDirectory="74fcfbef-92be-4738-a261-2fb28f4d1d37" /><UnitTestResult executionId="13dc9d15-8eb4-4a8d-a9a6-5a45a4a68ea4" testId="72786935-81b9-46ae-ad74-fb1b2d0aa8ab" testName="FileRequest_MeshGenerateSetsFileIsSynchronized" computerName="VECTOR" duration="00:00:04.1740000" startTime="2018-07-26T07:39:24.7707143-04:00" endTime="2018-07-26T07:39:24.7707217-04:00" testType="13cdc9d9-ddb5-4fa4-a97d-d965ccfc6d4b" outcome="Passed" testListId="8c84fa94-04c1-424b-9868-57a2d4851a1d" relativeResultsDirectory="13dc9d15-8eb4-4a8d-a9a6-5a45a4a68ea4" /><UnitTestResult executionId="b1424a15-025b-44a2-b030-ab1b5e8fba87" testId="7ef9f90f-ca85-43e5-9d77-e55289fd6337" testName="PutFile_FileCanBeUpdated" computerName="VECTOR" duration="00:00:00.4500000" startTime="2018-07-26T07:39:30.0455079-04:00" endTime="2018-07-26T07:39:30.0455153-04:00" testType="13cdc9d9-ddb5-4fa4-a97d-d965ccfc6d4b" outcome="Passed" testListId="8c84fa94-04c1-424b-9868-57a2d4851a1d" relativeResultsDirectory="b1424a15-025b-44a2-b030-ab1b5e8fba87" /><UnitTestResult executionId="433afa87-3c38-49bf-81af-8461299c0471" testId="dc00342b-1db7-45a5-b72c-e48333cc3661" testName="Put_InvalidIdReturnsNotFound" computerName="VECTOR" duration="00:00:00.0260000" startTime="2018-07-26T07:39:27.1510444-04:00" endTime="2018-07-26T07:39:27.1510496-04:00" testType="13cdc9d9-ddb5-4fa4-a97d-d965ccfc6d4b" outcome="Passed" testListId="8c84fa94-04c1-424b-9868-57a2d4851a1d" relativeResultsDirectory="433afa87-3c38-49bf-81af-8461299c0471" /><UnitTestResult executionId="56f9c3bb-4a31-456c-97bf-3d365e0a4e4b" testId="34518bbd-5c42-4f58-94f5-315812a6989a" testName="Post_ValidReferencePropertyCreatesModel" computerName="VECTOR" duration="00:00:00.0120000" startTime="2018-07-26T07:39:00.6601820-04:00" endTime="2018-07-26T07:39:00.6601851-04:00" testType="13cdc9d9-ddb5-4fa4-a97d-d965ccfc6d4b" outcome="Passed" testListId="8c84fa94-04c1-424b-9868-57a2d4851a1d" relativeResultsDirectory="56f9c3bb-4a31-456c-97bf-3d365e0a4e4b" /><UnitTestResult executionId="7bc96a5b-4fa4-463d-8678-8470472fc1e0" testId="1136f732-d6e0-43c7-8834-10db04b859e4" testName="Patch_InvalidEnumPropertyValueReturnsBadRequest" computerName="VECTOR" duration="00:00:00.0260000" startTime="2018-07-26T07:39:04.8062336-04:00" endTime="2018-07-26T07:39:04.8062393-04:00" testType="13cdc9d9-ddb5-4fa4-a97d-d965ccfc6d4b" outcome="Passed" testListId="8c84fa94-04c1-424b-9868-57a2d4851a1d" relativeResultsDirectory="7bc96a5b-4fa4-463d-8678-8470472fc1e0" /><UnitTestResult executionId="9153b65e-167e-486a-ab73-247bca2ee0a9" testId="c54af138-3ddc-42ff-ac49-1bc78ef798a8" testName="Post_InvalidReferencePropertyReturnsBadRequest" computerName="VECTOR" duration="00:00:00.3070000" startTime="2018-07-26T07:39:02.5206826-04:00" endTime="2018-07-26T07:39:02.5206888-04:00" testType="13cdc9d9-ddb5-4fa4-a97d-d965ccfc6d4b" outcome="Passed" testListId="8c84fa94-04c1-424b-9868-57a2d4851a1d" relativeResultsDirectory="9153b65e-167e-486a-ab73-247bca2ee0a9" /><UnitTestResult executionId="172f71d2-cd57-4dd7-9ec1-bdc05e063e79" testId="6ed3fd0a-d3f1-4814-94b7-d82f2d7ee38b" testName="LucyCameraFindsAllDependents" computerName="VECTOR" duration="00:00:00.0080000" startTime="2018-07-26T07:38:59.9406330-04:00" endTime="2018-07-26T07:38:59.9406359-04:00" testType="13cdc9d9-ddb5-4fa4-a97d-d965ccfc6d4b" outcome="Passed" testListId="8c84fa94-04c1-424b-9868-57a2d4851a1d" relativeResultsDirectory="172f71d2-cd57-4dd7-9ec1-bdc05e063e79" /><UnitTestResult executionId="1674e6ba-fef6-4f93-a4f2-dac9574ff8fa" testId="fbdb88c1-25e9-4bf8-9008-17f128aa5459" testName="Patch_ValidReferencePropertyUpdatesModel" computerName="VECTOR" duration="00:00:00.9970000" startTime="2018-07-26T07:39:12.2306853-04:00" endTime="2018-07-26T07:39:12.2306918-04:00" testType="13cdc9d9-ddb5-4fa4-a97d-d965ccfc6d4b" outcome="Passed" testListId="8c84fa94-04c1-424b-9868-57a2d4851a1d" relativeResultsDirectory="1674e6ba-fef6-4f93-a4f2-dac9574ff8fa" /><UnitTestResult executionId="e7980944-0c3a-4358-ad4b-f3968bd5e622" testId="9f24377a-9dca-44b6-8eed-42762cdcaf0e" testName="Post_CanCreateNewModel" computerName="VECTOR" duration="00:00:00.1980000" startTime="2018-07-26T07:39:26.2390163-04:00" endTime="2018-07-26T07:39:26.2390231-04:00" testType="13cdc9d9-ddb5-4fa4-a97d-d965ccfc6d4b" outcome="Passed" testListId="8c84fa94-04c1-424b-9868-57a2d4851a1d" relativeResultsDirectory="e7980944-0c3a-4358-ad4b-f3968bd5e622" /><UnitTestResult executionId="214f3112-0a5e-48e4-99af-78b4e82dedb7" testId="42600514-1656-47d0-acf7-f0db63ec31f7" testName="FileRequest_FileCanBeReadAfterRename" computerName="VECTOR" duration="00:00:00.4760000" startTime="2018-07-26T07:39:25.6228249-04:00" endTime="2018-07-26T07:39:25.6228351-04:00" testType="13cdc9d9-ddb5-4fa4-a97d-d965ccfc6d4b" outcome="Passed" testListId="8c84fa94-04c1-424b-9868-57a2d4851a1d" relativeResultsDirectory="214f3112-0a5e-48e4-99af-78b4e82dedb7" /><UnitTestResult executionId="f6073d50-3cd4-4325-84d0-fb5c2913d044" testId="cbdefdc4-9e0d-4af5-a985-0318236a2769" testName="GetSingle_InvalidIdPropertyValueReturnsNotFound" computerName="VECTOR" duration="00:00:00.0270000" startTime="2018-07-26T07:39:10.1501154-04:00" endTime="2018-07-26T07:39:10.1501228-04:00" testType="13cdc9d9-ddb5-4fa4-a97d-d965ccfc6d4b" outcome="Passed" testListId="8c84fa94-04c1-424b-9868-57a2d4851a1d" relativeResultsDirectory="f6073d50-3cd4-4325-84d0-fb5c2913d044" /><UnitTestResult executionId="0fc09700-ca84-4937-b073-34e07b73aa1f" testId="562ceaa6-1cd5-44c7-a31a-233073b6c737" testName="Post_InvalidReferencePropertyReturnsBadRequest" computerName="VECTOR" duration="00:00:00.0160000" startTime="2018-07-26T07:39:10.1867013-04:00" endTime="2018-07-26T07:39:10.1867067-04:00" testType="13cdc9d9-ddb5-4fa4-a97d-d965ccfc6d4b" outcome="Passed" testListId="8c84fa94-04c1-424b-9868-57a2d4851a1d" relativeResultsDirectory="0fc09700-ca84-4937-b073-34e07b73aa1f" /><UnitTestResult executionId="8aadc431-8115-455c-b1f4-a209c13be5e8" testId="58d178df-a9b1-4467-b2ed-3f858b973f98" testName="GetList_ListReturnsCorrectCount" computerName="VECTOR" duration="00:00:00.0410000" startTime="2018-07-26T07:39:02.1502362-04:00" endTime="2018-07-26T07:39:02.1502439-04:00" testType="13cdc9d9-ddb5-4fa4-a97d-d965ccfc6d4b" outcome="Passed" testListId="8c84fa94-04c1-424b-9868-57a2d4851a1d" relativeResultsDirectory="8aadc431-8115-455c-b1f4-a209c13be5e8" /><UnitTestResult executionId="cd0dce3f-8358-4a65-9cc7-0e61499b1165" testId="3874a0c3-c4d2-4141-90a4-8f8c17879a90" testName="PostFile_NewFileCanBePosted" computerName="VECTOR" duration="00:00:00.3830000" startTime="2018-07-26T07:39:07.3310773-04:00" endTime="2018-07-26T07:39:07.3310830-04:00" testType="13cdc9d9-ddb5-4fa4-a97d-d965ccfc6d4b" outcome="Passed" testListId="8c84fa94-04c1-424b-9868-57a2d4851a1d" relativeResultsDirectory="cd0dce3f-8358-4a65-9cc7-0e61499b1165" /><UnitTestResult executionId="203dc816-28dc-43d4-af27-01ae6761b734" testId="7ad288fc-035a-4aa8-9260-b089a0dad2dd" testName="LucyModel3dHasTwoDependents" computerName="VECTOR" duration="00:00:00.3660000" startTime="2018-07-26T07:38:59.9324557-04:00" endTime="2018-07-26T07:38:59.9324611-04:00" testType="13cdc9d9-ddb5-4fa4-a97d-d965ccfc6d4b" outcome="Passed" testListId="8c84fa94-04c1-424b-9868-57a2d4851a1d" relativeResultsDirectory="203dc816-28dc-43d4-af27-01ae6761b734" /><UnitTestResult executionId="f14efa68-9b5f-445e-bcbf-5ac12df14988" testId="5545b66b-2d76-4bab-a5b0-5987b71228f4" testName="GetFile_ExistingFileReturnsSuccess" computerName="VECTOR" duration="00:00:00.1570000" startTime="2018-07-26T07:39:06.4383031-04:00" endTime="2018-07-26T07:39:06.4383105-04:00" testType="13cdc9d9-ddb5-4fa4-a97d-d965ccfc6d4b" outcome="Passed" testListId="8c84fa94-04c1-424b-9868-57a2d4851a1d" relativeResultsDirectory="f14efa68-9b5f-445e-bcbf-5ac12df14988" /><UnitTestResult executionId="944a5d68-dbb7-4952-8e11-fd4a40a8ff86" testId="06b04e5a-a8dc-4e1a-a34d-052c457c52bf" testName="Put_InvalidIdReturnsNotFound" computerName="VECTOR" duration="00:00:00.0740000" startTime="2018-07-26T07:39:11.2335402-04:00" endTime="2018-07-26T07:39:11.2335459-04:00" testType="13cdc9d9-ddb5-4fa4-a97d-d965ccfc6d4b" outcome="Passed" testListId="8c84fa94-04c1-424b-9868-57a2d4851a1d" relativeResultsDirectory="944a5d68-dbb7-4952-8e11-fd4a40a8ff86" /><UnitTestResult executionId="ccad5beb-e152-459f-8074-7ca37f7e2e5d" testId="d97299a5-964e-409e-9a0d-aaf13bd45eb9" testName="GetSingle_ValidIdPropertyValueReturnsCorrectModel" computerName="VECTOR" duration="00:00:00.0190000" startTime="2018-07-26T07:39:27.1250769-04:00" endTime="2018-07-26T07:39:27.1250823-04:00" testType="13cdc9d9-ddb5-4fa4-a97d-d965ccfc6d4b" outcome="Passed" testListId="8c84fa94-04c1-424b-9868-57a2d4851a1d" relativeResultsDirectory="ccad5beb-e152-459f-8074-7ca37f7e2e5d" /><UnitTestResult executionId="bde7f303-b53e-4b01-aa6d-69cb42bab9bd" testId="9e31c22d-57c6-47ff-9914-7d001211cebd" testName="Post_CanCreateNewModel" computerName="VECTOR" duration="00:00:00.2450000" startTime="2018-07-26T07:39:13.8664256-04:00" endTime="2018-07-26T07:39:13.8664395-04:00" testType="13cdc9d9-ddb5-4fa4-a97d-d965ccfc6d4b" outcome="Passed" testListId="8c84fa94-04c1-424b-9868-57a2d4851a1d" relativeResultsDirectory="bde7f303-b53e-4b01-aa6d-69cb42bab9bd" /><UnitTestResult executionId="8ad748dc-1841-4cd8-a7de-8253d903cc88" testId="fecd280f-5cc0-4a17-ae3d-464d22f6128a" testName="GetSingle_ValidIdPropertyValueReturnsCorrectModel" computerName="VECTOR" duration="00:00:00.0160000" startTime="2018-07-26T07:39:03.7892505-04:00" endTime="2018-07-26T07:39:03.7892562-04:00" testType="13cdc9d9-ddb5-4fa4-a97d-d965ccfc6d4b" outcome="Passed" testListId="8c84fa94-04c1-424b-9868-57a2d4851a1d" relativeResultsDirectory="8ad748dc-1841-4cd8-a7de-8253d903cc88" /><UnitTestResult executionId="4949ca29-596e-4ba4-8b88-d4c664ce887c" testId="bda451e3-2b9c-4c66-b699-2de6e9b21437" testName="Patch_InvalidIdPropertyReturnsNotFound" computerName="VECTOR" duration="00:00:00.0220000" startTime="2018-07-26T07:39:13.9612290-04:00" endTime="2018-07-26T07:39:13.9612353-04:00" testType="13cdc9d9-ddb5-4fa4-a97d-d965ccfc6d4b" outcome="Passed" testListId="8c84fa94-04c1-424b-9868-57a2d4851a1d" relativeResultsDirectory="4949ca29-596e-4ba4-8b88-d4c664ce887c" /><UnitTestResult executionId="8c027eb5-7eef-46f8-81be-9a2eca4dcf17" testId="c57843e5-eee9-4691-9cdb-a3303cc4acc1" testName="Patch_InvalidIdPropertyReturnsNotFound" computerName="VECTOR" duration="00:00:00.0350000" startTime="2018-07-26T07:39:26.0403888-04:00" endTime="2018-07-26T07:39:26.0404098-04:00" testType="13cdc9d9-ddb5-4fa4-a97d-d965ccfc6d4b" outcome="Passed" testListId="8c84fa94-04c1-424b-9868-57a2d4851a1d" relativeResultsDirectory="8c027eb5-7eef-46f8-81be-9a2eca4dcf17" /><UnitTestResult executionId="92651a0a-26fd-4e69-8d28-062d8a5d8d8e" testId="d9958bf6-3c5e-4ab5-bac2-9947d645024f" testName="Put_CanUpdateModel" computerName="VECTOR" duration="00:00:00.3120000" startTime="2018-07-26T07:39:28.0086511-04:00" endTime="2018-07-26T07:39:28.0086630-04:00" testType="13cdc9d9-ddb5-4fa4-a97d-d965ccfc6d4b" outcome="Passed" testListId="8c84fa94-04c1-424b-9868-57a2d4851a1d" relativeResultsDirectory="92651a0a-26fd-4e69-8d28-062d8a5d8d8e" /><UnitTestResult executionId="24102cd7-a4bc-4dc8-a546-c845fa384bb6" testId="9710a045-2b05-4634-bf93-9342e669948c" testName="Patch_MultipleInvalidReferencePropertiesReturnsMultipleValidationErrorsAndBadRequest" computerName="VECTOR" duration="00:00:00.0390000" startTime="2018-07-26T07:39:14.0462524-04:00" endTime="2018-07-26T07:39:14.0462583-04:00" testType="13cdc9d9-ddb5-4fa4-a97d-d965ccfc6d4b" outcome="Passed" testListId="8c84fa94-04c1-424b-9868-57a2d4851a1d" relativeResultsDirectory="24102cd7-a4bc-4dc8-a546-c845fa384bb6" /><UnitTestResult executionId="8905b3b1-4c87-4e2c-b8d2-9d6293142362" testId="c703e5f2-dbcf-4e9b-922b-d200cca3f97d" testName="Delete_TargetModelIsDeleted" computerName="VECTOR" duration="00:00:00.2120000" startTime="2018-07-26T07:39:14.4720794-04:00" endTime="2018-07-26T07:39:14.4720916-04:00" testType="13cdc9d9-ddb5-4fa4-a97d-d965ccfc6d4b" outcome="Passed" testListId="8c84fa94-04c1-424b-9868-57a2d4851a1d" relativeResultsDirectory="8905b3b1-4c87-4e2c-b8d2-9d6293142362" /><UnitTestResult executionId="1eaeacc9-197b-4317-9136-c7b7e78b5f86" testId="5e662c70-857f-4a04-a129-c3b7f63c41a2" testName="PostFile_FileTimeStampIsUpdatedAfterFileIsPosted" computerName="VECTOR" duration="00:00:00.0120000" startTime="2018-07-26T07:39:05.3011566-04:00" endTime="2018-07-26T07:39:05.3011609-04:00" testType="13cdc9d9-ddb5-4fa4-a97d-d965ccfc6d4b" outcome="Passed" testListId="8c84fa94-04c1-424b-9868-57a2d4851a1d" relativeResultsDirectory="1eaeacc9-197b-4317-9136-c7b7e78b5f86" /><UnitTestResult executionId="8b9f9d89-a95f-4160-88a7-613f1e08f665" testId="74a441bf-c194-4b5c-b5f5-43e335e995a6" testName="Post_ValidReferencePropertyCreatesModel" computerName="VECTOR" duration="00:00:00.1680000" startTime="2018-07-26T07:39:34.1183694-04:00" endTime="2018-07-26T07:39:34.1183788-04:00" testType="13cdc9d9-ddb5-4fa4-a97d-d965ccfc6d4b" outcome="Passed" testListId="8c84fa94-04c1-424b-9868-57a2d4851a1d" relativeResultsDirectory="8b9f9d89-a95f-4160-88a7-613f1e08f665" /><UnitTestResult executionId="96f52fa6-41fc-4a59-9cf2-4c2119f5a810" testId="c1b09343-3b5a-40d9-b587-f519fe790950" testName="MeshTransformHasExpectedDependentFiles" computerName="VECTOR" duration="00:00:00.0010000" startTime="2018-07-26T07:38:59.9412477-04:00" endTime="2018-07-26T07:38:59.9412488-04:00" testType="13cdc9d9-ddb5-4fa4-a97d-d965ccfc6d4b" outcome="Passed" testListId="8c84fa94-04c1-424b-9868-57a2d4851a1d" relativeResultsDirectory="96f52fa6-41fc-4a59-9cf2-4c2119f5a810" /><UnitTestResult executionId="2e4701b0-c18d-40c1-bf8d-a8f89eba39dc" testId="0da35326-37b0-4795-b7ea-e3eed4d45cb4" testName="Patch_ValidReferencePropertyUpdatesModel" computerName="VECTOR" duration="00:00:00.2820000" startTime="2018-07-26T07:39:09.4464429-04:00" endTime="2018-07-26T07:39:09.4464491-04:00" testType="13cdc9d9-ddb5-4fa4-a97d-d965ccfc6d4b" outcome="Passed" testListId="8c84fa94-04c1-424b-9868-57a2d4851a1d" relativeResultsDirectory="2e4701b0-c18d-40c1-bf8d-a8f89eba39dc" /><UnitTestResult executionId="c4d8e1ae-81d6-48ab-87ca-d2a57310ea16" testId="685e0dd5-1b4e-423e-b1fc-b9e79cef1350" testName="Patch_InvalidPropertyNameReturnsBadRequest" computerName="VECTOR" duration="00:00:00.1160000" startTime="2018-07-26T07:39:00.6432538-04:00" endTime="2018-07-26T07:39:00.6432632-04:00" testType="13cdc9d9-ddb5-4fa4-a97d-d965ccfc6d4b" outcome="Passed" testListId="8c84fa94-04c1-424b-9868-57a2d4851a1d" relativeResultsDirectory="c4d8e1ae-81d6-48ab-87ca-d2a57310ea16" /><UnitTestResult executionId="f3663424-f68d-40df-a186-6b9e28d276de" testId="9698bd86-4d62-45ef-ac55-7e96cd94a648" testName="PostFile_FileIsSynchronizedIsUpdatedAfterFileIsPosted" computerName="VECTOR" duration="00:00:00.3080000" startTime="2018-07-26T07:39:32.4531723-04:00" endTime="2018-07-26T07:39:32.4531800-04:00" testType="13cdc9d9-ddb5-4fa4-a97d-d965ccfc6d4b" outcome="Passed" testListId="8c84fa94-04c1-424b-9868-57a2d4851a1d" relativeResultsDirectory="f3663424-f68d-40df-a186-6b9e28d276de" /><UnitTestResult executionId="4dadfd02-9f21-4b56-9ce7-6eef6571ad2f" testId="d997c0e3-28dd-47c3-8d03-5ab0bfebaa7e" testName="Patch_MultipleInvalidReferencePropertiesReturnsMultipleValidationErrorsAndBadRequest" computerName="VECTOR" duration="00:00:00.0270000" startTime="2018-07-26T07:39:27.0870348-04:00" endTime="2018-07-26T07:39:27.0870410-04:00" testType="13cdc9d9-ddb5-4fa4-a97d-d965ccfc6d4b" outcome="Passed" testListId="8c84fa94-04c1-424b-9868-57a2d4851a1d" relativeResultsDirectory="4dadfd02-9f21-4b56-9ce7-6eef6571ad2f" /><UnitTestResult executionId="0af77c33-aa29-4f03-bf7d-34a9501beb47" testId="13d4786f-ceb5-4875-96cb-91bb2292e1d0" testName="Patch_MultipleInvalidReferencePropertiesReturnsMultipleValidationErrorsAndBadRequest" computerName="VECTOR" duration="00:00:00.0310000" startTime="2018-07-26T07:39:08.1977501-04:00" endTime="2018-07-26T07:39:08.1977564-04:00" testType="13cdc9d9-ddb5-4fa4-a97d-d965ccfc6d4b" outcome="Passed" testListId="8c84fa94-04c1-424b-9868-57a2d4851a1d" relativeResultsDirectory="0af77c33-aa29-4f03-bf7d-34a9501beb47" /><UnitTestResult executionId="d204aeaa-29ae-47ef-9f00-d04ece37d7e1" testId="ff76c76c-1503-404c-90d4-6d1600d81a3f" testName="Patch_InvalidIdPropertyReturnsNotFound" computerName="VECTOR" duration="00:00:00.0420000" startTime="2018-07-26T07:39:04.3832184-04:00" endTime="2018-07-26T07:39:04.3832269-04:00" testType="13cdc9d9-ddb5-4fa4-a97d-d965ccfc6d4b" outcome="Passed" testListId="8c84fa94-04c1-424b-9868-57a2d4851a1d" relativeResultsDirectory="d204aeaa-29ae-47ef-9f00-d04ece37d7e1" /><UnitTestResult executionId="8d9fbb01-2482-4437-bfb2-589d001d91f7" testId="79955b64-6e90-475c-a6d6-3c7f6bbe02a7" testName="GetFile_FileCanBeRoundTripped" computerName="VECTOR" duration="00:00:00.3410000" startTime="2018-07-26T07:39:33.1279238-04:00" endTime="2018-07-26T07:39:33.1279306-04:00" testType="13cdc9d9-ddb5-4fa4-a97d-d965ccfc6d4b" outcome="Passed" testListId="8c84fa94-04c1-424b-9868-57a2d4851a1d" relativeResultsDirectory="8d9fbb01-2482-4437-bfb2-589d001d91f7" /><UnitTestResult executionId="3437897a-d201-4bc6-a4f8-eab88735936c" testId="8bbd4dbd-fef1-4625-b03b-854510c5f8a7" testName="Patch_InvalidReferencePropertyReturnsBadRequest" computerName="VECTOR" duration="00:00:00.0420000" startTime="2018-07-26T07:39:34.6047522-04:00" endTime="2018-07-26T07:39:34.6047585-04:00" testType="13cdc9d9-ddb5-4fa4-a97d-d965ccfc6d4b" outcome="Passed" testListId="8c84fa94-04c1-424b-9868-57a2d4851a1d" relativeResultsDirectory="3437897a-d201-4bc6-a4f8-eab88735936c" /><UnitTestResult executionId="15db9563-e236-4c8b-9224-873b01400ce0" testId="39978dcd-f771-4778-8ef0-d6daa4985e8b" testName="Post_InvalidPropertyValueReturnsBadRequest" computerName="VECTOR" duration="00:00:00.0180000" startTime="2018-07-26T07:39:02.2130062-04:00" endTime="2018-07-26T07:39:02.2130130-04:00" testType="13cdc9d9-ddb5-4fa4-a97d-d965ccfc6d4b" outcome="Passed" testListId="8c84fa94-04c1-424b-9868-57a2d4851a1d" relativeResultsDirectory="15db9563-e236-4c8b-9224-873b01400ce0" /><UnitTestResult executionId="5c03aa57-ef22-4912-a003-68ed916fc011" testId="90d3c42a-1081-4713-aacd-e58b3f3ac7fe" testName="Post_ValidReferencePropertyCreatesModel" computerName="VECTOR" duration="00:00:00.2190000" startTime="2018-07-26T07:39:09.1142911-04:00" endTime="2018-07-26T07:39:09.1142976-04:00" testType="13cdc9d9-ddb5-4fa4-a97d-d965ccfc6d4b" outcome="Passed" testListId="8c84fa94-04c1-424b-9868-57a2d4851a1d" relativeResultsDirectory="5c03aa57-ef22-4912-a003-68ed916fc011" /><UnitTestResult executionId="1f302771-098e-4e2b-9688-4d2ce00ebca1" testId="adea2f97-0c0a-49f5-90d0-ba1eb7121a73" testName="Put_InvalidReferencePropertyReturndBadRequest" computerName="VECTOR" duration="00:00:00.0410000" startTime="2018-07-26T07:39:25.7682635-04:00" endTime="2018-07-26T07:39:25.7682689-04:00" testType="13cdc9d9-ddb5-4fa4-a97d-d965ccfc6d4b" outcome="Passed" testListId="8c84fa94-04c1-424b-9868-57a2d4851a1d" relativeResultsDirectory="1f302771-098e-4e2b-9688-4d2ce00ebca1" /><UnitTestResult executionId="19dc2f2a-93cb-4d57-9060-2060b58c2c1d" testId="27c00fdc-7cf8-4b84-9aab-a6a708fccd9b" testName="Post_CanCreateNewModel" computerName="VECTOR" duration="00:00:00.2100000" startTime="2018-07-26T07:39:01.6677371-04:00" endTime="2018-07-26T07:39:01.6677490-04:00" testType="13cdc9d9-ddb5-4fa4-a97d-d965ccfc6d4b" outcome="Passed" testListId="8c84fa94-04c1-424b-9868-57a2d4851a1d" relativeResultsDirectory="19dc2f2a-93cb-4d57-9060-2060b58c2c1d" /><UnitTestResult executionId="5e2f72e0-b20c-4a81-85e6-e0ef6d7d5c85" testId="0a27b1ea-ae77-43ee-a12a-a90a58238bf1" testName="PutFile_NewFileCanBePut" computerName="VECTOR" duration="00:00:00.3220000" startTime="2018-07-26T07:39:05.6231444-04:00" endTime="2018-07-26T07:39:05.6231504-04:00" testType="13cdc9d9-ddb5-4fa4-a97d-d965ccfc6d4b" outcome="Passed" testListId="8c84fa94-04c1-424b-9868-57a2d4851a1d" relativeResultsDirectory="5e2f72e0-b20c-4a81-85e6-e0ef6d7d5c85" /><UnitTestResult executionId="edc3648a-e7e4-4f33-8813-588ea1a49e96" testId="0ae0770b-f622-4607-8b0b-72c83c938dfc" testName="Post_CanCreateNewModel" computerName="VECTOR" duration="00:00:00.2000000" startTime="2018-07-26T07:39:08.3978118-04:00" endTime="2018-07-26T07:39:08.3978180-04:00" testType="13cdc9d9-ddb5-4fa4-a97d-d965ccfc6d4b" outcome="Passed" testListId="8c84fa94-04c1-424b-9868-57a2d4851a1d" relativeResultsDirectory="edc3648a-e7e4-4f33-8813-588ea1a49e96" /><UnitTestResult executionId="e7de561e-8482-495a-aa1b-6551cd28b662" testId="6df38fa6-6979-4496-8693-d0a0ba6499ce" testName="Put_CanUpdateModel" computerName="VECTOR" duration="00:00:00.3880000" startTime="2018-07-26T07:39:10.1230464-04:00" endTime="2018-07-26T07:39:10.1230532-04:00" testType="13cdc9d9-ddb5-4fa4-a97d-d965ccfc6d4b" outcome="Passed" testListId="8c84fa94-04c1-424b-9868-57a2d4851a1d" relativeResultsDirectory="e7de561e-8482-495a-aa1b-6551cd28b662" /><UnitTestResult executionId="44ddb0c5-0b44-4a8c-90c6-72c07a55a8ee" testId="c8a93a3a-b033-4f81-b258-e101189c9cfb" testName="Put_ValidReferencePropertyUpdatesModel" computerName="VECTOR" duration="00:00:00.0160000" startTime="2018-07-26T07:39:01.4464314-04:00" endTime="2018-07-26T07:39:01.4464374-04:00" testType="13cdc9d9-ddb5-4fa4-a97d-d965ccfc6d4b" outcome="Passed" testListId="8c84fa94-04c1-424b-9868-57a2d4851a1d" relativeResultsDirectory="44ddb0c5-0b44-4a8c-90c6-72c07a55a8ee" /><UnitTestResult executionId="d36c6712-d7cf-4ae2-b9bc-7ca930dbb2c3" testId="a4a392bc-9755-48d4-b9bd-b1ac91016f48" testName="Put_CanUpdateModel" computerName="VECTOR" duration="00:00:00.3340000" startTime="2018-07-26T07:39:33.9191418-04:00" endTime="2018-07-26T07:39:33.9191483-04:00" testType="13cdc9d9-ddb5-4fa4-a97d-d965ccfc6d4b" outcome="Passed" testListId="8c84fa94-04c1-424b-9868-57a2d4851a1d" relativeResultsDirectory="d36c6712-d7cf-4ae2-b9bc-7ca930dbb2c3" /><UnitTestResult executionId="21965d84-4693-41e2-a090-c1e8c0e78d23" testId="47b16cb7-28ed-482d-80cb-af794d3ef71a" testName="Patch_InvalidReferencePropertyReturnsBadRequest" computerName="VECTOR" duration="00:00:00.0480000" startTime="2018-07-26T07:39:13.9151687-04:00" endTime="2018-07-26T07:39:13.9151741-04:00" testType="13cdc9d9-ddb5-4fa4-a97d-d965ccfc6d4b" outcome="Passed" testListId="8c84fa94-04c1-424b-9868-57a2d4851a1d" relativeResultsDirectory="21965d84-4693-41e2-a090-c1e8c0e78d23" /><UnitTestResult executionId="c3cf7e13-4d0d-453e-a3a1-2cd1e2ec324c" testId="88d3004f-3593-4d8e-a62b-7faf8705aa03" testName="Patch_TargetPropertyIsUpdated" computerName="VECTOR" duration="00:00:00.3090000" startTime="2018-07-26T07:39:35.2274095-04:00" endTime="2018-07-26T07:39:35.2274152-04:00" testType="13cdc9d9-ddb5-4fa4-a97d-d965ccfc6d4b" outcome="Passed" testListId="8c84fa94-04c1-424b-9868-57a2d4851a1d" relativeResultsDirectory="c3cf7e13-4d0d-453e-a3a1-2cd1e2ec324c" /><UnitTestResult executionId="1b062596-96f4-424c-ae72-51860a59ef3f" testId="efb9d4fd-e992-441c-bd42-f094200cb6aa" testName="GetSingle_InvalidIdPropertyValueReturnsNotFound" computerName="VECTOR" duration="00:00:00.0210000" startTime="2018-07-26T07:39:13.9821915-04:00" endTime="2018-07-26T07:39:13.9821966-04:00" testType="13cdc9d9-ddb5-4fa4-a97d-d965ccfc6d4b" outcome="Passed" testListId="8c84fa94-04c1-424b-9868-57a2d4851a1d" relativeResultsDirectory="1b062596-96f4-424c-ae72-51860a59ef3f" /><UnitTestResult executionId="24b5b18a-5b7b-4418-b5c5-9da2e2406ad7" testId="18d07ecf-eaf1-4539-b098-5899bfb37daa" testName="Put_ValidReferencePropertyUpdatesModel" computerName="VECTOR" duration="00:00:00.5080000" startTime="2018-07-26T07:39:27.0276088-04:00" endTime="2018-07-26T07:39:27.0276156-04:00" testType="13cdc9d9-ddb5-4fa4-a97d-d965ccfc6d4b" outcome="Passed" testListId="8c84fa94-04c1-424b-9868-57a2d4851a1d" relativeResultsDirectory="24b5b18a-5b7b-4418-b5c5-9da2e2406ad7" /><UnitTestResult executionId="990daa14-a7d7-43e5-a8eb-5016cd6bb593" testId="10df45ac-762e-43fc-9c2f-80b36e8fcad9" testName="Patch_InvalidPropertyNameReturnsBadRequest" computerName="VECTOR" duration="00:00:00.0240000" startTime="2018-07-26T07:39:07.9429553-04:00" endTime="2018-07-26T07:39:07.9429615-04:00" testType="13cdc9d9-ddb5-4fa4-a97d-d965ccfc6d4b" outcome="Passed" testListId="8c84fa94-04c1-424b-9868-57a2d4851a1d" relativeResultsDirectory="990daa14-a7d7-43e5-a8eb-5016cd6bb593" /><UnitTestResult executionId="3249a023-6368-43a3-a672-674e1d2b75d7" testId="b5a1edb4-e8ab-473e-a53e-925c14ff4580" testName="Patch_InvalidEnumPropertyValueReturnsBadRequest" computerName="VECTOR" duration="00:00:00.0100000" startTime="2018-07-26T07:39:09.1639038-04:00" endTime="2018-07-26T07:39:09.1639087-04:00" testType="13cdc9d9-ddb5-4fa4-a97d-d965ccfc6d4b" outcome="Passed" testListId="8c84fa94-04c1-424b-9868-57a2d4851a1d" relativeResultsDirectory="3249a023-6368-43a3-a672-674e1d2b75d7" /><UnitTestResult executionId="3bd72987-84ed-4fbf-a16b-7b1cc11bb77d" testId="fea417ac-8bf8-4f7f-9b3e-896d9823e286" testName="PutFile_FileCanBeUpdated" computerName="VECTOR" duration="00:00:00.6580000" startTime="2018-07-26T07:39:06.2812932-04:00" endTime="2018-07-26T07:39:06.2812997-04:00" testType="13cdc9d9-ddb5-4fa4-a97d-d965ccfc6d4b" outcome="Passed" testListId="8c84fa94-04c1-424b-9868-57a2d4851a1d" relativeResultsDirectory="3bd72987-84ed-4fbf-a16b-7b1cc11bb77d" /><UnitTestResult executionId="0fb08fc6-fe49-4ace-8194-a67f5e8061bf" testId="b48fc6c5-7a24-4806-af85-70f62e38a1e8" testName="Put_InvalidReferencePropertyReturndBadRequest" computerName="VECTOR" duration="00:00:00.0330000" startTime="2018-07-26T07:39:05.2889041-04:00" endTime="2018-07-26T07:39:05.2889098-04:00" testType="13cdc9d9-ddb5-4fa4-a97d-d965ccfc6d4b" outcome="Passed" testListId="8c84fa94-04c1-424b-9868-57a2d4851a1d" relativeResultsDirectory="0fb08fc6-fe49-4ace-8194-a67f5e8061bf" /><UnitTestResult executionId="d49154d3-e0de-414c-8dd7-fd96e6165911" testId="9d3009e0-ffd3-4ad0-b208-d06b0914cc39" testName="Delete_TargetModelIsDeleted" computerName="VECTOR" duration="00:00:00.2230000" startTime="2018-07-26T07:39:08.1663140-04:00" endTime="2018-07-26T07:39:08.1663205-04:00" testType="13cdc9d9-ddb5-4fa4-a97d-d965ccfc6d4b" outcome="Passed" testListId="8c84fa94-04c1-424b-9868-57a2d4851a1d" relativeResultsDirectory="d49154d3-e0de-414c-8dd7-fd96e6165911" /><UnitTestResult executionId="43026cf3-8fe8-49ea-a8cb-1193583a362b" testId="fb881d41-1150-4992-9598-5702c0e470ca" testName="GetList_ListReturnsCorrectCount" computerName="VECTOR" duration="00:00:00.0200000" startTime="2018-07-26T07:39:33.5317314-04:00" endTime="2018-07-26T07:39:33.5317385-04:00" testType="13cdc9d9-ddb5-4fa4-a97d-d965ccfc6d4b" outcome="Passed" testListId="8c84fa94-04c1-424b-9868-57a2d4851a1d" relativeResultsDirectory="43026cf3-8fe8-49ea-a8cb-1193583a362b" /><UnitTestResult executionId="589a5e98-d2de-48fd-9a98-f8927b69a0ef" testId="cb75772f-9637-4e1b-a4f3-60a046f6f757" testName="Put_InvalidReferencePropertyReturndBadRequest" computerName="VECTOR" duration="00:00:00.0410000" startTime="2018-07-26T07:39:14.5622098-04:00" endTime="2018-07-26T07:39:14.5622157-04:00" testType="13cdc9d9-ddb5-4fa4-a97d-d965ccfc6d4b" outcome="Passed" testListId="8c84fa94-04c1-424b-9868-57a2d4851a1d" relativeResultsDirectory="589a5e98-d2de-48fd-9a98-f8927b69a0ef" /><UnitTestResult executionId="92e7e67f-5d25-4621-b061-e5bac289cb0e" testId="e1dc70b6-967c-44e4-9fc7-fff152b76790" testName="Patch_InvalidPropertyNameReturnsBadRequest" computerName="VECTOR" duration="00:00:00.0150000" startTime="2018-07-26T07:39:34.1869941-04:00" endTime="2018-07-26T07:39:34.1870004-04:00" testType="13cdc9d9-ddb5-4fa4-a97d-d965ccfc6d4b" outcome="Passed" testListId="8c84fa94-04c1-424b-9868-57a2d4851a1d" relativeResultsDirectory="92e7e67f-5d25-4621-b061-e5bac289cb0e" /><UnitTestResult executionId="a104b8fc-9bac-4111-97b3-2758cb456e6a" testId="abd1d496-02d8-44a6-9efa-7de8e66de500" testName="Patch_TargetPropertyIsUpdated" computerName="VECTOR" duration="00:00:00.3530000" startTime="2018-07-26T07:39:01.4303291-04:00" endTime="2018-07-26T07:39:01.4303353-04:00" testType="13cdc9d9-ddb5-4fa4-a97d-d965ccfc6d4b" outcome="Passed" testListId="8c84fa94-04c1-424b-9868-57a2d4851a1d" relativeResultsDirectory="a104b8fc-9bac-4111-97b3-2758cb456e6a" /><UnitTestResult executionId="e59d5bb9-8422-4d31-8961-653fe63582ad" testId="fd984e2e-c028-4d50-9d29-dcf4139bcbc8" testName="PostFile_FileTimeStampIsUpdatedAfterFileIsPosted" computerName="VECTOR" duration="00:00:01.5240000" startTime="2018-07-26T07:39:29.5950998-04:00" endTime="2018-07-26T07:39:29.5951075-04:00" testType="13cdc9d9-ddb5-4fa4-a97d-d965ccfc6d4b" outcome="Passed" testListId="8c84fa94-04c1-424b-9868-57a2d4851a1d" relativeResultsDirectory="e59d5bb9-8422-4d31-8961-653fe63582ad" /><UnitTestResult executionId="37dcbcc3-47d0-44e0-8dc7-579df3809978" testId="e70136e0-893d-41bd-baa5-e727eab13fdd" testName="Patch_ValidReferencePropertyUpdatesModel" computerName="VECTOR" duration="00:00:00.2420000" startTime="2018-07-26T07:39:04.0316865-04:00" endTime="2018-07-26T07:39:04.0316896-04:00" testType="13cdc9d9-ddb5-4fa4-a97d-d965ccfc6d4b" outcome="Passed" testListId="8c84fa94-04c1-424b-9868-57a2d4851a1d" relativeResultsDirectory="37dcbcc3-47d0-44e0-8dc7-579df3809978" /><UnitTestResult executionId="e1e093ac-8542-43d1-aadc-cec750761f0c" testId="5bad569b-fdef-47ad-a7f9-9fd157033576" testName="Put_CanUpdateModel" computerName="VECTOR" duration="00:00:00.6690000" startTime="2018-07-26T07:39:03.6519871-04:00" endTime="2018-07-26T07:39:03.6520002-04:00" testType="13cdc9d9-ddb5-4fa4-a97d-d965ccfc6d4b" outcome="Passed" testListId="8c84fa94-04c1-424b-9868-57a2d4851a1d" relativeResultsDirectory="e1e093ac-8542-43d1-aadc-cec750761f0c" /><UnitTestResult executionId="a07fb49c-3ac9-4cd6-917f-db0b94a19652" testId="ba6a0f31-9dd3-45ed-a619-eed3bc3aaecd" testName="GetList_ListReturnsCorrectCount" computerName="VECTOR" duration="00:00:00.0220000" startTime="2018-07-26T07:39:25.7091017-04:00" endTime="2018-07-26T07:39:25.7091068-04:00" testType="13cdc9d9-ddb5-4fa4-a97d-d965ccfc6d4b" outcome="Passed" testListId="8c84fa94-04c1-424b-9868-57a2d4851a1d" relativeResultsDirectory="a07fb49c-3ac9-4cd6-917f-db0b94a19652" /><UnitTestResult executionId="e44b53f0-f17f-4231-98f5-b346ea266f02" testId="6ccdd857-e564-44e3-85f0-e16fe7ee5550" testName="PutFile_FileCanBeUpdated" computerName="VECTOR" duration="00:00:00.4640000" startTime="2018-07-26T07:39:18.7533161-04:00" endTime="2018-07-26T07:39:18.7533227-04:00" testType="13cdc9d9-ddb5-4fa4-a97d-d965ccfc6d4b" outcome="Passed" testListId="8c84fa94-04c1-424b-9868-57a2d4851a1d" relativeResultsDirectory="e44b53f0-f17f-4231-98f5-b346ea266f02" /><UnitTestResult executionId="d548adfe-acd3-4ac0-a0c5-8a79493d6a16" testId="4ea8efd7-4261-46a2-bd62-0c73ffe51ab4" testName="Post_ValidReferencePropertyCreatesModel" computerName="VECTOR" duration="00:00:00.3150000" startTime="2018-07-26T07:39:04.6983536-04:00" endTime="2018-07-26T07:39:04.6983605-04:00" testType="13cdc9d9-ddb5-4fa4-a97d-d965ccfc6d4b" outcome="Passed" testListId="8c84fa94-04c1-424b-9868-57a2d4851a1d" relativeResultsDirectory="d548adfe-acd3-4ac0-a0c5-8a79493d6a16" /><UnitTestResult executionId="bce99c5d-a06f-4db1-a9e2-d1f783300fee" testId="c609d54e-04d0-45dc-bee4-a2192fae8387" testName="GetFile_FileCanBeRoundTripped" computerName="VECTOR" duration="00:00:00.4160000" startTime="2018-07-26T07:39:18.2884146-04:00" endTime="2018-07-26T07:39:18.2884235-04:00" testType="13cdc9d9-ddb5-4fa4-a97d-d965ccfc6d4b" outcome="Passed" testListId="8c84fa94-04c1-424b-9868-57a2d4851a1d" relativeResultsDirectory="bce99c5d-a06f-4db1-a9e2-d1f783300fee" /><UnitTestResult executionId="054ec96c-e0f5-4aef-b76e-9313c18d6f89" testId="da066039-5b27-4a8a-b0eb-35f52d36b1e6" testName="Patch_InvalidPropertyNameReturnsBadRequest" computerName="VECTOR" duration="00:00:00.0240000" startTime="2018-07-26T07:39:13.9390371-04:00" endTime="2018-07-26T07:39:13.9390428-04:00" testType="13cdc9d9-ddb5-4fa4-a97d-d965ccfc6d4b" outcome="Passed" testListId="8c84fa94-04c1-424b-9868-57a2d4851a1d" relativeResultsDirectory="054ec96c-e0f5-4aef-b76e-9313c18d6f89" /><UnitTestResult executionId="9b63e128-f854-43a9-a659-75293a5e9f87" testId="ed8ace2e-b01d-4b99-baa2-50dd0af8d8bf" testName="GetFile_NonExistentFileReturnsNotFound" computerName="VECTOR" duration="00:00:00.0240000" startTime="2018-07-26T07:39:07.7057082-04:00" endTime="2018-07-26T07:39:07.7057144-04:00" testType="13cdc9d9-ddb5-4fa4-a97d-d965ccfc6d4b" outcome="Passed" testListId="8c84fa94-04c1-424b-9868-57a2d4851a1d" relativeResultsDirectory="9b63e128-f854-43a9-a659-75293a5e9f87" /><UnitTestResult executionId="349dd2fd-4b5f-4f45-ae47-9a7bcacd51f7" testId="9bc5ee94-a5ff-4cee-b7a2-7391004c0012" testName="CameraHasExpectedDependentFiles" computerName="VECTOR" duration="00:00:00.0010000" startTime="2018-07-26T07:38:59.9409475-04:00" endTime="2018-07-26T07:38:59.9409489-04:00" testType="13cdc9d9-ddb5-4fa4-a97d-d965ccfc6d4b" outcome="Passed" testListId="8c84fa94-04c1-424b-9868-57a2d4851a1d" relativeResultsDirectory="349dd2fd-4b5f-4f45-ae47-9a7bcacd51f7" /><UnitTestResult executionId="5ad4f1da-af5e-43bb-9edf-d43617807dd7" testId="28bd73e4-b132-4c2e-b77e-4354b9da9699" testName="Model3dHasExpectedDependentFiles" computerName="VECTOR" duration="00:00:00.0340000" startTime="2018-07-26T07:38:59.5687497-04:00" endTime="2018-07-26T07:38:59.5687559-04:00" testType="13cdc9d9-ddb5-4fa4-a97d-d965ccfc6d4b" outcome="Passed" testListId="8c84fa94-04c1-424b-9868-57a2d4851a1d" relativeResultsDirectory="5ad4f1da-af5e-43bb-9edf-d43617807dd7" /><UnitTestResult executionId="22999e4f-e2f1-404a-8526-ed67b634c2d9" testId="0a8440f9-566e-46b5-b62d-1f27892584c9" testName="Patch_InvalidReferencePropertyReturnsBadRequest" computerName="VECTOR" duration="00:00:00.0310000" startTime="2018-07-26T07:39:27.0594290-04:00" endTime="2018-07-26T07:39:27.0594344-04:00" testType="13cdc9d9-ddb5-4fa4-a97d-d965ccfc6d4b" outcome="Passed" testListId="8c84fa94-04c1-424b-9868-57a2d4851a1d" relativeResultsDirectory="22999e4f-e2f1-404a-8526-ed67b634c2d9" /><UnitTestResult executionId="2a679029-2607-4a27-96d2-a8165feac2d5" testId="9977e1f4-dd21-4b39-8926-fe9449325a99" testName="Patch_InvalidIdPropertyReturnsNotFound" computerName="VECTOR" duration="00:00:00.0160000" startTime="2018-07-26T07:39:34.1718040-04:00" endTime="2018-07-26T07:39:34.1718091-04:00" testType="13cdc9d9-ddb5-4fa4-a97d-d965ccfc6d4b" outcome="Passed" testListId="8c84fa94-04c1-424b-9868-57a2d4851a1d" relativeResultsDirectory="2a679029-2607-4a27-96d2-a8165feac2d5" /><UnitTestResult executionId="881924c9-cb86-47f8-ad68-1db8ab8a8249" testId="c9727ddb-ec57-441d-b9e5-a7844ebf8cf6" testName="Delete_TargetModelIsDeleted" computerName="VECTOR" duration="00:00:00.1920000" startTime="2018-07-26T07:39:33.5108807-04:00" endTime="2018-07-26T07:39:33.5108870-04:00" testType="13cdc9d9-ddb5-4fa4-a97d-d965ccfc6d4b" outcome="Passed" testListId="8c84fa94-04c1-424b-9868-57a2d4851a1d" relativeResultsDirectory="881924c9-cb86-47f8-ad68-1db8ab8a8249" /><UnitTestResult executionId="a1d1facc-8aa2-4c09-adc6-59f84dcf09a9" testId="4cd7a0df-4292-4272-bc59-17ecba6ee27b" testName="PutFile_NewFileCanBePut" computerName="VECTOR" duration="00:00:00.3420000" startTime="2018-07-26T07:39:32.1450061-04:00" endTime="2018-07-26T07:39:32.1450127-04:00" testType="13cdc9d9-ddb5-4fa4-a97d-d965ccfc6d4b" outcome="Passed" testListId="8c84fa94-04c1-424b-9868-57a2d4851a1d" relativeResultsDirectory="a1d1facc-8aa2-4c09-adc6-59f84dcf09a9" /><UnitTestResult executionId="1489d059-816e-47e8-806e-e1f297420118" testId="b03313a8-31d3-4ab6-9a41-1fdd796460bb" testName="Post_InvalidReferencePropertyReturnsBadRequest" computerName="VECTOR" duration="00:00:00.0240000" startTime="2018-07-26T07:39:14.0064737-04:00" endTime="2018-07-26T07:39:14.0064791-04:00" testType="13cdc9d9-ddb5-4fa4-a97d-d965ccfc6d4b" outcome="Passed" testListId="8c84fa94-04c1-424b-9868-57a2d4851a1d" relativeResultsDirectory="1489d059-816e-47e8-806e-e1f297420118" /><UnitTestResult executionId="65cddffd-a7aa-4e3e-88b1-3d17c1e260ab" testId="b61021fd-93a9-4dd6-8e79-4b1106369862" testName="Put_ValidReferencePropertyUpdatesModel" computerName="VECTOR" duration="00:00:00.3130000" startTime="2018-07-26T07:39:34.9183027-04:00" endTime="2018-07-26T07:39:34.9183092-04:00" testType="13cdc9d9-ddb5-4fa4-a97d-d965ccfc6d4b" outcome="Passed" testListId="8c84fa94-04c1-424b-9868-57a2d4851a1d" relativeResultsDirectory="65cddffd-a7aa-4e3e-88b1-3d17c1e260ab" /></Results><TestDefinitions><UnitTest name="GetSingle_ValidIdPropertyValueReturnsCorrectModel" storage="d:\users\steve knipmeyer\documents\github\modelrelief\modelrelief.test\bin\debug\netcoreapp2.0\modelrelief.test.dll" id="71ead392-f3ab-43b9-93d2-78c28d468714"><Execution id="f1a0e6d4-3ff9-4a82-8411-fcb563c68178" /><TestMethod codeBase="D:\Users\Steve Knipmeyer\Documents\GitHub\ModelRelief\ModelRelief.test\bin\Debug\netcoreapp2.0\ModelRelief.Test.dll" adapterTypeName="executor://xunit/VsTestRunner2/netcoreapp" className="ModelRelief.Test.Integration.Cameras.CamerasBaseIntegrationTests" name="GetSingle_ValidIdPropertyValueReturnsCorrectModel" /></UnitTest><UnitTest name="GetSingle_ValidIdPropertyValueReturnsCorrectModel" storage="d:\users\steve knipmeyer\documents\github\modelrelief\modelrelief.test\bin\debug\netcoreapp2.0\modelrelief.test.dll" id="fecd280f-5cc0-4a17-ae3d-464d22f6128a"><Execution id="8ad748dc-1841-4cd8-a7de-8253d903cc88" /><TestMethod codeBase="D:\Users\Steve Knipmeyer\Documents\GitHub\ModelRelief\ModelRelief.test\bin\Debug\netcoreapp2.0\ModelRelief.Test.dll" adapterTypeName="executor://xunit/VsTestRunner2/netcoreapp" className="ModelRelief.Test.Integration.Models.ModelsBaseIntegrationTests" name="GetSingle_ValidIdPropertyValueReturnsCorrectModel" /></UnitTest><UnitTest name="GetList_ListReturnsCorrectCount" storage="d:\users\steve knipmeyer\documents\github\modelrelief\modelrelief.test\bin\debug\netcoreapp2.0\modelrelief.test.dll" id="fb881d41-1150-4992-9598-5702c0e470ca"><Execution id="43026cf3-8fe8-49ea-a8cb-1193583a362b" /><TestMethod codeBase="D:\Users\Steve Knipmeyer\Documents\GitHub\ModelRelief\ModelRelief.test\bin\Debug\netcoreapp2.0\ModelRelief.Test.dll" adapterTypeName="executor://xunit/VsTestRunner2/netcoreapp" className="ModelRelief.Test.Integration.Cameras.CamerasBaseIntegrationTests" name="GetList_ListReturnsCorrectCount" /></UnitTest><UnitTest name="Put_InvalidIdReturnsNotFound" storage="d:\users\steve knipmeyer\documents\github\modelrelief\modelrelief.test\bin\debug\netcoreapp2.0\modelrelief.test.dll" id="dc00342b-1db7-45a5-b72c-e48333cc3661"><Execution id="433afa87-3c38-49bf-81af-8461299c0471" /><TestMethod codeBase="D:\Users\Steve Knipmeyer\Documents\GitHub\ModelRelief\ModelRelief.test\bin\Debug\netcoreapp2.0\ModelRelief.Test.dll" adapterTypeName="executor://xunit/VsTestRunner2/netcoreapp" className="ModelRelief.Test.Integration.DepthBuffers.DepthBuffersBaseIntegrationTests" name="Put_InvalidIdReturnsNotFound" /></UnitTest><UnitTest name="FileRequest_FileCanBeReadAfterRename" storage="d:\users\steve knipmeyer\documents\github\modelrelief\modelrelief.test\bin\debug\netcoreapp2.0\modelrelief.test.dll" id="42600514-1656-47d0-acf7-f0db63ec31f7"><Execution id="214f3112-0a5e-48e4-99af-78b4e82dedb7" /><TestMethod codeBase="D:\Users\Steve Knipmeyer\Documents\GitHub\ModelRelief\ModelRelief.test\bin\Debug\netcoreapp2.0\ModelRelief.Test.dll" adapterTypeName="executor://xunit/VsTestRunner2/netcoreapp" className="ModelRelief.Test.Integration.Meshes.MeshesFileIntegrationTests" name="FileRequest_FileCanBeReadAfterRename" /></UnitTest><UnitTest name="Patch_ValidReferencePropertyUpdatesModel" storage="d:\users\steve knipmeyer\documents\github\modelrelief\modelrelief.test\bin\debug\netcoreapp2.0\modelrelief.test.dll" id="c809cd41-c0a2-4ca3-8bd3-7cf1f144600b"><Execution id="e84cfc3f-74a9-4228-ab2d-68e508edfdca" /><TestMethod codeBase="D:\Users\Steve Knipmeyer\Documents\GitHub\ModelRelief\ModelRelief.test\bin\Debug\netcoreapp2.0\ModelRelief.Test.dll" adapterTypeName="executor://xunit/VsTestRunner2/netcoreapp" className="ModelRelief.Test.Integration.DepthBuffers.DepthBuffersBaseIntegrationTests" name="Patch_ValidReferencePropertyUpdatesModel" /></UnitTest><UnitTest name="FileRequest_MeshIsInvalidatedAfterDepthBufferFileBecomesUnsynchronized" storage="d:\users\steve knipmeyer\documents\github\modelrelief\modelrelief.test\bin\debug\netcoreapp2.0\modelrelief.test.dll" id="f4024d0f-5393-4ab4-a1ce-b1678a6484ed"><Execution id="8a4dca73-9346-46a5-8cf3-b41542033412" /><TestMethod codeBase="D:\Users\Steve Knipmeyer\Documents\GitHub\ModelRelief\ModelRelief.test\bin\Debug\netcoreapp2.0\ModelRelief.Test.dll" adapterTypeName="executor://xunit/VsTestRunner2/netcoreapp" className="ModelRelief.Test.Integration.Meshes.MeshesFileIntegrationTests" name="FileRequest_MeshIsInvalidatedAfterDepthBufferFileBecomesUnsynchronized" /></UnitTest><UnitTest name="Post_ValidReferencePropertyCreatesModel" storage="d:\users\steve knipmeyer\documents\github\modelrelief\modelrelief.test\bin\debug\netcoreapp2.0\modelrelief.test.dll" id="4ea8efd7-4261-46a2-bd62-0c73ffe51ab4"><Execution id="d548adfe-acd3-4ac0-a0c5-8a79493d6a16" /><TestMethod codeBase="D:\Users\Steve Knipmeyer\Documents\GitHub\ModelRelief\ModelRelief.test\bin\Debug\netcoreapp2.0\ModelRelief.Test.dll" adapterTypeName="executor://xunit/VsTestRunner2/netcoreapp" className="ModelRelief.Test.Integration.Models.ModelsBaseIntegrationTests" name="Post_ValidReferencePropertyCreatesModel" /></UnitTest><UnitTest name="GetFile_NonExistentFileReturnsNotFound" storage="d:\users\steve knipmeyer\documents\github\modelrelief\modelrelief.test\bin\debug\netcoreapp2.0\modelrelief.test.dll" id="ed8ace2e-b01d-4b99-baa2-50dd0af8d8bf"><Execution id="9b63e128-f854-43a9-a659-75293a5e9f87" /><TestMethod codeBase="D:\Users\Steve Knipmeyer\Documents\GitHub\ModelRelief\ModelRelief.test\bin\Debug\netcoreapp2.0\ModelRelief.Test.dll" adapterTypeName="executor://xunit/VsTestRunner2/netcoreapp" className="ModelRelief.Test.Integration.Models.ModelsFileIntegrationTests" name="GetFile_NonExistentFileReturnsNotFound" /></UnitTest><UnitTest name="LucyCameraFindsAllDependents" storage="d:\users\steve knipmeyer\documents\github\modelrelief\modelrelief.test\bin\debug\netcoreapp2.0\modelrelief.test.dll" id="6ed3fd0a-d3f1-4814-94b7-d82f2d7ee38b"><Execution id="172f71d2-cd57-4dd7-9ec1-bdc05e063e79" /><TestMethod codeBase="D:\Users\Steve Knipmeyer\Documents\GitHub\ModelRelief\ModelRelief.test\bin\Debug\netcoreapp2.0\ModelRelief.Test.dll" adapterTypeName="executor://xunit/VsTestRunner2/netcoreapp" className="ModelRelief.Test.Unit.DependencyManager.DependencyManagerTests" name="LucyCameraFindsAllDependents" /></UnitTest><UnitTest name="Put_ValidReferencePropertyUpdatesModel" storage="d:\users\steve knipmeyer\documents\github\modelrelief\modelrelief.test\bin\debug\netcoreapp2.0\modelrelief.test.dll" id="8a0000fe-8621-445d-87dd-d5c412e3cf57"><Execution id="7c2237db-4d55-42fc-bab8-bab66df707af" /><TestMethod codeBase="D:\Users\Steve Knipmeyer\Documents\GitHub\ModelRelief\ModelRelief.test\bin\Debug\netcoreapp2.0\ModelRelief.Test.dll" adapterTypeName="executor://xunit/VsTestRunner2/netcoreapp" className="ModelRelief.Test.Integration.Models.ModelsBaseIntegrationTests" name="Put_ValidReferencePropertyUpdatesModel" /></UnitTest><UnitTest name="Put_CanUpdateModel" storage="d:\users\steve knipmeyer\documents\github\modelrelief\modelrelief.test\bin\debug\netcoreapp2.0\modelrelief.test.dll" id="d9958bf6-3c5e-4ab5-bac2-9947d645024f"><Execution id="92651a0a-26fd-4e69-8d28-062d8a5d8d8e" /><TestMethod codeBase="D:\Users\Steve Knipmeyer\Documents\GitHub\ModelRelief\ModelRelief.test\bin\Debug\netcoreapp2.0\ModelRelief.Test.dll" adapterTypeName="executor://xunit/VsTestRunner2/netcoreapp" className="ModelRelief.Test.Integration.DepthBuffers.DepthBuffersBaseIntegrationTests" name="Put_CanUpdateModel" /></UnitTest><UnitTest name="Post_CanCreateNewModel" storage="d:\users\steve knipmeyer\documents\github\modelrelief\modelrelief.test\bin\debug\netcoreapp2.0\modelrelief.test.dll" id="27c00fdc-7cf8-4b84-9aab-a6a708fccd9b"><Execution id="19dc2f2a-93cb-4d57-9060-2060b58c2c1d" /><TestMethod codeBase="D:\Users\Steve Knipmeyer\Documents\GitHub\ModelRelief\ModelRelief.test\bin\Debug\netcoreapp2.0\ModelRelief.Test.dll" adapterTypeName="executor://xunit/VsTestRunner2/netcoreapp" className="ModelRelief.Test.Integration.Projects.ProjectsBaseIntegrationTests" name="Post_CanCreateNewModel" /></UnitTest><UnitTest name="Patch_TargetPropertyIsUpdated" storage="d:\users\steve knipmeyer\documents\github\modelrelief\modelrelief.test\bin\debug\netcoreapp2.0\modelrelief.test.dll" id="58fd0ed6-485f-4ee8-93c8-4eee93dab1e5"><Execution id="790d17ae-7343-4206-ae70-4c8fbd3d3516" /><TestMethod codeBase="D:\Users\Steve Knipmeyer\Documents\GitHub\ModelRelief\ModelRelief.test\bin\Debug\netcoreapp2.0\ModelRelief.Test.dll" adapterTypeName="executor://xunit/VsTestRunner2/netcoreapp" className="ModelRelief.Test.Integration.Models.ModelsBaseIntegrationTests" name="Patch_TargetPropertyIsUpdated" /></UnitTest><UnitTest name="Post_CanCreateNewModel" storage="d:\users\steve knipmeyer\documents\github\modelrelief\modelrelief.test\bin\debug\netcoreapp2.0\modelrelief.test.dll" id="9e31c22d-57c6-47ff-9914-7d001211cebd"><Execution id="bde7f303-b53e-4b01-aa6d-69cb42bab9bd" /><TestMethod codeBase="D:\Users\Steve Knipmeyer\Documents\GitHub\ModelRelief\ModelRelief.test\bin\Debug\netcoreapp2.0\ModelRelief.Test.dll" adapterTypeName="executor://xunit/VsTestRunner2/netcoreapp" className="ModelRelief.Test.Integration.Meshes.MeshesBaseIntegrationTests" name="Post_CanCreateNewModel" /></UnitTest><UnitTest name="Put_InvalidIdReturnsNotFound" storage="d:\users\steve knipmeyer\documents\github\modelrelief\modelrelief.test\bin\debug\netcoreapp2.0\modelrelief.test.dll" id="db504f6a-9d71-4773-a041-b7ff0bdbb2d8"><Execution id="d76261f4-527a-41df-875c-55627cf308e3" /><TestMethod codeBase="D:\Users\Steve Knipmeyer\Documents\GitHub\ModelRelief\ModelRelief.test\bin\Debug\netcoreapp2.0\ModelRelief.Test.dll" adapterTypeName="executor://xunit/VsTestRunner2/netcoreapp" className="ModelRelief.Test.Integration.Projects.ProjectsBaseIntegrationTests" name="Put_InvalidIdReturnsNotFound" /></UnitTest><UnitTest name="Put_CanUpdateModel" storage="d:\users\steve knipmeyer\documents\github\modelrelief\modelrelief.test\bin\debug\netcoreapp2.0\modelrelief.test.dll" id="af4c29fa-3a4a-4c68-a003-35b1b908e1d9"><Execution id="e2fad8de-9203-4d40-ac01-4a9e0934e7d6" /><TestMethod codeBase="D:\Users\Steve Knipmeyer\Documents\GitHub\ModelRelief\ModelRelief.test\bin\Debug\netcoreapp2.0\ModelRelief.Test.dll" adapterTypeName="executor://xunit/VsTestRunner2/netcoreapp" className="ModelRelief.Test.Integration.Projects.ProjectsBaseIntegrationTests" name="Put_CanUpdateModel" /></UnitTest><UnitTest name="DepthBufferHasExpectedDependentFiles" storage="d:\users\steve knipmeyer\documents\github\modelrelief\modelrelief.test\bin\debug\netcoreapp2.0\modelrelief.test.dll" id="cc4233b1-dd68-4d27-9fe0-a3c6e9b050ce"><Execution id="297aa6b5-b423-4f27-bc12-bd0399e456a3" /><TestMethod codeBase="D:\Users\Steve Knipmeyer\Documents\GitHub\ModelRelief\ModelRelief.test\bin\Debug\netcoreapp2.0\ModelRelief.Test.dll" adapterTypeName="executor://xunit/VsTestRunner2/netcoreapp" className="ModelRelief.Test.Unit.DependencyManager.DependencyManagerTests" name="DepthBufferHasExpectedDependentFiles" /></UnitTest><UnitTest name="Put_ValidReferencePropertyUpdatesModel" storage="d:\users\steve knipmeyer\documents\github\modelrelief\modelrelief.test\bin\debug\netcoreapp2.0\modelrelief.test.dll" id="e62ac118-962c-4f62-86dd-9171bedf02ae"><Execution id="4c0b6de7-0c71-4d8f-90b1-960f473b22be" /><TestMethod codeBase="D:\Users\Steve Knipmeyer\Documents\GitHub\ModelRelief\ModelRelief.test\bin\Debug\netcoreapp2.0\ModelRelief.Test.dll" adapterTypeName="executor://xunit/VsTestRunner2/netcoreapp" className="ModelRelief.Test.Integration.Meshes.MeshesBaseIntegrationTests" name="Put_ValidReferencePropertyUpdatesModel" /></UnitTest><UnitTest name="Patch_TargetPropertyIsUpdated" storage="d:\users\steve knipmeyer\documents\github\modelrelief\modelrelief.test\bin\debug\netcoreapp2.0\modelrelief.test.dll" id="98221af2-78e7-474d-95f1-e974f4f41675"><Execution id="aa83c189-e051-476d-be99-326825e600b7" /><TestMethod codeBase="D:\Users\Steve Knipmeyer\Documents\GitHub\ModelRelief\ModelRelief.test\bin\Debug\netcoreapp2.0\ModelRelief.Test.dll" adapterTypeName="executor://xunit/VsTestRunner2/netcoreapp" className="ModelRelief.Test.Integration.Meshes.MeshesBaseIntegrationTests" name="Patch_TargetPropertyIsUpdated" /></UnitTest><UnitTest name="Patch_InvalidIdPropertyReturnsNotFound" storage="d:\users\steve knipmeyer\documents\github\modelrelief\modelrelief.test\bin\debug\netcoreapp2.0\modelrelief.test.dll" id="ff76c76c-1503-404c-90d4-6d1600d81a3f"><Execution id="d204aeaa-29ae-47ef-9f00-d04ece37d7e1" /><TestMethod codeBase="D:\Users\Steve Knipmeyer\Documents\GitHub\ModelRelief\ModelRelief.test\bin\Debug\netcoreapp2.0\ModelRelief.Test.dll" adapterTypeName="executor://xunit/VsTestRunner2/netcoreapp" className="ModelRelief.Test.Integration.Models.ModelsBaseIntegrationTests" name="Patch_InvalidIdPropertyReturnsNotFound" /></UnitTest><UnitTest name="Post_InvalidPropertyValueReturnsBadRequest" storage="d:\users\steve knipmeyer\documents\github\modelrelief\modelrelief.test\bin\debug\netcoreapp2.0\modelrelief.test.dll" id="03781b7c-986a-4cfc-8c45-28039ebe9f79"><Execution id="10745b03-21be-46ef-be48-fdcd52dc47e5" /><TestMethod codeBase="D:\Users\Steve Knipmeyer\Documents\GitHub\ModelRelief\ModelRelief.test\bin\Debug\netcoreapp2.0\ModelRelief.Test.dll" adapterTypeName="executor://xunit/VsTestRunner2/netcoreapp" className="ModelRelief.Test.Integration.Meshes.MeshesBaseIntegrationTests" name="Post_InvalidPropertyValueReturnsBadRequest" /></UnitTest><UnitTest name="GetSingle_ValidIdPropertyValueReturnsCorrectModel" storage="d:\users\steve knipmeyer\documents\github\modelrelief\modelrelief.test\bin\debug\netcoreapp2.0\modelrelief.test.dll" id="d97299a5-964e-409e-9a0d-aaf13bd45eb9"><Execution id="ccad5beb-e152-459f-8074-7ca37f7e2e5d" /><TestMethod codeBase="D:\Users\Steve Knipmeyer\Documents\GitHub\ModelRelief\ModelRelief.test\bin\Debug\netcoreapp2.0\ModelRelief.Test.dll" adapterTypeName="executor://xunit/VsTestRunner2/netcoreapp" className="ModelRelief.Test.Integration.DepthBuffers.DepthBuffersBaseIntegrationTests" name="GetSingle_ValidIdPropertyValueReturnsCorrectModel" /></UnitTest><UnitTest name="PutFile_NewFileCanBePut" storage="d:\users\steve knipmeyer\documents\github\modelrelief\modelrelief.test\bin\debug\netcoreapp2.0\modelrelief.test.dll" id="0a27b1ea-ae77-43ee-a12a-a90a58238bf1"><Execution id="5e2f72e0-b20c-4a81-85e6-e0ef6d7d5c85" /><TestMethod codeBase="D:\Users\Steve Knipmeyer\Documents\GitHub\ModelRelief\ModelRelief.test\bin\Debug\netcoreapp2.0\ModelRelief.Test.dll" adapterTypeName="executor://xunit/VsTestRunner2/netcoreapp" className="ModelRelief.Test.Integration.Models.ModelsFileIntegrationTests" name="PutFile_NewFileCanBePut" /></UnitTest><UnitTest name="Patch_InvalidEnumPropertyValueReturnsBadRequest" storage="d:\users\steve knipmeyer\documents\github\modelrelief\modelrelief.test\bin\debug\netcoreapp2.0\modelrelief.test.dll" id="fa511b48-f502-4724-9494-ebd0317a4586"><Execution id="0004ad53-078e-4468-81aa-b0be985c07c0" /><TestMethod codeBase="D:\Users\Steve Knipmeyer\Documents\GitHub\ModelRelief\ModelRelief.test\bin\Debug\netcoreapp2.0\ModelRelief.Test.dll" adapterTypeName="executor://xunit/VsTestRunner2/netcoreapp" className="ModelRelief.Test.Integration.Projects.ProjectsBaseIntegrationTests" name="Patch_InvalidEnumPropertyValueReturnsBadRequest" /></UnitTest><UnitTest name="Post_ValidReferencePropertyCreatesModel" storage="d:\users\steve knipmeyer\documents\github\modelrelief\modelrelief.test\bin\debug\netcoreapp2.0\modelrelief.test.dll" id="74a441bf-c194-4b5c-b5f5-43e335e995a6"><Execution id="8b9f9d89-a95f-4160-88a7-613f1e08f665" /><TestMethod codeBase="D:\Users\Steve Knipmeyer\Documents\GitHub\ModelRelief\ModelRelief.test\bin\Debug\netcoreapp2.0\ModelRelief.Test.dll" adapterTypeName="executor://xunit/VsTestRunner2/netcoreapp" className="ModelRelief.Test.Integration.Cameras.CamerasBaseIntegrationTests" name="Post_ValidReferencePropertyCreatesModel" /></UnitTest><UnitTest name="GetSingle_ValidIdPropertyValueReturnsCorrectModel" storage="d:\users\steve knipmeyer\documents\github\modelrelief\modelrelief.test\bin\debug\netcoreapp2.0\modelrelief.test.dll" id="a16d8759-fb36-405e-9b2f-354710265053"><Execution id="e4acafdb-a31a-4a04-8dc7-6110460e33cc" /><TestMethod codeBase="D:\Users\Steve Knipmeyer\Documents\GitHub\ModelRelief\ModelRelief.test\bin\Debug\netcoreapp2.0\ModelRelief.Test.dll" adapterTypeName="executor://xunit/VsTestRunner2/netcoreapp" className="ModelRelief.Test.Integration.Projects.ProjectsBaseIntegrationTests" name="GetSingle_ValidIdPropertyValueReturnsCorrectModel" /></UnitTest><UnitTest name="Patch_InvalidEnumPropertyValueReturnsBadRequest" storage="d:\users\steve knipmeyer\documents\github\modelrelief\modelrelief.test\bin\debug\netcoreapp2.0\modelrelief.test.dll" id="1e9d008c-573b-48eb-b0de-715bbac78eb4"><Execution id="c603cd91-b96b-4e4e-b2d8-19091c43740d" /><TestMethod codeBase="D:\Users\Steve Knipmeyer\Documents\GitHub\ModelRelief\ModelRelief.test\bin\Debug\netcoreapp2.0\ModelRelief.Test.dll" adapterTypeName="executor://xunit/VsTestRunner2/netcoreapp" className="ModelRelief.Test.Integration.DepthBuffers.DepthBuffersBaseIntegrationTests" name="Patch_InvalidEnumPropertyValueReturnsBadRequest" /></UnitTest><UnitTest name="GetFile_FileCanBeRoundTripped" storage="d:\users\steve knipmeyer\documents\github\modelrelief\modelrelief.test\bin\debug\netcoreapp2.0\modelrelief.test.dll" id="c609d54e-04d0-45dc-bee4-a2192fae8387"><Execution id="bce99c5d-a06f-4db1-a9e2-d1f783300fee" /><TestMethod codeBase="D:\Users\Steve Knipmeyer\Documents\GitHub\ModelRelief\ModelRelief.test\bin\Debug\netcoreapp2.0\ModelRelief.Test.dll" adapterTypeName="executor://xunit/VsTestRunner2/netcoreapp" className="ModelRelief.Test.Integration.Meshes.MeshesFileIntegrationTests" name="GetFile_FileCanBeRoundTripped" /></UnitTest><UnitTest name="GetFile_FileCanBeRoundTripped" storage="d:\users\steve knipmeyer\documents\github\modelrelief\modelrelief.test\bin\debug\netcoreapp2.0\modelrelief.test.dll" id="79955b64-6e90-475c-a6d6-3c7f6bbe02a7"><Execution id="8d9fbb01-2482-4437-bfb2-589d001d91f7" /><TestMethod codeBase="D:\Users\Steve Knipmeyer\Documents\GitHub\ModelRelief\ModelRelief.test\bin\Debug\netcoreapp2.0\ModelRelief.Test.dll" adapterTypeName="executor://xunit/VsTestRunner2/netcoreapp" className="ModelRelief.Test.Integration.DepthBuffers.DepthBuffersFileIntegrationTests" name="GetFile_FileCanBeRoundTripped" /></UnitTest><UnitTest name="Patch_MultipleInvalidReferencePropertiesReturnsMultipleValidationErrorsAndBadRequest" storage="d:\users\steve knipmeyer\documents\github\modelrelief\modelrelief.test\bin\debug\netcoreapp2.0\modelrelief.test.dll" id="13d4786f-ceb5-4875-96cb-91bb2292e1d0"><Execution id="0af77c33-aa29-4f03-bf7d-34a9501beb47" /><TestMethod codeBase="D:\Users\Steve Knipmeyer\Documents\GitHub\ModelRelief\ModelRelief.test\bin\Debug\netcoreapp2.0\ModelRelief.Test.dll" adapterTypeName="executor://xunit/VsTestRunner2/netcoreapp" className="ModelRelief.Test.Integration.MeshTransforms.MeshTransformsBaseIntegrationTests" name="Patch_MultipleInvalidReferencePropertiesReturnsMultipleValidationErrorsAndBadRequest" /></UnitTest><UnitTest name="Patch_InvalidReferencePropertyReturnsBadRequest" storage="d:\users\steve knipmeyer\documents\github\modelrelief\modelrelief.test\bin\debug\netcoreapp2.0\modelrelief.test.dll" id="8bbd4dbd-fef1-4625-b03b-854510c5f8a7"><Execution id="3437897a-d201-4bc6-a4f8-eab88735936c" /><TestMethod codeBase="D:\Users\Steve Knipmeyer\Documents\GitHub\ModelRelief\ModelRelief.test\bin\Debug\netcoreapp2.0\ModelRelief.Test.dll" adapterTypeName="executor://xunit/VsTestRunner2/netcoreapp" className="ModelRelief.Test.Integration.Cameras.CamerasBaseIntegrationTests" name="Patch_InvalidReferencePropertyReturnsBadRequest" /></UnitTest><UnitTest name="Patch_ValidReferencePropertyUpdatesModel" storage="d:\users\steve knipmeyer\documents\github\modelrelief\modelrelief.test\bin\debug\netcoreapp2.0\modelrelief.test.dll" id="0da35326-37b0-4795-b7ea-e3eed4d45cb4"><Execution id="2e4701b0-c18d-40c1-bf8d-a8f89eba39dc" /><TestMethod codeBase="D:\Users\Steve Knipmeyer\Documents\GitHub\ModelRelief\ModelRelief.test\bin\Debug\netcoreapp2.0\ModelRelief.Test.dll" adapterTypeName="executor://xunit/VsTestRunner2/netcoreapp" className="ModelRelief.Test.Integration.MeshTransforms.MeshTransformsBaseIntegrationTests" name="Patch_ValidReferencePropertyUpdatesModel" /></UnitTest><UnitTest name="Patch_MultipleInvalidReferencePropertiesReturnsMultipleValidationErrorsAndBadRequest" storage="d:\users\steve knipmeyer\documents\github\modelrelief\modelrelief.test\bin\debug\netcoreapp2.0\modelrelief.test.dll" id="0826dfae-4442-42dd-9aef-b845cce6fe59"><Execution id="58e5a0e6-9a8d-4fb5-8c66-8a8f61bc1b36" /><TestMethod codeBase="D:\Users\Steve Knipmeyer\Documents\GitHub\ModelRelief\ModelRelief.test\bin\Debug\netcoreapp2.0\ModelRelief.Test.dll" adapterTypeName="executor://xunit/VsTestRunner2/netcoreapp" className="ModelRelief.Test.Integration.Projects.ProjectsBaseIntegrationTests" name="Patch_MultipleInvalidReferencePropertiesReturnsMultipleValidationErrorsAndBadRequest" /></UnitTest><UnitTest name="Patch_InvalidReferencePropertyReturnsBadRequest" storage="d:\users\steve knipmeyer\documents\github\modelrelief\modelrelief.test\bin\debug\netcoreapp2.0\modelrelief.test.dll" id="0a8440f9-566e-46b5-b62d-1f27892584c9"><Execution id="22999e4f-e2f1-404a-8526-ed67b634c2d9" /><TestMethod codeBase="D:\Users\Steve Knipmeyer\Documents\GitHub\ModelRelief\ModelRelief.test\bin\Debug\netcoreapp2.0\ModelRelief.Test.dll" adapterTypeName="executor://xunit/VsTestRunner2/netcoreapp" className="ModelRelief.Test.Integration.DepthBuffers.DepthBuffersBaseIntegrationTests" name="Patch_InvalidReferencePropertyReturnsBadRequest" /></UnitTest><UnitTest name="Patch_MultipleInvalidReferencePropertiesReturnsMultipleValidationErrorsAndBadRequest" storage="d:\users\steve knipmeyer\documents\github\modelrelief\modelrelief.test\bin\debug\netcoreapp2.0\modelrelief.test.dll" id="85849fa1-2ab0-46d5-97bb-628f2ad18e63"><Execution id="74fcfbef-92be-4738-a261-2fb28f4d1d37" /><TestMethod codeBase="D:\Users\Steve Knipmeyer\Documents\GitHub\ModelRelief\ModelRelief.test\bin\Debug\netcoreapp2.0\ModelRelief.Test.dll" adapterTypeName="executor://xunit/VsTestRunner2/netcoreapp" className="ModelRelief.Test.Integration.Models.ModelsBaseIntegrationTests" name="Patch_MultipleInvalidReferencePropertiesReturnsMultipleValidationErrorsAndBadRequest" /></UnitTest><UnitTest name="PostFile_FileTimeStampIsUpdatedAfterFileIsPosted" storage="d:\users\steve knipmeyer\documents\github\modelrelief\modelrelief.test\bin\debug\netcoreapp2.0\modelrelief.test.dll" id="5e662c70-857f-4a04-a129-c3b7f63c41a2"><Execution id="1eaeacc9-197b-4317-9136-c7b7e78b5f86" /><TestMethod codeBase="D:\Users\Steve Knipmeyer\Documents\GitHub\ModelRelief\ModelRelief.test\bin\Debug\netcoreapp2.0\ModelRelief.Test.dll" adapterTypeName="executor://xunit/VsTestRunner2/netcoreapp" className="ModelRelief.Test.Integration.Models.ModelsFileIntegrationTests" name="PostFile_FileTimeStampIsUpdatedAfterFileIsPosted" /></UnitTest><UnitTest name="Put_CanUpdateModel" storage="d:\users\steve knipmeyer\documents\github\modelrelief\modelrelief.test\bin\debug\netcoreapp2.0\modelrelief.test.dll" id="a4a392bc-9755-48d4-b9bd-b1ac91016f48"><Execution id="d36c6712-d7cf-4ae2-b9bc-7ca930dbb2c3" /><TestMethod codeBase="D:\Users\Steve Knipmeyer\Documents\GitHub\ModelRelief\ModelRelief.test\bin\Debug\netcoreapp2.0\ModelRelief.Test.dll" adapterTypeName="executor://xunit/VsTestRunner2/netcoreapp" className="ModelRelief.Test.Integration.Cameras.CamerasBaseIntegrationTests" name="Put_CanUpdateModel" /></UnitTest><UnitTest name="Post_InvalidReferencePropertyReturnsBadRequest" storage="d:\users\steve knipmeyer\documents\github\modelrelief\modelrelief.test\bin\debug\netcoreapp2.0\modelrelief.test.dll" id="a9aef39a-8d2b-445e-8360-e147151dc11a"><Execution id="1f81a0fd-6707-45d7-825d-f9a414d19fca" /><TestMethod codeBase="D:\Users\Steve Knipmeyer\Documents\GitHub\ModelRelief\ModelRelief.test\bin\Debug\netcoreapp2.0\ModelRelief.Test.dll" adapterTypeName="executor://xunit/VsTestRunner2/netcoreapp" className="ModelRelief.Test.Integration.Cameras.CamerasBaseIntegrationTests" name="Post_InvalidReferencePropertyReturnsBadRequest" /></UnitTest><UnitTest name="GetList_ListReturnsCorrectCount" storage="d:\users\steve knipmeyer\documents\github\modelrelief\modelrelief.test\bin\debug\netcoreapp2.0\modelrelief.test.dll" id="ba6a0f31-9dd3-45ed-a619-eed3bc3aaecd"><Execution id="a07fb49c-3ac9-4cd6-917f-db0b94a19652" /><TestMethod codeBase="D:\Users\Steve Knipmeyer\Documents\GitHub\ModelRelief\ModelRelief.test\bin\Debug\netcoreapp2.0\ModelRelief.Test.dll" adapterTypeName="executor://xunit/VsTestRunner2/netcoreapp" className="ModelRelief.Test.Integration.DepthBuffers.DepthBuffersBaseIntegrationTests" name="GetList_ListReturnsCorrectCount" /></UnitTest><UnitTest name="Patch_TargetPropertyIsUpdated" storage="d:\users\steve knipmeyer\documents\github\modelrelief\modelrelief.test\bin\debug\netcoreapp2.0\modelrelief.test.dll" id="511ffcb4-83ab-4c7b-a272-5f9bfc559848"><Execution id="44911a81-0db3-4ac2-a7d3-4babbb0c42d9" /><TestMethod codeBase="D:\Users\Steve Knipmeyer\Documents\GitHub\ModelRelief\ModelRelief.test\bin\Debug\netcoreapp2.0\ModelRelief.Test.dll" adapterTypeName="executor://xunit/VsTestRunner2/netcoreapp" className="ModelRelief.Test.Integration.DepthBuffers.DepthBuffersBaseIntegrationTests" name="Patch_TargetPropertyIsUpdated" /></UnitTest><UnitTest name="Put_InvalidReferencePropertyReturndBadRequest" storage="d:\users\steve knipmeyer\documents\github\modelrelief\modelrelief.test\bin\debug\netcoreapp2.0\modelrelief.test.dll" id="3d2b0e05-65d8-4a28-99a0-59d7aabef5c4"><Execution id="e7400f1c-392e-4e68-803b-454ee1f87d08" /><TestMethod codeBase="D:\Users\Steve Knipmeyer\Documents\GitHub\ModelRelief\ModelRelief.test\bin\Debug\netcoreapp2.0\ModelRelief.Test.dll" adapterTypeName="executor://xunit/VsTestRunner2/netcoreapp" className="ModelRelief.Test.Integration.Projects.ProjectsBaseIntegrationTests" name="Put_InvalidReferencePropertyReturndBadRequest" /></UnitTest><UnitTest name="Delete_TargetModelIsDeleted" storage="d:\users\steve knipmeyer\documents\github\modelrelief\modelrelief.test\bin\debug\netcoreapp2.0\modelrelief.test.dll" id="c703e5f2-dbcf-4e9b-922b-d200cca3f97d"><Execution id="8905b3b1-4c87-4e2c-b8d2-9d6293142362" /><TestMethod codeBase="D:\Users\Steve Knipmeyer\Documents\GitHub\ModelRelief\ModelRelief.test\bin\Debug\netcoreapp2.0\ModelRelief.Test.dll" adapterTypeName="executor://xunit/VsTestRunner2/netcoreapp" className="ModelRelief.Test.Integration.Meshes.MeshesBaseIntegrationTests" name="Delete_TargetModelIsDeleted" /></UnitTest><UnitTest name="Delete_TargetModelIsDeleted" storage="d:\users\steve knipmeyer\documents\github\modelrelief\modelrelief.test\bin\debug\netcoreapp2.0\modelrelief.test.dll" id="c9727ddb-ec57-441d-b9e5-a7844ebf8cf6"><Execution id="881924c9-cb86-47f8-ad68-1db8ab8a8249" /><TestMethod codeBase="D:\Users\Steve Knipmeyer\Documents\GitHub\ModelRelief\ModelRelief.test\bin\Debug\netcoreapp2.0\ModelRelief.Test.dll" adapterTypeName="executor://xunit/VsTestRunner2/netcoreapp" className="ModelRelief.Test.Integration.Cameras.CamerasBaseIntegrationTests" name="Delete_TargetModelIsDeleted" /></UnitTest><UnitTest name="Delete_TargetModelIsDeleted" storage="d:\users\steve knipmeyer\documents\github\modelrelief\modelrelief.test\bin\debug\netcoreapp2.0\modelrelief.test.dll" id="36ec8ebc-8d8a-4b81-a9fe-b523a11047ed"><Execution id="2dc261a7-44e8-44d3-a7ef-d812c87e95d5" /><TestMethod codeBase="D:\Users\Steve Knipmeyer\Documents\GitHub\ModelRelief\ModelRelief.test\bin\Debug\netcoreapp2.0\ModelRelief.Test.dll" adapterTypeName="executor://xunit/VsTestRunner2/netcoreapp" className="ModelRelief.Test.Integration.DepthBuffers.DepthBuffersBaseIntegrationTests" name="Delete_TargetModelIsDeleted" /></UnitTest><UnitTest name="Patch_InvalidEnumPropertyValueReturnsBadRequest" storage="d:\users\steve knipmeyer\documents\github\modelrelief\modelrelief.test\bin\debug\netcoreapp2.0\modelrelief.test.dll" id="6c080665-3040-435e-b888-56285dbde458"><Execution id="495f90bc-643a-4da3-982a-9e3e67484ecb" /><TestMethod codeBase="D:\Users\Steve Knipmeyer\Documents\GitHub\ModelRelief\ModelRelief.test\bin\Debug\netcoreapp2.0\ModelRelief.Test.dll" adapterTypeName="executor://xunit/VsTestRunner2/netcoreapp" className="ModelRelief.Test.Integration.Meshes.MeshesBaseIntegrationTests" name="Patch_InvalidEnumPropertyValueReturnsBadRequest" /></UnitTest><UnitTest name="Patch_TargetPropertyIsUpdated" storage="d:\users\steve knipmeyer\documents\github\modelrelief\modelrelief.test\bin\debug\netcoreapp2.0\modelrelief.test.dll" id="7849853c-48f7-4b41-a462-3788df5ec383"><Execution id="04b30bc4-a44e-4fd9-8b7a-2d2d7e1ebb8a" /><TestMethod codeBase="D:\Users\Steve Knipmeyer\Documents\GitHub\ModelRelief\ModelRelief.test\bin\Debug\netcoreapp2.0\ModelRelief.Test.dll" adapterTypeName="executor://xunit/VsTestRunner2/netcoreapp" className="ModelRelief.Test.Integration.MeshTransforms.MeshTransformsBaseIntegrationTests" name="Patch_TargetPropertyIsUpdated" /></UnitTest><UnitTest name="Patch_InvalidPropertyNameReturnsBadRequest" storage="d:\users\steve knipmeyer\documents\github\modelrelief\modelrelief.test\bin\debug\netcoreapp2.0\modelrelief.test.dll" id="685e0dd5-1b4e-423e-b1fc-b9e79cef1350"><Execution id="c4d8e1ae-81d6-48ab-87ca-d2a57310ea16" /><TestMethod codeBase="D:\Users\Steve Knipmeyer\Documents\GitHub\ModelRelief\ModelRelief.test\bin\Debug\netcoreapp2.0\ModelRelief.Test.dll" adapterTypeName="executor://xunit/VsTestRunner2/netcoreapp" className="ModelRelief.Test.Integration.Projects.ProjectsBaseIntegrationTests" name="Patch_InvalidPropertyNameReturnsBadRequest" /></UnitTest><UnitTest name="PostFile_FileTimeStampIsUpdatedAfterFileIsPosted" storage="d:\users\steve knipmeyer\documents\github\modelrelief\modelrelief.test\bin\debug\netcoreapp2.0\modelrelief.test.dll" id="9d59bc2f-69c4-42fe-92bb-93ec0cd34077"><Execution id="3870742f-13b7-4b9c-ac93-d542ebe845ea" /><TestMethod codeBase="D:\Users\Steve Knipmeyer\Documents\GitHub\ModelRelief\ModelRelief.test\bin\Debug\netcoreapp2.0\ModelRelief.Test.dll" adapterTypeName="executor://xunit/VsTestRunner2/netcoreapp" className="ModelRelief.Test.Integration.Meshes.MeshesFileIntegrationTests" name="PostFile_FileTimeStampIsUpdatedAfterFileIsPosted" /></UnitTest><UnitTest name="GetFile_ExistingFileReturnsSuccess" storage="d:\users\steve knipmeyer\documents\github\modelrelief\modelrelief.test\bin\debug\netcoreapp2.0\modelrelief.test.dll" id="829094de-54a2-4217-903f-c0c2795156d3"><Execution id="7f7f1ca8-e906-4f79-be43-970535e00cce" /><TestMethod codeBase="D:\Users\Steve Knipmeyer\Documents\GitHub\ModelRelief\ModelRelief.test\bin\Debug\netcoreapp2.0\ModelRelief.Test.dll" adapterTypeName="executor://xunit/VsTestRunner2/netcoreapp" className="ModelRelief.Test.Integration.Meshes.MeshesFileIntegrationTests" name="GetFile_ExistingFileReturnsSuccess" /></UnitTest><UnitTest name="Post_CanCreateNewModel" storage="d:\users\steve knipmeyer\documents\github\modelrelief\modelrelief.test\bin\debug\netcoreapp2.0\modelrelief.test.dll" id="9f24377a-9dca-44b6-8eed-42762cdcaf0e"><Execution id="e7980944-0c3a-4358-ad4b-f3968bd5e622" /><TestMethod codeBase="D:\Users\Steve Knipmeyer\Documents\GitHub\ModelRelief\ModelRelief.test\bin\Debug\netcoreapp2.0\ModelRelief.Test.dll" adapterTypeName="executor://xunit/VsTestRunner2/netcoreapp" className="ModelRelief.Test.Integration.DepthBuffers.DepthBuffersBaseIntegrationTests" name="Post_CanCreateNewModel" /></UnitTest><UnitTest name="GetFile_FileCanBeRoundTripped" storage="d:\users\steve knipmeyer\documents\github\modelrelief\modelrelief.test\bin\debug\netcoreapp2.0\modelrelief.test.dll" id="49b154d4-29ec-4538-947c-27ecd6eb840d"><Execution id="eaf72a6f-aeec-4c5a-aaad-0730b7449c9f" /><TestMethod codeBase="D:\Users\Steve Knipmeyer\Documents\GitHub\ModelRelief\ModelRelief.test\bin\Debug\netcoreapp2.0\ModelRelief.Test.dll" adapterTypeName="executor://xunit/VsTestRunner2/netcoreapp" className="ModelRelief.Test.Integration.Models.ModelsFileIntegrationTests" name="GetFile_FileCanBeRoundTripped" /></UnitTest><UnitTest name="PostFile_NewFileCanBePosted" storage="d:\users\steve knipmeyer\documents\github\modelrelief\modelrelief.test\bin\debug\netcoreapp2.0\modelrelief.test.dll" id="3874a0c3-c4d2-4141-90a4-8f8c17879a90"><Execution id="cd0dce3f-8358-4a65-9cc7-0e61499b1165" /><TestMethod codeBase="D:\Users\Steve Knipmeyer\Documents\GitHub\ModelRelief\ModelRelief.test\bin\Debug\netcoreapp2.0\ModelRelief.Test.dll" adapterTypeName="executor://xunit/VsTestRunner2/netcoreapp" className="ModelRelief.Test.Integration.Models.ModelsFileIntegrationTests" name="PostFile_NewFileCanBePosted" /></UnitTest><UnitTest name="Put_InvalidIdReturnsNotFound" storage="d:\users\steve knipmeyer\documents\github\modelrelief\modelrelief.test\bin\debug\netcoreapp2.0\modelrelief.test.dll" id="9eb43a63-c3d9-49e0-94b2-9ea546d7de31"><Execution id="ad2ce172-f53d-4fb1-81f0-10f1f1212198" /><TestMethod codeBase="D:\Users\Steve Knipmeyer\Documents\GitHub\ModelRelief\ModelRelief.test\bin\Debug\netcoreapp2.0\ModelRelief.Test.dll" adapterTypeName="executor://xunit/VsTestRunner2/netcoreapp" className="ModelRelief.Test.Integration.Models.ModelsBaseIntegrationTests" name="Put_InvalidIdReturnsNotFound" /></UnitTest><UnitTest name="GetSingle_ValidIdPropertyValueReturnsCorrectModel" storage="d:\users\steve knipmeyer\documents\github\modelrelief\modelrelief.test\bin\debug\netcoreapp2.0\modelrelief.test.dll" id="bdfca253-7a3b-405f-a701-9352472893e2"><Execution id="624e8d11-3f7f-4ea7-8ea2-636304fe7abb" /><TestMethod codeBase="D:\Users\Steve Knipmeyer\Documents\GitHub\ModelRelief\ModelRelief.test\bin\Debug\netcoreapp2.0\ModelRelief.Test.dll" adapterTypeName="executor://xunit/VsTestRunner2/netcoreapp" className="ModelRelief.Test.Integration.Meshes.MeshesBaseIntegrationTests" name="GetSingle_ValidIdPropertyValueReturnsCorrectModel" /></UnitTest><UnitTest name="Patch_InvalidReferencePropertyReturnsBadRequest" storage="d:\users\steve knipmeyer\documents\github\modelrelief\modelrelief.test\bin\debug\netcoreapp2.0\modelrelief.test.dll" id="47b16cb7-28ed-482d-80cb-af794d3ef71a"><Execution id="21965d84-4693-41e2-a090-c1e8c0e78d23" /><TestMethod codeBase="D:\Users\Steve Knipmeyer\Documents\GitHub\ModelRelief\ModelRelief.test\bin\Debug\netcoreapp2.0\ModelRelief.Test.dll" adapterTypeName="executor://xunit/VsTestRunner2/netcoreapp" className="ModelRelief.Test.Integration.Meshes.MeshesBaseIntegrationTests" name="Patch_InvalidReferencePropertyReturnsBadRequest" /></UnitTest><UnitTest name="Put_InvalidIdReturnsNotFound" storage="d:\users\steve knipmeyer\documents\github\modelrelief\modelrelief.test\bin\debug\netcoreapp2.0\modelrelief.test.dll" id="06b04e5a-a8dc-4e1a-a34d-052c457c52bf"><Execution id="944a5d68-dbb7-4952-8e11-fd4a40a8ff86" /><TestMethod codeBase="D:\Users\Steve Knipmeyer\Documents\GitHub\ModelRelief\ModelRelief.test\bin\Debug\netcoreapp2.0\ModelRelief.Test.dll" adapterTypeName="executor://xunit/VsTestRunner2/netcoreapp" className="ModelRelief.Test.Integration.Meshes.MeshesBaseIntegrationTests" name="Put_InvalidIdReturnsNotFound" /></UnitTest><UnitTest name="Delete_TargetModelIsDeleted" storage="d:\users\steve knipmeyer\documents\github\modelrelief\modelrelief.test\bin\debug\netcoreapp2.0\modelrelief.test.dll" id="19d9f642-adf7-4052-9da4-db5bb582b805"><Execution id="db817763-f899-48e3-8a43-c96d0dd4a7a1" /><TestMethod codeBase="D:\Users\Steve Knipmeyer\Documents\GitHub\ModelRelief\ModelRelief.test\bin\Debug\netcoreapp2.0\ModelRelief.Test.dll" adapterTypeName="executor://xunit/VsTestRunner2/netcoreapp" className="ModelRelief.Test.Integration.Models.ModelsBaseIntegrationTests" name="Delete_TargetModelIsDeleted" /></UnitTest><UnitTest name="GetSingle_InvalidIdPropertyValueReturnsNotFound" storage="d:\users\steve knipmeyer\documents\github\modelrelief\modelrelief.test\bin\debug\netcoreapp2.0\modelrelief.test.dll" id="ac276d21-a78f-4de6-b099-47b89586cba9"><Execution id="966b8384-d9b8-4a7e-879c-d99ddd370bd9" /><TestMethod codeBase="D:\Users\Steve Knipmeyer\Documents\GitHub\ModelRelief\ModelRelief.test\bin\Debug\netcoreapp2.0\ModelRelief.Test.dll" adapterTypeName="executor://xunit/VsTestRunner2/netcoreapp" className="ModelRelief.Test.Integration.Projects.ProjectsBaseIntegrationTests" name="GetSingle_InvalidIdPropertyValueReturnsNotFound" /></UnitTest><UnitTest name="Put_CanUpdateModel" storage="d:\users\steve knipmeyer\documents\github\modelrelief\modelrelief.test\bin\debug\netcoreapp2.0\modelrelief.test.dll" id="5bad569b-fdef-47ad-a7f9-9fd157033576"><Execution id="e1e093ac-8542-43d1-aadc-cec750761f0c" /><TestMethod codeBase="D:\Users\Steve Knipmeyer\Documents\GitHub\ModelRelief\ModelRelief.test\bin\Debug\netcoreapp2.0\ModelRelief.Test.dll" adapterTypeName="executor://xunit/VsTestRunner2/netcoreapp" className="ModelRelief.Test.Integration.Models.ModelsBaseIntegrationTests" name="Put_CanUpdateModel" /></UnitTest><UnitTest name="Patch_InvalidIdPropertyReturnsNotFound" storage="d:\users\steve knipmeyer\documents\github\modelrelief\modelrelief.test\bin\debug\netcoreapp2.0\modelrelief.test.dll" id="9977e1f4-dd21-4b39-8926-fe9449325a99"><Execution id="2a679029-2607-4a27-96d2-a8165feac2d5" /><TestMethod codeBase="D:\Users\Steve Knipmeyer\Documents\GitHub\ModelRelief\ModelRelief.test\bin\Debug\netcoreapp2.0\ModelRelief.Test.dll" adapterTypeName="executor://xunit/VsTestRunner2/netcoreapp" className="ModelRelief.Test.Integration.Cameras.CamerasBaseIntegrationTests" name="Patch_InvalidIdPropertyReturnsNotFound" /></UnitTest><UnitTest name="Patch_MultipleInvalidReferencePropertiesReturnsMultipleValidationErrorsAndBadRequest" storage="d:\users\steve knipmeyer\documents\github\modelrelief\modelrelief.test\bin\debug\netcoreapp2.0\modelrelief.test.dll" id="f5388fef-9906-4845-bf78-caf3362e8c72"><Execution id="6e40054b-dc2f-423a-8d3c-e2b3fbe8abf8" /><TestMethod codeBase="D:\Users\Steve Knipmeyer\Documents\GitHub\ModelRelief\ModelRelief.test\bin\Debug\netcoreapp2.0\ModelRelief.Test.dll" adapterTypeName="executor://xunit/VsTestRunner2/netcoreapp" className="ModelRelief.Test.Integration.Cameras.CamerasBaseIntegrationTests" name="Patch_MultipleInvalidReferencePropertiesReturnsMultipleValidationErrorsAndBadRequest" /></UnitTest><UnitTest name="Patch_InvalidIdPropertyReturnsNotFound" storage="d:\users\steve knipmeyer\documents\github\modelrelief\modelrelief.test\bin\debug\netcoreapp2.0\modelrelief.test.dll" id="08d87de5-2a0f-47cb-90ec-b6505818d6e6"><Execution id="712603b7-cf5a-4b5d-b19f-e51a0d56d2d0" /><TestMethod codeBase="D:\Users\Steve Knipmeyer\Documents\GitHub\ModelRelief\ModelRelief.test\bin\Debug\netcoreapp2.0\ModelRelief.Test.dll" adapterTypeName="executor://xunit/VsTestRunner2/netcoreapp" className="ModelRelief.Test.Integration.MeshTransforms.MeshTransformsBaseIntegrationTests" name="Patch_InvalidIdPropertyReturnsNotFound" /></UnitTest><UnitTest name="GetSingle_InvalidIdPropertyValueReturnsNotFound" storage="d:\users\steve knipmeyer\documents\github\modelrelief\modelrelief.test\bin\debug\netcoreapp2.0\modelrelief.test.dll" id="efb9d4fd-e992-441c-bd42-f094200cb6aa"><Execution id="1b062596-96f4-424c-ae72-51860a59ef3f" /><TestMethod codeBase="D:\Users\Steve Knipmeyer\Documents\GitHub\ModelRelief\ModelRelief.test\bin\Debug\netcoreapp2.0\ModelRelief.Test.dll" adapterTypeName="executor://xunit/VsTestRunner2/netcoreapp" className="ModelRelief.Test.Integration.Meshes.MeshesBaseIntegrationTests" name="GetSingle_InvalidIdPropertyValueReturnsNotFound" /></UnitTest><UnitTest name="GetSingle_ValidIdPropertyValueReturnsCorrectModel" storage="d:\users\steve knipmeyer\documents\github\modelrelief\modelrelief.test\bin\debug\netcoreapp2.0\modelrelief.test.dll" id="7d7e6b7e-8efb-4682-bfb8-4b0b5c2cf962"><Execution id="40cf94d7-7567-4f73-9364-629d9b022d58" /><TestMethod codeBase="D:\Users\Steve Knipmeyer\Documents\GitHub\ModelRelief\ModelRelief.test\bin\Debug\netcoreapp2.0\ModelRelief.Test.dll" adapterTypeName="executor://xunit/VsTestRunner2/netcoreapp" className="ModelRelief.Test.Integration.MeshTransforms.MeshTransformsBaseIntegrationTests" name="GetSingle_ValidIdPropertyValueReturnsCorrectModel" /></UnitTest><UnitTest name="GetFile_ExistingFileReturnsSuccess" storage="d:\users\steve knipmeyer\documents\github\modelrelief\modelrelief.test\bin\debug\netcoreapp2.0\modelrelief.test.dll" id="7c3cb5de-fea2-414f-8e7c-37e11e4aa9ed"><Execution id="314e95b8-e351-459f-8218-2c9e08874637" /><TestMethod codeBase="D:\Users\Steve Knipmeyer\Documents\GitHub\ModelRelief\ModelRelief.test\bin\Debug\netcoreapp2.0\ModelRelief.Test.dll" adapterTypeName="executor://xunit/VsTestRunner2/netcoreapp" className="ModelRelief.Test.Integration.DepthBuffers.DepthBuffersFileIntegrationTests" name="GetFile_ExistingFileReturnsSuccess" /></UnitTest><UnitTest name="Post_ValidReferencePropertyCreatesModel" storage="d:\users\steve knipmeyer\documents\github\modelrelief\modelrelief.test\bin\debug\netcoreapp2.0\modelrelief.test.dll" id="34518bbd-5c42-4f58-94f5-315812a6989a"><Execution id="56f9c3bb-4a31-456c-97bf-3d365e0a4e4b" /><TestMethod codeBase="D:\Users\Steve Knipmeyer\Documents\GitHub\ModelRelief\ModelRelief.test\bin\Debug\netcoreapp2.0\ModelRelief.Test.dll" adapterTypeName="executor://xunit/VsTestRunner2/netcoreapp" className="ModelRelief.Test.Integration.Projects.ProjectsBaseIntegrationTests" name="Post_ValidReferencePropertyCreatesModel" /></UnitTest><UnitTest name="Patch_InvalidEnumPropertyValueReturnsBadRequest" storage="d:\users\steve knipmeyer\documents\github\modelrelief\modelrelief.test\bin\debug\netcoreapp2.0\modelrelief.test.dll" id="b5a1edb4-e8ab-473e-a53e-925c14ff4580"><Execution id="3249a023-6368-43a3-a672-674e1d2b75d7" /><TestMethod codeBase="D:\Users\Steve Knipmeyer\Documents\GitHub\ModelRelief\ModelRelief.test\bin\Debug\netcoreapp2.0\ModelRelief.Test.dll" adapterTypeName="executor://xunit/VsTestRunner2/netcoreapp" className="ModelRelief.Test.Integration.MeshTransforms.MeshTransformsBaseIntegrationTests" name="Patch_InvalidEnumPropertyValueReturnsBadRequest" /></UnitTest><UnitTest name="Patch_InvalidPropertyNameReturnsBadRequest" storage="d:\users\steve knipmeyer\documents\github\modelrelief\modelrelief.test\bin\debug\netcoreapp2.0\modelrelief.test.dll" id="da066039-5b27-4a8a-b0eb-35f52d36b1e6"><Execution id="054ec96c-e0f5-4aef-b76e-9313c18d6f89" /><TestMethod codeBase="D:\Users\Steve Knipmeyer\Documents\GitHub\ModelRelief\ModelRelief.test\bin\Debug\netcoreapp2.0\ModelRelief.Test.dll" adapterTypeName="executor://xunit/VsTestRunner2/netcoreapp" className="ModelRelief.Test.Integration.Meshes.MeshesBaseIntegrationTests" name="Patch_InvalidPropertyNameReturnsBadRequest" /></UnitTest><UnitTest name="Post_InvalidPropertyValueReturnsBadRequest" storage="d:\users\steve knipmeyer\documents\github\modelrelief\modelrelief.test\bin\debug\netcoreapp2.0\modelrelief.test.dll" id="45bee730-a58c-478a-87fe-019b152dca8d"><Execution id="89d13429-d73c-4b48-8dd6-47a405337624" /><TestMethod codeBase="D:\Users\Steve Knipmeyer\Documents\GitHub\ModelRelief\ModelRelief.test\bin\Debug\netcoreapp2.0\ModelRelief.Test.dll" adapterTypeName="executor://xunit/VsTestRunner2/netcoreapp" className="ModelRelief.Test.Integration.Cameras.CamerasBaseIntegrationTests" name="Post_InvalidPropertyValueReturnsBadRequest" /></UnitTest><UnitTest name="Patch_MultipleInvalidReferencePropertiesReturnsMultipleValidationErrorsAndBadRequest" storage="d:\users\steve knipmeyer\documents\github\modelrelief\modelrelief.test\bin\debug\netcoreapp2.0\modelrelief.test.dll" id="d997c0e3-28dd-47c3-8d03-5ab0bfebaa7e"><Execution id="4dadfd02-9f21-4b56-9ce7-6eef6571ad2f" /><TestMethod codeBase="D:\Users\Steve Knipmeyer\Documents\GitHub\ModelRelief\ModelRelief.test\bin\Debug\netcoreapp2.0\ModelRelief.Test.dll" adapterTypeName="executor://xunit/VsTestRunner2/netcoreapp" className="ModelRelief.Test.Integration.DepthBuffers.DepthBuffersBaseIntegrationTests" name="Patch_MultipleInvalidReferencePropertiesReturnsMultipleValidationErrorsAndBadRequest" /></UnitTest><UnitTest name="Post_CanCreateNewModel" storage="d:\users\steve knipmeyer\documents\github\modelrelief\modelrelief.test\bin\debug\netcoreapp2.0\modelrelief.test.dll" id="b9e45547-3b7f-4d8f-8bee-4eb85dfefbf4"><Execution id="abe3097a-6e07-4c15-91f0-8ef378172180" /><TestMethod codeBase="D:\Users\Steve Knipmeyer\Documents\GitHub\ModelRelief\ModelRelief.test\bin\Debug\netcoreapp2.0\ModelRelief.Test.dll" adapterTypeName="executor://xunit/VsTestRunner2/netcoreapp" className="ModelRelief.Test.Integration.Models.ModelsBaseIntegrationTests" name="Post_CanCreateNewModel" /></UnitTest><UnitTest name="PostFile_NewFileCanBePosted" storage="d:\users\steve knipmeyer\documents\github\modelrelief\modelrelief.test\bin\debug\netcoreapp2.0\modelrelief.test.dll" id="3e668b35-fa4b-4d51-9c99-457766073e24"><Execution id="4a81d2ef-e6ff-4a6b-9041-e0d36c27e366" /><TestMethod codeBase="D:\Users\Steve Knipmeyer\Documents\GitHub\ModelRelief\ModelRelief.test\bin\Debug\netcoreapp2.0\ModelRelief.Test.dll" adapterTypeName="executor://xunit/VsTestRunner2/netcoreapp" className="ModelRelief.Test.Integration.DepthBuffers.DepthBuffersFileIntegrationTests" name="PostFile_NewFileCanBePosted" /></UnitTest><UnitTest name="Put_InvalidReferencePropertyReturndBadRequest" storage="d:\users\steve knipmeyer\documents\github\modelrelief\modelrelief.test\bin\debug\netcoreapp2.0\modelrelief.test.dll" id="ed0f3de1-6b91-4ac5-9a57-30dbfc364819"><Execution id="1ab11e0a-c44c-4414-892c-5ccf99083a91" /><TestMethod codeBase="D:\Users\Steve Knipmeyer\Documents\GitHub\ModelRelief\ModelRelief.test\bin\Debug\netcoreapp2.0\ModelRelief.Test.dll" adapterTypeName="executor://xunit/VsTestRunner2/netcoreapp" className="ModelRelief.Test.Integration.Cameras.CamerasBaseIntegrationTests" name="Put_InvalidReferencePropertyReturndBadRequest" /></UnitTest><UnitTest name="Post_InvalidReferencePropertyReturnsBadRequest" storage="d:\users\steve knipmeyer\documents\github\modelrelief\modelrelief.test\bin\debug\netcoreapp2.0\modelrelief.test.dll" id="562ceaa6-1cd5-44c7-a31a-233073b6c737"><Execution id="0fc09700-ca84-4937-b073-34e07b73aa1f" /><TestMethod codeBase="D:\Users\Steve Knipmeyer\Documents\GitHub\ModelRelief\ModelRelief.test\bin\Debug\netcoreapp2.0\ModelRelief.Test.dll" adapterTypeName="executor://xunit/VsTestRunner2/netcoreapp" className="ModelRelief.Test.Integration.MeshTransforms.MeshTransformsBaseIntegrationTests" name="Post_InvalidReferencePropertyReturnsBadRequest" /></UnitTest><UnitTest name="PostFile_FileIsSynchronizedIsUpdatedAfterFileIsPosted" storage="d:\users\steve knipmeyer\documents\github\modelrelief\modelrelief.test\bin\debug\netcoreapp2.0\modelrelief.test.dll" id="e35c5823-ecac-4233-905a-78faf3018d16"><Execution id="6c888601-78d4-4f31-905b-37e529b21204" /><TestMethod codeBase="D:\Users\Steve Knipmeyer\Documents\GitHub\ModelRelief\ModelRelief.test\bin\Debug\netcoreapp2.0\ModelRelief.Test.dll" adapterTypeName="executor://xunit/VsTestRunner2/netcoreapp" className="ModelRelief.Test.Integration.Models.ModelsFileIntegrationTests" name="PostFile_FileIsSynchronizedIsUpdatedAfterFileIsPosted" /></UnitTest><UnitTest name="Delete_TargetModelIsDeleted" storage="d:\users\steve knipmeyer\documents\github\modelrelief\modelrelief.test\bin\debug\netcoreapp2.0\modelrelief.test.dll" id="abc4f756-5499-4757-bcb9-ca0da94af55d"><Execution id="6a97ccae-3a29-4117-a00e-1d211b7fec1d" /><TestMethod codeBase="D:\Users\Steve Knipmeyer\Documents\GitHub\ModelRelief\ModelRelief.test\bin\Debug\netcoreapp2.0\ModelRelief.Test.dll" adapterTypeName="executor://xunit/VsTestRunner2/netcoreapp" className="ModelRelief.Test.Integration.Projects.ProjectsBaseIntegrationTests" name="Delete_TargetModelIsDeleted" /></UnitTest><UnitTest name="Post_InvalidPropertyValueReturnsBadRequest" storage="d:\users\steve knipmeyer\documents\github\modelrelief\modelrelief.test\bin\debug\netcoreapp2.0\modelrelief.test.dll" id="69759b7d-bfe4-4e9f-84f6-0343339ff736"><Execution id="fc94aec1-20ef-44bd-b072-787d34edd5eb" /><TestMethod codeBase="D:\Users\Steve Knipmeyer\Documents\GitHub\ModelRelief\ModelRelief.test\bin\Debug\netcoreapp2.0\ModelRelief.Test.dll" adapterTypeName="executor://xunit/VsTestRunner2/netcoreapp" className="ModelRelief.Test.Integration.DepthBuffers.DepthBuffersBaseIntegrationTests" name="Post_InvalidPropertyValueReturnsBadRequest" /></UnitTest><UnitTest name="Put_ValidReferencePropertyUpdatesModel" storage="d:\users\steve knipmeyer\documents\github\modelrelief\modelrelief.test\bin\debug\netcoreapp2.0\modelrelief.test.dll" id="b61021fd-93a9-4dd6-8e79-4b1106369862"><Execution id="65cddffd-a7aa-4e3e-88b1-3d17c1e260ab" /><TestMethod codeBase="D:\Users\Steve Knipmeyer\Documents\GitHub\ModelRelief\ModelRelief.test\bin\Debug\netcoreapp2.0\ModelRelief.Test.dll" adapterTypeName="executor://xunit/VsTestRunner2/netcoreapp" className="ModelRelief.Test.Integration.Cameras.CamerasBaseIntegrationTests" name="Put_ValidReferencePropertyUpdatesModel" /></UnitTest><UnitTest name="Put_ValidReferencePropertyUpdatesModel" storage="d:\users\steve knipmeyer\documents\github\modelrelief\modelrelief.test\bin\debug\netcoreapp2.0\modelrelief.test.dll" id="3cb8daf9-e85f-42ac-b782-a823f2ae201b"><Execution id="3aa0328f-5f12-45f0-a2f9-c785ad4fc9eb" /><TestMethod codeBase="D:\Users\Steve Knipmeyer\Documents\GitHub\ModelRelief\ModelRelief.test\bin\Debug\netcoreapp2.0\ModelRelief.Test.dll" adapterTypeName="executor://xunit/VsTestRunner2/netcoreapp" className="ModelRelief.Test.Integration.MeshTransforms.MeshTransformsBaseIntegrationTests" name="Put_ValidReferencePropertyUpdatesModel" /></UnitTest><UnitTest name="Patch_InvalidReferencePropertyReturnsBadRequest" storage="d:\users\steve knipmeyer\documents\github\modelrelief\modelrelief.test\bin\debug\netcoreapp2.0\modelrelief.test.dll" id="065ac5d5-f9ad-4d4f-8fcb-1a2f3a035bb0"><Execution id="edee0a29-f144-42c5-920f-3fe16cc904d6" /><TestMethod codeBase="D:\Users\Steve Knipmeyer\Documents\GitHub\ModelRelief\ModelRelief.test\bin\Debug\netcoreapp2.0\ModelRelief.Test.dll" adapterTypeName="executor://xunit/VsTestRunner2/netcoreapp" className="ModelRelief.Test.Integration.Projects.ProjectsBaseIntegrationTests" name="Patch_InvalidReferencePropertyReturnsBadRequest" /></UnitTest><UnitTest name="Post_InvalidPropertyValueReturnsBadRequest" storage="d:\users\steve knipmeyer\documents\github\modelrelief\modelrelief.test\bin\debug\netcoreapp2.0\modelrelief.test.dll" id="c2f957eb-8710-4a8a-af58-937828361f4d"><Execution id="f878c395-ed5d-4a8b-80ba-f6ccc7f8f78c" /><TestMethod codeBase="D:\Users\Steve Knipmeyer\Documents\GitHub\ModelRelief\ModelRelief.test\bin\Debug\netcoreapp2.0\ModelRelief.Test.dll" adapterTypeName="executor://xunit/VsTestRunner2/netcoreapp" className="ModelRelief.Test.Integration.MeshTransforms.MeshTransformsBaseIntegrationTests" name="Post_InvalidPropertyValueReturnsBadRequest" /></UnitTest><UnitTest name="Patch_InvalidIdPropertyReturnsNotFound" storage="d:\users\steve knipmeyer\documents\github\modelrelief\modelrelief.test\bin\debug\netcoreapp2.0\modelrelief.test.dll" id="9991c501-4d69-4e37-b470-b2e61adba5ab"><Execution id="7d1658c0-d236-4bc4-b622-0093840aad05" /><TestMethod codeBase="D:\Users\Steve Knipmeyer\Documents\GitHub\ModelRelief\ModelRelief.test\bin\Debug\netcoreapp2.0\ModelRelief.Test.dll" adapterTypeName="executor://xunit/VsTestRunner2/netcoreapp" className="ModelRelief.Test.Integration.Projects.ProjectsBaseIntegrationTests" name="Patch_InvalidIdPropertyReturnsNotFound" /></UnitTest><UnitTest name="PutFile_FileCanBeUpdated" storage="d:\users\steve knipmeyer\documents\github\modelrelief\modelrelief.test\bin\debug\netcoreapp2.0\modelrelief.test.dll" id="7ef9f90f-ca85-43e5-9d77-e55289fd6337"><Execution id="b1424a15-025b-44a2-b030-ab1b5e8fba87" /><TestMethod codeBase="D:\Users\Steve Knipmeyer\Documents\GitHub\ModelRelief\ModelRelief.test\bin\Debug\netcoreapp2.0\ModelRelief.Test.dll" adapterTypeName="executor://xunit/VsTestRunner2/netcoreapp" className="ModelRelief.Test.Integration.DepthBuffers.DepthBuffersFileIntegrationTests" name="PutFile_FileCanBeUpdated" /></UnitTest><UnitTest name="Patch_InvalidReferencePropertyReturnsBadRequest" storage="d:\users\steve knipmeyer\documents\github\modelrelief\modelrelief.test\bin\debug\netcoreapp2.0\modelrelief.test.dll" id="607ed809-4330-489c-a991-9191f1f9051a"><Execution id="ca0b6c69-1121-4847-80be-55a2617a503f" /><TestMethod codeBase="D:\Users\Steve Knipmeyer\Documents\GitHub\ModelRelief\ModelRelief.test\bin\Debug\netcoreapp2.0\ModelRelief.Test.dll" adapterTypeName="executor://xunit/VsTestRunner2/netcoreapp" className="ModelRelief.Test.Integration.MeshTransforms.MeshTransformsBaseIntegrationTests" name="Patch_InvalidReferencePropertyReturnsBadRequest" /></UnitTest><UnitTest name="GetSingle_InvalidIdPropertyValueReturnsNotFound" storage="d:\users\steve knipmeyer\documents\github\modelrelief\modelrelief.test\bin\debug\netcoreapp2.0\modelrelief.test.dll" id="6d743962-b6cc-4baa-a7de-e7c3c7cff65c"><Execution id="80cc13e9-5b63-4288-a6d2-02e2fc262c50" /><TestMethod codeBase="D:\Users\Steve Knipmeyer\Documents\GitHub\ModelRelief\ModelRelief.test\bin\Debug\netcoreapp2.0\ModelRelief.Test.dll" adapterTypeName="executor://xunit/VsTestRunner2/netcoreapp" className="ModelRelief.Test.Integration.Models.ModelsBaseIntegrationTests" name="GetSingle_InvalidIdPropertyValueReturnsNotFound" /></UnitTest><UnitTest name="Post_ValidReferencePropertyCreatesModel" storage="d:\users\steve knipmeyer\documents\github\modelrelief\modelrelief.test\bin\debug\netcoreapp2.0\modelrelief.test.dll" id="531dbdb4-225a-4db7-9d7b-f1239817cc5b"><Execution id="d6cbfdc7-b5fd-43a0-9b66-9c5968478603" /><TestMethod codeBase="D:\Users\Steve Knipmeyer\Documents\GitHub\ModelRelief\ModelRelief.test\bin\Debug\netcoreapp2.0\ModelRelief.Test.dll" adapterTypeName="executor://xunit/VsTestRunner2/netcoreapp" className="ModelRelief.Test.Integration.Meshes.MeshesBaseIntegrationTests" name="Post_ValidReferencePropertyCreatesModel" /></UnitTest><UnitTest name="Post_ValidReferencePropertyCreatesModel" storage="d:\users\steve knipmeyer\documents\github\modelrelief\modelrelief.test\bin\debug\netcoreapp2.0\modelrelief.test.dll" id="90d3c42a-1081-4713-aacd-e58b3f3ac7fe"><Execution id="5c03aa57-ef22-4912-a003-68ed916fc011" /><TestMethod codeBase="D:\Users\Steve Knipmeyer\Documents\GitHub\ModelRelief\ModelRelief.test\bin\Debug\netcoreapp2.0\ModelRelief.Test.dll" adapterTypeName="executor://xunit/VsTestRunner2/netcoreapp" className="ModelRelief.Test.Integration.MeshTransforms.MeshTransformsBaseIntegrationTests" name="Post_ValidReferencePropertyCreatesModel" /></UnitTest><UnitTest name="GetSingle_InvalidIdPropertyValueReturnsNotFound" storage="d:\users\steve knipmeyer\documents\github\modelrelief\modelrelief.test\bin\debug\netcoreapp2.0\modelrelief.test.dll" id="63972835-dd6b-4587-861e-22ed494c0789"><Execution id="51762a29-91a6-45c8-a69a-f6f158215871" /><TestMethod codeBase="D:\Users\Steve Knipmeyer\Documents\GitHub\ModelRelief\ModelRelief.test\bin\Debug\netcoreapp2.0\ModelRelief.Test.dll" adapterTypeName="executor://xunit/VsTestRunner2/netcoreapp" className="ModelRelief.Test.Integration.Cameras.CamerasBaseIntegrationTests" name="GetSingle_InvalidIdPropertyValueReturnsNotFound" /></UnitTest><UnitTest name="GetFile_ExistingFileReturnsSuccess" storage="d:\users\steve knipmeyer\documents\github\modelrelief\modelrelief.test\bin\debug\netcoreapp2.0\modelrelief.test.dll" id="5545b66b-2d76-4bab-a5b0-5987b71228f4"><Execution id="f14efa68-9b5f-445e-bcbf-5ac12df14988" /><TestMethod codeBase="D:\Users\Steve Knipmeyer\Documents\GitHub\ModelRelief\ModelRelief.test\bin\Debug\netcoreapp2.0\ModelRelief.Test.dll" adapterTypeName="executor://xunit/VsTestRunner2/netcoreapp" className="ModelRelief.Test.Integration.Models.ModelsFileIntegrationTests" name="GetFile_ExistingFileReturnsSuccess" /></UnitTest><UnitTest name="Put_InvalidReferencePropertyReturndBadRequest" storage="d:\users\steve knipmeyer\documents\github\modelrelief\modelrelief.test\bin\debug\netcoreapp2.0\modelrelief.test.dll" id="cb75772f-9637-4e1b-a4f3-60a046f6f757"><Execution id="589a5e98-d2de-48fd-9a98-f8927b69a0ef" /><TestMethod codeBase="D:\Users\Steve Knipmeyer\Documents\GitHub\ModelRelief\ModelRelief.test\bin\Debug\netcoreapp2.0\ModelRelief.Test.dll" adapterTypeName="executor://xunit/VsTestRunner2/netcoreapp" className="ModelRelief.Test.Integration.Meshes.MeshesBaseIntegrationTests" name="Put_InvalidReferencePropertyReturndBadRequest" /></UnitTest><UnitTest name="PutFile_NewFileCanBePut" storage="d:\users\steve knipmeyer\documents\github\modelrelief\modelrelief.test\bin\debug\netcoreapp2.0\modelrelief.test.dll" id="4cd7a0df-4292-4272-bc59-17ecba6ee27b"><Execution id="a1d1facc-8aa2-4c09-adc6-59f84dcf09a9" /><TestMethod codeBase="D:\Users\Steve Knipmeyer\Documents\GitHub\ModelRelief\ModelRelief.test\bin\Debug\netcoreapp2.0\ModelRelief.Test.dll" adapterTypeName="executor://xunit/VsTestRunner2/netcoreapp" className="ModelRelief.Test.Integration.DepthBuffers.DepthBuffersFileIntegrationTests" name="PutFile_NewFileCanBePut" /></UnitTest><UnitTest name="Patch_InvalidPropertyNameReturnsBadRequest" storage="d:\users\steve knipmeyer\documents\github\modelrelief\modelrelief.test\bin\debug\netcoreapp2.0\modelrelief.test.dll" id="8ef87f3e-9cc0-49f6-81cb-40e9c4214740"><Execution id="48c33051-aacf-46c2-935f-7cc06d37d69e" /><TestMethod codeBase="D:\Users\Steve Knipmeyer\Documents\GitHub\ModelRelief\ModelRelief.test\bin\Debug\netcoreapp2.0\ModelRelief.Test.dll" adapterTypeName="executor://xunit/VsTestRunner2/netcoreapp" className="ModelRelief.Test.Integration.DepthBuffers.DepthBuffersBaseIntegrationTests" name="Patch_InvalidPropertyNameReturnsBadRequest" /></UnitTest><UnitTest name="GetList_ListReturnsCorrectCount" storage="d:\users\steve knipmeyer\documents\github\modelrelief\modelrelief.test\bin\debug\netcoreapp2.0\modelrelief.test.dll" id="58d178df-a9b1-4467-b2ed-3f858b973f98"><Execution id="8aadc431-8115-455c-b1f4-a209c13be5e8" /><TestMethod codeBase="D:\Users\Steve Knipmeyer\Documents\GitHub\ModelRelief\ModelRelief.test\bin\Debug\netcoreapp2.0\ModelRelief.Test.dll" adapterTypeName="executor://xunit/VsTestRunner2/netcoreapp" className="ModelRelief.Test.Integration.Projects.ProjectsBaseIntegrationTests" name="GetList_ListReturnsCorrectCount" /></UnitTest><UnitTest name="FileRequest_MeshGenerateSetsFileIsSynchronized" storage="d:\users\steve knipmeyer\documents\github\modelrelief\modelrelief.test\bin\debug\netcoreapp2.0\modelrelief.test.dll" id="72786935-81b9-46ae-ad74-fb1b2d0aa8ab"><Execution id="13dc9d15-8eb4-4a8d-a9a6-5a45a4a68ea4" /><TestMethod codeBase="D:\Users\Steve Knipmeyer\Documents\GitHub\ModelRelief\ModelRelief.test\bin\Debug\netcoreapp2.0\ModelRelief.Test.dll" adapterTypeName="executor://xunit/VsTestRunner2/netcoreapp" className="ModelRelief.Test.Integration.Meshes.MeshesFileIntegrationTests" name="FileRequest_MeshGenerateSetsFileIsSynchronized" /></UnitTest><UnitTest name="GetList_ListReturnsCorrectCount" storage="d:\users\steve knipmeyer\documents\github\modelrelief\modelrelief.test\bin\debug\netcoreapp2.0\modelrelief.test.dll" id="70a2a51e-af7c-4e51-9587-e721dea132b4"><Execution id="b9b68a2e-ef2b-4319-a864-05dceee9beb4" /><TestMethod codeBase="D:\Users\Steve Knipmeyer\Documents\GitHub\ModelRelief\ModelRelief.test\bin\Debug\netcoreapp2.0\ModelRelief.Test.dll" adapterTypeName="executor://xunit/VsTestRunner2/netcoreapp" className="ModelRelief.Test.Integration.Meshes.MeshesBaseIntegrationTests" name="GetList_ListReturnsCorrectCount" /></UnitTest><UnitTest name="Patch_ValidReferencePropertyUpdatesModel" storage="d:\users\steve knipmeyer\documents\github\modelrelief\modelrelief.test\bin\debug\netcoreapp2.0\modelrelief.test.dll" id="fc9ffbaf-111d-49de-9826-32aac4a5b25b"><Execution id="991a7974-c729-44fb-9de8-5ebf20e0f323" /><TestMethod codeBase="D:\Users\Steve Knipmeyer\Documents\GitHub\ModelRelief\ModelRelief.test\bin\Debug\netcoreapp2.0\ModelRelief.Test.dll" adapterTypeName="executor://xunit/VsTestRunner2/netcoreapp" className="ModelRelief.Test.Integration.Projects.ProjectsBaseIntegrationTests" name="Patch_ValidReferencePropertyUpdatesModel" /></UnitTest><UnitTest name="LucyModel3dHasTwoDependents" storage="d:\users\steve knipmeyer\documents\github\modelrelief\modelrelief.test\bin\debug\netcoreapp2.0\modelrelief.test.dll" id="7ad288fc-035a-4aa8-9260-b089a0dad2dd"><Execution id="203dc816-28dc-43d4-af27-01ae6761b734" /><TestMethod codeBase="D:\Users\Steve Knipmeyer\Documents\GitHub\ModelRelief\ModelRelief.test\bin\Debug\netcoreapp2.0\ModelRelief.Test.dll" adapterTypeName="executor://xunit/VsTestRunner2/netcoreapp" className="ModelRelief.Test.Unit.DependencyManager.DependencyManagerTests" name="LucyModel3dHasTwoDependents" /></UnitTest><UnitTest name="Put_InvalidIdReturnsNotFound" storage="d:\users\steve knipmeyer\documents\github\modelrelief\modelrelief.test\bin\debug\netcoreapp2.0\modelrelief.test.dll" id="4d37e098-c8ec-43c9-824e-3a1b536b5cf6"><Execution id="16fbd8dc-0a67-4713-a5f3-ffeaf79dfb85" /><TestMethod codeBase="D:\Users\Steve Knipmeyer\Documents\GitHub\ModelRelief\ModelRelief.test\bin\Debug\netcoreapp2.0\ModelRelief.Test.dll" adapterTypeName="executor://xunit/VsTestRunner2/netcoreapp" className="ModelRelief.Test.Integration.Cameras.CamerasBaseIntegrationTests" name="Put_InvalidIdReturnsNotFound" /></UnitTest><UnitTest name="Patch_InvalidIdPropertyReturnsNotFound" storage="d:\users\steve knipmeyer\documents\github\modelrelief\modelrelief.test\bin\debug\netcoreapp2.0\modelrelief.test.dll" id="bda451e3-2b9c-4c66-b699-2de6e9b21437"><Execution id="4949ca29-596e-4ba4-8b88-d4c664ce887c" /><TestMethod codeBase="D:\Users\Steve Knipmeyer\Documents\GitHub\ModelRelief\ModelRelief.test\bin\Debug\netcoreapp2.0\ModelRelief.Test.dll" adapterTypeName="executor://xunit/VsTestRunner2/netcoreapp" className="ModelRelief.Test.Integration.Meshes.MeshesBaseIntegrationTests" name="Patch_InvalidIdPropertyReturnsNotFound" /></UnitTest><UnitTest name="FileRequest_DepthBufferIsInvalidatedAfterCameraDependencyPropertyChange" storage="d:\users\steve knipmeyer\documents\github\modelrelief\modelrelief.test\bin\debug\netcoreapp2.0\modelrelief.test.dll" id="3ea5a2ed-fc6b-4d58-aee3-676ad32945a5"><Execution id="2e09293a-cca0-49fd-bb15-1ff1d229db88" /><TestMethod codeBase="D:\Users\Steve Knipmeyer\Documents\GitHub\ModelRelief\ModelRelief.test\bin\Debug\netcoreapp2.0\ModelRelief.Test.dll" adapterTypeName="executor://xunit/VsTestRunner2/netcoreapp" className="ModelRelief.Test.Integration.DepthBuffers.DepthBuffersFileIntegrationTests" name="FileRequest_DepthBufferIsInvalidatedAfterCameraDependencyPropertyChange" /></UnitTest><UnitTest name="Model3dHasExpectedDependentFiles" storage="d:\users\steve knipmeyer\documents\github\modelrelief\modelrelief.test\bin\debug\netcoreapp2.0\modelrelief.test.dll" id="28bd73e4-b132-4c2e-b77e-4354b9da9699"><Execution id="5ad4f1da-af5e-43bb-9edf-d43617807dd7" /><TestMethod codeBase="D:\Users\Steve Knipmeyer\Documents\GitHub\ModelRelief\ModelRelief.test\bin\Debug\netcoreapp2.0\ModelRelief.Test.dll" adapterTypeName="executor://xunit/VsTestRunner2/netcoreapp" className="ModelRelief.Test.Unit.DependencyManager.DependencyManagerTests" name="Model3dHasExpectedDependentFiles" /></UnitTest><UnitTest name="Patch_InvalidPropertyNameReturnsBadRequest" storage="d:\users\steve knipmeyer\documents\github\modelrelief\modelrelief.test\bin\debug\netcoreapp2.0\modelrelief.test.dll" id="10df45ac-762e-43fc-9c2f-80b36e8fcad9"><Execution id="990daa14-a7d7-43e5-a8eb-5016cd6bb593" /><TestMethod codeBase="D:\Users\Steve Knipmeyer\Documents\GitHub\ModelRelief\ModelRelief.test\bin\Debug\netcoreapp2.0\ModelRelief.Test.dll" adapterTypeName="executor://xunit/VsTestRunner2/netcoreapp" className="ModelRelief.Test.Integration.MeshTransforms.MeshTransformsBaseIntegrationTests" name="Patch_InvalidPropertyNameReturnsBadRequest" /></UnitTest><UnitTest name="Patch_TargetPropertyIsUpdated" storage="d:\users\steve knipmeyer\documents\github\modelrelief\modelrelief.test\bin\debug\netcoreapp2.0\modelrelief.test.dll" id="abd1d496-02d8-44a6-9efa-7de8e66de500"><Execution id="a104b8fc-9bac-4111-97b3-2758cb456e6a" /><TestMethod codeBase="D:\Users\Steve Knipmeyer\Documents\GitHub\ModelRelief\ModelRelief.test\bin\Debug\netcoreapp2.0\ModelRelief.Test.dll" adapterTypeName="executor://xunit/VsTestRunner2/netcoreapp" className="ModelRelief.Test.Integration.Projects.ProjectsBaseIntegrationTests" name="Patch_TargetPropertyIsUpdated" /></UnitTest><UnitTest name="PostFile_FileIsSynchronizedIsUpdatedAfterFileIsPosted" storage="d:\users\steve knipmeyer\documents\github\modelrelief\modelrelief.test\bin\debug\netcoreapp2.0\modelrelief.test.dll" id="9698bd86-4d62-45ef-ac55-7e96cd94a648"><Execution id="f3663424-f68d-40df-a186-6b9e28d276de" /><TestMethod codeBase="D:\Users\Steve Knipmeyer\Documents\GitHub\ModelRelief\ModelRelief.test\bin\Debug\netcoreapp2.0\ModelRelief.Test.dll" adapterTypeName="executor://xunit/VsTestRunner2/netcoreapp" className="ModelRelief.Test.Integration.DepthBuffers.DepthBuffersFileIntegrationTests" name="PostFile_FileIsSynchronizedIsUpdatedAfterFileIsPosted" /></UnitTest><UnitTest name="LucyDepthBufferFindsOneDependent" storage="d:\users\steve knipmeyer\documents\github\modelrelief\modelrelief.test\bin\debug\netcoreapp2.0\modelrelief.test.dll" id="7b301600-ad4f-4af0-b64c-b3523535ea61"><Execution id="84fb7631-1f4f-4e93-a992-cf8e87743e77" /><TestMethod codeBase="D:\Users\Steve Knipmeyer\Documents\GitHub\ModelRelief\ModelRelief.test\bin\Debug\netcoreapp2.0\ModelRelief.Test.dll" adapterTypeName="executor://xunit/VsTestRunner2/netcoreapp" className="ModelRelief.Test.Unit.DependencyManager.DependencyManagerTests" name="LucyDepthBufferFindsOneDependent" /></UnitTest><UnitTest name="PutFile_FileCanBeUpdated" storage="d:\users\steve knipmeyer\documents\github\modelrelief\modelrelief.test\bin\debug\netcoreapp2.0\modelrelief.test.dll" id="fea417ac-8bf8-4f7f-9b3e-896d9823e286"><Execution id="3bd72987-84ed-4fbf-a16b-7b1cc11bb77d" /><TestMethod codeBase="D:\Users\Steve Knipmeyer\Documents\GitHub\ModelRelief\ModelRelief.test\bin\Debug\netcoreapp2.0\ModelRelief.Test.dll" adapterTypeName="executor://xunit/VsTestRunner2/netcoreapp" className="ModelRelief.Test.Integration.Models.ModelsFileIntegrationTests" name="PutFile_FileCanBeUpdated" /></UnitTest><UnitTest name="FileRequest_FileCanBeReadAfterRename" storage="d:\users\steve knipmeyer\documents\github\modelrelief\modelrelief.test\bin\debug\netcoreapp2.0\modelrelief.test.dll" id="fb3952fd-6a77-4ba0-b340-5b5a22d43f7f"><Execution id="1c66ee70-e71a-4745-b8d7-b95276a7e766" /><TestMethod codeBase="D:\Users\Steve Knipmeyer\Documents\GitHub\ModelRelief\ModelRelief.test\bin\Debug\netcoreapp2.0\ModelRelief.Test.dll" adapterTypeName="executor://xunit/VsTestRunner2/netcoreapp" className="ModelRelief.Test.Integration.DepthBuffers.DepthBuffersFileIntegrationTests" name="FileRequest_FileCanBeReadAfterRename" /></UnitTest><UnitTest name="Post_InvalidReferencePropertyReturnsBadRequest" storage="d:\users\steve knipmeyer\documents\github\modelrelief\modelrelief.test\bin\debug\netcoreapp2.0\modelrelief.test.dll" id="188e04c6-398c-48d3-8d9c-33e6716cbb72"><Execution id="bf3f8d7a-28eb-4551-9e17-3abeeb439155" /><TestMethod codeBase="D:\Users\Steve Knipmeyer\Documents\GitHub\ModelRelief\ModelRelief.test\bin\Debug\netcoreapp2.0\ModelRelief.Test.dll" adapterTypeName="executor://xunit/VsTestRunner2/netcoreapp" className="ModelRelief.Test.Integration.DepthBuffers.DepthBuffersBaseIntegrationTests" name="Post_InvalidReferencePropertyReturnsBadRequest" /></UnitTest><UnitTest name="PostFile_FileTimeStampIsUpdatedAfterFileIsPosted" storage="d:\users\steve knipmeyer\documents\github\modelrelief\modelrelief.test\bin\debug\netcoreapp2.0\modelrelief.test.dll" id="fd984e2e-c028-4d50-9d29-dcf4139bcbc8"><Execution id="e59d5bb9-8422-4d31-8961-653fe63582ad" /><TestMethod codeBase="D:\Users\Steve Knipmeyer\Documents\GitHub\ModelRelief\ModelRelief.test\bin\Debug\netcoreapp2.0\ModelRelief.Test.dll" adapterTypeName="executor://xunit/VsTestRunner2/netcoreapp" className="ModelRelief.Test.Integration.DepthBuffers.DepthBuffersFileIntegrationTests" name="PostFile_FileTimeStampIsUpdatedAfterFileIsPosted" /></UnitTest><UnitTest name="GetList_ListReturnsCorrectCount" storage="d:\users\steve knipmeyer\documents\github\modelrelief\modelrelief.test\bin\debug\netcoreapp2.0\modelrelief.test.dll" id="fd77d7c5-0568-4418-a86e-6822d4b49796"><Execution id="fabb6efa-b329-4852-9c6c-07a8ba1ac2c8" /><TestMethod codeBase="D:\Users\Steve Knipmeyer\Documents\GitHub\ModelRelief\ModelRelief.test\bin\Debug\netcoreapp2.0\ModelRelief.Test.dll" adapterTypeName="executor://xunit/VsTestRunner2/netcoreapp" className="ModelRelief.Test.Integration.MeshTransforms.MeshTransformsBaseIntegrationTests" name="GetList_ListReturnsCorrectCount" /></UnitTest><UnitTest name="PutFile_NewFileCanBePut" storage="d:\users\steve knipmeyer\documents\github\modelrelief\modelrelief.test\bin\debug\netcoreapp2.0\modelrelief.test.dll" id="bdbc9277-61ea-4e1e-bf06-7776cf4b64a3"><Execution id="075b8e0e-6980-4d80-afdd-bb8256893867" /><TestMethod codeBase="D:\Users\Steve Knipmeyer\Documents\GitHub\ModelRelief\ModelRelief.test\bin\Debug\netcoreapp2.0\ModelRelief.Test.dll" adapterTypeName="executor://xunit/VsTestRunner2/netcoreapp" className="ModelRelief.Test.Integration.Meshes.MeshesFileIntegrationTests" name="PutFile_NewFileCanBePut" /></UnitTest><UnitTest name="Delete_TargetModelIsDeleted" storage="d:\users\steve knipmeyer\documents\github\modelrelief\modelrelief.test\bin\debug\netcoreapp2.0\modelrelief.test.dll" id="9d3009e0-ffd3-4ad0-b208-d06b0914cc39"><Execution id="d49154d3-e0de-414c-8dd7-fd96e6165911" /><TestMethod codeBase="D:\Users\Steve Knipmeyer\Documents\GitHub\ModelRelief\ModelRelief.test\bin\Debug\netcoreapp2.0\ModelRelief.Test.dll" adapterTypeName="executor://xunit/VsTestRunner2/netcoreapp" className="ModelRelief.Test.Integration.MeshTransforms.MeshTransformsBaseIntegrationTests" name="Delete_TargetModelIsDeleted" /></UnitTest><UnitTest name="Patch_InvalidReferencePropertyReturnsBadRequest" storage="d:\users\steve knipmeyer\documents\github\modelrelief\modelrelief.test\bin\debug\netcoreapp2.0\modelrelief.test.dll" id="286b3e6f-3c88-43e3-bdad-0f66b7b193a6"><Execution id="2654eeaa-18dd-4703-a237-1a580d4c7a9b" /><TestMethod codeBase="D:\Users\Steve Knipmeyer\Documents\GitHub\ModelRelief\ModelRelief.test\bin\Debug\netcoreapp2.0\ModelRelief.Test.dll" adapterTypeName="executor://xunit/VsTestRunner2/netcoreapp" className="ModelRelief.Test.Integration.Models.ModelsBaseIntegrationTests" name="Patch_InvalidReferencePropertyReturnsBadRequest" /></UnitTest><UnitTest name="Put_InvalidReferencePropertyReturndBadRequest" storage="d:\users\steve knipmeyer\documents\github\modelrelief\modelrelief.test\bin\debug\netcoreapp2.0\modelrelief.test.dll" id="adea2f97-0c0a-49f5-90d0-ba1eb7121a73"><Execution id="1f302771-098e-4e2b-9688-4d2ce00ebca1" /><TestMethod codeBase="D:\Users\Steve Knipmeyer\Documents\GitHub\ModelRelief\ModelRelief.test\bin\Debug\netcoreapp2.0\ModelRelief.Test.dll" adapterTypeName="executor://xunit/VsTestRunner2/netcoreapp" className="ModelRelief.Test.Integration.DepthBuffers.DepthBuffersBaseIntegrationTests" name="Put_InvalidReferencePropertyReturndBadRequest" /></UnitTest><UnitTest name="Post_InvalidPropertyValueReturnsBadRequest" storage="d:\users\steve knipmeyer\documents\github\modelrelief\modelrelief.test\bin\debug\netcoreapp2.0\modelrelief.test.dll" id="39978dcd-f771-4778-8ef0-d6daa4985e8b"><Execution id="15db9563-e236-4c8b-9224-873b01400ce0" /><TestMethod codeBase="D:\Users\Steve Knipmeyer\Documents\GitHub\ModelRelief\ModelRelief.test\bin\Debug\netcoreapp2.0\ModelRelief.Test.dll" adapterTypeName="executor://xunit/VsTestRunner2/netcoreapp" className="ModelRelief.Test.Integration.Projects.ProjectsBaseIntegrationTests" name="Post_InvalidPropertyValueReturnsBadRequest" /></UnitTest><UnitTest name="MeshTransformHasExpectedDependentFiles" storage="d:\users\steve knipmeyer\documents\github\modelrelief\modelrelief.test\bin\debug\netcoreapp2.0\modelrelief.test.dll" id="c1b09343-3b5a-40d9-b587-f519fe790950"><Execution id="96f52fa6-41fc-4a59-9cf2-4c2119f5a810" /><TestMethod codeBase="D:\Users\Steve Knipmeyer\Documents\GitHub\ModelRelief\ModelRelief.test\bin\Debug\netcoreapp2.0\ModelRelief.Test.dll" adapterTypeName="executor://xunit/VsTestRunner2/netcoreapp" className="ModelRelief.Test.Unit.DependencyManager.DependencyManagerTests" name="MeshTransformHasExpectedDependentFiles" /></UnitTest><UnitTest name="Post_ValidReferencePropertyCreatesModel" storage="d:\users\steve knipmeyer\documents\github\modelrelief\modelrelief.test\bin\debug\netcoreapp2.0\modelrelief.test.dll" id="96ec0eef-475c-438f-9f18-6180d3bf4b6a"><Execution id="ef023841-33bf-480d-aa50-bf0526e603d6" /><TestMethod codeBase="D:\Users\Steve Knipmeyer\Documents\GitHub\ModelRelief\ModelRelief.test\bin\Debug\netcoreapp2.0\ModelRelief.Test.dll" adapterTypeName="executor://xunit/VsTestRunner2/netcoreapp" className="ModelRelief.Test.Integration.DepthBuffers.DepthBuffersBaseIntegrationTests" name="Post_ValidReferencePropertyCreatesModel" /></UnitTest><UnitTest name="GetList_ListReturnsCorrectCount" storage="d:\users\steve knipmeyer\documents\github\modelrelief\modelrelief.test\bin\debug\netcoreapp2.0\modelrelief.test.dll" id="a674ee1f-416b-454e-bf84-40e15099721c"><Execution id="1d652168-9afe-42b3-9471-c50c392edcd5" /><TestMethod codeBase="D:\Users\Steve Knipmeyer\Documents\GitHub\ModelRelief\ModelRelief.test\bin\Debug\netcoreapp2.0\ModelRelief.Test.dll" adapterTypeName="executor://xunit/VsTestRunner2/netcoreapp" className="ModelRelief.Test.Integration.Models.ModelsBaseIntegrationTests" name="GetList_ListReturnsCorrectCount" /></UnitTest><UnitTest name="Patch_InvalidEnumPropertyValueReturnsBadRequest" storage="d:\users\steve knipmeyer\documents\github\modelrelief\modelrelief.test\bin\debug\netcoreapp2.0\modelrelief.test.dll" id="a138f215-4872-4580-a63d-cd00900012f7"><Execution id="9c4ee80f-228e-4c46-9d86-e0346166b7d3" /><TestMethod codeBase="D:\Users\Steve Knipmeyer\Documents\GitHub\ModelRelief\ModelRelief.test\bin\Debug\netcoreapp2.0\ModelRelief.Test.dll" adapterTypeName="executor://xunit/VsTestRunner2/netcoreapp" className="ModelRelief.Test.Integration.Cameras.CamerasBaseIntegrationTests" name="Patch_InvalidEnumPropertyValueReturnsBadRequest" /></UnitTest><UnitTest name="Patch_MultipleInvalidReferencePropertiesReturnsMultipleValidationErrorsAndBadRequest" storage="d:\users\steve knipmeyer\documents\github\modelrelief\modelrelief.test\bin\debug\netcoreapp2.0\modelrelief.test.dll" id="9710a045-2b05-4634-bf93-9342e669948c"><Execution id="24102cd7-a4bc-4dc8-a546-c845fa384bb6" /><TestMethod codeBase="D:\Users\Steve Knipmeyer\Documents\GitHub\ModelRelief\ModelRelief.test\bin\Debug\netcoreapp2.0\ModelRelief.Test.dll" adapterTypeName="executor://xunit/VsTestRunner2/netcoreapp" className="ModelRelief.Test.Integration.Meshes.MeshesBaseIntegrationTests" name="Patch_MultipleInvalidReferencePropertiesReturnsMultipleValidationErrorsAndBadRequest" /></UnitTest><UnitTest name="Put_ValidReferencePropertyUpdatesModel" storage="d:\users\steve knipmeyer\documents\github\modelrelief\modelrelief.test\bin\debug\netcoreapp2.0\modelrelief.test.dll" id="18d07ecf-eaf1-4539-b098-5899bfb37daa"><Execution id="24b5b18a-5b7b-4418-b5c5-9da2e2406ad7" /><TestMethod codeBase="D:\Users\Steve Knipmeyer\Documents\GitHub\ModelRelief\ModelRelief.test\bin\Debug\netcoreapp2.0\ModelRelief.Test.dll" adapterTypeName="executor://xunit/VsTestRunner2/netcoreapp" className="ModelRelief.Test.Integration.DepthBuffers.DepthBuffersBaseIntegrationTests" name="Put_ValidReferencePropertyUpdatesModel" /></UnitTest><UnitTest name="Patch_ValidReferencePropertyUpdatesModel" storage="d:\users\steve knipmeyer\documents\github\modelrelief\modelrelief.test\bin\debug\netcoreapp2.0\modelrelief.test.dll" id="fbdb88c1-25e9-4bf8-9008-17f128aa5459"><Execution id="1674e6ba-fef6-4f93-a4f2-dac9574ff8fa" /><TestMethod codeBase="D:\Users\Steve Knipmeyer\Documents\GitHub\ModelRelief\ModelRelief.test\bin\Debug\netcoreapp2.0\ModelRelief.Test.dll" adapterTypeName="executor://xunit/VsTestRunner2/netcoreapp" className="ModelRelief.Test.Integration.Meshes.MeshesBaseIntegrationTests" name="Patch_ValidReferencePropertyUpdatesModel" /></UnitTest><UnitTest name="Put_CanUpdateModel" storage="d:\users\steve knipmeyer\documents\github\modelrelief\modelrelief.test\bin\debug\netcoreapp2.0\modelrelief.test.dll" id="6df38fa6-6979-4496-8693-d0a0ba6499ce"><Execution id="e7de561e-8482-495a-aa1b-6551cd28b662" /><TestMethod codeBase="D:\Users\Steve Knipmeyer\Documents\GitHub\ModelRelief\ModelRelief.test\bin\Debug\netcoreapp2.0\ModelRelief.Test.dll" adapterTypeName="executor://xunit/VsTestRunner2/netcoreapp" className="ModelRelief.Test.Integration.MeshTransforms.MeshTransformsBaseIntegrationTests" name="Put_CanUpdateModel" /></UnitTest><UnitTest name="Post_InvalidPropertyValueReturnsBadRequest" storage="d:\users\steve knipmeyer\documents\github\modelrelief\modelrelief.test\bin\debug\netcoreapp2.0\modelrelief.test.dll" id="c4a44728-0b04-4d6d-818e-8b541a086371"><Execution id="9a452ba4-c5c3-405e-80ff-48c0ed6f385e" /><TestMethod codeBase="D:\Users\Steve Knipmeyer\Documents\GitHub\ModelRelief\ModelRelief.test\bin\Debug\netcoreapp2.0\ModelRelief.Test.dll" adapterTypeName="executor://xunit/VsTestRunner2/netcoreapp" className="ModelRelief.Test.Integration.Models.ModelsBaseIntegrationTests" name="Post_InvalidPropertyValueReturnsBadRequest" /></UnitTest><UnitTest name="Patch_ValidReferencePropertyUpdatesModel" storage="d:\users\steve knipmeyer\documents\github\modelrelief\modelrelief.test\bin\debug\netcoreapp2.0\modelrelief.test.dll" id="1ea0ba21-050b-458f-a157-c3ad642dfd37"><Execution id="27a09190-a161-4257-a1a5-230f14d87192" /><TestMethod codeBase="D:\Users\Steve Knipmeyer\Documents\GitHub\ModelRelief\ModelRelief.test\bin\Debug\netcoreapp2.0\ModelRelief.Test.dll" adapterTypeName="executor://xunit/VsTestRunner2/netcoreapp" className="ModelRelief.Test.Integration.Cameras.CamerasBaseIntegrationTests" name="Patch_ValidReferencePropertyUpdatesModel" /></UnitTest><UnitTest name="Put_ValidReferencePropertyUpdatesModel" storage="d:\users\steve knipmeyer\documents\github\modelrelief\modelrelief.test\bin\debug\netcoreapp2.0\modelrelief.test.dll" id="c8a93a3a-b033-4f81-b258-e101189c9cfb"><Execution id="44ddb0c5-0b44-4a8c-90c6-72c07a55a8ee" /><TestMethod codeBase="D:\Users\Steve Knipmeyer\Documents\GitHub\ModelRelief\ModelRelief.test\bin\Debug\netcoreapp2.0\ModelRelief.Test.dll" adapterTypeName="executor://xunit/VsTestRunner2/netcoreapp" className="ModelRelief.Test.Integration.Projects.ProjectsBaseIntegrationTests" name="Put_ValidReferencePropertyUpdatesModel" /></UnitTest><UnitTest name="PutFile_FileCanBeUpdated" storage="d:\users\steve knipmeyer\documents\github\modelrelief\modelrelief.test\bin\debug\netcoreapp2.0\modelrelief.test.dll" id="6ccdd857-e564-44e3-85f0-e16fe7ee5550"><Execution id="e44b53f0-f17f-4231-98f5-b346ea266f02" /><TestMethod codeBase="D:\Users\Steve Knipmeyer\Documents\GitHub\ModelRelief\ModelRelief.test\bin\Debug\netcoreapp2.0\ModelRelief.Test.dll" adapterTypeName="executor://xunit/VsTestRunner2/netcoreapp" className="ModelRelief.Test.Integration.Meshes.MeshesFileIntegrationTests" name="PutFile_FileCanBeUpdated" /></UnitTest><UnitTest name="Post_InvalidReferencePropertyReturnsBadRequest" storage="d:\users\steve knipmeyer\documents\github\modelrelief\modelrelief.test\bin\debug\netcoreapp2.0\modelrelief.test.dll" id="3408c89b-b348-4fdc-bfa2-bd809ddae727"><Execution id="5f3cd99e-1d84-4f48-b7c9-2093aed4a422" /><TestMethod codeBase="D:\Users\Steve Knipmeyer\Documents\GitHub\ModelRelief\ModelRelief.test\bin\Debug\netcoreapp2.0\ModelRelief.Test.dll" adapterTypeName="executor://xunit/VsTestRunner2/netcoreapp" className="ModelRelief.Test.Integration.Projects.ProjectsBaseIntegrationTests" name="Post_InvalidReferencePropertyReturnsBadRequest" /></UnitTest><UnitTest name="Put_InvalidReferencePropertyReturndBadRequest" storage="d:\users\steve knipmeyer\documents\github\modelrelief\modelrelief.test\bin\debug\netcoreapp2.0\modelrelief.test.dll" id="cf8d2612-3f3e-466b-994a-f2da5fff02e6"><Execution id="e748a901-fc30-492b-8614-a4f0358df9ff" /><TestMethod codeBase="D:\Users\Steve Knipmeyer\Documents\GitHub\ModelRelief\ModelRelief.test\bin\Debug\netcoreapp2.0\ModelRelief.Test.dll" adapterTypeName="executor://xunit/VsTestRunner2/netcoreapp" className="ModelRelief.Test.Integration.MeshTransforms.MeshTransformsBaseIntegrationTests" name="Put_InvalidReferencePropertyReturndBadRequest" /></UnitTest><UnitTest name="Patch_InvalidPropertyNameReturnsBadRequest" storage="d:\users\steve knipmeyer\documents\github\modelrelief\modelrelief.test\bin\debug\netcoreapp2.0\modelrelief.test.dll" id="eba8438a-7c5c-4999-932b-991ab8f16398"><Execution id="ab663888-dd80-41ba-9d71-544d1132317d" /><TestMethod codeBase="D:\Users\Steve Knipmeyer\Documents\GitHub\ModelRelief\ModelRelief.test\bin\Debug\netcoreapp2.0\ModelRelief.Test.dll" adapterTypeName="executor://xunit/VsTestRunner2/netcoreapp" className="ModelRelief.Test.Integration.Models.ModelsBaseIntegrationTests" name="Patch_InvalidPropertyNameReturnsBadRequest" /></UnitTest><UnitTest name="GetFile_NonExistentFileReturnsNotFound" storage="d:\users\steve knipmeyer\documents\github\modelrelief\modelrelief.test\bin\debug\netcoreapp2.0\modelrelief.test.dll" id="df951289-0c4d-4d4b-96ff-8490e68ac071"><Execution id="a73deef1-d7fd-4387-8e37-77805e3f842d" /><TestMethod codeBase="D:\Users\Steve Knipmeyer\Documents\GitHub\ModelRelief\ModelRelief.test\bin\Debug\netcoreapp2.0\ModelRelief.Test.dll" adapterTypeName="executor://xunit/VsTestRunner2/netcoreapp" className="ModelRelief.Test.Integration.Meshes.MeshesFileIntegrationTests" name="GetFile_NonExistentFileReturnsNotFound" /></UnitTest><UnitTest name="Patch_ValidReferencePropertyUpdatesModel" storage="d:\users\steve knipmeyer\documents\github\modelrelief\modelrelief.test\bin\debug\netcoreapp2.0\modelrelief.test.dll" id="e70136e0-893d-41bd-baa5-e727eab13fdd"><Execution id="37dcbcc3-47d0-44e0-8dc7-579df3809978" /><TestMethod codeBase="D:\Users\Steve Knipmeyer\Documents\GitHub\ModelRelief\ModelRelief.test\bin\Debug\netcoreapp2.0\ModelRelief.Test.dll" adapterTypeName="executor://xunit/VsTestRunner2/netcoreapp" className="ModelRelief.Test.Integration.Models.ModelsBaseIntegrationTests" name="Patch_ValidReferencePropertyUpdatesModel" /></UnitTest><UnitTest name="Patch_TargetPropertyIsUpdated" storage="d:\users\steve knipmeyer\documents\github\modelrelief\modelrelief.test\bin\debug\netcoreapp2.0\modelrelief.test.dll" id="88d3004f-3593-4d8e-a62b-7faf8705aa03"><Execution id="c3cf7e13-4d0d-453e-a3a1-2cd1e2ec324c" /><TestMethod codeBase="D:\Users\Steve Knipmeyer\Documents\GitHub\ModelRelief\ModelRelief.test\bin\Debug\netcoreapp2.0\ModelRelief.Test.dll" adapterTypeName="executor://xunit/VsTestRunner2/netcoreapp" className="ModelRelief.Test.Integration.Cameras.CamerasBaseIntegrationTests" name="Patch_TargetPropertyIsUpdated" /></UnitTest><UnitTest name="Post_CanCreateNewModel" storage="d:\users\steve knipmeyer\documents\github\modelrelief\modelrelief.test\bin\debug\netcoreapp2.0\modelrelief.test.dll" id="0ae0770b-f622-4607-8b0b-72c83c938dfc"><Execution id="edc3648a-e7e4-4f33-8813-588ea1a49e96" /><TestMethod codeBase="D:\Users\Steve Knipmeyer\Documents\GitHub\ModelRelief\ModelRelief.test\bin\Debug\netcoreapp2.0\ModelRelief.Test.dll" adapterTypeName="executor://xunit/VsTestRunner2/netcoreapp" className="ModelRelief.Test.Integration.MeshTransforms.MeshTransformsBaseIntegrationTests" name="Post_CanCreateNewModel" /></UnitTest><UnitTest name="Post_CanCreateNewModel" storage="d:\users\steve knipmeyer\documents\github\modelrelief\modelrelief.test\bin\debug\netcoreapp2.0\modelrelief.test.dll" id="e12d6f38-cd6a-4b9c-aae2-22238dc47d52"><Execution id="87e4a383-b313-4e0b-9126-5340f91ef3e3" /><TestMethod codeBase="D:\Users\Steve Knipmeyer\Documents\GitHub\ModelRelief\ModelRelief.test\bin\Debug\netcoreapp2.0\ModelRelief.Test.dll" adapterTypeName="executor://xunit/VsTestRunner2/netcoreapp" className="ModelRelief.Test.Integration.Cameras.CamerasBaseIntegrationTests" name="Post_CanCreateNewModel" /></UnitTest><UnitTest name="GetSingle_InvalidIdPropertyValueReturnsNotFound" storage="d:\users\steve knipmeyer\documents\github\modelrelief\modelrelief.test\bin\debug\netcoreapp2.0\modelrelief.test.dll" id="93d1272e-0676-438b-b30d-5693f1a89d44"><Execution id="a40a01af-7fc9-41eb-b2f6-9d71662d4db2" /><TestMethod codeBase="D:\Users\Steve Knipmeyer\Documents\GitHub\ModelRelief\ModelRelief.test\bin\Debug\netcoreapp2.0\ModelRelief.Test.dll" adapterTypeName="executor://xunit/VsTestRunner2/netcoreapp" className="ModelRelief.Test.Integration.DepthBuffers.DepthBuffersBaseIntegrationTests" name="GetSingle_InvalidIdPropertyValueReturnsNotFound" /></UnitTest><UnitTest name="Post_InvalidReferencePropertyReturnsBadRequest" storage="d:\users\steve knipmeyer\documents\github\modelrelief\modelrelief.test\bin\debug\netcoreapp2.0\modelrelief.test.dll" id="b03313a8-31d3-4ab6-9a41-1fdd796460bb"><Execution id="1489d059-816e-47e8-806e-e1f297420118" /><TestMethod codeBase="D:\Users\Steve Knipmeyer\Documents\GitHub\ModelRelief\ModelRelief.test\bin\Debug\netcoreapp2.0\ModelRelief.Test.dll" adapterTypeName="executor://xunit/VsTestRunner2/netcoreapp" className="ModelRelief.Test.Integration.Meshes.MeshesBaseIntegrationTests" name="Post_InvalidReferencePropertyReturnsBadRequest" /></UnitTest><UnitTest name="PostFile_NewFileCanBePosted" storage="d:\users\steve knipmeyer\documents\github\modelrelief\modelrelief.test\bin\debug\netcoreapp2.0\modelrelief.test.dll" id="51d83626-43e8-40b9-a48d-2c7816c0091e"><Execution id="cf1c51b9-c6a2-4e73-b969-bef409172097" /><TestMethod codeBase="D:\Users\Steve Knipmeyer\Documents\GitHub\ModelRelief\ModelRelief.test\bin\Debug\netcoreapp2.0\ModelRelief.Test.dll" adapterTypeName="executor://xunit/VsTestRunner2/netcoreapp" className="ModelRelief.Test.Integration.Meshes.MeshesFileIntegrationTests" name="PostFile_NewFileCanBePosted" /></UnitTest><UnitTest name="Patch_InvalidIdPropertyReturnsNotFound" storage="d:\users\steve knipmeyer\documents\github\modelrelief\modelrelief.test\bin\debug\netcoreapp2.0\modelrelief.test.dll" id="c57843e5-eee9-4691-9cdb-a3303cc4acc1"><Execution id="8c027eb5-7eef-46f8-81be-9a2eca4dcf17" /><TestMethod codeBase="D:\Users\Steve Knipmeyer\Documents\GitHub\ModelRelief\ModelRelief.test\bin\Debug\netcoreapp2.0\ModelRelief.Test.dll" adapterTypeName="executor://xunit/VsTestRunner2/netcoreapp" className="ModelRelief.Test.Integration.DepthBuffers.DepthBuffersBaseIntegrationTests" name="Patch_InvalidIdPropertyReturnsNotFound" /></UnitTest><UnitTest name="GetFile_NonExistentFileReturnsNotFound" storage="d:\users\steve knipmeyer\documents\github\modelrelief\modelrelief.test\bin\debug\netcoreapp2.0\modelrelief.test.dll" id="dd30d7ff-a3b5-4f2b-aecb-69d5885a98a9"><Execution id="0fee0892-e7ee-478b-82c4-13ae728969ab" /><TestMethod codeBase="D:\Users\Steve Knipmeyer\Documents\GitHub\ModelRelief\ModelRelief.test\bin\Debug\netcoreapp2.0\ModelRelief.Test.dll" adapterTypeName="executor://xunit/VsTestRunner2/netcoreapp" className="ModelRelief.Test.Integration.DepthBuffers.DepthBuffersFileIntegrationTests" name="GetFile_NonExistentFileReturnsNotFound" /></UnitTest><UnitTest name="Put_InvalidReferencePropertyReturndBadRequest" storage="d:\users\steve knipmeyer\documents\github\modelrelief\modelrelief.test\bin\debug\netcoreapp2.0\modelrelief.test.dll" id="b48fc6c5-7a24-4806-af85-70f62e38a1e8"><Execution id="0fb08fc6-fe49-4ace-8194-a67f5e8061bf" /><TestMethod codeBase="D:\Users\Steve Knipmeyer\Documents\GitHub\ModelRelief\ModelRelief.test\bin\Debug\netcoreapp2.0\ModelRelief.Test.dll" adapterTypeName="executor://xunit/VsTestRunner2/netcoreapp" className="ModelRelief.Test.Integration.Models.ModelsBaseIntegrationTests" name="Put_InvalidReferencePropertyReturndBadRequest" /></UnitTest><UnitTest name="Patch_InvalidPropertyNameReturnsBadRequest" storage="d:\users\steve knipmeyer\documents\github\modelrelief\modelrelief.test\bin\debug\netcoreapp2.0\modelrelief.test.dll" id="e1dc70b6-967c-44e4-9fc7-fff152b76790"><Execution id="92e7e67f-5d25-4621-b061-e5bac289cb0e" /><TestMethod codeBase="D:\Users\Steve Knipmeyer\Documents\GitHub\ModelRelief\ModelRelief.test\bin\Debug\netcoreapp2.0\ModelRelief.Test.dll" adapterTypeName="executor://xunit/VsTestRunner2/netcoreapp" className="ModelRelief.Test.Integration.Cameras.CamerasBaseIntegrationTests" name="Patch_InvalidPropertyNameReturnsBadRequest" /></UnitTest><UnitTest name="Put_InvalidIdReturnsNotFound" storage="d:\users\steve knipmeyer\documents\github\modelrelief\modelrelief.test\bin\debug\netcoreapp2.0\modelrelief.test.dll" id="9d905f86-9885-4aa4-94e7-fd75df67ed74"><Execution id="c4ca9b00-16df-4cae-9955-746137db40ff" /><TestMethod codeBase="D:\Users\Steve Knipmeyer\Documents\GitHub\ModelRelief\ModelRelief.test\bin\Debug\netcoreapp2.0\ModelRelief.Test.dll" adapterTypeName="executor://xunit/VsTestRunner2/netcoreapp" className="ModelRelief.Test.Integration.MeshTransforms.MeshTransformsBaseIntegrationTests" name="Put_InvalidIdReturnsNotFound" /></UnitTest><UnitTest name="Patch_InvalidEnumPropertyValueReturnsBadRequest" storage="d:\users\steve knipmeyer\documents\github\modelrelief\modelrelief.test\bin\debug\netcoreapp2.0\modelrelief.test.dll" id="1136f732-d6e0-43c7-8834-10db04b859e4"><Execution id="7bc96a5b-4fa4-463d-8678-8470472fc1e0" /><TestMethod codeBase="D:\Users\Steve Knipmeyer\Documents\GitHub\ModelRelief\ModelRelief.test\bin\Debug\netcoreapp2.0\ModelRelief.Test.dll" adapterTypeName="executor://xunit/VsTestRunner2/netcoreapp" className="ModelRelief.Test.Integration.Models.ModelsBaseIntegrationTests" name="Patch_InvalidEnumPropertyValueReturnsBadRequest" /></UnitTest><UnitTest name="PostFile_FileIsSynchronizedIsUpdatedAfterFileIsPosted" storage="d:\users\steve knipmeyer\documents\github\modelrelief\modelrelief.test\bin\debug\netcoreapp2.0\modelrelief.test.dll" id="fa7f7132-a5ee-4054-9627-b08fb8856f88"><Execution id="6bb5d051-74c5-4671-91b4-71515357f51e" /><TestMethod codeBase="D:\Users\Steve Knipmeyer\Documents\GitHub\ModelRelief\ModelRelief.test\bin\Debug\netcoreapp2.0\ModelRelief.Test.dll" adapterTypeName="executor://xunit/VsTestRunner2/netcoreapp" className="ModelRelief.Test.Integration.Meshes.MeshesFileIntegrationTests" name="PostFile_FileIsSynchronizedIsUpdatedAfterFileIsPosted" /></UnitTest><UnitTest name="Put_CanUpdateModel" storage="d:\users\steve knipmeyer\documents\github\modelrelief\modelrelief.test\bin\debug\netcoreapp2.0\modelrelief.test.dll" id="e4b5b7b4-a118-474f-b84c-3b39ccd8d19b"><Execution id="186a34d0-7071-45ec-883a-30b4a4d4a07d" /><TestMethod codeBase="D:\Users\Steve Knipmeyer\Documents\GitHub\ModelRelief\ModelRelief.test\bin\Debug\netcoreapp2.0\ModelRelief.Test.dll" adapterTypeName="executor://xunit/VsTestRunner2/netcoreapp" className="ModelRelief.Test.Integration.Meshes.MeshesBaseIntegrationTests" name="Put_CanUpdateModel" /></UnitTest><UnitTest name="FileRequest_FileCanBeReadAfterRename" storage="d:\users\steve knipmeyer\documents\github\modelrelief\modelrelief.test\bin\debug\netcoreapp2.0\modelrelief.test.dll" id="ba27e4eb-5197-4233-a12f-0fcfff4ce6e9"><Execution id="0cce54c0-5b54-4ed7-bd0a-84cb09b1b9de" /><TestMethod codeBase="D:\Users\Steve Knipmeyer\Documents\GitHub\ModelRelief\ModelRelief.test\bin\Debug\netcoreapp2.0\ModelRelief.Test.dll" adapterTypeName="executor://xunit/VsTestRunner2/netcoreapp" className="ModelRelief.Test.Integration.Models.ModelsFileIntegrationTests" name="FileRequest_FileCanBeReadAfterRename" /></UnitTest><UnitTest name="GetSingle_InvalidIdPropertyValueReturnsNotFound" storage="d:\users\steve knipmeyer\documents\github\modelrelief\modelrelief.test\bin\debug\netcoreapp2.0\modelrelief.test.dll" id="cbdefdc4-9e0d-4af5-a985-0318236a2769"><Execution id="f6073d50-3cd4-4325-84d0-fb5c2913d044" /><TestMethod codeBase="D:\Users\Steve Knipmeyer\Documents\GitHub\ModelRelief\ModelRelief.test\bin\Debug\netcoreapp2.0\ModelRelief.Test.dll" adapterTypeName="executor://xunit/VsTestRunner2/netcoreapp" className="ModelRelief.Test.Integration.MeshTransforms.MeshTransformsBaseIntegrationTests" name="GetSingle_InvalidIdPropertyValueReturnsNotFound" /></UnitTest><UnitTest name="Post_InvalidReferencePropertyReturnsBadRequest" storage="d:\users\steve knipmeyer\documents\github\modelrelief\modelrelief.test\bin\debug\netcoreapp2.0\modelrelief.test.dll" id="c54af138-3ddc-42ff-ac49-1bc78ef798a8"><Execution id="9153b65e-167e-486a-ab73-247bca2ee0a9" /><TestMethod codeBase="D:\Users\Steve Knipmeyer\Documents\GitHub\ModelRelief\ModelRelief.test\bin\Debug\netcoreapp2.0\ModelRelief.Test.dll" adapterTypeName="executor://xunit/VsTestRunner2/netcoreapp" className="ModelRelief.Test.Integration.Models.ModelsBaseIntegrationTests" name="Post_InvalidReferencePropertyReturnsBadRequest" /></UnitTest><UnitTest name="CameraHasExpectedDependentFiles" storage="d:\users\steve knipmeyer\documents\github\modelrelief\modelrelief.test\bin\debug\netcoreapp2.0\modelrelief.test.dll" id="9bc5ee94-a5ff-4cee-b7a2-7391004c0012"><Execution id="349dd2fd-4b5f-4f45-ae47-9a7bcacd51f7" /><TestMethod codeBase="D:\Users\Steve Knipmeyer\Documents\GitHub\ModelRelief\ModelRelief.test\bin\Debug\netcoreapp2.0\ModelRelief.Test.dll" adapterTypeName="executor://xunit/VsTestRunner2/netcoreapp" className="ModelRelief.Test.Unit.DependencyManager.DependencyManagerTests" name="CameraHasExpectedDependentFiles" /></UnitTest></TestDefinitions><TestEntries><TestEntry testId="fc9ffbaf-111d-49de-9826-32aac4a5b25b" executionId="991a7974-c729-44fb-9de8-5ebf20e0f323" testListId="8c84fa94-04c1-424b-9868-57a2d4851a1d" /><TestEntry testId="511ffcb4-83ab-4c7b-a272-5f9bfc559848" executionId="44911a81-0db3-4ac2-a7d3-4babbb0c42d9" testListId="8c84fa94-04c1-424b-9868-57a2d4851a1d" /><TestEntry testId="db504f6a-9d71-4773-a041-b7ff0bdbb2d8" executionId="d76261f4-527a-41df-875c-55627cf308e3" testListId="8c84fa94-04c1-424b-9868-57a2d4851a1d" /><TestEntry testId="98221af2-78e7-474d-95f1-e974f4f41675" executionId="aa83c189-e051-476d-be99-326825e600b7" testListId="8c84fa94-04c1-424b-9868-57a2d4851a1d" /><TestEntry testId="49b154d4-29ec-4538-947c-27ecd6eb840d" executionId="eaf72a6f-aeec-4c5a-aaad-0730b7449c9f" testListId="8c84fa94-04c1-424b-9868-57a2d4851a1d" /><TestEntry testId="065ac5d5-f9ad-4d4f-8fcb-1a2f3a035bb0" executionId="edee0a29-f144-42c5-920f-3fe16cc904d6" testListId="8c84fa94-04c1-424b-9868-57a2d4851a1d" /><TestEntry testId="71ead392-f3ab-43b9-93d2-78c28d468714" executionId="f1a0e6d4-3ff9-4a82-8411-fcb563c68178" testListId="8c84fa94-04c1-424b-9868-57a2d4851a1d" /><TestEntry testId="3ea5a2ed-fc6b-4d58-aee3-676ad32945a5" executionId="2e09293a-cca0-49fd-bb15-1ff1d229db88" testListId="8c84fa94-04c1-424b-9868-57a2d4851a1d" /><TestEntry testId="829094de-54a2-4217-903f-c0c2795156d3" executionId="7f7f1ca8-e906-4f79-be43-970535e00cce" testListId="8c84fa94-04c1-424b-9868-57a2d4851a1d" /><TestEntry testId="8ef87f3e-9cc0-49f6-81cb-40e9c4214740" executionId="48c33051-aacf-46c2-935f-7cc06d37d69e" testListId="8c84fa94-04c1-424b-9868-57a2d4851a1d" /><TestEntry testId="8a0000fe-8621-445d-87dd-d5c412e3cf57" executionId="7c2237db-4d55-42fc-bab8-bab66df707af" testListId="8c84fa94-04c1-424b-9868-57a2d4851a1d" /><TestEntry testId="70a2a51e-af7c-4e51-9587-e721dea132b4" executionId="b9b68a2e-ef2b-4319-a864-05dceee9beb4" testListId="8c84fa94-04c1-424b-9868-57a2d4851a1d" /><TestEntry testId="fa511b48-f502-4724-9494-ebd0317a4586" executionId="0004ad53-078e-4468-81aa-b0be985c07c0" testListId="8c84fa94-04c1-424b-9868-57a2d4851a1d" /><TestEntry testId="9991c501-4d69-4e37-b470-b2e61adba5ab" executionId="7d1658c0-d236-4bc4-b622-0093840aad05" testListId="8c84fa94-04c1-424b-9868-57a2d4851a1d" /><TestEntry testId="93d1272e-0676-438b-b30d-5693f1a89d44" executionId="a40a01af-7fc9-41eb-b2f6-9d71662d4db2" testListId="8c84fa94-04c1-424b-9868-57a2d4851a1d" /><TestEntry testId="7b301600-ad4f-4af0-b64c-b3523535ea61" executionId="84fb7631-1f4f-4e93-a992-cf8e87743e77" testListId="8c84fa94-04c1-424b-9868-57a2d4851a1d" /><TestEntry testId="e35c5823-ecac-4233-905a-78faf3018d16" executionId="6c888601-78d4-4f31-905b-37e529b21204" testListId="8c84fa94-04c1-424b-9868-57a2d4851a1d" /><TestEntry testId="fa7f7132-a5ee-4054-9627-b08fb8856f88" executionId="6bb5d051-74c5-4671-91b4-71515357f51e" testListId="8c84fa94-04c1-424b-9868-57a2d4851a1d" /><TestEntry testId="dd30d7ff-a3b5-4f2b-aecb-69d5885a98a9" executionId="0fee0892-e7ee-478b-82c4-13ae728969ab" testListId="8c84fa94-04c1-424b-9868-57a2d4851a1d" /><TestEntry testId="cf8d2612-3f3e-466b-994a-f2da5fff02e6" executionId="e748a901-fc30-492b-8614-a4f0358df9ff" testListId="8c84fa94-04c1-424b-9868-57a2d4851a1d" /><TestEntry testId="08d87de5-2a0f-47cb-90ec-b6505818d6e6" executionId="712603b7-cf5a-4b5d-b19f-e51a0d56d2d0" testListId="8c84fa94-04c1-424b-9868-57a2d4851a1d" /><TestEntry testId="abc4f756-5499-4757-bcb9-ca0da94af55d" executionId="6a97ccae-3a29-4117-a00e-1d211b7fec1d" testListId="8c84fa94-04c1-424b-9868-57a2d4851a1d" /><TestEntry testId="f5388fef-9906-4845-bf78-caf3362e8c72" executionId="6e40054b-dc2f-423a-8d3c-e2b3fbe8abf8" testListId="8c84fa94-04c1-424b-9868-57a2d4851a1d" /><TestEntry testId="69759b7d-bfe4-4e9f-84f6-0343339ff736" executionId="fc94aec1-20ef-44bd-b072-787d34edd5eb" testListId="8c84fa94-04c1-424b-9868-57a2d4851a1d" /><TestEntry testId="9d905f86-9885-4aa4-94e7-fd75df67ed74" executionId="c4ca9b00-16df-4cae-9955-746137db40ff" testListId="8c84fa94-04c1-424b-9868-57a2d4851a1d" /><TestEntry testId="3408c89b-b348-4fdc-bfa2-bd809ddae727" executionId="5f3cd99e-1d84-4f48-b7c9-2093aed4a422" testListId="8c84fa94-04c1-424b-9868-57a2d4851a1d" /><TestEntry testId="e62ac118-962c-4f62-86dd-9171bedf02ae" executionId="4c0b6de7-0c71-4d8f-90b1-960f473b22be" testListId="8c84fa94-04c1-424b-9868-57a2d4851a1d" /><TestEntry testId="4d37e098-c8ec-43c9-824e-3a1b536b5cf6" executionId="16fbd8dc-0a67-4713-a5f3-ffeaf79dfb85" testListId="8c84fa94-04c1-424b-9868-57a2d4851a1d" /><TestEntry testId="eba8438a-7c5c-4999-932b-991ab8f16398" executionId="ab663888-dd80-41ba-9d71-544d1132317d" testListId="8c84fa94-04c1-424b-9868-57a2d4851a1d" /><TestEntry testId="1e9d008c-573b-48eb-b0de-715bbac78eb4" executionId="c603cd91-b96b-4e4e-b2d8-19091c43740d" testListId="8c84fa94-04c1-424b-9868-57a2d4851a1d" /><TestEntry testId="bdbc9277-61ea-4e1e-bf06-7776cf4b64a3" executionId="075b8e0e-6980-4d80-afdd-bb8256893867" testListId="8c84fa94-04c1-424b-9868-57a2d4851a1d" /><TestEntry testId="fb3952fd-6a77-4ba0-b340-5b5a22d43f7f" executionId="1c66ee70-e71a-4745-b8d7-b95276a7e766" testListId="8c84fa94-04c1-424b-9868-57a2d4851a1d" /><TestEntry testId="3d2b0e05-65d8-4a28-99a0-59d7aabef5c4" executionId="e7400f1c-392e-4e68-803b-454ee1f87d08" testListId="8c84fa94-04c1-424b-9868-57a2d4851a1d" /><TestEntry testId="6d743962-b6cc-4baa-a7de-e7c3c7cff65c" executionId="80cc13e9-5b63-4288-a6d2-02e2fc262c50" testListId="8c84fa94-04c1-424b-9868-57a2d4851a1d" /><TestEntry testId="1ea0ba21-050b-458f-a157-c3ad642dfd37" executionId="27a09190-a161-4257-a1a5-230f14d87192" testListId="8c84fa94-04c1-424b-9868-57a2d4851a1d" /><TestEntry testId="bdfca253-7a3b-405f-a701-9352472893e2" executionId="624e8d11-3f7f-4ea7-8ea2-636304fe7abb" testListId="8c84fa94-04c1-424b-9868-57a2d4851a1d" /><TestEntry testId="ba27e4eb-5197-4233-a12f-0fcfff4ce6e9" executionId="0cce54c0-5b54-4ed7-bd0a-84cb09b1b9de" testListId="8c84fa94-04c1-424b-9868-57a2d4851a1d" /><TestEntry testId="b9e45547-3b7f-4d8f-8bee-4eb85dfefbf4" executionId="abe3097a-6e07-4c15-91f0-8ef378172180" testListId="8c84fa94-04c1-424b-9868-57a2d4851a1d" /><TestEntry testId="a16d8759-fb36-405e-9b2f-354710265053" executionId="e4acafdb-a31a-4a04-8dc7-6110460e33cc" testListId="8c84fa94-04c1-424b-9868-57a2d4851a1d" /><TestEntry testId="63972835-dd6b-4587-861e-22ed494c0789" executionId="51762a29-91a6-45c8-a69a-f6f158215871" testListId="8c84fa94-04c1-424b-9868-57a2d4851a1d" /><TestEntry testId="a138f215-4872-4580-a63d-cd00900012f7" executionId="9c4ee80f-228e-4c46-9d86-e0346166b7d3" testListId="8c84fa94-04c1-424b-9868-57a2d4851a1d" /><TestEntry testId="7c3cb5de-fea2-414f-8e7c-37e11e4aa9ed" executionId="314e95b8-e351-459f-8218-2c9e08874637" testListId="8c84fa94-04c1-424b-9868-57a2d4851a1d" /><TestEntry testId="ac276d21-a78f-4de6-b099-47b89586cba9" executionId="966b8384-d9b8-4a7e-879c-d99ddd370bd9" testListId="8c84fa94-04c1-424b-9868-57a2d4851a1d" /><TestEntry testId="af4c29fa-3a4a-4c68-a003-35b1b908e1d9" executionId="e2fad8de-9203-4d40-ac01-4a9e0934e7d6" testListId="8c84fa94-04c1-424b-9868-57a2d4851a1d" /><TestEntry testId="f4024d0f-5393-4ab4-a1ce-b1678a6484ed" executionId="8a4dca73-9346-46a5-8cf3-b41542033412" testListId="8c84fa94-04c1-424b-9868-57a2d4851a1d" /><TestEntry testId="cc4233b1-dd68-4d27-9fe0-a3c6e9b050ce" executionId="297aa6b5-b423-4f27-bc12-bd0399e456a3" testListId="8c84fa94-04c1-424b-9868-57a2d4851a1d" /><TestEntry testId="45bee730-a58c-478a-87fe-019b152dca8d" executionId="89d13429-d73c-4b48-8dd6-47a405337624" testListId="8c84fa94-04c1-424b-9868-57a2d4851a1d" /><TestEntry testId="19d9f642-adf7-4052-9da4-db5bb582b805" executionId="db817763-f899-48e3-8a43-c96d0dd4a7a1" testListId="8c84fa94-04c1-424b-9868-57a2d4851a1d" /><TestEntry testId="df951289-0c4d-4d4b-96ff-8490e68ac071" executionId="a73deef1-d7fd-4387-8e37-77805e3f842d" testListId="8c84fa94-04c1-424b-9868-57a2d4851a1d" /><TestEntry testId="c2f957eb-8710-4a8a-af58-937828361f4d" executionId="f878c395-ed5d-4a8b-80ba-f6ccc7f8f78c" testListId="8c84fa94-04c1-424b-9868-57a2d4851a1d" /><TestEntry testId="96ec0eef-475c-438f-9f18-6180d3bf4b6a" executionId="ef023841-33bf-480d-aa50-bf0526e603d6" testListId="8c84fa94-04c1-424b-9868-57a2d4851a1d" /><TestEntry testId="3cb8daf9-e85f-42ac-b782-a823f2ae201b" executionId="3aa0328f-5f12-45f0-a2f9-c785ad4fc9eb" testListId="8c84fa94-04c1-424b-9868-57a2d4851a1d" /><TestEntry testId="03781b7c-986a-4cfc-8c45-28039ebe9f79" executionId="10745b03-21be-46ef-be48-fdcd52dc47e5" testListId="8c84fa94-04c1-424b-9868-57a2d4851a1d" /><TestEntry testId="c4a44728-0b04-4d6d-818e-8b541a086371" executionId="9a452ba4-c5c3-405e-80ff-48c0ed6f385e" testListId="8c84fa94-04c1-424b-9868-57a2d4851a1d" /><TestEntry testId="a674ee1f-416b-454e-bf84-40e15099721c" executionId="1d652168-9afe-42b3-9471-c50c392edcd5" testListId="8c84fa94-04c1-424b-9868-57a2d4851a1d" /><TestEntry testId="51d83626-43e8-40b9-a48d-2c7816c0091e" executionId="cf1c51b9-c6a2-4e73-b969-bef409172097" testListId="8c84fa94-04c1-424b-9868-57a2d4851a1d" /><TestEntry testId="c809cd41-c0a2-4ca3-8bd3-7cf1f144600b" executionId="e84cfc3f-74a9-4228-ab2d-68e508edfdca" testListId="8c84fa94-04c1-424b-9868-57a2d4851a1d" /><TestEntry testId="607ed809-4330-489c-a991-9191f1f9051a" executionId="ca0b6c69-1121-4847-80be-55a2617a503f" testListId="8c84fa94-04c1-424b-9868-57a2d4851a1d" /><TestEntry testId="58fd0ed6-485f-4ee8-93c8-4eee93dab1e5" executionId="790d17ae-7343-4206-ae70-4c8fbd3d3516" testListId="8c84fa94-04c1-424b-9868-57a2d4851a1d" /><TestEntry testId="ed0f3de1-6b91-4ac5-9a57-30dbfc364819" executionId="1ab11e0a-c44c-4414-892c-5ccf99083a91" testListId="8c84fa94-04c1-424b-9868-57a2d4851a1d" /><TestEntry testId="fd77d7c5-0568-4418-a86e-6822d4b49796" executionId="fabb6efa-b329-4852-9c6c-07a8ba1ac2c8" testListId="8c84fa94-04c1-424b-9868-57a2d4851a1d" /><TestEntry testId="e4b5b7b4-a118-474f-b84c-3b39ccd8d19b" executionId="186a34d0-7071-45ec-883a-30b4a4d4a07d" testListId="8c84fa94-04c1-424b-9868-57a2d4851a1d" /><TestEntry testId="286b3e6f-3c88-43e3-bdad-0f66b7b193a6" executionId="2654eeaa-18dd-4703-a237-1a580d4c7a9b" testListId="8c84fa94-04c1-424b-9868-57a2d4851a1d" /><TestEntry testId="a9aef39a-8d2b-445e-8360-e147151dc11a" executionId="1f81a0fd-6707-45d7-825d-f9a414d19fca" testListId="8c84fa94-04c1-424b-9868-57a2d4851a1d" /><TestEntry testId="9d59bc2f-69c4-42fe-92bb-93ec0cd34077" executionId="3870742f-13b7-4b9c-ac93-d542ebe845ea" testListId="8c84fa94-04c1-424b-9868-57a2d4851a1d" /><TestEntry testId="531dbdb4-225a-4db7-9d7b-f1239817cc5b" executionId="d6cbfdc7-b5fd-43a0-9b66-9c5968478603" testListId="8c84fa94-04c1-424b-9868-57a2d4851a1d" /><TestEntry testId="3e668b35-fa4b-4d51-9c99-457766073e24" executionId="4a81d2ef-e6ff-4a6b-9041-e0d36c27e366" testListId="8c84fa94-04c1-424b-9868-57a2d4851a1d" /><TestEntry testId="0826dfae-4442-42dd-9aef-b845cce6fe59" executionId="58e5a0e6-9a8d-4fb5-8c66-8a8f61bc1b36" testListId="8c84fa94-04c1-424b-9868-57a2d4851a1d" /><TestEntry testId="9eb43a63-c3d9-49e0-94b2-9ea546d7de31" executionId="ad2ce172-f53d-4fb1-81f0-10f1f1212198" testListId="8c84fa94-04c1-424b-9868-57a2d4851a1d" /><TestEntry testId="6c080665-3040-435e-b888-56285dbde458" executionId="495f90bc-643a-4da3-982a-9e3e67484ecb" testListId="8c84fa94-04c1-424b-9868-57a2d4851a1d" /><TestEntry testId="e12d6f38-cd6a-4b9c-aae2-22238dc47d52" executionId="87e4a383-b313-4e0b-9126-5340f91ef3e3" testListId="8c84fa94-04c1-424b-9868-57a2d4851a1d" /><TestEntry testId="7d7e6b7e-8efb-4682-bfb8-4b0b5c2cf962" executionId="40cf94d7-7567-4f73-9364-629d9b022d58" testListId="8c84fa94-04c1-424b-9868-57a2d4851a1d" /><TestEntry testId="188e04c6-398c-48d3-8d9c-33e6716cbb72" executionId="bf3f8d7a-28eb-4551-9e17-3abeeb439155" testListId="8c84fa94-04c1-424b-9868-57a2d4851a1d" /><TestEntry testId="36ec8ebc-8d8a-4b81-a9fe-b523a11047ed" executionId="2dc261a7-44e8-44d3-a7ef-d812c87e95d5" testListId="8c84fa94-04c1-424b-9868-57a2d4851a1d" /><TestEntry testId="7849853c-48f7-4b41-a462-3788df5ec383" executionId="04b30bc4-a44e-4fd9-8b7a-2d2d7e1ebb8a" testListId="8c84fa94-04c1-424b-9868-57a2d4851a1d" /><TestEntry testId="85849fa1-2ab0-46d5-97bb-628f2ad18e63" executionId="74fcfbef-92be-4738-a261-2fb28f4d1d37" testListId="8c84fa94-04c1-424b-9868-57a2d4851a1d" /><TestEntry testId="72786935-81b9-46ae-ad74-fb1b2d0aa8ab" executionId="13dc9d15-8eb4-4a8d-a9a6-5a45a4a68ea4" testListId="8c84fa94-04c1-424b-9868-57a2d4851a1d" /><TestEntry testId="7ef9f90f-ca85-43e5-9d77-e55289fd6337" executionId="b1424a15-025b-44a2-b030-ab1b5e8fba87" testListId="8c84fa94-04c1-424b-9868-57a2d4851a1d" /><TestEntry testId="dc00342b-1db7-45a5-b72c-e48333cc3661" executionId="433afa87-3c38-49bf-81af-8461299c0471" testListId="8c84fa94-04c1-424b-9868-57a2d4851a1d" /><TestEntry testId="34518bbd-5c42-4f58-94f5-315812a6989a" executionId="56f9c3bb-4a31-456c-97bf-3d365e0a4e4b" testListId="8c84fa94-04c1-424b-9868-57a2d4851a1d" /><TestEntry testId="1136f732-d6e0-43c7-8834-10db04b859e4" executionId="7bc96a5b-4fa4-463d-8678-8470472fc1e0" testListId="8c84fa94-04c1-424b-9868-57a2d4851a1d" /><TestEntry testId="c54af138-3ddc-42ff-ac49-1bc78ef798a8" executionId="9153b65e-167e-486a-ab73-247bca2ee0a9" testListId="8c84fa94-04c1-424b-9868-57a2d4851a1d" /><TestEntry testId="6ed3fd0a-d3f1-4814-94b7-d82f2d7ee38b" executionId="172f71d2-cd57-4dd7-9ec1-bdc05e063e79" testListId="8c84fa94-04c1-424b-9868-57a2d4851a1d" /><TestEntry testId="fbdb88c1-25e9-4bf8-9008-17f128aa5459" executionId="1674e6ba-fef6-4f93-a4f2-dac9574ff8fa" testListId="8c84fa94-04c1-424b-9868-57a2d4851a1d" /><TestEntry testId="9f24377a-9dca-44b6-8eed-42762cdcaf0e" executionId="e7980944-0c3a-4358-ad4b-f3968bd5e622" testListId="8c84fa94-04c1-424b-9868-57a2d4851a1d" /><TestEntry testId="42600514-1656-47d0-acf7-f0db63ec31f7" executionId="214f3112-0a5e-48e4-99af-78b4e82dedb7" testListId="8c84fa94-04c1-424b-9868-57a2d4851a1d" /><TestEntry testId="cbdefdc4-9e0d-4af5-a985-0318236a2769" executionId="f6073d50-3cd4-4325-84d0-fb5c2913d044" testListId="8c84fa94-04c1-424b-9868-57a2d4851a1d" /><TestEntry testId="562ceaa6-1cd5-44c7-a31a-233073b6c737" executionId="0fc09700-ca84-4937-b073-34e07b73aa1f" testListId="8c84fa94-04c1-424b-9868-57a2d4851a1d" /><TestEntry testId="58d178df-a9b1-4467-b2ed-3f858b973f98" executionId="8aadc431-8115-455c-b1f4-a209c13be5e8" testListId="8c84fa94-04c1-424b-9868-57a2d4851a1d" /><TestEntry testId="3874a0c3-c4d2-4141-90a4-8f8c17879a90" executionId="cd0dce3f-8358-4a65-9cc7-0e61499b1165" testListId="8c84fa94-04c1-424b-9868-57a2d4851a1d" /><TestEntry testId="7ad288fc-035a-4aa8-9260-b089a0dad2dd" executionId="203dc816-28dc-43d4-af27-01ae6761b734" testListId="8c84fa94-04c1-424b-9868-57a2d4851a1d" /><TestEntry testId="5545b66b-2d76-4bab-a5b0-5987b71228f4" executionId="f14efa68-9b5f-445e-bcbf-5ac12df14988" testListId="8c84fa94-04c1-424b-9868-57a2d4851a1d" /><TestEntry testId="06b04e5a-a8dc-4e1a-a34d-052c457c52bf" executionId="944a5d68-dbb7-4952-8e11-fd4a40a8ff86" testListId="8c84fa94-04c1-424b-9868-57a2d4851a1d" /><TestEntry testId="d97299a5-964e-409e-9a0d-aaf13bd45eb9" executionId="ccad5beb-e152-459f-8074-7ca37f7e2e5d" testListId="8c84fa94-04c1-424b-9868-57a2d4851a1d" /><TestEntry testId="9e31c22d-57c6-47ff-9914-7d001211cebd" executionId="bde7f303-b53e-4b01-aa6d-69cb42bab9bd" testListId="8c84fa94-04c1-424b-9868-57a2d4851a1d" /><TestEntry testId="fecd280f-5cc0-4a17-ae3d-464d22f6128a" executionId="8ad748dc-1841-4cd8-a7de-8253d903cc88" testListId="8c84fa94-04c1-424b-9868-57a2d4851a1d" /><TestEntry testId="bda451e3-2b9c-4c66-b699-2de6e9b21437" executionId="4949ca29-596e-4ba4-8b88-d4c664ce887c" testListId="8c84fa94-04c1-424b-9868-57a2d4851a1d" /><TestEntry testId="c57843e5-eee9-4691-9cdb-a3303cc4acc1" executionId="8c027eb5-7eef-46f8-81be-9a2eca4dcf17" testListId="8c84fa94-04c1-424b-9868-57a2d4851a1d" /><TestEntry testId="d9958bf6-3c5e-4ab5-bac2-9947d645024f" executionId="92651a0a-26fd-4e69-8d28-062d8a5d8d8e" testListId="8c84fa94-04c1-424b-9868-57a2d4851a1d" /><TestEntry testId="9710a045-2b05-4634-bf93-9342e669948c" executionId="24102cd7-a4bc-4dc8-a546-c845fa384bb6" testListId="8c84fa94-04c1-424b-9868-57a2d4851a1d" /><TestEntry testId="c703e5f2-dbcf-4e9b-922b-d200cca3f97d" executionId="8905b3b1-4c87-4e2c-b8d2-9d6293142362" testListId="8c84fa94-04c1-424b-9868-57a2d4851a1d" /><TestEntry testId="5e662c70-857f-4a04-a129-c3b7f63c41a2" executionId="1eaeacc9-197b-4317-9136-c7b7e78b5f86" testListId="8c84fa94-04c1-424b-9868-57a2d4851a1d" /><TestEntry testId="74a441bf-c194-4b5c-b5f5-43e335e995a6" executionId="8b9f9d89-a95f-4160-88a7-613f1e08f665" testListId="8c84fa94-04c1-424b-9868-57a2d4851a1d" /><TestEntry testId="c1b09343-3b5a-40d9-b587-f519fe790950" executionId="96f52fa6-41fc-4a59-9cf2-4c2119f5a810" testListId="8c84fa94-04c1-424b-9868-57a2d4851a1d" /><TestEntry testId="0da35326-37b0-4795-b7ea-e3eed4d45cb4" executionId="2e4701b0-c18d-40c1-bf8d-a8f89eba39dc" testListId="8c84fa94-04c1-424b-9868-57a2d4851a1d" /><TestEntry testId="685e0dd5-1b4e-423e-b1fc-b9e79cef1350" executionId="c4d8e1ae-81d6-48ab-87ca-d2a57310ea16" testListId="8c84fa94-04c1-424b-9868-57a2d4851a1d" /><TestEntry testId="9698bd86-4d62-45ef-ac55-7e96cd94a648" executionId="f3663424-f68d-40df-a186-6b9e28d276de" testListId="8c84fa94-04c1-424b-9868-57a2d4851a1d" /><TestEntry testId="d997c0e3-28dd-47c3-8d03-5ab0bfebaa7e" executionId="4dadfd02-9f21-4b56-9ce7-6eef6571ad2f" testListId="8c84fa94-04c1-424b-9868-57a2d4851a1d" /><TestEntry testId="13d4786f-ceb5-4875-96cb-91bb2292e1d0" executionId="0af77c33-aa29-4f03-bf7d-34a9501beb47" testListId="8c84fa94-04c1-424b-9868-57a2d4851a1d" /><TestEntry testId="ff76c76c-1503-404c-90d4-6d1600d81a3f" executionId="d204aeaa-29ae-47ef-9f00-d04ece37d7e1" testListId="8c84fa94-04c1-424b-9868-57a2d4851a1d" /><TestEntry testId="79955b64-6e90-475c-a6d6-3c7f6bbe02a7" executionId="8d9fbb01-2482-4437-bfb2-589d001d91f7" testListId="8c84fa94-04c1-424b-9868-57a2d4851a1d" /><TestEntry testId="8bbd4dbd-fef1-4625-b03b-854510c5f8a7" executionId="3437897a-d201-4bc6-a4f8-eab88735936c" testListId="8c84fa94-04c1-424b-9868-57a2d4851a1d" /><TestEntry testId="39978dcd-f771-4778-8ef0-d6daa4985e8b" executionId="15db9563-e236-4c8b-9224-873b01400ce0" testListId="8c84fa94-04c1-424b-9868-57a2d4851a1d" /><TestEntry testId="90d3c42a-1081-4713-aacd-e58b3f3ac7fe" executionId="5c03aa57-ef22-4912-a003-68ed916fc011" testListId="8c84fa94-04c1-424b-9868-57a2d4851a1d" /><TestEntry testId="adea2f97-0c0a-49f5-90d0-ba1eb7121a73" executionId="1f302771-098e-4e2b-9688-4d2ce00ebca1" testListId="8c84fa94-04c1-424b-9868-57a2d4851a1d" /><TestEntry testId="27c00fdc-7cf8-4b84-9aab-a6a708fccd9b" executionId="19dc2f2a-93cb-4d57-9060-2060b58c2c1d" testListId="8c84fa94-04c1-424b-9868-57a2d4851a1d" /><TestEntry testId="0a27b1ea-ae77-43ee-a12a-a90a58238bf1" executionId="5e2f72e0-b20c-4a81-85e6-e0ef6d7d5c85" testListId="8c84fa94-04c1-424b-9868-57a2d4851a1d" /><TestEntry testId="0ae0770b-f622-4607-8b0b-72c83c938dfc" executionId="edc3648a-e7e4-4f33-8813-588ea1a49e96" testListId="8c84fa94-04c1-424b-9868-57a2d4851a1d" /><TestEntry testId="6df38fa6-6979-4496-8693-d0a0ba6499ce" executionId="e7de561e-8482-495a-aa1b-6551cd28b662" testListId="8c84fa94-04c1-424b-9868-57a2d4851a1d" /><TestEntry testId="c8a93a3a-b033-4f81-b258-e101189c9cfb" executionId="44ddb0c5-0b44-4a8c-90c6-72c07a55a8ee" testListId="8c84fa94-04c1-424b-9868-57a2d4851a1d" /><TestEntry testId="a4a392bc-9755-48d4-b9bd-b1ac91016f48" executionId="d36c6712-d7cf-4ae2-b9bc-7ca930dbb2c3" testListId="8c84fa94-04c1-424b-9868-57a2d4851a1d" /><TestEntry testId="47b16cb7-28ed-482d-80cb-af794d3ef71a" executionId="21965d84-4693-41e2-a090-c1e8c0e78d23" testListId="8c84fa94-04c1-424b-9868-57a2d4851a1d" /><TestEntry testId="88d3004f-3593-4d8e-a62b-7faf8705aa03" executionId="c3cf7e13-4d0d-453e-a3a1-2cd1e2ec324c" testListId="8c84fa94-04c1-424b-9868-57a2d4851a1d" /><TestEntry testId="efb9d4fd-e992-441c-bd42-f094200cb6aa" executionId="1b062596-96f4-424c-ae72-51860a59ef3f" testListId="8c84fa94-04c1-424b-9868-57a2d4851a1d" /><TestEntry testId="18d07ecf-eaf1-4539-b098-5899bfb37daa" executionId="24b5b18a-5b7b-4418-b5c5-9da2e2406ad7" testListId="8c84fa94-04c1-424b-9868-57a2d4851a1d" /><TestEntry testId="10df45ac-762e-43fc-9c2f-80b36e8fcad9" executionId="990daa14-a7d7-43e5-a8eb-5016cd6bb593" testListId="8c84fa94-04c1-424b-9868-57a2d4851a1d" /><TestEntry testId="b5a1edb4-e8ab-473e-a53e-925c14ff4580" executionId="3249a023-6368-43a3-a672-674e1d2b75d7" testListId="8c84fa94-04c1-424b-9868-57a2d4851a1d" /><TestEntry testId="fea417ac-8bf8-4f7f-9b3e-896d9823e286" executionId="3bd72987-84ed-4fbf-a16b-7b1cc11bb77d" testListId="8c84fa94-04c1-424b-9868-57a2d4851a1d" /><TestEntry testId="b48fc6c5-7a24-4806-af85-70f62e38a1e8" executionId="0fb08fc6-fe49-4ace-8194-a67f5e8061bf" testListId="8c84fa94-04c1-424b-9868-57a2d4851a1d" /><TestEntry testId="9d3009e0-ffd3-4ad0-b208-d06b0914cc39" executionId="d49154d3-e0de-414c-8dd7-fd96e6165911" testListId="8c84fa94-04c1-424b-9868-57a2d4851a1d" /><TestEntry testId="fb881d41-1150-4992-9598-5702c0e470ca" executionId="43026cf3-8fe8-49ea-a8cb-1193583a362b" testListId="8c84fa94-04c1-424b-9868-57a2d4851a1d" /><TestEntry testId="cb75772f-9637-4e1b-a4f3-60a046f6f757" executionId="589a5e98-d2de-48fd-9a98-f8927b69a0ef" testListId="8c84fa94-04c1-424b-9868-57a2d4851a1d" /><TestEntry testId="e1dc70b6-967c-44e4-9fc7-fff152b76790" executionId="92e7e67f-5d25-4621-b061-e5bac289cb0e" testListId="8c84fa94-04c1-424b-9868-57a2d4851a1d" /><TestEntry testId="abd1d496-02d8-44a6-9efa-7de8e66de500" executionId="a104b8fc-9bac-4111-97b3-2758cb456e6a" testListId="8c84fa94-04c1-424b-9868-57a2d4851a1d" /><TestEntry testId="fd984e2e-c028-4d50-9d29-dcf4139bcbc8" executionId="e59d5bb9-8422-4d31-8961-653fe63582ad" testListId="8c84fa94-04c1-424b-9868-57a2d4851a1d" /><TestEntry testId="e70136e0-893d-41bd-baa5-e727eab13fdd" executionId="37dcbcc3-47d0-44e0-8dc7-579df3809978" testListId="8c84fa94-04c1-424b-9868-57a2d4851a1d" /><TestEntry testId="5bad569b-fdef-47ad-a7f9-9fd157033576" executionId="e1e093ac-8542-43d1-aadc-cec750761f0c" testListId="8c84fa94-04c1-424b-9868-57a2d4851a1d" /><TestEntry testId="ba6a0f31-9dd3-45ed-a619-eed3bc3aaecd" executionId="a07fb49c-3ac9-4cd6-917f-db0b94a19652" testListId="8c84fa94-04c1-424b-9868-57a2d4851a1d" /><TestEntry testId="6ccdd857-e564-44e3-85f0-e16fe7ee5550" executionId="e44b53f0-f17f-4231-98f5-b346ea266f02" testListId="8c84fa94-04c1-424b-9868-57a2d4851a1d" /><TestEntry testId="4ea8efd7-4261-46a2-bd62-0c73ffe51ab4" executionId="d548adfe-acd3-4ac0-a0c5-8a79493d6a16" testListId="8c84fa94-04c1-424b-9868-57a2d4851a1d" /><TestEntry testId="c609d54e-04d0-45dc-bee4-a2192fae8387" executionId="bce99c5d-a06f-4db1-a9e2-d1f783300fee" testListId="8c84fa94-04c1-424b-9868-57a2d4851a1d" /><TestEntry testId="da066039-5b27-4a8a-b0eb-35f52d36b1e6" executionId="054ec96c-e0f5-4aef-b76e-9313c18d6f89" testListId="8c84fa94-04c1-424b-9868-57a2d4851a1d" /><TestEntry testId="ed8ace2e-b01d-4b99-baa2-50dd0af8d8bf" executionId="9b63e128-f854-43a9-a659-75293a5e9f87" testListId="8c84fa94-04c1-424b-9868-57a2d4851a1d" /><TestEntry testId="9bc5ee94-a5ff-4cee-b7a2-7391004c0012" executionId="349dd2fd-4b5f-4f45-ae47-9a7bcacd51f7" testListId="8c84fa94-04c1-424b-9868-57a2d4851a1d" /><TestEntry testId="28bd73e4-b132-4c2e-b77e-4354b9da9699" executionId="5ad4f1da-af5e-43bb-9edf-d43617807dd7" testListId="8c84fa94-04c1-424b-9868-57a2d4851a1d" /><TestEntry testId="0a8440f9-566e-46b5-b62d-1f27892584c9" executionId="22999e4f-e2f1-404a-8526-ed67b634c2d9" testListId="8c84fa94-04c1-424b-9868-57a2d4851a1d" /><TestEntry testId="9977e1f4-dd21-4b39-8926-fe9449325a99" executionId="2a679029-2607-4a27-96d2-a8165feac2d5" testListId="8c84fa94-04c1-424b-9868-57a2d4851a1d" /><TestEntry testId="c9727ddb-ec57-441d-b9e5-a7844ebf8cf6" executionId="881924c9-cb86-47f8-ad68-1db8ab8a8249" testListId="8c84fa94-04c1-424b-9868-57a2d4851a1d" /><TestEntry testId="4cd7a0df-4292-4272-bc59-17ecba6ee27b" executionId="a1d1facc-8aa2-4c09-adc6-59f84dcf09a9" testListId="8c84fa94-04c1-424b-9868-57a2d4851a1d" /><TestEntry testId="b03313a8-31d3-4ab6-9a41-1fdd796460bb" executionId="1489d059-816e-47e8-806e-e1f297420118" testListId="8c84fa94-04c1-424b-9868-57a2d4851a1d" /><TestEntry testId="b61021fd-93a9-4dd6-8e79-4b1106369862" executionId="65cddffd-a7aa-4e3e-88b1-3d17c1e260ab" testListId="8c84fa94-04c1-424b-9868-57a2d4851a1d" /></TestEntries><TestLists><TestList name="Results Not in a List" id="8c84fa94-04c1-424b-9868-57a2d4851a1d" /><TestList name="All Loaded Results" id="19431567-8539-422a-85d7-44ee4e166bda" /></TestLists><ResultSummary outcome="Completed"><Counters total="151" executed="151" passed="151" failed="0" error="0" timeout="0" aborted="0" inconclusive="0" passedButRunAborted="0" notRunnable="0" notExecuted="0" disconnected="0" warning="0" completed="0" inProgress="0" pending="0" /><Output><StdOut>[xUnit.net 00:00:01.0944594]   Discovering: ModelRelief.Test[xUnit.net 00:00:01.2166135]   Discovered:  ModelRelief.Test[xUnit.net 00:00:01.2228205]   Starting:    ModelRelief.Test[xUnit.net 00:00:37.8749621]   Finished:    ModelRelief.Test</StdOut></Output></ResultSummary></TestRun>