<?xml version="1.0" encoding="utf-8"?><TestRun id="5132e721-51de-416a-852f-a51b019de393" name="Steve Knipmeyer@VECTOR 2018-05-22 05:01:38" runUser="VECTOR\Steve Knipmeyer" xmlns="http://microsoft.com/schemas/VisualStudio/TeamTest/2010"><Times creation="2018-05-22T05:01:38.3921096-04:00" queuing="2018-05-22T05:01:38.3921196-04:00" start="2018-05-22T05:01:34.7032708-04:00" finish="2018-05-22T05:02:14.3557813-04:00" /><TestSettings name="default" id="ccf7bc52-706a-404d-8908-4b86b375f154"><Deployment runDeploymentRoot="Steve_Knipmeyer_VECTOR_2018-05-22_05_01_38" /></TestSettings><Results><UnitTestResult executionId="59e8518d-8b84-4afd-95da-0c70ea9fefa8" testId="dcf8fc52-d7c4-494f-be9d-fab77f76d66a" testName="PostFile_FileIsSynchronizedIsUpdatedAfterFileIsPosted" computerName="VECTOR" duration="00:00:00.3880000" startTime="2018-05-22T05:02:00.7156338-04:00" endTime="2018-05-22T05:02:00.7156398-04:00" testType="13cdc9d9-ddb5-4fa4-a97d-d965ccfc6d4b" outcome="Passed" testListId="8c84fa94-04c1-424b-9868-57a2d4851a1d" relativeResultsDirectory="59e8518d-8b84-4afd-95da-0c70ea9fefa8" /><UnitTestResult executionId="35eef6fb-5fa7-4a18-aa38-c7cfee44ce9e" testId="ab931a54-de48-4e6d-b75c-c51f86414c5a" testName="Put_InvalidIdReturnsNotFound" computerName="VECTOR" duration="00:00:00.5010000" startTime="2018-05-22T05:01:48.3777896-04:00" endTime="2018-05-22T05:01:48.3777959-04:00" testType="13cdc9d9-ddb5-4fa4-a97d-d965ccfc6d4b" outcome="Passed" testListId="8c84fa94-04c1-424b-9868-57a2d4851a1d" relativeResultsDirectory="35eef6fb-5fa7-4a18-aa38-c7cfee44ce9e" /><UnitTestResult executionId="affbf875-eb3e-4403-8a6b-b79d5e07b453" testId="9b61285a-17c6-4eeb-a57a-688396ddf024" testName="Put_InvalidIdReturnsNotFound" computerName="VECTOR" duration="00:00:00.0620000" startTime="2018-05-22T05:01:39.5101666-04:00" endTime="2018-05-22T05:01:39.5101737-04:00" testType="13cdc9d9-ddb5-4fa4-a97d-d965ccfc6d4b" outcome="Passed" testListId="8c84fa94-04c1-424b-9868-57a2d4851a1d" relativeResultsDirectory="affbf875-eb3e-4403-8a6b-b79d5e07b453" /><UnitTestResult executionId="0e6e6ce3-2c1e-4590-ba6c-98ac13067bd1" testId="d75eac5a-05f0-4862-acd2-f1bdc51f1619" testName="Delete_TargetModelIsDeleted" computerName="VECTOR" duration="00:00:00.5200000" startTime="2018-05-22T05:01:38.8742619-04:00" endTime="2018-05-22T05:01:38.8742684-04:00" testType="13cdc9d9-ddb5-4fa4-a97d-d965ccfc6d4b" outcome="Passed" testListId="8c84fa94-04c1-424b-9868-57a2d4851a1d" relativeResultsDirectory="0e6e6ce3-2c1e-4590-ba6c-98ac13067bd1" /><UnitTestResult executionId="792599c3-0f82-41e7-9c46-429511088080" testId="bd48ccbe-e3cc-4f14-a551-7457145de3c4" testName="Put_InvalidIdReturnsNotFound" computerName="VECTOR" duration="00:00:00.0130000" startTime="2018-05-22T05:02:06.0293930-04:00" endTime="2018-05-22T05:02:06.0293987-04:00" testType="13cdc9d9-ddb5-4fa4-a97d-d965ccfc6d4b" outcome="Passed" testListId="8c84fa94-04c1-424b-9868-57a2d4851a1d" relativeResultsDirectory="792599c3-0f82-41e7-9c46-429511088080" /><UnitTestResult executionId="8860865a-4cac-48df-929d-b82635f91af6" testId="50555eba-8cc6-4d5d-a7e8-d4278a4b1038" testName="MeshTransformHasExpectedDependentFiles" computerName="VECTOR" duration="00:00:00.0010000" startTime="2018-05-22T05:01:37.8610358-04:00" endTime="2018-05-22T05:01:37.8610372-04:00" testType="13cdc9d9-ddb5-4fa4-a97d-d965ccfc6d4b" outcome="Passed" testListId="8c84fa94-04c1-424b-9868-57a2d4851a1d" relativeResultsDirectory="8860865a-4cac-48df-929d-b82635f91af6" /><UnitTestResult executionId="9e75b4cd-ce2e-4e78-8416-5046a9f78ba5" testId="8e3fab30-660d-48ca-b84f-17e3dceac02f" testName="GetList_ListReturnsCorrectCount" computerName="VECTOR" duration="00:00:00.4450000" startTime="2018-05-22T05:01:47.8767482-04:00" endTime="2018-05-22T05:01:47.8767542-04:00" testType="13cdc9d9-ddb5-4fa4-a97d-d965ccfc6d4b" outcome="Passed" testListId="8c84fa94-04c1-424b-9868-57a2d4851a1d" relativeResultsDirectory="9e75b4cd-ce2e-4e78-8416-5046a9f78ba5" /><UnitTestResult executionId="6c88b130-1cf6-4a0a-8ba6-2a6bcae016ed" testId="848a1de7-0a2b-402a-a661-1b28748a7496" testName="Post_ValidReferencePropertyCreatesModel" computerName="VECTOR" duration="00:00:00.2550000" startTime="2018-05-22T05:02:06.5876268-04:00" endTime="2018-05-22T05:02:06.5876382-04:00" testType="13cdc9d9-ddb5-4fa4-a97d-d965ccfc6d4b" outcome="Passed" testListId="8c84fa94-04c1-424b-9868-57a2d4851a1d" relativeResultsDirectory="6c88b130-1cf6-4a0a-8ba6-2a6bcae016ed" /><UnitTestResult executionId="571a0b0d-cc40-4d3f-8d39-329af5ea9f3d" testId="0dce81bf-c2d2-450c-a54a-66df36ed13cb" testName="Patch_InvalidReferencePropertyReturnsBadRequest" computerName="VECTOR" duration="00:00:00.0370000" startTime="2018-05-22T05:01:50.8641899-04:00" endTime="2018-05-22T05:01:50.8641979-04:00" testType="13cdc9d9-ddb5-4fa4-a97d-d965ccfc6d4b" outcome="Passed" testListId="8c84fa94-04c1-424b-9868-57a2d4851a1d" relativeResultsDirectory="571a0b0d-cc40-4d3f-8d39-329af5ea9f3d" /><UnitTestResult executionId="70320fbe-9b74-427d-b649-d89415e85fac" testId="a4552b51-288d-4fbf-a6e5-30af2d22d6e0" testName="GetFile_ExistingFileReturnsSuccess" computerName="VECTOR" duration="00:00:00.0760000" startTime="2018-05-22T05:01:43.7308143-04:00" endTime="2018-05-22T05:01:43.7308214-04:00" testType="13cdc9d9-ddb5-4fa4-a97d-d965ccfc6d4b" outcome="Passed" testListId="8c84fa94-04c1-424b-9868-57a2d4851a1d" relativeResultsDirectory="70320fbe-9b74-427d-b649-d89415e85fac" /><UnitTestResult executionId="e2b44b6f-dd34-41c1-a909-905b3938d1fc" testId="8ec6da0a-345d-4adb-8931-566b8e945d55" testName="Put_InvalidReferencePropertyReturndBadRequest" computerName="VECTOR" duration="00:00:00.0030000" startTime="2018-05-22T05:01:39.8975062-04:00" endTime="2018-05-22T05:01:39.8975088-04:00" testType="13cdc9d9-ddb5-4fa4-a97d-d965ccfc6d4b" outcome="Passed" testListId="8c84fa94-04c1-424b-9868-57a2d4851a1d" relativeResultsDirectory="e2b44b6f-dd34-41c1-a909-905b3938d1fc" /><UnitTestResult executionId="ff0b8c8f-d7f7-4300-bde4-e49fbe33fada" testId="29334b04-d77b-4c87-b0c1-9723c31b150f" testName="Delete_TargetModelIsDeleted" computerName="VECTOR" duration="00:00:00.1980000" startTime="2018-05-22T05:02:12.5228920-04:00" endTime="2018-05-22T05:02:12.5228977-04:00" testType="13cdc9d9-ddb5-4fa4-a97d-d965ccfc6d4b" outcome="Passed" testListId="8c84fa94-04c1-424b-9868-57a2d4851a1d" relativeResultsDirectory="ff0b8c8f-d7f7-4300-bde4-e49fbe33fada" /><UnitTestResult executionId="52f23d88-280d-4a95-b62f-8369988c3360" testId="94d7b37e-409d-4311-8694-2960a6132546" testName="PostFile_FileTimeStampIsUpdatedAfterFileIsPosted" computerName="VECTOR" duration="00:00:01.5350000" startTime="2018-05-22T05:02:08.4990433-04:00" endTime="2018-05-22T05:02:08.4990501-04:00" testType="13cdc9d9-ddb5-4fa4-a97d-d965ccfc6d4b" outcome="Passed" testListId="8c84fa94-04c1-424b-9868-57a2d4851a1d" relativeResultsDirectory="52f23d88-280d-4a95-b62f-8369988c3360" /><UnitTestResult executionId="3296c166-30fc-4df9-b1cc-2677817f87df" testId="91b51272-bb87-4901-8814-e12b041ef40c" testName="Post_CanCreateNewModel" computerName="VECTOR" duration="00:00:00.1760000" startTime="2018-05-22T05:02:05.2680370-04:00" endTime="2018-05-22T05:02:05.2680436-04:00" testType="13cdc9d9-ddb5-4fa4-a97d-d965ccfc6d4b" outcome="Passed" testListId="8c84fa94-04c1-424b-9868-57a2d4851a1d" relativeResultsDirectory="3296c166-30fc-4df9-b1cc-2677817f87df" /><UnitTestResult executionId="49e7f245-633f-4e07-b25d-366431c95ad4" testId="c64cdf86-0e5a-4c11-befc-2d6575f9f5d8" testName="Post_CanCreateNewModel" computerName="VECTOR" duration="00:00:00.2060000" startTime="2018-05-22T05:02:12.3088728-04:00" endTime="2018-05-22T05:02:12.3088791-04:00" testType="13cdc9d9-ddb5-4fa4-a97d-d965ccfc6d4b" outcome="Passed" testListId="8c84fa94-04c1-424b-9868-57a2d4851a1d" relativeResultsDirectory="49e7f245-633f-4e07-b25d-366431c95ad4" /><UnitTestResult executionId="f3483aeb-557e-4af0-b438-7629231164b2" testId="3197b0c1-831c-4336-8dc4-24c4b5701601" testName="LucyModel3dHasTwoDependents" computerName="VECTOR" duration="00:00:00.3640000" startTime="2018-05-22T05:01:37.8535678-04:00" endTime="2018-05-22T05:01:37.8535738-04:00" testType="13cdc9d9-ddb5-4fa4-a97d-d965ccfc6d4b" outcome="Passed" testListId="8c84fa94-04c1-424b-9868-57a2d4851a1d" relativeResultsDirectory="f3483aeb-557e-4af0-b438-7629231164b2" /><UnitTestResult executionId="3787a848-6878-4346-8193-bb55fc4e2e6e" testId="1162e017-b59d-4645-8e5a-554eadd7111f" testName="Post_InvalidReferencePropertyReturnsBadRequest" computerName="VECTOR" duration="00:00:00.0080000" startTime="2018-05-22T05:01:50.9025201-04:00" endTime="2018-05-22T05:01:50.9025235-04:00" testType="13cdc9d9-ddb5-4fa4-a97d-d965ccfc6d4b" outcome="Failed" testListId="8c84fa94-04c1-424b-9868-57a2d4851a1d" relativeResultsDirectory="3787a848-6878-4346-8193-bb55fc4e2e6e"><Output><ErrorInfo><Message>Assert.True() Failure&#xD;
Expected: True&#xD;
Actual:   False</Message><StackTrace>   at ModelRelief.Test.Integration.BaseIntegrationTests`2.&lt;Post_InvalidReferencePropertyReturnsBadRequest&gt;d__7.MoveNext() in D:\Users\Steve Knipmeyer\Documents\GitHub\ModelRelief\ModelRelief.test\Integration\Base\BaseIntegrationTests.cs:line 194&#xD;
--- End of stack trace from previous location where exception was thrown ---&#xD;
   at System.Runtime.ExceptionServices.ExceptionDispatchInfo.Throw()&#xD;
   at System.Runtime.CompilerServices.TaskAwaiter.HandleNonSuccessAndDebuggerNotification(Task task)&#xD;
--- End of stack trace from previous location where exception was thrown ---&#xD;
   at System.Runtime.ExceptionServices.ExceptionDispatchInfo.Throw()&#xD;
   at System.Runtime.CompilerServices.TaskAwaiter.HandleNonSuccessAndDebuggerNotification(Task task)&#xD;
--- End of stack trace from previous location where exception was thrown ---&#xD;
   at System.Runtime.ExceptionServices.ExceptionDispatchInfo.Throw()&#xD;
   at System.Runtime.CompilerServices.TaskAwaiter.HandleNonSuccessAndDebuggerNotification(Task task)</StackTrace></ErrorInfo></Output></UnitTestResult><UnitTestResult executionId="3fea43bc-8899-46cd-9933-356d032188e4" testId="d71d4d1b-353e-4697-88c3-e2cc69408cbe" testName="GetSingle_InvalidIdPropertyValueReturnsNotFound" computerName="VECTOR" duration="00:00:00.0160000" startTime="2018-05-22T05:02:06.3310938-04:00" endTime="2018-05-22T05:02:06.3311003-04:00" testType="13cdc9d9-ddb5-4fa4-a97d-d965ccfc6d4b" outcome="Passed" testListId="8c84fa94-04c1-424b-9868-57a2d4851a1d" relativeResultsDirectory="3fea43bc-8899-46cd-9933-356d032188e4" /><UnitTestResult executionId="790ba2a7-94b3-4eee-8dfe-521fa91fa67e" testId="f46f8302-db8e-4de2-9d11-5c63362e745f" testName="Patch_InvalidReferencePropertyReturnsBadRequest" computerName="VECTOR" duration="00:00:00.0230000" startTime="2018-05-22T05:01:45.7407374-04:00" endTime="2018-05-22T05:01:45.7407439-04:00" testType="13cdc9d9-ddb5-4fa4-a97d-d965ccfc6d4b" outcome="Passed" testListId="8c84fa94-04c1-424b-9868-57a2d4851a1d" relativeResultsDirectory="790ba2a7-94b3-4eee-8dfe-521fa91fa67e" /><UnitTestResult executionId="95bd5b9a-7009-4f4a-95a5-de0c22856e38" testId="4e23dc11-7e16-4258-9268-7856155145a1" testName="GetSingle_ValidIdPropertyValueReturnsCorrectModel" computerName="VECTOR" duration="00:00:00.0150000" startTime="2018-05-22T05:01:47.4136119-04:00" endTime="2018-05-22T05:01:47.4136207-04:00" testType="13cdc9d9-ddb5-4fa4-a97d-d965ccfc6d4b" outcome="Passed" testListId="8c84fa94-04c1-424b-9868-57a2d4851a1d" relativeResultsDirectory="95bd5b9a-7009-4f4a-95a5-de0c22856e38" /><UnitTestResult executionId="6507f5f1-e224-4cc2-b19c-2965cec025ee" testId="290670fc-8d84-4f7f-bd26-17aad16b580c" testName="Patch_InvalidPropertyNameReturnsBadRequest" computerName="VECTOR" duration="00:00:00.0060000" startTime="2018-05-22T05:02:13.1825393-04:00" endTime="2018-05-22T05:02:13.1825436-04:00" testType="13cdc9d9-ddb5-4fa4-a97d-d965ccfc6d4b" outcome="Passed" testListId="8c84fa94-04c1-424b-9868-57a2d4851a1d" relativeResultsDirectory="6507f5f1-e224-4cc2-b19c-2965cec025ee" /><UnitTestResult executionId="66dd382e-8caa-43ad-a507-a3c5ab0ea228" testId="da167e79-dcf6-4baf-8619-25a829ff9599" testName="GetSingle_InvalidIdPropertyValueReturnsNotFound" computerName="VECTOR" duration="00:00:00.0080000" startTime="2018-05-22T05:01:50.8889599-04:00" endTime="2018-05-22T05:01:50.8889636-04:00" testType="13cdc9d9-ddb5-4fa4-a97d-d965ccfc6d4b" outcome="Passed" testListId="8c84fa94-04c1-424b-9868-57a2d4851a1d" relativeResultsDirectory="66dd382e-8caa-43ad-a507-a3c5ab0ea228" /><UnitTestResult executionId="8be631b9-626d-4a36-be60-b1ea197e83aa" testId="4998f186-59cf-4adb-922c-7afa594620c4" testName="Post_InvalidPropertyValueReturnsBadRequest" computerName="VECTOR" duration="00:00:00.0020000" startTime="2018-05-22T05:01:51.3612924-04:00" endTime="2018-05-22T05:01:51.3612949-04:00" testType="13cdc9d9-ddb5-4fa4-a97d-d965ccfc6d4b" outcome="Passed" testListId="8c84fa94-04c1-424b-9868-57a2d4851a1d" relativeResultsDirectory="8be631b9-626d-4a36-be60-b1ea197e83aa" /><UnitTestResult executionId="c1093698-c158-4bdf-ad81-d3059e479d06" testId="63e0a337-b09d-4e58-865c-83c25db95835" testName="Post_InvalidPropertyValueReturnsBadRequest" computerName="VECTOR" duration="00:00:00.0020000" startTime="2018-05-22T05:02:06.0321401-04:00" endTime="2018-05-22T05:02:06.0321429-04:00" testType="13cdc9d9-ddb5-4fa4-a97d-d965ccfc6d4b" outcome="Passed" testListId="8c84fa94-04c1-424b-9868-57a2d4851a1d" relativeResultsDirectory="c1093698-c158-4bdf-ad81-d3059e479d06" /><UnitTestResult executionId="709233e3-35ec-4a35-8b13-1907fe842801" testId="ce405141-a214-4002-8cc2-75f97b9122ab" testName="PutFile_NewFileCanBePut" computerName="VECTOR" duration="00:00:00.3560000" startTime="2018-05-22T05:01:43.0544184-04:00" endTime="2018-05-22T05:01:43.0544249-04:00" testType="13cdc9d9-ddb5-4fa4-a97d-d965ccfc6d4b" outcome="Passed" testListId="8c84fa94-04c1-424b-9868-57a2d4851a1d" relativeResultsDirectory="709233e3-35ec-4a35-8b13-1907fe842801" /><UnitTestResult executionId="4deeca4e-ee2e-4881-a9fc-2b591b2b7b2f" testId="24ce3c4b-1301-40fc-9cdc-bab362150521" testName="Put_CanUpdateModel" computerName="VECTOR" duration="00:00:00.2640000" startTime="2018-05-22T05:01:39.7968508-04:00" endTime="2018-05-22T05:01:39.7968573-04:00" testType="13cdc9d9-ddb5-4fa4-a97d-d965ccfc6d4b" outcome="Passed" testListId="8c84fa94-04c1-424b-9868-57a2d4851a1d" relativeResultsDirectory="4deeca4e-ee2e-4881-a9fc-2b591b2b7b2f" /><UnitTestResult executionId="f7be461c-3d65-4b0e-9c50-fcf0f59f6012" testId="6b2c0638-af7c-4f5f-af0b-c80e68749f4a" testName="FileRequest_FileCanBeReadAfterRename" computerName="VECTOR" duration="00:00:00.5280000" startTime="2018-05-22T05:02:01.2444334-04:00" endTime="2018-05-22T05:02:01.2444416-04:00" testType="13cdc9d9-ddb5-4fa4-a97d-d965ccfc6d4b" outcome="Passed" testListId="8c84fa94-04c1-424b-9868-57a2d4851a1d" relativeResultsDirectory="f7be461c-3d65-4b0e-9c50-fcf0f59f6012" /><UnitTestResult executionId="c374b7b4-3f11-4780-8953-a545a361d422" testId="247c07c3-ce99-4943-95f4-cbac39ada1f9" testName="Put_InvalidReferencePropertyReturndBadRequest" computerName="VECTOR" duration="00:00:00.0520000" startTime="2018-05-22T05:02:12.9534369-04:00" endTime="2018-05-22T05:02:12.9534452-04:00" testType="13cdc9d9-ddb5-4fa4-a97d-d965ccfc6d4b" outcome="Passed" testListId="8c84fa94-04c1-424b-9868-57a2d4851a1d" relativeResultsDirectory="c374b7b4-3f11-4780-8953-a545a361d422" /><UnitTestResult executionId="e895d2b8-ded1-40a8-9942-87e440b1c59f" testId="4b1b3f9f-395d-448e-9caa-8b902ab4b2a1" testName="FileRequest_MeshGenerateSetsFileIsSynchronized" computerName="VECTOR" duration="00:00:03.2320000" startTime="2018-05-22T05:02:00.3269120-04:00" endTime="2018-05-22T05:02:00.3269186-04:00" testType="13cdc9d9-ddb5-4fa4-a97d-d965ccfc6d4b" outcome="Passed" testListId="8c84fa94-04c1-424b-9868-57a2d4851a1d" relativeResultsDirectory="e895d2b8-ded1-40a8-9942-87e440b1c59f" /><UnitTestResult executionId="5a81b905-d24a-4f1c-9222-bdc136b9565e" testId="4df999ea-36fa-4a85-99af-d608812da1c9" testName="Patch_MultipleInvalidReferencePropertiesReturnsMultipleValidationErrorsAndBadRequest" computerName="VECTOR" duration="00:00:00.0420000" startTime="2018-05-22T05:02:13.1693161-04:00" endTime="2018-05-22T05:02:13.1693224-04:00" testType="13cdc9d9-ddb5-4fa4-a97d-d965ccfc6d4b" outcome="Passed" testListId="8c84fa94-04c1-424b-9868-57a2d4851a1d" relativeResultsDirectory="5a81b905-d24a-4f1c-9222-bdc136b9565e" /><UnitTestResult executionId="82ded25f-7186-4794-b583-e26ed180d947" testId="d414bd5d-dcc8-49e7-aa6d-ad1a054ec210" testName="GetFile_NonExistentFileReturnsNotFound" computerName="VECTOR" duration="00:00:00.0280000" startTime="2018-05-22T05:01:45.0523815-04:00" endTime="2018-05-22T05:01:45.0523892-04:00" testType="13cdc9d9-ddb5-4fa4-a97d-d965ccfc6d4b" outcome="Passed" testListId="8c84fa94-04c1-424b-9868-57a2d4851a1d" relativeResultsDirectory="82ded25f-7186-4794-b583-e26ed180d947" /><UnitTestResult executionId="de1d9dc5-e871-46a8-8d4c-4777405087ee" testId="fcd66454-2a15-4342-85e9-644e6cac9d1b" testName="GetList_ListReturnsCorrectCount" computerName="VECTOR" duration="00:00:00.0560000" startTime="2018-05-22T05:01:42.1685188-04:00" endTime="2018-05-22T05:01:42.1685239-04:00" testType="13cdc9d9-ddb5-4fa4-a97d-d965ccfc6d4b" outcome="Passed" testListId="8c84fa94-04c1-424b-9868-57a2d4851a1d" relativeResultsDirectory="de1d9dc5-e871-46a8-8d4c-4777405087ee" /><UnitTestResult executionId="54dbbd5a-fbe2-483d-b3e6-8547d89cc141" testId="af0a2e80-182b-47bb-8e78-445cbe52d275" testName="Patch_InvalidReferencePropertyReturnsBadRequest" computerName="VECTOR" duration="00:00:00.0250000" startTime="2018-05-22T05:02:05.9822278-04:00" endTime="2018-05-22T05:02:05.9822335-04:00" testType="13cdc9d9-ddb5-4fa4-a97d-d965ccfc6d4b" outcome="Passed" testListId="8c84fa94-04c1-424b-9868-57a2d4851a1d" relativeResultsDirectory="54dbbd5a-fbe2-483d-b3e6-8547d89cc141" /><UnitTestResult executionId="5d387a56-8704-4dfa-9f5c-2f385b7827ca" testId="3dde85b5-e441-4c85-baac-852c0c5dd282" testName="Post_InvalidReferencePropertyReturnsBadRequest" computerName="VECTOR" duration="00:00:00.0110000" startTime="2018-05-22T05:01:47.4316798-04:00" endTime="2018-05-22T05:01:47.4316846-04:00" testType="13cdc9d9-ddb5-4fa4-a97d-d965ccfc6d4b" outcome="Failed" testListId="8c84fa94-04c1-424b-9868-57a2d4851a1d" relativeResultsDirectory="5d387a56-8704-4dfa-9f5c-2f385b7827ca"><Output><ErrorInfo><Message>Assert.True() Failure&#xD;
Expected: True&#xD;
Actual:   False</Message><StackTrace>   at ModelRelief.Test.Integration.BaseIntegrationTests`2.&lt;Post_InvalidReferencePropertyReturnsBadRequest&gt;d__7.MoveNext() in D:\Users\Steve Knipmeyer\Documents\GitHub\ModelRelief\ModelRelief.test\Integration\Base\BaseIntegrationTests.cs:line 194&#xD;
--- End of stack trace from previous location where exception was thrown ---&#xD;
   at System.Runtime.ExceptionServices.ExceptionDispatchInfo.Throw()&#xD;
   at System.Runtime.CompilerServices.TaskAwaiter.HandleNonSuccessAndDebuggerNotification(Task task)&#xD;
--- End of stack trace from previous location where exception was thrown ---&#xD;
   at System.Runtime.ExceptionServices.ExceptionDispatchInfo.Throw()&#xD;
   at System.Runtime.CompilerServices.TaskAwaiter.HandleNonSuccessAndDebuggerNotification(Task task)&#xD;
--- End of stack trace from previous location where exception was thrown ---&#xD;
   at System.Runtime.ExceptionServices.ExceptionDispatchInfo.Throw()&#xD;
   at System.Runtime.CompilerServices.TaskAwaiter.HandleNonSuccessAndDebuggerNotification(Task task)</StackTrace></ErrorInfo></Output></UnitTestResult><UnitTestResult executionId="d9863117-be2d-4be4-8488-4ccdd9293aed" testId="947d8dfe-a327-4b85-a80d-9555b7b4f3e9" testName="Post_InvalidPropertyValueReturnsBadRequest" computerName="VECTOR" duration="00:00:00.0090000" startTime="2018-05-22T05:01:39.9222777-04:00" endTime="2018-05-22T05:01:39.9222831-04:00" testType="13cdc9d9-ddb5-4fa4-a97d-d965ccfc6d4b" outcome="Passed" testListId="8c84fa94-04c1-424b-9868-57a2d4851a1d" relativeResultsDirectory="d9863117-be2d-4be4-8488-4ccdd9293aed" /><UnitTestResult executionId="4bac679a-4a5f-4bdd-8807-102e500a27fb" testId="553cd2b5-429c-4bc1-ba72-3018d33cbbad" testName="Patch_InvalidIdPropertyReturnsNotFound" computerName="VECTOR" duration="00:00:00.0060000" startTime="2018-05-22T05:02:05.0919304-04:00" endTime="2018-05-22T05:02:05.0919358-04:00" testType="13cdc9d9-ddb5-4fa4-a97d-d965ccfc6d4b" outcome="Passed" testListId="8c84fa94-04c1-424b-9868-57a2d4851a1d" relativeResultsDirectory="4bac679a-4a5f-4bdd-8807-102e500a27fb" /><UnitTestResult executionId="a92e85a0-b7c8-4c2c-a3c8-e8cd759476b5" testId="5e6169b6-2328-4cfc-8885-75263dcdd8ca" testName="Patch_ValidReferencePropertyUpdatesModel" computerName="VECTOR" duration="00:00:00.7700000" startTime="2018-05-22T05:01:49.1484277-04:00" endTime="2018-05-22T05:01:49.1484399-04:00" testType="13cdc9d9-ddb5-4fa4-a97d-d965ccfc6d4b" outcome="Passed" testListId="8c84fa94-04c1-424b-9868-57a2d4851a1d" relativeResultsDirectory="a92e85a0-b7c8-4c2c-a3c8-e8cd759476b5" /><UnitTestResult executionId="20bb5fd6-0c48-42f4-8a25-79ab7ad9edcb" testId="af920128-2043-4a3a-9dab-eeba367f5261" testName="Patch_InvalidPropertyNameReturnsBadRequest" computerName="VECTOR" duration="00:00:00.0070000" startTime="2018-05-22T05:01:50.8718973-04:00" endTime="2018-05-22T05:01:50.8719015-04:00" testType="13cdc9d9-ddb5-4fa4-a97d-d965ccfc6d4b" outcome="Passed" testListId="8c84fa94-04c1-424b-9868-57a2d4851a1d" relativeResultsDirectory="20bb5fd6-0c48-42f4-8a25-79ab7ad9edcb" /><UnitTestResult executionId="b35799a8-8b4e-4c9f-b583-2830e8af487d" testId="6984b312-2486-4edd-8d9b-6aa36b3f1806" testName="Patch_InvalidEnumPropertyValueReturnsBadRequest" computerName="VECTOR" duration="00:00:00.0010000" startTime="2018-05-22T05:01:46.3794387-04:00" endTime="2018-05-22T05:01:46.3794399-04:00" testType="13cdc9d9-ddb5-4fa4-a97d-d965ccfc6d4b" outcome="Passed" testListId="8c84fa94-04c1-424b-9868-57a2d4851a1d" relativeResultsDirectory="b35799a8-8b4e-4c9f-b583-2830e8af487d" /><UnitTestResult executionId="9e70be20-1efd-4ab2-80f3-59975576428a" testId="a15adcf1-bb1d-41ef-8784-cd6598719be6" testName="Put_InvalidReferencePropertyReturndBadRequest" computerName="VECTOR" duration="00:00:00.0190000" startTime="2018-05-22T05:01:46.3735175-04:00" endTime="2018-05-22T05:01:46.3735232-04:00" testType="13cdc9d9-ddb5-4fa4-a97d-d965ccfc6d4b" outcome="Passed" testListId="8c84fa94-04c1-424b-9868-57a2d4851a1d" relativeResultsDirectory="9e70be20-1efd-4ab2-80f3-59975576428a" /><UnitTestResult executionId="d523a9aa-1dfd-4157-9e6d-c6da2099ac37" testId="919e605e-0fb0-4ed4-aeb8-d6df8dd5ebb0" testName="PostFile_NewFileCanBePosted" computerName="VECTOR" duration="00:00:00.3660000" startTime="2018-05-22T05:01:57.0941097-04:00" endTime="2018-05-22T05:01:57.0941162-04:00" testType="13cdc9d9-ddb5-4fa4-a97d-d965ccfc6d4b" outcome="Passed" testListId="8c84fa94-04c1-424b-9868-57a2d4851a1d" relativeResultsDirectory="d523a9aa-1dfd-4157-9e6d-c6da2099ac37" /><UnitTestResult executionId="dff27af7-ab1e-4f58-9033-93218457218a" testId="a06a4215-124c-4b8f-a1d2-e2bac38ebad5" testName="Patch_InvalidEnumPropertyValueReturnsBadRequest" computerName="VECTOR" duration="00:00:00.0020000" startTime="2018-05-22T05:01:39.5245903-04:00" endTime="2018-05-22T05:01:39.5245928-04:00" testType="13cdc9d9-ddb5-4fa4-a97d-d965ccfc6d4b" outcome="Passed" testListId="8c84fa94-04c1-424b-9868-57a2d4851a1d" relativeResultsDirectory="dff27af7-ab1e-4f58-9033-93218457218a" /><UnitTestResult executionId="dc84b1f4-ad73-407d-9745-be655498e654" testId="51c61329-2788-4c75-8d17-949774af5984" testName="Post_ValidReferencePropertyCreatesModel" computerName="VECTOR" duration="00:00:00.1770000" startTime="2018-05-22T05:01:42.0797502-04:00" endTime="2018-05-22T05:01:42.0797565-04:00" testType="13cdc9d9-ddb5-4fa4-a97d-d965ccfc6d4b" outcome="Passed" testListId="8c84fa94-04c1-424b-9868-57a2d4851a1d" relativeResultsDirectory="dc84b1f4-ad73-407d-9745-be655498e654" /><UnitTestResult executionId="ca49125b-14e6-4546-937e-e58c7911c6c2" testId="9da6fc9b-20ec-444c-8bd6-98bcf4a7e2ee" testName="Post_CanCreateNewModel" computerName="VECTOR" duration="00:00:00.2050000" startTime="2018-05-22T05:01:39.4475058-04:00" endTime="2018-05-22T05:01:39.4475144-04:00" testType="13cdc9d9-ddb5-4fa4-a97d-d965ccfc6d4b" outcome="Passed" testListId="8c84fa94-04c1-424b-9868-57a2d4851a1d" relativeResultsDirectory="ca49125b-14e6-4546-937e-e58c7911c6c2" /><UnitTestResult executionId="cc8df000-19e6-41c7-8a43-d8432fe12114" testId="8a78b9dd-6439-4132-b97f-5ba97d618275" testName="GetSingle_ValidIdPropertyValueReturnsCorrectModel" computerName="VECTOR" duration="00:00:00.0060000" startTime="2018-05-22T05:01:41.1015205-04:00" endTime="2018-05-22T05:01:41.1015239-04:00" testType="13cdc9d9-ddb5-4fa4-a97d-d965ccfc6d4b" outcome="Passed" testListId="8c84fa94-04c1-424b-9868-57a2d4851a1d" relativeResultsDirectory="cc8df000-19e6-41c7-8a43-d8432fe12114" /><UnitTestResult executionId="7bd36d37-cd58-4f58-9c57-a17c918232af" testId="a649364d-c0ed-4602-8ce9-b918449de3e2" testName="Patch_InvalidIdPropertyReturnsNotFound" computerName="VECTOR" duration="00:00:00.0050000" startTime="2018-05-22T05:01:46.3792414-04:00" endTime="2018-05-22T05:01:46.3792440-04:00" testType="13cdc9d9-ddb5-4fa4-a97d-d965ccfc6d4b" outcome="Passed" testListId="8c84fa94-04c1-424b-9868-57a2d4851a1d" relativeResultsDirectory="7bd36d37-cd58-4f58-9c57-a17c918232af" /><UnitTestResult executionId="09359ddf-835b-4d39-894d-3fe7278de635" testId="0fa97d9a-a4e8-47e1-80c9-1baf1f8d7aad" testName="Post_InvalidPropertyValueReturnsBadRequest" computerName="VECTOR" duration="00:00:00.0020000" startTime="2018-05-22T05:01:41.0956382-04:00" endTime="2018-05-22T05:01:41.0956425-04:00" testType="13cdc9d9-ddb5-4fa4-a97d-d965ccfc6d4b" outcome="Passed" testListId="8c84fa94-04c1-424b-9868-57a2d4851a1d" relativeResultsDirectory="09359ddf-835b-4d39-894d-3fe7278de635" /><UnitTestResult executionId="05fcb7db-6dcc-441f-9504-492d22df40c1" testId="bf9ade31-4d95-4647-b1d4-88dddee48ef0" testName="FileRequest_MeshGenerateScalesDepthBufferByLambdaLinearScaling" computerName="VECTOR" duration="00:00:03.4150000" startTime="2018-05-22T05:02:04.6596190-04:00" endTime="2018-05-22T05:02:04.6596252-04:00" testType="13cdc9d9-ddb5-4fa4-a97d-d965ccfc6d4b" outcome="Passed" testListId="8c84fa94-04c1-424b-9868-57a2d4851a1d" relativeResultsDirectory="05fcb7db-6dcc-441f-9504-492d22df40c1" /><UnitTestResult executionId="13b8d05a-ba1e-4c14-a27e-0e2c8ed2b73a" testId="ad05e454-8f8f-4b41-a8c7-590b65a9148c" testName="Patch_ValidReferencePropertyUpdatesModel" computerName="VECTOR" duration="00:00:00.0060000" startTime="2018-05-22T05:01:37.8748120-04:00" endTime="2018-05-22T05:01:37.8748148-04:00" testType="13cdc9d9-ddb5-4fa4-a97d-d965ccfc6d4b" outcome="Passed" testListId="8c84fa94-04c1-424b-9868-57a2d4851a1d" relativeResultsDirectory="13b8d05a-ba1e-4c14-a27e-0e2c8ed2b73a" /><UnitTestResult executionId="21662515-b963-472f-af5c-79b24960a39a" testId="b6a52b5b-bba2-4e55-92ee-3a0c431947e0" testName="PostFile_FileIsSynchronizedIsUpdatedAfterFileIsPosted" computerName="VECTOR" duration="00:00:00.3400000" startTime="2018-05-22T05:02:11.3341744-04:00" endTime="2018-05-22T05:02:11.3341881-04:00" testType="13cdc9d9-ddb5-4fa4-a97d-d965ccfc6d4b" outcome="Passed" testListId="8c84fa94-04c1-424b-9868-57a2d4851a1d" relativeResultsDirectory="21662515-b963-472f-af5c-79b24960a39a" /><UnitTestResult executionId="45c477d4-5835-49be-b53c-ea0434ebb282" testId="f7aeef64-2e19-4bf8-9002-51024a6a19c6" testName="GetSingle_InvalidIdPropertyValueReturnsNotFound" computerName="VECTOR" duration="00:00:00.0170000" startTime="2018-05-22T05:01:41.0304383-04:00" endTime="2018-05-22T05:01:41.0304440-04:00" testType="13cdc9d9-ddb5-4fa4-a97d-d965ccfc6d4b" outcome="Passed" testListId="8c84fa94-04c1-424b-9868-57a2d4851a1d" relativeResultsDirectory="45c477d4-5835-49be-b53c-ea0434ebb282" /><UnitTestResult executionId="1066a9bd-87c7-471f-b858-57fc445c8577" testId="f3e0bafa-486e-47bb-8ea1-d89a9af7dee8" testName="PostFile_NewFileCanBePosted" computerName="VECTOR" duration="00:00:00.3580000" startTime="2018-05-22T05:02:11.6930234-04:00" endTime="2018-05-22T05:02:11.6930356-04:00" testType="13cdc9d9-ddb5-4fa4-a97d-d965ccfc6d4b" outcome="Passed" testListId="8c84fa94-04c1-424b-9868-57a2d4851a1d" relativeResultsDirectory="1066a9bd-87c7-471f-b858-57fc445c8577" /><UnitTestResult executionId="0f859860-26ef-489a-8ba6-52614559f5aa" testId="0741629e-a95c-4482-b3f7-50ce893e7137" testName="Patch_TargetPropertyIsUpdated" computerName="VECTOR" duration="00:00:00.3610000" startTime="2018-05-22T05:01:39.2358567-04:00" endTime="2018-05-22T05:01:39.2358638-04:00" testType="13cdc9d9-ddb5-4fa4-a97d-d965ccfc6d4b" outcome="Passed" testListId="8c84fa94-04c1-424b-9868-57a2d4851a1d" relativeResultsDirectory="0f859860-26ef-489a-8ba6-52614559f5aa" /><UnitTestResult executionId="1693bf82-3bd0-40cc-a203-b4254dfa71c2" testId="d15cd6b5-6682-4ea0-9098-4743af0a0e2b" testName="GetSingle_InvalidIdPropertyValueReturnsNotFound" computerName="VECTOR" duration="00:00:00.0070000" startTime="2018-05-22T05:01:39.5320921-04:00" endTime="2018-05-22T05:01:39.5320944-04:00" testType="13cdc9d9-ddb5-4fa4-a97d-d965ccfc6d4b" outcome="Passed" testListId="8c84fa94-04c1-424b-9868-57a2d4851a1d" relativeResultsDirectory="1693bf82-3bd0-40cc-a203-b4254dfa71c2" /><UnitTestResult executionId="29bc3ed8-db4d-4063-ad0f-45d792791b5f" testId="165ee431-f9b1-4e22-89da-f5db3627c5f4" testName="Patch_MultipleInvalidReferencePropertiesReturnsMultipleValidationErrorsAndBadRequest" computerName="VECTOR" duration="00:00:00.0320000" startTime="2018-05-22T05:01:42.1124851-04:00" endTime="2018-05-22T05:01:42.1124908-04:00" testType="13cdc9d9-ddb5-4fa4-a97d-d965ccfc6d4b" outcome="Passed" testListId="8c84fa94-04c1-424b-9868-57a2d4851a1d" relativeResultsDirectory="29bc3ed8-db4d-4063-ad0f-45d792791b5f" /><UnitTestResult executionId="923975eb-89d0-4af8-9e7d-b32dfbc78f81" testId="7dcd9d18-b96d-4512-9257-7870a1bfc088" testName="PostFile_FileTimeStampIsUpdatedAfterFileIsPosted" computerName="VECTOR" duration="00:00:01.4710000" startTime="2018-05-22T05:01:56.7276045-04:00" endTime="2018-05-22T05:01:56.7276108-04:00" testType="13cdc9d9-ddb5-4fa4-a97d-d965ccfc6d4b" outcome="Passed" testListId="8c84fa94-04c1-424b-9868-57a2d4851a1d" relativeResultsDirectory="923975eb-89d0-4af8-9e7d-b32dfbc78f81" /><UnitTestResult executionId="12e572da-ec80-487c-854f-835667e64ebc" testId="b23e16aa-75df-4ddc-b1a4-f536db0483f0" testName="GetSingle_ValidIdPropertyValueReturnsCorrectModel" computerName="VECTOR" duration="00:00:00.0160000" startTime="2018-05-22T05:01:51.3273694-04:00" endTime="2018-05-22T05:01:51.3273751-04:00" testType="13cdc9d9-ddb5-4fa4-a97d-d965ccfc6d4b" outcome="Passed" testListId="8c84fa94-04c1-424b-9868-57a2d4851a1d" relativeResultsDirectory="12e572da-ec80-487c-854f-835667e64ebc" /><UnitTestResult executionId="2c917537-c6b3-422d-a43d-bd333db4404e" testId="745e87c5-5f5d-4502-8c33-417964e72a18" testName="Put_InvalidIdReturnsNotFound" computerName="VECTOR" duration="00:00:00.0570000" startTime="2018-05-22T05:01:41.0876060-04:00" endTime="2018-05-22T05:01:41.0876122-04:00" testType="13cdc9d9-ddb5-4fa4-a97d-d965ccfc6d4b" outcome="Passed" testListId="8c84fa94-04c1-424b-9868-57a2d4851a1d" relativeResultsDirectory="2c917537-c6b3-422d-a43d-bd333db4404e" /><UnitTestResult executionId="10ffff78-f0a0-4fa6-9cae-a35f588666c8" testId="1bff9573-a13d-4ac5-829d-96b670f75bf6" testName="GetSingle_ValidIdPropertyValueReturnsCorrectModel" computerName="VECTOR" duration="00:00:00.0110000" startTime="2018-05-22T05:01:39.5221375-04:00" endTime="2018-05-22T05:01:39.5221421-04:00" testType="13cdc9d9-ddb5-4fa4-a97d-d965ccfc6d4b" outcome="Passed" testListId="8c84fa94-04c1-424b-9868-57a2d4851a1d" relativeResultsDirectory="10ffff78-f0a0-4fa6-9cae-a35f588666c8" /><UnitTestResult executionId="85365aec-872f-4401-b83a-f7e2d3570674" testId="fd91833b-5b46-4a7b-b368-cbf45b7a8a2f" testName="GetFile_ExistingFileReturnsSuccess" computerName="VECTOR" duration="00:00:00.0270000" startTime="2018-05-22T05:01:55.2557517-04:00" endTime="2018-05-22T05:01:55.2557591-04:00" testType="13cdc9d9-ddb5-4fa4-a97d-d965ccfc6d4b" outcome="Passed" testListId="8c84fa94-04c1-424b-9868-57a2d4851a1d" relativeResultsDirectory="85365aec-872f-4401-b83a-f7e2d3570674" /><UnitTestResult executionId="cf6228a7-3f09-45b2-a9ee-d375f1e9c0cb" testId="2f5bafd1-8e85-4cf9-9a34-bd4c750ea29e" testName="Patch_TargetPropertyIsUpdated" computerName="VECTOR" duration="00:00:00.3480000" startTime="2018-05-22T05:01:50.6200142-04:00" endTime="2018-05-22T05:01:50.6200204-04:00" testType="13cdc9d9-ddb5-4fa4-a97d-d965ccfc6d4b" outcome="Passed" testListId="8c84fa94-04c1-424b-9868-57a2d4851a1d" relativeResultsDirectory="cf6228a7-3f09-45b2-a9ee-d375f1e9c0cb" /><UnitTestResult executionId="bd222af6-3807-46f6-b645-e5eecf9520a0" testId="af17f1c2-1d20-4b69-92bc-be340631e549" testName="Put_CanUpdateModel" computerName="VECTOR" duration="00:00:00.3960000" startTime="2018-05-22T05:01:47.3757719-04:00" endTime="2018-05-22T05:01:47.3757781-04:00" testType="13cdc9d9-ddb5-4fa4-a97d-d965ccfc6d4b" outcome="Passed" testListId="8c84fa94-04c1-424b-9868-57a2d4851a1d" relativeResultsDirectory="bd222af6-3807-46f6-b645-e5eecf9520a0" /><UnitTestResult executionId="cf5a2558-89b0-47e3-ac86-c621c5b8368c" testId="c8d8b7bf-6aaa-42e1-ada7-3eb57a52a2f4" testName="Post_CanCreateNewModel" computerName="VECTOR" duration="00:00:00.1940000" startTime="2018-05-22T05:01:42.3724321-04:00" endTime="2018-05-22T05:01:42.3724407-04:00" testType="13cdc9d9-ddb5-4fa4-a97d-d965ccfc6d4b" outcome="Passed" testListId="8c84fa94-04c1-424b-9868-57a2d4851a1d" relativeResultsDirectory="cf5a2558-89b0-47e3-ac86-c621c5b8368c" /><UnitTestResult executionId="e7975246-2a9c-4c75-8991-07cce2b14346" testId="4bc4dd3f-347b-456c-b247-64f9f67f8aef" testName="Post_CanCreateNewModel" computerName="VECTOR" duration="00:00:00.1490000" startTime="2018-05-22T05:01:45.7175925-04:00" endTime="2018-05-22T05:01:45.7175988-04:00" testType="13cdc9d9-ddb5-4fa4-a97d-d965ccfc6d4b" outcome="Passed" testListId="8c84fa94-04c1-424b-9868-57a2d4851a1d" relativeResultsDirectory="e7975246-2a9c-4c75-8991-07cce2b14346" /><UnitTestResult executionId="a15d2605-ae20-4d52-b992-e8eaf63640a3" testId="e5edbbba-c8aa-4c65-857a-bdada62f6b9e" testName="PostFile_NewFileCanBePosted" computerName="VECTOR" duration="00:00:00.3660000" startTime="2018-05-22T05:01:44.6158026-04:00" endTime="2018-05-22T05:01:44.6158145-04:00" testType="13cdc9d9-ddb5-4fa4-a97d-d965ccfc6d4b" outcome="Passed" testListId="8c84fa94-04c1-424b-9868-57a2d4851a1d" relativeResultsDirectory="a15d2605-ae20-4d52-b992-e8eaf63640a3" /><UnitTestResult executionId="277b1c2a-5026-4ace-9aa1-af988a29fc7f" testId="18d492ac-b2f8-4fc8-aee2-620097705c5a" testName="Post_ValidReferencePropertyCreatesModel" computerName="VECTOR" duration="00:00:00.1730000" startTime="2018-05-22T05:02:13.1267047-04:00" endTime="2018-05-22T05:02:13.1267124-04:00" testType="13cdc9d9-ddb5-4fa4-a97d-d965ccfc6d4b" outcome="Passed" testListId="8c84fa94-04c1-424b-9868-57a2d4851a1d" relativeResultsDirectory="277b1c2a-5026-4ace-9aa1-af988a29fc7f" /><UnitTestResult executionId="c554c94f-51d3-42d0-b918-2e356e113ed0" testId="dd7249aa-ce24-4ace-b7c9-c104f4f6b527" testName="Model3dHasExpectedDependentFiles" computerName="VECTOR" duration="00:00:00.0330000" startTime="2018-05-22T05:01:37.4916305-04:00" endTime="2018-05-22T05:01:37.4916368-04:00" testType="13cdc9d9-ddb5-4fa4-a97d-d965ccfc6d4b" outcome="Passed" testListId="8c84fa94-04c1-424b-9868-57a2d4851a1d" relativeResultsDirectory="c554c94f-51d3-42d0-b918-2e356e113ed0" /><UnitTestResult executionId="5b070001-ece3-4c5e-ab5b-d3b1bdd00c5b" testId="be8e28a0-cfb6-4218-8227-7717d8f1fc2a" testName="Patch_InvalidEnumPropertyValueReturnsBadRequest" computerName="VECTOR" duration="00:00:00.0080000" startTime="2018-05-22T05:01:42.1772632-04:00" endTime="2018-05-22T05:01:42.1772683-04:00" testType="13cdc9d9-ddb5-4fa4-a97d-d965ccfc6d4b" outcome="Passed" testListId="8c84fa94-04c1-424b-9868-57a2d4851a1d" relativeResultsDirectory="5b070001-ece3-4c5e-ab5b-d3b1bdd00c5b" /><UnitTestResult executionId="98888501-9169-4072-85ee-b3dbb0db195b" testId="18b28617-2ae1-4aff-b425-db52237f8d2c" testName="Patch_InvalidReferencePropertyReturnsBadRequest" computerName="VECTOR" duration="00:00:00.0030000" startTime="2018-05-22T05:01:39.2424403-04:00" endTime="2018-05-22T05:01:39.2424437-04:00" testType="13cdc9d9-ddb5-4fa4-a97d-d965ccfc6d4b" outcome="Passed" testListId="8c84fa94-04c1-424b-9868-57a2d4851a1d" relativeResultsDirectory="98888501-9169-4072-85ee-b3dbb0db195b" /><UnitTestResult executionId="9f38d2d1-1c19-4d92-90d4-3e947299f08f" testId="5642475a-b0d4-4277-9d14-e4ea3e14118a" testName="Post_InvalidPropertyValueReturnsBadRequest" computerName="VECTOR" duration="00:00:00.0070000" startTime="2018-05-22T05:01:46.1625861-04:00" endTime="2018-05-22T05:01:46.1625967-04:00" testType="13cdc9d9-ddb5-4fa4-a97d-d965ccfc6d4b" outcome="Passed" testListId="8c84fa94-04c1-424b-9868-57a2d4851a1d" relativeResultsDirectory="9f38d2d1-1c19-4d92-90d4-3e947299f08f" /><UnitTestResult executionId="29401341-76a6-447a-b6a8-904d39dd332c" testId="dea8899f-0cac-4bee-ac22-b7ed6589b32a" testName="GetList_ListReturnsCorrectCount" computerName="VECTOR" duration="00:00:00.0480000" startTime="2018-05-22T05:01:45.7886746-04:00" endTime="2018-05-22T05:01:45.7886809-04:00" testType="13cdc9d9-ddb5-4fa4-a97d-d965ccfc6d4b" outcome="Passed" testListId="8c84fa94-04c1-424b-9868-57a2d4851a1d" relativeResultsDirectory="29401341-76a6-447a-b6a8-904d39dd332c" /><UnitTestResult executionId="f9dd9192-c8c3-471d-8cc1-883ff6d4c194" testId="49012851-d0d7-43da-b0bb-515dca8c4d1b" testName="Put_CanUpdateModel" computerName="VECTOR" duration="00:00:00.7710000" startTime="2018-05-22T05:01:49.9199804-04:00" endTime="2018-05-22T05:01:49.9199869-04:00" testType="13cdc9d9-ddb5-4fa4-a97d-d965ccfc6d4b" outcome="Passed" testListId="8c84fa94-04c1-424b-9868-57a2d4851a1d" relativeResultsDirectory="f9dd9192-c8c3-471d-8cc1-883ff6d4c194" /><UnitTestResult executionId="94f03c4f-dfa6-421e-8f10-d09eb3b4a119" testId="d67eba36-3323-403f-9b4b-126c31b6b569" testName="Patch_InvalidIdPropertyReturnsNotFound" computerName="VECTOR" duration="00:00:00.0070000" startTime="2018-05-22T05:02:13.1764772-04:00" endTime="2018-05-22T05:02:13.1764806-04:00" testType="13cdc9d9-ddb5-4fa4-a97d-d965ccfc6d4b" outcome="Passed" testListId="8c84fa94-04c1-424b-9868-57a2d4851a1d" relativeResultsDirectory="94f03c4f-dfa6-421e-8f10-d09eb3b4a119" /><UnitTestResult executionId="d903af4d-bd67-4641-9403-9497f4ee444f" testId="b12fe3a0-960f-4ce8-8dd3-9b6e8bf3532f" testName="GetFile_ExistingFileReturnsSuccess" computerName="VECTOR" duration="00:00:00.0350000" startTime="2018-05-22T05:02:06.9636740-04:00" endTime="2018-05-22T05:02:06.9636848-04:00" testType="13cdc9d9-ddb5-4fa4-a97d-d965ccfc6d4b" outcome="Passed" testListId="8c84fa94-04c1-424b-9868-57a2d4851a1d" relativeResultsDirectory="d903af4d-bd67-4641-9403-9497f4ee444f" /><UnitTestResult executionId="c440c7d7-ff4e-482d-b72d-910f532ed034" testId="76e16944-3488-4535-8877-ae4b5d3dd6ae" testName="Put_InvalidReferencePropertyReturndBadRequest" computerName="VECTOR" duration="00:00:00.0310000" startTime="2018-05-22T05:01:51.3585340-04:00" endTime="2018-05-22T05:01:51.3585400-04:00" testType="13cdc9d9-ddb5-4fa4-a97d-d965ccfc6d4b" outcome="Passed" testListId="8c84fa94-04c1-424b-9868-57a2d4851a1d" relativeResultsDirectory="c440c7d7-ff4e-482d-b72d-910f532ed034" /><UnitTestResult executionId="05847155-68f2-44cd-925c-eb092143ec81" testId="5e114cc9-235d-4ca4-9423-96441fde6ea8" testName="Patch_InvalidIdPropertyReturnsNotFound" computerName="VECTOR" duration="00:00:00.0150000" startTime="2018-05-22T05:01:39.9131256-04:00" endTime="2018-05-22T05:01:39.9131293-04:00" testType="13cdc9d9-ddb5-4fa4-a97d-d965ccfc6d4b" outcome="Passed" testListId="8c84fa94-04c1-424b-9868-57a2d4851a1d" relativeResultsDirectory="05847155-68f2-44cd-925c-eb092143ec81" /><UnitTestResult executionId="ad2bd93c-8cfe-4be5-8ffc-c6953de3f4e8" testId="cdd67130-05cd-46bc-9dc3-cdfe0fa34571" testName="GetList_ListReturnsCorrectCount" computerName="VECTOR" duration="00:00:00.0390000" startTime="2018-05-22T05:02:12.5618818-04:00" endTime="2018-05-22T05:02:12.5618880-04:00" testType="13cdc9d9-ddb5-4fa4-a97d-d965ccfc6d4b" outcome="Passed" testListId="8c84fa94-04c1-424b-9868-57a2d4851a1d" relativeResultsDirectory="ad2bd93c-8cfe-4be5-8ffc-c6953de3f4e8" /><UnitTestResult executionId="ace27734-ac69-4c3f-8e10-643d47bcdb17" testId="a14e19bd-73f1-48d0-b6e0-fd759df98507" testName="GetFile_NonExistentFileReturnsNotFound" computerName="VECTOR" duration="00:00:00.0120000" startTime="2018-05-22T05:01:51.3744343-04:00" endTime="2018-05-22T05:01:51.3744386-04:00" testType="13cdc9d9-ddb5-4fa4-a97d-d965ccfc6d4b" outcome="Passed" testListId="8c84fa94-04c1-424b-9868-57a2d4851a1d" relativeResultsDirectory="ace27734-ac69-4c3f-8e10-643d47bcdb17" /><UnitTestResult executionId="64609c25-460f-4cd8-b431-6c7eec81eed4" testId="9c98fea3-4cee-4c1d-ad47-7a8bb01f3d77" testName="Put_CanUpdateModel" computerName="VECTOR" duration="00:00:00.3220000" startTime="2018-05-22T05:02:12.9007535-04:00" endTime="2018-05-22T05:02:12.9007652-04:00" testType="13cdc9d9-ddb5-4fa4-a97d-d965ccfc6d4b" outcome="Passed" testListId="8c84fa94-04c1-424b-9868-57a2d4851a1d" relativeResultsDirectory="64609c25-460f-4cd8-b431-6c7eec81eed4" /><UnitTestResult executionId="dfbcb299-0423-49c0-adc8-3be8d7a8c770" testId="88a8c215-c771-491e-9840-3de08f4b0345" testName="Delete_TargetModelIsDeleted" computerName="VECTOR" duration="00:00:00.2070000" startTime="2018-05-22T05:01:51.3109048-04:00" endTime="2018-05-22T05:01:51.3109162-04:00" testType="13cdc9d9-ddb5-4fa4-a97d-d965ccfc6d4b" outcome="Passed" testListId="8c84fa94-04c1-424b-9868-57a2d4851a1d" relativeResultsDirectory="dfbcb299-0423-49c0-adc8-3be8d7a8c770" /><UnitTestResult executionId="085f7930-8f1a-4031-9cec-0ab79322b532" testId="ae11b7f7-50b8-4838-ba1c-2e7ce9170848" testName="Patch_TargetPropertyIsUpdated" computerName="VECTOR" duration="00:00:00.3130000" startTime="2018-05-22T05:01:46.9792767-04:00" endTime="2018-05-22T05:01:46.9792841-04:00" testType="13cdc9d9-ddb5-4fa4-a97d-d965ccfc6d4b" outcome="Passed" testListId="8c84fa94-04c1-424b-9868-57a2d4851a1d" relativeResultsDirectory="085f7930-8f1a-4031-9cec-0ab79322b532" /><UnitTestResult executionId="6b4edf8f-8d8c-4a9f-a3d8-d1d50d520951" testId="9f092ecf-9e2c-475c-afa2-3db52b73dc36" testName="Post_ValidReferencePropertyCreatesModel" computerName="VECTOR" duration="00:00:00.0020000" startTime="2018-05-22T05:01:38.3663144-04:00" endTime="2018-05-22T05:01:38.3663164-04:00" testType="13cdc9d9-ddb5-4fa4-a97d-d965ccfc6d4b" outcome="Passed" testListId="8c84fa94-04c1-424b-9868-57a2d4851a1d" relativeResultsDirectory="6b4edf8f-8d8c-4a9f-a3d8-d1d50d520951" /><UnitTestResult executionId="143e1c29-f34d-42f3-941c-0b1352f0d99d" testId="840323eb-bb9d-4b98-9bb8-960d8b3a9ec5" testName="Patch_TargetPropertyIsUpdated" computerName="VECTOR" duration="00:00:00.3130000" startTime="2018-05-22T05:02:14.1452150-04:00" endTime="2018-05-22T05:02:14.1452272-04:00" testType="13cdc9d9-ddb5-4fa4-a97d-d965ccfc6d4b" outcome="Passed" testListId="8c84fa94-04c1-424b-9868-57a2d4851a1d" relativeResultsDirectory="143e1c29-f34d-42f3-941c-0b1352f0d99d" /><UnitTestResult executionId="ef597212-73b5-4cb8-88c3-7e484573b7a3" testId="485d0e73-7c49-4abe-ab0e-b4fcd60360cc" testName="Delete_TargetModelIsDeleted" computerName="VECTOR" duration="00:00:00.3150000" startTime="2018-05-22T05:01:45.5379593-04:00" endTime="2018-05-22T05:01:45.5379653-04:00" testType="13cdc9d9-ddb5-4fa4-a97d-d965ccfc6d4b" outcome="Passed" testListId="8c84fa94-04c1-424b-9868-57a2d4851a1d" relativeResultsDirectory="ef597212-73b5-4cb8-88c3-7e484573b7a3" /><UnitTestResult executionId="427e690a-70d5-4641-8cce-25131ac7c2c3" testId="2b12d7a8-c960-4704-87d4-3dc1ca60c7ce" testName="FileRequest_DepthBufferIsInvalidatedAfterCameraDependencyPropertyChange" computerName="VECTOR" duration="00:00:01.1490000" startTime="2018-05-22T05:02:10.6289490-04:00" endTime="2018-05-22T05:02:10.6289607-04:00" testType="13cdc9d9-ddb5-4fa4-a97d-d965ccfc6d4b" outcome="Passed" testListId="8c84fa94-04c1-424b-9868-57a2d4851a1d" relativeResultsDirectory="427e690a-70d5-4641-8cce-25131ac7c2c3" /><UnitTestResult executionId="7078a6aa-0106-4b5f-a603-bb7dfe847105" testId="5d5abf9b-8fda-4e70-a918-77f199943f24" testName="PutFile_FileCanBeUpdated" computerName="VECTOR" duration="00:00:00.5230000" startTime="2018-05-22T05:02:09.0225621-04:00" endTime="2018-05-22T05:02:09.0225686-04:00" testType="13cdc9d9-ddb5-4fa4-a97d-d965ccfc6d4b" outcome="Passed" testListId="8c84fa94-04c1-424b-9868-57a2d4851a1d" relativeResultsDirectory="7078a6aa-0106-4b5f-a603-bb7dfe847105" /><UnitTestResult executionId="4bdb6c9d-2b59-47da-a045-b1cf9f8d5ede" testId="ab4c4b7b-64a6-4cac-b7dc-ab23633fa3e8" testName="Post_ValidReferencePropertyCreatesModel" computerName="VECTOR" duration="00:00:00.1800000" startTime="2018-05-22T05:01:51.1029951-04:00" endTime="2018-05-22T05:01:51.1030014-04:00" testType="13cdc9d9-ddb5-4fa4-a97d-d965ccfc6d4b" outcome="Passed" testListId="8c84fa94-04c1-424b-9868-57a2d4851a1d" relativeResultsDirectory="4bdb6c9d-2b59-47da-a045-b1cf9f8d5ede" /><UnitTestResult executionId="7dc372ee-abcf-4875-b823-03dc6811048d" testId="7dc7437f-015a-4eed-a354-7404c39abf93" testName="Patch_InvalidIdPropertyReturnsNotFound" computerName="VECTOR" duration="00:00:00.0080000" startTime="2018-05-22T05:01:50.8808202-04:00" endTime="2018-05-22T05:01:50.8808256-04:00" testType="13cdc9d9-ddb5-4fa4-a97d-d965ccfc6d4b" outcome="Passed" testListId="8c84fa94-04c1-424b-9868-57a2d4851a1d" relativeResultsDirectory="7dc372ee-abcf-4875-b823-03dc6811048d" /><UnitTestResult executionId="9e34625f-a9a8-424b-94c2-b1a0428330ab" testId="4b8dea38-33a0-4c52-be1f-0636cb70ea94" testName="Patch_InvalidReferencePropertyReturnsBadRequest" computerName="VECTOR" duration="00:00:00.0230000" startTime="2018-05-22T05:02:13.5408362-04:00" endTime="2018-05-22T05:02:13.5408433-04:00" testType="13cdc9d9-ddb5-4fa4-a97d-d965ccfc6d4b" outcome="Passed" testListId="8c84fa94-04c1-424b-9868-57a2d4851a1d" relativeResultsDirectory="9e34625f-a9a8-424b-94c2-b1a0428330ab" /><UnitTestResult executionId="37c1bd73-53e2-4e80-aead-c84c3dd3f44e" testId="c161c6ab-ce4f-4f07-bcd6-01bfe6459987" testName="Patch_ValidReferencePropertyUpdatesModel" computerName="VECTOR" duration="00:00:00.4780000" startTime="2018-05-22T05:01:41.5798612-04:00" endTime="2018-05-22T05:01:41.5798657-04:00" testType="13cdc9d9-ddb5-4fa4-a97d-d965ccfc6d4b" outcome="Passed" testListId="8c84fa94-04c1-424b-9868-57a2d4851a1d" relativeResultsDirectory="37c1bd73-53e2-4e80-aead-c84c3dd3f44e" /><UnitTestResult executionId="0883e2fd-e158-4000-b371-ddb68d111a7e" testId="09011183-fcde-4099-a1ec-17e7e43c8734" testName="Patch_InvalidReferencePropertyReturnsBadRequest" computerName="VECTOR" duration="00:00:00.0350000" startTime="2018-05-22T05:01:42.4078561-04:00" endTime="2018-05-22T05:01:42.4078643-04:00" testType="13cdc9d9-ddb5-4fa4-a97d-d965ccfc6d4b" outcome="Passed" testListId="8c84fa94-04c1-424b-9868-57a2d4851a1d" relativeResultsDirectory="0883e2fd-e158-4000-b371-ddb68d111a7e" /><UnitTestResult executionId="4965f68a-fd0e-4321-b54c-2014db5b957a" testId="44318558-e0dd-4877-adaf-b32321d797a3" testName="GetFile_FileCanBeRoundTripped" computerName="VECTOR" duration="00:00:00.3450000" startTime="2018-05-22T05:01:54.7202852-04:00" endTime="2018-05-22T05:01:54.7202946-04:00" testType="13cdc9d9-ddb5-4fa4-a97d-d965ccfc6d4b" outcome="Passed" testListId="8c84fa94-04c1-424b-9868-57a2d4851a1d" relativeResultsDirectory="4965f68a-fd0e-4321-b54c-2014db5b957a" /><UnitTestResult executionId="2d2bbc3d-2ddc-49d2-8e0f-c660dde9e969" testId="edf150eb-ced8-4711-81d6-9425ba1e4bd2" testName="Put_ValidReferencePropertyUpdatesModel" computerName="VECTOR" duration="00:00:00.3080000" startTime="2018-05-22T05:01:41.8881139-04:00" endTime="2018-05-22T05:01:41.8881202-04:00" testType="13cdc9d9-ddb5-4fa4-a97d-d965ccfc6d4b" outcome="Passed" testListId="8c84fa94-04c1-424b-9868-57a2d4851a1d" relativeResultsDirectory="2d2bbc3d-2ddc-49d2-8e0f-c660dde9e969" /><UnitTestResult executionId="25f31648-5bd3-4878-90f1-d761287fe022" testId="70e5f0f2-a04a-469d-b1f1-3707c3bb8a3c" testName="Patch_TargetPropertyIsUpdated" computerName="VECTOR" duration="00:00:00.6610000" startTime="2018-05-22T05:01:40.6956269-04:00" endTime="2018-05-22T05:01:40.6956368-04:00" testType="13cdc9d9-ddb5-4fa4-a97d-d965ccfc6d4b" outcome="Passed" testListId="8c84fa94-04c1-424b-9868-57a2d4851a1d" relativeResultsDirectory="25f31648-5bd3-4878-90f1-d761287fe022" /><UnitTestResult executionId="2dc58cb6-2108-4dc2-85b0-70fb039dbf5f" testId="f391ebcd-d556-45b3-b889-a1e8ab2b11a2" testName="FileRequest_MeshIsInvalidatedAfterDepthBufferFileBecomesUnsynchronized" computerName="VECTOR" duration="00:00:02.6500000" startTime="2018-05-22T05:01:54.3746560-04:00" endTime="2018-05-22T05:01:54.3746623-04:00" testType="13cdc9d9-ddb5-4fa4-a97d-d965ccfc6d4b" outcome="Passed" testListId="8c84fa94-04c1-424b-9868-57a2d4851a1d" relativeResultsDirectory="2dc58cb6-2108-4dc2-85b0-70fb039dbf5f" /><UnitTestResult executionId="790b78ac-a2b0-4028-820d-7d5543bf91c7" testId="bd21e7f2-79d1-4818-aa73-6f62e6c99beb" testName="GetList_ListReturnsCorrectCount" computerName="VECTOR" duration="00:00:00.1160000" startTime="2018-05-22T05:02:04.7977045-04:00" endTime="2018-05-22T05:02:04.7977105-04:00" testType="13cdc9d9-ddb5-4fa4-a97d-d965ccfc6d4b" outcome="Passed" testListId="8c84fa94-04c1-424b-9868-57a2d4851a1d" relativeResultsDirectory="790b78ac-a2b0-4028-820d-7d5543bf91c7" /><UnitTestResult executionId="b030581e-17a2-459b-815f-170a634957d3" testId="71af2310-b213-42e7-890c-ca608de61071" testName="Patch_InvalidEnumPropertyValueReturnsBadRequest" computerName="VECTOR" duration="00:00:00.0100000" startTime="2018-05-22T05:01:50.2717122-04:00" endTime="2018-05-22T05:01:50.2717179-04:00" testType="13cdc9d9-ddb5-4fa4-a97d-d965ccfc6d4b" outcome="Passed" testListId="8c84fa94-04c1-424b-9868-57a2d4851a1d" relativeResultsDirectory="b030581e-17a2-459b-815f-170a634957d3" /><UnitTestResult executionId="afe77e99-20c2-4f56-a8ee-195d1769e168" testId="615100ce-9983-43ff-b420-6e22916cd4fd" testName="Patch_InvalidIdPropertyReturnsNotFound" computerName="VECTOR" duration="00:00:00.0140000" startTime="2018-05-22T05:01:41.9022088-04:00" endTime="2018-05-22T05:01:41.9022139-04:00" testType="13cdc9d9-ddb5-4fa4-a97d-d965ccfc6d4b" outcome="Passed" testListId="8c84fa94-04c1-424b-9868-57a2d4851a1d" relativeResultsDirectory="afe77e99-20c2-4f56-a8ee-195d1769e168" /><UnitTestResult executionId="37b5bacd-4d0a-4074-b5cd-fdbcbce9b1ce" testId="dacda558-b55d-4753-baf8-cc07d21d691b" testName="Delete_TargetModelIsDeleted" computerName="VECTOR" duration="00:00:00.2340000" startTime="2018-05-22T05:01:42.6429554-04:00" endTime="2018-05-22T05:01:42.6429674-04:00" testType="13cdc9d9-ddb5-4fa4-a97d-d965ccfc6d4b" outcome="Passed" testListId="8c84fa94-04c1-424b-9868-57a2d4851a1d" relativeResultsDirectory="37b5bacd-4d0a-4074-b5cd-fdbcbce9b1ce" /><UnitTestResult executionId="ce85183b-337b-4293-a85d-700bb2929ac9" testId="343dcf88-5178-4978-8dbf-408a5f9307df" testName="Put_InvalidIdReturnsNotFound" computerName="VECTOR" duration="00:00:00.0150000" startTime="2018-05-22T05:02:12.3244880-04:00" endTime="2018-05-22T05:02:12.3244934-04:00" testType="13cdc9d9-ddb5-4fa4-a97d-d965ccfc6d4b" outcome="Passed" testListId="8c84fa94-04c1-424b-9868-57a2d4851a1d" relativeResultsDirectory="ce85183b-337b-4293-a85d-700bb2929ac9" /><UnitTestResult executionId="22f63b12-f1e6-4412-b4de-5c68ba41b196" testId="be8f903e-99fb-471f-9229-c45f5e0972f6" testName="GetFile_NonExistentFileReturnsNotFound" computerName="VECTOR" duration="00:00:00.0250000" startTime="2018-05-22T05:02:10.6546256-04:00" endTime="2018-05-22T05:02:10.6546367-04:00" testType="13cdc9d9-ddb5-4fa4-a97d-d965ccfc6d4b" outcome="Passed" testListId="8c84fa94-04c1-424b-9868-57a2d4851a1d" relativeResultsDirectory="22f63b12-f1e6-4412-b4de-5c68ba41b196" /><UnitTestResult executionId="3cc4f0b9-87ba-4c66-8ac1-2ff6261995b2" testId="c2094c2e-e149-4741-ae41-9ae61d0e7045" testName="GetSingle_ValidIdPropertyValueReturnsCorrectModel" computerName="VECTOR" duration="00:00:00.0260000" startTime="2018-05-22T05:02:12.1026864-04:00" endTime="2018-05-22T05:02:12.1026969-04:00" testType="13cdc9d9-ddb5-4fa4-a97d-d965ccfc6d4b" outcome="Passed" testListId="8c84fa94-04c1-424b-9868-57a2d4851a1d" relativeResultsDirectory="3cc4f0b9-87ba-4c66-8ac1-2ff6261995b2" /><UnitTestResult executionId="a2fe7603-24c4-4717-ac8b-ee867adb3b86" testId="f8cc87a0-8d7f-4344-a527-22c318a0a09b" testName="GetFile_FileCanBeRoundTripped" computerName="VECTOR" duration="00:00:00.3800000" startTime="2018-05-22T05:02:12.0737818-04:00" endTime="2018-05-22T05:02:12.0737894-04:00" testType="13cdc9d9-ddb5-4fa4-a97d-d965ccfc6d4b" outcome="Passed" testListId="8c84fa94-04c1-424b-9868-57a2d4851a1d" relativeResultsDirectory="a2fe7603-24c4-4717-ac8b-ee867adb3b86" /><UnitTestResult executionId="3a59b481-1452-4500-8f33-e63482a4a2a7" testId="1725958d-0a11-4067-a3ff-7d1ce8329a53" testName="Post_InvalidReferencePropertyReturnsBadRequest" computerName="VECTOR" duration="00:00:00.0070000" startTime="2018-05-22T05:02:12.5782968-04:00" endTime="2018-05-22T05:02:12.5783000-04:00" testType="13cdc9d9-ddb5-4fa4-a97d-d965ccfc6d4b" outcome="Failed" testListId="8c84fa94-04c1-424b-9868-57a2d4851a1d" relativeResultsDirectory="3a59b481-1452-4500-8f33-e63482a4a2a7"><Output><ErrorInfo><Message>Assert.True() Failure&#xD;
Expected: True&#xD;
Actual:   False</Message><StackTrace>   at ModelRelief.Test.Integration.BaseIntegrationTests`2.&lt;Post_InvalidReferencePropertyReturnsBadRequest&gt;d__7.MoveNext() in D:\Users\Steve Knipmeyer\Documents\GitHub\ModelRelief\ModelRelief.test\Integration\Base\BaseIntegrationTests.cs:line 194&#xD;
--- End of stack trace from previous location where exception was thrown ---&#xD;
   at System.Runtime.ExceptionServices.ExceptionDispatchInfo.Throw()&#xD;
   at System.Runtime.CompilerServices.TaskAwaiter.HandleNonSuccessAndDebuggerNotification(Task task)&#xD;
--- End of stack trace from previous location where exception was thrown ---&#xD;
   at System.Runtime.ExceptionServices.ExceptionDispatchInfo.Throw()&#xD;
   at System.Runtime.CompilerServices.TaskAwaiter.HandleNonSuccessAndDebuggerNotification(Task task)&#xD;
--- End of stack trace from previous location where exception was thrown ---&#xD;
   at System.Runtime.ExceptionServices.ExceptionDispatchInfo.Throw()&#xD;
   at System.Runtime.CompilerServices.TaskAwaiter.HandleNonSuccessAndDebuggerNotification(Task task)</StackTrace></ErrorInfo></Output></UnitTestResult><UnitTestResult executionId="cdb490c1-8297-4436-b5bb-2339be72f758" testId="ead6835c-4293-498c-b621-41e6a96723e8" testName="Patch_MultipleInvalidReferencePropertiesReturnsMultipleValidationErrorsAndBadRequest" computerName="VECTOR" duration="00:00:00.0300000" startTime="2018-05-22T05:01:45.5685486-04:00" endTime="2018-05-22T05:01:45.5685546-04:00" testType="13cdc9d9-ddb5-4fa4-a97d-d965ccfc6d4b" outcome="Passed" testListId="8c84fa94-04c1-424b-9868-57a2d4851a1d" relativeResultsDirectory="cdb490c1-8297-4436-b5bb-2339be72f758" /><UnitTestResult executionId="622f8555-854c-4ec4-aaf5-b409dca90c9a" testId="1ac659eb-31e1-437f-a832-c0e64546a932" testName="Patch_InvalidPropertyNameReturnsBadRequest" computerName="VECTOR" duration="00:00:00.0050000" startTime="2018-05-22T05:01:41.0930883-04:00" endTime="2018-05-22T05:01:41.0930917-04:00" testType="13cdc9d9-ddb5-4fa4-a97d-d965ccfc6d4b" outcome="Passed" testListId="8c84fa94-04c1-424b-9868-57a2d4851a1d" relativeResultsDirectory="622f8555-854c-4ec4-aaf5-b409dca90c9a" /><UnitTestResult executionId="276f96cb-7a48-4b19-b737-bd9c8bbe70a7" testId="fa60532b-cc65-48aa-a35a-62d14e20628b" testName="Patch_ValidReferencePropertyUpdatesModel" computerName="VECTOR" duration="00:00:00.2830000" startTime="2018-05-22T05:02:06.3151502-04:00" endTime="2018-05-22T05:02:06.3151565-04:00" testType="13cdc9d9-ddb5-4fa4-a97d-d965ccfc6d4b" outcome="Passed" testListId="8c84fa94-04c1-424b-9868-57a2d4851a1d" relativeResultsDirectory="276f96cb-7a48-4b19-b737-bd9c8bbe70a7" /><UnitTestResult executionId="5da5f890-4411-44c2-a84b-1826facc2f5b" testId="873ae237-73d1-48a5-be42-49e50e6abb9f" testName="Put_ValidReferencePropertyUpdatesModel" computerName="VECTOR" duration="00:00:00.2890000" startTime="2018-05-22T05:02:13.8306226-04:00" endTime="2018-05-22T05:02:13.8306285-04:00" testType="13cdc9d9-ddb5-4fa4-a97d-d965ccfc6d4b" outcome="Passed" testListId="8c84fa94-04c1-424b-9868-57a2d4851a1d" relativeResultsDirectory="5da5f890-4411-44c2-a84b-1826facc2f5b" /><UnitTestResult executionId="c4c1c3ec-48c8-400e-b382-c8471e04e131" testId="2aaca841-61a0-40bb-8a43-512d360bf83c" testName="Put_InvalidIdReturnsNotFound" computerName="VECTOR" duration="00:00:00.1480000" startTime="2018-05-22T05:01:45.2033892-04:00" endTime="2018-05-22T05:01:45.2033955-04:00" testType="13cdc9d9-ddb5-4fa4-a97d-d965ccfc6d4b" outcome="Passed" testListId="8c84fa94-04c1-424b-9868-57a2d4851a1d" relativeResultsDirectory="c4c1c3ec-48c8-400e-b382-c8471e04e131" /><UnitTestResult executionId="7bdb1e0a-f4a1-45ff-955f-74c0eb64572f" testId="522941ec-6404-473b-a895-ff580af96dab" testName="Put_InvalidReferencePropertyReturndBadRequest" computerName="VECTOR" duration="00:00:00.1410000" startTime="2018-05-22T05:02:04.9448446-04:00" endTime="2018-05-22T05:02:04.9448500-04:00" testType="13cdc9d9-ddb5-4fa4-a97d-d965ccfc6d4b" outcome="Passed" testListId="8c84fa94-04c1-424b-9868-57a2d4851a1d" relativeResultsDirectory="7bdb1e0a-f4a1-45ff-955f-74c0eb64572f" /><UnitTestResult executionId="24ad04fd-5ad3-40ee-bf46-c10bb7e77510" testId="7e13deed-5729-4430-afa6-29ad69cce64b" testName="Post_InvalidReferencePropertyReturnsBadRequest" computerName="VECTOR" duration="00:00:00.0020000" startTime="2018-05-22T05:01:38.3663716-04:00" endTime="2018-05-22T05:01:38.3663724-04:00" testType="13cdc9d9-ddb5-4fa4-a97d-d965ccfc6d4b" outcome="Passed" testListId="8c84fa94-04c1-424b-9868-57a2d4851a1d" relativeResultsDirectory="24ad04fd-5ad3-40ee-bf46-c10bb7e77510" /><UnitTestResult executionId="ebe9317f-0c80-4376-9960-a786c337498f" testId="48f17cfa-a549-4ed6-b8e8-95539d1e6a70" testName="CameraHasExpectedDependentFiles" computerName="VECTOR" duration="00:00:00.0010000" startTime="2018-05-22T05:01:37.8607950-04:00" endTime="2018-05-22T05:01:37.8607973-04:00" testType="13cdc9d9-ddb5-4fa4-a97d-d965ccfc6d4b" outcome="Passed" testListId="8c84fa94-04c1-424b-9868-57a2d4851a1d" relativeResultsDirectory="ebe9317f-0c80-4376-9960-a786c337498f" /><UnitTestResult executionId="88843c1b-314d-4326-9661-a6402ef2e032" testId="84257ee7-6c0d-474d-9465-7ab24efb9005" testName="GetSingle_ValidIdPropertyValueReturnsCorrectModel" computerName="VECTOR" duration="00:00:00.0090000" startTime="2018-05-22T05:02:06.0161491-04:00" endTime="2018-05-22T05:02:06.0161556-04:00" testType="13cdc9d9-ddb5-4fa4-a97d-d965ccfc6d4b" outcome="Passed" testListId="8c84fa94-04c1-424b-9868-57a2d4851a1d" relativeResultsDirectory="88843c1b-314d-4326-9661-a6402ef2e032" /><UnitTestResult executionId="82c3a332-773a-4d8f-a994-88d5291e838d" testId="9ab1858e-a055-467b-b064-81013dd484fd" testName="Patch_InvalidPropertyNameReturnsBadRequest" computerName="VECTOR" duration="00:00:00.0190000" startTime="2018-05-22T05:01:45.2226181-04:00" endTime="2018-05-22T05:01:45.2226235-04:00" testType="13cdc9d9-ddb5-4fa4-a97d-d965ccfc6d4b" outcome="Passed" testListId="8c84fa94-04c1-424b-9868-57a2d4851a1d" relativeResultsDirectory="82c3a332-773a-4d8f-a994-88d5291e838d" /><UnitTestResult executionId="40969135-eb2e-446b-8846-b33b17326cc6" testId="65ad5475-b436-4aef-87ac-72184ed8261f" testName="DepthBufferHasExpectedDependentFiles" computerName="VECTOR" duration="00:00:00.0010000" startTime="2018-05-22T05:01:37.8642990-04:00" endTime="2018-05-22T05:01:37.8643004-04:00" testType="13cdc9d9-ddb5-4fa4-a97d-d965ccfc6d4b" outcome="Passed" testListId="8c84fa94-04c1-424b-9868-57a2d4851a1d" relativeResultsDirectory="40969135-eb2e-446b-8846-b33b17326cc6" /><UnitTestResult executionId="a10304a0-30d4-4211-b555-886e36e96877" testId="9b03b43e-867a-4604-9e28-b15b598df6da" testName="Post_InvalidReferencePropertyReturnsBadRequest" computerName="VECTOR" duration="00:00:00.0790000" startTime="2018-05-22T05:01:40.0450491-04:00" endTime="2018-05-22T05:01:40.0450523-04:00" testType="13cdc9d9-ddb5-4fa4-a97d-d965ccfc6d4b" outcome="Failed" testListId="8c84fa94-04c1-424b-9868-57a2d4851a1d" relativeResultsDirectory="a10304a0-30d4-4211-b555-886e36e96877"><Output><ErrorInfo><Message>Assert.True() Failure&#xD;
Expected: True&#xD;
Actual:   False</Message><StackTrace>   at ModelRelief.Test.Integration.BaseIntegrationTests`2.&lt;Post_InvalidReferencePropertyReturnsBadRequest&gt;d__7.MoveNext() in D:\Users\Steve Knipmeyer\Documents\GitHub\ModelRelief\ModelRelief.test\Integration\Base\BaseIntegrationTests.cs:line 194&#xD;
--- End of stack trace from previous location where exception was thrown ---&#xD;
   at System.Runtime.ExceptionServices.ExceptionDispatchInfo.Throw()&#xD;
   at System.Runtime.CompilerServices.TaskAwaiter.HandleNonSuccessAndDebuggerNotification(Task task)&#xD;
--- End of stack trace from previous location where exception was thrown ---&#xD;
   at System.Runtime.ExceptionServices.ExceptionDispatchInfo.Throw()&#xD;
   at System.Runtime.CompilerServices.TaskAwaiter.HandleNonSuccessAndDebuggerNotification(Task task)&#xD;
--- End of stack trace from previous location where exception was thrown ---&#xD;
   at System.Runtime.ExceptionServices.ExceptionDispatchInfo.Throw()&#xD;
   at System.Runtime.CompilerServices.TaskAwaiter.HandleNonSuccessAndDebuggerNotification(Task task)</StackTrace></ErrorInfo></Output></UnitTestResult><UnitTestResult executionId="86de14ab-458f-46c7-a3a3-54dfcc82a21e" testId="c1cc0cd8-195c-4363-96aa-2f46bac49289" testName="Patch_MultipleInvalidReferencePropertiesReturnsMultipleValidationErrorsAndBadRequest" computerName="VECTOR" duration="00:00:00.0130000" startTime="2018-05-22T05:02:05.9959514-04:00" endTime="2018-05-22T05:02:05.9959593-04:00" testType="13cdc9d9-ddb5-4fa4-a97d-d965ccfc6d4b" outcome="Passed" testListId="8c84fa94-04c1-424b-9868-57a2d4851a1d" relativeResultsDirectory="86de14ab-458f-46c7-a3a3-54dfcc82a21e" /><UnitTestResult executionId="3a0e66ca-3104-4072-8f2c-6521808cab10" testId="838efbb6-6f8a-4407-b76f-3deb06d6b0d0" testName="GetList_ListReturnsCorrectCount" computerName="VECTOR" duration="00:00:00.0950000" startTime="2018-05-22T05:01:39.8922041-04:00" endTime="2018-05-22T05:01:39.8922180-04:00" testType="13cdc9d9-ddb5-4fa4-a97d-d965ccfc6d4b" outcome="Passed" testListId="8c84fa94-04c1-424b-9868-57a2d4851a1d" relativeResultsDirectory="3a0e66ca-3104-4072-8f2c-6521808cab10" /><UnitTestResult executionId="ad16340e-61d1-4e0f-8198-ae69da643167" testId="a43c1bde-1938-49d6-b500-467cce89ec8d" testName="Put_InvalidReferencePropertyReturndBadRequest" computerName="VECTOR" duration="00:00:00.0510000" startTime="2018-05-22T05:01:42.6945693-04:00" endTime="2018-05-22T05:01:42.6945779-04:00" testType="13cdc9d9-ddb5-4fa4-a97d-d965ccfc6d4b" outcome="Passed" testListId="8c84fa94-04c1-424b-9868-57a2d4851a1d" relativeResultsDirectory="ad16340e-61d1-4e0f-8198-ae69da643167" /><UnitTestResult executionId="b47b1c4a-31f9-448d-95fd-c25eb2a95f76" testId="0883b848-1ee0-4681-b876-eb5ead9df29c" testName="GetSingle_InvalidIdPropertyValueReturnsNotFound" computerName="VECTOR" duration="00:00:00.0210000" startTime="2018-05-22T05:01:47.3975200-04:00" endTime="2018-05-22T05:01:47.3975303-04:00" testType="13cdc9d9-ddb5-4fa4-a97d-d965ccfc6d4b" outcome="Passed" testListId="8c84fa94-04c1-424b-9868-57a2d4851a1d" relativeResultsDirectory="b47b1c4a-31f9-448d-95fd-c25eb2a95f76" /><UnitTestResult executionId="0ce384a1-99ef-4515-bd0e-5eb790128d23" testId="d1054c59-2ba8-4ef6-8064-758352aa408c" testName="Put_ValidReferencePropertyUpdatesModel" computerName="VECTOR" duration="00:00:00.3410000" startTime="2018-05-22T05:01:50.2615250-04:00" endTime="2018-05-22T05:01:50.2615313-04:00" testType="13cdc9d9-ddb5-4fa4-a97d-d965ccfc6d4b" outcome="Passed" testListId="8c84fa94-04c1-424b-9868-57a2d4851a1d" relativeResultsDirectory="0ce384a1-99ef-4515-bd0e-5eb790128d23" /><UnitTestResult executionId="5ddc1b01-df82-49c8-9c60-99e9e85977ff" testId="65e12221-cac4-495c-9ebc-1bea4831f09d" testName="Post_ValidReferencePropertyCreatesModel" computerName="VECTOR" duration="00:00:00.1910000" startTime="2018-05-22T05:01:46.3538335-04:00" endTime="2018-05-22T05:01:46.3538394-04:00" testType="13cdc9d9-ddb5-4fa4-a97d-d965ccfc6d4b" outcome="Passed" testListId="8c84fa94-04c1-424b-9868-57a2d4851a1d" relativeResultsDirectory="5ddc1b01-df82-49c8-9c60-99e9e85977ff" /><UnitTestResult executionId="1157041f-d31d-4d9b-a9fb-93ec3b94cb6e" testId="e2dc0b1c-1de4-45a5-9a75-2ea63bb055b5" testName="FileRequest_FileCanBeReadAfterRename" computerName="VECTOR" duration="00:00:00.5170000" startTime="2018-05-22T05:01:44.2489341-04:00" endTime="2018-05-22T05:01:44.2489497-04:00" testType="13cdc9d9-ddb5-4fa4-a97d-d965ccfc6d4b" outcome="Passed" testListId="8c84fa94-04c1-424b-9868-57a2d4851a1d" relativeResultsDirectory="1157041f-d31d-4d9b-a9fb-93ec3b94cb6e" /><UnitTestResult executionId="929ad3fd-2c55-4e7e-907a-a7764b5b235e" testId="a914828c-7149-4bfd-bbaa-f82794e94c0d" testName="PutFile_NewFileCanBePut" computerName="VECTOR" duration="00:00:00.3500000" startTime="2018-05-22T05:01:51.7247379-04:00" endTime="2018-05-22T05:01:51.7247439-04:00" testType="13cdc9d9-ddb5-4fa4-a97d-d965ccfc6d4b" outcome="Passed" testListId="8c84fa94-04c1-424b-9868-57a2d4851a1d" relativeResultsDirectory="929ad3fd-2c55-4e7e-907a-a7764b5b235e" /><UnitTestResult executionId="7dd36bb1-952a-4bac-9a57-802bd1266681" testId="6f7da6fe-cc3d-4ab0-9055-c3cf99c89f06" testName="Patch_InvalidPropertyNameReturnsBadRequest" computerName="VECTOR" duration="00:00:00.4740000" startTime="2018-05-22T05:01:38.3500472-04:00" endTime="2018-05-22T05:01:38.3500537-04:00" testType="13cdc9d9-ddb5-4fa4-a97d-d965ccfc6d4b" outcome="Passed" testListId="8c84fa94-04c1-424b-9868-57a2d4851a1d" relativeResultsDirectory="7dd36bb1-952a-4bac-9a57-802bd1266681" /><UnitTestResult executionId="1b73ccf9-52ad-433e-9210-8c52a4b78bf3" testId="1927a143-c3f6-41ec-895e-d239cc2dcada" testName="Patch_ValidReferencePropertyUpdatesModel" computerName="VECTOR" duration="00:00:00.3310000" startTime="2018-05-22T05:02:13.5172201-04:00" endTime="2018-05-22T05:02:13.5172266-04:00" testType="13cdc9d9-ddb5-4fa4-a97d-d965ccfc6d4b" outcome="Passed" testListId="8c84fa94-04c1-424b-9868-57a2d4851a1d" relativeResultsDirectory="1b73ccf9-52ad-433e-9210-8c52a4b78bf3" /><UnitTestResult executionId="2fc500c5-9d63-4ec9-a380-3f48e543e7ce" testId="b03e2336-11c8-4bef-9f6c-4193bd2d1699" testName="PutFile_NewFileCanBePut" computerName="VECTOR" duration="00:00:00.3380000" startTime="2018-05-22T05:02:10.9930593-04:00" endTime="2018-05-22T05:02:10.9930665-04:00" testType="13cdc9d9-ddb5-4fa4-a97d-d965ccfc6d4b" outcome="Passed" testListId="8c84fa94-04c1-424b-9868-57a2d4851a1d" relativeResultsDirectory="2fc500c5-9d63-4ec9-a380-3f48e543e7ce" /><UnitTestResult executionId="901eefdc-2559-406e-9ddb-a0b4344ce66f" testId="5a468f21-d782-40aa-8608-e406598295fa" testName="PostFile_FileIsSynchronizedIsUpdatedAfterFileIsPosted" computerName="VECTOR" duration="00:00:00.0020000" startTime="2018-05-22T05:01:45.0542663-04:00" endTime="2018-05-22T05:01:45.0542711-04:00" testType="13cdc9d9-ddb5-4fa4-a97d-d965ccfc6d4b" outcome="Passed" testListId="8c84fa94-04c1-424b-9868-57a2d4851a1d" relativeResultsDirectory="901eefdc-2559-406e-9ddb-a0b4344ce66f" /><UnitTestResult executionId="03cf464e-56aa-44f3-9b19-84e5d4e95591" testId="9bfbc79b-49fd-4514-a877-1fba4e1d0490" testName="Patch_InvalidEnumPropertyValueReturnsBadRequest" computerName="VECTOR" duration="00:00:00.0010000" startTime="2018-05-22T05:02:12.5620574-04:00" endTime="2018-05-22T05:02:12.5620586-04:00" testType="13cdc9d9-ddb5-4fa4-a97d-d965ccfc6d4b" outcome="Passed" testListId="8c84fa94-04c1-424b-9868-57a2d4851a1d" relativeResultsDirectory="03cf464e-56aa-44f3-9b19-84e5d4e95591" /><UnitTestResult executionId="8344ddb4-85ee-4d7c-a070-9d8f77293943" testId="523bbea2-6e88-4e1c-b936-cf5d9a3a2197" testName="Put_CanUpdateModel" computerName="VECTOR" duration="00:00:00.3390000" startTime="2018-05-22T05:02:06.9273106-04:00" endTime="2018-05-22T05:02:06.9273180-04:00" testType="13cdc9d9-ddb5-4fa4-a97d-d965ccfc6d4b" outcome="Passed" testListId="8c84fa94-04c1-424b-9868-57a2d4851a1d" relativeResultsDirectory="8344ddb4-85ee-4d7c-a070-9d8f77293943" /><UnitTestResult executionId="6f7d99e9-f54e-4df4-bfa4-cc6c8d4982f3" testId="536a6788-7200-4fb0-a1e3-fbe6866304c5" testName="Post_InvalidPropertyValueReturnsBadRequest" computerName="VECTOR" duration="00:00:00.0030000" startTime="2018-05-22T05:02:13.1858955-04:00" endTime="2018-05-22T05:02:13.1858998-04:00" testType="13cdc9d9-ddb5-4fa4-a97d-d965ccfc6d4b" outcome="Passed" testListId="8c84fa94-04c1-424b-9868-57a2d4851a1d" relativeResultsDirectory="6f7d99e9-f54e-4df4-bfa4-cc6c8d4982f3" /><UnitTestResult executionId="dee22bbe-899e-4208-9f35-470881a96081" testId="0f220204-9a2d-42da-bb86-36c5cb1362de" testName="GetFile_FileCanBeRoundTripped" computerName="VECTOR" duration="00:00:00.4070000" startTime="2018-05-22T05:01:45.0238587-04:00" endTime="2018-05-22T05:01:45.0238706-04:00" testType="13cdc9d9-ddb5-4fa4-a97d-d965ccfc6d4b" outcome="Passed" testListId="8c84fa94-04c1-424b-9868-57a2d4851a1d" relativeResultsDirectory="dee22bbe-899e-4208-9f35-470881a96081" /><UnitTestResult executionId="aecfe0cb-7cd9-42c7-ab64-1aec247d425a" testId="0ddc5cf3-b5ec-485a-9646-752c62308678" testName="Put_ValidReferencePropertyUpdatesModel" computerName="VECTOR" duration="00:00:00.3590000" startTime="2018-05-22T05:01:46.1488498-04:00" endTime="2018-05-22T05:01:46.1488614-04:00" testType="13cdc9d9-ddb5-4fa4-a97d-d965ccfc6d4b" outcome="Passed" testListId="8c84fa94-04c1-424b-9868-57a2d4851a1d" relativeResultsDirectory="aecfe0cb-7cd9-42c7-ab64-1aec247d425a" /><UnitTestResult executionId="7b6d7b1d-eb08-46a4-907d-abfd5f88b81b" testId="74d5677b-c9f4-4b55-95b3-62a02a8519ca" testName="Patch_MultipleInvalidReferencePropertiesReturnsMultipleValidationErrorsAndBadRequest" computerName="VECTOR" duration="00:00:00.0020000" startTime="2018-05-22T05:01:39.8947033-04:00" endTime="2018-05-22T05:01:39.8947055-04:00" testType="13cdc9d9-ddb5-4fa4-a97d-d965ccfc6d4b" outcome="Passed" testListId="8c84fa94-04c1-424b-9868-57a2d4851a1d" relativeResultsDirectory="7b6d7b1d-eb08-46a4-907d-abfd5f88b81b" /><UnitTestResult executionId="9bbd7632-bf4b-4518-a073-4d0287dfdd09" testId="cf295238-bfc1-416b-bba1-c3e8ea6185a0" testName="Put_CanUpdateModel" computerName="VECTOR" duration="00:00:00.3170000" startTime="2018-05-22T05:01:41.0132329-04:00" endTime="2018-05-22T05:01:41.0132394-04:00" testType="13cdc9d9-ddb5-4fa4-a97d-d965ccfc6d4b" outcome="Passed" testListId="8c84fa94-04c1-424b-9868-57a2d4851a1d" relativeResultsDirectory="9bbd7632-bf4b-4518-a073-4d0287dfdd09" /><UnitTestResult executionId="616f5dba-a349-42ed-85a0-e0eca4aedfb6" testId="4ec82c8c-7500-4a88-9a08-d545db6b3adb" testName="Post_InvalidReferencePropertyReturnsBadRequest" computerName="VECTOR" duration="00:00:00.0070000" startTime="2018-05-22T05:02:06.0072878-04:00" endTime="2018-05-22T05:02:06.0072913-04:00" testType="13cdc9d9-ddb5-4fa4-a97d-d965ccfc6d4b" outcome="Failed" testListId="8c84fa94-04c1-424b-9868-57a2d4851a1d" relativeResultsDirectory="616f5dba-a349-42ed-85a0-e0eca4aedfb6"><Output><ErrorInfo><Message>Assert.True() Failure&#xD;
Expected: True&#xD;
Actual:   False</Message><StackTrace>   at ModelRelief.Test.Integration.BaseIntegrationTests`2.&lt;Post_InvalidReferencePropertyReturnsBadRequest&gt;d__7.MoveNext() in D:\Users\Steve Knipmeyer\Documents\GitHub\ModelRelief\ModelRelief.test\Integration\Base\BaseIntegrationTests.cs:line 194&#xD;
--- End of stack trace from previous location where exception was thrown ---&#xD;
   at System.Runtime.ExceptionServices.ExceptionDispatchInfo.Throw()&#xD;
   at System.Runtime.CompilerServices.TaskAwaiter.HandleNonSuccessAndDebuggerNotification(Task task)&#xD;
--- End of stack trace from previous location where exception was thrown ---&#xD;
   at System.Runtime.ExceptionServices.ExceptionDispatchInfo.Throw()&#xD;
   at System.Runtime.CompilerServices.TaskAwaiter.HandleNonSuccessAndDebuggerNotification(Task task)&#xD;
--- End of stack trace from previous location where exception was thrown ---&#xD;
   at System.Runtime.ExceptionServices.ExceptionDispatchInfo.Throw()&#xD;
   at System.Runtime.CompilerServices.TaskAwaiter.HandleNonSuccessAndDebuggerNotification(Task task)</StackTrace></ErrorInfo></Output></UnitTestResult><UnitTestResult executionId="216e4cfc-619e-4247-8e90-42dafd8ae3f4" testId="84bacb1f-18c4-419b-b7f3-dd4a3b6963bf" testName="PostFile_FileTimeStampIsUpdatedAfterFileIsPosted" computerName="VECTOR" duration="00:00:00.0030000" startTime="2018-05-22T05:01:42.6981359-04:00" endTime="2018-05-22T05:01:42.6981402-04:00" testType="13cdc9d9-ddb5-4fa4-a97d-d965ccfc6d4b" outcome="Passed" testListId="8c84fa94-04c1-424b-9868-57a2d4851a1d" relativeResultsDirectory="216e4cfc-619e-4247-8e90-42dafd8ae3f4" /><UnitTestResult executionId="d05d837c-1719-4859-8ecb-ad289372b5aa" testId="9c7a5505-e46d-4a64-94b4-d6b7b0ee8d70" testName="PutFile_FileCanBeUpdated" computerName="VECTOR" duration="00:00:00.6000000" startTime="2018-05-22T05:01:43.6543471-04:00" endTime="2018-05-22T05:01:43.6543533-04:00" testType="13cdc9d9-ddb5-4fa4-a97d-d965ccfc6d4b" outcome="Passed" testListId="8c84fa94-04c1-424b-9868-57a2d4851a1d" relativeResultsDirectory="d05d837c-1719-4859-8ecb-ad289372b5aa" /><UnitTestResult executionId="c2920073-46f0-4088-9573-28933a027e00" testId="cbdb4ca3-cf21-411f-a3aa-9efcae0f51be" testName="GetSingle_InvalidIdPropertyValueReturnsNotFound" computerName="VECTOR" duration="00:00:00.0050000" startTime="2018-05-22T05:02:12.5674706-04:00" endTime="2018-05-22T05:02:12.5674732-04:00" testType="13cdc9d9-ddb5-4fa4-a97d-d965ccfc6d4b" outcome="Passed" testListId="8c84fa94-04c1-424b-9868-57a2d4851a1d" relativeResultsDirectory="c2920073-46f0-4088-9573-28933a027e00" /><UnitTestResult executionId="e8fd5b59-4167-4451-a6cf-8034171a4335" testId="ecf920cf-b4c0-4e35-9833-0093e5fe6a4d" testName="PutFile_FileCanBeUpdated" computerName="VECTOR" duration="00:00:00.5070000" startTime="2018-05-22T05:01:55.2284658-04:00" endTime="2018-05-22T05:01:55.2284763-04:00" testType="13cdc9d9-ddb5-4fa4-a97d-d965ccfc6d4b" outcome="Passed" testListId="8c84fa94-04c1-424b-9868-57a2d4851a1d" relativeResultsDirectory="e8fd5b59-4167-4451-a6cf-8034171a4335" /><UnitTestResult executionId="70f6fc52-0a19-46b8-aaf0-b11b7957a14c" testId="9a6a49cb-237f-48d1-b3fd-9be6a16f3692" testName="Put_ValidReferencePropertyUpdatesModel" computerName="VECTOR" duration="00:00:00.0040000" startTime="2018-05-22T05:01:39.2396154-04:00" endTime="2018-05-22T05:01:39.2396194-04:00" testType="13cdc9d9-ddb5-4fa4-a97d-d965ccfc6d4b" outcome="Passed" testListId="8c84fa94-04c1-424b-9868-57a2d4851a1d" relativeResultsDirectory="70f6fc52-0a19-46b8-aaf0-b11b7957a14c" /><UnitTestResult executionId="e39715e5-a6b5-49bf-bf59-3bbb0f9be14e" testId="881ddfd1-80ea-483d-8044-4f8c159d7f6c" testName="LucyDepthBufferFindsOneDependent" computerName="VECTOR" duration="00:00:00.0030000" startTime="2018-05-22T05:01:37.8639957-04:00" endTime="2018-05-22T05:01:37.8639983-04:00" testType="13cdc9d9-ddb5-4fa4-a97d-d965ccfc6d4b" outcome="Passed" testListId="8c84fa94-04c1-424b-9868-57a2d4851a1d" relativeResultsDirectory="e39715e5-a6b5-49bf-bf59-3bbb0f9be14e" /><UnitTestResult executionId="87a93d80-ab0b-44d2-8b5b-20d3cfcb0a4b" testId="cdeb5665-9c6e-4caf-b94c-5a65d4e1e88f" testName="Patch_InvalidEnumPropertyValueReturnsBadRequest" computerName="VECTOR" duration="00:00:00.0210000" startTime="2018-05-22T05:02:04.6815397-04:00" endTime="2018-05-22T05:02:04.6815454-04:00" testType="13cdc9d9-ddb5-4fa4-a97d-d965ccfc6d4b" outcome="Passed" testListId="8c84fa94-04c1-424b-9868-57a2d4851a1d" relativeResultsDirectory="87a93d80-ab0b-44d2-8b5b-20d3cfcb0a4b" /><UnitTestResult executionId="1eef6f9b-2dc0-431c-ad8f-f16e66d322d3" testId="03491705-4170-4561-90b5-603d4b895336" testName="Patch_InvalidPropertyNameReturnsBadRequest" computerName="VECTOR" duration="00:00:00.0060000" startTime="2018-05-22T05:02:04.8039576-04:00" endTime="2018-05-22T05:02:04.8039632-04:00" testType="13cdc9d9-ddb5-4fa4-a97d-d965ccfc6d4b" outcome="Passed" testListId="8c84fa94-04c1-424b-9868-57a2d4851a1d" relativeResultsDirectory="1eef6f9b-2dc0-431c-ad8f-f16e66d322d3" /><UnitTestResult executionId="b2c56eab-b224-42cf-81c5-95d68b5554f5" testId="99cc77c1-b507-4c1e-bd44-2e7e5b1aa471" testName="Delete_TargetModelIsDeleted" computerName="VECTOR" duration="00:00:00.1410000" startTime="2018-05-22T05:02:05.0858483-04:00" endTime="2018-05-22T05:02:05.0858539-04:00" testType="13cdc9d9-ddb5-4fa4-a97d-d965ccfc6d4b" outcome="Passed" testListId="8c84fa94-04c1-424b-9868-57a2d4851a1d" relativeResultsDirectory="b2c56eab-b224-42cf-81c5-95d68b5554f5" /><UnitTestResult executionId="2ca78de5-a2c8-492a-a42b-fd6bf13df92f" testId="53cf6916-ada0-4226-9486-185957b33a5c" testName="FileRequest_FileCanBeReadAfterRename" computerName="VECTOR" duration="00:00:00.4550000" startTime="2018-05-22T05:02:09.4789468-04:00" endTime="2018-05-22T05:02:09.4789579-04:00" testType="13cdc9d9-ddb5-4fa4-a97d-d965ccfc6d4b" outcome="Passed" testListId="8c84fa94-04c1-424b-9868-57a2d4851a1d" relativeResultsDirectory="2ca78de5-a2c8-492a-a42b-fd6bf13df92f" /><UnitTestResult executionId="3db80e53-14ff-410f-aee6-5e1d57fb8552" testId="98d5b590-7e32-42fe-aaa2-e9b0fb4ae4c6" testName="LucyCameraFindsAllDependents" computerName="VECTOR" duration="00:00:00.0070000" startTime="2018-05-22T05:01:37.8604547-04:00" endTime="2018-05-22T05:01:37.8604579-04:00" testType="13cdc9d9-ddb5-4fa4-a97d-d965ccfc6d4b" outcome="Passed" testListId="8c84fa94-04c1-424b-9868-57a2d4851a1d" relativeResultsDirectory="3db80e53-14ff-410f-aee6-5e1d57fb8552" /><UnitTestResult executionId="539df656-ab3e-4f61-bcd0-c3e273f9cb63" testId="aa7ac426-1dc6-49df-8239-52f9db76247f" testName="Patch_TargetPropertyIsUpdated" computerName="VECTOR" duration="00:00:00.3250000" startTime="2018-05-22T05:02:05.5930580-04:00" endTime="2018-05-22T05:02:05.5930645-04:00" testType="13cdc9d9-ddb5-4fa4-a97d-d965ccfc6d4b" outcome="Passed" testListId="8c84fa94-04c1-424b-9868-57a2d4851a1d" relativeResultsDirectory="539df656-ab3e-4f61-bcd0-c3e273f9cb63" /><UnitTestResult executionId="f65442c5-76c2-4380-a758-2527f3e6f548" testId="8ba15775-28f2-400b-af56-fe88229eb7cc" testName="Patch_ValidReferencePropertyUpdatesModel" computerName="VECTOR" duration="00:00:00.2850000" startTime="2018-05-22T05:01:46.6654237-04:00" endTime="2018-05-22T05:01:46.6654356-04:00" testType="13cdc9d9-ddb5-4fa4-a97d-d965ccfc6d4b" outcome="Passed" testListId="8c84fa94-04c1-424b-9868-57a2d4851a1d" relativeResultsDirectory="f65442c5-76c2-4380-a758-2527f3e6f548" /><UnitTestResult executionId="5f3ffbbd-dcc5-4dba-8a8f-f8bbd773f8da" testId="283cbdfe-5f1a-4574-8b9c-88c43a31290a" testName="Patch_MultipleInvalidReferencePropertiesReturnsMultipleValidationErrorsAndBadRequest" computerName="VECTOR" duration="00:00:00.0210000" startTime="2018-05-22T05:01:50.9227888-04:00" endTime="2018-05-22T05:01:50.9227951-04:00" testType="13cdc9d9-ddb5-4fa4-a97d-d965ccfc6d4b" outcome="Passed" testListId="8c84fa94-04c1-424b-9868-57a2d4851a1d" relativeResultsDirectory="5f3ffbbd-dcc5-4dba-8a8f-f8bbd773f8da" /><UnitTestResult executionId="636f0692-fa01-45c1-9607-a61b189348f0" testId="b30ed889-1251-4359-865c-7b911e015154" testName="Put_ValidReferencePropertyUpdatesModel" computerName="VECTOR" duration="00:00:00.3640000" startTime="2018-05-22T05:02:05.9570086-04:00" endTime="2018-05-22T05:02:05.9570146-04:00" testType="13cdc9d9-ddb5-4fa4-a97d-d965ccfc6d4b" outcome="Passed" testListId="8c84fa94-04c1-424b-9868-57a2d4851a1d" relativeResultsDirectory="636f0692-fa01-45c1-9607-a61b189348f0" /><UnitTestResult executionId="6963ac67-4547-4010-9dc9-eb2abd405d0a" testId="7cf4de2f-387f-4f0c-90d1-fac5dac783d5" testName="Post_CanCreateNewModel" computerName="VECTOR" duration="00:00:00.2050000" startTime="2018-05-22T05:01:50.8264354-04:00" endTime="2018-05-22T05:01:50.8264471-04:00" testType="13cdc9d9-ddb5-4fa4-a97d-d965ccfc6d4b" outcome="Passed" testListId="8c84fa94-04c1-424b-9868-57a2d4851a1d" relativeResultsDirectory="6963ac67-4547-4010-9dc9-eb2abd405d0a" /></Results><TestDefinitions><UnitTest name="GetList_ListReturnsCorrectCount" storage="d:\users\steve knipmeyer\documents\github\modelrelief\modelrelief.test\bin\debug\netcoreapp2.0\modelrelief.test.dll" id="cdd67130-05cd-46bc-9dc3-cdfe0fa34571"><Execution id="ad2bd93c-8cfe-4be5-8ffc-c6953de3f4e8" /><TestMethod codeBase="D:\Users\Steve Knipmeyer\Documents\GitHub\ModelRelief\ModelRelief.test\bin\Debug\netcoreapp2.0\ModelRelief.Test.dll" adapterTypeName="executor://xunit/VsTestRunner2/netcoreapp" className="ModelRelief.Test.Integration.Cameras.CamerasBaseIntegrationTests" name="GetList_ListReturnsCorrectCount" /></UnitTest><UnitTest name="Put_CanUpdateModel" storage="d:\users\steve knipmeyer\documents\github\modelrelief\modelrelief.test\bin\debug\netcoreapp2.0\modelrelief.test.dll" id="49012851-d0d7-43da-b0bb-515dca8c4d1b"><Execution id="f9dd9192-c8c3-471d-8cc1-883ff6d4c194" /><TestMethod codeBase="D:\Users\Steve Knipmeyer\Documents\GitHub\ModelRelief\ModelRelief.test\bin\Debug\netcoreapp2.0\ModelRelief.Test.dll" adapterTypeName="executor://xunit/VsTestRunner2/netcoreapp" className="ModelRelief.Test.Integration.Meshes.MeshesBaseIntegrationTests" name="Put_CanUpdateModel" /></UnitTest><UnitTest name="GetFile_FileCanBeRoundTripped" storage="d:\users\steve knipmeyer\documents\github\modelrelief\modelrelief.test\bin\debug\netcoreapp2.0\modelrelief.test.dll" id="44318558-e0dd-4877-adaf-b32321d797a3"><Execution id="4965f68a-fd0e-4321-b54c-2014db5b957a" /><TestMethod codeBase="D:\Users\Steve Knipmeyer\Documents\GitHub\ModelRelief\ModelRelief.test\bin\Debug\netcoreapp2.0\ModelRelief.Test.dll" adapterTypeName="executor://xunit/VsTestRunner2/netcoreapp" className="ModelRelief.Test.Integration.Meshes.MeshesFileIntegrationTests" name="GetFile_FileCanBeRoundTripped" /></UnitTest><UnitTest name="Patch_InvalidIdPropertyReturnsNotFound" storage="d:\users\steve knipmeyer\documents\github\modelrelief\modelrelief.test\bin\debug\netcoreapp2.0\modelrelief.test.dll" id="7dc7437f-015a-4eed-a354-7404c39abf93"><Execution id="7dc372ee-abcf-4875-b823-03dc6811048d" /><TestMethod codeBase="D:\Users\Steve Knipmeyer\Documents\GitHub\ModelRelief\ModelRelief.test\bin\Debug\netcoreapp2.0\ModelRelief.Test.dll" adapterTypeName="executor://xunit/VsTestRunner2/netcoreapp" className="ModelRelief.Test.Integration.Meshes.MeshesBaseIntegrationTests" name="Patch_InvalidIdPropertyReturnsNotFound" /></UnitTest><UnitTest name="Patch_InvalidIdPropertyReturnsNotFound" storage="d:\users\steve knipmeyer\documents\github\modelrelief\modelrelief.test\bin\debug\netcoreapp2.0\modelrelief.test.dll" id="d67eba36-3323-403f-9b4b-126c31b6b569"><Execution id="94f03c4f-dfa6-421e-8f10-d09eb3b4a119" /><TestMethod codeBase="D:\Users\Steve Knipmeyer\Documents\GitHub\ModelRelief\ModelRelief.test\bin\Debug\netcoreapp2.0\ModelRelief.Test.dll" adapterTypeName="executor://xunit/VsTestRunner2/netcoreapp" className="ModelRelief.Test.Integration.Cameras.CamerasBaseIntegrationTests" name="Patch_InvalidIdPropertyReturnsNotFound" /></UnitTest><UnitTest name="PostFile_FileTimeStampIsUpdatedAfterFileIsPosted" storage="d:\users\steve knipmeyer\documents\github\modelrelief\modelrelief.test\bin\debug\netcoreapp2.0\modelrelief.test.dll" id="94d7b37e-409d-4311-8694-2960a6132546"><Execution id="52f23d88-280d-4a95-b62f-8369988c3360" /><TestMethod codeBase="D:\Users\Steve Knipmeyer\Documents\GitHub\ModelRelief\ModelRelief.test\bin\Debug\netcoreapp2.0\ModelRelief.Test.dll" adapterTypeName="executor://xunit/VsTestRunner2/netcoreapp" className="ModelRelief.Test.Integration.DepthBuffers.DepthBuffersFileIntegrationTests" name="PostFile_FileTimeStampIsUpdatedAfterFileIsPosted" /></UnitTest><UnitTest name="PostFile_FileIsSynchronizedIsUpdatedAfterFileIsPosted" storage="d:\users\steve knipmeyer\documents\github\modelrelief\modelrelief.test\bin\debug\netcoreapp2.0\modelrelief.test.dll" id="5a468f21-d782-40aa-8608-e406598295fa"><Execution id="901eefdc-2559-406e-9ddb-a0b4344ce66f" /><TestMethod codeBase="D:\Users\Steve Knipmeyer\Documents\GitHub\ModelRelief\ModelRelief.test\bin\Debug\netcoreapp2.0\ModelRelief.Test.dll" adapterTypeName="executor://xunit/VsTestRunner2/netcoreapp" className="ModelRelief.Test.Integration.Models.ModelsFileIntegrationTests" name="PostFile_FileIsSynchronizedIsUpdatedAfterFileIsPosted" /></UnitTest><UnitTest name="PostFile_NewFileCanBePosted" storage="d:\users\steve knipmeyer\documents\github\modelrelief\modelrelief.test\bin\debug\netcoreapp2.0\modelrelief.test.dll" id="e5edbbba-c8aa-4c65-857a-bdada62f6b9e"><Execution id="a15d2605-ae20-4d52-b992-e8eaf63640a3" /><TestMethod codeBase="D:\Users\Steve Knipmeyer\Documents\GitHub\ModelRelief\ModelRelief.test\bin\Debug\netcoreapp2.0\ModelRelief.Test.dll" adapterTypeName="executor://xunit/VsTestRunner2/netcoreapp" className="ModelRelief.Test.Integration.Models.ModelsFileIntegrationTests" name="PostFile_NewFileCanBePosted" /></UnitTest><UnitTest name="LucyDepthBufferFindsOneDependent" storage="d:\users\steve knipmeyer\documents\github\modelrelief\modelrelief.test\bin\debug\netcoreapp2.0\modelrelief.test.dll" id="881ddfd1-80ea-483d-8044-4f8c159d7f6c"><Execution id="e39715e5-a6b5-49bf-bf59-3bbb0f9be14e" /><TestMethod codeBase="D:\Users\Steve Knipmeyer\Documents\GitHub\ModelRelief\ModelRelief.test\bin\Debug\netcoreapp2.0\ModelRelief.Test.dll" adapterTypeName="executor://xunit/VsTestRunner2/netcoreapp" className="ModelRelief.Test.Unit.DependencyManager.DependencyManagerTests" name="LucyDepthBufferFindsOneDependent" /></UnitTest><UnitTest name="Post_InvalidPropertyValueReturnsBadRequest" storage="d:\users\steve knipmeyer\documents\github\modelrelief\modelrelief.test\bin\debug\netcoreapp2.0\modelrelief.test.dll" id="4998f186-59cf-4adb-922c-7afa594620c4"><Execution id="8be631b9-626d-4a36-be60-b1ea197e83aa" /><TestMethod codeBase="D:\Users\Steve Knipmeyer\Documents\GitHub\ModelRelief\ModelRelief.test\bin\Debug\netcoreapp2.0\ModelRelief.Test.dll" adapterTypeName="executor://xunit/VsTestRunner2/netcoreapp" className="ModelRelief.Test.Integration.Meshes.MeshesBaseIntegrationTests" name="Post_InvalidPropertyValueReturnsBadRequest" /></UnitTest><UnitTest name="Put_CanUpdateModel" storage="d:\users\steve knipmeyer\documents\github\modelrelief\modelrelief.test\bin\debug\netcoreapp2.0\modelrelief.test.dll" id="af17f1c2-1d20-4b69-92bc-be340631e549"><Execution id="bd222af6-3807-46f6-b645-e5eecf9520a0" /><TestMethod codeBase="D:\Users\Steve Knipmeyer\Documents\GitHub\ModelRelief\ModelRelief.test\bin\Debug\netcoreapp2.0\ModelRelief.Test.dll" adapterTypeName="executor://xunit/VsTestRunner2/netcoreapp" className="ModelRelief.Test.Integration.MeshTransforms.MeshTransformsBaseIntegrationTests" name="Put_CanUpdateModel" /></UnitTest><UnitTest name="Delete_TargetModelIsDeleted" storage="d:\users\steve knipmeyer\documents\github\modelrelief\modelrelief.test\bin\debug\netcoreapp2.0\modelrelief.test.dll" id="29334b04-d77b-4c87-b0c1-9723c31b150f"><Execution id="ff0b8c8f-d7f7-4300-bde4-e49fbe33fada" /><TestMethod codeBase="D:\Users\Steve Knipmeyer\Documents\GitHub\ModelRelief\ModelRelief.test\bin\Debug\netcoreapp2.0\ModelRelief.Test.dll" adapterTypeName="executor://xunit/VsTestRunner2/netcoreapp" className="ModelRelief.Test.Integration.Cameras.CamerasBaseIntegrationTests" name="Delete_TargetModelIsDeleted" /></UnitTest><UnitTest name="GetSingle_ValidIdPropertyValueReturnsCorrectModel" storage="d:\users\steve knipmeyer\documents\github\modelrelief\modelrelief.test\bin\debug\netcoreapp2.0\modelrelief.test.dll" id="8a78b9dd-6439-4132-b97f-5ba97d618275"><Execution id="cc8df000-19e6-41c7-8a43-d8432fe12114" /><TestMethod codeBase="D:\Users\Steve Knipmeyer\Documents\GitHub\ModelRelief\ModelRelief.test\bin\Debug\netcoreapp2.0\ModelRelief.Test.dll" adapterTypeName="executor://xunit/VsTestRunner2/netcoreapp" className="ModelRelief.Test.Integration.Models.ModelsBaseIntegrationTests" name="GetSingle_ValidIdPropertyValueReturnsCorrectModel" /></UnitTest><UnitTest name="Put_ValidReferencePropertyUpdatesModel" storage="d:\users\steve knipmeyer\documents\github\modelrelief\modelrelief.test\bin\debug\netcoreapp2.0\modelrelief.test.dll" id="0ddc5cf3-b5ec-485a-9646-752c62308678"><Execution id="aecfe0cb-7cd9-42c7-ab64-1aec247d425a" /><TestMethod codeBase="D:\Users\Steve Knipmeyer\Documents\GitHub\ModelRelief\ModelRelief.test\bin\Debug\netcoreapp2.0\ModelRelief.Test.dll" adapterTypeName="executor://xunit/VsTestRunner2/netcoreapp" className="ModelRelief.Test.Integration.MeshTransforms.MeshTransformsBaseIntegrationTests" name="Put_ValidReferencePropertyUpdatesModel" /></UnitTest><UnitTest name="Post_CanCreateNewModel" storage="d:\users\steve knipmeyer\documents\github\modelrelief\modelrelief.test\bin\debug\netcoreapp2.0\modelrelief.test.dll" id="c8d8b7bf-6aaa-42e1-ada7-3eb57a52a2f4"><Execution id="cf5a2558-89b0-47e3-ac86-c621c5b8368c" /><TestMethod codeBase="D:\Users\Steve Knipmeyer\Documents\GitHub\ModelRelief\ModelRelief.test\bin\Debug\netcoreapp2.0\ModelRelief.Test.dll" adapterTypeName="executor://xunit/VsTestRunner2/netcoreapp" className="ModelRelief.Test.Integration.Models.ModelsBaseIntegrationTests" name="Post_CanCreateNewModel" /></UnitTest><UnitTest name="PutFile_FileCanBeUpdated" storage="d:\users\steve knipmeyer\documents\github\modelrelief\modelrelief.test\bin\debug\netcoreapp2.0\modelrelief.test.dll" id="9c7a5505-e46d-4a64-94b4-d6b7b0ee8d70"><Execution id="d05d837c-1719-4859-8ecb-ad289372b5aa" /><TestMethod codeBase="D:\Users\Steve Knipmeyer\Documents\GitHub\ModelRelief\ModelRelief.test\bin\Debug\netcoreapp2.0\ModelRelief.Test.dll" adapterTypeName="executor://xunit/VsTestRunner2/netcoreapp" className="ModelRelief.Test.Integration.Models.ModelsFileIntegrationTests" name="PutFile_FileCanBeUpdated" /></UnitTest><UnitTest name="Patch_InvalidEnumPropertyValueReturnsBadRequest" storage="d:\users\steve knipmeyer\documents\github\modelrelief\modelrelief.test\bin\debug\netcoreapp2.0\modelrelief.test.dll" id="9bfbc79b-49fd-4514-a877-1fba4e1d0490"><Execution id="03cf464e-56aa-44f3-9b19-84e5d4e95591" /><TestMethod codeBase="D:\Users\Steve Knipmeyer\Documents\GitHub\ModelRelief\ModelRelief.test\bin\Debug\netcoreapp2.0\ModelRelief.Test.dll" adapterTypeName="executor://xunit/VsTestRunner2/netcoreapp" className="ModelRelief.Test.Integration.Cameras.CamerasBaseIntegrationTests" name="Patch_InvalidEnumPropertyValueReturnsBadRequest" /></UnitTest><UnitTest name="Patch_ValidReferencePropertyUpdatesModel" storage="d:\users\steve knipmeyer\documents\github\modelrelief\modelrelief.test\bin\debug\netcoreapp2.0\modelrelief.test.dll" id="1927a143-c3f6-41ec-895e-d239cc2dcada"><Execution id="1b73ccf9-52ad-433e-9210-8c52a4b78bf3" /><TestMethod codeBase="D:\Users\Steve Knipmeyer\Documents\GitHub\ModelRelief\ModelRelief.test\bin\Debug\netcoreapp2.0\ModelRelief.Test.dll" adapterTypeName="executor://xunit/VsTestRunner2/netcoreapp" className="ModelRelief.Test.Integration.Cameras.CamerasBaseIntegrationTests" name="Patch_ValidReferencePropertyUpdatesModel" /></UnitTest><UnitTest name="PostFile_NewFileCanBePosted" storage="d:\users\steve knipmeyer\documents\github\modelrelief\modelrelief.test\bin\debug\netcoreapp2.0\modelrelief.test.dll" id="919e605e-0fb0-4ed4-aeb8-d6df8dd5ebb0"><Execution id="d523a9aa-1dfd-4157-9e6d-c6da2099ac37" /><TestMethod codeBase="D:\Users\Steve Knipmeyer\Documents\GitHub\ModelRelief\ModelRelief.test\bin\Debug\netcoreapp2.0\ModelRelief.Test.dll" adapterTypeName="executor://xunit/VsTestRunner2/netcoreapp" className="ModelRelief.Test.Integration.Meshes.MeshesFileIntegrationTests" name="PostFile_NewFileCanBePosted" /></UnitTest><UnitTest name="Patch_InvalidPropertyNameReturnsBadRequest" storage="d:\users\steve knipmeyer\documents\github\modelrelief\modelrelief.test\bin\debug\netcoreapp2.0\modelrelief.test.dll" id="1ac659eb-31e1-437f-a832-c0e64546a932"><Execution id="622f8555-854c-4ec4-aaf5-b409dca90c9a" /><TestMethod codeBase="D:\Users\Steve Knipmeyer\Documents\GitHub\ModelRelief\ModelRelief.test\bin\Debug\netcoreapp2.0\ModelRelief.Test.dll" adapterTypeName="executor://xunit/VsTestRunner2/netcoreapp" className="ModelRelief.Test.Integration.Models.ModelsBaseIntegrationTests" name="Patch_InvalidPropertyNameReturnsBadRequest" /></UnitTest><UnitTest name="GetList_ListReturnsCorrectCount" storage="d:\users\steve knipmeyer\documents\github\modelrelief\modelrelief.test\bin\debug\netcoreapp2.0\modelrelief.test.dll" id="8e3fab30-660d-48ca-b84f-17e3dceac02f"><Execution id="9e75b4cd-ce2e-4e78-8416-5046a9f78ba5" /><TestMethod codeBase="D:\Users\Steve Knipmeyer\Documents\GitHub\ModelRelief\ModelRelief.test\bin\Debug\netcoreapp2.0\ModelRelief.Test.dll" adapterTypeName="executor://xunit/VsTestRunner2/netcoreapp" className="ModelRelief.Test.Integration.Meshes.MeshesBaseIntegrationTests" name="GetList_ListReturnsCorrectCount" /></UnitTest><UnitTest name="FileRequest_FileCanBeReadAfterRename" storage="d:\users\steve knipmeyer\documents\github\modelrelief\modelrelief.test\bin\debug\netcoreapp2.0\modelrelief.test.dll" id="6b2c0638-af7c-4f5f-af0b-c80e68749f4a"><Execution id="f7be461c-3d65-4b0e-9c50-fcf0f59f6012" /><TestMethod codeBase="D:\Users\Steve Knipmeyer\Documents\GitHub\ModelRelief\ModelRelief.test\bin\Debug\netcoreapp2.0\ModelRelief.Test.dll" adapterTypeName="executor://xunit/VsTestRunner2/netcoreapp" className="ModelRelief.Test.Integration.Meshes.MeshesFileIntegrationTests" name="FileRequest_FileCanBeReadAfterRename" /></UnitTest><UnitTest name="PostFile_FileIsSynchronizedIsUpdatedAfterFileIsPosted" storage="d:\users\steve knipmeyer\documents\github\modelrelief\modelrelief.test\bin\debug\netcoreapp2.0\modelrelief.test.dll" id="dcf8fc52-d7c4-494f-be9d-fab77f76d66a"><Execution id="59e8518d-8b84-4afd-95da-0c70ea9fefa8" /><TestMethod codeBase="D:\Users\Steve Knipmeyer\Documents\GitHub\ModelRelief\ModelRelief.test\bin\Debug\netcoreapp2.0\ModelRelief.Test.dll" adapterTypeName="executor://xunit/VsTestRunner2/netcoreapp" className="ModelRelief.Test.Integration.Meshes.MeshesFileIntegrationTests" name="PostFile_FileIsSynchronizedIsUpdatedAfterFileIsPosted" /></UnitTest><UnitTest name="PostFile_NewFileCanBePosted" storage="d:\users\steve knipmeyer\documents\github\modelrelief\modelrelief.test\bin\debug\netcoreapp2.0\modelrelief.test.dll" id="f3e0bafa-486e-47bb-8ea1-d89a9af7dee8"><Execution id="1066a9bd-87c7-471f-b858-57fc445c8577" /><TestMethod codeBase="D:\Users\Steve Knipmeyer\Documents\GitHub\ModelRelief\ModelRelief.test\bin\Debug\netcoreapp2.0\ModelRelief.Test.dll" adapterTypeName="executor://xunit/VsTestRunner2/netcoreapp" className="ModelRelief.Test.Integration.DepthBuffers.DepthBuffersFileIntegrationTests" name="PostFile_NewFileCanBePosted" /></UnitTest><UnitTest name="CameraHasExpectedDependentFiles" storage="d:\users\steve knipmeyer\documents\github\modelrelief\modelrelief.test\bin\debug\netcoreapp2.0\modelrelief.test.dll" id="48f17cfa-a549-4ed6-b8e8-95539d1e6a70"><Execution id="ebe9317f-0c80-4376-9960-a786c337498f" /><TestMethod codeBase="D:\Users\Steve Knipmeyer\Documents\GitHub\ModelRelief\ModelRelief.test\bin\Debug\netcoreapp2.0\ModelRelief.Test.dll" adapterTypeName="executor://xunit/VsTestRunner2/netcoreapp" className="ModelRelief.Test.Unit.DependencyManager.DependencyManagerTests" name="CameraHasExpectedDependentFiles" /></UnitTest><UnitTest name="Post_ValidReferencePropertyCreatesModel" storage="d:\users\steve knipmeyer\documents\github\modelrelief\modelrelief.test\bin\debug\netcoreapp2.0\modelrelief.test.dll" id="18d492ac-b2f8-4fc8-aee2-620097705c5a"><Execution id="277b1c2a-5026-4ace-9aa1-af988a29fc7f" /><TestMethod codeBase="D:\Users\Steve Knipmeyer\Documents\GitHub\ModelRelief\ModelRelief.test\bin\Debug\netcoreapp2.0\ModelRelief.Test.dll" adapterTypeName="executor://xunit/VsTestRunner2/netcoreapp" className="ModelRelief.Test.Integration.Cameras.CamerasBaseIntegrationTests" name="Post_ValidReferencePropertyCreatesModel" /></UnitTest><UnitTest name="Put_InvalidIdReturnsNotFound" storage="d:\users\steve knipmeyer\documents\github\modelrelief\modelrelief.test\bin\debug\netcoreapp2.0\modelrelief.test.dll" id="343dcf88-5178-4978-8dbf-408a5f9307df"><Execution id="ce85183b-337b-4293-a85d-700bb2929ac9" /><TestMethod codeBase="D:\Users\Steve Knipmeyer\Documents\GitHub\ModelRelief\ModelRelief.test\bin\Debug\netcoreapp2.0\ModelRelief.Test.dll" adapterTypeName="executor://xunit/VsTestRunner2/netcoreapp" className="ModelRelief.Test.Integration.Cameras.CamerasBaseIntegrationTests" name="Put_InvalidIdReturnsNotFound" /></UnitTest><UnitTest name="PutFile_NewFileCanBePut" storage="d:\users\steve knipmeyer\documents\github\modelrelief\modelrelief.test\bin\debug\netcoreapp2.0\modelrelief.test.dll" id="a914828c-7149-4bfd-bbaa-f82794e94c0d"><Execution id="929ad3fd-2c55-4e7e-907a-a7764b5b235e" /><TestMethod codeBase="D:\Users\Steve Knipmeyer\Documents\GitHub\ModelRelief\ModelRelief.test\bin\Debug\netcoreapp2.0\ModelRelief.Test.dll" adapterTypeName="executor://xunit/VsTestRunner2/netcoreapp" className="ModelRelief.Test.Integration.Meshes.MeshesFileIntegrationTests" name="PutFile_NewFileCanBePut" /></UnitTest><UnitTest name="PutFile_FileCanBeUpdated" storage="d:\users\steve knipmeyer\documents\github\modelrelief\modelrelief.test\bin\debug\netcoreapp2.0\modelrelief.test.dll" id="ecf920cf-b4c0-4e35-9833-0093e5fe6a4d"><Execution id="e8fd5b59-4167-4451-a6cf-8034171a4335" /><TestMethod codeBase="D:\Users\Steve Knipmeyer\Documents\GitHub\ModelRelief\ModelRelief.test\bin\Debug\netcoreapp2.0\ModelRelief.Test.dll" adapterTypeName="executor://xunit/VsTestRunner2/netcoreapp" className="ModelRelief.Test.Integration.Meshes.MeshesFileIntegrationTests" name="PutFile_FileCanBeUpdated" /></UnitTest><UnitTest name="Patch_MultipleInvalidReferencePropertiesReturnsMultipleValidationErrorsAndBadRequest" storage="d:\users\steve knipmeyer\documents\github\modelrelief\modelrelief.test\bin\debug\netcoreapp2.0\modelrelief.test.dll" id="4df999ea-36fa-4a85-99af-d608812da1c9"><Execution id="5a81b905-d24a-4f1c-9222-bdc136b9565e" /><TestMethod codeBase="D:\Users\Steve Knipmeyer\Documents\GitHub\ModelRelief\ModelRelief.test\bin\Debug\netcoreapp2.0\ModelRelief.Test.dll" adapterTypeName="executor://xunit/VsTestRunner2/netcoreapp" className="ModelRelief.Test.Integration.Cameras.CamerasBaseIntegrationTests" name="Patch_MultipleInvalidReferencePropertiesReturnsMultipleValidationErrorsAndBadRequest" /></UnitTest><UnitTest name="Put_CanUpdateModel" storage="d:\users\steve knipmeyer\documents\github\modelrelief\modelrelief.test\bin\debug\netcoreapp2.0\modelrelief.test.dll" id="9c98fea3-4cee-4c1d-ad47-7a8bb01f3d77"><Execution id="64609c25-460f-4cd8-b431-6c7eec81eed4" /><TestMethod codeBase="D:\Users\Steve Knipmeyer\Documents\GitHub\ModelRelief\ModelRelief.test\bin\Debug\netcoreapp2.0\ModelRelief.Test.dll" adapterTypeName="executor://xunit/VsTestRunner2/netcoreapp" className="ModelRelief.Test.Integration.Cameras.CamerasBaseIntegrationTests" name="Put_CanUpdateModel" /></UnitTest><UnitTest name="FileRequest_FileCanBeReadAfterRename" storage="d:\users\steve knipmeyer\documents\github\modelrelief\modelrelief.test\bin\debug\netcoreapp2.0\modelrelief.test.dll" id="53cf6916-ada0-4226-9486-185957b33a5c"><Execution id="2ca78de5-a2c8-492a-a42b-fd6bf13df92f" /><TestMethod codeBase="D:\Users\Steve Knipmeyer\Documents\GitHub\ModelRelief\ModelRelief.test\bin\Debug\netcoreapp2.0\ModelRelief.Test.dll" adapterTypeName="executor://xunit/VsTestRunner2/netcoreapp" className="ModelRelief.Test.Integration.DepthBuffers.DepthBuffersFileIntegrationTests" name="FileRequest_FileCanBeReadAfterRename" /></UnitTest><UnitTest name="GetSingle_InvalidIdPropertyValueReturnsNotFound" storage="d:\users\steve knipmeyer\documents\github\modelrelief\modelrelief.test\bin\debug\netcoreapp2.0\modelrelief.test.dll" id="d15cd6b5-6682-4ea0-9098-4743af0a0e2b"><Execution id="1693bf82-3bd0-40cc-a203-b4254dfa71c2" /><TestMethod codeBase="D:\Users\Steve Knipmeyer\Documents\GitHub\ModelRelief\ModelRelief.test\bin\Debug\netcoreapp2.0\ModelRelief.Test.dll" adapterTypeName="executor://xunit/VsTestRunner2/netcoreapp" className="ModelRelief.Test.Integration.Projects.ProjectsBaseIntegrationTests" name="GetSingle_InvalidIdPropertyValueReturnsNotFound" /></UnitTest><UnitTest name="Post_CanCreateNewModel" storage="d:\users\steve knipmeyer\documents\github\modelrelief\modelrelief.test\bin\debug\netcoreapp2.0\modelrelief.test.dll" id="c64cdf86-0e5a-4c11-befc-2d6575f9f5d8"><Execution id="49e7f245-633f-4e07-b25d-366431c95ad4" /><TestMethod codeBase="D:\Users\Steve Knipmeyer\Documents\GitHub\ModelRelief\ModelRelief.test\bin\Debug\netcoreapp2.0\ModelRelief.Test.dll" adapterTypeName="executor://xunit/VsTestRunner2/netcoreapp" className="ModelRelief.Test.Integration.Cameras.CamerasBaseIntegrationTests" name="Post_CanCreateNewModel" /></UnitTest><UnitTest name="Put_InvalidReferencePropertyReturndBadRequest" storage="d:\users\steve knipmeyer\documents\github\modelrelief\modelrelief.test\bin\debug\netcoreapp2.0\modelrelief.test.dll" id="a43c1bde-1938-49d6-b500-467cce89ec8d"><Execution id="ad16340e-61d1-4e0f-8198-ae69da643167" /><TestMethod codeBase="D:\Users\Steve Knipmeyer\Documents\GitHub\ModelRelief\ModelRelief.test\bin\Debug\netcoreapp2.0\ModelRelief.Test.dll" adapterTypeName="executor://xunit/VsTestRunner2/netcoreapp" className="ModelRelief.Test.Integration.Models.ModelsBaseIntegrationTests" name="Put_InvalidReferencePropertyReturndBadRequest" /></UnitTest><UnitTest name="Post_InvalidPropertyValueReturnsBadRequest" storage="d:\users\steve knipmeyer\documents\github\modelrelief\modelrelief.test\bin\debug\netcoreapp2.0\modelrelief.test.dll" id="63e0a337-b09d-4e58-865c-83c25db95835"><Execution id="c1093698-c158-4bdf-ad81-d3059e479d06" /><TestMethod codeBase="D:\Users\Steve Knipmeyer\Documents\GitHub\ModelRelief\ModelRelief.test\bin\Debug\netcoreapp2.0\ModelRelief.Test.dll" adapterTypeName="executor://xunit/VsTestRunner2/netcoreapp" className="ModelRelief.Test.Integration.DepthBuffers.DepthBuffersBaseIntegrationTests" name="Post_InvalidPropertyValueReturnsBadRequest" /></UnitTest><UnitTest name="LucyCameraFindsAllDependents" storage="d:\users\steve knipmeyer\documents\github\modelrelief\modelrelief.test\bin\debug\netcoreapp2.0\modelrelief.test.dll" id="98d5b590-7e32-42fe-aaa2-e9b0fb4ae4c6"><Execution id="3db80e53-14ff-410f-aee6-5e1d57fb8552" /><TestMethod codeBase="D:\Users\Steve Knipmeyer\Documents\GitHub\ModelRelief\ModelRelief.test\bin\Debug\netcoreapp2.0\ModelRelief.Test.dll" adapterTypeName="executor://xunit/VsTestRunner2/netcoreapp" className="ModelRelief.Test.Unit.DependencyManager.DependencyManagerTests" name="LucyCameraFindsAllDependents" /></UnitTest><UnitTest name="GetList_ListReturnsCorrectCount" storage="d:\users\steve knipmeyer\documents\github\modelrelief\modelrelief.test\bin\debug\netcoreapp2.0\modelrelief.test.dll" id="838efbb6-6f8a-4407-b76f-3deb06d6b0d0"><Execution id="3a0e66ca-3104-4072-8f2c-6521808cab10" /><TestMethod codeBase="D:\Users\Steve Knipmeyer\Documents\GitHub\ModelRelief\ModelRelief.test\bin\Debug\netcoreapp2.0\ModelRelief.Test.dll" adapterTypeName="executor://xunit/VsTestRunner2/netcoreapp" className="ModelRelief.Test.Integration.Projects.ProjectsBaseIntegrationTests" name="GetList_ListReturnsCorrectCount" /></UnitTest><UnitTest name="FileRequest_MeshGenerateScalesDepthBufferByLambdaLinearScaling" storage="d:\users\steve knipmeyer\documents\github\modelrelief\modelrelief.test\bin\debug\netcoreapp2.0\modelrelief.test.dll" id="bf9ade31-4d95-4647-b1d4-88dddee48ef0"><Execution id="05fcb7db-6dcc-441f-9504-492d22df40c1" /><TestMethod codeBase="D:\Users\Steve Knipmeyer\Documents\GitHub\ModelRelief\ModelRelief.test\bin\Debug\netcoreapp2.0\ModelRelief.Test.dll" adapterTypeName="executor://xunit/VsTestRunner2/netcoreapp" className="ModelRelief.Test.Integration.Meshes.MeshesFileIntegrationTests" name="FileRequest_MeshGenerateScalesDepthBufferByLambdaLinearScaling" /></UnitTest><UnitTest name="Patch_InvalidEnumPropertyValueReturnsBadRequest" storage="d:\users\steve knipmeyer\documents\github\modelrelief\modelrelief.test\bin\debug\netcoreapp2.0\modelrelief.test.dll" id="6984b312-2486-4edd-8d9b-6aa36b3f1806"><Execution id="b35799a8-8b4e-4c9f-b583-2830e8af487d" /><TestMethod codeBase="D:\Users\Steve Knipmeyer\Documents\GitHub\ModelRelief\ModelRelief.test\bin\Debug\netcoreapp2.0\ModelRelief.Test.dll" adapterTypeName="executor://xunit/VsTestRunner2/netcoreapp" className="ModelRelief.Test.Integration.MeshTransforms.MeshTransformsBaseIntegrationTests" name="Patch_InvalidEnumPropertyValueReturnsBadRequest" /></UnitTest><UnitTest name="Patch_InvalidPropertyNameReturnsBadRequest" storage="d:\users\steve knipmeyer\documents\github\modelrelief\modelrelief.test\bin\debug\netcoreapp2.0\modelrelief.test.dll" id="6f7da6fe-cc3d-4ab0-9055-c3cf99c89f06"><Execution id="7dd36bb1-952a-4bac-9a57-802bd1266681" /><TestMethod codeBase="D:\Users\Steve Knipmeyer\Documents\GitHub\ModelRelief\ModelRelief.test\bin\Debug\netcoreapp2.0\ModelRelief.Test.dll" adapterTypeName="executor://xunit/VsTestRunner2/netcoreapp" className="ModelRelief.Test.Integration.Projects.ProjectsBaseIntegrationTests" name="Patch_InvalidPropertyNameReturnsBadRequest" /></UnitTest><UnitTest name="Post_InvalidReferencePropertyReturnsBadRequest" storage="d:\users\steve knipmeyer\documents\github\modelrelief\modelrelief.test\bin\debug\netcoreapp2.0\modelrelief.test.dll" id="3dde85b5-e441-4c85-baac-852c0c5dd282"><Execution id="5d387a56-8704-4dfa-9f5c-2f385b7827ca" /><TestMethod codeBase="D:\Users\Steve Knipmeyer\Documents\GitHub\ModelRelief\ModelRelief.test\bin\Debug\netcoreapp2.0\ModelRelief.Test.dll" adapterTypeName="executor://xunit/VsTestRunner2/netcoreapp" className="ModelRelief.Test.Integration.MeshTransforms.MeshTransformsBaseIntegrationTests" name="Post_InvalidReferencePropertyReturnsBadRequest" /></UnitTest><UnitTest name="Post_ValidReferencePropertyCreatesModel" storage="d:\users\steve knipmeyer\documents\github\modelrelief\modelrelief.test\bin\debug\netcoreapp2.0\modelrelief.test.dll" id="ab4c4b7b-64a6-4cac-b7dc-ab23633fa3e8"><Execution id="4bdb6c9d-2b59-47da-a045-b1cf9f8d5ede" /><TestMethod codeBase="D:\Users\Steve Knipmeyer\Documents\GitHub\ModelRelief\ModelRelief.test\bin\Debug\netcoreapp2.0\ModelRelief.Test.dll" adapterTypeName="executor://xunit/VsTestRunner2/netcoreapp" className="ModelRelief.Test.Integration.Meshes.MeshesBaseIntegrationTests" name="Post_ValidReferencePropertyCreatesModel" /></UnitTest><UnitTest name="Delete_TargetModelIsDeleted" storage="d:\users\steve knipmeyer\documents\github\modelrelief\modelrelief.test\bin\debug\netcoreapp2.0\modelrelief.test.dll" id="dacda558-b55d-4753-baf8-cc07d21d691b"><Execution id="37b5bacd-4d0a-4074-b5cd-fdbcbce9b1ce" /><TestMethod codeBase="D:\Users\Steve Knipmeyer\Documents\GitHub\ModelRelief\ModelRelief.test\bin\Debug\netcoreapp2.0\ModelRelief.Test.dll" adapterTypeName="executor://xunit/VsTestRunner2/netcoreapp" className="ModelRelief.Test.Integration.Models.ModelsBaseIntegrationTests" name="Delete_TargetModelIsDeleted" /></UnitTest><UnitTest name="Patch_TargetPropertyIsUpdated" storage="d:\users\steve knipmeyer\documents\github\modelrelief\modelrelief.test\bin\debug\netcoreapp2.0\modelrelief.test.dll" id="2f5bafd1-8e85-4cf9-9a34-bd4c750ea29e"><Execution id="cf6228a7-3f09-45b2-a9ee-d375f1e9c0cb" /><TestMethod codeBase="D:\Users\Steve Knipmeyer\Documents\GitHub\ModelRelief\ModelRelief.test\bin\Debug\netcoreapp2.0\ModelRelief.Test.dll" adapterTypeName="executor://xunit/VsTestRunner2/netcoreapp" className="ModelRelief.Test.Integration.Meshes.MeshesBaseIntegrationTests" name="Patch_TargetPropertyIsUpdated" /></UnitTest><UnitTest name="Post_CanCreateNewModel" storage="d:\users\steve knipmeyer\documents\github\modelrelief\modelrelief.test\bin\debug\netcoreapp2.0\modelrelief.test.dll" id="4bc4dd3f-347b-456c-b247-64f9f67f8aef"><Execution id="e7975246-2a9c-4c75-8991-07cce2b14346" /><TestMethod codeBase="D:\Users\Steve Knipmeyer\Documents\GitHub\ModelRelief\ModelRelief.test\bin\Debug\netcoreapp2.0\ModelRelief.Test.dll" adapterTypeName="executor://xunit/VsTestRunner2/netcoreapp" className="ModelRelief.Test.Integration.MeshTransforms.MeshTransformsBaseIntegrationTests" name="Post_CanCreateNewModel" /></UnitTest><UnitTest name="Patch_ValidReferencePropertyUpdatesModel" storage="d:\users\steve knipmeyer\documents\github\modelrelief\modelrelief.test\bin\debug\netcoreapp2.0\modelrelief.test.dll" id="c161c6ab-ce4f-4f07-bcd6-01bfe6459987"><Execution id="37c1bd73-53e2-4e80-aead-c84c3dd3f44e" /><TestMethod codeBase="D:\Users\Steve Knipmeyer\Documents\GitHub\ModelRelief\ModelRelief.test\bin\Debug\netcoreapp2.0\ModelRelief.Test.dll" adapterTypeName="executor://xunit/VsTestRunner2/netcoreapp" className="ModelRelief.Test.Integration.Models.ModelsBaseIntegrationTests" name="Patch_ValidReferencePropertyUpdatesModel" /></UnitTest><UnitTest name="GetSingle_ValidIdPropertyValueReturnsCorrectModel" storage="d:\users\steve knipmeyer\documents\github\modelrelief\modelrelief.test\bin\debug\netcoreapp2.0\modelrelief.test.dll" id="84257ee7-6c0d-474d-9465-7ab24efb9005"><Execution id="88843c1b-314d-4326-9661-a6402ef2e032" /><TestMethod codeBase="D:\Users\Steve Knipmeyer\Documents\GitHub\ModelRelief\ModelRelief.test\bin\Debug\netcoreapp2.0\ModelRelief.Test.dll" adapterTypeName="executor://xunit/VsTestRunner2/netcoreapp" className="ModelRelief.Test.Integration.DepthBuffers.DepthBuffersBaseIntegrationTests" name="GetSingle_ValidIdPropertyValueReturnsCorrectModel" /></UnitTest><UnitTest name="GetFile_FileCanBeRoundTripped" storage="d:\users\steve knipmeyer\documents\github\modelrelief\modelrelief.test\bin\debug\netcoreapp2.0\modelrelief.test.dll" id="f8cc87a0-8d7f-4344-a527-22c318a0a09b"><Execution id="a2fe7603-24c4-4717-ac8b-ee867adb3b86" /><TestMethod codeBase="D:\Users\Steve Knipmeyer\Documents\GitHub\ModelRelief\ModelRelief.test\bin\Debug\netcoreapp2.0\ModelRelief.Test.dll" adapterTypeName="executor://xunit/VsTestRunner2/netcoreapp" className="ModelRelief.Test.Integration.DepthBuffers.DepthBuffersFileIntegrationTests" name="GetFile_FileCanBeRoundTripped" /></UnitTest><UnitTest name="Post_InvalidPropertyValueReturnsBadRequest" storage="d:\users\steve knipmeyer\documents\github\modelrelief\modelrelief.test\bin\debug\netcoreapp2.0\modelrelief.test.dll" id="5642475a-b0d4-4277-9d14-e4ea3e14118a"><Execution id="9f38d2d1-1c19-4d92-90d4-3e947299f08f" /><TestMethod codeBase="D:\Users\Steve Knipmeyer\Documents\GitHub\ModelRelief\ModelRelief.test\bin\Debug\netcoreapp2.0\ModelRelief.Test.dll" adapterTypeName="executor://xunit/VsTestRunner2/netcoreapp" className="ModelRelief.Test.Integration.MeshTransforms.MeshTransformsBaseIntegrationTests" name="Post_InvalidPropertyValueReturnsBadRequest" /></UnitTest><UnitTest name="FileRequest_MeshGenerateSetsFileIsSynchronized" storage="d:\users\steve knipmeyer\documents\github\modelrelief\modelrelief.test\bin\debug\netcoreapp2.0\modelrelief.test.dll" id="4b1b3f9f-395d-448e-9caa-8b902ab4b2a1"><Execution id="e895d2b8-ded1-40a8-9942-87e440b1c59f" /><TestMethod codeBase="D:\Users\Steve Knipmeyer\Documents\GitHub\ModelRelief\ModelRelief.test\bin\Debug\netcoreapp2.0\ModelRelief.Test.dll" adapterTypeName="executor://xunit/VsTestRunner2/netcoreapp" className="ModelRelief.Test.Integration.Meshes.MeshesFileIntegrationTests" name="FileRequest_MeshGenerateSetsFileIsSynchronized" /></UnitTest><UnitTest name="Patch_TargetPropertyIsUpdated" storage="d:\users\steve knipmeyer\documents\github\modelrelief\modelrelief.test\bin\debug\netcoreapp2.0\modelrelief.test.dll" id="0741629e-a95c-4482-b3f7-50ce893e7137"><Execution id="0f859860-26ef-489a-8ba6-52614559f5aa" /><TestMethod codeBase="D:\Users\Steve Knipmeyer\Documents\GitHub\ModelRelief\ModelRelief.test\bin\Debug\netcoreapp2.0\ModelRelief.Test.dll" adapterTypeName="executor://xunit/VsTestRunner2/netcoreapp" className="ModelRelief.Test.Integration.Projects.ProjectsBaseIntegrationTests" name="Patch_TargetPropertyIsUpdated" /></UnitTest><UnitTest name="Put_ValidReferencePropertyUpdatesModel" storage="d:\users\steve knipmeyer\documents\github\modelrelief\modelrelief.test\bin\debug\netcoreapp2.0\modelrelief.test.dll" id="9a6a49cb-237f-48d1-b3fd-9be6a16f3692"><Execution id="70f6fc52-0a19-46b8-aaf0-b11b7957a14c" /><TestMethod codeBase="D:\Users\Steve Knipmeyer\Documents\GitHub\ModelRelief\ModelRelief.test\bin\Debug\netcoreapp2.0\ModelRelief.Test.dll" adapterTypeName="executor://xunit/VsTestRunner2/netcoreapp" className="ModelRelief.Test.Integration.Projects.ProjectsBaseIntegrationTests" name="Put_ValidReferencePropertyUpdatesModel" /></UnitTest><UnitTest name="GetList_ListReturnsCorrectCount" storage="d:\users\steve knipmeyer\documents\github\modelrelief\modelrelief.test\bin\debug\netcoreapp2.0\modelrelief.test.dll" id="dea8899f-0cac-4bee-ac22-b7ed6589b32a"><Execution id="29401341-76a6-447a-b6a8-904d39dd332c" /><TestMethod codeBase="D:\Users\Steve Knipmeyer\Documents\GitHub\ModelRelief\ModelRelief.test\bin\Debug\netcoreapp2.0\ModelRelief.Test.dll" adapterTypeName="executor://xunit/VsTestRunner2/netcoreapp" className="ModelRelief.Test.Integration.MeshTransforms.MeshTransformsBaseIntegrationTests" name="GetList_ListReturnsCorrectCount" /></UnitTest><UnitTest name="Put_InvalidReferencePropertyReturndBadRequest" storage="d:\users\steve knipmeyer\documents\github\modelrelief\modelrelief.test\bin\debug\netcoreapp2.0\modelrelief.test.dll" id="247c07c3-ce99-4943-95f4-cbac39ada1f9"><Execution id="c374b7b4-3f11-4780-8953-a545a361d422" /><TestMethod codeBase="D:\Users\Steve Knipmeyer\Documents\GitHub\ModelRelief\ModelRelief.test\bin\Debug\netcoreapp2.0\ModelRelief.Test.dll" adapterTypeName="executor://xunit/VsTestRunner2/netcoreapp" className="ModelRelief.Test.Integration.Cameras.CamerasBaseIntegrationTests" name="Put_InvalidReferencePropertyReturndBadRequest" /></UnitTest><UnitTest name="PutFile_FileCanBeUpdated" storage="d:\users\steve knipmeyer\documents\github\modelrelief\modelrelief.test\bin\debug\netcoreapp2.0\modelrelief.test.dll" id="5d5abf9b-8fda-4e70-a918-77f199943f24"><Execution id="7078a6aa-0106-4b5f-a603-bb7dfe847105" /><TestMethod codeBase="D:\Users\Steve Knipmeyer\Documents\GitHub\ModelRelief\ModelRelief.test\bin\Debug\netcoreapp2.0\ModelRelief.Test.dll" adapterTypeName="executor://xunit/VsTestRunner2/netcoreapp" className="ModelRelief.Test.Integration.DepthBuffers.DepthBuffersFileIntegrationTests" name="PutFile_FileCanBeUpdated" /></UnitTest><UnitTest name="Delete_TargetModelIsDeleted" storage="d:\users\steve knipmeyer\documents\github\modelrelief\modelrelief.test\bin\debug\netcoreapp2.0\modelrelief.test.dll" id="d75eac5a-05f0-4862-acd2-f1bdc51f1619"><Execution id="0e6e6ce3-2c1e-4590-ba6c-98ac13067bd1" /><TestMethod codeBase="D:\Users\Steve Knipmeyer\Documents\GitHub\ModelRelief\ModelRelief.test\bin\Debug\netcoreapp2.0\ModelRelief.Test.dll" adapterTypeName="executor://xunit/VsTestRunner2/netcoreapp" className="ModelRelief.Test.Integration.Projects.ProjectsBaseIntegrationTests" name="Delete_TargetModelIsDeleted" /></UnitTest><UnitTest name="LucyModel3dHasTwoDependents" storage="d:\users\steve knipmeyer\documents\github\modelrelief\modelrelief.test\bin\debug\netcoreapp2.0\modelrelief.test.dll" id="3197b0c1-831c-4336-8dc4-24c4b5701601"><Execution id="f3483aeb-557e-4af0-b438-7629231164b2" /><TestMethod codeBase="D:\Users\Steve Knipmeyer\Documents\GitHub\ModelRelief\ModelRelief.test\bin\Debug\netcoreapp2.0\ModelRelief.Test.dll" adapterTypeName="executor://xunit/VsTestRunner2/netcoreapp" className="ModelRelief.Test.Unit.DependencyManager.DependencyManagerTests" name="LucyModel3dHasTwoDependents" /></UnitTest><UnitTest name="GetFile_ExistingFileReturnsSuccess" storage="d:\users\steve knipmeyer\documents\github\modelrelief\modelrelief.test\bin\debug\netcoreapp2.0\modelrelief.test.dll" id="a4552b51-288d-4fbf-a6e5-30af2d22d6e0"><Execution id="70320fbe-9b74-427d-b649-d89415e85fac" /><TestMethod codeBase="D:\Users\Steve Knipmeyer\Documents\GitHub\ModelRelief\ModelRelief.test\bin\Debug\netcoreapp2.0\ModelRelief.Test.dll" adapterTypeName="executor://xunit/VsTestRunner2/netcoreapp" className="ModelRelief.Test.Integration.Models.ModelsFileIntegrationTests" name="GetFile_ExistingFileReturnsSuccess" /></UnitTest><UnitTest name="Put_InvalidReferencePropertyReturndBadRequest" storage="d:\users\steve knipmeyer\documents\github\modelrelief\modelrelief.test\bin\debug\netcoreapp2.0\modelrelief.test.dll" id="8ec6da0a-345d-4adb-8931-566b8e945d55"><Execution id="e2b44b6f-dd34-41c1-a909-905b3938d1fc" /><TestMethod codeBase="D:\Users\Steve Knipmeyer\Documents\GitHub\ModelRelief\ModelRelief.test\bin\Debug\netcoreapp2.0\ModelRelief.Test.dll" adapterTypeName="executor://xunit/VsTestRunner2/netcoreapp" className="ModelRelief.Test.Integration.Projects.ProjectsBaseIntegrationTests" name="Put_InvalidReferencePropertyReturndBadRequest" /></UnitTest><UnitTest name="Patch_MultipleInvalidReferencePropertiesReturnsMultipleValidationErrorsAndBadRequest" storage="d:\users\steve knipmeyer\documents\github\modelrelief\modelrelief.test\bin\debug\netcoreapp2.0\modelrelief.test.dll" id="165ee431-f9b1-4e22-89da-f5db3627c5f4"><Execution id="29bc3ed8-db4d-4063-ad0f-45d792791b5f" /><TestMethod codeBase="D:\Users\Steve Knipmeyer\Documents\GitHub\ModelRelief\ModelRelief.test\bin\Debug\netcoreapp2.0\ModelRelief.Test.dll" adapterTypeName="executor://xunit/VsTestRunner2/netcoreapp" className="ModelRelief.Test.Integration.Models.ModelsBaseIntegrationTests" name="Patch_MultipleInvalidReferencePropertiesReturnsMultipleValidationErrorsAndBadRequest" /></UnitTest><UnitTest name="Patch_TargetPropertyIsUpdated" storage="d:\users\steve knipmeyer\documents\github\modelrelief\modelrelief.test\bin\debug\netcoreapp2.0\modelrelief.test.dll" id="aa7ac426-1dc6-49df-8239-52f9db76247f"><Execution id="539df656-ab3e-4f61-bcd0-c3e273f9cb63" /><TestMethod codeBase="D:\Users\Steve Knipmeyer\Documents\GitHub\ModelRelief\ModelRelief.test\bin\Debug\netcoreapp2.0\ModelRelief.Test.dll" adapterTypeName="executor://xunit/VsTestRunner2/netcoreapp" className="ModelRelief.Test.Integration.DepthBuffers.DepthBuffersBaseIntegrationTests" name="Patch_TargetPropertyIsUpdated" /></UnitTest><UnitTest name="Delete_TargetModelIsDeleted" storage="d:\users\steve knipmeyer\documents\github\modelrelief\modelrelief.test\bin\debug\netcoreapp2.0\modelrelief.test.dll" id="485d0e73-7c49-4abe-ab0e-b4fcd60360cc"><Execution id="ef597212-73b5-4cb8-88c3-7e484573b7a3" /><TestMethod codeBase="D:\Users\Steve Knipmeyer\Documents\GitHub\ModelRelief\ModelRelief.test\bin\Debug\netcoreapp2.0\ModelRelief.Test.dll" adapterTypeName="executor://xunit/VsTestRunner2/netcoreapp" className="ModelRelief.Test.Integration.MeshTransforms.MeshTransformsBaseIntegrationTests" name="Delete_TargetModelIsDeleted" /></UnitTest><UnitTest name="Delete_TargetModelIsDeleted" storage="d:\users\steve knipmeyer\documents\github\modelrelief\modelrelief.test\bin\debug\netcoreapp2.0\modelrelief.test.dll" id="99cc77c1-b507-4c1e-bd44-2e7e5b1aa471"><Execution id="b2c56eab-b224-42cf-81c5-95d68b5554f5" /><TestMethod codeBase="D:\Users\Steve Knipmeyer\Documents\GitHub\ModelRelief\ModelRelief.test\bin\Debug\netcoreapp2.0\ModelRelief.Test.dll" adapterTypeName="executor://xunit/VsTestRunner2/netcoreapp" className="ModelRelief.Test.Integration.DepthBuffers.DepthBuffersBaseIntegrationTests" name="Delete_TargetModelIsDeleted" /></UnitTest><UnitTest name="Patch_InvalidReferencePropertyReturnsBadRequest" storage="d:\users\steve knipmeyer\documents\github\modelrelief\modelrelief.test\bin\debug\netcoreapp2.0\modelrelief.test.dll" id="f46f8302-db8e-4de2-9d11-5c63362e745f"><Execution id="790ba2a7-94b3-4eee-8dfe-521fa91fa67e" /><TestMethod codeBase="D:\Users\Steve Knipmeyer\Documents\GitHub\ModelRelief\ModelRelief.test\bin\Debug\netcoreapp2.0\ModelRelief.Test.dll" adapterTypeName="executor://xunit/VsTestRunner2/netcoreapp" className="ModelRelief.Test.Integration.MeshTransforms.MeshTransformsBaseIntegrationTests" name="Patch_InvalidReferencePropertyReturnsBadRequest" /></UnitTest><UnitTest name="GetFile_FileCanBeRoundTripped" storage="d:\users\steve knipmeyer\documents\github\modelrelief\modelrelief.test\bin\debug\netcoreapp2.0\modelrelief.test.dll" id="0f220204-9a2d-42da-bb86-36c5cb1362de"><Execution id="dee22bbe-899e-4208-9f35-470881a96081" /><TestMethod codeBase="D:\Users\Steve Knipmeyer\Documents\GitHub\ModelRelief\ModelRelief.test\bin\Debug\netcoreapp2.0\ModelRelief.Test.dll" adapterTypeName="executor://xunit/VsTestRunner2/netcoreapp" className="ModelRelief.Test.Integration.Models.ModelsFileIntegrationTests" name="GetFile_FileCanBeRoundTripped" /></UnitTest><UnitTest name="GetList_ListReturnsCorrectCount" storage="d:\users\steve knipmeyer\documents\github\modelrelief\modelrelief.test\bin\debug\netcoreapp2.0\modelrelief.test.dll" id="bd21e7f2-79d1-4818-aa73-6f62e6c99beb"><Execution id="790b78ac-a2b0-4028-820d-7d5543bf91c7" /><TestMethod codeBase="D:\Users\Steve Knipmeyer\Documents\GitHub\ModelRelief\ModelRelief.test\bin\Debug\netcoreapp2.0\ModelRelief.Test.dll" adapterTypeName="executor://xunit/VsTestRunner2/netcoreapp" className="ModelRelief.Test.Integration.DepthBuffers.DepthBuffersBaseIntegrationTests" name="GetList_ListReturnsCorrectCount" /></UnitTest><UnitTest name="Post_InvalidPropertyValueReturnsBadRequest" storage="d:\users\steve knipmeyer\documents\github\modelrelief\modelrelief.test\bin\debug\netcoreapp2.0\modelrelief.test.dll" id="0fa97d9a-a4e8-47e1-80c9-1baf1f8d7aad"><Execution id="09359ddf-835b-4d39-894d-3fe7278de635" /><TestMethod codeBase="D:\Users\Steve Knipmeyer\Documents\GitHub\ModelRelief\ModelRelief.test\bin\Debug\netcoreapp2.0\ModelRelief.Test.dll" adapterTypeName="executor://xunit/VsTestRunner2/netcoreapp" className="ModelRelief.Test.Integration.Models.ModelsBaseIntegrationTests" name="Post_InvalidPropertyValueReturnsBadRequest" /></UnitTest><UnitTest name="FileRequest_FileCanBeReadAfterRename" storage="d:\users\steve knipmeyer\documents\github\modelrelief\modelrelief.test\bin\debug\netcoreapp2.0\modelrelief.test.dll" id="e2dc0b1c-1de4-45a5-9a75-2ea63bb055b5"><Execution id="1157041f-d31d-4d9b-a9fb-93ec3b94cb6e" /><TestMethod codeBase="D:\Users\Steve Knipmeyer\Documents\GitHub\ModelRelief\ModelRelief.test\bin\Debug\netcoreapp2.0\ModelRelief.Test.dll" adapterTypeName="executor://xunit/VsTestRunner2/netcoreapp" className="ModelRelief.Test.Integration.Models.ModelsFileIntegrationTests" name="FileRequest_FileCanBeReadAfterRename" /></UnitTest><UnitTest name="GetSingle_InvalidIdPropertyValueReturnsNotFound" storage="d:\users\steve knipmeyer\documents\github\modelrelief\modelrelief.test\bin\debug\netcoreapp2.0\modelrelief.test.dll" id="cbdb4ca3-cf21-411f-a3aa-9efcae0f51be"><Execution id="c2920073-46f0-4088-9573-28933a027e00" /><TestMethod codeBase="D:\Users\Steve Knipmeyer\Documents\GitHub\ModelRelief\ModelRelief.test\bin\Debug\netcoreapp2.0\ModelRelief.Test.dll" adapterTypeName="executor://xunit/VsTestRunner2/netcoreapp" className="ModelRelief.Test.Integration.Cameras.CamerasBaseIntegrationTests" name="GetSingle_InvalidIdPropertyValueReturnsNotFound" /></UnitTest><UnitTest name="Put_CanUpdateModel" storage="d:\users\steve knipmeyer\documents\github\modelrelief\modelrelief.test\bin\debug\netcoreapp2.0\modelrelief.test.dll" id="24ce3c4b-1301-40fc-9cdc-bab362150521"><Execution id="4deeca4e-ee2e-4881-a9fc-2b591b2b7b2f" /><TestMethod codeBase="D:\Users\Steve Knipmeyer\Documents\GitHub\ModelRelief\ModelRelief.test\bin\Debug\netcoreapp2.0\ModelRelief.Test.dll" adapterTypeName="executor://xunit/VsTestRunner2/netcoreapp" className="ModelRelief.Test.Integration.Projects.ProjectsBaseIntegrationTests" name="Put_CanUpdateModel" /></UnitTest><UnitTest name="Post_ValidReferencePropertyCreatesModel" storage="d:\users\steve knipmeyer\documents\github\modelrelief\modelrelief.test\bin\debug\netcoreapp2.0\modelrelief.test.dll" id="65e12221-cac4-495c-9ebc-1bea4831f09d"><Execution id="5ddc1b01-df82-49c8-9c60-99e9e85977ff" /><TestMethod codeBase="D:\Users\Steve Knipmeyer\Documents\GitHub\ModelRelief\ModelRelief.test\bin\Debug\netcoreapp2.0\ModelRelief.Test.dll" adapterTypeName="executor://xunit/VsTestRunner2/netcoreapp" className="ModelRelief.Test.Integration.MeshTransforms.MeshTransformsBaseIntegrationTests" name="Post_ValidReferencePropertyCreatesModel" /></UnitTest><UnitTest name="Patch_MultipleInvalidReferencePropertiesReturnsMultipleValidationErrorsAndBadRequest" storage="d:\users\steve knipmeyer\documents\github\modelrelief\modelrelief.test\bin\debug\netcoreapp2.0\modelrelief.test.dll" id="283cbdfe-5f1a-4574-8b9c-88c43a31290a"><Execution id="5f3ffbbd-dcc5-4dba-8a8f-f8bbd773f8da" /><TestMethod codeBase="D:\Users\Steve Knipmeyer\Documents\GitHub\ModelRelief\ModelRelief.test\bin\Debug\netcoreapp2.0\ModelRelief.Test.dll" adapterTypeName="executor://xunit/VsTestRunner2/netcoreapp" className="ModelRelief.Test.Integration.Meshes.MeshesBaseIntegrationTests" name="Patch_MultipleInvalidReferencePropertiesReturnsMultipleValidationErrorsAndBadRequest" /></UnitTest><UnitTest name="Post_ValidReferencePropertyCreatesModel" storage="d:\users\steve knipmeyer\documents\github\modelrelief\modelrelief.test\bin\debug\netcoreapp2.0\modelrelief.test.dll" id="848a1de7-0a2b-402a-a661-1b28748a7496"><Execution id="6c88b130-1cf6-4a0a-8ba6-2a6bcae016ed" /><TestMethod codeBase="D:\Users\Steve Knipmeyer\Documents\GitHub\ModelRelief\ModelRelief.test\bin\Debug\netcoreapp2.0\ModelRelief.Test.dll" adapterTypeName="executor://xunit/VsTestRunner2/netcoreapp" className="ModelRelief.Test.Integration.DepthBuffers.DepthBuffersBaseIntegrationTests" name="Post_ValidReferencePropertyCreatesModel" /></UnitTest><UnitTest name="GetSingle_InvalidIdPropertyValueReturnsNotFound" storage="d:\users\steve knipmeyer\documents\github\modelrelief\modelrelief.test\bin\debug\netcoreapp2.0\modelrelief.test.dll" id="0883b848-1ee0-4681-b876-eb5ead9df29c"><Execution id="b47b1c4a-31f9-448d-95fd-c25eb2a95f76" /><TestMethod codeBase="D:\Users\Steve Knipmeyer\Documents\GitHub\ModelRelief\ModelRelief.test\bin\Debug\netcoreapp2.0\ModelRelief.Test.dll" adapterTypeName="executor://xunit/VsTestRunner2/netcoreapp" className="ModelRelief.Test.Integration.MeshTransforms.MeshTransformsBaseIntegrationTests" name="GetSingle_InvalidIdPropertyValueReturnsNotFound" /></UnitTest><UnitTest name="Put_CanUpdateModel" storage="d:\users\steve knipmeyer\documents\github\modelrelief\modelrelief.test\bin\debug\netcoreapp2.0\modelrelief.test.dll" id="523bbea2-6e88-4e1c-b936-cf5d9a3a2197"><Execution id="8344ddb4-85ee-4d7c-a070-9d8f77293943" /><TestMethod codeBase="D:\Users\Steve Knipmeyer\Documents\GitHub\ModelRelief\ModelRelief.test\bin\Debug\netcoreapp2.0\ModelRelief.Test.dll" adapterTypeName="executor://xunit/VsTestRunner2/netcoreapp" className="ModelRelief.Test.Integration.DepthBuffers.DepthBuffersBaseIntegrationTests" name="Put_CanUpdateModel" /></UnitTest><UnitTest name="GetSingle_ValidIdPropertyValueReturnsCorrectModel" storage="d:\users\steve knipmeyer\documents\github\modelrelief\modelrelief.test\bin\debug\netcoreapp2.0\modelrelief.test.dll" id="4e23dc11-7e16-4258-9268-7856155145a1"><Execution id="95bd5b9a-7009-4f4a-95a5-de0c22856e38" /><TestMethod codeBase="D:\Users\Steve Knipmeyer\Documents\GitHub\ModelRelief\ModelRelief.test\bin\Debug\netcoreapp2.0\ModelRelief.Test.dll" adapterTypeName="executor://xunit/VsTestRunner2/netcoreapp" className="ModelRelief.Test.Integration.MeshTransforms.MeshTransformsBaseIntegrationTests" name="GetSingle_ValidIdPropertyValueReturnsCorrectModel" /></UnitTest><UnitTest name="Patch_InvalidPropertyNameReturnsBadRequest" storage="d:\users\steve knipmeyer\documents\github\modelrelief\modelrelief.test\bin\debug\netcoreapp2.0\modelrelief.test.dll" id="9ab1858e-a055-467b-b064-81013dd484fd"><Execution id="82c3a332-773a-4d8f-a994-88d5291e838d" /><TestMethod codeBase="D:\Users\Steve Knipmeyer\Documents\GitHub\ModelRelief\ModelRelief.test\bin\Debug\netcoreapp2.0\ModelRelief.Test.dll" adapterTypeName="executor://xunit/VsTestRunner2/netcoreapp" className="ModelRelief.Test.Integration.MeshTransforms.MeshTransformsBaseIntegrationTests" name="Patch_InvalidPropertyNameReturnsBadRequest" /></UnitTest><UnitTest name="Patch_InvalidIdPropertyReturnsNotFound" storage="d:\users\steve knipmeyer\documents\github\modelrelief\modelrelief.test\bin\debug\netcoreapp2.0\modelrelief.test.dll" id="615100ce-9983-43ff-b420-6e22916cd4fd"><Execution id="afe77e99-20c2-4f56-a8ee-195d1769e168" /><TestMethod codeBase="D:\Users\Steve Knipmeyer\Documents\GitHub\ModelRelief\ModelRelief.test\bin\Debug\netcoreapp2.0\ModelRelief.Test.dll" adapterTypeName="executor://xunit/VsTestRunner2/netcoreapp" className="ModelRelief.Test.Integration.Models.ModelsBaseIntegrationTests" name="Patch_InvalidIdPropertyReturnsNotFound" /></UnitTest><UnitTest name="GetSingle_ValidIdPropertyValueReturnsCorrectModel" storage="d:\users\steve knipmeyer\documents\github\modelrelief\modelrelief.test\bin\debug\netcoreapp2.0\modelrelief.test.dll" id="c2094c2e-e149-4741-ae41-9ae61d0e7045"><Execution id="3cc4f0b9-87ba-4c66-8ac1-2ff6261995b2" /><TestMethod codeBase="D:\Users\Steve Knipmeyer\Documents\GitHub\ModelRelief\ModelRelief.test\bin\Debug\netcoreapp2.0\ModelRelief.Test.dll" adapterTypeName="executor://xunit/VsTestRunner2/netcoreapp" className="ModelRelief.Test.Integration.Cameras.CamerasBaseIntegrationTests" name="GetSingle_ValidIdPropertyValueReturnsCorrectModel" /></UnitTest><UnitTest name="Patch_InvalidEnumPropertyValueReturnsBadRequest" storage="d:\users\steve knipmeyer\documents\github\modelrelief\modelrelief.test\bin\debug\netcoreapp2.0\modelrelief.test.dll" id="be8e28a0-cfb6-4218-8227-7717d8f1fc2a"><Execution id="5b070001-ece3-4c5e-ab5b-d3b1bdd00c5b" /><TestMethod codeBase="D:\Users\Steve Knipmeyer\Documents\GitHub\ModelRelief\ModelRelief.test\bin\Debug\netcoreapp2.0\ModelRelief.Test.dll" adapterTypeName="executor://xunit/VsTestRunner2/netcoreapp" className="ModelRelief.Test.Integration.Models.ModelsBaseIntegrationTests" name="Patch_InvalidEnumPropertyValueReturnsBadRequest" /></UnitTest><UnitTest name="Patch_InvalidReferencePropertyReturnsBadRequest" storage="d:\users\steve knipmeyer\documents\github\modelrelief\modelrelief.test\bin\debug\netcoreapp2.0\modelrelief.test.dll" id="4b8dea38-33a0-4c52-be1f-0636cb70ea94"><Execution id="9e34625f-a9a8-424b-94c2-b1a0428330ab" /><TestMethod codeBase="D:\Users\Steve Knipmeyer\Documents\GitHub\ModelRelief\ModelRelief.test\bin\Debug\netcoreapp2.0\ModelRelief.Test.dll" adapterTypeName="executor://xunit/VsTestRunner2/netcoreapp" className="ModelRelief.Test.Integration.Cameras.CamerasBaseIntegrationTests" name="Patch_InvalidReferencePropertyReturnsBadRequest" /></UnitTest><UnitTest name="Put_ValidReferencePropertyUpdatesModel" storage="d:\users\steve knipmeyer\documents\github\modelrelief\modelrelief.test\bin\debug\netcoreapp2.0\modelrelief.test.dll" id="b30ed889-1251-4359-865c-7b911e015154"><Execution id="636f0692-fa01-45c1-9607-a61b189348f0" /><TestMethod codeBase="D:\Users\Steve Knipmeyer\Documents\GitHub\ModelRelief\ModelRelief.test\bin\Debug\netcoreapp2.0\ModelRelief.Test.dll" adapterTypeName="executor://xunit/VsTestRunner2/netcoreapp" className="ModelRelief.Test.Integration.DepthBuffers.DepthBuffersBaseIntegrationTests" name="Put_ValidReferencePropertyUpdatesModel" /></UnitTest><UnitTest name="Put_InvalidIdReturnsNotFound" storage="d:\users\steve knipmeyer\documents\github\modelrelief\modelrelief.test\bin\debug\netcoreapp2.0\modelrelief.test.dll" id="bd48ccbe-e3cc-4f14-a551-7457145de3c4"><Execution id="792599c3-0f82-41e7-9c46-429511088080" /><TestMethod codeBase="D:\Users\Steve Knipmeyer\Documents\GitHub\ModelRelief\ModelRelief.test\bin\Debug\netcoreapp2.0\ModelRelief.Test.dll" adapterTypeName="executor://xunit/VsTestRunner2/netcoreapp" className="ModelRelief.Test.Integration.DepthBuffers.DepthBuffersBaseIntegrationTests" name="Put_InvalidIdReturnsNotFound" /></UnitTest><UnitTest name="Patch_MultipleInvalidReferencePropertiesReturnsMultipleValidationErrorsAndBadRequest" storage="d:\users\steve knipmeyer\documents\github\modelrelief\modelrelief.test\bin\debug\netcoreapp2.0\modelrelief.test.dll" id="c1cc0cd8-195c-4363-96aa-2f46bac49289"><Execution id="86de14ab-458f-46c7-a3a3-54dfcc82a21e" /><TestMethod codeBase="D:\Users\Steve Knipmeyer\Documents\GitHub\ModelRelief\ModelRelief.test\bin\Debug\netcoreapp2.0\ModelRelief.Test.dll" adapterTypeName="executor://xunit/VsTestRunner2/netcoreapp" className="ModelRelief.Test.Integration.DepthBuffers.DepthBuffersBaseIntegrationTests" name="Patch_MultipleInvalidReferencePropertiesReturnsMultipleValidationErrorsAndBadRequest" /></UnitTest><UnitTest name="GetSingle_ValidIdPropertyValueReturnsCorrectModel" storage="d:\users\steve knipmeyer\documents\github\modelrelief\modelrelief.test\bin\debug\netcoreapp2.0\modelrelief.test.dll" id="b23e16aa-75df-4ddc-b1a4-f536db0483f0"><Execution id="12e572da-ec80-487c-854f-835667e64ebc" /><TestMethod codeBase="D:\Users\Steve Knipmeyer\Documents\GitHub\ModelRelief\ModelRelief.test\bin\Debug\netcoreapp2.0\ModelRelief.Test.dll" adapterTypeName="executor://xunit/VsTestRunner2/netcoreapp" className="ModelRelief.Test.Integration.Meshes.MeshesBaseIntegrationTests" name="GetSingle_ValidIdPropertyValueReturnsCorrectModel" /></UnitTest><UnitTest name="Put_InvalidIdReturnsNotFound" storage="d:\users\steve knipmeyer\documents\github\modelrelief\modelrelief.test\bin\debug\netcoreapp2.0\modelrelief.test.dll" id="2aaca841-61a0-40bb-8a43-512d360bf83c"><Execution id="c4c1c3ec-48c8-400e-b382-c8471e04e131" /><TestMethod codeBase="D:\Users\Steve Knipmeyer\Documents\GitHub\ModelRelief\ModelRelief.test\bin\Debug\netcoreapp2.0\ModelRelief.Test.dll" adapterTypeName="executor://xunit/VsTestRunner2/netcoreapp" className="ModelRelief.Test.Integration.MeshTransforms.MeshTransformsBaseIntegrationTests" name="Put_InvalidIdReturnsNotFound" /></UnitTest><UnitTest name="Patch_ValidReferencePropertyUpdatesModel" storage="d:\users\steve knipmeyer\documents\github\modelrelief\modelrelief.test\bin\debug\netcoreapp2.0\modelrelief.test.dll" id="5e6169b6-2328-4cfc-8885-75263dcdd8ca"><Execution id="a92e85a0-b7c8-4c2c-a3c8-e8cd759476b5" /><TestMethod codeBase="D:\Users\Steve Knipmeyer\Documents\GitHub\ModelRelief\ModelRelief.test\bin\Debug\netcoreapp2.0\ModelRelief.Test.dll" adapterTypeName="executor://xunit/VsTestRunner2/netcoreapp" className="ModelRelief.Test.Integration.Meshes.MeshesBaseIntegrationTests" name="Patch_ValidReferencePropertyUpdatesModel" /></UnitTest><UnitTest name="GetFile_ExistingFileReturnsSuccess" storage="d:\users\steve knipmeyer\documents\github\modelrelief\modelrelief.test\bin\debug\netcoreapp2.0\modelrelief.test.dll" id="fd91833b-5b46-4a7b-b368-cbf45b7a8a2f"><Execution id="85365aec-872f-4401-b83a-f7e2d3570674" /><TestMethod codeBase="D:\Users\Steve Knipmeyer\Documents\GitHub\ModelRelief\ModelRelief.test\bin\Debug\netcoreapp2.0\ModelRelief.Test.dll" adapterTypeName="executor://xunit/VsTestRunner2/netcoreapp" className="ModelRelief.Test.Integration.Meshes.MeshesFileIntegrationTests" name="GetFile_ExistingFileReturnsSuccess" /></UnitTest><UnitTest name="Patch_InvalidIdPropertyReturnsNotFound" storage="d:\users\steve knipmeyer\documents\github\modelrelief\modelrelief.test\bin\debug\netcoreapp2.0\modelrelief.test.dll" id="a649364d-c0ed-4602-8ce9-b918449de3e2"><Execution id="7bd36d37-cd58-4f58-9c57-a17c918232af" /><TestMethod codeBase="D:\Users\Steve Knipmeyer\Documents\GitHub\ModelRelief\ModelRelief.test\bin\Debug\netcoreapp2.0\ModelRelief.Test.dll" adapterTypeName="executor://xunit/VsTestRunner2/netcoreapp" className="ModelRelief.Test.Integration.MeshTransforms.MeshTransformsBaseIntegrationTests" name="Patch_InvalidIdPropertyReturnsNotFound" /></UnitTest><UnitTest name="Post_InvalidPropertyValueReturnsBadRequest" storage="d:\users\steve knipmeyer\documents\github\modelrelief\modelrelief.test\bin\debug\netcoreapp2.0\modelrelief.test.dll" id="947d8dfe-a327-4b85-a80d-9555b7b4f3e9"><Execution id="d9863117-be2d-4be4-8488-4ccdd9293aed" /><TestMethod codeBase="D:\Users\Steve Knipmeyer\Documents\GitHub\ModelRelief\ModelRelief.test\bin\Debug\netcoreapp2.0\ModelRelief.Test.dll" adapterTypeName="executor://xunit/VsTestRunner2/netcoreapp" className="ModelRelief.Test.Integration.Projects.ProjectsBaseIntegrationTests" name="Post_InvalidPropertyValueReturnsBadRequest" /></UnitTest><UnitTest name="Patch_InvalidEnumPropertyValueReturnsBadRequest" storage="d:\users\steve knipmeyer\documents\github\modelrelief\modelrelief.test\bin\debug\netcoreapp2.0\modelrelief.test.dll" id="71af2310-b213-42e7-890c-ca608de61071"><Execution id="b030581e-17a2-459b-815f-170a634957d3" /><TestMethod codeBase="D:\Users\Steve Knipmeyer\Documents\GitHub\ModelRelief\ModelRelief.test\bin\Debug\netcoreapp2.0\ModelRelief.Test.dll" adapterTypeName="executor://xunit/VsTestRunner2/netcoreapp" className="ModelRelief.Test.Integration.Meshes.MeshesBaseIntegrationTests" name="Patch_InvalidEnumPropertyValueReturnsBadRequest" /></UnitTest><UnitTest name="Patch_MultipleInvalidReferencePropertiesReturnsMultipleValidationErrorsAndBadRequest" storage="d:\users\steve knipmeyer\documents\github\modelrelief\modelrelief.test\bin\debug\netcoreapp2.0\modelrelief.test.dll" id="ead6835c-4293-498c-b621-41e6a96723e8"><Execution id="cdb490c1-8297-4436-b5bb-2339be72f758" /><TestMethod codeBase="D:\Users\Steve Knipmeyer\Documents\GitHub\ModelRelief\ModelRelief.test\bin\Debug\netcoreapp2.0\ModelRelief.Test.dll" adapterTypeName="executor://xunit/VsTestRunner2/netcoreapp" className="ModelRelief.Test.Integration.MeshTransforms.MeshTransformsBaseIntegrationTests" name="Patch_MultipleInvalidReferencePropertiesReturnsMultipleValidationErrorsAndBadRequest" /></UnitTest><UnitTest name="FileRequest_DepthBufferIsInvalidatedAfterCameraDependencyPropertyChange" storage="d:\users\steve knipmeyer\documents\github\modelrelief\modelrelief.test\bin\debug\netcoreapp2.0\modelrelief.test.dll" id="2b12d7a8-c960-4704-87d4-3dc1ca60c7ce"><Execution id="427e690a-70d5-4641-8cce-25131ac7c2c3" /><TestMethod codeBase="D:\Users\Steve Knipmeyer\Documents\GitHub\ModelRelief\ModelRelief.test\bin\Debug\netcoreapp2.0\ModelRelief.Test.dll" adapterTypeName="executor://xunit/VsTestRunner2/netcoreapp" className="ModelRelief.Test.Integration.DepthBuffers.DepthBuffersFileIntegrationTests" name="FileRequest_DepthBufferIsInvalidatedAfterCameraDependencyPropertyChange" /></UnitTest><UnitTest name="Post_InvalidPropertyValueReturnsBadRequest" storage="d:\users\steve knipmeyer\documents\github\modelrelief\modelrelief.test\bin\debug\netcoreapp2.0\modelrelief.test.dll" id="536a6788-7200-4fb0-a1e3-fbe6866304c5"><Execution id="6f7d99e9-f54e-4df4-bfa4-cc6c8d4982f3" /><TestMethod codeBase="D:\Users\Steve Knipmeyer\Documents\GitHub\ModelRelief\ModelRelief.test\bin\Debug\netcoreapp2.0\ModelRelief.Test.dll" adapterTypeName="executor://xunit/VsTestRunner2/netcoreapp" className="ModelRelief.Test.Integration.Cameras.CamerasBaseIntegrationTests" name="Post_InvalidPropertyValueReturnsBadRequest" /></UnitTest><UnitTest name="Patch_MultipleInvalidReferencePropertiesReturnsMultipleValidationErrorsAndBadRequest" storage="d:\users\steve knipmeyer\documents\github\modelrelief\modelrelief.test\bin\debug\netcoreapp2.0\modelrelief.test.dll" id="74d5677b-c9f4-4b55-95b3-62a02a8519ca"><Execution id="7b6d7b1d-eb08-46a4-907d-abfd5f88b81b" /><TestMethod codeBase="D:\Users\Steve Knipmeyer\Documents\GitHub\ModelRelief\ModelRelief.test\bin\Debug\netcoreapp2.0\ModelRelief.Test.dll" adapterTypeName="executor://xunit/VsTestRunner2/netcoreapp" className="ModelRelief.Test.Integration.Projects.ProjectsBaseIntegrationTests" name="Patch_MultipleInvalidReferencePropertiesReturnsMultipleValidationErrorsAndBadRequest" /></UnitTest><UnitTest name="Patch_InvalidPropertyNameReturnsBadRequest" storage="d:\users\steve knipmeyer\documents\github\modelrelief\modelrelief.test\bin\debug\netcoreapp2.0\modelrelief.test.dll" id="290670fc-8d84-4f7f-bd26-17aad16b580c"><Execution id="6507f5f1-e224-4cc2-b19c-2965cec025ee" /><TestMethod codeBase="D:\Users\Steve Knipmeyer\Documents\GitHub\ModelRelief\ModelRelief.test\bin\Debug\netcoreapp2.0\ModelRelief.Test.dll" adapterTypeName="executor://xunit/VsTestRunner2/netcoreapp" className="ModelRelief.Test.Integration.Cameras.CamerasBaseIntegrationTests" name="Patch_InvalidPropertyNameReturnsBadRequest" /></UnitTest><UnitTest name="Patch_TargetPropertyIsUpdated" storage="d:\users\steve knipmeyer\documents\github\modelrelief\modelrelief.test\bin\debug\netcoreapp2.0\modelrelief.test.dll" id="840323eb-bb9d-4b98-9bb8-960d8b3a9ec5"><Execution id="143e1c29-f34d-42f3-941c-0b1352f0d99d" /><TestMethod codeBase="D:\Users\Steve Knipmeyer\Documents\GitHub\ModelRelief\ModelRelief.test\bin\Debug\netcoreapp2.0\ModelRelief.Test.dll" adapterTypeName="executor://xunit/VsTestRunner2/netcoreapp" className="ModelRelief.Test.Integration.Cameras.CamerasBaseIntegrationTests" name="Patch_TargetPropertyIsUpdated" /></UnitTest><UnitTest name="Patch_InvalidReferencePropertyReturnsBadRequest" storage="d:\users\steve knipmeyer\documents\github\modelrelief\modelrelief.test\bin\debug\netcoreapp2.0\modelrelief.test.dll" id="af0a2e80-182b-47bb-8e78-445cbe52d275"><Execution id="54dbbd5a-fbe2-483d-b3e6-8547d89cc141" /><TestMethod codeBase="D:\Users\Steve Knipmeyer\Documents\GitHub\ModelRelief\ModelRelief.test\bin\Debug\netcoreapp2.0\ModelRelief.Test.dll" adapterTypeName="executor://xunit/VsTestRunner2/netcoreapp" className="ModelRelief.Test.Integration.DepthBuffers.DepthBuffersBaseIntegrationTests" name="Patch_InvalidReferencePropertyReturnsBadRequest" /></UnitTest><UnitTest name="Patch_InvalidReferencePropertyReturnsBadRequest" storage="d:\users\steve knipmeyer\documents\github\modelrelief\modelrelief.test\bin\debug\netcoreapp2.0\modelrelief.test.dll" id="18b28617-2ae1-4aff-b425-db52237f8d2c"><Execution id="98888501-9169-4072-85ee-b3dbb0db195b" /><TestMethod codeBase="D:\Users\Steve Knipmeyer\Documents\GitHub\ModelRelief\ModelRelief.test\bin\Debug\netcoreapp2.0\ModelRelief.Test.dll" adapterTypeName="executor://xunit/VsTestRunner2/netcoreapp" className="ModelRelief.Test.Integration.Projects.ProjectsBaseIntegrationTests" name="Patch_InvalidReferencePropertyReturnsBadRequest" /></UnitTest><UnitTest name="GetList_ListReturnsCorrectCount" storage="d:\users\steve knipmeyer\documents\github\modelrelief\modelrelief.test\bin\debug\netcoreapp2.0\modelrelief.test.dll" id="fcd66454-2a15-4342-85e9-644e6cac9d1b"><Execution id="de1d9dc5-e871-46a8-8d4c-4777405087ee" /><TestMethod codeBase="D:\Users\Steve Knipmeyer\Documents\GitHub\ModelRelief\ModelRelief.test\bin\Debug\netcoreapp2.0\ModelRelief.Test.dll" adapterTypeName="executor://xunit/VsTestRunner2/netcoreapp" className="ModelRelief.Test.Integration.Models.ModelsBaseIntegrationTests" name="GetList_ListReturnsCorrectCount" /></UnitTest><UnitTest name="GetSingle_InvalidIdPropertyValueReturnsNotFound" storage="d:\users\steve knipmeyer\documents\github\modelrelief\modelrelief.test\bin\debug\netcoreapp2.0\modelrelief.test.dll" id="f7aeef64-2e19-4bf8-9002-51024a6a19c6"><Execution id="45c477d4-5835-49be-b53c-ea0434ebb282" /><TestMethod codeBase="D:\Users\Steve Knipmeyer\Documents\GitHub\ModelRelief\ModelRelief.test\bin\Debug\netcoreapp2.0\ModelRelief.Test.dll" adapterTypeName="executor://xunit/VsTestRunner2/netcoreapp" className="ModelRelief.Test.Integration.Models.ModelsBaseIntegrationTests" name="GetSingle_InvalidIdPropertyValueReturnsNotFound" /></UnitTest><UnitTest name="Patch_ValidReferencePropertyUpdatesModel" storage="d:\users\steve knipmeyer\documents\github\modelrelief\modelrelief.test\bin\debug\netcoreapp2.0\modelrelief.test.dll" id="ad05e454-8f8f-4b41-a8c7-590b65a9148c"><Execution id="13b8d05a-ba1e-4c14-a27e-0e2c8ed2b73a" /><TestMethod codeBase="D:\Users\Steve Knipmeyer\Documents\GitHub\ModelRelief\ModelRelief.test\bin\Debug\netcoreapp2.0\ModelRelief.Test.dll" adapterTypeName="executor://xunit/VsTestRunner2/netcoreapp" className="ModelRelief.Test.Integration.Projects.ProjectsBaseIntegrationTests" name="Patch_ValidReferencePropertyUpdatesModel" /></UnitTest><UnitTest name="GetFile_NonExistentFileReturnsNotFound" storage="d:\users\steve knipmeyer\documents\github\modelrelief\modelrelief.test\bin\debug\netcoreapp2.0\modelrelief.test.dll" id="d414bd5d-dcc8-49e7-aa6d-ad1a054ec210"><Execution id="82ded25f-7186-4794-b583-e26ed180d947" /><TestMethod codeBase="D:\Users\Steve Knipmeyer\Documents\GitHub\ModelRelief\ModelRelief.test\bin\Debug\netcoreapp2.0\ModelRelief.Test.dll" adapterTypeName="executor://xunit/VsTestRunner2/netcoreapp" className="ModelRelief.Test.Integration.Models.ModelsFileIntegrationTests" name="GetFile_NonExistentFileReturnsNotFound" /></UnitTest><UnitTest name="Patch_TargetPropertyIsUpdated" storage="d:\users\steve knipmeyer\documents\github\modelrelief\modelrelief.test\bin\debug\netcoreapp2.0\modelrelief.test.dll" id="ae11b7f7-50b8-4838-ba1c-2e7ce9170848"><Execution id="085f7930-8f1a-4031-9cec-0ab79322b532" /><TestMethod codeBase="D:\Users\Steve Knipmeyer\Documents\GitHub\ModelRelief\ModelRelief.test\bin\Debug\netcoreapp2.0\ModelRelief.Test.dll" adapterTypeName="executor://xunit/VsTestRunner2/netcoreapp" className="ModelRelief.Test.Integration.MeshTransforms.MeshTransformsBaseIntegrationTests" name="Patch_TargetPropertyIsUpdated" /></UnitTest><UnitTest name="Delete_TargetModelIsDeleted" storage="d:\users\steve knipmeyer\documents\github\modelrelief\modelrelief.test\bin\debug\netcoreapp2.0\modelrelief.test.dll" id="88a8c215-c771-491e-9840-3de08f4b0345"><Execution id="dfbcb299-0423-49c0-adc8-3be8d7a8c770" /><TestMethod codeBase="D:\Users\Steve Knipmeyer\Documents\GitHub\ModelRelief\ModelRelief.test\bin\Debug\netcoreapp2.0\ModelRelief.Test.dll" adapterTypeName="executor://xunit/VsTestRunner2/netcoreapp" className="ModelRelief.Test.Integration.Meshes.MeshesBaseIntegrationTests" name="Delete_TargetModelIsDeleted" /></UnitTest><UnitTest name="GetFile_ExistingFileReturnsSuccess" storage="d:\users\steve knipmeyer\documents\github\modelrelief\modelrelief.test\bin\debug\netcoreapp2.0\modelrelief.test.dll" id="b12fe3a0-960f-4ce8-8dd3-9b6e8bf3532f"><Execution id="d903af4d-bd67-4641-9403-9497f4ee444f" /><TestMethod codeBase="D:\Users\Steve Knipmeyer\Documents\GitHub\ModelRelief\ModelRelief.test\bin\Debug\netcoreapp2.0\ModelRelief.Test.dll" adapterTypeName="executor://xunit/VsTestRunner2/netcoreapp" className="ModelRelief.Test.Integration.DepthBuffers.DepthBuffersFileIntegrationTests" name="GetFile_ExistingFileReturnsSuccess" /></UnitTest><UnitTest name="GetSingle_ValidIdPropertyValueReturnsCorrectModel" storage="d:\users\steve knipmeyer\documents\github\modelrelief\modelrelief.test\bin\debug\netcoreapp2.0\modelrelief.test.dll" id="1bff9573-a13d-4ac5-829d-96b670f75bf6"><Execution id="10ffff78-f0a0-4fa6-9cae-a35f588666c8" /><TestMethod codeBase="D:\Users\Steve Knipmeyer\Documents\GitHub\ModelRelief\ModelRelief.test\bin\Debug\netcoreapp2.0\ModelRelief.Test.dll" adapterTypeName="executor://xunit/VsTestRunner2/netcoreapp" className="ModelRelief.Test.Integration.Projects.ProjectsBaseIntegrationTests" name="GetSingle_ValidIdPropertyValueReturnsCorrectModel" /></UnitTest><UnitTest name="DepthBufferHasExpectedDependentFiles" storage="d:\users\steve knipmeyer\documents\github\modelrelief\modelrelief.test\bin\debug\netcoreapp2.0\modelrelief.test.dll" id="65ad5475-b436-4aef-87ac-72184ed8261f"><Execution id="40969135-eb2e-446b-8846-b33b17326cc6" /><TestMethod codeBase="D:\Users\Steve Knipmeyer\Documents\GitHub\ModelRelief\ModelRelief.test\bin\Debug\netcoreapp2.0\ModelRelief.Test.dll" adapterTypeName="executor://xunit/VsTestRunner2/netcoreapp" className="ModelRelief.Test.Unit.DependencyManager.DependencyManagerTests" name="DepthBufferHasExpectedDependentFiles" /></UnitTest><UnitTest name="GetSingle_InvalidIdPropertyValueReturnsNotFound" storage="d:\users\steve knipmeyer\documents\github\modelrelief\modelrelief.test\bin\debug\netcoreapp2.0\modelrelief.test.dll" id="d71d4d1b-353e-4697-88c3-e2cc69408cbe"><Execution id="3fea43bc-8899-46cd-9933-356d032188e4" /><TestMethod codeBase="D:\Users\Steve Knipmeyer\Documents\GitHub\ModelRelief\ModelRelief.test\bin\Debug\netcoreapp2.0\ModelRelief.Test.dll" adapterTypeName="executor://xunit/VsTestRunner2/netcoreapp" className="ModelRelief.Test.Integration.DepthBuffers.DepthBuffersBaseIntegrationTests" name="GetSingle_InvalidIdPropertyValueReturnsNotFound" /></UnitTest><UnitTest name="PutFile_NewFileCanBePut" storage="d:\users\steve knipmeyer\documents\github\modelrelief\modelrelief.test\bin\debug\netcoreapp2.0\modelrelief.test.dll" id="ce405141-a214-4002-8cc2-75f97b9122ab"><Execution id="709233e3-35ec-4a35-8b13-1907fe842801" /><TestMethod codeBase="D:\Users\Steve Knipmeyer\Documents\GitHub\ModelRelief\ModelRelief.test\bin\Debug\netcoreapp2.0\ModelRelief.Test.dll" adapterTypeName="executor://xunit/VsTestRunner2/netcoreapp" className="ModelRelief.Test.Integration.Models.ModelsFileIntegrationTests" name="PutFile_NewFileCanBePut" /></UnitTest><UnitTest name="Put_ValidReferencePropertyUpdatesModel" storage="d:\users\steve knipmeyer\documents\github\modelrelief\modelrelief.test\bin\debug\netcoreapp2.0\modelrelief.test.dll" id="873ae237-73d1-48a5-be42-49e50e6abb9f"><Execution id="5da5f890-4411-44c2-a84b-1826facc2f5b" /><TestMethod codeBase="D:\Users\Steve Knipmeyer\Documents\GitHub\ModelRelief\ModelRelief.test\bin\Debug\netcoreapp2.0\ModelRelief.Test.dll" adapterTypeName="executor://xunit/VsTestRunner2/netcoreapp" className="ModelRelief.Test.Integration.Cameras.CamerasBaseIntegrationTests" name="Put_ValidReferencePropertyUpdatesModel" /></UnitTest><UnitTest name="Post_ValidReferencePropertyCreatesModel" storage="d:\users\steve knipmeyer\documents\github\modelrelief\modelrelief.test\bin\debug\netcoreapp2.0\modelrelief.test.dll" id="9f092ecf-9e2c-475c-afa2-3db52b73dc36"><Execution id="6b4edf8f-8d8c-4a9f-a3d8-d1d50d520951" /><TestMethod codeBase="D:\Users\Steve Knipmeyer\Documents\GitHub\ModelRelief\ModelRelief.test\bin\Debug\netcoreapp2.0\ModelRelief.Test.dll" adapterTypeName="executor://xunit/VsTestRunner2/netcoreapp" className="ModelRelief.Test.Integration.Projects.ProjectsBaseIntegrationTests" name="Post_ValidReferencePropertyCreatesModel" /></UnitTest><UnitTest name="Patch_InvalidPropertyNameReturnsBadRequest" storage="d:\users\steve knipmeyer\documents\github\modelrelief\modelrelief.test\bin\debug\netcoreapp2.0\modelrelief.test.dll" id="03491705-4170-4561-90b5-603d4b895336"><Execution id="1eef6f9b-2dc0-431c-ad8f-f16e66d322d3" /><TestMethod codeBase="D:\Users\Steve Knipmeyer\Documents\GitHub\ModelRelief\ModelRelief.test\bin\Debug\netcoreapp2.0\ModelRelief.Test.dll" adapterTypeName="executor://xunit/VsTestRunner2/netcoreapp" className="ModelRelief.Test.Integration.DepthBuffers.DepthBuffersBaseIntegrationTests" name="Patch_InvalidPropertyNameReturnsBadRequest" /></UnitTest><UnitTest name="GetFile_NonExistentFileReturnsNotFound" storage="d:\users\steve knipmeyer\documents\github\modelrelief\modelrelief.test\bin\debug\netcoreapp2.0\modelrelief.test.dll" id="a14e19bd-73f1-48d0-b6e0-fd759df98507"><Execution id="ace27734-ac69-4c3f-8e10-643d47bcdb17" /><TestMethod codeBase="D:\Users\Steve Knipmeyer\Documents\GitHub\ModelRelief\ModelRelief.test\bin\Debug\netcoreapp2.0\ModelRelief.Test.dll" adapterTypeName="executor://xunit/VsTestRunner2/netcoreapp" className="ModelRelief.Test.Integration.Meshes.MeshesFileIntegrationTests" name="GetFile_NonExistentFileReturnsNotFound" /></UnitTest><UnitTest name="PostFile_FileIsSynchronizedIsUpdatedAfterFileIsPosted" storage="d:\users\steve knipmeyer\documents\github\modelrelief\modelrelief.test\bin\debug\netcoreapp2.0\modelrelief.test.dll" id="b6a52b5b-bba2-4e55-92ee-3a0c431947e0"><Execution id="21662515-b963-472f-af5c-79b24960a39a" /><TestMethod codeBase="D:\Users\Steve Knipmeyer\Documents\GitHub\ModelRelief\ModelRelief.test\bin\Debug\netcoreapp2.0\ModelRelief.Test.dll" adapterTypeName="executor://xunit/VsTestRunner2/netcoreapp" className="ModelRelief.Test.Integration.DepthBuffers.DepthBuffersFileIntegrationTests" name="PostFile_FileIsSynchronizedIsUpdatedAfterFileIsPosted" /></UnitTest><UnitTest name="Model3dHasExpectedDependentFiles" storage="d:\users\steve knipmeyer\documents\github\modelrelief\modelrelief.test\bin\debug\netcoreapp2.0\modelrelief.test.dll" id="dd7249aa-ce24-4ace-b7c9-c104f4f6b527"><Execution id="c554c94f-51d3-42d0-b918-2e356e113ed0" /><TestMethod codeBase="D:\Users\Steve Knipmeyer\Documents\GitHub\ModelRelief\ModelRelief.test\bin\Debug\netcoreapp2.0\ModelRelief.Test.dll" adapterTypeName="executor://xunit/VsTestRunner2/netcoreapp" className="ModelRelief.Test.Unit.DependencyManager.DependencyManagerTests" name="Model3dHasExpectedDependentFiles" /></UnitTest><UnitTest name="Patch_ValidReferencePropertyUpdatesModel" storage="d:\users\steve knipmeyer\documents\github\modelrelief\modelrelief.test\bin\debug\netcoreapp2.0\modelrelief.test.dll" id="8ba15775-28f2-400b-af56-fe88229eb7cc"><Execution id="f65442c5-76c2-4380-a758-2527f3e6f548" /><TestMethod codeBase="D:\Users\Steve Knipmeyer\Documents\GitHub\ModelRelief\ModelRelief.test\bin\Debug\netcoreapp2.0\ModelRelief.Test.dll" adapterTypeName="executor://xunit/VsTestRunner2/netcoreapp" className="ModelRelief.Test.Integration.MeshTransforms.MeshTransformsBaseIntegrationTests" name="Patch_ValidReferencePropertyUpdatesModel" /></UnitTest><UnitTest name="PutFile_NewFileCanBePut" storage="d:\users\steve knipmeyer\documents\github\modelrelief\modelrelief.test\bin\debug\netcoreapp2.0\modelrelief.test.dll" id="b03e2336-11c8-4bef-9f6c-4193bd2d1699"><Execution id="2fc500c5-9d63-4ec9-a380-3f48e543e7ce" /><TestMethod codeBase="D:\Users\Steve Knipmeyer\Documents\GitHub\ModelRelief\ModelRelief.test\bin\Debug\netcoreapp2.0\ModelRelief.Test.dll" adapterTypeName="executor://xunit/VsTestRunner2/netcoreapp" className="ModelRelief.Test.Integration.DepthBuffers.DepthBuffersFileIntegrationTests" name="PutFile_NewFileCanBePut" /></UnitTest><UnitTest name="Put_InvalidIdReturnsNotFound" storage="d:\users\steve knipmeyer\documents\github\modelrelief\modelrelief.test\bin\debug\netcoreapp2.0\modelrelief.test.dll" id="ab931a54-de48-4e6d-b75c-c51f86414c5a"><Execution id="35eef6fb-5fa7-4a18-aa38-c7cfee44ce9e" /><TestMethod codeBase="D:\Users\Steve Knipmeyer\Documents\GitHub\ModelRelief\ModelRelief.test\bin\Debug\netcoreapp2.0\ModelRelief.Test.dll" adapterTypeName="executor://xunit/VsTestRunner2/netcoreapp" className="ModelRelief.Test.Integration.Meshes.MeshesBaseIntegrationTests" name="Put_InvalidIdReturnsNotFound" /></UnitTest><UnitTest name="Put_ValidReferencePropertyUpdatesModel" storage="d:\users\steve knipmeyer\documents\github\modelrelief\modelrelief.test\bin\debug\netcoreapp2.0\modelrelief.test.dll" id="edf150eb-ced8-4711-81d6-9425ba1e4bd2"><Execution id="2d2bbc3d-2ddc-49d2-8e0f-c660dde9e969" /><TestMethod codeBase="D:\Users\Steve Knipmeyer\Documents\GitHub\ModelRelief\ModelRelief.test\bin\Debug\netcoreapp2.0\ModelRelief.Test.dll" adapterTypeName="executor://xunit/VsTestRunner2/netcoreapp" className="ModelRelief.Test.Integration.Models.ModelsBaseIntegrationTests" name="Put_ValidReferencePropertyUpdatesModel" /></UnitTest><UnitTest name="Post_CanCreateNewModel" storage="d:\users\steve knipmeyer\documents\github\modelrelief\modelrelief.test\bin\debug\netcoreapp2.0\modelrelief.test.dll" id="9da6fc9b-20ec-444c-8bd6-98bcf4a7e2ee"><Execution id="ca49125b-14e6-4546-937e-e58c7911c6c2" /><TestMethod codeBase="D:\Users\Steve Knipmeyer\Documents\GitHub\ModelRelief\ModelRelief.test\bin\Debug\netcoreapp2.0\ModelRelief.Test.dll" adapterTypeName="executor://xunit/VsTestRunner2/netcoreapp" className="ModelRelief.Test.Integration.Projects.ProjectsBaseIntegrationTests" name="Post_CanCreateNewModel" /></UnitTest><UnitTest name="Patch_InvalidEnumPropertyValueReturnsBadRequest" storage="d:\users\steve knipmeyer\documents\github\modelrelief\modelrelief.test\bin\debug\netcoreapp2.0\modelrelief.test.dll" id="cdeb5665-9c6e-4caf-b94c-5a65d4e1e88f"><Execution id="87a93d80-ab0b-44d2-8b5b-20d3cfcb0a4b" /><TestMethod codeBase="D:\Users\Steve Knipmeyer\Documents\GitHub\ModelRelief\ModelRelief.test\bin\Debug\netcoreapp2.0\ModelRelief.Test.dll" adapterTypeName="executor://xunit/VsTestRunner2/netcoreapp" className="ModelRelief.Test.Integration.DepthBuffers.DepthBuffersBaseIntegrationTests" name="Patch_InvalidEnumPropertyValueReturnsBadRequest" /></UnitTest><UnitTest name="Patch_ValidReferencePropertyUpdatesModel" storage="d:\users\steve knipmeyer\documents\github\modelrelief\modelrelief.test\bin\debug\netcoreapp2.0\modelrelief.test.dll" id="fa60532b-cc65-48aa-a35a-62d14e20628b"><Execution id="276f96cb-7a48-4b19-b737-bd9c8bbe70a7" /><TestMethod codeBase="D:\Users\Steve Knipmeyer\Documents\GitHub\ModelRelief\ModelRelief.test\bin\Debug\netcoreapp2.0\ModelRelief.Test.dll" adapterTypeName="executor://xunit/VsTestRunner2/netcoreapp" className="ModelRelief.Test.Integration.DepthBuffers.DepthBuffersBaseIntegrationTests" name="Patch_ValidReferencePropertyUpdatesModel" /></UnitTest><UnitTest name="GetSingle_InvalidIdPropertyValueReturnsNotFound" storage="d:\users\steve knipmeyer\documents\github\modelrelief\modelrelief.test\bin\debug\netcoreapp2.0\modelrelief.test.dll" id="da167e79-dcf6-4baf-8619-25a829ff9599"><Execution id="66dd382e-8caa-43ad-a507-a3c5ab0ea228" /><TestMethod codeBase="D:\Users\Steve Knipmeyer\Documents\GitHub\ModelRelief\ModelRelief.test\bin\Debug\netcoreapp2.0\ModelRelief.Test.dll" adapterTypeName="executor://xunit/VsTestRunner2/netcoreapp" className="ModelRelief.Test.Integration.Meshes.MeshesBaseIntegrationTests" name="GetSingle_InvalidIdPropertyValueReturnsNotFound" /></UnitTest><UnitTest name="MeshTransformHasExpectedDependentFiles" storage="d:\users\steve knipmeyer\documents\github\modelrelief\modelrelief.test\bin\debug\netcoreapp2.0\modelrelief.test.dll" id="50555eba-8cc6-4d5d-a7e8-d4278a4b1038"><Execution id="8860865a-4cac-48df-929d-b82635f91af6" /><TestMethod codeBase="D:\Users\Steve Knipmeyer\Documents\GitHub\ModelRelief\ModelRelief.test\bin\Debug\netcoreapp2.0\ModelRelief.Test.dll" adapterTypeName="executor://xunit/VsTestRunner2/netcoreapp" className="ModelRelief.Test.Unit.DependencyManager.DependencyManagerTests" name="MeshTransformHasExpectedDependentFiles" /></UnitTest><UnitTest name="FileRequest_MeshIsInvalidatedAfterDepthBufferFileBecomesUnsynchronized" storage="d:\users\steve knipmeyer\documents\github\modelrelief\modelrelief.test\bin\debug\netcoreapp2.0\modelrelief.test.dll" id="f391ebcd-d556-45b3-b889-a1e8ab2b11a2"><Execution id="2dc58cb6-2108-4dc2-85b0-70fb039dbf5f" /><TestMethod codeBase="D:\Users\Steve Knipmeyer\Documents\GitHub\ModelRelief\ModelRelief.test\bin\Debug\netcoreapp2.0\ModelRelief.Test.dll" adapterTypeName="executor://xunit/VsTestRunner2/netcoreapp" className="ModelRelief.Test.Integration.Meshes.MeshesFileIntegrationTests" name="FileRequest_MeshIsInvalidatedAfterDepthBufferFileBecomesUnsynchronized" /></UnitTest><UnitTest name="Patch_InvalidEnumPropertyValueReturnsBadRequest" storage="d:\users\steve knipmeyer\documents\github\modelrelief\modelrelief.test\bin\debug\netcoreapp2.0\modelrelief.test.dll" id="a06a4215-124c-4b8f-a1d2-e2bac38ebad5"><Execution id="dff27af7-ab1e-4f58-9033-93218457218a" /><TestMethod codeBase="D:\Users\Steve Knipmeyer\Documents\GitHub\ModelRelief\ModelRelief.test\bin\Debug\netcoreapp2.0\ModelRelief.Test.dll" adapterTypeName="executor://xunit/VsTestRunner2/netcoreapp" className="ModelRelief.Test.Integration.Projects.ProjectsBaseIntegrationTests" name="Patch_InvalidEnumPropertyValueReturnsBadRequest" /></UnitTest><UnitTest name="Post_InvalidReferencePropertyReturnsBadRequest" storage="d:\users\steve knipmeyer\documents\github\modelrelief\modelrelief.test\bin\debug\netcoreapp2.0\modelrelief.test.dll" id="1162e017-b59d-4645-8e5a-554eadd7111f"><Execution id="3787a848-6878-4346-8193-bb55fc4e2e6e" /><TestMethod codeBase="D:\Users\Steve Knipmeyer\Documents\GitHub\ModelRelief\ModelRelief.test\bin\Debug\netcoreapp2.0\ModelRelief.Test.dll" adapterTypeName="executor://xunit/VsTestRunner2/netcoreapp" className="ModelRelief.Test.Integration.Meshes.MeshesBaseIntegrationTests" name="Post_InvalidReferencePropertyReturnsBadRequest" /></UnitTest><UnitTest name="Put_CanUpdateModel" storage="d:\users\steve knipmeyer\documents\github\modelrelief\modelrelief.test\bin\debug\netcoreapp2.0\modelrelief.test.dll" id="cf295238-bfc1-416b-bba1-c3e8ea6185a0"><Execution id="9bbd7632-bf4b-4518-a073-4d0287dfdd09" /><TestMethod codeBase="D:\Users\Steve Knipmeyer\Documents\GitHub\ModelRelief\ModelRelief.test\bin\Debug\netcoreapp2.0\ModelRelief.Test.dll" adapterTypeName="executor://xunit/VsTestRunner2/netcoreapp" className="ModelRelief.Test.Integration.Models.ModelsBaseIntegrationTests" name="Put_CanUpdateModel" /></UnitTest><UnitTest name="PostFile_FileTimeStampIsUpdatedAfterFileIsPosted" storage="d:\users\steve knipmeyer\documents\github\modelrelief\modelrelief.test\bin\debug\netcoreapp2.0\modelrelief.test.dll" id="84bacb1f-18c4-419b-b7f3-dd4a3b6963bf"><Execution id="216e4cfc-619e-4247-8e90-42dafd8ae3f4" /><TestMethod codeBase="D:\Users\Steve Knipmeyer\Documents\GitHub\ModelRelief\ModelRelief.test\bin\Debug\netcoreapp2.0\ModelRelief.Test.dll" adapterTypeName="executor://xunit/VsTestRunner2/netcoreapp" className="ModelRelief.Test.Integration.Models.ModelsFileIntegrationTests" name="PostFile_FileTimeStampIsUpdatedAfterFileIsPosted" /></UnitTest><UnitTest name="Put_InvalidReferencePropertyReturndBadRequest" storage="d:\users\steve knipmeyer\documents\github\modelrelief\modelrelief.test\bin\debug\netcoreapp2.0\modelrelief.test.dll" id="522941ec-6404-473b-a895-ff580af96dab"><Execution id="7bdb1e0a-f4a1-45ff-955f-74c0eb64572f" /><TestMethod codeBase="D:\Users\Steve Knipmeyer\Documents\GitHub\ModelRelief\ModelRelief.test\bin\Debug\netcoreapp2.0\ModelRelief.Test.dll" adapterTypeName="executor://xunit/VsTestRunner2/netcoreapp" className="ModelRelief.Test.Integration.DepthBuffers.DepthBuffersBaseIntegrationTests" name="Put_InvalidReferencePropertyReturndBadRequest" /></UnitTest><UnitTest name="Post_InvalidReferencePropertyReturnsBadRequest" storage="d:\users\steve knipmeyer\documents\github\modelrelief\modelrelief.test\bin\debug\netcoreapp2.0\modelrelief.test.dll" id="4ec82c8c-7500-4a88-9a08-d545db6b3adb"><Execution id="616f5dba-a349-42ed-85a0-e0eca4aedfb6" /><TestMethod codeBase="D:\Users\Steve Knipmeyer\Documents\GitHub\ModelRelief\ModelRelief.test\bin\Debug\netcoreapp2.0\ModelRelief.Test.dll" adapterTypeName="executor://xunit/VsTestRunner2/netcoreapp" className="ModelRelief.Test.Integration.DepthBuffers.DepthBuffersBaseIntegrationTests" name="Post_InvalidReferencePropertyReturnsBadRequest" /></UnitTest><UnitTest name="Patch_TargetPropertyIsUpdated" storage="d:\users\steve knipmeyer\documents\github\modelrelief\modelrelief.test\bin\debug\netcoreapp2.0\modelrelief.test.dll" id="70e5f0f2-a04a-469d-b1f1-3707c3bb8a3c"><Execution id="25f31648-5bd3-4878-90f1-d761287fe022" /><TestMethod codeBase="D:\Users\Steve Knipmeyer\Documents\GitHub\ModelRelief\ModelRelief.test\bin\Debug\netcoreapp2.0\ModelRelief.Test.dll" adapterTypeName="executor://xunit/VsTestRunner2/netcoreapp" className="ModelRelief.Test.Integration.Models.ModelsBaseIntegrationTests" name="Patch_TargetPropertyIsUpdated" /></UnitTest><UnitTest name="GetFile_NonExistentFileReturnsNotFound" storage="d:\users\steve knipmeyer\documents\github\modelrelief\modelrelief.test\bin\debug\netcoreapp2.0\modelrelief.test.dll" id="be8f903e-99fb-471f-9229-c45f5e0972f6"><Execution id="22f63b12-f1e6-4412-b4de-5c68ba41b196" /><TestMethod codeBase="D:\Users\Steve Knipmeyer\Documents\GitHub\ModelRelief\ModelRelief.test\bin\Debug\netcoreapp2.0\ModelRelief.Test.dll" adapterTypeName="executor://xunit/VsTestRunner2/netcoreapp" className="ModelRelief.Test.Integration.DepthBuffers.DepthBuffersFileIntegrationTests" name="GetFile_NonExistentFileReturnsNotFound" /></UnitTest><UnitTest name="Patch_InvalidReferencePropertyReturnsBadRequest" storage="d:\users\steve knipmeyer\documents\github\modelrelief\modelrelief.test\bin\debug\netcoreapp2.0\modelrelief.test.dll" id="09011183-fcde-4099-a1ec-17e7e43c8734"><Execution id="0883e2fd-e158-4000-b371-ddb68d111a7e" /><TestMethod codeBase="D:\Users\Steve Knipmeyer\Documents\GitHub\ModelRelief\ModelRelief.test\bin\Debug\netcoreapp2.0\ModelRelief.Test.dll" adapterTypeName="executor://xunit/VsTestRunner2/netcoreapp" className="ModelRelief.Test.Integration.Models.ModelsBaseIntegrationTests" name="Patch_InvalidReferencePropertyReturnsBadRequest" /></UnitTest><UnitTest name="Post_InvalidReferencePropertyReturnsBadRequest" storage="d:\users\steve knipmeyer\documents\github\modelrelief\modelrelief.test\bin\debug\netcoreapp2.0\modelrelief.test.dll" id="9b03b43e-867a-4604-9e28-b15b598df6da"><Execution id="a10304a0-30d4-4211-b555-886e36e96877" /><TestMethod codeBase="D:\Users\Steve Knipmeyer\Documents\GitHub\ModelRelief\ModelRelief.test\bin\Debug\netcoreapp2.0\ModelRelief.Test.dll" adapterTypeName="executor://xunit/VsTestRunner2/netcoreapp" className="ModelRelief.Test.Integration.Models.ModelsBaseIntegrationTests" name="Post_InvalidReferencePropertyReturnsBadRequest" /></UnitTest><UnitTest name="Patch_InvalidIdPropertyReturnsNotFound" storage="d:\users\steve knipmeyer\documents\github\modelrelief\modelrelief.test\bin\debug\netcoreapp2.0\modelrelief.test.dll" id="553cd2b5-429c-4bc1-ba72-3018d33cbbad"><Execution id="4bac679a-4a5f-4bdd-8807-102e500a27fb" /><TestMethod codeBase="D:\Users\Steve Knipmeyer\Documents\GitHub\ModelRelief\ModelRelief.test\bin\Debug\netcoreapp2.0\ModelRelief.Test.dll" adapterTypeName="executor://xunit/VsTestRunner2/netcoreapp" className="ModelRelief.Test.Integration.DepthBuffers.DepthBuffersBaseIntegrationTests" name="Patch_InvalidIdPropertyReturnsNotFound" /></UnitTest><UnitTest name="Patch_InvalidReferencePropertyReturnsBadRequest" storage="d:\users\steve knipmeyer\documents\github\modelrelief\modelrelief.test\bin\debug\netcoreapp2.0\modelrelief.test.dll" id="0dce81bf-c2d2-450c-a54a-66df36ed13cb"><Execution id="571a0b0d-cc40-4d3f-8d39-329af5ea9f3d" /><TestMethod codeBase="D:\Users\Steve Knipmeyer\Documents\GitHub\ModelRelief\ModelRelief.test\bin\Debug\netcoreapp2.0\ModelRelief.Test.dll" adapterTypeName="executor://xunit/VsTestRunner2/netcoreapp" className="ModelRelief.Test.Integration.Meshes.MeshesBaseIntegrationTests" name="Patch_InvalidReferencePropertyReturnsBadRequest" /></UnitTest><UnitTest name="Post_InvalidReferencePropertyReturnsBadRequest" storage="d:\users\steve knipmeyer\documents\github\modelrelief\modelrelief.test\bin\debug\netcoreapp2.0\modelrelief.test.dll" id="7e13deed-5729-4430-afa6-29ad69cce64b"><Execution id="24ad04fd-5ad3-40ee-bf46-c10bb7e77510" /><TestMethod codeBase="D:\Users\Steve Knipmeyer\Documents\GitHub\ModelRelief\ModelRelief.test\bin\Debug\netcoreapp2.0\ModelRelief.Test.dll" adapterTypeName="executor://xunit/VsTestRunner2/netcoreapp" className="ModelRelief.Test.Integration.Projects.ProjectsBaseIntegrationTests" name="Post_InvalidReferencePropertyReturnsBadRequest" /></UnitTest><UnitTest name="Put_InvalidReferencePropertyReturndBadRequest" storage="d:\users\steve knipmeyer\documents\github\modelrelief\modelrelief.test\bin\debug\netcoreapp2.0\modelrelief.test.dll" id="a15adcf1-bb1d-41ef-8784-cd6598719be6"><Execution id="9e70be20-1efd-4ab2-80f3-59975576428a" /><TestMethod codeBase="D:\Users\Steve Knipmeyer\Documents\GitHub\ModelRelief\ModelRelief.test\bin\Debug\netcoreapp2.0\ModelRelief.Test.dll" adapterTypeName="executor://xunit/VsTestRunner2/netcoreapp" className="ModelRelief.Test.Integration.MeshTransforms.MeshTransformsBaseIntegrationTests" name="Put_InvalidReferencePropertyReturndBadRequest" /></UnitTest><UnitTest name="Post_CanCreateNewModel" storage="d:\users\steve knipmeyer\documents\github\modelrelief\modelrelief.test\bin\debug\netcoreapp2.0\modelrelief.test.dll" id="91b51272-bb87-4901-8814-e12b041ef40c"><Execution id="3296c166-30fc-4df9-b1cc-2677817f87df" /><TestMethod codeBase="D:\Users\Steve Knipmeyer\Documents\GitHub\ModelRelief\ModelRelief.test\bin\Debug\netcoreapp2.0\ModelRelief.Test.dll" adapterTypeName="executor://xunit/VsTestRunner2/netcoreapp" className="ModelRelief.Test.Integration.DepthBuffers.DepthBuffersBaseIntegrationTests" name="Post_CanCreateNewModel" /></UnitTest><UnitTest name="Patch_InvalidIdPropertyReturnsNotFound" storage="d:\users\steve knipmeyer\documents\github\modelrelief\modelrelief.test\bin\debug\netcoreapp2.0\modelrelief.test.dll" id="5e114cc9-235d-4ca4-9423-96441fde6ea8"><Execution id="05847155-68f2-44cd-925c-eb092143ec81" /><TestMethod codeBase="D:\Users\Steve Knipmeyer\Documents\GitHub\ModelRelief\ModelRelief.test\bin\Debug\netcoreapp2.0\ModelRelief.Test.dll" adapterTypeName="executor://xunit/VsTestRunner2/netcoreapp" className="ModelRelief.Test.Integration.Projects.ProjectsBaseIntegrationTests" name="Patch_InvalidIdPropertyReturnsNotFound" /></UnitTest><UnitTest name="PostFile_FileTimeStampIsUpdatedAfterFileIsPosted" storage="d:\users\steve knipmeyer\documents\github\modelrelief\modelrelief.test\bin\debug\netcoreapp2.0\modelrelief.test.dll" id="7dcd9d18-b96d-4512-9257-7870a1bfc088"><Execution id="923975eb-89d0-4af8-9e7d-b32dfbc78f81" /><TestMethod codeBase="D:\Users\Steve Knipmeyer\Documents\GitHub\ModelRelief\ModelRelief.test\bin\Debug\netcoreapp2.0\ModelRelief.Test.dll" adapterTypeName="executor://xunit/VsTestRunner2/netcoreapp" className="ModelRelief.Test.Integration.Meshes.MeshesFileIntegrationTests" name="PostFile_FileTimeStampIsUpdatedAfterFileIsPosted" /></UnitTest><UnitTest name="Put_InvalidIdReturnsNotFound" storage="d:\users\steve knipmeyer\documents\github\modelrelief\modelrelief.test\bin\debug\netcoreapp2.0\modelrelief.test.dll" id="745e87c5-5f5d-4502-8c33-417964e72a18"><Execution id="2c917537-c6b3-422d-a43d-bd333db4404e" /><TestMethod codeBase="D:\Users\Steve Knipmeyer\Documents\GitHub\ModelRelief\ModelRelief.test\bin\Debug\netcoreapp2.0\ModelRelief.Test.dll" adapterTypeName="executor://xunit/VsTestRunner2/netcoreapp" className="ModelRelief.Test.Integration.Models.ModelsBaseIntegrationTests" name="Put_InvalidIdReturnsNotFound" /></UnitTest><UnitTest name="Post_ValidReferencePropertyCreatesModel" storage="d:\users\steve knipmeyer\documents\github\modelrelief\modelrelief.test\bin\debug\netcoreapp2.0\modelrelief.test.dll" id="51c61329-2788-4c75-8d17-949774af5984"><Execution id="dc84b1f4-ad73-407d-9745-be655498e654" /><TestMethod codeBase="D:\Users\Steve Knipmeyer\Documents\GitHub\ModelRelief\ModelRelief.test\bin\Debug\netcoreapp2.0\ModelRelief.Test.dll" adapterTypeName="executor://xunit/VsTestRunner2/netcoreapp" className="ModelRelief.Test.Integration.Models.ModelsBaseIntegrationTests" name="Post_ValidReferencePropertyCreatesModel" /></UnitTest><UnitTest name="Post_CanCreateNewModel" storage="d:\users\steve knipmeyer\documents\github\modelrelief\modelrelief.test\bin\debug\netcoreapp2.0\modelrelief.test.dll" id="7cf4de2f-387f-4f0c-90d1-fac5dac783d5"><Execution id="6963ac67-4547-4010-9dc9-eb2abd405d0a" /><TestMethod codeBase="D:\Users\Steve Knipmeyer\Documents\GitHub\ModelRelief\ModelRelief.test\bin\Debug\netcoreapp2.0\ModelRelief.Test.dll" adapterTypeName="executor://xunit/VsTestRunner2/netcoreapp" className="ModelRelief.Test.Integration.Meshes.MeshesBaseIntegrationTests" name="Post_CanCreateNewModel" /></UnitTest><UnitTest name="Patch_InvalidPropertyNameReturnsBadRequest" storage="d:\users\steve knipmeyer\documents\github\modelrelief\modelrelief.test\bin\debug\netcoreapp2.0\modelrelief.test.dll" id="af920128-2043-4a3a-9dab-eeba367f5261"><Execution id="20bb5fd6-0c48-42f4-8a25-79ab7ad9edcb" /><TestMethod codeBase="D:\Users\Steve Knipmeyer\Documents\GitHub\ModelRelief\ModelRelief.test\bin\Debug\netcoreapp2.0\ModelRelief.Test.dll" adapterTypeName="executor://xunit/VsTestRunner2/netcoreapp" className="ModelRelief.Test.Integration.Meshes.MeshesBaseIntegrationTests" name="Patch_InvalidPropertyNameReturnsBadRequest" /></UnitTest><UnitTest name="Put_InvalidIdReturnsNotFound" storage="d:\users\steve knipmeyer\documents\github\modelrelief\modelrelief.test\bin\debug\netcoreapp2.0\modelrelief.test.dll" id="9b61285a-17c6-4eeb-a57a-688396ddf024"><Execution id="affbf875-eb3e-4403-8a6b-b79d5e07b453" /><TestMethod codeBase="D:\Users\Steve Knipmeyer\Documents\GitHub\ModelRelief\ModelRelief.test\bin\Debug\netcoreapp2.0\ModelRelief.Test.dll" adapterTypeName="executor://xunit/VsTestRunner2/netcoreapp" className="ModelRelief.Test.Integration.Projects.ProjectsBaseIntegrationTests" name="Put_InvalidIdReturnsNotFound" /></UnitTest><UnitTest name="Post_InvalidReferencePropertyReturnsBadRequest" storage="d:\users\steve knipmeyer\documents\github\modelrelief\modelrelief.test\bin\debug\netcoreapp2.0\modelrelief.test.dll" id="1725958d-0a11-4067-a3ff-7d1ce8329a53"><Execution id="3a59b481-1452-4500-8f33-e63482a4a2a7" /><TestMethod codeBase="D:\Users\Steve Knipmeyer\Documents\GitHub\ModelRelief\ModelRelief.test\bin\Debug\netcoreapp2.0\ModelRelief.Test.dll" adapterTypeName="executor://xunit/VsTestRunner2/netcoreapp" className="ModelRelief.Test.Integration.Cameras.CamerasBaseIntegrationTests" name="Post_InvalidReferencePropertyReturnsBadRequest" /></UnitTest><UnitTest name="Put_ValidReferencePropertyUpdatesModel" storage="d:\users\steve knipmeyer\documents\github\modelrelief\modelrelief.test\bin\debug\netcoreapp2.0\modelrelief.test.dll" id="d1054c59-2ba8-4ef6-8064-758352aa408c"><Execution id="0ce384a1-99ef-4515-bd0e-5eb790128d23" /><TestMethod codeBase="D:\Users\Steve Knipmeyer\Documents\GitHub\ModelRelief\ModelRelief.test\bin\Debug\netcoreapp2.0\ModelRelief.Test.dll" adapterTypeName="executor://xunit/VsTestRunner2/netcoreapp" className="ModelRelief.Test.Integration.Meshes.MeshesBaseIntegrationTests" name="Put_ValidReferencePropertyUpdatesModel" /></UnitTest><UnitTest name="Put_InvalidReferencePropertyReturndBadRequest" storage="d:\users\steve knipmeyer\documents\github\modelrelief\modelrelief.test\bin\debug\netcoreapp2.0\modelrelief.test.dll" id="76e16944-3488-4535-8877-ae4b5d3dd6ae"><Execution id="c440c7d7-ff4e-482d-b72d-910f532ed034" /><TestMethod codeBase="D:\Users\Steve Knipmeyer\Documents\GitHub\ModelRelief\ModelRelief.test\bin\Debug\netcoreapp2.0\ModelRelief.Test.dll" adapterTypeName="executor://xunit/VsTestRunner2/netcoreapp" className="ModelRelief.Test.Integration.Meshes.MeshesBaseIntegrationTests" name="Put_InvalidReferencePropertyReturndBadRequest" /></UnitTest></TestDefinitions><TestEntries><TestEntry testId="dcf8fc52-d7c4-494f-be9d-fab77f76d66a" executionId="59e8518d-8b84-4afd-95da-0c70ea9fefa8" testListId="8c84fa94-04c1-424b-9868-57a2d4851a1d" /><TestEntry testId="ab931a54-de48-4e6d-b75c-c51f86414c5a" executionId="35eef6fb-5fa7-4a18-aa38-c7cfee44ce9e" testListId="8c84fa94-04c1-424b-9868-57a2d4851a1d" /><TestEntry testId="9b61285a-17c6-4eeb-a57a-688396ddf024" executionId="affbf875-eb3e-4403-8a6b-b79d5e07b453" testListId="8c84fa94-04c1-424b-9868-57a2d4851a1d" /><TestEntry testId="d75eac5a-05f0-4862-acd2-f1bdc51f1619" executionId="0e6e6ce3-2c1e-4590-ba6c-98ac13067bd1" testListId="8c84fa94-04c1-424b-9868-57a2d4851a1d" /><TestEntry testId="bd48ccbe-e3cc-4f14-a551-7457145de3c4" executionId="792599c3-0f82-41e7-9c46-429511088080" testListId="8c84fa94-04c1-424b-9868-57a2d4851a1d" /><TestEntry testId="50555eba-8cc6-4d5d-a7e8-d4278a4b1038" executionId="8860865a-4cac-48df-929d-b82635f91af6" testListId="8c84fa94-04c1-424b-9868-57a2d4851a1d" /><TestEntry testId="8e3fab30-660d-48ca-b84f-17e3dceac02f" executionId="9e75b4cd-ce2e-4e78-8416-5046a9f78ba5" testListId="8c84fa94-04c1-424b-9868-57a2d4851a1d" /><TestEntry testId="848a1de7-0a2b-402a-a661-1b28748a7496" executionId="6c88b130-1cf6-4a0a-8ba6-2a6bcae016ed" testListId="8c84fa94-04c1-424b-9868-57a2d4851a1d" /><TestEntry testId="0dce81bf-c2d2-450c-a54a-66df36ed13cb" executionId="571a0b0d-cc40-4d3f-8d39-329af5ea9f3d" testListId="8c84fa94-04c1-424b-9868-57a2d4851a1d" /><TestEntry testId="a4552b51-288d-4fbf-a6e5-30af2d22d6e0" executionId="70320fbe-9b74-427d-b649-d89415e85fac" testListId="8c84fa94-04c1-424b-9868-57a2d4851a1d" /><TestEntry testId="8ec6da0a-345d-4adb-8931-566b8e945d55" executionId="e2b44b6f-dd34-41c1-a909-905b3938d1fc" testListId="8c84fa94-04c1-424b-9868-57a2d4851a1d" /><TestEntry testId="29334b04-d77b-4c87-b0c1-9723c31b150f" executionId="ff0b8c8f-d7f7-4300-bde4-e49fbe33fada" testListId="8c84fa94-04c1-424b-9868-57a2d4851a1d" /><TestEntry testId="94d7b37e-409d-4311-8694-2960a6132546" executionId="52f23d88-280d-4a95-b62f-8369988c3360" testListId="8c84fa94-04c1-424b-9868-57a2d4851a1d" /><TestEntry testId="91b51272-bb87-4901-8814-e12b041ef40c" executionId="3296c166-30fc-4df9-b1cc-2677817f87df" testListId="8c84fa94-04c1-424b-9868-57a2d4851a1d" /><TestEntry testId="c64cdf86-0e5a-4c11-befc-2d6575f9f5d8" executionId="49e7f245-633f-4e07-b25d-366431c95ad4" testListId="8c84fa94-04c1-424b-9868-57a2d4851a1d" /><TestEntry testId="3197b0c1-831c-4336-8dc4-24c4b5701601" executionId="f3483aeb-557e-4af0-b438-7629231164b2" testListId="8c84fa94-04c1-424b-9868-57a2d4851a1d" /><TestEntry testId="1162e017-b59d-4645-8e5a-554eadd7111f" executionId="3787a848-6878-4346-8193-bb55fc4e2e6e" testListId="8c84fa94-04c1-424b-9868-57a2d4851a1d" /><TestEntry testId="d71d4d1b-353e-4697-88c3-e2cc69408cbe" executionId="3fea43bc-8899-46cd-9933-356d032188e4" testListId="8c84fa94-04c1-424b-9868-57a2d4851a1d" /><TestEntry testId="f46f8302-db8e-4de2-9d11-5c63362e745f" executionId="790ba2a7-94b3-4eee-8dfe-521fa91fa67e" testListId="8c84fa94-04c1-424b-9868-57a2d4851a1d" /><TestEntry testId="4e23dc11-7e16-4258-9268-7856155145a1" executionId="95bd5b9a-7009-4f4a-95a5-de0c22856e38" testListId="8c84fa94-04c1-424b-9868-57a2d4851a1d" /><TestEntry testId="290670fc-8d84-4f7f-bd26-17aad16b580c" executionId="6507f5f1-e224-4cc2-b19c-2965cec025ee" testListId="8c84fa94-04c1-424b-9868-57a2d4851a1d" /><TestEntry testId="da167e79-dcf6-4baf-8619-25a829ff9599" executionId="66dd382e-8caa-43ad-a507-a3c5ab0ea228" testListId="8c84fa94-04c1-424b-9868-57a2d4851a1d" /><TestEntry testId="4998f186-59cf-4adb-922c-7afa594620c4" executionId="8be631b9-626d-4a36-be60-b1ea197e83aa" testListId="8c84fa94-04c1-424b-9868-57a2d4851a1d" /><TestEntry testId="63e0a337-b09d-4e58-865c-83c25db95835" executionId="c1093698-c158-4bdf-ad81-d3059e479d06" testListId="8c84fa94-04c1-424b-9868-57a2d4851a1d" /><TestEntry testId="ce405141-a214-4002-8cc2-75f97b9122ab" executionId="709233e3-35ec-4a35-8b13-1907fe842801" testListId="8c84fa94-04c1-424b-9868-57a2d4851a1d" /><TestEntry testId="24ce3c4b-1301-40fc-9cdc-bab362150521" executionId="4deeca4e-ee2e-4881-a9fc-2b591b2b7b2f" testListId="8c84fa94-04c1-424b-9868-57a2d4851a1d" /><TestEntry testId="6b2c0638-af7c-4f5f-af0b-c80e68749f4a" executionId="f7be461c-3d65-4b0e-9c50-fcf0f59f6012" testListId="8c84fa94-04c1-424b-9868-57a2d4851a1d" /><TestEntry testId="247c07c3-ce99-4943-95f4-cbac39ada1f9" executionId="c374b7b4-3f11-4780-8953-a545a361d422" testListId="8c84fa94-04c1-424b-9868-57a2d4851a1d" /><TestEntry testId="4b1b3f9f-395d-448e-9caa-8b902ab4b2a1" executionId="e895d2b8-ded1-40a8-9942-87e440b1c59f" testListId="8c84fa94-04c1-424b-9868-57a2d4851a1d" /><TestEntry testId="4df999ea-36fa-4a85-99af-d608812da1c9" executionId="5a81b905-d24a-4f1c-9222-bdc136b9565e" testListId="8c84fa94-04c1-424b-9868-57a2d4851a1d" /><TestEntry testId="d414bd5d-dcc8-49e7-aa6d-ad1a054ec210" executionId="82ded25f-7186-4794-b583-e26ed180d947" testListId="8c84fa94-04c1-424b-9868-57a2d4851a1d" /><TestEntry testId="fcd66454-2a15-4342-85e9-644e6cac9d1b" executionId="de1d9dc5-e871-46a8-8d4c-4777405087ee" testListId="8c84fa94-04c1-424b-9868-57a2d4851a1d" /><TestEntry testId="af0a2e80-182b-47bb-8e78-445cbe52d275" executionId="54dbbd5a-fbe2-483d-b3e6-8547d89cc141" testListId="8c84fa94-04c1-424b-9868-57a2d4851a1d" /><TestEntry testId="3dde85b5-e441-4c85-baac-852c0c5dd282" executionId="5d387a56-8704-4dfa-9f5c-2f385b7827ca" testListId="8c84fa94-04c1-424b-9868-57a2d4851a1d" /><TestEntry testId="947d8dfe-a327-4b85-a80d-9555b7b4f3e9" executionId="d9863117-be2d-4be4-8488-4ccdd9293aed" testListId="8c84fa94-04c1-424b-9868-57a2d4851a1d" /><TestEntry testId="553cd2b5-429c-4bc1-ba72-3018d33cbbad" executionId="4bac679a-4a5f-4bdd-8807-102e500a27fb" testListId="8c84fa94-04c1-424b-9868-57a2d4851a1d" /><TestEntry testId="5e6169b6-2328-4cfc-8885-75263dcdd8ca" executionId="a92e85a0-b7c8-4c2c-a3c8-e8cd759476b5" testListId="8c84fa94-04c1-424b-9868-57a2d4851a1d" /><TestEntry testId="af920128-2043-4a3a-9dab-eeba367f5261" executionId="20bb5fd6-0c48-42f4-8a25-79ab7ad9edcb" testListId="8c84fa94-04c1-424b-9868-57a2d4851a1d" /><TestEntry testId="6984b312-2486-4edd-8d9b-6aa36b3f1806" executionId="b35799a8-8b4e-4c9f-b583-2830e8af487d" testListId="8c84fa94-04c1-424b-9868-57a2d4851a1d" /><TestEntry testId="a15adcf1-bb1d-41ef-8784-cd6598719be6" executionId="9e70be20-1efd-4ab2-80f3-59975576428a" testListId="8c84fa94-04c1-424b-9868-57a2d4851a1d" /><TestEntry testId="919e605e-0fb0-4ed4-aeb8-d6df8dd5ebb0" executionId="d523a9aa-1dfd-4157-9e6d-c6da2099ac37" testListId="8c84fa94-04c1-424b-9868-57a2d4851a1d" /><TestEntry testId="a06a4215-124c-4b8f-a1d2-e2bac38ebad5" executionId="dff27af7-ab1e-4f58-9033-93218457218a" testListId="8c84fa94-04c1-424b-9868-57a2d4851a1d" /><TestEntry testId="51c61329-2788-4c75-8d17-949774af5984" executionId="dc84b1f4-ad73-407d-9745-be655498e654" testListId="8c84fa94-04c1-424b-9868-57a2d4851a1d" /><TestEntry testId="9da6fc9b-20ec-444c-8bd6-98bcf4a7e2ee" executionId="ca49125b-14e6-4546-937e-e58c7911c6c2" testListId="8c84fa94-04c1-424b-9868-57a2d4851a1d" /><TestEntry testId="8a78b9dd-6439-4132-b97f-5ba97d618275" executionId="cc8df000-19e6-41c7-8a43-d8432fe12114" testListId="8c84fa94-04c1-424b-9868-57a2d4851a1d" /><TestEntry testId="a649364d-c0ed-4602-8ce9-b918449de3e2" executionId="7bd36d37-cd58-4f58-9c57-a17c918232af" testListId="8c84fa94-04c1-424b-9868-57a2d4851a1d" /><TestEntry testId="0fa97d9a-a4e8-47e1-80c9-1baf1f8d7aad" executionId="09359ddf-835b-4d39-894d-3fe7278de635" testListId="8c84fa94-04c1-424b-9868-57a2d4851a1d" /><TestEntry testId="bf9ade31-4d95-4647-b1d4-88dddee48ef0" executionId="05fcb7db-6dcc-441f-9504-492d22df40c1" testListId="8c84fa94-04c1-424b-9868-57a2d4851a1d" /><TestEntry testId="ad05e454-8f8f-4b41-a8c7-590b65a9148c" executionId="13b8d05a-ba1e-4c14-a27e-0e2c8ed2b73a" testListId="8c84fa94-04c1-424b-9868-57a2d4851a1d" /><TestEntry testId="b6a52b5b-bba2-4e55-92ee-3a0c431947e0" executionId="21662515-b963-472f-af5c-79b24960a39a" testListId="8c84fa94-04c1-424b-9868-57a2d4851a1d" /><TestEntry testId="f7aeef64-2e19-4bf8-9002-51024a6a19c6" executionId="45c477d4-5835-49be-b53c-ea0434ebb282" testListId="8c84fa94-04c1-424b-9868-57a2d4851a1d" /><TestEntry testId="f3e0bafa-486e-47bb-8ea1-d89a9af7dee8" executionId="1066a9bd-87c7-471f-b858-57fc445c8577" testListId="8c84fa94-04c1-424b-9868-57a2d4851a1d" /><TestEntry testId="0741629e-a95c-4482-b3f7-50ce893e7137" executionId="0f859860-26ef-489a-8ba6-52614559f5aa" testListId="8c84fa94-04c1-424b-9868-57a2d4851a1d" /><TestEntry testId="d15cd6b5-6682-4ea0-9098-4743af0a0e2b" executionId="1693bf82-3bd0-40cc-a203-b4254dfa71c2" testListId="8c84fa94-04c1-424b-9868-57a2d4851a1d" /><TestEntry testId="165ee431-f9b1-4e22-89da-f5db3627c5f4" executionId="29bc3ed8-db4d-4063-ad0f-45d792791b5f" testListId="8c84fa94-04c1-424b-9868-57a2d4851a1d" /><TestEntry testId="7dcd9d18-b96d-4512-9257-7870a1bfc088" executionId="923975eb-89d0-4af8-9e7d-b32dfbc78f81" testListId="8c84fa94-04c1-424b-9868-57a2d4851a1d" /><TestEntry testId="b23e16aa-75df-4ddc-b1a4-f536db0483f0" executionId="12e572da-ec80-487c-854f-835667e64ebc" testListId="8c84fa94-04c1-424b-9868-57a2d4851a1d" /><TestEntry testId="745e87c5-5f5d-4502-8c33-417964e72a18" executionId="2c917537-c6b3-422d-a43d-bd333db4404e" testListId="8c84fa94-04c1-424b-9868-57a2d4851a1d" /><TestEntry testId="1bff9573-a13d-4ac5-829d-96b670f75bf6" executionId="10ffff78-f0a0-4fa6-9cae-a35f588666c8" testListId="8c84fa94-04c1-424b-9868-57a2d4851a1d" /><TestEntry testId="fd91833b-5b46-4a7b-b368-cbf45b7a8a2f" executionId="85365aec-872f-4401-b83a-f7e2d3570674" testListId="8c84fa94-04c1-424b-9868-57a2d4851a1d" /><TestEntry testId="2f5bafd1-8e85-4cf9-9a34-bd4c750ea29e" executionId="cf6228a7-3f09-45b2-a9ee-d375f1e9c0cb" testListId="8c84fa94-04c1-424b-9868-57a2d4851a1d" /><TestEntry testId="af17f1c2-1d20-4b69-92bc-be340631e549" executionId="bd222af6-3807-46f6-b645-e5eecf9520a0" testListId="8c84fa94-04c1-424b-9868-57a2d4851a1d" /><TestEntry testId="c8d8b7bf-6aaa-42e1-ada7-3eb57a52a2f4" executionId="cf5a2558-89b0-47e3-ac86-c621c5b8368c" testListId="8c84fa94-04c1-424b-9868-57a2d4851a1d" /><TestEntry testId="4bc4dd3f-347b-456c-b247-64f9f67f8aef" executionId="e7975246-2a9c-4c75-8991-07cce2b14346" testListId="8c84fa94-04c1-424b-9868-57a2d4851a1d" /><TestEntry testId="e5edbbba-c8aa-4c65-857a-bdada62f6b9e" executionId="a15d2605-ae20-4d52-b992-e8eaf63640a3" testListId="8c84fa94-04c1-424b-9868-57a2d4851a1d" /><TestEntry testId="18d492ac-b2f8-4fc8-aee2-620097705c5a" executionId="277b1c2a-5026-4ace-9aa1-af988a29fc7f" testListId="8c84fa94-04c1-424b-9868-57a2d4851a1d" /><TestEntry testId="dd7249aa-ce24-4ace-b7c9-c104f4f6b527" executionId="c554c94f-51d3-42d0-b918-2e356e113ed0" testListId="8c84fa94-04c1-424b-9868-57a2d4851a1d" /><TestEntry testId="be8e28a0-cfb6-4218-8227-7717d8f1fc2a" executionId="5b070001-ece3-4c5e-ab5b-d3b1bdd00c5b" testListId="8c84fa94-04c1-424b-9868-57a2d4851a1d" /><TestEntry testId="18b28617-2ae1-4aff-b425-db52237f8d2c" executionId="98888501-9169-4072-85ee-b3dbb0db195b" testListId="8c84fa94-04c1-424b-9868-57a2d4851a1d" /><TestEntry testId="5642475a-b0d4-4277-9d14-e4ea3e14118a" executionId="9f38d2d1-1c19-4d92-90d4-3e947299f08f" testListId="8c84fa94-04c1-424b-9868-57a2d4851a1d" /><TestEntry testId="dea8899f-0cac-4bee-ac22-b7ed6589b32a" executionId="29401341-76a6-447a-b6a8-904d39dd332c" testListId="8c84fa94-04c1-424b-9868-57a2d4851a1d" /><TestEntry testId="49012851-d0d7-43da-b0bb-515dca8c4d1b" executionId="f9dd9192-c8c3-471d-8cc1-883ff6d4c194" testListId="8c84fa94-04c1-424b-9868-57a2d4851a1d" /><TestEntry testId="d67eba36-3323-403f-9b4b-126c31b6b569" executionId="94f03c4f-dfa6-421e-8f10-d09eb3b4a119" testListId="8c84fa94-04c1-424b-9868-57a2d4851a1d" /><TestEntry testId="b12fe3a0-960f-4ce8-8dd3-9b6e8bf3532f" executionId="d903af4d-bd67-4641-9403-9497f4ee444f" testListId="8c84fa94-04c1-424b-9868-57a2d4851a1d" /><TestEntry testId="76e16944-3488-4535-8877-ae4b5d3dd6ae" executionId="c440c7d7-ff4e-482d-b72d-910f532ed034" testListId="8c84fa94-04c1-424b-9868-57a2d4851a1d" /><TestEntry testId="5e114cc9-235d-4ca4-9423-96441fde6ea8" executionId="05847155-68f2-44cd-925c-eb092143ec81" testListId="8c84fa94-04c1-424b-9868-57a2d4851a1d" /><TestEntry testId="cdd67130-05cd-46bc-9dc3-cdfe0fa34571" executionId="ad2bd93c-8cfe-4be5-8ffc-c6953de3f4e8" testListId="8c84fa94-04c1-424b-9868-57a2d4851a1d" /><TestEntry testId="a14e19bd-73f1-48d0-b6e0-fd759df98507" executionId="ace27734-ac69-4c3f-8e10-643d47bcdb17" testListId="8c84fa94-04c1-424b-9868-57a2d4851a1d" /><TestEntry testId="9c98fea3-4cee-4c1d-ad47-7a8bb01f3d77" executionId="64609c25-460f-4cd8-b431-6c7eec81eed4" testListId="8c84fa94-04c1-424b-9868-57a2d4851a1d" /><TestEntry testId="88a8c215-c771-491e-9840-3de08f4b0345" executionId="dfbcb299-0423-49c0-adc8-3be8d7a8c770" testListId="8c84fa94-04c1-424b-9868-57a2d4851a1d" /><TestEntry testId="ae11b7f7-50b8-4838-ba1c-2e7ce9170848" executionId="085f7930-8f1a-4031-9cec-0ab79322b532" testListId="8c84fa94-04c1-424b-9868-57a2d4851a1d" /><TestEntry testId="9f092ecf-9e2c-475c-afa2-3db52b73dc36" executionId="6b4edf8f-8d8c-4a9f-a3d8-d1d50d520951" testListId="8c84fa94-04c1-424b-9868-57a2d4851a1d" /><TestEntry testId="840323eb-bb9d-4b98-9bb8-960d8b3a9ec5" executionId="143e1c29-f34d-42f3-941c-0b1352f0d99d" testListId="8c84fa94-04c1-424b-9868-57a2d4851a1d" /><TestEntry testId="485d0e73-7c49-4abe-ab0e-b4fcd60360cc" executionId="ef597212-73b5-4cb8-88c3-7e484573b7a3" testListId="8c84fa94-04c1-424b-9868-57a2d4851a1d" /><TestEntry testId="2b12d7a8-c960-4704-87d4-3dc1ca60c7ce" executionId="427e690a-70d5-4641-8cce-25131ac7c2c3" testListId="8c84fa94-04c1-424b-9868-57a2d4851a1d" /><TestEntry testId="5d5abf9b-8fda-4e70-a918-77f199943f24" executionId="7078a6aa-0106-4b5f-a603-bb7dfe847105" testListId="8c84fa94-04c1-424b-9868-57a2d4851a1d" /><TestEntry testId="ab4c4b7b-64a6-4cac-b7dc-ab23633fa3e8" executionId="4bdb6c9d-2b59-47da-a045-b1cf9f8d5ede" testListId="8c84fa94-04c1-424b-9868-57a2d4851a1d" /><TestEntry testId="7dc7437f-015a-4eed-a354-7404c39abf93" executionId="7dc372ee-abcf-4875-b823-03dc6811048d" testListId="8c84fa94-04c1-424b-9868-57a2d4851a1d" /><TestEntry testId="4b8dea38-33a0-4c52-be1f-0636cb70ea94" executionId="9e34625f-a9a8-424b-94c2-b1a0428330ab" testListId="8c84fa94-04c1-424b-9868-57a2d4851a1d" /><TestEntry testId="c161c6ab-ce4f-4f07-bcd6-01bfe6459987" executionId="37c1bd73-53e2-4e80-aead-c84c3dd3f44e" testListId="8c84fa94-04c1-424b-9868-57a2d4851a1d" /><TestEntry testId="09011183-fcde-4099-a1ec-17e7e43c8734" executionId="0883e2fd-e158-4000-b371-ddb68d111a7e" testListId="8c84fa94-04c1-424b-9868-57a2d4851a1d" /><TestEntry testId="44318558-e0dd-4877-adaf-b32321d797a3" executionId="4965f68a-fd0e-4321-b54c-2014db5b957a" testListId="8c84fa94-04c1-424b-9868-57a2d4851a1d" /><TestEntry testId="edf150eb-ced8-4711-81d6-9425ba1e4bd2" executionId="2d2bbc3d-2ddc-49d2-8e0f-c660dde9e969" testListId="8c84fa94-04c1-424b-9868-57a2d4851a1d" /><TestEntry testId="70e5f0f2-a04a-469d-b1f1-3707c3bb8a3c" executionId="25f31648-5bd3-4878-90f1-d761287fe022" testListId="8c84fa94-04c1-424b-9868-57a2d4851a1d" /><TestEntry testId="f391ebcd-d556-45b3-b889-a1e8ab2b11a2" executionId="2dc58cb6-2108-4dc2-85b0-70fb039dbf5f" testListId="8c84fa94-04c1-424b-9868-57a2d4851a1d" /><TestEntry testId="bd21e7f2-79d1-4818-aa73-6f62e6c99beb" executionId="790b78ac-a2b0-4028-820d-7d5543bf91c7" testListId="8c84fa94-04c1-424b-9868-57a2d4851a1d" /><TestEntry testId="71af2310-b213-42e7-890c-ca608de61071" executionId="b030581e-17a2-459b-815f-170a634957d3" testListId="8c84fa94-04c1-424b-9868-57a2d4851a1d" /><TestEntry testId="615100ce-9983-43ff-b420-6e22916cd4fd" executionId="afe77e99-20c2-4f56-a8ee-195d1769e168" testListId="8c84fa94-04c1-424b-9868-57a2d4851a1d" /><TestEntry testId="dacda558-b55d-4753-baf8-cc07d21d691b" executionId="37b5bacd-4d0a-4074-b5cd-fdbcbce9b1ce" testListId="8c84fa94-04c1-424b-9868-57a2d4851a1d" /><TestEntry testId="343dcf88-5178-4978-8dbf-408a5f9307df" executionId="ce85183b-337b-4293-a85d-700bb2929ac9" testListId="8c84fa94-04c1-424b-9868-57a2d4851a1d" /><TestEntry testId="be8f903e-99fb-471f-9229-c45f5e0972f6" executionId="22f63b12-f1e6-4412-b4de-5c68ba41b196" testListId="8c84fa94-04c1-424b-9868-57a2d4851a1d" /><TestEntry testId="c2094c2e-e149-4741-ae41-9ae61d0e7045" executionId="3cc4f0b9-87ba-4c66-8ac1-2ff6261995b2" testListId="8c84fa94-04c1-424b-9868-57a2d4851a1d" /><TestEntry testId="f8cc87a0-8d7f-4344-a527-22c318a0a09b" executionId="a2fe7603-24c4-4717-ac8b-ee867adb3b86" testListId="8c84fa94-04c1-424b-9868-57a2d4851a1d" /><TestEntry testId="1725958d-0a11-4067-a3ff-7d1ce8329a53" executionId="3a59b481-1452-4500-8f33-e63482a4a2a7" testListId="8c84fa94-04c1-424b-9868-57a2d4851a1d" /><TestEntry testId="ead6835c-4293-498c-b621-41e6a96723e8" executionId="cdb490c1-8297-4436-b5bb-2339be72f758" testListId="8c84fa94-04c1-424b-9868-57a2d4851a1d" /><TestEntry testId="1ac659eb-31e1-437f-a832-c0e64546a932" executionId="622f8555-854c-4ec4-aaf5-b409dca90c9a" testListId="8c84fa94-04c1-424b-9868-57a2d4851a1d" /><TestEntry testId="fa60532b-cc65-48aa-a35a-62d14e20628b" executionId="276f96cb-7a48-4b19-b737-bd9c8bbe70a7" testListId="8c84fa94-04c1-424b-9868-57a2d4851a1d" /><TestEntry testId="873ae237-73d1-48a5-be42-49e50e6abb9f" executionId="5da5f890-4411-44c2-a84b-1826facc2f5b" testListId="8c84fa94-04c1-424b-9868-57a2d4851a1d" /><TestEntry testId="2aaca841-61a0-40bb-8a43-512d360bf83c" executionId="c4c1c3ec-48c8-400e-b382-c8471e04e131" testListId="8c84fa94-04c1-424b-9868-57a2d4851a1d" /><TestEntry testId="522941ec-6404-473b-a895-ff580af96dab" executionId="7bdb1e0a-f4a1-45ff-955f-74c0eb64572f" testListId="8c84fa94-04c1-424b-9868-57a2d4851a1d" /><TestEntry testId="7e13deed-5729-4430-afa6-29ad69cce64b" executionId="24ad04fd-5ad3-40ee-bf46-c10bb7e77510" testListId="8c84fa94-04c1-424b-9868-57a2d4851a1d" /><TestEntry testId="48f17cfa-a549-4ed6-b8e8-95539d1e6a70" executionId="ebe9317f-0c80-4376-9960-a786c337498f" testListId="8c84fa94-04c1-424b-9868-57a2d4851a1d" /><TestEntry testId="84257ee7-6c0d-474d-9465-7ab24efb9005" executionId="88843c1b-314d-4326-9661-a6402ef2e032" testListId="8c84fa94-04c1-424b-9868-57a2d4851a1d" /><TestEntry testId="9ab1858e-a055-467b-b064-81013dd484fd" executionId="82c3a332-773a-4d8f-a994-88d5291e838d" testListId="8c84fa94-04c1-424b-9868-57a2d4851a1d" /><TestEntry testId="65ad5475-b436-4aef-87ac-72184ed8261f" executionId="40969135-eb2e-446b-8846-b33b17326cc6" testListId="8c84fa94-04c1-424b-9868-57a2d4851a1d" /><TestEntry testId="9b03b43e-867a-4604-9e28-b15b598df6da" executionId="a10304a0-30d4-4211-b555-886e36e96877" testListId="8c84fa94-04c1-424b-9868-57a2d4851a1d" /><TestEntry testId="c1cc0cd8-195c-4363-96aa-2f46bac49289" executionId="86de14ab-458f-46c7-a3a3-54dfcc82a21e" testListId="8c84fa94-04c1-424b-9868-57a2d4851a1d" /><TestEntry testId="838efbb6-6f8a-4407-b76f-3deb06d6b0d0" executionId="3a0e66ca-3104-4072-8f2c-6521808cab10" testListId="8c84fa94-04c1-424b-9868-57a2d4851a1d" /><TestEntry testId="a43c1bde-1938-49d6-b500-467cce89ec8d" executionId="ad16340e-61d1-4e0f-8198-ae69da643167" testListId="8c84fa94-04c1-424b-9868-57a2d4851a1d" /><TestEntry testId="0883b848-1ee0-4681-b876-eb5ead9df29c" executionId="b47b1c4a-31f9-448d-95fd-c25eb2a95f76" testListId="8c84fa94-04c1-424b-9868-57a2d4851a1d" /><TestEntry testId="d1054c59-2ba8-4ef6-8064-758352aa408c" executionId="0ce384a1-99ef-4515-bd0e-5eb790128d23" testListId="8c84fa94-04c1-424b-9868-57a2d4851a1d" /><TestEntry testId="65e12221-cac4-495c-9ebc-1bea4831f09d" executionId="5ddc1b01-df82-49c8-9c60-99e9e85977ff" testListId="8c84fa94-04c1-424b-9868-57a2d4851a1d" /><TestEntry testId="e2dc0b1c-1de4-45a5-9a75-2ea63bb055b5" executionId="1157041f-d31d-4d9b-a9fb-93ec3b94cb6e" testListId="8c84fa94-04c1-424b-9868-57a2d4851a1d" /><TestEntry testId="a914828c-7149-4bfd-bbaa-f82794e94c0d" executionId="929ad3fd-2c55-4e7e-907a-a7764b5b235e" testListId="8c84fa94-04c1-424b-9868-57a2d4851a1d" /><TestEntry testId="6f7da6fe-cc3d-4ab0-9055-c3cf99c89f06" executionId="7dd36bb1-952a-4bac-9a57-802bd1266681" testListId="8c84fa94-04c1-424b-9868-57a2d4851a1d" /><TestEntry testId="1927a143-c3f6-41ec-895e-d239cc2dcada" executionId="1b73ccf9-52ad-433e-9210-8c52a4b78bf3" testListId="8c84fa94-04c1-424b-9868-57a2d4851a1d" /><TestEntry testId="b03e2336-11c8-4bef-9f6c-4193bd2d1699" executionId="2fc500c5-9d63-4ec9-a380-3f48e543e7ce" testListId="8c84fa94-04c1-424b-9868-57a2d4851a1d" /><TestEntry testId="5a468f21-d782-40aa-8608-e406598295fa" executionId="901eefdc-2559-406e-9ddb-a0b4344ce66f" testListId="8c84fa94-04c1-424b-9868-57a2d4851a1d" /><TestEntry testId="9bfbc79b-49fd-4514-a877-1fba4e1d0490" executionId="03cf464e-56aa-44f3-9b19-84e5d4e95591" testListId="8c84fa94-04c1-424b-9868-57a2d4851a1d" /><TestEntry testId="523bbea2-6e88-4e1c-b936-cf5d9a3a2197" executionId="8344ddb4-85ee-4d7c-a070-9d8f77293943" testListId="8c84fa94-04c1-424b-9868-57a2d4851a1d" /><TestEntry testId="536a6788-7200-4fb0-a1e3-fbe6866304c5" executionId="6f7d99e9-f54e-4df4-bfa4-cc6c8d4982f3" testListId="8c84fa94-04c1-424b-9868-57a2d4851a1d" /><TestEntry testId="0f220204-9a2d-42da-bb86-36c5cb1362de" executionId="dee22bbe-899e-4208-9f35-470881a96081" testListId="8c84fa94-04c1-424b-9868-57a2d4851a1d" /><TestEntry testId="0ddc5cf3-b5ec-485a-9646-752c62308678" executionId="aecfe0cb-7cd9-42c7-ab64-1aec247d425a" testListId="8c84fa94-04c1-424b-9868-57a2d4851a1d" /><TestEntry testId="74d5677b-c9f4-4b55-95b3-62a02a8519ca" executionId="7b6d7b1d-eb08-46a4-907d-abfd5f88b81b" testListId="8c84fa94-04c1-424b-9868-57a2d4851a1d" /><TestEntry testId="cf295238-bfc1-416b-bba1-c3e8ea6185a0" executionId="9bbd7632-bf4b-4518-a073-4d0287dfdd09" testListId="8c84fa94-04c1-424b-9868-57a2d4851a1d" /><TestEntry testId="4ec82c8c-7500-4a88-9a08-d545db6b3adb" executionId="616f5dba-a349-42ed-85a0-e0eca4aedfb6" testListId="8c84fa94-04c1-424b-9868-57a2d4851a1d" /><TestEntry testId="84bacb1f-18c4-419b-b7f3-dd4a3b6963bf" executionId="216e4cfc-619e-4247-8e90-42dafd8ae3f4" testListId="8c84fa94-04c1-424b-9868-57a2d4851a1d" /><TestEntry testId="9c7a5505-e46d-4a64-94b4-d6b7b0ee8d70" executionId="d05d837c-1719-4859-8ecb-ad289372b5aa" testListId="8c84fa94-04c1-424b-9868-57a2d4851a1d" /><TestEntry testId="cbdb4ca3-cf21-411f-a3aa-9efcae0f51be" executionId="c2920073-46f0-4088-9573-28933a027e00" testListId="8c84fa94-04c1-424b-9868-57a2d4851a1d" /><TestEntry testId="ecf920cf-b4c0-4e35-9833-0093e5fe6a4d" executionId="e8fd5b59-4167-4451-a6cf-8034171a4335" testListId="8c84fa94-04c1-424b-9868-57a2d4851a1d" /><TestEntry testId="9a6a49cb-237f-48d1-b3fd-9be6a16f3692" executionId="70f6fc52-0a19-46b8-aaf0-b11b7957a14c" testListId="8c84fa94-04c1-424b-9868-57a2d4851a1d" /><TestEntry testId="881ddfd1-80ea-483d-8044-4f8c159d7f6c" executionId="e39715e5-a6b5-49bf-bf59-3bbb0f9be14e" testListId="8c84fa94-04c1-424b-9868-57a2d4851a1d" /><TestEntry testId="cdeb5665-9c6e-4caf-b94c-5a65d4e1e88f" executionId="87a93d80-ab0b-44d2-8b5b-20d3cfcb0a4b" testListId="8c84fa94-04c1-424b-9868-57a2d4851a1d" /><TestEntry testId="03491705-4170-4561-90b5-603d4b895336" executionId="1eef6f9b-2dc0-431c-ad8f-f16e66d322d3" testListId="8c84fa94-04c1-424b-9868-57a2d4851a1d" /><TestEntry testId="99cc77c1-b507-4c1e-bd44-2e7e5b1aa471" executionId="b2c56eab-b224-42cf-81c5-95d68b5554f5" testListId="8c84fa94-04c1-424b-9868-57a2d4851a1d" /><TestEntry testId="53cf6916-ada0-4226-9486-185957b33a5c" executionId="2ca78de5-a2c8-492a-a42b-fd6bf13df92f" testListId="8c84fa94-04c1-424b-9868-57a2d4851a1d" /><TestEntry testId="98d5b590-7e32-42fe-aaa2-e9b0fb4ae4c6" executionId="3db80e53-14ff-410f-aee6-5e1d57fb8552" testListId="8c84fa94-04c1-424b-9868-57a2d4851a1d" /><TestEntry testId="aa7ac426-1dc6-49df-8239-52f9db76247f" executionId="539df656-ab3e-4f61-bcd0-c3e273f9cb63" testListId="8c84fa94-04c1-424b-9868-57a2d4851a1d" /><TestEntry testId="8ba15775-28f2-400b-af56-fe88229eb7cc" executionId="f65442c5-76c2-4380-a758-2527f3e6f548" testListId="8c84fa94-04c1-424b-9868-57a2d4851a1d" /><TestEntry testId="283cbdfe-5f1a-4574-8b9c-88c43a31290a" executionId="5f3ffbbd-dcc5-4dba-8a8f-f8bbd773f8da" testListId="8c84fa94-04c1-424b-9868-57a2d4851a1d" /><TestEntry testId="b30ed889-1251-4359-865c-7b911e015154" executionId="636f0692-fa01-45c1-9607-a61b189348f0" testListId="8c84fa94-04c1-424b-9868-57a2d4851a1d" /><TestEntry testId="7cf4de2f-387f-4f0c-90d1-fac5dac783d5" executionId="6963ac67-4547-4010-9dc9-eb2abd405d0a" testListId="8c84fa94-04c1-424b-9868-57a2d4851a1d" /></TestEntries><TestLists><TestList name="Results Not in a List" id="8c84fa94-04c1-424b-9868-57a2d4851a1d" /><TestList name="All Loaded Results" id="19431567-8539-422a-85d7-44ee4e166bda" /></TestLists><ResultSummary outcome="Failed"><Counters total="152" executed="152" passed="147" failed="5" error="0" timeout="0" aborted="0" inconclusive="0" passedButRunAborted="0" notRunnable="0" notExecuted="0" disconnected="0" warning="0" completed="0" inProgress="0" pending="0" /><Output><StdOut>[xUnit.net 00:00:01.0558300]   Discovering: ModelRelief.Test[xUnit.net 00:00:01.1673281]   Discovered:  ModelRelief.Test[xUnit.net 00:00:01.1734824]   Starting:    ModelRelief.Test[xUnit.net 00:00:04.7147178]       Assert.True() Failure[xUnit.net 00:00:04.7147687]       Expected: True[xUnit.net 00:00:04.7148056]       Actual:   False[xUnit.net 00:00:04.7157162]       Stack Trace:[xUnit.net 00:00:04.7166318]         D:\Users\Steve Knipmeyer\Documents\GitHub\ModelRelief\ModelRelief.test\Integration\Base\BaseIntegrationTests.cs(194,0): at ModelRelief.Test.Integration.BaseIntegrationTests`2.&lt;Post_InvalidReferencePropertyReturnsBadRequest&gt;d__7.MoveNext()[xUnit.net 00:00:04.7168916]         --- End of stack trace from previous location where exception was thrown ---[xUnit.net 00:00:04.7169457]            at System.Runtime.ExceptionServices.ExceptionDispatchInfo.Throw()[xUnit.net 00:00:04.7169931]            at System.Runtime.CompilerServices.TaskAwaiter.HandleNonSuccessAndDebuggerNotification(Task task)[xUnit.net 00:00:04.7170295]         --- End of stack trace from previous location where exception was thrown ---[xUnit.net 00:00:04.7170699]            at System.Runtime.ExceptionServices.ExceptionDispatchInfo.Throw()[xUnit.net 00:00:04.7171117]            at System.Runtime.CompilerServices.TaskAwaiter.HandleNonSuccessAndDebuggerNotification(Task task)[xUnit.net 00:00:04.7171458]         --- End of stack trace from previous location where exception was thrown ---[xUnit.net 00:00:04.7171862]            at System.Runtime.ExceptionServices.ExceptionDispatchInfo.Throw()[xUnit.net 00:00:04.7172265]            at System.Runtime.CompilerServices.TaskAwaiter.HandleNonSuccessAndDebuggerNotification(Task task)[xUnit.net 00:00:12.1042122]       Assert.True() Failure[xUnit.net 00:00:12.1042788]       Expected: True[xUnit.net 00:00:12.1043328]       Actual:   False[xUnit.net 00:00:12.1044189]       Stack Trace:[xUnit.net 00:00:12.1045178]         D:\Users\Steve Knipmeyer\Documents\GitHub\ModelRelief\ModelRelief.test\Integration\Base\BaseIntegrationTests.cs(194,0): at ModelRelief.Test.Integration.BaseIntegrationTests`2.&lt;Post_InvalidReferencePropertyReturnsBadRequest&gt;d__7.MoveNext()[xUnit.net 00:00:12.1045926]         --- End of stack trace from previous location where exception was thrown ---[xUnit.net 00:00:12.1046751]            at System.Runtime.ExceptionServices.ExceptionDispatchInfo.Throw()[xUnit.net 00:00:12.1047495]            at System.Runtime.CompilerServices.TaskAwaiter.HandleNonSuccessAndDebuggerNotification(Task task)[xUnit.net 00:00:12.1048053]         --- End of stack trace from previous location where exception was thrown ---[xUnit.net 00:00:12.1048735]            at System.Runtime.ExceptionServices.ExceptionDispatchInfo.Throw()[xUnit.net 00:00:12.1049437]            at System.Runtime.CompilerServices.TaskAwaiter.HandleNonSuccessAndDebuggerNotification(Task task)[xUnit.net 00:00:12.1050006]         --- End of stack trace from previous location where exception was thrown ---[xUnit.net 00:00:12.1050654]            at System.Runtime.ExceptionServices.ExceptionDispatchInfo.Throw()[xUnit.net 00:00:12.1051387]            at System.Runtime.CompilerServices.TaskAwaiter.HandleNonSuccessAndDebuggerNotification(Task task)[xUnit.net 00:00:15.5754238]       Assert.True() Failure[xUnit.net 00:00:15.5754977]       Expected: True[xUnit.net 00:00:15.5755381]       Actual:   False[xUnit.net 00:00:15.5755864]       Stack Trace:[xUnit.net 00:00:15.5756538]         D:\Users\Steve Knipmeyer\Documents\GitHub\ModelRelief\ModelRelief.test\Integration\Base\BaseIntegrationTests.cs(194,0): at ModelRelief.Test.Integration.BaseIntegrationTests`2.&lt;Post_InvalidReferencePropertyReturnsBadRequest&gt;d__7.MoveNext()[xUnit.net 00:00:15.5757018]         --- End of stack trace from previous location where exception was thrown ---[xUnit.net 00:00:15.5757547]            at System.Runtime.ExceptionServices.ExceptionDispatchInfo.Throw()[xUnit.net 00:00:15.5757962]            at System.Runtime.CompilerServices.TaskAwaiter.HandleNonSuccessAndDebuggerNotification(Task task)[xUnit.net 00:00:15.5758300]         --- End of stack trace from previous location where exception was thrown ---[xUnit.net 00:00:15.5758783]            at System.Runtime.ExceptionServices.ExceptionDispatchInfo.Throw()[xUnit.net 00:00:15.5759230]            at System.Runtime.CompilerServices.TaskAwaiter.HandleNonSuccessAndDebuggerNotification(Task task)[xUnit.net 00:00:15.5759557]         --- End of stack trace from previous location where exception was thrown ---[xUnit.net 00:00:15.5759940]            at System.Runtime.ExceptionServices.ExceptionDispatchInfo.Throw()[xUnit.net 00:00:15.5760344]            at System.Runtime.CompilerServices.TaskAwaiter.HandleNonSuccessAndDebuggerNotification(Task task)[xUnit.net 00:00:30.6802342]       Assert.True() Failure[xUnit.net 00:00:30.6802706]       Expected: True[xUnit.net 00:00:30.6803021]       Actual:   False[xUnit.net 00:00:30.6803411]       Stack Trace:[xUnit.net 00:00:30.6803968]         D:\Users\Steve Knipmeyer\Documents\GitHub\ModelRelief\ModelRelief.test\Integration\Base\BaseIntegrationTests.cs(194,0): at ModelRelief.Test.Integration.BaseIntegrationTests`2.&lt;Post_InvalidReferencePropertyReturnsBadRequest&gt;d__7.MoveNext()[xUnit.net 00:00:30.6804397]         --- End of stack trace from previous location where exception was thrown ---[xUnit.net 00:00:30.6804832]            at System.Runtime.ExceptionServices.ExceptionDispatchInfo.Throw()[xUnit.net 00:00:30.6805321]            at System.Runtime.CompilerServices.TaskAwaiter.HandleNonSuccessAndDebuggerNotification(Task task)[xUnit.net 00:00:30.6805705]         --- End of stack trace from previous location where exception was thrown ---[xUnit.net 00:00:30.6806200]            at System.Runtime.ExceptionServices.ExceptionDispatchInfo.Throw()[xUnit.net 00:00:30.6806771]            at System.Runtime.CompilerServices.TaskAwaiter.HandleNonSuccessAndDebuggerNotification(Task task)[xUnit.net 00:00:30.6807149]         --- End of stack trace from previous location where exception was thrown ---[xUnit.net 00:00:30.6807527]            at System.Runtime.ExceptionServices.ExceptionDispatchInfo.Throw()[xUnit.net 00:00:30.6807991]            at System.Runtime.CompilerServices.TaskAwaiter.HandleNonSuccessAndDebuggerNotification(Task task)[xUnit.net 00:00:37.2512642]       Assert.True() Failure[xUnit.net 00:00:37.2513000]       Expected: True[xUnit.net 00:00:37.2513327]       Actual:   False[xUnit.net 00:00:37.2513714]       Stack Trace:[xUnit.net 00:00:37.2514280]         D:\Users\Steve Knipmeyer\Documents\GitHub\ModelRelief\ModelRelief.test\Integration\Base\BaseIntegrationTests.cs(194,0): at ModelRelief.Test.Integration.BaseIntegrationTests`2.&lt;Post_InvalidReferencePropertyReturnsBadRequest&gt;d__7.MoveNext()[xUnit.net 00:00:37.2514825]         --- End of stack trace from previous location where exception was thrown ---[xUnit.net 00:00:37.2515314]            at System.Runtime.ExceptionServices.ExceptionDispatchInfo.Throw()[xUnit.net 00:00:37.2515815]            at System.Runtime.CompilerServices.TaskAwaiter.HandleNonSuccessAndDebuggerNotification(Task task)[xUnit.net 00:00:37.2516227]         --- End of stack trace from previous location where exception was thrown ---[xUnit.net 00:00:37.2516631]            at System.Runtime.ExceptionServices.ExceptionDispatchInfo.Throw()[xUnit.net 00:00:37.2517040]            at System.Runtime.CompilerServices.TaskAwaiter.HandleNonSuccessAndDebuggerNotification(Task task)[xUnit.net 00:00:37.2517364]         --- End of stack trace from previous location where exception was thrown ---[xUnit.net 00:00:37.2517739]            at System.Runtime.ExceptionServices.ExceptionDispatchInfo.Throw()[xUnit.net 00:00:37.2518143]            at System.Runtime.CompilerServices.TaskAwaiter.HandleNonSuccessAndDebuggerNotification(Task task)[xUnit.net 00:00:38.8336020]   Finished:    ModelRelief.Test</StdOut></Output><RunInfos><RunInfo computerName="VECTOR" outcome="Error" timestamp="2018-05-22T05:01:40.0403270-04:00"><Text>[xUnit.net 00:00:04.7134158]     Post_InvalidReferencePropertyReturnsBadRequest [FAIL]</Text></RunInfo><RunInfo computerName="VECTOR" outcome="Error" timestamp="2018-05-22T05:01:47.4309421-04:00"><Text>[xUnit.net 00:00:12.1040371]     Post_InvalidReferencePropertyReturnsBadRequest [FAIL]</Text></RunInfo><RunInfo computerName="VECTOR" outcome="Error" timestamp="2018-05-22T05:01:50.9020783-04:00"><Text>[xUnit.net 00:00:15.5752481]     Post_InvalidReferencePropertyReturnsBadRequest [FAIL]</Text></RunInfo><RunInfo computerName="VECTOR" outcome="Error" timestamp="2018-05-22T05:02:06.0068813-04:00"><Text>[xUnit.net 00:00:30.6801006]     Post_InvalidReferencePropertyReturnsBadRequest [FAIL]</Text></RunInfo><RunInfo computerName="VECTOR" outcome="Error" timestamp="2018-05-22T05:02:12.5778366-04:00"><Text>[xUnit.net 00:00:37.2511485]     Post_InvalidReferencePropertyReturnsBadRequest [FAIL]</Text></RunInfo></RunInfos></ResultSummary></TestRun>