<?xml version="1.0" encoding="utf-8"?><TestRun id="5a91864b-8de1-495c-8e4a-087d00a3c342" name="Steve Knipmeyer@VECTOR 2018-07-17 05:18:19" runUser="VECTOR\Steve Knipmeyer" xmlns="http://microsoft.com/schemas/VisualStudio/TeamTest/2010"><Times creation="2018-07-17T05:18:19.6890255-04:00" queuing="2018-07-17T05:18:19.6890352-04:00" start="2018-07-17T05:18:15.7027024-04:00" finish="2018-07-17T05:18:57.6194837-04:00" /><TestSettings name="default" id="6a7253eb-0e52-4181-be1c-7b97b1b27f58"><Deployment runDeploymentRoot="Steve_Knipmeyer_VECTOR_2018-07-17_05_18_19" /></TestSettings><Results><UnitTestResult executionId="fecd34f6-48d9-416f-81ed-8493d14fd8a4" testId="c3af6280-da69-4926-9ae0-a6f9870fa951" testName="Put_InvalidIdReturnsNotFound" computerName="VECTOR" duration="00:00:00.0210000" startTime="2018-07-17T05:18:55.5666945-04:00" endTime="2018-07-17T05:18:55.5667005-04:00" testType="13cdc9d9-ddb5-4fa4-a97d-d965ccfc6d4b" outcome="Passed" testListId="8c84fa94-04c1-424b-9868-57a2d4851a1d" relativeResultsDirectory="fecd34f6-48d9-416f-81ed-8493d14fd8a4" /><UnitTestResult executionId="786bb028-65ef-4146-bb61-f2dbc60cc1c8" testId="2cb799d4-d94d-41f7-8a3d-cbf7ed3c96fc" testName="Patch_InvalidPropertyNameReturnsBadRequest" computerName="VECTOR" duration="00:00:00.4390000" startTime="2018-07-17T05:18:19.6400211-04:00" endTime="2018-07-17T05:18:19.6400277-04:00" testType="13cdc9d9-ddb5-4fa4-a97d-d965ccfc6d4b" outcome="Passed" testListId="8c84fa94-04c1-424b-9868-57a2d4851a1d" relativeResultsDirectory="786bb028-65ef-4146-bb61-f2dbc60cc1c8" /><UnitTestResult executionId="6f461f8d-f267-4946-bc14-247f5ae932e3" testId="50f38bd1-1755-4ca1-a649-cf6fa1db09d2" testName="Post_InvalidReferencePropertyReturnsBadRequest" computerName="VECTOR" duration="00:00:00.0080000" startTime="2018-07-17T05:18:49.0693320-04:00" endTime="2018-07-17T05:18:49.0693354-04:00" testType="13cdc9d9-ddb5-4fa4-a97d-d965ccfc6d4b" outcome="Passed" testListId="8c84fa94-04c1-424b-9868-57a2d4851a1d" relativeResultsDirectory="6f461f8d-f267-4946-bc14-247f5ae932e3" /><UnitTestResult executionId="eccf3b99-06b4-4715-b1a1-47689f70a26d" testId="2e80e908-a101-4999-9b0d-6ac5dc856fb8" testName="Put_InvalidReferencePropertyReturndBadRequest" computerName="VECTOR" duration="00:00:00.0260000" startTime="2018-07-17T05:18:56.1881001-04:00" endTime="2018-07-17T05:18:56.1881058-04:00" testType="13cdc9d9-ddb5-4fa4-a97d-d965ccfc6d4b" outcome="Passed" testListId="8c84fa94-04c1-424b-9868-57a2d4851a1d" relativeResultsDirectory="eccf3b99-06b4-4715-b1a1-47689f70a26d" /><UnitTestResult executionId="f3f9bb54-b8da-479c-9fd0-e305ab2e72c7" testId="cd721c67-3594-4d94-871a-d2c6db6b52fc" testName="Post_InvalidPropertyValueReturnsBadRequest" computerName="VECTOR" duration="00:00:00.0030000" startTime="2018-07-17T05:18:56.4881732-04:00" endTime="2018-07-17T05:18:56.4881769-04:00" testType="13cdc9d9-ddb5-4fa4-a97d-d965ccfc6d4b" outcome="Passed" testListId="8c84fa94-04c1-424b-9868-57a2d4851a1d" relativeResultsDirectory="f3f9bb54-b8da-479c-9fd0-e305ab2e72c7" /><UnitTestResult executionId="07cdfdd8-83b5-43f8-998a-72fc8dc464ec" testId="73954e7a-3f1e-433e-8058-7a3790575327" testName="FileRequest_DepthBufferIsInvalidatedAfterCameraDependencyPropertyChange" computerName="VECTOR" duration="00:00:01.2120000" startTime="2018-07-17T05:18:53.8709101-04:00" endTime="2018-07-17T05:18:53.8709164-04:00" testType="13cdc9d9-ddb5-4fa4-a97d-d965ccfc6d4b" outcome="Passed" testListId="8c84fa94-04c1-424b-9868-57a2d4851a1d" relativeResultsDirectory="07cdfdd8-83b5-43f8-998a-72fc8dc464ec" /><UnitTestResult executionId="9d9c6bc0-e775-41cd-b6ae-5531ff3c6d9e" testId="a347e3a1-b3ec-4d80-a477-350f64017231" testName="FileRequest_MeshIsInvalidatedAfterDepthBufferFileBecomesUnsynchronized" computerName="VECTOR" duration="00:00:02.9220000" startTime="2018-07-17T05:18:36.2820240-04:00" endTime="2018-07-17T05:18:36.2820308-04:00" testType="13cdc9d9-ddb5-4fa4-a97d-d965ccfc6d4b" outcome="Passed" testListId="8c84fa94-04c1-424b-9868-57a2d4851a1d" relativeResultsDirectory="9d9c6bc0-e775-41cd-b6ae-5531ff3c6d9e" /><UnitTestResult executionId="e9d7ee48-5123-4ef8-b420-193d65e1e323" testId="d34f133b-0d5f-4b75-81d9-a7464f9a97ee" testName="Post_ValidReferencePropertyCreatesModel" computerName="VECTOR" duration="00:00:00.2260000" startTime="2018-07-17T05:18:56.4149713-04:00" endTime="2018-07-17T05:18:56.4149844-04:00" testType="13cdc9d9-ddb5-4fa4-a97d-d965ccfc6d4b" outcome="Passed" testListId="8c84fa94-04c1-424b-9868-57a2d4851a1d" relativeResultsDirectory="e9d7ee48-5123-4ef8-b420-193d65e1e323" /><UnitTestResult executionId="d12bb62c-a512-429b-a542-e6c26c491e6b" testId="35104eee-0452-4f8c-8007-30999253467d" testName="Post_CanCreateNewModel" computerName="VECTOR" duration="00:00:00.1820000" startTime="2018-07-17T05:18:55.5450597-04:00" endTime="2018-07-17T05:18:55.5450662-04:00" testType="13cdc9d9-ddb5-4fa4-a97d-d965ccfc6d4b" outcome="Passed" testListId="8c84fa94-04c1-424b-9868-57a2d4851a1d" relativeResultsDirectory="d12bb62c-a512-429b-a542-e6c26c491e6b" /><UnitTestResult executionId="bf882620-c161-4838-9002-0338e1a8cb58" testId="418398e4-5a0c-47b0-a718-dbecbbf91ffd" testName="Post_InvalidReferencePropertyReturnsBadRequest" computerName="VECTOR" duration="00:00:00.0150000" startTime="2018-07-17T05:18:28.8175432-04:00" endTime="2018-07-17T05:18:28.8175558-04:00" testType="13cdc9d9-ddb5-4fa4-a97d-d965ccfc6d4b" outcome="Passed" testListId="8c84fa94-04c1-424b-9868-57a2d4851a1d" relativeResultsDirectory="bf882620-c161-4838-9002-0338e1a8cb58" /><UnitTestResult executionId="5b9be0f0-c444-4df5-a3ca-37244f07b333" testId="4b3e1193-79f2-4ff0-85d7-3b5a48ef8e67" testName="Patch_TargetPropertyIsUpdated" computerName="VECTOR" duration="00:00:00.3080000" startTime="2018-07-17T05:18:48.5129268-04:00" endTime="2018-07-17T05:18:48.5129334-04:00" testType="13cdc9d9-ddb5-4fa4-a97d-d965ccfc6d4b" outcome="Passed" testListId="8c84fa94-04c1-424b-9868-57a2d4851a1d" relativeResultsDirectory="5b9be0f0-c444-4df5-a3ca-37244f07b333" /><UnitTestResult executionId="cf83a026-1c7b-410d-9aa0-e9912c71044d" testId="353bf565-3828-4524-a236-86b502e6d529" testName="GetSingle_InvalidIdPropertyValueReturnsNotFound" computerName="VECTOR" duration="00:00:00.0230000" startTime="2018-07-17T05:18:28.7837029-04:00" endTime="2018-07-17T05:18:28.7837168-04:00" testType="13cdc9d9-ddb5-4fa4-a97d-d965ccfc6d4b" outcome="Passed" testListId="8c84fa94-04c1-424b-9868-57a2d4851a1d" relativeResultsDirectory="cf83a026-1c7b-410d-9aa0-e9912c71044d" /><UnitTestResult executionId="9d207945-6c55-48fc-b16b-3731242b0d8a" testId="3a82c3f4-9e32-4135-a0a5-532a829bc96c" testName="FileRequest_FileCanBeReadAfterRename" computerName="VECTOR" duration="00:00:00.5370000" startTime="2018-07-17T05:18:52.6585334-04:00" endTime="2018-07-17T05:18:52.6585397-04:00" testType="13cdc9d9-ddb5-4fa4-a97d-d965ccfc6d4b" outcome="Passed" testListId="8c84fa94-04c1-424b-9868-57a2d4851a1d" relativeResultsDirectory="9d207945-6c55-48fc-b16b-3731242b0d8a" /><UnitTestResult executionId="d2aeb80d-5f8a-444d-93c7-f0ea8e5484ff" testId="f56d7a15-071a-47a0-be8c-eb956bb1c1d4" testName="GetSingle_ValidIdPropertyValueReturnsCorrectModel" computerName="VECTOR" duration="00:00:00.0160000" startTime="2018-07-17T05:18:28.8009828-04:00" endTime="2018-07-17T05:18:28.8009954-04:00" testType="13cdc9d9-ddb5-4fa4-a97d-d965ccfc6d4b" outcome="Passed" testListId="8c84fa94-04c1-424b-9868-57a2d4851a1d" relativeResultsDirectory="d2aeb80d-5f8a-444d-93c7-f0ea8e5484ff" /><UnitTestResult executionId="8771f25a-c302-46d0-a49e-3294e2e83adc" testId="9709a66a-e932-452a-bff2-a317982f283a" testName="Put_ValidReferencePropertyUpdatesModel" computerName="VECTOR" duration="00:00:00.0060000" startTime="2018-07-17T05:18:20.5665029-04:00" endTime="2018-07-17T05:18:20.5665108-04:00" testType="13cdc9d9-ddb5-4fa4-a97d-d965ccfc6d4b" outcome="Passed" testListId="8c84fa94-04c1-424b-9868-57a2d4851a1d" relativeResultsDirectory="8771f25a-c302-46d0-a49e-3294e2e83adc" /><UnitTestResult executionId="cf0a9f65-ccc7-4634-a80c-81fc84bfad5b" testId="7f6ee6fc-ee55-4491-a888-bc3c77ec501c" testName="Post_InvalidPropertyValueReturnsBadRequest" computerName="VECTOR" duration="00:00:00.0020000" startTime="2018-07-17T05:18:49.0907803-04:00" endTime="2018-07-17T05:18:49.0907829-04:00" testType="13cdc9d9-ddb5-4fa4-a97d-d965ccfc6d4b" outcome="Passed" testListId="8c84fa94-04c1-424b-9868-57a2d4851a1d" relativeResultsDirectory="cf0a9f65-ccc7-4634-a80c-81fc84bfad5b" /><UnitTestResult executionId="c735a1f4-9548-4f7c-8d67-47066b5dfc07" testId="85ec5f96-9248-48fe-94ec-cfa195a8c50a" testName="Post_InvalidReferencePropertyReturnsBadRequest" computerName="VECTOR" duration="00:00:00.0050000" startTime="2018-07-17T05:18:32.4422044-04:00" endTime="2018-07-17T05:18:32.4422090-04:00" testType="13cdc9d9-ddb5-4fa4-a97d-d965ccfc6d4b" outcome="Passed" testListId="8c84fa94-04c1-424b-9868-57a2d4851a1d" relativeResultsDirectory="c735a1f4-9548-4f7c-8d67-47066b5dfc07" /><UnitTestResult executionId="827c7cfc-4724-4aad-ae53-3ba58f48f6d2" testId="5f37e96b-37ad-405c-9d8a-8dedc2816ab5" testName="Post_InvalidPropertyValueReturnsBadRequest" computerName="VECTOR" duration="00:00:00.0070000" startTime="2018-07-17T05:18:21.3901791-04:00" endTime="2018-07-17T05:18:21.3901845-04:00" testType="13cdc9d9-ddb5-4fa4-a97d-d965ccfc6d4b" outcome="Passed" testListId="8c84fa94-04c1-424b-9868-57a2d4851a1d" relativeResultsDirectory="827c7cfc-4724-4aad-ae53-3ba58f48f6d2" /><UnitTestResult executionId="3b210523-79f7-4a19-bbe1-ed947e5012d0" testId="3830ebed-226b-4d53-a9c2-c54cd2073003" testName="Post_InvalidReferencePropertyReturnsBadRequest" computerName="VECTOR" duration="00:00:00.0670000" startTime="2018-07-17T05:18:21.4581794-04:00" endTime="2018-07-17T05:18:21.4581854-04:00" testType="13cdc9d9-ddb5-4fa4-a97d-d965ccfc6d4b" outcome="Passed" testListId="8c84fa94-04c1-424b-9868-57a2d4851a1d" relativeResultsDirectory="3b210523-79f7-4a19-bbe1-ed947e5012d0" /><UnitTestResult executionId="d06a39a0-7907-4df2-9711-db300809c7de" testId="e17ac67b-69cc-4b4c-a17d-8d9043eb384c" testName="PostFile_FileIsSynchronizedIsUpdatedAfterFileIsPosted" computerName="VECTOR" duration="00:00:00.3360000" startTime="2018-07-17T05:18:43.4461681-04:00" endTime="2018-07-17T05:18:43.4461744-04:00" testType="13cdc9d9-ddb5-4fa4-a97d-d965ccfc6d4b" outcome="Passed" testListId="8c84fa94-04c1-424b-9868-57a2d4851a1d" relativeResultsDirectory="d06a39a0-7907-4df2-9711-db300809c7de" /><UnitTestResult executionId="ccc851e3-c063-4c3d-aebc-39afe3ce1aa1" testId="ab49632b-fb34-4c9a-b25a-767ee27afca9" testName="Post_InvalidReferencePropertyReturnsBadRequest" computerName="VECTOR" duration="00:00:00.0070000" startTime="2018-07-17T05:18:55.8454677-04:00" endTime="2018-07-17T05:18:55.8454731-04:00" testType="13cdc9d9-ddb5-4fa4-a97d-d965ccfc6d4b" outcome="Passed" testListId="8c84fa94-04c1-424b-9868-57a2d4851a1d" relativeResultsDirectory="ccc851e3-c063-4c3d-aebc-39afe3ce1aa1" /><UnitTestResult executionId="473a6bb2-e458-429d-beaa-05915eb52594" testId="27306ef8-b2c2-402b-9877-1a0ce472ec01" testName="Patch_MultipleInvalidReferencePropertiesReturnsMultipleValidationErrorsAndBadRequest" computerName="VECTOR" duration="00:00:00.0170000" startTime="2018-07-17T05:18:32.4592564-04:00" endTime="2018-07-17T05:18:32.4592620-04:00" testType="13cdc9d9-ddb5-4fa4-a97d-d965ccfc6d4b" outcome="Passed" testListId="8c84fa94-04c1-424b-9868-57a2d4851a1d" relativeResultsDirectory="473a6bb2-e458-429d-beaa-05915eb52594" /><UnitTestResult executionId="0a5b3ac8-5f1e-48d1-a27e-c6ee47642ca2" testId="acd17244-705e-491d-b804-af1d6c79bed7" testName="Patch_MultipleInvalidReferencePropertiesReturnsMultipleValidationErrorsAndBadRequest" computerName="VECTOR" duration="00:00:00.0590000" startTime="2018-07-17T05:18:23.5898880-04:00" endTime="2018-07-17T05:18:23.5898945-04:00" testType="13cdc9d9-ddb5-4fa4-a97d-d965ccfc6d4b" outcome="Passed" testListId="8c84fa94-04c1-424b-9868-57a2d4851a1d" relativeResultsDirectory="0a5b3ac8-5f1e-48d1-a27e-c6ee47642ca2" /><UnitTestResult executionId="fbd86e8c-cb71-40d2-8d98-0c88a8aa3121" testId="da21fe5f-acd7-476e-b1bd-21357d315dc0" testName="Post_ValidReferencePropertyCreatesModel" computerName="VECTOR" duration="00:00:00.2580000" startTime="2018-07-17T05:18:27.7728449-04:00" endTime="2018-07-17T05:18:27.7728577-04:00" testType="13cdc9d9-ddb5-4fa4-a97d-d965ccfc6d4b" outcome="Passed" testListId="8c84fa94-04c1-424b-9868-57a2d4851a1d" relativeResultsDirectory="fbd86e8c-cb71-40d2-8d98-0c88a8aa3121" /><UnitTestResult executionId="3051eb07-25c9-4d48-9467-c09e6b438611" testId="05e6f732-5088-4966-82e9-deee2ce4d954" testName="Patch_TargetPropertyIsUpdated" computerName="VECTOR" duration="00:00:00.3450000" startTime="2018-07-17T05:18:57.5149275-04:00" endTime="2018-07-17T05:18:57.5149335-04:00" testType="13cdc9d9-ddb5-4fa4-a97d-d965ccfc6d4b" outcome="Passed" testListId="8c84fa94-04c1-424b-9868-57a2d4851a1d" relativeResultsDirectory="3051eb07-25c9-4d48-9467-c09e6b438611" /><UnitTestResult executionId="c822ab7e-595e-4d49-9970-3f5f12c4558c" testId="659341bf-42ed-47f3-be5c-6fe416b60bc6" testName="Patch_InvalidReferencePropertyReturnsBadRequest" computerName="VECTOR" duration="00:00:00.0290000" startTime="2018-07-17T05:18:23.9091126-04:00" endTime="2018-07-17T05:18:23.9091186-04:00" testType="13cdc9d9-ddb5-4fa4-a97d-d965ccfc6d4b" outcome="Passed" testListId="8c84fa94-04c1-424b-9868-57a2d4851a1d" relativeResultsDirectory="c822ab7e-595e-4d49-9970-3f5f12c4558c" /><UnitTestResult executionId="82277abe-791b-4f43-b689-a994189992cf" testId="f60bbbec-2142-4af3-b81f-711ef2bcffaa" testName="GetFile_FileCanBeRoundTripped" computerName="VECTOR" duration="00:00:00.3830000" startTime="2018-07-17T05:18:55.3324721-04:00" endTime="2018-07-17T05:18:55.3324837-04:00" testType="13cdc9d9-ddb5-4fa4-a97d-d965ccfc6d4b" outcome="Passed" testListId="8c84fa94-04c1-424b-9868-57a2d4851a1d" relativeResultsDirectory="82277abe-791b-4f43-b689-a994189992cf" /><UnitTestResult executionId="87987e97-989c-472d-b28c-4f435d71a957" testId="ecbe62ec-3e1f-48d8-abdd-d26aa7027828" testName="PutFile_FileCanBeUpdated" computerName="VECTOR" duration="00:00:00.5410000" startTime="2018-07-17T05:18:52.1207851-04:00" endTime="2018-07-17T05:18:52.1207925-04:00" testType="13cdc9d9-ddb5-4fa4-a97d-d965ccfc6d4b" outcome="Passed" testListId="8c84fa94-04c1-424b-9868-57a2d4851a1d" relativeResultsDirectory="87987e97-989c-472d-b28c-4f435d71a957" /><UnitTestResult executionId="274c165f-8210-483b-bc07-a6515c579ce7" testId="fd08f365-01e3-42b1-86f5-87a602aca71d" testName="Post_InvalidReferencePropertyReturnsBadRequest" computerName="VECTOR" duration="00:00:00.0010000" startTime="2018-07-17T05:18:19.6550575-04:00" endTime="2018-07-17T05:18:19.6550584-04:00" testType="13cdc9d9-ddb5-4fa4-a97d-d965ccfc6d4b" outcome="Passed" testListId="8c84fa94-04c1-424b-9868-57a2d4851a1d" relativeResultsDirectory="274c165f-8210-483b-bc07-a6515c579ce7" /><UnitTestResult executionId="fa2b2304-e29e-41c5-a86c-ea9085483b9c" testId="3bf81edb-1a69-461b-98f7-11abd668ee4d" testName="Patch_InvalidReferencePropertyReturnsBadRequest" computerName="VECTOR" duration="00:00:00.0200000" startTime="2018-07-17T05:18:27.1441605-04:00" endTime="2018-07-17T05:18:27.1441668-04:00" testType="13cdc9d9-ddb5-4fa4-a97d-d965ccfc6d4b" outcome="Passed" testListId="8c84fa94-04c1-424b-9868-57a2d4851a1d" relativeResultsDirectory="fa2b2304-e29e-41c5-a86c-ea9085483b9c" /><UnitTestResult executionId="3ab86f39-04fe-4353-85cf-56e755c03d77" testId="2ff9feb0-e033-48b0-8427-8b9142bd3cec" testName="Patch_TargetPropertyIsUpdated" computerName="VECTOR" duration="00:00:00.3690000" startTime="2018-07-17T05:18:32.2220093-04:00" endTime="2018-07-17T05:18:32.2220212-04:00" testType="13cdc9d9-ddb5-4fa4-a97d-d965ccfc6d4b" outcome="Passed" testListId="8c84fa94-04c1-424b-9868-57a2d4851a1d" relativeResultsDirectory="3ab86f39-04fe-4353-85cf-56e755c03d77" /><UnitTestResult executionId="68b70190-4094-4c6f-b839-d31f86766ab6" testId="99486120-40a9-47d1-9abc-752b410b5f95" testName="GetFile_NonExistentFileReturnsNotFound" computerName="VECTOR" duration="00:00:00.0210000" startTime="2018-07-17T05:18:53.8929971-04:00" endTime="2018-07-17T05:18:53.8930088-04:00" testType="13cdc9d9-ddb5-4fa4-a97d-d965ccfc6d4b" outcome="Passed" testListId="8c84fa94-04c1-424b-9868-57a2d4851a1d" relativeResultsDirectory="68b70190-4094-4c6f-b839-d31f86766ab6" /><UnitTestResult executionId="43490150-9f8b-47fd-8f06-2b91fca7ef00" testId="522fad9a-2602-4009-a39e-3100698c525c" testName="Delete_TargetModelIsDeleted" computerName="VECTOR" duration="00:00:00.2160000" startTime="2018-07-17T05:18:48.0262231-04:00" endTime="2018-07-17T05:18:48.0262296-04:00" testType="13cdc9d9-ddb5-4fa4-a97d-d965ccfc6d4b" outcome="Passed" testListId="8c84fa94-04c1-424b-9868-57a2d4851a1d" relativeResultsDirectory="43490150-9f8b-47fd-8f06-2b91fca7ef00" /><UnitTestResult executionId="0ef4d2ab-e2bb-465e-9f92-25a348afed9c" testId="09e5a5a1-ddd4-4600-b0c3-52fdd1d798b4" testName="Post_ValidReferencePropertyCreatesModel" computerName="VECTOR" duration="00:00:00.2770000" startTime="2018-07-17T05:18:23.5306055-04:00" endTime="2018-07-17T05:18:23.5306177-04:00" testType="13cdc9d9-ddb5-4fa4-a97d-d965ccfc6d4b" outcome="Passed" testListId="8c84fa94-04c1-424b-9868-57a2d4851a1d" relativeResultsDirectory="0ef4d2ab-e2bb-465e-9f92-25a348afed9c" /><UnitTestResult executionId="5ca8965a-0881-4ecb-94b8-0043f57b3e38" testId="2b6fdb7d-3f8e-4880-91e4-7532054279a0" testName="Patch_ValidReferencePropertyUpdatesModel" computerName="VECTOR" duration="00:00:00.8590000" startTime="2018-07-17T05:18:30.6571302-04:00" endTime="2018-07-17T05:18:30.6571378-04:00" testType="13cdc9d9-ddb5-4fa4-a97d-d965ccfc6d4b" outcome="Passed" testListId="8c84fa94-04c1-424b-9868-57a2d4851a1d" relativeResultsDirectory="5ca8965a-0881-4ecb-94b8-0043f57b3e38" /><UnitTestResult executionId="b0fd3f2d-4ad2-4ee7-9600-b781e252c1e3" testId="003dfd1b-b51b-4666-bca8-8b0f57669d54" testName="Patch_InvalidReferencePropertyReturnsBadRequest" computerName="VECTOR" duration="00:00:00.0440000" startTime="2018-07-17T05:18:49.0440494-04:00" endTime="2018-07-17T05:18:49.0440563-04:00" testType="13cdc9d9-ddb5-4fa4-a97d-d965ccfc6d4b" outcome="Passed" testListId="8c84fa94-04c1-424b-9868-57a2d4851a1d" relativeResultsDirectory="b0fd3f2d-4ad2-4ee7-9600-b781e252c1e3" /><UnitTestResult executionId="2aefeecf-8078-4d98-a5d5-eca545a59fb4" testId="56fcccec-7fa6-40bd-9fb4-e8c4b0a6ecbd" testName="MeshTransformHasExpectedDependentFiles" computerName="VECTOR" duration="00:00:00.0010000" startTime="2018-07-17T05:18:19.1884890-04:00" endTime="2018-07-17T05:18:19.1884904-04:00" testType="13cdc9d9-ddb5-4fa4-a97d-d965ccfc6d4b" outcome="Passed" testListId="8c84fa94-04c1-424b-9868-57a2d4851a1d" relativeResultsDirectory="2aefeecf-8078-4d98-a5d5-eca545a59fb4" /><UnitTestResult executionId="ebe91a0d-a10a-45e2-a1ef-7d4179e408f0" testId="9aefc75b-063e-4be6-bbfa-0365eee6a944" testName="Delete_TargetModelIsDeleted" computerName="VECTOR" duration="00:00:00.2000000" startTime="2018-07-17T05:18:24.1095311-04:00" endTime="2018-07-17T05:18:24.1095393-04:00" testType="13cdc9d9-ddb5-4fa4-a97d-d965ccfc6d4b" outcome="Passed" testListId="8c84fa94-04c1-424b-9868-57a2d4851a1d" relativeResultsDirectory="ebe91a0d-a10a-45e2-a1ef-7d4179e408f0" /><UnitTestResult executionId="2fb0659c-4f5d-42a1-bf27-9f5f103f5c66" testId="84afc502-4459-48c7-94ae-5f4065f46f70" testName="Post_CanCreateNewModel" computerName="VECTOR" duration="00:00:00.1750000" startTime="2018-07-17T05:18:32.3977284-04:00" endTime="2018-07-17T05:18:32.3977344-04:00" testType="13cdc9d9-ddb5-4fa4-a97d-d965ccfc6d4b" outcome="Passed" testListId="8c84fa94-04c1-424b-9868-57a2d4851a1d" relativeResultsDirectory="2fb0659c-4f5d-42a1-bf27-9f5f103f5c66" /><UnitTestResult executionId="caceb3c7-13d7-4471-8050-a5a16b6dc8e6" testId="3c055466-990d-415c-900c-8cb3c51c1d1a" testName="Put_InvalidReferencePropertyReturndBadRequest" computerName="VECTOR" duration="00:00:00.0020000" startTime="2018-07-17T05:18:21.3750173-04:00" endTime="2018-07-17T05:18:21.3750199-04:00" testType="13cdc9d9-ddb5-4fa4-a97d-d965ccfc6d4b" outcome="Passed" testListId="8c84fa94-04c1-424b-9868-57a2d4851a1d" relativeResultsDirectory="caceb3c7-13d7-4471-8050-a5a16b6dc8e6" /><UnitTestResult executionId="b77f2b23-16a5-4049-8acd-ce8610c5f580" testId="cfa7d582-06ab-43ba-bfba-133d0d6d76e2" testName="Delete_TargetModelIsDeleted" computerName="VECTOR" duration="00:00:00.2390000" startTime="2018-07-17T05:18:32.9134007-04:00" endTime="2018-07-17T05:18:32.9134121-04:00" testType="13cdc9d9-ddb5-4fa4-a97d-d965ccfc6d4b" outcome="Passed" testListId="8c84fa94-04c1-424b-9868-57a2d4851a1d" relativeResultsDirectory="b77f2b23-16a5-4049-8acd-ce8610c5f580" /><UnitTestResult executionId="9bc2354f-e9ab-4311-8a9c-02a15d693899" testId="76086b86-c303-4cf6-92aa-bf8697fcdd56" testName="Patch_ValidReferencePropertyUpdatesModel" computerName="VECTOR" duration="00:00:00.2960000" startTime="2018-07-17T05:18:49.3872360-04:00" endTime="2018-07-17T05:18:49.3872425-04:00" testType="13cdc9d9-ddb5-4fa4-a97d-d965ccfc6d4b" outcome="Passed" testListId="8c84fa94-04c1-424b-9868-57a2d4851a1d" relativeResultsDirectory="9bc2354f-e9ab-4311-8a9c-02a15d693899" /><UnitTestResult executionId="c5893800-76a2-4403-86e3-0ff2f90cb7b4" testId="e7b1b5c1-b262-4381-a592-d5615dd60b61" testName="Put_ValidReferencePropertyUpdatesModel" computerName="VECTOR" duration="00:00:00.3740000" startTime="2018-07-17T05:18:31.8394256-04:00" endTime="2018-07-17T05:18:31.8394322-04:00" testType="13cdc9d9-ddb5-4fa4-a97d-d965ccfc6d4b" outcome="Passed" testListId="8c84fa94-04c1-424b-9868-57a2d4851a1d" relativeResultsDirectory="c5893800-76a2-4403-86e3-0ff2f90cb7b4" /><UnitTestResult executionId="0b1bd9fc-bae3-4888-a2cd-bd4c644b6931" testId="20ebfdf1-79ea-4d59-8a9d-1395c14b3cff" testName="PutFile_NewFileCanBePut" computerName="VECTOR" duration="00:00:00.3850000" startTime="2018-07-17T05:18:54.2784071-04:00" endTime="2018-07-17T05:18:54.2784136-04:00" testType="13cdc9d9-ddb5-4fa4-a97d-d965ccfc6d4b" outcome="Passed" testListId="8c84fa94-04c1-424b-9868-57a2d4851a1d" relativeResultsDirectory="0b1bd9fc-bae3-4888-a2cd-bd4c644b6931" /><UnitTestResult executionId="c90485e3-79ac-4003-b1b7-cf28ea330e02" testId="0a2a4660-5fce-42f9-8b05-eb0fe5fc43d8" testName="Put_CanUpdateModel" computerName="VECTOR" duration="00:00:00.3160000" startTime="2018-07-17T05:18:56.1616050-04:00" endTime="2018-07-17T05:18:56.1616113-04:00" testType="13cdc9d9-ddb5-4fa4-a97d-d965ccfc6d4b" outcome="Passed" testListId="8c84fa94-04c1-424b-9868-57a2d4851a1d" relativeResultsDirectory="c90485e3-79ac-4003-b1b7-cf28ea330e02" /><UnitTestResult executionId="75575b8a-7cb9-4fb8-a1ca-cfa4125d8f78" testId="42c0a1e4-8bae-47ea-8089-748120ff9205" testName="LucyCameraFindsAllDependents" computerName="VECTOR" duration="00:00:00.0070000" startTime="2018-07-17T05:18:19.1880086-04:00" endTime="2018-07-17T05:18:19.1880120-04:00" testType="13cdc9d9-ddb5-4fa4-a97d-d965ccfc6d4b" outcome="Passed" testListId="8c84fa94-04c1-424b-9868-57a2d4851a1d" relativeResultsDirectory="75575b8a-7cb9-4fb8-a1ca-cfa4125d8f78" /><UnitTestResult executionId="64557626-c62a-4239-8676-bb91ac4b40d8" testId="61101e6b-6cff-4d9d-b5e8-d03f8905177f" testName="Patch_ValidReferencePropertyUpdatesModel" computerName="VECTOR" duration="00:00:00.2820000" startTime="2018-07-17T05:18:22.8655417-04:00" endTime="2018-07-17T05:18:22.8655482-04:00" testType="13cdc9d9-ddb5-4fa4-a97d-d965ccfc6d4b" outcome="Passed" testListId="8c84fa94-04c1-424b-9868-57a2d4851a1d" relativeResultsDirectory="64557626-c62a-4239-8676-bb91ac4b40d8" /><UnitTestResult executionId="ac0fbe1d-d701-4434-ad92-8ec26ace82e5" testId="238a5618-7250-4754-8d97-4a73a90a5015" testName="GetList_ListReturnsCorrectCount" computerName="VECTOR" duration="00:00:00.4570000" startTime="2018-07-17T05:18:29.2764810-04:00" endTime="2018-07-17T05:18:29.2764873-04:00" testType="13cdc9d9-ddb5-4fa4-a97d-d965ccfc6d4b" outcome="Passed" testListId="8c84fa94-04c1-424b-9868-57a2d4851a1d" relativeResultsDirectory="ac0fbe1d-d701-4434-ad92-8ec26ace82e5" /><UnitTestResult executionId="34f0f244-d509-4ed4-941b-68e6f38a7246" testId="e95cd434-c7ce-4999-94d1-87b7b9519d3e" testName="LucyDepthBufferFindsOneDependent" computerName="VECTOR" duration="00:00:00.0030000" startTime="2018-07-17T05:18:19.1912852-04:00" endTime="2018-07-17T05:18:19.1912878-04:00" testType="13cdc9d9-ddb5-4fa4-a97d-d965ccfc6d4b" outcome="Passed" testListId="8c84fa94-04c1-424b-9868-57a2d4851a1d" relativeResultsDirectory="34f0f244-d509-4ed4-941b-68e6f38a7246" /><UnitTestResult executionId="3e7d3481-9fbc-4cb9-bd9f-16f1e20c9c78" testId="eb663534-d085-412c-97aa-dc09b26115dd" testName="GetSingle_ValidIdPropertyValueReturnsCorrectModel" computerName="VECTOR" duration="00:00:00.0070000" startTime="2018-07-17T05:18:21.0165170-04:00" endTime="2018-07-17T05:18:21.0165235-04:00" testType="13cdc9d9-ddb5-4fa4-a97d-d965ccfc6d4b" outcome="Passed" testListId="8c84fa94-04c1-424b-9868-57a2d4851a1d" relativeResultsDirectory="3e7d3481-9fbc-4cb9-bd9f-16f1e20c9c78" /><UnitTestResult executionId="57905a5d-02f4-490a-95fe-eedc0f6af82c" testId="7ac4dceb-067a-4fd6-a4b2-127930fa177a" testName="Put_InvalidReferencePropertyReturndBadRequest" computerName="VECTOR" duration="00:00:00.0260000" startTime="2018-07-17T05:18:24.1360967-04:00" endTime="2018-07-17T05:18:24.1361024-04:00" testType="13cdc9d9-ddb5-4fa4-a97d-d965ccfc6d4b" outcome="Passed" testListId="8c84fa94-04c1-424b-9868-57a2d4851a1d" relativeResultsDirectory="57905a5d-02f4-490a-95fe-eedc0f6af82c" /><UnitTestResult executionId="9d8363fd-84e7-4f94-a5af-18ca77bb6b93" testId="f7d48410-bc47-40cb-8106-950d74021f35" testName="Patch_ValidReferencePropertyUpdatesModel" computerName="VECTOR" duration="00:00:00.0040000" startTime="2018-07-17T05:18:19.2001957-04:00" endTime="2018-07-17T05:18:19.2001980-04:00" testType="13cdc9d9-ddb5-4fa4-a97d-d965ccfc6d4b" outcome="Passed" testListId="8c84fa94-04c1-424b-9868-57a2d4851a1d" relativeResultsDirectory="9d8363fd-84e7-4f94-a5af-18ca77bb6b93" /><UnitTestResult executionId="6da6fdac-dc72-476e-9c1d-5f10972a3d7b" testId="b97ccfc5-d9a6-4ae2-be20-021fbed08d24" testName="PostFile_FileTimeStampIsUpdatedAfterFileIsPosted" computerName="VECTOR" duration="00:00:01.4880000" startTime="2018-07-17T05:18:38.7254393-04:00" endTime="2018-07-17T05:18:38.7254467-04:00" testType="13cdc9d9-ddb5-4fa4-a97d-d965ccfc6d4b" outcome="Passed" testListId="8c84fa94-04c1-424b-9868-57a2d4851a1d" relativeResultsDirectory="6da6fdac-dc72-476e-9c1d-5f10972a3d7b" /><UnitTestResult executionId="a54becbd-8ef3-4cfc-893c-a11a153f3576" testId="17ab392e-46c6-4d0c-bc2e-efbfa3aa1b36" testName="GetSingle_ValidIdPropertyValueReturnsCorrectModel" computerName="VECTOR" duration="00:00:00.0270000" startTime="2018-07-17T05:18:55.3622282-04:00" endTime="2018-07-17T05:18:55.3622396-04:00" testType="13cdc9d9-ddb5-4fa4-a97d-d965ccfc6d4b" outcome="Passed" testListId="8c84fa94-04c1-424b-9868-57a2d4851a1d" relativeResultsDirectory="a54becbd-8ef3-4cfc-893c-a11a153f3576" /><UnitTestResult executionId="aca1c6c7-a80e-4e4c-8ed3-acf72a7eeffa" testId="7ec6d57a-86e7-47fa-aa7e-1b95480dbba3" testName="GetSingle_ValidIdPropertyValueReturnsCorrectModel" computerName="VECTOR" duration="00:00:00.0220000" startTime="2018-07-17T05:18:32.9364014-04:00" endTime="2018-07-17T05:18:32.9364136-04:00" testType="13cdc9d9-ddb5-4fa4-a97d-d965ccfc6d4b" outcome="Passed" testListId="8c84fa94-04c1-424b-9868-57a2d4851a1d" relativeResultsDirectory="aca1c6c7-a80e-4e4c-8ed3-acf72a7eeffa" /><UnitTestResult executionId="f3b3e00b-a6c1-4ce8-a50b-10744701bced" testId="fcc515a8-1e2a-4bf4-b7ad-fc6aef87ab0c" testName="Post_InvalidPropertyValueReturnsBadRequest" computerName="VECTOR" duration="00:00:00.0030000" startTime="2018-07-17T05:18:27.5142871-04:00" endTime="2018-07-17T05:18:27.5142908-04:00" testType="13cdc9d9-ddb5-4fa4-a97d-d965ccfc6d4b" outcome="Passed" testListId="8c84fa94-04c1-424b-9868-57a2d4851a1d" relativeResultsDirectory="f3b3e00b-a6c1-4ce8-a50b-10744701bced" /><UnitTestResult executionId="96c78c8f-28cd-4743-b412-7eca6ffc13d3" testId="66498122-ca91-4bf0-9c6e-e630ac6188b0" testName="Put_ValidReferencePropertyUpdatesModel" computerName="VECTOR" duration="00:00:00.3160000" startTime="2018-07-17T05:18:27.5108112-04:00" endTime="2018-07-17T05:18:27.5108177-04:00" testType="13cdc9d9-ddb5-4fa4-a97d-d965ccfc6d4b" outcome="Passed" testListId="8c84fa94-04c1-424b-9868-57a2d4851a1d" relativeResultsDirectory="96c78c8f-28cd-4743-b412-7eca6ffc13d3" /><UnitTestResult executionId="0cb32f5c-9acc-4745-8ac2-e6ee56b2fae7" testId="d316631a-e5ba-4173-b41b-07e2c74b5758" testName="Post_CanCreateNewModel" computerName="VECTOR" duration="00:00:00.1710000" startTime="2018-07-17T05:18:48.2049454-04:00" endTime="2018-07-17T05:18:48.2049522-04:00" testType="13cdc9d9-ddb5-4fa4-a97d-d965ccfc6d4b" outcome="Passed" testListId="8c84fa94-04c1-424b-9868-57a2d4851a1d" relativeResultsDirectory="0cb32f5c-9acc-4745-8ac2-e6ee56b2fae7" /><UnitTestResult executionId="cd6e17b3-2aad-41ef-8b1a-785908fc2fb4" testId="8c4ae436-e0ee-4f9a-bdd2-b323bbcf05ef" testName="PostFile_NewFileCanBePosted" computerName="VECTOR" duration="00:00:00.3720000" startTime="2018-07-17T05:18:26.0581919-04:00" endTime="2018-07-17T05:18:26.0581991-04:00" testType="13cdc9d9-ddb5-4fa4-a97d-d965ccfc6d4b" outcome="Passed" testListId="8c84fa94-04c1-424b-9868-57a2d4851a1d" relativeResultsDirectory="cd6e17b3-2aad-41ef-8b1a-785908fc2fb4" /><UnitTestResult executionId="0b656712-9eec-4615-9371-7c0dc4be74ab" testId="0847a2c5-be3f-45ce-a4f4-2e913f03d17d" testName="Put_CanUpdateModel" computerName="VECTOR" duration="00:00:00.2660000" startTime="2018-07-17T05:18:21.2904967-04:00" endTime="2018-07-17T05:18:21.2905029-04:00" testType="13cdc9d9-ddb5-4fa4-a97d-d965ccfc6d4b" outcome="Passed" testListId="8c84fa94-04c1-424b-9868-57a2d4851a1d" relativeResultsDirectory="0b656712-9eec-4615-9371-7c0dc4be74ab" /><UnitTestResult executionId="a46aff03-8536-49a8-aeb2-824ded3d8bc6" testId="e400ba46-769b-4da6-afa2-43f7886d53b5" testName="Put_ValidReferencePropertyUpdatesModel" computerName="VECTOR" duration="00:00:00.3140000" startTime="2018-07-17T05:18:57.1696081-04:00" endTime="2018-07-17T05:18:57.1696146-04:00" testType="13cdc9d9-ddb5-4fa4-a97d-d965ccfc6d4b" outcome="Passed" testListId="8c84fa94-04c1-424b-9868-57a2d4851a1d" relativeResultsDirectory="a46aff03-8536-49a8-aeb2-824ded3d8bc6" /><UnitTestResult executionId="d9a532dd-3268-4f70-8a10-10b397b8d773" testId="6a97000a-daf2-4887-a9bc-5bd943c6c5d4" testName="Patch_InvalidPropertyNameReturnsBadRequest" computerName="VECTOR" duration="00:00:00.0150000" startTime="2018-07-17T05:18:26.6524160-04:00" endTime="2018-07-17T05:18:26.6524205-04:00" testType="13cdc9d9-ddb5-4fa4-a97d-d965ccfc6d4b" outcome="Passed" testListId="8c84fa94-04c1-424b-9868-57a2d4851a1d" relativeResultsDirectory="d9a532dd-3268-4f70-8a10-10b397b8d773" /><UnitTestResult executionId="cddc44bb-97f5-4274-bb06-cc6774363f2f" testId="f286b33d-8e55-4a97-beec-60811a151750" testName="Delete_TargetModelIsDeleted" computerName="VECTOR" duration="00:00:00.5030000" startTime="2018-07-17T05:18:20.1466182-04:00" endTime="2018-07-17T05:18:20.1466258-04:00" testType="13cdc9d9-ddb5-4fa4-a97d-d965ccfc6d4b" outcome="Passed" testListId="8c84fa94-04c1-424b-9868-57a2d4851a1d" relativeResultsDirectory="cddc44bb-97f5-4274-bb06-cc6774363f2f" /><UnitTestResult executionId="5e51f9e3-5c48-4336-a689-efdfeb3f8836" testId="5088b8f2-c9e1-4278-964e-f9e82420ca11" testName="Post_InvalidPropertyValueReturnsBadRequest" computerName="VECTOR" duration="00:00:00.0020000" startTime="2018-07-17T05:18:22.5771522-04:00" endTime="2018-07-17T05:18:22.5771568-04:00" testType="13cdc9d9-ddb5-4fa4-a97d-d965ccfc6d4b" outcome="Passed" testListId="8c84fa94-04c1-424b-9868-57a2d4851a1d" relativeResultsDirectory="5e51f9e3-5c48-4336-a689-efdfeb3f8836" /><UnitTestResult executionId="f1498b30-fac7-4af7-80b8-7a4d810197ae" testId="66b88fd1-5937-41cd-940d-b9c5e6791110" testName="Post_ValidReferencePropertyCreatesModel" computerName="VECTOR" duration="00:00:00.2140000" startTime="2018-07-17T05:18:32.6734299-04:00" endTime="2018-07-17T05:18:32.6734370-04:00" testType="13cdc9d9-ddb5-4fa4-a97d-d965ccfc6d4b" outcome="Passed" testListId="8c84fa94-04c1-424b-9868-57a2d4851a1d" relativeResultsDirectory="f1498b30-fac7-4af7-80b8-7a4d810197ae" /><UnitTestResult executionId="e2a87f22-55bc-4ca0-8a60-6650c1ebab5f" testId="027c1e33-03cc-499a-af1f-df4493c6d3e5" testName="Patch_InvalidIdPropertyReturnsNotFound" computerName="VECTOR" duration="00:00:00.0070000" startTime="2018-07-17T05:18:21.3824191-04:00" endTime="2018-07-17T05:18:21.3824237-04:00" testType="13cdc9d9-ddb5-4fa4-a97d-d965ccfc6d4b" outcome="Passed" testListId="8c84fa94-04c1-424b-9868-57a2d4851a1d" relativeResultsDirectory="e2a87f22-55bc-4ca0-8a60-6650c1ebab5f" /><UnitTestResult executionId="56942a37-64de-4b8e-b992-56fe025de414" testId="52f44325-75af-440d-9028-0352b7e0456e" testName="PostFile_NewFileCanBePosted" computerName="VECTOR" duration="00:00:00.3620000" startTime="2018-07-17T05:18:54.9489558-04:00" endTime="2018-07-17T05:18:54.9489620-04:00" testType="13cdc9d9-ddb5-4fa4-a97d-d965ccfc6d4b" outcome="Passed" testListId="8c84fa94-04c1-424b-9868-57a2d4851a1d" relativeResultsDirectory="56942a37-64de-4b8e-b992-56fe025de414" /><UnitTestResult executionId="688c6b6e-111e-41fd-974e-3d70d05965b7" testId="2528f9d9-fe8c-4137-b9e6-4426be448b7c" testName="Patch_InvalidReferencePropertyReturnsBadRequest" computerName="VECTOR" duration="00:00:00.0150000" startTime="2018-07-17T05:18:56.8552534-04:00" endTime="2018-07-17T05:18:56.8552588-04:00" testType="13cdc9d9-ddb5-4fa4-a97d-d965ccfc6d4b" outcome="Passed" testListId="8c84fa94-04c1-424b-9868-57a2d4851a1d" relativeResultsDirectory="688c6b6e-111e-41fd-974e-3d70d05965b7" /><UnitTestResult executionId="fb2138b1-6f96-415f-bbbc-5d81354b4834" testId="632e4c49-7403-4181-80c6-a16cede8359d" testName="GetFile_ExistingFileReturnsSuccess" computerName="VECTOR" duration="00:00:00.0880000" startTime="2018-07-17T05:18:25.2089495-04:00" endTime="2018-07-17T05:18:25.2089569-04:00" testType="13cdc9d9-ddb5-4fa4-a97d-d965ccfc6d4b" outcome="Passed" testListId="8c84fa94-04c1-424b-9868-57a2d4851a1d" relativeResultsDirectory="fb2138b1-6f96-415f-bbbc-5d81354b4834" /><UnitTestResult executionId="660a1b2b-1e24-4b97-a78b-d8164124375b" testId="f697c68b-2d0f-4bc0-a9fc-1e1ba38d7f40" testName="Patch_InvalidPropertyNameReturnsBadRequest" computerName="VECTOR" duration="00:00:00.0050000" startTime="2018-07-17T05:18:56.4853245-04:00" endTime="2018-07-17T05:18:56.4853285-04:00" testType="13cdc9d9-ddb5-4fa4-a97d-d965ccfc6d4b" outcome="Passed" testListId="8c84fa94-04c1-424b-9868-57a2d4851a1d" relativeResultsDirectory="660a1b2b-1e24-4b97-a78b-d8164124375b" /><UnitTestResult executionId="36cf5952-9863-4f9a-92b2-8fecab09243e" testId="006617c9-18c9-40be-8ce2-1498d83d75e8" testName="Post_CanCreateNewModel" computerName="VECTOR" duration="00:00:00.1920000" startTime="2018-07-17T05:18:27.1239841-04:00" endTime="2018-07-17T05:18:27.1239907-04:00" testType="13cdc9d9-ddb5-4fa4-a97d-d965ccfc6d4b" outcome="Passed" testListId="8c84fa94-04c1-424b-9868-57a2d4851a1d" relativeResultsDirectory="36cf5952-9863-4f9a-92b2-8fecab09243e" /><UnitTestResult executionId="a2e22d4c-4143-4e60-bd14-a1abe2ba1b66" testId="545c7ed7-0a7b-41ed-9f68-b856232f4ab0" testName="PostFile_FileIsSynchronizedIsUpdatedAfterFileIsPosted" computerName="VECTOR" duration="00:00:00.3080000" startTime="2018-07-17T05:18:54.5865435-04:00" endTime="2018-07-17T05:18:54.5865503-04:00" testType="13cdc9d9-ddb5-4fa4-a97d-d965ccfc6d4b" outcome="Passed" testListId="8c84fa94-04c1-424b-9868-57a2d4851a1d" relativeResultsDirectory="a2e22d4c-4143-4e60-bd14-a1abe2ba1b66" /><UnitTestResult executionId="5f339ffe-8710-47ff-91f2-747ed430286a" testId="bc9aec66-64dd-4234-a399-1d92b043abd7" testName="GetSingle_InvalidIdPropertyValueReturnsNotFound" computerName="VECTOR" duration="00:00:00.0090000" startTime="2018-07-17T05:18:49.3965799-04:00" endTime="2018-07-17T05:18:49.3965862-04:00" testType="13cdc9d9-ddb5-4fa4-a97d-d965ccfc6d4b" outcome="Passed" testListId="8c84fa94-04c1-424b-9868-57a2d4851a1d" relativeResultsDirectory="5f339ffe-8710-47ff-91f2-747ed430286a" /><UnitTestResult executionId="289c153c-0d7f-4d62-8db9-ab879514d287" testId="58d79cc9-7615-4d6f-90a1-e5f3f5d4122a" testName="Put_InvalidIdReturnsNotFound" computerName="VECTOR" duration="00:00:00.1430000" startTime="2018-07-17T05:18:26.6371278-04:00" endTime="2018-07-17T05:18:26.6371335-04:00" testType="13cdc9d9-ddb5-4fa4-a97d-d965ccfc6d4b" outcome="Passed" testListId="8c84fa94-04c1-424b-9868-57a2d4851a1d" relativeResultsDirectory="289c153c-0d7f-4d62-8db9-ab879514d287" /><UnitTestResult executionId="185eb179-3284-4e0e-8ba0-dcbbe24f36ee" testId="348ac982-4084-4aef-9330-ef97cec0ec48" testName="Patch_InvalidPropertyNameReturnsBadRequest" computerName="VECTOR" duration="00:00:00.0050000" startTime="2018-07-17T05:18:22.5749846-04:00" endTime="2018-07-17T05:18:22.5749874-04:00" testType="13cdc9d9-ddb5-4fa4-a97d-d965ccfc6d4b" outcome="Passed" testListId="8c84fa94-04c1-424b-9868-57a2d4851a1d" relativeResultsDirectory="185eb179-3284-4e0e-8ba0-dcbbe24f36ee" /><UnitTestResult executionId="740e514a-8e52-421c-b03f-57d61d085034" testId="1120c0af-877b-4ed8-87df-42d36beb0171" testName="Post_ValidReferencePropertyCreatesModel" computerName="VECTOR" duration="00:00:00.0020000" startTime="2018-07-17T05:18:19.6550007-04:00" endTime="2018-07-17T05:18:19.6550024-04:00" testType="13cdc9d9-ddb5-4fa4-a97d-d965ccfc6d4b" outcome="Passed" testListId="8c84fa94-04c1-424b-9868-57a2d4851a1d" relativeResultsDirectory="740e514a-8e52-421c-b03f-57d61d085034" /><UnitTestResult executionId="27f5bfec-df7c-44b5-b8bb-1aa8ea974f36" testId="a991a179-0ade-4701-a975-5698ba570e2a" testName="GetFile_FileCanBeRoundTripped" computerName="VECTOR" duration="00:00:00.4140000" startTime="2018-07-17T05:18:26.4729814-04:00" endTime="2018-07-17T05:18:26.4729944-04:00" testType="13cdc9d9-ddb5-4fa4-a97d-d965ccfc6d4b" outcome="Passed" testListId="8c84fa94-04c1-424b-9868-57a2d4851a1d" relativeResultsDirectory="27f5bfec-df7c-44b5-b8bb-1aa8ea974f36" /><UnitTestResult executionId="ecfee1dd-2752-4704-b34c-6b6f285d821b" testId="6559d11f-46b9-4ae6-92ce-f321e4f583d6" testName="Model3dHasExpectedDependentFiles" computerName="VECTOR" duration="00:00:00.0280000" startTime="2018-07-17T05:18:18.8256241-04:00" endTime="2018-07-17T05:18:18.8256309-04:00" testType="13cdc9d9-ddb5-4fa4-a97d-d965ccfc6d4b" outcome="Passed" testListId="8c84fa94-04c1-424b-9868-57a2d4851a1d" relativeResultsDirectory="ecfee1dd-2752-4704-b34c-6b6f285d821b" /><UnitTestResult executionId="2d882685-ba43-44b8-99b8-a663f8830494" testId="e0314660-6b4c-46fe-aaf0-e3c450e569a6" testName="PostFile_FileTimeStampIsUpdatedAfterFileIsPosted" computerName="VECTOR" duration="00:00:01.5270000" startTime="2018-07-17T05:18:51.5788369-04:00" endTime="2018-07-17T05:18:51.5788488-04:00" testType="13cdc9d9-ddb5-4fa4-a97d-d965ccfc6d4b" outcome="Passed" testListId="8c84fa94-04c1-424b-9868-57a2d4851a1d" relativeResultsDirectory="2d882685-ba43-44b8-99b8-a663f8830494" /><UnitTestResult executionId="e4207c5c-0941-45ba-80d3-b7008c28d3b7" testId="4815fe10-a036-47c7-9506-41943169d3f6" testName="Put_ValidReferencePropertyUpdatesModel" computerName="VECTOR" duration="00:00:00.4850000" startTime="2018-07-17T05:18:48.9994022-04:00" endTime="2018-07-17T05:18:48.9994164-04:00" testType="13cdc9d9-ddb5-4fa4-a97d-d965ccfc6d4b" outcome="Passed" testListId="8c84fa94-04c1-424b-9868-57a2d4851a1d" relativeResultsDirectory="e4207c5c-0941-45ba-80d3-b7008c28d3b7" /><UnitTestResult executionId="637713c5-efcf-4e30-8b5d-00094f2346db" testId="cd9b04f3-c919-47bb-90cc-6c1f62f4c889" testName="Patch_InvalidEnumPropertyValueReturnsBadRequest" computerName="VECTOR" duration="00:00:00.0020000" startTime="2018-07-17T05:18:21.0182277-04:00" endTime="2018-07-17T05:18:21.0182300-04:00" testType="13cdc9d9-ddb5-4fa4-a97d-d965ccfc6d4b" outcome="Passed" testListId="8c84fa94-04c1-424b-9868-57a2d4851a1d" relativeResultsDirectory="637713c5-efcf-4e30-8b5d-00094f2346db" /><UnitTestResult executionId="6a236ce9-51ee-46fd-9a50-8b77d9a89a05" testId="3936a772-f4ce-4176-a189-aa8acb634812" testName="Patch_InvalidIdPropertyReturnsNotFound" computerName="VECTOR" duration="00:00:00.0080000" startTime="2018-07-17T05:18:27.8197731-04:00" endTime="2018-07-17T05:18:27.8197793-04:00" testType="13cdc9d9-ddb5-4fa4-a97d-d965ccfc6d4b" outcome="Passed" testListId="8c84fa94-04c1-424b-9868-57a2d4851a1d" relativeResultsDirectory="6a236ce9-51ee-46fd-9a50-8b77d9a89a05" /><UnitTestResult executionId="b62dfb8e-cd51-461a-9182-a6e969953258" testId="1f587cd7-2bfd-4ff2-8391-5f5887996a61" testName="LucyModel3dHasTwoDependents" computerName="VECTOR" duration="00:00:00.3580000" startTime="2018-07-17T05:18:19.1812357-04:00" endTime="2018-07-17T05:18:19.1812414-04:00" testType="13cdc9d9-ddb5-4fa4-a97d-d965ccfc6d4b" outcome="Passed" testListId="8c84fa94-04c1-424b-9868-57a2d4851a1d" relativeResultsDirectory="b62dfb8e-cd51-461a-9182-a6e969953258" /><UnitTestResult executionId="07ae7b00-f3c4-48bc-8453-6b42595442e4" testId="15624b4b-e65a-4482-bd74-5926189b8236" testName="Delete_TargetModelIsDeleted" computerName="VECTOR" duration="00:00:00.2530000" startTime="2018-07-17T05:18:26.9056214-04:00" endTime="2018-07-17T05:18:26.9056288-04:00" testType="13cdc9d9-ddb5-4fa4-a97d-d965ccfc6d4b" outcome="Passed" testListId="8c84fa94-04c1-424b-9868-57a2d4851a1d" relativeResultsDirectory="07ae7b00-f3c4-48bc-8453-6b42595442e4" /><UnitTestResult executionId="69346545-7565-48b5-8d9a-ff1ac3383e91" testId="e2d5efbd-274e-43c1-a178-f096d342b2c7" testName="GetFile_NonExistentFileReturnsNotFound" computerName="VECTOR" duration="00:00:00.0180000" startTime="2018-07-17T05:18:26.4918476-04:00" endTime="2018-07-17T05:18:26.4918564-04:00" testType="13cdc9d9-ddb5-4fa4-a97d-d965ccfc6d4b" outcome="Passed" testListId="8c84fa94-04c1-424b-9868-57a2d4851a1d" relativeResultsDirectory="69346545-7565-48b5-8d9a-ff1ac3383e91" /><UnitTestResult executionId="85a25d79-0c6d-4b24-bb09-7f1a4254dab3" testId="3b173bd6-087c-4d2c-9e07-146e2fffda16" testName="Patch_InvalidEnumPropertyValueReturnsBadRequest" computerName="VECTOR" duration="00:00:00.0010000" startTime="2018-07-17T05:18:27.8200710-04:00" endTime="2018-07-17T05:18:27.8200730-04:00" testType="13cdc9d9-ddb5-4fa4-a97d-d965ccfc6d4b" outcome="Passed" testListId="8c84fa94-04c1-424b-9868-57a2d4851a1d" relativeResultsDirectory="85a25d79-0c6d-4b24-bb09-7f1a4254dab3" /><UnitTestResult executionId="6c66f37b-3fd2-4bc5-893c-bab316618446" testId="a1b08a14-678b-4bd6-985b-266fa0627320" testName="CameraHasExpectedDependentFiles" computerName="VECTOR" duration="00:00:00.0010000" startTime="2018-07-17T05:18:19.1882641-04:00" endTime="2018-07-17T05:18:19.1882653-04:00" testType="13cdc9d9-ddb5-4fa4-a97d-d965ccfc6d4b" outcome="Passed" testListId="8c84fa94-04c1-424b-9868-57a2d4851a1d" relativeResultsDirectory="6c66f37b-3fd2-4bc5-893c-bab316618446" /><UnitTestResult executionId="b5a682f4-691c-427a-ac36-0ec2ef1ea575" testId="d8cda852-d2f4-4ef9-b943-46b3b088cd8e" testName="Delete_TargetModelIsDeleted" computerName="VECTOR" duration="00:00:00.2260000" startTime="2018-07-17T05:18:55.7926731-04:00" endTime="2018-07-17T05:18:55.7926807-04:00" testType="13cdc9d9-ddb5-4fa4-a97d-d965ccfc6d4b" outcome="Passed" testListId="8c84fa94-04c1-424b-9868-57a2d4851a1d" relativeResultsDirectory="b5a682f4-691c-427a-ac36-0ec2ef1ea575" /><UnitTestResult executionId="f2c7c643-4c49-4c28-a12f-f920fb65c95d" testId="f03ed43e-6829-47cc-9138-d786418a90ef" testName="DepthBufferHasExpectedDependentFiles" computerName="VECTOR" duration="00:00:00.0010000" startTime="2018-07-17T05:18:19.1915027-04:00" endTime="2018-07-17T05:18:19.1915038-04:00" testType="13cdc9d9-ddb5-4fa4-a97d-d965ccfc6d4b" outcome="Passed" testListId="8c84fa94-04c1-424b-9868-57a2d4851a1d" relativeResultsDirectory="f2c7c643-4c49-4c28-a12f-f920fb65c95d" /><UnitTestResult executionId="b889d769-9cec-4c2d-87e1-2f787e5dd6eb" testId="a815ae32-cb7d-4982-be50-5acc02641717" testName="Put_CanUpdateModel" computerName="VECTOR" duration="00:00:00.3320000" startTime="2018-07-17T05:18:50.0065968-04:00" endTime="2018-07-17T05:18:50.0066059-04:00" testType="13cdc9d9-ddb5-4fa4-a97d-d965ccfc6d4b" outcome="Passed" testListId="8c84fa94-04c1-424b-9868-57a2d4851a1d" relativeResultsDirectory="b889d769-9cec-4c2d-87e1-2f787e5dd6eb" /><UnitTestResult executionId="caa601fb-6bc1-4cee-bdfb-9ea4cc8b70fe" testId="bfce8b9b-178f-40ac-bfe2-be92cf490dc0" testName="GetSingle_InvalidIdPropertyValueReturnsNotFound" computerName="VECTOR" duration="00:00:00.0170000" startTime="2018-07-17T05:18:22.5204747-04:00" endTime="2018-07-17T05:18:22.5204806-04:00" testType="13cdc9d9-ddb5-4fa4-a97d-d965ccfc6d4b" outcome="Passed" testListId="8c84fa94-04c1-424b-9868-57a2d4851a1d" relativeResultsDirectory="caa601fb-6bc1-4cee-bdfb-9ea4cc8b70fe" /><UnitTestResult executionId="9429a890-501f-4b1e-94d5-ee8c1195719f" testId="7d7c0e84-7345-4dd2-b530-374a010c43d3" testName="Patch_InvalidReferencePropertyReturnsBadRequest" computerName="VECTOR" duration="00:00:00.0230000" startTime="2018-07-17T05:18:32.4208476-04:00" endTime="2018-07-17T05:18:32.4208536-04:00" testType="13cdc9d9-ddb5-4fa4-a97d-d965ccfc6d4b" outcome="Passed" testListId="8c84fa94-04c1-424b-9868-57a2d4851a1d" relativeResultsDirectory="9429a890-501f-4b1e-94d5-ee8c1195719f" /><UnitTestResult executionId="c5931005-7de5-494c-baae-51cd64b685cf" testId="e37d06e9-f333-4b1f-8c7a-5fa70e4b2d37" testName="Patch_InvalidEnumPropertyValueReturnsBadRequest" computerName="VECTOR" duration="00:00:00.0180000" startTime="2018-07-17T05:18:47.5439092-04:00" endTime="2018-07-17T05:18:47.5439146-04:00" testType="13cdc9d9-ddb5-4fa4-a97d-d965ccfc6d4b" outcome="Passed" testListId="8c84fa94-04c1-424b-9868-57a2d4851a1d" relativeResultsDirectory="c5931005-7de5-494c-baae-51cd64b685cf" /><UnitTestResult executionId="d41bba34-608f-45d3-b18b-cf893be3dd1e" testId="52759795-f9a7-4c56-bbfe-3300c1aefab7" testName="Put_InvalidReferencePropertyReturndBadRequest" computerName="VECTOR" duration="00:00:00.0380000" startTime="2018-07-17T05:18:27.8110761-04:00" endTime="2018-07-17T05:18:27.8110844-04:00" testType="13cdc9d9-ddb5-4fa4-a97d-d965ccfc6d4b" outcome="Passed" testListId="8c84fa94-04c1-424b-9868-57a2d4851a1d" relativeResultsDirectory="d41bba34-608f-45d3-b18b-cf893be3dd1e" /><UnitTestResult executionId="6b15a3ca-f3e1-4baa-b7e8-3a52761cf522" testId="4f43cfd8-86af-452e-a7ab-6fe88632fc73" testName="Patch_TargetPropertyIsUpdated" computerName="VECTOR" duration="00:00:00.4130000" startTime="2018-07-17T05:18:20.5603448-04:00" endTime="2018-07-17T05:18:20.5603565-04:00" testType="13cdc9d9-ddb5-4fa4-a97d-d965ccfc6d4b" outcome="Passed" testListId="8c84fa94-04c1-424b-9868-57a2d4851a1d" relativeResultsDirectory="6b15a3ca-f3e1-4baa-b7e8-3a52761cf522" /><UnitTestResult executionId="eef00f75-b284-441c-8eab-789b4dfe8ebb" testId="6a54cc40-5576-4692-b495-411587a415e2" testName="PutFile_FileCanBeUpdated" computerName="VECTOR" duration="00:00:00.5150000" startTime="2018-07-17T05:18:37.2000800-04:00" endTime="2018-07-17T05:18:37.2000930-04:00" testType="13cdc9d9-ddb5-4fa4-a97d-d965ccfc6d4b" outcome="Passed" testListId="8c84fa94-04c1-424b-9868-57a2d4851a1d" relativeResultsDirectory="eef00f75-b284-441c-8eab-789b4dfe8ebb" /><UnitTestResult executionId="796c166b-9db0-4304-9fd2-997325309a98" testId="d2ce7a09-7162-4804-9f2b-470e5ee5ed18" testName="Put_CanUpdateModel" computerName="VECTOR" duration="00:00:00.3690000" startTime="2018-07-17T05:18:28.7599099-04:00" endTime="2018-07-17T05:18:28.7599224-04:00" testType="13cdc9d9-ddb5-4fa4-a97d-d965ccfc6d4b" outcome="Passed" testListId="8c84fa94-04c1-424b-9868-57a2d4851a1d" relativeResultsDirectory="796c166b-9db0-4304-9fd2-997325309a98" /><UnitTestResult executionId="7c6ee3fa-c260-423a-898a-cdc552786b22" testId="e822a39b-5bec-4b54-9339-51b8d22fcf6f" testName="Patch_InvalidEnumPropertyValueReturnsBadRequest" computerName="VECTOR" duration="00:00:00.0120000" startTime="2018-07-17T05:18:31.8518415-04:00" endTime="2018-07-17T05:18:31.8518469-04:00" testType="13cdc9d9-ddb5-4fa4-a97d-d965ccfc6d4b" outcome="Passed" testListId="8c84fa94-04c1-424b-9868-57a2d4851a1d" relativeResultsDirectory="7c6ee3fa-c260-423a-898a-cdc552786b22" /><UnitTestResult executionId="58f095e3-c1bd-4732-a2f9-51dbaec234f7" testId="c2464571-8ac2-4592-9777-b30f01dd0fef" testName="PostFile_FileTimeStampIsUpdatedAfterFileIsPosted" computerName="VECTOR" duration="00:00:00.0010000" startTime="2018-07-17T05:18:24.1378260-04:00" endTime="2018-07-17T05:18:24.1378294-04:00" testType="13cdc9d9-ddb5-4fa4-a97d-d965ccfc6d4b" outcome="Passed" testListId="8c84fa94-04c1-424b-9868-57a2d4851a1d" relativeResultsDirectory="58f095e3-c1bd-4732-a2f9-51dbaec234f7" /><UnitTestResult executionId="0c450615-8216-493d-9e96-dcf6660cfceb" testId="9a126568-6077-442b-896c-2634b9b61c0f" testName="Patch_InvalidReferencePropertyReturnsBadRequest" computerName="VECTOR" duration="00:00:00.0050000" startTime="2018-07-17T05:18:20.5714812-04:00" endTime="2018-07-17T05:18:20.5714886-04:00" testType="13cdc9d9-ddb5-4fa4-a97d-d965ccfc6d4b" outcome="Passed" testListId="8c84fa94-04c1-424b-9868-57a2d4851a1d" relativeResultsDirectory="0c450615-8216-493d-9e96-dcf6660cfceb" /><UnitTestResult executionId="5af82971-4628-4372-a7fb-683cd16cc2b4" testId="fcb2a331-4bb0-4a3d-bb6a-3c3f728476af" testName="Patch_TargetPropertyIsUpdated" computerName="VECTOR" duration="00:00:00.2860000" startTime="2018-07-17T05:18:28.3897413-04:00" endTime="2018-07-17T05:18:28.3897535-04:00" testType="13cdc9d9-ddb5-4fa4-a97d-d965ccfc6d4b" outcome="Passed" testListId="8c84fa94-04c1-424b-9868-57a2d4851a1d" relativeResultsDirectory="5af82971-4628-4372-a7fb-683cd16cc2b4" /><UnitTestResult executionId="9fd7a687-762d-40d0-9969-e9ed87ce72d1" testId="1838d5ce-4ab9-4528-8258-33e6074eefd6" testName="Patch_InvalidIdPropertyReturnsNotFound" computerName="VECTOR" duration="00:00:00.0040000" startTime="2018-07-17T05:18:32.4322962-04:00" endTime="2018-07-17T05:18:32.4323013-04:00" testType="13cdc9d9-ddb5-4fa4-a97d-d965ccfc6d4b" outcome="Passed" testListId="8c84fa94-04c1-424b-9868-57a2d4851a1d" relativeResultsDirectory="9fd7a687-762d-40d0-9969-e9ed87ce72d1" /><UnitTestResult executionId="4ecdb2ae-8660-4985-8ae5-e684da19f434" testId="5dba1997-64a3-4c76-a83b-8f814a71fa0d" testName="PostFile_FileIsSynchronizedIsUpdatedAfterFileIsPosted" computerName="VECTOR" duration="00:00:00.0010000" startTime="2018-07-17T05:18:26.4931015-04:00" endTime="2018-07-17T05:18:26.4931055-04:00" testType="13cdc9d9-ddb5-4fa4-a97d-d965ccfc6d4b" outcome="Passed" testListId="8c84fa94-04c1-424b-9868-57a2d4851a1d" relativeResultsDirectory="4ecdb2ae-8660-4985-8ae5-e684da19f434" /><UnitTestResult executionId="69dac96e-c150-4b22-b5a2-d1fefffa649b" testId="10cc7ccb-7cbc-4a3d-843f-d3542c9942a2" testName="Patch_MultipleInvalidReferencePropertiesReturnsMultipleValidationErrorsAndBadRequest" computerName="VECTOR" duration="00:00:00.0580000" startTime="2018-07-17T05:18:56.4732398-04:00" endTime="2018-07-17T05:18:56.4732477-04:00" testType="13cdc9d9-ddb5-4fa4-a97d-d965ccfc6d4b" outcome="Passed" testListId="8c84fa94-04c1-424b-9868-57a2d4851a1d" relativeResultsDirectory="69dac96e-c150-4b22-b5a2-d1fefffa649b" /><UnitTestResult executionId="f1f410a9-6bfe-4b3c-b5bc-89d63d87ef51" testId="c77b2bee-67ce-41a6-9d3e-8eeb3cce044b" testName="GetSingle_InvalidIdPropertyValueReturnsNotFound" computerName="VECTOR" duration="00:00:00.0040000" startTime="2018-07-17T05:18:32.4367397-04:00" endTime="2018-07-17T05:18:32.4367431-04:00" testType="13cdc9d9-ddb5-4fa4-a97d-d965ccfc6d4b" outcome="Passed" testListId="8c84fa94-04c1-424b-9868-57a2d4851a1d" relativeResultsDirectory="f1f410a9-6bfe-4b3c-b5bc-89d63d87ef51" /><UnitTestResult executionId="2da692f2-c125-4e10-ba37-9e2f6d848f02" testId="e5f9fe44-d1d4-4e5f-89d7-07ff5bac8fe9" testName="GetList_ListReturnsCorrectCount" computerName="VECTOR" duration="00:00:00.0790000" startTime="2018-07-17T05:18:21.3702699-04:00" endTime="2018-07-17T05:18:21.3702759-04:00" testType="13cdc9d9-ddb5-4fa4-a97d-d965ccfc6d4b" outcome="Passed" testListId="8c84fa94-04c1-424b-9868-57a2d4851a1d" relativeResultsDirectory="2da692f2-c125-4e10-ba37-9e2f6d848f02" /><UnitTestResult executionId="20d283a7-91e0-482f-afdf-ce24fa7d438b" testId="4a16695c-2771-4879-a6ed-ac825ce22441" testName="Post_ValidReferencePropertyCreatesModel" computerName="VECTOR" duration="00:00:00.2760000" startTime="2018-07-17T05:18:49.6734719-04:00" endTime="2018-07-17T05:18:49.6734813-04:00" testType="13cdc9d9-ddb5-4fa4-a97d-d965ccfc6d4b" outcome="Passed" testListId="8c84fa94-04c1-424b-9868-57a2d4851a1d" relativeResultsDirectory="20d283a7-91e0-482f-afdf-ce24fa7d438b" /><UnitTestResult executionId="807f9cbe-3991-4f16-a345-e190bf76ae32" testId="7475b435-405d-4dab-ad4e-a937f2049357" testName="GetList_ListReturnsCorrectCount" computerName="VECTOR" duration="00:00:00.0630000" startTime="2018-07-17T05:18:23.6538530-04:00" endTime="2018-07-17T05:18:23.6538581-04:00" testType="13cdc9d9-ddb5-4fa4-a97d-d965ccfc6d4b" outcome="Passed" testListId="8c84fa94-04c1-424b-9868-57a2d4851a1d" relativeResultsDirectory="807f9cbe-3991-4f16-a345-e190bf76ae32" /><UnitTestResult executionId="b26ace69-da90-4a00-9ec2-1ef907153e0d" testId="a598cf23-7201-4575-ae4d-e6ce4e840da7" testName="GetFile_ExistingFileReturnsSuccess" computerName="VECTOR" duration="00:00:00.0360000" startTime="2018-07-17T05:18:37.2370598-04:00" endTime="2018-07-17T05:18:37.2370692-04:00" testType="13cdc9d9-ddb5-4fa4-a97d-d965ccfc6d4b" outcome="Passed" testListId="8c84fa94-04c1-424b-9868-57a2d4851a1d" relativeResultsDirectory="b26ace69-da90-4a00-9ec2-1ef907153e0d" /><UnitTestResult executionId="7383114a-5346-41f1-8ad9-e17e29756dec" testId="fc84856a-56a1-431d-8fc9-881ce5e14234" testName="GetList_ListReturnsCorrectCount" computerName="VECTOR" duration="00:00:00.0400000" startTime="2018-07-17T05:18:55.8329144-04:00" endTime="2018-07-17T05:18:55.8329218-04:00" testType="13cdc9d9-ddb5-4fa4-a97d-d965ccfc6d4b" outcome="Passed" testListId="8c84fa94-04c1-424b-9868-57a2d4851a1d" relativeResultsDirectory="7383114a-5346-41f1-8ad9-e17e29756dec" /><UnitTestResult executionId="93eceab3-58bc-4a91-9a7d-21707cd7b4fb" testId="a1900ec3-24c3-4bfa-ba92-bc8d891d3e5e" testName="Post_InvalidPropertyValueReturnsBadRequest" computerName="VECTOR" duration="00:00:00.0020000" startTime="2018-07-17T05:18:32.9693007-04:00" endTime="2018-07-17T05:18:32.9693036-04:00" testType="13cdc9d9-ddb5-4fa4-a97d-d965ccfc6d4b" outcome="Passed" testListId="8c84fa94-04c1-424b-9868-57a2d4851a1d" relativeResultsDirectory="93eceab3-58bc-4a91-9a7d-21707cd7b4fb" /><UnitTestResult executionId="cd46a340-955b-43eb-8b3d-6d4247e923da" testId="70e09837-7419-4033-9a46-14798572dda5" testName="Put_InvalidIdReturnsNotFound" computerName="VECTOR" duration="00:00:00.0360000" startTime="2018-07-17T05:18:21.0092622-04:00" endTime="2018-07-17T05:18:21.0092690-04:00" testType="13cdc9d9-ddb5-4fa4-a97d-d965ccfc6d4b" outcome="Passed" testListId="8c84fa94-04c1-424b-9868-57a2d4851a1d" relativeResultsDirectory="cd46a340-955b-43eb-8b3d-6d4247e923da" /><UnitTestResult executionId="cc63a767-9f08-4705-b756-0e58c47bf0e8" testId="ec5992f7-f91f-4644-8506-6912b0b66059" testName="Patch_ValidReferencePropertyUpdatesModel" computerName="VECTOR" duration="00:00:00.2820000" startTime="2018-07-17T05:18:28.1025548-04:00" endTime="2018-07-17T05:18:28.1025617-04:00" testType="13cdc9d9-ddb5-4fa4-a97d-d965ccfc6d4b" outcome="Passed" testListId="8c84fa94-04c1-424b-9868-57a2d4851a1d" relativeResultsDirectory="cc63a767-9f08-4705-b756-0e58c47bf0e8" /><UnitTestResult executionId="6a33016f-4e1d-4542-b601-e0b40345a6e0" testId="545cd7f0-90bc-43c9-9f70-cb0266a50c8f" testName="GetSingle_ValidIdPropertyValueReturnsCorrectModel" computerName="VECTOR" duration="00:00:00.0050000" startTime="2018-07-17T05:18:22.5829098-04:00" endTime="2018-07-17T05:18:22.5829126-04:00" testType="13cdc9d9-ddb5-4fa4-a97d-d965ccfc6d4b" outcome="Passed" testListId="8c84fa94-04c1-424b-9868-57a2d4851a1d" relativeResultsDirectory="6a33016f-4e1d-4542-b601-e0b40345a6e0" /><UnitTestResult executionId="bb683579-3589-45e3-9106-1e5b7efe521a" testId="0673e35e-fe9b-4e5b-bd45-30909390d604" testName="Patch_InvalidIdPropertyReturnsNotFound" computerName="VECTOR" duration="00:00:00.0070000" startTime="2018-07-17T05:18:56.4801719-04:00" endTime="2018-07-17T05:18:56.4801741-04:00" testType="13cdc9d9-ddb5-4fa4-a97d-d965ccfc6d4b" outcome="Passed" testListId="8c84fa94-04c1-424b-9868-57a2d4851a1d" relativeResultsDirectory="bb683579-3589-45e3-9106-1e5b7efe521a" /><UnitTestResult executionId="1a83578d-9592-4c97-9bb4-08242b141c05" testId="d03bed60-cf83-4011-934e-a7a5dc3400a1" testName="GetFile_NonExistentFileReturnsNotFound" computerName="VECTOR" duration="00:00:00.0150000" startTime="2018-07-17T05:18:32.9848616-04:00" endTime="2018-07-17T05:18:32.9848676-04:00" testType="13cdc9d9-ddb5-4fa4-a97d-d965ccfc6d4b" outcome="Passed" testListId="8c84fa94-04c1-424b-9868-57a2d4851a1d" relativeResultsDirectory="1a83578d-9592-4c97-9bb4-08242b141c05" /><UnitTestResult executionId="62238ca5-f642-4609-85c3-e0b087bea977" testId="2c0da9ce-13da-4d4d-a70b-c2dbbcb704d4" testName="Patch_InvalidEnumPropertyValueReturnsBadRequest" computerName="VECTOR" duration="00:00:00.0010000" startTime="2018-07-17T05:18:55.8330964-04:00" endTime="2018-07-17T05:18:55.8330992-04:00" testType="13cdc9d9-ddb5-4fa4-a97d-d965ccfc6d4b" outcome="Passed" testListId="8c84fa94-04c1-424b-9868-57a2d4851a1d" relativeResultsDirectory="62238ca5-f642-4609-85c3-e0b087bea977" /><UnitTestResult executionId="533a9557-987a-48d7-90ca-baf1d3d49b40" testId="70261773-0573-4854-beb6-ef3938f52482" testName="Put_CanUpdateModel" computerName="VECTOR" duration="00:00:00.4160000" startTime="2018-07-17T05:18:22.5027365-04:00" endTime="2018-07-17T05:18:22.5027428-04:00" testType="13cdc9d9-ddb5-4fa4-a97d-d965ccfc6d4b" outcome="Passed" testListId="8c84fa94-04c1-424b-9868-57a2d4851a1d" relativeResultsDirectory="533a9557-987a-48d7-90ca-baf1d3d49b40" /><UnitTestResult executionId="7e82767f-0e16-4e2d-8a3a-eb57ece6005b" testId="ccf39f0e-54c7-4517-927a-da7223105c2e" testName="Patch_InvalidIdPropertyReturnsNotFound" computerName="VECTOR" duration="00:00:00.0240000" startTime="2018-07-17T05:18:23.2525066-04:00" endTime="2018-07-17T05:18:23.2525206-04:00" testType="13cdc9d9-ddb5-4fa4-a97d-d965ccfc6d4b" outcome="Passed" testListId="8c84fa94-04c1-424b-9868-57a2d4851a1d" relativeResultsDirectory="7e82767f-0e16-4e2d-8a3a-eb57ece6005b" /><UnitTestResult executionId="b9a74a4e-1d69-4db5-ab5d-bf7e7e4f1658" testId="7c9d8ae3-a3ef-412b-ade3-e139d8ff4a10" testName="Put_InvalidIdReturnsNotFound" computerName="VECTOR" duration="00:00:00.0490000" startTime="2018-07-17T05:18:22.5697090-04:00" endTime="2018-07-17T05:18:22.5697155-04:00" testType="13cdc9d9-ddb5-4fa4-a97d-d965ccfc6d4b" outcome="Passed" testListId="8c84fa94-04c1-424b-9868-57a2d4851a1d" relativeResultsDirectory="b9a74a4e-1d69-4db5-ab5d-bf7e7e4f1658" /><UnitTestResult executionId="8c94f7a4-2304-44bf-8b63-f518b5149b2e" testId="33734074-4afe-4579-9c1a-ce9703f19e34" testName="Put_InvalidIdReturnsNotFound" computerName="VECTOR" duration="00:00:00.5200000" startTime="2018-07-17T05:18:29.7971502-04:00" endTime="2018-07-17T05:18:29.7971564-04:00" testType="13cdc9d9-ddb5-4fa4-a97d-d965ccfc6d4b" outcome="Passed" testListId="8c84fa94-04c1-424b-9868-57a2d4851a1d" relativeResultsDirectory="8c94f7a4-2304-44bf-8b63-f518b5149b2e" /><UnitTestResult executionId="82ff303f-f5f9-45c7-9751-1788ba9d4fd0" testId="6e0d5dfa-5658-4d68-8dcb-274d95df56a6" testName="Patch_MultipleInvalidReferencePropertiesReturnsMultipleValidationErrorsAndBadRequest" computerName="VECTOR" duration="00:00:00.0170000" startTime="2018-07-17T05:18:49.0613867-04:00" endTime="2018-07-17T05:18:49.0613947-04:00" testType="13cdc9d9-ddb5-4fa4-a97d-d965ccfc6d4b" outcome="Passed" testListId="8c84fa94-04c1-424b-9868-57a2d4851a1d" relativeResultsDirectory="82ff303f-f5f9-45c7-9751-1788ba9d4fd0" /><UnitTestResult executionId="7e72b40e-a22c-4073-8472-6ac461607726" testId="6593087a-a42c-4666-87d1-a170f7a8f976" testName="Post_CanCreateNewModel" computerName="VECTOR" duration="00:00:00.4010000" startTime="2018-07-17T05:18:20.9731951-04:00" endTime="2018-07-17T05:18:20.9732008-04:00" testType="13cdc9d9-ddb5-4fa4-a97d-d965ccfc6d4b" outcome="Passed" testListId="8c84fa94-04c1-424b-9868-57a2d4851a1d" relativeResultsDirectory="7e72b40e-a22c-4073-8472-6ac461607726" /><UnitTestResult executionId="c0e1cf23-eca8-49cb-8a3b-fd40c8471752" testId="80437613-c728-47b5-91c2-b84af5d88f12" testName="GetList_ListReturnsCorrectCount" computerName="VECTOR" duration="00:00:00.1070000" startTime="2018-07-17T05:18:47.6508565-04:00" endTime="2018-07-17T05:18:47.6508622-04:00" testType="13cdc9d9-ddb5-4fa4-a97d-d965ccfc6d4b" outcome="Passed" testListId="8c84fa94-04c1-424b-9868-57a2d4851a1d" relativeResultsDirectory="c0e1cf23-eca8-49cb-8a3b-fd40c8471752" /><UnitTestResult executionId="d2bfe709-dbbc-4f87-8364-b48ce2ebb57b" testId="d04f4f3f-6556-4529-8479-5d47d45b4e37" testName="GetFile_FileCanBeRoundTripped" computerName="VECTOR" duration="00:00:00.4020000" startTime="2018-07-17T05:18:36.6840560-04:00" endTime="2018-07-17T05:18:36.6840620-04:00" testType="13cdc9d9-ddb5-4fa4-a97d-d965ccfc6d4b" outcome="Passed" testListId="8c84fa94-04c1-424b-9868-57a2d4851a1d" relativeResultsDirectory="d2bfe709-dbbc-4f87-8364-b48ce2ebb57b" /><UnitTestResult executionId="792d01bf-91b1-4e82-85c6-72cd6468904e" testId="9cbd59a0-5924-46b0-ac3e-8073d1c6f9c2" testName="Patch_TargetPropertyIsUpdated" computerName="VECTOR" duration="00:00:00.6280000" startTime="2018-07-17T05:18:22.0863049-04:00" endTime="2018-07-17T05:18:22.0863112-04:00" testType="13cdc9d9-ddb5-4fa4-a97d-d965ccfc6d4b" outcome="Passed" testListId="8c84fa94-04c1-424b-9868-57a2d4851a1d" relativeResultsDirectory="792d01bf-91b1-4e82-85c6-72cd6468904e" /><UnitTestResult executionId="39ab734f-73af-4aba-a0da-0a11524ebce3" testId="3b0dd2ad-893f-489e-a947-2076b01fe92a" testName="FileRequest_FileCanBeReadAfterRename" computerName="VECTOR" duration="00:00:00.4760000" startTime="2018-07-17T05:18:25.6856693-04:00" endTime="2018-07-17T05:18:25.6856767-04:00" testType="13cdc9d9-ddb5-4fa4-a97d-d965ccfc6d4b" outcome="Passed" testListId="8c84fa94-04c1-424b-9868-57a2d4851a1d" relativeResultsDirectory="39ab734f-73af-4aba-a0da-0a11524ebce3" /><UnitTestResult executionId="ff0a653f-2146-489d-a970-d17778fc6fff" testId="8f6bb5b8-9777-4d8b-ada2-dbc62e3517c0" testName="PutFile_FileCanBeUpdated" computerName="VECTOR" duration="00:00:00.5990000" startTime="2018-07-17T05:18:25.1203439-04:00" endTime="2018-07-17T05:18:25.1203508-04:00" testType="13cdc9d9-ddb5-4fa4-a97d-d965ccfc6d4b" outcome="Passed" testListId="8c84fa94-04c1-424b-9868-57a2d4851a1d" relativeResultsDirectory="ff0a653f-2146-489d-a970-d17778fc6fff" /><UnitTestResult executionId="5a931136-19f4-475f-a150-2ebf5b8c922c" testId="36b7accc-4dbe-439a-82ce-a390f23efce4" testName="Patch_ValidReferencePropertyUpdatesModel" computerName="VECTOR" duration="00:00:00.3520000" startTime="2018-07-17T05:18:56.8401431-04:00" endTime="2018-07-17T05:18:56.8401494-04:00" testType="13cdc9d9-ddb5-4fa4-a97d-d965ccfc6d4b" outcome="Passed" testListId="8c84fa94-04c1-424b-9868-57a2d4851a1d" relativeResultsDirectory="5a931136-19f4-475f-a150-2ebf5b8c922c" /><UnitTestResult executionId="cbafe032-2fca-485d-8943-c57a0912d37e" testId="c95c8262-3f81-49d0-9df1-27477937b43c" testName="Patch_InvalidEnumPropertyValueReturnsBadRequest" computerName="VECTOR" duration="00:00:00.0070000" startTime="2018-07-17T05:18:23.6614939-04:00" endTime="2018-07-17T05:18:23.6614982-04:00" testType="13cdc9d9-ddb5-4fa4-a97d-d965ccfc6d4b" outcome="Passed" testListId="8c84fa94-04c1-424b-9868-57a2d4851a1d" relativeResultsDirectory="cbafe032-2fca-485d-8943-c57a0912d37e" /><UnitTestResult executionId="43f2e87b-c50a-4df0-84c3-11ed0c7cce28" testId="c63d5bbe-6dde-4a18-9009-6c92c9bc8bc6" testName="Put_CanUpdateModel" computerName="VECTOR" duration="00:00:00.8070000" startTime="2018-07-17T05:18:31.4645161-04:00" endTime="2018-07-17T05:18:31.4645224-04:00" testType="13cdc9d9-ddb5-4fa4-a97d-d965ccfc6d4b" outcome="Passed" testListId="8c84fa94-04c1-424b-9868-57a2d4851a1d" relativeResultsDirectory="43f2e87b-c50a-4df0-84c3-11ed0c7cce28" /><UnitTestResult executionId="4b98437f-500b-45e2-b4ed-1c5cb2987434" testId="dd005d11-f7db-4166-95c3-a9f5b34d275d" testName="FileRequest_MeshGenerateScalesDepthBufferByUnsharpHighFrequencyScale" computerName="VECTOR" duration="00:00:03.6330000" startTime="2018-07-17T05:18:47.5246468-04:00" endTime="2018-07-17T05:18:47.5246533-04:00" testType="13cdc9d9-ddb5-4fa4-a97d-d965ccfc6d4b" outcome="Passed" testListId="8c84fa94-04c1-424b-9868-57a2d4851a1d" relativeResultsDirectory="4b98437f-500b-45e2-b4ed-1c5cb2987434" /><UnitTestResult executionId="f5f7e426-5a9f-40fd-9b80-69d17199a4b9" testId="bf5873a6-255a-4976-ad16-09237802b9e3" testName="Patch_InvalidIdPropertyReturnsNotFound" computerName="VECTOR" duration="00:00:00.0070000" startTime="2018-07-17T05:18:48.0331416-04:00" endTime="2018-07-17T05:18:48.0331464-04:00" testType="13cdc9d9-ddb5-4fa4-a97d-d965ccfc6d4b" outcome="Passed" testListId="8c84fa94-04c1-424b-9868-57a2d4851a1d" relativeResultsDirectory="f5f7e426-5a9f-40fd-9b80-69d17199a4b9" /><UnitTestResult executionId="ab8737bb-d8ac-4a45-95b3-ef729334cecb" testId="527fb81c-ff07-4c38-8eb0-89890d8c171f" testName="GetList_ListReturnsCorrectCount" computerName="VECTOR" duration="00:00:00.0500000" startTime="2018-07-17T05:18:27.1945814-04:00" endTime="2018-07-17T05:18:27.1945877-04:00" testType="13cdc9d9-ddb5-4fa4-a97d-d965ccfc6d4b" outcome="Passed" testListId="8c84fa94-04c1-424b-9868-57a2d4851a1d" relativeResultsDirectory="ab8737bb-d8ac-4a45-95b3-ef729334cecb" /><UnitTestResult executionId="56991fbb-6a57-4fae-866c-a9969ca7e2dd" testId="81224a70-cc61-4a37-b027-5030c952cc89" testName="FileRequest_FileCanBeReadAfterRename" computerName="VECTOR" duration="00:00:00.4440000" startTime="2018-07-17T05:18:43.8909068-04:00" endTime="2018-07-17T05:18:43.8909187-04:00" testType="13cdc9d9-ddb5-4fa4-a97d-d965ccfc6d4b" outcome="Passed" testListId="8c84fa94-04c1-424b-9868-57a2d4851a1d" relativeResultsDirectory="56991fbb-6a57-4fae-866c-a9969ca7e2dd" /><UnitTestResult executionId="4c5da531-4f98-4986-bc57-ad5f2c9e5092" testId="b9a8ef21-b1ab-405a-8002-3a4bde0cef8c" testName="Put_InvalidReferencePropertyReturndBadRequest" computerName="VECTOR" duration="00:00:00.0300000" startTime="2018-07-17T05:18:32.9664201-04:00" endTime="2018-07-17T05:18:32.9664258-04:00" testType="13cdc9d9-ddb5-4fa4-a97d-d965ccfc6d4b" outcome="Passed" testListId="8c84fa94-04c1-424b-9868-57a2d4851a1d" relativeResultsDirectory="4c5da531-4f98-4986-bc57-ad5f2c9e5092" /><UnitTestResult executionId="169ebe57-754d-4df1-bab3-dc4c69d6ec50" testId="ea307c77-7676-41cf-a1c9-26c844da0757" testName="Put_InvalidIdReturnsNotFound" computerName="VECTOR" duration="00:00:00.0120000" startTime="2018-07-17T05:18:49.0884905-04:00" endTime="2018-07-17T05:18:49.0884956-04:00" testType="13cdc9d9-ddb5-4fa4-a97d-d965ccfc6d4b" outcome="Passed" testListId="8c84fa94-04c1-424b-9868-57a2d4851a1d" relativeResultsDirectory="169ebe57-754d-4df1-bab3-dc4c69d6ec50" /><UnitTestResult executionId="f6098537-fa94-4605-9ebe-35001bfb7e9a" testId="3b636903-e098-4c6a-b699-567c70b5ea96" testName="GetFile_ExistingFileReturnsSuccess" computerName="VECTOR" duration="00:00:00.0430000" startTime="2018-07-17T05:18:50.0507814-04:00" endTime="2018-07-17T05:18:50.0507893-04:00" testType="13cdc9d9-ddb5-4fa4-a97d-d965ccfc6d4b" outcome="Passed" testListId="8c84fa94-04c1-424b-9868-57a2d4851a1d" relativeResultsDirectory="f6098537-fa94-4605-9ebe-35001bfb7e9a" /><UnitTestResult executionId="e1623f9e-4b07-452b-ae45-4adb18c78228" testId="ab862020-d199-491e-8168-75f3218a8258" testName="PostFile_NewFileCanBePosted" computerName="VECTOR" duration="00:00:00.3330000" startTime="2018-07-17T05:18:39.0590326-04:00" endTime="2018-07-17T05:18:39.0590400-04:00" testType="13cdc9d9-ddb5-4fa4-a97d-d965ccfc6d4b" outcome="Passed" testListId="8c84fa94-04c1-424b-9868-57a2d4851a1d" relativeResultsDirectory="e1623f9e-4b07-452b-ae45-4adb18c78228" /><UnitTestResult executionId="bc3963c0-3443-4949-8903-d59725dc5fa7" testId="04fe22c2-b0b3-4b5f-9af8-af2d9605af62" testName="Put_ValidReferencePropertyUpdatesModel" computerName="VECTOR" duration="00:00:00.3610000" startTime="2018-07-17T05:18:23.2277992-04:00" endTime="2018-07-17T05:18:23.2278108-04:00" testType="13cdc9d9-ddb5-4fa4-a97d-d965ccfc6d4b" outcome="Passed" testListId="8c84fa94-04c1-424b-9868-57a2d4851a1d" relativeResultsDirectory="bc3963c0-3443-4949-8903-d59725dc5fa7" /><UnitTestResult executionId="7d5d99db-7cf0-4937-9046-06edc322d463" testId="1777aae8-4ad9-4ad3-b407-6696e5bb5684" testName="Post_CanCreateNewModel" computerName="VECTOR" duration="00:00:00.2170000" startTime="2018-07-17T05:18:23.8794507-04:00" endTime="2018-07-17T05:18:23.8794595-04:00" testType="13cdc9d9-ddb5-4fa4-a97d-d965ccfc6d4b" outcome="Passed" testListId="8c84fa94-04c1-424b-9868-57a2d4851a1d" relativeResultsDirectory="7d5d99db-7cf0-4937-9046-06edc322d463" /><UnitTestResult executionId="dd5adc8f-6959-419a-94dd-1869f69aba40" testId="e8c85d5e-4075-4dae-9dc6-3eb9e887fb08" testName="Patch_InvalidPropertyNameReturnsBadRequest" computerName="VECTOR" duration="00:00:00.0060000" startTime="2018-07-17T05:18:47.6568243-04:00" endTime="2018-07-17T05:18:47.6568271-04:00" testType="13cdc9d9-ddb5-4fa4-a97d-d965ccfc6d4b" outcome="Passed" testListId="8c84fa94-04c1-424b-9868-57a2d4851a1d" relativeResultsDirectory="dd5adc8f-6959-419a-94dd-1869f69aba40" /><UnitTestResult executionId="50a80ae1-cdaf-4cf5-86a0-9cf830a3ee3c" testId="620d2fe5-7e08-401a-8882-4340acb4ab4c" testName="PutFile_NewFileCanBePut" computerName="VECTOR" duration="00:00:00.3730000" startTime="2018-07-17T05:18:33.3591029-04:00" endTime="2018-07-17T05:18:33.3591148-04:00" testType="13cdc9d9-ddb5-4fa4-a97d-d965ccfc6d4b" outcome="Passed" testListId="8c84fa94-04c1-424b-9868-57a2d4851a1d" relativeResultsDirectory="50a80ae1-cdaf-4cf5-86a0-9cf830a3ee3c" /><UnitTestResult executionId="b3727815-2d0a-4094-818b-b3c43ec8a304" testId="cc1b073d-10f9-4c85-8a2d-a45fe82d0e00" testName="GetSingle_ValidIdPropertyValueReturnsCorrectModel" computerName="VECTOR" duration="00:00:00.0060000" startTime="2018-07-17T05:18:49.0757868-04:00" endTime="2018-07-17T05:18:49.0757905-04:00" testType="13cdc9d9-ddb5-4fa4-a97d-d965ccfc6d4b" outcome="Passed" testListId="8c84fa94-04c1-424b-9868-57a2d4851a1d" relativeResultsDirectory="b3727815-2d0a-4094-818b-b3c43ec8a304" /><UnitTestResult executionId="2a069219-237c-48e4-9bd7-510dcbce54b7" testId="2a338fa0-8a13-44f5-97e7-97de52efd270" testName="Put_InvalidReferencePropertyReturndBadRequest" computerName="VECTOR" duration="00:00:00.1520000" startTime="2018-07-17T05:18:47.8096013-04:00" endTime="2018-07-17T05:18:47.8096084-04:00" testType="13cdc9d9-ddb5-4fa4-a97d-d965ccfc6d4b" outcome="Passed" testListId="8c84fa94-04c1-424b-9868-57a2d4851a1d" relativeResultsDirectory="2a069219-237c-48e4-9bd7-510dcbce54b7" /><UnitTestResult executionId="8758b630-d790-43cb-88d7-94ee124e2acf" testId="0cf2c665-07f9-4f45-b321-37abd8b5a3d4" testName="Patch_MultipleInvalidReferencePropertiesReturnsMultipleValidationErrorsAndBadRequest" computerName="VECTOR" duration="00:00:00.0020000" startTime="2018-07-17T05:18:21.3727448-04:00" endTime="2018-07-17T05:18:21.3727474-04:00" testType="13cdc9d9-ddb5-4fa4-a97d-d965ccfc6d4b" outcome="Passed" testListId="8c84fa94-04c1-424b-9868-57a2d4851a1d" relativeResultsDirectory="8758b630-d790-43cb-88d7-94ee124e2acf" /><UnitTestResult executionId="e91d5ff5-4029-4500-b965-0d9f7f0f363a" testId="ebca0b09-e9a3-47a8-b4f9-747f5a6063e5" testName="Patch_InvalidPropertyNameReturnsBadRequest" computerName="VECTOR" duration="00:00:00.0060000" startTime="2018-07-17T05:18:32.4275492-04:00" endTime="2018-07-17T05:18:32.4275523-04:00" testType="13cdc9d9-ddb5-4fa4-a97d-d965ccfc6d4b" outcome="Passed" testListId="8c84fa94-04c1-424b-9868-57a2d4851a1d" relativeResultsDirectory="e91d5ff5-4029-4500-b965-0d9f7f0f363a" /><UnitTestResult executionId="ea719a57-d80d-41fe-80bc-c317b9725618" testId="5da78f98-61d5-4171-ac39-edeb426bc9d4" testName="GetSingle_InvalidIdPropertyValueReturnsNotFound" computerName="VECTOR" duration="00:00:00.0050000" startTime="2018-07-17T05:18:55.8383342-04:00" endTime="2018-07-17T05:18:55.8383388-04:00" testType="13cdc9d9-ddb5-4fa4-a97d-d965ccfc6d4b" outcome="Passed" testListId="8c84fa94-04c1-424b-9868-57a2d4851a1d" relativeResultsDirectory="ea719a57-d80d-41fe-80bc-c317b9725618" /><UnitTestResult executionId="51548339-01c1-4f2f-b783-3faebc292bc8" testId="4a52b870-8eb9-4fb7-ad3d-4fb738fd3e59" testName="PutFile_NewFileCanBePut" computerName="VECTOR" duration="00:00:00.3830000" startTime="2018-07-17T05:18:24.5211453-04:00" endTime="2018-07-17T05:18:24.5211536-04:00" testType="13cdc9d9-ddb5-4fa4-a97d-d965ccfc6d4b" outcome="Passed" testListId="8c84fa94-04c1-424b-9868-57a2d4851a1d" relativeResultsDirectory="51548339-01c1-4f2f-b783-3faebc292bc8" /><UnitTestResult executionId="f3c9d5ac-9029-4301-954f-770acede7a1d" testId="f6e74553-70bf-4659-b9e6-3831ade43167" testName="GetSingle_InvalidIdPropertyValueReturnsNotFound" computerName="VECTOR" duration="00:00:00.0060000" startTime="2018-07-17T05:18:21.0243085-04:00" endTime="2018-07-17T05:18:21.0243113-04:00" testType="13cdc9d9-ddb5-4fa4-a97d-d965ccfc6d4b" outcome="Passed" testListId="8c84fa94-04c1-424b-9868-57a2d4851a1d" relativeResultsDirectory="f3c9d5ac-9029-4301-954f-770acede7a1d" /><UnitTestResult executionId="f6da9ae9-7acd-420c-aca4-6493abc384ee" testId="34da5137-5692-416e-9e28-9d5437f3d225" testName="FileRequest_MeshGenerateSetsFileIsSynchronized" computerName="VECTOR" duration="00:00:04.0500000" startTime="2018-07-17T05:18:43.1097997-04:00" endTime="2018-07-17T05:18:43.1098065-04:00" testType="13cdc9d9-ddb5-4fa4-a97d-d965ccfc6d4b" outcome="Passed" testListId="8c84fa94-04c1-424b-9868-57a2d4851a1d" relativeResultsDirectory="f6da9ae9-7acd-420c-aca4-6493abc384ee" /><UnitTestResult executionId="cc510fe3-2105-4d11-9cfb-bf8fe9b900bf" testId="f06cfc00-ac18-4fce-b651-54597fa02410" testName="Patch_MultipleInvalidReferencePropertiesReturnsMultipleValidationErrorsAndBadRequest" computerName="VECTOR" duration="00:00:00.0260000" startTime="2018-07-17T05:18:26.9318567-04:00" endTime="2018-07-17T05:18:26.9318644-04:00" testType="13cdc9d9-ddb5-4fa4-a97d-d965ccfc6d4b" outcome="Passed" testListId="8c84fa94-04c1-424b-9868-57a2d4851a1d" relativeResultsDirectory="cc510fe3-2105-4d11-9cfb-bf8fe9b900bf" /></Results><TestDefinitions><UnitTest name="Patch_InvalidEnumPropertyValueReturnsBadRequest" storage="d:\users\steve knipmeyer\documents\github\modelrelief\modelrelief.test\bin\debug\netcoreapp2.0\modelrelief.test.dll" id="c95c8262-3f81-49d0-9df1-27477937b43c"><Execution id="cbafe032-2fca-485d-8943-c57a0912d37e" /><TestMethod codeBase="D:\Users\Steve Knipmeyer\Documents\GitHub\ModelRelief\ModelRelief.test\bin\Debug\netcoreapp2.0\ModelRelief.Test.dll" adapterTypeName="executor://xunit/VsTestRunner2/netcoreapp" className="ModelRelief.Test.Integration.Models.ModelsBaseIntegrationTests" name="Patch_InvalidEnumPropertyValueReturnsBadRequest" /></UnitTest><UnitTest name="PutFile_NewFileCanBePut" storage="d:\users\steve knipmeyer\documents\github\modelrelief\modelrelief.test\bin\debug\netcoreapp2.0\modelrelief.test.dll" id="20ebfdf1-79ea-4d59-8a9d-1395c14b3cff"><Execution id="0b1bd9fc-bae3-4888-a2cd-bd4c644b6931" /><TestMethod codeBase="D:\Users\Steve Knipmeyer\Documents\GitHub\ModelRelief\ModelRelief.test\bin\Debug\netcoreapp2.0\ModelRelief.Test.dll" adapterTypeName="executor://xunit/VsTestRunner2/netcoreapp" className="ModelRelief.Test.Integration.DepthBuffers.DepthBuffersFileIntegrationTests" name="PutFile_NewFileCanBePut" /></UnitTest><UnitTest name="GetSingle_ValidIdPropertyValueReturnsCorrectModel" storage="d:\users\steve knipmeyer\documents\github\modelrelief\modelrelief.test\bin\debug\netcoreapp2.0\modelrelief.test.dll" id="545cd7f0-90bc-43c9-9f70-cb0266a50c8f"><Execution id="6a33016f-4e1d-4542-b601-e0b40345a6e0" /><TestMethod codeBase="D:\Users\Steve Knipmeyer\Documents\GitHub\ModelRelief\ModelRelief.test\bin\Debug\netcoreapp2.0\ModelRelief.Test.dll" adapterTypeName="executor://xunit/VsTestRunner2/netcoreapp" className="ModelRelief.Test.Integration.Models.ModelsBaseIntegrationTests" name="GetSingle_ValidIdPropertyValueReturnsCorrectModel" /></UnitTest><UnitTest name="Post_InvalidReferencePropertyReturnsBadRequest" storage="d:\users\steve knipmeyer\documents\github\modelrelief\modelrelief.test\bin\debug\netcoreapp2.0\modelrelief.test.dll" id="85ec5f96-9248-48fe-94ec-cfa195a8c50a"><Execution id="c735a1f4-9548-4f7c-8d67-47066b5dfc07" /><TestMethod codeBase="D:\Users\Steve Knipmeyer\Documents\GitHub\ModelRelief\ModelRelief.test\bin\Debug\netcoreapp2.0\ModelRelief.Test.dll" adapterTypeName="executor://xunit/VsTestRunner2/netcoreapp" className="ModelRelief.Test.Integration.Meshes.MeshesBaseIntegrationTests" name="Post_InvalidReferencePropertyReturnsBadRequest" /></UnitTest><UnitTest name="Post_ValidReferencePropertyCreatesModel" storage="d:\users\steve knipmeyer\documents\github\modelrelief\modelrelief.test\bin\debug\netcoreapp2.0\modelrelief.test.dll" id="d34f133b-0d5f-4b75-81d9-a7464f9a97ee"><Execution id="e9d7ee48-5123-4ef8-b420-193d65e1e323" /><TestMethod codeBase="D:\Users\Steve Knipmeyer\Documents\GitHub\ModelRelief\ModelRelief.test\bin\Debug\netcoreapp2.0\ModelRelief.Test.dll" adapterTypeName="executor://xunit/VsTestRunner2/netcoreapp" className="ModelRelief.Test.Integration.Cameras.CamerasBaseIntegrationTests" name="Post_ValidReferencePropertyCreatesModel" /></UnitTest><UnitTest name="Patch_ValidReferencePropertyUpdatesModel" storage="d:\users\steve knipmeyer\documents\github\modelrelief\modelrelief.test\bin\debug\netcoreapp2.0\modelrelief.test.dll" id="61101e6b-6cff-4d9d-b5e8-d03f8905177f"><Execution id="64557626-c62a-4239-8676-bb91ac4b40d8" /><TestMethod codeBase="D:\Users\Steve Knipmeyer\Documents\GitHub\ModelRelief\ModelRelief.test\bin\Debug\netcoreapp2.0\ModelRelief.Test.dll" adapterTypeName="executor://xunit/VsTestRunner2/netcoreapp" className="ModelRelief.Test.Integration.Models.ModelsBaseIntegrationTests" name="Patch_ValidReferencePropertyUpdatesModel" /></UnitTest><UnitTest name="Post_CanCreateNewModel" storage="d:\users\steve knipmeyer\documents\github\modelrelief\modelrelief.test\bin\debug\netcoreapp2.0\modelrelief.test.dll" id="006617c9-18c9-40be-8ce2-1498d83d75e8"><Execution id="36cf5952-9863-4f9a-92b2-8fecab09243e" /><TestMethod codeBase="D:\Users\Steve Knipmeyer\Documents\GitHub\ModelRelief\ModelRelief.test\bin\Debug\netcoreapp2.0\ModelRelief.Test.dll" adapterTypeName="executor://xunit/VsTestRunner2/netcoreapp" className="ModelRelief.Test.Integration.MeshTransforms.MeshTransformsBaseIntegrationTests" name="Post_CanCreateNewModel" /></UnitTest><UnitTest name="GetFile_FileCanBeRoundTripped" storage="d:\users\steve knipmeyer\documents\github\modelrelief\modelrelief.test\bin\debug\netcoreapp2.0\modelrelief.test.dll" id="d04f4f3f-6556-4529-8479-5d47d45b4e37"><Execution id="d2bfe709-dbbc-4f87-8364-b48ce2ebb57b" /><TestMethod codeBase="D:\Users\Steve Knipmeyer\Documents\GitHub\ModelRelief\ModelRelief.test\bin\Debug\netcoreapp2.0\ModelRelief.Test.dll" adapterTypeName="executor://xunit/VsTestRunner2/netcoreapp" className="ModelRelief.Test.Integration.Meshes.MeshesFileIntegrationTests" name="GetFile_FileCanBeRoundTripped" /></UnitTest><UnitTest name="FileRequest_MeshIsInvalidatedAfterDepthBufferFileBecomesUnsynchronized" storage="d:\users\steve knipmeyer\documents\github\modelrelief\modelrelief.test\bin\debug\netcoreapp2.0\modelrelief.test.dll" id="a347e3a1-b3ec-4d80-a477-350f64017231"><Execution id="9d9c6bc0-e775-41cd-b6ae-5531ff3c6d9e" /><TestMethod codeBase="D:\Users\Steve Knipmeyer\Documents\GitHub\ModelRelief\ModelRelief.test\bin\Debug\netcoreapp2.0\ModelRelief.Test.dll" adapterTypeName="executor://xunit/VsTestRunner2/netcoreapp" className="ModelRelief.Test.Integration.Meshes.MeshesFileIntegrationTests" name="FileRequest_MeshIsInvalidatedAfterDepthBufferFileBecomesUnsynchronized" /></UnitTest><UnitTest name="Put_ValidReferencePropertyUpdatesModel" storage="d:\users\steve knipmeyer\documents\github\modelrelief\modelrelief.test\bin\debug\netcoreapp2.0\modelrelief.test.dll" id="e7b1b5c1-b262-4381-a592-d5615dd60b61"><Execution id="c5893800-76a2-4403-86e3-0ff2f90cb7b4" /><TestMethod codeBase="D:\Users\Steve Knipmeyer\Documents\GitHub\ModelRelief\ModelRelief.test\bin\Debug\netcoreapp2.0\ModelRelief.Test.dll" adapterTypeName="executor://xunit/VsTestRunner2/netcoreapp" className="ModelRelief.Test.Integration.Meshes.MeshesBaseIntegrationTests" name="Put_ValidReferencePropertyUpdatesModel" /></UnitTest><UnitTest name="Patch_MultipleInvalidReferencePropertiesReturnsMultipleValidationErrorsAndBadRequest" storage="d:\users\steve knipmeyer\documents\github\modelrelief\modelrelief.test\bin\debug\netcoreapp2.0\modelrelief.test.dll" id="0cf2c665-07f9-4f45-b321-37abd8b5a3d4"><Execution id="8758b630-d790-43cb-88d7-94ee124e2acf" /><TestMethod codeBase="D:\Users\Steve Knipmeyer\Documents\GitHub\ModelRelief\ModelRelief.test\bin\Debug\netcoreapp2.0\ModelRelief.Test.dll" adapterTypeName="executor://xunit/VsTestRunner2/netcoreapp" className="ModelRelief.Test.Integration.Projects.ProjectsBaseIntegrationTests" name="Patch_MultipleInvalidReferencePropertiesReturnsMultipleValidationErrorsAndBadRequest" /></UnitTest><UnitTest name="Patch_MultipleInvalidReferencePropertiesReturnsMultipleValidationErrorsAndBadRequest" storage="d:\users\steve knipmeyer\documents\github\modelrelief\modelrelief.test\bin\debug\netcoreapp2.0\modelrelief.test.dll" id="acd17244-705e-491d-b804-af1d6c79bed7"><Execution id="0a5b3ac8-5f1e-48d1-a27e-c6ee47642ca2" /><TestMethod codeBase="D:\Users\Steve Knipmeyer\Documents\GitHub\ModelRelief\ModelRelief.test\bin\Debug\netcoreapp2.0\ModelRelief.Test.dll" adapterTypeName="executor://xunit/VsTestRunner2/netcoreapp" className="ModelRelief.Test.Integration.Models.ModelsBaseIntegrationTests" name="Patch_MultipleInvalidReferencePropertiesReturnsMultipleValidationErrorsAndBadRequest" /></UnitTest><UnitTest name="GetFile_ExistingFileReturnsSuccess" storage="d:\users\steve knipmeyer\documents\github\modelrelief\modelrelief.test\bin\debug\netcoreapp2.0\modelrelief.test.dll" id="632e4c49-7403-4181-80c6-a16cede8359d"><Execution id="fb2138b1-6f96-415f-bbbc-5d81354b4834" /><TestMethod codeBase="D:\Users\Steve Knipmeyer\Documents\GitHub\ModelRelief\ModelRelief.test\bin\Debug\netcoreapp2.0\ModelRelief.Test.dll" adapterTypeName="executor://xunit/VsTestRunner2/netcoreapp" className="ModelRelief.Test.Integration.Models.ModelsFileIntegrationTests" name="GetFile_ExistingFileReturnsSuccess" /></UnitTest><UnitTest name="Patch_TargetPropertyIsUpdated" storage="d:\users\steve knipmeyer\documents\github\modelrelief\modelrelief.test\bin\debug\netcoreapp2.0\modelrelief.test.dll" id="9cbd59a0-5924-46b0-ac3e-8073d1c6f9c2"><Execution id="792d01bf-91b1-4e82-85c6-72cd6468904e" /><TestMethod codeBase="D:\Users\Steve Knipmeyer\Documents\GitHub\ModelRelief\ModelRelief.test\bin\Debug\netcoreapp2.0\ModelRelief.Test.dll" adapterTypeName="executor://xunit/VsTestRunner2/netcoreapp" className="ModelRelief.Test.Integration.Models.ModelsBaseIntegrationTests" name="Patch_TargetPropertyIsUpdated" /></UnitTest><UnitTest name="FileRequest_FileCanBeReadAfterRename" storage="d:\users\steve knipmeyer\documents\github\modelrelief\modelrelief.test\bin\debug\netcoreapp2.0\modelrelief.test.dll" id="81224a70-cc61-4a37-b027-5030c952cc89"><Execution id="56991fbb-6a57-4fae-866c-a9969ca7e2dd" /><TestMethod codeBase="D:\Users\Steve Knipmeyer\Documents\GitHub\ModelRelief\ModelRelief.test\bin\Debug\netcoreapp2.0\ModelRelief.Test.dll" adapterTypeName="executor://xunit/VsTestRunner2/netcoreapp" className="ModelRelief.Test.Integration.Meshes.MeshesFileIntegrationTests" name="FileRequest_FileCanBeReadAfterRename" /></UnitTest><UnitTest name="Post_InvalidReferencePropertyReturnsBadRequest" storage="d:\users\steve knipmeyer\documents\github\modelrelief\modelrelief.test\bin\debug\netcoreapp2.0\modelrelief.test.dll" id="fd08f365-01e3-42b1-86f5-87a602aca71d"><Execution id="274c165f-8210-483b-bc07-a6515c579ce7" /><TestMethod codeBase="D:\Users\Steve Knipmeyer\Documents\GitHub\ModelRelief\ModelRelief.test\bin\Debug\netcoreapp2.0\ModelRelief.Test.dll" adapterTypeName="executor://xunit/VsTestRunner2/netcoreapp" className="ModelRelief.Test.Integration.Projects.ProjectsBaseIntegrationTests" name="Post_InvalidReferencePropertyReturnsBadRequest" /></UnitTest><UnitTest name="Post_InvalidPropertyValueReturnsBadRequest" storage="d:\users\steve knipmeyer\documents\github\modelrelief\modelrelief.test\bin\debug\netcoreapp2.0\modelrelief.test.dll" id="cd721c67-3594-4d94-871a-d2c6db6b52fc"><Execution id="f3f9bb54-b8da-479c-9fd0-e305ab2e72c7" /><TestMethod codeBase="D:\Users\Steve Knipmeyer\Documents\GitHub\ModelRelief\ModelRelief.test\bin\Debug\netcoreapp2.0\ModelRelief.Test.dll" adapterTypeName="executor://xunit/VsTestRunner2/netcoreapp" className="ModelRelief.Test.Integration.Cameras.CamerasBaseIntegrationTests" name="Post_InvalidPropertyValueReturnsBadRequest" /></UnitTest><UnitTest name="Put_InvalidIdReturnsNotFound" storage="d:\users\steve knipmeyer\documents\github\modelrelief\modelrelief.test\bin\debug\netcoreapp2.0\modelrelief.test.dll" id="33734074-4afe-4579-9c1a-ce9703f19e34"><Execution id="8c94f7a4-2304-44bf-8b63-f518b5149b2e" /><TestMethod codeBase="D:\Users\Steve Knipmeyer\Documents\GitHub\ModelRelief\ModelRelief.test\bin\Debug\netcoreapp2.0\ModelRelief.Test.dll" adapterTypeName="executor://xunit/VsTestRunner2/netcoreapp" className="ModelRelief.Test.Integration.Meshes.MeshesBaseIntegrationTests" name="Put_InvalidIdReturnsNotFound" /></UnitTest><UnitTest name="PostFile_FileIsSynchronizedIsUpdatedAfterFileIsPosted" storage="d:\users\steve knipmeyer\documents\github\modelrelief\modelrelief.test\bin\debug\netcoreapp2.0\modelrelief.test.dll" id="5dba1997-64a3-4c76-a83b-8f814a71fa0d"><Execution id="4ecdb2ae-8660-4985-8ae5-e684da19f434" /><TestMethod codeBase="D:\Users\Steve Knipmeyer\Documents\GitHub\ModelRelief\ModelRelief.test\bin\Debug\netcoreapp2.0\ModelRelief.Test.dll" adapterTypeName="executor://xunit/VsTestRunner2/netcoreapp" className="ModelRelief.Test.Integration.Models.ModelsFileIntegrationTests" name="PostFile_FileIsSynchronizedIsUpdatedAfterFileIsPosted" /></UnitTest><UnitTest name="GetSingle_InvalidIdPropertyValueReturnsNotFound" storage="d:\users\steve knipmeyer\documents\github\modelrelief\modelrelief.test\bin\debug\netcoreapp2.0\modelrelief.test.dll" id="f6e74553-70bf-4659-b9e6-3831ade43167"><Execution id="f3c9d5ac-9029-4301-954f-770acede7a1d" /><TestMethod codeBase="D:\Users\Steve Knipmeyer\Documents\GitHub\ModelRelief\ModelRelief.test\bin\Debug\netcoreapp2.0\ModelRelief.Test.dll" adapterTypeName="executor://xunit/VsTestRunner2/netcoreapp" className="ModelRelief.Test.Integration.Projects.ProjectsBaseIntegrationTests" name="GetSingle_InvalidIdPropertyValueReturnsNotFound" /></UnitTest><UnitTest name="GetFile_NonExistentFileReturnsNotFound" storage="d:\users\steve knipmeyer\documents\github\modelrelief\modelrelief.test\bin\debug\netcoreapp2.0\modelrelief.test.dll" id="d03bed60-cf83-4011-934e-a7a5dc3400a1"><Execution id="1a83578d-9592-4c97-9bb4-08242b141c05" /><TestMethod codeBase="D:\Users\Steve Knipmeyer\Documents\GitHub\ModelRelief\ModelRelief.test\bin\Debug\netcoreapp2.0\ModelRelief.Test.dll" adapterTypeName="executor://xunit/VsTestRunner2/netcoreapp" className="ModelRelief.Test.Integration.Meshes.MeshesFileIntegrationTests" name="GetFile_NonExistentFileReturnsNotFound" /></UnitTest><UnitTest name="Patch_InvalidIdPropertyReturnsNotFound" storage="d:\users\steve knipmeyer\documents\github\modelrelief\modelrelief.test\bin\debug\netcoreapp2.0\modelrelief.test.dll" id="ccf39f0e-54c7-4517-927a-da7223105c2e"><Execution id="7e82767f-0e16-4e2d-8a3a-eb57ece6005b" /><TestMethod codeBase="D:\Users\Steve Knipmeyer\Documents\GitHub\ModelRelief\ModelRelief.test\bin\Debug\netcoreapp2.0\ModelRelief.Test.dll" adapterTypeName="executor://xunit/VsTestRunner2/netcoreapp" className="ModelRelief.Test.Integration.Models.ModelsBaseIntegrationTests" name="Patch_InvalidIdPropertyReturnsNotFound" /></UnitTest><UnitTest name="Put_InvalidReferencePropertyReturndBadRequest" storage="d:\users\steve knipmeyer\documents\github\modelrelief\modelrelief.test\bin\debug\netcoreapp2.0\modelrelief.test.dll" id="3c055466-990d-415c-900c-8cb3c51c1d1a"><Execution id="caceb3c7-13d7-4471-8050-a5a16b6dc8e6" /><TestMethod codeBase="D:\Users\Steve Knipmeyer\Documents\GitHub\ModelRelief\ModelRelief.test\bin\Debug\netcoreapp2.0\ModelRelief.Test.dll" adapterTypeName="executor://xunit/VsTestRunner2/netcoreapp" className="ModelRelief.Test.Integration.Projects.ProjectsBaseIntegrationTests" name="Put_InvalidReferencePropertyReturndBadRequest" /></UnitTest><UnitTest name="Patch_ValidReferencePropertyUpdatesModel" storage="d:\users\steve knipmeyer\documents\github\modelrelief\modelrelief.test\bin\debug\netcoreapp2.0\modelrelief.test.dll" id="f7d48410-bc47-40cb-8106-950d74021f35"><Execution id="9d8363fd-84e7-4f94-a5af-18ca77bb6b93" /><TestMethod codeBase="D:\Users\Steve Knipmeyer\Documents\GitHub\ModelRelief\ModelRelief.test\bin\Debug\netcoreapp2.0\ModelRelief.Test.dll" adapterTypeName="executor://xunit/VsTestRunner2/netcoreapp" className="ModelRelief.Test.Integration.Projects.ProjectsBaseIntegrationTests" name="Patch_ValidReferencePropertyUpdatesModel" /></UnitTest><UnitTest name="Patch_InvalidIdPropertyReturnsNotFound" storage="d:\users\steve knipmeyer\documents\github\modelrelief\modelrelief.test\bin\debug\netcoreapp2.0\modelrelief.test.dll" id="027c1e33-03cc-499a-af1f-df4493c6d3e5"><Execution id="e2a87f22-55bc-4ca0-8a60-6650c1ebab5f" /><TestMethod codeBase="D:\Users\Steve Knipmeyer\Documents\GitHub\ModelRelief\ModelRelief.test\bin\Debug\netcoreapp2.0\ModelRelief.Test.dll" adapterTypeName="executor://xunit/VsTestRunner2/netcoreapp" className="ModelRelief.Test.Integration.Projects.ProjectsBaseIntegrationTests" name="Patch_InvalidIdPropertyReturnsNotFound" /></UnitTest><UnitTest name="GetFile_FileCanBeRoundTripped" storage="d:\users\steve knipmeyer\documents\github\modelrelief\modelrelief.test\bin\debug\netcoreapp2.0\modelrelief.test.dll" id="a991a179-0ade-4701-a975-5698ba570e2a"><Execution id="27f5bfec-df7c-44b5-b8bb-1aa8ea974f36" /><TestMethod codeBase="D:\Users\Steve Knipmeyer\Documents\GitHub\ModelRelief\ModelRelief.test\bin\Debug\netcoreapp2.0\ModelRelief.Test.dll" adapterTypeName="executor://xunit/VsTestRunner2/netcoreapp" className="ModelRelief.Test.Integration.Models.ModelsFileIntegrationTests" name="GetFile_FileCanBeRoundTripped" /></UnitTest><UnitTest name="Patch_InvalidReferencePropertyReturnsBadRequest" storage="d:\users\steve knipmeyer\documents\github\modelrelief\modelrelief.test\bin\debug\netcoreapp2.0\modelrelief.test.dll" id="659341bf-42ed-47f3-be5c-6fe416b60bc6"><Execution id="c822ab7e-595e-4d49-9970-3f5f12c4558c" /><TestMethod codeBase="D:\Users\Steve Knipmeyer\Documents\GitHub\ModelRelief\ModelRelief.test\bin\Debug\netcoreapp2.0\ModelRelief.Test.dll" adapterTypeName="executor://xunit/VsTestRunner2/netcoreapp" className="ModelRelief.Test.Integration.Models.ModelsBaseIntegrationTests" name="Patch_InvalidReferencePropertyReturnsBadRequest" /></UnitTest><UnitTest name="Patch_InvalidIdPropertyReturnsNotFound" storage="d:\users\steve knipmeyer\documents\github\modelrelief\modelrelief.test\bin\debug\netcoreapp2.0\modelrelief.test.dll" id="0673e35e-fe9b-4e5b-bd45-30909390d604"><Execution id="bb683579-3589-45e3-9106-1e5b7efe521a" /><TestMethod codeBase="D:\Users\Steve Knipmeyer\Documents\GitHub\ModelRelief\ModelRelief.test\bin\Debug\netcoreapp2.0\ModelRelief.Test.dll" adapterTypeName="executor://xunit/VsTestRunner2/netcoreapp" className="ModelRelief.Test.Integration.Cameras.CamerasBaseIntegrationTests" name="Patch_InvalidIdPropertyReturnsNotFound" /></UnitTest><UnitTest name="GetList_ListReturnsCorrectCount" storage="d:\users\steve knipmeyer\documents\github\modelrelief\modelrelief.test\bin\debug\netcoreapp2.0\modelrelief.test.dll" id="527fb81c-ff07-4c38-8eb0-89890d8c171f"><Execution id="ab8737bb-d8ac-4a45-95b3-ef729334cecb" /><TestMethod codeBase="D:\Users\Steve Knipmeyer\Documents\GitHub\ModelRelief\ModelRelief.test\bin\Debug\netcoreapp2.0\ModelRelief.Test.dll" adapterTypeName="executor://xunit/VsTestRunner2/netcoreapp" className="ModelRelief.Test.Integration.MeshTransforms.MeshTransformsBaseIntegrationTests" name="GetList_ListReturnsCorrectCount" /></UnitTest><UnitTest name="Put_InvalidIdReturnsNotFound" storage="d:\users\steve knipmeyer\documents\github\modelrelief\modelrelief.test\bin\debug\netcoreapp2.0\modelrelief.test.dll" id="7c9d8ae3-a3ef-412b-ade3-e139d8ff4a10"><Execution id="b9a74a4e-1d69-4db5-ab5d-bf7e7e4f1658" /><TestMethod codeBase="D:\Users\Steve Knipmeyer\Documents\GitHub\ModelRelief\ModelRelief.test\bin\Debug\netcoreapp2.0\ModelRelief.Test.dll" adapterTypeName="executor://xunit/VsTestRunner2/netcoreapp" className="ModelRelief.Test.Integration.Models.ModelsBaseIntegrationTests" name="Put_InvalidIdReturnsNotFound" /></UnitTest><UnitTest name="PostFile_NewFileCanBePosted" storage="d:\users\steve knipmeyer\documents\github\modelrelief\modelrelief.test\bin\debug\netcoreapp2.0\modelrelief.test.dll" id="ab862020-d199-491e-8168-75f3218a8258"><Execution id="e1623f9e-4b07-452b-ae45-4adb18c78228" /><TestMethod codeBase="D:\Users\Steve Knipmeyer\Documents\GitHub\ModelRelief\ModelRelief.test\bin\Debug\netcoreapp2.0\ModelRelief.Test.dll" adapterTypeName="executor://xunit/VsTestRunner2/netcoreapp" className="ModelRelief.Test.Integration.Meshes.MeshesFileIntegrationTests" name="PostFile_NewFileCanBePosted" /></UnitTest><UnitTest name="Patch_InvalidPropertyNameReturnsBadRequest" storage="d:\users\steve knipmeyer\documents\github\modelrelief\modelrelief.test\bin\debug\netcoreapp2.0\modelrelief.test.dll" id="ebca0b09-e9a3-47a8-b4f9-747f5a6063e5"><Execution id="e91d5ff5-4029-4500-b965-0d9f7f0f363a" /><TestMethod codeBase="D:\Users\Steve Knipmeyer\Documents\GitHub\ModelRelief\ModelRelief.test\bin\Debug\netcoreapp2.0\ModelRelief.Test.dll" adapterTypeName="executor://xunit/VsTestRunner2/netcoreapp" className="ModelRelief.Test.Integration.Meshes.MeshesBaseIntegrationTests" name="Patch_InvalidPropertyNameReturnsBadRequest" /></UnitTest><UnitTest name="Put_CanUpdateModel" storage="d:\users\steve knipmeyer\documents\github\modelrelief\modelrelief.test\bin\debug\netcoreapp2.0\modelrelief.test.dll" id="d2ce7a09-7162-4804-9f2b-470e5ee5ed18"><Execution id="796c166b-9db0-4304-9fd2-997325309a98" /><TestMethod codeBase="D:\Users\Steve Knipmeyer\Documents\GitHub\ModelRelief\ModelRelief.test\bin\Debug\netcoreapp2.0\ModelRelief.Test.dll" adapterTypeName="executor://xunit/VsTestRunner2/netcoreapp" className="ModelRelief.Test.Integration.MeshTransforms.MeshTransformsBaseIntegrationTests" name="Put_CanUpdateModel" /></UnitTest><UnitTest name="Put_CanUpdateModel" storage="d:\users\steve knipmeyer\documents\github\modelrelief\modelrelief.test\bin\debug\netcoreapp2.0\modelrelief.test.dll" id="0847a2c5-be3f-45ce-a4f4-2e913f03d17d"><Execution id="0b656712-9eec-4615-9371-7c0dc4be74ab" /><TestMethod codeBase="D:\Users\Steve Knipmeyer\Documents\GitHub\ModelRelief\ModelRelief.test\bin\Debug\netcoreapp2.0\ModelRelief.Test.dll" adapterTypeName="executor://xunit/VsTestRunner2/netcoreapp" className="ModelRelief.Test.Integration.Projects.ProjectsBaseIntegrationTests" name="Put_CanUpdateModel" /></UnitTest><UnitTest name="GetList_ListReturnsCorrectCount" storage="d:\users\steve knipmeyer\documents\github\modelrelief\modelrelief.test\bin\debug\netcoreapp2.0\modelrelief.test.dll" id="e5f9fe44-d1d4-4e5f-89d7-07ff5bac8fe9"><Execution id="2da692f2-c125-4e10-ba37-9e2f6d848f02" /><TestMethod codeBase="D:\Users\Steve Knipmeyer\Documents\GitHub\ModelRelief\ModelRelief.test\bin\Debug\netcoreapp2.0\ModelRelief.Test.dll" adapterTypeName="executor://xunit/VsTestRunner2/netcoreapp" className="ModelRelief.Test.Integration.Projects.ProjectsBaseIntegrationTests" name="GetList_ListReturnsCorrectCount" /></UnitTest><UnitTest name="Delete_TargetModelIsDeleted" storage="d:\users\steve knipmeyer\documents\github\modelrelief\modelrelief.test\bin\debug\netcoreapp2.0\modelrelief.test.dll" id="cfa7d582-06ab-43ba-bfba-133d0d6d76e2"><Execution id="b77f2b23-16a5-4049-8acd-ce8610c5f580" /><TestMethod codeBase="D:\Users\Steve Knipmeyer\Documents\GitHub\ModelRelief\ModelRelief.test\bin\Debug\netcoreapp2.0\ModelRelief.Test.dll" adapterTypeName="executor://xunit/VsTestRunner2/netcoreapp" className="ModelRelief.Test.Integration.Meshes.MeshesBaseIntegrationTests" name="Delete_TargetModelIsDeleted" /></UnitTest><UnitTest name="FileRequest_MeshGenerateSetsFileIsSynchronized" storage="d:\users\steve knipmeyer\documents\github\modelrelief\modelrelief.test\bin\debug\netcoreapp2.0\modelrelief.test.dll" id="34da5137-5692-416e-9e28-9d5437f3d225"><Execution id="f6da9ae9-7acd-420c-aca4-6493abc384ee" /><TestMethod codeBase="D:\Users\Steve Knipmeyer\Documents\GitHub\ModelRelief\ModelRelief.test\bin\Debug\netcoreapp2.0\ModelRelief.Test.dll" adapterTypeName="executor://xunit/VsTestRunner2/netcoreapp" className="ModelRelief.Test.Integration.Meshes.MeshesFileIntegrationTests" name="FileRequest_MeshGenerateSetsFileIsSynchronized" /></UnitTest><UnitTest name="Model3dHasExpectedDependentFiles" storage="d:\users\steve knipmeyer\documents\github\modelrelief\modelrelief.test\bin\debug\netcoreapp2.0\modelrelief.test.dll" id="6559d11f-46b9-4ae6-92ce-f321e4f583d6"><Execution id="ecfee1dd-2752-4704-b34c-6b6f285d821b" /><TestMethod codeBase="D:\Users\Steve Knipmeyer\Documents\GitHub\ModelRelief\ModelRelief.test\bin\Debug\netcoreapp2.0\ModelRelief.Test.dll" adapterTypeName="executor://xunit/VsTestRunner2/netcoreapp" className="ModelRelief.Test.Unit.DependencyManager.DependencyManagerTests" name="Model3dHasExpectedDependentFiles" /></UnitTest><UnitTest name="PutFile_FileCanBeUpdated" storage="d:\users\steve knipmeyer\documents\github\modelrelief\modelrelief.test\bin\debug\netcoreapp2.0\modelrelief.test.dll" id="8f6bb5b8-9777-4d8b-ada2-dbc62e3517c0"><Execution id="ff0a653f-2146-489d-a970-d17778fc6fff" /><TestMethod codeBase="D:\Users\Steve Knipmeyer\Documents\GitHub\ModelRelief\ModelRelief.test\bin\Debug\netcoreapp2.0\ModelRelief.Test.dll" adapterTypeName="executor://xunit/VsTestRunner2/netcoreapp" className="ModelRelief.Test.Integration.Models.ModelsFileIntegrationTests" name="PutFile_FileCanBeUpdated" /></UnitTest><UnitTest name="PostFile_NewFileCanBePosted" storage="d:\users\steve knipmeyer\documents\github\modelrelief\modelrelief.test\bin\debug\netcoreapp2.0\modelrelief.test.dll" id="8c4ae436-e0ee-4f9a-bdd2-b323bbcf05ef"><Execution id="cd6e17b3-2aad-41ef-8b1a-785908fc2fb4" /><TestMethod codeBase="D:\Users\Steve Knipmeyer\Documents\GitHub\ModelRelief\ModelRelief.test\bin\Debug\netcoreapp2.0\ModelRelief.Test.dll" adapterTypeName="executor://xunit/VsTestRunner2/netcoreapp" className="ModelRelief.Test.Integration.Models.ModelsFileIntegrationTests" name="PostFile_NewFileCanBePosted" /></UnitTest><UnitTest name="Patch_InvalidEnumPropertyValueReturnsBadRequest" storage="d:\users\steve knipmeyer\documents\github\modelrelief\modelrelief.test\bin\debug\netcoreapp2.0\modelrelief.test.dll" id="3b173bd6-087c-4d2c-9e07-146e2fffda16"><Execution id="85a25d79-0c6d-4b24-bb09-7f1a4254dab3" /><TestMethod codeBase="D:\Users\Steve Knipmeyer\Documents\GitHub\ModelRelief\ModelRelief.test\bin\Debug\netcoreapp2.0\ModelRelief.Test.dll" adapterTypeName="executor://xunit/VsTestRunner2/netcoreapp" className="ModelRelief.Test.Integration.MeshTransforms.MeshTransformsBaseIntegrationTests" name="Patch_InvalidEnumPropertyValueReturnsBadRequest" /></UnitTest><UnitTest name="PostFile_FileIsSynchronizedIsUpdatedAfterFileIsPosted" storage="d:\users\steve knipmeyer\documents\github\modelrelief\modelrelief.test\bin\debug\netcoreapp2.0\modelrelief.test.dll" id="545c7ed7-0a7b-41ed-9f68-b856232f4ab0"><Execution id="a2e22d4c-4143-4e60-bd14-a1abe2ba1b66" /><TestMethod codeBase="D:\Users\Steve Knipmeyer\Documents\GitHub\ModelRelief\ModelRelief.test\bin\Debug\netcoreapp2.0\ModelRelief.Test.dll" adapterTypeName="executor://xunit/VsTestRunner2/netcoreapp" className="ModelRelief.Test.Integration.DepthBuffers.DepthBuffersFileIntegrationTests" name="PostFile_FileIsSynchronizedIsUpdatedAfterFileIsPosted" /></UnitTest><UnitTest name="PostFile_NewFileCanBePosted" storage="d:\users\steve knipmeyer\documents\github\modelrelief\modelrelief.test\bin\debug\netcoreapp2.0\modelrelief.test.dll" id="52f44325-75af-440d-9028-0352b7e0456e"><Execution id="56942a37-64de-4b8e-b992-56fe025de414" /><TestMethod codeBase="D:\Users\Steve Knipmeyer\Documents\GitHub\ModelRelief\ModelRelief.test\bin\Debug\netcoreapp2.0\ModelRelief.Test.dll" adapterTypeName="executor://xunit/VsTestRunner2/netcoreapp" className="ModelRelief.Test.Integration.DepthBuffers.DepthBuffersFileIntegrationTests" name="PostFile_NewFileCanBePosted" /></UnitTest><UnitTest name="Post_InvalidPropertyValueReturnsBadRequest" storage="d:\users\steve knipmeyer\documents\github\modelrelief\modelrelief.test\bin\debug\netcoreapp2.0\modelrelief.test.dll" id="5088b8f2-c9e1-4278-964e-f9e82420ca11"><Execution id="5e51f9e3-5c48-4336-a689-efdfeb3f8836" /><TestMethod codeBase="D:\Users\Steve Knipmeyer\Documents\GitHub\ModelRelief\ModelRelief.test\bin\Debug\netcoreapp2.0\ModelRelief.Test.dll" adapterTypeName="executor://xunit/VsTestRunner2/netcoreapp" className="ModelRelief.Test.Integration.Models.ModelsBaseIntegrationTests" name="Post_InvalidPropertyValueReturnsBadRequest" /></UnitTest><UnitTest name="Patch_InvalidPropertyNameReturnsBadRequest" storage="d:\users\steve knipmeyer\documents\github\modelrelief\modelrelief.test\bin\debug\netcoreapp2.0\modelrelief.test.dll" id="348ac982-4084-4aef-9330-ef97cec0ec48"><Execution id="185eb179-3284-4e0e-8ba0-dcbbe24f36ee" /><TestMethod codeBase="D:\Users\Steve Knipmeyer\Documents\GitHub\ModelRelief\ModelRelief.test\bin\Debug\netcoreapp2.0\ModelRelief.Test.dll" adapterTypeName="executor://xunit/VsTestRunner2/netcoreapp" className="ModelRelief.Test.Integration.Models.ModelsBaseIntegrationTests" name="Patch_InvalidPropertyNameReturnsBadRequest" /></UnitTest><UnitTest name="GetSingle_ValidIdPropertyValueReturnsCorrectModel" storage="d:\users\steve knipmeyer\documents\github\modelrelief\modelrelief.test\bin\debug\netcoreapp2.0\modelrelief.test.dll" id="cc1b073d-10f9-4c85-8a2d-a45fe82d0e00"><Execution id="b3727815-2d0a-4094-818b-b3c43ec8a304" /><TestMethod codeBase="D:\Users\Steve Knipmeyer\Documents\GitHub\ModelRelief\ModelRelief.test\bin\Debug\netcoreapp2.0\ModelRelief.Test.dll" adapterTypeName="executor://xunit/VsTestRunner2/netcoreapp" className="ModelRelief.Test.Integration.DepthBuffers.DepthBuffersBaseIntegrationTests" name="GetSingle_ValidIdPropertyValueReturnsCorrectModel" /></UnitTest><UnitTest name="Put_CanUpdateModel" storage="d:\users\steve knipmeyer\documents\github\modelrelief\modelrelief.test\bin\debug\netcoreapp2.0\modelrelief.test.dll" id="0a2a4660-5fce-42f9-8b05-eb0fe5fc43d8"><Execution id="c90485e3-79ac-4003-b1b7-cf28ea330e02" /><TestMethod codeBase="D:\Users\Steve Knipmeyer\Documents\GitHub\ModelRelief\ModelRelief.test\bin\Debug\netcoreapp2.0\ModelRelief.Test.dll" adapterTypeName="executor://xunit/VsTestRunner2/netcoreapp" className="ModelRelief.Test.Integration.Cameras.CamerasBaseIntegrationTests" name="Put_CanUpdateModel" /></UnitTest><UnitTest name="Post_InvalidPropertyValueReturnsBadRequest" storage="d:\users\steve knipmeyer\documents\github\modelrelief\modelrelief.test\bin\debug\netcoreapp2.0\modelrelief.test.dll" id="a1900ec3-24c3-4bfa-ba92-bc8d891d3e5e"><Execution id="93eceab3-58bc-4a91-9a7d-21707cd7b4fb" /><TestMethod codeBase="D:\Users\Steve Knipmeyer\Documents\GitHub\ModelRelief\ModelRelief.test\bin\Debug\netcoreapp2.0\ModelRelief.Test.dll" adapterTypeName="executor://xunit/VsTestRunner2/netcoreapp" className="ModelRelief.Test.Integration.Meshes.MeshesBaseIntegrationTests" name="Post_InvalidPropertyValueReturnsBadRequest" /></UnitTest><UnitTest name="Put_InvalidIdReturnsNotFound" storage="d:\users\steve knipmeyer\documents\github\modelrelief\modelrelief.test\bin\debug\netcoreapp2.0\modelrelief.test.dll" id="ea307c77-7676-41cf-a1c9-26c844da0757"><Execution id="169ebe57-754d-4df1-bab3-dc4c69d6ec50" /><TestMethod codeBase="D:\Users\Steve Knipmeyer\Documents\GitHub\ModelRelief\ModelRelief.test\bin\Debug\netcoreapp2.0\ModelRelief.Test.dll" adapterTypeName="executor://xunit/VsTestRunner2/netcoreapp" className="ModelRelief.Test.Integration.DepthBuffers.DepthBuffersBaseIntegrationTests" name="Put_InvalidIdReturnsNotFound" /></UnitTest><UnitTest name="Post_ValidReferencePropertyCreatesModel" storage="d:\users\steve knipmeyer\documents\github\modelrelief\modelrelief.test\bin\debug\netcoreapp2.0\modelrelief.test.dll" id="66b88fd1-5937-41cd-940d-b9c5e6791110"><Execution id="f1498b30-fac7-4af7-80b8-7a4d810197ae" /><TestMethod codeBase="D:\Users\Steve Knipmeyer\Documents\GitHub\ModelRelief\ModelRelief.test\bin\Debug\netcoreapp2.0\ModelRelief.Test.dll" adapterTypeName="executor://xunit/VsTestRunner2/netcoreapp" className="ModelRelief.Test.Integration.Meshes.MeshesBaseIntegrationTests" name="Post_ValidReferencePropertyCreatesModel" /></UnitTest><UnitTest name="Patch_InvalidPropertyNameReturnsBadRequest" storage="d:\users\steve knipmeyer\documents\github\modelrelief\modelrelief.test\bin\debug\netcoreapp2.0\modelrelief.test.dll" id="2cb799d4-d94d-41f7-8a3d-cbf7ed3c96fc"><Execution id="786bb028-65ef-4146-bb61-f2dbc60cc1c8" /><TestMethod codeBase="D:\Users\Steve Knipmeyer\Documents\GitHub\ModelRelief\ModelRelief.test\bin\Debug\netcoreapp2.0\ModelRelief.Test.dll" adapterTypeName="executor://xunit/VsTestRunner2/netcoreapp" className="ModelRelief.Test.Integration.Projects.ProjectsBaseIntegrationTests" name="Patch_InvalidPropertyNameReturnsBadRequest" /></UnitTest><UnitTest name="Post_CanCreateNewModel" storage="d:\users\steve knipmeyer\documents\github\modelrelief\modelrelief.test\bin\debug\netcoreapp2.0\modelrelief.test.dll" id="1777aae8-4ad9-4ad3-b407-6696e5bb5684"><Execution id="7d5d99db-7cf0-4937-9046-06edc322d463" /><TestMethod codeBase="D:\Users\Steve Knipmeyer\Documents\GitHub\ModelRelief\ModelRelief.test\bin\Debug\netcoreapp2.0\ModelRelief.Test.dll" adapterTypeName="executor://xunit/VsTestRunner2/netcoreapp" className="ModelRelief.Test.Integration.Models.ModelsBaseIntegrationTests" name="Post_CanCreateNewModel" /></UnitTest><UnitTest name="Patch_ValidReferencePropertyUpdatesModel" storage="d:\users\steve knipmeyer\documents\github\modelrelief\modelrelief.test\bin\debug\netcoreapp2.0\modelrelief.test.dll" id="76086b86-c303-4cf6-92aa-bf8697fcdd56"><Execution id="9bc2354f-e9ab-4311-8a9c-02a15d693899" /><TestMethod codeBase="D:\Users\Steve Knipmeyer\Documents\GitHub\ModelRelief\ModelRelief.test\bin\Debug\netcoreapp2.0\ModelRelief.Test.dll" adapterTypeName="executor://xunit/VsTestRunner2/netcoreapp" className="ModelRelief.Test.Integration.DepthBuffers.DepthBuffersBaseIntegrationTests" name="Patch_ValidReferencePropertyUpdatesModel" /></UnitTest><UnitTest name="CameraHasExpectedDependentFiles" storage="d:\users\steve knipmeyer\documents\github\modelrelief\modelrelief.test\bin\debug\netcoreapp2.0\modelrelief.test.dll" id="a1b08a14-678b-4bd6-985b-266fa0627320"><Execution id="6c66f37b-3fd2-4bc5-893c-bab316618446" /><TestMethod codeBase="D:\Users\Steve Knipmeyer\Documents\GitHub\ModelRelief\ModelRelief.test\bin\Debug\netcoreapp2.0\ModelRelief.Test.dll" adapterTypeName="executor://xunit/VsTestRunner2/netcoreapp" className="ModelRelief.Test.Unit.DependencyManager.DependencyManagerTests" name="CameraHasExpectedDependentFiles" /></UnitTest><UnitTest name="Patch_InvalidReferencePropertyReturnsBadRequest" storage="d:\users\steve knipmeyer\documents\github\modelrelief\modelrelief.test\bin\debug\netcoreapp2.0\modelrelief.test.dll" id="003dfd1b-b51b-4666-bca8-8b0f57669d54"><Execution id="b0fd3f2d-4ad2-4ee7-9600-b781e252c1e3" /><TestMethod codeBase="D:\Users\Steve Knipmeyer\Documents\GitHub\ModelRelief\ModelRelief.test\bin\Debug\netcoreapp2.0\ModelRelief.Test.dll" adapterTypeName="executor://xunit/VsTestRunner2/netcoreapp" className="ModelRelief.Test.Integration.DepthBuffers.DepthBuffersBaseIntegrationTests" name="Patch_InvalidReferencePropertyReturnsBadRequest" /></UnitTest><UnitTest name="PostFile_FileIsSynchronizedIsUpdatedAfterFileIsPosted" storage="d:\users\steve knipmeyer\documents\github\modelrelief\modelrelief.test\bin\debug\netcoreapp2.0\modelrelief.test.dll" id="e17ac67b-69cc-4b4c-a17d-8d9043eb384c"><Execution id="d06a39a0-7907-4df2-9711-db300809c7de" /><TestMethod codeBase="D:\Users\Steve Knipmeyer\Documents\GitHub\ModelRelief\ModelRelief.test\bin\Debug\netcoreapp2.0\ModelRelief.Test.dll" adapterTypeName="executor://xunit/VsTestRunner2/netcoreapp" className="ModelRelief.Test.Integration.Meshes.MeshesFileIntegrationTests" name="PostFile_FileIsSynchronizedIsUpdatedAfterFileIsPosted" /></UnitTest><UnitTest name="Put_ValidReferencePropertyUpdatesModel" storage="d:\users\steve knipmeyer\documents\github\modelrelief\modelrelief.test\bin\debug\netcoreapp2.0\modelrelief.test.dll" id="04fe22c2-b0b3-4b5f-9af8-af2d9605af62"><Execution id="bc3963c0-3443-4949-8903-d59725dc5fa7" /><TestMethod codeBase="D:\Users\Steve Knipmeyer\Documents\GitHub\ModelRelief\ModelRelief.test\bin\Debug\netcoreapp2.0\ModelRelief.Test.dll" adapterTypeName="executor://xunit/VsTestRunner2/netcoreapp" className="ModelRelief.Test.Integration.Models.ModelsBaseIntegrationTests" name="Put_ValidReferencePropertyUpdatesModel" /></UnitTest><UnitTest name="Patch_InvalidEnumPropertyValueReturnsBadRequest" storage="d:\users\steve knipmeyer\documents\github\modelrelief\modelrelief.test\bin\debug\netcoreapp2.0\modelrelief.test.dll" id="2c0da9ce-13da-4d4d-a70b-c2dbbcb704d4"><Execution id="62238ca5-f642-4609-85c3-e0b087bea977" /><TestMethod codeBase="D:\Users\Steve Knipmeyer\Documents\GitHub\ModelRelief\ModelRelief.test\bin\Debug\netcoreapp2.0\ModelRelief.Test.dll" adapterTypeName="executor://xunit/VsTestRunner2/netcoreapp" className="ModelRelief.Test.Integration.Cameras.CamerasBaseIntegrationTests" name="Patch_InvalidEnumPropertyValueReturnsBadRequest" /></UnitTest><UnitTest name="Patch_TargetPropertyIsUpdated" storage="d:\users\steve knipmeyer\documents\github\modelrelief\modelrelief.test\bin\debug\netcoreapp2.0\modelrelief.test.dll" id="fcb2a331-4bb0-4a3d-bb6a-3c3f728476af"><Execution id="5af82971-4628-4372-a7fb-683cd16cc2b4" /><TestMethod codeBase="D:\Users\Steve Knipmeyer\Documents\GitHub\ModelRelief\ModelRelief.test\bin\Debug\netcoreapp2.0\ModelRelief.Test.dll" adapterTypeName="executor://xunit/VsTestRunner2/netcoreapp" className="ModelRelief.Test.Integration.MeshTransforms.MeshTransformsBaseIntegrationTests" name="Patch_TargetPropertyIsUpdated" /></UnitTest><UnitTest name="Post_ValidReferencePropertyCreatesModel" storage="d:\users\steve knipmeyer\documents\github\modelrelief\modelrelief.test\bin\debug\netcoreapp2.0\modelrelief.test.dll" id="4a16695c-2771-4879-a6ed-ac825ce22441"><Execution id="20d283a7-91e0-482f-afdf-ce24fa7d438b" /><TestMethod codeBase="D:\Users\Steve Knipmeyer\Documents\GitHub\ModelRelief\ModelRelief.test\bin\Debug\netcoreapp2.0\ModelRelief.Test.dll" adapterTypeName="executor://xunit/VsTestRunner2/netcoreapp" className="ModelRelief.Test.Integration.DepthBuffers.DepthBuffersBaseIntegrationTests" name="Post_ValidReferencePropertyCreatesModel" /></UnitTest><UnitTest name="Post_InvalidPropertyValueReturnsBadRequest" storage="d:\users\steve knipmeyer\documents\github\modelrelief\modelrelief.test\bin\debug\netcoreapp2.0\modelrelief.test.dll" id="5f37e96b-37ad-405c-9d8a-8dedc2816ab5"><Execution id="827c7cfc-4724-4aad-ae53-3ba58f48f6d2" /><TestMethod codeBase="D:\Users\Steve Knipmeyer\Documents\GitHub\ModelRelief\ModelRelief.test\bin\Debug\netcoreapp2.0\ModelRelief.Test.dll" adapterTypeName="executor://xunit/VsTestRunner2/netcoreapp" className="ModelRelief.Test.Integration.Projects.ProjectsBaseIntegrationTests" name="Post_InvalidPropertyValueReturnsBadRequest" /></UnitTest><UnitTest name="Patch_InvalidPropertyNameReturnsBadRequest" storage="d:\users\steve knipmeyer\documents\github\modelrelief\modelrelief.test\bin\debug\netcoreapp2.0\modelrelief.test.dll" id="e8c85d5e-4075-4dae-9dc6-3eb9e887fb08"><Execution id="dd5adc8f-6959-419a-94dd-1869f69aba40" /><TestMethod codeBase="D:\Users\Steve Knipmeyer\Documents\GitHub\ModelRelief\ModelRelief.test\bin\Debug\netcoreapp2.0\ModelRelief.Test.dll" adapterTypeName="executor://xunit/VsTestRunner2/netcoreapp" className="ModelRelief.Test.Integration.DepthBuffers.DepthBuffersBaseIntegrationTests" name="Patch_InvalidPropertyNameReturnsBadRequest" /></UnitTest><UnitTest name="Patch_MultipleInvalidReferencePropertiesReturnsMultipleValidationErrorsAndBadRequest" storage="d:\users\steve knipmeyer\documents\github\modelrelief\modelrelief.test\bin\debug\netcoreapp2.0\modelrelief.test.dll" id="6e0d5dfa-5658-4d68-8dcb-274d95df56a6"><Execution id="82ff303f-f5f9-45c7-9751-1788ba9d4fd0" /><TestMethod codeBase="D:\Users\Steve Knipmeyer\Documents\GitHub\ModelRelief\ModelRelief.test\bin\Debug\netcoreapp2.0\ModelRelief.Test.dll" adapterTypeName="executor://xunit/VsTestRunner2/netcoreapp" className="ModelRelief.Test.Integration.DepthBuffers.DepthBuffersBaseIntegrationTests" name="Patch_MultipleInvalidReferencePropertiesReturnsMultipleValidationErrorsAndBadRequest" /></UnitTest><UnitTest name="Patch_ValidReferencePropertyUpdatesModel" storage="d:\users\steve knipmeyer\documents\github\modelrelief\modelrelief.test\bin\debug\netcoreapp2.0\modelrelief.test.dll" id="2b6fdb7d-3f8e-4880-91e4-7532054279a0"><Execution id="5ca8965a-0881-4ecb-94b8-0043f57b3e38" /><TestMethod codeBase="D:\Users\Steve Knipmeyer\Documents\GitHub\ModelRelief\ModelRelief.test\bin\Debug\netcoreapp2.0\ModelRelief.Test.dll" adapterTypeName="executor://xunit/VsTestRunner2/netcoreapp" className="ModelRelief.Test.Integration.Meshes.MeshesBaseIntegrationTests" name="Patch_ValidReferencePropertyUpdatesModel" /></UnitTest><UnitTest name="Patch_InvalidReferencePropertyReturnsBadRequest" storage="d:\users\steve knipmeyer\documents\github\modelrelief\modelrelief.test\bin\debug\netcoreapp2.0\modelrelief.test.dll" id="3bf81edb-1a69-461b-98f7-11abd668ee4d"><Execution id="fa2b2304-e29e-41c5-a86c-ea9085483b9c" /><TestMethod codeBase="D:\Users\Steve Knipmeyer\Documents\GitHub\ModelRelief\ModelRelief.test\bin\Debug\netcoreapp2.0\ModelRelief.Test.dll" adapterTypeName="executor://xunit/VsTestRunner2/netcoreapp" className="ModelRelief.Test.Integration.MeshTransforms.MeshTransformsBaseIntegrationTests" name="Patch_InvalidReferencePropertyReturnsBadRequest" /></UnitTest><UnitTest name="FileRequest_DepthBufferIsInvalidatedAfterCameraDependencyPropertyChange" storage="d:\users\steve knipmeyer\documents\github\modelrelief\modelrelief.test\bin\debug\netcoreapp2.0\modelrelief.test.dll" id="73954e7a-3f1e-433e-8058-7a3790575327"><Execution id="07cdfdd8-83b5-43f8-998a-72fc8dc464ec" /><TestMethod codeBase="D:\Users\Steve Knipmeyer\Documents\GitHub\ModelRelief\ModelRelief.test\bin\Debug\netcoreapp2.0\ModelRelief.Test.dll" adapterTypeName="executor://xunit/VsTestRunner2/netcoreapp" className="ModelRelief.Test.Integration.DepthBuffers.DepthBuffersFileIntegrationTests" name="FileRequest_DepthBufferIsInvalidatedAfterCameraDependencyPropertyChange" /></UnitTest><UnitTest name="Put_InvalidReferencePropertyReturndBadRequest" storage="d:\users\steve knipmeyer\documents\github\modelrelief\modelrelief.test\bin\debug\netcoreapp2.0\modelrelief.test.dll" id="2e80e908-a101-4999-9b0d-6ac5dc856fb8"><Execution id="eccf3b99-06b4-4715-b1a1-47689f70a26d" /><TestMethod codeBase="D:\Users\Steve Knipmeyer\Documents\GitHub\ModelRelief\ModelRelief.test\bin\Debug\netcoreapp2.0\ModelRelief.Test.dll" adapterTypeName="executor://xunit/VsTestRunner2/netcoreapp" className="ModelRelief.Test.Integration.Cameras.CamerasBaseIntegrationTests" name="Put_InvalidReferencePropertyReturndBadRequest" /></UnitTest><UnitTest name="LucyModel3dHasTwoDependents" storage="d:\users\steve knipmeyer\documents\github\modelrelief\modelrelief.test\bin\debug\netcoreapp2.0\modelrelief.test.dll" id="1f587cd7-2bfd-4ff2-8391-5f5887996a61"><Execution id="b62dfb8e-cd51-461a-9182-a6e969953258" /><TestMethod codeBase="D:\Users\Steve Knipmeyer\Documents\GitHub\ModelRelief\ModelRelief.test\bin\Debug\netcoreapp2.0\ModelRelief.Test.dll" adapterTypeName="executor://xunit/VsTestRunner2/netcoreapp" className="ModelRelief.Test.Unit.DependencyManager.DependencyManagerTests" name="LucyModel3dHasTwoDependents" /></UnitTest><UnitTest name="Put_CanUpdateModel" storage="d:\users\steve knipmeyer\documents\github\modelrelief\modelrelief.test\bin\debug\netcoreapp2.0\modelrelief.test.dll" id="70261773-0573-4854-beb6-ef3938f52482"><Execution id="533a9557-987a-48d7-90ca-baf1d3d49b40" /><TestMethod codeBase="D:\Users\Steve Knipmeyer\Documents\GitHub\ModelRelief\ModelRelief.test\bin\Debug\netcoreapp2.0\ModelRelief.Test.dll" adapterTypeName="executor://xunit/VsTestRunner2/netcoreapp" className="ModelRelief.Test.Integration.Models.ModelsBaseIntegrationTests" name="Put_CanUpdateModel" /></UnitTest><UnitTest name="Patch_MultipleInvalidReferencePropertiesReturnsMultipleValidationErrorsAndBadRequest" storage="d:\users\steve knipmeyer\documents\github\modelrelief\modelrelief.test\bin\debug\netcoreapp2.0\modelrelief.test.dll" id="f06cfc00-ac18-4fce-b651-54597fa02410"><Execution id="cc510fe3-2105-4d11-9cfb-bf8fe9b900bf" /><TestMethod codeBase="D:\Users\Steve Knipmeyer\Documents\GitHub\ModelRelief\ModelRelief.test\bin\Debug\netcoreapp2.0\ModelRelief.Test.dll" adapterTypeName="executor://xunit/VsTestRunner2/netcoreapp" className="ModelRelief.Test.Integration.MeshTransforms.MeshTransformsBaseIntegrationTests" name="Patch_MultipleInvalidReferencePropertiesReturnsMultipleValidationErrorsAndBadRequest" /></UnitTest><UnitTest name="Patch_InvalidIdPropertyReturnsNotFound" storage="d:\users\steve knipmeyer\documents\github\modelrelief\modelrelief.test\bin\debug\netcoreapp2.0\modelrelief.test.dll" id="1838d5ce-4ab9-4528-8258-33e6074eefd6"><Execution id="9fd7a687-762d-40d0-9969-e9ed87ce72d1" /><TestMethod codeBase="D:\Users\Steve Knipmeyer\Documents\GitHub\ModelRelief\ModelRelief.test\bin\Debug\netcoreapp2.0\ModelRelief.Test.dll" adapterTypeName="executor://xunit/VsTestRunner2/netcoreapp" className="ModelRelief.Test.Integration.Meshes.MeshesBaseIntegrationTests" name="Patch_InvalidIdPropertyReturnsNotFound" /></UnitTest><UnitTest name="Patch_InvalidReferencePropertyReturnsBadRequest" storage="d:\users\steve knipmeyer\documents\github\modelrelief\modelrelief.test\bin\debug\netcoreapp2.0\modelrelief.test.dll" id="7d7c0e84-7345-4dd2-b530-374a010c43d3"><Execution id="9429a890-501f-4b1e-94d5-ee8c1195719f" /><TestMethod codeBase="D:\Users\Steve Knipmeyer\Documents\GitHub\ModelRelief\ModelRelief.test\bin\Debug\netcoreapp2.0\ModelRelief.Test.dll" adapterTypeName="executor://xunit/VsTestRunner2/netcoreapp" className="ModelRelief.Test.Integration.Meshes.MeshesBaseIntegrationTests" name="Patch_InvalidReferencePropertyReturnsBadRequest" /></UnitTest><UnitTest name="Put_InvalidIdReturnsNotFound" storage="d:\users\steve knipmeyer\documents\github\modelrelief\modelrelief.test\bin\debug\netcoreapp2.0\modelrelief.test.dll" id="70e09837-7419-4033-9a46-14798572dda5"><Execution id="cd46a340-955b-43eb-8b3d-6d4247e923da" /><TestMethod codeBase="D:\Users\Steve Knipmeyer\Documents\GitHub\ModelRelief\ModelRelief.test\bin\Debug\netcoreapp2.0\ModelRelief.Test.dll" adapterTypeName="executor://xunit/VsTestRunner2/netcoreapp" className="ModelRelief.Test.Integration.Projects.ProjectsBaseIntegrationTests" name="Put_InvalidIdReturnsNotFound" /></UnitTest><UnitTest name="Delete_TargetModelIsDeleted" storage="d:\users\steve knipmeyer\documents\github\modelrelief\modelrelief.test\bin\debug\netcoreapp2.0\modelrelief.test.dll" id="15624b4b-e65a-4482-bd74-5926189b8236"><Execution id="07ae7b00-f3c4-48bc-8453-6b42595442e4" /><TestMethod codeBase="D:\Users\Steve Knipmeyer\Documents\GitHub\ModelRelief\ModelRelief.test\bin\Debug\netcoreapp2.0\ModelRelief.Test.dll" adapterTypeName="executor://xunit/VsTestRunner2/netcoreapp" className="ModelRelief.Test.Integration.MeshTransforms.MeshTransformsBaseIntegrationTests" name="Delete_TargetModelIsDeleted" /></UnitTest><UnitTest name="Post_InvalidPropertyValueReturnsBadRequest" storage="d:\users\steve knipmeyer\documents\github\modelrelief\modelrelief.test\bin\debug\netcoreapp2.0\modelrelief.test.dll" id="fcc515a8-1e2a-4bf4-b7ad-fc6aef87ab0c"><Execution id="f3b3e00b-a6c1-4ce8-a50b-10744701bced" /><TestMethod codeBase="D:\Users\Steve Knipmeyer\Documents\GitHub\ModelRelief\ModelRelief.test\bin\Debug\netcoreapp2.0\ModelRelief.Test.dll" adapterTypeName="executor://xunit/VsTestRunner2/netcoreapp" className="ModelRelief.Test.Integration.MeshTransforms.MeshTransformsBaseIntegrationTests" name="Post_InvalidPropertyValueReturnsBadRequest" /></UnitTest><UnitTest name="Put_CanUpdateModel" storage="d:\users\steve knipmeyer\documents\github\modelrelief\modelrelief.test\bin\debug\netcoreapp2.0\modelrelief.test.dll" id="a815ae32-cb7d-4982-be50-5acc02641717"><Execution id="b889d769-9cec-4c2d-87e1-2f787e5dd6eb" /><TestMethod codeBase="D:\Users\Steve Knipmeyer\Documents\GitHub\ModelRelief\ModelRelief.test\bin\Debug\netcoreapp2.0\ModelRelief.Test.dll" adapterTypeName="executor://xunit/VsTestRunner2/netcoreapp" className="ModelRelief.Test.Integration.DepthBuffers.DepthBuffersBaseIntegrationTests" name="Put_CanUpdateModel" /></UnitTest><UnitTest name="Post_InvalidReferencePropertyReturnsBadRequest" storage="d:\users\steve knipmeyer\documents\github\modelrelief\modelrelief.test\bin\debug\netcoreapp2.0\modelrelief.test.dll" id="50f38bd1-1755-4ca1-a649-cf6fa1db09d2"><Execution id="6f461f8d-f267-4946-bc14-247f5ae932e3" /><TestMethod codeBase="D:\Users\Steve Knipmeyer\Documents\GitHub\ModelRelief\ModelRelief.test\bin\Debug\netcoreapp2.0\ModelRelief.Test.dll" adapterTypeName="executor://xunit/VsTestRunner2/netcoreapp" className="ModelRelief.Test.Integration.DepthBuffers.DepthBuffersBaseIntegrationTests" name="Post_InvalidReferencePropertyReturnsBadRequest" /></UnitTest><UnitTest name="Patch_InvalidPropertyNameReturnsBadRequest" storage="d:\users\steve knipmeyer\documents\github\modelrelief\modelrelief.test\bin\debug\netcoreapp2.0\modelrelief.test.dll" id="f697c68b-2d0f-4bc0-a9fc-1e1ba38d7f40"><Execution id="660a1b2b-1e24-4b97-a78b-d8164124375b" /><TestMethod codeBase="D:\Users\Steve Knipmeyer\Documents\GitHub\ModelRelief\ModelRelief.test\bin\Debug\netcoreapp2.0\ModelRelief.Test.dll" adapterTypeName="executor://xunit/VsTestRunner2/netcoreapp" className="ModelRelief.Test.Integration.Cameras.CamerasBaseIntegrationTests" name="Patch_InvalidPropertyNameReturnsBadRequest" /></UnitTest><UnitTest name="Put_InvalidReferencePropertyReturndBadRequest" storage="d:\users\steve knipmeyer\documents\github\modelrelief\modelrelief.test\bin\debug\netcoreapp2.0\modelrelief.test.dll" id="52759795-f9a7-4c56-bbfe-3300c1aefab7"><Execution id="d41bba34-608f-45d3-b18b-cf893be3dd1e" /><TestMethod codeBase="D:\Users\Steve Knipmeyer\Documents\GitHub\ModelRelief\ModelRelief.test\bin\Debug\netcoreapp2.0\ModelRelief.Test.dll" adapterTypeName="executor://xunit/VsTestRunner2/netcoreapp" className="ModelRelief.Test.Integration.MeshTransforms.MeshTransformsBaseIntegrationTests" name="Put_InvalidReferencePropertyReturndBadRequest" /></UnitTest><UnitTest name="PostFile_FileTimeStampIsUpdatedAfterFileIsPosted" storage="d:\users\steve knipmeyer\documents\github\modelrelief\modelrelief.test\bin\debug\netcoreapp2.0\modelrelief.test.dll" id="e0314660-6b4c-46fe-aaf0-e3c450e569a6"><Execution id="2d882685-ba43-44b8-99b8-a663f8830494" /><TestMethod codeBase="D:\Users\Steve Knipmeyer\Documents\GitHub\ModelRelief\ModelRelief.test\bin\Debug\netcoreapp2.0\ModelRelief.Test.dll" adapterTypeName="executor://xunit/VsTestRunner2/netcoreapp" className="ModelRelief.Test.Integration.DepthBuffers.DepthBuffersFileIntegrationTests" name="PostFile_FileTimeStampIsUpdatedAfterFileIsPosted" /></UnitTest><UnitTest name="Put_ValidReferencePropertyUpdatesModel" storage="d:\users\steve knipmeyer\documents\github\modelrelief\modelrelief.test\bin\debug\netcoreapp2.0\modelrelief.test.dll" id="4815fe10-a036-47c7-9506-41943169d3f6"><Execution id="e4207c5c-0941-45ba-80d3-b7008c28d3b7" /><TestMethod codeBase="D:\Users\Steve Knipmeyer\Documents\GitHub\ModelRelief\ModelRelief.test\bin\Debug\netcoreapp2.0\ModelRelief.Test.dll" adapterTypeName="executor://xunit/VsTestRunner2/netcoreapp" className="ModelRelief.Test.Integration.DepthBuffers.DepthBuffersBaseIntegrationTests" name="Put_ValidReferencePropertyUpdatesModel" /></UnitTest><UnitTest name="DepthBufferHasExpectedDependentFiles" storage="d:\users\steve knipmeyer\documents\github\modelrelief\modelrelief.test\bin\debug\netcoreapp2.0\modelrelief.test.dll" id="f03ed43e-6829-47cc-9138-d786418a90ef"><Execution id="f2c7c643-4c49-4c28-a12f-f920fb65c95d" /><TestMethod codeBase="D:\Users\Steve Knipmeyer\Documents\GitHub\ModelRelief\ModelRelief.test\bin\Debug\netcoreapp2.0\ModelRelief.Test.dll" adapterTypeName="executor://xunit/VsTestRunner2/netcoreapp" className="ModelRelief.Test.Unit.DependencyManager.DependencyManagerTests" name="DepthBufferHasExpectedDependentFiles" /></UnitTest><UnitTest name="GetSingle_ValidIdPropertyValueReturnsCorrectModel" storage="d:\users\steve knipmeyer\documents\github\modelrelief\modelrelief.test\bin\debug\netcoreapp2.0\modelrelief.test.dll" id="17ab392e-46c6-4d0c-bc2e-efbfa3aa1b36"><Execution id="a54becbd-8ef3-4cfc-893c-a11a153f3576" /><TestMethod codeBase="D:\Users\Steve Knipmeyer\Documents\GitHub\ModelRelief\ModelRelief.test\bin\Debug\netcoreapp2.0\ModelRelief.Test.dll" adapterTypeName="executor://xunit/VsTestRunner2/netcoreapp" className="ModelRelief.Test.Integration.Cameras.CamerasBaseIntegrationTests" name="GetSingle_ValidIdPropertyValueReturnsCorrectModel" /></UnitTest><UnitTest name="Patch_InvalidEnumPropertyValueReturnsBadRequest" storage="d:\users\steve knipmeyer\documents\github\modelrelief\modelrelief.test\bin\debug\netcoreapp2.0\modelrelief.test.dll" id="cd9b04f3-c919-47bb-90cc-6c1f62f4c889"><Execution id="637713c5-efcf-4e30-8b5d-00094f2346db" /><TestMethod codeBase="D:\Users\Steve Knipmeyer\Documents\GitHub\ModelRelief\ModelRelief.test\bin\Debug\netcoreapp2.0\ModelRelief.Test.dll" adapterTypeName="executor://xunit/VsTestRunner2/netcoreapp" className="ModelRelief.Test.Integration.Projects.ProjectsBaseIntegrationTests" name="Patch_InvalidEnumPropertyValueReturnsBadRequest" /></UnitTest><UnitTest name="Put_ValidReferencePropertyUpdatesModel" storage="d:\users\steve knipmeyer\documents\github\modelrelief\modelrelief.test\bin\debug\netcoreapp2.0\modelrelief.test.dll" id="66498122-ca91-4bf0-9c6e-e630ac6188b0"><Execution id="96c78c8f-28cd-4743-b412-7eca6ffc13d3" /><TestMethod codeBase="D:\Users\Steve Knipmeyer\Documents\GitHub\ModelRelief\ModelRelief.test\bin\Debug\netcoreapp2.0\ModelRelief.Test.dll" adapterTypeName="executor://xunit/VsTestRunner2/netcoreapp" className="ModelRelief.Test.Integration.MeshTransforms.MeshTransformsBaseIntegrationTests" name="Put_ValidReferencePropertyUpdatesModel" /></UnitTest><UnitTest name="Post_CanCreateNewModel" storage="d:\users\steve knipmeyer\documents\github\modelrelief\modelrelief.test\bin\debug\netcoreapp2.0\modelrelief.test.dll" id="35104eee-0452-4f8c-8007-30999253467d"><Execution id="d12bb62c-a512-429b-a542-e6c26c491e6b" /><TestMethod codeBase="D:\Users\Steve Knipmeyer\Documents\GitHub\ModelRelief\ModelRelief.test\bin\Debug\netcoreapp2.0\ModelRelief.Test.dll" adapterTypeName="executor://xunit/VsTestRunner2/netcoreapp" className="ModelRelief.Test.Integration.Cameras.CamerasBaseIntegrationTests" name="Post_CanCreateNewModel" /></UnitTest><UnitTest name="Delete_TargetModelIsDeleted" storage="d:\users\steve knipmeyer\documents\github\modelrelief\modelrelief.test\bin\debug\netcoreapp2.0\modelrelief.test.dll" id="f286b33d-8e55-4a97-beec-60811a151750"><Execution id="cddc44bb-97f5-4274-bb06-cc6774363f2f" /><TestMethod codeBase="D:\Users\Steve Knipmeyer\Documents\GitHub\ModelRelief\ModelRelief.test\bin\Debug\netcoreapp2.0\ModelRelief.Test.dll" adapterTypeName="executor://xunit/VsTestRunner2/netcoreapp" className="ModelRelief.Test.Integration.Projects.ProjectsBaseIntegrationTests" name="Delete_TargetModelIsDeleted" /></UnitTest><UnitTest name="Delete_TargetModelIsDeleted" storage="d:\users\steve knipmeyer\documents\github\modelrelief\modelrelief.test\bin\debug\netcoreapp2.0\modelrelief.test.dll" id="d8cda852-d2f4-4ef9-b943-46b3b088cd8e"><Execution id="b5a682f4-691c-427a-ac36-0ec2ef1ea575" /><TestMethod codeBase="D:\Users\Steve Knipmeyer\Documents\GitHub\ModelRelief\ModelRelief.test\bin\Debug\netcoreapp2.0\ModelRelief.Test.dll" adapterTypeName="executor://xunit/VsTestRunner2/netcoreapp" className="ModelRelief.Test.Integration.Cameras.CamerasBaseIntegrationTests" name="Delete_TargetModelIsDeleted" /></UnitTest><UnitTest name="Put_CanUpdateModel" storage="d:\users\steve knipmeyer\documents\github\modelrelief\modelrelief.test\bin\debug\netcoreapp2.0\modelrelief.test.dll" id="c63d5bbe-6dde-4a18-9009-6c92c9bc8bc6"><Execution id="43f2e87b-c50a-4df0-84c3-11ed0c7cce28" /><TestMethod codeBase="D:\Users\Steve Knipmeyer\Documents\GitHub\ModelRelief\ModelRelief.test\bin\Debug\netcoreapp2.0\ModelRelief.Test.dll" adapterTypeName="executor://xunit/VsTestRunner2/netcoreapp" className="ModelRelief.Test.Integration.Meshes.MeshesBaseIntegrationTests" name="Put_CanUpdateModel" /></UnitTest><UnitTest name="PostFile_FileTimeStampIsUpdatedAfterFileIsPosted" storage="d:\users\steve knipmeyer\documents\github\modelrelief\modelrelief.test\bin\debug\netcoreapp2.0\modelrelief.test.dll" id="c2464571-8ac2-4592-9777-b30f01dd0fef"><Execution id="58f095e3-c1bd-4732-a2f9-51dbaec234f7" /><TestMethod codeBase="D:\Users\Steve Knipmeyer\Documents\GitHub\ModelRelief\ModelRelief.test\bin\Debug\netcoreapp2.0\ModelRelief.Test.dll" adapterTypeName="executor://xunit/VsTestRunner2/netcoreapp" className="ModelRelief.Test.Integration.Models.ModelsFileIntegrationTests" name="PostFile_FileTimeStampIsUpdatedAfterFileIsPosted" /></UnitTest><UnitTest name="GetSingle_InvalidIdPropertyValueReturnsNotFound" storage="d:\users\steve knipmeyer\documents\github\modelrelief\modelrelief.test\bin\debug\netcoreapp2.0\modelrelief.test.dll" id="bfce8b9b-178f-40ac-bfe2-be92cf490dc0"><Execution id="caa601fb-6bc1-4cee-bdfb-9ea4cc8b70fe" /><TestMethod codeBase="D:\Users\Steve Knipmeyer\Documents\GitHub\ModelRelief\ModelRelief.test\bin\Debug\netcoreapp2.0\ModelRelief.Test.dll" adapterTypeName="executor://xunit/VsTestRunner2/netcoreapp" className="ModelRelief.Test.Integration.Models.ModelsBaseIntegrationTests" name="GetSingle_InvalidIdPropertyValueReturnsNotFound" /></UnitTest><UnitTest name="Post_ValidReferencePropertyCreatesModel" storage="d:\users\steve knipmeyer\documents\github\modelrelief\modelrelief.test\bin\debug\netcoreapp2.0\modelrelief.test.dll" id="1120c0af-877b-4ed8-87df-42d36beb0171"><Execution id="740e514a-8e52-421c-b03f-57d61d085034" /><TestMethod codeBase="D:\Users\Steve Knipmeyer\Documents\GitHub\ModelRelief\ModelRelief.test\bin\Debug\netcoreapp2.0\ModelRelief.Test.dll" adapterTypeName="executor://xunit/VsTestRunner2/netcoreapp" className="ModelRelief.Test.Integration.Projects.ProjectsBaseIntegrationTests" name="Post_ValidReferencePropertyCreatesModel" /></UnitTest><UnitTest name="LucyDepthBufferFindsOneDependent" storage="d:\users\steve knipmeyer\documents\github\modelrelief\modelrelief.test\bin\debug\netcoreapp2.0\modelrelief.test.dll" id="e95cd434-c7ce-4999-94d1-87b7b9519d3e"><Execution id="34f0f244-d509-4ed4-941b-68e6f38a7246" /><TestMethod codeBase="D:\Users\Steve Knipmeyer\Documents\GitHub\ModelRelief\ModelRelief.test\bin\Debug\netcoreapp2.0\ModelRelief.Test.dll" adapterTypeName="executor://xunit/VsTestRunner2/netcoreapp" className="ModelRelief.Test.Unit.DependencyManager.DependencyManagerTests" name="LucyDepthBufferFindsOneDependent" /></UnitTest><UnitTest name="MeshTransformHasExpectedDependentFiles" storage="d:\users\steve knipmeyer\documents\github\modelrelief\modelrelief.test\bin\debug\netcoreapp2.0\modelrelief.test.dll" id="56fcccec-7fa6-40bd-9fb4-e8c4b0a6ecbd"><Execution id="2aefeecf-8078-4d98-a5d5-eca545a59fb4" /><TestMethod codeBase="D:\Users\Steve Knipmeyer\Documents\GitHub\ModelRelief\ModelRelief.test\bin\Debug\netcoreapp2.0\ModelRelief.Test.dll" adapterTypeName="executor://xunit/VsTestRunner2/netcoreapp" className="ModelRelief.Test.Unit.DependencyManager.DependencyManagerTests" name="MeshTransformHasExpectedDependentFiles" /></UnitTest><UnitTest name="Patch_MultipleInvalidReferencePropertiesReturnsMultipleValidationErrorsAndBadRequest" storage="d:\users\steve knipmeyer\documents\github\modelrelief\modelrelief.test\bin\debug\netcoreapp2.0\modelrelief.test.dll" id="27306ef8-b2c2-402b-9877-1a0ce472ec01"><Execution id="473a6bb2-e458-429d-beaa-05915eb52594" /><TestMethod codeBase="D:\Users\Steve Knipmeyer\Documents\GitHub\ModelRelief\ModelRelief.test\bin\Debug\netcoreapp2.0\ModelRelief.Test.dll" adapterTypeName="executor://xunit/VsTestRunner2/netcoreapp" className="ModelRelief.Test.Integration.Meshes.MeshesBaseIntegrationTests" name="Patch_MultipleInvalidReferencePropertiesReturnsMultipleValidationErrorsAndBadRequest" /></UnitTest><UnitTest name="Delete_TargetModelIsDeleted" storage="d:\users\steve knipmeyer\documents\github\modelrelief\modelrelief.test\bin\debug\netcoreapp2.0\modelrelief.test.dll" id="522fad9a-2602-4009-a39e-3100698c525c"><Execution id="43490150-9f8b-47fd-8f06-2b91fca7ef00" /><TestMethod codeBase="D:\Users\Steve Knipmeyer\Documents\GitHub\ModelRelief\ModelRelief.test\bin\Debug\netcoreapp2.0\ModelRelief.Test.dll" adapterTypeName="executor://xunit/VsTestRunner2/netcoreapp" className="ModelRelief.Test.Integration.DepthBuffers.DepthBuffersBaseIntegrationTests" name="Delete_TargetModelIsDeleted" /></UnitTest><UnitTest name="Patch_InvalidEnumPropertyValueReturnsBadRequest" storage="d:\users\steve knipmeyer\documents\github\modelrelief\modelrelief.test\bin\debug\netcoreapp2.0\modelrelief.test.dll" id="e37d06e9-f333-4b1f-8c7a-5fa70e4b2d37"><Execution id="c5931005-7de5-494c-baae-51cd64b685cf" /><TestMethod codeBase="D:\Users\Steve Knipmeyer\Documents\GitHub\ModelRelief\ModelRelief.test\bin\Debug\netcoreapp2.0\ModelRelief.Test.dll" adapterTypeName="executor://xunit/VsTestRunner2/netcoreapp" className="ModelRelief.Test.Integration.DepthBuffers.DepthBuffersBaseIntegrationTests" name="Patch_InvalidEnumPropertyValueReturnsBadRequest" /></UnitTest><UnitTest name="Patch_TargetPropertyIsUpdated" storage="d:\users\steve knipmeyer\documents\github\modelrelief\modelrelief.test\bin\debug\netcoreapp2.0\modelrelief.test.dll" id="4f43cfd8-86af-452e-a7ab-6fe88632fc73"><Execution id="6b15a3ca-f3e1-4baa-b7e8-3a52761cf522" /><TestMethod codeBase="D:\Users\Steve Knipmeyer\Documents\GitHub\ModelRelief\ModelRelief.test\bin\Debug\netcoreapp2.0\ModelRelief.Test.dll" adapterTypeName="executor://xunit/VsTestRunner2/netcoreapp" className="ModelRelief.Test.Integration.Projects.ProjectsBaseIntegrationTests" name="Patch_TargetPropertyIsUpdated" /></UnitTest><UnitTest name="Post_InvalidPropertyValueReturnsBadRequest" storage="d:\users\steve knipmeyer\documents\github\modelrelief\modelrelief.test\bin\debug\netcoreapp2.0\modelrelief.test.dll" id="7f6ee6fc-ee55-4491-a888-bc3c77ec501c"><Execution id="cf0a9f65-ccc7-4634-a80c-81fc84bfad5b" /><TestMethod codeBase="D:\Users\Steve Knipmeyer\Documents\GitHub\ModelRelief\ModelRelief.test\bin\Debug\netcoreapp2.0\ModelRelief.Test.dll" adapterTypeName="executor://xunit/VsTestRunner2/netcoreapp" className="ModelRelief.Test.Integration.DepthBuffers.DepthBuffersBaseIntegrationTests" name="Post_InvalidPropertyValueReturnsBadRequest" /></UnitTest><UnitTest name="Patch_TargetPropertyIsUpdated" storage="d:\users\steve knipmeyer\documents\github\modelrelief\modelrelief.test\bin\debug\netcoreapp2.0\modelrelief.test.dll" id="4b3e1193-79f2-4ff0-85d7-3b5a48ef8e67"><Execution id="5b9be0f0-c444-4df5-a3ca-37244f07b333" /><TestMethod codeBase="D:\Users\Steve Knipmeyer\Documents\GitHub\ModelRelief\ModelRelief.test\bin\Debug\netcoreapp2.0\ModelRelief.Test.dll" adapterTypeName="executor://xunit/VsTestRunner2/netcoreapp" className="ModelRelief.Test.Integration.DepthBuffers.DepthBuffersBaseIntegrationTests" name="Patch_TargetPropertyIsUpdated" /></UnitTest><UnitTest name="Patch_ValidReferencePropertyUpdatesModel" storage="d:\users\steve knipmeyer\documents\github\modelrelief\modelrelief.test\bin\debug\netcoreapp2.0\modelrelief.test.dll" id="36b7accc-4dbe-439a-82ce-a390f23efce4"><Execution id="5a931136-19f4-475f-a150-2ebf5b8c922c" /><TestMethod codeBase="D:\Users\Steve Knipmeyer\Documents\GitHub\ModelRelief\ModelRelief.test\bin\Debug\netcoreapp2.0\ModelRelief.Test.dll" adapterTypeName="executor://xunit/VsTestRunner2/netcoreapp" className="ModelRelief.Test.Integration.Cameras.CamerasBaseIntegrationTests" name="Patch_ValidReferencePropertyUpdatesModel" /></UnitTest><UnitTest name="GetSingle_InvalidIdPropertyValueReturnsNotFound" storage="d:\users\steve knipmeyer\documents\github\modelrelief\modelrelief.test\bin\debug\netcoreapp2.0\modelrelief.test.dll" id="c77b2bee-67ce-41a6-9d3e-8eeb3cce044b"><Execution id="f1f410a9-6bfe-4b3c-b5bc-89d63d87ef51" /><TestMethod codeBase="D:\Users\Steve Knipmeyer\Documents\GitHub\ModelRelief\ModelRelief.test\bin\Debug\netcoreapp2.0\ModelRelief.Test.dll" adapterTypeName="executor://xunit/VsTestRunner2/netcoreapp" className="ModelRelief.Test.Integration.Meshes.MeshesBaseIntegrationTests" name="GetSingle_InvalidIdPropertyValueReturnsNotFound" /></UnitTest><UnitTest name="GetSingle_InvalidIdPropertyValueReturnsNotFound" storage="d:\users\steve knipmeyer\documents\github\modelrelief\modelrelief.test\bin\debug\netcoreapp2.0\modelrelief.test.dll" id="bc9aec66-64dd-4234-a399-1d92b043abd7"><Execution id="5f339ffe-8710-47ff-91f2-747ed430286a" /><TestMethod codeBase="D:\Users\Steve Knipmeyer\Documents\GitHub\ModelRelief\ModelRelief.test\bin\Debug\netcoreapp2.0\ModelRelief.Test.dll" adapterTypeName="executor://xunit/VsTestRunner2/netcoreapp" className="ModelRelief.Test.Integration.DepthBuffers.DepthBuffersBaseIntegrationTests" name="GetSingle_InvalidIdPropertyValueReturnsNotFound" /></UnitTest><UnitTest name="GetSingle_ValidIdPropertyValueReturnsCorrectModel" storage="d:\users\steve knipmeyer\documents\github\modelrelief\modelrelief.test\bin\debug\netcoreapp2.0\modelrelief.test.dll" id="f56d7a15-071a-47a0-be8c-eb956bb1c1d4"><Execution id="d2aeb80d-5f8a-444d-93c7-f0ea8e5484ff" /><TestMethod codeBase="D:\Users\Steve Knipmeyer\Documents\GitHub\ModelRelief\ModelRelief.test\bin\Debug\netcoreapp2.0\ModelRelief.Test.dll" adapterTypeName="executor://xunit/VsTestRunner2/netcoreapp" className="ModelRelief.Test.Integration.MeshTransforms.MeshTransformsBaseIntegrationTests" name="GetSingle_ValidIdPropertyValueReturnsCorrectModel" /></UnitTest><UnitTest name="Post_CanCreateNewModel" storage="d:\users\steve knipmeyer\documents\github\modelrelief\modelrelief.test\bin\debug\netcoreapp2.0\modelrelief.test.dll" id="84afc502-4459-48c7-94ae-5f4065f46f70"><Execution id="2fb0659c-4f5d-42a1-bf27-9f5f103f5c66" /><TestMethod codeBase="D:\Users\Steve Knipmeyer\Documents\GitHub\ModelRelief\ModelRelief.test\bin\Debug\netcoreapp2.0\ModelRelief.Test.dll" adapterTypeName="executor://xunit/VsTestRunner2/netcoreapp" className="ModelRelief.Test.Integration.Meshes.MeshesBaseIntegrationTests" name="Post_CanCreateNewModel" /></UnitTest><UnitTest name="Patch_MultipleInvalidReferencePropertiesReturnsMultipleValidationErrorsAndBadRequest" storage="d:\users\steve knipmeyer\documents\github\modelrelief\modelrelief.test\bin\debug\netcoreapp2.0\modelrelief.test.dll" id="10cc7ccb-7cbc-4a3d-843f-d3542c9942a2"><Execution id="69dac96e-c150-4b22-b5a2-d1fefffa649b" /><TestMethod codeBase="D:\Users\Steve Knipmeyer\Documents\GitHub\ModelRelief\ModelRelief.test\bin\Debug\netcoreapp2.0\ModelRelief.Test.dll" adapterTypeName="executor://xunit/VsTestRunner2/netcoreapp" className="ModelRelief.Test.Integration.Cameras.CamerasBaseIntegrationTests" name="Patch_MultipleInvalidReferencePropertiesReturnsMultipleValidationErrorsAndBadRequest" /></UnitTest><UnitTest name="Patch_InvalidEnumPropertyValueReturnsBadRequest" storage="d:\users\steve knipmeyer\documents\github\modelrelief\modelrelief.test\bin\debug\netcoreapp2.0\modelrelief.test.dll" id="e822a39b-5bec-4b54-9339-51b8d22fcf6f"><Execution id="7c6ee3fa-c260-423a-898a-cdc552786b22" /><TestMethod codeBase="D:\Users\Steve Knipmeyer\Documents\GitHub\ModelRelief\ModelRelief.test\bin\Debug\netcoreapp2.0\ModelRelief.Test.dll" adapterTypeName="executor://xunit/VsTestRunner2/netcoreapp" className="ModelRelief.Test.Integration.Meshes.MeshesBaseIntegrationTests" name="Patch_InvalidEnumPropertyValueReturnsBadRequest" /></UnitTest><UnitTest name="FileRequest_FileCanBeReadAfterRename" storage="d:\users\steve knipmeyer\documents\github\modelrelief\modelrelief.test\bin\debug\netcoreapp2.0\modelrelief.test.dll" id="3b0dd2ad-893f-489e-a947-2076b01fe92a"><Execution id="39ab734f-73af-4aba-a0da-0a11524ebce3" /><TestMethod codeBase="D:\Users\Steve Knipmeyer\Documents\GitHub\ModelRelief\ModelRelief.test\bin\Debug\netcoreapp2.0\ModelRelief.Test.dll" adapterTypeName="executor://xunit/VsTestRunner2/netcoreapp" className="ModelRelief.Test.Integration.Models.ModelsFileIntegrationTests" name="FileRequest_FileCanBeReadAfterRename" /></UnitTest><UnitTest name="Post_CanCreateNewModel" storage="d:\users\steve knipmeyer\documents\github\modelrelief\modelrelief.test\bin\debug\netcoreapp2.0\modelrelief.test.dll" id="d316631a-e5ba-4173-b41b-07e2c74b5758"><Execution id="0cb32f5c-9acc-4745-8ac2-e6ee56b2fae7" /><TestMethod codeBase="D:\Users\Steve Knipmeyer\Documents\GitHub\ModelRelief\ModelRelief.test\bin\Debug\netcoreapp2.0\ModelRelief.Test.dll" adapterTypeName="executor://xunit/VsTestRunner2/netcoreapp" className="ModelRelief.Test.Integration.DepthBuffers.DepthBuffersBaseIntegrationTests" name="Post_CanCreateNewModel" /></UnitTest><UnitTest name="Delete_TargetModelIsDeleted" storage="d:\users\steve knipmeyer\documents\github\modelrelief\modelrelief.test\bin\debug\netcoreapp2.0\modelrelief.test.dll" id="9aefc75b-063e-4be6-bbfa-0365eee6a944"><Execution id="ebe91a0d-a10a-45e2-a1ef-7d4179e408f0" /><TestMethod codeBase="D:\Users\Steve Knipmeyer\Documents\GitHub\ModelRelief\ModelRelief.test\bin\Debug\netcoreapp2.0\ModelRelief.Test.dll" adapterTypeName="executor://xunit/VsTestRunner2/netcoreapp" className="ModelRelief.Test.Integration.Models.ModelsBaseIntegrationTests" name="Delete_TargetModelIsDeleted" /></UnitTest><UnitTest name="Put_InvalidIdReturnsNotFound" storage="d:\users\steve knipmeyer\documents\github\modelrelief\modelrelief.test\bin\debug\netcoreapp2.0\modelrelief.test.dll" id="c3af6280-da69-4926-9ae0-a6f9870fa951"><Execution id="fecd34f6-48d9-416f-81ed-8493d14fd8a4" /><TestMethod codeBase="D:\Users\Steve Knipmeyer\Documents\GitHub\ModelRelief\ModelRelief.test\bin\Debug\netcoreapp2.0\ModelRelief.Test.dll" adapterTypeName="executor://xunit/VsTestRunner2/netcoreapp" className="ModelRelief.Test.Integration.Cameras.CamerasBaseIntegrationTests" name="Put_InvalidIdReturnsNotFound" /></UnitTest><UnitTest name="PostFile_FileTimeStampIsUpdatedAfterFileIsPosted" storage="d:\users\steve knipmeyer\documents\github\modelrelief\modelrelief.test\bin\debug\netcoreapp2.0\modelrelief.test.dll" id="b97ccfc5-d9a6-4ae2-be20-021fbed08d24"><Execution id="6da6fdac-dc72-476e-9c1d-5f10972a3d7b" /><TestMethod codeBase="D:\Users\Steve Knipmeyer\Documents\GitHub\ModelRelief\ModelRelief.test\bin\Debug\netcoreapp2.0\ModelRelief.Test.dll" adapterTypeName="executor://xunit/VsTestRunner2/netcoreapp" className="ModelRelief.Test.Integration.Meshes.MeshesFileIntegrationTests" name="PostFile_FileTimeStampIsUpdatedAfterFileIsPosted" /></UnitTest><UnitTest name="GetFile_ExistingFileReturnsSuccess" storage="d:\users\steve knipmeyer\documents\github\modelrelief\modelrelief.test\bin\debug\netcoreapp2.0\modelrelief.test.dll" id="a598cf23-7201-4575-ae4d-e6ce4e840da7"><Execution id="b26ace69-da90-4a00-9ec2-1ef907153e0d" /><TestMethod codeBase="D:\Users\Steve Knipmeyer\Documents\GitHub\ModelRelief\ModelRelief.test\bin\Debug\netcoreapp2.0\ModelRelief.Test.dll" adapterTypeName="executor://xunit/VsTestRunner2/netcoreapp" className="ModelRelief.Test.Integration.Meshes.MeshesFileIntegrationTests" name="GetFile_ExistingFileReturnsSuccess" /></UnitTest><UnitTest name="Post_ValidReferencePropertyCreatesModel" storage="d:\users\steve knipmeyer\documents\github\modelrelief\modelrelief.test\bin\debug\netcoreapp2.0\modelrelief.test.dll" id="09e5a5a1-ddd4-4600-b0c3-52fdd1d798b4"><Execution id="0ef4d2ab-e2bb-465e-9f92-25a348afed9c" /><TestMethod codeBase="D:\Users\Steve Knipmeyer\Documents\GitHub\ModelRelief\ModelRelief.test\bin\Debug\netcoreapp2.0\ModelRelief.Test.dll" adapterTypeName="executor://xunit/VsTestRunner2/netcoreapp" className="ModelRelief.Test.Integration.Models.ModelsBaseIntegrationTests" name="Post_ValidReferencePropertyCreatesModel" /></UnitTest><UnitTest name="Put_InvalidReferencePropertyReturndBadRequest" storage="d:\users\steve knipmeyer\documents\github\modelrelief\modelrelief.test\bin\debug\netcoreapp2.0\modelrelief.test.dll" id="b9a8ef21-b1ab-405a-8002-3a4bde0cef8c"><Execution id="4c5da531-4f98-4986-bc57-ad5f2c9e5092" /><TestMethod codeBase="D:\Users\Steve Knipmeyer\Documents\GitHub\ModelRelief\ModelRelief.test\bin\Debug\netcoreapp2.0\ModelRelief.Test.dll" adapterTypeName="executor://xunit/VsTestRunner2/netcoreapp" className="ModelRelief.Test.Integration.Meshes.MeshesBaseIntegrationTests" name="Put_InvalidReferencePropertyReturndBadRequest" /></UnitTest><UnitTest name="Patch_TargetPropertyIsUpdated" storage="d:\users\steve knipmeyer\documents\github\modelrelief\modelrelief.test\bin\debug\netcoreapp2.0\modelrelief.test.dll" id="2ff9feb0-e033-48b0-8427-8b9142bd3cec"><Execution id="3ab86f39-04fe-4353-85cf-56e755c03d77" /><TestMethod codeBase="D:\Users\Steve Knipmeyer\Documents\GitHub\ModelRelief\ModelRelief.test\bin\Debug\netcoreapp2.0\ModelRelief.Test.dll" adapterTypeName="executor://xunit/VsTestRunner2/netcoreapp" className="ModelRelief.Test.Integration.Meshes.MeshesBaseIntegrationTests" name="Patch_TargetPropertyIsUpdated" /></UnitTest><UnitTest name="Put_InvalidReferencePropertyReturndBadRequest" storage="d:\users\steve knipmeyer\documents\github\modelrelief\modelrelief.test\bin\debug\netcoreapp2.0\modelrelief.test.dll" id="2a338fa0-8a13-44f5-97e7-97de52efd270"><Execution id="2a069219-237c-48e4-9bd7-510dcbce54b7" /><TestMethod codeBase="D:\Users\Steve Knipmeyer\Documents\GitHub\ModelRelief\ModelRelief.test\bin\Debug\netcoreapp2.0\ModelRelief.Test.dll" adapterTypeName="executor://xunit/VsTestRunner2/netcoreapp" className="ModelRelief.Test.Integration.DepthBuffers.DepthBuffersBaseIntegrationTests" name="Put_InvalidReferencePropertyReturndBadRequest" /></UnitTest><UnitTest name="Patch_ValidReferencePropertyUpdatesModel" storage="d:\users\steve knipmeyer\documents\github\modelrelief\modelrelief.test\bin\debug\netcoreapp2.0\modelrelief.test.dll" id="ec5992f7-f91f-4644-8506-6912b0b66059"><Execution id="cc63a767-9f08-4705-b756-0e58c47bf0e8" /><TestMethod codeBase="D:\Users\Steve Knipmeyer\Documents\GitHub\ModelRelief\ModelRelief.test\bin\Debug\netcoreapp2.0\ModelRelief.Test.dll" adapterTypeName="executor://xunit/VsTestRunner2/netcoreapp" className="ModelRelief.Test.Integration.MeshTransforms.MeshTransformsBaseIntegrationTests" name="Patch_ValidReferencePropertyUpdatesModel" /></UnitTest><UnitTest name="GetList_ListReturnsCorrectCount" storage="d:\users\steve knipmeyer\documents\github\modelrelief\modelrelief.test\bin\debug\netcoreapp2.0\modelrelief.test.dll" id="238a5618-7250-4754-8d97-4a73a90a5015"><Execution id="ac0fbe1d-d701-4434-ad92-8ec26ace82e5" /><TestMethod codeBase="D:\Users\Steve Knipmeyer\Documents\GitHub\ModelRelief\ModelRelief.test\bin\Debug\netcoreapp2.0\ModelRelief.Test.dll" adapterTypeName="executor://xunit/VsTestRunner2/netcoreapp" className="ModelRelief.Test.Integration.Meshes.MeshesBaseIntegrationTests" name="GetList_ListReturnsCorrectCount" /></UnitTest><UnitTest name="Put_InvalidReferencePropertyReturndBadRequest" storage="d:\users\steve knipmeyer\documents\github\modelrelief\modelrelief.test\bin\debug\netcoreapp2.0\modelrelief.test.dll" id="7ac4dceb-067a-4fd6-a4b2-127930fa177a"><Execution id="57905a5d-02f4-490a-95fe-eedc0f6af82c" /><TestMethod codeBase="D:\Users\Steve Knipmeyer\Documents\GitHub\ModelRelief\ModelRelief.test\bin\Debug\netcoreapp2.0\ModelRelief.Test.dll" adapterTypeName="executor://xunit/VsTestRunner2/netcoreapp" className="ModelRelief.Test.Integration.Models.ModelsBaseIntegrationTests" name="Put_InvalidReferencePropertyReturndBadRequest" /></UnitTest><UnitTest name="GetFile_NonExistentFileReturnsNotFound" storage="d:\users\steve knipmeyer\documents\github\modelrelief\modelrelief.test\bin\debug\netcoreapp2.0\modelrelief.test.dll" id="e2d5efbd-274e-43c1-a178-f096d342b2c7"><Execution id="69346545-7565-48b5-8d9a-ff1ac3383e91" /><TestMethod codeBase="D:\Users\Steve Knipmeyer\Documents\GitHub\ModelRelief\ModelRelief.test\bin\Debug\netcoreapp2.0\ModelRelief.Test.dll" adapterTypeName="executor://xunit/VsTestRunner2/netcoreapp" className="ModelRelief.Test.Integration.Models.ModelsFileIntegrationTests" name="GetFile_NonExistentFileReturnsNotFound" /></UnitTest><UnitTest name="GetList_ListReturnsCorrectCount" storage="d:\users\steve knipmeyer\documents\github\modelrelief\modelrelief.test\bin\debug\netcoreapp2.0\modelrelief.test.dll" id="7475b435-405d-4dab-ad4e-a937f2049357"><Execution id="807f9cbe-3991-4f16-a345-e190bf76ae32" /><TestMethod codeBase="D:\Users\Steve Knipmeyer\Documents\GitHub\ModelRelief\ModelRelief.test\bin\Debug\netcoreapp2.0\ModelRelief.Test.dll" adapterTypeName="executor://xunit/VsTestRunner2/netcoreapp" className="ModelRelief.Test.Integration.Models.ModelsBaseIntegrationTests" name="GetList_ListReturnsCorrectCount" /></UnitTest><UnitTest name="Patch_InvalidReferencePropertyReturnsBadRequest" storage="d:\users\steve knipmeyer\documents\github\modelrelief\modelrelief.test\bin\debug\netcoreapp2.0\modelrelief.test.dll" id="9a126568-6077-442b-896c-2634b9b61c0f"><Execution id="0c450615-8216-493d-9e96-dcf6660cfceb" /><TestMethod codeBase="D:\Users\Steve Knipmeyer\Documents\GitHub\ModelRelief\ModelRelief.test\bin\Debug\netcoreapp2.0\ModelRelief.Test.dll" adapterTypeName="executor://xunit/VsTestRunner2/netcoreapp" className="ModelRelief.Test.Integration.Projects.ProjectsBaseIntegrationTests" name="Patch_InvalidReferencePropertyReturnsBadRequest" /></UnitTest><UnitTest name="GetSingle_InvalidIdPropertyValueReturnsNotFound" storage="d:\users\steve knipmeyer\documents\github\modelrelief\modelrelief.test\bin\debug\netcoreapp2.0\modelrelief.test.dll" id="353bf565-3828-4524-a236-86b502e6d529"><Execution id="cf83a026-1c7b-410d-9aa0-e9912c71044d" /><TestMethod codeBase="D:\Users\Steve Knipmeyer\Documents\GitHub\ModelRelief\ModelRelief.test\bin\Debug\netcoreapp2.0\ModelRelief.Test.dll" adapterTypeName="executor://xunit/VsTestRunner2/netcoreapp" className="ModelRelief.Test.Integration.MeshTransforms.MeshTransformsBaseIntegrationTests" name="GetSingle_InvalidIdPropertyValueReturnsNotFound" /></UnitTest><UnitTest name="FileRequest_FileCanBeReadAfterRename" storage="d:\users\steve knipmeyer\documents\github\modelrelief\modelrelief.test\bin\debug\netcoreapp2.0\modelrelief.test.dll" id="3a82c3f4-9e32-4135-a0a5-532a829bc96c"><Execution id="9d207945-6c55-48fc-b16b-3731242b0d8a" /><TestMethod codeBase="D:\Users\Steve Knipmeyer\Documents\GitHub\ModelRelief\ModelRelief.test\bin\Debug\netcoreapp2.0\ModelRelief.Test.dll" adapterTypeName="executor://xunit/VsTestRunner2/netcoreapp" className="ModelRelief.Test.Integration.DepthBuffers.DepthBuffersFileIntegrationTests" name="FileRequest_FileCanBeReadAfterRename" /></UnitTest><UnitTest name="Post_InvalidReferencePropertyReturnsBadRequest" storage="d:\users\steve knipmeyer\documents\github\modelrelief\modelrelief.test\bin\debug\netcoreapp2.0\modelrelief.test.dll" id="ab49632b-fb34-4c9a-b25a-767ee27afca9"><Execution id="ccc851e3-c063-4c3d-aebc-39afe3ce1aa1" /><TestMethod codeBase="D:\Users\Steve Knipmeyer\Documents\GitHub\ModelRelief\ModelRelief.test\bin\Debug\netcoreapp2.0\ModelRelief.Test.dll" adapterTypeName="executor://xunit/VsTestRunner2/netcoreapp" className="ModelRelief.Test.Integration.Cameras.CamerasBaseIntegrationTests" name="Post_InvalidReferencePropertyReturnsBadRequest" /></UnitTest><UnitTest name="Put_ValidReferencePropertyUpdatesModel" storage="d:\users\steve knipmeyer\documents\github\modelrelief\modelrelief.test\bin\debug\netcoreapp2.0\modelrelief.test.dll" id="9709a66a-e932-452a-bff2-a317982f283a"><Execution id="8771f25a-c302-46d0-a49e-3294e2e83adc" /><TestMethod codeBase="D:\Users\Steve Knipmeyer\Documents\GitHub\ModelRelief\ModelRelief.test\bin\Debug\netcoreapp2.0\ModelRelief.Test.dll" adapterTypeName="executor://xunit/VsTestRunner2/netcoreapp" className="ModelRelief.Test.Integration.Projects.ProjectsBaseIntegrationTests" name="Put_ValidReferencePropertyUpdatesModel" /></UnitTest><UnitTest name="GetFile_FileCanBeRoundTripped" storage="d:\users\steve knipmeyer\documents\github\modelrelief\modelrelief.test\bin\debug\netcoreapp2.0\modelrelief.test.dll" id="f60bbbec-2142-4af3-b81f-711ef2bcffaa"><Execution id="82277abe-791b-4f43-b689-a994189992cf" /><TestMethod codeBase="D:\Users\Steve Knipmeyer\Documents\GitHub\ModelRelief\ModelRelief.test\bin\Debug\netcoreapp2.0\ModelRelief.Test.dll" adapterTypeName="executor://xunit/VsTestRunner2/netcoreapp" className="ModelRelief.Test.Integration.DepthBuffers.DepthBuffersFileIntegrationTests" name="GetFile_FileCanBeRoundTripped" /></UnitTest><UnitTest name="Put_InvalidIdReturnsNotFound" storage="d:\users\steve knipmeyer\documents\github\modelrelief\modelrelief.test\bin\debug\netcoreapp2.0\modelrelief.test.dll" id="58d79cc9-7615-4d6f-90a1-e5f3f5d4122a"><Execution id="289c153c-0d7f-4d62-8db9-ab879514d287" /><TestMethod codeBase="D:\Users\Steve Knipmeyer\Documents\GitHub\ModelRelief\ModelRelief.test\bin\Debug\netcoreapp2.0\ModelRelief.Test.dll" adapterTypeName="executor://xunit/VsTestRunner2/netcoreapp" className="ModelRelief.Test.Integration.MeshTransforms.MeshTransformsBaseIntegrationTests" name="Put_InvalidIdReturnsNotFound" /></UnitTest><UnitTest name="PutFile_NewFileCanBePut" storage="d:\users\steve knipmeyer\documents\github\modelrelief\modelrelief.test\bin\debug\netcoreapp2.0\modelrelief.test.dll" id="620d2fe5-7e08-401a-8882-4340acb4ab4c"><Execution id="50a80ae1-cdaf-4cf5-86a0-9cf830a3ee3c" /><TestMethod codeBase="D:\Users\Steve Knipmeyer\Documents\GitHub\ModelRelief\ModelRelief.test\bin\Debug\netcoreapp2.0\ModelRelief.Test.dll" adapterTypeName="executor://xunit/VsTestRunner2/netcoreapp" className="ModelRelief.Test.Integration.Meshes.MeshesFileIntegrationTests" name="PutFile_NewFileCanBePut" /></UnitTest><UnitTest name="Patch_TargetPropertyIsUpdated" storage="d:\users\steve knipmeyer\documents\github\modelrelief\modelrelief.test\bin\debug\netcoreapp2.0\modelrelief.test.dll" id="05e6f732-5088-4966-82e9-deee2ce4d954"><Execution id="3051eb07-25c9-4d48-9467-c09e6b438611" /><TestMethod codeBase="D:\Users\Steve Knipmeyer\Documents\GitHub\ModelRelief\ModelRelief.test\bin\Debug\netcoreapp2.0\ModelRelief.Test.dll" adapterTypeName="executor://xunit/VsTestRunner2/netcoreapp" className="ModelRelief.Test.Integration.Cameras.CamerasBaseIntegrationTests" name="Patch_TargetPropertyIsUpdated" /></UnitTest><UnitTest name="GetSingle_InvalidIdPropertyValueReturnsNotFound" storage="d:\users\steve knipmeyer\documents\github\modelrelief\modelrelief.test\bin\debug\netcoreapp2.0\modelrelief.test.dll" id="5da78f98-61d5-4171-ac39-edeb426bc9d4"><Execution id="ea719a57-d80d-41fe-80bc-c317b9725618" /><TestMethod codeBase="D:\Users\Steve Knipmeyer\Documents\GitHub\ModelRelief\ModelRelief.test\bin\Debug\netcoreapp2.0\ModelRelief.Test.dll" adapterTypeName="executor://xunit/VsTestRunner2/netcoreapp" className="ModelRelief.Test.Integration.Cameras.CamerasBaseIntegrationTests" name="GetSingle_InvalidIdPropertyValueReturnsNotFound" /></UnitTest><UnitTest name="GetSingle_ValidIdPropertyValueReturnsCorrectModel" storage="d:\users\steve knipmeyer\documents\github\modelrelief\modelrelief.test\bin\debug\netcoreapp2.0\modelrelief.test.dll" id="eb663534-d085-412c-97aa-dc09b26115dd"><Execution id="3e7d3481-9fbc-4cb9-bd9f-16f1e20c9c78" /><TestMethod codeBase="D:\Users\Steve Knipmeyer\Documents\GitHub\ModelRelief\ModelRelief.test\bin\Debug\netcoreapp2.0\ModelRelief.Test.dll" adapterTypeName="executor://xunit/VsTestRunner2/netcoreapp" className="ModelRelief.Test.Integration.Projects.ProjectsBaseIntegrationTests" name="GetSingle_ValidIdPropertyValueReturnsCorrectModel" /></UnitTest><UnitTest name="LucyCameraFindsAllDependents" storage="d:\users\steve knipmeyer\documents\github\modelrelief\modelrelief.test\bin\debug\netcoreapp2.0\modelrelief.test.dll" id="42c0a1e4-8bae-47ea-8089-748120ff9205"><Execution id="75575b8a-7cb9-4fb8-a1ca-cfa4125d8f78" /><TestMethod codeBase="D:\Users\Steve Knipmeyer\Documents\GitHub\ModelRelief\ModelRelief.test\bin\Debug\netcoreapp2.0\ModelRelief.Test.dll" adapterTypeName="executor://xunit/VsTestRunner2/netcoreapp" className="ModelRelief.Test.Unit.DependencyManager.DependencyManagerTests" name="LucyCameraFindsAllDependents" /></UnitTest><UnitTest name="Post_InvalidReferencePropertyReturnsBadRequest" storage="d:\users\steve knipmeyer\documents\github\modelrelief\modelrelief.test\bin\debug\netcoreapp2.0\modelrelief.test.dll" id="418398e4-5a0c-47b0-a718-dbecbbf91ffd"><Execution id="bf882620-c161-4838-9002-0338e1a8cb58" /><TestMethod codeBase="D:\Users\Steve Knipmeyer\Documents\GitHub\ModelRelief\ModelRelief.test\bin\Debug\netcoreapp2.0\ModelRelief.Test.dll" adapterTypeName="executor://xunit/VsTestRunner2/netcoreapp" className="ModelRelief.Test.Integration.MeshTransforms.MeshTransformsBaseIntegrationTests" name="Post_InvalidReferencePropertyReturnsBadRequest" /></UnitTest><UnitTest name="GetFile_NonExistentFileReturnsNotFound" storage="d:\users\steve knipmeyer\documents\github\modelrelief\modelrelief.test\bin\debug\netcoreapp2.0\modelrelief.test.dll" id="99486120-40a9-47d1-9abc-752b410b5f95"><Execution id="68b70190-4094-4c6f-b839-d31f86766ab6" /><TestMethod codeBase="D:\Users\Steve Knipmeyer\Documents\GitHub\ModelRelief\ModelRelief.test\bin\Debug\netcoreapp2.0\ModelRelief.Test.dll" adapterTypeName="executor://xunit/VsTestRunner2/netcoreapp" className="ModelRelief.Test.Integration.DepthBuffers.DepthBuffersFileIntegrationTests" name="GetFile_NonExistentFileReturnsNotFound" /></UnitTest><UnitTest name="GetFile_ExistingFileReturnsSuccess" storage="d:\users\steve knipmeyer\documents\github\modelrelief\modelrelief.test\bin\debug\netcoreapp2.0\modelrelief.test.dll" id="3b636903-e098-4c6a-b699-567c70b5ea96"><Execution id="f6098537-fa94-4605-9ebe-35001bfb7e9a" /><TestMethod codeBase="D:\Users\Steve Knipmeyer\Documents\GitHub\ModelRelief\ModelRelief.test\bin\Debug\netcoreapp2.0\ModelRelief.Test.dll" adapterTypeName="executor://xunit/VsTestRunner2/netcoreapp" className="ModelRelief.Test.Integration.DepthBuffers.DepthBuffersFileIntegrationTests" name="GetFile_ExistingFileReturnsSuccess" /></UnitTest><UnitTest name="GetSingle_ValidIdPropertyValueReturnsCorrectModel" storage="d:\users\steve knipmeyer\documents\github\modelrelief\modelrelief.test\bin\debug\netcoreapp2.0\modelrelief.test.dll" id="7ec6d57a-86e7-47fa-aa7e-1b95480dbba3"><Execution id="aca1c6c7-a80e-4e4c-8ed3-acf72a7eeffa" /><TestMethod codeBase="D:\Users\Steve Knipmeyer\Documents\GitHub\ModelRelief\ModelRelief.test\bin\Debug\netcoreapp2.0\ModelRelief.Test.dll" adapterTypeName="executor://xunit/VsTestRunner2/netcoreapp" className="ModelRelief.Test.Integration.Meshes.MeshesBaseIntegrationTests" name="GetSingle_ValidIdPropertyValueReturnsCorrectModel" /></UnitTest><UnitTest name="PutFile_FileCanBeUpdated" storage="d:\users\steve knipmeyer\documents\github\modelrelief\modelrelief.test\bin\debug\netcoreapp2.0\modelrelief.test.dll" id="6a54cc40-5576-4692-b495-411587a415e2"><Execution id="eef00f75-b284-441c-8eab-789b4dfe8ebb" /><TestMethod codeBase="D:\Users\Steve Knipmeyer\Documents\GitHub\ModelRelief\ModelRelief.test\bin\Debug\netcoreapp2.0\ModelRelief.Test.dll" adapterTypeName="executor://xunit/VsTestRunner2/netcoreapp" className="ModelRelief.Test.Integration.Meshes.MeshesFileIntegrationTests" name="PutFile_FileCanBeUpdated" /></UnitTest><UnitTest name="GetList_ListReturnsCorrectCount" storage="d:\users\steve knipmeyer\documents\github\modelrelief\modelrelief.test\bin\debug\netcoreapp2.0\modelrelief.test.dll" id="80437613-c728-47b5-91c2-b84af5d88f12"><Execution id="c0e1cf23-eca8-49cb-8a3b-fd40c8471752" /><TestMethod codeBase="D:\Users\Steve Knipmeyer\Documents\GitHub\ModelRelief\ModelRelief.test\bin\Debug\netcoreapp2.0\ModelRelief.Test.dll" adapterTypeName="executor://xunit/VsTestRunner2/netcoreapp" className="ModelRelief.Test.Integration.DepthBuffers.DepthBuffersBaseIntegrationTests" name="GetList_ListReturnsCorrectCount" /></UnitTest><UnitTest name="Patch_InvalidPropertyNameReturnsBadRequest" storage="d:\users\steve knipmeyer\documents\github\modelrelief\modelrelief.test\bin\debug\netcoreapp2.0\modelrelief.test.dll" id="6a97000a-daf2-4887-a9bc-5bd943c6c5d4"><Execution id="d9a532dd-3268-4f70-8a10-10b397b8d773" /><TestMethod codeBase="D:\Users\Steve Knipmeyer\Documents\GitHub\ModelRelief\ModelRelief.test\bin\Debug\netcoreapp2.0\ModelRelief.Test.dll" adapterTypeName="executor://xunit/VsTestRunner2/netcoreapp" className="ModelRelief.Test.Integration.MeshTransforms.MeshTransformsBaseIntegrationTests" name="Patch_InvalidPropertyNameReturnsBadRequest" /></UnitTest><UnitTest name="GetList_ListReturnsCorrectCount" storage="d:\users\steve knipmeyer\documents\github\modelrelief\modelrelief.test\bin\debug\netcoreapp2.0\modelrelief.test.dll" id="fc84856a-56a1-431d-8fc9-881ce5e14234"><Execution id="7383114a-5346-41f1-8ad9-e17e29756dec" /><TestMethod codeBase="D:\Users\Steve Knipmeyer\Documents\GitHub\ModelRelief\ModelRelief.test\bin\Debug\netcoreapp2.0\ModelRelief.Test.dll" adapterTypeName="executor://xunit/VsTestRunner2/netcoreapp" className="ModelRelief.Test.Integration.Cameras.CamerasBaseIntegrationTests" name="GetList_ListReturnsCorrectCount" /></UnitTest><UnitTest name="Patch_InvalidReferencePropertyReturnsBadRequest" storage="d:\users\steve knipmeyer\documents\github\modelrelief\modelrelief.test\bin\debug\netcoreapp2.0\modelrelief.test.dll" id="2528f9d9-fe8c-4137-b9e6-4426be448b7c"><Execution id="688c6b6e-111e-41fd-974e-3d70d05965b7" /><TestMethod codeBase="D:\Users\Steve Knipmeyer\Documents\GitHub\ModelRelief\ModelRelief.test\bin\Debug\netcoreapp2.0\ModelRelief.Test.dll" adapterTypeName="executor://xunit/VsTestRunner2/netcoreapp" className="ModelRelief.Test.Integration.Cameras.CamerasBaseIntegrationTests" name="Patch_InvalidReferencePropertyReturnsBadRequest" /></UnitTest><UnitTest name="Post_CanCreateNewModel" storage="d:\users\steve knipmeyer\documents\github\modelrelief\modelrelief.test\bin\debug\netcoreapp2.0\modelrelief.test.dll" id="6593087a-a42c-4666-87d1-a170f7a8f976"><Execution id="7e72b40e-a22c-4073-8472-6ac461607726" /><TestMethod codeBase="D:\Users\Steve Knipmeyer\Documents\GitHub\ModelRelief\ModelRelief.test\bin\Debug\netcoreapp2.0\ModelRelief.Test.dll" adapterTypeName="executor://xunit/VsTestRunner2/netcoreapp" className="ModelRelief.Test.Integration.Projects.ProjectsBaseIntegrationTests" name="Post_CanCreateNewModel" /></UnitTest><UnitTest name="PutFile_FileCanBeUpdated" storage="d:\users\steve knipmeyer\documents\github\modelrelief\modelrelief.test\bin\debug\netcoreapp2.0\modelrelief.test.dll" id="ecbe62ec-3e1f-48d8-abdd-d26aa7027828"><Execution id="87987e97-989c-472d-b28c-4f435d71a957" /><TestMethod codeBase="D:\Users\Steve Knipmeyer\Documents\GitHub\ModelRelief\ModelRelief.test\bin\Debug\netcoreapp2.0\ModelRelief.Test.dll" adapterTypeName="executor://xunit/VsTestRunner2/netcoreapp" className="ModelRelief.Test.Integration.DepthBuffers.DepthBuffersFileIntegrationTests" name="PutFile_FileCanBeUpdated" /></UnitTest><UnitTest name="FileRequest_MeshGenerateScalesDepthBufferByUnsharpHighFrequencyScale" storage="d:\users\steve knipmeyer\documents\github\modelrelief\modelrelief.test\bin\debug\netcoreapp2.0\modelrelief.test.dll" id="dd005d11-f7db-4166-95c3-a9f5b34d275d"><Execution id="4b98437f-500b-45e2-b4ed-1c5cb2987434" /><TestMethod codeBase="D:\Users\Steve Knipmeyer\Documents\GitHub\ModelRelief\ModelRelief.test\bin\Debug\netcoreapp2.0\ModelRelief.Test.dll" adapterTypeName="executor://xunit/VsTestRunner2/netcoreapp" className="ModelRelief.Test.Integration.Meshes.MeshesFileIntegrationTests" name="FileRequest_MeshGenerateScalesDepthBufferByUnsharpHighFrequencyScale" /></UnitTest><UnitTest name="Post_InvalidReferencePropertyReturnsBadRequest" storage="d:\users\steve knipmeyer\documents\github\modelrelief\modelrelief.test\bin\debug\netcoreapp2.0\modelrelief.test.dll" id="3830ebed-226b-4d53-a9c2-c54cd2073003"><Execution id="3b210523-79f7-4a19-bbe1-ed947e5012d0" /><TestMethod codeBase="D:\Users\Steve Knipmeyer\Documents\GitHub\ModelRelief\ModelRelief.test\bin\Debug\netcoreapp2.0\ModelRelief.Test.dll" adapterTypeName="executor://xunit/VsTestRunner2/netcoreapp" className="ModelRelief.Test.Integration.Models.ModelsBaseIntegrationTests" name="Post_InvalidReferencePropertyReturnsBadRequest" /></UnitTest><UnitTest name="Patch_InvalidIdPropertyReturnsNotFound" storage="d:\users\steve knipmeyer\documents\github\modelrelief\modelrelief.test\bin\debug\netcoreapp2.0\modelrelief.test.dll" id="3936a772-f4ce-4176-a189-aa8acb634812"><Execution id="6a236ce9-51ee-46fd-9a50-8b77d9a89a05" /><TestMethod codeBase="D:\Users\Steve Knipmeyer\Documents\GitHub\ModelRelief\ModelRelief.test\bin\Debug\netcoreapp2.0\ModelRelief.Test.dll" adapterTypeName="executor://xunit/VsTestRunner2/netcoreapp" className="ModelRelief.Test.Integration.MeshTransforms.MeshTransformsBaseIntegrationTests" name="Patch_InvalidIdPropertyReturnsNotFound" /></UnitTest><UnitTest name="Post_ValidReferencePropertyCreatesModel" storage="d:\users\steve knipmeyer\documents\github\modelrelief\modelrelief.test\bin\debug\netcoreapp2.0\modelrelief.test.dll" id="da21fe5f-acd7-476e-b1bd-21357d315dc0"><Execution id="fbd86e8c-cb71-40d2-8d98-0c88a8aa3121" /><TestMethod codeBase="D:\Users\Steve Knipmeyer\Documents\GitHub\ModelRelief\ModelRelief.test\bin\Debug\netcoreapp2.0\ModelRelief.Test.dll" adapterTypeName="executor://xunit/VsTestRunner2/netcoreapp" className="ModelRelief.Test.Integration.MeshTransforms.MeshTransformsBaseIntegrationTests" name="Post_ValidReferencePropertyCreatesModel" /></UnitTest><UnitTest name="Patch_InvalidIdPropertyReturnsNotFound" storage="d:\users\steve knipmeyer\documents\github\modelrelief\modelrelief.test\bin\debug\netcoreapp2.0\modelrelief.test.dll" id="bf5873a6-255a-4976-ad16-09237802b9e3"><Execution id="f5f7e426-5a9f-40fd-9b80-69d17199a4b9" /><TestMethod codeBase="D:\Users\Steve Knipmeyer\Documents\GitHub\ModelRelief\ModelRelief.test\bin\Debug\netcoreapp2.0\ModelRelief.Test.dll" adapterTypeName="executor://xunit/VsTestRunner2/netcoreapp" className="ModelRelief.Test.Integration.DepthBuffers.DepthBuffersBaseIntegrationTests" name="Patch_InvalidIdPropertyReturnsNotFound" /></UnitTest><UnitTest name="PutFile_NewFileCanBePut" storage="d:\users\steve knipmeyer\documents\github\modelrelief\modelrelief.test\bin\debug\netcoreapp2.0\modelrelief.test.dll" id="4a52b870-8eb9-4fb7-ad3d-4fb738fd3e59"><Execution id="51548339-01c1-4f2f-b783-3faebc292bc8" /><TestMethod codeBase="D:\Users\Steve Knipmeyer\Documents\GitHub\ModelRelief\ModelRelief.test\bin\Debug\netcoreapp2.0\ModelRelief.Test.dll" adapterTypeName="executor://xunit/VsTestRunner2/netcoreapp" className="ModelRelief.Test.Integration.Models.ModelsFileIntegrationTests" name="PutFile_NewFileCanBePut" /></UnitTest><UnitTest name="Put_ValidReferencePropertyUpdatesModel" storage="d:\users\steve knipmeyer\documents\github\modelrelief\modelrelief.test\bin\debug\netcoreapp2.0\modelrelief.test.dll" id="e400ba46-769b-4da6-afa2-43f7886d53b5"><Execution id="a46aff03-8536-49a8-aeb2-824ded3d8bc6" /><TestMethod codeBase="D:\Users\Steve Knipmeyer\Documents\GitHub\ModelRelief\ModelRelief.test\bin\Debug\netcoreapp2.0\ModelRelief.Test.dll" adapterTypeName="executor://xunit/VsTestRunner2/netcoreapp" className="ModelRelief.Test.Integration.Cameras.CamerasBaseIntegrationTests" name="Put_ValidReferencePropertyUpdatesModel" /></UnitTest></TestDefinitions><TestEntries><TestEntry testId="c3af6280-da69-4926-9ae0-a6f9870fa951" executionId="fecd34f6-48d9-416f-81ed-8493d14fd8a4" testListId="8c84fa94-04c1-424b-9868-57a2d4851a1d" /><TestEntry testId="2cb799d4-d94d-41f7-8a3d-cbf7ed3c96fc" executionId="786bb028-65ef-4146-bb61-f2dbc60cc1c8" testListId="8c84fa94-04c1-424b-9868-57a2d4851a1d" /><TestEntry testId="50f38bd1-1755-4ca1-a649-cf6fa1db09d2" executionId="6f461f8d-f267-4946-bc14-247f5ae932e3" testListId="8c84fa94-04c1-424b-9868-57a2d4851a1d" /><TestEntry testId="2e80e908-a101-4999-9b0d-6ac5dc856fb8" executionId="eccf3b99-06b4-4715-b1a1-47689f70a26d" testListId="8c84fa94-04c1-424b-9868-57a2d4851a1d" /><TestEntry testId="cd721c67-3594-4d94-871a-d2c6db6b52fc" executionId="f3f9bb54-b8da-479c-9fd0-e305ab2e72c7" testListId="8c84fa94-04c1-424b-9868-57a2d4851a1d" /><TestEntry testId="73954e7a-3f1e-433e-8058-7a3790575327" executionId="07cdfdd8-83b5-43f8-998a-72fc8dc464ec" testListId="8c84fa94-04c1-424b-9868-57a2d4851a1d" /><TestEntry testId="a347e3a1-b3ec-4d80-a477-350f64017231" executionId="9d9c6bc0-e775-41cd-b6ae-5531ff3c6d9e" testListId="8c84fa94-04c1-424b-9868-57a2d4851a1d" /><TestEntry testId="d34f133b-0d5f-4b75-81d9-a7464f9a97ee" executionId="e9d7ee48-5123-4ef8-b420-193d65e1e323" testListId="8c84fa94-04c1-424b-9868-57a2d4851a1d" /><TestEntry testId="35104eee-0452-4f8c-8007-30999253467d" executionId="d12bb62c-a512-429b-a542-e6c26c491e6b" testListId="8c84fa94-04c1-424b-9868-57a2d4851a1d" /><TestEntry testId="418398e4-5a0c-47b0-a718-dbecbbf91ffd" executionId="bf882620-c161-4838-9002-0338e1a8cb58" testListId="8c84fa94-04c1-424b-9868-57a2d4851a1d" /><TestEntry testId="4b3e1193-79f2-4ff0-85d7-3b5a48ef8e67" executionId="5b9be0f0-c444-4df5-a3ca-37244f07b333" testListId="8c84fa94-04c1-424b-9868-57a2d4851a1d" /><TestEntry testId="353bf565-3828-4524-a236-86b502e6d529" executionId="cf83a026-1c7b-410d-9aa0-e9912c71044d" testListId="8c84fa94-04c1-424b-9868-57a2d4851a1d" /><TestEntry testId="3a82c3f4-9e32-4135-a0a5-532a829bc96c" executionId="9d207945-6c55-48fc-b16b-3731242b0d8a" testListId="8c84fa94-04c1-424b-9868-57a2d4851a1d" /><TestEntry testId="f56d7a15-071a-47a0-be8c-eb956bb1c1d4" executionId="d2aeb80d-5f8a-444d-93c7-f0ea8e5484ff" testListId="8c84fa94-04c1-424b-9868-57a2d4851a1d" /><TestEntry testId="9709a66a-e932-452a-bff2-a317982f283a" executionId="8771f25a-c302-46d0-a49e-3294e2e83adc" testListId="8c84fa94-04c1-424b-9868-57a2d4851a1d" /><TestEntry testId="7f6ee6fc-ee55-4491-a888-bc3c77ec501c" executionId="cf0a9f65-ccc7-4634-a80c-81fc84bfad5b" testListId="8c84fa94-04c1-424b-9868-57a2d4851a1d" /><TestEntry testId="85ec5f96-9248-48fe-94ec-cfa195a8c50a" executionId="c735a1f4-9548-4f7c-8d67-47066b5dfc07" testListId="8c84fa94-04c1-424b-9868-57a2d4851a1d" /><TestEntry testId="5f37e96b-37ad-405c-9d8a-8dedc2816ab5" executionId="827c7cfc-4724-4aad-ae53-3ba58f48f6d2" testListId="8c84fa94-04c1-424b-9868-57a2d4851a1d" /><TestEntry testId="3830ebed-226b-4d53-a9c2-c54cd2073003" executionId="3b210523-79f7-4a19-bbe1-ed947e5012d0" testListId="8c84fa94-04c1-424b-9868-57a2d4851a1d" /><TestEntry testId="e17ac67b-69cc-4b4c-a17d-8d9043eb384c" executionId="d06a39a0-7907-4df2-9711-db300809c7de" testListId="8c84fa94-04c1-424b-9868-57a2d4851a1d" /><TestEntry testId="ab49632b-fb34-4c9a-b25a-767ee27afca9" executionId="ccc851e3-c063-4c3d-aebc-39afe3ce1aa1" testListId="8c84fa94-04c1-424b-9868-57a2d4851a1d" /><TestEntry testId="27306ef8-b2c2-402b-9877-1a0ce472ec01" executionId="473a6bb2-e458-429d-beaa-05915eb52594" testListId="8c84fa94-04c1-424b-9868-57a2d4851a1d" /><TestEntry testId="acd17244-705e-491d-b804-af1d6c79bed7" executionId="0a5b3ac8-5f1e-48d1-a27e-c6ee47642ca2" testListId="8c84fa94-04c1-424b-9868-57a2d4851a1d" /><TestEntry testId="da21fe5f-acd7-476e-b1bd-21357d315dc0" executionId="fbd86e8c-cb71-40d2-8d98-0c88a8aa3121" testListId="8c84fa94-04c1-424b-9868-57a2d4851a1d" /><TestEntry testId="05e6f732-5088-4966-82e9-deee2ce4d954" executionId="3051eb07-25c9-4d48-9467-c09e6b438611" testListId="8c84fa94-04c1-424b-9868-57a2d4851a1d" /><TestEntry testId="659341bf-42ed-47f3-be5c-6fe416b60bc6" executionId="c822ab7e-595e-4d49-9970-3f5f12c4558c" testListId="8c84fa94-04c1-424b-9868-57a2d4851a1d" /><TestEntry testId="f60bbbec-2142-4af3-b81f-711ef2bcffaa" executionId="82277abe-791b-4f43-b689-a994189992cf" testListId="8c84fa94-04c1-424b-9868-57a2d4851a1d" /><TestEntry testId="ecbe62ec-3e1f-48d8-abdd-d26aa7027828" executionId="87987e97-989c-472d-b28c-4f435d71a957" testListId="8c84fa94-04c1-424b-9868-57a2d4851a1d" /><TestEntry testId="fd08f365-01e3-42b1-86f5-87a602aca71d" executionId="274c165f-8210-483b-bc07-a6515c579ce7" testListId="8c84fa94-04c1-424b-9868-57a2d4851a1d" /><TestEntry testId="3bf81edb-1a69-461b-98f7-11abd668ee4d" executionId="fa2b2304-e29e-41c5-a86c-ea9085483b9c" testListId="8c84fa94-04c1-424b-9868-57a2d4851a1d" /><TestEntry testId="2ff9feb0-e033-48b0-8427-8b9142bd3cec" executionId="3ab86f39-04fe-4353-85cf-56e755c03d77" testListId="8c84fa94-04c1-424b-9868-57a2d4851a1d" /><TestEntry testId="99486120-40a9-47d1-9abc-752b410b5f95" executionId="68b70190-4094-4c6f-b839-d31f86766ab6" testListId="8c84fa94-04c1-424b-9868-57a2d4851a1d" /><TestEntry testId="522fad9a-2602-4009-a39e-3100698c525c" executionId="43490150-9f8b-47fd-8f06-2b91fca7ef00" testListId="8c84fa94-04c1-424b-9868-57a2d4851a1d" /><TestEntry testId="09e5a5a1-ddd4-4600-b0c3-52fdd1d798b4" executionId="0ef4d2ab-e2bb-465e-9f92-25a348afed9c" testListId="8c84fa94-04c1-424b-9868-57a2d4851a1d" /><TestEntry testId="2b6fdb7d-3f8e-4880-91e4-7532054279a0" executionId="5ca8965a-0881-4ecb-94b8-0043f57b3e38" testListId="8c84fa94-04c1-424b-9868-57a2d4851a1d" /><TestEntry testId="003dfd1b-b51b-4666-bca8-8b0f57669d54" executionId="b0fd3f2d-4ad2-4ee7-9600-b781e252c1e3" testListId="8c84fa94-04c1-424b-9868-57a2d4851a1d" /><TestEntry testId="56fcccec-7fa6-40bd-9fb4-e8c4b0a6ecbd" executionId="2aefeecf-8078-4d98-a5d5-eca545a59fb4" testListId="8c84fa94-04c1-424b-9868-57a2d4851a1d" /><TestEntry testId="9aefc75b-063e-4be6-bbfa-0365eee6a944" executionId="ebe91a0d-a10a-45e2-a1ef-7d4179e408f0" testListId="8c84fa94-04c1-424b-9868-57a2d4851a1d" /><TestEntry testId="84afc502-4459-48c7-94ae-5f4065f46f70" executionId="2fb0659c-4f5d-42a1-bf27-9f5f103f5c66" testListId="8c84fa94-04c1-424b-9868-57a2d4851a1d" /><TestEntry testId="3c055466-990d-415c-900c-8cb3c51c1d1a" executionId="caceb3c7-13d7-4471-8050-a5a16b6dc8e6" testListId="8c84fa94-04c1-424b-9868-57a2d4851a1d" /><TestEntry testId="cfa7d582-06ab-43ba-bfba-133d0d6d76e2" executionId="b77f2b23-16a5-4049-8acd-ce8610c5f580" testListId="8c84fa94-04c1-424b-9868-57a2d4851a1d" /><TestEntry testId="76086b86-c303-4cf6-92aa-bf8697fcdd56" executionId="9bc2354f-e9ab-4311-8a9c-02a15d693899" testListId="8c84fa94-04c1-424b-9868-57a2d4851a1d" /><TestEntry testId="e7b1b5c1-b262-4381-a592-d5615dd60b61" executionId="c5893800-76a2-4403-86e3-0ff2f90cb7b4" testListId="8c84fa94-04c1-424b-9868-57a2d4851a1d" /><TestEntry testId="20ebfdf1-79ea-4d59-8a9d-1395c14b3cff" executionId="0b1bd9fc-bae3-4888-a2cd-bd4c644b6931" testListId="8c84fa94-04c1-424b-9868-57a2d4851a1d" /><TestEntry testId="0a2a4660-5fce-42f9-8b05-eb0fe5fc43d8" executionId="c90485e3-79ac-4003-b1b7-cf28ea330e02" testListId="8c84fa94-04c1-424b-9868-57a2d4851a1d" /><TestEntry testId="42c0a1e4-8bae-47ea-8089-748120ff9205" executionId="75575b8a-7cb9-4fb8-a1ca-cfa4125d8f78" testListId="8c84fa94-04c1-424b-9868-57a2d4851a1d" /><TestEntry testId="61101e6b-6cff-4d9d-b5e8-d03f8905177f" executionId="64557626-c62a-4239-8676-bb91ac4b40d8" testListId="8c84fa94-04c1-424b-9868-57a2d4851a1d" /><TestEntry testId="238a5618-7250-4754-8d97-4a73a90a5015" executionId="ac0fbe1d-d701-4434-ad92-8ec26ace82e5" testListId="8c84fa94-04c1-424b-9868-57a2d4851a1d" /><TestEntry testId="e95cd434-c7ce-4999-94d1-87b7b9519d3e" executionId="34f0f244-d509-4ed4-941b-68e6f38a7246" testListId="8c84fa94-04c1-424b-9868-57a2d4851a1d" /><TestEntry testId="eb663534-d085-412c-97aa-dc09b26115dd" executionId="3e7d3481-9fbc-4cb9-bd9f-16f1e20c9c78" testListId="8c84fa94-04c1-424b-9868-57a2d4851a1d" /><TestEntry testId="7ac4dceb-067a-4fd6-a4b2-127930fa177a" executionId="57905a5d-02f4-490a-95fe-eedc0f6af82c" testListId="8c84fa94-04c1-424b-9868-57a2d4851a1d" /><TestEntry testId="f7d48410-bc47-40cb-8106-950d74021f35" executionId="9d8363fd-84e7-4f94-a5af-18ca77bb6b93" testListId="8c84fa94-04c1-424b-9868-57a2d4851a1d" /><TestEntry testId="b97ccfc5-d9a6-4ae2-be20-021fbed08d24" executionId="6da6fdac-dc72-476e-9c1d-5f10972a3d7b" testListId="8c84fa94-04c1-424b-9868-57a2d4851a1d" /><TestEntry testId="17ab392e-46c6-4d0c-bc2e-efbfa3aa1b36" executionId="a54becbd-8ef3-4cfc-893c-a11a153f3576" testListId="8c84fa94-04c1-424b-9868-57a2d4851a1d" /><TestEntry testId="7ec6d57a-86e7-47fa-aa7e-1b95480dbba3" executionId="aca1c6c7-a80e-4e4c-8ed3-acf72a7eeffa" testListId="8c84fa94-04c1-424b-9868-57a2d4851a1d" /><TestEntry testId="fcc515a8-1e2a-4bf4-b7ad-fc6aef87ab0c" executionId="f3b3e00b-a6c1-4ce8-a50b-10744701bced" testListId="8c84fa94-04c1-424b-9868-57a2d4851a1d" /><TestEntry testId="66498122-ca91-4bf0-9c6e-e630ac6188b0" executionId="96c78c8f-28cd-4743-b412-7eca6ffc13d3" testListId="8c84fa94-04c1-424b-9868-57a2d4851a1d" /><TestEntry testId="d316631a-e5ba-4173-b41b-07e2c74b5758" executionId="0cb32f5c-9acc-4745-8ac2-e6ee56b2fae7" testListId="8c84fa94-04c1-424b-9868-57a2d4851a1d" /><TestEntry testId="8c4ae436-e0ee-4f9a-bdd2-b323bbcf05ef" executionId="cd6e17b3-2aad-41ef-8b1a-785908fc2fb4" testListId="8c84fa94-04c1-424b-9868-57a2d4851a1d" /><TestEntry testId="0847a2c5-be3f-45ce-a4f4-2e913f03d17d" executionId="0b656712-9eec-4615-9371-7c0dc4be74ab" testListId="8c84fa94-04c1-424b-9868-57a2d4851a1d" /><TestEntry testId="e400ba46-769b-4da6-afa2-43f7886d53b5" executionId="a46aff03-8536-49a8-aeb2-824ded3d8bc6" testListId="8c84fa94-04c1-424b-9868-57a2d4851a1d" /><TestEntry testId="6a97000a-daf2-4887-a9bc-5bd943c6c5d4" executionId="d9a532dd-3268-4f70-8a10-10b397b8d773" testListId="8c84fa94-04c1-424b-9868-57a2d4851a1d" /><TestEntry testId="f286b33d-8e55-4a97-beec-60811a151750" executionId="cddc44bb-97f5-4274-bb06-cc6774363f2f" testListId="8c84fa94-04c1-424b-9868-57a2d4851a1d" /><TestEntry testId="5088b8f2-c9e1-4278-964e-f9e82420ca11" executionId="5e51f9e3-5c48-4336-a689-efdfeb3f8836" testListId="8c84fa94-04c1-424b-9868-57a2d4851a1d" /><TestEntry testId="66b88fd1-5937-41cd-940d-b9c5e6791110" executionId="f1498b30-fac7-4af7-80b8-7a4d810197ae" testListId="8c84fa94-04c1-424b-9868-57a2d4851a1d" /><TestEntry testId="027c1e33-03cc-499a-af1f-df4493c6d3e5" executionId="e2a87f22-55bc-4ca0-8a60-6650c1ebab5f" testListId="8c84fa94-04c1-424b-9868-57a2d4851a1d" /><TestEntry testId="52f44325-75af-440d-9028-0352b7e0456e" executionId="56942a37-64de-4b8e-b992-56fe025de414" testListId="8c84fa94-04c1-424b-9868-57a2d4851a1d" /><TestEntry testId="2528f9d9-fe8c-4137-b9e6-4426be448b7c" executionId="688c6b6e-111e-41fd-974e-3d70d05965b7" testListId="8c84fa94-04c1-424b-9868-57a2d4851a1d" /><TestEntry testId="632e4c49-7403-4181-80c6-a16cede8359d" executionId="fb2138b1-6f96-415f-bbbc-5d81354b4834" testListId="8c84fa94-04c1-424b-9868-57a2d4851a1d" /><TestEntry testId="f697c68b-2d0f-4bc0-a9fc-1e1ba38d7f40" executionId="660a1b2b-1e24-4b97-a78b-d8164124375b" testListId="8c84fa94-04c1-424b-9868-57a2d4851a1d" /><TestEntry testId="006617c9-18c9-40be-8ce2-1498d83d75e8" executionId="36cf5952-9863-4f9a-92b2-8fecab09243e" testListId="8c84fa94-04c1-424b-9868-57a2d4851a1d" /><TestEntry testId="545c7ed7-0a7b-41ed-9f68-b856232f4ab0" executionId="a2e22d4c-4143-4e60-bd14-a1abe2ba1b66" testListId="8c84fa94-04c1-424b-9868-57a2d4851a1d" /><TestEntry testId="bc9aec66-64dd-4234-a399-1d92b043abd7" executionId="5f339ffe-8710-47ff-91f2-747ed430286a" testListId="8c84fa94-04c1-424b-9868-57a2d4851a1d" /><TestEntry testId="58d79cc9-7615-4d6f-90a1-e5f3f5d4122a" executionId="289c153c-0d7f-4d62-8db9-ab879514d287" testListId="8c84fa94-04c1-424b-9868-57a2d4851a1d" /><TestEntry testId="348ac982-4084-4aef-9330-ef97cec0ec48" executionId="185eb179-3284-4e0e-8ba0-dcbbe24f36ee" testListId="8c84fa94-04c1-424b-9868-57a2d4851a1d" /><TestEntry testId="1120c0af-877b-4ed8-87df-42d36beb0171" executionId="740e514a-8e52-421c-b03f-57d61d085034" testListId="8c84fa94-04c1-424b-9868-57a2d4851a1d" /><TestEntry testId="a991a179-0ade-4701-a975-5698ba570e2a" executionId="27f5bfec-df7c-44b5-b8bb-1aa8ea974f36" testListId="8c84fa94-04c1-424b-9868-57a2d4851a1d" /><TestEntry testId="6559d11f-46b9-4ae6-92ce-f321e4f583d6" executionId="ecfee1dd-2752-4704-b34c-6b6f285d821b" testListId="8c84fa94-04c1-424b-9868-57a2d4851a1d" /><TestEntry testId="e0314660-6b4c-46fe-aaf0-e3c450e569a6" executionId="2d882685-ba43-44b8-99b8-a663f8830494" testListId="8c84fa94-04c1-424b-9868-57a2d4851a1d" /><TestEntry testId="4815fe10-a036-47c7-9506-41943169d3f6" executionId="e4207c5c-0941-45ba-80d3-b7008c28d3b7" testListId="8c84fa94-04c1-424b-9868-57a2d4851a1d" /><TestEntry testId="cd9b04f3-c919-47bb-90cc-6c1f62f4c889" executionId="637713c5-efcf-4e30-8b5d-00094f2346db" testListId="8c84fa94-04c1-424b-9868-57a2d4851a1d" /><TestEntry testId="3936a772-f4ce-4176-a189-aa8acb634812" executionId="6a236ce9-51ee-46fd-9a50-8b77d9a89a05" testListId="8c84fa94-04c1-424b-9868-57a2d4851a1d" /><TestEntry testId="1f587cd7-2bfd-4ff2-8391-5f5887996a61" executionId="b62dfb8e-cd51-461a-9182-a6e969953258" testListId="8c84fa94-04c1-424b-9868-57a2d4851a1d" /><TestEntry testId="15624b4b-e65a-4482-bd74-5926189b8236" executionId="07ae7b00-f3c4-48bc-8453-6b42595442e4" testListId="8c84fa94-04c1-424b-9868-57a2d4851a1d" /><TestEntry testId="e2d5efbd-274e-43c1-a178-f096d342b2c7" executionId="69346545-7565-48b5-8d9a-ff1ac3383e91" testListId="8c84fa94-04c1-424b-9868-57a2d4851a1d" /><TestEntry testId="3b173bd6-087c-4d2c-9e07-146e2fffda16" executionId="85a25d79-0c6d-4b24-bb09-7f1a4254dab3" testListId="8c84fa94-04c1-424b-9868-57a2d4851a1d" /><TestEntry testId="a1b08a14-678b-4bd6-985b-266fa0627320" executionId="6c66f37b-3fd2-4bc5-893c-bab316618446" testListId="8c84fa94-04c1-424b-9868-57a2d4851a1d" /><TestEntry testId="d8cda852-d2f4-4ef9-b943-46b3b088cd8e" executionId="b5a682f4-691c-427a-ac36-0ec2ef1ea575" testListId="8c84fa94-04c1-424b-9868-57a2d4851a1d" /><TestEntry testId="f03ed43e-6829-47cc-9138-d786418a90ef" executionId="f2c7c643-4c49-4c28-a12f-f920fb65c95d" testListId="8c84fa94-04c1-424b-9868-57a2d4851a1d" /><TestEntry testId="a815ae32-cb7d-4982-be50-5acc02641717" executionId="b889d769-9cec-4c2d-87e1-2f787e5dd6eb" testListId="8c84fa94-04c1-424b-9868-57a2d4851a1d" /><TestEntry testId="bfce8b9b-178f-40ac-bfe2-be92cf490dc0" executionId="caa601fb-6bc1-4cee-bdfb-9ea4cc8b70fe" testListId="8c84fa94-04c1-424b-9868-57a2d4851a1d" /><TestEntry testId="7d7c0e84-7345-4dd2-b530-374a010c43d3" executionId="9429a890-501f-4b1e-94d5-ee8c1195719f" testListId="8c84fa94-04c1-424b-9868-57a2d4851a1d" /><TestEntry testId="e37d06e9-f333-4b1f-8c7a-5fa70e4b2d37" executionId="c5931005-7de5-494c-baae-51cd64b685cf" testListId="8c84fa94-04c1-424b-9868-57a2d4851a1d" /><TestEntry testId="52759795-f9a7-4c56-bbfe-3300c1aefab7" executionId="d41bba34-608f-45d3-b18b-cf893be3dd1e" testListId="8c84fa94-04c1-424b-9868-57a2d4851a1d" /><TestEntry testId="4f43cfd8-86af-452e-a7ab-6fe88632fc73" executionId="6b15a3ca-f3e1-4baa-b7e8-3a52761cf522" testListId="8c84fa94-04c1-424b-9868-57a2d4851a1d" /><TestEntry testId="6a54cc40-5576-4692-b495-411587a415e2" executionId="eef00f75-b284-441c-8eab-789b4dfe8ebb" testListId="8c84fa94-04c1-424b-9868-57a2d4851a1d" /><TestEntry testId="d2ce7a09-7162-4804-9f2b-470e5ee5ed18" executionId="796c166b-9db0-4304-9fd2-997325309a98" testListId="8c84fa94-04c1-424b-9868-57a2d4851a1d" /><TestEntry testId="e822a39b-5bec-4b54-9339-51b8d22fcf6f" executionId="7c6ee3fa-c260-423a-898a-cdc552786b22" testListId="8c84fa94-04c1-424b-9868-57a2d4851a1d" /><TestEntry testId="c2464571-8ac2-4592-9777-b30f01dd0fef" executionId="58f095e3-c1bd-4732-a2f9-51dbaec234f7" testListId="8c84fa94-04c1-424b-9868-57a2d4851a1d" /><TestEntry testId="9a126568-6077-442b-896c-2634b9b61c0f" executionId="0c450615-8216-493d-9e96-dcf6660cfceb" testListId="8c84fa94-04c1-424b-9868-57a2d4851a1d" /><TestEntry testId="fcb2a331-4bb0-4a3d-bb6a-3c3f728476af" executionId="5af82971-4628-4372-a7fb-683cd16cc2b4" testListId="8c84fa94-04c1-424b-9868-57a2d4851a1d" /><TestEntry testId="1838d5ce-4ab9-4528-8258-33e6074eefd6" executionId="9fd7a687-762d-40d0-9969-e9ed87ce72d1" testListId="8c84fa94-04c1-424b-9868-57a2d4851a1d" /><TestEntry testId="5dba1997-64a3-4c76-a83b-8f814a71fa0d" executionId="4ecdb2ae-8660-4985-8ae5-e684da19f434" testListId="8c84fa94-04c1-424b-9868-57a2d4851a1d" /><TestEntry testId="10cc7ccb-7cbc-4a3d-843f-d3542c9942a2" executionId="69dac96e-c150-4b22-b5a2-d1fefffa649b" testListId="8c84fa94-04c1-424b-9868-57a2d4851a1d" /><TestEntry testId="c77b2bee-67ce-41a6-9d3e-8eeb3cce044b" executionId="f1f410a9-6bfe-4b3c-b5bc-89d63d87ef51" testListId="8c84fa94-04c1-424b-9868-57a2d4851a1d" /><TestEntry testId="e5f9fe44-d1d4-4e5f-89d7-07ff5bac8fe9" executionId="2da692f2-c125-4e10-ba37-9e2f6d848f02" testListId="8c84fa94-04c1-424b-9868-57a2d4851a1d" /><TestEntry testId="4a16695c-2771-4879-a6ed-ac825ce22441" executionId="20d283a7-91e0-482f-afdf-ce24fa7d438b" testListId="8c84fa94-04c1-424b-9868-57a2d4851a1d" /><TestEntry testId="7475b435-405d-4dab-ad4e-a937f2049357" executionId="807f9cbe-3991-4f16-a345-e190bf76ae32" testListId="8c84fa94-04c1-424b-9868-57a2d4851a1d" /><TestEntry testId="a598cf23-7201-4575-ae4d-e6ce4e840da7" executionId="b26ace69-da90-4a00-9ec2-1ef907153e0d" testListId="8c84fa94-04c1-424b-9868-57a2d4851a1d" /><TestEntry testId="fc84856a-56a1-431d-8fc9-881ce5e14234" executionId="7383114a-5346-41f1-8ad9-e17e29756dec" testListId="8c84fa94-04c1-424b-9868-57a2d4851a1d" /><TestEntry testId="a1900ec3-24c3-4bfa-ba92-bc8d891d3e5e" executionId="93eceab3-58bc-4a91-9a7d-21707cd7b4fb" testListId="8c84fa94-04c1-424b-9868-57a2d4851a1d" /><TestEntry testId="70e09837-7419-4033-9a46-14798572dda5" executionId="cd46a340-955b-43eb-8b3d-6d4247e923da" testListId="8c84fa94-04c1-424b-9868-57a2d4851a1d" /><TestEntry testId="ec5992f7-f91f-4644-8506-6912b0b66059" executionId="cc63a767-9f08-4705-b756-0e58c47bf0e8" testListId="8c84fa94-04c1-424b-9868-57a2d4851a1d" /><TestEntry testId="545cd7f0-90bc-43c9-9f70-cb0266a50c8f" executionId="6a33016f-4e1d-4542-b601-e0b40345a6e0" testListId="8c84fa94-04c1-424b-9868-57a2d4851a1d" /><TestEntry testId="0673e35e-fe9b-4e5b-bd45-30909390d604" executionId="bb683579-3589-45e3-9106-1e5b7efe521a" testListId="8c84fa94-04c1-424b-9868-57a2d4851a1d" /><TestEntry testId="d03bed60-cf83-4011-934e-a7a5dc3400a1" executionId="1a83578d-9592-4c97-9bb4-08242b141c05" testListId="8c84fa94-04c1-424b-9868-57a2d4851a1d" /><TestEntry testId="2c0da9ce-13da-4d4d-a70b-c2dbbcb704d4" executionId="62238ca5-f642-4609-85c3-e0b087bea977" testListId="8c84fa94-04c1-424b-9868-57a2d4851a1d" /><TestEntry testId="70261773-0573-4854-beb6-ef3938f52482" executionId="533a9557-987a-48d7-90ca-baf1d3d49b40" testListId="8c84fa94-04c1-424b-9868-57a2d4851a1d" /><TestEntry testId="ccf39f0e-54c7-4517-927a-da7223105c2e" executionId="7e82767f-0e16-4e2d-8a3a-eb57ece6005b" testListId="8c84fa94-04c1-424b-9868-57a2d4851a1d" /><TestEntry testId="7c9d8ae3-a3ef-412b-ade3-e139d8ff4a10" executionId="b9a74a4e-1d69-4db5-ab5d-bf7e7e4f1658" testListId="8c84fa94-04c1-424b-9868-57a2d4851a1d" /><TestEntry testId="33734074-4afe-4579-9c1a-ce9703f19e34" executionId="8c94f7a4-2304-44bf-8b63-f518b5149b2e" testListId="8c84fa94-04c1-424b-9868-57a2d4851a1d" /><TestEntry testId="6e0d5dfa-5658-4d68-8dcb-274d95df56a6" executionId="82ff303f-f5f9-45c7-9751-1788ba9d4fd0" testListId="8c84fa94-04c1-424b-9868-57a2d4851a1d" /><TestEntry testId="6593087a-a42c-4666-87d1-a170f7a8f976" executionId="7e72b40e-a22c-4073-8472-6ac461607726" testListId="8c84fa94-04c1-424b-9868-57a2d4851a1d" /><TestEntry testId="80437613-c728-47b5-91c2-b84af5d88f12" executionId="c0e1cf23-eca8-49cb-8a3b-fd40c8471752" testListId="8c84fa94-04c1-424b-9868-57a2d4851a1d" /><TestEntry testId="d04f4f3f-6556-4529-8479-5d47d45b4e37" executionId="d2bfe709-dbbc-4f87-8364-b48ce2ebb57b" testListId="8c84fa94-04c1-424b-9868-57a2d4851a1d" /><TestEntry testId="9cbd59a0-5924-46b0-ac3e-8073d1c6f9c2" executionId="792d01bf-91b1-4e82-85c6-72cd6468904e" testListId="8c84fa94-04c1-424b-9868-57a2d4851a1d" /><TestEntry testId="3b0dd2ad-893f-489e-a947-2076b01fe92a" executionId="39ab734f-73af-4aba-a0da-0a11524ebce3" testListId="8c84fa94-04c1-424b-9868-57a2d4851a1d" /><TestEntry testId="8f6bb5b8-9777-4d8b-ada2-dbc62e3517c0" executionId="ff0a653f-2146-489d-a970-d17778fc6fff" testListId="8c84fa94-04c1-424b-9868-57a2d4851a1d" /><TestEntry testId="36b7accc-4dbe-439a-82ce-a390f23efce4" executionId="5a931136-19f4-475f-a150-2ebf5b8c922c" testListId="8c84fa94-04c1-424b-9868-57a2d4851a1d" /><TestEntry testId="c95c8262-3f81-49d0-9df1-27477937b43c" executionId="cbafe032-2fca-485d-8943-c57a0912d37e" testListId="8c84fa94-04c1-424b-9868-57a2d4851a1d" /><TestEntry testId="c63d5bbe-6dde-4a18-9009-6c92c9bc8bc6" executionId="43f2e87b-c50a-4df0-84c3-11ed0c7cce28" testListId="8c84fa94-04c1-424b-9868-57a2d4851a1d" /><TestEntry testId="dd005d11-f7db-4166-95c3-a9f5b34d275d" executionId="4b98437f-500b-45e2-b4ed-1c5cb2987434" testListId="8c84fa94-04c1-424b-9868-57a2d4851a1d" /><TestEntry testId="bf5873a6-255a-4976-ad16-09237802b9e3" executionId="f5f7e426-5a9f-40fd-9b80-69d17199a4b9" testListId="8c84fa94-04c1-424b-9868-57a2d4851a1d" /><TestEntry testId="527fb81c-ff07-4c38-8eb0-89890d8c171f" executionId="ab8737bb-d8ac-4a45-95b3-ef729334cecb" testListId="8c84fa94-04c1-424b-9868-57a2d4851a1d" /><TestEntry testId="81224a70-cc61-4a37-b027-5030c952cc89" executionId="56991fbb-6a57-4fae-866c-a9969ca7e2dd" testListId="8c84fa94-04c1-424b-9868-57a2d4851a1d" /><TestEntry testId="b9a8ef21-b1ab-405a-8002-3a4bde0cef8c" executionId="4c5da531-4f98-4986-bc57-ad5f2c9e5092" testListId="8c84fa94-04c1-424b-9868-57a2d4851a1d" /><TestEntry testId="ea307c77-7676-41cf-a1c9-26c844da0757" executionId="169ebe57-754d-4df1-bab3-dc4c69d6ec50" testListId="8c84fa94-04c1-424b-9868-57a2d4851a1d" /><TestEntry testId="3b636903-e098-4c6a-b699-567c70b5ea96" executionId="f6098537-fa94-4605-9ebe-35001bfb7e9a" testListId="8c84fa94-04c1-424b-9868-57a2d4851a1d" /><TestEntry testId="ab862020-d199-491e-8168-75f3218a8258" executionId="e1623f9e-4b07-452b-ae45-4adb18c78228" testListId="8c84fa94-04c1-424b-9868-57a2d4851a1d" /><TestEntry testId="04fe22c2-b0b3-4b5f-9af8-af2d9605af62" executionId="bc3963c0-3443-4949-8903-d59725dc5fa7" testListId="8c84fa94-04c1-424b-9868-57a2d4851a1d" /><TestEntry testId="1777aae8-4ad9-4ad3-b407-6696e5bb5684" executionId="7d5d99db-7cf0-4937-9046-06edc322d463" testListId="8c84fa94-04c1-424b-9868-57a2d4851a1d" /><TestEntry testId="e8c85d5e-4075-4dae-9dc6-3eb9e887fb08" executionId="dd5adc8f-6959-419a-94dd-1869f69aba40" testListId="8c84fa94-04c1-424b-9868-57a2d4851a1d" /><TestEntry testId="620d2fe5-7e08-401a-8882-4340acb4ab4c" executionId="50a80ae1-cdaf-4cf5-86a0-9cf830a3ee3c" testListId="8c84fa94-04c1-424b-9868-57a2d4851a1d" /><TestEntry testId="cc1b073d-10f9-4c85-8a2d-a45fe82d0e00" executionId="b3727815-2d0a-4094-818b-b3c43ec8a304" testListId="8c84fa94-04c1-424b-9868-57a2d4851a1d" /><TestEntry testId="2a338fa0-8a13-44f5-97e7-97de52efd270" executionId="2a069219-237c-48e4-9bd7-510dcbce54b7" testListId="8c84fa94-04c1-424b-9868-57a2d4851a1d" /><TestEntry testId="0cf2c665-07f9-4f45-b321-37abd8b5a3d4" executionId="8758b630-d790-43cb-88d7-94ee124e2acf" testListId="8c84fa94-04c1-424b-9868-57a2d4851a1d" /><TestEntry testId="ebca0b09-e9a3-47a8-b4f9-747f5a6063e5" executionId="e91d5ff5-4029-4500-b965-0d9f7f0f363a" testListId="8c84fa94-04c1-424b-9868-57a2d4851a1d" /><TestEntry testId="5da78f98-61d5-4171-ac39-edeb426bc9d4" executionId="ea719a57-d80d-41fe-80bc-c317b9725618" testListId="8c84fa94-04c1-424b-9868-57a2d4851a1d" /><TestEntry testId="4a52b870-8eb9-4fb7-ad3d-4fb738fd3e59" executionId="51548339-01c1-4f2f-b783-3faebc292bc8" testListId="8c84fa94-04c1-424b-9868-57a2d4851a1d" /><TestEntry testId="f6e74553-70bf-4659-b9e6-3831ade43167" executionId="f3c9d5ac-9029-4301-954f-770acede7a1d" testListId="8c84fa94-04c1-424b-9868-57a2d4851a1d" /><TestEntry testId="34da5137-5692-416e-9e28-9d5437f3d225" executionId="f6da9ae9-7acd-420c-aca4-6493abc384ee" testListId="8c84fa94-04c1-424b-9868-57a2d4851a1d" /><TestEntry testId="f06cfc00-ac18-4fce-b651-54597fa02410" executionId="cc510fe3-2105-4d11-9cfb-bf8fe9b900bf" testListId="8c84fa94-04c1-424b-9868-57a2d4851a1d" /></TestEntries><TestLists><TestList name="Results Not in a List" id="8c84fa94-04c1-424b-9868-57a2d4851a1d" /><TestList name="All Loaded Results" id="19431567-8539-422a-85d7-44ee4e166bda" /></TestLists><ResultSummary outcome="Completed"><Counters total="152" executed="152" passed="152" failed="0" error="0" timeout="0" aborted="0" inconclusive="0" passedButRunAborted="0" notRunnable="0" notExecuted="0" disconnected="0" warning="0" completed="0" inProgress="0" pending="0" /><Output><StdOut>[xUnit.net 00:00:01.3428599]   Discovering: ModelRelief.Test[xUnit.net 00:00:01.4533202]   Discovered:  ModelRelief.Test[xUnit.net 00:00:01.4586211]   Starting:    ModelRelief.Test[xUnit.net 00:00:41.1510823]   Finished:    ModelRelief.Test</StdOut></Output></ResultSummary></TestRun>