<?xml version="1.0" encoding="utf-8"?><TestRun id="a73bdd29-8552-44e1-9eb1-1ecbf486a209" name="Steve Knipmeyer@VECTOR 2018-07-28 06:36:05" runUser="VECTOR\Steve Knipmeyer" xmlns="http://microsoft.com/schemas/VisualStudio/TeamTest/2010"><Times creation="2018-07-28T06:36:05.8554701-04:00" queuing="2018-07-28T06:36:05.8554812-04:00" start="2018-07-28T06:36:01.7895546-04:00" finish="2018-07-28T06:36:42.2180814-04:00" /><TestSettings name="default" id="03cffae6-bb01-4759-9297-0c666ce049f5"><Deployment runDeploymentRoot="Steve_Knipmeyer_VECTOR_2018-07-28_06_36_05" /></TestSettings><Results><UnitTestResult executionId="b7f92d04-b207-4fd5-9fac-2cb75b0aa04c" testId="eaad8f08-e14f-4e35-a4d5-3c33278ae00c" testName="GetSingle_ValidIdPropertyValueReturnsCorrectModel" computerName="VECTOR" duration="00:00:00.0260000" startTime="2018-07-28T06:36:39.9021217-04:00" endTime="2018-07-28T06:36:39.9021305-04:00" testType="13cdc9d9-ddb5-4fa4-a97d-d965ccfc6d4b" outcome="Passed" testListId="8c84fa94-04c1-424b-9868-57a2d4851a1d" relativeResultsDirectory="b7f92d04-b207-4fd5-9fac-2cb75b0aa04c" /><UnitTestResult executionId="391d7601-c9f7-4f48-b900-510e686d113d" testId="e7f95d00-1590-4fbe-af15-4d90c0639a61" testName="Patch_TargetPropertyIsUpdated" computerName="VECTOR" duration="00:00:00.3650000" startTime="2018-07-28T06:36:19.6287254-04:00" endTime="2018-07-28T06:36:19.6287314-04:00" testType="13cdc9d9-ddb5-4fa4-a97d-d965ccfc6d4b" outcome="Passed" testListId="8c84fa94-04c1-424b-9868-57a2d4851a1d" relativeResultsDirectory="391d7601-c9f7-4f48-b900-510e686d113d" /><UnitTestResult executionId="87cffa5b-6f18-412f-ac27-92e689d6cfd7" testId="2225481b-a573-4212-bbc7-68f1c5c4f550" testName="Patch_MultipleInvalidReferencePropertiesReturnsMultipleValidationErrorsAndBadRequest" computerName="VECTOR" duration="00:00:00.0440000" startTime="2018-07-28T06:36:09.9914721-04:00" endTime="2018-07-28T06:36:09.9914781-04:00" testType="13cdc9d9-ddb5-4fa4-a97d-d965ccfc6d4b" outcome="Passed" testListId="8c84fa94-04c1-424b-9868-57a2d4851a1d" relativeResultsDirectory="87cffa5b-6f18-412f-ac27-92e689d6cfd7" /><UnitTestResult executionId="6f5720db-a3a5-4673-87ef-3f094ebdb5d5" testId="8cfa28e2-bbd3-4699-8db7-6d84fd72167a" testName="Post_InvalidReferencePropertyReturnsBadRequest" computerName="VECTOR" duration="00:00:00.0210000" startTime="2018-07-28T06:36:33.5860711-04:00" endTime="2018-07-28T06:36:33.5860750-04:00" testType="13cdc9d9-ddb5-4fa4-a97d-d965ccfc6d4b" outcome="Passed" testListId="8c84fa94-04c1-424b-9868-57a2d4851a1d" relativeResultsDirectory="6f5720db-a3a5-4673-87ef-3f094ebdb5d5" /><UnitTestResult executionId="4a25ce4c-0dec-4dbb-baa3-c4efba89daa7" testId="8e8293b0-60e6-4700-9c70-09a3406df22c" testName="Patch_ValidReferencePropertyUpdatesModel" computerName="VECTOR" duration="00:00:00.5590000" startTime="2018-07-28T06:36:09.3951282-04:00" endTime="2018-07-28T06:36:09.3951347-04:00" testType="13cdc9d9-ddb5-4fa4-a97d-d965ccfc6d4b" outcome="Passed" testListId="8c84fa94-04c1-424b-9868-57a2d4851a1d" relativeResultsDirectory="4a25ce4c-0dec-4dbb-baa3-c4efba89daa7" /><UnitTestResult executionId="1b747fd1-fdd2-46de-a3c5-fe28feb4f164" testId="584a4bbf-442f-44d3-994b-ae11a29c0b41" testName="Post_CanCreateNewModel" computerName="VECTOR" duration="00:00:00.1810000" startTime="2018-07-28T06:36:40.0837744-04:00" endTime="2018-07-28T06:36:40.0837807-04:00" testType="13cdc9d9-ddb5-4fa4-a97d-d965ccfc6d4b" outcome="Passed" testListId="8c84fa94-04c1-424b-9868-57a2d4851a1d" relativeResultsDirectory="1b747fd1-fdd2-46de-a3c5-fe28feb4f164" /><UnitTestResult executionId="63dafb05-c06a-4dde-b801-e0297fbffa91" testId="07cabdea-b212-4e4f-940f-d5271d5279b1" testName="Patch_ValidReferencePropertyUpdatesModel" computerName="VECTOR" duration="00:00:00.3590000" startTime="2018-07-28T06:36:41.3673140-04:00" endTime="2018-07-28T06:36:41.3673202-04:00" testType="13cdc9d9-ddb5-4fa4-a97d-d965ccfc6d4b" outcome="Passed" testListId="8c84fa94-04c1-424b-9868-57a2d4851a1d" relativeResultsDirectory="63dafb05-c06a-4dde-b801-e0297fbffa91" /><UnitTestResult executionId="b714aba3-176f-4f71-9c3c-47287a3dd7a9" testId="a1235249-fb17-4559-adec-c05081c24ceb" testName="Put_InvalidIdReturnsNotFound" computerName="VECTOR" duration="00:00:00.0370000" startTime="2018-07-28T06:36:08.7902116-04:00" endTime="2018-07-28T06:36:08.7902170-04:00" testType="13cdc9d9-ddb5-4fa4-a97d-d965ccfc6d4b" outcome="Passed" testListId="8c84fa94-04c1-424b-9868-57a2d4851a1d" relativeResultsDirectory="b714aba3-176f-4f71-9c3c-47287a3dd7a9" /><UnitTestResult executionId="2ef37c72-1f23-4e68-93e7-3ad271e24e9f" testId="18b1eff6-bec5-426c-979a-90a620416b13" testName="Patch_ValidReferencePropertyUpdatesModel" computerName="VECTOR" duration="00:00:00.5740000" startTime="2018-07-28T06:36:05.7035957-04:00" endTime="2018-07-28T06:36:05.7036025-04:00" testType="13cdc9d9-ddb5-4fa4-a97d-d965ccfc6d4b" outcome="Passed" testListId="8c84fa94-04c1-424b-9868-57a2d4851a1d" relativeResultsDirectory="2ef37c72-1f23-4e68-93e7-3ad271e24e9f" /><UnitTestResult executionId="e0a784b5-d3ac-4583-be0e-7da9fa7d3eed" testId="a388e9fd-d047-4d69-8c75-3c95a526eae3" testName="Put_ValidReferencePropertyUpdatesModel" computerName="VECTOR" duration="00:00:00.5150000" startTime="2018-07-28T06:36:33.4679190-04:00" endTime="2018-07-28T06:36:33.4679252-04:00" testType="13cdc9d9-ddb5-4fa4-a97d-d965ccfc6d4b" outcome="Passed" testListId="8c84fa94-04c1-424b-9868-57a2d4851a1d" relativeResultsDirectory="e0a784b5-d3ac-4583-be0e-7da9fa7d3eed" /><UnitTestResult executionId="aacceb06-266c-4e40-847f-9f6fa75cf0db" testId="3b73f137-9dd7-4f1a-8823-0799bcf5d08e" testName="FileRequest_MeshGenerateSetsFileIsSynchronized" computerName="VECTOR" duration="00:00:03.7750000" startTime="2018-07-28T06:36:31.0449057-04:00" endTime="2018-07-28T06:36:31.0449148-04:00" testType="13cdc9d9-ddb5-4fa4-a97d-d965ccfc6d4b" outcome="Passed" testListId="8c84fa94-04c1-424b-9868-57a2d4851a1d" relativeResultsDirectory="aacceb06-266c-4e40-847f-9f6fa75cf0db" /><UnitTestResult executionId="42c22b5d-e349-4be0-a31c-9f7180cb0a45" testId="1f5a0890-4d37-4aa5-ac66-dfec5e934577" testName="GetFile_FileCanBeRoundTripped" computerName="VECTOR" duration="00:00:00.4490000" startTime="2018-07-28T06:36:24.7286961-04:00" endTime="2018-07-28T06:36:24.7287064-04:00" testType="13cdc9d9-ddb5-4fa4-a97d-d965ccfc6d4b" outcome="Passed" testListId="8c84fa94-04c1-424b-9868-57a2d4851a1d" relativeResultsDirectory="42c22b5d-e349-4be0-a31c-9f7180cb0a45" /><UnitTestResult executionId="845ef682-83c9-42a8-a828-885b8201abe9" testId="84fa5315-8a86-46de-a2cd-cf24e2b98945" testName="Put_InvalidIdReturnsNotFound" computerName="VECTOR" duration="00:00:00.2050000" startTime="2018-07-28T06:36:13.3328449-04:00" endTime="2018-07-28T06:36:13.3328523-04:00" testType="13cdc9d9-ddb5-4fa4-a97d-d965ccfc6d4b" outcome="Passed" testListId="8c84fa94-04c1-424b-9868-57a2d4851a1d" relativeResultsDirectory="845ef682-83c9-42a8-a828-885b8201abe9" /><UnitTestResult executionId="7175aa58-8630-429a-a03e-51d58f15d97a" testId="10513bc1-112b-49b9-a828-c66c5b3beebb" testName="Patch_InvalidReferencePropertyReturnsBadRequest" computerName="VECTOR" duration="00:00:00.0420000" startTime="2018-07-28T06:36:14.0136413-04:00" endTime="2018-07-28T06:36:14.0136487-04:00" testType="13cdc9d9-ddb5-4fa4-a97d-d965ccfc6d4b" outcome="Passed" testListId="8c84fa94-04c1-424b-9868-57a2d4851a1d" relativeResultsDirectory="7175aa58-8630-429a-a03e-51d58f15d97a" /><UnitTestResult executionId="484cf8eb-653e-4ec8-a00f-f0762a03b448" testId="6fa2bbe7-bffe-4183-be74-c2e7426c4564" testName="GetSingle_ValidIdPropertyValueReturnsCorrectModel" computerName="VECTOR" duration="00:00:00.0220000" startTime="2018-07-28T06:36:33.6082732-04:00" endTime="2018-07-28T06:36:33.6082769-04:00" testType="13cdc9d9-ddb5-4fa4-a97d-d965ccfc6d4b" outcome="Passed" testListId="8c84fa94-04c1-424b-9868-57a2d4851a1d" relativeResultsDirectory="484cf8eb-653e-4ec8-a00f-f0762a03b448" /><UnitTestResult executionId="e563e5d1-aedf-489c-9017-0a2e6a1b0e02" testId="3a88f3c9-ae32-4a8c-b64c-3de1647cfe83" testName="PutFile_NewFileCanBePut" computerName="VECTOR" duration="00:00:00.4280000" startTime="2018-07-28T06:36:10.9802709-04:00" endTime="2018-07-28T06:36:10.9802778-04:00" testType="13cdc9d9-ddb5-4fa4-a97d-d965ccfc6d4b" outcome="Passed" testListId="8c84fa94-04c1-424b-9868-57a2d4851a1d" relativeResultsDirectory="e563e5d1-aedf-489c-9017-0a2e6a1b0e02" /><UnitTestResult executionId="1590c329-b764-41ff-8c0f-7cb6a1d9925e" testId="a7368a3e-f47f-4d01-99d6-4ee424c4fc74" testName="Patch_InvalidReferencePropertyReturnsBadRequest" computerName="VECTOR" duration="00:00:00.0120000" startTime="2018-07-28T06:36:06.7919210-04:00" endTime="2018-07-28T06:36:06.7919289-04:00" testType="13cdc9d9-ddb5-4fa4-a97d-d965ccfc6d4b" outcome="Passed" testListId="8c84fa94-04c1-424b-9868-57a2d4851a1d" relativeResultsDirectory="1590c329-b764-41ff-8c0f-7cb6a1d9925e" /><UnitTestResult executionId="ce16d336-cefa-4a59-b55d-4fb05aaed918" testId="00a0a82d-e973-4372-b52f-ef9eed906e3a" testName="Post_CanCreateNewModel" computerName="VECTOR" duration="00:00:00.1990000" startTime="2018-07-28T06:36:19.8285651-04:00" endTime="2018-07-28T06:36:19.8285716-04:00" testType="13cdc9d9-ddb5-4fa4-a97d-d965ccfc6d4b" outcome="Passed" testListId="8c84fa94-04c1-424b-9868-57a2d4851a1d" relativeResultsDirectory="ce16d336-cefa-4a59-b55d-4fb05aaed918" /><UnitTestResult executionId="e39d942f-097a-4ba4-876f-1918d9bd62c7" testId="4508bf0a-8160-45f2-921d-f5640000e9dc" testName="LucyModel3dHasTwoDependents" computerName="VECTOR" duration="00:00:00.3570000" startTime="2018-07-28T06:36:05.1145484-04:00" endTime="2018-07-28T06:36:05.1145555-04:00" testType="13cdc9d9-ddb5-4fa4-a97d-d965ccfc6d4b" outcome="Passed" testListId="8c84fa94-04c1-424b-9868-57a2d4851a1d" relativeResultsDirectory="e39d942f-097a-4ba4-876f-1918d9bd62c7" /><UnitTestResult executionId="916e410e-5310-4040-96f0-9b013df16f66" testId="32068133-bb9d-4513-b99b-97b2327b564a" testName="Patch_InvalidEnumPropertyValueReturnsBadRequest" computerName="VECTOR" duration="00:00:00.0640000" startTime="2018-07-28T06:36:32.0422136-04:00" endTime="2018-07-28T06:36:32.0422187-04:00" testType="13cdc9d9-ddb5-4fa4-a97d-d965ccfc6d4b" outcome="Passed" testListId="8c84fa94-04c1-424b-9868-57a2d4851a1d" relativeResultsDirectory="916e410e-5310-4040-96f0-9b013df16f66" /><UnitTestResult executionId="a3653031-66a1-4530-8805-243d11fd6f6b" testId="73f9c8ee-515c-49f4-a688-7f88895169e4" testName="GetSingle_ValidIdPropertyValueReturnsCorrectModel" computerName="VECTOR" duration="00:00:00.0160000" startTime="2018-07-28T06:36:15.8183134-04:00" endTime="2018-07-28T06:36:15.8183208-04:00" testType="13cdc9d9-ddb5-4fa4-a97d-d965ccfc6d4b" outcome="Passed" testListId="8c84fa94-04c1-424b-9868-57a2d4851a1d" relativeResultsDirectory="a3653031-66a1-4530-8805-243d11fd6f6b" /><UnitTestResult executionId="a1a29376-3f94-47c0-a106-395cbf7075d2" testId="68f79a61-ec88-43f6-843f-1afa3e64f63b" testName="Put_InvalidIdReturnsNotFound" computerName="VECTOR" duration="00:00:00.0330000" startTime="2018-07-28T06:36:40.1176457-04:00" endTime="2018-07-28T06:36:40.1176534-04:00" testType="13cdc9d9-ddb5-4fa4-a97d-d965ccfc6d4b" outcome="Passed" testListId="8c84fa94-04c1-424b-9868-57a2d4851a1d" relativeResultsDirectory="a1a29376-3f94-47c0-a106-395cbf7075d2" /><UnitTestResult executionId="2d049ba2-3182-4a2f-8bea-5fb05a21dc09" testId="3ef2d8aa-9b0b-4865-8e7e-7b566b446fee" testName="Post_InvalidReferencePropertyReturnsBadRequest" computerName="VECTOR" duration="00:00:00.0180000" startTime="2018-07-28T06:36:40.3796571-04:00" endTime="2018-07-28T06:36:40.3796645-04:00" testType="13cdc9d9-ddb5-4fa4-a97d-d965ccfc6d4b" outcome="Passed" testListId="8c84fa94-04c1-424b-9868-57a2d4851a1d" relativeResultsDirectory="2d049ba2-3182-4a2f-8bea-5fb05a21dc09" /><UnitTestResult executionId="85711d62-553e-409c-bdef-2cfc906bc1f9" testId="ae0c4e07-f206-4099-b369-d656e80de93d" testName="Put_InvalidIdReturnsNotFound" computerName="VECTOR" duration="00:00:00.0590000" startTime="2018-07-28T06:36:07.0480365-04:00" endTime="2018-07-28T06:36:07.0480424-04:00" testType="13cdc9d9-ddb5-4fa4-a97d-d965ccfc6d4b" outcome="Passed" testListId="8c84fa94-04c1-424b-9868-57a2d4851a1d" relativeResultsDirectory="85711d62-553e-409c-bdef-2cfc906bc1f9" /><UnitTestResult executionId="16330d97-3135-45aa-86c2-e01d51139624" testId="cf83d2fa-6b9c-45d0-964a-41c10a5abd5c" testName="GetSingle_InvalidIdPropertyValueReturnsNotFound" computerName="VECTOR" duration="00:00:00.0230000" startTime="2018-07-28T06:36:19.9360664-04:00" endTime="2018-07-28T06:36:19.9360712-04:00" testType="13cdc9d9-ddb5-4fa4-a97d-d965ccfc6d4b" outcome="Passed" testListId="8c84fa94-04c1-424b-9868-57a2d4851a1d" relativeResultsDirectory="16330d97-3135-45aa-86c2-e01d51139624" /><UnitTestResult executionId="63ab8cb0-0bd9-474c-a44f-acc0d75ece8e" testId="604892a1-39c6-4567-a9f5-4847d0ddda55" testName="PostFile_FileTimeStampIsUpdatedAfterFileIsPosted" computerName="VECTOR" duration="00:00:01.4740000" startTime="2018-07-28T06:36:36.1352406-04:00" endTime="2018-07-28T06:36:36.1352468-04:00" testType="13cdc9d9-ddb5-4fa4-a97d-d965ccfc6d4b" outcome="Passed" testListId="8c84fa94-04c1-424b-9868-57a2d4851a1d" relativeResultsDirectory="63ab8cb0-0bd9-474c-a44f-acc0d75ece8e" /><UnitTestResult executionId="7b58312f-5304-436d-9886-79ef19b9cb6a" testId="08efa622-3996-4f70-943e-29469d23ac55" testName="GetSingle_ValidIdPropertyValueReturnsCorrectModel" computerName="VECTOR" duration="00:00:00.0470000" startTime="2018-07-28T06:36:20.5487932-04:00" endTime="2018-07-28T06:36:20.5488003-04:00" testType="13cdc9d9-ddb5-4fa4-a97d-d965ccfc6d4b" outcome="Passed" testListId="8c84fa94-04c1-424b-9868-57a2d4851a1d" relativeResultsDirectory="7b58312f-5304-436d-9886-79ef19b9cb6a" /><UnitTestResult executionId="065123e5-9203-4062-9ea2-a5a9e2b6e54b" testId="c5cf0e52-3e2c-4f2d-b608-a77b5c92ce38" testName="PostFile_NewFileCanBePosted" computerName="VECTOR" duration="00:00:00.3410000" startTime="2018-07-28T06:36:12.7045969-04:00" endTime="2018-07-28T06:36:12.7046021-04:00" testType="13cdc9d9-ddb5-4fa4-a97d-d965ccfc6d4b" outcome="Passed" testListId="8c84fa94-04c1-424b-9868-57a2d4851a1d" relativeResultsDirectory="065123e5-9203-4062-9ea2-a5a9e2b6e54b" /><UnitTestResult executionId="261e1891-4df2-4689-a060-fc1cdfb7e2f3" testId="053813cf-c558-4278-ad84-951951594ef7" testName="Patch_InvalidPropertyNameReturnsBadRequest" computerName="VECTOR" duration="00:00:00.0170000" startTime="2018-07-28T06:36:32.0833286-04:00" endTime="2018-07-28T06:36:32.0833346-04:00" testType="13cdc9d9-ddb5-4fa4-a97d-d965ccfc6d4b" outcome="Passed" testListId="8c84fa94-04c1-424b-9868-57a2d4851a1d" relativeResultsDirectory="261e1891-4df2-4689-a060-fc1cdfb7e2f3" /><UnitTestResult executionId="3e420c03-f020-42ec-a8f0-00eb08138645" testId="3fbbf6cf-5b84-4543-bf13-90ad9874ee02" testName="Post_InvalidPropertyValueReturnsBadRequest" computerName="VECTOR" duration="00:00:00.0210000" startTime="2018-07-28T06:36:20.6103905-04:00" endTime="2018-07-28T06:36:20.6103965-04:00" testType="13cdc9d9-ddb5-4fa4-a97d-d965ccfc6d4b" outcome="Passed" testListId="8c84fa94-04c1-424b-9868-57a2d4851a1d" relativeResultsDirectory="3e420c03-f020-42ec-a8f0-00eb08138645" /><UnitTestResult executionId="950b70a3-836c-47e3-a20b-86f250bf1195" testId="154204db-0e8d-4163-b58a-9dbf8e180b20" testName="Patch_MultipleInvalidReferencePropertiesReturnsMultipleValidationErrorsAndBadRequest" computerName="VECTOR" duration="00:00:00.0420000" startTime="2018-07-28T06:36:33.5649434-04:00" endTime="2018-07-28T06:36:33.5649488-04:00" testType="13cdc9d9-ddb5-4fa4-a97d-d965ccfc6d4b" outcome="Passed" testListId="8c84fa94-04c1-424b-9868-57a2d4851a1d" relativeResultsDirectory="950b70a3-836c-47e3-a20b-86f250bf1195" /><UnitTestResult executionId="983068bf-ec8c-4a50-a821-a1ee5c41ec64" testId="a3c7e4d5-fc3a-4018-a356-7d799b9fe267" testName="PutFile_NewFileCanBePut" computerName="VECTOR" duration="00:00:00.3310000" startTime="2018-07-28T06:36:38.8545294-04:00" endTime="2018-07-28T06:36:38.8545419-04:00" testType="13cdc9d9-ddb5-4fa4-a97d-d965ccfc6d4b" outcome="Passed" testListId="8c84fa94-04c1-424b-9868-57a2d4851a1d" relativeResultsDirectory="983068bf-ec8c-4a50-a821-a1ee5c41ec64" /><UnitTestResult executionId="2b2255da-7b49-47ff-a064-061d46959d24" testId="8b4825d4-6959-4a77-b7e0-8ff7bb4074d8" testName="GetSingle_InvalidIdPropertyValueReturnsNotFound" computerName="VECTOR" duration="00:00:00.0230000" startTime="2018-07-28T06:36:15.8023255-04:00" endTime="2018-07-28T06:36:15.8023315-04:00" testType="13cdc9d9-ddb5-4fa4-a97d-d965ccfc6d4b" outcome="Passed" testListId="8c84fa94-04c1-424b-9868-57a2d4851a1d" relativeResultsDirectory="2b2255da-7b49-47ff-a064-061d46959d24" /><UnitTestResult executionId="c22a7c33-5c4a-4d7f-b386-307760c3c14b" testId="3d2d7cb4-ef0c-40c6-ae0c-3847c4a7a159" testName="GetList_ListReturnsCorrectCount" computerName="VECTOR" duration="00:00:00.0230000" startTime="2018-07-28T06:36:10.0149947-04:00" endTime="2018-07-28T06:36:10.0150001-04:00" testType="13cdc9d9-ddb5-4fa4-a97d-d965ccfc6d4b" outcome="Passed" testListId="8c84fa94-04c1-424b-9868-57a2d4851a1d" relativeResultsDirectory="c22a7c33-5c4a-4d7f-b386-307760c3c14b" /><UnitTestResult executionId="5ab3649e-fec2-4e90-bf2a-16e421d75e0b" testId="ad044735-d1c5-4dd2-a8cd-b6a10c05e454" testName="Patch_MultipleInvalidReferencePropertiesReturnsMultipleValidationErrorsAndBadRequest" computerName="VECTOR" duration="00:00:00.0470000" startTime="2018-07-28T06:36:40.9643263-04:00" endTime="2018-07-28T06:36:40.9643325-04:00" testType="13cdc9d9-ddb5-4fa4-a97d-d965ccfc6d4b" outcome="Passed" testListId="8c84fa94-04c1-424b-9868-57a2d4851a1d" relativeResultsDirectory="5ab3649e-fec2-4e90-bf2a-16e421d75e0b" /><UnitTestResult executionId="db850472-3eb7-4242-85b2-e6a9fe8cc9d5" testId="2bdb0e80-1a58-4954-a254-a3e59ee5cb36" testName="Patch_TargetPropertyIsUpdated" computerName="VECTOR" duration="00:00:00.5230000" startTime="2018-07-28T06:36:08.3389322-04:00" endTime="2018-07-28T06:36:08.3389387-04:00" testType="13cdc9d9-ddb5-4fa4-a97d-d965ccfc6d4b" outcome="Passed" testListId="8c84fa94-04c1-424b-9868-57a2d4851a1d" relativeResultsDirectory="db850472-3eb7-4242-85b2-e6a9fe8cc9d5" /><UnitTestResult executionId="e49d95b4-2411-4bdc-af32-bca11415b06a" testId="57cbe266-2728-4cbc-8fde-0101120211c2" testName="PostFile_FileTimeStampIsUpdatedAfterFileIsPosted" computerName="VECTOR" duration="00:00:00.0120000" startTime="2018-07-28T06:36:10.5517540-04:00" endTime="2018-07-28T06:36:10.5517571-04:00" testType="13cdc9d9-ddb5-4fa4-a97d-d965ccfc6d4b" outcome="Passed" testListId="8c84fa94-04c1-424b-9868-57a2d4851a1d" relativeResultsDirectory="e49d95b4-2411-4bdc-af32-bca11415b06a" /><UnitTestResult executionId="e6e7ed95-5ecd-4e66-b886-2623383eaa90" testId="0d377045-3c33-4ea4-aa64-9df131f7be2d" testName="Patch_InvalidIdPropertyReturnsNotFound" computerName="VECTOR" duration="00:00:00.0180000" startTime="2018-07-28T06:36:07.4701082-04:00" endTime="2018-07-28T06:36:07.4701116-04:00" testType="13cdc9d9-ddb5-4fa4-a97d-d965ccfc6d4b" outcome="Passed" testListId="8c84fa94-04c1-424b-9868-57a2d4851a1d" relativeResultsDirectory="e6e7ed95-5ecd-4e66-b886-2623383eaa90" /><UnitTestResult executionId="14f46f7b-b704-4d41-b6e3-391b79786806" testId="1ea2a6e8-e27c-43e0-8694-dd9de018d03d" testName="Patch_InvalidReferencePropertyReturnsBadRequest" computerName="VECTOR" duration="00:00:00.0330000" startTime="2018-07-28T06:36:41.4006563-04:00" endTime="2018-07-28T06:36:41.4006617-04:00" testType="13cdc9d9-ddb5-4fa4-a97d-d965ccfc6d4b" outcome="Passed" testListId="8c84fa94-04c1-424b-9868-57a2d4851a1d" relativeResultsDirectory="14f46f7b-b704-4d41-b6e3-391b79786806" /><UnitTestResult executionId="bc693f80-197b-415a-91c7-a85eb9dce543" testId="7fb17a58-7d95-4324-b211-75170f49b581" testName="GetList_ListReturnsCorrectCount" computerName="VECTOR" duration="00:00:00.0310000" startTime="2018-07-28T06:36:07.4276517-04:00" endTime="2018-07-28T06:36:07.4276571-04:00" testType="13cdc9d9-ddb5-4fa4-a97d-d965ccfc6d4b" outcome="Passed" testListId="8c84fa94-04c1-424b-9868-57a2d4851a1d" relativeResultsDirectory="bc693f80-197b-415a-91c7-a85eb9dce543" /><UnitTestResult executionId="a3d0c122-6ead-4b7b-94c9-423cffc07aad" testId="183fc58d-f186-4df1-a432-8940a63877e3" testName="Put_ValidReferencePropertyUpdatesModel" computerName="VECTOR" duration="00:00:00.3550000" startTime="2018-07-28T06:36:14.3868693-04:00" endTime="2018-07-28T06:36:14.3868747-04:00" testType="13cdc9d9-ddb5-4fa4-a97d-d965ccfc6d4b" outcome="Passed" testListId="8c84fa94-04c1-424b-9868-57a2d4851a1d" relativeResultsDirectory="a3d0c122-6ead-4b7b-94c9-423cffc07aad" /><UnitTestResult executionId="9b4637eb-f19f-44d7-81a3-95dfe605ac58" testId="56c0e91e-b4fc-4f36-a01e-eb1b5da18c6a" testName="PostFile_FileIsSynchronizedIsUpdatedAfterFileIsPosted" computerName="VECTOR" duration="00:00:00.4230000" startTime="2018-07-28T06:36:31.4687019-04:00" endTime="2018-07-28T06:36:31.4687087-04:00" testType="13cdc9d9-ddb5-4fa4-a97d-d965ccfc6d4b" outcome="Passed" testListId="8c84fa94-04c1-424b-9868-57a2d4851a1d" relativeResultsDirectory="9b4637eb-f19f-44d7-81a3-95dfe605ac58" /><UnitTestResult executionId="a639405f-2d18-4b97-93c8-6090a807c58a" testId="ed3d7dc8-c1e5-48a7-81ed-3b7caa8e948a" testName="Put_ValidReferencePropertyUpdatesModel" computerName="VECTOR" duration="00:00:00.0240000" startTime="2018-07-28T06:36:06.7795332-04:00" endTime="2018-07-28T06:36:06.7795389-04:00" testType="13cdc9d9-ddb5-4fa4-a97d-d965ccfc6d4b" outcome="Passed" testListId="8c84fa94-04c1-424b-9868-57a2d4851a1d" relativeResultsDirectory="a639405f-2d18-4b97-93c8-6090a807c58a" /><UnitTestResult executionId="0735215e-2342-4ea9-a932-c93ad4bc40b7" testId="a9c4e302-7bab-4860-bd38-9e79db61734d" testName="PostFile_FileIsSynchronizedIsUpdatedAfterFileIsPosted" computerName="VECTOR" duration="00:00:00.0150000" startTime="2018-07-28T06:36:13.1269450-04:00" endTime="2018-07-28T06:36:13.1269501-04:00" testType="13cdc9d9-ddb5-4fa4-a97d-d965ccfc6d4b" outcome="Passed" testListId="8c84fa94-04c1-424b-9868-57a2d4851a1d" relativeResultsDirectory="0735215e-2342-4ea9-a932-c93ad4bc40b7" /><UnitTestResult executionId="5c344131-1dd8-4a82-b2dc-a2a8a215a6b8" testId="fba36264-d729-4796-aeea-ba71c4bfc3dd" testName="Patch_TargetPropertyIsUpdated" computerName="VECTOR" duration="00:00:00.3240000" startTime="2018-07-28T06:36:15.4034991-04:00" endTime="2018-07-28T06:36:15.4035050-04:00" testType="13cdc9d9-ddb5-4fa4-a97d-d965ccfc6d4b" outcome="Passed" testListId="8c84fa94-04c1-424b-9868-57a2d4851a1d" relativeResultsDirectory="5c344131-1dd8-4a82-b2dc-a2a8a215a6b8" /><UnitTestResult executionId="3537a605-8031-480d-b8e8-7bea78f7c5b1" testId="665289cb-7eae-4282-9daa-edbf6b8b1507" testName="GetFile_ExistingFileReturnsSuccess" computerName="VECTOR" duration="00:00:00.0570000" startTime="2018-07-28T06:36:34.6608188-04:00" endTime="2018-07-28T06:36:34.6608259-04:00" testType="13cdc9d9-ddb5-4fa4-a97d-d965ccfc6d4b" outcome="Passed" testListId="8c84fa94-04c1-424b-9868-57a2d4851a1d" relativeResultsDirectory="3537a605-8031-480d-b8e8-7bea78f7c5b1" /><UnitTestResult executionId="d0bb6147-7b49-4bfe-b07c-7b4d2ac48906" testId="99ad7827-e3a5-41b4-9eac-45a5326fa584" testName="GetList_ListReturnsCorrectCount" computerName="VECTOR" duration="00:00:00.0180000" startTime="2018-07-28T06:36:14.0319148-04:00" endTime="2018-07-28T06:36:14.0319196-04:00" testType="13cdc9d9-ddb5-4fa4-a97d-d965ccfc6d4b" outcome="Passed" testListId="8c84fa94-04c1-424b-9868-57a2d4851a1d" relativeResultsDirectory="d0bb6147-7b49-4bfe-b07c-7b4d2ac48906" /><UnitTestResult executionId="9b1dba8d-1c7b-4de9-b967-d42829a0f73f" testId="06a55608-f76e-4e11-bba2-5c73878689de" testName="Patch_InvalidReferencePropertyReturnsBadRequest" computerName="VECTOR" duration="00:00:00.0540000" startTime="2018-07-28T06:36:33.5222493-04:00" endTime="2018-07-28T06:36:33.5222550-04:00" testType="13cdc9d9-ddb5-4fa4-a97d-d965ccfc6d4b" outcome="Passed" testListId="8c84fa94-04c1-424b-9868-57a2d4851a1d" relativeResultsDirectory="9b1dba8d-1c7b-4de9-b967-d42829a0f73f" /><UnitTestResult executionId="d5d86050-0de2-45a9-a654-189da549894a" testId="414300ec-da44-4500-928d-3b722ca0bf0e" testName="Put_ValidReferencePropertyUpdatesModel" computerName="VECTOR" duration="00:00:00.2840000" startTime="2018-07-28T06:36:09.6793297-04:00" endTime="2018-07-28T06:36:09.6793373-04:00" testType="13cdc9d9-ddb5-4fa4-a97d-d965ccfc6d4b" outcome="Passed" testListId="8c84fa94-04c1-424b-9868-57a2d4851a1d" relativeResultsDirectory="d5d86050-0de2-45a9-a654-189da549894a" /><UnitTestResult executionId="48538884-7f56-4870-ba2b-e9f9fdf733ba" testId="e982e11c-6c7b-49c3-aaeb-9c04ce620261" testName="Patch_InvalidReferencePropertyReturnsBadRequest" computerName="VECTOR" duration="00:00:00.0450000" startTime="2018-07-28T06:36:10.2501819-04:00" endTime="2018-07-28T06:36:10.2501873-04:00" testType="13cdc9d9-ddb5-4fa4-a97d-d965ccfc6d4b" outcome="Passed" testListId="8c84fa94-04c1-424b-9868-57a2d4851a1d" relativeResultsDirectory="48538884-7f56-4870-ba2b-e9f9fdf733ba" /><UnitTestResult executionId="f599f27d-f54f-4eea-a49f-b07ed80df74b" testId="af2a5795-cdd7-45db-a44b-b82880e68061" testName="Patch_InvalidPropertyNameReturnsBadRequest" computerName="VECTOR" duration="00:00:00.0140000" startTime="2018-07-28T06:36:40.9948442-04:00" endTime="2018-07-28T06:36:40.9948504-04:00" testType="13cdc9d9-ddb5-4fa4-a97d-d965ccfc6d4b" outcome="Passed" testListId="8c84fa94-04c1-424b-9868-57a2d4851a1d" relativeResultsDirectory="f599f27d-f54f-4eea-a49f-b07ed80df74b" /><UnitTestResult executionId="aa2f507b-0988-4bea-8539-dfd49dada2a4" testId="084d999d-4cd6-4826-991a-25096356e54e" testName="Put_ValidReferencePropertyUpdatesModel" computerName="VECTOR" duration="00:00:00.3420000" startTime="2018-07-28T06:36:19.1975678-04:00" endTime="2018-07-28T06:36:19.1975797-04:00" testType="13cdc9d9-ddb5-4fa4-a97d-d965ccfc6d4b" outcome="Passed" testListId="8c84fa94-04c1-424b-9868-57a2d4851a1d" relativeResultsDirectory="aa2f507b-0988-4bea-8539-dfd49dada2a4" /><UnitTestResult executionId="3a3b3648-34f1-4785-90a9-ec616fd4b3bf" testId="fe2c56e2-e283-40f2-b164-47c6ad4478af" testName="GetSingle_ValidIdPropertyValueReturnsCorrectModel" computerName="VECTOR" duration="00:00:00.0150000" startTime="2018-07-28T06:36:07.0635576-04:00" endTime="2018-07-28T06:36:07.0635612-04:00" testType="13cdc9d9-ddb5-4fa4-a97d-d965ccfc6d4b" outcome="Passed" testListId="8c84fa94-04c1-424b-9868-57a2d4851a1d" relativeResultsDirectory="3a3b3648-34f1-4785-90a9-ec616fd4b3bf" /><UnitTestResult executionId="3edc943f-54f0-4ab0-bb58-b49c22a87108" testId="50326f74-f4f4-4e0b-8aed-06ac2ec1fdaf" testName="Patch_InvalidIdPropertyReturnsNotFound" computerName="VECTOR" duration="00:00:00.0210000" startTime="2018-07-28T06:36:19.9130884-04:00" endTime="2018-07-28T06:36:19.9130932-04:00" testType="13cdc9d9-ddb5-4fa4-a97d-d965ccfc6d4b" outcome="Passed" testListId="8c84fa94-04c1-424b-9868-57a2d4851a1d" relativeResultsDirectory="3edc943f-54f0-4ab0-bb58-b49c22a87108" /><UnitTestResult executionId="edb7726c-9829-4b0b-b50d-37c00d9c1d0c" testId="4c668d47-d483-4364-9848-e319d212951c" testName="GetFile_ExistingFileReturnsSuccess" computerName="VECTOR" duration="00:00:00.0460000" startTime="2018-07-28T06:36:25.3249423-04:00" endTime="2018-07-28T06:36:25.3249508-04:00" testType="13cdc9d9-ddb5-4fa4-a97d-d965ccfc6d4b" outcome="Passed" testListId="8c84fa94-04c1-424b-9868-57a2d4851a1d" relativeResultsDirectory="edb7726c-9829-4b0b-b50d-37c00d9c1d0c" /><UnitTestResult executionId="5c31ff9d-be72-409b-a254-104fdbd92213" testId="947da9dc-f289-45f7-ae91-84d0a12b1786" testName="Put_CanUpdateModel" computerName="VECTOR" duration="00:00:00.3820000" startTime="2018-07-28T06:36:08.7212725-04:00" endTime="2018-07-28T06:36:08.7212790-04:00" testType="13cdc9d9-ddb5-4fa4-a97d-d965ccfc6d4b" outcome="Passed" testListId="8c84fa94-04c1-424b-9868-57a2d4851a1d" relativeResultsDirectory="5c31ff9d-be72-409b-a254-104fdbd92213" /><UnitTestResult executionId="bfde6dff-e2db-49b8-9742-52e687802b01" testId="4ba80c73-51b0-4b2c-86d3-67cab293da6f" testName="Put_InvalidReferencePropertyReturndBadRequest" computerName="VECTOR" duration="00:00:00.0330000" startTime="2018-07-28T06:36:14.7044099-04:00" endTime="2018-07-28T06:36:14.7044158-04:00" testType="13cdc9d9-ddb5-4fa4-a97d-d965ccfc6d4b" outcome="Passed" testListId="8c84fa94-04c1-424b-9868-57a2d4851a1d" relativeResultsDirectory="bfde6dff-e2db-49b8-9742-52e687802b01" /><UnitTestResult executionId="bb5b1ca4-1932-4846-8333-409c231e5ba5" testId="aee3a910-4ceb-4f6d-b9ec-edd1fda4acef" testName="Patch_InvalidPropertyNameReturnsBadRequest" computerName="VECTOR" duration="00:00:00.0240000" startTime="2018-07-28T06:36:13.3571292-04:00" endTime="2018-07-28T06:36:13.3571352-04:00" testType="13cdc9d9-ddb5-4fa4-a97d-d965ccfc6d4b" outcome="Passed" testListId="8c84fa94-04c1-424b-9868-57a2d4851a1d" relativeResultsDirectory="bb5b1ca4-1932-4846-8333-409c231e5ba5" /><UnitTestResult executionId="4eda963f-2970-41e8-bfa7-2c7d1569a014" testId="501ccd28-208f-4696-8a78-e11d313e23c6" testName="Post_InvalidReferencePropertyReturnsBadRequest" computerName="VECTOR" duration="00:00:00.0150000" startTime="2018-07-28T06:36:15.8334328-04:00" endTime="2018-07-28T06:36:15.8334390-04:00" testType="13cdc9d9-ddb5-4fa4-a97d-d965ccfc6d4b" outcome="Passed" testListId="8c84fa94-04c1-424b-9868-57a2d4851a1d" relativeResultsDirectory="4eda963f-2970-41e8-bfa7-2c7d1569a014" /><UnitTestResult executionId="46983c0a-73b3-42c3-b644-bcdeb517c14f" testId="f8fd4532-2434-4bee-8a55-870adb7da7b7" testName="Delete_TargetModelIsDeleted" computerName="VECTOR" duration="00:00:00.2000000" startTime="2018-07-28T06:36:40.3178876-04:00" endTime="2018-07-28T06:36:40.3178941-04:00" testType="13cdc9d9-ddb5-4fa4-a97d-d965ccfc6d4b" outcome="Passed" testListId="8c84fa94-04c1-424b-9868-57a2d4851a1d" relativeResultsDirectory="46983c0a-73b3-42c3-b644-bcdeb517c14f" /><UnitTestResult executionId="260171cc-6788-4e19-977e-b9956b2d89fe" testId="aa0c5244-1bb1-47c1-8912-0df6d08bcfa6" testName="PutFile_NewFileCanBePut" computerName="VECTOR" duration="00:00:00.3980000" startTime="2018-07-28T06:36:21.0374107-04:00" endTime="2018-07-28T06:36:21.0374167-04:00" testType="13cdc9d9-ddb5-4fa4-a97d-d965ccfc6d4b" outcome="Passed" testListId="8c84fa94-04c1-424b-9868-57a2d4851a1d" relativeResultsDirectory="260171cc-6788-4e19-977e-b9956b2d89fe" /><UnitTestResult executionId="90bdf8a7-8d3d-4172-94c0-003256268328" testId="bf5dc04c-f7ee-496b-b1d5-2cb3be9eddd8" testName="LucyDepthBufferFindsOneDependent" computerName="VECTOR" duration="00:00:00.0030000" startTime="2018-07-28T06:36:05.1248667-04:00" endTime="2018-07-28T06:36:05.1248692-04:00" testType="13cdc9d9-ddb5-4fa4-a97d-d965ccfc6d4b" outcome="Passed" testListId="8c84fa94-04c1-424b-9868-57a2d4851a1d" relativeResultsDirectory="90bdf8a7-8d3d-4172-94c0-003256268328" /><UnitTestResult executionId="d4a94670-12d3-4e3d-8256-a8a85c9c8995" testId="bde8412e-69a7-45c3-b0f4-1f7fbad7c154" testName="Post_ValidReferencePropertyCreatesModel" computerName="VECTOR" duration="00:00:00.1860000" startTime="2018-07-28T06:36:40.9172815-04:00" endTime="2018-07-28T06:36:40.9172883-04:00" testType="13cdc9d9-ddb5-4fa4-a97d-d965ccfc6d4b" outcome="Passed" testListId="8c84fa94-04c1-424b-9868-57a2d4851a1d" relativeResultsDirectory="d4a94670-12d3-4e3d-8256-a8a85c9c8995" /><UnitTestResult executionId="733beac9-e77e-40df-b785-d464775f172b" testId="3412a029-5ba6-42f3-b59e-978c5bbddd0c" testName="Patch_InvalidEnumPropertyValueReturnsBadRequest" computerName="VECTOR" duration="00:00:00.0180000" startTime="2018-07-28T06:36:07.0819886-04:00" endTime="2018-07-28T06:36:07.0819934-04:00" testType="13cdc9d9-ddb5-4fa4-a97d-d965ccfc6d4b" outcome="Passed" testListId="8c84fa94-04c1-424b-9868-57a2d4851a1d" relativeResultsDirectory="733beac9-e77e-40df-b785-d464775f172b" /><UnitTestResult executionId="7a755854-77b1-48d9-9b44-63dd407f49d1" testId="3a587563-5564-4b80-b8b0-92bcc135847e" testName="Put_InvalidReferencePropertyReturndBadRequest" computerName="VECTOR" duration="00:00:00.0490000" startTime="2018-07-28T06:36:32.1324700-04:00" endTime="2018-07-28T06:36:32.1324757-04:00" testType="13cdc9d9-ddb5-4fa4-a97d-d965ccfc6d4b" outcome="Passed" testListId="8c84fa94-04c1-424b-9868-57a2d4851a1d" relativeResultsDirectory="7a755854-77b1-48d9-9b44-63dd407f49d1" /><UnitTestResult executionId="1007b3e9-9ad4-4772-8c04-6dda3d160a16" testId="a689b963-f8ea-47e2-87ec-f576e5539b27" testName="DepthBufferHasExpectedDependentFiles" computerName="VECTOR" duration="00:00:00.0010000" startTime="2018-07-28T06:36:05.1250759-04:00" endTime="2018-07-28T06:36:05.1250773-04:00" testType="13cdc9d9-ddb5-4fa4-a97d-d965ccfc6d4b" outcome="Passed" testListId="8c84fa94-04c1-424b-9868-57a2d4851a1d" relativeResultsDirectory="1007b3e9-9ad4-4772-8c04-6dda3d160a16" /><UnitTestResult executionId="f5b43de2-df7e-477c-9d43-21b5d1bf33f1" testId="2e00f70f-7e5f-47a1-9077-5c4c90be8b25" testName="FileRequest_FileCanBeReadAfterRename" computerName="VECTOR" duration="00:00:00.5080000" startTime="2018-07-28T06:36:31.9772308-04:00" endTime="2018-07-28T06:36:31.9772368-04:00" testType="13cdc9d9-ddb5-4fa4-a97d-d965ccfc6d4b" outcome="Passed" testListId="8c84fa94-04c1-424b-9868-57a2d4851a1d" relativeResultsDirectory="f5b43de2-df7e-477c-9d43-21b5d1bf33f1" /><UnitTestResult executionId="b6994434-12d9-4235-8125-a01d5626084f" testId="bffed39e-d723-4a7d-b9ac-45908cd269e6" testName="Post_InvalidPropertyValueReturnsBadRequest" computerName="VECTOR" duration="00:00:00.0130000" startTime="2018-07-28T06:36:08.8189974-04:00" endTime="2018-07-28T06:36:08.8190048-04:00" testType="13cdc9d9-ddb5-4fa4-a97d-d965ccfc6d4b" outcome="Passed" testListId="8c84fa94-04c1-424b-9868-57a2d4851a1d" relativeResultsDirectory="b6994434-12d9-4235-8125-a01d5626084f" /><UnitTestResult executionId="890648c0-0031-4e07-8780-aa2390857718" testId="479d8b1b-f868-4d52-9721-0b44fef90dd5" testName="GetSingle_InvalidIdPropertyValueReturnsNotFound" computerName="VECTOR" duration="00:00:00.0130000" startTime="2018-07-28T06:36:40.3613120-04:00" endTime="2018-07-28T06:36:40.3613157-04:00" testType="13cdc9d9-ddb5-4fa4-a97d-d965ccfc6d4b" outcome="Passed" testListId="8c84fa94-04c1-424b-9868-57a2d4851a1d" relativeResultsDirectory="890648c0-0031-4e07-8780-aa2390857718" /><UnitTestResult executionId="41e44e09-916b-481a-8fd4-4b34e3e0b70a" testId="b4cbc1de-fef0-4a30-80ef-2d1667492b0c" testName="Put_CanUpdateModel" computerName="VECTOR" duration="00:00:00.2980000" startTime="2018-07-28T06:36:07.3961976-04:00" endTime="2018-07-28T06:36:07.3962033-04:00" testType="13cdc9d9-ddb5-4fa4-a97d-d965ccfc6d4b" outcome="Passed" testListId="8c84fa94-04c1-424b-9868-57a2d4851a1d" relativeResultsDirectory="41e44e09-916b-481a-8fd4-4b34e3e0b70a" /><UnitTestResult executionId="38efc442-0308-47f8-b145-75611d8fc7e3" testId="9cb698a1-4dcf-46d8-9f57-7c464cf33848" testName="Post_ValidReferencePropertyCreatesModel" computerName="VECTOR" duration="00:00:00.2320000" startTime="2018-07-28T06:36:20.2284591-04:00" endTime="2018-07-28T06:36:20.2284648-04:00" testType="13cdc9d9-ddb5-4fa4-a97d-d965ccfc6d4b" outcome="Passed" testListId="8c84fa94-04c1-424b-9868-57a2d4851a1d" relativeResultsDirectory="38efc442-0308-47f8-b145-75611d8fc7e3" /><UnitTestResult executionId="90269650-104d-4a05-be1d-13cd87ea5f45" testId="bbb73cd8-baf3-40e5-975d-066007294110" testName="Put_CanUpdateModel" computerName="VECTOR" duration="00:00:00.4080000" startTime="2018-07-28T06:36:34.6027000-04:00" endTime="2018-07-28T06:36:34.6027065-04:00" testType="13cdc9d9-ddb5-4fa4-a97d-d965ccfc6d4b" outcome="Passed" testListId="8c84fa94-04c1-424b-9868-57a2d4851a1d" relativeResultsDirectory="90269650-104d-4a05-be1d-13cd87ea5f45" /><UnitTestResult executionId="617a2630-7710-417b-bc95-5cf19d17b6a8" testId="3eb48a1b-ad7a-4627-81e1-141c02a6622c" testName="Patch_InvalidIdPropertyReturnsNotFound" computerName="VECTOR" duration="00:00:00.0250000" startTime="2018-07-28T06:36:32.3797177-04:00" endTime="2018-07-28T06:36:32.3797226-04:00" testType="13cdc9d9-ddb5-4fa4-a97d-d965ccfc6d4b" outcome="Passed" testListId="8c84fa94-04c1-424b-9868-57a2d4851a1d" relativeResultsDirectory="617a2630-7710-417b-bc95-5cf19d17b6a8" /><UnitTestResult executionId="eeafc067-8343-422e-a971-b76f0c6aae92" testId="14d6ba3f-bddc-45c4-99aa-a2bc388b1392" testName="Put_InvalidReferencePropertyReturndBadRequest" computerName="VECTOR" duration="00:00:00.0320000" startTime="2018-07-28T06:36:10.5397150-04:00" endTime="2018-07-28T06:36:10.5397207-04:00" testType="13cdc9d9-ddb5-4fa4-a97d-d965ccfc6d4b" outcome="Passed" testListId="8c84fa94-04c1-424b-9868-57a2d4851a1d" relativeResultsDirectory="eeafc067-8343-422e-a971-b76f0c6aae92" /><UnitTestResult executionId="7b277701-31ad-4d28-a2f4-a7c91a905981" testId="2f3ad7a8-9146-4502-8618-e6e438e8adcf" testName="Post_InvalidPropertyValueReturnsBadRequest" computerName="VECTOR" duration="00:00:00.0150000" startTime="2018-07-28T06:36:07.4857953-04:00" endTime="2018-07-28T06:36:07.4857990-04:00" testType="13cdc9d9-ddb5-4fa4-a97d-d965ccfc6d4b" outcome="Passed" testListId="8c84fa94-04c1-424b-9868-57a2d4851a1d" relativeResultsDirectory="7b277701-31ad-4d28-a2f4-a7c91a905981" /><UnitTestResult executionId="0fde89ce-7156-4dfa-8eaa-fe2f1d48cfb9" testId="f90ef11a-0552-4dd8-bac9-c8d905a6a0af" testName="Post_CanCreateNewModel" computerName="VECTOR" duration="00:00:00.1750000" startTime="2018-07-28T06:36:10.2051703-04:00" endTime="2018-07-28T06:36:10.2051780-04:00" testType="13cdc9d9-ddb5-4fa4-a97d-d965ccfc6d4b" outcome="Passed" testListId="8c84fa94-04c1-424b-9868-57a2d4851a1d" relativeResultsDirectory="0fde89ce-7156-4dfa-8eaa-fe2f1d48cfb9" /><UnitTestResult executionId="7560c151-45af-4afb-a195-61d5d886734a" testId="c4cbf117-7dfb-4e9f-a907-5b0b4bfbf884" testName="Delete_TargetModelIsDeleted" computerName="VECTOR" duration="00:00:00.2220000" startTime="2018-07-28T06:36:32.3546772-04:00" endTime="2018-07-28T06:36:32.3546838-04:00" testType="13cdc9d9-ddb5-4fa4-a97d-d965ccfc6d4b" outcome="Passed" testListId="8c84fa94-04c1-424b-9868-57a2d4851a1d" relativeResultsDirectory="7560c151-45af-4afb-a195-61d5d886734a" /><UnitTestResult executionId="673554bc-9210-4441-93ba-1727ddecab11" testId="c39f3aa8-fb16-4e80-8f7e-b3a71964bb72" testName="Patch_MultipleInvalidReferencePropertiesReturnsMultipleValidationErrorsAndBadRequest" computerName="VECTOR" duration="00:00:00.0090000" startTime="2018-07-28T06:36:07.4370153-04:00" endTime="2018-07-28T06:36:07.4370182-04:00" testType="13cdc9d9-ddb5-4fa4-a97d-d965ccfc6d4b" outcome="Passed" testListId="8c84fa94-04c1-424b-9868-57a2d4851a1d" relativeResultsDirectory="673554bc-9210-4441-93ba-1727ddecab11" /><UnitTestResult executionId="edadcc0b-a6ef-4f55-bcec-c83ea119ce1d" testId="60a9b38f-b148-4dd8-86ab-bf3d8a61471f" testName="FileRequest_FileCanBeReadAfterRename" computerName="VECTOR" duration="00:00:00.5670000" startTime="2018-07-28T06:36:37.2686171-04:00" endTime="2018-07-28T06:36:37.2686251-04:00" testType="13cdc9d9-ddb5-4fa4-a97d-d965ccfc6d4b" outcome="Passed" testListId="8c84fa94-04c1-424b-9868-57a2d4851a1d" relativeResultsDirectory="edadcc0b-a6ef-4f55-bcec-c83ea119ce1d" /><UnitTestResult executionId="a8b23fc2-27a9-4142-85c5-d79f33f69e12" testId="03dc88cd-0bb6-4a53-b559-5e3b952fbc45" testName="Put_InvalidReferencePropertyReturndBadRequest" computerName="VECTOR" duration="00:00:00.0380000" startTime="2018-07-28T06:36:40.7307665-04:00" endTime="2018-07-28T06:36:40.7307731-04:00" testType="13cdc9d9-ddb5-4fa4-a97d-d965ccfc6d4b" outcome="Passed" testListId="8c84fa94-04c1-424b-9868-57a2d4851a1d" relativeResultsDirectory="a8b23fc2-27a9-4142-85c5-d79f33f69e12" /><UnitTestResult executionId="65aa4ca4-0baa-4aa2-b1f7-19b42bd4b0dd" testId="5af8b1ea-8100-43bc-94d1-62f8ff8ffd72" testName="Delete_TargetModelIsDeleted" computerName="VECTOR" duration="00:00:00.2720000" startTime="2018-07-28T06:36:20.5010529-04:00" endTime="2018-07-28T06:36:20.5010642-04:00" testType="13cdc9d9-ddb5-4fa4-a97d-d965ccfc6d4b" outcome="Passed" testListId="8c84fa94-04c1-424b-9868-57a2d4851a1d" relativeResultsDirectory="65aa4ca4-0baa-4aa2-b1f7-19b42bd4b0dd" /><UnitTestResult executionId="6da02c48-f84f-41b9-9a97-d527c9f79922" testId="5c1538e3-61ed-4801-9c42-b8670cbaf228" testName="Model3dHasExpectedDependentFiles" computerName="VECTOR" duration="00:00:00.0280000" startTime="2018-07-28T06:36:04.7594779-04:00" endTime="2018-07-28T06:36:04.7594839-04:00" testType="13cdc9d9-ddb5-4fa4-a97d-d965ccfc6d4b" outcome="Passed" testListId="8c84fa94-04c1-424b-9868-57a2d4851a1d" relativeResultsDirectory="6da02c48-f84f-41b9-9a97-d527c9f79922" /><UnitTestResult executionId="83c6af78-b322-4b1a-a2ab-96b7104f5f30" testId="a7cbdbce-6970-4a12-a0ac-9e6e18237fde" testName="LucyCameraFindsAllDependents" computerName="VECTOR" duration="00:00:00.0070000" startTime="2018-07-28T06:36:05.1214721-04:00" endTime="2018-07-28T06:36:05.1214749-04:00" testType="13cdc9d9-ddb5-4fa4-a97d-d965ccfc6d4b" outcome="Passed" testListId="8c84fa94-04c1-424b-9868-57a2d4851a1d" relativeResultsDirectory="83c6af78-b322-4b1a-a2ab-96b7104f5f30" /><UnitTestResult executionId="251fbbcf-bcfa-43ea-820e-eaa6071c7d13" testId="7fa41b02-7c82-4484-8659-a3a325c00560" testName="PostFile_NewFileCanBePosted" computerName="VECTOR" duration="00:00:00.3240000" startTime="2018-07-28T06:36:27.2695752-04:00" endTime="2018-07-28T06:36:27.2695811-04:00" testType="13cdc9d9-ddb5-4fa4-a97d-d965ccfc6d4b" outcome="Passed" testListId="8c84fa94-04c1-424b-9868-57a2d4851a1d" relativeResultsDirectory="251fbbcf-bcfa-43ea-820e-eaa6071c7d13" /><UnitTestResult executionId="8e0374a3-f7bc-4162-91c0-75e87ba2e5e0" testId="91ffce5c-3216-4b07-a358-d37e54247995" testName="Post_InvalidPropertyValueReturnsBadRequest" computerName="VECTOR" duration="00:00:00.0120000" startTime="2018-07-28T06:36:41.0075930-04:00" endTime="2018-07-28T06:36:41.0075987-04:00" testType="13cdc9d9-ddb5-4fa4-a97d-d965ccfc6d4b" outcome="Passed" testListId="8c84fa94-04c1-424b-9868-57a2d4851a1d" relativeResultsDirectory="8e0374a3-f7bc-4162-91c0-75e87ba2e5e0" /><UnitTestResult executionId="4822a699-1ae8-4f76-99b2-d3c52bad9dff" testId="007d98cc-155a-4499-8ff0-4bff06acacd8" testName="Patch_InvalidEnumPropertyValueReturnsBadRequest" computerName="VECTOR" duration="00:00:00.0660000" startTime="2018-07-28T06:36:19.2635042-04:00" endTime="2018-07-28T06:36:19.2635098-04:00" testType="13cdc9d9-ddb5-4fa4-a97d-d965ccfc6d4b" outcome="Passed" testListId="8c84fa94-04c1-424b-9868-57a2d4851a1d" relativeResultsDirectory="4822a699-1ae8-4f76-99b2-d3c52bad9dff" /><UnitTestResult executionId="e8d98f7d-a02a-4881-8f76-eaf66f1ad195" testId="a1f3b1d1-693c-4cfc-a0a4-bd5242cd9112" testName="Patch_InvalidPropertyNameReturnsBadRequest" computerName="VECTOR" duration="00:00:00.0150000" startTime="2018-07-28T06:36:08.8059964-04:00" endTime="2018-07-28T06:36:08.8060010-04:00" testType="13cdc9d9-ddb5-4fa4-a97d-d965ccfc6d4b" outcome="Passed" testListId="8c84fa94-04c1-424b-9868-57a2d4851a1d" relativeResultsDirectory="e8d98f7d-a02a-4881-8f76-eaf66f1ad195" /><UnitTestResult executionId="ebfdfbad-2af3-47e2-986a-34745e4b7124" testId="9b7dfb73-60ca-4713-a4ca-9cb57ffbdde4" testName="Post_ValidReferencePropertyCreatesModel" computerName="VECTOR" duration="00:00:00.2060000" startTime="2018-07-28T06:36:34.1938384-04:00" endTime="2018-07-28T06:36:34.1938452-04:00" testType="13cdc9d9-ddb5-4fa4-a97d-d965ccfc6d4b" outcome="Passed" testListId="8c84fa94-04c1-424b-9868-57a2d4851a1d" relativeResultsDirectory="ebfdfbad-2af3-47e2-986a-34745e4b7124" /><UnitTestResult executionId="5ce08513-cdda-4361-8ebe-3850f3f16b36" testId="d3917243-b85a-4254-93c1-def31c117928" testName="GetFile_NonExistentFileReturnsNotFound" computerName="VECTOR" duration="00:00:00.0240000" startTime="2018-07-28T06:36:13.1119908-04:00" endTime="2018-07-28T06:36:13.1119965-04:00" testType="13cdc9d9-ddb5-4fa4-a97d-d965ccfc6d4b" outcome="Passed" testListId="8c84fa94-04c1-424b-9868-57a2d4851a1d" relativeResultsDirectory="5ce08513-cdda-4361-8ebe-3850f3f16b36" /><UnitTestResult executionId="55d7fc08-7a6b-454a-bd7e-3952ea328ce6" testId="f6eec275-5fb6-4298-afdd-276589e6a5d5" testName="Delete_TargetModelIsDeleted" computerName="VECTOR" duration="00:00:00.3350000" startTime="2018-07-28T06:36:13.6930376-04:00" endTime="2018-07-28T06:36:13.6930455-04:00" testType="13cdc9d9-ddb5-4fa4-a97d-d965ccfc6d4b" outcome="Passed" testListId="8c84fa94-04c1-424b-9868-57a2d4851a1d" relativeResultsDirectory="55d7fc08-7a6b-454a-bd7e-3952ea328ce6" /><UnitTestResult executionId="286e2142-b6dd-4a8c-942b-f6a8af3b2fcf" testId="ba2fe47e-034a-4cdf-a291-7c241dad3708" testName="Post_CanCreateNewModel" computerName="VECTOR" duration="00:00:00.1960000" startTime="2018-07-28T06:36:06.9883191-04:00" endTime="2018-07-28T06:36:06.9883256-04:00" testType="13cdc9d9-ddb5-4fa4-a97d-d965ccfc6d4b" outcome="Passed" testListId="8c84fa94-04c1-424b-9868-57a2d4851a1d" relativeResultsDirectory="286e2142-b6dd-4a8c-942b-f6a8af3b2fcf" /><UnitTestResult executionId="cfd9eb26-d4b3-4e21-bbf2-869329b22d2d" testId="d2d2d9e2-c0c3-4668-897b-43503d85bedf" testName="Patch_InvalidEnumPropertyValueReturnsBadRequest" computerName="VECTOR" duration="00:00:00.0090000" startTime="2018-07-28T06:36:14.7287954-04:00" endTime="2018-07-28T06:36:14.7287991-04:00" testType="13cdc9d9-ddb5-4fa4-a97d-d965ccfc6d4b" outcome="Passed" testListId="8c84fa94-04c1-424b-9868-57a2d4851a1d" relativeResultsDirectory="cfd9eb26-d4b3-4e21-bbf2-869329b22d2d" /><UnitTestResult executionId="b8ea94f2-560c-4d03-943d-b72efb9a2e84" testId="819fa0d8-caf0-4305-8216-c862f204c8b9" testName="GetList_ListReturnsCorrectCount" computerName="VECTOR" duration="00:00:00.0230000" startTime="2018-07-28T06:36:32.0656948-04:00" endTime="2018-07-28T06:36:32.0657002-04:00" testType="13cdc9d9-ddb5-4fa4-a97d-d965ccfc6d4b" outcome="Passed" testListId="8c84fa94-04c1-424b-9868-57a2d4851a1d" relativeResultsDirectory="b8ea94f2-560c-4d03-943d-b72efb9a2e84" /><UnitTestResult executionId="c144b074-44b8-4a3a-8ccc-4f5471924214" testId="25da1155-88b1-48a3-8cb2-9fa064ed6ffc" testName="Post_CanCreateNewModel" computerName="VECTOR" duration="00:00:00.2300000" startTime="2018-07-28T06:36:32.6105503-04:00" endTime="2018-07-28T06:36:32.6105531-04:00" testType="13cdc9d9-ddb5-4fa4-a97d-d965ccfc6d4b" outcome="Passed" testListId="8c84fa94-04c1-424b-9868-57a2d4851a1d" relativeResultsDirectory="c144b074-44b8-4a3a-8ccc-4f5471924214" /><UnitTestResult executionId="db62d56c-4ef2-4319-a7ad-923633be98e0" testId="1125c43d-540e-48e7-9402-da4aff91facb" testName="Patch_TargetPropertyIsUpdated" computerName="VECTOR" duration="00:00:00.5540000" startTime="2018-07-28T06:36:06.7552503-04:00" endTime="2018-07-28T06:36:06.7552569-04:00" testType="13cdc9d9-ddb5-4fa4-a97d-d965ccfc6d4b" outcome="Passed" testListId="8c84fa94-04c1-424b-9868-57a2d4851a1d" relativeResultsDirectory="db62d56c-4ef2-4319-a7ad-923633be98e0" /><UnitTestResult executionId="a0ef5861-d536-4946-9c01-1da36d558b46" testId="e5a05748-7153-4fd6-b228-565d5b4ecc1a" testName="Patch_MultipleInvalidReferencePropertiesReturnsMultipleValidationErrorsAndBadRequest" computerName="VECTOR" duration="00:00:00.0350000" startTime="2018-07-28T06:36:19.9945997-04:00" endTime="2018-07-28T06:36:19.9946051-04:00" testType="13cdc9d9-ddb5-4fa4-a97d-d965ccfc6d4b" outcome="Passed" testListId="8c84fa94-04c1-424b-9868-57a2d4851a1d" relativeResultsDirectory="a0ef5861-d536-4946-9c01-1da36d558b46" /><UnitTestResult executionId="7243ce59-08d0-4167-b33e-98d1df530f1e" testId="71e9e77f-af1e-4b97-956e-d1eb68d38f09" testName="Put_CanUpdateModel" computerName="VECTOR" duration="00:00:00.3750000" startTime="2018-07-28T06:36:15.7793166-04:00" endTime="2018-07-28T06:36:15.7793245-04:00" testType="13cdc9d9-ddb5-4fa4-a97d-d965ccfc6d4b" outcome="Passed" testListId="8c84fa94-04c1-424b-9868-57a2d4851a1d" relativeResultsDirectory="7243ce59-08d0-4167-b33e-98d1df530f1e" /><UnitTestResult executionId="331a016b-f5fe-4732-8fd0-a6069bc89394" testId="4c607c1d-caa5-4647-bf8a-f5bf9d6bf323" testName="Patch_InvalidReferencePropertyReturnsBadRequest" computerName="VECTOR" duration="00:00:00.0410000" startTime="2018-07-28T06:36:19.8699746-04:00" endTime="2018-07-28T06:36:19.8699800-04:00" testType="13cdc9d9-ddb5-4fa4-a97d-d965ccfc6d4b" outcome="Passed" testListId="8c84fa94-04c1-424b-9868-57a2d4851a1d" relativeResultsDirectory="331a016b-f5fe-4732-8fd0-a6069bc89394" /><UnitTestResult executionId="1fb94204-1c8d-4caa-8754-e2f01f4497be" testId="30346009-fe01-496d-8265-694d3a34126f" testName="Post_InvalidReferencePropertyReturnsBadRequest" computerName="VECTOR" duration="00:00:00.0100000" startTime="2018-07-28T06:36:05.8408874-04:00" endTime="2018-07-28T06:36:05.8408940-04:00" testType="13cdc9d9-ddb5-4fa4-a97d-d965ccfc6d4b" outcome="Passed" testListId="8c84fa94-04c1-424b-9868-57a2d4851a1d" relativeResultsDirectory="1fb94204-1c8d-4caa-8754-e2f01f4497be" /><UnitTestResult executionId="26bf72aa-db76-4ad3-b163-13d8a1f5b6d8" testId="53264d8b-231c-4b8c-a282-0ff5c1c54240" testName="Put_InvalidReferencePropertyReturndBadRequest" computerName="VECTOR" duration="00:00:00.0140000" startTime="2018-07-28T06:36:07.4514694-04:00" endTime="2018-07-28T06:36:07.4514768-04:00" testType="13cdc9d9-ddb5-4fa4-a97d-d965ccfc6d4b" outcome="Passed" testListId="8c84fa94-04c1-424b-9868-57a2d4851a1d" relativeResultsDirectory="26bf72aa-db76-4ad3-b163-13d8a1f5b6d8" /><UnitTestResult executionId="7e7e339b-4ea0-466e-b608-6b8de57a9934" testId="405d30a7-44e7-4ccc-9171-c518ee5fe117" testName="FileRequest_MeshIsInvalidatedAfterDepthBufferFileBecomesUnsynchronized" computerName="VECTOR" duration="00:00:03.2410000" startTime="2018-07-28T06:36:24.2787409-04:00" endTime="2018-07-28T06:36:24.2787480-04:00" testType="13cdc9d9-ddb5-4fa4-a97d-d965ccfc6d4b" outcome="Passed" testListId="8c84fa94-04c1-424b-9868-57a2d4851a1d" relativeResultsDirectory="7e7e339b-4ea0-466e-b608-6b8de57a9934" /><UnitTestResult executionId="deea5c1c-7b54-4aab-9e55-3aff5b2b7ff2" testId="07a91d23-1f0e-4782-a75f-6fc0da8960bf" testName="PutFile_FileCanBeUpdated" computerName="VECTOR" duration="00:00:00.5650000" startTime="2018-07-28T06:36:36.7008431-04:00" endTime="2018-07-28T06:36:36.7008459-04:00" testType="13cdc9d9-ddb5-4fa4-a97d-d965ccfc6d4b" outcome="Passed" testListId="8c84fa94-04c1-424b-9868-57a2d4851a1d" relativeResultsDirectory="deea5c1c-7b54-4aab-9e55-3aff5b2b7ff2" /><UnitTestResult executionId="181925c9-7d3f-4b74-9997-040af8b40477" testId="4c427ba6-e971-4b6a-a70d-ff47dd93b67e" testName="Patch_InvalidEnumPropertyValueReturnsBadRequest" computerName="VECTOR" duration="00:00:00.0110000" startTime="2018-07-28T06:36:40.3475026-04:00" endTime="2018-07-28T06:36:40.3475089-04:00" testType="13cdc9d9-ddb5-4fa4-a97d-d965ccfc6d4b" outcome="Passed" testListId="8c84fa94-04c1-424b-9868-57a2d4851a1d" relativeResultsDirectory="181925c9-7d3f-4b74-9997-040af8b40477" /><UnitTestResult executionId="2cf88556-ed9c-4174-ae7a-fefb2e68b544" testId="6c905a57-9910-4b50-82a5-8fd82afdfe3c" testName="Patch_ValidReferencePropertyUpdatesModel" computerName="VECTOR" duration="00:00:00.3500000" startTime="2018-07-28T06:36:15.0790798-04:00" endTime="2018-07-28T06:36:15.0790852-04:00" testType="13cdc9d9-ddb5-4fa4-a97d-d965ccfc6d4b" outcome="Passed" testListId="8c84fa94-04c1-424b-9868-57a2d4851a1d" relativeResultsDirectory="2cf88556-ed9c-4174-ae7a-fefb2e68b544" /><UnitTestResult executionId="cfecd2d3-88ab-4cee-96b1-be6cf75d3fc6" testId="e0fdadcf-09f5-42bf-ac4b-f5e6e67c08b2" testName="GetFile_NonExistentFileReturnsNotFound" computerName="VECTOR" duration="00:00:00.0290000" startTime="2018-07-28T06:36:38.5220827-04:00" endTime="2018-07-28T06:36:38.5220901-04:00" testType="13cdc9d9-ddb5-4fa4-a97d-d965ccfc6d4b" outcome="Passed" testListId="8c84fa94-04c1-424b-9868-57a2d4851a1d" relativeResultsDirectory="cfecd2d3-88ab-4cee-96b1-be6cf75d3fc6" /><UnitTestResult executionId="3fa6d6c1-a790-40e7-b88f-61da13bd941b" testId="08717a84-165f-4e97-bedb-eab0058a99ec" testName="GetSingle_InvalidIdPropertyValueReturnsNotFound" computerName="VECTOR" duration="00:00:00.0150000" startTime="2018-07-28T06:36:07.0974789-04:00" endTime="2018-07-28T06:36:07.0974832-04:00" testType="13cdc9d9-ddb5-4fa4-a97d-d965ccfc6d4b" outcome="Passed" testListId="8c84fa94-04c1-424b-9868-57a2d4851a1d" relativeResultsDirectory="3fa6d6c1-a790-40e7-b88f-61da13bd941b" /><UnitTestResult executionId="0ccfed5a-b91a-4af7-a200-03028e089e50" testId="657dd9bd-7da1-43f7-bf81-3ee3199404b8" testName="Post_InvalidPropertyValueReturnsBadRequest" computerName="VECTOR" duration="00:00:00.0180000" startTime="2018-07-28T06:36:14.4050831-04:00" endTime="2018-07-28T06:36:14.4050896-04:00" testType="13cdc9d9-ddb5-4fa4-a97d-d965ccfc6d4b" outcome="Passed" testListId="8c84fa94-04c1-424b-9868-57a2d4851a1d" relativeResultsDirectory="0ccfed5a-b91a-4af7-a200-03028e089e50" /><UnitTestResult executionId="12304224-0f66-435b-8df9-a246fd5c7ea7" testId="c68dd053-d643-4ab8-9df4-b54edae93272" testName="GetSingle_ValidIdPropertyValueReturnsCorrectModel" computerName="VECTOR" duration="00:00:00.0170000" startTime="2018-07-28T06:36:08.8361787-04:00" endTime="2018-07-28T06:36:08.8361844-04:00" testType="13cdc9d9-ddb5-4fa4-a97d-d965ccfc6d4b" outcome="Passed" testListId="8c84fa94-04c1-424b-9868-57a2d4851a1d" relativeResultsDirectory="12304224-0f66-435b-8df9-a246fd5c7ea7" /><UnitTestResult executionId="1c68296b-9109-4033-a9dc-c796006b2224" testId="050b26ff-9201-4f9f-85ab-5a556c6d78b9" testName="Post_CanCreateNewModel" computerName="VECTOR" duration="00:00:00.2240000" startTime="2018-07-28T06:36:13.9716294-04:00" endTime="2018-07-28T06:36:13.9716365-04:00" testType="13cdc9d9-ddb5-4fa4-a97d-d965ccfc6d4b" outcome="Passed" testListId="8c84fa94-04c1-424b-9868-57a2d4851a1d" relativeResultsDirectory="1c68296b-9109-4033-a9dc-c796006b2224" /><UnitTestResult executionId="7d1f2b56-7391-4a5d-bb60-4310c1755b26" testId="daf2e9e1-c937-4204-bd7d-7d816bb745fe" testName="GetList_ListReturnsCorrectCount" computerName="VECTOR" duration="00:00:01.1130000" startTime="2018-07-28T06:36:16.9471134-04:00" endTime="2018-07-28T06:36:16.9471200-04:00" testType="13cdc9d9-ddb5-4fa4-a97d-d965ccfc6d4b" outcome="Passed" testListId="8c84fa94-04c1-424b-9868-57a2d4851a1d" relativeResultsDirectory="7d1f2b56-7391-4a5d-bb60-4310c1755b26" /><UnitTestResult executionId="d906643c-df67-4ce4-bbfb-c7e509acba0e" testId="a7230192-d49f-43c6-82a7-f95f27b1cc69" testName="Post_ValidReferencePropertyCreatesModel" computerName="VECTOR" duration="00:00:00.2660000" startTime="2018-07-28T06:36:14.6710538-04:00" endTime="2018-07-28T06:36:14.6710603-04:00" testType="13cdc9d9-ddb5-4fa4-a97d-d965ccfc6d4b" outcome="Passed" testListId="8c84fa94-04c1-424b-9868-57a2d4851a1d" relativeResultsDirectory="d906643c-df67-4ce4-bbfb-c7e509acba0e" /><UnitTestResult executionId="dfcfb980-3c1a-444b-a7e3-5e03a79d86ae" testId="ef908d6e-23d8-4a1c-a24a-14c7070fd19b" testName="GetSingle_InvalidIdPropertyValueReturnsNotFound" computerName="VECTOR" duration="00:00:00.0310000" startTime="2018-07-28T06:36:08.7528721-04:00" endTime="2018-07-28T06:36:08.7528781-04:00" testType="13cdc9d9-ddb5-4fa4-a97d-d965ccfc6d4b" outcome="Passed" testListId="8c84fa94-04c1-424b-9868-57a2d4851a1d" relativeResultsDirectory="dfcfb980-3c1a-444b-a7e3-5e03a79d86ae" /><UnitTestResult executionId="d3a39708-f3e1-4e05-89c5-b8b2de6090f3" testId="bafeaa57-f17d-4d20-870c-8c7147a4e1fb" testName="PostFile_FileIsSynchronizedIsUpdatedAfterFileIsPosted" computerName="VECTOR" duration="00:00:00.3300000" startTime="2018-07-28T06:36:39.1845095-04:00" endTime="2018-07-28T06:36:39.1845163-04:00" testType="13cdc9d9-ddb5-4fa4-a97d-d965ccfc6d4b" outcome="Passed" testListId="8c84fa94-04c1-424b-9868-57a2d4851a1d" relativeResultsDirectory="d3a39708-f3e1-4e05-89c5-b8b2de6090f3" /><UnitTestResult executionId="63541111-c1c2-4429-9084-8f9139b6eba4" testId="c60da2f7-d076-433a-9640-b01f2d035ff5" testName="Put_InvalidIdReturnsNotFound" computerName="VECTOR" duration="00:00:00.0260000" startTime="2018-07-28T06:36:33.6345148-04:00" endTime="2018-07-28T06:36:33.6345193-04:00" testType="13cdc9d9-ddb5-4fa4-a97d-d965ccfc6d4b" outcome="Passed" testListId="8c84fa94-04c1-424b-9868-57a2d4851a1d" relativeResultsDirectory="63541111-c1c2-4429-9084-8f9139b6eba4" /><UnitTestResult executionId="0cf8126c-105b-40c1-af02-6533f5ff9dc5" testId="7f5b176d-5f9e-44b2-8001-2caf5532b45f" testName="PutFile_FileCanBeUpdated" computerName="VECTOR" duration="00:00:00.5490000" startTime="2018-07-28T06:36:25.2784367-04:00" endTime="2018-07-28T06:36:25.2784432-04:00" testType="13cdc9d9-ddb5-4fa4-a97d-d965ccfc6d4b" outcome="Passed" testListId="8c84fa94-04c1-424b-9868-57a2d4851a1d" relativeResultsDirectory="0cf8126c-105b-40c1-af02-6533f5ff9dc5" /><UnitTestResult executionId="4532c796-c6fd-469f-b26c-c8c885f2083d" testId="1c0c66f5-4416-4bb5-b662-70319188f73b" testName="PostFile_NewFileCanBePosted" computerName="VECTOR" duration="00:00:00.3260000" startTime="2018-07-28T06:36:39.5105893-04:00" endTime="2018-07-28T06:36:39.5105975-04:00" testType="13cdc9d9-ddb5-4fa4-a97d-d965ccfc6d4b" outcome="Passed" testListId="8c84fa94-04c1-424b-9868-57a2d4851a1d" relativeResultsDirectory="4532c796-c6fd-469f-b26c-c8c885f2083d" /><UnitTestResult executionId="58255131-0882-486d-9ddb-c1c98eb77cff" testId="24d1d141-8749-4a3d-86bd-6510a1485c44" testName="PutFile_FileCanBeUpdated" computerName="VECTOR" duration="00:00:00.5670000" startTime="2018-07-28T06:36:11.5473420-04:00" endTime="2018-07-28T06:36:11.5473499-04:00" testType="13cdc9d9-ddb5-4fa4-a97d-d965ccfc6d4b" outcome="Passed" testListId="8c84fa94-04c1-424b-9868-57a2d4851a1d" relativeResultsDirectory="58255131-0882-486d-9ddb-c1c98eb77cff" /><UnitTestResult executionId="baa537cc-9e1d-4925-ac76-ccb5a3e27f91" testId="9d669f47-db77-46db-b87e-a99d8522f757" testName="Delete_TargetModelIsDeleted" computerName="VECTOR" duration="00:00:00.3600000" startTime="2018-07-28T06:36:06.2009158-04:00" endTime="2018-07-28T06:36:06.2009220-04:00" testType="13cdc9d9-ddb5-4fa4-a97d-d965ccfc6d4b" outcome="Passed" testListId="8c84fa94-04c1-424b-9868-57a2d4851a1d" relativeResultsDirectory="baa537cc-9e1d-4925-ac76-ccb5a3e27f91" /><UnitTestResult executionId="71baa161-b945-46e1-b66d-a69dd7d0622c" testId="e5ae3e97-7cfb-4302-8964-b71d481b4c16" testName="Patch_InvalidIdPropertyReturnsNotFound" computerName="VECTOR" duration="00:00:00.0330000" startTime="2018-07-28T06:36:09.7122807-04:00" endTime="2018-07-28T06:36:09.7122867-04:00" testType="13cdc9d9-ddb5-4fa4-a97d-d965ccfc6d4b" outcome="Passed" testListId="8c84fa94-04c1-424b-9868-57a2d4851a1d" relativeResultsDirectory="71baa161-b945-46e1-b66d-a69dd7d0622c" /><UnitTestResult executionId="ddd72535-e53c-4eb0-be32-6d157ba846f3" testId="31ce490b-9f3d-415e-bd12-c1dae9b77612" testName="Patch_InvalidIdPropertyReturnsNotFound" computerName="VECTOR" duration="00:00:00.0150000" startTime="2018-07-28T06:36:40.9800742-04:00" endTime="2018-07-28T06:36:40.9800808-04:00" testType="13cdc9d9-ddb5-4fa4-a97d-d965ccfc6d4b" outcome="Passed" testListId="8c84fa94-04c1-424b-9868-57a2d4851a1d" relativeResultsDirectory="ddd72535-e53c-4eb0-be32-6d157ba846f3" /><UnitTestResult executionId="7b48d6a0-eb86-4efa-a039-578568e545d7" testId="e77deb5d-eae4-4d39-a39b-3a3d56b216c8" testName="Put_CanUpdateModel" computerName="VECTOR" duration="00:00:00.8400000" startTime="2018-07-28T06:36:18.8541712-04:00" endTime="2018-07-28T06:36:18.8541741-04:00" testType="13cdc9d9-ddb5-4fa4-a97d-d965ccfc6d4b" outcome="Passed" testListId="8c84fa94-04c1-424b-9868-57a2d4851a1d" relativeResultsDirectory="7b48d6a0-eb86-4efa-a039-578568e545d7" /><UnitTestResult executionId="48a817c2-0874-404d-b62e-9ee694fa7fce" testId="5f550fb1-5eea-49e7-9407-88939f41932c" testName="Patch_TargetPropertyIsUpdated" computerName="VECTOR" duration="00:00:00.3420000" startTime="2018-07-28T06:36:32.9524545-04:00" endTime="2018-07-28T06:36:32.9524604-04:00" testType="13cdc9d9-ddb5-4fa4-a97d-d965ccfc6d4b" outcome="Passed" testListId="8c84fa94-04c1-424b-9868-57a2d4851a1d" relativeResultsDirectory="48a817c2-0874-404d-b62e-9ee694fa7fce" /><UnitTestResult executionId="ae66734e-aa55-4025-ba74-18b2001ef47e" testId="10e166fc-5c28-4a98-91a5-c71269fc5dc4" testName="CameraHasExpectedDependentFiles" computerName="VECTOR" duration="00:00:00.0010000" startTime="2018-07-28T06:36:05.1216898-04:00" endTime="2018-07-28T06:36:05.1216910-04:00" testType="13cdc9d9-ddb5-4fa4-a97d-d965ccfc6d4b" outcome="Passed" testListId="8c84fa94-04c1-424b-9868-57a2d4851a1d" relativeResultsDirectory="ae66734e-aa55-4025-ba74-18b2001ef47e" /><UnitTestResult executionId="f3186449-fa8b-4199-a439-135d2dad0401" testId="040ff043-02d1-4581-8e58-b7a337756ee7" testName="Patch_TargetPropertyIsUpdated" computerName="VECTOR" duration="00:00:00.3430000" startTime="2018-07-28T06:36:42.0785686-04:00" endTime="2018-07-28T06:36:42.0785797-04:00" testType="13cdc9d9-ddb5-4fa4-a97d-d965ccfc6d4b" outcome="Passed" testListId="8c84fa94-04c1-424b-9868-57a2d4851a1d" relativeResultsDirectory="f3186449-fa8b-4199-a439-135d2dad0401" /><UnitTestResult executionId="a1aaee29-3933-4c55-9ed0-53a0d7a30283" testId="f87b0892-1f88-4845-b2e7-b5a1cfbcd4d3" testName="GetFile_ExistingFileReturnsSuccess" computerName="VECTOR" duration="00:00:00.1690000" startTime="2018-07-28T06:36:11.7167886-04:00" endTime="2018-07-28T06:36:11.7167979-04:00" testType="13cdc9d9-ddb5-4fa4-a97d-d965ccfc6d4b" outcome="Passed" testListId="8c84fa94-04c1-424b-9868-57a2d4851a1d" relativeResultsDirectory="a1aaee29-3933-4c55-9ed0-53a0d7a30283" /><UnitTestResult executionId="e401b2a2-275b-4a9d-ab27-452fe18bedd7" testId="4e874fba-3f99-470a-8a96-ce1fdf78176e" testName="Delete_TargetModelIsDeleted" computerName="VECTOR" duration="00:00:00.2570000" startTime="2018-07-28T06:36:10.5072953-04:00" endTime="2018-07-28T06:36:10.5073015-04:00" testType="13cdc9d9-ddb5-4fa4-a97d-d965ccfc6d4b" outcome="Passed" testListId="8c84fa94-04c1-424b-9868-57a2d4851a1d" relativeResultsDirectory="e401b2a2-275b-4a9d-ab27-452fe18bedd7" /><UnitTestResult executionId="6125d3cd-a750-4571-b554-ec9048b374b0" testId="694d0aa9-f7f4-4b7b-ab7b-7f3fe2a8fa40" testName="Post_InvalidReferencePropertyReturnsBadRequest" computerName="VECTOR" duration="00:00:00.3290000" startTime="2018-07-28T06:36:07.8159243-04:00" endTime="2018-07-28T06:36:07.8159305-04:00" testType="13cdc9d9-ddb5-4fa4-a97d-d965ccfc6d4b" outcome="Passed" testListId="8c84fa94-04c1-424b-9868-57a2d4851a1d" relativeResultsDirectory="6125d3cd-a750-4571-b554-ec9048b374b0" /><UnitTestResult executionId="0dca7986-119e-4b48-84be-50715aef2872" testId="513c9363-ab95-42a4-a464-ed43b19d27c0" testName="Post_ValidReferencePropertyCreatesModel" computerName="VECTOR" duration="00:00:00.2340000" startTime="2018-07-28T06:36:09.9467194-04:00" endTime="2018-07-28T06:36:09.9467271-04:00" testType="13cdc9d9-ddb5-4fa4-a97d-d965ccfc6d4b" outcome="Passed" testListId="8c84fa94-04c1-424b-9868-57a2d4851a1d" relativeResultsDirectory="0dca7986-119e-4b48-84be-50715aef2872" /><UnitTestResult executionId="57ce4af2-f2f9-4667-b829-708dbe6de5a5" testId="fb9f2f77-b366-4029-ae8f-a759959683f4" testName="FileRequest_FileCanBeReadAfterRename" computerName="VECTOR" duration="00:00:00.6460000" startTime="2018-07-28T06:36:12.3631939-04:00" endTime="2018-07-28T06:36:12.3632025-04:00" testType="13cdc9d9-ddb5-4fa4-a97d-d965ccfc6d4b" outcome="Passed" testListId="8c84fa94-04c1-424b-9868-57a2d4851a1d" relativeResultsDirectory="57ce4af2-f2f9-4667-b829-708dbe6de5a5" /><UnitTestResult executionId="2120439b-5b4e-431f-9d68-9fc90e8f44df" testId="68ebe581-e7b6-4c8d-a335-4f89f0a944ab" testName="Patch_InvalidEnumPropertyValueReturnsBadRequest" computerName="VECTOR" duration="00:00:00.0140000" startTime="2018-07-28T06:36:10.0298580-04:00" endTime="2018-07-28T06:36:10.0298631-04:00" testType="13cdc9d9-ddb5-4fa4-a97d-d965ccfc6d4b" outcome="Passed" testListId="8c84fa94-04c1-424b-9868-57a2d4851a1d" relativeResultsDirectory="2120439b-5b4e-431f-9d68-9fc90e8f44df" /><UnitTestResult executionId="adfd79fd-2494-47db-a724-3af82350d3d2" testId="87f146c0-76f7-4332-81e5-ccb25c9611ba" testName="Patch_InvalidPropertyNameReturnsBadRequest" computerName="VECTOR" duration="00:00:00.0210000" startTime="2018-07-28T06:36:19.8914010-04:00" endTime="2018-07-28T06:36:19.8914055-04:00" testType="13cdc9d9-ddb5-4fa4-a97d-d965ccfc6d4b" outcome="Passed" testListId="8c84fa94-04c1-424b-9868-57a2d4851a1d" relativeResultsDirectory="adfd79fd-2494-47db-a724-3af82350d3d2" /><UnitTestResult executionId="64b03bbd-8c0e-4029-8bc9-37c1ad954038" testId="d37972d3-92c4-4d75-b752-ef24341802eb" testName="Patch_InvalidIdPropertyReturnsNotFound" computerName="VECTOR" duration="00:00:00.0150000" startTime="2018-07-28T06:36:14.7193647-04:00" endTime="2018-07-28T06:36:14.7193706-04:00" testType="13cdc9d9-ddb5-4fa4-a97d-d965ccfc6d4b" outcome="Passed" testListId="8c84fa94-04c1-424b-9868-57a2d4851a1d" relativeResultsDirectory="64b03bbd-8c0e-4029-8bc9-37c1ad954038" /><UnitTestResult executionId="89ad1a9c-5e7f-4524-81d3-12b2c9c8b91a" testId="c69e3149-f6a4-4821-a0e3-410f894211aa" testName="Post_ValidReferencePropertyCreatesModel" computerName="VECTOR" duration="00:00:00.0140000" startTime="2018-07-28T06:36:05.8318388-04:00" endTime="2018-07-28T06:36:05.8318408-04:00" testType="13cdc9d9-ddb5-4fa4-a97d-d965ccfc6d4b" outcome="Passed" testListId="8c84fa94-04c1-424b-9868-57a2d4851a1d" relativeResultsDirectory="89ad1a9c-5e7f-4524-81d3-12b2c9c8b91a" /><UnitTestResult executionId="7aa4c315-e7d8-4046-b728-13948633687f" testId="bb1c1e55-1e62-4ce4-b886-6f1492654b4b" testName="MeshTransformHasExpectedDependentFiles" computerName="VECTOR" duration="00:00:00.0010000" startTime="2018-07-28T06:36:05.1219203-04:00" endTime="2018-07-28T06:36:05.1219217-04:00" testType="13cdc9d9-ddb5-4fa4-a97d-d965ccfc6d4b" outcome="Passed" testListId="8c84fa94-04c1-424b-9868-57a2d4851a1d" relativeResultsDirectory="7aa4c315-e7d8-4046-b728-13948633687f" /><UnitTestResult executionId="af415599-0925-4126-ba86-c788818e8a9b" testId="f4cd5674-86a2-4a6d-9bca-31c11cb121af" testName="GetFile_FileCanBeRoundTripped" computerName="VECTOR" duration="00:00:00.3820000" startTime="2018-07-28T06:36:13.0872326-04:00" endTime="2018-07-28T06:36:13.0872389-04:00" testType="13cdc9d9-ddb5-4fa4-a97d-d965ccfc6d4b" outcome="Passed" testListId="8c84fa94-04c1-424b-9868-57a2d4851a1d" relativeResultsDirectory="af415599-0925-4126-ba86-c788818e8a9b" /><UnitTestResult executionId="e347ab58-be72-4892-a4ee-1dce5be28cfe" testId="043284ad-4977-4c7c-aa2e-fc6394af955c" testName="GetFile_NonExistentFileReturnsNotFound" computerName="VECTOR" duration="00:00:00.0280000" startTime="2018-07-28T06:36:20.6389444-04:00" endTime="2018-07-28T06:36:20.6389498-04:00" testType="13cdc9d9-ddb5-4fa4-a97d-d965ccfc6d4b" outcome="Passed" testListId="8c84fa94-04c1-424b-9868-57a2d4851a1d" relativeResultsDirectory="e347ab58-be72-4892-a4ee-1dce5be28cfe" /><UnitTestResult executionId="6b6a594c-f4bb-4c37-93b8-75a12e3bc2d8" testId="8f548962-80a8-43ef-a39e-b42a64c524c0" testName="Post_InvalidPropertyValueReturnsBadRequest" computerName="VECTOR" duration="00:00:00.0190000" startTime="2018-07-28T06:36:33.6540706-04:00" endTime="2018-07-28T06:36:33.6540788-04:00" testType="13cdc9d9-ddb5-4fa4-a97d-d965ccfc6d4b" outcome="Passed" testListId="8c84fa94-04c1-424b-9868-57a2d4851a1d" relativeResultsDirectory="6b6a594c-f4bb-4c37-93b8-75a12e3bc2d8" /><UnitTestResult executionId="352a93e9-84ff-419c-8d67-0c7e9ebb4898" testId="3e614c79-4b88-480b-9ff4-ad6e6ab3085c" testName="Put_InvalidReferencePropertyReturndBadRequest" computerName="VECTOR" duration="00:00:00.0390000" startTime="2018-07-28T06:36:20.5886248-04:00" endTime="2018-07-28T06:36:20.5886304-04:00" testType="13cdc9d9-ddb5-4fa4-a97d-d965ccfc6d4b" outcome="Passed" testListId="8c84fa94-04c1-424b-9868-57a2d4851a1d" relativeResultsDirectory="352a93e9-84ff-419c-8d67-0c7e9ebb4898" /><UnitTestResult executionId="8d758ffe-2af3-41df-a98f-bda24c12f4f6" testId="15822595-841c-4545-8efa-f13550210819" testName="Patch_ValidReferencePropertyUpdatesModel" computerName="VECTOR" duration="00:00:00.9780000" startTime="2018-07-28T06:36:18.0136075-04:00" endTime="2018-07-28T06:36:18.0136140-04:00" testType="13cdc9d9-ddb5-4fa4-a97d-d965ccfc6d4b" outcome="Passed" testListId="8c84fa94-04c1-424b-9868-57a2d4851a1d" relativeResultsDirectory="8d758ffe-2af3-41df-a98f-bda24c12f4f6" /><UnitTestResult executionId="35381e66-fee2-4d76-be84-c241439d9387" testId="2f2173b7-3edf-4166-9ed1-e767c65fa24a" testName="Put_ValidReferencePropertyUpdatesModel" computerName="VECTOR" duration="00:00:00.3330000" startTime="2018-07-28T06:36:41.7342563-04:00" endTime="2018-07-28T06:36:41.7342629-04:00" testType="13cdc9d9-ddb5-4fa4-a97d-d965ccfc6d4b" outcome="Passed" testListId="8c84fa94-04c1-424b-9868-57a2d4851a1d" relativeResultsDirectory="35381e66-fee2-4d76-be84-c241439d9387" /><UnitTestResult executionId="c405aecf-7d5b-410d-82e3-bc0ed5ac6348" testId="fe8cd6a0-d422-4bfa-b70e-a28cd0e73061" testName="FileRequest_DepthBufferIsInvalidatedAfterCameraDependencyPropertyChange" computerName="VECTOR" duration="00:00:01.2230000" startTime="2018-07-28T06:36:38.4925117-04:00" endTime="2018-07-28T06:36:38.4925197-04:00" testType="13cdc9d9-ddb5-4fa4-a97d-d965ccfc6d4b" outcome="Passed" testListId="8c84fa94-04c1-424b-9868-57a2d4851a1d" relativeResultsDirectory="c405aecf-7d5b-410d-82e3-bc0ed5ac6348" /><UnitTestResult executionId="09343ca1-5a4e-4d60-be86-21591ae648fb" testId="ed5b2830-77d4-4037-8b13-0f1a16868ea9" testName="Put_InvalidIdReturnsNotFound" computerName="VECTOR" duration="00:00:00.0870000" startTime="2018-07-28T06:36:17.0348465-04:00" endTime="2018-07-28T06:36:17.0348522-04:00" testType="13cdc9d9-ddb5-4fa4-a97d-d965ccfc6d4b" outcome="Passed" testListId="8c84fa94-04c1-424b-9868-57a2d4851a1d" relativeResultsDirectory="09343ca1-5a4e-4d60-be86-21591ae648fb" /><UnitTestResult executionId="102a54a2-473a-4847-bae1-2891b154af09" testId="88aafebe-75a7-4a61-b526-e966f07efdd9" testName="Post_InvalidReferencePropertyReturnsBadRequest" computerName="VECTOR" duration="00:00:00.0230000" startTime="2018-07-28T06:36:19.9593454-04:00" endTime="2018-07-28T06:36:19.9593502-04:00" testType="13cdc9d9-ddb5-4fa4-a97d-d965ccfc6d4b" outcome="Passed" testListId="8c84fa94-04c1-424b-9868-57a2d4851a1d" relativeResultsDirectory="102a54a2-473a-4847-bae1-2891b154af09" /><UnitTestResult executionId="86ddd5fc-6fc7-41a8-99c9-1956dccd9832" testId="df888bb0-9884-4ee1-a469-acd34dca0f98" testName="GetSingle_InvalidIdPropertyValueReturnsNotFound" computerName="VECTOR" duration="00:00:00.0260000" startTime="2018-07-28T06:36:33.9870635-04:00" endTime="2018-07-28T06:36:33.9870689-04:00" testType="13cdc9d9-ddb5-4fa4-a97d-d965ccfc6d4b" outcome="Passed" testListId="8c84fa94-04c1-424b-9868-57a2d4851a1d" relativeResultsDirectory="86ddd5fc-6fc7-41a8-99c9-1956dccd9832" /><UnitTestResult executionId="e8cb6abc-7bcd-4fdf-b101-21c4991d0484" testId="1f4d5795-29f3-4756-a84c-260495311f15" testName="GetList_ListReturnsCorrectCount" computerName="VECTOR" duration="00:00:00.0180000" startTime="2018-07-28T06:36:40.3367034-04:00" endTime="2018-07-28T06:36:40.3367086-04:00" testType="13cdc9d9-ddb5-4fa4-a97d-d965ccfc6d4b" outcome="Passed" testListId="8c84fa94-04c1-424b-9868-57a2d4851a1d" relativeResultsDirectory="e8cb6abc-7bcd-4fdf-b101-21c4991d0484" /><UnitTestResult executionId="077c5578-cae1-4ef5-ae9c-4003d0028d03" testId="9201d3d5-e342-4b6c-9b92-b6f5258ed4a0" testName="PostFile_FileTimeStampIsUpdatedAfterFileIsPosted" computerName="VECTOR" duration="00:00:01.6200000" startTime="2018-07-28T06:36:26.9449720-04:00" endTime="2018-07-28T06:36:26.9449782-04:00" testType="13cdc9d9-ddb5-4fa4-a97d-d965ccfc6d4b" outcome="Passed" testListId="8c84fa94-04c1-424b-9868-57a2d4851a1d" relativeResultsDirectory="077c5578-cae1-4ef5-ae9c-4003d0028d03" /><UnitTestResult executionId="9d3f9413-934b-46d7-8394-862b6b48e3c4" testId="55567fef-c183-4288-92cd-7b0a5bcc2a6d" testName="Patch_ValidReferencePropertyUpdatesModel" computerName="VECTOR" duration="00:00:00.3060000" startTime="2018-07-28T06:36:33.9603799-04:00" endTime="2018-07-28T06:36:33.9603864-04:00" testType="13cdc9d9-ddb5-4fa4-a97d-d965ccfc6d4b" outcome="Passed" testListId="8c84fa94-04c1-424b-9868-57a2d4851a1d" relativeResultsDirectory="9d3f9413-934b-46d7-8394-862b6b48e3c4" /><UnitTestResult executionId="12a2e838-13c7-4b35-bb3c-7e9486019a2b" testId="41d0e0d2-3539-4c5a-bd13-9d50cb51862f" testName="Put_CanUpdateModel" computerName="VECTOR" duration="00:00:00.3130000" startTime="2018-07-28T06:36:40.6926609-04:00" endTime="2018-07-28T06:36:40.6926674-04:00" testType="13cdc9d9-ddb5-4fa4-a97d-d965ccfc6d4b" outcome="Passed" testListId="8c84fa94-04c1-424b-9868-57a2d4851a1d" relativeResultsDirectory="12a2e838-13c7-4b35-bb3c-7e9486019a2b" /><UnitTestResult executionId="e7a13945-f6f0-4afc-93c4-190dace2cd0d" testId="16cfbf83-c86e-44b4-b509-727db29b6e79" testName="GetFile_FileCanBeRoundTripped" computerName="VECTOR" duration="00:00:00.3640000" startTime="2018-07-28T06:36:39.8753383-04:00" endTime="2018-07-28T06:36:39.8753454-04:00" testType="13cdc9d9-ddb5-4fa4-a97d-d965ccfc6d4b" outcome="Passed" testListId="8c84fa94-04c1-424b-9868-57a2d4851a1d" relativeResultsDirectory="e7a13945-f6f0-4afc-93c4-190dace2cd0d" /><UnitTestResult executionId="fc688067-9513-41c8-866e-5d1cc1d2a9e0" testId="833f9654-ca9c-4aec-b4b8-55c2b4d3d3e4" testName="Patch_InvalidPropertyNameReturnsBadRequest" computerName="VECTOR" duration="00:00:00.1120000" startTime="2018-07-28T06:36:05.8167012-04:00" endTime="2018-07-28T06:36:05.8167075-04:00" testType="13cdc9d9-ddb5-4fa4-a97d-d965ccfc6d4b" outcome="Passed" testListId="8c84fa94-04c1-424b-9868-57a2d4851a1d" relativeResultsDirectory="fc688067-9513-41c8-866e-5d1cc1d2a9e0" /><UnitTestResult executionId="12fb4607-98cf-480a-8672-99bfa609c354" testId="20f0acbe-cfdb-46d2-bd1e-1dee1adbedf7" testName="Patch_MultipleInvalidReferencePropertiesReturnsMultipleValidationErrorsAndBadRequest" computerName="VECTOR" duration="00:00:00.0540000" startTime="2018-07-28T06:36:13.7475464-04:00" endTime="2018-07-28T06:36:13.7475520-04:00" testType="13cdc9d9-ddb5-4fa4-a97d-d965ccfc6d4b" outcome="Passed" testListId="8c84fa94-04c1-424b-9868-57a2d4851a1d" relativeResultsDirectory="12fb4607-98cf-480a-8672-99bfa609c354" /></Results><TestDefinitions><UnitTest name="Post_CanCreateNewModel" storage="d:\users\steve knipmeyer\documents\github\modelrelief\modelrelief.test\bin\debug\netcoreapp2.0\modelrelief.test.dll" id="050b26ff-9201-4f9f-85ab-5a556c6d78b9"><Execution id="1c68296b-9109-4033-a9dc-c796006b2224" /><TestMethod codeBase="D:\Users\Steve Knipmeyer\Documents\GitHub\ModelRelief\ModelRelief.test\bin\Debug\netcoreapp2.0\ModelRelief.Test.dll" adapterTypeName="executor://xunit/VsTestRunner2/netcoreapp" className="ModelRelief.Test.Integration.MeshTransforms.MeshTransformsBaseIntegrationTests" name="Post_CanCreateNewModel" /></UnitTest><UnitTest name="Patch_InvalidIdPropertyReturnsNotFound" storage="d:\users\steve knipmeyer\documents\github\modelrelief\modelrelief.test\bin\debug\netcoreapp2.0\modelrelief.test.dll" id="3eb48a1b-ad7a-4627-81e1-141c02a6622c"><Execution id="617a2630-7710-417b-bc95-5cf19d17b6a8" /><TestMethod codeBase="D:\Users\Steve Knipmeyer\Documents\GitHub\ModelRelief\ModelRelief.test\bin\Debug\netcoreapp2.0\ModelRelief.Test.dll" adapterTypeName="executor://xunit/VsTestRunner2/netcoreapp" className="ModelRelief.Test.Integration.DepthBuffers.DepthBuffersBaseIntegrationTests" name="Patch_InvalidIdPropertyReturnsNotFound" /></UnitTest><UnitTest name="Post_InvalidPropertyValueReturnsBadRequest" storage="d:\users\steve knipmeyer\documents\github\modelrelief\modelrelief.test\bin\debug\netcoreapp2.0\modelrelief.test.dll" id="657dd9bd-7da1-43f7-bf81-3ee3199404b8"><Execution id="0ccfed5a-b91a-4af7-a200-03028e089e50" /><TestMethod codeBase="D:\Users\Steve Knipmeyer\Documents\GitHub\ModelRelief\ModelRelief.test\bin\Debug\netcoreapp2.0\ModelRelief.Test.dll" adapterTypeName="executor://xunit/VsTestRunner2/netcoreapp" className="ModelRelief.Test.Integration.MeshTransforms.MeshTransformsBaseIntegrationTests" name="Post_InvalidPropertyValueReturnsBadRequest" /></UnitTest><UnitTest name="GetSingle_ValidIdPropertyValueReturnsCorrectModel" storage="d:\users\steve knipmeyer\documents\github\modelrelief\modelrelief.test\bin\debug\netcoreapp2.0\modelrelief.test.dll" id="6fa2bbe7-bffe-4183-be74-c2e7426c4564"><Execution id="484cf8eb-653e-4ec8-a00f-f0762a03b448" /><TestMethod codeBase="D:\Users\Steve Knipmeyer\Documents\GitHub\ModelRelief\ModelRelief.test\bin\Debug\netcoreapp2.0\ModelRelief.Test.dll" adapterTypeName="executor://xunit/VsTestRunner2/netcoreapp" className="ModelRelief.Test.Integration.DepthBuffers.DepthBuffersBaseIntegrationTests" name="GetSingle_ValidIdPropertyValueReturnsCorrectModel" /></UnitTest><UnitTest name="Put_ValidReferencePropertyUpdatesModel" storage="d:\users\steve knipmeyer\documents\github\modelrelief\modelrelief.test\bin\debug\netcoreapp2.0\modelrelief.test.dll" id="084d999d-4cd6-4826-991a-25096356e54e"><Execution id="aa2f507b-0988-4bea-8539-dfd49dada2a4" /><TestMethod codeBase="D:\Users\Steve Knipmeyer\Documents\GitHub\ModelRelief\ModelRelief.test\bin\Debug\netcoreapp2.0\ModelRelief.Test.dll" adapterTypeName="executor://xunit/VsTestRunner2/netcoreapp" className="ModelRelief.Test.Integration.Meshes.MeshesBaseIntegrationTests" name="Put_ValidReferencePropertyUpdatesModel" /></UnitTest><UnitTest name="Patch_ValidReferencePropertyUpdatesModel" storage="d:\users\steve knipmeyer\documents\github\modelrelief\modelrelief.test\bin\debug\netcoreapp2.0\modelrelief.test.dll" id="07cabdea-b212-4e4f-940f-d5271d5279b1"><Execution id="63dafb05-c06a-4dde-b801-e0297fbffa91" /><TestMethod codeBase="D:\Users\Steve Knipmeyer\Documents\GitHub\ModelRelief\ModelRelief.test\bin\Debug\netcoreapp2.0\ModelRelief.Test.dll" adapterTypeName="executor://xunit/VsTestRunner2/netcoreapp" className="ModelRelief.Test.Integration.Cameras.CamerasBaseIntegrationTests" name="Patch_ValidReferencePropertyUpdatesModel" /></UnitTest><UnitTest name="Patch_InvalidIdPropertyReturnsNotFound" storage="d:\users\steve knipmeyer\documents\github\modelrelief\modelrelief.test\bin\debug\netcoreapp2.0\modelrelief.test.dll" id="e5ae3e97-7cfb-4302-8964-b71d481b4c16"><Execution id="71baa161-b945-46e1-b66d-a69dd7d0622c" /><TestMethod codeBase="D:\Users\Steve Knipmeyer\Documents\GitHub\ModelRelief\ModelRelief.test\bin\Debug\netcoreapp2.0\ModelRelief.Test.dll" adapterTypeName="executor://xunit/VsTestRunner2/netcoreapp" className="ModelRelief.Test.Integration.Models.ModelsBaseIntegrationTests" name="Patch_InvalidIdPropertyReturnsNotFound" /></UnitTest><UnitTest name="FileRequest_DepthBufferIsInvalidatedAfterCameraDependencyPropertyChange" storage="d:\users\steve knipmeyer\documents\github\modelrelief\modelrelief.test\bin\debug\netcoreapp2.0\modelrelief.test.dll" id="fe8cd6a0-d422-4bfa-b70e-a28cd0e73061"><Execution id="c405aecf-7d5b-410d-82e3-bc0ed5ac6348" /><TestMethod codeBase="D:\Users\Steve Knipmeyer\Documents\GitHub\ModelRelief\ModelRelief.test\bin\Debug\netcoreapp2.0\ModelRelief.Test.dll" adapterTypeName="executor://xunit/VsTestRunner2/netcoreapp" className="ModelRelief.Test.Integration.DepthBuffers.DepthBuffersFileIntegrationTests" name="FileRequest_DepthBufferIsInvalidatedAfterCameraDependencyPropertyChange" /></UnitTest><UnitTest name="Post_ValidReferencePropertyCreatesModel" storage="d:\users\steve knipmeyer\documents\github\modelrelief\modelrelief.test\bin\debug\netcoreapp2.0\modelrelief.test.dll" id="9b7dfb73-60ca-4713-a4ca-9cb57ffbdde4"><Execution id="ebfdfbad-2af3-47e2-986a-34745e4b7124" /><TestMethod codeBase="D:\Users\Steve Knipmeyer\Documents\GitHub\ModelRelief\ModelRelief.test\bin\Debug\netcoreapp2.0\ModelRelief.Test.dll" adapterTypeName="executor://xunit/VsTestRunner2/netcoreapp" className="ModelRelief.Test.Integration.DepthBuffers.DepthBuffersBaseIntegrationTests" name="Post_ValidReferencePropertyCreatesModel" /></UnitTest><UnitTest name="Patch_InvalidPropertyNameReturnsBadRequest" storage="d:\users\steve knipmeyer\documents\github\modelrelief\modelrelief.test\bin\debug\netcoreapp2.0\modelrelief.test.dll" id="053813cf-c558-4278-ad84-951951594ef7"><Execution id="261e1891-4df2-4689-a060-fc1cdfb7e2f3" /><TestMethod codeBase="D:\Users\Steve Knipmeyer\Documents\GitHub\ModelRelief\ModelRelief.test\bin\Debug\netcoreapp2.0\ModelRelief.Test.dll" adapterTypeName="executor://xunit/VsTestRunner2/netcoreapp" className="ModelRelief.Test.Integration.DepthBuffers.DepthBuffersBaseIntegrationTests" name="Patch_InvalidPropertyNameReturnsBadRequest" /></UnitTest><UnitTest name="GetList_ListReturnsCorrectCount" storage="d:\users\steve knipmeyer\documents\github\modelrelief\modelrelief.test\bin\debug\netcoreapp2.0\modelrelief.test.dll" id="3d2d7cb4-ef0c-40c6-ae0c-3847c4a7a159"><Execution id="c22a7c33-5c4a-4d7f-b386-307760c3c14b" /><TestMethod codeBase="D:\Users\Steve Knipmeyer\Documents\GitHub\ModelRelief\ModelRelief.test\bin\Debug\netcoreapp2.0\ModelRelief.Test.dll" adapterTypeName="executor://xunit/VsTestRunner2/netcoreapp" className="ModelRelief.Test.Integration.Models.ModelsBaseIntegrationTests" name="GetList_ListReturnsCorrectCount" /></UnitTest><UnitTest name="Post_InvalidReferencePropertyReturnsBadRequest" storage="d:\users\steve knipmeyer\documents\github\modelrelief\modelrelief.test\bin\debug\netcoreapp2.0\modelrelief.test.dll" id="501ccd28-208f-4696-8a78-e11d313e23c6"><Execution id="4eda963f-2970-41e8-bfa7-2c7d1569a014" /><TestMethod codeBase="D:\Users\Steve Knipmeyer\Documents\GitHub\ModelRelief\ModelRelief.test\bin\Debug\netcoreapp2.0\ModelRelief.Test.dll" adapterTypeName="executor://xunit/VsTestRunner2/netcoreapp" className="ModelRelief.Test.Integration.MeshTransforms.MeshTransformsBaseIntegrationTests" name="Post_InvalidReferencePropertyReturnsBadRequest" /></UnitTest><UnitTest name="Patch_InvalidEnumPropertyValueReturnsBadRequest" storage="d:\users\steve knipmeyer\documents\github\modelrelief\modelrelief.test\bin\debug\netcoreapp2.0\modelrelief.test.dll" id="32068133-bb9d-4513-b99b-97b2327b564a"><Execution id="916e410e-5310-4040-96f0-9b013df16f66" /><TestMethod codeBase="D:\Users\Steve Knipmeyer\Documents\GitHub\ModelRelief\ModelRelief.test\bin\Debug\netcoreapp2.0\ModelRelief.Test.dll" adapterTypeName="executor://xunit/VsTestRunner2/netcoreapp" className="ModelRelief.Test.Integration.DepthBuffers.DepthBuffersBaseIntegrationTests" name="Patch_InvalidEnumPropertyValueReturnsBadRequest" /></UnitTest><UnitTest name="Patch_InvalidReferencePropertyReturnsBadRequest" storage="d:\users\steve knipmeyer\documents\github\modelrelief\modelrelief.test\bin\debug\netcoreapp2.0\modelrelief.test.dll" id="a7368a3e-f47f-4d01-99d6-4ee424c4fc74"><Execution id="1590c329-b764-41ff-8c0f-7cb6a1d9925e" /><TestMethod codeBase="D:\Users\Steve Knipmeyer\Documents\GitHub\ModelRelief\ModelRelief.test\bin\Debug\netcoreapp2.0\ModelRelief.Test.dll" adapterTypeName="executor://xunit/VsTestRunner2/netcoreapp" className="ModelRelief.Test.Integration.Projects.ProjectsBaseIntegrationTests" name="Patch_InvalidReferencePropertyReturnsBadRequest" /></UnitTest><UnitTest name="Put_InvalidIdReturnsNotFound" storage="d:\users\steve knipmeyer\documents\github\modelrelief\modelrelief.test\bin\debug\netcoreapp2.0\modelrelief.test.dll" id="84fa5315-8a86-46de-a2cd-cf24e2b98945"><Execution id="845ef682-83c9-42a8-a828-885b8201abe9" /><TestMethod codeBase="D:\Users\Steve Knipmeyer\Documents\GitHub\ModelRelief\ModelRelief.test\bin\Debug\netcoreapp2.0\ModelRelief.Test.dll" adapterTypeName="executor://xunit/VsTestRunner2/netcoreapp" className="ModelRelief.Test.Integration.MeshTransforms.MeshTransformsBaseIntegrationTests" name="Put_InvalidIdReturnsNotFound" /></UnitTest><UnitTest name="GetSingle_InvalidIdPropertyValueReturnsNotFound" storage="d:\users\steve knipmeyer\documents\github\modelrelief\modelrelief.test\bin\debug\netcoreapp2.0\modelrelief.test.dll" id="8b4825d4-6959-4a77-b7e0-8ff7bb4074d8"><Execution id="2b2255da-7b49-47ff-a064-061d46959d24" /><TestMethod codeBase="D:\Users\Steve Knipmeyer\Documents\GitHub\ModelRelief\ModelRelief.test\bin\Debug\netcoreapp2.0\ModelRelief.Test.dll" adapterTypeName="executor://xunit/VsTestRunner2/netcoreapp" className="ModelRelief.Test.Integration.MeshTransforms.MeshTransformsBaseIntegrationTests" name="GetSingle_InvalidIdPropertyValueReturnsNotFound" /></UnitTest><UnitTest name="Delete_TargetModelIsDeleted" storage="d:\users\steve knipmeyer\documents\github\modelrelief\modelrelief.test\bin\debug\netcoreapp2.0\modelrelief.test.dll" id="9d669f47-db77-46db-b87e-a99d8522f757"><Execution id="baa537cc-9e1d-4925-ac76-ccb5a3e27f91" /><TestMethod codeBase="D:\Users\Steve Knipmeyer\Documents\GitHub\ModelRelief\ModelRelief.test\bin\Debug\netcoreapp2.0\ModelRelief.Test.dll" adapterTypeName="executor://xunit/VsTestRunner2/netcoreapp" className="ModelRelief.Test.Integration.Projects.ProjectsBaseIntegrationTests" name="Delete_TargetModelIsDeleted" /></UnitTest><UnitTest name="PostFile_NewFileCanBePosted" storage="d:\users\steve knipmeyer\documents\github\modelrelief\modelrelief.test\bin\debug\netcoreapp2.0\modelrelief.test.dll" id="7fa41b02-7c82-4484-8659-a3a325c00560"><Execution id="251fbbcf-bcfa-43ea-820e-eaa6071c7d13" /><TestMethod codeBase="D:\Users\Steve Knipmeyer\Documents\GitHub\ModelRelief\ModelRelief.test\bin\Debug\netcoreapp2.0\ModelRelief.Test.dll" adapterTypeName="executor://xunit/VsTestRunner2/netcoreapp" className="ModelRelief.Test.Integration.Meshes.MeshesFileIntegrationTests" name="PostFile_NewFileCanBePosted" /></UnitTest><UnitTest name="GetSingle_InvalidIdPropertyValueReturnsNotFound" storage="d:\users\steve knipmeyer\documents\github\modelrelief\modelrelief.test\bin\debug\netcoreapp2.0\modelrelief.test.dll" id="df888bb0-9884-4ee1-a469-acd34dca0f98"><Execution id="86ddd5fc-6fc7-41a8-99c9-1956dccd9832" /><TestMethod codeBase="D:\Users\Steve Knipmeyer\Documents\GitHub\ModelRelief\ModelRelief.test\bin\Debug\netcoreapp2.0\ModelRelief.Test.dll" adapterTypeName="executor://xunit/VsTestRunner2/netcoreapp" className="ModelRelief.Test.Integration.DepthBuffers.DepthBuffersBaseIntegrationTests" name="GetSingle_InvalidIdPropertyValueReturnsNotFound" /></UnitTest><UnitTest name="PostFile_FileTimeStampIsUpdatedAfterFileIsPosted" storage="d:\users\steve knipmeyer\documents\github\modelrelief\modelrelief.test\bin\debug\netcoreapp2.0\modelrelief.test.dll" id="57cbe266-2728-4cbc-8fde-0101120211c2"><Execution id="e49d95b4-2411-4bdc-af32-bca11415b06a" /><TestMethod codeBase="D:\Users\Steve Knipmeyer\Documents\GitHub\ModelRelief\ModelRelief.test\bin\Debug\netcoreapp2.0\ModelRelief.Test.dll" adapterTypeName="executor://xunit/VsTestRunner2/netcoreapp" className="ModelRelief.Test.Integration.Models.ModelsFileIntegrationTests" name="PostFile_FileTimeStampIsUpdatedAfterFileIsPosted" /></UnitTest><UnitTest name="Delete_TargetModelIsDeleted" storage="d:\users\steve knipmeyer\documents\github\modelrelief\modelrelief.test\bin\debug\netcoreapp2.0\modelrelief.test.dll" id="f6eec275-5fb6-4298-afdd-276589e6a5d5"><Execution id="55d7fc08-7a6b-454a-bd7e-3952ea328ce6" /><TestMethod codeBase="D:\Users\Steve Knipmeyer\Documents\GitHub\ModelRelief\ModelRelief.test\bin\Debug\netcoreapp2.0\ModelRelief.Test.dll" adapterTypeName="executor://xunit/VsTestRunner2/netcoreapp" className="ModelRelief.Test.Integration.MeshTransforms.MeshTransformsBaseIntegrationTests" name="Delete_TargetModelIsDeleted" /></UnitTest><UnitTest name="Put_CanUpdateModel" storage="d:\users\steve knipmeyer\documents\github\modelrelief\modelrelief.test\bin\debug\netcoreapp2.0\modelrelief.test.dll" id="e77deb5d-eae4-4d39-a39b-3a3d56b216c8"><Execution id="7b48d6a0-eb86-4efa-a039-578568e545d7" /><TestMethod codeBase="D:\Users\Steve Knipmeyer\Documents\GitHub\ModelRelief\ModelRelief.test\bin\Debug\netcoreapp2.0\ModelRelief.Test.dll" adapterTypeName="executor://xunit/VsTestRunner2/netcoreapp" className="ModelRelief.Test.Integration.Meshes.MeshesBaseIntegrationTests" name="Put_CanUpdateModel" /></UnitTest><UnitTest name="Put_CanUpdateModel" storage="d:\users\steve knipmeyer\documents\github\modelrelief\modelrelief.test\bin\debug\netcoreapp2.0\modelrelief.test.dll" id="41d0e0d2-3539-4c5a-bd13-9d50cb51862f"><Execution id="12a2e838-13c7-4b35-bb3c-7e9486019a2b" /><TestMethod codeBase="D:\Users\Steve Knipmeyer\Documents\GitHub\ModelRelief\ModelRelief.test\bin\Debug\netcoreapp2.0\ModelRelief.Test.dll" adapterTypeName="executor://xunit/VsTestRunner2/netcoreapp" className="ModelRelief.Test.Integration.Cameras.CamerasBaseIntegrationTests" name="Put_CanUpdateModel" /></UnitTest><UnitTest name="Delete_TargetModelIsDeleted" storage="d:\users\steve knipmeyer\documents\github\modelrelief\modelrelief.test\bin\debug\netcoreapp2.0\modelrelief.test.dll" id="4e874fba-3f99-470a-8a96-ce1fdf78176e"><Execution id="e401b2a2-275b-4a9d-ab27-452fe18bedd7" /><TestMethod codeBase="D:\Users\Steve Knipmeyer\Documents\GitHub\ModelRelief\ModelRelief.test\bin\Debug\netcoreapp2.0\ModelRelief.Test.dll" adapterTypeName="executor://xunit/VsTestRunner2/netcoreapp" className="ModelRelief.Test.Integration.Models.ModelsBaseIntegrationTests" name="Delete_TargetModelIsDeleted" /></UnitTest><UnitTest name="Patch_InvalidReferencePropertyReturnsBadRequest" storage="d:\users\steve knipmeyer\documents\github\modelrelief\modelrelief.test\bin\debug\netcoreapp2.0\modelrelief.test.dll" id="10513bc1-112b-49b9-a828-c66c5b3beebb"><Execution id="7175aa58-8630-429a-a03e-51d58f15d97a" /><TestMethod codeBase="D:\Users\Steve Knipmeyer\Documents\GitHub\ModelRelief\ModelRelief.test\bin\Debug\netcoreapp2.0\ModelRelief.Test.dll" adapterTypeName="executor://xunit/VsTestRunner2/netcoreapp" className="ModelRelief.Test.Integration.MeshTransforms.MeshTransformsBaseIntegrationTests" name="Patch_InvalidReferencePropertyReturnsBadRequest" /></UnitTest><UnitTest name="Put_InvalidReferencePropertyReturndBadRequest" storage="d:\users\steve knipmeyer\documents\github\modelrelief\modelrelief.test\bin\debug\netcoreapp2.0\modelrelief.test.dll" id="3a587563-5564-4b80-b8b0-92bcc135847e"><Execution id="7a755854-77b1-48d9-9b44-63dd407f49d1" /><TestMethod codeBase="D:\Users\Steve Knipmeyer\Documents\GitHub\ModelRelief\ModelRelief.test\bin\Debug\netcoreapp2.0\ModelRelief.Test.dll" adapterTypeName="executor://xunit/VsTestRunner2/netcoreapp" className="ModelRelief.Test.Integration.DepthBuffers.DepthBuffersBaseIntegrationTests" name="Put_InvalidReferencePropertyReturndBadRequest" /></UnitTest><UnitTest name="GetList_ListReturnsCorrectCount" storage="d:\users\steve knipmeyer\documents\github\modelrelief\modelrelief.test\bin\debug\netcoreapp2.0\modelrelief.test.dll" id="7fb17a58-7d95-4324-b211-75170f49b581"><Execution id="bc693f80-197b-415a-91c7-a85eb9dce543" /><TestMethod codeBase="D:\Users\Steve Knipmeyer\Documents\GitHub\ModelRelief\ModelRelief.test\bin\Debug\netcoreapp2.0\ModelRelief.Test.dll" adapterTypeName="executor://xunit/VsTestRunner2/netcoreapp" className="ModelRelief.Test.Integration.Projects.ProjectsBaseIntegrationTests" name="GetList_ListReturnsCorrectCount" /></UnitTest><UnitTest name="GetList_ListReturnsCorrectCount" storage="d:\users\steve knipmeyer\documents\github\modelrelief\modelrelief.test\bin\debug\netcoreapp2.0\modelrelief.test.dll" id="1f4d5795-29f3-4756-a84c-260495311f15"><Execution id="e8cb6abc-7bcd-4fdf-b101-21c4991d0484" /><TestMethod codeBase="D:\Users\Steve Knipmeyer\Documents\GitHub\ModelRelief\ModelRelief.test\bin\Debug\netcoreapp2.0\ModelRelief.Test.dll" adapterTypeName="executor://xunit/VsTestRunner2/netcoreapp" className="ModelRelief.Test.Integration.Cameras.CamerasBaseIntegrationTests" name="GetList_ListReturnsCorrectCount" /></UnitTest><UnitTest name="GetSingle_ValidIdPropertyValueReturnsCorrectModel" storage="d:\users\steve knipmeyer\documents\github\modelrelief\modelrelief.test\bin\debug\netcoreapp2.0\modelrelief.test.dll" id="fe2c56e2-e283-40f2-b164-47c6ad4478af"><Execution id="3a3b3648-34f1-4785-90a9-ec616fd4b3bf" /><TestMethod codeBase="D:\Users\Steve Knipmeyer\Documents\GitHub\ModelRelief\ModelRelief.test\bin\Debug\netcoreapp2.0\ModelRelief.Test.dll" adapterTypeName="executor://xunit/VsTestRunner2/netcoreapp" className="ModelRelief.Test.Integration.Projects.ProjectsBaseIntegrationTests" name="GetSingle_ValidIdPropertyValueReturnsCorrectModel" /></UnitTest><UnitTest name="GetFile_FileCanBeRoundTripped" storage="d:\users\steve knipmeyer\documents\github\modelrelief\modelrelief.test\bin\debug\netcoreapp2.0\modelrelief.test.dll" id="1f5a0890-4d37-4aa5-ac66-dfec5e934577"><Execution id="42c22b5d-e349-4be0-a31c-9f7180cb0a45" /><TestMethod codeBase="D:\Users\Steve Knipmeyer\Documents\GitHub\ModelRelief\ModelRelief.test\bin\Debug\netcoreapp2.0\ModelRelief.Test.dll" adapterTypeName="executor://xunit/VsTestRunner2/netcoreapp" className="ModelRelief.Test.Integration.Meshes.MeshesFileIntegrationTests" name="GetFile_FileCanBeRoundTripped" /></UnitTest><UnitTest name="CameraHasExpectedDependentFiles" storage="d:\users\steve knipmeyer\documents\github\modelrelief\modelrelief.test\bin\debug\netcoreapp2.0\modelrelief.test.dll" id="10e166fc-5c28-4a98-91a5-c71269fc5dc4"><Execution id="ae66734e-aa55-4025-ba74-18b2001ef47e" /><TestMethod codeBase="D:\Users\Steve Knipmeyer\Documents\GitHub\ModelRelief\ModelRelief.test\bin\Debug\netcoreapp2.0\ModelRelief.Test.dll" adapterTypeName="executor://xunit/VsTestRunner2/netcoreapp" className="ModelRelief.Test.Unit.DependencyManager.DependencyManagerTests" name="CameraHasExpectedDependentFiles" /></UnitTest><UnitTest name="GetSingle_ValidIdPropertyValueReturnsCorrectModel" storage="d:\users\steve knipmeyer\documents\github\modelrelief\modelrelief.test\bin\debug\netcoreapp2.0\modelrelief.test.dll" id="c68dd053-d643-4ab8-9df4-b54edae93272"><Execution id="12304224-0f66-435b-8df9-a246fd5c7ea7" /><TestMethod codeBase="D:\Users\Steve Knipmeyer\Documents\GitHub\ModelRelief\ModelRelief.test\bin\Debug\netcoreapp2.0\ModelRelief.Test.dll" adapterTypeName="executor://xunit/VsTestRunner2/netcoreapp" className="ModelRelief.Test.Integration.Models.ModelsBaseIntegrationTests" name="GetSingle_ValidIdPropertyValueReturnsCorrectModel" /></UnitTest><UnitTest name="FileRequest_FileCanBeReadAfterRename" storage="d:\users\steve knipmeyer\documents\github\modelrelief\modelrelief.test\bin\debug\netcoreapp2.0\modelrelief.test.dll" id="fb9f2f77-b366-4029-ae8f-a759959683f4"><Execution id="57ce4af2-f2f9-4667-b829-708dbe6de5a5" /><TestMethod codeBase="D:\Users\Steve Knipmeyer\Documents\GitHub\ModelRelief\ModelRelief.test\bin\Debug\netcoreapp2.0\ModelRelief.Test.dll" adapterTypeName="executor://xunit/VsTestRunner2/netcoreapp" className="ModelRelief.Test.Integration.Models.ModelsFileIntegrationTests" name="FileRequest_FileCanBeReadAfterRename" /></UnitTest><UnitTest name="Put_ValidReferencePropertyUpdatesModel" storage="d:\users\steve knipmeyer\documents\github\modelrelief\modelrelief.test\bin\debug\netcoreapp2.0\modelrelief.test.dll" id="2f2173b7-3edf-4166-9ed1-e767c65fa24a"><Execution id="35381e66-fee2-4d76-be84-c241439d9387" /><TestMethod codeBase="D:\Users\Steve Knipmeyer\Documents\GitHub\ModelRelief\ModelRelief.test\bin\Debug\netcoreapp2.0\ModelRelief.Test.dll" adapterTypeName="executor://xunit/VsTestRunner2/netcoreapp" className="ModelRelief.Test.Integration.Cameras.CamerasBaseIntegrationTests" name="Put_ValidReferencePropertyUpdatesModel" /></UnitTest><UnitTest name="Patch_MultipleInvalidReferencePropertiesReturnsMultipleValidationErrorsAndBadRequest" storage="d:\users\steve knipmeyer\documents\github\modelrelief\modelrelief.test\bin\debug\netcoreapp2.0\modelrelief.test.dll" id="154204db-0e8d-4163-b58a-9dbf8e180b20"><Execution id="950b70a3-836c-47e3-a20b-86f250bf1195" /><TestMethod codeBase="D:\Users\Steve Knipmeyer\Documents\GitHub\ModelRelief\ModelRelief.test\bin\Debug\netcoreapp2.0\ModelRelief.Test.dll" adapterTypeName="executor://xunit/VsTestRunner2/netcoreapp" className="ModelRelief.Test.Integration.DepthBuffers.DepthBuffersBaseIntegrationTests" name="Patch_MultipleInvalidReferencePropertiesReturnsMultipleValidationErrorsAndBadRequest" /></UnitTest><UnitTest name="PostFile_NewFileCanBePosted" storage="d:\users\steve knipmeyer\documents\github\modelrelief\modelrelief.test\bin\debug\netcoreapp2.0\modelrelief.test.dll" id="c5cf0e52-3e2c-4f2d-b608-a77b5c92ce38"><Execution id="065123e5-9203-4062-9ea2-a5a9e2b6e54b" /><TestMethod codeBase="D:\Users\Steve Knipmeyer\Documents\GitHub\ModelRelief\ModelRelief.test\bin\Debug\netcoreapp2.0\ModelRelief.Test.dll" adapterTypeName="executor://xunit/VsTestRunner2/netcoreapp" className="ModelRelief.Test.Integration.Models.ModelsFileIntegrationTests" name="PostFile_NewFileCanBePosted" /></UnitTest><UnitTest name="GetFile_ExistingFileReturnsSuccess" storage="d:\users\steve knipmeyer\documents\github\modelrelief\modelrelief.test\bin\debug\netcoreapp2.0\modelrelief.test.dll" id="f87b0892-1f88-4845-b2e7-b5a1cfbcd4d3"><Execution id="a1aaee29-3933-4c55-9ed0-53a0d7a30283" /><TestMethod codeBase="D:\Users\Steve Knipmeyer\Documents\GitHub\ModelRelief\ModelRelief.test\bin\Debug\netcoreapp2.0\ModelRelief.Test.dll" adapterTypeName="executor://xunit/VsTestRunner2/netcoreapp" className="ModelRelief.Test.Integration.Models.ModelsFileIntegrationTests" name="GetFile_ExistingFileReturnsSuccess" /></UnitTest><UnitTest name="GetFile_NonExistentFileReturnsNotFound" storage="d:\users\steve knipmeyer\documents\github\modelrelief\modelrelief.test\bin\debug\netcoreapp2.0\modelrelief.test.dll" id="e0fdadcf-09f5-42bf-ac4b-f5e6e67c08b2"><Execution id="cfecd2d3-88ab-4cee-96b1-be6cf75d3fc6" /><TestMethod codeBase="D:\Users\Steve Knipmeyer\Documents\GitHub\ModelRelief\ModelRelief.test\bin\Debug\netcoreapp2.0\ModelRelief.Test.dll" adapterTypeName="executor://xunit/VsTestRunner2/netcoreapp" className="ModelRelief.Test.Integration.DepthBuffers.DepthBuffersFileIntegrationTests" name="GetFile_NonExistentFileReturnsNotFound" /></UnitTest><UnitTest name="Patch_TargetPropertyIsUpdated" storage="d:\users\steve knipmeyer\documents\github\modelrelief\modelrelief.test\bin\debug\netcoreapp2.0\modelrelief.test.dll" id="040ff043-02d1-4581-8e58-b7a337756ee7"><Execution id="f3186449-fa8b-4199-a439-135d2dad0401" /><TestMethod codeBase="D:\Users\Steve Knipmeyer\Documents\GitHub\ModelRelief\ModelRelief.test\bin\Debug\netcoreapp2.0\ModelRelief.Test.dll" adapterTypeName="executor://xunit/VsTestRunner2/netcoreapp" className="ModelRelief.Test.Integration.Cameras.CamerasBaseIntegrationTests" name="Patch_TargetPropertyIsUpdated" /></UnitTest><UnitTest name="GetList_ListReturnsCorrectCount" storage="d:\users\steve knipmeyer\documents\github\modelrelief\modelrelief.test\bin\debug\netcoreapp2.0\modelrelief.test.dll" id="99ad7827-e3a5-41b4-9eac-45a5326fa584"><Execution id="d0bb6147-7b49-4bfe-b07c-7b4d2ac48906" /><TestMethod codeBase="D:\Users\Steve Knipmeyer\Documents\GitHub\ModelRelief\ModelRelief.test\bin\Debug\netcoreapp2.0\ModelRelief.Test.dll" adapterTypeName="executor://xunit/VsTestRunner2/netcoreapp" className="ModelRelief.Test.Integration.MeshTransforms.MeshTransformsBaseIntegrationTests" name="GetList_ListReturnsCorrectCount" /></UnitTest><UnitTest name="Post_InvalidPropertyValueReturnsBadRequest" storage="d:\users\steve knipmeyer\documents\github\modelrelief\modelrelief.test\bin\debug\netcoreapp2.0\modelrelief.test.dll" id="91ffce5c-3216-4b07-a358-d37e54247995"><Execution id="8e0374a3-f7bc-4162-91c0-75e87ba2e5e0" /><TestMethod codeBase="D:\Users\Steve Knipmeyer\Documents\GitHub\ModelRelief\ModelRelief.test\bin\Debug\netcoreapp2.0\ModelRelief.Test.dll" adapterTypeName="executor://xunit/VsTestRunner2/netcoreapp" className="ModelRelief.Test.Integration.Cameras.CamerasBaseIntegrationTests" name="Post_InvalidPropertyValueReturnsBadRequest" /></UnitTest><UnitTest name="PostFile_FileTimeStampIsUpdatedAfterFileIsPosted" storage="d:\users\steve knipmeyer\documents\github\modelrelief\modelrelief.test\bin\debug\netcoreapp2.0\modelrelief.test.dll" id="9201d3d5-e342-4b6c-9b92-b6f5258ed4a0"><Execution id="077c5578-cae1-4ef5-ae9c-4003d0028d03" /><TestMethod codeBase="D:\Users\Steve Knipmeyer\Documents\GitHub\ModelRelief\ModelRelief.test\bin\Debug\netcoreapp2.0\ModelRelief.Test.dll" adapterTypeName="executor://xunit/VsTestRunner2/netcoreapp" className="ModelRelief.Test.Integration.Meshes.MeshesFileIntegrationTests" name="PostFile_FileTimeStampIsUpdatedAfterFileIsPosted" /></UnitTest><UnitTest name="Patch_InvalidPropertyNameReturnsBadRequest" storage="d:\users\steve knipmeyer\documents\github\modelrelief\modelrelief.test\bin\debug\netcoreapp2.0\modelrelief.test.dll" id="87f146c0-76f7-4332-81e5-ccb25c9611ba"><Execution id="adfd79fd-2494-47db-a724-3af82350d3d2" /><TestMethod codeBase="D:\Users\Steve Knipmeyer\Documents\GitHub\ModelRelief\ModelRelief.test\bin\Debug\netcoreapp2.0\ModelRelief.Test.dll" adapterTypeName="executor://xunit/VsTestRunner2/netcoreapp" className="ModelRelief.Test.Integration.Meshes.MeshesBaseIntegrationTests" name="Patch_InvalidPropertyNameReturnsBadRequest" /></UnitTest><UnitTest name="Patch_MultipleInvalidReferencePropertiesReturnsMultipleValidationErrorsAndBadRequest" storage="d:\users\steve knipmeyer\documents\github\modelrelief\modelrelief.test\bin\debug\netcoreapp2.0\modelrelief.test.dll" id="c39f3aa8-fb16-4e80-8f7e-b3a71964bb72"><Execution id="673554bc-9210-4441-93ba-1727ddecab11" /><TestMethod codeBase="D:\Users\Steve Knipmeyer\Documents\GitHub\ModelRelief\ModelRelief.test\bin\Debug\netcoreapp2.0\ModelRelief.Test.dll" adapterTypeName="executor://xunit/VsTestRunner2/netcoreapp" className="ModelRelief.Test.Integration.Projects.ProjectsBaseIntegrationTests" name="Patch_MultipleInvalidReferencePropertiesReturnsMultipleValidationErrorsAndBadRequest" /></UnitTest><UnitTest name="Post_InvalidReferencePropertyReturnsBadRequest" storage="d:\users\steve knipmeyer\documents\github\modelrelief\modelrelief.test\bin\debug\netcoreapp2.0\modelrelief.test.dll" id="30346009-fe01-496d-8265-694d3a34126f"><Execution id="1fb94204-1c8d-4caa-8754-e2f01f4497be" /><TestMethod codeBase="D:\Users\Steve Knipmeyer\Documents\GitHub\ModelRelief\ModelRelief.test\bin\Debug\netcoreapp2.0\ModelRelief.Test.dll" adapterTypeName="executor://xunit/VsTestRunner2/netcoreapp" className="ModelRelief.Test.Integration.Projects.ProjectsBaseIntegrationTests" name="Post_InvalidReferencePropertyReturnsBadRequest" /></UnitTest><UnitTest name="GetSingle_InvalidIdPropertyValueReturnsNotFound" storage="d:\users\steve knipmeyer\documents\github\modelrelief\modelrelief.test\bin\debug\netcoreapp2.0\modelrelief.test.dll" id="479d8b1b-f868-4d52-9721-0b44fef90dd5"><Execution id="890648c0-0031-4e07-8780-aa2390857718" /><TestMethod codeBase="D:\Users\Steve Knipmeyer\Documents\GitHub\ModelRelief\ModelRelief.test\bin\Debug\netcoreapp2.0\ModelRelief.Test.dll" adapterTypeName="executor://xunit/VsTestRunner2/netcoreapp" className="ModelRelief.Test.Integration.Cameras.CamerasBaseIntegrationTests" name="GetSingle_InvalidIdPropertyValueReturnsNotFound" /></UnitTest><UnitTest name="Put_InvalidReferencePropertyReturndBadRequest" storage="d:\users\steve knipmeyer\documents\github\modelrelief\modelrelief.test\bin\debug\netcoreapp2.0\modelrelief.test.dll" id="4ba80c73-51b0-4b2c-86d3-67cab293da6f"><Execution id="bfde6dff-e2db-49b8-9742-52e687802b01" /><TestMethod codeBase="D:\Users\Steve Knipmeyer\Documents\GitHub\ModelRelief\ModelRelief.test\bin\Debug\netcoreapp2.0\ModelRelief.Test.dll" adapterTypeName="executor://xunit/VsTestRunner2/netcoreapp" className="ModelRelief.Test.Integration.MeshTransforms.MeshTransformsBaseIntegrationTests" name="Put_InvalidReferencePropertyReturndBadRequest" /></UnitTest><UnitTest name="FileRequest_FileCanBeReadAfterRename" storage="d:\users\steve knipmeyer\documents\github\modelrelief\modelrelief.test\bin\debug\netcoreapp2.0\modelrelief.test.dll" id="2e00f70f-7e5f-47a1-9077-5c4c90be8b25"><Execution id="f5b43de2-df7e-477c-9d43-21b5d1bf33f1" /><TestMethod codeBase="D:\Users\Steve Knipmeyer\Documents\GitHub\ModelRelief\ModelRelief.test\bin\Debug\netcoreapp2.0\ModelRelief.Test.dll" adapterTypeName="executor://xunit/VsTestRunner2/netcoreapp" className="ModelRelief.Test.Integration.Meshes.MeshesFileIntegrationTests" name="FileRequest_FileCanBeReadAfterRename" /></UnitTest><UnitTest name="Patch_MultipleInvalidReferencePropertiesReturnsMultipleValidationErrorsAndBadRequest" storage="d:\users\steve knipmeyer\documents\github\modelrelief\modelrelief.test\bin\debug\netcoreapp2.0\modelrelief.test.dll" id="2225481b-a573-4212-bbc7-68f1c5c4f550"><Execution id="87cffa5b-6f18-412f-ac27-92e689d6cfd7" /><TestMethod codeBase="D:\Users\Steve Knipmeyer\Documents\GitHub\ModelRelief\ModelRelief.test\bin\Debug\netcoreapp2.0\ModelRelief.Test.dll" adapterTypeName="executor://xunit/VsTestRunner2/netcoreapp" className="ModelRelief.Test.Integration.Models.ModelsBaseIntegrationTests" name="Patch_MultipleInvalidReferencePropertiesReturnsMultipleValidationErrorsAndBadRequest" /></UnitTest><UnitTest name="Patch_InvalidIdPropertyReturnsNotFound" storage="d:\users\steve knipmeyer\documents\github\modelrelief\modelrelief.test\bin\debug\netcoreapp2.0\modelrelief.test.dll" id="d37972d3-92c4-4d75-b752-ef24341802eb"><Execution id="64b03bbd-8c0e-4029-8bc9-37c1ad954038" /><TestMethod codeBase="D:\Users\Steve Knipmeyer\Documents\GitHub\ModelRelief\ModelRelief.test\bin\Debug\netcoreapp2.0\ModelRelief.Test.dll" adapterTypeName="executor://xunit/VsTestRunner2/netcoreapp" className="ModelRelief.Test.Integration.MeshTransforms.MeshTransformsBaseIntegrationTests" name="Patch_InvalidIdPropertyReturnsNotFound" /></UnitTest><UnitTest name="Post_ValidReferencePropertyCreatesModel" storage="d:\users\steve knipmeyer\documents\github\modelrelief\modelrelief.test\bin\debug\netcoreapp2.0\modelrelief.test.dll" id="a7230192-d49f-43c6-82a7-f95f27b1cc69"><Execution id="d906643c-df67-4ce4-bbfb-c7e509acba0e" /><TestMethod codeBase="D:\Users\Steve Knipmeyer\Documents\GitHub\ModelRelief\ModelRelief.test\bin\Debug\netcoreapp2.0\ModelRelief.Test.dll" adapterTypeName="executor://xunit/VsTestRunner2/netcoreapp" className="ModelRelief.Test.Integration.MeshTransforms.MeshTransformsBaseIntegrationTests" name="Post_ValidReferencePropertyCreatesModel" /></UnitTest><UnitTest name="MeshTransformHasExpectedDependentFiles" storage="d:\users\steve knipmeyer\documents\github\modelrelief\modelrelief.test\bin\debug\netcoreapp2.0\modelrelief.test.dll" id="bb1c1e55-1e62-4ce4-b886-6f1492654b4b"><Execution id="7aa4c315-e7d8-4046-b728-13948633687f" /><TestMethod codeBase="D:\Users\Steve Knipmeyer\Documents\GitHub\ModelRelief\ModelRelief.test\bin\Debug\netcoreapp2.0\ModelRelief.Test.dll" adapterTypeName="executor://xunit/VsTestRunner2/netcoreapp" className="ModelRelief.Test.Unit.DependencyManager.DependencyManagerTests" name="MeshTransformHasExpectedDependentFiles" /></UnitTest><UnitTest name="Patch_InvalidReferencePropertyReturnsBadRequest" storage="d:\users\steve knipmeyer\documents\github\modelrelief\modelrelief.test\bin\debug\netcoreapp2.0\modelrelief.test.dll" id="e982e11c-6c7b-49c3-aaeb-9c04ce620261"><Execution id="48538884-7f56-4870-ba2b-e9f9fdf733ba" /><TestMethod codeBase="D:\Users\Steve Knipmeyer\Documents\GitHub\ModelRelief\ModelRelief.test\bin\Debug\netcoreapp2.0\ModelRelief.Test.dll" adapterTypeName="executor://xunit/VsTestRunner2/netcoreapp" className="ModelRelief.Test.Integration.Models.ModelsBaseIntegrationTests" name="Patch_InvalidReferencePropertyReturnsBadRequest" /></UnitTest><UnitTest name="GetFile_NonExistentFileReturnsNotFound" storage="d:\users\steve knipmeyer\documents\github\modelrelief\modelrelief.test\bin\debug\netcoreapp2.0\modelrelief.test.dll" id="043284ad-4977-4c7c-aa2e-fc6394af955c"><Execution id="e347ab58-be72-4892-a4ee-1dce5be28cfe" /><TestMethod codeBase="D:\Users\Steve Knipmeyer\Documents\GitHub\ModelRelief\ModelRelief.test\bin\Debug\netcoreapp2.0\ModelRelief.Test.dll" adapterTypeName="executor://xunit/VsTestRunner2/netcoreapp" className="ModelRelief.Test.Integration.Meshes.MeshesFileIntegrationTests" name="GetFile_NonExistentFileReturnsNotFound" /></UnitTest><UnitTest name="Post_CanCreateNewModel" storage="d:\users\steve knipmeyer\documents\github\modelrelief\modelrelief.test\bin\debug\netcoreapp2.0\modelrelief.test.dll" id="25da1155-88b1-48a3-8cb2-9fa064ed6ffc"><Execution id="c144b074-44b8-4a3a-8ccc-4f5471924214" /><TestMethod codeBase="D:\Users\Steve Knipmeyer\Documents\GitHub\ModelRelief\ModelRelief.test\bin\Debug\netcoreapp2.0\ModelRelief.Test.dll" adapterTypeName="executor://xunit/VsTestRunner2/netcoreapp" className="ModelRelief.Test.Integration.DepthBuffers.DepthBuffersBaseIntegrationTests" name="Post_CanCreateNewModel" /></UnitTest><UnitTest name="Put_CanUpdateModel" storage="d:\users\steve knipmeyer\documents\github\modelrelief\modelrelief.test\bin\debug\netcoreapp2.0\modelrelief.test.dll" id="71e9e77f-af1e-4b97-956e-d1eb68d38f09"><Execution id="7243ce59-08d0-4167-b33e-98d1df530f1e" /><TestMethod codeBase="D:\Users\Steve Knipmeyer\Documents\GitHub\ModelRelief\ModelRelief.test\bin\Debug\netcoreapp2.0\ModelRelief.Test.dll" adapterTypeName="executor://xunit/VsTestRunner2/netcoreapp" className="ModelRelief.Test.Integration.MeshTransforms.MeshTransformsBaseIntegrationTests" name="Put_CanUpdateModel" /></UnitTest><UnitTest name="Patch_InvalidPropertyNameReturnsBadRequest" storage="d:\users\steve knipmeyer\documents\github\modelrelief\modelrelief.test\bin\debug\netcoreapp2.0\modelrelief.test.dll" id="aee3a910-4ceb-4f6d-b9ec-edd1fda4acef"><Execution id="bb5b1ca4-1932-4846-8333-409c231e5ba5" /><TestMethod codeBase="D:\Users\Steve Knipmeyer\Documents\GitHub\ModelRelief\ModelRelief.test\bin\Debug\netcoreapp2.0\ModelRelief.Test.dll" adapterTypeName="executor://xunit/VsTestRunner2/netcoreapp" className="ModelRelief.Test.Integration.MeshTransforms.MeshTransformsBaseIntegrationTests" name="Patch_InvalidPropertyNameReturnsBadRequest" /></UnitTest><UnitTest name="Patch_InvalidReferencePropertyReturnsBadRequest" storage="d:\users\steve knipmeyer\documents\github\modelrelief\modelrelief.test\bin\debug\netcoreapp2.0\modelrelief.test.dll" id="06a55608-f76e-4e11-bba2-5c73878689de"><Execution id="9b1dba8d-1c7b-4de9-b967-d42829a0f73f" /><TestMethod codeBase="D:\Users\Steve Knipmeyer\Documents\GitHub\ModelRelief\ModelRelief.test\bin\Debug\netcoreapp2.0\ModelRelief.Test.dll" adapterTypeName="executor://xunit/VsTestRunner2/netcoreapp" className="ModelRelief.Test.Integration.DepthBuffers.DepthBuffersBaseIntegrationTests" name="Patch_InvalidReferencePropertyReturnsBadRequest" /></UnitTest><UnitTest name="Post_CanCreateNewModel" storage="d:\users\steve knipmeyer\documents\github\modelrelief\modelrelief.test\bin\debug\netcoreapp2.0\modelrelief.test.dll" id="584a4bbf-442f-44d3-994b-ae11a29c0b41"><Execution id="1b747fd1-fdd2-46de-a3c5-fe28feb4f164" /><TestMethod codeBase="D:\Users\Steve Knipmeyer\Documents\GitHub\ModelRelief\ModelRelief.test\bin\Debug\netcoreapp2.0\ModelRelief.Test.dll" adapterTypeName="executor://xunit/VsTestRunner2/netcoreapp" className="ModelRelief.Test.Integration.Cameras.CamerasBaseIntegrationTests" name="Post_CanCreateNewModel" /></UnitTest><UnitTest name="Put_ValidReferencePropertyUpdatesModel" storage="d:\users\steve knipmeyer\documents\github\modelrelief\modelrelief.test\bin\debug\netcoreapp2.0\modelrelief.test.dll" id="a388e9fd-d047-4d69-8c75-3c95a526eae3"><Execution id="e0a784b5-d3ac-4583-be0e-7da9fa7d3eed" /><TestMethod codeBase="D:\Users\Steve Knipmeyer\Documents\GitHub\ModelRelief\ModelRelief.test\bin\Debug\netcoreapp2.0\ModelRelief.Test.dll" adapterTypeName="executor://xunit/VsTestRunner2/netcoreapp" className="ModelRelief.Test.Integration.DepthBuffers.DepthBuffersBaseIntegrationTests" name="Put_ValidReferencePropertyUpdatesModel" /></UnitTest><UnitTest name="Post_CanCreateNewModel" storage="d:\users\steve knipmeyer\documents\github\modelrelief\modelrelief.test\bin\debug\netcoreapp2.0\modelrelief.test.dll" id="f90ef11a-0552-4dd8-bac9-c8d905a6a0af"><Execution id="0fde89ce-7156-4dfa-8eaa-fe2f1d48cfb9" /><TestMethod codeBase="D:\Users\Steve Knipmeyer\Documents\GitHub\ModelRelief\ModelRelief.test\bin\Debug\netcoreapp2.0\ModelRelief.Test.dll" adapterTypeName="executor://xunit/VsTestRunner2/netcoreapp" className="ModelRelief.Test.Integration.Models.ModelsBaseIntegrationTests" name="Post_CanCreateNewModel" /></UnitTest><UnitTest name="PostFile_FileIsSynchronizedIsUpdatedAfterFileIsPosted" storage="d:\users\steve knipmeyer\documents\github\modelrelief\modelrelief.test\bin\debug\netcoreapp2.0\modelrelief.test.dll" id="bafeaa57-f17d-4d20-870c-8c7147a4e1fb"><Execution id="d3a39708-f3e1-4e05-89c5-b8b2de6090f3" /><TestMethod codeBase="D:\Users\Steve Knipmeyer\Documents\GitHub\ModelRelief\ModelRelief.test\bin\Debug\netcoreapp2.0\ModelRelief.Test.dll" adapterTypeName="executor://xunit/VsTestRunner2/netcoreapp" className="ModelRelief.Test.Integration.DepthBuffers.DepthBuffersFileIntegrationTests" name="PostFile_FileIsSynchronizedIsUpdatedAfterFileIsPosted" /></UnitTest><UnitTest name="PutFile_NewFileCanBePut" storage="d:\users\steve knipmeyer\documents\github\modelrelief\modelrelief.test\bin\debug\netcoreapp2.0\modelrelief.test.dll" id="3a88f3c9-ae32-4a8c-b64c-3de1647cfe83"><Execution id="e563e5d1-aedf-489c-9017-0a2e6a1b0e02" /><TestMethod codeBase="D:\Users\Steve Knipmeyer\Documents\GitHub\ModelRelief\ModelRelief.test\bin\Debug\netcoreapp2.0\ModelRelief.Test.dll" adapterTypeName="executor://xunit/VsTestRunner2/netcoreapp" className="ModelRelief.Test.Integration.Models.ModelsFileIntegrationTests" name="PutFile_NewFileCanBePut" /></UnitTest><UnitTest name="Post_InvalidPropertyValueReturnsBadRequest" storage="d:\users\steve knipmeyer\documents\github\modelrelief\modelrelief.test\bin\debug\netcoreapp2.0\modelrelief.test.dll" id="2f3ad7a8-9146-4502-8618-e6e438e8adcf"><Execution id="7b277701-31ad-4d28-a2f4-a7c91a905981" /><TestMethod codeBase="D:\Users\Steve Knipmeyer\Documents\GitHub\ModelRelief\ModelRelief.test\bin\Debug\netcoreapp2.0\ModelRelief.Test.dll" adapterTypeName="executor://xunit/VsTestRunner2/netcoreapp" className="ModelRelief.Test.Integration.Projects.ProjectsBaseIntegrationTests" name="Post_InvalidPropertyValueReturnsBadRequest" /></UnitTest><UnitTest name="Patch_InvalidEnumPropertyValueReturnsBadRequest" storage="d:\users\steve knipmeyer\documents\github\modelrelief\modelrelief.test\bin\debug\netcoreapp2.0\modelrelief.test.dll" id="d2d2d9e2-c0c3-4668-897b-43503d85bedf"><Execution id="cfd9eb26-d4b3-4e21-bbf2-869329b22d2d" /><TestMethod codeBase="D:\Users\Steve Knipmeyer\Documents\GitHub\ModelRelief\ModelRelief.test\bin\Debug\netcoreapp2.0\ModelRelief.Test.dll" adapterTypeName="executor://xunit/VsTestRunner2/netcoreapp" className="ModelRelief.Test.Integration.MeshTransforms.MeshTransformsBaseIntegrationTests" name="Patch_InvalidEnumPropertyValueReturnsBadRequest" /></UnitTest><UnitTest name="Put_ValidReferencePropertyUpdatesModel" storage="d:\users\steve knipmeyer\documents\github\modelrelief\modelrelief.test\bin\debug\netcoreapp2.0\modelrelief.test.dll" id="ed3d7dc8-c1e5-48a7-81ed-3b7caa8e948a"><Execution id="a639405f-2d18-4b97-93c8-6090a807c58a" /><TestMethod codeBase="D:\Users\Steve Knipmeyer\Documents\GitHub\ModelRelief\ModelRelief.test\bin\Debug\netcoreapp2.0\ModelRelief.Test.dll" adapterTypeName="executor://xunit/VsTestRunner2/netcoreapp" className="ModelRelief.Test.Integration.Projects.ProjectsBaseIntegrationTests" name="Put_ValidReferencePropertyUpdatesModel" /></UnitTest><UnitTest name="Post_InvalidReferencePropertyReturnsBadRequest" storage="d:\users\steve knipmeyer\documents\github\modelrelief\modelrelief.test\bin\debug\netcoreapp2.0\modelrelief.test.dll" id="88aafebe-75a7-4a61-b526-e966f07efdd9"><Execution id="102a54a2-473a-4847-bae1-2891b154af09" /><TestMethod codeBase="D:\Users\Steve Knipmeyer\Documents\GitHub\ModelRelief\ModelRelief.test\bin\Debug\netcoreapp2.0\ModelRelief.Test.dll" adapterTypeName="executor://xunit/VsTestRunner2/netcoreapp" className="ModelRelief.Test.Integration.Meshes.MeshesBaseIntegrationTests" name="Post_InvalidReferencePropertyReturnsBadRequest" /></UnitTest><UnitTest name="Put_InvalidIdReturnsNotFound" storage="d:\users\steve knipmeyer\documents\github\modelrelief\modelrelief.test\bin\debug\netcoreapp2.0\modelrelief.test.dll" id="ed5b2830-77d4-4037-8b13-0f1a16868ea9"><Execution id="09343ca1-5a4e-4d60-be86-21591ae648fb" /><TestMethod codeBase="D:\Users\Steve Knipmeyer\Documents\GitHub\ModelRelief\ModelRelief.test\bin\Debug\netcoreapp2.0\ModelRelief.Test.dll" adapterTypeName="executor://xunit/VsTestRunner2/netcoreapp" className="ModelRelief.Test.Integration.Meshes.MeshesBaseIntegrationTests" name="Put_InvalidIdReturnsNotFound" /></UnitTest><UnitTest name="Put_InvalidIdReturnsNotFound" storage="d:\users\steve knipmeyer\documents\github\modelrelief\modelrelief.test\bin\debug\netcoreapp2.0\modelrelief.test.dll" id="a1235249-fb17-4559-adec-c05081c24ceb"><Execution id="b714aba3-176f-4f71-9c3c-47287a3dd7a9" /><TestMethod codeBase="D:\Users\Steve Knipmeyer\Documents\GitHub\ModelRelief\ModelRelief.test\bin\Debug\netcoreapp2.0\ModelRelief.Test.dll" adapterTypeName="executor://xunit/VsTestRunner2/netcoreapp" className="ModelRelief.Test.Integration.Models.ModelsBaseIntegrationTests" name="Put_InvalidIdReturnsNotFound" /></UnitTest><UnitTest name="PutFile_FileCanBeUpdated" storage="d:\users\steve knipmeyer\documents\github\modelrelief\modelrelief.test\bin\debug\netcoreapp2.0\modelrelief.test.dll" id="24d1d141-8749-4a3d-86bd-6510a1485c44"><Execution id="58255131-0882-486d-9ddb-c1c98eb77cff" /><TestMethod codeBase="D:\Users\Steve Knipmeyer\Documents\GitHub\ModelRelief\ModelRelief.test\bin\Debug\netcoreapp2.0\ModelRelief.Test.dll" adapterTypeName="executor://xunit/VsTestRunner2/netcoreapp" className="ModelRelief.Test.Integration.Models.ModelsFileIntegrationTests" name="PutFile_FileCanBeUpdated" /></UnitTest><UnitTest name="Patch_MultipleInvalidReferencePropertiesReturnsMultipleValidationErrorsAndBadRequest" storage="d:\users\steve knipmeyer\documents\github\modelrelief\modelrelief.test\bin\debug\netcoreapp2.0\modelrelief.test.dll" id="ad044735-d1c5-4dd2-a8cd-b6a10c05e454"><Execution id="5ab3649e-fec2-4e90-bf2a-16e421d75e0b" /><TestMethod codeBase="D:\Users\Steve Knipmeyer\Documents\GitHub\ModelRelief\ModelRelief.test\bin\Debug\netcoreapp2.0\ModelRelief.Test.dll" adapterTypeName="executor://xunit/VsTestRunner2/netcoreapp" className="ModelRelief.Test.Integration.Cameras.CamerasBaseIntegrationTests" name="Patch_MultipleInvalidReferencePropertiesReturnsMultipleValidationErrorsAndBadRequest" /></UnitTest><UnitTest name="Patch_ValidReferencePropertyUpdatesModel" storage="d:\users\steve knipmeyer\documents\github\modelrelief\modelrelief.test\bin\debug\netcoreapp2.0\modelrelief.test.dll" id="6c905a57-9910-4b50-82a5-8fd82afdfe3c"><Execution id="2cf88556-ed9c-4174-ae7a-fefb2e68b544" /><TestMethod codeBase="D:\Users\Steve Knipmeyer\Documents\GitHub\ModelRelief\ModelRelief.test\bin\Debug\netcoreapp2.0\ModelRelief.Test.dll" adapterTypeName="executor://xunit/VsTestRunner2/netcoreapp" className="ModelRelief.Test.Integration.MeshTransforms.MeshTransformsBaseIntegrationTests" name="Patch_ValidReferencePropertyUpdatesModel" /></UnitTest><UnitTest name="Patch_InvalidPropertyNameReturnsBadRequest" storage="d:\users\steve knipmeyer\documents\github\modelrelief\modelrelief.test\bin\debug\netcoreapp2.0\modelrelief.test.dll" id="af2a5795-cdd7-45db-a44b-b82880e68061"><Execution id="f599f27d-f54f-4eea-a49f-b07ed80df74b" /><TestMethod codeBase="D:\Users\Steve Knipmeyer\Documents\GitHub\ModelRelief\ModelRelief.test\bin\Debug\netcoreapp2.0\ModelRelief.Test.dll" adapterTypeName="executor://xunit/VsTestRunner2/netcoreapp" className="ModelRelief.Test.Integration.Cameras.CamerasBaseIntegrationTests" name="Patch_InvalidPropertyNameReturnsBadRequest" /></UnitTest><UnitTest name="Patch_TargetPropertyIsUpdated" storage="d:\users\steve knipmeyer\documents\github\modelrelief\modelrelief.test\bin\debug\netcoreapp2.0\modelrelief.test.dll" id="2bdb0e80-1a58-4954-a254-a3e59ee5cb36"><Execution id="db850472-3eb7-4242-85b2-e6a9fe8cc9d5" /><TestMethod codeBase="D:\Users\Steve Knipmeyer\Documents\GitHub\ModelRelief\ModelRelief.test\bin\Debug\netcoreapp2.0\ModelRelief.Test.dll" adapterTypeName="executor://xunit/VsTestRunner2/netcoreapp" className="ModelRelief.Test.Integration.Models.ModelsBaseIntegrationTests" name="Patch_TargetPropertyIsUpdated" /></UnitTest><UnitTest name="Patch_InvalidIdPropertyReturnsNotFound" storage="d:\users\steve knipmeyer\documents\github\modelrelief\modelrelief.test\bin\debug\netcoreapp2.0\modelrelief.test.dll" id="31ce490b-9f3d-415e-bd12-c1dae9b77612"><Execution id="ddd72535-e53c-4eb0-be32-6d157ba846f3" /><TestMethod codeBase="D:\Users\Steve Knipmeyer\Documents\GitHub\ModelRelief\ModelRelief.test\bin\Debug\netcoreapp2.0\ModelRelief.Test.dll" adapterTypeName="executor://xunit/VsTestRunner2/netcoreapp" className="ModelRelief.Test.Integration.Cameras.CamerasBaseIntegrationTests" name="Patch_InvalidIdPropertyReturnsNotFound" /></UnitTest><UnitTest name="GetSingle_ValidIdPropertyValueReturnsCorrectModel" storage="d:\users\steve knipmeyer\documents\github\modelrelief\modelrelief.test\bin\debug\netcoreapp2.0\modelrelief.test.dll" id="73f9c8ee-515c-49f4-a688-7f88895169e4"><Execution id="a3653031-66a1-4530-8805-243d11fd6f6b" /><TestMethod codeBase="D:\Users\Steve Knipmeyer\Documents\GitHub\ModelRelief\ModelRelief.test\bin\Debug\netcoreapp2.0\ModelRelief.Test.dll" adapterTypeName="executor://xunit/VsTestRunner2/netcoreapp" className="ModelRelief.Test.Integration.MeshTransforms.MeshTransformsBaseIntegrationTests" name="GetSingle_ValidIdPropertyValueReturnsCorrectModel" /></UnitTest><UnitTest name="Put_InvalidIdReturnsNotFound" storage="d:\users\steve knipmeyer\documents\github\modelrelief\modelrelief.test\bin\debug\netcoreapp2.0\modelrelief.test.dll" id="68f79a61-ec88-43f6-843f-1afa3e64f63b"><Execution id="a1a29376-3f94-47c0-a106-395cbf7075d2" /><TestMethod codeBase="D:\Users\Steve Knipmeyer\Documents\GitHub\ModelRelief\ModelRelief.test\bin\Debug\netcoreapp2.0\ModelRelief.Test.dll" adapterTypeName="executor://xunit/VsTestRunner2/netcoreapp" className="ModelRelief.Test.Integration.Cameras.CamerasBaseIntegrationTests" name="Put_InvalidIdReturnsNotFound" /></UnitTest><UnitTest name="PostFile_FileIsSynchronizedIsUpdatedAfterFileIsPosted" storage="d:\users\steve knipmeyer\documents\github\modelrelief\modelrelief.test\bin\debug\netcoreapp2.0\modelrelief.test.dll" id="a9c4e302-7bab-4860-bd38-9e79db61734d"><Execution id="0735215e-2342-4ea9-a932-c93ad4bc40b7" /><TestMethod codeBase="D:\Users\Steve Knipmeyer\Documents\GitHub\ModelRelief\ModelRelief.test\bin\Debug\netcoreapp2.0\ModelRelief.Test.dll" adapterTypeName="executor://xunit/VsTestRunner2/netcoreapp" className="ModelRelief.Test.Integration.Models.ModelsFileIntegrationTests" name="PostFile_FileIsSynchronizedIsUpdatedAfterFileIsPosted" /></UnitTest><UnitTest name="Post_InvalidReferencePropertyReturnsBadRequest" storage="d:\users\steve knipmeyer\documents\github\modelrelief\modelrelief.test\bin\debug\netcoreapp2.0\modelrelief.test.dll" id="8cfa28e2-bbd3-4699-8db7-6d84fd72167a"><Execution id="6f5720db-a3a5-4673-87ef-3f094ebdb5d5" /><TestMethod codeBase="D:\Users\Steve Knipmeyer\Documents\GitHub\ModelRelief\ModelRelief.test\bin\Debug\netcoreapp2.0\ModelRelief.Test.dll" adapterTypeName="executor://xunit/VsTestRunner2/netcoreapp" className="ModelRelief.Test.Integration.DepthBuffers.DepthBuffersBaseIntegrationTests" name="Post_InvalidReferencePropertyReturnsBadRequest" /></UnitTest><UnitTest name="Patch_InvalidPropertyNameReturnsBadRequest" storage="d:\users\steve knipmeyer\documents\github\modelrelief\modelrelief.test\bin\debug\netcoreapp2.0\modelrelief.test.dll" id="833f9654-ca9c-4aec-b4b8-55c2b4d3d3e4"><Execution id="fc688067-9513-41c8-866e-5d1cc1d2a9e0" /><TestMethod codeBase="D:\Users\Steve Knipmeyer\Documents\GitHub\ModelRelief\ModelRelief.test\bin\Debug\netcoreapp2.0\ModelRelief.Test.dll" adapterTypeName="executor://xunit/VsTestRunner2/netcoreapp" className="ModelRelief.Test.Integration.Projects.ProjectsBaseIntegrationTests" name="Patch_InvalidPropertyNameReturnsBadRequest" /></UnitTest><UnitTest name="Patch_InvalidIdPropertyReturnsNotFound" storage="d:\users\steve knipmeyer\documents\github\modelrelief\modelrelief.test\bin\debug\netcoreapp2.0\modelrelief.test.dll" id="50326f74-f4f4-4e0b-8aed-06ac2ec1fdaf"><Execution id="3edc943f-54f0-4ab0-bb58-b49c22a87108" /><TestMethod codeBase="D:\Users\Steve Knipmeyer\Documents\GitHub\ModelRelief\ModelRelief.test\bin\Debug\netcoreapp2.0\ModelRelief.Test.dll" adapterTypeName="executor://xunit/VsTestRunner2/netcoreapp" className="ModelRelief.Test.Integration.Meshes.MeshesBaseIntegrationTests" name="Patch_InvalidIdPropertyReturnsNotFound" /></UnitTest><UnitTest name="GetFile_FileCanBeRoundTripped" storage="d:\users\steve knipmeyer\documents\github\modelrelief\modelrelief.test\bin\debug\netcoreapp2.0\modelrelief.test.dll" id="16cfbf83-c86e-44b4-b509-727db29b6e79"><Execution id="e7a13945-f6f0-4afc-93c4-190dace2cd0d" /><TestMethod codeBase="D:\Users\Steve Knipmeyer\Documents\GitHub\ModelRelief\ModelRelief.test\bin\Debug\netcoreapp2.0\ModelRelief.Test.dll" adapterTypeName="executor://xunit/VsTestRunner2/netcoreapp" className="ModelRelief.Test.Integration.DepthBuffers.DepthBuffersFileIntegrationTests" name="GetFile_FileCanBeRoundTripped" /></UnitTest><UnitTest name="Patch_InvalidEnumPropertyValueReturnsBadRequest" storage="d:\users\steve knipmeyer\documents\github\modelrelief\modelrelief.test\bin\debug\netcoreapp2.0\modelrelief.test.dll" id="4c427ba6-e971-4b6a-a70d-ff47dd93b67e"><Execution id="181925c9-7d3f-4b74-9997-040af8b40477" /><TestMethod codeBase="D:\Users\Steve Knipmeyer\Documents\GitHub\ModelRelief\ModelRelief.test\bin\Debug\netcoreapp2.0\ModelRelief.Test.dll" adapterTypeName="executor://xunit/VsTestRunner2/netcoreapp" className="ModelRelief.Test.Integration.Cameras.CamerasBaseIntegrationTests" name="Patch_InvalidEnumPropertyValueReturnsBadRequest" /></UnitTest><UnitTest name="Patch_ValidReferencePropertyUpdatesModel" storage="d:\users\steve knipmeyer\documents\github\modelrelief\modelrelief.test\bin\debug\netcoreapp2.0\modelrelief.test.dll" id="8e8293b0-60e6-4700-9c70-09a3406df22c"><Execution id="4a25ce4c-0dec-4dbb-baa3-c4efba89daa7" /><TestMethod codeBase="D:\Users\Steve Knipmeyer\Documents\GitHub\ModelRelief\ModelRelief.test\bin\Debug\netcoreapp2.0\ModelRelief.Test.dll" adapterTypeName="executor://xunit/VsTestRunner2/netcoreapp" className="ModelRelief.Test.Integration.Models.ModelsBaseIntegrationTests" name="Patch_ValidReferencePropertyUpdatesModel" /></UnitTest><UnitTest name="Delete_TargetModelIsDeleted" storage="d:\users\steve knipmeyer\documents\github\modelrelief\modelrelief.test\bin\debug\netcoreapp2.0\modelrelief.test.dll" id="c4cbf117-7dfb-4e9f-a907-5b0b4bfbf884"><Execution id="7560c151-45af-4afb-a195-61d5d886734a" /><TestMethod codeBase="D:\Users\Steve Knipmeyer\Documents\GitHub\ModelRelief\ModelRelief.test\bin\Debug\netcoreapp2.0\ModelRelief.Test.dll" adapterTypeName="executor://xunit/VsTestRunner2/netcoreapp" className="ModelRelief.Test.Integration.DepthBuffers.DepthBuffersBaseIntegrationTests" name="Delete_TargetModelIsDeleted" /></UnitTest><UnitTest name="Patch_ValidReferencePropertyUpdatesModel" storage="d:\users\steve knipmeyer\documents\github\modelrelief\modelrelief.test\bin\debug\netcoreapp2.0\modelrelief.test.dll" id="18b1eff6-bec5-426c-979a-90a620416b13"><Execution id="2ef37c72-1f23-4e68-93e7-3ad271e24e9f" /><TestMethod codeBase="D:\Users\Steve Knipmeyer\Documents\GitHub\ModelRelief\ModelRelief.test\bin\Debug\netcoreapp2.0\ModelRelief.Test.dll" adapterTypeName="executor://xunit/VsTestRunner2/netcoreapp" className="ModelRelief.Test.Integration.Projects.ProjectsBaseIntegrationTests" name="Patch_ValidReferencePropertyUpdatesModel" /></UnitTest><UnitTest name="Model3dHasExpectedDependentFiles" storage="d:\users\steve knipmeyer\documents\github\modelrelief\modelrelief.test\bin\debug\netcoreapp2.0\modelrelief.test.dll" id="5c1538e3-61ed-4801-9c42-b8670cbaf228"><Execution id="6da02c48-f84f-41b9-9a97-d527c9f79922" /><TestMethod codeBase="D:\Users\Steve Knipmeyer\Documents\GitHub\ModelRelief\ModelRelief.test\bin\Debug\netcoreapp2.0\ModelRelief.Test.dll" adapterTypeName="executor://xunit/VsTestRunner2/netcoreapp" className="ModelRelief.Test.Unit.DependencyManager.DependencyManagerTests" name="Model3dHasExpectedDependentFiles" /></UnitTest><UnitTest name="Post_InvalidPropertyValueReturnsBadRequest" storage="d:\users\steve knipmeyer\documents\github\modelrelief\modelrelief.test\bin\debug\netcoreapp2.0\modelrelief.test.dll" id="bffed39e-d723-4a7d-b9ac-45908cd269e6"><Execution id="b6994434-12d9-4235-8125-a01d5626084f" /><TestMethod codeBase="D:\Users\Steve Knipmeyer\Documents\GitHub\ModelRelief\ModelRelief.test\bin\Debug\netcoreapp2.0\ModelRelief.Test.dll" adapterTypeName="executor://xunit/VsTestRunner2/netcoreapp" className="ModelRelief.Test.Integration.Models.ModelsBaseIntegrationTests" name="Post_InvalidPropertyValueReturnsBadRequest" /></UnitTest><UnitTest name="Post_ValidReferencePropertyCreatesModel" storage="d:\users\steve knipmeyer\documents\github\modelrelief\modelrelief.test\bin\debug\netcoreapp2.0\modelrelief.test.dll" id="9cb698a1-4dcf-46d8-9f57-7c464cf33848"><Execution id="38efc442-0308-47f8-b145-75611d8fc7e3" /><TestMethod codeBase="D:\Users\Steve Knipmeyer\Documents\GitHub\ModelRelief\ModelRelief.test\bin\Debug\netcoreapp2.0\ModelRelief.Test.dll" adapterTypeName="executor://xunit/VsTestRunner2/netcoreapp" className="ModelRelief.Test.Integration.Meshes.MeshesBaseIntegrationTests" name="Post_ValidReferencePropertyCreatesModel" /></UnitTest><UnitTest name="GetList_ListReturnsCorrectCount" storage="d:\users\steve knipmeyer\documents\github\modelrelief\modelrelief.test\bin\debug\netcoreapp2.0\modelrelief.test.dll" id="819fa0d8-caf0-4305-8216-c862f204c8b9"><Execution id="b8ea94f2-560c-4d03-943d-b72efb9a2e84" /><TestMethod codeBase="D:\Users\Steve Knipmeyer\Documents\GitHub\ModelRelief\ModelRelief.test\bin\Debug\netcoreapp2.0\ModelRelief.Test.dll" adapterTypeName="executor://xunit/VsTestRunner2/netcoreapp" className="ModelRelief.Test.Integration.DepthBuffers.DepthBuffersBaseIntegrationTests" name="GetList_ListReturnsCorrectCount" /></UnitTest><UnitTest name="Patch_InvalidEnumPropertyValueReturnsBadRequest" storage="d:\users\steve knipmeyer\documents\github\modelrelief\modelrelief.test\bin\debug\netcoreapp2.0\modelrelief.test.dll" id="68ebe581-e7b6-4c8d-a335-4f89f0a944ab"><Execution id="2120439b-5b4e-431f-9d68-9fc90e8f44df" /><TestMethod codeBase="D:\Users\Steve Knipmeyer\Documents\GitHub\ModelRelief\ModelRelief.test\bin\Debug\netcoreapp2.0\ModelRelief.Test.dll" adapterTypeName="executor://xunit/VsTestRunner2/netcoreapp" className="ModelRelief.Test.Integration.Models.ModelsBaseIntegrationTests" name="Patch_InvalidEnumPropertyValueReturnsBadRequest" /></UnitTest><UnitTest name="PostFile_FileIsSynchronizedIsUpdatedAfterFileIsPosted" storage="d:\users\steve knipmeyer\documents\github\modelrelief\modelrelief.test\bin\debug\netcoreapp2.0\modelrelief.test.dll" id="56c0e91e-b4fc-4f36-a01e-eb1b5da18c6a"><Execution id="9b4637eb-f19f-44d7-81a3-95dfe605ac58" /><TestMethod codeBase="D:\Users\Steve Knipmeyer\Documents\GitHub\ModelRelief\ModelRelief.test\bin\Debug\netcoreapp2.0\ModelRelief.Test.dll" adapterTypeName="executor://xunit/VsTestRunner2/netcoreapp" className="ModelRelief.Test.Integration.Meshes.MeshesFileIntegrationTests" name="PostFile_FileIsSynchronizedIsUpdatedAfterFileIsPosted" /></UnitTest><UnitTest name="FileRequest_FileCanBeReadAfterRename" storage="d:\users\steve knipmeyer\documents\github\modelrelief\modelrelief.test\bin\debug\netcoreapp2.0\modelrelief.test.dll" id="60a9b38f-b148-4dd8-86ab-bf3d8a61471f"><Execution id="edadcc0b-a6ef-4f55-bcec-c83ea119ce1d" /><TestMethod codeBase="D:\Users\Steve Knipmeyer\Documents\GitHub\ModelRelief\ModelRelief.test\bin\Debug\netcoreapp2.0\ModelRelief.Test.dll" adapterTypeName="executor://xunit/VsTestRunner2/netcoreapp" className="ModelRelief.Test.Integration.DepthBuffers.DepthBuffersFileIntegrationTests" name="FileRequest_FileCanBeReadAfterRename" /></UnitTest><UnitTest name="PutFile_FileCanBeUpdated" storage="d:\users\steve knipmeyer\documents\github\modelrelief\modelrelief.test\bin\debug\netcoreapp2.0\modelrelief.test.dll" id="7f5b176d-5f9e-44b2-8001-2caf5532b45f"><Execution id="0cf8126c-105b-40c1-af02-6533f5ff9dc5" /><TestMethod codeBase="D:\Users\Steve Knipmeyer\Documents\GitHub\ModelRelief\ModelRelief.test\bin\Debug\netcoreapp2.0\ModelRelief.Test.dll" adapterTypeName="executor://xunit/VsTestRunner2/netcoreapp" className="ModelRelief.Test.Integration.Meshes.MeshesFileIntegrationTests" name="PutFile_FileCanBeUpdated" /></UnitTest><UnitTest name="Put_ValidReferencePropertyUpdatesModel" storage="d:\users\steve knipmeyer\documents\github\modelrelief\modelrelief.test\bin\debug\netcoreapp2.0\modelrelief.test.dll" id="414300ec-da44-4500-928d-3b722ca0bf0e"><Execution id="d5d86050-0de2-45a9-a654-189da549894a" /><TestMethod codeBase="D:\Users\Steve Knipmeyer\Documents\GitHub\ModelRelief\ModelRelief.test\bin\Debug\netcoreapp2.0\ModelRelief.Test.dll" adapterTypeName="executor://xunit/VsTestRunner2/netcoreapp" className="ModelRelief.Test.Integration.Models.ModelsBaseIntegrationTests" name="Put_ValidReferencePropertyUpdatesModel" /></UnitTest><UnitTest name="Post_InvalidPropertyValueReturnsBadRequest" storage="d:\users\steve knipmeyer\documents\github\modelrelief\modelrelief.test\bin\debug\netcoreapp2.0\modelrelief.test.dll" id="8f548962-80a8-43ef-a39e-b42a64c524c0"><Execution id="6b6a594c-f4bb-4c37-93b8-75a12e3bc2d8" /><TestMethod codeBase="D:\Users\Steve Knipmeyer\Documents\GitHub\ModelRelief\ModelRelief.test\bin\Debug\netcoreapp2.0\ModelRelief.Test.dll" adapterTypeName="executor://xunit/VsTestRunner2/netcoreapp" className="ModelRelief.Test.Integration.DepthBuffers.DepthBuffersBaseIntegrationTests" name="Post_InvalidPropertyValueReturnsBadRequest" /></UnitTest><UnitTest name="Post_InvalidReferencePropertyReturnsBadRequest" storage="d:\users\steve knipmeyer\documents\github\modelrelief\modelrelief.test\bin\debug\netcoreapp2.0\modelrelief.test.dll" id="3ef2d8aa-9b0b-4865-8e7e-7b566b446fee"><Execution id="2d049ba2-3182-4a2f-8bea-5fb05a21dc09" /><TestMethod codeBase="D:\Users\Steve Knipmeyer\Documents\GitHub\ModelRelief\ModelRelief.test\bin\Debug\netcoreapp2.0\ModelRelief.Test.dll" adapterTypeName="executor://xunit/VsTestRunner2/netcoreapp" className="ModelRelief.Test.Integration.Cameras.CamerasBaseIntegrationTests" name="Post_InvalidReferencePropertyReturnsBadRequest" /></UnitTest><UnitTest name="Post_InvalidPropertyValueReturnsBadRequest" storage="d:\users\steve knipmeyer\documents\github\modelrelief\modelrelief.test\bin\debug\netcoreapp2.0\modelrelief.test.dll" id="3fbbf6cf-5b84-4543-bf13-90ad9874ee02"><Execution id="3e420c03-f020-42ec-a8f0-00eb08138645" /><TestMethod codeBase="D:\Users\Steve Knipmeyer\Documents\GitHub\ModelRelief\ModelRelief.test\bin\Debug\netcoreapp2.0\ModelRelief.Test.dll" adapterTypeName="executor://xunit/VsTestRunner2/netcoreapp" className="ModelRelief.Test.Integration.Meshes.MeshesBaseIntegrationTests" name="Post_InvalidPropertyValueReturnsBadRequest" /></UnitTest><UnitTest name="GetFile_FileCanBeRoundTripped" storage="d:\users\steve knipmeyer\documents\github\modelrelief\modelrelief.test\bin\debug\netcoreapp2.0\modelrelief.test.dll" id="f4cd5674-86a2-4a6d-9bca-31c11cb121af"><Execution id="af415599-0925-4126-ba86-c788818e8a9b" /><TestMethod codeBase="D:\Users\Steve Knipmeyer\Documents\GitHub\ModelRelief\ModelRelief.test\bin\Debug\netcoreapp2.0\ModelRelief.Test.dll" adapterTypeName="executor://xunit/VsTestRunner2/netcoreapp" className="ModelRelief.Test.Integration.Models.ModelsFileIntegrationTests" name="GetFile_FileCanBeRoundTripped" /></UnitTest><UnitTest name="Put_InvalidReferencePropertyReturndBadRequest" storage="d:\users\steve knipmeyer\documents\github\modelrelief\modelrelief.test\bin\debug\netcoreapp2.0\modelrelief.test.dll" id="03dc88cd-0bb6-4a53-b559-5e3b952fbc45"><Execution id="a8b23fc2-27a9-4142-85c5-d79f33f69e12" /><TestMethod codeBase="D:\Users\Steve Knipmeyer\Documents\GitHub\ModelRelief\ModelRelief.test\bin\Debug\netcoreapp2.0\ModelRelief.Test.dll" adapterTypeName="executor://xunit/VsTestRunner2/netcoreapp" className="ModelRelief.Test.Integration.Cameras.CamerasBaseIntegrationTests" name="Put_InvalidReferencePropertyReturndBadRequest" /></UnitTest><UnitTest name="Put_InvalidReferencePropertyReturndBadRequest" storage="d:\users\steve knipmeyer\documents\github\modelrelief\modelrelief.test\bin\debug\netcoreapp2.0\modelrelief.test.dll" id="14d6ba3f-bddc-45c4-99aa-a2bc388b1392"><Execution id="eeafc067-8343-422e-a971-b76f0c6aae92" /><TestMethod codeBase="D:\Users\Steve Knipmeyer\Documents\GitHub\ModelRelief\ModelRelief.test\bin\Debug\netcoreapp2.0\ModelRelief.Test.dll" adapterTypeName="executor://xunit/VsTestRunner2/netcoreapp" className="ModelRelief.Test.Integration.Models.ModelsBaseIntegrationTests" name="Put_InvalidReferencePropertyReturndBadRequest" /></UnitTest><UnitTest name="Put_InvalidReferencePropertyReturndBadRequest" storage="d:\users\steve knipmeyer\documents\github\modelrelief\modelrelief.test\bin\debug\netcoreapp2.0\modelrelief.test.dll" id="3e614c79-4b88-480b-9ff4-ad6e6ab3085c"><Execution id="352a93e9-84ff-419c-8d67-0c7e9ebb4898" /><TestMethod codeBase="D:\Users\Steve Knipmeyer\Documents\GitHub\ModelRelief\ModelRelief.test\bin\Debug\netcoreapp2.0\ModelRelief.Test.dll" adapterTypeName="executor://xunit/VsTestRunner2/netcoreapp" className="ModelRelief.Test.Integration.Meshes.MeshesBaseIntegrationTests" name="Put_InvalidReferencePropertyReturndBadRequest" /></UnitTest><UnitTest name="LucyCameraFindsAllDependents" storage="d:\users\steve knipmeyer\documents\github\modelrelief\modelrelief.test\bin\debug\netcoreapp2.0\modelrelief.test.dll" id="a7cbdbce-6970-4a12-a0ac-9e6e18237fde"><Execution id="83c6af78-b322-4b1a-a2ab-96b7104f5f30" /><TestMethod codeBase="D:\Users\Steve Knipmeyer\Documents\GitHub\ModelRelief\ModelRelief.test\bin\Debug\netcoreapp2.0\ModelRelief.Test.dll" adapterTypeName="executor://xunit/VsTestRunner2/netcoreapp" className="ModelRelief.Test.Unit.DependencyManager.DependencyManagerTests" name="LucyCameraFindsAllDependents" /></UnitTest><UnitTest name="Post_ValidReferencePropertyCreatesModel" storage="d:\users\steve knipmeyer\documents\github\modelrelief\modelrelief.test\bin\debug\netcoreapp2.0\modelrelief.test.dll" id="c69e3149-f6a4-4821-a0e3-410f894211aa"><Execution id="89ad1a9c-5e7f-4524-81d3-12b2c9c8b91a" /><TestMethod codeBase="D:\Users\Steve Knipmeyer\Documents\GitHub\ModelRelief\ModelRelief.test\bin\Debug\netcoreapp2.0\ModelRelief.Test.dll" adapterTypeName="executor://xunit/VsTestRunner2/netcoreapp" className="ModelRelief.Test.Integration.Projects.ProjectsBaseIntegrationTests" name="Post_ValidReferencePropertyCreatesModel" /></UnitTest><UnitTest name="Patch_MultipleInvalidReferencePropertiesReturnsMultipleValidationErrorsAndBadRequest" storage="d:\users\steve knipmeyer\documents\github\modelrelief\modelrelief.test\bin\debug\netcoreapp2.0\modelrelief.test.dll" id="20f0acbe-cfdb-46d2-bd1e-1dee1adbedf7"><Execution id="12fb4607-98cf-480a-8672-99bfa609c354" /><TestMethod codeBase="D:\Users\Steve Knipmeyer\Documents\GitHub\ModelRelief\ModelRelief.test\bin\Debug\netcoreapp2.0\ModelRelief.Test.dll" adapterTypeName="executor://xunit/VsTestRunner2/netcoreapp" className="ModelRelief.Test.Integration.MeshTransforms.MeshTransformsBaseIntegrationTests" name="Patch_MultipleInvalidReferencePropertiesReturnsMultipleValidationErrorsAndBadRequest" /></UnitTest><UnitTest name="Patch_TargetPropertyIsUpdated" storage="d:\users\steve knipmeyer\documents\github\modelrelief\modelrelief.test\bin\debug\netcoreapp2.0\modelrelief.test.dll" id="5f550fb1-5eea-49e7-9407-88939f41932c"><Execution id="48a817c2-0874-404d-b62e-9ee694fa7fce" /><TestMethod codeBase="D:\Users\Steve Knipmeyer\Documents\GitHub\ModelRelief\ModelRelief.test\bin\Debug\netcoreapp2.0\ModelRelief.Test.dll" adapterTypeName="executor://xunit/VsTestRunner2/netcoreapp" className="ModelRelief.Test.Integration.DepthBuffers.DepthBuffersBaseIntegrationTests" name="Patch_TargetPropertyIsUpdated" /></UnitTest><UnitTest name="GetFile_NonExistentFileReturnsNotFound" storage="d:\users\steve knipmeyer\documents\github\modelrelief\modelrelief.test\bin\debug\netcoreapp2.0\modelrelief.test.dll" id="d3917243-b85a-4254-93c1-def31c117928"><Execution id="5ce08513-cdda-4361-8ebe-3850f3f16b36" /><TestMethod codeBase="D:\Users\Steve Knipmeyer\Documents\GitHub\ModelRelief\ModelRelief.test\bin\Debug\netcoreapp2.0\ModelRelief.Test.dll" adapterTypeName="executor://xunit/VsTestRunner2/netcoreapp" className="ModelRelief.Test.Integration.Models.ModelsFileIntegrationTests" name="GetFile_NonExistentFileReturnsNotFound" /></UnitTest><UnitTest name="Post_ValidReferencePropertyCreatesModel" storage="d:\users\steve knipmeyer\documents\github\modelrelief\modelrelief.test\bin\debug\netcoreapp2.0\modelrelief.test.dll" id="bde8412e-69a7-45c3-b0f4-1f7fbad7c154"><Execution id="d4a94670-12d3-4e3d-8256-a8a85c9c8995" /><TestMethod codeBase="D:\Users\Steve Knipmeyer\Documents\GitHub\ModelRelief\ModelRelief.test\bin\Debug\netcoreapp2.0\ModelRelief.Test.dll" adapterTypeName="executor://xunit/VsTestRunner2/netcoreapp" className="ModelRelief.Test.Integration.Cameras.CamerasBaseIntegrationTests" name="Post_ValidReferencePropertyCreatesModel" /></UnitTest><UnitTest name="Delete_TargetModelIsDeleted" storage="d:\users\steve knipmeyer\documents\github\modelrelief\modelrelief.test\bin\debug\netcoreapp2.0\modelrelief.test.dll" id="f8fd4532-2434-4bee-8a55-870adb7da7b7"><Execution id="46983c0a-73b3-42c3-b644-bcdeb517c14f" /><TestMethod codeBase="D:\Users\Steve Knipmeyer\Documents\GitHub\ModelRelief\ModelRelief.test\bin\Debug\netcoreapp2.0\ModelRelief.Test.dll" adapterTypeName="executor://xunit/VsTestRunner2/netcoreapp" className="ModelRelief.Test.Integration.Cameras.CamerasBaseIntegrationTests" name="Delete_TargetModelIsDeleted" /></UnitTest><UnitTest name="FileRequest_MeshIsInvalidatedAfterDepthBufferFileBecomesUnsynchronized" storage="d:\users\steve knipmeyer\documents\github\modelrelief\modelrelief.test\bin\debug\netcoreapp2.0\modelrelief.test.dll" id="405d30a7-44e7-4ccc-9171-c518ee5fe117"><Execution id="7e7e339b-4ea0-466e-b608-6b8de57a9934" /><TestMethod codeBase="D:\Users\Steve Knipmeyer\Documents\GitHub\ModelRelief\ModelRelief.test\bin\Debug\netcoreapp2.0\ModelRelief.Test.dll" adapterTypeName="executor://xunit/VsTestRunner2/netcoreapp" className="ModelRelief.Test.Integration.Meshes.MeshesFileIntegrationTests" name="FileRequest_MeshIsInvalidatedAfterDepthBufferFileBecomesUnsynchronized" /></UnitTest><UnitTest name="Put_CanUpdateModel" storage="d:\users\steve knipmeyer\documents\github\modelrelief\modelrelief.test\bin\debug\netcoreapp2.0\modelrelief.test.dll" id="947da9dc-f289-45f7-ae91-84d0a12b1786"><Execution id="5c31ff9d-be72-409b-a254-104fdbd92213" /><TestMethod codeBase="D:\Users\Steve Knipmeyer\Documents\GitHub\ModelRelief\ModelRelief.test\bin\Debug\netcoreapp2.0\ModelRelief.Test.dll" adapterTypeName="executor://xunit/VsTestRunner2/netcoreapp" className="ModelRelief.Test.Integration.Models.ModelsBaseIntegrationTests" name="Put_CanUpdateModel" /></UnitTest><UnitTest name="Patch_InvalidEnumPropertyValueReturnsBadRequest" storage="d:\users\steve knipmeyer\documents\github\modelrelief\modelrelief.test\bin\debug\netcoreapp2.0\modelrelief.test.dll" id="3412a029-5ba6-42f3-b59e-978c5bbddd0c"><Execution id="733beac9-e77e-40df-b785-d464775f172b" /><TestMethod codeBase="D:\Users\Steve Knipmeyer\Documents\GitHub\ModelRelief\ModelRelief.test\bin\Debug\netcoreapp2.0\ModelRelief.Test.dll" adapterTypeName="executor://xunit/VsTestRunner2/netcoreapp" className="ModelRelief.Test.Integration.Projects.ProjectsBaseIntegrationTests" name="Patch_InvalidEnumPropertyValueReturnsBadRequest" /></UnitTest><UnitTest name="Patch_ValidReferencePropertyUpdatesModel" storage="d:\users\steve knipmeyer\documents\github\modelrelief\modelrelief.test\bin\debug\netcoreapp2.0\modelrelief.test.dll" id="15822595-841c-4545-8efa-f13550210819"><Execution id="8d758ffe-2af3-41df-a98f-bda24c12f4f6" /><TestMethod codeBase="D:\Users\Steve Knipmeyer\Documents\GitHub\ModelRelief\ModelRelief.test\bin\Debug\netcoreapp2.0\ModelRelief.Test.dll" adapterTypeName="executor://xunit/VsTestRunner2/netcoreapp" className="ModelRelief.Test.Integration.Meshes.MeshesBaseIntegrationTests" name="Patch_ValidReferencePropertyUpdatesModel" /></UnitTest><UnitTest name="Patch_InvalidReferencePropertyReturnsBadRequest" storage="d:\users\steve knipmeyer\documents\github\modelrelief\modelrelief.test\bin\debug\netcoreapp2.0\modelrelief.test.dll" id="1ea2a6e8-e27c-43e0-8694-dd9de018d03d"><Execution id="14f46f7b-b704-4d41-b6e3-391b79786806" /><TestMethod codeBase="D:\Users\Steve Knipmeyer\Documents\GitHub\ModelRelief\ModelRelief.test\bin\Debug\netcoreapp2.0\ModelRelief.Test.dll" adapterTypeName="executor://xunit/VsTestRunner2/netcoreapp" className="ModelRelief.Test.Integration.Cameras.CamerasBaseIntegrationTests" name="Patch_InvalidReferencePropertyReturnsBadRequest" /></UnitTest><UnitTest name="Put_ValidReferencePropertyUpdatesModel" storage="d:\users\steve knipmeyer\documents\github\modelrelief\modelrelief.test\bin\debug\netcoreapp2.0\modelrelief.test.dll" id="183fc58d-f186-4df1-a432-8940a63877e3"><Execution id="a3d0c122-6ead-4b7b-94c9-423cffc07aad" /><TestMethod codeBase="D:\Users\Steve Knipmeyer\Documents\GitHub\ModelRelief\ModelRelief.test\bin\Debug\netcoreapp2.0\ModelRelief.Test.dll" adapterTypeName="executor://xunit/VsTestRunner2/netcoreapp" className="ModelRelief.Test.Integration.MeshTransforms.MeshTransformsBaseIntegrationTests" name="Put_ValidReferencePropertyUpdatesModel" /></UnitTest><UnitTest name="Patch_InvalidIdPropertyReturnsNotFound" storage="d:\users\steve knipmeyer\documents\github\modelrelief\modelrelief.test\bin\debug\netcoreapp2.0\modelrelief.test.dll" id="0d377045-3c33-4ea4-aa64-9df131f7be2d"><Execution id="e6e7ed95-5ecd-4e66-b886-2623383eaa90" /><TestMethod codeBase="D:\Users\Steve Knipmeyer\Documents\GitHub\ModelRelief\ModelRelief.test\bin\Debug\netcoreapp2.0\ModelRelief.Test.dll" adapterTypeName="executor://xunit/VsTestRunner2/netcoreapp" className="ModelRelief.Test.Integration.Projects.ProjectsBaseIntegrationTests" name="Patch_InvalidIdPropertyReturnsNotFound" /></UnitTest><UnitTest name="GetList_ListReturnsCorrectCount" storage="d:\users\steve knipmeyer\documents\github\modelrelief\modelrelief.test\bin\debug\netcoreapp2.0\modelrelief.test.dll" id="daf2e9e1-c937-4204-bd7d-7d816bb745fe"><Execution id="7d1f2b56-7391-4a5d-bb60-4310c1755b26" /><TestMethod codeBase="D:\Users\Steve Knipmeyer\Documents\GitHub\ModelRelief\ModelRelief.test\bin\Debug\netcoreapp2.0\ModelRelief.Test.dll" adapterTypeName="executor://xunit/VsTestRunner2/netcoreapp" className="ModelRelief.Test.Integration.Meshes.MeshesBaseIntegrationTests" name="GetList_ListReturnsCorrectCount" /></UnitTest><UnitTest name="Patch_InvalidPropertyNameReturnsBadRequest" storage="d:\users\steve knipmeyer\documents\github\modelrelief\modelrelief.test\bin\debug\netcoreapp2.0\modelrelief.test.dll" id="a1f3b1d1-693c-4cfc-a0a4-bd5242cd9112"><Execution id="e8d98f7d-a02a-4881-8f76-eaf66f1ad195" /><TestMethod codeBase="D:\Users\Steve Knipmeyer\Documents\GitHub\ModelRelief\ModelRelief.test\bin\Debug\netcoreapp2.0\ModelRelief.Test.dll" adapterTypeName="executor://xunit/VsTestRunner2/netcoreapp" className="ModelRelief.Test.Integration.Models.ModelsBaseIntegrationTests" name="Patch_InvalidPropertyNameReturnsBadRequest" /></UnitTest><UnitTest name="GetFile_ExistingFileReturnsSuccess" storage="d:\users\steve knipmeyer\documents\github\modelrelief\modelrelief.test\bin\debug\netcoreapp2.0\modelrelief.test.dll" id="4c668d47-d483-4364-9848-e319d212951c"><Execution id="edb7726c-9829-4b0b-b50d-37c00d9c1d0c" /><TestMethod codeBase="D:\Users\Steve Knipmeyer\Documents\GitHub\ModelRelief\ModelRelief.test\bin\Debug\netcoreapp2.0\ModelRelief.Test.dll" adapterTypeName="executor://xunit/VsTestRunner2/netcoreapp" className="ModelRelief.Test.Integration.Meshes.MeshesFileIntegrationTests" name="GetFile_ExistingFileReturnsSuccess" /></UnitTest><UnitTest name="GetSingle_InvalidIdPropertyValueReturnsNotFound" storage="d:\users\steve knipmeyer\documents\github\modelrelief\modelrelief.test\bin\debug\netcoreapp2.0\modelrelief.test.dll" id="ef908d6e-23d8-4a1c-a24a-14c7070fd19b"><Execution id="dfcfb980-3c1a-444b-a7e3-5e03a79d86ae" /><TestMethod codeBase="D:\Users\Steve Knipmeyer\Documents\GitHub\ModelRelief\ModelRelief.test\bin\Debug\netcoreapp2.0\ModelRelief.Test.dll" adapterTypeName="executor://xunit/VsTestRunner2/netcoreapp" className="ModelRelief.Test.Integration.Models.ModelsBaseIntegrationTests" name="GetSingle_InvalidIdPropertyValueReturnsNotFound" /></UnitTest><UnitTest name="Put_CanUpdateModel" storage="d:\users\steve knipmeyer\documents\github\modelrelief\modelrelief.test\bin\debug\netcoreapp2.0\modelrelief.test.dll" id="bbb73cd8-baf3-40e5-975d-066007294110"><Execution id="90269650-104d-4a05-be1d-13cd87ea5f45" /><TestMethod codeBase="D:\Users\Steve Knipmeyer\Documents\GitHub\ModelRelief\ModelRelief.test\bin\Debug\netcoreapp2.0\ModelRelief.Test.dll" adapterTypeName="executor://xunit/VsTestRunner2/netcoreapp" className="ModelRelief.Test.Integration.DepthBuffers.DepthBuffersBaseIntegrationTests" name="Put_CanUpdateModel" /></UnitTest><UnitTest name="Put_InvalidIdReturnsNotFound" storage="d:\users\steve knipmeyer\documents\github\modelrelief\modelrelief.test\bin\debug\netcoreapp2.0\modelrelief.test.dll" id="ae0c4e07-f206-4099-b369-d656e80de93d"><Execution id="85711d62-553e-409c-bdef-2cfc906bc1f9" /><TestMethod codeBase="D:\Users\Steve Knipmeyer\Documents\GitHub\ModelRelief\ModelRelief.test\bin\Debug\netcoreapp2.0\ModelRelief.Test.dll" adapterTypeName="executor://xunit/VsTestRunner2/netcoreapp" className="ModelRelief.Test.Integration.Projects.ProjectsBaseIntegrationTests" name="Put_InvalidIdReturnsNotFound" /></UnitTest><UnitTest name="PutFile_FileCanBeUpdated" storage="d:\users\steve knipmeyer\documents\github\modelrelief\modelrelief.test\bin\debug\netcoreapp2.0\modelrelief.test.dll" id="07a91d23-1f0e-4782-a75f-6fc0da8960bf"><Execution id="deea5c1c-7b54-4aab-9e55-3aff5b2b7ff2" /><TestMethod codeBase="D:\Users\Steve Knipmeyer\Documents\GitHub\ModelRelief\ModelRelief.test\bin\Debug\netcoreapp2.0\ModelRelief.Test.dll" adapterTypeName="executor://xunit/VsTestRunner2/netcoreapp" className="ModelRelief.Test.Integration.DepthBuffers.DepthBuffersFileIntegrationTests" name="PutFile_FileCanBeUpdated" /></UnitTest><UnitTest name="Patch_TargetPropertyIsUpdated" storage="d:\users\steve knipmeyer\documents\github\modelrelief\modelrelief.test\bin\debug\netcoreapp2.0\modelrelief.test.dll" id="1125c43d-540e-48e7-9402-da4aff91facb"><Execution id="db62d56c-4ef2-4319-a7ad-923633be98e0" /><TestMethod codeBase="D:\Users\Steve Knipmeyer\Documents\GitHub\ModelRelief\ModelRelief.test\bin\Debug\netcoreapp2.0\ModelRelief.Test.dll" adapterTypeName="executor://xunit/VsTestRunner2/netcoreapp" className="ModelRelief.Test.Integration.Projects.ProjectsBaseIntegrationTests" name="Patch_TargetPropertyIsUpdated" /></UnitTest><UnitTest name="Patch_InvalidReferencePropertyReturnsBadRequest" storage="d:\users\steve knipmeyer\documents\github\modelrelief\modelrelief.test\bin\debug\netcoreapp2.0\modelrelief.test.dll" id="4c607c1d-caa5-4647-bf8a-f5bf9d6bf323"><Execution id="331a016b-f5fe-4732-8fd0-a6069bc89394" /><TestMethod codeBase="D:\Users\Steve Knipmeyer\Documents\GitHub\ModelRelief\ModelRelief.test\bin\Debug\netcoreapp2.0\ModelRelief.Test.dll" adapterTypeName="executor://xunit/VsTestRunner2/netcoreapp" className="ModelRelief.Test.Integration.Meshes.MeshesBaseIntegrationTests" name="Patch_InvalidReferencePropertyReturnsBadRequest" /></UnitTest><UnitTest name="DepthBufferHasExpectedDependentFiles" storage="d:\users\steve knipmeyer\documents\github\modelrelief\modelrelief.test\bin\debug\netcoreapp2.0\modelrelief.test.dll" id="a689b963-f8ea-47e2-87ec-f576e5539b27"><Execution id="1007b3e9-9ad4-4772-8c04-6dda3d160a16" /><TestMethod codeBase="D:\Users\Steve Knipmeyer\Documents\GitHub\ModelRelief\ModelRelief.test\bin\Debug\netcoreapp2.0\ModelRelief.Test.dll" adapterTypeName="executor://xunit/VsTestRunner2/netcoreapp" className="ModelRelief.Test.Unit.DependencyManager.DependencyManagerTests" name="DepthBufferHasExpectedDependentFiles" /></UnitTest><UnitTest name="Put_InvalidReferencePropertyReturndBadRequest" storage="d:\users\steve knipmeyer\documents\github\modelrelief\modelrelief.test\bin\debug\netcoreapp2.0\modelrelief.test.dll" id="53264d8b-231c-4b8c-a282-0ff5c1c54240"><Execution id="26bf72aa-db76-4ad3-b163-13d8a1f5b6d8" /><TestMethod codeBase="D:\Users\Steve Knipmeyer\Documents\GitHub\ModelRelief\ModelRelief.test\bin\Debug\netcoreapp2.0\ModelRelief.Test.dll" adapterTypeName="executor://xunit/VsTestRunner2/netcoreapp" className="ModelRelief.Test.Integration.Projects.ProjectsBaseIntegrationTests" name="Put_InvalidReferencePropertyReturndBadRequest" /></UnitTest><UnitTest name="Post_CanCreateNewModel" storage="d:\users\steve knipmeyer\documents\github\modelrelief\modelrelief.test\bin\debug\netcoreapp2.0\modelrelief.test.dll" id="ba2fe47e-034a-4cdf-a291-7c241dad3708"><Execution id="286e2142-b6dd-4a8c-942b-f6a8af3b2fcf" /><TestMethod codeBase="D:\Users\Steve Knipmeyer\Documents\GitHub\ModelRelief\ModelRelief.test\bin\Debug\netcoreapp2.0\ModelRelief.Test.dll" adapterTypeName="executor://xunit/VsTestRunner2/netcoreapp" className="ModelRelief.Test.Integration.Projects.ProjectsBaseIntegrationTests" name="Post_CanCreateNewModel" /></UnitTest><UnitTest name="Put_InvalidIdReturnsNotFound" storage="d:\users\steve knipmeyer\documents\github\modelrelief\modelrelief.test\bin\debug\netcoreapp2.0\modelrelief.test.dll" id="c60da2f7-d076-433a-9640-b01f2d035ff5"><Execution id="63541111-c1c2-4429-9084-8f9139b6eba4" /><TestMethod codeBase="D:\Users\Steve Knipmeyer\Documents\GitHub\ModelRelief\ModelRelief.test\bin\Debug\netcoreapp2.0\ModelRelief.Test.dll" adapterTypeName="executor://xunit/VsTestRunner2/netcoreapp" className="ModelRelief.Test.Integration.DepthBuffers.DepthBuffersBaseIntegrationTests" name="Put_InvalidIdReturnsNotFound" /></UnitTest><UnitTest name="GetFile_ExistingFileReturnsSuccess" storage="d:\users\steve knipmeyer\documents\github\modelrelief\modelrelief.test\bin\debug\netcoreapp2.0\modelrelief.test.dll" id="665289cb-7eae-4282-9daa-edbf6b8b1507"><Execution id="3537a605-8031-480d-b8e8-7bea78f7c5b1" /><TestMethod codeBase="D:\Users\Steve Knipmeyer\Documents\GitHub\ModelRelief\ModelRelief.test\bin\Debug\netcoreapp2.0\ModelRelief.Test.dll" adapterTypeName="executor://xunit/VsTestRunner2/netcoreapp" className="ModelRelief.Test.Integration.DepthBuffers.DepthBuffersFileIntegrationTests" name="GetFile_ExistingFileReturnsSuccess" /></UnitTest><UnitTest name="LucyModel3dHasTwoDependents" storage="d:\users\steve knipmeyer\documents\github\modelrelief\modelrelief.test\bin\debug\netcoreapp2.0\modelrelief.test.dll" id="4508bf0a-8160-45f2-921d-f5640000e9dc"><Execution id="e39d942f-097a-4ba4-876f-1918d9bd62c7" /><TestMethod codeBase="D:\Users\Steve Knipmeyer\Documents\GitHub\ModelRelief\ModelRelief.test\bin\Debug\netcoreapp2.0\ModelRelief.Test.dll" adapterTypeName="executor://xunit/VsTestRunner2/netcoreapp" className="ModelRelief.Test.Unit.DependencyManager.DependencyManagerTests" name="LucyModel3dHasTwoDependents" /></UnitTest><UnitTest name="Put_CanUpdateModel" storage="d:\users\steve knipmeyer\documents\github\modelrelief\modelrelief.test\bin\debug\netcoreapp2.0\modelrelief.test.dll" id="b4cbc1de-fef0-4a30-80ef-2d1667492b0c"><Execution id="41e44e09-916b-481a-8fd4-4b34e3e0b70a" /><TestMethod codeBase="D:\Users\Steve Knipmeyer\Documents\GitHub\ModelRelief\ModelRelief.test\bin\Debug\netcoreapp2.0\ModelRelief.Test.dll" adapterTypeName="executor://xunit/VsTestRunner2/netcoreapp" className="ModelRelief.Test.Integration.Projects.ProjectsBaseIntegrationTests" name="Put_CanUpdateModel" /></UnitTest><UnitTest name="FileRequest_MeshGenerateSetsFileIsSynchronized" storage="d:\users\steve knipmeyer\documents\github\modelrelief\modelrelief.test\bin\debug\netcoreapp2.0\modelrelief.test.dll" id="3b73f137-9dd7-4f1a-8823-0799bcf5d08e"><Execution id="aacceb06-266c-4e40-847f-9f6fa75cf0db" /><TestMethod codeBase="D:\Users\Steve Knipmeyer\Documents\GitHub\ModelRelief\ModelRelief.test\bin\Debug\netcoreapp2.0\ModelRelief.Test.dll" adapterTypeName="executor://xunit/VsTestRunner2/netcoreapp" className="ModelRelief.Test.Integration.Meshes.MeshesFileIntegrationTests" name="FileRequest_MeshGenerateSetsFileIsSynchronized" /></UnitTest><UnitTest name="Post_InvalidReferencePropertyReturnsBadRequest" storage="d:\users\steve knipmeyer\documents\github\modelrelief\modelrelief.test\bin\debug\netcoreapp2.0\modelrelief.test.dll" id="694d0aa9-f7f4-4b7b-ab7b-7f3fe2a8fa40"><Execution id="6125d3cd-a750-4571-b554-ec9048b374b0" /><TestMethod codeBase="D:\Users\Steve Knipmeyer\Documents\GitHub\ModelRelief\ModelRelief.test\bin\Debug\netcoreapp2.0\ModelRelief.Test.dll" adapterTypeName="executor://xunit/VsTestRunner2/netcoreapp" className="ModelRelief.Test.Integration.Models.ModelsBaseIntegrationTests" name="Post_InvalidReferencePropertyReturnsBadRequest" /></UnitTest><UnitTest name="Patch_TargetPropertyIsUpdated" storage="d:\users\steve knipmeyer\documents\github\modelrelief\modelrelief.test\bin\debug\netcoreapp2.0\modelrelief.test.dll" id="fba36264-d729-4796-aeea-ba71c4bfc3dd"><Execution id="5c344131-1dd8-4a82-b2dc-a2a8a215a6b8" /><TestMethod codeBase="D:\Users\Steve Knipmeyer\Documents\GitHub\ModelRelief\ModelRelief.test\bin\Debug\netcoreapp2.0\ModelRelief.Test.dll" adapterTypeName="executor://xunit/VsTestRunner2/netcoreapp" className="ModelRelief.Test.Integration.MeshTransforms.MeshTransformsBaseIntegrationTests" name="Patch_TargetPropertyIsUpdated" /></UnitTest><UnitTest name="GetSingle_ValidIdPropertyValueReturnsCorrectModel" storage="d:\users\steve knipmeyer\documents\github\modelrelief\modelrelief.test\bin\debug\netcoreapp2.0\modelrelief.test.dll" id="eaad8f08-e14f-4e35-a4d5-3c33278ae00c"><Execution id="b7f92d04-b207-4fd5-9fac-2cb75b0aa04c" /><TestMethod codeBase="D:\Users\Steve Knipmeyer\Documents\GitHub\ModelRelief\ModelRelief.test\bin\Debug\netcoreapp2.0\ModelRelief.Test.dll" adapterTypeName="executor://xunit/VsTestRunner2/netcoreapp" className="ModelRelief.Test.Integration.Cameras.CamerasBaseIntegrationTests" name="GetSingle_ValidIdPropertyValueReturnsCorrectModel" /></UnitTest><UnitTest name="PostFile_NewFileCanBePosted" storage="d:\users\steve knipmeyer\documents\github\modelrelief\modelrelief.test\bin\debug\netcoreapp2.0\modelrelief.test.dll" id="1c0c66f5-4416-4bb5-b662-70319188f73b"><Execution id="4532c796-c6fd-469f-b26c-c8c885f2083d" /><TestMethod codeBase="D:\Users\Steve Knipmeyer\Documents\GitHub\ModelRelief\ModelRelief.test\bin\Debug\netcoreapp2.0\ModelRelief.Test.dll" adapterTypeName="executor://xunit/VsTestRunner2/netcoreapp" className="ModelRelief.Test.Integration.DepthBuffers.DepthBuffersFileIntegrationTests" name="PostFile_NewFileCanBePosted" /></UnitTest><UnitTest name="Patch_ValidReferencePropertyUpdatesModel" storage="d:\users\steve knipmeyer\documents\github\modelrelief\modelrelief.test\bin\debug\netcoreapp2.0\modelrelief.test.dll" id="55567fef-c183-4288-92cd-7b0a5bcc2a6d"><Execution id="9d3f9413-934b-46d7-8394-862b6b48e3c4" /><TestMethod codeBase="D:\Users\Steve Knipmeyer\Documents\GitHub\ModelRelief\ModelRelief.test\bin\Debug\netcoreapp2.0\ModelRelief.Test.dll" adapterTypeName="executor://xunit/VsTestRunner2/netcoreapp" className="ModelRelief.Test.Integration.DepthBuffers.DepthBuffersBaseIntegrationTests" name="Patch_ValidReferencePropertyUpdatesModel" /></UnitTest><UnitTest name="Delete_TargetModelIsDeleted" storage="d:\users\steve knipmeyer\documents\github\modelrelief\modelrelief.test\bin\debug\netcoreapp2.0\modelrelief.test.dll" id="5af8b1ea-8100-43bc-94d1-62f8ff8ffd72"><Execution id="65aa4ca4-0baa-4aa2-b1f7-19b42bd4b0dd" /><TestMethod codeBase="D:\Users\Steve Knipmeyer\Documents\GitHub\ModelRelief\ModelRelief.test\bin\Debug\netcoreapp2.0\ModelRelief.Test.dll" adapterTypeName="executor://xunit/VsTestRunner2/netcoreapp" className="ModelRelief.Test.Integration.Meshes.MeshesBaseIntegrationTests" name="Delete_TargetModelIsDeleted" /></UnitTest><UnitTest name="Patch_TargetPropertyIsUpdated" storage="d:\users\steve knipmeyer\documents\github\modelrelief\modelrelief.test\bin\debug\netcoreapp2.0\modelrelief.test.dll" id="e7f95d00-1590-4fbe-af15-4d90c0639a61"><Execution id="391d7601-c9f7-4f48-b900-510e686d113d" /><TestMethod codeBase="D:\Users\Steve Knipmeyer\Documents\GitHub\ModelRelief\ModelRelief.test\bin\Debug\netcoreapp2.0\ModelRelief.Test.dll" adapterTypeName="executor://xunit/VsTestRunner2/netcoreapp" className="ModelRelief.Test.Integration.Meshes.MeshesBaseIntegrationTests" name="Patch_TargetPropertyIsUpdated" /></UnitTest><UnitTest name="PostFile_FileTimeStampIsUpdatedAfterFileIsPosted" storage="d:\users\steve knipmeyer\documents\github\modelrelief\modelrelief.test\bin\debug\netcoreapp2.0\modelrelief.test.dll" id="604892a1-39c6-4567-a9f5-4847d0ddda55"><Execution id="63ab8cb0-0bd9-474c-a44f-acc0d75ece8e" /><TestMethod codeBase="D:\Users\Steve Knipmeyer\Documents\GitHub\ModelRelief\ModelRelief.test\bin\Debug\netcoreapp2.0\ModelRelief.Test.dll" adapterTypeName="executor://xunit/VsTestRunner2/netcoreapp" className="ModelRelief.Test.Integration.DepthBuffers.DepthBuffersFileIntegrationTests" name="PostFile_FileTimeStampIsUpdatedAfterFileIsPosted" /></UnitTest><UnitTest name="Patch_InvalidEnumPropertyValueReturnsBadRequest" storage="d:\users\steve knipmeyer\documents\github\modelrelief\modelrelief.test\bin\debug\netcoreapp2.0\modelrelief.test.dll" id="007d98cc-155a-4499-8ff0-4bff06acacd8"><Execution id="4822a699-1ae8-4f76-99b2-d3c52bad9dff" /><TestMethod codeBase="D:\Users\Steve Knipmeyer\Documents\GitHub\ModelRelief\ModelRelief.test\bin\Debug\netcoreapp2.0\ModelRelief.Test.dll" adapterTypeName="executor://xunit/VsTestRunner2/netcoreapp" className="ModelRelief.Test.Integration.Meshes.MeshesBaseIntegrationTests" name="Patch_InvalidEnumPropertyValueReturnsBadRequest" /></UnitTest><UnitTest name="GetSingle_ValidIdPropertyValueReturnsCorrectModel" storage="d:\users\steve knipmeyer\documents\github\modelrelief\modelrelief.test\bin\debug\netcoreapp2.0\modelrelief.test.dll" id="08efa622-3996-4f70-943e-29469d23ac55"><Execution id="7b58312f-5304-436d-9886-79ef19b9cb6a" /><TestMethod codeBase="D:\Users\Steve Knipmeyer\Documents\GitHub\ModelRelief\ModelRelief.test\bin\Debug\netcoreapp2.0\ModelRelief.Test.dll" adapterTypeName="executor://xunit/VsTestRunner2/netcoreapp" className="ModelRelief.Test.Integration.Meshes.MeshesBaseIntegrationTests" name="GetSingle_ValidIdPropertyValueReturnsCorrectModel" /></UnitTest><UnitTest name="Patch_MultipleInvalidReferencePropertiesReturnsMultipleValidationErrorsAndBadRequest" storage="d:\users\steve knipmeyer\documents\github\modelrelief\modelrelief.test\bin\debug\netcoreapp2.0\modelrelief.test.dll" id="e5a05748-7153-4fd6-b228-565d5b4ecc1a"><Execution id="a0ef5861-d536-4946-9c01-1da36d558b46" /><TestMethod codeBase="D:\Users\Steve Knipmeyer\Documents\GitHub\ModelRelief\ModelRelief.test\bin\Debug\netcoreapp2.0\ModelRelief.Test.dll" adapterTypeName="executor://xunit/VsTestRunner2/netcoreapp" className="ModelRelief.Test.Integration.Meshes.MeshesBaseIntegrationTests" name="Patch_MultipleInvalidReferencePropertiesReturnsMultipleValidationErrorsAndBadRequest" /></UnitTest><UnitTest name="GetSingle_InvalidIdPropertyValueReturnsNotFound" storage="d:\users\steve knipmeyer\documents\github\modelrelief\modelrelief.test\bin\debug\netcoreapp2.0\modelrelief.test.dll" id="08717a84-165f-4e97-bedb-eab0058a99ec"><Execution id="3fa6d6c1-a790-40e7-b88f-61da13bd941b" /><TestMethod codeBase="D:\Users\Steve Knipmeyer\Documents\GitHub\ModelRelief\ModelRelief.test\bin\Debug\netcoreapp2.0\ModelRelief.Test.dll" adapterTypeName="executor://xunit/VsTestRunner2/netcoreapp" className="ModelRelief.Test.Integration.Projects.ProjectsBaseIntegrationTests" name="GetSingle_InvalidIdPropertyValueReturnsNotFound" /></UnitTest><UnitTest name="Post_ValidReferencePropertyCreatesModel" storage="d:\users\steve knipmeyer\documents\github\modelrelief\modelrelief.test\bin\debug\netcoreapp2.0\modelrelief.test.dll" id="513c9363-ab95-42a4-a464-ed43b19d27c0"><Execution id="0dca7986-119e-4b48-84be-50715aef2872" /><TestMethod codeBase="D:\Users\Steve Knipmeyer\Documents\GitHub\ModelRelief\ModelRelief.test\bin\Debug\netcoreapp2.0\ModelRelief.Test.dll" adapterTypeName="executor://xunit/VsTestRunner2/netcoreapp" className="ModelRelief.Test.Integration.Models.ModelsBaseIntegrationTests" name="Post_ValidReferencePropertyCreatesModel" /></UnitTest><UnitTest name="GetSingle_InvalidIdPropertyValueReturnsNotFound" storage="d:\users\steve knipmeyer\documents\github\modelrelief\modelrelief.test\bin\debug\netcoreapp2.0\modelrelief.test.dll" id="cf83d2fa-6b9c-45d0-964a-41c10a5abd5c"><Execution id="16330d97-3135-45aa-86c2-e01d51139624" /><TestMethod codeBase="D:\Users\Steve Knipmeyer\Documents\GitHub\ModelRelief\ModelRelief.test\bin\Debug\netcoreapp2.0\ModelRelief.Test.dll" adapterTypeName="executor://xunit/VsTestRunner2/netcoreapp" className="ModelRelief.Test.Integration.Meshes.MeshesBaseIntegrationTests" name="GetSingle_InvalidIdPropertyValueReturnsNotFound" /></UnitTest><UnitTest name="PutFile_NewFileCanBePut" storage="d:\users\steve knipmeyer\documents\github\modelrelief\modelrelief.test\bin\debug\netcoreapp2.0\modelrelief.test.dll" id="aa0c5244-1bb1-47c1-8912-0df6d08bcfa6"><Execution id="260171cc-6788-4e19-977e-b9956b2d89fe" /><TestMethod codeBase="D:\Users\Steve Knipmeyer\Documents\GitHub\ModelRelief\ModelRelief.test\bin\Debug\netcoreapp2.0\ModelRelief.Test.dll" adapterTypeName="executor://xunit/VsTestRunner2/netcoreapp" className="ModelRelief.Test.Integration.Meshes.MeshesFileIntegrationTests" name="PutFile_NewFileCanBePut" /></UnitTest><UnitTest name="Post_CanCreateNewModel" storage="d:\users\steve knipmeyer\documents\github\modelrelief\modelrelief.test\bin\debug\netcoreapp2.0\modelrelief.test.dll" id="00a0a82d-e973-4372-b52f-ef9eed906e3a"><Execution id="ce16d336-cefa-4a59-b55d-4fb05aaed918" /><TestMethod codeBase="D:\Users\Steve Knipmeyer\Documents\GitHub\ModelRelief\ModelRelief.test\bin\Debug\netcoreapp2.0\ModelRelief.Test.dll" adapterTypeName="executor://xunit/VsTestRunner2/netcoreapp" className="ModelRelief.Test.Integration.Meshes.MeshesBaseIntegrationTests" name="Post_CanCreateNewModel" /></UnitTest><UnitTest name="PutFile_NewFileCanBePut" storage="d:\users\steve knipmeyer\documents\github\modelrelief\modelrelief.test\bin\debug\netcoreapp2.0\modelrelief.test.dll" id="a3c7e4d5-fc3a-4018-a356-7d799b9fe267"><Execution id="983068bf-ec8c-4a50-a821-a1ee5c41ec64" /><TestMethod codeBase="D:\Users\Steve Knipmeyer\Documents\GitHub\ModelRelief\ModelRelief.test\bin\Debug\netcoreapp2.0\ModelRelief.Test.dll" adapterTypeName="executor://xunit/VsTestRunner2/netcoreapp" className="ModelRelief.Test.Integration.DepthBuffers.DepthBuffersFileIntegrationTests" name="PutFile_NewFileCanBePut" /></UnitTest><UnitTest name="LucyDepthBufferFindsOneDependent" storage="d:\users\steve knipmeyer\documents\github\modelrelief\modelrelief.test\bin\debug\netcoreapp2.0\modelrelief.test.dll" id="bf5dc04c-f7ee-496b-b1d5-2cb3be9eddd8"><Execution id="90bdf8a7-8d3d-4172-94c0-003256268328" /><TestMethod codeBase="D:\Users\Steve Knipmeyer\Documents\GitHub\ModelRelief\ModelRelief.test\bin\Debug\netcoreapp2.0\ModelRelief.Test.dll" adapterTypeName="executor://xunit/VsTestRunner2/netcoreapp" className="ModelRelief.Test.Unit.DependencyManager.DependencyManagerTests" name="LucyDepthBufferFindsOneDependent" /></UnitTest></TestDefinitions><TestEntries><TestEntry testId="eaad8f08-e14f-4e35-a4d5-3c33278ae00c" executionId="b7f92d04-b207-4fd5-9fac-2cb75b0aa04c" testListId="8c84fa94-04c1-424b-9868-57a2d4851a1d" /><TestEntry testId="e7f95d00-1590-4fbe-af15-4d90c0639a61" executionId="391d7601-c9f7-4f48-b900-510e686d113d" testListId="8c84fa94-04c1-424b-9868-57a2d4851a1d" /><TestEntry testId="2225481b-a573-4212-bbc7-68f1c5c4f550" executionId="87cffa5b-6f18-412f-ac27-92e689d6cfd7" testListId="8c84fa94-04c1-424b-9868-57a2d4851a1d" /><TestEntry testId="8cfa28e2-bbd3-4699-8db7-6d84fd72167a" executionId="6f5720db-a3a5-4673-87ef-3f094ebdb5d5" testListId="8c84fa94-04c1-424b-9868-57a2d4851a1d" /><TestEntry testId="8e8293b0-60e6-4700-9c70-09a3406df22c" executionId="4a25ce4c-0dec-4dbb-baa3-c4efba89daa7" testListId="8c84fa94-04c1-424b-9868-57a2d4851a1d" /><TestEntry testId="584a4bbf-442f-44d3-994b-ae11a29c0b41" executionId="1b747fd1-fdd2-46de-a3c5-fe28feb4f164" testListId="8c84fa94-04c1-424b-9868-57a2d4851a1d" /><TestEntry testId="07cabdea-b212-4e4f-940f-d5271d5279b1" executionId="63dafb05-c06a-4dde-b801-e0297fbffa91" testListId="8c84fa94-04c1-424b-9868-57a2d4851a1d" /><TestEntry testId="a1235249-fb17-4559-adec-c05081c24ceb" executionId="b714aba3-176f-4f71-9c3c-47287a3dd7a9" testListId="8c84fa94-04c1-424b-9868-57a2d4851a1d" /><TestEntry testId="18b1eff6-bec5-426c-979a-90a620416b13" executionId="2ef37c72-1f23-4e68-93e7-3ad271e24e9f" testListId="8c84fa94-04c1-424b-9868-57a2d4851a1d" /><TestEntry testId="a388e9fd-d047-4d69-8c75-3c95a526eae3" executionId="e0a784b5-d3ac-4583-be0e-7da9fa7d3eed" testListId="8c84fa94-04c1-424b-9868-57a2d4851a1d" /><TestEntry testId="3b73f137-9dd7-4f1a-8823-0799bcf5d08e" executionId="aacceb06-266c-4e40-847f-9f6fa75cf0db" testListId="8c84fa94-04c1-424b-9868-57a2d4851a1d" /><TestEntry testId="1f5a0890-4d37-4aa5-ac66-dfec5e934577" executionId="42c22b5d-e349-4be0-a31c-9f7180cb0a45" testListId="8c84fa94-04c1-424b-9868-57a2d4851a1d" /><TestEntry testId="84fa5315-8a86-46de-a2cd-cf24e2b98945" executionId="845ef682-83c9-42a8-a828-885b8201abe9" testListId="8c84fa94-04c1-424b-9868-57a2d4851a1d" /><TestEntry testId="10513bc1-112b-49b9-a828-c66c5b3beebb" executionId="7175aa58-8630-429a-a03e-51d58f15d97a" testListId="8c84fa94-04c1-424b-9868-57a2d4851a1d" /><TestEntry testId="6fa2bbe7-bffe-4183-be74-c2e7426c4564" executionId="484cf8eb-653e-4ec8-a00f-f0762a03b448" testListId="8c84fa94-04c1-424b-9868-57a2d4851a1d" /><TestEntry testId="3a88f3c9-ae32-4a8c-b64c-3de1647cfe83" executionId="e563e5d1-aedf-489c-9017-0a2e6a1b0e02" testListId="8c84fa94-04c1-424b-9868-57a2d4851a1d" /><TestEntry testId="a7368a3e-f47f-4d01-99d6-4ee424c4fc74" executionId="1590c329-b764-41ff-8c0f-7cb6a1d9925e" testListId="8c84fa94-04c1-424b-9868-57a2d4851a1d" /><TestEntry testId="00a0a82d-e973-4372-b52f-ef9eed906e3a" executionId="ce16d336-cefa-4a59-b55d-4fb05aaed918" testListId="8c84fa94-04c1-424b-9868-57a2d4851a1d" /><TestEntry testId="4508bf0a-8160-45f2-921d-f5640000e9dc" executionId="e39d942f-097a-4ba4-876f-1918d9bd62c7" testListId="8c84fa94-04c1-424b-9868-57a2d4851a1d" /><TestEntry testId="32068133-bb9d-4513-b99b-97b2327b564a" executionId="916e410e-5310-4040-96f0-9b013df16f66" testListId="8c84fa94-04c1-424b-9868-57a2d4851a1d" /><TestEntry testId="73f9c8ee-515c-49f4-a688-7f88895169e4" executionId="a3653031-66a1-4530-8805-243d11fd6f6b" testListId="8c84fa94-04c1-424b-9868-57a2d4851a1d" /><TestEntry testId="68f79a61-ec88-43f6-843f-1afa3e64f63b" executionId="a1a29376-3f94-47c0-a106-395cbf7075d2" testListId="8c84fa94-04c1-424b-9868-57a2d4851a1d" /><TestEntry testId="3ef2d8aa-9b0b-4865-8e7e-7b566b446fee" executionId="2d049ba2-3182-4a2f-8bea-5fb05a21dc09" testListId="8c84fa94-04c1-424b-9868-57a2d4851a1d" /><TestEntry testId="ae0c4e07-f206-4099-b369-d656e80de93d" executionId="85711d62-553e-409c-bdef-2cfc906bc1f9" testListId="8c84fa94-04c1-424b-9868-57a2d4851a1d" /><TestEntry testId="cf83d2fa-6b9c-45d0-964a-41c10a5abd5c" executionId="16330d97-3135-45aa-86c2-e01d51139624" testListId="8c84fa94-04c1-424b-9868-57a2d4851a1d" /><TestEntry testId="604892a1-39c6-4567-a9f5-4847d0ddda55" executionId="63ab8cb0-0bd9-474c-a44f-acc0d75ece8e" testListId="8c84fa94-04c1-424b-9868-57a2d4851a1d" /><TestEntry testId="08efa622-3996-4f70-943e-29469d23ac55" executionId="7b58312f-5304-436d-9886-79ef19b9cb6a" testListId="8c84fa94-04c1-424b-9868-57a2d4851a1d" /><TestEntry testId="c5cf0e52-3e2c-4f2d-b608-a77b5c92ce38" executionId="065123e5-9203-4062-9ea2-a5a9e2b6e54b" testListId="8c84fa94-04c1-424b-9868-57a2d4851a1d" /><TestEntry testId="053813cf-c558-4278-ad84-951951594ef7" executionId="261e1891-4df2-4689-a060-fc1cdfb7e2f3" testListId="8c84fa94-04c1-424b-9868-57a2d4851a1d" /><TestEntry testId="3fbbf6cf-5b84-4543-bf13-90ad9874ee02" executionId="3e420c03-f020-42ec-a8f0-00eb08138645" testListId="8c84fa94-04c1-424b-9868-57a2d4851a1d" /><TestEntry testId="154204db-0e8d-4163-b58a-9dbf8e180b20" executionId="950b70a3-836c-47e3-a20b-86f250bf1195" testListId="8c84fa94-04c1-424b-9868-57a2d4851a1d" /><TestEntry testId="a3c7e4d5-fc3a-4018-a356-7d799b9fe267" executionId="983068bf-ec8c-4a50-a821-a1ee5c41ec64" testListId="8c84fa94-04c1-424b-9868-57a2d4851a1d" /><TestEntry testId="8b4825d4-6959-4a77-b7e0-8ff7bb4074d8" executionId="2b2255da-7b49-47ff-a064-061d46959d24" testListId="8c84fa94-04c1-424b-9868-57a2d4851a1d" /><TestEntry testId="3d2d7cb4-ef0c-40c6-ae0c-3847c4a7a159" executionId="c22a7c33-5c4a-4d7f-b386-307760c3c14b" testListId="8c84fa94-04c1-424b-9868-57a2d4851a1d" /><TestEntry testId="ad044735-d1c5-4dd2-a8cd-b6a10c05e454" executionId="5ab3649e-fec2-4e90-bf2a-16e421d75e0b" testListId="8c84fa94-04c1-424b-9868-57a2d4851a1d" /><TestEntry testId="2bdb0e80-1a58-4954-a254-a3e59ee5cb36" executionId="db850472-3eb7-4242-85b2-e6a9fe8cc9d5" testListId="8c84fa94-04c1-424b-9868-57a2d4851a1d" /><TestEntry testId="57cbe266-2728-4cbc-8fde-0101120211c2" executionId="e49d95b4-2411-4bdc-af32-bca11415b06a" testListId="8c84fa94-04c1-424b-9868-57a2d4851a1d" /><TestEntry testId="0d377045-3c33-4ea4-aa64-9df131f7be2d" executionId="e6e7ed95-5ecd-4e66-b886-2623383eaa90" testListId="8c84fa94-04c1-424b-9868-57a2d4851a1d" /><TestEntry testId="1ea2a6e8-e27c-43e0-8694-dd9de018d03d" executionId="14f46f7b-b704-4d41-b6e3-391b79786806" testListId="8c84fa94-04c1-424b-9868-57a2d4851a1d" /><TestEntry testId="7fb17a58-7d95-4324-b211-75170f49b581" executionId="bc693f80-197b-415a-91c7-a85eb9dce543" testListId="8c84fa94-04c1-424b-9868-57a2d4851a1d" /><TestEntry testId="183fc58d-f186-4df1-a432-8940a63877e3" executionId="a3d0c122-6ead-4b7b-94c9-423cffc07aad" testListId="8c84fa94-04c1-424b-9868-57a2d4851a1d" /><TestEntry testId="56c0e91e-b4fc-4f36-a01e-eb1b5da18c6a" executionId="9b4637eb-f19f-44d7-81a3-95dfe605ac58" testListId="8c84fa94-04c1-424b-9868-57a2d4851a1d" /><TestEntry testId="ed3d7dc8-c1e5-48a7-81ed-3b7caa8e948a" executionId="a639405f-2d18-4b97-93c8-6090a807c58a" testListId="8c84fa94-04c1-424b-9868-57a2d4851a1d" /><TestEntry testId="a9c4e302-7bab-4860-bd38-9e79db61734d" executionId="0735215e-2342-4ea9-a932-c93ad4bc40b7" testListId="8c84fa94-04c1-424b-9868-57a2d4851a1d" /><TestEntry testId="fba36264-d729-4796-aeea-ba71c4bfc3dd" executionId="5c344131-1dd8-4a82-b2dc-a2a8a215a6b8" testListId="8c84fa94-04c1-424b-9868-57a2d4851a1d" /><TestEntry testId="665289cb-7eae-4282-9daa-edbf6b8b1507" executionId="3537a605-8031-480d-b8e8-7bea78f7c5b1" testListId="8c84fa94-04c1-424b-9868-57a2d4851a1d" /><TestEntry testId="99ad7827-e3a5-41b4-9eac-45a5326fa584" executionId="d0bb6147-7b49-4bfe-b07c-7b4d2ac48906" testListId="8c84fa94-04c1-424b-9868-57a2d4851a1d" /><TestEntry testId="06a55608-f76e-4e11-bba2-5c73878689de" executionId="9b1dba8d-1c7b-4de9-b967-d42829a0f73f" testListId="8c84fa94-04c1-424b-9868-57a2d4851a1d" /><TestEntry testId="414300ec-da44-4500-928d-3b722ca0bf0e" executionId="d5d86050-0de2-45a9-a654-189da549894a" testListId="8c84fa94-04c1-424b-9868-57a2d4851a1d" /><TestEntry testId="e982e11c-6c7b-49c3-aaeb-9c04ce620261" executionId="48538884-7f56-4870-ba2b-e9f9fdf733ba" testListId="8c84fa94-04c1-424b-9868-57a2d4851a1d" /><TestEntry testId="af2a5795-cdd7-45db-a44b-b82880e68061" executionId="f599f27d-f54f-4eea-a49f-b07ed80df74b" testListId="8c84fa94-04c1-424b-9868-57a2d4851a1d" /><TestEntry testId="084d999d-4cd6-4826-991a-25096356e54e" executionId="aa2f507b-0988-4bea-8539-dfd49dada2a4" testListId="8c84fa94-04c1-424b-9868-57a2d4851a1d" /><TestEntry testId="fe2c56e2-e283-40f2-b164-47c6ad4478af" executionId="3a3b3648-34f1-4785-90a9-ec616fd4b3bf" testListId="8c84fa94-04c1-424b-9868-57a2d4851a1d" /><TestEntry testId="50326f74-f4f4-4e0b-8aed-06ac2ec1fdaf" executionId="3edc943f-54f0-4ab0-bb58-b49c22a87108" testListId="8c84fa94-04c1-424b-9868-57a2d4851a1d" /><TestEntry testId="4c668d47-d483-4364-9848-e319d212951c" executionId="edb7726c-9829-4b0b-b50d-37c00d9c1d0c" testListId="8c84fa94-04c1-424b-9868-57a2d4851a1d" /><TestEntry testId="947da9dc-f289-45f7-ae91-84d0a12b1786" executionId="5c31ff9d-be72-409b-a254-104fdbd92213" testListId="8c84fa94-04c1-424b-9868-57a2d4851a1d" /><TestEntry testId="4ba80c73-51b0-4b2c-86d3-67cab293da6f" executionId="bfde6dff-e2db-49b8-9742-52e687802b01" testListId="8c84fa94-04c1-424b-9868-57a2d4851a1d" /><TestEntry testId="aee3a910-4ceb-4f6d-b9ec-edd1fda4acef" executionId="bb5b1ca4-1932-4846-8333-409c231e5ba5" testListId="8c84fa94-04c1-424b-9868-57a2d4851a1d" /><TestEntry testId="501ccd28-208f-4696-8a78-e11d313e23c6" executionId="4eda963f-2970-41e8-bfa7-2c7d1569a014" testListId="8c84fa94-04c1-424b-9868-57a2d4851a1d" /><TestEntry testId="f8fd4532-2434-4bee-8a55-870adb7da7b7" executionId="46983c0a-73b3-42c3-b644-bcdeb517c14f" testListId="8c84fa94-04c1-424b-9868-57a2d4851a1d" /><TestEntry testId="aa0c5244-1bb1-47c1-8912-0df6d08bcfa6" executionId="260171cc-6788-4e19-977e-b9956b2d89fe" testListId="8c84fa94-04c1-424b-9868-57a2d4851a1d" /><TestEntry testId="bf5dc04c-f7ee-496b-b1d5-2cb3be9eddd8" executionId="90bdf8a7-8d3d-4172-94c0-003256268328" testListId="8c84fa94-04c1-424b-9868-57a2d4851a1d" /><TestEntry testId="bde8412e-69a7-45c3-b0f4-1f7fbad7c154" executionId="d4a94670-12d3-4e3d-8256-a8a85c9c8995" testListId="8c84fa94-04c1-424b-9868-57a2d4851a1d" /><TestEntry testId="3412a029-5ba6-42f3-b59e-978c5bbddd0c" executionId="733beac9-e77e-40df-b785-d464775f172b" testListId="8c84fa94-04c1-424b-9868-57a2d4851a1d" /><TestEntry testId="3a587563-5564-4b80-b8b0-92bcc135847e" executionId="7a755854-77b1-48d9-9b44-63dd407f49d1" testListId="8c84fa94-04c1-424b-9868-57a2d4851a1d" /><TestEntry testId="a689b963-f8ea-47e2-87ec-f576e5539b27" executionId="1007b3e9-9ad4-4772-8c04-6dda3d160a16" testListId="8c84fa94-04c1-424b-9868-57a2d4851a1d" /><TestEntry testId="2e00f70f-7e5f-47a1-9077-5c4c90be8b25" executionId="f5b43de2-df7e-477c-9d43-21b5d1bf33f1" testListId="8c84fa94-04c1-424b-9868-57a2d4851a1d" /><TestEntry testId="bffed39e-d723-4a7d-b9ac-45908cd269e6" executionId="b6994434-12d9-4235-8125-a01d5626084f" testListId="8c84fa94-04c1-424b-9868-57a2d4851a1d" /><TestEntry testId="479d8b1b-f868-4d52-9721-0b44fef90dd5" executionId="890648c0-0031-4e07-8780-aa2390857718" testListId="8c84fa94-04c1-424b-9868-57a2d4851a1d" /><TestEntry testId="b4cbc1de-fef0-4a30-80ef-2d1667492b0c" executionId="41e44e09-916b-481a-8fd4-4b34e3e0b70a" testListId="8c84fa94-04c1-424b-9868-57a2d4851a1d" /><TestEntry testId="9cb698a1-4dcf-46d8-9f57-7c464cf33848" executionId="38efc442-0308-47f8-b145-75611d8fc7e3" testListId="8c84fa94-04c1-424b-9868-57a2d4851a1d" /><TestEntry testId="bbb73cd8-baf3-40e5-975d-066007294110" executionId="90269650-104d-4a05-be1d-13cd87ea5f45" testListId="8c84fa94-04c1-424b-9868-57a2d4851a1d" /><TestEntry testId="3eb48a1b-ad7a-4627-81e1-141c02a6622c" executionId="617a2630-7710-417b-bc95-5cf19d17b6a8" testListId="8c84fa94-04c1-424b-9868-57a2d4851a1d" /><TestEntry testId="14d6ba3f-bddc-45c4-99aa-a2bc388b1392" executionId="eeafc067-8343-422e-a971-b76f0c6aae92" testListId="8c84fa94-04c1-424b-9868-57a2d4851a1d" /><TestEntry testId="2f3ad7a8-9146-4502-8618-e6e438e8adcf" executionId="7b277701-31ad-4d28-a2f4-a7c91a905981" testListId="8c84fa94-04c1-424b-9868-57a2d4851a1d" /><TestEntry testId="f90ef11a-0552-4dd8-bac9-c8d905a6a0af" executionId="0fde89ce-7156-4dfa-8eaa-fe2f1d48cfb9" testListId="8c84fa94-04c1-424b-9868-57a2d4851a1d" /><TestEntry testId="c4cbf117-7dfb-4e9f-a907-5b0b4bfbf884" executionId="7560c151-45af-4afb-a195-61d5d886734a" testListId="8c84fa94-04c1-424b-9868-57a2d4851a1d" /><TestEntry testId="c39f3aa8-fb16-4e80-8f7e-b3a71964bb72" executionId="673554bc-9210-4441-93ba-1727ddecab11" testListId="8c84fa94-04c1-424b-9868-57a2d4851a1d" /><TestEntry testId="60a9b38f-b148-4dd8-86ab-bf3d8a61471f" executionId="edadcc0b-a6ef-4f55-bcec-c83ea119ce1d" testListId="8c84fa94-04c1-424b-9868-57a2d4851a1d" /><TestEntry testId="03dc88cd-0bb6-4a53-b559-5e3b952fbc45" executionId="a8b23fc2-27a9-4142-85c5-d79f33f69e12" testListId="8c84fa94-04c1-424b-9868-57a2d4851a1d" /><TestEntry testId="5af8b1ea-8100-43bc-94d1-62f8ff8ffd72" executionId="65aa4ca4-0baa-4aa2-b1f7-19b42bd4b0dd" testListId="8c84fa94-04c1-424b-9868-57a2d4851a1d" /><TestEntry testId="5c1538e3-61ed-4801-9c42-b8670cbaf228" executionId="6da02c48-f84f-41b9-9a97-d527c9f79922" testListId="8c84fa94-04c1-424b-9868-57a2d4851a1d" /><TestEntry testId="a7cbdbce-6970-4a12-a0ac-9e6e18237fde" executionId="83c6af78-b322-4b1a-a2ab-96b7104f5f30" testListId="8c84fa94-04c1-424b-9868-57a2d4851a1d" /><TestEntry testId="7fa41b02-7c82-4484-8659-a3a325c00560" executionId="251fbbcf-bcfa-43ea-820e-eaa6071c7d13" testListId="8c84fa94-04c1-424b-9868-57a2d4851a1d" /><TestEntry testId="91ffce5c-3216-4b07-a358-d37e54247995" executionId="8e0374a3-f7bc-4162-91c0-75e87ba2e5e0" testListId="8c84fa94-04c1-424b-9868-57a2d4851a1d" /><TestEntry testId="007d98cc-155a-4499-8ff0-4bff06acacd8" executionId="4822a699-1ae8-4f76-99b2-d3c52bad9dff" testListId="8c84fa94-04c1-424b-9868-57a2d4851a1d" /><TestEntry testId="a1f3b1d1-693c-4cfc-a0a4-bd5242cd9112" executionId="e8d98f7d-a02a-4881-8f76-eaf66f1ad195" testListId="8c84fa94-04c1-424b-9868-57a2d4851a1d" /><TestEntry testId="9b7dfb73-60ca-4713-a4ca-9cb57ffbdde4" executionId="ebfdfbad-2af3-47e2-986a-34745e4b7124" testListId="8c84fa94-04c1-424b-9868-57a2d4851a1d" /><TestEntry testId="d3917243-b85a-4254-93c1-def31c117928" executionId="5ce08513-cdda-4361-8ebe-3850f3f16b36" testListId="8c84fa94-04c1-424b-9868-57a2d4851a1d" /><TestEntry testId="f6eec275-5fb6-4298-afdd-276589e6a5d5" executionId="55d7fc08-7a6b-454a-bd7e-3952ea328ce6" testListId="8c84fa94-04c1-424b-9868-57a2d4851a1d" /><TestEntry testId="ba2fe47e-034a-4cdf-a291-7c241dad3708" executionId="286e2142-b6dd-4a8c-942b-f6a8af3b2fcf" testListId="8c84fa94-04c1-424b-9868-57a2d4851a1d" /><TestEntry testId="d2d2d9e2-c0c3-4668-897b-43503d85bedf" executionId="cfd9eb26-d4b3-4e21-bbf2-869329b22d2d" testListId="8c84fa94-04c1-424b-9868-57a2d4851a1d" /><TestEntry testId="819fa0d8-caf0-4305-8216-c862f204c8b9" executionId="b8ea94f2-560c-4d03-943d-b72efb9a2e84" testListId="8c84fa94-04c1-424b-9868-57a2d4851a1d" /><TestEntry testId="25da1155-88b1-48a3-8cb2-9fa064ed6ffc" executionId="c144b074-44b8-4a3a-8ccc-4f5471924214" testListId="8c84fa94-04c1-424b-9868-57a2d4851a1d" /><TestEntry testId="1125c43d-540e-48e7-9402-da4aff91facb" executionId="db62d56c-4ef2-4319-a7ad-923633be98e0" testListId="8c84fa94-04c1-424b-9868-57a2d4851a1d" /><TestEntry testId="e5a05748-7153-4fd6-b228-565d5b4ecc1a" executionId="a0ef5861-d536-4946-9c01-1da36d558b46" testListId="8c84fa94-04c1-424b-9868-57a2d4851a1d" /><TestEntry testId="71e9e77f-af1e-4b97-956e-d1eb68d38f09" executionId="7243ce59-08d0-4167-b33e-98d1df530f1e" testListId="8c84fa94-04c1-424b-9868-57a2d4851a1d" /><TestEntry testId="4c607c1d-caa5-4647-bf8a-f5bf9d6bf323" executionId="331a016b-f5fe-4732-8fd0-a6069bc89394" testListId="8c84fa94-04c1-424b-9868-57a2d4851a1d" /><TestEntry testId="30346009-fe01-496d-8265-694d3a34126f" executionId="1fb94204-1c8d-4caa-8754-e2f01f4497be" testListId="8c84fa94-04c1-424b-9868-57a2d4851a1d" /><TestEntry testId="53264d8b-231c-4b8c-a282-0ff5c1c54240" executionId="26bf72aa-db76-4ad3-b163-13d8a1f5b6d8" testListId="8c84fa94-04c1-424b-9868-57a2d4851a1d" /><TestEntry testId="405d30a7-44e7-4ccc-9171-c518ee5fe117" executionId="7e7e339b-4ea0-466e-b608-6b8de57a9934" testListId="8c84fa94-04c1-424b-9868-57a2d4851a1d" /><TestEntry testId="07a91d23-1f0e-4782-a75f-6fc0da8960bf" executionId="deea5c1c-7b54-4aab-9e55-3aff5b2b7ff2" testListId="8c84fa94-04c1-424b-9868-57a2d4851a1d" /><TestEntry testId="4c427ba6-e971-4b6a-a70d-ff47dd93b67e" executionId="181925c9-7d3f-4b74-9997-040af8b40477" testListId="8c84fa94-04c1-424b-9868-57a2d4851a1d" /><TestEntry testId="6c905a57-9910-4b50-82a5-8fd82afdfe3c" executionId="2cf88556-ed9c-4174-ae7a-fefb2e68b544" testListId="8c84fa94-04c1-424b-9868-57a2d4851a1d" /><TestEntry testId="e0fdadcf-09f5-42bf-ac4b-f5e6e67c08b2" executionId="cfecd2d3-88ab-4cee-96b1-be6cf75d3fc6" testListId="8c84fa94-04c1-424b-9868-57a2d4851a1d" /><TestEntry testId="08717a84-165f-4e97-bedb-eab0058a99ec" executionId="3fa6d6c1-a790-40e7-b88f-61da13bd941b" testListId="8c84fa94-04c1-424b-9868-57a2d4851a1d" /><TestEntry testId="657dd9bd-7da1-43f7-bf81-3ee3199404b8" executionId="0ccfed5a-b91a-4af7-a200-03028e089e50" testListId="8c84fa94-04c1-424b-9868-57a2d4851a1d" /><TestEntry testId="c68dd053-d643-4ab8-9df4-b54edae93272" executionId="12304224-0f66-435b-8df9-a246fd5c7ea7" testListId="8c84fa94-04c1-424b-9868-57a2d4851a1d" /><TestEntry testId="050b26ff-9201-4f9f-85ab-5a556c6d78b9" executionId="1c68296b-9109-4033-a9dc-c796006b2224" testListId="8c84fa94-04c1-424b-9868-57a2d4851a1d" /><TestEntry testId="daf2e9e1-c937-4204-bd7d-7d816bb745fe" executionId="7d1f2b56-7391-4a5d-bb60-4310c1755b26" testListId="8c84fa94-04c1-424b-9868-57a2d4851a1d" /><TestEntry testId="a7230192-d49f-43c6-82a7-f95f27b1cc69" executionId="d906643c-df67-4ce4-bbfb-c7e509acba0e" testListId="8c84fa94-04c1-424b-9868-57a2d4851a1d" /><TestEntry testId="ef908d6e-23d8-4a1c-a24a-14c7070fd19b" executionId="dfcfb980-3c1a-444b-a7e3-5e03a79d86ae" testListId="8c84fa94-04c1-424b-9868-57a2d4851a1d" /><TestEntry testId="bafeaa57-f17d-4d20-870c-8c7147a4e1fb" executionId="d3a39708-f3e1-4e05-89c5-b8b2de6090f3" testListId="8c84fa94-04c1-424b-9868-57a2d4851a1d" /><TestEntry testId="c60da2f7-d076-433a-9640-b01f2d035ff5" executionId="63541111-c1c2-4429-9084-8f9139b6eba4" testListId="8c84fa94-04c1-424b-9868-57a2d4851a1d" /><TestEntry testId="7f5b176d-5f9e-44b2-8001-2caf5532b45f" executionId="0cf8126c-105b-40c1-af02-6533f5ff9dc5" testListId="8c84fa94-04c1-424b-9868-57a2d4851a1d" /><TestEntry testId="1c0c66f5-4416-4bb5-b662-70319188f73b" executionId="4532c796-c6fd-469f-b26c-c8c885f2083d" testListId="8c84fa94-04c1-424b-9868-57a2d4851a1d" /><TestEntry testId="24d1d141-8749-4a3d-86bd-6510a1485c44" executionId="58255131-0882-486d-9ddb-c1c98eb77cff" testListId="8c84fa94-04c1-424b-9868-57a2d4851a1d" /><TestEntry testId="9d669f47-db77-46db-b87e-a99d8522f757" executionId="baa537cc-9e1d-4925-ac76-ccb5a3e27f91" testListId="8c84fa94-04c1-424b-9868-57a2d4851a1d" /><TestEntry testId="e5ae3e97-7cfb-4302-8964-b71d481b4c16" executionId="71baa161-b945-46e1-b66d-a69dd7d0622c" testListId="8c84fa94-04c1-424b-9868-57a2d4851a1d" /><TestEntry testId="31ce490b-9f3d-415e-bd12-c1dae9b77612" executionId="ddd72535-e53c-4eb0-be32-6d157ba846f3" testListId="8c84fa94-04c1-424b-9868-57a2d4851a1d" /><TestEntry testId="e77deb5d-eae4-4d39-a39b-3a3d56b216c8" executionId="7b48d6a0-eb86-4efa-a039-578568e545d7" testListId="8c84fa94-04c1-424b-9868-57a2d4851a1d" /><TestEntry testId="5f550fb1-5eea-49e7-9407-88939f41932c" executionId="48a817c2-0874-404d-b62e-9ee694fa7fce" testListId="8c84fa94-04c1-424b-9868-57a2d4851a1d" /><TestEntry testId="10e166fc-5c28-4a98-91a5-c71269fc5dc4" executionId="ae66734e-aa55-4025-ba74-18b2001ef47e" testListId="8c84fa94-04c1-424b-9868-57a2d4851a1d" /><TestEntry testId="040ff043-02d1-4581-8e58-b7a337756ee7" executionId="f3186449-fa8b-4199-a439-135d2dad0401" testListId="8c84fa94-04c1-424b-9868-57a2d4851a1d" /><TestEntry testId="f87b0892-1f88-4845-b2e7-b5a1cfbcd4d3" executionId="a1aaee29-3933-4c55-9ed0-53a0d7a30283" testListId="8c84fa94-04c1-424b-9868-57a2d4851a1d" /><TestEntry testId="4e874fba-3f99-470a-8a96-ce1fdf78176e" executionId="e401b2a2-275b-4a9d-ab27-452fe18bedd7" testListId="8c84fa94-04c1-424b-9868-57a2d4851a1d" /><TestEntry testId="694d0aa9-f7f4-4b7b-ab7b-7f3fe2a8fa40" executionId="6125d3cd-a750-4571-b554-ec9048b374b0" testListId="8c84fa94-04c1-424b-9868-57a2d4851a1d" /><TestEntry testId="513c9363-ab95-42a4-a464-ed43b19d27c0" executionId="0dca7986-119e-4b48-84be-50715aef2872" testListId="8c84fa94-04c1-424b-9868-57a2d4851a1d" /><TestEntry testId="fb9f2f77-b366-4029-ae8f-a759959683f4" executionId="57ce4af2-f2f9-4667-b829-708dbe6de5a5" testListId="8c84fa94-04c1-424b-9868-57a2d4851a1d" /><TestEntry testId="68ebe581-e7b6-4c8d-a335-4f89f0a944ab" executionId="2120439b-5b4e-431f-9d68-9fc90e8f44df" testListId="8c84fa94-04c1-424b-9868-57a2d4851a1d" /><TestEntry testId="87f146c0-76f7-4332-81e5-ccb25c9611ba" executionId="adfd79fd-2494-47db-a724-3af82350d3d2" testListId="8c84fa94-04c1-424b-9868-57a2d4851a1d" /><TestEntry testId="d37972d3-92c4-4d75-b752-ef24341802eb" executionId="64b03bbd-8c0e-4029-8bc9-37c1ad954038" testListId="8c84fa94-04c1-424b-9868-57a2d4851a1d" /><TestEntry testId="c69e3149-f6a4-4821-a0e3-410f894211aa" executionId="89ad1a9c-5e7f-4524-81d3-12b2c9c8b91a" testListId="8c84fa94-04c1-424b-9868-57a2d4851a1d" /><TestEntry testId="bb1c1e55-1e62-4ce4-b886-6f1492654b4b" executionId="7aa4c315-e7d8-4046-b728-13948633687f" testListId="8c84fa94-04c1-424b-9868-57a2d4851a1d" /><TestEntry testId="f4cd5674-86a2-4a6d-9bca-31c11cb121af" executionId="af415599-0925-4126-ba86-c788818e8a9b" testListId="8c84fa94-04c1-424b-9868-57a2d4851a1d" /><TestEntry testId="043284ad-4977-4c7c-aa2e-fc6394af955c" executionId="e347ab58-be72-4892-a4ee-1dce5be28cfe" testListId="8c84fa94-04c1-424b-9868-57a2d4851a1d" /><TestEntry testId="8f548962-80a8-43ef-a39e-b42a64c524c0" executionId="6b6a594c-f4bb-4c37-93b8-75a12e3bc2d8" testListId="8c84fa94-04c1-424b-9868-57a2d4851a1d" /><TestEntry testId="3e614c79-4b88-480b-9ff4-ad6e6ab3085c" executionId="352a93e9-84ff-419c-8d67-0c7e9ebb4898" testListId="8c84fa94-04c1-424b-9868-57a2d4851a1d" /><TestEntry testId="15822595-841c-4545-8efa-f13550210819" executionId="8d758ffe-2af3-41df-a98f-bda24c12f4f6" testListId="8c84fa94-04c1-424b-9868-57a2d4851a1d" /><TestEntry testId="2f2173b7-3edf-4166-9ed1-e767c65fa24a" executionId="35381e66-fee2-4d76-be84-c241439d9387" testListId="8c84fa94-04c1-424b-9868-57a2d4851a1d" /><TestEntry testId="fe8cd6a0-d422-4bfa-b70e-a28cd0e73061" executionId="c405aecf-7d5b-410d-82e3-bc0ed5ac6348" testListId="8c84fa94-04c1-424b-9868-57a2d4851a1d" /><TestEntry testId="ed5b2830-77d4-4037-8b13-0f1a16868ea9" executionId="09343ca1-5a4e-4d60-be86-21591ae648fb" testListId="8c84fa94-04c1-424b-9868-57a2d4851a1d" /><TestEntry testId="88aafebe-75a7-4a61-b526-e966f07efdd9" executionId="102a54a2-473a-4847-bae1-2891b154af09" testListId="8c84fa94-04c1-424b-9868-57a2d4851a1d" /><TestEntry testId="df888bb0-9884-4ee1-a469-acd34dca0f98" executionId="86ddd5fc-6fc7-41a8-99c9-1956dccd9832" testListId="8c84fa94-04c1-424b-9868-57a2d4851a1d" /><TestEntry testId="1f4d5795-29f3-4756-a84c-260495311f15" executionId="e8cb6abc-7bcd-4fdf-b101-21c4991d0484" testListId="8c84fa94-04c1-424b-9868-57a2d4851a1d" /><TestEntry testId="9201d3d5-e342-4b6c-9b92-b6f5258ed4a0" executionId="077c5578-cae1-4ef5-ae9c-4003d0028d03" testListId="8c84fa94-04c1-424b-9868-57a2d4851a1d" /><TestEntry testId="55567fef-c183-4288-92cd-7b0a5bcc2a6d" executionId="9d3f9413-934b-46d7-8394-862b6b48e3c4" testListId="8c84fa94-04c1-424b-9868-57a2d4851a1d" /><TestEntry testId="41d0e0d2-3539-4c5a-bd13-9d50cb51862f" executionId="12a2e838-13c7-4b35-bb3c-7e9486019a2b" testListId="8c84fa94-04c1-424b-9868-57a2d4851a1d" /><TestEntry testId="16cfbf83-c86e-44b4-b509-727db29b6e79" executionId="e7a13945-f6f0-4afc-93c4-190dace2cd0d" testListId="8c84fa94-04c1-424b-9868-57a2d4851a1d" /><TestEntry testId="833f9654-ca9c-4aec-b4b8-55c2b4d3d3e4" executionId="fc688067-9513-41c8-866e-5d1cc1d2a9e0" testListId="8c84fa94-04c1-424b-9868-57a2d4851a1d" /><TestEntry testId="20f0acbe-cfdb-46d2-bd1e-1dee1adbedf7" executionId="12fb4607-98cf-480a-8672-99bfa609c354" testListId="8c84fa94-04c1-424b-9868-57a2d4851a1d" /></TestEntries><TestLists><TestList name="Results Not in a List" id="8c84fa94-04c1-424b-9868-57a2d4851a1d" /><TestList name="All Loaded Results" id="19431567-8539-422a-85d7-44ee4e166bda" /></TestLists><ResultSummary outcome="Completed"><Counters total="151" executed="151" passed="151" failed="0" error="0" timeout="0" aborted="0" inconclusive="0" passedButRunAborted="0" notRunnable="0" notExecuted="0" disconnected="0" warning="0" completed="0" inProgress="0" pending="0" /><Output><StdOut>[xUnit.net 00:00:01.1873367]   Discovering: ModelRelief.Test[xUnit.net 00:00:01.2941583]   Discovered:  ModelRelief.Test[xUnit.net 00:00:01.2992455]   Starting:    ModelRelief.Test[xUnit.net 00:00:39.6138665]   Finished:    ModelRelief.Test</StdOut></Output></ResultSummary></TestRun>