<?xml version="1.0" encoding="utf-8"?><TestRun id="6fe3e8c2-a9a9-43aa-9c32-d41f93a850c7" name="Steve Knipmeyer@VECTOR 2018-08-22 05:14:21" runUser="VECTOR\Steve Knipmeyer" xmlns="http://microsoft.com/schemas/VisualStudio/TeamTest/2010"><Times creation="2018-08-22T05:14:21.6241267-04:00" queuing="2018-08-22T05:14:21.6241394-04:00" start="2018-08-22T05:14:17.4177733-04:00" finish="2018-08-22T05:15:01.1066422-04:00" /><TestSettings name="default" id="c386e896-be7c-4ba3-a520-2a9f668158a0"><Deployment runDeploymentRoot="Steve_Knipmeyer_VECTOR_2018-08-22_05_14_21" /></TestSettings><Results><UnitTestResult executionId="f44e7b78-98db-45a6-9b21-b7be51167678" testId="2ac30d19-7a25-46cd-afee-1e6a0d596cc7" testName="Put_ValidReferencePropertyUpdatesModel" computerName="VECTOR" duration="00:00:00.3940000" startTime="2018-08-22T05:14:25.6557406-04:00" endTime="2018-08-22T05:14:25.6557532-04:00" testType="13cdc9d9-ddb5-4fa4-a97d-d965ccfc6d4b" outcome="Passed" testListId="8c84fa94-04c1-424b-9868-57a2d4851a1d" relativeResultsDirectory="f44e7b78-98db-45a6-9b21-b7be51167678" /><UnitTestResult executionId="e833c0b8-021c-447a-84af-61939a06e52a" testId="cbdb866b-d028-4175-8450-adb507e76804" testName="MeshTransformHasExpectedDependentFiles" computerName="VECTOR" duration="00:00:00.0010000" startTime="2018-08-22T05:14:20.8907543-04:00" endTime="2018-08-22T05:14:20.8907558-04:00" testType="13cdc9d9-ddb5-4fa4-a97d-d965ccfc6d4b" outcome="Passed" testListId="8c84fa94-04c1-424b-9868-57a2d4851a1d" relativeResultsDirectory="e833c0b8-021c-447a-84af-61939a06e52a" /><UnitTestResult executionId="3972c0b4-60a3-4faf-bf3c-48021cc52cc9" testId="d3cec6a6-3e2e-4304-aba3-685819e46f94" testName="Patch_InvalidEnumPropertyValueReturnsBadRequest" computerName="VECTOR" duration="00:00:00.0380000" startTime="2018-08-22T05:14:35.2977890-04:00" endTime="2018-08-22T05:14:35.2977948-04:00" testType="13cdc9d9-ddb5-4fa4-a97d-d965ccfc6d4b" outcome="Passed" testListId="8c84fa94-04c1-424b-9868-57a2d4851a1d" relativeResultsDirectory="3972c0b4-60a3-4faf-bf3c-48021cc52cc9" /><UnitTestResult executionId="94bc0459-a4b3-4c61-bbbf-0db891663878" testId="c14311eb-4126-4b18-ba12-c34346155c04" testName="FileRequest_MeshIsInvalidatedAfterDepthBufferFileBecomesUnsynchronized" computerName="VECTOR" duration="00:00:03.3080000" startTime="2018-08-22T05:14:40.4336841-04:00" endTime="2018-08-22T05:14:40.4336907-04:00" testType="13cdc9d9-ddb5-4fa4-a97d-d965ccfc6d4b" outcome="Passed" testListId="8c84fa94-04c1-424b-9868-57a2d4851a1d" relativeResultsDirectory="94bc0459-a4b3-4c61-bbbf-0db891663878" /><UnitTestResult executionId="94956a33-8036-454e-9e52-f69c1e1a6e23" testId="4f1ab9ba-dc2e-4f18-b08a-92ac03e05a24" testName="Post_ValidReferencePropertyCreatesModel" computerName="VECTOR" duration="00:00:00.2290000" startTime="2018-08-22T05:14:59.7559700-04:00" endTime="2018-08-22T05:14:59.7559761-04:00" testType="13cdc9d9-ddb5-4fa4-a97d-d965ccfc6d4b" outcome="Passed" testListId="8c84fa94-04c1-424b-9868-57a2d4851a1d" relativeResultsDirectory="94956a33-8036-454e-9e52-f69c1e1a6e23" /><UnitTestResult executionId="a3d6f310-93c0-4e82-8073-ef516b3324bd" testId="1e0f6e09-eed6-4b21-9dd2-9cc77a12c581" testName="Patch_InvalidPropertyNameReturnsBadRequest" computerName="VECTOR" duration="00:00:00.1000000" startTime="2018-08-22T05:14:21.5834345-04:00" endTime="2018-08-22T05:14:21.5834415-04:00" testType="13cdc9d9-ddb5-4fa4-a97d-d965ccfc6d4b" outcome="Passed" testListId="8c84fa94-04c1-424b-9868-57a2d4851a1d" relativeResultsDirectory="a3d6f310-93c0-4e82-8073-ef516b3324bd" /><UnitTestResult executionId="c1394c3e-ad09-4063-95bf-29bafb52c5d7" testId="f60bbf6b-150b-408b-bbb4-e4163921aaf0" testName="GetFile_NonExistentFileReturnsNotFound" computerName="VECTOR" duration="00:00:00.0250000" startTime="2018-08-22T05:14:56.8158983-04:00" endTime="2018-08-22T05:14:56.8159048-04:00" testType="13cdc9d9-ddb5-4fa4-a97d-d965ccfc6d4b" outcome="Passed" testListId="8c84fa94-04c1-424b-9868-57a2d4851a1d" relativeResultsDirectory="c1394c3e-ad09-4063-95bf-29bafb52c5d7" /><UnitTestResult executionId="2ec074a8-4bfb-4b6b-9924-427e339077b5" testId="c821cc8e-7eb2-4659-9399-3bcf1402e5b5" testName="GetSingle_InvalidIdPropertyValueReturnsNotFound" computerName="VECTOR" duration="00:00:00.0290000" startTime="2018-08-22T05:14:24.6812135-04:00" endTime="2018-08-22T05:14:24.6812191-04:00" testType="13cdc9d9-ddb5-4fa4-a97d-d965ccfc6d4b" outcome="Passed" testListId="8c84fa94-04c1-424b-9868-57a2d4851a1d" relativeResultsDirectory="2ec074a8-4bfb-4b6b-9924-427e339077b5" /><UnitTestResult executionId="818bc96a-c44e-4f50-85f9-630996a4351d" testId="1ac71f7d-9a72-496e-aa62-c6df11e6a662" testName="Delete_TargetModelIsDeleted" computerName="VECTOR" duration="00:00:00.3790000" startTime="2018-08-22T05:14:21.9869114-04:00" endTime="2018-08-22T05:14:21.9869171-04:00" testType="13cdc9d9-ddb5-4fa4-a97d-d965ccfc6d4b" outcome="Passed" testListId="8c84fa94-04c1-424b-9868-57a2d4851a1d" relativeResultsDirectory="818bc96a-c44e-4f50-85f9-630996a4351d" /><UnitTestResult executionId="7a71adee-10a6-4182-a0e0-e74150d2254e" testId="22db511f-e364-44cc-a137-00f390796444" testName="Patch_InvalidReferencePropertyReturnsBadRequest" computerName="VECTOR" duration="00:00:00.0350000" startTime="2018-08-22T05:15:00.2583695-04:00" endTime="2018-08-22T05:15:00.2583771-04:00" testType="13cdc9d9-ddb5-4fa4-a97d-d965ccfc6d4b" outcome="Passed" testListId="8c84fa94-04c1-424b-9868-57a2d4851a1d" relativeResultsDirectory="7a71adee-10a6-4182-a0e0-e74150d2254e" /><UnitTestResult executionId="34a8254e-2cbe-45cc-8817-f630e42416e5" testId="8c87ee4e-333b-4492-9231-5d5e122b5706" testName="Put_CanUpdateModel" computerName="VECTOR" duration="00:00:00.5410000" startTime="2018-08-22T05:14:52.6821399-04:00" endTime="2018-08-22T05:14:52.6821463-04:00" testType="13cdc9d9-ddb5-4fa4-a97d-d965ccfc6d4b" outcome="Passed" testListId="8c84fa94-04c1-424b-9868-57a2d4851a1d" relativeResultsDirectory="34a8254e-2cbe-45cc-8817-f630e42416e5" /><UnitTestResult executionId="0cafadb4-c1db-4392-bef9-eb902734dbc6" testId="7ccea0f1-ae64-48f9-83e8-b1c35bcd32fe" testName="Patch_TargetPropertyIsUpdated" computerName="VECTOR" duration="00:00:00.4060000" startTime="2018-08-22T05:14:31.4762951-04:00" endTime="2018-08-22T05:14:31.4763020-04:00" testType="13cdc9d9-ddb5-4fa4-a97d-d965ccfc6d4b" outcome="Passed" testListId="8c84fa94-04c1-424b-9868-57a2d4851a1d" relativeResultsDirectory="0cafadb4-c1db-4392-bef9-eb902734dbc6" /><UnitTestResult executionId="6679a3d9-8fe5-433b-8c73-cc440b6b735f" testId="ee644157-ca0f-49f3-8766-fe7592a35d60" testName="Patch_TargetPropertyIsUpdated" computerName="VECTOR" duration="00:00:00.6320000" startTime="2018-08-22T05:14:22.6197159-04:00" endTime="2018-08-22T05:14:22.6197251-04:00" testType="13cdc9d9-ddb5-4fa4-a97d-d965ccfc6d4b" outcome="Passed" testListId="8c84fa94-04c1-424b-9868-57a2d4851a1d" relativeResultsDirectory="6679a3d9-8fe5-433b-8c73-cc440b6b735f" /><UnitTestResult executionId="719b2b3d-2501-40b6-9ebb-0131c14f4f10" testId="d278510e-5264-4ffa-97aa-a62dd08ec0c6" testName="GetFile_NonExistentFileReturnsNotFound" computerName="VECTOR" duration="00:00:00.0230000" startTime="2018-08-22T05:14:29.0987281-04:00" endTime="2018-08-22T05:14:29.0987345-04:00" testType="13cdc9d9-ddb5-4fa4-a97d-d965ccfc6d4b" outcome="Passed" testListId="8c84fa94-04c1-424b-9868-57a2d4851a1d" relativeResultsDirectory="719b2b3d-2501-40b6-9ebb-0131c14f4f10" /><UnitTestResult executionId="2e46ee75-2580-4ecd-9a9f-b6385a7b357d" testId="8c397382-1a5a-4da1-8b64-4f9d1d13f272" testName="PostFile_FileIsSynchronizedIsUpdatedAfterFileIsPosted" computerName="VECTOR" duration="00:00:00.4080000" startTime="2018-08-22T05:14:57.5898750-04:00" endTime="2018-08-22T05:14:57.5898789-04:00" testType="13cdc9d9-ddb5-4fa4-a97d-d965ccfc6d4b" outcome="Passed" testListId="8c84fa94-04c1-424b-9868-57a2d4851a1d" relativeResultsDirectory="2e46ee75-2580-4ecd-9a9f-b6385a7b357d" /><UnitTestResult executionId="702a037e-9da3-463f-9238-44ad9ed833a6" testId="3a15acb9-eb72-49c4-98cc-3a1ddf887d2b" testName="Patch_ValidReferencePropertyUpdatesModel" computerName="VECTOR" duration="00:00:00.3730000" startTime="2018-08-22T05:15:00.2230808-04:00" endTime="2018-08-22T05:15:00.2230870-04:00" testType="13cdc9d9-ddb5-4fa4-a97d-d965ccfc6d4b" outcome="Passed" testListId="8c84fa94-04c1-424b-9868-57a2d4851a1d" relativeResultsDirectory="702a037e-9da3-463f-9238-44ad9ed833a6" /><UnitTestResult executionId="d8465239-85e1-4cf2-8efa-9a2ab6c90429" testId="38d7802b-fd02-4831-8da8-ac1bda8c9308" testName="PostFile_NewFileCanBePosted" computerName="VECTOR" duration="00:00:00.4540000" startTime="2018-08-22T05:14:43.3666843-04:00" endTime="2018-08-22T05:14:43.3666915-04:00" testType="13cdc9d9-ddb5-4fa4-a97d-d965ccfc6d4b" outcome="Passed" testListId="8c84fa94-04c1-424b-9868-57a2d4851a1d" relativeResultsDirectory="d8465239-85e1-4cf2-8efa-9a2ab6c90429" /><UnitTestResult executionId="4a263975-494b-41d2-bc54-8393c3fe786d" testId="f09d910f-23c3-4d69-ae20-dd868b47db66" testName="GetFile_FileCanBeRoundTripped" computerName="VECTOR" duration="00:00:00.3510000" startTime="2018-08-22T05:14:40.7849828-04:00" endTime="2018-08-22T05:14:40.7849891-04:00" testType="13cdc9d9-ddb5-4fa4-a97d-d965ccfc6d4b" outcome="Passed" testListId="8c84fa94-04c1-424b-9868-57a2d4851a1d" relativeResultsDirectory="4a263975-494b-41d2-bc54-8393c3fe786d" /><UnitTestResult executionId="e2b16ab8-60a4-4384-aa1a-9e1f0765e3d0" testId="cd1ad082-b96f-4f0e-884f-e6763d6ecf0c" testName="PutFile_NewFileCanBePut" computerName="VECTOR" duration="00:00:00.3650000" startTime="2018-08-22T05:14:57.1813958-04:00" endTime="2018-08-22T05:14:57.1814018-04:00" testType="13cdc9d9-ddb5-4fa4-a97d-d965ccfc6d4b" outcome="Passed" testListId="8c84fa94-04c1-424b-9868-57a2d4851a1d" relativeResultsDirectory="e2b16ab8-60a4-4384-aa1a-9e1f0765e3d0" /><UnitTestResult executionId="59edc828-020e-4880-a0a7-cc54baa3debc" testId="68be60a6-02b7-47ee-9b7f-220602a37047" testName="Patch_InvalidReferencePropertyReturnsBadRequest" computerName="VECTOR" duration="00:00:00.0130000" startTime="2018-08-22T05:14:22.6621960-04:00" endTime="2018-08-22T05:14:22.6621997-04:00" testType="13cdc9d9-ddb5-4fa4-a97d-d965ccfc6d4b" outcome="Passed" testListId="8c84fa94-04c1-424b-9868-57a2d4851a1d" relativeResultsDirectory="59edc828-020e-4880-a0a7-cc54baa3debc" /><UnitTestResult executionId="443ed318-eea7-43a9-8dac-5fb6d369c50d" testId="285826ba-1b20-448a-bda7-598a7fafadca" testName="PostFile_FileIsSynchronizedIsUpdatedAfterFileIsPosted" computerName="VECTOR" duration="00:00:00.0120000" startTime="2018-08-22T05:14:29.1105575-04:00" endTime="2018-08-22T05:14:29.1105628-04:00" testType="13cdc9d9-ddb5-4fa4-a97d-d965ccfc6d4b" outcome="Passed" testListId="8c84fa94-04c1-424b-9868-57a2d4851a1d" relativeResultsDirectory="443ed318-eea7-43a9-8dac-5fb6d369c50d" /><UnitTestResult executionId="12bb9b5d-cc48-456b-8688-e7894daeba1b" testId="4aa7956d-6446-4063-b037-1438e8531c29" testName="Post_CanCreateNewModel" computerName="VECTOR" duration="00:00:00.2190000" startTime="2018-08-22T05:14:29.9044073-04:00" endTime="2018-08-22T05:14:29.9044219-04:00" testType="13cdc9d9-ddb5-4fa4-a97d-d965ccfc6d4b" outcome="Passed" testListId="8c84fa94-04c1-424b-9868-57a2d4851a1d" relativeResultsDirectory="12bb9b5d-cc48-456b-8688-e7894daeba1b" /><UnitTestResult executionId="d7c31a3b-25b5-4589-bd90-3c07a05b8578" testId="8094fbd6-5186-4f92-9a4a-e00da2180f94" testName="Put_InvalidReferencePropertyReturndBadRequest" computerName="VECTOR" duration="00:00:00.0440000" startTime="2018-08-22T05:14:49.8674750-04:00" endTime="2018-08-22T05:14:49.8674811-04:00" testType="13cdc9d9-ddb5-4fa4-a97d-d965ccfc6d4b" outcome="Passed" testListId="8c84fa94-04c1-424b-9868-57a2d4851a1d" relativeResultsDirectory="d7c31a3b-25b5-4589-bd90-3c07a05b8578" /><UnitTestResult executionId="2cae48a8-4ecb-425b-8a73-5a00335b6c31" testId="8efe428c-fadb-4fa8-a732-cf1889303795" testName="GetSingle_ValidIdPropertyValueReturnsCorrectModel" computerName="VECTOR" duration="00:00:00.0180000" startTime="2018-08-22T05:14:24.7714495-04:00" endTime="2018-08-22T05:14:24.7714550-04:00" testType="13cdc9d9-ddb5-4fa4-a97d-d965ccfc6d4b" outcome="Passed" testListId="8c84fa94-04c1-424b-9868-57a2d4851a1d" relativeResultsDirectory="2cae48a8-4ecb-425b-8a73-5a00335b6c31" /><UnitTestResult executionId="c4245fa7-98da-4df9-9449-c1aab6776cb7" testId="be70fb3b-47fd-492a-974a-8aa941fc0555" testName="Put_InvalidIdReturnsNotFound" computerName="VECTOR" duration="00:00:00.0340000" startTime="2018-08-22T05:14:58.7414547-04:00" endTime="2018-08-22T05:14:58.7414607-04:00" testType="13cdc9d9-ddb5-4fa4-a97d-d965ccfc6d4b" outcome="Passed" testListId="8c84fa94-04c1-424b-9868-57a2d4851a1d" relativeResultsDirectory="c4245fa7-98da-4df9-9449-c1aab6776cb7" /><UnitTestResult executionId="fa49471c-4cf6-4b21-8d7b-606f99cfdf0d" testId="2865949e-bde6-4fc8-b81f-d0a9484b4ddf" testName="Put_CanUpdateModel" computerName="VECTOR" duration="00:00:00.4210000" startTime="2018-08-22T05:14:59.4900368-04:00" endTime="2018-08-22T05:14:59.4900440-04:00" testType="13cdc9d9-ddb5-4fa4-a97d-d965ccfc6d4b" outcome="Passed" testListId="8c84fa94-04c1-424b-9868-57a2d4851a1d" relativeResultsDirectory="fa49471c-4cf6-4b21-8d7b-606f99cfdf0d" /><UnitTestResult executionId="fdea6024-9821-4e02-8e4c-dceccf5873d0" testId="189ca308-88f2-46e9-ad51-d55de759023c" testName="LucyCameraFindsAllDependents" computerName="VECTOR" duration="00:00:00.0070000" startTime="2018-08-22T05:14:20.8902171-04:00" endTime="2018-08-22T05:14:20.8902203-04:00" testType="13cdc9d9-ddb5-4fa4-a97d-d965ccfc6d4b" outcome="Passed" testListId="8c84fa94-04c1-424b-9868-57a2d4851a1d" relativeResultsDirectory="fdea6024-9821-4e02-8e4c-dceccf5873d0" /><UnitTestResult executionId="ceeb1711-053e-4ef2-ade8-accd692b2174" testId="73b94066-ccf1-4e90-8c1e-a97a5ac3dc71" testName="PostFile_NewFileCanBePosted" computerName="VECTOR" duration="00:00:00.4490000" startTime="2018-08-22T05:14:58.0394848-04:00" endTime="2018-08-22T05:14:58.0394913-04:00" testType="13cdc9d9-ddb5-4fa4-a97d-d965ccfc6d4b" outcome="Passed" testListId="8c84fa94-04c1-424b-9868-57a2d4851a1d" relativeResultsDirectory="ceeb1711-053e-4ef2-ade8-accd692b2174" /><UnitTestResult executionId="f10207b0-cea2-40b8-9155-25d6f0aa218c" testId="527cb719-5d55-45dc-bbab-1abd14d43e7a" testName="Put_InvalidReferencePropertyReturndBadRequest" computerName="VECTOR" duration="00:00:00.0320000" startTime="2018-08-22T05:14:26.6776417-04:00" endTime="2018-08-22T05:14:26.6776482-04:00" testType="13cdc9d9-ddb5-4fa4-a97d-d965ccfc6d4b" outcome="Passed" testListId="8c84fa94-04c1-424b-9868-57a2d4851a1d" relativeResultsDirectory="f10207b0-cea2-40b8-9155-25d6f0aa218c" /><UnitTestResult executionId="215da561-f669-4853-ab46-d592919109f1" testId="68e384d2-99bf-4d0c-bd1a-6f316026096d" testName="Put_CanUpdateModel" computerName="VECTOR" duration="00:00:00.4910000" startTime="2018-08-22T05:14:31.9680602-04:00" endTime="2018-08-22T05:14:31.9680672-04:00" testType="13cdc9d9-ddb5-4fa4-a97d-d965ccfc6d4b" outcome="Passed" testListId="8c84fa94-04c1-424b-9868-57a2d4851a1d" relativeResultsDirectory="215da561-f669-4853-ab46-d592919109f1" /><UnitTestResult executionId="dc50b5ba-ac2d-4ba3-8c70-0350864e548f" testId="1afa959a-5f99-456d-833f-fa4401322363" testName="Post_InvalidReferencePropertyReturnsBadRequest" computerName="VECTOR" duration="00:00:00.0200000" startTime="2018-08-22T05:14:51.4970904-04:00" endTime="2018-08-22T05:14:51.4970957-04:00" testType="13cdc9d9-ddb5-4fa4-a97d-d965ccfc6d4b" outcome="Passed" testListId="8c84fa94-04c1-424b-9868-57a2d4851a1d" relativeResultsDirectory="dc50b5ba-ac2d-4ba3-8c70-0350864e548f" /><UnitTestResult executionId="39c262cf-ad6d-4c30-a539-a1a0e72b50bc" testId="96423112-d8ca-4826-97cf-fad0fa11803b" testName="PostFile_FileTimeStampIsUpdatedAfterFileIsPosted" computerName="VECTOR" duration="00:00:01.5360000" startTime="2018-08-22T05:14:42.9121829-04:00" endTime="2018-08-22T05:14:42.9121942-04:00" testType="13cdc9d9-ddb5-4fa4-a97d-d965ccfc6d4b" outcome="Passed" testListId="8c84fa94-04c1-424b-9868-57a2d4851a1d" relativeResultsDirectory="39c262cf-ad6d-4c30-a539-a1a0e72b50bc" /><UnitTestResult executionId="34cd02f4-2971-4f4a-88d4-b6d887c73765" testId="44d542e4-1573-4c70-87d2-20dbe0749a62" testName="PostFile_NewFileCanBePosted" computerName="VECTOR" duration="00:00:00.3490000" startTime="2018-08-22T05:14:28.6931569-04:00" endTime="2018-08-22T05:14:28.6931634-04:00" testType="13cdc9d9-ddb5-4fa4-a97d-d965ccfc6d4b" outcome="Passed" testListId="8c84fa94-04c1-424b-9868-57a2d4851a1d" relativeResultsDirectory="34cd02f4-2971-4f4a-88d4-b6d887c73765" /><UnitTestResult executionId="c4c49c6a-a0d4-44a9-af26-964454714dbe" testId="88d5f397-a04a-4e0e-a623-3df679303b89" testName="Patch_InvalidPropertyNameReturnsBadRequest" computerName="VECTOR" duration="00:00:00.0250000" startTime="2018-08-22T05:14:29.3468495-04:00" endTime="2018-08-22T05:14:29.3468563-04:00" testType="13cdc9d9-ddb5-4fa4-a97d-d965ccfc6d4b" outcome="Passed" testListId="8c84fa94-04c1-424b-9868-57a2d4851a1d" relativeResultsDirectory="c4c49c6a-a0d4-44a9-af26-964454714dbe" /><UnitTestResult executionId="5468f275-981f-45ea-ab17-3b659e021513" testId="f6bb87e1-34f6-42de-91d4-f422d817d090" testName="Patch_TargetPropertyIsUpdated" computerName="VECTOR" duration="00:00:00.3320000" startTime="2018-08-22T05:15:00.9972562-04:00" endTime="2018-08-22T05:15:00.9972619-04:00" testType="13cdc9d9-ddb5-4fa4-a97d-d965ccfc6d4b" outcome="Passed" testListId="8c84fa94-04c1-424b-9868-57a2d4851a1d" relativeResultsDirectory="5468f275-981f-45ea-ab17-3b659e021513" /><UnitTestResult executionId="50966277-86f4-47c8-ac20-821dfae1a4ae" testId="856c45ab-0e03-4047-8929-820ae0d67188" testName="Patch_InvalidReferencePropertyReturnsBadRequest" computerName="VECTOR" duration="00:00:00.0320000" startTime="2018-08-22T05:14:51.4513426-04:00" endTime="2018-08-22T05:14:51.4513485-04:00" testType="13cdc9d9-ddb5-4fa4-a97d-d965ccfc6d4b" outcome="Passed" testListId="8c84fa94-04c1-424b-9868-57a2d4851a1d" relativeResultsDirectory="50966277-86f4-47c8-ac20-821dfae1a4ae" /><UnitTestResult executionId="5daf78f7-2116-44ec-96f4-e8b2686ba640" testId="55ff11ee-d3ca-454f-bd03-e75b09b2f316" testName="Model3dHasExpectedDependentFiles" computerName="VECTOR" duration="00:00:00.0320000" startTime="2018-08-22T05:14:20.5108959-04:00" endTime="2018-08-22T05:14:20.5109026-04:00" testType="13cdc9d9-ddb5-4fa4-a97d-d965ccfc6d4b" outcome="Passed" testListId="8c84fa94-04c1-424b-9868-57a2d4851a1d" relativeResultsDirectory="5daf78f7-2116-44ec-96f4-e8b2686ba640" /><UnitTestResult executionId="0bbfd4ca-edd1-4888-8b0b-9bef2604fc4f" testId="0cf1ff1f-c45b-4e26-b2f3-3370734ff6b6" testName="GetList_ListReturnsCorrectCount" computerName="VECTOR" duration="00:00:00.0250000" startTime="2018-08-22T05:14:59.0224260-04:00" endTime="2018-08-22T05:14:59.0224318-04:00" testType="13cdc9d9-ddb5-4fa4-a97d-d965ccfc6d4b" outcome="Passed" testListId="8c84fa94-04c1-424b-9868-57a2d4851a1d" relativeResultsDirectory="0bbfd4ca-edd1-4888-8b0b-9bef2604fc4f" /><UnitTestResult executionId="8eacbf91-24ef-4b0e-b150-bbfd53e057d5" testId="8c5f0058-71ea-46cc-a800-c217a1fba659" testName="PutFile_FileCanBeUpdated" computerName="VECTOR" duration="00:00:00.5080000" startTime="2018-08-22T05:14:27.5601247-04:00" endTime="2018-08-22T05:14:27.5601316-04:00" testType="13cdc9d9-ddb5-4fa4-a97d-d965ccfc6d4b" outcome="Passed" testListId="8c84fa94-04c1-424b-9868-57a2d4851a1d" relativeResultsDirectory="8eacbf91-24ef-4b0e-b150-bbfd53e057d5" /><UnitTestResult executionId="31d14b03-23fc-4152-86a1-dde5f73cd7f9" testId="e477d6a4-2ed9-4e57-8915-daddcf6aece7" testName="Put_InvalidReferencePropertyReturndBadRequest" computerName="VECTOR" duration="00:00:00.0330000" startTime="2018-08-22T05:14:30.6682095-04:00" endTime="2018-08-22T05:14:30.6682159-04:00" testType="13cdc9d9-ddb5-4fa4-a97d-d965ccfc6d4b" outcome="Passed" testListId="8c84fa94-04c1-424b-9868-57a2d4851a1d" relativeResultsDirectory="31d14b03-23fc-4152-86a1-dde5f73cd7f9" /><UnitTestResult executionId="00cfab27-14b3-4131-87cf-b9f7543f354f" testId="d6e271b2-b6c1-4f13-857f-9d7878b7eb47" testName="Patch_InvalidEnumPropertyValueReturnsBadRequest" computerName="VECTOR" duration="00:00:00.0170000" startTime="2018-08-22T05:14:30.7065613-04:00" endTime="2018-08-22T05:14:30.7065675-04:00" testType="13cdc9d9-ddb5-4fa4-a97d-d965ccfc6d4b" outcome="Passed" testListId="8c84fa94-04c1-424b-9868-57a2d4851a1d" relativeResultsDirectory="00cfab27-14b3-4131-87cf-b9f7543f354f" /><UnitTestResult executionId="b5defe04-7d08-4be5-826b-e85b34e05357" testId="759d16e5-170f-4e69-aee3-b9b1acd82614" testName="FileRequest_FileCanBeReadAfterRename" computerName="VECTOR" duration="00:00:00.6580000" startTime="2018-08-22T05:14:49.7329003-04:00" endTime="2018-08-22T05:14:49.7329073-04:00" testType="13cdc9d9-ddb5-4fa4-a97d-d965ccfc6d4b" outcome="Passed" testListId="8c84fa94-04c1-424b-9868-57a2d4851a1d" relativeResultsDirectory="b5defe04-7d08-4be5-826b-e85b34e05357" /><UnitTestResult executionId="e69bed1f-e6bf-4242-ad55-63ce839ef40f" testId="0ff6b6b1-85e8-4470-8197-eff204a01dd1" testName="Post_InvalidReferencePropertyReturnsBadRequest" computerName="VECTOR" duration="00:00:00.0110000" startTime="2018-08-22T05:14:21.6069854-04:00" endTime="2018-08-22T05:14:21.6069890-04:00" testType="13cdc9d9-ddb5-4fa4-a97d-d965ccfc6d4b" outcome="Passed" testListId="8c84fa94-04c1-424b-9868-57a2d4851a1d" relativeResultsDirectory="e69bed1f-e6bf-4242-ad55-63ce839ef40f" /><UnitTestResult executionId="fe6b5101-3085-4f6c-a394-6dbe2bc15cc8" testId="61f4d2d3-9964-456b-8a5b-fdc515a7e903" testName="GetSingle_ValidIdPropertyValueReturnsCorrectModel" computerName="VECTOR" duration="00:00:00.0180000" startTime="2018-08-22T05:14:22.8980405-04:00" endTime="2018-08-22T05:14:22.8980464-04:00" testType="13cdc9d9-ddb5-4fa4-a97d-d965ccfc6d4b" outcome="Passed" testListId="8c84fa94-04c1-424b-9868-57a2d4851a1d" relativeResultsDirectory="fe6b5101-3085-4f6c-a394-6dbe2bc15cc8" /><UnitTestResult executionId="5e474ae9-7ccd-47a2-8737-b072eb16b1a2" testId="6a88d892-1d5f-474a-b757-e7c46b04663a" testName="Patch_InvalidEnumPropertyValueReturnsBadRequest" computerName="VECTOR" duration="00:00:00.0150000" startTime="2018-08-22T05:14:22.9131279-04:00" endTime="2018-08-22T05:14:22.9131315-04:00" testType="13cdc9d9-ddb5-4fa4-a97d-d965ccfc6d4b" outcome="Passed" testListId="8c84fa94-04c1-424b-9868-57a2d4851a1d" relativeResultsDirectory="5e474ae9-7ccd-47a2-8737-b072eb16b1a2" /><UnitTestResult executionId="c5e28597-1909-4a42-bb85-e9b484900d46" testId="d5042508-13da-42c8-b001-aaeeb268f12c" testName="Put_InvalidIdReturnsNotFound" computerName="VECTOR" duration="00:00:00.0400000" startTime="2018-08-22T05:14:24.7220372-04:00" endTime="2018-08-22T05:14:24.7220424-04:00" testType="13cdc9d9-ddb5-4fa4-a97d-d965ccfc6d4b" outcome="Passed" testListId="8c84fa94-04c1-424b-9868-57a2d4851a1d" relativeResultsDirectory="c5e28597-1909-4a42-bb85-e9b484900d46" /><UnitTestResult executionId="83e7cd82-3f19-4c8a-90ac-093ffd5a9c32" testId="f9044c23-daa2-46e0-95b9-c22a4e75e638" testName="Patch_InvalidIdPropertyReturnsNotFound" computerName="VECTOR" duration="00:00:00.0550000" startTime="2018-08-22T05:14:25.7114135-04:00" endTime="2018-08-22T05:14:25.7114204-04:00" testType="13cdc9d9-ddb5-4fa4-a97d-d965ccfc6d4b" outcome="Passed" testListId="8c84fa94-04c1-424b-9868-57a2d4851a1d" relativeResultsDirectory="83e7cd82-3f19-4c8a-90ac-093ffd5a9c32" /><UnitTestResult executionId="1c239edf-dc31-4d58-a095-b6601b258591" testId="159077e8-7484-4fb2-8410-863562d00258" testName="GetList_ListReturnsCorrectCount" computerName="VECTOR" duration="00:00:00.0250000" startTime="2018-08-22T05:14:23.2356022-04:00" endTime="2018-08-22T05:14:23.2356093-04:00" testType="13cdc9d9-ddb5-4fa4-a97d-d965ccfc6d4b" outcome="Passed" testListId="8c84fa94-04c1-424b-9868-57a2d4851a1d" relativeResultsDirectory="1c239edf-dc31-4d58-a095-b6601b258591" /><UnitTestResult executionId="cae1daf9-8a7b-4dca-a12d-703386680bb8" testId="5b1f1808-7903-4522-8aea-0410302a6715" testName="Post_ValidReferencePropertyCreatesModel" computerName="VECTOR" duration="00:00:00.2080000" startTime="2018-08-22T05:14:25.9202165-04:00" endTime="2018-08-22T05:14:25.9202248-04:00" testType="13cdc9d9-ddb5-4fa4-a97d-d965ccfc6d4b" outcome="Passed" testListId="8c84fa94-04c1-424b-9868-57a2d4851a1d" relativeResultsDirectory="cae1daf9-8a7b-4dca-a12d-703386680bb8" /><UnitTestResult executionId="7d00aa22-10c3-4bfc-864a-23a4a7fc5834" testId="d4e1bb74-a312-4c3f-a883-24481f9a5a7a" testName="GetSingle_InvalidIdPropertyValueReturnsNotFound" computerName="VECTOR" duration="00:00:00.0160000" startTime="2018-08-22T05:14:22.9294093-04:00" endTime="2018-08-22T05:14:22.9294162-04:00" testType="13cdc9d9-ddb5-4fa4-a97d-d965ccfc6d4b" outcome="Passed" testListId="8c84fa94-04c1-424b-9868-57a2d4851a1d" relativeResultsDirectory="7d00aa22-10c3-4bfc-864a-23a4a7fc5834" /><UnitTestResult executionId="25a5b76d-8c17-418f-b8e4-583938f8f11b" testId="12e398ad-47d5-44c1-94c9-1e5eb5154d08" testName="Post_ValidReferencePropertyCreatesModel" computerName="VECTOR" duration="00:00:00.1950000" startTime="2018-08-22T05:14:30.6350558-04:00" endTime="2018-08-22T05:14:30.6350628-04:00" testType="13cdc9d9-ddb5-4fa4-a97d-d965ccfc6d4b" outcome="Passed" testListId="8c84fa94-04c1-424b-9868-57a2d4851a1d" relativeResultsDirectory="25a5b76d-8c17-418f-b8e4-583938f8f11b" /><UnitTestResult executionId="287c9cdf-b184-428c-8646-325567712b48" testId="f6196687-b4cd-467e-9cd3-4aaf230c62fc" testName="Patch_MultipleInvalidReferencePropertiesReturnsMultipleValidationErrorsAndBadRequest" computerName="VECTOR" duration="00:00:00.0410000" startTime="2018-08-22T05:14:59.7977571-04:00" endTime="2018-08-22T05:14:59.7977633-04:00" testType="13cdc9d9-ddb5-4fa4-a97d-d965ccfc6d4b" outcome="Passed" testListId="8c84fa94-04c1-424b-9868-57a2d4851a1d" relativeResultsDirectory="287c9cdf-b184-428c-8646-325567712b48" /><UnitTestResult executionId="8fa9f113-69d2-4103-9dbc-0d73e9ceed37" testId="4121b7e1-b564-4a1f-9843-24b8bbe5084a" testName="Patch_InvalidPropertyNameReturnsBadRequest" computerName="VECTOR" duration="00:00:00.0160000" startTime="2018-08-22T05:14:24.7388443-04:00" endTime="2018-08-22T05:14:24.7388483-04:00" testType="13cdc9d9-ddb5-4fa4-a97d-d965ccfc6d4b" outcome="Passed" testListId="8c84fa94-04c1-424b-9868-57a2d4851a1d" relativeResultsDirectory="8fa9f113-69d2-4103-9dbc-0d73e9ceed37" /><UnitTestResult executionId="ff4bf55a-5ead-4bac-9497-a231923ed5f0" testId="c0d1f1cf-6e52-4785-ac6a-06f2148a35a0" testName="FileRequest_MeshGenerateSetsFileIsSynchronized" computerName="VECTOR" duration="00:00:05.3240000" startTime="2018-08-22T05:14:48.6908820-04:00" endTime="2018-08-22T05:14:48.6908890-04:00" testType="13cdc9d9-ddb5-4fa4-a97d-d965ccfc6d4b" outcome="Passed" testListId="8c84fa94-04c1-424b-9868-57a2d4851a1d" relativeResultsDirectory="ff4bf55a-5ead-4bac-9497-a231923ed5f0" /><UnitTestResult executionId="c4b5a9fb-b84c-4675-9ad9-ccedd5e69a2f" testId="916586d9-33de-4664-9a22-ac9de47facd5" testName="Post_CanCreateNewModel" computerName="VECTOR" duration="00:00:00.1640000" startTime="2018-08-22T05:14:22.8269395-04:00" endTime="2018-08-22T05:14:22.8269461-04:00" testType="13cdc9d9-ddb5-4fa4-a97d-d965ccfc6d4b" outcome="Passed" testListId="8c84fa94-04c1-424b-9868-57a2d4851a1d" relativeResultsDirectory="c4b5a9fb-b84c-4675-9ad9-ccedd5e69a2f" /><UnitTestResult executionId="415ea02d-f4e3-4439-8690-e8d118e14d8a" testId="221adc1a-eaf9-4632-b1c2-f27d6b6b8cbc" testName="LucyModel3dHasTwoDependents" computerName="VECTOR" duration="00:00:00.3740000" startTime="2018-08-22T05:14:20.8827546-04:00" endTime="2018-08-22T05:14:20.8827617-04:00" testType="13cdc9d9-ddb5-4fa4-a97d-d965ccfc6d4b" outcome="Passed" testListId="8c84fa94-04c1-424b-9868-57a2d4851a1d" relativeResultsDirectory="415ea02d-f4e3-4439-8690-e8d118e14d8a" /><UnitTestResult executionId="82d8e317-6be6-46d3-8635-1f96e1953d63" testId="bfe52e4d-a733-4cb1-89ed-25334ce6e966" testName="Patch_InvalidPropertyNameReturnsBadRequest" computerName="VECTOR" duration="00:00:00.0190000" startTime="2018-08-22T05:14:59.8342810-04:00" endTime="2018-08-22T05:14:59.8342873-04:00" testType="13cdc9d9-ddb5-4fa4-a97d-d965ccfc6d4b" outcome="Passed" testListId="8c84fa94-04c1-424b-9868-57a2d4851a1d" relativeResultsDirectory="82d8e317-6be6-46d3-8635-1f96e1953d63" /><UnitTestResult executionId="204a2fbc-200c-494a-81a9-01d57c71f04f" testId="ce0eab05-6d30-46cb-b75e-618b6204358a" testName="Patch_MultipleInvalidReferencePropertiesReturnsMultipleValidationErrorsAndBadRequest" computerName="VECTOR" duration="00:00:00.0110000" startTime="2018-08-22T05:14:23.2471946-04:00" endTime="2018-08-22T05:14:23.2472001-04:00" testType="13cdc9d9-ddb5-4fa4-a97d-d965ccfc6d4b" outcome="Passed" testListId="8c84fa94-04c1-424b-9868-57a2d4851a1d" relativeResultsDirectory="204a2fbc-200c-494a-81a9-01d57c71f04f" /><UnitTestResult executionId="7355730a-65c8-43c9-a69e-1b94238c4d6e" testId="1b7438df-9d37-4cac-950b-121921ca4ef0" testName="Patch_InvalidEnumPropertyValueReturnsBadRequest" computerName="VECTOR" duration="00:00:00.0420000" startTime="2018-08-22T05:14:49.7759907-04:00" endTime="2018-08-22T05:14:49.7759957-04:00" testType="13cdc9d9-ddb5-4fa4-a97d-d965ccfc6d4b" outcome="Passed" testListId="8c84fa94-04c1-424b-9868-57a2d4851a1d" relativeResultsDirectory="7355730a-65c8-43c9-a69e-1b94238c4d6e" /><UnitTestResult executionId="12c69319-676d-44d0-b413-c11e9c15d8ad" testId="cfaa0c9d-4339-46b3-aef8-e27044a57586" testName="GetSingle_ValidIdPropertyValueReturnsCorrectModel" computerName="VECTOR" duration="00:00:00.0230000" startTime="2018-08-22T05:14:51.5206042-04:00" endTime="2018-08-22T05:14:51.5206095-04:00" testType="13cdc9d9-ddb5-4fa4-a97d-d965ccfc6d4b" outcome="Passed" testListId="8c84fa94-04c1-424b-9868-57a2d4851a1d" relativeResultsDirectory="12c69319-676d-44d0-b413-c11e9c15d8ad" /><UnitTestResult executionId="b61945e5-b3cf-4db8-84f6-e9fd10bc3407" testId="a7714a0d-e79b-4163-8294-8351c62824c5" testName="Post_InvalidReferencePropertyReturnsBadRequest" computerName="VECTOR" duration="00:00:00.0180000" startTime="2018-08-22T05:14:59.0683799-04:00" endTime="2018-08-22T05:14:59.0683866-04:00" testType="13cdc9d9-ddb5-4fa4-a97d-d965ccfc6d4b" outcome="Passed" testListId="8c84fa94-04c1-424b-9868-57a2d4851a1d" relativeResultsDirectory="b61945e5-b3cf-4db8-84f6-e9fd10bc3407" /><UnitTestResult executionId="02f699cd-4d99-48d5-b3af-a93d653f7acd" testId="93099eae-0322-48df-8d80-ea3d0856b125" testName="Patch_InvalidReferencePropertyReturnsBadRequest" computerName="VECTOR" duration="00:00:00.0660000" startTime="2018-08-22T05:14:26.4011477-04:00" endTime="2018-08-22T05:14:26.4011535-04:00" testType="13cdc9d9-ddb5-4fa4-a97d-d965ccfc6d4b" outcome="Passed" testListId="8c84fa94-04c1-424b-9868-57a2d4851a1d" relativeResultsDirectory="02f699cd-4d99-48d5-b3af-a93d653f7acd" /><UnitTestResult executionId="eed3079d-235d-4db8-8e8b-ae59642470fa" testId="c6bdad85-76fa-461d-85be-1c2798eed01a" testName="GetFile_FileCanBeRoundTripped" computerName="VECTOR" duration="00:00:00.3820000" startTime="2018-08-22T05:14:29.0754369-04:00" endTime="2018-08-22T05:14:29.0754438-04:00" testType="13cdc9d9-ddb5-4fa4-a97d-d965ccfc6d4b" outcome="Passed" testListId="8c84fa94-04c1-424b-9868-57a2d4851a1d" relativeResultsDirectory="eed3079d-235d-4db8-8e8b-ae59642470fa" /><UnitTestResult executionId="921395e1-55ea-4073-8103-51eca6f872ad" testId="a1b848cd-1268-466c-964e-0dad3e96940f" testName="Patch_ValidReferencePropertyUpdatesModel" computerName="VECTOR" duration="00:00:00.4890000" startTime="2018-08-22T05:14:25.2604749-04:00" endTime="2018-08-22T05:14:25.2604813-04:00" testType="13cdc9d9-ddb5-4fa4-a97d-d965ccfc6d4b" outcome="Passed" testListId="8c84fa94-04c1-424b-9868-57a2d4851a1d" relativeResultsDirectory="921395e1-55ea-4073-8103-51eca6f872ad" /><UnitTestResult executionId="b20a68d1-57b8-4eb5-a0c2-df517fdbeef5" testId="eb00900c-b159-45e2-874c-717a791cdad0" testName="Patch_TargetPropertyIsUpdated" computerName="VECTOR" duration="00:00:00.3700000" startTime="2018-08-22T05:14:35.6679721-04:00" endTime="2018-08-22T05:14:35.6679785-04:00" testType="13cdc9d9-ddb5-4fa4-a97d-d965ccfc6d4b" outcome="Passed" testListId="8c84fa94-04c1-424b-9868-57a2d4851a1d" relativeResultsDirectory="b20a68d1-57b8-4eb5-a0c2-df517fdbeef5" /><UnitTestResult executionId="ffb2c6e1-9fe5-4cbb-aeb5-a9b347515159" testId="629e1217-d3bf-4288-9a4c-8508024f55b7" testName="GetSingle_InvalidIdPropertyValueReturnsNotFound" computerName="VECTOR" duration="00:00:00.0310000" startTime="2018-08-22T05:14:51.9379882-04:00" endTime="2018-08-22T05:14:51.9379936-04:00" testType="13cdc9d9-ddb5-4fa4-a97d-d965ccfc6d4b" outcome="Passed" testListId="8c84fa94-04c1-424b-9868-57a2d4851a1d" relativeResultsDirectory="ffb2c6e1-9fe5-4cbb-aeb5-a9b347515159" /><UnitTestResult executionId="96438c43-be95-4e00-b3ff-a2596ff7c3ab" testId="bdd92129-ca45-4c96-ac49-2eeb2b15ad7f" testName="LucyDepthBufferFindsOneDependent" computerName="VECTOR" duration="00:00:00.0030000" startTime="2018-08-22T05:14:20.8940602-04:00" endTime="2018-08-22T05:14:20.8940631-04:00" testType="13cdc9d9-ddb5-4fa4-a97d-d965ccfc6d4b" outcome="Passed" testListId="8c84fa94-04c1-424b-9868-57a2d4851a1d" relativeResultsDirectory="96438c43-be95-4e00-b3ff-a2596ff7c3ab" /><UnitTestResult executionId="bdb51822-5125-43c4-a373-d896aaac8f36" testId="f3fc4888-5df6-4821-983e-0decc1b99248" testName="CameraHasExpectedDependentFiles" computerName="VECTOR" duration="00:00:00.0010000" startTime="2018-08-22T05:14:20.8904974-04:00" endTime="2018-08-22T05:14:20.8904990-04:00" testType="13cdc9d9-ddb5-4fa4-a97d-d965ccfc6d4b" outcome="Passed" testListId="8c84fa94-04c1-424b-9868-57a2d4851a1d" relativeResultsDirectory="bdb51822-5125-43c4-a373-d896aaac8f36" /><UnitTestResult executionId="2963092c-c6b9-46dc-a915-4f94cf0ac3be" testId="8cd7f32f-1ca1-4f17-982a-bb15904c7baf" testName="Patch_ValidReferencePropertyUpdatesModel" computerName="VECTOR" duration="00:00:00.5830000" startTime="2018-08-22T05:14:21.4818105-04:00" endTime="2018-08-22T05:14:21.4818173-04:00" testType="13cdc9d9-ddb5-4fa4-a97d-d965ccfc6d4b" outcome="Passed" testListId="8c84fa94-04c1-424b-9868-57a2d4851a1d" relativeResultsDirectory="2963092c-c6b9-46dc-a915-4f94cf0ac3be" /><UnitTestResult executionId="9eeac710-bce4-4262-b547-0cc973d03f49" testId="d707dcc9-d6dd-4548-9418-9ad91dfef1a4" testName="GetSingle_InvalidIdPropertyValueReturnsNotFound" computerName="VECTOR" duration="00:00:00.0220000" startTime="2018-08-22T05:14:36.1370061-04:00" endTime="2018-08-22T05:14:36.1370110-04:00" testType="13cdc9d9-ddb5-4fa4-a97d-d965ccfc6d4b" outcome="Passed" testListId="8c84fa94-04c1-424b-9868-57a2d4851a1d" relativeResultsDirectory="9eeac710-bce4-4262-b547-0cc973d03f49" /><UnitTestResult executionId="357ec0bd-450c-45b5-a279-07a580600e69" testId="a1baf129-3797-424d-90b8-ea258a5c40de" testName="Patch_MultipleInvalidReferencePropertiesReturnsMultipleValidationErrorsAndBadRequest" computerName="VECTOR" duration="00:00:00.0370000" startTime="2018-08-22T05:14:36.2021735-04:00" endTime="2018-08-22T05:14:36.2021791-04:00" testType="13cdc9d9-ddb5-4fa4-a97d-d965ccfc6d4b" outcome="Passed" testListId="8c84fa94-04c1-424b-9868-57a2d4851a1d" relativeResultsDirectory="357ec0bd-450c-45b5-a279-07a580600e69" /><UnitTestResult executionId="3ebcbb62-af08-424d-8712-da340a62486d" testId="ddd58e22-659e-4022-970e-1727ba32de35" testName="GetFile_ExistingFileReturnsSuccess" computerName="VECTOR" duration="00:00:00.2370000" startTime="2018-08-22T05:14:27.7975622-04:00" endTime="2018-08-22T05:14:27.7975698-04:00" testType="13cdc9d9-ddb5-4fa4-a97d-d965ccfc6d4b" outcome="Passed" testListId="8c84fa94-04c1-424b-9868-57a2d4851a1d" relativeResultsDirectory="3ebcbb62-af08-424d-8712-da340a62486d" /><UnitTestResult executionId="90c26ff4-614f-48eb-991b-2d127b0c8b49" testId="669968c8-407d-4fd4-9b91-1a046ccb050d" testName="Post_InvalidPropertyValueReturnsBadRequest" computerName="VECTOR" duration="00:00:00.0150000" startTime="2018-08-22T05:14:59.8492318-04:00" endTime="2018-08-22T05:14:59.8492371-04:00" testType="13cdc9d9-ddb5-4fa4-a97d-d965ccfc6d4b" outcome="Passed" testListId="8c84fa94-04c1-424b-9868-57a2d4851a1d" relativeResultsDirectory="90c26ff4-614f-48eb-991b-2d127b0c8b49" /><UnitTestResult executionId="2e6abc25-c7ab-4ba6-8e49-cfaa2b848013" testId="11c130ec-db12-42d2-a8a0-130d5b8eea2c" testName="Post_CanCreateNewModel" computerName="VECTOR" duration="00:00:00.3490000" startTime="2018-08-22T05:14:36.0178856-04:00" endTime="2018-08-22T05:14:36.0178924-04:00" testType="13cdc9d9-ddb5-4fa4-a97d-d965ccfc6d4b" outcome="Passed" testListId="8c84fa94-04c1-424b-9868-57a2d4851a1d" relativeResultsDirectory="2e6abc25-c7ab-4ba6-8e49-cfaa2b848013" /><UnitTestResult executionId="90abb7c7-8157-4179-8108-3a8e50d50537" testId="c51fc852-8974-48ad-8e37-916fa4095d41" testName="Post_InvalidPropertyValueReturnsBadRequest" computerName="VECTOR" duration="00:00:00.0210000" startTime="2018-08-22T05:14:36.7484533-04:00" endTime="2018-08-22T05:14:36.7484591-04:00" testType="13cdc9d9-ddb5-4fa4-a97d-d965ccfc6d4b" outcome="Passed" testListId="8c84fa94-04c1-424b-9868-57a2d4851a1d" relativeResultsDirectory="90abb7c7-8157-4179-8108-3a8e50d50537" /><UnitTestResult executionId="a305ea62-ae1e-4e5e-ae34-3ed11c6c1047" testId="5b7526d7-2cd5-47b7-896a-93d36a95eeb1" testName="Put_InvalidReferencePropertyReturndBadRequest" computerName="VECTOR" duration="00:00:00.0360000" startTime="2018-08-22T05:14:59.5261568-04:00" endTime="2018-08-22T05:14:59.5261628-04:00" testType="13cdc9d9-ddb5-4fa4-a97d-d965ccfc6d4b" outcome="Passed" testListId="8c84fa94-04c1-424b-9868-57a2d4851a1d" relativeResultsDirectory="a305ea62-ae1e-4e5e-ae34-3ed11c6c1047" /><UnitTestResult executionId="abf290d8-7ca8-4200-b9db-9ce188039588" testId="f71dfcef-3de0-4b69-9497-1a31aa3a52ae" testName="Patch_InvalidIdPropertyReturnsNotFound" computerName="VECTOR" duration="00:00:00.0200000" startTime="2018-08-22T05:14:30.6890780-04:00" endTime="2018-08-22T05:14:30.6890866-04:00" testType="13cdc9d9-ddb5-4fa4-a97d-d965ccfc6d4b" outcome="Passed" testListId="8c84fa94-04c1-424b-9868-57a2d4851a1d" relativeResultsDirectory="abf290d8-7ca8-4200-b9db-9ce188039588" /><UnitTestResult executionId="41253e64-bba7-47af-bedb-ac633d3ef543" testId="3777bfaf-d6cb-45bc-b5e9-16f9fbd4853c" testName="Post_ValidReferencePropertyCreatesModel" computerName="VECTOR" duration="00:00:00.2020000" startTime="2018-08-22T05:14:52.1406208-04:00" endTime="2018-08-22T05:14:52.1406271-04:00" testType="13cdc9d9-ddb5-4fa4-a97d-d965ccfc6d4b" outcome="Passed" testListId="8c84fa94-04c1-424b-9868-57a2d4851a1d" relativeResultsDirectory="41253e64-bba7-47af-bedb-ac633d3ef543" /><UnitTestResult executionId="8d90cd4f-6d43-4489-8d5c-2ab92c04c8f9" testId="e24ee7fe-52a4-4fda-bccf-7058af6083c5" testName="Put_ValidReferencePropertyUpdatesModel" computerName="VECTOR" duration="00:00:00.6180000" startTime="2018-08-22T05:14:51.4188740-04:00" endTime="2018-08-22T05:14:51.4188807-04:00" testType="13cdc9d9-ddb5-4fa4-a97d-d965ccfc6d4b" outcome="Passed" testListId="8c84fa94-04c1-424b-9868-57a2d4851a1d" relativeResultsDirectory="8d90cd4f-6d43-4489-8d5c-2ab92c04c8f9" /><UnitTestResult executionId="7d00eb08-3035-4894-9b54-036d11afef29" testId="75d78d64-3d10-4ac5-8b0b-a29aea06513c" testName="GetSingle_InvalidIdPropertyValueReturnsNotFound" computerName="VECTOR" duration="00:00:00.0160000" startTime="2018-08-22T05:14:59.0502230-04:00" endTime="2018-08-22T05:14:59.0502294-04:00" testType="13cdc9d9-ddb5-4fa4-a97d-d965ccfc6d4b" outcome="Passed" testListId="8c84fa94-04c1-424b-9868-57a2d4851a1d" relativeResultsDirectory="7d00eb08-3035-4894-9b54-036d11afef29" /><UnitTestResult executionId="42ace83b-0105-4c18-9ff5-61aabf9c27f9" testId="a256959f-e5f5-4795-a38a-f48e4b667ff0" testName="Post_CanCreateNewModel" computerName="VECTOR" duration="00:00:00.2310000" startTime="2018-08-22T05:14:50.4573866-04:00" endTime="2018-08-22T05:14:50.4573933-04:00" testType="13cdc9d9-ddb5-4fa4-a97d-d965ccfc6d4b" outcome="Passed" testListId="8c84fa94-04c1-424b-9868-57a2d4851a1d" relativeResultsDirectory="42ace83b-0105-4c18-9ff5-61aabf9c27f9" /><UnitTestResult executionId="ba2e72c3-adc8-4a73-a42c-1db550a9ab59" testId="205f1b2f-c249-4631-b7e4-51e6e591bcea" testName="Put_InvalidReferencePropertyReturndBadRequest" computerName="VECTOR" duration="00:00:00.0430000" startTime="2018-08-22T05:14:36.7267179-04:00" endTime="2018-08-22T05:14:36.7267243-04:00" testType="13cdc9d9-ddb5-4fa4-a97d-d965ccfc6d4b" outcome="Passed" testListId="8c84fa94-04c1-424b-9868-57a2d4851a1d" relativeResultsDirectory="ba2e72c3-adc8-4a73-a42c-1db550a9ab59" /><UnitTestResult executionId="be605e28-1017-48c6-85b7-0ef633f40986" testId="0c95fa42-bf65-4124-8c37-b9cf098d36ef" testName="PostFile_FileTimeStampIsUpdatedAfterFileIsPosted" computerName="VECTOR" duration="00:00:00.0120000" startTime="2018-08-22T05:14:26.6901277-04:00" endTime="2018-08-22T05:14:26.6901322-04:00" testType="13cdc9d9-ddb5-4fa4-a97d-d965ccfc6d4b" outcome="Passed" testListId="8c84fa94-04c1-424b-9868-57a2d4851a1d" relativeResultsDirectory="be605e28-1017-48c6-85b7-0ef633f40986" /><UnitTestResult executionId="31bdda33-f5bb-48f5-8d42-5232da561ca5" testId="f892eaa8-53b6-495f-9a5e-cf886cac7f9e" testName="DepthBufferHasExpectedDependentFiles" computerName="VECTOR" duration="00:00:00.0010000" startTime="2018-08-22T05:14:20.8943253-04:00" endTime="2018-08-22T05:14:20.8943269-04:00" testType="13cdc9d9-ddb5-4fa4-a97d-d965ccfc6d4b" outcome="Passed" testListId="8c84fa94-04c1-424b-9868-57a2d4851a1d" relativeResultsDirectory="31bdda33-f5bb-48f5-8d42-5232da561ca5" /><UnitTestResult executionId="8a9412ca-a6ee-4426-b4b3-414a46534494" testId="752f6182-86de-4b16-9b80-bdbfb9a70226" testName="GetSingle_ValidIdPropertyValueReturnsCorrectModel" computerName="VECTOR" duration="00:00:00.0170000" startTime="2018-08-22T05:14:32.0087335-04:00" endTime="2018-08-22T05:14:32.0087390-04:00" testType="13cdc9d9-ddb5-4fa4-a97d-d965ccfc6d4b" outcome="Passed" testListId="8c84fa94-04c1-424b-9868-57a2d4851a1d" relativeResultsDirectory="8a9412ca-a6ee-4426-b4b3-414a46534494" /><UnitTestResult executionId="1be9a7d7-26f3-4323-99e0-b95336c94064" testId="d6dde3f3-ba6b-4c96-8fa9-91462f01995c" testName="GetFile_FileCanBeRoundTripped" computerName="VECTOR" duration="00:00:00.3750000" startTime="2018-08-22T05:14:58.4150377-04:00" endTime="2018-08-22T05:14:58.4150446-04:00" testType="13cdc9d9-ddb5-4fa4-a97d-d965ccfc6d4b" outcome="Passed" testListId="8c84fa94-04c1-424b-9868-57a2d4851a1d" relativeResultsDirectory="1be9a7d7-26f3-4323-99e0-b95336c94064" /><UnitTestResult executionId="732aa8e9-57c7-40e7-96cd-c3c2eca91cfb" testId="34969c11-2418-4f35-8789-02844ddddfcb" testName="PutFile_NewFileCanBePut" computerName="VECTOR" duration="00:00:00.3420000" startTime="2018-08-22T05:14:37.1253767-04:00" endTime="2018-08-22T05:14:37.1253829-04:00" testType="13cdc9d9-ddb5-4fa4-a97d-d965ccfc6d4b" outcome="Passed" testListId="8c84fa94-04c1-424b-9868-57a2d4851a1d" relativeResultsDirectory="732aa8e9-57c7-40e7-96cd-c3c2eca91cfb" /><UnitTestResult executionId="53631ef0-2fe8-405f-86ba-8b94ee8d01dc" testId="e202fb7e-ff61-47bd-866e-a2f6649c57e0" testName="Delete_TargetModelIsDeleted" computerName="VECTOR" duration="00:00:00.2500000" startTime="2018-08-22T05:14:36.6513809-04:00" endTime="2018-08-22T05:14:36.6513874-04:00" testType="13cdc9d9-ddb5-4fa4-a97d-d965ccfc6d4b" outcome="Passed" testListId="8c84fa94-04c1-424b-9868-57a2d4851a1d" relativeResultsDirectory="53631ef0-2fe8-405f-86ba-8b94ee8d01dc" /><UnitTestResult executionId="e32a6f44-2752-42c0-a363-550afd1d0191" testId="bf0f08a3-0f93-492e-92db-f800f47ae910" testName="GetList_ListReturnsCorrectCount" computerName="VECTOR" duration="00:00:00.0300000" startTime="2018-08-22T05:14:26.0066745-04:00" endTime="2018-08-22T05:14:26.0066789-04:00" testType="13cdc9d9-ddb5-4fa4-a97d-d965ccfc6d4b" outcome="Passed" testListId="8c84fa94-04c1-424b-9868-57a2d4851a1d" relativeResultsDirectory="e32a6f44-2752-42c0-a363-550afd1d0191" /><UnitTestResult executionId="d424207f-39d5-4355-a4a2-7ca3eb243be9" testId="d75bf742-17e1-4b5d-b732-b3296393c983" testName="Post_InvalidPropertyValueReturnsBadRequest" computerName="VECTOR" duration="00:00:00.0160000" startTime="2018-08-22T05:14:51.5643712-04:00" endTime="2018-08-22T05:14:51.5643764-04:00" testType="13cdc9d9-ddb5-4fa4-a97d-d965ccfc6d4b" outcome="Passed" testListId="8c84fa94-04c1-424b-9868-57a2d4851a1d" relativeResultsDirectory="d424207f-39d5-4355-a4a2-7ca3eb243be9" /><UnitTestResult executionId="6d67fea7-7a91-4a9e-ab5c-c02f02a0e417" testId="be641e20-41c7-4902-849e-9782a7f082a7" testName="GetFile_ExistingFileReturnsSuccess" computerName="VECTOR" duration="00:00:00.0490000" startTime="2018-08-22T05:14:41.3750931-04:00" endTime="2018-08-22T05:14:41.3750997-04:00" testType="13cdc9d9-ddb5-4fa4-a97d-d965ccfc6d4b" outcome="Passed" testListId="8c84fa94-04c1-424b-9868-57a2d4851a1d" relativeResultsDirectory="6d67fea7-7a91-4a9e-ab5c-c02f02a0e417" /><UnitTestResult executionId="48fb48ac-7d9c-4990-b3b1-69f1b14511fd" testId="eee2ef54-e1dc-44fc-a306-03f5d647bbab" testName="Post_InvalidPropertyValueReturnsBadRequest" computerName="VECTOR" duration="00:00:00.0140000" startTime="2018-08-22T05:14:24.7528989-04:00" endTime="2018-08-22T05:14:24.7529029-04:00" testType="13cdc9d9-ddb5-4fa4-a97d-d965ccfc6d4b" outcome="Passed" testListId="8c84fa94-04c1-424b-9868-57a2d4851a1d" relativeResultsDirectory="48fb48ac-7d9c-4990-b3b1-69f1b14511fd" /><UnitTestResult executionId="12feda4c-b8a0-4da5-9af9-1929614955a7" testId="6d80c18b-04f1-439c-ba17-735433cf14b9" testName="Patch_MultipleInvalidReferencePropertiesReturnsMultipleValidationErrorsAndBadRequest" computerName="VECTOR" duration="00:00:00.0250000" startTime="2018-08-22T05:14:51.4769015-04:00" endTime="2018-08-22T05:14:51.4769068-04:00" testType="13cdc9d9-ddb5-4fa4-a97d-d965ccfc6d4b" outcome="Passed" testListId="8c84fa94-04c1-424b-9868-57a2d4851a1d" relativeResultsDirectory="12feda4c-b8a0-4da5-9af9-1929614955a7" /><UnitTestResult executionId="4939196e-447f-4a24-a50d-a83694ea69fa" testId="a59474bf-07f5-444c-ae98-a389e57c05eb" testName="GetSingle_ValidIdPropertyValueReturnsCorrectModel" computerName="VECTOR" duration="00:00:00.0320000" startTime="2018-08-22T05:14:58.4488738-04:00" endTime="2018-08-22T05:14:58.4488800-04:00" testType="13cdc9d9-ddb5-4fa4-a97d-d965ccfc6d4b" outcome="Passed" testListId="8c84fa94-04c1-424b-9868-57a2d4851a1d" relativeResultsDirectory="4939196e-447f-4a24-a50d-a83694ea69fa" /><UnitTestResult executionId="f12875bc-1075-4369-8816-5fa7d364a831" testId="0f78766a-cdc0-48d1-8378-d2db9c77945c" testName="FileRequest_DepthBufferIsInvalidatedAfterCameraDependencyPropertyChange" computerName="VECTOR" duration="00:00:01.2570000" startTime="2018-08-22T05:14:56.7900465-04:00" endTime="2018-08-22T05:14:56.7900530-04:00" testType="13cdc9d9-ddb5-4fa4-a97d-d965ccfc6d4b" outcome="Passed" testListId="8c84fa94-04c1-424b-9868-57a2d4851a1d" relativeResultsDirectory="f12875bc-1075-4369-8816-5fa7d364a831" /><UnitTestResult executionId="20846556-f98c-445e-b35d-a23b8fab928e" testId="7d98cdef-025d-4e66-9377-7218744470cd" testName="Patch_InvalidIdPropertyReturnsNotFound" computerName="VECTOR" duration="00:00:00.0400000" startTime="2018-08-22T05:14:50.2260241-04:00" endTime="2018-08-22T05:14:50.2260290-04:00" testType="13cdc9d9-ddb5-4fa4-a97d-d965ccfc6d4b" outcome="Passed" testListId="8c84fa94-04c1-424b-9868-57a2d4851a1d" relativeResultsDirectory="20846556-f98c-445e-b35d-a23b8fab928e" /><UnitTestResult executionId="27026b3b-d2de-4ffe-95f1-1b8f88150587" testId="d4024e51-9924-4d14-9e00-5e06511d82ea" testName="Patch_InvalidEnumPropertyValueReturnsBadRequest" computerName="VECTOR" duration="00:00:00.0120000" startTime="2018-08-22T05:14:59.0341630-04:00" endTime="2018-08-22T05:14:59.0341694-04:00" testType="13cdc9d9-ddb5-4fa4-a97d-d965ccfc6d4b" outcome="Passed" testListId="8c84fa94-04c1-424b-9868-57a2d4851a1d" relativeResultsDirectory="27026b3b-d2de-4ffe-95f1-1b8f88150587" /><UnitTestResult executionId="e4df7573-464b-4b23-b504-8fbb837f2e24" testId="1970430a-5c11-45aa-80f8-6c5d066e75f2" testName="Put_CanUpdateModel" computerName="VECTOR" duration="00:00:00.2810000" startTime="2018-08-22T05:14:23.2104414-04:00" endTime="2018-08-22T05:14:23.2104475-04:00" testType="13cdc9d9-ddb5-4fa4-a97d-d965ccfc6d4b" outcome="Passed" testListId="8c84fa94-04c1-424b-9868-57a2d4851a1d" relativeResultsDirectory="e4df7573-464b-4b23-b504-8fbb837f2e24" /><UnitTestResult executionId="6c67f2ef-445a-4ee8-9162-76efe2788473" testId="53146f21-7442-4f20-afed-057c04f5813a" testName="GetSingle_ValidIdPropertyValueReturnsCorrectModel" computerName="VECTOR" duration="00:00:00.0310000" startTime="2018-08-22T05:14:36.6830491-04:00" endTime="2018-08-22T05:14:36.6830550-04:00" testType="13cdc9d9-ddb5-4fa4-a97d-d965ccfc6d4b" outcome="Passed" testListId="8c84fa94-04c1-424b-9868-57a2d4851a1d" relativeResultsDirectory="6c67f2ef-445a-4ee8-9162-76efe2788473" /><UnitTestResult executionId="7efe5768-9011-41ea-ad60-6d52ef6873e8" testId="c3d60001-6dd5-4b82-8328-03e007c09f18" testName="Post_InvalidReferencePropertyReturnsBadRequest" computerName="VECTOR" duration="00:00:00.0270000" startTime="2018-08-22T05:14:36.1645141-04:00" endTime="2018-08-22T05:14:36.1645203-04:00" testType="13cdc9d9-ddb5-4fa4-a97d-d965ccfc6d4b" outcome="Passed" testListId="8c84fa94-04c1-424b-9868-57a2d4851a1d" relativeResultsDirectory="7efe5768-9011-41ea-ad60-6d52ef6873e8" /><UnitTestResult executionId="acc89d70-9d50-451b-959d-064147b1d6c1" testId="6439bebd-f391-4378-915c-0886e1b02f12" testName="Post_CanCreateNewModel" computerName="VECTOR" duration="00:00:00.3090000" startTime="2018-08-22T05:14:26.3345102-04:00" endTime="2018-08-22T05:14:26.3345222-04:00" testType="13cdc9d9-ddb5-4fa4-a97d-d965ccfc6d4b" outcome="Passed" testListId="8c84fa94-04c1-424b-9868-57a2d4851a1d" relativeResultsDirectory="acc89d70-9d50-451b-959d-064147b1d6c1" /><UnitTestResult executionId="3c13bb7a-7978-4d97-8a9e-905f95ed8d0f" testId="f1c7c2dc-72dc-45f3-b7ef-3e050401195d" testName="GetList_ListReturnsCorrectCount" computerName="VECTOR" duration="00:00:00.0250000" startTime="2018-08-22T05:14:29.9982120-04:00" endTime="2018-08-22T05:14:29.9982171-04:00" testType="13cdc9d9-ddb5-4fa4-a97d-d965ccfc6d4b" outcome="Passed" testListId="8c84fa94-04c1-424b-9868-57a2d4851a1d" relativeResultsDirectory="3c13bb7a-7978-4d97-8a9e-905f95ed8d0f" /><UnitTestResult executionId="9a7469b9-b954-4af0-b5ba-bda2d594b1df" testId="cf433a6b-6a06-4e7b-aa02-ec8398171110" testName="PutFile_FileCanBeUpdated" computerName="VECTOR" duration="00:00:00.5910000" startTime="2018-08-22T05:14:54.8482730-04:00" endTime="2018-08-22T05:14:54.8482790-04:00" testType="13cdc9d9-ddb5-4fa4-a97d-d965ccfc6d4b" outcome="Passed" testListId="8c84fa94-04c1-424b-9868-57a2d4851a1d" relativeResultsDirectory="9a7469b9-b954-4af0-b5ba-bda2d594b1df" /><UnitTestResult executionId="b9febba8-02ef-4fe0-a7ed-35e686cb8d29" testId="ce04fd55-33f5-48d3-b45c-7ea994f3fe24" testName="Put_ValidReferencePropertyUpdatesModel" computerName="VECTOR" duration="00:00:00.4060000" startTime="2018-08-22T05:15:00.6644718-04:00" endTime="2018-08-22T05:15:00.6644782-04:00" testType="13cdc9d9-ddb5-4fa4-a97d-d965ccfc6d4b" outcome="Passed" testListId="8c84fa94-04c1-424b-9868-57a2d4851a1d" relativeResultsDirectory="b9febba8-02ef-4fe0-a7ed-35e686cb8d29" /><UnitTestResult executionId="c01111c5-8e9d-487d-9cac-82b3cc86168b" testId="de6632c1-5b62-48f0-b684-6bab88e3cf1f" testName="Post_CanCreateNewModel" computerName="VECTOR" duration="00:00:00.2570000" startTime="2018-08-22T05:14:58.7068333-04:00" endTime="2018-08-22T05:14:58.7068396-04:00" testType="13cdc9d9-ddb5-4fa4-a97d-d965ccfc6d4b" outcome="Passed" testListId="8c84fa94-04c1-424b-9868-57a2d4851a1d" relativeResultsDirectory="c01111c5-8e9d-487d-9cac-82b3cc86168b" /><UnitTestResult executionId="53aab6ad-c907-4c40-bfd7-786728583d0c" testId="bf865a3d-a5c8-4efc-8ce3-e9a7ed55677e" testName="Post_ValidReferencePropertyCreatesModel" computerName="VECTOR" duration="00:00:00.1980000" startTime="2018-08-22T05:14:36.4007599-04:00" endTime="2018-08-22T05:14:36.4007668-04:00" testType="13cdc9d9-ddb5-4fa4-a97d-d965ccfc6d4b" outcome="Passed" testListId="8c84fa94-04c1-424b-9868-57a2d4851a1d" relativeResultsDirectory="53aab6ad-c907-4c40-bfd7-786728583d0c" /><UnitTestResult executionId="89bd1f44-3c9f-483a-bb20-015bd97b9ce3" testId="a6f8f6f4-56dc-4129-b35d-a0b4ae582938" testName="Delete_TargetModelIsDeleted" computerName="VECTOR" duration="00:00:00.3060000" startTime="2018-08-22T05:14:29.6529741-04:00" endTime="2018-08-22T05:14:29.6529802-04:00" testType="13cdc9d9-ddb5-4fa4-a97d-d965ccfc6d4b" outcome="Passed" testListId="8c84fa94-04c1-424b-9868-57a2d4851a1d" relativeResultsDirectory="89bd1f44-3c9f-483a-bb20-015bd97b9ce3" /><UnitTestResult executionId="50807ba7-4e49-416d-9aed-5a2b0d802aa1" testId="e4f0e0e8-add5-4397-8795-ae56b64697ec" testName="Patch_InvalidPropertyNameReturnsBadRequest" computerName="VECTOR" duration="00:00:00.0250000" startTime="2018-08-22T05:14:36.0926542-04:00" endTime="2018-08-22T05:14:36.0926599-04:00" testType="13cdc9d9-ddb5-4fa4-a97d-d965ccfc6d4b" outcome="Passed" testListId="8c84fa94-04c1-424b-9868-57a2d4851a1d" relativeResultsDirectory="50807ba7-4e49-416d-9aed-5a2b0d802aa1" /><UnitTestResult executionId="605020c6-424a-4567-af48-e546e2eedb59" testId="80e974f6-e1a5-46f3-8ecf-963941014a6e" testName="Put_ValidReferencePropertyUpdatesModel" computerName="VECTOR" duration="00:00:00.3500000" startTime="2018-08-22T05:14:35.2596247-04:00" endTime="2018-08-22T05:14:35.2596308-04:00" testType="13cdc9d9-ddb5-4fa4-a97d-d965ccfc6d4b" outcome="Passed" testListId="8c84fa94-04c1-424b-9868-57a2d4851a1d" relativeResultsDirectory="605020c6-424a-4567-af48-e546e2eedb59" /><UnitTestResult executionId="b2a6f55e-1611-463e-8b5b-409417d72e0d" testId="eb56d3ac-5227-445d-b2c1-baf80d9eb21d" testName="Post_ValidReferencePropertyCreatesModel" computerName="VECTOR" duration="00:00:00.0120000" startTime="2018-08-22T05:14:21.5995454-04:00" endTime="2018-08-22T05:14:21.5995478-04:00" testType="13cdc9d9-ddb5-4fa4-a97d-d965ccfc6d4b" outcome="Passed" testListId="8c84fa94-04c1-424b-9868-57a2d4851a1d" relativeResultsDirectory="b2a6f55e-1611-463e-8b5b-409417d72e0d" /><UnitTestResult executionId="978a6739-0020-4b34-88bc-383d2eb8bc9e" testId="1d0d1466-1ad8-41ba-8d31-9f99cefd78b5" testName="Put_ValidReferencePropertyUpdatesModel" computerName="VECTOR" duration="00:00:00.0300000" startTime="2018-08-22T05:14:22.6494590-04:00" endTime="2018-08-22T05:14:22.6494658-04:00" testType="13cdc9d9-ddb5-4fa4-a97d-d965ccfc6d4b" outcome="Passed" testListId="8c84fa94-04c1-424b-9868-57a2d4851a1d" relativeResultsDirectory="978a6739-0020-4b34-88bc-383d2eb8bc9e" /><UnitTestResult executionId="7ccd179e-0c77-496a-b030-59afa235834e" testId="311f43d1-6b74-45e0-9dea-cb56ca518aab" testName="Put_InvalidIdReturnsNotFound" computerName="VECTOR" duration="00:00:00.0270000" startTime="2018-08-22T05:14:51.5481336-04:00" endTime="2018-08-22T05:14:51.5481392-04:00" testType="13cdc9d9-ddb5-4fa4-a97d-d965ccfc6d4b" outcome="Passed" testListId="8c84fa94-04c1-424b-9868-57a2d4851a1d" relativeResultsDirectory="7ccd179e-0c77-496a-b030-59afa235834e" /><UnitTestResult executionId="91573f92-d951-45b9-b84d-ebeefdb84da9" testId="217720bd-e4d7-4833-8daa-36f1f35579b6" testName="Patch_InvalidReferencePropertyReturnsBadRequest" computerName="VECTOR" duration="00:00:00.0490000" startTime="2018-08-22T05:14:36.0676436-04:00" endTime="2018-08-22T05:14:36.0676491-04:00" testType="13cdc9d9-ddb5-4fa4-a97d-d965ccfc6d4b" outcome="Passed" testListId="8c84fa94-04c1-424b-9868-57a2d4851a1d" relativeResultsDirectory="91573f92-d951-45b9-b84d-ebeefdb84da9" /><UnitTestResult executionId="e80ea8e7-8252-49e1-9da7-8b16411d323d" testId="49f17a36-e4d8-44d5-8742-2b9351591faa" testName="PostFile_FileTimeStampIsUpdatedAfterFileIsPosted" computerName="VECTOR" duration="00:00:01.5340000" startTime="2018-08-22T05:14:54.2569071-04:00" endTime="2018-08-22T05:14:54.2569135-04:00" testType="13cdc9d9-ddb5-4fa4-a97d-d965ccfc6d4b" outcome="Passed" testListId="8c84fa94-04c1-424b-9868-57a2d4851a1d" relativeResultsDirectory="e80ea8e7-8252-49e1-9da7-8b16411d323d" /><UnitTestResult executionId="c923fae4-b6db-4006-af0e-ac022b46e6b5" testId="c817954a-7214-498f-af61-0dc487532f20" testName="Delete_TargetModelIsDeleted" computerName="VECTOR" duration="00:00:00.3160000" startTime="2018-08-22T05:14:50.1850042-04:00" endTime="2018-08-22T05:14:50.1850165-04:00" testType="13cdc9d9-ddb5-4fa4-a97d-d965ccfc6d4b" outcome="Passed" testListId="8c84fa94-04c1-424b-9868-57a2d4851a1d" relativeResultsDirectory="c923fae4-b6db-4006-af0e-ac022b46e6b5" /><UnitTestResult executionId="9b4944ed-e9c4-4db7-99e7-0acdfd5a436f" testId="976514e9-3190-432f-9d40-4bc5e8bf5cf6" testName="GetFile_ExistingFileReturnsSuccess" computerName="VECTOR" duration="00:00:00.0390000" startTime="2018-08-22T05:14:52.7220202-04:00" endTime="2018-08-22T05:14:52.7220276-04:00" testType="13cdc9d9-ddb5-4fa4-a97d-d965ccfc6d4b" outcome="Passed" testListId="8c84fa94-04c1-424b-9868-57a2d4851a1d" relativeResultsDirectory="9b4944ed-e9c4-4db7-99e7-0acdfd5a436f" /><UnitTestResult executionId="728c323d-46f8-41fc-bb84-ce17b05f92f6" testId="5e655262-04ca-4ef6-86ad-6cd39dc67459" testName="Delete_TargetModelIsDeleted" computerName="VECTOR" duration="00:00:00.2550000" startTime="2018-08-22T05:14:58.9970900-04:00" endTime="2018-08-22T05:14:58.9970965-04:00" testType="13cdc9d9-ddb5-4fa4-a97d-d965ccfc6d4b" outcome="Passed" testListId="8c84fa94-04c1-424b-9868-57a2d4851a1d" relativeResultsDirectory="728c323d-46f8-41fc-bb84-ce17b05f92f6" /><UnitTestResult executionId="aed321a3-23ed-42ba-8bc7-7108708d2551" testId="8c89a54a-58bc-4ee1-ab44-91c06da67d4d" testName="PostFile_FileIsSynchronizedIsUpdatedAfterFileIsPosted" computerName="VECTOR" duration="00:00:00.3830000" startTime="2018-08-22T05:14:49.0746188-04:00" endTime="2018-08-22T05:14:49.0746259-04:00" testType="13cdc9d9-ddb5-4fa4-a97d-d965ccfc6d4b" outcome="Passed" testListId="8c84fa94-04c1-424b-9868-57a2d4851a1d" relativeResultsDirectory="aed321a3-23ed-42ba-8bc7-7108708d2551" /><UnitTestResult executionId="2fe91a96-c91e-45c6-9482-574c6dbd7822" testId="469eb200-ac88-4ed8-bc8e-915790afc5ce" testName="Patch_ValidReferencePropertyUpdatesModel" computerName="VECTOR" duration="00:00:00.3420000" startTime="2018-08-22T05:14:51.9069113-04:00" endTime="2018-08-22T05:14:51.9069175-04:00" testType="13cdc9d9-ddb5-4fa4-a97d-d965ccfc6d4b" outcome="Passed" testListId="8c84fa94-04c1-424b-9868-57a2d4851a1d" relativeResultsDirectory="2fe91a96-c91e-45c6-9482-574c6dbd7822" /><UnitTestResult executionId="bf13667c-2d1e-4dc0-8d52-0f6de14178c9" testId="c7f3806f-af1a-449b-8031-5707620d06a8" testName="Put_InvalidIdReturnsNotFound" computerName="VECTOR" duration="00:00:00.0530000" startTime="2018-08-22T05:14:22.8800473-04:00" endTime="2018-08-22T05:14:22.8800540-04:00" testType="13cdc9d9-ddb5-4fa4-a97d-d965ccfc6d4b" outcome="Passed" testListId="8c84fa94-04c1-424b-9868-57a2d4851a1d" relativeResultsDirectory="bf13667c-2d1e-4dc0-8d52-0f6de14178c9" /><UnitTestResult executionId="40bfb3ec-5a6d-433d-9ed3-6bc1f69909e4" testId="bb809e4a-6419-430d-a9e1-456bcc37e07c" testName="PutFile_FileCanBeUpdated" computerName="VECTOR" duration="00:00:00.5400000" startTime="2018-08-22T05:14:41.3251976-04:00" endTime="2018-08-22T05:14:41.3252041-04:00" testType="13cdc9d9-ddb5-4fa4-a97d-d965ccfc6d4b" outcome="Passed" testListId="8c84fa94-04c1-424b-9868-57a2d4851a1d" relativeResultsDirectory="40bfb3ec-5a6d-433d-9ed3-6bc1f69909e4" /><UnitTestResult executionId="92f13ca0-28db-4238-ba63-7907084ad5dc" testId="19a59d1e-3b13-42bb-a395-73c30897f60e" testName="FileRequest_FileCanBeReadAfterRename" computerName="VECTOR" duration="00:00:00.5450000" startTime="2018-08-22T05:14:28.3432030-04:00" endTime="2018-08-22T05:14:28.3432095-04:00" testType="13cdc9d9-ddb5-4fa4-a97d-d965ccfc6d4b" outcome="Passed" testListId="8c84fa94-04c1-424b-9868-57a2d4851a1d" relativeResultsDirectory="92f13ca0-28db-4238-ba63-7907084ad5dc" /><UnitTestResult executionId="8c74b8ba-2ad7-42c2-b82e-7b7f3849c1c3" testId="a8d97709-5f68-48d3-92cd-484247da3ea8" testName="Put_CanUpdateModel" computerName="VECTOR" duration="00:00:00.8150000" startTime="2018-08-22T05:14:34.9093016-04:00" endTime="2018-08-22T05:14:34.9093130-04:00" testType="13cdc9d9-ddb5-4fa4-a97d-d965ccfc6d4b" outcome="Passed" testListId="8c84fa94-04c1-424b-9868-57a2d4851a1d" relativeResultsDirectory="8c74b8ba-2ad7-42c2-b82e-7b7f3849c1c3" /><UnitTestResult executionId="13ddd9bc-5eff-40b2-bc77-d1d7a5ef5086" testId="b613d59b-ded6-4a89-a575-2e759568d69c" testName="Post_InvalidPropertyValueReturnsBadRequest" computerName="VECTOR" duration="00:00:00.0220000" startTime="2018-08-22T05:14:30.4394424-04:00" endTime="2018-08-22T05:14:30.4394481-04:00" testType="13cdc9d9-ddb5-4fa4-a97d-d965ccfc6d4b" outcome="Passed" testListId="8c84fa94-04c1-424b-9868-57a2d4851a1d" relativeResultsDirectory="13ddd9bc-5eff-40b2-bc77-d1d7a5ef5086" /><UnitTestResult executionId="f0dbf577-265a-42e6-bf81-ee3c82ccf9e7" testId="bb7c787b-db09-4556-912c-cbb919c56b16" testName="Patch_InvalidReferencePropertyReturnsBadRequest" computerName="VECTOR" duration="00:00:00.0680000" startTime="2018-08-22T05:14:29.9729581-04:00" endTime="2018-08-22T05:14:29.9729664-04:00" testType="13cdc9d9-ddb5-4fa4-a97d-d965ccfc6d4b" outcome="Passed" testListId="8c84fa94-04c1-424b-9868-57a2d4851a1d" relativeResultsDirectory="f0dbf577-265a-42e6-bf81-ee3c82ccf9e7" /><UnitTestResult executionId="958f1ac4-ac8c-45ff-9157-ce74fee7686f" testId="c2862fff-23d5-4191-a3a9-862ae531d6bc" testName="Patch_TargetPropertyIsUpdated" computerName="VECTOR" duration="00:00:00.6650000" startTime="2018-08-22T05:14:24.2861655-04:00" endTime="2018-08-22T05:14:24.2861724-04:00" testType="13cdc9d9-ddb5-4fa4-a97d-d965ccfc6d4b" outcome="Passed" testListId="8c84fa94-04c1-424b-9868-57a2d4851a1d" relativeResultsDirectory="958f1ac4-ac8c-45ff-9157-ce74fee7686f" /><UnitTestResult executionId="1a8bf64a-7504-4036-a0a4-ebe6c0e02092" testId="be6c9a97-8f06-4d6c-b09b-09b7016a05fd" testName="Patch_InvalidIdPropertyReturnsNotFound" computerName="VECTOR" duration="00:00:00.0160000" startTime="2018-08-22T05:14:59.8145216-04:00" endTime="2018-08-22T05:14:59.8145257-04:00" testType="13cdc9d9-ddb5-4fa4-a97d-d965ccfc6d4b" outcome="Passed" testListId="8c84fa94-04c1-424b-9868-57a2d4851a1d" relativeResultsDirectory="1a8bf64a-7504-4036-a0a4-ebe6c0e02092" /><UnitTestResult executionId="f27a5951-b98f-4b43-a82c-617802396751" testId="feedbd3a-2ce2-47a3-bb6a-d0f5d2ba169a" testName="Put_InvalidIdReturnsNotFound" computerName="VECTOR" duration="00:00:00.0690000" startTime="2018-08-22T05:14:33.1660002-04:00" endTime="2018-08-22T05:14:33.1660063-04:00" testType="13cdc9d9-ddb5-4fa4-a97d-d965ccfc6d4b" outcome="Passed" testListId="8c84fa94-04c1-424b-9868-57a2d4851a1d" relativeResultsDirectory="f27a5951-b98f-4b43-a82c-617802396751" /><UnitTestResult executionId="b475fb8e-1885-487e-bea7-355cdb6527c9" testId="4e6e44d3-9ce3-48d5-873f-75a3c50fcf33" testName="Patch_InvalidIdPropertyReturnsNotFound" computerName="VECTOR" duration="00:00:00.0220000" startTime="2018-08-22T05:14:36.1148428-04:00" endTime="2018-08-22T05:14:36.1148492-04:00" testType="13cdc9d9-ddb5-4fa4-a97d-d965ccfc6d4b" outcome="Passed" testListId="8c84fa94-04c1-424b-9868-57a2d4851a1d" relativeResultsDirectory="b475fb8e-1885-487e-bea7-355cdb6527c9" /><UnitTestResult executionId="f882c06d-dbc1-40f8-8535-6c20157c3473" testId="b0d8ae25-d6be-45e4-a6ee-5d96b42cdd8a" testName="Patch_MultipleInvalidReferencePropertiesReturnsMultipleValidationErrorsAndBadRequest" computerName="VECTOR" duration="00:00:00.0300000" startTime="2018-08-22T05:14:29.6836943-04:00" endTime="2018-08-22T05:14:29.6837002-04:00" testType="13cdc9d9-ddb5-4fa4-a97d-d965ccfc6d4b" outcome="Passed" testListId="8c84fa94-04c1-424b-9868-57a2d4851a1d" relativeResultsDirectory="f882c06d-dbc1-40f8-8535-6c20157c3473" /><UnitTestResult executionId="2c746154-ad23-4b5a-9a5c-a0894978ae10" testId="09575d20-06ed-4cfe-9d9f-dd547787cecd" testName="Put_ValidReferencePropertyUpdatesModel" computerName="VECTOR" duration="00:00:00.4180000" startTime="2018-08-22T05:14:30.4167563-04:00" endTime="2018-08-22T05:14:30.4167626-04:00" testType="13cdc9d9-ddb5-4fa4-a97d-d965ccfc6d4b" outcome="Passed" testListId="8c84fa94-04c1-424b-9868-57a2d4851a1d" relativeResultsDirectory="2c746154-ad23-4b5a-9a5c-a0894978ae10" /><UnitTestResult executionId="ff9c0079-2053-4f4b-a885-dc2e9dcb73cf" testId="feb8bf69-e0e7-4bcd-90c9-74eea42e55bb" testName="Put_InvalidIdReturnsNotFound" computerName="VECTOR" duration="00:00:00.2090000" startTime="2018-08-22T05:14:29.3210359-04:00" endTime="2018-08-22T05:14:29.3210424-04:00" testType="13cdc9d9-ddb5-4fa4-a97d-d965ccfc6d4b" outcome="Passed" testListId="8c84fa94-04c1-424b-9868-57a2d4851a1d" relativeResultsDirectory="ff9c0079-2053-4f4b-a885-dc2e9dcb73cf" /><UnitTestResult executionId="8f2eaef9-bbee-4c22-9d9a-27ba72ec957f" testId="8db6db1d-de39-4f30-a297-ee86e7b5eff9" testName="GetFile_NonExistentFileReturnsNotFound" computerName="VECTOR" duration="00:00:00.0340000" startTime="2018-08-22T05:14:36.7830483-04:00" endTime="2018-08-22T05:14:36.7830544-04:00" testType="13cdc9d9-ddb5-4fa4-a97d-d965ccfc6d4b" outcome="Passed" testListId="8c84fa94-04c1-424b-9868-57a2d4851a1d" relativeResultsDirectory="8f2eaef9-bbee-4c22-9d9a-27ba72ec957f" /><UnitTestResult executionId="beb30768-37df-4d28-939b-3512f8b554e0" testId="39520ec7-0eed-4d89-8a54-c5df9041744d" testName="FileRequest_FileCanBeReadAfterRename" computerName="VECTOR" duration="00:00:00.6830000" startTime="2018-08-22T05:14:55.5322917-04:00" endTime="2018-08-22T05:14:55.5322989-04:00" testType="13cdc9d9-ddb5-4fa4-a97d-d965ccfc6d4b" outcome="Passed" testListId="8c84fa94-04c1-424b-9868-57a2d4851a1d" relativeResultsDirectory="beb30768-37df-4d28-939b-3512f8b554e0" /><UnitTestResult executionId="efef5f9e-0f66-4f38-8c81-6e012f97785c" testId="bb7ff9dd-8f94-4fd4-9589-7e482b3025ef" testName="Delete_TargetModelIsDeleted" computerName="VECTOR" duration="00:00:00.2430000" startTime="2018-08-22T05:14:26.6450464-04:00" endTime="2018-08-22T05:14:26.6450536-04:00" testType="13cdc9d9-ddb5-4fa4-a97d-d965ccfc6d4b" outcome="Passed" testListId="8c84fa94-04c1-424b-9868-57a2d4851a1d" relativeResultsDirectory="efef5f9e-0f66-4f38-8c81-6e012f97785c" /><UnitTestResult executionId="6f594ff3-d2af-403f-9e0b-ecb532a01b34" testId="5f1aaf90-4279-4aec-b6b8-923fc579218b" testName="Post_InvalidPropertyValueReturnsBadRequest" computerName="VECTOR" duration="00:00:00.0170000" startTime="2018-08-22T05:14:23.2952546-04:00" endTime="2018-08-22T05:14:23.2952604-04:00" testType="13cdc9d9-ddb5-4fa4-a97d-d965ccfc6d4b" outcome="Passed" testListId="8c84fa94-04c1-424b-9868-57a2d4851a1d" relativeResultsDirectory="6f594ff3-d2af-403f-9e0b-ecb532a01b34" /><UnitTestResult executionId="80993ea8-dee4-4597-b141-5883c266a320" testId="b4d7f38b-f1e3-4f59-8d90-7f31f569e640" testName="GetList_ListReturnsCorrectCount" computerName="VECTOR" duration="00:00:01.0680000" startTime="2018-08-22T05:14:33.0967911-04:00" endTime="2018-08-22T05:14:33.0967968-04:00" testType="13cdc9d9-ddb5-4fa4-a97d-d965ccfc6d4b" outcome="Passed" testListId="8c84fa94-04c1-424b-9868-57a2d4851a1d" relativeResultsDirectory="80993ea8-dee4-4597-b141-5883c266a320" /><UnitTestResult executionId="6ea2b759-3ce0-4b7b-95f6-4c7793313d8d" testId="9dfdaa77-83cb-41fc-9def-ce11226e524d" testName="GetList_ListReturnsCorrectCount" computerName="VECTOR" duration="00:00:00.0240000" startTime="2018-08-22T05:14:49.8000378-04:00" endTime="2018-08-22T05:14:49.8000466-04:00" testType="13cdc9d9-ddb5-4fa4-a97d-d965ccfc6d4b" outcome="Passed" testListId="8c84fa94-04c1-424b-9868-57a2d4851a1d" relativeResultsDirectory="6ea2b759-3ce0-4b7b-95f6-4c7793313d8d" /><UnitTestResult executionId="50e3cfd6-27ab-4747-856c-c11dcd337184" testId="ecfb2743-c97b-43c4-b5be-43f8138ff4a5" testName="Patch_MultipleInvalidReferencePropertiesReturnsMultipleValidationErrorsAndBadRequest" computerName="VECTOR" duration="00:00:00.0560000" startTime="2018-08-22T05:14:25.9765105-04:00" endTime="2018-08-22T05:14:25.9765166-04:00" testType="13cdc9d9-ddb5-4fa4-a97d-d965ccfc6d4b" outcome="Passed" testListId="8c84fa94-04c1-424b-9868-57a2d4851a1d" relativeResultsDirectory="50e3cfd6-27ab-4747-856c-c11dcd337184" /><UnitTestResult executionId="2618bfff-fb44-48a0-937e-30164f45d57f" testId="47ecaf29-ad4e-4fab-8b2a-2c9da11c9e60" testName="GetSingle_InvalidIdPropertyValueReturnsNotFound" computerName="VECTOR" duration="00:00:00.0230000" startTime="2018-08-22T05:14:31.9911849-04:00" endTime="2018-08-22T05:14:31.9911921-04:00" testType="13cdc9d9-ddb5-4fa4-a97d-d965ccfc6d4b" outcome="Passed" testListId="8c84fa94-04c1-424b-9868-57a2d4851a1d" relativeResultsDirectory="2618bfff-fb44-48a0-937e-30164f45d57f" /><UnitTestResult executionId="a1d6de0d-7f1e-44a9-b7fd-da3f42c4a86f" testId="c10c16ca-6671-4d47-91f8-4396e061315c" testName="PutFile_NewFileCanBePut" computerName="VECTOR" duration="00:00:00.3610000" startTime="2018-08-22T05:14:27.0516755-04:00" endTime="2018-08-22T05:14:27.0516809-04:00" testType="13cdc9d9-ddb5-4fa4-a97d-d965ccfc6d4b" outcome="Passed" testListId="8c84fa94-04c1-424b-9868-57a2d4851a1d" relativeResultsDirectory="a1d6de0d-7f1e-44a9-b7fd-da3f42c4a86f" /><UnitTestResult executionId="f79496cd-f435-4c1a-8983-2f20d07ff9d6" testId="0c915823-8269-4aa8-b24d-ba577ce383d2" testName="Patch_TargetPropertyIsUpdated" computerName="VECTOR" duration="00:00:00.3420000" startTime="2018-08-22T05:14:50.7999916-04:00" endTime="2018-08-22T05:14:50.8000000-04:00" testType="13cdc9d9-ddb5-4fa4-a97d-d965ccfc6d4b" outcome="Passed" testListId="8c84fa94-04c1-424b-9868-57a2d4851a1d" relativeResultsDirectory="f79496cd-f435-4c1a-8983-2f20d07ff9d6" /><UnitTestResult executionId="9983d07f-1546-4a0e-a5fd-b27b5e4d81ae" testId="6d6230b1-b50f-4a2f-84e0-538ad9af147e" testName="Patch_ValidReferencePropertyUpdatesModel" computerName="VECTOR" duration="00:00:00.3620000" startTime="2018-08-22T05:14:31.0694787-04:00" endTime="2018-08-22T05:14:31.0694874-04:00" testType="13cdc9d9-ddb5-4fa4-a97d-d965ccfc6d4b" outcome="Passed" testListId="8c84fa94-04c1-424b-9868-57a2d4851a1d" relativeResultsDirectory="9983d07f-1546-4a0e-a5fd-b27b5e4d81ae" /><UnitTestResult executionId="5d58290e-cd56-431e-bf0f-5b9a0da9cfd1" testId="1e002bd1-b9a0-4752-8070-d5d4612f4cda" testName="Patch_ValidReferencePropertyUpdatesModel" computerName="VECTOR" duration="00:00:00.9270000" startTime="2018-08-22T05:14:34.0933055-04:00" endTime="2018-08-22T05:14:34.0933119-04:00" testType="13cdc9d9-ddb5-4fa4-a97d-d965ccfc6d4b" outcome="Passed" testListId="8c84fa94-04c1-424b-9868-57a2d4851a1d" relativeResultsDirectory="5d58290e-cd56-431e-bf0f-5b9a0da9cfd1" /><UnitTestResult executionId="4080296d-40b4-4a16-a2c4-e0b8f90ca485" testId="c9a4e6ee-cfff-44be-acba-851717854b47" testName="Post_InvalidReferencePropertyReturnsBadRequest" computerName="VECTOR" duration="00:00:00.0180000" startTime="2018-08-22T05:14:32.0269350-04:00" endTime="2018-08-22T05:14:32.0269413-04:00" testType="13cdc9d9-ddb5-4fa4-a97d-d965ccfc6d4b" outcome="Passed" testListId="8c84fa94-04c1-424b-9868-57a2d4851a1d" relativeResultsDirectory="4080296d-40b4-4a16-a2c4-e0b8f90ca485" /><UnitTestResult executionId="0ba7661d-55e8-442c-bdab-2b6242c93136" testId="ca45b45d-7193-46a9-be13-87097f75c1e5" testName="Patch_InvalidIdPropertyReturnsNotFound" computerName="VECTOR" duration="00:00:00.0180000" startTime="2018-08-22T05:14:23.2779984-04:00" endTime="2018-08-22T05:14:23.2780051-04:00" testType="13cdc9d9-ddb5-4fa4-a97d-d965ccfc6d4b" outcome="Passed" testListId="8c84fa94-04c1-424b-9868-57a2d4851a1d" relativeResultsDirectory="0ba7661d-55e8-442c-bdab-2b6242c93136" /><UnitTestResult executionId="57330fa5-ad8c-4fbf-bc9c-86c335149faf" testId="7eb3a177-ff73-4a79-b238-046feee0fc88" testName="Put_InvalidReferencePropertyReturndBadRequest" computerName="VECTOR" duration="00:00:00.0120000" startTime="2018-08-22T05:14:23.2596160-04:00" endTime="2018-08-22T05:14:23.2596228-04:00" testType="13cdc9d9-ddb5-4fa4-a97d-d965ccfc6d4b" outcome="Passed" testListId="8c84fa94-04c1-424b-9868-57a2d4851a1d" relativeResultsDirectory="57330fa5-ad8c-4fbf-bc9c-86c335149faf" /><UnitTestResult executionId="bd231758-b59e-466d-9f43-3a1e6a0db13b" testId="3735682a-d787-42dc-9c36-f9c12b053270" testName="Post_InvalidReferencePropertyReturnsBadRequest" computerName="VECTOR" duration="00:00:00.3240000" startTime="2018-08-22T05:14:23.6205962-04:00" endTime="2018-08-22T05:14:23.6206025-04:00" testType="13cdc9d9-ddb5-4fa4-a97d-d965ccfc6d4b" outcome="Passed" testListId="8c84fa94-04c1-424b-9868-57a2d4851a1d" relativeResultsDirectory="bd231758-b59e-466d-9f43-3a1e6a0db13b" /><UnitTestResult executionId="b516bcb0-df33-4d58-bf29-4b8b5db1000d" testId="12311ca3-4872-4814-b152-79b0da1cbe2b" testName="Patch_InvalidEnumPropertyValueReturnsBadRequest" computerName="VECTOR" duration="00:00:00.0170000" startTime="2018-08-22T05:14:26.0236573-04:00" endTime="2018-08-22T05:14:26.0236628-04:00" testType="13cdc9d9-ddb5-4fa4-a97d-d965ccfc6d4b" outcome="Passed" testListId="8c84fa94-04c1-424b-9868-57a2d4851a1d" relativeResultsDirectory="b516bcb0-df33-4d58-bf29-4b8b5db1000d" /><UnitTestResult executionId="879ed27d-fe61-4a62-bde0-00266113cb53" testId="9173a373-ee92-4a70-a7cb-c290648b833d" testName="Put_CanUpdateModel" computerName="VECTOR" duration="00:00:00.3650000" startTime="2018-08-22T05:14:24.6520542-04:00" endTime="2018-08-22T05:14:24.6520610-04:00" testType="13cdc9d9-ddb5-4fa4-a97d-d965ccfc6d4b" outcome="Passed" testListId="8c84fa94-04c1-424b-9868-57a2d4851a1d" relativeResultsDirectory="879ed27d-fe61-4a62-bde0-00266113cb53" /><UnitTestResult executionId="f671256d-ae9c-4b76-9f7c-489fb675c2ad" testId="a3715d12-02d7-46a9-a1f7-6320c2ace3c2" testName="Patch_InvalidPropertyNameReturnsBadRequest" computerName="VECTOR" duration="00:00:00.0230000" startTime="2018-08-22T05:14:49.8233997-04:00" endTime="2018-08-22T05:14:49.8234053-04:00" testType="13cdc9d9-ddb5-4fa4-a97d-d965ccfc6d4b" outcome="Passed" testListId="8c84fa94-04c1-424b-9868-57a2d4851a1d" relativeResultsDirectory="f671256d-ae9c-4b76-9f7c-489fb675c2ad" /></Results><TestDefinitions><UnitTest name="Patch_TargetPropertyIsUpdated" storage="d:\modelrelief\modelrelief.test\bin\debug\netcoreapp2.0\modelrelief.test.dll" id="ee644157-ca0f-49f3-8766-fe7592a35d60"><Execution id="6679a3d9-8fe5-433b-8c73-cc440b6b735f" /><TestMethod codeBase="D:\ModelRelief\ModelRelief.test\bin\Debug\netcoreapp2.0\ModelRelief.Test.dll" adapterTypeName="executor://xunit/VsTestRunner2/netcoreapp" className="ModelRelief.Test.Integration.Projects.ProjectsBaseIntegrationTests" name="Patch_TargetPropertyIsUpdated" /></UnitTest><UnitTest name="GetFile_FileCanBeRoundTripped" storage="d:\modelrelief\modelrelief.test\bin\debug\netcoreapp2.0\modelrelief.test.dll" id="d6dde3f3-ba6b-4c96-8fa9-91462f01995c"><Execution id="1be9a7d7-26f3-4323-99e0-b95336c94064" /><TestMethod codeBase="D:\ModelRelief\ModelRelief.test\bin\Debug\netcoreapp2.0\ModelRelief.Test.dll" adapterTypeName="executor://xunit/VsTestRunner2/netcoreapp" className="ModelRelief.Test.Integration.DepthBuffers.DepthBuffersFileIntegrationTests" name="GetFile_FileCanBeRoundTripped" /></UnitTest><UnitTest name="Put_InvalidReferencePropertyReturndBadRequest" storage="d:\modelrelief\modelrelief.test\bin\debug\netcoreapp2.0\modelrelief.test.dll" id="205f1b2f-c249-4631-b7e4-51e6e591bcea"><Execution id="ba2e72c3-adc8-4a73-a42c-1db550a9ab59" /><TestMethod codeBase="D:\ModelRelief\ModelRelief.test\bin\Debug\netcoreapp2.0\ModelRelief.Test.dll" adapterTypeName="executor://xunit/VsTestRunner2/netcoreapp" className="ModelRelief.Test.Integration.Meshes.MeshesBaseIntegrationTests" name="Put_InvalidReferencePropertyReturndBadRequest" /></UnitTest><UnitTest name="GetFile_ExistingFileReturnsSuccess" storage="d:\modelrelief\modelrelief.test\bin\debug\netcoreapp2.0\modelrelief.test.dll" id="976514e9-3190-432f-9d40-4bc5e8bf5cf6"><Execution id="9b4944ed-e9c4-4db7-99e7-0acdfd5a436f" /><TestMethod codeBase="D:\ModelRelief\ModelRelief.test\bin\Debug\netcoreapp2.0\ModelRelief.Test.dll" adapterTypeName="executor://xunit/VsTestRunner2/netcoreapp" className="ModelRelief.Test.Integration.DepthBuffers.DepthBuffersFileIntegrationTests" name="GetFile_ExistingFileReturnsSuccess" /></UnitTest><UnitTest name="GetSingle_InvalidIdPropertyValueReturnsNotFound" storage="d:\modelrelief\modelrelief.test\bin\debug\netcoreapp2.0\modelrelief.test.dll" id="75d78d64-3d10-4ac5-8b0b-a29aea06513c"><Execution id="7d00eb08-3035-4894-9b54-036d11afef29" /><TestMethod codeBase="D:\ModelRelief\ModelRelief.test\bin\Debug\netcoreapp2.0\ModelRelief.Test.dll" adapterTypeName="executor://xunit/VsTestRunner2/netcoreapp" className="ModelRelief.Test.Integration.Cameras.CamerasBaseIntegrationTests" name="GetSingle_InvalidIdPropertyValueReturnsNotFound" /></UnitTest><UnitTest name="Patch_MultipleInvalidReferencePropertiesReturnsMultipleValidationErrorsAndBadRequest" storage="d:\modelrelief\modelrelief.test\bin\debug\netcoreapp2.0\modelrelief.test.dll" id="6d80c18b-04f1-439c-ba17-735433cf14b9"><Execution id="12feda4c-b8a0-4da5-9af9-1929614955a7" /><TestMethod codeBase="D:\ModelRelief\ModelRelief.test\bin\Debug\netcoreapp2.0\ModelRelief.Test.dll" adapterTypeName="executor://xunit/VsTestRunner2/netcoreapp" className="ModelRelief.Test.Integration.DepthBuffers.DepthBuffersBaseIntegrationTests" name="Patch_MultipleInvalidReferencePropertiesReturnsMultipleValidationErrorsAndBadRequest" /></UnitTest><UnitTest name="Post_InvalidPropertyValueReturnsBadRequest" storage="d:\modelrelief\modelrelief.test\bin\debug\netcoreapp2.0\modelrelief.test.dll" id="c51fc852-8974-48ad-8e37-916fa4095d41"><Execution id="90abb7c7-8157-4179-8108-3a8e50d50537" /><TestMethod codeBase="D:\ModelRelief\ModelRelief.test\bin\Debug\netcoreapp2.0\ModelRelief.Test.dll" adapterTypeName="executor://xunit/VsTestRunner2/netcoreapp" className="ModelRelief.Test.Integration.Meshes.MeshesBaseIntegrationTests" name="Post_InvalidPropertyValueReturnsBadRequest" /></UnitTest><UnitTest name="Put_ValidReferencePropertyUpdatesModel" storage="d:\modelrelief\modelrelief.test\bin\debug\netcoreapp2.0\modelrelief.test.dll" id="80e974f6-e1a5-46f3-8ecf-963941014a6e"><Execution id="605020c6-424a-4567-af48-e546e2eedb59" /><TestMethod codeBase="D:\ModelRelief\ModelRelief.test\bin\Debug\netcoreapp2.0\ModelRelief.Test.dll" adapterTypeName="executor://xunit/VsTestRunner2/netcoreapp" className="ModelRelief.Test.Integration.Meshes.MeshesBaseIntegrationTests" name="Put_ValidReferencePropertyUpdatesModel" /></UnitTest><UnitTest name="Patch_ValidReferencePropertyUpdatesModel" storage="d:\modelrelief\modelrelief.test\bin\debug\netcoreapp2.0\modelrelief.test.dll" id="3a15acb9-eb72-49c4-98cc-3a1ddf887d2b"><Execution id="702a037e-9da3-463f-9238-44ad9ed833a6" /><TestMethod codeBase="D:\ModelRelief\ModelRelief.test\bin\Debug\netcoreapp2.0\ModelRelief.Test.dll" adapterTypeName="executor://xunit/VsTestRunner2/netcoreapp" className="ModelRelief.Test.Integration.Cameras.CamerasBaseIntegrationTests" name="Patch_ValidReferencePropertyUpdatesModel" /></UnitTest><UnitTest name="Patch_TargetPropertyIsUpdated" storage="d:\modelrelief\modelrelief.test\bin\debug\netcoreapp2.0\modelrelief.test.dll" id="eb00900c-b159-45e2-874c-717a791cdad0"><Execution id="b20a68d1-57b8-4eb5-a0c2-df517fdbeef5" /><TestMethod codeBase="D:\ModelRelief\ModelRelief.test\bin\Debug\netcoreapp2.0\ModelRelief.Test.dll" adapterTypeName="executor://xunit/VsTestRunner2/netcoreapp" className="ModelRelief.Test.Integration.Meshes.MeshesBaseIntegrationTests" name="Patch_TargetPropertyIsUpdated" /></UnitTest><UnitTest name="Put_InvalidIdReturnsNotFound" storage="d:\modelrelief\modelrelief.test\bin\debug\netcoreapp2.0\modelrelief.test.dll" id="feb8bf69-e0e7-4bcd-90c9-74eea42e55bb"><Execution id="ff9c0079-2053-4f4b-a885-dc2e9dcb73cf" /><TestMethod codeBase="D:\ModelRelief\ModelRelief.test\bin\Debug\netcoreapp2.0\ModelRelief.Test.dll" adapterTypeName="executor://xunit/VsTestRunner2/netcoreapp" className="ModelRelief.Test.Integration.MeshTransforms.MeshTransformsBaseIntegrationTests" name="Put_InvalidIdReturnsNotFound" /></UnitTest><UnitTest name="GetFile_ExistingFileReturnsSuccess" storage="d:\modelrelief\modelrelief.test\bin\debug\netcoreapp2.0\modelrelief.test.dll" id="ddd58e22-659e-4022-970e-1727ba32de35"><Execution id="3ebcbb62-af08-424d-8712-da340a62486d" /><TestMethod codeBase="D:\ModelRelief\ModelRelief.test\bin\Debug\netcoreapp2.0\ModelRelief.Test.dll" adapterTypeName="executor://xunit/VsTestRunner2/netcoreapp" className="ModelRelief.Test.Integration.Models.ModelsFileIntegrationTests" name="GetFile_ExistingFileReturnsSuccess" /></UnitTest><UnitTest name="Post_ValidReferencePropertyCreatesModel" storage="d:\modelrelief\modelrelief.test\bin\debug\netcoreapp2.0\modelrelief.test.dll" id="eb56d3ac-5227-445d-b2c1-baf80d9eb21d"><Execution id="b2a6f55e-1611-463e-8b5b-409417d72e0d" /><TestMethod codeBase="D:\ModelRelief\ModelRelief.test\bin\Debug\netcoreapp2.0\ModelRelief.Test.dll" adapterTypeName="executor://xunit/VsTestRunner2/netcoreapp" className="ModelRelief.Test.Integration.Projects.ProjectsBaseIntegrationTests" name="Post_ValidReferencePropertyCreatesModel" /></UnitTest><UnitTest name="Patch_InvalidReferencePropertyReturnsBadRequest" storage="d:\modelrelief\modelrelief.test\bin\debug\netcoreapp2.0\modelrelief.test.dll" id="bb7c787b-db09-4556-912c-cbb919c56b16"><Execution id="f0dbf577-265a-42e6-bf81-ee3c82ccf9e7" /><TestMethod codeBase="D:\ModelRelief\ModelRelief.test\bin\Debug\netcoreapp2.0\ModelRelief.Test.dll" adapterTypeName="executor://xunit/VsTestRunner2/netcoreapp" className="ModelRelief.Test.Integration.MeshTransforms.MeshTransformsBaseIntegrationTests" name="Patch_InvalidReferencePropertyReturnsBadRequest" /></UnitTest><UnitTest name="Patch_InvalidEnumPropertyValueReturnsBadRequest" storage="d:\modelrelief\modelrelief.test\bin\debug\netcoreapp2.0\modelrelief.test.dll" id="d3cec6a6-3e2e-4304-aba3-685819e46f94"><Execution id="3972c0b4-60a3-4faf-bf3c-48021cc52cc9" /><TestMethod codeBase="D:\ModelRelief\ModelRelief.test\bin\Debug\netcoreapp2.0\ModelRelief.Test.dll" adapterTypeName="executor://xunit/VsTestRunner2/netcoreapp" className="ModelRelief.Test.Integration.Meshes.MeshesBaseIntegrationTests" name="Patch_InvalidEnumPropertyValueReturnsBadRequest" /></UnitTest><UnitTest name="Patch_InvalidEnumPropertyValueReturnsBadRequest" storage="d:\modelrelief\modelrelief.test\bin\debug\netcoreapp2.0\modelrelief.test.dll" id="12311ca3-4872-4814-b152-79b0da1cbe2b"><Execution id="b516bcb0-df33-4d58-bf29-4b8b5db1000d" /><TestMethod codeBase="D:\ModelRelief\ModelRelief.test\bin\Debug\netcoreapp2.0\ModelRelief.Test.dll" adapterTypeName="executor://xunit/VsTestRunner2/netcoreapp" className="ModelRelief.Test.Integration.Models.ModelsBaseIntegrationTests" name="Patch_InvalidEnumPropertyValueReturnsBadRequest" /></UnitTest><UnitTest name="Post_InvalidPropertyValueReturnsBadRequest" storage="d:\modelrelief\modelrelief.test\bin\debug\netcoreapp2.0\modelrelief.test.dll" id="b613d59b-ded6-4a89-a575-2e759568d69c"><Execution id="13ddd9bc-5eff-40b2-bc77-d1d7a5ef5086" /><TestMethod codeBase="D:\ModelRelief\ModelRelief.test\bin\Debug\netcoreapp2.0\ModelRelief.Test.dll" adapterTypeName="executor://xunit/VsTestRunner2/netcoreapp" className="ModelRelief.Test.Integration.MeshTransforms.MeshTransformsBaseIntegrationTests" name="Post_InvalidPropertyValueReturnsBadRequest" /></UnitTest><UnitTest name="Patch_ValidReferencePropertyUpdatesModel" storage="d:\modelrelief\modelrelief.test\bin\debug\netcoreapp2.0\modelrelief.test.dll" id="a1b848cd-1268-466c-964e-0dad3e96940f"><Execution id="921395e1-55ea-4073-8103-51eca6f872ad" /><TestMethod codeBase="D:\ModelRelief\ModelRelief.test\bin\Debug\netcoreapp2.0\ModelRelief.Test.dll" adapterTypeName="executor://xunit/VsTestRunner2/netcoreapp" className="ModelRelief.Test.Integration.Models.ModelsBaseIntegrationTests" name="Patch_ValidReferencePropertyUpdatesModel" /></UnitTest><UnitTest name="MeshTransformHasExpectedDependentFiles" storage="d:\modelrelief\modelrelief.test\bin\debug\netcoreapp2.0\modelrelief.test.dll" id="cbdb866b-d028-4175-8450-adb507e76804"><Execution id="e833c0b8-021c-447a-84af-61939a06e52a" /><TestMethod codeBase="D:\ModelRelief\ModelRelief.test\bin\Debug\netcoreapp2.0\ModelRelief.Test.dll" adapterTypeName="executor://xunit/VsTestRunner2/netcoreapp" className="ModelRelief.Test.Unit.DependencyManager.DependencyManagerTests" name="MeshTransformHasExpectedDependentFiles" /></UnitTest><UnitTest name="GetSingle_ValidIdPropertyValueReturnsCorrectModel" storage="d:\modelrelief\modelrelief.test\bin\debug\netcoreapp2.0\modelrelief.test.dll" id="752f6182-86de-4b16-9b80-bdbfb9a70226"><Execution id="8a9412ca-a6ee-4426-b4b3-414a46534494" /><TestMethod codeBase="D:\ModelRelief\ModelRelief.test\bin\Debug\netcoreapp2.0\ModelRelief.Test.dll" adapterTypeName="executor://xunit/VsTestRunner2/netcoreapp" className="ModelRelief.Test.Integration.MeshTransforms.MeshTransformsBaseIntegrationTests" name="GetSingle_ValidIdPropertyValueReturnsCorrectModel" /></UnitTest><UnitTest name="Post_InvalidReferencePropertyReturnsBadRequest" storage="d:\modelrelief\modelrelief.test\bin\debug\netcoreapp2.0\modelrelief.test.dll" id="1afa959a-5f99-456d-833f-fa4401322363"><Execution id="dc50b5ba-ac2d-4ba3-8c70-0350864e548f" /><TestMethod codeBase="D:\ModelRelief\ModelRelief.test\bin\Debug\netcoreapp2.0\ModelRelief.Test.dll" adapterTypeName="executor://xunit/VsTestRunner2/netcoreapp" className="ModelRelief.Test.Integration.DepthBuffers.DepthBuffersBaseIntegrationTests" name="Post_InvalidReferencePropertyReturnsBadRequest" /></UnitTest><UnitTest name="GetFile_NonExistentFileReturnsNotFound" storage="d:\modelrelief\modelrelief.test\bin\debug\netcoreapp2.0\modelrelief.test.dll" id="f60bbf6b-150b-408b-bbb4-e4163921aaf0"><Execution id="c1394c3e-ad09-4063-95bf-29bafb52c5d7" /><TestMethod codeBase="D:\ModelRelief\ModelRelief.test\bin\Debug\netcoreapp2.0\ModelRelief.Test.dll" adapterTypeName="executor://xunit/VsTestRunner2/netcoreapp" className="ModelRelief.Test.Integration.DepthBuffers.DepthBuffersFileIntegrationTests" name="GetFile_NonExistentFileReturnsNotFound" /></UnitTest><UnitTest name="Put_ValidReferencePropertyUpdatesModel" storage="d:\modelrelief\modelrelief.test\bin\debug\netcoreapp2.0\modelrelief.test.dll" id="2ac30d19-7a25-46cd-afee-1e6a0d596cc7"><Execution id="f44e7b78-98db-45a6-9b21-b7be51167678" /><TestMethod codeBase="D:\ModelRelief\ModelRelief.test\bin\Debug\netcoreapp2.0\ModelRelief.Test.dll" adapterTypeName="executor://xunit/VsTestRunner2/netcoreapp" className="ModelRelief.Test.Integration.Models.ModelsBaseIntegrationTests" name="Put_ValidReferencePropertyUpdatesModel" /></UnitTest><UnitTest name="LucyDepthBufferFindsOneDependent" storage="d:\modelrelief\modelrelief.test\bin\debug\netcoreapp2.0\modelrelief.test.dll" id="bdd92129-ca45-4c96-ac49-2eeb2b15ad7f"><Execution id="96438c43-be95-4e00-b3ff-a2596ff7c3ab" /><TestMethod codeBase="D:\ModelRelief\ModelRelief.test\bin\Debug\netcoreapp2.0\ModelRelief.Test.dll" adapterTypeName="executor://xunit/VsTestRunner2/netcoreapp" className="ModelRelief.Test.Unit.DependencyManager.DependencyManagerTests" name="LucyDepthBufferFindsOneDependent" /></UnitTest><UnitTest name="Put_CanUpdateModel" storage="d:\modelrelief\modelrelief.test\bin\debug\netcoreapp2.0\modelrelief.test.dll" id="8c87ee4e-333b-4492-9231-5d5e122b5706"><Execution id="34a8254e-2cbe-45cc-8817-f630e42416e5" /><TestMethod codeBase="D:\ModelRelief\ModelRelief.test\bin\Debug\netcoreapp2.0\ModelRelief.Test.dll" adapterTypeName="executor://xunit/VsTestRunner2/netcoreapp" className="ModelRelief.Test.Integration.DepthBuffers.DepthBuffersBaseIntegrationTests" name="Put_CanUpdateModel" /></UnitTest><UnitTest name="Patch_InvalidReferencePropertyReturnsBadRequest" storage="d:\modelrelief\modelrelief.test\bin\debug\netcoreapp2.0\modelrelief.test.dll" id="68be60a6-02b7-47ee-9b7f-220602a37047"><Execution id="59edc828-020e-4880-a0a7-cc54baa3debc" /><TestMethod codeBase="D:\ModelRelief\ModelRelief.test\bin\Debug\netcoreapp2.0\ModelRelief.Test.dll" adapterTypeName="executor://xunit/VsTestRunner2/netcoreapp" className="ModelRelief.Test.Integration.Projects.ProjectsBaseIntegrationTests" name="Patch_InvalidReferencePropertyReturnsBadRequest" /></UnitTest><UnitTest name="Delete_TargetModelIsDeleted" storage="d:\modelrelief\modelrelief.test\bin\debug\netcoreapp2.0\modelrelief.test.dll" id="a6f8f6f4-56dc-4129-b35d-a0b4ae582938"><Execution id="89bd1f44-3c9f-483a-bb20-015bd97b9ce3" /><TestMethod codeBase="D:\ModelRelief\ModelRelief.test\bin\Debug\netcoreapp2.0\ModelRelief.Test.dll" adapterTypeName="executor://xunit/VsTestRunner2/netcoreapp" className="ModelRelief.Test.Integration.MeshTransforms.MeshTransformsBaseIntegrationTests" name="Delete_TargetModelIsDeleted" /></UnitTest><UnitTest name="Post_InvalidPropertyValueReturnsBadRequest" storage="d:\modelrelief\modelrelief.test\bin\debug\netcoreapp2.0\modelrelief.test.dll" id="669968c8-407d-4fd4-9b91-1a046ccb050d"><Execution id="90c26ff4-614f-48eb-991b-2d127b0c8b49" /><TestMethod codeBase="D:\ModelRelief\ModelRelief.test\bin\Debug\netcoreapp2.0\ModelRelief.Test.dll" adapterTypeName="executor://xunit/VsTestRunner2/netcoreapp" className="ModelRelief.Test.Integration.Cameras.CamerasBaseIntegrationTests" name="Post_InvalidPropertyValueReturnsBadRequest" /></UnitTest><UnitTest name="Patch_InvalidEnumPropertyValueReturnsBadRequest" storage="d:\modelrelief\modelrelief.test\bin\debug\netcoreapp2.0\modelrelief.test.dll" id="6a88d892-1d5f-474a-b757-e7c46b04663a"><Execution id="5e474ae9-7ccd-47a2-8737-b072eb16b1a2" /><TestMethod codeBase="D:\ModelRelief\ModelRelief.test\bin\Debug\netcoreapp2.0\ModelRelief.Test.dll" adapterTypeName="executor://xunit/VsTestRunner2/netcoreapp" className="ModelRelief.Test.Integration.Projects.ProjectsBaseIntegrationTests" name="Patch_InvalidEnumPropertyValueReturnsBadRequest" /></UnitTest><UnitTest name="PostFile_FileTimeStampIsUpdatedAfterFileIsPosted" storage="d:\modelrelief\modelrelief.test\bin\debug\netcoreapp2.0\modelrelief.test.dll" id="96423112-d8ca-4826-97cf-fad0fa11803b"><Execution id="39c262cf-ad6d-4c30-a539-a1a0e72b50bc" /><TestMethod codeBase="D:\ModelRelief\ModelRelief.test\bin\Debug\netcoreapp2.0\ModelRelief.Test.dll" adapterTypeName="executor://xunit/VsTestRunner2/netcoreapp" className="ModelRelief.Test.Integration.Meshes.MeshesFileIntegrationTests" name="PostFile_FileTimeStampIsUpdatedAfterFileIsPosted" /></UnitTest><UnitTest name="Patch_InvalidPropertyNameReturnsBadRequest" storage="d:\modelrelief\modelrelief.test\bin\debug\netcoreapp2.0\modelrelief.test.dll" id="e4f0e0e8-add5-4397-8795-ae56b64697ec"><Execution id="50807ba7-4e49-416d-9aed-5a2b0d802aa1" /><TestMethod codeBase="D:\ModelRelief\ModelRelief.test\bin\Debug\netcoreapp2.0\ModelRelief.Test.dll" adapterTypeName="executor://xunit/VsTestRunner2/netcoreapp" className="ModelRelief.Test.Integration.Meshes.MeshesBaseIntegrationTests" name="Patch_InvalidPropertyNameReturnsBadRequest" /></UnitTest><UnitTest name="Patch_TargetPropertyIsUpdated" storage="d:\modelrelief\modelrelief.test\bin\debug\netcoreapp2.0\modelrelief.test.dll" id="c2862fff-23d5-4191-a3a9-862ae531d6bc"><Execution id="958f1ac4-ac8c-45ff-9157-ce74fee7686f" /><TestMethod codeBase="D:\ModelRelief\ModelRelief.test\bin\Debug\netcoreapp2.0\ModelRelief.Test.dll" adapterTypeName="executor://xunit/VsTestRunner2/netcoreapp" className="ModelRelief.Test.Integration.Models.ModelsBaseIntegrationTests" name="Patch_TargetPropertyIsUpdated" /></UnitTest><UnitTest name="Put_CanUpdateModel" storage="d:\modelrelief\modelrelief.test\bin\debug\netcoreapp2.0\modelrelief.test.dll" id="9173a373-ee92-4a70-a7cb-c290648b833d"><Execution id="879ed27d-fe61-4a62-bde0-00266113cb53" /><TestMethod codeBase="D:\ModelRelief\ModelRelief.test\bin\Debug\netcoreapp2.0\ModelRelief.Test.dll" adapterTypeName="executor://xunit/VsTestRunner2/netcoreapp" className="ModelRelief.Test.Integration.Models.ModelsBaseIntegrationTests" name="Put_CanUpdateModel" /></UnitTest><UnitTest name="FileRequest_MeshIsInvalidatedAfterDepthBufferFileBecomesUnsynchronized" storage="d:\modelrelief\modelrelief.test\bin\debug\netcoreapp2.0\modelrelief.test.dll" id="c14311eb-4126-4b18-ba12-c34346155c04"><Execution id="94bc0459-a4b3-4c61-bbbf-0db891663878" /><TestMethod codeBase="D:\ModelRelief\ModelRelief.test\bin\Debug\netcoreapp2.0\ModelRelief.Test.dll" adapterTypeName="executor://xunit/VsTestRunner2/netcoreapp" className="ModelRelief.Test.Integration.Meshes.MeshesFileIntegrationTests" name="FileRequest_MeshIsInvalidatedAfterDepthBufferFileBecomesUnsynchronized" /></UnitTest><UnitTest name="PutFile_FileCanBeUpdated" storage="d:\modelrelief\modelrelief.test\bin\debug\netcoreapp2.0\modelrelief.test.dll" id="8c5f0058-71ea-46cc-a800-c217a1fba659"><Execution id="8eacbf91-24ef-4b0e-b150-bbfd53e057d5" /><TestMethod codeBase="D:\ModelRelief\ModelRelief.test\bin\Debug\netcoreapp2.0\ModelRelief.Test.dll" adapterTypeName="executor://xunit/VsTestRunner2/netcoreapp" className="ModelRelief.Test.Integration.Models.ModelsFileIntegrationTests" name="PutFile_FileCanBeUpdated" /></UnitTest><UnitTest name="Patch_InvalidPropertyNameReturnsBadRequest" storage="d:\modelrelief\modelrelief.test\bin\debug\netcoreapp2.0\modelrelief.test.dll" id="4121b7e1-b564-4a1f-9843-24b8bbe5084a"><Execution id="8fa9f113-69d2-4103-9dbc-0d73e9ceed37" /><TestMethod codeBase="D:\ModelRelief\ModelRelief.test\bin\Debug\netcoreapp2.0\ModelRelief.Test.dll" adapterTypeName="executor://xunit/VsTestRunner2/netcoreapp" className="ModelRelief.Test.Integration.Models.ModelsBaseIntegrationTests" name="Patch_InvalidPropertyNameReturnsBadRequest" /></UnitTest><UnitTest name="GetFile_NonExistentFileReturnsNotFound" storage="d:\modelrelief\modelrelief.test\bin\debug\netcoreapp2.0\modelrelief.test.dll" id="8db6db1d-de39-4f30-a297-ee86e7b5eff9"><Execution id="8f2eaef9-bbee-4c22-9d9a-27ba72ec957f" /><TestMethod codeBase="D:\ModelRelief\ModelRelief.test\bin\Debug\netcoreapp2.0\ModelRelief.Test.dll" adapterTypeName="executor://xunit/VsTestRunner2/netcoreapp" className="ModelRelief.Test.Integration.Meshes.MeshesFileIntegrationTests" name="GetFile_NonExistentFileReturnsNotFound" /></UnitTest><UnitTest name="Patch_InvalidIdPropertyReturnsNotFound" storage="d:\modelrelief\modelrelief.test\bin\debug\netcoreapp2.0\modelrelief.test.dll" id="be6c9a97-8f06-4d6c-b09b-09b7016a05fd"><Execution id="1a8bf64a-7504-4036-a0a4-ebe6c0e02092" /><TestMethod codeBase="D:\ModelRelief\ModelRelief.test\bin\Debug\netcoreapp2.0\ModelRelief.Test.dll" adapterTypeName="executor://xunit/VsTestRunner2/netcoreapp" className="ModelRelief.Test.Integration.Cameras.CamerasBaseIntegrationTests" name="Patch_InvalidIdPropertyReturnsNotFound" /></UnitTest><UnitTest name="Post_InvalidPropertyValueReturnsBadRequest" storage="d:\modelrelief\modelrelief.test\bin\debug\netcoreapp2.0\modelrelief.test.dll" id="5f1aaf90-4279-4aec-b6b8-923fc579218b"><Execution id="6f594ff3-d2af-403f-9e0b-ecb532a01b34" /><TestMethod codeBase="D:\ModelRelief\ModelRelief.test\bin\Debug\netcoreapp2.0\ModelRelief.Test.dll" adapterTypeName="executor://xunit/VsTestRunner2/netcoreapp" className="ModelRelief.Test.Integration.Projects.ProjectsBaseIntegrationTests" name="Post_InvalidPropertyValueReturnsBadRequest" /></UnitTest><UnitTest name="Post_InvalidPropertyValueReturnsBadRequest" storage="d:\modelrelief\modelrelief.test\bin\debug\netcoreapp2.0\modelrelief.test.dll" id="d75bf742-17e1-4b5d-b732-b3296393c983"><Execution id="d424207f-39d5-4355-a4a2-7ca3eb243be9" /><TestMethod codeBase="D:\ModelRelief\ModelRelief.test\bin\Debug\netcoreapp2.0\ModelRelief.Test.dll" adapterTypeName="executor://xunit/VsTestRunner2/netcoreapp" className="ModelRelief.Test.Integration.DepthBuffers.DepthBuffersBaseIntegrationTests" name="Post_InvalidPropertyValueReturnsBadRequest" /></UnitTest><UnitTest name="Patch_InvalidEnumPropertyValueReturnsBadRequest" storage="d:\modelrelief\modelrelief.test\bin\debug\netcoreapp2.0\modelrelief.test.dll" id="d4024e51-9924-4d14-9e00-5e06511d82ea"><Execution id="27026b3b-d2de-4ffe-95f1-1b8f88150587" /><TestMethod codeBase="D:\ModelRelief\ModelRelief.test\bin\Debug\netcoreapp2.0\ModelRelief.Test.dll" adapterTypeName="executor://xunit/VsTestRunner2/netcoreapp" className="ModelRelief.Test.Integration.Cameras.CamerasBaseIntegrationTests" name="Patch_InvalidEnumPropertyValueReturnsBadRequest" /></UnitTest><UnitTest name="PostFile_FileIsSynchronizedIsUpdatedAfterFileIsPosted" storage="d:\modelrelief\modelrelief.test\bin\debug\netcoreapp2.0\modelrelief.test.dll" id="285826ba-1b20-448a-bda7-598a7fafadca"><Execution id="443ed318-eea7-43a9-8dac-5fb6d369c50d" /><TestMethod codeBase="D:\ModelRelief\ModelRelief.test\bin\Debug\netcoreapp2.0\ModelRelief.Test.dll" adapterTypeName="executor://xunit/VsTestRunner2/netcoreapp" className="ModelRelief.Test.Integration.Models.ModelsFileIntegrationTests" name="PostFile_FileIsSynchronizedIsUpdatedAfterFileIsPosted" /></UnitTest><UnitTest name="PutFile_NewFileCanBePut" storage="d:\modelrelief\modelrelief.test\bin\debug\netcoreapp2.0\modelrelief.test.dll" id="c10c16ca-6671-4d47-91f8-4396e061315c"><Execution id="a1d6de0d-7f1e-44a9-b7fd-da3f42c4a86f" /><TestMethod codeBase="D:\ModelRelief\ModelRelief.test\bin\Debug\netcoreapp2.0\ModelRelief.Test.dll" adapterTypeName="executor://xunit/VsTestRunner2/netcoreapp" className="ModelRelief.Test.Integration.Models.ModelsFileIntegrationTests" name="PutFile_NewFileCanBePut" /></UnitTest><UnitTest name="Put_InvalidIdReturnsNotFound" storage="d:\modelrelief\modelrelief.test\bin\debug\netcoreapp2.0\modelrelief.test.dll" id="311f43d1-6b74-45e0-9dea-cb56ca518aab"><Execution id="7ccd179e-0c77-496a-b030-59afa235834e" /><TestMethod codeBase="D:\ModelRelief\ModelRelief.test\bin\Debug\netcoreapp2.0\ModelRelief.Test.dll" adapterTypeName="executor://xunit/VsTestRunner2/netcoreapp" className="ModelRelief.Test.Integration.DepthBuffers.DepthBuffersBaseIntegrationTests" name="Put_InvalidIdReturnsNotFound" /></UnitTest><UnitTest name="Put_InvalidIdReturnsNotFound" storage="d:\modelrelief\modelrelief.test\bin\debug\netcoreapp2.0\modelrelief.test.dll" id="c7f3806f-af1a-449b-8031-5707620d06a8"><Execution id="bf13667c-2d1e-4dc0-8d52-0f6de14178c9" /><TestMethod codeBase="D:\ModelRelief\ModelRelief.test\bin\Debug\netcoreapp2.0\ModelRelief.Test.dll" adapterTypeName="executor://xunit/VsTestRunner2/netcoreapp" className="ModelRelief.Test.Integration.Projects.ProjectsBaseIntegrationTests" name="Put_InvalidIdReturnsNotFound" /></UnitTest><UnitTest name="GetList_ListReturnsCorrectCount" storage="d:\modelrelief\modelrelief.test\bin\debug\netcoreapp2.0\modelrelief.test.dll" id="b4d7f38b-f1e3-4f59-8d90-7f31f569e640"><Execution id="80993ea8-dee4-4597-b141-5883c266a320" /><TestMethod codeBase="D:\ModelRelief\ModelRelief.test\bin\Debug\netcoreapp2.0\ModelRelief.Test.dll" adapterTypeName="executor://xunit/VsTestRunner2/netcoreapp" className="ModelRelief.Test.Integration.Meshes.MeshesBaseIntegrationTests" name="GetList_ListReturnsCorrectCount" /></UnitTest><UnitTest name="Patch_MultipleInvalidReferencePropertiesReturnsMultipleValidationErrorsAndBadRequest" storage="d:\modelrelief\modelrelief.test\bin\debug\netcoreapp2.0\modelrelief.test.dll" id="f6196687-b4cd-467e-9cd3-4aaf230c62fc"><Execution id="287c9cdf-b184-428c-8646-325567712b48" /><TestMethod codeBase="D:\ModelRelief\ModelRelief.test\bin\Debug\netcoreapp2.0\ModelRelief.Test.dll" adapterTypeName="executor://xunit/VsTestRunner2/netcoreapp" className="ModelRelief.Test.Integration.Cameras.CamerasBaseIntegrationTests" name="Patch_MultipleInvalidReferencePropertiesReturnsMultipleValidationErrorsAndBadRequest" /></UnitTest><UnitTest name="Patch_InvalidReferencePropertyReturnsBadRequest" storage="d:\modelrelief\modelrelief.test\bin\debug\netcoreapp2.0\modelrelief.test.dll" id="856c45ab-0e03-4047-8929-820ae0d67188"><Execution id="50966277-86f4-47c8-ac20-821dfae1a4ae" /><TestMethod codeBase="D:\ModelRelief\ModelRelief.test\bin\Debug\netcoreapp2.0\ModelRelief.Test.dll" adapterTypeName="executor://xunit/VsTestRunner2/netcoreapp" className="ModelRelief.Test.Integration.DepthBuffers.DepthBuffersBaseIntegrationTests" name="Patch_InvalidReferencePropertyReturnsBadRequest" /></UnitTest><UnitTest name="Post_CanCreateNewModel" storage="d:\modelrelief\modelrelief.test\bin\debug\netcoreapp2.0\modelrelief.test.dll" id="4aa7956d-6446-4063-b037-1438e8531c29"><Execution id="12bb9b5d-cc48-456b-8688-e7894daeba1b" /><TestMethod codeBase="D:\ModelRelief\ModelRelief.test\bin\Debug\netcoreapp2.0\ModelRelief.Test.dll" adapterTypeName="executor://xunit/VsTestRunner2/netcoreapp" className="ModelRelief.Test.Integration.MeshTransforms.MeshTransformsBaseIntegrationTests" name="Post_CanCreateNewModel" /></UnitTest><UnitTest name="Patch_MultipleInvalidReferencePropertiesReturnsMultipleValidationErrorsAndBadRequest" storage="d:\modelrelief\modelrelief.test\bin\debug\netcoreapp2.0\modelrelief.test.dll" id="ecfb2743-c97b-43c4-b5be-43f8138ff4a5"><Execution id="50e3cfd6-27ab-4747-856c-c11dcd337184" /><TestMethod codeBase="D:\ModelRelief\ModelRelief.test\bin\Debug\netcoreapp2.0\ModelRelief.Test.dll" adapterTypeName="executor://xunit/VsTestRunner2/netcoreapp" className="ModelRelief.Test.Integration.Models.ModelsBaseIntegrationTests" name="Patch_MultipleInvalidReferencePropertiesReturnsMultipleValidationErrorsAndBadRequest" /></UnitTest><UnitTest name="Patch_InvalidIdPropertyReturnsNotFound" storage="d:\modelrelief\modelrelief.test\bin\debug\netcoreapp2.0\modelrelief.test.dll" id="4e6e44d3-9ce3-48d5-873f-75a3c50fcf33"><Execution id="b475fb8e-1885-487e-bea7-355cdb6527c9" /><TestMethod codeBase="D:\ModelRelief\ModelRelief.test\bin\Debug\netcoreapp2.0\ModelRelief.Test.dll" adapterTypeName="executor://xunit/VsTestRunner2/netcoreapp" className="ModelRelief.Test.Integration.Meshes.MeshesBaseIntegrationTests" name="Patch_InvalidIdPropertyReturnsNotFound" /></UnitTest><UnitTest name="Put_ValidReferencePropertyUpdatesModel" storage="d:\modelrelief\modelrelief.test\bin\debug\netcoreapp2.0\modelrelief.test.dll" id="e24ee7fe-52a4-4fda-bccf-7058af6083c5"><Execution id="8d90cd4f-6d43-4489-8d5c-2ab92c04c8f9" /><TestMethod codeBase="D:\ModelRelief\ModelRelief.test\bin\Debug\netcoreapp2.0\ModelRelief.Test.dll" adapterTypeName="executor://xunit/VsTestRunner2/netcoreapp" className="ModelRelief.Test.Integration.DepthBuffers.DepthBuffersBaseIntegrationTests" name="Put_ValidReferencePropertyUpdatesModel" /></UnitTest><UnitTest name="PostFile_FileIsSynchronizedIsUpdatedAfterFileIsPosted" storage="d:\modelrelief\modelrelief.test\bin\debug\netcoreapp2.0\modelrelief.test.dll" id="8c397382-1a5a-4da1-8b64-4f9d1d13f272"><Execution id="2e46ee75-2580-4ecd-9a9f-b6385a7b357d" /><TestMethod codeBase="D:\ModelRelief\ModelRelief.test\bin\Debug\netcoreapp2.0\ModelRelief.Test.dll" adapterTypeName="executor://xunit/VsTestRunner2/netcoreapp" className="ModelRelief.Test.Integration.DepthBuffers.DepthBuffersFileIntegrationTests" name="PostFile_FileIsSynchronizedIsUpdatedAfterFileIsPosted" /></UnitTest><UnitTest name="Put_CanUpdateModel" storage="d:\modelrelief\modelrelief.test\bin\debug\netcoreapp2.0\modelrelief.test.dll" id="1970430a-5c11-45aa-80f8-6c5d066e75f2"><Execution id="e4df7573-464b-4b23-b504-8fbb837f2e24" /><TestMethod codeBase="D:\ModelRelief\ModelRelief.test\bin\Debug\netcoreapp2.0\ModelRelief.Test.dll" adapterTypeName="executor://xunit/VsTestRunner2/netcoreapp" className="ModelRelief.Test.Integration.Projects.ProjectsBaseIntegrationTests" name="Put_CanUpdateModel" /></UnitTest><UnitTest name="GetList_ListReturnsCorrectCount" storage="d:\modelrelief\modelrelief.test\bin\debug\netcoreapp2.0\modelrelief.test.dll" id="159077e8-7484-4fb2-8410-863562d00258"><Execution id="1c239edf-dc31-4d58-a095-b6601b258591" /><TestMethod codeBase="D:\ModelRelief\ModelRelief.test\bin\Debug\netcoreapp2.0\ModelRelief.Test.dll" adapterTypeName="executor://xunit/VsTestRunner2/netcoreapp" className="ModelRelief.Test.Integration.Projects.ProjectsBaseIntegrationTests" name="GetList_ListReturnsCorrectCount" /></UnitTest><UnitTest name="Put_InvalidIdReturnsNotFound" storage="d:\modelrelief\modelrelief.test\bin\debug\netcoreapp2.0\modelrelief.test.dll" id="be70fb3b-47fd-492a-974a-8aa941fc0555"><Execution id="c4245fa7-98da-4df9-9449-c1aab6776cb7" /><TestMethod codeBase="D:\ModelRelief\ModelRelief.test\bin\Debug\netcoreapp2.0\ModelRelief.Test.dll" adapterTypeName="executor://xunit/VsTestRunner2/netcoreapp" className="ModelRelief.Test.Integration.Cameras.CamerasBaseIntegrationTests" name="Put_InvalidIdReturnsNotFound" /></UnitTest><UnitTest name="GetSingle_InvalidIdPropertyValueReturnsNotFound" storage="d:\modelrelief\modelrelief.test\bin\debug\netcoreapp2.0\modelrelief.test.dll" id="d707dcc9-d6dd-4548-9418-9ad91dfef1a4"><Execution id="9eeac710-bce4-4262-b547-0cc973d03f49" /><TestMethod codeBase="D:\ModelRelief\ModelRelief.test\bin\Debug\netcoreapp2.0\ModelRelief.Test.dll" adapterTypeName="executor://xunit/VsTestRunner2/netcoreapp" className="ModelRelief.Test.Integration.Meshes.MeshesBaseIntegrationTests" name="GetSingle_InvalidIdPropertyValueReturnsNotFound" /></UnitTest><UnitTest name="Patch_MultipleInvalidReferencePropertiesReturnsMultipleValidationErrorsAndBadRequest" storage="d:\modelrelief\modelrelief.test\bin\debug\netcoreapp2.0\modelrelief.test.dll" id="a1baf129-3797-424d-90b8-ea258a5c40de"><Execution id="357ec0bd-450c-45b5-a279-07a580600e69" /><TestMethod codeBase="D:\ModelRelief\ModelRelief.test\bin\Debug\netcoreapp2.0\ModelRelief.Test.dll" adapterTypeName="executor://xunit/VsTestRunner2/netcoreapp" className="ModelRelief.Test.Integration.Meshes.MeshesBaseIntegrationTests" name="Patch_MultipleInvalidReferencePropertiesReturnsMultipleValidationErrorsAndBadRequest" /></UnitTest><UnitTest name="GetFile_FileCanBeRoundTripped" storage="d:\modelrelief\modelrelief.test\bin\debug\netcoreapp2.0\modelrelief.test.dll" id="c6bdad85-76fa-461d-85be-1c2798eed01a"><Execution id="eed3079d-235d-4db8-8e8b-ae59642470fa" /><TestMethod codeBase="D:\ModelRelief\ModelRelief.test\bin\Debug\netcoreapp2.0\ModelRelief.Test.dll" adapterTypeName="executor://xunit/VsTestRunner2/netcoreapp" className="ModelRelief.Test.Integration.Models.ModelsFileIntegrationTests" name="GetFile_FileCanBeRoundTripped" /></UnitTest><UnitTest name="Patch_InvalidReferencePropertyReturnsBadRequest" storage="d:\modelrelief\modelrelief.test\bin\debug\netcoreapp2.0\modelrelief.test.dll" id="22db511f-e364-44cc-a137-00f390796444"><Execution id="7a71adee-10a6-4182-a0e0-e74150d2254e" /><TestMethod codeBase="D:\ModelRelief\ModelRelief.test\bin\Debug\netcoreapp2.0\ModelRelief.Test.dll" adapterTypeName="executor://xunit/VsTestRunner2/netcoreapp" className="ModelRelief.Test.Integration.Cameras.CamerasBaseIntegrationTests" name="Patch_InvalidReferencePropertyReturnsBadRequest" /></UnitTest><UnitTest name="Post_InvalidReferencePropertyReturnsBadRequest" storage="d:\modelrelief\modelrelief.test\bin\debug\netcoreapp2.0\modelrelief.test.dll" id="a7714a0d-e79b-4163-8294-8351c62824c5"><Execution id="b61945e5-b3cf-4db8-84f6-e9fd10bc3407" /><TestMethod codeBase="D:\ModelRelief\ModelRelief.test\bin\Debug\netcoreapp2.0\ModelRelief.Test.dll" adapterTypeName="executor://xunit/VsTestRunner2/netcoreapp" className="ModelRelief.Test.Integration.Cameras.CamerasBaseIntegrationTests" name="Post_InvalidReferencePropertyReturnsBadRequest" /></UnitTest><UnitTest name="Patch_InvalidIdPropertyReturnsNotFound" storage="d:\modelrelief\modelrelief.test\bin\debug\netcoreapp2.0\modelrelief.test.dll" id="f9044c23-daa2-46e0-95b9-c22a4e75e638"><Execution id="83e7cd82-3f19-4c8a-90ac-093ffd5a9c32" /><TestMethod codeBase="D:\ModelRelief\ModelRelief.test\bin\Debug\netcoreapp2.0\ModelRelief.Test.dll" adapterTypeName="executor://xunit/VsTestRunner2/netcoreapp" className="ModelRelief.Test.Integration.Models.ModelsBaseIntegrationTests" name="Patch_InvalidIdPropertyReturnsNotFound" /></UnitTest><UnitTest name="PostFile_NewFileCanBePosted" storage="d:\modelrelief\modelrelief.test\bin\debug\netcoreapp2.0\modelrelief.test.dll" id="73b94066-ccf1-4e90-8c1e-a97a5ac3dc71"><Execution id="ceeb1711-053e-4ef2-ade8-accd692b2174" /><TestMethod codeBase="D:\ModelRelief\ModelRelief.test\bin\Debug\netcoreapp2.0\ModelRelief.Test.dll" adapterTypeName="executor://xunit/VsTestRunner2/netcoreapp" className="ModelRelief.Test.Integration.DepthBuffers.DepthBuffersFileIntegrationTests" name="PostFile_NewFileCanBePosted" /></UnitTest><UnitTest name="Put_CanUpdateModel" storage="d:\modelrelief\modelrelief.test\bin\debug\netcoreapp2.0\modelrelief.test.dll" id="68e384d2-99bf-4d0c-bd1a-6f316026096d"><Execution id="215da561-f669-4853-ab46-d592919109f1" /><TestMethod codeBase="D:\ModelRelief\ModelRelief.test\bin\Debug\netcoreapp2.0\ModelRelief.Test.dll" adapterTypeName="executor://xunit/VsTestRunner2/netcoreapp" className="ModelRelief.Test.Integration.MeshTransforms.MeshTransformsBaseIntegrationTests" name="Put_CanUpdateModel" /></UnitTest><UnitTest name="Post_CanCreateNewModel" storage="d:\modelrelief\modelrelief.test\bin\debug\netcoreapp2.0\modelrelief.test.dll" id="916586d9-33de-4664-9a22-ac9de47facd5"><Execution id="c4b5a9fb-b84c-4675-9ad9-ccedd5e69a2f" /><TestMethod codeBase="D:\ModelRelief\ModelRelief.test\bin\Debug\netcoreapp2.0\ModelRelief.Test.dll" adapterTypeName="executor://xunit/VsTestRunner2/netcoreapp" className="ModelRelief.Test.Integration.Projects.ProjectsBaseIntegrationTests" name="Post_CanCreateNewModel" /></UnitTest><UnitTest name="FileRequest_FileCanBeReadAfterRename" storage="d:\modelrelief\modelrelief.test\bin\debug\netcoreapp2.0\modelrelief.test.dll" id="39520ec7-0eed-4d89-8a54-c5df9041744d"><Execution id="beb30768-37df-4d28-939b-3512f8b554e0" /><TestMethod codeBase="D:\ModelRelief\ModelRelief.test\bin\Debug\netcoreapp2.0\ModelRelief.Test.dll" adapterTypeName="executor://xunit/VsTestRunner2/netcoreapp" className="ModelRelief.Test.Integration.DepthBuffers.DepthBuffersFileIntegrationTests" name="FileRequest_FileCanBeReadAfterRename" /></UnitTest><UnitTest name="Post_InvalidPropertyValueReturnsBadRequest" storage="d:\modelrelief\modelrelief.test\bin\debug\netcoreapp2.0\modelrelief.test.dll" id="eee2ef54-e1dc-44fc-a306-03f5d647bbab"><Execution id="48fb48ac-7d9c-4990-b3b1-69f1b14511fd" /><TestMethod codeBase="D:\ModelRelief\ModelRelief.test\bin\Debug\netcoreapp2.0\ModelRelief.Test.dll" adapterTypeName="executor://xunit/VsTestRunner2/netcoreapp" className="ModelRelief.Test.Integration.Models.ModelsBaseIntegrationTests" name="Post_InvalidPropertyValueReturnsBadRequest" /></UnitTest><UnitTest name="GetSingle_InvalidIdPropertyValueReturnsNotFound" storage="d:\modelrelief\modelrelief.test\bin\debug\netcoreapp2.0\modelrelief.test.dll" id="47ecaf29-ad4e-4fab-8b2a-2c9da11c9e60"><Execution id="2618bfff-fb44-48a0-937e-30164f45d57f" /><TestMethod codeBase="D:\ModelRelief\ModelRelief.test\bin\Debug\netcoreapp2.0\ModelRelief.Test.dll" adapterTypeName="executor://xunit/VsTestRunner2/netcoreapp" className="ModelRelief.Test.Integration.MeshTransforms.MeshTransformsBaseIntegrationTests" name="GetSingle_InvalidIdPropertyValueReturnsNotFound" /></UnitTest><UnitTest name="GetSingle_ValidIdPropertyValueReturnsCorrectModel" storage="d:\modelrelief\modelrelief.test\bin\debug\netcoreapp2.0\modelrelief.test.dll" id="a59474bf-07f5-444c-ae98-a389e57c05eb"><Execution id="4939196e-447f-4a24-a50d-a83694ea69fa" /><TestMethod codeBase="D:\ModelRelief\ModelRelief.test\bin\Debug\netcoreapp2.0\ModelRelief.Test.dll" adapterTypeName="executor://xunit/VsTestRunner2/netcoreapp" className="ModelRelief.Test.Integration.Cameras.CamerasBaseIntegrationTests" name="GetSingle_ValidIdPropertyValueReturnsCorrectModel" /></UnitTest><UnitTest name="PutFile_NewFileCanBePut" storage="d:\modelrelief\modelrelief.test\bin\debug\netcoreapp2.0\modelrelief.test.dll" id="cd1ad082-b96f-4f0e-884f-e6763d6ecf0c"><Execution id="e2b16ab8-60a4-4384-aa1a-9e1f0765e3d0" /><TestMethod codeBase="D:\ModelRelief\ModelRelief.test\bin\Debug\netcoreapp2.0\ModelRelief.Test.dll" adapterTypeName="executor://xunit/VsTestRunner2/netcoreapp" className="ModelRelief.Test.Integration.DepthBuffers.DepthBuffersFileIntegrationTests" name="PutFile_NewFileCanBePut" /></UnitTest><UnitTest name="Put_InvalidReferencePropertyReturndBadRequest" storage="d:\modelrelief\modelrelief.test\bin\debug\netcoreapp2.0\modelrelief.test.dll" id="e477d6a4-2ed9-4e57-8915-daddcf6aece7"><Execution id="31d14b03-23fc-4152-86a1-dde5f73cd7f9" /><TestMethod codeBase="D:\ModelRelief\ModelRelief.test\bin\Debug\netcoreapp2.0\ModelRelief.Test.dll" adapterTypeName="executor://xunit/VsTestRunner2/netcoreapp" className="ModelRelief.Test.Integration.MeshTransforms.MeshTransformsBaseIntegrationTests" name="Put_InvalidReferencePropertyReturndBadRequest" /></UnitTest><UnitTest name="Patch_InvalidReferencePropertyReturnsBadRequest" storage="d:\modelrelief\modelrelief.test\bin\debug\netcoreapp2.0\modelrelief.test.dll" id="217720bd-e4d7-4833-8daa-36f1f35579b6"><Execution id="91573f92-d951-45b9-b84d-ebeefdb84da9" /><TestMethod codeBase="D:\ModelRelief\ModelRelief.test\bin\Debug\netcoreapp2.0\ModelRelief.Test.dll" adapterTypeName="executor://xunit/VsTestRunner2/netcoreapp" className="ModelRelief.Test.Integration.Meshes.MeshesBaseIntegrationTests" name="Patch_InvalidReferencePropertyReturnsBadRequest" /></UnitTest><UnitTest name="GetSingle_ValidIdPropertyValueReturnsCorrectModel" storage="d:\modelrelief\modelrelief.test\bin\debug\netcoreapp2.0\modelrelief.test.dll" id="53146f21-7442-4f20-afed-057c04f5813a"><Execution id="6c67f2ef-445a-4ee8-9162-76efe2788473" /><TestMethod codeBase="D:\ModelRelief\ModelRelief.test\bin\Debug\netcoreapp2.0\ModelRelief.Test.dll" adapterTypeName="executor://xunit/VsTestRunner2/netcoreapp" className="ModelRelief.Test.Integration.Meshes.MeshesBaseIntegrationTests" name="GetSingle_ValidIdPropertyValueReturnsCorrectModel" /></UnitTest><UnitTest name="Post_ValidReferencePropertyCreatesModel" storage="d:\modelrelief\modelrelief.test\bin\debug\netcoreapp2.0\modelrelief.test.dll" id="4f1ab9ba-dc2e-4f18-b08a-92ac03e05a24"><Execution id="94956a33-8036-454e-9e52-f69c1e1a6e23" /><TestMethod codeBase="D:\ModelRelief\ModelRelief.test\bin\Debug\netcoreapp2.0\ModelRelief.Test.dll" adapterTypeName="executor://xunit/VsTestRunner2/netcoreapp" className="ModelRelief.Test.Integration.Cameras.CamerasBaseIntegrationTests" name="Post_ValidReferencePropertyCreatesModel" /></UnitTest><UnitTest name="Delete_TargetModelIsDeleted" storage="d:\modelrelief\modelrelief.test\bin\debug\netcoreapp2.0\modelrelief.test.dll" id="1ac71f7d-9a72-496e-aa62-c6df11e6a662"><Execution id="818bc96a-c44e-4f50-85f9-630996a4351d" /><TestMethod codeBase="D:\ModelRelief\ModelRelief.test\bin\Debug\netcoreapp2.0\ModelRelief.Test.dll" adapterTypeName="executor://xunit/VsTestRunner2/netcoreapp" className="ModelRelief.Test.Integration.Projects.ProjectsBaseIntegrationTests" name="Delete_TargetModelIsDeleted" /></UnitTest><UnitTest name="Post_ValidReferencePropertyCreatesModel" storage="d:\modelrelief\modelrelief.test\bin\debug\netcoreapp2.0\modelrelief.test.dll" id="5b1f1808-7903-4522-8aea-0410302a6715"><Execution id="cae1daf9-8a7b-4dca-a12d-703386680bb8" /><TestMethod codeBase="D:\ModelRelief\ModelRelief.test\bin\Debug\netcoreapp2.0\ModelRelief.Test.dll" adapterTypeName="executor://xunit/VsTestRunner2/netcoreapp" className="ModelRelief.Test.Integration.Models.ModelsBaseIntegrationTests" name="Post_ValidReferencePropertyCreatesModel" /></UnitTest><UnitTest name="Patch_MultipleInvalidReferencePropertiesReturnsMultipleValidationErrorsAndBadRequest" storage="d:\modelrelief\modelrelief.test\bin\debug\netcoreapp2.0\modelrelief.test.dll" id="b0d8ae25-d6be-45e4-a6ee-5d96b42cdd8a"><Execution id="f882c06d-dbc1-40f8-8535-6c20157c3473" /><TestMethod codeBase="D:\ModelRelief\ModelRelief.test\bin\Debug\netcoreapp2.0\ModelRelief.Test.dll" adapterTypeName="executor://xunit/VsTestRunner2/netcoreapp" className="ModelRelief.Test.Integration.MeshTransforms.MeshTransformsBaseIntegrationTests" name="Patch_MultipleInvalidReferencePropertiesReturnsMultipleValidationErrorsAndBadRequest" /></UnitTest><UnitTest name="Delete_TargetModelIsDeleted" storage="d:\modelrelief\modelrelief.test\bin\debug\netcoreapp2.0\modelrelief.test.dll" id="5e655262-04ca-4ef6-86ad-6cd39dc67459"><Execution id="728c323d-46f8-41fc-bb84-ce17b05f92f6" /><TestMethod codeBase="D:\ModelRelief\ModelRelief.test\bin\Debug\netcoreapp2.0\ModelRelief.Test.dll" adapterTypeName="executor://xunit/VsTestRunner2/netcoreapp" className="ModelRelief.Test.Integration.Cameras.CamerasBaseIntegrationTests" name="Delete_TargetModelIsDeleted" /></UnitTest><UnitTest name="Patch_InvalidPropertyNameReturnsBadRequest" storage="d:\modelrelief\modelrelief.test\bin\debug\netcoreapp2.0\modelrelief.test.dll" id="88d5f397-a04a-4e0e-a623-3df679303b89"><Execution id="c4c49c6a-a0d4-44a9-af26-964454714dbe" /><TestMethod codeBase="D:\ModelRelief\ModelRelief.test\bin\Debug\netcoreapp2.0\ModelRelief.Test.dll" adapterTypeName="executor://xunit/VsTestRunner2/netcoreapp" className="ModelRelief.Test.Integration.MeshTransforms.MeshTransformsBaseIntegrationTests" name="Patch_InvalidPropertyNameReturnsBadRequest" /></UnitTest><UnitTest name="Put_ValidReferencePropertyUpdatesModel" storage="d:\modelrelief\modelrelief.test\bin\debug\netcoreapp2.0\modelrelief.test.dll" id="09575d20-06ed-4cfe-9d9f-dd547787cecd"><Execution id="2c746154-ad23-4b5a-9a5c-a0894978ae10" /><TestMethod codeBase="D:\ModelRelief\ModelRelief.test\bin\Debug\netcoreapp2.0\ModelRelief.Test.dll" adapterTypeName="executor://xunit/VsTestRunner2/netcoreapp" className="ModelRelief.Test.Integration.MeshTransforms.MeshTransformsBaseIntegrationTests" name="Put_ValidReferencePropertyUpdatesModel" /></UnitTest><UnitTest name="Patch_TargetPropertyIsUpdated" storage="d:\modelrelief\modelrelief.test\bin\debug\netcoreapp2.0\modelrelief.test.dll" id="f6bb87e1-34f6-42de-91d4-f422d817d090"><Execution id="5468f275-981f-45ea-ab17-3b659e021513" /><TestMethod codeBase="D:\ModelRelief\ModelRelief.test\bin\Debug\netcoreapp2.0\ModelRelief.Test.dll" adapterTypeName="executor://xunit/VsTestRunner2/netcoreapp" className="ModelRelief.Test.Integration.Cameras.CamerasBaseIntegrationTests" name="Patch_TargetPropertyIsUpdated" /></UnitTest><UnitTest name="GetFile_FileCanBeRoundTripped" storage="d:\modelrelief\modelrelief.test\bin\debug\netcoreapp2.0\modelrelief.test.dll" id="f09d910f-23c3-4d69-ae20-dd868b47db66"><Execution id="4a263975-494b-41d2-bc54-8393c3fe786d" /><TestMethod codeBase="D:\ModelRelief\ModelRelief.test\bin\Debug\netcoreapp2.0\ModelRelief.Test.dll" adapterTypeName="executor://xunit/VsTestRunner2/netcoreapp" className="ModelRelief.Test.Integration.Meshes.MeshesFileIntegrationTests" name="GetFile_FileCanBeRoundTripped" /></UnitTest><UnitTest name="Put_ValidReferencePropertyUpdatesModel" storage="d:\modelrelief\modelrelief.test\bin\debug\netcoreapp2.0\modelrelief.test.dll" id="ce04fd55-33f5-48d3-b45c-7ea994f3fe24"><Execution id="b9febba8-02ef-4fe0-a7ed-35e686cb8d29" /><TestMethod codeBase="D:\ModelRelief\ModelRelief.test\bin\Debug\netcoreapp2.0\ModelRelief.Test.dll" adapterTypeName="executor://xunit/VsTestRunner2/netcoreapp" className="ModelRelief.Test.Integration.Cameras.CamerasBaseIntegrationTests" name="Put_ValidReferencePropertyUpdatesModel" /></UnitTest><UnitTest name="DepthBufferHasExpectedDependentFiles" storage="d:\modelrelief\modelrelief.test\bin\debug\netcoreapp2.0\modelrelief.test.dll" id="f892eaa8-53b6-495f-9a5e-cf886cac7f9e"><Execution id="31bdda33-f5bb-48f5-8d42-5232da561ca5" /><TestMethod codeBase="D:\ModelRelief\ModelRelief.test\bin\Debug\netcoreapp2.0\ModelRelief.Test.dll" adapterTypeName="executor://xunit/VsTestRunner2/netcoreapp" className="ModelRelief.Test.Unit.DependencyManager.DependencyManagerTests" name="DepthBufferHasExpectedDependentFiles" /></UnitTest><UnitTest name="Patch_TargetPropertyIsUpdated" storage="d:\modelrelief\modelrelief.test\bin\debug\netcoreapp2.0\modelrelief.test.dll" id="7ccea0f1-ae64-48f9-83e8-b1c35bcd32fe"><Execution id="0cafadb4-c1db-4392-bef9-eb902734dbc6" /><TestMethod codeBase="D:\ModelRelief\ModelRelief.test\bin\Debug\netcoreapp2.0\ModelRelief.Test.dll" adapterTypeName="executor://xunit/VsTestRunner2/netcoreapp" className="ModelRelief.Test.Integration.MeshTransforms.MeshTransformsBaseIntegrationTests" name="Patch_TargetPropertyIsUpdated" /></UnitTest><UnitTest name="CameraHasExpectedDependentFiles" storage="d:\modelrelief\modelrelief.test\bin\debug\netcoreapp2.0\modelrelief.test.dll" id="f3fc4888-5df6-4821-983e-0decc1b99248"><Execution id="bdb51822-5125-43c4-a373-d896aaac8f36" /><TestMethod codeBase="D:\ModelRelief\ModelRelief.test\bin\Debug\netcoreapp2.0\ModelRelief.Test.dll" adapterTypeName="executor://xunit/VsTestRunner2/netcoreapp" className="ModelRelief.Test.Unit.DependencyManager.DependencyManagerTests" name="CameraHasExpectedDependentFiles" /></UnitTest><UnitTest name="Patch_ValidReferencePropertyUpdatesModel" storage="d:\modelrelief\modelrelief.test\bin\debug\netcoreapp2.0\modelrelief.test.dll" id="469eb200-ac88-4ed8-bc8e-915790afc5ce"><Execution id="2fe91a96-c91e-45c6-9482-574c6dbd7822" /><TestMethod codeBase="D:\ModelRelief\ModelRelief.test\bin\Debug\netcoreapp2.0\ModelRelief.Test.dll" adapterTypeName="executor://xunit/VsTestRunner2/netcoreapp" className="ModelRelief.Test.Integration.DepthBuffers.DepthBuffersBaseIntegrationTests" name="Patch_ValidReferencePropertyUpdatesModel" /></UnitTest><UnitTest name="Post_ValidReferencePropertyCreatesModel" storage="d:\modelrelief\modelrelief.test\bin\debug\netcoreapp2.0\modelrelief.test.dll" id="bf865a3d-a5c8-4efc-8ce3-e9a7ed55677e"><Execution id="53aab6ad-c907-4c40-bfd7-786728583d0c" /><TestMethod codeBase="D:\ModelRelief\ModelRelief.test\bin\Debug\netcoreapp2.0\ModelRelief.Test.dll" adapterTypeName="executor://xunit/VsTestRunner2/netcoreapp" className="ModelRelief.Test.Integration.Meshes.MeshesBaseIntegrationTests" name="Post_ValidReferencePropertyCreatesModel" /></UnitTest><UnitTest name="Post_CanCreateNewModel" storage="d:\modelrelief\modelrelief.test\bin\debug\netcoreapp2.0\modelrelief.test.dll" id="a256959f-e5f5-4795-a38a-f48e4b667ff0"><Execution id="42ace83b-0105-4c18-9ff5-61aabf9c27f9" /><TestMethod codeBase="D:\ModelRelief\ModelRelief.test\bin\Debug\netcoreapp2.0\ModelRelief.Test.dll" adapterTypeName="executor://xunit/VsTestRunner2/netcoreapp" className="ModelRelief.Test.Integration.DepthBuffers.DepthBuffersBaseIntegrationTests" name="Post_CanCreateNewModel" /></UnitTest><UnitTest name="PutFile_FileCanBeUpdated" storage="d:\modelrelief\modelrelief.test\bin\debug\netcoreapp2.0\modelrelief.test.dll" id="bb809e4a-6419-430d-a9e1-456bcc37e07c"><Execution id="40bfb3ec-5a6d-433d-9ed3-6bc1f69909e4" /><TestMethod codeBase="D:\ModelRelief\ModelRelief.test\bin\Debug\netcoreapp2.0\ModelRelief.Test.dll" adapterTypeName="executor://xunit/VsTestRunner2/netcoreapp" className="ModelRelief.Test.Integration.Meshes.MeshesFileIntegrationTests" name="PutFile_FileCanBeUpdated" /></UnitTest><UnitTest name="GetSingle_InvalidIdPropertyValueReturnsNotFound" storage="d:\modelrelief\modelrelief.test\bin\debug\netcoreapp2.0\modelrelief.test.dll" id="d4e1bb74-a312-4c3f-a883-24481f9a5a7a"><Execution id="7d00aa22-10c3-4bfc-864a-23a4a7fc5834" /><TestMethod codeBase="D:\ModelRelief\ModelRelief.test\bin\Debug\netcoreapp2.0\ModelRelief.Test.dll" adapterTypeName="executor://xunit/VsTestRunner2/netcoreapp" className="ModelRelief.Test.Integration.Projects.ProjectsBaseIntegrationTests" name="GetSingle_InvalidIdPropertyValueReturnsNotFound" /></UnitTest><UnitTest name="Post_CanCreateNewModel" storage="d:\modelrelief\modelrelief.test\bin\debug\netcoreapp2.0\modelrelief.test.dll" id="de6632c1-5b62-48f0-b684-6bab88e3cf1f"><Execution id="c01111c5-8e9d-487d-9cac-82b3cc86168b" /><TestMethod codeBase="D:\ModelRelief\ModelRelief.test\bin\Debug\netcoreapp2.0\ModelRelief.Test.dll" adapterTypeName="executor://xunit/VsTestRunner2/netcoreapp" className="ModelRelief.Test.Integration.Cameras.CamerasBaseIntegrationTests" name="Post_CanCreateNewModel" /></UnitTest><UnitTest name="Patch_InvalidReferencePropertyReturnsBadRequest" storage="d:\modelrelief\modelrelief.test\bin\debug\netcoreapp2.0\modelrelief.test.dll" id="93099eae-0322-48df-8d80-ea3d0856b125"><Execution id="02f699cd-4d99-48d5-b3af-a93d653f7acd" /><TestMethod codeBase="D:\ModelRelief\ModelRelief.test\bin\Debug\netcoreapp2.0\ModelRelief.Test.dll" adapterTypeName="executor://xunit/VsTestRunner2/netcoreapp" className="ModelRelief.Test.Integration.Models.ModelsBaseIntegrationTests" name="Patch_InvalidReferencePropertyReturnsBadRequest" /></UnitTest><UnitTest name="PostFile_FileIsSynchronizedIsUpdatedAfterFileIsPosted" storage="d:\modelrelief\modelrelief.test\bin\debug\netcoreapp2.0\modelrelief.test.dll" id="8c89a54a-58bc-4ee1-ab44-91c06da67d4d"><Execution id="aed321a3-23ed-42ba-8bc7-7108708d2551" /><TestMethod codeBase="D:\ModelRelief\ModelRelief.test\bin\Debug\netcoreapp2.0\ModelRelief.Test.dll" adapterTypeName="executor://xunit/VsTestRunner2/netcoreapp" className="ModelRelief.Test.Integration.Meshes.MeshesFileIntegrationTests" name="PostFile_FileIsSynchronizedIsUpdatedAfterFileIsPosted" /></UnitTest><UnitTest name="GetSingle_InvalidIdPropertyValueReturnsNotFound" storage="d:\modelrelief\modelrelief.test\bin\debug\netcoreapp2.0\modelrelief.test.dll" id="629e1217-d3bf-4288-9a4c-8508024f55b7"><Execution id="ffb2c6e1-9fe5-4cbb-aeb5-a9b347515159" /><TestMethod codeBase="D:\ModelRelief\ModelRelief.test\bin\Debug\netcoreapp2.0\ModelRelief.Test.dll" adapterTypeName="executor://xunit/VsTestRunner2/netcoreapp" className="ModelRelief.Test.Integration.DepthBuffers.DepthBuffersBaseIntegrationTests" name="GetSingle_InvalidIdPropertyValueReturnsNotFound" /></UnitTest><UnitTest name="FileRequest_FileCanBeReadAfterRename" storage="d:\modelrelief\modelrelief.test\bin\debug\netcoreapp2.0\modelrelief.test.dll" id="19a59d1e-3b13-42bb-a395-73c30897f60e"><Execution id="92f13ca0-28db-4238-ba63-7907084ad5dc" /><TestMethod codeBase="D:\ModelRelief\ModelRelief.test\bin\Debug\netcoreapp2.0\ModelRelief.Test.dll" adapterTypeName="executor://xunit/VsTestRunner2/netcoreapp" className="ModelRelief.Test.Integration.Models.ModelsFileIntegrationTests" name="FileRequest_FileCanBeReadAfterRename" /></UnitTest><UnitTest name="GetSingle_ValidIdPropertyValueReturnsCorrectModel" storage="d:\modelrelief\modelrelief.test\bin\debug\netcoreapp2.0\modelrelief.test.dll" id="8efe428c-fadb-4fa8-a732-cf1889303795"><Execution id="2cae48a8-4ecb-425b-8a73-5a00335b6c31" /><TestMethod codeBase="D:\ModelRelief\ModelRelief.test\bin\Debug\netcoreapp2.0\ModelRelief.Test.dll" adapterTypeName="executor://xunit/VsTestRunner2/netcoreapp" className="ModelRelief.Test.Integration.Models.ModelsBaseIntegrationTests" name="GetSingle_ValidIdPropertyValueReturnsCorrectModel" /></UnitTest><UnitTest name="Post_InvalidReferencePropertyReturnsBadRequest" storage="d:\modelrelief\modelrelief.test\bin\debug\netcoreapp2.0\modelrelief.test.dll" id="c3d60001-6dd5-4b82-8328-03e007c09f18"><Execution id="7efe5768-9011-41ea-ad60-6d52ef6873e8" /><TestMethod codeBase="D:\ModelRelief\ModelRelief.test\bin\Debug\netcoreapp2.0\ModelRelief.Test.dll" adapterTypeName="executor://xunit/VsTestRunner2/netcoreapp" className="ModelRelief.Test.Integration.Meshes.MeshesBaseIntegrationTests" name="Post_InvalidReferencePropertyReturnsBadRequest" /></UnitTest><UnitTest name="GetList_ListReturnsCorrectCount" storage="d:\modelrelief\modelrelief.test\bin\debug\netcoreapp2.0\modelrelief.test.dll" id="9dfdaa77-83cb-41fc-9def-ce11226e524d"><Execution id="6ea2b759-3ce0-4b7b-95f6-4c7793313d8d" /><TestMethod codeBase="D:\ModelRelief\ModelRelief.test\bin\Debug\netcoreapp2.0\ModelRelief.Test.dll" adapterTypeName="executor://xunit/VsTestRunner2/netcoreapp" className="ModelRelief.Test.Integration.DepthBuffers.DepthBuffersBaseIntegrationTests" name="GetList_ListReturnsCorrectCount" /></UnitTest><UnitTest name="LucyCameraFindsAllDependents" storage="d:\modelrelief\modelrelief.test\bin\debug\netcoreapp2.0\modelrelief.test.dll" id="189ca308-88f2-46e9-ad51-d55de759023c"><Execution id="fdea6024-9821-4e02-8e4c-dceccf5873d0" /><TestMethod codeBase="D:\ModelRelief\ModelRelief.test\bin\Debug\netcoreapp2.0\ModelRelief.Test.dll" adapterTypeName="executor://xunit/VsTestRunner2/netcoreapp" className="ModelRelief.Test.Unit.DependencyManager.DependencyManagerTests" name="LucyCameraFindsAllDependents" /></UnitTest><UnitTest name="FileRequest_MeshGenerateSetsFileIsSynchronized" storage="d:\modelrelief\modelrelief.test\bin\debug\netcoreapp2.0\modelrelief.test.dll" id="c0d1f1cf-6e52-4785-ac6a-06f2148a35a0"><Execution id="ff4bf55a-5ead-4bac-9497-a231923ed5f0" /><TestMethod codeBase="D:\ModelRelief\ModelRelief.test\bin\Debug\netcoreapp2.0\ModelRelief.Test.dll" adapterTypeName="executor://xunit/VsTestRunner2/netcoreapp" className="ModelRelief.Test.Integration.Meshes.MeshesFileIntegrationTests" name="FileRequest_MeshGenerateSetsFileIsSynchronized" /></UnitTest><UnitTest name="Post_InvalidReferencePropertyReturnsBadRequest" storage="d:\modelrelief\modelrelief.test\bin\debug\netcoreapp2.0\modelrelief.test.dll" id="3735682a-d787-42dc-9c36-f9c12b053270"><Execution id="bd231758-b59e-466d-9f43-3a1e6a0db13b" /><TestMethod codeBase="D:\ModelRelief\ModelRelief.test\bin\Debug\netcoreapp2.0\ModelRelief.Test.dll" adapterTypeName="executor://xunit/VsTestRunner2/netcoreapp" className="ModelRelief.Test.Integration.Models.ModelsBaseIntegrationTests" name="Post_InvalidReferencePropertyReturnsBadRequest" /></UnitTest><UnitTest name="PostFile_NewFileCanBePosted" storage="d:\modelrelief\modelrelief.test\bin\debug\netcoreapp2.0\modelrelief.test.dll" id="44d542e4-1573-4c70-87d2-20dbe0749a62"><Execution id="34cd02f4-2971-4f4a-88d4-b6d887c73765" /><TestMethod codeBase="D:\ModelRelief\ModelRelief.test\bin\Debug\netcoreapp2.0\ModelRelief.Test.dll" adapterTypeName="executor://xunit/VsTestRunner2/netcoreapp" className="ModelRelief.Test.Integration.Models.ModelsFileIntegrationTests" name="PostFile_NewFileCanBePosted" /></UnitTest><UnitTest name="Post_CanCreateNewModel" storage="d:\modelrelief\modelrelief.test\bin\debug\netcoreapp2.0\modelrelief.test.dll" id="11c130ec-db12-42d2-a8a0-130d5b8eea2c"><Execution id="2e6abc25-c7ab-4ba6-8e49-cfaa2b848013" /><TestMethod codeBase="D:\ModelRelief\ModelRelief.test\bin\Debug\netcoreapp2.0\ModelRelief.Test.dll" adapterTypeName="executor://xunit/VsTestRunner2/netcoreapp" className="ModelRelief.Test.Integration.Meshes.MeshesBaseIntegrationTests" name="Post_CanCreateNewModel" /></UnitTest><UnitTest name="Delete_TargetModelIsDeleted" storage="d:\modelrelief\modelrelief.test\bin\debug\netcoreapp2.0\modelrelief.test.dll" id="e202fb7e-ff61-47bd-866e-a2f6649c57e0"><Execution id="53631ef0-2fe8-405f-86ba-8b94ee8d01dc" /><TestMethod codeBase="D:\ModelRelief\ModelRelief.test\bin\Debug\netcoreapp2.0\ModelRelief.Test.dll" adapterTypeName="executor://xunit/VsTestRunner2/netcoreapp" className="ModelRelief.Test.Integration.Meshes.MeshesBaseIntegrationTests" name="Delete_TargetModelIsDeleted" /></UnitTest><UnitTest name="GetSingle_ValidIdPropertyValueReturnsCorrectModel" storage="d:\modelrelief\modelrelief.test\bin\debug\netcoreapp2.0\modelrelief.test.dll" id="cfaa0c9d-4339-46b3-aef8-e27044a57586"><Execution id="12c69319-676d-44d0-b413-c11e9c15d8ad" /><TestMethod codeBase="D:\ModelRelief\ModelRelief.test\bin\Debug\netcoreapp2.0\ModelRelief.Test.dll" adapterTypeName="executor://xunit/VsTestRunner2/netcoreapp" className="ModelRelief.Test.Integration.DepthBuffers.DepthBuffersBaseIntegrationTests" name="GetSingle_ValidIdPropertyValueReturnsCorrectModel" /></UnitTest><UnitTest name="Patch_MultipleInvalidReferencePropertiesReturnsMultipleValidationErrorsAndBadRequest" storage="d:\modelrelief\modelrelief.test\bin\debug\netcoreapp2.0\modelrelief.test.dll" id="ce0eab05-6d30-46cb-b75e-618b6204358a"><Execution id="204a2fbc-200c-494a-81a9-01d57c71f04f" /><TestMethod codeBase="D:\ModelRelief\ModelRelief.test\bin\Debug\netcoreapp2.0\ModelRelief.Test.dll" adapterTypeName="executor://xunit/VsTestRunner2/netcoreapp" className="ModelRelief.Test.Integration.Projects.ProjectsBaseIntegrationTests" name="Patch_MultipleInvalidReferencePropertiesReturnsMultipleValidationErrorsAndBadRequest" /></UnitTest><UnitTest name="Put_InvalidReferencePropertyReturndBadRequest" storage="d:\modelrelief\modelrelief.test\bin\debug\netcoreapp2.0\modelrelief.test.dll" id="7eb3a177-ff73-4a79-b238-046feee0fc88"><Execution id="57330fa5-ad8c-4fbf-bc9c-86c335149faf" /><TestMethod codeBase="D:\ModelRelief\ModelRelief.test\bin\Debug\netcoreapp2.0\ModelRelief.Test.dll" adapterTypeName="executor://xunit/VsTestRunner2/netcoreapp" className="ModelRelief.Test.Integration.Projects.ProjectsBaseIntegrationTests" name="Put_InvalidReferencePropertyReturndBadRequest" /></UnitTest><UnitTest name="FileRequest_DepthBufferIsInvalidatedAfterCameraDependencyPropertyChange" storage="d:\modelrelief\modelrelief.test\bin\debug\netcoreapp2.0\modelrelief.test.dll" id="0f78766a-cdc0-48d1-8378-d2db9c77945c"><Execution id="f12875bc-1075-4369-8816-5fa7d364a831" /><TestMethod codeBase="D:\ModelRelief\ModelRelief.test\bin\Debug\netcoreapp2.0\ModelRelief.Test.dll" adapterTypeName="executor://xunit/VsTestRunner2/netcoreapp" className="ModelRelief.Test.Integration.DepthBuffers.DepthBuffersFileIntegrationTests" name="FileRequest_DepthBufferIsInvalidatedAfterCameraDependencyPropertyChange" /></UnitTest><UnitTest name="Put_CanUpdateModel" storage="d:\modelrelief\modelrelief.test\bin\debug\netcoreapp2.0\modelrelief.test.dll" id="a8d97709-5f68-48d3-92cd-484247da3ea8"><Execution id="8c74b8ba-2ad7-42c2-b82e-7b7f3849c1c3" /><TestMethod codeBase="D:\ModelRelief\ModelRelief.test\bin\Debug\netcoreapp2.0\ModelRelief.Test.dll" adapterTypeName="executor://xunit/VsTestRunner2/netcoreapp" className="ModelRelief.Test.Integration.Meshes.MeshesBaseIntegrationTests" name="Put_CanUpdateModel" /></UnitTest><UnitTest name="Delete_TargetModelIsDeleted" storage="d:\modelrelief\modelrelief.test\bin\debug\netcoreapp2.0\modelrelief.test.dll" id="bb7ff9dd-8f94-4fd4-9589-7e482b3025ef"><Execution id="efef5f9e-0f66-4f38-8c81-6e012f97785c" /><TestMethod codeBase="D:\ModelRelief\ModelRelief.test\bin\Debug\netcoreapp2.0\ModelRelief.Test.dll" adapterTypeName="executor://xunit/VsTestRunner2/netcoreapp" className="ModelRelief.Test.Integration.Models.ModelsBaseIntegrationTests" name="Delete_TargetModelIsDeleted" /></UnitTest><UnitTest name="Put_InvalidReferencePropertyReturndBadRequest" storage="d:\modelrelief\modelrelief.test\bin\debug\netcoreapp2.0\modelrelief.test.dll" id="8094fbd6-5186-4f92-9a4a-e00da2180f94"><Execution id="d7c31a3b-25b5-4589-bd90-3c07a05b8578" /><TestMethod codeBase="D:\ModelRelief\ModelRelief.test\bin\Debug\netcoreapp2.0\ModelRelief.Test.dll" adapterTypeName="executor://xunit/VsTestRunner2/netcoreapp" className="ModelRelief.Test.Integration.DepthBuffers.DepthBuffersBaseIntegrationTests" name="Put_InvalidReferencePropertyReturndBadRequest" /></UnitTest><UnitTest name="Patch_InvalidPropertyNameReturnsBadRequest" storage="d:\modelrelief\modelrelief.test\bin\debug\netcoreapp2.0\modelrelief.test.dll" id="1e0f6e09-eed6-4b21-9dd2-9cc77a12c581"><Execution id="a3d6f310-93c0-4e82-8073-ef516b3324bd" /><TestMethod codeBase="D:\ModelRelief\ModelRelief.test\bin\Debug\netcoreapp2.0\ModelRelief.Test.dll" adapterTypeName="executor://xunit/VsTestRunner2/netcoreapp" className="ModelRelief.Test.Integration.Projects.ProjectsBaseIntegrationTests" name="Patch_InvalidPropertyNameReturnsBadRequest" /></UnitTest><UnitTest name="Patch_InvalidEnumPropertyValueReturnsBadRequest" storage="d:\modelrelief\modelrelief.test\bin\debug\netcoreapp2.0\modelrelief.test.dll" id="d6e271b2-b6c1-4f13-857f-9d7878b7eb47"><Execution id="00cfab27-14b3-4131-87cf-b9f7543f354f" /><TestMethod codeBase="D:\ModelRelief\ModelRelief.test\bin\Debug\netcoreapp2.0\ModelRelief.Test.dll" adapterTypeName="executor://xunit/VsTestRunner2/netcoreapp" className="ModelRelief.Test.Integration.MeshTransforms.MeshTransformsBaseIntegrationTests" name="Patch_InvalidEnumPropertyValueReturnsBadRequest" /></UnitTest><UnitTest name="Patch_InvalidIdPropertyReturnsNotFound" storage="d:\modelrelief\modelrelief.test\bin\debug\netcoreapp2.0\modelrelief.test.dll" id="ca45b45d-7193-46a9-be13-87097f75c1e5"><Execution id="0ba7661d-55e8-442c-bdab-2b6242c93136" /><TestMethod codeBase="D:\ModelRelief\ModelRelief.test\bin\Debug\netcoreapp2.0\ModelRelief.Test.dll" adapterTypeName="executor://xunit/VsTestRunner2/netcoreapp" className="ModelRelief.Test.Integration.Projects.ProjectsBaseIntegrationTests" name="Patch_InvalidIdPropertyReturnsNotFound" /></UnitTest><UnitTest name="Patch_TargetPropertyIsUpdated" storage="d:\modelrelief\modelrelief.test\bin\debug\netcoreapp2.0\modelrelief.test.dll" id="0c915823-8269-4aa8-b24d-ba577ce383d2"><Execution id="f79496cd-f435-4c1a-8983-2f20d07ff9d6" /><TestMethod codeBase="D:\ModelRelief\ModelRelief.test\bin\Debug\netcoreapp2.0\ModelRelief.Test.dll" adapterTypeName="executor://xunit/VsTestRunner2/netcoreapp" className="ModelRelief.Test.Integration.DepthBuffers.DepthBuffersBaseIntegrationTests" name="Patch_TargetPropertyIsUpdated" /></UnitTest><UnitTest name="Post_ValidReferencePropertyCreatesModel" storage="d:\modelrelief\modelrelief.test\bin\debug\netcoreapp2.0\modelrelief.test.dll" id="3777bfaf-d6cb-45bc-b5e9-16f9fbd4853c"><Execution id="41253e64-bba7-47af-bedb-ac633d3ef543" /><TestMethod codeBase="D:\ModelRelief\ModelRelief.test\bin\Debug\netcoreapp2.0\ModelRelief.Test.dll" adapterTypeName="executor://xunit/VsTestRunner2/netcoreapp" className="ModelRelief.Test.Integration.DepthBuffers.DepthBuffersBaseIntegrationTests" name="Post_ValidReferencePropertyCreatesModel" /></UnitTest><UnitTest name="Post_CanCreateNewModel" storage="d:\modelrelief\modelrelief.test\bin\debug\netcoreapp2.0\modelrelief.test.dll" id="6439bebd-f391-4378-915c-0886e1b02f12"><Execution id="acc89d70-9d50-451b-959d-064147b1d6c1" /><TestMethod codeBase="D:\ModelRelief\ModelRelief.test\bin\Debug\netcoreapp2.0\ModelRelief.Test.dll" adapterTypeName="executor://xunit/VsTestRunner2/netcoreapp" className="ModelRelief.Test.Integration.Models.ModelsBaseIntegrationTests" name="Post_CanCreateNewModel" /></UnitTest><UnitTest name="Put_CanUpdateModel" storage="d:\modelrelief\modelrelief.test\bin\debug\netcoreapp2.0\modelrelief.test.dll" id="2865949e-bde6-4fc8-b81f-d0a9484b4ddf"><Execution id="fa49471c-4cf6-4b21-8d7b-606f99cfdf0d" /><TestMethod codeBase="D:\ModelRelief\ModelRelief.test\bin\Debug\netcoreapp2.0\ModelRelief.Test.dll" adapterTypeName="executor://xunit/VsTestRunner2/netcoreapp" className="ModelRelief.Test.Integration.Cameras.CamerasBaseIntegrationTests" name="Put_CanUpdateModel" /></UnitTest><UnitTest name="LucyModel3dHasTwoDependents" storage="d:\modelrelief\modelrelief.test\bin\debug\netcoreapp2.0\modelrelief.test.dll" id="221adc1a-eaf9-4632-b1c2-f27d6b6b8cbc"><Execution id="415ea02d-f4e3-4439-8690-e8d118e14d8a" /><TestMethod codeBase="D:\ModelRelief\ModelRelief.test\bin\Debug\netcoreapp2.0\ModelRelief.Test.dll" adapterTypeName="executor://xunit/VsTestRunner2/netcoreapp" className="ModelRelief.Test.Unit.DependencyManager.DependencyManagerTests" name="LucyModel3dHasTwoDependents" /></UnitTest><UnitTest name="FileRequest_FileCanBeReadAfterRename" storage="d:\modelrelief\modelrelief.test\bin\debug\netcoreapp2.0\modelrelief.test.dll" id="759d16e5-170f-4e69-aee3-b9b1acd82614"><Execution id="b5defe04-7d08-4be5-826b-e85b34e05357" /><TestMethod codeBase="D:\ModelRelief\ModelRelief.test\bin\Debug\netcoreapp2.0\ModelRelief.Test.dll" adapterTypeName="executor://xunit/VsTestRunner2/netcoreapp" className="ModelRelief.Test.Integration.Meshes.MeshesFileIntegrationTests" name="FileRequest_FileCanBeReadAfterRename" /></UnitTest><UnitTest name="PutFile_FileCanBeUpdated" storage="d:\modelrelief\modelrelief.test\bin\debug\netcoreapp2.0\modelrelief.test.dll" id="cf433a6b-6a06-4e7b-aa02-ec8398171110"><Execution id="9a7469b9-b954-4af0-b5ba-bda2d594b1df" /><TestMethod codeBase="D:\ModelRelief\ModelRelief.test\bin\Debug\netcoreapp2.0\ModelRelief.Test.dll" adapterTypeName="executor://xunit/VsTestRunner2/netcoreapp" className="ModelRelief.Test.Integration.DepthBuffers.DepthBuffersFileIntegrationTests" name="PutFile_FileCanBeUpdated" /></UnitTest><UnitTest name="Delete_TargetModelIsDeleted" storage="d:\modelrelief\modelrelief.test\bin\debug\netcoreapp2.0\modelrelief.test.dll" id="c817954a-7214-498f-af61-0dc487532f20"><Execution id="c923fae4-b6db-4006-af0e-ac022b46e6b5" /><TestMethod codeBase="D:\ModelRelief\ModelRelief.test\bin\Debug\netcoreapp2.0\ModelRelief.Test.dll" adapterTypeName="executor://xunit/VsTestRunner2/netcoreapp" className="ModelRelief.Test.Integration.DepthBuffers.DepthBuffersBaseIntegrationTests" name="Delete_TargetModelIsDeleted" /></UnitTest><UnitTest name="Patch_InvalidPropertyNameReturnsBadRequest" storage="d:\modelrelief\modelrelief.test\bin\debug\netcoreapp2.0\modelrelief.test.dll" id="a3715d12-02d7-46a9-a1f7-6320c2ace3c2"><Execution id="f671256d-ae9c-4b76-9f7c-489fb675c2ad" /><TestMethod codeBase="D:\ModelRelief\ModelRelief.test\bin\Debug\netcoreapp2.0\ModelRelief.Test.dll" adapterTypeName="executor://xunit/VsTestRunner2/netcoreapp" className="ModelRelief.Test.Integration.DepthBuffers.DepthBuffersBaseIntegrationTests" name="Patch_InvalidPropertyNameReturnsBadRequest" /></UnitTest><UnitTest name="GetList_ListReturnsCorrectCount" storage="d:\modelrelief\modelrelief.test\bin\debug\netcoreapp2.0\modelrelief.test.dll" id="0cf1ff1f-c45b-4e26-b2f3-3370734ff6b6"><Execution id="0bbfd4ca-edd1-4888-8b0b-9bef2604fc4f" /><TestMethod codeBase="D:\ModelRelief\ModelRelief.test\bin\Debug\netcoreapp2.0\ModelRelief.Test.dll" adapterTypeName="executor://xunit/VsTestRunner2/netcoreapp" className="ModelRelief.Test.Integration.Cameras.CamerasBaseIntegrationTests" name="GetList_ListReturnsCorrectCount" /></UnitTest><UnitTest name="Put_InvalidIdReturnsNotFound" storage="d:\modelrelief\modelrelief.test\bin\debug\netcoreapp2.0\modelrelief.test.dll" id="feedbd3a-2ce2-47a3-bb6a-d0f5d2ba169a"><Execution id="f27a5951-b98f-4b43-a82c-617802396751" /><TestMethod codeBase="D:\ModelRelief\ModelRelief.test\bin\Debug\netcoreapp2.0\ModelRelief.Test.dll" adapterTypeName="executor://xunit/VsTestRunner2/netcoreapp" className="ModelRelief.Test.Integration.Meshes.MeshesBaseIntegrationTests" name="Put_InvalidIdReturnsNotFound" /></UnitTest><UnitTest name="GetSingle_InvalidIdPropertyValueReturnsNotFound" storage="d:\modelrelief\modelrelief.test\bin\debug\netcoreapp2.0\modelrelief.test.dll" id="c821cc8e-7eb2-4659-9399-3bcf1402e5b5"><Execution id="2ec074a8-4bfb-4b6b-9924-427e339077b5" /><TestMethod codeBase="D:\ModelRelief\ModelRelief.test\bin\Debug\netcoreapp2.0\ModelRelief.Test.dll" adapterTypeName="executor://xunit/VsTestRunner2/netcoreapp" className="ModelRelief.Test.Integration.Models.ModelsBaseIntegrationTests" name="GetSingle_InvalidIdPropertyValueReturnsNotFound" /></UnitTest><UnitTest name="Patch_ValidReferencePropertyUpdatesModel" storage="d:\modelrelief\modelrelief.test\bin\debug\netcoreapp2.0\modelrelief.test.dll" id="6d6230b1-b50f-4a2f-84e0-538ad9af147e"><Execution id="9983d07f-1546-4a0e-a5fd-b27b5e4d81ae" /><TestMethod codeBase="D:\ModelRelief\ModelRelief.test\bin\Debug\netcoreapp2.0\ModelRelief.Test.dll" adapterTypeName="executor://xunit/VsTestRunner2/netcoreapp" className="ModelRelief.Test.Integration.MeshTransforms.MeshTransformsBaseIntegrationTests" name="Patch_ValidReferencePropertyUpdatesModel" /></UnitTest><UnitTest name="Put_InvalidReferencePropertyReturndBadRequest" storage="d:\modelrelief\modelrelief.test\bin\debug\netcoreapp2.0\modelrelief.test.dll" id="527cb719-5d55-45dc-bbab-1abd14d43e7a"><Execution id="f10207b0-cea2-40b8-9155-25d6f0aa218c" /><TestMethod codeBase="D:\ModelRelief\ModelRelief.test\bin\Debug\netcoreapp2.0\ModelRelief.Test.dll" adapterTypeName="executor://xunit/VsTestRunner2/netcoreapp" className="ModelRelief.Test.Integration.Models.ModelsBaseIntegrationTests" name="Put_InvalidReferencePropertyReturndBadRequest" /></UnitTest><UnitTest name="Patch_InvalidIdPropertyReturnsNotFound" storage="d:\modelrelief\modelrelief.test\bin\debug\netcoreapp2.0\modelrelief.test.dll" id="7d98cdef-025d-4e66-9377-7218744470cd"><Execution id="20846556-f98c-445e-b35d-a23b8fab928e" /><TestMethod codeBase="D:\ModelRelief\ModelRelief.test\bin\Debug\netcoreapp2.0\ModelRelief.Test.dll" adapterTypeName="executor://xunit/VsTestRunner2/netcoreapp" className="ModelRelief.Test.Integration.DepthBuffers.DepthBuffersBaseIntegrationTests" name="Patch_InvalidIdPropertyReturnsNotFound" /></UnitTest><UnitTest name="Post_InvalidReferencePropertyReturnsBadRequest" storage="d:\modelrelief\modelrelief.test\bin\debug\netcoreapp2.0\modelrelief.test.dll" id="0ff6b6b1-85e8-4470-8197-eff204a01dd1"><Execution id="e69bed1f-e6bf-4242-ad55-63ce839ef40f" /><TestMethod codeBase="D:\ModelRelief\ModelRelief.test\bin\Debug\netcoreapp2.0\ModelRelief.Test.dll" adapterTypeName="executor://xunit/VsTestRunner2/netcoreapp" className="ModelRelief.Test.Integration.Projects.ProjectsBaseIntegrationTests" name="Post_InvalidReferencePropertyReturnsBadRequest" /></UnitTest><UnitTest name="PostFile_FileTimeStampIsUpdatedAfterFileIsPosted" storage="d:\modelrelief\modelrelief.test\bin\debug\netcoreapp2.0\modelrelief.test.dll" id="49f17a36-e4d8-44d5-8742-2b9351591faa"><Execution id="e80ea8e7-8252-49e1-9da7-8b16411d323d" /><TestMethod codeBase="D:\ModelRelief\ModelRelief.test\bin\Debug\netcoreapp2.0\ModelRelief.Test.dll" adapterTypeName="executor://xunit/VsTestRunner2/netcoreapp" className="ModelRelief.Test.Integration.DepthBuffers.DepthBuffersFileIntegrationTests" name="PostFile_FileTimeStampIsUpdatedAfterFileIsPosted" /></UnitTest><UnitTest name="Post_InvalidReferencePropertyReturnsBadRequest" storage="d:\modelrelief\modelrelief.test\bin\debug\netcoreapp2.0\modelrelief.test.dll" id="c9a4e6ee-cfff-44be-acba-851717854b47"><Execution id="4080296d-40b4-4a16-a2c4-e0b8f90ca485" /><TestMethod codeBase="D:\ModelRelief\ModelRelief.test\bin\Debug\netcoreapp2.0\ModelRelief.Test.dll" adapterTypeName="executor://xunit/VsTestRunner2/netcoreapp" className="ModelRelief.Test.Integration.MeshTransforms.MeshTransformsBaseIntegrationTests" name="Post_InvalidReferencePropertyReturnsBadRequest" /></UnitTest><UnitTest name="Patch_InvalidIdPropertyReturnsNotFound" storage="d:\modelrelief\modelrelief.test\bin\debug\netcoreapp2.0\modelrelief.test.dll" id="f71dfcef-3de0-4b69-9497-1a31aa3a52ae"><Execution id="abf290d8-7ca8-4200-b9db-9ce188039588" /><TestMethod codeBase="D:\ModelRelief\ModelRelief.test\bin\Debug\netcoreapp2.0\ModelRelief.Test.dll" adapterTypeName="executor://xunit/VsTestRunner2/netcoreapp" className="ModelRelief.Test.Integration.MeshTransforms.MeshTransformsBaseIntegrationTests" name="Patch_InvalidIdPropertyReturnsNotFound" /></UnitTest><UnitTest name="Patch_InvalidPropertyNameReturnsBadRequest" storage="d:\modelrelief\modelrelief.test\bin\debug\netcoreapp2.0\modelrelief.test.dll" id="bfe52e4d-a733-4cb1-89ed-25334ce6e966"><Execution id="82d8e317-6be6-46d3-8635-1f96e1953d63" /><TestMethod codeBase="D:\ModelRelief\ModelRelief.test\bin\Debug\netcoreapp2.0\ModelRelief.Test.dll" adapterTypeName="executor://xunit/VsTestRunner2/netcoreapp" className="ModelRelief.Test.Integration.Cameras.CamerasBaseIntegrationTests" name="Patch_InvalidPropertyNameReturnsBadRequest" /></UnitTest><UnitTest name="Patch_ValidReferencePropertyUpdatesModel" storage="d:\modelrelief\modelrelief.test\bin\debug\netcoreapp2.0\modelrelief.test.dll" id="8cd7f32f-1ca1-4f17-982a-bb15904c7baf"><Execution id="2963092c-c6b9-46dc-a915-4f94cf0ac3be" /><TestMethod codeBase="D:\ModelRelief\ModelRelief.test\bin\Debug\netcoreapp2.0\ModelRelief.Test.dll" adapterTypeName="executor://xunit/VsTestRunner2/netcoreapp" className="ModelRelief.Test.Integration.Projects.ProjectsBaseIntegrationTests" name="Patch_ValidReferencePropertyUpdatesModel" /></UnitTest><UnitTest name="GetFile_NonExistentFileReturnsNotFound" storage="d:\modelrelief\modelrelief.test\bin\debug\netcoreapp2.0\modelrelief.test.dll" id="d278510e-5264-4ffa-97aa-a62dd08ec0c6"><Execution id="719b2b3d-2501-40b6-9ebb-0131c14f4f10" /><TestMethod codeBase="D:\ModelRelief\ModelRelief.test\bin\Debug\netcoreapp2.0\ModelRelief.Test.dll" adapterTypeName="executor://xunit/VsTestRunner2/netcoreapp" className="ModelRelief.Test.Integration.Models.ModelsFileIntegrationTests" name="GetFile_NonExistentFileReturnsNotFound" /></UnitTest><UnitTest name="Put_InvalidIdReturnsNotFound" storage="d:\modelrelief\modelrelief.test\bin\debug\netcoreapp2.0\modelrelief.test.dll" id="d5042508-13da-42c8-b001-aaeeb268f12c"><Execution id="c5e28597-1909-4a42-bb85-e9b484900d46" /><TestMethod codeBase="D:\ModelRelief\ModelRelief.test\bin\Debug\netcoreapp2.0\ModelRelief.Test.dll" adapterTypeName="executor://xunit/VsTestRunner2/netcoreapp" className="ModelRelief.Test.Integration.Models.ModelsBaseIntegrationTests" name="Put_InvalidIdReturnsNotFound" /></UnitTest><UnitTest name="Put_InvalidReferencePropertyReturndBadRequest" storage="d:\modelrelief\modelrelief.test\bin\debug\netcoreapp2.0\modelrelief.test.dll" id="5b7526d7-2cd5-47b7-896a-93d36a95eeb1"><Execution id="a305ea62-ae1e-4e5e-ae34-3ed11c6c1047" /><TestMethod codeBase="D:\ModelRelief\ModelRelief.test\bin\Debug\netcoreapp2.0\ModelRelief.Test.dll" adapterTypeName="executor://xunit/VsTestRunner2/netcoreapp" className="ModelRelief.Test.Integration.Cameras.CamerasBaseIntegrationTests" name="Put_InvalidReferencePropertyReturndBadRequest" /></UnitTest><UnitTest name="GetSingle_ValidIdPropertyValueReturnsCorrectModel" storage="d:\modelrelief\modelrelief.test\bin\debug\netcoreapp2.0\modelrelief.test.dll" id="61f4d2d3-9964-456b-8a5b-fdc515a7e903"><Execution id="fe6b5101-3085-4f6c-a394-6dbe2bc15cc8" /><TestMethod codeBase="D:\ModelRelief\ModelRelief.test\bin\Debug\netcoreapp2.0\ModelRelief.Test.dll" adapterTypeName="executor://xunit/VsTestRunner2/netcoreapp" className="ModelRelief.Test.Integration.Projects.ProjectsBaseIntegrationTests" name="GetSingle_ValidIdPropertyValueReturnsCorrectModel" /></UnitTest><UnitTest name="PostFile_FileTimeStampIsUpdatedAfterFileIsPosted" storage="d:\modelrelief\modelrelief.test\bin\debug\netcoreapp2.0\modelrelief.test.dll" id="0c95fa42-bf65-4124-8c37-b9cf098d36ef"><Execution id="be605e28-1017-48c6-85b7-0ef633f40986" /><TestMethod codeBase="D:\ModelRelief\ModelRelief.test\bin\Debug\netcoreapp2.0\ModelRelief.Test.dll" adapterTypeName="executor://xunit/VsTestRunner2/netcoreapp" className="ModelRelief.Test.Integration.Models.ModelsFileIntegrationTests" name="PostFile_FileTimeStampIsUpdatedAfterFileIsPosted" /></UnitTest><UnitTest name="GetList_ListReturnsCorrectCount" storage="d:\modelrelief\modelrelief.test\bin\debug\netcoreapp2.0\modelrelief.test.dll" id="bf0f08a3-0f93-492e-92db-f800f47ae910"><Execution id="e32a6f44-2752-42c0-a363-550afd1d0191" /><TestMethod codeBase="D:\ModelRelief\ModelRelief.test\bin\Debug\netcoreapp2.0\ModelRelief.Test.dll" adapterTypeName="executor://xunit/VsTestRunner2/netcoreapp" className="ModelRelief.Test.Integration.Models.ModelsBaseIntegrationTests" name="GetList_ListReturnsCorrectCount" /></UnitTest><UnitTest name="Put_ValidReferencePropertyUpdatesModel" storage="d:\modelrelief\modelrelief.test\bin\debug\netcoreapp2.0\modelrelief.test.dll" id="1d0d1466-1ad8-41ba-8d31-9f99cefd78b5"><Execution id="978a6739-0020-4b34-88bc-383d2eb8bc9e" /><TestMethod codeBase="D:\ModelRelief\ModelRelief.test\bin\Debug\netcoreapp2.0\ModelRelief.Test.dll" adapterTypeName="executor://xunit/VsTestRunner2/netcoreapp" className="ModelRelief.Test.Integration.Projects.ProjectsBaseIntegrationTests" name="Put_ValidReferencePropertyUpdatesModel" /></UnitTest><UnitTest name="PutFile_NewFileCanBePut" storage="d:\modelrelief\modelrelief.test\bin\debug\netcoreapp2.0\modelrelief.test.dll" id="34969c11-2418-4f35-8789-02844ddddfcb"><Execution id="732aa8e9-57c7-40e7-96cd-c3c2eca91cfb" /><TestMethod codeBase="D:\ModelRelief\ModelRelief.test\bin\Debug\netcoreapp2.0\ModelRelief.Test.dll" adapterTypeName="executor://xunit/VsTestRunner2/netcoreapp" className="ModelRelief.Test.Integration.Meshes.MeshesFileIntegrationTests" name="PutFile_NewFileCanBePut" /></UnitTest><UnitTest name="PostFile_NewFileCanBePosted" storage="d:\modelrelief\modelrelief.test\bin\debug\netcoreapp2.0\modelrelief.test.dll" id="38d7802b-fd02-4831-8da8-ac1bda8c9308"><Execution id="d8465239-85e1-4cf2-8efa-9a2ab6c90429" /><TestMethod codeBase="D:\ModelRelief\ModelRelief.test\bin\Debug\netcoreapp2.0\ModelRelief.Test.dll" adapterTypeName="executor://xunit/VsTestRunner2/netcoreapp" className="ModelRelief.Test.Integration.Meshes.MeshesFileIntegrationTests" name="PostFile_NewFileCanBePosted" /></UnitTest><UnitTest name="GetList_ListReturnsCorrectCount" storage="d:\modelrelief\modelrelief.test\bin\debug\netcoreapp2.0\modelrelief.test.dll" id="f1c7c2dc-72dc-45f3-b7ef-3e050401195d"><Execution id="3c13bb7a-7978-4d97-8a9e-905f95ed8d0f" /><TestMethod codeBase="D:\ModelRelief\ModelRelief.test\bin\Debug\netcoreapp2.0\ModelRelief.Test.dll" adapterTypeName="executor://xunit/VsTestRunner2/netcoreapp" className="ModelRelief.Test.Integration.MeshTransforms.MeshTransformsBaseIntegrationTests" name="GetList_ListReturnsCorrectCount" /></UnitTest><UnitTest name="Model3dHasExpectedDependentFiles" storage="d:\modelrelief\modelrelief.test\bin\debug\netcoreapp2.0\modelrelief.test.dll" id="55ff11ee-d3ca-454f-bd03-e75b09b2f316"><Execution id="5daf78f7-2116-44ec-96f4-e8b2686ba640" /><TestMethod codeBase="D:\ModelRelief\ModelRelief.test\bin\Debug\netcoreapp2.0\ModelRelief.Test.dll" adapterTypeName="executor://xunit/VsTestRunner2/netcoreapp" className="ModelRelief.Test.Unit.DependencyManager.DependencyManagerTests" name="Model3dHasExpectedDependentFiles" /></UnitTest><UnitTest name="Patch_InvalidEnumPropertyValueReturnsBadRequest" storage="d:\modelrelief\modelrelief.test\bin\debug\netcoreapp2.0\modelrelief.test.dll" id="1b7438df-9d37-4cac-950b-121921ca4ef0"><Execution id="7355730a-65c8-43c9-a69e-1b94238c4d6e" /><TestMethod codeBase="D:\ModelRelief\ModelRelief.test\bin\Debug\netcoreapp2.0\ModelRelief.Test.dll" adapterTypeName="executor://xunit/VsTestRunner2/netcoreapp" className="ModelRelief.Test.Integration.DepthBuffers.DepthBuffersBaseIntegrationTests" name="Patch_InvalidEnumPropertyValueReturnsBadRequest" /></UnitTest><UnitTest name="Patch_ValidReferencePropertyUpdatesModel" storage="d:\modelrelief\modelrelief.test\bin\debug\netcoreapp2.0\modelrelief.test.dll" id="1e002bd1-b9a0-4752-8070-d5d4612f4cda"><Execution id="5d58290e-cd56-431e-bf0f-5b9a0da9cfd1" /><TestMethod codeBase="D:\ModelRelief\ModelRelief.test\bin\Debug\netcoreapp2.0\ModelRelief.Test.dll" adapterTypeName="executor://xunit/VsTestRunner2/netcoreapp" className="ModelRelief.Test.Integration.Meshes.MeshesBaseIntegrationTests" name="Patch_ValidReferencePropertyUpdatesModel" /></UnitTest><UnitTest name="Post_ValidReferencePropertyCreatesModel" storage="d:\modelrelief\modelrelief.test\bin\debug\netcoreapp2.0\modelrelief.test.dll" id="12e398ad-47d5-44c1-94c9-1e5eb5154d08"><Execution id="25a5b76d-8c17-418f-b8e4-583938f8f11b" /><TestMethod codeBase="D:\ModelRelief\ModelRelief.test\bin\Debug\netcoreapp2.0\ModelRelief.Test.dll" adapterTypeName="executor://xunit/VsTestRunner2/netcoreapp" className="ModelRelief.Test.Integration.MeshTransforms.MeshTransformsBaseIntegrationTests" name="Post_ValidReferencePropertyCreatesModel" /></UnitTest><UnitTest name="GetFile_ExistingFileReturnsSuccess" storage="d:\modelrelief\modelrelief.test\bin\debug\netcoreapp2.0\modelrelief.test.dll" id="be641e20-41c7-4902-849e-9782a7f082a7"><Execution id="6d67fea7-7a91-4a9e-ab5c-c02f02a0e417" /><TestMethod codeBase="D:\ModelRelief\ModelRelief.test\bin\Debug\netcoreapp2.0\ModelRelief.Test.dll" adapterTypeName="executor://xunit/VsTestRunner2/netcoreapp" className="ModelRelief.Test.Integration.Meshes.MeshesFileIntegrationTests" name="GetFile_ExistingFileReturnsSuccess" /></UnitTest></TestDefinitions><TestEntries><TestEntry testId="2ac30d19-7a25-46cd-afee-1e6a0d596cc7" executionId="f44e7b78-98db-45a6-9b21-b7be51167678" testListId="8c84fa94-04c1-424b-9868-57a2d4851a1d" /><TestEntry testId="cbdb866b-d028-4175-8450-adb507e76804" executionId="e833c0b8-021c-447a-84af-61939a06e52a" testListId="8c84fa94-04c1-424b-9868-57a2d4851a1d" /><TestEntry testId="d3cec6a6-3e2e-4304-aba3-685819e46f94" executionId="3972c0b4-60a3-4faf-bf3c-48021cc52cc9" testListId="8c84fa94-04c1-424b-9868-57a2d4851a1d" /><TestEntry testId="c14311eb-4126-4b18-ba12-c34346155c04" executionId="94bc0459-a4b3-4c61-bbbf-0db891663878" testListId="8c84fa94-04c1-424b-9868-57a2d4851a1d" /><TestEntry testId="4f1ab9ba-dc2e-4f18-b08a-92ac03e05a24" executionId="94956a33-8036-454e-9e52-f69c1e1a6e23" testListId="8c84fa94-04c1-424b-9868-57a2d4851a1d" /><TestEntry testId="1e0f6e09-eed6-4b21-9dd2-9cc77a12c581" executionId="a3d6f310-93c0-4e82-8073-ef516b3324bd" testListId="8c84fa94-04c1-424b-9868-57a2d4851a1d" /><TestEntry testId="f60bbf6b-150b-408b-bbb4-e4163921aaf0" executionId="c1394c3e-ad09-4063-95bf-29bafb52c5d7" testListId="8c84fa94-04c1-424b-9868-57a2d4851a1d" /><TestEntry testId="c821cc8e-7eb2-4659-9399-3bcf1402e5b5" executionId="2ec074a8-4bfb-4b6b-9924-427e339077b5" testListId="8c84fa94-04c1-424b-9868-57a2d4851a1d" /><TestEntry testId="1ac71f7d-9a72-496e-aa62-c6df11e6a662" executionId="818bc96a-c44e-4f50-85f9-630996a4351d" testListId="8c84fa94-04c1-424b-9868-57a2d4851a1d" /><TestEntry testId="22db511f-e364-44cc-a137-00f390796444" executionId="7a71adee-10a6-4182-a0e0-e74150d2254e" testListId="8c84fa94-04c1-424b-9868-57a2d4851a1d" /><TestEntry testId="8c87ee4e-333b-4492-9231-5d5e122b5706" executionId="34a8254e-2cbe-45cc-8817-f630e42416e5" testListId="8c84fa94-04c1-424b-9868-57a2d4851a1d" /><TestEntry testId="7ccea0f1-ae64-48f9-83e8-b1c35bcd32fe" executionId="0cafadb4-c1db-4392-bef9-eb902734dbc6" testListId="8c84fa94-04c1-424b-9868-57a2d4851a1d" /><TestEntry testId="ee644157-ca0f-49f3-8766-fe7592a35d60" executionId="6679a3d9-8fe5-433b-8c73-cc440b6b735f" testListId="8c84fa94-04c1-424b-9868-57a2d4851a1d" /><TestEntry testId="d278510e-5264-4ffa-97aa-a62dd08ec0c6" executionId="719b2b3d-2501-40b6-9ebb-0131c14f4f10" testListId="8c84fa94-04c1-424b-9868-57a2d4851a1d" /><TestEntry testId="8c397382-1a5a-4da1-8b64-4f9d1d13f272" executionId="2e46ee75-2580-4ecd-9a9f-b6385a7b357d" testListId="8c84fa94-04c1-424b-9868-57a2d4851a1d" /><TestEntry testId="3a15acb9-eb72-49c4-98cc-3a1ddf887d2b" executionId="702a037e-9da3-463f-9238-44ad9ed833a6" testListId="8c84fa94-04c1-424b-9868-57a2d4851a1d" /><TestEntry testId="38d7802b-fd02-4831-8da8-ac1bda8c9308" executionId="d8465239-85e1-4cf2-8efa-9a2ab6c90429" testListId="8c84fa94-04c1-424b-9868-57a2d4851a1d" /><TestEntry testId="f09d910f-23c3-4d69-ae20-dd868b47db66" executionId="4a263975-494b-41d2-bc54-8393c3fe786d" testListId="8c84fa94-04c1-424b-9868-57a2d4851a1d" /><TestEntry testId="cd1ad082-b96f-4f0e-884f-e6763d6ecf0c" executionId="e2b16ab8-60a4-4384-aa1a-9e1f0765e3d0" testListId="8c84fa94-04c1-424b-9868-57a2d4851a1d" /><TestEntry testId="68be60a6-02b7-47ee-9b7f-220602a37047" executionId="59edc828-020e-4880-a0a7-cc54baa3debc" testListId="8c84fa94-04c1-424b-9868-57a2d4851a1d" /><TestEntry testId="285826ba-1b20-448a-bda7-598a7fafadca" executionId="443ed318-eea7-43a9-8dac-5fb6d369c50d" testListId="8c84fa94-04c1-424b-9868-57a2d4851a1d" /><TestEntry testId="4aa7956d-6446-4063-b037-1438e8531c29" executionId="12bb9b5d-cc48-456b-8688-e7894daeba1b" testListId="8c84fa94-04c1-424b-9868-57a2d4851a1d" /><TestEntry testId="8094fbd6-5186-4f92-9a4a-e00da2180f94" executionId="d7c31a3b-25b5-4589-bd90-3c07a05b8578" testListId="8c84fa94-04c1-424b-9868-57a2d4851a1d" /><TestEntry testId="8efe428c-fadb-4fa8-a732-cf1889303795" executionId="2cae48a8-4ecb-425b-8a73-5a00335b6c31" testListId="8c84fa94-04c1-424b-9868-57a2d4851a1d" /><TestEntry testId="be70fb3b-47fd-492a-974a-8aa941fc0555" executionId="c4245fa7-98da-4df9-9449-c1aab6776cb7" testListId="8c84fa94-04c1-424b-9868-57a2d4851a1d" /><TestEntry testId="2865949e-bde6-4fc8-b81f-d0a9484b4ddf" executionId="fa49471c-4cf6-4b21-8d7b-606f99cfdf0d" testListId="8c84fa94-04c1-424b-9868-57a2d4851a1d" /><TestEntry testId="189ca308-88f2-46e9-ad51-d55de759023c" executionId="fdea6024-9821-4e02-8e4c-dceccf5873d0" testListId="8c84fa94-04c1-424b-9868-57a2d4851a1d" /><TestEntry testId="73b94066-ccf1-4e90-8c1e-a97a5ac3dc71" executionId="ceeb1711-053e-4ef2-ade8-accd692b2174" testListId="8c84fa94-04c1-424b-9868-57a2d4851a1d" /><TestEntry testId="527cb719-5d55-45dc-bbab-1abd14d43e7a" executionId="f10207b0-cea2-40b8-9155-25d6f0aa218c" testListId="8c84fa94-04c1-424b-9868-57a2d4851a1d" /><TestEntry testId="68e384d2-99bf-4d0c-bd1a-6f316026096d" executionId="215da561-f669-4853-ab46-d592919109f1" testListId="8c84fa94-04c1-424b-9868-57a2d4851a1d" /><TestEntry testId="1afa959a-5f99-456d-833f-fa4401322363" executionId="dc50b5ba-ac2d-4ba3-8c70-0350864e548f" testListId="8c84fa94-04c1-424b-9868-57a2d4851a1d" /><TestEntry testId="96423112-d8ca-4826-97cf-fad0fa11803b" executionId="39c262cf-ad6d-4c30-a539-a1a0e72b50bc" testListId="8c84fa94-04c1-424b-9868-57a2d4851a1d" /><TestEntry testId="44d542e4-1573-4c70-87d2-20dbe0749a62" executionId="34cd02f4-2971-4f4a-88d4-b6d887c73765" testListId="8c84fa94-04c1-424b-9868-57a2d4851a1d" /><TestEntry testId="88d5f397-a04a-4e0e-a623-3df679303b89" executionId="c4c49c6a-a0d4-44a9-af26-964454714dbe" testListId="8c84fa94-04c1-424b-9868-57a2d4851a1d" /><TestEntry testId="f6bb87e1-34f6-42de-91d4-f422d817d090" executionId="5468f275-981f-45ea-ab17-3b659e021513" testListId="8c84fa94-04c1-424b-9868-57a2d4851a1d" /><TestEntry testId="856c45ab-0e03-4047-8929-820ae0d67188" executionId="50966277-86f4-47c8-ac20-821dfae1a4ae" testListId="8c84fa94-04c1-424b-9868-57a2d4851a1d" /><TestEntry testId="55ff11ee-d3ca-454f-bd03-e75b09b2f316" executionId="5daf78f7-2116-44ec-96f4-e8b2686ba640" testListId="8c84fa94-04c1-424b-9868-57a2d4851a1d" /><TestEntry testId="0cf1ff1f-c45b-4e26-b2f3-3370734ff6b6" executionId="0bbfd4ca-edd1-4888-8b0b-9bef2604fc4f" testListId="8c84fa94-04c1-424b-9868-57a2d4851a1d" /><TestEntry testId="8c5f0058-71ea-46cc-a800-c217a1fba659" executionId="8eacbf91-24ef-4b0e-b150-bbfd53e057d5" testListId="8c84fa94-04c1-424b-9868-57a2d4851a1d" /><TestEntry testId="e477d6a4-2ed9-4e57-8915-daddcf6aece7" executionId="31d14b03-23fc-4152-86a1-dde5f73cd7f9" testListId="8c84fa94-04c1-424b-9868-57a2d4851a1d" /><TestEntry testId="d6e271b2-b6c1-4f13-857f-9d7878b7eb47" executionId="00cfab27-14b3-4131-87cf-b9f7543f354f" testListId="8c84fa94-04c1-424b-9868-57a2d4851a1d" /><TestEntry testId="759d16e5-170f-4e69-aee3-b9b1acd82614" executionId="b5defe04-7d08-4be5-826b-e85b34e05357" testListId="8c84fa94-04c1-424b-9868-57a2d4851a1d" /><TestEntry testId="0ff6b6b1-85e8-4470-8197-eff204a01dd1" executionId="e69bed1f-e6bf-4242-ad55-63ce839ef40f" testListId="8c84fa94-04c1-424b-9868-57a2d4851a1d" /><TestEntry testId="61f4d2d3-9964-456b-8a5b-fdc515a7e903" executionId="fe6b5101-3085-4f6c-a394-6dbe2bc15cc8" testListId="8c84fa94-04c1-424b-9868-57a2d4851a1d" /><TestEntry testId="6a88d892-1d5f-474a-b757-e7c46b04663a" executionId="5e474ae9-7ccd-47a2-8737-b072eb16b1a2" testListId="8c84fa94-04c1-424b-9868-57a2d4851a1d" /><TestEntry testId="d5042508-13da-42c8-b001-aaeeb268f12c" executionId="c5e28597-1909-4a42-bb85-e9b484900d46" testListId="8c84fa94-04c1-424b-9868-57a2d4851a1d" /><TestEntry testId="f9044c23-daa2-46e0-95b9-c22a4e75e638" executionId="83e7cd82-3f19-4c8a-90ac-093ffd5a9c32" testListId="8c84fa94-04c1-424b-9868-57a2d4851a1d" /><TestEntry testId="159077e8-7484-4fb2-8410-863562d00258" executionId="1c239edf-dc31-4d58-a095-b6601b258591" testListId="8c84fa94-04c1-424b-9868-57a2d4851a1d" /><TestEntry testId="5b1f1808-7903-4522-8aea-0410302a6715" executionId="cae1daf9-8a7b-4dca-a12d-703386680bb8" testListId="8c84fa94-04c1-424b-9868-57a2d4851a1d" /><TestEntry testId="d4e1bb74-a312-4c3f-a883-24481f9a5a7a" executionId="7d00aa22-10c3-4bfc-864a-23a4a7fc5834" testListId="8c84fa94-04c1-424b-9868-57a2d4851a1d" /><TestEntry testId="12e398ad-47d5-44c1-94c9-1e5eb5154d08" executionId="25a5b76d-8c17-418f-b8e4-583938f8f11b" testListId="8c84fa94-04c1-424b-9868-57a2d4851a1d" /><TestEntry testId="f6196687-b4cd-467e-9cd3-4aaf230c62fc" executionId="287c9cdf-b184-428c-8646-325567712b48" testListId="8c84fa94-04c1-424b-9868-57a2d4851a1d" /><TestEntry testId="4121b7e1-b564-4a1f-9843-24b8bbe5084a" executionId="8fa9f113-69d2-4103-9dbc-0d73e9ceed37" testListId="8c84fa94-04c1-424b-9868-57a2d4851a1d" /><TestEntry testId="c0d1f1cf-6e52-4785-ac6a-06f2148a35a0" executionId="ff4bf55a-5ead-4bac-9497-a231923ed5f0" testListId="8c84fa94-04c1-424b-9868-57a2d4851a1d" /><TestEntry testId="916586d9-33de-4664-9a22-ac9de47facd5" executionId="c4b5a9fb-b84c-4675-9ad9-ccedd5e69a2f" testListId="8c84fa94-04c1-424b-9868-57a2d4851a1d" /><TestEntry testId="221adc1a-eaf9-4632-b1c2-f27d6b6b8cbc" executionId="415ea02d-f4e3-4439-8690-e8d118e14d8a" testListId="8c84fa94-04c1-424b-9868-57a2d4851a1d" /><TestEntry testId="bfe52e4d-a733-4cb1-89ed-25334ce6e966" executionId="82d8e317-6be6-46d3-8635-1f96e1953d63" testListId="8c84fa94-04c1-424b-9868-57a2d4851a1d" /><TestEntry testId="ce0eab05-6d30-46cb-b75e-618b6204358a" executionId="204a2fbc-200c-494a-81a9-01d57c71f04f" testListId="8c84fa94-04c1-424b-9868-57a2d4851a1d" /><TestEntry testId="1b7438df-9d37-4cac-950b-121921ca4ef0" executionId="7355730a-65c8-43c9-a69e-1b94238c4d6e" testListId="8c84fa94-04c1-424b-9868-57a2d4851a1d" /><TestEntry testId="cfaa0c9d-4339-46b3-aef8-e27044a57586" executionId="12c69319-676d-44d0-b413-c11e9c15d8ad" testListId="8c84fa94-04c1-424b-9868-57a2d4851a1d" /><TestEntry testId="a7714a0d-e79b-4163-8294-8351c62824c5" executionId="b61945e5-b3cf-4db8-84f6-e9fd10bc3407" testListId="8c84fa94-04c1-424b-9868-57a2d4851a1d" /><TestEntry testId="93099eae-0322-48df-8d80-ea3d0856b125" executionId="02f699cd-4d99-48d5-b3af-a93d653f7acd" testListId="8c84fa94-04c1-424b-9868-57a2d4851a1d" /><TestEntry testId="c6bdad85-76fa-461d-85be-1c2798eed01a" executionId="eed3079d-235d-4db8-8e8b-ae59642470fa" testListId="8c84fa94-04c1-424b-9868-57a2d4851a1d" /><TestEntry testId="a1b848cd-1268-466c-964e-0dad3e96940f" executionId="921395e1-55ea-4073-8103-51eca6f872ad" testListId="8c84fa94-04c1-424b-9868-57a2d4851a1d" /><TestEntry testId="eb00900c-b159-45e2-874c-717a791cdad0" executionId="b20a68d1-57b8-4eb5-a0c2-df517fdbeef5" testListId="8c84fa94-04c1-424b-9868-57a2d4851a1d" /><TestEntry testId="629e1217-d3bf-4288-9a4c-8508024f55b7" executionId="ffb2c6e1-9fe5-4cbb-aeb5-a9b347515159" testListId="8c84fa94-04c1-424b-9868-57a2d4851a1d" /><TestEntry testId="bdd92129-ca45-4c96-ac49-2eeb2b15ad7f" executionId="96438c43-be95-4e00-b3ff-a2596ff7c3ab" testListId="8c84fa94-04c1-424b-9868-57a2d4851a1d" /><TestEntry testId="f3fc4888-5df6-4821-983e-0decc1b99248" executionId="bdb51822-5125-43c4-a373-d896aaac8f36" testListId="8c84fa94-04c1-424b-9868-57a2d4851a1d" /><TestEntry testId="8cd7f32f-1ca1-4f17-982a-bb15904c7baf" executionId="2963092c-c6b9-46dc-a915-4f94cf0ac3be" testListId="8c84fa94-04c1-424b-9868-57a2d4851a1d" /><TestEntry testId="d707dcc9-d6dd-4548-9418-9ad91dfef1a4" executionId="9eeac710-bce4-4262-b547-0cc973d03f49" testListId="8c84fa94-04c1-424b-9868-57a2d4851a1d" /><TestEntry testId="a1baf129-3797-424d-90b8-ea258a5c40de" executionId="357ec0bd-450c-45b5-a279-07a580600e69" testListId="8c84fa94-04c1-424b-9868-57a2d4851a1d" /><TestEntry testId="ddd58e22-659e-4022-970e-1727ba32de35" executionId="3ebcbb62-af08-424d-8712-da340a62486d" testListId="8c84fa94-04c1-424b-9868-57a2d4851a1d" /><TestEntry testId="669968c8-407d-4fd4-9b91-1a046ccb050d" executionId="90c26ff4-614f-48eb-991b-2d127b0c8b49" testListId="8c84fa94-04c1-424b-9868-57a2d4851a1d" /><TestEntry testId="11c130ec-db12-42d2-a8a0-130d5b8eea2c" executionId="2e6abc25-c7ab-4ba6-8e49-cfaa2b848013" testListId="8c84fa94-04c1-424b-9868-57a2d4851a1d" /><TestEntry testId="c51fc852-8974-48ad-8e37-916fa4095d41" executionId="90abb7c7-8157-4179-8108-3a8e50d50537" testListId="8c84fa94-04c1-424b-9868-57a2d4851a1d" /><TestEntry testId="5b7526d7-2cd5-47b7-896a-93d36a95eeb1" executionId="a305ea62-ae1e-4e5e-ae34-3ed11c6c1047" testListId="8c84fa94-04c1-424b-9868-57a2d4851a1d" /><TestEntry testId="f71dfcef-3de0-4b69-9497-1a31aa3a52ae" executionId="abf290d8-7ca8-4200-b9db-9ce188039588" testListId="8c84fa94-04c1-424b-9868-57a2d4851a1d" /><TestEntry testId="3777bfaf-d6cb-45bc-b5e9-16f9fbd4853c" executionId="41253e64-bba7-47af-bedb-ac633d3ef543" testListId="8c84fa94-04c1-424b-9868-57a2d4851a1d" /><TestEntry testId="e24ee7fe-52a4-4fda-bccf-7058af6083c5" executionId="8d90cd4f-6d43-4489-8d5c-2ab92c04c8f9" testListId="8c84fa94-04c1-424b-9868-57a2d4851a1d" /><TestEntry testId="75d78d64-3d10-4ac5-8b0b-a29aea06513c" executionId="7d00eb08-3035-4894-9b54-036d11afef29" testListId="8c84fa94-04c1-424b-9868-57a2d4851a1d" /><TestEntry testId="a256959f-e5f5-4795-a38a-f48e4b667ff0" executionId="42ace83b-0105-4c18-9ff5-61aabf9c27f9" testListId="8c84fa94-04c1-424b-9868-57a2d4851a1d" /><TestEntry testId="205f1b2f-c249-4631-b7e4-51e6e591bcea" executionId="ba2e72c3-adc8-4a73-a42c-1db550a9ab59" testListId="8c84fa94-04c1-424b-9868-57a2d4851a1d" /><TestEntry testId="0c95fa42-bf65-4124-8c37-b9cf098d36ef" executionId="be605e28-1017-48c6-85b7-0ef633f40986" testListId="8c84fa94-04c1-424b-9868-57a2d4851a1d" /><TestEntry testId="f892eaa8-53b6-495f-9a5e-cf886cac7f9e" executionId="31bdda33-f5bb-48f5-8d42-5232da561ca5" testListId="8c84fa94-04c1-424b-9868-57a2d4851a1d" /><TestEntry testId="752f6182-86de-4b16-9b80-bdbfb9a70226" executionId="8a9412ca-a6ee-4426-b4b3-414a46534494" testListId="8c84fa94-04c1-424b-9868-57a2d4851a1d" /><TestEntry testId="d6dde3f3-ba6b-4c96-8fa9-91462f01995c" executionId="1be9a7d7-26f3-4323-99e0-b95336c94064" testListId="8c84fa94-04c1-424b-9868-57a2d4851a1d" /><TestEntry testId="34969c11-2418-4f35-8789-02844ddddfcb" executionId="732aa8e9-57c7-40e7-96cd-c3c2eca91cfb" testListId="8c84fa94-04c1-424b-9868-57a2d4851a1d" /><TestEntry testId="e202fb7e-ff61-47bd-866e-a2f6649c57e0" executionId="53631ef0-2fe8-405f-86ba-8b94ee8d01dc" testListId="8c84fa94-04c1-424b-9868-57a2d4851a1d" /><TestEntry testId="bf0f08a3-0f93-492e-92db-f800f47ae910" executionId="e32a6f44-2752-42c0-a363-550afd1d0191" testListId="8c84fa94-04c1-424b-9868-57a2d4851a1d" /><TestEntry testId="d75bf742-17e1-4b5d-b732-b3296393c983" executionId="d424207f-39d5-4355-a4a2-7ca3eb243be9" testListId="8c84fa94-04c1-424b-9868-57a2d4851a1d" /><TestEntry testId="be641e20-41c7-4902-849e-9782a7f082a7" executionId="6d67fea7-7a91-4a9e-ab5c-c02f02a0e417" testListId="8c84fa94-04c1-424b-9868-57a2d4851a1d" /><TestEntry testId="eee2ef54-e1dc-44fc-a306-03f5d647bbab" executionId="48fb48ac-7d9c-4990-b3b1-69f1b14511fd" testListId="8c84fa94-04c1-424b-9868-57a2d4851a1d" /><TestEntry testId="6d80c18b-04f1-439c-ba17-735433cf14b9" executionId="12feda4c-b8a0-4da5-9af9-1929614955a7" testListId="8c84fa94-04c1-424b-9868-57a2d4851a1d" /><TestEntry testId="a59474bf-07f5-444c-ae98-a389e57c05eb" executionId="4939196e-447f-4a24-a50d-a83694ea69fa" testListId="8c84fa94-04c1-424b-9868-57a2d4851a1d" /><TestEntry testId="0f78766a-cdc0-48d1-8378-d2db9c77945c" executionId="f12875bc-1075-4369-8816-5fa7d364a831" testListId="8c84fa94-04c1-424b-9868-57a2d4851a1d" /><TestEntry testId="7d98cdef-025d-4e66-9377-7218744470cd" executionId="20846556-f98c-445e-b35d-a23b8fab928e" testListId="8c84fa94-04c1-424b-9868-57a2d4851a1d" /><TestEntry testId="d4024e51-9924-4d14-9e00-5e06511d82ea" executionId="27026b3b-d2de-4ffe-95f1-1b8f88150587" testListId="8c84fa94-04c1-424b-9868-57a2d4851a1d" /><TestEntry testId="1970430a-5c11-45aa-80f8-6c5d066e75f2" executionId="e4df7573-464b-4b23-b504-8fbb837f2e24" testListId="8c84fa94-04c1-424b-9868-57a2d4851a1d" /><TestEntry testId="53146f21-7442-4f20-afed-057c04f5813a" executionId="6c67f2ef-445a-4ee8-9162-76efe2788473" testListId="8c84fa94-04c1-424b-9868-57a2d4851a1d" /><TestEntry testId="c3d60001-6dd5-4b82-8328-03e007c09f18" executionId="7efe5768-9011-41ea-ad60-6d52ef6873e8" testListId="8c84fa94-04c1-424b-9868-57a2d4851a1d" /><TestEntry testId="6439bebd-f391-4378-915c-0886e1b02f12" executionId="acc89d70-9d50-451b-959d-064147b1d6c1" testListId="8c84fa94-04c1-424b-9868-57a2d4851a1d" /><TestEntry testId="f1c7c2dc-72dc-45f3-b7ef-3e050401195d" executionId="3c13bb7a-7978-4d97-8a9e-905f95ed8d0f" testListId="8c84fa94-04c1-424b-9868-57a2d4851a1d" /><TestEntry testId="cf433a6b-6a06-4e7b-aa02-ec8398171110" executionId="9a7469b9-b954-4af0-b5ba-bda2d594b1df" testListId="8c84fa94-04c1-424b-9868-57a2d4851a1d" /><TestEntry testId="ce04fd55-33f5-48d3-b45c-7ea994f3fe24" executionId="b9febba8-02ef-4fe0-a7ed-35e686cb8d29" testListId="8c84fa94-04c1-424b-9868-57a2d4851a1d" /><TestEntry testId="de6632c1-5b62-48f0-b684-6bab88e3cf1f" executionId="c01111c5-8e9d-487d-9cac-82b3cc86168b" testListId="8c84fa94-04c1-424b-9868-57a2d4851a1d" /><TestEntry testId="bf865a3d-a5c8-4efc-8ce3-e9a7ed55677e" executionId="53aab6ad-c907-4c40-bfd7-786728583d0c" testListId="8c84fa94-04c1-424b-9868-57a2d4851a1d" /><TestEntry testId="a6f8f6f4-56dc-4129-b35d-a0b4ae582938" executionId="89bd1f44-3c9f-483a-bb20-015bd97b9ce3" testListId="8c84fa94-04c1-424b-9868-57a2d4851a1d" /><TestEntry testId="e4f0e0e8-add5-4397-8795-ae56b64697ec" executionId="50807ba7-4e49-416d-9aed-5a2b0d802aa1" testListId="8c84fa94-04c1-424b-9868-57a2d4851a1d" /><TestEntry testId="80e974f6-e1a5-46f3-8ecf-963941014a6e" executionId="605020c6-424a-4567-af48-e546e2eedb59" testListId="8c84fa94-04c1-424b-9868-57a2d4851a1d" /><TestEntry testId="eb56d3ac-5227-445d-b2c1-baf80d9eb21d" executionId="b2a6f55e-1611-463e-8b5b-409417d72e0d" testListId="8c84fa94-04c1-424b-9868-57a2d4851a1d" /><TestEntry testId="1d0d1466-1ad8-41ba-8d31-9f99cefd78b5" executionId="978a6739-0020-4b34-88bc-383d2eb8bc9e" testListId="8c84fa94-04c1-424b-9868-57a2d4851a1d" /><TestEntry testId="311f43d1-6b74-45e0-9dea-cb56ca518aab" executionId="7ccd179e-0c77-496a-b030-59afa235834e" testListId="8c84fa94-04c1-424b-9868-57a2d4851a1d" /><TestEntry testId="217720bd-e4d7-4833-8daa-36f1f35579b6" executionId="91573f92-d951-45b9-b84d-ebeefdb84da9" testListId="8c84fa94-04c1-424b-9868-57a2d4851a1d" /><TestEntry testId="49f17a36-e4d8-44d5-8742-2b9351591faa" executionId="e80ea8e7-8252-49e1-9da7-8b16411d323d" testListId="8c84fa94-04c1-424b-9868-57a2d4851a1d" /><TestEntry testId="c817954a-7214-498f-af61-0dc487532f20" executionId="c923fae4-b6db-4006-af0e-ac022b46e6b5" testListId="8c84fa94-04c1-424b-9868-57a2d4851a1d" /><TestEntry testId="976514e9-3190-432f-9d40-4bc5e8bf5cf6" executionId="9b4944ed-e9c4-4db7-99e7-0acdfd5a436f" testListId="8c84fa94-04c1-424b-9868-57a2d4851a1d" /><TestEntry testId="5e655262-04ca-4ef6-86ad-6cd39dc67459" executionId="728c323d-46f8-41fc-bb84-ce17b05f92f6" testListId="8c84fa94-04c1-424b-9868-57a2d4851a1d" /><TestEntry testId="8c89a54a-58bc-4ee1-ab44-91c06da67d4d" executionId="aed321a3-23ed-42ba-8bc7-7108708d2551" testListId="8c84fa94-04c1-424b-9868-57a2d4851a1d" /><TestEntry testId="469eb200-ac88-4ed8-bc8e-915790afc5ce" executionId="2fe91a96-c91e-45c6-9482-574c6dbd7822" testListId="8c84fa94-04c1-424b-9868-57a2d4851a1d" /><TestEntry testId="c7f3806f-af1a-449b-8031-5707620d06a8" executionId="bf13667c-2d1e-4dc0-8d52-0f6de14178c9" testListId="8c84fa94-04c1-424b-9868-57a2d4851a1d" /><TestEntry testId="bb809e4a-6419-430d-a9e1-456bcc37e07c" executionId="40bfb3ec-5a6d-433d-9ed3-6bc1f69909e4" testListId="8c84fa94-04c1-424b-9868-57a2d4851a1d" /><TestEntry testId="19a59d1e-3b13-42bb-a395-73c30897f60e" executionId="92f13ca0-28db-4238-ba63-7907084ad5dc" testListId="8c84fa94-04c1-424b-9868-57a2d4851a1d" /><TestEntry testId="a8d97709-5f68-48d3-92cd-484247da3ea8" executionId="8c74b8ba-2ad7-42c2-b82e-7b7f3849c1c3" testListId="8c84fa94-04c1-424b-9868-57a2d4851a1d" /><TestEntry testId="b613d59b-ded6-4a89-a575-2e759568d69c" executionId="13ddd9bc-5eff-40b2-bc77-d1d7a5ef5086" testListId="8c84fa94-04c1-424b-9868-57a2d4851a1d" /><TestEntry testId="bb7c787b-db09-4556-912c-cbb919c56b16" executionId="f0dbf577-265a-42e6-bf81-ee3c82ccf9e7" testListId="8c84fa94-04c1-424b-9868-57a2d4851a1d" /><TestEntry testId="c2862fff-23d5-4191-a3a9-862ae531d6bc" executionId="958f1ac4-ac8c-45ff-9157-ce74fee7686f" testListId="8c84fa94-04c1-424b-9868-57a2d4851a1d" /><TestEntry testId="be6c9a97-8f06-4d6c-b09b-09b7016a05fd" executionId="1a8bf64a-7504-4036-a0a4-ebe6c0e02092" testListId="8c84fa94-04c1-424b-9868-57a2d4851a1d" /><TestEntry testId="feedbd3a-2ce2-47a3-bb6a-d0f5d2ba169a" executionId="f27a5951-b98f-4b43-a82c-617802396751" testListId="8c84fa94-04c1-424b-9868-57a2d4851a1d" /><TestEntry testId="4e6e44d3-9ce3-48d5-873f-75a3c50fcf33" executionId="b475fb8e-1885-487e-bea7-355cdb6527c9" testListId="8c84fa94-04c1-424b-9868-57a2d4851a1d" /><TestEntry testId="b0d8ae25-d6be-45e4-a6ee-5d96b42cdd8a" executionId="f882c06d-dbc1-40f8-8535-6c20157c3473" testListId="8c84fa94-04c1-424b-9868-57a2d4851a1d" /><TestEntry testId="09575d20-06ed-4cfe-9d9f-dd547787cecd" executionId="2c746154-ad23-4b5a-9a5c-a0894978ae10" testListId="8c84fa94-04c1-424b-9868-57a2d4851a1d" /><TestEntry testId="feb8bf69-e0e7-4bcd-90c9-74eea42e55bb" executionId="ff9c0079-2053-4f4b-a885-dc2e9dcb73cf" testListId="8c84fa94-04c1-424b-9868-57a2d4851a1d" /><TestEntry testId="8db6db1d-de39-4f30-a297-ee86e7b5eff9" executionId="8f2eaef9-bbee-4c22-9d9a-27ba72ec957f" testListId="8c84fa94-04c1-424b-9868-57a2d4851a1d" /><TestEntry testId="39520ec7-0eed-4d89-8a54-c5df9041744d" executionId="beb30768-37df-4d28-939b-3512f8b554e0" testListId="8c84fa94-04c1-424b-9868-57a2d4851a1d" /><TestEntry testId="bb7ff9dd-8f94-4fd4-9589-7e482b3025ef" executionId="efef5f9e-0f66-4f38-8c81-6e012f97785c" testListId="8c84fa94-04c1-424b-9868-57a2d4851a1d" /><TestEntry testId="5f1aaf90-4279-4aec-b6b8-923fc579218b" executionId="6f594ff3-d2af-403f-9e0b-ecb532a01b34" testListId="8c84fa94-04c1-424b-9868-57a2d4851a1d" /><TestEntry testId="b4d7f38b-f1e3-4f59-8d90-7f31f569e640" executionId="80993ea8-dee4-4597-b141-5883c266a320" testListId="8c84fa94-04c1-424b-9868-57a2d4851a1d" /><TestEntry testId="9dfdaa77-83cb-41fc-9def-ce11226e524d" executionId="6ea2b759-3ce0-4b7b-95f6-4c7793313d8d" testListId="8c84fa94-04c1-424b-9868-57a2d4851a1d" /><TestEntry testId="ecfb2743-c97b-43c4-b5be-43f8138ff4a5" executionId="50e3cfd6-27ab-4747-856c-c11dcd337184" testListId="8c84fa94-04c1-424b-9868-57a2d4851a1d" /><TestEntry testId="47ecaf29-ad4e-4fab-8b2a-2c9da11c9e60" executionId="2618bfff-fb44-48a0-937e-30164f45d57f" testListId="8c84fa94-04c1-424b-9868-57a2d4851a1d" /><TestEntry testId="c10c16ca-6671-4d47-91f8-4396e061315c" executionId="a1d6de0d-7f1e-44a9-b7fd-da3f42c4a86f" testListId="8c84fa94-04c1-424b-9868-57a2d4851a1d" /><TestEntry testId="0c915823-8269-4aa8-b24d-ba577ce383d2" executionId="f79496cd-f435-4c1a-8983-2f20d07ff9d6" testListId="8c84fa94-04c1-424b-9868-57a2d4851a1d" /><TestEntry testId="6d6230b1-b50f-4a2f-84e0-538ad9af147e" executionId="9983d07f-1546-4a0e-a5fd-b27b5e4d81ae" testListId="8c84fa94-04c1-424b-9868-57a2d4851a1d" /><TestEntry testId="1e002bd1-b9a0-4752-8070-d5d4612f4cda" executionId="5d58290e-cd56-431e-bf0f-5b9a0da9cfd1" testListId="8c84fa94-04c1-424b-9868-57a2d4851a1d" /><TestEntry testId="c9a4e6ee-cfff-44be-acba-851717854b47" executionId="4080296d-40b4-4a16-a2c4-e0b8f90ca485" testListId="8c84fa94-04c1-424b-9868-57a2d4851a1d" /><TestEntry testId="ca45b45d-7193-46a9-be13-87097f75c1e5" executionId="0ba7661d-55e8-442c-bdab-2b6242c93136" testListId="8c84fa94-04c1-424b-9868-57a2d4851a1d" /><TestEntry testId="7eb3a177-ff73-4a79-b238-046feee0fc88" executionId="57330fa5-ad8c-4fbf-bc9c-86c335149faf" testListId="8c84fa94-04c1-424b-9868-57a2d4851a1d" /><TestEntry testId="3735682a-d787-42dc-9c36-f9c12b053270" executionId="bd231758-b59e-466d-9f43-3a1e6a0db13b" testListId="8c84fa94-04c1-424b-9868-57a2d4851a1d" /><TestEntry testId="12311ca3-4872-4814-b152-79b0da1cbe2b" executionId="b516bcb0-df33-4d58-bf29-4b8b5db1000d" testListId="8c84fa94-04c1-424b-9868-57a2d4851a1d" /><TestEntry testId="9173a373-ee92-4a70-a7cb-c290648b833d" executionId="879ed27d-fe61-4a62-bde0-00266113cb53" testListId="8c84fa94-04c1-424b-9868-57a2d4851a1d" /><TestEntry testId="a3715d12-02d7-46a9-a1f7-6320c2ace3c2" executionId="f671256d-ae9c-4b76-9f7c-489fb675c2ad" testListId="8c84fa94-04c1-424b-9868-57a2d4851a1d" /></TestEntries><TestLists><TestList name="Results Not in a List" id="8c84fa94-04c1-424b-9868-57a2d4851a1d" /><TestList name="All Loaded Results" id="19431567-8539-422a-85d7-44ee4e166bda" /></TestLists><ResultSummary outcome="Completed"><Counters total="151" executed="151" passed="151" failed="0" error="0" timeout="0" aborted="0" inconclusive="0" passedButRunAborted="0" notRunnable="0" notExecuted="0" disconnected="0" warning="0" completed="0" inProgress="0" pending="0" /><Output><StdOut>[xUnit.net 00:00:01.2975569]   Discovering: ModelRelief.Test[xUnit.net 00:00:01.4137063]   Discovered:  ModelRelief.Test[xUnit.net 00:00:01.4190675]   Starting:    ModelRelief.Test[xUnit.net 00:00:42.9217776]   Finished:    ModelRelief.Test</StdOut></Output></ResultSummary></TestRun>