<?xml version="1.0" encoding="utf-8"?><TestRun id="53300aa6-0774-4c9e-8e37-8d8baa41c646" name="steve@LAMBDA 2018-08-08 14:41:02" runUser="LAMBDA\steve" xmlns="http://microsoft.com/schemas/VisualStudio/TeamTest/2010"><Times creation="2018-08-08T14:41:02.9541855-04:00" queuing="2018-08-08T14:41:02.9542031-04:00" start="2018-08-08T14:40:58.0433199-04:00" finish="2018-08-08T14:41:50.6987611-04:00" /><TestSettings name="default" id="96c35b87-475d-4fef-8f22-ee1013d356a2"><Deployment runDeploymentRoot="steve_LAMBDA_2018-08-08_14_41_02" /></TestSettings><Results><UnitTestResult executionId="343b182c-321d-4f3b-a20a-12d221b8f50a" testId="be93a5b7-f287-40e6-bcd7-33bb6f859e74" testName="Post_InvalidPropertyValueReturnsBadRequest" computerName="LAMBDA" duration="00:00:00.0230000" startTime="2018-08-08T14:41:05.0698238-04:00" endTime="2018-08-08T14:41:05.0698298-04:00" testType="13cdc9d9-ddb5-4fa4-a97d-d965ccfc6d4b" outcome="Passed" testListId="8c84fa94-04c1-424b-9868-57a2d4851a1d" relativeResultsDirectory="343b182c-321d-4f3b-a20a-12d221b8f50a" /><UnitTestResult executionId="de8f758a-5c70-4084-9a25-b2c795e6afbe" testId="a907c3fa-2e95-4815-8670-baafe340845a" testName="PutFile_NewFileCanBePut" computerName="LAMBDA" duration="00:00:00.9130000" startTime="2018-08-08T14:41:10.0146033-04:00" endTime="2018-08-08T14:41:10.0146179-04:00" testType="13cdc9d9-ddb5-4fa4-a97d-d965ccfc6d4b" outcome="Passed" testListId="8c84fa94-04c1-424b-9868-57a2d4851a1d" relativeResultsDirectory="de8f758a-5c70-4084-9a25-b2c795e6afbe" /><UnitTestResult executionId="d80a5a14-d39c-4848-9aaf-f29092355f45" testId="b3c14e3d-707b-4bd3-9c23-e983d90df004" testName="Patch_InvalidReferencePropertyReturnsBadRequest" computerName="LAMBDA" duration="00:00:00.0810000" startTime="2018-08-08T14:41:49.6501932-04:00" endTime="2018-08-08T14:41:49.6502086-04:00" testType="13cdc9d9-ddb5-4fa4-a97d-d965ccfc6d4b" outcome="Passed" testListId="8c84fa94-04c1-424b-9868-57a2d4851a1d" relativeResultsDirectory="d80a5a14-d39c-4848-9aaf-f29092355f45" /><UnitTestResult executionId="66ee99c5-f0d0-42ba-8ed9-e75dd963136d" testId="f518eb61-a58b-4588-820e-dd05d3cb3b85" testName="GetList_ListReturnsCorrectCount" computerName="LAMBDA" duration="00:00:01.1600000" startTime="2018-08-08T14:41:18.2427482-04:00" endTime="2018-08-08T14:41:18.2427533-04:00" testType="13cdc9d9-ddb5-4fa4-a97d-d965ccfc6d4b" outcome="Passed" testListId="8c84fa94-04c1-424b-9868-57a2d4851a1d" relativeResultsDirectory="66ee99c5-f0d0-42ba-8ed9-e75dd963136d" /><UnitTestResult executionId="4e2ea4e1-d446-47e1-8006-9bf77ae73cfa" testId="f30fbeff-138c-431b-8c8a-af2264d29334" testName="Post_InvalidReferencePropertyReturnsBadRequest" computerName="LAMBDA" duration="00:00:00.2830000" startTime="2018-08-08T14:41:05.3536407-04:00" endTime="2018-08-08T14:41:05.3536458-04:00" testType="13cdc9d9-ddb5-4fa4-a97d-d965ccfc6d4b" outcome="Passed" testListId="8c84fa94-04c1-424b-9868-57a2d4851a1d" relativeResultsDirectory="4e2ea4e1-d446-47e1-8006-9bf77ae73cfa" /><UnitTestResult executionId="6451ea47-744b-4cb4-a096-f353c10a7b27" testId="54be4dfb-88f8-4be5-8631-b048fc16c8c4" testName="Patch_MultipleInvalidReferencePropertiesReturnsMultipleValidationErrorsAndBadRequest" computerName="LAMBDA" duration="00:00:00.0560000" startTime="2018-08-08T14:41:14.3017098-04:00" endTime="2018-08-08T14:41:14.3017153-04:00" testType="13cdc9d9-ddb5-4fa4-a97d-d965ccfc6d4b" outcome="Passed" testListId="8c84fa94-04c1-424b-9868-57a2d4851a1d" relativeResultsDirectory="6451ea47-744b-4cb4-a096-f353c10a7b27" /><UnitTestResult executionId="ef395d73-5309-494a-ac4a-ec1905fb497e" testId="4b4e5a52-5e8a-46b4-a248-95c483cfa677" testName="GetSingle_ValidIdPropertyValueReturnsCorrectModel" computerName="LAMBDA" duration="00:00:00.0680000" startTime="2018-08-08T14:41:47.6123222-04:00" endTime="2018-08-08T14:41:47.6123299-04:00" testType="13cdc9d9-ddb5-4fa4-a97d-d965ccfc6d4b" outcome="Passed" testListId="8c84fa94-04c1-424b-9868-57a2d4851a1d" relativeResultsDirectory="ef395d73-5309-494a-ac4a-ec1905fb497e" /><UnitTestResult executionId="f067663f-0dc2-4ac1-8077-881c92f66500" testId="22b30fce-3dad-43f1-9e4b-d3685ab6ca92" testName="PostFile_FileTimeStampIsUpdatedAfterFileIsPosted" computerName="LAMBDA" duration="00:00:01.8220000" startTime="2018-08-08T14:41:30.0843183-04:00" endTime="2018-08-08T14:41:30.0843312-04:00" testType="13cdc9d9-ddb5-4fa4-a97d-d965ccfc6d4b" outcome="Passed" testListId="8c84fa94-04c1-424b-9868-57a2d4851a1d" relativeResultsDirectory="f067663f-0dc2-4ac1-8077-881c92f66500" /><UnitTestResult executionId="04cd77ea-abd0-46e6-9585-929320fad153" testId="80b46cdc-cd34-438e-9a45-3903e217fe29" testName="Patch_InvalidPropertyNameReturnsBadRequest" computerName="LAMBDA" duration="00:00:00.0330000" startTime="2018-08-08T14:41:21.7384056-04:00" endTime="2018-08-08T14:41:21.7384120-04:00" testType="13cdc9d9-ddb5-4fa4-a97d-d965ccfc6d4b" outcome="Passed" testListId="8c84fa94-04c1-424b-9868-57a2d4851a1d" relativeResultsDirectory="04cd77ea-abd0-46e6-9585-929320fad153" /><UnitTestResult executionId="81766c30-22d1-4a07-89af-b98a657ade0d" testId="6d9d28b2-9288-4527-8c74-ea22626401f5" testName="Put_InvalidReferencePropertyReturndBadRequest" computerName="LAMBDA" duration="00:00:00.0470000" startTime="2018-08-08T14:41:37.4893497-04:00" endTime="2018-08-08T14:41:37.4893548-04:00" testType="13cdc9d9-ddb5-4fa4-a97d-d965ccfc6d4b" outcome="Passed" testListId="8c84fa94-04c1-424b-9868-57a2d4851a1d" relativeResultsDirectory="81766c30-22d1-4a07-89af-b98a657ade0d" /><UnitTestResult executionId="54a67cbc-7395-4876-aaee-8188a126c517" testId="510b0492-3056-4ce6-8dff-4105f49fda79" testName="LucyDepthBufferFindsOneDependent" computerName="LAMBDA" duration="00:00:00.0030000" startTime="2018-08-08T14:41:02.2673746-04:00" endTime="2018-08-08T14:41:02.2673789-04:00" testType="13cdc9d9-ddb5-4fa4-a97d-d965ccfc6d4b" outcome="Passed" testListId="8c84fa94-04c1-424b-9868-57a2d4851a1d" relativeResultsDirectory="54a67cbc-7395-4876-aaee-8188a126c517" /><UnitTestResult executionId="565736c3-b160-4711-abd9-f8ab7f009392" testId="822f570d-bea0-4471-95ea-1edfdd2281ae" testName="Patch_InvalidIdPropertyReturnsNotFound" computerName="LAMBDA" duration="00:00:00.0230000" startTime="2018-08-08T14:41:05.0461894-04:00" endTime="2018-08-08T14:41:05.0461959-04:00" testType="13cdc9d9-ddb5-4fa4-a97d-d965ccfc6d4b" outcome="Passed" testListId="8c84fa94-04c1-424b-9868-57a2d4851a1d" relativeResultsDirectory="565736c3-b160-4711-abd9-f8ab7f009392" /><UnitTestResult executionId="c824c1d7-6b25-4220-a767-4fe42f90a64c" testId="b6fc5887-a60a-4bb5-bd4f-2f9c4cb6c754" testName="Patch_InvalidIdPropertyReturnsNotFound" computerName="LAMBDA" duration="00:00:00.0630000" startTime="2018-08-08T14:41:07.7466456-04:00" endTime="2018-08-08T14:41:07.7466605-04:00" testType="13cdc9d9-ddb5-4fa4-a97d-d965ccfc6d4b" outcome="Passed" testListId="8c84fa94-04c1-424b-9868-57a2d4851a1d" relativeResultsDirectory="c824c1d7-6b25-4220-a767-4fe42f90a64c" /><UnitTestResult executionId="e406ebea-ce7b-48a6-9bce-1cdbddba5686" testId="575a5421-9e1c-405a-b45f-07d7e63dd2b3" testName="PostFile_NewFileCanBePosted" computerName="LAMBDA" duration="00:00:00.5010000" startTime="2018-08-08T14:41:30.5861809-04:00" endTime="2018-08-08T14:41:30.5861955-04:00" testType="13cdc9d9-ddb5-4fa4-a97d-d965ccfc6d4b" outcome="Passed" testListId="8c84fa94-04c1-424b-9868-57a2d4851a1d" relativeResultsDirectory="e406ebea-ce7b-48a6-9bce-1cdbddba5686" /><UnitTestResult executionId="26888c53-98a6-4d4a-9ab6-b931ad488883" testId="39c5a248-62aa-462a-a07e-afd433a2cb3b" testName="GetFile_FileCanBeRoundTripped" computerName="LAMBDA" duration="00:00:00.6670000" startTime="2018-08-08T14:41:13.5831579-04:00" endTime="2018-08-08T14:41:13.5831690-04:00" testType="13cdc9d9-ddb5-4fa4-a97d-d965ccfc6d4b" outcome="Passed" testListId="8c84fa94-04c1-424b-9868-57a2d4851a1d" relativeResultsDirectory="26888c53-98a6-4d4a-9ab6-b931ad488883" /><UnitTestResult executionId="34cea170-1686-479e-9193-e36674e294c7" testId="bbc8ca17-61ad-4479-81ab-87a0ad4ebef7" testName="Post_CanCreateNewModel" computerName="LAMBDA" duration="00:00:00.2530000" startTime="2018-08-08T14:41:47.8691238-04:00" endTime="2018-08-08T14:41:47.8691357-04:00" testType="13cdc9d9-ddb5-4fa4-a97d-d965ccfc6d4b" outcome="Passed" testListId="8c84fa94-04c1-424b-9868-57a2d4851a1d" relativeResultsDirectory="34cea170-1686-479e-9193-e36674e294c7" /><UnitTestResult executionId="a7d5aaa2-31b4-41cb-ac8e-a1f3223510ad" testId="68ec0cf0-3e2a-4829-90ed-df962427c967" testName="GetFile_ExistingFileReturnsSuccess" computerName="LAMBDA" duration="00:00:00.1660000" startTime="2018-08-08T14:41:40.7690547-04:00" endTime="2018-08-08T14:41:40.7690671-04:00" testType="13cdc9d9-ddb5-4fa4-a97d-d965ccfc6d4b" outcome="Passed" testListId="8c84fa94-04c1-424b-9868-57a2d4851a1d" relativeResultsDirectory="a7d5aaa2-31b4-41cb-ac8e-a1f3223510ad" /><UnitTestResult executionId="b846f216-b3de-49bc-b2e8-ccf0410181c1" testId="f0bca7f5-5944-4311-8d5c-aeb1c0773fbf" testName="Patch_ValidReferencePropertyUpdatesModel" computerName="LAMBDA" duration="00:00:00.4040000" startTime="2018-08-08T14:41:39.8262817-04:00" endTime="2018-08-08T14:41:39.8262958-04:00" testType="13cdc9d9-ddb5-4fa4-a97d-d965ccfc6d4b" outcome="Passed" testListId="8c84fa94-04c1-424b-9868-57a2d4851a1d" relativeResultsDirectory="b846f216-b3de-49bc-b2e8-ccf0410181c1" /><UnitTestResult executionId="6946f386-5d2a-4ec6-a29c-32f12b55cb7e" testId="dcaf44c1-271c-4f0b-abac-9c015040e54b" testName="Post_InvalidReferencePropertyReturnsBadRequest" computerName="LAMBDA" duration="00:00:00.0260000" startTime="2018-08-08T14:41:21.8213838-04:00" endTime="2018-08-08T14:41:21.8213992-04:00" testType="13cdc9d9-ddb5-4fa4-a97d-d965ccfc6d4b" outcome="Passed" testListId="8c84fa94-04c1-424b-9868-57a2d4851a1d" relativeResultsDirectory="6946f386-5d2a-4ec6-a29c-32f12b55cb7e" /><UnitTestResult executionId="d2c89152-65ec-4805-a1e6-f1642c6561cf" testId="7433c133-d6d8-4d09-a60a-c235c2123a58" testName="Patch_MultipleInvalidReferencePropertiesReturnsMultipleValidationErrorsAndBadRequest" computerName="LAMBDA" duration="00:00:00.0720000" startTime="2018-08-08T14:41:08.3960350-04:00" endTime="2018-08-08T14:41:08.3960423-04:00" testType="13cdc9d9-ddb5-4fa4-a97d-d965ccfc6d4b" outcome="Passed" testListId="8c84fa94-04c1-424b-9868-57a2d4851a1d" relativeResultsDirectory="d2c89152-65ec-4805-a1e6-f1642c6561cf" /><UnitTestResult executionId="cb2e190e-b118-408f-9d9a-c3317d66c23b" testId="2ba8fce4-4473-4212-b5f9-8295f6ed1498" testName="PostFile_NewFileCanBePosted" computerName="LAMBDA" duration="00:00:00.4600000" startTime="2018-08-08T14:41:12.9149469-04:00" endTime="2018-08-08T14:41:12.9149611-04:00" testType="13cdc9d9-ddb5-4fa4-a97d-d965ccfc6d4b" outcome="Passed" testListId="8c84fa94-04c1-424b-9868-57a2d4851a1d" relativeResultsDirectory="cb2e190e-b118-408f-9d9a-c3317d66c23b" /><UnitTestResult executionId="58024c5b-ad6f-4b34-99b3-88678e8a1aae" testId="716574ae-cf1e-45f1-8930-397131f9c9d4" testName="Put_ValidReferencePropertyUpdatesModel" computerName="LAMBDA" duration="00:00:00.4600000" startTime="2018-08-08T14:41:20.8296602-04:00" endTime="2018-08-08T14:41:20.8296756-04:00" testType="13cdc9d9-ddb5-4fa4-a97d-d965ccfc6d4b" outcome="Passed" testListId="8c84fa94-04c1-424b-9868-57a2d4851a1d" relativeResultsDirectory="58024c5b-ad6f-4b34-99b3-88678e8a1aae" /><UnitTestResult executionId="dd00c725-7d65-474d-b1d3-cd9eed9f54ae" testId="e5787470-e97b-41f1-a1f3-bfb0efb69cc1" testName="Delete_TargetModelIsDeleted" computerName="LAMBDA" duration="00:00:00.2850000" startTime="2018-08-08T14:41:37.7755807-04:00" endTime="2018-08-08T14:41:37.7755957-04:00" testType="13cdc9d9-ddb5-4fa4-a97d-d965ccfc6d4b" outcome="Passed" testListId="8c84fa94-04c1-424b-9868-57a2d4851a1d" relativeResultsDirectory="dd00c725-7d65-474d-b1d3-cd9eed9f54ae" /><UnitTestResult executionId="7fb1a4ea-bc22-4e5c-b9bd-b19add066f8c" testId="e472f77f-45b4-4481-afec-2abcdffab9c2" testName="Patch_InvalidReferencePropertyReturnsBadRequest" computerName="LAMBDA" duration="00:00:00.0670000" startTime="2018-08-08T14:41:08.7453951-04:00" endTime="2018-08-08T14:41:08.7454088-04:00" testType="13cdc9d9-ddb5-4fa4-a97d-d965ccfc6d4b" outcome="Passed" testListId="8c84fa94-04c1-424b-9868-57a2d4851a1d" relativeResultsDirectory="7fb1a4ea-bc22-4e5c-b9bd-b19add066f8c" /><UnitTestResult executionId="b26a41aa-cf01-4eb7-bc79-8c42279f3441" testId="4b8b3595-564e-463e-9161-eb0857276117" testName="Delete_TargetModelIsDeleted" computerName="LAMBDA" duration="00:00:00.4540000" startTime="2018-08-08T14:41:03.3874592-04:00" endTime="2018-08-08T14:41:03.3874712-04:00" testType="13cdc9d9-ddb5-4fa4-a97d-d965ccfc6d4b" outcome="Passed" testListId="8c84fa94-04c1-424b-9868-57a2d4851a1d" relativeResultsDirectory="b26a41aa-cf01-4eb7-bc79-8c42279f3441" /><UnitTestResult executionId="bae4fea7-682a-4851-a68d-d08ef00e94b3" testId="2663b5a3-07b3-4fae-a064-b3fc6d3f4f8c" testName="Patch_InvalidPropertyNameReturnsBadRequest" computerName="LAMBDA" duration="00:00:00.0190000" startTime="2018-08-08T14:41:49.1423836-04:00" endTime="2018-08-08T14:41:49.1423892-04:00" testType="13cdc9d9-ddb5-4fa4-a97d-d965ccfc6d4b" outcome="Passed" testListId="8c84fa94-04c1-424b-9868-57a2d4851a1d" relativeResultsDirectory="bae4fea7-682a-4851-a68d-d08ef00e94b3" /><UnitTestResult executionId="41ed3a54-5f49-40ec-993c-2365a2ee0b41" testId="58627b00-c1ab-4f39-a595-a921dc77b52c" testName="Patch_MultipleInvalidReferencePropertiesReturnsMultipleValidationErrorsAndBadRequest" computerName="LAMBDA" duration="00:00:00.0760000" startTime="2018-08-08T14:41:49.1058392-04:00" endTime="2018-08-08T14:41:49.1058461-04:00" testType="13cdc9d9-ddb5-4fa4-a97d-d965ccfc6d4b" outcome="Passed" testListId="8c84fa94-04c1-424b-9868-57a2d4851a1d" relativeResultsDirectory="41ed3a54-5f49-40ec-993c-2365a2ee0b41" /><UnitTestResult executionId="74542b1d-6145-43a1-aed9-672b6b06cfab" testId="727bc64b-520d-4386-b926-8c7364a75ed3" testName="GetSingle_InvalidIdPropertyValueReturnsNotFound" computerName="LAMBDA" duration="00:00:00.0590000" startTime="2018-08-08T14:41:17.0158106-04:00" endTime="2018-08-08T14:41:17.0158161-04:00" testType="13cdc9d9-ddb5-4fa4-a97d-d965ccfc6d4b" outcome="Passed" testListId="8c84fa94-04c1-424b-9868-57a2d4851a1d" relativeResultsDirectory="74542b1d-6145-43a1-aed9-672b6b06cfab" /><UnitTestResult executionId="39f9178e-5fd2-40d8-901e-d01c8fb50dcc" testId="53660fc7-3839-4c5a-a341-f8d6779bf437" testName="Patch_InvalidPropertyNameReturnsBadRequest" computerName="LAMBDA" duration="00:00:00.0960000" startTime="2018-08-08T14:41:02.9032895-04:00" endTime="2018-08-08T14:41:02.9032938-04:00" testType="13cdc9d9-ddb5-4fa4-a97d-d965ccfc6d4b" outcome="Passed" testListId="8c84fa94-04c1-424b-9868-57a2d4851a1d" relativeResultsDirectory="39f9178e-5fd2-40d8-901e-d01c8fb50dcc" /><UnitTestResult executionId="71dd0623-3eef-4ec2-bb50-f80034c93962" testId="0764077c-6d2e-4816-9abb-212c8835cde8" testName="Patch_InvalidReferencePropertyReturnsBadRequest" computerName="LAMBDA" duration="00:00:00.1010000" startTime="2018-08-08T14:41:39.2894895-04:00" endTime="2018-08-08T14:41:39.2894964-04:00" testType="13cdc9d9-ddb5-4fa4-a97d-d965ccfc6d4b" outcome="Passed" testListId="8c84fa94-04c1-424b-9868-57a2d4851a1d" relativeResultsDirectory="71dd0623-3eef-4ec2-bb50-f80034c93962" /><UnitTestResult executionId="a4811b9a-0516-4e3b-a7ff-44549fe360ad" testId="67b38d6e-f6ef-4246-90a9-66b343f4ef94" testName="Patch_InvalidEnumPropertyValueReturnsBadRequest" computerName="LAMBDA" duration="00:00:00.0190000" startTime="2018-08-08T14:41:08.4452033-04:00" endTime="2018-08-08T14:41:08.4452075-04:00" testType="13cdc9d9-ddb5-4fa4-a97d-d965ccfc6d4b" outcome="Passed" testListId="8c84fa94-04c1-424b-9868-57a2d4851a1d" relativeResultsDirectory="a4811b9a-0516-4e3b-a7ff-44549fe360ad" /><UnitTestResult executionId="ba86ac51-0b1e-418b-9792-f0c2737a751b" testId="e116145e-000a-4a81-80c6-3f4d9c284095" testName="FileRequest_FileCanBeReadAfterRename" computerName="LAMBDA" duration="00:00:00.7070000" startTime="2018-08-08T14:41:43.9219891-04:00" endTime="2018-08-08T14:41:43.9220041-04:00" testType="13cdc9d9-ddb5-4fa4-a97d-d965ccfc6d4b" outcome="Passed" testListId="8c84fa94-04c1-424b-9868-57a2d4851a1d" relativeResultsDirectory="ba86ac51-0b1e-418b-9792-f0c2737a751b" /><UnitTestResult executionId="227496be-cd59-4120-aa2a-e5a2db5fd4da" testId="4afa8a35-ea14-466e-946a-cd1157bf2d57" testName="Patch_InvalidEnumPropertyValueReturnsBadRequest" computerName="LAMBDA" duration="00:00:00.0790000" startTime="2018-08-08T14:41:37.3938668-04:00" endTime="2018-08-08T14:41:37.3938715-04:00" testType="13cdc9d9-ddb5-4fa4-a97d-d965ccfc6d4b" outcome="Passed" testListId="8c84fa94-04c1-424b-9868-57a2d4851a1d" relativeResultsDirectory="227496be-cd59-4120-aa2a-e5a2db5fd4da" /><UnitTestResult executionId="c0206390-8496-4f79-a264-de091556002d" testId="f0ae0311-1116-44a2-9d83-105f1f6d0afc" testName="LucyCameraFindsAllDependents" computerName="LAMBDA" duration="00:00:00.0090000" startTime="2018-08-08T14:41:02.2633974-04:00" endTime="2018-08-08T14:41:02.2634021-04:00" testType="13cdc9d9-ddb5-4fa4-a97d-d965ccfc6d4b" outcome="Passed" testListId="8c84fa94-04c1-424b-9868-57a2d4851a1d" relativeResultsDirectory="c0206390-8496-4f79-a264-de091556002d" /><UnitTestResult executionId="ca173600-3cc7-49cc-9ea7-90041844ac97" testId="6d2b3e56-8a22-4aa1-8ba4-fbf73755458b" testName="Patch_InvalidReferencePropertyReturnsBadRequest" computerName="LAMBDA" duration="00:00:00.0560000" startTime="2018-08-08T14:41:14.5982250-04:00" endTime="2018-08-08T14:41:14.5982310-04:00" testType="13cdc9d9-ddb5-4fa4-a97d-d965ccfc6d4b" outcome="Passed" testListId="8c84fa94-04c1-424b-9868-57a2d4851a1d" relativeResultsDirectory="ca173600-3cc7-49cc-9ea7-90041844ac97" /><UnitTestResult executionId="5a2df0b2-415c-4127-be4e-698c6e3bdbca" testId="eecb6f38-540d-4c1e-882a-2d6cbd05355d" testName="Patch_TargetPropertyIsUpdated" computerName="LAMBDA" duration="00:00:00.3810000" startTime="2018-08-08T14:41:21.2835105-04:00" endTime="2018-08-08T14:41:21.2835250-04:00" testType="13cdc9d9-ddb5-4fa4-a97d-d965ccfc6d4b" outcome="Passed" testListId="8c84fa94-04c1-424b-9868-57a2d4851a1d" relativeResultsDirectory="5a2df0b2-415c-4127-be4e-698c6e3bdbca" /><UnitTestResult executionId="669c235d-87fe-4b23-ab04-9c180b02fd54" testId="cc53e38b-37b1-486e-833f-cd0c3cb1f95e" testName="Put_ValidReferencePropertyUpdatesModel" computerName="LAMBDA" duration="00:00:00.4580000" startTime="2018-08-08T14:41:50.1095038-04:00" endTime="2018-08-08T14:41:50.1095162-04:00" testType="13cdc9d9-ddb5-4fa4-a97d-d965ccfc6d4b" outcome="Passed" testListId="8c84fa94-04c1-424b-9868-57a2d4851a1d" relativeResultsDirectory="669c235d-87fe-4b23-ab04-9c180b02fd54" /><UnitTestResult executionId="c7a3acd7-59e3-49d9-a83c-3124f84f8909" testId="3555e531-c94b-4c73-8f9d-aba42380fe4c" testName="Post_CanCreateNewModel" computerName="LAMBDA" duration="00:00:00.4150000" startTime="2018-08-08T14:41:04.4015235-04:00" endTime="2018-08-08T14:41:04.4015389-04:00" testType="13cdc9d9-ddb5-4fa4-a97d-d965ccfc6d4b" outcome="Passed" testListId="8c84fa94-04c1-424b-9868-57a2d4851a1d" relativeResultsDirectory="c7a3acd7-59e3-49d9-a83c-3124f84f8909" /><UnitTestResult executionId="17667df2-a19c-421b-b3da-1c7181ef473b" testId="3b26ee89-0776-46fd-843f-f403c7384ffe" testName="Post_InvalidPropertyValueReturnsBadRequest" computerName="LAMBDA" duration="00:00:00.0600000" startTime="2018-08-08T14:41:15.1792093-04:00" endTime="2018-08-08T14:41:15.1792311-04:00" testType="13cdc9d9-ddb5-4fa4-a97d-d965ccfc6d4b" outcome="Passed" testListId="8c84fa94-04c1-424b-9868-57a2d4851a1d" relativeResultsDirectory="17667df2-a19c-421b-b3da-1c7181ef473b" /><UnitTestResult executionId="204ea9a7-8aa0-435d-8df7-ca5e82b8807a" testId="178d817a-51c2-4756-b245-160bbb6fd7e6" testName="Post_InvalidPropertyValueReturnsBadRequest" computerName="LAMBDA" duration="00:00:00.0230000" startTime="2018-08-08T14:41:22.5930995-04:00" endTime="2018-08-08T14:41:22.5931047-04:00" testType="13cdc9d9-ddb5-4fa4-a97d-d965ccfc6d4b" outcome="Passed" testListId="8c84fa94-04c1-424b-9868-57a2d4851a1d" relativeResultsDirectory="204ea9a7-8aa0-435d-8df7-ca5e82b8807a" /><UnitTestResult executionId="f81a9007-1da2-44c0-a363-4a7b22388988" testId="2d064778-3a44-4b40-ba9a-6f5eb8d5cb0c" testName="PutFile_NewFileCanBePut" computerName="LAMBDA" duration="00:00:00.5070000" startTime="2018-08-08T14:41:23.1325218-04:00" endTime="2018-08-08T14:41:23.1325329-04:00" testType="13cdc9d9-ddb5-4fa4-a97d-d965ccfc6d4b" outcome="Passed" testListId="8c84fa94-04c1-424b-9868-57a2d4851a1d" relativeResultsDirectory="f81a9007-1da2-44c0-a363-4a7b22388988" /><UnitTestResult executionId="9293a458-f9af-468e-97c6-fb75bfe0737e" testId="51403af7-a6fb-4676-8138-ea64e86dadaf" testName="Put_InvalidIdReturnsNotFound" computerName="LAMBDA" duration="00:00:00.0720000" startTime="2018-08-08T14:41:18.3149200-04:00" endTime="2018-08-08T14:41:18.3149247-04:00" testType="13cdc9d9-ddb5-4fa4-a97d-d965ccfc6d4b" outcome="Passed" testListId="8c84fa94-04c1-424b-9868-57a2d4851a1d" relativeResultsDirectory="9293a458-f9af-468e-97c6-fb75bfe0737e" /><UnitTestResult executionId="63456180-9dda-49f3-a3eb-898b2ee8f24c" testId="4c7f2bd8-f7d4-48d4-84c3-69fb733547b0" testName="Put_CanUpdateModel" computerName="LAMBDA" duration="00:00:00.4930000" startTime="2018-08-08T14:41:06.5052058-04:00" endTime="2018-08-08T14:41:06.5052203-04:00" testType="13cdc9d9-ddb5-4fa4-a97d-d965ccfc6d4b" outcome="Passed" testListId="8c84fa94-04c1-424b-9868-57a2d4851a1d" relativeResultsDirectory="63456180-9dda-49f3-a3eb-898b2ee8f24c" /><UnitTestResult executionId="68c03921-df41-4cbf-a7ab-c93c8b2073f0" testId="b478f757-9e75-45fd-a5dc-635075dc70eb" testName="Patch_InvalidPropertyNameReturnsBadRequest" computerName="LAMBDA" duration="00:00:00.0180000" startTime="2018-08-08T14:41:06.6320418-04:00" endTime="2018-08-08T14:41:06.6320555-04:00" testType="13cdc9d9-ddb5-4fa4-a97d-d965ccfc6d4b" outcome="Passed" testListId="8c84fa94-04c1-424b-9868-57a2d4851a1d" relativeResultsDirectory="68c03921-df41-4cbf-a7ab-c93c8b2073f0" /><UnitTestResult executionId="804de7e5-4b54-4df2-a5ae-0b519ddc5615" testId="eb266885-cd76-4485-8455-e31c238c9b7d" testName="Patch_MultipleInvalidReferencePropertiesReturnsMultipleValidationErrorsAndBadRequest" computerName="LAMBDA" duration="00:00:00.0270000" startTime="2018-08-08T14:41:39.3165797-04:00" endTime="2018-08-08T14:41:39.3165853-04:00" testType="13cdc9d9-ddb5-4fa4-a97d-d965ccfc6d4b" outcome="Passed" testListId="8c84fa94-04c1-424b-9868-57a2d4851a1d" relativeResultsDirectory="804de7e5-4b54-4df2-a5ae-0b519ddc5615" /><UnitTestResult executionId="73ca5124-c5d7-458a-88a4-1848ab8c7344" testId="5aad3ae4-b001-461d-b7a5-86e3fdd49ff3" testName="Patch_InvalidIdPropertyReturnsNotFound" computerName="LAMBDA" duration="00:00:00.0480000" startTime="2018-08-08T14:41:37.8242487-04:00" endTime="2018-08-08T14:41:37.8242546-04:00" testType="13cdc9d9-ddb5-4fa4-a97d-d965ccfc6d4b" outcome="Passed" testListId="8c84fa94-04c1-424b-9868-57a2d4851a1d" relativeResultsDirectory="73ca5124-c5d7-458a-88a4-1848ab8c7344" /><UnitTestResult executionId="340e32b7-8086-43c4-95f8-2e86de2343c3" testId="e81bfba4-98dc-4796-a0ed-d697edc20157" testName="Post_CanCreateNewModel" computerName="LAMBDA" duration="00:00:00.2320000" startTime="2018-08-08T14:41:08.6783465-04:00" endTime="2018-08-08T14:41:08.6783606-04:00" testType="13cdc9d9-ddb5-4fa4-a97d-d965ccfc6d4b" outcome="Passed" testListId="8c84fa94-04c1-424b-9868-57a2d4851a1d" relativeResultsDirectory="340e32b7-8086-43c4-95f8-2e86de2343c3" /><UnitTestResult executionId="58c7c37f-85bb-4806-ada7-6a60e73d447b" testId="7d611ef0-71f5-457f-9ada-ea8dddeb0c38" testName="Patch_InvalidReferencePropertyReturnsBadRequest" computerName="LAMBDA" duration="00:00:00.0900000" startTime="2018-08-08T14:41:21.7050861-04:00" endTime="2018-08-08T14:41:21.7050921-04:00" testType="13cdc9d9-ddb5-4fa4-a97d-d965ccfc6d4b" outcome="Passed" testListId="8c84fa94-04c1-424b-9868-57a2d4851a1d" relativeResultsDirectory="58c7c37f-85bb-4806-ada7-6a60e73d447b" /><UnitTestResult executionId="4e883a5a-30a9-4c73-9794-fc92263576cc" testId="9f7bc4ca-143a-45f0-b55d-f5fb98946d4a" testName="Patch_InvalidReferencePropertyReturnsBadRequest" computerName="LAMBDA" duration="00:00:00.0220000" startTime="2018-08-08T14:41:03.9854536-04:00" endTime="2018-08-08T14:41:03.9854625-04:00" testType="13cdc9d9-ddb5-4fa4-a97d-d965ccfc6d4b" outcome="Passed" testListId="8c84fa94-04c1-424b-9868-57a2d4851a1d" relativeResultsDirectory="4e883a5a-30a9-4c73-9794-fc92263576cc" /><UnitTestResult executionId="8f820f8c-7fd2-423b-b183-260aa78e194f" testId="d36a9af2-dbfe-4488-a49b-2a7ba90ec13c" testName="Patch_InvalidEnumPropertyValueReturnsBadRequest" computerName="LAMBDA" duration="00:00:00.0160000" startTime="2018-08-08T14:41:04.5602955-04:00" endTime="2018-08-08T14:41:04.5603002-04:00" testType="13cdc9d9-ddb5-4fa4-a97d-d965ccfc6d4b" outcome="Passed" testListId="8c84fa94-04c1-424b-9868-57a2d4851a1d" relativeResultsDirectory="8f820f8c-7fd2-423b-b183-260aa78e194f" /><UnitTestResult executionId="d3b10502-3621-4028-88e7-a9bcd8a3eb9e" testId="cc4374c9-6d95-4c9c-884a-e65b38e31e79" testName="Put_ValidReferencePropertyUpdatesModel" computerName="LAMBDA" duration="00:00:00.5680000" startTime="2018-08-08T14:41:39.1883270-04:00" endTime="2018-08-08T14:41:39.1883385-04:00" testType="13cdc9d9-ddb5-4fa4-a97d-d965ccfc6d4b" outcome="Passed" testListId="8c84fa94-04c1-424b-9868-57a2d4851a1d" relativeResultsDirectory="d3b10502-3621-4028-88e7-a9bcd8a3eb9e" /><UnitTestResult executionId="12e28bf0-d2f1-44cd-bdcf-2269117b83de" testId="61cd7f35-5a6c-47c0-884f-9d6f10b1c73c" testName="PostFile_FileIsSynchronizedIsUpdatedAfterFileIsPosted" computerName="LAMBDA" duration="00:00:00.0160000" startTime="2018-08-08T14:41:13.6485980-04:00" endTime="2018-08-08T14:41:13.6486027-04:00" testType="13cdc9d9-ddb5-4fa4-a97d-d965ccfc6d4b" outcome="Passed" testListId="8c84fa94-04c1-424b-9868-57a2d4851a1d" relativeResultsDirectory="12e28bf0-d2f1-44cd-bdcf-2269117b83de" /><UnitTestResult executionId="456d0528-5209-4a02-bf73-b9e70c9536b1" testId="02a75ea1-a24f-4bf3-9cd2-e9bb9638233a" testName="Post_InvalidReferencePropertyReturnsBadRequest" computerName="LAMBDA" duration="00:00:00.0230000" startTime="2018-08-08T14:41:39.3397997-04:00" endTime="2018-08-08T14:41:39.3398053-04:00" testType="13cdc9d9-ddb5-4fa4-a97d-d965ccfc6d4b" outcome="Passed" testListId="8c84fa94-04c1-424b-9868-57a2d4851a1d" relativeResultsDirectory="456d0528-5209-4a02-bf73-b9e70c9536b1" /><UnitTestResult executionId="9c4e1aed-44b6-4d6c-9560-c0cabb6b6fc7" testId="d449ba5f-4a19-494a-90d2-07b9f031abec" testName="PutFile_NewFileCanBePut" computerName="LAMBDA" duration="00:00:00.4360000" startTime="2018-08-08T14:41:45.9958459-04:00" endTime="2018-08-08T14:41:45.9958596-04:00" testType="13cdc9d9-ddb5-4fa4-a97d-d965ccfc6d4b" outcome="Passed" testListId="8c84fa94-04c1-424b-9868-57a2d4851a1d" relativeResultsDirectory="9c4e1aed-44b6-4d6c-9560-c0cabb6b6fc7" /><UnitTestResult executionId="e05cbb0b-bb6a-411e-8a17-936a09d27468" testId="b0bd78c7-3e41-4730-9d9b-a9bb16a394bb" testName="GetSingle_InvalidIdPropertyValueReturnsNotFound" computerName="LAMBDA" duration="00:00:00.0600000" startTime="2018-08-08T14:41:06.5658785-04:00" endTime="2018-08-08T14:41:06.5658870-04:00" testType="13cdc9d9-ddb5-4fa4-a97d-d965ccfc6d4b" outcome="Passed" testListId="8c84fa94-04c1-424b-9868-57a2d4851a1d" relativeResultsDirectory="e05cbb0b-bb6a-411e-8a17-936a09d27468" /><UnitTestResult executionId="51ea4e1d-059e-413f-bb81-2b300418e8c5" testId="109837ec-446f-4fe7-a21c-9fefa2530926" testName="FileRequest_DepthBufferIsInvalidatedAfterCameraDependencyPropertyChange" computerName="LAMBDA" duration="00:00:01.5640000" startTime="2018-08-08T14:41:45.4869574-04:00" endTime="2018-08-08T14:41:45.4869715-04:00" testType="13cdc9d9-ddb5-4fa4-a97d-d965ccfc6d4b" outcome="Passed" testListId="8c84fa94-04c1-424b-9868-57a2d4851a1d" relativeResultsDirectory="51ea4e1d-059e-413f-bb81-2b300418e8c5" /><UnitTestResult executionId="4d0e5842-1888-48b2-bbc6-608468fb011a" testId="b97b5d4e-05b7-4f16-b517-bd2bc4a2be35" testName="Put_ValidReferencePropertyUpdatesModel" computerName="LAMBDA" duration="00:00:00.0660000" startTime="2018-08-08T14:41:03.9632237-04:00" endTime="2018-08-08T14:41:03.9632352-04:00" testType="13cdc9d9-ddb5-4fa4-a97d-d965ccfc6d4b" outcome="Passed" testListId="8c84fa94-04c1-424b-9868-57a2d4851a1d" relativeResultsDirectory="4d0e5842-1888-48b2-bbc6-608468fb011a" /><UnitTestResult executionId="07715dc1-dd6d-437e-ac89-1de946a0738e" testId="950038d4-b3a9-4dd8-bd4e-74e6ebf8afb9" testName="Patch_TargetPropertyIsUpdated" computerName="LAMBDA" duration="00:00:00.4600000" startTime="2018-08-08T14:41:38.6196227-04:00" endTime="2018-08-08T14:41:38.6196364-04:00" testType="13cdc9d9-ddb5-4fa4-a97d-d965ccfc6d4b" outcome="Passed" testListId="8c84fa94-04c1-424b-9868-57a2d4851a1d" relativeResultsDirectory="07715dc1-dd6d-437e-ac89-1de946a0738e" /><UnitTestResult executionId="053137d8-989b-4203-9972-adf018f47da9" testId="72b47f6c-3a7b-4460-97b0-c94e03b6e1b4" testName="Put_InvalidIdReturnsNotFound" computerName="LAMBDA" duration="00:00:00.1110000" startTime="2018-08-08T14:41:04.5129720-04:00" endTime="2018-08-08T14:41:04.5129810-04:00" testType="13cdc9d9-ddb5-4fa4-a97d-d965ccfc6d4b" outcome="Passed" testListId="8c84fa94-04c1-424b-9868-57a2d4851a1d" relativeResultsDirectory="053137d8-989b-4203-9972-adf018f47da9" /><UnitTestResult executionId="81b59a09-096d-49b1-ae59-4ebcd73884de" testId="0c8b2701-971a-4786-91fb-c4a3de2763d1" testName="GetSingle_ValidIdPropertyValueReturnsCorrectModel" computerName="LAMBDA" duration="00:00:00.0400000" startTime="2018-08-08T14:41:22.5240312-04:00" endTime="2018-08-08T14:41:22.5240355-04:00" testType="13cdc9d9-ddb5-4fa4-a97d-d965ccfc6d4b" outcome="Passed" testListId="8c84fa94-04c1-424b-9868-57a2d4851a1d" relativeResultsDirectory="81b59a09-096d-49b1-ae59-4ebcd73884de" /><UnitTestResult executionId="b27e0ff5-efff-4475-ab60-eb391ddec0c5" testId="d5509f4e-5308-4666-b338-aa478f081272" testName="Patch_InvalidEnumPropertyValueReturnsBadRequest" computerName="LAMBDA" duration="00:00:00.0220000" startTime="2018-08-08T14:41:48.2532565-04:00" endTime="2018-08-08T14:41:48.2532650-04:00" testType="13cdc9d9-ddb5-4fa4-a97d-d965ccfc6d4b" outcome="Passed" testListId="8c84fa94-04c1-424b-9868-57a2d4851a1d" relativeResultsDirectory="b27e0ff5-efff-4475-ab60-eb391ddec0c5" /><UnitTestResult executionId="3845fab0-df50-423e-838a-4f5716589132" testId="e7bf83ea-5aba-4b81-ba0f-da985ddb6d43" testName="PutFile_FileCanBeUpdated" computerName="LAMBDA" duration="00:00:00.7520000" startTime="2018-08-08T14:41:43.2137741-04:00" endTime="2018-08-08T14:41:43.2137886-04:00" testType="13cdc9d9-ddb5-4fa4-a97d-d965ccfc6d4b" outcome="Passed" testListId="8c84fa94-04c1-424b-9868-57a2d4851a1d" relativeResultsDirectory="3845fab0-df50-423e-838a-4f5716589132" /><UnitTestResult executionId="7c4e565e-a892-46e7-9cd5-6bbd09180853" testId="ae427667-015c-4774-b037-2a08e24b77a7" testName="PostFile_FileIsSynchronizedIsUpdatedAfterFileIsPosted" computerName="LAMBDA" duration="00:00:00.4970000" startTime="2018-08-08T14:41:36.4755916-04:00" endTime="2018-08-08T14:41:36.4756053-04:00" testType="13cdc9d9-ddb5-4fa4-a97d-d965ccfc6d4b" outcome="Passed" testListId="8c84fa94-04c1-424b-9868-57a2d4851a1d" relativeResultsDirectory="7c4e565e-a892-46e7-9cd5-6bbd09180853" /><UnitTestResult executionId="4cb47460-a701-496a-ae61-42cc2ce4ab0a" testId="8d50d767-3b21-4d14-9b83-b2c5337c7b17" testName="GetFile_FileCanBeRoundTripped" computerName="LAMBDA" duration="00:00:00.5740000" startTime="2018-08-08T14:41:27.3722257-04:00" endTime="2018-08-08T14:41:27.3722398-04:00" testType="13cdc9d9-ddb5-4fa4-a97d-d965ccfc6d4b" outcome="Passed" testListId="8c84fa94-04c1-424b-9868-57a2d4851a1d" relativeResultsDirectory="4cb47460-a701-496a-ae61-42cc2ce4ab0a" /><UnitTestResult executionId="930411cd-a66d-411d-8751-1d750a2f1c78" testId="5b6ccfdb-6ad5-4893-86ae-34b139d4922b" testName="Patch_InvalidIdPropertyReturnsNotFound" computerName="LAMBDA" duration="00:00:00.0300000" startTime="2018-08-08T14:41:21.7686121-04:00" endTime="2018-08-08T14:41:21.7686168-04:00" testType="13cdc9d9-ddb5-4fa4-a97d-d965ccfc6d4b" outcome="Passed" testListId="8c84fa94-04c1-424b-9868-57a2d4851a1d" relativeResultsDirectory="930411cd-a66d-411d-8751-1d750a2f1c78" /><UnitTestResult executionId="c47716d2-bfb7-459b-a29a-1a1fc1fabe3e" testId="3c428992-8003-4f4a-941c-c47fdf25b8a1" testName="Put_ValidReferencePropertyUpdatesModel" computerName="LAMBDA" duration="00:00:00.4890000" startTime="2018-08-08T14:41:15.1177151-04:00" endTime="2018-08-08T14:41:15.1177305-04:00" testType="13cdc9d9-ddb5-4fa4-a97d-d965ccfc6d4b" outcome="Passed" testListId="8c84fa94-04c1-424b-9868-57a2d4851a1d" relativeResultsDirectory="c47716d2-bfb7-459b-a29a-1a1fc1fabe3e" /><UnitTestResult executionId="6b8670d7-9182-447b-951f-3f55e1d5c97f" testId="f2682dd8-0061-4253-967c-f84c13020f6f" testName="Post_InvalidReferencePropertyReturnsBadRequest" computerName="LAMBDA" duration="00:00:00.0220000" startTime="2018-08-08T14:41:17.0818816-04:00" endTime="2018-08-08T14:41:17.0818871-04:00" testType="13cdc9d9-ddb5-4fa4-a97d-d965ccfc6d4b" outcome="Passed" testListId="8c84fa94-04c1-424b-9868-57a2d4851a1d" relativeResultsDirectory="6b8670d7-9182-447b-951f-3f55e1d5c97f" /><UnitTestResult executionId="cbc74ad6-df15-43d6-a4ce-bf2ef89adf76" testId="de1eaeae-1512-49db-9eb1-28e0cda38bbc" testName="Model3dHasExpectedDependentFiles" computerName="LAMBDA" duration="00:00:00.0350000" startTime="2018-08-08T14:41:01.8853349-04:00" endTime="2018-08-08T14:41:01.8853426-04:00" testType="13cdc9d9-ddb5-4fa4-a97d-d965ccfc6d4b" outcome="Passed" testListId="8c84fa94-04c1-424b-9868-57a2d4851a1d" relativeResultsDirectory="cbc74ad6-df15-43d6-a4ce-bf2ef89adf76" /><UnitTestResult executionId="eb674a78-647e-4aa1-b419-94673bf66935" testId="1d3580b8-88ee-49a4-acc7-6e419231a824" testName="Patch_TargetPropertyIsUpdated" computerName="LAMBDA" duration="00:00:00.5150000" startTime="2018-08-08T14:41:16.4462053-04:00" endTime="2018-08-08T14:41:16.4462190-04:00" testType="13cdc9d9-ddb5-4fa4-a97d-d965ccfc6d4b" outcome="Passed" testListId="8c84fa94-04c1-424b-9868-57a2d4851a1d" relativeResultsDirectory="eb674a78-647e-4aa1-b419-94673bf66935" /><UnitTestResult executionId="6278227a-b3e0-4beb-863a-30cd4ad2d9a8" testId="ca115215-44de-47ca-8e32-100bdfd7cdc5" testName="GetSingle_ValidIdPropertyValueReturnsCorrectModel" computerName="LAMBDA" duration="00:00:00.0200000" startTime="2018-08-08T14:41:06.6710615-04:00" endTime="2018-08-08T14:41:06.6710662-04:00" testType="13cdc9d9-ddb5-4fa4-a97d-d965ccfc6d4b" outcome="Passed" testListId="8c84fa94-04c1-424b-9868-57a2d4851a1d" relativeResultsDirectory="6278227a-b3e0-4beb-863a-30cd4ad2d9a8" /><UnitTestResult executionId="8eba002f-8f92-4ed0-9fbd-840f3e9143f3" testId="665a6bbd-f2be-47be-a787-3a72f863dc6a" testName="GetFile_NonExistentFileReturnsNotFound" computerName="LAMBDA" duration="00:00:00.0710000" startTime="2018-08-08T14:41:45.5586229-04:00" endTime="2018-08-08T14:41:45.5586302-04:00" testType="13cdc9d9-ddb5-4fa4-a97d-d965ccfc6d4b" outcome="Passed" testListId="8c84fa94-04c1-424b-9868-57a2d4851a1d" relativeResultsDirectory="8eba002f-8f92-4ed0-9fbd-840f3e9143f3" /><UnitTestResult executionId="1494c6f1-4dfa-45f2-93e4-69af32197a45" testId="f7964a5e-2fbd-4050-bd0d-f906831089cc" testName="GetSingle_InvalidIdPropertyValueReturnsNotFound" computerName="LAMBDA" duration="00:00:00.0260000" startTime="2018-08-08T14:41:21.7950711-04:00" endTime="2018-08-08T14:41:21.7950766-04:00" testType="13cdc9d9-ddb5-4fa4-a97d-d965ccfc6d4b" outcome="Passed" testListId="8c84fa94-04c1-424b-9868-57a2d4851a1d" relativeResultsDirectory="1494c6f1-4dfa-45f2-93e4-69af32197a45" /><UnitTestResult executionId="11e65d1e-e02b-4465-b538-68e7f4ef37af" testId="f4e598ad-6abc-45d2-b6fb-e6ec99233395" testName="PutFile_FileCanBeUpdated" computerName="LAMBDA" duration="00:00:00.7400000" startTime="2018-08-08T14:41:28.1141707-04:00" endTime="2018-08-08T14:41:28.1141857-04:00" testType="13cdc9d9-ddb5-4fa4-a97d-d965ccfc6d4b" outcome="Passed" testListId="8c84fa94-04c1-424b-9868-57a2d4851a1d" relativeResultsDirectory="11e65d1e-e02b-4465-b538-68e7f4ef37af" /><UnitTestResult executionId="38b7083d-610c-41bb-ada9-6b7247d632a9" testId="ebfd6fe3-8f00-4e6d-b8ab-6285fe6fee0e" testName="Put_InvalidIdReturnsNotFound" computerName="LAMBDA" duration="00:00:00.0340000" startTime="2018-08-08T14:41:39.4019819-04:00" endTime="2018-08-08T14:41:39.4019879-04:00" testType="13cdc9d9-ddb5-4fa4-a97d-d965ccfc6d4b" outcome="Passed" testListId="8c84fa94-04c1-424b-9868-57a2d4851a1d" relativeResultsDirectory="38b7083d-610c-41bb-ada9-6b7247d632a9" /><UnitTestResult executionId="78c12a08-37a5-465d-8550-02bc201cacf3" testId="33e64fed-9177-46bd-a698-a904ef9e65f3" testName="Patch_ValidReferencePropertyUpdatesModel" computerName="LAMBDA" duration="00:00:00.5630000" startTime="2018-08-08T14:41:07.2358312-04:00" endTime="2018-08-08T14:41:07.2358458-04:00" testType="13cdc9d9-ddb5-4fa4-a97d-d965ccfc6d4b" outcome="Passed" testListId="8c84fa94-04c1-424b-9868-57a2d4851a1d" relativeResultsDirectory="78c12a08-37a5-465d-8550-02bc201cacf3" /><UnitTestResult executionId="e9d519b3-6fb0-49ad-b7f7-a4a4a98ad78b" testId="cc587705-3b3c-463b-a29a-0c313579fe8e" testName="Put_InvalidIdReturnsNotFound" computerName="LAMBDA" duration="00:00:00.0470000" startTime="2018-08-08T14:41:06.6134867-04:00" endTime="2018-08-08T14:41:06.6134918-04:00" testType="13cdc9d9-ddb5-4fa4-a97d-d965ccfc6d4b" outcome="Passed" testListId="8c84fa94-04c1-424b-9868-57a2d4851a1d" relativeResultsDirectory="e9d519b3-6fb0-49ad-b7f7-a4a4a98ad78b" /><UnitTestResult executionId="89af489c-82e6-42dc-8869-4f1f2835ced0" testId="abfa3c54-9cd2-4c74-a965-3a06b30af4cf" testName="GetFile_NonExistentFileReturnsNotFound" computerName="LAMBDA" duration="00:00:00.0480000" startTime="2018-08-08T14:41:13.6319490-04:00" endTime="2018-08-08T14:41:13.6319558-04:00" testType="13cdc9d9-ddb5-4fa4-a97d-d965ccfc6d4b" outcome="Passed" testListId="8c84fa94-04c1-424b-9868-57a2d4851a1d" relativeResultsDirectory="89af489c-82e6-42dc-8869-4f1f2835ced0" /><UnitTestResult executionId="20ef7d1f-9504-4e52-8ff1-80eca4cb577c" testId="00eabe15-3873-41cb-bd4f-23e496a6c6d8" testName="Patch_MultipleInvalidReferencePropertiesReturnsMultipleValidationErrorsAndBadRequest" computerName="LAMBDA" duration="00:00:00.0150000" startTime="2018-08-08T14:41:05.0082176-04:00" endTime="2018-08-08T14:41:05.0082249-04:00" testType="13cdc9d9-ddb5-4fa4-a97d-d965ccfc6d4b" outcome="Passed" testListId="8c84fa94-04c1-424b-9868-57a2d4851a1d" relativeResultsDirectory="20ef7d1f-9504-4e52-8ff1-80eca4cb577c" /><UnitTestResult executionId="bad196b0-fc42-4c9a-9495-0e95ee92f479" testId="94f0fd14-a91a-4a91-927a-b5f19dfe4f4e" testName="Delete_TargetModelIsDeleted" computerName="LAMBDA" duration="00:00:00.3720000" startTime="2018-08-08T14:41:14.2454522-04:00" endTime="2018-08-08T14:41:14.2454668-04:00" testType="13cdc9d9-ddb5-4fa4-a97d-d965ccfc6d4b" outcome="Passed" testListId="8c84fa94-04c1-424b-9868-57a2d4851a1d" relativeResultsDirectory="bad196b0-fc42-4c9a-9495-0e95ee92f479" /><UnitTestResult executionId="7e6b8643-ec5c-4515-8cf3-b9b832436854" testId="0bc6fcc0-cd0a-4742-81a3-8f6386e68197" testName="GetSingle_InvalidIdPropertyValueReturnsNotFound" computerName="LAMBDA" duration="00:00:00.0300000" startTime="2018-08-08T14:41:48.2843675-04:00" endTime="2018-08-08T14:41:48.2843765-04:00" testType="13cdc9d9-ddb5-4fa4-a97d-d965ccfc6d4b" outcome="Passed" testListId="8c84fa94-04c1-424b-9868-57a2d4851a1d" relativeResultsDirectory="7e6b8643-ec5c-4515-8cf3-b9b832436854" /><UnitTestResult executionId="db80a3eb-7789-43ab-b102-770f87affdbe" testId="3a06c657-31e8-43fb-a460-74e0326cff74" testName="DepthBufferHasExpectedDependentFiles" computerName="LAMBDA" duration="00:00:00.0010000" startTime="2018-08-08T14:41:02.2677604-04:00" endTime="2018-08-08T14:41:02.2677625-04:00" testType="13cdc9d9-ddb5-4fa4-a97d-d965ccfc6d4b" outcome="Passed" testListId="8c84fa94-04c1-424b-9868-57a2d4851a1d" relativeResultsDirectory="db80a3eb-7789-43ab-b102-770f87affdbe" /><UnitTestResult executionId="49593279-fe2d-4369-8b15-174463c7ad77" testId="2f119f8e-c882-481a-a625-a52071255ad0" testName="GetSingle_InvalidIdPropertyValueReturnsNotFound" computerName="LAMBDA" duration="00:00:00.0670000" startTime="2018-08-08T14:41:39.8934436-04:00" endTime="2018-08-08T14:41:39.8934530-04:00" testType="13cdc9d9-ddb5-4fa4-a97d-d965ccfc6d4b" outcome="Passed" testListId="8c84fa94-04c1-424b-9868-57a2d4851a1d" relativeResultsDirectory="49593279-fe2d-4369-8b15-174463c7ad77" /><UnitTestResult executionId="449be3b1-8b66-49f6-893c-38e44ebec1e7" testId="4ef88128-1615-4b71-923c-496ff11e3c29" testName="Put_InvalidReferencePropertyReturndBadRequest" computerName="LAMBDA" duration="00:00:00.0450000" startTime="2018-08-08T14:41:22.5699126-04:00" endTime="2018-08-08T14:41:22.5699190-04:00" testType="13cdc9d9-ddb5-4fa4-a97d-d965ccfc6d4b" outcome="Passed" testListId="8c84fa94-04c1-424b-9868-57a2d4851a1d" relativeResultsDirectory="449be3b1-8b66-49f6-893c-38e44ebec1e7" /><UnitTestResult executionId="e673a015-e85a-41c1-a8f0-b358cb32267d" testId="06907c72-d4e2-4e42-baeb-0b9d74a3d7a4" testName="Post_ValidReferencePropertyCreatesModel" computerName="LAMBDA" duration="00:00:00.2560000" startTime="2018-08-08T14:41:40.1507357-04:00" endTime="2018-08-08T14:41:40.1507502-04:00" testType="13cdc9d9-ddb5-4fa4-a97d-d965ccfc6d4b" outcome="Passed" testListId="8c84fa94-04c1-424b-9868-57a2d4851a1d" relativeResultsDirectory="e673a015-e85a-41c1-a8f0-b358cb32267d" /><UnitTestResult executionId="fedaab34-27c7-47a7-bdc3-a2fe8b8a7630" testId="cb8a1e50-3d4d-4628-b01e-e23b2839ea0e" testName="Patch_TargetPropertyIsUpdated" computerName="LAMBDA" duration="00:00:00.4530000" startTime="2018-08-08T14:41:50.5637334-04:00" endTime="2018-08-08T14:41:50.5637453-04:00" testType="13cdc9d9-ddb5-4fa4-a97d-d965ccfc6d4b" outcome="Passed" testListId="8c84fa94-04c1-424b-9868-57a2d4851a1d" relativeResultsDirectory="fedaab34-27c7-47a7-bdc3-a2fe8b8a7630" /><UnitTestResult executionId="fa3c6572-2a0d-47df-a592-a8f3bbbd7794" testId="2899b59e-41d6-43eb-aeb5-9e52e24744a3" testName="Patch_InvalidIdPropertyReturnsNotFound" computerName="LAMBDA" duration="00:00:00.0170000" startTime="2018-08-08T14:41:49.1234483-04:00" endTime="2018-08-08T14:41:49.1234538-04:00" testType="13cdc9d9-ddb5-4fa4-a97d-d965ccfc6d4b" outcome="Passed" testListId="8c84fa94-04c1-424b-9868-57a2d4851a1d" relativeResultsDirectory="fa3c6572-2a0d-47df-a592-a8f3bbbd7794" /><UnitTestResult executionId="88dda6c1-b470-4b12-af64-e8d8a61d9a71" testId="b10ceb26-4ee0-4780-9f93-c0156ae42f6e" testName="FileRequest_MeshGenerateSetsFileIsSynchronized" computerName="LAMBDA" duration="00:00:05.3900000" startTime="2018-08-08T14:41:35.9776240-04:00" endTime="2018-08-08T14:41:35.9776381-04:00" testType="13cdc9d9-ddb5-4fa4-a97d-d965ccfc6d4b" outcome="Passed" testListId="8c84fa94-04c1-424b-9868-57a2d4851a1d" relativeResultsDirectory="88dda6c1-b470-4b12-af64-e8d8a61d9a71" /><UnitTestResult executionId="697afa12-7fca-47b4-b331-37374668c92c" testId="cd0c3789-b088-476b-84dd-cb0d2c01cef6" testName="GetList_ListReturnsCorrectCount" computerName="LAMBDA" duration="00:00:00.0290000" startTime="2018-08-08T14:41:08.4256770-04:00" endTime="2018-08-08T14:41:08.4256821-04:00" testType="13cdc9d9-ddb5-4fa4-a97d-d965ccfc6d4b" outcome="Passed" testListId="8c84fa94-04c1-424b-9868-57a2d4851a1d" relativeResultsDirectory="697afa12-7fca-47b4-b331-37374668c92c" /><UnitTestResult executionId="d6a6f5aa-0d0d-4bb9-8ac7-b66106128fec" testId="1b079ce6-39fe-4f8d-bce7-c0e119a3f4be" testName="Put_CanUpdateModel" computerName="LAMBDA" duration="00:00:00.4490000" startTime="2018-08-08T14:41:40.6011373-04:00" endTime="2018-08-08T14:41:40.6011510-04:00" testType="13cdc9d9-ddb5-4fa4-a97d-d965ccfc6d4b" outcome="Passed" testListId="8c84fa94-04c1-424b-9868-57a2d4851a1d" relativeResultsDirectory="d6a6f5aa-0d0d-4bb9-8ac7-b66106128fec" /><UnitTestResult executionId="b32fb35c-ab76-4382-90ff-bf450aefe28c" testId="cfba25ff-9a4a-4075-913f-182a20aa47de" testName="Put_InvalidReferencePropertyReturndBadRequest" computerName="LAMBDA" duration="00:00:00.0480000" startTime="2018-08-08T14:41:48.7676092-04:00" endTime="2018-08-08T14:41:48.7676143-04:00" testType="13cdc9d9-ddb5-4fa4-a97d-d965ccfc6d4b" outcome="Passed" testListId="8c84fa94-04c1-424b-9868-57a2d4851a1d" relativeResultsDirectory="b32fb35c-ab76-4382-90ff-bf450aefe28c" /><UnitTestResult executionId="181fb4f2-7b18-42e5-8dd2-439730567f72" testId="30385e7d-9660-4691-bd12-5a0cfeac783f" testName="Post_CanCreateNewModel" computerName="LAMBDA" duration="00:00:00.3330000" startTime="2018-08-08T14:41:38.1581024-04:00" endTime="2018-08-08T14:41:38.1581165-04:00" testType="13cdc9d9-ddb5-4fa4-a97d-d965ccfc6d4b" outcome="Passed" testListId="8c84fa94-04c1-424b-9868-57a2d4851a1d" relativeResultsDirectory="181fb4f2-7b18-42e5-8dd2-439730567f72" /><UnitTestResult executionId="0e1f9f18-f3f9-4aa1-aa6d-5f4a7ec9bbaa" testId="b0c1f290-01c7-49bc-a1c6-eefea7a79529" testName="Put_InvalidReferencePropertyReturndBadRequest" computerName="LAMBDA" duration="00:00:00.0150000" startTime="2018-08-08T14:41:05.0230688-04:00" endTime="2018-08-08T14:41:05.0230752-04:00" testType="13cdc9d9-ddb5-4fa4-a97d-d965ccfc6d4b" outcome="Passed" testListId="8c84fa94-04c1-424b-9868-57a2d4851a1d" relativeResultsDirectory="0e1f9f18-f3f9-4aa1-aa6d-5f4a7ec9bbaa" /><UnitTestResult executionId="65313a98-e64e-4706-bfd4-18e506109187" testId="026667ea-69cb-4312-86de-24c1af2d4533" testName="PostFile_FileTimeStampIsUpdatedAfterFileIsPosted" computerName="LAMBDA" duration="00:00:01.6900000" startTime="2018-08-08T14:41:42.4606852-04:00" endTime="2018-08-08T14:41:42.4607006-04:00" testType="13cdc9d9-ddb5-4fa4-a97d-d965ccfc6d4b" outcome="Passed" testListId="8c84fa94-04c1-424b-9868-57a2d4851a1d" relativeResultsDirectory="65313a98-e64e-4706-bfd4-18e506109187" /><UnitTestResult executionId="763a654a-93d0-4482-9fe3-b4a9b4a94088" testId="cc063b3c-e564-4024-840b-a42df801660c" testName="Post_InvalidPropertyValueReturnsBadRequest" computerName="LAMBDA" duration="00:00:00.0150000" startTime="2018-08-08T14:41:49.1574926-04:00" endTime="2018-08-08T14:41:49.1575063-04:00" testType="13cdc9d9-ddb5-4fa4-a97d-d965ccfc6d4b" outcome="Passed" testListId="8c84fa94-04c1-424b-9868-57a2d4851a1d" relativeResultsDirectory="763a654a-93d0-4482-9fe3-b4a9b4a94088" /><UnitTestResult executionId="81137428-ad10-4089-93c5-648c3d3c8dd4" testId="0eff090d-e7ee-48ff-a226-b8ee0a715634" testName="GetList_ListReturnsCorrectCount" computerName="LAMBDA" duration="00:00:00.0480000" startTime="2018-08-08T14:41:04.9927767-04:00" endTime="2018-08-08T14:41:04.9927827-04:00" testType="13cdc9d9-ddb5-4fa4-a97d-d965ccfc6d4b" outcome="Passed" testListId="8c84fa94-04c1-424b-9868-57a2d4851a1d" relativeResultsDirectory="81137428-ad10-4089-93c5-648c3d3c8dd4" /><UnitTestResult executionId="e083e4ef-58cc-405d-b076-aa601a60fbeb" testId="9a3ffe29-208e-4327-bf5e-803775eae37d" testName="Post_InvalidReferencePropertyReturnsBadRequest" computerName="LAMBDA" duration="00:00:00.0350000" startTime="2018-08-08T14:41:48.3200489-04:00" endTime="2018-08-08T14:41:48.3200540-04:00" testType="13cdc9d9-ddb5-4fa4-a97d-d965ccfc6d4b" outcome="Passed" testListId="8c84fa94-04c1-424b-9868-57a2d4851a1d" relativeResultsDirectory="e083e4ef-58cc-405d-b076-aa601a60fbeb" /><UnitTestResult executionId="479d35b6-0144-4db1-b6cf-c1cf6f3f9148" testId="346b92d0-fef4-412a-a905-592516d3995b" testName="GetFile_ExistingFileReturnsSuccess" computerName="LAMBDA" duration="00:00:00.8230000" startTime="2018-08-08T14:41:11.6940714-04:00" endTime="2018-08-08T14:41:11.6940769-04:00" testType="13cdc9d9-ddb5-4fa4-a97d-d965ccfc6d4b" outcome="Passed" testListId="8c84fa94-04c1-424b-9868-57a2d4851a1d" relativeResultsDirectory="479d35b6-0144-4db1-b6cf-c1cf6f3f9148" /><UnitTestResult executionId="07459f07-f71a-4c1a-bd4f-cb3193d6ae67" testId="debdc59b-f9b3-4b2e-9ece-03cd286b92ab" testName="Patch_InvalidPropertyNameReturnsBadRequest" computerName="LAMBDA" duration="00:00:00.0200000" startTime="2018-08-08T14:41:37.4414874-04:00" endTime="2018-08-08T14:41:37.4414921-04:00" testType="13cdc9d9-ddb5-4fa4-a97d-d965ccfc6d4b" outcome="Passed" testListId="8c84fa94-04c1-424b-9868-57a2d4851a1d" relativeResultsDirectory="07459f07-f71a-4c1a-bd4f-cb3193d6ae67" /><UnitTestResult executionId="a45ece1e-121e-43ac-95b0-08efc62f40ea" testId="cc948f65-faa9-4c8d-9ada-7da9f3949884" testName="GetSingle_InvalidIdPropertyValueReturnsNotFound" computerName="LAMBDA" duration="00:00:00.0200000" startTime="2018-08-08T14:41:04.5808686-04:00" endTime="2018-08-08T14:41:04.5808738-04:00" testType="13cdc9d9-ddb5-4fa4-a97d-d965ccfc6d4b" outcome="Passed" testListId="8c84fa94-04c1-424b-9868-57a2d4851a1d" relativeResultsDirectory="a45ece1e-121e-43ac-95b0-08efc62f40ea" /><UnitTestResult executionId="66769c8d-edfd-48f4-87f4-a0234f60b791" testId="e18a7c41-38a6-4614-80ca-531af98dbde5" testName="Put_InvalidReferencePropertyReturndBadRequest" computerName="LAMBDA" duration="00:00:00.0730000" startTime="2018-08-08T14:41:09.0849213-04:00" endTime="2018-08-08T14:41:09.0849264-04:00" testType="13cdc9d9-ddb5-4fa4-a97d-d965ccfc6d4b" outcome="Passed" testListId="8c84fa94-04c1-424b-9868-57a2d4851a1d" relativeResultsDirectory="66769c8d-edfd-48f4-87f4-a0234f60b791" /><UnitTestResult executionId="d405d41e-086f-4d11-9f1a-1c56bff5591b" testId="e54c0154-0e3d-4c79-a6d6-771470b330d9" testName="Delete_TargetModelIsDeleted" computerName="LAMBDA" duration="00:00:00.2650000" startTime="2018-08-08T14:41:09.0117881-04:00" endTime="2018-08-08T14:41:09.0118001-04:00" testType="13cdc9d9-ddb5-4fa4-a97d-d965ccfc6d4b" outcome="Passed" testListId="8c84fa94-04c1-424b-9868-57a2d4851a1d" relativeResultsDirectory="d405d41e-086f-4d11-9f1a-1c56bff5591b" /><UnitTestResult executionId="6d0a72ba-2b76-4708-8925-40150863e5d1" testId="e695a69e-cc87-43bf-a0c6-59e6bb621d54" testName="Patch_InvalidEnumPropertyValueReturnsBadRequest" computerName="LAMBDA" duration="00:00:00.0120000" startTime="2018-08-08T14:41:15.5232037-04:00" endTime="2018-08-08T14:41:15.5232084-04:00" testType="13cdc9d9-ddb5-4fa4-a97d-d965ccfc6d4b" outcome="Passed" testListId="8c84fa94-04c1-424b-9868-57a2d4851a1d" relativeResultsDirectory="6d0a72ba-2b76-4708-8925-40150863e5d1" /><UnitTestResult executionId="cf97c9de-d877-4f64-900b-c7e7be00294a" testId="a66208a3-1b2b-4bcb-ac5b-93d1fc45c186" testName="GetSingle_ValidIdPropertyValueReturnsCorrectModel" computerName="LAMBDA" duration="00:00:00.0280000" startTime="2018-08-08T14:41:39.3677897-04:00" endTime="2018-08-08T14:41:39.3677957-04:00" testType="13cdc9d9-ddb5-4fa4-a97d-d965ccfc6d4b" outcome="Passed" testListId="8c84fa94-04c1-424b-9868-57a2d4851a1d" relativeResultsDirectory="cf97c9de-d877-4f64-900b-c7e7be00294a" /><UnitTestResult executionId="fcf46510-b33e-4fe4-bce8-dc13f60bf963" testId="5e2e1f59-19cf-4634-a2a2-6c0ef5bd9f08" testName="Post_ValidReferencePropertyCreatesModel" computerName="LAMBDA" duration="00:00:00.2580000" startTime="2018-08-08T14:41:15.4388783-04:00" endTime="2018-08-08T14:41:15.4388894-04:00" testType="13cdc9d9-ddb5-4fa4-a97d-d965ccfc6d4b" outcome="Passed" testListId="8c84fa94-04c1-424b-9868-57a2d4851a1d" relativeResultsDirectory="fcf46510-b33e-4fe4-bce8-dc13f60bf963" /><UnitTestResult executionId="94d6a5a0-fca0-4467-9a36-c37104aeff31" testId="75777b82-ae59-423a-8560-2eadc71584cc" testName="GetSingle_ValidIdPropertyValueReturnsCorrectModel" computerName="LAMBDA" duration="00:00:00.0300000" startTime="2018-08-08T14:41:04.5437422-04:00" endTime="2018-08-08T14:41:04.5437512-04:00" testType="13cdc9d9-ddb5-4fa4-a97d-d965ccfc6d4b" outcome="Passed" testListId="8c84fa94-04c1-424b-9868-57a2d4851a1d" relativeResultsDirectory="94d6a5a0-fca0-4467-9a36-c37104aeff31" /><UnitTestResult executionId="1a03b77e-b758-45c4-a52a-19d883bd6a83" testId="d81cf79c-4235-4970-9116-5ace25f0380e" testName="Delete_TargetModelIsDeleted" computerName="LAMBDA" duration="00:00:00.2590000" startTime="2018-08-08T14:41:48.1888978-04:00" endTime="2018-08-08T14:41:48.1889094-04:00" testType="13cdc9d9-ddb5-4fa4-a97d-d965ccfc6d4b" outcome="Passed" testListId="8c84fa94-04c1-424b-9868-57a2d4851a1d" relativeResultsDirectory="1a03b77e-b758-45c4-a52a-19d883bd6a83" /><UnitTestResult executionId="1f3aba45-06f9-4dd3-870c-73e7859811bd" testId="eec664fb-ae5a-4b01-928e-2acbb1f29d4f" testName="Post_InvalidPropertyValueReturnsBadRequest" computerName="LAMBDA" duration="00:00:00.0180000" startTime="2018-08-08T14:41:39.4204575-04:00" endTime="2018-08-08T14:41:39.4204622-04:00" testType="13cdc9d9-ddb5-4fa4-a97d-d965ccfc6d4b" outcome="Passed" testListId="8c84fa94-04c1-424b-9868-57a2d4851a1d" relativeResultsDirectory="1f3aba45-06f9-4dd3-870c-73e7859811bd" /><UnitTestResult executionId="bef5426a-82a0-4fef-927f-d2048bbb4991" testId="342c8cba-8343-4144-9f58-3965b2eefa5d" testName="CameraHasExpectedDependentFiles" computerName="LAMBDA" duration="00:00:00.0010000" startTime="2018-08-08T14:41:02.2637524-04:00" endTime="2018-08-08T14:41:02.2637545-04:00" testType="13cdc9d9-ddb5-4fa4-a97d-d965ccfc6d4b" outcome="Passed" testListId="8c84fa94-04c1-424b-9868-57a2d4851a1d" relativeResultsDirectory="bef5426a-82a0-4fef-927f-d2048bbb4991" /><UnitTestResult executionId="691467dc-4281-47e0-aebb-f7d39a2942dd" testId="6758d2b5-6e71-4d53-baca-c59b23ab8c50" testName="Put_ValidReferencePropertyUpdatesModel" computerName="LAMBDA" duration="00:00:00.4460000" startTime="2018-08-08T14:41:07.6825529-04:00" endTime="2018-08-08T14:41:07.6825649-04:00" testType="13cdc9d9-ddb5-4fa4-a97d-d965ccfc6d4b" outcome="Passed" testListId="8c84fa94-04c1-424b-9868-57a2d4851a1d" relativeResultsDirectory="691467dc-4281-47e0-aebb-f7d39a2942dd" /><UnitTestResult executionId="6bb2f696-6a43-44d4-bfa6-67a224252779" testId="a44c792d-ad8a-4fbc-814d-7b9049995d88" testName="GetList_ListReturnsCorrectCount" computerName="LAMBDA" duration="00:00:00.0270000" startTime="2018-08-08T14:41:37.4211452-04:00" endTime="2018-08-08T14:41:37.4211495-04:00" testType="13cdc9d9-ddb5-4fa4-a97d-d965ccfc6d4b" outcome="Passed" testListId="8c84fa94-04c1-424b-9868-57a2d4851a1d" relativeResultsDirectory="6bb2f696-6a43-44d4-bfa6-67a224252779" /><UnitTestResult executionId="094f03de-1a16-42f5-acc0-8242a854e5fb" testId="f2a16367-fc68-43c0-807f-e5bacdd423cd" testName="Patch_TargetPropertyIsUpdated" computerName="LAMBDA" duration="00:00:00.5080000" startTime="2018-08-08T14:41:03.8965557-04:00" endTime="2018-08-08T14:41:03.8965711-04:00" testType="13cdc9d9-ddb5-4fa4-a97d-d965ccfc6d4b" outcome="Passed" testListId="8c84fa94-04c1-424b-9868-57a2d4851a1d" relativeResultsDirectory="094f03de-1a16-42f5-acc0-8242a854e5fb" /><UnitTestResult executionId="eafc010f-8b9f-4ddc-9eda-14e80544d586" testId="34581553-3140-4b48-96cb-66aa1c344153" testName="PostFile_FileTimeStampIsUpdatedAfterFileIsPosted" computerName="LAMBDA" duration="00:00:00.0150000" startTime="2018-08-08T14:41:09.1004781-04:00" endTime="2018-08-08T14:41:09.1004841-04:00" testType="13cdc9d9-ddb5-4fa4-a97d-d965ccfc6d4b" outcome="Passed" testListId="8c84fa94-04c1-424b-9868-57a2d4851a1d" relativeResultsDirectory="eafc010f-8b9f-4ddc-9eda-14e80544d586" /><UnitTestResult executionId="ab1e1551-ea21-49ae-89dd-ee9cfdb7e62d" testId="a7c3004d-1dea-4b74-b458-8434cf3fe84f" testName="Post_ValidReferencePropertyCreatesModel" computerName="LAMBDA" duration="00:00:00.0140000" startTime="2018-08-08T14:41:02.9229086-04:00" endTime="2018-08-08T14:41:02.9229121-04:00" testType="13cdc9d9-ddb5-4fa4-a97d-d965ccfc6d4b" outcome="Passed" testListId="8c84fa94-04c1-424b-9868-57a2d4851a1d" relativeResultsDirectory="ab1e1551-ea21-49ae-89dd-ee9cfdb7e62d" /><UnitTestResult executionId="f723c921-f20f-4647-adb0-0d278b1600a6" testId="c24d59e6-94bd-47fe-92f7-1c5fe2cc5573" testName="PostFile_FileIsSynchronizedIsUpdatedAfterFileIsPosted" computerName="LAMBDA" duration="00:00:00.5260000" startTime="2018-08-08T14:41:46.5233521-04:00" endTime="2018-08-08T14:41:46.5233671-04:00" testType="13cdc9d9-ddb5-4fa4-a97d-d965ccfc6d4b" outcome="Passed" testListId="8c84fa94-04c1-424b-9868-57a2d4851a1d" relativeResultsDirectory="f723c921-f20f-4647-adb0-0d278b1600a6" /><UnitTestResult executionId="804d7d26-758a-47da-8dac-ad876125ee41" testId="13fa303d-fb87-4a0d-a0fe-8c0b40bada56" testName="FileRequest_MeshIsInvalidatedAfterDepthBufferFileBecomesUnsynchronized" computerName="LAMBDA" duration="00:00:03.6630000" startTime="2018-08-08T14:41:26.7964284-04:00" endTime="2018-08-08T14:41:26.7964426-04:00" testType="13cdc9d9-ddb5-4fa4-a97d-d965ccfc6d4b" outcome="Passed" testListId="8c84fa94-04c1-424b-9868-57a2d4851a1d" relativeResultsDirectory="804d7d26-758a-47da-8dac-ad876125ee41" /><UnitTestResult executionId="6b0208b9-04b7-46ca-ad9e-d78ecd2e3d7e" testId="bb0b74ef-1b16-4829-be30-8b863d2f5ba8" testName="GetFile_NonExistentFileReturnsNotFound" computerName="LAMBDA" duration="00:00:00.0310000" startTime="2018-08-08T14:41:22.6246900-04:00" endTime="2018-08-08T14:41:22.6246947-04:00" testType="13cdc9d9-ddb5-4fa4-a97d-d965ccfc6d4b" outcome="Passed" testListId="8c84fa94-04c1-424b-9868-57a2d4851a1d" relativeResultsDirectory="6b0208b9-04b7-46ca-ad9e-d78ecd2e3d7e" /><UnitTestResult executionId="34985392-c3d0-48bb-b8e5-b22938c0e536" testId="980f4047-ce7b-4c7d-b427-49d89579c7b4" testName="GetFile_FileCanBeRoundTripped" computerName="LAMBDA" duration="00:00:00.5640000" startTime="2018-08-08T14:41:47.5417537-04:00" endTime="2018-08-08T14:41:47.5417648-04:00" testType="13cdc9d9-ddb5-4fa4-a97d-d965ccfc6d4b" outcome="Passed" testListId="8c84fa94-04c1-424b-9868-57a2d4851a1d" relativeResultsDirectory="34985392-c3d0-48bb-b8e5-b22938c0e536" /><UnitTestResult executionId="f5dfe122-c9c9-4b2e-bc84-8e7e3e6a3bf8" testId="18d4999b-81dc-4a75-a7ea-495c7496fb4f" testName="Post_CanCreateNewModel" computerName="LAMBDA" duration="00:00:00.2390000" startTime="2018-08-08T14:41:14.5420398-04:00" endTime="2018-08-08T14:41:14.5420534-04:00" testType="13cdc9d9-ddb5-4fa4-a97d-d965ccfc6d4b" outcome="Passed" testListId="8c84fa94-04c1-424b-9868-57a2d4851a1d" relativeResultsDirectory="f5dfe122-c9c9-4b2e-bc84-8e7e3e6a3bf8" /><UnitTestResult executionId="3c3c90a9-d637-4a6a-85b0-101c213680ea" testId="b621a6a9-b2ca-46da-aeaf-64ebe7aa6c09" testName="Put_CanUpdateModel" computerName="LAMBDA" duration="00:00:00.3620000" startTime="2018-08-08T14:41:04.9436576-04:00" endTime="2018-08-08T14:41:04.9436738-04:00" testType="13cdc9d9-ddb5-4fa4-a97d-d965ccfc6d4b" outcome="Passed" testListId="8c84fa94-04c1-424b-9868-57a2d4851a1d" relativeResultsDirectory="3c3c90a9-d637-4a6a-85b0-101c213680ea" /><UnitTestResult executionId="4079215f-9536-4e58-b904-861cc1ae9345" testId="aa4c9cca-b7b1-466f-909c-11fd88c9b795" testName="Patch_ValidReferencePropertyUpdatesModel" computerName="LAMBDA" duration="00:00:00.5330000" startTime="2018-08-08T14:41:02.8059292-04:00" endTime="2018-08-08T14:41:02.8059352-04:00" testType="13cdc9d9-ddb5-4fa4-a97d-d965ccfc6d4b" outcome="Passed" testListId="8c84fa94-04c1-424b-9868-57a2d4851a1d" relativeResultsDirectory="4079215f-9536-4e58-b904-861cc1ae9345" /><UnitTestResult executionId="b2f2fc2f-ab9f-4611-bd07-0e25b5fd625b" testId="4d31e0aa-eb73-4923-b6e1-85cbf7b614a0" testName="Post_ValidReferencePropertyCreatesModel" computerName="LAMBDA" duration="00:00:00.5760000" startTime="2018-08-08T14:41:08.3238802-04:00" endTime="2018-08-08T14:41:08.3238918-04:00" testType="13cdc9d9-ddb5-4fa4-a97d-d965ccfc6d4b" outcome="Passed" testListId="8c84fa94-04c1-424b-9868-57a2d4851a1d" relativeResultsDirectory="b2f2fc2f-ab9f-4611-bd07-0e25b5fd625b" /><UnitTestResult executionId="8747c181-00d0-43fe-97e0-4c482b0e9361" testId="71eafbe1-6658-42ee-9ce2-f37341b106be" testName="GetSingle_ValidIdPropertyValueReturnsCorrectModel" computerName="LAMBDA" duration="00:00:00.0430000" startTime="2018-08-08T14:41:17.0599292-04:00" endTime="2018-08-08T14:41:17.0599360-04:00" testType="13cdc9d9-ddb5-4fa4-a97d-d965ccfc6d4b" outcome="Passed" testListId="8c84fa94-04c1-424b-9868-57a2d4851a1d" relativeResultsDirectory="8747c181-00d0-43fe-97e0-4c482b0e9361" /><UnitTestResult executionId="1a998ff2-7c3b-4540-b912-80b30988df6a" testId="7178e0d7-4e72-4141-8393-8def047aa802" testName="Patch_ValidReferencePropertyUpdatesModel" computerName="LAMBDA" duration="00:00:00.4090000" startTime="2018-08-08T14:41:49.5681109-04:00" endTime="2018-08-08T14:41:49.5681229-04:00" testType="13cdc9d9-ddb5-4fa4-a97d-d965ccfc6d4b" outcome="Passed" testListId="8c84fa94-04c1-424b-9868-57a2d4851a1d" relativeResultsDirectory="1a998ff2-7c3b-4540-b912-80b30988df6a" /><UnitTestResult executionId="39b94c4f-cd87-421e-9500-06e1fb2c6dd2" testId="bd6ef7d0-abc9-48bd-a4ee-b3084c49e411" testName="Patch_InvalidPropertyNameReturnsBadRequest" computerName="LAMBDA" duration="00:00:00.0270000" startTime="2018-08-08T14:41:13.8727452-04:00" endTime="2018-08-08T14:41:13.8727503-04:00" testType="13cdc9d9-ddb5-4fa4-a97d-d965ccfc6d4b" outcome="Passed" testListId="8c84fa94-04c1-424b-9868-57a2d4851a1d" relativeResultsDirectory="39b94c4f-cd87-421e-9500-06e1fb2c6dd2" /><UnitTestResult executionId="96664d46-0de0-4e48-86aa-844dd773f6cb" testId="d5fec3a9-d213-4c97-950f-a21085aaf8de" testName="Patch_TargetPropertyIsUpdated" computerName="LAMBDA" duration="00:00:00.6560000" startTime="2018-08-08T14:41:06.0107754-04:00" endTime="2018-08-08T14:41:06.0107874-04:00" testType="13cdc9d9-ddb5-4fa4-a97d-d965ccfc6d4b" outcome="Passed" testListId="8c84fa94-04c1-424b-9868-57a2d4851a1d" relativeResultsDirectory="96664d46-0de0-4e48-86aa-844dd773f6cb" /><UnitTestResult executionId="2d3bd43a-45c1-4d4e-bcfe-4b3408e39754" testId="a22c22c4-6221-43f8-80a2-56c21f045306" testName="Post_InvalidReferencePropertyReturnsBadRequest" computerName="LAMBDA" duration="00:00:00.0150000" startTime="2018-08-08T14:41:02.9324620-04:00" endTime="2018-08-08T14:41:02.9324654-04:00" testType="13cdc9d9-ddb5-4fa4-a97d-d965ccfc6d4b" outcome="Passed" testListId="8c84fa94-04c1-424b-9868-57a2d4851a1d" relativeResultsDirectory="2d3bd43a-45c1-4d4e-bcfe-4b3408e39754" /><UnitTestResult executionId="03417447-e1da-4595-812d-7bef4ebf879e" testId="a1807aed-c63a-44b2-90a7-d2346210bd90" testName="FileRequest_FileCanBeReadAfterRename" computerName="LAMBDA" duration="00:00:00.8360000" startTime="2018-08-08T14:41:37.3131371-04:00" endTime="2018-08-08T14:41:37.3131512-04:00" testType="13cdc9d9-ddb5-4fa4-a97d-d965ccfc6d4b" outcome="Passed" testListId="8c84fa94-04c1-424b-9868-57a2d4851a1d" relativeResultsDirectory="03417447-e1da-4595-812d-7bef4ebf879e" /><UnitTestResult executionId="dd85e403-f8f6-44ed-9052-7cced66ccb22" testId="f8d63bca-1c33-4d2a-843d-f52a3b7f2c24" testName="Patch_InvalidEnumPropertyValueReturnsBadRequest" computerName="LAMBDA" duration="00:00:00.0710000" startTime="2018-08-08T14:41:20.9012471-04:00" endTime="2018-08-08T14:41:20.9012608-04:00" testType="13cdc9d9-ddb5-4fa4-a97d-d965ccfc6d4b" outcome="Passed" testListId="8c84fa94-04c1-424b-9868-57a2d4851a1d" relativeResultsDirectory="dd85e403-f8f6-44ed-9052-7cced66ccb22" /><UnitTestResult executionId="e3de2c37-b7e4-4d83-aac9-38a2beb19d39" testId="52f6095b-ad2d-4046-bce7-d0a132df0bb4" testName="Post_ValidReferencePropertyCreatesModel" computerName="LAMBDA" duration="00:00:00.2600000" startTime="2018-08-08T14:41:49.0288964-04:00" endTime="2018-08-08T14:41:49.0289100-04:00" testType="13cdc9d9-ddb5-4fa4-a97d-d965ccfc6d4b" outcome="Passed" testListId="8c84fa94-04c1-424b-9868-57a2d4851a1d" relativeResultsDirectory="e3de2c37-b7e4-4d83-aac9-38a2beb19d39" /><UnitTestResult executionId="27030367-c679-43c6-8d52-324844f5628d" testId="dad71911-66d0-4355-84eb-08f40d2a883b" testName="GetFile_ExistingFileReturnsSuccess" computerName="LAMBDA" duration="00:00:00.1460000" startTime="2018-08-08T14:41:28.2607387-04:00" endTime="2018-08-08T14:41:28.2607481-04:00" testType="13cdc9d9-ddb5-4fa4-a97d-d965ccfc6d4b" outcome="Passed" testListId="8c84fa94-04c1-424b-9868-57a2d4851a1d" relativeResultsDirectory="27030367-c679-43c6-8d52-324844f5628d" /><UnitTestResult executionId="ba811164-7471-4a38-aa04-5543baa348fd" testId="a6c64a89-811b-4875-9275-873349ef1c2d" testName="Put_CanUpdateModel" computerName="LAMBDA" duration="00:00:00.3980000" startTime="2018-08-08T14:41:48.7192928-04:00" endTime="2018-08-08T14:41:48.7193078-04:00" testType="13cdc9d9-ddb5-4fa4-a97d-d965ccfc6d4b" outcome="Passed" testListId="8c84fa94-04c1-424b-9868-57a2d4851a1d" relativeResultsDirectory="ba811164-7471-4a38-aa04-5543baa348fd" /><UnitTestResult executionId="1f0ad46f-d96a-4ee6-9920-26801c34037e" testId="984df376-6164-4096-a042-bc148f08be71" testName="Put_InvalidIdReturnsNotFound" computerName="LAMBDA" duration="00:00:00.0590000" startTime="2018-08-08T14:41:47.9283206-04:00" endTime="2018-08-08T14:41:47.9283253-04:00" testType="13cdc9d9-ddb5-4fa4-a97d-d965ccfc6d4b" outcome="Passed" testListId="8c84fa94-04c1-424b-9868-57a2d4851a1d" relativeResultsDirectory="1f0ad46f-d96a-4ee6-9920-26801c34037e" /><UnitTestResult executionId="c2b8ce85-4275-4965-8faa-15e47acaf486" testId="ef145af6-8ee6-4f38-a275-d83631ed0b06" testName="Put_CanUpdateModel" computerName="LAMBDA" duration="00:00:01.0100000" startTime="2018-08-08T14:41:20.3686595-04:00" endTime="2018-08-08T14:41:20.3686728-04:00" testType="13cdc9d9-ddb5-4fa4-a97d-d965ccfc6d4b" outcome="Passed" testListId="8c84fa94-04c1-424b-9868-57a2d4851a1d" relativeResultsDirectory="c2b8ce85-4275-4965-8faa-15e47acaf486" /><UnitTestResult executionId="2a77d3bf-a32c-4b08-9398-b3c77d10376a" testId="040da1a8-eb8d-4b62-ae9b-456bcdd19cbf" testName="LucyModel3dHasTwoDependents" computerName="LAMBDA" duration="00:00:00.3720000" startTime="2018-08-08T14:41:02.2548050-04:00" endTime="2018-08-08T14:41:02.2548088-04:00" testType="13cdc9d9-ddb5-4fa4-a97d-d965ccfc6d4b" outcome="Passed" testListId="8c84fa94-04c1-424b-9868-57a2d4851a1d" relativeResultsDirectory="2a77d3bf-a32c-4b08-9398-b3c77d10376a" /><UnitTestResult executionId="5241b3b2-eb07-44c4-9e7b-4ee514922fb3" testId="a4e4f2c0-ff66-46e3-af23-b0573d05ec63" testName="Post_InvalidPropertyValueReturnsBadRequest" computerName="LAMBDA" duration="00:00:00.0180000" startTime="2018-08-08T14:41:06.6507184-04:00" endTime="2018-08-08T14:41:06.6507244-04:00" testType="13cdc9d9-ddb5-4fa4-a97d-d965ccfc6d4b" outcome="Passed" testListId="8c84fa94-04c1-424b-9868-57a2d4851a1d" relativeResultsDirectory="5241b3b2-eb07-44c4-9e7b-4ee514922fb3" /><UnitTestResult executionId="ece99d5b-2f6a-4688-b83a-491f77590b12" testId="edf040bb-75ff-4a08-9596-b2a5b973b463" testName="Patch_MultipleInvalidReferencePropertiesReturnsMultipleValidationErrorsAndBadRequest" computerName="LAMBDA" duration="00:00:00.0430000" startTime="2018-08-08T14:41:21.8646714-04:00" endTime="2018-08-08T14:41:21.8646757-04:00" testType="13cdc9d9-ddb5-4fa4-a97d-d965ccfc6d4b" outcome="Passed" testListId="8c84fa94-04c1-424b-9868-57a2d4851a1d" relativeResultsDirectory="ece99d5b-2f6a-4688-b83a-491f77590b12" /><UnitTestResult executionId="4d297a3b-3c54-4120-a0ee-65bfbdeb3eaa" testId="6e2dffe7-0a9f-4ce3-8a63-8959c9252079" testName="Put_InvalidReferencePropertyReturndBadRequest" computerName="LAMBDA" duration="00:00:00.0540000" startTime="2018-08-08T14:41:15.4931687-04:00" endTime="2018-08-08T14:41:15.4931734-04:00" testType="13cdc9d9-ddb5-4fa4-a97d-d965ccfc6d4b" outcome="Passed" testListId="8c84fa94-04c1-424b-9868-57a2d4851a1d" relativeResultsDirectory="4d297a3b-3c54-4120-a0ee-65bfbdeb3eaa" /><UnitTestResult executionId="b208f0ae-3fb8-4971-835b-4d52701f03d4" testId="e137402a-49ea-49b5-a6da-91ad24324f05" testName="Post_CanCreateNewModel" computerName="LAMBDA" duration="00:00:00.3300000" startTime="2018-08-08T14:41:21.6146230-04:00" endTime="2018-08-08T14:41:21.6146358-04:00" testType="13cdc9d9-ddb5-4fa4-a97d-d965ccfc6d4b" outcome="Passed" testListId="8c84fa94-04c1-424b-9868-57a2d4851a1d" relativeResultsDirectory="b208f0ae-3fb8-4971-835b-4d52701f03d4" /><UnitTestResult executionId="25197220-9a78-492f-9bca-880ef4e71f22" testId="c05b27c3-b45e-4334-a759-9ff677e0d580" testName="GetList_ListReturnsCorrectCount" computerName="LAMBDA" duration="00:00:00.0290000" startTime="2018-08-08T14:41:14.6276049-04:00" endTime="2018-08-08T14:41:14.6276105-04:00" testType="13cdc9d9-ddb5-4fa4-a97d-d965ccfc6d4b" outcome="Passed" testListId="8c84fa94-04c1-424b-9868-57a2d4851a1d" relativeResultsDirectory="25197220-9a78-492f-9bca-880ef4e71f22" /><UnitTestResult executionId="a111735f-b9c9-4795-b87c-99629183491d" testId="2a801ff9-9178-4968-89a0-a1d1962ba107" testName="Post_ValidReferencePropertyCreatesModel" computerName="LAMBDA" duration="00:00:00.2700000" startTime="2018-08-08T14:41:22.1362553-04:00" endTime="2018-08-08T14:41:22.1362669-04:00" testType="13cdc9d9-ddb5-4fa4-a97d-d965ccfc6d4b" outcome="Passed" testListId="8c84fa94-04c1-424b-9868-57a2d4851a1d" relativeResultsDirectory="a111735f-b9c9-4795-b87c-99629183491d" /><UnitTestResult executionId="5899dde9-f632-4ffd-9cb1-8e979c51ad5e" testId="2fd277d7-5e0d-4eb0-be29-4e34cb0881da" testName="Put_CanUpdateModel" computerName="LAMBDA" duration="00:00:00.5080000" startTime="2018-08-08T14:41:16.9555113-04:00" endTime="2018-08-08T14:41:16.9555258-04:00" testType="13cdc9d9-ddb5-4fa4-a97d-d965ccfc6d4b" outcome="Passed" testListId="8c84fa94-04c1-424b-9868-57a2d4851a1d" relativeResultsDirectory="5899dde9-f632-4ffd-9cb1-8e979c51ad5e" /><UnitTestResult executionId="00dc31b1-a141-4f69-b8a9-743586dc10b2" testId="6f1b1c3b-6647-4cb6-93d5-2b47d7e90c74" testName="Delete_TargetModelIsDeleted" computerName="LAMBDA" duration="00:00:00.3460000" startTime="2018-08-08T14:41:22.4831495-04:00" endTime="2018-08-08T14:41:22.4831632-04:00" testType="13cdc9d9-ddb5-4fa4-a97d-d965ccfc6d4b" outcome="Passed" testListId="8c84fa94-04c1-424b-9868-57a2d4851a1d" relativeResultsDirectory="00dc31b1-a141-4f69-b8a9-743586dc10b2" /><UnitTestResult executionId="072d6974-f302-466e-b941-6a046a56b76a" testId="017fa835-f0ca-49bb-9b01-a2899ac942ed" testName="GetList_ListReturnsCorrectCount" computerName="LAMBDA" duration="00:00:00.0420000" startTime="2018-08-08T14:41:48.2313268-04:00" endTime="2018-08-08T14:41:48.2313358-04:00" testType="13cdc9d9-ddb5-4fa4-a97d-d965ccfc6d4b" outcome="Passed" testListId="8c84fa94-04c1-424b-9868-57a2d4851a1d" relativeResultsDirectory="072d6974-f302-466e-b941-6a046a56b76a" /><UnitTestResult executionId="2e17f3a9-13f8-4689-b043-9e0fd39cbb1e" testId="30725f58-f71c-4204-ac10-f816fe5c7b94" testName="PostFile_NewFileCanBePosted" computerName="LAMBDA" duration="00:00:00.4530000" startTime="2018-08-08T14:41:46.9771147-04:00" endTime="2018-08-08T14:41:46.9771297-04:00" testType="13cdc9d9-ddb5-4fa4-a97d-d965ccfc6d4b" outcome="Passed" testListId="8c84fa94-04c1-424b-9868-57a2d4851a1d" relativeResultsDirectory="2e17f3a9-13f8-4689-b043-9e0fd39cbb1e" /><UnitTestResult executionId="3dcea818-2ca9-46c1-93f1-a4f208526235" testId="870bc49c-8268-4a13-8bd3-f592ca6c1902" testName="Patch_ValidReferencePropertyUpdatesModel" computerName="LAMBDA" duration="00:00:00.4050000" startTime="2018-08-08T14:41:15.9300072-04:00" endTime="2018-08-08T14:41:15.9300179-04:00" testType="13cdc9d9-ddb5-4fa4-a97d-d965ccfc6d4b" outcome="Passed" testListId="8c84fa94-04c1-424b-9868-57a2d4851a1d" relativeResultsDirectory="3dcea818-2ca9-46c1-93f1-a4f208526235" /><UnitTestResult executionId="472cd67e-54c1-4357-ae68-0f557a853096" testId="89fba62a-bf94-45de-a51e-4b2b0b407ee8" testName="Put_InvalidIdReturnsNotFound" computerName="LAMBDA" duration="00:00:00.1960000" startTime="2018-08-08T14:41:13.8457353-04:00" endTime="2018-08-08T14:41:13.8457395-04:00" testType="13cdc9d9-ddb5-4fa4-a97d-d965ccfc6d4b" outcome="Passed" testListId="8c84fa94-04c1-424b-9868-57a2d4851a1d" relativeResultsDirectory="472cd67e-54c1-4357-ae68-0f557a853096" /><UnitTestResult executionId="700beb3f-33ca-46f3-8097-b0300b4e0f97" testId="771fbb81-63dd-4ffc-9d6c-5929f0127743" testName="Patch_ValidReferencePropertyUpdatesModel" computerName="LAMBDA" duration="00:00:01.0410000" startTime="2018-08-08T14:41:19.3572707-04:00" endTime="2018-08-08T14:41:19.3572844-04:00" testType="13cdc9d9-ddb5-4fa4-a97d-d965ccfc6d4b" outcome="Passed" testListId="8c84fa94-04c1-424b-9868-57a2d4851a1d" relativeResultsDirectory="700beb3f-33ca-46f3-8097-b0300b4e0f97" /><UnitTestResult executionId="11b85294-44cd-4005-b0d5-a6267b5c5c4c" testId="312ff250-68de-4922-9a61-ef9c8d751a1b" testName="PutFile_FileCanBeUpdated" computerName="LAMBDA" duration="00:00:00.8550000" startTime="2018-08-08T14:41:10.8706522-04:00" endTime="2018-08-08T14:41:10.8706667-04:00" testType="13cdc9d9-ddb5-4fa4-a97d-d965ccfc6d4b" outcome="Passed" testListId="8c84fa94-04c1-424b-9868-57a2d4851a1d" relativeResultsDirectory="11b85294-44cd-4005-b0d5-a6267b5c5c4c" /><UnitTestResult executionId="e8307642-c722-4db8-9a38-973c10820a6f" testId="5ee225da-0c91-4e9a-8629-976f906b1cd9" testName="MeshTransformHasExpectedDependentFiles" computerName="LAMBDA" duration="00:00:00.0010000" startTime="2018-08-08T14:41:02.2639996-04:00" endTime="2018-08-08T14:41:02.2640017-04:00" testType="13cdc9d9-ddb5-4fa4-a97d-d965ccfc6d4b" outcome="Passed" testListId="8c84fa94-04c1-424b-9868-57a2d4851a1d" relativeResultsDirectory="e8307642-c722-4db8-9a38-973c10820a6f" /><UnitTestResult executionId="326b3b4c-981a-49a7-a3c3-54c534229095" testId="67cecebf-a7de-48bd-a84e-e03c7aa7688e" testName="Patch_InvalidIdPropertyReturnsNotFound" computerName="LAMBDA" duration="00:00:00.0180000" startTime="2018-08-08T14:41:15.5113226-04:00" endTime="2018-08-08T14:41:15.5113273-04:00" testType="13cdc9d9-ddb5-4fa4-a97d-d965ccfc6d4b" outcome="Passed" testListId="8c84fa94-04c1-424b-9868-57a2d4851a1d" relativeResultsDirectory="326b3b4c-981a-49a7-a3c3-54c534229095" /><UnitTestResult executionId="e0b95322-c8fc-46c4-8ccf-a919c93e2a4c" testId="b63d4fe2-54b4-4e73-8c8e-97002bc7749f" testName="FileRequest_FileCanBeReadAfterRename" computerName="LAMBDA" duration="00:00:00.7580000" startTime="2018-08-08T14:41:12.4534429-04:00" endTime="2018-08-08T14:41:12.4534566-04:00" testType="13cdc9d9-ddb5-4fa4-a97d-d965ccfc6d4b" outcome="Passed" testListId="8c84fa94-04c1-424b-9868-57a2d4851a1d" relativeResultsDirectory="e0b95322-c8fc-46c4-8ccf-a919c93e2a4c" /></Results><TestDefinitions><UnitTest name="Delete_TargetModelIsDeleted" storage="d:\github\modelrelief\modelrelief.test\bin\debug\netcoreapp2.0\modelrelief.test.dll" id="6f1b1c3b-6647-4cb6-93d5-2b47d7e90c74"><Execution id="00dc31b1-a141-4f69-b8a9-743586dc10b2" /><TestMethod codeBase="d:\Github\ModelRelief\ModelRelief.test\bin\Debug\netcoreapp2.0\ModelRelief.Test.dll" adapterTypeName="executor://xunit/VsTestRunner2/netcoreapp" className="ModelRelief.Test.Integration.Meshes.MeshesBaseIntegrationTests" name="Delete_TargetModelIsDeleted" /></UnitTest><UnitTest name="Patch_InvalidIdPropertyReturnsNotFound" storage="d:\github\modelrelief\modelrelief.test\bin\debug\netcoreapp2.0\modelrelief.test.dll" id="2899b59e-41d6-43eb-aeb5-9e52e24744a3"><Execution id="fa3c6572-2a0d-47df-a592-a8f3bbbd7794" /><TestMethod codeBase="d:\Github\ModelRelief\ModelRelief.test\bin\Debug\netcoreapp2.0\ModelRelief.Test.dll" adapterTypeName="executor://xunit/VsTestRunner2/netcoreapp" className="ModelRelief.Test.Integration.Cameras.CamerasBaseIntegrationTests" name="Patch_InvalidIdPropertyReturnsNotFound" /></UnitTest><UnitTest name="CameraHasExpectedDependentFiles" storage="d:\github\modelrelief\modelrelief.test\bin\debug\netcoreapp2.0\modelrelief.test.dll" id="342c8cba-8343-4144-9f58-3965b2eefa5d"><Execution id="bef5426a-82a0-4fef-927f-d2048bbb4991" /><TestMethod codeBase="d:\Github\ModelRelief\ModelRelief.test\bin\Debug\netcoreapp2.0\ModelRelief.Test.dll" adapterTypeName="executor://xunit/VsTestRunner2/netcoreapp" className="ModelRelief.Test.Unit.DependencyManager.DependencyManagerTests" name="CameraHasExpectedDependentFiles" /></UnitTest><UnitTest name="Patch_ValidReferencePropertyUpdatesModel" storage="d:\github\modelrelief\modelrelief.test\bin\debug\netcoreapp2.0\modelrelief.test.dll" id="f0bca7f5-5944-4311-8d5c-aeb1c0773fbf"><Execution id="b846f216-b3de-49bc-b2e8-ccf0410181c1" /><TestMethod codeBase="d:\Github\ModelRelief\ModelRelief.test\bin\Debug\netcoreapp2.0\ModelRelief.Test.dll" adapterTypeName="executor://xunit/VsTestRunner2/netcoreapp" className="ModelRelief.Test.Integration.DepthBuffers.DepthBuffersBaseIntegrationTests" name="Patch_ValidReferencePropertyUpdatesModel" /></UnitTest><UnitTest name="Put_InvalidIdReturnsNotFound" storage="d:\github\modelrelief\modelrelief.test\bin\debug\netcoreapp2.0\modelrelief.test.dll" id="cc587705-3b3c-463b-a29a-0c313579fe8e"><Execution id="e9d519b3-6fb0-49ad-b7f7-a4a4a98ad78b" /><TestMethod codeBase="d:\Github\ModelRelief\ModelRelief.test\bin\Debug\netcoreapp2.0\ModelRelief.Test.dll" adapterTypeName="executor://xunit/VsTestRunner2/netcoreapp" className="ModelRelief.Test.Integration.Models.ModelsBaseIntegrationTests" name="Put_InvalidIdReturnsNotFound" /></UnitTest><UnitTest name="GetList_ListReturnsCorrectCount" storage="d:\github\modelrelief\modelrelief.test\bin\debug\netcoreapp2.0\modelrelief.test.dll" id="017fa835-f0ca-49bb-9b01-a2899ac942ed"><Execution id="072d6974-f302-466e-b941-6a046a56b76a" /><TestMethod codeBase="d:\Github\ModelRelief\ModelRelief.test\bin\Debug\netcoreapp2.0\ModelRelief.Test.dll" adapterTypeName="executor://xunit/VsTestRunner2/netcoreapp" className="ModelRelief.Test.Integration.Cameras.CamerasBaseIntegrationTests" name="GetList_ListReturnsCorrectCount" /></UnitTest><UnitTest name="GetSingle_ValidIdPropertyValueReturnsCorrectModel" storage="d:\github\modelrelief\modelrelief.test\bin\debug\netcoreapp2.0\modelrelief.test.dll" id="75777b82-ae59-423a-8560-2eadc71584cc"><Execution id="94d6a5a0-fca0-4467-9a36-c37104aeff31" /><TestMethod codeBase="d:\Github\ModelRelief\ModelRelief.test\bin\Debug\netcoreapp2.0\ModelRelief.Test.dll" adapterTypeName="executor://xunit/VsTestRunner2/netcoreapp" className="ModelRelief.Test.Integration.Projects.ProjectsBaseIntegrationTests" name="GetSingle_ValidIdPropertyValueReturnsCorrectModel" /></UnitTest><UnitTest name="LucyCameraFindsAllDependents" storage="d:\github\modelrelief\modelrelief.test\bin\debug\netcoreapp2.0\modelrelief.test.dll" id="f0ae0311-1116-44a2-9d83-105f1f6d0afc"><Execution id="c0206390-8496-4f79-a264-de091556002d" /><TestMethod codeBase="d:\Github\ModelRelief\ModelRelief.test\bin\Debug\netcoreapp2.0\ModelRelief.Test.dll" adapterTypeName="executor://xunit/VsTestRunner2/netcoreapp" className="ModelRelief.Test.Unit.DependencyManager.DependencyManagerTests" name="LucyCameraFindsAllDependents" /></UnitTest><UnitTest name="PutFile_NewFileCanBePut" storage="d:\github\modelrelief\modelrelief.test\bin\debug\netcoreapp2.0\modelrelief.test.dll" id="a907c3fa-2e95-4815-8670-baafe340845a"><Execution id="de8f758a-5c70-4084-9a25-b2c795e6afbe" /><TestMethod codeBase="d:\Github\ModelRelief\ModelRelief.test\bin\Debug\netcoreapp2.0\ModelRelief.Test.dll" adapterTypeName="executor://xunit/VsTestRunner2/netcoreapp" className="ModelRelief.Test.Integration.Models.ModelsFileIntegrationTests" name="PutFile_NewFileCanBePut" /></UnitTest><UnitTest name="Patch_TargetPropertyIsUpdated" storage="d:\github\modelrelief\modelrelief.test\bin\debug\netcoreapp2.0\modelrelief.test.dll" id="eecb6f38-540d-4c1e-882a-2d6cbd05355d"><Execution id="5a2df0b2-415c-4127-be4e-698c6e3bdbca" /><TestMethod codeBase="d:\Github\ModelRelief\ModelRelief.test\bin\Debug\netcoreapp2.0\ModelRelief.Test.dll" adapterTypeName="executor://xunit/VsTestRunner2/netcoreapp" className="ModelRelief.Test.Integration.Meshes.MeshesBaseIntegrationTests" name="Patch_TargetPropertyIsUpdated" /></UnitTest><UnitTest name="Patch_MultipleInvalidReferencePropertiesReturnsMultipleValidationErrorsAndBadRequest" storage="d:\github\modelrelief\modelrelief.test\bin\debug\netcoreapp2.0\modelrelief.test.dll" id="eb266885-cd76-4485-8455-e31c238c9b7d"><Execution id="804de7e5-4b54-4df2-a5ae-0b519ddc5615" /><TestMethod codeBase="d:\Github\ModelRelief\ModelRelief.test\bin\Debug\netcoreapp2.0\ModelRelief.Test.dll" adapterTypeName="executor://xunit/VsTestRunner2/netcoreapp" className="ModelRelief.Test.Integration.DepthBuffers.DepthBuffersBaseIntegrationTests" name="Patch_MultipleInvalidReferencePropertiesReturnsMultipleValidationErrorsAndBadRequest" /></UnitTest><UnitTest name="Delete_TargetModelIsDeleted" storage="d:\github\modelrelief\modelrelief.test\bin\debug\netcoreapp2.0\modelrelief.test.dll" id="d81cf79c-4235-4970-9116-5ace25f0380e"><Execution id="1a03b77e-b758-45c4-a52a-19d883bd6a83" /><TestMethod codeBase="d:\Github\ModelRelief\ModelRelief.test\bin\Debug\netcoreapp2.0\ModelRelief.Test.dll" adapterTypeName="executor://xunit/VsTestRunner2/netcoreapp" className="ModelRelief.Test.Integration.Cameras.CamerasBaseIntegrationTests" name="Delete_TargetModelIsDeleted" /></UnitTest><UnitTest name="PutFile_NewFileCanBePut" storage="d:\github\modelrelief\modelrelief.test\bin\debug\netcoreapp2.0\modelrelief.test.dll" id="2d064778-3a44-4b40-ba9a-6f5eb8d5cb0c"><Execution id="f81a9007-1da2-44c0-a363-4a7b22388988" /><TestMethod codeBase="d:\Github\ModelRelief\ModelRelief.test\bin\Debug\netcoreapp2.0\ModelRelief.Test.dll" adapterTypeName="executor://xunit/VsTestRunner2/netcoreapp" className="ModelRelief.Test.Integration.Meshes.MeshesFileIntegrationTests" name="PutFile_NewFileCanBePut" /></UnitTest><UnitTest name="Post_InvalidPropertyValueReturnsBadRequest" storage="d:\github\modelrelief\modelrelief.test\bin\debug\netcoreapp2.0\modelrelief.test.dll" id="be93a5b7-f287-40e6-bcd7-33bb6f859e74"><Execution id="343b182c-321d-4f3b-a20a-12d221b8f50a" /><TestMethod codeBase="d:\Github\ModelRelief\ModelRelief.test\bin\Debug\netcoreapp2.0\ModelRelief.Test.dll" adapterTypeName="executor://xunit/VsTestRunner2/netcoreapp" className="ModelRelief.Test.Integration.Projects.ProjectsBaseIntegrationTests" name="Post_InvalidPropertyValueReturnsBadRequest" /></UnitTest><UnitTest name="Put_CanUpdateModel" storage="d:\github\modelrelief\modelrelief.test\bin\debug\netcoreapp2.0\modelrelief.test.dll" id="2fd277d7-5e0d-4eb0-be29-4e34cb0881da"><Execution id="5899dde9-f632-4ffd-9cb1-8e979c51ad5e" /><TestMethod codeBase="d:\Github\ModelRelief\ModelRelief.test\bin\Debug\netcoreapp2.0\ModelRelief.Test.dll" adapterTypeName="executor://xunit/VsTestRunner2/netcoreapp" className="ModelRelief.Test.Integration.MeshTransforms.MeshTransformsBaseIntegrationTests" name="Put_CanUpdateModel" /></UnitTest><UnitTest name="MeshTransformHasExpectedDependentFiles" storage="d:\github\modelrelief\modelrelief.test\bin\debug\netcoreapp2.0\modelrelief.test.dll" id="5ee225da-0c91-4e9a-8629-976f906b1cd9"><Execution id="e8307642-c722-4db8-9a38-973c10820a6f" /><TestMethod codeBase="d:\Github\ModelRelief\ModelRelief.test\bin\Debug\netcoreapp2.0\ModelRelief.Test.dll" adapterTypeName="executor://xunit/VsTestRunner2/netcoreapp" className="ModelRelief.Test.Unit.DependencyManager.DependencyManagerTests" name="MeshTransformHasExpectedDependentFiles" /></UnitTest><UnitTest name="Patch_InvalidIdPropertyReturnsNotFound" storage="d:\github\modelrelief\modelrelief.test\bin\debug\netcoreapp2.0\modelrelief.test.dll" id="67cecebf-a7de-48bd-a84e-e03c7aa7688e"><Execution id="326b3b4c-981a-49a7-a3c3-54c534229095" /><TestMethod codeBase="d:\Github\ModelRelief\ModelRelief.test\bin\Debug\netcoreapp2.0\ModelRelief.Test.dll" adapterTypeName="executor://xunit/VsTestRunner2/netcoreapp" className="ModelRelief.Test.Integration.MeshTransforms.MeshTransformsBaseIntegrationTests" name="Patch_InvalidIdPropertyReturnsNotFound" /></UnitTest><UnitTest name="Put_InvalidIdReturnsNotFound" storage="d:\github\modelrelief\modelrelief.test\bin\debug\netcoreapp2.0\modelrelief.test.dll" id="51403af7-a6fb-4676-8138-ea64e86dadaf"><Execution id="9293a458-f9af-468e-97c6-fb75bfe0737e" /><TestMethod codeBase="d:\Github\ModelRelief\ModelRelief.test\bin\Debug\netcoreapp2.0\ModelRelief.Test.dll" adapterTypeName="executor://xunit/VsTestRunner2/netcoreapp" className="ModelRelief.Test.Integration.Meshes.MeshesBaseIntegrationTests" name="Put_InvalidIdReturnsNotFound" /></UnitTest><UnitTest name="Patch_InvalidIdPropertyReturnsNotFound" storage="d:\github\modelrelief\modelrelief.test\bin\debug\netcoreapp2.0\modelrelief.test.dll" id="5aad3ae4-b001-461d-b7a5-86e3fdd49ff3"><Execution id="73ca5124-c5d7-458a-88a4-1848ab8c7344" /><TestMethod codeBase="d:\Github\ModelRelief\ModelRelief.test\bin\Debug\netcoreapp2.0\ModelRelief.Test.dll" adapterTypeName="executor://xunit/VsTestRunner2/netcoreapp" className="ModelRelief.Test.Integration.DepthBuffers.DepthBuffersBaseIntegrationTests" name="Patch_InvalidIdPropertyReturnsNotFound" /></UnitTest><UnitTest name="GetSingle_ValidIdPropertyValueReturnsCorrectModel" storage="d:\github\modelrelief\modelrelief.test\bin\debug\netcoreapp2.0\modelrelief.test.dll" id="ca115215-44de-47ca-8e32-100bdfd7cdc5"><Execution id="6278227a-b3e0-4beb-863a-30cd4ad2d9a8" /><TestMethod codeBase="d:\Github\ModelRelief\ModelRelief.test\bin\Debug\netcoreapp2.0\ModelRelief.Test.dll" adapterTypeName="executor://xunit/VsTestRunner2/netcoreapp" className="ModelRelief.Test.Integration.Models.ModelsBaseIntegrationTests" name="GetSingle_ValidIdPropertyValueReturnsCorrectModel" /></UnitTest><UnitTest name="Post_CanCreateNewModel" storage="d:\github\modelrelief\modelrelief.test\bin\debug\netcoreapp2.0\modelrelief.test.dll" id="e137402a-49ea-49b5-a6da-91ad24324f05"><Execution id="b208f0ae-3fb8-4971-835b-4d52701f03d4" /><TestMethod codeBase="d:\Github\ModelRelief\ModelRelief.test\bin\Debug\netcoreapp2.0\ModelRelief.Test.dll" adapterTypeName="executor://xunit/VsTestRunner2/netcoreapp" className="ModelRelief.Test.Integration.Meshes.MeshesBaseIntegrationTests" name="Post_CanCreateNewModel" /></UnitTest><UnitTest name="Put_CanUpdateModel" storage="d:\github\modelrelief\modelrelief.test\bin\debug\netcoreapp2.0\modelrelief.test.dll" id="b621a6a9-b2ca-46da-aeaf-64ebe7aa6c09"><Execution id="3c3c90a9-d637-4a6a-85b0-101c213680ea" /><TestMethod codeBase="d:\Github\ModelRelief\ModelRelief.test\bin\Debug\netcoreapp2.0\ModelRelief.Test.dll" adapterTypeName="executor://xunit/VsTestRunner2/netcoreapp" className="ModelRelief.Test.Integration.Projects.ProjectsBaseIntegrationTests" name="Put_CanUpdateModel" /></UnitTest><UnitTest name="Post_CanCreateNewModel" storage="d:\github\modelrelief\modelrelief.test\bin\debug\netcoreapp2.0\modelrelief.test.dll" id="3555e531-c94b-4c73-8f9d-aba42380fe4c"><Execution id="c7a3acd7-59e3-49d9-a83c-3124f84f8909" /><TestMethod codeBase="d:\Github\ModelRelief\ModelRelief.test\bin\Debug\netcoreapp2.0\ModelRelief.Test.dll" adapterTypeName="executor://xunit/VsTestRunner2/netcoreapp" className="ModelRelief.Test.Integration.Projects.ProjectsBaseIntegrationTests" name="Post_CanCreateNewModel" /></UnitTest><UnitTest name="Patch_MultipleInvalidReferencePropertiesReturnsMultipleValidationErrorsAndBadRequest" storage="d:\github\modelrelief\modelrelief.test\bin\debug\netcoreapp2.0\modelrelief.test.dll" id="58627b00-c1ab-4f39-a595-a921dc77b52c"><Execution id="41ed3a54-5f49-40ec-993c-2365a2ee0b41" /><TestMethod codeBase="d:\Github\ModelRelief\ModelRelief.test\bin\Debug\netcoreapp2.0\ModelRelief.Test.dll" adapterTypeName="executor://xunit/VsTestRunner2/netcoreapp" className="ModelRelief.Test.Integration.Cameras.CamerasBaseIntegrationTests" name="Patch_MultipleInvalidReferencePropertiesReturnsMultipleValidationErrorsAndBadRequest" /></UnitTest><UnitTest name="LucyDepthBufferFindsOneDependent" storage="d:\github\modelrelief\modelrelief.test\bin\debug\netcoreapp2.0\modelrelief.test.dll" id="510b0492-3056-4ce6-8dff-4105f49fda79"><Execution id="54a67cbc-7395-4876-aaee-8188a126c517" /><TestMethod codeBase="d:\Github\ModelRelief\ModelRelief.test\bin\Debug\netcoreapp2.0\ModelRelief.Test.dll" adapterTypeName="executor://xunit/VsTestRunner2/netcoreapp" className="ModelRelief.Test.Unit.DependencyManager.DependencyManagerTests" name="LucyDepthBufferFindsOneDependent" /></UnitTest><UnitTest name="FileRequest_DepthBufferIsInvalidatedAfterCameraDependencyPropertyChange" storage="d:\github\modelrelief\modelrelief.test\bin\debug\netcoreapp2.0\modelrelief.test.dll" id="109837ec-446f-4fe7-a21c-9fefa2530926"><Execution id="51ea4e1d-059e-413f-bb81-2b300418e8c5" /><TestMethod codeBase="d:\Github\ModelRelief\ModelRelief.test\bin\Debug\netcoreapp2.0\ModelRelief.Test.dll" adapterTypeName="executor://xunit/VsTestRunner2/netcoreapp" className="ModelRelief.Test.Integration.DepthBuffers.DepthBuffersFileIntegrationTests" name="FileRequest_DepthBufferIsInvalidatedAfterCameraDependencyPropertyChange" /></UnitTest><UnitTest name="GetFile_ExistingFileReturnsSuccess" storage="d:\github\modelrelief\modelrelief.test\bin\debug\netcoreapp2.0\modelrelief.test.dll" id="346b92d0-fef4-412a-a905-592516d3995b"><Execution id="479d35b6-0144-4db1-b6cf-c1cf6f3f9148" /><TestMethod codeBase="d:\Github\ModelRelief\ModelRelief.test\bin\Debug\netcoreapp2.0\ModelRelief.Test.dll" adapterTypeName="executor://xunit/VsTestRunner2/netcoreapp" className="ModelRelief.Test.Integration.Models.ModelsFileIntegrationTests" name="GetFile_ExistingFileReturnsSuccess" /></UnitTest><UnitTest name="Delete_TargetModelIsDeleted" storage="d:\github\modelrelief\modelrelief.test\bin\debug\netcoreapp2.0\modelrelief.test.dll" id="94f0fd14-a91a-4a91-927a-b5f19dfe4f4e"><Execution id="bad196b0-fc42-4c9a-9495-0e95ee92f479" /><TestMethod codeBase="d:\Github\ModelRelief\ModelRelief.test\bin\Debug\netcoreapp2.0\ModelRelief.Test.dll" adapterTypeName="executor://xunit/VsTestRunner2/netcoreapp" className="ModelRelief.Test.Integration.MeshTransforms.MeshTransformsBaseIntegrationTests" name="Delete_TargetModelIsDeleted" /></UnitTest><UnitTest name="GetFile_FileCanBeRoundTripped" storage="d:\github\modelrelief\modelrelief.test\bin\debug\netcoreapp2.0\modelrelief.test.dll" id="8d50d767-3b21-4d14-9b83-b2c5337c7b17"><Execution id="4cb47460-a701-496a-ae61-42cc2ce4ab0a" /><TestMethod codeBase="d:\Github\ModelRelief\ModelRelief.test\bin\Debug\netcoreapp2.0\ModelRelief.Test.dll" adapterTypeName="executor://xunit/VsTestRunner2/netcoreapp" className="ModelRelief.Test.Integration.Meshes.MeshesFileIntegrationTests" name="GetFile_FileCanBeRoundTripped" /></UnitTest><UnitTest name="PostFile_FileTimeStampIsUpdatedAfterFileIsPosted" storage="d:\github\modelrelief\modelrelief.test\bin\debug\netcoreapp2.0\modelrelief.test.dll" id="34581553-3140-4b48-96cb-66aa1c344153"><Execution id="eafc010f-8b9f-4ddc-9eda-14e80544d586" /><TestMethod codeBase="d:\Github\ModelRelief\ModelRelief.test\bin\Debug\netcoreapp2.0\ModelRelief.Test.dll" adapterTypeName="executor://xunit/VsTestRunner2/netcoreapp" className="ModelRelief.Test.Integration.Models.ModelsFileIntegrationTests" name="PostFile_FileTimeStampIsUpdatedAfterFileIsPosted" /></UnitTest><UnitTest name="Put_InvalidReferencePropertyReturndBadRequest" storage="d:\github\modelrelief\modelrelief.test\bin\debug\netcoreapp2.0\modelrelief.test.dll" id="cfba25ff-9a4a-4075-913f-182a20aa47de"><Execution id="b32fb35c-ab76-4382-90ff-bf450aefe28c" /><TestMethod codeBase="d:\Github\ModelRelief\ModelRelief.test\bin\Debug\netcoreapp2.0\ModelRelief.Test.dll" adapterTypeName="executor://xunit/VsTestRunner2/netcoreapp" className="ModelRelief.Test.Integration.Cameras.CamerasBaseIntegrationTests" name="Put_InvalidReferencePropertyReturndBadRequest" /></UnitTest><UnitTest name="Post_ValidReferencePropertyCreatesModel" storage="d:\github\modelrelief\modelrelief.test\bin\debug\netcoreapp2.0\modelrelief.test.dll" id="2a801ff9-9178-4968-89a0-a1d1962ba107"><Execution id="a111735f-b9c9-4795-b87c-99629183491d" /><TestMethod codeBase="d:\Github\ModelRelief\ModelRelief.test\bin\Debug\netcoreapp2.0\ModelRelief.Test.dll" adapterTypeName="executor://xunit/VsTestRunner2/netcoreapp" className="ModelRelief.Test.Integration.Meshes.MeshesBaseIntegrationTests" name="Post_ValidReferencePropertyCreatesModel" /></UnitTest><UnitTest name="Post_InvalidReferencePropertyReturnsBadRequest" storage="d:\github\modelrelief\modelrelief.test\bin\debug\netcoreapp2.0\modelrelief.test.dll" id="02a75ea1-a24f-4bf3-9cd2-e9bb9638233a"><Execution id="456d0528-5209-4a02-bf73-b9e70c9536b1" /><TestMethod codeBase="d:\Github\ModelRelief\ModelRelief.test\bin\Debug\netcoreapp2.0\ModelRelief.Test.dll" adapterTypeName="executor://xunit/VsTestRunner2/netcoreapp" className="ModelRelief.Test.Integration.DepthBuffers.DepthBuffersBaseIntegrationTests" name="Post_InvalidReferencePropertyReturnsBadRequest" /></UnitTest><UnitTest name="GetSingle_InvalidIdPropertyValueReturnsNotFound" storage="d:\github\modelrelief\modelrelief.test\bin\debug\netcoreapp2.0\modelrelief.test.dll" id="b0bd78c7-3e41-4730-9d9b-a9bb16a394bb"><Execution id="e05cbb0b-bb6a-411e-8a17-936a09d27468" /><TestMethod codeBase="d:\Github\ModelRelief\ModelRelief.test\bin\Debug\netcoreapp2.0\ModelRelief.Test.dll" adapterTypeName="executor://xunit/VsTestRunner2/netcoreapp" className="ModelRelief.Test.Integration.Models.ModelsBaseIntegrationTests" name="GetSingle_InvalidIdPropertyValueReturnsNotFound" /></UnitTest><UnitTest name="Patch_InvalidEnumPropertyValueReturnsBadRequest" storage="d:\github\modelrelief\modelrelief.test\bin\debug\netcoreapp2.0\modelrelief.test.dll" id="d5509f4e-5308-4666-b338-aa478f081272"><Execution id="b27e0ff5-efff-4475-ab60-eb391ddec0c5" /><TestMethod codeBase="d:\Github\ModelRelief\ModelRelief.test\bin\Debug\netcoreapp2.0\ModelRelief.Test.dll" adapterTypeName="executor://xunit/VsTestRunner2/netcoreapp" className="ModelRelief.Test.Integration.Cameras.CamerasBaseIntegrationTests" name="Patch_InvalidEnumPropertyValueReturnsBadRequest" /></UnitTest><UnitTest name="Put_InvalidReferencePropertyReturndBadRequest" storage="d:\github\modelrelief\modelrelief.test\bin\debug\netcoreapp2.0\modelrelief.test.dll" id="b0c1f290-01c7-49bc-a1c6-eefea7a79529"><Execution id="0e1f9f18-f3f9-4aa1-aa6d-5f4a7ec9bbaa" /><TestMethod codeBase="d:\Github\ModelRelief\ModelRelief.test\bin\Debug\netcoreapp2.0\ModelRelief.Test.dll" adapterTypeName="executor://xunit/VsTestRunner2/netcoreapp" className="ModelRelief.Test.Integration.Projects.ProjectsBaseIntegrationTests" name="Put_InvalidReferencePropertyReturndBadRequest" /></UnitTest><UnitTest name="Post_CanCreateNewModel" storage="d:\github\modelrelief\modelrelief.test\bin\debug\netcoreapp2.0\modelrelief.test.dll" id="e81bfba4-98dc-4796-a0ed-d697edc20157"><Execution id="340e32b7-8086-43c4-95f8-2e86de2343c3" /><TestMethod codeBase="d:\Github\ModelRelief\ModelRelief.test\bin\Debug\netcoreapp2.0\ModelRelief.Test.dll" adapterTypeName="executor://xunit/VsTestRunner2/netcoreapp" className="ModelRelief.Test.Integration.Models.ModelsBaseIntegrationTests" name="Post_CanCreateNewModel" /></UnitTest><UnitTest name="Put_ValidReferencePropertyUpdatesModel" storage="d:\github\modelrelief\modelrelief.test\bin\debug\netcoreapp2.0\modelrelief.test.dll" id="3c428992-8003-4f4a-941c-c47fdf25b8a1"><Execution id="c47716d2-bfb7-459b-a29a-1a1fc1fabe3e" /><TestMethod codeBase="d:\Github\ModelRelief\ModelRelief.test\bin\Debug\netcoreapp2.0\ModelRelief.Test.dll" adapterTypeName="executor://xunit/VsTestRunner2/netcoreapp" className="ModelRelief.Test.Integration.MeshTransforms.MeshTransformsBaseIntegrationTests" name="Put_ValidReferencePropertyUpdatesModel" /></UnitTest><UnitTest name="LucyModel3dHasTwoDependents" storage="d:\github\modelrelief\modelrelief.test\bin\debug\netcoreapp2.0\modelrelief.test.dll" id="040da1a8-eb8d-4b62-ae9b-456bcdd19cbf"><Execution id="2a77d3bf-a32c-4b08-9398-b3c77d10376a" /><TestMethod codeBase="d:\Github\ModelRelief\ModelRelief.test\bin\Debug\netcoreapp2.0\ModelRelief.Test.dll" adapterTypeName="executor://xunit/VsTestRunner2/netcoreapp" className="ModelRelief.Test.Unit.DependencyManager.DependencyManagerTests" name="LucyModel3dHasTwoDependents" /></UnitTest><UnitTest name="FileRequest_FileCanBeReadAfterRename" storage="d:\github\modelrelief\modelrelief.test\bin\debug\netcoreapp2.0\modelrelief.test.dll" id="a1807aed-c63a-44b2-90a7-d2346210bd90"><Execution id="03417447-e1da-4595-812d-7bef4ebf879e" /><TestMethod codeBase="d:\Github\ModelRelief\ModelRelief.test\bin\Debug\netcoreapp2.0\ModelRelief.Test.dll" adapterTypeName="executor://xunit/VsTestRunner2/netcoreapp" className="ModelRelief.Test.Integration.Meshes.MeshesFileIntegrationTests" name="FileRequest_FileCanBeReadAfterRename" /></UnitTest><UnitTest name="GetSingle_ValidIdPropertyValueReturnsCorrectModel" storage="d:\github\modelrelief\modelrelief.test\bin\debug\netcoreapp2.0\modelrelief.test.dll" id="0c8b2701-971a-4786-91fb-c4a3de2763d1"><Execution id="81b59a09-096d-49b1-ae59-4ebcd73884de" /><TestMethod codeBase="d:\Github\ModelRelief\ModelRelief.test\bin\Debug\netcoreapp2.0\ModelRelief.Test.dll" adapterTypeName="executor://xunit/VsTestRunner2/netcoreapp" className="ModelRelief.Test.Integration.Meshes.MeshesBaseIntegrationTests" name="GetSingle_ValidIdPropertyValueReturnsCorrectModel" /></UnitTest><UnitTest name="Post_ValidReferencePropertyCreatesModel" storage="d:\github\modelrelief\modelrelief.test\bin\debug\netcoreapp2.0\modelrelief.test.dll" id="a7c3004d-1dea-4b74-b458-8434cf3fe84f"><Execution id="ab1e1551-ea21-49ae-89dd-ee9cfdb7e62d" /><TestMethod codeBase="d:\Github\ModelRelief\ModelRelief.test\bin\Debug\netcoreapp2.0\ModelRelief.Test.dll" adapterTypeName="executor://xunit/VsTestRunner2/netcoreapp" className="ModelRelief.Test.Integration.Projects.ProjectsBaseIntegrationTests" name="Post_ValidReferencePropertyCreatesModel" /></UnitTest><UnitTest name="Patch_InvalidIdPropertyReturnsNotFound" storage="d:\github\modelrelief\modelrelief.test\bin\debug\netcoreapp2.0\modelrelief.test.dll" id="b6fc5887-a60a-4bb5-bd4f-2f9c4cb6c754"><Execution id="c824c1d7-6b25-4220-a767-4fe42f90a64c" /><TestMethod codeBase="d:\Github\ModelRelief\ModelRelief.test\bin\Debug\netcoreapp2.0\ModelRelief.Test.dll" adapterTypeName="executor://xunit/VsTestRunner2/netcoreapp" className="ModelRelief.Test.Integration.Models.ModelsBaseIntegrationTests" name="Patch_InvalidIdPropertyReturnsNotFound" /></UnitTest><UnitTest name="PostFile_FileIsSynchronizedIsUpdatedAfterFileIsPosted" storage="d:\github\modelrelief\modelrelief.test\bin\debug\netcoreapp2.0\modelrelief.test.dll" id="61cd7f35-5a6c-47c0-884f-9d6f10b1c73c"><Execution id="12e28bf0-d2f1-44cd-bdcf-2269117b83de" /><TestMethod codeBase="d:\Github\ModelRelief\ModelRelief.test\bin\Debug\netcoreapp2.0\ModelRelief.Test.dll" adapterTypeName="executor://xunit/VsTestRunner2/netcoreapp" className="ModelRelief.Test.Integration.Models.ModelsFileIntegrationTests" name="PostFile_FileIsSynchronizedIsUpdatedAfterFileIsPosted" /></UnitTest><UnitTest name="Patch_TargetPropertyIsUpdated" storage="d:\github\modelrelief\modelrelief.test\bin\debug\netcoreapp2.0\modelrelief.test.dll" id="f2a16367-fc68-43c0-807f-e5bacdd423cd"><Execution id="094f03de-1a16-42f5-acc0-8242a854e5fb" /><TestMethod codeBase="d:\Github\ModelRelief\ModelRelief.test\bin\Debug\netcoreapp2.0\ModelRelief.Test.dll" adapterTypeName="executor://xunit/VsTestRunner2/netcoreapp" className="ModelRelief.Test.Integration.Projects.ProjectsBaseIntegrationTests" name="Patch_TargetPropertyIsUpdated" /></UnitTest><UnitTest name="Patch_ValidReferencePropertyUpdatesModel" storage="d:\github\modelrelief\modelrelief.test\bin\debug\netcoreapp2.0\modelrelief.test.dll" id="870bc49c-8268-4a13-8bd3-f592ca6c1902"><Execution id="3dcea818-2ca9-46c1-93f1-a4f208526235" /><TestMethod codeBase="d:\Github\ModelRelief\ModelRelief.test\bin\Debug\netcoreapp2.0\ModelRelief.Test.dll" adapterTypeName="executor://xunit/VsTestRunner2/netcoreapp" className="ModelRelief.Test.Integration.MeshTransforms.MeshTransformsBaseIntegrationTests" name="Patch_ValidReferencePropertyUpdatesModel" /></UnitTest><UnitTest name="Put_CanUpdateModel" storage="d:\github\modelrelief\modelrelief.test\bin\debug\netcoreapp2.0\modelrelief.test.dll" id="a6c64a89-811b-4875-9275-873349ef1c2d"><Execution id="ba811164-7471-4a38-aa04-5543baa348fd" /><TestMethod codeBase="d:\Github\ModelRelief\ModelRelief.test\bin\Debug\netcoreapp2.0\ModelRelief.Test.dll" adapterTypeName="executor://xunit/VsTestRunner2/netcoreapp" className="ModelRelief.Test.Integration.Cameras.CamerasBaseIntegrationTests" name="Put_CanUpdateModel" /></UnitTest><UnitTest name="Patch_TargetPropertyIsUpdated" storage="d:\github\modelrelief\modelrelief.test\bin\debug\netcoreapp2.0\modelrelief.test.dll" id="1d3580b8-88ee-49a4-acc7-6e419231a824"><Execution id="eb674a78-647e-4aa1-b419-94673bf66935" /><TestMethod codeBase="d:\Github\ModelRelief\ModelRelief.test\bin\Debug\netcoreapp2.0\ModelRelief.Test.dll" adapterTypeName="executor://xunit/VsTestRunner2/netcoreapp" className="ModelRelief.Test.Integration.MeshTransforms.MeshTransformsBaseIntegrationTests" name="Patch_TargetPropertyIsUpdated" /></UnitTest><UnitTest name="Put_InvalidIdReturnsNotFound" storage="d:\github\modelrelief\modelrelief.test\bin\debug\netcoreapp2.0\modelrelief.test.dll" id="89fba62a-bf94-45de-a51e-4b2b0b407ee8"><Execution id="472cd67e-54c1-4357-ae68-0f557a853096" /><TestMethod codeBase="d:\Github\ModelRelief\ModelRelief.test\bin\Debug\netcoreapp2.0\ModelRelief.Test.dll" adapterTypeName="executor://xunit/VsTestRunner2/netcoreapp" className="ModelRelief.Test.Integration.MeshTransforms.MeshTransformsBaseIntegrationTests" name="Put_InvalidIdReturnsNotFound" /></UnitTest><UnitTest name="Patch_InvalidReferencePropertyReturnsBadRequest" storage="d:\github\modelrelief\modelrelief.test\bin\debug\netcoreapp2.0\modelrelief.test.dll" id="b3c14e3d-707b-4bd3-9c23-e983d90df004"><Execution id="d80a5a14-d39c-4848-9aaf-f29092355f45" /><TestMethod codeBase="d:\Github\ModelRelief\ModelRelief.test\bin\Debug\netcoreapp2.0\ModelRelief.Test.dll" adapterTypeName="executor://xunit/VsTestRunner2/netcoreapp" className="ModelRelief.Test.Integration.Cameras.CamerasBaseIntegrationTests" name="Patch_InvalidReferencePropertyReturnsBadRequest" /></UnitTest><UnitTest name="Put_InvalidIdReturnsNotFound" storage="d:\github\modelrelief\modelrelief.test\bin\debug\netcoreapp2.0\modelrelief.test.dll" id="ebfd6fe3-8f00-4e6d-b8ab-6285fe6fee0e"><Execution id="38b7083d-610c-41bb-ada9-6b7247d632a9" /><TestMethod codeBase="d:\Github\ModelRelief\ModelRelief.test\bin\Debug\netcoreapp2.0\ModelRelief.Test.dll" adapterTypeName="executor://xunit/VsTestRunner2/netcoreapp" className="ModelRelief.Test.Integration.DepthBuffers.DepthBuffersBaseIntegrationTests" name="Put_InvalidIdReturnsNotFound" /></UnitTest><UnitTest name="Put_CanUpdateModel" storage="d:\github\modelrelief\modelrelief.test\bin\debug\netcoreapp2.0\modelrelief.test.dll" id="1b079ce6-39fe-4f8d-bce7-c0e119a3f4be"><Execution id="d6a6f5aa-0d0d-4bb9-8ac7-b66106128fec" /><TestMethod codeBase="d:\Github\ModelRelief\ModelRelief.test\bin\Debug\netcoreapp2.0\ModelRelief.Test.dll" adapterTypeName="executor://xunit/VsTestRunner2/netcoreapp" className="ModelRelief.Test.Integration.DepthBuffers.DepthBuffersBaseIntegrationTests" name="Put_CanUpdateModel" /></UnitTest><UnitTest name="Patch_TargetPropertyIsUpdated" storage="d:\github\modelrelief\modelrelief.test\bin\debug\netcoreapp2.0\modelrelief.test.dll" id="d5fec3a9-d213-4c97-950f-a21085aaf8de"><Execution id="96664d46-0de0-4e48-86aa-844dd773f6cb" /><TestMethod codeBase="d:\Github\ModelRelief\ModelRelief.test\bin\Debug\netcoreapp2.0\ModelRelief.Test.dll" adapterTypeName="executor://xunit/VsTestRunner2/netcoreapp" className="ModelRelief.Test.Integration.Models.ModelsBaseIntegrationTests" name="Patch_TargetPropertyIsUpdated" /></UnitTest><UnitTest name="Post_ValidReferencePropertyCreatesModel" storage="d:\github\modelrelief\modelrelief.test\bin\debug\netcoreapp2.0\modelrelief.test.dll" id="52f6095b-ad2d-4046-bce7-d0a132df0bb4"><Execution id="e3de2c37-b7e4-4d83-aac9-38a2beb19d39" /><TestMethod codeBase="d:\Github\ModelRelief\ModelRelief.test\bin\Debug\netcoreapp2.0\ModelRelief.Test.dll" adapterTypeName="executor://xunit/VsTestRunner2/netcoreapp" className="ModelRelief.Test.Integration.Cameras.CamerasBaseIntegrationTests" name="Post_ValidReferencePropertyCreatesModel" /></UnitTest><UnitTest name="Put_InvalidIdReturnsNotFound" storage="d:\github\modelrelief\modelrelief.test\bin\debug\netcoreapp2.0\modelrelief.test.dll" id="72b47f6c-3a7b-4460-97b0-c94e03b6e1b4"><Execution id="053137d8-989b-4203-9972-adf018f47da9" /><TestMethod codeBase="d:\Github\ModelRelief\ModelRelief.test\bin\Debug\netcoreapp2.0\ModelRelief.Test.dll" adapterTypeName="executor://xunit/VsTestRunner2/netcoreapp" className="ModelRelief.Test.Integration.Projects.ProjectsBaseIntegrationTests" name="Put_InvalidIdReturnsNotFound" /></UnitTest><UnitTest name="Patch_InvalidEnumPropertyValueReturnsBadRequest" storage="d:\github\modelrelief\modelrelief.test\bin\debug\netcoreapp2.0\modelrelief.test.dll" id="d36a9af2-dbfe-4488-a49b-2a7ba90ec13c"><Execution id="8f820f8c-7fd2-423b-b183-260aa78e194f" /><TestMethod codeBase="d:\Github\ModelRelief\ModelRelief.test\bin\Debug\netcoreapp2.0\ModelRelief.Test.dll" adapterTypeName="executor://xunit/VsTestRunner2/netcoreapp" className="ModelRelief.Test.Integration.Projects.ProjectsBaseIntegrationTests" name="Patch_InvalidEnumPropertyValueReturnsBadRequest" /></UnitTest><UnitTest name="GetList_ListReturnsCorrectCount" storage="d:\github\modelrelief\modelrelief.test\bin\debug\netcoreapp2.0\modelrelief.test.dll" id="f518eb61-a58b-4588-820e-dd05d3cb3b85"><Execution id="66ee99c5-f0d0-42ba-8ed9-e75dd963136d" /><TestMethod codeBase="d:\Github\ModelRelief\ModelRelief.test\bin\Debug\netcoreapp2.0\ModelRelief.Test.dll" adapterTypeName="executor://xunit/VsTestRunner2/netcoreapp" className="ModelRelief.Test.Integration.Meshes.MeshesBaseIntegrationTests" name="GetList_ListReturnsCorrectCount" /></UnitTest><UnitTest name="GetSingle_InvalidIdPropertyValueReturnsNotFound" storage="d:\github\modelrelief\modelrelief.test\bin\debug\netcoreapp2.0\modelrelief.test.dll" id="727bc64b-520d-4386-b926-8c7364a75ed3"><Execution id="74542b1d-6145-43a1-aed9-672b6b06cfab" /><TestMethod codeBase="d:\Github\ModelRelief\ModelRelief.test\bin\Debug\netcoreapp2.0\ModelRelief.Test.dll" adapterTypeName="executor://xunit/VsTestRunner2/netcoreapp" className="ModelRelief.Test.Integration.MeshTransforms.MeshTransformsBaseIntegrationTests" name="GetSingle_InvalidIdPropertyValueReturnsNotFound" /></UnitTest><UnitTest name="PostFile_NewFileCanBePosted" storage="d:\github\modelrelief\modelrelief.test\bin\debug\netcoreapp2.0\modelrelief.test.dll" id="575a5421-9e1c-405a-b45f-07d7e63dd2b3"><Execution id="e406ebea-ce7b-48a6-9bce-1cdbddba5686" /><TestMethod codeBase="d:\Github\ModelRelief\ModelRelief.test\bin\Debug\netcoreapp2.0\ModelRelief.Test.dll" adapterTypeName="executor://xunit/VsTestRunner2/netcoreapp" className="ModelRelief.Test.Integration.Meshes.MeshesFileIntegrationTests" name="PostFile_NewFileCanBePosted" /></UnitTest><UnitTest name="GetSingle_InvalidIdPropertyValueReturnsNotFound" storage="d:\github\modelrelief\modelrelief.test\bin\debug\netcoreapp2.0\modelrelief.test.dll" id="0bc6fcc0-cd0a-4742-81a3-8f6386e68197"><Execution id="7e6b8643-ec5c-4515-8cf3-b9b832436854" /><TestMethod codeBase="d:\Github\ModelRelief\ModelRelief.test\bin\Debug\netcoreapp2.0\ModelRelief.Test.dll" adapterTypeName="executor://xunit/VsTestRunner2/netcoreapp" className="ModelRelief.Test.Integration.Cameras.CamerasBaseIntegrationTests" name="GetSingle_InvalidIdPropertyValueReturnsNotFound" /></UnitTest><UnitTest name="GetFile_NonExistentFileReturnsNotFound" storage="d:\github\modelrelief\modelrelief.test\bin\debug\netcoreapp2.0\modelrelief.test.dll" id="665a6bbd-f2be-47be-a787-3a72f863dc6a"><Execution id="8eba002f-8f92-4ed0-9fbd-840f3e9143f3" /><TestMethod codeBase="d:\Github\ModelRelief\ModelRelief.test\bin\Debug\netcoreapp2.0\ModelRelief.Test.dll" adapterTypeName="executor://xunit/VsTestRunner2/netcoreapp" className="ModelRelief.Test.Integration.DepthBuffers.DepthBuffersFileIntegrationTests" name="GetFile_NonExistentFileReturnsNotFound" /></UnitTest><UnitTest name="Patch_InvalidReferencePropertyReturnsBadRequest" storage="d:\github\modelrelief\modelrelief.test\bin\debug\netcoreapp2.0\modelrelief.test.dll" id="e472f77f-45b4-4481-afec-2abcdffab9c2"><Execution id="7fb1a4ea-bc22-4e5c-b9bd-b19add066f8c" /><TestMethod codeBase="d:\Github\ModelRelief\ModelRelief.test\bin\Debug\netcoreapp2.0\ModelRelief.Test.dll" adapterTypeName="executor://xunit/VsTestRunner2/netcoreapp" className="ModelRelief.Test.Integration.Models.ModelsBaseIntegrationTests" name="Patch_InvalidReferencePropertyReturnsBadRequest" /></UnitTest><UnitTest name="Patch_ValidReferencePropertyUpdatesModel" storage="d:\github\modelrelief\modelrelief.test\bin\debug\netcoreapp2.0\modelrelief.test.dll" id="aa4c9cca-b7b1-466f-909c-11fd88c9b795"><Execution id="4079215f-9536-4e58-b904-861cc1ae9345" /><TestMethod codeBase="d:\Github\ModelRelief\ModelRelief.test\bin\Debug\netcoreapp2.0\ModelRelief.Test.dll" adapterTypeName="executor://xunit/VsTestRunner2/netcoreapp" className="ModelRelief.Test.Integration.Projects.ProjectsBaseIntegrationTests" name="Patch_ValidReferencePropertyUpdatesModel" /></UnitTest><UnitTest name="Patch_InvalidReferencePropertyReturnsBadRequest" storage="d:\github\modelrelief\modelrelief.test\bin\debug\netcoreapp2.0\modelrelief.test.dll" id="0764077c-6d2e-4816-9abb-212c8835cde8"><Execution id="71dd0623-3eef-4ec2-bb50-f80034c93962" /><TestMethod codeBase="d:\Github\ModelRelief\ModelRelief.test\bin\Debug\netcoreapp2.0\ModelRelief.Test.dll" adapterTypeName="executor://xunit/VsTestRunner2/netcoreapp" className="ModelRelief.Test.Integration.DepthBuffers.DepthBuffersBaseIntegrationTests" name="Patch_InvalidReferencePropertyReturnsBadRequest" /></UnitTest><UnitTest name="GetFile_FileCanBeRoundTripped" storage="d:\github\modelrelief\modelrelief.test\bin\debug\netcoreapp2.0\modelrelief.test.dll" id="39c5a248-62aa-462a-a07e-afd433a2cb3b"><Execution id="26888c53-98a6-4d4a-9ab6-b931ad488883" /><TestMethod codeBase="d:\Github\ModelRelief\ModelRelief.test\bin\Debug\netcoreapp2.0\ModelRelief.Test.dll" adapterTypeName="executor://xunit/VsTestRunner2/netcoreapp" className="ModelRelief.Test.Integration.Models.ModelsFileIntegrationTests" name="GetFile_FileCanBeRoundTripped" /></UnitTest><UnitTest name="Post_InvalidPropertyValueReturnsBadRequest" storage="d:\github\modelrelief\modelrelief.test\bin\debug\netcoreapp2.0\modelrelief.test.dll" id="cc063b3c-e564-4024-840b-a42df801660c"><Execution id="763a654a-93d0-4482-9fe3-b4a9b4a94088" /><TestMethod codeBase="d:\Github\ModelRelief\ModelRelief.test\bin\Debug\netcoreapp2.0\ModelRelief.Test.dll" adapterTypeName="executor://xunit/VsTestRunner2/netcoreapp" className="ModelRelief.Test.Integration.Cameras.CamerasBaseIntegrationTests" name="Post_InvalidPropertyValueReturnsBadRequest" /></UnitTest><UnitTest name="Patch_InvalidPropertyNameReturnsBadRequest" storage="d:\github\modelrelief\modelrelief.test\bin\debug\netcoreapp2.0\modelrelief.test.dll" id="b478f757-9e75-45fd-a5dc-635075dc70eb"><Execution id="68c03921-df41-4cbf-a7ab-c93c8b2073f0" /><TestMethod codeBase="d:\Github\ModelRelief\ModelRelief.test\bin\Debug\netcoreapp2.0\ModelRelief.Test.dll" adapterTypeName="executor://xunit/VsTestRunner2/netcoreapp" className="ModelRelief.Test.Integration.Models.ModelsBaseIntegrationTests" name="Patch_InvalidPropertyNameReturnsBadRequest" /></UnitTest><UnitTest name="Post_InvalidReferencePropertyReturnsBadRequest" storage="d:\github\modelrelief\modelrelief.test\bin\debug\netcoreapp2.0\modelrelief.test.dll" id="dcaf44c1-271c-4f0b-abac-9c015040e54b"><Execution id="6946f386-5d2a-4ec6-a29c-32f12b55cb7e" /><TestMethod codeBase="d:\Github\ModelRelief\ModelRelief.test\bin\Debug\netcoreapp2.0\ModelRelief.Test.dll" adapterTypeName="executor://xunit/VsTestRunner2/netcoreapp" className="ModelRelief.Test.Integration.Meshes.MeshesBaseIntegrationTests" name="Post_InvalidReferencePropertyReturnsBadRequest" /></UnitTest><UnitTest name="GetFile_FileCanBeRoundTripped" storage="d:\github\modelrelief\modelrelief.test\bin\debug\netcoreapp2.0\modelrelief.test.dll" id="980f4047-ce7b-4c7d-b427-49d89579c7b4"><Execution id="34985392-c3d0-48bb-b8e5-b22938c0e536" /><TestMethod codeBase="d:\Github\ModelRelief\ModelRelief.test\bin\Debug\netcoreapp2.0\ModelRelief.Test.dll" adapterTypeName="executor://xunit/VsTestRunner2/netcoreapp" className="ModelRelief.Test.Integration.DepthBuffers.DepthBuffersFileIntegrationTests" name="GetFile_FileCanBeRoundTripped" /></UnitTest><UnitTest name="Post_InvalidReferencePropertyReturnsBadRequest" storage="d:\github\modelrelief\modelrelief.test\bin\debug\netcoreapp2.0\modelrelief.test.dll" id="f2682dd8-0061-4253-967c-f84c13020f6f"><Execution id="6b8670d7-9182-447b-951f-3f55e1d5c97f" /><TestMethod codeBase="d:\Github\ModelRelief\ModelRelief.test\bin\Debug\netcoreapp2.0\ModelRelief.Test.dll" adapterTypeName="executor://xunit/VsTestRunner2/netcoreapp" className="ModelRelief.Test.Integration.MeshTransforms.MeshTransformsBaseIntegrationTests" name="Post_InvalidReferencePropertyReturnsBadRequest" /></UnitTest><UnitTest name="Patch_ValidReferencePropertyUpdatesModel" storage="d:\github\modelrelief\modelrelief.test\bin\debug\netcoreapp2.0\modelrelief.test.dll" id="33e64fed-9177-46bd-a698-a904ef9e65f3"><Execution id="78c12a08-37a5-465d-8550-02bc201cacf3" /><TestMethod codeBase="d:\Github\ModelRelief\ModelRelief.test\bin\Debug\netcoreapp2.0\ModelRelief.Test.dll" adapterTypeName="executor://xunit/VsTestRunner2/netcoreapp" className="ModelRelief.Test.Integration.Models.ModelsBaseIntegrationTests" name="Patch_ValidReferencePropertyUpdatesModel" /></UnitTest><UnitTest name="Patch_InvalidReferencePropertyReturnsBadRequest" storage="d:\github\modelrelief\modelrelief.test\bin\debug\netcoreapp2.0\modelrelief.test.dll" id="7d611ef0-71f5-457f-9ada-ea8dddeb0c38"><Execution id="58c7c37f-85bb-4806-ada7-6a60e73d447b" /><TestMethod codeBase="d:\Github\ModelRelief\ModelRelief.test\bin\Debug\netcoreapp2.0\ModelRelief.Test.dll" adapterTypeName="executor://xunit/VsTestRunner2/netcoreapp" className="ModelRelief.Test.Integration.Meshes.MeshesBaseIntegrationTests" name="Patch_InvalidReferencePropertyReturnsBadRequest" /></UnitTest><UnitTest name="Patch_InvalidPropertyNameReturnsBadRequest" storage="d:\github\modelrelief\modelrelief.test\bin\debug\netcoreapp2.0\modelrelief.test.dll" id="80b46cdc-cd34-438e-9a45-3903e217fe29"><Execution id="04cd77ea-abd0-46e6-9585-929320fad153" /><TestMethod codeBase="d:\Github\ModelRelief\ModelRelief.test\bin\Debug\netcoreapp2.0\ModelRelief.Test.dll" adapterTypeName="executor://xunit/VsTestRunner2/netcoreapp" className="ModelRelief.Test.Integration.Meshes.MeshesBaseIntegrationTests" name="Patch_InvalidPropertyNameReturnsBadRequest" /></UnitTest><UnitTest name="FileRequest_FileCanBeReadAfterRename" storage="d:\github\modelrelief\modelrelief.test\bin\debug\netcoreapp2.0\modelrelief.test.dll" id="e116145e-000a-4a81-80c6-3f4d9c284095"><Execution id="ba86ac51-0b1e-418b-9792-f0c2737a751b" /><TestMethod codeBase="d:\Github\ModelRelief\ModelRelief.test\bin\Debug\netcoreapp2.0\ModelRelief.Test.dll" adapterTypeName="executor://xunit/VsTestRunner2/netcoreapp" className="ModelRelief.Test.Integration.DepthBuffers.DepthBuffersFileIntegrationTests" name="FileRequest_FileCanBeReadAfterRename" /></UnitTest><UnitTest name="Patch_InvalidIdPropertyReturnsNotFound" storage="d:\github\modelrelief\modelrelief.test\bin\debug\netcoreapp2.0\modelrelief.test.dll" id="5b6ccfdb-6ad5-4893-86ae-34b139d4922b"><Execution id="930411cd-a66d-411d-8751-1d750a2f1c78" /><TestMethod codeBase="d:\Github\ModelRelief\ModelRelief.test\bin\Debug\netcoreapp2.0\ModelRelief.Test.dll" adapterTypeName="executor://xunit/VsTestRunner2/netcoreapp" className="ModelRelief.Test.Integration.Meshes.MeshesBaseIntegrationTests" name="Patch_InvalidIdPropertyReturnsNotFound" /></UnitTest><UnitTest name="Post_InvalidPropertyValueReturnsBadRequest" storage="d:\github\modelrelief\modelrelief.test\bin\debug\netcoreapp2.0\modelrelief.test.dll" id="178d817a-51c2-4756-b245-160bbb6fd7e6"><Execution id="204ea9a7-8aa0-435d-8df7-ca5e82b8807a" /><TestMethod codeBase="d:\Github\ModelRelief\ModelRelief.test\bin\Debug\netcoreapp2.0\ModelRelief.Test.dll" adapterTypeName="executor://xunit/VsTestRunner2/netcoreapp" className="ModelRelief.Test.Integration.Meshes.MeshesBaseIntegrationTests" name="Post_InvalidPropertyValueReturnsBadRequest" /></UnitTest><UnitTest name="PostFile_FileIsSynchronizedIsUpdatedAfterFileIsPosted" storage="d:\github\modelrelief\modelrelief.test\bin\debug\netcoreapp2.0\modelrelief.test.dll" id="c24d59e6-94bd-47fe-92f7-1c5fe2cc5573"><Execution id="f723c921-f20f-4647-adb0-0d278b1600a6" /><TestMethod codeBase="d:\Github\ModelRelief\ModelRelief.test\bin\Debug\netcoreapp2.0\ModelRelief.Test.dll" adapterTypeName="executor://xunit/VsTestRunner2/netcoreapp" className="ModelRelief.Test.Integration.DepthBuffers.DepthBuffersFileIntegrationTests" name="PostFile_FileIsSynchronizedIsUpdatedAfterFileIsPosted" /></UnitTest><UnitTest name="Put_InvalidIdReturnsNotFound" storage="d:\github\modelrelief\modelrelief.test\bin\debug\netcoreapp2.0\modelrelief.test.dll" id="984df376-6164-4096-a042-bc148f08be71"><Execution id="1f0ad46f-d96a-4ee6-9920-26801c34037e" /><TestMethod codeBase="d:\Github\ModelRelief\ModelRelief.test\bin\Debug\netcoreapp2.0\ModelRelief.Test.dll" adapterTypeName="executor://xunit/VsTestRunner2/netcoreapp" className="ModelRelief.Test.Integration.Cameras.CamerasBaseIntegrationTests" name="Put_InvalidIdReturnsNotFound" /></UnitTest><UnitTest name="Patch_InvalidPropertyNameReturnsBadRequest" storage="d:\github\modelrelief\modelrelief.test\bin\debug\netcoreapp2.0\modelrelief.test.dll" id="debdc59b-f9b3-4b2e-9ece-03cd286b92ab"><Execution id="07459f07-f71a-4c1a-bd4f-cb3193d6ae67" /><TestMethod codeBase="d:\Github\ModelRelief\ModelRelief.test\bin\Debug\netcoreapp2.0\ModelRelief.Test.dll" adapterTypeName="executor://xunit/VsTestRunner2/netcoreapp" className="ModelRelief.Test.Integration.DepthBuffers.DepthBuffersBaseIntegrationTests" name="Patch_InvalidPropertyNameReturnsBadRequest" /></UnitTest><UnitTest name="PostFile_FileTimeStampIsUpdatedAfterFileIsPosted" storage="d:\github\modelrelief\modelrelief.test\bin\debug\netcoreapp2.0\modelrelief.test.dll" id="026667ea-69cb-4312-86de-24c1af2d4533"><Execution id="65313a98-e64e-4706-bfd4-18e506109187" /><TestMethod codeBase="d:\Github\ModelRelief\ModelRelief.test\bin\Debug\netcoreapp2.0\ModelRelief.Test.dll" adapterTypeName="executor://xunit/VsTestRunner2/netcoreapp" className="ModelRelief.Test.Integration.DepthBuffers.DepthBuffersFileIntegrationTests" name="PostFile_FileTimeStampIsUpdatedAfterFileIsPosted" /></UnitTest><UnitTest name="Post_CanCreateNewModel" storage="d:\github\modelrelief\modelrelief.test\bin\debug\netcoreapp2.0\modelrelief.test.dll" id="30385e7d-9660-4691-bd12-5a0cfeac783f"><Execution id="181fb4f2-7b18-42e5-8dd2-439730567f72" /><TestMethod codeBase="d:\Github\ModelRelief\ModelRelief.test\bin\Debug\netcoreapp2.0\ModelRelief.Test.dll" adapterTypeName="executor://xunit/VsTestRunner2/netcoreapp" className="ModelRelief.Test.Integration.DepthBuffers.DepthBuffersBaseIntegrationTests" name="Post_CanCreateNewModel" /></UnitTest><UnitTest name="Put_ValidReferencePropertyUpdatesModel" storage="d:\github\modelrelief\modelrelief.test\bin\debug\netcoreapp2.0\modelrelief.test.dll" id="cc53e38b-37b1-486e-833f-cd0c3cb1f95e"><Execution id="669c235d-87fe-4b23-ab04-9c180b02fd54" /><TestMethod codeBase="d:\Github\ModelRelief\ModelRelief.test\bin\Debug\netcoreapp2.0\ModelRelief.Test.dll" adapterTypeName="executor://xunit/VsTestRunner2/netcoreapp" className="ModelRelief.Test.Integration.Cameras.CamerasBaseIntegrationTests" name="Put_ValidReferencePropertyUpdatesModel" /></UnitTest><UnitTest name="Put_InvalidReferencePropertyReturndBadRequest" storage="d:\github\modelrelief\modelrelief.test\bin\debug\netcoreapp2.0\modelrelief.test.dll" id="6e2dffe7-0a9f-4ce3-8a63-8959c9252079"><Execution id="4d297a3b-3c54-4120-a0ee-65bfbdeb3eaa" /><TestMethod codeBase="d:\Github\ModelRelief\ModelRelief.test\bin\Debug\netcoreapp2.0\ModelRelief.Test.dll" adapterTypeName="executor://xunit/VsTestRunner2/netcoreapp" className="ModelRelief.Test.Integration.MeshTransforms.MeshTransformsBaseIntegrationTests" name="Put_InvalidReferencePropertyReturndBadRequest" /></UnitTest><UnitTest name="Post_ValidReferencePropertyCreatesModel" storage="d:\github\modelrelief\modelrelief.test\bin\debug\netcoreapp2.0\modelrelief.test.dll" id="5e2e1f59-19cf-4634-a2a2-6c0ef5bd9f08"><Execution id="fcf46510-b33e-4fe4-bce8-dc13f60bf963" /><TestMethod codeBase="d:\Github\ModelRelief\ModelRelief.test\bin\Debug\netcoreapp2.0\ModelRelief.Test.dll" adapterTypeName="executor://xunit/VsTestRunner2/netcoreapp" className="ModelRelief.Test.Integration.MeshTransforms.MeshTransformsBaseIntegrationTests" name="Post_ValidReferencePropertyCreatesModel" /></UnitTest><UnitTest name="Post_InvalidReferencePropertyReturnsBadRequest" storage="d:\github\modelrelief\modelrelief.test\bin\debug\netcoreapp2.0\modelrelief.test.dll" id="a22c22c4-6221-43f8-80a2-56c21f045306"><Execution id="2d3bd43a-45c1-4d4e-bcfe-4b3408e39754" /><TestMethod codeBase="d:\Github\ModelRelief\ModelRelief.test\bin\Debug\netcoreapp2.0\ModelRelief.Test.dll" adapterTypeName="executor://xunit/VsTestRunner2/netcoreapp" className="ModelRelief.Test.Integration.Projects.ProjectsBaseIntegrationTests" name="Post_InvalidReferencePropertyReturnsBadRequest" /></UnitTest><UnitTest name="Put_InvalidReferencePropertyReturndBadRequest" storage="d:\github\modelrelief\modelrelief.test\bin\debug\netcoreapp2.0\modelrelief.test.dll" id="6d9d28b2-9288-4527-8c74-ea22626401f5"><Execution id="81766c30-22d1-4a07-89af-b98a657ade0d" /><TestMethod codeBase="d:\Github\ModelRelief\ModelRelief.test\bin\Debug\netcoreapp2.0\ModelRelief.Test.dll" adapterTypeName="executor://xunit/VsTestRunner2/netcoreapp" className="ModelRelief.Test.Integration.DepthBuffers.DepthBuffersBaseIntegrationTests" name="Put_InvalidReferencePropertyReturndBadRequest" /></UnitTest><UnitTest name="FileRequest_MeshGenerateSetsFileIsSynchronized" storage="d:\github\modelrelief\modelrelief.test\bin\debug\netcoreapp2.0\modelrelief.test.dll" id="b10ceb26-4ee0-4780-9f93-c0156ae42f6e"><Execution id="88dda6c1-b470-4b12-af64-e8d8a61d9a71" /><TestMethod codeBase="d:\Github\ModelRelief\ModelRelief.test\bin\Debug\netcoreapp2.0\ModelRelief.Test.dll" adapterTypeName="executor://xunit/VsTestRunner2/netcoreapp" className="ModelRelief.Test.Integration.Meshes.MeshesFileIntegrationTests" name="FileRequest_MeshGenerateSetsFileIsSynchronized" /></UnitTest><UnitTest name="Patch_MultipleInvalidReferencePropertiesReturnsMultipleValidationErrorsAndBadRequest" storage="d:\github\modelrelief\modelrelief.test\bin\debug\netcoreapp2.0\modelrelief.test.dll" id="edf040bb-75ff-4a08-9596-b2a5b973b463"><Execution id="ece99d5b-2f6a-4688-b83a-491f77590b12" /><TestMethod codeBase="d:\Github\ModelRelief\ModelRelief.test\bin\Debug\netcoreapp2.0\ModelRelief.Test.dll" adapterTypeName="executor://xunit/VsTestRunner2/netcoreapp" className="ModelRelief.Test.Integration.Meshes.MeshesBaseIntegrationTests" name="Patch_MultipleInvalidReferencePropertiesReturnsMultipleValidationErrorsAndBadRequest" /></UnitTest><UnitTest name="PostFile_FileTimeStampIsUpdatedAfterFileIsPosted" storage="d:\github\modelrelief\modelrelief.test\bin\debug\netcoreapp2.0\modelrelief.test.dll" id="22b30fce-3dad-43f1-9e4b-d3685ab6ca92"><Execution id="f067663f-0dc2-4ac1-8077-881c92f66500" /><TestMethod codeBase="d:\Github\ModelRelief\ModelRelief.test\bin\Debug\netcoreapp2.0\ModelRelief.Test.dll" adapterTypeName="executor://xunit/VsTestRunner2/netcoreapp" className="ModelRelief.Test.Integration.Meshes.MeshesFileIntegrationTests" name="PostFile_FileTimeStampIsUpdatedAfterFileIsPosted" /></UnitTest><UnitTest name="Post_CanCreateNewModel" storage="d:\github\modelrelief\modelrelief.test\bin\debug\netcoreapp2.0\modelrelief.test.dll" id="18d4999b-81dc-4a75-a7ea-495c7496fb4f"><Execution id="f5dfe122-c9c9-4b2e-bc84-8e7e3e6a3bf8" /><TestMethod codeBase="d:\Github\ModelRelief\ModelRelief.test\bin\Debug\netcoreapp2.0\ModelRelief.Test.dll" adapterTypeName="executor://xunit/VsTestRunner2/netcoreapp" className="ModelRelief.Test.Integration.MeshTransforms.MeshTransformsBaseIntegrationTests" name="Post_CanCreateNewModel" /></UnitTest><UnitTest name="Post_ValidReferencePropertyCreatesModel" storage="d:\github\modelrelief\modelrelief.test\bin\debug\netcoreapp2.0\modelrelief.test.dll" id="06907c72-d4e2-4e42-baeb-0b9d74a3d7a4"><Execution id="e673a015-e85a-41c1-a8f0-b358cb32267d" /><TestMethod codeBase="d:\Github\ModelRelief\ModelRelief.test\bin\Debug\netcoreapp2.0\ModelRelief.Test.dll" adapterTypeName="executor://xunit/VsTestRunner2/netcoreapp" className="ModelRelief.Test.Integration.DepthBuffers.DepthBuffersBaseIntegrationTests" name="Post_ValidReferencePropertyCreatesModel" /></UnitTest><UnitTest name="Put_InvalidReferencePropertyReturndBadRequest" storage="d:\github\modelrelief\modelrelief.test\bin\debug\netcoreapp2.0\modelrelief.test.dll" id="4ef88128-1615-4b71-923c-496ff11e3c29"><Execution id="449be3b1-8b66-49f6-893c-38e44ebec1e7" /><TestMethod codeBase="d:\Github\ModelRelief\ModelRelief.test\bin\Debug\netcoreapp2.0\ModelRelief.Test.dll" adapterTypeName="executor://xunit/VsTestRunner2/netcoreapp" className="ModelRelief.Test.Integration.Meshes.MeshesBaseIntegrationTests" name="Put_InvalidReferencePropertyReturndBadRequest" /></UnitTest><UnitTest name="Patch_InvalidReferencePropertyReturnsBadRequest" storage="d:\github\modelrelief\modelrelief.test\bin\debug\netcoreapp2.0\modelrelief.test.dll" id="9f7bc4ca-143a-45f0-b55d-f5fb98946d4a"><Execution id="4e883a5a-30a9-4c73-9794-fc92263576cc" /><TestMethod codeBase="d:\Github\ModelRelief\ModelRelief.test\bin\Debug\netcoreapp2.0\ModelRelief.Test.dll" adapterTypeName="executor://xunit/VsTestRunner2/netcoreapp" className="ModelRelief.Test.Integration.Projects.ProjectsBaseIntegrationTests" name="Patch_InvalidReferencePropertyReturnsBadRequest" /></UnitTest><UnitTest name="FileRequest_FileCanBeReadAfterRename" storage="d:\github\modelrelief\modelrelief.test\bin\debug\netcoreapp2.0\modelrelief.test.dll" id="b63d4fe2-54b4-4e73-8c8e-97002bc7749f"><Execution id="e0b95322-c8fc-46c4-8ccf-a919c93e2a4c" /><TestMethod codeBase="d:\Github\ModelRelief\ModelRelief.test\bin\Debug\netcoreapp2.0\ModelRelief.Test.dll" adapterTypeName="executor://xunit/VsTestRunner2/netcoreapp" className="ModelRelief.Test.Integration.Models.ModelsFileIntegrationTests" name="FileRequest_FileCanBeReadAfterRename" /></UnitTest><UnitTest name="GetFile_NonExistentFileReturnsNotFound" storage="d:\github\modelrelief\modelrelief.test\bin\debug\netcoreapp2.0\modelrelief.test.dll" id="abfa3c54-9cd2-4c74-a965-3a06b30af4cf"><Execution id="89af489c-82e6-42dc-8869-4f1f2835ced0" /><TestMethod codeBase="d:\Github\ModelRelief\ModelRelief.test\bin\Debug\netcoreapp2.0\ModelRelief.Test.dll" adapterTypeName="executor://xunit/VsTestRunner2/netcoreapp" className="ModelRelief.Test.Integration.Models.ModelsFileIntegrationTests" name="GetFile_NonExistentFileReturnsNotFound" /></UnitTest><UnitTest name="Patch_InvalidPropertyNameReturnsBadRequest" storage="d:\github\modelrelief\modelrelief.test\bin\debug\netcoreapp2.0\modelrelief.test.dll" id="2663b5a3-07b3-4fae-a064-b3fc6d3f4f8c"><Execution id="bae4fea7-682a-4851-a68d-d08ef00e94b3" /><TestMethod codeBase="d:\Github\ModelRelief\ModelRelief.test\bin\Debug\netcoreapp2.0\ModelRelief.Test.dll" adapterTypeName="executor://xunit/VsTestRunner2/netcoreapp" className="ModelRelief.Test.Integration.Cameras.CamerasBaseIntegrationTests" name="Patch_InvalidPropertyNameReturnsBadRequest" /></UnitTest><UnitTest name="Patch_InvalidEnumPropertyValueReturnsBadRequest" storage="d:\github\modelrelief\modelrelief.test\bin\debug\netcoreapp2.0\modelrelief.test.dll" id="67b38d6e-f6ef-4246-90a9-66b343f4ef94"><Execution id="a4811b9a-0516-4e3b-a7ff-44549fe360ad" /><TestMethod codeBase="d:\Github\ModelRelief\ModelRelief.test\bin\Debug\netcoreapp2.0\ModelRelief.Test.dll" adapterTypeName="executor://xunit/VsTestRunner2/netcoreapp" className="ModelRelief.Test.Integration.Models.ModelsBaseIntegrationTests" name="Patch_InvalidEnumPropertyValueReturnsBadRequest" /></UnitTest><UnitTest name="FileRequest_MeshIsInvalidatedAfterDepthBufferFileBecomesUnsynchronized" storage="d:\github\modelrelief\modelrelief.test\bin\debug\netcoreapp2.0\modelrelief.test.dll" id="13fa303d-fb87-4a0d-a0fe-8c0b40bada56"><Execution id="804d7d26-758a-47da-8dac-ad876125ee41" /><TestMethod codeBase="d:\Github\ModelRelief\ModelRelief.test\bin\Debug\netcoreapp2.0\ModelRelief.Test.dll" adapterTypeName="executor://xunit/VsTestRunner2/netcoreapp" className="ModelRelief.Test.Integration.Meshes.MeshesFileIntegrationTests" name="FileRequest_MeshIsInvalidatedAfterDepthBufferFileBecomesUnsynchronized" /></UnitTest><UnitTest name="Patch_InvalidPropertyNameReturnsBadRequest" storage="d:\github\modelrelief\modelrelief.test\bin\debug\netcoreapp2.0\modelrelief.test.dll" id="bd6ef7d0-abc9-48bd-a4ee-b3084c49e411"><Execution id="39b94c4f-cd87-421e-9500-06e1fb2c6dd2" /><TestMethod codeBase="d:\Github\ModelRelief\ModelRelief.test\bin\Debug\netcoreapp2.0\ModelRelief.Test.dll" adapterTypeName="executor://xunit/VsTestRunner2/netcoreapp" className="ModelRelief.Test.Integration.MeshTransforms.MeshTransformsBaseIntegrationTests" name="Patch_InvalidPropertyNameReturnsBadRequest" /></UnitTest><UnitTest name="GetSingle_InvalidIdPropertyValueReturnsNotFound" storage="d:\github\modelrelief\modelrelief.test\bin\debug\netcoreapp2.0\modelrelief.test.dll" id="2f119f8e-c882-481a-a625-a52071255ad0"><Execution id="49593279-fe2d-4369-8b15-174463c7ad77" /><TestMethod codeBase="d:\Github\ModelRelief\ModelRelief.test\bin\Debug\netcoreapp2.0\ModelRelief.Test.dll" adapterTypeName="executor://xunit/VsTestRunner2/netcoreapp" className="ModelRelief.Test.Integration.DepthBuffers.DepthBuffersBaseIntegrationTests" name="GetSingle_InvalidIdPropertyValueReturnsNotFound" /></UnitTest><UnitTest name="PutFile_FileCanBeUpdated" storage="d:\github\modelrelief\modelrelief.test\bin\debug\netcoreapp2.0\modelrelief.test.dll" id="312ff250-68de-4922-9a61-ef9c8d751a1b"><Execution id="11b85294-44cd-4005-b0d5-a6267b5c5c4c" /><TestMethod codeBase="d:\Github\ModelRelief\ModelRelief.test\bin\Debug\netcoreapp2.0\ModelRelief.Test.dll" adapterTypeName="executor://xunit/VsTestRunner2/netcoreapp" className="ModelRelief.Test.Integration.Models.ModelsFileIntegrationTests" name="PutFile_FileCanBeUpdated" /></UnitTest><UnitTest name="Patch_MultipleInvalidReferencePropertiesReturnsMultipleValidationErrorsAndBadRequest" storage="d:\github\modelrelief\modelrelief.test\bin\debug\netcoreapp2.0\modelrelief.test.dll" id="00eabe15-3873-41cb-bd4f-23e496a6c6d8"><Execution id="20ef7d1f-9504-4e52-8ff1-80eca4cb577c" /><TestMethod codeBase="d:\Github\ModelRelief\ModelRelief.test\bin\Debug\netcoreapp2.0\ModelRelief.Test.dll" adapterTypeName="executor://xunit/VsTestRunner2/netcoreapp" className="ModelRelief.Test.Integration.Projects.ProjectsBaseIntegrationTests" name="Patch_MultipleInvalidReferencePropertiesReturnsMultipleValidationErrorsAndBadRequest" /></UnitTest><UnitTest name="Patch_MultipleInvalidReferencePropertiesReturnsMultipleValidationErrorsAndBadRequest" storage="d:\github\modelrelief\modelrelief.test\bin\debug\netcoreapp2.0\modelrelief.test.dll" id="7433c133-d6d8-4d09-a60a-c235c2123a58"><Execution id="d2c89152-65ec-4805-a1e6-f1642c6561cf" /><TestMethod codeBase="d:\Github\ModelRelief\ModelRelief.test\bin\Debug\netcoreapp2.0\ModelRelief.Test.dll" adapterTypeName="executor://xunit/VsTestRunner2/netcoreapp" className="ModelRelief.Test.Integration.Models.ModelsBaseIntegrationTests" name="Patch_MultipleInvalidReferencePropertiesReturnsMultipleValidationErrorsAndBadRequest" /></UnitTest><UnitTest name="Delete_TargetModelIsDeleted" storage="d:\github\modelrelief\modelrelief.test\bin\debug\netcoreapp2.0\modelrelief.test.dll" id="e54c0154-0e3d-4c79-a6d6-771470b330d9"><Execution id="d405d41e-086f-4d11-9f1a-1c56bff5591b" /><TestMethod codeBase="d:\Github\ModelRelief\ModelRelief.test\bin\Debug\netcoreapp2.0\ModelRelief.Test.dll" adapterTypeName="executor://xunit/VsTestRunner2/netcoreapp" className="ModelRelief.Test.Integration.Models.ModelsBaseIntegrationTests" name="Delete_TargetModelIsDeleted" /></UnitTest><UnitTest name="Patch_InvalidPropertyNameReturnsBadRequest" storage="d:\github\modelrelief\modelrelief.test\bin\debug\netcoreapp2.0\modelrelief.test.dll" id="53660fc7-3839-4c5a-a341-f8d6779bf437"><Execution id="39f9178e-5fd2-40d8-901e-d01c8fb50dcc" /><TestMethod codeBase="d:\Github\ModelRelief\ModelRelief.test\bin\Debug\netcoreapp2.0\ModelRelief.Test.dll" adapterTypeName="executor://xunit/VsTestRunner2/netcoreapp" className="ModelRelief.Test.Integration.Projects.ProjectsBaseIntegrationTests" name="Patch_InvalidPropertyNameReturnsBadRequest" /></UnitTest><UnitTest name="Patch_InvalidEnumPropertyValueReturnsBadRequest" storage="d:\github\modelrelief\modelrelief.test\bin\debug\netcoreapp2.0\modelrelief.test.dll" id="e695a69e-cc87-43bf-a0c6-59e6bb621d54"><Execution id="6d0a72ba-2b76-4708-8925-40150863e5d1" /><TestMethod codeBase="d:\Github\ModelRelief\ModelRelief.test\bin\Debug\netcoreapp2.0\ModelRelief.Test.dll" adapterTypeName="executor://xunit/VsTestRunner2/netcoreapp" className="ModelRelief.Test.Integration.MeshTransforms.MeshTransformsBaseIntegrationTests" name="Patch_InvalidEnumPropertyValueReturnsBadRequest" /></UnitTest><UnitTest name="GetSingle_ValidIdPropertyValueReturnsCorrectModel" storage="d:\github\modelrelief\modelrelief.test\bin\debug\netcoreapp2.0\modelrelief.test.dll" id="71eafbe1-6658-42ee-9ce2-f37341b106be"><Execution id="8747c181-00d0-43fe-97e0-4c482b0e9361" /><TestMethod codeBase="d:\Github\ModelRelief\ModelRelief.test\bin\Debug\netcoreapp2.0\ModelRelief.Test.dll" adapterTypeName="executor://xunit/VsTestRunner2/netcoreapp" className="ModelRelief.Test.Integration.MeshTransforms.MeshTransformsBaseIntegrationTests" name="GetSingle_ValidIdPropertyValueReturnsCorrectModel" /></UnitTest><UnitTest name="Put_ValidReferencePropertyUpdatesModel" storage="d:\github\modelrelief\modelrelief.test\bin\debug\netcoreapp2.0\modelrelief.test.dll" id="6758d2b5-6e71-4d53-baca-c59b23ab8c50"><Execution id="691467dc-4281-47e0-aebb-f7d39a2942dd" /><TestMethod codeBase="d:\Github\ModelRelief\ModelRelief.test\bin\Debug\netcoreapp2.0\ModelRelief.Test.dll" adapterTypeName="executor://xunit/VsTestRunner2/netcoreapp" className="ModelRelief.Test.Integration.Models.ModelsBaseIntegrationTests" name="Put_ValidReferencePropertyUpdatesModel" /></UnitTest><UnitTest name="PutFile_NewFileCanBePut" storage="d:\github\modelrelief\modelrelief.test\bin\debug\netcoreapp2.0\modelrelief.test.dll" id="d449ba5f-4a19-494a-90d2-07b9f031abec"><Execution id="9c4e1aed-44b6-4d6c-9560-c0cabb6b6fc7" /><TestMethod codeBase="d:\Github\ModelRelief\ModelRelief.test\bin\Debug\netcoreapp2.0\ModelRelief.Test.dll" adapterTypeName="executor://xunit/VsTestRunner2/netcoreapp" className="ModelRelief.Test.Integration.DepthBuffers.DepthBuffersFileIntegrationTests" name="PutFile_NewFileCanBePut" /></UnitTest><UnitTest name="Put_CanUpdateModel" storage="d:\github\modelrelief\modelrelief.test\bin\debug\netcoreapp2.0\modelrelief.test.dll" id="4c7f2bd8-f7d4-48d4-84c3-69fb733547b0"><Execution id="63456180-9dda-49f3-a3eb-898b2ee8f24c" /><TestMethod codeBase="d:\Github\ModelRelief\ModelRelief.test\bin\Debug\netcoreapp2.0\ModelRelief.Test.dll" adapterTypeName="executor://xunit/VsTestRunner2/netcoreapp" className="ModelRelief.Test.Integration.Models.ModelsBaseIntegrationTests" name="Put_CanUpdateModel" /></UnitTest><UnitTest name="Delete_TargetModelIsDeleted" storage="d:\github\modelrelief\modelrelief.test\bin\debug\netcoreapp2.0\modelrelief.test.dll" id="4b8b3595-564e-463e-9161-eb0857276117"><Execution id="b26a41aa-cf01-4eb7-bc79-8c42279f3441" /><TestMethod codeBase="d:\Github\ModelRelief\ModelRelief.test\bin\Debug\netcoreapp2.0\ModelRelief.Test.dll" adapterTypeName="executor://xunit/VsTestRunner2/netcoreapp" className="ModelRelief.Test.Integration.Projects.ProjectsBaseIntegrationTests" name="Delete_TargetModelIsDeleted" /></UnitTest><UnitTest name="Post_CanCreateNewModel" storage="d:\github\modelrelief\modelrelief.test\bin\debug\netcoreapp2.0\modelrelief.test.dll" id="bbc8ca17-61ad-4479-81ab-87a0ad4ebef7"><Execution id="34cea170-1686-479e-9193-e36674e294c7" /><TestMethod codeBase="d:\Github\ModelRelief\ModelRelief.test\bin\Debug\netcoreapp2.0\ModelRelief.Test.dll" adapterTypeName="executor://xunit/VsTestRunner2/netcoreapp" className="ModelRelief.Test.Integration.Cameras.CamerasBaseIntegrationTests" name="Post_CanCreateNewModel" /></UnitTest><UnitTest name="Patch_InvalidEnumPropertyValueReturnsBadRequest" storage="d:\github\modelrelief\modelrelief.test\bin\debug\netcoreapp2.0\modelrelief.test.dll" id="f8d63bca-1c33-4d2a-843d-f52a3b7f2c24"><Execution id="dd85e403-f8f6-44ed-9052-7cced66ccb22" /><TestMethod codeBase="d:\Github\ModelRelief\ModelRelief.test\bin\Debug\netcoreapp2.0\ModelRelief.Test.dll" adapterTypeName="executor://xunit/VsTestRunner2/netcoreapp" className="ModelRelief.Test.Integration.Meshes.MeshesBaseIntegrationTests" name="Patch_InvalidEnumPropertyValueReturnsBadRequest" /></UnitTest><UnitTest name="Patch_InvalidReferencePropertyReturnsBadRequest" storage="d:\github\modelrelief\modelrelief.test\bin\debug\netcoreapp2.0\modelrelief.test.dll" id="6d2b3e56-8a22-4aa1-8ba4-fbf73755458b"><Execution id="ca173600-3cc7-49cc-9ea7-90041844ac97" /><TestMethod codeBase="d:\Github\ModelRelief\ModelRelief.test\bin\Debug\netcoreapp2.0\ModelRelief.Test.dll" adapterTypeName="executor://xunit/VsTestRunner2/netcoreapp" className="ModelRelief.Test.Integration.MeshTransforms.MeshTransformsBaseIntegrationTests" name="Patch_InvalidReferencePropertyReturnsBadRequest" /></UnitTest><UnitTest name="DepthBufferHasExpectedDependentFiles" storage="d:\github\modelrelief\modelrelief.test\bin\debug\netcoreapp2.0\modelrelief.test.dll" id="3a06c657-31e8-43fb-a460-74e0326cff74"><Execution id="db80a3eb-7789-43ab-b102-770f87affdbe" /><TestMethod codeBase="d:\Github\ModelRelief\ModelRelief.test\bin\Debug\netcoreapp2.0\ModelRelief.Test.dll" adapterTypeName="executor://xunit/VsTestRunner2/netcoreapp" className="ModelRelief.Test.Unit.DependencyManager.DependencyManagerTests" name="DepthBufferHasExpectedDependentFiles" /></UnitTest><UnitTest name="Put_ValidReferencePropertyUpdatesModel" storage="d:\github\modelrelief\modelrelief.test\bin\debug\netcoreapp2.0\modelrelief.test.dll" id="716574ae-cf1e-45f1-8930-397131f9c9d4"><Execution id="58024c5b-ad6f-4b34-99b3-88678e8a1aae" /><TestMethod codeBase="d:\Github\ModelRelief\ModelRelief.test\bin\Debug\netcoreapp2.0\ModelRelief.Test.dll" adapterTypeName="executor://xunit/VsTestRunner2/netcoreapp" className="ModelRelief.Test.Integration.Meshes.MeshesBaseIntegrationTests" name="Put_ValidReferencePropertyUpdatesModel" /></UnitTest><UnitTest name="Post_InvalidReferencePropertyReturnsBadRequest" storage="d:\github\modelrelief\modelrelief.test\bin\debug\netcoreapp2.0\modelrelief.test.dll" id="9a3ffe29-208e-4327-bf5e-803775eae37d"><Execution id="e083e4ef-58cc-405d-b076-aa601a60fbeb" /><TestMethod codeBase="d:\Github\ModelRelief\ModelRelief.test\bin\Debug\netcoreapp2.0\ModelRelief.Test.dll" adapterTypeName="executor://xunit/VsTestRunner2/netcoreapp" className="ModelRelief.Test.Integration.Cameras.CamerasBaseIntegrationTests" name="Post_InvalidReferencePropertyReturnsBadRequest" /></UnitTest><UnitTest name="Delete_TargetModelIsDeleted" storage="d:\github\modelrelief\modelrelief.test\bin\debug\netcoreapp2.0\modelrelief.test.dll" id="e5787470-e97b-41f1-a1f3-bfb0efb69cc1"><Execution id="dd00c725-7d65-474d-b1d3-cd9eed9f54ae" /><TestMethod codeBase="d:\Github\ModelRelief\ModelRelief.test\bin\Debug\netcoreapp2.0\ModelRelief.Test.dll" adapterTypeName="executor://xunit/VsTestRunner2/netcoreapp" className="ModelRelief.Test.Integration.DepthBuffers.DepthBuffersBaseIntegrationTests" name="Delete_TargetModelIsDeleted" /></UnitTest><UnitTest name="GetList_ListReturnsCorrectCount" storage="d:\github\modelrelief\modelrelief.test\bin\debug\netcoreapp2.0\modelrelief.test.dll" id="c05b27c3-b45e-4334-a759-9ff677e0d580"><Execution id="25197220-9a78-492f-9bca-880ef4e71f22" /><TestMethod codeBase="d:\Github\ModelRelief\ModelRelief.test\bin\Debug\netcoreapp2.0\ModelRelief.Test.dll" adapterTypeName="executor://xunit/VsTestRunner2/netcoreapp" className="ModelRelief.Test.Integration.MeshTransforms.MeshTransformsBaseIntegrationTests" name="GetList_ListReturnsCorrectCount" /></UnitTest><UnitTest name="Post_ValidReferencePropertyCreatesModel" storage="d:\github\modelrelief\modelrelief.test\bin\debug\netcoreapp2.0\modelrelief.test.dll" id="4d31e0aa-eb73-4923-b6e1-85cbf7b614a0"><Execution id="b2f2fc2f-ab9f-4611-bd07-0e25b5fd625b" /><TestMethod codeBase="d:\Github\ModelRelief\ModelRelief.test\bin\Debug\netcoreapp2.0\ModelRelief.Test.dll" adapterTypeName="executor://xunit/VsTestRunner2/netcoreapp" className="ModelRelief.Test.Integration.Models.ModelsBaseIntegrationTests" name="Post_ValidReferencePropertyCreatesModel" /></UnitTest><UnitTest name="Patch_ValidReferencePropertyUpdatesModel" storage="d:\github\modelrelief\modelrelief.test\bin\debug\netcoreapp2.0\modelrelief.test.dll" id="771fbb81-63dd-4ffc-9d6c-5929f0127743"><Execution id="700beb3f-33ca-46f3-8097-b0300b4e0f97" /><TestMethod codeBase="d:\Github\ModelRelief\ModelRelief.test\bin\Debug\netcoreapp2.0\ModelRelief.Test.dll" adapterTypeName="executor://xunit/VsTestRunner2/netcoreapp" className="ModelRelief.Test.Integration.Meshes.MeshesBaseIntegrationTests" name="Patch_ValidReferencePropertyUpdatesModel" /></UnitTest><UnitTest name="Patch_TargetPropertyIsUpdated" storage="d:\github\modelrelief\modelrelief.test\bin\debug\netcoreapp2.0\modelrelief.test.dll" id="950038d4-b3a9-4dd8-bd4e-74e6ebf8afb9"><Execution id="07715dc1-dd6d-437e-ac89-1de946a0738e" /><TestMethod codeBase="d:\Github\ModelRelief\ModelRelief.test\bin\Debug\netcoreapp2.0\ModelRelief.Test.dll" adapterTypeName="executor://xunit/VsTestRunner2/netcoreapp" className="ModelRelief.Test.Integration.DepthBuffers.DepthBuffersBaseIntegrationTests" name="Patch_TargetPropertyIsUpdated" /></UnitTest><UnitTest name="GetFile_ExistingFileReturnsSuccess" storage="d:\github\modelrelief\modelrelief.test\bin\debug\netcoreapp2.0\modelrelief.test.dll" id="dad71911-66d0-4355-84eb-08f40d2a883b"><Execution id="27030367-c679-43c6-8d52-324844f5628d" /><TestMethod codeBase="d:\Github\ModelRelief\ModelRelief.test\bin\Debug\netcoreapp2.0\ModelRelief.Test.dll" adapterTypeName="executor://xunit/VsTestRunner2/netcoreapp" className="ModelRelief.Test.Integration.Meshes.MeshesFileIntegrationTests" name="GetFile_ExistingFileReturnsSuccess" /></UnitTest><UnitTest name="GetSingle_InvalidIdPropertyValueReturnsNotFound" storage="d:\github\modelrelief\modelrelief.test\bin\debug\netcoreapp2.0\modelrelief.test.dll" id="cc948f65-faa9-4c8d-9ada-7da9f3949884"><Execution id="a45ece1e-121e-43ac-95b0-08efc62f40ea" /><TestMethod codeBase="d:\Github\ModelRelief\ModelRelief.test\bin\Debug\netcoreapp2.0\ModelRelief.Test.dll" adapterTypeName="executor://xunit/VsTestRunner2/netcoreapp" className="ModelRelief.Test.Integration.Projects.ProjectsBaseIntegrationTests" name="GetSingle_InvalidIdPropertyValueReturnsNotFound" /></UnitTest><UnitTest name="GetList_ListReturnsCorrectCount" storage="d:\github\modelrelief\modelrelief.test\bin\debug\netcoreapp2.0\modelrelief.test.dll" id="a44c792d-ad8a-4fbc-814d-7b9049995d88"><Execution id="6bb2f696-6a43-44d4-bfa6-67a224252779" /><TestMethod codeBase="d:\Github\ModelRelief\ModelRelief.test\bin\Debug\netcoreapp2.0\ModelRelief.Test.dll" adapterTypeName="executor://xunit/VsTestRunner2/netcoreapp" className="ModelRelief.Test.Integration.DepthBuffers.DepthBuffersBaseIntegrationTests" name="GetList_ListReturnsCorrectCount" /></UnitTest><UnitTest name="GetSingle_InvalidIdPropertyValueReturnsNotFound" storage="d:\github\modelrelief\modelrelief.test\bin\debug\netcoreapp2.0\modelrelief.test.dll" id="f7964a5e-2fbd-4050-bd0d-f906831089cc"><Execution id="1494c6f1-4dfa-45f2-93e4-69af32197a45" /><TestMethod codeBase="d:\Github\ModelRelief\ModelRelief.test\bin\Debug\netcoreapp2.0\ModelRelief.Test.dll" adapterTypeName="executor://xunit/VsTestRunner2/netcoreapp" className="ModelRelief.Test.Integration.Meshes.MeshesBaseIntegrationTests" name="GetSingle_InvalidIdPropertyValueReturnsNotFound" /></UnitTest><UnitTest name="Put_ValidReferencePropertyUpdatesModel" storage="d:\github\modelrelief\modelrelief.test\bin\debug\netcoreapp2.0\modelrelief.test.dll" id="b97b5d4e-05b7-4f16-b517-bd2bc4a2be35"><Execution id="4d0e5842-1888-48b2-bbc6-608468fb011a" /><TestMethod codeBase="d:\Github\ModelRelief\ModelRelief.test\bin\Debug\netcoreapp2.0\ModelRelief.Test.dll" adapterTypeName="executor://xunit/VsTestRunner2/netcoreapp" className="ModelRelief.Test.Integration.Projects.ProjectsBaseIntegrationTests" name="Put_ValidReferencePropertyUpdatesModel" /></UnitTest><UnitTest name="PostFile_NewFileCanBePosted" storage="d:\github\modelrelief\modelrelief.test\bin\debug\netcoreapp2.0\modelrelief.test.dll" id="30725f58-f71c-4204-ac10-f816fe5c7b94"><Execution id="2e17f3a9-13f8-4689-b043-9e0fd39cbb1e" /><TestMethod codeBase="d:\Github\ModelRelief\ModelRelief.test\bin\Debug\netcoreapp2.0\ModelRelief.Test.dll" adapterTypeName="executor://xunit/VsTestRunner2/netcoreapp" className="ModelRelief.Test.Integration.DepthBuffers.DepthBuffersFileIntegrationTests" name="PostFile_NewFileCanBePosted" /></UnitTest><UnitTest name="Put_InvalidReferencePropertyReturndBadRequest" storage="d:\github\modelrelief\modelrelief.test\bin\debug\netcoreapp2.0\modelrelief.test.dll" id="e18a7c41-38a6-4614-80ca-531af98dbde5"><Execution id="66769c8d-edfd-48f4-87f4-a0234f60b791" /><TestMethod codeBase="d:\Github\ModelRelief\ModelRelief.test\bin\Debug\netcoreapp2.0\ModelRelief.Test.dll" adapterTypeName="executor://xunit/VsTestRunner2/netcoreapp" className="ModelRelief.Test.Integration.Models.ModelsBaseIntegrationTests" name="Put_InvalidReferencePropertyReturndBadRequest" /></UnitTest><UnitTest name="Post_InvalidPropertyValueReturnsBadRequest" storage="d:\github\modelrelief\modelrelief.test\bin\debug\netcoreapp2.0\modelrelief.test.dll" id="a4e4f2c0-ff66-46e3-af23-b0573d05ec63"><Execution id="5241b3b2-eb07-44c4-9e7b-4ee514922fb3" /><TestMethod codeBase="d:\Github\ModelRelief\ModelRelief.test\bin\Debug\netcoreapp2.0\ModelRelief.Test.dll" adapterTypeName="executor://xunit/VsTestRunner2/netcoreapp" className="ModelRelief.Test.Integration.Models.ModelsBaseIntegrationTests" name="Post_InvalidPropertyValueReturnsBadRequest" /></UnitTest><UnitTest name="Patch_InvalidIdPropertyReturnsNotFound" storage="d:\github\modelrelief\modelrelief.test\bin\debug\netcoreapp2.0\modelrelief.test.dll" id="822f570d-bea0-4471-95ea-1edfdd2281ae"><Execution id="565736c3-b160-4711-abd9-f8ab7f009392" /><TestMethod codeBase="d:\Github\ModelRelief\ModelRelief.test\bin\Debug\netcoreapp2.0\ModelRelief.Test.dll" adapterTypeName="executor://xunit/VsTestRunner2/netcoreapp" className="ModelRelief.Test.Integration.Projects.ProjectsBaseIntegrationTests" name="Patch_InvalidIdPropertyReturnsNotFound" /></UnitTest><UnitTest name="GetList_ListReturnsCorrectCount" storage="d:\github\modelrelief\modelrelief.test\bin\debug\netcoreapp2.0\modelrelief.test.dll" id="0eff090d-e7ee-48ff-a226-b8ee0a715634"><Execution id="81137428-ad10-4089-93c5-648c3d3c8dd4" /><TestMethod codeBase="d:\Github\ModelRelief\ModelRelief.test\bin\Debug\netcoreapp2.0\ModelRelief.Test.dll" adapterTypeName="executor://xunit/VsTestRunner2/netcoreapp" className="ModelRelief.Test.Integration.Projects.ProjectsBaseIntegrationTests" name="GetList_ListReturnsCorrectCount" /></UnitTest><UnitTest name="GetFile_ExistingFileReturnsSuccess" storage="d:\github\modelrelief\modelrelief.test\bin\debug\netcoreapp2.0\modelrelief.test.dll" id="68ec0cf0-3e2a-4829-90ed-df962427c967"><Execution id="a7d5aaa2-31b4-41cb-ac8e-a1f3223510ad" /><TestMethod codeBase="d:\Github\ModelRelief\ModelRelief.test\bin\Debug\netcoreapp2.0\ModelRelief.Test.dll" adapterTypeName="executor://xunit/VsTestRunner2/netcoreapp" className="ModelRelief.Test.Integration.DepthBuffers.DepthBuffersFileIntegrationTests" name="GetFile_ExistingFileReturnsSuccess" /></UnitTest><UnitTest name="Post_InvalidReferencePropertyReturnsBadRequest" storage="d:\github\modelrelief\modelrelief.test\bin\debug\netcoreapp2.0\modelrelief.test.dll" id="f30fbeff-138c-431b-8c8a-af2264d29334"><Execution id="4e2ea4e1-d446-47e1-8006-9bf77ae73cfa" /><TestMethod codeBase="d:\Github\ModelRelief\ModelRelief.test\bin\Debug\netcoreapp2.0\ModelRelief.Test.dll" adapterTypeName="executor://xunit/VsTestRunner2/netcoreapp" className="ModelRelief.Test.Integration.Models.ModelsBaseIntegrationTests" name="Post_InvalidReferencePropertyReturnsBadRequest" /></UnitTest><UnitTest name="Patch_TargetPropertyIsUpdated" storage="d:\github\modelrelief\modelrelief.test\bin\debug\netcoreapp2.0\modelrelief.test.dll" id="cb8a1e50-3d4d-4628-b01e-e23b2839ea0e"><Execution id="fedaab34-27c7-47a7-bdc3-a2fe8b8a7630" /><TestMethod codeBase="d:\Github\ModelRelief\ModelRelief.test\bin\Debug\netcoreapp2.0\ModelRelief.Test.dll" adapterTypeName="executor://xunit/VsTestRunner2/netcoreapp" className="ModelRelief.Test.Integration.Cameras.CamerasBaseIntegrationTests" name="Patch_TargetPropertyIsUpdated" /></UnitTest><UnitTest name="GetSingle_ValidIdPropertyValueReturnsCorrectModel" storage="d:\github\modelrelief\modelrelief.test\bin\debug\netcoreapp2.0\modelrelief.test.dll" id="a66208a3-1b2b-4bcb-ac5b-93d1fc45c186"><Execution id="cf97c9de-d877-4f64-900b-c7e7be00294a" /><TestMethod codeBase="d:\Github\ModelRelief\ModelRelief.test\bin\Debug\netcoreapp2.0\ModelRelief.Test.dll" adapterTypeName="executor://xunit/VsTestRunner2/netcoreapp" className="ModelRelief.Test.Integration.DepthBuffers.DepthBuffersBaseIntegrationTests" name="GetSingle_ValidIdPropertyValueReturnsCorrectModel" /></UnitTest><UnitTest name="PutFile_FileCanBeUpdated" storage="d:\github\modelrelief\modelrelief.test\bin\debug\netcoreapp2.0\modelrelief.test.dll" id="e7bf83ea-5aba-4b81-ba0f-da985ddb6d43"><Execution id="3845fab0-df50-423e-838a-4f5716589132" /><TestMethod codeBase="d:\Github\ModelRelief\ModelRelief.test\bin\Debug\netcoreapp2.0\ModelRelief.Test.dll" adapterTypeName="executor://xunit/VsTestRunner2/netcoreapp" className="ModelRelief.Test.Integration.DepthBuffers.DepthBuffersFileIntegrationTests" name="PutFile_FileCanBeUpdated" /></UnitTest><UnitTest name="Patch_ValidReferencePropertyUpdatesModel" storage="d:\github\modelrelief\modelrelief.test\bin\debug\netcoreapp2.0\modelrelief.test.dll" id="7178e0d7-4e72-4141-8393-8def047aa802"><Execution id="1a998ff2-7c3b-4540-b912-80b30988df6a" /><TestMethod codeBase="d:\Github\ModelRelief\ModelRelief.test\bin\Debug\netcoreapp2.0\ModelRelief.Test.dll" adapterTypeName="executor://xunit/VsTestRunner2/netcoreapp" className="ModelRelief.Test.Integration.Cameras.CamerasBaseIntegrationTests" name="Patch_ValidReferencePropertyUpdatesModel" /></UnitTest><UnitTest name="GetFile_NonExistentFileReturnsNotFound" storage="d:\github\modelrelief\modelrelief.test\bin\debug\netcoreapp2.0\modelrelief.test.dll" id="bb0b74ef-1b16-4829-be30-8b863d2f5ba8"><Execution id="6b0208b9-04b7-46ca-ad9e-d78ecd2e3d7e" /><TestMethod codeBase="d:\Github\ModelRelief\ModelRelief.test\bin\Debug\netcoreapp2.0\ModelRelief.Test.dll" adapterTypeName="executor://xunit/VsTestRunner2/netcoreapp" className="ModelRelief.Test.Integration.Meshes.MeshesFileIntegrationTests" name="GetFile_NonExistentFileReturnsNotFound" /></UnitTest><UnitTest name="PutFile_FileCanBeUpdated" storage="d:\github\modelrelief\modelrelief.test\bin\debug\netcoreapp2.0\modelrelief.test.dll" id="f4e598ad-6abc-45d2-b6fb-e6ec99233395"><Execution id="11e65d1e-e02b-4465-b538-68e7f4ef37af" /><TestMethod codeBase="d:\Github\ModelRelief\ModelRelief.test\bin\Debug\netcoreapp2.0\ModelRelief.Test.dll" adapterTypeName="executor://xunit/VsTestRunner2/netcoreapp" className="ModelRelief.Test.Integration.Meshes.MeshesFileIntegrationTests" name="PutFile_FileCanBeUpdated" /></UnitTest><UnitTest name="PostFile_NewFileCanBePosted" storage="d:\github\modelrelief\modelrelief.test\bin\debug\netcoreapp2.0\modelrelief.test.dll" id="2ba8fce4-4473-4212-b5f9-8295f6ed1498"><Execution id="cb2e190e-b118-408f-9d9a-c3317d66c23b" /><TestMethod codeBase="d:\Github\ModelRelief\ModelRelief.test\bin\Debug\netcoreapp2.0\ModelRelief.Test.dll" adapterTypeName="executor://xunit/VsTestRunner2/netcoreapp" className="ModelRelief.Test.Integration.Models.ModelsFileIntegrationTests" name="PostFile_NewFileCanBePosted" /></UnitTest><UnitTest name="Model3dHasExpectedDependentFiles" storage="d:\github\modelrelief\modelrelief.test\bin\debug\netcoreapp2.0\modelrelief.test.dll" id="de1eaeae-1512-49db-9eb1-28e0cda38bbc"><Execution id="cbc74ad6-df15-43d6-a4ce-bf2ef89adf76" /><TestMethod codeBase="d:\Github\ModelRelief\ModelRelief.test\bin\Debug\netcoreapp2.0\ModelRelief.Test.dll" adapterTypeName="executor://xunit/VsTestRunner2/netcoreapp" className="ModelRelief.Test.Unit.DependencyManager.DependencyManagerTests" name="Model3dHasExpectedDependentFiles" /></UnitTest><UnitTest name="GetSingle_ValidIdPropertyValueReturnsCorrectModel" storage="d:\github\modelrelief\modelrelief.test\bin\debug\netcoreapp2.0\modelrelief.test.dll" id="4b4e5a52-5e8a-46b4-a248-95c483cfa677"><Execution id="ef395d73-5309-494a-ac4a-ec1905fb497e" /><TestMethod codeBase="d:\Github\ModelRelief\ModelRelief.test\bin\Debug\netcoreapp2.0\ModelRelief.Test.dll" adapterTypeName="executor://xunit/VsTestRunner2/netcoreapp" className="ModelRelief.Test.Integration.Cameras.CamerasBaseIntegrationTests" name="GetSingle_ValidIdPropertyValueReturnsCorrectModel" /></UnitTest><UnitTest name="Post_InvalidPropertyValueReturnsBadRequest" storage="d:\github\modelrelief\modelrelief.test\bin\debug\netcoreapp2.0\modelrelief.test.dll" id="eec664fb-ae5a-4b01-928e-2acbb1f29d4f"><Execution id="1f3aba45-06f9-4dd3-870c-73e7859811bd" /><TestMethod codeBase="d:\Github\ModelRelief\ModelRelief.test\bin\Debug\netcoreapp2.0\ModelRelief.Test.dll" adapterTypeName="executor://xunit/VsTestRunner2/netcoreapp" className="ModelRelief.Test.Integration.DepthBuffers.DepthBuffersBaseIntegrationTests" name="Post_InvalidPropertyValueReturnsBadRequest" /></UnitTest><UnitTest name="Put_ValidReferencePropertyUpdatesModel" storage="d:\github\modelrelief\modelrelief.test\bin\debug\netcoreapp2.0\modelrelief.test.dll" id="cc4374c9-6d95-4c9c-884a-e65b38e31e79"><Execution id="d3b10502-3621-4028-88e7-a9bcd8a3eb9e" /><TestMethod codeBase="d:\Github\ModelRelief\ModelRelief.test\bin\Debug\netcoreapp2.0\ModelRelief.Test.dll" adapterTypeName="executor://xunit/VsTestRunner2/netcoreapp" className="ModelRelief.Test.Integration.DepthBuffers.DepthBuffersBaseIntegrationTests" name="Put_ValidReferencePropertyUpdatesModel" /></UnitTest><UnitTest name="Patch_MultipleInvalidReferencePropertiesReturnsMultipleValidationErrorsAndBadRequest" storage="d:\github\modelrelief\modelrelief.test\bin\debug\netcoreapp2.0\modelrelief.test.dll" id="54be4dfb-88f8-4be5-8631-b048fc16c8c4"><Execution id="6451ea47-744b-4cb4-a096-f353c10a7b27" /><TestMethod codeBase="d:\Github\ModelRelief\ModelRelief.test\bin\Debug\netcoreapp2.0\ModelRelief.Test.dll" adapterTypeName="executor://xunit/VsTestRunner2/netcoreapp" className="ModelRelief.Test.Integration.MeshTransforms.MeshTransformsBaseIntegrationTests" name="Patch_MultipleInvalidReferencePropertiesReturnsMultipleValidationErrorsAndBadRequest" /></UnitTest><UnitTest name="Post_InvalidPropertyValueReturnsBadRequest" storage="d:\github\modelrelief\modelrelief.test\bin\debug\netcoreapp2.0\modelrelief.test.dll" id="3b26ee89-0776-46fd-843f-f403c7384ffe"><Execution id="17667df2-a19c-421b-b3da-1c7181ef473b" /><TestMethod codeBase="d:\Github\ModelRelief\ModelRelief.test\bin\Debug\netcoreapp2.0\ModelRelief.Test.dll" adapterTypeName="executor://xunit/VsTestRunner2/netcoreapp" className="ModelRelief.Test.Integration.MeshTransforms.MeshTransformsBaseIntegrationTests" name="Post_InvalidPropertyValueReturnsBadRequest" /></UnitTest><UnitTest name="Patch_InvalidEnumPropertyValueReturnsBadRequest" storage="d:\github\modelrelief\modelrelief.test\bin\debug\netcoreapp2.0\modelrelief.test.dll" id="4afa8a35-ea14-466e-946a-cd1157bf2d57"><Execution id="227496be-cd59-4120-aa2a-e5a2db5fd4da" /><TestMethod codeBase="d:\Github\ModelRelief\ModelRelief.test\bin\Debug\netcoreapp2.0\ModelRelief.Test.dll" adapterTypeName="executor://xunit/VsTestRunner2/netcoreapp" className="ModelRelief.Test.Integration.DepthBuffers.DepthBuffersBaseIntegrationTests" name="Patch_InvalidEnumPropertyValueReturnsBadRequest" /></UnitTest><UnitTest name="GetList_ListReturnsCorrectCount" storage="d:\github\modelrelief\modelrelief.test\bin\debug\netcoreapp2.0\modelrelief.test.dll" id="cd0c3789-b088-476b-84dd-cb0d2c01cef6"><Execution id="697afa12-7fca-47b4-b331-37374668c92c" /><TestMethod codeBase="d:\Github\ModelRelief\ModelRelief.test\bin\Debug\netcoreapp2.0\ModelRelief.Test.dll" adapterTypeName="executor://xunit/VsTestRunner2/netcoreapp" className="ModelRelief.Test.Integration.Models.ModelsBaseIntegrationTests" name="GetList_ListReturnsCorrectCount" /></UnitTest><UnitTest name="Put_CanUpdateModel" storage="d:\github\modelrelief\modelrelief.test\bin\debug\netcoreapp2.0\modelrelief.test.dll" id="ef145af6-8ee6-4f38-a275-d83631ed0b06"><Execution id="c2b8ce85-4275-4965-8faa-15e47acaf486" /><TestMethod codeBase="d:\Github\ModelRelief\ModelRelief.test\bin\Debug\netcoreapp2.0\ModelRelief.Test.dll" adapterTypeName="executor://xunit/VsTestRunner2/netcoreapp" className="ModelRelief.Test.Integration.Meshes.MeshesBaseIntegrationTests" name="Put_CanUpdateModel" /></UnitTest><UnitTest name="PostFile_FileIsSynchronizedIsUpdatedAfterFileIsPosted" storage="d:\github\modelrelief\modelrelief.test\bin\debug\netcoreapp2.0\modelrelief.test.dll" id="ae427667-015c-4774-b037-2a08e24b77a7"><Execution id="7c4e565e-a892-46e7-9cd5-6bbd09180853" /><TestMethod codeBase="d:\Github\ModelRelief\ModelRelief.test\bin\Debug\netcoreapp2.0\ModelRelief.Test.dll" adapterTypeName="executor://xunit/VsTestRunner2/netcoreapp" className="ModelRelief.Test.Integration.Meshes.MeshesFileIntegrationTests" name="PostFile_FileIsSynchronizedIsUpdatedAfterFileIsPosted" /></UnitTest></TestDefinitions><TestEntries><TestEntry testId="be93a5b7-f287-40e6-bcd7-33bb6f859e74" executionId="343b182c-321d-4f3b-a20a-12d221b8f50a" testListId="8c84fa94-04c1-424b-9868-57a2d4851a1d" /><TestEntry testId="a907c3fa-2e95-4815-8670-baafe340845a" executionId="de8f758a-5c70-4084-9a25-b2c795e6afbe" testListId="8c84fa94-04c1-424b-9868-57a2d4851a1d" /><TestEntry testId="b3c14e3d-707b-4bd3-9c23-e983d90df004" executionId="d80a5a14-d39c-4848-9aaf-f29092355f45" testListId="8c84fa94-04c1-424b-9868-57a2d4851a1d" /><TestEntry testId="f518eb61-a58b-4588-820e-dd05d3cb3b85" executionId="66ee99c5-f0d0-42ba-8ed9-e75dd963136d" testListId="8c84fa94-04c1-424b-9868-57a2d4851a1d" /><TestEntry testId="f30fbeff-138c-431b-8c8a-af2264d29334" executionId="4e2ea4e1-d446-47e1-8006-9bf77ae73cfa" testListId="8c84fa94-04c1-424b-9868-57a2d4851a1d" /><TestEntry testId="54be4dfb-88f8-4be5-8631-b048fc16c8c4" executionId="6451ea47-744b-4cb4-a096-f353c10a7b27" testListId="8c84fa94-04c1-424b-9868-57a2d4851a1d" /><TestEntry testId="4b4e5a52-5e8a-46b4-a248-95c483cfa677" executionId="ef395d73-5309-494a-ac4a-ec1905fb497e" testListId="8c84fa94-04c1-424b-9868-57a2d4851a1d" /><TestEntry testId="22b30fce-3dad-43f1-9e4b-d3685ab6ca92" executionId="f067663f-0dc2-4ac1-8077-881c92f66500" testListId="8c84fa94-04c1-424b-9868-57a2d4851a1d" /><TestEntry testId="80b46cdc-cd34-438e-9a45-3903e217fe29" executionId="04cd77ea-abd0-46e6-9585-929320fad153" testListId="8c84fa94-04c1-424b-9868-57a2d4851a1d" /><TestEntry testId="6d9d28b2-9288-4527-8c74-ea22626401f5" executionId="81766c30-22d1-4a07-89af-b98a657ade0d" testListId="8c84fa94-04c1-424b-9868-57a2d4851a1d" /><TestEntry testId="510b0492-3056-4ce6-8dff-4105f49fda79" executionId="54a67cbc-7395-4876-aaee-8188a126c517" testListId="8c84fa94-04c1-424b-9868-57a2d4851a1d" /><TestEntry testId="822f570d-bea0-4471-95ea-1edfdd2281ae" executionId="565736c3-b160-4711-abd9-f8ab7f009392" testListId="8c84fa94-04c1-424b-9868-57a2d4851a1d" /><TestEntry testId="b6fc5887-a60a-4bb5-bd4f-2f9c4cb6c754" executionId="c824c1d7-6b25-4220-a767-4fe42f90a64c" testListId="8c84fa94-04c1-424b-9868-57a2d4851a1d" /><TestEntry testId="575a5421-9e1c-405a-b45f-07d7e63dd2b3" executionId="e406ebea-ce7b-48a6-9bce-1cdbddba5686" testListId="8c84fa94-04c1-424b-9868-57a2d4851a1d" /><TestEntry testId="39c5a248-62aa-462a-a07e-afd433a2cb3b" executionId="26888c53-98a6-4d4a-9ab6-b931ad488883" testListId="8c84fa94-04c1-424b-9868-57a2d4851a1d" /><TestEntry testId="bbc8ca17-61ad-4479-81ab-87a0ad4ebef7" executionId="34cea170-1686-479e-9193-e36674e294c7" testListId="8c84fa94-04c1-424b-9868-57a2d4851a1d" /><TestEntry testId="68ec0cf0-3e2a-4829-90ed-df962427c967" executionId="a7d5aaa2-31b4-41cb-ac8e-a1f3223510ad" testListId="8c84fa94-04c1-424b-9868-57a2d4851a1d" /><TestEntry testId="f0bca7f5-5944-4311-8d5c-aeb1c0773fbf" executionId="b846f216-b3de-49bc-b2e8-ccf0410181c1" testListId="8c84fa94-04c1-424b-9868-57a2d4851a1d" /><TestEntry testId="dcaf44c1-271c-4f0b-abac-9c015040e54b" executionId="6946f386-5d2a-4ec6-a29c-32f12b55cb7e" testListId="8c84fa94-04c1-424b-9868-57a2d4851a1d" /><TestEntry testId="7433c133-d6d8-4d09-a60a-c235c2123a58" executionId="d2c89152-65ec-4805-a1e6-f1642c6561cf" testListId="8c84fa94-04c1-424b-9868-57a2d4851a1d" /><TestEntry testId="2ba8fce4-4473-4212-b5f9-8295f6ed1498" executionId="cb2e190e-b118-408f-9d9a-c3317d66c23b" testListId="8c84fa94-04c1-424b-9868-57a2d4851a1d" /><TestEntry testId="716574ae-cf1e-45f1-8930-397131f9c9d4" executionId="58024c5b-ad6f-4b34-99b3-88678e8a1aae" testListId="8c84fa94-04c1-424b-9868-57a2d4851a1d" /><TestEntry testId="e5787470-e97b-41f1-a1f3-bfb0efb69cc1" executionId="dd00c725-7d65-474d-b1d3-cd9eed9f54ae" testListId="8c84fa94-04c1-424b-9868-57a2d4851a1d" /><TestEntry testId="e472f77f-45b4-4481-afec-2abcdffab9c2" executionId="7fb1a4ea-bc22-4e5c-b9bd-b19add066f8c" testListId="8c84fa94-04c1-424b-9868-57a2d4851a1d" /><TestEntry testId="4b8b3595-564e-463e-9161-eb0857276117" executionId="b26a41aa-cf01-4eb7-bc79-8c42279f3441" testListId="8c84fa94-04c1-424b-9868-57a2d4851a1d" /><TestEntry testId="2663b5a3-07b3-4fae-a064-b3fc6d3f4f8c" executionId="bae4fea7-682a-4851-a68d-d08ef00e94b3" testListId="8c84fa94-04c1-424b-9868-57a2d4851a1d" /><TestEntry testId="58627b00-c1ab-4f39-a595-a921dc77b52c" executionId="41ed3a54-5f49-40ec-993c-2365a2ee0b41" testListId="8c84fa94-04c1-424b-9868-57a2d4851a1d" /><TestEntry testId="727bc64b-520d-4386-b926-8c7364a75ed3" executionId="74542b1d-6145-43a1-aed9-672b6b06cfab" testListId="8c84fa94-04c1-424b-9868-57a2d4851a1d" /><TestEntry testId="53660fc7-3839-4c5a-a341-f8d6779bf437" executionId="39f9178e-5fd2-40d8-901e-d01c8fb50dcc" testListId="8c84fa94-04c1-424b-9868-57a2d4851a1d" /><TestEntry testId="0764077c-6d2e-4816-9abb-212c8835cde8" executionId="71dd0623-3eef-4ec2-bb50-f80034c93962" testListId="8c84fa94-04c1-424b-9868-57a2d4851a1d" /><TestEntry testId="67b38d6e-f6ef-4246-90a9-66b343f4ef94" executionId="a4811b9a-0516-4e3b-a7ff-44549fe360ad" testListId="8c84fa94-04c1-424b-9868-57a2d4851a1d" /><TestEntry testId="e116145e-000a-4a81-80c6-3f4d9c284095" executionId="ba86ac51-0b1e-418b-9792-f0c2737a751b" testListId="8c84fa94-04c1-424b-9868-57a2d4851a1d" /><TestEntry testId="4afa8a35-ea14-466e-946a-cd1157bf2d57" executionId="227496be-cd59-4120-aa2a-e5a2db5fd4da" testListId="8c84fa94-04c1-424b-9868-57a2d4851a1d" /><TestEntry testId="f0ae0311-1116-44a2-9d83-105f1f6d0afc" executionId="c0206390-8496-4f79-a264-de091556002d" testListId="8c84fa94-04c1-424b-9868-57a2d4851a1d" /><TestEntry testId="6d2b3e56-8a22-4aa1-8ba4-fbf73755458b" executionId="ca173600-3cc7-49cc-9ea7-90041844ac97" testListId="8c84fa94-04c1-424b-9868-57a2d4851a1d" /><TestEntry testId="eecb6f38-540d-4c1e-882a-2d6cbd05355d" executionId="5a2df0b2-415c-4127-be4e-698c6e3bdbca" testListId="8c84fa94-04c1-424b-9868-57a2d4851a1d" /><TestEntry testId="cc53e38b-37b1-486e-833f-cd0c3cb1f95e" executionId="669c235d-87fe-4b23-ab04-9c180b02fd54" testListId="8c84fa94-04c1-424b-9868-57a2d4851a1d" /><TestEntry testId="3555e531-c94b-4c73-8f9d-aba42380fe4c" executionId="c7a3acd7-59e3-49d9-a83c-3124f84f8909" testListId="8c84fa94-04c1-424b-9868-57a2d4851a1d" /><TestEntry testId="3b26ee89-0776-46fd-843f-f403c7384ffe" executionId="17667df2-a19c-421b-b3da-1c7181ef473b" testListId="8c84fa94-04c1-424b-9868-57a2d4851a1d" /><TestEntry testId="178d817a-51c2-4756-b245-160bbb6fd7e6" executionId="204ea9a7-8aa0-435d-8df7-ca5e82b8807a" testListId="8c84fa94-04c1-424b-9868-57a2d4851a1d" /><TestEntry testId="2d064778-3a44-4b40-ba9a-6f5eb8d5cb0c" executionId="f81a9007-1da2-44c0-a363-4a7b22388988" testListId="8c84fa94-04c1-424b-9868-57a2d4851a1d" /><TestEntry testId="51403af7-a6fb-4676-8138-ea64e86dadaf" executionId="9293a458-f9af-468e-97c6-fb75bfe0737e" testListId="8c84fa94-04c1-424b-9868-57a2d4851a1d" /><TestEntry testId="4c7f2bd8-f7d4-48d4-84c3-69fb733547b0" executionId="63456180-9dda-49f3-a3eb-898b2ee8f24c" testListId="8c84fa94-04c1-424b-9868-57a2d4851a1d" /><TestEntry testId="b478f757-9e75-45fd-a5dc-635075dc70eb" executionId="68c03921-df41-4cbf-a7ab-c93c8b2073f0" testListId="8c84fa94-04c1-424b-9868-57a2d4851a1d" /><TestEntry testId="eb266885-cd76-4485-8455-e31c238c9b7d" executionId="804de7e5-4b54-4df2-a5ae-0b519ddc5615" testListId="8c84fa94-04c1-424b-9868-57a2d4851a1d" /><TestEntry testId="5aad3ae4-b001-461d-b7a5-86e3fdd49ff3" executionId="73ca5124-c5d7-458a-88a4-1848ab8c7344" testListId="8c84fa94-04c1-424b-9868-57a2d4851a1d" /><TestEntry testId="e81bfba4-98dc-4796-a0ed-d697edc20157" executionId="340e32b7-8086-43c4-95f8-2e86de2343c3" testListId="8c84fa94-04c1-424b-9868-57a2d4851a1d" /><TestEntry testId="7d611ef0-71f5-457f-9ada-ea8dddeb0c38" executionId="58c7c37f-85bb-4806-ada7-6a60e73d447b" testListId="8c84fa94-04c1-424b-9868-57a2d4851a1d" /><TestEntry testId="9f7bc4ca-143a-45f0-b55d-f5fb98946d4a" executionId="4e883a5a-30a9-4c73-9794-fc92263576cc" testListId="8c84fa94-04c1-424b-9868-57a2d4851a1d" /><TestEntry testId="d36a9af2-dbfe-4488-a49b-2a7ba90ec13c" executionId="8f820f8c-7fd2-423b-b183-260aa78e194f" testListId="8c84fa94-04c1-424b-9868-57a2d4851a1d" /><TestEntry testId="cc4374c9-6d95-4c9c-884a-e65b38e31e79" executionId="d3b10502-3621-4028-88e7-a9bcd8a3eb9e" testListId="8c84fa94-04c1-424b-9868-57a2d4851a1d" /><TestEntry testId="61cd7f35-5a6c-47c0-884f-9d6f10b1c73c" executionId="12e28bf0-d2f1-44cd-bdcf-2269117b83de" testListId="8c84fa94-04c1-424b-9868-57a2d4851a1d" /><TestEntry testId="02a75ea1-a24f-4bf3-9cd2-e9bb9638233a" executionId="456d0528-5209-4a02-bf73-b9e70c9536b1" testListId="8c84fa94-04c1-424b-9868-57a2d4851a1d" /><TestEntry testId="d449ba5f-4a19-494a-90d2-07b9f031abec" executionId="9c4e1aed-44b6-4d6c-9560-c0cabb6b6fc7" testListId="8c84fa94-04c1-424b-9868-57a2d4851a1d" /><TestEntry testId="b0bd78c7-3e41-4730-9d9b-a9bb16a394bb" executionId="e05cbb0b-bb6a-411e-8a17-936a09d27468" testListId="8c84fa94-04c1-424b-9868-57a2d4851a1d" /><TestEntry testId="109837ec-446f-4fe7-a21c-9fefa2530926" executionId="51ea4e1d-059e-413f-bb81-2b300418e8c5" testListId="8c84fa94-04c1-424b-9868-57a2d4851a1d" /><TestEntry testId="b97b5d4e-05b7-4f16-b517-bd2bc4a2be35" executionId="4d0e5842-1888-48b2-bbc6-608468fb011a" testListId="8c84fa94-04c1-424b-9868-57a2d4851a1d" /><TestEntry testId="950038d4-b3a9-4dd8-bd4e-74e6ebf8afb9" executionId="07715dc1-dd6d-437e-ac89-1de946a0738e" testListId="8c84fa94-04c1-424b-9868-57a2d4851a1d" /><TestEntry testId="72b47f6c-3a7b-4460-97b0-c94e03b6e1b4" executionId="053137d8-989b-4203-9972-adf018f47da9" testListId="8c84fa94-04c1-424b-9868-57a2d4851a1d" /><TestEntry testId="0c8b2701-971a-4786-91fb-c4a3de2763d1" executionId="81b59a09-096d-49b1-ae59-4ebcd73884de" testListId="8c84fa94-04c1-424b-9868-57a2d4851a1d" /><TestEntry testId="d5509f4e-5308-4666-b338-aa478f081272" executionId="b27e0ff5-efff-4475-ab60-eb391ddec0c5" testListId="8c84fa94-04c1-424b-9868-57a2d4851a1d" /><TestEntry testId="e7bf83ea-5aba-4b81-ba0f-da985ddb6d43" executionId="3845fab0-df50-423e-838a-4f5716589132" testListId="8c84fa94-04c1-424b-9868-57a2d4851a1d" /><TestEntry testId="ae427667-015c-4774-b037-2a08e24b77a7" executionId="7c4e565e-a892-46e7-9cd5-6bbd09180853" testListId="8c84fa94-04c1-424b-9868-57a2d4851a1d" /><TestEntry testId="8d50d767-3b21-4d14-9b83-b2c5337c7b17" executionId="4cb47460-a701-496a-ae61-42cc2ce4ab0a" testListId="8c84fa94-04c1-424b-9868-57a2d4851a1d" /><TestEntry testId="5b6ccfdb-6ad5-4893-86ae-34b139d4922b" executionId="930411cd-a66d-411d-8751-1d750a2f1c78" testListId="8c84fa94-04c1-424b-9868-57a2d4851a1d" /><TestEntry testId="3c428992-8003-4f4a-941c-c47fdf25b8a1" executionId="c47716d2-bfb7-459b-a29a-1a1fc1fabe3e" testListId="8c84fa94-04c1-424b-9868-57a2d4851a1d" /><TestEntry testId="f2682dd8-0061-4253-967c-f84c13020f6f" executionId="6b8670d7-9182-447b-951f-3f55e1d5c97f" testListId="8c84fa94-04c1-424b-9868-57a2d4851a1d" /><TestEntry testId="de1eaeae-1512-49db-9eb1-28e0cda38bbc" executionId="cbc74ad6-df15-43d6-a4ce-bf2ef89adf76" testListId="8c84fa94-04c1-424b-9868-57a2d4851a1d" /><TestEntry testId="1d3580b8-88ee-49a4-acc7-6e419231a824" executionId="eb674a78-647e-4aa1-b419-94673bf66935" testListId="8c84fa94-04c1-424b-9868-57a2d4851a1d" /><TestEntry testId="ca115215-44de-47ca-8e32-100bdfd7cdc5" executionId="6278227a-b3e0-4beb-863a-30cd4ad2d9a8" testListId="8c84fa94-04c1-424b-9868-57a2d4851a1d" /><TestEntry testId="665a6bbd-f2be-47be-a787-3a72f863dc6a" executionId="8eba002f-8f92-4ed0-9fbd-840f3e9143f3" testListId="8c84fa94-04c1-424b-9868-57a2d4851a1d" /><TestEntry testId="f7964a5e-2fbd-4050-bd0d-f906831089cc" executionId="1494c6f1-4dfa-45f2-93e4-69af32197a45" testListId="8c84fa94-04c1-424b-9868-57a2d4851a1d" /><TestEntry testId="f4e598ad-6abc-45d2-b6fb-e6ec99233395" executionId="11e65d1e-e02b-4465-b538-68e7f4ef37af" testListId="8c84fa94-04c1-424b-9868-57a2d4851a1d" /><TestEntry testId="ebfd6fe3-8f00-4e6d-b8ab-6285fe6fee0e" executionId="38b7083d-610c-41bb-ada9-6b7247d632a9" testListId="8c84fa94-04c1-424b-9868-57a2d4851a1d" /><TestEntry testId="33e64fed-9177-46bd-a698-a904ef9e65f3" executionId="78c12a08-37a5-465d-8550-02bc201cacf3" testListId="8c84fa94-04c1-424b-9868-57a2d4851a1d" /><TestEntry testId="cc587705-3b3c-463b-a29a-0c313579fe8e" executionId="e9d519b3-6fb0-49ad-b7f7-a4a4a98ad78b" testListId="8c84fa94-04c1-424b-9868-57a2d4851a1d" /><TestEntry testId="abfa3c54-9cd2-4c74-a965-3a06b30af4cf" executionId="89af489c-82e6-42dc-8869-4f1f2835ced0" testListId="8c84fa94-04c1-424b-9868-57a2d4851a1d" /><TestEntry testId="00eabe15-3873-41cb-bd4f-23e496a6c6d8" executionId="20ef7d1f-9504-4e52-8ff1-80eca4cb577c" testListId="8c84fa94-04c1-424b-9868-57a2d4851a1d" /><TestEntry testId="94f0fd14-a91a-4a91-927a-b5f19dfe4f4e" executionId="bad196b0-fc42-4c9a-9495-0e95ee92f479" testListId="8c84fa94-04c1-424b-9868-57a2d4851a1d" /><TestEntry testId="0bc6fcc0-cd0a-4742-81a3-8f6386e68197" executionId="7e6b8643-ec5c-4515-8cf3-b9b832436854" testListId="8c84fa94-04c1-424b-9868-57a2d4851a1d" /><TestEntry testId="3a06c657-31e8-43fb-a460-74e0326cff74" executionId="db80a3eb-7789-43ab-b102-770f87affdbe" testListId="8c84fa94-04c1-424b-9868-57a2d4851a1d" /><TestEntry testId="2f119f8e-c882-481a-a625-a52071255ad0" executionId="49593279-fe2d-4369-8b15-174463c7ad77" testListId="8c84fa94-04c1-424b-9868-57a2d4851a1d" /><TestEntry testId="4ef88128-1615-4b71-923c-496ff11e3c29" executionId="449be3b1-8b66-49f6-893c-38e44ebec1e7" testListId="8c84fa94-04c1-424b-9868-57a2d4851a1d" /><TestEntry testId="06907c72-d4e2-4e42-baeb-0b9d74a3d7a4" executionId="e673a015-e85a-41c1-a8f0-b358cb32267d" testListId="8c84fa94-04c1-424b-9868-57a2d4851a1d" /><TestEntry testId="cb8a1e50-3d4d-4628-b01e-e23b2839ea0e" executionId="fedaab34-27c7-47a7-bdc3-a2fe8b8a7630" testListId="8c84fa94-04c1-424b-9868-57a2d4851a1d" /><TestEntry testId="2899b59e-41d6-43eb-aeb5-9e52e24744a3" executionId="fa3c6572-2a0d-47df-a592-a8f3bbbd7794" testListId="8c84fa94-04c1-424b-9868-57a2d4851a1d" /><TestEntry testId="b10ceb26-4ee0-4780-9f93-c0156ae42f6e" executionId="88dda6c1-b470-4b12-af64-e8d8a61d9a71" testListId="8c84fa94-04c1-424b-9868-57a2d4851a1d" /><TestEntry testId="cd0c3789-b088-476b-84dd-cb0d2c01cef6" executionId="697afa12-7fca-47b4-b331-37374668c92c" testListId="8c84fa94-04c1-424b-9868-57a2d4851a1d" /><TestEntry testId="1b079ce6-39fe-4f8d-bce7-c0e119a3f4be" executionId="d6a6f5aa-0d0d-4bb9-8ac7-b66106128fec" testListId="8c84fa94-04c1-424b-9868-57a2d4851a1d" /><TestEntry testId="cfba25ff-9a4a-4075-913f-182a20aa47de" executionId="b32fb35c-ab76-4382-90ff-bf450aefe28c" testListId="8c84fa94-04c1-424b-9868-57a2d4851a1d" /><TestEntry testId="30385e7d-9660-4691-bd12-5a0cfeac783f" executionId="181fb4f2-7b18-42e5-8dd2-439730567f72" testListId="8c84fa94-04c1-424b-9868-57a2d4851a1d" /><TestEntry testId="b0c1f290-01c7-49bc-a1c6-eefea7a79529" executionId="0e1f9f18-f3f9-4aa1-aa6d-5f4a7ec9bbaa" testListId="8c84fa94-04c1-424b-9868-57a2d4851a1d" /><TestEntry testId="026667ea-69cb-4312-86de-24c1af2d4533" executionId="65313a98-e64e-4706-bfd4-18e506109187" testListId="8c84fa94-04c1-424b-9868-57a2d4851a1d" /><TestEntry testId="cc063b3c-e564-4024-840b-a42df801660c" executionId="763a654a-93d0-4482-9fe3-b4a9b4a94088" testListId="8c84fa94-04c1-424b-9868-57a2d4851a1d" /><TestEntry testId="0eff090d-e7ee-48ff-a226-b8ee0a715634" executionId="81137428-ad10-4089-93c5-648c3d3c8dd4" testListId="8c84fa94-04c1-424b-9868-57a2d4851a1d" /><TestEntry testId="9a3ffe29-208e-4327-bf5e-803775eae37d" executionId="e083e4ef-58cc-405d-b076-aa601a60fbeb" testListId="8c84fa94-04c1-424b-9868-57a2d4851a1d" /><TestEntry testId="346b92d0-fef4-412a-a905-592516d3995b" executionId="479d35b6-0144-4db1-b6cf-c1cf6f3f9148" testListId="8c84fa94-04c1-424b-9868-57a2d4851a1d" /><TestEntry testId="debdc59b-f9b3-4b2e-9ece-03cd286b92ab" executionId="07459f07-f71a-4c1a-bd4f-cb3193d6ae67" testListId="8c84fa94-04c1-424b-9868-57a2d4851a1d" /><TestEntry testId="cc948f65-faa9-4c8d-9ada-7da9f3949884" executionId="a45ece1e-121e-43ac-95b0-08efc62f40ea" testListId="8c84fa94-04c1-424b-9868-57a2d4851a1d" /><TestEntry testId="e18a7c41-38a6-4614-80ca-531af98dbde5" executionId="66769c8d-edfd-48f4-87f4-a0234f60b791" testListId="8c84fa94-04c1-424b-9868-57a2d4851a1d" /><TestEntry testId="e54c0154-0e3d-4c79-a6d6-771470b330d9" executionId="d405d41e-086f-4d11-9f1a-1c56bff5591b" testListId="8c84fa94-04c1-424b-9868-57a2d4851a1d" /><TestEntry testId="e695a69e-cc87-43bf-a0c6-59e6bb621d54" executionId="6d0a72ba-2b76-4708-8925-40150863e5d1" testListId="8c84fa94-04c1-424b-9868-57a2d4851a1d" /><TestEntry testId="a66208a3-1b2b-4bcb-ac5b-93d1fc45c186" executionId="cf97c9de-d877-4f64-900b-c7e7be00294a" testListId="8c84fa94-04c1-424b-9868-57a2d4851a1d" /><TestEntry testId="5e2e1f59-19cf-4634-a2a2-6c0ef5bd9f08" executionId="fcf46510-b33e-4fe4-bce8-dc13f60bf963" testListId="8c84fa94-04c1-424b-9868-57a2d4851a1d" /><TestEntry testId="75777b82-ae59-423a-8560-2eadc71584cc" executionId="94d6a5a0-fca0-4467-9a36-c37104aeff31" testListId="8c84fa94-04c1-424b-9868-57a2d4851a1d" /><TestEntry testId="d81cf79c-4235-4970-9116-5ace25f0380e" executionId="1a03b77e-b758-45c4-a52a-19d883bd6a83" testListId="8c84fa94-04c1-424b-9868-57a2d4851a1d" /><TestEntry testId="eec664fb-ae5a-4b01-928e-2acbb1f29d4f" executionId="1f3aba45-06f9-4dd3-870c-73e7859811bd" testListId="8c84fa94-04c1-424b-9868-57a2d4851a1d" /><TestEntry testId="342c8cba-8343-4144-9f58-3965b2eefa5d" executionId="bef5426a-82a0-4fef-927f-d2048bbb4991" testListId="8c84fa94-04c1-424b-9868-57a2d4851a1d" /><TestEntry testId="6758d2b5-6e71-4d53-baca-c59b23ab8c50" executionId="691467dc-4281-47e0-aebb-f7d39a2942dd" testListId="8c84fa94-04c1-424b-9868-57a2d4851a1d" /><TestEntry testId="a44c792d-ad8a-4fbc-814d-7b9049995d88" executionId="6bb2f696-6a43-44d4-bfa6-67a224252779" testListId="8c84fa94-04c1-424b-9868-57a2d4851a1d" /><TestEntry testId="f2a16367-fc68-43c0-807f-e5bacdd423cd" executionId="094f03de-1a16-42f5-acc0-8242a854e5fb" testListId="8c84fa94-04c1-424b-9868-57a2d4851a1d" /><TestEntry testId="34581553-3140-4b48-96cb-66aa1c344153" executionId="eafc010f-8b9f-4ddc-9eda-14e80544d586" testListId="8c84fa94-04c1-424b-9868-57a2d4851a1d" /><TestEntry testId="a7c3004d-1dea-4b74-b458-8434cf3fe84f" executionId="ab1e1551-ea21-49ae-89dd-ee9cfdb7e62d" testListId="8c84fa94-04c1-424b-9868-57a2d4851a1d" /><TestEntry testId="c24d59e6-94bd-47fe-92f7-1c5fe2cc5573" executionId="f723c921-f20f-4647-adb0-0d278b1600a6" testListId="8c84fa94-04c1-424b-9868-57a2d4851a1d" /><TestEntry testId="13fa303d-fb87-4a0d-a0fe-8c0b40bada56" executionId="804d7d26-758a-47da-8dac-ad876125ee41" testListId="8c84fa94-04c1-424b-9868-57a2d4851a1d" /><TestEntry testId="bb0b74ef-1b16-4829-be30-8b863d2f5ba8" executionId="6b0208b9-04b7-46ca-ad9e-d78ecd2e3d7e" testListId="8c84fa94-04c1-424b-9868-57a2d4851a1d" /><TestEntry testId="980f4047-ce7b-4c7d-b427-49d89579c7b4" executionId="34985392-c3d0-48bb-b8e5-b22938c0e536" testListId="8c84fa94-04c1-424b-9868-57a2d4851a1d" /><TestEntry testId="18d4999b-81dc-4a75-a7ea-495c7496fb4f" executionId="f5dfe122-c9c9-4b2e-bc84-8e7e3e6a3bf8" testListId="8c84fa94-04c1-424b-9868-57a2d4851a1d" /><TestEntry testId="b621a6a9-b2ca-46da-aeaf-64ebe7aa6c09" executionId="3c3c90a9-d637-4a6a-85b0-101c213680ea" testListId="8c84fa94-04c1-424b-9868-57a2d4851a1d" /><TestEntry testId="aa4c9cca-b7b1-466f-909c-11fd88c9b795" executionId="4079215f-9536-4e58-b904-861cc1ae9345" testListId="8c84fa94-04c1-424b-9868-57a2d4851a1d" /><TestEntry testId="4d31e0aa-eb73-4923-b6e1-85cbf7b614a0" executionId="b2f2fc2f-ab9f-4611-bd07-0e25b5fd625b" testListId="8c84fa94-04c1-424b-9868-57a2d4851a1d" /><TestEntry testId="71eafbe1-6658-42ee-9ce2-f37341b106be" executionId="8747c181-00d0-43fe-97e0-4c482b0e9361" testListId="8c84fa94-04c1-424b-9868-57a2d4851a1d" /><TestEntry testId="7178e0d7-4e72-4141-8393-8def047aa802" executionId="1a998ff2-7c3b-4540-b912-80b30988df6a" testListId="8c84fa94-04c1-424b-9868-57a2d4851a1d" /><TestEntry testId="bd6ef7d0-abc9-48bd-a4ee-b3084c49e411" executionId="39b94c4f-cd87-421e-9500-06e1fb2c6dd2" testListId="8c84fa94-04c1-424b-9868-57a2d4851a1d" /><TestEntry testId="d5fec3a9-d213-4c97-950f-a21085aaf8de" executionId="96664d46-0de0-4e48-86aa-844dd773f6cb" testListId="8c84fa94-04c1-424b-9868-57a2d4851a1d" /><TestEntry testId="a22c22c4-6221-43f8-80a2-56c21f045306" executionId="2d3bd43a-45c1-4d4e-bcfe-4b3408e39754" testListId="8c84fa94-04c1-424b-9868-57a2d4851a1d" /><TestEntry testId="a1807aed-c63a-44b2-90a7-d2346210bd90" executionId="03417447-e1da-4595-812d-7bef4ebf879e" testListId="8c84fa94-04c1-424b-9868-57a2d4851a1d" /><TestEntry testId="f8d63bca-1c33-4d2a-843d-f52a3b7f2c24" executionId="dd85e403-f8f6-44ed-9052-7cced66ccb22" testListId="8c84fa94-04c1-424b-9868-57a2d4851a1d" /><TestEntry testId="52f6095b-ad2d-4046-bce7-d0a132df0bb4" executionId="e3de2c37-b7e4-4d83-aac9-38a2beb19d39" testListId="8c84fa94-04c1-424b-9868-57a2d4851a1d" /><TestEntry testId="dad71911-66d0-4355-84eb-08f40d2a883b" executionId="27030367-c679-43c6-8d52-324844f5628d" testListId="8c84fa94-04c1-424b-9868-57a2d4851a1d" /><TestEntry testId="a6c64a89-811b-4875-9275-873349ef1c2d" executionId="ba811164-7471-4a38-aa04-5543baa348fd" testListId="8c84fa94-04c1-424b-9868-57a2d4851a1d" /><TestEntry testId="984df376-6164-4096-a042-bc148f08be71" executionId="1f0ad46f-d96a-4ee6-9920-26801c34037e" testListId="8c84fa94-04c1-424b-9868-57a2d4851a1d" /><TestEntry testId="ef145af6-8ee6-4f38-a275-d83631ed0b06" executionId="c2b8ce85-4275-4965-8faa-15e47acaf486" testListId="8c84fa94-04c1-424b-9868-57a2d4851a1d" /><TestEntry testId="040da1a8-eb8d-4b62-ae9b-456bcdd19cbf" executionId="2a77d3bf-a32c-4b08-9398-b3c77d10376a" testListId="8c84fa94-04c1-424b-9868-57a2d4851a1d" /><TestEntry testId="a4e4f2c0-ff66-46e3-af23-b0573d05ec63" executionId="5241b3b2-eb07-44c4-9e7b-4ee514922fb3" testListId="8c84fa94-04c1-424b-9868-57a2d4851a1d" /><TestEntry testId="edf040bb-75ff-4a08-9596-b2a5b973b463" executionId="ece99d5b-2f6a-4688-b83a-491f77590b12" testListId="8c84fa94-04c1-424b-9868-57a2d4851a1d" /><TestEntry testId="6e2dffe7-0a9f-4ce3-8a63-8959c9252079" executionId="4d297a3b-3c54-4120-a0ee-65bfbdeb3eaa" testListId="8c84fa94-04c1-424b-9868-57a2d4851a1d" /><TestEntry testId="e137402a-49ea-49b5-a6da-91ad24324f05" executionId="b208f0ae-3fb8-4971-835b-4d52701f03d4" testListId="8c84fa94-04c1-424b-9868-57a2d4851a1d" /><TestEntry testId="c05b27c3-b45e-4334-a759-9ff677e0d580" executionId="25197220-9a78-492f-9bca-880ef4e71f22" testListId="8c84fa94-04c1-424b-9868-57a2d4851a1d" /><TestEntry testId="2a801ff9-9178-4968-89a0-a1d1962ba107" executionId="a111735f-b9c9-4795-b87c-99629183491d" testListId="8c84fa94-04c1-424b-9868-57a2d4851a1d" /><TestEntry testId="2fd277d7-5e0d-4eb0-be29-4e34cb0881da" executionId="5899dde9-f632-4ffd-9cb1-8e979c51ad5e" testListId="8c84fa94-04c1-424b-9868-57a2d4851a1d" /><TestEntry testId="6f1b1c3b-6647-4cb6-93d5-2b47d7e90c74" executionId="00dc31b1-a141-4f69-b8a9-743586dc10b2" testListId="8c84fa94-04c1-424b-9868-57a2d4851a1d" /><TestEntry testId="017fa835-f0ca-49bb-9b01-a2899ac942ed" executionId="072d6974-f302-466e-b941-6a046a56b76a" testListId="8c84fa94-04c1-424b-9868-57a2d4851a1d" /><TestEntry testId="30725f58-f71c-4204-ac10-f816fe5c7b94" executionId="2e17f3a9-13f8-4689-b043-9e0fd39cbb1e" testListId="8c84fa94-04c1-424b-9868-57a2d4851a1d" /><TestEntry testId="870bc49c-8268-4a13-8bd3-f592ca6c1902" executionId="3dcea818-2ca9-46c1-93f1-a4f208526235" testListId="8c84fa94-04c1-424b-9868-57a2d4851a1d" /><TestEntry testId="89fba62a-bf94-45de-a51e-4b2b0b407ee8" executionId="472cd67e-54c1-4357-ae68-0f557a853096" testListId="8c84fa94-04c1-424b-9868-57a2d4851a1d" /><TestEntry testId="771fbb81-63dd-4ffc-9d6c-5929f0127743" executionId="700beb3f-33ca-46f3-8097-b0300b4e0f97" testListId="8c84fa94-04c1-424b-9868-57a2d4851a1d" /><TestEntry testId="312ff250-68de-4922-9a61-ef9c8d751a1b" executionId="11b85294-44cd-4005-b0d5-a6267b5c5c4c" testListId="8c84fa94-04c1-424b-9868-57a2d4851a1d" /><TestEntry testId="5ee225da-0c91-4e9a-8629-976f906b1cd9" executionId="e8307642-c722-4db8-9a38-973c10820a6f" testListId="8c84fa94-04c1-424b-9868-57a2d4851a1d" /><TestEntry testId="67cecebf-a7de-48bd-a84e-e03c7aa7688e" executionId="326b3b4c-981a-49a7-a3c3-54c534229095" testListId="8c84fa94-04c1-424b-9868-57a2d4851a1d" /><TestEntry testId="b63d4fe2-54b4-4e73-8c8e-97002bc7749f" executionId="e0b95322-c8fc-46c4-8ccf-a919c93e2a4c" testListId="8c84fa94-04c1-424b-9868-57a2d4851a1d" /></TestEntries><TestLists><TestList name="Results Not in a List" id="8c84fa94-04c1-424b-9868-57a2d4851a1d" /><TestList name="All Loaded Results" id="19431567-8539-422a-85d7-44ee4e166bda" /></TestLists><ResultSummary outcome="Completed"><Counters total="151" executed="151" passed="151" failed="0" error="0" timeout="0" aborted="0" inconclusive="0" passedButRunAborted="0" notRunnable="0" notExecuted="0" disconnected="0" warning="0" completed="0" inProgress="0" pending="0" /><Output><StdOut>[xUnit.net 00:00:01.5888664]   Discovering: ModelRelief.Test[xUnit.net 00:00:01.6878881]   Discovered:  ModelRelief.Test[xUnit.net 00:00:01.6933138]   Starting:    ModelRelief.Test[xUnit.net 00:00:51.3288583]   Finished:    ModelRelief.Test</StdOut></Output></ResultSummary></TestRun>