<?xml version="1.0" encoding="utf-8"?><TestRun id="8a643531-9c7d-4c0a-8cef-e7fe4e8f9277" name="Steve Knipmeyer@VECTOR 2018-08-14 16:46:41" runUser="VECTOR\Steve Knipmeyer" xmlns="http://microsoft.com/schemas/VisualStudio/TeamTest/2010"><Times creation="2018-08-14T16:46:41.4973144-04:00" queuing="2018-08-14T16:46:41.4973279-04:00" start="2018-08-14T16:46:36.9984681-04:00" finish="2018-08-14T16:47:19.0971270-04:00" /><TestSettings name="default" id="bd65d7f5-bf4c-4f75-a462-8394d0e15f5e"><Deployment runDeploymentRoot="Steve_Knipmeyer_VECTOR_2018-08-14_16_46_41" /></TestSettings><Results><UnitTestResult executionId="a3bbd5c1-8ce7-4668-9bb9-318048a92259" testId="225e9782-4c84-464e-a35c-6b188ad7d5fa" testName="Post_InvalidPropertyValueReturnsBadRequest" computerName="VECTOR" duration="00:00:00.0150000" startTime="2018-08-14T16:47:17.9680098-04:00" endTime="2018-08-14T16:47:17.9680139-04:00" testType="13cdc9d9-ddb5-4fa4-a97d-d965ccfc6d4b" outcome="Passed" testListId="8c84fa94-04c1-424b-9868-57a2d4851a1d" relativeResultsDirectory="a3bbd5c1-8ce7-4668-9bb9-318048a92259" /><UnitTestResult executionId="118acecd-264f-4f1e-b598-7a3d3a30d1b5" testId="33bb6e45-7140-464b-88d4-f6099d3c2030" testName="Patch_ValidReferencePropertyUpdatesModel" computerName="VECTOR" duration="00:00:00.3450000" startTime="2018-08-14T16:47:10.9327732-04:00" endTime="2018-08-14T16:47:10.9327842-04:00" testType="13cdc9d9-ddb5-4fa4-a97d-d965ccfc6d4b" outcome="Passed" testListId="8c84fa94-04c1-424b-9868-57a2d4851a1d" relativeResultsDirectory="118acecd-264f-4f1e-b598-7a3d3a30d1b5" /><UnitTestResult executionId="0f62a818-fdd1-4162-8b0c-38948f570194" testId="3614fc55-eb80-46b0-9bbb-395810a8e24f" testName="GetFile_NonExistentFileReturnsNotFound" computerName="VECTOR" duration="00:00:00.0370000" startTime="2018-08-14T16:46:56.1427166-04:00" endTime="2018-08-14T16:46:56.1427220-04:00" testType="13cdc9d9-ddb5-4fa4-a97d-d965ccfc6d4b" outcome="Passed" testListId="8c84fa94-04c1-424b-9868-57a2d4851a1d" relativeResultsDirectory="0f62a818-fdd1-4162-8b0c-38948f570194" /><UnitTestResult executionId="cda6090a-04a2-48a1-86a6-23890ac39e2c" testId="c7261db1-ad00-4c2d-989f-e7bdce67d432" testName="Put_CanUpdateModel" computerName="VECTOR" duration="00:00:00.3450000" startTime="2018-08-14T16:47:17.6566409-04:00" endTime="2018-08-14T16:47:17.6566476-04:00" testType="13cdc9d9-ddb5-4fa4-a97d-d965ccfc6d4b" outcome="Passed" testListId="8c84fa94-04c1-424b-9868-57a2d4851a1d" relativeResultsDirectory="cda6090a-04a2-48a1-86a6-23890ac39e2c" /><UnitTestResult executionId="c9167e07-0bc2-4adb-8994-08d9d23baff6" testId="c0870246-c9b1-48c9-9c3c-bd0138779fd3" testName="Post_CanCreateNewModel" computerName="VECTOR" duration="00:00:00.1860000" startTime="2018-08-14T16:46:45.6357177-04:00" endTime="2018-08-14T16:46:45.6357272-04:00" testType="13cdc9d9-ddb5-4fa4-a97d-d965ccfc6d4b" outcome="Passed" testListId="8c84fa94-04c1-424b-9868-57a2d4851a1d" relativeResultsDirectory="c9167e07-0bc2-4adb-8994-08d9d23baff6" /><UnitTestResult executionId="16329ea2-0f46-4310-8cb4-453233339898" testId="dbb33ea8-5c8e-4fdd-b701-efd7b290281b" testName="Patch_InvalidIdPropertyReturnsNotFound" computerName="VECTOR" duration="00:00:00.0250000" startTime="2018-08-14T16:47:09.4020059-04:00" endTime="2018-08-14T16:47:09.4020119-04:00" testType="13cdc9d9-ddb5-4fa4-a97d-d965ccfc6d4b" outcome="Passed" testListId="8c84fa94-04c1-424b-9868-57a2d4851a1d" relativeResultsDirectory="16329ea2-0f46-4310-8cb4-453233339898" /><UnitTestResult executionId="d8685866-e216-4c03-b7aa-fd6d97e32517" testId="a302cc43-85a0-48b5-a5b7-08948155f077" testName="FileRequest_DepthBufferIsInvalidatedAfterCameraDependencyPropertyChange" computerName="VECTOR" duration="00:00:01.1250000" startTime="2018-08-14T16:47:15.3405571-04:00" endTime="2018-08-14T16:47:15.3405632-04:00" testType="13cdc9d9-ddb5-4fa4-a97d-d965ccfc6d4b" outcome="Passed" testListId="8c84fa94-04c1-424b-9868-57a2d4851a1d" relativeResultsDirectory="d8685866-e216-4c03-b7aa-fd6d97e32517" /><UnitTestResult executionId="57fc5cbd-d149-46bb-903f-9f4b118df3bd" testId="79a96a71-7e1c-4001-8f60-ac50361de651" testName="GetSingle_InvalidIdPropertyValueReturnsNotFound" computerName="VECTOR" duration="00:00:00.0290000" startTime="2018-08-14T16:47:10.9622143-04:00" endTime="2018-08-14T16:47:10.9622193-04:00" testType="13cdc9d9-ddb5-4fa4-a97d-d965ccfc6d4b" outcome="Passed" testListId="8c84fa94-04c1-424b-9868-57a2d4851a1d" relativeResultsDirectory="57fc5cbd-d149-46bb-903f-9f4b118df3bd" /><UnitTestResult executionId="454bcd9b-b431-46e9-b0a0-2db21f5f2305" testId="e91c16cb-4552-464a-ad6f-01cc110b2455" testName="Patch_InvalidEnumPropertyValueReturnsBadRequest" computerName="VECTOR" duration="00:00:00.0160000" startTime="2018-08-14T16:46:42.4704511-04:00" endTime="2018-08-14T16:46:42.4704557-04:00" testType="13cdc9d9-ddb5-4fa4-a97d-d965ccfc6d4b" outcome="Passed" testListId="8c84fa94-04c1-424b-9868-57a2d4851a1d" relativeResultsDirectory="454bcd9b-b431-46e9-b0a0-2db21f5f2305" /><UnitTestResult executionId="448faa43-7781-4250-8f86-2435195e62be" testId="ecbcb958-7df9-4b77-81df-05a8eccb2008" testName="FileRequest_MeshIsInvalidatedAfterDepthBufferFileBecomesUnsynchronized" computerName="VECTOR" duration="00:00:03.1020000" startTime="2018-08-14T16:46:59.6837973-04:00" endTime="2018-08-14T16:46:59.6838040-04:00" testType="13cdc9d9-ddb5-4fa4-a97d-d965ccfc6d4b" outcome="Passed" testListId="8c84fa94-04c1-424b-9868-57a2d4851a1d" relativeResultsDirectory="448faa43-7781-4250-8f86-2435195e62be" /><UnitTestResult executionId="8205266b-160e-4ac4-a104-350cb3e8da9c" testId="21b6d198-1406-4d07-9fa8-6c0f1cb8d889" testName="LucyCameraFindsAllDependents" computerName="VECTOR" duration="00:00:00.0090000" startTime="2018-08-14T16:46:40.7023502-04:00" endTime="2018-08-14T16:46:40.7023593-04:00" testType="13cdc9d9-ddb5-4fa4-a97d-d965ccfc6d4b" outcome="Passed" testListId="8c84fa94-04c1-424b-9868-57a2d4851a1d" relativeResultsDirectory="8205266b-160e-4ac4-a104-350cb3e8da9c" /><UnitTestResult executionId="9dad8d38-4455-4f83-aa46-dfed979063b1" testId="c0af519c-d6a9-4763-82af-eb5d1fc68716" testName="GetFile_NonExistentFileReturnsNotFound" computerName="VECTOR" duration="00:00:00.0240000" startTime="2018-08-14T16:46:48.3934932-04:00" endTime="2018-08-14T16:46:48.3934990-04:00" testType="13cdc9d9-ddb5-4fa4-a97d-d965ccfc6d4b" outcome="Passed" testListId="8c84fa94-04c1-424b-9868-57a2d4851a1d" relativeResultsDirectory="9dad8d38-4455-4f83-aa46-dfed979063b1" /><UnitTestResult executionId="a1fa802c-b059-4d27-9422-d4d6ce2c904c" testId="8040795e-080b-42fc-9f00-bb871e0b72f0" testName="Patch_InvalidEnumPropertyValueReturnsBadRequest" computerName="VECTOR" duration="00:00:00.0330000" startTime="2018-08-14T16:46:54.7351496-04:00" endTime="2018-08-14T16:46:54.7351556-04:00" testType="13cdc9d9-ddb5-4fa4-a97d-d965ccfc6d4b" outcome="Passed" testListId="8c84fa94-04c1-424b-9868-57a2d4851a1d" relativeResultsDirectory="a1fa802c-b059-4d27-9422-d4d6ce2c904c" /><UnitTestResult executionId="a85fd841-e2a1-46e0-bfe1-5206bce04103" testId="2bbe3438-1ce4-4686-86d4-b048d2400b46" testName="PutFile_FileCanBeUpdated" computerName="VECTOR" duration="00:00:00.5570000" startTime="2018-08-14T16:46:46.8277277-04:00" endTime="2018-08-14T16:46:46.8277338-04:00" testType="13cdc9d9-ddb5-4fa4-a97d-d965ccfc6d4b" outcome="Passed" testListId="8c84fa94-04c1-424b-9868-57a2d4851a1d" relativeResultsDirectory="a85fd841-e2a1-46e0-bfe1-5206bce04103" /><UnitTestResult executionId="211e25b3-0eb9-477b-8438-081dae0d9392" testId="d762aaf7-2d04-4267-90aa-1fc80e59eaf4" testName="Put_ValidReferencePropertyUpdatesModel" computerName="VECTOR" duration="00:00:00.0190000" startTime="2018-08-14T16:46:42.2177876-04:00" endTime="2018-08-14T16:46:42.2177931-04:00" testType="13cdc9d9-ddb5-4fa4-a97d-d965ccfc6d4b" outcome="Passed" testListId="8c84fa94-04c1-424b-9868-57a2d4851a1d" relativeResultsDirectory="211e25b3-0eb9-477b-8438-081dae0d9392" /><UnitTestResult executionId="175f1088-7ec9-42a3-a71c-d004aadbb88c" testId="8a0962e1-e9ed-4223-8e2e-38a5bcab333b" testName="Patch_MultipleInvalidReferencePropertiesReturnsMultipleValidationErrorsAndBadRequest" computerName="VECTOR" duration="00:00:00.0100000" startTime="2018-08-14T16:46:43.0033432-04:00" endTime="2018-08-14T16:46:43.0033465-04:00" testType="13cdc9d9-ddb5-4fa4-a97d-d965ccfc6d4b" outcome="Passed" testListId="8c84fa94-04c1-424b-9868-57a2d4851a1d" relativeResultsDirectory="175f1088-7ec9-42a3-a71c-d004aadbb88c" /><UnitTestResult executionId="ca371435-0cb1-4c6b-b0ce-8f25c77b1a0c" testId="dcd2a58c-c4ea-46a8-9a52-f2d8108c0fb2" testName="Put_CanUpdateModel" computerName="VECTOR" duration="00:00:00.8520000" startTime="2018-08-14T16:46:54.3602342-04:00" endTime="2018-08-14T16:46:54.3602452-04:00" testType="13cdc9d9-ddb5-4fa4-a97d-d965ccfc6d4b" outcome="Passed" testListId="8c84fa94-04c1-424b-9868-57a2d4851a1d" relativeResultsDirectory="ca371435-0cb1-4c6b-b0ce-8f25c77b1a0c" /><UnitTestResult executionId="44a022b2-9aaf-497b-a4cc-0c7547e6b578" testId="f012d15c-5fb9-4850-9992-66b0e52d782f" testName="Put_ValidReferencePropertyUpdatesModel" computerName="VECTOR" duration="00:00:00.4830000" startTime="2018-08-14T16:47:10.4168140-04:00" endTime="2018-08-14T16:47:10.4168202-04:00" testType="13cdc9d9-ddb5-4fa4-a97d-d965ccfc6d4b" outcome="Passed" testListId="8c84fa94-04c1-424b-9868-57a2d4851a1d" relativeResultsDirectory="44a022b2-9aaf-497b-a4cc-0c7547e6b578" /><UnitTestResult executionId="b9a9b629-9135-4d57-a8b1-6e1a25035fc6" testId="db8a7a1c-8311-4f55-b243-af83feb7a752" testName="Put_InvalidReferencePropertyReturndBadRequest" computerName="VECTOR" duration="00:00:00.0140000" startTime="2018-08-14T16:46:43.0172477-04:00" endTime="2018-08-14T16:46:43.0172507-04:00" testType="13cdc9d9-ddb5-4fa4-a97d-d965ccfc6d4b" outcome="Passed" testListId="8c84fa94-04c1-424b-9868-57a2d4851a1d" relativeResultsDirectory="b9a9b629-9135-4d57-a8b1-6e1a25035fc6" /><UnitTestResult executionId="20728afa-bca6-4e1a-857d-3d0dae4a1bd2" testId="5935f7d3-087a-489f-8d94-5f4cdb0a3388" testName="Patch_InvalidReferencePropertyReturnsBadRequest" computerName="VECTOR" duration="00:00:00.0120000" startTime="2018-08-14T16:46:42.2296994-04:00" endTime="2018-08-14T16:46:42.2297045-04:00" testType="13cdc9d9-ddb5-4fa4-a97d-d965ccfc6d4b" outcome="Passed" testListId="8c84fa94-04c1-424b-9868-57a2d4851a1d" relativeResultsDirectory="20728afa-bca6-4e1a-857d-3d0dae4a1bd2" /><UnitTestResult executionId="c0a31844-7068-49eb-83c6-8693e7d909f2" testId="7ea1f2be-d8e2-4fa1-9ca6-4771f2522e8c" testName="Put_InvalidIdReturnsNotFound" computerName="VECTOR" duration="00:00:00.0300000" startTime="2018-08-14T16:47:10.5699815-04:00" endTime="2018-08-14T16:47:10.5699863-04:00" testType="13cdc9d9-ddb5-4fa4-a97d-d965ccfc6d4b" outcome="Passed" testListId="8c84fa94-04c1-424b-9868-57a2d4851a1d" relativeResultsDirectory="c0a31844-7068-49eb-83c6-8693e7d909f2" /><UnitTestResult executionId="9292cd00-2e39-4c2c-afb5-898043ad70fd" testId="9ef96a71-2e8d-48bd-83b2-52e5a6145ed6" testName="GetFile_FileCanBeRoundTripped" computerName="VECTOR" duration="00:00:00.4690000" startTime="2018-08-14T16:46:48.3686114-04:00" endTime="2018-08-14T16:46:48.3686237-04:00" testType="13cdc9d9-ddb5-4fa4-a97d-d965ccfc6d4b" outcome="Passed" testListId="8c84fa94-04c1-424b-9868-57a2d4851a1d" relativeResultsDirectory="9292cd00-2e39-4c2c-afb5-898043ad70fd" /><UnitTestResult executionId="d8ad5ca7-af74-48d0-beac-5b0cf5c85063" testId="082c813b-24f3-4d09-9095-73794b2d2d3e" testName="Put_InvalidReferencePropertyReturndBadRequest" computerName="VECTOR" duration="00:00:00.0550000" startTime="2018-08-14T16:47:09.1527140-04:00" endTime="2018-08-14T16:47:09.1527193-04:00" testType="13cdc9d9-ddb5-4fa4-a97d-d965ccfc6d4b" outcome="Passed" testListId="8c84fa94-04c1-424b-9868-57a2d4851a1d" relativeResultsDirectory="d8ad5ca7-af74-48d0-beac-5b0cf5c85063" /><UnitTestResult executionId="a4c86edf-a5dd-4ad3-870d-cbd71af3cee3" testId="18878041-9722-40b2-8a4a-eb8b409f01fa" testName="GetFile_ExistingFileReturnsSuccess" computerName="VECTOR" duration="00:00:00.2680000" startTime="2018-08-14T16:46:47.0960429-04:00" endTime="2018-08-14T16:46:47.0960547-04:00" testType="13cdc9d9-ddb5-4fa4-a97d-d965ccfc6d4b" outcome="Passed" testListId="8c84fa94-04c1-424b-9868-57a2d4851a1d" relativeResultsDirectory="a4c86edf-a5dd-4ad3-870d-cbd71af3cee3" /><UnitTestResult executionId="f584e8c9-f08a-4a70-a012-1ef91a76691d" testId="08381b35-5b6d-4543-a632-6f52753c4267" testName="GetFile_ExistingFileReturnsSuccess" computerName="VECTOR" duration="00:00:00.0420000" startTime="2018-08-14T16:47:11.7109931-04:00" endTime="2018-08-14T16:47:11.7110002-04:00" testType="13cdc9d9-ddb5-4fa4-a97d-d965ccfc6d4b" outcome="Passed" testListId="8c84fa94-04c1-424b-9868-57a2d4851a1d" relativeResultsDirectory="f584e8c9-f08a-4a70-a012-1ef91a76691d" /><UnitTestResult executionId="1e47f275-5139-4829-a038-25a70a2acfaf" testId="dc82b233-4344-4e9b-960f-7648e422ea77" testName="Delete_TargetModelIsDeleted" computerName="VECTOR" duration="00:00:00.2230000" startTime="2018-08-14T16:47:09.3765953-04:00" endTime="2018-08-14T16:47:09.3766078-04:00" testType="13cdc9d9-ddb5-4fa4-a97d-d965ccfc6d4b" outcome="Passed" testListId="8c84fa94-04c1-424b-9868-57a2d4851a1d" relativeResultsDirectory="1e47f275-5139-4829-a038-25a70a2acfaf" /><UnitTestResult executionId="8e39bfd2-2d5d-4459-bbf4-03aadeae0d35" testId="59566bb1-047b-4ed3-a595-5fd5bc0ad365" testName="LucyDepthBufferFindsOneDependent" computerName="VECTOR" duration="00:00:00.0040000" startTime="2018-08-14T16:46:40.7071429-04:00" endTime="2018-08-14T16:46:40.7071455-04:00" testType="13cdc9d9-ddb5-4fa4-a97d-d965ccfc6d4b" outcome="Passed" testListId="8c84fa94-04c1-424b-9868-57a2d4851a1d" relativeResultsDirectory="8e39bfd2-2d5d-4459-bbf4-03aadeae0d35" /><UnitTestResult executionId="637ebaa4-703f-4bb1-a955-4860ace3d0b8" testId="4d18dee4-ac2b-4f25-9345-d9fa53c30438" testName="GetList_ListReturnsCorrectCount" computerName="VECTOR" duration="00:00:00.0260000" startTime="2018-08-14T16:47:09.0759355-04:00" endTime="2018-08-14T16:47:09.0759413-04:00" testType="13cdc9d9-ddb5-4fa4-a97d-d965ccfc6d4b" outcome="Passed" testListId="8c84fa94-04c1-424b-9868-57a2d4851a1d" relativeResultsDirectory="637ebaa4-703f-4bb1-a955-4860ace3d0b8" /><UnitTestResult executionId="6608d21c-7cda-4aa4-874a-0a16f43e7169" testId="37347d3a-681c-4299-ac87-91968acbef0c" testName="Patch_InvalidPropertyNameReturnsBadRequest" computerName="VECTOR" duration="00:00:00.0180000" startTime="2018-08-14T16:47:17.9523768-04:00" endTime="2018-08-14T16:47:17.9523827-04:00" testType="13cdc9d9-ddb5-4fa4-a97d-d965ccfc6d4b" outcome="Passed" testListId="8c84fa94-04c1-424b-9868-57a2d4851a1d" relativeResultsDirectory="6608d21c-7cda-4aa4-874a-0a16f43e7169" /><UnitTestResult executionId="03ed4ab7-e2f9-4a54-9fa0-415d59a2f5dd" testId="8b34eb81-6360-474f-8548-41ca26f1e957" testName="Patch_MultipleInvalidReferencePropertiesReturnsMultipleValidationErrorsAndBadRequest" computerName="VECTOR" duration="00:00:00.0300000" startTime="2018-08-14T16:46:49.0010563-04:00" endTime="2018-08-14T16:46:49.0010616-04:00" testType="13cdc9d9-ddb5-4fa4-a97d-d965ccfc6d4b" outcome="Passed" testListId="8c84fa94-04c1-424b-9868-57a2d4851a1d" relativeResultsDirectory="03ed4ab7-e2f9-4a54-9fa0-415d59a2f5dd" /><UnitTestResult executionId="37179ec8-5255-44f0-a513-47e6ac136238" testId="c45c865b-368d-4e98-8c5b-5e1e3037d113" testName="Put_InvalidIdReturnsNotFound" computerName="VECTOR" duration="00:00:00.0830000" startTime="2018-08-14T16:46:52.4815559-04:00" endTime="2018-08-14T16:46:52.4815616-04:00" testType="13cdc9d9-ddb5-4fa4-a97d-d965ccfc6d4b" outcome="Passed" testListId="8c84fa94-04c1-424b-9868-57a2d4851a1d" relativeResultsDirectory="37179ec8-5255-44f0-a513-47e6ac136238" /><UnitTestResult executionId="eca064c4-2b84-4c6f-bfeb-12caeed7f217" testId="dc2e95e2-b798-4bf2-a17a-eb7306aecd6a" testName="Patch_InvalidReferencePropertyReturnsBadRequest" computerName="VECTOR" duration="00:00:00.0440000" startTime="2018-08-14T16:46:55.4293738-04:00" endTime="2018-08-14T16:46:55.4293801-04:00" testType="13cdc9d9-ddb5-4fa4-a97d-d965ccfc6d4b" outcome="Passed" testListId="8c84fa94-04c1-424b-9868-57a2d4851a1d" relativeResultsDirectory="eca064c4-2b84-4c6f-bfeb-12caeed7f217" /><UnitTestResult executionId="8347cab5-18c2-411e-a76c-7e1977641d64" testId="2bcbaa96-f1b2-4d94-85ad-88f292f7b152" testName="Patch_InvalidEnumPropertyValueReturnsBadRequest" computerName="VECTOR" duration="00:00:00.0090000" startTime="2018-08-14T16:46:50.0102500-04:00" endTime="2018-08-14T16:46:50.0102530-04:00" testType="13cdc9d9-ddb5-4fa4-a97d-d965ccfc6d4b" outcome="Passed" testListId="8c84fa94-04c1-424b-9868-57a2d4851a1d" relativeResultsDirectory="8347cab5-18c2-411e-a76c-7e1977641d64" /><UnitTestResult executionId="59142b4f-9b7e-4de6-b442-ba88c3535e57" testId="f5d066e2-73f5-4080-95f4-c012d5ff290c" testName="Post_InvalidReferencePropertyReturnsBadRequest" computerName="VECTOR" duration="00:00:00.0120000" startTime="2018-08-14T16:46:41.4771697-04:00" endTime="2018-08-14T16:46:41.4771724-04:00" testType="13cdc9d9-ddb5-4fa4-a97d-d965ccfc6d4b" outcome="Passed" testListId="8c84fa94-04c1-424b-9868-57a2d4851a1d" relativeResultsDirectory="59142b4f-9b7e-4de6-b442-ba88c3535e57" /><UnitTestResult executionId="34a7903b-ea52-4ee6-8e45-5dd1f925e84a" testId="d4955f15-1be0-44aa-aa45-ba58bb4568b2" testName="Patch_InvalidIdPropertyReturnsNotFound" computerName="VECTOR" duration="00:00:00.0240000" startTime="2018-08-14T16:46:45.1856359-04:00" endTime="2018-08-14T16:46:45.1856414-04:00" testType="13cdc9d9-ddb5-4fa4-a97d-d965ccfc6d4b" outcome="Passed" testListId="8c84fa94-04c1-424b-9868-57a2d4851a1d" relativeResultsDirectory="34a7903b-ea52-4ee6-8e45-5dd1f925e84a" /><UnitTestResult executionId="b53ff953-724a-4332-b529-8d5df2d64ffe" testId="62e841e6-7564-4726-b653-d254b600120f" testName="GetSingle_ValidIdPropertyValueReturnsCorrectModel" computerName="VECTOR" duration="00:00:00.0180000" startTime="2018-08-14T16:46:44.5259562-04:00" endTime="2018-08-14T16:46:44.5259605-04:00" testType="13cdc9d9-ddb5-4fa4-a97d-d965ccfc6d4b" outcome="Passed" testListId="8c84fa94-04c1-424b-9868-57a2d4851a1d" relativeResultsDirectory="b53ff953-724a-4332-b529-8d5df2d64ffe" /><UnitTestResult executionId="116da2c2-fed6-4324-8f06-bb9500cbfef4" testId="165f88c2-a26d-4caf-a1fc-5afdafda6419" testName="Post_ValidReferencePropertyCreatesModel" computerName="VECTOR" duration="00:00:00.2710000" startTime="2018-08-14T16:47:11.2334429-04:00" endTime="2018-08-14T16:47:11.2334497-04:00" testType="13cdc9d9-ddb5-4fa4-a97d-d965ccfc6d4b" outcome="Passed" testListId="8c84fa94-04c1-424b-9868-57a2d4851a1d" relativeResultsDirectory="116da2c2-fed6-4324-8f06-bb9500cbfef4" /><UnitTestResult executionId="f1712535-aa23-4cdf-9635-31dfcf8eab40" testId="b51cd692-3f27-4053-b238-b9138e76a5bb" testName="GetFile_ExistingFileReturnsSuccess" computerName="VECTOR" duration="00:00:00.0390000" startTime="2018-08-14T16:47:00.6155411-04:00" endTime="2018-08-14T16:47:00.6155475-04:00" testType="13cdc9d9-ddb5-4fa4-a97d-d965ccfc6d4b" outcome="Passed" testListId="8c84fa94-04c1-424b-9868-57a2d4851a1d" relativeResultsDirectory="f1712535-aa23-4cdf-9635-31dfcf8eab40" /><UnitTestResult executionId="f0137aef-7657-4380-b5ee-bc48b1318dbb" testId="9b1952fe-e0dd-48bf-addb-7df60e854ad5" testName="Patch_InvalidReferencePropertyReturnsBadRequest" computerName="VECTOR" duration="00:00:00.0310000" startTime="2018-08-14T16:46:49.2355570-04:00" endTime="2018-08-14T16:46:49.2355626-04:00" testType="13cdc9d9-ddb5-4fa4-a97d-d965ccfc6d4b" outcome="Passed" testListId="8c84fa94-04c1-424b-9868-57a2d4851a1d" relativeResultsDirectory="f0137aef-7657-4380-b5ee-bc48b1318dbb" /><UnitTestResult executionId="57430b61-b050-4415-a0f9-4ef7d6f0b02f" testId="2d59deef-c5e6-46a0-a554-740be5e21523" testName="PostFile_FileIsSynchronizedIsUpdatedAfterFileIsPosted" computerName="VECTOR" duration="00:00:00.3750000" startTime="2018-08-14T16:47:16.0655555-04:00" endTime="2018-08-14T16:47:16.0655612-04:00" testType="13cdc9d9-ddb5-4fa4-a97d-d965ccfc6d4b" outcome="Passed" testListId="8c84fa94-04c1-424b-9868-57a2d4851a1d" relativeResultsDirectory="57430b61-b050-4415-a0f9-4ef7d6f0b02f" /><UnitTestResult executionId="e91a7ef4-bc9d-407f-8459-4cfe3d288bbe" testId="b6b19a4a-5355-4b2c-af2a-32b3f523920d" testName="Patch_MultipleInvalidReferencePropertiesReturnsMultipleValidationErrorsAndBadRequest" computerName="VECTOR" duration="00:00:00.0310000" startTime="2018-08-14T16:47:10.4933902-04:00" endTime="2018-08-14T16:47:10.4933955-04:00" testType="13cdc9d9-ddb5-4fa4-a97d-d965ccfc6d4b" outcome="Passed" testListId="8c84fa94-04c1-424b-9868-57a2d4851a1d" relativeResultsDirectory="e91a7ef4-bc9d-407f-8459-4cfe3d288bbe" /><UnitTestResult executionId="abaca0fb-df92-42dd-92c0-02ad8d4f7d23" testId="e0f6a107-7e17-4df1-aa2d-33bf4ba80be8" testName="Patch_InvalidPropertyNameReturnsBadRequest" computerName="VECTOR" duration="00:00:00.0290000" startTime="2018-08-14T16:46:55.4592642-04:00" endTime="2018-08-14T16:46:55.4592696-04:00" testType="13cdc9d9-ddb5-4fa4-a97d-d965ccfc6d4b" outcome="Passed" testListId="8c84fa94-04c1-424b-9868-57a2d4851a1d" relativeResultsDirectory="abaca0fb-df92-42dd-92c0-02ad8d4f7d23" /><UnitTestResult executionId="74979dc4-5628-435a-a966-74e6e8dde246" testId="fadd0852-e529-4a6b-a9d9-d1efd1fcd49f" testName="Patch_InvalidReferencePropertyReturnsBadRequest" computerName="VECTOR" duration="00:00:00.0400000" startTime="2018-08-14T16:46:45.6757917-04:00" endTime="2018-08-14T16:46:45.6757972-04:00" testType="13cdc9d9-ddb5-4fa4-a97d-d965ccfc6d4b" outcome="Passed" testListId="8c84fa94-04c1-424b-9868-57a2d4851a1d" relativeResultsDirectory="74979dc4-5628-435a-a966-74e6e8dde246" /><UnitTestResult executionId="a4a615d1-17a1-4f0c-a844-1e441fe8fc4b" testId="b6fa23e5-bc1a-4867-b6d8-c6f250e418ce" testName="Patch_InvalidReferencePropertyReturnsBadRequest" computerName="VECTOR" duration="00:00:00.0320000" startTime="2018-08-14T16:47:18.3561422-04:00" endTime="2018-08-14T16:47:18.3561484-04:00" testType="13cdc9d9-ddb5-4fa4-a97d-d965ccfc6d4b" outcome="Passed" testListId="8c84fa94-04c1-424b-9868-57a2d4851a1d" relativeResultsDirectory="a4a615d1-17a1-4f0c-a844-1e441fe8fc4b" /><UnitTestResult executionId="92cd5b76-c396-4d5f-b07d-6f217473e69f" testId="a01db3de-01d5-4d63-89a9-8809e4cbb755" testName="Patch_TargetPropertyIsUpdated" computerName="VECTOR" duration="00:00:00.2990000" startTime="2018-08-14T16:47:09.9327907-04:00" endTime="2018-08-14T16:47:09.9327970-04:00" testType="13cdc9d9-ddb5-4fa4-a97d-d965ccfc6d4b" outcome="Passed" testListId="8c84fa94-04c1-424b-9868-57a2d4851a1d" relativeResultsDirectory="92cd5b76-c396-4d5f-b07d-6f217473e69f" /><UnitTestResult executionId="b5d46004-8de3-473a-9a82-954b6bf6b785" testId="7be0be6b-cb72-4cc8-9d0d-f4aaf9ebbc4a" testName="Patch_InvalidIdPropertyReturnsNotFound" computerName="VECTOR" duration="00:00:00.0160000" startTime="2018-08-14T16:46:50.0006608-04:00" endTime="2018-08-14T16:46:50.0006656-04:00" testType="13cdc9d9-ddb5-4fa4-a97d-d965ccfc6d4b" outcome="Passed" testListId="8c84fa94-04c1-424b-9868-57a2d4851a1d" relativeResultsDirectory="b5d46004-8de3-473a-9a82-954b6bf6b785" /><UnitTestResult executionId="8a0bf23d-16d8-4d05-9f4f-4f2df5c3ac33" testId="f3707525-eb2c-4923-af1b-d1bf36daf8a2" testName="Put_InvalidIdReturnsNotFound" computerName="VECTOR" duration="00:00:00.0370000" startTime="2018-08-14T16:47:17.0530350-04:00" endTime="2018-08-14T16:47:17.0530411-04:00" testType="13cdc9d9-ddb5-4fa4-a97d-d965ccfc6d4b" outcome="Passed" testListId="8c84fa94-04c1-424b-9868-57a2d4851a1d" relativeResultsDirectory="8a0bf23d-16d8-4d05-9f4f-4f2df5c3ac33" /><UnitTestResult executionId="ea0be4f9-51bc-46b3-aca8-fd86f8dfcaeb" testId="9a4d5656-2489-41d1-be63-5f3b5bc92b5e" testName="Put_ValidReferencePropertyUpdatesModel" computerName="VECTOR" duration="00:00:00.4440000" startTime="2018-08-14T16:46:49.7021574-04:00" endTime="2018-08-14T16:46:49.7021634-04:00" testType="13cdc9d9-ddb5-4fa4-a97d-d965ccfc6d4b" outcome="Passed" testListId="8c84fa94-04c1-424b-9868-57a2d4851a1d" relativeResultsDirectory="ea0be4f9-51bc-46b3-aca8-fd86f8dfcaeb" /><UnitTestResult executionId="2d16e148-a051-4a85-a309-b404d516b8bc" testId="32a44b05-4224-4f22-9272-8507af0263ad" testName="Put_ValidReferencePropertyUpdatesModel" computerName="VECTOR" duration="00:00:00.3330000" startTime="2018-08-14T16:47:18.6899605-04:00" endTime="2018-08-14T16:47:18.6899668-04:00" testType="13cdc9d9-ddb5-4fa4-a97d-d965ccfc6d4b" outcome="Passed" testListId="8c84fa94-04c1-424b-9868-57a2d4851a1d" relativeResultsDirectory="2d16e148-a051-4a85-a309-b404d516b8bc" /><UnitTestResult executionId="77f7a69a-9b84-4844-abcd-7ac2fe73d66a" testId="dddeca60-ac50-41b2-937c-5cfc1cb65b48" testName="Put_CanUpdateModel" computerName="VECTOR" duration="00:00:00.4330000" startTime="2018-08-14T16:47:11.6675455-04:00" endTime="2018-08-14T16:47:11.6675540-04:00" testType="13cdc9d9-ddb5-4fa4-a97d-d965ccfc6d4b" outcome="Passed" testListId="8c84fa94-04c1-424b-9868-57a2d4851a1d" relativeResultsDirectory="77f7a69a-9b84-4844-abcd-7ac2fe73d66a" /><UnitTestResult executionId="23675e7b-5095-4c48-9522-9e6b7b105aed" testId="b16c939e-eb46-4568-ae51-e1ee94316101" testName="GetFile_FileCanBeRoundTripped" computerName="VECTOR" duration="00:00:00.3330000" startTime="2018-08-14T16:47:00.0177228-04:00" endTime="2018-08-14T16:47:00.0177291-04:00" testType="13cdc9d9-ddb5-4fa4-a97d-d965ccfc6d4b" outcome="Passed" testListId="8c84fa94-04c1-424b-9868-57a2d4851a1d" relativeResultsDirectory="23675e7b-5095-4c48-9522-9e6b7b105aed" /><UnitTestResult executionId="1d95beac-24ef-45d3-bac0-f438c065d734" testId="7fb863e8-5de8-4cfe-af84-0253723c5fb6" testName="GetSingle_InvalidIdPropertyValueReturnsNotFound" computerName="VECTOR" duration="00:00:00.0160000" startTime="2018-08-14T16:47:17.2920271-04:00" endTime="2018-08-14T16:47:17.2920315-04:00" testType="13cdc9d9-ddb5-4fa4-a97d-d965ccfc6d4b" outcome="Passed" testListId="8c84fa94-04c1-424b-9868-57a2d4851a1d" relativeResultsDirectory="1d95beac-24ef-45d3-bac0-f438c065d734" /><UnitTestResult executionId="4ce19341-df6f-4143-a52a-eddc7650b973" testId="57386aba-235b-4eb8-a9f0-a55de560ae9f" testName="GetList_ListReturnsCorrectCount" computerName="VECTOR" duration="00:00:01.1710000" startTime="2018-08-14T16:46:52.3983427-04:00" endTime="2018-08-14T16:46:52.3983479-04:00" testType="13cdc9d9-ddb5-4fa4-a97d-d965ccfc6d4b" outcome="Passed" testListId="8c84fa94-04c1-424b-9868-57a2d4851a1d" relativeResultsDirectory="4ce19341-df6f-4143-a52a-eddc7650b973" /><UnitTestResult executionId="bab23119-ed29-445e-b437-d0da751acf5c" testId="e9f152ad-76a2-40c3-83c1-913b68b8b0ca" testName="GetSingle_ValidIdPropertyValueReturnsCorrectModel" computerName="VECTOR" duration="00:00:00.0170000" startTime="2018-08-14T16:46:51.2091739-04:00" endTime="2018-08-14T16:46:51.2091783-04:00" testType="13cdc9d9-ddb5-4fa4-a97d-d965ccfc6d4b" outcome="Passed" testListId="8c84fa94-04c1-424b-9868-57a2d4851a1d" relativeResultsDirectory="bab23119-ed29-445e-b437-d0da751acf5c" /><UnitTestResult executionId="a9168f92-8534-4c0f-b476-af7fbe7566a1" testId="f5d30b64-d709-4fc3-9751-233aebeed693" testName="Patch_ValidReferencePropertyUpdatesModel" computerName="VECTOR" duration="00:00:00.6230000" startTime="2018-08-14T16:46:41.3355345-04:00" endTime="2018-08-14T16:46:41.3355409-04:00" testType="13cdc9d9-ddb5-4fa4-a97d-d965ccfc6d4b" outcome="Passed" testListId="8c84fa94-04c1-424b-9868-57a2d4851a1d" relativeResultsDirectory="a9168f92-8534-4c0f-b476-af7fbe7566a1" /><UnitTestResult executionId="6e4bd42b-9450-42e2-939d-cb414a25b4c3" testId="f6ace125-cab5-41f5-bdef-41a7da18ec17" testName="Post_InvalidPropertyValueReturnsBadRequest" computerName="VECTOR" duration="00:00:00.0140000" startTime="2018-08-14T16:46:44.5071306-04:00" endTime="2018-08-14T16:46:44.5071357-04:00" testType="13cdc9d9-ddb5-4fa4-a97d-d965ccfc6d4b" outcome="Passed" testListId="8c84fa94-04c1-424b-9868-57a2d4851a1d" relativeResultsDirectory="6e4bd42b-9450-42e2-939d-cb414a25b4c3" /><UnitTestResult executionId="6bc06908-6a32-4700-8c17-a22a6862ba53" testId="5306d110-19a6-4fc0-a232-f11e47ec34cf" testName="Patch_InvalidReferencePropertyReturnsBadRequest" computerName="VECTOR" duration="00:00:00.0450000" startTime="2018-08-14T16:47:10.4623255-04:00" endTime="2018-08-14T16:47:10.4623309-04:00" testType="13cdc9d9-ddb5-4fa4-a97d-d965ccfc6d4b" outcome="Passed" testListId="8c84fa94-04c1-424b-9868-57a2d4851a1d" relativeResultsDirectory="6bc06908-6a32-4700-8c17-a22a6862ba53" /><UnitTestResult executionId="cb0eccec-d90c-4f8a-b411-d0d2dd8a471a" testId="71e553e3-962e-45d4-aeb3-d9dd7f9607a6" testName="GetSingle_ValidIdPropertyValueReturnsCorrectModel" computerName="VECTOR" duration="00:00:00.0170000" startTime="2018-08-14T16:46:42.4545014-04:00" endTime="2018-08-14T16:46:42.4545062-04:00" testType="13cdc9d9-ddb5-4fa4-a97d-d965ccfc6d4b" outcome="Passed" testListId="8c84fa94-04c1-424b-9868-57a2d4851a1d" relativeResultsDirectory="cb0eccec-d90c-4f8a-b411-d0d2dd8a471a" /><UnitTestResult executionId="bae22b6f-0a76-4f4a-aee3-55bf03cacb7f" testId="269db453-59c4-42f6-92bb-ad81a522d325" testName="Post_InvalidPropertyValueReturnsBadRequest" computerName="VECTOR" duration="00:00:00.0310000" startTime="2018-08-14T16:46:49.7338355-04:00" endTime="2018-08-14T16:46:49.7338424-04:00" testType="13cdc9d9-ddb5-4fa4-a97d-d965ccfc6d4b" outcome="Passed" testListId="8c84fa94-04c1-424b-9868-57a2d4851a1d" relativeResultsDirectory="bae22b6f-0a76-4f4a-aee3-55bf03cacb7f" /><UnitTestResult executionId="1487abbd-6843-45b7-b31f-6a28894281cd" testId="0eaf1919-f68a-4227-87c5-0f2e0d14c40d" testName="FileRequest_FileCanBeReadAfterRename" computerName="VECTOR" duration="00:00:00.6000000" startTime="2018-08-14T16:47:09.0013773-04:00" endTime="2018-08-14T16:47:09.0013891-04:00" testType="13cdc9d9-ddb5-4fa4-a97d-d965ccfc6d4b" outcome="Passed" testListId="8c84fa94-04c1-424b-9868-57a2d4851a1d" relativeResultsDirectory="1487abbd-6843-45b7-b31f-6a28894281cd" /><UnitTestResult executionId="d8813611-1674-4e48-aee6-825da87e3d8a" testId="24183617-22c9-4391-af1b-39102789b3d3" testName="Put_ValidReferencePropertyUpdatesModel" computerName="VECTOR" duration="00:00:00.3330000" startTime="2018-08-14T16:46:45.1611338-04:00" endTime="2018-08-14T16:46:45.1611451-04:00" testType="13cdc9d9-ddb5-4fa4-a97d-d965ccfc6d4b" outcome="Passed" testListId="8c84fa94-04c1-424b-9868-57a2d4851a1d" relativeResultsDirectory="d8813611-1674-4e48-aee6-825da87e3d8a" /><UnitTestResult executionId="14a0fcd9-3ba4-4117-b5b9-0827d0934abf" testId="957ce407-3365-4c69-8ef6-267f3ebb76b8" testName="PostFile_FileIsSynchronizedIsUpdatedAfterFileIsPosted" computerName="VECTOR" duration="00:00:00.3830000" startTime="2018-08-14T16:47:08.3998158-04:00" endTime="2018-08-14T16:47:08.3998215-04:00" testType="13cdc9d9-ddb5-4fa4-a97d-d965ccfc6d4b" outcome="Passed" testListId="8c84fa94-04c1-424b-9868-57a2d4851a1d" relativeResultsDirectory="14a0fcd9-3ba4-4117-b5b9-0827d0934abf" /><UnitTestResult executionId="f30e0f25-57c1-4b46-b63a-e266e02d38c4" testId="6a34a3c9-dffc-46bf-bf49-bf82ec18d7cf" testName="Post_ValidReferencePropertyCreatesModel" computerName="VECTOR" duration="00:00:00.1790000" startTime="2018-08-14T16:47:17.8735111-04:00" endTime="2018-08-14T16:47:17.8735166-04:00" testType="13cdc9d9-ddb5-4fa4-a97d-d965ccfc6d4b" outcome="Passed" testListId="8c84fa94-04c1-424b-9868-57a2d4851a1d" relativeResultsDirectory="f30e0f25-57c1-4b46-b63a-e266e02d38c4" /><UnitTestResult executionId="b607dadb-32f1-47a6-bed6-4b2b484c2857" testId="26971a86-f83c-414c-8a61-6d634cce9bba" testName="Post_InvalidReferencePropertyReturnsBadRequest" computerName="VECTOR" duration="00:00:00.0290000" startTime="2018-08-14T16:46:55.5436924-04:00" endTime="2018-08-14T16:46:55.5436981-04:00" testType="13cdc9d9-ddb5-4fa4-a97d-d965ccfc6d4b" outcome="Passed" testListId="8c84fa94-04c1-424b-9868-57a2d4851a1d" relativeResultsDirectory="b607dadb-32f1-47a6-bed6-4b2b484c2857" /><UnitTestResult executionId="adb75ec7-aaf8-48a7-93b5-f14362920046" testId="fe12611d-69a6-41b3-b71b-c0d0aacbd83e" testName="Patch_TargetPropertyIsUpdated" computerName="VECTOR" duration="00:00:00.3560000" startTime="2018-08-14T16:46:42.1988383-04:00" endTime="2018-08-14T16:46:42.1988443-04:00" testType="13cdc9d9-ddb5-4fa4-a97d-d965ccfc6d4b" outcome="Passed" testListId="8c84fa94-04c1-424b-9868-57a2d4851a1d" relativeResultsDirectory="adb75ec7-aaf8-48a7-93b5-f14362920046" /><UnitTestResult executionId="ce77338e-c8bc-47b2-8e2a-84ad986ef983" testId="d4b4d62b-b71d-48af-b929-b9bc921d4cff" testName="Patch_MultipleInvalidReferencePropertiesReturnsMultipleValidationErrorsAndBadRequest" computerName="VECTOR" duration="00:00:00.0410000" startTime="2018-08-14T16:47:17.9154008-04:00" endTime="2018-08-14T16:47:17.9154067-04:00" testType="13cdc9d9-ddb5-4fa4-a97d-d965ccfc6d4b" outcome="Passed" testListId="8c84fa94-04c1-424b-9868-57a2d4851a1d" relativeResultsDirectory="ce77338e-c8bc-47b2-8e2a-84ad986ef983" /><UnitTestResult executionId="220e6e60-4059-45da-998a-9c731e0231c2" testId="34183d31-9f29-4130-88ad-1bc1bf273e75" testName="Delete_TargetModelIsDeleted" computerName="VECTOR" duration="00:00:00.1970000" startTime="2018-08-14T16:46:55.9993172-04:00" endTime="2018-08-14T16:46:55.9993236-04:00" testType="13cdc9d9-ddb5-4fa4-a97d-d965ccfc6d4b" outcome="Passed" testListId="8c84fa94-04c1-424b-9868-57a2d4851a1d" relativeResultsDirectory="220e6e60-4059-45da-998a-9c731e0231c2" /><UnitTestResult executionId="fd5e16f0-1962-4008-9b19-62af44bdf78a" testId="0ad83f0a-4611-4893-aaf4-ec875af2f850" testName="Put_InvalidReferencePropertyReturndBadRequest" computerName="VECTOR" duration="00:00:00.0360000" startTime="2018-08-14T16:46:45.9162857-04:00" endTime="2018-08-14T16:46:45.9162920-04:00" testType="13cdc9d9-ddb5-4fa4-a97d-d965ccfc6d4b" outcome="Passed" testListId="8c84fa94-04c1-424b-9868-57a2d4851a1d" relativeResultsDirectory="fd5e16f0-1962-4008-9b19-62af44bdf78a" /><UnitTestResult executionId="581d8483-19bb-4d38-9753-ace70a0e3e86" testId="202dc079-9901-48d9-8cdd-fb61ef3c13da" testName="Patch_TargetPropertyIsUpdated" computerName="VECTOR" duration="00:00:00.2830000" startTime="2018-08-14T16:47:18.9733672-04:00" endTime="2018-08-14T16:47:18.9733728-04:00" testType="13cdc9d9-ddb5-4fa4-a97d-d965ccfc6d4b" outcome="Passed" testListId="8c84fa94-04c1-424b-9868-57a2d4851a1d" relativeResultsDirectory="581d8483-19bb-4d38-9753-ace70a0e3e86" /><UnitTestResult executionId="8ada9b40-fcb9-4c0c-a345-2c089acd981f" testId="88f21a50-8c62-454a-86e4-25354793cd6e" testName="FileRequest_FileCanBeReadAfterRename" computerName="VECTOR" duration="00:00:00.4970000" startTime="2018-08-14T16:46:47.5938588-04:00" endTime="2018-08-14T16:46:47.5938658-04:00" testType="13cdc9d9-ddb5-4fa4-a97d-d965ccfc6d4b" outcome="Passed" testListId="8c84fa94-04c1-424b-9868-57a2d4851a1d" relativeResultsDirectory="8ada9b40-fcb9-4c0c-a345-2c089acd981f" /><UnitTestResult executionId="3f511a7b-0b32-4beb-84b1-1275c9322ad0" testId="82462613-6af4-44f9-b8d3-5853fe21aa0f" testName="PostFile_FileIsSynchronizedIsUpdatedAfterFileIsPosted" computerName="VECTOR" duration="00:00:00.0130000" startTime="2018-08-14T16:46:48.4063928-04:00" endTime="2018-08-14T16:46:48.4063964-04:00" testType="13cdc9d9-ddb5-4fa4-a97d-d965ccfc6d4b" outcome="Passed" testListId="8c84fa94-04c1-424b-9868-57a2d4851a1d" relativeResultsDirectory="3f511a7b-0b32-4beb-84b1-1275c9322ad0" /><UnitTestResult executionId="b6f640eb-de04-40fa-a6ea-b31ca6689eda" testId="2901138b-c4e2-4810-92f6-467eb552df47" testName="Delete_TargetModelIsDeleted" computerName="VECTOR" duration="00:00:00.2030000" startTime="2018-08-14T16:46:45.8793258-04:00" endTime="2018-08-14T16:46:45.8793395-04:00" testType="13cdc9d9-ddb5-4fa4-a97d-d965ccfc6d4b" outcome="Passed" testListId="8c84fa94-04c1-424b-9868-57a2d4851a1d" relativeResultsDirectory="b6f640eb-de04-40fa-a6ea-b31ca6689eda" /><UnitTestResult executionId="e39a9fd1-35eb-4d1e-9c0c-87eadb27262e" testId="80d74023-3438-4ac9-bfdb-0715d55d2922" testName="Patch_InvalidIdPropertyReturnsNotFound" computerName="VECTOR" duration="00:00:00.0210000" startTime="2018-08-14T16:46:43.0389418-04:00" endTime="2018-08-14T16:46:43.0389468-04:00" testType="13cdc9d9-ddb5-4fa4-a97d-d965ccfc6d4b" outcome="Passed" testListId="8c84fa94-04c1-424b-9868-57a2d4851a1d" relativeResultsDirectory="e39a9fd1-35eb-4d1e-9c0c-87eadb27262e" /><UnitTestResult executionId="767c188f-6967-4490-9ea6-6825e4312dc8" testId="b641d4a9-484b-469f-bd53-6022a4305254" testName="Post_ValidReferencePropertyCreatesModel" computerName="VECTOR" duration="00:00:00.2110000" startTime="2018-08-14T16:46:55.8012752-04:00" endTime="2018-08-14T16:46:55.8012815-04:00" testType="13cdc9d9-ddb5-4fa4-a97d-d965ccfc6d4b" outcome="Passed" testListId="8c84fa94-04c1-424b-9868-57a2d4851a1d" relativeResultsDirectory="767c188f-6967-4490-9ea6-6825e4312dc8" /><UnitTestResult executionId="65f06e92-bb68-4cc1-907e-868921978f36" testId="3e0c04be-9d9b-4688-8592-338172c5554b" testName="GetSingle_ValidIdPropertyValueReturnsCorrectModel" computerName="VECTOR" duration="00:00:00.0350000" startTime="2018-08-14T16:46:56.0344521-04:00" endTime="2018-08-14T16:46:56.0344570-04:00" testType="13cdc9d9-ddb5-4fa4-a97d-d965ccfc6d4b" outcome="Passed" testListId="8c84fa94-04c1-424b-9868-57a2d4851a1d" relativeResultsDirectory="65f06e92-bb68-4cc1-907e-868921978f36" /><UnitTestResult executionId="2d52d93f-823e-4e15-a095-d6a7a01b081e" testId="c8bb15a9-5668-4137-83a1-efba7d2d6863" testName="Post_CanCreateNewModel" computerName="VECTOR" duration="00:00:00.2240000" startTime="2018-08-14T16:46:55.3846336-04:00" endTime="2018-08-14T16:46:55.3846400-04:00" testType="13cdc9d9-ddb5-4fa4-a97d-d965ccfc6d4b" outcome="Passed" testListId="8c84fa94-04c1-424b-9868-57a2d4851a1d" relativeResultsDirectory="2d52d93f-823e-4e15-a095-d6a7a01b081e" /><UnitTestResult executionId="ebbaadfe-94be-434b-b125-9d6583cb0200" testId="dbf1c28c-57a1-4310-8075-1cd3c7c78ad7" testName="GetList_ListReturnsCorrectCount" computerName="VECTOR" duration="00:00:00.0210000" startTime="2018-08-14T16:46:49.2574390-04:00" endTime="2018-08-14T16:46:49.2574452-04:00" testType="13cdc9d9-ddb5-4fa4-a97d-d965ccfc6d4b" outcome="Passed" testListId="8c84fa94-04c1-424b-9868-57a2d4851a1d" relativeResultsDirectory="ebbaadfe-94be-434b-b125-9d6583cb0200" /><UnitTestResult executionId="b5c18d08-aa28-46e2-a0ae-4e8622eda5ab" testId="29e3b1f1-8091-41a8-b2f6-38abd63fb967" testName="GetSingle_ValidIdPropertyValueReturnsCorrectModel" computerName="VECTOR" duration="00:00:00.0240000" startTime="2018-08-14T16:47:10.5398988-04:00" endTime="2018-08-14T16:47:10.5399040-04:00" testType="13cdc9d9-ddb5-4fa4-a97d-d965ccfc6d4b" outcome="Passed" testListId="8c84fa94-04c1-424b-9868-57a2d4851a1d" relativeResultsDirectory="b5c18d08-aa28-46e2-a0ae-4e8622eda5ab" /><UnitTestResult executionId="d06cceb8-f75d-457f-bb2d-9a83b1fecb3d" testId="17106ace-d5e1-481e-b1b8-9369245dd391" testName="Delete_TargetModelIsDeleted" computerName="VECTOR" duration="00:00:00.2970000" startTime="2018-08-14T16:46:48.9707596-04:00" endTime="2018-08-14T16:46:48.9707651-04:00" testType="13cdc9d9-ddb5-4fa4-a97d-d965ccfc6d4b" outcome="Passed" testListId="8c84fa94-04c1-424b-9868-57a2d4851a1d" relativeResultsDirectory="d06cceb8-f75d-457f-bb2d-9a83b1fecb3d" /><UnitTestResult executionId="c769e638-8234-4a40-aec1-a411e06bcda3" testId="768665cc-b88c-4ef8-aa25-fdf853f23c63" testName="PostFile_FileTimeStampIsUpdatedAfterFileIsPosted" computerName="VECTOR" duration="00:00:01.4970000" startTime="2018-08-14T16:47:02.1130891-04:00" endTime="2018-08-14T16:47:02.1130952-04:00" testType="13cdc9d9-ddb5-4fa4-a97d-d965ccfc6d4b" outcome="Passed" testListId="8c84fa94-04c1-424b-9868-57a2d4851a1d" relativeResultsDirectory="c769e638-8234-4a40-aec1-a411e06bcda3" /><UnitTestResult executionId="65a374b5-fc6e-42e0-b2b3-cd5ff2844529" testId="7d1e49df-0f13-42c7-acc6-3f418a13fa1c" testName="Patch_InvalidEnumPropertyValueReturnsBadRequest" computerName="VECTOR" duration="00:00:00.0460000" startTime="2018-08-14T16:47:09.0492858-04:00" endTime="2018-08-14T16:47:09.0492914-04:00" testType="13cdc9d9-ddb5-4fa4-a97d-d965ccfc6d4b" outcome="Passed" testListId="8c84fa94-04c1-424b-9868-57a2d4851a1d" relativeResultsDirectory="65a374b5-fc6e-42e0-b2b3-cd5ff2844529" /><UnitTestResult executionId="f24e3a74-8b96-4cd1-87af-5ab405d3de7d" testId="8b40b63e-f3e6-4432-ab82-e935a3b7a6eb" testName="GetFile_FileCanBeRoundTripped" computerName="VECTOR" duration="00:00:00.3950000" startTime="2018-08-14T16:47:16.8194988-04:00" endTime="2018-08-14T16:47:16.8195054-04:00" testType="13cdc9d9-ddb5-4fa4-a97d-d965ccfc6d4b" outcome="Passed" testListId="8c84fa94-04c1-424b-9868-57a2d4851a1d" relativeResultsDirectory="f24e3a74-8b96-4cd1-87af-5ab405d3de7d" /><UnitTestResult executionId="12bd9358-9dce-4ec7-a4fa-9fe4e10b7460" testId="2a2d18ae-f276-4846-b389-32c0ca1351df" testName="Patch_InvalidIdPropertyReturnsNotFound" computerName="VECTOR" duration="00:00:00.0180000" startTime="2018-08-14T16:47:17.9341427-04:00" endTime="2018-08-14T16:47:17.9341473-04:00" testType="13cdc9d9-ddb5-4fa4-a97d-d965ccfc6d4b" outcome="Passed" testListId="8c84fa94-04c1-424b-9868-57a2d4851a1d" relativeResultsDirectory="12bd9358-9dce-4ec7-a4fa-9fe4e10b7460" /><UnitTestResult executionId="d8e13ee0-c9a5-41cf-b9b4-7d1fc4fc3c12" testId="34bfbd49-60e5-495b-9939-98146933f483" testName="PostFile_NewFileCanBePosted" computerName="VECTOR" duration="00:00:00.3580000" startTime="2018-08-14T16:47:16.4244650-04:00" endTime="2018-08-14T16:47:16.4244711-04:00" testType="13cdc9d9-ddb5-4fa4-a97d-d965ccfc6d4b" outcome="Passed" testListId="8c84fa94-04c1-424b-9868-57a2d4851a1d" relativeResultsDirectory="d8e13ee0-c9a5-41cf-b9b4-7d1fc4fc3c12" /><UnitTestResult executionId="e151bbc7-beb1-4e1b-84f1-2d3667718572" testId="71af4438-e5c9-48bb-a272-7c5d595ec8f9" testName="Patch_InvalidIdPropertyReturnsNotFound" computerName="VECTOR" duration="00:00:00.0280000" startTime="2018-08-14T16:46:55.4875858-04:00" endTime="2018-08-14T16:46:55.4875912-04:00" testType="13cdc9d9-ddb5-4fa4-a97d-d965ccfc6d4b" outcome="Passed" testListId="8c84fa94-04c1-424b-9868-57a2d4851a1d" relativeResultsDirectory="e151bbc7-beb1-4e1b-84f1-2d3667718572" /><UnitTestResult executionId="8b3e15c9-9537-4db7-8d57-b824fdce186f" testId="e39e28e8-d195-40ed-9fbf-e16907caaa43" testName="LucyModel3dHasTwoDependents" computerName="VECTOR" duration="00:00:00.4050000" startTime="2018-08-14T16:46:40.6934070-04:00" endTime="2018-08-14T16:46:40.6934130-04:00" testType="13cdc9d9-ddb5-4fa4-a97d-d965ccfc6d4b" outcome="Passed" testListId="8c84fa94-04c1-424b-9868-57a2d4851a1d" relativeResultsDirectory="8b3e15c9-9537-4db7-8d57-b824fdce186f" /><UnitTestResult executionId="89329f78-bd4f-4e2a-a8c0-764c1b84975e" testId="15f29686-72ae-44ab-a1f2-ada502368e23" testName="PutFile_NewFileCanBePut" computerName="VECTOR" duration="00:00:00.4380000" startTime="2018-08-14T16:46:56.5809895-04:00" endTime="2018-08-14T16:46:56.5809955-04:00" testType="13cdc9d9-ddb5-4fa4-a97d-d965ccfc6d4b" outcome="Passed" testListId="8c84fa94-04c1-424b-9868-57a2d4851a1d" relativeResultsDirectory="89329f78-bd4f-4e2a-a8c0-764c1b84975e" /><UnitTestResult executionId="e2a7fab9-7dc4-4351-8c1f-6c4df8d0cdb3" testId="609a8f0e-dda7-42e2-9829-1a0e324c2e38" testName="Patch_InvalidPropertyNameReturnsBadRequest" computerName="VECTOR" duration="00:00:00.0180000" startTime="2018-08-14T16:46:44.4926142-04:00" endTime="2018-08-14T16:46:44.4926210-04:00" testType="13cdc9d9-ddb5-4fa4-a97d-d965ccfc6d4b" outcome="Passed" testListId="8c84fa94-04c1-424b-9868-57a2d4851a1d" relativeResultsDirectory="e2a7fab9-7dc4-4351-8c1f-6c4df8d0cdb3" /><UnitTestResult executionId="45745368-cfe0-4b02-8404-c34c7ca560b7" testId="53fa5ca3-fdf6-4b98-aabd-c99f76f1c5fa" testName="Post_InvalidReferencePropertyReturnsBadRequest" computerName="VECTOR" duration="00:00:00.0170000" startTime="2018-08-14T16:46:51.2264476-04:00" endTime="2018-08-14T16:46:51.2264521-04:00" testType="13cdc9d9-ddb5-4fa4-a97d-d965ccfc6d4b" outcome="Passed" testListId="8c84fa94-04c1-424b-9868-57a2d4851a1d" relativeResultsDirectory="45745368-cfe0-4b02-8404-c34c7ca560b7" /><UnitTestResult executionId="0062dead-a323-45ac-87df-8106f3e8964c" testId="39e0ec95-5859-4111-9fc3-71b28b92d9a9" testName="GetSingle_InvalidIdPropertyValueReturnsNotFound" computerName="VECTOR" duration="00:00:00.0220000" startTime="2018-08-14T16:46:51.1916088-04:00" endTime="2018-08-14T16:46:51.1916145-04:00" testType="13cdc9d9-ddb5-4fa4-a97d-d965ccfc6d4b" outcome="Passed" testListId="8c84fa94-04c1-424b-9868-57a2d4851a1d" relativeResultsDirectory="0062dead-a323-45ac-87df-8106f3e8964c" /><UnitTestResult executionId="0113fdd4-68c3-4fd9-850d-852f48bea2a3" testId="84e47790-c8af-4ae8-8212-087561157ca7" testName="Post_ValidReferencePropertyCreatesModel" computerName="VECTOR" duration="00:00:00.2180000" startTime="2018-08-14T16:46:49.9518337-04:00" endTime="2018-08-14T16:46:49.9518401-04:00" testType="13cdc9d9-ddb5-4fa4-a97d-d965ccfc6d4b" outcome="Passed" testListId="8c84fa94-04c1-424b-9868-57a2d4851a1d" relativeResultsDirectory="0113fdd4-68c3-4fd9-850d-852f48bea2a3" /><UnitTestResult executionId="dec8e38a-4ce5-4728-a7ce-e5c8f92d3e78" testId="59616939-38ad-4413-b1e1-26419e1d75ec" testName="Put_CanUpdateModel" computerName="VECTOR" duration="00:00:00.5300000" startTime="2018-08-14T16:46:44.4082682-04:00" endTime="2018-08-14T16:46:44.4082746-04:00" testType="13cdc9d9-ddb5-4fa4-a97d-d965ccfc6d4b" outcome="Passed" testListId="8c84fa94-04c1-424b-9868-57a2d4851a1d" relativeResultsDirectory="dec8e38a-4ce5-4728-a7ce-e5c8f92d3e78" /><UnitTestResult executionId="192eec65-a697-4be3-a81d-2868b9128324" testId="54251b5c-45ea-4fad-a34b-7e82128b290b" testName="Patch_InvalidPropertyNameReturnsBadRequest" computerName="VECTOR" duration="00:00:00.0210000" startTime="2018-08-14T16:47:09.0976584-04:00" endTime="2018-08-14T16:47:09.0976701-04:00" testType="13cdc9d9-ddb5-4fa4-a97d-d965ccfc6d4b" outcome="Passed" testListId="8c84fa94-04c1-424b-9868-57a2d4851a1d" relativeResultsDirectory="192eec65-a697-4be3-a81d-2868b9128324" /><UnitTestResult executionId="348f7911-3b63-4b89-835c-26a41beafaf6" testId="f1ebd5c1-1ba8-4eb0-bae7-1b0e0836dce8" testName="DepthBufferHasExpectedDependentFiles" computerName="VECTOR" duration="00:00:00.0010000" startTime="2018-08-14T16:46:40.7074390-04:00" endTime="2018-08-14T16:46:40.7074404-04:00" testType="13cdc9d9-ddb5-4fa4-a97d-d965ccfc6d4b" outcome="Passed" testListId="8c84fa94-04c1-424b-9868-57a2d4851a1d" relativeResultsDirectory="348f7911-3b63-4b89-835c-26a41beafaf6" /><UnitTestResult executionId="e215381c-8f1f-4261-a31f-6dbc38d07637" testId="1bb2c855-3d85-4c75-82ee-78afd103f1e2" testName="PutFile_FileCanBeUpdated" computerName="VECTOR" duration="00:00:00.4820000" startTime="2018-08-14T16:47:13.7325731-04:00" endTime="2018-08-14T16:47:13.7325832-04:00" testType="13cdc9d9-ddb5-4fa4-a97d-d965ccfc6d4b" outcome="Passed" testListId="8c84fa94-04c1-424b-9868-57a2d4851a1d" relativeResultsDirectory="e215381c-8f1f-4261-a31f-6dbc38d07637" /><UnitTestResult executionId="eb2d47ce-6ba8-4ea2-b806-d64feacfab8a" testId="57b3f79e-b293-4c58-bfba-90c6a44b5538" testName="GetSingle_InvalidIdPropertyValueReturnsNotFound" computerName="VECTOR" duration="00:00:00.0220000" startTime="2018-08-14T16:46:44.4308130-04:00" endTime="2018-08-14T16:46:44.4308191-04:00" testType="13cdc9d9-ddb5-4fa4-a97d-d965ccfc6d4b" outcome="Passed" testListId="8c84fa94-04c1-424b-9868-57a2d4851a1d" relativeResultsDirectory="eb2d47ce-6ba8-4ea2-b806-d64feacfab8a" /><UnitTestResult executionId="244cdfde-8eb2-47f5-b859-625d68fdf594" testId="5da16b86-7677-48e8-88a6-251385d313b6" testName="Patch_ValidReferencePropertyUpdatesModel" computerName="VECTOR" duration="00:00:00.3490000" startTime="2018-08-14T16:46:50.3601881-04:00" endTime="2018-08-14T16:46:50.3601939-04:00" testType="13cdc9d9-ddb5-4fa4-a97d-d965ccfc6d4b" outcome="Passed" testListId="8c84fa94-04c1-424b-9868-57a2d4851a1d" relativeResultsDirectory="244cdfde-8eb2-47f5-b859-625d68fdf594" /><UnitTestResult executionId="70c343c1-7c2b-43c4-bbf3-05a0a9339a28" testId="01bbdcec-f71e-46d3-9af6-b7c02b130248" testName="Patch_InvalidPropertyNameReturnsBadRequest" computerName="VECTOR" duration="00:00:00.1080000" startTime="2018-08-14T16:46:41.4464220-04:00" endTime="2018-08-14T16:46:41.4464337-04:00" testType="13cdc9d9-ddb5-4fa4-a97d-d965ccfc6d4b" outcome="Passed" testListId="8c84fa94-04c1-424b-9868-57a2d4851a1d" relativeResultsDirectory="70c343c1-7c2b-43c4-bbf3-05a0a9339a28" /><UnitTestResult executionId="5ac09881-268c-47e1-8fa3-ce6778e9117b" testId="a24578e3-f3be-4d30-bec9-eed918147847" testName="Patch_MultipleInvalidReferencePropertiesReturnsMultipleValidationErrorsAndBadRequest" computerName="VECTOR" duration="00:00:00.0460000" startTime="2018-08-14T16:46:55.5901721-04:00" endTime="2018-08-14T16:46:55.5901781-04:00" testType="13cdc9d9-ddb5-4fa4-a97d-d965ccfc6d4b" outcome="Passed" testListId="8c84fa94-04c1-424b-9868-57a2d4851a1d" relativeResultsDirectory="5ac09881-268c-47e1-8fa3-ce6778e9117b" /><UnitTestResult executionId="3f29c19e-a30b-491e-9ff0-dfebb1877911" testId="ae83a5ef-5a5b-42e9-9f91-f6a0a6543961" testName="GetSingle_ValidIdPropertyValueReturnsCorrectModel" computerName="VECTOR" duration="00:00:00.0230000" startTime="2018-08-14T16:47:16.8439140-04:00" endTime="2018-08-14T16:47:16.8439199-04:00" testType="13cdc9d9-ddb5-4fa4-a97d-d965ccfc6d4b" outcome="Passed" testListId="8c84fa94-04c1-424b-9868-57a2d4851a1d" relativeResultsDirectory="3f29c19e-a30b-491e-9ff0-dfebb1877911" /><UnitTestResult executionId="23464e3c-6eb3-4a18-8b01-5501d9fbc802" testId="2642c6b5-8853-4e8f-855e-647f4cc1640d" testName="Post_ValidReferencePropertyCreatesModel" computerName="VECTOR" duration="00:00:00.1750000" startTime="2018-08-14T16:46:45.3610663-04:00" endTime="2018-08-14T16:46:45.3610726-04:00" testType="13cdc9d9-ddb5-4fa4-a97d-d965ccfc6d4b" outcome="Passed" testListId="8c84fa94-04c1-424b-9868-57a2d4851a1d" relativeResultsDirectory="23464e3c-6eb3-4a18-8b01-5501d9fbc802" /><UnitTestResult executionId="c2943195-ef08-481f-86b8-ce45ae82d14f" testId="ff161c54-af0b-43a0-84d9-9b5324cfc359" testName="Post_InvalidReferencePropertyReturnsBadRequest" computerName="VECTOR" duration="00:00:00.0190000" startTime="2018-08-14T16:47:17.3113517-04:00" endTime="2018-08-14T16:47:17.3113560-04:00" testType="13cdc9d9-ddb5-4fa4-a97d-d965ccfc6d4b" outcome="Passed" testListId="8c84fa94-04c1-424b-9868-57a2d4851a1d" relativeResultsDirectory="c2943195-ef08-481f-86b8-ce45ae82d14f" /><UnitTestResult executionId="9efa5f3c-8aff-4e5b-92e4-621a6deaa867" testId="78637832-6168-47c9-9e4b-fc7bb80b38ff" testName="PostFile_FileTimeStampIsUpdatedAfterFileIsPosted" computerName="VECTOR" duration="00:00:01.5380000" startTime="2018-08-14T16:47:13.2496664-04:00" endTime="2018-08-14T16:47:13.2496845-04:00" testType="13cdc9d9-ddb5-4fa4-a97d-d965ccfc6d4b" outcome="Passed" testListId="8c84fa94-04c1-424b-9868-57a2d4851a1d" relativeResultsDirectory="9efa5f3c-8aff-4e5b-92e4-621a6deaa867" /><UnitTestResult executionId="6363f7b3-989f-4f51-b55f-0f3278f4313f" testId="7a188967-c407-4fa0-a7f1-b1bf37696eb7" testName="GetSingle_InvalidIdPropertyValueReturnsNotFound" computerName="VECTOR" duration="00:00:00.0180000" startTime="2018-08-14T16:46:42.4892329-04:00" endTime="2018-08-14T16:46:42.4892396-04:00" testType="13cdc9d9-ddb5-4fa4-a97d-d965ccfc6d4b" outcome="Passed" testListId="8c84fa94-04c1-424b-9868-57a2d4851a1d" relativeResultsDirectory="6363f7b3-989f-4f51-b55f-0f3278f4313f" /><UnitTestResult executionId="6e934eb9-8177-4007-a2fc-c50347d89bb9" testId="a4a8c097-9cd4-4368-8102-9811601ff1d3" testName="FileRequest_MeshGenerateSetsFileIsSynchronized" computerName="VECTOR" duration="00:00:05.5400000" startTime="2018-08-14T16:47:08.0164918-04:00" endTime="2018-08-14T16:47:08.0164978-04:00" testType="13cdc9d9-ddb5-4fa4-a97d-d965ccfc6d4b" outcome="Passed" testListId="8c84fa94-04c1-424b-9868-57a2d4851a1d" relativeResultsDirectory="6e934eb9-8177-4007-a2fc-c50347d89bb9" /><UnitTestResult executionId="469472b8-f312-433b-a029-125915fb765b" testId="ae12c50a-f353-422d-97a4-030b00a77829" testName="Post_CanCreateNewModel" computerName="VECTOR" duration="00:00:00.1520000" startTime="2018-08-14T16:46:42.3820398-04:00" endTime="2018-08-14T16:46:42.3820458-04:00" testType="13cdc9d9-ddb5-4fa4-a97d-d965ccfc6d4b" outcome="Passed" testListId="8c84fa94-04c1-424b-9868-57a2d4851a1d" relativeResultsDirectory="469472b8-f312-433b-a029-125915fb765b" /><UnitTestResult executionId="55d91811-762f-4b3e-82e6-11ce2f56290e" testId="6c742888-1b6d-4b26-8713-3d05ec4fd10d" testName="Post_InvalidPropertyValueReturnsBadRequest" computerName="VECTOR" duration="00:00:00.0230000" startTime="2018-08-14T16:46:56.1050330-04:00" endTime="2018-08-14T16:46:56.1050395-04:00" testType="13cdc9d9-ddb5-4fa4-a97d-d965ccfc6d4b" outcome="Passed" testListId="8c84fa94-04c1-424b-9868-57a2d4851a1d" relativeResultsDirectory="55d91811-762f-4b3e-82e6-11ce2f56290e" /><UnitTestResult executionId="630b418a-f73a-4a77-b034-4f5ba314c070" testId="61ccc0d0-8045-4562-997d-8b49430fcec4" testName="GetSingle_InvalidIdPropertyValueReturnsNotFound" computerName="VECTOR" duration="00:00:00.0260000" startTime="2018-08-14T16:46:55.5144205-04:00" endTime="2018-08-14T16:46:55.5144258-04:00" testType="13cdc9d9-ddb5-4fa4-a97d-d965ccfc6d4b" outcome="Passed" testListId="8c84fa94-04c1-424b-9868-57a2d4851a1d" relativeResultsDirectory="630b418a-f73a-4a77-b034-4f5ba314c070" /><UnitTestResult executionId="1b591810-1ff3-41a5-9ee3-9b1cc87e88f1" testId="160c477d-c8a6-41fe-928b-f2f18beecb66" testName="Patch_InvalidEnumPropertyValueReturnsBadRequest" computerName="VECTOR" duration="00:00:00.0190000" startTime="2018-08-14T16:46:45.4495874-04:00" endTime="2018-08-14T16:46:45.4495941-04:00" testType="13cdc9d9-ddb5-4fa4-a97d-d965ccfc6d4b" outcome="Passed" testListId="8c84fa94-04c1-424b-9868-57a2d4851a1d" relativeResultsDirectory="1b591810-1ff3-41a5-9ee3-9b1cc87e88f1" /><UnitTestResult executionId="2a21c0b6-971c-469c-b45a-49fc1a168ad9" testId="ce2e74f1-fd7f-46ae-bb26-5273d927daed" testName="PutFile_NewFileCanBePut" computerName="VECTOR" duration="00:00:00.3200000" startTime="2018-08-14T16:47:15.6902892-04:00" endTime="2018-08-14T16:47:15.6902970-04:00" testType="13cdc9d9-ddb5-4fa4-a97d-d965ccfc6d4b" outcome="Passed" testListId="8c84fa94-04c1-424b-9868-57a2d4851a1d" relativeResultsDirectory="2a21c0b6-971c-469c-b45a-49fc1a168ad9" /><UnitTestResult executionId="fdb7b4c3-f137-475e-a368-0a391f4cdfe2" testId="ce7fa854-3fc1-44bd-a7b8-75a6428aa8fb" testName="Patch_TargetPropertyIsUpdated" computerName="VECTOR" duration="00:00:00.4470000" startTime="2018-08-14T16:46:43.8779588-04:00" endTime="2018-08-14T16:46:43.8779650-04:00" testType="13cdc9d9-ddb5-4fa4-a97d-d965ccfc6d4b" outcome="Passed" testListId="8c84fa94-04c1-424b-9868-57a2d4851a1d" relativeResultsDirectory="fdb7b4c3-f137-475e-a368-0a391f4cdfe2" /><UnitTestResult executionId="1ba51feb-b53f-4699-bfe8-11f83d0ecd23" testId="508be7a1-b266-48c9-bea0-5964fd5eb46c" testName="CameraHasExpectedDependentFiles" computerName="VECTOR" duration="00:00:00.0010000" startTime="2018-08-14T16:46:40.7027083-04:00" endTime="2018-08-14T16:46:40.7027098-04:00" testType="13cdc9d9-ddb5-4fa4-a97d-d965ccfc6d4b" outcome="Passed" testListId="8c84fa94-04c1-424b-9868-57a2d4851a1d" relativeResultsDirectory="1ba51feb-b53f-4699-bfe8-11f83d0ecd23" /><UnitTestResult executionId="c55aeca6-d925-47bd-96d1-86d7e4d5ce34" testId="148f324b-4342-448f-8ce3-0985c9a67499" testName="Patch_MultipleInvalidReferencePropertiesReturnsMultipleValidationErrorsAndBadRequest" computerName="VECTOR" duration="00:00:00.0480000" startTime="2018-08-14T16:46:45.4101809-04:00" endTime="2018-08-14T16:46:45.4101875-04:00" testType="13cdc9d9-ddb5-4fa4-a97d-d965ccfc6d4b" outcome="Passed" testListId="8c84fa94-04c1-424b-9868-57a2d4851a1d" relativeResultsDirectory="c55aeca6-d925-47bd-96d1-86d7e4d5ce34" /><UnitTestResult executionId="b3c16e37-b1c8-47d4-a0db-8e080e7a7198" testId="965b4b33-ab88-4c60-ae62-6d13ad326dcc" testName="Put_CanUpdateModel" computerName="VECTOR" duration="00:00:00.4760000" startTime="2018-08-14T16:46:42.9656422-04:00" endTime="2018-08-14T16:46:42.9656550-04:00" testType="13cdc9d9-ddb5-4fa4-a97d-d965ccfc6d4b" outcome="Passed" testListId="8c84fa94-04c1-424b-9868-57a2d4851a1d" relativeResultsDirectory="b3c16e37-b1c8-47d4-a0db-8e080e7a7198" /><UnitTestResult executionId="53933952-29b8-4e71-b6ab-21ca1e73f86c" testId="d2d469f1-5475-4ac7-9799-f2e2e6a94a02" testName="Patch_ValidReferencePropertyUpdatesModel" computerName="VECTOR" duration="00:00:01.0250000" startTime="2018-08-14T16:46:53.5073289-04:00" endTime="2018-08-14T16:46:53.5073353-04:00" testType="13cdc9d9-ddb5-4fa4-a97d-d965ccfc6d4b" outcome="Passed" testListId="8c84fa94-04c1-424b-9868-57a2d4851a1d" relativeResultsDirectory="53933952-29b8-4e71-b6ab-21ca1e73f86c" /><UnitTestResult executionId="e9ae0bae-267c-48fa-951f-03d11c44e78d" testId="fbe788fd-bb9a-4f76-ab67-710c1c53e4e7" testName="Put_InvalidReferencePropertyReturndBadRequest" computerName="VECTOR" duration="00:00:00.0470000" startTime="2018-08-14T16:46:56.0815794-04:00" endTime="2018-08-14T16:46:56.0815852-04:00" testType="13cdc9d9-ddb5-4fa4-a97d-d965ccfc6d4b" outcome="Passed" testListId="8c84fa94-04c1-424b-9868-57a2d4851a1d" relativeResultsDirectory="e9ae0bae-267c-48fa-951f-03d11c44e78d" /><UnitTestResult executionId="3be3d451-3f07-4e30-a918-057d3840b4cd" testId="61d28f95-b325-4424-a993-409b0c55f396" testName="Post_CanCreateNewModel" computerName="VECTOR" duration="00:00:00.1710000" startTime="2018-08-14T16:47:17.0151951-04:00" endTime="2018-08-14T16:47:17.0152013-04:00" testType="13cdc9d9-ddb5-4fa4-a97d-d965ccfc6d4b" outcome="Passed" testListId="8c84fa94-04c1-424b-9868-57a2d4851a1d" relativeResultsDirectory="3be3d451-3f07-4e30-a918-057d3840b4cd" /><UnitTestResult executionId="8d610820-c975-4b7b-9f86-5285c71c9edc" testId="20f0dab1-b597-401a-98e0-4edc3a0e2399" testName="PostFile_NewFileCanBePosted" computerName="VECTOR" duration="00:00:00.3620000" startTime="2018-08-14T16:47:02.4755301-04:00" endTime="2018-08-14T16:47:02.4755417-04:00" testType="13cdc9d9-ddb5-4fa4-a97d-d965ccfc6d4b" outcome="Passed" testListId="8c84fa94-04c1-424b-9868-57a2d4851a1d" relativeResultsDirectory="8d610820-c975-4b7b-9f86-5285c71c9edc" /><UnitTestResult executionId="4ac551e7-fd3f-43f4-ba71-f646a78ddd28" testId="e8442a39-9234-457e-9198-4ef108aba11d" testName="Post_CanCreateNewModel" computerName="VECTOR" duration="00:00:00.2300000" startTime="2018-08-14T16:47:09.6329837-04:00" endTime="2018-08-14T16:47:09.6329900-04:00" testType="13cdc9d9-ddb5-4fa4-a97d-d965ccfc6d4b" outcome="Passed" testListId="8c84fa94-04c1-424b-9868-57a2d4851a1d" relativeResultsDirectory="4ac551e7-fd3f-43f4-ba71-f646a78ddd28" /><UnitTestResult executionId="e076d237-f3e1-48a9-a331-6ac815e583be" testId="1535b671-fe5a-4af5-87f5-bd8d1d0b998a" testName="Delete_TargetModelIsDeleted" computerName="VECTOR" duration="00:00:00.1880000" startTime="2018-08-14T16:47:17.2418464-04:00" endTime="2018-08-14T16:47:17.2418523-04:00" testType="13cdc9d9-ddb5-4fa4-a97d-d965ccfc6d4b" outcome="Passed" testListId="8c84fa94-04c1-424b-9868-57a2d4851a1d" relativeResultsDirectory="e076d237-f3e1-48a9-a331-6ac815e583be" /><UnitTestResult executionId="0b9dff6a-f44d-4216-b82d-e58101adc4bb" testId="b69a92ab-420b-4b49-b5a8-368515b5d6ce" testName="PutFile_FileCanBeUpdated" computerName="VECTOR" duration="00:00:00.5570000" startTime="2018-08-14T16:47:00.5756216-04:00" endTime="2018-08-14T16:47:00.5756279-04:00" testType="13cdc9d9-ddb5-4fa4-a97d-d965ccfc6d4b" outcome="Passed" testListId="8c84fa94-04c1-424b-9868-57a2d4851a1d" relativeResultsDirectory="0b9dff6a-f44d-4216-b82d-e58101adc4bb" /><UnitTestResult executionId="6c44c6c5-5659-4556-a210-7ff1dd601ade" testId="e92157f1-027a-4190-a206-139c09d8af29" testName="Put_InvalidReferencePropertyReturndBadRequest" computerName="VECTOR" duration="00:00:00.0360000" startTime="2018-08-14T16:47:17.6937527-04:00" endTime="2018-08-14T16:47:17.6937622-04:00" testType="13cdc9d9-ddb5-4fa4-a97d-d965ccfc6d4b" outcome="Passed" testListId="8c84fa94-04c1-424b-9868-57a2d4851a1d" relativeResultsDirectory="6c44c6c5-5659-4556-a210-7ff1dd601ade" /><UnitTestResult executionId="4ed8ae47-4450-45d5-9c84-f5b1eb3bef31" testId="62ce3935-0ff4-47f3-943d-fe2caf7744bd" testName="Patch_InvalidEnumPropertyValueReturnsBadRequest" computerName="VECTOR" duration="00:00:00.0120000" startTime="2018-08-14T16:47:17.2754244-04:00" endTime="2018-08-14T16:47:17.2754291-04:00" testType="13cdc9d9-ddb5-4fa4-a97d-d965ccfc6d4b" outcome="Passed" testListId="8c84fa94-04c1-424b-9868-57a2d4851a1d" relativeResultsDirectory="4ed8ae47-4450-45d5-9c84-f5b1eb3bef31" /><UnitTestResult executionId="e8407c23-69fd-4f3e-befa-777c08c360c0" testId="ed76a1f7-fd1a-4240-bb89-87d7ef40c79d" testName="GetList_ListReturnsCorrectCount" computerName="VECTOR" duration="00:00:00.0270000" startTime="2018-08-14T16:46:42.9932143-04:00" endTime="2018-08-14T16:46:42.9932206-04:00" testType="13cdc9d9-ddb5-4fa4-a97d-d965ccfc6d4b" outcome="Passed" testListId="8c84fa94-04c1-424b-9868-57a2d4851a1d" relativeResultsDirectory="e8407c23-69fd-4f3e-befa-777c08c360c0" /><UnitTestResult executionId="65e85156-80da-42f7-a47f-9cced7c2fcbf" testId="9d098e4d-17d2-418c-af3d-bc5cbc7a6c03" testName="Post_InvalidPropertyValueReturnsBadRequest" computerName="VECTOR" duration="00:00:00.0180000" startTime="2018-08-14T16:46:43.0578432-04:00" endTime="2018-08-14T16:46:43.0578488-04:00" testType="13cdc9d9-ddb5-4fa4-a97d-d965ccfc6d4b" outcome="Passed" testListId="8c84fa94-04c1-424b-9868-57a2d4851a1d" relativeResultsDirectory="65e85156-80da-42f7-a47f-9cced7c2fcbf" /><UnitTestResult executionId="b440da4c-545d-45b8-b8c3-d8bacbc06991" testId="f7a05d00-3b64-4c3d-a815-77c2065bf926" testName="GetList_ListReturnsCorrectCount" computerName="VECTOR" duration="00:00:00.0200000" startTime="2018-08-14T16:46:45.4304386-04:00" endTime="2018-08-14T16:46:45.4304484-04:00" testType="13cdc9d9-ddb5-4fa4-a97d-d965ccfc6d4b" outcome="Passed" testListId="8c84fa94-04c1-424b-9868-57a2d4851a1d" relativeResultsDirectory="b440da4c-545d-45b8-b8c3-d8bacbc06991" /><UnitTestResult executionId="9fdba80b-27d5-45f2-bb02-0a24a1539eb9" testId="89037e73-3994-4acb-b9d4-ff6c2e882d16" testName="PostFile_NewFileCanBePosted" computerName="VECTOR" duration="00:00:00.3050000" startTime="2018-08-14T16:46:47.8992294-04:00" endTime="2018-08-14T16:46:47.8992357-04:00" testType="13cdc9d9-ddb5-4fa4-a97d-d965ccfc6d4b" outcome="Passed" testListId="8c84fa94-04c1-424b-9868-57a2d4851a1d" relativeResultsDirectory="9fdba80b-27d5-45f2-bb02-0a24a1539eb9" /><UnitTestResult executionId="8d8ece1c-739d-4031-8d1d-55769552090e" testId="5f6383bd-8ff0-4fa8-b410-c337f23192f1" testName="GetList_ListReturnsCorrectCount" computerName="VECTOR" duration="00:00:00.0210000" startTime="2018-08-14T16:47:17.2636825-04:00" endTime="2018-08-14T16:47:17.2636885-04:00" testType="13cdc9d9-ddb5-4fa4-a97d-d965ccfc6d4b" outcome="Passed" testListId="8c84fa94-04c1-424b-9868-57a2d4851a1d" relativeResultsDirectory="8d8ece1c-739d-4031-8d1d-55769552090e" /><UnitTestResult executionId="798fd5c4-59e9-4a70-b8f1-1c3bf0639c48" testId="e54c6f3a-c678-45d0-bf44-20fae71566e2" testName="Delete_TargetModelIsDeleted" computerName="VECTOR" duration="00:00:00.3640000" startTime="2018-08-14T16:46:41.8422815-04:00" endTime="2018-08-14T16:46:41.8422916-04:00" testType="13cdc9d9-ddb5-4fa4-a97d-d965ccfc6d4b" outcome="Passed" testListId="8c84fa94-04c1-424b-9868-57a2d4851a1d" relativeResultsDirectory="798fd5c4-59e9-4a70-b8f1-1c3bf0639c48" /><UnitTestResult executionId="6e728cb3-e734-49e0-95ba-d248ffd22e2a" testId="db0ff877-68d3-4f93-a6d8-048a391ba83a" testName="GetFile_NonExistentFileReturnsNotFound" computerName="VECTOR" duration="00:00:00.0290000" startTime="2018-08-14T16:47:15.3699785-04:00" endTime="2018-08-14T16:47:15.3699889-04:00" testType="13cdc9d9-ddb5-4fa4-a97d-d965ccfc6d4b" outcome="Passed" testListId="8c84fa94-04c1-424b-9868-57a2d4851a1d" relativeResultsDirectory="6e728cb3-e734-49e0-95ba-d248ffd22e2a" /><UnitTestResult executionId="48aee0d3-d517-4852-b521-fa75d0426110" testId="9797601c-08ed-40d4-ad31-73e5f5a6f370" testName="Model3dHasExpectedDependentFiles" computerName="VECTOR" duration="00:00:00.0350000" startTime="2018-08-14T16:46:40.2917610-04:00" endTime="2018-08-14T16:46:40.2917726-04:00" testType="13cdc9d9-ddb5-4fa4-a97d-d965ccfc6d4b" outcome="Passed" testListId="8c84fa94-04c1-424b-9868-57a2d4851a1d" relativeResultsDirectory="48aee0d3-d517-4852-b521-fa75d0426110" /><UnitTestResult executionId="c6f45ed9-d1a2-42ca-a341-44e46d0073a7" testId="b599f87c-dc51-49f1-be2c-a3be97eafffe" testName="Patch_TargetPropertyIsUpdated" computerName="VECTOR" duration="00:00:00.4240000" startTime="2018-08-14T16:46:55.1600815-04:00" endTime="2018-08-14T16:46:55.1600883-04:00" testType="13cdc9d9-ddb5-4fa4-a97d-d965ccfc6d4b" outcome="Passed" testListId="8c84fa94-04c1-424b-9868-57a2d4851a1d" relativeResultsDirectory="c6f45ed9-d1a2-42ca-a341-44e46d0073a7" /><UnitTestResult executionId="a93e84ca-c291-4a4d-876a-806f13a2d19f" testId="aee1d4fb-1075-4158-a6c7-f4ba7c8cf927" testName="Put_InvalidReferencePropertyReturndBadRequest" computerName="VECTOR" duration="00:00:00.0320000" startTime="2018-08-14T16:46:49.9839738-04:00" endTime="2018-08-14T16:46:49.9839796-04:00" testType="13cdc9d9-ddb5-4fa4-a97d-d965ccfc6d4b" outcome="Passed" testListId="8c84fa94-04c1-424b-9868-57a2d4851a1d" relativeResultsDirectory="a93e84ca-c291-4a4d-876a-806f13a2d19f" /><UnitTestResult executionId="29134f69-2e92-41c6-8e38-35d785478a87" testId="6d8a5d5e-60c7-42bc-93e8-03e3e9ee76d4" testName="PostFile_FileTimeStampIsUpdatedAfterFileIsPosted" computerName="VECTOR" duration="00:00:00.0140000" startTime="2018-08-14T16:46:45.9308773-04:00" endTime="2018-08-14T16:46:45.9308901-04:00" testType="13cdc9d9-ddb5-4fa4-a97d-d965ccfc6d4b" outcome="Passed" testListId="8c84fa94-04c1-424b-9868-57a2d4851a1d" relativeResultsDirectory="29134f69-2e92-41c6-8e38-35d785478a87" /><UnitTestResult executionId="a8bb5152-a745-4eb5-b7a7-7071b031bad2" testId="b7f10548-9670-45f0-adfc-2e3e4ad5aedb" testName="Patch_ValidReferencePropertyUpdatesModel" computerName="VECTOR" duration="00:00:00.3010000" startTime="2018-08-14T16:46:44.8279258-04:00" endTime="2018-08-14T16:46:44.8279328-04:00" testType="13cdc9d9-ddb5-4fa4-a97d-d965ccfc6d4b" outcome="Passed" testListId="8c84fa94-04c1-424b-9868-57a2d4851a1d" relativeResultsDirectory="a8bb5152-a745-4eb5-b7a7-7071b031bad2" /><UnitTestResult executionId="d303ca35-3f90-4d69-bfa8-d8a17b85f2f9" testId="4f29bfd5-b50d-48ff-8b74-2bacfa34bc41" testName="MeshTransformHasExpectedDependentFiles" computerName="VECTOR" duration="00:00:00.0010000" startTime="2018-08-14T16:46:40.7030089-04:00" endTime="2018-08-14T16:46:40.7030141-04:00" testType="13cdc9d9-ddb5-4fa4-a97d-d965ccfc6d4b" outcome="Passed" testListId="8c84fa94-04c1-424b-9868-57a2d4851a1d" relativeResultsDirectory="d303ca35-3f90-4d69-bfa8-d8a17b85f2f9" /><UnitTestResult executionId="160e86bf-40ab-4014-b351-6981431307aa" testId="a80cd02c-a190-4dfd-96d5-081420188fe8" testName="Post_InvalidReferencePropertyReturnsBadRequest" computerName="VECTOR" duration="00:00:00.0220000" startTime="2018-08-14T16:47:10.5154426-04:00" endTime="2018-08-14T16:47:10.5154488-04:00" testType="13cdc9d9-ddb5-4fa4-a97d-d965ccfc6d4b" outcome="Passed" testListId="8c84fa94-04c1-424b-9868-57a2d4851a1d" relativeResultsDirectory="160e86bf-40ab-4014-b351-6981431307aa" /><UnitTestResult executionId="c6a810d7-c35a-4fbd-a4a5-7ef39ae5cf58" testId="f6a01fe5-1736-4932-9353-68e7f57284a8" testName="Patch_TargetPropertyIsUpdated" computerName="VECTOR" duration="00:00:00.3240000" startTime="2018-08-14T16:46:50.6848274-04:00" endTime="2018-08-14T16:46:50.6848339-04:00" testType="13cdc9d9-ddb5-4fa4-a97d-d965ccfc6d4b" outcome="Passed" testListId="8c84fa94-04c1-424b-9868-57a2d4851a1d" relativeResultsDirectory="c6a810d7-c35a-4fbd-a4a5-7ef39ae5cf58" /><UnitTestResult executionId="ddba7c30-16a4-4d2e-9590-f6dff888916d" testId="039355bc-9bd8-414d-a8d9-020046082b7d" testName="Patch_InvalidPropertyNameReturnsBadRequest" computerName="VECTOR" duration="00:00:00.0290000" startTime="2018-08-14T16:46:48.6728887-04:00" endTime="2018-08-14T16:46:48.6729006-04:00" testType="13cdc9d9-ddb5-4fa4-a97d-d965ccfc6d4b" outcome="Passed" testListId="8c84fa94-04c1-424b-9868-57a2d4851a1d" relativeResultsDirectory="ddba7c30-16a4-4d2e-9590-f6dff888916d" /><UnitTestResult executionId="2020b390-3351-4da5-8d5f-8f76519a8908" testId="34af829c-3b31-4b45-a6ca-6b14d36f906e" testName="Put_InvalidIdReturnsNotFound" computerName="VECTOR" duration="00:00:00.0550000" startTime="2018-08-14T16:46:42.4370310-04:00" endTime="2018-08-14T16:46:42.4370370-04:00" testType="13cdc9d9-ddb5-4fa4-a97d-d965ccfc6d4b" outcome="Passed" testListId="8c84fa94-04c1-424b-9868-57a2d4851a1d" relativeResultsDirectory="2020b390-3351-4da5-8d5f-8f76519a8908" /><UnitTestResult executionId="3d6c71bc-1967-462c-8730-c7552be79476" testId="3868fcd3-e795-495b-b61a-d32944ef1c5f" testName="Put_CanUpdateModel" computerName="VECTOR" duration="00:00:00.4840000" startTime="2018-08-14T16:46:51.1692120-04:00" endTime="2018-08-14T16:46:51.1692182-04:00" testType="13cdc9d9-ddb5-4fa4-a97d-d965ccfc6d4b" outcome="Passed" testListId="8c84fa94-04c1-424b-9868-57a2d4851a1d" relativeResultsDirectory="3d6c71bc-1967-462c-8730-c7552be79476" /><UnitTestResult executionId="915922c5-7883-4baa-b69e-aa1d361cb6d4" testId="077fd5f4-63d5-47df-94af-67ffe4f4730b" testName="FileRequest_FileCanBeReadAfterRename" computerName="VECTOR" duration="00:00:00.4820000" startTime="2018-08-14T16:47:14.2154393-04:00" endTime="2018-08-14T16:47:14.2154459-04:00" testType="13cdc9d9-ddb5-4fa4-a97d-d965ccfc6d4b" outcome="Passed" testListId="8c84fa94-04c1-424b-9868-57a2d4851a1d" relativeResultsDirectory="915922c5-7883-4baa-b69e-aa1d361cb6d4" /><UnitTestResult executionId="92f4f599-1ad4-4c8e-bb17-113e14a64717" testId="77547079-d66e-463f-bc9f-0045e299c950" testName="Put_InvalidIdReturnsNotFound" computerName="VECTOR" duration="00:00:00.2360000" startTime="2018-08-14T16:46:48.6433385-04:00" endTime="2018-08-14T16:46:48.6433507-04:00" testType="13cdc9d9-ddb5-4fa4-a97d-d965ccfc6d4b" outcome="Passed" testListId="8c84fa94-04c1-424b-9868-57a2d4851a1d" relativeResultsDirectory="92f4f599-1ad4-4c8e-bb17-113e14a64717" /><UnitTestResult executionId="cf7c5174-5976-4e67-ba47-6880cfcd2f2b" testId="8123531c-0f6d-4f9b-8c27-77845111d2b2" testName="Post_InvalidPropertyValueReturnsBadRequest" computerName="VECTOR" duration="00:00:00.0170000" startTime="2018-08-14T16:47:10.5874622-04:00" endTime="2018-08-14T16:47:10.5874703-04:00" testType="13cdc9d9-ddb5-4fa4-a97d-d965ccfc6d4b" outcome="Passed" testListId="8c84fa94-04c1-424b-9868-57a2d4851a1d" relativeResultsDirectory="cf7c5174-5976-4e67-ba47-6880cfcd2f2b" /><UnitTestResult executionId="2ea6d72f-d061-4081-abd7-6867c723b06c" testId="c8728916-5c9e-4e97-8574-1fa20d13d1a7" testName="Patch_ValidReferencePropertyUpdatesModel" computerName="VECTOR" duration="00:00:00.3550000" startTime="2018-08-14T16:47:18.3239034-04:00" endTime="2018-08-14T16:47:18.3239099-04:00" testType="13cdc9d9-ddb5-4fa4-a97d-d965ccfc6d4b" outcome="Passed" testListId="8c84fa94-04c1-424b-9868-57a2d4851a1d" relativeResultsDirectory="2ea6d72f-d061-4081-abd7-6867c723b06c" /><UnitTestResult executionId="5341208b-cec9-4ed3-bc9e-ef60cee00dbc" testId="6c47add5-fed2-4f25-b567-6ce58ab90608" testName="PutFile_NewFileCanBePut" computerName="VECTOR" duration="00:00:00.3390000" startTime="2018-08-14T16:46:46.2704110-04:00" endTime="2018-08-14T16:46:46.2704173-04:00" testType="13cdc9d9-ddb5-4fa4-a97d-d965ccfc6d4b" outcome="Passed" testListId="8c84fa94-04c1-424b-9868-57a2d4851a1d" relativeResultsDirectory="5341208b-cec9-4ed3-bc9e-ef60cee00dbc" /><UnitTestResult executionId="04330013-ea43-439e-9833-c7dd449368cf" testId="385e8282-8372-4186-a69c-a2452b913d35" testName="Put_InvalidIdReturnsNotFound" computerName="VECTOR" duration="00:00:00.0430000" startTime="2018-08-14T16:46:44.4740779-04:00" endTime="2018-08-14T16:46:44.4740845-04:00" testType="13cdc9d9-ddb5-4fa4-a97d-d965ccfc6d4b" outcome="Passed" testListId="8c84fa94-04c1-424b-9868-57a2d4851a1d" relativeResultsDirectory="04330013-ea43-439e-9833-c7dd449368cf" /><UnitTestResult executionId="fc170177-dad3-4dc1-8d39-f424a2e8ffa9" testId="e93e0494-ed77-4bcb-a629-e6e385f4091e" testName="Put_ValidReferencePropertyUpdatesModel" computerName="VECTOR" duration="00:00:00.3410000" startTime="2018-08-14T16:46:54.7015511-04:00" endTime="2018-08-14T16:46:54.7015644-04:00" testType="13cdc9d9-ddb5-4fa4-a97d-d965ccfc6d4b" outcome="Passed" testListId="8c84fa94-04c1-424b-9868-57a2d4851a1d" relativeResultsDirectory="fc170177-dad3-4dc1-8d39-f424a2e8ffa9" /><UnitTestResult executionId="c8c29f45-e3c6-4986-b941-c174ecf46f5e" testId="a4ab8d5e-126f-4a64-8ffa-d8f8468afe37" testName="Post_InvalidReferencePropertyReturnsBadRequest" computerName="VECTOR" duration="00:00:00.3710000" startTime="2018-08-14T16:46:43.4304079-04:00" endTime="2018-08-14T16:46:43.4304200-04:00" testType="13cdc9d9-ddb5-4fa4-a97d-d965ccfc6d4b" outcome="Passed" testListId="8c84fa94-04c1-424b-9868-57a2d4851a1d" relativeResultsDirectory="c8c29f45-e3c6-4986-b941-c174ecf46f5e" /><UnitTestResult executionId="a1ff4cdb-1f8b-4191-b7a1-fd06b8c7ffaa" testId="8034ac10-c8e7-4772-9b4b-a841b1461749" testName="Post_ValidReferencePropertyCreatesModel" computerName="VECTOR" duration="00:00:00.0190000" startTime="2018-08-14T16:46:41.4696621-04:00" endTime="2018-08-14T16:46:41.4696642-04:00" testType="13cdc9d9-ddb5-4fa4-a97d-d965ccfc6d4b" outcome="Passed" testListId="8c84fa94-04c1-424b-9868-57a2d4851a1d" relativeResultsDirectory="a1ff4cdb-1f8b-4191-b7a1-fd06b8c7ffaa" /><UnitTestResult executionId="6fbdf3bf-9839-40cc-967d-b8c74b2620ae" testId="678538c9-6e7d-42fe-aa68-a2e77cfb6193" testName="Post_CanCreateNewModel" computerName="VECTOR" duration="00:00:00.2010000" startTime="2018-08-14T16:46:49.2022759-04:00" endTime="2018-08-14T16:46:49.2022827-04:00" testType="13cdc9d9-ddb5-4fa4-a97d-d965ccfc6d4b" outcome="Passed" testListId="8c84fa94-04c1-424b-9868-57a2d4851a1d" relativeResultsDirectory="6fbdf3bf-9839-40cc-967d-b8c74b2620ae" /></Results><TestDefinitions><UnitTest name="GetSingle_ValidIdPropertyValueReturnsCorrectModel" storage="d:\modelrelief\modelrelief.test\bin\debug\netcoreapp2.0\modelrelief.test.dll" id="ae83a5ef-5a5b-42e9-9f91-f6a0a6543961"><Execution id="3f29c19e-a30b-491e-9ff0-dfebb1877911" /><TestMethod codeBase="D:\ModelRelief\ModelRelief.test\bin\Debug\netcoreapp2.0\ModelRelief.Test.dll" adapterTypeName="executor://xunit/VsTestRunner2/netcoreapp" className="ModelRelief.Test.Integration.Cameras.CamerasBaseIntegrationTests" name="GetSingle_ValidIdPropertyValueReturnsCorrectModel" /></UnitTest><UnitTest name="Delete_TargetModelIsDeleted" storage="d:\modelrelief\modelrelief.test\bin\debug\netcoreapp2.0\modelrelief.test.dll" id="2901138b-c4e2-4810-92f6-467eb552df47"><Execution id="b6f640eb-de04-40fa-a6ea-b31ca6689eda" /><TestMethod codeBase="D:\ModelRelief\ModelRelief.test\bin\Debug\netcoreapp2.0\ModelRelief.Test.dll" adapterTypeName="executor://xunit/VsTestRunner2/netcoreapp" className="ModelRelief.Test.Integration.Models.ModelsBaseIntegrationTests" name="Delete_TargetModelIsDeleted" /></UnitTest><UnitTest name="Patch_InvalidEnumPropertyValueReturnsBadRequest" storage="d:\modelrelief\modelrelief.test\bin\debug\netcoreapp2.0\modelrelief.test.dll" id="2bcbaa96-f1b2-4d94-85ad-88f292f7b152"><Execution id="8347cab5-18c2-411e-a76c-7e1977641d64" /><TestMethod codeBase="D:\ModelRelief\ModelRelief.test\bin\Debug\netcoreapp2.0\ModelRelief.Test.dll" adapterTypeName="executor://xunit/VsTestRunner2/netcoreapp" className="ModelRelief.Test.Integration.MeshTransforms.MeshTransformsBaseIntegrationTests" name="Patch_InvalidEnumPropertyValueReturnsBadRequest" /></UnitTest><UnitTest name="Put_ValidReferencePropertyUpdatesModel" storage="d:\modelrelief\modelrelief.test\bin\debug\netcoreapp2.0\modelrelief.test.dll" id="24183617-22c9-4391-af1b-39102789b3d3"><Execution id="d8813611-1674-4e48-aee6-825da87e3d8a" /><TestMethod codeBase="D:\ModelRelief\ModelRelief.test\bin\Debug\netcoreapp2.0\ModelRelief.Test.dll" adapterTypeName="executor://xunit/VsTestRunner2/netcoreapp" className="ModelRelief.Test.Integration.Models.ModelsBaseIntegrationTests" name="Put_ValidReferencePropertyUpdatesModel" /></UnitTest><UnitTest name="PostFile_FileIsSynchronizedIsUpdatedAfterFileIsPosted" storage="d:\modelrelief\modelrelief.test\bin\debug\netcoreapp2.0\modelrelief.test.dll" id="2d59deef-c5e6-46a0-a554-740be5e21523"><Execution id="57430b61-b050-4415-a0f9-4ef7d6f0b02f" /><TestMethod codeBase="D:\ModelRelief\ModelRelief.test\bin\Debug\netcoreapp2.0\ModelRelief.Test.dll" adapterTypeName="executor://xunit/VsTestRunner2/netcoreapp" className="ModelRelief.Test.Integration.DepthBuffers.DepthBuffersFileIntegrationTests" name="PostFile_FileIsSynchronizedIsUpdatedAfterFileIsPosted" /></UnitTest><UnitTest name="Post_InvalidReferencePropertyReturnsBadRequest" storage="d:\modelrelief\modelrelief.test\bin\debug\netcoreapp2.0\modelrelief.test.dll" id="53fa5ca3-fdf6-4b98-aabd-c99f76f1c5fa"><Execution id="45745368-cfe0-4b02-8404-c34c7ca560b7" /><TestMethod codeBase="D:\ModelRelief\ModelRelief.test\bin\Debug\netcoreapp2.0\ModelRelief.Test.dll" adapterTypeName="executor://xunit/VsTestRunner2/netcoreapp" className="ModelRelief.Test.Integration.MeshTransforms.MeshTransformsBaseIntegrationTests" name="Post_InvalidReferencePropertyReturnsBadRequest" /></UnitTest><UnitTest name="Post_ValidReferencePropertyCreatesModel" storage="d:\modelrelief\modelrelief.test\bin\debug\netcoreapp2.0\modelrelief.test.dll" id="8034ac10-c8e7-4772-9b4b-a841b1461749"><Execution id="a1ff4cdb-1f8b-4191-b7a1-fd06b8c7ffaa" /><TestMethod codeBase="D:\ModelRelief\ModelRelief.test\bin\Debug\netcoreapp2.0\ModelRelief.Test.dll" adapterTypeName="executor://xunit/VsTestRunner2/netcoreapp" className="ModelRelief.Test.Integration.Projects.ProjectsBaseIntegrationTests" name="Post_ValidReferencePropertyCreatesModel" /></UnitTest><UnitTest name="Post_InvalidReferencePropertyReturnsBadRequest" storage="d:\modelrelief\modelrelief.test\bin\debug\netcoreapp2.0\modelrelief.test.dll" id="a80cd02c-a190-4dfd-96d5-081420188fe8"><Execution id="160e86bf-40ab-4014-b351-6981431307aa" /><TestMethod codeBase="D:\ModelRelief\ModelRelief.test\bin\Debug\netcoreapp2.0\ModelRelief.Test.dll" adapterTypeName="executor://xunit/VsTestRunner2/netcoreapp" className="ModelRelief.Test.Integration.DepthBuffers.DepthBuffersBaseIntegrationTests" name="Post_InvalidReferencePropertyReturnsBadRequest" /></UnitTest><UnitTest name="Post_InvalidPropertyValueReturnsBadRequest" storage="d:\modelrelief\modelrelief.test\bin\debug\netcoreapp2.0\modelrelief.test.dll" id="f6ace125-cab5-41f5-bdef-41a7da18ec17"><Execution id="6e4bd42b-9450-42e2-939d-cb414a25b4c3" /><TestMethod codeBase="D:\ModelRelief\ModelRelief.test\bin\Debug\netcoreapp2.0\ModelRelief.Test.dll" adapterTypeName="executor://xunit/VsTestRunner2/netcoreapp" className="ModelRelief.Test.Integration.Models.ModelsBaseIntegrationTests" name="Post_InvalidPropertyValueReturnsBadRequest" /></UnitTest><UnitTest name="PutFile_NewFileCanBePut" storage="d:\modelrelief\modelrelief.test\bin\debug\netcoreapp2.0\modelrelief.test.dll" id="ce2e74f1-fd7f-46ae-bb26-5273d927daed"><Execution id="2a21c0b6-971c-469c-b45a-49fc1a168ad9" /><TestMethod codeBase="D:\ModelRelief\ModelRelief.test\bin\Debug\netcoreapp2.0\ModelRelief.Test.dll" adapterTypeName="executor://xunit/VsTestRunner2/netcoreapp" className="ModelRelief.Test.Integration.DepthBuffers.DepthBuffersFileIntegrationTests" name="PutFile_NewFileCanBePut" /></UnitTest><UnitTest name="GetList_ListReturnsCorrectCount" storage="d:\modelrelief\modelrelief.test\bin\debug\netcoreapp2.0\modelrelief.test.dll" id="57386aba-235b-4eb8-a9f0-a55de560ae9f"><Execution id="4ce19341-df6f-4143-a52a-eddc7650b973" /><TestMethod codeBase="D:\ModelRelief\ModelRelief.test\bin\Debug\netcoreapp2.0\ModelRelief.Test.dll" adapterTypeName="executor://xunit/VsTestRunner2/netcoreapp" className="ModelRelief.Test.Integration.Meshes.MeshesBaseIntegrationTests" name="GetList_ListReturnsCorrectCount" /></UnitTest><UnitTest name="Patch_MultipleInvalidReferencePropertiesReturnsMultipleValidationErrorsAndBadRequest" storage="d:\modelrelief\modelrelief.test\bin\debug\netcoreapp2.0\modelrelief.test.dll" id="d4b4d62b-b71d-48af-b929-b9bc921d4cff"><Execution id="ce77338e-c8bc-47b2-8e2a-84ad986ef983" /><TestMethod codeBase="D:\ModelRelief\ModelRelief.test\bin\Debug\netcoreapp2.0\ModelRelief.Test.dll" adapterTypeName="executor://xunit/VsTestRunner2/netcoreapp" className="ModelRelief.Test.Integration.Cameras.CamerasBaseIntegrationTests" name="Patch_MultipleInvalidReferencePropertiesReturnsMultipleValidationErrorsAndBadRequest" /></UnitTest><UnitTest name="PutFile_NewFileCanBePut" storage="d:\modelrelief\modelrelief.test\bin\debug\netcoreapp2.0\modelrelief.test.dll" id="15f29686-72ae-44ab-a1f2-ada502368e23"><Execution id="89329f78-bd4f-4e2a-a8c0-764c1b84975e" /><TestMethod codeBase="D:\ModelRelief\ModelRelief.test\bin\Debug\netcoreapp2.0\ModelRelief.Test.dll" adapterTypeName="executor://xunit/VsTestRunner2/netcoreapp" className="ModelRelief.Test.Integration.Meshes.MeshesFileIntegrationTests" name="PutFile_NewFileCanBePut" /></UnitTest><UnitTest name="Patch_InvalidReferencePropertyReturnsBadRequest" storage="d:\modelrelief\modelrelief.test\bin\debug\netcoreapp2.0\modelrelief.test.dll" id="fadd0852-e529-4a6b-a9d9-d1efd1fcd49f"><Execution id="74979dc4-5628-435a-a966-74e6e8dde246" /><TestMethod codeBase="D:\ModelRelief\ModelRelief.test\bin\Debug\netcoreapp2.0\ModelRelief.Test.dll" adapterTypeName="executor://xunit/VsTestRunner2/netcoreapp" className="ModelRelief.Test.Integration.Models.ModelsBaseIntegrationTests" name="Patch_InvalidReferencePropertyReturnsBadRequest" /></UnitTest><UnitTest name="GetSingle_ValidIdPropertyValueReturnsCorrectModel" storage="d:\modelrelief\modelrelief.test\bin\debug\netcoreapp2.0\modelrelief.test.dll" id="e9f152ad-76a2-40c3-83c1-913b68b8b0ca"><Execution id="bab23119-ed29-445e-b437-d0da751acf5c" /><TestMethod codeBase="D:\ModelRelief\ModelRelief.test\bin\Debug\netcoreapp2.0\ModelRelief.Test.dll" adapterTypeName="executor://xunit/VsTestRunner2/netcoreapp" className="ModelRelief.Test.Integration.MeshTransforms.MeshTransformsBaseIntegrationTests" name="GetSingle_ValidIdPropertyValueReturnsCorrectModel" /></UnitTest><UnitTest name="GetFile_ExistingFileReturnsSuccess" storage="d:\modelrelief\modelrelief.test\bin\debug\netcoreapp2.0\modelrelief.test.dll" id="18878041-9722-40b2-8a4a-eb8b409f01fa"><Execution id="a4c86edf-a5dd-4ad3-870d-cbd71af3cee3" /><TestMethod codeBase="D:\ModelRelief\ModelRelief.test\bin\Debug\netcoreapp2.0\ModelRelief.Test.dll" adapterTypeName="executor://xunit/VsTestRunner2/netcoreapp" className="ModelRelief.Test.Integration.Models.ModelsFileIntegrationTests" name="GetFile_ExistingFileReturnsSuccess" /></UnitTest><UnitTest name="Put_InvalidReferencePropertyReturndBadRequest" storage="d:\modelrelief\modelrelief.test\bin\debug\netcoreapp2.0\modelrelief.test.dll" id="e92157f1-027a-4190-a206-139c09d8af29"><Execution id="6c44c6c5-5659-4556-a210-7ff1dd601ade" /><TestMethod codeBase="D:\ModelRelief\ModelRelief.test\bin\Debug\netcoreapp2.0\ModelRelief.Test.dll" adapterTypeName="executor://xunit/VsTestRunner2/netcoreapp" className="ModelRelief.Test.Integration.Cameras.CamerasBaseIntegrationTests" name="Put_InvalidReferencePropertyReturndBadRequest" /></UnitTest><UnitTest name="Post_InvalidReferencePropertyReturnsBadRequest" storage="d:\modelrelief\modelrelief.test\bin\debug\netcoreapp2.0\modelrelief.test.dll" id="a4ab8d5e-126f-4a64-8ffa-d8f8468afe37"><Execution id="c8c29f45-e3c6-4986-b941-c174ecf46f5e" /><TestMethod codeBase="D:\ModelRelief\ModelRelief.test\bin\Debug\netcoreapp2.0\ModelRelief.Test.dll" adapterTypeName="executor://xunit/VsTestRunner2/netcoreapp" className="ModelRelief.Test.Integration.Models.ModelsBaseIntegrationTests" name="Post_InvalidReferencePropertyReturnsBadRequest" /></UnitTest><UnitTest name="Patch_ValidReferencePropertyUpdatesModel" storage="d:\modelrelief\modelrelief.test\bin\debug\netcoreapp2.0\modelrelief.test.dll" id="d2d469f1-5475-4ac7-9799-f2e2e6a94a02"><Execution id="53933952-29b8-4e71-b6ab-21ca1e73f86c" /><TestMethod codeBase="D:\ModelRelief\ModelRelief.test\bin\Debug\netcoreapp2.0\ModelRelief.Test.dll" adapterTypeName="executor://xunit/VsTestRunner2/netcoreapp" className="ModelRelief.Test.Integration.Meshes.MeshesBaseIntegrationTests" name="Patch_ValidReferencePropertyUpdatesModel" /></UnitTest><UnitTest name="Patch_TargetPropertyIsUpdated" storage="d:\modelrelief\modelrelief.test\bin\debug\netcoreapp2.0\modelrelief.test.dll" id="202dc079-9901-48d9-8cdd-fb61ef3c13da"><Execution id="581d8483-19bb-4d38-9753-ace70a0e3e86" /><TestMethod codeBase="D:\ModelRelief\ModelRelief.test\bin\Debug\netcoreapp2.0\ModelRelief.Test.dll" adapterTypeName="executor://xunit/VsTestRunner2/netcoreapp" className="ModelRelief.Test.Integration.Cameras.CamerasBaseIntegrationTests" name="Patch_TargetPropertyIsUpdated" /></UnitTest><UnitTest name="Put_ValidReferencePropertyUpdatesModel" storage="d:\modelrelief\modelrelief.test\bin\debug\netcoreapp2.0\modelrelief.test.dll" id="9a4d5656-2489-41d1-be63-5f3b5bc92b5e"><Execution id="ea0be4f9-51bc-46b3-aca8-fd86f8dfcaeb" /><TestMethod codeBase="D:\ModelRelief\ModelRelief.test\bin\Debug\netcoreapp2.0\ModelRelief.Test.dll" adapterTypeName="executor://xunit/VsTestRunner2/netcoreapp" className="ModelRelief.Test.Integration.MeshTransforms.MeshTransformsBaseIntegrationTests" name="Put_ValidReferencePropertyUpdatesModel" /></UnitTest><UnitTest name="Put_CanUpdateModel" storage="d:\modelrelief\modelrelief.test\bin\debug\netcoreapp2.0\modelrelief.test.dll" id="c7261db1-ad00-4c2d-989f-e7bdce67d432"><Execution id="cda6090a-04a2-48a1-86a6-23890ac39e2c" /><TestMethod codeBase="D:\ModelRelief\ModelRelief.test\bin\Debug\netcoreapp2.0\ModelRelief.Test.dll" adapterTypeName="executor://xunit/VsTestRunner2/netcoreapp" className="ModelRelief.Test.Integration.Cameras.CamerasBaseIntegrationTests" name="Put_CanUpdateModel" /></UnitTest><UnitTest name="GetSingle_InvalidIdPropertyValueReturnsNotFound" storage="d:\modelrelief\modelrelief.test\bin\debug\netcoreapp2.0\modelrelief.test.dll" id="39e0ec95-5859-4111-9fc3-71b28b92d9a9"><Execution id="0062dead-a323-45ac-87df-8106f3e8964c" /><TestMethod codeBase="D:\ModelRelief\ModelRelief.test\bin\Debug\netcoreapp2.0\ModelRelief.Test.dll" adapterTypeName="executor://xunit/VsTestRunner2/netcoreapp" className="ModelRelief.Test.Integration.MeshTransforms.MeshTransformsBaseIntegrationTests" name="GetSingle_InvalidIdPropertyValueReturnsNotFound" /></UnitTest><UnitTest name="Post_InvalidReferencePropertyReturnsBadRequest" storage="d:\modelrelief\modelrelief.test\bin\debug\netcoreapp2.0\modelrelief.test.dll" id="26971a86-f83c-414c-8a61-6d634cce9bba"><Execution id="b607dadb-32f1-47a6-bed6-4b2b484c2857" /><TestMethod codeBase="D:\ModelRelief\ModelRelief.test\bin\Debug\netcoreapp2.0\ModelRelief.Test.dll" adapterTypeName="executor://xunit/VsTestRunner2/netcoreapp" className="ModelRelief.Test.Integration.Meshes.MeshesBaseIntegrationTests" name="Post_InvalidReferencePropertyReturnsBadRequest" /></UnitTest><UnitTest name="Delete_TargetModelIsDeleted" storage="d:\modelrelief\modelrelief.test\bin\debug\netcoreapp2.0\modelrelief.test.dll" id="dc82b233-4344-4e9b-960f-7648e422ea77"><Execution id="1e47f275-5139-4829-a038-25a70a2acfaf" /><TestMethod codeBase="D:\ModelRelief\ModelRelief.test\bin\Debug\netcoreapp2.0\ModelRelief.Test.dll" adapterTypeName="executor://xunit/VsTestRunner2/netcoreapp" className="ModelRelief.Test.Integration.DepthBuffers.DepthBuffersBaseIntegrationTests" name="Delete_TargetModelIsDeleted" /></UnitTest><UnitTest name="Post_InvalidPropertyValueReturnsBadRequest" storage="d:\modelrelief\modelrelief.test\bin\debug\netcoreapp2.0\modelrelief.test.dll" id="8123531c-0f6d-4f9b-8c27-77845111d2b2"><Execution id="cf7c5174-5976-4e67-ba47-6880cfcd2f2b" /><TestMethod codeBase="D:\ModelRelief\ModelRelief.test\bin\Debug\netcoreapp2.0\ModelRelief.Test.dll" adapterTypeName="executor://xunit/VsTestRunner2/netcoreapp" className="ModelRelief.Test.Integration.DepthBuffers.DepthBuffersBaseIntegrationTests" name="Post_InvalidPropertyValueReturnsBadRequest" /></UnitTest><UnitTest name="PostFile_NewFileCanBePosted" storage="d:\modelrelief\modelrelief.test\bin\debug\netcoreapp2.0\modelrelief.test.dll" id="34bfbd49-60e5-495b-9939-98146933f483"><Execution id="d8e13ee0-c9a5-41cf-b9b4-7d1fc4fc3c12" /><TestMethod codeBase="D:\ModelRelief\ModelRelief.test\bin\Debug\netcoreapp2.0\ModelRelief.Test.dll" adapterTypeName="executor://xunit/VsTestRunner2/netcoreapp" className="ModelRelief.Test.Integration.DepthBuffers.DepthBuffersFileIntegrationTests" name="PostFile_NewFileCanBePosted" /></UnitTest><UnitTest name="Patch_TargetPropertyIsUpdated" storage="d:\modelrelief\modelrelief.test\bin\debug\netcoreapp2.0\modelrelief.test.dll" id="fe12611d-69a6-41b3-b71b-c0d0aacbd83e"><Execution id="adb75ec7-aaf8-48a7-93b5-f14362920046" /><TestMethod codeBase="D:\ModelRelief\ModelRelief.test\bin\Debug\netcoreapp2.0\ModelRelief.Test.dll" adapterTypeName="executor://xunit/VsTestRunner2/netcoreapp" className="ModelRelief.Test.Integration.Projects.ProjectsBaseIntegrationTests" name="Patch_TargetPropertyIsUpdated" /></UnitTest><UnitTest name="Patch_ValidReferencePropertyUpdatesModel" storage="d:\modelrelief\modelrelief.test\bin\debug\netcoreapp2.0\modelrelief.test.dll" id="c8728916-5c9e-4e97-8574-1fa20d13d1a7"><Execution id="2ea6d72f-d061-4081-abd7-6867c723b06c" /><TestMethod codeBase="D:\ModelRelief\ModelRelief.test\bin\Debug\netcoreapp2.0\ModelRelief.Test.dll" adapterTypeName="executor://xunit/VsTestRunner2/netcoreapp" className="ModelRelief.Test.Integration.Cameras.CamerasBaseIntegrationTests" name="Patch_ValidReferencePropertyUpdatesModel" /></UnitTest><UnitTest name="Patch_InvalidIdPropertyReturnsNotFound" storage="d:\modelrelief\modelrelief.test\bin\debug\netcoreapp2.0\modelrelief.test.dll" id="d4955f15-1be0-44aa-aa45-ba58bb4568b2"><Execution id="34a7903b-ea52-4ee6-8e45-5dd1f925e84a" /><TestMethod codeBase="D:\ModelRelief\ModelRelief.test\bin\Debug\netcoreapp2.0\ModelRelief.Test.dll" adapterTypeName="executor://xunit/VsTestRunner2/netcoreapp" className="ModelRelief.Test.Integration.Models.ModelsBaseIntegrationTests" name="Patch_InvalidIdPropertyReturnsNotFound" /></UnitTest><UnitTest name="GetFile_NonExistentFileReturnsNotFound" storage="d:\modelrelief\modelrelief.test\bin\debug\netcoreapp2.0\modelrelief.test.dll" id="db0ff877-68d3-4f93-a6d8-048a391ba83a"><Execution id="6e728cb3-e734-49e0-95ba-d248ffd22e2a" /><TestMethod codeBase="D:\ModelRelief\ModelRelief.test\bin\Debug\netcoreapp2.0\ModelRelief.Test.dll" adapterTypeName="executor://xunit/VsTestRunner2/netcoreapp" className="ModelRelief.Test.Integration.DepthBuffers.DepthBuffersFileIntegrationTests" name="GetFile_NonExistentFileReturnsNotFound" /></UnitTest><UnitTest name="Post_InvalidPropertyValueReturnsBadRequest" storage="d:\modelrelief\modelrelief.test\bin\debug\netcoreapp2.0\modelrelief.test.dll" id="6c742888-1b6d-4b26-8713-3d05ec4fd10d"><Execution id="55d91811-762f-4b3e-82e6-11ce2f56290e" /><TestMethod codeBase="D:\ModelRelief\ModelRelief.test\bin\Debug\netcoreapp2.0\ModelRelief.Test.dll" adapterTypeName="executor://xunit/VsTestRunner2/netcoreapp" className="ModelRelief.Test.Integration.Meshes.MeshesBaseIntegrationTests" name="Post_InvalidPropertyValueReturnsBadRequest" /></UnitTest><UnitTest name="Post_CanCreateNewModel" storage="d:\modelrelief\modelrelief.test\bin\debug\netcoreapp2.0\modelrelief.test.dll" id="ae12c50a-f353-422d-97a4-030b00a77829"><Execution id="469472b8-f312-433b-a029-125915fb765b" /><TestMethod codeBase="D:\ModelRelief\ModelRelief.test\bin\Debug\netcoreapp2.0\ModelRelief.Test.dll" adapterTypeName="executor://xunit/VsTestRunner2/netcoreapp" className="ModelRelief.Test.Integration.Projects.ProjectsBaseIntegrationTests" name="Post_CanCreateNewModel" /></UnitTest><UnitTest name="Patch_TargetPropertyIsUpdated" storage="d:\modelrelief\modelrelief.test\bin\debug\netcoreapp2.0\modelrelief.test.dll" id="ce7fa854-3fc1-44bd-a7b8-75a6428aa8fb"><Execution id="fdb7b4c3-f137-475e-a368-0a391f4cdfe2" /><TestMethod codeBase="D:\ModelRelief\ModelRelief.test\bin\Debug\netcoreapp2.0\ModelRelief.Test.dll" adapterTypeName="executor://xunit/VsTestRunner2/netcoreapp" className="ModelRelief.Test.Integration.Models.ModelsBaseIntegrationTests" name="Patch_TargetPropertyIsUpdated" /></UnitTest><UnitTest name="Post_ValidReferencePropertyCreatesModel" storage="d:\modelrelief\modelrelief.test\bin\debug\netcoreapp2.0\modelrelief.test.dll" id="b641d4a9-484b-469f-bd53-6022a4305254"><Execution id="767c188f-6967-4490-9ea6-6825e4312dc8" /><TestMethod codeBase="D:\ModelRelief\ModelRelief.test\bin\Debug\netcoreapp2.0\ModelRelief.Test.dll" adapterTypeName="executor://xunit/VsTestRunner2/netcoreapp" className="ModelRelief.Test.Integration.Meshes.MeshesBaseIntegrationTests" name="Post_ValidReferencePropertyCreatesModel" /></UnitTest><UnitTest name="PutFile_FileCanBeUpdated" storage="d:\modelrelief\modelrelief.test\bin\debug\netcoreapp2.0\modelrelief.test.dll" id="1bb2c855-3d85-4c75-82ee-78afd103f1e2"><Execution id="e215381c-8f1f-4261-a31f-6dbc38d07637" /><TestMethod codeBase="D:\ModelRelief\ModelRelief.test\bin\Debug\netcoreapp2.0\ModelRelief.Test.dll" adapterTypeName="executor://xunit/VsTestRunner2/netcoreapp" className="ModelRelief.Test.Integration.DepthBuffers.DepthBuffersFileIntegrationTests" name="PutFile_FileCanBeUpdated" /></UnitTest><UnitTest name="Patch_InvalidReferencePropertyReturnsBadRequest" storage="d:\modelrelief\modelrelief.test\bin\debug\netcoreapp2.0\modelrelief.test.dll" id="5306d110-19a6-4fc0-a232-f11e47ec34cf"><Execution id="6bc06908-6a32-4700-8c17-a22a6862ba53" /><TestMethod codeBase="D:\ModelRelief\ModelRelief.test\bin\Debug\netcoreapp2.0\ModelRelief.Test.dll" adapterTypeName="executor://xunit/VsTestRunner2/netcoreapp" className="ModelRelief.Test.Integration.DepthBuffers.DepthBuffersBaseIntegrationTests" name="Patch_InvalidReferencePropertyReturnsBadRequest" /></UnitTest><UnitTest name="GetFile_NonExistentFileReturnsNotFound" storage="d:\modelrelief\modelrelief.test\bin\debug\netcoreapp2.0\modelrelief.test.dll" id="3614fc55-eb80-46b0-9bbb-395810a8e24f"><Execution id="0f62a818-fdd1-4162-8b0c-38948f570194" /><TestMethod codeBase="D:\ModelRelief\ModelRelief.test\bin\Debug\netcoreapp2.0\ModelRelief.Test.dll" adapterTypeName="executor://xunit/VsTestRunner2/netcoreapp" className="ModelRelief.Test.Integration.Meshes.MeshesFileIntegrationTests" name="GetFile_NonExistentFileReturnsNotFound" /></UnitTest><UnitTest name="PostFile_NewFileCanBePosted" storage="d:\modelrelief\modelrelief.test\bin\debug\netcoreapp2.0\modelrelief.test.dll" id="89037e73-3994-4acb-b9d4-ff6c2e882d16"><Execution id="9fdba80b-27d5-45f2-bb02-0a24a1539eb9" /><TestMethod codeBase="D:\ModelRelief\ModelRelief.test\bin\Debug\netcoreapp2.0\ModelRelief.Test.dll" adapterTypeName="executor://xunit/VsTestRunner2/netcoreapp" className="ModelRelief.Test.Integration.Models.ModelsFileIntegrationTests" name="PostFile_NewFileCanBePosted" /></UnitTest><UnitTest name="GetList_ListReturnsCorrectCount" storage="d:\modelrelief\modelrelief.test\bin\debug\netcoreapp2.0\modelrelief.test.dll" id="5f6383bd-8ff0-4fa8-b410-c337f23192f1"><Execution id="8d8ece1c-739d-4031-8d1d-55769552090e" /><TestMethod codeBase="D:\ModelRelief\ModelRelief.test\bin\Debug\netcoreapp2.0\ModelRelief.Test.dll" adapterTypeName="executor://xunit/VsTestRunner2/netcoreapp" className="ModelRelief.Test.Integration.Cameras.CamerasBaseIntegrationTests" name="GetList_ListReturnsCorrectCount" /></UnitTest><UnitTest name="Patch_ValidReferencePropertyUpdatesModel" storage="d:\modelrelief\modelrelief.test\bin\debug\netcoreapp2.0\modelrelief.test.dll" id="f5d30b64-d709-4fc3-9751-233aebeed693"><Execution id="a9168f92-8534-4c0f-b476-af7fbe7566a1" /><TestMethod codeBase="D:\ModelRelief\ModelRelief.test\bin\Debug\netcoreapp2.0\ModelRelief.Test.dll" adapterTypeName="executor://xunit/VsTestRunner2/netcoreapp" className="ModelRelief.Test.Integration.Projects.ProjectsBaseIntegrationTests" name="Patch_ValidReferencePropertyUpdatesModel" /></UnitTest><UnitTest name="GetSingle_InvalidIdPropertyValueReturnsNotFound" storage="d:\modelrelief\modelrelief.test\bin\debug\netcoreapp2.0\modelrelief.test.dll" id="57b3f79e-b293-4c58-bfba-90c6a44b5538"><Execution id="eb2d47ce-6ba8-4ea2-b806-d64feacfab8a" /><TestMethod codeBase="D:\ModelRelief\ModelRelief.test\bin\Debug\netcoreapp2.0\ModelRelief.Test.dll" adapterTypeName="executor://xunit/VsTestRunner2/netcoreapp" className="ModelRelief.Test.Integration.Models.ModelsBaseIntegrationTests" name="GetSingle_InvalidIdPropertyValueReturnsNotFound" /></UnitTest><UnitTest name="PutFile_FileCanBeUpdated" storage="d:\modelrelief\modelrelief.test\bin\debug\netcoreapp2.0\modelrelief.test.dll" id="b69a92ab-420b-4b49-b5a8-368515b5d6ce"><Execution id="0b9dff6a-f44d-4216-b82d-e58101adc4bb" /><TestMethod codeBase="D:\ModelRelief\ModelRelief.test\bin\Debug\netcoreapp2.0\ModelRelief.Test.dll" adapterTypeName="executor://xunit/VsTestRunner2/netcoreapp" className="ModelRelief.Test.Integration.Meshes.MeshesFileIntegrationTests" name="PutFile_FileCanBeUpdated" /></UnitTest><UnitTest name="Post_InvalidPropertyValueReturnsBadRequest" storage="d:\modelrelief\modelrelief.test\bin\debug\netcoreapp2.0\modelrelief.test.dll" id="9d098e4d-17d2-418c-af3d-bc5cbc7a6c03"><Execution id="65e85156-80da-42f7-a47f-9cced7c2fcbf" /><TestMethod codeBase="D:\ModelRelief\ModelRelief.test\bin\Debug\netcoreapp2.0\ModelRelief.Test.dll" adapterTypeName="executor://xunit/VsTestRunner2/netcoreapp" className="ModelRelief.Test.Integration.Projects.ProjectsBaseIntegrationTests" name="Post_InvalidPropertyValueReturnsBadRequest" /></UnitTest><UnitTest name="Put_ValidReferencePropertyUpdatesModel" storage="d:\modelrelief\modelrelief.test\bin\debug\netcoreapp2.0\modelrelief.test.dll" id="d762aaf7-2d04-4267-90aa-1fc80e59eaf4"><Execution id="211e25b3-0eb9-477b-8438-081dae0d9392" /><TestMethod codeBase="D:\ModelRelief\ModelRelief.test\bin\Debug\netcoreapp2.0\ModelRelief.Test.dll" adapterTypeName="executor://xunit/VsTestRunner2/netcoreapp" className="ModelRelief.Test.Integration.Projects.ProjectsBaseIntegrationTests" name="Put_ValidReferencePropertyUpdatesModel" /></UnitTest><UnitTest name="Patch_InvalidEnumPropertyValueReturnsBadRequest" storage="d:\modelrelief\modelrelief.test\bin\debug\netcoreapp2.0\modelrelief.test.dll" id="8040795e-080b-42fc-9f00-bb871e0b72f0"><Execution id="a1fa802c-b059-4d27-9422-d4d6ce2c904c" /><TestMethod codeBase="D:\ModelRelief\ModelRelief.test\bin\Debug\netcoreapp2.0\ModelRelief.Test.dll" adapterTypeName="executor://xunit/VsTestRunner2/netcoreapp" className="ModelRelief.Test.Integration.Meshes.MeshesBaseIntegrationTests" name="Patch_InvalidEnumPropertyValueReturnsBadRequest" /></UnitTest><UnitTest name="Put_InvalidReferencePropertyReturndBadRequest" storage="d:\modelrelief\modelrelief.test\bin\debug\netcoreapp2.0\modelrelief.test.dll" id="db8a7a1c-8311-4f55-b243-af83feb7a752"><Execution id="b9a9b629-9135-4d57-a8b1-6e1a25035fc6" /><TestMethod codeBase="D:\ModelRelief\ModelRelief.test\bin\Debug\netcoreapp2.0\ModelRelief.Test.dll" adapterTypeName="executor://xunit/VsTestRunner2/netcoreapp" className="ModelRelief.Test.Integration.Projects.ProjectsBaseIntegrationTests" name="Put_InvalidReferencePropertyReturndBadRequest" /></UnitTest><UnitTest name="Patch_ValidReferencePropertyUpdatesModel" storage="d:\modelrelief\modelrelief.test\bin\debug\netcoreapp2.0\modelrelief.test.dll" id="5da16b86-7677-48e8-88a6-251385d313b6"><Execution id="244cdfde-8eb2-47f5-b859-625d68fdf594" /><TestMethod codeBase="D:\ModelRelief\ModelRelief.test\bin\Debug\netcoreapp2.0\ModelRelief.Test.dll" adapterTypeName="executor://xunit/VsTestRunner2/netcoreapp" className="ModelRelief.Test.Integration.MeshTransforms.MeshTransformsBaseIntegrationTests" name="Patch_ValidReferencePropertyUpdatesModel" /></UnitTest><UnitTest name="Patch_MultipleInvalidReferencePropertiesReturnsMultipleValidationErrorsAndBadRequest" storage="d:\modelrelief\modelrelief.test\bin\debug\netcoreapp2.0\modelrelief.test.dll" id="8a0962e1-e9ed-4223-8e2e-38a5bcab333b"><Execution id="175f1088-7ec9-42a3-a71c-d004aadbb88c" /><TestMethod codeBase="D:\ModelRelief\ModelRelief.test\bin\Debug\netcoreapp2.0\ModelRelief.Test.dll" adapterTypeName="executor://xunit/VsTestRunner2/netcoreapp" className="ModelRelief.Test.Integration.Projects.ProjectsBaseIntegrationTests" name="Patch_MultipleInvalidReferencePropertiesReturnsMultipleValidationErrorsAndBadRequest" /></UnitTest><UnitTest name="Patch_MultipleInvalidReferencePropertiesReturnsMultipleValidationErrorsAndBadRequest" storage="d:\modelrelief\modelrelief.test\bin\debug\netcoreapp2.0\modelrelief.test.dll" id="8b34eb81-6360-474f-8548-41ca26f1e957"><Execution id="03ed4ab7-e2f9-4a54-9fa0-415d59a2f5dd" /><TestMethod codeBase="D:\ModelRelief\ModelRelief.test\bin\Debug\netcoreapp2.0\ModelRelief.Test.dll" adapterTypeName="executor://xunit/VsTestRunner2/netcoreapp" className="ModelRelief.Test.Integration.MeshTransforms.MeshTransformsBaseIntegrationTests" name="Patch_MultipleInvalidReferencePropertiesReturnsMultipleValidationErrorsAndBadRequest" /></UnitTest><UnitTest name="GetSingle_InvalidIdPropertyValueReturnsNotFound" storage="d:\modelrelief\modelrelief.test\bin\debug\netcoreapp2.0\modelrelief.test.dll" id="79a96a71-7e1c-4001-8f60-ac50361de651"><Execution id="57fc5cbd-d149-46bb-903f-9f4b118df3bd" /><TestMethod codeBase="D:\ModelRelief\ModelRelief.test\bin\Debug\netcoreapp2.0\ModelRelief.Test.dll" adapterTypeName="executor://xunit/VsTestRunner2/netcoreapp" className="ModelRelief.Test.Integration.DepthBuffers.DepthBuffersBaseIntegrationTests" name="GetSingle_InvalidIdPropertyValueReturnsNotFound" /></UnitTest><UnitTest name="Put_InvalidReferencePropertyReturndBadRequest" storage="d:\modelrelief\modelrelief.test\bin\debug\netcoreapp2.0\modelrelief.test.dll" id="fbe788fd-bb9a-4f76-ab67-710c1c53e4e7"><Execution id="e9ae0bae-267c-48fa-951f-03d11c44e78d" /><TestMethod codeBase="D:\ModelRelief\ModelRelief.test\bin\Debug\netcoreapp2.0\ModelRelief.Test.dll" adapterTypeName="executor://xunit/VsTestRunner2/netcoreapp" className="ModelRelief.Test.Integration.Meshes.MeshesBaseIntegrationTests" name="Put_InvalidReferencePropertyReturndBadRequest" /></UnitTest><UnitTest name="GetSingle_InvalidIdPropertyValueReturnsNotFound" storage="d:\modelrelief\modelrelief.test\bin\debug\netcoreapp2.0\modelrelief.test.dll" id="7a188967-c407-4fa0-a7f1-b1bf37696eb7"><Execution id="6363f7b3-989f-4f51-b55f-0f3278f4313f" /><TestMethod codeBase="D:\ModelRelief\ModelRelief.test\bin\Debug\netcoreapp2.0\ModelRelief.Test.dll" adapterTypeName="executor://xunit/VsTestRunner2/netcoreapp" className="ModelRelief.Test.Integration.Projects.ProjectsBaseIntegrationTests" name="GetSingle_InvalidIdPropertyValueReturnsNotFound" /></UnitTest><UnitTest name="Post_CanCreateNewModel" storage="d:\modelrelief\modelrelief.test\bin\debug\netcoreapp2.0\modelrelief.test.dll" id="e8442a39-9234-457e-9198-4ef108aba11d"><Execution id="4ac551e7-fd3f-43f4-ba71-f646a78ddd28" /><TestMethod codeBase="D:\ModelRelief\ModelRelief.test\bin\Debug\netcoreapp2.0\ModelRelief.Test.dll" adapterTypeName="executor://xunit/VsTestRunner2/netcoreapp" className="ModelRelief.Test.Integration.DepthBuffers.DepthBuffersBaseIntegrationTests" name="Post_CanCreateNewModel" /></UnitTest><UnitTest name="GetSingle_ValidIdPropertyValueReturnsCorrectModel" storage="d:\modelrelief\modelrelief.test\bin\debug\netcoreapp2.0\modelrelief.test.dll" id="29e3b1f1-8091-41a8-b2f6-38abd63fb967"><Execution id="b5c18d08-aa28-46e2-a0ae-4e8622eda5ab" /><TestMethod codeBase="D:\ModelRelief\ModelRelief.test\bin\Debug\netcoreapp2.0\ModelRelief.Test.dll" adapterTypeName="executor://xunit/VsTestRunner2/netcoreapp" className="ModelRelief.Test.Integration.DepthBuffers.DepthBuffersBaseIntegrationTests" name="GetSingle_ValidIdPropertyValueReturnsCorrectModel" /></UnitTest><UnitTest name="Post_ValidReferencePropertyCreatesModel" storage="d:\modelrelief\modelrelief.test\bin\debug\netcoreapp2.0\modelrelief.test.dll" id="165f88c2-a26d-4caf-a1fc-5afdafda6419"><Execution id="116da2c2-fed6-4324-8f06-bb9500cbfef4" /><TestMethod codeBase="D:\ModelRelief\ModelRelief.test\bin\Debug\netcoreapp2.0\ModelRelief.Test.dll" adapterTypeName="executor://xunit/VsTestRunner2/netcoreapp" className="ModelRelief.Test.Integration.DepthBuffers.DepthBuffersBaseIntegrationTests" name="Post_ValidReferencePropertyCreatesModel" /></UnitTest><UnitTest name="GetList_ListReturnsCorrectCount" storage="d:\modelrelief\modelrelief.test\bin\debug\netcoreapp2.0\modelrelief.test.dll" id="f7a05d00-3b64-4c3d-a815-77c2065bf926"><Execution id="b440da4c-545d-45b8-b8c3-d8bacbc06991" /><TestMethod codeBase="D:\ModelRelief\ModelRelief.test\bin\Debug\netcoreapp2.0\ModelRelief.Test.dll" adapterTypeName="executor://xunit/VsTestRunner2/netcoreapp" className="ModelRelief.Test.Integration.Models.ModelsBaseIntegrationTests" name="GetList_ListReturnsCorrectCount" /></UnitTest><UnitTest name="FileRequest_DepthBufferIsInvalidatedAfterCameraDependencyPropertyChange" storage="d:\modelrelief\modelrelief.test\bin\debug\netcoreapp2.0\modelrelief.test.dll" id="a302cc43-85a0-48b5-a5b7-08948155f077"><Execution id="d8685866-e216-4c03-b7aa-fd6d97e32517" /><TestMethod codeBase="D:\ModelRelief\ModelRelief.test\bin\Debug\netcoreapp2.0\ModelRelief.Test.dll" adapterTypeName="executor://xunit/VsTestRunner2/netcoreapp" className="ModelRelief.Test.Integration.DepthBuffers.DepthBuffersFileIntegrationTests" name="FileRequest_DepthBufferIsInvalidatedAfterCameraDependencyPropertyChange" /></UnitTest><UnitTest name="PostFile_FileTimeStampIsUpdatedAfterFileIsPosted" storage="d:\modelrelief\modelrelief.test\bin\debug\netcoreapp2.0\modelrelief.test.dll" id="768665cc-b88c-4ef8-aa25-fdf853f23c63"><Execution id="c769e638-8234-4a40-aec1-a411e06bcda3" /><TestMethod codeBase="D:\ModelRelief\ModelRelief.test\bin\Debug\netcoreapp2.0\ModelRelief.Test.dll" adapterTypeName="executor://xunit/VsTestRunner2/netcoreapp" className="ModelRelief.Test.Integration.Meshes.MeshesFileIntegrationTests" name="PostFile_FileTimeStampIsUpdatedAfterFileIsPosted" /></UnitTest><UnitTest name="Post_CanCreateNewModel" storage="d:\modelrelief\modelrelief.test\bin\debug\netcoreapp2.0\modelrelief.test.dll" id="61d28f95-b325-4424-a993-409b0c55f396"><Execution id="3be3d451-3f07-4e30-a918-057d3840b4cd" /><TestMethod codeBase="D:\ModelRelief\ModelRelief.test\bin\Debug\netcoreapp2.0\ModelRelief.Test.dll" adapterTypeName="executor://xunit/VsTestRunner2/netcoreapp" className="ModelRelief.Test.Integration.Cameras.CamerasBaseIntegrationTests" name="Post_CanCreateNewModel" /></UnitTest><UnitTest name="FileRequest_FileCanBeReadAfterRename" storage="d:\modelrelief\modelrelief.test\bin\debug\netcoreapp2.0\modelrelief.test.dll" id="88f21a50-8c62-454a-86e4-25354793cd6e"><Execution id="8ada9b40-fcb9-4c0c-a345-2c089acd981f" /><TestMethod codeBase="D:\ModelRelief\ModelRelief.test\bin\Debug\netcoreapp2.0\ModelRelief.Test.dll" adapterTypeName="executor://xunit/VsTestRunner2/netcoreapp" className="ModelRelief.Test.Integration.Models.ModelsFileIntegrationTests" name="FileRequest_FileCanBeReadAfterRename" /></UnitTest><UnitTest name="Patch_ValidReferencePropertyUpdatesModel" storage="d:\modelrelief\modelrelief.test\bin\debug\netcoreapp2.0\modelrelief.test.dll" id="b7f10548-9670-45f0-adfc-2e3e4ad5aedb"><Execution id="a8bb5152-a745-4eb5-b7a7-7071b031bad2" /><TestMethod codeBase="D:\ModelRelief\ModelRelief.test\bin\Debug\netcoreapp2.0\ModelRelief.Test.dll" adapterTypeName="executor://xunit/VsTestRunner2/netcoreapp" className="ModelRelief.Test.Integration.Models.ModelsBaseIntegrationTests" name="Patch_ValidReferencePropertyUpdatesModel" /></UnitTest><UnitTest name="GetFile_NonExistentFileReturnsNotFound" storage="d:\modelrelief\modelrelief.test\bin\debug\netcoreapp2.0\modelrelief.test.dll" id="c0af519c-d6a9-4763-82af-eb5d1fc68716"><Execution id="9dad8d38-4455-4f83-aa46-dfed979063b1" /><TestMethod codeBase="D:\ModelRelief\ModelRelief.test\bin\Debug\netcoreapp2.0\ModelRelief.Test.dll" adapterTypeName="executor://xunit/VsTestRunner2/netcoreapp" className="ModelRelief.Test.Integration.Models.ModelsFileIntegrationTests" name="GetFile_NonExistentFileReturnsNotFound" /></UnitTest><UnitTest name="Patch_InvalidIdPropertyReturnsNotFound" storage="d:\modelrelief\modelrelief.test\bin\debug\netcoreapp2.0\modelrelief.test.dll" id="2a2d18ae-f276-4846-b389-32c0ca1351df"><Execution id="12bd9358-9dce-4ec7-a4fa-9fe4e10b7460" /><TestMethod codeBase="D:\ModelRelief\ModelRelief.test\bin\Debug\netcoreapp2.0\ModelRelief.Test.dll" adapterTypeName="executor://xunit/VsTestRunner2/netcoreapp" className="ModelRelief.Test.Integration.Cameras.CamerasBaseIntegrationTests" name="Patch_InvalidIdPropertyReturnsNotFound" /></UnitTest><UnitTest name="Delete_TargetModelIsDeleted" storage="d:\modelrelief\modelrelief.test\bin\debug\netcoreapp2.0\modelrelief.test.dll" id="17106ace-d5e1-481e-b1b8-9369245dd391"><Execution id="d06cceb8-f75d-457f-bb2d-9a83b1fecb3d" /><TestMethod codeBase="D:\ModelRelief\ModelRelief.test\bin\Debug\netcoreapp2.0\ModelRelief.Test.dll" adapterTypeName="executor://xunit/VsTestRunner2/netcoreapp" className="ModelRelief.Test.Integration.MeshTransforms.MeshTransformsBaseIntegrationTests" name="Delete_TargetModelIsDeleted" /></UnitTest><UnitTest name="GetList_ListReturnsCorrectCount" storage="d:\modelrelief\modelrelief.test\bin\debug\netcoreapp2.0\modelrelief.test.dll" id="dbf1c28c-57a1-4310-8075-1cd3c7c78ad7"><Execution id="ebbaadfe-94be-434b-b125-9d6583cb0200" /><TestMethod codeBase="D:\ModelRelief\ModelRelief.test\bin\Debug\netcoreapp2.0\ModelRelief.Test.dll" adapterTypeName="executor://xunit/VsTestRunner2/netcoreapp" className="ModelRelief.Test.Integration.MeshTransforms.MeshTransformsBaseIntegrationTests" name="GetList_ListReturnsCorrectCount" /></UnitTest><UnitTest name="Put_InvalidReferencePropertyReturndBadRequest" storage="d:\modelrelief\modelrelief.test\bin\debug\netcoreapp2.0\modelrelief.test.dll" id="aee1d4fb-1075-4158-a6c7-f4ba7c8cf927"><Execution id="a93e84ca-c291-4a4d-876a-806f13a2d19f" /><TestMethod codeBase="D:\ModelRelief\ModelRelief.test\bin\Debug\netcoreapp2.0\ModelRelief.Test.dll" adapterTypeName="executor://xunit/VsTestRunner2/netcoreapp" className="ModelRelief.Test.Integration.MeshTransforms.MeshTransformsBaseIntegrationTests" name="Put_InvalidReferencePropertyReturndBadRequest" /></UnitTest><UnitTest name="PostFile_FileTimeStampIsUpdatedAfterFileIsPosted" storage="d:\modelrelief\modelrelief.test\bin\debug\netcoreapp2.0\modelrelief.test.dll" id="78637832-6168-47c9-9e4b-fc7bb80b38ff"><Execution id="9efa5f3c-8aff-4e5b-92e4-621a6deaa867" /><TestMethod codeBase="D:\ModelRelief\ModelRelief.test\bin\Debug\netcoreapp2.0\ModelRelief.Test.dll" adapterTypeName="executor://xunit/VsTestRunner2/netcoreapp" className="ModelRelief.Test.Integration.DepthBuffers.DepthBuffersFileIntegrationTests" name="PostFile_FileTimeStampIsUpdatedAfterFileIsPosted" /></UnitTest><UnitTest name="Patch_InvalidIdPropertyReturnsNotFound" storage="d:\modelrelief\modelrelief.test\bin\debug\netcoreapp2.0\modelrelief.test.dll" id="80d74023-3438-4ac9-bfdb-0715d55d2922"><Execution id="e39a9fd1-35eb-4d1e-9c0c-87eadb27262e" /><TestMethod codeBase="D:\ModelRelief\ModelRelief.test\bin\Debug\netcoreapp2.0\ModelRelief.Test.dll" adapterTypeName="executor://xunit/VsTestRunner2/netcoreapp" className="ModelRelief.Test.Integration.Projects.ProjectsBaseIntegrationTests" name="Patch_InvalidIdPropertyReturnsNotFound" /></UnitTest><UnitTest name="Put_InvalidIdReturnsNotFound" storage="d:\modelrelief\modelrelief.test\bin\debug\netcoreapp2.0\modelrelief.test.dll" id="c45c865b-368d-4e98-8c5b-5e1e3037d113"><Execution id="37179ec8-5255-44f0-a513-47e6ac136238" /><TestMethod codeBase="D:\ModelRelief\ModelRelief.test\bin\Debug\netcoreapp2.0\ModelRelief.Test.dll" adapterTypeName="executor://xunit/VsTestRunner2/netcoreapp" className="ModelRelief.Test.Integration.Meshes.MeshesBaseIntegrationTests" name="Put_InvalidIdReturnsNotFound" /></UnitTest><UnitTest name="PostFile_NewFileCanBePosted" storage="d:\modelrelief\modelrelief.test\bin\debug\netcoreapp2.0\modelrelief.test.dll" id="20f0dab1-b597-401a-98e0-4edc3a0e2399"><Execution id="8d610820-c975-4b7b-9f86-5285c71c9edc" /><TestMethod codeBase="D:\ModelRelief\ModelRelief.test\bin\Debug\netcoreapp2.0\ModelRelief.Test.dll" adapterTypeName="executor://xunit/VsTestRunner2/netcoreapp" className="ModelRelief.Test.Integration.Meshes.MeshesFileIntegrationTests" name="PostFile_NewFileCanBePosted" /></UnitTest><UnitTest name="GetFile_ExistingFileReturnsSuccess" storage="d:\modelrelief\modelrelief.test\bin\debug\netcoreapp2.0\modelrelief.test.dll" id="b51cd692-3f27-4053-b238-b9138e76a5bb"><Execution id="f1712535-aa23-4cdf-9635-31dfcf8eab40" /><TestMethod codeBase="D:\ModelRelief\ModelRelief.test\bin\Debug\netcoreapp2.0\ModelRelief.Test.dll" adapterTypeName="executor://xunit/VsTestRunner2/netcoreapp" className="ModelRelief.Test.Integration.Meshes.MeshesFileIntegrationTests" name="GetFile_ExistingFileReturnsSuccess" /></UnitTest><UnitTest name="Delete_TargetModelIsDeleted" storage="d:\modelrelief\modelrelief.test\bin\debug\netcoreapp2.0\modelrelief.test.dll" id="e54c6f3a-c678-45d0-bf44-20fae71566e2"><Execution id="798fd5c4-59e9-4a70-b8f1-1c3bf0639c48" /><TestMethod codeBase="D:\ModelRelief\ModelRelief.test\bin\Debug\netcoreapp2.0\ModelRelief.Test.dll" adapterTypeName="executor://xunit/VsTestRunner2/netcoreapp" className="ModelRelief.Test.Integration.Projects.ProjectsBaseIntegrationTests" name="Delete_TargetModelIsDeleted" /></UnitTest><UnitTest name="Put_CanUpdateModel" storage="d:\modelrelief\modelrelief.test\bin\debug\netcoreapp2.0\modelrelief.test.dll" id="965b4b33-ab88-4c60-ae62-6d13ad326dcc"><Execution id="b3c16e37-b1c8-47d4-a0db-8e080e7a7198" /><TestMethod codeBase="D:\ModelRelief\ModelRelief.test\bin\Debug\netcoreapp2.0\ModelRelief.Test.dll" adapterTypeName="executor://xunit/VsTestRunner2/netcoreapp" className="ModelRelief.Test.Integration.Projects.ProjectsBaseIntegrationTests" name="Put_CanUpdateModel" /></UnitTest><UnitTest name="Put_CanUpdateModel" storage="d:\modelrelief\modelrelief.test\bin\debug\netcoreapp2.0\modelrelief.test.dll" id="3868fcd3-e795-495b-b61a-d32944ef1c5f"><Execution id="3d6c71bc-1967-462c-8730-c7552be79476" /><TestMethod codeBase="D:\ModelRelief\ModelRelief.test\bin\Debug\netcoreapp2.0\ModelRelief.Test.dll" adapterTypeName="executor://xunit/VsTestRunner2/netcoreapp" className="ModelRelief.Test.Integration.MeshTransforms.MeshTransformsBaseIntegrationTests" name="Put_CanUpdateModel" /></UnitTest><UnitTest name="Patch_InvalidEnumPropertyValueReturnsBadRequest" storage="d:\modelrelief\modelrelief.test\bin\debug\netcoreapp2.0\modelrelief.test.dll" id="62ce3935-0ff4-47f3-943d-fe2caf7744bd"><Execution id="4ed8ae47-4450-45d5-9c84-f5b1eb3bef31" /><TestMethod codeBase="D:\ModelRelief\ModelRelief.test\bin\Debug\netcoreapp2.0\ModelRelief.Test.dll" adapterTypeName="executor://xunit/VsTestRunner2/netcoreapp" className="ModelRelief.Test.Integration.Cameras.CamerasBaseIntegrationTests" name="Patch_InvalidEnumPropertyValueReturnsBadRequest" /></UnitTest><UnitTest name="FileRequest_MeshGenerateSetsFileIsSynchronized" storage="d:\modelrelief\modelrelief.test\bin\debug\netcoreapp2.0\modelrelief.test.dll" id="a4a8c097-9cd4-4368-8102-9811601ff1d3"><Execution id="6e934eb9-8177-4007-a2fc-c50347d89bb9" /><TestMethod codeBase="D:\ModelRelief\ModelRelief.test\bin\Debug\netcoreapp2.0\ModelRelief.Test.dll" adapterTypeName="executor://xunit/VsTestRunner2/netcoreapp" className="ModelRelief.Test.Integration.Meshes.MeshesFileIntegrationTests" name="FileRequest_MeshGenerateSetsFileIsSynchronized" /></UnitTest><UnitTest name="Patch_InvalidIdPropertyReturnsNotFound" storage="d:\modelrelief\modelrelief.test\bin\debug\netcoreapp2.0\modelrelief.test.dll" id="dbb33ea8-5c8e-4fdd-b701-efd7b290281b"><Execution id="16329ea2-0f46-4310-8cb4-453233339898" /><TestMethod codeBase="D:\ModelRelief\ModelRelief.test\bin\Debug\netcoreapp2.0\ModelRelief.Test.dll" adapterTypeName="executor://xunit/VsTestRunner2/netcoreapp" className="ModelRelief.Test.Integration.DepthBuffers.DepthBuffersBaseIntegrationTests" name="Patch_InvalidIdPropertyReturnsNotFound" /></UnitTest><UnitTest name="Post_CanCreateNewModel" storage="d:\modelrelief\modelrelief.test\bin\debug\netcoreapp2.0\modelrelief.test.dll" id="c8bb15a9-5668-4137-83a1-efba7d2d6863"><Execution id="2d52d93f-823e-4e15-a095-d6a7a01b081e" /><TestMethod codeBase="D:\ModelRelief\ModelRelief.test\bin\Debug\netcoreapp2.0\ModelRelief.Test.dll" adapterTypeName="executor://xunit/VsTestRunner2/netcoreapp" className="ModelRelief.Test.Integration.Meshes.MeshesBaseIntegrationTests" name="Post_CanCreateNewModel" /></UnitTest><UnitTest name="Put_ValidReferencePropertyUpdatesModel" storage="d:\modelrelief\modelrelief.test\bin\debug\netcoreapp2.0\modelrelief.test.dll" id="e93e0494-ed77-4bcb-a629-e6e385f4091e"><Execution id="fc170177-dad3-4dc1-8d39-f424a2e8ffa9" /><TestMethod codeBase="D:\ModelRelief\ModelRelief.test\bin\Debug\netcoreapp2.0\ModelRelief.Test.dll" adapterTypeName="executor://xunit/VsTestRunner2/netcoreapp" className="ModelRelief.Test.Integration.Meshes.MeshesBaseIntegrationTests" name="Put_ValidReferencePropertyUpdatesModel" /></UnitTest><UnitTest name="FileRequest_MeshIsInvalidatedAfterDepthBufferFileBecomesUnsynchronized" storage="d:\modelrelief\modelrelief.test\bin\debug\netcoreapp2.0\modelrelief.test.dll" id="ecbcb958-7df9-4b77-81df-05a8eccb2008"><Execution id="448faa43-7781-4250-8f86-2435195e62be" /><TestMethod codeBase="D:\ModelRelief\ModelRelief.test\bin\Debug\netcoreapp2.0\ModelRelief.Test.dll" adapterTypeName="executor://xunit/VsTestRunner2/netcoreapp" className="ModelRelief.Test.Integration.Meshes.MeshesFileIntegrationTests" name="FileRequest_MeshIsInvalidatedAfterDepthBufferFileBecomesUnsynchronized" /></UnitTest><UnitTest name="DepthBufferHasExpectedDependentFiles" storage="d:\modelrelief\modelrelief.test\bin\debug\netcoreapp2.0\modelrelief.test.dll" id="f1ebd5c1-1ba8-4eb0-bae7-1b0e0836dce8"><Execution id="348f7911-3b63-4b89-835c-26a41beafaf6" /><TestMethod codeBase="D:\ModelRelief\ModelRelief.test\bin\Debug\netcoreapp2.0\ModelRelief.Test.dll" adapterTypeName="executor://xunit/VsTestRunner2/netcoreapp" className="ModelRelief.Test.Unit.DependencyManager.DependencyManagerTests" name="DepthBufferHasExpectedDependentFiles" /></UnitTest><UnitTest name="GetFile_FileCanBeRoundTripped" storage="d:\modelrelief\modelrelief.test\bin\debug\netcoreapp2.0\modelrelief.test.dll" id="8b40b63e-f3e6-4432-ab82-e935a3b7a6eb"><Execution id="f24e3a74-8b96-4cd1-87af-5ab405d3de7d" /><TestMethod codeBase="D:\ModelRelief\ModelRelief.test\bin\Debug\netcoreapp2.0\ModelRelief.Test.dll" adapterTypeName="executor://xunit/VsTestRunner2/netcoreapp" className="ModelRelief.Test.Integration.DepthBuffers.DepthBuffersFileIntegrationTests" name="GetFile_FileCanBeRoundTripped" /></UnitTest><UnitTest name="Model3dHasExpectedDependentFiles" storage="d:\modelrelief\modelrelief.test\bin\debug\netcoreapp2.0\modelrelief.test.dll" id="9797601c-08ed-40d4-ad31-73e5f5a6f370"><Execution id="48aee0d3-d517-4852-b521-fa75d0426110" /><TestMethod codeBase="D:\ModelRelief\ModelRelief.test\bin\Debug\netcoreapp2.0\ModelRelief.Test.dll" adapterTypeName="executor://xunit/VsTestRunner2/netcoreapp" className="ModelRelief.Test.Unit.DependencyManager.DependencyManagerTests" name="Model3dHasExpectedDependentFiles" /></UnitTest><UnitTest name="Post_InvalidPropertyValueReturnsBadRequest" storage="d:\modelrelief\modelrelief.test\bin\debug\netcoreapp2.0\modelrelief.test.dll" id="225e9782-4c84-464e-a35c-6b188ad7d5fa"><Execution id="a3bbd5c1-8ce7-4668-9bb9-318048a92259" /><TestMethod codeBase="D:\ModelRelief\ModelRelief.test\bin\Debug\netcoreapp2.0\ModelRelief.Test.dll" adapterTypeName="executor://xunit/VsTestRunner2/netcoreapp" className="ModelRelief.Test.Integration.Cameras.CamerasBaseIntegrationTests" name="Post_InvalidPropertyValueReturnsBadRequest" /></UnitTest><UnitTest name="Post_InvalidReferencePropertyReturnsBadRequest" storage="d:\modelrelief\modelrelief.test\bin\debug\netcoreapp2.0\modelrelief.test.dll" id="ff161c54-af0b-43a0-84d9-9b5324cfc359"><Execution id="c2943195-ef08-481f-86b8-ce45ae82d14f" /><TestMethod codeBase="D:\ModelRelief\ModelRelief.test\bin\Debug\netcoreapp2.0\ModelRelief.Test.dll" adapterTypeName="executor://xunit/VsTestRunner2/netcoreapp" className="ModelRelief.Test.Integration.Cameras.CamerasBaseIntegrationTests" name="Post_InvalidReferencePropertyReturnsBadRequest" /></UnitTest><UnitTest name="Put_InvalidReferencePropertyReturndBadRequest" storage="d:\modelrelief\modelrelief.test\bin\debug\netcoreapp2.0\modelrelief.test.dll" id="0ad83f0a-4611-4893-aaf4-ec875af2f850"><Execution id="fd5e16f0-1962-4008-9b19-62af44bdf78a" /><TestMethod codeBase="D:\ModelRelief\ModelRelief.test\bin\Debug\netcoreapp2.0\ModelRelief.Test.dll" adapterTypeName="executor://xunit/VsTestRunner2/netcoreapp" className="ModelRelief.Test.Integration.Models.ModelsBaseIntegrationTests" name="Put_InvalidReferencePropertyReturndBadRequest" /></UnitTest><UnitTest name="Patch_InvalidEnumPropertyValueReturnsBadRequest" storage="d:\modelrelief\modelrelief.test\bin\debug\netcoreapp2.0\modelrelief.test.dll" id="e91c16cb-4552-464a-ad6f-01cc110b2455"><Execution id="454bcd9b-b431-46e9-b0a0-2db21f5f2305" /><TestMethod codeBase="D:\ModelRelief\ModelRelief.test\bin\Debug\netcoreapp2.0\ModelRelief.Test.dll" adapterTypeName="executor://xunit/VsTestRunner2/netcoreapp" className="ModelRelief.Test.Integration.Projects.ProjectsBaseIntegrationTests" name="Patch_InvalidEnumPropertyValueReturnsBadRequest" /></UnitTest><UnitTest name="Patch_InvalidEnumPropertyValueReturnsBadRequest" storage="d:\modelrelief\modelrelief.test\bin\debug\netcoreapp2.0\modelrelief.test.dll" id="7d1e49df-0f13-42c7-acc6-3f418a13fa1c"><Execution id="65a374b5-fc6e-42e0-b2b3-cd5ff2844529" /><TestMethod codeBase="D:\ModelRelief\ModelRelief.test\bin\Debug\netcoreapp2.0\ModelRelief.Test.dll" adapterTypeName="executor://xunit/VsTestRunner2/netcoreapp" className="ModelRelief.Test.Integration.DepthBuffers.DepthBuffersBaseIntegrationTests" name="Patch_InvalidEnumPropertyValueReturnsBadRequest" /></UnitTest><UnitTest name="Delete_TargetModelIsDeleted" storage="d:\modelrelief\modelrelief.test\bin\debug\netcoreapp2.0\modelrelief.test.dll" id="1535b671-fe5a-4af5-87f5-bd8d1d0b998a"><Execution id="e076d237-f3e1-48a9-a331-6ac815e583be" /><TestMethod codeBase="D:\ModelRelief\ModelRelief.test\bin\Debug\netcoreapp2.0\ModelRelief.Test.dll" adapterTypeName="executor://xunit/VsTestRunner2/netcoreapp" className="ModelRelief.Test.Integration.Cameras.CamerasBaseIntegrationTests" name="Delete_TargetModelIsDeleted" /></UnitTest><UnitTest name="Put_InvalidIdReturnsNotFound" storage="d:\modelrelief\modelrelief.test\bin\debug\netcoreapp2.0\modelrelief.test.dll" id="385e8282-8372-4186-a69c-a2452b913d35"><Execution id="04330013-ea43-439e-9833-c7dd449368cf" /><TestMethod codeBase="D:\ModelRelief\ModelRelief.test\bin\Debug\netcoreapp2.0\ModelRelief.Test.dll" adapterTypeName="executor://xunit/VsTestRunner2/netcoreapp" className="ModelRelief.Test.Integration.Models.ModelsBaseIntegrationTests" name="Put_InvalidIdReturnsNotFound" /></UnitTest><UnitTest name="Put_InvalidIdReturnsNotFound" storage="d:\modelrelief\modelrelief.test\bin\debug\netcoreapp2.0\modelrelief.test.dll" id="7ea1f2be-d8e2-4fa1-9ca6-4771f2522e8c"><Execution id="c0a31844-7068-49eb-83c6-8693e7d909f2" /><TestMethod codeBase="D:\ModelRelief\ModelRelief.test\bin\Debug\netcoreapp2.0\ModelRelief.Test.dll" adapterTypeName="executor://xunit/VsTestRunner2/netcoreapp" className="ModelRelief.Test.Integration.DepthBuffers.DepthBuffersBaseIntegrationTests" name="Put_InvalidIdReturnsNotFound" /></UnitTest><UnitTest name="FileRequest_FileCanBeReadAfterRename" storage="d:\modelrelief\modelrelief.test\bin\debug\netcoreapp2.0\modelrelief.test.dll" id="0eaf1919-f68a-4227-87c5-0f2e0d14c40d"><Execution id="1487abbd-6843-45b7-b31f-6a28894281cd" /><TestMethod codeBase="D:\ModelRelief\ModelRelief.test\bin\Debug\netcoreapp2.0\ModelRelief.Test.dll" adapterTypeName="executor://xunit/VsTestRunner2/netcoreapp" className="ModelRelief.Test.Integration.Meshes.MeshesFileIntegrationTests" name="FileRequest_FileCanBeReadAfterRename" /></UnitTest><UnitTest name="Put_InvalidIdReturnsNotFound" storage="d:\modelrelief\modelrelief.test\bin\debug\netcoreapp2.0\modelrelief.test.dll" id="f3707525-eb2c-4923-af1b-d1bf36daf8a2"><Execution id="8a0bf23d-16d8-4d05-9f4f-4f2df5c3ac33" /><TestMethod codeBase="D:\ModelRelief\ModelRelief.test\bin\Debug\netcoreapp2.0\ModelRelief.Test.dll" adapterTypeName="executor://xunit/VsTestRunner2/netcoreapp" className="ModelRelief.Test.Integration.Cameras.CamerasBaseIntegrationTests" name="Put_InvalidIdReturnsNotFound" /></UnitTest><UnitTest name="Post_CanCreateNewModel" storage="d:\modelrelief\modelrelief.test\bin\debug\netcoreapp2.0\modelrelief.test.dll" id="678538c9-6e7d-42fe-aa68-a2e77cfb6193"><Execution id="6fbdf3bf-9839-40cc-967d-b8c74b2620ae" /><TestMethod codeBase="D:\ModelRelief\ModelRelief.test\bin\Debug\netcoreapp2.0\ModelRelief.Test.dll" adapterTypeName="executor://xunit/VsTestRunner2/netcoreapp" className="ModelRelief.Test.Integration.MeshTransforms.MeshTransformsBaseIntegrationTests" name="Post_CanCreateNewModel" /></UnitTest><UnitTest name="Patch_InvalidReferencePropertyReturnsBadRequest" storage="d:\modelrelief\modelrelief.test\bin\debug\netcoreapp2.0\modelrelief.test.dll" id="dc2e95e2-b798-4bf2-a17a-eb7306aecd6a"><Execution id="eca064c4-2b84-4c6f-bfeb-12caeed7f217" /><TestMethod codeBase="D:\ModelRelief\ModelRelief.test\bin\Debug\netcoreapp2.0\ModelRelief.Test.dll" adapterTypeName="executor://xunit/VsTestRunner2/netcoreapp" className="ModelRelief.Test.Integration.Meshes.MeshesBaseIntegrationTests" name="Patch_InvalidReferencePropertyReturnsBadRequest" /></UnitTest><UnitTest name="GetFile_FileCanBeRoundTripped" storage="d:\modelrelief\modelrelief.test\bin\debug\netcoreapp2.0\modelrelief.test.dll" id="b16c939e-eb46-4568-ae51-e1ee94316101"><Execution id="23675e7b-5095-4c48-9522-9e6b7b105aed" /><TestMethod codeBase="D:\ModelRelief\ModelRelief.test\bin\Debug\netcoreapp2.0\ModelRelief.Test.dll" adapterTypeName="executor://xunit/VsTestRunner2/netcoreapp" className="ModelRelief.Test.Integration.Meshes.MeshesFileIntegrationTests" name="GetFile_FileCanBeRoundTripped" /></UnitTest><UnitTest name="GetSingle_InvalidIdPropertyValueReturnsNotFound" storage="d:\modelrelief\modelrelief.test\bin\debug\netcoreapp2.0\modelrelief.test.dll" id="61ccc0d0-8045-4562-997d-8b49430fcec4"><Execution id="630b418a-f73a-4a77-b034-4f5ba314c070" /><TestMethod codeBase="D:\ModelRelief\ModelRelief.test\bin\Debug\netcoreapp2.0\ModelRelief.Test.dll" adapterTypeName="executor://xunit/VsTestRunner2/netcoreapp" className="ModelRelief.Test.Integration.Meshes.MeshesBaseIntegrationTests" name="GetSingle_InvalidIdPropertyValueReturnsNotFound" /></UnitTest><UnitTest name="Post_InvalidPropertyValueReturnsBadRequest" storage="d:\modelrelief\modelrelief.test\bin\debug\netcoreapp2.0\modelrelief.test.dll" id="269db453-59c4-42f6-92bb-ad81a522d325"><Execution id="bae22b6f-0a76-4f4a-aee3-55bf03cacb7f" /><TestMethod codeBase="D:\ModelRelief\ModelRelief.test\bin\Debug\netcoreapp2.0\ModelRelief.Test.dll" adapterTypeName="executor://xunit/VsTestRunner2/netcoreapp" className="ModelRelief.Test.Integration.MeshTransforms.MeshTransformsBaseIntegrationTests" name="Post_InvalidPropertyValueReturnsBadRequest" /></UnitTest><UnitTest name="Patch_TargetPropertyIsUpdated" storage="d:\modelrelief\modelrelief.test\bin\debug\netcoreapp2.0\modelrelief.test.dll" id="b599f87c-dc51-49f1-be2c-a3be97eafffe"><Execution id="c6f45ed9-d1a2-42ca-a341-44e46d0073a7" /><TestMethod codeBase="D:\ModelRelief\ModelRelief.test\bin\Debug\netcoreapp2.0\ModelRelief.Test.dll" adapterTypeName="executor://xunit/VsTestRunner2/netcoreapp" className="ModelRelief.Test.Integration.Meshes.MeshesBaseIntegrationTests" name="Patch_TargetPropertyIsUpdated" /></UnitTest><UnitTest name="Put_ValidReferencePropertyUpdatesModel" storage="d:\modelrelief\modelrelief.test\bin\debug\netcoreapp2.0\modelrelief.test.dll" id="32a44b05-4224-4f22-9272-8507af0263ad"><Execution id="2d16e148-a051-4a85-a309-b404d516b8bc" /><TestMethod codeBase="D:\ModelRelief\ModelRelief.test\bin\Debug\netcoreapp2.0\ModelRelief.Test.dll" adapterTypeName="executor://xunit/VsTestRunner2/netcoreapp" className="ModelRelief.Test.Integration.Cameras.CamerasBaseIntegrationTests" name="Put_ValidReferencePropertyUpdatesModel" /></UnitTest><UnitTest name="Patch_InvalidReferencePropertyReturnsBadRequest" storage="d:\modelrelief\modelrelief.test\bin\debug\netcoreapp2.0\modelrelief.test.dll" id="b6fa23e5-bc1a-4867-b6d8-c6f250e418ce"><Execution id="a4a615d1-17a1-4f0c-a844-1e441fe8fc4b" /><TestMethod codeBase="D:\ModelRelief\ModelRelief.test\bin\Debug\netcoreapp2.0\ModelRelief.Test.dll" adapterTypeName="executor://xunit/VsTestRunner2/netcoreapp" className="ModelRelief.Test.Integration.Cameras.CamerasBaseIntegrationTests" name="Patch_InvalidReferencePropertyReturnsBadRequest" /></UnitTest><UnitTest name="Patch_InvalidPropertyNameReturnsBadRequest" storage="d:\modelrelief\modelrelief.test\bin\debug\netcoreapp2.0\modelrelief.test.dll" id="e0f6a107-7e17-4df1-aa2d-33bf4ba80be8"><Execution id="abaca0fb-df92-42dd-92c0-02ad8d4f7d23" /><TestMethod codeBase="D:\ModelRelief\ModelRelief.test\bin\Debug\netcoreapp2.0\ModelRelief.Test.dll" adapterTypeName="executor://xunit/VsTestRunner2/netcoreapp" className="ModelRelief.Test.Integration.Meshes.MeshesBaseIntegrationTests" name="Patch_InvalidPropertyNameReturnsBadRequest" /></UnitTest><UnitTest name="Patch_TargetPropertyIsUpdated" storage="d:\modelrelief\modelrelief.test\bin\debug\netcoreapp2.0\modelrelief.test.dll" id="a01db3de-01d5-4d63-89a9-8809e4cbb755"><Execution id="92cd5b76-c396-4d5f-b07d-6f217473e69f" /><TestMethod codeBase="D:\ModelRelief\ModelRelief.test\bin\Debug\netcoreapp2.0\ModelRelief.Test.dll" adapterTypeName="executor://xunit/VsTestRunner2/netcoreapp" className="ModelRelief.Test.Integration.DepthBuffers.DepthBuffersBaseIntegrationTests" name="Patch_TargetPropertyIsUpdated" /></UnitTest><UnitTest name="MeshTransformHasExpectedDependentFiles" storage="d:\modelrelief\modelrelief.test\bin\debug\netcoreapp2.0\modelrelief.test.dll" id="4f29bfd5-b50d-48ff-8b74-2bacfa34bc41"><Execution id="d303ca35-3f90-4d69-bfa8-d8a17b85f2f9" /><TestMethod codeBase="D:\ModelRelief\ModelRelief.test\bin\Debug\netcoreapp2.0\ModelRelief.Test.dll" adapterTypeName="executor://xunit/VsTestRunner2/netcoreapp" className="ModelRelief.Test.Unit.DependencyManager.DependencyManagerTests" name="MeshTransformHasExpectedDependentFiles" /></UnitTest><UnitTest name="Patch_MultipleInvalidReferencePropertiesReturnsMultipleValidationErrorsAndBadRequest" storage="d:\modelrelief\modelrelief.test\bin\debug\netcoreapp2.0\modelrelief.test.dll" id="148f324b-4342-448f-8ce3-0985c9a67499"><Execution id="c55aeca6-d925-47bd-96d1-86d7e4d5ce34" /><TestMethod codeBase="D:\ModelRelief\ModelRelief.test\bin\Debug\netcoreapp2.0\ModelRelief.Test.dll" adapterTypeName="executor://xunit/VsTestRunner2/netcoreapp" className="ModelRelief.Test.Integration.Models.ModelsBaseIntegrationTests" name="Patch_MultipleInvalidReferencePropertiesReturnsMultipleValidationErrorsAndBadRequest" /></UnitTest><UnitTest name="Put_InvalidIdReturnsNotFound" storage="d:\modelrelief\modelrelief.test\bin\debug\netcoreapp2.0\modelrelief.test.dll" id="77547079-d66e-463f-bc9f-0045e299c950"><Execution id="92f4f599-1ad4-4c8e-bb17-113e14a64717" /><TestMethod codeBase="D:\ModelRelief\ModelRelief.test\bin\Debug\netcoreapp2.0\ModelRelief.Test.dll" adapterTypeName="executor://xunit/VsTestRunner2/netcoreapp" className="ModelRelief.Test.Integration.MeshTransforms.MeshTransformsBaseIntegrationTests" name="Put_InvalidIdReturnsNotFound" /></UnitTest><UnitTest name="Patch_InvalidPropertyNameReturnsBadRequest" storage="d:\modelrelief\modelrelief.test\bin\debug\netcoreapp2.0\modelrelief.test.dll" id="54251b5c-45ea-4fad-a34b-7e82128b290b"><Execution id="192eec65-a697-4be3-a81d-2868b9128324" /><TestMethod codeBase="D:\ModelRelief\ModelRelief.test\bin\Debug\netcoreapp2.0\ModelRelief.Test.dll" adapterTypeName="executor://xunit/VsTestRunner2/netcoreapp" className="ModelRelief.Test.Integration.DepthBuffers.DepthBuffersBaseIntegrationTests" name="Patch_InvalidPropertyNameReturnsBadRequest" /></UnitTest><UnitTest name="GetSingle_ValidIdPropertyValueReturnsCorrectModel" storage="d:\modelrelief\modelrelief.test\bin\debug\netcoreapp2.0\modelrelief.test.dll" id="3e0c04be-9d9b-4688-8592-338172c5554b"><Execution id="65f06e92-bb68-4cc1-907e-868921978f36" /><TestMethod codeBase="D:\ModelRelief\ModelRelief.test\bin\Debug\netcoreapp2.0\ModelRelief.Test.dll" adapterTypeName="executor://xunit/VsTestRunner2/netcoreapp" className="ModelRelief.Test.Integration.Meshes.MeshesBaseIntegrationTests" name="GetSingle_ValidIdPropertyValueReturnsCorrectModel" /></UnitTest><UnitTest name="LucyModel3dHasTwoDependents" storage="d:\modelrelief\modelrelief.test\bin\debug\netcoreapp2.0\modelrelief.test.dll" id="e39e28e8-d195-40ed-9fbf-e16907caaa43"><Execution id="8b3e15c9-9537-4db7-8d57-b824fdce186f" /><TestMethod codeBase="D:\ModelRelief\ModelRelief.test\bin\Debug\netcoreapp2.0\ModelRelief.Test.dll" adapterTypeName="executor://xunit/VsTestRunner2/netcoreapp" className="ModelRelief.Test.Unit.DependencyManager.DependencyManagerTests" name="LucyModel3dHasTwoDependents" /></UnitTest><UnitTest name="Put_ValidReferencePropertyUpdatesModel" storage="d:\modelrelief\modelrelief.test\bin\debug\netcoreapp2.0\modelrelief.test.dll" id="f012d15c-5fb9-4850-9992-66b0e52d782f"><Execution id="44a022b2-9aaf-497b-a4cc-0c7547e6b578" /><TestMethod codeBase="D:\ModelRelief\ModelRelief.test\bin\Debug\netcoreapp2.0\ModelRelief.Test.dll" adapterTypeName="executor://xunit/VsTestRunner2/netcoreapp" className="ModelRelief.Test.Integration.DepthBuffers.DepthBuffersBaseIntegrationTests" name="Put_ValidReferencePropertyUpdatesModel" /></UnitTest><UnitTest name="GetList_ListReturnsCorrectCount" storage="d:\modelrelief\modelrelief.test\bin\debug\netcoreapp2.0\modelrelief.test.dll" id="ed76a1f7-fd1a-4240-bb89-87d7ef40c79d"><Execution id="e8407c23-69fd-4f3e-befa-777c08c360c0" /><TestMethod codeBase="D:\ModelRelief\ModelRelief.test\bin\Debug\netcoreapp2.0\ModelRelief.Test.dll" adapterTypeName="executor://xunit/VsTestRunner2/netcoreapp" className="ModelRelief.Test.Integration.Projects.ProjectsBaseIntegrationTests" name="GetList_ListReturnsCorrectCount" /></UnitTest><UnitTest name="Patch_InvalidPropertyNameReturnsBadRequest" storage="d:\modelrelief\modelrelief.test\bin\debug\netcoreapp2.0\modelrelief.test.dll" id="01bbdcec-f71e-46d3-9af6-b7c02b130248"><Execution id="70c343c1-7c2b-43c4-bbf3-05a0a9339a28" /><TestMethod codeBase="D:\ModelRelief\ModelRelief.test\bin\Debug\netcoreapp2.0\ModelRelief.Test.dll" adapterTypeName="executor://xunit/VsTestRunner2/netcoreapp" className="ModelRelief.Test.Integration.Projects.ProjectsBaseIntegrationTests" name="Patch_InvalidPropertyNameReturnsBadRequest" /></UnitTest><UnitTest name="Put_InvalidReferencePropertyReturndBadRequest" storage="d:\modelrelief\modelrelief.test\bin\debug\netcoreapp2.0\modelrelief.test.dll" id="082c813b-24f3-4d09-9095-73794b2d2d3e"><Execution id="d8ad5ca7-af74-48d0-beac-5b0cf5c85063" /><TestMethod codeBase="D:\ModelRelief\ModelRelief.test\bin\Debug\netcoreapp2.0\ModelRelief.Test.dll" adapterTypeName="executor://xunit/VsTestRunner2/netcoreapp" className="ModelRelief.Test.Integration.DepthBuffers.DepthBuffersBaseIntegrationTests" name="Put_InvalidReferencePropertyReturndBadRequest" /></UnitTest><UnitTest name="Put_CanUpdateModel" storage="d:\modelrelief\modelrelief.test\bin\debug\netcoreapp2.0\modelrelief.test.dll" id="dcd2a58c-c4ea-46a8-9a52-f2d8108c0fb2"><Execution id="ca371435-0cb1-4c6b-b0ce-8f25c77b1a0c" /><TestMethod codeBase="D:\ModelRelief\ModelRelief.test\bin\Debug\netcoreapp2.0\ModelRelief.Test.dll" adapterTypeName="executor://xunit/VsTestRunner2/netcoreapp" className="ModelRelief.Test.Integration.Meshes.MeshesBaseIntegrationTests" name="Put_CanUpdateModel" /></UnitTest><UnitTest name="Post_ValidReferencePropertyCreatesModel" storage="d:\modelrelief\modelrelief.test\bin\debug\netcoreapp2.0\modelrelief.test.dll" id="2642c6b5-8853-4e8f-855e-647f4cc1640d"><Execution id="23464e3c-6eb3-4a18-8b01-5501d9fbc802" /><TestMethod codeBase="D:\ModelRelief\ModelRelief.test\bin\Debug\netcoreapp2.0\ModelRelief.Test.dll" adapterTypeName="executor://xunit/VsTestRunner2/netcoreapp" className="ModelRelief.Test.Integration.Models.ModelsBaseIntegrationTests" name="Post_ValidReferencePropertyCreatesModel" /></UnitTest><UnitTest name="GetFile_ExistingFileReturnsSuccess" storage="d:\modelrelief\modelrelief.test\bin\debug\netcoreapp2.0\modelrelief.test.dll" id="08381b35-5b6d-4543-a632-6f52753c4267"><Execution id="f584e8c9-f08a-4a70-a012-1ef91a76691d" /><TestMethod codeBase="D:\ModelRelief\ModelRelief.test\bin\Debug\netcoreapp2.0\ModelRelief.Test.dll" adapterTypeName="executor://xunit/VsTestRunner2/netcoreapp" className="ModelRelief.Test.Integration.DepthBuffers.DepthBuffersFileIntegrationTests" name="GetFile_ExistingFileReturnsSuccess" /></UnitTest><UnitTest name="Patch_InvalidIdPropertyReturnsNotFound" storage="d:\modelrelief\modelrelief.test\bin\debug\netcoreapp2.0\modelrelief.test.dll" id="7be0be6b-cb72-4cc8-9d0d-f4aaf9ebbc4a"><Execution id="b5d46004-8de3-473a-9a82-954b6bf6b785" /><TestMethod codeBase="D:\ModelRelief\ModelRelief.test\bin\Debug\netcoreapp2.0\ModelRelief.Test.dll" adapterTypeName="executor://xunit/VsTestRunner2/netcoreapp" className="ModelRelief.Test.Integration.MeshTransforms.MeshTransformsBaseIntegrationTests" name="Patch_InvalidIdPropertyReturnsNotFound" /></UnitTest><UnitTest name="Patch_InvalidPropertyNameReturnsBadRequest" storage="d:\modelrelief\modelrelief.test\bin\debug\netcoreapp2.0\modelrelief.test.dll" id="039355bc-9bd8-414d-a8d9-020046082b7d"><Execution id="ddba7c30-16a4-4d2e-9590-f6dff888916d" /><TestMethod codeBase="D:\ModelRelief\ModelRelief.test\bin\Debug\netcoreapp2.0\ModelRelief.Test.dll" adapterTypeName="executor://xunit/VsTestRunner2/netcoreapp" className="ModelRelief.Test.Integration.MeshTransforms.MeshTransformsBaseIntegrationTests" name="Patch_InvalidPropertyNameReturnsBadRequest" /></UnitTest><UnitTest name="FileRequest_FileCanBeReadAfterRename" storage="d:\modelrelief\modelrelief.test\bin\debug\netcoreapp2.0\modelrelief.test.dll" id="077fd5f4-63d5-47df-94af-67ffe4f4730b"><Execution id="915922c5-7883-4baa-b69e-aa1d361cb6d4" /><TestMethod codeBase="D:\ModelRelief\ModelRelief.test\bin\Debug\netcoreapp2.0\ModelRelief.Test.dll" adapterTypeName="executor://xunit/VsTestRunner2/netcoreapp" className="ModelRelief.Test.Integration.DepthBuffers.DepthBuffersFileIntegrationTests" name="FileRequest_FileCanBeReadAfterRename" /></UnitTest><UnitTest name="Patch_MultipleInvalidReferencePropertiesReturnsMultipleValidationErrorsAndBadRequest" storage="d:\modelrelief\modelrelief.test\bin\debug\netcoreapp2.0\modelrelief.test.dll" id="b6b19a4a-5355-4b2c-af2a-32b3f523920d"><Execution id="e91a7ef4-bc9d-407f-8459-4cfe3d288bbe" /><TestMethod codeBase="D:\ModelRelief\ModelRelief.test\bin\Debug\netcoreapp2.0\ModelRelief.Test.dll" adapterTypeName="executor://xunit/VsTestRunner2/netcoreapp" className="ModelRelief.Test.Integration.DepthBuffers.DepthBuffersBaseIntegrationTests" name="Patch_MultipleInvalidReferencePropertiesReturnsMultipleValidationErrorsAndBadRequest" /></UnitTest><UnitTest name="PutFile_FileCanBeUpdated" storage="d:\modelrelief\modelrelief.test\bin\debug\netcoreapp2.0\modelrelief.test.dll" id="2bbe3438-1ce4-4686-86d4-b048d2400b46"><Execution id="a85fd841-e2a1-46e0-bfe1-5206bce04103" /><TestMethod codeBase="D:\ModelRelief\ModelRelief.test\bin\Debug\netcoreapp2.0\ModelRelief.Test.dll" adapterTypeName="executor://xunit/VsTestRunner2/netcoreapp" className="ModelRelief.Test.Integration.Models.ModelsFileIntegrationTests" name="PutFile_FileCanBeUpdated" /></UnitTest><UnitTest name="Patch_TargetPropertyIsUpdated" storage="d:\modelrelief\modelrelief.test\bin\debug\netcoreapp2.0\modelrelief.test.dll" id="f6a01fe5-1736-4932-9353-68e7f57284a8"><Execution id="c6a810d7-c35a-4fbd-a4a5-7ef39ae5cf58" /><TestMethod codeBase="D:\ModelRelief\ModelRelief.test\bin\Debug\netcoreapp2.0\ModelRelief.Test.dll" adapterTypeName="executor://xunit/VsTestRunner2/netcoreapp" className="ModelRelief.Test.Integration.MeshTransforms.MeshTransformsBaseIntegrationTests" name="Patch_TargetPropertyIsUpdated" /></UnitTest><UnitTest name="LucyCameraFindsAllDependents" storage="d:\modelrelief\modelrelief.test\bin\debug\netcoreapp2.0\modelrelief.test.dll" id="21b6d198-1406-4d07-9fa8-6c0f1cb8d889"><Execution id="8205266b-160e-4ac4-a104-350cb3e8da9c" /><TestMethod codeBase="D:\ModelRelief\ModelRelief.test\bin\Debug\netcoreapp2.0\ModelRelief.Test.dll" adapterTypeName="executor://xunit/VsTestRunner2/netcoreapp" className="ModelRelief.Test.Unit.DependencyManager.DependencyManagerTests" name="LucyCameraFindsAllDependents" /></UnitTest><UnitTest name="GetSingle_ValidIdPropertyValueReturnsCorrectModel" storage="d:\modelrelief\modelrelief.test\bin\debug\netcoreapp2.0\modelrelief.test.dll" id="71e553e3-962e-45d4-aeb3-d9dd7f9607a6"><Execution id="cb0eccec-d90c-4f8a-b411-d0d2dd8a471a" /><TestMethod codeBase="D:\ModelRelief\ModelRelief.test\bin\Debug\netcoreapp2.0\ModelRelief.Test.dll" adapterTypeName="executor://xunit/VsTestRunner2/netcoreapp" className="ModelRelief.Test.Integration.Projects.ProjectsBaseIntegrationTests" name="GetSingle_ValidIdPropertyValueReturnsCorrectModel" /></UnitTest><UnitTest name="Patch_InvalidIdPropertyReturnsNotFound" storage="d:\modelrelief\modelrelief.test\bin\debug\netcoreapp2.0\modelrelief.test.dll" id="71af4438-e5c9-48bb-a272-7c5d595ec8f9"><Execution id="e151bbc7-beb1-4e1b-84f1-2d3667718572" /><TestMethod codeBase="D:\ModelRelief\ModelRelief.test\bin\Debug\netcoreapp2.0\ModelRelief.Test.dll" adapterTypeName="executor://xunit/VsTestRunner2/netcoreapp" className="ModelRelief.Test.Integration.Meshes.MeshesBaseIntegrationTests" name="Patch_InvalidIdPropertyReturnsNotFound" /></UnitTest><UnitTest name="Patch_MultipleInvalidReferencePropertiesReturnsMultipleValidationErrorsAndBadRequest" storage="d:\modelrelief\modelrelief.test\bin\debug\netcoreapp2.0\modelrelief.test.dll" id="a24578e3-f3be-4d30-bec9-eed918147847"><Execution id="5ac09881-268c-47e1-8fa3-ce6778e9117b" /><TestMethod codeBase="D:\ModelRelief\ModelRelief.test\bin\Debug\netcoreapp2.0\ModelRelief.Test.dll" adapterTypeName="executor://xunit/VsTestRunner2/netcoreapp" className="ModelRelief.Test.Integration.Meshes.MeshesBaseIntegrationTests" name="Patch_MultipleInvalidReferencePropertiesReturnsMultipleValidationErrorsAndBadRequest" /></UnitTest><UnitTest name="GetSingle_InvalidIdPropertyValueReturnsNotFound" storage="d:\modelrelief\modelrelief.test\bin\debug\netcoreapp2.0\modelrelief.test.dll" id="7fb863e8-5de8-4cfe-af84-0253723c5fb6"><Execution id="1d95beac-24ef-45d3-bac0-f438c065d734" /><TestMethod codeBase="D:\ModelRelief\ModelRelief.test\bin\Debug\netcoreapp2.0\ModelRelief.Test.dll" adapterTypeName="executor://xunit/VsTestRunner2/netcoreapp" className="ModelRelief.Test.Integration.Cameras.CamerasBaseIntegrationTests" name="GetSingle_InvalidIdPropertyValueReturnsNotFound" /></UnitTest><UnitTest name="PutFile_NewFileCanBePut" storage="d:\modelrelief\modelrelief.test\bin\debug\netcoreapp2.0\modelrelief.test.dll" id="6c47add5-fed2-4f25-b567-6ce58ab90608"><Execution id="5341208b-cec9-4ed3-bc9e-ef60cee00dbc" /><TestMethod codeBase="D:\ModelRelief\ModelRelief.test\bin\Debug\netcoreapp2.0\ModelRelief.Test.dll" adapterTypeName="executor://xunit/VsTestRunner2/netcoreapp" className="ModelRelief.Test.Integration.Models.ModelsFileIntegrationTests" name="PutFile_NewFileCanBePut" /></UnitTest><UnitTest name="Put_InvalidIdReturnsNotFound" storage="d:\modelrelief\modelrelief.test\bin\debug\netcoreapp2.0\modelrelief.test.dll" id="34af829c-3b31-4b45-a6ca-6b14d36f906e"><Execution id="2020b390-3351-4da5-8d5f-8f76519a8908" /><TestMethod codeBase="D:\ModelRelief\ModelRelief.test\bin\Debug\netcoreapp2.0\ModelRelief.Test.dll" adapterTypeName="executor://xunit/VsTestRunner2/netcoreapp" className="ModelRelief.Test.Integration.Projects.ProjectsBaseIntegrationTests" name="Put_InvalidIdReturnsNotFound" /></UnitTest><UnitTest name="Patch_InvalidReferencePropertyReturnsBadRequest" storage="d:\modelrelief\modelrelief.test\bin\debug\netcoreapp2.0\modelrelief.test.dll" id="9b1952fe-e0dd-48bf-addb-7df60e854ad5"><Execution id="f0137aef-7657-4380-b5ee-bc48b1318dbb" /><TestMethod codeBase="D:\ModelRelief\ModelRelief.test\bin\Debug\netcoreapp2.0\ModelRelief.Test.dll" adapterTypeName="executor://xunit/VsTestRunner2/netcoreapp" className="ModelRelief.Test.Integration.MeshTransforms.MeshTransformsBaseIntegrationTests" name="Patch_InvalidReferencePropertyReturnsBadRequest" /></UnitTest><UnitTest name="Patch_InvalidEnumPropertyValueReturnsBadRequest" storage="d:\modelrelief\modelrelief.test\bin\debug\netcoreapp2.0\modelrelief.test.dll" id="160c477d-c8a6-41fe-928b-f2f18beecb66"><Execution id="1b591810-1ff3-41a5-9ee3-9b1cc87e88f1" /><TestMethod codeBase="D:\ModelRelief\ModelRelief.test\bin\Debug\netcoreapp2.0\ModelRelief.Test.dll" adapterTypeName="executor://xunit/VsTestRunner2/netcoreapp" className="ModelRelief.Test.Integration.Models.ModelsBaseIntegrationTests" name="Patch_InvalidEnumPropertyValueReturnsBadRequest" /></UnitTest><UnitTest name="GetSingle_ValidIdPropertyValueReturnsCorrectModel" storage="d:\modelrelief\modelrelief.test\bin\debug\netcoreapp2.0\modelrelief.test.dll" id="62e841e6-7564-4726-b653-d254b600120f"><Execution id="b53ff953-724a-4332-b529-8d5df2d64ffe" /><TestMethod codeBase="D:\ModelRelief\ModelRelief.test\bin\Debug\netcoreapp2.0\ModelRelief.Test.dll" adapterTypeName="executor://xunit/VsTestRunner2/netcoreapp" className="ModelRelief.Test.Integration.Models.ModelsBaseIntegrationTests" name="GetSingle_ValidIdPropertyValueReturnsCorrectModel" /></UnitTest><UnitTest name="Patch_InvalidPropertyNameReturnsBadRequest" storage="d:\modelrelief\modelrelief.test\bin\debug\netcoreapp2.0\modelrelief.test.dll" id="37347d3a-681c-4299-ac87-91968acbef0c"><Execution id="6608d21c-7cda-4aa4-874a-0a16f43e7169" /><TestMethod codeBase="D:\ModelRelief\ModelRelief.test\bin\Debug\netcoreapp2.0\ModelRelief.Test.dll" adapterTypeName="executor://xunit/VsTestRunner2/netcoreapp" className="ModelRelief.Test.Integration.Cameras.CamerasBaseIntegrationTests" name="Patch_InvalidPropertyNameReturnsBadRequest" /></UnitTest><UnitTest name="Patch_InvalidPropertyNameReturnsBadRequest" storage="d:\modelrelief\modelrelief.test\bin\debug\netcoreapp2.0\modelrelief.test.dll" id="609a8f0e-dda7-42e2-9829-1a0e324c2e38"><Execution id="e2a7fab9-7dc4-4351-8c1f-6c4df8d0cdb3" /><TestMethod codeBase="D:\ModelRelief\ModelRelief.test\bin\Debug\netcoreapp2.0\ModelRelief.Test.dll" adapterTypeName="executor://xunit/VsTestRunner2/netcoreapp" className="ModelRelief.Test.Integration.Models.ModelsBaseIntegrationTests" name="Patch_InvalidPropertyNameReturnsBadRequest" /></UnitTest><UnitTest name="Post_InvalidReferencePropertyReturnsBadRequest" storage="d:\modelrelief\modelrelief.test\bin\debug\netcoreapp2.0\modelrelief.test.dll" id="f5d066e2-73f5-4080-95f4-c012d5ff290c"><Execution id="59142b4f-9b7e-4de6-b442-ba88c3535e57" /><TestMethod codeBase="D:\ModelRelief\ModelRelief.test\bin\Debug\netcoreapp2.0\ModelRelief.Test.dll" adapterTypeName="executor://xunit/VsTestRunner2/netcoreapp" className="ModelRelief.Test.Integration.Projects.ProjectsBaseIntegrationTests" name="Post_InvalidReferencePropertyReturnsBadRequest" /></UnitTest><UnitTest name="PostFile_FileIsSynchronizedIsUpdatedAfterFileIsPosted" storage="d:\modelrelief\modelrelief.test\bin\debug\netcoreapp2.0\modelrelief.test.dll" id="957ce407-3365-4c69-8ef6-267f3ebb76b8"><Execution id="14a0fcd9-3ba4-4117-b5b9-0827d0934abf" /><TestMethod codeBase="D:\ModelRelief\ModelRelief.test\bin\Debug\netcoreapp2.0\ModelRelief.Test.dll" adapterTypeName="executor://xunit/VsTestRunner2/netcoreapp" className="ModelRelief.Test.Integration.Meshes.MeshesFileIntegrationTests" name="PostFile_FileIsSynchronizedIsUpdatedAfterFileIsPosted" /></UnitTest><UnitTest name="PostFile_FileTimeStampIsUpdatedAfterFileIsPosted" storage="d:\modelrelief\modelrelief.test\bin\debug\netcoreapp2.0\modelrelief.test.dll" id="6d8a5d5e-60c7-42bc-93e8-03e3e9ee76d4"><Execution id="29134f69-2e92-41c6-8e38-35d785478a87" /><TestMethod codeBase="D:\ModelRelief\ModelRelief.test\bin\Debug\netcoreapp2.0\ModelRelief.Test.dll" adapterTypeName="executor://xunit/VsTestRunner2/netcoreapp" className="ModelRelief.Test.Integration.Models.ModelsFileIntegrationTests" name="PostFile_FileTimeStampIsUpdatedAfterFileIsPosted" /></UnitTest><UnitTest name="Patch_InvalidReferencePropertyReturnsBadRequest" storage="d:\modelrelief\modelrelief.test\bin\debug\netcoreapp2.0\modelrelief.test.dll" id="5935f7d3-087a-489f-8d94-5f4cdb0a3388"><Execution id="20728afa-bca6-4e1a-857d-3d0dae4a1bd2" /><TestMethod codeBase="D:\ModelRelief\ModelRelief.test\bin\Debug\netcoreapp2.0\ModelRelief.Test.dll" adapterTypeName="executor://xunit/VsTestRunner2/netcoreapp" className="ModelRelief.Test.Integration.Projects.ProjectsBaseIntegrationTests" name="Patch_InvalidReferencePropertyReturnsBadRequest" /></UnitTest><UnitTest name="GetFile_FileCanBeRoundTripped" storage="d:\modelrelief\modelrelief.test\bin\debug\netcoreapp2.0\modelrelief.test.dll" id="9ef96a71-2e8d-48bd-83b2-52e5a6145ed6"><Execution id="9292cd00-2e39-4c2c-afb5-898043ad70fd" /><TestMethod codeBase="D:\ModelRelief\ModelRelief.test\bin\Debug\netcoreapp2.0\ModelRelief.Test.dll" adapterTypeName="executor://xunit/VsTestRunner2/netcoreapp" className="ModelRelief.Test.Integration.Models.ModelsFileIntegrationTests" name="GetFile_FileCanBeRoundTripped" /></UnitTest><UnitTest name="Patch_ValidReferencePropertyUpdatesModel" storage="d:\modelrelief\modelrelief.test\bin\debug\netcoreapp2.0\modelrelief.test.dll" id="33bb6e45-7140-464b-88d4-f6099d3c2030"><Execution id="118acecd-264f-4f1e-b598-7a3d3a30d1b5" /><TestMethod codeBase="D:\ModelRelief\ModelRelief.test\bin\Debug\netcoreapp2.0\ModelRelief.Test.dll" adapterTypeName="executor://xunit/VsTestRunner2/netcoreapp" className="ModelRelief.Test.Integration.DepthBuffers.DepthBuffersBaseIntegrationTests" name="Patch_ValidReferencePropertyUpdatesModel" /></UnitTest><UnitTest name="Post_CanCreateNewModel" storage="d:\modelrelief\modelrelief.test\bin\debug\netcoreapp2.0\modelrelief.test.dll" id="c0870246-c9b1-48c9-9c3c-bd0138779fd3"><Execution id="c9167e07-0bc2-4adb-8994-08d9d23baff6" /><TestMethod codeBase="D:\ModelRelief\ModelRelief.test\bin\Debug\netcoreapp2.0\ModelRelief.Test.dll" adapterTypeName="executor://xunit/VsTestRunner2/netcoreapp" className="ModelRelief.Test.Integration.Models.ModelsBaseIntegrationTests" name="Post_CanCreateNewModel" /></UnitTest><UnitTest name="Put_CanUpdateModel" storage="d:\modelrelief\modelrelief.test\bin\debug\netcoreapp2.0\modelrelief.test.dll" id="dddeca60-ac50-41b2-937c-5cfc1cb65b48"><Execution id="77f7a69a-9b84-4844-abcd-7ac2fe73d66a" /><TestMethod codeBase="D:\ModelRelief\ModelRelief.test\bin\Debug\netcoreapp2.0\ModelRelief.Test.dll" adapterTypeName="executor://xunit/VsTestRunner2/netcoreapp" className="ModelRelief.Test.Integration.DepthBuffers.DepthBuffersBaseIntegrationTests" name="Put_CanUpdateModel" /></UnitTest><UnitTest name="PostFile_FileIsSynchronizedIsUpdatedAfterFileIsPosted" storage="d:\modelrelief\modelrelief.test\bin\debug\netcoreapp2.0\modelrelief.test.dll" id="82462613-6af4-44f9-b8d3-5853fe21aa0f"><Execution id="3f511a7b-0b32-4beb-84b1-1275c9322ad0" /><TestMethod codeBase="D:\ModelRelief\ModelRelief.test\bin\Debug\netcoreapp2.0\ModelRelief.Test.dll" adapterTypeName="executor://xunit/VsTestRunner2/netcoreapp" className="ModelRelief.Test.Integration.Models.ModelsFileIntegrationTests" name="PostFile_FileIsSynchronizedIsUpdatedAfterFileIsPosted" /></UnitTest><UnitTest name="Post_ValidReferencePropertyCreatesModel" storage="d:\modelrelief\modelrelief.test\bin\debug\netcoreapp2.0\modelrelief.test.dll" id="6a34a3c9-dffc-46bf-bf49-bf82ec18d7cf"><Execution id="f30e0f25-57c1-4b46-b63a-e266e02d38c4" /><TestMethod codeBase="D:\ModelRelief\ModelRelief.test\bin\Debug\netcoreapp2.0\ModelRelief.Test.dll" adapterTypeName="executor://xunit/VsTestRunner2/netcoreapp" className="ModelRelief.Test.Integration.Cameras.CamerasBaseIntegrationTests" name="Post_ValidReferencePropertyCreatesModel" /></UnitTest><UnitTest name="Delete_TargetModelIsDeleted" storage="d:\modelrelief\modelrelief.test\bin\debug\netcoreapp2.0\modelrelief.test.dll" id="34183d31-9f29-4130-88ad-1bc1bf273e75"><Execution id="220e6e60-4059-45da-998a-9c731e0231c2" /><TestMethod codeBase="D:\ModelRelief\ModelRelief.test\bin\Debug\netcoreapp2.0\ModelRelief.Test.dll" adapterTypeName="executor://xunit/VsTestRunner2/netcoreapp" className="ModelRelief.Test.Integration.Meshes.MeshesBaseIntegrationTests" name="Delete_TargetModelIsDeleted" /></UnitTest><UnitTest name="Post_ValidReferencePropertyCreatesModel" storage="d:\modelrelief\modelrelief.test\bin\debug\netcoreapp2.0\modelrelief.test.dll" id="84e47790-c8af-4ae8-8212-087561157ca7"><Execution id="0113fdd4-68c3-4fd9-850d-852f48bea2a3" /><TestMethod codeBase="D:\ModelRelief\ModelRelief.test\bin\Debug\netcoreapp2.0\ModelRelief.Test.dll" adapterTypeName="executor://xunit/VsTestRunner2/netcoreapp" className="ModelRelief.Test.Integration.MeshTransforms.MeshTransformsBaseIntegrationTests" name="Post_ValidReferencePropertyCreatesModel" /></UnitTest><UnitTest name="CameraHasExpectedDependentFiles" storage="d:\modelrelief\modelrelief.test\bin\debug\netcoreapp2.0\modelrelief.test.dll" id="508be7a1-b266-48c9-bea0-5964fd5eb46c"><Execution id="1ba51feb-b53f-4699-bfe8-11f83d0ecd23" /><TestMethod codeBase="D:\ModelRelief\ModelRelief.test\bin\Debug\netcoreapp2.0\ModelRelief.Test.dll" adapterTypeName="executor://xunit/VsTestRunner2/netcoreapp" className="ModelRelief.Test.Unit.DependencyManager.DependencyManagerTests" name="CameraHasExpectedDependentFiles" /></UnitTest><UnitTest name="LucyDepthBufferFindsOneDependent" storage="d:\modelrelief\modelrelief.test\bin\debug\netcoreapp2.0\modelrelief.test.dll" id="59566bb1-047b-4ed3-a595-5fd5bc0ad365"><Execution id="8e39bfd2-2d5d-4459-bbf4-03aadeae0d35" /><TestMethod codeBase="D:\ModelRelief\ModelRelief.test\bin\Debug\netcoreapp2.0\ModelRelief.Test.dll" adapterTypeName="executor://xunit/VsTestRunner2/netcoreapp" className="ModelRelief.Test.Unit.DependencyManager.DependencyManagerTests" name="LucyDepthBufferFindsOneDependent" /></UnitTest><UnitTest name="GetList_ListReturnsCorrectCount" storage="d:\modelrelief\modelrelief.test\bin\debug\netcoreapp2.0\modelrelief.test.dll" id="4d18dee4-ac2b-4f25-9345-d9fa53c30438"><Execution id="637ebaa4-703f-4bb1-a955-4860ace3d0b8" /><TestMethod codeBase="D:\ModelRelief\ModelRelief.test\bin\Debug\netcoreapp2.0\ModelRelief.Test.dll" adapterTypeName="executor://xunit/VsTestRunner2/netcoreapp" className="ModelRelief.Test.Integration.DepthBuffers.DepthBuffersBaseIntegrationTests" name="GetList_ListReturnsCorrectCount" /></UnitTest><UnitTest name="Put_CanUpdateModel" storage="d:\modelrelief\modelrelief.test\bin\debug\netcoreapp2.0\modelrelief.test.dll" id="59616939-38ad-4413-b1e1-26419e1d75ec"><Execution id="dec8e38a-4ce5-4728-a7ce-e5c8f92d3e78" /><TestMethod codeBase="D:\ModelRelief\ModelRelief.test\bin\Debug\netcoreapp2.0\ModelRelief.Test.dll" adapterTypeName="executor://xunit/VsTestRunner2/netcoreapp" className="ModelRelief.Test.Integration.Models.ModelsBaseIntegrationTests" name="Put_CanUpdateModel" /></UnitTest></TestDefinitions><TestEntries><TestEntry testId="225e9782-4c84-464e-a35c-6b188ad7d5fa" executionId="a3bbd5c1-8ce7-4668-9bb9-318048a92259" testListId="8c84fa94-04c1-424b-9868-57a2d4851a1d" /><TestEntry testId="33bb6e45-7140-464b-88d4-f6099d3c2030" executionId="118acecd-264f-4f1e-b598-7a3d3a30d1b5" testListId="8c84fa94-04c1-424b-9868-57a2d4851a1d" /><TestEntry testId="3614fc55-eb80-46b0-9bbb-395810a8e24f" executionId="0f62a818-fdd1-4162-8b0c-38948f570194" testListId="8c84fa94-04c1-424b-9868-57a2d4851a1d" /><TestEntry testId="c7261db1-ad00-4c2d-989f-e7bdce67d432" executionId="cda6090a-04a2-48a1-86a6-23890ac39e2c" testListId="8c84fa94-04c1-424b-9868-57a2d4851a1d" /><TestEntry testId="c0870246-c9b1-48c9-9c3c-bd0138779fd3" executionId="c9167e07-0bc2-4adb-8994-08d9d23baff6" testListId="8c84fa94-04c1-424b-9868-57a2d4851a1d" /><TestEntry testId="dbb33ea8-5c8e-4fdd-b701-efd7b290281b" executionId="16329ea2-0f46-4310-8cb4-453233339898" testListId="8c84fa94-04c1-424b-9868-57a2d4851a1d" /><TestEntry testId="a302cc43-85a0-48b5-a5b7-08948155f077" executionId="d8685866-e216-4c03-b7aa-fd6d97e32517" testListId="8c84fa94-04c1-424b-9868-57a2d4851a1d" /><TestEntry testId="79a96a71-7e1c-4001-8f60-ac50361de651" executionId="57fc5cbd-d149-46bb-903f-9f4b118df3bd" testListId="8c84fa94-04c1-424b-9868-57a2d4851a1d" /><TestEntry testId="e91c16cb-4552-464a-ad6f-01cc110b2455" executionId="454bcd9b-b431-46e9-b0a0-2db21f5f2305" testListId="8c84fa94-04c1-424b-9868-57a2d4851a1d" /><TestEntry testId="ecbcb958-7df9-4b77-81df-05a8eccb2008" executionId="448faa43-7781-4250-8f86-2435195e62be" testListId="8c84fa94-04c1-424b-9868-57a2d4851a1d" /><TestEntry testId="21b6d198-1406-4d07-9fa8-6c0f1cb8d889" executionId="8205266b-160e-4ac4-a104-350cb3e8da9c" testListId="8c84fa94-04c1-424b-9868-57a2d4851a1d" /><TestEntry testId="c0af519c-d6a9-4763-82af-eb5d1fc68716" executionId="9dad8d38-4455-4f83-aa46-dfed979063b1" testListId="8c84fa94-04c1-424b-9868-57a2d4851a1d" /><TestEntry testId="8040795e-080b-42fc-9f00-bb871e0b72f0" executionId="a1fa802c-b059-4d27-9422-d4d6ce2c904c" testListId="8c84fa94-04c1-424b-9868-57a2d4851a1d" /><TestEntry testId="2bbe3438-1ce4-4686-86d4-b048d2400b46" executionId="a85fd841-e2a1-46e0-bfe1-5206bce04103" testListId="8c84fa94-04c1-424b-9868-57a2d4851a1d" /><TestEntry testId="d762aaf7-2d04-4267-90aa-1fc80e59eaf4" executionId="211e25b3-0eb9-477b-8438-081dae0d9392" testListId="8c84fa94-04c1-424b-9868-57a2d4851a1d" /><TestEntry testId="8a0962e1-e9ed-4223-8e2e-38a5bcab333b" executionId="175f1088-7ec9-42a3-a71c-d004aadbb88c" testListId="8c84fa94-04c1-424b-9868-57a2d4851a1d" /><TestEntry testId="dcd2a58c-c4ea-46a8-9a52-f2d8108c0fb2" executionId="ca371435-0cb1-4c6b-b0ce-8f25c77b1a0c" testListId="8c84fa94-04c1-424b-9868-57a2d4851a1d" /><TestEntry testId="f012d15c-5fb9-4850-9992-66b0e52d782f" executionId="44a022b2-9aaf-497b-a4cc-0c7547e6b578" testListId="8c84fa94-04c1-424b-9868-57a2d4851a1d" /><TestEntry testId="db8a7a1c-8311-4f55-b243-af83feb7a752" executionId="b9a9b629-9135-4d57-a8b1-6e1a25035fc6" testListId="8c84fa94-04c1-424b-9868-57a2d4851a1d" /><TestEntry testId="5935f7d3-087a-489f-8d94-5f4cdb0a3388" executionId="20728afa-bca6-4e1a-857d-3d0dae4a1bd2" testListId="8c84fa94-04c1-424b-9868-57a2d4851a1d" /><TestEntry testId="7ea1f2be-d8e2-4fa1-9ca6-4771f2522e8c" executionId="c0a31844-7068-49eb-83c6-8693e7d909f2" testListId="8c84fa94-04c1-424b-9868-57a2d4851a1d" /><TestEntry testId="9ef96a71-2e8d-48bd-83b2-52e5a6145ed6" executionId="9292cd00-2e39-4c2c-afb5-898043ad70fd" testListId="8c84fa94-04c1-424b-9868-57a2d4851a1d" /><TestEntry testId="082c813b-24f3-4d09-9095-73794b2d2d3e" executionId="d8ad5ca7-af74-48d0-beac-5b0cf5c85063" testListId="8c84fa94-04c1-424b-9868-57a2d4851a1d" /><TestEntry testId="18878041-9722-40b2-8a4a-eb8b409f01fa" executionId="a4c86edf-a5dd-4ad3-870d-cbd71af3cee3" testListId="8c84fa94-04c1-424b-9868-57a2d4851a1d" /><TestEntry testId="08381b35-5b6d-4543-a632-6f52753c4267" executionId="f584e8c9-f08a-4a70-a012-1ef91a76691d" testListId="8c84fa94-04c1-424b-9868-57a2d4851a1d" /><TestEntry testId="dc82b233-4344-4e9b-960f-7648e422ea77" executionId="1e47f275-5139-4829-a038-25a70a2acfaf" testListId="8c84fa94-04c1-424b-9868-57a2d4851a1d" /><TestEntry testId="59566bb1-047b-4ed3-a595-5fd5bc0ad365" executionId="8e39bfd2-2d5d-4459-bbf4-03aadeae0d35" testListId="8c84fa94-04c1-424b-9868-57a2d4851a1d" /><TestEntry testId="4d18dee4-ac2b-4f25-9345-d9fa53c30438" executionId="637ebaa4-703f-4bb1-a955-4860ace3d0b8" testListId="8c84fa94-04c1-424b-9868-57a2d4851a1d" /><TestEntry testId="37347d3a-681c-4299-ac87-91968acbef0c" executionId="6608d21c-7cda-4aa4-874a-0a16f43e7169" testListId="8c84fa94-04c1-424b-9868-57a2d4851a1d" /><TestEntry testId="8b34eb81-6360-474f-8548-41ca26f1e957" executionId="03ed4ab7-e2f9-4a54-9fa0-415d59a2f5dd" testListId="8c84fa94-04c1-424b-9868-57a2d4851a1d" /><TestEntry testId="c45c865b-368d-4e98-8c5b-5e1e3037d113" executionId="37179ec8-5255-44f0-a513-47e6ac136238" testListId="8c84fa94-04c1-424b-9868-57a2d4851a1d" /><TestEntry testId="dc2e95e2-b798-4bf2-a17a-eb7306aecd6a" executionId="eca064c4-2b84-4c6f-bfeb-12caeed7f217" testListId="8c84fa94-04c1-424b-9868-57a2d4851a1d" /><TestEntry testId="2bcbaa96-f1b2-4d94-85ad-88f292f7b152" executionId="8347cab5-18c2-411e-a76c-7e1977641d64" testListId="8c84fa94-04c1-424b-9868-57a2d4851a1d" /><TestEntry testId="f5d066e2-73f5-4080-95f4-c012d5ff290c" executionId="59142b4f-9b7e-4de6-b442-ba88c3535e57" testListId="8c84fa94-04c1-424b-9868-57a2d4851a1d" /><TestEntry testId="d4955f15-1be0-44aa-aa45-ba58bb4568b2" executionId="34a7903b-ea52-4ee6-8e45-5dd1f925e84a" testListId="8c84fa94-04c1-424b-9868-57a2d4851a1d" /><TestEntry testId="62e841e6-7564-4726-b653-d254b600120f" executionId="b53ff953-724a-4332-b529-8d5df2d64ffe" testListId="8c84fa94-04c1-424b-9868-57a2d4851a1d" /><TestEntry testId="165f88c2-a26d-4caf-a1fc-5afdafda6419" executionId="116da2c2-fed6-4324-8f06-bb9500cbfef4" testListId="8c84fa94-04c1-424b-9868-57a2d4851a1d" /><TestEntry testId="b51cd692-3f27-4053-b238-b9138e76a5bb" executionId="f1712535-aa23-4cdf-9635-31dfcf8eab40" testListId="8c84fa94-04c1-424b-9868-57a2d4851a1d" /><TestEntry testId="9b1952fe-e0dd-48bf-addb-7df60e854ad5" executionId="f0137aef-7657-4380-b5ee-bc48b1318dbb" testListId="8c84fa94-04c1-424b-9868-57a2d4851a1d" /><TestEntry testId="2d59deef-c5e6-46a0-a554-740be5e21523" executionId="57430b61-b050-4415-a0f9-4ef7d6f0b02f" testListId="8c84fa94-04c1-424b-9868-57a2d4851a1d" /><TestEntry testId="b6b19a4a-5355-4b2c-af2a-32b3f523920d" executionId="e91a7ef4-bc9d-407f-8459-4cfe3d288bbe" testListId="8c84fa94-04c1-424b-9868-57a2d4851a1d" /><TestEntry testId="e0f6a107-7e17-4df1-aa2d-33bf4ba80be8" executionId="abaca0fb-df92-42dd-92c0-02ad8d4f7d23" testListId="8c84fa94-04c1-424b-9868-57a2d4851a1d" /><TestEntry testId="fadd0852-e529-4a6b-a9d9-d1efd1fcd49f" executionId="74979dc4-5628-435a-a966-74e6e8dde246" testListId="8c84fa94-04c1-424b-9868-57a2d4851a1d" /><TestEntry testId="b6fa23e5-bc1a-4867-b6d8-c6f250e418ce" executionId="a4a615d1-17a1-4f0c-a844-1e441fe8fc4b" testListId="8c84fa94-04c1-424b-9868-57a2d4851a1d" /><TestEntry testId="a01db3de-01d5-4d63-89a9-8809e4cbb755" executionId="92cd5b76-c396-4d5f-b07d-6f217473e69f" testListId="8c84fa94-04c1-424b-9868-57a2d4851a1d" /><TestEntry testId="7be0be6b-cb72-4cc8-9d0d-f4aaf9ebbc4a" executionId="b5d46004-8de3-473a-9a82-954b6bf6b785" testListId="8c84fa94-04c1-424b-9868-57a2d4851a1d" /><TestEntry testId="f3707525-eb2c-4923-af1b-d1bf36daf8a2" executionId="8a0bf23d-16d8-4d05-9f4f-4f2df5c3ac33" testListId="8c84fa94-04c1-424b-9868-57a2d4851a1d" /><TestEntry testId="9a4d5656-2489-41d1-be63-5f3b5bc92b5e" executionId="ea0be4f9-51bc-46b3-aca8-fd86f8dfcaeb" testListId="8c84fa94-04c1-424b-9868-57a2d4851a1d" /><TestEntry testId="32a44b05-4224-4f22-9272-8507af0263ad" executionId="2d16e148-a051-4a85-a309-b404d516b8bc" testListId="8c84fa94-04c1-424b-9868-57a2d4851a1d" /><TestEntry testId="dddeca60-ac50-41b2-937c-5cfc1cb65b48" executionId="77f7a69a-9b84-4844-abcd-7ac2fe73d66a" testListId="8c84fa94-04c1-424b-9868-57a2d4851a1d" /><TestEntry testId="b16c939e-eb46-4568-ae51-e1ee94316101" executionId="23675e7b-5095-4c48-9522-9e6b7b105aed" testListId="8c84fa94-04c1-424b-9868-57a2d4851a1d" /><TestEntry testId="7fb863e8-5de8-4cfe-af84-0253723c5fb6" executionId="1d95beac-24ef-45d3-bac0-f438c065d734" testListId="8c84fa94-04c1-424b-9868-57a2d4851a1d" /><TestEntry testId="57386aba-235b-4eb8-a9f0-a55de560ae9f" executionId="4ce19341-df6f-4143-a52a-eddc7650b973" testListId="8c84fa94-04c1-424b-9868-57a2d4851a1d" /><TestEntry testId="e9f152ad-76a2-40c3-83c1-913b68b8b0ca" executionId="bab23119-ed29-445e-b437-d0da751acf5c" testListId="8c84fa94-04c1-424b-9868-57a2d4851a1d" /><TestEntry testId="f5d30b64-d709-4fc3-9751-233aebeed693" executionId="a9168f92-8534-4c0f-b476-af7fbe7566a1" testListId="8c84fa94-04c1-424b-9868-57a2d4851a1d" /><TestEntry testId="f6ace125-cab5-41f5-bdef-41a7da18ec17" executionId="6e4bd42b-9450-42e2-939d-cb414a25b4c3" testListId="8c84fa94-04c1-424b-9868-57a2d4851a1d" /><TestEntry testId="5306d110-19a6-4fc0-a232-f11e47ec34cf" executionId="6bc06908-6a32-4700-8c17-a22a6862ba53" testListId="8c84fa94-04c1-424b-9868-57a2d4851a1d" /><TestEntry testId="71e553e3-962e-45d4-aeb3-d9dd7f9607a6" executionId="cb0eccec-d90c-4f8a-b411-d0d2dd8a471a" testListId="8c84fa94-04c1-424b-9868-57a2d4851a1d" /><TestEntry testId="269db453-59c4-42f6-92bb-ad81a522d325" executionId="bae22b6f-0a76-4f4a-aee3-55bf03cacb7f" testListId="8c84fa94-04c1-424b-9868-57a2d4851a1d" /><TestEntry testId="0eaf1919-f68a-4227-87c5-0f2e0d14c40d" executionId="1487abbd-6843-45b7-b31f-6a28894281cd" testListId="8c84fa94-04c1-424b-9868-57a2d4851a1d" /><TestEntry testId="24183617-22c9-4391-af1b-39102789b3d3" executionId="d8813611-1674-4e48-aee6-825da87e3d8a" testListId="8c84fa94-04c1-424b-9868-57a2d4851a1d" /><TestEntry testId="957ce407-3365-4c69-8ef6-267f3ebb76b8" executionId="14a0fcd9-3ba4-4117-b5b9-0827d0934abf" testListId="8c84fa94-04c1-424b-9868-57a2d4851a1d" /><TestEntry testId="6a34a3c9-dffc-46bf-bf49-bf82ec18d7cf" executionId="f30e0f25-57c1-4b46-b63a-e266e02d38c4" testListId="8c84fa94-04c1-424b-9868-57a2d4851a1d" /><TestEntry testId="26971a86-f83c-414c-8a61-6d634cce9bba" executionId="b607dadb-32f1-47a6-bed6-4b2b484c2857" testListId="8c84fa94-04c1-424b-9868-57a2d4851a1d" /><TestEntry testId="fe12611d-69a6-41b3-b71b-c0d0aacbd83e" executionId="adb75ec7-aaf8-48a7-93b5-f14362920046" testListId="8c84fa94-04c1-424b-9868-57a2d4851a1d" /><TestEntry testId="d4b4d62b-b71d-48af-b929-b9bc921d4cff" executionId="ce77338e-c8bc-47b2-8e2a-84ad986ef983" testListId="8c84fa94-04c1-424b-9868-57a2d4851a1d" /><TestEntry testId="34183d31-9f29-4130-88ad-1bc1bf273e75" executionId="220e6e60-4059-45da-998a-9c731e0231c2" testListId="8c84fa94-04c1-424b-9868-57a2d4851a1d" /><TestEntry testId="0ad83f0a-4611-4893-aaf4-ec875af2f850" executionId="fd5e16f0-1962-4008-9b19-62af44bdf78a" testListId="8c84fa94-04c1-424b-9868-57a2d4851a1d" /><TestEntry testId="202dc079-9901-48d9-8cdd-fb61ef3c13da" executionId="581d8483-19bb-4d38-9753-ace70a0e3e86" testListId="8c84fa94-04c1-424b-9868-57a2d4851a1d" /><TestEntry testId="88f21a50-8c62-454a-86e4-25354793cd6e" executionId="8ada9b40-fcb9-4c0c-a345-2c089acd981f" testListId="8c84fa94-04c1-424b-9868-57a2d4851a1d" /><TestEntry testId="82462613-6af4-44f9-b8d3-5853fe21aa0f" executionId="3f511a7b-0b32-4beb-84b1-1275c9322ad0" testListId="8c84fa94-04c1-424b-9868-57a2d4851a1d" /><TestEntry testId="2901138b-c4e2-4810-92f6-467eb552df47" executionId="b6f640eb-de04-40fa-a6ea-b31ca6689eda" testListId="8c84fa94-04c1-424b-9868-57a2d4851a1d" /><TestEntry testId="80d74023-3438-4ac9-bfdb-0715d55d2922" executionId="e39a9fd1-35eb-4d1e-9c0c-87eadb27262e" testListId="8c84fa94-04c1-424b-9868-57a2d4851a1d" /><TestEntry testId="b641d4a9-484b-469f-bd53-6022a4305254" executionId="767c188f-6967-4490-9ea6-6825e4312dc8" testListId="8c84fa94-04c1-424b-9868-57a2d4851a1d" /><TestEntry testId="3e0c04be-9d9b-4688-8592-338172c5554b" executionId="65f06e92-bb68-4cc1-907e-868921978f36" testListId="8c84fa94-04c1-424b-9868-57a2d4851a1d" /><TestEntry testId="c8bb15a9-5668-4137-83a1-efba7d2d6863" executionId="2d52d93f-823e-4e15-a095-d6a7a01b081e" testListId="8c84fa94-04c1-424b-9868-57a2d4851a1d" /><TestEntry testId="dbf1c28c-57a1-4310-8075-1cd3c7c78ad7" executionId="ebbaadfe-94be-434b-b125-9d6583cb0200" testListId="8c84fa94-04c1-424b-9868-57a2d4851a1d" /><TestEntry testId="29e3b1f1-8091-41a8-b2f6-38abd63fb967" executionId="b5c18d08-aa28-46e2-a0ae-4e8622eda5ab" testListId="8c84fa94-04c1-424b-9868-57a2d4851a1d" /><TestEntry testId="17106ace-d5e1-481e-b1b8-9369245dd391" executionId="d06cceb8-f75d-457f-bb2d-9a83b1fecb3d" testListId="8c84fa94-04c1-424b-9868-57a2d4851a1d" /><TestEntry testId="768665cc-b88c-4ef8-aa25-fdf853f23c63" executionId="c769e638-8234-4a40-aec1-a411e06bcda3" testListId="8c84fa94-04c1-424b-9868-57a2d4851a1d" /><TestEntry testId="7d1e49df-0f13-42c7-acc6-3f418a13fa1c" executionId="65a374b5-fc6e-42e0-b2b3-cd5ff2844529" testListId="8c84fa94-04c1-424b-9868-57a2d4851a1d" /><TestEntry testId="8b40b63e-f3e6-4432-ab82-e935a3b7a6eb" executionId="f24e3a74-8b96-4cd1-87af-5ab405d3de7d" testListId="8c84fa94-04c1-424b-9868-57a2d4851a1d" /><TestEntry testId="2a2d18ae-f276-4846-b389-32c0ca1351df" executionId="12bd9358-9dce-4ec7-a4fa-9fe4e10b7460" testListId="8c84fa94-04c1-424b-9868-57a2d4851a1d" /><TestEntry testId="34bfbd49-60e5-495b-9939-98146933f483" executionId="d8e13ee0-c9a5-41cf-b9b4-7d1fc4fc3c12" testListId="8c84fa94-04c1-424b-9868-57a2d4851a1d" /><TestEntry testId="71af4438-e5c9-48bb-a272-7c5d595ec8f9" executionId="e151bbc7-beb1-4e1b-84f1-2d3667718572" testListId="8c84fa94-04c1-424b-9868-57a2d4851a1d" /><TestEntry testId="e39e28e8-d195-40ed-9fbf-e16907caaa43" executionId="8b3e15c9-9537-4db7-8d57-b824fdce186f" testListId="8c84fa94-04c1-424b-9868-57a2d4851a1d" /><TestEntry testId="15f29686-72ae-44ab-a1f2-ada502368e23" executionId="89329f78-bd4f-4e2a-a8c0-764c1b84975e" testListId="8c84fa94-04c1-424b-9868-57a2d4851a1d" /><TestEntry testId="609a8f0e-dda7-42e2-9829-1a0e324c2e38" executionId="e2a7fab9-7dc4-4351-8c1f-6c4df8d0cdb3" testListId="8c84fa94-04c1-424b-9868-57a2d4851a1d" /><TestEntry testId="53fa5ca3-fdf6-4b98-aabd-c99f76f1c5fa" executionId="45745368-cfe0-4b02-8404-c34c7ca560b7" testListId="8c84fa94-04c1-424b-9868-57a2d4851a1d" /><TestEntry testId="39e0ec95-5859-4111-9fc3-71b28b92d9a9" executionId="0062dead-a323-45ac-87df-8106f3e8964c" testListId="8c84fa94-04c1-424b-9868-57a2d4851a1d" /><TestEntry testId="84e47790-c8af-4ae8-8212-087561157ca7" executionId="0113fdd4-68c3-4fd9-850d-852f48bea2a3" testListId="8c84fa94-04c1-424b-9868-57a2d4851a1d" /><TestEntry testId="59616939-38ad-4413-b1e1-26419e1d75ec" executionId="dec8e38a-4ce5-4728-a7ce-e5c8f92d3e78" testListId="8c84fa94-04c1-424b-9868-57a2d4851a1d" /><TestEntry testId="54251b5c-45ea-4fad-a34b-7e82128b290b" executionId="192eec65-a697-4be3-a81d-2868b9128324" testListId="8c84fa94-04c1-424b-9868-57a2d4851a1d" /><TestEntry testId="f1ebd5c1-1ba8-4eb0-bae7-1b0e0836dce8" executionId="348f7911-3b63-4b89-835c-26a41beafaf6" testListId="8c84fa94-04c1-424b-9868-57a2d4851a1d" /><TestEntry testId="1bb2c855-3d85-4c75-82ee-78afd103f1e2" executionId="e215381c-8f1f-4261-a31f-6dbc38d07637" testListId="8c84fa94-04c1-424b-9868-57a2d4851a1d" /><TestEntry testId="57b3f79e-b293-4c58-bfba-90c6a44b5538" executionId="eb2d47ce-6ba8-4ea2-b806-d64feacfab8a" testListId="8c84fa94-04c1-424b-9868-57a2d4851a1d" /><TestEntry testId="5da16b86-7677-48e8-88a6-251385d313b6" executionId="244cdfde-8eb2-47f5-b859-625d68fdf594" testListId="8c84fa94-04c1-424b-9868-57a2d4851a1d" /><TestEntry testId="01bbdcec-f71e-46d3-9af6-b7c02b130248" executionId="70c343c1-7c2b-43c4-bbf3-05a0a9339a28" testListId="8c84fa94-04c1-424b-9868-57a2d4851a1d" /><TestEntry testId="a24578e3-f3be-4d30-bec9-eed918147847" executionId="5ac09881-268c-47e1-8fa3-ce6778e9117b" testListId="8c84fa94-04c1-424b-9868-57a2d4851a1d" /><TestEntry testId="ae83a5ef-5a5b-42e9-9f91-f6a0a6543961" executionId="3f29c19e-a30b-491e-9ff0-dfebb1877911" testListId="8c84fa94-04c1-424b-9868-57a2d4851a1d" /><TestEntry testId="2642c6b5-8853-4e8f-855e-647f4cc1640d" executionId="23464e3c-6eb3-4a18-8b01-5501d9fbc802" testListId="8c84fa94-04c1-424b-9868-57a2d4851a1d" /><TestEntry testId="ff161c54-af0b-43a0-84d9-9b5324cfc359" executionId="c2943195-ef08-481f-86b8-ce45ae82d14f" testListId="8c84fa94-04c1-424b-9868-57a2d4851a1d" /><TestEntry testId="78637832-6168-47c9-9e4b-fc7bb80b38ff" executionId="9efa5f3c-8aff-4e5b-92e4-621a6deaa867" testListId="8c84fa94-04c1-424b-9868-57a2d4851a1d" /><TestEntry testId="7a188967-c407-4fa0-a7f1-b1bf37696eb7" executionId="6363f7b3-989f-4f51-b55f-0f3278f4313f" testListId="8c84fa94-04c1-424b-9868-57a2d4851a1d" /><TestEntry testId="a4a8c097-9cd4-4368-8102-9811601ff1d3" executionId="6e934eb9-8177-4007-a2fc-c50347d89bb9" testListId="8c84fa94-04c1-424b-9868-57a2d4851a1d" /><TestEntry testId="ae12c50a-f353-422d-97a4-030b00a77829" executionId="469472b8-f312-433b-a029-125915fb765b" testListId="8c84fa94-04c1-424b-9868-57a2d4851a1d" /><TestEntry testId="6c742888-1b6d-4b26-8713-3d05ec4fd10d" executionId="55d91811-762f-4b3e-82e6-11ce2f56290e" testListId="8c84fa94-04c1-424b-9868-57a2d4851a1d" /><TestEntry testId="61ccc0d0-8045-4562-997d-8b49430fcec4" executionId="630b418a-f73a-4a77-b034-4f5ba314c070" testListId="8c84fa94-04c1-424b-9868-57a2d4851a1d" /><TestEntry testId="160c477d-c8a6-41fe-928b-f2f18beecb66" executionId="1b591810-1ff3-41a5-9ee3-9b1cc87e88f1" testListId="8c84fa94-04c1-424b-9868-57a2d4851a1d" /><TestEntry testId="ce2e74f1-fd7f-46ae-bb26-5273d927daed" executionId="2a21c0b6-971c-469c-b45a-49fc1a168ad9" testListId="8c84fa94-04c1-424b-9868-57a2d4851a1d" /><TestEntry testId="ce7fa854-3fc1-44bd-a7b8-75a6428aa8fb" executionId="fdb7b4c3-f137-475e-a368-0a391f4cdfe2" testListId="8c84fa94-04c1-424b-9868-57a2d4851a1d" /><TestEntry testId="508be7a1-b266-48c9-bea0-5964fd5eb46c" executionId="1ba51feb-b53f-4699-bfe8-11f83d0ecd23" testListId="8c84fa94-04c1-424b-9868-57a2d4851a1d" /><TestEntry testId="148f324b-4342-448f-8ce3-0985c9a67499" executionId="c55aeca6-d925-47bd-96d1-86d7e4d5ce34" testListId="8c84fa94-04c1-424b-9868-57a2d4851a1d" /><TestEntry testId="965b4b33-ab88-4c60-ae62-6d13ad326dcc" executionId="b3c16e37-b1c8-47d4-a0db-8e080e7a7198" testListId="8c84fa94-04c1-424b-9868-57a2d4851a1d" /><TestEntry testId="d2d469f1-5475-4ac7-9799-f2e2e6a94a02" executionId="53933952-29b8-4e71-b6ab-21ca1e73f86c" testListId="8c84fa94-04c1-424b-9868-57a2d4851a1d" /><TestEntry testId="fbe788fd-bb9a-4f76-ab67-710c1c53e4e7" executionId="e9ae0bae-267c-48fa-951f-03d11c44e78d" testListId="8c84fa94-04c1-424b-9868-57a2d4851a1d" /><TestEntry testId="61d28f95-b325-4424-a993-409b0c55f396" executionId="3be3d451-3f07-4e30-a918-057d3840b4cd" testListId="8c84fa94-04c1-424b-9868-57a2d4851a1d" /><TestEntry testId="20f0dab1-b597-401a-98e0-4edc3a0e2399" executionId="8d610820-c975-4b7b-9f86-5285c71c9edc" testListId="8c84fa94-04c1-424b-9868-57a2d4851a1d" /><TestEntry testId="e8442a39-9234-457e-9198-4ef108aba11d" executionId="4ac551e7-fd3f-43f4-ba71-f646a78ddd28" testListId="8c84fa94-04c1-424b-9868-57a2d4851a1d" /><TestEntry testId="1535b671-fe5a-4af5-87f5-bd8d1d0b998a" executionId="e076d237-f3e1-48a9-a331-6ac815e583be" testListId="8c84fa94-04c1-424b-9868-57a2d4851a1d" /><TestEntry testId="b69a92ab-420b-4b49-b5a8-368515b5d6ce" executionId="0b9dff6a-f44d-4216-b82d-e58101adc4bb" testListId="8c84fa94-04c1-424b-9868-57a2d4851a1d" /><TestEntry testId="e92157f1-027a-4190-a206-139c09d8af29" executionId="6c44c6c5-5659-4556-a210-7ff1dd601ade" testListId="8c84fa94-04c1-424b-9868-57a2d4851a1d" /><TestEntry testId="62ce3935-0ff4-47f3-943d-fe2caf7744bd" executionId="4ed8ae47-4450-45d5-9c84-f5b1eb3bef31" testListId="8c84fa94-04c1-424b-9868-57a2d4851a1d" /><TestEntry testId="ed76a1f7-fd1a-4240-bb89-87d7ef40c79d" executionId="e8407c23-69fd-4f3e-befa-777c08c360c0" testListId="8c84fa94-04c1-424b-9868-57a2d4851a1d" /><TestEntry testId="9d098e4d-17d2-418c-af3d-bc5cbc7a6c03" executionId="65e85156-80da-42f7-a47f-9cced7c2fcbf" testListId="8c84fa94-04c1-424b-9868-57a2d4851a1d" /><TestEntry testId="f7a05d00-3b64-4c3d-a815-77c2065bf926" executionId="b440da4c-545d-45b8-b8c3-d8bacbc06991" testListId="8c84fa94-04c1-424b-9868-57a2d4851a1d" /><TestEntry testId="89037e73-3994-4acb-b9d4-ff6c2e882d16" executionId="9fdba80b-27d5-45f2-bb02-0a24a1539eb9" testListId="8c84fa94-04c1-424b-9868-57a2d4851a1d" /><TestEntry testId="5f6383bd-8ff0-4fa8-b410-c337f23192f1" executionId="8d8ece1c-739d-4031-8d1d-55769552090e" testListId="8c84fa94-04c1-424b-9868-57a2d4851a1d" /><TestEntry testId="e54c6f3a-c678-45d0-bf44-20fae71566e2" executionId="798fd5c4-59e9-4a70-b8f1-1c3bf0639c48" testListId="8c84fa94-04c1-424b-9868-57a2d4851a1d" /><TestEntry testId="db0ff877-68d3-4f93-a6d8-048a391ba83a" executionId="6e728cb3-e734-49e0-95ba-d248ffd22e2a" testListId="8c84fa94-04c1-424b-9868-57a2d4851a1d" /><TestEntry testId="9797601c-08ed-40d4-ad31-73e5f5a6f370" executionId="48aee0d3-d517-4852-b521-fa75d0426110" testListId="8c84fa94-04c1-424b-9868-57a2d4851a1d" /><TestEntry testId="b599f87c-dc51-49f1-be2c-a3be97eafffe" executionId="c6f45ed9-d1a2-42ca-a341-44e46d0073a7" testListId="8c84fa94-04c1-424b-9868-57a2d4851a1d" /><TestEntry testId="aee1d4fb-1075-4158-a6c7-f4ba7c8cf927" executionId="a93e84ca-c291-4a4d-876a-806f13a2d19f" testListId="8c84fa94-04c1-424b-9868-57a2d4851a1d" /><TestEntry testId="6d8a5d5e-60c7-42bc-93e8-03e3e9ee76d4" executionId="29134f69-2e92-41c6-8e38-35d785478a87" testListId="8c84fa94-04c1-424b-9868-57a2d4851a1d" /><TestEntry testId="b7f10548-9670-45f0-adfc-2e3e4ad5aedb" executionId="a8bb5152-a745-4eb5-b7a7-7071b031bad2" testListId="8c84fa94-04c1-424b-9868-57a2d4851a1d" /><TestEntry testId="4f29bfd5-b50d-48ff-8b74-2bacfa34bc41" executionId="d303ca35-3f90-4d69-bfa8-d8a17b85f2f9" testListId="8c84fa94-04c1-424b-9868-57a2d4851a1d" /><TestEntry testId="a80cd02c-a190-4dfd-96d5-081420188fe8" executionId="160e86bf-40ab-4014-b351-6981431307aa" testListId="8c84fa94-04c1-424b-9868-57a2d4851a1d" /><TestEntry testId="f6a01fe5-1736-4932-9353-68e7f57284a8" executionId="c6a810d7-c35a-4fbd-a4a5-7ef39ae5cf58" testListId="8c84fa94-04c1-424b-9868-57a2d4851a1d" /><TestEntry testId="039355bc-9bd8-414d-a8d9-020046082b7d" executionId="ddba7c30-16a4-4d2e-9590-f6dff888916d" testListId="8c84fa94-04c1-424b-9868-57a2d4851a1d" /><TestEntry testId="34af829c-3b31-4b45-a6ca-6b14d36f906e" executionId="2020b390-3351-4da5-8d5f-8f76519a8908" testListId="8c84fa94-04c1-424b-9868-57a2d4851a1d" /><TestEntry testId="3868fcd3-e795-495b-b61a-d32944ef1c5f" executionId="3d6c71bc-1967-462c-8730-c7552be79476" testListId="8c84fa94-04c1-424b-9868-57a2d4851a1d" /><TestEntry testId="077fd5f4-63d5-47df-94af-67ffe4f4730b" executionId="915922c5-7883-4baa-b69e-aa1d361cb6d4" testListId="8c84fa94-04c1-424b-9868-57a2d4851a1d" /><TestEntry testId="77547079-d66e-463f-bc9f-0045e299c950" executionId="92f4f599-1ad4-4c8e-bb17-113e14a64717" testListId="8c84fa94-04c1-424b-9868-57a2d4851a1d" /><TestEntry testId="8123531c-0f6d-4f9b-8c27-77845111d2b2" executionId="cf7c5174-5976-4e67-ba47-6880cfcd2f2b" testListId="8c84fa94-04c1-424b-9868-57a2d4851a1d" /><TestEntry testId="c8728916-5c9e-4e97-8574-1fa20d13d1a7" executionId="2ea6d72f-d061-4081-abd7-6867c723b06c" testListId="8c84fa94-04c1-424b-9868-57a2d4851a1d" /><TestEntry testId="6c47add5-fed2-4f25-b567-6ce58ab90608" executionId="5341208b-cec9-4ed3-bc9e-ef60cee00dbc" testListId="8c84fa94-04c1-424b-9868-57a2d4851a1d" /><TestEntry testId="385e8282-8372-4186-a69c-a2452b913d35" executionId="04330013-ea43-439e-9833-c7dd449368cf" testListId="8c84fa94-04c1-424b-9868-57a2d4851a1d" /><TestEntry testId="e93e0494-ed77-4bcb-a629-e6e385f4091e" executionId="fc170177-dad3-4dc1-8d39-f424a2e8ffa9" testListId="8c84fa94-04c1-424b-9868-57a2d4851a1d" /><TestEntry testId="a4ab8d5e-126f-4a64-8ffa-d8f8468afe37" executionId="c8c29f45-e3c6-4986-b941-c174ecf46f5e" testListId="8c84fa94-04c1-424b-9868-57a2d4851a1d" /><TestEntry testId="8034ac10-c8e7-4772-9b4b-a841b1461749" executionId="a1ff4cdb-1f8b-4191-b7a1-fd06b8c7ffaa" testListId="8c84fa94-04c1-424b-9868-57a2d4851a1d" /><TestEntry testId="678538c9-6e7d-42fe-aa68-a2e77cfb6193" executionId="6fbdf3bf-9839-40cc-967d-b8c74b2620ae" testListId="8c84fa94-04c1-424b-9868-57a2d4851a1d" /></TestEntries><TestLists><TestList name="Results Not in a List" id="8c84fa94-04c1-424b-9868-57a2d4851a1d" /><TestList name="All Loaded Results" id="19431567-8539-422a-85d7-44ee4e166bda" /></TestLists><ResultSummary outcome="Completed"><Counters total="151" executed="151" passed="151" failed="0" error="0" timeout="0" aborted="0" inconclusive="0" passedButRunAborted="0" notRunnable="0" notExecuted="0" disconnected="0" warning="0" completed="0" inProgress="0" pending="0" /><Output><StdOut>[xUnit.net 00:00:01.3092637]   Discovering: ModelRelief.Test[xUnit.net 00:00:01.4440872]   Discovered:  ModelRelief.Test[xUnit.net 00:00:01.4507116]   Starting:    ModelRelief.Test[xUnit.net 00:00:41.2574914]   Finished:    ModelRelief.Test</StdOut></Output></ResultSummary></TestRun>