<?xml version="1.0" encoding="utf-8"?><TestRun id="e7334e7d-6838-4291-bd23-6b8870b70622" name="Steve Knipmeyer@VECTOR 2018-08-21 11:28:57" runUser="VECTOR\Steve Knipmeyer" xmlns="http://microsoft.com/schemas/VisualStudio/TeamTest/2010"><Times creation="2018-08-21T11:28:57.3398263-04:00" queuing="2018-08-21T11:28:57.3398428-04:00" start="2018-08-21T11:28:53.1258739-04:00" finish="2018-08-21T11:29:34.2707466-04:00" /><TestSettings name="default" id="c30feb5f-427c-479d-8bf8-f9fe12f72605"><Deployment runDeploymentRoot="Steve_Knipmeyer_VECTOR_2018-08-21_11_28_57" /></TestSettings><Results><UnitTestResult executionId="9a41bc57-d387-46ce-a982-f13d92755d89" testId="58e94b89-d5a4-4884-b623-82804ad4223f" testName="CameraHasExpectedDependentFiles" computerName="VECTOR" duration="00:00:00.0010000" startTime="2018-08-21T11:28:56.6002219-04:00" endTime="2018-08-21T11:28:56.6002234-04:00" testType="13cdc9d9-ddb5-4fa4-a97d-d965ccfc6d4b" outcome="Passed" testListId="8c84fa94-04c1-424b-9868-57a2d4851a1d" relativeResultsDirectory="9a41bc57-d387-46ce-a982-f13d92755d89" /><UnitTestResult executionId="81e6bb07-6739-438a-91d5-43438e3b457a" testId="c3783916-55e8-435a-ae50-b7b85912788e" testName="Patch_MultipleInvalidReferencePropertiesReturnsMultipleValidationErrorsAndBadRequest" computerName="VECTOR" duration="00:00:00.0320000" startTime="2018-08-21T11:29:05.1171130-04:00" endTime="2018-08-21T11:29:05.1171194-04:00" testType="13cdc9d9-ddb5-4fa4-a97d-d965ccfc6d4b" outcome="Passed" testListId="8c84fa94-04c1-424b-9868-57a2d4851a1d" relativeResultsDirectory="81e6bb07-6739-438a-91d5-43438e3b457a" /><UnitTestResult executionId="b187a280-9d93-4f0b-af1c-1754de228784" testId="726114a8-4a82-4674-bcfd-5f8fcc92d77e" testName="GetSingle_ValidIdPropertyValueReturnsCorrectModel" computerName="VECTOR" duration="00:00:00.0170000" startTime="2018-08-21T11:28:58.5677299-04:00" endTime="2018-08-21T11:28:58.5677356-04:00" testType="13cdc9d9-ddb5-4fa4-a97d-d965ccfc6d4b" outcome="Passed" testListId="8c84fa94-04c1-424b-9868-57a2d4851a1d" relativeResultsDirectory="b187a280-9d93-4f0b-af1c-1754de228784" /><UnitTestResult executionId="3b2addd3-6d01-43bc-8e1e-9301e630155c" testId="11138830-ae77-4f9f-8f0e-868a9d74f033" testName="GetFile_FileCanBeRoundTripped" computerName="VECTOR" duration="00:00:00.3990000" startTime="2018-08-21T11:29:15.6899794-04:00" endTime="2018-08-21T11:29:15.6899861-04:00" testType="13cdc9d9-ddb5-4fa4-a97d-d965ccfc6d4b" outcome="Passed" testListId="8c84fa94-04c1-424b-9868-57a2d4851a1d" relativeResultsDirectory="3b2addd3-6d01-43bc-8e1e-9301e630155c" /><UnitTestResult executionId="59e43cd4-08bf-4638-b093-c435ed718d84" testId="ff40af7d-aeee-4743-89fe-f502ce6e724c" testName="Patch_MultipleInvalidReferencePropertiesReturnsMultipleValidationErrorsAndBadRequest" computerName="VECTOR" duration="00:00:00.0360000" startTime="2018-08-21T11:29:33.0839925-04:00" endTime="2018-08-21T11:29:33.0839987-04:00" testType="13cdc9d9-ddb5-4fa4-a97d-d965ccfc6d4b" outcome="Passed" testListId="8c84fa94-04c1-424b-9868-57a2d4851a1d" relativeResultsDirectory="59e43cd4-08bf-4638-b093-c435ed718d84" /><UnitTestResult executionId="244a26b1-93c0-4a60-9c74-604b0acebe66" testId="6a3bd43b-2f91-4d39-ad92-73d7f33c4e1c" testName="Patch_TargetPropertyIsUpdated" computerName="VECTOR" duration="00:00:00.3150000" startTime="2018-08-21T11:29:34.1461648-04:00" endTime="2018-08-21T11:29:34.1461723-04:00" testType="13cdc9d9-ddb5-4fa4-a97d-d965ccfc6d4b" outcome="Passed" testListId="8c84fa94-04c1-424b-9868-57a2d4851a1d" relativeResultsDirectory="244a26b1-93c0-4a60-9c74-604b0acebe66" /><UnitTestResult executionId="3ba42912-5139-4bdd-b46d-af183cc5c1fc" testId="8682ae8d-6ff1-49e6-9591-23a3e974cb75" testName="Patch_ValidReferencePropertyUpdatesModel" computerName="VECTOR" duration="00:00:00.9890000" startTime="2018-08-21T11:29:09.1250173-04:00" endTime="2018-08-21T11:29:09.1250245-04:00" testType="13cdc9d9-ddb5-4fa4-a97d-d965ccfc6d4b" outcome="Passed" testListId="8c84fa94-04c1-424b-9868-57a2d4851a1d" relativeResultsDirectory="3ba42912-5139-4bdd-b46d-af183cc5c1fc" /><UnitTestResult executionId="7cd216cf-4326-4e10-90d0-9a51aa459573" testId="98484216-34f7-48cf-ada7-a1949a30c2b2" testName="LucyCameraFindsAllDependents" computerName="VECTOR" duration="00:00:00.0080000" startTime="2018-08-21T11:28:56.5999356-04:00" endTime="2018-08-21T11:28:56.5999388-04:00" testType="13cdc9d9-ddb5-4fa4-a97d-d965ccfc6d4b" outcome="Passed" testListId="8c84fa94-04c1-424b-9868-57a2d4851a1d" relativeResultsDirectory="7cd216cf-4326-4e10-90d0-9a51aa459573" /><UnitTestResult executionId="152d9713-4b0d-436d-adee-3e2ae42df4d7" testId="c160550e-d2da-4b05-b4f7-9f84fa109f19" testName="GetFile_NonExistentFileReturnsNotFound" computerName="VECTOR" duration="00:00:00.0240000" startTime="2018-08-21T11:29:30.4383791-04:00" endTime="2018-08-21T11:29:30.4383852-04:00" testType="13cdc9d9-ddb5-4fa4-a97d-d965ccfc6d4b" outcome="Passed" testListId="8c84fa94-04c1-424b-9868-57a2d4851a1d" relativeResultsDirectory="152d9713-4b0d-436d-adee-3e2ae42df4d7" /><UnitTestResult executionId="aa72e63e-0da0-436d-841b-20b49ed6447a" testId="dd9695e2-246b-4817-8071-548e5a0a9300" testName="Post_ValidReferencePropertyCreatesModel" computerName="VECTOR" duration="00:00:00.2040000" startTime="2018-08-21T11:29:11.3665123-04:00" endTime="2018-08-21T11:29:11.3665190-04:00" testType="13cdc9d9-ddb5-4fa4-a97d-d965ccfc6d4b" outcome="Passed" testListId="8c84fa94-04c1-424b-9868-57a2d4851a1d" relativeResultsDirectory="aa72e63e-0da0-436d-841b-20b49ed6447a" /><UnitTestResult executionId="fb082661-5f5e-4e2e-8162-080e9fdc361a" testId="bb7c3d31-060d-408e-aebb-2c5982072cbb" testName="Patch_InvalidEnumPropertyValueReturnsBadRequest" computerName="VECTOR" duration="00:00:00.0300000" startTime="2018-08-21T11:29:10.3805580-04:00" endTime="2018-08-21T11:29:10.3805636-04:00" testType="13cdc9d9-ddb5-4fa4-a97d-d965ccfc6d4b" outcome="Passed" testListId="8c84fa94-04c1-424b-9868-57a2d4851a1d" relativeResultsDirectory="fb082661-5f5e-4e2e-8162-080e9fdc361a" /><UnitTestResult executionId="bef44afa-fd7a-47ab-bdb2-459fd3f38fab" testId="a5506d81-0126-422a-9a03-751ed4e5f87b" testName="GetList_ListReturnsCorrectCount" computerName="VECTOR" duration="00:00:00.0210000" startTime="2018-08-21T11:29:01.3930368-04:00" endTime="2018-08-21T11:29:01.3930432-04:00" testType="13cdc9d9-ddb5-4fa4-a97d-d965ccfc6d4b" outcome="Passed" testListId="8c84fa94-04c1-424b-9868-57a2d4851a1d" relativeResultsDirectory="bef44afa-fd7a-47ab-bdb2-459fd3f38fab" /><UnitTestResult executionId="b8274541-1c59-4123-9d5a-c9b07a029873" testId="51d2ce12-d6b9-4459-950d-726495a79a0f" testName="Patch_InvalidIdPropertyReturnsNotFound" computerName="VECTOR" duration="00:00:00.0200000" startTime="2018-08-21T11:29:24.6770046-04:00" endTime="2018-08-21T11:29:24.6770100-04:00" testType="13cdc9d9-ddb5-4fa4-a97d-d965ccfc6d4b" outcome="Passed" testListId="8c84fa94-04c1-424b-9868-57a2d4851a1d" relativeResultsDirectory="b8274541-1c59-4123-9d5a-c9b07a029873" /><UnitTestResult executionId="dc5c7da3-544a-4e49-87bc-b1ef8d4594ef" testId="3c30d92d-ad5a-4123-b710-ddb09336e3f3" testName="Patch_InvalidPropertyNameReturnsBadRequest" computerName="VECTOR" duration="00:00:00.0240000" startTime="2018-08-21T11:29:04.7796076-04:00" endTime="2018-08-21T11:29:04.7796141-04:00" testType="13cdc9d9-ddb5-4fa4-a97d-d965ccfc6d4b" outcome="Passed" testListId="8c84fa94-04c1-424b-9868-57a2d4851a1d" relativeResultsDirectory="dc5c7da3-544a-4e49-87bc-b1ef8d4594ef" /><UnitTestResult executionId="f5d035d6-2b76-4d2f-8e9a-e68f4d7ab19a" testId="b5435597-1b34-4acc-9c74-5c0f8253ea85" testName="Delete_TargetModelIsDeleted" computerName="VECTOR" duration="00:00:00.2040000" startTime="2018-08-21T11:29:32.4049713-04:00" endTime="2018-08-21T11:29:32.4049780-04:00" testType="13cdc9d9-ddb5-4fa4-a97d-d965ccfc6d4b" outcome="Passed" testListId="8c84fa94-04c1-424b-9868-57a2d4851a1d" relativeResultsDirectory="f5d035d6-2b76-4d2f-8e9a-e68f4d7ab19a" /><UnitTestResult executionId="9b1cc42c-c6bf-4a72-98a3-c5eb9ea15034" testId="4203f57d-7a3c-4240-94ab-872ca229afe0" testName="Put_CanUpdateModel" computerName="VECTOR" duration="00:00:00.3490000" startTime="2018-08-21T11:29:00.1512626-04:00" endTime="2018-08-21T11:29:00.1512693-04:00" testType="13cdc9d9-ddb5-4fa4-a97d-d965ccfc6d4b" outcome="Passed" testListId="8c84fa94-04c1-424b-9868-57a2d4851a1d" relativeResultsDirectory="9b1cc42c-c6bf-4a72-98a3-c5eb9ea15034" /><UnitTestResult executionId="256487da-3098-475e-a5fa-fa8a6d1cb0f8" testId="65d57a42-c999-4ad4-964e-9b17e69a1918" testName="Put_InvalidIdReturnsNotFound" computerName="VECTOR" duration="00:00:00.0280000" startTime="2018-08-21T11:29:32.2006869-04:00" endTime="2018-08-21T11:29:32.2006928-04:00" testType="13cdc9d9-ddb5-4fa4-a97d-d965ccfc6d4b" outcome="Passed" testListId="8c84fa94-04c1-424b-9868-57a2d4851a1d" relativeResultsDirectory="256487da-3098-475e-a5fa-fa8a6d1cb0f8" /><UnitTestResult executionId="6c17f025-7748-44ac-b065-54ecbdcc943b" testId="c3d7c90b-d540-4eed-9bf6-bbfcf62ad743" testName="Put_CanUpdateModel" computerName="VECTOR" duration="00:00:00.8660000" startTime="2018-08-21T11:29:09.9920214-04:00" endTime="2018-08-21T11:29:09.9920289-04:00" testType="13cdc9d9-ddb5-4fa4-a97d-d965ccfc6d4b" outcome="Passed" testListId="8c84fa94-04c1-424b-9868-57a2d4851a1d" relativeResultsDirectory="6c17f025-7748-44ac-b065-54ecbdcc943b" /><UnitTestResult executionId="466893ab-8c9e-4220-b01e-50ac3322b2c6" testId="307f666a-b98a-4ae2-8a60-8b62040a33cb" testName="Post_ValidReferencePropertyCreatesModel" computerName="VECTOR" duration="00:00:00.2080000" startTime="2018-08-21T11:29:33.0472585-04:00" endTime="2018-08-21T11:29:33.0472650-04:00" testType="13cdc9d9-ddb5-4fa4-a97d-d965ccfc6d4b" outcome="Passed" testListId="8c84fa94-04c1-424b-9868-57a2d4851a1d" relativeResultsDirectory="466893ab-8c9e-4220-b01e-50ac3322b2c6" /><UnitTestResult executionId="d82116c5-fe86-41c5-ae7e-e343225f8174" testId="0eeccc64-2d7a-4b14-8e50-69d83ceba89e" testName="Post_InvalidPropertyValueReturnsBadRequest" computerName="VECTOR" duration="00:00:00.0180000" startTime="2018-08-21T11:29:05.7107696-04:00" endTime="2018-08-21T11:29:05.7107762-04:00" testType="13cdc9d9-ddb5-4fa4-a97d-d965ccfc6d4b" outcome="Passed" testListId="8c84fa94-04c1-424b-9868-57a2d4851a1d" relativeResultsDirectory="d82116c5-fe86-41c5-ae7e-e343225f8174" /><UnitTestResult executionId="bb694965-65e1-4ddf-8a5c-250e7d32be25" testId="b9fdfc90-7815-46c3-8296-59c53f38d1e2" testName="PostFile_NewFileCanBePosted" computerName="VECTOR" duration="00:00:00.3560000" startTime="2018-08-21T11:29:18.0406906-04:00" endTime="2018-08-21T11:29:18.0406970-04:00" testType="13cdc9d9-ddb5-4fa4-a97d-d965ccfc6d4b" outcome="Passed" testListId="8c84fa94-04c1-424b-9868-57a2d4851a1d" relativeResultsDirectory="bb694965-65e1-4ddf-8a5c-250e7d32be25" /><UnitTestResult executionId="bead1c58-0d0c-493a-8674-a895d5a9ae4f" testId="acc9b104-9daf-4070-b270-6f1f93dc4937" testName="Put_InvalidReferencePropertyReturndBadRequest" computerName="VECTOR" duration="00:00:00.0460000" startTime="2018-08-21T11:29:11.6792582-04:00" endTime="2018-08-21T11:29:11.6792641-04:00" testType="13cdc9d9-ddb5-4fa4-a97d-d965ccfc6d4b" outcome="Passed" testListId="8c84fa94-04c1-424b-9868-57a2d4851a1d" relativeResultsDirectory="bead1c58-0d0c-493a-8674-a895d5a9ae4f" /><UnitTestResult executionId="04c14deb-c721-4187-a304-ee2b3c53ff4a" testId="de424ef6-ab75-452d-91df-1aae8ed13c89" testName="GetList_ListReturnsCorrectCount" computerName="VECTOR" duration="00:00:00.0190000" startTime="2018-08-21T11:29:05.3511278-04:00" endTime="2018-08-21T11:29:05.3511361-04:00" testType="13cdc9d9-ddb5-4fa4-a97d-d965ccfc6d4b" outcome="Passed" testListId="8c84fa94-04c1-424b-9868-57a2d4851a1d" relativeResultsDirectory="04c14deb-c721-4187-a304-ee2b3c53ff4a" /><UnitTestResult executionId="b173c6d5-cd57-4f31-86cc-99c84c3dcc61" testId="7412f648-31c6-4985-a568-645b13c0800e" testName="FileRequest_FileCanBeReadAfterRename" computerName="VECTOR" duration="00:00:00.4480000" startTime="2018-08-21T11:29:29.1963634-04:00" endTime="2018-08-21T11:29:29.1963665-04:00" testType="13cdc9d9-ddb5-4fa4-a97d-d965ccfc6d4b" outcome="Passed" testListId="8c84fa94-04c1-424b-9868-57a2d4851a1d" relativeResultsDirectory="b173c6d5-cd57-4f31-86cc-99c84c3dcc61" /><UnitTestResult executionId="191ce0d8-86f5-47e2-ba32-a159b7d44964" testId="52c11d1c-f313-460b-b69c-3d655468b720" testName="GetList_ListReturnsCorrectCount" computerName="VECTOR" duration="00:00:01.0260000" startTime="2018-08-21T11:29:08.0627074-04:00" endTime="2018-08-21T11:29:08.0627131-04:00" testType="13cdc9d9-ddb5-4fa4-a97d-d965ccfc6d4b" outcome="Passed" testListId="8c84fa94-04c1-424b-9868-57a2d4851a1d" relativeResultsDirectory="191ce0d8-86f5-47e2-ba32-a159b7d44964" /><UnitTestResult executionId="ee3df161-a66e-4894-a4e9-912b38cf2078" testId="13579d28-1575-48ee-9fe9-f0e04343198c" testName="Post_CanCreateNewModel" computerName="VECTOR" duration="00:00:00.2170000" startTime="2018-08-21T11:29:32.1720582-04:00" endTime="2018-08-21T11:29:32.1720614-04:00" testType="13cdc9d9-ddb5-4fa4-a97d-d965ccfc6d4b" outcome="Passed" testListId="8c84fa94-04c1-424b-9868-57a2d4851a1d" relativeResultsDirectory="ee3df161-a66e-4894-a4e9-912b38cf2078" /><UnitTestResult executionId="222a68cc-3bfa-4053-905e-3799923da9cd" testId="94871d39-d187-4e59-9208-fa62beab015f" testName="PutFile_NewFileCanBePut" computerName="VECTOR" duration="00:00:00.3490000" startTime="2018-08-21T11:29:12.0829948-04:00" endTime="2018-08-21T11:29:12.0830012-04:00" testType="13cdc9d9-ddb5-4fa4-a97d-d965ccfc6d4b" outcome="Passed" testListId="8c84fa94-04c1-424b-9868-57a2d4851a1d" relativeResultsDirectory="222a68cc-3bfa-4053-905e-3799923da9cd" /><UnitTestResult executionId="f99335fa-c8eb-4ea6-9418-a08ff04e6ff0" testId="53b06cbe-74db-4a0a-afa4-761b0b71d7a7" testName="FileRequest_FileCanBeReadAfterRename" computerName="VECTOR" duration="00:00:00.5110000" startTime="2018-08-21T11:29:03.6839451-04:00" endTime="2018-08-21T11:29:03.6839516-04:00" testType="13cdc9d9-ddb5-4fa4-a97d-d965ccfc6d4b" outcome="Passed" testListId="8c84fa94-04c1-424b-9868-57a2d4851a1d" relativeResultsDirectory="f99335fa-c8eb-4ea6-9418-a08ff04e6ff0" /><UnitTestResult executionId="6f2315cb-7ee0-420f-8949-505148de3e0a" testId="bc4ab350-c720-4116-ac19-b10f3cac936a" testName="Patch_InvalidReferencePropertyReturnsBadRequest" computerName="VECTOR" duration="00:00:00.0470000" startTime="2018-08-21T11:29:01.6389281-04:00" endTime="2018-08-21T11:29:01.6389348-04:00" testType="13cdc9d9-ddb5-4fa4-a97d-d965ccfc6d4b" outcome="Passed" testListId="8c84fa94-04c1-424b-9868-57a2d4851a1d" relativeResultsDirectory="6f2315cb-7ee0-420f-8949-505148de3e0a" /><UnitTestResult executionId="78223066-d827-480b-8812-99f5c7f83213" testId="f603be82-a854-49f1-8ce4-828f11f6034e" testName="Delete_TargetModelIsDeleted" computerName="VECTOR" duration="00:00:00.2390000" startTime="2018-08-21T11:29:11.6061705-04:00" endTime="2018-08-21T11:29:11.6061770-04:00" testType="13cdc9d9-ddb5-4fa4-a97d-d965ccfc6d4b" outcome="Passed" testListId="8c84fa94-04c1-424b-9868-57a2d4851a1d" relativeResultsDirectory="78223066-d827-480b-8812-99f5c7f83213" /><UnitTestResult executionId="74088a0a-a58e-4b99-8b0b-5d5936918a89" testId="ac16190c-8c98-4b8b-904b-908e24d3b407" testName="Patch_ValidReferencePropertyUpdatesModel" computerName="VECTOR" duration="00:00:00.3430000" startTime="2018-08-21T11:29:33.4887313-04:00" endTime="2018-08-21T11:29:33.4887388-04:00" testType="13cdc9d9-ddb5-4fa4-a97d-d965ccfc6d4b" outcome="Passed" testListId="8c84fa94-04c1-424b-9868-57a2d4851a1d" relativeResultsDirectory="74088a0a-a58e-4b99-8b0b-5d5936918a89" /><UnitTestResult executionId="745a5ff4-66a2-4f23-bbc9-57da860bed7f" testId="9a485ec2-618d-4bb6-9590-80f8d0c0cdeb" testName="Put_InvalidIdReturnsNotFound" computerName="VECTOR" duration="00:00:00.0720000" startTime="2018-08-21T11:29:08.1352870-04:00" endTime="2018-08-21T11:29:08.1352947-04:00" testType="13cdc9d9-ddb5-4fa4-a97d-d965ccfc6d4b" outcome="Passed" testListId="8c84fa94-04c1-424b-9868-57a2d4851a1d" relativeResultsDirectory="745a5ff4-66a2-4f23-bbc9-57da860bed7f" /><UnitTestResult executionId="c6ce6fc4-d832-4ed8-867d-7ff459aeb3cb" testId="bca4b74c-f7be-4b4b-bdb5-af8a8f2ec713" testName="FileRequest_DepthBufferIsInvalidatedAfterCameraDependencyPropertyChange" computerName="VECTOR" duration="00:00:01.2170000" startTime="2018-08-21T11:29:30.4141184-04:00" endTime="2018-08-21T11:29:30.4141245-04:00" testType="13cdc9d9-ddb5-4fa4-a97d-d965ccfc6d4b" outcome="Passed" testListId="8c84fa94-04c1-424b-9868-57a2d4851a1d" relativeResultsDirectory="c6ce6fc4-d832-4ed8-867d-7ff459aeb3cb" /><UnitTestResult executionId="601c456a-187c-4a36-b22d-0a1a856f6377" testId="32626a8b-21d7-443f-b6fb-8a1dd1c789ca" testName="Delete_TargetModelIsDeleted" computerName="VECTOR" duration="00:00:00.3040000" startTime="2018-08-21T11:29:05.0843099-04:00" endTime="2018-08-21T11:29:05.0843162-04:00" testType="13cdc9d9-ddb5-4fa4-a97d-d965ccfc6d4b" outcome="Passed" testListId="8c84fa94-04c1-424b-9868-57a2d4851a1d" relativeResultsDirectory="601c456a-187c-4a36-b22d-0a1a856f6377" /><UnitTestResult executionId="0687ba16-5f13-4439-b0e7-d2d0abf246f1" testId="6ac218e8-7bdd-4e44-a1eb-4ec8ac10972a" testName="Model3dHasExpectedDependentFiles" computerName="VECTOR" duration="00:00:00.0380000" startTime="2018-08-21T11:28:56.2310243-04:00" endTime="2018-08-21T11:28:56.2310324-04:00" testType="13cdc9d9-ddb5-4fa4-a97d-d965ccfc6d4b" outcome="Passed" testListId="8c84fa94-04c1-424b-9868-57a2d4851a1d" relativeResultsDirectory="0687ba16-5f13-4439-b0e7-d2d0abf246f1" /><UnitTestResult executionId="0c8ee80a-3b85-412c-9749-d46d33ac8338" testId="92661704-6b39-4b43-afbd-99cceebff748" testName="Delete_TargetModelIsDeleted" computerName="VECTOR" duration="00:00:00.2050000" startTime="2018-08-21T11:29:24.6570116-04:00" endTime="2018-08-21T11:29:24.6570178-04:00" testType="13cdc9d9-ddb5-4fa4-a97d-d965ccfc6d4b" outcome="Passed" testListId="8c84fa94-04c1-424b-9868-57a2d4851a1d" relativeResultsDirectory="0c8ee80a-3b85-412c-9749-d46d33ac8338" /><UnitTestResult executionId="eccc9d9b-c4b9-4ee1-92d6-8b930e603ad6" testId="78eeb3bd-b377-495a-b501-4ebd48a31c63" testName="LucyDepthBufferFindsOneDependent" computerName="VECTOR" duration="00:00:00.0030000" startTime="2018-08-21T11:28:56.6036336-04:00" endTime="2018-08-21T11:28:56.6036362-04:00" testType="13cdc9d9-ddb5-4fa4-a97d-d965ccfc6d4b" outcome="Passed" testListId="8c84fa94-04c1-424b-9868-57a2d4851a1d" relativeResultsDirectory="eccc9d9b-c4b9-4ee1-92d6-8b930e603ad6" /><UnitTestResult executionId="65b2285c-2d10-4eab-9849-265660f9cb2e" testId="308aca31-0855-4b01-be02-5b2c29091df8" testName="Delete_TargetModelIsDeleted" computerName="VECTOR" duration="00:00:00.3580000" startTime="2018-08-21T11:28:57.6780055-04:00" endTime="2018-08-21T11:28:57.6780115-04:00" testType="13cdc9d9-ddb5-4fa4-a97d-d965ccfc6d4b" outcome="Passed" testListId="8c84fa94-04c1-424b-9868-57a2d4851a1d" relativeResultsDirectory="65b2285c-2d10-4eab-9849-265660f9cb2e" /><UnitTestResult executionId="06432fd4-aeed-495e-bec4-ff65228c4f04" testId="01f6f094-3d08-49d1-95d0-177f530dd064" testName="Patch_InvalidPropertyNameReturnsBadRequest" computerName="VECTOR" duration="00:00:00.0200000" startTime="2018-08-21T11:29:24.4044349-04:00" endTime="2018-08-21T11:29:24.4044412-04:00" testType="13cdc9d9-ddb5-4fa4-a97d-d965ccfc6d4b" outcome="Passed" testListId="8c84fa94-04c1-424b-9868-57a2d4851a1d" relativeResultsDirectory="06432fd4-aeed-495e-bec4-ff65228c4f04" /><UnitTestResult executionId="df3dd6ac-966e-46d5-ac88-439b34671f12" testId="1b13b3f0-676f-4f7c-86c3-0183e56159d3" testName="Patch_InvalidIdPropertyReturnsNotFound" computerName="VECTOR" duration="00:00:00.0160000" startTime="2018-08-21T11:29:05.9354289-04:00" endTime="2018-08-21T11:29:05.9354334-04:00" testType="13cdc9d9-ddb5-4fa4-a97d-d965ccfc6d4b" outcome="Passed" testListId="8c84fa94-04c1-424b-9868-57a2d4851a1d" relativeResultsDirectory="df3dd6ac-966e-46d5-ac88-439b34671f12" /><UnitTestResult executionId="a308111c-91a2-4e64-b1ae-b7a802a438dc" testId="babf9a7f-af5b-4700-9233-c624210a2217" testName="Post_CanCreateNewModel" computerName="VECTOR" duration="00:00:00.1830000" startTime="2018-08-21T11:29:05.3006242-04:00" endTime="2018-08-21T11:29:05.3006318-04:00" testType="13cdc9d9-ddb5-4fa4-a97d-d965ccfc6d4b" outcome="Passed" testListId="8c84fa94-04c1-424b-9868-57a2d4851a1d" relativeResultsDirectory="a308111c-91a2-4e64-b1ae-b7a802a438dc" /><UnitTestResult executionId="11413522-c222-4431-9d8d-dc591a9eebf0" testId="e45c5068-67de-4672-bb3c-29fc6a46842e" testName="PutFile_NewFileCanBePut" computerName="VECTOR" duration="00:00:00.3570000" startTime="2018-08-21T11:29:30.7959934-04:00" endTime="2018-08-21T11:29:30.7959999-04:00" testType="13cdc9d9-ddb5-4fa4-a97d-d965ccfc6d4b" outcome="Passed" testListId="8c84fa94-04c1-424b-9868-57a2d4851a1d" relativeResultsDirectory="11413522-c222-4431-9d8d-dc591a9eebf0" /><UnitTestResult executionId="91316c7e-4fec-4ddb-b0cb-23cc9acc9212" testId="634231e4-3b1a-4690-b3b6-9775de91177c" testName="Patch_ValidReferencePropertyUpdatesModel" computerName="VECTOR" duration="00:00:00.2920000" startTime="2018-08-21T11:29:00.5665053-04:00" endTime="2018-08-21T11:29:00.5665128-04:00" testType="13cdc9d9-ddb5-4fa4-a97d-d965ccfc6d4b" outcome="Passed" testListId="8c84fa94-04c1-424b-9868-57a2d4851a1d" relativeResultsDirectory="91316c7e-4fec-4ddb-b0cb-23cc9acc9212" /><UnitTestResult executionId="5b50eabe-be1b-49b2-ae33-08b25cf3cd1e" testId="49f6b7ab-aea2-42be-9e45-ebb60ba62760" testName="Post_CanCreateNewModel" computerName="VECTOR" duration="00:00:00.1900000" startTime="2018-08-21T11:29:10.9818742-04:00" endTime="2018-08-21T11:29:10.9818806-04:00" testType="13cdc9d9-ddb5-4fa4-a97d-d965ccfc6d4b" outcome="Passed" testListId="8c84fa94-04c1-424b-9868-57a2d4851a1d" relativeResultsDirectory="5b50eabe-be1b-49b2-ae33-08b25cf3cd1e" /><UnitTestResult executionId="80d03736-1c9b-4a38-b13b-34897e5b0b9e" testId="d3e5b683-a7e7-4d8a-81e6-9200ecfffe40" testName="Post_CanCreateNewModel" computerName="VECTOR" duration="00:00:00.2190000" startTime="2018-08-21T11:28:58.5010769-04:00" endTime="2018-08-21T11:28:58.5010837-04:00" testType="13cdc9d9-ddb5-4fa4-a97d-d965ccfc6d4b" outcome="Passed" testListId="8c84fa94-04c1-424b-9868-57a2d4851a1d" relativeResultsDirectory="80d03736-1c9b-4a38-b13b-34897e5b0b9e" /><UnitTestResult executionId="f34b0f8f-7c89-41ca-be09-55d7064bd023" testId="1f58efa4-9cb9-4995-b217-80e7fd59a220" testName="Put_ValidReferencePropertyUpdatesModel" computerName="VECTOR" duration="00:00:00.3570000" startTime="2018-08-21T11:29:10.3497298-04:00" endTime="2018-08-21T11:29:10.3497367-04:00" testType="13cdc9d9-ddb5-4fa4-a97d-d965ccfc6d4b" outcome="Passed" testListId="8c84fa94-04c1-424b-9868-57a2d4851a1d" relativeResultsDirectory="f34b0f8f-7c89-41ca-be09-55d7064bd023" /><UnitTestResult executionId="a73c18f5-d3dc-4143-b218-90eae06717e4" testId="17fc92f7-522c-446f-af89-8e1dd160d8ef" testName="Post_InvalidPropertyValueReturnsBadRequest" computerName="VECTOR" duration="00:00:00.0140000" startTime="2018-08-21T11:29:00.2553769-04:00" endTime="2018-08-21T11:29:00.2553831-04:00" testType="13cdc9d9-ddb5-4fa4-a97d-d965ccfc6d4b" outcome="Passed" testListId="8c84fa94-04c1-424b-9868-57a2d4851a1d" relativeResultsDirectory="a73c18f5-d3dc-4143-b218-90eae06717e4" /><UnitTestResult executionId="9ec9b7dc-053f-45e0-9b88-252e6e65c378" testId="cb56d0d5-1715-48c0-9545-54333323200e" testName="Patch_InvalidPropertyNameReturnsBadRequest" computerName="VECTOR" duration="00:00:00.0200000" startTime="2018-08-21T11:29:33.1264677-04:00" endTime="2018-08-21T11:29:33.1264740-04:00" testType="13cdc9d9-ddb5-4fa4-a97d-d965ccfc6d4b" outcome="Passed" testListId="8c84fa94-04c1-424b-9868-57a2d4851a1d" relativeResultsDirectory="9ec9b7dc-053f-45e0-9b88-252e6e65c378" /><UnitTestResult executionId="770e6fac-e0bf-440a-b57b-c5d6e4185b8b" testId="5075c461-3564-4463-9720-21d4f2851c2e" testName="GetSingle_ValidIdPropertyValueReturnsCorrectModel" computerName="VECTOR" duration="00:00:00.0180000" startTime="2018-08-21T11:29:00.2743318-04:00" endTime="2018-08-21T11:29:00.2743366-04:00" testType="13cdc9d9-ddb5-4fa4-a97d-d965ccfc6d4b" outcome="Passed" testListId="8c84fa94-04c1-424b-9868-57a2d4851a1d" relativeResultsDirectory="770e6fac-e0bf-440a-b57b-c5d6e4185b8b" /><UnitTestResult executionId="3b02fa4a-a3a1-4bba-bc99-c9caa291fdb7" testId="b85872bb-6af7-478e-a0b9-56477e16fa1a" testName="GetFile_FileCanBeRoundTripped" computerName="VECTOR" duration="00:00:00.4000000" startTime="2018-08-21T11:29:31.9307263-04:00" endTime="2018-08-21T11:29:31.9307331-04:00" testType="13cdc9d9-ddb5-4fa4-a97d-d965ccfc6d4b" outcome="Passed" testListId="8c84fa94-04c1-424b-9868-57a2d4851a1d" relativeResultsDirectory="3b02fa4a-a3a1-4bba-bc99-c9caa291fdb7" /><UnitTestResult executionId="0b157556-df8b-43de-850d-6f20d7943847" testId="bdc678c4-da68-4eb0-a2e7-18eab5036a82" testName="Put_InvalidReferencePropertyReturndBadRequest" computerName="VECTOR" duration="00:00:00.0470000" startTime="2018-08-21T11:29:24.4519447-04:00" endTime="2018-08-21T11:29:24.4519504-04:00" testType="13cdc9d9-ddb5-4fa4-a97d-d965ccfc6d4b" outcome="Passed" testListId="8c84fa94-04c1-424b-9868-57a2d4851a1d" relativeResultsDirectory="0b157556-df8b-43de-850d-6f20d7943847" /><UnitTestResult executionId="8db95a72-4f91-4672-921b-68a1c6b94e7b" testId="6bf597a4-415a-4c96-a39d-fb53d39b9efe" testName="PutFile_FileCanBeUpdated" computerName="VECTOR" duration="00:00:00.5740000" startTime="2018-08-21T11:29:02.8923109-04:00" endTime="2018-08-21T11:29:02.8923180-04:00" testType="13cdc9d9-ddb5-4fa4-a97d-d965ccfc6d4b" outcome="Passed" testListId="8c84fa94-04c1-424b-9868-57a2d4851a1d" relativeResultsDirectory="8db95a72-4f91-4672-921b-68a1c6b94e7b" /><UnitTestResult executionId="4de6ffa9-6c4b-4625-823c-a05a8126718c" testId="8daec285-fdae-433a-90dd-1aa83ecb8904" testName="Patch_InvalidIdPropertyReturnsNotFound" computerName="VECTOR" duration="00:00:00.0230000" startTime="2018-08-21T11:29:11.0706202-04:00" endTime="2018-08-21T11:29:11.0706262-04:00" testType="13cdc9d9-ddb5-4fa4-a97d-d965ccfc6d4b" outcome="Passed" testListId="8c84fa94-04c1-424b-9868-57a2d4851a1d" relativeResultsDirectory="4de6ffa9-6c4b-4625-823c-a05a8126718c" /><UnitTestResult executionId="b6f5e446-8775-401b-838f-e8f339721902" testId="bc4b45af-8fcf-4696-95f5-cd8a907251d0" testName="Patch_InvalidEnumPropertyValueReturnsBadRequest" computerName="VECTOR" duration="00:00:00.0110000" startTime="2018-08-21T11:29:32.4372721-04:00" endTime="2018-08-21T11:29:32.4372776-04:00" testType="13cdc9d9-ddb5-4fa4-a97d-d965ccfc6d4b" outcome="Passed" testListId="8c84fa94-04c1-424b-9868-57a2d4851a1d" relativeResultsDirectory="b6f5e446-8775-401b-838f-e8f339721902" /><UnitTestResult executionId="830c6d21-d5d6-47b7-9abb-8f94a3deab1a" testId="e2463751-a40a-407f-aae0-a61a1877e27e" testName="GetSingle_InvalidIdPropertyValueReturnsNotFound" computerName="VECTOR" duration="00:00:00.0230000" startTime="2018-08-21T11:29:00.1744540-04:00" endTime="2018-08-21T11:29:00.1744596-04:00" testType="13cdc9d9-ddb5-4fa4-a97d-d965ccfc6d4b" outcome="Passed" testListId="8c84fa94-04c1-424b-9868-57a2d4851a1d" relativeResultsDirectory="830c6d21-d5d6-47b7-9abb-8f94a3deab1a" /><UnitTestResult executionId="ca0eb58b-dc4f-4e7f-a5fc-f39ea6b7602a" testId="3ab5c3b5-5d6c-4e73-993d-5bfff4482a9a" testName="GetList_ListReturnsCorrectCount" computerName="VECTOR" duration="00:00:00.0270000" startTime="2018-08-21T11:28:58.8961651-04:00" endTime="2018-08-21T11:28:58.8961711-04:00" testType="13cdc9d9-ddb5-4fa4-a97d-d965ccfc6d4b" outcome="Passed" testListId="8c84fa94-04c1-424b-9868-57a2d4851a1d" relativeResultsDirectory="ca0eb58b-dc4f-4e7f-a5fc-f39ea6b7602a" /><UnitTestResult executionId="20a6579f-b852-4140-ab7b-fc8f4a60d4ff" testId="7688a7ae-09ea-4641-8ce6-215277a67f94" testName="GetList_ListReturnsCorrectCount" computerName="VECTOR" duration="00:00:00.0240000" startTime="2018-08-21T11:29:24.3843189-04:00" endTime="2018-08-21T11:29:24.3843239-04:00" testType="13cdc9d9-ddb5-4fa4-a97d-d965ccfc6d4b" outcome="Passed" testListId="8c84fa94-04c1-424b-9868-57a2d4851a1d" relativeResultsDirectory="20a6579f-b852-4140-ab7b-fc8f4a60d4ff" /><UnitTestResult executionId="e072a4fe-7132-4e42-ae0f-b3bc46bf1cd6" testId="03f1351c-dbb2-49c0-a18c-3396cbba6714" testName="Post_InvalidPropertyValueReturnsBadRequest" computerName="VECTOR" duration="00:00:00.0210000" startTime="2018-08-21T11:29:11.7005356-04:00" endTime="2018-08-21T11:29:11.7005416-04:00" testType="13cdc9d9-ddb5-4fa4-a97d-d965ccfc6d4b" outcome="Passed" testListId="8c84fa94-04c1-424b-9868-57a2d4851a1d" relativeResultsDirectory="e072a4fe-7132-4e42-ae0f-b3bc46bf1cd6" /><UnitTestResult executionId="e3a5095c-d329-4650-bcf8-5d510d86611b" testId="594fe618-8412-4bb5-9de3-95adc3c4b049" testName="PostFile_FileIsSynchronizedIsUpdatedAfterFileIsPosted" computerName="VECTOR" duration="00:00:00.3650000" startTime="2018-08-21T11:29:23.7138252-04:00" endTime="2018-08-21T11:29:23.7138315-04:00" testType="13cdc9d9-ddb5-4fa4-a97d-d965ccfc6d4b" outcome="Passed" testListId="8c84fa94-04c1-424b-9868-57a2d4851a1d" relativeResultsDirectory="e3a5095c-d329-4650-bcf8-5d510d86611b" /><UnitTestResult executionId="229dd082-b3bb-4962-86ff-c971a3b4cd47" testId="91f780ed-686a-4fa4-92ca-9a463e52a5be" testName="GetSingle_InvalidIdPropertyValueReturnsNotFound" computerName="VECTOR" duration="00:00:00.0180000" startTime="2018-08-21T11:29:32.4555379-04:00" endTime="2018-08-21T11:29:32.4555439-04:00" testType="13cdc9d9-ddb5-4fa4-a97d-d965ccfc6d4b" outcome="Passed" testListId="8c84fa94-04c1-424b-9868-57a2d4851a1d" relativeResultsDirectory="229dd082-b3bb-4962-86ff-c971a3b4cd47" /><UnitTestResult executionId="44ecc7cd-c7c0-4a10-b43c-9d4d12e76d7c" testId="56cbbabb-5595-4825-972f-46f07996811b" testName="Patch_InvalidPropertyNameReturnsBadRequest" computerName="VECTOR" duration="00:00:00.0260000" startTime="2018-08-21T11:29:11.0473079-04:00" endTime="2018-08-21T11:29:11.0473131-04:00" testType="13cdc9d9-ddb5-4fa4-a97d-d965ccfc6d4b" outcome="Passed" testListId="8c84fa94-04c1-424b-9868-57a2d4851a1d" relativeResultsDirectory="44ecc7cd-c7c0-4a10-b43c-9d4d12e76d7c" /><UnitTestResult executionId="54f692ed-8af4-486e-8402-d4b940b8d1bb" testId="fbd2f7a5-780a-4ef2-98d4-8ade5957fb55" testName="Patch_MultipleInvalidReferencePropertiesReturnsMultipleValidationErrorsAndBadRequest" computerName="VECTOR" duration="00:00:00.0270000" startTime="2018-08-21T11:29:25.7367973-04:00" endTime="2018-08-21T11:29:25.7368031-04:00" testType="13cdc9d9-ddb5-4fa4-a97d-d965ccfc6d4b" outcome="Passed" testListId="8c84fa94-04c1-424b-9868-57a2d4851a1d" relativeResultsDirectory="54f692ed-8af4-486e-8402-d4b940b8d1bb" /><UnitTestResult executionId="4198421b-22ae-43be-a9ba-242ea4ab7897" testId="6a7da622-f95e-4348-a80a-4df2a0018e59" testName="Patch_InvalidIdPropertyReturnsNotFound" computerName="VECTOR" duration="00:00:00.0160000" startTime="2018-08-21T11:28:58.9352701-04:00" endTime="2018-08-21T11:28:58.9352768-04:00" testType="13cdc9d9-ddb5-4fa4-a97d-d965ccfc6d4b" outcome="Passed" testListId="8c84fa94-04c1-424b-9868-57a2d4851a1d" relativeResultsDirectory="4198421b-22ae-43be-a9ba-242ea4ab7897" /><UnitTestResult executionId="b0993793-cc4f-47f1-9874-7f11b7692c75" testId="4a4d9002-3673-4f86-9dc1-62aa252fe724" testName="Patch_TargetPropertyIsUpdated" computerName="VECTOR" duration="00:00:00.5730000" startTime="2018-08-21T11:28:58.2514216-04:00" endTime="2018-08-21T11:28:58.2514292-04:00" testType="13cdc9d9-ddb5-4fa4-a97d-d965ccfc6d4b" outcome="Passed" testListId="8c84fa94-04c1-424b-9868-57a2d4851a1d" relativeResultsDirectory="b0993793-cc4f-47f1-9874-7f11b7692c75" /><UnitTestResult executionId="7d5d970c-53a3-48fc-bf08-204101143e20" testId="0836c85a-6b03-49df-8a66-a8c670245767" testName="Post_InvalidReferencePropertyReturnsBadRequest" computerName="VECTOR" duration="00:00:00.3220000" startTime="2018-08-21T11:28:59.2759581-04:00" endTime="2018-08-21T11:28:59.2759645-04:00" testType="13cdc9d9-ddb5-4fa4-a97d-d965ccfc6d4b" outcome="Passed" testListId="8c84fa94-04c1-424b-9868-57a2d4851a1d" relativeResultsDirectory="7d5d970c-53a3-48fc-bf08-204101143e20" /><UnitTestResult executionId="43ca1267-2dfb-41d1-91b2-70f34a2655a4" testId="1b723b53-82f1-4590-a9af-f607006e8aec" testName="PostFile_FileTimeStampIsUpdatedAfterFileIsPosted" computerName="VECTOR" duration="00:00:00.0130000" startTime="2018-08-21T11:29:01.8554561-04:00" endTime="2018-08-21T11:29:01.8554622-04:00" testType="13cdc9d9-ddb5-4fa4-a97d-d965ccfc6d4b" outcome="Passed" testListId="8c84fa94-04c1-424b-9868-57a2d4851a1d" relativeResultsDirectory="43ca1267-2dfb-41d1-91b2-70f34a2655a4" /><UnitTestResult executionId="3597d5a7-bcf3-4747-b7b2-facfe74ad49a" testId="3124e430-b081-4b4a-b947-7bbe4ca3e44a" testName="FileRequest_MeshIsInvalidatedAfterDepthBufferFileBecomesUnsynchronized" computerName="VECTOR" duration="00:00:03.2070000" startTime="2018-08-21T11:29:15.2906995-04:00" endTime="2018-08-21T11:29:15.2907058-04:00" testType="13cdc9d9-ddb5-4fa4-a97d-d965ccfc6d4b" outcome="Passed" testListId="8c84fa94-04c1-424b-9868-57a2d4851a1d" relativeResultsDirectory="3597d5a7-bcf3-4747-b7b2-facfe74ad49a" /><UnitTestResult executionId="a116ecbb-6916-4761-a7dc-2acd755510aa" testId="598c1d54-d5bb-4165-a696-1d439008de44" testName="Post_ValidReferencePropertyCreatesModel" computerName="VECTOR" duration="00:00:00.1810000" startTime="2018-08-21T11:29:05.8925143-04:00" endTime="2018-08-21T11:29:05.8925209-04:00" testType="13cdc9d9-ddb5-4fa4-a97d-d965ccfc6d4b" outcome="Passed" testListId="8c84fa94-04c1-424b-9868-57a2d4851a1d" relativeResultsDirectory="a116ecbb-6916-4761-a7dc-2acd755510aa" /><UnitTestResult executionId="67894e03-ba00-450d-8567-84c3466a73d7" testId="41ad5f54-a212-432e-b0b0-50b516d8b905" testName="Post_InvalidPropertyValueReturnsBadRequest" computerName="VECTOR" duration="00:00:00.0170000" startTime="2018-08-21T11:29:25.8300502-04:00" endTime="2018-08-21T11:29:25.8300629-04:00" testType="13cdc9d9-ddb5-4fa4-a97d-d965ccfc6d4b" outcome="Passed" testListId="8c84fa94-04c1-424b-9868-57a2d4851a1d" relativeResultsDirectory="67894e03-ba00-450d-8567-84c3466a73d7" /><UnitTestResult executionId="267d5545-c9e4-4a14-9107-d2236a080402" testId="88330d68-a5a2-4012-b599-1b37bb324728" testName="Patch_MultipleInvalidReferencePropertiesReturnsMultipleValidationErrorsAndBadRequest" computerName="VECTOR" duration="00:00:00.0440000" startTime="2018-08-21T11:29:01.3713726-04:00" endTime="2018-08-21T11:29:01.3713799-04:00" testType="13cdc9d9-ddb5-4fa4-a97d-d965ccfc6d4b" outcome="Passed" testListId="8c84fa94-04c1-424b-9868-57a2d4851a1d" relativeResultsDirectory="267d5545-c9e4-4a14-9107-d2236a080402" /><UnitTestResult executionId="ebe83ed9-9775-4974-85a9-4ab6a2562ec4" testId="b80be5ac-00ff-4eb3-8c33-86045eba9e3d" testName="Patch_InvalidReferencePropertyReturnsBadRequest" computerName="VECTOR" duration="00:00:00.0310000" startTime="2018-08-21T11:29:33.5197644-04:00" endTime="2018-08-21T11:29:33.5197719-04:00" testType="13cdc9d9-ddb5-4fa4-a97d-d965ccfc6d4b" outcome="Passed" testListId="8c84fa94-04c1-424b-9868-57a2d4851a1d" relativeResultsDirectory="ebe83ed9-9775-4974-85a9-4ab6a2562ec4" /><UnitTestResult executionId="60b466ed-b53f-4427-bd20-9cc7afa6a41d" testId="f4c8a319-a3fd-42d4-aec8-15d5236e22b9" testName="Patch_ValidReferencePropertyUpdatesModel" computerName="VECTOR" duration="00:00:00.3790000" startTime="2018-08-21T11:29:06.3255873-04:00" endTime="2018-08-21T11:29:06.3255940-04:00" testType="13cdc9d9-ddb5-4fa4-a97d-d965ccfc6d4b" outcome="Passed" testListId="8c84fa94-04c1-424b-9868-57a2d4851a1d" relativeResultsDirectory="60b466ed-b53f-4427-bd20-9cc7afa6a41d" /><UnitTestResult executionId="ceaf292c-295b-46a7-9be2-5f03c14977ca" testId="2f7742c5-3327-4341-a8e7-68dad1a199ce" testName="Post_InvalidReferencePropertyReturnsBadRequest" computerName="VECTOR" duration="00:00:00.0170000" startTime="2018-08-21T11:29:32.4730508-04:00" endTime="2018-08-21T11:29:32.4730583-04:00" testType="13cdc9d9-ddb5-4fa4-a97d-d965ccfc6d4b" outcome="Passed" testListId="8c84fa94-04c1-424b-9868-57a2d4851a1d" relativeResultsDirectory="ceaf292c-295b-46a7-9be2-5f03c14977ca" /><UnitTestResult executionId="3fe2cca0-aeed-4daa-986e-91e001236109" testId="865a4c98-4df8-4443-a795-3f581b83dd7d" testName="Patch_InvalidIdPropertyReturnsNotFound" computerName="VECTOR" duration="00:00:00.0220000" startTime="2018-08-21T11:29:01.1067867-04:00" endTime="2018-08-21T11:29:01.1067921-04:00" testType="13cdc9d9-ddb5-4fa4-a97d-d965ccfc6d4b" outcome="Passed" testListId="8c84fa94-04c1-424b-9868-57a2d4851a1d" relativeResultsDirectory="3fe2cca0-aeed-4daa-986e-91e001236109" /><UnitTestResult executionId="004a4049-7a0a-4b3b-a432-82ac535c6c95" testId="d3424c30-4669-4073-967f-3f5fac9b74da" testName="Patch_InvalidReferencePropertyReturnsBadRequest" computerName="VECTOR" duration="00:00:00.0380000" startTime="2018-08-21T11:29:25.7096620-04:00" endTime="2018-08-21T11:29:25.7096682-04:00" testType="13cdc9d9-ddb5-4fa4-a97d-d965ccfc6d4b" outcome="Passed" testListId="8c84fa94-04c1-424b-9868-57a2d4851a1d" relativeResultsDirectory="004a4049-7a0a-4b3b-a432-82ac535c6c95" /><UnitTestResult executionId="8b86710b-6f76-42c7-9e24-8cc50e3cb1b5" testId="57e7f65a-bf5a-4606-933f-85e0250a25bd" testName="Patch_MultipleInvalidReferencePropertiesReturnsMultipleValidationErrorsAndBadRequest" computerName="VECTOR" duration="00:00:00.0120000" startTime="2018-08-21T11:28:58.9085910-04:00" endTime="2018-08-21T11:28:58.9085961-04:00" testType="13cdc9d9-ddb5-4fa4-a97d-d965ccfc6d4b" outcome="Passed" testListId="8c84fa94-04c1-424b-9868-57a2d4851a1d" relativeResultsDirectory="8b86710b-6f76-42c7-9e24-8cc50e3cb1b5" /><UnitTestResult executionId="31799677-8a1d-4c93-bbe5-46b2272ecd78" testId="89f75ebb-5fec-4881-a077-730b7b0a6a6b" testName="GetSingle_ValidIdPropertyValueReturnsCorrectModel" computerName="VECTOR" duration="00:00:00.0260000" startTime="2018-08-21T11:29:11.6326864-04:00" endTime="2018-08-21T11:29:11.6326913-04:00" testType="13cdc9d9-ddb5-4fa4-a97d-d965ccfc6d4b" outcome="Passed" testListId="8c84fa94-04c1-424b-9868-57a2d4851a1d" relativeResultsDirectory="31799677-8a1d-4c93-bbe5-46b2272ecd78" /><UnitTestResult executionId="8807e359-aac0-4deb-80b1-06331e77701f" testId="3fd78968-53de-40e8-b530-93e04ff0d1cd" testName="GetFile_NonExistentFileReturnsNotFound" computerName="VECTOR" duration="00:00:00.0210000" startTime="2018-08-21T11:29:04.5140666-04:00" endTime="2018-08-21T11:29:04.5140714-04:00" testType="13cdc9d9-ddb5-4fa4-a97d-d965ccfc6d4b" outcome="Passed" testListId="8c84fa94-04c1-424b-9868-57a2d4851a1d" relativeResultsDirectory="8807e359-aac0-4deb-80b1-06331e77701f" /><UnitTestResult executionId="dcc98755-d6a3-48b7-becb-44a207082ff6" testId="0e50cf85-4d91-4c37-8185-d7598288aaad" testName="Put_InvalidIdReturnsNotFound" computerName="VECTOR" duration="00:00:00.0310000" startTime="2018-08-21T11:29:25.8128952-04:00" endTime="2018-08-21T11:29:25.8129015-04:00" testType="13cdc9d9-ddb5-4fa4-a97d-d965ccfc6d4b" outcome="Passed" testListId="8c84fa94-04c1-424b-9868-57a2d4851a1d" relativeResultsDirectory="dcc98755-d6a3-48b7-becb-44a207082ff6" /><UnitTestResult executionId="c91e46da-e009-4e7e-a9eb-617cb3434e57" testId="5e787ca7-ebec-4f9f-b83f-2412a83b4dfb" testName="Post_InvalidReferencePropertyReturnsBadRequest" computerName="VECTOR" duration="00:00:00.0220000" startTime="2018-08-21T11:29:25.7591853-04:00" endTime="2018-08-21T11:29:25.7591916-04:00" testType="13cdc9d9-ddb5-4fa4-a97d-d965ccfc6d4b" outcome="Passed" testListId="8c84fa94-04c1-424b-9868-57a2d4851a1d" relativeResultsDirectory="c91e46da-e009-4e7e-a9eb-617cb3434e57" /><UnitTestResult executionId="f31ca34d-9d2e-4d3a-b206-8c34700eb787" testId="e41f3f31-4364-43ac-a1d3-b0b9402cb7a7" testName="Patch_InvalidReferencePropertyReturnsBadRequest" computerName="VECTOR" duration="00:00:00.0300000" startTime="2018-08-21T11:29:05.3312643-04:00" endTime="2018-08-21T11:29:05.3312703-04:00" testType="13cdc9d9-ddb5-4fa4-a97d-d965ccfc6d4b" outcome="Passed" testListId="8c84fa94-04c1-424b-9868-57a2d4851a1d" relativeResultsDirectory="f31ca34d-9d2e-4d3a-b206-8c34700eb787" /><UnitTestResult executionId="c3440654-8640-484a-83c1-f7708b47f522" testId="9737af2a-1c62-4cb6-85fa-f9616591e5f4" testName="GetSingle_InvalidIdPropertyValueReturnsNotFound" computerName="VECTOR" duration="00:00:00.0230000" startTime="2018-08-21T11:29:11.0937398-04:00" endTime="2018-08-21T11:29:11.0937450-04:00" testType="13cdc9d9-ddb5-4fa4-a97d-d965ccfc6d4b" outcome="Passed" testListId="8c84fa94-04c1-424b-9868-57a2d4851a1d" relativeResultsDirectory="c3440654-8640-484a-83c1-f7708b47f522" /><UnitTestResult executionId="35ef8d8d-edd3-472e-b646-809db619eef9" testId="b654d658-71a5-4373-b260-abe14ba2e92a" testName="Patch_ValidReferencePropertyUpdatesModel" computerName="VECTOR" duration="00:00:00.3260000" startTime="2018-08-21T11:29:26.1564635-04:00" endTime="2018-08-21T11:29:26.1564721-04:00" testType="13cdc9d9-ddb5-4fa4-a97d-d965ccfc6d4b" outcome="Passed" testListId="8c84fa94-04c1-424b-9868-57a2d4851a1d" relativeResultsDirectory="35ef8d8d-edd3-472e-b646-809db619eef9" /><UnitTestResult executionId="9efb9093-0c46-4995-a36d-0607c368d7c1" testId="9347605f-774d-450f-ad7e-0281b9ae0975" testName="GetFile_ExistingFileReturnsSuccess" computerName="VECTOR" duration="00:00:00.0410000" startTime="2018-08-21T11:29:16.2242659-04:00" endTime="2018-08-21T11:29:16.2242733-04:00" testType="13cdc9d9-ddb5-4fa4-a97d-d965ccfc6d4b" outcome="Passed" testListId="8c84fa94-04c1-424b-9868-57a2d4851a1d" relativeResultsDirectory="9efb9093-0c46-4995-a36d-0607c368d7c1" /><UnitTestResult executionId="7b93b41c-00e2-4795-a072-418610d13ed6" testId="03bc2990-eb35-42d6-aaee-cf92d4855ed2" testName="PostFile_FileIsSynchronizedIsUpdatedAfterFileIsPosted" computerName="VECTOR" duration="00:00:00.0110000" startTime="2018-08-21T11:29:04.5254146-04:00" endTime="2018-08-21T11:29:04.5254178-04:00" testType="13cdc9d9-ddb5-4fa4-a97d-d965ccfc6d4b" outcome="Passed" testListId="8c84fa94-04c1-424b-9868-57a2d4851a1d" relativeResultsDirectory="7b93b41c-00e2-4795-a072-418610d13ed6" /><UnitTestResult executionId="d0c92852-97f2-409b-be8e-1aff6680902f" testId="88ba3559-7a1f-4ac9-b74c-46102dfc255c" testName="GetSingle_ValidIdPropertyValueReturnsCorrectModel" computerName="VECTOR" duration="00:00:00.0220000" startTime="2018-08-21T11:29:25.7814018-04:00" endTime="2018-08-21T11:29:25.7814070-04:00" testType="13cdc9d9-ddb5-4fa4-a97d-d965ccfc6d4b" outcome="Passed" testListId="8c84fa94-04c1-424b-9868-57a2d4851a1d" relativeResultsDirectory="d0c92852-97f2-409b-be8e-1aff6680902f" /><UnitTestResult executionId="10cf880b-59e6-45f7-aa6d-d66c080fe5d2" testId="fae4dd92-39a1-4c2d-9cfd-a696cebe76b7" testName="PostFile_FileTimeStampIsUpdatedAfterFileIsPosted" computerName="VECTOR" duration="00:00:01.4610000" startTime="2018-08-21T11:29:28.2476021-04:00" endTime="2018-08-21T11:29:28.2476083-04:00" testType="13cdc9d9-ddb5-4fa4-a97d-d965ccfc6d4b" outcome="Passed" testListId="8c84fa94-04c1-424b-9868-57a2d4851a1d" relativeResultsDirectory="10cf880b-59e6-45f7-aa6d-d66c080fe5d2" /><UnitTestResult executionId="a770f5e2-0df3-4f34-80df-9719173089b0" testId="b0135ea9-a228-4a77-8dd6-e64a026c50f1" testName="Put_InvalidReferencePropertyReturndBadRequest" computerName="VECTOR" duration="00:00:00.0400000" startTime="2018-08-21T11:29:32.8384382-04:00" endTime="2018-08-21T11:29:32.8384448-04:00" testType="13cdc9d9-ddb5-4fa4-a97d-d965ccfc6d4b" outcome="Passed" testListId="8c84fa94-04c1-424b-9868-57a2d4851a1d" relativeResultsDirectory="a770f5e2-0df3-4f34-80df-9719173089b0" /><UnitTestResult executionId="98367602-01d0-4f00-a6cd-6011e3b854d8" testId="5aad7f75-f915-471d-b0e1-04f1640ecada" testName="Put_CanUpdateModel" computerName="VECTOR" duration="00:00:00.3390000" startTime="2018-08-21T11:29:26.7465906-04:00" endTime="2018-08-21T11:29:26.7465974-04:00" testType="13cdc9d9-ddb5-4fa4-a97d-d965ccfc6d4b" outcome="Passed" testListId="8c84fa94-04c1-424b-9868-57a2d4851a1d" relativeResultsDirectory="98367602-01d0-4f00-a6cd-6011e3b854d8" /><UnitTestResult executionId="af224990-29eb-446f-a3e5-bbf9e93aedd9" testId="cd9b4128-f62e-4bec-b805-30a940708692" testName="Post_InvalidPropertyValueReturnsBadRequest" computerName="VECTOR" duration="00:00:00.0170000" startTime="2018-08-21T11:28:58.9526749-04:00" endTime="2018-08-21T11:28:58.9526798-04:00" testType="13cdc9d9-ddb5-4fa4-a97d-d965ccfc6d4b" outcome="Passed" testListId="8c84fa94-04c1-424b-9868-57a2d4851a1d" relativeResultsDirectory="af224990-29eb-446f-a3e5-bbf9e93aedd9" /><UnitTestResult executionId="cfe02b2f-0970-4bda-a5f7-712560c994ae" testId="4c196135-5dc0-40c6-8313-315d9a457b79" testName="Patch_InvalidEnumPropertyValueReturnsBadRequest" computerName="VECTOR" duration="00:00:00.0350000" startTime="2018-08-21T11:29:24.3595828-04:00" endTime="2018-08-21T11:29:24.3595884-04:00" testType="13cdc9d9-ddb5-4fa4-a97d-d965ccfc6d4b" outcome="Passed" testListId="8c84fa94-04c1-424b-9868-57a2d4851a1d" relativeResultsDirectory="cfe02b2f-0970-4bda-a5f7-712560c994ae" /><UnitTestResult executionId="95e081bb-4711-4ef2-9cd2-63578dc3bd43" testId="6dfda2f1-bb25-4f9e-aed9-bb8e91752489" testName="Put_CanUpdateModel" computerName="VECTOR" duration="00:00:00.2700000" startTime="2018-08-21T11:28:58.8682834-04:00" endTime="2018-08-21T11:28:58.8682910-04:00" testType="13cdc9d9-ddb5-4fa4-a97d-d965ccfc6d4b" outcome="Passed" testListId="8c84fa94-04c1-424b-9868-57a2d4851a1d" relativeResultsDirectory="95e081bb-4711-4ef2-9cd2-63578dc3bd43" /><UnitTestResult executionId="a2f7d22c-ec85-41e4-abb7-d89ee1cfdb92" testId="67cf6c9a-b217-44b6-ad45-0abba1ca318d" testName="PostFile_NewFileCanBePosted" computerName="VECTOR" duration="00:00:00.4580000" startTime="2018-08-21T11:29:04.1423498-04:00" endTime="2018-08-21T11:29:04.1423562-04:00" testType="13cdc9d9-ddb5-4fa4-a97d-d965ccfc6d4b" outcome="Passed" testListId="8c84fa94-04c1-424b-9868-57a2d4851a1d" relativeResultsDirectory="a2f7d22c-ec85-41e4-abb7-d89ee1cfdb92" /><UnitTestResult executionId="d55d56e2-da91-4f8c-a7d9-bf62a93eacb9" testId="1d6d99c6-11ef-4f14-b1fd-a8eab061114e" testName="GetSingle_ValidIdPropertyValueReturnsCorrectModel" computerName="VECTOR" duration="00:00:00.0230000" startTime="2018-08-21T11:29:31.9549331-04:00" endTime="2018-08-21T11:29:31.9549393-04:00" testType="13cdc9d9-ddb5-4fa4-a97d-d965ccfc6d4b" outcome="Passed" testListId="8c84fa94-04c1-424b-9868-57a2d4851a1d" relativeResultsDirectory="d55d56e2-da91-4f8c-a7d9-bf62a93eacb9" /><UnitTestResult executionId="74e65e28-231a-4bd4-a9ae-3098a74a5e50" testId="20944fce-2b30-499e-a2f7-16331470289c" testName="Put_ValidReferencePropertyUpdatesModel" computerName="VECTOR" duration="00:00:00.3410000" startTime="2018-08-21T11:29:05.6922663-04:00" endTime="2018-08-21T11:29:05.6922730-04:00" testType="13cdc9d9-ddb5-4fa4-a97d-d965ccfc6d4b" outcome="Passed" testListId="8c84fa94-04c1-424b-9868-57a2d4851a1d" relativeResultsDirectory="74e65e28-231a-4bd4-a9ae-3098a74a5e50" /><UnitTestResult executionId="925574b5-7920-4921-bd48-eca2cb98c8cc" testId="4ed0445f-9880-46e2-9b29-f776e0d4c80c" testName="Put_InvalidReferencePropertyReturndBadRequest" computerName="VECTOR" duration="00:00:00.0100000" startTime="2018-08-21T11:28:58.9186023-04:00" endTime="2018-08-21T11:28:58.9186055-04:00" testType="13cdc9d9-ddb5-4fa4-a97d-d965ccfc6d4b" outcome="Passed" testListId="8c84fa94-04c1-424b-9868-57a2d4851a1d" relativeResultsDirectory="925574b5-7920-4921-bd48-eca2cb98c8cc" /><UnitTestResult executionId="b767b6a8-945b-426d-944a-304dda3a6b76" testId="1e7f9f25-cd22-482a-a055-c38e5ec1e6ae" testName="FileRequest_FileCanBeReadAfterRename" computerName="VECTOR" duration="00:00:00.6090000" startTime="2018-08-21T11:29:24.3231301-04:00" endTime="2018-08-21T11:29:24.3231368-04:00" testType="13cdc9d9-ddb5-4fa4-a97d-d965ccfc6d4b" outcome="Passed" testListId="8c84fa94-04c1-424b-9868-57a2d4851a1d" relativeResultsDirectory="b767b6a8-945b-426d-944a-304dda3a6b76" /><UnitTestResult executionId="f924efd9-8634-42ef-9397-c5ecf73211cc" testId="308af7e1-53d5-4044-be4d-8c82294676fb" testName="PutFile_FileCanBeUpdated" computerName="VECTOR" duration="00:00:00.5000000" startTime="2018-08-21T11:29:28.7476854-04:00" endTime="2018-08-21T11:29:28.7476924-04:00" testType="13cdc9d9-ddb5-4fa4-a97d-d965ccfc6d4b" outcome="Passed" testListId="8c84fa94-04c1-424b-9868-57a2d4851a1d" relativeResultsDirectory="f924efd9-8634-42ef-9397-c5ecf73211cc" /><UnitTestResult executionId="35b5574f-85ee-4f14-b64f-cb17aea559a9" testId="5c5f327a-c1fa-4ce0-8b09-4d2cc6e7d085" testName="Put_InvalidIdReturnsNotFound" computerName="VECTOR" duration="00:00:00.0490000" startTime="2018-08-21T11:28:58.5507914-04:00" endTime="2018-08-21T11:28:58.5507978-04:00" testType="13cdc9d9-ddb5-4fa4-a97d-d965ccfc6d4b" outcome="Passed" testListId="8c84fa94-04c1-424b-9868-57a2d4851a1d" relativeResultsDirectory="35b5574f-85ee-4f14-b64f-cb17aea559a9" /><UnitTestResult executionId="b121043b-5378-411d-b7cd-174d12048570" testId="6229e5b7-dda6-4783-84db-0d5bc103c564" testName="GetSingle_InvalidIdPropertyValueReturnsNotFound" computerName="VECTOR" duration="00:00:00.0220000" startTime="2018-08-21T11:29:26.1787502-04:00" endTime="2018-08-21T11:29:26.1787561-04:00" testType="13cdc9d9-ddb5-4fa4-a97d-d965ccfc6d4b" outcome="Passed" testListId="8c84fa94-04c1-424b-9868-57a2d4851a1d" relativeResultsDirectory="b121043b-5378-411d-b7cd-174d12048570" /><UnitTestResult executionId="c48ea239-0702-4245-aac2-bf9dbd155da4" testId="4d843173-c4f6-4b93-b733-13b780901bf0" testName="Put_CanUpdateModel" computerName="VECTOR" duration="00:00:00.3240000" startTime="2018-08-21T11:29:32.7974502-04:00" endTime="2018-08-21T11:29:32.7974572-04:00" testType="13cdc9d9-ddb5-4fa4-a97d-d965ccfc6d4b" outcome="Passed" testListId="8c84fa94-04c1-424b-9868-57a2d4851a1d" relativeResultsDirectory="c48ea239-0702-4245-aac2-bf9dbd155da4" /><UnitTestResult executionId="9936eee7-0d45-415f-a298-938bb1750424" testId="4fcea3ca-87e9-4b75-862f-540d41e14f3d" testName="PostFile_FileIsSynchronizedIsUpdatedAfterFileIsPosted" computerName="VECTOR" duration="00:00:00.3840000" startTime="2018-08-21T11:29:31.1805664-04:00" endTime="2018-08-21T11:29:31.1805730-04:00" testType="13cdc9d9-ddb5-4fa4-a97d-d965ccfc6d4b" outcome="Passed" testListId="8c84fa94-04c1-424b-9868-57a2d4851a1d" relativeResultsDirectory="9936eee7-0d45-415f-a298-938bb1750424" /><UnitTestResult executionId="d88c77bc-8d85-469d-baac-3631dfe7fa16" testId="982994b2-2156-49ca-9c2e-13148a7a2bce" testName="Post_InvalidReferencePropertyReturnsBadRequest" computerName="VECTOR" duration="00:00:00.0150000" startTime="2018-08-21T11:29:07.0358936-04:00" endTime="2018-08-21T11:29:07.0358981-04:00" testType="13cdc9d9-ddb5-4fa4-a97d-d965ccfc6d4b" outcome="Passed" testListId="8c84fa94-04c1-424b-9868-57a2d4851a1d" relativeResultsDirectory="d88c77bc-8d85-469d-baac-3631dfe7fa16" /><UnitTestResult executionId="8e558aa3-6ec6-45b3-993e-c2d8788f3244" testId="826baaa9-c895-442a-bef0-03b86eef6831" testName="Put_ValidReferencePropertyUpdatesModel" computerName="VECTOR" duration="00:00:00.3100000" startTime="2018-08-21T11:29:33.8303952-04:00" endTime="2018-08-21T11:29:33.8304021-04:00" testType="13cdc9d9-ddb5-4fa4-a97d-d965ccfc6d4b" outcome="Passed" testListId="8c84fa94-04c1-424b-9868-57a2d4851a1d" relativeResultsDirectory="8e558aa3-6ec6-45b3-993e-c2d8788f3244" /><UnitTestResult executionId="1bdd7bd6-ebc4-412e-afc5-c3713b2ac4a8" testId="c1f9d7d3-9a30-498c-9b2b-a3f2bf1a479d" testName="PutFile_FileCanBeUpdated" computerName="VECTOR" duration="00:00:00.4920000" startTime="2018-08-21T11:29:16.1828847-04:00" endTime="2018-08-21T11:29:16.1828924-04:00" testType="13cdc9d9-ddb5-4fa4-a97d-d965ccfc6d4b" outcome="Passed" testListId="8c84fa94-04c1-424b-9868-57a2d4851a1d" relativeResultsDirectory="1bdd7bd6-ebc4-412e-afc5-c3713b2ac4a8" /><UnitTestResult executionId="e9fa0f8c-77ea-4b58-bfcf-9d4d9d3118f2" testId="da81058d-548f-4ac5-8bac-0edc9fa56d32" testName="GetSingle_InvalidIdPropertyValueReturnsNotFound" computerName="VECTOR" duration="00:00:00.0150000" startTime="2018-08-21T11:28:58.5977777-04:00" endTime="2018-08-21T11:28:58.5977837-04:00" testType="13cdc9d9-ddb5-4fa4-a97d-d965ccfc6d4b" outcome="Passed" testListId="8c84fa94-04c1-424b-9868-57a2d4851a1d" relativeResultsDirectory="e9fa0f8c-77ea-4b58-bfcf-9d4d9d3118f2" /><UnitTestResult executionId="d3c421e2-e62f-4665-84c1-e398ca6040f2" testId="a6f50161-1997-43fd-8688-907aad1d8d60" testName="PutFile_NewFileCanBePut" computerName="VECTOR" duration="00:00:00.4620000" startTime="2018-08-21T11:29:02.3176164-04:00" endTime="2018-08-21T11:29:02.3176226-04:00" testType="13cdc9d9-ddb5-4fa4-a97d-d965ccfc6d4b" outcome="Passed" testListId="8c84fa94-04c1-424b-9868-57a2d4851a1d" relativeResultsDirectory="d3c421e2-e62f-4665-84c1-e398ca6040f2" /><UnitTestResult executionId="2e592450-9e8c-4271-9c4e-8316c322c856" testId="7c04562b-25a3-4213-bba7-e9d4dd18a511" testName="FileRequest_MeshGenerateSetsFileIsSynchronized" computerName="VECTOR" duration="00:00:05.3070000" startTime="2018-08-21T11:29:23.3482380-04:00" endTime="2018-08-21T11:29:23.3482461-04:00" testType="13cdc9d9-ddb5-4fa4-a97d-d965ccfc6d4b" outcome="Passed" testListId="8c84fa94-04c1-424b-9868-57a2d4851a1d" relativeResultsDirectory="2e592450-9e8c-4271-9c4e-8316c322c856" /><UnitTestResult executionId="a37b9d1e-a168-4b59-bd73-e5532e1e708e" testId="f87141d7-6378-4b2e-8d5a-3ca53b2169b2" testName="Patch_MultipleInvalidReferencePropertiesReturnsMultipleValidationErrorsAndBadRequest" computerName="VECTOR" duration="00:00:00.0400000" startTime="2018-08-21T11:29:11.1616242-04:00" endTime="2018-08-21T11:29:11.1616303-04:00" testType="13cdc9d9-ddb5-4fa4-a97d-d965ccfc6d4b" outcome="Passed" testListId="8c84fa94-04c1-424b-9868-57a2d4851a1d" relativeResultsDirectory="a37b9d1e-a168-4b59-bd73-e5532e1e708e" /><UnitTestResult executionId="cba1db14-053a-4f25-8c27-09f6e115dc8e" testId="2b8e7d74-b0a7-4610-b303-330e6280efa1" testName="Patch_InvalidReferencePropertyReturnsBadRequest" computerName="VECTOR" duration="00:00:00.0380000" startTime="2018-08-21T11:29:11.0204071-04:00" endTime="2018-08-21T11:29:11.0204124-04:00" testType="13cdc9d9-ddb5-4fa4-a97d-d965ccfc6d4b" outcome="Passed" testListId="8c84fa94-04c1-424b-9868-57a2d4851a1d" relativeResultsDirectory="cba1db14-053a-4f25-8c27-09f6e115dc8e" /><UnitTestResult executionId="63f873cf-1360-42a5-a0f7-9ab14913e8c2" testId="02237de0-cc58-436a-a0bf-64a6e1a5fca7" testName="Put_InvalidIdReturnsNotFound" computerName="VECTOR" duration="00:00:00.2290000" startTime="2018-08-21T11:29:04.7552516-04:00" endTime="2018-08-21T11:29:04.7552582-04:00" testType="13cdc9d9-ddb5-4fa4-a97d-d965ccfc6d4b" outcome="Passed" testListId="8c84fa94-04c1-424b-9868-57a2d4851a1d" relativeResultsDirectory="63f873cf-1360-42a5-a0f7-9ab14913e8c2" /><UnitTestResult executionId="91e57398-1981-4102-8bc6-8bd13cec9a76" testId="421f9403-1978-4ca9-8dde-3e70543b8f5a" testName="Post_CanCreateNewModel" computerName="VECTOR" duration="00:00:00.1780000" startTime="2018-08-21T11:29:01.5917157-04:00" endTime="2018-08-21T11:29:01.5917225-04:00" testType="13cdc9d9-ddb5-4fa4-a97d-d965ccfc6d4b" outcome="Passed" testListId="8c84fa94-04c1-424b-9868-57a2d4851a1d" relativeResultsDirectory="91e57398-1981-4102-8bc6-8bd13cec9a76" /><UnitTestResult executionId="81d6cee4-1372-4c9d-9e1c-d820dc24925f" testId="38ff8213-a43b-44fd-9e02-b4946ef6f1fd" testName="Put_InvalidReferencePropertyReturndBadRequest" computerName="VECTOR" duration="00:00:00.0260000" startTime="2018-08-21T11:29:05.9189708-04:00" endTime="2018-08-21T11:29:05.9189768-04:00" testType="13cdc9d9-ddb5-4fa4-a97d-d965ccfc6d4b" outcome="Passed" testListId="8c84fa94-04c1-424b-9868-57a2d4851a1d" relativeResultsDirectory="81d6cee4-1372-4c9d-9e1c-d820dc24925f" /><UnitTestResult executionId="570a6b10-75b6-4d84-a507-ca12ebbde67b" testId="c2c4372d-7811-41cb-88da-6fe3554661b9" testName="PostFile_NewFileCanBePosted" computerName="VECTOR" duration="00:00:00.3500000" startTime="2018-08-21T11:29:31.5306966-04:00" endTime="2018-08-21T11:29:31.5307037-04:00" testType="13cdc9d9-ddb5-4fa4-a97d-d965ccfc6d4b" outcome="Passed" testListId="8c84fa94-04c1-424b-9868-57a2d4851a1d" relativeResultsDirectory="570a6b10-75b6-4d84-a507-ca12ebbde67b" /><UnitTestResult executionId="59c357cb-6b0d-4d3a-8c5e-a52ed3b76129" testId="12d51ba9-c84f-49c5-b60a-8fc768b51a09" testName="Post_ValidReferencePropertyCreatesModel" computerName="VECTOR" duration="00:00:00.2270000" startTime="2018-08-21T11:29:26.4065036-04:00" endTime="2018-08-21T11:29:26.4065098-04:00" testType="13cdc9d9-ddb5-4fa4-a97d-d965ccfc6d4b" outcome="Passed" testListId="8c84fa94-04c1-424b-9868-57a2d4851a1d" relativeResultsDirectory="59c357cb-6b0d-4d3a-8c5e-a52ed3b76129" /><UnitTestResult executionId="eb3a4f17-1e08-4e64-ae22-b2cec88ef322" testId="36ac25db-d6a3-488a-904a-937a4500c66a" testName="DepthBufferHasExpectedDependentFiles" computerName="VECTOR" duration="00:00:00.0010000" startTime="2018-08-21T11:28:56.6039044-04:00" endTime="2018-08-21T11:28:56.6039062-04:00" testType="13cdc9d9-ddb5-4fa4-a97d-d965ccfc6d4b" outcome="Passed" testListId="8c84fa94-04c1-424b-9868-57a2d4851a1d" relativeResultsDirectory="eb3a4f17-1e08-4e64-ae22-b2cec88ef322" /><UnitTestResult executionId="03c803aa-cbef-4e25-adad-3e6802b1d2f2" testId="30aebe67-2680-434a-a727-424b040e29cc" testName="GetSingle_ValidIdPropertyValueReturnsCorrectModel" computerName="VECTOR" duration="00:00:00.0160000" startTime="2018-08-21T11:29:07.0204370-04:00" endTime="2018-08-21T11:29:07.0204421-04:00" testType="13cdc9d9-ddb5-4fa4-a97d-d965ccfc6d4b" outcome="Passed" testListId="8c84fa94-04c1-424b-9868-57a2d4851a1d" relativeResultsDirectory="03c803aa-cbef-4e25-adad-3e6802b1d2f2" /><UnitTestResult executionId="83b271f8-2b14-4ea2-80d3-9cb5498f7a4c" testId="ac80670d-7c28-497c-8720-60bedbeb8321" testName="Patch_InvalidEnumPropertyValueReturnsBadRequest" computerName="VECTOR" duration="00:00:00.0110000" startTime="2018-08-21T11:29:05.9463066-04:00" endTime="2018-08-21T11:29:05.9463129-04:00" testType="13cdc9d9-ddb5-4fa4-a97d-d965ccfc6d4b" outcome="Passed" testListId="8c84fa94-04c1-424b-9868-57a2d4851a1d" relativeResultsDirectory="83b271f8-2b14-4ea2-80d3-9cb5498f7a4c" /><UnitTestResult executionId="cc11ee4a-be35-46dd-97bd-63bab267276c" testId="2f8910d8-d0b6-4769-aaf7-dc8d47dfcc7d" testName="PostFile_FileTimeStampIsUpdatedAfterFileIsPosted" computerName="VECTOR" duration="00:00:01.4580000" startTime="2018-08-21T11:29:17.6838523-04:00" endTime="2018-08-21T11:29:17.6838606-04:00" testType="13cdc9d9-ddb5-4fa4-a97d-d965ccfc6d4b" outcome="Passed" testListId="8c84fa94-04c1-424b-9868-57a2d4851a1d" relativeResultsDirectory="cc11ee4a-be35-46dd-97bd-63bab267276c" /><UnitTestResult executionId="b063df41-7f14-4af0-8c11-f13819e56896" testId="881d16d6-8fb0-4d0c-81dd-e9f21584864b" testName="Put_ValidReferencePropertyUpdatesModel" computerName="VECTOR" duration="00:00:00.4970000" startTime="2018-08-21T11:29:25.6714424-04:00" endTime="2018-08-21T11:29:25.6714497-04:00" testType="13cdc9d9-ddb5-4fa4-a97d-d965ccfc6d4b" outcome="Passed" testListId="8c84fa94-04c1-424b-9868-57a2d4851a1d" relativeResultsDirectory="b063df41-7f14-4af0-8c11-f13819e56896" /><UnitTestResult executionId="99c40fd2-6532-4eff-8443-2df9e8c03540" testId="c29af08d-4511-4878-b650-3fa3729b5d10" testName="Post_CanCreateNewModel" computerName="VECTOR" duration="00:00:00.1790000" startTime="2018-08-21T11:29:24.8566212-04:00" endTime="2018-08-21T11:29:24.8566286-04:00" testType="13cdc9d9-ddb5-4fa4-a97d-d965ccfc6d4b" outcome="Passed" testListId="8c84fa94-04c1-424b-9868-57a2d4851a1d" relativeResultsDirectory="99c40fd2-6532-4eff-8443-2df9e8c03540" /><UnitTestResult executionId="36958f0d-67f1-4ba6-863b-f0cd910f0ebd" testId="07ce2e3e-3460-4f27-856f-0789e0d8643a" testName="Patch_InvalidIdPropertyReturnsNotFound" computerName="VECTOR" duration="00:00:00.0220000" startTime="2018-08-21T11:29:33.1062279-04:00" endTime="2018-08-21T11:29:33.1062348-04:00" testType="13cdc9d9-ddb5-4fa4-a97d-d965ccfc6d4b" outcome="Passed" testListId="8c84fa94-04c1-424b-9868-57a2d4851a1d" relativeResultsDirectory="36958f0d-67f1-4ba6-863b-f0cd910f0ebd" /><UnitTestResult executionId="98f6f956-249d-4cfb-9c2a-81c1af3c1260" testId="46b3b110-fb2c-4e62-b313-9f8625d338cf" testName="Patch_InvalidReferencePropertyReturnsBadRequest" computerName="VECTOR" duration="00:00:00.0120000" startTime="2018-08-21T11:28:58.2813236-04:00" endTime="2018-08-21T11:28:58.2813285-04:00" testType="13cdc9d9-ddb5-4fa4-a97d-d965ccfc6d4b" outcome="Passed" testListId="8c84fa94-04c1-424b-9868-57a2d4851a1d" relativeResultsDirectory="98f6f956-249d-4cfb-9c2a-81c1af3c1260" /><UnitTestResult executionId="ee03313f-89c6-4a26-b3f4-5357cc7de207" testId="f3068476-5b3c-4f25-8187-358ea66779a0" testName="GetFile_NonExistentFileReturnsNotFound" computerName="VECTOR" duration="00:00:00.0320000" startTime="2018-08-21T11:29:11.7338734-04:00" endTime="2018-08-21T11:29:11.7338803-04:00" testType="13cdc9d9-ddb5-4fa4-a97d-d965ccfc6d4b" outcome="Passed" testListId="8c84fa94-04c1-424b-9868-57a2d4851a1d" relativeResultsDirectory="ee03313f-89c6-4a26-b3f4-5357cc7de207" /><UnitTestResult executionId="69da3b71-9cb4-4aa1-94c3-c92b3822333d" testId="1cf8d7eb-50ca-4f87-bf4e-bb84f0388f27" testName="Put_InvalidIdReturnsNotFound" computerName="VECTOR" duration="00:00:00.0450000" startTime="2018-08-21T11:29:00.2201061-04:00" endTime="2018-08-21T11:29:00.2201132-04:00" testType="13cdc9d9-ddb5-4fa4-a97d-d965ccfc6d4b" outcome="Passed" testListId="8c84fa94-04c1-424b-9868-57a2d4851a1d" relativeResultsDirectory="69da3b71-9cb4-4aa1-94c3-c92b3822333d" /><UnitTestResult executionId="679fd09a-42bf-4cd2-9181-5181fddb3a7c" testId="8df50b05-1f3c-46dd-a360-e34804ce1429" testName="MeshTransformHasExpectedDependentFiles" computerName="VECTOR" duration="00:00:00.0010000" startTime="2018-08-21T11:28:56.6004873-04:00" endTime="2018-08-21T11:28:56.6004892-04:00" testType="13cdc9d9-ddb5-4fa4-a97d-d965ccfc6d4b" outcome="Passed" testListId="8c84fa94-04c1-424b-9868-57a2d4851a1d" relativeResultsDirectory="679fd09a-42bf-4cd2-9181-5181fddb3a7c" /><UnitTestResult executionId="e57c4721-7bbf-48e1-b3e4-e91944c46927" testId="9e11bd38-513b-46b3-ac93-88ad152395ca" testName="Patch_TargetPropertyIsUpdated" computerName="VECTOR" duration="00:00:00.3160000" startTime="2018-08-21T11:29:25.1735432-04:00" endTime="2018-08-21T11:29:25.1735510-04:00" testType="13cdc9d9-ddb5-4fa4-a97d-d965ccfc6d4b" outcome="Passed" testListId="8c84fa94-04c1-424b-9868-57a2d4851a1d" relativeResultsDirectory="e57c4721-7bbf-48e1-b3e4-e91944c46927" /><UnitTestResult executionId="8575f90b-0418-49fe-bbf1-d156ae6d350b" testId="884d9837-1e2c-4556-80ea-f920ba064664" testName="Put_ValidReferencePropertyUpdatesModel" computerName="VECTOR" duration="00:00:00.0180000" startTime="2018-08-21T11:28:58.2691690-04:00" endTime="2018-08-21T11:28:58.2691810-04:00" testType="13cdc9d9-ddb5-4fa4-a97d-d965ccfc6d4b" outcome="Passed" testListId="8c84fa94-04c1-424b-9868-57a2d4851a1d" relativeResultsDirectory="8575f90b-0418-49fe-bbf1-d156ae6d350b" /><UnitTestResult executionId="f280b595-caca-4c0a-8b7b-37c807f9166a" testId="9b87b004-8126-452a-867b-02c11b8e39f7" testName="LucyModel3dHasTwoDependents" computerName="VECTOR" duration="00:00:00.3650000" startTime="2018-08-21T11:28:56.5917696-04:00" endTime="2018-08-21T11:28:56.5917751-04:00" testType="13cdc9d9-ddb5-4fa4-a97d-d965ccfc6d4b" outcome="Passed" testListId="8c84fa94-04c1-424b-9868-57a2d4851a1d" relativeResultsDirectory="f280b595-caca-4c0a-8b7b-37c807f9166a" /><UnitTestResult executionId="f9cf1783-c73e-4e66-b7c9-7c0264582a53" testId="a24bb652-ae13-451e-a562-ce12d34a6d14" testName="Patch_InvalidPropertyNameReturnsBadRequest" computerName="VECTOR" duration="00:00:00.1040000" startTime="2018-08-21T11:28:57.2915169-04:00" endTime="2018-08-21T11:28:57.2915240-04:00" testType="13cdc9d9-ddb5-4fa4-a97d-d965ccfc6d4b" outcome="Passed" testListId="8c84fa94-04c1-424b-9868-57a2d4851a1d" relativeResultsDirectory="f9cf1783-c73e-4e66-b7c9-7c0264582a53" /><UnitTestResult executionId="a9d7084c-595d-4e02-9074-e7dd85b46b73" testId="6a4a5402-ed39-4dd2-8b1c-959f15a2651e" testName="Post_InvalidReferencePropertyReturnsBadRequest" computerName="VECTOR" duration="00:00:00.0130000" startTime="2018-08-21T11:28:57.3190539-04:00" endTime="2018-08-21T11:28:57.3190571-04:00" testType="13cdc9d9-ddb5-4fa4-a97d-d965ccfc6d4b" outcome="Passed" testListId="8c84fa94-04c1-424b-9868-57a2d4851a1d" relativeResultsDirectory="a9d7084c-595d-4e02-9074-e7dd85b46b73" /><UnitTestResult executionId="3963056e-9844-486e-aed4-35b5a2151657" testId="a6d35e18-486a-4f8f-9eed-4e82e718ef01" testName="Patch_ValidReferencePropertyUpdatesModel" computerName="VECTOR" duration="00:00:00.5770000" startTime="2018-08-21T11:28:57.1860144-04:00" endTime="2018-08-21T11:28:57.1860213-04:00" testType="13cdc9d9-ddb5-4fa4-a97d-d965ccfc6d4b" outcome="Passed" testListId="8c84fa94-04c1-424b-9868-57a2d4851a1d" relativeResultsDirectory="3963056e-9844-486e-aed4-35b5a2151657" /><UnitTestResult executionId="9b3ce339-d94f-4a03-8296-4017ea6dfbb3" testId="0ec8d1a8-465c-49a7-bb7b-1a5bde56d6f4" testName="Put_ValidReferencePropertyUpdatesModel" computerName="VECTOR" duration="00:00:00.5170000" startTime="2018-08-21T11:29:01.0844258-04:00" endTime="2018-08-21T11:29:01.0844331-04:00" testType="13cdc9d9-ddb5-4fa4-a97d-d965ccfc6d4b" outcome="Passed" testListId="8c84fa94-04c1-424b-9868-57a2d4851a1d" relativeResultsDirectory="9b3ce339-d94f-4a03-8296-4017ea6dfbb3" /><UnitTestResult executionId="cdcec928-17a8-45e8-bafd-6e97857bf3bb" testId="c1c03074-7955-4b3e-9707-c5322c7d29cf" testName="Patch_InvalidEnumPropertyValueReturnsBadRequest" computerName="VECTOR" duration="00:00:00.0200000" startTime="2018-08-21T11:29:01.4129739-04:00" endTime="2018-08-21T11:29:01.4129793-04:00" testType="13cdc9d9-ddb5-4fa4-a97d-d965ccfc6d4b" outcome="Passed" testListId="8c84fa94-04c1-424b-9868-57a2d4851a1d" relativeResultsDirectory="cdcec928-17a8-45e8-bafd-6e97857bf3bb" /><UnitTestResult executionId="906f4e59-47d3-4830-a8bc-d9b9772b8d2e" testId="743f7ce8-135f-49e4-946c-719599b1a2fc" testName="Put_InvalidReferencePropertyReturndBadRequest" computerName="VECTOR" duration="00:00:00.0330000" startTime="2018-08-21T11:29:01.8419979-04:00" endTime="2018-08-21T11:29:01.8420043-04:00" testType="13cdc9d9-ddb5-4fa4-a97d-d965ccfc6d4b" outcome="Passed" testListId="8c84fa94-04c1-424b-9868-57a2d4851a1d" relativeResultsDirectory="906f4e59-47d3-4830-a8bc-d9b9772b8d2e" /><UnitTestResult executionId="c6a6c3e0-9066-4778-8378-cb4c13012317" testId="170aac0a-3eb9-4647-aa8a-f6d73b824f62" testName="Post_InvalidPropertyValueReturnsBadRequest" computerName="VECTOR" duration="00:00:00.0180000" startTime="2018-08-21T11:29:33.1451293-04:00" endTime="2018-08-21T11:29:33.1451380-04:00" testType="13cdc9d9-ddb5-4fa4-a97d-d965ccfc6d4b" outcome="Passed" testListId="8c84fa94-04c1-424b-9868-57a2d4851a1d" relativeResultsDirectory="c6a6c3e0-9066-4778-8378-cb4c13012317" /><UnitTestResult executionId="0bd818ab-121c-4d5c-9570-a09e0fbd3b1c" testId="98cbf256-2e27-4612-8087-ac88634b2c6e" testName="GetFile_ExistingFileReturnsSuccess" computerName="VECTOR" duration="00:00:00.2790000" startTime="2018-08-21T11:29:03.1719773-04:00" endTime="2018-08-21T11:29:03.1719860-04:00" testType="13cdc9d9-ddb5-4fa4-a97d-d965ccfc6d4b" outcome="Passed" testListId="8c84fa94-04c1-424b-9868-57a2d4851a1d" relativeResultsDirectory="0bd818ab-121c-4d5c-9570-a09e0fbd3b1c" /><UnitTestResult executionId="bd44a094-93e5-4b41-8e4d-548afcd01e7c" testId="345a7873-1715-4ab5-9d56-e882d9bb4089" testName="Post_ValidReferencePropertyCreatesModel" computerName="VECTOR" duration="00:00:00.2190000" startTime="2018-08-21T11:29:01.3264312-04:00" endTime="2018-08-21T11:29:01.3264374-04:00" testType="13cdc9d9-ddb5-4fa4-a97d-d965ccfc6d4b" outcome="Passed" testListId="8c84fa94-04c1-424b-9868-57a2d4851a1d" relativeResultsDirectory="bd44a094-93e5-4b41-8e4d-548afcd01e7c" /><UnitTestResult executionId="4055a2e4-5d21-48b5-ab40-0d1bf776405f" testId="c587ba14-9796-4803-89b0-24eb934d1e93" testName="GetList_ListReturnsCorrectCount" computerName="VECTOR" duration="00:00:00.0200000" startTime="2018-08-21T11:29:32.4259367-04:00" endTime="2018-08-21T11:29:32.4259441-04:00" testType="13cdc9d9-ddb5-4fa4-a97d-d965ccfc6d4b" outcome="Passed" testListId="8c84fa94-04c1-424b-9868-57a2d4851a1d" relativeResultsDirectory="4055a2e4-5d21-48b5-ab40-0d1bf776405f" /><UnitTestResult executionId="720d0ac4-26ae-49c4-8e8c-69253ca35314" testId="3dfa49b8-b042-4e93-b5ef-c010bb1ba3e5" testName="Delete_TargetModelIsDeleted" computerName="VECTOR" duration="00:00:00.1700000" startTime="2018-08-21T11:29:01.8090031-04:00" endTime="2018-08-21T11:29:01.8090091-04:00" testType="13cdc9d9-ddb5-4fa4-a97d-d965ccfc6d4b" outcome="Passed" testListId="8c84fa94-04c1-424b-9868-57a2d4851a1d" relativeResultsDirectory="720d0ac4-26ae-49c4-8e8c-69253ca35314" /><UnitTestResult executionId="16359ee2-9306-4b50-b7ff-191491cd20f8" testId="c999c340-5eb7-4a9a-921c-d8a9e5b21895" testName="Patch_TargetPropertyIsUpdated" computerName="VECTOR" duration="00:00:00.4100000" startTime="2018-08-21T11:29:10.7913291-04:00" endTime="2018-08-21T11:29:10.7913363-04:00" testType="13cdc9d9-ddb5-4fa4-a97d-d965ccfc6d4b" outcome="Passed" testListId="8c84fa94-04c1-424b-9868-57a2d4851a1d" relativeResultsDirectory="16359ee2-9306-4b50-b7ff-191491cd20f8" /><UnitTestResult executionId="1543b1d8-5756-4542-a2aa-479a3274562a" testId="b683429e-111a-450b-af52-c34610db4a5e" testName="Post_ValidReferencePropertyCreatesModel" computerName="VECTOR" duration="00:00:00.0140000" startTime="2018-08-21T11:28:57.3092192-04:00" endTime="2018-08-21T11:28:57.3092213-04:00" testType="13cdc9d9-ddb5-4fa4-a97d-d965ccfc6d4b" outcome="Passed" testListId="8c84fa94-04c1-424b-9868-57a2d4851a1d" relativeResultsDirectory="1543b1d8-5756-4542-a2aa-479a3274562a" /><UnitTestResult executionId="d996beb9-2ec3-46a4-b1fe-4265f9a94ec3" testId="483e4667-70f8-46a6-b5bf-737debdf100c" testName="Patch_InvalidEnumPropertyValueReturnsBadRequest" computerName="VECTOR" duration="00:00:00.0150000" startTime="2018-08-21T11:28:58.5824604-04:00" endTime="2018-08-21T11:28:58.5824641-04:00" testType="13cdc9d9-ddb5-4fa4-a97d-d965ccfc6d4b" outcome="Passed" testListId="8c84fa94-04c1-424b-9868-57a2d4851a1d" relativeResultsDirectory="d996beb9-2ec3-46a4-b1fe-4265f9a94ec3" /><UnitTestResult executionId="fd0afe63-09b4-4908-98b9-a25aa90d664e" testId="ddbc74c5-00b5-4e21-95cc-0f9b6e223d46" testName="Patch_TargetPropertyIsUpdated" computerName="VECTOR" duration="00:00:00.3160000" startTime="2018-08-21T11:29:06.6422266-04:00" endTime="2018-08-21T11:29:06.6422344-04:00" testType="13cdc9d9-ddb5-4fa4-a97d-d965ccfc6d4b" outcome="Passed" testListId="8c84fa94-04c1-424b-9868-57a2d4851a1d" relativeResultsDirectory="fd0afe63-09b4-4908-98b9-a25aa90d664e" /><UnitTestResult executionId="1921e6c5-b51d-42d7-aab7-baa144b81c18" testId="12a37660-16db-450a-8be0-bf395536d4af" testName="GetFile_ExistingFileReturnsSuccess" computerName="VECTOR" duration="00:00:00.0390000" startTime="2018-08-21T11:29:26.7859843-04:00" endTime="2018-08-21T11:29:26.7859913-04:00" testType="13cdc9d9-ddb5-4fa4-a97d-d965ccfc6d4b" outcome="Passed" testListId="8c84fa94-04c1-424b-9868-57a2d4851a1d" relativeResultsDirectory="1921e6c5-b51d-42d7-aab7-baa144b81c18" /><UnitTestResult executionId="8a4ce02e-acf1-4bdd-8599-0c7bb08a7b64" testId="54edd8f6-79af-4d84-ad9f-ca134bf6f988" testName="GetSingle_InvalidIdPropertyValueReturnsNotFound" computerName="VECTOR" duration="00:00:00.0200000" startTime="2018-08-21T11:29:07.0040789-04:00" endTime="2018-08-21T11:29:07.0040847-04:00" testType="13cdc9d9-ddb5-4fa4-a97d-d965ccfc6d4b" outcome="Passed" testListId="8c84fa94-04c1-424b-9868-57a2d4851a1d" relativeResultsDirectory="8a4ce02e-acf1-4bdd-8599-0c7bb08a7b64" /><UnitTestResult executionId="46cedd94-e4ad-4b71-aa4d-256618a98e2a" testId="2ac47400-0cdb-4ac4-b13c-5b1882930169" testName="Patch_InvalidPropertyNameReturnsBadRequest" computerName="VECTOR" duration="00:00:00.0200000" startTime="2018-08-21T11:29:00.2410780-04:00" endTime="2018-08-21T11:29:00.2410837-04:00" testType="13cdc9d9-ddb5-4fa4-a97d-d965ccfc6d4b" outcome="Passed" testListId="8c84fa94-04c1-424b-9868-57a2d4851a1d" relativeResultsDirectory="46cedd94-e4ad-4b71-aa4d-256618a98e2a" /><UnitTestResult executionId="ab806805-2e8b-4049-bd30-5e759ebcbc0b" testId="da8eded9-215c-4f27-8867-f8c68b9d1399" testName="GetFile_FileCanBeRoundTripped" computerName="VECTOR" duration="00:00:00.3490000" startTime="2018-08-21T11:29:04.4922611-04:00" endTime="2018-08-21T11:29:04.4922675-04:00" testType="13cdc9d9-ddb5-4fa4-a97d-d965ccfc6d4b" outcome="Passed" testListId="8c84fa94-04c1-424b-9868-57a2d4851a1d" relativeResultsDirectory="ab806805-2e8b-4049-bd30-5e759ebcbc0b" /><UnitTestResult executionId="6fafe6d5-0d5f-4463-a7fc-0c601fa56be1" testId="2015c9d7-7a9f-41e9-bc1c-b8ddd7ae14ad" testName="Post_InvalidReferencePropertyReturnsBadRequest" computerName="VECTOR" duration="00:00:00.0270000" startTime="2018-08-21T11:29:11.1207202-04:00" endTime="2018-08-21T11:29:11.1207254-04:00" testType="13cdc9d9-ddb5-4fa4-a97d-d965ccfc6d4b" outcome="Passed" testListId="8c84fa94-04c1-424b-9868-57a2d4851a1d" relativeResultsDirectory="6fafe6d5-0d5f-4463-a7fc-0c601fa56be1" /><UnitTestResult executionId="bcb1ec9e-9ccf-4dbe-b172-56aa62730e0e" testId="16e9c2ac-1cb8-4796-afac-ef9094318115" testName="Patch_TargetPropertyIsUpdated" computerName="VECTOR" duration="00:00:00.5250000" startTime="2018-08-21T11:28:59.8014301-04:00" endTime="2018-08-21T11:28:59.8014379-04:00" testType="13cdc9d9-ddb5-4fa4-a97d-d965ccfc6d4b" outcome="Passed" testListId="8c84fa94-04c1-424b-9868-57a2d4851a1d" relativeResultsDirectory="bcb1ec9e-9ccf-4dbe-b172-56aa62730e0e" /><UnitTestResult executionId="c84e9cab-771e-4d68-9d93-cdfcd62d8303" testId="a6fa30c6-1810-4ef9-9459-4ce1c74a236f" testName="Put_CanUpdateModel" computerName="VECTOR" duration="00:00:00.3410000" startTime="2018-08-21T11:29:06.9835747-04:00" endTime="2018-08-21T11:29:06.9835813-04:00" testType="13cdc9d9-ddb5-4fa4-a97d-d965ccfc6d4b" outcome="Passed" testListId="8c84fa94-04c1-424b-9868-57a2d4851a1d" relativeResultsDirectory="c84e9cab-771e-4d68-9d93-cdfcd62d8303" /></Results><TestDefinitions><UnitTest name="Patch_InvalidEnumPropertyValueReturnsBadRequest" storage="d:\modelrelief\modelrelief.test\bin\debug\netcoreapp2.0\modelrelief.test.dll" id="bc4b45af-8fcf-4696-95f5-cd8a907251d0"><Execution id="b6f5e446-8775-401b-838f-e8f339721902" /><TestMethod codeBase="D:\ModelRelief\ModelRelief.test\bin\Debug\netcoreapp2.0\ModelRelief.Test.dll" adapterTypeName="executor://xunit/VsTestRunner2/netcoreapp" className="ModelRelief.Test.Integration.Cameras.CamerasBaseIntegrationTests" name="Patch_InvalidEnumPropertyValueReturnsBadRequest" /></UnitTest><UnitTest name="Post_InvalidReferencePropertyReturnsBadRequest" storage="d:\modelrelief\modelrelief.test\bin\debug\netcoreapp2.0\modelrelief.test.dll" id="0836c85a-6b03-49df-8a66-a8c670245767"><Execution id="7d5d970c-53a3-48fc-bf08-204101143e20" /><TestMethod codeBase="D:\ModelRelief\ModelRelief.test\bin\Debug\netcoreapp2.0\ModelRelief.Test.dll" adapterTypeName="executor://xunit/VsTestRunner2/netcoreapp" className="ModelRelief.Test.Integration.Models.ModelsBaseIntegrationTests" name="Post_InvalidReferencePropertyReturnsBadRequest" /></UnitTest><UnitTest name="Post_CanCreateNewModel" storage="d:\modelrelief\modelrelief.test\bin\debug\netcoreapp2.0\modelrelief.test.dll" id="421f9403-1978-4ca9-8dde-3e70543b8f5a"><Execution id="91e57398-1981-4102-8bc6-8bd13cec9a76" /><TestMethod codeBase="D:\ModelRelief\ModelRelief.test\bin\Debug\netcoreapp2.0\ModelRelief.Test.dll" adapterTypeName="executor://xunit/VsTestRunner2/netcoreapp" className="ModelRelief.Test.Integration.Models.ModelsBaseIntegrationTests" name="Post_CanCreateNewModel" /></UnitTest><UnitTest name="Patch_InvalidPropertyNameReturnsBadRequest" storage="d:\modelrelief\modelrelief.test\bin\debug\netcoreapp2.0\modelrelief.test.dll" id="2ac47400-0cdb-4ac4-b13c-5b1882930169"><Execution id="46cedd94-e4ad-4b71-aa4d-256618a98e2a" /><TestMethod codeBase="D:\ModelRelief\ModelRelief.test\bin\Debug\netcoreapp2.0\ModelRelief.Test.dll" adapterTypeName="executor://xunit/VsTestRunner2/netcoreapp" className="ModelRelief.Test.Integration.Models.ModelsBaseIntegrationTests" name="Patch_InvalidPropertyNameReturnsBadRequest" /></UnitTest><UnitTest name="Delete_TargetModelIsDeleted" storage="d:\modelrelief\modelrelief.test\bin\debug\netcoreapp2.0\modelrelief.test.dll" id="32626a8b-21d7-443f-b6fb-8a1dd1c789ca"><Execution id="601c456a-187c-4a36-b22d-0a1a856f6377" /><TestMethod codeBase="D:\ModelRelief\ModelRelief.test\bin\Debug\netcoreapp2.0\ModelRelief.Test.dll" adapterTypeName="executor://xunit/VsTestRunner2/netcoreapp" className="ModelRelief.Test.Integration.MeshTransforms.MeshTransformsBaseIntegrationTests" name="Delete_TargetModelIsDeleted" /></UnitTest><UnitTest name="LucyDepthBufferFindsOneDependent" storage="d:\modelrelief\modelrelief.test\bin\debug\netcoreapp2.0\modelrelief.test.dll" id="78eeb3bd-b377-495a-b501-4ebd48a31c63"><Execution id="eccc9d9b-c4b9-4ee1-92d6-8b930e603ad6" /><TestMethod codeBase="D:\ModelRelief\ModelRelief.test\bin\Debug\netcoreapp2.0\ModelRelief.Test.dll" adapterTypeName="executor://xunit/VsTestRunner2/netcoreapp" className="ModelRelief.Test.Unit.DependencyManager.DependencyManagerTests" name="LucyDepthBufferFindsOneDependent" /></UnitTest><UnitTest name="GetList_ListReturnsCorrectCount" storage="d:\modelrelief\modelrelief.test\bin\debug\netcoreapp2.0\modelrelief.test.dll" id="c587ba14-9796-4803-89b0-24eb934d1e93"><Execution id="4055a2e4-5d21-48b5-ab40-0d1bf776405f" /><TestMethod codeBase="D:\ModelRelief\ModelRelief.test\bin\Debug\netcoreapp2.0\ModelRelief.Test.dll" adapterTypeName="executor://xunit/VsTestRunner2/netcoreapp" className="ModelRelief.Test.Integration.Cameras.CamerasBaseIntegrationTests" name="GetList_ListReturnsCorrectCount" /></UnitTest><UnitTest name="Delete_TargetModelIsDeleted" storage="d:\modelrelief\modelrelief.test\bin\debug\netcoreapp2.0\modelrelief.test.dll" id="3dfa49b8-b042-4e93-b5ef-c010bb1ba3e5"><Execution id="720d0ac4-26ae-49c4-8e8c-69253ca35314" /><TestMethod codeBase="D:\ModelRelief\ModelRelief.test\bin\Debug\netcoreapp2.0\ModelRelief.Test.dll" adapterTypeName="executor://xunit/VsTestRunner2/netcoreapp" className="ModelRelief.Test.Integration.Models.ModelsBaseIntegrationTests" name="Delete_TargetModelIsDeleted" /></UnitTest><UnitTest name="Put_CanUpdateModel" storage="d:\modelrelief\modelrelief.test\bin\debug\netcoreapp2.0\modelrelief.test.dll" id="5aad7f75-f915-471d-b0e1-04f1640ecada"><Execution id="98367602-01d0-4f00-a6cd-6011e3b854d8" /><TestMethod codeBase="D:\ModelRelief\ModelRelief.test\bin\Debug\netcoreapp2.0\ModelRelief.Test.dll" adapterTypeName="executor://xunit/VsTestRunner2/netcoreapp" className="ModelRelief.Test.Integration.DepthBuffers.DepthBuffersBaseIntegrationTests" name="Put_CanUpdateModel" /></UnitTest><UnitTest name="PostFile_FileTimeStampIsUpdatedAfterFileIsPosted" storage="d:\modelrelief\modelrelief.test\bin\debug\netcoreapp2.0\modelrelief.test.dll" id="1b723b53-82f1-4590-a9af-f607006e8aec"><Execution id="43ca1267-2dfb-41d1-91b2-70f34a2655a4" /><TestMethod codeBase="D:\ModelRelief\ModelRelief.test\bin\Debug\netcoreapp2.0\ModelRelief.Test.dll" adapterTypeName="executor://xunit/VsTestRunner2/netcoreapp" className="ModelRelief.Test.Integration.Models.ModelsFileIntegrationTests" name="PostFile_FileTimeStampIsUpdatedAfterFileIsPosted" /></UnitTest><UnitTest name="MeshTransformHasExpectedDependentFiles" storage="d:\modelrelief\modelrelief.test\bin\debug\netcoreapp2.0\modelrelief.test.dll" id="8df50b05-1f3c-46dd-a360-e34804ce1429"><Execution id="679fd09a-42bf-4cd2-9181-5181fddb3a7c" /><TestMethod codeBase="D:\ModelRelief\ModelRelief.test\bin\Debug\netcoreapp2.0\ModelRelief.Test.dll" adapterTypeName="executor://xunit/VsTestRunner2/netcoreapp" className="ModelRelief.Test.Unit.DependencyManager.DependencyManagerTests" name="MeshTransformHasExpectedDependentFiles" /></UnitTest><UnitTest name="GetFile_ExistingFileReturnsSuccess" storage="d:\modelrelief\modelrelief.test\bin\debug\netcoreapp2.0\modelrelief.test.dll" id="98cbf256-2e27-4612-8087-ac88634b2c6e"><Execution id="0bd818ab-121c-4d5c-9570-a09e0fbd3b1c" /><TestMethod codeBase="D:\ModelRelief\ModelRelief.test\bin\Debug\netcoreapp2.0\ModelRelief.Test.dll" adapterTypeName="executor://xunit/VsTestRunner2/netcoreapp" className="ModelRelief.Test.Integration.Models.ModelsFileIntegrationTests" name="GetFile_ExistingFileReturnsSuccess" /></UnitTest><UnitTest name="PutFile_FileCanBeUpdated" storage="d:\modelrelief\modelrelief.test\bin\debug\netcoreapp2.0\modelrelief.test.dll" id="308af7e1-53d5-4044-be4d-8c82294676fb"><Execution id="f924efd9-8634-42ef-9397-c5ecf73211cc" /><TestMethod codeBase="D:\ModelRelief\ModelRelief.test\bin\Debug\netcoreapp2.0\ModelRelief.Test.dll" adapterTypeName="executor://xunit/VsTestRunner2/netcoreapp" className="ModelRelief.Test.Integration.DepthBuffers.DepthBuffersFileIntegrationTests" name="PutFile_FileCanBeUpdated" /></UnitTest><UnitTest name="FileRequest_FileCanBeReadAfterRename" storage="d:\modelrelief\modelrelief.test\bin\debug\netcoreapp2.0\modelrelief.test.dll" id="7412f648-31c6-4985-a568-645b13c0800e"><Execution id="b173c6d5-cd57-4f31-86cc-99c84c3dcc61" /><TestMethod codeBase="D:\ModelRelief\ModelRelief.test\bin\Debug\netcoreapp2.0\ModelRelief.Test.dll" adapterTypeName="executor://xunit/VsTestRunner2/netcoreapp" className="ModelRelief.Test.Integration.DepthBuffers.DepthBuffersFileIntegrationTests" name="FileRequest_FileCanBeReadAfterRename" /></UnitTest><UnitTest name="Post_InvalidPropertyValueReturnsBadRequest" storage="d:\modelrelief\modelrelief.test\bin\debug\netcoreapp2.0\modelrelief.test.dll" id="170aac0a-3eb9-4647-aa8a-f6d73b824f62"><Execution id="c6a6c3e0-9066-4778-8378-cb4c13012317" /><TestMethod codeBase="D:\ModelRelief\ModelRelief.test\bin\Debug\netcoreapp2.0\ModelRelief.Test.dll" adapterTypeName="executor://xunit/VsTestRunner2/netcoreapp" className="ModelRelief.Test.Integration.Cameras.CamerasBaseIntegrationTests" name="Post_InvalidPropertyValueReturnsBadRequest" /></UnitTest><UnitTest name="PostFile_NewFileCanBePosted" storage="d:\modelrelief\modelrelief.test\bin\debug\netcoreapp2.0\modelrelief.test.dll" id="c2c4372d-7811-41cb-88da-6fe3554661b9"><Execution id="570a6b10-75b6-4d84-a507-ca12ebbde67b" /><TestMethod codeBase="D:\ModelRelief\ModelRelief.test\bin\Debug\netcoreapp2.0\ModelRelief.Test.dll" adapterTypeName="executor://xunit/VsTestRunner2/netcoreapp" className="ModelRelief.Test.Integration.DepthBuffers.DepthBuffersFileIntegrationTests" name="PostFile_NewFileCanBePosted" /></UnitTest><UnitTest name="Put_InvalidReferencePropertyReturndBadRequest" storage="d:\modelrelief\modelrelief.test\bin\debug\netcoreapp2.0\modelrelief.test.dll" id="743f7ce8-135f-49e4-946c-719599b1a2fc"><Execution id="906f4e59-47d3-4830-a8bc-d9b9772b8d2e" /><TestMethod codeBase="D:\ModelRelief\ModelRelief.test\bin\Debug\netcoreapp2.0\ModelRelief.Test.dll" adapterTypeName="executor://xunit/VsTestRunner2/netcoreapp" className="ModelRelief.Test.Integration.Models.ModelsBaseIntegrationTests" name="Put_InvalidReferencePropertyReturndBadRequest" /></UnitTest><UnitTest name="PostFile_NewFileCanBePosted" storage="d:\modelrelief\modelrelief.test\bin\debug\netcoreapp2.0\modelrelief.test.dll" id="67cf6c9a-b217-44b6-ad45-0abba1ca318d"><Execution id="a2f7d22c-ec85-41e4-abb7-d89ee1cfdb92" /><TestMethod codeBase="D:\ModelRelief\ModelRelief.test\bin\Debug\netcoreapp2.0\ModelRelief.Test.dll" adapterTypeName="executor://xunit/VsTestRunner2/netcoreapp" className="ModelRelief.Test.Integration.Models.ModelsFileIntegrationTests" name="PostFile_NewFileCanBePosted" /></UnitTest><UnitTest name="PostFile_FileIsSynchronizedIsUpdatedAfterFileIsPosted" storage="d:\modelrelief\modelrelief.test\bin\debug\netcoreapp2.0\modelrelief.test.dll" id="03bc2990-eb35-42d6-aaee-cf92d4855ed2"><Execution id="7b93b41c-00e2-4795-a072-418610d13ed6" /><TestMethod codeBase="D:\ModelRelief\ModelRelief.test\bin\Debug\netcoreapp2.0\ModelRelief.Test.dll" adapterTypeName="executor://xunit/VsTestRunner2/netcoreapp" className="ModelRelief.Test.Integration.Models.ModelsFileIntegrationTests" name="PostFile_FileIsSynchronizedIsUpdatedAfterFileIsPosted" /></UnitTest><UnitTest name="Post_CanCreateNewModel" storage="d:\modelrelief\modelrelief.test\bin\debug\netcoreapp2.0\modelrelief.test.dll" id="d3e5b683-a7e7-4d8a-81e6-9200ecfffe40"><Execution id="80d03736-1c9b-4a38-b13b-34897e5b0b9e" /><TestMethod codeBase="D:\ModelRelief\ModelRelief.test\bin\Debug\netcoreapp2.0\ModelRelief.Test.dll" adapterTypeName="executor://xunit/VsTestRunner2/netcoreapp" className="ModelRelief.Test.Integration.Projects.ProjectsBaseIntegrationTests" name="Post_CanCreateNewModel" /></UnitTest><UnitTest name="Put_ValidReferencePropertyUpdatesModel" storage="d:\modelrelief\modelrelief.test\bin\debug\netcoreapp2.0\modelrelief.test.dll" id="1f58efa4-9cb9-4995-b217-80e7fd59a220"><Execution id="f34b0f8f-7c89-41ca-be09-55d7064bd023" /><TestMethod codeBase="D:\ModelRelief\ModelRelief.test\bin\Debug\netcoreapp2.0\ModelRelief.Test.dll" adapterTypeName="executor://xunit/VsTestRunner2/netcoreapp" className="ModelRelief.Test.Integration.Meshes.MeshesBaseIntegrationTests" name="Put_ValidReferencePropertyUpdatesModel" /></UnitTest><UnitTest name="Delete_TargetModelIsDeleted" storage="d:\modelrelief\modelrelief.test\bin\debug\netcoreapp2.0\modelrelief.test.dll" id="b5435597-1b34-4acc-9c74-5c0f8253ea85"><Execution id="f5d035d6-2b76-4d2f-8e9a-e68f4d7ab19a" /><TestMethod codeBase="D:\ModelRelief\ModelRelief.test\bin\Debug\netcoreapp2.0\ModelRelief.Test.dll" adapterTypeName="executor://xunit/VsTestRunner2/netcoreapp" className="ModelRelief.Test.Integration.Cameras.CamerasBaseIntegrationTests" name="Delete_TargetModelIsDeleted" /></UnitTest><UnitTest name="Patch_InvalidPropertyNameReturnsBadRequest" storage="d:\modelrelief\modelrelief.test\bin\debug\netcoreapp2.0\modelrelief.test.dll" id="01f6f094-3d08-49d1-95d0-177f530dd064"><Execution id="06432fd4-aeed-495e-bec4-ff65228c4f04" /><TestMethod codeBase="D:\ModelRelief\ModelRelief.test\bin\Debug\netcoreapp2.0\ModelRelief.Test.dll" adapterTypeName="executor://xunit/VsTestRunner2/netcoreapp" className="ModelRelief.Test.Integration.DepthBuffers.DepthBuffersBaseIntegrationTests" name="Patch_InvalidPropertyNameReturnsBadRequest" /></UnitTest><UnitTest name="Put_CanUpdateModel" storage="d:\modelrelief\modelrelief.test\bin\debug\netcoreapp2.0\modelrelief.test.dll" id="4d843173-c4f6-4b93-b733-13b780901bf0"><Execution id="c48ea239-0702-4245-aac2-bf9dbd155da4" /><TestMethod codeBase="D:\ModelRelief\ModelRelief.test\bin\Debug\netcoreapp2.0\ModelRelief.Test.dll" adapterTypeName="executor://xunit/VsTestRunner2/netcoreapp" className="ModelRelief.Test.Integration.Cameras.CamerasBaseIntegrationTests" name="Put_CanUpdateModel" /></UnitTest><UnitTest name="FileRequest_MeshGenerateSetsFileIsSynchronized" storage="d:\modelrelief\modelrelief.test\bin\debug\netcoreapp2.0\modelrelief.test.dll" id="7c04562b-25a3-4213-bba7-e9d4dd18a511"><Execution id="2e592450-9e8c-4271-9c4e-8316c322c856" /><TestMethod codeBase="D:\ModelRelief\ModelRelief.test\bin\Debug\netcoreapp2.0\ModelRelief.Test.dll" adapterTypeName="executor://xunit/VsTestRunner2/netcoreapp" className="ModelRelief.Test.Integration.Meshes.MeshesFileIntegrationTests" name="FileRequest_MeshGenerateSetsFileIsSynchronized" /></UnitTest><UnitTest name="Patch_ValidReferencePropertyUpdatesModel" storage="d:\modelrelief\modelrelief.test\bin\debug\netcoreapp2.0\modelrelief.test.dll" id="ac16190c-8c98-4b8b-904b-908e24d3b407"><Execution id="74088a0a-a58e-4b99-8b0b-5d5936918a89" /><TestMethod codeBase="D:\ModelRelief\ModelRelief.test\bin\Debug\netcoreapp2.0\ModelRelief.Test.dll" adapterTypeName="executor://xunit/VsTestRunner2/netcoreapp" className="ModelRelief.Test.Integration.Cameras.CamerasBaseIntegrationTests" name="Patch_ValidReferencePropertyUpdatesModel" /></UnitTest><UnitTest name="PutFile_NewFileCanBePut" storage="d:\modelrelief\modelrelief.test\bin\debug\netcoreapp2.0\modelrelief.test.dll" id="94871d39-d187-4e59-9208-fa62beab015f"><Execution id="222a68cc-3bfa-4053-905e-3799923da9cd" /><TestMethod codeBase="D:\ModelRelief\ModelRelief.test\bin\Debug\netcoreapp2.0\ModelRelief.Test.dll" adapterTypeName="executor://xunit/VsTestRunner2/netcoreapp" className="ModelRelief.Test.Integration.Meshes.MeshesFileIntegrationTests" name="PutFile_NewFileCanBePut" /></UnitTest><UnitTest name="Post_ValidReferencePropertyCreatesModel" storage="d:\modelrelief\modelrelief.test\bin\debug\netcoreapp2.0\modelrelief.test.dll" id="b683429e-111a-450b-af52-c34610db4a5e"><Execution id="1543b1d8-5756-4542-a2aa-479a3274562a" /><TestMethod codeBase="D:\ModelRelief\ModelRelief.test\bin\Debug\netcoreapp2.0\ModelRelief.Test.dll" adapterTypeName="executor://xunit/VsTestRunner2/netcoreapp" className="ModelRelief.Test.Integration.Projects.ProjectsBaseIntegrationTests" name="Post_ValidReferencePropertyCreatesModel" /></UnitTest><UnitTest name="PostFile_FileTimeStampIsUpdatedAfterFileIsPosted" storage="d:\modelrelief\modelrelief.test\bin\debug\netcoreapp2.0\modelrelief.test.dll" id="2f8910d8-d0b6-4769-aaf7-dc8d47dfcc7d"><Execution id="cc11ee4a-be35-46dd-97bd-63bab267276c" /><TestMethod codeBase="D:\ModelRelief\ModelRelief.test\bin\Debug\netcoreapp2.0\ModelRelief.Test.dll" adapterTypeName="executor://xunit/VsTestRunner2/netcoreapp" className="ModelRelief.Test.Integration.Meshes.MeshesFileIntegrationTests" name="PostFile_FileTimeStampIsUpdatedAfterFileIsPosted" /></UnitTest><UnitTest name="FileRequest_DepthBufferIsInvalidatedAfterCameraDependencyPropertyChange" storage="d:\modelrelief\modelrelief.test\bin\debug\netcoreapp2.0\modelrelief.test.dll" id="bca4b74c-f7be-4b4b-bdb5-af8a8f2ec713"><Execution id="c6ce6fc4-d832-4ed8-867d-7ff459aeb3cb" /><TestMethod codeBase="D:\ModelRelief\ModelRelief.test\bin\Debug\netcoreapp2.0\ModelRelief.Test.dll" adapterTypeName="executor://xunit/VsTestRunner2/netcoreapp" className="ModelRelief.Test.Integration.DepthBuffers.DepthBuffersFileIntegrationTests" name="FileRequest_DepthBufferIsInvalidatedAfterCameraDependencyPropertyChange" /></UnitTest><UnitTest name="Post_InvalidPropertyValueReturnsBadRequest" storage="d:\modelrelief\modelrelief.test\bin\debug\netcoreapp2.0\modelrelief.test.dll" id="17fc92f7-522c-446f-af89-8e1dd160d8ef"><Execution id="a73c18f5-d3dc-4143-b218-90eae06717e4" /><TestMethod codeBase="D:\ModelRelief\ModelRelief.test\bin\Debug\netcoreapp2.0\ModelRelief.Test.dll" adapterTypeName="executor://xunit/VsTestRunner2/netcoreapp" className="ModelRelief.Test.Integration.Models.ModelsBaseIntegrationTests" name="Post_InvalidPropertyValueReturnsBadRequest" /></UnitTest><UnitTest name="GetList_ListReturnsCorrectCount" storage="d:\modelrelief\modelrelief.test\bin\debug\netcoreapp2.0\modelrelief.test.dll" id="52c11d1c-f313-460b-b69c-3d655468b720"><Execution id="191ce0d8-86f5-47e2-ba32-a159b7d44964" /><TestMethod codeBase="D:\ModelRelief\ModelRelief.test\bin\Debug\netcoreapp2.0\ModelRelief.Test.dll" adapterTypeName="executor://xunit/VsTestRunner2/netcoreapp" className="ModelRelief.Test.Integration.Meshes.MeshesBaseIntegrationTests" name="GetList_ListReturnsCorrectCount" /></UnitTest><UnitTest name="GetSingle_InvalidIdPropertyValueReturnsNotFound" storage="d:\modelrelief\modelrelief.test\bin\debug\netcoreapp2.0\modelrelief.test.dll" id="6229e5b7-dda6-4783-84db-0d5bc103c564"><Execution id="b121043b-5378-411d-b7cd-174d12048570" /><TestMethod codeBase="D:\ModelRelief\ModelRelief.test\bin\Debug\netcoreapp2.0\ModelRelief.Test.dll" adapterTypeName="executor://xunit/VsTestRunner2/netcoreapp" className="ModelRelief.Test.Integration.DepthBuffers.DepthBuffersBaseIntegrationTests" name="GetSingle_InvalidIdPropertyValueReturnsNotFound" /></UnitTest><UnitTest name="GetSingle_InvalidIdPropertyValueReturnsNotFound" storage="d:\modelrelief\modelrelief.test\bin\debug\netcoreapp2.0\modelrelief.test.dll" id="da81058d-548f-4ac5-8bac-0edc9fa56d32"><Execution id="e9fa0f8c-77ea-4b58-bfcf-9d4d9d3118f2" /><TestMethod codeBase="D:\ModelRelief\ModelRelief.test\bin\Debug\netcoreapp2.0\ModelRelief.Test.dll" adapterTypeName="executor://xunit/VsTestRunner2/netcoreapp" className="ModelRelief.Test.Integration.Projects.ProjectsBaseIntegrationTests" name="GetSingle_InvalidIdPropertyValueReturnsNotFound" /></UnitTest><UnitTest name="Patch_InvalidIdPropertyReturnsNotFound" storage="d:\modelrelief\modelrelief.test\bin\debug\netcoreapp2.0\modelrelief.test.dll" id="6a7da622-f95e-4348-a80a-4df2a0018e59"><Execution id="4198421b-22ae-43be-a9ba-242ea4ab7897" /><TestMethod codeBase="D:\ModelRelief\ModelRelief.test\bin\Debug\netcoreapp2.0\ModelRelief.Test.dll" adapterTypeName="executor://xunit/VsTestRunner2/netcoreapp" className="ModelRelief.Test.Integration.Projects.ProjectsBaseIntegrationTests" name="Patch_InvalidIdPropertyReturnsNotFound" /></UnitTest><UnitTest name="FileRequest_MeshIsInvalidatedAfterDepthBufferFileBecomesUnsynchronized" storage="d:\modelrelief\modelrelief.test\bin\debug\netcoreapp2.0\modelrelief.test.dll" id="3124e430-b081-4b4a-b947-7bbe4ca3e44a"><Execution id="3597d5a7-bcf3-4747-b7b2-facfe74ad49a" /><TestMethod codeBase="D:\ModelRelief\ModelRelief.test\bin\Debug\netcoreapp2.0\ModelRelief.Test.dll" adapterTypeName="executor://xunit/VsTestRunner2/netcoreapp" className="ModelRelief.Test.Integration.Meshes.MeshesFileIntegrationTests" name="FileRequest_MeshIsInvalidatedAfterDepthBufferFileBecomesUnsynchronized" /></UnitTest><UnitTest name="Post_InvalidPropertyValueReturnsBadRequest" storage="d:\modelrelief\modelrelief.test\bin\debug\netcoreapp2.0\modelrelief.test.dll" id="0eeccc64-2d7a-4b14-8e50-69d83ceba89e"><Execution id="d82116c5-fe86-41c5-ae7e-e343225f8174" /><TestMethod codeBase="D:\ModelRelief\ModelRelief.test\bin\Debug\netcoreapp2.0\ModelRelief.Test.dll" adapterTypeName="executor://xunit/VsTestRunner2/netcoreapp" className="ModelRelief.Test.Integration.MeshTransforms.MeshTransformsBaseIntegrationTests" name="Post_InvalidPropertyValueReturnsBadRequest" /></UnitTest><UnitTest name="Patch_TargetPropertyIsUpdated" storage="d:\modelrelief\modelrelief.test\bin\debug\netcoreapp2.0\modelrelief.test.dll" id="4a4d9002-3673-4f86-9dc1-62aa252fe724"><Execution id="b0993793-cc4f-47f1-9874-7f11b7692c75" /><TestMethod codeBase="D:\ModelRelief\ModelRelief.test\bin\Debug\netcoreapp2.0\ModelRelief.Test.dll" adapterTypeName="executor://xunit/VsTestRunner2/netcoreapp" className="ModelRelief.Test.Integration.Projects.ProjectsBaseIntegrationTests" name="Patch_TargetPropertyIsUpdated" /></UnitTest><UnitTest name="Post_InvalidReferencePropertyReturnsBadRequest" storage="d:\modelrelief\modelrelief.test\bin\debug\netcoreapp2.0\modelrelief.test.dll" id="5e787ca7-ebec-4f9f-b83f-2412a83b4dfb"><Execution id="c91e46da-e009-4e7e-a9eb-617cb3434e57" /><TestMethod codeBase="D:\ModelRelief\ModelRelief.test\bin\Debug\netcoreapp2.0\ModelRelief.Test.dll" adapterTypeName="executor://xunit/VsTestRunner2/netcoreapp" className="ModelRelief.Test.Integration.DepthBuffers.DepthBuffersBaseIntegrationTests" name="Post_InvalidReferencePropertyReturnsBadRequest" /></UnitTest><UnitTest name="Patch_InvalidEnumPropertyValueReturnsBadRequest" storage="d:\modelrelief\modelrelief.test\bin\debug\netcoreapp2.0\modelrelief.test.dll" id="4c196135-5dc0-40c6-8313-315d9a457b79"><Execution id="cfe02b2f-0970-4bda-a5f7-712560c994ae" /><TestMethod codeBase="D:\ModelRelief\ModelRelief.test\bin\Debug\netcoreapp2.0\ModelRelief.Test.dll" adapterTypeName="executor://xunit/VsTestRunner2/netcoreapp" className="ModelRelief.Test.Integration.DepthBuffers.DepthBuffersBaseIntegrationTests" name="Patch_InvalidEnumPropertyValueReturnsBadRequest" /></UnitTest><UnitTest name="Patch_InvalidReferencePropertyReturnsBadRequest" storage="d:\modelrelief\modelrelief.test\bin\debug\netcoreapp2.0\modelrelief.test.dll" id="bc4ab350-c720-4116-ac19-b10f3cac936a"><Execution id="6f2315cb-7ee0-420f-8949-505148de3e0a" /><TestMethod codeBase="D:\ModelRelief\ModelRelief.test\bin\Debug\netcoreapp2.0\ModelRelief.Test.dll" adapterTypeName="executor://xunit/VsTestRunner2/netcoreapp" className="ModelRelief.Test.Integration.Models.ModelsBaseIntegrationTests" name="Patch_InvalidReferencePropertyReturnsBadRequest" /></UnitTest><UnitTest name="Delete_TargetModelIsDeleted" storage="d:\modelrelief\modelrelief.test\bin\debug\netcoreapp2.0\modelrelief.test.dll" id="92661704-6b39-4b43-afbd-99cceebff748"><Execution id="0c8ee80a-3b85-412c-9749-d46d33ac8338" /><TestMethod codeBase="D:\ModelRelief\ModelRelief.test\bin\Debug\netcoreapp2.0\ModelRelief.Test.dll" adapterTypeName="executor://xunit/VsTestRunner2/netcoreapp" className="ModelRelief.Test.Integration.DepthBuffers.DepthBuffersBaseIntegrationTests" name="Delete_TargetModelIsDeleted" /></UnitTest><UnitTest name="FileRequest_FileCanBeReadAfterRename" storage="d:\modelrelief\modelrelief.test\bin\debug\netcoreapp2.0\modelrelief.test.dll" id="53b06cbe-74db-4a0a-afa4-761b0b71d7a7"><Execution id="f99335fa-c8eb-4ea6-9418-a08ff04e6ff0" /><TestMethod codeBase="D:\ModelRelief\ModelRelief.test\bin\Debug\netcoreapp2.0\ModelRelief.Test.dll" adapterTypeName="executor://xunit/VsTestRunner2/netcoreapp" className="ModelRelief.Test.Integration.Models.ModelsFileIntegrationTests" name="FileRequest_FileCanBeReadAfterRename" /></UnitTest><UnitTest name="Post_ValidReferencePropertyCreatesModel" storage="d:\modelrelief\modelrelief.test\bin\debug\netcoreapp2.0\modelrelief.test.dll" id="dd9695e2-246b-4817-8071-548e5a0a9300"><Execution id="aa72e63e-0da0-436d-841b-20b49ed6447a" /><TestMethod codeBase="D:\ModelRelief\ModelRelief.test\bin\Debug\netcoreapp2.0\ModelRelief.Test.dll" adapterTypeName="executor://xunit/VsTestRunner2/netcoreapp" className="ModelRelief.Test.Integration.Meshes.MeshesBaseIntegrationTests" name="Post_ValidReferencePropertyCreatesModel" /></UnitTest><UnitTest name="Patch_InvalidPropertyNameReturnsBadRequest" storage="d:\modelrelief\modelrelief.test\bin\debug\netcoreapp2.0\modelrelief.test.dll" id="3c30d92d-ad5a-4123-b710-ddb09336e3f3"><Execution id="dc5c7da3-544a-4e49-87bc-b1ef8d4594ef" /><TestMethod codeBase="D:\ModelRelief\ModelRelief.test\bin\Debug\netcoreapp2.0\ModelRelief.Test.dll" adapterTypeName="executor://xunit/VsTestRunner2/netcoreapp" className="ModelRelief.Test.Integration.MeshTransforms.MeshTransformsBaseIntegrationTests" name="Patch_InvalidPropertyNameReturnsBadRequest" /></UnitTest><UnitTest name="Put_InvalidIdReturnsNotFound" storage="d:\modelrelief\modelrelief.test\bin\debug\netcoreapp2.0\modelrelief.test.dll" id="0e50cf85-4d91-4c37-8185-d7598288aaad"><Execution id="dcc98755-d6a3-48b7-becb-44a207082ff6" /><TestMethod codeBase="D:\ModelRelief\ModelRelief.test\bin\Debug\netcoreapp2.0\ModelRelief.Test.dll" adapterTypeName="executor://xunit/VsTestRunner2/netcoreapp" className="ModelRelief.Test.Integration.DepthBuffers.DepthBuffersBaseIntegrationTests" name="Put_InvalidIdReturnsNotFound" /></UnitTest><UnitTest name="Put_ValidReferencePropertyUpdatesModel" storage="d:\modelrelief\modelrelief.test\bin\debug\netcoreapp2.0\modelrelief.test.dll" id="0ec8d1a8-465c-49a7-bb7b-1a5bde56d6f4"><Execution id="9b3ce339-d94f-4a03-8296-4017ea6dfbb3" /><TestMethod codeBase="D:\ModelRelief\ModelRelief.test\bin\Debug\netcoreapp2.0\ModelRelief.Test.dll" adapterTypeName="executor://xunit/VsTestRunner2/netcoreapp" className="ModelRelief.Test.Integration.Models.ModelsBaseIntegrationTests" name="Put_ValidReferencePropertyUpdatesModel" /></UnitTest><UnitTest name="Patch_InvalidReferencePropertyReturnsBadRequest" storage="d:\modelrelief\modelrelief.test\bin\debug\netcoreapp2.0\modelrelief.test.dll" id="46b3b110-fb2c-4e62-b313-9f8625d338cf"><Execution id="98f6f956-249d-4cfb-9c2a-81c1af3c1260" /><TestMethod codeBase="D:\ModelRelief\ModelRelief.test\bin\Debug\netcoreapp2.0\ModelRelief.Test.dll" adapterTypeName="executor://xunit/VsTestRunner2/netcoreapp" className="ModelRelief.Test.Integration.Projects.ProjectsBaseIntegrationTests" name="Patch_InvalidReferencePropertyReturnsBadRequest" /></UnitTest><UnitTest name="GetSingle_InvalidIdPropertyValueReturnsNotFound" storage="d:\modelrelief\modelrelief.test\bin\debug\netcoreapp2.0\modelrelief.test.dll" id="91f780ed-686a-4fa4-92ca-9a463e52a5be"><Execution id="229dd082-b3bb-4962-86ff-c971a3b4cd47" /><TestMethod codeBase="D:\ModelRelief\ModelRelief.test\bin\Debug\netcoreapp2.0\ModelRelief.Test.dll" adapterTypeName="executor://xunit/VsTestRunner2/netcoreapp" className="ModelRelief.Test.Integration.Cameras.CamerasBaseIntegrationTests" name="GetSingle_InvalidIdPropertyValueReturnsNotFound" /></UnitTest><UnitTest name="DepthBufferHasExpectedDependentFiles" storage="d:\modelrelief\modelrelief.test\bin\debug\netcoreapp2.0\modelrelief.test.dll" id="36ac25db-d6a3-488a-904a-937a4500c66a"><Execution id="eb3a4f17-1e08-4e64-ae22-b2cec88ef322" /><TestMethod codeBase="D:\ModelRelief\ModelRelief.test\bin\Debug\netcoreapp2.0\ModelRelief.Test.dll" adapterTypeName="executor://xunit/VsTestRunner2/netcoreapp" className="ModelRelief.Test.Unit.DependencyManager.DependencyManagerTests" name="DepthBufferHasExpectedDependentFiles" /></UnitTest><UnitTest name="GetSingle_ValidIdPropertyValueReturnsCorrectModel" storage="d:\modelrelief\modelrelief.test\bin\debug\netcoreapp2.0\modelrelief.test.dll" id="5075c461-3564-4463-9720-21d4f2851c2e"><Execution id="770e6fac-e0bf-440a-b57b-c5d6e4185b8b" /><TestMethod codeBase="D:\ModelRelief\ModelRelief.test\bin\Debug\netcoreapp2.0\ModelRelief.Test.dll" adapterTypeName="executor://xunit/VsTestRunner2/netcoreapp" className="ModelRelief.Test.Integration.Models.ModelsBaseIntegrationTests" name="GetSingle_ValidIdPropertyValueReturnsCorrectModel" /></UnitTest><UnitTest name="Put_InvalidReferencePropertyReturndBadRequest" storage="d:\modelrelief\modelrelief.test\bin\debug\netcoreapp2.0\modelrelief.test.dll" id="bdc678c4-da68-4eb0-a2e7-18eab5036a82"><Execution id="0b157556-df8b-43de-850d-6f20d7943847" /><TestMethod codeBase="D:\ModelRelief\ModelRelief.test\bin\Debug\netcoreapp2.0\ModelRelief.Test.dll" adapterTypeName="executor://xunit/VsTestRunner2/netcoreapp" className="ModelRelief.Test.Integration.DepthBuffers.DepthBuffersBaseIntegrationTests" name="Put_InvalidReferencePropertyReturndBadRequest" /></UnitTest><UnitTest name="Put_CanUpdateModel" storage="d:\modelrelief\modelrelief.test\bin\debug\netcoreapp2.0\modelrelief.test.dll" id="a6fa30c6-1810-4ef9-9459-4ce1c74a236f"><Execution id="c84e9cab-771e-4d68-9d93-cdfcd62d8303" /><TestMethod codeBase="D:\ModelRelief\ModelRelief.test\bin\Debug\netcoreapp2.0\ModelRelief.Test.dll" adapterTypeName="executor://xunit/VsTestRunner2/netcoreapp" className="ModelRelief.Test.Integration.MeshTransforms.MeshTransformsBaseIntegrationTests" name="Put_CanUpdateModel" /></UnitTest><UnitTest name="GetList_ListReturnsCorrectCount" storage="d:\modelrelief\modelrelief.test\bin\debug\netcoreapp2.0\modelrelief.test.dll" id="3ab5c3b5-5d6c-4e73-993d-5bfff4482a9a"><Execution id="ca0eb58b-dc4f-4e7f-a5fc-f39ea6b7602a" /><TestMethod codeBase="D:\ModelRelief\ModelRelief.test\bin\Debug\netcoreapp2.0\ModelRelief.Test.dll" adapterTypeName="executor://xunit/VsTestRunner2/netcoreapp" className="ModelRelief.Test.Integration.Projects.ProjectsBaseIntegrationTests" name="GetList_ListReturnsCorrectCount" /></UnitTest><UnitTest name="Post_CanCreateNewModel" storage="d:\modelrelief\modelrelief.test\bin\debug\netcoreapp2.0\modelrelief.test.dll" id="babf9a7f-af5b-4700-9233-c624210a2217"><Execution id="a308111c-91a2-4e64-b1ae-b7a802a438dc" /><TestMethod codeBase="D:\ModelRelief\ModelRelief.test\bin\Debug\netcoreapp2.0\ModelRelief.Test.dll" adapterTypeName="executor://xunit/VsTestRunner2/netcoreapp" className="ModelRelief.Test.Integration.MeshTransforms.MeshTransformsBaseIntegrationTests" name="Post_CanCreateNewModel" /></UnitTest><UnitTest name="Patch_InvalidIdPropertyReturnsNotFound" storage="d:\modelrelief\modelrelief.test\bin\debug\netcoreapp2.0\modelrelief.test.dll" id="51d2ce12-d6b9-4459-950d-726495a79a0f"><Execution id="b8274541-1c59-4123-9d5a-c9b07a029873" /><TestMethod codeBase="D:\ModelRelief\ModelRelief.test\bin\Debug\netcoreapp2.0\ModelRelief.Test.dll" adapterTypeName="executor://xunit/VsTestRunner2/netcoreapp" className="ModelRelief.Test.Integration.DepthBuffers.DepthBuffersBaseIntegrationTests" name="Patch_InvalidIdPropertyReturnsNotFound" /></UnitTest><UnitTest name="Patch_InvalidEnumPropertyValueReturnsBadRequest" storage="d:\modelrelief\modelrelief.test\bin\debug\netcoreapp2.0\modelrelief.test.dll" id="bb7c3d31-060d-408e-aebb-2c5982072cbb"><Execution id="fb082661-5f5e-4e2e-8162-080e9fdc361a" /><TestMethod codeBase="D:\ModelRelief\ModelRelief.test\bin\Debug\netcoreapp2.0\ModelRelief.Test.dll" adapterTypeName="executor://xunit/VsTestRunner2/netcoreapp" className="ModelRelief.Test.Integration.Meshes.MeshesBaseIntegrationTests" name="Patch_InvalidEnumPropertyValueReturnsBadRequest" /></UnitTest><UnitTest name="Put_ValidReferencePropertyUpdatesModel" storage="d:\modelrelief\modelrelief.test\bin\debug\netcoreapp2.0\modelrelief.test.dll" id="881d16d6-8fb0-4d0c-81dd-e9f21584864b"><Execution id="b063df41-7f14-4af0-8c11-f13819e56896" /><TestMethod codeBase="D:\ModelRelief\ModelRelief.test\bin\Debug\netcoreapp2.0\ModelRelief.Test.dll" adapterTypeName="executor://xunit/VsTestRunner2/netcoreapp" className="ModelRelief.Test.Integration.DepthBuffers.DepthBuffersBaseIntegrationTests" name="Put_ValidReferencePropertyUpdatesModel" /></UnitTest><UnitTest name="PutFile_FileCanBeUpdated" storage="d:\modelrelief\modelrelief.test\bin\debug\netcoreapp2.0\modelrelief.test.dll" id="c1f9d7d3-9a30-498c-9b2b-a3f2bf1a479d"><Execution id="1bdd7bd6-ebc4-412e-afc5-c3713b2ac4a8" /><TestMethod codeBase="D:\ModelRelief\ModelRelief.test\bin\Debug\netcoreapp2.0\ModelRelief.Test.dll" adapterTypeName="executor://xunit/VsTestRunner2/netcoreapp" className="ModelRelief.Test.Integration.Meshes.MeshesFileIntegrationTests" name="PutFile_FileCanBeUpdated" /></UnitTest><UnitTest name="GetSingle_ValidIdPropertyValueReturnsCorrectModel" storage="d:\modelrelief\modelrelief.test\bin\debug\netcoreapp2.0\modelrelief.test.dll" id="1d6d99c6-11ef-4f14-b1fd-a8eab061114e"><Execution id="d55d56e2-da91-4f8c-a7d9-bf62a93eacb9" /><TestMethod codeBase="D:\ModelRelief\ModelRelief.test\bin\Debug\netcoreapp2.0\ModelRelief.Test.dll" adapterTypeName="executor://xunit/VsTestRunner2/netcoreapp" className="ModelRelief.Test.Integration.Cameras.CamerasBaseIntegrationTests" name="GetSingle_ValidIdPropertyValueReturnsCorrectModel" /></UnitTest><UnitTest name="CameraHasExpectedDependentFiles" storage="d:\modelrelief\modelrelief.test\bin\debug\netcoreapp2.0\modelrelief.test.dll" id="58e94b89-d5a4-4884-b623-82804ad4223f"><Execution id="9a41bc57-d387-46ce-a982-f13d92755d89" /><TestMethod codeBase="D:\ModelRelief\ModelRelief.test\bin\Debug\netcoreapp2.0\ModelRelief.Test.dll" adapterTypeName="executor://xunit/VsTestRunner2/netcoreapp" className="ModelRelief.Test.Unit.DependencyManager.DependencyManagerTests" name="CameraHasExpectedDependentFiles" /></UnitTest><UnitTest name="GetFile_NonExistentFileReturnsNotFound" storage="d:\modelrelief\modelrelief.test\bin\debug\netcoreapp2.0\modelrelief.test.dll" id="f3068476-5b3c-4f25-8187-358ea66779a0"><Execution id="ee03313f-89c6-4a26-b3f4-5357cc7de207" /><TestMethod codeBase="D:\ModelRelief\ModelRelief.test\bin\Debug\netcoreapp2.0\ModelRelief.Test.dll" adapterTypeName="executor://xunit/VsTestRunner2/netcoreapp" className="ModelRelief.Test.Integration.Meshes.MeshesFileIntegrationTests" name="GetFile_NonExistentFileReturnsNotFound" /></UnitTest><UnitTest name="Put_InvalidReferencePropertyReturndBadRequest" storage="d:\modelrelief\modelrelief.test\bin\debug\netcoreapp2.0\modelrelief.test.dll" id="b0135ea9-a228-4a77-8dd6-e64a026c50f1"><Execution id="a770f5e2-0df3-4f34-80df-9719173089b0" /><TestMethod codeBase="D:\ModelRelief\ModelRelief.test\bin\Debug\netcoreapp2.0\ModelRelief.Test.dll" adapterTypeName="executor://xunit/VsTestRunner2/netcoreapp" className="ModelRelief.Test.Integration.Cameras.CamerasBaseIntegrationTests" name="Put_InvalidReferencePropertyReturndBadRequest" /></UnitTest><UnitTest name="Patch_MultipleInvalidReferencePropertiesReturnsMultipleValidationErrorsAndBadRequest" storage="d:\modelrelief\modelrelief.test\bin\debug\netcoreapp2.0\modelrelief.test.dll" id="57e7f65a-bf5a-4606-933f-85e0250a25bd"><Execution id="8b86710b-6f76-42c7-9e24-8cc50e3cb1b5" /><TestMethod codeBase="D:\ModelRelief\ModelRelief.test\bin\Debug\netcoreapp2.0\ModelRelief.Test.dll" adapterTypeName="executor://xunit/VsTestRunner2/netcoreapp" className="ModelRelief.Test.Integration.Projects.ProjectsBaseIntegrationTests" name="Patch_MultipleInvalidReferencePropertiesReturnsMultipleValidationErrorsAndBadRequest" /></UnitTest><UnitTest name="PostFile_FileIsSynchronizedIsUpdatedAfterFileIsPosted" storage="d:\modelrelief\modelrelief.test\bin\debug\netcoreapp2.0\modelrelief.test.dll" id="594fe618-8412-4bb5-9de3-95adc3c4b049"><Execution id="e3a5095c-d329-4650-bcf8-5d510d86611b" /><TestMethod codeBase="D:\ModelRelief\ModelRelief.test\bin\Debug\netcoreapp2.0\ModelRelief.Test.dll" adapterTypeName="executor://xunit/VsTestRunner2/netcoreapp" className="ModelRelief.Test.Integration.Meshes.MeshesFileIntegrationTests" name="PostFile_FileIsSynchronizedIsUpdatedAfterFileIsPosted" /></UnitTest><UnitTest name="LucyModel3dHasTwoDependents" storage="d:\modelrelief\modelrelief.test\bin\debug\netcoreapp2.0\modelrelief.test.dll" id="9b87b004-8126-452a-867b-02c11b8e39f7"><Execution id="f280b595-caca-4c0a-8b7b-37c807f9166a" /><TestMethod codeBase="D:\ModelRelief\ModelRelief.test\bin\Debug\netcoreapp2.0\ModelRelief.Test.dll" adapterTypeName="executor://xunit/VsTestRunner2/netcoreapp" className="ModelRelief.Test.Unit.DependencyManager.DependencyManagerTests" name="LucyModel3dHasTwoDependents" /></UnitTest><UnitTest name="GetFile_NonExistentFileReturnsNotFound" storage="d:\modelrelief\modelrelief.test\bin\debug\netcoreapp2.0\modelrelief.test.dll" id="c160550e-d2da-4b05-b4f7-9f84fa109f19"><Execution id="152d9713-4b0d-436d-adee-3e2ae42df4d7" /><TestMethod codeBase="D:\ModelRelief\ModelRelief.test\bin\Debug\netcoreapp2.0\ModelRelief.Test.dll" adapterTypeName="executor://xunit/VsTestRunner2/netcoreapp" className="ModelRelief.Test.Integration.DepthBuffers.DepthBuffersFileIntegrationTests" name="GetFile_NonExistentFileReturnsNotFound" /></UnitTest><UnitTest name="Post_InvalidPropertyValueReturnsBadRequest" storage="d:\modelrelief\modelrelief.test\bin\debug\netcoreapp2.0\modelrelief.test.dll" id="41ad5f54-a212-432e-b0b0-50b516d8b905"><Execution id="67894e03-ba00-450d-8567-84c3466a73d7" /><TestMethod codeBase="D:\ModelRelief\ModelRelief.test\bin\Debug\netcoreapp2.0\ModelRelief.Test.dll" adapterTypeName="executor://xunit/VsTestRunner2/netcoreapp" className="ModelRelief.Test.Integration.DepthBuffers.DepthBuffersBaseIntegrationTests" name="Post_InvalidPropertyValueReturnsBadRequest" /></UnitTest><UnitTest name="PostFile_FileIsSynchronizedIsUpdatedAfterFileIsPosted" storage="d:\modelrelief\modelrelief.test\bin\debug\netcoreapp2.0\modelrelief.test.dll" id="4fcea3ca-87e9-4b75-862f-540d41e14f3d"><Execution id="9936eee7-0d45-415f-a298-938bb1750424" /><TestMethod codeBase="D:\ModelRelief\ModelRelief.test\bin\Debug\netcoreapp2.0\ModelRelief.Test.dll" adapterTypeName="executor://xunit/VsTestRunner2/netcoreapp" className="ModelRelief.Test.Integration.DepthBuffers.DepthBuffersFileIntegrationTests" name="PostFile_FileIsSynchronizedIsUpdatedAfterFileIsPosted" /></UnitTest><UnitTest name="PutFile_NewFileCanBePut" storage="d:\modelrelief\modelrelief.test\bin\debug\netcoreapp2.0\modelrelief.test.dll" id="e45c5068-67de-4672-bb3c-29fc6a46842e"><Execution id="11413522-c222-4431-9d8d-dc591a9eebf0" /><TestMethod codeBase="D:\ModelRelief\ModelRelief.test\bin\Debug\netcoreapp2.0\ModelRelief.Test.dll" adapterTypeName="executor://xunit/VsTestRunner2/netcoreapp" className="ModelRelief.Test.Integration.DepthBuffers.DepthBuffersFileIntegrationTests" name="PutFile_NewFileCanBePut" /></UnitTest><UnitTest name="Post_ValidReferencePropertyCreatesModel" storage="d:\modelrelief\modelrelief.test\bin\debug\netcoreapp2.0\modelrelief.test.dll" id="598c1d54-d5bb-4165-a696-1d439008de44"><Execution id="a116ecbb-6916-4761-a7dc-2acd755510aa" /><TestMethod codeBase="D:\ModelRelief\ModelRelief.test\bin\Debug\netcoreapp2.0\ModelRelief.Test.dll" adapterTypeName="executor://xunit/VsTestRunner2/netcoreapp" className="ModelRelief.Test.Integration.MeshTransforms.MeshTransformsBaseIntegrationTests" name="Post_ValidReferencePropertyCreatesModel" /></UnitTest><UnitTest name="Put_InvalidIdReturnsNotFound" storage="d:\modelrelief\modelrelief.test\bin\debug\netcoreapp2.0\modelrelief.test.dll" id="9a485ec2-618d-4bb6-9590-80f8d0c0cdeb"><Execution id="745a5ff4-66a2-4f23-bbc9-57da860bed7f" /><TestMethod codeBase="D:\ModelRelief\ModelRelief.test\bin\Debug\netcoreapp2.0\ModelRelief.Test.dll" adapterTypeName="executor://xunit/VsTestRunner2/netcoreapp" className="ModelRelief.Test.Integration.Meshes.MeshesBaseIntegrationTests" name="Put_InvalidIdReturnsNotFound" /></UnitTest><UnitTest name="GetFile_ExistingFileReturnsSuccess" storage="d:\modelrelief\modelrelief.test\bin\debug\netcoreapp2.0\modelrelief.test.dll" id="12a37660-16db-450a-8be0-bf395536d4af"><Execution id="1921e6c5-b51d-42d7-aab7-baa144b81c18" /><TestMethod codeBase="D:\ModelRelief\ModelRelief.test\bin\Debug\netcoreapp2.0\ModelRelief.Test.dll" adapterTypeName="executor://xunit/VsTestRunner2/netcoreapp" className="ModelRelief.Test.Integration.DepthBuffers.DepthBuffersFileIntegrationTests" name="GetFile_ExistingFileReturnsSuccess" /></UnitTest><UnitTest name="Post_ValidReferencePropertyCreatesModel" storage="d:\modelrelief\modelrelief.test\bin\debug\netcoreapp2.0\modelrelief.test.dll" id="12d51ba9-c84f-49c5-b60a-8fc768b51a09"><Execution id="59c357cb-6b0d-4d3a-8c5e-a52ed3b76129" /><TestMethod codeBase="D:\ModelRelief\ModelRelief.test\bin\Debug\netcoreapp2.0\ModelRelief.Test.dll" adapterTypeName="executor://xunit/VsTestRunner2/netcoreapp" className="ModelRelief.Test.Integration.DepthBuffers.DepthBuffersBaseIntegrationTests" name="Post_ValidReferencePropertyCreatesModel" /></UnitTest><UnitTest name="PutFile_FileCanBeUpdated" storage="d:\modelrelief\modelrelief.test\bin\debug\netcoreapp2.0\modelrelief.test.dll" id="6bf597a4-415a-4c96-a39d-fb53d39b9efe"><Execution id="8db95a72-4f91-4672-921b-68a1c6b94e7b" /><TestMethod codeBase="D:\ModelRelief\ModelRelief.test\bin\Debug\netcoreapp2.0\ModelRelief.Test.dll" adapterTypeName="executor://xunit/VsTestRunner2/netcoreapp" className="ModelRelief.Test.Integration.Models.ModelsFileIntegrationTests" name="PutFile_FileCanBeUpdated" /></UnitTest><UnitTest name="Put_InvalidIdReturnsNotFound" storage="d:\modelrelief\modelrelief.test\bin\debug\netcoreapp2.0\modelrelief.test.dll" id="65d57a42-c999-4ad4-964e-9b17e69a1918"><Execution id="256487da-3098-475e-a5fa-fa8a6d1cb0f8" /><TestMethod codeBase="D:\ModelRelief\ModelRelief.test\bin\Debug\netcoreapp2.0\ModelRelief.Test.dll" adapterTypeName="executor://xunit/VsTestRunner2/netcoreapp" className="ModelRelief.Test.Integration.Cameras.CamerasBaseIntegrationTests" name="Put_InvalidIdReturnsNotFound" /></UnitTest><UnitTest name="Post_InvalidReferencePropertyReturnsBadRequest" storage="d:\modelrelief\modelrelief.test\bin\debug\netcoreapp2.0\modelrelief.test.dll" id="982994b2-2156-49ca-9c2e-13148a7a2bce"><Execution id="d88c77bc-8d85-469d-baac-3631dfe7fa16" /><TestMethod codeBase="D:\ModelRelief\ModelRelief.test\bin\Debug\netcoreapp2.0\ModelRelief.Test.dll" adapterTypeName="executor://xunit/VsTestRunner2/netcoreapp" className="ModelRelief.Test.Integration.MeshTransforms.MeshTransformsBaseIntegrationTests" name="Post_InvalidReferencePropertyReturnsBadRequest" /></UnitTest><UnitTest name="GetFile_ExistingFileReturnsSuccess" storage="d:\modelrelief\modelrelief.test\bin\debug\netcoreapp2.0\modelrelief.test.dll" id="9347605f-774d-450f-ad7e-0281b9ae0975"><Execution id="9efb9093-0c46-4995-a36d-0607c368d7c1" /><TestMethod codeBase="D:\ModelRelief\ModelRelief.test\bin\Debug\netcoreapp2.0\ModelRelief.Test.dll" adapterTypeName="executor://xunit/VsTestRunner2/netcoreapp" className="ModelRelief.Test.Integration.Meshes.MeshesFileIntegrationTests" name="GetFile_ExistingFileReturnsSuccess" /></UnitTest><UnitTest name="Patch_ValidReferencePropertyUpdatesModel" storage="d:\modelrelief\modelrelief.test\bin\debug\netcoreapp2.0\modelrelief.test.dll" id="f4c8a319-a3fd-42d4-aec8-15d5236e22b9"><Execution id="60b466ed-b53f-4427-bd20-9cc7afa6a41d" /><TestMethod codeBase="D:\ModelRelief\ModelRelief.test\bin\Debug\netcoreapp2.0\ModelRelief.Test.dll" adapterTypeName="executor://xunit/VsTestRunner2/netcoreapp" className="ModelRelief.Test.Integration.MeshTransforms.MeshTransformsBaseIntegrationTests" name="Patch_ValidReferencePropertyUpdatesModel" /></UnitTest><UnitTest name="Post_ValidReferencePropertyCreatesModel" storage="d:\modelrelief\modelrelief.test\bin\debug\netcoreapp2.0\modelrelief.test.dll" id="345a7873-1715-4ab5-9d56-e882d9bb4089"><Execution id="bd44a094-93e5-4b41-8e4d-548afcd01e7c" /><TestMethod codeBase="D:\ModelRelief\ModelRelief.test\bin\Debug\netcoreapp2.0\ModelRelief.Test.dll" adapterTypeName="executor://xunit/VsTestRunner2/netcoreapp" className="ModelRelief.Test.Integration.Models.ModelsBaseIntegrationTests" name="Post_ValidReferencePropertyCreatesModel" /></UnitTest><UnitTest name="Patch_InvalidIdPropertyReturnsNotFound" storage="d:\modelrelief\modelrelief.test\bin\debug\netcoreapp2.0\modelrelief.test.dll" id="07ce2e3e-3460-4f27-856f-0789e0d8643a"><Execution id="36958f0d-67f1-4ba6-863b-f0cd910f0ebd" /><TestMethod codeBase="D:\ModelRelief\ModelRelief.test\bin\Debug\netcoreapp2.0\ModelRelief.Test.dll" adapterTypeName="executor://xunit/VsTestRunner2/netcoreapp" className="ModelRelief.Test.Integration.Cameras.CamerasBaseIntegrationTests" name="Patch_InvalidIdPropertyReturnsNotFound" /></UnitTest><UnitTest name="Put_InvalidIdReturnsNotFound" storage="d:\modelrelief\modelrelief.test\bin\debug\netcoreapp2.0\modelrelief.test.dll" id="5c5f327a-c1fa-4ce0-8b09-4d2cc6e7d085"><Execution id="35b5574f-85ee-4f14-b64f-cb17aea559a9" /><TestMethod codeBase="D:\ModelRelief\ModelRelief.test\bin\Debug\netcoreapp2.0\ModelRelief.Test.dll" adapterTypeName="executor://xunit/VsTestRunner2/netcoreapp" className="ModelRelief.Test.Integration.Projects.ProjectsBaseIntegrationTests" name="Put_InvalidIdReturnsNotFound" /></UnitTest><UnitTest name="GetSingle_ValidIdPropertyValueReturnsCorrectModel" storage="d:\modelrelief\modelrelief.test\bin\debug\netcoreapp2.0\modelrelief.test.dll" id="88ba3559-7a1f-4ac9-b74c-46102dfc255c"><Execution id="d0c92852-97f2-409b-be8e-1aff6680902f" /><TestMethod codeBase="D:\ModelRelief\ModelRelief.test\bin\Debug\netcoreapp2.0\ModelRelief.Test.dll" adapterTypeName="executor://xunit/VsTestRunner2/netcoreapp" className="ModelRelief.Test.Integration.DepthBuffers.DepthBuffersBaseIntegrationTests" name="GetSingle_ValidIdPropertyValueReturnsCorrectModel" /></UnitTest><UnitTest name="Patch_InvalidEnumPropertyValueReturnsBadRequest" storage="d:\modelrelief\modelrelief.test\bin\debug\netcoreapp2.0\modelrelief.test.dll" id="ac80670d-7c28-497c-8720-60bedbeb8321"><Execution id="83b271f8-2b14-4ea2-80d3-9cb5498f7a4c" /><TestMethod codeBase="D:\ModelRelief\ModelRelief.test\bin\Debug\netcoreapp2.0\ModelRelief.Test.dll" adapterTypeName="executor://xunit/VsTestRunner2/netcoreapp" className="ModelRelief.Test.Integration.MeshTransforms.MeshTransformsBaseIntegrationTests" name="Patch_InvalidEnumPropertyValueReturnsBadRequest" /></UnitTest><UnitTest name="Patch_ValidReferencePropertyUpdatesModel" storage="d:\modelrelief\modelrelief.test\bin\debug\netcoreapp2.0\modelrelief.test.dll" id="a6d35e18-486a-4f8f-9eed-4e82e718ef01"><Execution id="3963056e-9844-486e-aed4-35b5a2151657" /><TestMethod codeBase="D:\ModelRelief\ModelRelief.test\bin\Debug\netcoreapp2.0\ModelRelief.Test.dll" adapterTypeName="executor://xunit/VsTestRunner2/netcoreapp" className="ModelRelief.Test.Integration.Projects.ProjectsBaseIntegrationTests" name="Patch_ValidReferencePropertyUpdatesModel" /></UnitTest><UnitTest name="Patch_InvalidReferencePropertyReturnsBadRequest" storage="d:\modelrelief\modelrelief.test\bin\debug\netcoreapp2.0\modelrelief.test.dll" id="e41f3f31-4364-43ac-a1d3-b0b9402cb7a7"><Execution id="f31ca34d-9d2e-4d3a-b206-8c34700eb787" /><TestMethod codeBase="D:\ModelRelief\ModelRelief.test\bin\Debug\netcoreapp2.0\ModelRelief.Test.dll" adapterTypeName="executor://xunit/VsTestRunner2/netcoreapp" className="ModelRelief.Test.Integration.MeshTransforms.MeshTransformsBaseIntegrationTests" name="Patch_InvalidReferencePropertyReturnsBadRequest" /></UnitTest><UnitTest name="Delete_TargetModelIsDeleted" storage="d:\modelrelief\modelrelief.test\bin\debug\netcoreapp2.0\modelrelief.test.dll" id="308aca31-0855-4b01-be02-5b2c29091df8"><Execution id="65b2285c-2d10-4eab-9849-265660f9cb2e" /><TestMethod codeBase="D:\ModelRelief\ModelRelief.test\bin\Debug\netcoreapp2.0\ModelRelief.Test.dll" adapterTypeName="executor://xunit/VsTestRunner2/netcoreapp" className="ModelRelief.Test.Integration.Projects.ProjectsBaseIntegrationTests" name="Delete_TargetModelIsDeleted" /></UnitTest><UnitTest name="Patch_InvalidReferencePropertyReturnsBadRequest" storage="d:\modelrelief\modelrelief.test\bin\debug\netcoreapp2.0\modelrelief.test.dll" id="b80be5ac-00ff-4eb3-8c33-86045eba9e3d"><Execution id="ebe83ed9-9775-4974-85a9-4ab6a2562ec4" /><TestMethod codeBase="D:\ModelRelief\ModelRelief.test\bin\Debug\netcoreapp2.0\ModelRelief.Test.dll" adapterTypeName="executor://xunit/VsTestRunner2/netcoreapp" className="ModelRelief.Test.Integration.Cameras.CamerasBaseIntegrationTests" name="Patch_InvalidReferencePropertyReturnsBadRequest" /></UnitTest><UnitTest name="Patch_InvalidIdPropertyReturnsNotFound" storage="d:\modelrelief\modelrelief.test\bin\debug\netcoreapp2.0\modelrelief.test.dll" id="1b13b3f0-676f-4f7c-86c3-0183e56159d3"><Execution id="df3dd6ac-966e-46d5-ac88-439b34671f12" /><TestMethod codeBase="D:\ModelRelief\ModelRelief.test\bin\Debug\netcoreapp2.0\ModelRelief.Test.dll" adapterTypeName="executor://xunit/VsTestRunner2/netcoreapp" className="ModelRelief.Test.Integration.MeshTransforms.MeshTransformsBaseIntegrationTests" name="Patch_InvalidIdPropertyReturnsNotFound" /></UnitTest><UnitTest name="Put_CanUpdateModel" storage="d:\modelrelief\modelrelief.test\bin\debug\netcoreapp2.0\modelrelief.test.dll" id="6dfda2f1-bb25-4f9e-aed9-bb8e91752489"><Execution id="95e081bb-4711-4ef2-9cd2-63578dc3bd43" /><TestMethod codeBase="D:\ModelRelief\ModelRelief.test\bin\Debug\netcoreapp2.0\ModelRelief.Test.dll" adapterTypeName="executor://xunit/VsTestRunner2/netcoreapp" className="ModelRelief.Test.Integration.Projects.ProjectsBaseIntegrationTests" name="Put_CanUpdateModel" /></UnitTest><UnitTest name="Patch_MultipleInvalidReferencePropertiesReturnsMultipleValidationErrorsAndBadRequest" storage="d:\modelrelief\modelrelief.test\bin\debug\netcoreapp2.0\modelrelief.test.dll" id="ff40af7d-aeee-4743-89fe-f502ce6e724c"><Execution id="59e43cd4-08bf-4638-b093-c435ed718d84" /><TestMethod codeBase="D:\ModelRelief\ModelRelief.test\bin\Debug\netcoreapp2.0\ModelRelief.Test.dll" adapterTypeName="executor://xunit/VsTestRunner2/netcoreapp" className="ModelRelief.Test.Integration.Cameras.CamerasBaseIntegrationTests" name="Patch_MultipleInvalidReferencePropertiesReturnsMultipleValidationErrorsAndBadRequest" /></UnitTest><UnitTest name="GetSingle_ValidIdPropertyValueReturnsCorrectModel" storage="d:\modelrelief\modelrelief.test\bin\debug\netcoreapp2.0\modelrelief.test.dll" id="89f75ebb-5fec-4881-a077-730b7b0a6a6b"><Execution id="31799677-8a1d-4c93-bbe5-46b2272ecd78" /><TestMethod codeBase="D:\ModelRelief\ModelRelief.test\bin\Debug\netcoreapp2.0\ModelRelief.Test.dll" adapterTypeName="executor://xunit/VsTestRunner2/netcoreapp" className="ModelRelief.Test.Integration.Meshes.MeshesBaseIntegrationTests" name="GetSingle_ValidIdPropertyValueReturnsCorrectModel" /></UnitTest><UnitTest name="Patch_ValidReferencePropertyUpdatesModel" storage="d:\modelrelief\modelrelief.test\bin\debug\netcoreapp2.0\modelrelief.test.dll" id="8682ae8d-6ff1-49e6-9591-23a3e974cb75"><Execution id="3ba42912-5139-4bdd-b46d-af183cc5c1fc" /><TestMethod codeBase="D:\ModelRelief\ModelRelief.test\bin\Debug\netcoreapp2.0\ModelRelief.Test.dll" adapterTypeName="executor://xunit/VsTestRunner2/netcoreapp" className="ModelRelief.Test.Integration.Meshes.MeshesBaseIntegrationTests" name="Patch_ValidReferencePropertyUpdatesModel" /></UnitTest><UnitTest name="GetSingle_InvalidIdPropertyValueReturnsNotFound" storage="d:\modelrelief\modelrelief.test\bin\debug\netcoreapp2.0\modelrelief.test.dll" id="9737af2a-1c62-4cb6-85fa-f9616591e5f4"><Execution id="c3440654-8640-484a-83c1-f7708b47f522" /><TestMethod codeBase="D:\ModelRelief\ModelRelief.test\bin\Debug\netcoreapp2.0\ModelRelief.Test.dll" adapterTypeName="executor://xunit/VsTestRunner2/netcoreapp" className="ModelRelief.Test.Integration.Meshes.MeshesBaseIntegrationTests" name="GetSingle_InvalidIdPropertyValueReturnsNotFound" /></UnitTest><UnitTest name="Patch_ValidReferencePropertyUpdatesModel" storage="d:\modelrelief\modelrelief.test\bin\debug\netcoreapp2.0\modelrelief.test.dll" id="634231e4-3b1a-4690-b3b6-9775de91177c"><Execution id="91316c7e-4fec-4ddb-b0cb-23cc9acc9212" /><TestMethod codeBase="D:\ModelRelief\ModelRelief.test\bin\Debug\netcoreapp2.0\ModelRelief.Test.dll" adapterTypeName="executor://xunit/VsTestRunner2/netcoreapp" className="ModelRelief.Test.Integration.Models.ModelsBaseIntegrationTests" name="Patch_ValidReferencePropertyUpdatesModel" /></UnitTest><UnitTest name="LucyCameraFindsAllDependents" storage="d:\modelrelief\modelrelief.test\bin\debug\netcoreapp2.0\modelrelief.test.dll" id="98484216-34f7-48cf-ada7-a1949a30c2b2"><Execution id="7cd216cf-4326-4e10-90d0-9a51aa459573" /><TestMethod codeBase="D:\ModelRelief\ModelRelief.test\bin\Debug\netcoreapp2.0\ModelRelief.Test.dll" adapterTypeName="executor://xunit/VsTestRunner2/netcoreapp" className="ModelRelief.Test.Unit.DependencyManager.DependencyManagerTests" name="LucyCameraFindsAllDependents" /></UnitTest><UnitTest name="Post_InvalidReferencePropertyReturnsBadRequest" storage="d:\modelrelief\modelrelief.test\bin\debug\netcoreapp2.0\modelrelief.test.dll" id="2f7742c5-3327-4341-a8e7-68dad1a199ce"><Execution id="ceaf292c-295b-46a7-9be2-5f03c14977ca" /><TestMethod codeBase="D:\ModelRelief\ModelRelief.test\bin\Debug\netcoreapp2.0\ModelRelief.Test.dll" adapterTypeName="executor://xunit/VsTestRunner2/netcoreapp" className="ModelRelief.Test.Integration.Cameras.CamerasBaseIntegrationTests" name="Post_InvalidReferencePropertyReturnsBadRequest" /></UnitTest><UnitTest name="Patch_TargetPropertyIsUpdated" storage="d:\modelrelief\modelrelief.test\bin\debug\netcoreapp2.0\modelrelief.test.dll" id="c999c340-5eb7-4a9a-921c-d8a9e5b21895"><Execution id="16359ee2-9306-4b50-b7ff-191491cd20f8" /><TestMethod codeBase="D:\ModelRelief\ModelRelief.test\bin\Debug\netcoreapp2.0\ModelRelief.Test.dll" adapterTypeName="executor://xunit/VsTestRunner2/netcoreapp" className="ModelRelief.Test.Integration.Meshes.MeshesBaseIntegrationTests" name="Patch_TargetPropertyIsUpdated" /></UnitTest><UnitTest name="GetFile_FileCanBeRoundTripped" storage="d:\modelrelief\modelrelief.test\bin\debug\netcoreapp2.0\modelrelief.test.dll" id="11138830-ae77-4f9f-8f0e-868a9d74f033"><Execution id="3b2addd3-6d01-43bc-8e1e-9301e630155c" /><TestMethod codeBase="D:\ModelRelief\ModelRelief.test\bin\Debug\netcoreapp2.0\ModelRelief.Test.dll" adapterTypeName="executor://xunit/VsTestRunner2/netcoreapp" className="ModelRelief.Test.Integration.Meshes.MeshesFileIntegrationTests" name="GetFile_FileCanBeRoundTripped" /></UnitTest><UnitTest name="Post_InvalidReferencePropertyReturnsBadRequest" storage="d:\modelrelief\modelrelief.test\bin\debug\netcoreapp2.0\modelrelief.test.dll" id="6a4a5402-ed39-4dd2-8b1c-959f15a2651e"><Execution id="a9d7084c-595d-4e02-9074-e7dd85b46b73" /><TestMethod codeBase="D:\ModelRelief\ModelRelief.test\bin\Debug\netcoreapp2.0\ModelRelief.Test.dll" adapterTypeName="executor://xunit/VsTestRunner2/netcoreapp" className="ModelRelief.Test.Integration.Projects.ProjectsBaseIntegrationTests" name="Post_InvalidReferencePropertyReturnsBadRequest" /></UnitTest><UnitTest name="Post_CanCreateNewModel" storage="d:\modelrelief\modelrelief.test\bin\debug\netcoreapp2.0\modelrelief.test.dll" id="13579d28-1575-48ee-9fe9-f0e04343198c"><Execution id="ee3df161-a66e-4894-a4e9-912b38cf2078" /><TestMethod codeBase="D:\ModelRelief\ModelRelief.test\bin\Debug\netcoreapp2.0\ModelRelief.Test.dll" adapterTypeName="executor://xunit/VsTestRunner2/netcoreapp" className="ModelRelief.Test.Integration.Cameras.CamerasBaseIntegrationTests" name="Post_CanCreateNewModel" /></UnitTest><UnitTest name="GetFile_FileCanBeRoundTripped" storage="d:\modelrelief\modelrelief.test\bin\debug\netcoreapp2.0\modelrelief.test.dll" id="b85872bb-6af7-478e-a0b9-56477e16fa1a"><Execution id="3b02fa4a-a3a1-4bba-bc99-c9caa291fdb7" /><TestMethod codeBase="D:\ModelRelief\ModelRelief.test\bin\Debug\netcoreapp2.0\ModelRelief.Test.dll" adapterTypeName="executor://xunit/VsTestRunner2/netcoreapp" className="ModelRelief.Test.Integration.DepthBuffers.DepthBuffersFileIntegrationTests" name="GetFile_FileCanBeRoundTripped" /></UnitTest><UnitTest name="GetSingle_ValidIdPropertyValueReturnsCorrectModel" storage="d:\modelrelief\modelrelief.test\bin\debug\netcoreapp2.0\modelrelief.test.dll" id="726114a8-4a82-4674-bcfd-5f8fcc92d77e"><Execution id="b187a280-9d93-4f0b-af1c-1754de228784" /><TestMethod codeBase="D:\ModelRelief\ModelRelief.test\bin\Debug\netcoreapp2.0\ModelRelief.Test.dll" adapterTypeName="executor://xunit/VsTestRunner2/netcoreapp" className="ModelRelief.Test.Integration.Projects.ProjectsBaseIntegrationTests" name="GetSingle_ValidIdPropertyValueReturnsCorrectModel" /></UnitTest><UnitTest name="Post_InvalidReferencePropertyReturnsBadRequest" storage="d:\modelrelief\modelrelief.test\bin\debug\netcoreapp2.0\modelrelief.test.dll" id="2015c9d7-7a9f-41e9-bc1c-b8ddd7ae14ad"><Execution id="6fafe6d5-0d5f-4463-a7fc-0c601fa56be1" /><TestMethod codeBase="D:\ModelRelief\ModelRelief.test\bin\Debug\netcoreapp2.0\ModelRelief.Test.dll" adapterTypeName="executor://xunit/VsTestRunner2/netcoreapp" className="ModelRelief.Test.Integration.Meshes.MeshesBaseIntegrationTests" name="Post_InvalidReferencePropertyReturnsBadRequest" /></UnitTest><UnitTest name="PostFile_NewFileCanBePosted" storage="d:\modelrelief\modelrelief.test\bin\debug\netcoreapp2.0\modelrelief.test.dll" id="b9fdfc90-7815-46c3-8296-59c53f38d1e2"><Execution id="bb694965-65e1-4ddf-8a5c-250e7d32be25" /><TestMethod codeBase="D:\ModelRelief\ModelRelief.test\bin\Debug\netcoreapp2.0\ModelRelief.Test.dll" adapterTypeName="executor://xunit/VsTestRunner2/netcoreapp" className="ModelRelief.Test.Integration.Meshes.MeshesFileIntegrationTests" name="PostFile_NewFileCanBePosted" /></UnitTest><UnitTest name="Patch_InvalidPropertyNameReturnsBadRequest" storage="d:\modelrelief\modelrelief.test\bin\debug\netcoreapp2.0\modelrelief.test.dll" id="a24bb652-ae13-451e-a562-ce12d34a6d14"><Execution id="f9cf1783-c73e-4e66-b7c9-7c0264582a53" /><TestMethod codeBase="D:\ModelRelief\ModelRelief.test\bin\Debug\netcoreapp2.0\ModelRelief.Test.dll" adapterTypeName="executor://xunit/VsTestRunner2/netcoreapp" className="ModelRelief.Test.Integration.Projects.ProjectsBaseIntegrationTests" name="Patch_InvalidPropertyNameReturnsBadRequest" /></UnitTest><UnitTest name="Put_CanUpdateModel" storage="d:\modelrelief\modelrelief.test\bin\debug\netcoreapp2.0\modelrelief.test.dll" id="c3d7c90b-d540-4eed-9bf6-bbfcf62ad743"><Execution id="6c17f025-7748-44ac-b065-54ecbdcc943b" /><TestMethod codeBase="D:\ModelRelief\ModelRelief.test\bin\Debug\netcoreapp2.0\ModelRelief.Test.dll" adapterTypeName="executor://xunit/VsTestRunner2/netcoreapp" className="ModelRelief.Test.Integration.Meshes.MeshesBaseIntegrationTests" name="Put_CanUpdateModel" /></UnitTest><UnitTest name="Put_InvalidReferencePropertyReturndBadRequest" storage="d:\modelrelief\modelrelief.test\bin\debug\netcoreapp2.0\modelrelief.test.dll" id="acc9b104-9daf-4070-b270-6f1f93dc4937"><Execution id="bead1c58-0d0c-493a-8674-a895d5a9ae4f" /><TestMethod codeBase="D:\ModelRelief\ModelRelief.test\bin\Debug\netcoreapp2.0\ModelRelief.Test.dll" adapterTypeName="executor://xunit/VsTestRunner2/netcoreapp" className="ModelRelief.Test.Integration.Meshes.MeshesBaseIntegrationTests" name="Put_InvalidReferencePropertyReturndBadRequest" /></UnitTest><UnitTest name="Patch_MultipleInvalidReferencePropertiesReturnsMultipleValidationErrorsAndBadRequest" storage="d:\modelrelief\modelrelief.test\bin\debug\netcoreapp2.0\modelrelief.test.dll" id="c3783916-55e8-435a-ae50-b7b85912788e"><Execution id="81e6bb07-6739-438a-91d5-43438e3b457a" /><TestMethod codeBase="D:\ModelRelief\ModelRelief.test\bin\Debug\netcoreapp2.0\ModelRelief.Test.dll" adapterTypeName="executor://xunit/VsTestRunner2/netcoreapp" className="ModelRelief.Test.Integration.MeshTransforms.MeshTransformsBaseIntegrationTests" name="Patch_MultipleInvalidReferencePropertiesReturnsMultipleValidationErrorsAndBadRequest" /></UnitTest><UnitTest name="PutFile_NewFileCanBePut" storage="d:\modelrelief\modelrelief.test\bin\debug\netcoreapp2.0\modelrelief.test.dll" id="a6f50161-1997-43fd-8688-907aad1d8d60"><Execution id="d3c421e2-e62f-4665-84c1-e398ca6040f2" /><TestMethod codeBase="D:\ModelRelief\ModelRelief.test\bin\Debug\netcoreapp2.0\ModelRelief.Test.dll" adapterTypeName="executor://xunit/VsTestRunner2/netcoreapp" className="ModelRelief.Test.Integration.Models.ModelsFileIntegrationTests" name="PutFile_NewFileCanBePut" /></UnitTest><UnitTest name="Post_InvalidPropertyValueReturnsBadRequest" storage="d:\modelrelief\modelrelief.test\bin\debug\netcoreapp2.0\modelrelief.test.dll" id="03f1351c-dbb2-49c0-a18c-3396cbba6714"><Execution id="e072a4fe-7132-4e42-ae0f-b3bc46bf1cd6" /><TestMethod codeBase="D:\ModelRelief\ModelRelief.test\bin\Debug\netcoreapp2.0\ModelRelief.Test.dll" adapterTypeName="executor://xunit/VsTestRunner2/netcoreapp" className="ModelRelief.Test.Integration.Meshes.MeshesBaseIntegrationTests" name="Post_InvalidPropertyValueReturnsBadRequest" /></UnitTest><UnitTest name="Patch_TargetPropertyIsUpdated" storage="d:\modelrelief\modelrelief.test\bin\debug\netcoreapp2.0\modelrelief.test.dll" id="16e9c2ac-1cb8-4796-afac-ef9094318115"><Execution id="bcb1ec9e-9ccf-4dbe-b172-56aa62730e0e" /><TestMethod codeBase="D:\ModelRelief\ModelRelief.test\bin\Debug\netcoreapp2.0\ModelRelief.Test.dll" adapterTypeName="executor://xunit/VsTestRunner2/netcoreapp" className="ModelRelief.Test.Integration.Models.ModelsBaseIntegrationTests" name="Patch_TargetPropertyIsUpdated" /></UnitTest><UnitTest name="Post_ValidReferencePropertyCreatesModel" storage="d:\modelrelief\modelrelief.test\bin\debug\netcoreapp2.0\modelrelief.test.dll" id="307f666a-b98a-4ae2-8a60-8b62040a33cb"><Execution id="466893ab-8c9e-4220-b01e-50ac3322b2c6" /><TestMethod codeBase="D:\ModelRelief\ModelRelief.test\bin\Debug\netcoreapp2.0\ModelRelief.Test.dll" adapterTypeName="executor://xunit/VsTestRunner2/netcoreapp" className="ModelRelief.Test.Integration.Cameras.CamerasBaseIntegrationTests" name="Post_ValidReferencePropertyCreatesModel" /></UnitTest><UnitTest name="Patch_InvalidReferencePropertyReturnsBadRequest" storage="d:\modelrelief\modelrelief.test\bin\debug\netcoreapp2.0\modelrelief.test.dll" id="d3424c30-4669-4073-967f-3f5fac9b74da"><Execution id="004a4049-7a0a-4b3b-a432-82ac535c6c95" /><TestMethod codeBase="D:\ModelRelief\ModelRelief.test\bin\Debug\netcoreapp2.0\ModelRelief.Test.dll" adapterTypeName="executor://xunit/VsTestRunner2/netcoreapp" className="ModelRelief.Test.Integration.DepthBuffers.DepthBuffersBaseIntegrationTests" name="Patch_InvalidReferencePropertyReturnsBadRequest" /></UnitTest><UnitTest name="GetFile_NonExistentFileReturnsNotFound" storage="d:\modelrelief\modelrelief.test\bin\debug\netcoreapp2.0\modelrelief.test.dll" id="3fd78968-53de-40e8-b530-93e04ff0d1cd"><Execution id="8807e359-aac0-4deb-80b1-06331e77701f" /><TestMethod codeBase="D:\ModelRelief\ModelRelief.test\bin\Debug\netcoreapp2.0\ModelRelief.Test.dll" adapterTypeName="executor://xunit/VsTestRunner2/netcoreapp" className="ModelRelief.Test.Integration.Models.ModelsFileIntegrationTests" name="GetFile_NonExistentFileReturnsNotFound" /></UnitTest><UnitTest name="Delete_TargetModelIsDeleted" storage="d:\modelrelief\modelrelief.test\bin\debug\netcoreapp2.0\modelrelief.test.dll" id="f603be82-a854-49f1-8ce4-828f11f6034e"><Execution id="78223066-d827-480b-8812-99f5c7f83213" /><TestMethod codeBase="D:\ModelRelief\ModelRelief.test\bin\Debug\netcoreapp2.0\ModelRelief.Test.dll" adapterTypeName="executor://xunit/VsTestRunner2/netcoreapp" className="ModelRelief.Test.Integration.Meshes.MeshesBaseIntegrationTests" name="Delete_TargetModelIsDeleted" /></UnitTest><UnitTest name="Model3dHasExpectedDependentFiles" storage="d:\modelrelief\modelrelief.test\bin\debug\netcoreapp2.0\modelrelief.test.dll" id="6ac218e8-7bdd-4e44-a1eb-4ec8ac10972a"><Execution id="0687ba16-5f13-4439-b0e7-d2d0abf246f1" /><TestMethod codeBase="D:\ModelRelief\ModelRelief.test\bin\Debug\netcoreapp2.0\ModelRelief.Test.dll" adapterTypeName="executor://xunit/VsTestRunner2/netcoreapp" className="ModelRelief.Test.Unit.DependencyManager.DependencyManagerTests" name="Model3dHasExpectedDependentFiles" /></UnitTest><UnitTest name="Patch_MultipleInvalidReferencePropertiesReturnsMultipleValidationErrorsAndBadRequest" storage="d:\modelrelief\modelrelief.test\bin\debug\netcoreapp2.0\modelrelief.test.dll" id="88330d68-a5a2-4012-b599-1b37bb324728"><Execution id="267d5545-c9e4-4a14-9107-d2236a080402" /><TestMethod codeBase="D:\ModelRelief\ModelRelief.test\bin\Debug\netcoreapp2.0\ModelRelief.Test.dll" adapterTypeName="executor://xunit/VsTestRunner2/netcoreapp" className="ModelRelief.Test.Integration.Models.ModelsBaseIntegrationTests" name="Patch_MultipleInvalidReferencePropertiesReturnsMultipleValidationErrorsAndBadRequest" /></UnitTest><UnitTest name="Patch_ValidReferencePropertyUpdatesModel" storage="d:\modelrelief\modelrelief.test\bin\debug\netcoreapp2.0\modelrelief.test.dll" id="b654d658-71a5-4373-b260-abe14ba2e92a"><Execution id="35ef8d8d-edd3-472e-b646-809db619eef9" /><TestMethod codeBase="D:\ModelRelief\ModelRelief.test\bin\Debug\netcoreapp2.0\ModelRelief.Test.dll" adapterTypeName="executor://xunit/VsTestRunner2/netcoreapp" className="ModelRelief.Test.Integration.DepthBuffers.DepthBuffersBaseIntegrationTests" name="Patch_ValidReferencePropertyUpdatesModel" /></UnitTest><UnitTest name="Patch_MultipleInvalidReferencePropertiesReturnsMultipleValidationErrorsAndBadRequest" storage="d:\modelrelief\modelrelief.test\bin\debug\netcoreapp2.0\modelrelief.test.dll" id="f87141d7-6378-4b2e-8d5a-3ca53b2169b2"><Execution id="a37b9d1e-a168-4b59-bd73-e5532e1e708e" /><TestMethod codeBase="D:\ModelRelief\ModelRelief.test\bin\Debug\netcoreapp2.0\ModelRelief.Test.dll" adapterTypeName="executor://xunit/VsTestRunner2/netcoreapp" className="ModelRelief.Test.Integration.Meshes.MeshesBaseIntegrationTests" name="Patch_MultipleInvalidReferencePropertiesReturnsMultipleValidationErrorsAndBadRequest" /></UnitTest><UnitTest name="Patch_InvalidIdPropertyReturnsNotFound" storage="d:\modelrelief\modelrelief.test\bin\debug\netcoreapp2.0\modelrelief.test.dll" id="8daec285-fdae-433a-90dd-1aa83ecb8904"><Execution id="4de6ffa9-6c4b-4625-823c-a05a8126718c" /><TestMethod codeBase="D:\ModelRelief\ModelRelief.test\bin\Debug\netcoreapp2.0\ModelRelief.Test.dll" adapterTypeName="executor://xunit/VsTestRunner2/netcoreapp" className="ModelRelief.Test.Integration.Meshes.MeshesBaseIntegrationTests" name="Patch_InvalidIdPropertyReturnsNotFound" /></UnitTest><UnitTest name="Put_InvalidReferencePropertyReturndBadRequest" storage="d:\modelrelief\modelrelief.test\bin\debug\netcoreapp2.0\modelrelief.test.dll" id="38ff8213-a43b-44fd-9e02-b4946ef6f1fd"><Execution id="81d6cee4-1372-4c9d-9e1c-d820dc24925f" /><TestMethod codeBase="D:\ModelRelief\ModelRelief.test\bin\Debug\netcoreapp2.0\ModelRelief.Test.dll" adapterTypeName="executor://xunit/VsTestRunner2/netcoreapp" className="ModelRelief.Test.Integration.MeshTransforms.MeshTransformsBaseIntegrationTests" name="Put_InvalidReferencePropertyReturndBadRequest" /></UnitTest><UnitTest name="Patch_InvalidPropertyNameReturnsBadRequest" storage="d:\modelrelief\modelrelief.test\bin\debug\netcoreapp2.0\modelrelief.test.dll" id="56cbbabb-5595-4825-972f-46f07996811b"><Execution id="44ecc7cd-c7c0-4a10-b43c-9d4d12e76d7c" /><TestMethod codeBase="D:\ModelRelief\ModelRelief.test\bin\Debug\netcoreapp2.0\ModelRelief.Test.dll" adapterTypeName="executor://xunit/VsTestRunner2/netcoreapp" className="ModelRelief.Test.Integration.Meshes.MeshesBaseIntegrationTests" name="Patch_InvalidPropertyNameReturnsBadRequest" /></UnitTest><UnitTest name="GetSingle_InvalidIdPropertyValueReturnsNotFound" storage="d:\modelrelief\modelrelief.test\bin\debug\netcoreapp2.0\modelrelief.test.dll" id="e2463751-a40a-407f-aae0-a61a1877e27e"><Execution id="830c6d21-d5d6-47b7-9abb-8f94a3deab1a" /><TestMethod codeBase="D:\ModelRelief\ModelRelief.test\bin\Debug\netcoreapp2.0\ModelRelief.Test.dll" adapterTypeName="executor://xunit/VsTestRunner2/netcoreapp" className="ModelRelief.Test.Integration.Models.ModelsBaseIntegrationTests" name="GetSingle_InvalidIdPropertyValueReturnsNotFound" /></UnitTest><UnitTest name="Put_ValidReferencePropertyUpdatesModel" storage="d:\modelrelief\modelrelief.test\bin\debug\netcoreapp2.0\modelrelief.test.dll" id="826baaa9-c895-442a-bef0-03b86eef6831"><Execution id="8e558aa3-6ec6-45b3-993e-c2d8788f3244" /><TestMethod codeBase="D:\ModelRelief\ModelRelief.test\bin\Debug\netcoreapp2.0\ModelRelief.Test.dll" adapterTypeName="executor://xunit/VsTestRunner2/netcoreapp" className="ModelRelief.Test.Integration.Cameras.CamerasBaseIntegrationTests" name="Put_ValidReferencePropertyUpdatesModel" /></UnitTest><UnitTest name="GetList_ListReturnsCorrectCount" storage="d:\modelrelief\modelrelief.test\bin\debug\netcoreapp2.0\modelrelief.test.dll" id="7688a7ae-09ea-4641-8ce6-215277a67f94"><Execution id="20a6579f-b852-4140-ab7b-fc8f4a60d4ff" /><TestMethod codeBase="D:\ModelRelief\ModelRelief.test\bin\Debug\netcoreapp2.0\ModelRelief.Test.dll" adapterTypeName="executor://xunit/VsTestRunner2/netcoreapp" className="ModelRelief.Test.Integration.DepthBuffers.DepthBuffersBaseIntegrationTests" name="GetList_ListReturnsCorrectCount" /></UnitTest><UnitTest name="Patch_InvalidIdPropertyReturnsNotFound" storage="d:\modelrelief\modelrelief.test\bin\debug\netcoreapp2.0\modelrelief.test.dll" id="865a4c98-4df8-4443-a795-3f581b83dd7d"><Execution id="3fe2cca0-aeed-4daa-986e-91e001236109" /><TestMethod codeBase="D:\ModelRelief\ModelRelief.test\bin\Debug\netcoreapp2.0\ModelRelief.Test.dll" adapterTypeName="executor://xunit/VsTestRunner2/netcoreapp" className="ModelRelief.Test.Integration.Models.ModelsBaseIntegrationTests" name="Patch_InvalidIdPropertyReturnsNotFound" /></UnitTest><UnitTest name="Post_CanCreateNewModel" storage="d:\modelrelief\modelrelief.test\bin\debug\netcoreapp2.0\modelrelief.test.dll" id="c29af08d-4511-4878-b650-3fa3729b5d10"><Execution id="99c40fd2-6532-4eff-8443-2df9e8c03540" /><TestMethod codeBase="D:\ModelRelief\ModelRelief.test\bin\Debug\netcoreapp2.0\ModelRelief.Test.dll" adapterTypeName="executor://xunit/VsTestRunner2/netcoreapp" className="ModelRelief.Test.Integration.DepthBuffers.DepthBuffersBaseIntegrationTests" name="Post_CanCreateNewModel" /></UnitTest><UnitTest name="GetList_ListReturnsCorrectCount" storage="d:\modelrelief\modelrelief.test\bin\debug\netcoreapp2.0\modelrelief.test.dll" id="de424ef6-ab75-452d-91df-1aae8ed13c89"><Execution id="04c14deb-c721-4187-a304-ee2b3c53ff4a" /><TestMethod codeBase="D:\ModelRelief\ModelRelief.test\bin\Debug\netcoreapp2.0\ModelRelief.Test.dll" adapterTypeName="executor://xunit/VsTestRunner2/netcoreapp" className="ModelRelief.Test.Integration.MeshTransforms.MeshTransformsBaseIntegrationTests" name="GetList_ListReturnsCorrectCount" /></UnitTest><UnitTest name="Patch_InvalidReferencePropertyReturnsBadRequest" storage="d:\modelrelief\modelrelief.test\bin\debug\netcoreapp2.0\modelrelief.test.dll" id="2b8e7d74-b0a7-4610-b303-330e6280efa1"><Execution id="cba1db14-053a-4f25-8c27-09f6e115dc8e" /><TestMethod codeBase="D:\ModelRelief\ModelRelief.test\bin\Debug\netcoreapp2.0\ModelRelief.Test.dll" adapterTypeName="executor://xunit/VsTestRunner2/netcoreapp" className="ModelRelief.Test.Integration.Meshes.MeshesBaseIntegrationTests" name="Patch_InvalidReferencePropertyReturnsBadRequest" /></UnitTest><UnitTest name="FileRequest_FileCanBeReadAfterRename" storage="d:\modelrelief\modelrelief.test\bin\debug\netcoreapp2.0\modelrelief.test.dll" id="1e7f9f25-cd22-482a-a055-c38e5ec1e6ae"><Execution id="b767b6a8-945b-426d-944a-304dda3a6b76" /><TestMethod codeBase="D:\ModelRelief\ModelRelief.test\bin\Debug\netcoreapp2.0\ModelRelief.Test.dll" adapterTypeName="executor://xunit/VsTestRunner2/netcoreapp" className="ModelRelief.Test.Integration.Meshes.MeshesFileIntegrationTests" name="FileRequest_FileCanBeReadAfterRename" /></UnitTest><UnitTest name="Patch_InvalidEnumPropertyValueReturnsBadRequest" storage="d:\modelrelief\modelrelief.test\bin\debug\netcoreapp2.0\modelrelief.test.dll" id="c1c03074-7955-4b3e-9707-c5322c7d29cf"><Execution id="cdcec928-17a8-45e8-bafd-6e97857bf3bb" /><TestMethod codeBase="D:\ModelRelief\ModelRelief.test\bin\Debug\netcoreapp2.0\ModelRelief.Test.dll" adapterTypeName="executor://xunit/VsTestRunner2/netcoreapp" className="ModelRelief.Test.Integration.Models.ModelsBaseIntegrationTests" name="Patch_InvalidEnumPropertyValueReturnsBadRequest" /></UnitTest><UnitTest name="Put_ValidReferencePropertyUpdatesModel" storage="d:\modelrelief\modelrelief.test\bin\debug\netcoreapp2.0\modelrelief.test.dll" id="884d9837-1e2c-4556-80ea-f920ba064664"><Execution id="8575f90b-0418-49fe-bbf1-d156ae6d350b" /><TestMethod codeBase="D:\ModelRelief\ModelRelief.test\bin\Debug\netcoreapp2.0\ModelRelief.Test.dll" adapterTypeName="executor://xunit/VsTestRunner2/netcoreapp" className="ModelRelief.Test.Integration.Projects.ProjectsBaseIntegrationTests" name="Put_ValidReferencePropertyUpdatesModel" /></UnitTest><UnitTest name="GetSingle_InvalidIdPropertyValueReturnsNotFound" storage="d:\modelrelief\modelrelief.test\bin\debug\netcoreapp2.0\modelrelief.test.dll" id="54edd8f6-79af-4d84-ad9f-ca134bf6f988"><Execution id="8a4ce02e-acf1-4bdd-8599-0c7bb08a7b64" /><TestMethod codeBase="D:\ModelRelief\ModelRelief.test\bin\Debug\netcoreapp2.0\ModelRelief.Test.dll" adapterTypeName="executor://xunit/VsTestRunner2/netcoreapp" className="ModelRelief.Test.Integration.MeshTransforms.MeshTransformsBaseIntegrationTests" name="GetSingle_InvalidIdPropertyValueReturnsNotFound" /></UnitTest><UnitTest name="Patch_TargetPropertyIsUpdated" storage="d:\modelrelief\modelrelief.test\bin\debug\netcoreapp2.0\modelrelief.test.dll" id="6a3bd43b-2f91-4d39-ad92-73d7f33c4e1c"><Execution id="244a26b1-93c0-4a60-9c74-604b0acebe66" /><TestMethod codeBase="D:\ModelRelief\ModelRelief.test\bin\Debug\netcoreapp2.0\ModelRelief.Test.dll" adapterTypeName="executor://xunit/VsTestRunner2/netcoreapp" className="ModelRelief.Test.Integration.Cameras.CamerasBaseIntegrationTests" name="Patch_TargetPropertyIsUpdated" /></UnitTest><UnitTest name="PostFile_FileTimeStampIsUpdatedAfterFileIsPosted" storage="d:\modelrelief\modelrelief.test\bin\debug\netcoreapp2.0\modelrelief.test.dll" id="fae4dd92-39a1-4c2d-9cfd-a696cebe76b7"><Execution id="10cf880b-59e6-45f7-aa6d-d66c080fe5d2" /><TestMethod codeBase="D:\ModelRelief\ModelRelief.test\bin\Debug\netcoreapp2.0\ModelRelief.Test.dll" adapterTypeName="executor://xunit/VsTestRunner2/netcoreapp" className="ModelRelief.Test.Integration.DepthBuffers.DepthBuffersFileIntegrationTests" name="PostFile_FileTimeStampIsUpdatedAfterFileIsPosted" /></UnitTest><UnitTest name="Post_CanCreateNewModel" storage="d:\modelrelief\modelrelief.test\bin\debug\netcoreapp2.0\modelrelief.test.dll" id="49f6b7ab-aea2-42be-9e45-ebb60ba62760"><Execution id="5b50eabe-be1b-49b2-ae33-08b25cf3cd1e" /><TestMethod codeBase="D:\ModelRelief\ModelRelief.test\bin\Debug\netcoreapp2.0\ModelRelief.Test.dll" adapterTypeName="executor://xunit/VsTestRunner2/netcoreapp" className="ModelRelief.Test.Integration.Meshes.MeshesBaseIntegrationTests" name="Post_CanCreateNewModel" /></UnitTest><UnitTest name="Patch_MultipleInvalidReferencePropertiesReturnsMultipleValidationErrorsAndBadRequest" storage="d:\modelrelief\modelrelief.test\bin\debug\netcoreapp2.0\modelrelief.test.dll" id="fbd2f7a5-780a-4ef2-98d4-8ade5957fb55"><Execution id="54f692ed-8af4-486e-8402-d4b940b8d1bb" /><TestMethod codeBase="D:\ModelRelief\ModelRelief.test\bin\Debug\netcoreapp2.0\ModelRelief.Test.dll" adapterTypeName="executor://xunit/VsTestRunner2/netcoreapp" className="ModelRelief.Test.Integration.DepthBuffers.DepthBuffersBaseIntegrationTests" name="Patch_MultipleInvalidReferencePropertiesReturnsMultipleValidationErrorsAndBadRequest" /></UnitTest><UnitTest name="GetList_ListReturnsCorrectCount" storage="d:\modelrelief\modelrelief.test\bin\debug\netcoreapp2.0\modelrelief.test.dll" id="a5506d81-0126-422a-9a03-751ed4e5f87b"><Execution id="bef44afa-fd7a-47ab-bdb2-459fd3f38fab" /><TestMethod codeBase="D:\ModelRelief\ModelRelief.test\bin\Debug\netcoreapp2.0\ModelRelief.Test.dll" adapterTypeName="executor://xunit/VsTestRunner2/netcoreapp" className="ModelRelief.Test.Integration.Models.ModelsBaseIntegrationTests" name="GetList_ListReturnsCorrectCount" /></UnitTest><UnitTest name="Patch_InvalidPropertyNameReturnsBadRequest" storage="d:\modelrelief\modelrelief.test\bin\debug\netcoreapp2.0\modelrelief.test.dll" id="cb56d0d5-1715-48c0-9545-54333323200e"><Execution id="9ec9b7dc-053f-45e0-9b88-252e6e65c378" /><TestMethod codeBase="D:\ModelRelief\ModelRelief.test\bin\Debug\netcoreapp2.0\ModelRelief.Test.dll" adapterTypeName="executor://xunit/VsTestRunner2/netcoreapp" className="ModelRelief.Test.Integration.Cameras.CamerasBaseIntegrationTests" name="Patch_InvalidPropertyNameReturnsBadRequest" /></UnitTest><UnitTest name="Put_InvalidIdReturnsNotFound" storage="d:\modelrelief\modelrelief.test\bin\debug\netcoreapp2.0\modelrelief.test.dll" id="02237de0-cc58-436a-a0bf-64a6e1a5fca7"><Execution id="63f873cf-1360-42a5-a0f7-9ab14913e8c2" /><TestMethod codeBase="D:\ModelRelief\ModelRelief.test\bin\Debug\netcoreapp2.0\ModelRelief.Test.dll" adapterTypeName="executor://xunit/VsTestRunner2/netcoreapp" className="ModelRelief.Test.Integration.MeshTransforms.MeshTransformsBaseIntegrationTests" name="Put_InvalidIdReturnsNotFound" /></UnitTest><UnitTest name="Post_InvalidPropertyValueReturnsBadRequest" storage="d:\modelrelief\modelrelief.test\bin\debug\netcoreapp2.0\modelrelief.test.dll" id="cd9b4128-f62e-4bec-b805-30a940708692"><Execution id="af224990-29eb-446f-a3e5-bbf9e93aedd9" /><TestMethod codeBase="D:\ModelRelief\ModelRelief.test\bin\Debug\netcoreapp2.0\ModelRelief.Test.dll" adapterTypeName="executor://xunit/VsTestRunner2/netcoreapp" className="ModelRelief.Test.Integration.Projects.ProjectsBaseIntegrationTests" name="Post_InvalidPropertyValueReturnsBadRequest" /></UnitTest><UnitTest name="Put_ValidReferencePropertyUpdatesModel" storage="d:\modelrelief\modelrelief.test\bin\debug\netcoreapp2.0\modelrelief.test.dll" id="20944fce-2b30-499e-a2f7-16331470289c"><Execution id="74e65e28-231a-4bd4-a9ae-3098a74a5e50" /><TestMethod codeBase="D:\ModelRelief\ModelRelief.test\bin\Debug\netcoreapp2.0\ModelRelief.Test.dll" adapterTypeName="executor://xunit/VsTestRunner2/netcoreapp" className="ModelRelief.Test.Integration.MeshTransforms.MeshTransformsBaseIntegrationTests" name="Put_ValidReferencePropertyUpdatesModel" /></UnitTest><UnitTest name="GetFile_FileCanBeRoundTripped" storage="d:\modelrelief\modelrelief.test\bin\debug\netcoreapp2.0\modelrelief.test.dll" id="da8eded9-215c-4f27-8867-f8c68b9d1399"><Execution id="ab806805-2e8b-4049-bd30-5e759ebcbc0b" /><TestMethod codeBase="D:\ModelRelief\ModelRelief.test\bin\Debug\netcoreapp2.0\ModelRelief.Test.dll" adapterTypeName="executor://xunit/VsTestRunner2/netcoreapp" className="ModelRelief.Test.Integration.Models.ModelsFileIntegrationTests" name="GetFile_FileCanBeRoundTripped" /></UnitTest><UnitTest name="Put_InvalidReferencePropertyReturndBadRequest" storage="d:\modelrelief\modelrelief.test\bin\debug\netcoreapp2.0\modelrelief.test.dll" id="4ed0445f-9880-46e2-9b29-f776e0d4c80c"><Execution id="925574b5-7920-4921-bd48-eca2cb98c8cc" /><TestMethod codeBase="D:\ModelRelief\ModelRelief.test\bin\Debug\netcoreapp2.0\ModelRelief.Test.dll" adapterTypeName="executor://xunit/VsTestRunner2/netcoreapp" className="ModelRelief.Test.Integration.Projects.ProjectsBaseIntegrationTests" name="Put_InvalidReferencePropertyReturndBadRequest" /></UnitTest><UnitTest name="Patch_InvalidEnumPropertyValueReturnsBadRequest" storage="d:\modelrelief\modelrelief.test\bin\debug\netcoreapp2.0\modelrelief.test.dll" id="483e4667-70f8-46a6-b5bf-737debdf100c"><Execution id="d996beb9-2ec3-46a4-b1fe-4265f9a94ec3" /><TestMethod codeBase="D:\ModelRelief\ModelRelief.test\bin\Debug\netcoreapp2.0\ModelRelief.Test.dll" adapterTypeName="executor://xunit/VsTestRunner2/netcoreapp" className="ModelRelief.Test.Integration.Projects.ProjectsBaseIntegrationTests" name="Patch_InvalidEnumPropertyValueReturnsBadRequest" /></UnitTest><UnitTest name="Put_InvalidIdReturnsNotFound" storage="d:\modelrelief\modelrelief.test\bin\debug\netcoreapp2.0\modelrelief.test.dll" id="1cf8d7eb-50ca-4f87-bf4e-bb84f0388f27"><Execution id="69da3b71-9cb4-4aa1-94c3-c92b3822333d" /><TestMethod codeBase="D:\ModelRelief\ModelRelief.test\bin\Debug\netcoreapp2.0\ModelRelief.Test.dll" adapterTypeName="executor://xunit/VsTestRunner2/netcoreapp" className="ModelRelief.Test.Integration.Models.ModelsBaseIntegrationTests" name="Put_InvalidIdReturnsNotFound" /></UnitTest><UnitTest name="Patch_TargetPropertyIsUpdated" storage="d:\modelrelief\modelrelief.test\bin\debug\netcoreapp2.0\modelrelief.test.dll" id="ddbc74c5-00b5-4e21-95cc-0f9b6e223d46"><Execution id="fd0afe63-09b4-4908-98b9-a25aa90d664e" /><TestMethod codeBase="D:\ModelRelief\ModelRelief.test\bin\Debug\netcoreapp2.0\ModelRelief.Test.dll" adapterTypeName="executor://xunit/VsTestRunner2/netcoreapp" className="ModelRelief.Test.Integration.MeshTransforms.MeshTransformsBaseIntegrationTests" name="Patch_TargetPropertyIsUpdated" /></UnitTest><UnitTest name="Patch_TargetPropertyIsUpdated" storage="d:\modelrelief\modelrelief.test\bin\debug\netcoreapp2.0\modelrelief.test.dll" id="9e11bd38-513b-46b3-ac93-88ad152395ca"><Execution id="e57c4721-7bbf-48e1-b3e4-e91944c46927" /><TestMethod codeBase="D:\ModelRelief\ModelRelief.test\bin\Debug\netcoreapp2.0\ModelRelief.Test.dll" adapterTypeName="executor://xunit/VsTestRunner2/netcoreapp" className="ModelRelief.Test.Integration.DepthBuffers.DepthBuffersBaseIntegrationTests" name="Patch_TargetPropertyIsUpdated" /></UnitTest><UnitTest name="Put_CanUpdateModel" storage="d:\modelrelief\modelrelief.test\bin\debug\netcoreapp2.0\modelrelief.test.dll" id="4203f57d-7a3c-4240-94ab-872ca229afe0"><Execution id="9b1cc42c-c6bf-4a72-98a3-c5eb9ea15034" /><TestMethod codeBase="D:\ModelRelief\ModelRelief.test\bin\Debug\netcoreapp2.0\ModelRelief.Test.dll" adapterTypeName="executor://xunit/VsTestRunner2/netcoreapp" className="ModelRelief.Test.Integration.Models.ModelsBaseIntegrationTests" name="Put_CanUpdateModel" /></UnitTest><UnitTest name="GetSingle_ValidIdPropertyValueReturnsCorrectModel" storage="d:\modelrelief\modelrelief.test\bin\debug\netcoreapp2.0\modelrelief.test.dll" id="30aebe67-2680-434a-a727-424b040e29cc"><Execution id="03c803aa-cbef-4e25-adad-3e6802b1d2f2" /><TestMethod codeBase="D:\ModelRelief\ModelRelief.test\bin\Debug\netcoreapp2.0\ModelRelief.Test.dll" adapterTypeName="executor://xunit/VsTestRunner2/netcoreapp" className="ModelRelief.Test.Integration.MeshTransforms.MeshTransformsBaseIntegrationTests" name="GetSingle_ValidIdPropertyValueReturnsCorrectModel" /></UnitTest></TestDefinitions><TestEntries><TestEntry testId="58e94b89-d5a4-4884-b623-82804ad4223f" executionId="9a41bc57-d387-46ce-a982-f13d92755d89" testListId="8c84fa94-04c1-424b-9868-57a2d4851a1d" /><TestEntry testId="c3783916-55e8-435a-ae50-b7b85912788e" executionId="81e6bb07-6739-438a-91d5-43438e3b457a" testListId="8c84fa94-04c1-424b-9868-57a2d4851a1d" /><TestEntry testId="726114a8-4a82-4674-bcfd-5f8fcc92d77e" executionId="b187a280-9d93-4f0b-af1c-1754de228784" testListId="8c84fa94-04c1-424b-9868-57a2d4851a1d" /><TestEntry testId="11138830-ae77-4f9f-8f0e-868a9d74f033" executionId="3b2addd3-6d01-43bc-8e1e-9301e630155c" testListId="8c84fa94-04c1-424b-9868-57a2d4851a1d" /><TestEntry testId="ff40af7d-aeee-4743-89fe-f502ce6e724c" executionId="59e43cd4-08bf-4638-b093-c435ed718d84" testListId="8c84fa94-04c1-424b-9868-57a2d4851a1d" /><TestEntry testId="6a3bd43b-2f91-4d39-ad92-73d7f33c4e1c" executionId="244a26b1-93c0-4a60-9c74-604b0acebe66" testListId="8c84fa94-04c1-424b-9868-57a2d4851a1d" /><TestEntry testId="8682ae8d-6ff1-49e6-9591-23a3e974cb75" executionId="3ba42912-5139-4bdd-b46d-af183cc5c1fc" testListId="8c84fa94-04c1-424b-9868-57a2d4851a1d" /><TestEntry testId="98484216-34f7-48cf-ada7-a1949a30c2b2" executionId="7cd216cf-4326-4e10-90d0-9a51aa459573" testListId="8c84fa94-04c1-424b-9868-57a2d4851a1d" /><TestEntry testId="c160550e-d2da-4b05-b4f7-9f84fa109f19" executionId="152d9713-4b0d-436d-adee-3e2ae42df4d7" testListId="8c84fa94-04c1-424b-9868-57a2d4851a1d" /><TestEntry testId="dd9695e2-246b-4817-8071-548e5a0a9300" executionId="aa72e63e-0da0-436d-841b-20b49ed6447a" testListId="8c84fa94-04c1-424b-9868-57a2d4851a1d" /><TestEntry testId="bb7c3d31-060d-408e-aebb-2c5982072cbb" executionId="fb082661-5f5e-4e2e-8162-080e9fdc361a" testListId="8c84fa94-04c1-424b-9868-57a2d4851a1d" /><TestEntry testId="a5506d81-0126-422a-9a03-751ed4e5f87b" executionId="bef44afa-fd7a-47ab-bdb2-459fd3f38fab" testListId="8c84fa94-04c1-424b-9868-57a2d4851a1d" /><TestEntry testId="51d2ce12-d6b9-4459-950d-726495a79a0f" executionId="b8274541-1c59-4123-9d5a-c9b07a029873" testListId="8c84fa94-04c1-424b-9868-57a2d4851a1d" /><TestEntry testId="3c30d92d-ad5a-4123-b710-ddb09336e3f3" executionId="dc5c7da3-544a-4e49-87bc-b1ef8d4594ef" testListId="8c84fa94-04c1-424b-9868-57a2d4851a1d" /><TestEntry testId="b5435597-1b34-4acc-9c74-5c0f8253ea85" executionId="f5d035d6-2b76-4d2f-8e9a-e68f4d7ab19a" testListId="8c84fa94-04c1-424b-9868-57a2d4851a1d" /><TestEntry testId="4203f57d-7a3c-4240-94ab-872ca229afe0" executionId="9b1cc42c-c6bf-4a72-98a3-c5eb9ea15034" testListId="8c84fa94-04c1-424b-9868-57a2d4851a1d" /><TestEntry testId="65d57a42-c999-4ad4-964e-9b17e69a1918" executionId="256487da-3098-475e-a5fa-fa8a6d1cb0f8" testListId="8c84fa94-04c1-424b-9868-57a2d4851a1d" /><TestEntry testId="c3d7c90b-d540-4eed-9bf6-bbfcf62ad743" executionId="6c17f025-7748-44ac-b065-54ecbdcc943b" testListId="8c84fa94-04c1-424b-9868-57a2d4851a1d" /><TestEntry testId="307f666a-b98a-4ae2-8a60-8b62040a33cb" executionId="466893ab-8c9e-4220-b01e-50ac3322b2c6" testListId="8c84fa94-04c1-424b-9868-57a2d4851a1d" /><TestEntry testId="0eeccc64-2d7a-4b14-8e50-69d83ceba89e" executionId="d82116c5-fe86-41c5-ae7e-e343225f8174" testListId="8c84fa94-04c1-424b-9868-57a2d4851a1d" /><TestEntry testId="b9fdfc90-7815-46c3-8296-59c53f38d1e2" executionId="bb694965-65e1-4ddf-8a5c-250e7d32be25" testListId="8c84fa94-04c1-424b-9868-57a2d4851a1d" /><TestEntry testId="acc9b104-9daf-4070-b270-6f1f93dc4937" executionId="bead1c58-0d0c-493a-8674-a895d5a9ae4f" testListId="8c84fa94-04c1-424b-9868-57a2d4851a1d" /><TestEntry testId="de424ef6-ab75-452d-91df-1aae8ed13c89" executionId="04c14deb-c721-4187-a304-ee2b3c53ff4a" testListId="8c84fa94-04c1-424b-9868-57a2d4851a1d" /><TestEntry testId="7412f648-31c6-4985-a568-645b13c0800e" executionId="b173c6d5-cd57-4f31-86cc-99c84c3dcc61" testListId="8c84fa94-04c1-424b-9868-57a2d4851a1d" /><TestEntry testId="52c11d1c-f313-460b-b69c-3d655468b720" executionId="191ce0d8-86f5-47e2-ba32-a159b7d44964" testListId="8c84fa94-04c1-424b-9868-57a2d4851a1d" /><TestEntry testId="13579d28-1575-48ee-9fe9-f0e04343198c" executionId="ee3df161-a66e-4894-a4e9-912b38cf2078" testListId="8c84fa94-04c1-424b-9868-57a2d4851a1d" /><TestEntry testId="94871d39-d187-4e59-9208-fa62beab015f" executionId="222a68cc-3bfa-4053-905e-3799923da9cd" testListId="8c84fa94-04c1-424b-9868-57a2d4851a1d" /><TestEntry testId="53b06cbe-74db-4a0a-afa4-761b0b71d7a7" executionId="f99335fa-c8eb-4ea6-9418-a08ff04e6ff0" testListId="8c84fa94-04c1-424b-9868-57a2d4851a1d" /><TestEntry testId="bc4ab350-c720-4116-ac19-b10f3cac936a" executionId="6f2315cb-7ee0-420f-8949-505148de3e0a" testListId="8c84fa94-04c1-424b-9868-57a2d4851a1d" /><TestEntry testId="f603be82-a854-49f1-8ce4-828f11f6034e" executionId="78223066-d827-480b-8812-99f5c7f83213" testListId="8c84fa94-04c1-424b-9868-57a2d4851a1d" /><TestEntry testId="ac16190c-8c98-4b8b-904b-908e24d3b407" executionId="74088a0a-a58e-4b99-8b0b-5d5936918a89" testListId="8c84fa94-04c1-424b-9868-57a2d4851a1d" /><TestEntry testId="9a485ec2-618d-4bb6-9590-80f8d0c0cdeb" executionId="745a5ff4-66a2-4f23-bbc9-57da860bed7f" testListId="8c84fa94-04c1-424b-9868-57a2d4851a1d" /><TestEntry testId="bca4b74c-f7be-4b4b-bdb5-af8a8f2ec713" executionId="c6ce6fc4-d832-4ed8-867d-7ff459aeb3cb" testListId="8c84fa94-04c1-424b-9868-57a2d4851a1d" /><TestEntry testId="32626a8b-21d7-443f-b6fb-8a1dd1c789ca" executionId="601c456a-187c-4a36-b22d-0a1a856f6377" testListId="8c84fa94-04c1-424b-9868-57a2d4851a1d" /><TestEntry testId="6ac218e8-7bdd-4e44-a1eb-4ec8ac10972a" executionId="0687ba16-5f13-4439-b0e7-d2d0abf246f1" testListId="8c84fa94-04c1-424b-9868-57a2d4851a1d" /><TestEntry testId="92661704-6b39-4b43-afbd-99cceebff748" executionId="0c8ee80a-3b85-412c-9749-d46d33ac8338" testListId="8c84fa94-04c1-424b-9868-57a2d4851a1d" /><TestEntry testId="78eeb3bd-b377-495a-b501-4ebd48a31c63" executionId="eccc9d9b-c4b9-4ee1-92d6-8b930e603ad6" testListId="8c84fa94-04c1-424b-9868-57a2d4851a1d" /><TestEntry testId="308aca31-0855-4b01-be02-5b2c29091df8" executionId="65b2285c-2d10-4eab-9849-265660f9cb2e" testListId="8c84fa94-04c1-424b-9868-57a2d4851a1d" /><TestEntry testId="01f6f094-3d08-49d1-95d0-177f530dd064" executionId="06432fd4-aeed-495e-bec4-ff65228c4f04" testListId="8c84fa94-04c1-424b-9868-57a2d4851a1d" /><TestEntry testId="1b13b3f0-676f-4f7c-86c3-0183e56159d3" executionId="df3dd6ac-966e-46d5-ac88-439b34671f12" testListId="8c84fa94-04c1-424b-9868-57a2d4851a1d" /><TestEntry testId="babf9a7f-af5b-4700-9233-c624210a2217" executionId="a308111c-91a2-4e64-b1ae-b7a802a438dc" testListId="8c84fa94-04c1-424b-9868-57a2d4851a1d" /><TestEntry testId="e45c5068-67de-4672-bb3c-29fc6a46842e" executionId="11413522-c222-4431-9d8d-dc591a9eebf0" testListId="8c84fa94-04c1-424b-9868-57a2d4851a1d" /><TestEntry testId="634231e4-3b1a-4690-b3b6-9775de91177c" executionId="91316c7e-4fec-4ddb-b0cb-23cc9acc9212" testListId="8c84fa94-04c1-424b-9868-57a2d4851a1d" /><TestEntry testId="49f6b7ab-aea2-42be-9e45-ebb60ba62760" executionId="5b50eabe-be1b-49b2-ae33-08b25cf3cd1e" testListId="8c84fa94-04c1-424b-9868-57a2d4851a1d" /><TestEntry testId="d3e5b683-a7e7-4d8a-81e6-9200ecfffe40" executionId="80d03736-1c9b-4a38-b13b-34897e5b0b9e" testListId="8c84fa94-04c1-424b-9868-57a2d4851a1d" /><TestEntry testId="1f58efa4-9cb9-4995-b217-80e7fd59a220" executionId="f34b0f8f-7c89-41ca-be09-55d7064bd023" testListId="8c84fa94-04c1-424b-9868-57a2d4851a1d" /><TestEntry testId="17fc92f7-522c-446f-af89-8e1dd160d8ef" executionId="a73c18f5-d3dc-4143-b218-90eae06717e4" testListId="8c84fa94-04c1-424b-9868-57a2d4851a1d" /><TestEntry testId="cb56d0d5-1715-48c0-9545-54333323200e" executionId="9ec9b7dc-053f-45e0-9b88-252e6e65c378" testListId="8c84fa94-04c1-424b-9868-57a2d4851a1d" /><TestEntry testId="5075c461-3564-4463-9720-21d4f2851c2e" executionId="770e6fac-e0bf-440a-b57b-c5d6e4185b8b" testListId="8c84fa94-04c1-424b-9868-57a2d4851a1d" /><TestEntry testId="b85872bb-6af7-478e-a0b9-56477e16fa1a" executionId="3b02fa4a-a3a1-4bba-bc99-c9caa291fdb7" testListId="8c84fa94-04c1-424b-9868-57a2d4851a1d" /><TestEntry testId="bdc678c4-da68-4eb0-a2e7-18eab5036a82" executionId="0b157556-df8b-43de-850d-6f20d7943847" testListId="8c84fa94-04c1-424b-9868-57a2d4851a1d" /><TestEntry testId="6bf597a4-415a-4c96-a39d-fb53d39b9efe" executionId="8db95a72-4f91-4672-921b-68a1c6b94e7b" testListId="8c84fa94-04c1-424b-9868-57a2d4851a1d" /><TestEntry testId="8daec285-fdae-433a-90dd-1aa83ecb8904" executionId="4de6ffa9-6c4b-4625-823c-a05a8126718c" testListId="8c84fa94-04c1-424b-9868-57a2d4851a1d" /><TestEntry testId="bc4b45af-8fcf-4696-95f5-cd8a907251d0" executionId="b6f5e446-8775-401b-838f-e8f339721902" testListId="8c84fa94-04c1-424b-9868-57a2d4851a1d" /><TestEntry testId="e2463751-a40a-407f-aae0-a61a1877e27e" executionId="830c6d21-d5d6-47b7-9abb-8f94a3deab1a" testListId="8c84fa94-04c1-424b-9868-57a2d4851a1d" /><TestEntry testId="3ab5c3b5-5d6c-4e73-993d-5bfff4482a9a" executionId="ca0eb58b-dc4f-4e7f-a5fc-f39ea6b7602a" testListId="8c84fa94-04c1-424b-9868-57a2d4851a1d" /><TestEntry testId="7688a7ae-09ea-4641-8ce6-215277a67f94" executionId="20a6579f-b852-4140-ab7b-fc8f4a60d4ff" testListId="8c84fa94-04c1-424b-9868-57a2d4851a1d" /><TestEntry testId="03f1351c-dbb2-49c0-a18c-3396cbba6714" executionId="e072a4fe-7132-4e42-ae0f-b3bc46bf1cd6" testListId="8c84fa94-04c1-424b-9868-57a2d4851a1d" /><TestEntry testId="594fe618-8412-4bb5-9de3-95adc3c4b049" executionId="e3a5095c-d329-4650-bcf8-5d510d86611b" testListId="8c84fa94-04c1-424b-9868-57a2d4851a1d" /><TestEntry testId="91f780ed-686a-4fa4-92ca-9a463e52a5be" executionId="229dd082-b3bb-4962-86ff-c971a3b4cd47" testListId="8c84fa94-04c1-424b-9868-57a2d4851a1d" /><TestEntry testId="56cbbabb-5595-4825-972f-46f07996811b" executionId="44ecc7cd-c7c0-4a10-b43c-9d4d12e76d7c" testListId="8c84fa94-04c1-424b-9868-57a2d4851a1d" /><TestEntry testId="fbd2f7a5-780a-4ef2-98d4-8ade5957fb55" executionId="54f692ed-8af4-486e-8402-d4b940b8d1bb" testListId="8c84fa94-04c1-424b-9868-57a2d4851a1d" /><TestEntry testId="6a7da622-f95e-4348-a80a-4df2a0018e59" executionId="4198421b-22ae-43be-a9ba-242ea4ab7897" testListId="8c84fa94-04c1-424b-9868-57a2d4851a1d" /><TestEntry testId="4a4d9002-3673-4f86-9dc1-62aa252fe724" executionId="b0993793-cc4f-47f1-9874-7f11b7692c75" testListId="8c84fa94-04c1-424b-9868-57a2d4851a1d" /><TestEntry testId="0836c85a-6b03-49df-8a66-a8c670245767" executionId="7d5d970c-53a3-48fc-bf08-204101143e20" testListId="8c84fa94-04c1-424b-9868-57a2d4851a1d" /><TestEntry testId="1b723b53-82f1-4590-a9af-f607006e8aec" executionId="43ca1267-2dfb-41d1-91b2-70f34a2655a4" testListId="8c84fa94-04c1-424b-9868-57a2d4851a1d" /><TestEntry testId="3124e430-b081-4b4a-b947-7bbe4ca3e44a" executionId="3597d5a7-bcf3-4747-b7b2-facfe74ad49a" testListId="8c84fa94-04c1-424b-9868-57a2d4851a1d" /><TestEntry testId="598c1d54-d5bb-4165-a696-1d439008de44" executionId="a116ecbb-6916-4761-a7dc-2acd755510aa" testListId="8c84fa94-04c1-424b-9868-57a2d4851a1d" /><TestEntry testId="41ad5f54-a212-432e-b0b0-50b516d8b905" executionId="67894e03-ba00-450d-8567-84c3466a73d7" testListId="8c84fa94-04c1-424b-9868-57a2d4851a1d" /><TestEntry testId="88330d68-a5a2-4012-b599-1b37bb324728" executionId="267d5545-c9e4-4a14-9107-d2236a080402" testListId="8c84fa94-04c1-424b-9868-57a2d4851a1d" /><TestEntry testId="b80be5ac-00ff-4eb3-8c33-86045eba9e3d" executionId="ebe83ed9-9775-4974-85a9-4ab6a2562ec4" testListId="8c84fa94-04c1-424b-9868-57a2d4851a1d" /><TestEntry testId="f4c8a319-a3fd-42d4-aec8-15d5236e22b9" executionId="60b466ed-b53f-4427-bd20-9cc7afa6a41d" testListId="8c84fa94-04c1-424b-9868-57a2d4851a1d" /><TestEntry testId="2f7742c5-3327-4341-a8e7-68dad1a199ce" executionId="ceaf292c-295b-46a7-9be2-5f03c14977ca" testListId="8c84fa94-04c1-424b-9868-57a2d4851a1d" /><TestEntry testId="865a4c98-4df8-4443-a795-3f581b83dd7d" executionId="3fe2cca0-aeed-4daa-986e-91e001236109" testListId="8c84fa94-04c1-424b-9868-57a2d4851a1d" /><TestEntry testId="d3424c30-4669-4073-967f-3f5fac9b74da" executionId="004a4049-7a0a-4b3b-a432-82ac535c6c95" testListId="8c84fa94-04c1-424b-9868-57a2d4851a1d" /><TestEntry testId="57e7f65a-bf5a-4606-933f-85e0250a25bd" executionId="8b86710b-6f76-42c7-9e24-8cc50e3cb1b5" testListId="8c84fa94-04c1-424b-9868-57a2d4851a1d" /><TestEntry testId="89f75ebb-5fec-4881-a077-730b7b0a6a6b" executionId="31799677-8a1d-4c93-bbe5-46b2272ecd78" testListId="8c84fa94-04c1-424b-9868-57a2d4851a1d" /><TestEntry testId="3fd78968-53de-40e8-b530-93e04ff0d1cd" executionId="8807e359-aac0-4deb-80b1-06331e77701f" testListId="8c84fa94-04c1-424b-9868-57a2d4851a1d" /><TestEntry testId="0e50cf85-4d91-4c37-8185-d7598288aaad" executionId="dcc98755-d6a3-48b7-becb-44a207082ff6" testListId="8c84fa94-04c1-424b-9868-57a2d4851a1d" /><TestEntry testId="5e787ca7-ebec-4f9f-b83f-2412a83b4dfb" executionId="c91e46da-e009-4e7e-a9eb-617cb3434e57" testListId="8c84fa94-04c1-424b-9868-57a2d4851a1d" /><TestEntry testId="e41f3f31-4364-43ac-a1d3-b0b9402cb7a7" executionId="f31ca34d-9d2e-4d3a-b206-8c34700eb787" testListId="8c84fa94-04c1-424b-9868-57a2d4851a1d" /><TestEntry testId="9737af2a-1c62-4cb6-85fa-f9616591e5f4" executionId="c3440654-8640-484a-83c1-f7708b47f522" testListId="8c84fa94-04c1-424b-9868-57a2d4851a1d" /><TestEntry testId="b654d658-71a5-4373-b260-abe14ba2e92a" executionId="35ef8d8d-edd3-472e-b646-809db619eef9" testListId="8c84fa94-04c1-424b-9868-57a2d4851a1d" /><TestEntry testId="9347605f-774d-450f-ad7e-0281b9ae0975" executionId="9efb9093-0c46-4995-a36d-0607c368d7c1" testListId="8c84fa94-04c1-424b-9868-57a2d4851a1d" /><TestEntry testId="03bc2990-eb35-42d6-aaee-cf92d4855ed2" executionId="7b93b41c-00e2-4795-a072-418610d13ed6" testListId="8c84fa94-04c1-424b-9868-57a2d4851a1d" /><TestEntry testId="88ba3559-7a1f-4ac9-b74c-46102dfc255c" executionId="d0c92852-97f2-409b-be8e-1aff6680902f" testListId="8c84fa94-04c1-424b-9868-57a2d4851a1d" /><TestEntry testId="fae4dd92-39a1-4c2d-9cfd-a696cebe76b7" executionId="10cf880b-59e6-45f7-aa6d-d66c080fe5d2" testListId="8c84fa94-04c1-424b-9868-57a2d4851a1d" /><TestEntry testId="b0135ea9-a228-4a77-8dd6-e64a026c50f1" executionId="a770f5e2-0df3-4f34-80df-9719173089b0" testListId="8c84fa94-04c1-424b-9868-57a2d4851a1d" /><TestEntry testId="5aad7f75-f915-471d-b0e1-04f1640ecada" executionId="98367602-01d0-4f00-a6cd-6011e3b854d8" testListId="8c84fa94-04c1-424b-9868-57a2d4851a1d" /><TestEntry testId="cd9b4128-f62e-4bec-b805-30a940708692" executionId="af224990-29eb-446f-a3e5-bbf9e93aedd9" testListId="8c84fa94-04c1-424b-9868-57a2d4851a1d" /><TestEntry testId="4c196135-5dc0-40c6-8313-315d9a457b79" executionId="cfe02b2f-0970-4bda-a5f7-712560c994ae" testListId="8c84fa94-04c1-424b-9868-57a2d4851a1d" /><TestEntry testId="6dfda2f1-bb25-4f9e-aed9-bb8e91752489" executionId="95e081bb-4711-4ef2-9cd2-63578dc3bd43" testListId="8c84fa94-04c1-424b-9868-57a2d4851a1d" /><TestEntry testId="67cf6c9a-b217-44b6-ad45-0abba1ca318d" executionId="a2f7d22c-ec85-41e4-abb7-d89ee1cfdb92" testListId="8c84fa94-04c1-424b-9868-57a2d4851a1d" /><TestEntry testId="1d6d99c6-11ef-4f14-b1fd-a8eab061114e" executionId="d55d56e2-da91-4f8c-a7d9-bf62a93eacb9" testListId="8c84fa94-04c1-424b-9868-57a2d4851a1d" /><TestEntry testId="20944fce-2b30-499e-a2f7-16331470289c" executionId="74e65e28-231a-4bd4-a9ae-3098a74a5e50" testListId="8c84fa94-04c1-424b-9868-57a2d4851a1d" /><TestEntry testId="4ed0445f-9880-46e2-9b29-f776e0d4c80c" executionId="925574b5-7920-4921-bd48-eca2cb98c8cc" testListId="8c84fa94-04c1-424b-9868-57a2d4851a1d" /><TestEntry testId="1e7f9f25-cd22-482a-a055-c38e5ec1e6ae" executionId="b767b6a8-945b-426d-944a-304dda3a6b76" testListId="8c84fa94-04c1-424b-9868-57a2d4851a1d" /><TestEntry testId="308af7e1-53d5-4044-be4d-8c82294676fb" executionId="f924efd9-8634-42ef-9397-c5ecf73211cc" testListId="8c84fa94-04c1-424b-9868-57a2d4851a1d" /><TestEntry testId="5c5f327a-c1fa-4ce0-8b09-4d2cc6e7d085" executionId="35b5574f-85ee-4f14-b64f-cb17aea559a9" testListId="8c84fa94-04c1-424b-9868-57a2d4851a1d" /><TestEntry testId="6229e5b7-dda6-4783-84db-0d5bc103c564" executionId="b121043b-5378-411d-b7cd-174d12048570" testListId="8c84fa94-04c1-424b-9868-57a2d4851a1d" /><TestEntry testId="4d843173-c4f6-4b93-b733-13b780901bf0" executionId="c48ea239-0702-4245-aac2-bf9dbd155da4" testListId="8c84fa94-04c1-424b-9868-57a2d4851a1d" /><TestEntry testId="4fcea3ca-87e9-4b75-862f-540d41e14f3d" executionId="9936eee7-0d45-415f-a298-938bb1750424" testListId="8c84fa94-04c1-424b-9868-57a2d4851a1d" /><TestEntry testId="982994b2-2156-49ca-9c2e-13148a7a2bce" executionId="d88c77bc-8d85-469d-baac-3631dfe7fa16" testListId="8c84fa94-04c1-424b-9868-57a2d4851a1d" /><TestEntry testId="826baaa9-c895-442a-bef0-03b86eef6831" executionId="8e558aa3-6ec6-45b3-993e-c2d8788f3244" testListId="8c84fa94-04c1-424b-9868-57a2d4851a1d" /><TestEntry testId="c1f9d7d3-9a30-498c-9b2b-a3f2bf1a479d" executionId="1bdd7bd6-ebc4-412e-afc5-c3713b2ac4a8" testListId="8c84fa94-04c1-424b-9868-57a2d4851a1d" /><TestEntry testId="da81058d-548f-4ac5-8bac-0edc9fa56d32" executionId="e9fa0f8c-77ea-4b58-bfcf-9d4d9d3118f2" testListId="8c84fa94-04c1-424b-9868-57a2d4851a1d" /><TestEntry testId="a6f50161-1997-43fd-8688-907aad1d8d60" executionId="d3c421e2-e62f-4665-84c1-e398ca6040f2" testListId="8c84fa94-04c1-424b-9868-57a2d4851a1d" /><TestEntry testId="7c04562b-25a3-4213-bba7-e9d4dd18a511" executionId="2e592450-9e8c-4271-9c4e-8316c322c856" testListId="8c84fa94-04c1-424b-9868-57a2d4851a1d" /><TestEntry testId="f87141d7-6378-4b2e-8d5a-3ca53b2169b2" executionId="a37b9d1e-a168-4b59-bd73-e5532e1e708e" testListId="8c84fa94-04c1-424b-9868-57a2d4851a1d" /><TestEntry testId="2b8e7d74-b0a7-4610-b303-330e6280efa1" executionId="cba1db14-053a-4f25-8c27-09f6e115dc8e" testListId="8c84fa94-04c1-424b-9868-57a2d4851a1d" /><TestEntry testId="02237de0-cc58-436a-a0bf-64a6e1a5fca7" executionId="63f873cf-1360-42a5-a0f7-9ab14913e8c2" testListId="8c84fa94-04c1-424b-9868-57a2d4851a1d" /><TestEntry testId="421f9403-1978-4ca9-8dde-3e70543b8f5a" executionId="91e57398-1981-4102-8bc6-8bd13cec9a76" testListId="8c84fa94-04c1-424b-9868-57a2d4851a1d" /><TestEntry testId="38ff8213-a43b-44fd-9e02-b4946ef6f1fd" executionId="81d6cee4-1372-4c9d-9e1c-d820dc24925f" testListId="8c84fa94-04c1-424b-9868-57a2d4851a1d" /><TestEntry testId="c2c4372d-7811-41cb-88da-6fe3554661b9" executionId="570a6b10-75b6-4d84-a507-ca12ebbde67b" testListId="8c84fa94-04c1-424b-9868-57a2d4851a1d" /><TestEntry testId="12d51ba9-c84f-49c5-b60a-8fc768b51a09" executionId="59c357cb-6b0d-4d3a-8c5e-a52ed3b76129" testListId="8c84fa94-04c1-424b-9868-57a2d4851a1d" /><TestEntry testId="36ac25db-d6a3-488a-904a-937a4500c66a" executionId="eb3a4f17-1e08-4e64-ae22-b2cec88ef322" testListId="8c84fa94-04c1-424b-9868-57a2d4851a1d" /><TestEntry testId="30aebe67-2680-434a-a727-424b040e29cc" executionId="03c803aa-cbef-4e25-adad-3e6802b1d2f2" testListId="8c84fa94-04c1-424b-9868-57a2d4851a1d" /><TestEntry testId="ac80670d-7c28-497c-8720-60bedbeb8321" executionId="83b271f8-2b14-4ea2-80d3-9cb5498f7a4c" testListId="8c84fa94-04c1-424b-9868-57a2d4851a1d" /><TestEntry testId="2f8910d8-d0b6-4769-aaf7-dc8d47dfcc7d" executionId="cc11ee4a-be35-46dd-97bd-63bab267276c" testListId="8c84fa94-04c1-424b-9868-57a2d4851a1d" /><TestEntry testId="881d16d6-8fb0-4d0c-81dd-e9f21584864b" executionId="b063df41-7f14-4af0-8c11-f13819e56896" testListId="8c84fa94-04c1-424b-9868-57a2d4851a1d" /><TestEntry testId="c29af08d-4511-4878-b650-3fa3729b5d10" executionId="99c40fd2-6532-4eff-8443-2df9e8c03540" testListId="8c84fa94-04c1-424b-9868-57a2d4851a1d" /><TestEntry testId="07ce2e3e-3460-4f27-856f-0789e0d8643a" executionId="36958f0d-67f1-4ba6-863b-f0cd910f0ebd" testListId="8c84fa94-04c1-424b-9868-57a2d4851a1d" /><TestEntry testId="46b3b110-fb2c-4e62-b313-9f8625d338cf" executionId="98f6f956-249d-4cfb-9c2a-81c1af3c1260" testListId="8c84fa94-04c1-424b-9868-57a2d4851a1d" /><TestEntry testId="f3068476-5b3c-4f25-8187-358ea66779a0" executionId="ee03313f-89c6-4a26-b3f4-5357cc7de207" testListId="8c84fa94-04c1-424b-9868-57a2d4851a1d" /><TestEntry testId="1cf8d7eb-50ca-4f87-bf4e-bb84f0388f27" executionId="69da3b71-9cb4-4aa1-94c3-c92b3822333d" testListId="8c84fa94-04c1-424b-9868-57a2d4851a1d" /><TestEntry testId="8df50b05-1f3c-46dd-a360-e34804ce1429" executionId="679fd09a-42bf-4cd2-9181-5181fddb3a7c" testListId="8c84fa94-04c1-424b-9868-57a2d4851a1d" /><TestEntry testId="9e11bd38-513b-46b3-ac93-88ad152395ca" executionId="e57c4721-7bbf-48e1-b3e4-e91944c46927" testListId="8c84fa94-04c1-424b-9868-57a2d4851a1d" /><TestEntry testId="884d9837-1e2c-4556-80ea-f920ba064664" executionId="8575f90b-0418-49fe-bbf1-d156ae6d350b" testListId="8c84fa94-04c1-424b-9868-57a2d4851a1d" /><TestEntry testId="9b87b004-8126-452a-867b-02c11b8e39f7" executionId="f280b595-caca-4c0a-8b7b-37c807f9166a" testListId="8c84fa94-04c1-424b-9868-57a2d4851a1d" /><TestEntry testId="a24bb652-ae13-451e-a562-ce12d34a6d14" executionId="f9cf1783-c73e-4e66-b7c9-7c0264582a53" testListId="8c84fa94-04c1-424b-9868-57a2d4851a1d" /><TestEntry testId="6a4a5402-ed39-4dd2-8b1c-959f15a2651e" executionId="a9d7084c-595d-4e02-9074-e7dd85b46b73" testListId="8c84fa94-04c1-424b-9868-57a2d4851a1d" /><TestEntry testId="a6d35e18-486a-4f8f-9eed-4e82e718ef01" executionId="3963056e-9844-486e-aed4-35b5a2151657" testListId="8c84fa94-04c1-424b-9868-57a2d4851a1d" /><TestEntry testId="0ec8d1a8-465c-49a7-bb7b-1a5bde56d6f4" executionId="9b3ce339-d94f-4a03-8296-4017ea6dfbb3" testListId="8c84fa94-04c1-424b-9868-57a2d4851a1d" /><TestEntry testId="c1c03074-7955-4b3e-9707-c5322c7d29cf" executionId="cdcec928-17a8-45e8-bafd-6e97857bf3bb" testListId="8c84fa94-04c1-424b-9868-57a2d4851a1d" /><TestEntry testId="743f7ce8-135f-49e4-946c-719599b1a2fc" executionId="906f4e59-47d3-4830-a8bc-d9b9772b8d2e" testListId="8c84fa94-04c1-424b-9868-57a2d4851a1d" /><TestEntry testId="170aac0a-3eb9-4647-aa8a-f6d73b824f62" executionId="c6a6c3e0-9066-4778-8378-cb4c13012317" testListId="8c84fa94-04c1-424b-9868-57a2d4851a1d" /><TestEntry testId="98cbf256-2e27-4612-8087-ac88634b2c6e" executionId="0bd818ab-121c-4d5c-9570-a09e0fbd3b1c" testListId="8c84fa94-04c1-424b-9868-57a2d4851a1d" /><TestEntry testId="345a7873-1715-4ab5-9d56-e882d9bb4089" executionId="bd44a094-93e5-4b41-8e4d-548afcd01e7c" testListId="8c84fa94-04c1-424b-9868-57a2d4851a1d" /><TestEntry testId="c587ba14-9796-4803-89b0-24eb934d1e93" executionId="4055a2e4-5d21-48b5-ab40-0d1bf776405f" testListId="8c84fa94-04c1-424b-9868-57a2d4851a1d" /><TestEntry testId="3dfa49b8-b042-4e93-b5ef-c010bb1ba3e5" executionId="720d0ac4-26ae-49c4-8e8c-69253ca35314" testListId="8c84fa94-04c1-424b-9868-57a2d4851a1d" /><TestEntry testId="c999c340-5eb7-4a9a-921c-d8a9e5b21895" executionId="16359ee2-9306-4b50-b7ff-191491cd20f8" testListId="8c84fa94-04c1-424b-9868-57a2d4851a1d" /><TestEntry testId="b683429e-111a-450b-af52-c34610db4a5e" executionId="1543b1d8-5756-4542-a2aa-479a3274562a" testListId="8c84fa94-04c1-424b-9868-57a2d4851a1d" /><TestEntry testId="483e4667-70f8-46a6-b5bf-737debdf100c" executionId="d996beb9-2ec3-46a4-b1fe-4265f9a94ec3" testListId="8c84fa94-04c1-424b-9868-57a2d4851a1d" /><TestEntry testId="ddbc74c5-00b5-4e21-95cc-0f9b6e223d46" executionId="fd0afe63-09b4-4908-98b9-a25aa90d664e" testListId="8c84fa94-04c1-424b-9868-57a2d4851a1d" /><TestEntry testId="12a37660-16db-450a-8be0-bf395536d4af" executionId="1921e6c5-b51d-42d7-aab7-baa144b81c18" testListId="8c84fa94-04c1-424b-9868-57a2d4851a1d" /><TestEntry testId="54edd8f6-79af-4d84-ad9f-ca134bf6f988" executionId="8a4ce02e-acf1-4bdd-8599-0c7bb08a7b64" testListId="8c84fa94-04c1-424b-9868-57a2d4851a1d" /><TestEntry testId="2ac47400-0cdb-4ac4-b13c-5b1882930169" executionId="46cedd94-e4ad-4b71-aa4d-256618a98e2a" testListId="8c84fa94-04c1-424b-9868-57a2d4851a1d" /><TestEntry testId="da8eded9-215c-4f27-8867-f8c68b9d1399" executionId="ab806805-2e8b-4049-bd30-5e759ebcbc0b" testListId="8c84fa94-04c1-424b-9868-57a2d4851a1d" /><TestEntry testId="2015c9d7-7a9f-41e9-bc1c-b8ddd7ae14ad" executionId="6fafe6d5-0d5f-4463-a7fc-0c601fa56be1" testListId="8c84fa94-04c1-424b-9868-57a2d4851a1d" /><TestEntry testId="16e9c2ac-1cb8-4796-afac-ef9094318115" executionId="bcb1ec9e-9ccf-4dbe-b172-56aa62730e0e" testListId="8c84fa94-04c1-424b-9868-57a2d4851a1d" /><TestEntry testId="a6fa30c6-1810-4ef9-9459-4ce1c74a236f" executionId="c84e9cab-771e-4d68-9d93-cdfcd62d8303" testListId="8c84fa94-04c1-424b-9868-57a2d4851a1d" /></TestEntries><TestLists><TestList name="Results Not in a List" id="8c84fa94-04c1-424b-9868-57a2d4851a1d" /><TestList name="All Loaded Results" id="19431567-8539-422a-85d7-44ee4e166bda" /></TestLists><ResultSummary outcome="Completed"><Counters total="151" executed="151" passed="151" failed="0" error="0" timeout="0" aborted="0" inconclusive="0" passedButRunAborted="0" notRunnable="0" notExecuted="0" disconnected="0" warning="0" completed="0" inProgress="0" pending="0" /><Output><StdOut>[xUnit.net 00:00:01.2691824]   Discovering: ModelRelief.Test[xUnit.net 00:00:01.3805916]   Discovered:  ModelRelief.Test[xUnit.net 00:00:01.3858322]   Starting:    ModelRelief.Test[xUnit.net 00:00:40.2981061]   Finished:    ModelRelief.Test</StdOut></Output></ResultSummary></TestRun>