<?xml version="1.0" encoding="utf-8"?><TestRun id="bcf32f4f-63c6-42b4-b8ef-cb6a86921af7" name="Steve Knipmeyer@VECTOR 2018-08-08 16:43:31" runUser="VECTOR\Steve Knipmeyer" xmlns="http://microsoft.com/schemas/VisualStudio/TeamTest/2010"><Times creation="2018-08-08T16:43:31.0273214-04:00" queuing="2018-08-08T16:43:31.0273397-04:00" start="2018-08-08T16:43:26.2686810-04:00" finish="2018-08-08T16:44:09.2424900-04:00" /><TestSettings name="default" id="6b762c5b-d4f1-422e-abbf-79ede8bf4a20"><Deployment runDeploymentRoot="Steve_Knipmeyer_VECTOR_2018-08-08_16_43_31" /></TestSettings><Results><UnitTestResult executionId="20a43962-2149-4298-b100-33a0c9dcaa6c" testId="0b957fe9-fbbd-4d1d-80b2-b2eceaf21ea1" testName="GetSingle_InvalidIdPropertyValueReturnsNotFound" computerName="VECTOR" duration="00:00:00.0250000" startTime="2018-08-08T16:43:41.1949878-04:00" endTime="2018-08-08T16:43:41.1949971-04:00" testType="13cdc9d9-ddb5-4fa4-a97d-d965ccfc6d4b" outcome="Passed" testListId="8c84fa94-04c1-424b-9868-57a2d4851a1d" relativeResultsDirectory="20a43962-2149-4298-b100-33a0c9dcaa6c" /><UnitTestResult executionId="f0e6411f-3868-4cd1-92a8-ffd5eccd089a" testId="3b3c88a6-5257-4f05-9633-67c0b9a86071" testName="Post_CanCreateNewModel" computerName="VECTOR" duration="00:00:00.1730000" startTime="2018-08-08T16:44:07.1331805-04:00" endTime="2018-08-08T16:44:07.1331875-04:00" testType="13cdc9d9-ddb5-4fa4-a97d-d965ccfc6d4b" outcome="Passed" testListId="8c84fa94-04c1-424b-9868-57a2d4851a1d" relativeResultsDirectory="f0e6411f-3868-4cd1-92a8-ffd5eccd089a" /><UnitTestResult executionId="b3241106-9382-4f00-a930-c7dbc051111c" testId="a842acc1-43a7-49cb-860f-a65e447a81cc" testName="Patch_TargetPropertyIsUpdated" computerName="VECTOR" duration="00:00:00.3060000" startTime="2018-08-08T16:43:40.8507682-04:00" endTime="2018-08-08T16:43:40.8507751-04:00" testType="13cdc9d9-ddb5-4fa4-a97d-d965ccfc6d4b" outcome="Passed" testListId="8c84fa94-04c1-424b-9868-57a2d4851a1d" relativeResultsDirectory="b3241106-9382-4f00-a930-c7dbc051111c" /><UnitTestResult executionId="27c86da7-b292-4f4e-ae78-47e35706aa1e" testId="fc950c24-2c81-4e15-9fb7-941b7a7f1272" testName="Post_ValidReferencePropertyCreatesModel" computerName="VECTOR" duration="00:00:00.0150000" startTime="2018-08-08T16:43:30.9971210-04:00" endTime="2018-08-08T16:43:30.9971240-04:00" testType="13cdc9d9-ddb5-4fa4-a97d-d965ccfc6d4b" outcome="Passed" testListId="8c84fa94-04c1-424b-9868-57a2d4851a1d" relativeResultsDirectory="27c86da7-b292-4f4e-ae78-47e35706aa1e" /><UnitTestResult executionId="5251fc40-1592-4011-8e66-48ebb05a2d7b" testId="b97e19f1-99f6-4b51-8c74-1e980e0fed96" testName="FileRequest_MeshGenerateSetsFileIsSynchronized" computerName="VECTOR" duration="00:00:05.7030000" startTime="2018-08-08T16:43:58.5776875-04:00" endTime="2018-08-08T16:43:58.5776947-04:00" testType="13cdc9d9-ddb5-4fa4-a97d-d965ccfc6d4b" outcome="Passed" testListId="8c84fa94-04c1-424b-9868-57a2d4851a1d" relativeResultsDirectory="5251fc40-1592-4011-8e66-48ebb05a2d7b" /><UnitTestResult executionId="d18f9c8b-818e-408d-9629-3f51359455c4" testId="2be1868a-dae2-45d1-a3dd-65bc13750e85" testName="PutFile_NewFileCanBePut" computerName="VECTOR" duration="00:00:00.3170000" startTime="2018-08-08T16:44:05.9501840-04:00" endTime="2018-08-08T16:44:05.9501906-04:00" testType="13cdc9d9-ddb5-4fa4-a97d-d965ccfc6d4b" outcome="Passed" testListId="8c84fa94-04c1-424b-9868-57a2d4851a1d" relativeResultsDirectory="d18f9c8b-818e-408d-9629-3f51359455c4" /><UnitTestResult executionId="77ed418f-a7d5-48bd-b2ef-902b25b88cb5" testId="938f135f-f9b2-476d-b7d4-06e7faa9a40f" testName="Put_InvalidReferencePropertyReturndBadRequest" computerName="VECTOR" duration="00:00:00.0430000" startTime="2018-08-08T16:44:07.7680617-04:00" endTime="2018-08-08T16:44:07.7680689-04:00" testType="13cdc9d9-ddb5-4fa4-a97d-d965ccfc6d4b" outcome="Passed" testListId="8c84fa94-04c1-424b-9868-57a2d4851a1d" relativeResultsDirectory="77ed418f-a7d5-48bd-b2ef-902b25b88cb5" /><UnitTestResult executionId="64a437dd-829f-406b-beaa-5474e5e85eac" testId="5baf8c02-40a9-4162-acc3-30116780fd5a" testName="Post_InvalidPropertyValueReturnsBadRequest" computerName="VECTOR" duration="00:00:00.0150000" startTime="2018-08-08T16:43:33.9334561-04:00" endTime="2018-08-08T16:43:33.9334617-04:00" testType="13cdc9d9-ddb5-4fa4-a97d-d965ccfc6d4b" outcome="Passed" testListId="8c84fa94-04c1-424b-9868-57a2d4851a1d" relativeResultsDirectory="64a437dd-829f-406b-beaa-5474e5e85eac" /><UnitTestResult executionId="24931793-9b82-4a85-9abb-c68437788561" testId="72596fc8-ad56-4165-af69-f7d72d7850de" testName="GetFile_NonExistentFileReturnsNotFound" computerName="VECTOR" duration="00:00:00.0260000" startTime="2018-08-08T16:43:38.4103244-04:00" endTime="2018-08-08T16:43:38.4103314-04:00" testType="13cdc9d9-ddb5-4fa4-a97d-d965ccfc6d4b" outcome="Passed" testListId="8c84fa94-04c1-424b-9868-57a2d4851a1d" relativeResultsDirectory="24931793-9b82-4a85-9abb-c68437788561" /><UnitTestResult executionId="65a4a2b6-f523-4712-a465-9762b75611de" testId="a844dac9-9dba-490c-a6bd-b013b0f79787" testName="Patch_TargetPropertyIsUpdated" computerName="VECTOR" duration="00:00:00.3090000" startTime="2018-08-08T16:44:00.2428957-04:00" endTime="2018-08-08T16:44:00.2429020-04:00" testType="13cdc9d9-ddb5-4fa4-a97d-d965ccfc6d4b" outcome="Passed" testListId="8c84fa94-04c1-424b-9868-57a2d4851a1d" relativeResultsDirectory="65a4a2b6-f523-4712-a465-9762b75611de" /><UnitTestResult executionId="b92bed28-9e55-4f6a-9c22-c72eb8dcc77c" testId="38edd036-a57b-4925-987b-785ac45b2c5f" testName="Patch_ValidReferencePropertyUpdatesModel" computerName="VECTOR" duration="00:00:00.6590000" startTime="2018-08-08T16:43:30.8631255-04:00" endTime="2018-08-08T16:43:30.8631321-04:00" testType="13cdc9d9-ddb5-4fa4-a97d-d965ccfc6d4b" outcome="Passed" testListId="8c84fa94-04c1-424b-9868-57a2d4851a1d" relativeResultsDirectory="b92bed28-9e55-4f6a-9c22-c72eb8dcc77c" /><UnitTestResult executionId="1f7c3d54-7806-4247-bd7e-808c8b0a2c3d" testId="bc54e8f8-6233-4ede-a685-f66416f81d17" testName="Patch_InvalidReferencePropertyReturnsBadRequest" computerName="VECTOR" duration="00:00:00.0130000" startTime="2018-08-08T16:43:31.7357015-04:00" endTime="2018-08-08T16:43:31.7357056-04:00" testType="13cdc9d9-ddb5-4fa4-a97d-d965ccfc6d4b" outcome="Passed" testListId="8c84fa94-04c1-424b-9868-57a2d4851a1d" relativeResultsDirectory="1f7c3d54-7806-4247-bd7e-808c8b0a2c3d" /><UnitTestResult executionId="d7a9f097-cc09-4752-ab9e-8eef336833c8" testId="155f6579-5adf-4cb5-a986-c827b00c526f" testName="FileRequest_FileCanBeReadAfterRename" computerName="VECTOR" duration="00:00:00.5910000" startTime="2018-08-08T16:43:37.6456297-04:00" endTime="2018-08-08T16:43:37.6456368-04:00" testType="13cdc9d9-ddb5-4fa4-a97d-d965ccfc6d4b" outcome="Passed" testListId="8c84fa94-04c1-424b-9868-57a2d4851a1d" relativeResultsDirectory="d7a9f097-cc09-4752-ab9e-8eef336833c8" /><UnitTestResult executionId="36e249a9-b73f-430e-8b90-43d6bf158de2" testId="732ce57f-397b-42eb-a67f-841599ec37b0" testName="Patch_InvalidIdPropertyReturnsNotFound" computerName="VECTOR" duration="00:00:00.0280000" startTime="2018-08-08T16:43:45.4786264-04:00" endTime="2018-08-08T16:43:45.4786349-04:00" testType="13cdc9d9-ddb5-4fa4-a97d-d965ccfc6d4b" outcome="Passed" testListId="8c84fa94-04c1-424b-9868-57a2d4851a1d" relativeResultsDirectory="36e249a9-b73f-430e-8b90-43d6bf158de2" /><UnitTestResult executionId="e3b2d7f5-700e-49f6-9394-56603dc6e755" testId="ec5deee6-d6fe-4c6e-9f4b-ffaa34426c13" testName="Delete_TargetModelIsDeleted" computerName="VECTOR" duration="00:00:00.4120000" startTime="2018-08-08T16:43:39.1230473-04:00" endTime="2018-08-08T16:43:39.1230590-04:00" testType="13cdc9d9-ddb5-4fa4-a97d-d965ccfc6d4b" outcome="Passed" testListId="8c84fa94-04c1-424b-9868-57a2d4851a1d" relativeResultsDirectory="e3b2d7f5-700e-49f6-9394-56603dc6e755" /><UnitTestResult executionId="dd65b79a-e091-4942-bb5b-3d9f4ac9d847" testId="6fb835f3-a5a8-4ca0-b864-9e5b4706d46f" testName="PostFile_FileIsSynchronizedIsUpdatedAfterFileIsPosted" computerName="VECTOR" duration="00:00:00.3530000" startTime="2018-08-08T16:43:58.9314725-04:00" endTime="2018-08-08T16:43:58.9314801-04:00" testType="13cdc9d9-ddb5-4fa4-a97d-d965ccfc6d4b" outcome="Passed" testListId="8c84fa94-04c1-424b-9868-57a2d4851a1d" relativeResultsDirectory="dd65b79a-e091-4942-bb5b-3d9f4ac9d847" /><UnitTestResult executionId="2befcadd-29da-4c89-876b-2a8ab6f7156e" testId="4e03ec92-6ac6-442e-ad6f-0e96caaf8e7c" testName="Patch_InvalidReferencePropertyReturnsBadRequest" computerName="VECTOR" duration="00:00:00.0420000" startTime="2018-08-08T16:44:00.7508890-04:00" endTime="2018-08-08T16:44:00.7508949-04:00" testType="13cdc9d9-ddb5-4fa4-a97d-d965ccfc6d4b" outcome="Passed" testListId="8c84fa94-04c1-424b-9868-57a2d4851a1d" relativeResultsDirectory="2befcadd-29da-4c89-876b-2a8ab6f7156e" /><UnitTestResult executionId="3030547d-9d4e-4fd9-84ee-95159a6844d4" testId="9b53690e-96c2-4118-95f7-0702daf3a089" testName="Patch_ValidReferencePropertyUpdatesModel" computerName="VECTOR" duration="00:00:00.3220000" startTime="2018-08-08T16:44:08.3721762-04:00" endTime="2018-08-08T16:44:08.3721831-04:00" testType="13cdc9d9-ddb5-4fa4-a97d-d965ccfc6d4b" outcome="Passed" testListId="8c84fa94-04c1-424b-9868-57a2d4851a1d" relativeResultsDirectory="3030547d-9d4e-4fd9-84ee-95159a6844d4" /><UnitTestResult executionId="45d4604c-307d-4781-bf54-127812eca029" testId="ba87619c-2369-409e-b4c6-d5c7c4851d2a" testName="Patch_InvalidEnumPropertyValueReturnsBadRequest" computerName="VECTOR" duration="00:00:00.0350000" startTime="2018-08-08T16:43:44.8522503-04:00" endTime="2018-08-08T16:43:44.8522560-04:00" testType="13cdc9d9-ddb5-4fa4-a97d-d965ccfc6d4b" outcome="Passed" testListId="8c84fa94-04c1-424b-9868-57a2d4851a1d" relativeResultsDirectory="45d4604c-307d-4781-bf54-127812eca029" /><UnitTestResult executionId="3d51d042-7f98-4a85-b01d-13d1926a9b1e" testId="9bd0d916-548b-47aa-b983-98f04132ecb8" testName="Patch_InvalidEnumPropertyValueReturnsBadRequest" computerName="VECTOR" duration="00:00:00.0190000" startTime="2018-08-08T16:43:35.1120728-04:00" endTime="2018-08-08T16:43:35.1120781-04:00" testType="13cdc9d9-ddb5-4fa4-a97d-d965ccfc6d4b" outcome="Passed" testListId="8c84fa94-04c1-424b-9868-57a2d4851a1d" relativeResultsDirectory="3d51d042-7f98-4a85-b01d-13d1926a9b1e" /><UnitTestResult executionId="c8f95fa1-69b1-44b0-9d75-971d37371ce8" testId="7c984ead-ef7e-438c-b43a-dcddac279b5e" testName="Delete_TargetModelIsDeleted" computerName="VECTOR" duration="00:00:00.1920000" startTime="2018-08-08T16:43:59.7249338-04:00" endTime="2018-08-08T16:43:59.7249405-04:00" testType="13cdc9d9-ddb5-4fa4-a97d-d965ccfc6d4b" outcome="Passed" testListId="8c84fa94-04c1-424b-9868-57a2d4851a1d" relativeResultsDirectory="c8f95fa1-69b1-44b0-9d75-971d37371ce8" /><UnitTestResult executionId="7ca12315-7322-4eee-beb3-bbace9a9f8af" testId="5b5ceaf1-997e-4d2d-b7e6-72ace2ef060b" testName="Put_ValidReferencePropertyUpdatesModel" computerName="VECTOR" duration="00:00:00.3000000" startTime="2018-08-08T16:43:34.5941301-04:00" endTime="2018-08-08T16:43:34.5941427-04:00" testType="13cdc9d9-ddb5-4fa4-a97d-d965ccfc6d4b" outcome="Passed" testListId="8c84fa94-04c1-424b-9868-57a2d4851a1d" relativeResultsDirectory="7ca12315-7322-4eee-beb3-bbace9a9f8af" /><UnitTestResult executionId="5f552d7b-6fd6-447a-9a32-fde8ddb5110c" testId="61c0af0f-e87e-4ba3-abbc-67d8db357a01" testName="Put_InvalidReferencePropertyReturndBadRequest" computerName="VECTOR" duration="00:00:00.0150000" startTime="2018-08-08T16:43:32.3846020-04:00" endTime="2018-08-08T16:43:32.3846068-04:00" testType="13cdc9d9-ddb5-4fa4-a97d-d965ccfc6d4b" outcome="Passed" testListId="8c84fa94-04c1-424b-9868-57a2d4851a1d" relativeResultsDirectory="5f552d7b-6fd6-447a-9a32-fde8ddb5110c" /><UnitTestResult executionId="f60bba83-163b-45cf-b91e-dbd7d7cadff6" testId="03094d07-5621-48d0-9751-5b42ead1677b" testName="PostFile_FileIsSynchronizedIsUpdatedAfterFileIsPosted" computerName="VECTOR" duration="00:00:00.0140000" startTime="2018-08-08T16:43:38.4243745-04:00" endTime="2018-08-08T16:43:38.4243780-04:00" testType="13cdc9d9-ddb5-4fa4-a97d-d965ccfc6d4b" outcome="Passed" testListId="8c84fa94-04c1-424b-9868-57a2d4851a1d" relativeResultsDirectory="f60bba83-163b-45cf-b91e-dbd7d7cadff6" /><UnitTestResult executionId="8c3f09a7-6cf0-4f2d-a4f8-c4b9159e287c" testId="df2b916f-d95f-45c6-8c15-bae29aead7a6" testName="Patch_TargetPropertyIsUpdated" computerName="VECTOR" duration="00:00:00.3220000" startTime="2018-08-08T16:43:45.1750299-04:00" endTime="2018-08-08T16:43:45.1750368-04:00" testType="13cdc9d9-ddb5-4fa4-a97d-d965ccfc6d4b" outcome="Passed" testListId="8c84fa94-04c1-424b-9868-57a2d4851a1d" relativeResultsDirectory="8c3f09a7-6cf0-4f2d-a4f8-c4b9159e287c" /><UnitTestResult executionId="6c896705-af64-4137-bbfc-2540c53d767b" testId="d54b8c61-6502-4118-8f1e-e59c0acfe2d0" testName="Patch_TargetPropertyIsUpdated" computerName="VECTOR" duration="00:00:00.5140000" startTime="2018-08-08T16:43:33.3099435-04:00" endTime="2018-08-08T16:43:33.3099549-04:00" testType="13cdc9d9-ddb5-4fa4-a97d-d965ccfc6d4b" outcome="Passed" testListId="8c84fa94-04c1-424b-9868-57a2d4851a1d" relativeResultsDirectory="6c896705-af64-4137-bbfc-2540c53d767b" /><UnitTestResult executionId="70117907-bcf4-40de-b642-8217303fee24" testId="f3c9a4b7-2905-4309-8991-f762571bf0f3" testName="Put_InvalidIdReturnsNotFound" computerName="VECTOR" duration="00:00:00.2580000" startTime="2018-08-08T16:43:38.6830718-04:00" endTime="2018-08-08T16:43:38.6830786-04:00" testType="13cdc9d9-ddb5-4fa4-a97d-d965ccfc6d4b" outcome="Passed" testListId="8c84fa94-04c1-424b-9868-57a2d4851a1d" relativeResultsDirectory="70117907-bcf4-40de-b642-8217303fee24" /><UnitTestResult executionId="6e33f1df-1b1b-4023-8bad-f2c016d89a2a" testId="4e65d83c-a278-4766-8c45-138ab0290a40" testName="Patch_ValidReferencePropertyUpdatesModel" computerName="VECTOR" duration="00:00:00.3380000" startTime="2018-08-08T16:43:34.2932230-04:00" endTime="2018-08-08T16:43:34.2932351-04:00" testType="13cdc9d9-ddb5-4fa4-a97d-d965ccfc6d4b" outcome="Passed" testListId="8c84fa94-04c1-424b-9868-57a2d4851a1d" relativeResultsDirectory="6e33f1df-1b1b-4023-8bad-f2c016d89a2a" /><UnitTestResult executionId="c8dd8908-6975-452b-8b9b-106fd7dd8d30" testId="273cd03a-5adb-404f-9356-57d2eda3fe21" testName="GetSingle_InvalidIdPropertyValueReturnsNotFound" computerName="VECTOR" duration="00:00:00.0160000" startTime="2018-08-08T16:43:32.0239862-04:00" endTime="2018-08-08T16:43:32.0239922-04:00" testType="13cdc9d9-ddb5-4fa4-a97d-d965ccfc6d4b" outcome="Passed" testListId="8c84fa94-04c1-424b-9868-57a2d4851a1d" relativeResultsDirectory="c8dd8908-6975-452b-8b9b-106fd7dd8d30" /><UnitTestResult executionId="71a1a63a-e98d-42d7-a934-455c2231cf69" testId="1fd6996e-c210-449b-8519-57f111353041" testName="GetList_ListReturnsCorrectCount" computerName="VECTOR" duration="00:00:00.0270000" startTime="2018-08-08T16:43:39.5463906-04:00" endTime="2018-08-08T16:43:39.5463967-04:00" testType="13cdc9d9-ddb5-4fa4-a97d-d965ccfc6d4b" outcome="Passed" testListId="8c84fa94-04c1-424b-9868-57a2d4851a1d" relativeResultsDirectory="71a1a63a-e98d-42d7-a934-455c2231cf69" /><UnitTestResult executionId="0dc180f9-554e-43ca-85e5-f74a0a0668d9" testId="fc092259-c812-4eaf-ac49-99f542626e1f" testName="GetSingle_InvalidIdPropertyValueReturnsNotFound" computerName="VECTOR" duration="00:00:00.0280000" startTime="2018-08-08T16:43:45.5071649-04:00" endTime="2018-08-08T16:43:45.5071717-04:00" testType="13cdc9d9-ddb5-4fa4-a97d-d965ccfc6d4b" outcome="Passed" testListId="8c84fa94-04c1-424b-9868-57a2d4851a1d" relativeResultsDirectory="0dc180f9-554e-43ca-85e5-f74a0a0668d9" /><UnitTestResult executionId="3011f1b3-0b25-4519-9caf-20d7fdf64123" testId="fcacf28f-6969-497c-a325-1c71d8820ab3" testName="Patch_InvalidReferencePropertyReturnsBadRequest" computerName="VECTOR" duration="00:00:00.0330000" startTime="2018-08-08T16:44:08.4053191-04:00" endTime="2018-08-08T16:44:08.4053256-04:00" testType="13cdc9d9-ddb5-4fa4-a97d-d965ccfc6d4b" outcome="Passed" testListId="8c84fa94-04c1-424b-9868-57a2d4851a1d" relativeResultsDirectory="3011f1b3-0b25-4519-9caf-20d7fdf64123" /><UnitTestResult executionId="bec7f033-402c-4ec7-8535-6e24aa61a738" testId="13aa17aa-ef15-4648-acca-91be7cb6103f" testName="Put_InvalidReferencePropertyReturndBadRequest" computerName="VECTOR" duration="00:00:00.0470000" startTime="2018-08-08T16:43:59.5326201-04:00" endTime="2018-08-08T16:43:59.5326257-04:00" testType="13cdc9d9-ddb5-4fa4-a97d-d965ccfc6d4b" outcome="Passed" testListId="8c84fa94-04c1-424b-9868-57a2d4851a1d" relativeResultsDirectory="bec7f033-402c-4ec7-8535-6e24aa61a738" /><UnitTestResult executionId="a94ea9c1-37bd-4aa9-b2b8-cf022d8cc93a" testId="da9d0953-5199-47d2-9cb0-6edbf3e85402" testName="GetSingle_ValidIdPropertyValueReturnsCorrectModel" computerName="VECTOR" duration="00:00:00.0190000" startTime="2018-08-08T16:43:31.9910491-04:00" endTime="2018-08-08T16:43:31.9910589-04:00" testType="13cdc9d9-ddb5-4fa4-a97d-d965ccfc6d4b" outcome="Passed" testListId="8c84fa94-04c1-424b-9868-57a2d4851a1d" relativeResultsDirectory="a94ea9c1-37bd-4aa9-b2b8-cf022d8cc93a" /><UnitTestResult executionId="783d742a-3a26-409c-b381-593a4302e337" testId="12eeb361-5114-44fd-b1be-60e3c3048f76" testName="Put_InvalidIdReturnsNotFound" computerName="VECTOR" duration="00:00:00.0850000" startTime="2018-08-08T16:43:42.5532191-04:00" endTime="2018-08-08T16:43:42.5532257-04:00" testType="13cdc9d9-ddb5-4fa4-a97d-d965ccfc6d4b" outcome="Passed" testListId="8c84fa94-04c1-424b-9868-57a2d4851a1d" relativeResultsDirectory="783d742a-3a26-409c-b381-593a4302e337" /><UnitTestResult executionId="8372d4f4-6bb3-4355-9502-d42fc49c54bf" testId="d46224ec-c9f3-41eb-b9fb-7e6d37608085" testName="GetList_ListReturnsCorrectCount" computerName="VECTOR" duration="00:00:01.2300000" startTime="2018-08-08T16:43:42.4673102-04:00" endTime="2018-08-08T16:43:42.4673167-04:00" testType="13cdc9d9-ddb5-4fa4-a97d-d965ccfc6d4b" outcome="Passed" testListId="8c84fa94-04c1-424b-9868-57a2d4851a1d" relativeResultsDirectory="8372d4f4-6bb3-4355-9502-d42fc49c54bf" /><UnitTestResult executionId="cccccf7b-0c31-4141-aafd-8ab07bd1cdbe" testId="75676f90-eecb-448c-bef1-9f2e4caf4953" testName="Patch_InvalidIdPropertyReturnsNotFound" computerName="VECTOR" duration="00:00:00.0340000" startTime="2018-08-08T16:43:34.6283244-04:00" endTime="2018-08-08T16:43:34.6283301-04:00" testType="13cdc9d9-ddb5-4fa4-a97d-d965ccfc6d4b" outcome="Passed" testListId="8c84fa94-04c1-424b-9868-57a2d4851a1d" relativeResultsDirectory="cccccf7b-0c31-4141-aafd-8ab07bd1cdbe" /><UnitTestResult executionId="c76baddb-c18f-4308-a24f-f4197d05486d" testId="78bfd126-6261-4647-a5f7-bc0aa944581b" testName="Put_CanUpdateModel" computerName="VECTOR" duration="00:00:00.3180000" startTime="2018-08-08T16:43:41.1698282-04:00" endTime="2018-08-08T16:43:41.1698354-04:00" testType="13cdc9d9-ddb5-4fa4-a97d-d965ccfc6d4b" outcome="Passed" testListId="8c84fa94-04c1-424b-9868-57a2d4851a1d" relativeResultsDirectory="c76baddb-c18f-4308-a24f-f4197d05486d" /><UnitTestResult executionId="f7f41b6a-c958-4f3f-aeb6-3d8215af2d31" testId="eae8a4bc-c96b-470e-9c1b-bd7b55ce9475" testName="Put_InvalidIdReturnsNotFound" computerName="VECTOR" duration="00:00:00.0350000" startTime="2018-08-08T16:44:07.1689966-04:00" endTime="2018-08-08T16:44:07.1690033-04:00" testType="13cdc9d9-ddb5-4fa4-a97d-d965ccfc6d4b" outcome="Passed" testListId="8c84fa94-04c1-424b-9868-57a2d4851a1d" relativeResultsDirectory="f7f41b6a-c958-4f3f-aeb6-3d8215af2d31" /><UnitTestResult executionId="56e0a847-cbf8-43af-92fb-f05d0b1dddac" testId="1252bc45-7493-4be9-bfba-361a705a6b69" testName="Patch_InvalidIdPropertyReturnsNotFound" computerName="VECTOR" duration="00:00:00.0210000" startTime="2018-08-08T16:43:32.4059332-04:00" endTime="2018-08-08T16:43:32.4059404-04:00" testType="13cdc9d9-ddb5-4fa4-a97d-d965ccfc6d4b" outcome="Passed" testListId="8c84fa94-04c1-424b-9868-57a2d4851a1d" relativeResultsDirectory="56e0a847-cbf8-43af-92fb-f05d0b1dddac" /><UnitTestResult executionId="94d9fb0d-644c-4d4b-9ac3-cbb776839e94" testId="dba0ad69-60db-456b-9893-7f4d4be2bd85" testName="DepthBufferHasExpectedDependentFiles" computerName="VECTOR" duration="00:00:00.0010000" startTime="2018-08-08T16:43:30.1990696-04:00" endTime="2018-08-08T16:43:30.1990713-04:00" testType="13cdc9d9-ddb5-4fa4-a97d-d965ccfc6d4b" outcome="Passed" testListId="8c84fa94-04c1-424b-9868-57a2d4851a1d" relativeResultsDirectory="94d9fb0d-644c-4d4b-9ac3-cbb776839e94" /><UnitTestResult executionId="e88deea4-bc20-421d-9419-1a8ff98c9bbd" testId="a0b8cdfb-1efc-4591-9389-5fab8515978e" testName="PostFile_FileTimeStampIsUpdatedAfterFileIsPosted" computerName="VECTOR" duration="00:00:01.6170000" startTime="2018-08-08T16:43:52.4742721-04:00" endTime="2018-08-08T16:43:52.4742807-04:00" testType="13cdc9d9-ddb5-4fa4-a97d-d965ccfc6d4b" outcome="Passed" testListId="8c84fa94-04c1-424b-9868-57a2d4851a1d" relativeResultsDirectory="e88deea4-bc20-421d-9419-1a8ff98c9bbd" /><UnitTestResult executionId="83f4ec62-69fa-4e7c-b467-5f1620d4f8ca" testId="28d2507d-0bbb-4c6c-a3e5-d8dc6a77a440" testName="Post_InvalidReferencePropertyReturnsBadRequest" computerName="VECTOR" duration="00:00:00.0230000" startTime="2018-08-08T16:44:00.8104232-04:00" endTime="2018-08-08T16:44:00.8104278-04:00" testType="13cdc9d9-ddb5-4fa4-a97d-d965ccfc6d4b" outcome="Passed" testListId="8c84fa94-04c1-424b-9868-57a2d4851a1d" relativeResultsDirectory="83f4ec62-69fa-4e7c-b467-5f1620d4f8ca" /><UnitTestResult executionId="44538dff-f50a-4ff0-be8a-f15edee93db4" testId="27d31938-4fcf-423f-a9e9-884fd14957e9" testName="FileRequest_FileCanBeReadAfterRename" computerName="VECTOR" duration="00:00:00.4580000" startTime="2018-08-08T16:43:59.3903355-04:00" endTime="2018-08-08T16:43:59.3903469-04:00" testType="13cdc9d9-ddb5-4fa4-a97d-d965ccfc6d4b" outcome="Passed" testListId="8c84fa94-04c1-424b-9868-57a2d4851a1d" relativeResultsDirectory="44538dff-f50a-4ff0-be8a-f15edee93db4" /><UnitTestResult executionId="7b32e8ad-15c7-4147-9f46-60cfb8b9d3a8" testId="56c0e008-0b81-4277-9a9e-e1c843ea4514" testName="Patch_InvalidPropertyNameReturnsBadRequest" computerName="VECTOR" duration="00:00:00.0160000" startTime="2018-08-08T16:43:33.9182591-04:00" endTime="2018-08-08T16:43:33.9182647-04:00" testType="13cdc9d9-ddb5-4fa4-a97d-d965ccfc6d4b" outcome="Passed" testListId="8c84fa94-04c1-424b-9868-57a2d4851a1d" relativeResultsDirectory="7b32e8ad-15c7-4147-9f46-60cfb8b9d3a8" /><UnitTestResult executionId="506beacb-2e92-42cc-b1b0-375df22c62b5" testId="09d9cb3b-c049-4915-8ab0-df2df2f0b938" testName="Patch_InvalidPropertyNameReturnsBadRequest" computerName="VECTOR" duration="00:00:00.0270000" startTime="2018-08-08T16:43:38.7101907-04:00" endTime="2018-08-08T16:43:38.7101972-04:00" testType="13cdc9d9-ddb5-4fa4-a97d-d965ccfc6d4b" outcome="Passed" testListId="8c84fa94-04c1-424b-9868-57a2d4851a1d" relativeResultsDirectory="506beacb-2e92-42cc-b1b0-375df22c62b5" /><UnitTestResult executionId="0cda1ebd-8bfe-4e6d-8528-d45422e64926" testId="7a39a2cb-9095-4bd2-b640-7c7e70f44e1c" testName="MeshTransformHasExpectedDependentFiles" computerName="VECTOR" duration="00:00:00.0010000" startTime="2018-08-08T16:43:30.1955560-04:00" endTime="2018-08-08T16:43:30.1955577-04:00" testType="13cdc9d9-ddb5-4fa4-a97d-d965ccfc6d4b" outcome="Passed" testListId="8c84fa94-04c1-424b-9868-57a2d4851a1d" relativeResultsDirectory="0cda1ebd-8bfe-4e6d-8528-d45422e64926" /><UnitTestResult executionId="12f160a8-d957-44e8-8385-3584163a30bd" testId="f58354e8-c3c8-446f-b28a-8fa969d722cd" testName="Delete_TargetModelIsDeleted" computerName="VECTOR" duration="00:00:00.2300000" startTime="2018-08-08T16:43:35.5700690-04:00" endTime="2018-08-08T16:43:35.5700764-04:00" testType="13cdc9d9-ddb5-4fa4-a97d-d965ccfc6d4b" outcome="Passed" testListId="8c84fa94-04c1-424b-9868-57a2d4851a1d" relativeResultsDirectory="12f160a8-d957-44e8-8385-3584163a30bd" /><UnitTestResult executionId="0e9206ed-69f7-4b95-82ac-dca2098d052d" testId="5338a30d-5c74-4ce8-874c-b4f7cced9141" testName="Put_ValidReferencePropertyUpdatesModel" computerName="VECTOR" duration="00:00:00.3580000" startTime="2018-08-08T16:44:08.7641312-04:00" endTime="2018-08-08T16:44:08.7641373-04:00" testType="13cdc9d9-ddb5-4fa4-a97d-d965ccfc6d4b" outcome="Passed" testListId="8c84fa94-04c1-424b-9868-57a2d4851a1d" relativeResultsDirectory="0e9206ed-69f7-4b95-82ac-dca2098d052d" /><UnitTestResult executionId="98640ef8-42ad-4552-85e7-6465a72ddaff" testId="35e6d611-1de9-44ca-bb23-e6faca4a01be" testName="Patch_InvalidEnumPropertyValueReturnsBadRequest" computerName="VECTOR" duration="00:00:00.0420000" startTime="2018-08-08T16:43:59.4342794-04:00" endTime="2018-08-08T16:43:59.4342854-04:00" testType="13cdc9d9-ddb5-4fa4-a97d-d965ccfc6d4b" outcome="Passed" testListId="8c84fa94-04c1-424b-9868-57a2d4851a1d" relativeResultsDirectory="98640ef8-42ad-4552-85e7-6465a72ddaff" /><UnitTestResult executionId="574cef97-4533-409a-9829-b4bb85558374" testId="7ddfdb0c-5a9d-4a21-a523-353de685aa15" testName="Put_InvalidIdReturnsNotFound" computerName="VECTOR" duration="00:00:00.0510000" startTime="2018-08-08T16:43:33.9016411-04:00" endTime="2018-08-08T16:43:33.9016468-04:00" testType="13cdc9d9-ddb5-4fa4-a97d-d965ccfc6d4b" outcome="Passed" testListId="8c84fa94-04c1-424b-9868-57a2d4851a1d" relativeResultsDirectory="574cef97-4533-409a-9829-b4bb85558374" /><UnitTestResult executionId="7df5cf0b-e1d4-4d28-8f0f-abef947b374f" testId="6f93ead9-52df-40c5-a3f1-9d2bde0be261" testName="LucyCameraFindsAllDependents" computerName="VECTOR" duration="00:00:00.0080000" startTime="2018-08-08T16:43:30.1950312-04:00" endTime="2018-08-08T16:43:30.1950346-04:00" testType="13cdc9d9-ddb5-4fa4-a97d-d965ccfc6d4b" outcome="Passed" testListId="8c84fa94-04c1-424b-9868-57a2d4851a1d" relativeResultsDirectory="7df5cf0b-e1d4-4d28-8f0f-abef947b374f" /><UnitTestResult executionId="5158e135-3f20-49f6-9b00-840b3260e3d5" testId="39545cae-2c4f-43b3-be7b-eabd6fdb1d13" testName="PostFile_NewFileCanBePosted" computerName="VECTOR" duration="00:00:00.3050000" startTime="2018-08-08T16:43:37.9508489-04:00" endTime="2018-08-08T16:43:37.9508560-04:00" testType="13cdc9d9-ddb5-4fa4-a97d-d965ccfc6d4b" outcome="Passed" testListId="8c84fa94-04c1-424b-9868-57a2d4851a1d" relativeResultsDirectory="5158e135-3f20-49f6-9b00-840b3260e3d5" /><UnitTestResult executionId="cc37c9bc-b04b-40e6-961b-53905728ad55" testId="e56d9d36-726e-46e5-9a24-8b36770cb8d5" testName="Post_ValidReferencePropertyCreatesModel" computerName="VECTOR" duration="00:00:00.1730000" startTime="2018-08-08T16:44:07.9420020-04:00" endTime="2018-08-08T16:44:07.9420090-04:00" testType="13cdc9d9-ddb5-4fa4-a97d-d965ccfc6d4b" outcome="Passed" testListId="8c84fa94-04c1-424b-9868-57a2d4851a1d" relativeResultsDirectory="cc37c9bc-b04b-40e6-961b-53905728ad55" /><UnitTestResult executionId="0e5b0d1f-566a-4fdc-ba43-0894758a367e" testId="4769c294-8bb1-4cf8-8d54-c8842d5ba287" testName="Put_InvalidIdReturnsNotFound" computerName="VECTOR" duration="00:00:00.0320000" startTime="2018-08-08T16:44:00.8684353-04:00" endTime="2018-08-08T16:44:00.8684404-04:00" testType="13cdc9d9-ddb5-4fa4-a97d-d965ccfc6d4b" outcome="Passed" testListId="8c84fa94-04c1-424b-9868-57a2d4851a1d" relativeResultsDirectory="0e5b0d1f-566a-4fdc-ba43-0894758a367e" /><UnitTestResult executionId="f6106271-f0da-4089-81c9-1dfd5b9e8d4f" testId="4cc2c523-cdf5-431b-890f-113ec7a02de5" testName="GetFile_NonExistentFileReturnsNotFound" computerName="VECTOR" duration="00:00:00.0350000" startTime="2018-08-08T16:43:46.2631728-04:00" endTime="2018-08-08T16:43:46.2631791-04:00" testType="13cdc9d9-ddb5-4fa4-a97d-d965ccfc6d4b" outcome="Passed" testListId="8c84fa94-04c1-424b-9868-57a2d4851a1d" relativeResultsDirectory="f6106271-f0da-4089-81c9-1dfd5b9e8d4f" /><UnitTestResult executionId="ba9559ac-229c-4e7d-9e17-75e3c573bb53" testId="21791dbf-f7c6-47bb-95fd-45c217a0a083" testName="Patch_InvalidPropertyNameReturnsBadRequest" computerName="VECTOR" duration="00:00:00.0200000" startTime="2018-08-08T16:43:59.4850735-04:00" endTime="2018-08-08T16:43:59.4850800-04:00" testType="13cdc9d9-ddb5-4fa4-a97d-d965ccfc6d4b" outcome="Passed" testListId="8c84fa94-04c1-424b-9868-57a2d4851a1d" relativeResultsDirectory="ba9559ac-229c-4e7d-9e17-75e3c573bb53" /><UnitTestResult executionId="8770f547-1863-4e9d-8276-7dfa81bab468" testId="e72df6cd-fbb7-456c-82f0-455be92454ca" testName="PostFile_NewFileCanBePosted" computerName="VECTOR" duration="00:00:00.3080000" startTime="2018-08-08T16:44:06.5911723-04:00" endTime="2018-08-08T16:44:06.5911805-04:00" testType="13cdc9d9-ddb5-4fa4-a97d-d965ccfc6d4b" outcome="Passed" testListId="8c84fa94-04c1-424b-9868-57a2d4851a1d" relativeResultsDirectory="8770f547-1863-4e9d-8276-7dfa81bab468" /><UnitTestResult executionId="2a2cdef5-fbca-46eb-a779-99dfb6c54626" testId="65795621-9722-41bd-9275-73fde7d08eee" testName="Put_InvalidIdReturnsNotFound" computerName="VECTOR" duration="00:00:00.0520000" startTime="2018-08-08T16:43:31.9711688-04:00" endTime="2018-08-08T16:43:31.9711801-04:00" testType="13cdc9d9-ddb5-4fa4-a97d-d965ccfc6d4b" outcome="Passed" testListId="8c84fa94-04c1-424b-9868-57a2d4851a1d" relativeResultsDirectory="2a2cdef5-fbca-46eb-a779-99dfb6c54626" /><UnitTestResult executionId="042255b4-c332-491e-9b13-c9e118aa042c" testId="69fae97a-4799-4c27-891c-92aa981830a7" testName="Patch_MultipleInvalidReferencePropertiesReturnsMultipleValidationErrorsAndBadRequest" computerName="VECTOR" duration="00:00:00.0140000" startTime="2018-08-08T16:43:32.3690068-04:00" endTime="2018-08-08T16:43:32.3690121-04:00" testType="13cdc9d9-ddb5-4fa4-a97d-d965ccfc6d4b" outcome="Passed" testListId="8c84fa94-04c1-424b-9868-57a2d4851a1d" relativeResultsDirectory="042255b4-c332-491e-9b13-c9e118aa042c" /><UnitTestResult executionId="b8ec7540-bb80-4698-9ca6-36c99d87928a" testId="bd3ee54e-54a4-49ba-9d22-219aa8c8166e" testName="GetFile_ExistingFileReturnsSuccess" computerName="VECTOR" duration="00:00:00.0850000" startTime="2018-08-08T16:44:01.8786345-04:00" endTime="2018-08-08T16:44:01.8786459-04:00" testType="13cdc9d9-ddb5-4fa4-a97d-d965ccfc6d4b" outcome="Passed" testListId="8c84fa94-04c1-424b-9868-57a2d4851a1d" relativeResultsDirectory="b8ec7540-bb80-4698-9ca6-36c99d87928a" /><UnitTestResult executionId="d2cfcef6-f041-46dc-891a-097a4286dbf3" testId="9a7f7616-2585-4c5e-b65e-06f0e0348165" testName="Post_InvalidReferencePropertyReturnsBadRequest" computerName="VECTOR" duration="00:00:00.0190000" startTime="2018-08-08T16:43:41.2357341-04:00" endTime="2018-08-08T16:43:41.2357395-04:00" testType="13cdc9d9-ddb5-4fa4-a97d-d965ccfc6d4b" outcome="Passed" testListId="8c84fa94-04c1-424b-9868-57a2d4851a1d" relativeResultsDirectory="d2cfcef6-f041-46dc-891a-097a4286dbf3" /><UnitTestResult executionId="86448619-f225-4ce0-9e99-8ac34f15ddcd" testId="173a2f97-6cbe-40f6-bf40-4e6df4d99a71" testName="Post_InvalidReferencePropertyReturnsBadRequest" computerName="VECTOR" duration="00:00:00.0120000" startTime="2018-08-08T16:43:31.0062095-04:00" endTime="2018-08-08T16:43:31.0062129-04:00" testType="13cdc9d9-ddb5-4fa4-a97d-d965ccfc6d4b" outcome="Passed" testListId="8c84fa94-04c1-424b-9868-57a2d4851a1d" relativeResultsDirectory="86448619-f225-4ce0-9e99-8ac34f15ddcd" /><UnitTestResult executionId="34a05675-defe-46f8-abf7-1f5347294d7e" testId="e0835d5b-a9d3-4dae-a7da-543dd330c5ee" testName="GetFile_FileCanBeRoundTripped" computerName="VECTOR" duration="00:00:00.3410000" startTime="2018-08-08T16:44:06.9330782-04:00" endTime="2018-08-08T16:44:06.9330848-04:00" testType="13cdc9d9-ddb5-4fa4-a97d-d965ccfc6d4b" outcome="Passed" testListId="8c84fa94-04c1-424b-9868-57a2d4851a1d" relativeResultsDirectory="34a05675-defe-46f8-abf7-1f5347294d7e" /><UnitTestResult executionId="d1d5ded2-cf85-407d-ae0c-ca9de13c1c4c" testId="ef4a5f89-8b92-4212-81b2-a51f262c72c9" testName="Model3dHasExpectedDependentFiles" computerName="VECTOR" duration="00:00:00.0380000" startTime="2018-08-08T16:43:29.7615463-04:00" endTime="2018-08-08T16:43:29.7615536-04:00" testType="13cdc9d9-ddb5-4fa4-a97d-d965ccfc6d4b" outcome="Passed" testListId="8c84fa94-04c1-424b-9868-57a2d4851a1d" relativeResultsDirectory="d1d5ded2-cf85-407d-ae0c-ca9de13c1c4c" /><UnitTestResult executionId="c2b30a29-26b3-453e-976f-dc007fbfb410" testId="d8c08a77-b624-4421-b340-89dd9eb35bed" testName="Patch_InvalidIdPropertyReturnsNotFound" computerName="VECTOR" duration="00:00:00.0170000" startTime="2018-08-08T16:43:40.1833818-04:00" endTime="2018-08-08T16:43:40.1833866-04:00" testType="13cdc9d9-ddb5-4fa4-a97d-d965ccfc6d4b" outcome="Passed" testListId="8c84fa94-04c1-424b-9868-57a2d4851a1d" relativeResultsDirectory="c2b30a29-26b3-453e-976f-dc007fbfb410" /><UnitTestResult executionId="f01c2a91-0d80-47a1-9589-1e9970f4cc92" testId="d65a605f-e7ab-4247-a7da-4e06327645c6" testName="PutFile_FileCanBeUpdated" computerName="VECTOR" duration="00:00:00.5410000" startTime="2018-08-08T16:43:36.5119128-04:00" endTime="2018-08-08T16:43:36.5119212-04:00" testType="13cdc9d9-ddb5-4fa4-a97d-d965ccfc6d4b" outcome="Passed" testListId="8c84fa94-04c1-424b-9868-57a2d4851a1d" relativeResultsDirectory="f01c2a91-0d80-47a1-9589-1e9970f4cc92" /><UnitTestResult executionId="a1623fa8-e15b-47ad-8498-7e03ea2a8ac3" testId="c7c9f3a1-74d4-457f-871c-86f2472820cf" testName="Post_ValidReferencePropertyCreatesModel" computerName="VECTOR" duration="00:00:00.3750000" startTime="2018-08-08T16:43:35.0035044-04:00" endTime="2018-08-08T16:43:35.0035112-04:00" testType="13cdc9d9-ddb5-4fa4-a97d-d965ccfc6d4b" outcome="Passed" testListId="8c84fa94-04c1-424b-9868-57a2d4851a1d" relativeResultsDirectory="a1623fa8-e15b-47ad-8498-7e03ea2a8ac3" /><UnitTestResult executionId="ef235d98-8ebc-4af6-b35d-cce8283c90cb" testId="c516e3b8-6e83-45df-bb1c-4911014db7fb" testName="GetSingle_ValidIdPropertyValueReturnsCorrectModel" computerName="VECTOR" duration="00:00:00.0320000" startTime="2018-08-08T16:43:46.1516181-04:00" endTime="2018-08-08T16:43:46.1516242-04:00" testType="13cdc9d9-ddb5-4fa4-a97d-d965ccfc6d4b" outcome="Passed" testListId="8c84fa94-04c1-424b-9868-57a2d4851a1d" relativeResultsDirectory="ef235d98-8ebc-4af6-b35d-cce8283c90cb" /><UnitTestResult executionId="8dea2734-7bb6-4b72-b7c1-cb7a590a15e6" testId="a5f4f2a7-7826-46d7-9734-af092fe2ca90" testName="Patch_TargetPropertyIsUpdated" computerName="VECTOR" duration="00:00:00.3070000" startTime="2018-08-08T16:43:31.7012298-04:00" endTime="2018-08-08T16:43:31.7012369-04:00" testType="13cdc9d9-ddb5-4fa4-a97d-d965ccfc6d4b" outcome="Passed" testListId="8c84fa94-04c1-424b-9868-57a2d4851a1d" relativeResultsDirectory="8dea2734-7bb6-4b72-b7c1-cb7a590a15e6" /><UnitTestResult executionId="066830b3-0e14-41fe-bb72-644e8fc6a7d4" testId="f0d1155e-01c3-4570-b279-7bbb1f3a52a3" testName="Delete_TargetModelIsDeleted" computerName="VECTOR" duration="00:00:00.3870000" startTime="2018-08-08T16:43:31.3939777-04:00" endTime="2018-08-08T16:43:31.3939844-04:00" testType="13cdc9d9-ddb5-4fa4-a97d-d965ccfc6d4b" outcome="Passed" testListId="8c84fa94-04c1-424b-9868-57a2d4851a1d" relativeResultsDirectory="066830b3-0e14-41fe-bb72-644e8fc6a7d4" /><UnitTestResult executionId="b81f6044-38ab-46c2-8718-6bc008782906" testId="5d71c976-b95f-4cfc-89fd-00402ae0228d" testName="GetList_ListReturnsCorrectCount" computerName="VECTOR" duration="00:00:00.0250000" startTime="2018-08-08T16:44:07.3785583-04:00" endTime="2018-08-08T16:44:07.3785643-04:00" testType="13cdc9d9-ddb5-4fa4-a97d-d965ccfc6d4b" outcome="Passed" testListId="8c84fa94-04c1-424b-9868-57a2d4851a1d" relativeResultsDirectory="b81f6044-38ab-46c2-8718-6bc008782906" /><UnitTestResult executionId="bafbbf15-6a96-44ae-9318-ad33dbf9b213" testId="2b6ddc5c-b18a-4d24-bfaa-18ce11db506d" testName="GetSingle_ValidIdPropertyValueReturnsCorrectModel" computerName="VECTOR" duration="00:00:00.0250000" startTime="2018-08-08T16:44:00.8360451-04:00" endTime="2018-08-08T16:44:00.8360500-04:00" testType="13cdc9d9-ddb5-4fa4-a97d-d965ccfc6d4b" outcome="Passed" testListId="8c84fa94-04c1-424b-9868-57a2d4851a1d" relativeResultsDirectory="bafbbf15-6a96-44ae-9318-ad33dbf9b213" /><UnitTestResult executionId="be405c19-9cc8-4e79-ad8a-b08af6ad0985" testId="dd578e51-d6ff-4f71-9870-c96fe3a9fc9f" testName="Patch_MultipleInvalidReferencePropertiesReturnsMultipleValidationErrorsAndBadRequest" computerName="VECTOR" duration="00:00:00.0640000" startTime="2018-08-08T16:43:35.0680382-04:00" endTime="2018-08-08T16:43:35.0680457-04:00" testType="13cdc9d9-ddb5-4fa4-a97d-d965ccfc6d4b" outcome="Passed" testListId="8c84fa94-04c1-424b-9868-57a2d4851a1d" relativeResultsDirectory="be405c19-9cc8-4e79-ad8a-b08af6ad0985" /><UnitTestResult executionId="a94412d5-2b8d-427a-98b4-b9c849f0e8ed" testId="4e334d33-6530-47a8-91eb-61f43d936c71" testName="GetFile_ExistingFileReturnsSuccess" computerName="VECTOR" duration="00:00:00.5420000" startTime="2018-08-08T16:43:37.0542577-04:00" endTime="2018-08-08T16:43:37.0542664-04:00" testType="13cdc9d9-ddb5-4fa4-a97d-d965ccfc6d4b" outcome="Passed" testListId="8c84fa94-04c1-424b-9868-57a2d4851a1d" relativeResultsDirectory="a94412d5-2b8d-427a-98b4-b9c849f0e8ed" /><UnitTestResult executionId="a430d963-a26f-47ea-b47f-d9bdb8730936" testId="6108062f-67a1-4ce6-8cbf-0ce804570bd9" testName="GetSingle_ValidIdPropertyValueReturnsCorrectModel" computerName="VECTOR" duration="00:00:00.0210000" startTime="2018-08-08T16:43:41.2160151-04:00" endTime="2018-08-08T16:43:41.2160220-04:00" testType="13cdc9d9-ddb5-4fa4-a97d-d965ccfc6d4b" outcome="Passed" testListId="8c84fa94-04c1-424b-9868-57a2d4851a1d" relativeResultsDirectory="a430d963-a26f-47ea-b47f-d9bdb8730936" /><UnitTestResult executionId="9eed650a-a52a-4e71-abd4-8482012d724a" testId="4334c144-55e4-47e8-b620-4d87f7fc7935" testName="GetFile_FileCanBeRoundTripped" computerName="VECTOR" duration="00:00:00.4440000" startTime="2018-08-08T16:43:50.2855188-04:00" endTime="2018-08-08T16:43:50.2855317-04:00" testType="13cdc9d9-ddb5-4fa4-a97d-d965ccfc6d4b" outcome="Passed" testListId="8c84fa94-04c1-424b-9868-57a2d4851a1d" relativeResultsDirectory="9eed650a-a52a-4e71-abd4-8482012d724a" /><UnitTestResult executionId="0e8f30f4-22e2-4590-a97d-1d499c21d39b" testId="d402e587-787e-4e31-92e8-b55fd77ee265" testName="Put_InvalidReferencePropertyReturndBadRequest" computerName="VECTOR" duration="00:00:00.0510000" startTime="2018-08-08T16:43:46.2033032-04:00" endTime="2018-08-08T16:43:46.2033129-04:00" testType="13cdc9d9-ddb5-4fa4-a97d-d965ccfc6d4b" outcome="Passed" testListId="8c84fa94-04c1-424b-9868-57a2d4851a1d" relativeResultsDirectory="0e8f30f4-22e2-4590-a97d-1d499c21d39b" /><UnitTestResult executionId="bf5c4612-f843-442a-aebf-3ee00bf7e03f" testId="19749891-9f11-4e08-beaf-4853ca988952" testName="Post_InvalidPropertyValueReturnsBadRequest" computerName="VECTOR" duration="00:00:00.0380000" startTime="2018-08-08T16:43:39.9423751-04:00" endTime="2018-08-08T16:43:39.9423827-04:00" testType="13cdc9d9-ddb5-4fa4-a97d-d965ccfc6d4b" outcome="Passed" testListId="8c84fa94-04c1-424b-9868-57a2d4851a1d" relativeResultsDirectory="bf5c4612-f843-442a-aebf-3ee00bf7e03f" /><UnitTestResult executionId="15a16f08-1949-4548-96f6-6a77b4fb12b9" testId="b2943ae6-d09e-437e-950a-54fef149cf64" testName="Patch_InvalidReferencePropertyReturnsBadRequest" computerName="VECTOR" duration="00:00:00.0350000" startTime="2018-08-08T16:43:39.5191624-04:00" endTime="2018-08-08T16:43:39.5191687-04:00" testType="13cdc9d9-ddb5-4fa4-a97d-d965ccfc6d4b" outcome="Passed" testListId="8c84fa94-04c1-424b-9868-57a2d4851a1d" relativeResultsDirectory="15a16f08-1949-4548-96f6-6a77b4fb12b9" /><UnitTestResult executionId="56c0d2af-609f-445f-ab42-5434d36e179e" testId="ddb39b5b-70bb-420d-b782-f094e6752d9a" testName="Post_InvalidReferencePropertyReturnsBadRequest" computerName="VECTOR" duration="00:00:00.0210000" startTime="2018-08-08T16:44:07.4329809-04:00" endTime="2018-08-08T16:44:07.4329864-04:00" testType="13cdc9d9-ddb5-4fa4-a97d-d965ccfc6d4b" outcome="Passed" testListId="8c84fa94-04c1-424b-9868-57a2d4851a1d" relativeResultsDirectory="56c0d2af-609f-445f-ab42-5434d36e179e" /><UnitTestResult executionId="71e3cbce-67b3-4f75-b366-a3c1cff7b39a" testId="f955143f-ed17-4c5f-8e46-d860e912714b" testName="Post_CanCreateNewModel" computerName="VECTOR" duration="00:00:00.1880000" startTime="2018-08-08T16:43:35.3008004-04:00" endTime="2018-08-08T16:43:35.3008068-04:00" testType="13cdc9d9-ddb5-4fa4-a97d-d965ccfc6d4b" outcome="Passed" testListId="8c84fa94-04c1-424b-9868-57a2d4851a1d" relativeResultsDirectory="71e3cbce-67b3-4f75-b366-a3c1cff7b39a" /><UnitTestResult executionId="b5e52f2b-90e2-4408-8e07-10e052b6de34" testId="ce6c2368-1e0f-49be-ac29-eb7679c0a64e" testName="FileRequest_MeshIsInvalidatedAfterDepthBufferFileBecomesUnsynchronized" computerName="VECTOR" duration="00:00:03.2400000" startTime="2018-08-08T16:43:49.8406122-04:00" endTime="2018-08-08T16:43:49.8406194-04:00" testType="13cdc9d9-ddb5-4fa4-a97d-d965ccfc6d4b" outcome="Passed" testListId="8c84fa94-04c1-424b-9868-57a2d4851a1d" relativeResultsDirectory="b5e52f2b-90e2-4408-8e07-10e052b6de34" /><UnitTestResult executionId="e1d2d6a9-2c92-4dc6-963c-be4e1f210565" testId="de238f4e-d8f7-487e-a589-9cd371c2e221" testName="Post_ValidReferencePropertyCreatesModel" computerName="VECTOR" duration="00:00:00.1910000" startTime="2018-08-08T16:43:40.1340619-04:00" endTime="2018-08-08T16:43:40.1340693-04:00" testType="13cdc9d9-ddb5-4fa4-a97d-d965ccfc6d4b" outcome="Passed" testListId="8c84fa94-04c1-424b-9868-57a2d4851a1d" relativeResultsDirectory="e1d2d6a9-2c92-4dc6-963c-be4e1f210565" /><UnitTestResult executionId="3128be14-15a8-4967-b692-e1649e9e669b" testId="8feaa25b-565f-42fb-ae6d-ce8f3e932341" testName="Post_InvalidPropertyValueReturnsBadRequest" computerName="VECTOR" duration="00:00:00.0180000" startTime="2018-08-08T16:44:00.8864612-04:00" endTime="2018-08-08T16:44:00.8864731-04:00" testType="13cdc9d9-ddb5-4fa4-a97d-d965ccfc6d4b" outcome="Passed" testListId="8c84fa94-04c1-424b-9868-57a2d4851a1d" relativeResultsDirectory="3128be14-15a8-4967-b692-e1649e9e669b" /><UnitTestResult executionId="12e93266-f13f-4bfb-8301-130c34da35b5" testId="e64c0c27-07ec-4337-b3da-f71e139642a3" testName="Put_ValidReferencePropertyUpdatesModel" computerName="VECTOR" duration="00:00:00.3220000" startTime="2018-08-08T16:43:44.8169192-04:00" endTime="2018-08-08T16:43:44.8169265-04:00" testType="13cdc9d9-ddb5-4fa4-a97d-d965ccfc6d4b" outcome="Passed" testListId="8c84fa94-04c1-424b-9868-57a2d4851a1d" relativeResultsDirectory="12e93266-f13f-4bfb-8301-130c34da35b5" /><UnitTestResult executionId="d1f105a4-f6eb-48e9-aa9c-ecaf5b09be5c" testId="7c705512-9dc5-405f-8985-543d2b244779" testName="GetList_ListReturnsCorrectCount" computerName="VECTOR" duration="00:00:00.0290000" startTime="2018-08-08T16:43:59.4642176-04:00" endTime="2018-08-08T16:43:59.4642237-04:00" testType="13cdc9d9-ddb5-4fa4-a97d-d965ccfc6d4b" outcome="Passed" testListId="8c84fa94-04c1-424b-9868-57a2d4851a1d" relativeResultsDirectory="d1f105a4-f6eb-48e9-aa9c-ecaf5b09be5c" /><UnitTestResult executionId="c313db84-21cf-4400-b65c-38fc541fd343" testId="e31c5295-7a5c-43ad-9821-1fe9e8192737" testName="PostFile_FileTimeStampIsUpdatedAfterFileIsPosted" computerName="VECTOR" duration="00:00:01.5210000" startTime="2018-08-08T16:44:03.4001336-04:00" endTime="2018-08-08T16:44:03.4001406-04:00" testType="13cdc9d9-ddb5-4fa4-a97d-d965ccfc6d4b" outcome="Passed" testListId="8c84fa94-04c1-424b-9868-57a2d4851a1d" relativeResultsDirectory="c313db84-21cf-4400-b65c-38fc541fd343" /><UnitTestResult executionId="e43c0f8b-e99c-42ee-8f6c-a41b2ce06e91" testId="c694a544-50bf-404b-889c-c5f1cdbf331c" testName="GetSingle_ValidIdPropertyValueReturnsCorrectModel" computerName="VECTOR" duration="00:00:00.0210000" startTime="2018-08-08T16:43:33.9549456-04:00" endTime="2018-08-08T16:43:33.9549508-04:00" testType="13cdc9d9-ddb5-4fa4-a97d-d965ccfc6d4b" outcome="Passed" testListId="8c84fa94-04c1-424b-9868-57a2d4851a1d" relativeResultsDirectory="e43c0f8b-e99c-42ee-8f6c-a41b2ce06e91" /><UnitTestResult executionId="71c46ce3-6c05-4c39-97bf-8009e35a7d62" testId="f58f95dd-1898-4c97-997a-ba76d4dacb38" testName="PutFile_NewFileCanBePut" computerName="VECTOR" duration="00:00:00.3360000" startTime="2018-08-08T16:43:46.5997878-04:00" endTime="2018-08-08T16:43:46.5997951-04:00" testType="13cdc9d9-ddb5-4fa4-a97d-d965ccfc6d4b" outcome="Passed" testListId="8c84fa94-04c1-424b-9868-57a2d4851a1d" relativeResultsDirectory="71c46ce3-6c05-4c39-97bf-8009e35a7d62" /><UnitTestResult executionId="1afcd034-771e-4790-9079-da396e2426bc" testId="d27a5925-a91c-4db8-a928-610575a99bba" testName="LucyDepthBufferFindsOneDependent" computerName="VECTOR" duration="00:00:00.0030000" startTime="2018-08-08T16:43:30.1988038-04:00" endTime="2018-08-08T16:43:30.1988068-04:00" testType="13cdc9d9-ddb5-4fa4-a97d-d965ccfc6d4b" outcome="Passed" testListId="8c84fa94-04c1-424b-9868-57a2d4851a1d" relativeResultsDirectory="1afcd034-771e-4790-9079-da396e2426bc" /><UnitTestResult executionId="90af38b6-a283-4558-8a3a-61d9b7fc12a8" testId="d2ad1572-6c68-439e-8126-2d89931ccd16" testName="PostFile_FileIsSynchronizedIsUpdatedAfterFileIsPosted" computerName="VECTOR" duration="00:00:00.3320000" startTime="2018-08-08T16:44:06.2828885-04:00" endTime="2018-08-08T16:44:06.2828951-04:00" testType="13cdc9d9-ddb5-4fa4-a97d-d965ccfc6d4b" outcome="Passed" testListId="8c84fa94-04c1-424b-9868-57a2d4851a1d" relativeResultsDirectory="90af38b6-a283-4558-8a3a-61d9b7fc12a8" /><UnitTestResult executionId="f599cd1d-25f4-44b5-9c90-bc4622829d85" testId="70933080-f672-4119-8832-6ad336ade6fa" testName="Patch_InvalidPropertyNameReturnsBadRequest" computerName="VECTOR" duration="00:00:00.0290000" startTime="2018-08-08T16:43:45.4501635-04:00" endTime="2018-08-08T16:43:45.4501689-04:00" testType="13cdc9d9-ddb5-4fa4-a97d-d965ccfc6d4b" outcome="Passed" testListId="8c84fa94-04c1-424b-9868-57a2d4851a1d" relativeResultsDirectory="f599cd1d-25f4-44b5-9c90-bc4622829d85" /><UnitTestResult executionId="02c4ea22-452a-4bfe-9cfd-aa6b13890ecf" testId="0cc9b6fd-2d07-464a-8923-39d214b9d089" testName="Patch_MultipleInvalidReferencePropertiesReturnsMultipleValidationErrorsAndBadRequest" computerName="VECTOR" duration="00:00:00.0350000" startTime="2018-08-08T16:44:00.7864565-04:00" endTime="2018-08-08T16:44:00.7864625-04:00" testType="13cdc9d9-ddb5-4fa4-a97d-d965ccfc6d4b" outcome="Passed" testListId="8c84fa94-04c1-424b-9868-57a2d4851a1d" relativeResultsDirectory="02c4ea22-452a-4bfe-9cfd-aa6b13890ecf" /><UnitTestResult executionId="5ad2ce49-4073-41a2-9864-b9a053d7942d" testId="74f59eb5-686f-4517-9786-31d6e8ef1bdd" testName="Patch_InvalidReferencePropertyReturnsBadRequest" computerName="VECTOR" duration="00:00:00.0530000" startTime="2018-08-08T16:43:45.4208859-04:00" endTime="2018-08-08T16:43:45.4208917-04:00" testType="13cdc9d9-ddb5-4fa4-a97d-d965ccfc6d4b" outcome="Passed" testListId="8c84fa94-04c1-424b-9868-57a2d4851a1d" relativeResultsDirectory="5ad2ce49-4073-41a2-9864-b9a053d7942d" /><UnitTestResult executionId="9a635fb0-dc41-49ab-92ce-e7008f9e7790" testId="dede7114-b2c4-4d29-b898-7a11a90c06a9" testName="Patch_InvalidPropertyNameReturnsBadRequest" computerName="VECTOR" duration="00:00:00.0160000" startTime="2018-08-08T16:44:08.0331073-04:00" endTime="2018-08-08T16:44:08.0331117-04:00" testType="13cdc9d9-ddb5-4fa4-a97d-d965ccfc6d4b" outcome="Passed" testListId="8c84fa94-04c1-424b-9868-57a2d4851a1d" relativeResultsDirectory="9a635fb0-dc41-49ab-92ce-e7008f9e7790" /><UnitTestResult executionId="8f2fbd30-0e62-48b6-a9c1-26e0cc8422f7" testId="de0c21e1-9536-4d1a-bdc8-f8b5289fd773" testName="PutFile_FileCanBeUpdated" computerName="VECTOR" duration="00:00:00.4910000" startTime="2018-08-08T16:43:50.7769234-04:00" endTime="2018-08-08T16:43:50.7769302-04:00" testType="13cdc9d9-ddb5-4fa4-a97d-d965ccfc6d4b" outcome="Passed" testListId="8c84fa94-04c1-424b-9868-57a2d4851a1d" relativeResultsDirectory="8f2fbd30-0e62-48b6-a9c1-26e0cc8422f7" /><UnitTestResult executionId="0a26452b-71ca-42be-a58b-759f17bec718" testId="c526a8e3-3006-4193-9008-3570898c1fbc" testName="Patch_ValidReferencePropertyUpdatesModel" computerName="VECTOR" duration="00:00:01.1160000" startTime="2018-08-08T16:43:43.6698803-04:00" endTime="2018-08-08T16:43:43.6698875-04:00" testType="13cdc9d9-ddb5-4fa4-a97d-d965ccfc6d4b" outcome="Passed" testListId="8c84fa94-04c1-424b-9868-57a2d4851a1d" relativeResultsDirectory="0a26452b-71ca-42be-a58b-759f17bec718" /><UnitTestResult executionId="1f0a55bd-4dad-4a56-b1b2-534f9901c88a" testId="5dbcebe4-27f7-4a85-8bd3-1fdd77531239" testName="Patch_InvalidReferencePropertyReturnsBadRequest" computerName="VECTOR" duration="00:00:00.0380000" startTime="2018-08-08T16:43:35.3396901-04:00" endTime="2018-08-08T16:43:35.3397049-04:00" testType="13cdc9d9-ddb5-4fa4-a97d-d965ccfc6d4b" outcome="Passed" testListId="8c84fa94-04c1-424b-9868-57a2d4851a1d" relativeResultsDirectory="1f0a55bd-4dad-4a56-b1b2-534f9901c88a" /><UnitTestResult executionId="0dfa9063-02ce-4404-a860-79dac682cac5" testId="46d95a79-4fe4-4884-aec2-25f29cc09e35" testName="GetFile_NonExistentFileReturnsNotFound" computerName="VECTOR" duration="00:00:00.0270000" startTime="2018-08-08T16:44:05.6324595-04:00" endTime="2018-08-08T16:44:05.6324720-04:00" testType="13cdc9d9-ddb5-4fa4-a97d-d965ccfc6d4b" outcome="Passed" testListId="8c84fa94-04c1-424b-9868-57a2d4851a1d" relativeResultsDirectory="0dfa9063-02ce-4404-a860-79dac682cac5" /><UnitTestResult executionId="c9d7d58f-7d7d-4093-ba83-f702ec371703" testId="f4aef96d-bda9-4a5b-8420-f616b76816ff" testName="Patch_InvalidEnumPropertyValueReturnsBadRequest" computerName="VECTOR" duration="00:00:00.0140000" startTime="2018-08-08T16:44:07.3925302-04:00" endTime="2018-08-08T16:44:07.3925370-04:00" testType="13cdc9d9-ddb5-4fa4-a97d-d965ccfc6d4b" outcome="Passed" testListId="8c84fa94-04c1-424b-9868-57a2d4851a1d" relativeResultsDirectory="c9d7d58f-7d7d-4093-ba83-f702ec371703" /><UnitTestResult executionId="c8725fc3-0a74-4228-bbb4-f1b5097705bc" testId="0e45f90f-a7a6-4777-8645-d7a100791748" testName="GetFile_FileCanBeRoundTripped" computerName="VECTOR" duration="00:00:00.4320000" startTime="2018-08-08T16:43:38.3834996-04:00" endTime="2018-08-08T16:43:38.3835060-04:00" testType="13cdc9d9-ddb5-4fa4-a97d-d965ccfc6d4b" outcome="Passed" testListId="8c84fa94-04c1-424b-9868-57a2d4851a1d" relativeResultsDirectory="c8725fc3-0a74-4228-bbb4-f1b5097705bc" /><UnitTestResult executionId="dc3440c7-77b6-4c10-b4ae-5e7de4b11d9a" testId="e61e9007-6899-4ca2-9556-66029565b81c" testName="GetSingle_InvalidIdPropertyValueReturnsNotFound" computerName="VECTOR" duration="00:00:00.0310000" startTime="2018-08-08T16:44:01.2711464-04:00" endTime="2018-08-08T16:44:01.2711587-04:00" testType="13cdc9d9-ddb5-4fa4-a97d-d965ccfc6d4b" outcome="Passed" testListId="8c84fa94-04c1-424b-9868-57a2d4851a1d" relativeResultsDirectory="dc3440c7-77b6-4c10-b4ae-5e7de4b11d9a" /><UnitTestResult executionId="c0c00f73-237e-44b7-b394-4c6c9b0bd6a8" testId="4c92343b-40ef-46f2-9f07-b0fa6f2490a0" testName="Post_InvalidPropertyValueReturnsBadRequest" computerName="VECTOR" duration="00:00:00.0240000" startTime="2018-08-08T16:43:46.2276700-04:00" endTime="2018-08-08T16:43:46.2276768-04:00" testType="13cdc9d9-ddb5-4fa4-a97d-d965ccfc6d4b" outcome="Passed" testListId="8c84fa94-04c1-424b-9868-57a2d4851a1d" relativeResultsDirectory="c0c00f73-237e-44b7-b394-4c6c9b0bd6a8" /><UnitTestResult executionId="452347b9-4cb1-44a4-82a8-0fc4ca38d908" testId="38ece759-a1c7-48a6-86df-34a46b04bb4a" testName="Put_CanUpdateModel" computerName="VECTOR" duration="00:00:00.2910000" startTime="2018-08-08T16:44:07.7242865-04:00" endTime="2018-08-08T16:44:07.7242934-04:00" testType="13cdc9d9-ddb5-4fa4-a97d-d965ccfc6d4b" outcome="Passed" testListId="8c84fa94-04c1-424b-9868-57a2d4851a1d" relativeResultsDirectory="452347b9-4cb1-44a4-82a8-0fc4ca38d908" /><UnitTestResult executionId="bc7a2e7c-0ac4-4820-9962-f0af1fd27fb0" testId="0655b8cf-bfd2-4258-960d-cfae28204bf5" testName="Put_CanUpdateModel" computerName="VECTOR" duration="00:00:00.3030000" startTime="2018-08-08T16:44:01.7925713-04:00" endTime="2018-08-08T16:44:01.7925781-04:00" testType="13cdc9d9-ddb5-4fa4-a97d-d965ccfc6d4b" outcome="Passed" testListId="8c84fa94-04c1-424b-9868-57a2d4851a1d" relativeResultsDirectory="bc7a2e7c-0ac4-4820-9962-f0af1fd27fb0" /><UnitTestResult executionId="9c9929e4-8191-41ab-b509-fbe21359fcb4" testId="521aa317-26a6-45d9-bdb1-67c07ecc205c" testName="Post_CanCreateNewModel" computerName="VECTOR" duration="00:00:00.1920000" startTime="2018-08-08T16:43:45.3676170-04:00" endTime="2018-08-08T16:43:45.3676234-04:00" testType="13cdc9d9-ddb5-4fa4-a97d-d965ccfc6d4b" outcome="Passed" testListId="8c84fa94-04c1-424b-9868-57a2d4851a1d" relativeResultsDirectory="9c9929e4-8191-41ab-b509-fbe21359fcb4" /><UnitTestResult executionId="5bbe1edd-a081-446b-a238-c8836a7787f7" testId="61dfd635-0508-4fa3-904c-774cc79a2331" testName="PostFile_FileTimeStampIsUpdatedAfterFileIsPosted" computerName="VECTOR" duration="00:00:00.0140000" startTime="2018-08-08T16:43:35.6274368-04:00" endTime="2018-08-08T16:43:35.6274406-04:00" testType="13cdc9d9-ddb5-4fa4-a97d-d965ccfc6d4b" outcome="Passed" testListId="8c84fa94-04c1-424b-9868-57a2d4851a1d" relativeResultsDirectory="5bbe1edd-a081-446b-a238-c8836a7787f7" /><UnitTestResult executionId="f55fa96f-583d-411a-a0fa-fad1dd8f44c5" testId="f5462948-d498-4949-9933-c3455c13169b" testName="Post_InvalidReferencePropertyReturnsBadRequest" computerName="VECTOR" duration="00:00:00.0280000" startTime="2018-08-08T16:43:45.5359997-04:00" endTime="2018-08-08T16:43:45.5360056-04:00" testType="13cdc9d9-ddb5-4fa4-a97d-d965ccfc6d4b" outcome="Passed" testListId="8c84fa94-04c1-424b-9868-57a2d4851a1d" relativeResultsDirectory="f55fa96f-583d-411a-a0fa-fad1dd8f44c5" /><UnitTestResult executionId="14bc361b-de9a-4825-9b25-0610c34ec9f5" testId="683b6fed-863f-48f2-9f5a-59626041a8a9" testName="Put_CanUpdateModel" computerName="VECTOR" duration="00:00:00.2960000" startTime="2018-08-08T16:43:32.3209470-04:00" endTime="2018-08-08T16:43:32.3209542-04:00" testType="13cdc9d9-ddb5-4fa4-a97d-d965ccfc6d4b" outcome="Passed" testListId="8c84fa94-04c1-424b-9868-57a2d4851a1d" relativeResultsDirectory="14bc361b-de9a-4825-9b25-0610c34ec9f5" /><UnitTestResult executionId="e79ef421-adc6-4e3c-b648-bfb51954a2ca" testId="033ca9d8-9a87-46a6-8fab-6663405489b8" testName="FileRequest_DepthBufferIsInvalidatedAfterCameraDependencyPropertyChange" computerName="VECTOR" duration="00:00:01.2080000" startTime="2018-08-08T16:44:05.6054968-04:00" endTime="2018-08-08T16:44:05.6055039-04:00" testType="13cdc9d9-ddb5-4fa4-a97d-d965ccfc6d4b" outcome="Passed" testListId="8c84fa94-04c1-424b-9868-57a2d4851a1d" relativeResultsDirectory="e79ef421-adc6-4e3c-b648-bfb51954a2ca" /><UnitTestResult executionId="2d915910-9409-4033-9b5a-77833d30dbe5" testId="44500a9a-b50b-40a9-b501-398e20bebe9e" testName="Patch_MultipleInvalidReferencePropertiesReturnsMultipleValidationErrorsAndBadRequest" computerName="VECTOR" duration="00:00:00.0380000" startTime="2018-08-08T16:43:39.1617622-04:00" endTime="2018-08-08T16:43:39.1617686-04:00" testType="13cdc9d9-ddb5-4fa4-a97d-d965ccfc6d4b" outcome="Passed" testListId="8c84fa94-04c1-424b-9868-57a2d4851a1d" relativeResultsDirectory="2d915910-9409-4033-9b5a-77833d30dbe5" /><UnitTestResult executionId="5fbfb9e7-7778-48ba-a52c-ec75e5a6b5db" testId="34b29d67-fefb-45ee-b556-fcfe5396c449" testName="Patch_ValidReferencePropertyUpdatesModel" computerName="VECTOR" duration="00:00:00.3530000" startTime="2018-08-08T16:44:01.2397322-04:00" endTime="2018-08-08T16:44:01.2397392-04:00" testType="13cdc9d9-ddb5-4fa4-a97d-d965ccfc6d4b" outcome="Passed" testListId="8c84fa94-04c1-424b-9868-57a2d4851a1d" relativeResultsDirectory="5fbfb9e7-7778-48ba-a52c-ec75e5a6b5db" /><UnitTestResult executionId="9f53d5c9-abab-4313-90b9-028ae53c27c5" testId="a38282a1-f623-480f-bbdf-8f18ffb9fcfd" testName="CameraHasExpectedDependentFiles" computerName="VECTOR" duration="00:00:00.0010000" startTime="2018-08-08T16:43:30.1952939-04:00" endTime="2018-08-08T16:43:30.1952956-04:00" testType="13cdc9d9-ddb5-4fa4-a97d-d965ccfc6d4b" outcome="Passed" testListId="8c84fa94-04c1-424b-9868-57a2d4851a1d" relativeResultsDirectory="9f53d5c9-abab-4313-90b9-028ae53c27c5" /><UnitTestResult executionId="85fc8ba0-063b-4f92-9beb-d6125e894b96" testId="731a3f32-4375-4208-baec-3da2bf587952" testName="Post_CanCreateNewModel" computerName="VECTOR" duration="00:00:00.1820000" startTime="2018-08-08T16:43:31.9181776-04:00" endTime="2018-08-08T16:43:31.9181850-04:00" testType="13cdc9d9-ddb5-4fa4-a97d-d965ccfc6d4b" outcome="Passed" testListId="8c84fa94-04c1-424b-9868-57a2d4851a1d" relativeResultsDirectory="85fc8ba0-063b-4f92-9beb-d6125e894b96" /><UnitTestResult executionId="3ac782af-66e6-4ed4-a8ef-f15a63758475" testId="324b81c4-575b-46ef-a047-ae218a95e1c5" testName="FileRequest_FileCanBeReadAfterRename" computerName="VECTOR" duration="00:00:00.4880000" startTime="2018-08-08T16:44:04.3973543-04:00" endTime="2018-08-08T16:44:04.3973608-04:00" testType="13cdc9d9-ddb5-4fa4-a97d-d965ccfc6d4b" outcome="Passed" testListId="8c84fa94-04c1-424b-9868-57a2d4851a1d" relativeResultsDirectory="3ac782af-66e6-4ed4-a8ef-f15a63758475" /><UnitTestResult executionId="e4fc0f66-85fa-44ab-befb-961d2e2ab7a5" testId="3b89fab0-3dd9-4ef2-9286-8ae594a02118" testName="Put_CanUpdateModel" computerName="VECTOR" duration="00:00:00.8240000" startTime="2018-08-08T16:43:44.4948178-04:00" endTime="2018-08-08T16:43:44.4948257-04:00" testType="13cdc9d9-ddb5-4fa4-a97d-d965ccfc6d4b" outcome="Passed" testListId="8c84fa94-04c1-424b-9868-57a2d4851a1d" relativeResultsDirectory="e4fc0f66-85fa-44ab-befb-961d2e2ab7a5" /><UnitTestResult executionId="af634955-ad5f-43f0-a56d-dff6a5e8307e" testId="45ad3a4c-82f2-4985-94b6-60c2b8050b7b" testName="Put_InvalidReferencePropertyReturndBadRequest" computerName="VECTOR" duration="00:00:00.0420000" startTime="2018-08-08T16:43:35.6130070-04:00" endTime="2018-08-08T16:43:35.6130141-04:00" testType="13cdc9d9-ddb5-4fa4-a97d-d965ccfc6d4b" outcome="Passed" testListId="8c84fa94-04c1-424b-9868-57a2d4851a1d" relativeResultsDirectory="af634955-ad5f-43f0-a56d-dff6a5e8307e" /><UnitTestResult executionId="a139c194-0fe1-4fa6-8da6-60828e8623aa" testId="2d710ed6-2b60-48ae-8149-e24c9789027b" testName="Post_CanCreateNewModel" computerName="VECTOR" duration="00:00:00.3210000" startTime="2018-08-08T16:43:39.4833854-04:00" endTime="2018-08-08T16:43:39.4833935-04:00" testType="13cdc9d9-ddb5-4fa4-a97d-d965ccfc6d4b" outcome="Passed" testListId="8c84fa94-04c1-424b-9868-57a2d4851a1d" relativeResultsDirectory="a139c194-0fe1-4fa6-8da6-60828e8623aa" /><UnitTestResult executionId="496389ee-41bf-4987-bb1f-b02abd5bbc1c" testId="412efb86-7adb-4e56-a387-5d4ef984100c" testName="Delete_TargetModelIsDeleted" computerName="VECTOR" duration="00:00:00.2270000" startTime="2018-08-08T16:43:46.1189201-04:00" endTime="2018-08-08T16:43:46.1189267-04:00" testType="13cdc9d9-ddb5-4fa4-a97d-d965ccfc6d4b" outcome="Passed" testListId="8c84fa94-04c1-424b-9868-57a2d4851a1d" relativeResultsDirectory="496389ee-41bf-4987-bb1f-b02abd5bbc1c" /><UnitTestResult executionId="39b56e48-b2e9-4dc8-9fb2-e197b7434192" testId="d1d2415c-073f-47b4-9d53-deb42663f4ae" testName="GetList_ListReturnsCorrectCount" computerName="VECTOR" duration="00:00:00.0330000" startTime="2018-08-08T16:43:32.3549226-04:00" endTime="2018-08-08T16:43:32.3549302-04:00" testType="13cdc9d9-ddb5-4fa4-a97d-d965ccfc6d4b" outcome="Passed" testListId="8c84fa94-04c1-424b-9868-57a2d4851a1d" relativeResultsDirectory="39b56e48-b2e9-4dc8-9fb2-e197b7434192" /><UnitTestResult executionId="16d45b3f-a022-4c22-a27f-61c210e11445" testId="e0fd8f4b-46bd-44b3-ab2a-e9d46dc27f5a" testName="Post_InvalidPropertyValueReturnsBadRequest" computerName="VECTOR" duration="00:00:00.0210000" startTime="2018-08-08T16:43:32.4274279-04:00" endTime="2018-08-08T16:43:32.4274400-04:00" testType="13cdc9d9-ddb5-4fa4-a97d-d965ccfc6d4b" outcome="Passed" testListId="8c84fa94-04c1-424b-9868-57a2d4851a1d" relativeResultsDirectory="16d45b3f-a022-4c22-a27f-61c210e11445" /><UnitTestResult executionId="9086b1a3-43ae-4e0b-a177-4a35ffda870d" testId="c1b464d5-cd8b-400c-98bc-34053bec5351" testName="Post_CanCreateNewModel" computerName="VECTOR" duration="00:00:00.1840000" startTime="2018-08-08T16:43:59.9332944-04:00" endTime="2018-08-08T16:43:59.9333013-04:00" testType="13cdc9d9-ddb5-4fa4-a97d-d965ccfc6d4b" outcome="Passed" testListId="8c84fa94-04c1-424b-9868-57a2d4851a1d" relativeResultsDirectory="9086b1a3-43ae-4e0b-a177-4a35ffda870d" /><UnitTestResult executionId="a35cdb46-d7ca-4f4d-acda-8eb270be77a5" testId="a4c9ef63-359f-40fd-8dae-e023d07dcf5a" testName="Put_CanUpdateModel" computerName="VECTOR" duration="00:00:00.5160000" startTime="2018-08-08T16:43:33.8263288-04:00" endTime="2018-08-08T16:43:33.8263366-04:00" testType="13cdc9d9-ddb5-4fa4-a97d-d965ccfc6d4b" outcome="Passed" testListId="8c84fa94-04c1-424b-9868-57a2d4851a1d" relativeResultsDirectory="a35cdb46-d7ca-4f4d-acda-8eb270be77a5" /><UnitTestResult executionId="93a5dc5d-e7fe-4a03-bb59-df262ccc6784" testId="53e757ca-76f5-495f-bde9-3a5491566187" testName="Patch_TargetPropertyIsUpdated" computerName="VECTOR" duration="00:00:00.3430000" startTime="2018-08-08T16:44:09.1081173-04:00" endTime="2018-08-08T16:44:09.1081247-04:00" testType="13cdc9d9-ddb5-4fa4-a97d-d965ccfc6d4b" outcome="Passed" testListId="8c84fa94-04c1-424b-9868-57a2d4851a1d" relativeResultsDirectory="93a5dc5d-e7fe-4a03-bb59-df262ccc6784" /><UnitTestResult executionId="1ed409b7-168e-4ed4-a4af-50b874a28856" testId="9bf47e49-8dd8-44fc-a95b-74fdd28d897a" testName="Put_ValidReferencePropertyUpdatesModel" computerName="VECTOR" duration="00:00:00.4650000" startTime="2018-08-08T16:44:00.7085003-04:00" endTime="2018-08-08T16:44:00.7085073-04:00" testType="13cdc9d9-ddb5-4fa4-a97d-d965ccfc6d4b" outcome="Passed" testListId="8c84fa94-04c1-424b-9868-57a2d4851a1d" relativeResultsDirectory="1ed409b7-168e-4ed4-a4af-50b874a28856" /><UnitTestResult executionId="6d6472d8-f149-40a1-9b04-63cdbab3d606" testId="99711a2d-28cf-42f7-a92f-28bbfc76c96e" testName="Patch_InvalidPropertyNameReturnsBadRequest" computerName="VECTOR" duration="00:00:00.1140000" startTime="2018-08-08T16:43:30.9788974-04:00" endTime="2018-08-08T16:43:30.9789044-04:00" testType="13cdc9d9-ddb5-4fa4-a97d-d965ccfc6d4b" outcome="Passed" testListId="8c84fa94-04c1-424b-9868-57a2d4851a1d" relativeResultsDirectory="6d6472d8-f149-40a1-9b04-63cdbab3d606" /><UnitTestResult executionId="fb99c2cd-5fb4-40b7-918c-390572ce36c4" testId="b59163c2-3075-411b-ae88-fc38856a1eea" testName="Post_ValidReferencePropertyCreatesModel" computerName="VECTOR" duration="00:00:00.3140000" startTime="2018-08-08T16:43:45.8919343-04:00" endTime="2018-08-08T16:43:45.8919427-04:00" testType="13cdc9d9-ddb5-4fa4-a97d-d965ccfc6d4b" outcome="Passed" testListId="8c84fa94-04c1-424b-9868-57a2d4851a1d" relativeResultsDirectory="fb99c2cd-5fb4-40b7-918c-390572ce36c4" /><UnitTestResult executionId="fbf4d327-8dca-4ba8-b306-83dc90636f37" testId="ab10a9e6-2585-4c02-9053-c6d9fdb67f3d" testName="Post_InvalidReferencePropertyReturnsBadRequest" computerName="VECTOR" duration="00:00:00.3670000" startTime="2018-08-08T16:43:32.7955490-04:00" endTime="2018-08-08T16:43:32.7955556-04:00" testType="13cdc9d9-ddb5-4fa4-a97d-d965ccfc6d4b" outcome="Passed" testListId="8c84fa94-04c1-424b-9868-57a2d4851a1d" relativeResultsDirectory="fbf4d327-8dca-4ba8-b306-83dc90636f37" /><UnitTestResult executionId="9846a2c5-1438-45da-ad19-248f806eceac" testId="58f7266d-7c95-4c88-b647-9f5d4892f8cb" testName="PutFile_FileCanBeUpdated" computerName="VECTOR" duration="00:00:00.5080000" startTime="2018-08-08T16:44:03.9084648-04:00" endTime="2018-08-08T16:44:03.9084718-04:00" testType="13cdc9d9-ddb5-4fa4-a97d-d965ccfc6d4b" outcome="Passed" testListId="8c84fa94-04c1-424b-9868-57a2d4851a1d" relativeResultsDirectory="9846a2c5-1438-45da-ad19-248f806eceac" /><UnitTestResult executionId="4e8237b7-74a3-406d-a989-df5cc724993d" testId="f0866158-9c22-47c1-bd99-ffff018f1de6" testName="Patch_InvalidIdPropertyReturnsNotFound" computerName="VECTOR" duration="00:00:00.0170000" startTime="2018-08-08T16:44:08.0163071-04:00" endTime="2018-08-08T16:44:08.0163120-04:00" testType="13cdc9d9-ddb5-4fa4-a97d-d965ccfc6d4b" outcome="Passed" testListId="8c84fa94-04c1-424b-9868-57a2d4851a1d" relativeResultsDirectory="4e8237b7-74a3-406d-a989-df5cc724993d" /><UnitTestResult executionId="d835900d-339b-4953-99c6-e66f14c27b2a" testId="75bbe378-fdd6-4c43-9f53-6aee19fc84a5" testName="Put_ValidReferencePropertyUpdatesModel" computerName="VECTOR" duration="00:00:00.3570000" startTime="2018-08-08T16:43:39.9037164-04:00" endTime="2018-08-08T16:43:39.9037234-04:00" testType="13cdc9d9-ddb5-4fa4-a97d-d965ccfc6d4b" outcome="Passed" testListId="8c84fa94-04c1-424b-9868-57a2d4851a1d" relativeResultsDirectory="d835900d-339b-4953-99c6-e66f14c27b2a" /><UnitTestResult executionId="126baf45-fafd-4dd9-a18f-80f132be9120" testId="894b5969-679d-460f-949f-b7ebcfe883a6" testName="Patch_InvalidEnumPropertyValueReturnsBadRequest" computerName="VECTOR" duration="00:00:00.0170000" startTime="2018-08-08T16:43:32.0078485-04:00" endTime="2018-08-08T16:43:32.0078524-04:00" testType="13cdc9d9-ddb5-4fa4-a97d-d965ccfc6d4b" outcome="Passed" testListId="8c84fa94-04c1-424b-9868-57a2d4851a1d" relativeResultsDirectory="126baf45-fafd-4dd9-a18f-80f132be9120" /><UnitTestResult executionId="5da127a6-882c-4350-8078-bff1da52c2fd" testId="df38d2c2-3b3d-4dfb-81df-88c8265e4ba6" testName="LucyModel3dHasTwoDependents" computerName="VECTOR" duration="00:00:00.4290000" startTime="2018-08-08T16:43:30.1869614-04:00" endTime="2018-08-08T16:43:30.1869683-04:00" testType="13cdc9d9-ddb5-4fa4-a97d-d965ccfc6d4b" outcome="Passed" testListId="8c84fa94-04c1-424b-9868-57a2d4851a1d" relativeResultsDirectory="5da127a6-882c-4350-8078-bff1da52c2fd" /><UnitTestResult executionId="c042b2ab-bfe2-4964-87d9-70b187783305" testId="39f22b60-b71d-4b7d-94dd-591830c30800" testName="GetFile_ExistingFileReturnsSuccess" computerName="VECTOR" duration="00:00:00.0800000" startTime="2018-08-08T16:43:50.8571658-04:00" endTime="2018-08-08T16:43:50.8571775-04:00" testType="13cdc9d9-ddb5-4fa4-a97d-d965ccfc6d4b" outcome="Passed" testListId="8c84fa94-04c1-424b-9868-57a2d4851a1d" relativeResultsDirectory="c042b2ab-bfe2-4964-87d9-70b187783305" /><UnitTestResult executionId="8606a941-d802-472e-b998-5523801ae3a6" testId="6a4dd464-d4c3-410d-9323-8dac04851d85" testName="Patch_InvalidIdPropertyReturnsNotFound" computerName="VECTOR" duration="00:00:00.0240000" startTime="2018-08-08T16:43:59.7492320-04:00" endTime="2018-08-08T16:43:59.7492386-04:00" testType="13cdc9d9-ddb5-4fa4-a97d-d965ccfc6d4b" outcome="Passed" testListId="8c84fa94-04c1-424b-9868-57a2d4851a1d" relativeResultsDirectory="8606a941-d802-472e-b998-5523801ae3a6" /><UnitTestResult executionId="564593c5-3035-41f3-b154-374ebc956fa9" testId="0e173036-bc07-48ac-9e56-cfb3fa8b5e60" testName="GetList_ListReturnsCorrectCount" computerName="VECTOR" duration="00:00:00.0240000" startTime="2018-08-08T16:43:35.0929990-04:00" endTime="2018-08-08T16:43:35.0930038-04:00" testType="13cdc9d9-ddb5-4fa4-a97d-d965ccfc6d4b" outcome="Passed" testListId="8c84fa94-04c1-424b-9868-57a2d4851a1d" relativeResultsDirectory="564593c5-3035-41f3-b154-374ebc956fa9" /><UnitTestResult executionId="78c8ec7b-1ff3-40e2-bd8e-05c2dec02baa" testId="35a02fa8-6d6b-442f-b110-4fed604236d2" testName="Patch_MultipleInvalidReferencePropertiesReturnsMultipleValidationErrorsAndBadRequest" computerName="VECTOR" duration="00:00:00.0560000" startTime="2018-08-08T16:44:07.9989865-04:00" endTime="2018-08-08T16:44:07.9989936-04:00" testType="13cdc9d9-ddb5-4fa4-a97d-d965ccfc6d4b" outcome="Passed" testListId="8c84fa94-04c1-424b-9868-57a2d4851a1d" relativeResultsDirectory="78c8ec7b-1ff3-40e2-bd8e-05c2dec02baa" /><UnitTestResult executionId="2f1c69ed-5b60-4be3-a726-d9b9f007ffce" testId="58ecf1bd-bb81-44e1-8046-c7755b48f0e9" testName="Patch_InvalidEnumPropertyValueReturnsBadRequest" computerName="VECTOR" duration="00:00:00.0110000" startTime="2018-08-08T16:43:40.1946678-04:00" endTime="2018-08-08T16:43:40.1946762-04:00" testType="13cdc9d9-ddb5-4fa4-a97d-d965ccfc6d4b" outcome="Passed" testListId="8c84fa94-04c1-424b-9868-57a2d4851a1d" relativeResultsDirectory="2f1c69ed-5b60-4be3-a726-d9b9f007ffce" /><UnitTestResult executionId="16a0062b-ea8d-4a3a-91cc-a734f660ac1b" testId="41e035ec-d4a3-4b12-9ad6-440c3ba2d142" testName="PutFile_NewFileCanBePut" computerName="VECTOR" duration="00:00:00.3420000" startTime="2018-08-08T16:43:35.9699763-04:00" endTime="2018-08-08T16:43:35.9699826-04:00" testType="13cdc9d9-ddb5-4fa4-a97d-d965ccfc6d4b" outcome="Passed" testListId="8c84fa94-04c1-424b-9868-57a2d4851a1d" relativeResultsDirectory="16a0062b-ea8d-4a3a-91cc-a734f660ac1b" /><UnitTestResult executionId="ad98e615-99c2-49aa-a82f-1af6807bff44" testId="b7a1dbe4-65a4-4816-811c-d65741115a48" testName="Put_InvalidReferencePropertyReturndBadRequest" computerName="VECTOR" duration="00:00:00.0310000" startTime="2018-08-08T16:43:40.1659414-04:00" endTime="2018-08-08T16:43:40.1659481-04:00" testType="13cdc9d9-ddb5-4fa4-a97d-d965ccfc6d4b" outcome="Passed" testListId="8c84fa94-04c1-424b-9868-57a2d4851a1d" relativeResultsDirectory="ad98e615-99c2-49aa-a82f-1af6807bff44" /><UnitTestResult executionId="aaa2a845-7142-4da9-b952-96c2359a7c56" testId="83382093-2160-4975-8d79-b61d18dd3bb5" testName="Delete_TargetModelIsDeleted" computerName="VECTOR" duration="00:00:00.1840000" startTime="2018-08-08T16:44:07.3535488-04:00" endTime="2018-08-08T16:44:07.3535555-04:00" testType="13cdc9d9-ddb5-4fa4-a97d-d965ccfc6d4b" outcome="Passed" testListId="8c84fa94-04c1-424b-9868-57a2d4851a1d" relativeResultsDirectory="aaa2a845-7142-4da9-b952-96c2359a7c56" /><UnitTestResult executionId="72cdd9ce-f1b1-4200-81c7-748ab86050ff" testId="f4775f76-8571-451d-8716-f47bd2631e58" testName="GetSingle_ValidIdPropertyValueReturnsCorrectModel" computerName="VECTOR" duration="00:00:00.0250000" startTime="2018-08-08T16:44:06.9598018-04:00" endTime="2018-08-08T16:44:06.9598076-04:00" testType="13cdc9d9-ddb5-4fa4-a97d-d965ccfc6d4b" outcome="Passed" testListId="8c84fa94-04c1-424b-9868-57a2d4851a1d" relativeResultsDirectory="72cdd9ce-f1b1-4200-81c7-748ab86050ff" /><UnitTestResult executionId="b3d956c9-e2be-4832-aa0d-fba8e8605c7d" testId="1be3f11e-34b3-4e23-8c27-8909a819a001" testName="Put_ValidReferencePropertyUpdatesModel" computerName="VECTOR" duration="00:00:00.0210000" startTime="2018-08-08T16:43:31.7222854-04:00" endTime="2018-08-08T16:43:31.7222924-04:00" testType="13cdc9d9-ddb5-4fa4-a97d-d965ccfc6d4b" outcome="Passed" testListId="8c84fa94-04c1-424b-9868-57a2d4851a1d" relativeResultsDirectory="b3d956c9-e2be-4832-aa0d-fba8e8605c7d" /><UnitTestResult executionId="3700e5d1-626d-436e-a1a2-44add2e07dde" testId="6b6142d8-6957-406a-aee9-fe21b13249a6" testName="Patch_MultipleInvalidReferencePropertiesReturnsMultipleValidationErrorsAndBadRequest" computerName="VECTOR" duration="00:00:00.0400000" startTime="2018-08-08T16:43:45.5769346-04:00" endTime="2018-08-08T16:43:45.5769409-04:00" testType="13cdc9d9-ddb5-4fa4-a97d-d965ccfc6d4b" outcome="Passed" testListId="8c84fa94-04c1-424b-9868-57a2d4851a1d" relativeResultsDirectory="3700e5d1-626d-436e-a1a2-44add2e07dde" /><UnitTestResult executionId="ae5b92ad-bfae-4c5d-9fad-482640704ce6" testId="fa28b323-8a9f-4a9f-af50-503c499bc4b8" testName="Post_InvalidPropertyValueReturnsBadRequest" computerName="VECTOR" duration="00:00:00.0160000" startTime="2018-08-08T16:44:08.0497388-04:00" endTime="2018-08-08T16:44:08.0497440-04:00" testType="13cdc9d9-ddb5-4fa4-a97d-d965ccfc6d4b" outcome="Passed" testListId="8c84fa94-04c1-424b-9868-57a2d4851a1d" relativeResultsDirectory="ae5b92ad-bfae-4c5d-9fad-482640704ce6" /><UnitTestResult executionId="e3d66f2a-8bd7-498a-9964-9515152129da" testId="4c13ede9-f3e4-473c-a906-617c273107d4" testName="GetSingle_InvalidIdPropertyValueReturnsNotFound" computerName="VECTOR" duration="00:00:00.0190000" startTime="2018-08-08T16:44:07.4115631-04:00" endTime="2018-08-08T16:44:07.4115691-04:00" testType="13cdc9d9-ddb5-4fa4-a97d-d965ccfc6d4b" outcome="Passed" testListId="8c84fa94-04c1-424b-9868-57a2d4851a1d" relativeResultsDirectory="e3d66f2a-8bd7-498a-9964-9515152129da" /><UnitTestResult executionId="4ae913bc-cdc4-4505-b241-42de3fa583ca" testId="76a907a0-e67d-4de6-a5cf-73f548a17eed" testName="Patch_ValidReferencePropertyUpdatesModel" computerName="VECTOR" duration="00:00:00.3490000" startTime="2018-08-08T16:43:40.5446248-04:00" endTime="2018-08-08T16:43:40.5446316-04:00" testType="13cdc9d9-ddb5-4fa4-a97d-d965ccfc6d4b" outcome="Passed" testListId="8c84fa94-04c1-424b-9868-57a2d4851a1d" relativeResultsDirectory="4ae913bc-cdc4-4505-b241-42de3fa583ca" /><UnitTestResult executionId="79d6b2fc-86d5-4d30-b8e2-7b2183e2fdf5" testId="cd2ef66f-6d78-4227-8788-71c1d186ad54" testName="GetSingle_InvalidIdPropertyValueReturnsNotFound" computerName="VECTOR" duration="00:00:00.0230000" startTime="2018-08-08T16:43:33.8501446-04:00" endTime="2018-08-08T16:43:33.8501507-04:00" testType="13cdc9d9-ddb5-4fa4-a97d-d965ccfc6d4b" outcome="Passed" testListId="8c84fa94-04c1-424b-9868-57a2d4851a1d" relativeResultsDirectory="79d6b2fc-86d5-4d30-b8e2-7b2183e2fdf5" /><UnitTestResult executionId="dec7d689-6e6a-4e5c-8718-fea3815aa072" testId="d9e0fa55-f83d-4fbf-8e82-de519f63d22a" testName="PostFile_NewFileCanBePosted" computerName="VECTOR" duration="00:00:00.3990000" startTime="2018-08-08T16:43:52.8737594-04:00" endTime="2018-08-08T16:43:52.8737627-04:00" testType="13cdc9d9-ddb5-4fa4-a97d-d965ccfc6d4b" outcome="Passed" testListId="8c84fa94-04c1-424b-9868-57a2d4851a1d" relativeResultsDirectory="dec7d689-6e6a-4e5c-8718-fea3815aa072" /><UnitTestResult executionId="5e5907fe-2798-4fef-99f3-66c00346af2c" testId="f612d61a-069b-4659-8090-2ca831cf5678" testName="Post_ValidReferencePropertyCreatesModel" computerName="VECTOR" duration="00:00:00.2180000" startTime="2018-08-08T16:44:01.4894917-04:00" endTime="2018-08-08T16:44:01.4894988-04:00" testType="13cdc9d9-ddb5-4fa4-a97d-d965ccfc6d4b" outcome="Passed" testListId="8c84fa94-04c1-424b-9868-57a2d4851a1d" relativeResultsDirectory="5e5907fe-2798-4fef-99f3-66c00346af2c" /></Results><TestDefinitions><UnitTest name="GetList_ListReturnsCorrectCount" storage="d:\modelrelief\modelrelief.test\bin\debug\netcoreapp2.0\modelrelief.test.dll" id="7c705512-9dc5-405f-8985-543d2b244779"><Execution id="d1f105a4-f6eb-48e9-aa9c-ecaf5b09be5c" /><TestMethod codeBase="D:\ModelRelief\ModelRelief.test\bin\Debug\netcoreapp2.0\ModelRelief.Test.dll" adapterTypeName="executor://xunit/VsTestRunner2/netcoreapp" className="ModelRelief.Test.Integration.DepthBuffers.DepthBuffersBaseIntegrationTests" name="GetList_ListReturnsCorrectCount" /></UnitTest><UnitTest name="PostFile_FileTimeStampIsUpdatedAfterFileIsPosted" storage="d:\modelrelief\modelrelief.test\bin\debug\netcoreapp2.0\modelrelief.test.dll" id="e31c5295-7a5c-43ad-9821-1fe9e8192737"><Execution id="c313db84-21cf-4400-b65c-38fc541fd343" /><TestMethod codeBase="D:\ModelRelief\ModelRelief.test\bin\Debug\netcoreapp2.0\ModelRelief.Test.dll" adapterTypeName="executor://xunit/VsTestRunner2/netcoreapp" className="ModelRelief.Test.Integration.DepthBuffers.DepthBuffersFileIntegrationTests" name="PostFile_FileTimeStampIsUpdatedAfterFileIsPosted" /></UnitTest><UnitTest name="Patch_InvalidEnumPropertyValueReturnsBadRequest" storage="d:\modelrelief\modelrelief.test\bin\debug\netcoreapp2.0\modelrelief.test.dll" id="894b5969-679d-460f-949f-b7ebcfe883a6"><Execution id="126baf45-fafd-4dd9-a18f-80f132be9120" /><TestMethod codeBase="D:\ModelRelief\ModelRelief.test\bin\Debug\netcoreapp2.0\ModelRelief.Test.dll" adapterTypeName="executor://xunit/VsTestRunner2/netcoreapp" className="ModelRelief.Test.Integration.Projects.ProjectsBaseIntegrationTests" name="Patch_InvalidEnumPropertyValueReturnsBadRequest" /></UnitTest><UnitTest name="GetList_ListReturnsCorrectCount" storage="d:\modelrelief\modelrelief.test\bin\debug\netcoreapp2.0\modelrelief.test.dll" id="1fd6996e-c210-449b-8519-57f111353041"><Execution id="71a1a63a-e98d-42d7-a934-455c2231cf69" /><TestMethod codeBase="D:\ModelRelief\ModelRelief.test\bin\Debug\netcoreapp2.0\ModelRelief.Test.dll" adapterTypeName="executor://xunit/VsTestRunner2/netcoreapp" className="ModelRelief.Test.Integration.MeshTransforms.MeshTransformsBaseIntegrationTests" name="GetList_ListReturnsCorrectCount" /></UnitTest><UnitTest name="GetFile_ExistingFileReturnsSuccess" storage="d:\modelrelief\modelrelief.test\bin\debug\netcoreapp2.0\modelrelief.test.dll" id="4e334d33-6530-47a8-91eb-61f43d936c71"><Execution id="a94412d5-2b8d-427a-98b4-b9c849f0e8ed" /><TestMethod codeBase="D:\ModelRelief\ModelRelief.test\bin\Debug\netcoreapp2.0\ModelRelief.Test.dll" adapterTypeName="executor://xunit/VsTestRunner2/netcoreapp" className="ModelRelief.Test.Integration.Models.ModelsFileIntegrationTests" name="GetFile_ExistingFileReturnsSuccess" /></UnitTest><UnitTest name="FileRequest_MeshIsInvalidatedAfterDepthBufferFileBecomesUnsynchronized" storage="d:\modelrelief\modelrelief.test\bin\debug\netcoreapp2.0\modelrelief.test.dll" id="ce6c2368-1e0f-49be-ac29-eb7679c0a64e"><Execution id="b5e52f2b-90e2-4408-8e07-10e052b6de34" /><TestMethod codeBase="D:\ModelRelief\ModelRelief.test\bin\Debug\netcoreapp2.0\ModelRelief.Test.dll" adapterTypeName="executor://xunit/VsTestRunner2/netcoreapp" className="ModelRelief.Test.Integration.Meshes.MeshesFileIntegrationTests" name="FileRequest_MeshIsInvalidatedAfterDepthBufferFileBecomesUnsynchronized" /></UnitTest><UnitTest name="Patch_InvalidReferencePropertyReturnsBadRequest" storage="d:\modelrelief\modelrelief.test\bin\debug\netcoreapp2.0\modelrelief.test.dll" id="4e03ec92-6ac6-442e-ad6f-0e96caaf8e7c"><Execution id="2befcadd-29da-4c89-876b-2a8ab6f7156e" /><TestMethod codeBase="D:\ModelRelief\ModelRelief.test\bin\Debug\netcoreapp2.0\ModelRelief.Test.dll" adapterTypeName="executor://xunit/VsTestRunner2/netcoreapp" className="ModelRelief.Test.Integration.DepthBuffers.DepthBuffersBaseIntegrationTests" name="Patch_InvalidReferencePropertyReturnsBadRequest" /></UnitTest><UnitTest name="Delete_TargetModelIsDeleted" storage="d:\modelrelief\modelrelief.test\bin\debug\netcoreapp2.0\modelrelief.test.dll" id="f0d1155e-01c3-4570-b279-7bbb1f3a52a3"><Execution id="066830b3-0e14-41fe-bb72-644e8fc6a7d4" /><TestMethod codeBase="D:\ModelRelief\ModelRelief.test\bin\Debug\netcoreapp2.0\ModelRelief.Test.dll" adapterTypeName="executor://xunit/VsTestRunner2/netcoreapp" className="ModelRelief.Test.Integration.Projects.ProjectsBaseIntegrationTests" name="Delete_TargetModelIsDeleted" /></UnitTest><UnitTest name="Put_CanUpdateModel" storage="d:\modelrelief\modelrelief.test\bin\debug\netcoreapp2.0\modelrelief.test.dll" id="3b89fab0-3dd9-4ef2-9286-8ae594a02118"><Execution id="e4fc0f66-85fa-44ab-befb-961d2e2ab7a5" /><TestMethod codeBase="D:\ModelRelief\ModelRelief.test\bin\Debug\netcoreapp2.0\ModelRelief.Test.dll" adapterTypeName="executor://xunit/VsTestRunner2/netcoreapp" className="ModelRelief.Test.Integration.Meshes.MeshesBaseIntegrationTests" name="Put_CanUpdateModel" /></UnitTest><UnitTest name="GetSingle_ValidIdPropertyValueReturnsCorrectModel" storage="d:\modelrelief\modelrelief.test\bin\debug\netcoreapp2.0\modelrelief.test.dll" id="f4775f76-8571-451d-8716-f47bd2631e58"><Execution id="72cdd9ce-f1b1-4200-81c7-748ab86050ff" /><TestMethod codeBase="D:\ModelRelief\ModelRelief.test\bin\Debug\netcoreapp2.0\ModelRelief.Test.dll" adapterTypeName="executor://xunit/VsTestRunner2/netcoreapp" className="ModelRelief.Test.Integration.Cameras.CamerasBaseIntegrationTests" name="GetSingle_ValidIdPropertyValueReturnsCorrectModel" /></UnitTest><UnitTest name="PostFile_FileIsSynchronizedIsUpdatedAfterFileIsPosted" storage="d:\modelrelief\modelrelief.test\bin\debug\netcoreapp2.0\modelrelief.test.dll" id="6fb835f3-a5a8-4ca0-b864-9e5b4706d46f"><Execution id="dd65b79a-e091-4942-bb5b-3d9f4ac9d847" /><TestMethod codeBase="D:\ModelRelief\ModelRelief.test\bin\Debug\netcoreapp2.0\ModelRelief.Test.dll" adapterTypeName="executor://xunit/VsTestRunner2/netcoreapp" className="ModelRelief.Test.Integration.Meshes.MeshesFileIntegrationTests" name="PostFile_FileIsSynchronizedIsUpdatedAfterFileIsPosted" /></UnitTest><UnitTest name="Post_InvalidPropertyValueReturnsBadRequest" storage="d:\modelrelief\modelrelief.test\bin\debug\netcoreapp2.0\modelrelief.test.dll" id="19749891-9f11-4e08-beaf-4853ca988952"><Execution id="bf5c4612-f843-442a-aebf-3ee00bf7e03f" /><TestMethod codeBase="D:\ModelRelief\ModelRelief.test\bin\Debug\netcoreapp2.0\ModelRelief.Test.dll" adapterTypeName="executor://xunit/VsTestRunner2/netcoreapp" className="ModelRelief.Test.Integration.MeshTransforms.MeshTransformsBaseIntegrationTests" name="Post_InvalidPropertyValueReturnsBadRequest" /></UnitTest><UnitTest name="Patch_MultipleInvalidReferencePropertiesReturnsMultipleValidationErrorsAndBadRequest" storage="d:\modelrelief\modelrelief.test\bin\debug\netcoreapp2.0\modelrelief.test.dll" id="35a02fa8-6d6b-442f-b110-4fed604236d2"><Execution id="78c8ec7b-1ff3-40e2-bd8e-05c2dec02baa" /><TestMethod codeBase="D:\ModelRelief\ModelRelief.test\bin\Debug\netcoreapp2.0\ModelRelief.Test.dll" adapterTypeName="executor://xunit/VsTestRunner2/netcoreapp" className="ModelRelief.Test.Integration.Cameras.CamerasBaseIntegrationTests" name="Patch_MultipleInvalidReferencePropertiesReturnsMultipleValidationErrorsAndBadRequest" /></UnitTest><UnitTest name="Post_ValidReferencePropertyCreatesModel" storage="d:\modelrelief\modelrelief.test\bin\debug\netcoreapp2.0\modelrelief.test.dll" id="fc950c24-2c81-4e15-9fb7-941b7a7f1272"><Execution id="27c86da7-b292-4f4e-ae78-47e35706aa1e" /><TestMethod codeBase="D:\ModelRelief\ModelRelief.test\bin\Debug\netcoreapp2.0\ModelRelief.Test.dll" adapterTypeName="executor://xunit/VsTestRunner2/netcoreapp" className="ModelRelief.Test.Integration.Projects.ProjectsBaseIntegrationTests" name="Post_ValidReferencePropertyCreatesModel" /></UnitTest><UnitTest name="Patch_InvalidIdPropertyReturnsNotFound" storage="d:\modelrelief\modelrelief.test\bin\debug\netcoreapp2.0\modelrelief.test.dll" id="f0866158-9c22-47c1-bd99-ffff018f1de6"><Execution id="4e8237b7-74a3-406d-a989-df5cc724993d" /><TestMethod codeBase="D:\ModelRelief\ModelRelief.test\bin\Debug\netcoreapp2.0\ModelRelief.Test.dll" adapterTypeName="executor://xunit/VsTestRunner2/netcoreapp" className="ModelRelief.Test.Integration.Cameras.CamerasBaseIntegrationTests" name="Patch_InvalidIdPropertyReturnsNotFound" /></UnitTest><UnitTest name="PutFile_FileCanBeUpdated" storage="d:\modelrelief\modelrelief.test\bin\debug\netcoreapp2.0\modelrelief.test.dll" id="d65a605f-e7ab-4247-a7da-4e06327645c6"><Execution id="f01c2a91-0d80-47a1-9589-1e9970f4cc92" /><TestMethod codeBase="D:\ModelRelief\ModelRelief.test\bin\Debug\netcoreapp2.0\ModelRelief.Test.dll" adapterTypeName="executor://xunit/VsTestRunner2/netcoreapp" className="ModelRelief.Test.Integration.Models.ModelsFileIntegrationTests" name="PutFile_FileCanBeUpdated" /></UnitTest><UnitTest name="Patch_MultipleInvalidReferencePropertiesReturnsMultipleValidationErrorsAndBadRequest" storage="d:\modelrelief\modelrelief.test\bin\debug\netcoreapp2.0\modelrelief.test.dll" id="6b6142d8-6957-406a-aee9-fe21b13249a6"><Execution id="3700e5d1-626d-436e-a1a2-44add2e07dde" /><TestMethod codeBase="D:\ModelRelief\ModelRelief.test\bin\Debug\netcoreapp2.0\ModelRelief.Test.dll" adapterTypeName="executor://xunit/VsTestRunner2/netcoreapp" className="ModelRelief.Test.Integration.Meshes.MeshesBaseIntegrationTests" name="Patch_MultipleInvalidReferencePropertiesReturnsMultipleValidationErrorsAndBadRequest" /></UnitTest><UnitTest name="GetSingle_ValidIdPropertyValueReturnsCorrectModel" storage="d:\modelrelief\modelrelief.test\bin\debug\netcoreapp2.0\modelrelief.test.dll" id="c516e3b8-6e83-45df-bb1c-4911014db7fb"><Execution id="ef235d98-8ebc-4af6-b35d-cce8283c90cb" /><TestMethod codeBase="D:\ModelRelief\ModelRelief.test\bin\Debug\netcoreapp2.0\ModelRelief.Test.dll" adapterTypeName="executor://xunit/VsTestRunner2/netcoreapp" className="ModelRelief.Test.Integration.Meshes.MeshesBaseIntegrationTests" name="GetSingle_ValidIdPropertyValueReturnsCorrectModel" /></UnitTest><UnitTest name="Delete_TargetModelIsDeleted" storage="d:\modelrelief\modelrelief.test\bin\debug\netcoreapp2.0\modelrelief.test.dll" id="ec5deee6-d6fe-4c6e-9f4b-ffaa34426c13"><Execution id="e3b2d7f5-700e-49f6-9394-56603dc6e755" /><TestMethod codeBase="D:\ModelRelief\ModelRelief.test\bin\Debug\netcoreapp2.0\ModelRelief.Test.dll" adapterTypeName="executor://xunit/VsTestRunner2/netcoreapp" className="ModelRelief.Test.Integration.MeshTransforms.MeshTransformsBaseIntegrationTests" name="Delete_TargetModelIsDeleted" /></UnitTest><UnitTest name="Put_InvalidIdReturnsNotFound" storage="d:\modelrelief\modelrelief.test\bin\debug\netcoreapp2.0\modelrelief.test.dll" id="7ddfdb0c-5a9d-4a21-a523-353de685aa15"><Execution id="574cef97-4533-409a-9829-b4bb85558374" /><TestMethod codeBase="D:\ModelRelief\ModelRelief.test\bin\Debug\netcoreapp2.0\ModelRelief.Test.dll" adapterTypeName="executor://xunit/VsTestRunner2/netcoreapp" className="ModelRelief.Test.Integration.Models.ModelsBaseIntegrationTests" name="Put_InvalidIdReturnsNotFound" /></UnitTest><UnitTest name="FileRequest_FileCanBeReadAfterRename" storage="d:\modelrelief\modelrelief.test\bin\debug\netcoreapp2.0\modelrelief.test.dll" id="27d31938-4fcf-423f-a9e9-884fd14957e9"><Execution id="44538dff-f50a-4ff0-be8a-f15edee93db4" /><TestMethod codeBase="D:\ModelRelief\ModelRelief.test\bin\Debug\netcoreapp2.0\ModelRelief.Test.dll" adapterTypeName="executor://xunit/VsTestRunner2/netcoreapp" className="ModelRelief.Test.Integration.Meshes.MeshesFileIntegrationTests" name="FileRequest_FileCanBeReadAfterRename" /></UnitTest><UnitTest name="Post_InvalidReferencePropertyReturnsBadRequest" storage="d:\modelrelief\modelrelief.test\bin\debug\netcoreapp2.0\modelrelief.test.dll" id="9a7f7616-2585-4c5e-b65e-06f0e0348165"><Execution id="d2cfcef6-f041-46dc-891a-097a4286dbf3" /><TestMethod codeBase="D:\ModelRelief\ModelRelief.test\bin\Debug\netcoreapp2.0\ModelRelief.Test.dll" adapterTypeName="executor://xunit/VsTestRunner2/netcoreapp" className="ModelRelief.Test.Integration.MeshTransforms.MeshTransformsBaseIntegrationTests" name="Post_InvalidReferencePropertyReturnsBadRequest" /></UnitTest><UnitTest name="GetFile_ExistingFileReturnsSuccess" storage="d:\modelrelief\modelrelief.test\bin\debug\netcoreapp2.0\modelrelief.test.dll" id="bd3ee54e-54a4-49ba-9d22-219aa8c8166e"><Execution id="b8ec7540-bb80-4698-9ca6-36c99d87928a" /><TestMethod codeBase="D:\ModelRelief\ModelRelief.test\bin\Debug\netcoreapp2.0\ModelRelief.Test.dll" adapterTypeName="executor://xunit/VsTestRunner2/netcoreapp" className="ModelRelief.Test.Integration.DepthBuffers.DepthBuffersFileIntegrationTests" name="GetFile_ExistingFileReturnsSuccess" /></UnitTest><UnitTest name="GetFile_FileCanBeRoundTripped" storage="d:\modelrelief\modelrelief.test\bin\debug\netcoreapp2.0\modelrelief.test.dll" id="e0835d5b-a9d3-4dae-a7da-543dd330c5ee"><Execution id="34a05675-defe-46f8-abf7-1f5347294d7e" /><TestMethod codeBase="D:\ModelRelief\ModelRelief.test\bin\Debug\netcoreapp2.0\ModelRelief.Test.dll" adapterTypeName="executor://xunit/VsTestRunner2/netcoreapp" className="ModelRelief.Test.Integration.DepthBuffers.DepthBuffersFileIntegrationTests" name="GetFile_FileCanBeRoundTripped" /></UnitTest><UnitTest name="Put_InvalidReferencePropertyReturndBadRequest" storage="d:\modelrelief\modelrelief.test\bin\debug\netcoreapp2.0\modelrelief.test.dll" id="b7a1dbe4-65a4-4816-811c-d65741115a48"><Execution id="ad98e615-99c2-49aa-a82f-1af6807bff44" /><TestMethod codeBase="D:\ModelRelief\ModelRelief.test\bin\Debug\netcoreapp2.0\ModelRelief.Test.dll" adapterTypeName="executor://xunit/VsTestRunner2/netcoreapp" className="ModelRelief.Test.Integration.MeshTransforms.MeshTransformsBaseIntegrationTests" name="Put_InvalidReferencePropertyReturndBadRequest" /></UnitTest><UnitTest name="GetFile_FileCanBeRoundTripped" storage="d:\modelrelief\modelrelief.test\bin\debug\netcoreapp2.0\modelrelief.test.dll" id="0e45f90f-a7a6-4777-8645-d7a100791748"><Execution id="c8725fc3-0a74-4228-bbb4-f1b5097705bc" /><TestMethod codeBase="D:\ModelRelief\ModelRelief.test\bin\Debug\netcoreapp2.0\ModelRelief.Test.dll" adapterTypeName="executor://xunit/VsTestRunner2/netcoreapp" className="ModelRelief.Test.Integration.Models.ModelsFileIntegrationTests" name="GetFile_FileCanBeRoundTripped" /></UnitTest><UnitTest name="Patch_ValidReferencePropertyUpdatesModel" storage="d:\modelrelief\modelrelief.test\bin\debug\netcoreapp2.0\modelrelief.test.dll" id="38edd036-a57b-4925-987b-785ac45b2c5f"><Execution id="b92bed28-9e55-4f6a-9c22-c72eb8dcc77c" /><TestMethod codeBase="D:\ModelRelief\ModelRelief.test\bin\Debug\netcoreapp2.0\ModelRelief.Test.dll" adapterTypeName="executor://xunit/VsTestRunner2/netcoreapp" className="ModelRelief.Test.Integration.Projects.ProjectsBaseIntegrationTests" name="Patch_ValidReferencePropertyUpdatesModel" /></UnitTest><UnitTest name="Put_InvalidIdReturnsNotFound" storage="d:\modelrelief\modelrelief.test\bin\debug\netcoreapp2.0\modelrelief.test.dll" id="4769c294-8bb1-4cf8-8d54-c8842d5ba287"><Execution id="0e5b0d1f-566a-4fdc-ba43-0894758a367e" /><TestMethod codeBase="D:\ModelRelief\ModelRelief.test\bin\Debug\netcoreapp2.0\ModelRelief.Test.dll" adapterTypeName="executor://xunit/VsTestRunner2/netcoreapp" className="ModelRelief.Test.Integration.DepthBuffers.DepthBuffersBaseIntegrationTests" name="Put_InvalidIdReturnsNotFound" /></UnitTest><UnitTest name="Patch_InvalidPropertyNameReturnsBadRequest" storage="d:\modelrelief\modelrelief.test\bin\debug\netcoreapp2.0\modelrelief.test.dll" id="70933080-f672-4119-8832-6ad336ade6fa"><Execution id="f599cd1d-25f4-44b5-9c90-bc4622829d85" /><TestMethod codeBase="D:\ModelRelief\ModelRelief.test\bin\Debug\netcoreapp2.0\ModelRelief.Test.dll" adapterTypeName="executor://xunit/VsTestRunner2/netcoreapp" className="ModelRelief.Test.Integration.Meshes.MeshesBaseIntegrationTests" name="Patch_InvalidPropertyNameReturnsBadRequest" /></UnitTest><UnitTest name="Post_ValidReferencePropertyCreatesModel" storage="d:\modelrelief\modelrelief.test\bin\debug\netcoreapp2.0\modelrelief.test.dll" id="e56d9d36-726e-46e5-9a24-8b36770cb8d5"><Execution id="cc37c9bc-b04b-40e6-961b-53905728ad55" /><TestMethod codeBase="D:\ModelRelief\ModelRelief.test\bin\Debug\netcoreapp2.0\ModelRelief.Test.dll" adapterTypeName="executor://xunit/VsTestRunner2/netcoreapp" className="ModelRelief.Test.Integration.Cameras.CamerasBaseIntegrationTests" name="Post_ValidReferencePropertyCreatesModel" /></UnitTest><UnitTest name="Post_CanCreateNewModel" storage="d:\modelrelief\modelrelief.test\bin\debug\netcoreapp2.0\modelrelief.test.dll" id="c1b464d5-cd8b-400c-98bc-34053bec5351"><Execution id="9086b1a3-43ae-4e0b-a177-4a35ffda870d" /><TestMethod codeBase="D:\ModelRelief\ModelRelief.test\bin\Debug\netcoreapp2.0\ModelRelief.Test.dll" adapterTypeName="executor://xunit/VsTestRunner2/netcoreapp" className="ModelRelief.Test.Integration.DepthBuffers.DepthBuffersBaseIntegrationTests" name="Post_CanCreateNewModel" /></UnitTest><UnitTest name="PutFile_NewFileCanBePut" storage="d:\modelrelief\modelrelief.test\bin\debug\netcoreapp2.0\modelrelief.test.dll" id="f58f95dd-1898-4c97-997a-ba76d4dacb38"><Execution id="71c46ce3-6c05-4c39-97bf-8009e35a7d62" /><TestMethod codeBase="D:\ModelRelief\ModelRelief.test\bin\Debug\netcoreapp2.0\ModelRelief.Test.dll" adapterTypeName="executor://xunit/VsTestRunner2/netcoreapp" className="ModelRelief.Test.Integration.Meshes.MeshesFileIntegrationTests" name="PutFile_NewFileCanBePut" /></UnitTest><UnitTest name="PutFile_NewFileCanBePut" storage="d:\modelrelief\modelrelief.test\bin\debug\netcoreapp2.0\modelrelief.test.dll" id="2be1868a-dae2-45d1-a3dd-65bc13750e85"><Execution id="d18f9c8b-818e-408d-9629-3f51359455c4" /><TestMethod codeBase="D:\ModelRelief\ModelRelief.test\bin\Debug\netcoreapp2.0\ModelRelief.Test.dll" adapterTypeName="executor://xunit/VsTestRunner2/netcoreapp" className="ModelRelief.Test.Integration.DepthBuffers.DepthBuffersFileIntegrationTests" name="PutFile_NewFileCanBePut" /></UnitTest><UnitTest name="Post_InvalidPropertyValueReturnsBadRequest" storage="d:\modelrelief\modelrelief.test\bin\debug\netcoreapp2.0\modelrelief.test.dll" id="4c92343b-40ef-46f2-9f07-b0fa6f2490a0"><Execution id="c0c00f73-237e-44b7-b394-4c6c9b0bd6a8" /><TestMethod codeBase="D:\ModelRelief\ModelRelief.test\bin\Debug\netcoreapp2.0\ModelRelief.Test.dll" adapterTypeName="executor://xunit/VsTestRunner2/netcoreapp" className="ModelRelief.Test.Integration.Meshes.MeshesBaseIntegrationTests" name="Post_InvalidPropertyValueReturnsBadRequest" /></UnitTest><UnitTest name="GetList_ListReturnsCorrectCount" storage="d:\modelrelief\modelrelief.test\bin\debug\netcoreapp2.0\modelrelief.test.dll" id="0e173036-bc07-48ac-9e56-cfb3fa8b5e60"><Execution id="564593c5-3035-41f3-b154-374ebc956fa9" /><TestMethod codeBase="D:\ModelRelief\ModelRelief.test\bin\Debug\netcoreapp2.0\ModelRelief.Test.dll" adapterTypeName="executor://xunit/VsTestRunner2/netcoreapp" className="ModelRelief.Test.Integration.Models.ModelsBaseIntegrationTests" name="GetList_ListReturnsCorrectCount" /></UnitTest><UnitTest name="Patch_InvalidEnumPropertyValueReturnsBadRequest" storage="d:\modelrelief\modelrelief.test\bin\debug\netcoreapp2.0\modelrelief.test.dll" id="35e6d611-1de9-44ca-bb23-e6faca4a01be"><Execution id="98640ef8-42ad-4552-85e7-6465a72ddaff" /><TestMethod codeBase="D:\ModelRelief\ModelRelief.test\bin\Debug\netcoreapp2.0\ModelRelief.Test.dll" adapterTypeName="executor://xunit/VsTestRunner2/netcoreapp" className="ModelRelief.Test.Integration.DepthBuffers.DepthBuffersBaseIntegrationTests" name="Patch_InvalidEnumPropertyValueReturnsBadRequest" /></UnitTest><UnitTest name="Post_InvalidReferencePropertyReturnsBadRequest" storage="d:\modelrelief\modelrelief.test\bin\debug\netcoreapp2.0\modelrelief.test.dll" id="28d2507d-0bbb-4c6c-a3e5-d8dc6a77a440"><Execution id="83f4ec62-69fa-4e7c-b467-5f1620d4f8ca" /><TestMethod codeBase="D:\ModelRelief\ModelRelief.test\bin\Debug\netcoreapp2.0\ModelRelief.Test.dll" adapterTypeName="executor://xunit/VsTestRunner2/netcoreapp" className="ModelRelief.Test.Integration.DepthBuffers.DepthBuffersBaseIntegrationTests" name="Post_InvalidReferencePropertyReturnsBadRequest" /></UnitTest><UnitTest name="Put_InvalidReferencePropertyReturndBadRequest" storage="d:\modelrelief\modelrelief.test\bin\debug\netcoreapp2.0\modelrelief.test.dll" id="45ad3a4c-82f2-4985-94b6-60c2b8050b7b"><Execution id="af634955-ad5f-43f0-a56d-dff6a5e8307e" /><TestMethod codeBase="D:\ModelRelief\ModelRelief.test\bin\Debug\netcoreapp2.0\ModelRelief.Test.dll" adapterTypeName="executor://xunit/VsTestRunner2/netcoreapp" className="ModelRelief.Test.Integration.Models.ModelsBaseIntegrationTests" name="Put_InvalidReferencePropertyReturndBadRequest" /></UnitTest><UnitTest name="PostFile_FileIsSynchronizedIsUpdatedAfterFileIsPosted" storage="d:\modelrelief\modelrelief.test\bin\debug\netcoreapp2.0\modelrelief.test.dll" id="03094d07-5621-48d0-9751-5b42ead1677b"><Execution id="f60bba83-163b-45cf-b91e-dbd7d7cadff6" /><TestMethod codeBase="D:\ModelRelief\ModelRelief.test\bin\Debug\netcoreapp2.0\ModelRelief.Test.dll" adapterTypeName="executor://xunit/VsTestRunner2/netcoreapp" className="ModelRelief.Test.Integration.Models.ModelsFileIntegrationTests" name="PostFile_FileIsSynchronizedIsUpdatedAfterFileIsPosted" /></UnitTest><UnitTest name="Patch_MultipleInvalidReferencePropertiesReturnsMultipleValidationErrorsAndBadRequest" storage="d:\modelrelief\modelrelief.test\bin\debug\netcoreapp2.0\modelrelief.test.dll" id="69fae97a-4799-4c27-891c-92aa981830a7"><Execution id="042255b4-c332-491e-9b13-c9e118aa042c" /><TestMethod codeBase="D:\ModelRelief\ModelRelief.test\bin\Debug\netcoreapp2.0\ModelRelief.Test.dll" adapterTypeName="executor://xunit/VsTestRunner2/netcoreapp" className="ModelRelief.Test.Integration.Projects.ProjectsBaseIntegrationTests" name="Patch_MultipleInvalidReferencePropertiesReturnsMultipleValidationErrorsAndBadRequest" /></UnitTest><UnitTest name="Patch_InvalidReferencePropertyReturnsBadRequest" storage="d:\modelrelief\modelrelief.test\bin\debug\netcoreapp2.0\modelrelief.test.dll" id="5dbcebe4-27f7-4a85-8bd3-1fdd77531239"><Execution id="1f0a55bd-4dad-4a56-b1b2-534f9901c88a" /><TestMethod codeBase="D:\ModelRelief\ModelRelief.test\bin\Debug\netcoreapp2.0\ModelRelief.Test.dll" adapterTypeName="executor://xunit/VsTestRunner2/netcoreapp" className="ModelRelief.Test.Integration.Models.ModelsBaseIntegrationTests" name="Patch_InvalidReferencePropertyReturnsBadRequest" /></UnitTest><UnitTest name="GetSingle_InvalidIdPropertyValueReturnsNotFound" storage="d:\modelrelief\modelrelief.test\bin\debug\netcoreapp2.0\modelrelief.test.dll" id="e61e9007-6899-4ca2-9556-66029565b81c"><Execution id="dc3440c7-77b6-4c10-b4ae-5e7de4b11d9a" /><TestMethod codeBase="D:\ModelRelief\ModelRelief.test\bin\Debug\netcoreapp2.0\ModelRelief.Test.dll" adapterTypeName="executor://xunit/VsTestRunner2/netcoreapp" className="ModelRelief.Test.Integration.DepthBuffers.DepthBuffersBaseIntegrationTests" name="GetSingle_InvalidIdPropertyValueReturnsNotFound" /></UnitTest><UnitTest name="Put_ValidReferencePropertyUpdatesModel" storage="d:\modelrelief\modelrelief.test\bin\debug\netcoreapp2.0\modelrelief.test.dll" id="9bf47e49-8dd8-44fc-a95b-74fdd28d897a"><Execution id="1ed409b7-168e-4ed4-a4af-50b874a28856" /><TestMethod codeBase="D:\ModelRelief\ModelRelief.test\bin\Debug\netcoreapp2.0\ModelRelief.Test.dll" adapterTypeName="executor://xunit/VsTestRunner2/netcoreapp" className="ModelRelief.Test.Integration.DepthBuffers.DepthBuffersBaseIntegrationTests" name="Put_ValidReferencePropertyUpdatesModel" /></UnitTest><UnitTest name="FileRequest_MeshGenerateSetsFileIsSynchronized" storage="d:\modelrelief\modelrelief.test\bin\debug\netcoreapp2.0\modelrelief.test.dll" id="b97e19f1-99f6-4b51-8c74-1e980e0fed96"><Execution id="5251fc40-1592-4011-8e66-48ebb05a2d7b" /><TestMethod codeBase="D:\ModelRelief\ModelRelief.test\bin\Debug\netcoreapp2.0\ModelRelief.Test.dll" adapterTypeName="executor://xunit/VsTestRunner2/netcoreapp" className="ModelRelief.Test.Integration.Meshes.MeshesFileIntegrationTests" name="FileRequest_MeshGenerateSetsFileIsSynchronized" /></UnitTest><UnitTest name="Patch_TargetPropertyIsUpdated" storage="d:\modelrelief\modelrelief.test\bin\debug\netcoreapp2.0\modelrelief.test.dll" id="a844dac9-9dba-490c-a6bd-b013b0f79787"><Execution id="65a4a2b6-f523-4712-a465-9762b75611de" /><TestMethod codeBase="D:\ModelRelief\ModelRelief.test\bin\Debug\netcoreapp2.0\ModelRelief.Test.dll" adapterTypeName="executor://xunit/VsTestRunner2/netcoreapp" className="ModelRelief.Test.Integration.DepthBuffers.DepthBuffersBaseIntegrationTests" name="Patch_TargetPropertyIsUpdated" /></UnitTest><UnitTest name="Patch_ValidReferencePropertyUpdatesModel" storage="d:\modelrelief\modelrelief.test\bin\debug\netcoreapp2.0\modelrelief.test.dll" id="34b29d67-fefb-45ee-b556-fcfe5396c449"><Execution id="5fbfb9e7-7778-48ba-a52c-ec75e5a6b5db" /><TestMethod codeBase="D:\ModelRelief\ModelRelief.test\bin\Debug\netcoreapp2.0\ModelRelief.Test.dll" adapterTypeName="executor://xunit/VsTestRunner2/netcoreapp" className="ModelRelief.Test.Integration.DepthBuffers.DepthBuffersBaseIntegrationTests" name="Patch_ValidReferencePropertyUpdatesModel" /></UnitTest><UnitTest name="GetList_ListReturnsCorrectCount" storage="d:\modelrelief\modelrelief.test\bin\debug\netcoreapp2.0\modelrelief.test.dll" id="d46224ec-c9f3-41eb-b9fb-7e6d37608085"><Execution id="8372d4f4-6bb3-4355-9502-d42fc49c54bf" /><TestMethod codeBase="D:\ModelRelief\ModelRelief.test\bin\Debug\netcoreapp2.0\ModelRelief.Test.dll" adapterTypeName="executor://xunit/VsTestRunner2/netcoreapp" className="ModelRelief.Test.Integration.Meshes.MeshesBaseIntegrationTests" name="GetList_ListReturnsCorrectCount" /></UnitTest><UnitTest name="PostFile_FileIsSynchronizedIsUpdatedAfterFileIsPosted" storage="d:\modelrelief\modelrelief.test\bin\debug\netcoreapp2.0\modelrelief.test.dll" id="d2ad1572-6c68-439e-8126-2d89931ccd16"><Execution id="90af38b6-a283-4558-8a3a-61d9b7fc12a8" /><TestMethod codeBase="D:\ModelRelief\ModelRelief.test\bin\Debug\netcoreapp2.0\ModelRelief.Test.dll" adapterTypeName="executor://xunit/VsTestRunner2/netcoreapp" className="ModelRelief.Test.Integration.DepthBuffers.DepthBuffersFileIntegrationTests" name="PostFile_FileIsSynchronizedIsUpdatedAfterFileIsPosted" /></UnitTest><UnitTest name="GetSingle_ValidIdPropertyValueReturnsCorrectModel" storage="d:\modelrelief\modelrelief.test\bin\debug\netcoreapp2.0\modelrelief.test.dll" id="da9d0953-5199-47d2-9cb0-6edbf3e85402"><Execution id="a94ea9c1-37bd-4aa9-b2b8-cf022d8cc93a" /><TestMethod codeBase="D:\ModelRelief\ModelRelief.test\bin\Debug\netcoreapp2.0\ModelRelief.Test.dll" adapterTypeName="executor://xunit/VsTestRunner2/netcoreapp" className="ModelRelief.Test.Integration.Projects.ProjectsBaseIntegrationTests" name="GetSingle_ValidIdPropertyValueReturnsCorrectModel" /></UnitTest><UnitTest name="Patch_InvalidIdPropertyReturnsNotFound" storage="d:\modelrelief\modelrelief.test\bin\debug\netcoreapp2.0\modelrelief.test.dll" id="75676f90-eecb-448c-bef1-9f2e4caf4953"><Execution id="cccccf7b-0c31-4141-aafd-8ab07bd1cdbe" /><TestMethod codeBase="D:\ModelRelief\ModelRelief.test\bin\Debug\netcoreapp2.0\ModelRelief.Test.dll" adapterTypeName="executor://xunit/VsTestRunner2/netcoreapp" className="ModelRelief.Test.Integration.Models.ModelsBaseIntegrationTests" name="Patch_InvalidIdPropertyReturnsNotFound" /></UnitTest><UnitTest name="Patch_InvalidReferencePropertyReturnsBadRequest" storage="d:\modelrelief\modelrelief.test\bin\debug\netcoreapp2.0\modelrelief.test.dll" id="74f59eb5-686f-4517-9786-31d6e8ef1bdd"><Execution id="5ad2ce49-4073-41a2-9864-b9a053d7942d" /><TestMethod codeBase="D:\ModelRelief\ModelRelief.test\bin\Debug\netcoreapp2.0\ModelRelief.Test.dll" adapterTypeName="executor://xunit/VsTestRunner2/netcoreapp" className="ModelRelief.Test.Integration.Meshes.MeshesBaseIntegrationTests" name="Patch_InvalidReferencePropertyReturnsBadRequest" /></UnitTest><UnitTest name="Post_CanCreateNewModel" storage="d:\modelrelief\modelrelief.test\bin\debug\netcoreapp2.0\modelrelief.test.dll" id="f955143f-ed17-4c5f-8e46-d860e912714b"><Execution id="71e3cbce-67b3-4f75-b366-a3c1cff7b39a" /><TestMethod codeBase="D:\ModelRelief\ModelRelief.test\bin\Debug\netcoreapp2.0\ModelRelief.Test.dll" adapterTypeName="executor://xunit/VsTestRunner2/netcoreapp" className="ModelRelief.Test.Integration.Models.ModelsBaseIntegrationTests" name="Post_CanCreateNewModel" /></UnitTest><UnitTest name="GetFile_NonExistentFileReturnsNotFound" storage="d:\modelrelief\modelrelief.test\bin\debug\netcoreapp2.0\modelrelief.test.dll" id="72596fc8-ad56-4165-af69-f7d72d7850de"><Execution id="24931793-9b82-4a85-9abb-c68437788561" /><TestMethod codeBase="D:\ModelRelief\ModelRelief.test\bin\Debug\netcoreapp2.0\ModelRelief.Test.dll" adapterTypeName="executor://xunit/VsTestRunner2/netcoreapp" className="ModelRelief.Test.Integration.Models.ModelsFileIntegrationTests" name="GetFile_NonExistentFileReturnsNotFound" /></UnitTest><UnitTest name="Put_CanUpdateModel" storage="d:\modelrelief\modelrelief.test\bin\debug\netcoreapp2.0\modelrelief.test.dll" id="78bfd126-6261-4647-a5f7-bc0aa944581b"><Execution id="c76baddb-c18f-4308-a24f-f4197d05486d" /><TestMethod codeBase="D:\ModelRelief\ModelRelief.test\bin\Debug\netcoreapp2.0\ModelRelief.Test.dll" adapterTypeName="executor://xunit/VsTestRunner2/netcoreapp" className="ModelRelief.Test.Integration.MeshTransforms.MeshTransformsBaseIntegrationTests" name="Put_CanUpdateModel" /></UnitTest><UnitTest name="GetSingle_ValidIdPropertyValueReturnsCorrectModel" storage="d:\modelrelief\modelrelief.test\bin\debug\netcoreapp2.0\modelrelief.test.dll" id="2b6ddc5c-b18a-4d24-bfaa-18ce11db506d"><Execution id="bafbbf15-6a96-44ae-9318-ad33dbf9b213" /><TestMethod codeBase="D:\ModelRelief\ModelRelief.test\bin\Debug\netcoreapp2.0\ModelRelief.Test.dll" adapterTypeName="executor://xunit/VsTestRunner2/netcoreapp" className="ModelRelief.Test.Integration.DepthBuffers.DepthBuffersBaseIntegrationTests" name="GetSingle_ValidIdPropertyValueReturnsCorrectModel" /></UnitTest><UnitTest name="Patch_InvalidIdPropertyReturnsNotFound" storage="d:\modelrelief\modelrelief.test\bin\debug\netcoreapp2.0\modelrelief.test.dll" id="1252bc45-7493-4be9-bfba-361a705a6b69"><Execution id="56e0a847-cbf8-43af-92fb-f05d0b1dddac" /><TestMethod codeBase="D:\ModelRelief\ModelRelief.test\bin\Debug\netcoreapp2.0\ModelRelief.Test.dll" adapterTypeName="executor://xunit/VsTestRunner2/netcoreapp" className="ModelRelief.Test.Integration.Projects.ProjectsBaseIntegrationTests" name="Patch_InvalidIdPropertyReturnsNotFound" /></UnitTest><UnitTest name="Patch_InvalidReferencePropertyReturnsBadRequest" storage="d:\modelrelief\modelrelief.test\bin\debug\netcoreapp2.0\modelrelief.test.dll" id="bc54e8f8-6233-4ede-a685-f66416f81d17"><Execution id="1f7c3d54-7806-4247-bd7e-808c8b0a2c3d" /><TestMethod codeBase="D:\ModelRelief\ModelRelief.test\bin\Debug\netcoreapp2.0\ModelRelief.Test.dll" adapterTypeName="executor://xunit/VsTestRunner2/netcoreapp" className="ModelRelief.Test.Integration.Projects.ProjectsBaseIntegrationTests" name="Patch_InvalidReferencePropertyReturnsBadRequest" /></UnitTest><UnitTest name="Put_InvalidReferencePropertyReturndBadRequest" storage="d:\modelrelief\modelrelief.test\bin\debug\netcoreapp2.0\modelrelief.test.dll" id="61c0af0f-e87e-4ba3-abbc-67d8db357a01"><Execution id="5f552d7b-6fd6-447a-9a32-fde8ddb5110c" /><TestMethod codeBase="D:\ModelRelief\ModelRelief.test\bin\Debug\netcoreapp2.0\ModelRelief.Test.dll" adapterTypeName="executor://xunit/VsTestRunner2/netcoreapp" className="ModelRelief.Test.Integration.Projects.ProjectsBaseIntegrationTests" name="Put_InvalidReferencePropertyReturndBadRequest" /></UnitTest><UnitTest name="GetSingle_InvalidIdPropertyValueReturnsNotFound" storage="d:\modelrelief\modelrelief.test\bin\debug\netcoreapp2.0\modelrelief.test.dll" id="0b957fe9-fbbd-4d1d-80b2-b2eceaf21ea1"><Execution id="20a43962-2149-4298-b100-33a0c9dcaa6c" /><TestMethod codeBase="D:\ModelRelief\ModelRelief.test\bin\Debug\netcoreapp2.0\ModelRelief.Test.dll" adapterTypeName="executor://xunit/VsTestRunner2/netcoreapp" className="ModelRelief.Test.Integration.MeshTransforms.MeshTransformsBaseIntegrationTests" name="GetSingle_InvalidIdPropertyValueReturnsNotFound" /></UnitTest><UnitTest name="Patch_InvalidPropertyNameReturnsBadRequest" storage="d:\modelrelief\modelrelief.test\bin\debug\netcoreapp2.0\modelrelief.test.dll" id="56c0e008-0b81-4277-9a9e-e1c843ea4514"><Execution id="7b32e8ad-15c7-4147-9f46-60cfb8b9d3a8" /><TestMethod codeBase="D:\ModelRelief\ModelRelief.test\bin\Debug\netcoreapp2.0\ModelRelief.Test.dll" adapterTypeName="executor://xunit/VsTestRunner2/netcoreapp" className="ModelRelief.Test.Integration.Models.ModelsBaseIntegrationTests" name="Patch_InvalidPropertyNameReturnsBadRequest" /></UnitTest><UnitTest name="Patch_MultipleInvalidReferencePropertiesReturnsMultipleValidationErrorsAndBadRequest" storage="d:\modelrelief\modelrelief.test\bin\debug\netcoreapp2.0\modelrelief.test.dll" id="dd578e51-d6ff-4f71-9870-c96fe3a9fc9f"><Execution id="be405c19-9cc8-4e79-ad8a-b08af6ad0985" /><TestMethod codeBase="D:\ModelRelief\ModelRelief.test\bin\Debug\netcoreapp2.0\ModelRelief.Test.dll" adapterTypeName="executor://xunit/VsTestRunner2/netcoreapp" className="ModelRelief.Test.Integration.Models.ModelsBaseIntegrationTests" name="Patch_MultipleInvalidReferencePropertiesReturnsMultipleValidationErrorsAndBadRequest" /></UnitTest><UnitTest name="Patch_InvalidIdPropertyReturnsNotFound" storage="d:\modelrelief\modelrelief.test\bin\debug\netcoreapp2.0\modelrelief.test.dll" id="732ce57f-397b-42eb-a67f-841599ec37b0"><Execution id="36e249a9-b73f-430e-8b90-43d6bf158de2" /><TestMethod codeBase="D:\ModelRelief\ModelRelief.test\bin\Debug\netcoreapp2.0\ModelRelief.Test.dll" adapterTypeName="executor://xunit/VsTestRunner2/netcoreapp" className="ModelRelief.Test.Integration.Meshes.MeshesBaseIntegrationTests" name="Patch_InvalidIdPropertyReturnsNotFound" /></UnitTest><UnitTest name="Patch_TargetPropertyIsUpdated" storage="d:\modelrelief\modelrelief.test\bin\debug\netcoreapp2.0\modelrelief.test.dll" id="a842acc1-43a7-49cb-860f-a65e447a81cc"><Execution id="b3241106-9382-4f00-a930-c7dbc051111c" /><TestMethod codeBase="D:\ModelRelief\ModelRelief.test\bin\Debug\netcoreapp2.0\ModelRelief.Test.dll" adapterTypeName="executor://xunit/VsTestRunner2/netcoreapp" className="ModelRelief.Test.Integration.MeshTransforms.MeshTransformsBaseIntegrationTests" name="Patch_TargetPropertyIsUpdated" /></UnitTest><UnitTest name="Put_InvalidReferencePropertyReturndBadRequest" storage="d:\modelrelief\modelrelief.test\bin\debug\netcoreapp2.0\modelrelief.test.dll" id="938f135f-f9b2-476d-b7d4-06e7faa9a40f"><Execution id="77ed418f-a7d5-48bd-b2ef-902b25b88cb5" /><TestMethod codeBase="D:\ModelRelief\ModelRelief.test\bin\Debug\netcoreapp2.0\ModelRelief.Test.dll" adapterTypeName="executor://xunit/VsTestRunner2/netcoreapp" className="ModelRelief.Test.Integration.Cameras.CamerasBaseIntegrationTests" name="Put_InvalidReferencePropertyReturndBadRequest" /></UnitTest><UnitTest name="FileRequest_DepthBufferIsInvalidatedAfterCameraDependencyPropertyChange" storage="d:\modelrelief\modelrelief.test\bin\debug\netcoreapp2.0\modelrelief.test.dll" id="033ca9d8-9a87-46a6-8fab-6663405489b8"><Execution id="e79ef421-adc6-4e3c-b648-bfb51954a2ca" /><TestMethod codeBase="D:\ModelRelief\ModelRelief.test\bin\Debug\netcoreapp2.0\ModelRelief.Test.dll" adapterTypeName="executor://xunit/VsTestRunner2/netcoreapp" className="ModelRelief.Test.Integration.DepthBuffers.DepthBuffersFileIntegrationTests" name="FileRequest_DepthBufferIsInvalidatedAfterCameraDependencyPropertyChange" /></UnitTest><UnitTest name="PutFile_FileCanBeUpdated" storage="d:\modelrelief\modelrelief.test\bin\debug\netcoreapp2.0\modelrelief.test.dll" id="de0c21e1-9536-4d1a-bdc8-f8b5289fd773"><Execution id="8f2fbd30-0e62-48b6-a9c1-26e0cc8422f7" /><TestMethod codeBase="D:\ModelRelief\ModelRelief.test\bin\Debug\netcoreapp2.0\ModelRelief.Test.dll" adapterTypeName="executor://xunit/VsTestRunner2/netcoreapp" className="ModelRelief.Test.Integration.Meshes.MeshesFileIntegrationTests" name="PutFile_FileCanBeUpdated" /></UnitTest><UnitTest name="Put_ValidReferencePropertyUpdatesModel" storage="d:\modelrelief\modelrelief.test\bin\debug\netcoreapp2.0\modelrelief.test.dll" id="5338a30d-5c74-4ce8-874c-b4f7cced9141"><Execution id="0e9206ed-69f7-4b95-82ac-dca2098d052d" /><TestMethod codeBase="D:\ModelRelief\ModelRelief.test\bin\Debug\netcoreapp2.0\ModelRelief.Test.dll" adapterTypeName="executor://xunit/VsTestRunner2/netcoreapp" className="ModelRelief.Test.Integration.Cameras.CamerasBaseIntegrationTests" name="Put_ValidReferencePropertyUpdatesModel" /></UnitTest><UnitTest name="GetSingle_ValidIdPropertyValueReturnsCorrectModel" storage="d:\modelrelief\modelrelief.test\bin\debug\netcoreapp2.0\modelrelief.test.dll" id="6108062f-67a1-4ce6-8cbf-0ce804570bd9"><Execution id="a430d963-a26f-47ea-b47f-d9bdb8730936" /><TestMethod codeBase="D:\ModelRelief\ModelRelief.test\bin\Debug\netcoreapp2.0\ModelRelief.Test.dll" adapterTypeName="executor://xunit/VsTestRunner2/netcoreapp" className="ModelRelief.Test.Integration.MeshTransforms.MeshTransformsBaseIntegrationTests" name="GetSingle_ValidIdPropertyValueReturnsCorrectModel" /></UnitTest><UnitTest name="Post_CanCreateNewModel" storage="d:\modelrelief\modelrelief.test\bin\debug\netcoreapp2.0\modelrelief.test.dll" id="2d710ed6-2b60-48ae-8149-e24c9789027b"><Execution id="a139c194-0fe1-4fa6-8da6-60828e8623aa" /><TestMethod codeBase="D:\ModelRelief\ModelRelief.test\bin\Debug\netcoreapp2.0\ModelRelief.Test.dll" adapterTypeName="executor://xunit/VsTestRunner2/netcoreapp" className="ModelRelief.Test.Integration.MeshTransforms.MeshTransformsBaseIntegrationTests" name="Post_CanCreateNewModel" /></UnitTest><UnitTest name="Post_InvalidReferencePropertyReturnsBadRequest" storage="d:\modelrelief\modelrelief.test\bin\debug\netcoreapp2.0\modelrelief.test.dll" id="f5462948-d498-4949-9933-c3455c13169b"><Execution id="f55fa96f-583d-411a-a0fa-fad1dd8f44c5" /><TestMethod codeBase="D:\ModelRelief\ModelRelief.test\bin\Debug\netcoreapp2.0\ModelRelief.Test.dll" adapterTypeName="executor://xunit/VsTestRunner2/netcoreapp" className="ModelRelief.Test.Integration.Meshes.MeshesBaseIntegrationTests" name="Post_InvalidReferencePropertyReturnsBadRequest" /></UnitTest><UnitTest name="Patch_InvalidReferencePropertyReturnsBadRequest" storage="d:\modelrelief\modelrelief.test\bin\debug\netcoreapp2.0\modelrelief.test.dll" id="b2943ae6-d09e-437e-950a-54fef149cf64"><Execution id="15a16f08-1949-4548-96f6-6a77b4fb12b9" /><TestMethod codeBase="D:\ModelRelief\ModelRelief.test\bin\Debug\netcoreapp2.0\ModelRelief.Test.dll" adapterTypeName="executor://xunit/VsTestRunner2/netcoreapp" className="ModelRelief.Test.Integration.MeshTransforms.MeshTransformsBaseIntegrationTests" name="Patch_InvalidReferencePropertyReturnsBadRequest" /></UnitTest><UnitTest name="Put_CanUpdateModel" storage="d:\modelrelief\modelrelief.test\bin\debug\netcoreapp2.0\modelrelief.test.dll" id="38ece759-a1c7-48a6-86df-34a46b04bb4a"><Execution id="452347b9-4cb1-44a4-82a8-0fc4ca38d908" /><TestMethod codeBase="D:\ModelRelief\ModelRelief.test\bin\Debug\netcoreapp2.0\ModelRelief.Test.dll" adapterTypeName="executor://xunit/VsTestRunner2/netcoreapp" className="ModelRelief.Test.Integration.Cameras.CamerasBaseIntegrationTests" name="Put_CanUpdateModel" /></UnitTest><UnitTest name="Put_CanUpdateModel" storage="d:\modelrelief\modelrelief.test\bin\debug\netcoreapp2.0\modelrelief.test.dll" id="683b6fed-863f-48f2-9f5a-59626041a8a9"><Execution id="14bc361b-de9a-4825-9b25-0610c34ec9f5" /><TestMethod codeBase="D:\ModelRelief\ModelRelief.test\bin\Debug\netcoreapp2.0\ModelRelief.Test.dll" adapterTypeName="executor://xunit/VsTestRunner2/netcoreapp" className="ModelRelief.Test.Integration.Projects.ProjectsBaseIntegrationTests" name="Put_CanUpdateModel" /></UnitTest><UnitTest name="CameraHasExpectedDependentFiles" storage="d:\modelrelief\modelrelief.test\bin\debug\netcoreapp2.0\modelrelief.test.dll" id="a38282a1-f623-480f-bbdf-8f18ffb9fcfd"><Execution id="9f53d5c9-abab-4313-90b9-028ae53c27c5" /><TestMethod codeBase="D:\ModelRelief\ModelRelief.test\bin\Debug\netcoreapp2.0\ModelRelief.Test.dll" adapterTypeName="executor://xunit/VsTestRunner2/netcoreapp" className="ModelRelief.Test.Unit.DependencyManager.DependencyManagerTests" name="CameraHasExpectedDependentFiles" /></UnitTest><UnitTest name="Patch_InvalidEnumPropertyValueReturnsBadRequest" storage="d:\modelrelief\modelrelief.test\bin\debug\netcoreapp2.0\modelrelief.test.dll" id="9bd0d916-548b-47aa-b983-98f04132ecb8"><Execution id="3d51d042-7f98-4a85-b01d-13d1926a9b1e" /><TestMethod codeBase="D:\ModelRelief\ModelRelief.test\bin\Debug\netcoreapp2.0\ModelRelief.Test.dll" adapterTypeName="executor://xunit/VsTestRunner2/netcoreapp" className="ModelRelief.Test.Integration.Models.ModelsBaseIntegrationTests" name="Patch_InvalidEnumPropertyValueReturnsBadRequest" /></UnitTest><UnitTest name="GetSingle_InvalidIdPropertyValueReturnsNotFound" storage="d:\modelrelief\modelrelief.test\bin\debug\netcoreapp2.0\modelrelief.test.dll" id="cd2ef66f-6d78-4227-8788-71c1d186ad54"><Execution id="79d6b2fc-86d5-4d30-b8e2-7b2183e2fdf5" /><TestMethod codeBase="D:\ModelRelief\ModelRelief.test\bin\Debug\netcoreapp2.0\ModelRelief.Test.dll" adapterTypeName="executor://xunit/VsTestRunner2/netcoreapp" className="ModelRelief.Test.Integration.Models.ModelsBaseIntegrationTests" name="GetSingle_InvalidIdPropertyValueReturnsNotFound" /></UnitTest><UnitTest name="Patch_TargetPropertyIsUpdated" storage="d:\modelrelief\modelrelief.test\bin\debug\netcoreapp2.0\modelrelief.test.dll" id="53e757ca-76f5-495f-bde9-3a5491566187"><Execution id="93a5dc5d-e7fe-4a03-bb59-df262ccc6784" /><TestMethod codeBase="D:\ModelRelief\ModelRelief.test\bin\Debug\netcoreapp2.0\ModelRelief.Test.dll" adapterTypeName="executor://xunit/VsTestRunner2/netcoreapp" className="ModelRelief.Test.Integration.Cameras.CamerasBaseIntegrationTests" name="Patch_TargetPropertyIsUpdated" /></UnitTest><UnitTest name="Delete_TargetModelIsDeleted" storage="d:\modelrelief\modelrelief.test\bin\debug\netcoreapp2.0\modelrelief.test.dll" id="f58354e8-c3c8-446f-b28a-8fa969d722cd"><Execution id="12f160a8-d957-44e8-8385-3584163a30bd" /><TestMethod codeBase="D:\ModelRelief\ModelRelief.test\bin\Debug\netcoreapp2.0\ModelRelief.Test.dll" adapterTypeName="executor://xunit/VsTestRunner2/netcoreapp" className="ModelRelief.Test.Integration.Models.ModelsBaseIntegrationTests" name="Delete_TargetModelIsDeleted" /></UnitTest><UnitTest name="Patch_InvalidEnumPropertyValueReturnsBadRequest" storage="d:\modelrelief\modelrelief.test\bin\debug\netcoreapp2.0\modelrelief.test.dll" id="f4aef96d-bda9-4a5b-8420-f616b76816ff"><Execution id="c9d7d58f-7d7d-4093-ba83-f702ec371703" /><TestMethod codeBase="D:\ModelRelief\ModelRelief.test\bin\Debug\netcoreapp2.0\ModelRelief.Test.dll" adapterTypeName="executor://xunit/VsTestRunner2/netcoreapp" className="ModelRelief.Test.Integration.Cameras.CamerasBaseIntegrationTests" name="Patch_InvalidEnumPropertyValueReturnsBadRequest" /></UnitTest><UnitTest name="Patch_MultipleInvalidReferencePropertiesReturnsMultipleValidationErrorsAndBadRequest" storage="d:\modelrelief\modelrelief.test\bin\debug\netcoreapp2.0\modelrelief.test.dll" id="44500a9a-b50b-40a9-b501-398e20bebe9e"><Execution id="2d915910-9409-4033-9b5a-77833d30dbe5" /><TestMethod codeBase="D:\ModelRelief\ModelRelief.test\bin\Debug\netcoreapp2.0\ModelRelief.Test.dll" adapterTypeName="executor://xunit/VsTestRunner2/netcoreapp" className="ModelRelief.Test.Integration.MeshTransforms.MeshTransformsBaseIntegrationTests" name="Patch_MultipleInvalidReferencePropertiesReturnsMultipleValidationErrorsAndBadRequest" /></UnitTest><UnitTest name="Post_InvalidPropertyValueReturnsBadRequest" storage="d:\modelrelief\modelrelief.test\bin\debug\netcoreapp2.0\modelrelief.test.dll" id="fa28b323-8a9f-4a9f-af50-503c499bc4b8"><Execution id="ae5b92ad-bfae-4c5d-9fad-482640704ce6" /><TestMethod codeBase="D:\ModelRelief\ModelRelief.test\bin\Debug\netcoreapp2.0\ModelRelief.Test.dll" adapterTypeName="executor://xunit/VsTestRunner2/netcoreapp" className="ModelRelief.Test.Integration.Cameras.CamerasBaseIntegrationTests" name="Post_InvalidPropertyValueReturnsBadRequest" /></UnitTest><UnitTest name="DepthBufferHasExpectedDependentFiles" storage="d:\modelrelief\modelrelief.test\bin\debug\netcoreapp2.0\modelrelief.test.dll" id="dba0ad69-60db-456b-9893-7f4d4be2bd85"><Execution id="94d9fb0d-644c-4d4b-9ac3-cbb776839e94" /><TestMethod codeBase="D:\ModelRelief\ModelRelief.test\bin\Debug\netcoreapp2.0\ModelRelief.Test.dll" adapterTypeName="executor://xunit/VsTestRunner2/netcoreapp" className="ModelRelief.Test.Unit.DependencyManager.DependencyManagerTests" name="DepthBufferHasExpectedDependentFiles" /></UnitTest><UnitTest name="Post_InvalidPropertyValueReturnsBadRequest" storage="d:\modelrelief\modelrelief.test\bin\debug\netcoreapp2.0\modelrelief.test.dll" id="5baf8c02-40a9-4162-acc3-30116780fd5a"><Execution id="64a437dd-829f-406b-beaa-5474e5e85eac" /><TestMethod codeBase="D:\ModelRelief\ModelRelief.test\bin\Debug\netcoreapp2.0\ModelRelief.Test.dll" adapterTypeName="executor://xunit/VsTestRunner2/netcoreapp" className="ModelRelief.Test.Integration.Models.ModelsBaseIntegrationTests" name="Post_InvalidPropertyValueReturnsBadRequest" /></UnitTest><UnitTest name="Patch_InvalidPropertyNameReturnsBadRequest" storage="d:\modelrelief\modelrelief.test\bin\debug\netcoreapp2.0\modelrelief.test.dll" id="21791dbf-f7c6-47bb-95fd-45c217a0a083"><Execution id="ba9559ac-229c-4e7d-9e17-75e3c573bb53" /><TestMethod codeBase="D:\ModelRelief\ModelRelief.test\bin\Debug\netcoreapp2.0\ModelRelief.Test.dll" adapterTypeName="executor://xunit/VsTestRunner2/netcoreapp" className="ModelRelief.Test.Integration.DepthBuffers.DepthBuffersBaseIntegrationTests" name="Patch_InvalidPropertyNameReturnsBadRequest" /></UnitTest><UnitTest name="Post_CanCreateNewModel" storage="d:\modelrelief\modelrelief.test\bin\debug\netcoreapp2.0\modelrelief.test.dll" id="731a3f32-4375-4208-baec-3da2bf587952"><Execution id="85fc8ba0-063b-4f92-9beb-d6125e894b96" /><TestMethod codeBase="D:\ModelRelief\ModelRelief.test\bin\Debug\netcoreapp2.0\ModelRelief.Test.dll" adapterTypeName="executor://xunit/VsTestRunner2/netcoreapp" className="ModelRelief.Test.Integration.Projects.ProjectsBaseIntegrationTests" name="Post_CanCreateNewModel" /></UnitTest><UnitTest name="Post_CanCreateNewModel" storage="d:\modelrelief\modelrelief.test\bin\debug\netcoreapp2.0\modelrelief.test.dll" id="521aa317-26a6-45d9-bdb1-67c07ecc205c"><Execution id="9c9929e4-8191-41ab-b509-fbe21359fcb4" /><TestMethod codeBase="D:\ModelRelief\ModelRelief.test\bin\Debug\netcoreapp2.0\ModelRelief.Test.dll" adapterTypeName="executor://xunit/VsTestRunner2/netcoreapp" className="ModelRelief.Test.Integration.Meshes.MeshesBaseIntegrationTests" name="Post_CanCreateNewModel" /></UnitTest><UnitTest name="Model3dHasExpectedDependentFiles" storage="d:\modelrelief\modelrelief.test\bin\debug\netcoreapp2.0\modelrelief.test.dll" id="ef4a5f89-8b92-4212-81b2-a51f262c72c9"><Execution id="d1d5ded2-cf85-407d-ae0c-ca9de13c1c4c" /><TestMethod codeBase="D:\ModelRelief\ModelRelief.test\bin\Debug\netcoreapp2.0\ModelRelief.Test.dll" adapterTypeName="executor://xunit/VsTestRunner2/netcoreapp" className="ModelRelief.Test.Unit.DependencyManager.DependencyManagerTests" name="Model3dHasExpectedDependentFiles" /></UnitTest><UnitTest name="GetFile_NonExistentFileReturnsNotFound" storage="d:\modelrelief\modelrelief.test\bin\debug\netcoreapp2.0\modelrelief.test.dll" id="4cc2c523-cdf5-431b-890f-113ec7a02de5"><Execution id="f6106271-f0da-4089-81c9-1dfd5b9e8d4f" /><TestMethod codeBase="D:\ModelRelief\ModelRelief.test\bin\Debug\netcoreapp2.0\ModelRelief.Test.dll" adapterTypeName="executor://xunit/VsTestRunner2/netcoreapp" className="ModelRelief.Test.Integration.Meshes.MeshesFileIntegrationTests" name="GetFile_NonExistentFileReturnsNotFound" /></UnitTest><UnitTest name="Post_ValidReferencePropertyCreatesModel" storage="d:\modelrelief\modelrelief.test\bin\debug\netcoreapp2.0\modelrelief.test.dll" id="de238f4e-d8f7-487e-a589-9cd371c2e221"><Execution id="e1d2d6a9-2c92-4dc6-963c-be4e1f210565" /><TestMethod codeBase="D:\ModelRelief\ModelRelief.test\bin\Debug\netcoreapp2.0\ModelRelief.Test.dll" adapterTypeName="executor://xunit/VsTestRunner2/netcoreapp" className="ModelRelief.Test.Integration.MeshTransforms.MeshTransformsBaseIntegrationTests" name="Post_ValidReferencePropertyCreatesModel" /></UnitTest><UnitTest name="Put_InvalidIdReturnsNotFound" storage="d:\modelrelief\modelrelief.test\bin\debug\netcoreapp2.0\modelrelief.test.dll" id="eae8a4bc-c96b-470e-9c1b-bd7b55ce9475"><Execution id="f7f41b6a-c958-4f3f-aeb6-3d8215af2d31" /><TestMethod codeBase="D:\ModelRelief\ModelRelief.test\bin\Debug\netcoreapp2.0\ModelRelief.Test.dll" adapterTypeName="executor://xunit/VsTestRunner2/netcoreapp" className="ModelRelief.Test.Integration.Cameras.CamerasBaseIntegrationTests" name="Put_InvalidIdReturnsNotFound" /></UnitTest><UnitTest name="Patch_InvalidReferencePropertyReturnsBadRequest" storage="d:\modelrelief\modelrelief.test\bin\debug\netcoreapp2.0\modelrelief.test.dll" id="fcacf28f-6969-497c-a325-1c71d8820ab3"><Execution id="3011f1b3-0b25-4519-9caf-20d7fdf64123" /><TestMethod codeBase="D:\ModelRelief\ModelRelief.test\bin\Debug\netcoreapp2.0\ModelRelief.Test.dll" adapterTypeName="executor://xunit/VsTestRunner2/netcoreapp" className="ModelRelief.Test.Integration.Cameras.CamerasBaseIntegrationTests" name="Patch_InvalidReferencePropertyReturnsBadRequest" /></UnitTest><UnitTest name="Delete_TargetModelIsDeleted" storage="d:\modelrelief\modelrelief.test\bin\debug\netcoreapp2.0\modelrelief.test.dll" id="412efb86-7adb-4e56-a387-5d4ef984100c"><Execution id="496389ee-41bf-4987-bb1f-b02abd5bbc1c" /><TestMethod codeBase="D:\ModelRelief\ModelRelief.test\bin\Debug\netcoreapp2.0\ModelRelief.Test.dll" adapterTypeName="executor://xunit/VsTestRunner2/netcoreapp" className="ModelRelief.Test.Integration.Meshes.MeshesBaseIntegrationTests" name="Delete_TargetModelIsDeleted" /></UnitTest><UnitTest name="LucyModel3dHasTwoDependents" storage="d:\modelrelief\modelrelief.test\bin\debug\netcoreapp2.0\modelrelief.test.dll" id="df38d2c2-3b3d-4dfb-81df-88c8265e4ba6"><Execution id="5da127a6-882c-4350-8078-bff1da52c2fd" /><TestMethod codeBase="D:\ModelRelief\ModelRelief.test\bin\Debug\netcoreapp2.0\ModelRelief.Test.dll" adapterTypeName="executor://xunit/VsTestRunner2/netcoreapp" className="ModelRelief.Test.Unit.DependencyManager.DependencyManagerTests" name="LucyModel3dHasTwoDependents" /></UnitTest><UnitTest name="Post_ValidReferencePropertyCreatesModel" storage="d:\modelrelief\modelrelief.test\bin\debug\netcoreapp2.0\modelrelief.test.dll" id="c7c9f3a1-74d4-457f-871c-86f2472820cf"><Execution id="a1623fa8-e15b-47ad-8498-7e03ea2a8ac3" /><TestMethod codeBase="D:\ModelRelief\ModelRelief.test\bin\Debug\netcoreapp2.0\ModelRelief.Test.dll" adapterTypeName="executor://xunit/VsTestRunner2/netcoreapp" className="ModelRelief.Test.Integration.Models.ModelsBaseIntegrationTests" name="Post_ValidReferencePropertyCreatesModel" /></UnitTest><UnitTest name="Patch_InvalidIdPropertyReturnsNotFound" storage="d:\modelrelief\modelrelief.test\bin\debug\netcoreapp2.0\modelrelief.test.dll" id="d8c08a77-b624-4421-b340-89dd9eb35bed"><Execution id="c2b30a29-26b3-453e-976f-dc007fbfb410" /><TestMethod codeBase="D:\ModelRelief\ModelRelief.test\bin\Debug\netcoreapp2.0\ModelRelief.Test.dll" adapterTypeName="executor://xunit/VsTestRunner2/netcoreapp" className="ModelRelief.Test.Integration.MeshTransforms.MeshTransformsBaseIntegrationTests" name="Patch_InvalidIdPropertyReturnsNotFound" /></UnitTest><UnitTest name="PutFile_NewFileCanBePut" storage="d:\modelrelief\modelrelief.test\bin\debug\netcoreapp2.0\modelrelief.test.dll" id="41e035ec-d4a3-4b12-9ad6-440c3ba2d142"><Execution id="16a0062b-ea8d-4a3a-91cc-a734f660ac1b" /><TestMethod codeBase="D:\ModelRelief\ModelRelief.test\bin\Debug\netcoreapp2.0\ModelRelief.Test.dll" adapterTypeName="executor://xunit/VsTestRunner2/netcoreapp" className="ModelRelief.Test.Integration.Models.ModelsFileIntegrationTests" name="PutFile_NewFileCanBePut" /></UnitTest><UnitTest name="Delete_TargetModelIsDeleted" storage="d:\modelrelief\modelrelief.test\bin\debug\netcoreapp2.0\modelrelief.test.dll" id="83382093-2160-4975-8d79-b61d18dd3bb5"><Execution id="aaa2a845-7142-4da9-b952-96c2359a7c56" /><TestMethod codeBase="D:\ModelRelief\ModelRelief.test\bin\Debug\netcoreapp2.0\ModelRelief.Test.dll" adapterTypeName="executor://xunit/VsTestRunner2/netcoreapp" className="ModelRelief.Test.Integration.Cameras.CamerasBaseIntegrationTests" name="Delete_TargetModelIsDeleted" /></UnitTest><UnitTest name="Patch_ValidReferencePropertyUpdatesModel" storage="d:\modelrelief\modelrelief.test\bin\debug\netcoreapp2.0\modelrelief.test.dll" id="4e65d83c-a278-4766-8c45-138ab0290a40"><Execution id="6e33f1df-1b1b-4023-8bad-f2c016d89a2a" /><TestMethod codeBase="D:\ModelRelief\ModelRelief.test\bin\Debug\netcoreapp2.0\ModelRelief.Test.dll" adapterTypeName="executor://xunit/VsTestRunner2/netcoreapp" className="ModelRelief.Test.Integration.Models.ModelsBaseIntegrationTests" name="Patch_ValidReferencePropertyUpdatesModel" /></UnitTest><UnitTest name="Patch_ValidReferencePropertyUpdatesModel" storage="d:\modelrelief\modelrelief.test\bin\debug\netcoreapp2.0\modelrelief.test.dll" id="c526a8e3-3006-4193-9008-3570898c1fbc"><Execution id="0a26452b-71ca-42be-a58b-759f17bec718" /><TestMethod codeBase="D:\ModelRelief\ModelRelief.test\bin\Debug\netcoreapp2.0\ModelRelief.Test.dll" adapterTypeName="executor://xunit/VsTestRunner2/netcoreapp" className="ModelRelief.Test.Integration.Meshes.MeshesBaseIntegrationTests" name="Patch_ValidReferencePropertyUpdatesModel" /></UnitTest><UnitTest name="Post_CanCreateNewModel" storage="d:\modelrelief\modelrelief.test\bin\debug\netcoreapp2.0\modelrelief.test.dll" id="3b3c88a6-5257-4f05-9633-67c0b9a86071"><Execution id="f0e6411f-3868-4cd1-92a8-ffd5eccd089a" /><TestMethod codeBase="D:\ModelRelief\ModelRelief.test\bin\Debug\netcoreapp2.0\ModelRelief.Test.dll" adapterTypeName="executor://xunit/VsTestRunner2/netcoreapp" className="ModelRelief.Test.Integration.Cameras.CamerasBaseIntegrationTests" name="Post_CanCreateNewModel" /></UnitTest><UnitTest name="GetFile_NonExistentFileReturnsNotFound" storage="d:\modelrelief\modelrelief.test\bin\debug\netcoreapp2.0\modelrelief.test.dll" id="46d95a79-4fe4-4884-aec2-25f29cc09e35"><Execution id="0dfa9063-02ce-4404-a860-79dac682cac5" /><TestMethod codeBase="D:\ModelRelief\ModelRelief.test\bin\Debug\netcoreapp2.0\ModelRelief.Test.dll" adapterTypeName="executor://xunit/VsTestRunner2/netcoreapp" className="ModelRelief.Test.Integration.DepthBuffers.DepthBuffersFileIntegrationTests" name="GetFile_NonExistentFileReturnsNotFound" /></UnitTest><UnitTest name="Put_InvalidIdReturnsNotFound" storage="d:\modelrelief\modelrelief.test\bin\debug\netcoreapp2.0\modelrelief.test.dll" id="12eeb361-5114-44fd-b1be-60e3c3048f76"><Execution id="783d742a-3a26-409c-b381-593a4302e337" /><TestMethod codeBase="D:\ModelRelief\ModelRelief.test\bin\Debug\netcoreapp2.0\ModelRelief.Test.dll" adapterTypeName="executor://xunit/VsTestRunner2/netcoreapp" className="ModelRelief.Test.Integration.Meshes.MeshesBaseIntegrationTests" name="Put_InvalidIdReturnsNotFound" /></UnitTest><UnitTest name="LucyCameraFindsAllDependents" storage="d:\modelrelief\modelrelief.test\bin\debug\netcoreapp2.0\modelrelief.test.dll" id="6f93ead9-52df-40c5-a3f1-9d2bde0be261"><Execution id="7df5cf0b-e1d4-4d28-8f0f-abef947b374f" /><TestMethod codeBase="D:\ModelRelief\ModelRelief.test\bin\Debug\netcoreapp2.0\ModelRelief.Test.dll" adapterTypeName="executor://xunit/VsTestRunner2/netcoreapp" className="ModelRelief.Test.Unit.DependencyManager.DependencyManagerTests" name="LucyCameraFindsAllDependents" /></UnitTest><UnitTest name="GetList_ListReturnsCorrectCount" storage="d:\modelrelief\modelrelief.test\bin\debug\netcoreapp2.0\modelrelief.test.dll" id="5d71c976-b95f-4cfc-89fd-00402ae0228d"><Execution id="b81f6044-38ab-46c2-8718-6bc008782906" /><TestMethod codeBase="D:\ModelRelief\ModelRelief.test\bin\Debug\netcoreapp2.0\ModelRelief.Test.dll" adapterTypeName="executor://xunit/VsTestRunner2/netcoreapp" className="ModelRelief.Test.Integration.Cameras.CamerasBaseIntegrationTests" name="GetList_ListReturnsCorrectCount" /></UnitTest><UnitTest name="Put_ValidReferencePropertyUpdatesModel" storage="d:\modelrelief\modelrelief.test\bin\debug\netcoreapp2.0\modelrelief.test.dll" id="e64c0c27-07ec-4337-b3da-f71e139642a3"><Execution id="12e93266-f13f-4bfb-8301-130c34da35b5" /><TestMethod codeBase="D:\ModelRelief\ModelRelief.test\bin\Debug\netcoreapp2.0\ModelRelief.Test.dll" adapterTypeName="executor://xunit/VsTestRunner2/netcoreapp" className="ModelRelief.Test.Integration.Meshes.MeshesBaseIntegrationTests" name="Put_ValidReferencePropertyUpdatesModel" /></UnitTest><UnitTest name="Patch_ValidReferencePropertyUpdatesModel" storage="d:\modelrelief\modelrelief.test\bin\debug\netcoreapp2.0\modelrelief.test.dll" id="9b53690e-96c2-4118-95f7-0702daf3a089"><Execution id="3030547d-9d4e-4fd9-84ee-95159a6844d4" /><TestMethod codeBase="D:\ModelRelief\ModelRelief.test\bin\Debug\netcoreapp2.0\ModelRelief.Test.dll" adapterTypeName="executor://xunit/VsTestRunner2/netcoreapp" className="ModelRelief.Test.Integration.Cameras.CamerasBaseIntegrationTests" name="Patch_ValidReferencePropertyUpdatesModel" /></UnitTest><UnitTest name="GetSingle_InvalidIdPropertyValueReturnsNotFound" storage="d:\modelrelief\modelrelief.test\bin\debug\netcoreapp2.0\modelrelief.test.dll" id="fc092259-c812-4eaf-ac49-99f542626e1f"><Execution id="0dc180f9-554e-43ca-85e5-f74a0a0668d9" /><TestMethod codeBase="D:\ModelRelief\ModelRelief.test\bin\Debug\netcoreapp2.0\ModelRelief.Test.dll" adapterTypeName="executor://xunit/VsTestRunner2/netcoreapp" className="ModelRelief.Test.Integration.Meshes.MeshesBaseIntegrationTests" name="GetSingle_InvalidIdPropertyValueReturnsNotFound" /></UnitTest><UnitTest name="Patch_InvalidIdPropertyReturnsNotFound" storage="d:\modelrelief\modelrelief.test\bin\debug\netcoreapp2.0\modelrelief.test.dll" id="6a4dd464-d4c3-410d-9323-8dac04851d85"><Execution id="8606a941-d802-472e-b998-5523801ae3a6" /><TestMethod codeBase="D:\ModelRelief\ModelRelief.test\bin\Debug\netcoreapp2.0\ModelRelief.Test.dll" adapterTypeName="executor://xunit/VsTestRunner2/netcoreapp" className="ModelRelief.Test.Integration.DepthBuffers.DepthBuffersBaseIntegrationTests" name="Patch_InvalidIdPropertyReturnsNotFound" /></UnitTest><UnitTest name="Put_CanUpdateModel" storage="d:\modelrelief\modelrelief.test\bin\debug\netcoreapp2.0\modelrelief.test.dll" id="0655b8cf-bfd2-4258-960d-cfae28204bf5"><Execution id="bc7a2e7c-0ac4-4820-9962-f0af1fd27fb0" /><TestMethod codeBase="D:\ModelRelief\ModelRelief.test\bin\Debug\netcoreapp2.0\ModelRelief.Test.dll" adapterTypeName="executor://xunit/VsTestRunner2/netcoreapp" className="ModelRelief.Test.Integration.DepthBuffers.DepthBuffersBaseIntegrationTests" name="Put_CanUpdateModel" /></UnitTest><UnitTest name="PostFile_FileTimeStampIsUpdatedAfterFileIsPosted" storage="d:\modelrelief\modelrelief.test\bin\debug\netcoreapp2.0\modelrelief.test.dll" id="a0b8cdfb-1efc-4591-9389-5fab8515978e"><Execution id="e88deea4-bc20-421d-9419-1a8ff98c9bbd" /><TestMethod codeBase="D:\ModelRelief\ModelRelief.test\bin\Debug\netcoreapp2.0\ModelRelief.Test.dll" adapterTypeName="executor://xunit/VsTestRunner2/netcoreapp" className="ModelRelief.Test.Integration.Meshes.MeshesFileIntegrationTests" name="PostFile_FileTimeStampIsUpdatedAfterFileIsPosted" /></UnitTest><UnitTest name="Put_CanUpdateModel" storage="d:\modelrelief\modelrelief.test\bin\debug\netcoreapp2.0\modelrelief.test.dll" id="a4c9ef63-359f-40fd-8dae-e023d07dcf5a"><Execution id="a35cdb46-d7ca-4f4d-acda-8eb270be77a5" /><TestMethod codeBase="D:\ModelRelief\ModelRelief.test\bin\Debug\netcoreapp2.0\ModelRelief.Test.dll" adapterTypeName="executor://xunit/VsTestRunner2/netcoreapp" className="ModelRelief.Test.Integration.Models.ModelsBaseIntegrationTests" name="Put_CanUpdateModel" /></UnitTest><UnitTest name="GetSingle_InvalidIdPropertyValueReturnsNotFound" storage="d:\modelrelief\modelrelief.test\bin\debug\netcoreapp2.0\modelrelief.test.dll" id="273cd03a-5adb-404f-9356-57d2eda3fe21"><Execution id="c8dd8908-6975-452b-8b9b-106fd7dd8d30" /><TestMethod codeBase="D:\ModelRelief\ModelRelief.test\bin\Debug\netcoreapp2.0\ModelRelief.Test.dll" adapterTypeName="executor://xunit/VsTestRunner2/netcoreapp" className="ModelRelief.Test.Integration.Projects.ProjectsBaseIntegrationTests" name="GetSingle_InvalidIdPropertyValueReturnsNotFound" /></UnitTest><UnitTest name="GetList_ListReturnsCorrectCount" storage="d:\modelrelief\modelrelief.test\bin\debug\netcoreapp2.0\modelrelief.test.dll" id="d1d2415c-073f-47b4-9d53-deb42663f4ae"><Execution id="39b56e48-b2e9-4dc8-9fb2-e197b7434192" /><TestMethod codeBase="D:\ModelRelief\ModelRelief.test\bin\Debug\netcoreapp2.0\ModelRelief.Test.dll" adapterTypeName="executor://xunit/VsTestRunner2/netcoreapp" className="ModelRelief.Test.Integration.Projects.ProjectsBaseIntegrationTests" name="GetList_ListReturnsCorrectCount" /></UnitTest><UnitTest name="Put_InvalidReferencePropertyReturndBadRequest" storage="d:\modelrelief\modelrelief.test\bin\debug\netcoreapp2.0\modelrelief.test.dll" id="13aa17aa-ef15-4648-acca-91be7cb6103f"><Execution id="bec7f033-402c-4ec7-8535-6e24aa61a738" /><TestMethod codeBase="D:\ModelRelief\ModelRelief.test\bin\Debug\netcoreapp2.0\ModelRelief.Test.dll" adapterTypeName="executor://xunit/VsTestRunner2/netcoreapp" className="ModelRelief.Test.Integration.DepthBuffers.DepthBuffersBaseIntegrationTests" name="Put_InvalidReferencePropertyReturndBadRequest" /></UnitTest><UnitTest name="FileRequest_FileCanBeReadAfterRename" storage="d:\modelrelief\modelrelief.test\bin\debug\netcoreapp2.0\modelrelief.test.dll" id="324b81c4-575b-46ef-a047-ae218a95e1c5"><Execution id="3ac782af-66e6-4ed4-a8ef-f15a63758475" /><TestMethod codeBase="D:\ModelRelief\ModelRelief.test\bin\Debug\netcoreapp2.0\ModelRelief.Test.dll" adapterTypeName="executor://xunit/VsTestRunner2/netcoreapp" className="ModelRelief.Test.Integration.DepthBuffers.DepthBuffersFileIntegrationTests" name="FileRequest_FileCanBeReadAfterRename" /></UnitTest><UnitTest name="FileRequest_FileCanBeReadAfterRename" storage="d:\modelrelief\modelrelief.test\bin\debug\netcoreapp2.0\modelrelief.test.dll" id="155f6579-5adf-4cb5-a986-c827b00c526f"><Execution id="d7a9f097-cc09-4752-ab9e-8eef336833c8" /><TestMethod codeBase="D:\ModelRelief\ModelRelief.test\bin\Debug\netcoreapp2.0\ModelRelief.Test.dll" adapterTypeName="executor://xunit/VsTestRunner2/netcoreapp" className="ModelRelief.Test.Integration.Models.ModelsFileIntegrationTests" name="FileRequest_FileCanBeReadAfterRename" /></UnitTest><UnitTest name="GetSingle_InvalidIdPropertyValueReturnsNotFound" storage="d:\modelrelief\modelrelief.test\bin\debug\netcoreapp2.0\modelrelief.test.dll" id="4c13ede9-f3e4-473c-a906-617c273107d4"><Execution id="e3d66f2a-8bd7-498a-9964-9515152129da" /><TestMethod codeBase="D:\ModelRelief\ModelRelief.test\bin\Debug\netcoreapp2.0\ModelRelief.Test.dll" adapterTypeName="executor://xunit/VsTestRunner2/netcoreapp" className="ModelRelief.Test.Integration.Cameras.CamerasBaseIntegrationTests" name="GetSingle_InvalidIdPropertyValueReturnsNotFound" /></UnitTest><UnitTest name="Put_InvalidIdReturnsNotFound" storage="d:\modelrelief\modelrelief.test\bin\debug\netcoreapp2.0\modelrelief.test.dll" id="f3c9a4b7-2905-4309-8991-f762571bf0f3"><Execution id="70117907-bcf4-40de-b642-8217303fee24" /><TestMethod codeBase="D:\ModelRelief\ModelRelief.test\bin\Debug\netcoreapp2.0\ModelRelief.Test.dll" adapterTypeName="executor://xunit/VsTestRunner2/netcoreapp" className="ModelRelief.Test.Integration.MeshTransforms.MeshTransformsBaseIntegrationTests" name="Put_InvalidIdReturnsNotFound" /></UnitTest><UnitTest name="Post_ValidReferencePropertyCreatesModel" storage="d:\modelrelief\modelrelief.test\bin\debug\netcoreapp2.0\modelrelief.test.dll" id="b59163c2-3075-411b-ae88-fc38856a1eea"><Execution id="fb99c2cd-5fb4-40b7-918c-390572ce36c4" /><TestMethod codeBase="D:\ModelRelief\ModelRelief.test\bin\Debug\netcoreapp2.0\ModelRelief.Test.dll" adapterTypeName="executor://xunit/VsTestRunner2/netcoreapp" className="ModelRelief.Test.Integration.Meshes.MeshesBaseIntegrationTests" name="Post_ValidReferencePropertyCreatesModel" /></UnitTest><UnitTest name="GetFile_FileCanBeRoundTripped" storage="d:\modelrelief\modelrelief.test\bin\debug\netcoreapp2.0\modelrelief.test.dll" id="4334c144-55e4-47e8-b620-4d87f7fc7935"><Execution id="9eed650a-a52a-4e71-abd4-8482012d724a" /><TestMethod codeBase="D:\ModelRelief\ModelRelief.test\bin\Debug\netcoreapp2.0\ModelRelief.Test.dll" adapterTypeName="executor://xunit/VsTestRunner2/netcoreapp" className="ModelRelief.Test.Integration.Meshes.MeshesFileIntegrationTests" name="GetFile_FileCanBeRoundTripped" /></UnitTest><UnitTest name="Post_InvalidReferencePropertyReturnsBadRequest" storage="d:\modelrelief\modelrelief.test\bin\debug\netcoreapp2.0\modelrelief.test.dll" id="173a2f97-6cbe-40f6-bf40-4e6df4d99a71"><Execution id="86448619-f225-4ce0-9e99-8ac34f15ddcd" /><TestMethod codeBase="D:\ModelRelief\ModelRelief.test\bin\Debug\netcoreapp2.0\ModelRelief.Test.dll" adapterTypeName="executor://xunit/VsTestRunner2/netcoreapp" className="ModelRelief.Test.Integration.Projects.ProjectsBaseIntegrationTests" name="Post_InvalidReferencePropertyReturnsBadRequest" /></UnitTest><UnitTest name="PostFile_NewFileCanBePosted" storage="d:\modelrelief\modelrelief.test\bin\debug\netcoreapp2.0\modelrelief.test.dll" id="d9e0fa55-f83d-4fbf-8e82-de519f63d22a"><Execution id="dec7d689-6e6a-4e5c-8718-fea3815aa072" /><TestMethod codeBase="D:\ModelRelief\ModelRelief.test\bin\Debug\netcoreapp2.0\ModelRelief.Test.dll" adapterTypeName="executor://xunit/VsTestRunner2/netcoreapp" className="ModelRelief.Test.Integration.Meshes.MeshesFileIntegrationTests" name="PostFile_NewFileCanBePosted" /></UnitTest><UnitTest name="Patch_InvalidPropertyNameReturnsBadRequest" storage="d:\modelrelief\modelrelief.test\bin\debug\netcoreapp2.0\modelrelief.test.dll" id="99711a2d-28cf-42f7-a92f-28bbfc76c96e"><Execution id="6d6472d8-f149-40a1-9b04-63cdbab3d606" /><TestMethod codeBase="D:\ModelRelief\ModelRelief.test\bin\Debug\netcoreapp2.0\ModelRelief.Test.dll" adapterTypeName="executor://xunit/VsTestRunner2/netcoreapp" className="ModelRelief.Test.Integration.Projects.ProjectsBaseIntegrationTests" name="Patch_InvalidPropertyNameReturnsBadRequest" /></UnitTest><UnitTest name="Put_ValidReferencePropertyUpdatesModel" storage="d:\modelrelief\modelrelief.test\bin\debug\netcoreapp2.0\modelrelief.test.dll" id="5b5ceaf1-997e-4d2d-b7e6-72ace2ef060b"><Execution id="7ca12315-7322-4eee-beb3-bbace9a9f8af" /><TestMethod codeBase="D:\ModelRelief\ModelRelief.test\bin\Debug\netcoreapp2.0\ModelRelief.Test.dll" adapterTypeName="executor://xunit/VsTestRunner2/netcoreapp" className="ModelRelief.Test.Integration.Models.ModelsBaseIntegrationTests" name="Put_ValidReferencePropertyUpdatesModel" /></UnitTest><UnitTest name="LucyDepthBufferFindsOneDependent" storage="d:\modelrelief\modelrelief.test\bin\debug\netcoreapp2.0\modelrelief.test.dll" id="d27a5925-a91c-4db8-a928-610575a99bba"><Execution id="1afcd034-771e-4790-9079-da396e2426bc" /><TestMethod codeBase="D:\ModelRelief\ModelRelief.test\bin\Debug\netcoreapp2.0\ModelRelief.Test.dll" adapterTypeName="executor://xunit/VsTestRunner2/netcoreapp" className="ModelRelief.Test.Unit.DependencyManager.DependencyManagerTests" name="LucyDepthBufferFindsOneDependent" /></UnitTest><UnitTest name="Put_InvalidIdReturnsNotFound" storage="d:\modelrelief\modelrelief.test\bin\debug\netcoreapp2.0\modelrelief.test.dll" id="65795621-9722-41bd-9275-73fde7d08eee"><Execution id="2a2cdef5-fbca-46eb-a779-99dfb6c54626" /><TestMethod codeBase="D:\ModelRelief\ModelRelief.test\bin\Debug\netcoreapp2.0\ModelRelief.Test.dll" adapterTypeName="executor://xunit/VsTestRunner2/netcoreapp" className="ModelRelief.Test.Integration.Projects.ProjectsBaseIntegrationTests" name="Put_InvalidIdReturnsNotFound" /></UnitTest><UnitTest name="Patch_TargetPropertyIsUpdated" storage="d:\modelrelief\modelrelief.test\bin\debug\netcoreapp2.0\modelrelief.test.dll" id="a5f4f2a7-7826-46d7-9734-af092fe2ca90"><Execution id="8dea2734-7bb6-4b72-b7c1-cb7a590a15e6" /><TestMethod codeBase="D:\ModelRelief\ModelRelief.test\bin\Debug\netcoreapp2.0\ModelRelief.Test.dll" adapterTypeName="executor://xunit/VsTestRunner2/netcoreapp" className="ModelRelief.Test.Integration.Projects.ProjectsBaseIntegrationTests" name="Patch_TargetPropertyIsUpdated" /></UnitTest><UnitTest name="MeshTransformHasExpectedDependentFiles" storage="d:\modelrelief\modelrelief.test\bin\debug\netcoreapp2.0\modelrelief.test.dll" id="7a39a2cb-9095-4bd2-b640-7c7e70f44e1c"><Execution id="0cda1ebd-8bfe-4e6d-8528-d45422e64926" /><TestMethod codeBase="D:\ModelRelief\ModelRelief.test\bin\Debug\netcoreapp2.0\ModelRelief.Test.dll" adapterTypeName="executor://xunit/VsTestRunner2/netcoreapp" className="ModelRelief.Test.Unit.DependencyManager.DependencyManagerTests" name="MeshTransformHasExpectedDependentFiles" /></UnitTest><UnitTest name="PostFile_FileTimeStampIsUpdatedAfterFileIsPosted" storage="d:\modelrelief\modelrelief.test\bin\debug\netcoreapp2.0\modelrelief.test.dll" id="61dfd635-0508-4fa3-904c-774cc79a2331"><Execution id="5bbe1edd-a081-446b-a238-c8836a7787f7" /><TestMethod codeBase="D:\ModelRelief\ModelRelief.test\bin\Debug\netcoreapp2.0\ModelRelief.Test.dll" adapterTypeName="executor://xunit/VsTestRunner2/netcoreapp" className="ModelRelief.Test.Integration.Models.ModelsFileIntegrationTests" name="PostFile_FileTimeStampIsUpdatedAfterFileIsPosted" /></UnitTest><UnitTest name="Put_ValidReferencePropertyUpdatesModel" storage="d:\modelrelief\modelrelief.test\bin\debug\netcoreapp2.0\modelrelief.test.dll" id="75bbe378-fdd6-4c43-9f53-6aee19fc84a5"><Execution id="d835900d-339b-4953-99c6-e66f14c27b2a" /><TestMethod codeBase="D:\ModelRelief\ModelRelief.test\bin\Debug\netcoreapp2.0\ModelRelief.Test.dll" adapterTypeName="executor://xunit/VsTestRunner2/netcoreapp" className="ModelRelief.Test.Integration.MeshTransforms.MeshTransformsBaseIntegrationTests" name="Put_ValidReferencePropertyUpdatesModel" /></UnitTest><UnitTest name="Patch_InvalidPropertyNameReturnsBadRequest" storage="d:\modelrelief\modelrelief.test\bin\debug\netcoreapp2.0\modelrelief.test.dll" id="09d9cb3b-c049-4915-8ab0-df2df2f0b938"><Execution id="506beacb-2e92-42cc-b1b0-375df22c62b5" /><TestMethod codeBase="D:\ModelRelief\ModelRelief.test\bin\Debug\netcoreapp2.0\ModelRelief.Test.dll" adapterTypeName="executor://xunit/VsTestRunner2/netcoreapp" className="ModelRelief.Test.Integration.MeshTransforms.MeshTransformsBaseIntegrationTests" name="Patch_InvalidPropertyNameReturnsBadRequest" /></UnitTest><UnitTest name="Put_InvalidReferencePropertyReturndBadRequest" storage="d:\modelrelief\modelrelief.test\bin\debug\netcoreapp2.0\modelrelief.test.dll" id="d402e587-787e-4e31-92e8-b55fd77ee265"><Execution id="0e8f30f4-22e2-4590-a97d-1d499c21d39b" /><TestMethod codeBase="D:\ModelRelief\ModelRelief.test\bin\Debug\netcoreapp2.0\ModelRelief.Test.dll" adapterTypeName="executor://xunit/VsTestRunner2/netcoreapp" className="ModelRelief.Test.Integration.Meshes.MeshesBaseIntegrationTests" name="Put_InvalidReferencePropertyReturndBadRequest" /></UnitTest><UnitTest name="Patch_InvalidEnumPropertyValueReturnsBadRequest" storage="d:\modelrelief\modelrelief.test\bin\debug\netcoreapp2.0\modelrelief.test.dll" id="58ecf1bd-bb81-44e1-8046-c7755b48f0e9"><Execution id="2f1c69ed-5b60-4be3-a726-d9b9f007ffce" /><TestMethod codeBase="D:\ModelRelief\ModelRelief.test\bin\Debug\netcoreapp2.0\ModelRelief.Test.dll" adapterTypeName="executor://xunit/VsTestRunner2/netcoreapp" className="ModelRelief.Test.Integration.MeshTransforms.MeshTransformsBaseIntegrationTests" name="Patch_InvalidEnumPropertyValueReturnsBadRequest" /></UnitTest><UnitTest name="Post_InvalidReferencePropertyReturnsBadRequest" storage="d:\modelrelief\modelrelief.test\bin\debug\netcoreapp2.0\modelrelief.test.dll" id="ddb39b5b-70bb-420d-b782-f094e6752d9a"><Execution id="56c0d2af-609f-445f-ab42-5434d36e179e" /><TestMethod codeBase="D:\ModelRelief\ModelRelief.test\bin\Debug\netcoreapp2.0\ModelRelief.Test.dll" adapterTypeName="executor://xunit/VsTestRunner2/netcoreapp" className="ModelRelief.Test.Integration.Cameras.CamerasBaseIntegrationTests" name="Post_InvalidReferencePropertyReturnsBadRequest" /></UnitTest><UnitTest name="PutFile_FileCanBeUpdated" storage="d:\modelrelief\modelrelief.test\bin\debug\netcoreapp2.0\modelrelief.test.dll" id="58f7266d-7c95-4c88-b647-9f5d4892f8cb"><Execution id="9846a2c5-1438-45da-ad19-248f806eceac" /><TestMethod codeBase="D:\ModelRelief\ModelRelief.test\bin\Debug\netcoreapp2.0\ModelRelief.Test.dll" adapterTypeName="executor://xunit/VsTestRunner2/netcoreapp" className="ModelRelief.Test.Integration.DepthBuffers.DepthBuffersFileIntegrationTests" name="PutFile_FileCanBeUpdated" /></UnitTest><UnitTest name="Post_ValidReferencePropertyCreatesModel" storage="d:\modelrelief\modelrelief.test\bin\debug\netcoreapp2.0\modelrelief.test.dll" id="f612d61a-069b-4659-8090-2ca831cf5678"><Execution id="5e5907fe-2798-4fef-99f3-66c00346af2c" /><TestMethod codeBase="D:\ModelRelief\ModelRelief.test\bin\Debug\netcoreapp2.0\ModelRelief.Test.dll" adapterTypeName="executor://xunit/VsTestRunner2/netcoreapp" className="ModelRelief.Test.Integration.DepthBuffers.DepthBuffersBaseIntegrationTests" name="Post_ValidReferencePropertyCreatesModel" /></UnitTest><UnitTest name="Patch_TargetPropertyIsUpdated" storage="d:\modelrelief\modelrelief.test\bin\debug\netcoreapp2.0\modelrelief.test.dll" id="d54b8c61-6502-4118-8f1e-e59c0acfe2d0"><Execution id="6c896705-af64-4137-bbfc-2540c53d767b" /><TestMethod codeBase="D:\ModelRelief\ModelRelief.test\bin\Debug\netcoreapp2.0\ModelRelief.Test.dll" adapterTypeName="executor://xunit/VsTestRunner2/netcoreapp" className="ModelRelief.Test.Integration.Models.ModelsBaseIntegrationTests" name="Patch_TargetPropertyIsUpdated" /></UnitTest><UnitTest name="PostFile_NewFileCanBePosted" storage="d:\modelrelief\modelrelief.test\bin\debug\netcoreapp2.0\modelrelief.test.dll" id="e72df6cd-fbb7-456c-82f0-455be92454ca"><Execution id="8770f547-1863-4e9d-8276-7dfa81bab468" /><TestMethod codeBase="D:\ModelRelief\ModelRelief.test\bin\Debug\netcoreapp2.0\ModelRelief.Test.dll" adapterTypeName="executor://xunit/VsTestRunner2/netcoreapp" className="ModelRelief.Test.Integration.DepthBuffers.DepthBuffersFileIntegrationTests" name="PostFile_NewFileCanBePosted" /></UnitTest><UnitTest name="Put_ValidReferencePropertyUpdatesModel" storage="d:\modelrelief\modelrelief.test\bin\debug\netcoreapp2.0\modelrelief.test.dll" id="1be3f11e-34b3-4e23-8c27-8909a819a001"><Execution id="b3d956c9-e2be-4832-aa0d-fba8e8605c7d" /><TestMethod codeBase="D:\ModelRelief\ModelRelief.test\bin\Debug\netcoreapp2.0\ModelRelief.Test.dll" adapterTypeName="executor://xunit/VsTestRunner2/netcoreapp" className="ModelRelief.Test.Integration.Projects.ProjectsBaseIntegrationTests" name="Put_ValidReferencePropertyUpdatesModel" /></UnitTest><UnitTest name="Patch_ValidReferencePropertyUpdatesModel" storage="d:\modelrelief\modelrelief.test\bin\debug\netcoreapp2.0\modelrelief.test.dll" id="76a907a0-e67d-4de6-a5cf-73f548a17eed"><Execution id="4ae913bc-cdc4-4505-b241-42de3fa583ca" /><TestMethod codeBase="D:\ModelRelief\ModelRelief.test\bin\Debug\netcoreapp2.0\ModelRelief.Test.dll" adapterTypeName="executor://xunit/VsTestRunner2/netcoreapp" className="ModelRelief.Test.Integration.MeshTransforms.MeshTransformsBaseIntegrationTests" name="Patch_ValidReferencePropertyUpdatesModel" /></UnitTest><UnitTest name="Post_InvalidPropertyValueReturnsBadRequest" storage="d:\modelrelief\modelrelief.test\bin\debug\netcoreapp2.0\modelrelief.test.dll" id="e0fd8f4b-46bd-44b3-ab2a-e9d46dc27f5a"><Execution id="16d45b3f-a022-4c22-a27f-61c210e11445" /><TestMethod codeBase="D:\ModelRelief\ModelRelief.test\bin\Debug\netcoreapp2.0\ModelRelief.Test.dll" adapterTypeName="executor://xunit/VsTestRunner2/netcoreapp" className="ModelRelief.Test.Integration.Projects.ProjectsBaseIntegrationTests" name="Post_InvalidPropertyValueReturnsBadRequest" /></UnitTest><UnitTest name="Post_InvalidPropertyValueReturnsBadRequest" storage="d:\modelrelief\modelrelief.test\bin\debug\netcoreapp2.0\modelrelief.test.dll" id="8feaa25b-565f-42fb-ae6d-ce8f3e932341"><Execution id="3128be14-15a8-4967-b692-e1649e9e669b" /><TestMethod codeBase="D:\ModelRelief\ModelRelief.test\bin\Debug\netcoreapp2.0\ModelRelief.Test.dll" adapterTypeName="executor://xunit/VsTestRunner2/netcoreapp" className="ModelRelief.Test.Integration.DepthBuffers.DepthBuffersBaseIntegrationTests" name="Post_InvalidPropertyValueReturnsBadRequest" /></UnitTest><UnitTest name="PostFile_NewFileCanBePosted" storage="d:\modelrelief\modelrelief.test\bin\debug\netcoreapp2.0\modelrelief.test.dll" id="39545cae-2c4f-43b3-be7b-eabd6fdb1d13"><Execution id="5158e135-3f20-49f6-9b00-840b3260e3d5" /><TestMethod codeBase="D:\ModelRelief\ModelRelief.test\bin\Debug\netcoreapp2.0\ModelRelief.Test.dll" adapterTypeName="executor://xunit/VsTestRunner2/netcoreapp" className="ModelRelief.Test.Integration.Models.ModelsFileIntegrationTests" name="PostFile_NewFileCanBePosted" /></UnitTest><UnitTest name="Patch_InvalidEnumPropertyValueReturnsBadRequest" storage="d:\modelrelief\modelrelief.test\bin\debug\netcoreapp2.0\modelrelief.test.dll" id="ba87619c-2369-409e-b4c6-d5c7c4851d2a"><Execution id="45d4604c-307d-4781-bf54-127812eca029" /><TestMethod codeBase="D:\ModelRelief\ModelRelief.test\bin\Debug\netcoreapp2.0\ModelRelief.Test.dll" adapterTypeName="executor://xunit/VsTestRunner2/netcoreapp" className="ModelRelief.Test.Integration.Meshes.MeshesBaseIntegrationTests" name="Patch_InvalidEnumPropertyValueReturnsBadRequest" /></UnitTest><UnitTest name="GetSingle_ValidIdPropertyValueReturnsCorrectModel" storage="d:\modelrelief\modelrelief.test\bin\debug\netcoreapp2.0\modelrelief.test.dll" id="c694a544-50bf-404b-889c-c5f1cdbf331c"><Execution id="e43c0f8b-e99c-42ee-8f6c-a41b2ce06e91" /><TestMethod codeBase="D:\ModelRelief\ModelRelief.test\bin\Debug\netcoreapp2.0\ModelRelief.Test.dll" adapterTypeName="executor://xunit/VsTestRunner2/netcoreapp" className="ModelRelief.Test.Integration.Models.ModelsBaseIntegrationTests" name="GetSingle_ValidIdPropertyValueReturnsCorrectModel" /></UnitTest><UnitTest name="Patch_InvalidPropertyNameReturnsBadRequest" storage="d:\modelrelief\modelrelief.test\bin\debug\netcoreapp2.0\modelrelief.test.dll" id="dede7114-b2c4-4d29-b898-7a11a90c06a9"><Execution id="9a635fb0-dc41-49ab-92ce-e7008f9e7790" /><TestMethod codeBase="D:\ModelRelief\ModelRelief.test\bin\Debug\netcoreapp2.0\ModelRelief.Test.dll" adapterTypeName="executor://xunit/VsTestRunner2/netcoreapp" className="ModelRelief.Test.Integration.Cameras.CamerasBaseIntegrationTests" name="Patch_InvalidPropertyNameReturnsBadRequest" /></UnitTest><UnitTest name="Delete_TargetModelIsDeleted" storage="d:\modelrelief\modelrelief.test\bin\debug\netcoreapp2.0\modelrelief.test.dll" id="7c984ead-ef7e-438c-b43a-dcddac279b5e"><Execution id="c8f95fa1-69b1-44b0-9d75-971d37371ce8" /><TestMethod codeBase="D:\ModelRelief\ModelRelief.test\bin\Debug\netcoreapp2.0\ModelRelief.Test.dll" adapterTypeName="executor://xunit/VsTestRunner2/netcoreapp" className="ModelRelief.Test.Integration.DepthBuffers.DepthBuffersBaseIntegrationTests" name="Delete_TargetModelIsDeleted" /></UnitTest><UnitTest name="Patch_MultipleInvalidReferencePropertiesReturnsMultipleValidationErrorsAndBadRequest" storage="d:\modelrelief\modelrelief.test\bin\debug\netcoreapp2.0\modelrelief.test.dll" id="0cc9b6fd-2d07-464a-8923-39d214b9d089"><Execution id="02c4ea22-452a-4bfe-9cfd-aa6b13890ecf" /><TestMethod codeBase="D:\ModelRelief\ModelRelief.test\bin\Debug\netcoreapp2.0\ModelRelief.Test.dll" adapterTypeName="executor://xunit/VsTestRunner2/netcoreapp" className="ModelRelief.Test.Integration.DepthBuffers.DepthBuffersBaseIntegrationTests" name="Patch_MultipleInvalidReferencePropertiesReturnsMultipleValidationErrorsAndBadRequest" /></UnitTest><UnitTest name="GetFile_ExistingFileReturnsSuccess" storage="d:\modelrelief\modelrelief.test\bin\debug\netcoreapp2.0\modelrelief.test.dll" id="39f22b60-b71d-4b7d-94dd-591830c30800"><Execution id="c042b2ab-bfe2-4964-87d9-70b187783305" /><TestMethod codeBase="D:\ModelRelief\ModelRelief.test\bin\Debug\netcoreapp2.0\ModelRelief.Test.dll" adapterTypeName="executor://xunit/VsTestRunner2/netcoreapp" className="ModelRelief.Test.Integration.Meshes.MeshesFileIntegrationTests" name="GetFile_ExistingFileReturnsSuccess" /></UnitTest><UnitTest name="Patch_TargetPropertyIsUpdated" storage="d:\modelrelief\modelrelief.test\bin\debug\netcoreapp2.0\modelrelief.test.dll" id="df2b916f-d95f-45c6-8c15-bae29aead7a6"><Execution id="8c3f09a7-6cf0-4f2d-a4f8-c4b9159e287c" /><TestMethod codeBase="D:\ModelRelief\ModelRelief.test\bin\Debug\netcoreapp2.0\ModelRelief.Test.dll" adapterTypeName="executor://xunit/VsTestRunner2/netcoreapp" className="ModelRelief.Test.Integration.Meshes.MeshesBaseIntegrationTests" name="Patch_TargetPropertyIsUpdated" /></UnitTest><UnitTest name="Post_InvalidReferencePropertyReturnsBadRequest" storage="d:\modelrelief\modelrelief.test\bin\debug\netcoreapp2.0\modelrelief.test.dll" id="ab10a9e6-2585-4c02-9053-c6d9fdb67f3d"><Execution id="fbf4d327-8dca-4ba8-b306-83dc90636f37" /><TestMethod codeBase="D:\ModelRelief\ModelRelief.test\bin\Debug\netcoreapp2.0\ModelRelief.Test.dll" adapterTypeName="executor://xunit/VsTestRunner2/netcoreapp" className="ModelRelief.Test.Integration.Models.ModelsBaseIntegrationTests" name="Post_InvalidReferencePropertyReturnsBadRequest" /></UnitTest></TestDefinitions><TestEntries><TestEntry testId="0b957fe9-fbbd-4d1d-80b2-b2eceaf21ea1" executionId="20a43962-2149-4298-b100-33a0c9dcaa6c" testListId="8c84fa94-04c1-424b-9868-57a2d4851a1d" /><TestEntry testId="3b3c88a6-5257-4f05-9633-67c0b9a86071" executionId="f0e6411f-3868-4cd1-92a8-ffd5eccd089a" testListId="8c84fa94-04c1-424b-9868-57a2d4851a1d" /><TestEntry testId="a842acc1-43a7-49cb-860f-a65e447a81cc" executionId="b3241106-9382-4f00-a930-c7dbc051111c" testListId="8c84fa94-04c1-424b-9868-57a2d4851a1d" /><TestEntry testId="fc950c24-2c81-4e15-9fb7-941b7a7f1272" executionId="27c86da7-b292-4f4e-ae78-47e35706aa1e" testListId="8c84fa94-04c1-424b-9868-57a2d4851a1d" /><TestEntry testId="b97e19f1-99f6-4b51-8c74-1e980e0fed96" executionId="5251fc40-1592-4011-8e66-48ebb05a2d7b" testListId="8c84fa94-04c1-424b-9868-57a2d4851a1d" /><TestEntry testId="2be1868a-dae2-45d1-a3dd-65bc13750e85" executionId="d18f9c8b-818e-408d-9629-3f51359455c4" testListId="8c84fa94-04c1-424b-9868-57a2d4851a1d" /><TestEntry testId="938f135f-f9b2-476d-b7d4-06e7faa9a40f" executionId="77ed418f-a7d5-48bd-b2ef-902b25b88cb5" testListId="8c84fa94-04c1-424b-9868-57a2d4851a1d" /><TestEntry testId="5baf8c02-40a9-4162-acc3-30116780fd5a" executionId="64a437dd-829f-406b-beaa-5474e5e85eac" testListId="8c84fa94-04c1-424b-9868-57a2d4851a1d" /><TestEntry testId="72596fc8-ad56-4165-af69-f7d72d7850de" executionId="24931793-9b82-4a85-9abb-c68437788561" testListId="8c84fa94-04c1-424b-9868-57a2d4851a1d" /><TestEntry testId="a844dac9-9dba-490c-a6bd-b013b0f79787" executionId="65a4a2b6-f523-4712-a465-9762b75611de" testListId="8c84fa94-04c1-424b-9868-57a2d4851a1d" /><TestEntry testId="38edd036-a57b-4925-987b-785ac45b2c5f" executionId="b92bed28-9e55-4f6a-9c22-c72eb8dcc77c" testListId="8c84fa94-04c1-424b-9868-57a2d4851a1d" /><TestEntry testId="bc54e8f8-6233-4ede-a685-f66416f81d17" executionId="1f7c3d54-7806-4247-bd7e-808c8b0a2c3d" testListId="8c84fa94-04c1-424b-9868-57a2d4851a1d" /><TestEntry testId="155f6579-5adf-4cb5-a986-c827b00c526f" executionId="d7a9f097-cc09-4752-ab9e-8eef336833c8" testListId="8c84fa94-04c1-424b-9868-57a2d4851a1d" /><TestEntry testId="732ce57f-397b-42eb-a67f-841599ec37b0" executionId="36e249a9-b73f-430e-8b90-43d6bf158de2" testListId="8c84fa94-04c1-424b-9868-57a2d4851a1d" /><TestEntry testId="ec5deee6-d6fe-4c6e-9f4b-ffaa34426c13" executionId="e3b2d7f5-700e-49f6-9394-56603dc6e755" testListId="8c84fa94-04c1-424b-9868-57a2d4851a1d" /><TestEntry testId="6fb835f3-a5a8-4ca0-b864-9e5b4706d46f" executionId="dd65b79a-e091-4942-bb5b-3d9f4ac9d847" testListId="8c84fa94-04c1-424b-9868-57a2d4851a1d" /><TestEntry testId="4e03ec92-6ac6-442e-ad6f-0e96caaf8e7c" executionId="2befcadd-29da-4c89-876b-2a8ab6f7156e" testListId="8c84fa94-04c1-424b-9868-57a2d4851a1d" /><TestEntry testId="9b53690e-96c2-4118-95f7-0702daf3a089" executionId="3030547d-9d4e-4fd9-84ee-95159a6844d4" testListId="8c84fa94-04c1-424b-9868-57a2d4851a1d" /><TestEntry testId="ba87619c-2369-409e-b4c6-d5c7c4851d2a" executionId="45d4604c-307d-4781-bf54-127812eca029" testListId="8c84fa94-04c1-424b-9868-57a2d4851a1d" /><TestEntry testId="9bd0d916-548b-47aa-b983-98f04132ecb8" executionId="3d51d042-7f98-4a85-b01d-13d1926a9b1e" testListId="8c84fa94-04c1-424b-9868-57a2d4851a1d" /><TestEntry testId="7c984ead-ef7e-438c-b43a-dcddac279b5e" executionId="c8f95fa1-69b1-44b0-9d75-971d37371ce8" testListId="8c84fa94-04c1-424b-9868-57a2d4851a1d" /><TestEntry testId="5b5ceaf1-997e-4d2d-b7e6-72ace2ef060b" executionId="7ca12315-7322-4eee-beb3-bbace9a9f8af" testListId="8c84fa94-04c1-424b-9868-57a2d4851a1d" /><TestEntry testId="61c0af0f-e87e-4ba3-abbc-67d8db357a01" executionId="5f552d7b-6fd6-447a-9a32-fde8ddb5110c" testListId="8c84fa94-04c1-424b-9868-57a2d4851a1d" /><TestEntry testId="03094d07-5621-48d0-9751-5b42ead1677b" executionId="f60bba83-163b-45cf-b91e-dbd7d7cadff6" testListId="8c84fa94-04c1-424b-9868-57a2d4851a1d" /><TestEntry testId="df2b916f-d95f-45c6-8c15-bae29aead7a6" executionId="8c3f09a7-6cf0-4f2d-a4f8-c4b9159e287c" testListId="8c84fa94-04c1-424b-9868-57a2d4851a1d" /><TestEntry testId="d54b8c61-6502-4118-8f1e-e59c0acfe2d0" executionId="6c896705-af64-4137-bbfc-2540c53d767b" testListId="8c84fa94-04c1-424b-9868-57a2d4851a1d" /><TestEntry testId="f3c9a4b7-2905-4309-8991-f762571bf0f3" executionId="70117907-bcf4-40de-b642-8217303fee24" testListId="8c84fa94-04c1-424b-9868-57a2d4851a1d" /><TestEntry testId="4e65d83c-a278-4766-8c45-138ab0290a40" executionId="6e33f1df-1b1b-4023-8bad-f2c016d89a2a" testListId="8c84fa94-04c1-424b-9868-57a2d4851a1d" /><TestEntry testId="273cd03a-5adb-404f-9356-57d2eda3fe21" executionId="c8dd8908-6975-452b-8b9b-106fd7dd8d30" testListId="8c84fa94-04c1-424b-9868-57a2d4851a1d" /><TestEntry testId="1fd6996e-c210-449b-8519-57f111353041" executionId="71a1a63a-e98d-42d7-a934-455c2231cf69" testListId="8c84fa94-04c1-424b-9868-57a2d4851a1d" /><TestEntry testId="fc092259-c812-4eaf-ac49-99f542626e1f" executionId="0dc180f9-554e-43ca-85e5-f74a0a0668d9" testListId="8c84fa94-04c1-424b-9868-57a2d4851a1d" /><TestEntry testId="fcacf28f-6969-497c-a325-1c71d8820ab3" executionId="3011f1b3-0b25-4519-9caf-20d7fdf64123" testListId="8c84fa94-04c1-424b-9868-57a2d4851a1d" /><TestEntry testId="13aa17aa-ef15-4648-acca-91be7cb6103f" executionId="bec7f033-402c-4ec7-8535-6e24aa61a738" testListId="8c84fa94-04c1-424b-9868-57a2d4851a1d" /><TestEntry testId="da9d0953-5199-47d2-9cb0-6edbf3e85402" executionId="a94ea9c1-37bd-4aa9-b2b8-cf022d8cc93a" testListId="8c84fa94-04c1-424b-9868-57a2d4851a1d" /><TestEntry testId="12eeb361-5114-44fd-b1be-60e3c3048f76" executionId="783d742a-3a26-409c-b381-593a4302e337" testListId="8c84fa94-04c1-424b-9868-57a2d4851a1d" /><TestEntry testId="d46224ec-c9f3-41eb-b9fb-7e6d37608085" executionId="8372d4f4-6bb3-4355-9502-d42fc49c54bf" testListId="8c84fa94-04c1-424b-9868-57a2d4851a1d" /><TestEntry testId="75676f90-eecb-448c-bef1-9f2e4caf4953" executionId="cccccf7b-0c31-4141-aafd-8ab07bd1cdbe" testListId="8c84fa94-04c1-424b-9868-57a2d4851a1d" /><TestEntry testId="78bfd126-6261-4647-a5f7-bc0aa944581b" executionId="c76baddb-c18f-4308-a24f-f4197d05486d" testListId="8c84fa94-04c1-424b-9868-57a2d4851a1d" /><TestEntry testId="eae8a4bc-c96b-470e-9c1b-bd7b55ce9475" executionId="f7f41b6a-c958-4f3f-aeb6-3d8215af2d31" testListId="8c84fa94-04c1-424b-9868-57a2d4851a1d" /><TestEntry testId="1252bc45-7493-4be9-bfba-361a705a6b69" executionId="56e0a847-cbf8-43af-92fb-f05d0b1dddac" testListId="8c84fa94-04c1-424b-9868-57a2d4851a1d" /><TestEntry testId="dba0ad69-60db-456b-9893-7f4d4be2bd85" executionId="94d9fb0d-644c-4d4b-9ac3-cbb776839e94" testListId="8c84fa94-04c1-424b-9868-57a2d4851a1d" /><TestEntry testId="a0b8cdfb-1efc-4591-9389-5fab8515978e" executionId="e88deea4-bc20-421d-9419-1a8ff98c9bbd" testListId="8c84fa94-04c1-424b-9868-57a2d4851a1d" /><TestEntry testId="28d2507d-0bbb-4c6c-a3e5-d8dc6a77a440" executionId="83f4ec62-69fa-4e7c-b467-5f1620d4f8ca" testListId="8c84fa94-04c1-424b-9868-57a2d4851a1d" /><TestEntry testId="27d31938-4fcf-423f-a9e9-884fd14957e9" executionId="44538dff-f50a-4ff0-be8a-f15edee93db4" testListId="8c84fa94-04c1-424b-9868-57a2d4851a1d" /><TestEntry testId="56c0e008-0b81-4277-9a9e-e1c843ea4514" executionId="7b32e8ad-15c7-4147-9f46-60cfb8b9d3a8" testListId="8c84fa94-04c1-424b-9868-57a2d4851a1d" /><TestEntry testId="09d9cb3b-c049-4915-8ab0-df2df2f0b938" executionId="506beacb-2e92-42cc-b1b0-375df22c62b5" testListId="8c84fa94-04c1-424b-9868-57a2d4851a1d" /><TestEntry testId="7a39a2cb-9095-4bd2-b640-7c7e70f44e1c" executionId="0cda1ebd-8bfe-4e6d-8528-d45422e64926" testListId="8c84fa94-04c1-424b-9868-57a2d4851a1d" /><TestEntry testId="f58354e8-c3c8-446f-b28a-8fa969d722cd" executionId="12f160a8-d957-44e8-8385-3584163a30bd" testListId="8c84fa94-04c1-424b-9868-57a2d4851a1d" /><TestEntry testId="5338a30d-5c74-4ce8-874c-b4f7cced9141" executionId="0e9206ed-69f7-4b95-82ac-dca2098d052d" testListId="8c84fa94-04c1-424b-9868-57a2d4851a1d" /><TestEntry testId="35e6d611-1de9-44ca-bb23-e6faca4a01be" executionId="98640ef8-42ad-4552-85e7-6465a72ddaff" testListId="8c84fa94-04c1-424b-9868-57a2d4851a1d" /><TestEntry testId="7ddfdb0c-5a9d-4a21-a523-353de685aa15" executionId="574cef97-4533-409a-9829-b4bb85558374" testListId="8c84fa94-04c1-424b-9868-57a2d4851a1d" /><TestEntry testId="6f93ead9-52df-40c5-a3f1-9d2bde0be261" executionId="7df5cf0b-e1d4-4d28-8f0f-abef947b374f" testListId="8c84fa94-04c1-424b-9868-57a2d4851a1d" /><TestEntry testId="39545cae-2c4f-43b3-be7b-eabd6fdb1d13" executionId="5158e135-3f20-49f6-9b00-840b3260e3d5" testListId="8c84fa94-04c1-424b-9868-57a2d4851a1d" /><TestEntry testId="e56d9d36-726e-46e5-9a24-8b36770cb8d5" executionId="cc37c9bc-b04b-40e6-961b-53905728ad55" testListId="8c84fa94-04c1-424b-9868-57a2d4851a1d" /><TestEntry testId="4769c294-8bb1-4cf8-8d54-c8842d5ba287" executionId="0e5b0d1f-566a-4fdc-ba43-0894758a367e" testListId="8c84fa94-04c1-424b-9868-57a2d4851a1d" /><TestEntry testId="4cc2c523-cdf5-431b-890f-113ec7a02de5" executionId="f6106271-f0da-4089-81c9-1dfd5b9e8d4f" testListId="8c84fa94-04c1-424b-9868-57a2d4851a1d" /><TestEntry testId="21791dbf-f7c6-47bb-95fd-45c217a0a083" executionId="ba9559ac-229c-4e7d-9e17-75e3c573bb53" testListId="8c84fa94-04c1-424b-9868-57a2d4851a1d" /><TestEntry testId="e72df6cd-fbb7-456c-82f0-455be92454ca" executionId="8770f547-1863-4e9d-8276-7dfa81bab468" testListId="8c84fa94-04c1-424b-9868-57a2d4851a1d" /><TestEntry testId="65795621-9722-41bd-9275-73fde7d08eee" executionId="2a2cdef5-fbca-46eb-a779-99dfb6c54626" testListId="8c84fa94-04c1-424b-9868-57a2d4851a1d" /><TestEntry testId="69fae97a-4799-4c27-891c-92aa981830a7" executionId="042255b4-c332-491e-9b13-c9e118aa042c" testListId="8c84fa94-04c1-424b-9868-57a2d4851a1d" /><TestEntry testId="bd3ee54e-54a4-49ba-9d22-219aa8c8166e" executionId="b8ec7540-bb80-4698-9ca6-36c99d87928a" testListId="8c84fa94-04c1-424b-9868-57a2d4851a1d" /><TestEntry testId="9a7f7616-2585-4c5e-b65e-06f0e0348165" executionId="d2cfcef6-f041-46dc-891a-097a4286dbf3" testListId="8c84fa94-04c1-424b-9868-57a2d4851a1d" /><TestEntry testId="173a2f97-6cbe-40f6-bf40-4e6df4d99a71" executionId="86448619-f225-4ce0-9e99-8ac34f15ddcd" testListId="8c84fa94-04c1-424b-9868-57a2d4851a1d" /><TestEntry testId="e0835d5b-a9d3-4dae-a7da-543dd330c5ee" executionId="34a05675-defe-46f8-abf7-1f5347294d7e" testListId="8c84fa94-04c1-424b-9868-57a2d4851a1d" /><TestEntry testId="ef4a5f89-8b92-4212-81b2-a51f262c72c9" executionId="d1d5ded2-cf85-407d-ae0c-ca9de13c1c4c" testListId="8c84fa94-04c1-424b-9868-57a2d4851a1d" /><TestEntry testId="d8c08a77-b624-4421-b340-89dd9eb35bed" executionId="c2b30a29-26b3-453e-976f-dc007fbfb410" testListId="8c84fa94-04c1-424b-9868-57a2d4851a1d" /><TestEntry testId="d65a605f-e7ab-4247-a7da-4e06327645c6" executionId="f01c2a91-0d80-47a1-9589-1e9970f4cc92" testListId="8c84fa94-04c1-424b-9868-57a2d4851a1d" /><TestEntry testId="c7c9f3a1-74d4-457f-871c-86f2472820cf" executionId="a1623fa8-e15b-47ad-8498-7e03ea2a8ac3" testListId="8c84fa94-04c1-424b-9868-57a2d4851a1d" /><TestEntry testId="c516e3b8-6e83-45df-bb1c-4911014db7fb" executionId="ef235d98-8ebc-4af6-b35d-cce8283c90cb" testListId="8c84fa94-04c1-424b-9868-57a2d4851a1d" /><TestEntry testId="a5f4f2a7-7826-46d7-9734-af092fe2ca90" executionId="8dea2734-7bb6-4b72-b7c1-cb7a590a15e6" testListId="8c84fa94-04c1-424b-9868-57a2d4851a1d" /><TestEntry testId="f0d1155e-01c3-4570-b279-7bbb1f3a52a3" executionId="066830b3-0e14-41fe-bb72-644e8fc6a7d4" testListId="8c84fa94-04c1-424b-9868-57a2d4851a1d" /><TestEntry testId="5d71c976-b95f-4cfc-89fd-00402ae0228d" executionId="b81f6044-38ab-46c2-8718-6bc008782906" testListId="8c84fa94-04c1-424b-9868-57a2d4851a1d" /><TestEntry testId="2b6ddc5c-b18a-4d24-bfaa-18ce11db506d" executionId="bafbbf15-6a96-44ae-9318-ad33dbf9b213" testListId="8c84fa94-04c1-424b-9868-57a2d4851a1d" /><TestEntry testId="dd578e51-d6ff-4f71-9870-c96fe3a9fc9f" executionId="be405c19-9cc8-4e79-ad8a-b08af6ad0985" testListId="8c84fa94-04c1-424b-9868-57a2d4851a1d" /><TestEntry testId="4e334d33-6530-47a8-91eb-61f43d936c71" executionId="a94412d5-2b8d-427a-98b4-b9c849f0e8ed" testListId="8c84fa94-04c1-424b-9868-57a2d4851a1d" /><TestEntry testId="6108062f-67a1-4ce6-8cbf-0ce804570bd9" executionId="a430d963-a26f-47ea-b47f-d9bdb8730936" testListId="8c84fa94-04c1-424b-9868-57a2d4851a1d" /><TestEntry testId="4334c144-55e4-47e8-b620-4d87f7fc7935" executionId="9eed650a-a52a-4e71-abd4-8482012d724a" testListId="8c84fa94-04c1-424b-9868-57a2d4851a1d" /><TestEntry testId="d402e587-787e-4e31-92e8-b55fd77ee265" executionId="0e8f30f4-22e2-4590-a97d-1d499c21d39b" testListId="8c84fa94-04c1-424b-9868-57a2d4851a1d" /><TestEntry testId="19749891-9f11-4e08-beaf-4853ca988952" executionId="bf5c4612-f843-442a-aebf-3ee00bf7e03f" testListId="8c84fa94-04c1-424b-9868-57a2d4851a1d" /><TestEntry testId="b2943ae6-d09e-437e-950a-54fef149cf64" executionId="15a16f08-1949-4548-96f6-6a77b4fb12b9" testListId="8c84fa94-04c1-424b-9868-57a2d4851a1d" /><TestEntry testId="ddb39b5b-70bb-420d-b782-f094e6752d9a" executionId="56c0d2af-609f-445f-ab42-5434d36e179e" testListId="8c84fa94-04c1-424b-9868-57a2d4851a1d" /><TestEntry testId="f955143f-ed17-4c5f-8e46-d860e912714b" executionId="71e3cbce-67b3-4f75-b366-a3c1cff7b39a" testListId="8c84fa94-04c1-424b-9868-57a2d4851a1d" /><TestEntry testId="ce6c2368-1e0f-49be-ac29-eb7679c0a64e" executionId="b5e52f2b-90e2-4408-8e07-10e052b6de34" testListId="8c84fa94-04c1-424b-9868-57a2d4851a1d" /><TestEntry testId="de238f4e-d8f7-487e-a589-9cd371c2e221" executionId="e1d2d6a9-2c92-4dc6-963c-be4e1f210565" testListId="8c84fa94-04c1-424b-9868-57a2d4851a1d" /><TestEntry testId="8feaa25b-565f-42fb-ae6d-ce8f3e932341" executionId="3128be14-15a8-4967-b692-e1649e9e669b" testListId="8c84fa94-04c1-424b-9868-57a2d4851a1d" /><TestEntry testId="e64c0c27-07ec-4337-b3da-f71e139642a3" executionId="12e93266-f13f-4bfb-8301-130c34da35b5" testListId="8c84fa94-04c1-424b-9868-57a2d4851a1d" /><TestEntry testId="7c705512-9dc5-405f-8985-543d2b244779" executionId="d1f105a4-f6eb-48e9-aa9c-ecaf5b09be5c" testListId="8c84fa94-04c1-424b-9868-57a2d4851a1d" /><TestEntry testId="e31c5295-7a5c-43ad-9821-1fe9e8192737" executionId="c313db84-21cf-4400-b65c-38fc541fd343" testListId="8c84fa94-04c1-424b-9868-57a2d4851a1d" /><TestEntry testId="c694a544-50bf-404b-889c-c5f1cdbf331c" executionId="e43c0f8b-e99c-42ee-8f6c-a41b2ce06e91" testListId="8c84fa94-04c1-424b-9868-57a2d4851a1d" /><TestEntry testId="f58f95dd-1898-4c97-997a-ba76d4dacb38" executionId="71c46ce3-6c05-4c39-97bf-8009e35a7d62" testListId="8c84fa94-04c1-424b-9868-57a2d4851a1d" /><TestEntry testId="d27a5925-a91c-4db8-a928-610575a99bba" executionId="1afcd034-771e-4790-9079-da396e2426bc" testListId="8c84fa94-04c1-424b-9868-57a2d4851a1d" /><TestEntry testId="d2ad1572-6c68-439e-8126-2d89931ccd16" executionId="90af38b6-a283-4558-8a3a-61d9b7fc12a8" testListId="8c84fa94-04c1-424b-9868-57a2d4851a1d" /><TestEntry testId="70933080-f672-4119-8832-6ad336ade6fa" executionId="f599cd1d-25f4-44b5-9c90-bc4622829d85" testListId="8c84fa94-04c1-424b-9868-57a2d4851a1d" /><TestEntry testId="0cc9b6fd-2d07-464a-8923-39d214b9d089" executionId="02c4ea22-452a-4bfe-9cfd-aa6b13890ecf" testListId="8c84fa94-04c1-424b-9868-57a2d4851a1d" /><TestEntry testId="74f59eb5-686f-4517-9786-31d6e8ef1bdd" executionId="5ad2ce49-4073-41a2-9864-b9a053d7942d" testListId="8c84fa94-04c1-424b-9868-57a2d4851a1d" /><TestEntry testId="dede7114-b2c4-4d29-b898-7a11a90c06a9" executionId="9a635fb0-dc41-49ab-92ce-e7008f9e7790" testListId="8c84fa94-04c1-424b-9868-57a2d4851a1d" /><TestEntry testId="de0c21e1-9536-4d1a-bdc8-f8b5289fd773" executionId="8f2fbd30-0e62-48b6-a9c1-26e0cc8422f7" testListId="8c84fa94-04c1-424b-9868-57a2d4851a1d" /><TestEntry testId="c526a8e3-3006-4193-9008-3570898c1fbc" executionId="0a26452b-71ca-42be-a58b-759f17bec718" testListId="8c84fa94-04c1-424b-9868-57a2d4851a1d" /><TestEntry testId="5dbcebe4-27f7-4a85-8bd3-1fdd77531239" executionId="1f0a55bd-4dad-4a56-b1b2-534f9901c88a" testListId="8c84fa94-04c1-424b-9868-57a2d4851a1d" /><TestEntry testId="46d95a79-4fe4-4884-aec2-25f29cc09e35" executionId="0dfa9063-02ce-4404-a860-79dac682cac5" testListId="8c84fa94-04c1-424b-9868-57a2d4851a1d" /><TestEntry testId="f4aef96d-bda9-4a5b-8420-f616b76816ff" executionId="c9d7d58f-7d7d-4093-ba83-f702ec371703" testListId="8c84fa94-04c1-424b-9868-57a2d4851a1d" /><TestEntry testId="0e45f90f-a7a6-4777-8645-d7a100791748" executionId="c8725fc3-0a74-4228-bbb4-f1b5097705bc" testListId="8c84fa94-04c1-424b-9868-57a2d4851a1d" /><TestEntry testId="e61e9007-6899-4ca2-9556-66029565b81c" executionId="dc3440c7-77b6-4c10-b4ae-5e7de4b11d9a" testListId="8c84fa94-04c1-424b-9868-57a2d4851a1d" /><TestEntry testId="4c92343b-40ef-46f2-9f07-b0fa6f2490a0" executionId="c0c00f73-237e-44b7-b394-4c6c9b0bd6a8" testListId="8c84fa94-04c1-424b-9868-57a2d4851a1d" /><TestEntry testId="38ece759-a1c7-48a6-86df-34a46b04bb4a" executionId="452347b9-4cb1-44a4-82a8-0fc4ca38d908" testListId="8c84fa94-04c1-424b-9868-57a2d4851a1d" /><TestEntry testId="0655b8cf-bfd2-4258-960d-cfae28204bf5" executionId="bc7a2e7c-0ac4-4820-9962-f0af1fd27fb0" testListId="8c84fa94-04c1-424b-9868-57a2d4851a1d" /><TestEntry testId="521aa317-26a6-45d9-bdb1-67c07ecc205c" executionId="9c9929e4-8191-41ab-b509-fbe21359fcb4" testListId="8c84fa94-04c1-424b-9868-57a2d4851a1d" /><TestEntry testId="61dfd635-0508-4fa3-904c-774cc79a2331" executionId="5bbe1edd-a081-446b-a238-c8836a7787f7" testListId="8c84fa94-04c1-424b-9868-57a2d4851a1d" /><TestEntry testId="f5462948-d498-4949-9933-c3455c13169b" executionId="f55fa96f-583d-411a-a0fa-fad1dd8f44c5" testListId="8c84fa94-04c1-424b-9868-57a2d4851a1d" /><TestEntry testId="683b6fed-863f-48f2-9f5a-59626041a8a9" executionId="14bc361b-de9a-4825-9b25-0610c34ec9f5" testListId="8c84fa94-04c1-424b-9868-57a2d4851a1d" /><TestEntry testId="033ca9d8-9a87-46a6-8fab-6663405489b8" executionId="e79ef421-adc6-4e3c-b648-bfb51954a2ca" testListId="8c84fa94-04c1-424b-9868-57a2d4851a1d" /><TestEntry testId="44500a9a-b50b-40a9-b501-398e20bebe9e" executionId="2d915910-9409-4033-9b5a-77833d30dbe5" testListId="8c84fa94-04c1-424b-9868-57a2d4851a1d" /><TestEntry testId="34b29d67-fefb-45ee-b556-fcfe5396c449" executionId="5fbfb9e7-7778-48ba-a52c-ec75e5a6b5db" testListId="8c84fa94-04c1-424b-9868-57a2d4851a1d" /><TestEntry testId="a38282a1-f623-480f-bbdf-8f18ffb9fcfd" executionId="9f53d5c9-abab-4313-90b9-028ae53c27c5" testListId="8c84fa94-04c1-424b-9868-57a2d4851a1d" /><TestEntry testId="731a3f32-4375-4208-baec-3da2bf587952" executionId="85fc8ba0-063b-4f92-9beb-d6125e894b96" testListId="8c84fa94-04c1-424b-9868-57a2d4851a1d" /><TestEntry testId="324b81c4-575b-46ef-a047-ae218a95e1c5" executionId="3ac782af-66e6-4ed4-a8ef-f15a63758475" testListId="8c84fa94-04c1-424b-9868-57a2d4851a1d" /><TestEntry testId="3b89fab0-3dd9-4ef2-9286-8ae594a02118" executionId="e4fc0f66-85fa-44ab-befb-961d2e2ab7a5" testListId="8c84fa94-04c1-424b-9868-57a2d4851a1d" /><TestEntry testId="45ad3a4c-82f2-4985-94b6-60c2b8050b7b" executionId="af634955-ad5f-43f0-a56d-dff6a5e8307e" testListId="8c84fa94-04c1-424b-9868-57a2d4851a1d" /><TestEntry testId="2d710ed6-2b60-48ae-8149-e24c9789027b" executionId="a139c194-0fe1-4fa6-8da6-60828e8623aa" testListId="8c84fa94-04c1-424b-9868-57a2d4851a1d" /><TestEntry testId="412efb86-7adb-4e56-a387-5d4ef984100c" executionId="496389ee-41bf-4987-bb1f-b02abd5bbc1c" testListId="8c84fa94-04c1-424b-9868-57a2d4851a1d" /><TestEntry testId="d1d2415c-073f-47b4-9d53-deb42663f4ae" executionId="39b56e48-b2e9-4dc8-9fb2-e197b7434192" testListId="8c84fa94-04c1-424b-9868-57a2d4851a1d" /><TestEntry testId="e0fd8f4b-46bd-44b3-ab2a-e9d46dc27f5a" executionId="16d45b3f-a022-4c22-a27f-61c210e11445" testListId="8c84fa94-04c1-424b-9868-57a2d4851a1d" /><TestEntry testId="c1b464d5-cd8b-400c-98bc-34053bec5351" executionId="9086b1a3-43ae-4e0b-a177-4a35ffda870d" testListId="8c84fa94-04c1-424b-9868-57a2d4851a1d" /><TestEntry testId="a4c9ef63-359f-40fd-8dae-e023d07dcf5a" executionId="a35cdb46-d7ca-4f4d-acda-8eb270be77a5" testListId="8c84fa94-04c1-424b-9868-57a2d4851a1d" /><TestEntry testId="53e757ca-76f5-495f-bde9-3a5491566187" executionId="93a5dc5d-e7fe-4a03-bb59-df262ccc6784" testListId="8c84fa94-04c1-424b-9868-57a2d4851a1d" /><TestEntry testId="9bf47e49-8dd8-44fc-a95b-74fdd28d897a" executionId="1ed409b7-168e-4ed4-a4af-50b874a28856" testListId="8c84fa94-04c1-424b-9868-57a2d4851a1d" /><TestEntry testId="99711a2d-28cf-42f7-a92f-28bbfc76c96e" executionId="6d6472d8-f149-40a1-9b04-63cdbab3d606" testListId="8c84fa94-04c1-424b-9868-57a2d4851a1d" /><TestEntry testId="b59163c2-3075-411b-ae88-fc38856a1eea" executionId="fb99c2cd-5fb4-40b7-918c-390572ce36c4" testListId="8c84fa94-04c1-424b-9868-57a2d4851a1d" /><TestEntry testId="ab10a9e6-2585-4c02-9053-c6d9fdb67f3d" executionId="fbf4d327-8dca-4ba8-b306-83dc90636f37" testListId="8c84fa94-04c1-424b-9868-57a2d4851a1d" /><TestEntry testId="58f7266d-7c95-4c88-b647-9f5d4892f8cb" executionId="9846a2c5-1438-45da-ad19-248f806eceac" testListId="8c84fa94-04c1-424b-9868-57a2d4851a1d" /><TestEntry testId="f0866158-9c22-47c1-bd99-ffff018f1de6" executionId="4e8237b7-74a3-406d-a989-df5cc724993d" testListId="8c84fa94-04c1-424b-9868-57a2d4851a1d" /><TestEntry testId="75bbe378-fdd6-4c43-9f53-6aee19fc84a5" executionId="d835900d-339b-4953-99c6-e66f14c27b2a" testListId="8c84fa94-04c1-424b-9868-57a2d4851a1d" /><TestEntry testId="894b5969-679d-460f-949f-b7ebcfe883a6" executionId="126baf45-fafd-4dd9-a18f-80f132be9120" testListId="8c84fa94-04c1-424b-9868-57a2d4851a1d" /><TestEntry testId="df38d2c2-3b3d-4dfb-81df-88c8265e4ba6" executionId="5da127a6-882c-4350-8078-bff1da52c2fd" testListId="8c84fa94-04c1-424b-9868-57a2d4851a1d" /><TestEntry testId="39f22b60-b71d-4b7d-94dd-591830c30800" executionId="c042b2ab-bfe2-4964-87d9-70b187783305" testListId="8c84fa94-04c1-424b-9868-57a2d4851a1d" /><TestEntry testId="6a4dd464-d4c3-410d-9323-8dac04851d85" executionId="8606a941-d802-472e-b998-5523801ae3a6" testListId="8c84fa94-04c1-424b-9868-57a2d4851a1d" /><TestEntry testId="0e173036-bc07-48ac-9e56-cfb3fa8b5e60" executionId="564593c5-3035-41f3-b154-374ebc956fa9" testListId="8c84fa94-04c1-424b-9868-57a2d4851a1d" /><TestEntry testId="35a02fa8-6d6b-442f-b110-4fed604236d2" executionId="78c8ec7b-1ff3-40e2-bd8e-05c2dec02baa" testListId="8c84fa94-04c1-424b-9868-57a2d4851a1d" /><TestEntry testId="58ecf1bd-bb81-44e1-8046-c7755b48f0e9" executionId="2f1c69ed-5b60-4be3-a726-d9b9f007ffce" testListId="8c84fa94-04c1-424b-9868-57a2d4851a1d" /><TestEntry testId="41e035ec-d4a3-4b12-9ad6-440c3ba2d142" executionId="16a0062b-ea8d-4a3a-91cc-a734f660ac1b" testListId="8c84fa94-04c1-424b-9868-57a2d4851a1d" /><TestEntry testId="b7a1dbe4-65a4-4816-811c-d65741115a48" executionId="ad98e615-99c2-49aa-a82f-1af6807bff44" testListId="8c84fa94-04c1-424b-9868-57a2d4851a1d" /><TestEntry testId="83382093-2160-4975-8d79-b61d18dd3bb5" executionId="aaa2a845-7142-4da9-b952-96c2359a7c56" testListId="8c84fa94-04c1-424b-9868-57a2d4851a1d" /><TestEntry testId="f4775f76-8571-451d-8716-f47bd2631e58" executionId="72cdd9ce-f1b1-4200-81c7-748ab86050ff" testListId="8c84fa94-04c1-424b-9868-57a2d4851a1d" /><TestEntry testId="1be3f11e-34b3-4e23-8c27-8909a819a001" executionId="b3d956c9-e2be-4832-aa0d-fba8e8605c7d" testListId="8c84fa94-04c1-424b-9868-57a2d4851a1d" /><TestEntry testId="6b6142d8-6957-406a-aee9-fe21b13249a6" executionId="3700e5d1-626d-436e-a1a2-44add2e07dde" testListId="8c84fa94-04c1-424b-9868-57a2d4851a1d" /><TestEntry testId="fa28b323-8a9f-4a9f-af50-503c499bc4b8" executionId="ae5b92ad-bfae-4c5d-9fad-482640704ce6" testListId="8c84fa94-04c1-424b-9868-57a2d4851a1d" /><TestEntry testId="4c13ede9-f3e4-473c-a906-617c273107d4" executionId="e3d66f2a-8bd7-498a-9964-9515152129da" testListId="8c84fa94-04c1-424b-9868-57a2d4851a1d" /><TestEntry testId="76a907a0-e67d-4de6-a5cf-73f548a17eed" executionId="4ae913bc-cdc4-4505-b241-42de3fa583ca" testListId="8c84fa94-04c1-424b-9868-57a2d4851a1d" /><TestEntry testId="cd2ef66f-6d78-4227-8788-71c1d186ad54" executionId="79d6b2fc-86d5-4d30-b8e2-7b2183e2fdf5" testListId="8c84fa94-04c1-424b-9868-57a2d4851a1d" /><TestEntry testId="d9e0fa55-f83d-4fbf-8e82-de519f63d22a" executionId="dec7d689-6e6a-4e5c-8718-fea3815aa072" testListId="8c84fa94-04c1-424b-9868-57a2d4851a1d" /><TestEntry testId="f612d61a-069b-4659-8090-2ca831cf5678" executionId="5e5907fe-2798-4fef-99f3-66c00346af2c" testListId="8c84fa94-04c1-424b-9868-57a2d4851a1d" /></TestEntries><TestLists><TestList name="Results Not in a List" id="8c84fa94-04c1-424b-9868-57a2d4851a1d" /><TestList name="All Loaded Results" id="19431567-8539-422a-85d7-44ee4e166bda" /></TestLists><ResultSummary outcome="Completed"><Counters total="151" executed="151" passed="151" failed="0" error="0" timeout="0" aborted="0" inconclusive="0" passedButRunAborted="0" notRunnable="0" notExecuted="0" disconnected="0" warning="0" completed="0" inProgress="0" pending="0" /><Output><StdOut>[xUnit.net 00:00:01.3925223]   Discovering: ModelRelief.Test[xUnit.net 00:00:01.5360473]   Discovered:  ModelRelief.Test[xUnit.net 00:00:01.5423086]   Starting:    ModelRelief.Test[xUnit.net 00:00:41.9881045]   Finished:    ModelRelief.Test</StdOut></Output></ResultSummary></TestRun>