<?xml version="1.0" encoding="utf-8"?><TestRun id="4b3cc998-4e08-4f1d-9fcb-f522d3ad4f1d" name="Steve Knipmeyer@VECTOR 2018-07-19 07:23:34" runUser="VECTOR\Steve Knipmeyer" xmlns="http://microsoft.com/schemas/VisualStudio/TeamTest/2010"><Times creation="2018-07-19T07:23:34.6950620-04:00" queuing="2018-07-19T07:23:34.6950740-04:00" start="2018-07-19T07:23:30.8359309-04:00" finish="2018-07-19T07:24:07.4943372-04:00" /><TestSettings name="default" id="1062072b-b694-4870-8d1e-4863af494c93"><Deployment runDeploymentRoot="Steve_Knipmeyer_VECTOR_2018-07-19_07_23_34" /></TestSettings><Results><UnitTestResult executionId="51ba0cdb-925c-4bc9-bef0-8326c2f1a188" testId="320118f1-00f4-4216-8f0a-2bce7e4b8f92" testName="FileRequest_MeshIsInvalidatedAfterDepthBufferFileBecomesUnsynchronized" computerName="VECTOR" duration="00:00:02.5290000" startTime="2018-07-19T07:23:49.4012750-04:00" endTime="2018-07-19T07:23:49.4012810-04:00" testType="13cdc9d9-ddb5-4fa4-a97d-d965ccfc6d4b" outcome="Passed" testListId="8c84fa94-04c1-424b-9868-57a2d4851a1d" relativeResultsDirectory="51ba0cdb-925c-4bc9-bef0-8326c2f1a188" /><UnitTestResult executionId="cdb40bed-c5c0-43a8-8090-1be9a86f6278" testId="a8b70026-6058-441c-bc47-2419217654e6" testName="Patch_MultipleInvalidReferencePropertiesReturnsMultipleValidationErrorsAndBadRequest" computerName="VECTOR" duration="00:00:00.0260000" startTime="2018-07-19T07:24:06.3920683-04:00" endTime="2018-07-19T07:24:06.3920746-04:00" testType="13cdc9d9-ddb5-4fa4-a97d-d965ccfc6d4b" outcome="Passed" testListId="8c84fa94-04c1-424b-9868-57a2d4851a1d" relativeResultsDirectory="cdb40bed-c5c0-43a8-8090-1be9a86f6278" /><UnitTestResult executionId="a8aa7372-5e5f-486f-b931-0326312a0a57" testId="beae9891-3a07-4657-b001-e0a180b7f998" testName="PostFile_FileIsSynchronizedIsUpdatedAfterFileIsPosted" computerName="VECTOR" duration="00:00:00.3420000" startTime="2018-07-19T07:24:04.8511864-04:00" endTime="2018-07-19T07:24:04.8511967-04:00" testType="13cdc9d9-ddb5-4fa4-a97d-d965ccfc6d4b" outcome="Passed" testListId="8c84fa94-04c1-424b-9868-57a2d4851a1d" relativeResultsDirectory="a8aa7372-5e5f-486f-b931-0326312a0a57" /><UnitTestResult executionId="e222b933-486f-4c5a-b73e-91e12e9b8eaa" testId="24ccb2fe-e9de-4189-8276-42ed50504df2" testName="PostFile_NewFileCanBePosted" computerName="VECTOR" duration="00:00:00.3230000" startTime="2018-07-19T07:24:05.1748381-04:00" endTime="2018-07-19T07:24:05.1748447-04:00" testType="13cdc9d9-ddb5-4fa4-a97d-d965ccfc6d4b" outcome="Passed" testListId="8c84fa94-04c1-424b-9868-57a2d4851a1d" relativeResultsDirectory="e222b933-486f-4c5a-b73e-91e12e9b8eaa" /><UnitTestResult executionId="f0b3177e-f469-47bc-aff6-24c2701f6287" testId="8f9088f2-0805-417f-a86c-5c3043e8001a" testName="Post_CanCreateNewModel" computerName="VECTOR" duration="00:00:00.1690000" startTime="2018-07-19T07:23:35.5534817-04:00" endTime="2018-07-19T07:23:35.5534885-04:00" testType="13cdc9d9-ddb5-4fa4-a97d-d965ccfc6d4b" outcome="Passed" testListId="8c84fa94-04c1-424b-9868-57a2d4851a1d" relativeResultsDirectory="f0b3177e-f469-47bc-aff6-24c2701f6287" /><UnitTestResult executionId="08f1218b-5770-4436-bc2c-334a57265225" testId="78c895ee-1536-4649-aef7-61da371ba125" testName="GetSingle_ValidIdPropertyValueReturnsCorrectModel" computerName="VECTOR" duration="00:00:00.0070000" startTime="2018-07-19T07:23:59.8833896-04:00" endTime="2018-07-19T07:23:59.8833936-04:00" testType="13cdc9d9-ddb5-4fa4-a97d-d965ccfc6d4b" outcome="Passed" testListId="8c84fa94-04c1-424b-9868-57a2d4851a1d" relativeResultsDirectory="08f1218b-5770-4436-bc2c-334a57265225" /><UnitTestResult executionId="5b02df34-1c61-42ff-a576-745bef3c9efc" testId="977eead0-af8d-44d5-925f-4554e932b3da" testName="Post_InvalidPropertyValueReturnsBadRequest" computerName="VECTOR" duration="00:00:00.0030000" startTime="2018-07-19T07:23:59.8981774-04:00" endTime="2018-07-19T07:23:59.8981800-04:00" testType="13cdc9d9-ddb5-4fa4-a97d-d965ccfc6d4b" outcome="Passed" testListId="8c84fa94-04c1-424b-9868-57a2d4851a1d" relativeResultsDirectory="5b02df34-1c61-42ff-a576-745bef3c9efc" /><UnitTestResult executionId="48dbeafb-a8f6-4686-878a-6df749ff2d35" testId="85985139-f735-4320-9bdd-c26025872797" testName="Patch_InvalidPropertyNameReturnsBadRequest" computerName="VECTOR" duration="00:00:00.4780000" startTime="2018-07-19T07:23:34.6522932-04:00" endTime="2018-07-19T07:23:34.6523000-04:00" testType="13cdc9d9-ddb5-4fa4-a97d-d965ccfc6d4b" outcome="Passed" testListId="8c84fa94-04c1-424b-9868-57a2d4851a1d" relativeResultsDirectory="48dbeafb-a8f6-4686-878a-6df749ff2d35" /><UnitTestResult executionId="eaab7e6a-2b87-403e-865a-e0ba999b78c3" testId="deaa3a7e-eee2-40b8-9a95-83ec09d75f1f" testName="Put_InvalidIdReturnsNotFound" computerName="VECTOR" duration="00:00:00.1370000" startTime="2018-07-19T07:23:40.7013949-04:00" endTime="2018-07-19T07:23:40.7014012-04:00" testType="13cdc9d9-ddb5-4fa4-a97d-d965ccfc6d4b" outcome="Passed" testListId="8c84fa94-04c1-424b-9868-57a2d4851a1d" relativeResultsDirectory="eaab7e6a-2b87-403e-865a-e0ba999b78c3" /><UnitTestResult executionId="992b10a3-3103-4ce4-8550-7dd9db3b3e76" testId="6c380891-56e1-446f-b61d-5187f53d20d1" testName="GetList_ListReturnsCorrectCount" computerName="VECTOR" duration="00:00:00.0830000" startTime="2018-07-19T07:23:36.0362080-04:00" endTime="2018-07-19T07:23:36.0362146-04:00" testType="13cdc9d9-ddb5-4fa4-a97d-d965ccfc6d4b" outcome="Passed" testListId="8c84fa94-04c1-424b-9868-57a2d4851a1d" relativeResultsDirectory="992b10a3-3103-4ce4-8550-7dd9db3b3e76" /><UnitTestResult executionId="6af9b15e-ae1f-4023-a5a5-1208a10bbf4a" testId="61efa34c-084b-4133-baa9-51709c0f6c38" testName="Post_InvalidReferencePropertyReturnsBadRequest" computerName="VECTOR" duration="00:00:00.0050000" startTime="2018-07-19T07:23:42.8262771-04:00" endTime="2018-07-19T07:23:42.8262810-04:00" testType="13cdc9d9-ddb5-4fa4-a97d-d965ccfc6d4b" outcome="Passed" testListId="8c84fa94-04c1-424b-9868-57a2d4851a1d" relativeResultsDirectory="6af9b15e-ae1f-4023-a5a5-1208a10bbf4a" /><UnitTestResult executionId="a242783e-63bd-49c6-9009-25e62782ad61" testId="4e01a4d2-412d-4fde-944c-703b805b85ce" testName="PutFile_NewFileCanBePut" computerName="VECTOR" duration="00:00:00.3750000" startTime="2018-07-19T07:23:46.8716747-04:00" endTime="2018-07-19T07:23:46.8716867-04:00" testType="13cdc9d9-ddb5-4fa4-a97d-d965ccfc6d4b" outcome="Passed" testListId="8c84fa94-04c1-424b-9868-57a2d4851a1d" relativeResultsDirectory="a242783e-63bd-49c6-9009-25e62782ad61" /><UnitTestResult executionId="f9a3290f-3fbf-41f5-a99d-47ebaa27dcf5" testId="af7cb0ce-4bd1-4b7d-9c8e-570e769f89d2" testName="Post_ValidReferencePropertyCreatesModel" computerName="VECTOR" duration="00:00:00.1540000" startTime="2018-07-19T07:24:06.3660397-04:00" endTime="2018-07-19T07:24:06.3660456-04:00" testType="13cdc9d9-ddb5-4fa4-a97d-d965ccfc6d4b" outcome="Passed" testListId="8c84fa94-04c1-424b-9868-57a2d4851a1d" relativeResultsDirectory="f9a3290f-3fbf-41f5-a99d-47ebaa27dcf5" /><UnitTestResult executionId="f3a525ed-d0c1-4eb1-8771-aaaae395f34c" testId="ccac4b8c-d3b0-4d7a-aa9b-9783b5722bea" testName="Put_ValidReferencePropertyUpdatesModel" computerName="VECTOR" duration="00:00:00.2580000" startTime="2018-07-19T07:23:45.5688797-04:00" endTime="2018-07-19T07:23:45.5688860-04:00" testType="13cdc9d9-ddb5-4fa4-a97d-d965ccfc6d4b" outcome="Passed" testListId="8c84fa94-04c1-424b-9868-57a2d4851a1d" relativeResultsDirectory="f3a525ed-d0c1-4eb1-8771-aaaae395f34c" /><UnitTestResult executionId="ed1456ab-e68c-485e-a450-5fffb2ac3609" testId="79b30005-bc7d-4e46-b4f1-70237ddb4c6a" testName="Put_CanUpdateModel" computerName="VECTOR" duration="00:00:00.6490000" startTime="2018-07-19T07:23:45.3099964-04:00" endTime="2018-07-19T07:23:45.3100026-04:00" testType="13cdc9d9-ddb5-4fa4-a97d-d965ccfc6d4b" outcome="Passed" testListId="8c84fa94-04c1-424b-9868-57a2d4851a1d" relativeResultsDirectory="ed1456ab-e68c-485e-a450-5fffb2ac3609" /><UnitTestResult executionId="d3814318-7edf-4a39-a96f-ba07b51c84db" testId="33f52176-d2a2-4207-bd68-b9f6c74cabae" testName="Post_InvalidPropertyValueReturnsBadRequest" computerName="VECTOR" duration="00:00:00.0020000" startTime="2018-07-19T07:23:37.0687594-04:00" endTime="2018-07-19T07:23:37.0687662-04:00" testType="13cdc9d9-ddb5-4fa4-a97d-d965ccfc6d4b" outcome="Passed" testListId="8c84fa94-04c1-424b-9868-57a2d4851a1d" relativeResultsDirectory="d3814318-7edf-4a39-a96f-ba07b51c84db" /><UnitTestResult executionId="7a6a466c-9988-4325-ac64-239d98ee4b81" testId="5af11312-8f6a-445f-bb70-59d127a2a63a" testName="Patch_MultipleInvalidReferencePropertiesReturnsMultipleValidationErrorsAndBadRequest" computerName="VECTOR" duration="00:00:00.0020000" startTime="2018-07-19T07:23:36.0384393-04:00" endTime="2018-07-19T07:23:36.0384436-04:00" testType="13cdc9d9-ddb5-4fa4-a97d-d965ccfc6d4b" outcome="Passed" testListId="8c84fa94-04c1-424b-9868-57a2d4851a1d" relativeResultsDirectory="7a6a466c-9988-4325-ac64-239d98ee4b81" /><UnitTestResult executionId="98dacb30-3280-4104-8851-64450baf5af7" testId="471f939d-050b-4994-8184-a0f5fd552bc6" testName="Patch_TargetPropertyIsUpdated" computerName="VECTOR" duration="00:00:00.2720000" startTime="2018-07-19T07:23:45.8521106-04:00" endTime="2018-07-19T07:23:45.8521172-04:00" testType="13cdc9d9-ddb5-4fa4-a97d-d965ccfc6d4b" outcome="Passed" testListId="8c84fa94-04c1-424b-9868-57a2d4851a1d" relativeResultsDirectory="98dacb30-3280-4104-8851-64450baf5af7" /><UnitTestResult executionId="eb73d0b6-9f79-4e8b-95b2-ff9a2489efb5" testId="7908e7a2-94c7-492d-8d03-97b54384f61e" testName="Put_InvalidReferencePropertyReturndBadRequest" computerName="VECTOR" duration="00:00:00.0020000" startTime="2018-07-19T07:23:36.0404284-04:00" endTime="2018-07-19T07:23:36.0404318-04:00" testType="13cdc9d9-ddb5-4fa4-a97d-d965ccfc6d4b" outcome="Passed" testListId="8c84fa94-04c1-424b-9868-57a2d4851a1d" relativeResultsDirectory="eb73d0b6-9f79-4e8b-95b2-ff9a2489efb5" /><UnitTestResult executionId="8eee290d-5984-4ecc-a72a-ef39f49b5be2" testId="ae4bf8a2-139f-481a-9191-d0e721980893" testName="Post_ValidReferencePropertyCreatesModel" computerName="VECTOR" duration="00:00:00.1540000" startTime="2018-07-19T07:23:41.8025698-04:00" endTime="2018-07-19T07:23:41.8025761-04:00" testType="13cdc9d9-ddb5-4fa4-a97d-d965ccfc6d4b" outcome="Passed" testListId="8c84fa94-04c1-424b-9868-57a2d4851a1d" relativeResultsDirectory="8eee290d-5984-4ecc-a72a-ef39f49b5be2" /><UnitTestResult executionId="9afea218-9ab6-4886-9a25-0d074508a674" testId="57f45b74-25b5-4b51-bb02-3d364d11d111" testName="CameraHasExpectedDependentFiles" computerName="VECTOR" duration="00:00:00.0010000" startTime="2018-07-19T07:23:34.1592588-04:00" endTime="2018-07-19T07:23:34.1592603-04:00" testType="13cdc9d9-ddb5-4fa4-a97d-d965ccfc6d4b" outcome="Passed" testListId="8c84fa94-04c1-424b-9868-57a2d4851a1d" relativeResultsDirectory="9afea218-9ab6-4886-9a25-0d074508a674" /><UnitTestResult executionId="28125b07-cbb0-47ee-8924-9cdc43c336f6" testId="8458c85d-8d94-4d41-8d73-688af82d2555" testName="Put_InvalidReferencePropertyReturndBadRequest" computerName="VECTOR" duration="00:00:00.0200000" startTime="2018-07-19T07:24:06.2118390-04:00" endTime="2018-07-19T07:24:06.2118450-04:00" testType="13cdc9d9-ddb5-4fa4-a97d-d965ccfc6d4b" outcome="Passed" testListId="8c84fa94-04c1-424b-9868-57a2d4851a1d" relativeResultsDirectory="28125b07-cbb0-47ee-8924-9cdc43c336f6" /><UnitTestResult executionId="63ee8b7c-5be1-44e6-86ef-1d0fc9219478" testId="a701bcd9-d2dc-4248-a4b4-1454760e834a" testName="Put_ValidReferencePropertyUpdatesModel" computerName="VECTOR" duration="00:00:00.2750000" startTime="2018-07-19T07:23:37.6784726-04:00" endTime="2018-07-19T07:23:37.6784800-04:00" testType="13cdc9d9-ddb5-4fa4-a97d-d965ccfc6d4b" outcome="Passed" testListId="8c84fa94-04c1-424b-9868-57a2d4851a1d" relativeResultsDirectory="63ee8b7c-5be1-44e6-86ef-1d0fc9219478" /><UnitTestResult executionId="a0697e4f-473c-45d7-b4bd-a08f65e3f317" testId="cfcd5d77-1a30-4cf6-a4b8-7b26c72010db" testName="Post_InvalidPropertyValueReturnsBadRequest" computerName="VECTOR" duration="00:00:00.0030000" startTime="2018-07-19T07:23:41.6478100-04:00" endTime="2018-07-19T07:23:41.6478128-04:00" testType="13cdc9d9-ddb5-4fa4-a97d-d965ccfc6d4b" outcome="Passed" testListId="8c84fa94-04c1-424b-9868-57a2d4851a1d" relativeResultsDirectory="a0697e4f-473c-45d7-b4bd-a08f65e3f317" /><UnitTestResult executionId="ce0b68a8-7eb0-4276-836c-96de5834d108" testId="ef10daa8-4d28-4aac-a6fe-fcac70703ad2" testName="GetSingle_ValidIdPropertyValueReturnsCorrectModel" computerName="VECTOR" duration="00:00:00.0070000" startTime="2018-07-19T07:23:42.8204567-04:00" endTime="2018-07-19T07:23:42.8204627-04:00" testType="13cdc9d9-ddb5-4fa4-a97d-d965ccfc6d4b" outcome="Passed" testListId="8c84fa94-04c1-424b-9868-57a2d4851a1d" relativeResultsDirectory="ce0b68a8-7eb0-4276-836c-96de5834d108" /><UnitTestResult executionId="1a37d006-a8d1-48eb-987e-3c7fe5959f66" testId="e546118c-30a7-47d3-80ec-61769118c718" testName="Patch_InvalidEnumPropertyValueReturnsBadRequest" computerName="VECTOR" duration="00:00:00.0010000" startTime="2018-07-19T07:24:05.8776892-04:00" endTime="2018-07-19T07:24:05.8776918-04:00" testType="13cdc9d9-ddb5-4fa4-a97d-d965ccfc6d4b" outcome="Passed" testListId="8c84fa94-04c1-424b-9868-57a2d4851a1d" relativeResultsDirectory="1a37d006-a8d1-48eb-987e-3c7fe5959f66" /><UnitTestResult executionId="a369891b-dd11-4acd-a7a3-2f3ddf074a68" testId="b33baaea-128a-414d-ae7b-5af5fea698dd" testName="GetList_ListReturnsCorrectCount" computerName="VECTOR" duration="00:00:00.0440000" startTime="2018-07-19T07:24:05.8775178-04:00" endTime="2018-07-19T07:24:05.8775243-04:00" testType="13cdc9d9-ddb5-4fa4-a97d-d965ccfc6d4b" outcome="Passed" testListId="8c84fa94-04c1-424b-9868-57a2d4851a1d" relativeResultsDirectory="a369891b-dd11-4acd-a7a3-2f3ddf074a68" /><UnitTestResult executionId="c33c0247-c523-4a47-8d12-ea41c6df155f" testId="df2a412c-f5b1-4984-809f-80eda902f139" testName="PutFile_NewFileCanBePut" computerName="VECTOR" duration="00:00:00.3650000" startTime="2018-07-19T07:24:04.5083422-04:00" endTime="2018-07-19T07:24:04.5083490-04:00" testType="13cdc9d9-ddb5-4fa4-a97d-d965ccfc6d4b" outcome="Passed" testListId="8c84fa94-04c1-424b-9868-57a2d4851a1d" relativeResultsDirectory="c33c0247-c523-4a47-8d12-ea41c6df155f" /><UnitTestResult executionId="d7a99a80-80e8-49cd-9770-46526d30a53c" testId="da9305ad-9847-41b2-8a6d-ce6fb6a1cdf7" testName="Post_CanCreateNewModel" computerName="VECTOR" duration="00:00:00.2140000" startTime="2018-07-19T07:23:41.2526829-04:00" endTime="2018-07-19T07:23:41.2526900-04:00" testType="13cdc9d9-ddb5-4fa4-a97d-d965ccfc6d4b" outcome="Passed" testListId="8c84fa94-04c1-424b-9868-57a2d4851a1d" relativeResultsDirectory="d7a99a80-80e8-49cd-9770-46526d30a53c" /><UnitTestResult executionId="18b8bf91-3f17-4a9f-a935-f633a53c13f3" testId="911321ce-d8d7-405b-a6ae-215cf854bb5b" testName="Patch_MultipleInvalidReferencePropertiesReturnsMultipleValidationErrorsAndBadRequest" computerName="VECTOR" duration="00:00:00.0340000" startTime="2018-07-19T07:23:37.9204254-04:00" endTime="2018-07-19T07:23:37.9204317-04:00" testType="13cdc9d9-ddb5-4fa4-a97d-d965ccfc6d4b" outcome="Passed" testListId="8c84fa94-04c1-424b-9868-57a2d4851a1d" relativeResultsDirectory="18b8bf91-3f17-4a9f-a935-f633a53c13f3" /><UnitTestResult executionId="7a6cd343-3828-44d8-b4c2-2c53f9008c61" testId="4d418d7d-40cc-497d-a746-ce9a363bb5f1" testName="LucyModel3dHasTwoDependents" computerName="VECTOR" duration="00:00:00.3720000" startTime="2018-07-19T07:23:34.1513530-04:00" endTime="2018-07-19T07:23:34.1513587-04:00" testType="13cdc9d9-ddb5-4fa4-a97d-d965ccfc6d4b" outcome="Passed" testListId="8c84fa94-04c1-424b-9868-57a2d4851a1d" relativeResultsDirectory="7a6cd343-3828-44d8-b4c2-2c53f9008c61" /><UnitTestResult executionId="240c0439-ef7e-48b1-9150-9708ce9ba0db" testId="b8663b4c-01d7-4b39-b79c-f2e13efbd0b3" testName="Patch_InvalidPropertyNameReturnsBadRequest" computerName="VECTOR" duration="00:00:00.0070000" startTime="2018-07-19T07:23:46.0533688-04:00" endTime="2018-07-19T07:23:46.0533753-04:00" testType="13cdc9d9-ddb5-4fa4-a97d-d965ccfc6d4b" outcome="Passed" testListId="8c84fa94-04c1-424b-9868-57a2d4851a1d" relativeResultsDirectory="240c0439-ef7e-48b1-9150-9708ce9ba0db" /><UnitTestResult executionId="50058ba5-b6ad-4dc8-974a-a650c721a196" testId="78a8d654-93a6-44b8-a91a-1480dcec5102" testName="MeshTransformHasExpectedDependentFiles" computerName="VECTOR" duration="00:00:00.0010000" startTime="2018-07-19T07:23:34.1595107-04:00" endTime="2018-07-19T07:23:34.1595116-04:00" testType="13cdc9d9-ddb5-4fa4-a97d-d965ccfc6d4b" outcome="Passed" testListId="8c84fa94-04c1-424b-9868-57a2d4851a1d" relativeResultsDirectory="50058ba5-b6ad-4dc8-974a-a650c721a196" /><UnitTestResult executionId="b126dddb-9f31-4178-9bb7-7d20416ef64a" testId="ce9a38ab-76c0-46b1-b8e5-11dc3c67136f" testName="PostFile_FileTimeStampIsUpdatedAfterFileIsPosted" computerName="VECTOR" duration="00:00:01.4560000" startTime="2018-07-19T07:24:02.2826502-04:00" endTime="2018-07-19T07:24:02.2826567-04:00" testType="13cdc9d9-ddb5-4fa4-a97d-d965ccfc6d4b" outcome="Passed" testListId="8c84fa94-04c1-424b-9868-57a2d4851a1d" relativeResultsDirectory="b126dddb-9f31-4178-9bb7-7d20416ef64a" /><UnitTestResult executionId="bbdeb000-3467-43e1-96c4-dc349cd145b4" testId="4712ece0-5952-4ca4-8414-08e8120f1c1d" testName="GetSingle_InvalidIdPropertyValueReturnsNotFound" computerName="VECTOR" duration="00:00:00.0070000" startTime="2018-07-19T07:23:35.6066029-04:00" endTime="2018-07-19T07:23:35.6066060-04:00" testType="13cdc9d9-ddb5-4fa4-a97d-d965ccfc6d4b" outcome="Passed" testListId="8c84fa94-04c1-424b-9868-57a2d4851a1d" relativeResultsDirectory="bbdeb000-3467-43e1-96c4-dc349cd145b4" /><UnitTestResult executionId="0a9cd663-c9b2-4a5f-844a-b743a1c43102" testId="a846d244-8bb7-4992-a438-0974b0fe01de" testName="GetList_ListReturnsCorrectCount" computerName="VECTOR" duration="00:00:00.0400000" startTime="2018-07-19T07:23:41.3115440-04:00" endTime="2018-07-19T07:23:41.3115537-04:00" testType="13cdc9d9-ddb5-4fa4-a97d-d965ccfc6d4b" outcome="Passed" testListId="8c84fa94-04c1-424b-9868-57a2d4851a1d" relativeResultsDirectory="0a9cd663-c9b2-4a5f-844a-b743a1c43102" /><UnitTestResult executionId="b3544967-93fa-4e4c-8792-c44a8a3b6e8c" testId="840e928c-344a-45d6-ab9b-4bde55559dc3" testName="Post_CanCreateNewModel" computerName="VECTOR" duration="00:00:00.1490000" startTime="2018-07-19T07:23:38.1359914-04:00" endTime="2018-07-19T07:23:38.1359988-04:00" testType="13cdc9d9-ddb5-4fa4-a97d-d965ccfc6d4b" outcome="Passed" testListId="8c84fa94-04c1-424b-9868-57a2d4851a1d" relativeResultsDirectory="b3544967-93fa-4e4c-8792-c44a8a3b6e8c" /><UnitTestResult executionId="052f155b-2f62-40b4-95bb-8ad437e198fb" testId="738c581f-7037-4a4a-bcde-6632911c8f2a" testName="Post_CanCreateNewModel" computerName="VECTOR" duration="00:00:00.1740000" startTime="2018-07-19T07:23:46.0264055-04:00" endTime="2018-07-19T07:23:46.0264120-04:00" testType="13cdc9d9-ddb5-4fa4-a97d-d965ccfc6d4b" outcome="Passed" testListId="8c84fa94-04c1-424b-9868-57a2d4851a1d" relativeResultsDirectory="052f155b-2f62-40b4-95bb-8ad437e198fb" /><UnitTestResult executionId="5477cbd6-5a7d-4a58-ba69-8a33b1edd539" testId="7022dfba-5000-4b67-8126-08ff61195a98" testName="Post_ValidReferencePropertyCreatesModel" computerName="VECTOR" duration="00:00:00.1960000" startTime="2018-07-19T07:23:37.8856265-04:00" endTime="2018-07-19T07:23:37.8856328-04:00" testType="13cdc9d9-ddb5-4fa4-a97d-d965ccfc6d4b" outcome="Passed" testListId="8c84fa94-04c1-424b-9868-57a2d4851a1d" relativeResultsDirectory="5477cbd6-5a7d-4a58-ba69-8a33b1edd539" /><UnitTestResult executionId="53c9ee2b-8ea4-4fbe-8c19-51483d655247" testId="253b8398-c9e8-42ce-8709-54be86a6cc2c" testName="GetFile_FileCanBeRoundTripped" computerName="VECTOR" duration="00:00:00.2910000" startTime="2018-07-19T07:24:05.4661378-04:00" endTime="2018-07-19T07:24:05.4661441-04:00" testType="13cdc9d9-ddb5-4fa4-a97d-d965ccfc6d4b" outcome="Passed" testListId="8c84fa94-04c1-424b-9868-57a2d4851a1d" relativeResultsDirectory="53c9ee2b-8ea4-4fbe-8c19-51483d655247" /><UnitTestResult executionId="8ad2c21b-3b8c-4c34-a3e9-ae5d0cfad965" testId="643123e1-e5a6-4dc4-8506-0df0078cae51" testName="Delete_TargetModelIsDeleted" computerName="VECTOR" duration="00:00:00.3040000" startTime="2018-07-19T07:23:41.0205568-04:00" endTime="2018-07-19T07:23:41.0205627-04:00" testType="13cdc9d9-ddb5-4fa4-a97d-d965ccfc6d4b" outcome="Passed" testListId="8c84fa94-04c1-424b-9868-57a2d4851a1d" relativeResultsDirectory="8ad2c21b-3b8c-4c34-a3e9-ae5d0cfad965" /><UnitTestResult executionId="cc684fc9-05b5-4e9d-8b1e-9949ad66c5f9" testId="01f663f4-4ffb-483a-94ba-5c436c4ba21e" testName="FileRequest_DepthBufferIsInvalidatedAfterCameraDependencyPropertyChange" computerName="VECTOR" duration="00:00:00.9910000" startTime="2018-07-19T07:24:04.1328660-04:00" endTime="2018-07-19T07:24:04.1328726-04:00" testType="13cdc9d9-ddb5-4fa4-a97d-d965ccfc6d4b" outcome="Passed" testListId="8c84fa94-04c1-424b-9868-57a2d4851a1d" relativeResultsDirectory="cc684fc9-05b5-4e9d-8b1e-9949ad66c5f9" /><UnitTestResult executionId="69313f48-6034-4318-86f4-88c92f1c5660" testId="7c299861-70a0-4ecb-a567-988ac5e6e901" testName="Patch_InvalidReferencePropertyReturnsBadRequest" computerName="VECTOR" duration="00:00:00.0180000" startTime="2018-07-19T07:23:41.2715025-04:00" endTime="2018-07-19T07:23:41.2715093-04:00" testType="13cdc9d9-ddb5-4fa4-a97d-d965ccfc6d4b" outcome="Passed" testListId="8c84fa94-04c1-424b-9868-57a2d4851a1d" relativeResultsDirectory="69313f48-6034-4318-86f4-88c92f1c5660" /><UnitTestResult executionId="ace7d94b-eccb-4b8c-a2fd-a3a9445e98c5" testId="c86469a1-f7e6-411b-8f36-bd369f88995a" testName="GetSingle_ValidIdPropertyValueReturnsCorrectModel" computerName="VECTOR" duration="00:00:00.0190000" startTime="2018-07-19T07:23:46.4545426-04:00" endTime="2018-07-19T07:23:46.4545539-04:00" testType="13cdc9d9-ddb5-4fa4-a97d-d965ccfc6d4b" outcome="Passed" testListId="8c84fa94-04c1-424b-9868-57a2d4851a1d" relativeResultsDirectory="ace7d94b-eccb-4b8c-a2fd-a3a9445e98c5" /><UnitTestResult executionId="39d57a67-a8bd-458c-94f5-18314024d1e8" testId="381aa221-6784-45b5-9641-dc735d0e2a2b" testName="PostFile_FileIsSynchronizedIsUpdatedAfterFileIsPosted" computerName="VECTOR" duration="00:00:00.2890000" startTime="2018-07-19T07:23:54.3426318-04:00" endTime="2018-07-19T07:23:54.3426390-04:00" testType="13cdc9d9-ddb5-4fa4-a97d-d965ccfc6d4b" outcome="Passed" testListId="8c84fa94-04c1-424b-9868-57a2d4851a1d" relativeResultsDirectory="39d57a67-a8bd-458c-94f5-18314024d1e8" /><UnitTestResult executionId="dcab6264-6d40-4e5f-a6bd-2d3b0bc1dd3e" testId="17259782-d109-48c1-bc84-bb85f7b70ef4" testName="Patch_ValidReferencePropertyUpdatesModel" computerName="VECTOR" duration="00:00:00.7940000" startTime="2018-07-19T07:23:44.6604150-04:00" endTime="2018-07-19T07:23:44.6604210-04:00" testType="13cdc9d9-ddb5-4fa4-a97d-d965ccfc6d4b" outcome="Passed" testListId="8c84fa94-04c1-424b-9868-57a2d4851a1d" relativeResultsDirectory="dcab6264-6d40-4e5f-a6bd-2d3b0bc1dd3e" /><UnitTestResult executionId="ff98cebb-b2e1-4513-ac8f-12878abc7eda" testId="9aab2c18-348b-40c5-a45d-93a7f74c06f3" testName="Patch_InvalidEnumPropertyValueReturnsBadRequest" computerName="VECTOR" duration="00:00:00.0020000" startTime="2018-07-19T07:23:35.5995167-04:00" endTime="2018-07-19T07:23:35.5995184-04:00" testType="13cdc9d9-ddb5-4fa4-a97d-d965ccfc6d4b" outcome="Passed" testListId="8c84fa94-04c1-424b-9868-57a2d4851a1d" relativeResultsDirectory="ff98cebb-b2e1-4513-ac8f-12878abc7eda" /><UnitTestResult executionId="78f1c576-08d5-4c9e-b4c1-d6dc7c7f2dc4" testId="b3d41646-5c30-4749-96c7-68afe6cb498c" testName="Patch_InvalidPropertyNameReturnsBadRequest" computerName="VECTOR" duration="00:00:00.0050000" startTime="2018-07-19T07:23:37.0659803-04:00" endTime="2018-07-19T07:23:37.0659840-04:00" testType="13cdc9d9-ddb5-4fa4-a97d-d965ccfc6d4b" outcome="Passed" testListId="8c84fa94-04c1-424b-9868-57a2d4851a1d" relativeResultsDirectory="78f1c576-08d5-4c9e-b4c1-d6dc7c7f2dc4" /><UnitTestResult executionId="a5f520ec-5798-42be-82e6-2df3c8a7e06a" testId="c08f563d-a2cf-4ead-a5a1-14730b0c3967" testName="Patch_InvalidIdPropertyReturnsNotFound" computerName="VECTOR" duration="00:00:00.0070000" startTime="2018-07-19T07:23:58.8254219-04:00" endTime="2018-07-19T07:23:58.8254295-04:00" testType="13cdc9d9-ddb5-4fa4-a97d-d965ccfc6d4b" outcome="Passed" testListId="8c84fa94-04c1-424b-9868-57a2d4851a1d" relativeResultsDirectory="a5f520ec-5798-42be-82e6-2df3c8a7e06a" /><UnitTestResult executionId="cf597b18-bd77-40a0-acad-e2fd67677eb5" testId="bb94d2fd-0bbf-430f-8079-af53e122facb" testName="Patch_InvalidIdPropertyReturnsNotFound" computerName="VECTOR" duration="00:00:00.0090000" startTime="2018-07-19T07:23:36.0493827-04:00" endTime="2018-07-19T07:23:36.0493884-04:00" testType="13cdc9d9-ddb5-4fa4-a97d-d965ccfc6d4b" outcome="Passed" testListId="8c84fa94-04c1-424b-9868-57a2d4851a1d" relativeResultsDirectory="cf597b18-bd77-40a0-acad-e2fd67677eb5" /><UnitTestResult executionId="7b64b04e-e8fd-400b-a8cd-b5668ae0e46e" testId="a47a7515-e1e8-4f27-a5e3-b05a062d2125" testName="Patch_InvalidPropertyNameReturnsBadRequest" computerName="VECTOR" duration="00:00:00.0060000" startTime="2018-07-19T07:23:58.4653074-04:00" endTime="2018-07-19T07:23:58.4653134-04:00" testType="13cdc9d9-ddb5-4fa4-a97d-d965ccfc6d4b" outcome="Passed" testListId="8c84fa94-04c1-424b-9868-57a2d4851a1d" relativeResultsDirectory="7b64b04e-e8fd-400b-a8cd-b5668ae0e46e" /><UnitTestResult executionId="725149d6-3a7d-47f9-8b0f-201caf5d7b74" testId="ec0cfa03-77bd-43ed-878c-0c98c9b42eb5" testName="Put_InvalidIdReturnsNotFound" computerName="VECTOR" duration="00:00:00.0360000" startTime="2018-07-19T07:23:35.5894427-04:00" endTime="2018-07-19T07:23:35.5894484-04:00" testType="13cdc9d9-ddb5-4fa4-a97d-d965ccfc6d4b" outcome="Passed" testListId="8c84fa94-04c1-424b-9868-57a2d4851a1d" relativeResultsDirectory="725149d6-3a7d-47f9-8b0f-201caf5d7b74" /><UnitTestResult executionId="f248303b-8d79-41e1-9d33-afecf9e610fd" testId="e32da08e-d526-4998-9f37-ef308b527641" testName="Post_InvalidReferencePropertyReturnsBadRequest" computerName="VECTOR" duration="00:00:00.0060000" startTime="2018-07-19T07:23:59.8764224-04:00" endTime="2018-07-19T07:23:59.8764281-04:00" testType="13cdc9d9-ddb5-4fa4-a97d-d965ccfc6d4b" outcome="Passed" testListId="8c84fa94-04c1-424b-9868-57a2d4851a1d" relativeResultsDirectory="f248303b-8d79-41e1-9d33-afecf9e610fd" /><UnitTestResult executionId="5d1f669f-c36c-4024-85f3-9ce6ef13ee90" testId="d03e0a79-9611-4e23-b1dd-2f676738e2fe" testName="GetSingle_ValidIdPropertyValueReturnsCorrectModel" computerName="VECTOR" duration="00:00:00.0060000" startTime="2018-07-19T07:23:37.0754323-04:00" endTime="2018-07-19T07:23:37.0754369-04:00" testType="13cdc9d9-ddb5-4fa4-a97d-d965ccfc6d4b" outcome="Passed" testListId="8c84fa94-04c1-424b-9868-57a2d4851a1d" relativeResultsDirectory="5d1f669f-c36c-4024-85f3-9ce6ef13ee90" /><UnitTestResult executionId="5a1cdf41-1658-4e74-a055-d9d2415e16ef" testId="60310e2f-13df-4b3e-b95e-a896d67e806f" testName="Put_InvalidIdReturnsNotFound" computerName="VECTOR" duration="00:00:00.0110000" startTime="2018-07-19T07:23:59.8952437-04:00" endTime="2018-07-19T07:23:59.8952494-04:00" testType="13cdc9d9-ddb5-4fa4-a97d-d965ccfc6d4b" outcome="Passed" testListId="8c84fa94-04c1-424b-9868-57a2d4851a1d" relativeResultsDirectory="5a1cdf41-1658-4e74-a055-d9d2415e16ef" /><UnitTestResult executionId="df9b51d0-3ba7-43b1-9951-713d51c08e50" testId="400252b4-8720-4e32-81f5-f5c85b44720a" testName="GetSingle_InvalidIdPropertyValueReturnsNotFound" computerName="VECTOR" duration="00:00:00.0070000" startTime="2018-07-19T07:23:46.0671001-04:00" endTime="2018-07-19T07:23:46.0671046-04:00" testType="13cdc9d9-ddb5-4fa4-a97d-d965ccfc6d4b" outcome="Passed" testListId="8c84fa94-04c1-424b-9868-57a2d4851a1d" relativeResultsDirectory="df9b51d0-3ba7-43b1-9951-713d51c08e50" /><UnitTestResult executionId="ab215893-4c97-4c00-9c69-ab1ea4341615" testId="8aedfc75-bdc5-4a0f-a925-b50b3e556946" testName="FileRequest_FileCanBeReadAfterRename" computerName="VECTOR" duration="00:00:00.4250000" startTime="2018-07-19T07:24:03.1414254-04:00" endTime="2018-07-19T07:24:03.1414317-04:00" testType="13cdc9d9-ddb5-4fa4-a97d-d965ccfc6d4b" outcome="Passed" testListId="8c84fa94-04c1-424b-9868-57a2d4851a1d" relativeResultsDirectory="ab215893-4c97-4c00-9c69-ab1ea4341615" /><UnitTestResult executionId="5d0ec710-1329-46a2-865c-91ca3748ca66" testId="5e238687-029a-4f29-876b-989b65d39121" testName="GetFile_NonExistentFileReturnsNotFound" computerName="VECTOR" duration="00:00:00.0150000" startTime="2018-07-19T07:23:46.4960047-04:00" endTime="2018-07-19T07:23:46.4960107-04:00" testType="13cdc9d9-ddb5-4fa4-a97d-d965ccfc6d4b" outcome="Passed" testListId="8c84fa94-04c1-424b-9868-57a2d4851a1d" relativeResultsDirectory="5d0ec710-1329-46a2-865c-91ca3748ca66" /><UnitTestResult executionId="c472c917-fbd7-43f1-a30d-b8584c312009" testId="6bf45152-a855-49e9-b756-3d26e9909f64" testName="DepthBufferHasExpectedDependentFiles" computerName="VECTOR" duration="00:00:00.0010000" startTime="2018-07-19T07:23:34.1626536-04:00" endTime="2018-07-19T07:23:34.1626548-04:00" testType="13cdc9d9-ddb5-4fa4-a97d-d965ccfc6d4b" outcome="Passed" testListId="8c84fa94-04c1-424b-9868-57a2d4851a1d" relativeResultsDirectory="c472c917-fbd7-43f1-a30d-b8584c312009" /><UnitTestResult executionId="b35dfa75-776f-467f-9a1c-f8ea4b15b479" testId="55359c69-3c3b-4d41-91f1-d9931a07304e" testName="Patch_MultipleInvalidReferencePropertiesReturnsMultipleValidationErrorsAndBadRequest" computerName="VECTOR" duration="00:00:00.0180000" startTime="2018-07-19T07:23:41.0386381-04:00" endTime="2018-07-19T07:23:41.0386446-04:00" testType="13cdc9d9-ddb5-4fa4-a97d-d965ccfc6d4b" outcome="Passed" testListId="8c84fa94-04c1-424b-9868-57a2d4851a1d" relativeResultsDirectory="b35dfa75-776f-467f-9a1c-f8ea4b15b479" /><UnitTestResult executionId="b614a865-0c93-4e89-8b61-fa25127afe98" testId="56015ff3-c951-48a5-b011-55c93348ae98" testName="Put_ValidReferencePropertyUpdatesModel" computerName="VECTOR" duration="00:00:00.3320000" startTime="2018-07-19T07:23:41.6444610-04:00" endTime="2018-07-19T07:23:41.6444669-04:00" testType="13cdc9d9-ddb5-4fa4-a97d-d965ccfc6d4b" outcome="Passed" testListId="8c84fa94-04c1-424b-9868-57a2d4851a1d" relativeResultsDirectory="b614a865-0c93-4e89-8b61-fa25127afe98" /><UnitTestResult executionId="7e9b6b85-bf22-40c9-89b8-4ba1890a1100" testId="dfcbf110-b90b-4082-ab41-a3b9366c1919" testName="GetSingle_InvalidIdPropertyValueReturnsNotFound" computerName="VECTOR" duration="00:00:00.0290000" startTime="2018-07-19T07:23:36.9922425-04:00" endTime="2018-07-19T07:23:36.9922525-04:00" testType="13cdc9d9-ddb5-4fa4-a97d-d965ccfc6d4b" outcome="Passed" testListId="8c84fa94-04c1-424b-9868-57a2d4851a1d" relativeResultsDirectory="7e9b6b85-bf22-40c9-89b8-4ba1890a1100" /><UnitTestResult executionId="10ad84da-7362-42ec-a6fd-bf68632ecae8" testId="a2e0a12f-4485-4e87-be12-902c679703a4" testName="Patch_ValidReferencePropertyUpdatesModel" computerName="VECTOR" duration="00:00:00.0060000" startTime="2018-07-19T07:23:34.1731524-04:00" endTime="2018-07-19T07:23:34.1731558-04:00" testType="13cdc9d9-ddb5-4fa4-a97d-d965ccfc6d4b" outcome="Passed" testListId="8c84fa94-04c1-424b-9868-57a2d4851a1d" relativeResultsDirectory="10ad84da-7362-42ec-a6fd-bf68632ecae8" /><UnitTestResult executionId="b136338a-9fee-48ed-9f93-e7b6e6dce0c9" testId="93f83eb2-d8f0-4b72-8d45-a5174a60b80b" testName="Put_CanUpdateModel" computerName="VECTOR" duration="00:00:00.3400000" startTime="2018-07-19T07:24:00.8001605-04:00" endTime="2018-07-19T07:24:00.8001685-04:00" testType="13cdc9d9-ddb5-4fa4-a97d-d965ccfc6d4b" outcome="Passed" testListId="8c84fa94-04c1-424b-9868-57a2d4851a1d" relativeResultsDirectory="b136338a-9fee-48ed-9f93-e7b6e6dce0c9" /><UnitTestResult executionId="ac0e79e7-5824-4fb9-bf2d-7be02b0556f5" testId="216c8c06-847e-4db7-85ba-854fda9161ab" testName="PutFile_FileCanBeUpdated" computerName="VECTOR" duration="00:00:00.5000000" startTime="2018-07-19T07:23:39.2537065-04:00" endTime="2018-07-19T07:23:39.2537150-04:00" testType="13cdc9d9-ddb5-4fa4-a97d-d965ccfc6d4b" outcome="Passed" testListId="8c84fa94-04c1-424b-9868-57a2d4851a1d" relativeResultsDirectory="ac0e79e7-5824-4fb9-bf2d-7be02b0556f5" /><UnitTestResult executionId="23e2ac0e-af20-4af0-941a-4c04d67b9b90" testId="ed75ff25-9942-4116-b73a-6f03aba060fd" testName="Post_InvalidReferencePropertyReturnsBadRequest" computerName="VECTOR" duration="00:00:00.0700000" startTime="2018-07-19T07:23:36.1300349-04:00" endTime="2018-07-19T07:23:36.1300411-04:00" testType="13cdc9d9-ddb5-4fa4-a97d-d965ccfc6d4b" outcome="Passed" testListId="8c84fa94-04c1-424b-9868-57a2d4851a1d" relativeResultsDirectory="23e2ac0e-af20-4af0-941a-4c04d67b9b90" /><UnitTestResult executionId="67d19001-1f89-446e-b8a9-76c962187e72" testId="8c0ff57a-33b9-4ec8-bea5-74453efa2937" testName="Put_CanUpdateModel" computerName="VECTOR" duration="00:00:00.2990000" startTime="2018-07-19T07:24:06.1910400-04:00" endTime="2018-07-19T07:24:06.1910469-04:00" testType="13cdc9d9-ddb5-4fa4-a97d-d965ccfc6d4b" outcome="Passed" testListId="8c84fa94-04c1-424b-9868-57a2d4851a1d" relativeResultsDirectory="67d19001-1f89-446e-b8a9-76c962187e72" /><UnitTestResult executionId="e5685e54-40ca-441d-92c7-bf7346400e69" testId="c7e87717-7b4b-47ae-b783-523ce2d1eed7" testName="GetFile_ExistingFileReturnsSuccess" computerName="VECTOR" duration="00:00:00.0170000" startTime="2018-07-19T07:23:50.2278301-04:00" endTime="2018-07-19T07:23:50.2278389-04:00" testType="13cdc9d9-ddb5-4fa4-a97d-d965ccfc6d4b" outcome="Passed" testListId="8c84fa94-04c1-424b-9868-57a2d4851a1d" relativeResultsDirectory="e5685e54-40ca-441d-92c7-bf7346400e69" /><UnitTestResult executionId="bc1292b4-97e1-454b-ba2b-ad62013845d2" testId="46c2132a-fad0-4b5a-9da8-6007a617d09f" testName="Patch_InvalidReferencePropertyReturnsBadRequest" computerName="VECTOR" duration="00:00:00.0160000" startTime="2018-07-19T07:24:06.6907995-04:00" endTime="2018-07-19T07:24:06.6908058-04:00" testType="13cdc9d9-ddb5-4fa4-a97d-d965ccfc6d4b" outcome="Passed" testListId="8c84fa94-04c1-424b-9868-57a2d4851a1d" relativeResultsDirectory="bc1292b4-97e1-454b-ba2b-ad62013845d2" /><UnitTestResult executionId="8d3552de-cda3-47f5-83e4-1cdbb2d4cde8" testId="eaac3a31-74fc-4238-a427-a20ccb188ad7" testName="Delete_TargetModelIsDeleted" computerName="VECTOR" duration="00:00:00.2060000" startTime="2018-07-19T07:23:38.3638915-04:00" endTime="2018-07-19T07:23:38.3638980-04:00" testType="13cdc9d9-ddb5-4fa4-a97d-d965ccfc6d4b" outcome="Passed" testListId="8c84fa94-04c1-424b-9868-57a2d4851a1d" relativeResultsDirectory="8d3552de-cda3-47f5-83e4-1cdbb2d4cde8" /><UnitTestResult executionId="8c62a881-dff0-410a-a65d-a690d310be75" testId="1bcbb843-d67d-4089-abbb-6d9d6e34c353" testName="Delete_TargetModelIsDeleted" computerName="VECTOR" duration="00:00:00.1500000" startTime="2018-07-19T07:24:05.8332828-04:00" endTime="2018-07-19T07:24:05.8332896-04:00" testType="13cdc9d9-ddb5-4fa4-a97d-d965ccfc6d4b" outcome="Passed" testListId="8c84fa94-04c1-424b-9868-57a2d4851a1d" relativeResultsDirectory="8c62a881-dff0-410a-a65d-a690d310be75" /><UnitTestResult executionId="02af0326-e43b-4ab6-b94f-2e0d2b5d9de5" testId="a6859540-c812-4212-9e56-e781b973ce48" testName="GetList_ListReturnsCorrectCount" computerName="VECTOR" duration="00:00:00.4780000" startTime="2018-07-19T07:23:43.3055605-04:00" endTime="2018-07-19T07:23:43.3055708-04:00" testType="13cdc9d9-ddb5-4fa4-a97d-d965ccfc6d4b" outcome="Passed" testListId="8c84fa94-04c1-424b-9868-57a2d4851a1d" relativeResultsDirectory="02af0326-e43b-4ab6-b94f-2e0d2b5d9de5" /><UnitTestResult executionId="5f310663-4e4a-4f87-a033-3feb78cfa7ab" testId="eabb6079-c037-424d-bd99-55161cf729fe" testName="Patch_InvalidPropertyNameReturnsBadRequest" computerName="VECTOR" duration="00:00:00.0150000" startTime="2018-07-19T07:23:40.7165302-04:00" endTime="2018-07-19T07:23:40.7165365-04:00" testType="13cdc9d9-ddb5-4fa4-a97d-d965ccfc6d4b" outcome="Passed" testListId="8c84fa94-04c1-424b-9868-57a2d4851a1d" relativeResultsDirectory="5f310663-4e4a-4f87-a033-3feb78cfa7ab" /><UnitTestResult executionId="e4bf5579-66b2-42c9-be86-15d2cc8ce4dc" testId="b5a821ae-4fbc-4296-97d1-f18413629c09" testName="Patch_InvalidReferencePropertyReturnsBadRequest" computerName="VECTOR" duration="00:00:00.0210000" startTime="2018-07-19T07:23:38.1574738-04:00" endTime="2018-07-19T07:23:38.1574809-04:00" testType="13cdc9d9-ddb5-4fa4-a97d-d965ccfc6d4b" outcome="Passed" testListId="8c84fa94-04c1-424b-9868-57a2d4851a1d" relativeResultsDirectory="e4bf5579-66b2-42c9-be86-15d2cc8ce4dc" /><UnitTestResult executionId="f26e51a4-5796-4d35-ab55-99f2e9c8effd" testId="176be4e5-e3ef-4b1e-a182-5d39413679a6" testName="Put_InvalidReferencePropertyReturndBadRequest" computerName="VECTOR" duration="00:00:00.1390000" startTime="2018-07-19T07:23:58.6042667-04:00" endTime="2018-07-19T07:23:58.6042721-04:00" testType="13cdc9d9-ddb5-4fa4-a97d-d965ccfc6d4b" outcome="Passed" testListId="8c84fa94-04c1-424b-9868-57a2d4851a1d" relativeResultsDirectory="f26e51a4-5796-4d35-ab55-99f2e9c8effd" /><UnitTestResult executionId="b74977a5-3cfa-4660-a305-7fb8473cb022" testId="71313356-b395-485b-86a7-b64bc018635b" testName="Patch_ValidReferencePropertyUpdatesModel" computerName="VECTOR" duration="00:00:00.3080000" startTime="2018-07-19T07:23:42.1355599-04:00" endTime="2018-07-19T07:23:42.1355670-04:00" testType="13cdc9d9-ddb5-4fa4-a97d-d965ccfc6d4b" outcome="Passed" testListId="8c84fa94-04c1-424b-9868-57a2d4851a1d" relativeResultsDirectory="b74977a5-3cfa-4660-a305-7fb8473cb022" /><UnitTestResult executionId="7b50fca5-600e-4699-babb-f7e0b563608e" testId="8900c98f-74f2-4d3f-b165-2796ca2c2ef7" testName="PostFile_NewFileCanBePosted" computerName="VECTOR" duration="00:00:00.3650000" startTime="2018-07-19T07:23:40.2604443-04:00" endTime="2018-07-19T07:23:40.2604508-04:00" testType="13cdc9d9-ddb5-4fa4-a97d-d965ccfc6d4b" outcome="Passed" testListId="8c84fa94-04c1-424b-9868-57a2d4851a1d" relativeResultsDirectory="7b50fca5-600e-4699-babb-f7e0b563608e" /><UnitTestResult executionId="79830dc9-999b-42ee-9d26-b66c4418f3e2" testId="cccc279c-44fc-4d43-9ea9-1425668bce04" testName="Patch_ValidReferencePropertyUpdatesModel" computerName="VECTOR" duration="00:00:00.2630000" startTime="2018-07-19T07:24:06.6743026-04:00" endTime="2018-07-19T07:24:06.6743103-04:00" testType="13cdc9d9-ddb5-4fa4-a97d-d965ccfc6d4b" outcome="Passed" testListId="8c84fa94-04c1-424b-9868-57a2d4851a1d" relativeResultsDirectory="79830dc9-999b-42ee-9d26-b66c4418f3e2" /><UnitTestResult executionId="82f1568a-d33e-436f-84ad-70aa9eef7fab" testId="8e386697-b768-4cab-8876-c3b5c16ccb87" testName="GetFile_FileCanBeRoundTripped" computerName="VECTOR" duration="00:00:00.3500000" startTime="2018-07-19T07:23:49.7518419-04:00" endTime="2018-07-19T07:23:49.7518487-04:00" testType="13cdc9d9-ddb5-4fa4-a97d-d965ccfc6d4b" outcome="Passed" testListId="8c84fa94-04c1-424b-9868-57a2d4851a1d" relativeResultsDirectory="82f1568a-d33e-436f-84ad-70aa9eef7fab" /><UnitTestResult executionId="b9835cd3-89b1-4898-9738-ac9c64286396" testId="aa1c0699-362a-4a76-8806-31efcf739cc3" testName="Put_InvalidIdReturnsNotFound" computerName="VECTOR" duration="00:00:00.0160000" startTime="2018-07-19T07:24:05.6830185-04:00" endTime="2018-07-19T07:24:05.6830245-04:00" testType="13cdc9d9-ddb5-4fa4-a97d-d965ccfc6d4b" outcome="Passed" testListId="8c84fa94-04c1-424b-9868-57a2d4851a1d" relativeResultsDirectory="b9835cd3-89b1-4898-9738-ac9c64286396" /><UnitTestResult executionId="b8e30664-e654-45b0-a4be-7d80412862c6" testId="eba48fc4-0ed9-4ff8-9282-8ea99181e2e8" testName="GetSingle_InvalidIdPropertyValueReturnsNotFound" computerName="VECTOR" duration="00:00:00.0050000" startTime="2018-07-19T07:24:05.8834990-04:00" endTime="2018-07-19T07:24:05.8835024-04:00" testType="13cdc9d9-ddb5-4fa4-a97d-d965ccfc6d4b" outcome="Passed" testListId="8c84fa94-04c1-424b-9868-57a2d4851a1d" relativeResultsDirectory="b8e30664-e654-45b0-a4be-7d80412862c6" /><UnitTestResult executionId="47e23bdb-c6fd-4bd5-a26f-238f432e9ee0" testId="1eedb07a-fc7f-41a2-9e5b-c0277ac2b2e3" testName="GetSingle_InvalidIdPropertyValueReturnsNotFound" computerName="VECTOR" duration="00:00:00.0130000" startTime="2018-07-19T07:24:00.1890717-04:00" endTime="2018-07-19T07:24:00.1890785-04:00" testType="13cdc9d9-ddb5-4fa4-a97d-d965ccfc6d4b" outcome="Passed" testListId="8c84fa94-04c1-424b-9868-57a2d4851a1d" relativeResultsDirectory="47e23bdb-c6fd-4bd5-a26f-238f432e9ee0" /><UnitTestResult executionId="b043b51f-8673-4811-87f2-c73ac3203d40" testId="b067ab92-0366-4c1d-8d0f-517e2d801eb1" testName="PutFile_NewFileCanBePut" computerName="VECTOR" duration="00:00:00.3550000" startTime="2018-07-19T07:23:38.7533105-04:00" endTime="2018-07-19T07:23:38.7533176-04:00" testType="13cdc9d9-ddb5-4fa4-a97d-d965ccfc6d4b" outcome="Passed" testListId="8c84fa94-04c1-424b-9868-57a2d4851a1d" relativeResultsDirectory="b043b51f-8673-4811-87f2-c73ac3203d40" /><UnitTestResult executionId="33ff347f-5e11-4f41-949c-1f9bf5606f84" testId="de2a789c-24f2-43ca-885a-48d86858a8c9" testName="PutFile_FileCanBeUpdated" computerName="VECTOR" duration="00:00:00.4330000" startTime="2018-07-19T07:24:02.7159739-04:00" endTime="2018-07-19T07:24:02.7159804-04:00" testType="13cdc9d9-ddb5-4fa4-a97d-d965ccfc6d4b" outcome="Passed" testListId="8c84fa94-04c1-424b-9868-57a2d4851a1d" relativeResultsDirectory="33ff347f-5e11-4f41-949c-1f9bf5606f84" /><UnitTestResult executionId="186b533c-8348-4743-bd81-f3a153327c79" testId="ae8b1ab8-f4b7-4350-a356-abe900675cd2" testName="Delete_TargetModelIsDeleted" computerName="VECTOR" duration="00:00:00.4470000" startTime="2018-07-19T07:23:35.1042659-04:00" endTime="2018-07-19T07:23:35.1042718-04:00" testType="13cdc9d9-ddb5-4fa4-a97d-d965ccfc6d4b" outcome="Passed" testListId="8c84fa94-04c1-424b-9868-57a2d4851a1d" relativeResultsDirectory="186b533c-8348-4743-bd81-f3a153327c79" /><UnitTestResult executionId="f4eebff0-9937-4f41-946a-a5c46a01b345" testId="5cd319b6-70ae-471d-8b70-dc8b59f2d187" testName="Put_InvalidReferencePropertyReturndBadRequest" computerName="VECTOR" duration="00:00:00.0320000" startTime="2018-07-19T07:23:38.3964690-04:00" endTime="2018-07-19T07:23:38.3964764-04:00" testType="13cdc9d9-ddb5-4fa4-a97d-d965ccfc6d4b" outcome="Passed" testListId="8c84fa94-04c1-424b-9868-57a2d4851a1d" relativeResultsDirectory="f4eebff0-9937-4f41-946a-a5c46a01b345" /><UnitTestResult executionId="4a38f911-f53e-4533-bea7-c26ff847ff14" testId="3d01f96e-dd24-4dfc-b76d-65d1884ea253" testName="Patch_InvalidIdPropertyReturnsNotFound" computerName="VECTOR" duration="00:00:00.0100000" startTime="2018-07-19T07:23:37.6892168-04:00" endTime="2018-07-19T07:23:37.6892230-04:00" testType="13cdc9d9-ddb5-4fa4-a97d-d965ccfc6d4b" outcome="Passed" testListId="8c84fa94-04c1-424b-9868-57a2d4851a1d" relativeResultsDirectory="4a38f911-f53e-4533-bea7-c26ff847ff14" /><UnitTestResult executionId="05dff296-f5bf-4f63-b107-dd9e244ac189" testId="6cb0104b-8e1c-41da-ad8d-0c7ec0aafc39" testName="Patch_InvalidEnumPropertyValueReturnsBadRequest" computerName="VECTOR" duration="00:00:00.0070000" startTime="2018-07-19T07:23:37.9861760-04:00" endTime="2018-07-19T07:23:37.9861826-04:00" testType="13cdc9d9-ddb5-4fa4-a97d-d965ccfc6d4b" outcome="Passed" testListId="8c84fa94-04c1-424b-9868-57a2d4851a1d" relativeResultsDirectory="05dff296-f5bf-4f63-b107-dd9e244ac189" /><UnitTestResult executionId="6cd3e332-cd64-4858-826b-58afa2b29bde" testId="83c22d1d-c853-4bc7-9cdc-13010ab10790" testName="Patch_ValidReferencePropertyUpdatesModel" computerName="VECTOR" duration="00:00:00.2770000" startTime="2018-07-19T07:24:00.1753373-04:00" endTime="2018-07-19T07:24:00.1753442-04:00" testType="13cdc9d9-ddb5-4fa4-a97d-d965ccfc6d4b" outcome="Passed" testListId="8c84fa94-04c1-424b-9868-57a2d4851a1d" relativeResultsDirectory="6cd3e332-cd64-4858-826b-58afa2b29bde" /><UnitTestResult executionId="ccb73f7a-1e7e-4d77-bc7f-ef6e289b653f" testId="60b28da7-0313-4fb8-b82f-40ffc287aa5f" testName="Put_InvalidIdReturnsNotFound" computerName="VECTOR" duration="00:00:00.5600000" startTime="2018-07-19T07:23:43.8657790-04:00" endTime="2018-07-19T07:23:43.8657853-04:00" testType="13cdc9d9-ddb5-4fa4-a97d-d965ccfc6d4b" outcome="Passed" testListId="8c84fa94-04c1-424b-9868-57a2d4851a1d" relativeResultsDirectory="ccb73f7a-1e7e-4d77-bc7f-ef6e289b653f" /><UnitTestResult executionId="542f4cb9-a0a4-41c3-89db-5a5c7c08db34" testId="8d520527-25a2-4acf-b5a0-6b116595aaf2" testName="Patch_TargetPropertyIsUpdated" computerName="VECTOR" duration="00:00:00.2740000" startTime="2018-07-19T07:23:35.3785247-04:00" endTime="2018-07-19T07:23:35.3785315-04:00" testType="13cdc9d9-ddb5-4fa4-a97d-d965ccfc6d4b" outcome="Passed" testListId="8c84fa94-04c1-424b-9868-57a2d4851a1d" relativeResultsDirectory="542f4cb9-a0a4-41c3-89db-5a5c7c08db34" /><UnitTestResult executionId="dda11bc5-a24d-4c39-8dce-2afb7566d440" testId="b305b4ff-7d65-4cb3-8b67-c691e4434032" testName="Delete_TargetModelIsDeleted" computerName="VECTOR" duration="00:00:00.1830000" startTime="2018-07-19T07:23:46.4352256-04:00" endTime="2018-07-19T07:23:46.4352321-04:00" testType="13cdc9d9-ddb5-4fa4-a97d-d965ccfc6d4b" outcome="Passed" testListId="8c84fa94-04c1-424b-9868-57a2d4851a1d" relativeResultsDirectory="dda11bc5-a24d-4c39-8dce-2afb7566d440" /><UnitTestResult executionId="b9ab2752-65bc-42a4-afac-9777f1666a28" testId="e76600be-c203-4d5c-ba4f-2c914b8f16d8" testName="Post_InvalidPropertyValueReturnsBadRequest" computerName="VECTOR" duration="00:00:00.0030000" startTime="2018-07-19T07:24:06.4104711-04:00" endTime="2018-07-19T07:24:06.4104765-04:00" testType="13cdc9d9-ddb5-4fa4-a97d-d965ccfc6d4b" outcome="Passed" testListId="8c84fa94-04c1-424b-9868-57a2d4851a1d" relativeResultsDirectory="b9ab2752-65bc-42a4-afac-9777f1666a28" /><UnitTestResult executionId="7cbb5b40-0ca0-49fd-a96b-d4b10848d107" testId="a55fdbac-9ca9-4f70-9c25-e1cba29804e2" testName="GetSingle_InvalidIdPropertyValueReturnsNotFound" computerName="VECTOR" duration="00:00:00.0100000" startTime="2018-07-19T07:23:42.8132608-04:00" endTime="2018-07-19T07:23:42.8132670-04:00" testType="13cdc9d9-ddb5-4fa4-a97d-d965ccfc6d4b" outcome="Passed" testListId="8c84fa94-04c1-424b-9868-57a2d4851a1d" relativeResultsDirectory="7cbb5b40-0ca0-49fd-a96b-d4b10848d107" /><UnitTestResult executionId="f3161e0e-df30-4621-9919-baf73ea246fd" testId="27bc6a1b-11ca-4703-a084-d9accfa83851" testName="GetFile_NonExistentFileReturnsNotFound" computerName="VECTOR" duration="00:00:00.0100000" startTime="2018-07-19T07:24:04.1429190-04:00" endTime="2018-07-19T07:24:04.1429241-04:00" testType="13cdc9d9-ddb5-4fa4-a97d-d965ccfc6d4b" outcome="Passed" testListId="8c84fa94-04c1-424b-9868-57a2d4851a1d" relativeResultsDirectory="f3161e0e-df30-4621-9919-baf73ea246fd" /><UnitTestResult executionId="c5e78e19-5834-4efa-930e-a61db91f4bc5" testId="0b95266d-780a-414c-ae53-9854ad4405af" testName="Patch_MultipleInvalidReferencePropertiesReturnsMultipleValidationErrorsAndBadRequest" computerName="VECTOR" duration="00:00:00.0190000" startTime="2018-07-19T07:23:46.0934002-04:00" endTime="2018-07-19T07:23:46.0934065-04:00" testType="13cdc9d9-ddb5-4fa4-a97d-d965ccfc6d4b" outcome="Passed" testListId="8c84fa94-04c1-424b-9868-57a2d4851a1d" relativeResultsDirectory="c5e78e19-5834-4efa-930e-a61db91f4bc5" /><UnitTestResult executionId="d9207152-0d0c-454f-81c7-e3a6a79537b3" testId="b9fdf3b4-987f-4b83-9abc-5b127a10f94b" testName="Patch_InvalidReferencePropertyReturnsBadRequest" computerName="VECTOR" duration="00:00:00.0200000" startTime="2018-07-19T07:23:46.0464165-04:00" endTime="2018-07-19T07:23:46.0464225-04:00" testType="13cdc9d9-ddb5-4fa4-a97d-d965ccfc6d4b" outcome="Passed" testListId="8c84fa94-04c1-424b-9868-57a2d4851a1d" relativeResultsDirectory="d9207152-0d0c-454f-81c7-e3a6a79537b3" /><UnitTestResult executionId="db40e0e0-975d-4806-800a-221d7df75219" testId="03a2ce9a-75cc-470b-a29d-ef4685405646" testName="Post_ValidReferencePropertyCreatesModel" computerName="VECTOR" duration="00:00:00.1580000" startTime="2018-07-19T07:23:46.2520313-04:00" endTime="2018-07-19T07:23:46.2520375-04:00" testType="13cdc9d9-ddb5-4fa4-a97d-d965ccfc6d4b" outcome="Passed" testListId="8c84fa94-04c1-424b-9868-57a2d4851a1d" relativeResultsDirectory="db40e0e0-975d-4806-800a-221d7df75219" /><UnitTestResult executionId="74248bb7-947f-4f93-b372-4289748b5f2e" testId="afce6ef1-5c0b-45c7-bf66-0d7e15fbe61a" testName="GetFile_NonExistentFileReturnsNotFound" computerName="VECTOR" duration="00:00:00.0170000" startTime="2018-07-19T07:23:40.5623745-04:00" endTime="2018-07-19T07:23:40.5623811-04:00" testType="13cdc9d9-ddb5-4fa4-a97d-d965ccfc6d4b" outcome="Passed" testListId="8c84fa94-04c1-424b-9868-57a2d4851a1d" relativeResultsDirectory="74248bb7-947f-4f93-b372-4289748b5f2e" /><UnitTestResult executionId="cf0ee26a-3c38-4b09-864f-ab5e0738b8d1" testId="bd853828-d855-4d2c-8dd5-1e793aa8f045" testName="FileRequest_MeshGenerateSetsFileIsSynchronized" computerName="VECTOR" duration="00:00:02.0580000" startTime="2018-07-19T07:23:54.0671006-04:00" endTime="2018-07-19T07:23:54.0671080-04:00" testType="13cdc9d9-ddb5-4fa4-a97d-d965ccfc6d4b" outcome="Failed" testListId="8c84fa94-04c1-424b-9868-57a2d4851a1d" relativeResultsDirectory="cf0ee26a-3c38-4b09-864f-ab5e0738b8d1"><Output><ErrorInfo><Message>Expected requestResponse.Message.StatusCode to be OK, but found BadRequest.</Message><StackTrace>   at FluentAssertions.Execution.XUnit2TestFramework.Throw(String message) in C:\projects\fluentassertions-vf06b\Src\FluentAssertions\Execution\XUnit2TestFramework.cs:line 32&#xD;
   at FluentAssertions.Execution.AssertionScope.FailWith(String message, Object[] args) in C:\projects\fluentassertions-vf06b\Src\FluentAssertions\Execution\AssertionScope.cs:line 225&#xD;
   at FluentAssertions.Primitives.ObjectAssertions.Be(Object expected, String because, Object[] becauseArgs) in C:\projects\fluentassertions-vf06b\Src\FluentAssertions\Primitives\ObjectAssertions.cs:line 42&#xD;
   at ModelRelief.Test.TestModels.TestModelFactory`2.&lt;PutModel&gt;d__44.MoveNext() in D:\Users\Steve Knipmeyer\Documents\GitHub\ModelRelief\ModelRelief.test\TestModelFactories\TestModelFactory.cs:line 201&#xD;
--- End of stack trace from previous location where exception was thrown ---&#xD;
   at System.Runtime.ExceptionServices.ExceptionDispatchInfo.Throw()&#xD;
   at System.Runtime.CompilerServices.TaskAwaiter.HandleNonSuccessAndDebuggerNotification(Task task)&#xD;
   at System.Runtime.CompilerServices.TaskAwaiter`1.GetResult()&#xD;
   at ModelRelief.Test.Integration.Meshes.MeshesFileIntegrationTests.&lt;FileRequest_MeshGenerateSetsFileIsSynchronized&gt;d__5.MoveNext() in D:\Users\Steve Knipmeyer\Documents\GitHub\ModelRelief\ModelRelief.test\Integration\File\Meshes\MeshesFileIntegrationTests.cs:line 189&#xD;
--- End of stack trace from previous location where exception was thrown ---&#xD;
   at System.Runtime.ExceptionServices.ExceptionDispatchInfo.Throw()&#xD;
   at ModelRelief.Test.Integration.Meshes.MeshesFileIntegrationTests.&lt;FileRequest_MeshGenerateSetsFileIsSynchronized&gt;d__5.MoveNext() in D:\Users\Steve Knipmeyer\Documents\GitHub\ModelRelief\ModelRelief.test\Integration\File\Meshes\MeshesFileIntegrationTests.cs:line 198&#xD;
--- End of stack trace from previous location where exception was thrown ---&#xD;
   at System.Runtime.ExceptionServices.ExceptionDispatchInfo.Throw()&#xD;
   at System.Runtime.CompilerServices.TaskAwaiter.HandleNonSuccessAndDebuggerNotification(Task task)&#xD;
--- End of stack trace from previous location where exception was thrown ---&#xD;
   at System.Runtime.ExceptionServices.ExceptionDispatchInfo.Throw()&#xD;
   at System.Runtime.CompilerServices.TaskAwaiter.HandleNonSuccessAndDebuggerNotification(Task task)&#xD;
--- End of stack trace from previous location where exception was thrown ---&#xD;
   at System.Runtime.ExceptionServices.ExceptionDispatchInfo.Throw()&#xD;
   at System.Runtime.CompilerServices.TaskAwaiter.HandleNonSuccessAndDebuggerNotification(Task task)</StackTrace></ErrorInfo></Output></UnitTestResult><UnitTestResult executionId="8b00bbd5-ba93-4ffe-9287-c35dcc69454d" testId="7ba09848-3bff-43a8-a02d-ccdb08988cbc" testName="Put_CanUpdateModel" computerName="VECTOR" duration="00:00:00.3750000" startTime="2018-07-19T07:23:42.8025701-04:00" endTime="2018-07-19T07:23:42.8025770-04:00" testType="13cdc9d9-ddb5-4fa4-a97d-d965ccfc6d4b" outcome="Passed" testListId="8c84fa94-04c1-424b-9868-57a2d4851a1d" relativeResultsDirectory="8b00bbd5-ba93-4ffe-9287-c35dcc69454d" /><UnitTestResult executionId="01d7c0d5-a02f-4b15-816a-dd5936ebe149" testId="96749c23-d804-432d-90c6-cbf7fa07bfb6" testName="Patch_InvalidReferencePropertyReturnsBadRequest" computerName="VECTOR" duration="00:00:00.0020000" startTime="2018-07-19T07:23:35.3839442-04:00" endTime="2018-07-19T07:23:35.3839468-04:00" testType="13cdc9d9-ddb5-4fa4-a97d-d965ccfc6d4b" outcome="Passed" testListId="8c84fa94-04c1-424b-9868-57a2d4851a1d" relativeResultsDirectory="01d7c0d5-a02f-4b15-816a-dd5936ebe149" /><UnitTestResult executionId="076a3406-a1c5-4af3-abff-7787083f20b6" testId="0fdcc72e-2b65-464b-84c3-73f9946a35af" testName="LucyCameraFindsAllDependents" computerName="VECTOR" duration="00:00:00.0080000" startTime="2018-07-19T07:23:34.1589759-04:00" endTime="2018-07-19T07:23:34.1589802-04:00" testType="13cdc9d9-ddb5-4fa4-a97d-d965ccfc6d4b" outcome="Passed" testListId="8c84fa94-04c1-424b-9868-57a2d4851a1d" relativeResultsDirectory="076a3406-a1c5-4af3-abff-7787083f20b6" /><UnitTestResult executionId="fabf0514-ec4c-416c-b867-577a85ff0b6b" testId="77258364-9b01-48b7-84c0-71a927acfeb4" testName="FileRequest_MeshGenerateScalesDepthBufferByP1Scale" computerName="VECTOR" duration="00:00:03.5230000" startTime="2018-07-19T07:23:58.3164848-04:00" endTime="2018-07-19T07:23:58.3164910-04:00" testType="13cdc9d9-ddb5-4fa4-a97d-d965ccfc6d4b" outcome="Passed" testListId="8c84fa94-04c1-424b-9868-57a2d4851a1d" relativeResultsDirectory="fabf0514-ec4c-416c-b867-577a85ff0b6b" /><UnitTestResult executionId="f9458b88-86c7-4423-bfea-111bd4e46194" testId="7fa7f15b-ab37-4b7b-a6d7-7294c5496771" testName="GetFile_ExistingFileReturnsSuccess" computerName="VECTOR" duration="00:00:00.0730000" startTime="2018-07-19T07:23:39.3270452-04:00" endTime="2018-07-19T07:23:39.3270551-04:00" testType="13cdc9d9-ddb5-4fa4-a97d-d965ccfc6d4b" outcome="Passed" testListId="8c84fa94-04c1-424b-9868-57a2d4851a1d" relativeResultsDirectory="f9458b88-86c7-4423-bfea-111bd4e46194" /><UnitTestResult executionId="b374e265-201a-484a-900c-55e4c4971168" testId="07ed0ae6-d0a7-4d0a-a1cb-e94a73f7fd77" testName="Patch_TargetPropertyIsUpdated" computerName="VECTOR" duration="00:00:00.2910000" startTime="2018-07-19T07:23:42.4270167-04:00" endTime="2018-07-19T07:23:42.4270238-04:00" testType="13cdc9d9-ddb5-4fa4-a97d-d965ccfc6d4b" outcome="Passed" testListId="8c84fa94-04c1-424b-9868-57a2d4851a1d" relativeResultsDirectory="b374e265-201a-484a-900c-55e4c4971168" /><UnitTestResult executionId="2d02264c-1bf8-4254-b7d6-9a2ba8b095ab" testId="8d149382-757b-4d00-accd-ec07c9a567d0" testName="GetList_ListReturnsCorrectCount" computerName="VECTOR" duration="00:00:00.0580000" startTime="2018-07-19T07:23:37.9784078-04:00" endTime="2018-07-19T07:23:37.9784152-04:00" testType="13cdc9d9-ddb5-4fa4-a97d-d965ccfc6d4b" outcome="Passed" testListId="8c84fa94-04c1-424b-9868-57a2d4851a1d" relativeResultsDirectory="2d02264c-1bf8-4254-b7d6-9a2ba8b095ab" /><UnitTestResult executionId="d5d383a3-0c8c-46b1-bfd5-aae019a18123" testId="835446f4-66ca-4608-9ca8-336f4b4093a5" testName="Patch_MultipleInvalidReferencePropertiesReturnsMultipleValidationErrorsAndBadRequest" computerName="VECTOR" duration="00:00:00.0110000" startTime="2018-07-19T07:23:59.8698266-04:00" endTime="2018-07-19T07:23:59.8698317-04:00" testType="13cdc9d9-ddb5-4fa4-a97d-d965ccfc6d4b" outcome="Passed" testListId="8c84fa94-04c1-424b-9868-57a2d4851a1d" relativeResultsDirectory="d5d383a3-0c8c-46b1-bfd5-aae019a18123" /><UnitTestResult executionId="281907f6-173e-4fae-babd-3958fa9bb88e" testId="c47fb996-5a51-4e68-9ffe-4e6deb4eeb9e" testName="Patch_TargetPropertyIsUpdated" computerName="VECTOR" duration="00:00:00.3160000" startTime="2018-07-19T07:24:07.3157612-04:00" endTime="2018-07-19T07:24:07.3157675-04:00" testType="13cdc9d9-ddb5-4fa4-a97d-d965ccfc6d4b" outcome="Passed" testListId="8c84fa94-04c1-424b-9868-57a2d4851a1d" relativeResultsDirectory="281907f6-173e-4fae-babd-3958fa9bb88e" /><UnitTestResult executionId="14895682-e9c7-4c25-832a-a5d41045718d" testId="9b405546-5dee-49c3-8d92-6d32b2514ccb" testName="Post_ValidReferencePropertyCreatesModel" computerName="VECTOR" duration="00:00:00.0020000" startTime="2018-07-19T07:23:34.6709689-04:00" endTime="2018-07-19T07:23:34.6709717-04:00" testType="13cdc9d9-ddb5-4fa4-a97d-d965ccfc6d4b" outcome="Passed" testListId="8c84fa94-04c1-424b-9868-57a2d4851a1d" relativeResultsDirectory="14895682-e9c7-4c25-832a-a5d41045718d" /><UnitTestResult executionId="9f989e03-d250-4106-bf9e-543cca27cbd2" testId="61671a51-cd99-4f3c-8de3-a3a8537ea7ce" testName="Put_ValidReferencePropertyUpdatesModel" computerName="VECTOR" duration="00:00:00.4160000" startTime="2018-07-19T07:23:59.8414345-04:00" endTime="2018-07-19T07:23:59.8414410-04:00" testType="13cdc9d9-ddb5-4fa4-a97d-d965ccfc6d4b" outcome="Passed" testListId="8c84fa94-04c1-424b-9868-57a2d4851a1d" relativeResultsDirectory="9f989e03-d250-4106-bf9e-543cca27cbd2" /><UnitTestResult executionId="dc2b2241-1029-4586-876d-3e4279d9a95a" testId="2789811a-c141-4849-b330-55fde8d80a84" testName="Patch_InvalidPropertyNameReturnsBadRequest" computerName="VECTOR" duration="00:00:00.0070000" startTime="2018-07-19T07:24:06.4067285-04:00" endTime="2018-07-19T07:24:06.4067351-04:00" testType="13cdc9d9-ddb5-4fa4-a97d-d965ccfc6d4b" outcome="Passed" testListId="8c84fa94-04c1-424b-9868-57a2d4851a1d" relativeResultsDirectory="dc2b2241-1029-4586-876d-3e4279d9a95a" /><UnitTestResult executionId="89f963ce-4144-46ed-8131-82aa835910a5" testId="fe9db4b7-7351-4fc6-99b0-1acddc8252cb" testName="Patch_InvalidEnumPropertyValueReturnsBadRequest" computerName="VECTOR" duration="00:00:00.0100000" startTime="2018-07-19T07:23:45.5795452-04:00" endTime="2018-07-19T07:23:45.5795512-04:00" testType="13cdc9d9-ddb5-4fa4-a97d-d965ccfc6d4b" outcome="Passed" testListId="8c84fa94-04c1-424b-9868-57a2d4851a1d" relativeResultsDirectory="89f963ce-4144-46ed-8131-82aa835910a5" /><UnitTestResult executionId="44f617df-bdb3-4199-88b4-6f1e4ddf8340" testId="36bcb067-d2ec-48b6-9259-4259475ac55c" testName="GetFile_ExistingFileReturnsSuccess" computerName="VECTOR" duration="00:00:00.0250000" startTime="2018-07-19T07:24:00.8260309-04:00" endTime="2018-07-19T07:24:00.8260380-04:00" testType="13cdc9d9-ddb5-4fa4-a97d-d965ccfc6d4b" outcome="Passed" testListId="8c84fa94-04c1-424b-9868-57a2d4851a1d" relativeResultsDirectory="44f617df-bdb3-4199-88b4-6f1e4ddf8340" /><UnitTestResult executionId="4ff38e29-ea9b-48fd-827d-d36094101f83" testId="d99d1756-a3d9-4914-b458-31eb3f038018" testName="Put_ValidReferencePropertyUpdatesModel" computerName="VECTOR" duration="00:00:00.0030000" startTime="2018-07-19T07:23:35.3816216-04:00" endTime="2018-07-19T07:23:35.3816250-04:00" testType="13cdc9d9-ddb5-4fa4-a97d-d965ccfc6d4b" outcome="Passed" testListId="8c84fa94-04c1-424b-9868-57a2d4851a1d" relativeResultsDirectory="4ff38e29-ea9b-48fd-827d-d36094101f83" /><UnitTestResult executionId="e3f91ff3-0d11-440f-94dd-85f2f2c289c3" testId="7042eeff-6e7c-4fa9-bec5-3318e8c03336" testName="Post_InvalidPropertyValueReturnsBadRequest" computerName="VECTOR" duration="00:00:00.0020000" startTime="2018-07-19T07:23:46.4805377-04:00" endTime="2018-07-19T07:23:46.4805405-04:00" testType="13cdc9d9-ddb5-4fa4-a97d-d965ccfc6d4b" outcome="Passed" testListId="8c84fa94-04c1-424b-9868-57a2d4851a1d" relativeResultsDirectory="e3f91ff3-0d11-440f-94dd-85f2f2c289c3" /><UnitTestResult executionId="47168610-cb0d-45b9-aa04-f5d73536d11d" testId="45bede65-6c1f-445c-859d-979b67bc0784" testName="GetSingle_ValidIdPropertyValueReturnsCorrectModel" computerName="VECTOR" duration="00:00:00.0080000" startTime="2018-07-19T07:23:35.5976745-04:00" endTime="2018-07-19T07:23:35.5976808-04:00" testType="13cdc9d9-ddb5-4fa4-a97d-d965ccfc6d4b" outcome="Passed" testListId="8c84fa94-04c1-424b-9868-57a2d4851a1d" relativeResultsDirectory="47168610-cb0d-45b9-aa04-f5d73536d11d" /><UnitTestResult executionId="273b2bd6-10ba-4e95-8460-cec2a83363c7" testId="5ed834a8-da4f-405c-adfb-458e75f8e52c" testName="PostFile_FileTimeStampIsUpdatedAfterFileIsPosted" computerName="VECTOR" duration="00:00:00.0010000" startTime="2018-07-19T07:23:38.3981553-04:00" endTime="2018-07-19T07:23:38.3981579-04:00" testType="13cdc9d9-ddb5-4fa4-a97d-d965ccfc6d4b" outcome="Passed" testListId="8c84fa94-04c1-424b-9868-57a2d4851a1d" relativeResultsDirectory="273b2bd6-10ba-4e95-8460-cec2a83363c7" /><UnitTestResult executionId="9c0c18e7-57a5-48b2-b050-ecc051773d09" testId="e120372f-7f48-4512-baa1-4069cfb72472" testName="Patch_InvalidIdPropertyReturnsNotFound" computerName="VECTOR" duration="00:00:00.0070000" startTime="2018-07-19T07:24:06.3990115-04:00" endTime="2018-07-19T07:24:06.3990175-04:00" testType="13cdc9d9-ddb5-4fa4-a97d-d965ccfc6d4b" outcome="Passed" testListId="8c84fa94-04c1-424b-9868-57a2d4851a1d" relativeResultsDirectory="9c0c18e7-57a5-48b2-b050-ecc051773d09" /><UnitTestResult executionId="a96c7ed9-8088-4c95-a953-c9970f38d7db" testId="86bb3602-663a-4bb9-b14d-35e35f2d487b" testName="Put_InvalidReferencePropertyReturndBadRequest" computerName="VECTOR" duration="00:00:00.0230000" startTime="2018-07-19T07:23:46.4779032-04:00" endTime="2018-07-19T07:23:46.4779089-04:00" testType="13cdc9d9-ddb5-4fa4-a97d-d965ccfc6d4b" outcome="Passed" testListId="8c84fa94-04c1-424b-9868-57a2d4851a1d" relativeResultsDirectory="a96c7ed9-8088-4c95-a953-c9970f38d7db" /><UnitTestResult executionId="107bea39-0734-4795-a04a-a481fa14ed7c" testId="c9071f78-d443-4616-8f5d-363792ab7c83" testName="Model3dHasExpectedDependentFiles" computerName="VECTOR" duration="00:00:00.0340000" startTime="2018-07-19T07:23:33.7817876-04:00" endTime="2018-07-19T07:23:33.7817944-04:00" testType="13cdc9d9-ddb5-4fa4-a97d-d965ccfc6d4b" outcome="Passed" testListId="8c84fa94-04c1-424b-9868-57a2d4851a1d" relativeResultsDirectory="107bea39-0734-4795-a04a-a481fa14ed7c" /><UnitTestResult executionId="2c03fc5f-fc58-474f-83cd-802bfee744b9" testId="318abeba-c121-4953-b394-43ac97c76926" testName="PostFile_FileTimeStampIsUpdatedAfterFileIsPosted" computerName="VECTOR" duration="00:00:01.4640000" startTime="2018-07-19T07:23:51.6924419-04:00" endTime="2018-07-19T07:23:51.6924487-04:00" testType="13cdc9d9-ddb5-4fa4-a97d-d965ccfc6d4b" outcome="Passed" testListId="8c84fa94-04c1-424b-9868-57a2d4851a1d" relativeResultsDirectory="2c03fc5f-fc58-474f-83cd-802bfee744b9" /><UnitTestResult executionId="59370656-9175-42db-82d4-5a505f9cbb87" testId="202d5ee7-032b-4464-bb0a-39be3b150bcd" testName="FileRequest_FileCanBeReadAfterRename" computerName="VECTOR" duration="00:00:00.4500000" startTime="2018-07-19T07:23:54.7930963-04:00" endTime="2018-07-19T07:23:54.7931025-04:00" testType="13cdc9d9-ddb5-4fa4-a97d-d965ccfc6d4b" outcome="Passed" testListId="8c84fa94-04c1-424b-9868-57a2d4851a1d" relativeResultsDirectory="59370656-9175-42db-82d4-5a505f9cbb87" /><UnitTestResult executionId="d84c80a8-51e7-447f-b45f-4e92c3b9350e" testId="a0d4c8d7-b124-4b14-a610-8f352a055628" testName="PostFile_NewFileCanBePosted" computerName="VECTOR" duration="00:00:00.2920000" startTime="2018-07-19T07:23:51.9844851-04:00" endTime="2018-07-19T07:23:51.9844917-04:00" testType="13cdc9d9-ddb5-4fa4-a97d-d965ccfc6d4b" outcome="Passed" testListId="8c84fa94-04c1-424b-9868-57a2d4851a1d" relativeResultsDirectory="d84c80a8-51e7-447f-b45f-4e92c3b9350e" /><UnitTestResult executionId="3d3ad1c8-a11c-4cf4-b4f8-73e1e91ee438" testId="5156249a-c382-4f73-a0a6-1df4b3486ca9" testName="Patch_InvalidEnumPropertyValueReturnsBadRequest" computerName="VECTOR" duration="00:00:00.0210000" startTime="2018-07-19T07:23:58.3386819-04:00" endTime="2018-07-19T07:23:58.3386873-04:00" testType="13cdc9d9-ddb5-4fa4-a97d-d965ccfc6d4b" outcome="Passed" testListId="8c84fa94-04c1-424b-9868-57a2d4851a1d" relativeResultsDirectory="3d3ad1c8-a11c-4cf4-b4f8-73e1e91ee438" /><UnitTestResult executionId="2c5e3b58-9a55-4077-bec8-7fb3ac822d6d" testId="a8bf050d-0ebf-4d74-84f6-28ea1b8e6bcc" testName="Post_InvalidReferencePropertyReturnsBadRequest" computerName="VECTOR" duration="00:00:00.0020000" startTime="2018-07-19T07:23:34.6710337-04:00" endTime="2018-07-19T07:23:34.6710342-04:00" testType="13cdc9d9-ddb5-4fa4-a97d-d965ccfc6d4b" outcome="Passed" testListId="8c84fa94-04c1-424b-9868-57a2d4851a1d" relativeResultsDirectory="2c5e3b58-9a55-4077-bec8-7fb3ac822d6d" /><UnitTestResult executionId="b3820dad-9b91-4604-8d06-a61148e939ab" testId="59326f42-dc81-4981-838c-bb1c6d1ca463" testName="GetSingle_ValidIdPropertyValueReturnsCorrectModel" computerName="VECTOR" duration="00:00:00.0110000" startTime="2018-07-19T07:24:05.4784124-04:00" endTime="2018-07-19T07:24:05.4784189-04:00" testType="13cdc9d9-ddb5-4fa4-a97d-d965ccfc6d4b" outcome="Passed" testListId="8c84fa94-04c1-424b-9868-57a2d4851a1d" relativeResultsDirectory="b3820dad-9b91-4604-8d06-a61148e939ab" /><UnitTestResult executionId="4ef90b17-60a7-4171-afab-f7ab3d3a5db0" testId="0fada291-db6e-4638-a2fc-9cacf5c02d7b" testName="Put_CanUpdateModel" computerName="VECTOR" duration="00:00:00.3460000" startTime="2018-07-19T07:23:35.9532824-04:00" endTime="2018-07-19T07:23:35.9532895-04:00" testType="13cdc9d9-ddb5-4fa4-a97d-d965ccfc6d4b" outcome="Passed" testListId="8c84fa94-04c1-424b-9868-57a2d4851a1d" relativeResultsDirectory="4ef90b17-60a7-4171-afab-f7ab3d3a5db0" /><UnitTestResult executionId="70af6f6a-c6c0-4914-886c-fa1e9ab2c240" testId="5750eca1-495d-4987-9b7b-e2f99eec5960" testName="Post_CanCreateNewModel" computerName="VECTOR" duration="00:00:00.1870000" startTime="2018-07-19T07:24:05.6661475-04:00" endTime="2018-07-19T07:24:05.6661537-04:00" testType="13cdc9d9-ddb5-4fa4-a97d-d965ccfc6d4b" outcome="Passed" testListId="8c84fa94-04c1-424b-9868-57a2d4851a1d" relativeResultsDirectory="70af6f6a-c6c0-4914-886c-fa1e9ab2c240" /><UnitTestResult executionId="e404bcd6-ac8b-486a-a12c-271839145dfe" testId="70fc6818-707a-4425-9d73-1f6a411ed758" testName="GetFile_FileCanBeRoundTripped" computerName="VECTOR" duration="00:00:00.2840000" startTime="2018-07-19T07:23:40.5448365-04:00" endTime="2018-07-19T07:23:40.5448427-04:00" testType="13cdc9d9-ddb5-4fa4-a97d-d965ccfc6d4b" outcome="Passed" testListId="8c84fa94-04c1-424b-9868-57a2d4851a1d" relativeResultsDirectory="e404bcd6-ac8b-486a-a12c-271839145dfe" /><UnitTestResult executionId="3548dc61-ca48-4555-bb77-8480a5cc9dd3" testId="9ad904a5-cdb5-4509-a7f4-04b38320527d" testName="PostFile_FileIsSynchronizedIsUpdatedAfterFileIsPosted" computerName="VECTOR" duration="00:00:00.0010000" startTime="2018-07-19T07:23:40.5633323-04:00" endTime="2018-07-19T07:23:40.5633348-04:00" testType="13cdc9d9-ddb5-4fa4-a97d-d965ccfc6d4b" outcome="Passed" testListId="8c84fa94-04c1-424b-9868-57a2d4851a1d" relativeResultsDirectory="3548dc61-ca48-4555-bb77-8480a5cc9dd3" /><UnitTestResult executionId="0a147777-2a9d-4b8f-9fb8-ca6a7062001d" testId="71b88d9b-db2f-4597-902c-7fea3d770f9a" testName="Post_ValidReferencePropertyCreatesModel" computerName="VECTOR" duration="00:00:00.2700000" startTime="2018-07-19T07:24:00.4596841-04:00" endTime="2018-07-19T07:24:00.4596926-04:00" testType="13cdc9d9-ddb5-4fa4-a97d-d965ccfc6d4b" outcome="Passed" testListId="8c84fa94-04c1-424b-9868-57a2d4851a1d" relativeResultsDirectory="0a147777-2a9d-4b8f-9fb8-ca6a7062001d" /><UnitTestResult executionId="a1107174-c3ec-4d7b-bcb0-322c509cb8f8" testId="340bcb6d-5998-4138-8af5-33efe452e447" testName="LucyDepthBufferFindsOneDependent" computerName="VECTOR" duration="00:00:00.0030000" startTime="2018-07-19T07:23:34.1623983-04:00" endTime="2018-07-19T07:23:34.1624006-04:00" testType="13cdc9d9-ddb5-4fa4-a97d-d965ccfc6d4b" outcome="Passed" testListId="8c84fa94-04c1-424b-9868-57a2d4851a1d" relativeResultsDirectory="a1107174-c3ec-4d7b-bcb0-322c509cb8f8" /><UnitTestResult executionId="5180ab6c-1d9a-4473-9052-4b7b8f33345e" testId="ec7e2254-2058-4ab3-8ed9-093b917dc00d" testName="Post_InvalidReferencePropertyReturnsBadRequest" computerName="VECTOR" duration="00:00:00.0060000" startTime="2018-07-19T07:23:46.0736965-04:00" endTime="2018-07-19T07:23:46.0736994-04:00" testType="13cdc9d9-ddb5-4fa4-a97d-d965ccfc6d4b" outcome="Passed" testListId="8c84fa94-04c1-424b-9868-57a2d4851a1d" relativeResultsDirectory="5180ab6c-1d9a-4473-9052-4b7b8f33345e" /><UnitTestResult executionId="64872c48-4a35-4c88-b19d-6015277b7884" testId="c99636c6-7d2c-4aa5-bc75-75854fca72eb" testName="Patch_InvalidIdPropertyReturnsNotFound" computerName="VECTOR" duration="00:00:00.0060000" startTime="2018-07-19T07:23:46.0600824-04:00" endTime="2018-07-19T07:23:46.0600878-04:00" testType="13cdc9d9-ddb5-4fa4-a97d-d965ccfc6d4b" outcome="Passed" testListId="8c84fa94-04c1-424b-9868-57a2d4851a1d" relativeResultsDirectory="64872c48-4a35-4c88-b19d-6015277b7884" /><UnitTestResult executionId="161bff0e-4ac5-43e8-9e01-ebcdcbaa5db2" testId="4c309eab-7ab1-4e9e-8afd-1eea532a4579" testName="Patch_TargetPropertyIsUpdated" computerName="VECTOR" duration="00:00:00.2990000" startTime="2018-07-19T07:23:59.4253065-04:00" endTime="2018-07-19T07:23:59.4253130-04:00" testType="13cdc9d9-ddb5-4fa4-a97d-d965ccfc6d4b" outcome="Passed" testListId="8c84fa94-04c1-424b-9868-57a2d4851a1d" relativeResultsDirectory="161bff0e-4ac5-43e8-9e01-ebcdcbaa5db2" /><UnitTestResult executionId="d9734eb6-6435-42ef-adfb-8ee4745a61a6" testId="342ea11a-2197-4cfc-9bad-d5875dfcafdb" testName="Patch_ValidReferencePropertyUpdatesModel" computerName="VECTOR" duration="00:00:00.3280000" startTime="2018-07-19T07:23:37.4034500-04:00" endTime="2018-07-19T07:23:37.4034571-04:00" testType="13cdc9d9-ddb5-4fa4-a97d-d965ccfc6d4b" outcome="Passed" testListId="8c84fa94-04c1-424b-9868-57a2d4851a1d" relativeResultsDirectory="d9734eb6-6435-42ef-adfb-8ee4745a61a6" /><UnitTestResult executionId="567e3200-18a3-4422-9cda-ef020d273240" testId="623fd7e2-9a4f-499d-b100-a21dd1961950" testName="Patch_TargetPropertyIsUpdated" computerName="VECTOR" duration="00:00:00.5470000" startTime="2018-07-19T07:23:36.6777992-04:00" endTime="2018-07-19T07:23:36.6778057-04:00" testType="13cdc9d9-ddb5-4fa4-a97d-d965ccfc6d4b" outcome="Passed" testListId="8c84fa94-04c1-424b-9868-57a2d4851a1d" relativeResultsDirectory="567e3200-18a3-4422-9cda-ef020d273240" /><UnitTestResult executionId="bfed63d2-97db-43be-af3b-39d27a1f3aee" testId="beeab850-0fe5-4f35-9ad8-f9eeaf38ab28" testName="Put_ValidReferencePropertyUpdatesModel" computerName="VECTOR" duration="00:00:00.3080000" startTime="2018-07-19T07:24:06.9993464-04:00" endTime="2018-07-19T07:24:06.9993529-04:00" testType="13cdc9d9-ddb5-4fa4-a97d-d965ccfc6d4b" outcome="Passed" testListId="8c84fa94-04c1-424b-9868-57a2d4851a1d" relativeResultsDirectory="bfed63d2-97db-43be-af3b-39d27a1f3aee" /><UnitTestResult executionId="97c7f9b5-965f-46bb-915e-11870ee068fc" testId="4ad80bb7-5430-4661-bc9c-dab137fdc640" testName="Put_InvalidReferencePropertyReturndBadRequest" computerName="VECTOR" duration="00:00:00.0170000" startTime="2018-07-19T07:23:41.8202918-04:00" endTime="2018-07-19T07:23:41.8202986-04:00" testType="13cdc9d9-ddb5-4fa4-a97d-d965ccfc6d4b" outcome="Passed" testListId="8c84fa94-04c1-424b-9868-57a2d4851a1d" relativeResultsDirectory="97c7f9b5-965f-46bb-915e-11870ee068fc" /><UnitTestResult executionId="6f321640-094b-43ab-9f9e-a4b637ae55a6" testId="d13f5c0a-66e8-4d00-991b-86f2583e44d2" testName="PutFile_FileCanBeUpdated" computerName="VECTOR" duration="00:00:00.4580000" startTime="2018-07-19T07:23:50.2099875-04:00" endTime="2018-07-19T07:23:50.2099952-04:00" testType="13cdc9d9-ddb5-4fa4-a97d-d965ccfc6d4b" outcome="Passed" testListId="8c84fa94-04c1-424b-9868-57a2d4851a1d" relativeResultsDirectory="6f321640-094b-43ab-9f9e-a4b637ae55a6" /><UnitTestResult executionId="e8b20fd7-3efb-4945-889e-bb57253df901" testId="78fb65eb-fc00-4387-ad3c-35b7ead950f7" testName="Patch_InvalidEnumPropertyValueReturnsBadRequest" computerName="VECTOR" duration="00:00:00.0010000" startTime="2018-07-19T07:23:41.8271071-04:00" endTime="2018-07-19T07:23:41.8271097-04:00" testType="13cdc9d9-ddb5-4fa4-a97d-d965ccfc6d4b" outcome="Passed" testListId="8c84fa94-04c1-424b-9868-57a2d4851a1d" relativeResultsDirectory="e8b20fd7-3efb-4945-889e-bb57253df901" /><UnitTestResult executionId="f46c2e7d-2810-4be3-86be-ef452a0cd988" testId="d59fae3a-3741-48a7-8500-c45170166e44" testName="Post_InvalidPropertyValueReturnsBadRequest" computerName="VECTOR" duration="00:00:00.0090000" startTime="2018-07-19T07:23:36.0589356-04:00" endTime="2018-07-19T07:23:36.0589418-04:00" testType="13cdc9d9-ddb5-4fa4-a97d-d965ccfc6d4b" outcome="Passed" testListId="8c84fa94-04c1-424b-9868-57a2d4851a1d" relativeResultsDirectory="f46c2e7d-2810-4be3-86be-ef452a0cd988" /><UnitTestResult executionId="591549d6-5a67-4154-9ac1-6c80b08cbf06" testId="6af5e5ac-1a0d-4b45-a0ac-05f10e72e7e5" testName="Put_CanUpdateModel" computerName="VECTOR" duration="00:00:00.2840000" startTime="2018-07-19T07:23:36.9621076-04:00" endTime="2018-07-19T07:23:36.9621144-04:00" testType="13cdc9d9-ddb5-4fa4-a97d-d965ccfc6d4b" outcome="Passed" testListId="8c84fa94-04c1-424b-9868-57a2d4851a1d" relativeResultsDirectory="591549d6-5a67-4154-9ac1-6c80b08cbf06" /><UnitTestResult executionId="97b2986c-2dff-49d2-94ba-f6c0e010b1db" testId="86ef406e-1073-48a1-a63a-b8327e2daa6e" testName="Delete_TargetModelIsDeleted" computerName="VECTOR" duration="00:00:00.2120000" startTime="2018-07-19T07:23:58.8174377-04:00" endTime="2018-07-19T07:23:58.8174476-04:00" testType="13cdc9d9-ddb5-4fa4-a97d-d965ccfc6d4b" outcome="Passed" testListId="8c84fa94-04c1-424b-9868-57a2d4851a1d" relativeResultsDirectory="97b2986c-2dff-49d2-94ba-f6c0e010b1db" /><UnitTestResult executionId="e441e4a8-c707-487c-baf5-0228c847ac52" testId="b7ee3407-4fe4-42b0-a033-2fd8dcc68efc" testName="Put_InvalidIdReturnsNotFound" computerName="VECTOR" duration="00:00:00.0670000" startTime="2018-07-19T07:23:37.0602199-04:00" endTime="2018-07-19T07:23:37.0602262-04:00" testType="13cdc9d9-ddb5-4fa4-a97d-d965ccfc6d4b" outcome="Passed" testListId="8c84fa94-04c1-424b-9868-57a2d4851a1d" relativeResultsDirectory="e441e4a8-c707-487c-baf5-0228c847ac52" /><UnitTestResult executionId="0a3e5d15-db6d-4377-8893-15d24471efc1" testId="3fafa118-fee2-4553-9ebe-b1185fa34ad7" testName="Patch_InvalidReferencePropertyReturnsBadRequest" computerName="VECTOR" duration="00:00:00.0170000" startTime="2018-07-19T07:23:59.8584051-04:00" endTime="2018-07-19T07:23:59.8584111-04:00" testType="13cdc9d9-ddb5-4fa4-a97d-d965ccfc6d4b" outcome="Passed" testListId="8c84fa94-04c1-424b-9868-57a2d4851a1d" relativeResultsDirectory="0a3e5d15-db6d-4377-8893-15d24471efc1" /><UnitTestResult executionId="e1815481-57ac-4b9c-ba52-a1f691fad967" testId="8bda6eef-69b6-4b45-a528-2fe7e3cb6aa6" testName="Post_CanCreateNewModel" computerName="VECTOR" duration="00:00:00.3000000" startTime="2018-07-19T07:23:59.1256761-04:00" endTime="2018-07-19T07:23:59.1256835-04:00" testType="13cdc9d9-ddb5-4fa4-a97d-d965ccfc6d4b" outcome="Passed" testListId="8c84fa94-04c1-424b-9868-57a2d4851a1d" relativeResultsDirectory="e1815481-57ac-4b9c-ba52-a1f691fad967" /><UnitTestResult executionId="c9b647dc-f87f-43b8-94d3-723af64ac3c7" testId="68516f2d-5968-41f4-9842-46305738fd9b" testName="Post_InvalidReferencePropertyReturnsBadRequest" computerName="VECTOR" duration="00:00:00.0070000" startTime="2018-07-19T07:24:05.8912566-04:00" endTime="2018-07-19T07:24:05.8912623-04:00" testType="13cdc9d9-ddb5-4fa4-a97d-d965ccfc6d4b" outcome="Passed" testListId="8c84fa94-04c1-424b-9868-57a2d4851a1d" relativeResultsDirectory="c9b647dc-f87f-43b8-94d3-723af64ac3c7" /><UnitTestResult executionId="08d3dd31-277b-403e-8f1a-4e770a58d351" testId="6d3df900-37b8-407a-bfda-c05416ea7315" testName="GetList_ListReturnsCorrectCount" computerName="VECTOR" duration="00:00:00.1200000" startTime="2018-07-19T07:23:58.4586598-04:00" endTime="2018-07-19T07:23:58.4586655-04:00" testType="13cdc9d9-ddb5-4fa4-a97d-d965ccfc6d4b" outcome="Passed" testListId="8c84fa94-04c1-424b-9868-57a2d4851a1d" relativeResultsDirectory="08d3dd31-277b-403e-8f1a-4e770a58d351" /><UnitTestResult executionId="84ddacc1-9d09-463c-ac9f-bec010f52b3d" testId="ad259af7-cd03-4cf5-ad8e-1ba63931fcb1" testName="Patch_InvalidIdPropertyReturnsNotFound" computerName="VECTOR" duration="00:00:00.0060000" startTime="2018-07-19T07:23:41.8268149-04:00" endTime="2018-07-19T07:23:41.8268214-04:00" testType="13cdc9d9-ddb5-4fa4-a97d-d965ccfc6d4b" outcome="Passed" testListId="8c84fa94-04c1-424b-9868-57a2d4851a1d" relativeResultsDirectory="84ddacc1-9d09-463c-ac9f-bec010f52b3d" /><UnitTestResult executionId="adaf294a-07ea-4962-8b86-77e93854bee9" testId="16b5587e-a6b2-464c-80ff-4e0784975019" testName="FileRequest_FileCanBeReadAfterRename" computerName="VECTOR" duration="00:00:00.5670000" startTime="2018-07-19T07:23:39.8946984-04:00" endTime="2018-07-19T07:23:39.8947047-04:00" testType="13cdc9d9-ddb5-4fa4-a97d-d965ccfc6d4b" outcome="Passed" testListId="8c84fa94-04c1-424b-9868-57a2d4851a1d" relativeResultsDirectory="adaf294a-07ea-4962-8b86-77e93854bee9" /></Results><TestDefinitions><UnitTest name="FileRequest_FileCanBeReadAfterRename" storage="d:\users\steve knipmeyer\documents\github\modelrelief\modelrelief.test\bin\debug\netcoreapp2.0\modelrelief.test.dll" id="16b5587e-a6b2-464c-80ff-4e0784975019"><Execution id="adaf294a-07ea-4962-8b86-77e93854bee9" /><TestMethod codeBase="D:\Users\Steve Knipmeyer\Documents\GitHub\ModelRelief\ModelRelief.test\bin\Debug\netcoreapp2.0\ModelRelief.Test.dll" adapterTypeName="executor://xunit/VsTestRunner2/netcoreapp" className="ModelRelief.Test.Integration.Models.ModelsFileIntegrationTests" name="FileRequest_FileCanBeReadAfterRename" /></UnitTest><UnitTest name="GetFile_NonExistentFileReturnsNotFound" storage="d:\users\steve knipmeyer\documents\github\modelrelief\modelrelief.test\bin\debug\netcoreapp2.0\modelrelief.test.dll" id="27bc6a1b-11ca-4703-a084-d9accfa83851"><Execution id="f3161e0e-df30-4621-9919-baf73ea246fd" /><TestMethod codeBase="D:\Users\Steve Knipmeyer\Documents\GitHub\ModelRelief\ModelRelief.test\bin\Debug\netcoreapp2.0\ModelRelief.Test.dll" adapterTypeName="executor://xunit/VsTestRunner2/netcoreapp" className="ModelRelief.Test.Integration.DepthBuffers.DepthBuffersFileIntegrationTests" name="GetFile_NonExistentFileReturnsNotFound" /></UnitTest><UnitTest name="PostFile_NewFileCanBePosted" storage="d:\users\steve knipmeyer\documents\github\modelrelief\modelrelief.test\bin\debug\netcoreapp2.0\modelrelief.test.dll" id="24ccb2fe-e9de-4189-8276-42ed50504df2"><Execution id="e222b933-486f-4c5a-b73e-91e12e9b8eaa" /><TestMethod codeBase="D:\Users\Steve Knipmeyer\Documents\GitHub\ModelRelief\ModelRelief.test\bin\Debug\netcoreapp2.0\ModelRelief.Test.dll" adapterTypeName="executor://xunit/VsTestRunner2/netcoreapp" className="ModelRelief.Test.Integration.DepthBuffers.DepthBuffersFileIntegrationTests" name="PostFile_NewFileCanBePosted" /></UnitTest><UnitTest name="Post_CanCreateNewModel" storage="d:\users\steve knipmeyer\documents\github\modelrelief\modelrelief.test\bin\debug\netcoreapp2.0\modelrelief.test.dll" id="8f9088f2-0805-417f-a86c-5c3043e8001a"><Execution id="f0b3177e-f469-47bc-aff6-24c2701f6287" /><TestMethod codeBase="D:\Users\Steve Knipmeyer\Documents\GitHub\ModelRelief\ModelRelief.test\bin\Debug\netcoreapp2.0\ModelRelief.Test.dll" adapterTypeName="executor://xunit/VsTestRunner2/netcoreapp" className="ModelRelief.Test.Integration.Projects.ProjectsBaseIntegrationTests" name="Post_CanCreateNewModel" /></UnitTest><UnitTest name="Put_InvalidReferencePropertyReturndBadRequest" storage="d:\users\steve knipmeyer\documents\github\modelrelief\modelrelief.test\bin\debug\netcoreapp2.0\modelrelief.test.dll" id="86bb3602-663a-4bb9-b14d-35e35f2d487b"><Execution id="a96c7ed9-8088-4c95-a953-c9970f38d7db" /><TestMethod codeBase="D:\Users\Steve Knipmeyer\Documents\GitHub\ModelRelief\ModelRelief.test\bin\Debug\netcoreapp2.0\ModelRelief.Test.dll" adapterTypeName="executor://xunit/VsTestRunner2/netcoreapp" className="ModelRelief.Test.Integration.Meshes.MeshesBaseIntegrationTests" name="Put_InvalidReferencePropertyReturndBadRequest" /></UnitTest><UnitTest name="Patch_InvalidEnumPropertyValueReturnsBadRequest" storage="d:\users\steve knipmeyer\documents\github\modelrelief\modelrelief.test\bin\debug\netcoreapp2.0\modelrelief.test.dll" id="5156249a-c382-4f73-a0a6-1df4b3486ca9"><Execution id="3d3ad1c8-a11c-4cf4-b4f8-73e1e91ee438" /><TestMethod codeBase="D:\Users\Steve Knipmeyer\Documents\GitHub\ModelRelief\ModelRelief.test\bin\Debug\netcoreapp2.0\ModelRelief.Test.dll" adapterTypeName="executor://xunit/VsTestRunner2/netcoreapp" className="ModelRelief.Test.Integration.DepthBuffers.DepthBuffersBaseIntegrationTests" name="Patch_InvalidEnumPropertyValueReturnsBadRequest" /></UnitTest><UnitTest name="Patch_MultipleInvalidReferencePropertiesReturnsMultipleValidationErrorsAndBadRequest" storage="d:\users\steve knipmeyer\documents\github\modelrelief\modelrelief.test\bin\debug\netcoreapp2.0\modelrelief.test.dll" id="0b95266d-780a-414c-ae53-9854ad4405af"><Execution id="c5e78e19-5834-4efa-930e-a61db91f4bc5" /><TestMethod codeBase="D:\Users\Steve Knipmeyer\Documents\GitHub\ModelRelief\ModelRelief.test\bin\Debug\netcoreapp2.0\ModelRelief.Test.dll" adapterTypeName="executor://xunit/VsTestRunner2/netcoreapp" className="ModelRelief.Test.Integration.Meshes.MeshesBaseIntegrationTests" name="Patch_MultipleInvalidReferencePropertiesReturnsMultipleValidationErrorsAndBadRequest" /></UnitTest><UnitTest name="GetList_ListReturnsCorrectCount" storage="d:\users\steve knipmeyer\documents\github\modelrelief\modelrelief.test\bin\debug\netcoreapp2.0\modelrelief.test.dll" id="a846d244-8bb7-4992-a438-0974b0fe01de"><Execution id="0a9cd663-c9b2-4a5f-844a-b743a1c43102" /><TestMethod codeBase="D:\Users\Steve Knipmeyer\Documents\GitHub\ModelRelief\ModelRelief.test\bin\Debug\netcoreapp2.0\ModelRelief.Test.dll" adapterTypeName="executor://xunit/VsTestRunner2/netcoreapp" className="ModelRelief.Test.Integration.MeshTransforms.MeshTransformsBaseIntegrationTests" name="GetList_ListReturnsCorrectCount" /></UnitTest><UnitTest name="GetSingle_ValidIdPropertyValueReturnsCorrectModel" storage="d:\users\steve knipmeyer\documents\github\modelrelief\modelrelief.test\bin\debug\netcoreapp2.0\modelrelief.test.dll" id="45bede65-6c1f-445c-859d-979b67bc0784"><Execution id="47168610-cb0d-45b9-aa04-f5d73536d11d" /><TestMethod codeBase="D:\Users\Steve Knipmeyer\Documents\GitHub\ModelRelief\ModelRelief.test\bin\Debug\netcoreapp2.0\ModelRelief.Test.dll" adapterTypeName="executor://xunit/VsTestRunner2/netcoreapp" className="ModelRelief.Test.Integration.Projects.ProjectsBaseIntegrationTests" name="GetSingle_ValidIdPropertyValueReturnsCorrectModel" /></UnitTest><UnitTest name="Post_InvalidPropertyValueReturnsBadRequest" storage="d:\users\steve knipmeyer\documents\github\modelrelief\modelrelief.test\bin\debug\netcoreapp2.0\modelrelief.test.dll" id="d59fae3a-3741-48a7-8500-c45170166e44"><Execution id="f46c2e7d-2810-4be3-86be-ef452a0cd988" /><TestMethod codeBase="D:\Users\Steve Knipmeyer\Documents\GitHub\ModelRelief\ModelRelief.test\bin\Debug\netcoreapp2.0\ModelRelief.Test.dll" adapterTypeName="executor://xunit/VsTestRunner2/netcoreapp" className="ModelRelief.Test.Integration.Projects.ProjectsBaseIntegrationTests" name="Post_InvalidPropertyValueReturnsBadRequest" /></UnitTest><UnitTest name="LucyDepthBufferFindsOneDependent" storage="d:\users\steve knipmeyer\documents\github\modelrelief\modelrelief.test\bin\debug\netcoreapp2.0\modelrelief.test.dll" id="340bcb6d-5998-4138-8af5-33efe452e447"><Execution id="a1107174-c3ec-4d7b-bcb0-322c509cb8f8" /><TestMethod codeBase="D:\Users\Steve Knipmeyer\Documents\GitHub\ModelRelief\ModelRelief.test\bin\Debug\netcoreapp2.0\ModelRelief.Test.dll" adapterTypeName="executor://xunit/VsTestRunner2/netcoreapp" className="ModelRelief.Test.Unit.DependencyManager.DependencyManagerTests" name="LucyDepthBufferFindsOneDependent" /></UnitTest><UnitTest name="GetList_ListReturnsCorrectCount" storage="d:\users\steve knipmeyer\documents\github\modelrelief\modelrelief.test\bin\debug\netcoreapp2.0\modelrelief.test.dll" id="b33baaea-128a-414d-ae7b-5af5fea698dd"><Execution id="a369891b-dd11-4acd-a7a3-2f3ddf074a68" /><TestMethod codeBase="D:\Users\Steve Knipmeyer\Documents\GitHub\ModelRelief\ModelRelief.test\bin\Debug\netcoreapp2.0\ModelRelief.Test.dll" adapterTypeName="executor://xunit/VsTestRunner2/netcoreapp" className="ModelRelief.Test.Integration.Cameras.CamerasBaseIntegrationTests" name="GetList_ListReturnsCorrectCount" /></UnitTest><UnitTest name="GetList_ListReturnsCorrectCount" storage="d:\users\steve knipmeyer\documents\github\modelrelief\modelrelief.test\bin\debug\netcoreapp2.0\modelrelief.test.dll" id="6d3df900-37b8-407a-bfda-c05416ea7315"><Execution id="08d3dd31-277b-403e-8f1a-4e770a58d351" /><TestMethod codeBase="D:\Users\Steve Knipmeyer\Documents\GitHub\ModelRelief\ModelRelief.test\bin\Debug\netcoreapp2.0\ModelRelief.Test.dll" adapterTypeName="executor://xunit/VsTestRunner2/netcoreapp" className="ModelRelief.Test.Integration.DepthBuffers.DepthBuffersBaseIntegrationTests" name="GetList_ListReturnsCorrectCount" /></UnitTest><UnitTest name="Post_CanCreateNewModel" storage="d:\users\steve knipmeyer\documents\github\modelrelief\modelrelief.test\bin\debug\netcoreapp2.0\modelrelief.test.dll" id="840e928c-344a-45d6-ab9b-4bde55559dc3"><Execution id="b3544967-93fa-4e4c-8792-c44a8a3b6e8c" /><TestMethod codeBase="D:\Users\Steve Knipmeyer\Documents\GitHub\ModelRelief\ModelRelief.test\bin\Debug\netcoreapp2.0\ModelRelief.Test.dll" adapterTypeName="executor://xunit/VsTestRunner2/netcoreapp" className="ModelRelief.Test.Integration.Models.ModelsBaseIntegrationTests" name="Post_CanCreateNewModel" /></UnitTest><UnitTest name="PostFile_NewFileCanBePosted" storage="d:\users\steve knipmeyer\documents\github\modelrelief\modelrelief.test\bin\debug\netcoreapp2.0\modelrelief.test.dll" id="8900c98f-74f2-4d3f-b165-2796ca2c2ef7"><Execution id="7b50fca5-600e-4699-babb-f7e0b563608e" /><TestMethod codeBase="D:\Users\Steve Knipmeyer\Documents\GitHub\ModelRelief\ModelRelief.test\bin\Debug\netcoreapp2.0\ModelRelief.Test.dll" adapterTypeName="executor://xunit/VsTestRunner2/netcoreapp" className="ModelRelief.Test.Integration.Models.ModelsFileIntegrationTests" name="PostFile_NewFileCanBePosted" /></UnitTest><UnitTest name="Patch_InvalidEnumPropertyValueReturnsBadRequest" storage="d:\users\steve knipmeyer\documents\github\modelrelief\modelrelief.test\bin\debug\netcoreapp2.0\modelrelief.test.dll" id="6cb0104b-8e1c-41da-ad8d-0c7ec0aafc39"><Execution id="05dff296-f5bf-4f63-b107-dd9e244ac189" /><TestMethod codeBase="D:\Users\Steve Knipmeyer\Documents\GitHub\ModelRelief\ModelRelief.test\bin\Debug\netcoreapp2.0\ModelRelief.Test.dll" adapterTypeName="executor://xunit/VsTestRunner2/netcoreapp" className="ModelRelief.Test.Integration.Models.ModelsBaseIntegrationTests" name="Patch_InvalidEnumPropertyValueReturnsBadRequest" /></UnitTest><UnitTest name="Patch_InvalidIdPropertyReturnsNotFound" storage="d:\users\steve knipmeyer\documents\github\modelrelief\modelrelief.test\bin\debug\netcoreapp2.0\modelrelief.test.dll" id="ad259af7-cd03-4cf5-ad8e-1ba63931fcb1"><Execution id="84ddacc1-9d09-463c-ac9f-bec010f52b3d" /><TestMethod codeBase="D:\Users\Steve Knipmeyer\Documents\GitHub\ModelRelief\ModelRelief.test\bin\Debug\netcoreapp2.0\ModelRelief.Test.dll" adapterTypeName="executor://xunit/VsTestRunner2/netcoreapp" className="ModelRelief.Test.Integration.MeshTransforms.MeshTransformsBaseIntegrationTests" name="Patch_InvalidIdPropertyReturnsNotFound" /></UnitTest><UnitTest name="DepthBufferHasExpectedDependentFiles" storage="d:\users\steve knipmeyer\documents\github\modelrelief\modelrelief.test\bin\debug\netcoreapp2.0\modelrelief.test.dll" id="6bf45152-a855-49e9-b756-3d26e9909f64"><Execution id="c472c917-fbd7-43f1-a30d-b8584c312009" /><TestMethod codeBase="D:\Users\Steve Knipmeyer\Documents\GitHub\ModelRelief\ModelRelief.test\bin\Debug\netcoreapp2.0\ModelRelief.Test.dll" adapterTypeName="executor://xunit/VsTestRunner2/netcoreapp" className="ModelRelief.Test.Unit.DependencyManager.DependencyManagerTests" name="DepthBufferHasExpectedDependentFiles" /></UnitTest><UnitTest name="Put_InvalidReferencePropertyReturndBadRequest" storage="d:\users\steve knipmeyer\documents\github\modelrelief\modelrelief.test\bin\debug\netcoreapp2.0\modelrelief.test.dll" id="4ad80bb7-5430-4661-bc9c-dab137fdc640"><Execution id="97c7f9b5-965f-46bb-915e-11870ee068fc" /><TestMethod codeBase="D:\Users\Steve Knipmeyer\Documents\GitHub\ModelRelief\ModelRelief.test\bin\Debug\netcoreapp2.0\ModelRelief.Test.dll" adapterTypeName="executor://xunit/VsTestRunner2/netcoreapp" className="ModelRelief.Test.Integration.MeshTransforms.MeshTransformsBaseIntegrationTests" name="Put_InvalidReferencePropertyReturndBadRequest" /></UnitTest><UnitTest name="Put_InvalidReferencePropertyReturndBadRequest" storage="d:\users\steve knipmeyer\documents\github\modelrelief\modelrelief.test\bin\debug\netcoreapp2.0\modelrelief.test.dll" id="176be4e5-e3ef-4b1e-a182-5d39413679a6"><Execution id="f26e51a4-5796-4d35-ab55-99f2e9c8effd" /><TestMethod codeBase="D:\Users\Steve Knipmeyer\Documents\GitHub\ModelRelief\ModelRelief.test\bin\Debug\netcoreapp2.0\ModelRelief.Test.dll" adapterTypeName="executor://xunit/VsTestRunner2/netcoreapp" className="ModelRelief.Test.Integration.DepthBuffers.DepthBuffersBaseIntegrationTests" name="Put_InvalidReferencePropertyReturndBadRequest" /></UnitTest><UnitTest name="GetList_ListReturnsCorrectCount" storage="d:\users\steve knipmeyer\documents\github\modelrelief\modelrelief.test\bin\debug\netcoreapp2.0\modelrelief.test.dll" id="a6859540-c812-4212-9e56-e781b973ce48"><Execution id="02af0326-e43b-4ab6-b94f-2e0d2b5d9de5" /><TestMethod codeBase="D:\Users\Steve Knipmeyer\Documents\GitHub\ModelRelief\ModelRelief.test\bin\Debug\netcoreapp2.0\ModelRelief.Test.dll" adapterTypeName="executor://xunit/VsTestRunner2/netcoreapp" className="ModelRelief.Test.Integration.Meshes.MeshesBaseIntegrationTests" name="GetList_ListReturnsCorrectCount" /></UnitTest><UnitTest name="Put_ValidReferencePropertyUpdatesModel" storage="d:\users\steve knipmeyer\documents\github\modelrelief\modelrelief.test\bin\debug\netcoreapp2.0\modelrelief.test.dll" id="a701bcd9-d2dc-4248-a4b4-1454760e834a"><Execution id="63ee8b7c-5be1-44e6-86ef-1d0fc9219478" /><TestMethod codeBase="D:\Users\Steve Knipmeyer\Documents\GitHub\ModelRelief\ModelRelief.test\bin\Debug\netcoreapp2.0\ModelRelief.Test.dll" adapterTypeName="executor://xunit/VsTestRunner2/netcoreapp" className="ModelRelief.Test.Integration.Models.ModelsBaseIntegrationTests" name="Put_ValidReferencePropertyUpdatesModel" /></UnitTest><UnitTest name="Put_CanUpdateModel" storage="d:\users\steve knipmeyer\documents\github\modelrelief\modelrelief.test\bin\debug\netcoreapp2.0\modelrelief.test.dll" id="8c0ff57a-33b9-4ec8-bea5-74453efa2937"><Execution id="67d19001-1f89-446e-b8a9-76c962187e72" /><TestMethod codeBase="D:\Users\Steve Knipmeyer\Documents\GitHub\ModelRelief\ModelRelief.test\bin\Debug\netcoreapp2.0\ModelRelief.Test.dll" adapterTypeName="executor://xunit/VsTestRunner2/netcoreapp" className="ModelRelief.Test.Integration.Cameras.CamerasBaseIntegrationTests" name="Put_CanUpdateModel" /></UnitTest><UnitTest name="Put_InvalidIdReturnsNotFound" storage="d:\users\steve knipmeyer\documents\github\modelrelief\modelrelief.test\bin\debug\netcoreapp2.0\modelrelief.test.dll" id="60310e2f-13df-4b3e-b95e-a896d67e806f"><Execution id="5a1cdf41-1658-4e74-a055-d9d2415e16ef" /><TestMethod codeBase="D:\Users\Steve Knipmeyer\Documents\GitHub\ModelRelief\ModelRelief.test\bin\Debug\netcoreapp2.0\ModelRelief.Test.dll" adapterTypeName="executor://xunit/VsTestRunner2/netcoreapp" className="ModelRelief.Test.Integration.DepthBuffers.DepthBuffersBaseIntegrationTests" name="Put_InvalidIdReturnsNotFound" /></UnitTest><UnitTest name="Patch_MultipleInvalidReferencePropertiesReturnsMultipleValidationErrorsAndBadRequest" storage="d:\users\steve knipmeyer\documents\github\modelrelief\modelrelief.test\bin\debug\netcoreapp2.0\modelrelief.test.dll" id="911321ce-d8d7-405b-a6ae-215cf854bb5b"><Execution id="18b8bf91-3f17-4a9f-a935-f633a53c13f3" /><TestMethod codeBase="D:\Users\Steve Knipmeyer\Documents\GitHub\ModelRelief\ModelRelief.test\bin\Debug\netcoreapp2.0\ModelRelief.Test.dll" adapterTypeName="executor://xunit/VsTestRunner2/netcoreapp" className="ModelRelief.Test.Integration.Models.ModelsBaseIntegrationTests" name="Patch_MultipleInvalidReferencePropertiesReturnsMultipleValidationErrorsAndBadRequest" /></UnitTest><UnitTest name="Put_InvalidIdReturnsNotFound" storage="d:\users\steve knipmeyer\documents\github\modelrelief\modelrelief.test\bin\debug\netcoreapp2.0\modelrelief.test.dll" id="aa1c0699-362a-4a76-8806-31efcf739cc3"><Execution id="b9835cd3-89b1-4898-9738-ac9c64286396" /><TestMethod codeBase="D:\Users\Steve Knipmeyer\Documents\GitHub\ModelRelief\ModelRelief.test\bin\Debug\netcoreapp2.0\ModelRelief.Test.dll" adapterTypeName="executor://xunit/VsTestRunner2/netcoreapp" className="ModelRelief.Test.Integration.Cameras.CamerasBaseIntegrationTests" name="Put_InvalidIdReturnsNotFound" /></UnitTest><UnitTest name="Patch_InvalidEnumPropertyValueReturnsBadRequest" storage="d:\users\steve knipmeyer\documents\github\modelrelief\modelrelief.test\bin\debug\netcoreapp2.0\modelrelief.test.dll" id="9aab2c18-348b-40c5-a45d-93a7f74c06f3"><Execution id="ff98cebb-b2e1-4513-ac8f-12878abc7eda" /><TestMethod codeBase="D:\Users\Steve Knipmeyer\Documents\GitHub\ModelRelief\ModelRelief.test\bin\Debug\netcoreapp2.0\ModelRelief.Test.dll" adapterTypeName="executor://xunit/VsTestRunner2/netcoreapp" className="ModelRelief.Test.Integration.Projects.ProjectsBaseIntegrationTests" name="Patch_InvalidEnumPropertyValueReturnsBadRequest" /></UnitTest><UnitTest name="GetFile_NonExistentFileReturnsNotFound" storage="d:\users\steve knipmeyer\documents\github\modelrelief\modelrelief.test\bin\debug\netcoreapp2.0\modelrelief.test.dll" id="5e238687-029a-4f29-876b-989b65d39121"><Execution id="5d0ec710-1329-46a2-865c-91ca3748ca66" /><TestMethod codeBase="D:\Users\Steve Knipmeyer\Documents\GitHub\ModelRelief\ModelRelief.test\bin\Debug\netcoreapp2.0\ModelRelief.Test.dll" adapterTypeName="executor://xunit/VsTestRunner2/netcoreapp" className="ModelRelief.Test.Integration.Meshes.MeshesFileIntegrationTests" name="GetFile_NonExistentFileReturnsNotFound" /></UnitTest><UnitTest name="Delete_TargetModelIsDeleted" storage="d:\users\steve knipmeyer\documents\github\modelrelief\modelrelief.test\bin\debug\netcoreapp2.0\modelrelief.test.dll" id="86ef406e-1073-48a1-a63a-b8327e2daa6e"><Execution id="97b2986c-2dff-49d2-94ba-f6c0e010b1db" /><TestMethod codeBase="D:\Users\Steve Knipmeyer\Documents\GitHub\ModelRelief\ModelRelief.test\bin\Debug\netcoreapp2.0\ModelRelief.Test.dll" adapterTypeName="executor://xunit/VsTestRunner2/netcoreapp" className="ModelRelief.Test.Integration.DepthBuffers.DepthBuffersBaseIntegrationTests" name="Delete_TargetModelIsDeleted" /></UnitTest><UnitTest name="FileRequest_DepthBufferIsInvalidatedAfterCameraDependencyPropertyChange" storage="d:\users\steve knipmeyer\documents\github\modelrelief\modelrelief.test\bin\debug\netcoreapp2.0\modelrelief.test.dll" id="01f663f4-4ffb-483a-94ba-5c436c4ba21e"><Execution id="cc684fc9-05b5-4e9d-8b1e-9949ad66c5f9" /><TestMethod codeBase="D:\Users\Steve Knipmeyer\Documents\GitHub\ModelRelief\ModelRelief.test\bin\Debug\netcoreapp2.0\ModelRelief.Test.dll" adapterTypeName="executor://xunit/VsTestRunner2/netcoreapp" className="ModelRelief.Test.Integration.DepthBuffers.DepthBuffersFileIntegrationTests" name="FileRequest_DepthBufferIsInvalidatedAfterCameraDependencyPropertyChange" /></UnitTest><UnitTest name="GetSingle_ValidIdPropertyValueReturnsCorrectModel" storage="d:\users\steve knipmeyer\documents\github\modelrelief\modelrelief.test\bin\debug\netcoreapp2.0\modelrelief.test.dll" id="59326f42-dc81-4981-838c-bb1c6d1ca463"><Execution id="b3820dad-9b91-4604-8d06-a61148e939ab" /><TestMethod codeBase="D:\Users\Steve Knipmeyer\Documents\GitHub\ModelRelief\ModelRelief.test\bin\Debug\netcoreapp2.0\ModelRelief.Test.dll" adapterTypeName="executor://xunit/VsTestRunner2/netcoreapp" className="ModelRelief.Test.Integration.Cameras.CamerasBaseIntegrationTests" name="GetSingle_ValidIdPropertyValueReturnsCorrectModel" /></UnitTest><UnitTest name="FileRequest_FileCanBeReadAfterRename" storage="d:\users\steve knipmeyer\documents\github\modelrelief\modelrelief.test\bin\debug\netcoreapp2.0\modelrelief.test.dll" id="202d5ee7-032b-4464-bb0a-39be3b150bcd"><Execution id="59370656-9175-42db-82d4-5a505f9cbb87" /><TestMethod codeBase="D:\Users\Steve Knipmeyer\Documents\GitHub\ModelRelief\ModelRelief.test\bin\Debug\netcoreapp2.0\ModelRelief.Test.dll" adapterTypeName="executor://xunit/VsTestRunner2/netcoreapp" className="ModelRelief.Test.Integration.Meshes.MeshesFileIntegrationTests" name="FileRequest_FileCanBeReadAfterRename" /></UnitTest><UnitTest name="GetSingle_ValidIdPropertyValueReturnsCorrectModel" storage="d:\users\steve knipmeyer\documents\github\modelrelief\modelrelief.test\bin\debug\netcoreapp2.0\modelrelief.test.dll" id="78c895ee-1536-4649-aef7-61da371ba125"><Execution id="08f1218b-5770-4436-bc2c-334a57265225" /><TestMethod codeBase="D:\Users\Steve Knipmeyer\Documents\GitHub\ModelRelief\ModelRelief.test\bin\Debug\netcoreapp2.0\ModelRelief.Test.dll" adapterTypeName="executor://xunit/VsTestRunner2/netcoreapp" className="ModelRelief.Test.Integration.DepthBuffers.DepthBuffersBaseIntegrationTests" name="GetSingle_ValidIdPropertyValueReturnsCorrectModel" /></UnitTest><UnitTest name="Post_ValidReferencePropertyCreatesModel" storage="d:\users\steve knipmeyer\documents\github\modelrelief\modelrelief.test\bin\debug\netcoreapp2.0\modelrelief.test.dll" id="71b88d9b-db2f-4597-902c-7fea3d770f9a"><Execution id="0a147777-2a9d-4b8f-9fb8-ca6a7062001d" /><TestMethod codeBase="D:\Users\Steve Knipmeyer\Documents\GitHub\ModelRelief\ModelRelief.test\bin\Debug\netcoreapp2.0\ModelRelief.Test.dll" adapterTypeName="executor://xunit/VsTestRunner2/netcoreapp" className="ModelRelief.Test.Integration.DepthBuffers.DepthBuffersBaseIntegrationTests" name="Post_ValidReferencePropertyCreatesModel" /></UnitTest><UnitTest name="Patch_ValidReferencePropertyUpdatesModel" storage="d:\users\steve knipmeyer\documents\github\modelrelief\modelrelief.test\bin\debug\netcoreapp2.0\modelrelief.test.dll" id="71313356-b395-485b-86a7-b64bc018635b"><Execution id="b74977a5-3cfa-4660-a305-7fb8473cb022" /><TestMethod codeBase="D:\Users\Steve Knipmeyer\Documents\GitHub\ModelRelief\ModelRelief.test\bin\Debug\netcoreapp2.0\ModelRelief.Test.dll" adapterTypeName="executor://xunit/VsTestRunner2/netcoreapp" className="ModelRelief.Test.Integration.MeshTransforms.MeshTransformsBaseIntegrationTests" name="Patch_ValidReferencePropertyUpdatesModel" /></UnitTest><UnitTest name="Post_CanCreateNewModel" storage="d:\users\steve knipmeyer\documents\github\modelrelief\modelrelief.test\bin\debug\netcoreapp2.0\modelrelief.test.dll" id="da9305ad-9847-41b2-8a6d-ce6fb6a1cdf7"><Execution id="d7a99a80-80e8-49cd-9770-46526d30a53c" /><TestMethod codeBase="D:\Users\Steve Knipmeyer\Documents\GitHub\ModelRelief\ModelRelief.test\bin\Debug\netcoreapp2.0\ModelRelief.Test.dll" adapterTypeName="executor://xunit/VsTestRunner2/netcoreapp" className="ModelRelief.Test.Integration.MeshTransforms.MeshTransformsBaseIntegrationTests" name="Post_CanCreateNewModel" /></UnitTest><UnitTest name="Delete_TargetModelIsDeleted" storage="d:\users\steve knipmeyer\documents\github\modelrelief\modelrelief.test\bin\debug\netcoreapp2.0\modelrelief.test.dll" id="ae8b1ab8-f4b7-4350-a356-abe900675cd2"><Execution id="186b533c-8348-4743-bd81-f3a153327c79" /><TestMethod codeBase="D:\Users\Steve Knipmeyer\Documents\GitHub\ModelRelief\ModelRelief.test\bin\Debug\netcoreapp2.0\ModelRelief.Test.dll" adapterTypeName="executor://xunit/VsTestRunner2/netcoreapp" className="ModelRelief.Test.Integration.Projects.ProjectsBaseIntegrationTests" name="Delete_TargetModelIsDeleted" /></UnitTest><UnitTest name="Patch_TargetPropertyIsUpdated" storage="d:\users\steve knipmeyer\documents\github\modelrelief\modelrelief.test\bin\debug\netcoreapp2.0\modelrelief.test.dll" id="c47fb996-5a51-4e68-9ffe-4e6deb4eeb9e"><Execution id="281907f6-173e-4fae-babd-3958fa9bb88e" /><TestMethod codeBase="D:\Users\Steve Knipmeyer\Documents\GitHub\ModelRelief\ModelRelief.test\bin\Debug\netcoreapp2.0\ModelRelief.Test.dll" adapterTypeName="executor://xunit/VsTestRunner2/netcoreapp" className="ModelRelief.Test.Integration.Cameras.CamerasBaseIntegrationTests" name="Patch_TargetPropertyIsUpdated" /></UnitTest><UnitTest name="Patch_ValidReferencePropertyUpdatesModel" storage="d:\users\steve knipmeyer\documents\github\modelrelief\modelrelief.test\bin\debug\netcoreapp2.0\modelrelief.test.dll" id="17259782-d109-48c1-bc84-bb85f7b70ef4"><Execution id="dcab6264-6d40-4e5f-a6bd-2d3b0bc1dd3e" /><TestMethod codeBase="D:\Users\Steve Knipmeyer\Documents\GitHub\ModelRelief\ModelRelief.test\bin\Debug\netcoreapp2.0\ModelRelief.Test.dll" adapterTypeName="executor://xunit/VsTestRunner2/netcoreapp" className="ModelRelief.Test.Integration.Meshes.MeshesBaseIntegrationTests" name="Patch_ValidReferencePropertyUpdatesModel" /></UnitTest><UnitTest name="Post_InvalidReferencePropertyReturnsBadRequest" storage="d:\users\steve knipmeyer\documents\github\modelrelief\modelrelief.test\bin\debug\netcoreapp2.0\modelrelief.test.dll" id="a8bf050d-0ebf-4d74-84f6-28ea1b8e6bcc"><Execution id="2c5e3b58-9a55-4077-bec8-7fb3ac822d6d" /><TestMethod codeBase="D:\Users\Steve Knipmeyer\Documents\GitHub\ModelRelief\ModelRelief.test\bin\Debug\netcoreapp2.0\ModelRelief.Test.dll" adapterTypeName="executor://xunit/VsTestRunner2/netcoreapp" className="ModelRelief.Test.Integration.Projects.ProjectsBaseIntegrationTests" name="Post_InvalidReferencePropertyReturnsBadRequest" /></UnitTest><UnitTest name="Post_InvalidReferencePropertyReturnsBadRequest" storage="d:\users\steve knipmeyer\documents\github\modelrelief\modelrelief.test\bin\debug\netcoreapp2.0\modelrelief.test.dll" id="e32da08e-d526-4998-9f37-ef308b527641"><Execution id="f248303b-8d79-41e1-9d33-afecf9e610fd" /><TestMethod codeBase="D:\Users\Steve Knipmeyer\Documents\GitHub\ModelRelief\ModelRelief.test\bin\Debug\netcoreapp2.0\ModelRelief.Test.dll" adapterTypeName="executor://xunit/VsTestRunner2/netcoreapp" className="ModelRelief.Test.Integration.DepthBuffers.DepthBuffersBaseIntegrationTests" name="Post_InvalidReferencePropertyReturnsBadRequest" /></UnitTest><UnitTest name="Post_InvalidReferencePropertyReturnsBadRequest" storage="d:\users\steve knipmeyer\documents\github\modelrelief\modelrelief.test\bin\debug\netcoreapp2.0\modelrelief.test.dll" id="ed75ff25-9942-4116-b73a-6f03aba060fd"><Execution id="23e2ac0e-af20-4af0-941a-4c04d67b9b90" /><TestMethod codeBase="D:\Users\Steve Knipmeyer\Documents\GitHub\ModelRelief\ModelRelief.test\bin\Debug\netcoreapp2.0\ModelRelief.Test.dll" adapterTypeName="executor://xunit/VsTestRunner2/netcoreapp" className="ModelRelief.Test.Integration.Models.ModelsBaseIntegrationTests" name="Post_InvalidReferencePropertyReturnsBadRequest" /></UnitTest><UnitTest name="Post_InvalidPropertyValueReturnsBadRequest" storage="d:\users\steve knipmeyer\documents\github\modelrelief\modelrelief.test\bin\debug\netcoreapp2.0\modelrelief.test.dll" id="33f52176-d2a2-4207-bd68-b9f6c74cabae"><Execution id="d3814318-7edf-4a39-a96f-ba07b51c84db" /><TestMethod codeBase="D:\Users\Steve Knipmeyer\Documents\GitHub\ModelRelief\ModelRelief.test\bin\Debug\netcoreapp2.0\ModelRelief.Test.dll" adapterTypeName="executor://xunit/VsTestRunner2/netcoreapp" className="ModelRelief.Test.Integration.Models.ModelsBaseIntegrationTests" name="Post_InvalidPropertyValueReturnsBadRequest" /></UnitTest><UnitTest name="GetSingle_ValidIdPropertyValueReturnsCorrectModel" storage="d:\users\steve knipmeyer\documents\github\modelrelief\modelrelief.test\bin\debug\netcoreapp2.0\modelrelief.test.dll" id="c86469a1-f7e6-411b-8f36-bd369f88995a"><Execution id="ace7d94b-eccb-4b8c-a2fd-a3a9445e98c5" /><TestMethod codeBase="D:\Users\Steve Knipmeyer\Documents\GitHub\ModelRelief\ModelRelief.test\bin\Debug\netcoreapp2.0\ModelRelief.Test.dll" adapterTypeName="executor://xunit/VsTestRunner2/netcoreapp" className="ModelRelief.Test.Integration.Meshes.MeshesBaseIntegrationTests" name="GetSingle_ValidIdPropertyValueReturnsCorrectModel" /></UnitTest><UnitTest name="Patch_InvalidIdPropertyReturnsNotFound" storage="d:\users\steve knipmeyer\documents\github\modelrelief\modelrelief.test\bin\debug\netcoreapp2.0\modelrelief.test.dll" id="e120372f-7f48-4512-baa1-4069cfb72472"><Execution id="9c0c18e7-57a5-48b2-b050-ecc051773d09" /><TestMethod codeBase="D:\Users\Steve Knipmeyer\Documents\GitHub\ModelRelief\ModelRelief.test\bin\Debug\netcoreapp2.0\ModelRelief.Test.dll" adapterTypeName="executor://xunit/VsTestRunner2/netcoreapp" className="ModelRelief.Test.Integration.Cameras.CamerasBaseIntegrationTests" name="Patch_InvalidIdPropertyReturnsNotFound" /></UnitTest><UnitTest name="Put_InvalidReferencePropertyReturndBadRequest" storage="d:\users\steve knipmeyer\documents\github\modelrelief\modelrelief.test\bin\debug\netcoreapp2.0\modelrelief.test.dll" id="8458c85d-8d94-4d41-8d73-688af82d2555"><Execution id="28125b07-cbb0-47ee-8924-9cdc43c336f6" /><TestMethod codeBase="D:\Users\Steve Knipmeyer\Documents\GitHub\ModelRelief\ModelRelief.test\bin\Debug\netcoreapp2.0\ModelRelief.Test.dll" adapterTypeName="executor://xunit/VsTestRunner2/netcoreapp" className="ModelRelief.Test.Integration.Cameras.CamerasBaseIntegrationTests" name="Put_InvalidReferencePropertyReturndBadRequest" /></UnitTest><UnitTest name="Post_InvalidPropertyValueReturnsBadRequest" storage="d:\users\steve knipmeyer\documents\github\modelrelief\modelrelief.test\bin\debug\netcoreapp2.0\modelrelief.test.dll" id="977eead0-af8d-44d5-925f-4554e932b3da"><Execution id="5b02df34-1c61-42ff-a576-745bef3c9efc" /><TestMethod codeBase="D:\Users\Steve Knipmeyer\Documents\GitHub\ModelRelief\ModelRelief.test\bin\Debug\netcoreapp2.0\ModelRelief.Test.dll" adapterTypeName="executor://xunit/VsTestRunner2/netcoreapp" className="ModelRelief.Test.Integration.DepthBuffers.DepthBuffersBaseIntegrationTests" name="Post_InvalidPropertyValueReturnsBadRequest" /></UnitTest><UnitTest name="GetFile_FileCanBeRoundTripped" storage="d:\users\steve knipmeyer\documents\github\modelrelief\modelrelief.test\bin\debug\netcoreapp2.0\modelrelief.test.dll" id="8e386697-b768-4cab-8876-c3b5c16ccb87"><Execution id="82f1568a-d33e-436f-84ad-70aa9eef7fab" /><TestMethod codeBase="D:\Users\Steve Knipmeyer\Documents\GitHub\ModelRelief\ModelRelief.test\bin\Debug\netcoreapp2.0\ModelRelief.Test.dll" adapterTypeName="executor://xunit/VsTestRunner2/netcoreapp" className="ModelRelief.Test.Integration.Meshes.MeshesFileIntegrationTests" name="GetFile_FileCanBeRoundTripped" /></UnitTest><UnitTest name="GetFile_ExistingFileReturnsSuccess" storage="d:\users\steve knipmeyer\documents\github\modelrelief\modelrelief.test\bin\debug\netcoreapp2.0\modelrelief.test.dll" id="36bcb067-d2ec-48b6-9259-4259475ac55c"><Execution id="44f617df-bdb3-4199-88b4-6f1e4ddf8340" /><TestMethod codeBase="D:\Users\Steve Knipmeyer\Documents\GitHub\ModelRelief\ModelRelief.test\bin\Debug\netcoreapp2.0\ModelRelief.Test.dll" adapterTypeName="executor://xunit/VsTestRunner2/netcoreapp" className="ModelRelief.Test.Integration.DepthBuffers.DepthBuffersFileIntegrationTests" name="GetFile_ExistingFileReturnsSuccess" /></UnitTest><UnitTest name="MeshTransformHasExpectedDependentFiles" storage="d:\users\steve knipmeyer\documents\github\modelrelief\modelrelief.test\bin\debug\netcoreapp2.0\modelrelief.test.dll" id="78a8d654-93a6-44b8-a91a-1480dcec5102"><Execution id="50058ba5-b6ad-4dc8-974a-a650c721a196" /><TestMethod codeBase="D:\Users\Steve Knipmeyer\Documents\GitHub\ModelRelief\ModelRelief.test\bin\Debug\netcoreapp2.0\ModelRelief.Test.dll" adapterTypeName="executor://xunit/VsTestRunner2/netcoreapp" className="ModelRelief.Test.Unit.DependencyManager.DependencyManagerTests" name="MeshTransformHasExpectedDependentFiles" /></UnitTest><UnitTest name="PutFile_FileCanBeUpdated" storage="d:\users\steve knipmeyer\documents\github\modelrelief\modelrelief.test\bin\debug\netcoreapp2.0\modelrelief.test.dll" id="de2a789c-24f2-43ca-885a-48d86858a8c9"><Execution id="33ff347f-5e11-4f41-949c-1f9bf5606f84" /><TestMethod codeBase="D:\Users\Steve Knipmeyer\Documents\GitHub\ModelRelief\ModelRelief.test\bin\Debug\netcoreapp2.0\ModelRelief.Test.dll" adapterTypeName="executor://xunit/VsTestRunner2/netcoreapp" className="ModelRelief.Test.Integration.DepthBuffers.DepthBuffersFileIntegrationTests" name="PutFile_FileCanBeUpdated" /></UnitTest><UnitTest name="PutFile_FileCanBeUpdated" storage="d:\users\steve knipmeyer\documents\github\modelrelief\modelrelief.test\bin\debug\netcoreapp2.0\modelrelief.test.dll" id="d13f5c0a-66e8-4d00-991b-86f2583e44d2"><Execution id="6f321640-094b-43ab-9f9e-a4b637ae55a6" /><TestMethod codeBase="D:\Users\Steve Knipmeyer\Documents\GitHub\ModelRelief\ModelRelief.test\bin\Debug\netcoreapp2.0\ModelRelief.Test.dll" adapterTypeName="executor://xunit/VsTestRunner2/netcoreapp" className="ModelRelief.Test.Integration.Meshes.MeshesFileIntegrationTests" name="PutFile_FileCanBeUpdated" /></UnitTest><UnitTest name="Post_ValidReferencePropertyCreatesModel" storage="d:\users\steve knipmeyer\documents\github\modelrelief\modelrelief.test\bin\debug\netcoreapp2.0\modelrelief.test.dll" id="af7cb0ce-4bd1-4b7d-9c8e-570e769f89d2"><Execution id="f9a3290f-3fbf-41f5-a99d-47ebaa27dcf5" /><TestMethod codeBase="D:\Users\Steve Knipmeyer\Documents\GitHub\ModelRelief\ModelRelief.test\bin\Debug\netcoreapp2.0\ModelRelief.Test.dll" adapterTypeName="executor://xunit/VsTestRunner2/netcoreapp" className="ModelRelief.Test.Integration.Cameras.CamerasBaseIntegrationTests" name="Post_ValidReferencePropertyCreatesModel" /></UnitTest><UnitTest name="GetFile_NonExistentFileReturnsNotFound" storage="d:\users\steve knipmeyer\documents\github\modelrelief\modelrelief.test\bin\debug\netcoreapp2.0\modelrelief.test.dll" id="afce6ef1-5c0b-45c7-bf66-0d7e15fbe61a"><Execution id="74248bb7-947f-4f93-b372-4289748b5f2e" /><TestMethod codeBase="D:\Users\Steve Knipmeyer\Documents\GitHub\ModelRelief\ModelRelief.test\bin\Debug\netcoreapp2.0\ModelRelief.Test.dll" adapterTypeName="executor://xunit/VsTestRunner2/netcoreapp" className="ModelRelief.Test.Integration.Models.ModelsFileIntegrationTests" name="GetFile_NonExistentFileReturnsNotFound" /></UnitTest><UnitTest name="PostFile_FileIsSynchronizedIsUpdatedAfterFileIsPosted" storage="d:\users\steve knipmeyer\documents\github\modelrelief\modelrelief.test\bin\debug\netcoreapp2.0\modelrelief.test.dll" id="381aa221-6784-45b5-9641-dc735d0e2a2b"><Execution id="39d57a67-a8bd-458c-94f5-18314024d1e8" /><TestMethod codeBase="D:\Users\Steve Knipmeyer\Documents\GitHub\ModelRelief\ModelRelief.test\bin\Debug\netcoreapp2.0\ModelRelief.Test.dll" adapterTypeName="executor://xunit/VsTestRunner2/netcoreapp" className="ModelRelief.Test.Integration.Meshes.MeshesFileIntegrationTests" name="PostFile_FileIsSynchronizedIsUpdatedAfterFileIsPosted" /></UnitTest><UnitTest name="Put_ValidReferencePropertyUpdatesModel" storage="d:\users\steve knipmeyer\documents\github\modelrelief\modelrelief.test\bin\debug\netcoreapp2.0\modelrelief.test.dll" id="d99d1756-a3d9-4914-b458-31eb3f038018"><Execution id="4ff38e29-ea9b-48fd-827d-d36094101f83" /><TestMethod codeBase="D:\Users\Steve Knipmeyer\Documents\GitHub\ModelRelief\ModelRelief.test\bin\Debug\netcoreapp2.0\ModelRelief.Test.dll" adapterTypeName="executor://xunit/VsTestRunner2/netcoreapp" className="ModelRelief.Test.Integration.Projects.ProjectsBaseIntegrationTests" name="Put_ValidReferencePropertyUpdatesModel" /></UnitTest><UnitTest name="FileRequest_MeshGenerateSetsFileIsSynchronized" storage="d:\users\steve knipmeyer\documents\github\modelrelief\modelrelief.test\bin\debug\netcoreapp2.0\modelrelief.test.dll" id="bd853828-d855-4d2c-8dd5-1e793aa8f045"><Execution id="cf0ee26a-3c38-4b09-864f-ab5e0738b8d1" /><TestMethod codeBase="D:\Users\Steve Knipmeyer\Documents\GitHub\ModelRelief\ModelRelief.test\bin\Debug\netcoreapp2.0\ModelRelief.Test.dll" adapterTypeName="executor://xunit/VsTestRunner2/netcoreapp" className="ModelRelief.Test.Integration.Meshes.MeshesFileIntegrationTests" name="FileRequest_MeshGenerateSetsFileIsSynchronized" /></UnitTest><UnitTest name="Put_InvalidIdReturnsNotFound" storage="d:\users\steve knipmeyer\documents\github\modelrelief\modelrelief.test\bin\debug\netcoreapp2.0\modelrelief.test.dll" id="ec0cfa03-77bd-43ed-878c-0c98c9b42eb5"><Execution id="725149d6-3a7d-47f9-8b0f-201caf5d7b74" /><TestMethod codeBase="D:\Users\Steve Knipmeyer\Documents\GitHub\ModelRelief\ModelRelief.test\bin\Debug\netcoreapp2.0\ModelRelief.Test.dll" adapterTypeName="executor://xunit/VsTestRunner2/netcoreapp" className="ModelRelief.Test.Integration.Projects.ProjectsBaseIntegrationTests" name="Put_InvalidIdReturnsNotFound" /></UnitTest><UnitTest name="Patch_InvalidReferencePropertyReturnsBadRequest" storage="d:\users\steve knipmeyer\documents\github\modelrelief\modelrelief.test\bin\debug\netcoreapp2.0\modelrelief.test.dll" id="46c2132a-fad0-4b5a-9da8-6007a617d09f"><Execution id="bc1292b4-97e1-454b-ba2b-ad62013845d2" /><TestMethod codeBase="D:\Users\Steve Knipmeyer\Documents\GitHub\ModelRelief\ModelRelief.test\bin\Debug\netcoreapp2.0\ModelRelief.Test.dll" adapterTypeName="executor://xunit/VsTestRunner2/netcoreapp" className="ModelRelief.Test.Integration.Cameras.CamerasBaseIntegrationTests" name="Patch_InvalidReferencePropertyReturnsBadRequest" /></UnitTest><UnitTest name="Put_InvalidReferencePropertyReturndBadRequest" storage="d:\users\steve knipmeyer\documents\github\modelrelief\modelrelief.test\bin\debug\netcoreapp2.0\modelrelief.test.dll" id="5cd319b6-70ae-471d-8b70-dc8b59f2d187"><Execution id="f4eebff0-9937-4f41-946a-a5c46a01b345" /><TestMethod codeBase="D:\Users\Steve Knipmeyer\Documents\GitHub\ModelRelief\ModelRelief.test\bin\Debug\netcoreapp2.0\ModelRelief.Test.dll" adapterTypeName="executor://xunit/VsTestRunner2/netcoreapp" className="ModelRelief.Test.Integration.Models.ModelsBaseIntegrationTests" name="Put_InvalidReferencePropertyReturndBadRequest" /></UnitTest><UnitTest name="Post_CanCreateNewModel" storage="d:\users\steve knipmeyer\documents\github\modelrelief\modelrelief.test\bin\debug\netcoreapp2.0\modelrelief.test.dll" id="5750eca1-495d-4987-9b7b-e2f99eec5960"><Execution id="70af6f6a-c6c0-4914-886c-fa1e9ab2c240" /><TestMethod codeBase="D:\Users\Steve Knipmeyer\Documents\GitHub\ModelRelief\ModelRelief.test\bin\Debug\netcoreapp2.0\ModelRelief.Test.dll" adapterTypeName="executor://xunit/VsTestRunner2/netcoreapp" className="ModelRelief.Test.Integration.Cameras.CamerasBaseIntegrationTests" name="Post_CanCreateNewModel" /></UnitTest><UnitTest name="GetSingle_InvalidIdPropertyValueReturnsNotFound" storage="d:\users\steve knipmeyer\documents\github\modelrelief\modelrelief.test\bin\debug\netcoreapp2.0\modelrelief.test.dll" id="400252b4-8720-4e32-81f5-f5c85b44720a"><Execution id="df9b51d0-3ba7-43b1-9951-713d51c08e50" /><TestMethod codeBase="D:\Users\Steve Knipmeyer\Documents\GitHub\ModelRelief\ModelRelief.test\bin\Debug\netcoreapp2.0\ModelRelief.Test.dll" adapterTypeName="executor://xunit/VsTestRunner2/netcoreapp" className="ModelRelief.Test.Integration.Meshes.MeshesBaseIntegrationTests" name="GetSingle_InvalidIdPropertyValueReturnsNotFound" /></UnitTest><UnitTest name="GetSingle_InvalidIdPropertyValueReturnsNotFound" storage="d:\users\steve knipmeyer\documents\github\modelrelief\modelrelief.test\bin\debug\netcoreapp2.0\modelrelief.test.dll" id="dfcbf110-b90b-4082-ab41-a3b9366c1919"><Execution id="7e9b6b85-bf22-40c9-89b8-4ba1890a1100" /><TestMethod codeBase="D:\Users\Steve Knipmeyer\Documents\GitHub\ModelRelief\ModelRelief.test\bin\Debug\netcoreapp2.0\ModelRelief.Test.dll" adapterTypeName="executor://xunit/VsTestRunner2/netcoreapp" className="ModelRelief.Test.Integration.Models.ModelsBaseIntegrationTests" name="GetSingle_InvalidIdPropertyValueReturnsNotFound" /></UnitTest><UnitTest name="Delete_TargetModelIsDeleted" storage="d:\users\steve knipmeyer\documents\github\modelrelief\modelrelief.test\bin\debug\netcoreapp2.0\modelrelief.test.dll" id="643123e1-e5a6-4dc4-8506-0df0078cae51"><Execution id="8ad2c21b-3b8c-4c34-a3e9-ae5d0cfad965" /><TestMethod codeBase="D:\Users\Steve Knipmeyer\Documents\GitHub\ModelRelief\ModelRelief.test\bin\Debug\netcoreapp2.0\ModelRelief.Test.dll" adapterTypeName="executor://xunit/VsTestRunner2/netcoreapp" className="ModelRelief.Test.Integration.MeshTransforms.MeshTransformsBaseIntegrationTests" name="Delete_TargetModelIsDeleted" /></UnitTest><UnitTest name="GetList_ListReturnsCorrectCount" storage="d:\users\steve knipmeyer\documents\github\modelrelief\modelrelief.test\bin\debug\netcoreapp2.0\modelrelief.test.dll" id="6c380891-56e1-446f-b61d-5187f53d20d1"><Execution id="992b10a3-3103-4ce4-8550-7dd9db3b3e76" /><TestMethod codeBase="D:\Users\Steve Knipmeyer\Documents\GitHub\ModelRelief\ModelRelief.test\bin\Debug\netcoreapp2.0\ModelRelief.Test.dll" adapterTypeName="executor://xunit/VsTestRunner2/netcoreapp" className="ModelRelief.Test.Integration.Projects.ProjectsBaseIntegrationTests" name="GetList_ListReturnsCorrectCount" /></UnitTest><UnitTest name="FileRequest_FileCanBeReadAfterRename" storage="d:\users\steve knipmeyer\documents\github\modelrelief\modelrelief.test\bin\debug\netcoreapp2.0\modelrelief.test.dll" id="8aedfc75-bdc5-4a0f-a925-b50b3e556946"><Execution id="ab215893-4c97-4c00-9c69-ab1ea4341615" /><TestMethod codeBase="D:\Users\Steve Knipmeyer\Documents\GitHub\ModelRelief\ModelRelief.test\bin\Debug\netcoreapp2.0\ModelRelief.Test.dll" adapterTypeName="executor://xunit/VsTestRunner2/netcoreapp" className="ModelRelief.Test.Integration.DepthBuffers.DepthBuffersFileIntegrationTests" name="FileRequest_FileCanBeReadAfterRename" /></UnitTest><UnitTest name="FileRequest_MeshGenerateScalesDepthBufferByP1Scale" storage="d:\users\steve knipmeyer\documents\github\modelrelief\modelrelief.test\bin\debug\netcoreapp2.0\modelrelief.test.dll" id="77258364-9b01-48b7-84c0-71a927acfeb4"><Execution id="fabf0514-ec4c-416c-b867-577a85ff0b6b" /><TestMethod codeBase="D:\Users\Steve Knipmeyer\Documents\GitHub\ModelRelief\ModelRelief.test\bin\Debug\netcoreapp2.0\ModelRelief.Test.dll" adapterTypeName="executor://xunit/VsTestRunner2/netcoreapp" className="ModelRelief.Test.Integration.Meshes.MeshesFileIntegrationTests" name="FileRequest_MeshGenerateScalesDepthBufferByP1Scale" /></UnitTest><UnitTest name="Post_InvalidReferencePropertyReturnsBadRequest" storage="d:\users\steve knipmeyer\documents\github\modelrelief\modelrelief.test\bin\debug\netcoreapp2.0\modelrelief.test.dll" id="68516f2d-5968-41f4-9842-46305738fd9b"><Execution id="c9b647dc-f87f-43b8-94d3-723af64ac3c7" /><TestMethod codeBase="D:\Users\Steve Knipmeyer\Documents\GitHub\ModelRelief\ModelRelief.test\bin\Debug\netcoreapp2.0\ModelRelief.Test.dll" adapterTypeName="executor://xunit/VsTestRunner2/netcoreapp" className="ModelRelief.Test.Integration.Cameras.CamerasBaseIntegrationTests" name="Post_InvalidReferencePropertyReturnsBadRequest" /></UnitTest><UnitTest name="Patch_InvalidPropertyNameReturnsBadRequest" storage="d:\users\steve knipmeyer\documents\github\modelrelief\modelrelief.test\bin\debug\netcoreapp2.0\modelrelief.test.dll" id="a47a7515-e1e8-4f27-a5e3-b05a062d2125"><Execution id="7b64b04e-e8fd-400b-a8cd-b5668ae0e46e" /><TestMethod codeBase="D:\Users\Steve Knipmeyer\Documents\GitHub\ModelRelief\ModelRelief.test\bin\Debug\netcoreapp2.0\ModelRelief.Test.dll" adapterTypeName="executor://xunit/VsTestRunner2/netcoreapp" className="ModelRelief.Test.Integration.DepthBuffers.DepthBuffersBaseIntegrationTests" name="Patch_InvalidPropertyNameReturnsBadRequest" /></UnitTest><UnitTest name="PutFile_FileCanBeUpdated" storage="d:\users\steve knipmeyer\documents\github\modelrelief\modelrelief.test\bin\debug\netcoreapp2.0\modelrelief.test.dll" id="216c8c06-847e-4db7-85ba-854fda9161ab"><Execution id="ac0e79e7-5824-4fb9-bf2d-7be02b0556f5" /><TestMethod codeBase="D:\Users\Steve Knipmeyer\Documents\GitHub\ModelRelief\ModelRelief.test\bin\Debug\netcoreapp2.0\ModelRelief.Test.dll" adapterTypeName="executor://xunit/VsTestRunner2/netcoreapp" className="ModelRelief.Test.Integration.Models.ModelsFileIntegrationTests" name="PutFile_FileCanBeUpdated" /></UnitTest><UnitTest name="Patch_TargetPropertyIsUpdated" storage="d:\users\steve knipmeyer\documents\github\modelrelief\modelrelief.test\bin\debug\netcoreapp2.0\modelrelief.test.dll" id="4c309eab-7ab1-4e9e-8afd-1eea532a4579"><Execution id="161bff0e-4ac5-43e8-9e01-ebcdcbaa5db2" /><TestMethod codeBase="D:\Users\Steve Knipmeyer\Documents\GitHub\ModelRelief\ModelRelief.test\bin\Debug\netcoreapp2.0\ModelRelief.Test.dll" adapterTypeName="executor://xunit/VsTestRunner2/netcoreapp" className="ModelRelief.Test.Integration.DepthBuffers.DepthBuffersBaseIntegrationTests" name="Patch_TargetPropertyIsUpdated" /></UnitTest><UnitTest name="Patch_MultipleInvalidReferencePropertiesReturnsMultipleValidationErrorsAndBadRequest" storage="d:\users\steve knipmeyer\documents\github\modelrelief\modelrelief.test\bin\debug\netcoreapp2.0\modelrelief.test.dll" id="5af11312-8f6a-445f-bb70-59d127a2a63a"><Execution id="7a6a466c-9988-4325-ac64-239d98ee4b81" /><TestMethod codeBase="D:\Users\Steve Knipmeyer\Documents\GitHub\ModelRelief\ModelRelief.test\bin\Debug\netcoreapp2.0\ModelRelief.Test.dll" adapterTypeName="executor://xunit/VsTestRunner2/netcoreapp" className="ModelRelief.Test.Integration.Projects.ProjectsBaseIntegrationTests" name="Patch_MultipleInvalidReferencePropertiesReturnsMultipleValidationErrorsAndBadRequest" /></UnitTest><UnitTest name="Patch_InvalidIdPropertyReturnsNotFound" storage="d:\users\steve knipmeyer\documents\github\modelrelief\modelrelief.test\bin\debug\netcoreapp2.0\modelrelief.test.dll" id="bb94d2fd-0bbf-430f-8079-af53e122facb"><Execution id="cf597b18-bd77-40a0-acad-e2fd67677eb5" /><TestMethod codeBase="D:\Users\Steve Knipmeyer\Documents\GitHub\ModelRelief\ModelRelief.test\bin\Debug\netcoreapp2.0\ModelRelief.Test.dll" adapterTypeName="executor://xunit/VsTestRunner2/netcoreapp" className="ModelRelief.Test.Integration.Projects.ProjectsBaseIntegrationTests" name="Patch_InvalidIdPropertyReturnsNotFound" /></UnitTest><UnitTest name="Put_ValidReferencePropertyUpdatesModel" storage="d:\users\steve knipmeyer\documents\github\modelrelief\modelrelief.test\bin\debug\netcoreapp2.0\modelrelief.test.dll" id="56015ff3-c951-48a5-b011-55c93348ae98"><Execution id="b614a865-0c93-4e89-8b61-fa25127afe98" /><TestMethod codeBase="D:\Users\Steve Knipmeyer\Documents\GitHub\ModelRelief\ModelRelief.test\bin\Debug\netcoreapp2.0\ModelRelief.Test.dll" adapterTypeName="executor://xunit/VsTestRunner2/netcoreapp" className="ModelRelief.Test.Integration.MeshTransforms.MeshTransformsBaseIntegrationTests" name="Put_ValidReferencePropertyUpdatesModel" /></UnitTest><UnitTest name="CameraHasExpectedDependentFiles" storage="d:\users\steve knipmeyer\documents\github\modelrelief\modelrelief.test\bin\debug\netcoreapp2.0\modelrelief.test.dll" id="57f45b74-25b5-4b51-bb02-3d364d11d111"><Execution id="9afea218-9ab6-4886-9a25-0d074508a674" /><TestMethod codeBase="D:\Users\Steve Knipmeyer\Documents\GitHub\ModelRelief\ModelRelief.test\bin\Debug\netcoreapp2.0\ModelRelief.Test.dll" adapterTypeName="executor://xunit/VsTestRunner2/netcoreapp" className="ModelRelief.Test.Unit.DependencyManager.DependencyManagerTests" name="CameraHasExpectedDependentFiles" /></UnitTest><UnitTest name="Delete_TargetModelIsDeleted" storage="d:\users\steve knipmeyer\documents\github\modelrelief\modelrelief.test\bin\debug\netcoreapp2.0\modelrelief.test.dll" id="eaac3a31-74fc-4238-a427-a20ccb188ad7"><Execution id="8d3552de-cda3-47f5-83e4-1cdbb2d4cde8" /><TestMethod codeBase="D:\Users\Steve Knipmeyer\Documents\GitHub\ModelRelief\ModelRelief.test\bin\Debug\netcoreapp2.0\ModelRelief.Test.dll" adapterTypeName="executor://xunit/VsTestRunner2/netcoreapp" className="ModelRelief.Test.Integration.Models.ModelsBaseIntegrationTests" name="Delete_TargetModelIsDeleted" /></UnitTest><UnitTest name="Put_CanUpdateModel" storage="d:\users\steve knipmeyer\documents\github\modelrelief\modelrelief.test\bin\debug\netcoreapp2.0\modelrelief.test.dll" id="79b30005-bc7d-4e46-b4f1-70237ddb4c6a"><Execution id="ed1456ab-e68c-485e-a450-5fffb2ac3609" /><TestMethod codeBase="D:\Users\Steve Knipmeyer\Documents\GitHub\ModelRelief\ModelRelief.test\bin\Debug\netcoreapp2.0\ModelRelief.Test.dll" adapterTypeName="executor://xunit/VsTestRunner2/netcoreapp" className="ModelRelief.Test.Integration.Meshes.MeshesBaseIntegrationTests" name="Put_CanUpdateModel" /></UnitTest><UnitTest name="Post_CanCreateNewModel" storage="d:\users\steve knipmeyer\documents\github\modelrelief\modelrelief.test\bin\debug\netcoreapp2.0\modelrelief.test.dll" id="738c581f-7037-4a4a-bcde-6632911c8f2a"><Execution id="052f155b-2f62-40b4-95bb-8ad437e198fb" /><TestMethod codeBase="D:\Users\Steve Knipmeyer\Documents\GitHub\ModelRelief\ModelRelief.test\bin\Debug\netcoreapp2.0\ModelRelief.Test.dll" adapterTypeName="executor://xunit/VsTestRunner2/netcoreapp" className="ModelRelief.Test.Integration.Meshes.MeshesBaseIntegrationTests" name="Post_CanCreateNewModel" /></UnitTest><UnitTest name="GetFile_ExistingFileReturnsSuccess" storage="d:\users\steve knipmeyer\documents\github\modelrelief\modelrelief.test\bin\debug\netcoreapp2.0\modelrelief.test.dll" id="c7e87717-7b4b-47ae-b783-523ce2d1eed7"><Execution id="e5685e54-40ca-441d-92c7-bf7346400e69" /><TestMethod codeBase="D:\Users\Steve Knipmeyer\Documents\GitHub\ModelRelief\ModelRelief.test\bin\Debug\netcoreapp2.0\ModelRelief.Test.dll" adapterTypeName="executor://xunit/VsTestRunner2/netcoreapp" className="ModelRelief.Test.Integration.Meshes.MeshesFileIntegrationTests" name="GetFile_ExistingFileReturnsSuccess" /></UnitTest><UnitTest name="Post_InvalidPropertyValueReturnsBadRequest" storage="d:\users\steve knipmeyer\documents\github\modelrelief\modelrelief.test\bin\debug\netcoreapp2.0\modelrelief.test.dll" id="e76600be-c203-4d5c-ba4f-2c914b8f16d8"><Execution id="b9ab2752-65bc-42a4-afac-9777f1666a28" /><TestMethod codeBase="D:\Users\Steve Knipmeyer\Documents\GitHub\ModelRelief\ModelRelief.test\bin\Debug\netcoreapp2.0\ModelRelief.Test.dll" adapterTypeName="executor://xunit/VsTestRunner2/netcoreapp" className="ModelRelief.Test.Integration.Cameras.CamerasBaseIntegrationTests" name="Post_InvalidPropertyValueReturnsBadRequest" /></UnitTest><UnitTest name="Post_InvalidReferencePropertyReturnsBadRequest" storage="d:\users\steve knipmeyer\documents\github\modelrelief\modelrelief.test\bin\debug\netcoreapp2.0\modelrelief.test.dll" id="61efa34c-084b-4133-baa9-51709c0f6c38"><Execution id="6af9b15e-ae1f-4023-a5a5-1208a10bbf4a" /><TestMethod codeBase="D:\Users\Steve Knipmeyer\Documents\GitHub\ModelRelief\ModelRelief.test\bin\Debug\netcoreapp2.0\ModelRelief.Test.dll" adapterTypeName="executor://xunit/VsTestRunner2/netcoreapp" className="ModelRelief.Test.Integration.MeshTransforms.MeshTransformsBaseIntegrationTests" name="Post_InvalidReferencePropertyReturnsBadRequest" /></UnitTest><UnitTest name="GetSingle_InvalidIdPropertyValueReturnsNotFound" storage="d:\users\steve knipmeyer\documents\github\modelrelief\modelrelief.test\bin\debug\netcoreapp2.0\modelrelief.test.dll" id="a55fdbac-9ca9-4f70-9c25-e1cba29804e2"><Execution id="7cbb5b40-0ca0-49fd-a96b-d4b10848d107" /><TestMethod codeBase="D:\Users\Steve Knipmeyer\Documents\GitHub\ModelRelief\ModelRelief.test\bin\Debug\netcoreapp2.0\ModelRelief.Test.dll" adapterTypeName="executor://xunit/VsTestRunner2/netcoreapp" className="ModelRelief.Test.Integration.MeshTransforms.MeshTransformsBaseIntegrationTests" name="GetSingle_InvalidIdPropertyValueReturnsNotFound" /></UnitTest><UnitTest name="Patch_InvalidReferencePropertyReturnsBadRequest" storage="d:\users\steve knipmeyer\documents\github\modelrelief\modelrelief.test\bin\debug\netcoreapp2.0\modelrelief.test.dll" id="96749c23-d804-432d-90c6-cbf7fa07bfb6"><Execution id="01d7c0d5-a02f-4b15-816a-dd5936ebe149" /><TestMethod codeBase="D:\Users\Steve Knipmeyer\Documents\GitHub\ModelRelief\ModelRelief.test\bin\Debug\netcoreapp2.0\ModelRelief.Test.dll" adapterTypeName="executor://xunit/VsTestRunner2/netcoreapp" className="ModelRelief.Test.Integration.Projects.ProjectsBaseIntegrationTests" name="Patch_InvalidReferencePropertyReturnsBadRequest" /></UnitTest><UnitTest name="Post_CanCreateNewModel" storage="d:\users\steve knipmeyer\documents\github\modelrelief\modelrelief.test\bin\debug\netcoreapp2.0\modelrelief.test.dll" id="8bda6eef-69b6-4b45-a528-2fe7e3cb6aa6"><Execution id="e1815481-57ac-4b9c-ba52-a1f691fad967" /><TestMethod codeBase="D:\Users\Steve Knipmeyer\Documents\GitHub\ModelRelief\ModelRelief.test\bin\Debug\netcoreapp2.0\ModelRelief.Test.dll" adapterTypeName="executor://xunit/VsTestRunner2/netcoreapp" className="ModelRelief.Test.Integration.DepthBuffers.DepthBuffersBaseIntegrationTests" name="Post_CanCreateNewModel" /></UnitTest><UnitTest name="PostFile_NewFileCanBePosted" storage="d:\users\steve knipmeyer\documents\github\modelrelief\modelrelief.test\bin\debug\netcoreapp2.0\modelrelief.test.dll" id="a0d4c8d7-b124-4b14-a610-8f352a055628"><Execution id="d84c80a8-51e7-447f-b45f-4e92c3b9350e" /><TestMethod codeBase="D:\Users\Steve Knipmeyer\Documents\GitHub\ModelRelief\ModelRelief.test\bin\Debug\netcoreapp2.0\ModelRelief.Test.dll" adapterTypeName="executor://xunit/VsTestRunner2/netcoreapp" className="ModelRelief.Test.Integration.Meshes.MeshesFileIntegrationTests" name="PostFile_NewFileCanBePosted" /></UnitTest><UnitTest name="Delete_TargetModelIsDeleted" storage="d:\users\steve knipmeyer\documents\github\modelrelief\modelrelief.test\bin\debug\netcoreapp2.0\modelrelief.test.dll" id="b305b4ff-7d65-4cb3-8b67-c691e4434032"><Execution id="dda11bc5-a24d-4c39-8dce-2afb7566d440" /><TestMethod codeBase="D:\Users\Steve Knipmeyer\Documents\GitHub\ModelRelief\ModelRelief.test\bin\Debug\netcoreapp2.0\ModelRelief.Test.dll" adapterTypeName="executor://xunit/VsTestRunner2/netcoreapp" className="ModelRelief.Test.Integration.Meshes.MeshesBaseIntegrationTests" name="Delete_TargetModelIsDeleted" /></UnitTest><UnitTest name="Patch_ValidReferencePropertyUpdatesModel" storage="d:\users\steve knipmeyer\documents\github\modelrelief\modelrelief.test\bin\debug\netcoreapp2.0\modelrelief.test.dll" id="cccc279c-44fc-4d43-9ea9-1425668bce04"><Execution id="79830dc9-999b-42ee-9d26-b66c4418f3e2" /><TestMethod codeBase="D:\Users\Steve Knipmeyer\Documents\GitHub\ModelRelief\ModelRelief.test\bin\Debug\netcoreapp2.0\ModelRelief.Test.dll" adapterTypeName="executor://xunit/VsTestRunner2/netcoreapp" className="ModelRelief.Test.Integration.Cameras.CamerasBaseIntegrationTests" name="Patch_ValidReferencePropertyUpdatesModel" /></UnitTest><UnitTest name="Put_ValidReferencePropertyUpdatesModel" storage="d:\users\steve knipmeyer\documents\github\modelrelief\modelrelief.test\bin\debug\netcoreapp2.0\modelrelief.test.dll" id="ccac4b8c-d3b0-4d7a-aa9b-9783b5722bea"><Execution id="f3a525ed-d0c1-4eb1-8771-aaaae395f34c" /><TestMethod codeBase="D:\Users\Steve Knipmeyer\Documents\GitHub\ModelRelief\ModelRelief.test\bin\Debug\netcoreapp2.0\ModelRelief.Test.dll" adapterTypeName="executor://xunit/VsTestRunner2/netcoreapp" className="ModelRelief.Test.Integration.Meshes.MeshesBaseIntegrationTests" name="Put_ValidReferencePropertyUpdatesModel" /></UnitTest><UnitTest name="Model3dHasExpectedDependentFiles" storage="d:\users\steve knipmeyer\documents\github\modelrelief\modelrelief.test\bin\debug\netcoreapp2.0\modelrelief.test.dll" id="c9071f78-d443-4616-8f5d-363792ab7c83"><Execution id="107bea39-0734-4795-a04a-a481fa14ed7c" /><TestMethod codeBase="D:\Users\Steve Knipmeyer\Documents\GitHub\ModelRelief\ModelRelief.test\bin\Debug\netcoreapp2.0\ModelRelief.Test.dll" adapterTypeName="executor://xunit/VsTestRunner2/netcoreapp" className="ModelRelief.Test.Unit.DependencyManager.DependencyManagerTests" name="Model3dHasExpectedDependentFiles" /></UnitTest><UnitTest name="Post_InvalidPropertyValueReturnsBadRequest" storage="d:\users\steve knipmeyer\documents\github\modelrelief\modelrelief.test\bin\debug\netcoreapp2.0\modelrelief.test.dll" id="7042eeff-6e7c-4fa9-bec5-3318e8c03336"><Execution id="e3f91ff3-0d11-440f-94dd-85f2f2c289c3" /><TestMethod codeBase="D:\Users\Steve Knipmeyer\Documents\GitHub\ModelRelief\ModelRelief.test\bin\Debug\netcoreapp2.0\ModelRelief.Test.dll" adapterTypeName="executor://xunit/VsTestRunner2/netcoreapp" className="ModelRelief.Test.Integration.Meshes.MeshesBaseIntegrationTests" name="Post_InvalidPropertyValueReturnsBadRequest" /></UnitTest><UnitTest name="Patch_InvalidReferencePropertyReturnsBadRequest" storage="d:\users\steve knipmeyer\documents\github\modelrelief\modelrelief.test\bin\debug\netcoreapp2.0\modelrelief.test.dll" id="7c299861-70a0-4ecb-a567-988ac5e6e901"><Execution id="69313f48-6034-4318-86f4-88c92f1c5660" /><TestMethod codeBase="D:\Users\Steve Knipmeyer\Documents\GitHub\ModelRelief\ModelRelief.test\bin\Debug\netcoreapp2.0\ModelRelief.Test.dll" adapterTypeName="executor://xunit/VsTestRunner2/netcoreapp" className="ModelRelief.Test.Integration.MeshTransforms.MeshTransformsBaseIntegrationTests" name="Patch_InvalidReferencePropertyReturnsBadRequest" /></UnitTest><UnitTest name="Patch_MultipleInvalidReferencePropertiesReturnsMultipleValidationErrorsAndBadRequest" storage="d:\users\steve knipmeyer\documents\github\modelrelief\modelrelief.test\bin\debug\netcoreapp2.0\modelrelief.test.dll" id="835446f4-66ca-4608-9ca8-336f4b4093a5"><Execution id="d5d383a3-0c8c-46b1-bfd5-aae019a18123" /><TestMethod codeBase="D:\Users\Steve Knipmeyer\Documents\GitHub\ModelRelief\ModelRelief.test\bin\Debug\netcoreapp2.0\ModelRelief.Test.dll" adapterTypeName="executor://xunit/VsTestRunner2/netcoreapp" className="ModelRelief.Test.Integration.DepthBuffers.DepthBuffersBaseIntegrationTests" name="Patch_MultipleInvalidReferencePropertiesReturnsMultipleValidationErrorsAndBadRequest" /></UnitTest><UnitTest name="Patch_InvalidReferencePropertyReturnsBadRequest" storage="d:\users\steve knipmeyer\documents\github\modelrelief\modelrelief.test\bin\debug\netcoreapp2.0\modelrelief.test.dll" id="b9fdf3b4-987f-4b83-9abc-5b127a10f94b"><Execution id="d9207152-0d0c-454f-81c7-e3a6a79537b3" /><TestMethod codeBase="D:\Users\Steve Knipmeyer\Documents\GitHub\ModelRelief\ModelRelief.test\bin\Debug\netcoreapp2.0\ModelRelief.Test.dll" adapterTypeName="executor://xunit/VsTestRunner2/netcoreapp" className="ModelRelief.Test.Integration.Meshes.MeshesBaseIntegrationTests" name="Patch_InvalidReferencePropertyReturnsBadRequest" /></UnitTest><UnitTest name="Patch_InvalidPropertyNameReturnsBadRequest" storage="d:\users\steve knipmeyer\documents\github\modelrelief\modelrelief.test\bin\debug\netcoreapp2.0\modelrelief.test.dll" id="b8663b4c-01d7-4b39-b79c-f2e13efbd0b3"><Execution id="240c0439-ef7e-48b1-9150-9708ce9ba0db" /><TestMethod codeBase="D:\Users\Steve Knipmeyer\Documents\GitHub\ModelRelief\ModelRelief.test\bin\Debug\netcoreapp2.0\ModelRelief.Test.dll" adapterTypeName="executor://xunit/VsTestRunner2/netcoreapp" className="ModelRelief.Test.Integration.Meshes.MeshesBaseIntegrationTests" name="Patch_InvalidPropertyNameReturnsBadRequest" /></UnitTest><UnitTest name="Put_InvalidIdReturnsNotFound" storage="d:\users\steve knipmeyer\documents\github\modelrelief\modelrelief.test\bin\debug\netcoreapp2.0\modelrelief.test.dll" id="deaa3a7e-eee2-40b8-9a95-83ec09d75f1f"><Execution id="eaab7e6a-2b87-403e-865a-e0ba999b78c3" /><TestMethod codeBase="D:\Users\Steve Knipmeyer\Documents\GitHub\ModelRelief\ModelRelief.test\bin\Debug\netcoreapp2.0\ModelRelief.Test.dll" adapterTypeName="executor://xunit/VsTestRunner2/netcoreapp" className="ModelRelief.Test.Integration.MeshTransforms.MeshTransformsBaseIntegrationTests" name="Put_InvalidIdReturnsNotFound" /></UnitTest><UnitTest name="GetSingle_ValidIdPropertyValueReturnsCorrectModel" storage="d:\users\steve knipmeyer\documents\github\modelrelief\modelrelief.test\bin\debug\netcoreapp2.0\modelrelief.test.dll" id="ef10daa8-4d28-4aac-a6fe-fcac70703ad2"><Execution id="ce0b68a8-7eb0-4276-836c-96de5834d108" /><TestMethod codeBase="D:\Users\Steve Knipmeyer\Documents\GitHub\ModelRelief\ModelRelief.test\bin\Debug\netcoreapp2.0\ModelRelief.Test.dll" adapterTypeName="executor://xunit/VsTestRunner2/netcoreapp" className="ModelRelief.Test.Integration.MeshTransforms.MeshTransformsBaseIntegrationTests" name="GetSingle_ValidIdPropertyValueReturnsCorrectModel" /></UnitTest><UnitTest name="Put_ValidReferencePropertyUpdatesModel" storage="d:\users\steve knipmeyer\documents\github\modelrelief\modelrelief.test\bin\debug\netcoreapp2.0\modelrelief.test.dll" id="beeab850-0fe5-4f35-9ad8-f9eeaf38ab28"><Execution id="bfed63d2-97db-43be-af3b-39d27a1f3aee" /><TestMethod codeBase="D:\Users\Steve Knipmeyer\Documents\GitHub\ModelRelief\ModelRelief.test\bin\Debug\netcoreapp2.0\ModelRelief.Test.dll" adapterTypeName="executor://xunit/VsTestRunner2/netcoreapp" className="ModelRelief.Test.Integration.Cameras.CamerasBaseIntegrationTests" name="Put_ValidReferencePropertyUpdatesModel" /></UnitTest><UnitTest name="Patch_InvalidPropertyNameReturnsBadRequest" storage="d:\users\steve knipmeyer\documents\github\modelrelief\modelrelief.test\bin\debug\netcoreapp2.0\modelrelief.test.dll" id="b3d41646-5c30-4749-96c7-68afe6cb498c"><Execution id="78f1c576-08d5-4c9e-b4c1-d6dc7c7f2dc4" /><TestMethod codeBase="D:\Users\Steve Knipmeyer\Documents\GitHub\ModelRelief\ModelRelief.test\bin\Debug\netcoreapp2.0\ModelRelief.Test.dll" adapterTypeName="executor://xunit/VsTestRunner2/netcoreapp" className="ModelRelief.Test.Integration.Models.ModelsBaseIntegrationTests" name="Patch_InvalidPropertyNameReturnsBadRequest" /></UnitTest><UnitTest name="Put_InvalidIdReturnsNotFound" storage="d:\users\steve knipmeyer\documents\github\modelrelief\modelrelief.test\bin\debug\netcoreapp2.0\modelrelief.test.dll" id="60b28da7-0313-4fb8-b82f-40ffc287aa5f"><Execution id="ccb73f7a-1e7e-4d77-bc7f-ef6e289b653f" /><TestMethod codeBase="D:\Users\Steve Knipmeyer\Documents\GitHub\ModelRelief\ModelRelief.test\bin\Debug\netcoreapp2.0\ModelRelief.Test.dll" adapterTypeName="executor://xunit/VsTestRunner2/netcoreapp" className="ModelRelief.Test.Integration.Meshes.MeshesBaseIntegrationTests" name="Put_InvalidIdReturnsNotFound" /></UnitTest><UnitTest name="Post_ValidReferencePropertyCreatesModel" storage="d:\users\steve knipmeyer\documents\github\modelrelief\modelrelief.test\bin\debug\netcoreapp2.0\modelrelief.test.dll" id="7022dfba-5000-4b67-8126-08ff61195a98"><Execution id="5477cbd6-5a7d-4a58-ba69-8a33b1edd539" /><TestMethod codeBase="D:\Users\Steve Knipmeyer\Documents\GitHub\ModelRelief\ModelRelief.test\bin\Debug\netcoreapp2.0\ModelRelief.Test.dll" adapterTypeName="executor://xunit/VsTestRunner2/netcoreapp" className="ModelRelief.Test.Integration.Models.ModelsBaseIntegrationTests" name="Post_ValidReferencePropertyCreatesModel" /></UnitTest><UnitTest name="Put_CanUpdateModel" storage="d:\users\steve knipmeyer\documents\github\modelrelief\modelrelief.test\bin\debug\netcoreapp2.0\modelrelief.test.dll" id="93f83eb2-d8f0-4b72-8d45-a5174a60b80b"><Execution id="b136338a-9fee-48ed-9f93-e7b6e6dce0c9" /><TestMethod codeBase="D:\Users\Steve Knipmeyer\Documents\GitHub\ModelRelief\ModelRelief.test\bin\Debug\netcoreapp2.0\ModelRelief.Test.dll" adapterTypeName="executor://xunit/VsTestRunner2/netcoreapp" className="ModelRelief.Test.Integration.DepthBuffers.DepthBuffersBaseIntegrationTests" name="Put_CanUpdateModel" /></UnitTest><UnitTest name="Post_ValidReferencePropertyCreatesModel" storage="d:\users\steve knipmeyer\documents\github\modelrelief\modelrelief.test\bin\debug\netcoreapp2.0\modelrelief.test.dll" id="9b405546-5dee-49c3-8d92-6d32b2514ccb"><Execution id="14895682-e9c7-4c25-832a-a5d41045718d" /><TestMethod codeBase="D:\Users\Steve Knipmeyer\Documents\GitHub\ModelRelief\ModelRelief.test\bin\Debug\netcoreapp2.0\ModelRelief.Test.dll" adapterTypeName="executor://xunit/VsTestRunner2/netcoreapp" className="ModelRelief.Test.Integration.Projects.ProjectsBaseIntegrationTests" name="Post_ValidReferencePropertyCreatesModel" /></UnitTest><UnitTest name="Patch_MultipleInvalidReferencePropertiesReturnsMultipleValidationErrorsAndBadRequest" storage="d:\users\steve knipmeyer\documents\github\modelrelief\modelrelief.test\bin\debug\netcoreapp2.0\modelrelief.test.dll" id="55359c69-3c3b-4d41-91f1-d9931a07304e"><Execution id="b35dfa75-776f-467f-9a1c-f8ea4b15b479" /><TestMethod codeBase="D:\Users\Steve Knipmeyer\Documents\GitHub\ModelRelief\ModelRelief.test\bin\Debug\netcoreapp2.0\ModelRelief.Test.dll" adapterTypeName="executor://xunit/VsTestRunner2/netcoreapp" className="ModelRelief.Test.Integration.MeshTransforms.MeshTransformsBaseIntegrationTests" name="Patch_MultipleInvalidReferencePropertiesReturnsMultipleValidationErrorsAndBadRequest" /></UnitTest><UnitTest name="Patch_TargetPropertyIsUpdated" storage="d:\users\steve knipmeyer\documents\github\modelrelief\modelrelief.test\bin\debug\netcoreapp2.0\modelrelief.test.dll" id="8d520527-25a2-4acf-b5a0-6b116595aaf2"><Execution id="542f4cb9-a0a4-41c3-89db-5a5c7c08db34" /><TestMethod codeBase="D:\Users\Steve Knipmeyer\Documents\GitHub\ModelRelief\ModelRelief.test\bin\Debug\netcoreapp2.0\ModelRelief.Test.dll" adapterTypeName="executor://xunit/VsTestRunner2/netcoreapp" className="ModelRelief.Test.Integration.Projects.ProjectsBaseIntegrationTests" name="Patch_TargetPropertyIsUpdated" /></UnitTest><UnitTest name="Patch_InvalidIdPropertyReturnsNotFound" storage="d:\users\steve knipmeyer\documents\github\modelrelief\modelrelief.test\bin\debug\netcoreapp2.0\modelrelief.test.dll" id="c08f563d-a2cf-4ead-a5a1-14730b0c3967"><Execution id="a5f520ec-5798-42be-82e6-2df3c8a7e06a" /><TestMethod codeBase="D:\Users\Steve Knipmeyer\Documents\GitHub\ModelRelief\ModelRelief.test\bin\Debug\netcoreapp2.0\ModelRelief.Test.dll" adapterTypeName="executor://xunit/VsTestRunner2/netcoreapp" className="ModelRelief.Test.Integration.DepthBuffers.DepthBuffersBaseIntegrationTests" name="Patch_InvalidIdPropertyReturnsNotFound" /></UnitTest><UnitTest name="Post_ValidReferencePropertyCreatesModel" storage="d:\users\steve knipmeyer\documents\github\modelrelief\modelrelief.test\bin\debug\netcoreapp2.0\modelrelief.test.dll" id="03a2ce9a-75cc-470b-a29d-ef4685405646"><Execution id="db40e0e0-975d-4806-800a-221d7df75219" /><TestMethod codeBase="D:\Users\Steve Knipmeyer\Documents\GitHub\ModelRelief\ModelRelief.test\bin\Debug\netcoreapp2.0\ModelRelief.Test.dll" adapterTypeName="executor://xunit/VsTestRunner2/netcoreapp" className="ModelRelief.Test.Integration.Meshes.MeshesBaseIntegrationTests" name="Post_ValidReferencePropertyCreatesModel" /></UnitTest><UnitTest name="Patch_InvalidEnumPropertyValueReturnsBadRequest" storage="d:\users\steve knipmeyer\documents\github\modelrelief\modelrelief.test\bin\debug\netcoreapp2.0\modelrelief.test.dll" id="e546118c-30a7-47d3-80ec-61769118c718"><Execution id="1a37d006-a8d1-48eb-987e-3c7fe5959f66" /><TestMethod codeBase="D:\Users\Steve Knipmeyer\Documents\GitHub\ModelRelief\ModelRelief.test\bin\Debug\netcoreapp2.0\ModelRelief.Test.dll" adapterTypeName="executor://xunit/VsTestRunner2/netcoreapp" className="ModelRelief.Test.Integration.Cameras.CamerasBaseIntegrationTests" name="Patch_InvalidEnumPropertyValueReturnsBadRequest" /></UnitTest><UnitTest name="GetSingle_InvalidIdPropertyValueReturnsNotFound" storage="d:\users\steve knipmeyer\documents\github\modelrelief\modelrelief.test\bin\debug\netcoreapp2.0\modelrelief.test.dll" id="4712ece0-5952-4ca4-8414-08e8120f1c1d"><Execution id="bbdeb000-3467-43e1-96c4-dc349cd145b4" /><TestMethod codeBase="D:\Users\Steve Knipmeyer\Documents\GitHub\ModelRelief\ModelRelief.test\bin\Debug\netcoreapp2.0\ModelRelief.Test.dll" adapterTypeName="executor://xunit/VsTestRunner2/netcoreapp" className="ModelRelief.Test.Integration.Projects.ProjectsBaseIntegrationTests" name="GetSingle_InvalidIdPropertyValueReturnsNotFound" /></UnitTest><UnitTest name="Patch_MultipleInvalidReferencePropertiesReturnsMultipleValidationErrorsAndBadRequest" storage="d:\users\steve knipmeyer\documents\github\modelrelief\modelrelief.test\bin\debug\netcoreapp2.0\modelrelief.test.dll" id="a8b70026-6058-441c-bc47-2419217654e6"><Execution id="cdb40bed-c5c0-43a8-8090-1be9a86f6278" /><TestMethod codeBase="D:\Users\Steve Knipmeyer\Documents\GitHub\ModelRelief\ModelRelief.test\bin\Debug\netcoreapp2.0\ModelRelief.Test.dll" adapterTypeName="executor://xunit/VsTestRunner2/netcoreapp" className="ModelRelief.Test.Integration.Cameras.CamerasBaseIntegrationTests" name="Patch_MultipleInvalidReferencePropertiesReturnsMultipleValidationErrorsAndBadRequest" /></UnitTest><UnitTest name="Patch_InvalidEnumPropertyValueReturnsBadRequest" storage="d:\users\steve knipmeyer\documents\github\modelrelief\modelrelief.test\bin\debug\netcoreapp2.0\modelrelief.test.dll" id="78fb65eb-fc00-4387-ad3c-35b7ead950f7"><Execution id="e8b20fd7-3efb-4945-889e-bb57253df901" /><TestMethod codeBase="D:\Users\Steve Knipmeyer\Documents\GitHub\ModelRelief\ModelRelief.test\bin\Debug\netcoreapp2.0\ModelRelief.Test.dll" adapterTypeName="executor://xunit/VsTestRunner2/netcoreapp" className="ModelRelief.Test.Integration.MeshTransforms.MeshTransformsBaseIntegrationTests" name="Patch_InvalidEnumPropertyValueReturnsBadRequest" /></UnitTest><UnitTest name="Patch_TargetPropertyIsUpdated" storage="d:\users\steve knipmeyer\documents\github\modelrelief\modelrelief.test\bin\debug\netcoreapp2.0\modelrelief.test.dll" id="471f939d-050b-4994-8184-a0f5fd552bc6"><Execution id="98dacb30-3280-4104-8851-64450baf5af7" /><TestMethod codeBase="D:\Users\Steve Knipmeyer\Documents\GitHub\ModelRelief\ModelRelief.test\bin\Debug\netcoreapp2.0\ModelRelief.Test.dll" adapterTypeName="executor://xunit/VsTestRunner2/netcoreapp" className="ModelRelief.Test.Integration.Meshes.MeshesBaseIntegrationTests" name="Patch_TargetPropertyIsUpdated" /></UnitTest><UnitTest name="LucyModel3dHasTwoDependents" storage="d:\users\steve knipmeyer\documents\github\modelrelief\modelrelief.test\bin\debug\netcoreapp2.0\modelrelief.test.dll" id="4d418d7d-40cc-497d-a746-ce9a363bb5f1"><Execution id="7a6cd343-3828-44d8-b4c2-2c53f9008c61" /><TestMethod codeBase="D:\Users\Steve Knipmeyer\Documents\GitHub\ModelRelief\ModelRelief.test\bin\Debug\netcoreapp2.0\ModelRelief.Test.dll" adapterTypeName="executor://xunit/VsTestRunner2/netcoreapp" className="ModelRelief.Test.Unit.DependencyManager.DependencyManagerTests" name="LucyModel3dHasTwoDependents" /></UnitTest><UnitTest name="GetFile_FileCanBeRoundTripped" storage="d:\users\steve knipmeyer\documents\github\modelrelief\modelrelief.test\bin\debug\netcoreapp2.0\modelrelief.test.dll" id="70fc6818-707a-4425-9d73-1f6a411ed758"><Execution id="e404bcd6-ac8b-486a-a12c-271839145dfe" /><TestMethod codeBase="D:\Users\Steve Knipmeyer\Documents\GitHub\ModelRelief\ModelRelief.test\bin\Debug\netcoreapp2.0\ModelRelief.Test.dll" adapterTypeName="executor://xunit/VsTestRunner2/netcoreapp" className="ModelRelief.Test.Integration.Models.ModelsFileIntegrationTests" name="GetFile_FileCanBeRoundTripped" /></UnitTest><UnitTest name="Put_InvalidReferencePropertyReturndBadRequest" storage="d:\users\steve knipmeyer\documents\github\modelrelief\modelrelief.test\bin\debug\netcoreapp2.0\modelrelief.test.dll" id="7908e7a2-94c7-492d-8d03-97b54384f61e"><Execution id="eb73d0b6-9f79-4e8b-95b2-ff9a2489efb5" /><TestMethod codeBase="D:\Users\Steve Knipmeyer\Documents\GitHub\ModelRelief\ModelRelief.test\bin\Debug\netcoreapp2.0\ModelRelief.Test.dll" adapterTypeName="executor://xunit/VsTestRunner2/netcoreapp" className="ModelRelief.Test.Integration.Projects.ProjectsBaseIntegrationTests" name="Put_InvalidReferencePropertyReturndBadRequest" /></UnitTest><UnitTest name="Put_CanUpdateModel" storage="d:\users\steve knipmeyer\documents\github\modelrelief\modelrelief.test\bin\debug\netcoreapp2.0\modelrelief.test.dll" id="6af5e5ac-1a0d-4b45-a0ac-05f10e72e7e5"><Execution id="591549d6-5a67-4154-9ac1-6c80b08cbf06" /><TestMethod codeBase="D:\Users\Steve Knipmeyer\Documents\GitHub\ModelRelief\ModelRelief.test\bin\Debug\netcoreapp2.0\ModelRelief.Test.dll" adapterTypeName="executor://xunit/VsTestRunner2/netcoreapp" className="ModelRelief.Test.Integration.Models.ModelsBaseIntegrationTests" name="Put_CanUpdateModel" /></UnitTest><UnitTest name="Patch_InvalidIdPropertyReturnsNotFound" storage="d:\users\steve knipmeyer\documents\github\modelrelief\modelrelief.test\bin\debug\netcoreapp2.0\modelrelief.test.dll" id="c99636c6-7d2c-4aa5-bc75-75854fca72eb"><Execution id="64872c48-4a35-4c88-b19d-6015277b7884" /><TestMethod codeBase="D:\Users\Steve Knipmeyer\Documents\GitHub\ModelRelief\ModelRelief.test\bin\Debug\netcoreapp2.0\ModelRelief.Test.dll" adapterTypeName="executor://xunit/VsTestRunner2/netcoreapp" className="ModelRelief.Test.Integration.Meshes.MeshesBaseIntegrationTests" name="Patch_InvalidIdPropertyReturnsNotFound" /></UnitTest><UnitTest name="PostFile_FileTimeStampIsUpdatedAfterFileIsPosted" storage="d:\users\steve knipmeyer\documents\github\modelrelief\modelrelief.test\bin\debug\netcoreapp2.0\modelrelief.test.dll" id="318abeba-c121-4953-b394-43ac97c76926"><Execution id="2c03fc5f-fc58-474f-83cd-802bfee744b9" /><TestMethod codeBase="D:\Users\Steve Knipmeyer\Documents\GitHub\ModelRelief\ModelRelief.test\bin\Debug\netcoreapp2.0\ModelRelief.Test.dll" adapterTypeName="executor://xunit/VsTestRunner2/netcoreapp" className="ModelRelief.Test.Integration.Meshes.MeshesFileIntegrationTests" name="PostFile_FileTimeStampIsUpdatedAfterFileIsPosted" /></UnitTest><UnitTest name="Patch_ValidReferencePropertyUpdatesModel" storage="d:\users\steve knipmeyer\documents\github\modelrelief\modelrelief.test\bin\debug\netcoreapp2.0\modelrelief.test.dll" id="342ea11a-2197-4cfc-9bad-d5875dfcafdb"><Execution id="d9734eb6-6435-42ef-adfb-8ee4745a61a6" /><TestMethod codeBase="D:\Users\Steve Knipmeyer\Documents\GitHub\ModelRelief\ModelRelief.test\bin\Debug\netcoreapp2.0\ModelRelief.Test.dll" adapterTypeName="executor://xunit/VsTestRunner2/netcoreapp" className="ModelRelief.Test.Integration.Models.ModelsBaseIntegrationTests" name="Patch_ValidReferencePropertyUpdatesModel" /></UnitTest><UnitTest name="Put_ValidReferencePropertyUpdatesModel" storage="d:\users\steve knipmeyer\documents\github\modelrelief\modelrelief.test\bin\debug\netcoreapp2.0\modelrelief.test.dll" id="61671a51-cd99-4f3c-8de3-a3a8537ea7ce"><Execution id="9f989e03-d250-4106-bf9e-543cca27cbd2" /><TestMethod codeBase="D:\Users\Steve Knipmeyer\Documents\GitHub\ModelRelief\ModelRelief.test\bin\Debug\netcoreapp2.0\ModelRelief.Test.dll" adapterTypeName="executor://xunit/VsTestRunner2/netcoreapp" className="ModelRelief.Test.Integration.DepthBuffers.DepthBuffersBaseIntegrationTests" name="Put_ValidReferencePropertyUpdatesModel" /></UnitTest><UnitTest name="PostFile_FileIsSynchronizedIsUpdatedAfterFileIsPosted" storage="d:\users\steve knipmeyer\documents\github\modelrelief\modelrelief.test\bin\debug\netcoreapp2.0\modelrelief.test.dll" id="9ad904a5-cdb5-4509-a7f4-04b38320527d"><Execution id="3548dc61-ca48-4555-bb77-8480a5cc9dd3" /><TestMethod codeBase="D:\Users\Steve Knipmeyer\Documents\GitHub\ModelRelief\ModelRelief.test\bin\Debug\netcoreapp2.0\ModelRelief.Test.dll" adapterTypeName="executor://xunit/VsTestRunner2/netcoreapp" className="ModelRelief.Test.Integration.Models.ModelsFileIntegrationTests" name="PostFile_FileIsSynchronizedIsUpdatedAfterFileIsPosted" /></UnitTest><UnitTest name="GetFile_FileCanBeRoundTripped" storage="d:\users\steve knipmeyer\documents\github\modelrelief\modelrelief.test\bin\debug\netcoreapp2.0\modelrelief.test.dll" id="253b8398-c9e8-42ce-8709-54be86a6cc2c"><Execution id="53c9ee2b-8ea4-4fbe-8c19-51483d655247" /><TestMethod codeBase="D:\Users\Steve Knipmeyer\Documents\GitHub\ModelRelief\ModelRelief.test\bin\Debug\netcoreapp2.0\ModelRelief.Test.dll" adapterTypeName="executor://xunit/VsTestRunner2/netcoreapp" className="ModelRelief.Test.Integration.DepthBuffers.DepthBuffersFileIntegrationTests" name="GetFile_FileCanBeRoundTripped" /></UnitTest><UnitTest name="GetSingle_ValidIdPropertyValueReturnsCorrectModel" storage="d:\users\steve knipmeyer\documents\github\modelrelief\modelrelief.test\bin\debug\netcoreapp2.0\modelrelief.test.dll" id="d03e0a79-9611-4e23-b1dd-2f676738e2fe"><Execution id="5d1f669f-c36c-4024-85f3-9ce6ef13ee90" /><TestMethod codeBase="D:\Users\Steve Knipmeyer\Documents\GitHub\ModelRelief\ModelRelief.test\bin\Debug\netcoreapp2.0\ModelRelief.Test.dll" adapterTypeName="executor://xunit/VsTestRunner2/netcoreapp" className="ModelRelief.Test.Integration.Models.ModelsBaseIntegrationTests" name="GetSingle_ValidIdPropertyValueReturnsCorrectModel" /></UnitTest><UnitTest name="LucyCameraFindsAllDependents" storage="d:\users\steve knipmeyer\documents\github\modelrelief\modelrelief.test\bin\debug\netcoreapp2.0\modelrelief.test.dll" id="0fdcc72e-2b65-464b-84c3-73f9946a35af"><Execution id="076a3406-a1c5-4af3-abff-7787083f20b6" /><TestMethod codeBase="D:\Users\Steve Knipmeyer\Documents\GitHub\ModelRelief\ModelRelief.test\bin\Debug\netcoreapp2.0\ModelRelief.Test.dll" adapterTypeName="executor://xunit/VsTestRunner2/netcoreapp" className="ModelRelief.Test.Unit.DependencyManager.DependencyManagerTests" name="LucyCameraFindsAllDependents" /></UnitTest><UnitTest name="Patch_TargetPropertyIsUpdated" storage="d:\users\steve knipmeyer\documents\github\modelrelief\modelrelief.test\bin\debug\netcoreapp2.0\modelrelief.test.dll" id="07ed0ae6-d0a7-4d0a-a1cb-e94a73f7fd77"><Execution id="b374e265-201a-484a-900c-55e4c4971168" /><TestMethod codeBase="D:\Users\Steve Knipmeyer\Documents\GitHub\ModelRelief\ModelRelief.test\bin\Debug\netcoreapp2.0\ModelRelief.Test.dll" adapterTypeName="executor://xunit/VsTestRunner2/netcoreapp" className="ModelRelief.Test.Integration.MeshTransforms.MeshTransformsBaseIntegrationTests" name="Patch_TargetPropertyIsUpdated" /></UnitTest><UnitTest name="Put_CanUpdateModel" storage="d:\users\steve knipmeyer\documents\github\modelrelief\modelrelief.test\bin\debug\netcoreapp2.0\modelrelief.test.dll" id="0fada291-db6e-4638-a2fc-9cacf5c02d7b"><Execution id="4ef90b17-60a7-4171-afab-f7ab3d3a5db0" /><TestMethod codeBase="D:\Users\Steve Knipmeyer\Documents\GitHub\ModelRelief\ModelRelief.test\bin\Debug\netcoreapp2.0\ModelRelief.Test.dll" adapterTypeName="executor://xunit/VsTestRunner2/netcoreapp" className="ModelRelief.Test.Integration.Projects.ProjectsBaseIntegrationTests" name="Put_CanUpdateModel" /></UnitTest><UnitTest name="Patch_InvalidPropertyNameReturnsBadRequest" storage="d:\users\steve knipmeyer\documents\github\modelrelief\modelrelief.test\bin\debug\netcoreapp2.0\modelrelief.test.dll" id="2789811a-c141-4849-b330-55fde8d80a84"><Execution id="dc2b2241-1029-4586-876d-3e4279d9a95a" /><TestMethod codeBase="D:\Users\Steve Knipmeyer\Documents\GitHub\ModelRelief\ModelRelief.test\bin\Debug\netcoreapp2.0\ModelRelief.Test.dll" adapterTypeName="executor://xunit/VsTestRunner2/netcoreapp" className="ModelRelief.Test.Integration.Cameras.CamerasBaseIntegrationTests" name="Patch_InvalidPropertyNameReturnsBadRequest" /></UnitTest><UnitTest name="Patch_ValidReferencePropertyUpdatesModel" storage="d:\users\steve knipmeyer\documents\github\modelrelief\modelrelief.test\bin\debug\netcoreapp2.0\modelrelief.test.dll" id="a2e0a12f-4485-4e87-be12-902c679703a4"><Execution id="10ad84da-7362-42ec-a6fd-bf68632ecae8" /><TestMethod codeBase="D:\Users\Steve Knipmeyer\Documents\GitHub\ModelRelief\ModelRelief.test\bin\Debug\netcoreapp2.0\ModelRelief.Test.dll" adapterTypeName="executor://xunit/VsTestRunner2/netcoreapp" className="ModelRelief.Test.Integration.Projects.ProjectsBaseIntegrationTests" name="Patch_ValidReferencePropertyUpdatesModel" /></UnitTest><UnitTest name="GetSingle_InvalidIdPropertyValueReturnsNotFound" storage="d:\users\steve knipmeyer\documents\github\modelrelief\modelrelief.test\bin\debug\netcoreapp2.0\modelrelief.test.dll" id="eba48fc4-0ed9-4ff8-9282-8ea99181e2e8"><Execution id="b8e30664-e654-45b0-a4be-7d80412862c6" /><TestMethod codeBase="D:\Users\Steve Knipmeyer\Documents\GitHub\ModelRelief\ModelRelief.test\bin\Debug\netcoreapp2.0\ModelRelief.Test.dll" adapterTypeName="executor://xunit/VsTestRunner2/netcoreapp" className="ModelRelief.Test.Integration.Cameras.CamerasBaseIntegrationTests" name="GetSingle_InvalidIdPropertyValueReturnsNotFound" /></UnitTest><UnitTest name="Patch_TargetPropertyIsUpdated" storage="d:\users\steve knipmeyer\documents\github\modelrelief\modelrelief.test\bin\debug\netcoreapp2.0\modelrelief.test.dll" id="623fd7e2-9a4f-499d-b100-a21dd1961950"><Execution id="567e3200-18a3-4422-9cda-ef020d273240" /><TestMethod codeBase="D:\Users\Steve Knipmeyer\Documents\GitHub\ModelRelief\ModelRelief.test\bin\Debug\netcoreapp2.0\ModelRelief.Test.dll" adapterTypeName="executor://xunit/VsTestRunner2/netcoreapp" className="ModelRelief.Test.Integration.Models.ModelsBaseIntegrationTests" name="Patch_TargetPropertyIsUpdated" /></UnitTest><UnitTest name="Put_CanUpdateModel" storage="d:\users\steve knipmeyer\documents\github\modelrelief\modelrelief.test\bin\debug\netcoreapp2.0\modelrelief.test.dll" id="7ba09848-3bff-43a8-a02d-ccdb08988cbc"><Execution id="8b00bbd5-ba93-4ffe-9287-c35dcc69454d" /><TestMethod codeBase="D:\Users\Steve Knipmeyer\Documents\GitHub\ModelRelief\ModelRelief.test\bin\Debug\netcoreapp2.0\ModelRelief.Test.dll" adapterTypeName="executor://xunit/VsTestRunner2/netcoreapp" className="ModelRelief.Test.Integration.MeshTransforms.MeshTransformsBaseIntegrationTests" name="Put_CanUpdateModel" /></UnitTest><UnitTest name="Post_InvalidPropertyValueReturnsBadRequest" storage="d:\users\steve knipmeyer\documents\github\modelrelief\modelrelief.test\bin\debug\netcoreapp2.0\modelrelief.test.dll" id="cfcd5d77-1a30-4cf6-a4b8-7b26c72010db"><Execution id="a0697e4f-473c-45d7-b4bd-a08f65e3f317" /><TestMethod codeBase="D:\Users\Steve Knipmeyer\Documents\GitHub\ModelRelief\ModelRelief.test\bin\Debug\netcoreapp2.0\ModelRelief.Test.dll" adapterTypeName="executor://xunit/VsTestRunner2/netcoreapp" className="ModelRelief.Test.Integration.MeshTransforms.MeshTransformsBaseIntegrationTests" name="Post_InvalidPropertyValueReturnsBadRequest" /></UnitTest><UnitTest name="PostFile_FileTimeStampIsUpdatedAfterFileIsPosted" storage="d:\users\steve knipmeyer\documents\github\modelrelief\modelrelief.test\bin\debug\netcoreapp2.0\modelrelief.test.dll" id="5ed834a8-da4f-405c-adfb-458e75f8e52c"><Execution id="273b2bd6-10ba-4e95-8460-cec2a83363c7" /><TestMethod codeBase="D:\Users\Steve Knipmeyer\Documents\GitHub\ModelRelief\ModelRelief.test\bin\Debug\netcoreapp2.0\ModelRelief.Test.dll" adapterTypeName="executor://xunit/VsTestRunner2/netcoreapp" className="ModelRelief.Test.Integration.Models.ModelsFileIntegrationTests" name="PostFile_FileTimeStampIsUpdatedAfterFileIsPosted" /></UnitTest><UnitTest name="GetList_ListReturnsCorrectCount" storage="d:\users\steve knipmeyer\documents\github\modelrelief\modelrelief.test\bin\debug\netcoreapp2.0\modelrelief.test.dll" id="8d149382-757b-4d00-accd-ec07c9a567d0"><Execution id="2d02264c-1bf8-4254-b7d6-9a2ba8b095ab" /><TestMethod codeBase="D:\Users\Steve Knipmeyer\Documents\GitHub\ModelRelief\ModelRelief.test\bin\Debug\netcoreapp2.0\ModelRelief.Test.dll" adapterTypeName="executor://xunit/VsTestRunner2/netcoreapp" className="ModelRelief.Test.Integration.Models.ModelsBaseIntegrationTests" name="GetList_ListReturnsCorrectCount" /></UnitTest><UnitTest name="Patch_ValidReferencePropertyUpdatesModel" storage="d:\users\steve knipmeyer\documents\github\modelrelief\modelrelief.test\bin\debug\netcoreapp2.0\modelrelief.test.dll" id="83c22d1d-c853-4bc7-9cdc-13010ab10790"><Execution id="6cd3e332-cd64-4858-826b-58afa2b29bde" /><TestMethod codeBase="D:\Users\Steve Knipmeyer\Documents\GitHub\ModelRelief\ModelRelief.test\bin\Debug\netcoreapp2.0\ModelRelief.Test.dll" adapterTypeName="executor://xunit/VsTestRunner2/netcoreapp" className="ModelRelief.Test.Integration.DepthBuffers.DepthBuffersBaseIntegrationTests" name="Patch_ValidReferencePropertyUpdatesModel" /></UnitTest><UnitTest name="GetFile_ExistingFileReturnsSuccess" storage="d:\users\steve knipmeyer\documents\github\modelrelief\modelrelief.test\bin\debug\netcoreapp2.0\modelrelief.test.dll" id="7fa7f15b-ab37-4b7b-a6d7-7294c5496771"><Execution id="f9458b88-86c7-4423-bfea-111bd4e46194" /><TestMethod codeBase="D:\Users\Steve Knipmeyer\Documents\GitHub\ModelRelief\ModelRelief.test\bin\Debug\netcoreapp2.0\ModelRelief.Test.dll" adapterTypeName="executor://xunit/VsTestRunner2/netcoreapp" className="ModelRelief.Test.Integration.Models.ModelsFileIntegrationTests" name="GetFile_ExistingFileReturnsSuccess" /></UnitTest><UnitTest name="Post_ValidReferencePropertyCreatesModel" storage="d:\users\steve knipmeyer\documents\github\modelrelief\modelrelief.test\bin\debug\netcoreapp2.0\modelrelief.test.dll" id="ae4bf8a2-139f-481a-9191-d0e721980893"><Execution id="8eee290d-5984-4ecc-a72a-ef39f49b5be2" /><TestMethod codeBase="D:\Users\Steve Knipmeyer\Documents\GitHub\ModelRelief\ModelRelief.test\bin\Debug\netcoreapp2.0\ModelRelief.Test.dll" adapterTypeName="executor://xunit/VsTestRunner2/netcoreapp" className="ModelRelief.Test.Integration.MeshTransforms.MeshTransformsBaseIntegrationTests" name="Post_ValidReferencePropertyCreatesModel" /></UnitTest><UnitTest name="Put_InvalidIdReturnsNotFound" storage="d:\users\steve knipmeyer\documents\github\modelrelief\modelrelief.test\bin\debug\netcoreapp2.0\modelrelief.test.dll" id="b7ee3407-4fe4-42b0-a033-2fd8dcc68efc"><Execution id="e441e4a8-c707-487c-baf5-0228c847ac52" /><TestMethod codeBase="D:\Users\Steve Knipmeyer\Documents\GitHub\ModelRelief\ModelRelief.test\bin\Debug\netcoreapp2.0\ModelRelief.Test.dll" adapterTypeName="executor://xunit/VsTestRunner2/netcoreapp" className="ModelRelief.Test.Integration.Models.ModelsBaseIntegrationTests" name="Put_InvalidIdReturnsNotFound" /></UnitTest><UnitTest name="Patch_InvalidPropertyNameReturnsBadRequest" storage="d:\users\steve knipmeyer\documents\github\modelrelief\modelrelief.test\bin\debug\netcoreapp2.0\modelrelief.test.dll" id="85985139-f735-4320-9bdd-c26025872797"><Execution id="48dbeafb-a8f6-4686-878a-6df749ff2d35" /><TestMethod codeBase="D:\Users\Steve Knipmeyer\Documents\GitHub\ModelRelief\ModelRelief.test\bin\Debug\netcoreapp2.0\ModelRelief.Test.dll" adapterTypeName="executor://xunit/VsTestRunner2/netcoreapp" className="ModelRelief.Test.Integration.Projects.ProjectsBaseIntegrationTests" name="Patch_InvalidPropertyNameReturnsBadRequest" /></UnitTest><UnitTest name="FileRequest_MeshIsInvalidatedAfterDepthBufferFileBecomesUnsynchronized" storage="d:\users\steve knipmeyer\documents\github\modelrelief\modelrelief.test\bin\debug\netcoreapp2.0\modelrelief.test.dll" id="320118f1-00f4-4216-8f0a-2bce7e4b8f92"><Execution id="51ba0cdb-925c-4bc9-bef0-8326c2f1a188" /><TestMethod codeBase="D:\Users\Steve Knipmeyer\Documents\GitHub\ModelRelief\ModelRelief.test\bin\Debug\netcoreapp2.0\ModelRelief.Test.dll" adapterTypeName="executor://xunit/VsTestRunner2/netcoreapp" className="ModelRelief.Test.Integration.Meshes.MeshesFileIntegrationTests" name="FileRequest_MeshIsInvalidatedAfterDepthBufferFileBecomesUnsynchronized" /></UnitTest><UnitTest name="PostFile_FileIsSynchronizedIsUpdatedAfterFileIsPosted" storage="d:\users\steve knipmeyer\documents\github\modelrelief\modelrelief.test\bin\debug\netcoreapp2.0\modelrelief.test.dll" id="beae9891-3a07-4657-b001-e0a180b7f998"><Execution id="a8aa7372-5e5f-486f-b931-0326312a0a57" /><TestMethod codeBase="D:\Users\Steve Knipmeyer\Documents\GitHub\ModelRelief\ModelRelief.test\bin\Debug\netcoreapp2.0\ModelRelief.Test.dll" adapterTypeName="executor://xunit/VsTestRunner2/netcoreapp" className="ModelRelief.Test.Integration.DepthBuffers.DepthBuffersFileIntegrationTests" name="PostFile_FileIsSynchronizedIsUpdatedAfterFileIsPosted" /></UnitTest><UnitTest name="Delete_TargetModelIsDeleted" storage="d:\users\steve knipmeyer\documents\github\modelrelief\modelrelief.test\bin\debug\netcoreapp2.0\modelrelief.test.dll" id="1bcbb843-d67d-4089-abbb-6d9d6e34c353"><Execution id="8c62a881-dff0-410a-a65d-a690d310be75" /><TestMethod codeBase="D:\Users\Steve Knipmeyer\Documents\GitHub\ModelRelief\ModelRelief.test\bin\Debug\netcoreapp2.0\ModelRelief.Test.dll" adapterTypeName="executor://xunit/VsTestRunner2/netcoreapp" className="ModelRelief.Test.Integration.Cameras.CamerasBaseIntegrationTests" name="Delete_TargetModelIsDeleted" /></UnitTest><UnitTest name="PutFile_NewFileCanBePut" storage="d:\users\steve knipmeyer\documents\github\modelrelief\modelrelief.test\bin\debug\netcoreapp2.0\modelrelief.test.dll" id="b067ab92-0366-4c1d-8d0f-517e2d801eb1"><Execution id="b043b51f-8673-4811-87f2-c73ac3203d40" /><TestMethod codeBase="D:\Users\Steve Knipmeyer\Documents\GitHub\ModelRelief\ModelRelief.test\bin\Debug\netcoreapp2.0\ModelRelief.Test.dll" adapterTypeName="executor://xunit/VsTestRunner2/netcoreapp" className="ModelRelief.Test.Integration.Models.ModelsFileIntegrationTests" name="PutFile_NewFileCanBePut" /></UnitTest><UnitTest name="PostFile_FileTimeStampIsUpdatedAfterFileIsPosted" storage="d:\users\steve knipmeyer\documents\github\modelrelief\modelrelief.test\bin\debug\netcoreapp2.0\modelrelief.test.dll" id="ce9a38ab-76c0-46b1-b8e5-11dc3c67136f"><Execution id="b126dddb-9f31-4178-9bb7-7d20416ef64a" /><TestMethod codeBase="D:\Users\Steve Knipmeyer\Documents\GitHub\ModelRelief\ModelRelief.test\bin\Debug\netcoreapp2.0\ModelRelief.Test.dll" adapterTypeName="executor://xunit/VsTestRunner2/netcoreapp" className="ModelRelief.Test.Integration.DepthBuffers.DepthBuffersFileIntegrationTests" name="PostFile_FileTimeStampIsUpdatedAfterFileIsPosted" /></UnitTest><UnitTest name="Patch_InvalidEnumPropertyValueReturnsBadRequest" storage="d:\users\steve knipmeyer\documents\github\modelrelief\modelrelief.test\bin\debug\netcoreapp2.0\modelrelief.test.dll" id="fe9db4b7-7351-4fc6-99b0-1acddc8252cb"><Execution id="89f963ce-4144-46ed-8131-82aa835910a5" /><TestMethod codeBase="D:\Users\Steve Knipmeyer\Documents\GitHub\ModelRelief\ModelRelief.test\bin\Debug\netcoreapp2.0\ModelRelief.Test.dll" adapterTypeName="executor://xunit/VsTestRunner2/netcoreapp" className="ModelRelief.Test.Integration.Meshes.MeshesBaseIntegrationTests" name="Patch_InvalidEnumPropertyValueReturnsBadRequest" /></UnitTest><UnitTest name="PutFile_NewFileCanBePut" storage="d:\users\steve knipmeyer\documents\github\modelrelief\modelrelief.test\bin\debug\netcoreapp2.0\modelrelief.test.dll" id="df2a412c-f5b1-4984-809f-80eda902f139"><Execution id="c33c0247-c523-4a47-8d12-ea41c6df155f" /><TestMethod codeBase="D:\Users\Steve Knipmeyer\Documents\GitHub\ModelRelief\ModelRelief.test\bin\Debug\netcoreapp2.0\ModelRelief.Test.dll" adapterTypeName="executor://xunit/VsTestRunner2/netcoreapp" className="ModelRelief.Test.Integration.DepthBuffers.DepthBuffersFileIntegrationTests" name="PutFile_NewFileCanBePut" /></UnitTest><UnitTest name="Patch_InvalidReferencePropertyReturnsBadRequest" storage="d:\users\steve knipmeyer\documents\github\modelrelief\modelrelief.test\bin\debug\netcoreapp2.0\modelrelief.test.dll" id="b5a821ae-4fbc-4296-97d1-f18413629c09"><Execution id="e4bf5579-66b2-42c9-be86-15d2cc8ce4dc" /><TestMethod codeBase="D:\Users\Steve Knipmeyer\Documents\GitHub\ModelRelief\ModelRelief.test\bin\Debug\netcoreapp2.0\ModelRelief.Test.dll" adapterTypeName="executor://xunit/VsTestRunner2/netcoreapp" className="ModelRelief.Test.Integration.Models.ModelsBaseIntegrationTests" name="Patch_InvalidReferencePropertyReturnsBadRequest" /></UnitTest><UnitTest name="Post_InvalidReferencePropertyReturnsBadRequest" storage="d:\users\steve knipmeyer\documents\github\modelrelief\modelrelief.test\bin\debug\netcoreapp2.0\modelrelief.test.dll" id="ec7e2254-2058-4ab3-8ed9-093b917dc00d"><Execution id="5180ab6c-1d9a-4473-9052-4b7b8f33345e" /><TestMethod codeBase="D:\Users\Steve Knipmeyer\Documents\GitHub\ModelRelief\ModelRelief.test\bin\Debug\netcoreapp2.0\ModelRelief.Test.dll" adapterTypeName="executor://xunit/VsTestRunner2/netcoreapp" className="ModelRelief.Test.Integration.Meshes.MeshesBaseIntegrationTests" name="Post_InvalidReferencePropertyReturnsBadRequest" /></UnitTest><UnitTest name="GetSingle_InvalidIdPropertyValueReturnsNotFound" storage="d:\users\steve knipmeyer\documents\github\modelrelief\modelrelief.test\bin\debug\netcoreapp2.0\modelrelief.test.dll" id="1eedb07a-fc7f-41a2-9e5b-c0277ac2b2e3"><Execution id="47e23bdb-c6fd-4bd5-a26f-238f432e9ee0" /><TestMethod codeBase="D:\Users\Steve Knipmeyer\Documents\GitHub\ModelRelief\ModelRelief.test\bin\Debug\netcoreapp2.0\ModelRelief.Test.dll" adapterTypeName="executor://xunit/VsTestRunner2/netcoreapp" className="ModelRelief.Test.Integration.DepthBuffers.DepthBuffersBaseIntegrationTests" name="GetSingle_InvalidIdPropertyValueReturnsNotFound" /></UnitTest><UnitTest name="Patch_InvalidPropertyNameReturnsBadRequest" storage="d:\users\steve knipmeyer\documents\github\modelrelief\modelrelief.test\bin\debug\netcoreapp2.0\modelrelief.test.dll" id="eabb6079-c037-424d-bd99-55161cf729fe"><Execution id="5f310663-4e4a-4f87-a033-3feb78cfa7ab" /><TestMethod codeBase="D:\Users\Steve Knipmeyer\Documents\GitHub\ModelRelief\ModelRelief.test\bin\Debug\netcoreapp2.0\ModelRelief.Test.dll" adapterTypeName="executor://xunit/VsTestRunner2/netcoreapp" className="ModelRelief.Test.Integration.MeshTransforms.MeshTransformsBaseIntegrationTests" name="Patch_InvalidPropertyNameReturnsBadRequest" /></UnitTest><UnitTest name="Patch_InvalidReferencePropertyReturnsBadRequest" storage="d:\users\steve knipmeyer\documents\github\modelrelief\modelrelief.test\bin\debug\netcoreapp2.0\modelrelief.test.dll" id="3fafa118-fee2-4553-9ebe-b1185fa34ad7"><Execution id="0a3e5d15-db6d-4377-8893-15d24471efc1" /><TestMethod codeBase="D:\Users\Steve Knipmeyer\Documents\GitHub\ModelRelief\ModelRelief.test\bin\Debug\netcoreapp2.0\ModelRelief.Test.dll" adapterTypeName="executor://xunit/VsTestRunner2/netcoreapp" className="ModelRelief.Test.Integration.DepthBuffers.DepthBuffersBaseIntegrationTests" name="Patch_InvalidReferencePropertyReturnsBadRequest" /></UnitTest><UnitTest name="PutFile_NewFileCanBePut" storage="d:\users\steve knipmeyer\documents\github\modelrelief\modelrelief.test\bin\debug\netcoreapp2.0\modelrelief.test.dll" id="4e01a4d2-412d-4fde-944c-703b805b85ce"><Execution id="a242783e-63bd-49c6-9009-25e62782ad61" /><TestMethod codeBase="D:\Users\Steve Knipmeyer\Documents\GitHub\ModelRelief\ModelRelief.test\bin\Debug\netcoreapp2.0\ModelRelief.Test.dll" adapterTypeName="executor://xunit/VsTestRunner2/netcoreapp" className="ModelRelief.Test.Integration.Meshes.MeshesFileIntegrationTests" name="PutFile_NewFileCanBePut" /></UnitTest><UnitTest name="Patch_InvalidIdPropertyReturnsNotFound" storage="d:\users\steve knipmeyer\documents\github\modelrelief\modelrelief.test\bin\debug\netcoreapp2.0\modelrelief.test.dll" id="3d01f96e-dd24-4dfc-b76d-65d1884ea253"><Execution id="4a38f911-f53e-4533-bea7-c26ff847ff14" /><TestMethod codeBase="D:\Users\Steve Knipmeyer\Documents\GitHub\ModelRelief\ModelRelief.test\bin\Debug\netcoreapp2.0\ModelRelief.Test.dll" adapterTypeName="executor://xunit/VsTestRunner2/netcoreapp" className="ModelRelief.Test.Integration.Models.ModelsBaseIntegrationTests" name="Patch_InvalidIdPropertyReturnsNotFound" /></UnitTest></TestDefinitions><TestEntries><TestEntry testId="320118f1-00f4-4216-8f0a-2bce7e4b8f92" executionId="51ba0cdb-925c-4bc9-bef0-8326c2f1a188" testListId="8c84fa94-04c1-424b-9868-57a2d4851a1d" /><TestEntry testId="a8b70026-6058-441c-bc47-2419217654e6" executionId="cdb40bed-c5c0-43a8-8090-1be9a86f6278" testListId="8c84fa94-04c1-424b-9868-57a2d4851a1d" /><TestEntry testId="beae9891-3a07-4657-b001-e0a180b7f998" executionId="a8aa7372-5e5f-486f-b931-0326312a0a57" testListId="8c84fa94-04c1-424b-9868-57a2d4851a1d" /><TestEntry testId="24ccb2fe-e9de-4189-8276-42ed50504df2" executionId="e222b933-486f-4c5a-b73e-91e12e9b8eaa" testListId="8c84fa94-04c1-424b-9868-57a2d4851a1d" /><TestEntry testId="8f9088f2-0805-417f-a86c-5c3043e8001a" executionId="f0b3177e-f469-47bc-aff6-24c2701f6287" testListId="8c84fa94-04c1-424b-9868-57a2d4851a1d" /><TestEntry testId="78c895ee-1536-4649-aef7-61da371ba125" executionId="08f1218b-5770-4436-bc2c-334a57265225" testListId="8c84fa94-04c1-424b-9868-57a2d4851a1d" /><TestEntry testId="977eead0-af8d-44d5-925f-4554e932b3da" executionId="5b02df34-1c61-42ff-a576-745bef3c9efc" testListId="8c84fa94-04c1-424b-9868-57a2d4851a1d" /><TestEntry testId="85985139-f735-4320-9bdd-c26025872797" executionId="48dbeafb-a8f6-4686-878a-6df749ff2d35" testListId="8c84fa94-04c1-424b-9868-57a2d4851a1d" /><TestEntry testId="deaa3a7e-eee2-40b8-9a95-83ec09d75f1f" executionId="eaab7e6a-2b87-403e-865a-e0ba999b78c3" testListId="8c84fa94-04c1-424b-9868-57a2d4851a1d" /><TestEntry testId="6c380891-56e1-446f-b61d-5187f53d20d1" executionId="992b10a3-3103-4ce4-8550-7dd9db3b3e76" testListId="8c84fa94-04c1-424b-9868-57a2d4851a1d" /><TestEntry testId="61efa34c-084b-4133-baa9-51709c0f6c38" executionId="6af9b15e-ae1f-4023-a5a5-1208a10bbf4a" testListId="8c84fa94-04c1-424b-9868-57a2d4851a1d" /><TestEntry testId="4e01a4d2-412d-4fde-944c-703b805b85ce" executionId="a242783e-63bd-49c6-9009-25e62782ad61" testListId="8c84fa94-04c1-424b-9868-57a2d4851a1d" /><TestEntry testId="af7cb0ce-4bd1-4b7d-9c8e-570e769f89d2" executionId="f9a3290f-3fbf-41f5-a99d-47ebaa27dcf5" testListId="8c84fa94-04c1-424b-9868-57a2d4851a1d" /><TestEntry testId="ccac4b8c-d3b0-4d7a-aa9b-9783b5722bea" executionId="f3a525ed-d0c1-4eb1-8771-aaaae395f34c" testListId="8c84fa94-04c1-424b-9868-57a2d4851a1d" /><TestEntry testId="79b30005-bc7d-4e46-b4f1-70237ddb4c6a" executionId="ed1456ab-e68c-485e-a450-5fffb2ac3609" testListId="8c84fa94-04c1-424b-9868-57a2d4851a1d" /><TestEntry testId="33f52176-d2a2-4207-bd68-b9f6c74cabae" executionId="d3814318-7edf-4a39-a96f-ba07b51c84db" testListId="8c84fa94-04c1-424b-9868-57a2d4851a1d" /><TestEntry testId="5af11312-8f6a-445f-bb70-59d127a2a63a" executionId="7a6a466c-9988-4325-ac64-239d98ee4b81" testListId="8c84fa94-04c1-424b-9868-57a2d4851a1d" /><TestEntry testId="471f939d-050b-4994-8184-a0f5fd552bc6" executionId="98dacb30-3280-4104-8851-64450baf5af7" testListId="8c84fa94-04c1-424b-9868-57a2d4851a1d" /><TestEntry testId="7908e7a2-94c7-492d-8d03-97b54384f61e" executionId="eb73d0b6-9f79-4e8b-95b2-ff9a2489efb5" testListId="8c84fa94-04c1-424b-9868-57a2d4851a1d" /><TestEntry testId="ae4bf8a2-139f-481a-9191-d0e721980893" executionId="8eee290d-5984-4ecc-a72a-ef39f49b5be2" testListId="8c84fa94-04c1-424b-9868-57a2d4851a1d" /><TestEntry testId="57f45b74-25b5-4b51-bb02-3d364d11d111" executionId="9afea218-9ab6-4886-9a25-0d074508a674" testListId="8c84fa94-04c1-424b-9868-57a2d4851a1d" /><TestEntry testId="8458c85d-8d94-4d41-8d73-688af82d2555" executionId="28125b07-cbb0-47ee-8924-9cdc43c336f6" testListId="8c84fa94-04c1-424b-9868-57a2d4851a1d" /><TestEntry testId="a701bcd9-d2dc-4248-a4b4-1454760e834a" executionId="63ee8b7c-5be1-44e6-86ef-1d0fc9219478" testListId="8c84fa94-04c1-424b-9868-57a2d4851a1d" /><TestEntry testId="cfcd5d77-1a30-4cf6-a4b8-7b26c72010db" executionId="a0697e4f-473c-45d7-b4bd-a08f65e3f317" testListId="8c84fa94-04c1-424b-9868-57a2d4851a1d" /><TestEntry testId="ef10daa8-4d28-4aac-a6fe-fcac70703ad2" executionId="ce0b68a8-7eb0-4276-836c-96de5834d108" testListId="8c84fa94-04c1-424b-9868-57a2d4851a1d" /><TestEntry testId="e546118c-30a7-47d3-80ec-61769118c718" executionId="1a37d006-a8d1-48eb-987e-3c7fe5959f66" testListId="8c84fa94-04c1-424b-9868-57a2d4851a1d" /><TestEntry testId="b33baaea-128a-414d-ae7b-5af5fea698dd" executionId="a369891b-dd11-4acd-a7a3-2f3ddf074a68" testListId="8c84fa94-04c1-424b-9868-57a2d4851a1d" /><TestEntry testId="df2a412c-f5b1-4984-809f-80eda902f139" executionId="c33c0247-c523-4a47-8d12-ea41c6df155f" testListId="8c84fa94-04c1-424b-9868-57a2d4851a1d" /><TestEntry testId="da9305ad-9847-41b2-8a6d-ce6fb6a1cdf7" executionId="d7a99a80-80e8-49cd-9770-46526d30a53c" testListId="8c84fa94-04c1-424b-9868-57a2d4851a1d" /><TestEntry testId="911321ce-d8d7-405b-a6ae-215cf854bb5b" executionId="18b8bf91-3f17-4a9f-a935-f633a53c13f3" testListId="8c84fa94-04c1-424b-9868-57a2d4851a1d" /><TestEntry testId="4d418d7d-40cc-497d-a746-ce9a363bb5f1" executionId="7a6cd343-3828-44d8-b4c2-2c53f9008c61" testListId="8c84fa94-04c1-424b-9868-57a2d4851a1d" /><TestEntry testId="b8663b4c-01d7-4b39-b79c-f2e13efbd0b3" executionId="240c0439-ef7e-48b1-9150-9708ce9ba0db" testListId="8c84fa94-04c1-424b-9868-57a2d4851a1d" /><TestEntry testId="78a8d654-93a6-44b8-a91a-1480dcec5102" executionId="50058ba5-b6ad-4dc8-974a-a650c721a196" testListId="8c84fa94-04c1-424b-9868-57a2d4851a1d" /><TestEntry testId="ce9a38ab-76c0-46b1-b8e5-11dc3c67136f" executionId="b126dddb-9f31-4178-9bb7-7d20416ef64a" testListId="8c84fa94-04c1-424b-9868-57a2d4851a1d" /><TestEntry testId="4712ece0-5952-4ca4-8414-08e8120f1c1d" executionId="bbdeb000-3467-43e1-96c4-dc349cd145b4" testListId="8c84fa94-04c1-424b-9868-57a2d4851a1d" /><TestEntry testId="a846d244-8bb7-4992-a438-0974b0fe01de" executionId="0a9cd663-c9b2-4a5f-844a-b743a1c43102" testListId="8c84fa94-04c1-424b-9868-57a2d4851a1d" /><TestEntry testId="840e928c-344a-45d6-ab9b-4bde55559dc3" executionId="b3544967-93fa-4e4c-8792-c44a8a3b6e8c" testListId="8c84fa94-04c1-424b-9868-57a2d4851a1d" /><TestEntry testId="738c581f-7037-4a4a-bcde-6632911c8f2a" executionId="052f155b-2f62-40b4-95bb-8ad437e198fb" testListId="8c84fa94-04c1-424b-9868-57a2d4851a1d" /><TestEntry testId="7022dfba-5000-4b67-8126-08ff61195a98" executionId="5477cbd6-5a7d-4a58-ba69-8a33b1edd539" testListId="8c84fa94-04c1-424b-9868-57a2d4851a1d" /><TestEntry testId="253b8398-c9e8-42ce-8709-54be86a6cc2c" executionId="53c9ee2b-8ea4-4fbe-8c19-51483d655247" testListId="8c84fa94-04c1-424b-9868-57a2d4851a1d" /><TestEntry testId="643123e1-e5a6-4dc4-8506-0df0078cae51" executionId="8ad2c21b-3b8c-4c34-a3e9-ae5d0cfad965" testListId="8c84fa94-04c1-424b-9868-57a2d4851a1d" /><TestEntry testId="01f663f4-4ffb-483a-94ba-5c436c4ba21e" executionId="cc684fc9-05b5-4e9d-8b1e-9949ad66c5f9" testListId="8c84fa94-04c1-424b-9868-57a2d4851a1d" /><TestEntry testId="7c299861-70a0-4ecb-a567-988ac5e6e901" executionId="69313f48-6034-4318-86f4-88c92f1c5660" testListId="8c84fa94-04c1-424b-9868-57a2d4851a1d" /><TestEntry testId="c86469a1-f7e6-411b-8f36-bd369f88995a" executionId="ace7d94b-eccb-4b8c-a2fd-a3a9445e98c5" testListId="8c84fa94-04c1-424b-9868-57a2d4851a1d" /><TestEntry testId="381aa221-6784-45b5-9641-dc735d0e2a2b" executionId="39d57a67-a8bd-458c-94f5-18314024d1e8" testListId="8c84fa94-04c1-424b-9868-57a2d4851a1d" /><TestEntry testId="17259782-d109-48c1-bc84-bb85f7b70ef4" executionId="dcab6264-6d40-4e5f-a6bd-2d3b0bc1dd3e" testListId="8c84fa94-04c1-424b-9868-57a2d4851a1d" /><TestEntry testId="9aab2c18-348b-40c5-a45d-93a7f74c06f3" executionId="ff98cebb-b2e1-4513-ac8f-12878abc7eda" testListId="8c84fa94-04c1-424b-9868-57a2d4851a1d" /><TestEntry testId="b3d41646-5c30-4749-96c7-68afe6cb498c" executionId="78f1c576-08d5-4c9e-b4c1-d6dc7c7f2dc4" testListId="8c84fa94-04c1-424b-9868-57a2d4851a1d" /><TestEntry testId="c08f563d-a2cf-4ead-a5a1-14730b0c3967" executionId="a5f520ec-5798-42be-82e6-2df3c8a7e06a" testListId="8c84fa94-04c1-424b-9868-57a2d4851a1d" /><TestEntry testId="bb94d2fd-0bbf-430f-8079-af53e122facb" executionId="cf597b18-bd77-40a0-acad-e2fd67677eb5" testListId="8c84fa94-04c1-424b-9868-57a2d4851a1d" /><TestEntry testId="a47a7515-e1e8-4f27-a5e3-b05a062d2125" executionId="7b64b04e-e8fd-400b-a8cd-b5668ae0e46e" testListId="8c84fa94-04c1-424b-9868-57a2d4851a1d" /><TestEntry testId="ec0cfa03-77bd-43ed-878c-0c98c9b42eb5" executionId="725149d6-3a7d-47f9-8b0f-201caf5d7b74" testListId="8c84fa94-04c1-424b-9868-57a2d4851a1d" /><TestEntry testId="e32da08e-d526-4998-9f37-ef308b527641" executionId="f248303b-8d79-41e1-9d33-afecf9e610fd" testListId="8c84fa94-04c1-424b-9868-57a2d4851a1d" /><TestEntry testId="d03e0a79-9611-4e23-b1dd-2f676738e2fe" executionId="5d1f669f-c36c-4024-85f3-9ce6ef13ee90" testListId="8c84fa94-04c1-424b-9868-57a2d4851a1d" /><TestEntry testId="60310e2f-13df-4b3e-b95e-a896d67e806f" executionId="5a1cdf41-1658-4e74-a055-d9d2415e16ef" testListId="8c84fa94-04c1-424b-9868-57a2d4851a1d" /><TestEntry testId="400252b4-8720-4e32-81f5-f5c85b44720a" executionId="df9b51d0-3ba7-43b1-9951-713d51c08e50" testListId="8c84fa94-04c1-424b-9868-57a2d4851a1d" /><TestEntry testId="8aedfc75-bdc5-4a0f-a925-b50b3e556946" executionId="ab215893-4c97-4c00-9c69-ab1ea4341615" testListId="8c84fa94-04c1-424b-9868-57a2d4851a1d" /><TestEntry testId="5e238687-029a-4f29-876b-989b65d39121" executionId="5d0ec710-1329-46a2-865c-91ca3748ca66" testListId="8c84fa94-04c1-424b-9868-57a2d4851a1d" /><TestEntry testId="6bf45152-a855-49e9-b756-3d26e9909f64" executionId="c472c917-fbd7-43f1-a30d-b8584c312009" testListId="8c84fa94-04c1-424b-9868-57a2d4851a1d" /><TestEntry testId="55359c69-3c3b-4d41-91f1-d9931a07304e" executionId="b35dfa75-776f-467f-9a1c-f8ea4b15b479" testListId="8c84fa94-04c1-424b-9868-57a2d4851a1d" /><TestEntry testId="56015ff3-c951-48a5-b011-55c93348ae98" executionId="b614a865-0c93-4e89-8b61-fa25127afe98" testListId="8c84fa94-04c1-424b-9868-57a2d4851a1d" /><TestEntry testId="dfcbf110-b90b-4082-ab41-a3b9366c1919" executionId="7e9b6b85-bf22-40c9-89b8-4ba1890a1100" testListId="8c84fa94-04c1-424b-9868-57a2d4851a1d" /><TestEntry testId="a2e0a12f-4485-4e87-be12-902c679703a4" executionId="10ad84da-7362-42ec-a6fd-bf68632ecae8" testListId="8c84fa94-04c1-424b-9868-57a2d4851a1d" /><TestEntry testId="93f83eb2-d8f0-4b72-8d45-a5174a60b80b" executionId="b136338a-9fee-48ed-9f93-e7b6e6dce0c9" testListId="8c84fa94-04c1-424b-9868-57a2d4851a1d" /><TestEntry testId="216c8c06-847e-4db7-85ba-854fda9161ab" executionId="ac0e79e7-5824-4fb9-bf2d-7be02b0556f5" testListId="8c84fa94-04c1-424b-9868-57a2d4851a1d" /><TestEntry testId="ed75ff25-9942-4116-b73a-6f03aba060fd" executionId="23e2ac0e-af20-4af0-941a-4c04d67b9b90" testListId="8c84fa94-04c1-424b-9868-57a2d4851a1d" /><TestEntry testId="8c0ff57a-33b9-4ec8-bea5-74453efa2937" executionId="67d19001-1f89-446e-b8a9-76c962187e72" testListId="8c84fa94-04c1-424b-9868-57a2d4851a1d" /><TestEntry testId="c7e87717-7b4b-47ae-b783-523ce2d1eed7" executionId="e5685e54-40ca-441d-92c7-bf7346400e69" testListId="8c84fa94-04c1-424b-9868-57a2d4851a1d" /><TestEntry testId="46c2132a-fad0-4b5a-9da8-6007a617d09f" executionId="bc1292b4-97e1-454b-ba2b-ad62013845d2" testListId="8c84fa94-04c1-424b-9868-57a2d4851a1d" /><TestEntry testId="eaac3a31-74fc-4238-a427-a20ccb188ad7" executionId="8d3552de-cda3-47f5-83e4-1cdbb2d4cde8" testListId="8c84fa94-04c1-424b-9868-57a2d4851a1d" /><TestEntry testId="1bcbb843-d67d-4089-abbb-6d9d6e34c353" executionId="8c62a881-dff0-410a-a65d-a690d310be75" testListId="8c84fa94-04c1-424b-9868-57a2d4851a1d" /><TestEntry testId="a6859540-c812-4212-9e56-e781b973ce48" executionId="02af0326-e43b-4ab6-b94f-2e0d2b5d9de5" testListId="8c84fa94-04c1-424b-9868-57a2d4851a1d" /><TestEntry testId="eabb6079-c037-424d-bd99-55161cf729fe" executionId="5f310663-4e4a-4f87-a033-3feb78cfa7ab" testListId="8c84fa94-04c1-424b-9868-57a2d4851a1d" /><TestEntry testId="b5a821ae-4fbc-4296-97d1-f18413629c09" executionId="e4bf5579-66b2-42c9-be86-15d2cc8ce4dc" testListId="8c84fa94-04c1-424b-9868-57a2d4851a1d" /><TestEntry testId="176be4e5-e3ef-4b1e-a182-5d39413679a6" executionId="f26e51a4-5796-4d35-ab55-99f2e9c8effd" testListId="8c84fa94-04c1-424b-9868-57a2d4851a1d" /><TestEntry testId="71313356-b395-485b-86a7-b64bc018635b" executionId="b74977a5-3cfa-4660-a305-7fb8473cb022" testListId="8c84fa94-04c1-424b-9868-57a2d4851a1d" /><TestEntry testId="8900c98f-74f2-4d3f-b165-2796ca2c2ef7" executionId="7b50fca5-600e-4699-babb-f7e0b563608e" testListId="8c84fa94-04c1-424b-9868-57a2d4851a1d" /><TestEntry testId="cccc279c-44fc-4d43-9ea9-1425668bce04" executionId="79830dc9-999b-42ee-9d26-b66c4418f3e2" testListId="8c84fa94-04c1-424b-9868-57a2d4851a1d" /><TestEntry testId="8e386697-b768-4cab-8876-c3b5c16ccb87" executionId="82f1568a-d33e-436f-84ad-70aa9eef7fab" testListId="8c84fa94-04c1-424b-9868-57a2d4851a1d" /><TestEntry testId="aa1c0699-362a-4a76-8806-31efcf739cc3" executionId="b9835cd3-89b1-4898-9738-ac9c64286396" testListId="8c84fa94-04c1-424b-9868-57a2d4851a1d" /><TestEntry testId="eba48fc4-0ed9-4ff8-9282-8ea99181e2e8" executionId="b8e30664-e654-45b0-a4be-7d80412862c6" testListId="8c84fa94-04c1-424b-9868-57a2d4851a1d" /><TestEntry testId="1eedb07a-fc7f-41a2-9e5b-c0277ac2b2e3" executionId="47e23bdb-c6fd-4bd5-a26f-238f432e9ee0" testListId="8c84fa94-04c1-424b-9868-57a2d4851a1d" /><TestEntry testId="b067ab92-0366-4c1d-8d0f-517e2d801eb1" executionId="b043b51f-8673-4811-87f2-c73ac3203d40" testListId="8c84fa94-04c1-424b-9868-57a2d4851a1d" /><TestEntry testId="de2a789c-24f2-43ca-885a-48d86858a8c9" executionId="33ff347f-5e11-4f41-949c-1f9bf5606f84" testListId="8c84fa94-04c1-424b-9868-57a2d4851a1d" /><TestEntry testId="ae8b1ab8-f4b7-4350-a356-abe900675cd2" executionId="186b533c-8348-4743-bd81-f3a153327c79" testListId="8c84fa94-04c1-424b-9868-57a2d4851a1d" /><TestEntry testId="5cd319b6-70ae-471d-8b70-dc8b59f2d187" executionId="f4eebff0-9937-4f41-946a-a5c46a01b345" testListId="8c84fa94-04c1-424b-9868-57a2d4851a1d" /><TestEntry testId="3d01f96e-dd24-4dfc-b76d-65d1884ea253" executionId="4a38f911-f53e-4533-bea7-c26ff847ff14" testListId="8c84fa94-04c1-424b-9868-57a2d4851a1d" /><TestEntry testId="6cb0104b-8e1c-41da-ad8d-0c7ec0aafc39" executionId="05dff296-f5bf-4f63-b107-dd9e244ac189" testListId="8c84fa94-04c1-424b-9868-57a2d4851a1d" /><TestEntry testId="83c22d1d-c853-4bc7-9cdc-13010ab10790" executionId="6cd3e332-cd64-4858-826b-58afa2b29bde" testListId="8c84fa94-04c1-424b-9868-57a2d4851a1d" /><TestEntry testId="60b28da7-0313-4fb8-b82f-40ffc287aa5f" executionId="ccb73f7a-1e7e-4d77-bc7f-ef6e289b653f" testListId="8c84fa94-04c1-424b-9868-57a2d4851a1d" /><TestEntry testId="8d520527-25a2-4acf-b5a0-6b116595aaf2" executionId="542f4cb9-a0a4-41c3-89db-5a5c7c08db34" testListId="8c84fa94-04c1-424b-9868-57a2d4851a1d" /><TestEntry testId="b305b4ff-7d65-4cb3-8b67-c691e4434032" executionId="dda11bc5-a24d-4c39-8dce-2afb7566d440" testListId="8c84fa94-04c1-424b-9868-57a2d4851a1d" /><TestEntry testId="e76600be-c203-4d5c-ba4f-2c914b8f16d8" executionId="b9ab2752-65bc-42a4-afac-9777f1666a28" testListId="8c84fa94-04c1-424b-9868-57a2d4851a1d" /><TestEntry testId="a55fdbac-9ca9-4f70-9c25-e1cba29804e2" executionId="7cbb5b40-0ca0-49fd-a96b-d4b10848d107" testListId="8c84fa94-04c1-424b-9868-57a2d4851a1d" /><TestEntry testId="27bc6a1b-11ca-4703-a084-d9accfa83851" executionId="f3161e0e-df30-4621-9919-baf73ea246fd" testListId="8c84fa94-04c1-424b-9868-57a2d4851a1d" /><TestEntry testId="0b95266d-780a-414c-ae53-9854ad4405af" executionId="c5e78e19-5834-4efa-930e-a61db91f4bc5" testListId="8c84fa94-04c1-424b-9868-57a2d4851a1d" /><TestEntry testId="b9fdf3b4-987f-4b83-9abc-5b127a10f94b" executionId="d9207152-0d0c-454f-81c7-e3a6a79537b3" testListId="8c84fa94-04c1-424b-9868-57a2d4851a1d" /><TestEntry testId="03a2ce9a-75cc-470b-a29d-ef4685405646" executionId="db40e0e0-975d-4806-800a-221d7df75219" testListId="8c84fa94-04c1-424b-9868-57a2d4851a1d" /><TestEntry testId="afce6ef1-5c0b-45c7-bf66-0d7e15fbe61a" executionId="74248bb7-947f-4f93-b372-4289748b5f2e" testListId="8c84fa94-04c1-424b-9868-57a2d4851a1d" /><TestEntry testId="bd853828-d855-4d2c-8dd5-1e793aa8f045" executionId="cf0ee26a-3c38-4b09-864f-ab5e0738b8d1" testListId="8c84fa94-04c1-424b-9868-57a2d4851a1d" /><TestEntry testId="7ba09848-3bff-43a8-a02d-ccdb08988cbc" executionId="8b00bbd5-ba93-4ffe-9287-c35dcc69454d" testListId="8c84fa94-04c1-424b-9868-57a2d4851a1d" /><TestEntry testId="96749c23-d804-432d-90c6-cbf7fa07bfb6" executionId="01d7c0d5-a02f-4b15-816a-dd5936ebe149" testListId="8c84fa94-04c1-424b-9868-57a2d4851a1d" /><TestEntry testId="0fdcc72e-2b65-464b-84c3-73f9946a35af" executionId="076a3406-a1c5-4af3-abff-7787083f20b6" testListId="8c84fa94-04c1-424b-9868-57a2d4851a1d" /><TestEntry testId="77258364-9b01-48b7-84c0-71a927acfeb4" executionId="fabf0514-ec4c-416c-b867-577a85ff0b6b" testListId="8c84fa94-04c1-424b-9868-57a2d4851a1d" /><TestEntry testId="7fa7f15b-ab37-4b7b-a6d7-7294c5496771" executionId="f9458b88-86c7-4423-bfea-111bd4e46194" testListId="8c84fa94-04c1-424b-9868-57a2d4851a1d" /><TestEntry testId="07ed0ae6-d0a7-4d0a-a1cb-e94a73f7fd77" executionId="b374e265-201a-484a-900c-55e4c4971168" testListId="8c84fa94-04c1-424b-9868-57a2d4851a1d" /><TestEntry testId="8d149382-757b-4d00-accd-ec07c9a567d0" executionId="2d02264c-1bf8-4254-b7d6-9a2ba8b095ab" testListId="8c84fa94-04c1-424b-9868-57a2d4851a1d" /><TestEntry testId="835446f4-66ca-4608-9ca8-336f4b4093a5" executionId="d5d383a3-0c8c-46b1-bfd5-aae019a18123" testListId="8c84fa94-04c1-424b-9868-57a2d4851a1d" /><TestEntry testId="c47fb996-5a51-4e68-9ffe-4e6deb4eeb9e" executionId="281907f6-173e-4fae-babd-3958fa9bb88e" testListId="8c84fa94-04c1-424b-9868-57a2d4851a1d" /><TestEntry testId="9b405546-5dee-49c3-8d92-6d32b2514ccb" executionId="14895682-e9c7-4c25-832a-a5d41045718d" testListId="8c84fa94-04c1-424b-9868-57a2d4851a1d" /><TestEntry testId="61671a51-cd99-4f3c-8de3-a3a8537ea7ce" executionId="9f989e03-d250-4106-bf9e-543cca27cbd2" testListId="8c84fa94-04c1-424b-9868-57a2d4851a1d" /><TestEntry testId="2789811a-c141-4849-b330-55fde8d80a84" executionId="dc2b2241-1029-4586-876d-3e4279d9a95a" testListId="8c84fa94-04c1-424b-9868-57a2d4851a1d" /><TestEntry testId="fe9db4b7-7351-4fc6-99b0-1acddc8252cb" executionId="89f963ce-4144-46ed-8131-82aa835910a5" testListId="8c84fa94-04c1-424b-9868-57a2d4851a1d" /><TestEntry testId="36bcb067-d2ec-48b6-9259-4259475ac55c" executionId="44f617df-bdb3-4199-88b4-6f1e4ddf8340" testListId="8c84fa94-04c1-424b-9868-57a2d4851a1d" /><TestEntry testId="d99d1756-a3d9-4914-b458-31eb3f038018" executionId="4ff38e29-ea9b-48fd-827d-d36094101f83" testListId="8c84fa94-04c1-424b-9868-57a2d4851a1d" /><TestEntry testId="7042eeff-6e7c-4fa9-bec5-3318e8c03336" executionId="e3f91ff3-0d11-440f-94dd-85f2f2c289c3" testListId="8c84fa94-04c1-424b-9868-57a2d4851a1d" /><TestEntry testId="45bede65-6c1f-445c-859d-979b67bc0784" executionId="47168610-cb0d-45b9-aa04-f5d73536d11d" testListId="8c84fa94-04c1-424b-9868-57a2d4851a1d" /><TestEntry testId="5ed834a8-da4f-405c-adfb-458e75f8e52c" executionId="273b2bd6-10ba-4e95-8460-cec2a83363c7" testListId="8c84fa94-04c1-424b-9868-57a2d4851a1d" /><TestEntry testId="e120372f-7f48-4512-baa1-4069cfb72472" executionId="9c0c18e7-57a5-48b2-b050-ecc051773d09" testListId="8c84fa94-04c1-424b-9868-57a2d4851a1d" /><TestEntry testId="86bb3602-663a-4bb9-b14d-35e35f2d487b" executionId="a96c7ed9-8088-4c95-a953-c9970f38d7db" testListId="8c84fa94-04c1-424b-9868-57a2d4851a1d" /><TestEntry testId="c9071f78-d443-4616-8f5d-363792ab7c83" executionId="107bea39-0734-4795-a04a-a481fa14ed7c" testListId="8c84fa94-04c1-424b-9868-57a2d4851a1d" /><TestEntry testId="318abeba-c121-4953-b394-43ac97c76926" executionId="2c03fc5f-fc58-474f-83cd-802bfee744b9" testListId="8c84fa94-04c1-424b-9868-57a2d4851a1d" /><TestEntry testId="202d5ee7-032b-4464-bb0a-39be3b150bcd" executionId="59370656-9175-42db-82d4-5a505f9cbb87" testListId="8c84fa94-04c1-424b-9868-57a2d4851a1d" /><TestEntry testId="a0d4c8d7-b124-4b14-a610-8f352a055628" executionId="d84c80a8-51e7-447f-b45f-4e92c3b9350e" testListId="8c84fa94-04c1-424b-9868-57a2d4851a1d" /><TestEntry testId="5156249a-c382-4f73-a0a6-1df4b3486ca9" executionId="3d3ad1c8-a11c-4cf4-b4f8-73e1e91ee438" testListId="8c84fa94-04c1-424b-9868-57a2d4851a1d" /><TestEntry testId="a8bf050d-0ebf-4d74-84f6-28ea1b8e6bcc" executionId="2c5e3b58-9a55-4077-bec8-7fb3ac822d6d" testListId="8c84fa94-04c1-424b-9868-57a2d4851a1d" /><TestEntry testId="59326f42-dc81-4981-838c-bb1c6d1ca463" executionId="b3820dad-9b91-4604-8d06-a61148e939ab" testListId="8c84fa94-04c1-424b-9868-57a2d4851a1d" /><TestEntry testId="0fada291-db6e-4638-a2fc-9cacf5c02d7b" executionId="4ef90b17-60a7-4171-afab-f7ab3d3a5db0" testListId="8c84fa94-04c1-424b-9868-57a2d4851a1d" /><TestEntry testId="5750eca1-495d-4987-9b7b-e2f99eec5960" executionId="70af6f6a-c6c0-4914-886c-fa1e9ab2c240" testListId="8c84fa94-04c1-424b-9868-57a2d4851a1d" /><TestEntry testId="70fc6818-707a-4425-9d73-1f6a411ed758" executionId="e404bcd6-ac8b-486a-a12c-271839145dfe" testListId="8c84fa94-04c1-424b-9868-57a2d4851a1d" /><TestEntry testId="9ad904a5-cdb5-4509-a7f4-04b38320527d" executionId="3548dc61-ca48-4555-bb77-8480a5cc9dd3" testListId="8c84fa94-04c1-424b-9868-57a2d4851a1d" /><TestEntry testId="71b88d9b-db2f-4597-902c-7fea3d770f9a" executionId="0a147777-2a9d-4b8f-9fb8-ca6a7062001d" testListId="8c84fa94-04c1-424b-9868-57a2d4851a1d" /><TestEntry testId="340bcb6d-5998-4138-8af5-33efe452e447" executionId="a1107174-c3ec-4d7b-bcb0-322c509cb8f8" testListId="8c84fa94-04c1-424b-9868-57a2d4851a1d" /><TestEntry testId="ec7e2254-2058-4ab3-8ed9-093b917dc00d" executionId="5180ab6c-1d9a-4473-9052-4b7b8f33345e" testListId="8c84fa94-04c1-424b-9868-57a2d4851a1d" /><TestEntry testId="c99636c6-7d2c-4aa5-bc75-75854fca72eb" executionId="64872c48-4a35-4c88-b19d-6015277b7884" testListId="8c84fa94-04c1-424b-9868-57a2d4851a1d" /><TestEntry testId="4c309eab-7ab1-4e9e-8afd-1eea532a4579" executionId="161bff0e-4ac5-43e8-9e01-ebcdcbaa5db2" testListId="8c84fa94-04c1-424b-9868-57a2d4851a1d" /><TestEntry testId="342ea11a-2197-4cfc-9bad-d5875dfcafdb" executionId="d9734eb6-6435-42ef-adfb-8ee4745a61a6" testListId="8c84fa94-04c1-424b-9868-57a2d4851a1d" /><TestEntry testId="623fd7e2-9a4f-499d-b100-a21dd1961950" executionId="567e3200-18a3-4422-9cda-ef020d273240" testListId="8c84fa94-04c1-424b-9868-57a2d4851a1d" /><TestEntry testId="beeab850-0fe5-4f35-9ad8-f9eeaf38ab28" executionId="bfed63d2-97db-43be-af3b-39d27a1f3aee" testListId="8c84fa94-04c1-424b-9868-57a2d4851a1d" /><TestEntry testId="4ad80bb7-5430-4661-bc9c-dab137fdc640" executionId="97c7f9b5-965f-46bb-915e-11870ee068fc" testListId="8c84fa94-04c1-424b-9868-57a2d4851a1d" /><TestEntry testId="d13f5c0a-66e8-4d00-991b-86f2583e44d2" executionId="6f321640-094b-43ab-9f9e-a4b637ae55a6" testListId="8c84fa94-04c1-424b-9868-57a2d4851a1d" /><TestEntry testId="78fb65eb-fc00-4387-ad3c-35b7ead950f7" executionId="e8b20fd7-3efb-4945-889e-bb57253df901" testListId="8c84fa94-04c1-424b-9868-57a2d4851a1d" /><TestEntry testId="d59fae3a-3741-48a7-8500-c45170166e44" executionId="f46c2e7d-2810-4be3-86be-ef452a0cd988" testListId="8c84fa94-04c1-424b-9868-57a2d4851a1d" /><TestEntry testId="6af5e5ac-1a0d-4b45-a0ac-05f10e72e7e5" executionId="591549d6-5a67-4154-9ac1-6c80b08cbf06" testListId="8c84fa94-04c1-424b-9868-57a2d4851a1d" /><TestEntry testId="86ef406e-1073-48a1-a63a-b8327e2daa6e" executionId="97b2986c-2dff-49d2-94ba-f6c0e010b1db" testListId="8c84fa94-04c1-424b-9868-57a2d4851a1d" /><TestEntry testId="b7ee3407-4fe4-42b0-a033-2fd8dcc68efc" executionId="e441e4a8-c707-487c-baf5-0228c847ac52" testListId="8c84fa94-04c1-424b-9868-57a2d4851a1d" /><TestEntry testId="3fafa118-fee2-4553-9ebe-b1185fa34ad7" executionId="0a3e5d15-db6d-4377-8893-15d24471efc1" testListId="8c84fa94-04c1-424b-9868-57a2d4851a1d" /><TestEntry testId="8bda6eef-69b6-4b45-a528-2fe7e3cb6aa6" executionId="e1815481-57ac-4b9c-ba52-a1f691fad967" testListId="8c84fa94-04c1-424b-9868-57a2d4851a1d" /><TestEntry testId="68516f2d-5968-41f4-9842-46305738fd9b" executionId="c9b647dc-f87f-43b8-94d3-723af64ac3c7" testListId="8c84fa94-04c1-424b-9868-57a2d4851a1d" /><TestEntry testId="6d3df900-37b8-407a-bfda-c05416ea7315" executionId="08d3dd31-277b-403e-8f1a-4e770a58d351" testListId="8c84fa94-04c1-424b-9868-57a2d4851a1d" /><TestEntry testId="ad259af7-cd03-4cf5-ad8e-1ba63931fcb1" executionId="84ddacc1-9d09-463c-ac9f-bec010f52b3d" testListId="8c84fa94-04c1-424b-9868-57a2d4851a1d" /><TestEntry testId="16b5587e-a6b2-464c-80ff-4e0784975019" executionId="adaf294a-07ea-4962-8b86-77e93854bee9" testListId="8c84fa94-04c1-424b-9868-57a2d4851a1d" /></TestEntries><TestLists><TestList name="Results Not in a List" id="8c84fa94-04c1-424b-9868-57a2d4851a1d" /><TestList name="All Loaded Results" id="19431567-8539-422a-85d7-44ee4e166bda" /></TestLists><ResultSummary outcome="Failed"><Counters total="152" executed="152" passed="151" failed="1" error="0" timeout="0" aborted="0" inconclusive="0" passedButRunAborted="0" notRunnable="0" notExecuted="0" disconnected="0" warning="0" completed="0" inProgress="0" pending="0" /><Output><StdOut>[xUnit.net 00:00:01.1780343]   Discovering: ModelRelief.Test[xUnit.net 00:00:01.2939630]   Discovered:  ModelRelief.Test[xUnit.net 00:00:01.3008917]   Starting:    ModelRelief.Test[xUnit.net 00:00:22.5717875]       Expected requestResponse.Message.StatusCode to be OK, but found BadRequest.[xUnit.net 00:00:22.5731134]       Stack Trace:[xUnit.net 00:00:22.5742161]         C:\projects\fluentassertions-vf06b\Src\FluentAssertions\Execution\XUnit2TestFramework.cs(32,0): at FluentAssertions.Execution.XUnit2TestFramework.Throw(String message)[xUnit.net 00:00:22.5745223]         C:\projects\fluentassertions-vf06b\Src\FluentAssertions\Execution\AssertionScope.cs(225,0): at FluentAssertions.Execution.AssertionScope.FailWith(String message, Object[] args)[xUnit.net 00:00:22.5745840]         C:\projects\fluentassertions-vf06b\Src\FluentAssertions\Primitives\ObjectAssertions.cs(42,0): at FluentAssertions.Primitives.ObjectAssertions.Be(Object expected, String because, Object[] becauseArgs)[xUnit.net 00:00:22.5746371]         D:\Users\Steve Knipmeyer\Documents\GitHub\ModelRelief\ModelRelief.test\TestModelFactories\TestModelFactory.cs(201,0): at ModelRelief.Test.TestModels.TestModelFactory`2.&lt;PutModel&gt;d__44.MoveNext()[xUnit.net 00:00:22.5746809]         --- End of stack trace from previous location where exception was thrown ---[xUnit.net 00:00:22.5747253]            at System.Runtime.ExceptionServices.ExceptionDispatchInfo.Throw()[xUnit.net 00:00:22.5747688]            at System.Runtime.CompilerServices.TaskAwaiter.HandleNonSuccessAndDebuggerNotification(Task task)[xUnit.net 00:00:22.5748105]            at System.Runtime.CompilerServices.TaskAwaiter`1.GetResult()[xUnit.net 00:00:22.5748606]         D:\Users\Steve Knipmeyer\Documents\GitHub\ModelRelief\ModelRelief.test\Integration\File\Meshes\MeshesFileIntegrationTests.cs(189,0): at ModelRelief.Test.Integration.Meshes.MeshesFileIntegrationTests.&lt;FileRequest_MeshGenerateSetsFileIsSynchronized&gt;d__5.MoveNext()[xUnit.net 00:00:22.5748981]         --- End of stack trace from previous location where exception was thrown ---[xUnit.net 00:00:22.5749365]            at System.Runtime.ExceptionServices.ExceptionDispatchInfo.Throw()[xUnit.net 00:00:22.5749865]         D:\Users\Steve Knipmeyer\Documents\GitHub\ModelRelief\ModelRelief.test\Integration\File\Meshes\MeshesFileIntegrationTests.cs(198,0): at ModelRelief.Test.Integration.Meshes.MeshesFileIntegrationTests.&lt;FileRequest_MeshGenerateSetsFileIsSynchronized&gt;d__5.MoveNext()[xUnit.net 00:00:22.5750232]         --- End of stack trace from previous location where exception was thrown ---[xUnit.net 00:00:22.5750764]            at System.Runtime.ExceptionServices.ExceptionDispatchInfo.Throw()[xUnit.net 00:00:22.5751207]            at System.Runtime.CompilerServices.TaskAwaiter.HandleNonSuccessAndDebuggerNotification(Task task)[xUnit.net 00:00:22.5751545]         --- End of stack trace from previous location where exception was thrown ---[xUnit.net 00:00:22.5751940]            at System.Runtime.ExceptionServices.ExceptionDispatchInfo.Throw()[xUnit.net 00:00:22.5752373]            at System.Runtime.CompilerServices.TaskAwaiter.HandleNonSuccessAndDebuggerNotification(Task task)[xUnit.net 00:00:22.5752702]         --- End of stack trace from previous location where exception was thrown ---[xUnit.net 00:00:22.5753095]            at System.Runtime.ExceptionServices.ExceptionDispatchInfo.Throw()[xUnit.net 00:00:22.5753507]            at System.Runtime.CompilerServices.TaskAwaiter.HandleNonSuccessAndDebuggerNotification(Task task)[xUnit.net 00:00:35.8310259]   Finished:    ModelRelief.Test</StdOut></Output><RunInfos><RunInfo computerName="VECTOR" outcome="Error" timestamp="2018-07-19T07:23:54.0608962-04:00"><Text>[xUnit.net 00:00:22.5703764]     FileRequest_MeshGenerateSetsFileIsSynchronized [FAIL]</Text></RunInfo></RunInfos></ResultSummary></TestRun>