<?xml version="1.0" encoding="utf-8"?><TestRun id="55dac2c3-7470-43c0-9227-9d165a613e63" name="Steve Knipmeyer@VECTOR 2018-07-19 06:46:37" runUser="VECTOR\Steve Knipmeyer" xmlns="http://microsoft.com/schemas/VisualStudio/TeamTest/2010"><Times creation="2018-07-19T06:46:37.5322491-04:00" queuing="2018-07-19T06:46:37.5322617-04:00" start="2018-07-19T06:46:33.6444530-04:00" finish="2018-07-19T06:47:12.0825936-04:00" /><TestSettings name="default" id="1edb518e-32e7-4a23-85d6-0f0784a04536"><Deployment runDeploymentRoot="Steve_Knipmeyer_VECTOR_2018-07-19_06_46_37" /></TestSettings><Results><UnitTestResult executionId="061a435d-0f71-4107-a6de-731846b5aa2c" testId="87e0e042-4582-4f0f-ac72-058b9e401930" testName="Put_InvalidIdReturnsNotFound" computerName="VECTOR" duration="00:00:00.0690000" startTime="2018-07-19T06:46:40.2212902-04:00" endTime="2018-07-19T06:46:40.2212982-04:00" testType="13cdc9d9-ddb5-4fa4-a97d-d965ccfc6d4b" outcome="Passed" testListId="8c84fa94-04c1-424b-9868-57a2d4851a1d" relativeResultsDirectory="061a435d-0f71-4107-a6de-731846b5aa2c" /><UnitTestResult executionId="634aa1f1-6e86-43af-8ec4-2b40456cb27a" testId="83d83c95-1a9a-4d52-9453-bbb1f8a64bae" testName="Patch_MultipleInvalidReferencePropertiesReturnsMultipleValidationErrorsAndBadRequest" computerName="VECTOR" duration="00:00:00.0030000" startTime="2018-07-19T06:46:39.0108828-04:00" endTime="2018-07-19T06:46:39.0108853-04:00" testType="13cdc9d9-ddb5-4fa4-a97d-d965ccfc6d4b" outcome="Passed" testListId="8c84fa94-04c1-424b-9868-57a2d4851a1d" relativeResultsDirectory="634aa1f1-6e86-43af-8ec4-2b40456cb27a" /><UnitTestResult executionId="62dd56c4-3184-4f8b-be41-b140702fd9a6" testId="46b8d3ce-4402-429b-b141-4e1396ee6156" testName="Put_CanUpdateModel" computerName="VECTOR" duration="00:00:00.2760000" startTime="2018-07-19T06:47:04.9989871-04:00" endTime="2018-07-19T06:47:04.9989953-04:00" testType="13cdc9d9-ddb5-4fa4-a97d-d965ccfc6d4b" outcome="Passed" testListId="8c84fa94-04c1-424b-9868-57a2d4851a1d" relativeResultsDirectory="62dd56c4-3184-4f8b-be41-b140702fd9a6" /><UnitTestResult executionId="00d65b79-88ee-4b4c-8e27-a38f8a0ed8c0" testId="982955a2-baca-494a-9031-62e59f2d84d5" testName="Put_InvalidReferencePropertyReturndBadRequest" computerName="VECTOR" duration="00:00:00.1530000" startTime="2018-07-19T06:47:03.0360576-04:00" endTime="2018-07-19T06:47:03.0360645-04:00" testType="13cdc9d9-ddb5-4fa4-a97d-d965ccfc6d4b" outcome="Passed" testListId="8c84fa94-04c1-424b-9868-57a2d4851a1d" relativeResultsDirectory="00d65b79-88ee-4b4c-8e27-a38f8a0ed8c0" /><UnitTestResult executionId="c75fafee-617e-4857-b66e-9c68fd0a18b9" testId="0bba80cd-4d20-4cbf-a469-f3e03314ef69" testName="GetFile_ExistingFileReturnsSuccess" computerName="VECTOR" duration="00:00:00.1080000" startTime="2018-07-19T06:46:42.7459810-04:00" endTime="2018-07-19T06:46:42.7459881-04:00" testType="13cdc9d9-ddb5-4fa4-a97d-d965ccfc6d4b" outcome="Passed" testListId="8c84fa94-04c1-424b-9868-57a2d4851a1d" relativeResultsDirectory="c75fafee-617e-4857-b66e-9c68fd0a18b9" /><UnitTestResult executionId="78389240-c064-4be7-9e44-1c747c4ddc74" testId="3318a7d1-6751-4cc2-8712-6b84e92c1cd4" testName="Post_InvalidReferencePropertyReturnsBadRequest" computerName="VECTOR" duration="00:00:00.0090000" startTime="2018-07-19T06:46:49.8683927-04:00" endTime="2018-07-19T06:46:49.8683972-04:00" testType="13cdc9d9-ddb5-4fa4-a97d-d965ccfc6d4b" outcome="Passed" testListId="8c84fa94-04c1-424b-9868-57a2d4851a1d" relativeResultsDirectory="78389240-c064-4be7-9e44-1c747c4ddc74" /><UnitTestResult executionId="ae61deeb-726a-452b-9adc-dd2cae29cb78" testId="02a914da-d5a0-4a28-bf53-91e32197624b" testName="Put_CanUpdateModel" computerName="VECTOR" duration="00:00:00.3370000" startTime="2018-07-19T06:47:10.7219557-04:00" endTime="2018-07-19T06:47:10.7219634-04:00" testType="13cdc9d9-ddb5-4fa4-a97d-d965ccfc6d4b" outcome="Passed" testListId="8c84fa94-04c1-424b-9868-57a2d4851a1d" relativeResultsDirectory="ae61deeb-726a-452b-9adc-dd2cae29cb78" /><UnitTestResult executionId="bc258606-4399-4e8c-8f6a-d87f3f9c8fa9" testId="75c003b2-ebce-4bed-96c4-f40034f24503" testName="PostFile_FileTimeStampIsUpdatedAfterFileIsPosted" computerName="VECTOR" duration="00:00:01.4920000" startTime="2018-07-19T06:46:55.7929943-04:00" endTime="2018-07-19T06:46:55.7930014-04:00" testType="13cdc9d9-ddb5-4fa4-a97d-d965ccfc6d4b" outcome="Passed" testListId="8c84fa94-04c1-424b-9868-57a2d4851a1d" relativeResultsDirectory="bc258606-4399-4e8c-8f6a-d87f3f9c8fa9" /><UnitTestResult executionId="278e29ab-9fb4-433f-80ab-f613d9912cd0" testId="f4e886aa-7bfd-49ba-aeea-f1c13de3eeb5" testName="Put_InvalidReferencePropertyReturndBadRequest" computerName="VECTOR" duration="00:00:00.0200000" startTime="2018-07-19T06:46:45.4210625-04:00" endTime="2018-07-19T06:46:45.4210702-04:00" testType="13cdc9d9-ddb5-4fa4-a97d-d965ccfc6d4b" outcome="Passed" testListId="8c84fa94-04c1-424b-9868-57a2d4851a1d" relativeResultsDirectory="278e29ab-9fb4-433f-80ab-f613d9912cd0" /><UnitTestResult executionId="a00aa676-e3a2-4f7d-bb02-1592451cdf15" testId="8c96591e-bb99-4f87-aad7-328645fcbd0a" testName="PostFile_NewFileCanBePosted" computerName="VECTOR" duration="00:00:00.2970000" startTime="2018-07-19T06:46:56.0905110-04:00" endTime="2018-07-19T06:46:56.0905175-04:00" testType="13cdc9d9-ddb5-4fa4-a97d-d965ccfc6d4b" outcome="Passed" testListId="8c84fa94-04c1-424b-9868-57a2d4851a1d" relativeResultsDirectory="a00aa676-e3a2-4f7d-bb02-1592451cdf15" /><UnitTestResult executionId="fc2288a0-558d-453c-80a1-cea2c8e82e84" testId="c6b769b1-830d-4a88-8b1a-d59d4c2c05eb" testName="Patch_InvalidReferencePropertyReturnsBadRequest" computerName="VECTOR" duration="00:00:00.0300000" startTime="2018-07-19T06:46:41.4408480-04:00" endTime="2018-07-19T06:46:41.4408543-04:00" testType="13cdc9d9-ddb5-4fa4-a97d-d965ccfc6d4b" outcome="Passed" testListId="8c84fa94-04c1-424b-9868-57a2d4851a1d" relativeResultsDirectory="fc2288a0-558d-453c-80a1-cea2c8e82e84" /><UnitTestResult executionId="07d005f9-ef5a-4f25-b663-031ee787e77f" testId="760cc8b3-6040-4136-8497-54381eaf9bc6" testName="Post_CanCreateNewModel" computerName="VECTOR" duration="00:00:00.1840000" startTime="2018-07-19T06:46:49.8089684-04:00" endTime="2018-07-19T06:46:49.8089772-04:00" testType="13cdc9d9-ddb5-4fa4-a97d-d965ccfc6d4b" outcome="Passed" testListId="8c84fa94-04c1-424b-9868-57a2d4851a1d" relativeResultsDirectory="07d005f9-ef5a-4f25-b663-031ee787e77f" /><UnitTestResult executionId="63a49bdc-1e31-485c-a196-2eff235f910d" testId="612ee224-5279-481a-87b1-b15e89f81104" testName="Patch_InvalidReferencePropertyReturnsBadRequest" computerName="VECTOR" duration="00:00:00.0210000" startTime="2018-07-19T06:47:11.3016550-04:00" endTime="2018-07-19T06:47:11.3016613-04:00" testType="13cdc9d9-ddb5-4fa4-a97d-d965ccfc6d4b" outcome="Passed" testListId="8c84fa94-04c1-424b-9868-57a2d4851a1d" relativeResultsDirectory="63a49bdc-1e31-485c-a196-2eff235f910d" /><UnitTestResult executionId="0831bfd7-7581-415c-99c9-5e2489180c1f" testId="3cd24bf8-adb1-44ce-a4ff-37f6ea1874cd" testName="Patch_ValidReferencePropertyUpdatesModel" computerName="VECTOR" duration="00:00:00.0050000" startTime="2018-07-19T06:46:36.9934823-04:00" endTime="2018-07-19T06:46:36.9934848-04:00" testType="13cdc9d9-ddb5-4fa4-a97d-d965ccfc6d4b" outcome="Passed" testListId="8c84fa94-04c1-424b-9868-57a2d4851a1d" relativeResultsDirectory="0831bfd7-7581-415c-99c9-5e2489180c1f" /><UnitTestResult executionId="d0ac3466-aa9b-449f-94b7-e1d70299ed2e" testId="94297605-321f-4a60-8f2f-65cf3aa28f44" testName="Patch_InvalidIdPropertyReturnsNotFound" computerName="VECTOR" duration="00:00:00.0090000" startTime="2018-07-19T06:46:39.0228293-04:00" endTime="2018-07-19T06:46:39.0228347-04:00" testType="13cdc9d9-ddb5-4fa4-a97d-d965ccfc6d4b" outcome="Passed" testListId="8c84fa94-04c1-424b-9868-57a2d4851a1d" relativeResultsDirectory="d0ac3466-aa9b-449f-94b7-e1d70299ed2e" /><UnitTestResult executionId="658d6dfb-d858-40af-a1d2-457e90fae0e6" testId="f5ad0776-7cb8-4639-b6c5-55d7d3cb8076" testName="Patch_TargetPropertyIsUpdated" computerName="VECTOR" duration="00:00:00.4070000" startTime="2018-07-19T06:46:38.3760986-04:00" endTime="2018-07-19T06:46:38.3761054-04:00" testType="13cdc9d9-ddb5-4fa4-a97d-d965ccfc6d4b" outcome="Passed" testListId="8c84fa94-04c1-424b-9868-57a2d4851a1d" relativeResultsDirectory="658d6dfb-d858-40af-a1d2-457e90fae0e6" /><UnitTestResult executionId="1dc1c6ca-9506-4e41-82ea-c74bcf938ec7" testId="d2846591-5712-4b81-a357-116c9ab40c64" testName="CameraHasExpectedDependentFiles" computerName="VECTOR" duration="00:00:00.0010000" startTime="2018-07-19T06:46:36.9796293-04:00" endTime="2018-07-19T06:46:36.9796311-04:00" testType="13cdc9d9-ddb5-4fa4-a97d-d965ccfc6d4b" outcome="Passed" testListId="8c84fa94-04c1-424b-9868-57a2d4851a1d" relativeResultsDirectory="1dc1c6ca-9506-4e41-82ea-c74bcf938ec7" /><UnitTestResult executionId="eba8f577-bcdd-454c-b945-e285681c88f4" testId="2651ddaf-2443-4f1d-9d15-6d45bd2fe647" testName="Delete_TargetModelIsDeleted" computerName="VECTOR" duration="00:00:00.2330000" startTime="2018-07-19T06:46:41.6744120-04:00" endTime="2018-07-19T06:46:41.6744180-04:00" testType="13cdc9d9-ddb5-4fa4-a97d-d965ccfc6d4b" outcome="Passed" testListId="8c84fa94-04c1-424b-9868-57a2d4851a1d" relativeResultsDirectory="eba8f577-bcdd-454c-b945-e285681c88f4" /><UnitTestResult executionId="28424157-0055-45b0-bee3-53e0d70e6560" testId="583b6933-20a9-47b0-96d4-c75eca47fad5" testName="Patch_ValidReferencePropertyUpdatesModel" computerName="VECTOR" duration="00:00:00.3230000" startTime="2018-07-19T06:47:11.2800174-04:00" endTime="2018-07-19T06:47:11.2800242-04:00" testType="13cdc9d9-ddb5-4fa4-a97d-d965ccfc6d4b" outcome="Passed" testListId="8c84fa94-04c1-424b-9868-57a2d4851a1d" relativeResultsDirectory="28424157-0055-45b0-bee3-53e0d70e6560" /><UnitTestResult executionId="05b4532c-cfde-49e2-b453-d6e35138338c" testId="aabe00f7-86de-4f74-aa64-a6f507e845fd" testName="GetSingle_InvalidIdPropertyValueReturnsNotFound" computerName="VECTOR" duration="00:00:00.0070000" startTime="2018-07-19T06:46:38.6300289-04:00" endTime="2018-07-19T06:46:38.6300323-04:00" testType="13cdc9d9-ddb5-4fa4-a97d-d965ccfc6d4b" outcome="Passed" testListId="8c84fa94-04c1-424b-9868-57a2d4851a1d" relativeResultsDirectory="05b4532c-cfde-49e2-b453-d6e35138338c" /><UnitTestResult executionId="788fe66d-7fcb-4131-8017-b514beb5d074" testId="d7f65b8a-17ee-4d7d-8571-171e6c31706a" testName="Post_InvalidPropertyValueReturnsBadRequest" computerName="VECTOR" duration="00:00:00.0040000" startTime="2018-07-19T06:46:50.3594902-04:00" endTime="2018-07-19T06:46:50.3594959-04:00" testType="13cdc9d9-ddb5-4fa4-a97d-d965ccfc6d4b" outcome="Passed" testListId="8c84fa94-04c1-424b-9868-57a2d4851a1d" relativeResultsDirectory="788fe66d-7fcb-4131-8017-b514beb5d074" /><UnitTestResult executionId="0a21c467-0664-4c55-9663-cd94708eeb1b" testId="61543598-4548-4ec2-b674-dead1753c148" testName="GetList_ListReturnsCorrectCount" computerName="VECTOR" duration="00:00:00.0420000" startTime="2018-07-19T06:46:44.7640486-04:00" endTime="2018-07-19T06:46:44.7640563-04:00" testType="13cdc9d9-ddb5-4fa4-a97d-d965ccfc6d4b" outcome="Passed" testListId="8c84fa94-04c1-424b-9868-57a2d4851a1d" relativeResultsDirectory="0a21c467-0664-4c55-9663-cd94708eeb1b" /><UnitTestResult executionId="64b24ef9-bd38-4eb5-92af-3ca2059e4fd9" testId="9e5b5ff7-f79c-4efe-ae69-6d67b8884692" testName="GetFile_ExistingFileReturnsSuccess" computerName="VECTOR" duration="00:00:00.0570000" startTime="2018-07-19T06:47:05.0569624-04:00" endTime="2018-07-19T06:47:05.0569709-04:00" testType="13cdc9d9-ddb5-4fa4-a97d-d965ccfc6d4b" outcome="Passed" testListId="8c84fa94-04c1-424b-9868-57a2d4851a1d" relativeResultsDirectory="64b24ef9-bd38-4eb5-92af-3ca2059e4fd9" /><UnitTestResult executionId="9c4201f7-ffe1-470e-80c8-41fb4e36dd24" testId="e36583cd-a917-48dd-8959-f17f2d67fdf8" testName="Patch_InvalidEnumPropertyValueReturnsBadRequest" computerName="VECTOR" duration="00:00:00.0160000" startTime="2018-07-19T06:46:49.3341979-04:00" endTime="2018-07-19T06:46:49.3342030-04:00" testType="13cdc9d9-ddb5-4fa4-a97d-d965ccfc6d4b" outcome="Passed" testListId="8c84fa94-04c1-424b-9868-57a2d4851a1d" relativeResultsDirectory="9c4201f7-ffe1-470e-80c8-41fb4e36dd24" /><UnitTestResult executionId="98106c4d-a5ea-4895-9aad-1e3ff283b4cf" testId="1a91b972-eaad-4f76-95ea-7a7ec60bd5b7" testName="GetList_ListReturnsCorrectCount" computerName="VECTOR" duration="00:00:00.4670000" startTime="2018-07-19T06:46:46.8707292-04:00" endTime="2018-07-19T06:46:46.8707354-04:00" testType="13cdc9d9-ddb5-4fa4-a97d-d965ccfc6d4b" outcome="Passed" testListId="8c84fa94-04c1-424b-9868-57a2d4851a1d" relativeResultsDirectory="98106c4d-a5ea-4895-9aad-1e3ff283b4cf" /><UnitTestResult executionId="2906fc43-3933-4577-ad83-d23059d1dd43" testId="70727d98-7a74-4377-a1a6-835d269a3e39" testName="LucyDepthBufferFindsOneDependent" computerName="VECTOR" duration="00:00:00.0030000" startTime="2018-07-19T06:46:36.9828671-04:00" endTime="2018-07-19T06:46:36.9828699-04:00" testType="13cdc9d9-ddb5-4fa4-a97d-d965ccfc6d4b" outcome="Passed" testListId="8c84fa94-04c1-424b-9868-57a2d4851a1d" relativeResultsDirectory="2906fc43-3933-4577-ad83-d23059d1dd43" /><UnitTestResult executionId="360e61f1-c82e-4d8a-9e5d-46716820faf5" testId="624957a5-bbf3-4d9b-9fe9-78f4194fd226" testName="Patch_InvalidPropertyNameReturnsBadRequest" computerName="VECTOR" duration="00:00:00.0170000" startTime="2018-07-19T06:46:44.2151870-04:00" endTime="2018-07-19T06:46:44.2151927-04:00" testType="13cdc9d9-ddb5-4fa4-a97d-d965ccfc6d4b" outcome="Passed" testListId="8c84fa94-04c1-424b-9868-57a2d4851a1d" relativeResultsDirectory="360e61f1-c82e-4d8a-9e5d-46716820faf5" /><UnitTestResult executionId="e733416c-d36d-4b06-84fc-1f4ffa97e80e" testId="94730c42-f672-45e1-8e49-bb262d06df14" testName="Patch_InvalidPropertyNameReturnsBadRequest" computerName="VECTOR" duration="00:00:00.0060000" startTime="2018-07-19T06:47:10.9527969-04:00" endTime="2018-07-19T06:47:10.9528023-04:00" testType="13cdc9d9-ddb5-4fa4-a97d-d965ccfc6d4b" outcome="Passed" testListId="8c84fa94-04c1-424b-9868-57a2d4851a1d" relativeResultsDirectory="e733416c-d36d-4b06-84fc-1f4ffa97e80e" /><UnitTestResult executionId="dbce3899-62ec-404d-8aa5-baaaee7cbd9d" testId="a97ab86a-bd34-4aeb-a134-3eb4bcd363d2" testName="Delete_TargetModelIsDeleted" computerName="VECTOR" duration="00:00:00.1570000" startTime="2018-07-19T06:47:10.3227881-04:00" endTime="2018-07-19T06:47:10.3227946-04:00" testType="13cdc9d9-ddb5-4fa4-a97d-d965ccfc6d4b" outcome="Passed" testListId="8c84fa94-04c1-424b-9868-57a2d4851a1d" relativeResultsDirectory="dbce3899-62ec-404d-8aa5-baaaee7cbd9d" /><UnitTestResult executionId="0956813e-02a8-4997-8ea7-eb0955125ff8" testId="b48b5fc9-9fdc-4755-bab2-4c2989d13d3e" testName="LucyCameraFindsAllDependents" computerName="VECTOR" duration="00:00:00.0070000" startTime="2018-07-19T06:46:36.9793226-04:00" endTime="2018-07-19T06:46:36.9793266-04:00" testType="13cdc9d9-ddb5-4fa4-a97d-d965ccfc6d4b" outcome="Passed" testListId="8c84fa94-04c1-424b-9868-57a2d4851a1d" relativeResultsDirectory="0956813e-02a8-4997-8ea7-eb0955125ff8" /><UnitTestResult executionId="63728c48-5397-45af-9d0c-30b50d808ad3" testId="b71fc2c7-c07a-41b5-90ba-5719f3290b20" testName="PutFile_FileCanBeUpdated" computerName="VECTOR" duration="00:00:00.5090000" startTime="2018-07-19T06:47:07.0903433-04:00" endTime="2018-07-19T06:47:07.0903515-04:00" testType="13cdc9d9-ddb5-4fa4-a97d-d965ccfc6d4b" outcome="Passed" testListId="8c84fa94-04c1-424b-9868-57a2d4851a1d" relativeResultsDirectory="63728c48-5397-45af-9d0c-30b50d808ad3" /><UnitTestResult executionId="0952b35a-5fd3-48ff-b556-4e737223bddd" testId="d70537ad-039a-48a2-979c-f79dc0e8269d" testName="Delete_TargetModelIsDeleted" computerName="VECTOR" duration="00:00:00.2780000" startTime="2018-07-19T06:46:44.4935704-04:00" endTime="2018-07-19T06:46:44.4935767-04:00" testType="13cdc9d9-ddb5-4fa4-a97d-d965ccfc6d4b" outcome="Passed" testListId="8c84fa94-04c1-424b-9868-57a2d4851a1d" relativeResultsDirectory="0952b35a-5fd3-48ff-b556-4e737223bddd" /><UnitTestResult executionId="3997610a-7b83-48ef-84c0-047dfcf9e72e" testId="693b3574-941c-44a3-95ab-f5465a91ff21" testName="GetSingle_ValidIdPropertyValueReturnsCorrectModel" computerName="VECTOR" duration="00:00:00.0090000" startTime="2018-07-19T06:46:46.3961023-04:00" endTime="2018-07-19T06:46:46.3961074-04:00" testType="13cdc9d9-ddb5-4fa4-a97d-d965ccfc6d4b" outcome="Passed" testListId="8c84fa94-04c1-424b-9868-57a2d4851a1d" relativeResultsDirectory="3997610a-7b83-48ef-84c0-047dfcf9e72e" /><UnitTestResult executionId="6fe7fbfd-1980-40ab-8e66-91762758450c" testId="d3dc10f8-37a6-4662-bcb6-394f4c834f6d" testName="Put_InvalidIdReturnsNotFound" computerName="VECTOR" duration="00:00:00.1480000" startTime="2018-07-19T06:46:44.1981063-04:00" endTime="2018-07-19T06:46:44.1981120-04:00" testType="13cdc9d9-ddb5-4fa4-a97d-d965ccfc6d4b" outcome="Passed" testListId="8c84fa94-04c1-424b-9868-57a2d4851a1d" relativeResultsDirectory="6fe7fbfd-1980-40ab-8e66-91762758450c" /><UnitTestResult executionId="de7df52c-fc79-4605-a978-933b982e5222" testId="845e7db0-a5d1-4f95-a590-99c65c05c18a" testName="Patch_InvalidEnumPropertyValueReturnsBadRequest" computerName="VECTOR" duration="00:00:00.0020000" startTime="2018-07-19T06:46:38.6228239-04:00" endTime="2018-07-19T06:46:38.6228265-04:00" testType="13cdc9d9-ddb5-4fa4-a97d-d965ccfc6d4b" outcome="Passed" testListId="8c84fa94-04c1-424b-9868-57a2d4851a1d" relativeResultsDirectory="de7df52c-fc79-4605-a978-933b982e5222" /><UnitTestResult executionId="9a21a9c5-0f66-4e3b-89a5-393ca11da71e" testId="a69cc0ba-6aac-421a-a988-04d174e2ecdd" testName="Patch_MultipleInvalidReferencePropertiesReturnsMultipleValidationErrorsAndBadRequest" computerName="VECTOR" duration="00:00:00.0260000" startTime="2018-07-19T06:46:41.1357344-04:00" endTime="2018-07-19T06:46:41.1357412-04:00" testType="13cdc9d9-ddb5-4fa4-a97d-d965ccfc6d4b" outcome="Passed" testListId="8c84fa94-04c1-424b-9868-57a2d4851a1d" relativeResultsDirectory="9a21a9c5-0f66-4e3b-89a5-393ca11da71e" /><UnitTestResult executionId="6e7b2c7c-dd26-47ad-ad29-fcf64240ef14" testId="6eefb77a-1d41-46c9-9bf3-f5186f5a4fd8" testName="PostFile_FileTimeStampIsUpdatedAfterFileIsPosted" computerName="VECTOR" duration="00:00:01.5230000" startTime="2018-07-19T06:47:06.5807318-04:00" endTime="2018-07-19T06:47:06.5807387-04:00" testType="13cdc9d9-ddb5-4fa4-a97d-d965ccfc6d4b" outcome="Passed" testListId="8c84fa94-04c1-424b-9868-57a2d4851a1d" relativeResultsDirectory="6e7b2c7c-dd26-47ad-ad29-fcf64240ef14" /><UnitTestResult executionId="1a7e4daf-28fb-486b-aa13-68f6810c6406" testId="bc7f7883-8efb-4bb4-9ee7-10bf625aa4bc" testName="Post_ValidReferencePropertyCreatesModel" computerName="VECTOR" duration="00:00:00.1740000" startTime="2018-07-19T06:47:10.9151549-04:00" endTime="2018-07-19T06:47:10.9151612-04:00" testType="13cdc9d9-ddb5-4fa4-a97d-d965ccfc6d4b" outcome="Passed" testListId="8c84fa94-04c1-424b-9868-57a2d4851a1d" relativeResultsDirectory="1a7e4daf-28fb-486b-aa13-68f6810c6406" /><UnitTestResult executionId="8f034ec5-2fa8-4571-97f3-1978214af9af" testId="efcf05ec-f0ac-4569-8e25-cf67e61389e4" testName="Put_InvalidReferencePropertyReturndBadRequest" computerName="VECTOR" duration="00:00:00.0210000" startTime="2018-07-19T06:46:50.3550506-04:00" endTime="2018-07-19T06:46:50.3550577-04:00" testType="13cdc9d9-ddb5-4fa4-a97d-d965ccfc6d4b" outcome="Passed" testListId="8c84fa94-04c1-424b-9868-57a2d4851a1d" relativeResultsDirectory="8f034ec5-2fa8-4571-97f3-1978214af9af" /><UnitTestResult executionId="34fa4991-a9a8-4102-888e-46961019c8d9" testId="7ce6dd3c-e2e4-4ecf-9588-26df5cb99de6" testName="Post_InvalidPropertyValueReturnsBadRequest" computerName="VECTOR" duration="00:00:00.0030000" startTime="2018-07-19T06:46:40.2328550-04:00" endTime="2018-07-19T06:46:40.2328612-04:00" testType="13cdc9d9-ddb5-4fa4-a97d-d965ccfc6d4b" outcome="Passed" testListId="8c84fa94-04c1-424b-9868-57a2d4851a1d" relativeResultsDirectory="34fa4991-a9a8-4102-888e-46961019c8d9" /><UnitTestResult executionId="08f8bb2a-961a-4a4c-a425-e4679df9cf67" testId="50463487-1738-465e-a56d-b1020f5dff53" testName="Put_InvalidIdReturnsNotFound" computerName="VECTOR" duration="00:00:00.0520000" startTime="2018-07-19T06:46:38.6120087-04:00" endTime="2018-07-19T06:46:38.6120150-04:00" testType="13cdc9d9-ddb5-4fa4-a97d-d965ccfc6d4b" outcome="Passed" testListId="8c84fa94-04c1-424b-9868-57a2d4851a1d" relativeResultsDirectory="08f8bb2a-961a-4a4c-a425-e4679df9cf67" /><UnitTestResult executionId="97cd04ee-ff5d-4ede-a5f1-34d672b28fd6" testId="d8b066da-ee4f-4d62-a6a5-6f3e337cb98c" testName="Patch_InvalidIdPropertyReturnsNotFound" computerName="VECTOR" duration="00:00:00.0090000" startTime="2018-07-19T06:46:49.8508990-04:00" endTime="2018-07-19T06:46:49.8509075-04:00" testType="13cdc9d9-ddb5-4fa4-a97d-d965ccfc6d4b" outcome="Passed" testListId="8c84fa94-04c1-424b-9868-57a2d4851a1d" relativeResultsDirectory="97cd04ee-ff5d-4ede-a5f1-34d672b28fd6" /><UnitTestResult executionId="9670f361-852d-47a6-a3b8-c0bda2d69231" testId="e093151f-7086-4313-890b-f4041b9f7c38" testName="Put_ValidReferencePropertyUpdatesModel" computerName="VECTOR" duration="00:00:00.0040000" startTime="2018-07-19T06:46:38.3800643-04:00" endTime="2018-07-19T06:46:38.3800706-04:00" testType="13cdc9d9-ddb5-4fa4-a97d-d965ccfc6d4b" outcome="Passed" testListId="8c84fa94-04c1-424b-9868-57a2d4851a1d" relativeResultsDirectory="9670f361-852d-47a6-a3b8-c0bda2d69231" /><UnitTestResult executionId="55ef01f0-8ed0-4713-979c-7c1fb2aff4fb" testId="059eb606-009a-4527-aff5-2a51410d54d4" testName="Delete_TargetModelIsDeleted" computerName="VECTOR" duration="00:00:00.4790000" startTime="2018-07-19T06:46:37.9687972-04:00" endTime="2018-07-19T06:46:37.9688032-04:00" testType="13cdc9d9-ddb5-4fa4-a97d-d965ccfc6d4b" outcome="Passed" testListId="8c84fa94-04c1-424b-9868-57a2d4851a1d" relativeResultsDirectory="55ef01f0-8ed0-4713-979c-7c1fb2aff4fb" /><UnitTestResult executionId="2ad81377-3b9b-47b7-9c71-5a7de9f6aeec" testId="1b21275d-00b9-4a41-b5b2-ce7d326da6d0" testName="PutFile_NewFileCanBePut" computerName="VECTOR" duration="00:00:00.3510000" startTime="2018-07-19T06:46:50.7248144-04:00" endTime="2018-07-19T06:46:50.7248218-04:00" testType="13cdc9d9-ddb5-4fa4-a97d-d965ccfc6d4b" outcome="Passed" testListId="8c84fa94-04c1-424b-9868-57a2d4851a1d" relativeResultsDirectory="2ad81377-3b9b-47b7-9c71-5a7de9f6aeec" /><UnitTestResult executionId="cfbef01b-8f4a-4d96-91d2-ff5690fef7d2" testId="e197d504-c119-4ff8-bc7d-78e1079a767f" testName="GetFile_NonExistentFileReturnsNotFound" computerName="VECTOR" duration="00:00:00.0150000" startTime="2018-07-19T06:47:08.7042031-04:00" endTime="2018-07-19T06:47:08.7042093-04:00" testType="13cdc9d9-ddb5-4fa4-a97d-d965ccfc6d4b" outcome="Passed" testListId="8c84fa94-04c1-424b-9868-57a2d4851a1d" relativeResultsDirectory="cfbef01b-8f4a-4d96-91d2-ff5690fef7d2" /><UnitTestResult executionId="a7efccac-3954-404a-af8b-d1eea63d4932" testId="9f0dd3ed-374e-41e2-93de-c8cd7726053d" testName="GetSingle_ValidIdPropertyValueReturnsCorrectModel" computerName="VECTOR" duration="00:00:00.0080000" startTime="2018-07-19T06:46:38.6208075-04:00" endTime="2018-07-19T06:46:38.6208118-04:00" testType="13cdc9d9-ddb5-4fa4-a97d-d965ccfc6d4b" outcome="Passed" testListId="8c84fa94-04c1-424b-9868-57a2d4851a1d" relativeResultsDirectory="a7efccac-3954-404a-af8b-d1eea63d4932" /><UnitTestResult executionId="457df645-07db-4849-a245-1535c2f291b0" testId="30ba029e-cf0d-450d-bee3-1bcc5f2efcc0" testName="Patch_InvalidReferencePropertyReturnsBadRequest" computerName="VECTOR" duration="00:00:00.0040000" startTime="2018-07-19T06:46:38.3842148-04:00" endTime="2018-07-19T06:46:38.3842174-04:00" testType="13cdc9d9-ddb5-4fa4-a97d-d965ccfc6d4b" outcome="Passed" testListId="8c84fa94-04c1-424b-9868-57a2d4851a1d" relativeResultsDirectory="457df645-07db-4849-a245-1535c2f291b0" /><UnitTestResult executionId="4f8fe1fa-d3a3-4db5-a499-3cf0583e5a0b" testId="02e1806d-0295-4918-b3ea-801b1f46e6a9" testName="Put_ValidReferencePropertyUpdatesModel" computerName="VECTOR" duration="00:00:00.3160000" startTime="2018-07-19T06:46:49.3174368-04:00" endTime="2018-07-19T06:46:49.3174430-04:00" testType="13cdc9d9-ddb5-4fa4-a97d-d965ccfc6d4b" outcome="Passed" testListId="8c84fa94-04c1-424b-9868-57a2d4851a1d" relativeResultsDirectory="4f8fe1fa-d3a3-4db5-a499-3cf0583e5a0b" /><UnitTestResult executionId="48d0c2ed-af1f-4637-82f5-35797655e54e" testId="b34fa52c-f705-4749-8de2-a2a7d88248e7" testName="Put_CanUpdateModel" computerName="VECTOR" duration="00:00:00.6590000" startTime="2018-07-19T06:46:49.0009128-04:00" endTime="2018-07-19T06:46:49.0009193-04:00" testType="13cdc9d9-ddb5-4fa4-a97d-d965ccfc6d4b" outcome="Passed" testListId="8c84fa94-04c1-424b-9868-57a2d4851a1d" relativeResultsDirectory="48d0c2ed-af1f-4637-82f5-35797655e54e" /><UnitTestResult executionId="2318819a-81c0-4202-86c1-b6413647a676" testId="4b0012a6-61fb-4d31-a2ac-e236480bb28d" testName="Patch_InvalidPropertyNameReturnsBadRequest" computerName="VECTOR" duration="00:00:00.4880000" startTime="2018-07-19T06:46:37.4829191-04:00" endTime="2018-07-19T06:46:37.4829259-04:00" testType="13cdc9d9-ddb5-4fa4-a97d-d965ccfc6d4b" outcome="Passed" testListId="8c84fa94-04c1-424b-9868-57a2d4851a1d" relativeResultsDirectory="2318819a-81c0-4202-86c1-b6413647a676" /><UnitTestResult executionId="5b619983-7e37-4be8-b4bb-01598ca59e68" testId="5e1648b4-4c72-46ed-bf32-9a00b24916da" testName="Patch_InvalidPropertyNameReturnsBadRequest" computerName="VECTOR" duration="00:00:00.0090000" startTime="2018-07-19T06:46:49.8408236-04:00" endTime="2018-07-19T06:46:49.8408321-04:00" testType="13cdc9d9-ddb5-4fa4-a97d-d965ccfc6d4b" outcome="Passed" testListId="8c84fa94-04c1-424b-9868-57a2d4851a1d" relativeResultsDirectory="5b619983-7e37-4be8-b4bb-01598ca59e68" /><UnitTestResult executionId="3267c9be-b3f1-43bf-a0e1-a876bb9bf242" testId="6412e486-2b9a-4778-9bf5-aa53e0eb4a37" testName="Post_CanCreateNewModel" computerName="VECTOR" duration="00:00:00.1840000" startTime="2018-07-19T06:46:44.7002362-04:00" endTime="2018-07-19T06:46:44.7002422-04:00" testType="13cdc9d9-ddb5-4fa4-a97d-d965ccfc6d4b" outcome="Passed" testListId="8c84fa94-04c1-424b-9868-57a2d4851a1d" relativeResultsDirectory="3267c9be-b3f1-43bf-a0e1-a876bb9bf242" /><UnitTestResult executionId="fc98c95f-1c9a-4644-99f1-0a9e8ad38b64" testId="d2bcf6da-bea2-4ecc-8397-0871ee5ce577" testName="Post_InvalidPropertyValueReturnsBadRequest" computerName="VECTOR" duration="00:00:00.0030000" startTime="2018-07-19T06:47:10.9561789-04:00" endTime="2018-07-19T06:47:10.9561846-04:00" testType="13cdc9d9-ddb5-4fa4-a97d-d965ccfc6d4b" outcome="Passed" testListId="8c84fa94-04c1-424b-9868-57a2d4851a1d" relativeResultsDirectory="fc98c95f-1c9a-4644-99f1-0a9e8ad38b64" /><UnitTestResult executionId="a49ff1f5-4918-4b1c-aecd-7fb7effad95b" testId="9ab69075-ccf1-4837-ae94-4b172780fda2" testName="Patch_InvalidReferencePropertyReturnsBadRequest" computerName="VECTOR" duration="00:00:00.0220000" startTime="2018-07-19T06:46:49.8311475-04:00" endTime="2018-07-19T06:46:49.8311547-04:00" testType="13cdc9d9-ddb5-4fa4-a97d-d965ccfc6d4b" outcome="Passed" testListId="8c84fa94-04c1-424b-9868-57a2d4851a1d" relativeResultsDirectory="a49ff1f5-4918-4b1c-aecd-7fb7effad95b" /><UnitTestResult executionId="036ef7d9-070d-4b21-922c-59688909e61f" testId="5c349552-6bd6-4152-81ec-f85894035c31" testName="Post_InvalidReferencePropertyReturnsBadRequest" computerName="VECTOR" duration="00:00:00.0770000" startTime="2018-07-19T06:46:39.1121009-04:00" endTime="2018-07-19T06:46:39.1121129-04:00" testType="13cdc9d9-ddb5-4fa4-a97d-d965ccfc6d4b" outcome="Passed" testListId="8c84fa94-04c1-424b-9868-57a2d4851a1d" relativeResultsDirectory="036ef7d9-070d-4b21-922c-59688909e61f" /><UnitTestResult executionId="d9a3813f-3ec2-4240-a882-36d3079cc1fc" testId="acdb889c-7f1b-45be-b1f6-0fe5835332e2" testName="GetSingle_InvalidIdPropertyValueReturnsNotFound" computerName="VECTOR" duration="00:00:00.0060000" startTime="2018-07-19T06:47:10.3757146-04:00" endTime="2018-07-19T06:47:10.3757177-04:00" testType="13cdc9d9-ddb5-4fa4-a97d-d965ccfc6d4b" outcome="Passed" testListId="8c84fa94-04c1-424b-9868-57a2d4851a1d" relativeResultsDirectory="d9a3813f-3ec2-4240-a882-36d3079cc1fc" /><UnitTestResult executionId="9ac26172-29ce-403f-8ed7-57653b1c36d7" testId="0679a6ce-f166-4882-a20f-73dcf3e60df8" testName="Post_ValidReferencePropertyCreatesModel" computerName="VECTOR" duration="00:00:00.1960000" startTime="2018-07-19T06:47:04.7227386-04:00" endTime="2018-07-19T06:47:04.7227457-04:00" testType="13cdc9d9-ddb5-4fa4-a97d-d965ccfc6d4b" outcome="Passed" testListId="8c84fa94-04c1-424b-9868-57a2d4851a1d" relativeResultsDirectory="9ac26172-29ce-403f-8ed7-57653b1c36d7" /><UnitTestResult executionId="987c764a-e30c-42ec-a0ea-10480b9ec3fa" testId="c359a84a-8c41-42ec-be3a-3f5ddc72ab94" testName="Delete_TargetModelIsDeleted" computerName="VECTOR" duration="00:00:00.2180000" startTime="2018-07-19T06:46:50.3263490-04:00" endTime="2018-07-19T06:46:50.3263549-04:00" testType="13cdc9d9-ddb5-4fa4-a97d-d965ccfc6d4b" outcome="Passed" testListId="8c84fa94-04c1-424b-9868-57a2d4851a1d" relativeResultsDirectory="987c764a-e30c-42ec-a0ea-10480b9ec3fa" /><UnitTestResult executionId="c7a60340-4368-464e-b3a1-547f85055515" testId="fa3f82bb-bc76-4c6f-a9b6-a4c2a4b515c4" testName="Patch_TargetPropertyIsUpdated" computerName="VECTOR" duration="00:00:00.3010000" startTime="2018-07-19T06:47:11.8978696-04:00" endTime="2018-07-19T06:47:11.8978770-04:00" testType="13cdc9d9-ddb5-4fa4-a97d-d965ccfc6d4b" outcome="Passed" testListId="8c84fa94-04c1-424b-9868-57a2d4851a1d" relativeResultsDirectory="c7a60340-4368-464e-b3a1-547f85055515" /><UnitTestResult executionId="9994adb7-6a7d-4c85-9cab-8ad13562db0f" testId="03626317-af09-4e8e-85e3-a9ff2ab104b1" testName="FileRequest_MeshGenerateSetsFileIsSynchronized" computerName="VECTOR" duration="00:00:02.1240000" startTime="2018-07-19T06:46:58.2149721-04:00" endTime="2018-07-19T06:46:58.2149790-04:00" testType="13cdc9d9-ddb5-4fa4-a97d-d965ccfc6d4b" outcome="Passed" testListId="8c84fa94-04c1-424b-9868-57a2d4851a1d" relativeResultsDirectory="9994adb7-6a7d-4c85-9cab-8ad13562db0f" /><UnitTestResult executionId="2aa89346-701f-4155-975e-4f2a3847564e" testId="863bddf4-bc73-42b5-a4dd-2f1735a28bd6" testName="PostFile_FileIsSynchronizedIsUpdatedAfterFileIsPosted" computerName="VECTOR" duration="00:00:00.3160000" startTime="2018-07-19T06:47:09.3483306-04:00" endTime="2018-07-19T06:47:09.3483377-04:00" testType="13cdc9d9-ddb5-4fa4-a97d-d965ccfc6d4b" outcome="Passed" testListId="8c84fa94-04c1-424b-9868-57a2d4851a1d" relativeResultsDirectory="2aa89346-701f-4155-975e-4f2a3847564e" /><UnitTestResult executionId="171889bf-d9bc-438e-aa62-4d75636d90ae" testId="b96b0106-17a8-43dd-8a2e-736454bc9d5c" testName="Patch_InvalidEnumPropertyValueReturnsBadRequest" computerName="VECTOR" duration="00:00:00.0010000" startTime="2018-07-19T06:47:10.3696142-04:00" endTime="2018-07-19T06:47:10.3696153-04:00" testType="13cdc9d9-ddb5-4fa4-a97d-d965ccfc6d4b" outcome="Passed" testListId="8c84fa94-04c1-424b-9868-57a2d4851a1d" relativeResultsDirectory="171889bf-d9bc-438e-aa62-4d75636d90ae" /><UnitTestResult executionId="3dbec9d1-60d9-4fb4-b056-e2d95d464c8d" testId="e0bc3b89-098b-45ee-8b38-80ce9cf8043b" testName="Put_CanUpdateModel" computerName="VECTOR" duration="00:00:00.2870000" startTime="2018-07-19T06:46:38.9176517-04:00" endTime="2018-07-19T06:46:38.9176582-04:00" testType="13cdc9d9-ddb5-4fa4-a97d-d965ccfc6d4b" outcome="Passed" testListId="8c84fa94-04c1-424b-9868-57a2d4851a1d" relativeResultsDirectory="3dbec9d1-60d9-4fb4-b056-e2d95d464c8d" /><UnitTestResult executionId="7c62f034-3548-4712-9668-855f9181d281" testId="65e59d85-fa64-4cbc-b56a-f11d154b5b61" testName="Patch_TargetPropertyIsUpdated" computerName="VECTOR" duration="00:00:00.2900000" startTime="2018-07-19T06:46:49.6243491-04:00" endTime="2018-07-19T06:46:49.6243556-04:00" testType="13cdc9d9-ddb5-4fa4-a97d-d965ccfc6d4b" outcome="Passed" testListId="8c84fa94-04c1-424b-9868-57a2d4851a1d" relativeResultsDirectory="7c62f034-3548-4712-9668-855f9181d281" /><UnitTestResult executionId="d084596a-b38e-4bd5-8db9-e2391f329d02" testId="d9cf4f63-f3ac-43d3-bc91-6f1b5f632dd4" testName="Put_InvalidReferencePropertyReturndBadRequest" computerName="VECTOR" duration="00:00:00.0300000" startTime="2018-07-19T06:46:41.7043222-04:00" endTime="2018-07-19T06:46:41.7043290-04:00" testType="13cdc9d9-ddb5-4fa4-a97d-d965ccfc6d4b" outcome="Passed" testListId="8c84fa94-04c1-424b-9868-57a2d4851a1d" relativeResultsDirectory="d084596a-b38e-4bd5-8db9-e2391f329d02" /><UnitTestResult executionId="65060ae4-5c12-4b53-907f-fedb1f93cb2b" testId="1889c5ab-91d7-4219-95df-ef1a728f3114" testName="Put_ValidReferencePropertyUpdatesModel" computerName="VECTOR" duration="00:00:00.4410000" startTime="2018-07-19T06:47:04.1238319-04:00" endTime="2018-07-19T06:47:04.1238385-04:00" testType="13cdc9d9-ddb5-4fa4-a97d-d965ccfc6d4b" outcome="Passed" testListId="8c84fa94-04c1-424b-9868-57a2d4851a1d" relativeResultsDirectory="65060ae4-5c12-4b53-907f-fedb1f93cb2b" /><UnitTestResult executionId="1c7a33e1-4030-48d1-b4e2-6cdd4f40d805" testId="1ddbf6be-5ad9-42a2-9cf7-5c3708a879bd" testName="Patch_MultipleInvalidReferencePropertiesReturnsMultipleValidationErrorsAndBadRequest" computerName="VECTOR" duration="00:00:00.0240000" startTime="2018-07-19T06:47:10.9396066-04:00" endTime="2018-07-19T06:47:10.9396137-04:00" testType="13cdc9d9-ddb5-4fa4-a97d-d965ccfc6d4b" outcome="Passed" testListId="8c84fa94-04c1-424b-9868-57a2d4851a1d" relativeResultsDirectory="1c7a33e1-4030-48d1-b4e2-6cdd4f40d805" /><UnitTestResult executionId="8d9e50fc-e7a4-4a76-a1aa-9d5b28cb030c" testId="34c8f69a-7dd6-4416-86c2-87f7913823d8" testName="FileRequest_DepthBufferIsInvalidatedAfterCameraDependencyPropertyChange" computerName="VECTOR" duration="00:00:01.1060000" startTime="2018-07-19T06:47:08.6885156-04:00" endTime="2018-07-19T06:47:08.6885225-04:00" testType="13cdc9d9-ddb5-4fa4-a97d-d965ccfc6d4b" outcome="Passed" testListId="8c84fa94-04c1-424b-9868-57a2d4851a1d" relativeResultsDirectory="8d9e50fc-e7a4-4a76-a1aa-9d5b28cb030c" /><UnitTestResult executionId="2325d061-9fc0-48a2-b007-03b293d49f5c" testId="1cedbaf7-61a7-4f66-a5dd-0e77c356591f" testName="Patch_InvalidIdPropertyReturnsNotFound" computerName="VECTOR" duration="00:00:00.0110000" startTime="2018-07-19T06:46:40.9454434-04:00" endTime="2018-07-19T06:46:40.9454494-04:00" testType="13cdc9d9-ddb5-4fa4-a97d-d965ccfc6d4b" outcome="Passed" testListId="8c84fa94-04c1-424b-9868-57a2d4851a1d" relativeResultsDirectory="2325d061-9fc0-48a2-b007-03b293d49f5c" /><UnitTestResult executionId="7b0a750e-d813-4e7f-b771-a70d5695272f" testId="de67dc0b-0b40-41f4-916d-a16e296f49ad" testName="Patch_InvalidIdPropertyReturnsNotFound" computerName="VECTOR" duration="00:00:00.0070000" startTime="2018-07-19T06:47:10.9464972-04:00" endTime="2018-07-19T06:47:10.9465038-04:00" testType="13cdc9d9-ddb5-4fa4-a97d-d965ccfc6d4b" outcome="Passed" testListId="8c84fa94-04c1-424b-9868-57a2d4851a1d" relativeResultsDirectory="7b0a750e-d813-4e7f-b771-a70d5695272f" /><UnitTestResult executionId="86ccf6d1-b04f-4dc6-a67f-42a0b4bf46ee" testId="eefede56-3496-496e-8ce1-bd0db8b204ac" testName="Post_CanCreateNewModel" computerName="VECTOR" duration="00:00:00.1500000" startTime="2018-07-19T06:47:03.4061063-04:00" endTime="2018-07-19T06:47:03.4061123-04:00" testType="13cdc9d9-ddb5-4fa4-a97d-d965ccfc6d4b" outcome="Passed" testListId="8c84fa94-04c1-424b-9868-57a2d4851a1d" relativeResultsDirectory="86ccf6d1-b04f-4dc6-a67f-42a0b4bf46ee" /><UnitTestResult executionId="f77e94c1-b97e-452f-a6f1-7cf154d45f7a" testId="94983519-2beb-4e6a-b94d-eb26a2e000fc" testName="GetFile_NonExistentFileReturnsNotFound" computerName="VECTOR" duration="00:00:00.0140000" startTime="2018-07-19T06:46:50.3738045-04:00" endTime="2018-07-19T06:46:50.3738102-04:00" testType="13cdc9d9-ddb5-4fa4-a97d-d965ccfc6d4b" outcome="Passed" testListId="8c84fa94-04c1-424b-9868-57a2d4851a1d" relativeResultsDirectory="f77e94c1-b97e-452f-a6f1-7cf154d45f7a" /><UnitTestResult executionId="e7efa993-44ce-48cb-930b-d0687b1a6e33" testId="aa55780e-1910-4f44-93fb-98dc4a354a40" testName="Put_ValidReferencePropertyUpdatesModel" computerName="VECTOR" duration="00:00:00.4280000" startTime="2018-07-19T06:46:45.1920134-04:00" endTime="2018-07-19T06:46:45.1920194-04:00" testType="13cdc9d9-ddb5-4fa4-a97d-d965ccfc6d4b" outcome="Passed" testListId="8c84fa94-04c1-424b-9868-57a2d4851a1d" relativeResultsDirectory="e7efa993-44ce-48cb-930b-d0687b1a6e33" /><UnitTestResult executionId="0ea6c741-9c81-47e9-a6a2-c144fac9edc7" testId="78208712-63f6-4d54-b555-dd4a193e6377" testName="GetList_ListReturnsCorrectCount" computerName="VECTOR" duration="00:00:00.0890000" startTime="2018-07-19T06:46:39.0075371-04:00" endTime="2018-07-19T06:46:39.0075433-04:00" testType="13cdc9d9-ddb5-4fa4-a97d-d965ccfc6d4b" outcome="Passed" testListId="8c84fa94-04c1-424b-9868-57a2d4851a1d" relativeResultsDirectory="0ea6c741-9c81-47e9-a6a2-c144fac9edc7" /><UnitTestResult executionId="6a919f97-a7da-47fd-9b6e-3fda6033a25d" testId="4422dbac-2618-48f1-a40c-5afad4c36e31" testName="Post_InvalidReferencePropertyReturnsBadRequest" computerName="VECTOR" duration="00:00:00.0080000" startTime="2018-07-19T06:47:04.1710525-04:00" endTime="2018-07-19T06:47:04.1710593-04:00" testType="13cdc9d9-ddb5-4fa4-a97d-d965ccfc6d4b" outcome="Passed" testListId="8c84fa94-04c1-424b-9868-57a2d4851a1d" relativeResultsDirectory="6a919f97-a7da-47fd-9b6e-3fda6033a25d" /><UnitTestResult executionId="ebc9f9d6-a13c-4c5b-aec9-eef4c824f64d" testId="e133f796-687c-4ff4-bcf1-5d80b01781f2" testName="Post_ValidReferencePropertyCreatesModel" computerName="VECTOR" duration="00:00:00.2030000" startTime="2018-07-19T06:46:45.4005185-04:00" endTime="2018-07-19T06:46:45.4005245-04:00" testType="13cdc9d9-ddb5-4fa4-a97d-d965ccfc6d4b" outcome="Passed" testListId="8c84fa94-04c1-424b-9868-57a2d4851a1d" relativeResultsDirectory="ebc9f9d6-a13c-4c5b-aec9-eef4c824f64d" /><UnitTestResult executionId="66d520d7-8a4f-4d52-b6c5-2e3f4072992e" testId="26035b31-f9ef-4251-a7c5-a496cfd379fa" testName="GetFile_FileCanBeRoundTripped" computerName="VECTOR" duration="00:00:00.3580000" startTime="2018-07-19T06:46:44.0256789-04:00" endTime="2018-07-19T06:46:44.0256851-04:00" testType="13cdc9d9-ddb5-4fa4-a97d-d965ccfc6d4b" outcome="Passed" testListId="8c84fa94-04c1-424b-9868-57a2d4851a1d" relativeResultsDirectory="66d520d7-8a4f-4d52-b6c5-2e3f4072992e" /><UnitTestResult executionId="be11bed4-7040-4707-a94f-289c44ef3fcf" testId="6a4c7a6c-5f47-48b6-ab03-4129fc531c55" testName="FileRequest_FileCanBeReadAfterRename" computerName="VECTOR" duration="00:00:00.4790000" startTime="2018-07-19T06:46:43.2257898-04:00" endTime="2018-07-19T06:46:43.2257958-04:00" testType="13cdc9d9-ddb5-4fa4-a97d-d965ccfc6d4b" outcome="Passed" testListId="8c84fa94-04c1-424b-9868-57a2d4851a1d" relativeResultsDirectory="be11bed4-7040-4707-a94f-289c44ef3fcf" /><UnitTestResult executionId="31d10c6a-00b6-4022-adcc-ded72076ce90" testId="4a5f690d-2bd3-4fa1-9ef6-bc59909f904d" testName="GetSingle_ValidIdPropertyValueReturnsCorrectModel" computerName="VECTOR" duration="00:00:00.0130000" startTime="2018-07-19T06:47:09.9943201-04:00" endTime="2018-07-19T06:47:09.9943258-04:00" testType="13cdc9d9-ddb5-4fa4-a97d-d965ccfc6d4b" outcome="Passed" testListId="8c84fa94-04c1-424b-9868-57a2d4851a1d" relativeResultsDirectory="31d10c6a-00b6-4022-adcc-ded72076ce90" /><UnitTestResult executionId="5cf3a78d-2757-48db-8458-a1df4aeeab4d" testId="0b587c08-056e-4d3c-bf26-4c93e0554a2b" testName="Post_InvalidPropertyValueReturnsBadRequest" computerName="VECTOR" duration="00:00:00.0050000" startTime="2018-07-19T06:46:45.1971705-04:00" endTime="2018-07-19T06:46:45.1971733-04:00" testType="13cdc9d9-ddb5-4fa4-a97d-d965ccfc6d4b" outcome="Passed" testListId="8c84fa94-04c1-424b-9868-57a2d4851a1d" relativeResultsDirectory="5cf3a78d-2757-48db-8458-a1df4aeeab4d" /><UnitTestResult executionId="76772086-2ee6-4536-96c9-7545e0280e9a" testId="4f4c4a3d-1641-4536-aa6c-7962db430e10" testName="Delete_TargetModelIsDeleted" computerName="VECTOR" duration="00:00:00.2110000" startTime="2018-07-19T06:47:03.2478117-04:00" endTime="2018-07-19T06:47:03.2478191-04:00" testType="13cdc9d9-ddb5-4fa4-a97d-d965ccfc6d4b" outcome="Passed" testListId="8c84fa94-04c1-424b-9868-57a2d4851a1d" relativeResultsDirectory="76772086-2ee6-4536-96c9-7545e0280e9a" /><UnitTestResult executionId="86ae7ace-9b55-4190-b4b4-1743081b215f" testId="de50ca50-9792-44aa-8c87-c50075e90640" testName="Post_InvalidReferencePropertyReturnsBadRequest" computerName="VECTOR" duration="00:00:00.0060000" startTime="2018-07-19T06:46:46.4024513-04:00" endTime="2018-07-19T06:46:46.4024578-04:00" testType="13cdc9d9-ddb5-4fa4-a97d-d965ccfc6d4b" outcome="Passed" testListId="8c84fa94-04c1-424b-9868-57a2d4851a1d" relativeResultsDirectory="86ae7ace-9b55-4190-b4b4-1743081b215f" /><UnitTestResult executionId="4870004d-f801-4b6e-86b9-f29e2351d52a" testId="54ad72a9-4e42-4d27-ae8f-715405986035" testName="FileRequest_FileCanBeReadAfterRename" computerName="VECTOR" duration="00:00:00.4570000" startTime="2018-07-19T06:46:59.0149419-04:00" endTime="2018-07-19T06:46:59.0149502-04:00" testType="13cdc9d9-ddb5-4fa4-a97d-d965ccfc6d4b" outcome="Passed" testListId="8c84fa94-04c1-424b-9868-57a2d4851a1d" relativeResultsDirectory="4870004d-f801-4b6e-86b9-f29e2351d52a" /><UnitTestResult executionId="b0f41d57-876e-42bb-ad5c-7e62efae649a" testId="f43d8287-7cfb-4d34-88ae-1c2c80373e6a" testName="PostFile_FileIsSynchronizedIsUpdatedAfterFileIsPosted" computerName="VECTOR" duration="00:00:00.3420000" startTime="2018-07-19T06:46:58.5571241-04:00" endTime="2018-07-19T06:46:58.5571312-04:00" testType="13cdc9d9-ddb5-4fa4-a97d-d965ccfc6d4b" outcome="Passed" testListId="8c84fa94-04c1-424b-9868-57a2d4851a1d" relativeResultsDirectory="b0f41d57-876e-42bb-ad5c-7e62efae649a" /><UnitTestResult executionId="e8fda809-2b27-43c6-9bd8-85828a1f1cb6" testId="e91d218f-3a82-4ca1-82a5-b4a0b2454c27" testName="Put_ValidReferencePropertyUpdatesModel" computerName="VECTOR" duration="00:00:00.2950000" startTime="2018-07-19T06:47:11.5967248-04:00" endTime="2018-07-19T06:47:11.5967328-04:00" testType="13cdc9d9-ddb5-4fa4-a97d-d965ccfc6d4b" outcome="Passed" testListId="8c84fa94-04c1-424b-9868-57a2d4851a1d" relativeResultsDirectory="e8fda809-2b27-43c6-9bd8-85828a1f1cb6" /><UnitTestResult executionId="79c3d6da-0f53-402a-af53-46451b2f0859" testId="26373bec-bea8-42ce-9374-1e61e51936bc" testName="Patch_InvalidEnumPropertyValueReturnsBadRequest" computerName="VECTOR" duration="00:00:00.0110000" startTime="2018-07-19T06:46:41.2105607-04:00" endTime="2018-07-19T06:46:41.2105647-04:00" testType="13cdc9d9-ddb5-4fa4-a97d-d965ccfc6d4b" outcome="Passed" testListId="8c84fa94-04c1-424b-9868-57a2d4851a1d" relativeResultsDirectory="79c3d6da-0f53-402a-af53-46451b2f0859" /><UnitTestResult executionId="6d71d6e9-149d-47b8-84b0-a28a722524f1" testId="c781d820-abc0-406d-ac00-b6141e74126e" testName="Put_CanUpdateModel" computerName="VECTOR" duration="00:00:00.3750000" startTime="2018-07-19T06:46:40.1195640-04:00" endTime="2018-07-19T06:46:40.1195720-04:00" testType="13cdc9d9-ddb5-4fa4-a97d-d965ccfc6d4b" outcome="Passed" testListId="8c84fa94-04c1-424b-9868-57a2d4851a1d" relativeResultsDirectory="6d71d6e9-149d-47b8-84b0-a28a722524f1" /><UnitTestResult executionId="80d018cb-85f3-4d72-8eb1-fe159a11c114" testId="b3610a12-05f3-4896-86a4-3338019a4b98" testName="PutFile_FileCanBeUpdated" computerName="VECTOR" duration="00:00:00.4650000" startTime="2018-07-19T06:46:54.2418186-04:00" endTime="2018-07-19T06:46:54.2418263-04:00" testType="13cdc9d9-ddb5-4fa4-a97d-d965ccfc6d4b" outcome="Passed" testListId="8c84fa94-04c1-424b-9868-57a2d4851a1d" relativeResultsDirectory="80d018cb-85f3-4d72-8eb1-fe159a11c114" /><UnitTestResult executionId="9957e2ac-b54f-4562-9691-de9969f5bd25" testId="3714bbd8-fa4b-49ec-aa08-5c26426e1a81" testName="GetSingle_ValidIdPropertyValueReturnsCorrectModel" computerName="VECTOR" duration="00:00:00.0070000" startTime="2018-07-19T06:46:50.3341106-04:00" endTime="2018-07-19T06:46:50.3341146-04:00" testType="13cdc9d9-ddb5-4fa4-a97d-d965ccfc6d4b" outcome="Passed" testListId="8c84fa94-04c1-424b-9868-57a2d4851a1d" relativeResultsDirectory="9957e2ac-b54f-4562-9691-de9969f5bd25" /><UnitTestResult executionId="6f8f4a6c-9905-48da-a798-ffee78b43c90" testId="72d25a03-26a0-4cfc-a1d6-d4fa8bf48cb4" testName="Patch_MultipleInvalidReferencePropertiesReturnsMultipleValidationErrorsAndBadRequest" computerName="VECTOR" duration="00:00:00.0300000" startTime="2018-07-19T06:46:49.8994200-04:00" endTime="2018-07-19T06:46:49.8994277-04:00" testType="13cdc9d9-ddb5-4fa4-a97d-d965ccfc6d4b" outcome="Passed" testListId="8c84fa94-04c1-424b-9868-57a2d4851a1d" relativeResultsDirectory="6f8f4a6c-9905-48da-a798-ffee78b43c90" /><UnitTestResult executionId="41a1b67f-a2a3-4415-a248-1e6bd7a7b320" testId="3fddc1ea-c989-48a6-bf7e-0a562f49a2d0" testName="Put_InvalidReferencePropertyReturndBadRequest" computerName="VECTOR" duration="00:00:00.0190000" startTime="2018-07-19T06:47:10.7410061-04:00" endTime="2018-07-19T06:47:10.7410138-04:00" testType="13cdc9d9-ddb5-4fa4-a97d-d965ccfc6d4b" outcome="Passed" testListId="8c84fa94-04c1-424b-9868-57a2d4851a1d" relativeResultsDirectory="41a1b67f-a2a3-4415-a248-1e6bd7a7b320" /><UnitTestResult executionId="cf31388d-b4b5-4a24-9982-72b5e1a3c8ac" testId="7492c2d7-8bab-4ff9-a434-5236291dbe81" testName="Patch_InvalidPropertyNameReturnsBadRequest" computerName="VECTOR" duration="00:00:00.0080000" startTime="2018-07-19T06:46:40.2298800-04:00" endTime="2018-07-19T06:46:40.2298860-04:00" testType="13cdc9d9-ddb5-4fa4-a97d-d965ccfc6d4b" outcome="Passed" testListId="8c84fa94-04c1-424b-9868-57a2d4851a1d" relativeResultsDirectory="cf31388d-b4b5-4a24-9982-72b5e1a3c8ac" /><UnitTestResult executionId="724dd4af-6703-4dbf-b5c1-b7eb72c69a51" testId="c6a2d129-0550-4260-b6de-ed1de094941c" testName="Post_CanCreateNewModel" computerName="VECTOR" duration="00:00:00.2000000" startTime="2018-07-19T06:46:41.4104443-04:00" endTime="2018-07-19T06:46:41.4104515-04:00" testType="13cdc9d9-ddb5-4fa4-a97d-d965ccfc6d4b" outcome="Passed" testListId="8c84fa94-04c1-424b-9868-57a2d4851a1d" relativeResultsDirectory="724dd4af-6703-4dbf-b5c1-b7eb72c69a51" /><UnitTestResult executionId="fa25061e-e424-41d4-bbf9-e6572c0a55dc" testId="01249240-c710-40d7-851e-8e789f656b70" testName="MeshTransformHasExpectedDependentFiles" computerName="VECTOR" duration="00:00:00.0010000" startTime="2018-07-19T06:46:36.9798963-04:00" endTime="2018-07-19T06:46:36.9798974-04:00" testType="13cdc9d9-ddb5-4fa4-a97d-d965ccfc6d4b" outcome="Passed" testListId="8c84fa94-04c1-424b-9868-57a2d4851a1d" relativeResultsDirectory="fa25061e-e424-41d4-bbf9-e6572c0a55dc" /><UnitTestResult executionId="8902daa5-04ef-49f3-8af4-85174bf055f0" testId="3f503333-4074-4b25-ac39-a1dfad50df70" testName="Post_InvalidPropertyValueReturnsBadRequest" computerName="VECTOR" duration="00:00:00.0090000" startTime="2018-07-19T06:46:39.0326357-04:00" endTime="2018-07-19T06:46:39.0326411-04:00" testType="13cdc9d9-ddb5-4fa4-a97d-d965ccfc6d4b" outcome="Passed" testListId="8c84fa94-04c1-424b-9868-57a2d4851a1d" relativeResultsDirectory="8902daa5-04ef-49f3-8af4-85174bf055f0" /><UnitTestResult executionId="9da10446-e574-417c-a1d4-5584761b0937" testId="10c4d1cc-d539-4198-8624-8f3cd6c5ad35" testName="Patch_InvalidEnumPropertyValueReturnsBadRequest" computerName="VECTOR" duration="00:00:00.0210000" startTime="2018-07-19T06:47:02.7625789-04:00" endTime="2018-07-19T06:47:02.7625845-04:00" testType="13cdc9d9-ddb5-4fa4-a97d-d965ccfc6d4b" outcome="Passed" testListId="8c84fa94-04c1-424b-9868-57a2d4851a1d" relativeResultsDirectory="9da10446-e574-417c-a1d4-5584761b0937" /><UnitTestResult executionId="28b49ecf-9035-4e35-b413-6333f3f4d47a" testId="337cfa6c-cb5c-4c0f-b803-a716074d97c1" testName="PostFile_NewFileCanBePosted" computerName="VECTOR" duration="00:00:00.4410000" startTime="2018-07-19T06:46:43.6676541-04:00" endTime="2018-07-19T06:46:43.6676681-04:00" testType="13cdc9d9-ddb5-4fa4-a97d-d965ccfc6d4b" outcome="Passed" testListId="8c84fa94-04c1-424b-9868-57a2d4851a1d" relativeResultsDirectory="28b49ecf-9035-4e35-b413-6333f3f4d47a" /><UnitTestResult executionId="01e5cc74-dab0-41dd-9226-5c1a056545f3" testId="cafe1fec-bd34-4714-b4dd-421859de0cd9" testName="Patch_InvalidIdPropertyReturnsNotFound" computerName="VECTOR" duration="00:00:00.0060000" startTime="2018-07-19T06:46:45.4272848-04:00" endTime="2018-07-19T06:46:45.4272888-04:00" testType="13cdc9d9-ddb5-4fa4-a97d-d965ccfc6d4b" outcome="Passed" testListId="8c84fa94-04c1-424b-9868-57a2d4851a1d" relativeResultsDirectory="01e5cc74-dab0-41dd-9226-5c1a056545f3" /><UnitTestResult executionId="b392bac4-2d58-480a-ac20-d734b29e1f9e" testId="83d04712-daa7-44da-a50d-7068bbb3a3a6" testName="Post_ValidReferencePropertyCreatesModel" computerName="VECTOR" duration="00:00:00.0040000" startTime="2018-07-19T06:46:37.5082458-04:00" endTime="2018-07-19T06:46:37.5082481-04:00" testType="13cdc9d9-ddb5-4fa4-a97d-d965ccfc6d4b" outcome="Passed" testListId="8c84fa94-04c1-424b-9868-57a2d4851a1d" relativeResultsDirectory="b392bac4-2d58-480a-ac20-d734b29e1f9e" /><UnitTestResult executionId="791c49fe-aa74-4b74-aeb1-7cf35c4c6cdc" testId="1a92eb9b-410b-413d-b0d5-9874a0994b75" testName="GetList_ListReturnsCorrectCount" computerName="VECTOR" duration="00:00:00.0630000" startTime="2018-07-19T06:46:41.1993643-04:00" endTime="2018-07-19T06:46:41.1993737-04:00" testType="13cdc9d9-ddb5-4fa4-a97d-d965ccfc6d4b" outcome="Passed" testListId="8c84fa94-04c1-424b-9868-57a2d4851a1d" relativeResultsDirectory="791c49fe-aa74-4b74-aeb1-7cf35c4c6cdc" /><UnitTestResult executionId="4f839c09-9f94-4394-a918-2d21e46156bf" testId="7ba03a4e-6ebb-4585-82e0-a23fcb690999" testName="PutFile_NewFileCanBePut" computerName="VECTOR" duration="00:00:00.3280000" startTime="2018-07-19T06:47:09.0321551-04:00" endTime="2018-07-19T06:47:09.0321616-04:00" testType="13cdc9d9-ddb5-4fa4-a97d-d965ccfc6d4b" outcome="Passed" testListId="8c84fa94-04c1-424b-9868-57a2d4851a1d" relativeResultsDirectory="4f839c09-9f94-4394-a918-2d21e46156bf" /><UnitTestResult executionId="8559f066-8e06-4cca-8cdb-a8c6c78a8c52" testId="9b325663-36ce-4509-accc-09bfea2b6002" testName="Patch_ValidReferencePropertyUpdatesModel" computerName="VECTOR" duration="00:00:00.3160000" startTime="2018-07-19T06:46:40.5592006-04:00" endTime="2018-07-19T06:46:40.5592071-04:00" testType="13cdc9d9-ddb5-4fa4-a97d-d965ccfc6d4b" outcome="Passed" testListId="8c84fa94-04c1-424b-9868-57a2d4851a1d" relativeResultsDirectory="8559f066-8e06-4cca-8cdb-a8c6c78a8c52" /><UnitTestResult executionId="44eb97bc-886d-46ee-80d8-594919c1a82b" testId="267bfe02-0f62-455d-89cd-48317aa85f28" testName="Patch_MultipleInvalidReferencePropertiesReturnsMultipleValidationErrorsAndBadRequest" computerName="VECTOR" duration="00:00:00.0220000" startTime="2018-07-19T06:46:44.5163051-04:00" endTime="2018-07-19T06:46:44.5163108-04:00" testType="13cdc9d9-ddb5-4fa4-a97d-d965ccfc6d4b" outcome="Passed" testListId="8c84fa94-04c1-424b-9868-57a2d4851a1d" relativeResultsDirectory="44eb97bc-886d-46ee-80d8-594919c1a82b" /><UnitTestResult executionId="f067a9ea-395d-4402-b997-09e4cc74e15b" testId="189609f5-4a76-40bc-be89-886c1b53623d" testName="GetSingle_ValidIdPropertyValueReturnsCorrectModel" computerName="VECTOR" duration="00:00:00.0080000" startTime="2018-07-19T06:47:04.1793454-04:00" endTime="2018-07-19T06:47:04.1793514-04:00" testType="13cdc9d9-ddb5-4fa4-a97d-d965ccfc6d4b" outcome="Passed" testListId="8c84fa94-04c1-424b-9868-57a2d4851a1d" relativeResultsDirectory="f067a9ea-395d-4402-b997-09e4cc74e15b" /><UnitTestResult executionId="731b3780-5f01-4ea8-a08b-a36ee9455cd2" testId="d8ef36bd-eaec-48fc-bb4c-bb66ddd3b117" testName="Patch_ValidReferencePropertyUpdatesModel" computerName="VECTOR" duration="00:00:00.3240000" startTime="2018-07-19T06:46:45.7517854-04:00" endTime="2018-07-19T06:46:45.7517933-04:00" testType="13cdc9d9-ddb5-4fa4-a97d-d965ccfc6d4b" outcome="Passed" testListId="8c84fa94-04c1-424b-9868-57a2d4851a1d" relativeResultsDirectory="731b3780-5f01-4ea8-a08b-a36ee9455cd2" /><UnitTestResult executionId="a1f53cd3-7abc-47f0-81f0-147c11605fb9" testId="3187d7a7-89e8-479a-9195-0a0c211e8d82" testName="Patch_InvalidIdPropertyReturnsNotFound" computerName="VECTOR" duration="00:00:00.0070000" startTime="2018-07-19T06:47:03.2556069-04:00" endTime="2018-07-19T06:47:03.2556126-04:00" testType="13cdc9d9-ddb5-4fa4-a97d-d965ccfc6d4b" outcome="Passed" testListId="8c84fa94-04c1-424b-9868-57a2d4851a1d" relativeResultsDirectory="a1f53cd3-7abc-47f0-81f0-147c11605fb9" /><UnitTestResult executionId="d3833144-030d-48af-9382-b4670b7ee1d0" testId="4b877f0c-42ba-44ee-bc5d-cbcf343f66ee" testName="Put_InvalidReferencePropertyReturndBadRequest" computerName="VECTOR" duration="00:00:00.0020000" startTime="2018-07-19T06:46:39.0133813-04:00" endTime="2018-07-19T06:46:39.0133838-04:00" testType="13cdc9d9-ddb5-4fa4-a97d-d965ccfc6d4b" outcome="Passed" testListId="8c84fa94-04c1-424b-9868-57a2d4851a1d" relativeResultsDirectory="d3833144-030d-48af-9382-b4670b7ee1d0" /><UnitTestResult executionId="d3bcc8ac-bea5-4f04-b456-5a46c439ffc4" testId="9b883eeb-7771-42b5-b9d2-163153779e43" testName="GetSingle_ValidIdPropertyValueReturnsCorrectModel" computerName="VECTOR" duration="00:00:00.0100000" startTime="2018-07-19T06:46:40.2431177-04:00" endTime="2018-07-19T06:46:40.2431208-04:00" testType="13cdc9d9-ddb5-4fa4-a97d-d965ccfc6d4b" outcome="Passed" testListId="8c84fa94-04c1-424b-9868-57a2d4851a1d" relativeResultsDirectory="d3bcc8ac-bea5-4f04-b456-5a46c439ffc4" /><UnitTestResult executionId="4e50dd1f-8c4d-45a6-a8cc-e69d172124c6" testId="c916eafb-df50-4276-89b5-ccbdcc9e4e86" testName="Patch_InvalidReferencePropertyReturnsBadRequest" computerName="VECTOR" duration="00:00:00.0220000" startTime="2018-07-19T06:47:04.1467585-04:00" endTime="2018-07-19T06:47:04.1467676-04:00" testType="13cdc9d9-ddb5-4fa4-a97d-d965ccfc6d4b" outcome="Passed" testListId="8c84fa94-04c1-424b-9868-57a2d4851a1d" relativeResultsDirectory="4e50dd1f-8c4d-45a6-a8cc-e69d172124c6" /><UnitTestResult executionId="e9b74bd4-97fa-4e88-a281-91fe68d22ede" testId="030f1086-5c70-4234-894c-d0e3d4692935" testName="Post_CanCreateNewModel" computerName="VECTOR" duration="00:00:00.1750000" startTime="2018-07-19T06:46:38.5592017-04:00" endTime="2018-07-19T06:46:38.5592133-04:00" testType="13cdc9d9-ddb5-4fa4-a97d-d965ccfc6d4b" outcome="Passed" testListId="8c84fa94-04c1-424b-9868-57a2d4851a1d" relativeResultsDirectory="e9b74bd4-97fa-4e88-a281-91fe68d22ede" /><UnitTestResult executionId="1f09114a-3bcd-47ef-a71b-30422795bbac" testId="ebf35a8a-ece3-4000-aa68-80733371d6de" testName="Post_InvalidReferencePropertyReturnsBadRequest" computerName="VECTOR" duration="00:00:00.0030000" startTime="2018-07-19T06:46:37.5083009-04:00" endTime="2018-07-19T06:46:37.5083018-04:00" testType="13cdc9d9-ddb5-4fa4-a97d-d965ccfc6d4b" outcome="Passed" testListId="8c84fa94-04c1-424b-9868-57a2d4851a1d" relativeResultsDirectory="1f09114a-3bcd-47ef-a71b-30422795bbac" /><UnitTestResult executionId="89d4e1bd-d8e9-4540-85d9-48e61b6e8482" testId="b4c7482d-a3b8-4c2d-948a-d96bff539223" testName="GetList_ListReturnsCorrectCount" computerName="VECTOR" duration="00:00:00.0460000" startTime="2018-07-19T06:47:10.3694536-04:00" endTime="2018-07-19T06:47:10.3694604-04:00" testType="13cdc9d9-ddb5-4fa4-a97d-d965ccfc6d4b" outcome="Passed" testListId="8c84fa94-04c1-424b-9868-57a2d4851a1d" relativeResultsDirectory="89d4e1bd-d8e9-4540-85d9-48e61b6e8482" /><UnitTestResult executionId="feb42e6c-73cb-4b61-b71d-6f40dea3423c" testId="18a9feac-4be0-407e-990a-965d4af898fb" testName="Model3dHasExpectedDependentFiles" computerName="VECTOR" duration="00:00:00.0360000" startTime="2018-07-19T06:46:36.5894152-04:00" endTime="2018-07-19T06:46:36.5894220-04:00" testType="13cdc9d9-ddb5-4fa4-a97d-d965ccfc6d4b" outcome="Passed" testListId="8c84fa94-04c1-424b-9868-57a2d4851a1d" relativeResultsDirectory="feb42e6c-73cb-4b61-b71d-6f40dea3423c" /><UnitTestResult executionId="98c3cc18-228e-41c6-9899-0470a3dd084d" testId="e423b536-c2f8-42b3-b02c-491520b0df92" testName="GetFile_FileCanBeRoundTripped" computerName="VECTOR" duration="00:00:00.3150000" startTime="2018-07-19T06:47:09.9804998-04:00" endTime="2018-07-19T06:47:09.9805058-04:00" testType="13cdc9d9-ddb5-4fa4-a97d-d965ccfc6d4b" outcome="Passed" testListId="8c84fa94-04c1-424b-9868-57a2d4851a1d" relativeResultsDirectory="98c3cc18-228e-41c6-9899-0470a3dd084d" /><UnitTestResult executionId="b8155636-8506-41a9-b403-7d5a1405e719" testId="db0449c9-110d-474e-9c7a-3de1d324ea4b" testName="GetSingle_InvalidIdPropertyValueReturnsNotFound" computerName="VECTOR" duration="00:00:00.0320000" startTime="2018-07-19T06:46:40.1517431-04:00" endTime="2018-07-19T06:46:40.1517508-04:00" testType="13cdc9d9-ddb5-4fa4-a97d-d965ccfc6d4b" outcome="Passed" testListId="8c84fa94-04c1-424b-9868-57a2d4851a1d" relativeResultsDirectory="b8155636-8506-41a9-b403-7d5a1405e719" /><UnitTestResult executionId="ee753f44-e719-4a42-94c0-172b4696cb93" testId="5f1baadf-027f-4c5a-a595-78f8610360f4" testName="FileRequest_FileCanBeReadAfterRename" computerName="VECTOR" duration="00:00:00.4910000" startTime="2018-07-19T06:47:07.5821501-04:00" endTime="2018-07-19T06:47:07.5821560-04:00" testType="13cdc9d9-ddb5-4fa4-a97d-d965ccfc6d4b" outcome="Passed" testListId="8c84fa94-04c1-424b-9868-57a2d4851a1d" relativeResultsDirectory="ee753f44-e719-4a42-94c0-172b4696cb93" /><UnitTestResult executionId="4a5efd2d-0343-4af6-afa1-fdecc74732d1" testId="21bf7764-74f9-4439-8915-7e1ead5abad9" testName="GetList_ListReturnsCorrectCount" computerName="VECTOR" duration="00:00:00.1130000" startTime="2018-07-19T06:47:02.8758775-04:00" endTime="2018-07-19T06:47:02.8758846-04:00" testType="13cdc9d9-ddb5-4fa4-a97d-d965ccfc6d4b" outcome="Passed" testListId="8c84fa94-04c1-424b-9868-57a2d4851a1d" relativeResultsDirectory="4a5efd2d-0343-4af6-afa1-fdecc74732d1" /><UnitTestResult executionId="69029278-02ee-4260-9a05-31e6908d0406" testId="4c9f46b7-68ba-4a04-a88d-bea84587c7cd" testName="Post_CanCreateNewModel" computerName="VECTOR" duration="00:00:00.1520000" startTime="2018-07-19T06:47:10.1469618-04:00" endTime="2018-07-19T06:47:10.1469697-04:00" testType="13cdc9d9-ddb5-4fa4-a97d-d965ccfc6d4b" outcome="Passed" testListId="8c84fa94-04c1-424b-9868-57a2d4851a1d" relativeResultsDirectory="69029278-02ee-4260-9a05-31e6908d0406" /><UnitTestResult executionId="9c651258-c736-4cef-9008-50dea06df95d" testId="2278921a-baea-4abe-ba49-9087b19360af" testName="Put_CanUpdateModel" computerName="VECTOR" duration="00:00:00.3080000" startTime="2018-07-19T06:46:46.3753504-04:00" endTime="2018-07-19T06:46:46.3753567-04:00" testType="13cdc9d9-ddb5-4fa4-a97d-d965ccfc6d4b" outcome="Passed" testListId="8c84fa94-04c1-424b-9868-57a2d4851a1d" relativeResultsDirectory="9c651258-c736-4cef-9008-50dea06df95d" /><UnitTestResult executionId="d64d7b97-4b1e-4fc9-b78e-cde921569209" testId="a0337b37-9d0d-426a-af83-4f676e69712c" testName="Put_InvalidIdReturnsNotFound" computerName="VECTOR" duration="00:00:00.0180000" startTime="2018-07-19T06:47:10.1654496-04:00" endTime="2018-07-19T06:47:10.1654567-04:00" testType="13cdc9d9-ddb5-4fa4-a97d-d965ccfc6d4b" outcome="Passed" testListId="8c84fa94-04c1-424b-9868-57a2d4851a1d" relativeResultsDirectory="d64d7b97-4b1e-4fc9-b78e-cde921569209" /><UnitTestResult executionId="66283a42-a7ed-433f-be70-ec65918e71a3" testId="3229e76c-12b9-4719-923f-626d191042fa" testName="Post_InvalidReferencePropertyReturnsBadRequest" computerName="VECTOR" duration="00:00:00.0090000" startTime="2018-07-19T06:47:10.3848934-04:00" endTime="2018-07-19T06:47:10.3849008-04:00" testType="13cdc9d9-ddb5-4fa4-a97d-d965ccfc6d4b" outcome="Passed" testListId="8c84fa94-04c1-424b-9868-57a2d4851a1d" relativeResultsDirectory="66283a42-a7ed-433f-be70-ec65918e71a3" /><UnitTestResult executionId="89cbe3e2-9af1-4c8a-aa2c-81b0bc2a00a8" testId="0dece65d-fd80-443d-997b-7f4a4bc4b4d6" testName="Patch_TargetPropertyIsUpdated" computerName="VECTOR" duration="00:00:00.6310000" startTime="2018-07-19T06:46:39.7435424-04:00" endTime="2018-07-19T06:46:39.7435490-04:00" testType="13cdc9d9-ddb5-4fa4-a97d-d965ccfc6d4b" outcome="Passed" testListId="8c84fa94-04c1-424b-9868-57a2d4851a1d" relativeResultsDirectory="89cbe3e2-9af1-4c8a-aa2c-81b0bc2a00a8" /><UnitTestResult executionId="5850640d-d137-4522-80c6-2bfeb6a3c10a" testId="855c2003-c54d-4417-bb46-1bf061492ca7" testName="GetSingle_InvalidIdPropertyValueReturnsNotFound" computerName="VECTOR" duration="00:00:00.0110000" startTime="2018-07-19T06:47:04.5267230-04:00" endTime="2018-07-19T06:47:04.5267293-04:00" testType="13cdc9d9-ddb5-4fa4-a97d-d965ccfc6d4b" outcome="Passed" testListId="8c84fa94-04c1-424b-9868-57a2d4851a1d" relativeResultsDirectory="5850640d-d137-4522-80c6-2bfeb6a3c10a" /><UnitTestResult executionId="9bc9cfbd-7c4e-4e39-808c-ad9915cc54e1" testId="60c7f2d3-7b0d-40d7-8a2c-4fae21c2345f" testName="Patch_ValidReferencePropertyUpdatesModel" computerName="VECTOR" duration="00:00:00.8720000" startTime="2018-07-19T06:46:48.3414137-04:00" endTime="2018-07-19T06:46:48.3414205-04:00" testType="13cdc9d9-ddb5-4fa4-a97d-d965ccfc6d4b" outcome="Passed" testListId="8c84fa94-04c1-424b-9868-57a2d4851a1d" relativeResultsDirectory="9bc9cfbd-7c4e-4e39-808c-ad9915cc54e1" /><UnitTestResult executionId="0634073d-5255-4be4-8d36-76ee7250575d" testId="bfac7c28-d074-4605-8822-4d8489730161" testName="GetSingle_InvalidIdPropertyValueReturnsNotFound" computerName="VECTOR" duration="00:00:00.0110000" startTime="2018-07-19T06:46:46.3863733-04:00" endTime="2018-07-19T06:46:46.3863807-04:00" testType="13cdc9d9-ddb5-4fa4-a97d-d965ccfc6d4b" outcome="Passed" testListId="8c84fa94-04c1-424b-9868-57a2d4851a1d" relativeResultsDirectory="0634073d-5255-4be4-8d36-76ee7250575d" /><UnitTestResult executionId="d5a6d5b4-321b-457c-9268-22f5b2cb0871" testId="f58e244a-b0e1-4d40-aa06-0837743b8daf" testName="Patch_InvalidEnumPropertyValueReturnsBadRequest" computerName="VECTOR" duration="00:00:00.0010000" startTime="2018-07-19T06:46:45.4274809-04:00" endTime="2018-07-19T06:46:45.4274821-04:00" testType="13cdc9d9-ddb5-4fa4-a97d-d965ccfc6d4b" outcome="Passed" testListId="8c84fa94-04c1-424b-9868-57a2d4851a1d" relativeResultsDirectory="d5a6d5b4-321b-457c-9268-22f5b2cb0871" /><UnitTestResult executionId="59f5a0af-418d-41bf-89d1-2a2f03e6521d" testId="bf20bf10-86a1-4d37-a3f8-8085aeecc090" testName="PutFile_FileCanBeUpdated" computerName="VECTOR" duration="00:00:00.4840000" startTime="2018-07-19T06:46:42.6372715-04:00" endTime="2018-07-19T06:46:42.6372831-04:00" testType="13cdc9d9-ddb5-4fa4-a97d-d965ccfc6d4b" outcome="Passed" testListId="8c84fa94-04c1-424b-9868-57a2d4851a1d" relativeResultsDirectory="59f5a0af-418d-41bf-89d1-2a2f03e6521d" /><UnitTestResult executionId="7c835bb5-af0d-4865-b4a4-7a7f87d72ad8" testId="250cb353-080f-4c35-b5ee-13d6085201e6" testName="PutFile_NewFileCanBePut" computerName="VECTOR" duration="00:00:00.4450000" startTime="2018-07-19T06:46:42.1517569-04:00" endTime="2018-07-19T06:46:42.1517632-04:00" testType="13cdc9d9-ddb5-4fa4-a97d-d965ccfc6d4b" outcome="Passed" testListId="8c84fa94-04c1-424b-9868-57a2d4851a1d" relativeResultsDirectory="7c835bb5-af0d-4865-b4a4-7a7f87d72ad8" /><UnitTestResult executionId="206482f1-d3d2-4781-80a0-add3d9b9600a" testId="e6af662a-806e-4c2f-8e80-03ef930813d9" testName="Post_InvalidPropertyValueReturnsBadRequest" computerName="VECTOR" duration="00:00:00.0040000" startTime="2018-07-19T06:47:04.2011684-04:00" endTime="2018-07-19T06:47:04.2011758-04:00" testType="13cdc9d9-ddb5-4fa4-a97d-d965ccfc6d4b" outcome="Passed" testListId="8c84fa94-04c1-424b-9868-57a2d4851a1d" relativeResultsDirectory="206482f1-d3d2-4781-80a0-add3d9b9600a" /><UnitTestResult executionId="6360f021-dfc5-442c-b85d-e29a7eb43f40" testId="6f1eb8cb-9db8-43ce-b8a2-939a1577f392" testName="Patch_ValidReferencePropertyUpdatesModel" computerName="VECTOR" duration="00:00:00.3140000" startTime="2018-07-19T06:47:04.5155696-04:00" endTime="2018-07-19T06:47:04.5155793-04:00" testType="13cdc9d9-ddb5-4fa4-a97d-d965ccfc6d4b" outcome="Passed" testListId="8c84fa94-04c1-424b-9868-57a2d4851a1d" relativeResultsDirectory="6360f021-dfc5-442c-b85d-e29a7eb43f40" /><UnitTestResult executionId="05bec9b3-5a44-4bb2-9420-9f3fd5b05cb0" testId="091dff52-fa20-4399-9280-db351e80da50" testName="DepthBufferHasExpectedDependentFiles" computerName="VECTOR" duration="00:00:00.0010000" startTime="2018-07-19T06:46:36.9831408-04:00" endTime="2018-07-19T06:46:36.9831422-04:00" testType="13cdc9d9-ddb5-4fa4-a97d-d965ccfc6d4b" outcome="Passed" testListId="8c84fa94-04c1-424b-9868-57a2d4851a1d" relativeResultsDirectory="05bec9b3-5a44-4bb2-9420-9f3fd5b05cb0" /><UnitTestResult executionId="6c2f8f13-e633-47b5-9424-7fdc8c4f385b" testId="a8eecf56-eb14-488b-83e9-08e82ca7af81" testName="GetFile_ExistingFileReturnsSuccess" computerName="VECTOR" duration="00:00:00.0580000" startTime="2018-07-19T06:46:54.3001131-04:00" endTime="2018-07-19T06:46:54.3001202-04:00" testType="13cdc9d9-ddb5-4fa4-a97d-d965ccfc6d4b" outcome="Passed" testListId="8c84fa94-04c1-424b-9868-57a2d4851a1d" relativeResultsDirectory="6c2f8f13-e633-47b5-9424-7fdc8c4f385b" /><UnitTestResult executionId="05543ad5-9d6b-48b9-8f8d-863005e08e9a" testId="20551468-a54b-4e92-94c9-454bb9e5bfd0" testName="LucyModel3dHasTwoDependents" computerName="VECTOR" duration="00:00:00.3840000" startTime="2018-07-19T06:46:36.9721597-04:00" endTime="2018-07-19T06:46:36.9721660-04:00" testType="13cdc9d9-ddb5-4fa4-a97d-d965ccfc6d4b" outcome="Passed" testListId="8c84fa94-04c1-424b-9868-57a2d4851a1d" relativeResultsDirectory="05543ad5-9d6b-48b9-8f8d-863005e08e9a" /><UnitTestResult executionId="2d5a2ee3-ff29-43fc-ac13-1ead7b513d7d" testId="3f6fa6bf-a352-4bf5-a8d0-b3955a65f0e1" testName="PostFile_FileTimeStampIsUpdatedAfterFileIsPosted" computerName="VECTOR" duration="00:00:00.0010000" startTime="2018-07-19T06:46:41.7063119-04:00" endTime="2018-07-19T06:46:41.7063144-04:00" testType="13cdc9d9-ddb5-4fa4-a97d-d965ccfc6d4b" outcome="Passed" testListId="8c84fa94-04c1-424b-9868-57a2d4851a1d" relativeResultsDirectory="2d5a2ee3-ff29-43fc-ac13-1ead7b513d7d" /><UnitTestResult executionId="a5f8229e-17a5-45c5-8fcf-8ce32a8bd17b" testId="a3add8b1-b3f7-4969-9639-3a0babad6287" testName="FileRequest_MeshIsInvalidatedAfterDepthBufferFileBecomesUnsynchronized" computerName="VECTOR" duration="00:00:02.7100000" startTime="2018-07-19T06:46:53.4356133-04:00" endTime="2018-07-19T06:46:53.4356215-04:00" testType="13cdc9d9-ddb5-4fa4-a97d-d965ccfc6d4b" outcome="Passed" testListId="8c84fa94-04c1-424b-9868-57a2d4851a1d" relativeResultsDirectory="a5f8229e-17a5-45c5-8fcf-8ce32a8bd17b" /><UnitTestResult executionId="73818cce-5561-4d0b-8396-289cc96497cd" testId="c11f0cda-a1a8-410d-950a-2b668fb3c43d" testName="Patch_InvalidPropertyNameReturnsBadRequest" computerName="VECTOR" duration="00:00:00.0060000" startTime="2018-07-19T06:47:02.8822661-04:00" endTime="2018-07-19T06:47:02.8822718-04:00" testType="13cdc9d9-ddb5-4fa4-a97d-d965ccfc6d4b" outcome="Passed" testListId="8c84fa94-04c1-424b-9868-57a2d4851a1d" relativeResultsDirectory="73818cce-5561-4d0b-8396-289cc96497cd" /><UnitTestResult executionId="96b00a22-68ea-4976-b5b1-4f36e38d6cec" testId="e0161e87-6a03-4970-be26-92640c788ed4" testName="GetSingle_InvalidIdPropertyValueReturnsNotFound" computerName="VECTOR" duration="00:00:00.0080000" startTime="2018-07-19T06:46:49.8593460-04:00" endTime="2018-07-19T06:46:49.8593560-04:00" testType="13cdc9d9-ddb5-4fa4-a97d-d965ccfc6d4b" outcome="Passed" testListId="8c84fa94-04c1-424b-9868-57a2d4851a1d" relativeResultsDirectory="96b00a22-68ea-4976-b5b1-4f36e38d6cec" /><UnitTestResult executionId="89ada6ae-d24a-4847-8212-cb90bfbab495" testId="cc7789c3-fbf3-46c3-ab49-aefc6fb70a23" testName="FileRequest_MeshGenerateScalesDepthBufferByP1Scale" computerName="VECTOR" duration="00:00:03.7250000" startTime="2018-07-19T06:47:02.7408145-04:00" endTime="2018-07-19T06:47:02.7408205-04:00" testType="13cdc9d9-ddb5-4fa4-a97d-d965ccfc6d4b" outcome="Passed" testListId="8c84fa94-04c1-424b-9868-57a2d4851a1d" relativeResultsDirectory="89ada6ae-d24a-4847-8212-cb90bfbab495" /><UnitTestResult executionId="c2febc82-621a-4024-8dc7-0cbd40ccad49" testId="1afde664-7b5c-4375-b27b-a35aa2950f4c" testName="Patch_InvalidReferencePropertyReturnsBadRequest" computerName="VECTOR" duration="00:00:00.0210000" startTime="2018-07-19T06:46:44.7216953-04:00" endTime="2018-07-19T06:46:44.7217010-04:00" testType="13cdc9d9-ddb5-4fa4-a97d-d965ccfc6d4b" outcome="Passed" testListId="8c84fa94-04c1-424b-9868-57a2d4851a1d" relativeResultsDirectory="c2febc82-621a-4024-8dc7-0cbd40ccad49" /><UnitTestResult executionId="709e68af-3732-4ca1-b966-823a797b8e68" testId="a81d4b7d-7206-4ceb-8683-f067482c07f6" testName="Patch_MultipleInvalidReferencePropertiesReturnsMultipleValidationErrorsAndBadRequest" computerName="VECTOR" duration="00:00:00.0150000" startTime="2018-07-19T06:47:04.1621730-04:00" endTime="2018-07-19T06:47:04.1621798-04:00" testType="13cdc9d9-ddb5-4fa4-a97d-d965ccfc6d4b" outcome="Passed" testListId="8c84fa94-04c1-424b-9868-57a2d4851a1d" relativeResultsDirectory="709e68af-3732-4ca1-b966-823a797b8e68" /><UnitTestResult executionId="b7774925-5506-4577-850b-97569f9aabfb" testId="c21b2c7c-8e9f-4b94-9d93-2b8ef1922d74" testName="Post_ValidReferencePropertyCreatesModel" computerName="VECTOR" duration="00:00:00.2080000" startTime="2018-07-19T06:46:50.1080465-04:00" endTime="2018-07-19T06:46:50.1080530-04:00" testType="13cdc9d9-ddb5-4fa4-a97d-d965ccfc6d4b" outcome="Passed" testListId="8c84fa94-04c1-424b-9868-57a2d4851a1d" relativeResultsDirectory="b7774925-5506-4577-850b-97569f9aabfb" /><UnitTestResult executionId="8380fe25-e753-4ad9-86c2-b58065938504" testId="83c056a9-2bca-4cfc-b27f-485074c438d1" testName="Put_InvalidIdReturnsNotFound" computerName="VECTOR" duration="00:00:00.0170000" startTime="2018-07-19T06:47:04.1969547-04:00" endTime="2018-07-19T06:47:04.1969638-04:00" testType="13cdc9d9-ddb5-4fa4-a97d-d965ccfc6d4b" outcome="Passed" testListId="8c84fa94-04c1-424b-9868-57a2d4851a1d" relativeResultsDirectory="8380fe25-e753-4ad9-86c2-b58065938504" /><UnitTestResult executionId="b8e905fc-cac6-4662-a8d2-a92083113403" testId="6435e032-3bcd-49d7-bc37-3c4a72021694" testName="Put_ValidReferencePropertyUpdatesModel" computerName="VECTOR" duration="00:00:00.3750000" startTime="2018-07-19T06:46:40.9343259-04:00" endTime="2018-07-19T06:46:40.9343321-04:00" testType="13cdc9d9-ddb5-4fa4-a97d-d965ccfc6d4b" outcome="Passed" testListId="8c84fa94-04c1-424b-9868-57a2d4851a1d" relativeResultsDirectory="b8e905fc-cac6-4662-a8d2-a92083113403" /><UnitTestResult executionId="a297372e-c14f-4f79-84c7-b5b6a012f647" testId="f44d4e52-e65d-4c8a-8120-11c2ee7b05ff" testName="GetFile_NonExistentFileReturnsNotFound" computerName="VECTOR" duration="00:00:00.0220000" startTime="2018-07-19T06:46:44.0482723-04:00" endTime="2018-07-19T06:46:44.0482785-04:00" testType="13cdc9d9-ddb5-4fa4-a97d-d965ccfc6d4b" outcome="Passed" testListId="8c84fa94-04c1-424b-9868-57a2d4851a1d" relativeResultsDirectory="a297372e-c14f-4f79-84c7-b5b6a012f647" /><UnitTestResult executionId="3087da09-1be4-47f6-b88e-dc1b9f5651f0" testId="5daa9769-2242-4690-bca6-c819331c72af" testName="GetFile_FileCanBeRoundTripped" computerName="VECTOR" duration="00:00:00.3400000" startTime="2018-07-19T06:46:53.7758940-04:00" endTime="2018-07-19T06:46:53.7759025-04:00" testType="13cdc9d9-ddb5-4fa4-a97d-d965ccfc6d4b" outcome="Passed" testListId="8c84fa94-04c1-424b-9868-57a2d4851a1d" relativeResultsDirectory="3087da09-1be4-47f6-b88e-dc1b9f5651f0" /><UnitTestResult executionId="a265a901-92a8-48e8-adde-fd1076298b77" testId="40aa5ec9-1df6-487d-93f8-5db9a16c934f" testName="PostFile_NewFileCanBePosted" computerName="VECTOR" duration="00:00:00.3160000" startTime="2018-07-19T06:47:09.6648995-04:00" endTime="2018-07-19T06:47:09.6649061-04:00" testType="13cdc9d9-ddb5-4fa4-a97d-d965ccfc6d4b" outcome="Passed" testListId="8c84fa94-04c1-424b-9868-57a2d4851a1d" relativeResultsDirectory="a265a901-92a8-48e8-adde-fd1076298b77" /><UnitTestResult executionId="0b2e5640-fdea-4538-9712-d71e89392cf8" testId="693e930e-26b4-4357-8f08-f0f4646ddc34" testName="Patch_TargetPropertyIsUpdated" computerName="VECTOR" duration="00:00:00.3140000" startTime="2018-07-19T06:46:46.0669830-04:00" endTime="2018-07-19T06:46:46.0669892-04:00" testType="13cdc9d9-ddb5-4fa4-a97d-d965ccfc6d4b" outcome="Passed" testListId="8c84fa94-04c1-424b-9868-57a2d4851a1d" relativeResultsDirectory="0b2e5640-fdea-4538-9712-d71e89392cf8" /><UnitTestResult executionId="b7392c45-3e1a-4023-9e22-a469255af5ea" testId="18268eb6-034d-4e0c-9bbb-1a2293a399ae" testName="Patch_TargetPropertyIsUpdated" computerName="VECTOR" duration="00:00:00.2760000" startTime="2018-07-19T06:47:03.6824298-04:00" endTime="2018-07-19T06:47:03.6824366-04:00" testType="13cdc9d9-ddb5-4fa4-a97d-d965ccfc6d4b" outcome="Passed" testListId="8c84fa94-04c1-424b-9868-57a2d4851a1d" relativeResultsDirectory="b7392c45-3e1a-4023-9e22-a469255af5ea" /><UnitTestResult executionId="0a51671e-18e5-4f5b-9941-a13707721258" testId="6ad5109e-2577-4a84-b941-47aa59a36129" testName="Post_ValidReferencePropertyCreatesModel" computerName="VECTOR" duration="00:00:00.1630000" startTime="2018-07-19T06:46:41.1092297-04:00" endTime="2018-07-19T06:46:41.1092356-04:00" testType="13cdc9d9-ddb5-4fa4-a97d-d965ccfc6d4b" outcome="Passed" testListId="8c84fa94-04c1-424b-9868-57a2d4851a1d" relativeResultsDirectory="0a51671e-18e5-4f5b-9941-a13707721258" /><UnitTestResult executionId="779aac27-06f4-47a5-b615-921117615d83" testId="a629d6bc-f833-40aa-b566-df7aabc6561a" testName="Put_InvalidIdReturnsNotFound" computerName="VECTOR" duration="00:00:00.5980000" startTime="2018-07-19T06:46:47.4694946-04:00" endTime="2018-07-19T06:46:47.4695009-04:00" testType="13cdc9d9-ddb5-4fa4-a97d-d965ccfc6d4b" outcome="Passed" testListId="8c84fa94-04c1-424b-9868-57a2d4851a1d" relativeResultsDirectory="779aac27-06f4-47a5-b615-921117615d83" /><UnitTestResult executionId="cb782d0b-0c02-4772-88bd-695324ceaa47" testId="942b1386-0f4e-4aad-a256-443104dcfa75" testName="PostFile_FileIsSynchronizedIsUpdatedAfterFileIsPosted" computerName="VECTOR" duration="00:00:00.0010000" startTime="2018-07-19T06:46:44.0493172-04:00" endTime="2018-07-19T06:46:44.0493212-04:00" testType="13cdc9d9-ddb5-4fa4-a97d-d965ccfc6d4b" outcome="Passed" testListId="8c84fa94-04c1-424b-9868-57a2d4851a1d" relativeResultsDirectory="cb782d0b-0c02-4772-88bd-695324ceaa47" /></Results><TestDefinitions><UnitTest name="PostFile_NewFileCanBePosted" storage="d:\users\steve knipmeyer\documents\github\modelrelief\modelrelief.test\bin\debug\netcoreapp2.0\modelrelief.test.dll" id="8c96591e-bb99-4f87-aad7-328645fcbd0a"><Execution id="a00aa676-e3a2-4f7d-bb02-1592451cdf15" /><TestMethod codeBase="D:\Users\Steve Knipmeyer\Documents\GitHub\ModelRelief\ModelRelief.test\bin\Debug\netcoreapp2.0\ModelRelief.Test.dll" adapterTypeName="executor://xunit/VsTestRunner2/netcoreapp" className="ModelRelief.Test.Integration.Meshes.MeshesFileIntegrationTests" name="PostFile_NewFileCanBePosted" /></UnitTest><UnitTest name="FileRequest_FileCanBeReadAfterRename" storage="d:\users\steve knipmeyer\documents\github\modelrelief\modelrelief.test\bin\debug\netcoreapp2.0\modelrelief.test.dll" id="54ad72a9-4e42-4d27-ae8f-715405986035"><Execution id="4870004d-f801-4b6e-86b9-f29e2351d52a" /><TestMethod codeBase="D:\Users\Steve Knipmeyer\Documents\GitHub\ModelRelief\ModelRelief.test\bin\Debug\netcoreapp2.0\ModelRelief.Test.dll" adapterTypeName="executor://xunit/VsTestRunner2/netcoreapp" className="ModelRelief.Test.Integration.Meshes.MeshesFileIntegrationTests" name="FileRequest_FileCanBeReadAfterRename" /></UnitTest><UnitTest name="Patch_TargetPropertyIsUpdated" storage="d:\users\steve knipmeyer\documents\github\modelrelief\modelrelief.test\bin\debug\netcoreapp2.0\modelrelief.test.dll" id="18268eb6-034d-4e0c-9bbb-1a2293a399ae"><Execution id="b7392c45-3e1a-4023-9e22-a469255af5ea" /><TestMethod codeBase="D:\Users\Steve Knipmeyer\Documents\GitHub\ModelRelief\ModelRelief.test\bin\Debug\netcoreapp2.0\ModelRelief.Test.dll" adapterTypeName="executor://xunit/VsTestRunner2/netcoreapp" className="ModelRelief.Test.Integration.DepthBuffers.DepthBuffersBaseIntegrationTests" name="Patch_TargetPropertyIsUpdated" /></UnitTest><UnitTest name="Put_InvalidIdReturnsNotFound" storage="d:\users\steve knipmeyer\documents\github\modelrelief\modelrelief.test\bin\debug\netcoreapp2.0\modelrelief.test.dll" id="83c056a9-2bca-4cfc-b27f-485074c438d1"><Execution id="8380fe25-e753-4ad9-86c2-b58065938504" /><TestMethod codeBase="D:\Users\Steve Knipmeyer\Documents\GitHub\ModelRelief\ModelRelief.test\bin\Debug\netcoreapp2.0\ModelRelief.Test.dll" adapterTypeName="executor://xunit/VsTestRunner2/netcoreapp" className="ModelRelief.Test.Integration.DepthBuffers.DepthBuffersBaseIntegrationTests" name="Put_InvalidIdReturnsNotFound" /></UnitTest><UnitTest name="Patch_TargetPropertyIsUpdated" storage="d:\users\steve knipmeyer\documents\github\modelrelief\modelrelief.test\bin\debug\netcoreapp2.0\modelrelief.test.dll" id="fa3f82bb-bc76-4c6f-a9b6-a4c2a4b515c4"><Execution id="c7a60340-4368-464e-b3a1-547f85055515" /><TestMethod codeBase="D:\Users\Steve Knipmeyer\Documents\GitHub\ModelRelief\ModelRelief.test\bin\Debug\netcoreapp2.0\ModelRelief.Test.dll" adapterTypeName="executor://xunit/VsTestRunner2/netcoreapp" className="ModelRelief.Test.Integration.Cameras.CamerasBaseIntegrationTests" name="Patch_TargetPropertyIsUpdated" /></UnitTest><UnitTest name="PutFile_NewFileCanBePut" storage="d:\users\steve knipmeyer\documents\github\modelrelief\modelrelief.test\bin\debug\netcoreapp2.0\modelrelief.test.dll" id="250cb353-080f-4c35-b5ee-13d6085201e6"><Execution id="7c835bb5-af0d-4865-b4a4-7a7f87d72ad8" /><TestMethod codeBase="D:\Users\Steve Knipmeyer\Documents\GitHub\ModelRelief\ModelRelief.test\bin\Debug\netcoreapp2.0\ModelRelief.Test.dll" adapterTypeName="executor://xunit/VsTestRunner2/netcoreapp" className="ModelRelief.Test.Integration.Models.ModelsFileIntegrationTests" name="PutFile_NewFileCanBePut" /></UnitTest><UnitTest name="GetFile_ExistingFileReturnsSuccess" storage="d:\users\steve knipmeyer\documents\github\modelrelief\modelrelief.test\bin\debug\netcoreapp2.0\modelrelief.test.dll" id="a8eecf56-eb14-488b-83e9-08e82ca7af81"><Execution id="6c2f8f13-e633-47b5-9424-7fdc8c4f385b" /><TestMethod codeBase="D:\Users\Steve Knipmeyer\Documents\GitHub\ModelRelief\ModelRelief.test\bin\Debug\netcoreapp2.0\ModelRelief.Test.dll" adapterTypeName="executor://xunit/VsTestRunner2/netcoreapp" className="ModelRelief.Test.Integration.Meshes.MeshesFileIntegrationTests" name="GetFile_ExistingFileReturnsSuccess" /></UnitTest><UnitTest name="MeshTransformHasExpectedDependentFiles" storage="d:\users\steve knipmeyer\documents\github\modelrelief\modelrelief.test\bin\debug\netcoreapp2.0\modelrelief.test.dll" id="01249240-c710-40d7-851e-8e789f656b70"><Execution id="fa25061e-e424-41d4-bbf9-e6572c0a55dc" /><TestMethod codeBase="D:\Users\Steve Knipmeyer\Documents\GitHub\ModelRelief\ModelRelief.test\bin\Debug\netcoreapp2.0\ModelRelief.Test.dll" adapterTypeName="executor://xunit/VsTestRunner2/netcoreapp" className="ModelRelief.Test.Unit.DependencyManager.DependencyManagerTests" name="MeshTransformHasExpectedDependentFiles" /></UnitTest><UnitTest name="Post_InvalidReferencePropertyReturnsBadRequest" storage="d:\users\steve knipmeyer\documents\github\modelrelief\modelrelief.test\bin\debug\netcoreapp2.0\modelrelief.test.dll" id="3229e76c-12b9-4719-923f-626d191042fa"><Execution id="66283a42-a7ed-433f-be70-ec65918e71a3" /><TestMethod codeBase="D:\Users\Steve Knipmeyer\Documents\GitHub\ModelRelief\ModelRelief.test\bin\Debug\netcoreapp2.0\ModelRelief.Test.dll" adapterTypeName="executor://xunit/VsTestRunner2/netcoreapp" className="ModelRelief.Test.Integration.Cameras.CamerasBaseIntegrationTests" name="Post_InvalidReferencePropertyReturnsBadRequest" /></UnitTest><UnitTest name="Patch_TargetPropertyIsUpdated" storage="d:\users\steve knipmeyer\documents\github\modelrelief\modelrelief.test\bin\debug\netcoreapp2.0\modelrelief.test.dll" id="f5ad0776-7cb8-4639-b6c5-55d7d3cb8076"><Execution id="658d6dfb-d858-40af-a1d2-457e90fae0e6" /><TestMethod codeBase="D:\Users\Steve Knipmeyer\Documents\GitHub\ModelRelief\ModelRelief.test\bin\Debug\netcoreapp2.0\ModelRelief.Test.dll" adapterTypeName="executor://xunit/VsTestRunner2/netcoreapp" className="ModelRelief.Test.Integration.Projects.ProjectsBaseIntegrationTests" name="Patch_TargetPropertyIsUpdated" /></UnitTest><UnitTest name="FileRequest_MeshIsInvalidatedAfterDepthBufferFileBecomesUnsynchronized" storage="d:\users\steve knipmeyer\documents\github\modelrelief\modelrelief.test\bin\debug\netcoreapp2.0\modelrelief.test.dll" id="a3add8b1-b3f7-4969-9639-3a0babad6287"><Execution id="a5f8229e-17a5-45c5-8fcf-8ce32a8bd17b" /><TestMethod codeBase="D:\Users\Steve Knipmeyer\Documents\GitHub\ModelRelief\ModelRelief.test\bin\Debug\netcoreapp2.0\ModelRelief.Test.dll" adapterTypeName="executor://xunit/VsTestRunner2/netcoreapp" className="ModelRelief.Test.Integration.Meshes.MeshesFileIntegrationTests" name="FileRequest_MeshIsInvalidatedAfterDepthBufferFileBecomesUnsynchronized" /></UnitTest><UnitTest name="Post_ValidReferencePropertyCreatesModel" storage="d:\users\steve knipmeyer\documents\github\modelrelief\modelrelief.test\bin\debug\netcoreapp2.0\modelrelief.test.dll" id="c21b2c7c-8e9f-4b94-9d93-2b8ef1922d74"><Execution id="b7774925-5506-4577-850b-97569f9aabfb" /><TestMethod codeBase="D:\Users\Steve Knipmeyer\Documents\GitHub\ModelRelief\ModelRelief.test\bin\Debug\netcoreapp2.0\ModelRelief.Test.dll" adapterTypeName="executor://xunit/VsTestRunner2/netcoreapp" className="ModelRelief.Test.Integration.Meshes.MeshesBaseIntegrationTests" name="Post_ValidReferencePropertyCreatesModel" /></UnitTest><UnitTest name="Post_CanCreateNewModel" storage="d:\users\steve knipmeyer\documents\github\modelrelief\modelrelief.test\bin\debug\netcoreapp2.0\modelrelief.test.dll" id="760cc8b3-6040-4136-8497-54381eaf9bc6"><Execution id="07d005f9-ef5a-4f25-b663-031ee787e77f" /><TestMethod codeBase="D:\Users\Steve Knipmeyer\Documents\GitHub\ModelRelief\ModelRelief.test\bin\Debug\netcoreapp2.0\ModelRelief.Test.dll" adapterTypeName="executor://xunit/VsTestRunner2/netcoreapp" className="ModelRelief.Test.Integration.Meshes.MeshesBaseIntegrationTests" name="Post_CanCreateNewModel" /></UnitTest><UnitTest name="Post_InvalidPropertyValueReturnsBadRequest" storage="d:\users\steve knipmeyer\documents\github\modelrelief\modelrelief.test\bin\debug\netcoreapp2.0\modelrelief.test.dll" id="7ce6dd3c-e2e4-4ecf-9588-26df5cb99de6"><Execution id="34fa4991-a9a8-4102-888e-46961019c8d9" /><TestMethod codeBase="D:\Users\Steve Knipmeyer\Documents\GitHub\ModelRelief\ModelRelief.test\bin\Debug\netcoreapp2.0\ModelRelief.Test.dll" adapterTypeName="executor://xunit/VsTestRunner2/netcoreapp" className="ModelRelief.Test.Integration.Models.ModelsBaseIntegrationTests" name="Post_InvalidPropertyValueReturnsBadRequest" /></UnitTest><UnitTest name="Post_CanCreateNewModel" storage="d:\users\steve knipmeyer\documents\github\modelrelief\modelrelief.test\bin\debug\netcoreapp2.0\modelrelief.test.dll" id="6412e486-2b9a-4778-9bf5-aa53e0eb4a37"><Execution id="3267c9be-b3f1-43bf-a0e1-a876bb9bf242" /><TestMethod codeBase="D:\Users\Steve Knipmeyer\Documents\GitHub\ModelRelief\ModelRelief.test\bin\Debug\netcoreapp2.0\ModelRelief.Test.dll" adapterTypeName="executor://xunit/VsTestRunner2/netcoreapp" className="ModelRelief.Test.Integration.MeshTransforms.MeshTransformsBaseIntegrationTests" name="Post_CanCreateNewModel" /></UnitTest><UnitTest name="DepthBufferHasExpectedDependentFiles" storage="d:\users\steve knipmeyer\documents\github\modelrelief\modelrelief.test\bin\debug\netcoreapp2.0\modelrelief.test.dll" id="091dff52-fa20-4399-9280-db351e80da50"><Execution id="05bec9b3-5a44-4bb2-9420-9f3fd5b05cb0" /><TestMethod codeBase="D:\Users\Steve Knipmeyer\Documents\GitHub\ModelRelief\ModelRelief.test\bin\Debug\netcoreapp2.0\ModelRelief.Test.dll" adapterTypeName="executor://xunit/VsTestRunner2/netcoreapp" className="ModelRelief.Test.Unit.DependencyManager.DependencyManagerTests" name="DepthBufferHasExpectedDependentFiles" /></UnitTest><UnitTest name="Patch_MultipleInvalidReferencePropertiesReturnsMultipleValidationErrorsAndBadRequest" storage="d:\users\steve knipmeyer\documents\github\modelrelief\modelrelief.test\bin\debug\netcoreapp2.0\modelrelief.test.dll" id="1ddbf6be-5ad9-42a2-9cf7-5c3708a879bd"><Execution id="1c7a33e1-4030-48d1-b4e2-6cdd4f40d805" /><TestMethod codeBase="D:\Users\Steve Knipmeyer\Documents\GitHub\ModelRelief\ModelRelief.test\bin\Debug\netcoreapp2.0\ModelRelief.Test.dll" adapterTypeName="executor://xunit/VsTestRunner2/netcoreapp" className="ModelRelief.Test.Integration.Cameras.CamerasBaseIntegrationTests" name="Patch_MultipleInvalidReferencePropertiesReturnsMultipleValidationErrorsAndBadRequest" /></UnitTest><UnitTest name="PutFile_NewFileCanBePut" storage="d:\users\steve knipmeyer\documents\github\modelrelief\modelrelief.test\bin\debug\netcoreapp2.0\modelrelief.test.dll" id="1b21275d-00b9-4a41-b5b2-ce7d326da6d0"><Execution id="2ad81377-3b9b-47b7-9c71-5a7de9f6aeec" /><TestMethod codeBase="D:\Users\Steve Knipmeyer\Documents\GitHub\ModelRelief\ModelRelief.test\bin\Debug\netcoreapp2.0\ModelRelief.Test.dll" adapterTypeName="executor://xunit/VsTestRunner2/netcoreapp" className="ModelRelief.Test.Integration.Meshes.MeshesFileIntegrationTests" name="PutFile_NewFileCanBePut" /></UnitTest><UnitTest name="GetFile_NonExistentFileReturnsNotFound" storage="d:\users\steve knipmeyer\documents\github\modelrelief\modelrelief.test\bin\debug\netcoreapp2.0\modelrelief.test.dll" id="94983519-2beb-4e6a-b94d-eb26a2e000fc"><Execution id="f77e94c1-b97e-452f-a6f1-7cf154d45f7a" /><TestMethod codeBase="D:\Users\Steve Knipmeyer\Documents\GitHub\ModelRelief\ModelRelief.test\bin\Debug\netcoreapp2.0\ModelRelief.Test.dll" adapterTypeName="executor://xunit/VsTestRunner2/netcoreapp" className="ModelRelief.Test.Integration.Meshes.MeshesFileIntegrationTests" name="GetFile_NonExistentFileReturnsNotFound" /></UnitTest><UnitTest name="Patch_InvalidReferencePropertyReturnsBadRequest" storage="d:\users\steve knipmeyer\documents\github\modelrelief\modelrelief.test\bin\debug\netcoreapp2.0\modelrelief.test.dll" id="c6b769b1-830d-4a88-8b1a-d59d4c2c05eb"><Execution id="fc2288a0-558d-453c-80a1-cea2c8e82e84" /><TestMethod codeBase="D:\Users\Steve Knipmeyer\Documents\GitHub\ModelRelief\ModelRelief.test\bin\Debug\netcoreapp2.0\ModelRelief.Test.dll" adapterTypeName="executor://xunit/VsTestRunner2/netcoreapp" className="ModelRelief.Test.Integration.Models.ModelsBaseIntegrationTests" name="Patch_InvalidReferencePropertyReturnsBadRequest" /></UnitTest><UnitTest name="Put_InvalidIdReturnsNotFound" storage="d:\users\steve knipmeyer\documents\github\modelrelief\modelrelief.test\bin\debug\netcoreapp2.0\modelrelief.test.dll" id="a629d6bc-f833-40aa-b566-df7aabc6561a"><Execution id="779aac27-06f4-47a5-b615-921117615d83" /><TestMethod codeBase="D:\Users\Steve Knipmeyer\Documents\GitHub\ModelRelief\ModelRelief.test\bin\Debug\netcoreapp2.0\ModelRelief.Test.dll" adapterTypeName="executor://xunit/VsTestRunner2/netcoreapp" className="ModelRelief.Test.Integration.Meshes.MeshesBaseIntegrationTests" name="Put_InvalidIdReturnsNotFound" /></UnitTest><UnitTest name="Delete_TargetModelIsDeleted" storage="d:\users\steve knipmeyer\documents\github\modelrelief\modelrelief.test\bin\debug\netcoreapp2.0\modelrelief.test.dll" id="c359a84a-8c41-42ec-be3a-3f5ddc72ab94"><Execution id="987c764a-e30c-42ec-a0ea-10480b9ec3fa" /><TestMethod codeBase="D:\Users\Steve Knipmeyer\Documents\GitHub\ModelRelief\ModelRelief.test\bin\Debug\netcoreapp2.0\ModelRelief.Test.dll" adapterTypeName="executor://xunit/VsTestRunner2/netcoreapp" className="ModelRelief.Test.Integration.Meshes.MeshesBaseIntegrationTests" name="Delete_TargetModelIsDeleted" /></UnitTest><UnitTest name="Put_CanUpdateModel" storage="d:\users\steve knipmeyer\documents\github\modelrelief\modelrelief.test\bin\debug\netcoreapp2.0\modelrelief.test.dll" id="c781d820-abc0-406d-ac00-b6141e74126e"><Execution id="6d71d6e9-149d-47b8-84b0-a28a722524f1" /><TestMethod codeBase="D:\Users\Steve Knipmeyer\Documents\GitHub\ModelRelief\ModelRelief.test\bin\Debug\netcoreapp2.0\ModelRelief.Test.dll" adapterTypeName="executor://xunit/VsTestRunner2/netcoreapp" className="ModelRelief.Test.Integration.Models.ModelsBaseIntegrationTests" name="Put_CanUpdateModel" /></UnitTest><UnitTest name="Patch_InvalidIdPropertyReturnsNotFound" storage="d:\users\steve knipmeyer\documents\github\modelrelief\modelrelief.test\bin\debug\netcoreapp2.0\modelrelief.test.dll" id="d8b066da-ee4f-4d62-a6a5-6f3e337cb98c"><Execution id="97cd04ee-ff5d-4ede-a5f1-34d672b28fd6" /><TestMethod codeBase="D:\Users\Steve Knipmeyer\Documents\GitHub\ModelRelief\ModelRelief.test\bin\Debug\netcoreapp2.0\ModelRelief.Test.dll" adapterTypeName="executor://xunit/VsTestRunner2/netcoreapp" className="ModelRelief.Test.Integration.Meshes.MeshesBaseIntegrationTests" name="Patch_InvalidIdPropertyReturnsNotFound" /></UnitTest><UnitTest name="Post_InvalidReferencePropertyReturnsBadRequest" storage="d:\users\steve knipmeyer\documents\github\modelrelief\modelrelief.test\bin\debug\netcoreapp2.0\modelrelief.test.dll" id="5c349552-6bd6-4152-81ec-f85894035c31"><Execution id="036ef7d9-070d-4b21-922c-59688909e61f" /><TestMethod codeBase="D:\Users\Steve Knipmeyer\Documents\GitHub\ModelRelief\ModelRelief.test\bin\Debug\netcoreapp2.0\ModelRelief.Test.dll" adapterTypeName="executor://xunit/VsTestRunner2/netcoreapp" className="ModelRelief.Test.Integration.Models.ModelsBaseIntegrationTests" name="Post_InvalidReferencePropertyReturnsBadRequest" /></UnitTest><UnitTest name="Put_ValidReferencePropertyUpdatesModel" storage="d:\users\steve knipmeyer\documents\github\modelrelief\modelrelief.test\bin\debug\netcoreapp2.0\modelrelief.test.dll" id="1889c5ab-91d7-4219-95df-ef1a728f3114"><Execution id="65060ae4-5c12-4b53-907f-fedb1f93cb2b" /><TestMethod codeBase="D:\Users\Steve Knipmeyer\Documents\GitHub\ModelRelief\ModelRelief.test\bin\Debug\netcoreapp2.0\ModelRelief.Test.dll" adapterTypeName="executor://xunit/VsTestRunner2/netcoreapp" className="ModelRelief.Test.Integration.DepthBuffers.DepthBuffersBaseIntegrationTests" name="Put_ValidReferencePropertyUpdatesModel" /></UnitTest><UnitTest name="Patch_MultipleInvalidReferencePropertiesReturnsMultipleValidationErrorsAndBadRequest" storage="d:\users\steve knipmeyer\documents\github\modelrelief\modelrelief.test\bin\debug\netcoreapp2.0\modelrelief.test.dll" id="83d83c95-1a9a-4d52-9453-bbb1f8a64bae"><Execution id="634aa1f1-6e86-43af-8ec4-2b40456cb27a" /><TestMethod codeBase="D:\Users\Steve Knipmeyer\Documents\GitHub\ModelRelief\ModelRelief.test\bin\Debug\netcoreapp2.0\ModelRelief.Test.dll" adapterTypeName="executor://xunit/VsTestRunner2/netcoreapp" className="ModelRelief.Test.Integration.Projects.ProjectsBaseIntegrationTests" name="Patch_MultipleInvalidReferencePropertiesReturnsMultipleValidationErrorsAndBadRequest" /></UnitTest><UnitTest name="Put_ValidReferencePropertyUpdatesModel" storage="d:\users\steve knipmeyer\documents\github\modelrelief\modelrelief.test\bin\debug\netcoreapp2.0\modelrelief.test.dll" id="e91d218f-3a82-4ca1-82a5-b4a0b2454c27"><Execution id="e8fda809-2b27-43c6-9bd8-85828a1f1cb6" /><TestMethod codeBase="D:\Users\Steve Knipmeyer\Documents\GitHub\ModelRelief\ModelRelief.test\bin\Debug\netcoreapp2.0\ModelRelief.Test.dll" adapterTypeName="executor://xunit/VsTestRunner2/netcoreapp" className="ModelRelief.Test.Integration.Cameras.CamerasBaseIntegrationTests" name="Put_ValidReferencePropertyUpdatesModel" /></UnitTest><UnitTest name="GetSingle_InvalidIdPropertyValueReturnsNotFound" storage="d:\users\steve knipmeyer\documents\github\modelrelief\modelrelief.test\bin\debug\netcoreapp2.0\modelrelief.test.dll" id="bfac7c28-d074-4605-8822-4d8489730161"><Execution id="0634073d-5255-4be4-8d36-76ee7250575d" /><TestMethod codeBase="D:\Users\Steve Knipmeyer\Documents\GitHub\ModelRelief\ModelRelief.test\bin\Debug\netcoreapp2.0\ModelRelief.Test.dll" adapterTypeName="executor://xunit/VsTestRunner2/netcoreapp" className="ModelRelief.Test.Integration.MeshTransforms.MeshTransformsBaseIntegrationTests" name="GetSingle_InvalidIdPropertyValueReturnsNotFound" /></UnitTest><UnitTest name="GetFile_ExistingFileReturnsSuccess" storage="d:\users\steve knipmeyer\documents\github\modelrelief\modelrelief.test\bin\debug\netcoreapp2.0\modelrelief.test.dll" id="0bba80cd-4d20-4cbf-a469-f3e03314ef69"><Execution id="c75fafee-617e-4857-b66e-9c68fd0a18b9" /><TestMethod codeBase="D:\Users\Steve Knipmeyer\Documents\GitHub\ModelRelief\ModelRelief.test\bin\Debug\netcoreapp2.0\ModelRelief.Test.dll" adapterTypeName="executor://xunit/VsTestRunner2/netcoreapp" className="ModelRelief.Test.Integration.Models.ModelsFileIntegrationTests" name="GetFile_ExistingFileReturnsSuccess" /></UnitTest><UnitTest name="Post_InvalidPropertyValueReturnsBadRequest" storage="d:\users\steve knipmeyer\documents\github\modelrelief\modelrelief.test\bin\debug\netcoreapp2.0\modelrelief.test.dll" id="d2bcf6da-bea2-4ecc-8397-0871ee5ce577"><Execution id="fc98c95f-1c9a-4644-99f1-0a9e8ad38b64" /><TestMethod codeBase="D:\Users\Steve Knipmeyer\Documents\GitHub\ModelRelief\ModelRelief.test\bin\Debug\netcoreapp2.0\ModelRelief.Test.dll" adapterTypeName="executor://xunit/VsTestRunner2/netcoreapp" className="ModelRelief.Test.Integration.Cameras.CamerasBaseIntegrationTests" name="Post_InvalidPropertyValueReturnsBadRequest" /></UnitTest><UnitTest name="FileRequest_FileCanBeReadAfterRename" storage="d:\users\steve knipmeyer\documents\github\modelrelief\modelrelief.test\bin\debug\netcoreapp2.0\modelrelief.test.dll" id="5f1baadf-027f-4c5a-a595-78f8610360f4"><Execution id="ee753f44-e719-4a42-94c0-172b4696cb93" /><TestMethod codeBase="D:\Users\Steve Knipmeyer\Documents\GitHub\ModelRelief\ModelRelief.test\bin\Debug\netcoreapp2.0\ModelRelief.Test.dll" adapterTypeName="executor://xunit/VsTestRunner2/netcoreapp" className="ModelRelief.Test.Integration.DepthBuffers.DepthBuffersFileIntegrationTests" name="FileRequest_FileCanBeReadAfterRename" /></UnitTest><UnitTest name="Put_InvalidReferencePropertyReturndBadRequest" storage="d:\users\steve knipmeyer\documents\github\modelrelief\modelrelief.test\bin\debug\netcoreapp2.0\modelrelief.test.dll" id="d9cf4f63-f3ac-43d3-bc91-6f1b5f632dd4"><Execution id="d084596a-b38e-4bd5-8db9-e2391f329d02" /><TestMethod codeBase="D:\Users\Steve Knipmeyer\Documents\GitHub\ModelRelief\ModelRelief.test\bin\Debug\netcoreapp2.0\ModelRelief.Test.dll" adapterTypeName="executor://xunit/VsTestRunner2/netcoreapp" className="ModelRelief.Test.Integration.Models.ModelsBaseIntegrationTests" name="Put_InvalidReferencePropertyReturndBadRequest" /></UnitTest><UnitTest name="Patch_InvalidEnumPropertyValueReturnsBadRequest" storage="d:\users\steve knipmeyer\documents\github\modelrelief\modelrelief.test\bin\debug\netcoreapp2.0\modelrelief.test.dll" id="845e7db0-a5d1-4f95-a590-99c65c05c18a"><Execution id="de7df52c-fc79-4605-a978-933b982e5222" /><TestMethod codeBase="D:\Users\Steve Knipmeyer\Documents\GitHub\ModelRelief\ModelRelief.test\bin\Debug\netcoreapp2.0\ModelRelief.Test.dll" adapterTypeName="executor://xunit/VsTestRunner2/netcoreapp" className="ModelRelief.Test.Integration.Projects.ProjectsBaseIntegrationTests" name="Patch_InvalidEnumPropertyValueReturnsBadRequest" /></UnitTest><UnitTest name="GetSingle_InvalidIdPropertyValueReturnsNotFound" storage="d:\users\steve knipmeyer\documents\github\modelrelief\modelrelief.test\bin\debug\netcoreapp2.0\modelrelief.test.dll" id="acdb889c-7f1b-45be-b1f6-0fe5835332e2"><Execution id="d9a3813f-3ec2-4240-a882-36d3079cc1fc" /><TestMethod codeBase="D:\Users\Steve Knipmeyer\Documents\GitHub\ModelRelief\ModelRelief.test\bin\Debug\netcoreapp2.0\ModelRelief.Test.dll" adapterTypeName="executor://xunit/VsTestRunner2/netcoreapp" className="ModelRelief.Test.Integration.Cameras.CamerasBaseIntegrationTests" name="GetSingle_InvalidIdPropertyValueReturnsNotFound" /></UnitTest><UnitTest name="GetFile_NonExistentFileReturnsNotFound" storage="d:\users\steve knipmeyer\documents\github\modelrelief\modelrelief.test\bin\debug\netcoreapp2.0\modelrelief.test.dll" id="f44d4e52-e65d-4c8a-8120-11c2ee7b05ff"><Execution id="a297372e-c14f-4f79-84c7-b5b6a012f647" /><TestMethod codeBase="D:\Users\Steve Knipmeyer\Documents\GitHub\ModelRelief\ModelRelief.test\bin\Debug\netcoreapp2.0\ModelRelief.Test.dll" adapterTypeName="executor://xunit/VsTestRunner2/netcoreapp" className="ModelRelief.Test.Integration.Models.ModelsFileIntegrationTests" name="GetFile_NonExistentFileReturnsNotFound" /></UnitTest><UnitTest name="Delete_TargetModelIsDeleted" storage="d:\users\steve knipmeyer\documents\github\modelrelief\modelrelief.test\bin\debug\netcoreapp2.0\modelrelief.test.dll" id="d70537ad-039a-48a2-979c-f79dc0e8269d"><Execution id="0952b35a-5fd3-48ff-b556-4e737223bddd" /><TestMethod codeBase="D:\Users\Steve Knipmeyer\Documents\GitHub\ModelRelief\ModelRelief.test\bin\Debug\netcoreapp2.0\ModelRelief.Test.dll" adapterTypeName="executor://xunit/VsTestRunner2/netcoreapp" className="ModelRelief.Test.Integration.MeshTransforms.MeshTransformsBaseIntegrationTests" name="Delete_TargetModelIsDeleted" /></UnitTest><UnitTest name="Put_CanUpdateModel" storage="d:\users\steve knipmeyer\documents\github\modelrelief\modelrelief.test\bin\debug\netcoreapp2.0\modelrelief.test.dll" id="e0bc3b89-098b-45ee-8b38-80ce9cf8043b"><Execution id="3dbec9d1-60d9-4fb4-b056-e2d95d464c8d" /><TestMethod codeBase="D:\Users\Steve Knipmeyer\Documents\GitHub\ModelRelief\ModelRelief.test\bin\Debug\netcoreapp2.0\ModelRelief.Test.dll" adapterTypeName="executor://xunit/VsTestRunner2/netcoreapp" className="ModelRelief.Test.Integration.Projects.ProjectsBaseIntegrationTests" name="Put_CanUpdateModel" /></UnitTest><UnitTest name="LucyDepthBufferFindsOneDependent" storage="d:\users\steve knipmeyer\documents\github\modelrelief\modelrelief.test\bin\debug\netcoreapp2.0\modelrelief.test.dll" id="70727d98-7a74-4377-a1a6-835d269a3e39"><Execution id="2906fc43-3933-4577-ad83-d23059d1dd43" /><TestMethod codeBase="D:\Users\Steve Knipmeyer\Documents\GitHub\ModelRelief\ModelRelief.test\bin\Debug\netcoreapp2.0\ModelRelief.Test.dll" adapterTypeName="executor://xunit/VsTestRunner2/netcoreapp" className="ModelRelief.Test.Unit.DependencyManager.DependencyManagerTests" name="LucyDepthBufferFindsOneDependent" /></UnitTest><UnitTest name="Post_CanCreateNewModel" storage="d:\users\steve knipmeyer\documents\github\modelrelief\modelrelief.test\bin\debug\netcoreapp2.0\modelrelief.test.dll" id="c6a2d129-0550-4260-b6de-ed1de094941c"><Execution id="724dd4af-6703-4dbf-b5c1-b7eb72c69a51" /><TestMethod codeBase="D:\Users\Steve Knipmeyer\Documents\GitHub\ModelRelief\ModelRelief.test\bin\Debug\netcoreapp2.0\ModelRelief.Test.dll" adapterTypeName="executor://xunit/VsTestRunner2/netcoreapp" className="ModelRelief.Test.Integration.Models.ModelsBaseIntegrationTests" name="Post_CanCreateNewModel" /></UnitTest><UnitTest name="Patch_MultipleInvalidReferencePropertiesReturnsMultipleValidationErrorsAndBadRequest" storage="d:\users\steve knipmeyer\documents\github\modelrelief\modelrelief.test\bin\debug\netcoreapp2.0\modelrelief.test.dll" id="a69cc0ba-6aac-421a-a988-04d174e2ecdd"><Execution id="9a21a9c5-0f66-4e3b-89a5-393ca11da71e" /><TestMethod codeBase="D:\Users\Steve Knipmeyer\Documents\GitHub\ModelRelief\ModelRelief.test\bin\Debug\netcoreapp2.0\ModelRelief.Test.dll" adapterTypeName="executor://xunit/VsTestRunner2/netcoreapp" className="ModelRelief.Test.Integration.Models.ModelsBaseIntegrationTests" name="Patch_MultipleInvalidReferencePropertiesReturnsMultipleValidationErrorsAndBadRequest" /></UnitTest><UnitTest name="Patch_ValidReferencePropertyUpdatesModel" storage="d:\users\steve knipmeyer\documents\github\modelrelief\modelrelief.test\bin\debug\netcoreapp2.0\modelrelief.test.dll" id="3cd24bf8-adb1-44ce-a4ff-37f6ea1874cd"><Execution id="0831bfd7-7581-415c-99c9-5e2489180c1f" /><TestMethod codeBase="D:\Users\Steve Knipmeyer\Documents\GitHub\ModelRelief\ModelRelief.test\bin\Debug\netcoreapp2.0\ModelRelief.Test.dll" adapterTypeName="executor://xunit/VsTestRunner2/netcoreapp" className="ModelRelief.Test.Integration.Projects.ProjectsBaseIntegrationTests" name="Patch_ValidReferencePropertyUpdatesModel" /></UnitTest><UnitTest name="GetFile_NonExistentFileReturnsNotFound" storage="d:\users\steve knipmeyer\documents\github\modelrelief\modelrelief.test\bin\debug\netcoreapp2.0\modelrelief.test.dll" id="e197d504-c119-4ff8-bc7d-78e1079a767f"><Execution id="cfbef01b-8f4a-4d96-91d2-ff5690fef7d2" /><TestMethod codeBase="D:\Users\Steve Knipmeyer\Documents\GitHub\ModelRelief\ModelRelief.test\bin\Debug\netcoreapp2.0\ModelRelief.Test.dll" adapterTypeName="executor://xunit/VsTestRunner2/netcoreapp" className="ModelRelief.Test.Integration.DepthBuffers.DepthBuffersFileIntegrationTests" name="GetFile_NonExistentFileReturnsNotFound" /></UnitTest><UnitTest name="GetFile_ExistingFileReturnsSuccess" storage="d:\users\steve knipmeyer\documents\github\modelrelief\modelrelief.test\bin\debug\netcoreapp2.0\modelrelief.test.dll" id="9e5b5ff7-f79c-4efe-ae69-6d67b8884692"><Execution id="64b24ef9-bd38-4eb5-92af-3ca2059e4fd9" /><TestMethod codeBase="D:\Users\Steve Knipmeyer\Documents\GitHub\ModelRelief\ModelRelief.test\bin\Debug\netcoreapp2.0\ModelRelief.Test.dll" adapterTypeName="executor://xunit/VsTestRunner2/netcoreapp" className="ModelRelief.Test.Integration.DepthBuffers.DepthBuffersFileIntegrationTests" name="GetFile_ExistingFileReturnsSuccess" /></UnitTest><UnitTest name="Post_InvalidPropertyValueReturnsBadRequest" storage="d:\users\steve knipmeyer\documents\github\modelrelief\modelrelief.test\bin\debug\netcoreapp2.0\modelrelief.test.dll" id="0b587c08-056e-4d3c-bf26-4c93e0554a2b"><Execution id="5cf3a78d-2757-48db-8458-a1df4aeeab4d" /><TestMethod codeBase="D:\Users\Steve Knipmeyer\Documents\GitHub\ModelRelief\ModelRelief.test\bin\Debug\netcoreapp2.0\ModelRelief.Test.dll" adapterTypeName="executor://xunit/VsTestRunner2/netcoreapp" className="ModelRelief.Test.Integration.MeshTransforms.MeshTransformsBaseIntegrationTests" name="Post_InvalidPropertyValueReturnsBadRequest" /></UnitTest><UnitTest name="Patch_ValidReferencePropertyUpdatesModel" storage="d:\users\steve knipmeyer\documents\github\modelrelief\modelrelief.test\bin\debug\netcoreapp2.0\modelrelief.test.dll" id="9b325663-36ce-4509-accc-09bfea2b6002"><Execution id="8559f066-8e06-4cca-8cdb-a8c6c78a8c52" /><TestMethod codeBase="D:\Users\Steve Knipmeyer\Documents\GitHub\ModelRelief\ModelRelief.test\bin\Debug\netcoreapp2.0\ModelRelief.Test.dll" adapterTypeName="executor://xunit/VsTestRunner2/netcoreapp" className="ModelRelief.Test.Integration.Models.ModelsBaseIntegrationTests" name="Patch_ValidReferencePropertyUpdatesModel" /></UnitTest><UnitTest name="Delete_TargetModelIsDeleted" storage="d:\users\steve knipmeyer\documents\github\modelrelief\modelrelief.test\bin\debug\netcoreapp2.0\modelrelief.test.dll" id="2651ddaf-2443-4f1d-9d15-6d45bd2fe647"><Execution id="eba8f577-bcdd-454c-b945-e285681c88f4" /><TestMethod codeBase="D:\Users\Steve Knipmeyer\Documents\GitHub\ModelRelief\ModelRelief.test\bin\Debug\netcoreapp2.0\ModelRelief.Test.dll" adapterTypeName="executor://xunit/VsTestRunner2/netcoreapp" className="ModelRelief.Test.Integration.Models.ModelsBaseIntegrationTests" name="Delete_TargetModelIsDeleted" /></UnitTest><UnitTest name="GetList_ListReturnsCorrectCount" storage="d:\users\steve knipmeyer\documents\github\modelrelief\modelrelief.test\bin\debug\netcoreapp2.0\modelrelief.test.dll" id="78208712-63f6-4d54-b555-dd4a193e6377"><Execution id="0ea6c741-9c81-47e9-a6a2-c144fac9edc7" /><TestMethod codeBase="D:\Users\Steve Knipmeyer\Documents\GitHub\ModelRelief\ModelRelief.test\bin\Debug\netcoreapp2.0\ModelRelief.Test.dll" adapterTypeName="executor://xunit/VsTestRunner2/netcoreapp" className="ModelRelief.Test.Integration.Projects.ProjectsBaseIntegrationTests" name="GetList_ListReturnsCorrectCount" /></UnitTest><UnitTest name="PutFile_FileCanBeUpdated" storage="d:\users\steve knipmeyer\documents\github\modelrelief\modelrelief.test\bin\debug\netcoreapp2.0\modelrelief.test.dll" id="b3610a12-05f3-4896-86a4-3338019a4b98"><Execution id="80d018cb-85f3-4d72-8eb1-fe159a11c114" /><TestMethod codeBase="D:\Users\Steve Knipmeyer\Documents\GitHub\ModelRelief\ModelRelief.test\bin\Debug\netcoreapp2.0\ModelRelief.Test.dll" adapterTypeName="executor://xunit/VsTestRunner2/netcoreapp" className="ModelRelief.Test.Integration.Meshes.MeshesFileIntegrationTests" name="PutFile_FileCanBeUpdated" /></UnitTest><UnitTest name="LucyModel3dHasTwoDependents" storage="d:\users\steve knipmeyer\documents\github\modelrelief\modelrelief.test\bin\debug\netcoreapp2.0\modelrelief.test.dll" id="20551468-a54b-4e92-94c9-454bb9e5bfd0"><Execution id="05543ad5-9d6b-48b9-8f8d-863005e08e9a" /><TestMethod codeBase="D:\Users\Steve Knipmeyer\Documents\GitHub\ModelRelief\ModelRelief.test\bin\Debug\netcoreapp2.0\ModelRelief.Test.dll" adapterTypeName="executor://xunit/VsTestRunner2/netcoreapp" className="ModelRelief.Test.Unit.DependencyManager.DependencyManagerTests" name="LucyModel3dHasTwoDependents" /></UnitTest><UnitTest name="Put_InvalidIdReturnsNotFound" storage="d:\users\steve knipmeyer\documents\github\modelrelief\modelrelief.test\bin\debug\netcoreapp2.0\modelrelief.test.dll" id="50463487-1738-465e-a56d-b1020f5dff53"><Execution id="08f8bb2a-961a-4a4c-a425-e4679df9cf67" /><TestMethod codeBase="D:\Users\Steve Knipmeyer\Documents\GitHub\ModelRelief\ModelRelief.test\bin\Debug\netcoreapp2.0\ModelRelief.Test.dll" adapterTypeName="executor://xunit/VsTestRunner2/netcoreapp" className="ModelRelief.Test.Integration.Projects.ProjectsBaseIntegrationTests" name="Put_InvalidIdReturnsNotFound" /></UnitTest><UnitTest name="PostFile_NewFileCanBePosted" storage="d:\users\steve knipmeyer\documents\github\modelrelief\modelrelief.test\bin\debug\netcoreapp2.0\modelrelief.test.dll" id="40aa5ec9-1df6-487d-93f8-5db9a16c934f"><Execution id="a265a901-92a8-48e8-adde-fd1076298b77" /><TestMethod codeBase="D:\Users\Steve Knipmeyer\Documents\GitHub\ModelRelief\ModelRelief.test\bin\Debug\netcoreapp2.0\ModelRelief.Test.dll" adapterTypeName="executor://xunit/VsTestRunner2/netcoreapp" className="ModelRelief.Test.Integration.DepthBuffers.DepthBuffersFileIntegrationTests" name="PostFile_NewFileCanBePosted" /></UnitTest><UnitTest name="GetSingle_InvalidIdPropertyValueReturnsNotFound" storage="d:\users\steve knipmeyer\documents\github\modelrelief\modelrelief.test\bin\debug\netcoreapp2.0\modelrelief.test.dll" id="855c2003-c54d-4417-bb46-1bf061492ca7"><Execution id="5850640d-d137-4522-80c6-2bfeb6a3c10a" /><TestMethod codeBase="D:\Users\Steve Knipmeyer\Documents\GitHub\ModelRelief\ModelRelief.test\bin\Debug\netcoreapp2.0\ModelRelief.Test.dll" adapterTypeName="executor://xunit/VsTestRunner2/netcoreapp" className="ModelRelief.Test.Integration.DepthBuffers.DepthBuffersBaseIntegrationTests" name="GetSingle_InvalidIdPropertyValueReturnsNotFound" /></UnitTest><UnitTest name="Patch_InvalidPropertyNameReturnsBadRequest" storage="d:\users\steve knipmeyer\documents\github\modelrelief\modelrelief.test\bin\debug\netcoreapp2.0\modelrelief.test.dll" id="94730c42-f672-45e1-8e49-bb262d06df14"><Execution id="e733416c-d36d-4b06-84fc-1f4ffa97e80e" /><TestMethod codeBase="D:\Users\Steve Knipmeyer\Documents\GitHub\ModelRelief\ModelRelief.test\bin\Debug\netcoreapp2.0\ModelRelief.Test.dll" adapterTypeName="executor://xunit/VsTestRunner2/netcoreapp" className="ModelRelief.Test.Integration.Cameras.CamerasBaseIntegrationTests" name="Patch_InvalidPropertyNameReturnsBadRequest" /></UnitTest><UnitTest name="PostFile_FileTimeStampIsUpdatedAfterFileIsPosted" storage="d:\users\steve knipmeyer\documents\github\modelrelief\modelrelief.test\bin\debug\netcoreapp2.0\modelrelief.test.dll" id="75c003b2-ebce-4bed-96c4-f40034f24503"><Execution id="bc258606-4399-4e8c-8f6a-d87f3f9c8fa9" /><TestMethod codeBase="D:\Users\Steve Knipmeyer\Documents\GitHub\ModelRelief\ModelRelief.test\bin\Debug\netcoreapp2.0\ModelRelief.Test.dll" adapterTypeName="executor://xunit/VsTestRunner2/netcoreapp" className="ModelRelief.Test.Integration.Meshes.MeshesFileIntegrationTests" name="PostFile_FileTimeStampIsUpdatedAfterFileIsPosted" /></UnitTest><UnitTest name="GetList_ListReturnsCorrectCount" storage="d:\users\steve knipmeyer\documents\github\modelrelief\modelrelief.test\bin\debug\netcoreapp2.0\modelrelief.test.dll" id="1a92eb9b-410b-413d-b0d5-9874a0994b75"><Execution id="791c49fe-aa74-4b74-aeb1-7cf35c4c6cdc" /><TestMethod codeBase="D:\Users\Steve Knipmeyer\Documents\GitHub\ModelRelief\ModelRelief.test\bin\Debug\netcoreapp2.0\ModelRelief.Test.dll" adapterTypeName="executor://xunit/VsTestRunner2/netcoreapp" className="ModelRelief.Test.Integration.Models.ModelsBaseIntegrationTests" name="GetList_ListReturnsCorrectCount" /></UnitTest><UnitTest name="GetList_ListReturnsCorrectCount" storage="d:\users\steve knipmeyer\documents\github\modelrelief\modelrelief.test\bin\debug\netcoreapp2.0\modelrelief.test.dll" id="1a91b972-eaad-4f76-95ea-7a7ec60bd5b7"><Execution id="98106c4d-a5ea-4895-9aad-1e3ff283b4cf" /><TestMethod codeBase="D:\Users\Steve Knipmeyer\Documents\GitHub\ModelRelief\ModelRelief.test\bin\Debug\netcoreapp2.0\ModelRelief.Test.dll" adapterTypeName="executor://xunit/VsTestRunner2/netcoreapp" className="ModelRelief.Test.Integration.Meshes.MeshesBaseIntegrationTests" name="GetList_ListReturnsCorrectCount" /></UnitTest><UnitTest name="Patch_InvalidEnumPropertyValueReturnsBadRequest" storage="d:\users\steve knipmeyer\documents\github\modelrelief\modelrelief.test\bin\debug\netcoreapp2.0\modelrelief.test.dll" id="b96b0106-17a8-43dd-8a2e-736454bc9d5c"><Execution id="171889bf-d9bc-438e-aa62-4d75636d90ae" /><TestMethod codeBase="D:\Users\Steve Knipmeyer\Documents\GitHub\ModelRelief\ModelRelief.test\bin\Debug\netcoreapp2.0\ModelRelief.Test.dll" adapterTypeName="executor://xunit/VsTestRunner2/netcoreapp" className="ModelRelief.Test.Integration.Cameras.CamerasBaseIntegrationTests" name="Patch_InvalidEnumPropertyValueReturnsBadRequest" /></UnitTest><UnitTest name="GetFile_FileCanBeRoundTripped" storage="d:\users\steve knipmeyer\documents\github\modelrelief\modelrelief.test\bin\debug\netcoreapp2.0\modelrelief.test.dll" id="e423b536-c2f8-42b3-b02c-491520b0df92"><Execution id="98c3cc18-228e-41c6-9899-0470a3dd084d" /><TestMethod codeBase="D:\Users\Steve Knipmeyer\Documents\GitHub\ModelRelief\ModelRelief.test\bin\Debug\netcoreapp2.0\ModelRelief.Test.dll" adapterTypeName="executor://xunit/VsTestRunner2/netcoreapp" className="ModelRelief.Test.Integration.DepthBuffers.DepthBuffersFileIntegrationTests" name="GetFile_FileCanBeRoundTripped" /></UnitTest><UnitTest name="GetList_ListReturnsCorrectCount" storage="d:\users\steve knipmeyer\documents\github\modelrelief\modelrelief.test\bin\debug\netcoreapp2.0\modelrelief.test.dll" id="61543598-4548-4ec2-b674-dead1753c148"><Execution id="0a21c467-0664-4c55-9663-cd94708eeb1b" /><TestMethod codeBase="D:\Users\Steve Knipmeyer\Documents\GitHub\ModelRelief\ModelRelief.test\bin\Debug\netcoreapp2.0\ModelRelief.Test.dll" adapterTypeName="executor://xunit/VsTestRunner2/netcoreapp" className="ModelRelief.Test.Integration.MeshTransforms.MeshTransformsBaseIntegrationTests" name="GetList_ListReturnsCorrectCount" /></UnitTest><UnitTest name="GetSingle_ValidIdPropertyValueReturnsCorrectModel" storage="d:\users\steve knipmeyer\documents\github\modelrelief\modelrelief.test\bin\debug\netcoreapp2.0\modelrelief.test.dll" id="3714bbd8-fa4b-49ec-aa08-5c26426e1a81"><Execution id="9957e2ac-b54f-4562-9691-de9969f5bd25" /><TestMethod codeBase="D:\Users\Steve Knipmeyer\Documents\GitHub\ModelRelief\ModelRelief.test\bin\Debug\netcoreapp2.0\ModelRelief.Test.dll" adapterTypeName="executor://xunit/VsTestRunner2/netcoreapp" className="ModelRelief.Test.Integration.Meshes.MeshesBaseIntegrationTests" name="GetSingle_ValidIdPropertyValueReturnsCorrectModel" /></UnitTest><UnitTest name="GetSingle_InvalidIdPropertyValueReturnsNotFound" storage="d:\users\steve knipmeyer\documents\github\modelrelief\modelrelief.test\bin\debug\netcoreapp2.0\modelrelief.test.dll" id="aabe00f7-86de-4f74-aa64-a6f507e845fd"><Execution id="05b4532c-cfde-49e2-b453-d6e35138338c" /><TestMethod codeBase="D:\Users\Steve Knipmeyer\Documents\GitHub\ModelRelief\ModelRelief.test\bin\Debug\netcoreapp2.0\ModelRelief.Test.dll" adapterTypeName="executor://xunit/VsTestRunner2/netcoreapp" className="ModelRelief.Test.Integration.Projects.ProjectsBaseIntegrationTests" name="GetSingle_InvalidIdPropertyValueReturnsNotFound" /></UnitTest><UnitTest name="Post_ValidReferencePropertyCreatesModel" storage="d:\users\steve knipmeyer\documents\github\modelrelief\modelrelief.test\bin\debug\netcoreapp2.0\modelrelief.test.dll" id="83d04712-daa7-44da-a50d-7068bbb3a3a6"><Execution id="b392bac4-2d58-480a-ac20-d734b29e1f9e" /><TestMethod codeBase="D:\Users\Steve Knipmeyer\Documents\GitHub\ModelRelief\ModelRelief.test\bin\Debug\netcoreapp2.0\ModelRelief.Test.dll" adapterTypeName="executor://xunit/VsTestRunner2/netcoreapp" className="ModelRelief.Test.Integration.Projects.ProjectsBaseIntegrationTests" name="Post_ValidReferencePropertyCreatesModel" /></UnitTest><UnitTest name="Delete_TargetModelIsDeleted" storage="d:\users\steve knipmeyer\documents\github\modelrelief\modelrelief.test\bin\debug\netcoreapp2.0\modelrelief.test.dll" id="4f4c4a3d-1641-4536-aa6c-7962db430e10"><Execution id="76772086-2ee6-4536-96c9-7545e0280e9a" /><TestMethod codeBase="D:\Users\Steve Knipmeyer\Documents\GitHub\ModelRelief\ModelRelief.test\bin\Debug\netcoreapp2.0\ModelRelief.Test.dll" adapterTypeName="executor://xunit/VsTestRunner2/netcoreapp" className="ModelRelief.Test.Integration.DepthBuffers.DepthBuffersBaseIntegrationTests" name="Delete_TargetModelIsDeleted" /></UnitTest><UnitTest name="GetSingle_ValidIdPropertyValueReturnsCorrectModel" storage="d:\users\steve knipmeyer\documents\github\modelrelief\modelrelief.test\bin\debug\netcoreapp2.0\modelrelief.test.dll" id="9f0dd3ed-374e-41e2-93de-c8cd7726053d"><Execution id="a7efccac-3954-404a-af8b-d1eea63d4932" /><TestMethod codeBase="D:\Users\Steve Knipmeyer\Documents\GitHub\ModelRelief\ModelRelief.test\bin\Debug\netcoreapp2.0\ModelRelief.Test.dll" adapterTypeName="executor://xunit/VsTestRunner2/netcoreapp" className="ModelRelief.Test.Integration.Projects.ProjectsBaseIntegrationTests" name="GetSingle_ValidIdPropertyValueReturnsCorrectModel" /></UnitTest><UnitTest name="Patch_InvalidIdPropertyReturnsNotFound" storage="d:\users\steve knipmeyer\documents\github\modelrelief\modelrelief.test\bin\debug\netcoreapp2.0\modelrelief.test.dll" id="cafe1fec-bd34-4714-b4dd-421859de0cd9"><Execution id="01e5cc74-dab0-41dd-9226-5c1a056545f3" /><TestMethod codeBase="D:\Users\Steve Knipmeyer\Documents\GitHub\ModelRelief\ModelRelief.test\bin\Debug\netcoreapp2.0\ModelRelief.Test.dll" adapterTypeName="executor://xunit/VsTestRunner2/netcoreapp" className="ModelRelief.Test.Integration.MeshTransforms.MeshTransformsBaseIntegrationTests" name="Patch_InvalidIdPropertyReturnsNotFound" /></UnitTest><UnitTest name="PutFile_FileCanBeUpdated" storage="d:\users\steve knipmeyer\documents\github\modelrelief\modelrelief.test\bin\debug\netcoreapp2.0\modelrelief.test.dll" id="b71fc2c7-c07a-41b5-90ba-5719f3290b20"><Execution id="63728c48-5397-45af-9d0c-30b50d808ad3" /><TestMethod codeBase="D:\Users\Steve Knipmeyer\Documents\GitHub\ModelRelief\ModelRelief.test\bin\Debug\netcoreapp2.0\ModelRelief.Test.dll" adapterTypeName="executor://xunit/VsTestRunner2/netcoreapp" className="ModelRelief.Test.Integration.DepthBuffers.DepthBuffersFileIntegrationTests" name="PutFile_FileCanBeUpdated" /></UnitTest><UnitTest name="Put_CanUpdateModel" storage="d:\users\steve knipmeyer\documents\github\modelrelief\modelrelief.test\bin\debug\netcoreapp2.0\modelrelief.test.dll" id="2278921a-baea-4abe-ba49-9087b19360af"><Execution id="9c651258-c736-4cef-9008-50dea06df95d" /><TestMethod codeBase="D:\Users\Steve Knipmeyer\Documents\GitHub\ModelRelief\ModelRelief.test\bin\Debug\netcoreapp2.0\ModelRelief.Test.dll" adapterTypeName="executor://xunit/VsTestRunner2/netcoreapp" className="ModelRelief.Test.Integration.MeshTransforms.MeshTransformsBaseIntegrationTests" name="Put_CanUpdateModel" /></UnitTest><UnitTest name="Post_InvalidReferencePropertyReturnsBadRequest" storage="d:\users\steve knipmeyer\documents\github\modelrelief\modelrelief.test\bin\debug\netcoreapp2.0\modelrelief.test.dll" id="4422dbac-2618-48f1-a40c-5afad4c36e31"><Execution id="6a919f97-a7da-47fd-9b6e-3fda6033a25d" /><TestMethod codeBase="D:\Users\Steve Knipmeyer\Documents\GitHub\ModelRelief\ModelRelief.test\bin\Debug\netcoreapp2.0\ModelRelief.Test.dll" adapterTypeName="executor://xunit/VsTestRunner2/netcoreapp" className="ModelRelief.Test.Integration.DepthBuffers.DepthBuffersBaseIntegrationTests" name="Post_InvalidReferencePropertyReturnsBadRequest" /></UnitTest><UnitTest name="Patch_InvalidIdPropertyReturnsNotFound" storage="d:\users\steve knipmeyer\documents\github\modelrelief\modelrelief.test\bin\debug\netcoreapp2.0\modelrelief.test.dll" id="94297605-321f-4a60-8f2f-65cf3aa28f44"><Execution id="d0ac3466-aa9b-449f-94b7-e1d70299ed2e" /><TestMethod codeBase="D:\Users\Steve Knipmeyer\Documents\GitHub\ModelRelief\ModelRelief.test\bin\Debug\netcoreapp2.0\ModelRelief.Test.dll" adapterTypeName="executor://xunit/VsTestRunner2/netcoreapp" className="ModelRelief.Test.Integration.Projects.ProjectsBaseIntegrationTests" name="Patch_InvalidIdPropertyReturnsNotFound" /></UnitTest><UnitTest name="Patch_InvalidIdPropertyReturnsNotFound" storage="d:\users\steve knipmeyer\documents\github\modelrelief\modelrelief.test\bin\debug\netcoreapp2.0\modelrelief.test.dll" id="de67dc0b-0b40-41f4-916d-a16e296f49ad"><Execution id="7b0a750e-d813-4e7f-b771-a70d5695272f" /><TestMethod codeBase="D:\Users\Steve Knipmeyer\Documents\GitHub\ModelRelief\ModelRelief.test\bin\Debug\netcoreapp2.0\ModelRelief.Test.dll" adapterTypeName="executor://xunit/VsTestRunner2/netcoreapp" className="ModelRelief.Test.Integration.Cameras.CamerasBaseIntegrationTests" name="Patch_InvalidIdPropertyReturnsNotFound" /></UnitTest><UnitTest name="FileRequest_FileCanBeReadAfterRename" storage="d:\users\steve knipmeyer\documents\github\modelrelief\modelrelief.test\bin\debug\netcoreapp2.0\modelrelief.test.dll" id="6a4c7a6c-5f47-48b6-ab03-4129fc531c55"><Execution id="be11bed4-7040-4707-a94f-289c44ef3fcf" /><TestMethod codeBase="D:\Users\Steve Knipmeyer\Documents\GitHub\ModelRelief\ModelRelief.test\bin\Debug\netcoreapp2.0\ModelRelief.Test.dll" adapterTypeName="executor://xunit/VsTestRunner2/netcoreapp" className="ModelRelief.Test.Integration.Models.ModelsFileIntegrationTests" name="FileRequest_FileCanBeReadAfterRename" /></UnitTest><UnitTest name="Put_InvalidIdReturnsNotFound" storage="d:\users\steve knipmeyer\documents\github\modelrelief\modelrelief.test\bin\debug\netcoreapp2.0\modelrelief.test.dll" id="d3dc10f8-37a6-4662-bcb6-394f4c834f6d"><Execution id="6fe7fbfd-1980-40ab-8e66-91762758450c" /><TestMethod codeBase="D:\Users\Steve Knipmeyer\Documents\GitHub\ModelRelief\ModelRelief.test\bin\Debug\netcoreapp2.0\ModelRelief.Test.dll" adapterTypeName="executor://xunit/VsTestRunner2/netcoreapp" className="ModelRelief.Test.Integration.MeshTransforms.MeshTransformsBaseIntegrationTests" name="Put_InvalidIdReturnsNotFound" /></UnitTest><UnitTest name="Post_InvalidPropertyValueReturnsBadRequest" storage="d:\users\steve knipmeyer\documents\github\modelrelief\modelrelief.test\bin\debug\netcoreapp2.0\modelrelief.test.dll" id="e6af662a-806e-4c2f-8e80-03ef930813d9"><Execution id="206482f1-d3d2-4781-80a0-add3d9b9600a" /><TestMethod codeBase="D:\Users\Steve Knipmeyer\Documents\GitHub\ModelRelief\ModelRelief.test\bin\Debug\netcoreapp2.0\ModelRelief.Test.dll" adapterTypeName="executor://xunit/VsTestRunner2/netcoreapp" className="ModelRelief.Test.Integration.DepthBuffers.DepthBuffersBaseIntegrationTests" name="Post_InvalidPropertyValueReturnsBadRequest" /></UnitTest><UnitTest name="Patch_InvalidPropertyNameReturnsBadRequest" storage="d:\users\steve knipmeyer\documents\github\modelrelief\modelrelief.test\bin\debug\netcoreapp2.0\modelrelief.test.dll" id="c11f0cda-a1a8-410d-950a-2b668fb3c43d"><Execution id="73818cce-5561-4d0b-8396-289cc96497cd" /><TestMethod codeBase="D:\Users\Steve Knipmeyer\Documents\GitHub\ModelRelief\ModelRelief.test\bin\Debug\netcoreapp2.0\ModelRelief.Test.dll" adapterTypeName="executor://xunit/VsTestRunner2/netcoreapp" className="ModelRelief.Test.Integration.DepthBuffers.DepthBuffersBaseIntegrationTests" name="Patch_InvalidPropertyNameReturnsBadRequest" /></UnitTest><UnitTest name="Put_InvalidIdReturnsNotFound" storage="d:\users\steve knipmeyer\documents\github\modelrelief\modelrelief.test\bin\debug\netcoreapp2.0\modelrelief.test.dll" id="a0337b37-9d0d-426a-af83-4f676e69712c"><Execution id="d64d7b97-4b1e-4fc9-b78e-cde921569209" /><TestMethod codeBase="D:\Users\Steve Knipmeyer\Documents\GitHub\ModelRelief\ModelRelief.test\bin\Debug\netcoreapp2.0\ModelRelief.Test.dll" adapterTypeName="executor://xunit/VsTestRunner2/netcoreapp" className="ModelRelief.Test.Integration.Cameras.CamerasBaseIntegrationTests" name="Put_InvalidIdReturnsNotFound" /></UnitTest><UnitTest name="Put_InvalidReferencePropertyReturndBadRequest" storage="d:\users\steve knipmeyer\documents\github\modelrelief\modelrelief.test\bin\debug\netcoreapp2.0\modelrelief.test.dll" id="f4e886aa-7bfd-49ba-aeea-f1c13de3eeb5"><Execution id="278e29ab-9fb4-433f-80ab-f613d9912cd0" /><TestMethod codeBase="D:\Users\Steve Knipmeyer\Documents\GitHub\ModelRelief\ModelRelief.test\bin\Debug\netcoreapp2.0\ModelRelief.Test.dll" adapterTypeName="executor://xunit/VsTestRunner2/netcoreapp" className="ModelRelief.Test.Integration.MeshTransforms.MeshTransformsBaseIntegrationTests" name="Put_InvalidReferencePropertyReturndBadRequest" /></UnitTest><UnitTest name="Post_InvalidPropertyValueReturnsBadRequest" storage="d:\users\steve knipmeyer\documents\github\modelrelief\modelrelief.test\bin\debug\netcoreapp2.0\modelrelief.test.dll" id="d7f65b8a-17ee-4d7d-8571-171e6c31706a"><Execution id="788fe66d-7fcb-4131-8017-b514beb5d074" /><TestMethod codeBase="D:\Users\Steve Knipmeyer\Documents\GitHub\ModelRelief\ModelRelief.test\bin\Debug\netcoreapp2.0\ModelRelief.Test.dll" adapterTypeName="executor://xunit/VsTestRunner2/netcoreapp" className="ModelRelief.Test.Integration.Meshes.MeshesBaseIntegrationTests" name="Post_InvalidPropertyValueReturnsBadRequest" /></UnitTest><UnitTest name="Patch_InvalidReferencePropertyReturnsBadRequest" storage="d:\users\steve knipmeyer\documents\github\modelrelief\modelrelief.test\bin\debug\netcoreapp2.0\modelrelief.test.dll" id="c916eafb-df50-4276-89b5-ccbdcc9e4e86"><Execution id="4e50dd1f-8c4d-45a6-a8cc-e69d172124c6" /><TestMethod codeBase="D:\Users\Steve Knipmeyer\Documents\GitHub\ModelRelief\ModelRelief.test\bin\Debug\netcoreapp2.0\ModelRelief.Test.dll" adapterTypeName="executor://xunit/VsTestRunner2/netcoreapp" className="ModelRelief.Test.Integration.DepthBuffers.DepthBuffersBaseIntegrationTests" name="Patch_InvalidReferencePropertyReturnsBadRequest" /></UnitTest><UnitTest name="Post_CanCreateNewModel" storage="d:\users\steve knipmeyer\documents\github\modelrelief\modelrelief.test\bin\debug\netcoreapp2.0\modelrelief.test.dll" id="eefede56-3496-496e-8ce1-bd0db8b204ac"><Execution id="86ccf6d1-b04f-4dc6-a67f-42a0b4bf46ee" /><TestMethod codeBase="D:\Users\Steve Knipmeyer\Documents\GitHub\ModelRelief\ModelRelief.test\bin\Debug\netcoreapp2.0\ModelRelief.Test.dll" adapterTypeName="executor://xunit/VsTestRunner2/netcoreapp" className="ModelRelief.Test.Integration.DepthBuffers.DepthBuffersBaseIntegrationTests" name="Post_CanCreateNewModel" /></UnitTest><UnitTest name="Put_InvalidIdReturnsNotFound" storage="d:\users\steve knipmeyer\documents\github\modelrelief\modelrelief.test\bin\debug\netcoreapp2.0\modelrelief.test.dll" id="87e0e042-4582-4f0f-ac72-058b9e401930"><Execution id="061a435d-0f71-4107-a6de-731846b5aa2c" /><TestMethod codeBase="D:\Users\Steve Knipmeyer\Documents\GitHub\ModelRelief\ModelRelief.test\bin\Debug\netcoreapp2.0\ModelRelief.Test.dll" adapterTypeName="executor://xunit/VsTestRunner2/netcoreapp" className="ModelRelief.Test.Integration.Models.ModelsBaseIntegrationTests" name="Put_InvalidIdReturnsNotFound" /></UnitTest><UnitTest name="PostFile_FileIsSynchronizedIsUpdatedAfterFileIsPosted" storage="d:\users\steve knipmeyer\documents\github\modelrelief\modelrelief.test\bin\debug\netcoreapp2.0\modelrelief.test.dll" id="942b1386-0f4e-4aad-a256-443104dcfa75"><Execution id="cb782d0b-0c02-4772-88bd-695324ceaa47" /><TestMethod codeBase="D:\Users\Steve Knipmeyer\Documents\GitHub\ModelRelief\ModelRelief.test\bin\Debug\netcoreapp2.0\ModelRelief.Test.dll" adapterTypeName="executor://xunit/VsTestRunner2/netcoreapp" className="ModelRelief.Test.Integration.Models.ModelsFileIntegrationTests" name="PostFile_FileIsSynchronizedIsUpdatedAfterFileIsPosted" /></UnitTest><UnitTest name="Patch_InvalidReferencePropertyReturnsBadRequest" storage="d:\users\steve knipmeyer\documents\github\modelrelief\modelrelief.test\bin\debug\netcoreapp2.0\modelrelief.test.dll" id="30ba029e-cf0d-450d-bee3-1bcc5f2efcc0"><Execution id="457df645-07db-4849-a245-1535c2f291b0" /><TestMethod codeBase="D:\Users\Steve Knipmeyer\Documents\GitHub\ModelRelief\ModelRelief.test\bin\Debug\netcoreapp2.0\ModelRelief.Test.dll" adapterTypeName="executor://xunit/VsTestRunner2/netcoreapp" className="ModelRelief.Test.Integration.Projects.ProjectsBaseIntegrationTests" name="Patch_InvalidReferencePropertyReturnsBadRequest" /></UnitTest><UnitTest name="Patch_InvalidPropertyNameReturnsBadRequest" storage="d:\users\steve knipmeyer\documents\github\modelrelief\modelrelief.test\bin\debug\netcoreapp2.0\modelrelief.test.dll" id="7492c2d7-8bab-4ff9-a434-5236291dbe81"><Execution id="cf31388d-b4b5-4a24-9982-72b5e1a3c8ac" /><TestMethod codeBase="D:\Users\Steve Knipmeyer\Documents\GitHub\ModelRelief\ModelRelief.test\bin\Debug\netcoreapp2.0\ModelRelief.Test.dll" adapterTypeName="executor://xunit/VsTestRunner2/netcoreapp" className="ModelRelief.Test.Integration.Models.ModelsBaseIntegrationTests" name="Patch_InvalidPropertyNameReturnsBadRequest" /></UnitTest><UnitTest name="PostFile_FileIsSynchronizedIsUpdatedAfterFileIsPosted" storage="d:\users\steve knipmeyer\documents\github\modelrelief\modelrelief.test\bin\debug\netcoreapp2.0\modelrelief.test.dll" id="f43d8287-7cfb-4d34-88ae-1c2c80373e6a"><Execution id="b0f41d57-876e-42bb-ad5c-7e62efae649a" /><TestMethod codeBase="D:\Users\Steve Knipmeyer\Documents\GitHub\ModelRelief\ModelRelief.test\bin\Debug\netcoreapp2.0\ModelRelief.Test.dll" adapterTypeName="executor://xunit/VsTestRunner2/netcoreapp" className="ModelRelief.Test.Integration.Meshes.MeshesFileIntegrationTests" name="PostFile_FileIsSynchronizedIsUpdatedAfterFileIsPosted" /></UnitTest><UnitTest name="FileRequest_DepthBufferIsInvalidatedAfterCameraDependencyPropertyChange" storage="d:\users\steve knipmeyer\documents\github\modelrelief\modelrelief.test\bin\debug\netcoreapp2.0\modelrelief.test.dll" id="34c8f69a-7dd6-4416-86c2-87f7913823d8"><Execution id="8d9e50fc-e7a4-4a76-a1aa-9d5b28cb030c" /><TestMethod codeBase="D:\Users\Steve Knipmeyer\Documents\GitHub\ModelRelief\ModelRelief.test\bin\Debug\netcoreapp2.0\ModelRelief.Test.dll" adapterTypeName="executor://xunit/VsTestRunner2/netcoreapp" className="ModelRelief.Test.Integration.DepthBuffers.DepthBuffersFileIntegrationTests" name="FileRequest_DepthBufferIsInvalidatedAfterCameraDependencyPropertyChange" /></UnitTest><UnitTest name="Put_CanUpdateModel" storage="d:\users\steve knipmeyer\documents\github\modelrelief\modelrelief.test\bin\debug\netcoreapp2.0\modelrelief.test.dll" id="02a914da-d5a0-4a28-bf53-91e32197624b"><Execution id="ae61deeb-726a-452b-9adc-dd2cae29cb78" /><TestMethod codeBase="D:\Users\Steve Knipmeyer\Documents\GitHub\ModelRelief\ModelRelief.test\bin\Debug\netcoreapp2.0\ModelRelief.Test.dll" adapterTypeName="executor://xunit/VsTestRunner2/netcoreapp" className="ModelRelief.Test.Integration.Cameras.CamerasBaseIntegrationTests" name="Put_CanUpdateModel" /></UnitTest><UnitTest name="Post_InvalidReferencePropertyReturnsBadRequest" storage="d:\users\steve knipmeyer\documents\github\modelrelief\modelrelief.test\bin\debug\netcoreapp2.0\modelrelief.test.dll" id="ebf35a8a-ece3-4000-aa68-80733371d6de"><Execution id="1f09114a-3bcd-47ef-a71b-30422795bbac" /><TestMethod codeBase="D:\Users\Steve Knipmeyer\Documents\GitHub\ModelRelief\ModelRelief.test\bin\Debug\netcoreapp2.0\ModelRelief.Test.dll" adapterTypeName="executor://xunit/VsTestRunner2/netcoreapp" className="ModelRelief.Test.Integration.Projects.ProjectsBaseIntegrationTests" name="Post_InvalidReferencePropertyReturnsBadRequest" /></UnitTest><UnitTest name="Patch_InvalidIdPropertyReturnsNotFound" storage="d:\users\steve knipmeyer\documents\github\modelrelief\modelrelief.test\bin\debug\netcoreapp2.0\modelrelief.test.dll" id="1cedbaf7-61a7-4f66-a5dd-0e77c356591f"><Execution id="2325d061-9fc0-48a2-b007-03b293d49f5c" /><TestMethod codeBase="D:\Users\Steve Knipmeyer\Documents\GitHub\ModelRelief\ModelRelief.test\bin\Debug\netcoreapp2.0\ModelRelief.Test.dll" adapterTypeName="executor://xunit/VsTestRunner2/netcoreapp" className="ModelRelief.Test.Integration.Models.ModelsBaseIntegrationTests" name="Patch_InvalidIdPropertyReturnsNotFound" /></UnitTest><UnitTest name="GetSingle_InvalidIdPropertyValueReturnsNotFound" storage="d:\users\steve knipmeyer\documents\github\modelrelief\modelrelief.test\bin\debug\netcoreapp2.0\modelrelief.test.dll" id="e0161e87-6a03-4970-be26-92640c788ed4"><Execution id="96b00a22-68ea-4976-b5b1-4f36e38d6cec" /><TestMethod codeBase="D:\Users\Steve Knipmeyer\Documents\GitHub\ModelRelief\ModelRelief.test\bin\Debug\netcoreapp2.0\ModelRelief.Test.dll" adapterTypeName="executor://xunit/VsTestRunner2/netcoreapp" className="ModelRelief.Test.Integration.Meshes.MeshesBaseIntegrationTests" name="GetSingle_InvalidIdPropertyValueReturnsNotFound" /></UnitTest><UnitTest name="PutFile_NewFileCanBePut" storage="d:\users\steve knipmeyer\documents\github\modelrelief\modelrelief.test\bin\debug\netcoreapp2.0\modelrelief.test.dll" id="7ba03a4e-6ebb-4585-82e0-a23fcb690999"><Execution id="4f839c09-9f94-4394-a918-2d21e46156bf" /><TestMethod codeBase="D:\Users\Steve Knipmeyer\Documents\GitHub\ModelRelief\ModelRelief.test\bin\Debug\netcoreapp2.0\ModelRelief.Test.dll" adapterTypeName="executor://xunit/VsTestRunner2/netcoreapp" className="ModelRelief.Test.Integration.DepthBuffers.DepthBuffersFileIntegrationTests" name="PutFile_NewFileCanBePut" /></UnitTest><UnitTest name="GetFile_FileCanBeRoundTripped" storage="d:\users\steve knipmeyer\documents\github\modelrelief\modelrelief.test\bin\debug\netcoreapp2.0\modelrelief.test.dll" id="26035b31-f9ef-4251-a7c5-a496cfd379fa"><Execution id="66d520d7-8a4f-4d52-b6c5-2e3f4072992e" /><TestMethod codeBase="D:\Users\Steve Knipmeyer\Documents\GitHub\ModelRelief\ModelRelief.test\bin\Debug\netcoreapp2.0\ModelRelief.Test.dll" adapterTypeName="executor://xunit/VsTestRunner2/netcoreapp" className="ModelRelief.Test.Integration.Models.ModelsFileIntegrationTests" name="GetFile_FileCanBeRoundTripped" /></UnitTest><UnitTest name="CameraHasExpectedDependentFiles" storage="d:\users\steve knipmeyer\documents\github\modelrelief\modelrelief.test\bin\debug\netcoreapp2.0\modelrelief.test.dll" id="d2846591-5712-4b81-a357-116c9ab40c64"><Execution id="1dc1c6ca-9506-4e41-82ea-c74bcf938ec7" /><TestMethod codeBase="D:\Users\Steve Knipmeyer\Documents\GitHub\ModelRelief\ModelRelief.test\bin\Debug\netcoreapp2.0\ModelRelief.Test.dll" adapterTypeName="executor://xunit/VsTestRunner2/netcoreapp" className="ModelRelief.Test.Unit.DependencyManager.DependencyManagerTests" name="CameraHasExpectedDependentFiles" /></UnitTest><UnitTest name="Post_CanCreateNewModel" storage="d:\users\steve knipmeyer\documents\github\modelrelief\modelrelief.test\bin\debug\netcoreapp2.0\modelrelief.test.dll" id="4c9f46b7-68ba-4a04-a88d-bea84587c7cd"><Execution id="69029278-02ee-4260-9a05-31e6908d0406" /><TestMethod codeBase="D:\Users\Steve Knipmeyer\Documents\GitHub\ModelRelief\ModelRelief.test\bin\Debug\netcoreapp2.0\ModelRelief.Test.dll" adapterTypeName="executor://xunit/VsTestRunner2/netcoreapp" className="ModelRelief.Test.Integration.Cameras.CamerasBaseIntegrationTests" name="Post_CanCreateNewModel" /></UnitTest><UnitTest name="GetSingle_ValidIdPropertyValueReturnsCorrectModel" storage="d:\users\steve knipmeyer\documents\github\modelrelief\modelrelief.test\bin\debug\netcoreapp2.0\modelrelief.test.dll" id="693b3574-941c-44a3-95ab-f5465a91ff21"><Execution id="3997610a-7b83-48ef-84c0-047dfcf9e72e" /><TestMethod codeBase="D:\Users\Steve Knipmeyer\Documents\GitHub\ModelRelief\ModelRelief.test\bin\Debug\netcoreapp2.0\ModelRelief.Test.dll" adapterTypeName="executor://xunit/VsTestRunner2/netcoreapp" className="ModelRelief.Test.Integration.MeshTransforms.MeshTransformsBaseIntegrationTests" name="GetSingle_ValidIdPropertyValueReturnsCorrectModel" /></UnitTest><UnitTest name="Post_ValidReferencePropertyCreatesModel" storage="d:\users\steve knipmeyer\documents\github\modelrelief\modelrelief.test\bin\debug\netcoreapp2.0\modelrelief.test.dll" id="bc7f7883-8efb-4bb4-9ee7-10bf625aa4bc"><Execution id="1a7e4daf-28fb-486b-aa13-68f6810c6406" /><TestMethod codeBase="D:\Users\Steve Knipmeyer\Documents\GitHub\ModelRelief\ModelRelief.test\bin\Debug\netcoreapp2.0\ModelRelief.Test.dll" adapterTypeName="executor://xunit/VsTestRunner2/netcoreapp" className="ModelRelief.Test.Integration.Cameras.CamerasBaseIntegrationTests" name="Post_ValidReferencePropertyCreatesModel" /></UnitTest><UnitTest name="Patch_InvalidPropertyNameReturnsBadRequest" storage="d:\users\steve knipmeyer\documents\github\modelrelief\modelrelief.test\bin\debug\netcoreapp2.0\modelrelief.test.dll" id="5e1648b4-4c72-46ed-bf32-9a00b24916da"><Execution id="5b619983-7e37-4be8-b4bb-01598ca59e68" /><TestMethod codeBase="D:\Users\Steve Knipmeyer\Documents\GitHub\ModelRelief\ModelRelief.test\bin\Debug\netcoreapp2.0\ModelRelief.Test.dll" adapterTypeName="executor://xunit/VsTestRunner2/netcoreapp" className="ModelRelief.Test.Integration.Meshes.MeshesBaseIntegrationTests" name="Patch_InvalidPropertyNameReturnsBadRequest" /></UnitTest><UnitTest name="Put_InvalidReferencePropertyReturndBadRequest" storage="d:\users\steve knipmeyer\documents\github\modelrelief\modelrelief.test\bin\debug\netcoreapp2.0\modelrelief.test.dll" id="3fddc1ea-c989-48a6-bf7e-0a562f49a2d0"><Execution id="41a1b67f-a2a3-4415-a248-1e6bd7a7b320" /><TestMethod codeBase="D:\Users\Steve Knipmeyer\Documents\GitHub\ModelRelief\ModelRelief.test\bin\Debug\netcoreapp2.0\ModelRelief.Test.dll" adapterTypeName="executor://xunit/VsTestRunner2/netcoreapp" className="ModelRelief.Test.Integration.Cameras.CamerasBaseIntegrationTests" name="Put_InvalidReferencePropertyReturndBadRequest" /></UnitTest><UnitTest name="GetList_ListReturnsCorrectCount" storage="d:\users\steve knipmeyer\documents\github\modelrelief\modelrelief.test\bin\debug\netcoreapp2.0\modelrelief.test.dll" id="21bf7764-74f9-4439-8915-7e1ead5abad9"><Execution id="4a5efd2d-0343-4af6-afa1-fdecc74732d1" /><TestMethod codeBase="D:\Users\Steve Knipmeyer\Documents\GitHub\ModelRelief\ModelRelief.test\bin\Debug\netcoreapp2.0\ModelRelief.Test.dll" adapterTypeName="executor://xunit/VsTestRunner2/netcoreapp" className="ModelRelief.Test.Integration.DepthBuffers.DepthBuffersBaseIntegrationTests" name="GetList_ListReturnsCorrectCount" /></UnitTest><UnitTest name="FileRequest_MeshGenerateScalesDepthBufferByP1Scale" storage="d:\users\steve knipmeyer\documents\github\modelrelief\modelrelief.test\bin\debug\netcoreapp2.0\modelrelief.test.dll" id="cc7789c3-fbf3-46c3-ab49-aefc6fb70a23"><Execution id="89ada6ae-d24a-4847-8212-cb90bfbab495" /><TestMethod codeBase="D:\Users\Steve Knipmeyer\Documents\GitHub\ModelRelief\ModelRelief.test\bin\Debug\netcoreapp2.0\ModelRelief.Test.dll" adapterTypeName="executor://xunit/VsTestRunner2/netcoreapp" className="ModelRelief.Test.Integration.Meshes.MeshesFileIntegrationTests" name="FileRequest_MeshGenerateScalesDepthBufferByP1Scale" /></UnitTest><UnitTest name="Patch_InvalidEnumPropertyValueReturnsBadRequest" storage="d:\users\steve knipmeyer\documents\github\modelrelief\modelrelief.test\bin\debug\netcoreapp2.0\modelrelief.test.dll" id="e36583cd-a917-48dd-8959-f17f2d67fdf8"><Execution id="9c4201f7-ffe1-470e-80c8-41fb4e36dd24" /><TestMethod codeBase="D:\Users\Steve Knipmeyer\Documents\GitHub\ModelRelief\ModelRelief.test\bin\Debug\netcoreapp2.0\ModelRelief.Test.dll" adapterTypeName="executor://xunit/VsTestRunner2/netcoreapp" className="ModelRelief.Test.Integration.Meshes.MeshesBaseIntegrationTests" name="Patch_InvalidEnumPropertyValueReturnsBadRequest" /></UnitTest><UnitTest name="Patch_ValidReferencePropertyUpdatesModel" storage="d:\users\steve knipmeyer\documents\github\modelrelief\modelrelief.test\bin\debug\netcoreapp2.0\modelrelief.test.dll" id="60c7f2d3-7b0d-40d7-8a2c-4fae21c2345f"><Execution id="9bc9cfbd-7c4e-4e39-808c-ad9915cc54e1" /><TestMethod codeBase="D:\Users\Steve Knipmeyer\Documents\GitHub\ModelRelief\ModelRelief.test\bin\Debug\netcoreapp2.0\ModelRelief.Test.dll" adapterTypeName="executor://xunit/VsTestRunner2/netcoreapp" className="ModelRelief.Test.Integration.Meshes.MeshesBaseIntegrationTests" name="Patch_ValidReferencePropertyUpdatesModel" /></UnitTest><UnitTest name="Patch_InvalidReferencePropertyReturnsBadRequest" storage="d:\users\steve knipmeyer\documents\github\modelrelief\modelrelief.test\bin\debug\netcoreapp2.0\modelrelief.test.dll" id="612ee224-5279-481a-87b1-b15e89f81104"><Execution id="63a49bdc-1e31-485c-a196-2eff235f910d" /><TestMethod codeBase="D:\Users\Steve Knipmeyer\Documents\GitHub\ModelRelief\ModelRelief.test\bin\Debug\netcoreapp2.0\ModelRelief.Test.dll" adapterTypeName="executor://xunit/VsTestRunner2/netcoreapp" className="ModelRelief.Test.Integration.Cameras.CamerasBaseIntegrationTests" name="Patch_InvalidReferencePropertyReturnsBadRequest" /></UnitTest><UnitTest name="Put_ValidReferencePropertyUpdatesModel" storage="d:\users\steve knipmeyer\documents\github\modelrelief\modelrelief.test\bin\debug\netcoreapp2.0\modelrelief.test.dll" id="02e1806d-0295-4918-b3ea-801b1f46e6a9"><Execution id="4f8fe1fa-d3a3-4db5-a499-3cf0583e5a0b" /><TestMethod codeBase="D:\Users\Steve Knipmeyer\Documents\GitHub\ModelRelief\ModelRelief.test\bin\Debug\netcoreapp2.0\ModelRelief.Test.dll" adapterTypeName="executor://xunit/VsTestRunner2/netcoreapp" className="ModelRelief.Test.Integration.Meshes.MeshesBaseIntegrationTests" name="Put_ValidReferencePropertyUpdatesModel" /></UnitTest><UnitTest name="PostFile_FileTimeStampIsUpdatedAfterFileIsPosted" storage="d:\users\steve knipmeyer\documents\github\modelrelief\modelrelief.test\bin\debug\netcoreapp2.0\modelrelief.test.dll" id="6eefb77a-1d41-46c9-9bf3-f5186f5a4fd8"><Execution id="6e7b2c7c-dd26-47ad-ad29-fcf64240ef14" /><TestMethod codeBase="D:\Users\Steve Knipmeyer\Documents\GitHub\ModelRelief\ModelRelief.test\bin\Debug\netcoreapp2.0\ModelRelief.Test.dll" adapterTypeName="executor://xunit/VsTestRunner2/netcoreapp" className="ModelRelief.Test.Integration.DepthBuffers.DepthBuffersFileIntegrationTests" name="PostFile_FileTimeStampIsUpdatedAfterFileIsPosted" /></UnitTest><UnitTest name="Delete_TargetModelIsDeleted" storage="d:\users\steve knipmeyer\documents\github\modelrelief\modelrelief.test\bin\debug\netcoreapp2.0\modelrelief.test.dll" id="059eb606-009a-4527-aff5-2a51410d54d4"><Execution id="55ef01f0-8ed0-4713-979c-7c1fb2aff4fb" /><TestMethod codeBase="D:\Users\Steve Knipmeyer\Documents\GitHub\ModelRelief\ModelRelief.test\bin\Debug\netcoreapp2.0\ModelRelief.Test.dll" adapterTypeName="executor://xunit/VsTestRunner2/netcoreapp" className="ModelRelief.Test.Integration.Projects.ProjectsBaseIntegrationTests" name="Delete_TargetModelIsDeleted" /></UnitTest><UnitTest name="Post_InvalidPropertyValueReturnsBadRequest" storage="d:\users\steve knipmeyer\documents\github\modelrelief\modelrelief.test\bin\debug\netcoreapp2.0\modelrelief.test.dll" id="3f503333-4074-4b25-ac39-a1dfad50df70"><Execution id="8902daa5-04ef-49f3-8af4-85174bf055f0" /><TestMethod codeBase="D:\Users\Steve Knipmeyer\Documents\GitHub\ModelRelief\ModelRelief.test\bin\Debug\netcoreapp2.0\ModelRelief.Test.dll" adapterTypeName="executor://xunit/VsTestRunner2/netcoreapp" className="ModelRelief.Test.Integration.Projects.ProjectsBaseIntegrationTests" name="Post_InvalidPropertyValueReturnsBadRequest" /></UnitTest><UnitTest name="Patch_TargetPropertyIsUpdated" storage="d:\users\steve knipmeyer\documents\github\modelrelief\modelrelief.test\bin\debug\netcoreapp2.0\modelrelief.test.dll" id="693e930e-26b4-4357-8f08-f0f4646ddc34"><Execution id="0b2e5640-fdea-4538-9712-d71e89392cf8" /><TestMethod codeBase="D:\Users\Steve Knipmeyer\Documents\GitHub\ModelRelief\ModelRelief.test\bin\Debug\netcoreapp2.0\ModelRelief.Test.dll" adapterTypeName="executor://xunit/VsTestRunner2/netcoreapp" className="ModelRelief.Test.Integration.MeshTransforms.MeshTransformsBaseIntegrationTests" name="Patch_TargetPropertyIsUpdated" /></UnitTest><UnitTest name="PostFile_NewFileCanBePosted" storage="d:\users\steve knipmeyer\documents\github\modelrelief\modelrelief.test\bin\debug\netcoreapp2.0\modelrelief.test.dll" id="337cfa6c-cb5c-4c0f-b803-a716074d97c1"><Execution id="28b49ecf-9035-4e35-b413-6333f3f4d47a" /><TestMethod codeBase="D:\Users\Steve Knipmeyer\Documents\GitHub\ModelRelief\ModelRelief.test\bin\Debug\netcoreapp2.0\ModelRelief.Test.dll" adapterTypeName="executor://xunit/VsTestRunner2/netcoreapp" className="ModelRelief.Test.Integration.Models.ModelsFileIntegrationTests" name="PostFile_NewFileCanBePosted" /></UnitTest><UnitTest name="Patch_TargetPropertyIsUpdated" storage="d:\users\steve knipmeyer\documents\github\modelrelief\modelrelief.test\bin\debug\netcoreapp2.0\modelrelief.test.dll" id="65e59d85-fa64-4cbc-b56a-f11d154b5b61"><Execution id="7c62f034-3548-4712-9668-855f9181d281" /><TestMethod codeBase="D:\Users\Steve Knipmeyer\Documents\GitHub\ModelRelief\ModelRelief.test\bin\Debug\netcoreapp2.0\ModelRelief.Test.dll" adapterTypeName="executor://xunit/VsTestRunner2/netcoreapp" className="ModelRelief.Test.Integration.Meshes.MeshesBaseIntegrationTests" name="Patch_TargetPropertyIsUpdated" /></UnitTest><UnitTest name="Delete_TargetModelIsDeleted" storage="d:\users\steve knipmeyer\documents\github\modelrelief\modelrelief.test\bin\debug\netcoreapp2.0\modelrelief.test.dll" id="a97ab86a-bd34-4aeb-a134-3eb4bcd363d2"><Execution id="dbce3899-62ec-404d-8aa5-baaaee7cbd9d" /><TestMethod codeBase="D:\Users\Steve Knipmeyer\Documents\GitHub\ModelRelief\ModelRelief.test\bin\Debug\netcoreapp2.0\ModelRelief.Test.dll" adapterTypeName="executor://xunit/VsTestRunner2/netcoreapp" className="ModelRelief.Test.Integration.Cameras.CamerasBaseIntegrationTests" name="Delete_TargetModelIsDeleted" /></UnitTest><UnitTest name="FileRequest_MeshGenerateSetsFileIsSynchronized" storage="d:\users\steve knipmeyer\documents\github\modelrelief\modelrelief.test\bin\debug\netcoreapp2.0\modelrelief.test.dll" id="03626317-af09-4e8e-85e3-a9ff2ab104b1"><Execution id="9994adb7-6a7d-4c85-9cab-8ad13562db0f" /><TestMethod codeBase="D:\Users\Steve Knipmeyer\Documents\GitHub\ModelRelief\ModelRelief.test\bin\Debug\netcoreapp2.0\ModelRelief.Test.dll" adapterTypeName="executor://xunit/VsTestRunner2/netcoreapp" className="ModelRelief.Test.Integration.Meshes.MeshesFileIntegrationTests" name="FileRequest_MeshGenerateSetsFileIsSynchronized" /></UnitTest><UnitTest name="LucyCameraFindsAllDependents" storage="d:\users\steve knipmeyer\documents\github\modelrelief\modelrelief.test\bin\debug\netcoreapp2.0\modelrelief.test.dll" id="b48b5fc9-9fdc-4755-bab2-4c2989d13d3e"><Execution id="0956813e-02a8-4997-8ea7-eb0955125ff8" /><TestMethod codeBase="D:\Users\Steve Knipmeyer\Documents\GitHub\ModelRelief\ModelRelief.test\bin\Debug\netcoreapp2.0\ModelRelief.Test.dll" adapterTypeName="executor://xunit/VsTestRunner2/netcoreapp" className="ModelRelief.Test.Unit.DependencyManager.DependencyManagerTests" name="LucyCameraFindsAllDependents" /></UnitTest><UnitTest name="Patch_MultipleInvalidReferencePropertiesReturnsMultipleValidationErrorsAndBadRequest" storage="d:\users\steve knipmeyer\documents\github\modelrelief\modelrelief.test\bin\debug\netcoreapp2.0\modelrelief.test.dll" id="72d25a03-26a0-4cfc-a1d6-d4fa8bf48cb4"><Execution id="6f8f4a6c-9905-48da-a798-ffee78b43c90" /><TestMethod codeBase="D:\Users\Steve Knipmeyer\Documents\GitHub\ModelRelief\ModelRelief.test\bin\Debug\netcoreapp2.0\ModelRelief.Test.dll" adapterTypeName="executor://xunit/VsTestRunner2/netcoreapp" className="ModelRelief.Test.Integration.Meshes.MeshesBaseIntegrationTests" name="Patch_MultipleInvalidReferencePropertiesReturnsMultipleValidationErrorsAndBadRequest" /></UnitTest><UnitTest name="Put_CanUpdateModel" storage="d:\users\steve knipmeyer\documents\github\modelrelief\modelrelief.test\bin\debug\netcoreapp2.0\modelrelief.test.dll" id="b34fa52c-f705-4749-8de2-a2a7d88248e7"><Execution id="48d0c2ed-af1f-4637-82f5-35797655e54e" /><TestMethod codeBase="D:\Users\Steve Knipmeyer\Documents\GitHub\ModelRelief\ModelRelief.test\bin\Debug\netcoreapp2.0\ModelRelief.Test.dll" adapterTypeName="executor://xunit/VsTestRunner2/netcoreapp" className="ModelRelief.Test.Integration.Meshes.MeshesBaseIntegrationTests" name="Put_CanUpdateModel" /></UnitTest><UnitTest name="Patch_InvalidIdPropertyReturnsNotFound" storage="d:\users\steve knipmeyer\documents\github\modelrelief\modelrelief.test\bin\debug\netcoreapp2.0\modelrelief.test.dll" id="3187d7a7-89e8-479a-9195-0a0c211e8d82"><Execution id="a1f53cd3-7abc-47f0-81f0-147c11605fb9" /><TestMethod codeBase="D:\Users\Steve Knipmeyer\Documents\GitHub\ModelRelief\ModelRelief.test\bin\Debug\netcoreapp2.0\ModelRelief.Test.dll" adapterTypeName="executor://xunit/VsTestRunner2/netcoreapp" className="ModelRelief.Test.Integration.DepthBuffers.DepthBuffersBaseIntegrationTests" name="Patch_InvalidIdPropertyReturnsNotFound" /></UnitTest><UnitTest name="Patch_InvalidPropertyNameReturnsBadRequest" storage="d:\users\steve knipmeyer\documents\github\modelrelief\modelrelief.test\bin\debug\netcoreapp2.0\modelrelief.test.dll" id="624957a5-bbf3-4d9b-9fe9-78f4194fd226"><Execution id="360e61f1-c82e-4d8a-9e5d-46716820faf5" /><TestMethod codeBase="D:\Users\Steve Knipmeyer\Documents\GitHub\ModelRelief\ModelRelief.test\bin\Debug\netcoreapp2.0\ModelRelief.Test.dll" adapterTypeName="executor://xunit/VsTestRunner2/netcoreapp" className="ModelRelief.Test.Integration.MeshTransforms.MeshTransformsBaseIntegrationTests" name="Patch_InvalidPropertyNameReturnsBadRequest" /></UnitTest><UnitTest name="Patch_ValidReferencePropertyUpdatesModel" storage="d:\users\steve knipmeyer\documents\github\modelrelief\modelrelief.test\bin\debug\netcoreapp2.0\modelrelief.test.dll" id="d8ef36bd-eaec-48fc-bb4c-bb66ddd3b117"><Execution id="731b3780-5f01-4ea8-a08b-a36ee9455cd2" /><TestMethod codeBase="D:\Users\Steve Knipmeyer\Documents\GitHub\ModelRelief\ModelRelief.test\bin\Debug\netcoreapp2.0\ModelRelief.Test.dll" adapterTypeName="executor://xunit/VsTestRunner2/netcoreapp" className="ModelRelief.Test.Integration.MeshTransforms.MeshTransformsBaseIntegrationTests" name="Patch_ValidReferencePropertyUpdatesModel" /></UnitTest><UnitTest name="Patch_InvalidPropertyNameReturnsBadRequest" storage="d:\users\steve knipmeyer\documents\github\modelrelief\modelrelief.test\bin\debug\netcoreapp2.0\modelrelief.test.dll" id="4b0012a6-61fb-4d31-a2ac-e236480bb28d"><Execution id="2318819a-81c0-4202-86c1-b6413647a676" /><TestMethod codeBase="D:\Users\Steve Knipmeyer\Documents\GitHub\ModelRelief\ModelRelief.test\bin\Debug\netcoreapp2.0\ModelRelief.Test.dll" adapterTypeName="executor://xunit/VsTestRunner2/netcoreapp" className="ModelRelief.Test.Integration.Projects.ProjectsBaseIntegrationTests" name="Patch_InvalidPropertyNameReturnsBadRequest" /></UnitTest><UnitTest name="Post_InvalidReferencePropertyReturnsBadRequest" storage="d:\users\steve knipmeyer\documents\github\modelrelief\modelrelief.test\bin\debug\netcoreapp2.0\modelrelief.test.dll" id="de50ca50-9792-44aa-8c87-c50075e90640"><Execution id="86ae7ace-9b55-4190-b4b4-1743081b215f" /><TestMethod codeBase="D:\Users\Steve Knipmeyer\Documents\GitHub\ModelRelief\ModelRelief.test\bin\Debug\netcoreapp2.0\ModelRelief.Test.dll" adapterTypeName="executor://xunit/VsTestRunner2/netcoreapp" className="ModelRelief.Test.Integration.MeshTransforms.MeshTransformsBaseIntegrationTests" name="Post_InvalidReferencePropertyReturnsBadRequest" /></UnitTest><UnitTest name="Post_ValidReferencePropertyCreatesModel" storage="d:\users\steve knipmeyer\documents\github\modelrelief\modelrelief.test\bin\debug\netcoreapp2.0\modelrelief.test.dll" id="6ad5109e-2577-4a84-b941-47aa59a36129"><Execution id="0a51671e-18e5-4f5b-9941-a13707721258" /><TestMethod codeBase="D:\Users\Steve Knipmeyer\Documents\GitHub\ModelRelief\ModelRelief.test\bin\Debug\netcoreapp2.0\ModelRelief.Test.dll" adapterTypeName="executor://xunit/VsTestRunner2/netcoreapp" className="ModelRelief.Test.Integration.Models.ModelsBaseIntegrationTests" name="Post_ValidReferencePropertyCreatesModel" /></UnitTest><UnitTest name="PutFile_FileCanBeUpdated" storage="d:\users\steve knipmeyer\documents\github\modelrelief\modelrelief.test\bin\debug\netcoreapp2.0\modelrelief.test.dll" id="bf20bf10-86a1-4d37-a3f8-8085aeecc090"><Execution id="59f5a0af-418d-41bf-89d1-2a2f03e6521d" /><TestMethod codeBase="D:\Users\Steve Knipmeyer\Documents\GitHub\ModelRelief\ModelRelief.test\bin\Debug\netcoreapp2.0\ModelRelief.Test.dll" adapterTypeName="executor://xunit/VsTestRunner2/netcoreapp" className="ModelRelief.Test.Integration.Models.ModelsFileIntegrationTests" name="PutFile_FileCanBeUpdated" /></UnitTest><UnitTest name="PostFile_FileIsSynchronizedIsUpdatedAfterFileIsPosted" storage="d:\users\steve knipmeyer\documents\github\modelrelief\modelrelief.test\bin\debug\netcoreapp2.0\modelrelief.test.dll" id="863bddf4-bc73-42b5-a4dd-2f1735a28bd6"><Execution id="2aa89346-701f-4155-975e-4f2a3847564e" /><TestMethod codeBase="D:\Users\Steve Knipmeyer\Documents\GitHub\ModelRelief\ModelRelief.test\bin\Debug\netcoreapp2.0\ModelRelief.Test.dll" adapterTypeName="executor://xunit/VsTestRunner2/netcoreapp" className="ModelRelief.Test.Integration.DepthBuffers.DepthBuffersFileIntegrationTests" name="PostFile_FileIsSynchronizedIsUpdatedAfterFileIsPosted" /></UnitTest><UnitTest name="Post_InvalidReferencePropertyReturnsBadRequest" storage="d:\users\steve knipmeyer\documents\github\modelrelief\modelrelief.test\bin\debug\netcoreapp2.0\modelrelief.test.dll" id="3318a7d1-6751-4cc2-8712-6b84e92c1cd4"><Execution id="78389240-c064-4be7-9e44-1c747c4ddc74" /><TestMethod codeBase="D:\Users\Steve Knipmeyer\Documents\GitHub\ModelRelief\ModelRelief.test\bin\Debug\netcoreapp2.0\ModelRelief.Test.dll" adapterTypeName="executor://xunit/VsTestRunner2/netcoreapp" className="ModelRelief.Test.Integration.Meshes.MeshesBaseIntegrationTests" name="Post_InvalidReferencePropertyReturnsBadRequest" /></UnitTest><UnitTest name="Put_ValidReferencePropertyUpdatesModel" storage="d:\users\steve knipmeyer\documents\github\modelrelief\modelrelief.test\bin\debug\netcoreapp2.0\modelrelief.test.dll" id="6435e032-3bcd-49d7-bc37-3c4a72021694"><Execution id="b8e905fc-cac6-4662-a8d2-a92083113403" /><TestMethod codeBase="D:\Users\Steve Knipmeyer\Documents\GitHub\ModelRelief\ModelRelief.test\bin\Debug\netcoreapp2.0\ModelRelief.Test.dll" adapterTypeName="executor://xunit/VsTestRunner2/netcoreapp" className="ModelRelief.Test.Integration.Models.ModelsBaseIntegrationTests" name="Put_ValidReferencePropertyUpdatesModel" /></UnitTest><UnitTest name="Patch_InvalidReferencePropertyReturnsBadRequest" storage="d:\users\steve knipmeyer\documents\github\modelrelief\modelrelief.test\bin\debug\netcoreapp2.0\modelrelief.test.dll" id="9ab69075-ccf1-4837-ae94-4b172780fda2"><Execution id="a49ff1f5-4918-4b1c-aecd-7fb7effad95b" /><TestMethod codeBase="D:\Users\Steve Knipmeyer\Documents\GitHub\ModelRelief\ModelRelief.test\bin\Debug\netcoreapp2.0\ModelRelief.Test.dll" adapterTypeName="executor://xunit/VsTestRunner2/netcoreapp" className="ModelRelief.Test.Integration.Meshes.MeshesBaseIntegrationTests" name="Patch_InvalidReferencePropertyReturnsBadRequest" /></UnitTest><UnitTest name="Patch_InvalidEnumPropertyValueReturnsBadRequest" storage="d:\users\steve knipmeyer\documents\github\modelrelief\modelrelief.test\bin\debug\netcoreapp2.0\modelrelief.test.dll" id="f58e244a-b0e1-4d40-aa06-0837743b8daf"><Execution id="d5a6d5b4-321b-457c-9268-22f5b2cb0871" /><TestMethod codeBase="D:\Users\Steve Knipmeyer\Documents\GitHub\ModelRelief\ModelRelief.test\bin\Debug\netcoreapp2.0\ModelRelief.Test.dll" adapterTypeName="executor://xunit/VsTestRunner2/netcoreapp" className="ModelRelief.Test.Integration.MeshTransforms.MeshTransformsBaseIntegrationTests" name="Patch_InvalidEnumPropertyValueReturnsBadRequest" /></UnitTest><UnitTest name="GetFile_FileCanBeRoundTripped" storage="d:\users\steve knipmeyer\documents\github\modelrelief\modelrelief.test\bin\debug\netcoreapp2.0\modelrelief.test.dll" id="5daa9769-2242-4690-bca6-c819331c72af"><Execution id="3087da09-1be4-47f6-b88e-dc1b9f5651f0" /><TestMethod codeBase="D:\Users\Steve Knipmeyer\Documents\GitHub\ModelRelief\ModelRelief.test\bin\Debug\netcoreapp2.0\ModelRelief.Test.dll" adapterTypeName="executor://xunit/VsTestRunner2/netcoreapp" className="ModelRelief.Test.Integration.Meshes.MeshesFileIntegrationTests" name="GetFile_FileCanBeRoundTripped" /></UnitTest><UnitTest name="Patch_InvalidEnumPropertyValueReturnsBadRequest" storage="d:\users\steve knipmeyer\documents\github\modelrelief\modelrelief.test\bin\debug\netcoreapp2.0\modelrelief.test.dll" id="26373bec-bea8-42ce-9374-1e61e51936bc"><Execution id="79c3d6da-0f53-402a-af53-46451b2f0859" /><TestMethod codeBase="D:\Users\Steve Knipmeyer\Documents\GitHub\ModelRelief\ModelRelief.test\bin\Debug\netcoreapp2.0\ModelRelief.Test.dll" adapterTypeName="executor://xunit/VsTestRunner2/netcoreapp" className="ModelRelief.Test.Integration.Models.ModelsBaseIntegrationTests" name="Patch_InvalidEnumPropertyValueReturnsBadRequest" /></UnitTest><UnitTest name="Patch_MultipleInvalidReferencePropertiesReturnsMultipleValidationErrorsAndBadRequest" storage="d:\users\steve knipmeyer\documents\github\modelrelief\modelrelief.test\bin\debug\netcoreapp2.0\modelrelief.test.dll" id="a81d4b7d-7206-4ceb-8683-f067482c07f6"><Execution id="709e68af-3732-4ca1-b966-823a797b8e68" /><TestMethod codeBase="D:\Users\Steve Knipmeyer\Documents\GitHub\ModelRelief\ModelRelief.test\bin\Debug\netcoreapp2.0\ModelRelief.Test.dll" adapterTypeName="executor://xunit/VsTestRunner2/netcoreapp" className="ModelRelief.Test.Integration.DepthBuffers.DepthBuffersBaseIntegrationTests" name="Patch_MultipleInvalidReferencePropertiesReturnsMultipleValidationErrorsAndBadRequest" /></UnitTest><UnitTest name="GetSingle_InvalidIdPropertyValueReturnsNotFound" storage="d:\users\steve knipmeyer\documents\github\modelrelief\modelrelief.test\bin\debug\netcoreapp2.0\modelrelief.test.dll" id="db0449c9-110d-474e-9c7a-3de1d324ea4b"><Execution id="b8155636-8506-41a9-b403-7d5a1405e719" /><TestMethod codeBase="D:\Users\Steve Knipmeyer\Documents\GitHub\ModelRelief\ModelRelief.test\bin\Debug\netcoreapp2.0\ModelRelief.Test.dll" adapterTypeName="executor://xunit/VsTestRunner2/netcoreapp" className="ModelRelief.Test.Integration.Models.ModelsBaseIntegrationTests" name="GetSingle_InvalidIdPropertyValueReturnsNotFound" /></UnitTest><UnitTest name="Patch_TargetPropertyIsUpdated" storage="d:\users\steve knipmeyer\documents\github\modelrelief\modelrelief.test\bin\debug\netcoreapp2.0\modelrelief.test.dll" id="0dece65d-fd80-443d-997b-7f4a4bc4b4d6"><Execution id="89cbe3e2-9af1-4c8a-aa2c-81b0bc2a00a8" /><TestMethod codeBase="D:\Users\Steve Knipmeyer\Documents\GitHub\ModelRelief\ModelRelief.test\bin\Debug\netcoreapp2.0\ModelRelief.Test.dll" adapterTypeName="executor://xunit/VsTestRunner2/netcoreapp" className="ModelRelief.Test.Integration.Models.ModelsBaseIntegrationTests" name="Patch_TargetPropertyIsUpdated" /></UnitTest><UnitTest name="Post_CanCreateNewModel" storage="d:\users\steve knipmeyer\documents\github\modelrelief\modelrelief.test\bin\debug\netcoreapp2.0\modelrelief.test.dll" id="030f1086-5c70-4234-894c-d0e3d4692935"><Execution id="e9b74bd4-97fa-4e88-a281-91fe68d22ede" /><TestMethod codeBase="D:\Users\Steve Knipmeyer\Documents\GitHub\ModelRelief\ModelRelief.test\bin\Debug\netcoreapp2.0\ModelRelief.Test.dll" adapterTypeName="executor://xunit/VsTestRunner2/netcoreapp" className="ModelRelief.Test.Integration.Projects.ProjectsBaseIntegrationTests" name="Post_CanCreateNewModel" /></UnitTest><UnitTest name="GetList_ListReturnsCorrectCount" storage="d:\users\steve knipmeyer\documents\github\modelrelief\modelrelief.test\bin\debug\netcoreapp2.0\modelrelief.test.dll" id="b4c7482d-a3b8-4c2d-948a-d96bff539223"><Execution id="89d4e1bd-d8e9-4540-85d9-48e61b6e8482" /><TestMethod codeBase="D:\Users\Steve Knipmeyer\Documents\GitHub\ModelRelief\ModelRelief.test\bin\Debug\netcoreapp2.0\ModelRelief.Test.dll" adapterTypeName="executor://xunit/VsTestRunner2/netcoreapp" className="ModelRelief.Test.Integration.Cameras.CamerasBaseIntegrationTests" name="GetList_ListReturnsCorrectCount" /></UnitTest><UnitTest name="Post_ValidReferencePropertyCreatesModel" storage="d:\users\steve knipmeyer\documents\github\modelrelief\modelrelief.test\bin\debug\netcoreapp2.0\modelrelief.test.dll" id="e133f796-687c-4ff4-bcf1-5d80b01781f2"><Execution id="ebc9f9d6-a13c-4c5b-aec9-eef4c824f64d" /><TestMethod codeBase="D:\Users\Steve Knipmeyer\Documents\GitHub\ModelRelief\ModelRelief.test\bin\Debug\netcoreapp2.0\ModelRelief.Test.dll" adapterTypeName="executor://xunit/VsTestRunner2/netcoreapp" className="ModelRelief.Test.Integration.MeshTransforms.MeshTransformsBaseIntegrationTests" name="Post_ValidReferencePropertyCreatesModel" /></UnitTest><UnitTest name="PostFile_FileTimeStampIsUpdatedAfterFileIsPosted" storage="d:\users\steve knipmeyer\documents\github\modelrelief\modelrelief.test\bin\debug\netcoreapp2.0\modelrelief.test.dll" id="3f6fa6bf-a352-4bf5-a8d0-b3955a65f0e1"><Execution id="2d5a2ee3-ff29-43fc-ac13-1ead7b513d7d" /><TestMethod codeBase="D:\Users\Steve Knipmeyer\Documents\GitHub\ModelRelief\ModelRelief.test\bin\Debug\netcoreapp2.0\ModelRelief.Test.dll" adapterTypeName="executor://xunit/VsTestRunner2/netcoreapp" className="ModelRelief.Test.Integration.Models.ModelsFileIntegrationTests" name="PostFile_FileTimeStampIsUpdatedAfterFileIsPosted" /></UnitTest><UnitTest name="Patch_MultipleInvalidReferencePropertiesReturnsMultipleValidationErrorsAndBadRequest" storage="d:\users\steve knipmeyer\documents\github\modelrelief\modelrelief.test\bin\debug\netcoreapp2.0\modelrelief.test.dll" id="267bfe02-0f62-455d-89cd-48317aa85f28"><Execution id="44eb97bc-886d-46ee-80d8-594919c1a82b" /><TestMethod codeBase="D:\Users\Steve Knipmeyer\Documents\GitHub\ModelRelief\ModelRelief.test\bin\Debug\netcoreapp2.0\ModelRelief.Test.dll" adapterTypeName="executor://xunit/VsTestRunner2/netcoreapp" className="ModelRelief.Test.Integration.MeshTransforms.MeshTransformsBaseIntegrationTests" name="Patch_MultipleInvalidReferencePropertiesReturnsMultipleValidationErrorsAndBadRequest" /></UnitTest><UnitTest name="Put_CanUpdateModel" storage="d:\users\steve knipmeyer\documents\github\modelrelief\modelrelief.test\bin\debug\netcoreapp2.0\modelrelief.test.dll" id="46b8d3ce-4402-429b-b141-4e1396ee6156"><Execution id="62dd56c4-3184-4f8b-be41-b140702fd9a6" /><TestMethod codeBase="D:\Users\Steve Knipmeyer\Documents\GitHub\ModelRelief\ModelRelief.test\bin\Debug\netcoreapp2.0\ModelRelief.Test.dll" adapterTypeName="executor://xunit/VsTestRunner2/netcoreapp" className="ModelRelief.Test.Integration.DepthBuffers.DepthBuffersBaseIntegrationTests" name="Put_CanUpdateModel" /></UnitTest><UnitTest name="Put_ValidReferencePropertyUpdatesModel" storage="d:\users\steve knipmeyer\documents\github\modelrelief\modelrelief.test\bin\debug\netcoreapp2.0\modelrelief.test.dll" id="aa55780e-1910-4f44-93fb-98dc4a354a40"><Execution id="e7efa993-44ce-48cb-930b-d0687b1a6e33" /><TestMethod codeBase="D:\Users\Steve Knipmeyer\Documents\GitHub\ModelRelief\ModelRelief.test\bin\Debug\netcoreapp2.0\ModelRelief.Test.dll" adapterTypeName="executor://xunit/VsTestRunner2/netcoreapp" className="ModelRelief.Test.Integration.MeshTransforms.MeshTransformsBaseIntegrationTests" name="Put_ValidReferencePropertyUpdatesModel" /></UnitTest><UnitTest name="Model3dHasExpectedDependentFiles" storage="d:\users\steve knipmeyer\documents\github\modelrelief\modelrelief.test\bin\debug\netcoreapp2.0\modelrelief.test.dll" id="18a9feac-4be0-407e-990a-965d4af898fb"><Execution id="feb42e6c-73cb-4b61-b71d-6f40dea3423c" /><TestMethod codeBase="D:\Users\Steve Knipmeyer\Documents\GitHub\ModelRelief\ModelRelief.test\bin\Debug\netcoreapp2.0\ModelRelief.Test.dll" adapterTypeName="executor://xunit/VsTestRunner2/netcoreapp" className="ModelRelief.Test.Unit.DependencyManager.DependencyManagerTests" name="Model3dHasExpectedDependentFiles" /></UnitTest><UnitTest name="GetSingle_ValidIdPropertyValueReturnsCorrectModel" storage="d:\users\steve knipmeyer\documents\github\modelrelief\modelrelief.test\bin\debug\netcoreapp2.0\modelrelief.test.dll" id="9b883eeb-7771-42b5-b9d2-163153779e43"><Execution id="d3bcc8ac-bea5-4f04-b456-5a46c439ffc4" /><TestMethod codeBase="D:\Users\Steve Knipmeyer\Documents\GitHub\ModelRelief\ModelRelief.test\bin\Debug\netcoreapp2.0\ModelRelief.Test.dll" adapterTypeName="executor://xunit/VsTestRunner2/netcoreapp" className="ModelRelief.Test.Integration.Models.ModelsBaseIntegrationTests" name="GetSingle_ValidIdPropertyValueReturnsCorrectModel" /></UnitTest><UnitTest name="Post_ValidReferencePropertyCreatesModel" storage="d:\users\steve knipmeyer\documents\github\modelrelief\modelrelief.test\bin\debug\netcoreapp2.0\modelrelief.test.dll" id="0679a6ce-f166-4882-a20f-73dcf3e60df8"><Execution id="9ac26172-29ce-403f-8ed7-57653b1c36d7" /><TestMethod codeBase="D:\Users\Steve Knipmeyer\Documents\GitHub\ModelRelief\ModelRelief.test\bin\Debug\netcoreapp2.0\ModelRelief.Test.dll" adapterTypeName="executor://xunit/VsTestRunner2/netcoreapp" className="ModelRelief.Test.Integration.DepthBuffers.DepthBuffersBaseIntegrationTests" name="Post_ValidReferencePropertyCreatesModel" /></UnitTest><UnitTest name="Put_InvalidReferencePropertyReturndBadRequest" storage="d:\users\steve knipmeyer\documents\github\modelrelief\modelrelief.test\bin\debug\netcoreapp2.0\modelrelief.test.dll" id="efcf05ec-f0ac-4569-8e25-cf67e61389e4"><Execution id="8f034ec5-2fa8-4571-97f3-1978214af9af" /><TestMethod codeBase="D:\Users\Steve Knipmeyer\Documents\GitHub\ModelRelief\ModelRelief.test\bin\Debug\netcoreapp2.0\ModelRelief.Test.dll" adapterTypeName="executor://xunit/VsTestRunner2/netcoreapp" className="ModelRelief.Test.Integration.Meshes.MeshesBaseIntegrationTests" name="Put_InvalidReferencePropertyReturndBadRequest" /></UnitTest><UnitTest name="Patch_ValidReferencePropertyUpdatesModel" storage="d:\users\steve knipmeyer\documents\github\modelrelief\modelrelief.test\bin\debug\netcoreapp2.0\modelrelief.test.dll" id="583b6933-20a9-47b0-96d4-c75eca47fad5"><Execution id="28424157-0055-45b0-bee3-53e0d70e6560" /><TestMethod codeBase="D:\Users\Steve Knipmeyer\Documents\GitHub\ModelRelief\ModelRelief.test\bin\Debug\netcoreapp2.0\ModelRelief.Test.dll" adapterTypeName="executor://xunit/VsTestRunner2/netcoreapp" className="ModelRelief.Test.Integration.Cameras.CamerasBaseIntegrationTests" name="Patch_ValidReferencePropertyUpdatesModel" /></UnitTest><UnitTest name="Put_InvalidReferencePropertyReturndBadRequest" storage="d:\users\steve knipmeyer\documents\github\modelrelief\modelrelief.test\bin\debug\netcoreapp2.0\modelrelief.test.dll" id="4b877f0c-42ba-44ee-bc5d-cbcf343f66ee"><Execution id="d3833144-030d-48af-9382-b4670b7ee1d0" /><TestMethod codeBase="D:\Users\Steve Knipmeyer\Documents\GitHub\ModelRelief\ModelRelief.test\bin\Debug\netcoreapp2.0\ModelRelief.Test.dll" adapterTypeName="executor://xunit/VsTestRunner2/netcoreapp" className="ModelRelief.Test.Integration.Projects.ProjectsBaseIntegrationTests" name="Put_InvalidReferencePropertyReturndBadRequest" /></UnitTest><UnitTest name="Patch_ValidReferencePropertyUpdatesModel" storage="d:\users\steve knipmeyer\documents\github\modelrelief\modelrelief.test\bin\debug\netcoreapp2.0\modelrelief.test.dll" id="6f1eb8cb-9db8-43ce-b8a2-939a1577f392"><Execution id="6360f021-dfc5-442c-b85d-e29a7eb43f40" /><TestMethod codeBase="D:\Users\Steve Knipmeyer\Documents\GitHub\ModelRelief\ModelRelief.test\bin\Debug\netcoreapp2.0\ModelRelief.Test.dll" adapterTypeName="executor://xunit/VsTestRunner2/netcoreapp" className="ModelRelief.Test.Integration.DepthBuffers.DepthBuffersBaseIntegrationTests" name="Patch_ValidReferencePropertyUpdatesModel" /></UnitTest><UnitTest name="GetSingle_ValidIdPropertyValueReturnsCorrectModel" storage="d:\users\steve knipmeyer\documents\github\modelrelief\modelrelief.test\bin\debug\netcoreapp2.0\modelrelief.test.dll" id="189609f5-4a76-40bc-be89-886c1b53623d"><Execution id="f067a9ea-395d-4402-b997-09e4cc74e15b" /><TestMethod codeBase="D:\Users\Steve Knipmeyer\Documents\GitHub\ModelRelief\ModelRelief.test\bin\Debug\netcoreapp2.0\ModelRelief.Test.dll" adapterTypeName="executor://xunit/VsTestRunner2/netcoreapp" className="ModelRelief.Test.Integration.DepthBuffers.DepthBuffersBaseIntegrationTests" name="GetSingle_ValidIdPropertyValueReturnsCorrectModel" /></UnitTest><UnitTest name="Patch_InvalidEnumPropertyValueReturnsBadRequest" storage="d:\users\steve knipmeyer\documents\github\modelrelief\modelrelief.test\bin\debug\netcoreapp2.0\modelrelief.test.dll" id="10c4d1cc-d539-4198-8624-8f3cd6c5ad35"><Execution id="9da10446-e574-417c-a1d4-5584761b0937" /><TestMethod codeBase="D:\Users\Steve Knipmeyer\Documents\GitHub\ModelRelief\ModelRelief.test\bin\Debug\netcoreapp2.0\ModelRelief.Test.dll" adapterTypeName="executor://xunit/VsTestRunner2/netcoreapp" className="ModelRelief.Test.Integration.DepthBuffers.DepthBuffersBaseIntegrationTests" name="Patch_InvalidEnumPropertyValueReturnsBadRequest" /></UnitTest><UnitTest name="Patch_InvalidReferencePropertyReturnsBadRequest" storage="d:\users\steve knipmeyer\documents\github\modelrelief\modelrelief.test\bin\debug\netcoreapp2.0\modelrelief.test.dll" id="1afde664-7b5c-4375-b27b-a35aa2950f4c"><Execution id="c2febc82-621a-4024-8dc7-0cbd40ccad49" /><TestMethod codeBase="D:\Users\Steve Knipmeyer\Documents\GitHub\ModelRelief\ModelRelief.test\bin\Debug\netcoreapp2.0\ModelRelief.Test.dll" adapterTypeName="executor://xunit/VsTestRunner2/netcoreapp" className="ModelRelief.Test.Integration.MeshTransforms.MeshTransformsBaseIntegrationTests" name="Patch_InvalidReferencePropertyReturnsBadRequest" /></UnitTest><UnitTest name="GetSingle_ValidIdPropertyValueReturnsCorrectModel" storage="d:\users\steve knipmeyer\documents\github\modelrelief\modelrelief.test\bin\debug\netcoreapp2.0\modelrelief.test.dll" id="4a5f690d-2bd3-4fa1-9ef6-bc59909f904d"><Execution id="31d10c6a-00b6-4022-adcc-ded72076ce90" /><TestMethod codeBase="D:\Users\Steve Knipmeyer\Documents\GitHub\ModelRelief\ModelRelief.test\bin\Debug\netcoreapp2.0\ModelRelief.Test.dll" adapterTypeName="executor://xunit/VsTestRunner2/netcoreapp" className="ModelRelief.Test.Integration.Cameras.CamerasBaseIntegrationTests" name="GetSingle_ValidIdPropertyValueReturnsCorrectModel" /></UnitTest><UnitTest name="Put_InvalidReferencePropertyReturndBadRequest" storage="d:\users\steve knipmeyer\documents\github\modelrelief\modelrelief.test\bin\debug\netcoreapp2.0\modelrelief.test.dll" id="982955a2-baca-494a-9031-62e59f2d84d5"><Execution id="00d65b79-88ee-4b4c-8e27-a38f8a0ed8c0" /><TestMethod codeBase="D:\Users\Steve Knipmeyer\Documents\GitHub\ModelRelief\ModelRelief.test\bin\Debug\netcoreapp2.0\ModelRelief.Test.dll" adapterTypeName="executor://xunit/VsTestRunner2/netcoreapp" className="ModelRelief.Test.Integration.DepthBuffers.DepthBuffersBaseIntegrationTests" name="Put_InvalidReferencePropertyReturndBadRequest" /></UnitTest><UnitTest name="Put_ValidReferencePropertyUpdatesModel" storage="d:\users\steve knipmeyer\documents\github\modelrelief\modelrelief.test\bin\debug\netcoreapp2.0\modelrelief.test.dll" id="e093151f-7086-4313-890b-f4041b9f7c38"><Execution id="9670f361-852d-47a6-a3b8-c0bda2d69231" /><TestMethod codeBase="D:\Users\Steve Knipmeyer\Documents\GitHub\ModelRelief\ModelRelief.test\bin\Debug\netcoreapp2.0\ModelRelief.Test.dll" adapterTypeName="executor://xunit/VsTestRunner2/netcoreapp" className="ModelRelief.Test.Integration.Projects.ProjectsBaseIntegrationTests" name="Put_ValidReferencePropertyUpdatesModel" /></UnitTest></TestDefinitions><TestEntries><TestEntry testId="87e0e042-4582-4f0f-ac72-058b9e401930" executionId="061a435d-0f71-4107-a6de-731846b5aa2c" testListId="8c84fa94-04c1-424b-9868-57a2d4851a1d" /><TestEntry testId="83d83c95-1a9a-4d52-9453-bbb1f8a64bae" executionId="634aa1f1-6e86-43af-8ec4-2b40456cb27a" testListId="8c84fa94-04c1-424b-9868-57a2d4851a1d" /><TestEntry testId="46b8d3ce-4402-429b-b141-4e1396ee6156" executionId="62dd56c4-3184-4f8b-be41-b140702fd9a6" testListId="8c84fa94-04c1-424b-9868-57a2d4851a1d" /><TestEntry testId="982955a2-baca-494a-9031-62e59f2d84d5" executionId="00d65b79-88ee-4b4c-8e27-a38f8a0ed8c0" testListId="8c84fa94-04c1-424b-9868-57a2d4851a1d" /><TestEntry testId="0bba80cd-4d20-4cbf-a469-f3e03314ef69" executionId="c75fafee-617e-4857-b66e-9c68fd0a18b9" testListId="8c84fa94-04c1-424b-9868-57a2d4851a1d" /><TestEntry testId="3318a7d1-6751-4cc2-8712-6b84e92c1cd4" executionId="78389240-c064-4be7-9e44-1c747c4ddc74" testListId="8c84fa94-04c1-424b-9868-57a2d4851a1d" /><TestEntry testId="02a914da-d5a0-4a28-bf53-91e32197624b" executionId="ae61deeb-726a-452b-9adc-dd2cae29cb78" testListId="8c84fa94-04c1-424b-9868-57a2d4851a1d" /><TestEntry testId="75c003b2-ebce-4bed-96c4-f40034f24503" executionId="bc258606-4399-4e8c-8f6a-d87f3f9c8fa9" testListId="8c84fa94-04c1-424b-9868-57a2d4851a1d" /><TestEntry testId="f4e886aa-7bfd-49ba-aeea-f1c13de3eeb5" executionId="278e29ab-9fb4-433f-80ab-f613d9912cd0" testListId="8c84fa94-04c1-424b-9868-57a2d4851a1d" /><TestEntry testId="8c96591e-bb99-4f87-aad7-328645fcbd0a" executionId="a00aa676-e3a2-4f7d-bb02-1592451cdf15" testListId="8c84fa94-04c1-424b-9868-57a2d4851a1d" /><TestEntry testId="c6b769b1-830d-4a88-8b1a-d59d4c2c05eb" executionId="fc2288a0-558d-453c-80a1-cea2c8e82e84" testListId="8c84fa94-04c1-424b-9868-57a2d4851a1d" /><TestEntry testId="760cc8b3-6040-4136-8497-54381eaf9bc6" executionId="07d005f9-ef5a-4f25-b663-031ee787e77f" testListId="8c84fa94-04c1-424b-9868-57a2d4851a1d" /><TestEntry testId="612ee224-5279-481a-87b1-b15e89f81104" executionId="63a49bdc-1e31-485c-a196-2eff235f910d" testListId="8c84fa94-04c1-424b-9868-57a2d4851a1d" /><TestEntry testId="3cd24bf8-adb1-44ce-a4ff-37f6ea1874cd" executionId="0831bfd7-7581-415c-99c9-5e2489180c1f" testListId="8c84fa94-04c1-424b-9868-57a2d4851a1d" /><TestEntry testId="94297605-321f-4a60-8f2f-65cf3aa28f44" executionId="d0ac3466-aa9b-449f-94b7-e1d70299ed2e" testListId="8c84fa94-04c1-424b-9868-57a2d4851a1d" /><TestEntry testId="f5ad0776-7cb8-4639-b6c5-55d7d3cb8076" executionId="658d6dfb-d858-40af-a1d2-457e90fae0e6" testListId="8c84fa94-04c1-424b-9868-57a2d4851a1d" /><TestEntry testId="d2846591-5712-4b81-a357-116c9ab40c64" executionId="1dc1c6ca-9506-4e41-82ea-c74bcf938ec7" testListId="8c84fa94-04c1-424b-9868-57a2d4851a1d" /><TestEntry testId="2651ddaf-2443-4f1d-9d15-6d45bd2fe647" executionId="eba8f577-bcdd-454c-b945-e285681c88f4" testListId="8c84fa94-04c1-424b-9868-57a2d4851a1d" /><TestEntry testId="583b6933-20a9-47b0-96d4-c75eca47fad5" executionId="28424157-0055-45b0-bee3-53e0d70e6560" testListId="8c84fa94-04c1-424b-9868-57a2d4851a1d" /><TestEntry testId="aabe00f7-86de-4f74-aa64-a6f507e845fd" executionId="05b4532c-cfde-49e2-b453-d6e35138338c" testListId="8c84fa94-04c1-424b-9868-57a2d4851a1d" /><TestEntry testId="d7f65b8a-17ee-4d7d-8571-171e6c31706a" executionId="788fe66d-7fcb-4131-8017-b514beb5d074" testListId="8c84fa94-04c1-424b-9868-57a2d4851a1d" /><TestEntry testId="61543598-4548-4ec2-b674-dead1753c148" executionId="0a21c467-0664-4c55-9663-cd94708eeb1b" testListId="8c84fa94-04c1-424b-9868-57a2d4851a1d" /><TestEntry testId="9e5b5ff7-f79c-4efe-ae69-6d67b8884692" executionId="64b24ef9-bd38-4eb5-92af-3ca2059e4fd9" testListId="8c84fa94-04c1-424b-9868-57a2d4851a1d" /><TestEntry testId="e36583cd-a917-48dd-8959-f17f2d67fdf8" executionId="9c4201f7-ffe1-470e-80c8-41fb4e36dd24" testListId="8c84fa94-04c1-424b-9868-57a2d4851a1d" /><TestEntry testId="1a91b972-eaad-4f76-95ea-7a7ec60bd5b7" executionId="98106c4d-a5ea-4895-9aad-1e3ff283b4cf" testListId="8c84fa94-04c1-424b-9868-57a2d4851a1d" /><TestEntry testId="70727d98-7a74-4377-a1a6-835d269a3e39" executionId="2906fc43-3933-4577-ad83-d23059d1dd43" testListId="8c84fa94-04c1-424b-9868-57a2d4851a1d" /><TestEntry testId="624957a5-bbf3-4d9b-9fe9-78f4194fd226" executionId="360e61f1-c82e-4d8a-9e5d-46716820faf5" testListId="8c84fa94-04c1-424b-9868-57a2d4851a1d" /><TestEntry testId="94730c42-f672-45e1-8e49-bb262d06df14" executionId="e733416c-d36d-4b06-84fc-1f4ffa97e80e" testListId="8c84fa94-04c1-424b-9868-57a2d4851a1d" /><TestEntry testId="a97ab86a-bd34-4aeb-a134-3eb4bcd363d2" executionId="dbce3899-62ec-404d-8aa5-baaaee7cbd9d" testListId="8c84fa94-04c1-424b-9868-57a2d4851a1d" /><TestEntry testId="b48b5fc9-9fdc-4755-bab2-4c2989d13d3e" executionId="0956813e-02a8-4997-8ea7-eb0955125ff8" testListId="8c84fa94-04c1-424b-9868-57a2d4851a1d" /><TestEntry testId="b71fc2c7-c07a-41b5-90ba-5719f3290b20" executionId="63728c48-5397-45af-9d0c-30b50d808ad3" testListId="8c84fa94-04c1-424b-9868-57a2d4851a1d" /><TestEntry testId="d70537ad-039a-48a2-979c-f79dc0e8269d" executionId="0952b35a-5fd3-48ff-b556-4e737223bddd" testListId="8c84fa94-04c1-424b-9868-57a2d4851a1d" /><TestEntry testId="693b3574-941c-44a3-95ab-f5465a91ff21" executionId="3997610a-7b83-48ef-84c0-047dfcf9e72e" testListId="8c84fa94-04c1-424b-9868-57a2d4851a1d" /><TestEntry testId="d3dc10f8-37a6-4662-bcb6-394f4c834f6d" executionId="6fe7fbfd-1980-40ab-8e66-91762758450c" testListId="8c84fa94-04c1-424b-9868-57a2d4851a1d" /><TestEntry testId="845e7db0-a5d1-4f95-a590-99c65c05c18a" executionId="de7df52c-fc79-4605-a978-933b982e5222" testListId="8c84fa94-04c1-424b-9868-57a2d4851a1d" /><TestEntry testId="a69cc0ba-6aac-421a-a988-04d174e2ecdd" executionId="9a21a9c5-0f66-4e3b-89a5-393ca11da71e" testListId="8c84fa94-04c1-424b-9868-57a2d4851a1d" /><TestEntry testId="6eefb77a-1d41-46c9-9bf3-f5186f5a4fd8" executionId="6e7b2c7c-dd26-47ad-ad29-fcf64240ef14" testListId="8c84fa94-04c1-424b-9868-57a2d4851a1d" /><TestEntry testId="bc7f7883-8efb-4bb4-9ee7-10bf625aa4bc" executionId="1a7e4daf-28fb-486b-aa13-68f6810c6406" testListId="8c84fa94-04c1-424b-9868-57a2d4851a1d" /><TestEntry testId="efcf05ec-f0ac-4569-8e25-cf67e61389e4" executionId="8f034ec5-2fa8-4571-97f3-1978214af9af" testListId="8c84fa94-04c1-424b-9868-57a2d4851a1d" /><TestEntry testId="7ce6dd3c-e2e4-4ecf-9588-26df5cb99de6" executionId="34fa4991-a9a8-4102-888e-46961019c8d9" testListId="8c84fa94-04c1-424b-9868-57a2d4851a1d" /><TestEntry testId="50463487-1738-465e-a56d-b1020f5dff53" executionId="08f8bb2a-961a-4a4c-a425-e4679df9cf67" testListId="8c84fa94-04c1-424b-9868-57a2d4851a1d" /><TestEntry testId="d8b066da-ee4f-4d62-a6a5-6f3e337cb98c" executionId="97cd04ee-ff5d-4ede-a5f1-34d672b28fd6" testListId="8c84fa94-04c1-424b-9868-57a2d4851a1d" /><TestEntry testId="e093151f-7086-4313-890b-f4041b9f7c38" executionId="9670f361-852d-47a6-a3b8-c0bda2d69231" testListId="8c84fa94-04c1-424b-9868-57a2d4851a1d" /><TestEntry testId="059eb606-009a-4527-aff5-2a51410d54d4" executionId="55ef01f0-8ed0-4713-979c-7c1fb2aff4fb" testListId="8c84fa94-04c1-424b-9868-57a2d4851a1d" /><TestEntry testId="1b21275d-00b9-4a41-b5b2-ce7d326da6d0" executionId="2ad81377-3b9b-47b7-9c71-5a7de9f6aeec" testListId="8c84fa94-04c1-424b-9868-57a2d4851a1d" /><TestEntry testId="e197d504-c119-4ff8-bc7d-78e1079a767f" executionId="cfbef01b-8f4a-4d96-91d2-ff5690fef7d2" testListId="8c84fa94-04c1-424b-9868-57a2d4851a1d" /><TestEntry testId="9f0dd3ed-374e-41e2-93de-c8cd7726053d" executionId="a7efccac-3954-404a-af8b-d1eea63d4932" testListId="8c84fa94-04c1-424b-9868-57a2d4851a1d" /><TestEntry testId="30ba029e-cf0d-450d-bee3-1bcc5f2efcc0" executionId="457df645-07db-4849-a245-1535c2f291b0" testListId="8c84fa94-04c1-424b-9868-57a2d4851a1d" /><TestEntry testId="02e1806d-0295-4918-b3ea-801b1f46e6a9" executionId="4f8fe1fa-d3a3-4db5-a499-3cf0583e5a0b" testListId="8c84fa94-04c1-424b-9868-57a2d4851a1d" /><TestEntry testId="b34fa52c-f705-4749-8de2-a2a7d88248e7" executionId="48d0c2ed-af1f-4637-82f5-35797655e54e" testListId="8c84fa94-04c1-424b-9868-57a2d4851a1d" /><TestEntry testId="4b0012a6-61fb-4d31-a2ac-e236480bb28d" executionId="2318819a-81c0-4202-86c1-b6413647a676" testListId="8c84fa94-04c1-424b-9868-57a2d4851a1d" /><TestEntry testId="5e1648b4-4c72-46ed-bf32-9a00b24916da" executionId="5b619983-7e37-4be8-b4bb-01598ca59e68" testListId="8c84fa94-04c1-424b-9868-57a2d4851a1d" /><TestEntry testId="6412e486-2b9a-4778-9bf5-aa53e0eb4a37" executionId="3267c9be-b3f1-43bf-a0e1-a876bb9bf242" testListId="8c84fa94-04c1-424b-9868-57a2d4851a1d" /><TestEntry testId="d2bcf6da-bea2-4ecc-8397-0871ee5ce577" executionId="fc98c95f-1c9a-4644-99f1-0a9e8ad38b64" testListId="8c84fa94-04c1-424b-9868-57a2d4851a1d" /><TestEntry testId="9ab69075-ccf1-4837-ae94-4b172780fda2" executionId="a49ff1f5-4918-4b1c-aecd-7fb7effad95b" testListId="8c84fa94-04c1-424b-9868-57a2d4851a1d" /><TestEntry testId="5c349552-6bd6-4152-81ec-f85894035c31" executionId="036ef7d9-070d-4b21-922c-59688909e61f" testListId="8c84fa94-04c1-424b-9868-57a2d4851a1d" /><TestEntry testId="acdb889c-7f1b-45be-b1f6-0fe5835332e2" executionId="d9a3813f-3ec2-4240-a882-36d3079cc1fc" testListId="8c84fa94-04c1-424b-9868-57a2d4851a1d" /><TestEntry testId="0679a6ce-f166-4882-a20f-73dcf3e60df8" executionId="9ac26172-29ce-403f-8ed7-57653b1c36d7" testListId="8c84fa94-04c1-424b-9868-57a2d4851a1d" /><TestEntry testId="c359a84a-8c41-42ec-be3a-3f5ddc72ab94" executionId="987c764a-e30c-42ec-a0ea-10480b9ec3fa" testListId="8c84fa94-04c1-424b-9868-57a2d4851a1d" /><TestEntry testId="fa3f82bb-bc76-4c6f-a9b6-a4c2a4b515c4" executionId="c7a60340-4368-464e-b3a1-547f85055515" testListId="8c84fa94-04c1-424b-9868-57a2d4851a1d" /><TestEntry testId="03626317-af09-4e8e-85e3-a9ff2ab104b1" executionId="9994adb7-6a7d-4c85-9cab-8ad13562db0f" testListId="8c84fa94-04c1-424b-9868-57a2d4851a1d" /><TestEntry testId="863bddf4-bc73-42b5-a4dd-2f1735a28bd6" executionId="2aa89346-701f-4155-975e-4f2a3847564e" testListId="8c84fa94-04c1-424b-9868-57a2d4851a1d" /><TestEntry testId="b96b0106-17a8-43dd-8a2e-736454bc9d5c" executionId="171889bf-d9bc-438e-aa62-4d75636d90ae" testListId="8c84fa94-04c1-424b-9868-57a2d4851a1d" /><TestEntry testId="e0bc3b89-098b-45ee-8b38-80ce9cf8043b" executionId="3dbec9d1-60d9-4fb4-b056-e2d95d464c8d" testListId="8c84fa94-04c1-424b-9868-57a2d4851a1d" /><TestEntry testId="65e59d85-fa64-4cbc-b56a-f11d154b5b61" executionId="7c62f034-3548-4712-9668-855f9181d281" testListId="8c84fa94-04c1-424b-9868-57a2d4851a1d" /><TestEntry testId="d9cf4f63-f3ac-43d3-bc91-6f1b5f632dd4" executionId="d084596a-b38e-4bd5-8db9-e2391f329d02" testListId="8c84fa94-04c1-424b-9868-57a2d4851a1d" /><TestEntry testId="1889c5ab-91d7-4219-95df-ef1a728f3114" executionId="65060ae4-5c12-4b53-907f-fedb1f93cb2b" testListId="8c84fa94-04c1-424b-9868-57a2d4851a1d" /><TestEntry testId="1ddbf6be-5ad9-42a2-9cf7-5c3708a879bd" executionId="1c7a33e1-4030-48d1-b4e2-6cdd4f40d805" testListId="8c84fa94-04c1-424b-9868-57a2d4851a1d" /><TestEntry testId="34c8f69a-7dd6-4416-86c2-87f7913823d8" executionId="8d9e50fc-e7a4-4a76-a1aa-9d5b28cb030c" testListId="8c84fa94-04c1-424b-9868-57a2d4851a1d" /><TestEntry testId="1cedbaf7-61a7-4f66-a5dd-0e77c356591f" executionId="2325d061-9fc0-48a2-b007-03b293d49f5c" testListId="8c84fa94-04c1-424b-9868-57a2d4851a1d" /><TestEntry testId="de67dc0b-0b40-41f4-916d-a16e296f49ad" executionId="7b0a750e-d813-4e7f-b771-a70d5695272f" testListId="8c84fa94-04c1-424b-9868-57a2d4851a1d" /><TestEntry testId="eefede56-3496-496e-8ce1-bd0db8b204ac" executionId="86ccf6d1-b04f-4dc6-a67f-42a0b4bf46ee" testListId="8c84fa94-04c1-424b-9868-57a2d4851a1d" /><TestEntry testId="94983519-2beb-4e6a-b94d-eb26a2e000fc" executionId="f77e94c1-b97e-452f-a6f1-7cf154d45f7a" testListId="8c84fa94-04c1-424b-9868-57a2d4851a1d" /><TestEntry testId="aa55780e-1910-4f44-93fb-98dc4a354a40" executionId="e7efa993-44ce-48cb-930b-d0687b1a6e33" testListId="8c84fa94-04c1-424b-9868-57a2d4851a1d" /><TestEntry testId="78208712-63f6-4d54-b555-dd4a193e6377" executionId="0ea6c741-9c81-47e9-a6a2-c144fac9edc7" testListId="8c84fa94-04c1-424b-9868-57a2d4851a1d" /><TestEntry testId="4422dbac-2618-48f1-a40c-5afad4c36e31" executionId="6a919f97-a7da-47fd-9b6e-3fda6033a25d" testListId="8c84fa94-04c1-424b-9868-57a2d4851a1d" /><TestEntry testId="e133f796-687c-4ff4-bcf1-5d80b01781f2" executionId="ebc9f9d6-a13c-4c5b-aec9-eef4c824f64d" testListId="8c84fa94-04c1-424b-9868-57a2d4851a1d" /><TestEntry testId="26035b31-f9ef-4251-a7c5-a496cfd379fa" executionId="66d520d7-8a4f-4d52-b6c5-2e3f4072992e" testListId="8c84fa94-04c1-424b-9868-57a2d4851a1d" /><TestEntry testId="6a4c7a6c-5f47-48b6-ab03-4129fc531c55" executionId="be11bed4-7040-4707-a94f-289c44ef3fcf" testListId="8c84fa94-04c1-424b-9868-57a2d4851a1d" /><TestEntry testId="4a5f690d-2bd3-4fa1-9ef6-bc59909f904d" executionId="31d10c6a-00b6-4022-adcc-ded72076ce90" testListId="8c84fa94-04c1-424b-9868-57a2d4851a1d" /><TestEntry testId="0b587c08-056e-4d3c-bf26-4c93e0554a2b" executionId="5cf3a78d-2757-48db-8458-a1df4aeeab4d" testListId="8c84fa94-04c1-424b-9868-57a2d4851a1d" /><TestEntry testId="4f4c4a3d-1641-4536-aa6c-7962db430e10" executionId="76772086-2ee6-4536-96c9-7545e0280e9a" testListId="8c84fa94-04c1-424b-9868-57a2d4851a1d" /><TestEntry testId="de50ca50-9792-44aa-8c87-c50075e90640" executionId="86ae7ace-9b55-4190-b4b4-1743081b215f" testListId="8c84fa94-04c1-424b-9868-57a2d4851a1d" /><TestEntry testId="54ad72a9-4e42-4d27-ae8f-715405986035" executionId="4870004d-f801-4b6e-86b9-f29e2351d52a" testListId="8c84fa94-04c1-424b-9868-57a2d4851a1d" /><TestEntry testId="f43d8287-7cfb-4d34-88ae-1c2c80373e6a" executionId="b0f41d57-876e-42bb-ad5c-7e62efae649a" testListId="8c84fa94-04c1-424b-9868-57a2d4851a1d" /><TestEntry testId="e91d218f-3a82-4ca1-82a5-b4a0b2454c27" executionId="e8fda809-2b27-43c6-9bd8-85828a1f1cb6" testListId="8c84fa94-04c1-424b-9868-57a2d4851a1d" /><TestEntry testId="26373bec-bea8-42ce-9374-1e61e51936bc" executionId="79c3d6da-0f53-402a-af53-46451b2f0859" testListId="8c84fa94-04c1-424b-9868-57a2d4851a1d" /><TestEntry testId="c781d820-abc0-406d-ac00-b6141e74126e" executionId="6d71d6e9-149d-47b8-84b0-a28a722524f1" testListId="8c84fa94-04c1-424b-9868-57a2d4851a1d" /><TestEntry testId="b3610a12-05f3-4896-86a4-3338019a4b98" executionId="80d018cb-85f3-4d72-8eb1-fe159a11c114" testListId="8c84fa94-04c1-424b-9868-57a2d4851a1d" /><TestEntry testId="3714bbd8-fa4b-49ec-aa08-5c26426e1a81" executionId="9957e2ac-b54f-4562-9691-de9969f5bd25" testListId="8c84fa94-04c1-424b-9868-57a2d4851a1d" /><TestEntry testId="72d25a03-26a0-4cfc-a1d6-d4fa8bf48cb4" executionId="6f8f4a6c-9905-48da-a798-ffee78b43c90" testListId="8c84fa94-04c1-424b-9868-57a2d4851a1d" /><TestEntry testId="3fddc1ea-c989-48a6-bf7e-0a562f49a2d0" executionId="41a1b67f-a2a3-4415-a248-1e6bd7a7b320" testListId="8c84fa94-04c1-424b-9868-57a2d4851a1d" /><TestEntry testId="7492c2d7-8bab-4ff9-a434-5236291dbe81" executionId="cf31388d-b4b5-4a24-9982-72b5e1a3c8ac" testListId="8c84fa94-04c1-424b-9868-57a2d4851a1d" /><TestEntry testId="c6a2d129-0550-4260-b6de-ed1de094941c" executionId="724dd4af-6703-4dbf-b5c1-b7eb72c69a51" testListId="8c84fa94-04c1-424b-9868-57a2d4851a1d" /><TestEntry testId="01249240-c710-40d7-851e-8e789f656b70" executionId="fa25061e-e424-41d4-bbf9-e6572c0a55dc" testListId="8c84fa94-04c1-424b-9868-57a2d4851a1d" /><TestEntry testId="3f503333-4074-4b25-ac39-a1dfad50df70" executionId="8902daa5-04ef-49f3-8af4-85174bf055f0" testListId="8c84fa94-04c1-424b-9868-57a2d4851a1d" /><TestEntry testId="10c4d1cc-d539-4198-8624-8f3cd6c5ad35" executionId="9da10446-e574-417c-a1d4-5584761b0937" testListId="8c84fa94-04c1-424b-9868-57a2d4851a1d" /><TestEntry testId="337cfa6c-cb5c-4c0f-b803-a716074d97c1" executionId="28b49ecf-9035-4e35-b413-6333f3f4d47a" testListId="8c84fa94-04c1-424b-9868-57a2d4851a1d" /><TestEntry testId="cafe1fec-bd34-4714-b4dd-421859de0cd9" executionId="01e5cc74-dab0-41dd-9226-5c1a056545f3" testListId="8c84fa94-04c1-424b-9868-57a2d4851a1d" /><TestEntry testId="83d04712-daa7-44da-a50d-7068bbb3a3a6" executionId="b392bac4-2d58-480a-ac20-d734b29e1f9e" testListId="8c84fa94-04c1-424b-9868-57a2d4851a1d" /><TestEntry testId="1a92eb9b-410b-413d-b0d5-9874a0994b75" executionId="791c49fe-aa74-4b74-aeb1-7cf35c4c6cdc" testListId="8c84fa94-04c1-424b-9868-57a2d4851a1d" /><TestEntry testId="7ba03a4e-6ebb-4585-82e0-a23fcb690999" executionId="4f839c09-9f94-4394-a918-2d21e46156bf" testListId="8c84fa94-04c1-424b-9868-57a2d4851a1d" /><TestEntry testId="9b325663-36ce-4509-accc-09bfea2b6002" executionId="8559f066-8e06-4cca-8cdb-a8c6c78a8c52" testListId="8c84fa94-04c1-424b-9868-57a2d4851a1d" /><TestEntry testId="267bfe02-0f62-455d-89cd-48317aa85f28" executionId="44eb97bc-886d-46ee-80d8-594919c1a82b" testListId="8c84fa94-04c1-424b-9868-57a2d4851a1d" /><TestEntry testId="189609f5-4a76-40bc-be89-886c1b53623d" executionId="f067a9ea-395d-4402-b997-09e4cc74e15b" testListId="8c84fa94-04c1-424b-9868-57a2d4851a1d" /><TestEntry testId="d8ef36bd-eaec-48fc-bb4c-bb66ddd3b117" executionId="731b3780-5f01-4ea8-a08b-a36ee9455cd2" testListId="8c84fa94-04c1-424b-9868-57a2d4851a1d" /><TestEntry testId="3187d7a7-89e8-479a-9195-0a0c211e8d82" executionId="a1f53cd3-7abc-47f0-81f0-147c11605fb9" testListId="8c84fa94-04c1-424b-9868-57a2d4851a1d" /><TestEntry testId="4b877f0c-42ba-44ee-bc5d-cbcf343f66ee" executionId="d3833144-030d-48af-9382-b4670b7ee1d0" testListId="8c84fa94-04c1-424b-9868-57a2d4851a1d" /><TestEntry testId="9b883eeb-7771-42b5-b9d2-163153779e43" executionId="d3bcc8ac-bea5-4f04-b456-5a46c439ffc4" testListId="8c84fa94-04c1-424b-9868-57a2d4851a1d" /><TestEntry testId="c916eafb-df50-4276-89b5-ccbdcc9e4e86" executionId="4e50dd1f-8c4d-45a6-a8cc-e69d172124c6" testListId="8c84fa94-04c1-424b-9868-57a2d4851a1d" /><TestEntry testId="030f1086-5c70-4234-894c-d0e3d4692935" executionId="e9b74bd4-97fa-4e88-a281-91fe68d22ede" testListId="8c84fa94-04c1-424b-9868-57a2d4851a1d" /><TestEntry testId="ebf35a8a-ece3-4000-aa68-80733371d6de" executionId="1f09114a-3bcd-47ef-a71b-30422795bbac" testListId="8c84fa94-04c1-424b-9868-57a2d4851a1d" /><TestEntry testId="b4c7482d-a3b8-4c2d-948a-d96bff539223" executionId="89d4e1bd-d8e9-4540-85d9-48e61b6e8482" testListId="8c84fa94-04c1-424b-9868-57a2d4851a1d" /><TestEntry testId="18a9feac-4be0-407e-990a-965d4af898fb" executionId="feb42e6c-73cb-4b61-b71d-6f40dea3423c" testListId="8c84fa94-04c1-424b-9868-57a2d4851a1d" /><TestEntry testId="e423b536-c2f8-42b3-b02c-491520b0df92" executionId="98c3cc18-228e-41c6-9899-0470a3dd084d" testListId="8c84fa94-04c1-424b-9868-57a2d4851a1d" /><TestEntry testId="db0449c9-110d-474e-9c7a-3de1d324ea4b" executionId="b8155636-8506-41a9-b403-7d5a1405e719" testListId="8c84fa94-04c1-424b-9868-57a2d4851a1d" /><TestEntry testId="5f1baadf-027f-4c5a-a595-78f8610360f4" executionId="ee753f44-e719-4a42-94c0-172b4696cb93" testListId="8c84fa94-04c1-424b-9868-57a2d4851a1d" /><TestEntry testId="21bf7764-74f9-4439-8915-7e1ead5abad9" executionId="4a5efd2d-0343-4af6-afa1-fdecc74732d1" testListId="8c84fa94-04c1-424b-9868-57a2d4851a1d" /><TestEntry testId="4c9f46b7-68ba-4a04-a88d-bea84587c7cd" executionId="69029278-02ee-4260-9a05-31e6908d0406" testListId="8c84fa94-04c1-424b-9868-57a2d4851a1d" /><TestEntry testId="2278921a-baea-4abe-ba49-9087b19360af" executionId="9c651258-c736-4cef-9008-50dea06df95d" testListId="8c84fa94-04c1-424b-9868-57a2d4851a1d" /><TestEntry testId="a0337b37-9d0d-426a-af83-4f676e69712c" executionId="d64d7b97-4b1e-4fc9-b78e-cde921569209" testListId="8c84fa94-04c1-424b-9868-57a2d4851a1d" /><TestEntry testId="3229e76c-12b9-4719-923f-626d191042fa" executionId="66283a42-a7ed-433f-be70-ec65918e71a3" testListId="8c84fa94-04c1-424b-9868-57a2d4851a1d" /><TestEntry testId="0dece65d-fd80-443d-997b-7f4a4bc4b4d6" executionId="89cbe3e2-9af1-4c8a-aa2c-81b0bc2a00a8" testListId="8c84fa94-04c1-424b-9868-57a2d4851a1d" /><TestEntry testId="855c2003-c54d-4417-bb46-1bf061492ca7" executionId="5850640d-d137-4522-80c6-2bfeb6a3c10a" testListId="8c84fa94-04c1-424b-9868-57a2d4851a1d" /><TestEntry testId="60c7f2d3-7b0d-40d7-8a2c-4fae21c2345f" executionId="9bc9cfbd-7c4e-4e39-808c-ad9915cc54e1" testListId="8c84fa94-04c1-424b-9868-57a2d4851a1d" /><TestEntry testId="bfac7c28-d074-4605-8822-4d8489730161" executionId="0634073d-5255-4be4-8d36-76ee7250575d" testListId="8c84fa94-04c1-424b-9868-57a2d4851a1d" /><TestEntry testId="f58e244a-b0e1-4d40-aa06-0837743b8daf" executionId="d5a6d5b4-321b-457c-9268-22f5b2cb0871" testListId="8c84fa94-04c1-424b-9868-57a2d4851a1d" /><TestEntry testId="bf20bf10-86a1-4d37-a3f8-8085aeecc090" executionId="59f5a0af-418d-41bf-89d1-2a2f03e6521d" testListId="8c84fa94-04c1-424b-9868-57a2d4851a1d" /><TestEntry testId="250cb353-080f-4c35-b5ee-13d6085201e6" executionId="7c835bb5-af0d-4865-b4a4-7a7f87d72ad8" testListId="8c84fa94-04c1-424b-9868-57a2d4851a1d" /><TestEntry testId="e6af662a-806e-4c2f-8e80-03ef930813d9" executionId="206482f1-d3d2-4781-80a0-add3d9b9600a" testListId="8c84fa94-04c1-424b-9868-57a2d4851a1d" /><TestEntry testId="6f1eb8cb-9db8-43ce-b8a2-939a1577f392" executionId="6360f021-dfc5-442c-b85d-e29a7eb43f40" testListId="8c84fa94-04c1-424b-9868-57a2d4851a1d" /><TestEntry testId="091dff52-fa20-4399-9280-db351e80da50" executionId="05bec9b3-5a44-4bb2-9420-9f3fd5b05cb0" testListId="8c84fa94-04c1-424b-9868-57a2d4851a1d" /><TestEntry testId="a8eecf56-eb14-488b-83e9-08e82ca7af81" executionId="6c2f8f13-e633-47b5-9424-7fdc8c4f385b" testListId="8c84fa94-04c1-424b-9868-57a2d4851a1d" /><TestEntry testId="20551468-a54b-4e92-94c9-454bb9e5bfd0" executionId="05543ad5-9d6b-48b9-8f8d-863005e08e9a" testListId="8c84fa94-04c1-424b-9868-57a2d4851a1d" /><TestEntry testId="3f6fa6bf-a352-4bf5-a8d0-b3955a65f0e1" executionId="2d5a2ee3-ff29-43fc-ac13-1ead7b513d7d" testListId="8c84fa94-04c1-424b-9868-57a2d4851a1d" /><TestEntry testId="a3add8b1-b3f7-4969-9639-3a0babad6287" executionId="a5f8229e-17a5-45c5-8fcf-8ce32a8bd17b" testListId="8c84fa94-04c1-424b-9868-57a2d4851a1d" /><TestEntry testId="c11f0cda-a1a8-410d-950a-2b668fb3c43d" executionId="73818cce-5561-4d0b-8396-289cc96497cd" testListId="8c84fa94-04c1-424b-9868-57a2d4851a1d" /><TestEntry testId="e0161e87-6a03-4970-be26-92640c788ed4" executionId="96b00a22-68ea-4976-b5b1-4f36e38d6cec" testListId="8c84fa94-04c1-424b-9868-57a2d4851a1d" /><TestEntry testId="cc7789c3-fbf3-46c3-ab49-aefc6fb70a23" executionId="89ada6ae-d24a-4847-8212-cb90bfbab495" testListId="8c84fa94-04c1-424b-9868-57a2d4851a1d" /><TestEntry testId="1afde664-7b5c-4375-b27b-a35aa2950f4c" executionId="c2febc82-621a-4024-8dc7-0cbd40ccad49" testListId="8c84fa94-04c1-424b-9868-57a2d4851a1d" /><TestEntry testId="a81d4b7d-7206-4ceb-8683-f067482c07f6" executionId="709e68af-3732-4ca1-b966-823a797b8e68" testListId="8c84fa94-04c1-424b-9868-57a2d4851a1d" /><TestEntry testId="c21b2c7c-8e9f-4b94-9d93-2b8ef1922d74" executionId="b7774925-5506-4577-850b-97569f9aabfb" testListId="8c84fa94-04c1-424b-9868-57a2d4851a1d" /><TestEntry testId="83c056a9-2bca-4cfc-b27f-485074c438d1" executionId="8380fe25-e753-4ad9-86c2-b58065938504" testListId="8c84fa94-04c1-424b-9868-57a2d4851a1d" /><TestEntry testId="6435e032-3bcd-49d7-bc37-3c4a72021694" executionId="b8e905fc-cac6-4662-a8d2-a92083113403" testListId="8c84fa94-04c1-424b-9868-57a2d4851a1d" /><TestEntry testId="f44d4e52-e65d-4c8a-8120-11c2ee7b05ff" executionId="a297372e-c14f-4f79-84c7-b5b6a012f647" testListId="8c84fa94-04c1-424b-9868-57a2d4851a1d" /><TestEntry testId="5daa9769-2242-4690-bca6-c819331c72af" executionId="3087da09-1be4-47f6-b88e-dc1b9f5651f0" testListId="8c84fa94-04c1-424b-9868-57a2d4851a1d" /><TestEntry testId="40aa5ec9-1df6-487d-93f8-5db9a16c934f" executionId="a265a901-92a8-48e8-adde-fd1076298b77" testListId="8c84fa94-04c1-424b-9868-57a2d4851a1d" /><TestEntry testId="693e930e-26b4-4357-8f08-f0f4646ddc34" executionId="0b2e5640-fdea-4538-9712-d71e89392cf8" testListId="8c84fa94-04c1-424b-9868-57a2d4851a1d" /><TestEntry testId="18268eb6-034d-4e0c-9bbb-1a2293a399ae" executionId="b7392c45-3e1a-4023-9e22-a469255af5ea" testListId="8c84fa94-04c1-424b-9868-57a2d4851a1d" /><TestEntry testId="6ad5109e-2577-4a84-b941-47aa59a36129" executionId="0a51671e-18e5-4f5b-9941-a13707721258" testListId="8c84fa94-04c1-424b-9868-57a2d4851a1d" /><TestEntry testId="a629d6bc-f833-40aa-b566-df7aabc6561a" executionId="779aac27-06f4-47a5-b615-921117615d83" testListId="8c84fa94-04c1-424b-9868-57a2d4851a1d" /><TestEntry testId="942b1386-0f4e-4aad-a256-443104dcfa75" executionId="cb782d0b-0c02-4772-88bd-695324ceaa47" testListId="8c84fa94-04c1-424b-9868-57a2d4851a1d" /></TestEntries><TestLists><TestList name="Results Not in a List" id="8c84fa94-04c1-424b-9868-57a2d4851a1d" /><TestList name="All Loaded Results" id="19431567-8539-422a-85d7-44ee4e166bda" /></TestLists><ResultSummary outcome="Completed"><Counters total="152" executed="152" passed="152" failed="0" error="0" timeout="0" aborted="0" inconclusive="0" passedButRunAborted="0" notRunnable="0" notExecuted="0" disconnected="0" warning="0" completed="0" inProgress="0" pending="0" /><Output><StdOut>[xUnit.net 00:00:01.1259163]   Discovering: ModelRelief.Test[xUnit.net 00:00:01.2484508]   Discovered:  ModelRelief.Test[xUnit.net 00:00:01.2544351]   Starting:    ModelRelief.Test[xUnit.net 00:00:37.5973806]   Finished:    ModelRelief.Test</StdOut></Output></ResultSummary></TestRun>