<?xml version="1.0" encoding="utf-8"?><TestRun id="301d3bf6-ad08-4404-bc69-7d3272a72d42" name="steve@LAMBDA 2018-08-14 11:45:14" runUser="LAMBDA\steve" xmlns="http://microsoft.com/schemas/VisualStudio/TeamTest/2010"><Times creation="2018-08-14T11:45:14.7987985-04:00" queuing="2018-08-14T11:45:14.7988121-04:00" start="2018-08-14T11:45:10.5974999-04:00" finish="2018-08-14T11:46:03.5776946-04:00" /><TestSettings name="default" id="88d007c4-5e9a-48ee-80ae-249f69be1b0c"><Deployment runDeploymentRoot="steve_LAMBDA_2018-08-14_11_45_14" /></TestSettings><Results><UnitTestResult executionId="8764d7aa-1b4a-40a6-bfb3-75e625faeb16" testId="db419a99-d971-4bc2-95c0-02675e7667a9" testName="Put_CanUpdateModel" computerName="LAMBDA" duration="00:00:00.3830000" startTime="2018-08-14T11:46:01.5242579-04:00" endTime="2018-08-14T11:46:01.5242737-04:00" testType="13cdc9d9-ddb5-4fa4-a97d-d965ccfc6d4b" outcome="Passed" testListId="8c84fa94-04c1-424b-9868-57a2d4851a1d" relativeResultsDirectory="8764d7aa-1b4a-40a6-bfb3-75e625faeb16" /><UnitTestResult executionId="54fbbc07-92df-4630-8bc7-e343ff906aa1" testId="448c7e9d-fd3b-4746-a3ce-7596c1a46a76" testName="Put_ValidReferencePropertyUpdatesModel" computerName="LAMBDA" duration="00:00:00.4330000" startTime="2018-08-14T11:46:02.8917150-04:00" endTime="2018-08-14T11:46:02.8917305-04:00" testType="13cdc9d9-ddb5-4fa4-a97d-d965ccfc6d4b" outcome="Passed" testListId="8c84fa94-04c1-424b-9868-57a2d4851a1d" relativeResultsDirectory="54fbbc07-92df-4630-8bc7-e343ff906aa1" /><UnitTestResult executionId="f08cbe52-e368-481e-a154-8f7e475ecce8" testId="46ee256a-a8bf-41b3-8fcc-78d0c71b3aae" testName="CameraHasExpectedDependentFiles" computerName="LAMBDA" duration="00:00:00.0010000" startTime="2018-08-14T11:45:14.0269441-04:00" endTime="2018-08-14T11:45:14.0269469-04:00" testType="13cdc9d9-ddb5-4fa4-a97d-d965ccfc6d4b" outcome="Passed" testListId="8c84fa94-04c1-424b-9868-57a2d4851a1d" relativeResultsDirectory="f08cbe52-e368-481e-a154-8f7e475ecce8" /><UnitTestResult executionId="154a0aca-6f48-43ea-b97d-d0233d0cb110" testId="013e9307-10f6-4f7f-973d-828ade8dc7e6" testName="GetFile_FileCanBeRoundTripped" computerName="LAMBDA" duration="00:00:00.6120000" startTime="2018-08-14T11:45:39.5391229-04:00" endTime="2018-08-14T11:45:39.5391431-04:00" testType="13cdc9d9-ddb5-4fa4-a97d-d965ccfc6d4b" outcome="Passed" testListId="8c84fa94-04c1-424b-9868-57a2d4851a1d" relativeResultsDirectory="154a0aca-6f48-43ea-b97d-d0233d0cb110" /><UnitTestResult executionId="d6fac32d-5c5f-4ccd-8aa1-3c6f2918458a" testId="75b88bbf-129e-475e-84f2-eb317efec736" testName="Post_InvalidReferencePropertyReturnsBadRequest" computerName="LAMBDA" duration="00:00:00.0270000" startTime="2018-08-14T11:45:51.9974492-04:00" endTime="2018-08-14T11:45:51.9974545-04:00" testType="13cdc9d9-ddb5-4fa4-a97d-d965ccfc6d4b" outcome="Passed" testListId="8c84fa94-04c1-424b-9868-57a2d4851a1d" relativeResultsDirectory="d6fac32d-5c5f-4ccd-8aa1-3c6f2918458a" /><UnitTestResult executionId="3fca503b-f216-449c-a923-4601032c6303" testId="77531e21-5dc6-4118-9696-3fca78c44ee7" testName="Put_InvalidReferencePropertyReturndBadRequest" computerName="LAMBDA" duration="00:00:00.0520000" startTime="2018-08-14T11:45:50.2342976-04:00" endTime="2018-08-14T11:45:50.2343044-04:00" testType="13cdc9d9-ddb5-4fa4-a97d-d965ccfc6d4b" outcome="Passed" testListId="8c84fa94-04c1-424b-9868-57a2d4851a1d" relativeResultsDirectory="3fca503b-f216-449c-a923-4601032c6303" /><UnitTestResult executionId="08ba8ad7-60ab-4543-81d2-ca7b99c87b53" testId="e1986b34-cbf8-4eeb-a25a-dc556492c445" testName="GetList_ListReturnsCorrectCount" computerName="LAMBDA" duration="00:00:00.0260000" startTime="2018-08-14T11:45:20.1315018-04:00" endTime="2018-08-14T11:45:20.1315092-04:00" testType="13cdc9d9-ddb5-4fa4-a97d-d965ccfc6d4b" outcome="Passed" testListId="8c84fa94-04c1-424b-9868-57a2d4851a1d" relativeResultsDirectory="08ba8ad7-60ab-4543-81d2-ca7b99c87b53" /><UnitTestResult executionId="04493983-5a95-4004-9a51-cfabe2b0d215" testId="a0f96ec6-0c59-4779-a732-ed6b5ae69bc0" testName="Patch_InvalidEnumPropertyValueReturnsBadRequest" computerName="LAMBDA" duration="00:00:00.0220000" startTime="2018-08-14T11:45:20.1536902-04:00" endTime="2018-08-14T11:45:20.1536954-04:00" testType="13cdc9d9-ddb5-4fa4-a97d-d965ccfc6d4b" outcome="Passed" testListId="8c84fa94-04c1-424b-9868-57a2d4851a1d" relativeResultsDirectory="04493983-5a95-4004-9a51-cfabe2b0d215" /><UnitTestResult executionId="a055218f-ab87-4058-b805-aa16fc21d3ed" testId="f35c6db3-7a69-4b72-92d2-312e24788c2e" testName="Patch_MultipleInvalidReferencePropertiesReturnsMultipleValidationErrorsAndBadRequest" computerName="LAMBDA" duration="00:00:00.0700000" startTime="2018-08-14T11:45:20.1048090-04:00" endTime="2018-08-14T11:45:20.1048230-04:00" testType="13cdc9d9-ddb5-4fa4-a97d-d965ccfc6d4b" outcome="Passed" testListId="8c84fa94-04c1-424b-9868-57a2d4851a1d" relativeResultsDirectory="a055218f-ab87-4058-b805-aa16fc21d3ed" /><UnitTestResult executionId="5d9bfe8b-d805-4bbc-be10-f7d73617304f" testId="ddc6ec6e-f87f-4600-a22d-542cec4235c8" testName="Put_InvalidReferencePropertyReturndBadRequest" computerName="LAMBDA" duration="00:00:00.0580000" startTime="2018-08-14T11:46:01.5832212-04:00" endTime="2018-08-14T11:46:01.5832290-04:00" testType="13cdc9d9-ddb5-4fa4-a97d-d965ccfc6d4b" outcome="Passed" testListId="8c84fa94-04c1-424b-9868-57a2d4851a1d" relativeResultsDirectory="5d9bfe8b-d805-4bbc-be10-f7d73617304f" /><UnitTestResult executionId="12fc976d-0ad4-4c15-a6d9-25af04483ab6" testId="86a4ba35-c329-48a1-8c42-f2a3ec7b77a5" testName="Put_InvalidIdReturnsNotFound" computerName="LAMBDA" duration="00:00:00.0830000" startTime="2018-08-14T11:45:16.3919361-04:00" endTime="2018-08-14T11:45:16.3919418-04:00" testType="13cdc9d9-ddb5-4fa4-a97d-d965ccfc6d4b" outcome="Passed" testListId="8c84fa94-04c1-424b-9868-57a2d4851a1d" relativeResultsDirectory="12fc976d-0ad4-4c15-a6d9-25af04483ab6" /><UnitTestResult executionId="355954a6-14f8-4747-ae6b-41f49f6c1b8a" testId="6d2938dd-ee4f-424d-b4d7-bf64f8852ddb" testName="Post_InvalidReferencePropertyReturnsBadRequest" computerName="LAMBDA" duration="00:00:00.3210000" startTime="2018-08-14T11:45:17.2988879-04:00" endTime="2018-08-14T11:45:17.2988928-04:00" testType="13cdc9d9-ddb5-4fa4-a97d-d965ccfc6d4b" outcome="Passed" testListId="8c84fa94-04c1-424b-9868-57a2d4851a1d" relativeResultsDirectory="355954a6-14f8-4747-ae6b-41f49f6c1b8a" /><UnitTestResult executionId="62b8db50-8870-4333-89ad-507626eed849" testId="dc9e1141-0fa8-4b1f-9db0-8ea66866c755" testName="Post_ValidReferencePropertyCreatesModel" computerName="LAMBDA" duration="00:00:00.3180000" startTime="2018-08-14T11:45:52.8949122-04:00" endTime="2018-08-14T11:45:52.8949274-04:00" testType="13cdc9d9-ddb5-4fa4-a97d-d965ccfc6d4b" outcome="Passed" testListId="8c84fa94-04c1-424b-9868-57a2d4851a1d" relativeResultsDirectory="62b8db50-8870-4333-89ad-507626eed849" /><UnitTestResult executionId="9e53925f-f55e-4696-b6e5-f8dab05cbda5" testId="0c0842f3-2a07-4133-ad5d-c241d91ff323" testName="Post_CanCreateNewModel" computerName="LAMBDA" duration="00:00:00.3160000" startTime="2018-08-14T11:45:33.4423479-04:00" endTime="2018-08-14T11:45:33.4423563-04:00" testType="13cdc9d9-ddb5-4fa4-a97d-d965ccfc6d4b" outcome="Passed" testListId="8c84fa94-04c1-424b-9868-57a2d4851a1d" relativeResultsDirectory="9e53925f-f55e-4696-b6e5-f8dab05cbda5" /><UnitTestResult executionId="e25b70d5-3089-4691-b840-cfc43844dc67" testId="8d63ea14-e204-4cad-a9d7-332f1b44a006" testName="PutFile_NewFileCanBePut" computerName="LAMBDA" duration="00:00:00.9840000" startTime="2018-08-14T11:45:21.7747649-04:00" endTime="2018-08-14T11:45:21.7747783-04:00" testType="13cdc9d9-ddb5-4fa4-a97d-d965ccfc6d4b" outcome="Passed" testListId="8c84fa94-04c1-424b-9868-57a2d4851a1d" relativeResultsDirectory="e25b70d5-3089-4691-b840-cfc43844dc67" /><UnitTestResult executionId="3cb7b9fc-dea3-414a-a532-6375312913aa" testId="abedf417-9104-4c71-a78c-5ae4048991c9" testName="Delete_TargetModelIsDeleted" computerName="LAMBDA" duration="00:00:00.2860000" startTime="2018-08-14T11:45:20.7290075-04:00" endTime="2018-08-14T11:45:20.7290154-04:00" testType="13cdc9d9-ddb5-4fa4-a97d-d965ccfc6d4b" outcome="Passed" testListId="8c84fa94-04c1-424b-9868-57a2d4851a1d" relativeResultsDirectory="3cb7b9fc-dea3-414a-a532-6375312913aa" /><UnitTestResult executionId="d316df59-6b09-494a-ba62-15dd25466e70" testId="baf6d616-6508-4b96-8b5a-1b9451b98a42" testName="FileRequest_FileCanBeReadAfterRename" computerName="LAMBDA" duration="00:00:00.8190000" startTime="2018-08-14T11:45:23.9166774-04:00" endTime="2018-08-14T11:45:23.9166857-04:00" testType="13cdc9d9-ddb5-4fa4-a97d-d965ccfc6d4b" outcome="Passed" testListId="8c84fa94-04c1-424b-9868-57a2d4851a1d" relativeResultsDirectory="d316df59-6b09-494a-ba62-15dd25466e70" /><UnitTestResult executionId="dd77f3b5-726e-4fce-be23-af17130c6df4" testId="40d19aca-6ec7-44bc-b42f-90f52606a270" testName="Patch_ValidReferencePropertyUpdatesModel" computerName="LAMBDA" duration="00:00:00.4510000" startTime="2018-08-14T11:45:52.5336447-04:00" endTime="2018-08-14T11:45:52.5336503-04:00" testType="13cdc9d9-ddb5-4fa4-a97d-d965ccfc6d4b" outcome="Passed" testListId="8c84fa94-04c1-424b-9868-57a2d4851a1d" relativeResultsDirectory="dd77f3b5-726e-4fce-be23-af17130c6df4" /><UnitTestResult executionId="a3afc2ef-8a26-46e6-8b4c-93b58b324cda" testId="f70ebd05-ac4f-4763-bee9-297976b2c0be" testName="FileRequest_DepthBufferIsInvalidatedAfterCameraDependencyPropertyChange" computerName="LAMBDA" duration="00:00:01.6690000" startTime="2018-08-14T11:45:58.4412953-04:00" endTime="2018-08-14T11:45:58.4413070-04:00" testType="13cdc9d9-ddb5-4fa4-a97d-d965ccfc6d4b" outcome="Passed" testListId="8c84fa94-04c1-424b-9868-57a2d4851a1d" relativeResultsDirectory="a3afc2ef-8a26-46e6-8b4c-93b58b324cda" /><UnitTestResult executionId="0b52881c-53b9-4215-a0af-116793fb88ed" testId="efbb47fc-9be4-47e6-819f-35e8b6a520b2" testName="GetFile_NonExistentFileReturnsNotFound" computerName="LAMBDA" duration="00:00:00.0560000" startTime="2018-08-14T11:45:24.9721643-04:00" endTime="2018-08-14T11:45:24.9721741-04:00" testType="13cdc9d9-ddb5-4fa4-a97d-d965ccfc6d4b" outcome="Passed" testListId="8c84fa94-04c1-424b-9868-57a2d4851a1d" relativeResultsDirectory="0b52881c-53b9-4215-a0af-116793fb88ed" /><UnitTestResult executionId="3cc8e9ae-cf37-4b51-8411-093a96bd5167" testId="6c2bb79b-aa37-4a50-bf4b-707903997a18" testName="PutFile_FileCanBeUpdated" computerName="LAMBDA" duration="00:00:00.9640000" startTime="2018-08-14T11:45:22.7407701-04:00" endTime="2018-08-14T11:45:22.7407865-04:00" testType="13cdc9d9-ddb5-4fa4-a97d-d965ccfc6d4b" outcome="Passed" testListId="8c84fa94-04c1-424b-9868-57a2d4851a1d" relativeResultsDirectory="3cc8e9ae-cf37-4b51-8411-093a96bd5167" /><UnitTestResult executionId="1bc427b0-3170-4853-b15a-de6d6dfa2dea" testId="5febb493-82aa-4269-b7ef-4e5e2f1fec30" testName="GetSingle_InvalidIdPropertyValueReturnsNotFound" computerName="LAMBDA" duration="00:00:00.0230000" startTime="2018-08-14T11:45:28.6036137-04:00" endTime="2018-08-14T11:45:28.6036194-04:00" testType="13cdc9d9-ddb5-4fa4-a97d-d965ccfc6d4b" outcome="Passed" testListId="8c84fa94-04c1-424b-9868-57a2d4851a1d" relativeResultsDirectory="1bc427b0-3170-4853-b15a-de6d6dfa2dea" /><UnitTestResult executionId="b009f87a-ff1a-4694-91da-8e6c59863e2b" testId="8b94083e-3501-40bb-a9fd-65ebf3cbd3f4" testName="PostFile_FileIsSynchronizedIsUpdatedAfterFileIsPosted" computerName="LAMBDA" duration="00:00:00.4420000" startTime="2018-08-14T11:45:49.2815952-04:00" endTime="2018-08-14T11:45:49.2816009-04:00" testType="13cdc9d9-ddb5-4fa4-a97d-d965ccfc6d4b" outcome="Passed" testListId="8c84fa94-04c1-424b-9868-57a2d4851a1d" relativeResultsDirectory="b009f87a-ff1a-4694-91da-8e6c59863e2b" /><UnitTestResult executionId="02275672-2c4e-46e1-939c-8ef39ee90edc" testId="c853618a-9c21-4c47-b8c4-c28a6e6a8635" testName="Post_CanCreateNewModel" computerName="LAMBDA" duration="00:00:00.2320000" startTime="2018-08-14T11:45:20.3879897-04:00" endTime="2018-08-14T11:45:20.3880058-04:00" testType="13cdc9d9-ddb5-4fa4-a97d-d965ccfc6d4b" outcome="Passed" testListId="8c84fa94-04c1-424b-9868-57a2d4851a1d" relativeResultsDirectory="02275672-2c4e-46e1-939c-8ef39ee90edc" /><UnitTestResult executionId="8f7c98c8-3d50-48d8-802b-c80dd4c24651" testId="98b97e09-33a5-412d-8eeb-26110f850f8b" testName="PostFile_NewFileCanBePosted" computerName="LAMBDA" duration="00:00:00.5670000" startTime="2018-08-14T11:45:42.7433533-04:00" endTime="2018-08-14T11:45:42.7433683-04:00" testType="13cdc9d9-ddb5-4fa4-a97d-d965ccfc6d4b" outcome="Passed" testListId="8c84fa94-04c1-424b-9868-57a2d4851a1d" relativeResultsDirectory="8f7c98c8-3d50-48d8-802b-c80dd4c24651" /><UnitTestResult executionId="094ef756-11c0-4a53-be88-a37624086d64" testId="ab4fbe0e-bbe5-4608-951d-8f91408c9630" testName="Patch_ValidReferencePropertyUpdatesModel" computerName="LAMBDA" duration="00:00:00.4500000" startTime="2018-08-14T11:45:19.1649412-04:00" endTime="2018-08-14T11:45:19.1649573-04:00" testType="13cdc9d9-ddb5-4fa4-a97d-d965ccfc6d4b" outcome="Passed" testListId="8c84fa94-04c1-424b-9868-57a2d4851a1d" relativeResultsDirectory="094ef756-11c0-4a53-be88-a37624086d64" /><UnitTestResult executionId="69d08b85-4d5c-48fc-8272-2aed37169570" testId="1790143a-19bc-42ea-bff4-d9b186d36351" testName="Delete_TargetModelIsDeleted" computerName="LAMBDA" duration="00:00:00.5180000" startTime="2018-08-14T11:45:15.2821990-04:00" endTime="2018-08-14T11:45:15.2822092-04:00" testType="13cdc9d9-ddb5-4fa4-a97d-d965ccfc6d4b" outcome="Passed" testListId="8c84fa94-04c1-424b-9868-57a2d4851a1d" relativeResultsDirectory="69d08b85-4d5c-48fc-8272-2aed37169570" /><UnitTestResult executionId="3dffb518-c630-4f0b-a7e5-e7bdd427ca00" testId="0023522b-47c0-425c-9af8-8feb3ac86a8c" testName="Patch_InvalidIdPropertyReturnsNotFound" computerName="LAMBDA" duration="00:00:00.0240000" startTime="2018-08-14T11:45:50.5109750-04:00" endTime="2018-08-14T11:45:50.5109795-04:00" testType="13cdc9d9-ddb5-4fa4-a97d-d965ccfc6d4b" outcome="Passed" testListId="8c84fa94-04c1-424b-9868-57a2d4851a1d" relativeResultsDirectory="3dffb518-c630-4f0b-a7e5-e7bdd427ca00" /><UnitTestResult executionId="cbc33436-639b-4aec-96fd-b9b4a972bb9e" testId="7545a0d6-ff2a-4b21-a9de-a370fea24bf9" testName="Patch_MultipleInvalidReferencePropertiesReturnsMultipleValidationErrorsAndBadRequest" computerName="LAMBDA" duration="00:00:00.0560000" startTime="2018-08-14T11:45:25.6710986-04:00" endTime="2018-08-14T11:45:25.6711044-04:00" testType="13cdc9d9-ddb5-4fa4-a97d-d965ccfc6d4b" outcome="Passed" testListId="8c84fa94-04c1-424b-9868-57a2d4851a1d" relativeResultsDirectory="cbc33436-639b-4aec-96fd-b9b4a972bb9e" /><UnitTestResult executionId="a8257a35-bfad-4d59-b8dc-be6e31f667e9" testId="509b8d00-e1b5-4ba4-8804-d4001589eb7a" testName="Patch_InvalidPropertyNameReturnsBadRequest" computerName="LAMBDA" duration="00:00:00.0220000" startTime="2018-08-14T11:45:50.1821093-04:00" endTime="2018-08-14T11:45:50.1821141-04:00" testType="13cdc9d9-ddb5-4fa4-a97d-d965ccfc6d4b" outcome="Passed" testListId="8c84fa94-04c1-424b-9868-57a2d4851a1d" relativeResultsDirectory="a8257a35-bfad-4d59-b8dc-be6e31f667e9" /><UnitTestResult executionId="acee818f-ec17-4869-8e5c-71d1c1c4d379" testId="6f9faa53-af68-4a26-af3f-57cdb0a47c94" testName="Put_CanUpdateModel" computerName="LAMBDA" duration="00:00:01.0590000" startTime="2018-08-14T11:45:32.0761437-04:00" endTime="2018-08-14T11:45:32.0761592-04:00" testType="13cdc9d9-ddb5-4fa4-a97d-d965ccfc6d4b" outcome="Passed" testListId="8c84fa94-04c1-424b-9868-57a2d4851a1d" relativeResultsDirectory="acee818f-ec17-4869-8e5c-71d1c1c4d379" /><UnitTestResult executionId="9b42493e-d66e-4448-a262-67f867d71c0b" testId="bb2dd221-edd4-4ed0-8bae-88312638b4aa" testName="Patch_TargetPropertyIsUpdated" computerName="LAMBDA" duration="00:00:00.5190000" startTime="2018-08-14T11:45:51.3131877-04:00" endTime="2018-08-14T11:45:51.3132038-04:00" testType="13cdc9d9-ddb5-4fa4-a97d-d965ccfc6d4b" outcome="Passed" testListId="8c84fa94-04c1-424b-9868-57a2d4851a1d" relativeResultsDirectory="9b42493e-d66e-4448-a262-67f867d71c0b" /><UnitTestResult executionId="5eaffae1-7826-4f37-9e9e-ccd9e41fbe06" testId="3acd9121-2929-487b-831f-c8e9fc0ee9a9" testName="GetFile_ExistingFileReturnsSuccess" computerName="LAMBDA" duration="00:00:00.0700000" startTime="2018-08-14T11:45:40.4573033-04:00" endTime="2018-08-14T11:45:40.4573084-04:00" testType="13cdc9d9-ddb5-4fa4-a97d-d965ccfc6d4b" outcome="Passed" testListId="8c84fa94-04c1-424b-9868-57a2d4851a1d" relativeResultsDirectory="5eaffae1-7826-4f37-9e9e-ccd9e41fbe06" /><UnitTestResult executionId="510fffb6-1cc7-4232-b878-56aa9c11e78d" testId="13cc3bf4-7775-4fe3-9705-6c5cc7a856b4" testName="Patch_InvalidReferencePropertyReturnsBadRequest" computerName="LAMBDA" duration="00:00:00.0660000" startTime="2018-08-14T11:45:33.5084562-04:00" endTime="2018-08-14T11:45:33.5084615-04:00" testType="13cdc9d9-ddb5-4fa4-a97d-d965ccfc6d4b" outcome="Passed" testListId="8c84fa94-04c1-424b-9868-57a2d4851a1d" relativeResultsDirectory="510fffb6-1cc7-4232-b878-56aa9c11e78d" /><UnitTestResult executionId="f9306d35-6f70-4dc1-ad86-21d9501d4755" testId="4029c93e-f84c-4834-b39b-b96b14fe87f8" testName="Post_InvalidReferencePropertyReturnsBadRequest" computerName="LAMBDA" duration="00:00:00.0170000" startTime="2018-08-14T11:45:14.7633769-04:00" endTime="2018-08-14T11:45:14.7633817-04:00" testType="13cdc9d9-ddb5-4fa4-a97d-d965ccfc6d4b" outcome="Passed" testListId="8c84fa94-04c1-424b-9868-57a2d4851a1d" relativeResultsDirectory="f9306d35-6f70-4dc1-ad86-21d9501d4755" /><UnitTestResult executionId="ad62abd1-713a-4730-be00-ff7bedf7929b" testId="eec033da-4719-4b33-8edc-452aa5ad00e0" testName="Put_CanUpdateModel" computerName="LAMBDA" duration="00:00:00.5040000" startTime="2018-08-14T11:45:53.3992356-04:00" endTime="2018-08-14T11:45:53.3992413-04:00" testType="13cdc9d9-ddb5-4fa4-a97d-d965ccfc6d4b" outcome="Passed" testListId="8c84fa94-04c1-424b-9868-57a2d4851a1d" relativeResultsDirectory="ad62abd1-713a-4730-be00-ff7bedf7929b" /><UnitTestResult executionId="ee1cc787-7e59-4d49-a3cc-de30845ff79a" testId="e1a55afa-8d41-4b8c-8030-332a2ebe8768" testName="GetSingle_ValidIdPropertyValueReturnsCorrectModel" computerName="LAMBDA" duration="00:00:00.0250000" startTime="2018-08-14T11:45:18.7126963-04:00" endTime="2018-08-14T11:45:18.7127018-04:00" testType="13cdc9d9-ddb5-4fa4-a97d-d965ccfc6d4b" outcome="Passed" testListId="8c84fa94-04c1-424b-9868-57a2d4851a1d" relativeResultsDirectory="ee1cc787-7e59-4d49-a3cc-de30845ff79a" /><UnitTestResult executionId="36541dda-fbb1-4617-8d82-4d1caca6b3dd" testId="b0d3a5b0-3d0c-49f8-b8d0-d191839fe7e6" testName="Patch_InvalidIdPropertyReturnsNotFound" computerName="LAMBDA" duration="00:00:00.0230000" startTime="2018-08-14T11:45:16.9539751-04:00" endTime="2018-08-14T11:45:16.9539800-04:00" testType="13cdc9d9-ddb5-4fa4-a97d-d965ccfc6d4b" outcome="Passed" testListId="8c84fa94-04c1-424b-9868-57a2d4851a1d" relativeResultsDirectory="36541dda-fbb1-4617-8d82-4d1caca6b3dd" /><UnitTestResult executionId="c87a0590-3778-4851-b8a3-98c9a0fdbc0f" testId="362fb95d-2574-4c22-9434-e623b12d0c8d" testName="GetSingle_InvalidIdPropertyValueReturnsNotFound" computerName="LAMBDA" duration="00:00:00.0400000" startTime="2018-08-14T11:45:52.5748981-04:00" endTime="2018-08-14T11:45:52.5749052-04:00" testType="13cdc9d9-ddb5-4fa4-a97d-d965ccfc6d4b" outcome="Passed" testListId="8c84fa94-04c1-424b-9868-57a2d4851a1d" relativeResultsDirectory="c87a0590-3778-4851-b8a3-98c9a0fdbc0f" /><UnitTestResult executionId="92df169f-6620-404e-8929-d39eebcd79d6" testId="53e04cac-5e63-4a51-b281-7a9fbd2dd875" testName="GetList_ListReturnsCorrectCount" computerName="LAMBDA" duration="00:00:00.0240000" startTime="2018-08-14T11:45:26.0678011-04:00" endTime="2018-08-14T11:45:26.0678153-04:00" testType="13cdc9d9-ddb5-4fa4-a97d-d965ccfc6d4b" outcome="Passed" testListId="8c84fa94-04c1-424b-9868-57a2d4851a1d" relativeResultsDirectory="92df169f-6620-404e-8929-d39eebcd79d6" /><UnitTestResult executionId="66c32fcb-e875-435b-9ee0-ad6f9ea49b98" testId="ba8c98cd-2fb8-4ab4-a65d-f86def249dbe" testName="Patch_InvalidPropertyNameReturnsBadRequest" computerName="LAMBDA" duration="00:00:00.0310000" startTime="2018-08-14T11:45:25.2390070-04:00" endTime="2018-08-14T11:45:25.2390127-04:00" testType="13cdc9d9-ddb5-4fa4-a97d-d965ccfc6d4b" outcome="Passed" testListId="8c84fa94-04c1-424b-9868-57a2d4851a1d" relativeResultsDirectory="66c32fcb-e875-435b-9ee0-ad6f9ea49b98" /><UnitTestResult executionId="d9346d2a-454a-431c-8841-8e95f163c1a3" testId="20e2101b-bc8e-44bf-b135-932a919ecdc2" testName="Patch_InvalidPropertyNameReturnsBadRequest" computerName="LAMBDA" duration="00:00:00.0300000" startTime="2018-08-14T11:45:33.5385687-04:00" endTime="2018-08-14T11:45:33.5385828-04:00" testType="13cdc9d9-ddb5-4fa4-a97d-d965ccfc6d4b" outcome="Passed" testListId="8c84fa94-04c1-424b-9868-57a2d4851a1d" relativeResultsDirectory="d9346d2a-454a-431c-8841-8e95f163c1a3" /><UnitTestResult executionId="136248fe-841e-48ae-95c9-6811567f5bee" testId="e72d9e12-8084-4b14-845b-165edccd20a1" testName="GetSingle_InvalidIdPropertyValueReturnsNotFound" computerName="LAMBDA" duration="00:00:00.0610000" startTime="2018-08-14T11:45:18.6079132-04:00" endTime="2018-08-14T11:45:18.6079192-04:00" testType="13cdc9d9-ddb5-4fa4-a97d-d965ccfc6d4b" outcome="Passed" testListId="8c84fa94-04c1-424b-9868-57a2d4851a1d" relativeResultsDirectory="136248fe-841e-48ae-95c9-6811567f5bee" /><UnitTestResult executionId="7b231e45-41f4-4d4e-91dd-3f216665dbd5" testId="d3b5c635-830c-434f-b337-b05692d70d1c" testName="Put_ValidReferencePropertyUpdatesModel" computerName="LAMBDA" duration="00:00:00.5790000" startTime="2018-08-14T11:45:26.6493809-04:00" endTime="2018-08-14T11:45:26.6493942-04:00" testType="13cdc9d9-ddb5-4fa4-a97d-d965ccfc6d4b" outcome="Passed" testListId="8c84fa94-04c1-424b-9868-57a2d4851a1d" relativeResultsDirectory="7b231e45-41f4-4d4e-91dd-3f216665dbd5" /><UnitTestResult executionId="db93db09-ff49-4273-b6d1-362fe32f53d7" testId="c7d1bc44-63e4-4ce6-8b5f-4f46b5c425ca" testName="Patch_InvalidEnumPropertyValueReturnsBadRequest" computerName="LAMBDA" duration="00:00:00.0140000" startTime="2018-08-14T11:45:16.4329490-04:00" endTime="2018-08-14T11:45:16.4329542-04:00" testType="13cdc9d9-ddb5-4fa4-a97d-d965ccfc6d4b" outcome="Passed" testListId="8c84fa94-04c1-424b-9868-57a2d4851a1d" relativeResultsDirectory="db93db09-ff49-4273-b6d1-362fe32f53d7" /><UnitTestResult executionId="12b427eb-1551-4873-9683-73b7bf66e850" testId="e4db012c-ebc7-4548-88c1-3b96bbb6e019" testName="GetSingle_InvalidIdPropertyValueReturnsNotFound" computerName="LAMBDA" duration="00:00:00.0280000" startTime="2018-08-14T11:45:33.5965004-04:00" endTime="2018-08-14T11:45:33.5965053-04:00" testType="13cdc9d9-ddb5-4fa4-a97d-d965ccfc6d4b" outcome="Passed" testListId="8c84fa94-04c1-424b-9868-57a2d4851a1d" relativeResultsDirectory="12b427eb-1551-4873-9683-73b7bf66e850" /><UnitTestResult executionId="5fbacffe-2443-41c7-9335-435418bd1a94" testId="48c935d4-9544-4108-b623-7998b2cfca54" testName="GetSingle_ValidIdPropertyValueReturnsCorrectModel" computerName="LAMBDA" duration="00:00:00.0270000" startTime="2018-08-14T11:45:52.0245308-04:00" endTime="2018-08-14T11:45:52.0245366-04:00" testType="13cdc9d9-ddb5-4fa4-a97d-d965ccfc6d4b" outcome="Passed" testListId="8c84fa94-04c1-424b-9868-57a2d4851a1d" relativeResultsDirectory="5fbacffe-2443-41c7-9335-435418bd1a94" /><UnitTestResult executionId="91c78f31-1dc4-4747-a861-4a6ded5ba600" testId="93ed1db0-8fc4-40fa-9363-98710c59c716" testName="Post_InvalidReferencePropertyReturnsBadRequest" computerName="LAMBDA" duration="00:00:00.0300000" startTime="2018-08-14T11:45:33.6270634-04:00" endTime="2018-08-14T11:45:33.6270772-04:00" testType="13cdc9d9-ddb5-4fa4-a97d-d965ccfc6d4b" outcome="Passed" testListId="8c84fa94-04c1-424b-9868-57a2d4851a1d" relativeResultsDirectory="91c78f31-1dc4-4747-a861-4a6ded5ba600" /><UnitTestResult executionId="5d352858-5226-4b4c-b5a4-10ef6aa93848" testId="2706ea17-b296-40dc-ae68-b4bbb47f9f2b" testName="Post_InvalidPropertyValueReturnsBadRequest" computerName="LAMBDA" duration="00:00:00.0160000" startTime="2018-08-14T11:46:01.9481778-04:00" endTime="2018-08-14T11:46:01.9481832-04:00" testType="13cdc9d9-ddb5-4fa4-a97d-d965ccfc6d4b" outcome="Passed" testListId="8c84fa94-04c1-424b-9868-57a2d4851a1d" relativeResultsDirectory="5d352858-5226-4b4c-b5a4-10ef6aa93848" /><UnitTestResult executionId="e1a5af5a-793e-442d-b5f0-50bf331802bd" testId="5b22ea9c-a2a1-4288-b7cb-c5a14a42a708" testName="Put_InvalidIdReturnsNotFound" computerName="LAMBDA" duration="00:00:00.0810000" startTime="2018-08-14T11:45:29.9473329-04:00" endTime="2018-08-14T11:45:29.9473389-04:00" testType="13cdc9d9-ddb5-4fa4-a97d-d965ccfc6d4b" outcome="Passed" testListId="8c84fa94-04c1-424b-9868-57a2d4851a1d" relativeResultsDirectory="e1a5af5a-793e-442d-b5f0-50bf331802bd" /><UnitTestResult executionId="d94cc291-7195-47a1-9e57-5249da846ca9" testId="14a2194a-0f55-4815-b453-3b95ab995cc4" testName="Put_InvalidReferencePropertyReturndBadRequest" computerName="LAMBDA" duration="00:00:00.0450000" startTime="2018-08-14T11:45:27.0598024-04:00" endTime="2018-08-14T11:45:27.0598107-04:00" testType="13cdc9d9-ddb5-4fa4-a97d-d965ccfc6d4b" outcome="Passed" testListId="8c84fa94-04c1-424b-9868-57a2d4851a1d" relativeResultsDirectory="d94cc291-7195-47a1-9e57-5249da846ca9" /><UnitTestResult executionId="b2229a12-bcc4-4727-a2fa-785dbf728c38" testId="3b823f37-e1e3-4bf0-aaec-1c10c0a01c6f" testName="Patch_ValidReferencePropertyUpdatesModel" computerName="LAMBDA" duration="00:00:00.5290000" startTime="2018-08-14T11:45:27.6405874-04:00" endTime="2018-08-14T11:45:27.6406034-04:00" testType="13cdc9d9-ddb5-4fa4-a97d-d965ccfc6d4b" outcome="Passed" testListId="8c84fa94-04c1-424b-9868-57a2d4851a1d" relativeResultsDirectory="b2229a12-bcc4-4727-a2fa-785dbf728c38" /><UnitTestResult executionId="f350969b-dc34-4b73-93ab-4a4340a5640e" testId="b8a10a89-e39e-4572-9b51-ed07b7fa4e04" testName="Patch_InvalidIdPropertyReturnsNotFound" computerName="LAMBDA" duration="00:00:00.0200000" startTime="2018-08-14T11:46:01.9092489-04:00" endTime="2018-08-14T11:46:01.9092556-04:00" testType="13cdc9d9-ddb5-4fa4-a97d-d965ccfc6d4b" outcome="Passed" testListId="8c84fa94-04c1-424b-9868-57a2d4851a1d" relativeResultsDirectory="f350969b-dc34-4b73-93ab-4a4340a5640e" /><UnitTestResult executionId="08f4dd22-0950-4668-8507-a5bb1d1ed2e9" testId="ca01d53f-90a6-4a38-a957-af073db6f72f" testName="Post_InvalidReferencePropertyReturnsBadRequest" computerName="LAMBDA" duration="00:00:00.0230000" startTime="2018-08-14T11:46:01.1392212-04:00" endTime="2018-08-14T11:46:01.1392350-04:00" testType="13cdc9d9-ddb5-4fa4-a97d-d965ccfc6d4b" outcome="Passed" testListId="8c84fa94-04c1-424b-9868-57a2d4851a1d" relativeResultsDirectory="08f4dd22-0950-4668-8507-a5bb1d1ed2e9" /><UnitTestResult executionId="64a9b5aa-037f-4d02-8ffd-bf8e5a1ce944" testId="3ef414dc-c3fb-4bde-85de-fd26d9499f20" testName="Delete_TargetModelIsDeleted" computerName="LAMBDA" duration="00:00:00.3420000" startTime="2018-08-14T11:45:34.2770522-04:00" endTime="2018-08-14T11:45:34.2770574-04:00" testType="13cdc9d9-ddb5-4fa4-a97d-d965ccfc6d4b" outcome="Passed" testListId="8c84fa94-04c1-424b-9868-57a2d4851a1d" relativeResultsDirectory="64a9b5aa-037f-4d02-8ffd-bf8e5a1ce944" /><UnitTestResult executionId="d58b8299-57f0-40e5-8dbd-762485cfe9bf" testId="637d71a9-a815-4398-914a-68c64b03375a" testName="Patch_InvalidReferencePropertyReturnsBadRequest" computerName="LAMBDA" duration="00:00:00.0470000" startTime="2018-08-14T11:45:26.0429266-04:00" endTime="2018-08-14T11:45:26.0429329-04:00" testType="13cdc9d9-ddb5-4fa4-a97d-d965ccfc6d4b" outcome="Passed" testListId="8c84fa94-04c1-424b-9868-57a2d4851a1d" relativeResultsDirectory="d58b8299-57f0-40e5-8dbd-762485cfe9bf" /><UnitTestResult executionId="0d578b98-b1d2-4cfe-b430-50dc6bcb37c4" testId="0505c3c5-ba55-4f6d-a61f-a329023f32cb" testName="GetList_ListReturnsCorrectCount" computerName="LAMBDA" duration="00:00:00.0300000" startTime="2018-08-14T11:46:01.0853353-04:00" endTime="2018-08-14T11:46:01.0853404-04:00" testType="13cdc9d9-ddb5-4fa4-a97d-d965ccfc6d4b" outcome="Passed" testListId="8c84fa94-04c1-424b-9868-57a2d4851a1d" relativeResultsDirectory="0d578b98-b1d2-4cfe-b430-50dc6bcb37c4" /><UnitTestResult executionId="a8a30581-4340-460d-bcd7-b8a7d18e3b4f" testId="62c23368-4769-4098-ba8c-9aa26f1c4d55" testName="GetList_ListReturnsCorrectCount" computerName="LAMBDA" duration="00:00:00.0550000" startTime="2018-08-14T11:45:16.9005292-04:00" endTime="2018-08-14T11:45:16.9005883-04:00" testType="13cdc9d9-ddb5-4fa4-a97d-d965ccfc6d4b" outcome="Passed" testListId="8c84fa94-04c1-424b-9868-57a2d4851a1d" relativeResultsDirectory="a8a30581-4340-460d-bcd7-b8a7d18e3b4f" /><UnitTestResult executionId="41fe00ba-8294-4cd0-afe3-1ec29165cd80" testId="6589f261-3c6c-4676-a802-511f6b7ee568" testName="PutFile_FileCanBeUpdated" computerName="LAMBDA" duration="00:00:00.8460000" startTime="2018-08-14T11:45:40.3867206-04:00" endTime="2018-08-14T11:45:40.3867358-04:00" testType="13cdc9d9-ddb5-4fa4-a97d-d965ccfc6d4b" outcome="Passed" testListId="8c84fa94-04c1-424b-9868-57a2d4851a1d" relativeResultsDirectory="41fe00ba-8294-4cd0-afe3-1ec29165cd80" /><UnitTestResult executionId="629b89d2-b9f1-4f2c-973e-dc8293caa29a" testId="7cce698c-535d-4ce1-bfc3-c4ad2474cf3f" testName="Post_InvalidPropertyValueReturnsBadRequest" computerName="LAMBDA" duration="00:00:00.0620000" startTime="2018-08-14T11:45:26.7120102-04:00" endTime="2018-08-14T11:45:26.7120248-04:00" testType="13cdc9d9-ddb5-4fa4-a97d-d965ccfc6d4b" outcome="Passed" testListId="8c84fa94-04c1-424b-9868-57a2d4851a1d" relativeResultsDirectory="629b89d2-b9f1-4f2c-973e-dc8293caa29a" /><UnitTestResult executionId="0cea521f-3f71-4a8b-86be-1c3e8382b5d0" testId="c77eae59-af87-477a-abde-f9b3ce1ca86b" testName="GetFile_NonExistentFileReturnsNotFound" computerName="LAMBDA" duration="00:00:00.0670000" startTime="2018-08-14T11:45:58.5086256-04:00" endTime="2018-08-14T11:45:58.5086328-04:00" testType="13cdc9d9-ddb5-4fa4-a97d-d965ccfc6d4b" outcome="Passed" testListId="8c84fa94-04c1-424b-9868-57a2d4851a1d" relativeResultsDirectory="0cea521f-3f71-4a8b-86be-1c3e8382b5d0" /><UnitTestResult executionId="2c88540b-5fe7-4163-ab87-720e17616a5d" testId="7d00777f-71a7-421f-aaa7-a4d1d891ac56" testName="Patch_InvalidReferencePropertyReturnsBadRequest" computerName="LAMBDA" duration="00:00:00.0160000" startTime="2018-08-14T11:45:16.0290110-04:00" endTime="2018-08-14T11:45:16.0290167-04:00" testType="13cdc9d9-ddb5-4fa4-a97d-d965ccfc6d4b" outcome="Passed" testListId="8c84fa94-04c1-424b-9868-57a2d4851a1d" relativeResultsDirectory="2c88540b-5fe7-4163-ab87-720e17616a5d" /><UnitTestResult executionId="ae7fd0f9-bf10-4e64-bf2d-b4173eb248f1" testId="8bcea934-91aa-4484-ba10-b8fddfdd251b" testName="PostFile_FileIsSynchronizedIsUpdatedAfterFileIsPosted" computerName="LAMBDA" duration="00:00:00.4790000" startTime="2018-08-14T11:45:59.4773555-04:00" endTime="2018-08-14T11:45:59.4773605-04:00" testType="13cdc9d9-ddb5-4fa4-a97d-d965ccfc6d4b" outcome="Passed" testListId="8c84fa94-04c1-424b-9868-57a2d4851a1d" relativeResultsDirectory="ae7fd0f9-bf10-4e64-bf2d-b4173eb248f1" /><UnitTestResult executionId="1287ae71-6931-4044-8233-ac47bca20263" testId="50935a2e-c7bd-4e64-a074-528480b8a025" testName="Post_ValidReferencePropertyCreatesModel" computerName="LAMBDA" duration="00:00:00.2440000" startTime="2018-08-14T11:46:01.8283688-04:00" endTime="2018-08-14T11:46:01.8283815-04:00" testType="13cdc9d9-ddb5-4fa4-a97d-d965ccfc6d4b" outcome="Passed" testListId="8c84fa94-04c1-424b-9868-57a2d4851a1d" relativeResultsDirectory="1287ae71-6931-4044-8233-ac47bca20263" /><UnitTestResult executionId="958fe0e1-0dbe-424d-9dc2-c91e52a4520f" testId="0dceb42c-24ea-4964-a730-b8da394a1d18" testName="Patch_InvalidIdPropertyReturnsNotFound" computerName="LAMBDA" duration="00:00:00.0410000" startTime="2018-08-14T11:45:19.6526528-04:00" endTime="2018-08-14T11:45:19.6526583-04:00" testType="13cdc9d9-ddb5-4fa4-a97d-d965ccfc6d4b" outcome="Passed" testListId="8c84fa94-04c1-424b-9868-57a2d4851a1d" relativeResultsDirectory="958fe0e1-0dbe-424d-9dc2-c91e52a4520f" /><UnitTestResult executionId="24f17091-4799-4a7f-84e9-83f703c7fd36" testId="e5f33805-d6d0-4ce4-849a-b5bd8069f3f8" testName="GetFile_FileCanBeRoundTripped" computerName="LAMBDA" duration="00:00:00.4910000" startTime="2018-08-14T11:46:00.4563445-04:00" endTime="2018-08-14T11:46:00.4563521-04:00" testType="13cdc9d9-ddb5-4fa4-a97d-d965ccfc6d4b" outcome="Passed" testListId="8c84fa94-04c1-424b-9868-57a2d4851a1d" relativeResultsDirectory="24f17091-4799-4a7f-84e9-83f703c7fd36" /><UnitTestResult executionId="dca6cf4b-723e-4c4c-8779-f984e147a0f1" testId="78b04730-1279-4b8f-a4eb-8e08d82656e6" testName="Patch_ValidReferencePropertyUpdatesModel" computerName="LAMBDA" duration="00:00:00.4470000" startTime="2018-08-14T11:46:02.3960325-04:00" endTime="2018-08-14T11:46:02.3960436-04:00" testType="13cdc9d9-ddb5-4fa4-a97d-d965ccfc6d4b" outcome="Passed" testListId="8c84fa94-04c1-424b-9868-57a2d4851a1d" relativeResultsDirectory="dca6cf4b-723e-4c4c-8779-f984e147a0f1" /><UnitTestResult executionId="bf03d2cf-fe01-44e1-99d6-ec7aabf5d375" testId="af5fc11d-0e74-4bc6-aa29-156261316aab" testName="Delete_TargetModelIsDeleted" computerName="LAMBDA" duration="00:00:00.2520000" startTime="2018-08-14T11:45:50.4863534-04:00" endTime="2018-08-14T11:45:50.4863592-04:00" testType="13cdc9d9-ddb5-4fa4-a97d-d965ccfc6d4b" outcome="Passed" testListId="8c84fa94-04c1-424b-9868-57a2d4851a1d" relativeResultsDirectory="bf03d2cf-fe01-44e1-99d6-ec7aabf5d375" /><UnitTestResult executionId="5c9fb869-907c-40cd-ae85-4c7ecdf2f29c" testId="a38ad515-9dbc-4ea3-a281-2c3371607861" testName="GetSingle_ValidIdPropertyValueReturnsCorrectModel" computerName="LAMBDA" duration="00:00:00.0340000" startTime="2018-08-14T11:45:34.3115664-04:00" endTime="2018-08-14T11:45:34.3115750-04:00" testType="13cdc9d9-ddb5-4fa4-a97d-d965ccfc6d4b" outcome="Passed" testListId="8c84fa94-04c1-424b-9868-57a2d4851a1d" relativeResultsDirectory="5c9fb869-907c-40cd-ae85-4c7ecdf2f29c" /><UnitTestResult executionId="0c504c59-bb0d-4c5e-9804-2ae635021d26" testId="968898f1-faad-4c11-9a10-c6323ecd393c" testName="Patch_InvalidReferencePropertyReturnsBadRequest" computerName="LAMBDA" duration="00:00:00.0380000" startTime="2018-08-14T11:45:51.9384841-04:00" endTime="2018-08-14T11:45:51.9384977-04:00" testType="13cdc9d9-ddb5-4fa4-a97d-d965ccfc6d4b" outcome="Passed" testListId="8c84fa94-04c1-424b-9868-57a2d4851a1d" relativeResultsDirectory="0c504c59-bb0d-4c5e-9804-2ae635021d26" /><UnitTestResult executionId="ffa58559-9dc9-46d0-9679-94a590c21208" testId="be882724-fc17-40d6-a6dc-7c4c7a7c377d" testName="Post_ValidReferencePropertyCreatesModel" computerName="LAMBDA" duration="00:00:00.0230000" startTime="2018-08-14T11:45:14.7519079-04:00" endTime="2018-08-14T11:45:14.7519115-04:00" testType="13cdc9d9-ddb5-4fa4-a97d-d965ccfc6d4b" outcome="Passed" testListId="8c84fa94-04c1-424b-9868-57a2d4851a1d" relativeResultsDirectory="ffa58559-9dc9-46d0-9679-94a590c21208" /><UnitTestResult executionId="ecc2de90-32db-4856-b7e2-6c75c7ac5564" testId="b46fc5d0-38b9-4e3f-ab96-2e1d5d353c37" testName="PostFile_FileTimeStampIsUpdatedAfterFileIsPosted" computerName="LAMBDA" duration="00:00:01.7900000" startTime="2018-08-14T11:45:55.2641118-04:00" endTime="2018-08-14T11:45:55.2641269-04:00" testType="13cdc9d9-ddb5-4fa4-a97d-d965ccfc6d4b" outcome="Passed" testListId="8c84fa94-04c1-424b-9868-57a2d4851a1d" relativeResultsDirectory="ecc2de90-32db-4856-b7e2-6c75c7ac5564" /><UnitTestResult executionId="91fe3229-759d-40fe-ad08-c0a354a9aa58" testId="493e7e86-1f2b-4645-93fb-13d2e2460f1d" testName="Patch_InvalidEnumPropertyValueReturnsBadRequest" computerName="LAMBDA" duration="00:00:00.0190000" startTime="2018-08-14T11:45:27.1100834-04:00" endTime="2018-08-14T11:45:27.1100893-04:00" testType="13cdc9d9-ddb5-4fa4-a97d-d965ccfc6d4b" outcome="Passed" testListId="8c84fa94-04c1-424b-9868-57a2d4851a1d" relativeResultsDirectory="91fe3229-759d-40fe-ad08-c0a354a9aa58" /><UnitTestResult executionId="b9f9a104-fab2-4028-aceb-e6fc9c75606b" testId="331049dc-ce13-4dd0-b882-8aaf88da47e0" testName="Patch_ValidReferencePropertyUpdatesModel" computerName="LAMBDA" duration="00:00:00.5790000" startTime="2018-08-14T11:45:14.6158297-04:00" endTime="2018-08-14T11:45:14.6158352-04:00" testType="13cdc9d9-ddb5-4fa4-a97d-d965ccfc6d4b" outcome="Passed" testListId="8c84fa94-04c1-424b-9868-57a2d4851a1d" relativeResultsDirectory="b9f9a104-fab2-4028-aceb-e6fc9c75606b" /><UnitTestResult executionId="7954531e-659d-4575-86cf-4dc339db21cf" testId="7bd5d50b-0a1e-4c56-a9cb-2bfb0eacfe33" testName="Put_InvalidIdReturnsNotFound" computerName="LAMBDA" duration="00:00:00.0410000" startTime="2018-08-14T11:45:18.6491950-04:00" endTime="2018-08-14T11:45:18.6492088-04:00" testType="13cdc9d9-ddb5-4fa4-a97d-d965ccfc6d4b" outcome="Passed" testListId="8c84fa94-04c1-424b-9868-57a2d4851a1d" relativeResultsDirectory="7954531e-659d-4575-86cf-4dc339db21cf" /><UnitTestResult executionId="4b37e18e-e1bb-4a83-85d0-2b2746705b4d" testId="e9f41264-0296-47f5-98f3-ce4deeb23da3" testName="Put_CanUpdateModel" computerName="LAMBDA" duration="00:00:00.6180000" startTime="2018-08-14T11:45:18.5457877-04:00" endTime="2018-08-14T11:45:18.5458034-04:00" testType="13cdc9d9-ddb5-4fa4-a97d-d965ccfc6d4b" outcome="Passed" testListId="8c84fa94-04c1-424b-9868-57a2d4851a1d" relativeResultsDirectory="4b37e18e-e1bb-4a83-85d0-2b2746705b4d" /><UnitTestResult executionId="13d080be-07cf-4081-8ff4-dcd88847ae6e" testId="e6f19dc6-a206-4469-b59e-5d05f25071df" testName="Patch_InvalidEnumPropertyValueReturnsBadRequest" computerName="LAMBDA" duration="00:00:00.0120000" startTime="2018-08-14T11:46:01.0975923-04:00" endTime="2018-08-14T11:46:01.0975969-04:00" testType="13cdc9d9-ddb5-4fa4-a97d-d965ccfc6d4b" outcome="Passed" testListId="8c84fa94-04c1-424b-9868-57a2d4851a1d" relativeResultsDirectory="13d080be-07cf-4081-8ff4-dcd88847ae6e" /><UnitTestResult executionId="ec90c30e-2524-4734-8db4-92620aaeed89" testId="bb4d6cd1-92d1-4714-bafb-643b3a907a24" testName="Put_InvalidIdReturnsNotFound" computerName="LAMBDA" duration="00:00:00.0340000" startTime="2018-08-14T11:45:52.0595245-04:00" endTime="2018-08-14T11:45:52.0595299-04:00" testType="13cdc9d9-ddb5-4fa4-a97d-d965ccfc6d4b" outcome="Passed" testListId="8c84fa94-04c1-424b-9868-57a2d4851a1d" relativeResultsDirectory="ec90c30e-2524-4734-8db4-92620aaeed89" /><UnitTestResult executionId="da6e8067-b199-4366-add3-a6fe8eecd5b6" testId="7f47e861-23c1-49ff-b4f8-83a4cf8adde3" testName="GetFile_ExistingFileReturnsSuccess" computerName="LAMBDA" duration="00:00:00.0720000" startTime="2018-08-14T11:45:53.4724215-04:00" endTime="2018-08-14T11:45:53.4724281-04:00" testType="13cdc9d9-ddb5-4fa4-a97d-d965ccfc6d4b" outcome="Passed" testListId="8c84fa94-04c1-424b-9868-57a2d4851a1d" relativeResultsDirectory="da6e8067-b199-4366-add3-a6fe8eecd5b6" /><UnitTestResult executionId="07f9e7d8-80d0-46e4-a875-e0cdd94e1b2f" testId="ede3ac31-e4b8-424f-94f4-341647b87183" testName="Post_ValidReferencePropertyCreatesModel" computerName="LAMBDA" duration="00:00:00.2540000" startTime="2018-08-14T11:45:33.9345381-04:00" endTime="2018-08-14T11:45:33.9345465-04:00" testType="13cdc9d9-ddb5-4fa4-a97d-d965ccfc6d4b" outcome="Passed" testListId="8c84fa94-04c1-424b-9868-57a2d4851a1d" relativeResultsDirectory="07f9e7d8-80d0-46e4-a875-e0cdd94e1b2f" /><UnitTestResult executionId="14a85866-c993-4d60-8125-336c75eb206f" testId="8e1df736-517b-4353-9bdb-5e5549738c14" testName="Post_InvalidReferencePropertyReturnsBadRequest" computerName="LAMBDA" duration="00:00:00.0180000" startTime="2018-08-14T11:45:28.6449950-04:00" endTime="2018-08-14T11:45:28.6450004-04:00" testType="13cdc9d9-ddb5-4fa4-a97d-d965ccfc6d4b" outcome="Passed" testListId="8c84fa94-04c1-424b-9868-57a2d4851a1d" relativeResultsDirectory="14a85866-c993-4d60-8125-336c75eb206f" /><UnitTestResult executionId="58b7c105-2d63-44ad-8fac-68dddba7de82" testId="72368bbe-e9c2-435f-9929-41604bf7182b" testName="PutFile_NewFileCanBePut" computerName="LAMBDA" duration="00:00:00.5580000" startTime="2018-08-14T11:45:34.9946227-04:00" endTime="2018-08-14T11:45:34.9946371-04:00" testType="13cdc9d9-ddb5-4fa4-a97d-d965ccfc6d4b" outcome="Passed" testListId="8c84fa94-04c1-424b-9868-57a2d4851a1d" relativeResultsDirectory="58b7c105-2d63-44ad-8fac-68dddba7de82" /><UnitTestResult executionId="db9d161f-d655-4322-9c21-e55334c8a3a5" testId="f9ed57fd-fb51-4426-8e29-bc0247f79496" testName="LucyModel3dHasTwoDependents" computerName="LAMBDA" duration="00:00:00.3990000" startTime="2018-08-14T11:45:14.0169505-04:00" endTime="2018-08-14T11:45:14.0169551-04:00" testType="13cdc9d9-ddb5-4fa4-a97d-d965ccfc6d4b" outcome="Passed" testListId="8c84fa94-04c1-424b-9868-57a2d4851a1d" relativeResultsDirectory="db9d161f-d655-4322-9c21-e55334c8a3a5" /><UnitTestResult executionId="4a4803ea-c455-44fa-ac31-88fbc93e7b92" testId="e0071e86-7563-446f-9344-1a92dbb26440" testName="Post_ValidReferencePropertyCreatesModel" computerName="LAMBDA" duration="00:00:00.3010000" startTime="2018-08-14T11:45:27.0136957-04:00" endTime="2018-08-14T11:45:27.0137024-04:00" testType="13cdc9d9-ddb5-4fa4-a97d-d965ccfc6d4b" outcome="Passed" testListId="8c84fa94-04c1-424b-9868-57a2d4851a1d" relativeResultsDirectory="4a4803ea-c455-44fa-ac31-88fbc93e7b92" /><UnitTestResult executionId="5cf7fd13-ba51-4d2c-b468-6d59445b0338" testId="92917ad8-79d3-4f98-947e-88b9d2fb8ec8" testName="Put_ValidReferencePropertyUpdatesModel" computerName="LAMBDA" duration="00:00:00.0460000" startTime="2018-08-14T11:45:16.0123991-04:00" endTime="2018-08-14T11:45:16.0124069-04:00" testType="13cdc9d9-ddb5-4fa4-a97d-d965ccfc6d4b" outcome="Passed" testListId="8c84fa94-04c1-424b-9868-57a2d4851a1d" relativeResultsDirectory="5cf7fd13-ba51-4d2c-b468-6d59445b0338" /><UnitTestResult executionId="07ad38bc-d8c5-4909-968a-bb7bf18d79fe" testId="eeccca0a-08a0-46a6-b490-19e8750ddaca" testName="PostFile_FileTimeStampIsUpdatedAfterFileIsPosted" computerName="LAMBDA" duration="00:00:00.0140000" startTime="2018-08-14T11:45:20.7893683-04:00" endTime="2018-08-14T11:45:20.7893726-04:00" testType="13cdc9d9-ddb5-4fa4-a97d-d965ccfc6d4b" outcome="Passed" testListId="8c84fa94-04c1-424b-9868-57a2d4851a1d" relativeResultsDirectory="07ad38bc-d8c5-4909-968a-bb7bf18d79fe" /><UnitTestResult executionId="814c1e87-288a-4007-8614-d1bbf3c95b88" testId="b072d4d0-c0ef-4c86-9c92-f56a81709130" testName="Patch_MultipleInvalidReferencePropertiesReturnsMultipleValidationErrorsAndBadRequest" computerName="LAMBDA" duration="00:00:00.0150000" startTime="2018-08-14T11:45:16.9159934-04:00" endTime="2018-08-14T11:45:16.9159984-04:00" testType="13cdc9d9-ddb5-4fa4-a97d-d965ccfc6d4b" outcome="Passed" testListId="8c84fa94-04c1-424b-9868-57a2d4851a1d" relativeResultsDirectory="814c1e87-288a-4007-8614-d1bbf3c95b88" /><UnitTestResult executionId="d3b8d8f6-6848-4fc1-8505-acaa01191fe0" testId="7ec42ab6-0f90-43d1-8c4c-7cfbbb49f432" testName="PostFile_FileIsSynchronizedIsUpdatedAfterFileIsPosted" computerName="LAMBDA" duration="00:00:00.0180000" startTime="2018-08-14T11:45:24.9899403-04:00" endTime="2018-08-14T11:45:24.9899448-04:00" testType="13cdc9d9-ddb5-4fa4-a97d-d965ccfc6d4b" outcome="Passed" testListId="8c84fa94-04c1-424b-9868-57a2d4851a1d" relativeResultsDirectory="d3b8d8f6-6848-4fc1-8505-acaa01191fe0" /><UnitTestResult executionId="89f378b9-80f7-44bd-bbb9-fbc5729957be" testId="b5895322-60d0-4e64-8036-8ec2d0daacb9" testName="Patch_TargetPropertyIsUpdated" computerName="LAMBDA" duration="00:00:00.5060000" startTime="2018-08-14T11:45:28.1483923-04:00" endTime="2018-08-14T11:45:28.1484046-04:00" testType="13cdc9d9-ddb5-4fa4-a97d-d965ccfc6d4b" outcome="Passed" testListId="8c84fa94-04c1-424b-9868-57a2d4851a1d" relativeResultsDirectory="89f378b9-80f7-44bd-bbb9-fbc5729957be" /><UnitTestResult executionId="970e5b46-4da3-47bc-84fe-acd292d7a4f7" testId="a3df6375-f699-47a5-92ea-ea3b18b30137" testName="Patch_InvalidEnumPropertyValueReturnsBadRequest" computerName="LAMBDA" duration="00:00:00.0820000" startTime="2018-08-14T11:45:50.1284873-04:00" endTime="2018-08-14T11:45:50.1284919-04:00" testType="13cdc9d9-ddb5-4fa4-a97d-d965ccfc6d4b" outcome="Passed" testListId="8c84fa94-04c1-424b-9868-57a2d4851a1d" relativeResultsDirectory="970e5b46-4da3-47bc-84fe-acd292d7a4f7" /><UnitTestResult executionId="332e6a56-4350-45d3-b541-ef831bba71dc" testId="ee7a129d-9587-471b-8b26-fdb11b091842" testName="DepthBufferHasExpectedDependentFiles" computerName="LAMBDA" duration="00:00:00.0010000" startTime="2018-08-14T11:45:14.0315096-04:00" endTime="2018-08-14T11:45:14.0315124-04:00" testType="13cdc9d9-ddb5-4fa4-a97d-d965ccfc6d4b" outcome="Passed" testListId="8c84fa94-04c1-424b-9868-57a2d4851a1d" relativeResultsDirectory="332e6a56-4350-45d3-b541-ef831bba71dc" /><UnitTestResult executionId="2ef64cc8-a5c0-4145-a590-cdc111dc7b4e" testId="815b4fab-6f21-49d6-a7cc-c3508897a58d" testName="Put_InvalidReferencePropertyReturndBadRequest" computerName="LAMBDA" duration="00:00:00.0450000" startTime="2018-08-14T11:45:20.7752079-04:00" endTime="2018-08-14T11:45:20.7752138-04:00" testType="13cdc9d9-ddb5-4fa4-a97d-d965ccfc6d4b" outcome="Passed" testListId="8c84fa94-04c1-424b-9868-57a2d4851a1d" relativeResultsDirectory="2ef64cc8-a5c0-4145-a590-cdc111dc7b4e" /><UnitTestResult executionId="2304a098-1062-4e4f-8026-f5b1d4d3f5e4" testId="22436fbf-1f5b-4ef8-ad16-6eaf402734b0" testName="GetSingle_ValidIdPropertyValueReturnsCorrectModel" computerName="LAMBDA" duration="00:00:00.0260000" startTime="2018-08-14T11:45:16.4184878-04:00" endTime="2018-08-14T11:45:16.4184933-04:00" testType="13cdc9d9-ddb5-4fa4-a97d-d965ccfc6d4b" outcome="Passed" testListId="8c84fa94-04c1-424b-9868-57a2d4851a1d" relativeResultsDirectory="2304a098-1062-4e4f-8026-f5b1d4d3f5e4" /><UnitTestResult executionId="7bb97f8b-8a3b-4f77-9ac4-007ecc7514e0" testId="dc5fa1c3-3a2f-4c09-83ba-744cb9adf9d3" testName="Post_ValidReferencePropertyCreatesModel" computerName="LAMBDA" duration="00:00:00.3800000" startTime="2018-08-14T11:45:20.0345805-04:00" endTime="2018-08-14T11:45:20.0345964-04:00" testType="13cdc9d9-ddb5-4fa4-a97d-d965ccfc6d4b" outcome="Passed" testListId="8c84fa94-04c1-424b-9868-57a2d4851a1d" relativeResultsDirectory="7bb97f8b-8a3b-4f77-9ac4-007ecc7514e0" /><UnitTestResult executionId="ccc09358-2ac5-4a74-a0b0-905b44dba95c" testId="42286bc7-f933-4f85-af2b-59fa9b1bd0b4" testName="Post_CanCreateNewModel" computerName="LAMBDA" duration="00:00:00.2780000" startTime="2018-08-14T11:45:16.3088305-04:00" endTime="2018-08-14T11:45:16.3088424-04:00" testType="13cdc9d9-ddb5-4fa4-a97d-d965ccfc6d4b" outcome="Passed" testListId="8c84fa94-04c1-424b-9868-57a2d4851a1d" relativeResultsDirectory="ccc09358-2ac5-4a74-a0b0-905b44dba95c" /><UnitTestResult executionId="3ee29ea8-17eb-45d8-8a9c-39411ea33142" testId="ff358b31-dcb6-40d1-a47c-192fce7dd56b" testName="GetFile_FileCanBeRoundTripped" computerName="LAMBDA" duration="00:00:00.4940000" startTime="2018-08-14T11:45:24.9151738-04:00" endTime="2018-08-14T11:45:24.9151885-04:00" testType="13cdc9d9-ddb5-4fa4-a97d-d965ccfc6d4b" outcome="Passed" testListId="8c84fa94-04c1-424b-9868-57a2d4851a1d" relativeResultsDirectory="3ee29ea8-17eb-45d8-8a9c-39411ea33142" /><UnitTestResult executionId="c84ee2b8-e587-448a-ad64-28cb6672f198" testId="27f45968-2885-407d-950c-4f65f50aae31" testName="Patch_InvalidIdPropertyReturnsNotFound" computerName="LAMBDA" duration="00:00:00.0280000" startTime="2018-08-14T11:45:33.5676334-04:00" endTime="2018-08-14T11:45:33.5676396-04:00" testType="13cdc9d9-ddb5-4fa4-a97d-d965ccfc6d4b" outcome="Passed" testListId="8c84fa94-04c1-424b-9868-57a2d4851a1d" relativeResultsDirectory="c84ee2b8-e587-448a-ad64-28cb6672f198" /><UnitTestResult executionId="a1b89f27-703d-41cb-b238-fa9e99554d1b" testId="25a99115-459c-4b1c-92e6-d4aad00fa312" testName="Patch_MultipleInvalidReferencePropertiesReturnsMultipleValidationErrorsAndBadRequest" computerName="LAMBDA" duration="00:00:00.0600000" startTime="2018-08-14T11:46:01.8889924-04:00" endTime="2018-08-14T11:46:01.8889991-04:00" testType="13cdc9d9-ddb5-4fa4-a97d-d965ccfc6d4b" outcome="Passed" testListId="8c84fa94-04c1-424b-9868-57a2d4851a1d" relativeResultsDirectory="a1b89f27-703d-41cb-b238-fa9e99554d1b" /><UnitTestResult executionId="9ed675c7-0272-49f4-8aac-b815c4bf76c3" testId="c242776d-955a-4c26-8ee7-9172b060d8b2" testName="Patch_InvalidIdPropertyReturnsNotFound" computerName="LAMBDA" duration="00:00:00.0300000" startTime="2018-08-14T11:45:27.0905631-04:00" endTime="2018-08-14T11:45:27.0905700-04:00" testType="13cdc9d9-ddb5-4fa4-a97d-d965ccfc6d4b" outcome="Passed" testListId="8c84fa94-04c1-424b-9868-57a2d4851a1d" relativeResultsDirectory="9ed675c7-0272-49f4-8aac-b815c4bf76c3" /><UnitTestResult executionId="3f2d04c6-6db3-402c-b01d-16f9cd8b3f41" testId="80b82314-3599-4214-bb11-675df741268e" testName="GetList_ListReturnsCorrectCount" computerName="LAMBDA" duration="00:00:00.0300000" startTime="2018-08-14T11:45:50.1594218-04:00" endTime="2018-08-14T11:45:50.1594274-04:00" testType="13cdc9d9-ddb5-4fa4-a97d-d965ccfc6d4b" outcome="Passed" testListId="8c84fa94-04c1-424b-9868-57a2d4851a1d" relativeResultsDirectory="3f2d04c6-6db3-402c-b01d-16f9cd8b3f41" /><UnitTestResult executionId="e6b29f14-563a-4653-aee3-f6426ba9ac62" testId="e526916e-bc26-4ffa-a3e1-35f8879bc17d" testName="Patch_MultipleInvalidReferencePropertiesReturnsMultipleValidationErrorsAndBadRequest" computerName="LAMBDA" duration="00:00:00.0300000" startTime="2018-08-14T11:45:51.9695095-04:00" endTime="2018-08-14T11:45:51.9695162-04:00" testType="13cdc9d9-ddb5-4fa4-a97d-d965ccfc6d4b" outcome="Passed" testListId="8c84fa94-04c1-424b-9868-57a2d4851a1d" relativeResultsDirectory="e6b29f14-563a-4653-aee3-f6426ba9ac62" /><UnitTestResult executionId="869cd5b8-2851-4368-b164-69a5b4db70b2" testId="b2af7984-7b2b-4617-9daf-c80573777c49" testName="FileRequest_MeshGenerateSetsFileIsSynchronized" computerName="LAMBDA" duration="00:00:06.0950000" startTime="2018-08-14T11:45:48.8389578-04:00" endTime="2018-08-14T11:45:48.8389664-04:00" testType="13cdc9d9-ddb5-4fa4-a97d-d965ccfc6d4b" outcome="Passed" testListId="8c84fa94-04c1-424b-9868-57a2d4851a1d" relativeResultsDirectory="869cd5b8-2851-4368-b164-69a5b4db70b2" /><UnitTestResult executionId="1c540fa6-7cf2-42ee-8e95-fa6042882555" testId="3541561a-4255-48e0-a3d4-be1d6e306343" testName="Put_InvalidReferencePropertyReturndBadRequest" computerName="LAMBDA" duration="00:00:00.0470000" startTime="2018-08-14T11:45:34.3594979-04:00" endTime="2018-08-14T11:45:34.3595030-04:00" testType="13cdc9d9-ddb5-4fa4-a97d-d965ccfc6d4b" outcome="Passed" testListId="8c84fa94-04c1-424b-9868-57a2d4851a1d" relativeResultsDirectory="1c540fa6-7cf2-42ee-8e95-fa6042882555" /><UnitTestResult executionId="9cbcded4-ac5d-47f6-9a3b-5a02ca83204a" testId="950c89c3-247e-4e20-a3d0-25b86b7a63f7" testName="Post_CanCreateNewModel" computerName="LAMBDA" duration="00:00:00.2710000" startTime="2018-08-14T11:46:00.7557915-04:00" endTime="2018-08-14T11:46:00.7557983-04:00" testType="13cdc9d9-ddb5-4fa4-a97d-d965ccfc6d4b" outcome="Passed" testListId="8c84fa94-04c1-424b-9868-57a2d4851a1d" relativeResultsDirectory="9cbcded4-ac5d-47f6-9a3b-5a02ca83204a" /><UnitTestResult executionId="f19e422f-b95a-46ef-9059-4760ea285778" testId="37ce56c7-dfe4-4142-bbd5-829b3fc2d515" testName="Put_ValidReferencePropertyUpdatesModel" computerName="LAMBDA" duration="00:00:00.5860000" startTime="2018-08-14T11:45:51.8998078-04:00" endTime="2018-08-14T11:45:51.8998164-04:00" testType="13cdc9d9-ddb5-4fa4-a97d-d965ccfc6d4b" outcome="Passed" testListId="8c84fa94-04c1-424b-9868-57a2d4851a1d" relativeResultsDirectory="f19e422f-b95a-46ef-9059-4760ea285778" /><UnitTestResult executionId="a531dae6-40b4-495d-8fc0-2a2ca0e3f51e" testId="1bd2626c-98cb-4b10-8622-3b9e115fc594" testName="Put_ValidReferencePropertyUpdatesModel" computerName="LAMBDA" duration="00:00:00.4450000" startTime="2018-08-14T11:45:19.6108363-04:00" endTime="2018-08-14T11:45:19.6108466-04:00" testType="13cdc9d9-ddb5-4fa4-a97d-d965ccfc6d4b" outcome="Passed" testListId="8c84fa94-04c1-424b-9868-57a2d4851a1d" relativeResultsDirectory="a531dae6-40b4-495d-8fc0-2a2ca0e3f51e" /><UnitTestResult executionId="9dbccc3c-af70-4e45-9ab5-b971dbd0d1c7" testId="84b5ed85-61aa-42a8-9671-5fd43db1ba96" testName="GetSingle_InvalidIdPropertyValueReturnsNotFound" computerName="LAMBDA" duration="00:00:00.0180000" startTime="2018-08-14T11:45:16.4512863-04:00" endTime="2018-08-14T11:45:16.4512911-04:00" testType="13cdc9d9-ddb5-4fa4-a97d-d965ccfc6d4b" outcome="Passed" testListId="8c84fa94-04c1-424b-9868-57a2d4851a1d" relativeResultsDirectory="9dbccc3c-af70-4e45-9ab5-b971dbd0d1c7" /><UnitTestResult executionId="53c28576-ea02-4c3b-8584-30ffae47cb50" testId="2029cfd2-2087-4f8c-988f-2d6db1b89557" testName="Post_InvalidPropertyValueReturnsBadRequest" computerName="LAMBDA" duration="00:00:00.0150000" startTime="2018-08-14T11:45:18.6871926-04:00" endTime="2018-08-14T11:45:18.6871985-04:00" testType="13cdc9d9-ddb5-4fa4-a97d-d965ccfc6d4b" outcome="Passed" testListId="8c84fa94-04c1-424b-9868-57a2d4851a1d" relativeResultsDirectory="53c28576-ea02-4c3b-8584-30ffae47cb50" /><UnitTestResult executionId="6e0f0989-d98a-4cdf-adaa-3b8c430a774f" testId="efc34f2a-9062-41ca-8069-f77b4012c4cd" testName="FileRequest_MeshIsInvalidatedAfterDepthBufferFileBecomesUnsynchronized" computerName="LAMBDA" duration="00:00:03.9280000" startTime="2018-08-14T11:45:38.9251321-04:00" endTime="2018-08-14T11:45:38.9251480-04:00" testType="13cdc9d9-ddb5-4fa4-a97d-d965ccfc6d4b" outcome="Passed" testListId="8c84fa94-04c1-424b-9868-57a2d4851a1d" relativeResultsDirectory="6e0f0989-d98a-4cdf-adaa-3b8c430a774f" /><UnitTestResult executionId="b1c77436-9efb-4471-8203-0d3cdc845c61" testId="b02f938e-5f97-46e1-8020-db4d0b19eb4b" testName="Patch_TargetPropertyIsUpdated" computerName="LAMBDA" duration="00:00:00.5040000" startTime="2018-08-14T11:45:33.1245969-04:00" endTime="2018-08-14T11:45:33.1246024-04:00" testType="13cdc9d9-ddb5-4fa4-a97d-d965ccfc6d4b" outcome="Passed" testListId="8c84fa94-04c1-424b-9868-57a2d4851a1d" relativeResultsDirectory="b1c77436-9efb-4471-8203-0d3cdc845c61" /><UnitTestResult executionId="d65049ad-15a8-4699-b496-42f7a9769be1" testId="8744c060-828b-421e-b076-b736f6477833" testName="PostFile_FileTimeStampIsUpdatedAfterFileIsPosted" computerName="LAMBDA" duration="00:00:01.7150000" startTime="2018-08-14T11:45:42.1743730-04:00" endTime="2018-08-14T11:45:42.1743855-04:00" testType="13cdc9d9-ddb5-4fa4-a97d-d965ccfc6d4b" outcome="Passed" testListId="8c84fa94-04c1-424b-9868-57a2d4851a1d" relativeResultsDirectory="d65049ad-15a8-4699-b496-42f7a9769be1" /><UnitTestResult executionId="c1f542aa-1d9f-42d3-b29c-6b3ea65420b2" testId="cae41142-03c0-46e6-b941-3b7a41de9883" testName="Patch_TargetPropertyIsUpdated" computerName="LAMBDA" duration="00:00:00.6820000" startTime="2018-08-14T11:45:15.9662724-04:00" endTime="2018-08-14T11:45:15.9662942-04:00" testType="13cdc9d9-ddb5-4fa4-a97d-d965ccfc6d4b" outcome="Passed" testListId="8c84fa94-04c1-424b-9868-57a2d4851a1d" relativeResultsDirectory="c1f542aa-1d9f-42d3-b29c-6b3ea65420b2" /><UnitTestResult executionId="254861bb-e439-492f-af41-1d2a32470179" testId="09dc0089-ed1f-4cc3-b7d5-96d839592276" testName="PutFile_FileCanBeUpdated" computerName="LAMBDA" duration="00:00:00.7340000" startTime="2018-08-14T11:45:55.9989049-04:00" endTime="2018-08-14T11:45:55.9989113-04:00" testType="13cdc9d9-ddb5-4fa4-a97d-d965ccfc6d4b" outcome="Passed" testListId="8c84fa94-04c1-424b-9868-57a2d4851a1d" relativeResultsDirectory="254861bb-e439-492f-af41-1d2a32470179" /><UnitTestResult executionId="8c72d766-d7de-4783-a2a8-241af212293c" testId="bf21fca4-86e5-4a65-b5f5-4361c0347c08" testName="Patch_MultipleInvalidReferencePropertiesReturnsMultipleValidationErrorsAndBadRequest" computerName="LAMBDA" duration="00:00:00.0520000" startTime="2018-08-14T11:45:33.6800129-04:00" endTime="2018-08-14T11:45:33.6800193-04:00" testType="13cdc9d9-ddb5-4fa4-a97d-d965ccfc6d4b" outcome="Passed" testListId="8c84fa94-04c1-424b-9868-57a2d4851a1d" relativeResultsDirectory="8c72d766-d7de-4783-a2a8-241af212293c" /><UnitTestResult executionId="40fc9587-895b-4266-beea-829b9180315d" testId="ab7271f4-8c72-45f0-9e7a-d2299429cf0f" testName="Patch_InvalidEnumPropertyValueReturnsBadRequest" computerName="LAMBDA" duration="00:00:00.0500000" startTime="2018-08-14T11:45:32.6194947-04:00" endTime="2018-08-14T11:45:32.6195019-04:00" testType="13cdc9d9-ddb5-4fa4-a97d-d965ccfc6d4b" outcome="Passed" testListId="8c84fa94-04c1-424b-9868-57a2d4851a1d" relativeResultsDirectory="40fc9587-895b-4266-beea-829b9180315d" /><UnitTestResult executionId="4c1a01ac-e489-4455-aa55-9b13f12f9600" testId="9b524983-96cd-4c64-a2ff-81aa0b8f0942" testName="Patch_InvalidPropertyNameReturnsBadRequest" computerName="LAMBDA" duration="00:00:00.0210000" startTime="2018-08-14T11:45:18.6711805-04:00" endTime="2018-08-14T11:45:18.6711942-04:00" testType="13cdc9d9-ddb5-4fa4-a97d-d965ccfc6d4b" outcome="Passed" testListId="8c84fa94-04c1-424b-9868-57a2d4851a1d" relativeResultsDirectory="4c1a01ac-e489-4455-aa55-9b13f12f9600" /><UnitTestResult executionId="a0ce0cfd-4881-4028-994b-70c2839abfd5" testId="64669fc5-f0f7-449d-8de1-50b54041b241" testName="Put_InvalidIdReturnsNotFound" computerName="LAMBDA" duration="00:00:00.2150000" startTime="2018-08-14T11:45:25.2075264-04:00" endTime="2018-08-14T11:45:25.2075312-04:00" testType="13cdc9d9-ddb5-4fa4-a97d-d965ccfc6d4b" outcome="Passed" testListId="8c84fa94-04c1-424b-9868-57a2d4851a1d" relativeResultsDirectory="a0ce0cfd-4881-4028-994b-70c2839abfd5" /><UnitTestResult executionId="402c1dc0-ef56-4ae8-afd8-a731a51c8f23" testId="83767b8f-6edd-4729-8255-1360b85c5799" testName="GetSingle_InvalidIdPropertyValueReturnsNotFound" computerName="LAMBDA" duration="00:00:00.0180000" startTime="2018-08-14T11:46:01.1155828-04:00" endTime="2018-08-14T11:46:01.1155893-04:00" testType="13cdc9d9-ddb5-4fa4-a97d-d965ccfc6d4b" outcome="Passed" testListId="8c84fa94-04c1-424b-9868-57a2d4851a1d" relativeResultsDirectory="402c1dc0-ef56-4ae8-afd8-a731a51c8f23" /><UnitTestResult executionId="095710a2-4b84-424f-94bb-636684d283ac" testId="289e29c7-3f3a-4d31-b757-33e650e046aa" testName="GetFile_NonExistentFileReturnsNotFound" computerName="LAMBDA" duration="00:00:00.0420000" startTime="2018-08-14T11:45:34.4349673-04:00" endTime="2018-08-14T11:45:34.4349719-04:00" testType="13cdc9d9-ddb5-4fa4-a97d-d965ccfc6d4b" outcome="Passed" testListId="8c84fa94-04c1-424b-9868-57a2d4851a1d" relativeResultsDirectory="095710a2-4b84-424f-94bb-636684d283ac" /><UnitTestResult executionId="67c63278-b3fc-4745-8ea9-c494b7a68b93" testId="d58224c2-3ef0-42db-a7aa-cad63f53c3ec" testName="Post_CanCreateNewModel" computerName="LAMBDA" duration="00:00:00.3230000" startTime="2018-08-14T11:45:25.9955569-04:00" endTime="2018-08-14T11:45:25.9955717-04:00" testType="13cdc9d9-ddb5-4fa4-a97d-d965ccfc6d4b" outcome="Passed" testListId="8c84fa94-04c1-424b-9868-57a2d4851a1d" relativeResultsDirectory="67c63278-b3fc-4745-8ea9-c494b7a68b93" /><UnitTestResult executionId="40748950-96d9-4fcd-8323-a41aa9da18b4" testId="0f93e6de-9cee-4d6f-8169-a4440f7d1158" testName="Put_InvalidIdReturnsNotFound" computerName="LAMBDA" duration="00:00:00.0450000" startTime="2018-08-14T11:46:00.8011287-04:00" endTime="2018-08-14T11:46:00.8011338-04:00" testType="13cdc9d9-ddb5-4fa4-a97d-d965ccfc6d4b" outcome="Passed" testListId="8c84fa94-04c1-424b-9868-57a2d4851a1d" relativeResultsDirectory="40748950-96d9-4fcd-8323-a41aa9da18b4" /><UnitTestResult executionId="3944ca9d-af86-4ce6-b0d3-3c8fdec4bd48" testId="f0321246-9946-4080-ab75-002b0acf8e8a" testName="Post_InvalidPropertyValueReturnsBadRequest" computerName="LAMBDA" duration="00:00:00.0220000" startTime="2018-08-14T11:45:16.9767062-04:00" endTime="2018-08-14T11:45:16.9767114-04:00" testType="13cdc9d9-ddb5-4fa4-a97d-d965ccfc6d4b" outcome="Passed" testListId="8c84fa94-04c1-424b-9868-57a2d4851a1d" relativeResultsDirectory="3944ca9d-af86-4ce6-b0d3-3c8fdec4bd48" /><UnitTestResult executionId="24f0adef-87b8-408c-8464-309764f2da18" testId="dfa6bd3d-e898-4a35-a048-6af530a1b42d" testName="Delete_TargetModelIsDeleted" computerName="LAMBDA" duration="00:00:00.3730000" startTime="2018-08-14T11:45:25.6135992-04:00" endTime="2018-08-14T11:45:25.6136117-04:00" testType="13cdc9d9-ddb5-4fa4-a97d-d965ccfc6d4b" outcome="Passed" testListId="8c84fa94-04c1-424b-9868-57a2d4851a1d" relativeResultsDirectory="24f0adef-87b8-408c-8464-309764f2da18" /><UnitTestResult executionId="dfc4798a-2b19-48fc-aee6-d608d9f07b60" testId="184cc256-de1a-4ab3-a4a7-5783960863f2" testName="Patch_ValidReferencePropertyUpdatesModel" computerName="LAMBDA" duration="00:00:01.0660000" startTime="2018-08-14T11:45:31.0153588-04:00" endTime="2018-08-14T11:45:31.0153744-04:00" testType="13cdc9d9-ddb5-4fa4-a97d-d965ccfc6d4b" outcome="Passed" testListId="8c84fa94-04c1-424b-9868-57a2d4851a1d" relativeResultsDirectory="dfc4798a-2b19-48fc-aee6-d608d9f07b60" /><UnitTestResult executionId="4ca7282c-1c8d-4e63-b8d3-7e1e41afc0d3" testId="f1bc48c8-6844-43f5-9305-4fb3b5ddd9ef" testName="MeshTransformHasExpectedDependentFiles" computerName="LAMBDA" duration="00:00:00.0010000" startTime="2018-08-14T11:45:14.0272966-04:00" endTime="2018-08-14T11:45:14.0272991-04:00" testType="13cdc9d9-ddb5-4fa4-a97d-d965ccfc6d4b" outcome="Passed" testListId="8c84fa94-04c1-424b-9868-57a2d4851a1d" relativeResultsDirectory="4ca7282c-1c8d-4e63-b8d3-7e1e41afc0d3" /><UnitTestResult executionId="a294f732-0be3-4a20-801e-09699468a205" testId="a5260319-6bff-49a5-b6fb-40924ddd2ec3" testName="FileRequest_FileCanBeReadAfterRename" computerName="LAMBDA" duration="00:00:00.7610000" startTime="2018-08-14T11:45:50.0445409-04:00" endTime="2018-08-14T11:45:50.0445567-04:00" testType="13cdc9d9-ddb5-4fa4-a97d-d965ccfc6d4b" outcome="Passed" testListId="8c84fa94-04c1-424b-9868-57a2d4851a1d" relativeResultsDirectory="a294f732-0be3-4a20-801e-09699468a205" /><UnitTestResult executionId="e0789870-f8e5-42ff-820b-9bd29da65ded" testId="eba68d49-0fd0-44e1-8245-67acf58481c2" testName="Put_ValidReferencePropertyUpdatesModel" computerName="LAMBDA" duration="00:00:00.4900000" startTime="2018-08-14T11:45:32.5690756-04:00" endTime="2018-08-14T11:45:32.5690818-04:00" testType="13cdc9d9-ddb5-4fa4-a97d-d965ccfc6d4b" outcome="Passed" testListId="8c84fa94-04c1-424b-9868-57a2d4851a1d" relativeResultsDirectory="e0789870-f8e5-42ff-820b-9bd29da65ded" /><UnitTestResult executionId="f5f64e45-99df-484d-8ef0-411080ecdb9d" testId="84a1b518-c7d2-49aa-a4de-c8d87b610797" testName="Patch_InvalidReferencePropertyReturnsBadRequest" computerName="LAMBDA" duration="00:00:00.0530000" startTime="2018-08-14T11:45:20.4418029-04:00" endTime="2018-08-14T11:45:20.4418082-04:00" testType="13cdc9d9-ddb5-4fa4-a97d-d965ccfc6d4b" outcome="Passed" testListId="8c84fa94-04c1-424b-9868-57a2d4851a1d" relativeResultsDirectory="f5f64e45-99df-484d-8ef0-411080ecdb9d" /><UnitTestResult executionId="42c4352a-6ce4-4089-9f6e-36fd2d2cd2e2" testId="b92f3648-1254-43c3-996c-b9b8bb65bd21" testName="FileRequest_FileCanBeReadAfterRename" computerName="LAMBDA" duration="00:00:00.7710000" startTime="2018-08-14T11:45:56.7703205-04:00" endTime="2018-08-14T11:45:56.7703259-04:00" testType="13cdc9d9-ddb5-4fa4-a97d-d965ccfc6d4b" outcome="Passed" testListId="8c84fa94-04c1-424b-9868-57a2d4851a1d" relativeResultsDirectory="42c4352a-6ce4-4089-9f6e-36fd2d2cd2e2" /><UnitTestResult executionId="8707a954-f4db-457e-a254-cf1bdb722e09" testId="51270e22-1cf9-4a80-b0c4-772af77c0893" testName="Post_CanCreateNewModel" computerName="LAMBDA" duration="00:00:00.2790000" startTime="2018-08-14T11:45:50.7918739-04:00" endTime="2018-08-14T11:45:50.7918888-04:00" testType="13cdc9d9-ddb5-4fa4-a97d-d965ccfc6d4b" outcome="Passed" testListId="8c84fa94-04c1-424b-9868-57a2d4851a1d" relativeResultsDirectory="8707a954-f4db-457e-a254-cf1bdb722e09" /><UnitTestResult executionId="0046c2d4-eefc-454a-9005-f9ee9a7a6aa5" testId="fe8543a3-82ff-4d77-abd3-05505ca88bfe" testName="GetList_ListReturnsCorrectCount" computerName="LAMBDA" duration="00:00:01.2190000" startTime="2018-08-14T11:45:29.8657218-04:00" endTime="2018-08-14T11:45:29.8657269-04:00" testType="13cdc9d9-ddb5-4fa4-a97d-d965ccfc6d4b" outcome="Passed" testListId="8c84fa94-04c1-424b-9868-57a2d4851a1d" relativeResultsDirectory="0046c2d4-eefc-454a-9005-f9ee9a7a6aa5" /><UnitTestResult executionId="f93f3fbc-c319-435c-b995-797420ed66b2" testId="8a5fa462-7997-4ad4-9c45-ff8a63e79034" testName="Put_InvalidReferencePropertyReturndBadRequest" computerName="LAMBDA" duration="00:00:00.0150000" startTime="2018-08-14T11:45:16.9307533-04:00" endTime="2018-08-14T11:45:16.9307588-04:00" testType="13cdc9d9-ddb5-4fa4-a97d-d965ccfc6d4b" outcome="Passed" testListId="8c84fa94-04c1-424b-9868-57a2d4851a1d" relativeResultsDirectory="f93f3fbc-c319-435c-b995-797420ed66b2" /><UnitTestResult executionId="fbd77af5-aeef-422f-a16e-d868aec9a7c0" testId="ced7fe86-daea-4e68-b3f3-bec26256ed63" testName="PostFile_NewFileCanBePosted" computerName="LAMBDA" duration="00:00:00.4860000" startTime="2018-08-14T11:45:59.9646787-04:00" endTime="2018-08-14T11:45:59.9646863-04:00" testType="13cdc9d9-ddb5-4fa4-a97d-d965ccfc6d4b" outcome="Passed" testListId="8c84fa94-04c1-424b-9868-57a2d4851a1d" relativeResultsDirectory="fbd77af5-aeef-422f-a16e-d868aec9a7c0" /><UnitTestResult executionId="0ba78e08-f0d6-4e4d-a6a4-ad44cfd75a4d" testId="ee7e6b6a-5eb6-4f98-9b99-ba073f863baf" testName="PutFile_NewFileCanBePut" computerName="LAMBDA" duration="00:00:00.4880000" startTime="2018-08-14T11:45:58.9975833-04:00" endTime="2018-08-14T11:45:58.9975899-04:00" testType="13cdc9d9-ddb5-4fa4-a97d-d965ccfc6d4b" outcome="Passed" testListId="8c84fa94-04c1-424b-9868-57a2d4851a1d" relativeResultsDirectory="0ba78e08-f0d6-4e4d-a6a4-ad44cfd75a4d" /><UnitTestResult executionId="398b9706-642d-4766-bed8-86c9798b14ed" testId="d97205bf-f4af-4211-a272-4c8caacd7653" testName="Patch_TargetPropertyIsUpdated" computerName="LAMBDA" duration="00:00:00.5230000" startTime="2018-08-14T11:46:03.4165106-04:00" endTime="2018-08-14T11:46:03.4165234-04:00" testType="13cdc9d9-ddb5-4fa4-a97d-d965ccfc6d4b" outcome="Passed" testListId="8c84fa94-04c1-424b-9868-57a2d4851a1d" relativeResultsDirectory="398b9706-642d-4766-bed8-86c9798b14ed" /><UnitTestResult executionId="aa1a1b04-ec48-4ce3-a443-5c34d94104d2" testId="79d0d882-939f-4b60-b2b8-fda3941a5b11" testName="GetSingle_ValidIdPropertyValueReturnsCorrectModel" computerName="LAMBDA" duration="00:00:00.0220000" startTime="2018-08-14T11:45:28.6262111-04:00" endTime="2018-08-14T11:45:28.6262158-04:00" testType="13cdc9d9-ddb5-4fa4-a97d-d965ccfc6d4b" outcome="Passed" testListId="8c84fa94-04c1-424b-9868-57a2d4851a1d" relativeResultsDirectory="aa1a1b04-ec48-4ce3-a443-5c34d94104d2" /><UnitTestResult executionId="aaf9cd17-8bad-4aff-88df-f49562795bf4" testId="ede50374-a220-4c08-a694-0039cd066065" testName="Patch_InvalidPropertyNameReturnsBadRequest" computerName="LAMBDA" duration="00:00:00.0220000" startTime="2018-08-14T11:46:01.9317307-04:00" endTime="2018-08-14T11:46:01.9317361-04:00" testType="13cdc9d9-ddb5-4fa4-a97d-d965ccfc6d4b" outcome="Passed" testListId="8c84fa94-04c1-424b-9868-57a2d4851a1d" relativeResultsDirectory="aaf9cd17-8bad-4aff-88df-f49562795bf4" /><UnitTestResult executionId="bf70d632-6f36-4f08-b6fe-4eddcd4d96c4" testId="9a61be4f-c136-481d-a4ad-9795da9df94d" testName="Patch_InvalidReferencePropertyReturnsBadRequest" computerName="LAMBDA" duration="00:00:00.0600000" startTime="2018-08-14T11:46:02.4567995-04:00" endTime="2018-08-14T11:46:02.4568064-04:00" testType="13cdc9d9-ddb5-4fa4-a97d-d965ccfc6d4b" outcome="Passed" testListId="8c84fa94-04c1-424b-9868-57a2d4851a1d" relativeResultsDirectory="bf70d632-6f36-4f08-b6fe-4eddcd4d96c4" /><UnitTestResult executionId="7356a0ad-b709-4dbd-9311-8262c41a3e38" testId="87e09d53-7627-47b6-9fe6-0e8bb2018004" testName="LucyDepthBufferFindsOneDependent" computerName="LAMBDA" duration="00:00:00.0040000" startTime="2018-08-14T11:45:14.0310328-04:00" endTime="2018-08-14T11:45:14.0310373-04:00" testType="13cdc9d9-ddb5-4fa4-a97d-d965ccfc6d4b" outcome="Passed" testListId="8c84fa94-04c1-424b-9868-57a2d4851a1d" relativeResultsDirectory="7356a0ad-b709-4dbd-9311-8262c41a3e38" /><UnitTestResult executionId="9a555fab-6162-4599-8bfc-7d3fafb2090b" testId="b92dbc84-4100-46b4-9541-4cd806c24c39" testName="Post_InvalidPropertyValueReturnsBadRequest" computerName="LAMBDA" duration="00:00:00.0210000" startTime="2018-08-14T11:45:52.0813575-04:00" endTime="2018-08-14T11:45:52.0813639-04:00" testType="13cdc9d9-ddb5-4fa4-a97d-d965ccfc6d4b" outcome="Passed" testListId="8c84fa94-04c1-424b-9868-57a2d4851a1d" relativeResultsDirectory="9a555fab-6162-4599-8bfc-7d3fafb2090b" /><UnitTestResult executionId="e58e7e03-bbe1-4062-abf0-b989f2f80f0a" testId="8e7e8a07-e5f9-4cd9-88b4-ebd87c87ce11" testName="Delete_TargetModelIsDeleted" computerName="LAMBDA" duration="00:00:00.2530000" startTime="2018-08-14T11:46:01.0550954-04:00" endTime="2018-08-14T11:46:01.0551064-04:00" testType="13cdc9d9-ddb5-4fa4-a97d-d965ccfc6d4b" outcome="Passed" testListId="8c84fa94-04c1-424b-9868-57a2d4851a1d" relativeResultsDirectory="e58e7e03-bbe1-4062-abf0-b989f2f80f0a" /><UnitTestResult executionId="ca3807fb-2712-4d30-b089-08a0e598dc1f" testId="3a683960-31eb-420b-8ad0-f59c4031f7ef" testName="Patch_TargetPropertyIsUpdated" computerName="LAMBDA" duration="00:00:00.6250000" startTime="2018-08-14T11:45:17.9258730-04:00" endTime="2018-08-14T11:45:17.9258886-04:00" testType="13cdc9d9-ddb5-4fa4-a97d-d965ccfc6d4b" outcome="Passed" testListId="8c84fa94-04c1-424b-9868-57a2d4851a1d" relativeResultsDirectory="ca3807fb-2712-4d30-b089-08a0e598dc1f" /><UnitTestResult executionId="092739fe-83da-4610-8402-c3bea9e97bf7" testId="94e6b8f6-549d-4505-8a0a-164a3a79209b" testName="Put_CanUpdateModel" computerName="LAMBDA" duration="00:00:00.3920000" startTime="2018-08-14T11:45:16.8450735-04:00" endTime="2018-08-14T11:45:16.8450900-04:00" testType="13cdc9d9-ddb5-4fa4-a97d-d965ccfc6d4b" outcome="Passed" testListId="8c84fa94-04c1-424b-9868-57a2d4851a1d" relativeResultsDirectory="092739fe-83da-4610-8402-c3bea9e97bf7" /><UnitTestResult executionId="324308b0-45cf-4c64-a130-aaf30762ce11" testId="13325718-74c9-440b-ac88-e1f1121aa22f" testName="Patch_InvalidPropertyNameReturnsBadRequest" computerName="LAMBDA" duration="00:00:00.1060000" startTime="2018-08-14T11:45:14.7235388-04:00" endTime="2018-08-14T11:45:14.7235437-04:00" testType="13cdc9d9-ddb5-4fa4-a97d-d965ccfc6d4b" outcome="Passed" testListId="8c84fa94-04c1-424b-9868-57a2d4851a1d" relativeResultsDirectory="324308b0-45cf-4c64-a130-aaf30762ce11" /><UnitTestResult executionId="3c89023a-9228-427f-a8b4-e7884d78b47b" testId="eaebeacf-8118-4b4a-b892-c4bea734e8dc" testName="GetFile_ExistingFileReturnsSuccess" computerName="LAMBDA" duration="00:00:00.3550000" startTime="2018-08-14T11:45:23.0964610-04:00" endTime="2018-08-14T11:45:23.0964664-04:00" testType="13cdc9d9-ddb5-4fa4-a97d-d965ccfc6d4b" outcome="Passed" testListId="8c84fa94-04c1-424b-9868-57a2d4851a1d" relativeResultsDirectory="3c89023a-9228-427f-a8b4-e7884d78b47b" /><UnitTestResult executionId="c01ba52f-b170-4690-a1d2-6677995e918a" testId="86de1bc4-5501-4a1e-beef-112dc523b9b7" testName="Post_InvalidPropertyValueReturnsBadRequest" computerName="LAMBDA" duration="00:00:00.0320000" startTime="2018-08-14T11:45:34.3916744-04:00" endTime="2018-08-14T11:45:34.3916802-04:00" testType="13cdc9d9-ddb5-4fa4-a97d-d965ccfc6d4b" outcome="Passed" testListId="8c84fa94-04c1-424b-9868-57a2d4851a1d" relativeResultsDirectory="c01ba52f-b170-4690-a1d2-6677995e918a" /><UnitTestResult executionId="63db0523-dfc8-4e51-ba91-c63f3470ddbb" testId="f188cc09-768a-46e5-8a46-e49ece88d98b" testName="Put_CanUpdateModel" computerName="LAMBDA" duration="00:00:00.4310000" startTime="2018-08-14T11:45:28.5801511-04:00" endTime="2018-08-14T11:45:28.5801561-04:00" testType="13cdc9d9-ddb5-4fa4-a97d-d965ccfc6d4b" outcome="Passed" testListId="8c84fa94-04c1-424b-9868-57a2d4851a1d" relativeResultsDirectory="63db0523-dfc8-4e51-ba91-c63f3470ddbb" /><UnitTestResult executionId="425dd79d-d513-4f6f-88e7-0364b74ccbd7" testId="6cbdf118-4e2e-496b-873a-9bde8dde3f7f" testName="GetSingle_ValidIdPropertyValueReturnsCorrectModel" computerName="LAMBDA" duration="00:00:00.0260000" startTime="2018-08-14T11:46:00.4841036-04:00" endTime="2018-08-14T11:46:00.4841083-04:00" testType="13cdc9d9-ddb5-4fa4-a97d-d965ccfc6d4b" outcome="Passed" testListId="8c84fa94-04c1-424b-9868-57a2d4851a1d" relativeResultsDirectory="425dd79d-d513-4f6f-88e7-0364b74ccbd7" /><UnitTestResult executionId="8e6e8efc-a0c2-455e-9abf-d07ffc1fbd39" testId="328b65c5-79c3-4d23-ba1b-cbada4ebf82c" testName="Model3dHasExpectedDependentFiles" computerName="LAMBDA" duration="00:00:00.0350000" startTime="2018-08-14T11:45:13.6214567-04:00" endTime="2018-08-14T11:45:13.6214628-04:00" testType="13cdc9d9-ddb5-4fa4-a97d-d965ccfc6d4b" outcome="Passed" testListId="8c84fa94-04c1-424b-9868-57a2d4851a1d" relativeResultsDirectory="8e6e8efc-a0c2-455e-9abf-d07ffc1fbd39" /><UnitTestResult executionId="1319e4af-336f-42c3-b145-bfb22bc133d6" testId="529855d2-177d-4739-816b-74533d8ad365" testName="PostFile_NewFileCanBePosted" computerName="LAMBDA" duration="00:00:00.5020000" startTime="2018-08-14T11:45:24.4190941-04:00" endTime="2018-08-14T11:45:24.4191015-04:00" testType="13cdc9d9-ddb5-4fa4-a97d-d965ccfc6d4b" outcome="Passed" testListId="8c84fa94-04c1-424b-9868-57a2d4851a1d" relativeResultsDirectory="1319e4af-336f-42c3-b145-bfb22bc133d6" /><UnitTestResult executionId="64ce9099-1acc-4d59-a8c1-61b04279de5b" testId="c5b0f6e7-4ea9-4aed-8021-13ecd34a9dae" testName="LucyCameraFindsAllDependents" computerName="LAMBDA" duration="00:00:00.0090000" startTime="2018-08-14T11:45:14.0264692-04:00" endTime="2018-08-14T11:45:14.0264740-04:00" testType="13cdc9d9-ddb5-4fa4-a97d-d965ccfc6d4b" outcome="Passed" testListId="8c84fa94-04c1-424b-9868-57a2d4851a1d" relativeResultsDirectory="64ce9099-1acc-4d59-a8c1-61b04279de5b" /></Results><TestDefinitions><UnitTest name="GetSingle_InvalidIdPropertyValueReturnsNotFound" storage="d:\github\modelrelief\modelrelief.test\bin\debug\netcoreapp2.0\modelrelief.test.dll" id="5febb493-82aa-4269-b7ef-4e5e2f1fec30"><Execution id="1bc427b0-3170-4853-b15a-de6d6dfa2dea" /><TestMethod codeBase="d:\Github\ModelRelief\ModelRelief.test\bin\Debug\netcoreapp2.0\ModelRelief.Test.dll" adapterTypeName="executor://xunit/VsTestRunner2/netcoreapp" className="ModelRelief.Test.Integration.MeshTransforms.MeshTransformsBaseIntegrationTests" name="GetSingle_InvalidIdPropertyValueReturnsNotFound" /></UnitTest><UnitTest name="Patch_InvalidPropertyNameReturnsBadRequest" storage="d:\github\modelrelief\modelrelief.test\bin\debug\netcoreapp2.0\modelrelief.test.dll" id="13325718-74c9-440b-ac88-e1f1121aa22f"><Execution id="324308b0-45cf-4c64-a130-aaf30762ce11" /><TestMethod codeBase="d:\Github\ModelRelief\ModelRelief.test\bin\Debug\netcoreapp2.0\ModelRelief.Test.dll" adapterTypeName="executor://xunit/VsTestRunner2/netcoreapp" className="ModelRelief.Test.Integration.Projects.ProjectsBaseIntegrationTests" name="Patch_InvalidPropertyNameReturnsBadRequest" /></UnitTest><UnitTest name="PutFile_NewFileCanBePut" storage="d:\github\modelrelief\modelrelief.test\bin\debug\netcoreapp2.0\modelrelief.test.dll" id="8d63ea14-e204-4cad-a9d7-332f1b44a006"><Execution id="e25b70d5-3089-4691-b840-cfc43844dc67" /><TestMethod codeBase="d:\Github\ModelRelief\ModelRelief.test\bin\Debug\netcoreapp2.0\ModelRelief.Test.dll" adapterTypeName="executor://xunit/VsTestRunner2/netcoreapp" className="ModelRelief.Test.Integration.Models.ModelsFileIntegrationTests" name="PutFile_NewFileCanBePut" /></UnitTest><UnitTest name="Post_InvalidPropertyValueReturnsBadRequest" storage="d:\github\modelrelief\modelrelief.test\bin\debug\netcoreapp2.0\modelrelief.test.dll" id="b92dbc84-4100-46b4-9541-4cd806c24c39"><Execution id="9a555fab-6162-4599-8bfc-7d3fafb2090b" /><TestMethod codeBase="d:\Github\ModelRelief\ModelRelief.test\bin\Debug\netcoreapp2.0\ModelRelief.Test.dll" adapterTypeName="executor://xunit/VsTestRunner2/netcoreapp" className="ModelRelief.Test.Integration.DepthBuffers.DepthBuffersBaseIntegrationTests" name="Post_InvalidPropertyValueReturnsBadRequest" /></UnitTest><UnitTest name="FileRequest_MeshGenerateSetsFileIsSynchronized" storage="d:\github\modelrelief\modelrelief.test\bin\debug\netcoreapp2.0\modelrelief.test.dll" id="b2af7984-7b2b-4617-9daf-c80573777c49"><Execution id="869cd5b8-2851-4368-b164-69a5b4db70b2" /><TestMethod codeBase="d:\Github\ModelRelief\ModelRelief.test\bin\Debug\netcoreapp2.0\ModelRelief.Test.dll" adapterTypeName="executor://xunit/VsTestRunner2/netcoreapp" className="ModelRelief.Test.Integration.Meshes.MeshesFileIntegrationTests" name="FileRequest_MeshGenerateSetsFileIsSynchronized" /></UnitTest><UnitTest name="GetSingle_InvalidIdPropertyValueReturnsNotFound" storage="d:\github\modelrelief\modelrelief.test\bin\debug\netcoreapp2.0\modelrelief.test.dll" id="83767b8f-6edd-4729-8255-1360b85c5799"><Execution id="402c1dc0-ef56-4ae8-afd8-a731a51c8f23" /><TestMethod codeBase="d:\Github\ModelRelief\ModelRelief.test\bin\Debug\netcoreapp2.0\ModelRelief.Test.dll" adapterTypeName="executor://xunit/VsTestRunner2/netcoreapp" className="ModelRelief.Test.Integration.Cameras.CamerasBaseIntegrationTests" name="GetSingle_InvalidIdPropertyValueReturnsNotFound" /></UnitTest><UnitTest name="Delete_TargetModelIsDeleted" storage="d:\github\modelrelief\modelrelief.test\bin\debug\netcoreapp2.0\modelrelief.test.dll" id="af5fc11d-0e74-4bc6-aa29-156261316aab"><Execution id="bf03d2cf-fe01-44e1-99d6-ec7aabf5d375" /><TestMethod codeBase="d:\Github\ModelRelief\ModelRelief.test\bin\Debug\netcoreapp2.0\ModelRelief.Test.dll" adapterTypeName="executor://xunit/VsTestRunner2/netcoreapp" className="ModelRelief.Test.Integration.DepthBuffers.DepthBuffersBaseIntegrationTests" name="Delete_TargetModelIsDeleted" /></UnitTest><UnitTest name="LucyCameraFindsAllDependents" storage="d:\github\modelrelief\modelrelief.test\bin\debug\netcoreapp2.0\modelrelief.test.dll" id="c5b0f6e7-4ea9-4aed-8021-13ecd34a9dae"><Execution id="64ce9099-1acc-4d59-a8c1-61b04279de5b" /><TestMethod codeBase="d:\Github\ModelRelief\ModelRelief.test\bin\Debug\netcoreapp2.0\ModelRelief.Test.dll" adapterTypeName="executor://xunit/VsTestRunner2/netcoreapp" className="ModelRelief.Test.Unit.DependencyManager.DependencyManagerTests" name="LucyCameraFindsAllDependents" /></UnitTest><UnitTest name="FileRequest_MeshIsInvalidatedAfterDepthBufferFileBecomesUnsynchronized" storage="d:\github\modelrelief\modelrelief.test\bin\debug\netcoreapp2.0\modelrelief.test.dll" id="efc34f2a-9062-41ca-8069-f77b4012c4cd"><Execution id="6e0f0989-d98a-4cdf-adaa-3b8c430a774f" /><TestMethod codeBase="d:\Github\ModelRelief\ModelRelief.test\bin\Debug\netcoreapp2.0\ModelRelief.Test.dll" adapterTypeName="executor://xunit/VsTestRunner2/netcoreapp" className="ModelRelief.Test.Integration.Meshes.MeshesFileIntegrationTests" name="FileRequest_MeshIsInvalidatedAfterDepthBufferFileBecomesUnsynchronized" /></UnitTest><UnitTest name="GetSingle_InvalidIdPropertyValueReturnsNotFound" storage="d:\github\modelrelief\modelrelief.test\bin\debug\netcoreapp2.0\modelrelief.test.dll" id="e4db012c-ebc7-4548-88c1-3b96bbb6e019"><Execution id="12b427eb-1551-4873-9683-73b7bf66e850" /><TestMethod codeBase="d:\Github\ModelRelief\ModelRelief.test\bin\Debug\netcoreapp2.0\ModelRelief.Test.dll" adapterTypeName="executor://xunit/VsTestRunner2/netcoreapp" className="ModelRelief.Test.Integration.Meshes.MeshesBaseIntegrationTests" name="GetSingle_InvalidIdPropertyValueReturnsNotFound" /></UnitTest><UnitTest name="GetSingle_InvalidIdPropertyValueReturnsNotFound" storage="d:\github\modelrelief\modelrelief.test\bin\debug\netcoreapp2.0\modelrelief.test.dll" id="362fb95d-2574-4c22-9434-e623b12d0c8d"><Execution id="c87a0590-3778-4851-b8a3-98c9a0fdbc0f" /><TestMethod codeBase="d:\Github\ModelRelief\ModelRelief.test\bin\Debug\netcoreapp2.0\ModelRelief.Test.dll" adapterTypeName="executor://xunit/VsTestRunner2/netcoreapp" className="ModelRelief.Test.Integration.DepthBuffers.DepthBuffersBaseIntegrationTests" name="GetSingle_InvalidIdPropertyValueReturnsNotFound" /></UnitTest><UnitTest name="GetList_ListReturnsCorrectCount" storage="d:\github\modelrelief\modelrelief.test\bin\debug\netcoreapp2.0\modelrelief.test.dll" id="0505c3c5-ba55-4f6d-a61f-a329023f32cb"><Execution id="0d578b98-b1d2-4cfe-b430-50dc6bcb37c4" /><TestMethod codeBase="d:\Github\ModelRelief\ModelRelief.test\bin\Debug\netcoreapp2.0\ModelRelief.Test.dll" adapterTypeName="executor://xunit/VsTestRunner2/netcoreapp" className="ModelRelief.Test.Integration.Cameras.CamerasBaseIntegrationTests" name="GetList_ListReturnsCorrectCount" /></UnitTest><UnitTest name="GetList_ListReturnsCorrectCount" storage="d:\github\modelrelief\modelrelief.test\bin\debug\netcoreapp2.0\modelrelief.test.dll" id="fe8543a3-82ff-4d77-abd3-05505ca88bfe"><Execution id="0046c2d4-eefc-454a-9005-f9ee9a7a6aa5" /><TestMethod codeBase="d:\Github\ModelRelief\ModelRelief.test\bin\Debug\netcoreapp2.0\ModelRelief.Test.dll" adapterTypeName="executor://xunit/VsTestRunner2/netcoreapp" className="ModelRelief.Test.Integration.Meshes.MeshesBaseIntegrationTests" name="GetList_ListReturnsCorrectCount" /></UnitTest><UnitTest name="Patch_TargetPropertyIsUpdated" storage="d:\github\modelrelief\modelrelief.test\bin\debug\netcoreapp2.0\modelrelief.test.dll" id="cae41142-03c0-46e6-b941-3b7a41de9883"><Execution id="c1f542aa-1d9f-42d3-b29c-6b3ea65420b2" /><TestMethod codeBase="d:\Github\ModelRelief\ModelRelief.test\bin\Debug\netcoreapp2.0\ModelRelief.Test.dll" adapterTypeName="executor://xunit/VsTestRunner2/netcoreapp" className="ModelRelief.Test.Integration.Projects.ProjectsBaseIntegrationTests" name="Patch_TargetPropertyIsUpdated" /></UnitTest><UnitTest name="Put_CanUpdateModel" storage="d:\github\modelrelief\modelrelief.test\bin\debug\netcoreapp2.0\modelrelief.test.dll" id="e9f41264-0296-47f5-98f3-ce4deeb23da3"><Execution id="4b37e18e-e1bb-4a83-85d0-2b2746705b4d" /><TestMethod codeBase="d:\Github\ModelRelief\ModelRelief.test\bin\Debug\netcoreapp2.0\ModelRelief.Test.dll" adapterTypeName="executor://xunit/VsTestRunner2/netcoreapp" className="ModelRelief.Test.Integration.Models.ModelsBaseIntegrationTests" name="Put_CanUpdateModel" /></UnitTest><UnitTest name="Post_ValidReferencePropertyCreatesModel" storage="d:\github\modelrelief\modelrelief.test\bin\debug\netcoreapp2.0\modelrelief.test.dll" id="be882724-fc17-40d6-a6dc-7c4c7a7c377d"><Execution id="ffa58559-9dc9-46d0-9679-94a590c21208" /><TestMethod codeBase="d:\Github\ModelRelief\ModelRelief.test\bin\Debug\netcoreapp2.0\ModelRelief.Test.dll" adapterTypeName="executor://xunit/VsTestRunner2/netcoreapp" className="ModelRelief.Test.Integration.Projects.ProjectsBaseIntegrationTests" name="Post_ValidReferencePropertyCreatesModel" /></UnitTest><UnitTest name="Patch_ValidReferencePropertyUpdatesModel" storage="d:\github\modelrelief\modelrelief.test\bin\debug\netcoreapp2.0\modelrelief.test.dll" id="40d19aca-6ec7-44bc-b42f-90f52606a270"><Execution id="dd77f3b5-726e-4fce-be23-af17130c6df4" /><TestMethod codeBase="d:\Github\ModelRelief\ModelRelief.test\bin\Debug\netcoreapp2.0\ModelRelief.Test.dll" adapterTypeName="executor://xunit/VsTestRunner2/netcoreapp" className="ModelRelief.Test.Integration.DepthBuffers.DepthBuffersBaseIntegrationTests" name="Patch_ValidReferencePropertyUpdatesModel" /></UnitTest><UnitTest name="GetFile_ExistingFileReturnsSuccess" storage="d:\github\modelrelief\modelrelief.test\bin\debug\netcoreapp2.0\modelrelief.test.dll" id="3acd9121-2929-487b-831f-c8e9fc0ee9a9"><Execution id="5eaffae1-7826-4f37-9e9e-ccd9e41fbe06" /><TestMethod codeBase="d:\Github\ModelRelief\ModelRelief.test\bin\Debug\netcoreapp2.0\ModelRelief.Test.dll" adapterTypeName="executor://xunit/VsTestRunner2/netcoreapp" className="ModelRelief.Test.Integration.Meshes.MeshesFileIntegrationTests" name="GetFile_ExistingFileReturnsSuccess" /></UnitTest><UnitTest name="Patch_InvalidReferencePropertyReturnsBadRequest" storage="d:\github\modelrelief\modelrelief.test\bin\debug\netcoreapp2.0\modelrelief.test.dll" id="968898f1-faad-4c11-9a10-c6323ecd393c"><Execution id="0c504c59-bb0d-4c5e-9804-2ae635021d26" /><TestMethod codeBase="d:\Github\ModelRelief\ModelRelief.test\bin\Debug\netcoreapp2.0\ModelRelief.Test.dll" adapterTypeName="executor://xunit/VsTestRunner2/netcoreapp" className="ModelRelief.Test.Integration.DepthBuffers.DepthBuffersBaseIntegrationTests" name="Patch_InvalidReferencePropertyReturnsBadRequest" /></UnitTest><UnitTest name="GetList_ListReturnsCorrectCount" storage="d:\github\modelrelief\modelrelief.test\bin\debug\netcoreapp2.0\modelrelief.test.dll" id="80b82314-3599-4214-bb11-675df741268e"><Execution id="3f2d04c6-6db3-402c-b01d-16f9cd8b3f41" /><TestMethod codeBase="d:\Github\ModelRelief\ModelRelief.test\bin\Debug\netcoreapp2.0\ModelRelief.Test.dll" adapterTypeName="executor://xunit/VsTestRunner2/netcoreapp" className="ModelRelief.Test.Integration.DepthBuffers.DepthBuffersBaseIntegrationTests" name="GetList_ListReturnsCorrectCount" /></UnitTest><UnitTest name="Post_ValidReferencePropertyCreatesModel" storage="d:\github\modelrelief\modelrelief.test\bin\debug\netcoreapp2.0\modelrelief.test.dll" id="dc5fa1c3-3a2f-4c09-83ba-744cb9adf9d3"><Execution id="7bb97f8b-8a3b-4f77-9ac4-007ecc7514e0" /><TestMethod codeBase="d:\Github\ModelRelief\ModelRelief.test\bin\Debug\netcoreapp2.0\ModelRelief.Test.dll" adapterTypeName="executor://xunit/VsTestRunner2/netcoreapp" className="ModelRelief.Test.Integration.Models.ModelsBaseIntegrationTests" name="Post_ValidReferencePropertyCreatesModel" /></UnitTest><UnitTest name="Patch_TargetPropertyIsUpdated" storage="d:\github\modelrelief\modelrelief.test\bin\debug\netcoreapp2.0\modelrelief.test.dll" id="b5895322-60d0-4e64-8036-8ec2d0daacb9"><Execution id="89f378b9-80f7-44bd-bbb9-fbc5729957be" /><TestMethod codeBase="d:\Github\ModelRelief\ModelRelief.test\bin\Debug\netcoreapp2.0\ModelRelief.Test.dll" adapterTypeName="executor://xunit/VsTestRunner2/netcoreapp" className="ModelRelief.Test.Integration.MeshTransforms.MeshTransformsBaseIntegrationTests" name="Patch_TargetPropertyIsUpdated" /></UnitTest><UnitTest name="Post_InvalidReferencePropertyReturnsBadRequest" storage="d:\github\modelrelief\modelrelief.test\bin\debug\netcoreapp2.0\modelrelief.test.dll" id="93ed1db0-8fc4-40fa-9363-98710c59c716"><Execution id="91c78f31-1dc4-4747-a861-4a6ded5ba600" /><TestMethod codeBase="d:\Github\ModelRelief\ModelRelief.test\bin\Debug\netcoreapp2.0\ModelRelief.Test.dll" adapterTypeName="executor://xunit/VsTestRunner2/netcoreapp" className="ModelRelief.Test.Integration.Meshes.MeshesBaseIntegrationTests" name="Post_InvalidReferencePropertyReturnsBadRequest" /></UnitTest><UnitTest name="Put_ValidReferencePropertyUpdatesModel" storage="d:\github\modelrelief\modelrelief.test\bin\debug\netcoreapp2.0\modelrelief.test.dll" id="eba68d49-0fd0-44e1-8245-67acf58481c2"><Execution id="e0789870-f8e5-42ff-820b-9bd29da65ded" /><TestMethod codeBase="d:\Github\ModelRelief\ModelRelief.test\bin\Debug\netcoreapp2.0\ModelRelief.Test.dll" adapterTypeName="executor://xunit/VsTestRunner2/netcoreapp" className="ModelRelief.Test.Integration.Meshes.MeshesBaseIntegrationTests" name="Put_ValidReferencePropertyUpdatesModel" /></UnitTest><UnitTest name="GetFile_NonExistentFileReturnsNotFound" storage="d:\github\modelrelief\modelrelief.test\bin\debug\netcoreapp2.0\modelrelief.test.dll" id="efbb47fc-9be4-47e6-819f-35e8b6a520b2"><Execution id="0b52881c-53b9-4215-a0af-116793fb88ed" /><TestMethod codeBase="d:\Github\ModelRelief\ModelRelief.test\bin\Debug\netcoreapp2.0\ModelRelief.Test.dll" adapterTypeName="executor://xunit/VsTestRunner2/netcoreapp" className="ModelRelief.Test.Integration.Models.ModelsFileIntegrationTests" name="GetFile_NonExistentFileReturnsNotFound" /></UnitTest><UnitTest name="DepthBufferHasExpectedDependentFiles" storage="d:\github\modelrelief\modelrelief.test\bin\debug\netcoreapp2.0\modelrelief.test.dll" id="ee7a129d-9587-471b-8b26-fdb11b091842"><Execution id="332e6a56-4350-45d3-b541-ef831bba71dc" /><TestMethod codeBase="d:\Github\ModelRelief\ModelRelief.test\bin\Debug\netcoreapp2.0\ModelRelief.Test.dll" adapterTypeName="executor://xunit/VsTestRunner2/netcoreapp" className="ModelRelief.Test.Unit.DependencyManager.DependencyManagerTests" name="DepthBufferHasExpectedDependentFiles" /></UnitTest><UnitTest name="Patch_InvalidEnumPropertyValueReturnsBadRequest" storage="d:\github\modelrelief\modelrelief.test\bin\debug\netcoreapp2.0\modelrelief.test.dll" id="a0f96ec6-0c59-4779-a732-ed6b5ae69bc0"><Execution id="04493983-5a95-4004-9a51-cfabe2b0d215" /><TestMethod codeBase="d:\Github\ModelRelief\ModelRelief.test\bin\Debug\netcoreapp2.0\ModelRelief.Test.dll" adapterTypeName="executor://xunit/VsTestRunner2/netcoreapp" className="ModelRelief.Test.Integration.Models.ModelsBaseIntegrationTests" name="Patch_InvalidEnumPropertyValueReturnsBadRequest" /></UnitTest><UnitTest name="Delete_TargetModelIsDeleted" storage="d:\github\modelrelief\modelrelief.test\bin\debug\netcoreapp2.0\modelrelief.test.dll" id="dfa6bd3d-e898-4a35-a048-6af530a1b42d"><Execution id="24f0adef-87b8-408c-8464-309764f2da18" /><TestMethod codeBase="d:\Github\ModelRelief\ModelRelief.test\bin\Debug\netcoreapp2.0\ModelRelief.Test.dll" adapterTypeName="executor://xunit/VsTestRunner2/netcoreapp" className="ModelRelief.Test.Integration.MeshTransforms.MeshTransformsBaseIntegrationTests" name="Delete_TargetModelIsDeleted" /></UnitTest><UnitTest name="Put_ValidReferencePropertyUpdatesModel" storage="d:\github\modelrelief\modelrelief.test\bin\debug\netcoreapp2.0\modelrelief.test.dll" id="37ce56c7-dfe4-4142-bbd5-829b3fc2d515"><Execution id="f19e422f-b95a-46ef-9059-4760ea285778" /><TestMethod codeBase="d:\Github\ModelRelief\ModelRelief.test\bin\Debug\netcoreapp2.0\ModelRelief.Test.dll" adapterTypeName="executor://xunit/VsTestRunner2/netcoreapp" className="ModelRelief.Test.Integration.DepthBuffers.DepthBuffersBaseIntegrationTests" name="Put_ValidReferencePropertyUpdatesModel" /></UnitTest><UnitTest name="Put_InvalidIdReturnsNotFound" storage="d:\github\modelrelief\modelrelief.test\bin\debug\netcoreapp2.0\modelrelief.test.dll" id="5b22ea9c-a2a1-4288-b7cb-c5a14a42a708"><Execution id="e1a5af5a-793e-442d-b5f0-50bf331802bd" /><TestMethod codeBase="d:\Github\ModelRelief\ModelRelief.test\bin\Debug\netcoreapp2.0\ModelRelief.Test.dll" adapterTypeName="executor://xunit/VsTestRunner2/netcoreapp" className="ModelRelief.Test.Integration.Meshes.MeshesBaseIntegrationTests" name="Put_InvalidIdReturnsNotFound" /></UnitTest><UnitTest name="FileRequest_FileCanBeReadAfterRename" storage="d:\github\modelrelief\modelrelief.test\bin\debug\netcoreapp2.0\modelrelief.test.dll" id="a5260319-6bff-49a5-b6fb-40924ddd2ec3"><Execution id="a294f732-0be3-4a20-801e-09699468a205" /><TestMethod codeBase="d:\Github\ModelRelief\ModelRelief.test\bin\Debug\netcoreapp2.0\ModelRelief.Test.dll" adapterTypeName="executor://xunit/VsTestRunner2/netcoreapp" className="ModelRelief.Test.Integration.Meshes.MeshesFileIntegrationTests" name="FileRequest_FileCanBeReadAfterRename" /></UnitTest><UnitTest name="FileRequest_FileCanBeReadAfterRename" storage="d:\github\modelrelief\modelrelief.test\bin\debug\netcoreapp2.0\modelrelief.test.dll" id="baf6d616-6508-4b96-8b5a-1b9451b98a42"><Execution id="d316df59-6b09-494a-ba62-15dd25466e70" /><TestMethod codeBase="d:\Github\ModelRelief\ModelRelief.test\bin\Debug\netcoreapp2.0\ModelRelief.Test.dll" adapterTypeName="executor://xunit/VsTestRunner2/netcoreapp" className="ModelRelief.Test.Integration.Models.ModelsFileIntegrationTests" name="FileRequest_FileCanBeReadAfterRename" /></UnitTest><UnitTest name="GetFile_ExistingFileReturnsSuccess" storage="d:\github\modelrelief\modelrelief.test\bin\debug\netcoreapp2.0\modelrelief.test.dll" id="7f47e861-23c1-49ff-b4f8-83a4cf8adde3"><Execution id="da6e8067-b199-4366-add3-a6fe8eecd5b6" /><TestMethod codeBase="d:\Github\ModelRelief\ModelRelief.test\bin\Debug\netcoreapp2.0\ModelRelief.Test.dll" adapterTypeName="executor://xunit/VsTestRunner2/netcoreapp" className="ModelRelief.Test.Integration.DepthBuffers.DepthBuffersFileIntegrationTests" name="GetFile_ExistingFileReturnsSuccess" /></UnitTest><UnitTest name="Patch_TargetPropertyIsUpdated" storage="d:\github\modelrelief\modelrelief.test\bin\debug\netcoreapp2.0\modelrelief.test.dll" id="bb2dd221-edd4-4ed0-8bae-88312638b4aa"><Execution id="9b42493e-d66e-4448-a262-67f867d71c0b" /><TestMethod codeBase="d:\Github\ModelRelief\ModelRelief.test\bin\Debug\netcoreapp2.0\ModelRelief.Test.dll" adapterTypeName="executor://xunit/VsTestRunner2/netcoreapp" className="ModelRelief.Test.Integration.DepthBuffers.DepthBuffersBaseIntegrationTests" name="Patch_TargetPropertyIsUpdated" /></UnitTest><UnitTest name="Post_ValidReferencePropertyCreatesModel" storage="d:\github\modelrelief\modelrelief.test\bin\debug\netcoreapp2.0\modelrelief.test.dll" id="dc9e1141-0fa8-4b1f-9db0-8ea66866c755"><Execution id="62b8db50-8870-4333-89ad-507626eed849" /><TestMethod codeBase="d:\Github\ModelRelief\ModelRelief.test\bin\Debug\netcoreapp2.0\ModelRelief.Test.dll" adapterTypeName="executor://xunit/VsTestRunner2/netcoreapp" className="ModelRelief.Test.Integration.DepthBuffers.DepthBuffersBaseIntegrationTests" name="Post_ValidReferencePropertyCreatesModel" /></UnitTest><UnitTest name="Patch_MultipleInvalidReferencePropertiesReturnsMultipleValidationErrorsAndBadRequest" storage="d:\github\modelrelief\modelrelief.test\bin\debug\netcoreapp2.0\modelrelief.test.dll" id="e526916e-bc26-4ffa-a3e1-35f8879bc17d"><Execution id="e6b29f14-563a-4653-aee3-f6426ba9ac62" /><TestMethod codeBase="d:\Github\ModelRelief\ModelRelief.test\bin\Debug\netcoreapp2.0\ModelRelief.Test.dll" adapterTypeName="executor://xunit/VsTestRunner2/netcoreapp" className="ModelRelief.Test.Integration.DepthBuffers.DepthBuffersBaseIntegrationTests" name="Patch_MultipleInvalidReferencePropertiesReturnsMultipleValidationErrorsAndBadRequest" /></UnitTest><UnitTest name="GetSingle_InvalidIdPropertyValueReturnsNotFound" storage="d:\github\modelrelief\modelrelief.test\bin\debug\netcoreapp2.0\modelrelief.test.dll" id="84b5ed85-61aa-42a8-9671-5fd43db1ba96"><Execution id="9dbccc3c-af70-4e45-9ab5-b971dbd0d1c7" /><TestMethod codeBase="d:\Github\ModelRelief\ModelRelief.test\bin\Debug\netcoreapp2.0\ModelRelief.Test.dll" adapterTypeName="executor://xunit/VsTestRunner2/netcoreapp" className="ModelRelief.Test.Integration.Projects.ProjectsBaseIntegrationTests" name="GetSingle_InvalidIdPropertyValueReturnsNotFound" /></UnitTest><UnitTest name="Put_InvalidReferencePropertyReturndBadRequest" storage="d:\github\modelrelief\modelrelief.test\bin\debug\netcoreapp2.0\modelrelief.test.dll" id="77531e21-5dc6-4118-9696-3fca78c44ee7"><Execution id="3fca503b-f216-449c-a923-4601032c6303" /><TestMethod codeBase="d:\Github\ModelRelief\ModelRelief.test\bin\Debug\netcoreapp2.0\ModelRelief.Test.dll" adapterTypeName="executor://xunit/VsTestRunner2/netcoreapp" className="ModelRelief.Test.Integration.DepthBuffers.DepthBuffersBaseIntegrationTests" name="Put_InvalidReferencePropertyReturndBadRequest" /></UnitTest><UnitTest name="Post_InvalidReferencePropertyReturnsBadRequest" storage="d:\github\modelrelief\modelrelief.test\bin\debug\netcoreapp2.0\modelrelief.test.dll" id="4029c93e-f84c-4834-b39b-b96b14fe87f8"><Execution id="f9306d35-6f70-4dc1-ad86-21d9501d4755" /><TestMethod codeBase="d:\Github\ModelRelief\ModelRelief.test\bin\Debug\netcoreapp2.0\ModelRelief.Test.dll" adapterTypeName="executor://xunit/VsTestRunner2/netcoreapp" className="ModelRelief.Test.Integration.Projects.ProjectsBaseIntegrationTests" name="Post_InvalidReferencePropertyReturnsBadRequest" /></UnitTest><UnitTest name="Patch_MultipleInvalidReferencePropertiesReturnsMultipleValidationErrorsAndBadRequest" storage="d:\github\modelrelief\modelrelief.test\bin\debug\netcoreapp2.0\modelrelief.test.dll" id="25a99115-459c-4b1c-92e6-d4aad00fa312"><Execution id="a1b89f27-703d-41cb-b238-fa9e99554d1b" /><TestMethod codeBase="d:\Github\ModelRelief\ModelRelief.test\bin\Debug\netcoreapp2.0\ModelRelief.Test.dll" adapterTypeName="executor://xunit/VsTestRunner2/netcoreapp" className="ModelRelief.Test.Integration.Cameras.CamerasBaseIntegrationTests" name="Patch_MultipleInvalidReferencePropertiesReturnsMultipleValidationErrorsAndBadRequest" /></UnitTest><UnitTest name="Put_InvalidIdReturnsNotFound" storage="d:\github\modelrelief\modelrelief.test\bin\debug\netcoreapp2.0\modelrelief.test.dll" id="7bd5d50b-0a1e-4c56-a9cb-2bfb0eacfe33"><Execution id="7954531e-659d-4575-86cf-4dc339db21cf" /><TestMethod codeBase="d:\Github\ModelRelief\ModelRelief.test\bin\Debug\netcoreapp2.0\ModelRelief.Test.dll" adapterTypeName="executor://xunit/VsTestRunner2/netcoreapp" className="ModelRelief.Test.Integration.Models.ModelsBaseIntegrationTests" name="Put_InvalidIdReturnsNotFound" /></UnitTest><UnitTest name="Patch_InvalidIdPropertyReturnsNotFound" storage="d:\github\modelrelief\modelrelief.test\bin\debug\netcoreapp2.0\modelrelief.test.dll" id="b8a10a89-e39e-4572-9b51-ed07b7fa4e04"><Execution id="f350969b-dc34-4b73-93ab-4a4340a5640e" /><TestMethod codeBase="d:\Github\ModelRelief\ModelRelief.test\bin\Debug\netcoreapp2.0\ModelRelief.Test.dll" adapterTypeName="executor://xunit/VsTestRunner2/netcoreapp" className="ModelRelief.Test.Integration.Cameras.CamerasBaseIntegrationTests" name="Patch_InvalidIdPropertyReturnsNotFound" /></UnitTest><UnitTest name="PutFile_FileCanBeUpdated" storage="d:\github\modelrelief\modelrelief.test\bin\debug\netcoreapp2.0\modelrelief.test.dll" id="6589f261-3c6c-4676-a802-511f6b7ee568"><Execution id="41fe00ba-8294-4cd0-afe3-1ec29165cd80" /><TestMethod codeBase="d:\Github\ModelRelief\ModelRelief.test\bin\Debug\netcoreapp2.0\ModelRelief.Test.dll" adapterTypeName="executor://xunit/VsTestRunner2/netcoreapp" className="ModelRelief.Test.Integration.Meshes.MeshesFileIntegrationTests" name="PutFile_FileCanBeUpdated" /></UnitTest><UnitTest name="Put_ValidReferencePropertyUpdatesModel" storage="d:\github\modelrelief\modelrelief.test\bin\debug\netcoreapp2.0\modelrelief.test.dll" id="92917ad8-79d3-4f98-947e-88b9d2fb8ec8"><Execution id="5cf7fd13-ba51-4d2c-b468-6d59445b0338" /><TestMethod codeBase="d:\Github\ModelRelief\ModelRelief.test\bin\Debug\netcoreapp2.0\ModelRelief.Test.dll" adapterTypeName="executor://xunit/VsTestRunner2/netcoreapp" className="ModelRelief.Test.Integration.Projects.ProjectsBaseIntegrationTests" name="Put_ValidReferencePropertyUpdatesModel" /></UnitTest><UnitTest name="Post_InvalidReferencePropertyReturnsBadRequest" storage="d:\github\modelrelief\modelrelief.test\bin\debug\netcoreapp2.0\modelrelief.test.dll" id="ca01d53f-90a6-4a38-a957-af073db6f72f"><Execution id="08f4dd22-0950-4668-8507-a5bb1d1ed2e9" /><TestMethod codeBase="d:\Github\ModelRelief\ModelRelief.test\bin\Debug\netcoreapp2.0\ModelRelief.Test.dll" adapterTypeName="executor://xunit/VsTestRunner2/netcoreapp" className="ModelRelief.Test.Integration.Cameras.CamerasBaseIntegrationTests" name="Post_InvalidReferencePropertyReturnsBadRequest" /></UnitTest><UnitTest name="Put_InvalidIdReturnsNotFound" storage="d:\github\modelrelief\modelrelief.test\bin\debug\netcoreapp2.0\modelrelief.test.dll" id="bb4d6cd1-92d1-4714-bafb-643b3a907a24"><Execution id="ec90c30e-2524-4734-8db4-92620aaeed89" /><TestMethod codeBase="d:\Github\ModelRelief\ModelRelief.test\bin\Debug\netcoreapp2.0\ModelRelief.Test.dll" adapterTypeName="executor://xunit/VsTestRunner2/netcoreapp" className="ModelRelief.Test.Integration.DepthBuffers.DepthBuffersBaseIntegrationTests" name="Put_InvalidIdReturnsNotFound" /></UnitTest><UnitTest name="Patch_InvalidReferencePropertyReturnsBadRequest" storage="d:\github\modelrelief\modelrelief.test\bin\debug\netcoreapp2.0\modelrelief.test.dll" id="7d00777f-71a7-421f-aaa7-a4d1d891ac56"><Execution id="2c88540b-5fe7-4163-ab87-720e17616a5d" /><TestMethod codeBase="d:\Github\ModelRelief\ModelRelief.test\bin\Debug\netcoreapp2.0\ModelRelief.Test.dll" adapterTypeName="executor://xunit/VsTestRunner2/netcoreapp" className="ModelRelief.Test.Integration.Projects.ProjectsBaseIntegrationTests" name="Patch_InvalidReferencePropertyReturnsBadRequest" /></UnitTest><UnitTest name="LucyDepthBufferFindsOneDependent" storage="d:\github\modelrelief\modelrelief.test\bin\debug\netcoreapp2.0\modelrelief.test.dll" id="87e09d53-7627-47b6-9fe6-0e8bb2018004"><Execution id="7356a0ad-b709-4dbd-9311-8262c41a3e38" /><TestMethod codeBase="d:\Github\ModelRelief\ModelRelief.test\bin\Debug\netcoreapp2.0\ModelRelief.Test.dll" adapterTypeName="executor://xunit/VsTestRunner2/netcoreapp" className="ModelRelief.Test.Unit.DependencyManager.DependencyManagerTests" name="LucyDepthBufferFindsOneDependent" /></UnitTest><UnitTest name="Put_CanUpdateModel" storage="d:\github\modelrelief\modelrelief.test\bin\debug\netcoreapp2.0\modelrelief.test.dll" id="f188cc09-768a-46e5-8a46-e49ece88d98b"><Execution id="63db0523-dfc8-4e51-ba91-c63f3470ddbb" /><TestMethod codeBase="d:\Github\ModelRelief\ModelRelief.test\bin\Debug\netcoreapp2.0\ModelRelief.Test.dll" adapterTypeName="executor://xunit/VsTestRunner2/netcoreapp" className="ModelRelief.Test.Integration.MeshTransforms.MeshTransformsBaseIntegrationTests" name="Put_CanUpdateModel" /></UnitTest><UnitTest name="GetFile_FileCanBeRoundTripped" storage="d:\github\modelrelief\modelrelief.test\bin\debug\netcoreapp2.0\modelrelief.test.dll" id="ff358b31-dcb6-40d1-a47c-192fce7dd56b"><Execution id="3ee29ea8-17eb-45d8-8a9c-39411ea33142" /><TestMethod codeBase="d:\Github\ModelRelief\ModelRelief.test\bin\Debug\netcoreapp2.0\ModelRelief.Test.dll" adapterTypeName="executor://xunit/VsTestRunner2/netcoreapp" className="ModelRelief.Test.Integration.Models.ModelsFileIntegrationTests" name="GetFile_FileCanBeRoundTripped" /></UnitTest><UnitTest name="GetFile_FileCanBeRoundTripped" storage="d:\github\modelrelief\modelrelief.test\bin\debug\netcoreapp2.0\modelrelief.test.dll" id="013e9307-10f6-4f7f-973d-828ade8dc7e6"><Execution id="154a0aca-6f48-43ea-b97d-d0233d0cb110" /><TestMethod codeBase="d:\Github\ModelRelief\ModelRelief.test\bin\Debug\netcoreapp2.0\ModelRelief.Test.dll" adapterTypeName="executor://xunit/VsTestRunner2/netcoreapp" className="ModelRelief.Test.Integration.Meshes.MeshesFileIntegrationTests" name="GetFile_FileCanBeRoundTripped" /></UnitTest><UnitTest name="GetFile_NonExistentFileReturnsNotFound" storage="d:\github\modelrelief\modelrelief.test\bin\debug\netcoreapp2.0\modelrelief.test.dll" id="289e29c7-3f3a-4d31-b757-33e650e046aa"><Execution id="095710a2-4b84-424f-94bb-636684d283ac" /><TestMethod codeBase="d:\Github\ModelRelief\ModelRelief.test\bin\Debug\netcoreapp2.0\ModelRelief.Test.dll" adapterTypeName="executor://xunit/VsTestRunner2/netcoreapp" className="ModelRelief.Test.Integration.Meshes.MeshesFileIntegrationTests" name="GetFile_NonExistentFileReturnsNotFound" /></UnitTest><UnitTest name="GetFile_NonExistentFileReturnsNotFound" storage="d:\github\modelrelief\modelrelief.test\bin\debug\netcoreapp2.0\modelrelief.test.dll" id="c77eae59-af87-477a-abde-f9b3ce1ca86b"><Execution id="0cea521f-3f71-4a8b-86be-1c3e8382b5d0" /><TestMethod codeBase="d:\Github\ModelRelief\ModelRelief.test\bin\Debug\netcoreapp2.0\ModelRelief.Test.dll" adapterTypeName="executor://xunit/VsTestRunner2/netcoreapp" className="ModelRelief.Test.Integration.DepthBuffers.DepthBuffersFileIntegrationTests" name="GetFile_NonExistentFileReturnsNotFound" /></UnitTest><UnitTest name="Post_ValidReferencePropertyCreatesModel" storage="d:\github\modelrelief\modelrelief.test\bin\debug\netcoreapp2.0\modelrelief.test.dll" id="50935a2e-c7bd-4e64-a074-528480b8a025"><Execution id="1287ae71-6931-4044-8233-ac47bca20263" /><TestMethod codeBase="d:\Github\ModelRelief\ModelRelief.test\bin\Debug\netcoreapp2.0\ModelRelief.Test.dll" adapterTypeName="executor://xunit/VsTestRunner2/netcoreapp" className="ModelRelief.Test.Integration.Cameras.CamerasBaseIntegrationTests" name="Post_ValidReferencePropertyCreatesModel" /></UnitTest><UnitTest name="Patch_ValidReferencePropertyUpdatesModel" storage="d:\github\modelrelief\modelrelief.test\bin\debug\netcoreapp2.0\modelrelief.test.dll" id="ab4fbe0e-bbe5-4608-951d-8f91408c9630"><Execution id="094ef756-11c0-4a53-be88-a37624086d64" /><TestMethod codeBase="d:\Github\ModelRelief\ModelRelief.test\bin\Debug\netcoreapp2.0\ModelRelief.Test.dll" adapterTypeName="executor://xunit/VsTestRunner2/netcoreapp" className="ModelRelief.Test.Integration.Models.ModelsBaseIntegrationTests" name="Patch_ValidReferencePropertyUpdatesModel" /></UnitTest><UnitTest name="Delete_TargetModelIsDeleted" storage="d:\github\modelrelief\modelrelief.test\bin\debug\netcoreapp2.0\modelrelief.test.dll" id="8e7e8a07-e5f9-4cd9-88b4-ebd87c87ce11"><Execution id="e58e7e03-bbe1-4062-abf0-b989f2f80f0a" /><TestMethod codeBase="d:\Github\ModelRelief\ModelRelief.test\bin\Debug\netcoreapp2.0\ModelRelief.Test.dll" adapterTypeName="executor://xunit/VsTestRunner2/netcoreapp" className="ModelRelief.Test.Integration.Cameras.CamerasBaseIntegrationTests" name="Delete_TargetModelIsDeleted" /></UnitTest><UnitTest name="PostFile_FileIsSynchronizedIsUpdatedAfterFileIsPosted" storage="d:\github\modelrelief\modelrelief.test\bin\debug\netcoreapp2.0\modelrelief.test.dll" id="8bcea934-91aa-4484-ba10-b8fddfdd251b"><Execution id="ae7fd0f9-bf10-4e64-bf2d-b4173eb248f1" /><TestMethod codeBase="d:\Github\ModelRelief\ModelRelief.test\bin\Debug\netcoreapp2.0\ModelRelief.Test.dll" adapterTypeName="executor://xunit/VsTestRunner2/netcoreapp" className="ModelRelief.Test.Integration.DepthBuffers.DepthBuffersFileIntegrationTests" name="PostFile_FileIsSynchronizedIsUpdatedAfterFileIsPosted" /></UnitTest><UnitTest name="PostFile_NewFileCanBePosted" storage="d:\github\modelrelief\modelrelief.test\bin\debug\netcoreapp2.0\modelrelief.test.dll" id="ced7fe86-daea-4e68-b3f3-bec26256ed63"><Execution id="fbd77af5-aeef-422f-a16e-d868aec9a7c0" /><TestMethod codeBase="d:\Github\ModelRelief\ModelRelief.test\bin\Debug\netcoreapp2.0\ModelRelief.Test.dll" adapterTypeName="executor://xunit/VsTestRunner2/netcoreapp" className="ModelRelief.Test.Integration.DepthBuffers.DepthBuffersFileIntegrationTests" name="PostFile_NewFileCanBePosted" /></UnitTest><UnitTest name="Put_ValidReferencePropertyUpdatesModel" storage="d:\github\modelrelief\modelrelief.test\bin\debug\netcoreapp2.0\modelrelief.test.dll" id="d3b5c635-830c-434f-b337-b05692d70d1c"><Execution id="7b231e45-41f4-4d4e-91dd-3f216665dbd5" /><TestMethod codeBase="d:\Github\ModelRelief\ModelRelief.test\bin\Debug\netcoreapp2.0\ModelRelief.Test.dll" adapterTypeName="executor://xunit/VsTestRunner2/netcoreapp" className="ModelRelief.Test.Integration.MeshTransforms.MeshTransformsBaseIntegrationTests" name="Put_ValidReferencePropertyUpdatesModel" /></UnitTest><UnitTest name="Put_ValidReferencePropertyUpdatesModel" storage="d:\github\modelrelief\modelrelief.test\bin\debug\netcoreapp2.0\modelrelief.test.dll" id="1bd2626c-98cb-4b10-8622-3b9e115fc594"><Execution id="a531dae6-40b4-495d-8fc0-2a2ca0e3f51e" /><TestMethod codeBase="d:\Github\ModelRelief\ModelRelief.test\bin\Debug\netcoreapp2.0\ModelRelief.Test.dll" adapterTypeName="executor://xunit/VsTestRunner2/netcoreapp" className="ModelRelief.Test.Integration.Models.ModelsBaseIntegrationTests" name="Put_ValidReferencePropertyUpdatesModel" /></UnitTest><UnitTest name="Patch_InvalidReferencePropertyReturnsBadRequest" storage="d:\github\modelrelief\modelrelief.test\bin\debug\netcoreapp2.0\modelrelief.test.dll" id="637d71a9-a815-4398-914a-68c64b03375a"><Execution id="d58b8299-57f0-40e5-8dbd-762485cfe9bf" /><TestMethod codeBase="d:\Github\ModelRelief\ModelRelief.test\bin\Debug\netcoreapp2.0\ModelRelief.Test.dll" adapterTypeName="executor://xunit/VsTestRunner2/netcoreapp" className="ModelRelief.Test.Integration.MeshTransforms.MeshTransformsBaseIntegrationTests" name="Patch_InvalidReferencePropertyReturnsBadRequest" /></UnitTest><UnitTest name="Patch_TargetPropertyIsUpdated" storage="d:\github\modelrelief\modelrelief.test\bin\debug\netcoreapp2.0\modelrelief.test.dll" id="d97205bf-f4af-4211-a272-4c8caacd7653"><Execution id="398b9706-642d-4766-bed8-86c9798b14ed" /><TestMethod codeBase="d:\Github\ModelRelief\ModelRelief.test\bin\Debug\netcoreapp2.0\ModelRelief.Test.dll" adapterTypeName="executor://xunit/VsTestRunner2/netcoreapp" className="ModelRelief.Test.Integration.Cameras.CamerasBaseIntegrationTests" name="Patch_TargetPropertyIsUpdated" /></UnitTest><UnitTest name="Put_InvalidIdReturnsNotFound" storage="d:\github\modelrelief\modelrelief.test\bin\debug\netcoreapp2.0\modelrelief.test.dll" id="0f93e6de-9cee-4d6f-8169-a4440f7d1158"><Execution id="40748950-96d9-4fcd-8323-a41aa9da18b4" /><TestMethod codeBase="d:\Github\ModelRelief\ModelRelief.test\bin\Debug\netcoreapp2.0\ModelRelief.Test.dll" adapterTypeName="executor://xunit/VsTestRunner2/netcoreapp" className="ModelRelief.Test.Integration.Cameras.CamerasBaseIntegrationTests" name="Put_InvalidIdReturnsNotFound" /></UnitTest><UnitTest name="GetList_ListReturnsCorrectCount" storage="d:\github\modelrelief\modelrelief.test\bin\debug\netcoreapp2.0\modelrelief.test.dll" id="62c23368-4769-4098-ba8c-9aa26f1c4d55"><Execution id="a8a30581-4340-460d-bcd7-b8a7d18e3b4f" /><TestMethod codeBase="d:\Github\ModelRelief\ModelRelief.test\bin\Debug\netcoreapp2.0\ModelRelief.Test.dll" adapterTypeName="executor://xunit/VsTestRunner2/netcoreapp" className="ModelRelief.Test.Integration.Projects.ProjectsBaseIntegrationTests" name="GetList_ListReturnsCorrectCount" /></UnitTest><UnitTest name="PutFile_NewFileCanBePut" storage="d:\github\modelrelief\modelrelief.test\bin\debug\netcoreapp2.0\modelrelief.test.dll" id="ee7e6b6a-5eb6-4f98-9b99-ba073f863baf"><Execution id="0ba78e08-f0d6-4e4d-a6a4-ad44cfd75a4d" /><TestMethod codeBase="d:\Github\ModelRelief\ModelRelief.test\bin\Debug\netcoreapp2.0\ModelRelief.Test.dll" adapterTypeName="executor://xunit/VsTestRunner2/netcoreapp" className="ModelRelief.Test.Integration.DepthBuffers.DepthBuffersFileIntegrationTests" name="PutFile_NewFileCanBePut" /></UnitTest><UnitTest name="Put_InvalidReferencePropertyReturndBadRequest" storage="d:\github\modelrelief\modelrelief.test\bin\debug\netcoreapp2.0\modelrelief.test.dll" id="ddc6ec6e-f87f-4600-a22d-542cec4235c8"><Execution id="5d9bfe8b-d805-4bbc-be10-f7d73617304f" /><TestMethod codeBase="d:\Github\ModelRelief\ModelRelief.test\bin\Debug\netcoreapp2.0\ModelRelief.Test.dll" adapterTypeName="executor://xunit/VsTestRunner2/netcoreapp" className="ModelRelief.Test.Integration.Cameras.CamerasBaseIntegrationTests" name="Put_InvalidReferencePropertyReturndBadRequest" /></UnitTest><UnitTest name="MeshTransformHasExpectedDependentFiles" storage="d:\github\modelrelief\modelrelief.test\bin\debug\netcoreapp2.0\modelrelief.test.dll" id="f1bc48c8-6844-43f5-9305-4fb3b5ddd9ef"><Execution id="4ca7282c-1c8d-4e63-b8d3-7e1e41afc0d3" /><TestMethod codeBase="d:\Github\ModelRelief\ModelRelief.test\bin\Debug\netcoreapp2.0\ModelRelief.Test.dll" adapterTypeName="executor://xunit/VsTestRunner2/netcoreapp" className="ModelRelief.Test.Unit.DependencyManager.DependencyManagerTests" name="MeshTransformHasExpectedDependentFiles" /></UnitTest><UnitTest name="FileRequest_FileCanBeReadAfterRename" storage="d:\github\modelrelief\modelrelief.test\bin\debug\netcoreapp2.0\modelrelief.test.dll" id="b92f3648-1254-43c3-996c-b9b8bb65bd21"><Execution id="42c4352a-6ce4-4089-9f6e-36fd2d2cd2e2" /><TestMethod codeBase="d:\Github\ModelRelief\ModelRelief.test\bin\Debug\netcoreapp2.0\ModelRelief.Test.dll" adapterTypeName="executor://xunit/VsTestRunner2/netcoreapp" className="ModelRelief.Test.Integration.DepthBuffers.DepthBuffersFileIntegrationTests" name="FileRequest_FileCanBeReadAfterRename" /></UnitTest><UnitTest name="PostFile_FileIsSynchronizedIsUpdatedAfterFileIsPosted" storage="d:\github\modelrelief\modelrelief.test\bin\debug\netcoreapp2.0\modelrelief.test.dll" id="7ec42ab6-0f90-43d1-8c4c-7cfbbb49f432"><Execution id="d3b8d8f6-6848-4fc1-8505-acaa01191fe0" /><TestMethod codeBase="d:\Github\ModelRelief\ModelRelief.test\bin\Debug\netcoreapp2.0\ModelRelief.Test.dll" adapterTypeName="executor://xunit/VsTestRunner2/netcoreapp" className="ModelRelief.Test.Integration.Models.ModelsFileIntegrationTests" name="PostFile_FileIsSynchronizedIsUpdatedAfterFileIsPosted" /></UnitTest><UnitTest name="PutFile_FileCanBeUpdated" storage="d:\github\modelrelief\modelrelief.test\bin\debug\netcoreapp2.0\modelrelief.test.dll" id="09dc0089-ed1f-4cc3-b7d5-96d839592276"><Execution id="254861bb-e439-492f-af41-1d2a32470179" /><TestMethod codeBase="d:\Github\ModelRelief\ModelRelief.test\bin\Debug\netcoreapp2.0\ModelRelief.Test.dll" adapterTypeName="executor://xunit/VsTestRunner2/netcoreapp" className="ModelRelief.Test.Integration.DepthBuffers.DepthBuffersFileIntegrationTests" name="PutFile_FileCanBeUpdated" /></UnitTest><UnitTest name="PostFile_NewFileCanBePosted" storage="d:\github\modelrelief\modelrelief.test\bin\debug\netcoreapp2.0\modelrelief.test.dll" id="529855d2-177d-4739-816b-74533d8ad365"><Execution id="1319e4af-336f-42c3-b145-bfb22bc133d6" /><TestMethod codeBase="d:\Github\ModelRelief\ModelRelief.test\bin\Debug\netcoreapp2.0\ModelRelief.Test.dll" adapterTypeName="executor://xunit/VsTestRunner2/netcoreapp" className="ModelRelief.Test.Integration.Models.ModelsFileIntegrationTests" name="PostFile_NewFileCanBePosted" /></UnitTest><UnitTest name="Patch_InvalidEnumPropertyValueReturnsBadRequest" storage="d:\github\modelrelief\modelrelief.test\bin\debug\netcoreapp2.0\modelrelief.test.dll" id="c7d1bc44-63e4-4ce6-8b5f-4f46b5c425ca"><Execution id="db93db09-ff49-4273-b6d1-362fe32f53d7" /><TestMethod codeBase="d:\Github\ModelRelief\ModelRelief.test\bin\Debug\netcoreapp2.0\ModelRelief.Test.dll" adapterTypeName="executor://xunit/VsTestRunner2/netcoreapp" className="ModelRelief.Test.Integration.Projects.ProjectsBaseIntegrationTests" name="Patch_InvalidEnumPropertyValueReturnsBadRequest" /></UnitTest><UnitTest name="PostFile_FileTimeStampIsUpdatedAfterFileIsPosted" storage="d:\github\modelrelief\modelrelief.test\bin\debug\netcoreapp2.0\modelrelief.test.dll" id="8744c060-828b-421e-b076-b736f6477833"><Execution id="d65049ad-15a8-4699-b496-42f7a9769be1" /><TestMethod codeBase="d:\Github\ModelRelief\ModelRelief.test\bin\Debug\netcoreapp2.0\ModelRelief.Test.dll" adapterTypeName="executor://xunit/VsTestRunner2/netcoreapp" className="ModelRelief.Test.Integration.Meshes.MeshesFileIntegrationTests" name="PostFile_FileTimeStampIsUpdatedAfterFileIsPosted" /></UnitTest><UnitTest name="Patch_TargetPropertyIsUpdated" storage="d:\github\modelrelief\modelrelief.test\bin\debug\netcoreapp2.0\modelrelief.test.dll" id="3a683960-31eb-420b-8ad0-f59c4031f7ef"><Execution id="ca3807fb-2712-4d30-b089-08a0e598dc1f" /><TestMethod codeBase="d:\Github\ModelRelief\ModelRelief.test\bin\Debug\netcoreapp2.0\ModelRelief.Test.dll" adapterTypeName="executor://xunit/VsTestRunner2/netcoreapp" className="ModelRelief.Test.Integration.Models.ModelsBaseIntegrationTests" name="Patch_TargetPropertyIsUpdated" /></UnitTest><UnitTest name="FileRequest_DepthBufferIsInvalidatedAfterCameraDependencyPropertyChange" storage="d:\github\modelrelief\modelrelief.test\bin\debug\netcoreapp2.0\modelrelief.test.dll" id="f70ebd05-ac4f-4763-bee9-297976b2c0be"><Execution id="a3afc2ef-8a26-46e6-8b4c-93b58b324cda" /><TestMethod codeBase="d:\Github\ModelRelief\ModelRelief.test\bin\Debug\netcoreapp2.0\ModelRelief.Test.dll" adapterTypeName="executor://xunit/VsTestRunner2/netcoreapp" className="ModelRelief.Test.Integration.DepthBuffers.DepthBuffersFileIntegrationTests" name="FileRequest_DepthBufferIsInvalidatedAfterCameraDependencyPropertyChange" /></UnitTest><UnitTest name="PutFile_FileCanBeUpdated" storage="d:\github\modelrelief\modelrelief.test\bin\debug\netcoreapp2.0\modelrelief.test.dll" id="6c2bb79b-aa37-4a50-bf4b-707903997a18"><Execution id="3cc8e9ae-cf37-4b51-8411-093a96bd5167" /><TestMethod codeBase="d:\Github\ModelRelief\ModelRelief.test\bin\Debug\netcoreapp2.0\ModelRelief.Test.dll" adapterTypeName="executor://xunit/VsTestRunner2/netcoreapp" className="ModelRelief.Test.Integration.Models.ModelsFileIntegrationTests" name="PutFile_FileCanBeUpdated" /></UnitTest><UnitTest name="Put_CanUpdateModel" storage="d:\github\modelrelief\modelrelief.test\bin\debug\netcoreapp2.0\modelrelief.test.dll" id="eec033da-4719-4b33-8edc-452aa5ad00e0"><Execution id="ad62abd1-713a-4730-be00-ff7bedf7929b" /><TestMethod codeBase="d:\Github\ModelRelief\ModelRelief.test\bin\Debug\netcoreapp2.0\ModelRelief.Test.dll" adapterTypeName="executor://xunit/VsTestRunner2/netcoreapp" className="ModelRelief.Test.Integration.DepthBuffers.DepthBuffersBaseIntegrationTests" name="Put_CanUpdateModel" /></UnitTest><UnitTest name="Patch_InvalidPropertyNameReturnsBadRequest" storage="d:\github\modelrelief\modelrelief.test\bin\debug\netcoreapp2.0\modelrelief.test.dll" id="9b524983-96cd-4c64-a2ff-81aa0b8f0942"><Execution id="4c1a01ac-e489-4455-aa55-9b13f12f9600" /><TestMethod codeBase="d:\Github\ModelRelief\ModelRelief.test\bin\Debug\netcoreapp2.0\ModelRelief.Test.dll" adapterTypeName="executor://xunit/VsTestRunner2/netcoreapp" className="ModelRelief.Test.Integration.Models.ModelsBaseIntegrationTests" name="Patch_InvalidPropertyNameReturnsBadRequest" /></UnitTest><UnitTest name="Patch_InvalidEnumPropertyValueReturnsBadRequest" storage="d:\github\modelrelief\modelrelief.test\bin\debug\netcoreapp2.0\modelrelief.test.dll" id="493e7e86-1f2b-4645-93fb-13d2e2460f1d"><Execution id="91fe3229-759d-40fe-ad08-c0a354a9aa58" /><TestMethod codeBase="d:\Github\ModelRelief\ModelRelief.test\bin\Debug\netcoreapp2.0\ModelRelief.Test.dll" adapterTypeName="executor://xunit/VsTestRunner2/netcoreapp" className="ModelRelief.Test.Integration.MeshTransforms.MeshTransformsBaseIntegrationTests" name="Patch_InvalidEnumPropertyValueReturnsBadRequest" /></UnitTest><UnitTest name="Put_InvalidIdReturnsNotFound" storage="d:\github\modelrelief\modelrelief.test\bin\debug\netcoreapp2.0\modelrelief.test.dll" id="86a4ba35-c329-48a1-8c42-f2a3ec7b77a5"><Execution id="12fc976d-0ad4-4c15-a6d9-25af04483ab6" /><TestMethod codeBase="d:\Github\ModelRelief\ModelRelief.test\bin\Debug\netcoreapp2.0\ModelRelief.Test.dll" adapterTypeName="executor://xunit/VsTestRunner2/netcoreapp" className="ModelRelief.Test.Integration.Projects.ProjectsBaseIntegrationTests" name="Put_InvalidIdReturnsNotFound" /></UnitTest><UnitTest name="Put_CanUpdateModel" storage="d:\github\modelrelief\modelrelief.test\bin\debug\netcoreapp2.0\modelrelief.test.dll" id="6f9faa53-af68-4a26-af3f-57cdb0a47c94"><Execution id="acee818f-ec17-4869-8e5c-71d1c1c4d379" /><TestMethod codeBase="d:\Github\ModelRelief\ModelRelief.test\bin\Debug\netcoreapp2.0\ModelRelief.Test.dll" adapterTypeName="executor://xunit/VsTestRunner2/netcoreapp" className="ModelRelief.Test.Integration.Meshes.MeshesBaseIntegrationTests" name="Put_CanUpdateModel" /></UnitTest><UnitTest name="Patch_InvalidIdPropertyReturnsNotFound" storage="d:\github\modelrelief\modelrelief.test\bin\debug\netcoreapp2.0\modelrelief.test.dll" id="0023522b-47c0-425c-9af8-8feb3ac86a8c"><Execution id="3dffb518-c630-4f0b-a7e5-e7bdd427ca00" /><TestMethod codeBase="d:\Github\ModelRelief\ModelRelief.test\bin\Debug\netcoreapp2.0\ModelRelief.Test.dll" adapterTypeName="executor://xunit/VsTestRunner2/netcoreapp" className="ModelRelief.Test.Integration.DepthBuffers.DepthBuffersBaseIntegrationTests" name="Patch_InvalidIdPropertyReturnsNotFound" /></UnitTest><UnitTest name="Patch_InvalidEnumPropertyValueReturnsBadRequest" storage="d:\github\modelrelief\modelrelief.test\bin\debug\netcoreapp2.0\modelrelief.test.dll" id="ab7271f4-8c72-45f0-9e7a-d2299429cf0f"><Execution id="40fc9587-895b-4266-beea-829b9180315d" /><TestMethod codeBase="d:\Github\ModelRelief\ModelRelief.test\bin\Debug\netcoreapp2.0\ModelRelief.Test.dll" adapterTypeName="executor://xunit/VsTestRunner2/netcoreapp" className="ModelRelief.Test.Integration.Meshes.MeshesBaseIntegrationTests" name="Patch_InvalidEnumPropertyValueReturnsBadRequest" /></UnitTest><UnitTest name="Patch_ValidReferencePropertyUpdatesModel" storage="d:\github\modelrelief\modelrelief.test\bin\debug\netcoreapp2.0\modelrelief.test.dll" id="331049dc-ce13-4dd0-b882-8aaf88da47e0"><Execution id="b9f9a104-fab2-4028-aceb-e6fc9c75606b" /><TestMethod codeBase="d:\Github\ModelRelief\ModelRelief.test\bin\Debug\netcoreapp2.0\ModelRelief.Test.dll" adapterTypeName="executor://xunit/VsTestRunner2/netcoreapp" className="ModelRelief.Test.Integration.Projects.ProjectsBaseIntegrationTests" name="Patch_ValidReferencePropertyUpdatesModel" /></UnitTest><UnitTest name="GetSingle_ValidIdPropertyValueReturnsCorrectModel" storage="d:\github\modelrelief\modelrelief.test\bin\debug\netcoreapp2.0\modelrelief.test.dll" id="e1a55afa-8d41-4b8c-8030-332a2ebe8768"><Execution id="ee1cc787-7e59-4d49-a3cc-de30845ff79a" /><TestMethod codeBase="d:\Github\ModelRelief\ModelRelief.test\bin\Debug\netcoreapp2.0\ModelRelief.Test.dll" adapterTypeName="executor://xunit/VsTestRunner2/netcoreapp" className="ModelRelief.Test.Integration.Models.ModelsBaseIntegrationTests" name="GetSingle_ValidIdPropertyValueReturnsCorrectModel" /></UnitTest><UnitTest name="Post_InvalidReferencePropertyReturnsBadRequest" storage="d:\github\modelrelief\modelrelief.test\bin\debug\netcoreapp2.0\modelrelief.test.dll" id="8e1df736-517b-4353-9bdb-5e5549738c14"><Execution id="14a85866-c993-4d60-8125-336c75eb206f" /><TestMethod codeBase="d:\Github\ModelRelief\ModelRelief.test\bin\Debug\netcoreapp2.0\ModelRelief.Test.dll" adapterTypeName="executor://xunit/VsTestRunner2/netcoreapp" className="ModelRelief.Test.Integration.MeshTransforms.MeshTransformsBaseIntegrationTests" name="Post_InvalidReferencePropertyReturnsBadRequest" /></UnitTest><UnitTest name="Post_InvalidPropertyValueReturnsBadRequest" storage="d:\github\modelrelief\modelrelief.test\bin\debug\netcoreapp2.0\modelrelief.test.dll" id="7cce698c-535d-4ce1-bfc3-c4ad2474cf3f"><Execution id="629b89d2-b9f1-4f2c-973e-dc8293caa29a" /><TestMethod codeBase="d:\Github\ModelRelief\ModelRelief.test\bin\Debug\netcoreapp2.0\ModelRelief.Test.dll" adapterTypeName="executor://xunit/VsTestRunner2/netcoreapp" className="ModelRelief.Test.Integration.MeshTransforms.MeshTransformsBaseIntegrationTests" name="Post_InvalidPropertyValueReturnsBadRequest" /></UnitTest><UnitTest name="Put_ValidReferencePropertyUpdatesModel" storage="d:\github\modelrelief\modelrelief.test\bin\debug\netcoreapp2.0\modelrelief.test.dll" id="448c7e9d-fd3b-4746-a3ce-7596c1a46a76"><Execution id="54fbbc07-92df-4630-8bc7-e343ff906aa1" /><TestMethod codeBase="d:\Github\ModelRelief\ModelRelief.test\bin\Debug\netcoreapp2.0\ModelRelief.Test.dll" adapterTypeName="executor://xunit/VsTestRunner2/netcoreapp" className="ModelRelief.Test.Integration.Cameras.CamerasBaseIntegrationTests" name="Put_ValidReferencePropertyUpdatesModel" /></UnitTest><UnitTest name="Patch_InvalidEnumPropertyValueReturnsBadRequest" storage="d:\github\modelrelief\modelrelief.test\bin\debug\netcoreapp2.0\modelrelief.test.dll" id="e6f19dc6-a206-4469-b59e-5d05f25071df"><Execution id="13d080be-07cf-4081-8ff4-dcd88847ae6e" /><TestMethod codeBase="d:\Github\ModelRelief\ModelRelief.test\bin\Debug\netcoreapp2.0\ModelRelief.Test.dll" adapterTypeName="executor://xunit/VsTestRunner2/netcoreapp" className="ModelRelief.Test.Integration.Cameras.CamerasBaseIntegrationTests" name="Patch_InvalidEnumPropertyValueReturnsBadRequest" /></UnitTest><UnitTest name="Patch_InvalidIdPropertyReturnsNotFound" storage="d:\github\modelrelief\modelrelief.test\bin\debug\netcoreapp2.0\modelrelief.test.dll" id="b0d3a5b0-3d0c-49f8-b8d0-d191839fe7e6"><Execution id="36541dda-fbb1-4617-8d82-4d1caca6b3dd" /><TestMethod codeBase="d:\Github\ModelRelief\ModelRelief.test\bin\Debug\netcoreapp2.0\ModelRelief.Test.dll" adapterTypeName="executor://xunit/VsTestRunner2/netcoreapp" className="ModelRelief.Test.Integration.Projects.ProjectsBaseIntegrationTests" name="Patch_InvalidIdPropertyReturnsNotFound" /></UnitTest><UnitTest name="Patch_InvalidPropertyNameReturnsBadRequest" storage="d:\github\modelrelief\modelrelief.test\bin\debug\netcoreapp2.0\modelrelief.test.dll" id="20e2101b-bc8e-44bf-b135-932a919ecdc2"><Execution id="d9346d2a-454a-431c-8841-8e95f163c1a3" /><TestMethod codeBase="d:\Github\ModelRelief\ModelRelief.test\bin\Debug\netcoreapp2.0\ModelRelief.Test.dll" adapterTypeName="executor://xunit/VsTestRunner2/netcoreapp" className="ModelRelief.Test.Integration.Meshes.MeshesBaseIntegrationTests" name="Patch_InvalidPropertyNameReturnsBadRequest" /></UnitTest><UnitTest name="Post_ValidReferencePropertyCreatesModel" storage="d:\github\modelrelief\modelrelief.test\bin\debug\netcoreapp2.0\modelrelief.test.dll" id="e0071e86-7563-446f-9344-1a92dbb26440"><Execution id="4a4803ea-c455-44fa-ac31-88fbc93e7b92" /><TestMethod codeBase="d:\Github\ModelRelief\ModelRelief.test\bin\Debug\netcoreapp2.0\ModelRelief.Test.dll" adapterTypeName="executor://xunit/VsTestRunner2/netcoreapp" className="ModelRelief.Test.Integration.MeshTransforms.MeshTransformsBaseIntegrationTests" name="Post_ValidReferencePropertyCreatesModel" /></UnitTest><UnitTest name="Patch_InvalidIdPropertyReturnsNotFound" storage="d:\github\modelrelief\modelrelief.test\bin\debug\netcoreapp2.0\modelrelief.test.dll" id="0dceb42c-24ea-4964-a730-b8da394a1d18"><Execution id="958fe0e1-0dbe-424d-9dc2-c91e52a4520f" /><TestMethod codeBase="d:\Github\ModelRelief\ModelRelief.test\bin\Debug\netcoreapp2.0\ModelRelief.Test.dll" adapterTypeName="executor://xunit/VsTestRunner2/netcoreapp" className="ModelRelief.Test.Integration.Models.ModelsBaseIntegrationTests" name="Patch_InvalidIdPropertyReturnsNotFound" /></UnitTest><UnitTest name="Patch_MultipleInvalidReferencePropertiesReturnsMultipleValidationErrorsAndBadRequest" storage="d:\github\modelrelief\modelrelief.test\bin\debug\netcoreapp2.0\modelrelief.test.dll" id="b072d4d0-c0ef-4c86-9c92-f56a81709130"><Execution id="814c1e87-288a-4007-8614-d1bbf3c95b88" /><TestMethod codeBase="d:\Github\ModelRelief\ModelRelief.test\bin\Debug\netcoreapp2.0\ModelRelief.Test.dll" adapterTypeName="executor://xunit/VsTestRunner2/netcoreapp" className="ModelRelief.Test.Integration.Projects.ProjectsBaseIntegrationTests" name="Patch_MultipleInvalidReferencePropertiesReturnsMultipleValidationErrorsAndBadRequest" /></UnitTest><UnitTest name="Put_CanUpdateModel" storage="d:\github\modelrelief\modelrelief.test\bin\debug\netcoreapp2.0\modelrelief.test.dll" id="db419a99-d971-4bc2-95c0-02675e7667a9"><Execution id="8764d7aa-1b4a-40a6-bfb3-75e625faeb16" /><TestMethod codeBase="d:\Github\ModelRelief\ModelRelief.test\bin\Debug\netcoreapp2.0\ModelRelief.Test.dll" adapterTypeName="executor://xunit/VsTestRunner2/netcoreapp" className="ModelRelief.Test.Integration.Cameras.CamerasBaseIntegrationTests" name="Put_CanUpdateModel" /></UnitTest><UnitTest name="Post_InvalidPropertyValueReturnsBadRequest" storage="d:\github\modelrelief\modelrelief.test\bin\debug\netcoreapp2.0\modelrelief.test.dll" id="86de1bc4-5501-4a1e-beef-112dc523b9b7"><Execution id="c01ba52f-b170-4690-a1d2-6677995e918a" /><TestMethod codeBase="d:\Github\ModelRelief\ModelRelief.test\bin\Debug\netcoreapp2.0\ModelRelief.Test.dll" adapterTypeName="executor://xunit/VsTestRunner2/netcoreapp" className="ModelRelief.Test.Integration.Meshes.MeshesBaseIntegrationTests" name="Post_InvalidPropertyValueReturnsBadRequest" /></UnitTest><UnitTest name="Put_InvalidReferencePropertyReturndBadRequest" storage="d:\github\modelrelief\modelrelief.test\bin\debug\netcoreapp2.0\modelrelief.test.dll" id="8a5fa462-7997-4ad4-9c45-ff8a63e79034"><Execution id="f93f3fbc-c319-435c-b995-797420ed66b2" /><TestMethod codeBase="d:\Github\ModelRelief\ModelRelief.test\bin\Debug\netcoreapp2.0\ModelRelief.Test.dll" adapterTypeName="executor://xunit/VsTestRunner2/netcoreapp" className="ModelRelief.Test.Integration.Projects.ProjectsBaseIntegrationTests" name="Put_InvalidReferencePropertyReturndBadRequest" /></UnitTest><UnitTest name="Post_ValidReferencePropertyCreatesModel" storage="d:\github\modelrelief\modelrelief.test\bin\debug\netcoreapp2.0\modelrelief.test.dll" id="ede3ac31-e4b8-424f-94f4-341647b87183"><Execution id="07f9e7d8-80d0-46e4-a875-e0cdd94e1b2f" /><TestMethod codeBase="d:\Github\ModelRelief\ModelRelief.test\bin\Debug\netcoreapp2.0\ModelRelief.Test.dll" adapterTypeName="executor://xunit/VsTestRunner2/netcoreapp" className="ModelRelief.Test.Integration.Meshes.MeshesBaseIntegrationTests" name="Post_ValidReferencePropertyCreatesModel" /></UnitTest><UnitTest name="Patch_ValidReferencePropertyUpdatesModel" storage="d:\github\modelrelief\modelrelief.test\bin\debug\netcoreapp2.0\modelrelief.test.dll" id="3b823f37-e1e3-4bf0-aaec-1c10c0a01c6f"><Execution id="b2229a12-bcc4-4727-a2fa-785dbf728c38" /><TestMethod codeBase="d:\Github\ModelRelief\ModelRelief.test\bin\Debug\netcoreapp2.0\ModelRelief.Test.dll" adapterTypeName="executor://xunit/VsTestRunner2/netcoreapp" className="ModelRelief.Test.Integration.MeshTransforms.MeshTransformsBaseIntegrationTests" name="Patch_ValidReferencePropertyUpdatesModel" /></UnitTest><UnitTest name="Post_CanCreateNewModel" storage="d:\github\modelrelief\modelrelief.test\bin\debug\netcoreapp2.0\modelrelief.test.dll" id="51270e22-1cf9-4a80-b0c4-772af77c0893"><Execution id="8707a954-f4db-457e-a254-cf1bdb722e09" /><TestMethod codeBase="d:\Github\ModelRelief\ModelRelief.test\bin\Debug\netcoreapp2.0\ModelRelief.Test.dll" adapterTypeName="executor://xunit/VsTestRunner2/netcoreapp" className="ModelRelief.Test.Integration.DepthBuffers.DepthBuffersBaseIntegrationTests" name="Post_CanCreateNewModel" /></UnitTest><UnitTest name="Patch_InvalidEnumPropertyValueReturnsBadRequest" storage="d:\github\modelrelief\modelrelief.test\bin\debug\netcoreapp2.0\modelrelief.test.dll" id="a3df6375-f699-47a5-92ea-ea3b18b30137"><Execution id="970e5b46-4da3-47bc-84fe-acd292d7a4f7" /><TestMethod codeBase="d:\Github\ModelRelief\ModelRelief.test\bin\Debug\netcoreapp2.0\ModelRelief.Test.dll" adapterTypeName="executor://xunit/VsTestRunner2/netcoreapp" className="ModelRelief.Test.Integration.DepthBuffers.DepthBuffersBaseIntegrationTests" name="Patch_InvalidEnumPropertyValueReturnsBadRequest" /></UnitTest><UnitTest name="GetSingle_ValidIdPropertyValueReturnsCorrectModel" storage="d:\github\modelrelief\modelrelief.test\bin\debug\netcoreapp2.0\modelrelief.test.dll" id="79d0d882-939f-4b60-b2b8-fda3941a5b11"><Execution id="aa1a1b04-ec48-4ce3-a443-5c34d94104d2" /><TestMethod codeBase="d:\Github\ModelRelief\ModelRelief.test\bin\Debug\netcoreapp2.0\ModelRelief.Test.dll" adapterTypeName="executor://xunit/VsTestRunner2/netcoreapp" className="ModelRelief.Test.Integration.MeshTransforms.MeshTransformsBaseIntegrationTests" name="GetSingle_ValidIdPropertyValueReturnsCorrectModel" /></UnitTest><UnitTest name="Patch_InvalidPropertyNameReturnsBadRequest" storage="d:\github\modelrelief\modelrelief.test\bin\debug\netcoreapp2.0\modelrelief.test.dll" id="ba8c98cd-2fb8-4ab4-a65d-f86def249dbe"><Execution id="66c32fcb-e875-435b-9ee0-ad6f9ea49b98" /><TestMethod codeBase="d:\Github\ModelRelief\ModelRelief.test\bin\Debug\netcoreapp2.0\ModelRelief.Test.dll" adapterTypeName="executor://xunit/VsTestRunner2/netcoreapp" className="ModelRelief.Test.Integration.MeshTransforms.MeshTransformsBaseIntegrationTests" name="Patch_InvalidPropertyNameReturnsBadRequest" /></UnitTest><UnitTest name="Model3dHasExpectedDependentFiles" storage="d:\github\modelrelief\modelrelief.test\bin\debug\netcoreapp2.0\modelrelief.test.dll" id="328b65c5-79c3-4d23-ba1b-cbada4ebf82c"><Execution id="8e6e8efc-a0c2-455e-9abf-d07ffc1fbd39" /><TestMethod codeBase="d:\Github\ModelRelief\ModelRelief.test\bin\Debug\netcoreapp2.0\ModelRelief.Test.dll" adapterTypeName="executor://xunit/VsTestRunner2/netcoreapp" className="ModelRelief.Test.Unit.DependencyManager.DependencyManagerTests" name="Model3dHasExpectedDependentFiles" /></UnitTest><UnitTest name="PutFile_NewFileCanBePut" storage="d:\github\modelrelief\modelrelief.test\bin\debug\netcoreapp2.0\modelrelief.test.dll" id="72368bbe-e9c2-435f-9929-41604bf7182b"><Execution id="58b7c105-2d63-44ad-8fac-68dddba7de82" /><TestMethod codeBase="d:\Github\ModelRelief\ModelRelief.test\bin\Debug\netcoreapp2.0\ModelRelief.Test.dll" adapterTypeName="executor://xunit/VsTestRunner2/netcoreapp" className="ModelRelief.Test.Integration.Meshes.MeshesFileIntegrationTests" name="PutFile_NewFileCanBePut" /></UnitTest><UnitTest name="Delete_TargetModelIsDeleted" storage="d:\github\modelrelief\modelrelief.test\bin\debug\netcoreapp2.0\modelrelief.test.dll" id="3ef414dc-c3fb-4bde-85de-fd26d9499f20"><Execution id="64a9b5aa-037f-4d02-8ffd-bf8e5a1ce944" /><TestMethod codeBase="d:\Github\ModelRelief\ModelRelief.test\bin\Debug\netcoreapp2.0\ModelRelief.Test.dll" adapterTypeName="executor://xunit/VsTestRunner2/netcoreapp" className="ModelRelief.Test.Integration.Meshes.MeshesBaseIntegrationTests" name="Delete_TargetModelIsDeleted" /></UnitTest><UnitTest name="Post_InvalidPropertyValueReturnsBadRequest" storage="d:\github\modelrelief\modelrelief.test\bin\debug\netcoreapp2.0\modelrelief.test.dll" id="2706ea17-b296-40dc-ae68-b4bbb47f9f2b"><Execution id="5d352858-5226-4b4c-b5a4-10ef6aa93848" /><TestMethod codeBase="d:\Github\ModelRelief\ModelRelief.test\bin\Debug\netcoreapp2.0\ModelRelief.Test.dll" adapterTypeName="executor://xunit/VsTestRunner2/netcoreapp" className="ModelRelief.Test.Integration.Cameras.CamerasBaseIntegrationTests" name="Post_InvalidPropertyValueReturnsBadRequest" /></UnitTest><UnitTest name="GetFile_ExistingFileReturnsSuccess" storage="d:\github\modelrelief\modelrelief.test\bin\debug\netcoreapp2.0\modelrelief.test.dll" id="eaebeacf-8118-4b4a-b892-c4bea734e8dc"><Execution id="3c89023a-9228-427f-a8b4-e7884d78b47b" /><TestMethod codeBase="d:\Github\ModelRelief\ModelRelief.test\bin\Debug\netcoreapp2.0\ModelRelief.Test.dll" adapterTypeName="executor://xunit/VsTestRunner2/netcoreapp" className="ModelRelief.Test.Integration.Models.ModelsFileIntegrationTests" name="GetFile_ExistingFileReturnsSuccess" /></UnitTest><UnitTest name="Delete_TargetModelIsDeleted" storage="d:\github\modelrelief\modelrelief.test\bin\debug\netcoreapp2.0\modelrelief.test.dll" id="abedf417-9104-4c71-a78c-5ae4048991c9"><Execution id="3cb7b9fc-dea3-414a-a532-6375312913aa" /><TestMethod codeBase="d:\Github\ModelRelief\ModelRelief.test\bin\Debug\netcoreapp2.0\ModelRelief.Test.dll" adapterTypeName="executor://xunit/VsTestRunner2/netcoreapp" className="ModelRelief.Test.Integration.Models.ModelsBaseIntegrationTests" name="Delete_TargetModelIsDeleted" /></UnitTest><UnitTest name="Patch_MultipleInvalidReferencePropertiesReturnsMultipleValidationErrorsAndBadRequest" storage="d:\github\modelrelief\modelrelief.test\bin\debug\netcoreapp2.0\modelrelief.test.dll" id="f35c6db3-7a69-4b72-92d2-312e24788c2e"><Execution id="a055218f-ab87-4058-b805-aa16fc21d3ed" /><TestMethod codeBase="d:\Github\ModelRelief\ModelRelief.test\bin\Debug\netcoreapp2.0\ModelRelief.Test.dll" adapterTypeName="executor://xunit/VsTestRunner2/netcoreapp" className="ModelRelief.Test.Integration.Models.ModelsBaseIntegrationTests" name="Patch_MultipleInvalidReferencePropertiesReturnsMultipleValidationErrorsAndBadRequest" /></UnitTest><UnitTest name="Post_CanCreateNewModel" storage="d:\github\modelrelief\modelrelief.test\bin\debug\netcoreapp2.0\modelrelief.test.dll" id="d58224c2-3ef0-42db-a7aa-cad63f53c3ec"><Execution id="67c63278-b3fc-4745-8ea9-c494b7a68b93" /><TestMethod codeBase="d:\Github\ModelRelief\ModelRelief.test\bin\Debug\netcoreapp2.0\ModelRelief.Test.dll" adapterTypeName="executor://xunit/VsTestRunner2/netcoreapp" className="ModelRelief.Test.Integration.MeshTransforms.MeshTransformsBaseIntegrationTests" name="Post_CanCreateNewModel" /></UnitTest><UnitTest name="Patch_InvalidReferencePropertyReturnsBadRequest" storage="d:\github\modelrelief\modelrelief.test\bin\debug\netcoreapp2.0\modelrelief.test.dll" id="13cc3bf4-7775-4fe3-9705-6c5cc7a856b4"><Execution id="510fffb6-1cc7-4232-b878-56aa9c11e78d" /><TestMethod codeBase="d:\Github\ModelRelief\ModelRelief.test\bin\Debug\netcoreapp2.0\ModelRelief.Test.dll" adapterTypeName="executor://xunit/VsTestRunner2/netcoreapp" className="ModelRelief.Test.Integration.Meshes.MeshesBaseIntegrationTests" name="Patch_InvalidReferencePropertyReturnsBadRequest" /></UnitTest><UnitTest name="Patch_InvalidIdPropertyReturnsNotFound" storage="d:\github\modelrelief\modelrelief.test\bin\debug\netcoreapp2.0\modelrelief.test.dll" id="c242776d-955a-4c26-8ee7-9172b060d8b2"><Execution id="9ed675c7-0272-49f4-8aac-b815c4bf76c3" /><TestMethod codeBase="d:\Github\ModelRelief\ModelRelief.test\bin\Debug\netcoreapp2.0\ModelRelief.Test.dll" adapterTypeName="executor://xunit/VsTestRunner2/netcoreapp" className="ModelRelief.Test.Integration.MeshTransforms.MeshTransformsBaseIntegrationTests" name="Patch_InvalidIdPropertyReturnsNotFound" /></UnitTest><UnitTest name="GetSingle_ValidIdPropertyValueReturnsCorrectModel" storage="d:\github\modelrelief\modelrelief.test\bin\debug\netcoreapp2.0\modelrelief.test.dll" id="6cbdf118-4e2e-496b-873a-9bde8dde3f7f"><Execution id="425dd79d-d513-4f6f-88e7-0364b74ccbd7" /><TestMethod codeBase="d:\Github\ModelRelief\ModelRelief.test\bin\Debug\netcoreapp2.0\ModelRelief.Test.dll" adapterTypeName="executor://xunit/VsTestRunner2/netcoreapp" className="ModelRelief.Test.Integration.Cameras.CamerasBaseIntegrationTests" name="GetSingle_ValidIdPropertyValueReturnsCorrectModel" /></UnitTest><UnitTest name="Post_InvalidReferencePropertyReturnsBadRequest" storage="d:\github\modelrelief\modelrelief.test\bin\debug\netcoreapp2.0\modelrelief.test.dll" id="75b88bbf-129e-475e-84f2-eb317efec736"><Execution id="d6fac32d-5c5f-4ccd-8aa1-3c6f2918458a" /><TestMethod codeBase="d:\Github\ModelRelief\ModelRelief.test\bin\Debug\netcoreapp2.0\ModelRelief.Test.dll" adapterTypeName="executor://xunit/VsTestRunner2/netcoreapp" className="ModelRelief.Test.Integration.DepthBuffers.DepthBuffersBaseIntegrationTests" name="Post_InvalidReferencePropertyReturnsBadRequest" /></UnitTest><UnitTest name="Patch_InvalidReferencePropertyReturnsBadRequest" storage="d:\github\modelrelief\modelrelief.test\bin\debug\netcoreapp2.0\modelrelief.test.dll" id="84a1b518-c7d2-49aa-a4de-c8d87b610797"><Execution id="f5f64e45-99df-484d-8ef0-411080ecdb9d" /><TestMethod codeBase="d:\Github\ModelRelief\ModelRelief.test\bin\Debug\netcoreapp2.0\ModelRelief.Test.dll" adapterTypeName="executor://xunit/VsTestRunner2/netcoreapp" className="ModelRelief.Test.Integration.Models.ModelsBaseIntegrationTests" name="Patch_InvalidReferencePropertyReturnsBadRequest" /></UnitTest><UnitTest name="Post_CanCreateNewModel" storage="d:\github\modelrelief\modelrelief.test\bin\debug\netcoreapp2.0\modelrelief.test.dll" id="42286bc7-f933-4f85-af2b-59fa9b1bd0b4"><Execution id="ccc09358-2ac5-4a74-a0b0-905b44dba95c" /><TestMethod codeBase="d:\Github\ModelRelief\ModelRelief.test\bin\Debug\netcoreapp2.0\ModelRelief.Test.dll" adapterTypeName="executor://xunit/VsTestRunner2/netcoreapp" className="ModelRelief.Test.Integration.Projects.ProjectsBaseIntegrationTests" name="Post_CanCreateNewModel" /></UnitTest><UnitTest name="PostFile_FileIsSynchronizedIsUpdatedAfterFileIsPosted" storage="d:\github\modelrelief\modelrelief.test\bin\debug\netcoreapp2.0\modelrelief.test.dll" id="8b94083e-3501-40bb-a9fd-65ebf3cbd3f4"><Execution id="b009f87a-ff1a-4694-91da-8e6c59863e2b" /><TestMethod codeBase="d:\Github\ModelRelief\ModelRelief.test\bin\Debug\netcoreapp2.0\ModelRelief.Test.dll" adapterTypeName="executor://xunit/VsTestRunner2/netcoreapp" className="ModelRelief.Test.Integration.Meshes.MeshesFileIntegrationTests" name="PostFile_FileIsSynchronizedIsUpdatedAfterFileIsPosted" /></UnitTest><UnitTest name="CameraHasExpectedDependentFiles" storage="d:\github\modelrelief\modelrelief.test\bin\debug\netcoreapp2.0\modelrelief.test.dll" id="46ee256a-a8bf-41b3-8fcc-78d0c71b3aae"><Execution id="f08cbe52-e368-481e-a154-8f7e475ecce8" /><TestMethod codeBase="d:\Github\ModelRelief\ModelRelief.test\bin\Debug\netcoreapp2.0\ModelRelief.Test.dll" adapterTypeName="executor://xunit/VsTestRunner2/netcoreapp" className="ModelRelief.Test.Unit.DependencyManager.DependencyManagerTests" name="CameraHasExpectedDependentFiles" /></UnitTest><UnitTest name="Patch_MultipleInvalidReferencePropertiesReturnsMultipleValidationErrorsAndBadRequest" storage="d:\github\modelrelief\modelrelief.test\bin\debug\netcoreapp2.0\modelrelief.test.dll" id="7545a0d6-ff2a-4b21-a9de-a370fea24bf9"><Execution id="cbc33436-639b-4aec-96fd-b9b4a972bb9e" /><TestMethod codeBase="d:\Github\ModelRelief\ModelRelief.test\bin\Debug\netcoreapp2.0\ModelRelief.Test.dll" adapterTypeName="executor://xunit/VsTestRunner2/netcoreapp" className="ModelRelief.Test.Integration.MeshTransforms.MeshTransformsBaseIntegrationTests" name="Patch_MultipleInvalidReferencePropertiesReturnsMultipleValidationErrorsAndBadRequest" /></UnitTest><UnitTest name="Post_CanCreateNewModel" storage="d:\github\modelrelief\modelrelief.test\bin\debug\netcoreapp2.0\modelrelief.test.dll" id="950c89c3-247e-4e20-a3d0-25b86b7a63f7"><Execution id="9cbcded4-ac5d-47f6-9a3b-5a02ca83204a" /><TestMethod codeBase="d:\Github\ModelRelief\ModelRelief.test\bin\Debug\netcoreapp2.0\ModelRelief.Test.dll" adapterTypeName="executor://xunit/VsTestRunner2/netcoreapp" className="ModelRelief.Test.Integration.Cameras.CamerasBaseIntegrationTests" name="Post_CanCreateNewModel" /></UnitTest><UnitTest name="GetSingle_ValidIdPropertyValueReturnsCorrectModel" storage="d:\github\modelrelief\modelrelief.test\bin\debug\netcoreapp2.0\modelrelief.test.dll" id="22436fbf-1f5b-4ef8-ad16-6eaf402734b0"><Execution id="2304a098-1062-4e4f-8026-f5b1d4d3f5e4" /><TestMethod codeBase="d:\Github\ModelRelief\ModelRelief.test\bin\Debug\netcoreapp2.0\ModelRelief.Test.dll" adapterTypeName="executor://xunit/VsTestRunner2/netcoreapp" className="ModelRelief.Test.Integration.Projects.ProjectsBaseIntegrationTests" name="GetSingle_ValidIdPropertyValueReturnsCorrectModel" /></UnitTest><UnitTest name="Put_InvalidIdReturnsNotFound" storage="d:\github\modelrelief\modelrelief.test\bin\debug\netcoreapp2.0\modelrelief.test.dll" id="64669fc5-f0f7-449d-8de1-50b54041b241"><Execution id="a0ce0cfd-4881-4028-994b-70c2839abfd5" /><TestMethod codeBase="d:\Github\ModelRelief\ModelRelief.test\bin\Debug\netcoreapp2.0\ModelRelief.Test.dll" adapterTypeName="executor://xunit/VsTestRunner2/netcoreapp" className="ModelRelief.Test.Integration.MeshTransforms.MeshTransformsBaseIntegrationTests" name="Put_InvalidIdReturnsNotFound" /></UnitTest><UnitTest name="GetSingle_ValidIdPropertyValueReturnsCorrectModel" storage="d:\github\modelrelief\modelrelief.test\bin\debug\netcoreapp2.0\modelrelief.test.dll" id="a38ad515-9dbc-4ea3-a281-2c3371607861"><Execution id="5c9fb869-907c-40cd-ae85-4c7ecdf2f29c" /><TestMethod codeBase="d:\Github\ModelRelief\ModelRelief.test\bin\Debug\netcoreapp2.0\ModelRelief.Test.dll" adapterTypeName="executor://xunit/VsTestRunner2/netcoreapp" className="ModelRelief.Test.Integration.Meshes.MeshesBaseIntegrationTests" name="GetSingle_ValidIdPropertyValueReturnsCorrectModel" /></UnitTest><UnitTest name="GetSingle_InvalidIdPropertyValueReturnsNotFound" storage="d:\github\modelrelief\modelrelief.test\bin\debug\netcoreapp2.0\modelrelief.test.dll" id="e72d9e12-8084-4b14-845b-165edccd20a1"><Execution id="136248fe-841e-48ae-95c9-6811567f5bee" /><TestMethod codeBase="d:\Github\ModelRelief\ModelRelief.test\bin\Debug\netcoreapp2.0\ModelRelief.Test.dll" adapterTypeName="executor://xunit/VsTestRunner2/netcoreapp" className="ModelRelief.Test.Integration.Models.ModelsBaseIntegrationTests" name="GetSingle_InvalidIdPropertyValueReturnsNotFound" /></UnitTest><UnitTest name="Put_CanUpdateModel" storage="d:\github\modelrelief\modelrelief.test\bin\debug\netcoreapp2.0\modelrelief.test.dll" id="94e6b8f6-549d-4505-8a0a-164a3a79209b"><Execution id="092739fe-83da-4610-8402-c3bea9e97bf7" /><TestMethod codeBase="d:\Github\ModelRelief\ModelRelief.test\bin\Debug\netcoreapp2.0\ModelRelief.Test.dll" adapterTypeName="executor://xunit/VsTestRunner2/netcoreapp" className="ModelRelief.Test.Integration.Projects.ProjectsBaseIntegrationTests" name="Put_CanUpdateModel" /></UnitTest><UnitTest name="GetList_ListReturnsCorrectCount" storage="d:\github\modelrelief\modelrelief.test\bin\debug\netcoreapp2.0\modelrelief.test.dll" id="53e04cac-5e63-4a51-b281-7a9fbd2dd875"><Execution id="92df169f-6620-404e-8929-d39eebcd79d6" /><TestMethod codeBase="d:\Github\ModelRelief\ModelRelief.test\bin\Debug\netcoreapp2.0\ModelRelief.Test.dll" adapterTypeName="executor://xunit/VsTestRunner2/netcoreapp" className="ModelRelief.Test.Integration.MeshTransforms.MeshTransformsBaseIntegrationTests" name="GetList_ListReturnsCorrectCount" /></UnitTest><UnitTest name="Post_InvalidPropertyValueReturnsBadRequest" storage="d:\github\modelrelief\modelrelief.test\bin\debug\netcoreapp2.0\modelrelief.test.dll" id="f0321246-9946-4080-ab75-002b0acf8e8a"><Execution id="3944ca9d-af86-4ce6-b0d3-3c8fdec4bd48" /><TestMethod codeBase="d:\Github\ModelRelief\ModelRelief.test\bin\Debug\netcoreapp2.0\ModelRelief.Test.dll" adapterTypeName="executor://xunit/VsTestRunner2/netcoreapp" className="ModelRelief.Test.Integration.Projects.ProjectsBaseIntegrationTests" name="Post_InvalidPropertyValueReturnsBadRequest" /></UnitTest><UnitTest name="LucyModel3dHasTwoDependents" storage="d:\github\modelrelief\modelrelief.test\bin\debug\netcoreapp2.0\modelrelief.test.dll" id="f9ed57fd-fb51-4426-8e29-bc0247f79496"><Execution id="db9d161f-d655-4322-9c21-e55334c8a3a5" /><TestMethod codeBase="d:\Github\ModelRelief\ModelRelief.test\bin\Debug\netcoreapp2.0\ModelRelief.Test.dll" adapterTypeName="executor://xunit/VsTestRunner2/netcoreapp" className="ModelRelief.Test.Unit.DependencyManager.DependencyManagerTests" name="LucyModel3dHasTwoDependents" /></UnitTest><UnitTest name="Patch_TargetPropertyIsUpdated" storage="d:\github\modelrelief\modelrelief.test\bin\debug\netcoreapp2.0\modelrelief.test.dll" id="b02f938e-5f97-46e1-8020-db4d0b19eb4b"><Execution id="b1c77436-9efb-4471-8203-0d3cdc845c61" /><TestMethod codeBase="d:\Github\ModelRelief\ModelRelief.test\bin\Debug\netcoreapp2.0\ModelRelief.Test.dll" adapterTypeName="executor://xunit/VsTestRunner2/netcoreapp" className="ModelRelief.Test.Integration.Meshes.MeshesBaseIntegrationTests" name="Patch_TargetPropertyIsUpdated" /></UnitTest><UnitTest name="Patch_InvalidPropertyNameReturnsBadRequest" storage="d:\github\modelrelief\modelrelief.test\bin\debug\netcoreapp2.0\modelrelief.test.dll" id="ede50374-a220-4c08-a694-0039cd066065"><Execution id="aaf9cd17-8bad-4aff-88df-f49562795bf4" /><TestMethod codeBase="d:\Github\ModelRelief\ModelRelief.test\bin\Debug\netcoreapp2.0\ModelRelief.Test.dll" adapterTypeName="executor://xunit/VsTestRunner2/netcoreapp" className="ModelRelief.Test.Integration.Cameras.CamerasBaseIntegrationTests" name="Patch_InvalidPropertyNameReturnsBadRequest" /></UnitTest><UnitTest name="Put_InvalidReferencePropertyReturndBadRequest" storage="d:\github\modelrelief\modelrelief.test\bin\debug\netcoreapp2.0\modelrelief.test.dll" id="815b4fab-6f21-49d6-a7cc-c3508897a58d"><Execution id="2ef64cc8-a5c0-4145-a590-cdc111dc7b4e" /><TestMethod codeBase="d:\Github\ModelRelief\ModelRelief.test\bin\Debug\netcoreapp2.0\ModelRelief.Test.dll" adapterTypeName="executor://xunit/VsTestRunner2/netcoreapp" className="ModelRelief.Test.Integration.Models.ModelsBaseIntegrationTests" name="Put_InvalidReferencePropertyReturndBadRequest" /></UnitTest><UnitTest name="GetList_ListReturnsCorrectCount" storage="d:\github\modelrelief\modelrelief.test\bin\debug\netcoreapp2.0\modelrelief.test.dll" id="e1986b34-cbf8-4eeb-a25a-dc556492c445"><Execution id="08ba8ad7-60ab-4543-81d2-ca7b99c87b53" /><TestMethod codeBase="d:\Github\ModelRelief\ModelRelief.test\bin\Debug\netcoreapp2.0\ModelRelief.Test.dll" adapterTypeName="executor://xunit/VsTestRunner2/netcoreapp" className="ModelRelief.Test.Integration.Models.ModelsBaseIntegrationTests" name="GetList_ListReturnsCorrectCount" /></UnitTest><UnitTest name="Post_CanCreateNewModel" storage="d:\github\modelrelief\modelrelief.test\bin\debug\netcoreapp2.0\modelrelief.test.dll" id="0c0842f3-2a07-4133-ad5d-c241d91ff323"><Execution id="9e53925f-f55e-4696-b6e5-f8dab05cbda5" /><TestMethod codeBase="d:\Github\ModelRelief\ModelRelief.test\bin\Debug\netcoreapp2.0\ModelRelief.Test.dll" adapterTypeName="executor://xunit/VsTestRunner2/netcoreapp" className="ModelRelief.Test.Integration.Meshes.MeshesBaseIntegrationTests" name="Post_CanCreateNewModel" /></UnitTest><UnitTest name="Put_InvalidReferencePropertyReturndBadRequest" storage="d:\github\modelrelief\modelrelief.test\bin\debug\netcoreapp2.0\modelrelief.test.dll" id="3541561a-4255-48e0-a3d4-be1d6e306343"><Execution id="1c540fa6-7cf2-42ee-8e95-fa6042882555" /><TestMethod codeBase="d:\Github\ModelRelief\ModelRelief.test\bin\Debug\netcoreapp2.0\ModelRelief.Test.dll" adapterTypeName="executor://xunit/VsTestRunner2/netcoreapp" className="ModelRelief.Test.Integration.Meshes.MeshesBaseIntegrationTests" name="Put_InvalidReferencePropertyReturndBadRequest" /></UnitTest><UnitTest name="Patch_ValidReferencePropertyUpdatesModel" storage="d:\github\modelrelief\modelrelief.test\bin\debug\netcoreapp2.0\modelrelief.test.dll" id="184cc256-de1a-4ab3-a4a7-5783960863f2"><Execution id="dfc4798a-2b19-48fc-aee6-d608d9f07b60" /><TestMethod codeBase="d:\Github\ModelRelief\ModelRelief.test\bin\Debug\netcoreapp2.0\ModelRelief.Test.dll" adapterTypeName="executor://xunit/VsTestRunner2/netcoreapp" className="ModelRelief.Test.Integration.Meshes.MeshesBaseIntegrationTests" name="Patch_ValidReferencePropertyUpdatesModel" /></UnitTest><UnitTest name="GetSingle_ValidIdPropertyValueReturnsCorrectModel" storage="d:\github\modelrelief\modelrelief.test\bin\debug\netcoreapp2.0\modelrelief.test.dll" id="48c935d4-9544-4108-b623-7998b2cfca54"><Execution id="5fbacffe-2443-41c7-9335-435418bd1a94" /><TestMethod codeBase="d:\Github\ModelRelief\ModelRelief.test\bin\Debug\netcoreapp2.0\ModelRelief.Test.dll" adapterTypeName="executor://xunit/VsTestRunner2/netcoreapp" className="ModelRelief.Test.Integration.DepthBuffers.DepthBuffersBaseIntegrationTests" name="GetSingle_ValidIdPropertyValueReturnsCorrectModel" /></UnitTest><UnitTest name="Patch_InvalidIdPropertyReturnsNotFound" storage="d:\github\modelrelief\modelrelief.test\bin\debug\netcoreapp2.0\modelrelief.test.dll" id="27f45968-2885-407d-950c-4f65f50aae31"><Execution id="c84ee2b8-e587-448a-ad64-28cb6672f198" /><TestMethod codeBase="d:\Github\ModelRelief\ModelRelief.test\bin\Debug\netcoreapp2.0\ModelRelief.Test.dll" adapterTypeName="executor://xunit/VsTestRunner2/netcoreapp" className="ModelRelief.Test.Integration.Meshes.MeshesBaseIntegrationTests" name="Patch_InvalidIdPropertyReturnsNotFound" /></UnitTest><UnitTest name="Post_CanCreateNewModel" storage="d:\github\modelrelief\modelrelief.test\bin\debug\netcoreapp2.0\modelrelief.test.dll" id="c853618a-9c21-4c47-b8c4-c28a6e6a8635"><Execution id="02275672-2c4e-46e1-939c-8ef39ee90edc" /><TestMethod codeBase="d:\Github\ModelRelief\ModelRelief.test\bin\Debug\netcoreapp2.0\ModelRelief.Test.dll" adapterTypeName="executor://xunit/VsTestRunner2/netcoreapp" className="ModelRelief.Test.Integration.Models.ModelsBaseIntegrationTests" name="Post_CanCreateNewModel" /></UnitTest><UnitTest name="PostFile_NewFileCanBePosted" storage="d:\github\modelrelief\modelrelief.test\bin\debug\netcoreapp2.0\modelrelief.test.dll" id="98b97e09-33a5-412d-8eeb-26110f850f8b"><Execution id="8f7c98c8-3d50-48d8-802b-c80dd4c24651" /><TestMethod codeBase="d:\Github\ModelRelief\ModelRelief.test\bin\Debug\netcoreapp2.0\ModelRelief.Test.dll" adapterTypeName="executor://xunit/VsTestRunner2/netcoreapp" className="ModelRelief.Test.Integration.Meshes.MeshesFileIntegrationTests" name="PostFile_NewFileCanBePosted" /></UnitTest><UnitTest name="Delete_TargetModelIsDeleted" storage="d:\github\modelrelief\modelrelief.test\bin\debug\netcoreapp2.0\modelrelief.test.dll" id="1790143a-19bc-42ea-bff4-d9b186d36351"><Execution id="69d08b85-4d5c-48fc-8272-2aed37169570" /><TestMethod codeBase="d:\Github\ModelRelief\ModelRelief.test\bin\Debug\netcoreapp2.0\ModelRelief.Test.dll" adapterTypeName="executor://xunit/VsTestRunner2/netcoreapp" className="ModelRelief.Test.Integration.Projects.ProjectsBaseIntegrationTests" name="Delete_TargetModelIsDeleted" /></UnitTest><UnitTest name="Patch_InvalidReferencePropertyReturnsBadRequest" storage="d:\github\modelrelief\modelrelief.test\bin\debug\netcoreapp2.0\modelrelief.test.dll" id="9a61be4f-c136-481d-a4ad-9795da9df94d"><Execution id="bf70d632-6f36-4f08-b6fe-4eddcd4d96c4" /><TestMethod codeBase="d:\Github\ModelRelief\ModelRelief.test\bin\Debug\netcoreapp2.0\ModelRelief.Test.dll" adapterTypeName="executor://xunit/VsTestRunner2/netcoreapp" className="ModelRelief.Test.Integration.Cameras.CamerasBaseIntegrationTests" name="Patch_InvalidReferencePropertyReturnsBadRequest" /></UnitTest><UnitTest name="Patch_ValidReferencePropertyUpdatesModel" storage="d:\github\modelrelief\modelrelief.test\bin\debug\netcoreapp2.0\modelrelief.test.dll" id="78b04730-1279-4b8f-a4eb-8e08d82656e6"><Execution id="dca6cf4b-723e-4c4c-8779-f984e147a0f1" /><TestMethod codeBase="d:\Github\ModelRelief\ModelRelief.test\bin\Debug\netcoreapp2.0\ModelRelief.Test.dll" adapterTypeName="executor://xunit/VsTestRunner2/netcoreapp" className="ModelRelief.Test.Integration.Cameras.CamerasBaseIntegrationTests" name="Patch_ValidReferencePropertyUpdatesModel" /></UnitTest><UnitTest name="Put_InvalidReferencePropertyReturndBadRequest" storage="d:\github\modelrelief\modelrelief.test\bin\debug\netcoreapp2.0\modelrelief.test.dll" id="14a2194a-0f55-4815-b453-3b95ab995cc4"><Execution id="d94cc291-7195-47a1-9e57-5249da846ca9" /><TestMethod codeBase="d:\Github\ModelRelief\ModelRelief.test\bin\Debug\netcoreapp2.0\ModelRelief.Test.dll" adapterTypeName="executor://xunit/VsTestRunner2/netcoreapp" className="ModelRelief.Test.Integration.MeshTransforms.MeshTransformsBaseIntegrationTests" name="Put_InvalidReferencePropertyReturndBadRequest" /></UnitTest><UnitTest name="Post_InvalidReferencePropertyReturnsBadRequest" storage="d:\github\modelrelief\modelrelief.test\bin\debug\netcoreapp2.0\modelrelief.test.dll" id="6d2938dd-ee4f-424d-b4d7-bf64f8852ddb"><Execution id="355954a6-14f8-4747-ae6b-41f49f6c1b8a" /><TestMethod codeBase="d:\Github\ModelRelief\ModelRelief.test\bin\Debug\netcoreapp2.0\ModelRelief.Test.dll" adapterTypeName="executor://xunit/VsTestRunner2/netcoreapp" className="ModelRelief.Test.Integration.Models.ModelsBaseIntegrationTests" name="Post_InvalidReferencePropertyReturnsBadRequest" /></UnitTest><UnitTest name="PostFile_FileTimeStampIsUpdatedAfterFileIsPosted" storage="d:\github\modelrelief\modelrelief.test\bin\debug\netcoreapp2.0\modelrelief.test.dll" id="eeccca0a-08a0-46a6-b490-19e8750ddaca"><Execution id="07ad38bc-d8c5-4909-968a-bb7bf18d79fe" /><TestMethod codeBase="d:\Github\ModelRelief\ModelRelief.test\bin\Debug\netcoreapp2.0\ModelRelief.Test.dll" adapterTypeName="executor://xunit/VsTestRunner2/netcoreapp" className="ModelRelief.Test.Integration.Models.ModelsFileIntegrationTests" name="PostFile_FileTimeStampIsUpdatedAfterFileIsPosted" /></UnitTest><UnitTest name="Patch_InvalidPropertyNameReturnsBadRequest" storage="d:\github\modelrelief\modelrelief.test\bin\debug\netcoreapp2.0\modelrelief.test.dll" id="509b8d00-e1b5-4ba4-8804-d4001589eb7a"><Execution id="a8257a35-bfad-4d59-b8dc-be6e31f667e9" /><TestMethod codeBase="d:\Github\ModelRelief\ModelRelief.test\bin\Debug\netcoreapp2.0\ModelRelief.Test.dll" adapterTypeName="executor://xunit/VsTestRunner2/netcoreapp" className="ModelRelief.Test.Integration.DepthBuffers.DepthBuffersBaseIntegrationTests" name="Patch_InvalidPropertyNameReturnsBadRequest" /></UnitTest><UnitTest name="GetFile_FileCanBeRoundTripped" storage="d:\github\modelrelief\modelrelief.test\bin\debug\netcoreapp2.0\modelrelief.test.dll" id="e5f33805-d6d0-4ce4-849a-b5bd8069f3f8"><Execution id="24f17091-4799-4a7f-84e9-83f703c7fd36" /><TestMethod codeBase="d:\Github\ModelRelief\ModelRelief.test\bin\Debug\netcoreapp2.0\ModelRelief.Test.dll" adapterTypeName="executor://xunit/VsTestRunner2/netcoreapp" className="ModelRelief.Test.Integration.DepthBuffers.DepthBuffersFileIntegrationTests" name="GetFile_FileCanBeRoundTripped" /></UnitTest><UnitTest name="PostFile_FileTimeStampIsUpdatedAfterFileIsPosted" storage="d:\github\modelrelief\modelrelief.test\bin\debug\netcoreapp2.0\modelrelief.test.dll" id="b46fc5d0-38b9-4e3f-ab96-2e1d5d353c37"><Execution id="ecc2de90-32db-4856-b7e2-6c75c7ac5564" /><TestMethod codeBase="d:\Github\ModelRelief\ModelRelief.test\bin\Debug\netcoreapp2.0\ModelRelief.Test.dll" adapterTypeName="executor://xunit/VsTestRunner2/netcoreapp" className="ModelRelief.Test.Integration.DepthBuffers.DepthBuffersFileIntegrationTests" name="PostFile_FileTimeStampIsUpdatedAfterFileIsPosted" /></UnitTest><UnitTest name="Patch_MultipleInvalidReferencePropertiesReturnsMultipleValidationErrorsAndBadRequest" storage="d:\github\modelrelief\modelrelief.test\bin\debug\netcoreapp2.0\modelrelief.test.dll" id="bf21fca4-86e5-4a65-b5f5-4361c0347c08"><Execution id="8c72d766-d7de-4783-a2a8-241af212293c" /><TestMethod codeBase="d:\Github\ModelRelief\ModelRelief.test\bin\Debug\netcoreapp2.0\ModelRelief.Test.dll" adapterTypeName="executor://xunit/VsTestRunner2/netcoreapp" className="ModelRelief.Test.Integration.Meshes.MeshesBaseIntegrationTests" name="Patch_MultipleInvalidReferencePropertiesReturnsMultipleValidationErrorsAndBadRequest" /></UnitTest><UnitTest name="Post_InvalidPropertyValueReturnsBadRequest" storage="d:\github\modelrelief\modelrelief.test\bin\debug\netcoreapp2.0\modelrelief.test.dll" id="2029cfd2-2087-4f8c-988f-2d6db1b89557"><Execution id="53c28576-ea02-4c3b-8584-30ffae47cb50" /><TestMethod codeBase="d:\Github\ModelRelief\ModelRelief.test\bin\Debug\netcoreapp2.0\ModelRelief.Test.dll" adapterTypeName="executor://xunit/VsTestRunner2/netcoreapp" className="ModelRelief.Test.Integration.Models.ModelsBaseIntegrationTests" name="Post_InvalidPropertyValueReturnsBadRequest" /></UnitTest></TestDefinitions><TestEntries><TestEntry testId="db419a99-d971-4bc2-95c0-02675e7667a9" executionId="8764d7aa-1b4a-40a6-bfb3-75e625faeb16" testListId="8c84fa94-04c1-424b-9868-57a2d4851a1d" /><TestEntry testId="448c7e9d-fd3b-4746-a3ce-7596c1a46a76" executionId="54fbbc07-92df-4630-8bc7-e343ff906aa1" testListId="8c84fa94-04c1-424b-9868-57a2d4851a1d" /><TestEntry testId="46ee256a-a8bf-41b3-8fcc-78d0c71b3aae" executionId="f08cbe52-e368-481e-a154-8f7e475ecce8" testListId="8c84fa94-04c1-424b-9868-57a2d4851a1d" /><TestEntry testId="013e9307-10f6-4f7f-973d-828ade8dc7e6" executionId="154a0aca-6f48-43ea-b97d-d0233d0cb110" testListId="8c84fa94-04c1-424b-9868-57a2d4851a1d" /><TestEntry testId="75b88bbf-129e-475e-84f2-eb317efec736" executionId="d6fac32d-5c5f-4ccd-8aa1-3c6f2918458a" testListId="8c84fa94-04c1-424b-9868-57a2d4851a1d" /><TestEntry testId="77531e21-5dc6-4118-9696-3fca78c44ee7" executionId="3fca503b-f216-449c-a923-4601032c6303" testListId="8c84fa94-04c1-424b-9868-57a2d4851a1d" /><TestEntry testId="e1986b34-cbf8-4eeb-a25a-dc556492c445" executionId="08ba8ad7-60ab-4543-81d2-ca7b99c87b53" testListId="8c84fa94-04c1-424b-9868-57a2d4851a1d" /><TestEntry testId="a0f96ec6-0c59-4779-a732-ed6b5ae69bc0" executionId="04493983-5a95-4004-9a51-cfabe2b0d215" testListId="8c84fa94-04c1-424b-9868-57a2d4851a1d" /><TestEntry testId="f35c6db3-7a69-4b72-92d2-312e24788c2e" executionId="a055218f-ab87-4058-b805-aa16fc21d3ed" testListId="8c84fa94-04c1-424b-9868-57a2d4851a1d" /><TestEntry testId="ddc6ec6e-f87f-4600-a22d-542cec4235c8" executionId="5d9bfe8b-d805-4bbc-be10-f7d73617304f" testListId="8c84fa94-04c1-424b-9868-57a2d4851a1d" /><TestEntry testId="86a4ba35-c329-48a1-8c42-f2a3ec7b77a5" executionId="12fc976d-0ad4-4c15-a6d9-25af04483ab6" testListId="8c84fa94-04c1-424b-9868-57a2d4851a1d" /><TestEntry testId="6d2938dd-ee4f-424d-b4d7-bf64f8852ddb" executionId="355954a6-14f8-4747-ae6b-41f49f6c1b8a" testListId="8c84fa94-04c1-424b-9868-57a2d4851a1d" /><TestEntry testId="dc9e1141-0fa8-4b1f-9db0-8ea66866c755" executionId="62b8db50-8870-4333-89ad-507626eed849" testListId="8c84fa94-04c1-424b-9868-57a2d4851a1d" /><TestEntry testId="0c0842f3-2a07-4133-ad5d-c241d91ff323" executionId="9e53925f-f55e-4696-b6e5-f8dab05cbda5" testListId="8c84fa94-04c1-424b-9868-57a2d4851a1d" /><TestEntry testId="8d63ea14-e204-4cad-a9d7-332f1b44a006" executionId="e25b70d5-3089-4691-b840-cfc43844dc67" testListId="8c84fa94-04c1-424b-9868-57a2d4851a1d" /><TestEntry testId="abedf417-9104-4c71-a78c-5ae4048991c9" executionId="3cb7b9fc-dea3-414a-a532-6375312913aa" testListId="8c84fa94-04c1-424b-9868-57a2d4851a1d" /><TestEntry testId="baf6d616-6508-4b96-8b5a-1b9451b98a42" executionId="d316df59-6b09-494a-ba62-15dd25466e70" testListId="8c84fa94-04c1-424b-9868-57a2d4851a1d" /><TestEntry testId="40d19aca-6ec7-44bc-b42f-90f52606a270" executionId="dd77f3b5-726e-4fce-be23-af17130c6df4" testListId="8c84fa94-04c1-424b-9868-57a2d4851a1d" /><TestEntry testId="f70ebd05-ac4f-4763-bee9-297976b2c0be" executionId="a3afc2ef-8a26-46e6-8b4c-93b58b324cda" testListId="8c84fa94-04c1-424b-9868-57a2d4851a1d" /><TestEntry testId="efbb47fc-9be4-47e6-819f-35e8b6a520b2" executionId="0b52881c-53b9-4215-a0af-116793fb88ed" testListId="8c84fa94-04c1-424b-9868-57a2d4851a1d" /><TestEntry testId="6c2bb79b-aa37-4a50-bf4b-707903997a18" executionId="3cc8e9ae-cf37-4b51-8411-093a96bd5167" testListId="8c84fa94-04c1-424b-9868-57a2d4851a1d" /><TestEntry testId="5febb493-82aa-4269-b7ef-4e5e2f1fec30" executionId="1bc427b0-3170-4853-b15a-de6d6dfa2dea" testListId="8c84fa94-04c1-424b-9868-57a2d4851a1d" /><TestEntry testId="8b94083e-3501-40bb-a9fd-65ebf3cbd3f4" executionId="b009f87a-ff1a-4694-91da-8e6c59863e2b" testListId="8c84fa94-04c1-424b-9868-57a2d4851a1d" /><TestEntry testId="c853618a-9c21-4c47-b8c4-c28a6e6a8635" executionId="02275672-2c4e-46e1-939c-8ef39ee90edc" testListId="8c84fa94-04c1-424b-9868-57a2d4851a1d" /><TestEntry testId="98b97e09-33a5-412d-8eeb-26110f850f8b" executionId="8f7c98c8-3d50-48d8-802b-c80dd4c24651" testListId="8c84fa94-04c1-424b-9868-57a2d4851a1d" /><TestEntry testId="ab4fbe0e-bbe5-4608-951d-8f91408c9630" executionId="094ef756-11c0-4a53-be88-a37624086d64" testListId="8c84fa94-04c1-424b-9868-57a2d4851a1d" /><TestEntry testId="1790143a-19bc-42ea-bff4-d9b186d36351" executionId="69d08b85-4d5c-48fc-8272-2aed37169570" testListId="8c84fa94-04c1-424b-9868-57a2d4851a1d" /><TestEntry testId="0023522b-47c0-425c-9af8-8feb3ac86a8c" executionId="3dffb518-c630-4f0b-a7e5-e7bdd427ca00" testListId="8c84fa94-04c1-424b-9868-57a2d4851a1d" /><TestEntry testId="7545a0d6-ff2a-4b21-a9de-a370fea24bf9" executionId="cbc33436-639b-4aec-96fd-b9b4a972bb9e" testListId="8c84fa94-04c1-424b-9868-57a2d4851a1d" /><TestEntry testId="509b8d00-e1b5-4ba4-8804-d4001589eb7a" executionId="a8257a35-bfad-4d59-b8dc-be6e31f667e9" testListId="8c84fa94-04c1-424b-9868-57a2d4851a1d" /><TestEntry testId="6f9faa53-af68-4a26-af3f-57cdb0a47c94" executionId="acee818f-ec17-4869-8e5c-71d1c1c4d379" testListId="8c84fa94-04c1-424b-9868-57a2d4851a1d" /><TestEntry testId="bb2dd221-edd4-4ed0-8bae-88312638b4aa" executionId="9b42493e-d66e-4448-a262-67f867d71c0b" testListId="8c84fa94-04c1-424b-9868-57a2d4851a1d" /><TestEntry testId="3acd9121-2929-487b-831f-c8e9fc0ee9a9" executionId="5eaffae1-7826-4f37-9e9e-ccd9e41fbe06" testListId="8c84fa94-04c1-424b-9868-57a2d4851a1d" /><TestEntry testId="13cc3bf4-7775-4fe3-9705-6c5cc7a856b4" executionId="510fffb6-1cc7-4232-b878-56aa9c11e78d" testListId="8c84fa94-04c1-424b-9868-57a2d4851a1d" /><TestEntry testId="4029c93e-f84c-4834-b39b-b96b14fe87f8" executionId="f9306d35-6f70-4dc1-ad86-21d9501d4755" testListId="8c84fa94-04c1-424b-9868-57a2d4851a1d" /><TestEntry testId="eec033da-4719-4b33-8edc-452aa5ad00e0" executionId="ad62abd1-713a-4730-be00-ff7bedf7929b" testListId="8c84fa94-04c1-424b-9868-57a2d4851a1d" /><TestEntry testId="e1a55afa-8d41-4b8c-8030-332a2ebe8768" executionId="ee1cc787-7e59-4d49-a3cc-de30845ff79a" testListId="8c84fa94-04c1-424b-9868-57a2d4851a1d" /><TestEntry testId="b0d3a5b0-3d0c-49f8-b8d0-d191839fe7e6" executionId="36541dda-fbb1-4617-8d82-4d1caca6b3dd" testListId="8c84fa94-04c1-424b-9868-57a2d4851a1d" /><TestEntry testId="362fb95d-2574-4c22-9434-e623b12d0c8d" executionId="c87a0590-3778-4851-b8a3-98c9a0fdbc0f" testListId="8c84fa94-04c1-424b-9868-57a2d4851a1d" /><TestEntry testId="53e04cac-5e63-4a51-b281-7a9fbd2dd875" executionId="92df169f-6620-404e-8929-d39eebcd79d6" testListId="8c84fa94-04c1-424b-9868-57a2d4851a1d" /><TestEntry testId="ba8c98cd-2fb8-4ab4-a65d-f86def249dbe" executionId="66c32fcb-e875-435b-9ee0-ad6f9ea49b98" testListId="8c84fa94-04c1-424b-9868-57a2d4851a1d" /><TestEntry testId="20e2101b-bc8e-44bf-b135-932a919ecdc2" executionId="d9346d2a-454a-431c-8841-8e95f163c1a3" testListId="8c84fa94-04c1-424b-9868-57a2d4851a1d" /><TestEntry testId="e72d9e12-8084-4b14-845b-165edccd20a1" executionId="136248fe-841e-48ae-95c9-6811567f5bee" testListId="8c84fa94-04c1-424b-9868-57a2d4851a1d" /><TestEntry testId="d3b5c635-830c-434f-b337-b05692d70d1c" executionId="7b231e45-41f4-4d4e-91dd-3f216665dbd5" testListId="8c84fa94-04c1-424b-9868-57a2d4851a1d" /><TestEntry testId="c7d1bc44-63e4-4ce6-8b5f-4f46b5c425ca" executionId="db93db09-ff49-4273-b6d1-362fe32f53d7" testListId="8c84fa94-04c1-424b-9868-57a2d4851a1d" /><TestEntry testId="e4db012c-ebc7-4548-88c1-3b96bbb6e019" executionId="12b427eb-1551-4873-9683-73b7bf66e850" testListId="8c84fa94-04c1-424b-9868-57a2d4851a1d" /><TestEntry testId="48c935d4-9544-4108-b623-7998b2cfca54" executionId="5fbacffe-2443-41c7-9335-435418bd1a94" testListId="8c84fa94-04c1-424b-9868-57a2d4851a1d" /><TestEntry testId="93ed1db0-8fc4-40fa-9363-98710c59c716" executionId="91c78f31-1dc4-4747-a861-4a6ded5ba600" testListId="8c84fa94-04c1-424b-9868-57a2d4851a1d" /><TestEntry testId="2706ea17-b296-40dc-ae68-b4bbb47f9f2b" executionId="5d352858-5226-4b4c-b5a4-10ef6aa93848" testListId="8c84fa94-04c1-424b-9868-57a2d4851a1d" /><TestEntry testId="5b22ea9c-a2a1-4288-b7cb-c5a14a42a708" executionId="e1a5af5a-793e-442d-b5f0-50bf331802bd" testListId="8c84fa94-04c1-424b-9868-57a2d4851a1d" /><TestEntry testId="14a2194a-0f55-4815-b453-3b95ab995cc4" executionId="d94cc291-7195-47a1-9e57-5249da846ca9" testListId="8c84fa94-04c1-424b-9868-57a2d4851a1d" /><TestEntry testId="3b823f37-e1e3-4bf0-aaec-1c10c0a01c6f" executionId="b2229a12-bcc4-4727-a2fa-785dbf728c38" testListId="8c84fa94-04c1-424b-9868-57a2d4851a1d" /><TestEntry testId="b8a10a89-e39e-4572-9b51-ed07b7fa4e04" executionId="f350969b-dc34-4b73-93ab-4a4340a5640e" testListId="8c84fa94-04c1-424b-9868-57a2d4851a1d" /><TestEntry testId="ca01d53f-90a6-4a38-a957-af073db6f72f" executionId="08f4dd22-0950-4668-8507-a5bb1d1ed2e9" testListId="8c84fa94-04c1-424b-9868-57a2d4851a1d" /><TestEntry testId="3ef414dc-c3fb-4bde-85de-fd26d9499f20" executionId="64a9b5aa-037f-4d02-8ffd-bf8e5a1ce944" testListId="8c84fa94-04c1-424b-9868-57a2d4851a1d" /><TestEntry testId="637d71a9-a815-4398-914a-68c64b03375a" executionId="d58b8299-57f0-40e5-8dbd-762485cfe9bf" testListId="8c84fa94-04c1-424b-9868-57a2d4851a1d" /><TestEntry testId="0505c3c5-ba55-4f6d-a61f-a329023f32cb" executionId="0d578b98-b1d2-4cfe-b430-50dc6bcb37c4" testListId="8c84fa94-04c1-424b-9868-57a2d4851a1d" /><TestEntry testId="62c23368-4769-4098-ba8c-9aa26f1c4d55" executionId="a8a30581-4340-460d-bcd7-b8a7d18e3b4f" testListId="8c84fa94-04c1-424b-9868-57a2d4851a1d" /><TestEntry testId="6589f261-3c6c-4676-a802-511f6b7ee568" executionId="41fe00ba-8294-4cd0-afe3-1ec29165cd80" testListId="8c84fa94-04c1-424b-9868-57a2d4851a1d" /><TestEntry testId="7cce698c-535d-4ce1-bfc3-c4ad2474cf3f" executionId="629b89d2-b9f1-4f2c-973e-dc8293caa29a" testListId="8c84fa94-04c1-424b-9868-57a2d4851a1d" /><TestEntry testId="c77eae59-af87-477a-abde-f9b3ce1ca86b" executionId="0cea521f-3f71-4a8b-86be-1c3e8382b5d0" testListId="8c84fa94-04c1-424b-9868-57a2d4851a1d" /><TestEntry testId="7d00777f-71a7-421f-aaa7-a4d1d891ac56" executionId="2c88540b-5fe7-4163-ab87-720e17616a5d" testListId="8c84fa94-04c1-424b-9868-57a2d4851a1d" /><TestEntry testId="8bcea934-91aa-4484-ba10-b8fddfdd251b" executionId="ae7fd0f9-bf10-4e64-bf2d-b4173eb248f1" testListId="8c84fa94-04c1-424b-9868-57a2d4851a1d" /><TestEntry testId="50935a2e-c7bd-4e64-a074-528480b8a025" executionId="1287ae71-6931-4044-8233-ac47bca20263" testListId="8c84fa94-04c1-424b-9868-57a2d4851a1d" /><TestEntry testId="0dceb42c-24ea-4964-a730-b8da394a1d18" executionId="958fe0e1-0dbe-424d-9dc2-c91e52a4520f" testListId="8c84fa94-04c1-424b-9868-57a2d4851a1d" /><TestEntry testId="e5f33805-d6d0-4ce4-849a-b5bd8069f3f8" executionId="24f17091-4799-4a7f-84e9-83f703c7fd36" testListId="8c84fa94-04c1-424b-9868-57a2d4851a1d" /><TestEntry testId="78b04730-1279-4b8f-a4eb-8e08d82656e6" executionId="dca6cf4b-723e-4c4c-8779-f984e147a0f1" testListId="8c84fa94-04c1-424b-9868-57a2d4851a1d" /><TestEntry testId="af5fc11d-0e74-4bc6-aa29-156261316aab" executionId="bf03d2cf-fe01-44e1-99d6-ec7aabf5d375" testListId="8c84fa94-04c1-424b-9868-57a2d4851a1d" /><TestEntry testId="a38ad515-9dbc-4ea3-a281-2c3371607861" executionId="5c9fb869-907c-40cd-ae85-4c7ecdf2f29c" testListId="8c84fa94-04c1-424b-9868-57a2d4851a1d" /><TestEntry testId="968898f1-faad-4c11-9a10-c6323ecd393c" executionId="0c504c59-bb0d-4c5e-9804-2ae635021d26" testListId="8c84fa94-04c1-424b-9868-57a2d4851a1d" /><TestEntry testId="be882724-fc17-40d6-a6dc-7c4c7a7c377d" executionId="ffa58559-9dc9-46d0-9679-94a590c21208" testListId="8c84fa94-04c1-424b-9868-57a2d4851a1d" /><TestEntry testId="b46fc5d0-38b9-4e3f-ab96-2e1d5d353c37" executionId="ecc2de90-32db-4856-b7e2-6c75c7ac5564" testListId="8c84fa94-04c1-424b-9868-57a2d4851a1d" /><TestEntry testId="493e7e86-1f2b-4645-93fb-13d2e2460f1d" executionId="91fe3229-759d-40fe-ad08-c0a354a9aa58" testListId="8c84fa94-04c1-424b-9868-57a2d4851a1d" /><TestEntry testId="331049dc-ce13-4dd0-b882-8aaf88da47e0" executionId="b9f9a104-fab2-4028-aceb-e6fc9c75606b" testListId="8c84fa94-04c1-424b-9868-57a2d4851a1d" /><TestEntry testId="7bd5d50b-0a1e-4c56-a9cb-2bfb0eacfe33" executionId="7954531e-659d-4575-86cf-4dc339db21cf" testListId="8c84fa94-04c1-424b-9868-57a2d4851a1d" /><TestEntry testId="e9f41264-0296-47f5-98f3-ce4deeb23da3" executionId="4b37e18e-e1bb-4a83-85d0-2b2746705b4d" testListId="8c84fa94-04c1-424b-9868-57a2d4851a1d" /><TestEntry testId="e6f19dc6-a206-4469-b59e-5d05f25071df" executionId="13d080be-07cf-4081-8ff4-dcd88847ae6e" testListId="8c84fa94-04c1-424b-9868-57a2d4851a1d" /><TestEntry testId="bb4d6cd1-92d1-4714-bafb-643b3a907a24" executionId="ec90c30e-2524-4734-8db4-92620aaeed89" testListId="8c84fa94-04c1-424b-9868-57a2d4851a1d" /><TestEntry testId="7f47e861-23c1-49ff-b4f8-83a4cf8adde3" executionId="da6e8067-b199-4366-add3-a6fe8eecd5b6" testListId="8c84fa94-04c1-424b-9868-57a2d4851a1d" /><TestEntry testId="ede3ac31-e4b8-424f-94f4-341647b87183" executionId="07f9e7d8-80d0-46e4-a875-e0cdd94e1b2f" testListId="8c84fa94-04c1-424b-9868-57a2d4851a1d" /><TestEntry testId="8e1df736-517b-4353-9bdb-5e5549738c14" executionId="14a85866-c993-4d60-8125-336c75eb206f" testListId="8c84fa94-04c1-424b-9868-57a2d4851a1d" /><TestEntry testId="72368bbe-e9c2-435f-9929-41604bf7182b" executionId="58b7c105-2d63-44ad-8fac-68dddba7de82" testListId="8c84fa94-04c1-424b-9868-57a2d4851a1d" /><TestEntry testId="f9ed57fd-fb51-4426-8e29-bc0247f79496" executionId="db9d161f-d655-4322-9c21-e55334c8a3a5" testListId="8c84fa94-04c1-424b-9868-57a2d4851a1d" /><TestEntry testId="e0071e86-7563-446f-9344-1a92dbb26440" executionId="4a4803ea-c455-44fa-ac31-88fbc93e7b92" testListId="8c84fa94-04c1-424b-9868-57a2d4851a1d" /><TestEntry testId="92917ad8-79d3-4f98-947e-88b9d2fb8ec8" executionId="5cf7fd13-ba51-4d2c-b468-6d59445b0338" testListId="8c84fa94-04c1-424b-9868-57a2d4851a1d" /><TestEntry testId="eeccca0a-08a0-46a6-b490-19e8750ddaca" executionId="07ad38bc-d8c5-4909-968a-bb7bf18d79fe" testListId="8c84fa94-04c1-424b-9868-57a2d4851a1d" /><TestEntry testId="b072d4d0-c0ef-4c86-9c92-f56a81709130" executionId="814c1e87-288a-4007-8614-d1bbf3c95b88" testListId="8c84fa94-04c1-424b-9868-57a2d4851a1d" /><TestEntry testId="7ec42ab6-0f90-43d1-8c4c-7cfbbb49f432" executionId="d3b8d8f6-6848-4fc1-8505-acaa01191fe0" testListId="8c84fa94-04c1-424b-9868-57a2d4851a1d" /><TestEntry testId="b5895322-60d0-4e64-8036-8ec2d0daacb9" executionId="89f378b9-80f7-44bd-bbb9-fbc5729957be" testListId="8c84fa94-04c1-424b-9868-57a2d4851a1d" /><TestEntry testId="a3df6375-f699-47a5-92ea-ea3b18b30137" executionId="970e5b46-4da3-47bc-84fe-acd292d7a4f7" testListId="8c84fa94-04c1-424b-9868-57a2d4851a1d" /><TestEntry testId="ee7a129d-9587-471b-8b26-fdb11b091842" executionId="332e6a56-4350-45d3-b541-ef831bba71dc" testListId="8c84fa94-04c1-424b-9868-57a2d4851a1d" /><TestEntry testId="815b4fab-6f21-49d6-a7cc-c3508897a58d" executionId="2ef64cc8-a5c0-4145-a590-cdc111dc7b4e" testListId="8c84fa94-04c1-424b-9868-57a2d4851a1d" /><TestEntry testId="22436fbf-1f5b-4ef8-ad16-6eaf402734b0" executionId="2304a098-1062-4e4f-8026-f5b1d4d3f5e4" testListId="8c84fa94-04c1-424b-9868-57a2d4851a1d" /><TestEntry testId="dc5fa1c3-3a2f-4c09-83ba-744cb9adf9d3" executionId="7bb97f8b-8a3b-4f77-9ac4-007ecc7514e0" testListId="8c84fa94-04c1-424b-9868-57a2d4851a1d" /><TestEntry testId="42286bc7-f933-4f85-af2b-59fa9b1bd0b4" executionId="ccc09358-2ac5-4a74-a0b0-905b44dba95c" testListId="8c84fa94-04c1-424b-9868-57a2d4851a1d" /><TestEntry testId="ff358b31-dcb6-40d1-a47c-192fce7dd56b" executionId="3ee29ea8-17eb-45d8-8a9c-39411ea33142" testListId="8c84fa94-04c1-424b-9868-57a2d4851a1d" /><TestEntry testId="27f45968-2885-407d-950c-4f65f50aae31" executionId="c84ee2b8-e587-448a-ad64-28cb6672f198" testListId="8c84fa94-04c1-424b-9868-57a2d4851a1d" /><TestEntry testId="25a99115-459c-4b1c-92e6-d4aad00fa312" executionId="a1b89f27-703d-41cb-b238-fa9e99554d1b" testListId="8c84fa94-04c1-424b-9868-57a2d4851a1d" /><TestEntry testId="c242776d-955a-4c26-8ee7-9172b060d8b2" executionId="9ed675c7-0272-49f4-8aac-b815c4bf76c3" testListId="8c84fa94-04c1-424b-9868-57a2d4851a1d" /><TestEntry testId="80b82314-3599-4214-bb11-675df741268e" executionId="3f2d04c6-6db3-402c-b01d-16f9cd8b3f41" testListId="8c84fa94-04c1-424b-9868-57a2d4851a1d" /><TestEntry testId="e526916e-bc26-4ffa-a3e1-35f8879bc17d" executionId="e6b29f14-563a-4653-aee3-f6426ba9ac62" testListId="8c84fa94-04c1-424b-9868-57a2d4851a1d" /><TestEntry testId="b2af7984-7b2b-4617-9daf-c80573777c49" executionId="869cd5b8-2851-4368-b164-69a5b4db70b2" testListId="8c84fa94-04c1-424b-9868-57a2d4851a1d" /><TestEntry testId="3541561a-4255-48e0-a3d4-be1d6e306343" executionId="1c540fa6-7cf2-42ee-8e95-fa6042882555" testListId="8c84fa94-04c1-424b-9868-57a2d4851a1d" /><TestEntry testId="950c89c3-247e-4e20-a3d0-25b86b7a63f7" executionId="9cbcded4-ac5d-47f6-9a3b-5a02ca83204a" testListId="8c84fa94-04c1-424b-9868-57a2d4851a1d" /><TestEntry testId="37ce56c7-dfe4-4142-bbd5-829b3fc2d515" executionId="f19e422f-b95a-46ef-9059-4760ea285778" testListId="8c84fa94-04c1-424b-9868-57a2d4851a1d" /><TestEntry testId="1bd2626c-98cb-4b10-8622-3b9e115fc594" executionId="a531dae6-40b4-495d-8fc0-2a2ca0e3f51e" testListId="8c84fa94-04c1-424b-9868-57a2d4851a1d" /><TestEntry testId="84b5ed85-61aa-42a8-9671-5fd43db1ba96" executionId="9dbccc3c-af70-4e45-9ab5-b971dbd0d1c7" testListId="8c84fa94-04c1-424b-9868-57a2d4851a1d" /><TestEntry testId="2029cfd2-2087-4f8c-988f-2d6db1b89557" executionId="53c28576-ea02-4c3b-8584-30ffae47cb50" testListId="8c84fa94-04c1-424b-9868-57a2d4851a1d" /><TestEntry testId="efc34f2a-9062-41ca-8069-f77b4012c4cd" executionId="6e0f0989-d98a-4cdf-adaa-3b8c430a774f" testListId="8c84fa94-04c1-424b-9868-57a2d4851a1d" /><TestEntry testId="b02f938e-5f97-46e1-8020-db4d0b19eb4b" executionId="b1c77436-9efb-4471-8203-0d3cdc845c61" testListId="8c84fa94-04c1-424b-9868-57a2d4851a1d" /><TestEntry testId="8744c060-828b-421e-b076-b736f6477833" executionId="d65049ad-15a8-4699-b496-42f7a9769be1" testListId="8c84fa94-04c1-424b-9868-57a2d4851a1d" /><TestEntry testId="cae41142-03c0-46e6-b941-3b7a41de9883" executionId="c1f542aa-1d9f-42d3-b29c-6b3ea65420b2" testListId="8c84fa94-04c1-424b-9868-57a2d4851a1d" /><TestEntry testId="09dc0089-ed1f-4cc3-b7d5-96d839592276" executionId="254861bb-e439-492f-af41-1d2a32470179" testListId="8c84fa94-04c1-424b-9868-57a2d4851a1d" /><TestEntry testId="bf21fca4-86e5-4a65-b5f5-4361c0347c08" executionId="8c72d766-d7de-4783-a2a8-241af212293c" testListId="8c84fa94-04c1-424b-9868-57a2d4851a1d" /><TestEntry testId="ab7271f4-8c72-45f0-9e7a-d2299429cf0f" executionId="40fc9587-895b-4266-beea-829b9180315d" testListId="8c84fa94-04c1-424b-9868-57a2d4851a1d" /><TestEntry testId="9b524983-96cd-4c64-a2ff-81aa0b8f0942" executionId="4c1a01ac-e489-4455-aa55-9b13f12f9600" testListId="8c84fa94-04c1-424b-9868-57a2d4851a1d" /><TestEntry testId="64669fc5-f0f7-449d-8de1-50b54041b241" executionId="a0ce0cfd-4881-4028-994b-70c2839abfd5" testListId="8c84fa94-04c1-424b-9868-57a2d4851a1d" /><TestEntry testId="83767b8f-6edd-4729-8255-1360b85c5799" executionId="402c1dc0-ef56-4ae8-afd8-a731a51c8f23" testListId="8c84fa94-04c1-424b-9868-57a2d4851a1d" /><TestEntry testId="289e29c7-3f3a-4d31-b757-33e650e046aa" executionId="095710a2-4b84-424f-94bb-636684d283ac" testListId="8c84fa94-04c1-424b-9868-57a2d4851a1d" /><TestEntry testId="d58224c2-3ef0-42db-a7aa-cad63f53c3ec" executionId="67c63278-b3fc-4745-8ea9-c494b7a68b93" testListId="8c84fa94-04c1-424b-9868-57a2d4851a1d" /><TestEntry testId="0f93e6de-9cee-4d6f-8169-a4440f7d1158" executionId="40748950-96d9-4fcd-8323-a41aa9da18b4" testListId="8c84fa94-04c1-424b-9868-57a2d4851a1d" /><TestEntry testId="f0321246-9946-4080-ab75-002b0acf8e8a" executionId="3944ca9d-af86-4ce6-b0d3-3c8fdec4bd48" testListId="8c84fa94-04c1-424b-9868-57a2d4851a1d" /><TestEntry testId="dfa6bd3d-e898-4a35-a048-6af530a1b42d" executionId="24f0adef-87b8-408c-8464-309764f2da18" testListId="8c84fa94-04c1-424b-9868-57a2d4851a1d" /><TestEntry testId="184cc256-de1a-4ab3-a4a7-5783960863f2" executionId="dfc4798a-2b19-48fc-aee6-d608d9f07b60" testListId="8c84fa94-04c1-424b-9868-57a2d4851a1d" /><TestEntry testId="f1bc48c8-6844-43f5-9305-4fb3b5ddd9ef" executionId="4ca7282c-1c8d-4e63-b8d3-7e1e41afc0d3" testListId="8c84fa94-04c1-424b-9868-57a2d4851a1d" /><TestEntry testId="a5260319-6bff-49a5-b6fb-40924ddd2ec3" executionId="a294f732-0be3-4a20-801e-09699468a205" testListId="8c84fa94-04c1-424b-9868-57a2d4851a1d" /><TestEntry testId="eba68d49-0fd0-44e1-8245-67acf58481c2" executionId="e0789870-f8e5-42ff-820b-9bd29da65ded" testListId="8c84fa94-04c1-424b-9868-57a2d4851a1d" /><TestEntry testId="84a1b518-c7d2-49aa-a4de-c8d87b610797" executionId="f5f64e45-99df-484d-8ef0-411080ecdb9d" testListId="8c84fa94-04c1-424b-9868-57a2d4851a1d" /><TestEntry testId="b92f3648-1254-43c3-996c-b9b8bb65bd21" executionId="42c4352a-6ce4-4089-9f6e-36fd2d2cd2e2" testListId="8c84fa94-04c1-424b-9868-57a2d4851a1d" /><TestEntry testId="51270e22-1cf9-4a80-b0c4-772af77c0893" executionId="8707a954-f4db-457e-a254-cf1bdb722e09" testListId="8c84fa94-04c1-424b-9868-57a2d4851a1d" /><TestEntry testId="fe8543a3-82ff-4d77-abd3-05505ca88bfe" executionId="0046c2d4-eefc-454a-9005-f9ee9a7a6aa5" testListId="8c84fa94-04c1-424b-9868-57a2d4851a1d" /><TestEntry testId="8a5fa462-7997-4ad4-9c45-ff8a63e79034" executionId="f93f3fbc-c319-435c-b995-797420ed66b2" testListId="8c84fa94-04c1-424b-9868-57a2d4851a1d" /><TestEntry testId="ced7fe86-daea-4e68-b3f3-bec26256ed63" executionId="fbd77af5-aeef-422f-a16e-d868aec9a7c0" testListId="8c84fa94-04c1-424b-9868-57a2d4851a1d" /><TestEntry testId="ee7e6b6a-5eb6-4f98-9b99-ba073f863baf" executionId="0ba78e08-f0d6-4e4d-a6a4-ad44cfd75a4d" testListId="8c84fa94-04c1-424b-9868-57a2d4851a1d" /><TestEntry testId="d97205bf-f4af-4211-a272-4c8caacd7653" executionId="398b9706-642d-4766-bed8-86c9798b14ed" testListId="8c84fa94-04c1-424b-9868-57a2d4851a1d" /><TestEntry testId="79d0d882-939f-4b60-b2b8-fda3941a5b11" executionId="aa1a1b04-ec48-4ce3-a443-5c34d94104d2" testListId="8c84fa94-04c1-424b-9868-57a2d4851a1d" /><TestEntry testId="ede50374-a220-4c08-a694-0039cd066065" executionId="aaf9cd17-8bad-4aff-88df-f49562795bf4" testListId="8c84fa94-04c1-424b-9868-57a2d4851a1d" /><TestEntry testId="9a61be4f-c136-481d-a4ad-9795da9df94d" executionId="bf70d632-6f36-4f08-b6fe-4eddcd4d96c4" testListId="8c84fa94-04c1-424b-9868-57a2d4851a1d" /><TestEntry testId="87e09d53-7627-47b6-9fe6-0e8bb2018004" executionId="7356a0ad-b709-4dbd-9311-8262c41a3e38" testListId="8c84fa94-04c1-424b-9868-57a2d4851a1d" /><TestEntry testId="b92dbc84-4100-46b4-9541-4cd806c24c39" executionId="9a555fab-6162-4599-8bfc-7d3fafb2090b" testListId="8c84fa94-04c1-424b-9868-57a2d4851a1d" /><TestEntry testId="8e7e8a07-e5f9-4cd9-88b4-ebd87c87ce11" executionId="e58e7e03-bbe1-4062-abf0-b989f2f80f0a" testListId="8c84fa94-04c1-424b-9868-57a2d4851a1d" /><TestEntry testId="3a683960-31eb-420b-8ad0-f59c4031f7ef" executionId="ca3807fb-2712-4d30-b089-08a0e598dc1f" testListId="8c84fa94-04c1-424b-9868-57a2d4851a1d" /><TestEntry testId="94e6b8f6-549d-4505-8a0a-164a3a79209b" executionId="092739fe-83da-4610-8402-c3bea9e97bf7" testListId="8c84fa94-04c1-424b-9868-57a2d4851a1d" /><TestEntry testId="13325718-74c9-440b-ac88-e1f1121aa22f" executionId="324308b0-45cf-4c64-a130-aaf30762ce11" testListId="8c84fa94-04c1-424b-9868-57a2d4851a1d" /><TestEntry testId="eaebeacf-8118-4b4a-b892-c4bea734e8dc" executionId="3c89023a-9228-427f-a8b4-e7884d78b47b" testListId="8c84fa94-04c1-424b-9868-57a2d4851a1d" /><TestEntry testId="86de1bc4-5501-4a1e-beef-112dc523b9b7" executionId="c01ba52f-b170-4690-a1d2-6677995e918a" testListId="8c84fa94-04c1-424b-9868-57a2d4851a1d" /><TestEntry testId="f188cc09-768a-46e5-8a46-e49ece88d98b" executionId="63db0523-dfc8-4e51-ba91-c63f3470ddbb" testListId="8c84fa94-04c1-424b-9868-57a2d4851a1d" /><TestEntry testId="6cbdf118-4e2e-496b-873a-9bde8dde3f7f" executionId="425dd79d-d513-4f6f-88e7-0364b74ccbd7" testListId="8c84fa94-04c1-424b-9868-57a2d4851a1d" /><TestEntry testId="328b65c5-79c3-4d23-ba1b-cbada4ebf82c" executionId="8e6e8efc-a0c2-455e-9abf-d07ffc1fbd39" testListId="8c84fa94-04c1-424b-9868-57a2d4851a1d" /><TestEntry testId="529855d2-177d-4739-816b-74533d8ad365" executionId="1319e4af-336f-42c3-b145-bfb22bc133d6" testListId="8c84fa94-04c1-424b-9868-57a2d4851a1d" /><TestEntry testId="c5b0f6e7-4ea9-4aed-8021-13ecd34a9dae" executionId="64ce9099-1acc-4d59-a8c1-61b04279de5b" testListId="8c84fa94-04c1-424b-9868-57a2d4851a1d" /></TestEntries><TestLists><TestList name="Results Not in a List" id="8c84fa94-04c1-424b-9868-57a2d4851a1d" /><TestList name="All Loaded Results" id="19431567-8539-422a-85d7-44ee4e166bda" /></TestLists><ResultSummary outcome="Completed"><Counters total="151" executed="151" passed="151" failed="0" error="0" timeout="0" aborted="0" inconclusive="0" passedButRunAborted="0" notRunnable="0" notExecuted="0" disconnected="0" warning="0" completed="0" inProgress="0" pending="0" /><Output><StdOut>[xUnit.net 00:00:01.2283877]   Discovering: ModelRelief.Test[xUnit.net 00:00:01.3391732]   Discovered:  ModelRelief.Test[xUnit.net 00:00:01.3448341]   Starting:    ModelRelief.Test[xUnit.net 00:00:52.1636793]   Finished:    ModelRelief.Test</StdOut></Output></ResultSummary></TestRun>