<?xml version="1.0" encoding="utf-8"?><TestRun id="d3366362-3ec8-4c0d-b230-8e9163146781" name="Steve Knipmeyer@VECTOR 2018-08-23 10:14:58" runUser="VECTOR\Steve Knipmeyer" xmlns="http://microsoft.com/schemas/VisualStudio/TeamTest/2010"><Times creation="2018-08-23T10:14:58.9068539-04:00" queuing="2018-08-23T10:14:58.9068648-04:00" start="2018-08-23T10:14:54.7033059-04:00" finish="2018-08-23T10:15:38.6571800-04:00" /><TestSettings name="default" id="ecdad968-3ccb-4003-9f7e-d0ac7caed76c"><Deployment runDeploymentRoot="Steve_Knipmeyer_VECTOR_2018-08-23_10_14_58" /></TestSettings><Results><UnitTestResult executionId="5e9149fa-a3f3-4e20-9589-39b33c290aa5" testId="334aa7c2-f4a3-42f8-bd37-4c1f5c637583" testName="GetFile_ExistingFileReturnsSuccess" computerName="VECTOR" duration="00:00:00.0370000" startTime="2018-08-23T10:15:31.3210940-04:00" endTime="2018-08-23T10:15:31.3211008-04:00" testType="13cdc9d9-ddb5-4fa4-a97d-d965ccfc6d4b" outcome="Passed" testListId="8c84fa94-04c1-424b-9868-57a2d4851a1d" relativeResultsDirectory="5e9149fa-a3f3-4e20-9589-39b33c290aa5" /><UnitTestResult executionId="eb1d4c1a-be2c-43c4-bae2-e6b233e36698" testId="485bed08-08e6-4543-befb-b1490516d1c1" testName="FileRequest_DepthBufferIsInvalidatedAfterCameraDependencyPropertyChange" computerName="VECTOR" duration="00:00:01.1580000" startTime="2018-08-23T10:15:35.0496144-04:00" endTime="2018-08-23T10:15:35.0496205-04:00" testType="13cdc9d9-ddb5-4fa4-a97d-d965ccfc6d4b" outcome="Passed" testListId="8c84fa94-04c1-424b-9868-57a2d4851a1d" relativeResultsDirectory="eb1d4c1a-be2c-43c4-bae2-e6b233e36698" /><UnitTestResult executionId="587ed6ab-a77b-45dd-8777-b7a7f80edc54" testId="c3c7c1ad-2c8b-4150-a96b-398571d5ba6d" testName="GetFile_FileCanBeRoundTripped" computerName="VECTOR" duration="00:00:00.3670000" startTime="2018-08-23T10:15:16.8186860-04:00" endTime="2018-08-23T10:15:16.8186926-04:00" testType="13cdc9d9-ddb5-4fa4-a97d-d965ccfc6d4b" outcome="Passed" testListId="8c84fa94-04c1-424b-9868-57a2d4851a1d" relativeResultsDirectory="587ed6ab-a77b-45dd-8777-b7a7f80edc54" /><UnitTestResult executionId="92fff634-d492-4ce2-a91a-ca6120b48b4a" testId="48821cec-b831-4f6e-b487-5c4036fcb777" testName="Model3dHasExpectedDependentFiles" computerName="VECTOR" duration="00:00:00.0300000" startTime="2018-08-23T10:14:57.8866814-04:00" endTime="2018-08-23T10:14:57.8866884-04:00" testType="13cdc9d9-ddb5-4fa4-a97d-d965ccfc6d4b" outcome="Passed" testListId="8c84fa94-04c1-424b-9868-57a2d4851a1d" relativeResultsDirectory="92fff634-d492-4ce2-a91a-ca6120b48b4a" /><UnitTestResult executionId="fefd7f52-5fcf-4adf-9b42-8e12a7647b01" testId="ccb0e12e-f4bd-4633-8516-c05f4930f042" testName="Delete_TargetModelIsDeleted" computerName="VECTOR" duration="00:00:00.4420000" startTime="2018-08-23T10:14:59.3311660-04:00" endTime="2018-08-23T10:14:59.3311722-04:00" testType="13cdc9d9-ddb5-4fa4-a97d-d965ccfc6d4b" outcome="Passed" testListId="8c84fa94-04c1-424b-9868-57a2d4851a1d" relativeResultsDirectory="fefd7f52-5fcf-4adf-9b42-8e12a7647b01" /><UnitTestResult executionId="904d58a0-907e-414e-b672-10c460a70000" testId="808abde1-85fa-4e81-af43-63aecefe46f9" testName="PostFile_NewFileCanBePosted" computerName="VECTOR" duration="00:00:00.3140000" startTime="2018-08-23T10:15:35.9480906-04:00" endTime="2018-08-23T10:15:35.9480971-04:00" testType="13cdc9d9-ddb5-4fa4-a97d-d965ccfc6d4b" outcome="Passed" testListId="8c84fa94-04c1-424b-9868-57a2d4851a1d" relativeResultsDirectory="904d58a0-907e-414e-b672-10c460a70000" /><UnitTestResult executionId="0fd7777c-c45a-4c0a-882b-da6dd79f6e18" testId="77c53811-f47d-4f0c-8b98-f59b9d421d0f" testName="GetFile_FileCanBeRoundTripped" computerName="VECTOR" duration="00:00:00.3480000" startTime="2018-08-23T10:15:05.8519302-04:00" endTime="2018-08-23T10:15:05.8519370-04:00" testType="13cdc9d9-ddb5-4fa4-a97d-d965ccfc6d4b" outcome="Passed" testListId="8c84fa94-04c1-424b-9868-57a2d4851a1d" relativeResultsDirectory="0fd7777c-c45a-4c0a-882b-da6dd79f6e18" /><UnitTestResult executionId="83975648-a757-4968-96b2-2e4dcb511cf4" testId="ff36886b-ec1b-4986-ad7d-f4f5c9ee1871" testName="Put_InvalidIdReturnsNotFound" computerName="VECTOR" duration="00:00:00.0270000" startTime="2018-08-23T10:15:30.2428022-04:00" endTime="2018-08-23T10:15:30.2428074-04:00" testType="13cdc9d9-ddb5-4fa4-a97d-d965ccfc6d4b" outcome="Passed" testListId="8c84fa94-04c1-424b-9868-57a2d4851a1d" relativeResultsDirectory="83975648-a757-4968-96b2-2e4dcb511cf4" /><UnitTestResult executionId="a83a9c86-d139-4732-a1b5-2d25b5ab2d9f" testId="2b362e06-d66f-460d-9e93-6a8d6eb9d211" testName="Post_ValidReferencePropertyCreatesModel" computerName="VECTOR" duration="00:00:00.2290000" startTime="2018-08-23T10:15:30.8998196-04:00" endTime="2018-08-23T10:15:30.8998254-04:00" testType="13cdc9d9-ddb5-4fa4-a97d-d965ccfc6d4b" outcome="Passed" testListId="8c84fa94-04c1-424b-9868-57a2d4851a1d" relativeResultsDirectory="a83a9c86-d139-4732-a1b5-2d25b5ab2d9f" /><UnitTestResult executionId="c9cd1c7b-3039-4ee0-9fff-1a3ad5614da1" testId="0ebdd2d8-8985-4b93-a73d-160488695703" testName="Patch_InvalidIdPropertyReturnsNotFound" computerName="VECTOR" duration="00:00:00.0140000" startTime="2018-08-23T10:15:07.3877788-04:00" endTime="2018-08-23T10:15:07.3877838-04:00" testType="13cdc9d9-ddb5-4fa4-a97d-d965ccfc6d4b" outcome="Passed" testListId="8c84fa94-04c1-424b-9868-57a2d4851a1d" relativeResultsDirectory="c9cd1c7b-3039-4ee0-9fff-1a3ad5614da1" /><UnitTestResult executionId="8d0636c3-312b-40e7-9369-c0b9e8437f1f" testId="d2cb9837-098e-45fb-9276-58bc111d7e20" testName="Patch_InvalidReferencePropertyReturnsBadRequest" computerName="VECTOR" duration="00:00:00.0350000" startTime="2018-08-23T10:15:12.2468208-04:00" endTime="2018-08-23T10:15:12.2468275-04:00" testType="13cdc9d9-ddb5-4fa4-a97d-d965ccfc6d4b" outcome="Passed" testListId="8c84fa94-04c1-424b-9868-57a2d4851a1d" relativeResultsDirectory="8d0636c3-312b-40e7-9369-c0b9e8437f1f" /><UnitTestResult executionId="702ced93-7bba-4970-a2b4-60a5c4fcbc54" testId="f79d18b3-9714-4852-981c-54671b808954" testName="Delete_TargetModelIsDeleted" computerName="VECTOR" duration="00:00:00.1860000" startTime="2018-08-23T10:15:36.7972517-04:00" endTime="2018-08-23T10:15:36.7972578-04:00" testType="13cdc9d9-ddb5-4fa4-a97d-d965ccfc6d4b" outcome="Passed" testListId="8c84fa94-04c1-424b-9868-57a2d4851a1d" relativeResultsDirectory="702ced93-7bba-4970-a2b4-60a5c4fcbc54" /><UnitTestResult executionId="879db8df-f825-4b1f-bfdd-6db5cb24ae01" testId="b78651ea-5842-4a3a-9b68-1533a100cf88" testName="GetSingle_InvalidIdPropertyValueReturnsNotFound" computerName="VECTOR" duration="00:00:00.0220000" startTime="2018-08-23T10:15:30.6706199-04:00" endTime="2018-08-23T10:15:30.6706244-04:00" testType="13cdc9d9-ddb5-4fa4-a97d-d965ccfc6d4b" outcome="Passed" testListId="8c84fa94-04c1-424b-9868-57a2d4851a1d" relativeResultsDirectory="879db8df-f825-4b1f-bfdd-6db5cb24ae01" /><UnitTestResult executionId="c886b171-115e-4151-894b-b3945b8f2d55" testId="40b6ccc4-3806-456d-b9af-859ebc417724" testName="Patch_InvalidReferencePropertyReturnsBadRequest" computerName="VECTOR" duration="00:00:00.0310000" startTime="2018-08-23T10:15:30.1554193-04:00" endTime="2018-08-23T10:15:30.1554246-04:00" testType="13cdc9d9-ddb5-4fa4-a97d-d965ccfc6d4b" outcome="Passed" testListId="8c84fa94-04c1-424b-9868-57a2d4851a1d" relativeResultsDirectory="c886b171-115e-4151-894b-b3945b8f2d55" /><UnitTestResult executionId="4d54d903-0a75-41a7-8dc1-2d6c06dff2d6" testId="2e45ab79-b714-43b0-8c4c-3909beab3dd1" testName="Patch_InvalidEnumPropertyValueReturnsBadRequest" computerName="VECTOR" duration="00:00:00.0410000" startTime="2018-08-23T10:15:28.7336152-04:00" endTime="2018-08-23T10:15:28.7336203-04:00" testType="13cdc9d9-ddb5-4fa4-a97d-d965ccfc6d4b" outcome="Passed" testListId="8c84fa94-04c1-424b-9868-57a2d4851a1d" relativeResultsDirectory="4d54d903-0a75-41a7-8dc1-2d6c06dff2d6" /><UnitTestResult executionId="eefe8afc-0b96-4e7a-af3b-ccea6a64347b" testId="8579a52e-7f77-4f32-8672-5b9fe2aa8c3e" testName="Post_InvalidReferencePropertyReturnsBadRequest" computerName="VECTOR" duration="00:00:00.0100000" startTime="2018-08-23T10:14:58.8884460-04:00" endTime="2018-08-23T10:14:58.8884488-04:00" testType="13cdc9d9-ddb5-4fa4-a97d-d965ccfc6d4b" outcome="Passed" testListId="8c84fa94-04c1-424b-9868-57a2d4851a1d" relativeResultsDirectory="eefe8afc-0b96-4e7a-af3b-ccea6a64347b" /><UnitTestResult executionId="e2068946-2b80-4a24-b3df-4c5f06c10c52" testId="38bfca09-d0e7-4d79-83dd-17528ea71ffd" testName="Put_InvalidReferencePropertyReturndBadRequest" computerName="VECTOR" duration="00:00:00.0320000" startTime="2018-08-23T10:15:37.1797795-04:00" endTime="2018-08-23T10:15:37.1797850-04:00" testType="13cdc9d9-ddb5-4fa4-a97d-d965ccfc6d4b" outcome="Passed" testListId="8c84fa94-04c1-424b-9868-57a2d4851a1d" relativeResultsDirectory="e2068946-2b80-4a24-b3df-4c5f06c10c52" /><UnitTestResult executionId="ae23e89f-2256-4628-bb18-41443d4a3bd0" testId="24644c5b-5a44-40e4-b8c1-9614f66f0900" testName="FileRequest_FileCanBeReadAfterRename" computerName="VECTOR" duration="00:00:00.5660000" startTime="2018-08-23T10:15:33.8915954-04:00" endTime="2018-08-23T10:15:33.8916007-04:00" testType="13cdc9d9-ddb5-4fa4-a97d-d965ccfc6d4b" outcome="Passed" testListId="8c84fa94-04c1-424b-9868-57a2d4851a1d" relativeResultsDirectory="ae23e89f-2256-4628-bb18-41443d4a3bd0" /><UnitTestResult executionId="8e388267-9e77-4c62-a47c-19a1a412017d" testId="12f3ed94-a8f5-4b27-a1cb-b106e8125f03" testName="Post_CanCreateNewModel" computerName="VECTOR" duration="00:00:00.2290000" startTime="2018-08-23T10:15:06.6766629-04:00" endTime="2018-08-23T10:15:06.6766694-04:00" testType="13cdc9d9-ddb5-4fa4-a97d-d965ccfc6d4b" outcome="Passed" testListId="8c84fa94-04c1-424b-9868-57a2d4851a1d" relativeResultsDirectory="8e388267-9e77-4c62-a47c-19a1a412017d" /><UnitTestResult executionId="5049b7ef-300c-46ae-848e-af96b102bf75" testId="5d1425fc-4e68-4d9a-85b1-c5a0f1500a70" testName="Post_InvalidPropertyValueReturnsBadRequest" computerName="VECTOR" duration="00:00:00.0150000" startTime="2018-08-23T10:15:00.3002107-04:00" endTime="2018-08-23T10:15:00.3002151-04:00" testType="13cdc9d9-ddb5-4fa4-a97d-d965ccfc6d4b" outcome="Passed" testListId="8c84fa94-04c1-424b-9868-57a2d4851a1d" relativeResultsDirectory="5049b7ef-300c-46ae-848e-af96b102bf75" /><UnitTestResult executionId="60052269-a85b-448a-a2b5-ae6a089b369b" testId="8c6af50d-3dd4-49d7-8da7-1c0a3dd9ba82" testName="Delete_TargetModelIsDeleted" computerName="VECTOR" duration="00:00:00.2840000" startTime="2018-08-23T10:15:12.9103099-04:00" endTime="2018-08-23T10:15:12.9103163-04:00" testType="13cdc9d9-ddb5-4fa4-a97d-d965ccfc6d4b" outcome="Passed" testListId="8c84fa94-04c1-424b-9868-57a2d4851a1d" relativeResultsDirectory="60052269-a85b-448a-a2b5-ae6a089b369b" /><UnitTestResult executionId="5afd2798-bd51-44e2-abf6-c8c1a082533e" testId="2e913b29-14f9-425b-97cb-f0e934029aa4" testName="Patch_TargetPropertyIsUpdated" computerName="VECTOR" duration="00:00:00.3230000" startTime="2018-08-23T10:15:08.0680166-04:00" endTime="2018-08-23T10:15:08.0680226-04:00" testType="13cdc9d9-ddb5-4fa4-a97d-d965ccfc6d4b" outcome="Passed" testListId="8c84fa94-04c1-424b-9868-57a2d4851a1d" relativeResultsDirectory="5afd2798-bd51-44e2-abf6-c8c1a082533e" /><UnitTestResult executionId="3028de9b-da3e-440e-95f4-ff1cd77af3e9" testId="f89aff2e-5bcd-4707-8af3-4e91d93e1bdc" testName="Patch_TargetPropertyIsUpdated" computerName="VECTOR" duration="00:00:00.3860000" startTime="2018-08-23T10:15:38.5433082-04:00" endTime="2018-08-23T10:15:38.5433202-04:00" testType="13cdc9d9-ddb5-4fa4-a97d-d965ccfc6d4b" outcome="Passed" testListId="8c84fa94-04c1-424b-9868-57a2d4851a1d" relativeResultsDirectory="3028de9b-da3e-440e-95f4-ff1cd77af3e9" /><UnitTestResult executionId="38d74752-66b7-4175-8080-aa8b920dc86a" testId="9761c0d0-5801-4a3a-8156-c31f7b9ade80" testName="Post_InvalidPropertyValueReturnsBadRequest" computerName="VECTOR" duration="00:00:00.0180000" startTime="2018-08-23T10:15:12.9955204-04:00" endTime="2018-08-23T10:15:12.9955250-04:00" testType="13cdc9d9-ddb5-4fa4-a97d-d965ccfc6d4b" outcome="Passed" testListId="8c84fa94-04c1-424b-9868-57a2d4851a1d" relativeResultsDirectory="38d74752-66b7-4175-8080-aa8b920dc86a" /><UnitTestResult executionId="a766024e-4563-4472-b331-88504f80d997" testId="4114688a-480c-467e-89a0-1a302d97901e" testName="PostFile_FileTimeStampIsUpdatedAfterFileIsPosted" computerName="VECTOR" duration="00:00:00.0110000" startTime="2018-08-23T10:15:03.6082281-04:00" endTime="2018-08-23T10:15:03.6082309-04:00" testType="13cdc9d9-ddb5-4fa4-a97d-d965ccfc6d4b" outcome="Passed" testListId="8c84fa94-04c1-424b-9868-57a2d4851a1d" relativeResultsDirectory="a766024e-4563-4472-b331-88504f80d997" /><UnitTestResult executionId="dac7fb7f-1eaa-449f-84e3-4ae6edea21e8" testId="ddb2a2b7-b832-4449-a797-11602347cf78" testName="Patch_InvalidReferencePropertyReturnsBadRequest" computerName="VECTOR" duration="00:00:00.0460000" startTime="2018-08-23T10:15:37.8389857-04:00" endTime="2018-08-23T10:15:37.8389923-04:00" testType="13cdc9d9-ddb5-4fa4-a97d-d965ccfc6d4b" outcome="Passed" testListId="8c84fa94-04c1-424b-9868-57a2d4851a1d" relativeResultsDirectory="dac7fb7f-1eaa-449f-84e3-4ae6edea21e8" /><UnitTestResult executionId="4c5a3f47-9fd3-4788-88ca-fd6e2e6ea2c8" testId="986fddc3-0cf7-4806-b442-4fc9215fbe9a" testName="LucyModel3dHasTwoDependents" computerName="VECTOR" duration="00:00:00.3510000" startTime="2018-08-23T10:14:58.2339856-04:00" endTime="2018-08-23T10:14:58.2339918-04:00" testType="13cdc9d9-ddb5-4fa4-a97d-d965ccfc6d4b" outcome="Passed" testListId="8c84fa94-04c1-424b-9868-57a2d4851a1d" relativeResultsDirectory="4c5a3f47-9fd3-4788-88ca-fd6e2e6ea2c8" /><UnitTestResult executionId="5145a0af-4eba-4d37-9759-0cb1df0c2a27" testId="99799909-eb6a-46fe-9188-50bfc16a3f57" testName="MeshTransformHasExpectedDependentFiles" computerName="VECTOR" duration="00:00:00.0010000" startTime="2018-08-23T10:14:58.2417682-04:00" endTime="2018-08-23T10:14:58.2417696-04:00" testType="13cdc9d9-ddb5-4fa4-a97d-d965ccfc6d4b" outcome="Passed" testListId="8c84fa94-04c1-424b-9868-57a2d4851a1d" relativeResultsDirectory="5145a0af-4eba-4d37-9759-0cb1df0c2a27" /><UnitTestResult executionId="46d57fcc-4000-4fff-ad03-92070d038c9e" testId="ec3f3089-3d7f-4b30-b52d-5cb613410ee9" testName="PutFile_NewFileCanBePut" computerName="VECTOR" duration="00:00:00.2920000" startTime="2018-08-23T10:15:35.3645889-04:00" endTime="2018-08-23T10:15:35.3645949-04:00" testType="13cdc9d9-ddb5-4fa4-a97d-d965ccfc6d4b" outcome="Passed" testListId="8c84fa94-04c1-424b-9868-57a2d4851a1d" relativeResultsDirectory="46d57fcc-4000-4fff-ad03-92070d038c9e" /><UnitTestResult executionId="ea735d3c-db45-480b-89da-2a1e505db99f" testId="923c36ec-74c4-4283-bfab-2bd422d93500" testName="GetFile_ExistingFileReturnsSuccess" computerName="VECTOR" duration="00:00:00.2340000" startTime="2018-08-23T10:15:04.7381141-04:00" endTime="2018-08-23T10:15:04.7381216-04:00" testType="13cdc9d9-ddb5-4fa4-a97d-d965ccfc6d4b" outcome="Passed" testListId="8c84fa94-04c1-424b-9868-57a2d4851a1d" relativeResultsDirectory="ea735d3c-db45-480b-89da-2a1e505db99f" /><UnitTestResult executionId="c14ec032-fee2-4e86-9a48-245fca4ba56e" testId="837ce8bb-0920-4642-89d2-bdb6b33ccf37" testName="PostFile_NewFileCanBePosted" computerName="VECTOR" duration="00:00:00.3010000" startTime="2018-08-23T10:15:05.5035920-04:00" endTime="2018-08-23T10:15:05.5035975-04:00" testType="13cdc9d9-ddb5-4fa4-a97d-d965ccfc6d4b" outcome="Passed" testListId="8c84fa94-04c1-424b-9868-57a2d4851a1d" relativeResultsDirectory="c14ec032-fee2-4e86-9a48-245fca4ba56e" /><UnitTestResult executionId="6f5971a6-5848-41c5-84d9-6af2aa794579" testId="55f4057e-dd71-4d83-a645-052ab0214288" testName="Patch_InvalidEnumPropertyValueReturnsBadRequest" computerName="VECTOR" duration="00:00:00.0170000" startTime="2018-08-23T10:14:59.8949988-04:00" endTime="2018-08-23T10:14:59.8950027-04:00" testType="13cdc9d9-ddb5-4fa4-a97d-d965ccfc6d4b" outcome="Passed" testListId="8c84fa94-04c1-424b-9868-57a2d4851a1d" relativeResultsDirectory="6f5971a6-5848-41c5-84d9-6af2aa794579" /><UnitTestResult executionId="ac3ef904-6b15-432a-a932-3f4b4d0658a3" testId="ca3f66f2-9f98-47b7-bacc-0c35fb785e2f" testName="Patch_InvalidIdPropertyReturnsNotFound" computerName="VECTOR" duration="00:00:00.0160000" startTime="2018-08-23T10:15:37.4330401-04:00" endTime="2018-08-23T10:15:37.4330478-04:00" testType="13cdc9d9-ddb5-4fa4-a97d-d965ccfc6d4b" outcome="Passed" testListId="8c84fa94-04c1-424b-9868-57a2d4851a1d" relativeResultsDirectory="ac3ef904-6b15-432a-a932-3f4b4d0658a3" /><UnitTestResult executionId="fe7edcbd-7406-4863-aadb-7163a72ea5fa" testId="4b63f2ad-2675-4af5-8c48-c863d1b18c1d" testName="PutFile_NewFileCanBePut" computerName="VECTOR" duration="00:00:00.3590000" startTime="2018-08-23T10:15:13.3856684-04:00" endTime="2018-08-23T10:15:13.3856741-04:00" testType="13cdc9d9-ddb5-4fa4-a97d-d965ccfc6d4b" outcome="Passed" testListId="8c84fa94-04c1-424b-9868-57a2d4851a1d" relativeResultsDirectory="fe7edcbd-7406-4863-aadb-7163a72ea5fa" /><UnitTestResult executionId="59958e5f-bac3-4b46-a677-5094190537de" testId="8fec0b99-0c7f-406b-bf8e-7365f5e106f5" testName="Patch_InvalidEnumPropertyValueReturnsBadRequest" computerName="VECTOR" duration="00:00:00.0090000" startTime="2018-08-23T10:15:07.3970455-04:00" endTime="2018-08-23T10:15:07.3970484-04:00" testType="13cdc9d9-ddb5-4fa4-a97d-d965ccfc6d4b" outcome="Passed" testListId="8c84fa94-04c1-424b-9868-57a2d4851a1d" relativeResultsDirectory="59958e5f-bac3-4b46-a677-5094190537de" /><UnitTestResult executionId="7621c8d8-539b-47e0-8e78-a071eb7995e3" testId="48e4411f-1477-41eb-af84-8a9021837087" testName="GetFile_NonExistentFileReturnsNotFound" computerName="VECTOR" duration="00:00:00.0220000" startTime="2018-08-23T10:15:35.0721582-04:00" endTime="2018-08-23T10:15:35.0721676-04:00" testType="13cdc9d9-ddb5-4fa4-a97d-d965ccfc6d4b" outcome="Passed" testListId="8c84fa94-04c1-424b-9868-57a2d4851a1d" relativeResultsDirectory="7621c8d8-539b-47e0-8e78-a071eb7995e3" /><UnitTestResult executionId="6e74d8bb-ec1e-4f28-9209-20d739cebc0d" testId="18076cbe-4541-4ca5-8b6b-561778149daf" testName="Post_InvalidReferencePropertyReturnsBadRequest" computerName="VECTOR" duration="00:00:00.0140000" startTime="2018-08-23T10:15:08.4327174-04:00" endTime="2018-08-23T10:15:08.4327229-04:00" testType="13cdc9d9-ddb5-4fa4-a97d-d965ccfc6d4b" outcome="Passed" testListId="8c84fa94-04c1-424b-9868-57a2d4851a1d" relativeResultsDirectory="6e74d8bb-ec1e-4f28-9209-20d739cebc0d" /><UnitTestResult executionId="ff5bf9bf-33e2-423e-8f0a-7008d1dc32e4" testId="51e7bfb5-47d6-496c-b04d-5093b89747db" testName="Post_InvalidPropertyValueReturnsBadRequest" computerName="VECTOR" duration="00:00:00.0170000" startTime="2018-08-23T10:15:07.1605827-04:00" endTime="2018-08-23T10:15:07.1605886-04:00" testType="13cdc9d9-ddb5-4fa4-a97d-d965ccfc6d4b" outcome="Passed" testListId="8c84fa94-04c1-424b-9868-57a2d4851a1d" relativeResultsDirectory="ff5bf9bf-33e2-423e-8f0a-7008d1dc32e4" /><UnitTestResult executionId="86ebe5a9-1f99-44cb-9674-759216483b8e" testId="2dcb0690-0e70-4122-a822-779a7f2546fd" testName="PutFile_FileCanBeUpdated" computerName="VECTOR" duration="00:00:00.5330000" startTime="2018-08-23T10:15:04.5034811-04:00" endTime="2018-08-23T10:15:04.5034872-04:00" testType="13cdc9d9-ddb5-4fa4-a97d-d965ccfc6d4b" outcome="Passed" testListId="8c84fa94-04c1-424b-9868-57a2d4851a1d" relativeResultsDirectory="86ebe5a9-1f99-44cb-9674-759216483b8e" /><UnitTestResult executionId="efc0f250-94b1-4d78-8165-9fd2317cca1d" testId="3ac6eb1d-680b-4a08-ba12-a8978301ec46" testName="Post_InvalidReferencePropertyReturnsBadRequest" computerName="VECTOR" duration="00:00:00.0150000" startTime="2018-08-23T10:15:36.8593335-04:00" endTime="2018-08-23T10:15:36.8593386-04:00" testType="13cdc9d9-ddb5-4fa4-a97d-d965ccfc6d4b" outcome="Passed" testListId="8c84fa94-04c1-424b-9868-57a2d4851a1d" relativeResultsDirectory="efc0f250-94b1-4d78-8165-9fd2317cca1d" /><UnitTestResult executionId="8ec4456b-b2cb-49ff-83f7-2d0e73b4ee6c" testId="9c314a1b-ab70-42b7-8eec-b67aed378879" testName="Post_InvalidReferencePropertyReturnsBadRequest" computerName="VECTOR" duration="00:00:00.0230000" startTime="2018-08-23T10:15:12.3342569-04:00" endTime="2018-08-23T10:15:12.3342628-04:00" testType="13cdc9d9-ddb5-4fa4-a97d-d965ccfc6d4b" outcome="Passed" testListId="8c84fa94-04c1-424b-9868-57a2d4851a1d" relativeResultsDirectory="8ec4456b-b2cb-49ff-83f7-2d0e73b4ee6c" /><UnitTestResult executionId="7bc6f3fb-d0d0-4685-8c0a-a9077abddba0" testId="8a277629-5e1e-4a99-ae20-5502d93aac97" testName="Post_InvalidPropertyValueReturnsBadRequest" computerName="VECTOR" duration="00:00:00.0140000" startTime="2018-08-23T10:15:30.2575284-04:00" endTime="2018-08-23T10:15:30.2575320-04:00" testType="13cdc9d9-ddb5-4fa4-a97d-d965ccfc6d4b" outcome="Passed" testListId="8c84fa94-04c1-424b-9868-57a2d4851a1d" relativeResultsDirectory="7bc6f3fb-d0d0-4685-8c0a-a9077abddba0" /><UnitTestResult executionId="4632e3e4-b2d3-46a9-a731-420802f8c370" testId="772f6ce3-4b43-40af-afa0-5ff968ec3b8f" testName="Put_InvalidReferencePropertyReturndBadRequest" computerName="VECTOR" duration="00:00:00.0250000" startTime="2018-08-23T10:15:07.3735480-04:00" endTime="2018-08-23T10:15:07.3735547-04:00" testType="13cdc9d9-ddb5-4fa4-a97d-d965ccfc6d4b" outcome="Passed" testListId="8c84fa94-04c1-424b-9868-57a2d4851a1d" relativeResultsDirectory="4632e3e4-b2d3-46a9-a731-420802f8c370" /><UnitTestResult executionId="b707c3ab-492f-496b-852a-d5ec2b84e694" testId="b55a6804-ebcf-4d33-b98c-8f7a927579ba" testName="GetList_ListReturnsCorrectCount" computerName="VECTOR" duration="00:00:00.0220000" startTime="2018-08-23T10:15:28.7562504-04:00" endTime="2018-08-23T10:15:28.7562557-04:00" testType="13cdc9d9-ddb5-4fa4-a97d-d965ccfc6d4b" outcome="Passed" testListId="8c84fa94-04c1-424b-9868-57a2d4851a1d" relativeResultsDirectory="b707c3ab-492f-496b-852a-d5ec2b84e694" /><UnitTestResult executionId="ce7d70f7-7725-4d46-9416-8dab3d2539b7" testId="0bc8ae4c-ca22-438b-8708-dde13e8f4b3f" testName="Put_InvalidIdReturnsNotFound" computerName="VECTOR" duration="00:00:00.0670000" startTime="2018-08-23T10:15:09.5049901-04:00" endTime="2018-08-23T10:15:09.5049956-04:00" testType="13cdc9d9-ddb5-4fa4-a97d-d965ccfc6d4b" outcome="Passed" testListId="8c84fa94-04c1-424b-9868-57a2d4851a1d" relativeResultsDirectory="ce7d70f7-7725-4d46-9416-8dab3d2539b7" /><UnitTestResult executionId="090d20f4-e1f1-40e0-8ea3-54cdb7343202" testId="03da5d25-29c6-4ea3-88d6-b58e71ff6c50" testName="GetList_ListReturnsCorrectCount" computerName="VECTOR" duration="00:00:00.0220000" startTime="2018-08-23T10:15:00.2492880-04:00" endTime="2018-08-23T10:15:00.2492941-04:00" testType="13cdc9d9-ddb5-4fa4-a97d-d965ccfc6d4b" outcome="Passed" testListId="8c84fa94-04c1-424b-9868-57a2d4851a1d" relativeResultsDirectory="090d20f4-e1f1-40e0-8ea3-54cdb7343202" /><UnitTestResult executionId="2e03a0dd-48ca-4854-b192-c46836ebb27d" testId="a11f25bd-da0a-4bbf-8eaf-9ed94cb92bfa" testName="Put_ValidReferencePropertyUpdatesModel" computerName="VECTOR" duration="00:00:00.3160000" startTime="2018-08-23T10:15:38.1557175-04:00" endTime="2018-08-23T10:15:38.1557235-04:00" testType="13cdc9d9-ddb5-4fa4-a97d-d965ccfc6d4b" outcome="Passed" testListId="8c84fa94-04c1-424b-9868-57a2d4851a1d" relativeResultsDirectory="2e03a0dd-48ca-4854-b192-c46836ebb27d" /><UnitTestResult executionId="fdf39d10-c020-401a-8d1c-bca4227e2fbf" testId="35a5e2e4-b80b-4321-9225-3f6dce962081" testName="Put_InvalidReferencePropertyReturndBadRequest" computerName="VECTOR" duration="00:00:00.0440000" startTime="2018-08-23T10:15:28.8177661-04:00" endTime="2018-08-23T10:15:28.8177713-04:00" testType="13cdc9d9-ddb5-4fa4-a97d-d965ccfc6d4b" outcome="Passed" testListId="8c84fa94-04c1-424b-9868-57a2d4851a1d" relativeResultsDirectory="fdf39d10-c020-401a-8d1c-bca4227e2fbf" /><UnitTestResult executionId="3b71fae0-9b80-46eb-b1b7-fbbde03b58c7" testId="51d36caa-c7cb-4234-b760-c1acf6aed7b9" testName="FileRequest_MeshGenerateSetsFileIsSynchronized" computerName="VECTOR" duration="00:00:08.5070000" startTime="2018-08-23T10:15:27.7090109-04:00" endTime="2018-08-23T10:15:27.7090166-04:00" testType="13cdc9d9-ddb5-4fa4-a97d-d965ccfc6d4b" outcome="Passed" testListId="8c84fa94-04c1-424b-9868-57a2d4851a1d" relativeResultsDirectory="3b71fae0-9b80-46eb-b1b7-fbbde03b58c7" /><UnitTestResult executionId="2267dab3-6465-4e2c-9388-c67d12377d0b" testId="0a2ef212-4555-41e9-853b-057eaad42855" testName="Put_CanUpdateModel" computerName="VECTOR" duration="00:00:00.3170000" startTime="2018-08-23T10:15:00.2270050-04:00" endTime="2018-08-23T10:15:00.2270117-04:00" testType="13cdc9d9-ddb5-4fa4-a97d-d965ccfc6d4b" outcome="Passed" testListId="8c84fa94-04c1-424b-9868-57a2d4851a1d" relativeResultsDirectory="2267dab3-6465-4e2c-9388-c67d12377d0b" /><UnitTestResult executionId="abd28006-b732-456f-9ed6-2d669ecc333f" testId="36e19090-0911-48fe-aa16-36d276fdc47e" testName="Post_InvalidReferencePropertyReturnsBadRequest" computerName="VECTOR" duration="00:00:00.0170000" startTime="2018-08-23T10:15:30.1964901-04:00" endTime="2018-08-23T10:15:30.1964945-04:00" testType="13cdc9d9-ddb5-4fa4-a97d-d965ccfc6d4b" outcome="Passed" testListId="8c84fa94-04c1-424b-9868-57a2d4851a1d" relativeResultsDirectory="abd28006-b732-456f-9ed6-2d669ecc333f" /><UnitTestResult executionId="523783e8-90e2-4823-8f08-6e9b640e8096" testId="8af1ae1c-1193-4d3d-a283-36a2a330ebd8" testName="Patch_MultipleInvalidReferencePropertiesReturnsMultipleValidationErrorsAndBadRequest" computerName="VECTOR" duration="00:00:00.0330000" startTime="2018-08-23T10:15:12.3680313-04:00" endTime="2018-08-23T10:15:12.3680359-04:00" testType="13cdc9d9-ddb5-4fa4-a97d-d965ccfc6d4b" outcome="Passed" testListId="8c84fa94-04c1-424b-9868-57a2d4851a1d" relativeResultsDirectory="523783e8-90e2-4823-8f08-6e9b640e8096" /><UnitTestResult executionId="bdaf7210-5338-4a66-a472-7a5d560a2375" testId="b794e0ad-94ef-4e14-977b-9d8a9fbde8f5" testName="Post_CanCreateNewModel" computerName="VECTOR" duration="00:00:00.2500000" startTime="2018-08-23T10:15:12.2109804-04:00" endTime="2018-08-23T10:15:12.2109876-04:00" testType="13cdc9d9-ddb5-4fa4-a97d-d965ccfc6d4b" outcome="Passed" testListId="8c84fa94-04c1-424b-9868-57a2d4851a1d" relativeResultsDirectory="bdaf7210-5338-4a66-a472-7a5d560a2375" /><UnitTestResult executionId="ef1f3d83-ac73-4e99-803d-124163c009f8" testId="2b240c93-d407-404f-aae6-4a3059195433" testName="Patch_InvalidIdPropertyReturnsNotFound" computerName="VECTOR" duration="00:00:00.0200000" startTime="2018-08-23T10:15:12.2910501-04:00" endTime="2018-08-23T10:15:12.2910562-04:00" testType="13cdc9d9-ddb5-4fa4-a97d-d965ccfc6d4b" outcome="Passed" testListId="8c84fa94-04c1-424b-9868-57a2d4851a1d" relativeResultsDirectory="ef1f3d83-ac73-4e99-803d-124163c009f8" /><UnitTestResult executionId="fd7083de-f6e2-4531-b7ec-fce7549c8ff6" testId="b562385a-88c5-445e-af84-966f34021b9e" testName="Patch_InvalidReferencePropertyReturnsBadRequest" computerName="VECTOR" duration="00:00:00.0410000" startTime="2018-08-23T10:15:03.1627775-04:00" endTime="2018-08-23T10:15:03.1627827-04:00" testType="13cdc9d9-ddb5-4fa4-a97d-d965ccfc6d4b" outcome="Passed" testListId="8c84fa94-04c1-424b-9868-57a2d4851a1d" relativeResultsDirectory="fd7083de-f6e2-4531-b7ec-fce7549c8ff6" /><UnitTestResult executionId="c095e029-6875-4d62-aa08-235b66862af4" testId="1541925a-43f5-42f1-9a28-e3bf501822b1" testName="FileRequest_MeshIsInvalidatedAfterDepthBufferFileBecomesUnsynchronized" computerName="VECTOR" duration="00:00:03.0650000" startTime="2018-08-23T10:15:16.4516372-04:00" endTime="2018-08-23T10:15:16.4516436-04:00" testType="13cdc9d9-ddb5-4fa4-a97d-d965ccfc6d4b" outcome="Passed" testListId="8c84fa94-04c1-424b-9868-57a2d4851a1d" relativeResultsDirectory="c095e029-6875-4d62-aa08-235b66862af4" /><UnitTestResult executionId="05c4efb6-9f09-4ec5-b405-79d103afe7cf" testId="7a6103d1-0280-4145-ae26-565a5bb4f3d2" testName="PutFile_FileCanBeUpdated" computerName="VECTOR" duration="00:00:00.5080000" startTime="2018-08-23T10:15:33.3249682-04:00" endTime="2018-08-23T10:15:33.3249712-04:00" testType="13cdc9d9-ddb5-4fa4-a97d-d965ccfc6d4b" outcome="Passed" testListId="8c84fa94-04c1-424b-9868-57a2d4851a1d" relativeResultsDirectory="05c4efb6-9f09-4ec5-b405-79d103afe7cf" /><UnitTestResult executionId="fd3f7763-e1e3-4640-a80d-96e7cb19aed7" testId="6123efb7-adcc-4c16-adeb-ff4c68b67356" testName="Patch_InvalidPropertyNameReturnsBadRequest" computerName="VECTOR" duration="00:00:00.0230000" startTime="2018-08-23T10:15:06.1068003-04:00" endTime="2018-08-23T10:15:06.1068044-04:00" testType="13cdc9d9-ddb5-4fa4-a97d-d965ccfc6d4b" outcome="Passed" testListId="8c84fa94-04c1-424b-9868-57a2d4851a1d" relativeResultsDirectory="fd3f7763-e1e3-4640-a80d-96e7cb19aed7" /><UnitTestResult executionId="0626feaf-7f94-470c-aabb-cddee13864f0" testId="18b2d378-00d4-4b09-b7db-9e031d727de1" testName="Put_CanUpdateModel" computerName="VECTOR" duration="00:00:00.2880000" startTime="2018-08-23T10:15:37.1475692-04:00" endTime="2018-08-23T10:15:37.1475753-04:00" testType="13cdc9d9-ddb5-4fa4-a97d-d965ccfc6d4b" outcome="Passed" testListId="8c84fa94-04c1-424b-9868-57a2d4851a1d" relativeResultsDirectory="0626feaf-7f94-470c-aabb-cddee13864f0" /><UnitTestResult executionId="dd3dba77-d4c4-4471-b525-332239dd7b3a" testId="d99cd98e-d7a7-42c2-8ad6-c357d69ab1c4" testName="Patch_InvalidPropertyNameReturnsBadRequest" computerName="VECTOR" duration="00:00:00.0170000" startTime="2018-08-23T10:15:28.7734591-04:00" endTime="2018-08-23T10:15:28.7734633-04:00" testType="13cdc9d9-ddb5-4fa4-a97d-d965ccfc6d4b" outcome="Passed" testListId="8c84fa94-04c1-424b-9868-57a2d4851a1d" relativeResultsDirectory="dd3dba77-d4c4-4471-b525-332239dd7b3a" /><UnitTestResult executionId="d4474874-07a9-4c5f-a091-b7e4981f5216" testId="1dfc716a-a08b-497e-bc63-82f78d555795" testName="Patch_TargetPropertyIsUpdated" computerName="VECTOR" duration="00:00:00.3160000" startTime="2018-08-23T10:15:11.9606148-04:00" endTime="2018-08-23T10:15:11.9606217-04:00" testType="13cdc9d9-ddb5-4fa4-a97d-d965ccfc6d4b" outcome="Passed" testListId="8c84fa94-04c1-424b-9868-57a2d4851a1d" relativeResultsDirectory="d4474874-07a9-4c5f-a091-b7e4981f5216" /><UnitTestResult executionId="c604a693-a79a-4476-84c6-c6ab5a641dae" testId="93e170f0-cc47-45e3-a761-d4027e63dc3d" testName="Post_CanCreateNewModel" computerName="VECTOR" duration="00:00:00.1770000" startTime="2018-08-23T10:15:36.5734210-04:00" endTime="2018-08-23T10:15:36.5734260-04:00" testType="13cdc9d9-ddb5-4fa4-a97d-d965ccfc6d4b" outcome="Passed" testListId="8c84fa94-04c1-424b-9868-57a2d4851a1d" relativeResultsDirectory="c604a693-a79a-4476-84c6-c6ab5a641dae" /><UnitTestResult executionId="d1ecffdf-cc23-4cc4-94a8-6ab0a6dbcbe2" testId="0f071108-8369-43e4-90f3-752d1f01bc9f" testName="Post_ValidReferencePropertyCreatesModel" computerName="VECTOR" duration="00:00:00.2030000" startTime="2018-08-23T10:15:37.3828272-04:00" endTime="2018-08-23T10:15:37.3828338-04:00" testType="13cdc9d9-ddb5-4fa4-a97d-d965ccfc6d4b" outcome="Passed" testListId="8c84fa94-04c1-424b-9868-57a2d4851a1d" relativeResultsDirectory="d1ecffdf-cc23-4cc4-94a8-6ab0a6dbcbe2" /><UnitTestResult executionId="066e9b98-fe09-4379-9b11-72b3ac8f34dc" testId="f5ee4227-d2c7-40f9-92fc-85862d4fc8c6" testName="GetFile_FileCanBeRoundTripped" computerName="VECTOR" duration="00:00:00.4260000" startTime="2018-08-23T10:15:36.3741256-04:00" endTime="2018-08-23T10:15:36.3741320-04:00" testType="13cdc9d9-ddb5-4fa4-a97d-d965ccfc6d4b" outcome="Passed" testListId="8c84fa94-04c1-424b-9868-57a2d4851a1d" relativeResultsDirectory="066e9b98-fe09-4379-9b11-72b3ac8f34dc" /><UnitTestResult executionId="5b9d0b01-cb63-40c3-8b60-d062ce0376d1" testId="eeebfe1c-3e7d-439c-81a4-dc1c56b8124d" testName="Put_InvalidIdReturnsNotFound" computerName="VECTOR" duration="00:00:00.0370000" startTime="2018-08-23T10:15:36.6106267-04:00" endTime="2018-08-23T10:15:36.6106331-04:00" testType="13cdc9d9-ddb5-4fa4-a97d-d965ccfc6d4b" outcome="Passed" testListId="8c84fa94-04c1-424b-9868-57a2d4851a1d" relativeResultsDirectory="5b9d0b01-cb63-40c3-8b60-d062ce0376d1" /><UnitTestResult executionId="71fccdf4-8b84-4b0e-9c35-af033fef94f8" testId="14e06eb1-8e35-4ee6-b251-4147c0b09b05" testName="GetFile_NonExistentFileReturnsNotFound" computerName="VECTOR" duration="00:00:00.0210000" startTime="2018-08-23T10:15:05.8733337-04:00" endTime="2018-08-23T10:15:05.8733382-04:00" testType="13cdc9d9-ddb5-4fa4-a97d-d965ccfc6d4b" outcome="Passed" testListId="8c84fa94-04c1-424b-9868-57a2d4851a1d" relativeResultsDirectory="71fccdf4-8b84-4b0e-9c35-af033fef94f8" /><UnitTestResult executionId="31926292-4175-4e5e-8e9d-1dcddd73971d" testId="bbd1e0eb-373a-497d-b194-d70047fc7d5f" testName="GetList_ListReturnsCorrectCount" computerName="VECTOR" duration="00:00:00.0190000" startTime="2018-08-23T10:15:02.8777830-04:00" endTime="2018-08-23T10:15:02.8777882-04:00" testType="13cdc9d9-ddb5-4fa4-a97d-d965ccfc6d4b" outcome="Passed" testListId="8c84fa94-04c1-424b-9868-57a2d4851a1d" relativeResultsDirectory="31926292-4175-4e5e-8e9d-1dcddd73971d" /><UnitTestResult executionId="50340544-9d90-42f1-af2b-aa8e883224da" testId="b98194f2-2d44-4a47-a382-15aa42c649c1" testName="Put_InvalidReferencePropertyReturndBadRequest" computerName="VECTOR" duration="00:00:00.0410000" startTime="2018-08-23T10:15:12.9772147-04:00" endTime="2018-08-23T10:15:12.9772200-04:00" testType="13cdc9d9-ddb5-4fa4-a97d-d965ccfc6d4b" outcome="Passed" testListId="8c84fa94-04c1-424b-9868-57a2d4851a1d" relativeResultsDirectory="50340544-9d90-42f1-af2b-aa8e883224da" /><UnitTestResult executionId="6f09caee-25c6-4469-84f8-3c25a12517ab" testId="9b8d3447-bf73-42be-a941-9ed563f49bbc" testName="PostFile_FileIsSynchronizedIsUpdatedAfterFileIsPosted" computerName="VECTOR" duration="00:00:00.5490000" startTime="2018-08-23T10:15:28.2586439-04:00" endTime="2018-08-23T10:15:28.2586498-04:00" testType="13cdc9d9-ddb5-4fa4-a97d-d965ccfc6d4b" outcome="Passed" testListId="8c84fa94-04c1-424b-9868-57a2d4851a1d" relativeResultsDirectory="6f09caee-25c6-4469-84f8-3c25a12517ab" /><UnitTestResult executionId="b8460975-e76d-4911-b13e-af98492d28b8" testId="091ef0a6-8805-4d1f-91e2-dac71e345564" testName="DepthBufferHasExpectedDependentFiles" computerName="VECTOR" duration="00:00:00.0010000" startTime="2018-08-23T10:14:58.2451554-04:00" endTime="2018-08-23T10:14:58.2451569-04:00" testType="13cdc9d9-ddb5-4fa4-a97d-d965ccfc6d4b" outcome="Passed" testListId="8c84fa94-04c1-424b-9868-57a2d4851a1d" relativeResultsDirectory="b8460975-e76d-4911-b13e-af98492d28b8" /><UnitTestResult executionId="60e3b7a6-e0e0-4ae4-9a38-a5f21637c2f2" testId="f0e55972-178b-4a2c-9c77-0cce02a3b245" testName="Put_InvalidReferencePropertyReturndBadRequest" computerName="VECTOR" duration="00:00:00.0290000" startTime="2018-08-23T10:15:03.5970744-04:00" endTime="2018-08-23T10:15:03.5970787-04:00" testType="13cdc9d9-ddb5-4fa4-a97d-d965ccfc6d4b" outcome="Passed" testListId="8c84fa94-04c1-424b-9868-57a2d4851a1d" relativeResultsDirectory="60e3b7a6-e0e0-4ae4-9a38-a5f21637c2f2" /><UnitTestResult executionId="cd2b565c-9b9e-46c2-8e39-db88f9824c95" testId="6b587657-3bac-40f8-97cf-df21ea758cc3" testName="Post_InvalidReferencePropertyReturnsBadRequest" computerName="VECTOR" duration="00:00:00.2840000" startTime="2018-08-23T10:15:00.5849192-04:00" endTime="2018-08-23T10:15:00.5849252-04:00" testType="13cdc9d9-ddb5-4fa4-a97d-d965ccfc6d4b" outcome="Passed" testListId="8c84fa94-04c1-424b-9868-57a2d4851a1d" relativeResultsDirectory="cd2b565c-9b9e-46c2-8e39-db88f9824c95" /><UnitTestResult executionId="8f999e74-0fc1-4369-906d-8cb1e763e5bd" testId="bb23eb0d-2d8d-467a-9717-043a1713187f" testName="GetSingle_InvalidIdPropertyValueReturnsNotFound" computerName="VECTOR" duration="00:00:00.0190000" startTime="2018-08-23T10:15:01.6306387-04:00" endTime="2018-08-23T10:15:01.6306431-04:00" testType="13cdc9d9-ddb5-4fa4-a97d-d965ccfc6d4b" outcome="Passed" testListId="8c84fa94-04c1-424b-9868-57a2d4851a1d" relativeResultsDirectory="8f999e74-0fc1-4369-906d-8cb1e763e5bd" /><UnitTestResult executionId="58936bad-549e-467c-9378-a85d93dd97fc" testId="a9ee2cc4-8832-4079-b440-1260ce07227a" testName="Patch_InvalidIdPropertyReturnsNotFound" computerName="VECTOR" duration="00:00:00.0150000" startTime="2018-08-23T10:15:00.2846926-04:00" endTime="2018-08-23T10:15:00.2846980-04:00" testType="13cdc9d9-ddb5-4fa4-a97d-d965ccfc6d4b" outcome="Passed" testListId="8c84fa94-04c1-424b-9868-57a2d4851a1d" relativeResultsDirectory="58936bad-549e-467c-9378-a85d93dd97fc" /><UnitTestResult executionId="205c7824-e600-4f4e-8347-38e9ede3928d" testId="5ca3753f-1b74-4be7-a990-e4451455287a" testName="Patch_InvalidIdPropertyReturnsNotFound" computerName="VECTOR" duration="00:00:00.0170000" startTime="2018-08-23T10:15:29.0248412-04:00" endTime="2018-08-23T10:15:29.0248450-04:00" testType="13cdc9d9-ddb5-4fa4-a97d-d965ccfc6d4b" outcome="Passed" testListId="8c84fa94-04c1-424b-9868-57a2d4851a1d" relativeResultsDirectory="205c7824-e600-4f4e-8347-38e9ede3928d" /><UnitTestResult executionId="d6cdcef9-0ba8-4897-97f2-7e146282e3ec" testId="6ab3f5f2-c041-47a9-89bc-b1268480ae8d" testName="PutFile_FileCanBeUpdated" computerName="VECTOR" duration="00:00:00.5320000" startTime="2018-08-23T10:15:17.3509070-04:00" endTime="2018-08-23T10:15:17.3509128-04:00" testType="13cdc9d9-ddb5-4fa4-a97d-d965ccfc6d4b" outcome="Passed" testListId="8c84fa94-04c1-424b-9868-57a2d4851a1d" relativeResultsDirectory="d6cdcef9-0ba8-4897-97f2-7e146282e3ec" /><UnitTestResult executionId="50cbb1d7-94aa-45b5-aef9-4b9051081c88" testId="f0c2cfac-4060-40b9-ab2e-bc5cef2d9699" testName="Put_CanUpdateModel" computerName="VECTOR" duration="00:00:00.5150000" startTime="2018-08-23T10:15:01.6106912-04:00" endTime="2018-08-23T10:15:01.6106973-04:00" testType="13cdc9d9-ddb5-4fa4-a97d-d965ccfc6d4b" outcome="Passed" testListId="8c84fa94-04c1-424b-9868-57a2d4851a1d" relativeResultsDirectory="50cbb1d7-94aa-45b5-aef9-4b9051081c88" /><UnitTestResult executionId="6c94d81e-c844-4c29-b04c-bbc257e495ce" testId="ebade55a-906a-47cc-ae54-8461381f0f6f" testName="GetSingle_ValidIdPropertyValueReturnsCorrectModel" computerName="VECTOR" duration="00:00:00.0150000" startTime="2018-08-23T10:14:59.8776971-04:00" endTime="2018-08-23T10:14:59.8777004-04:00" testType="13cdc9d9-ddb5-4fa4-a97d-d965ccfc6d4b" outcome="Passed" testListId="8c84fa94-04c1-424b-9868-57a2d4851a1d" relativeResultsDirectory="6c94d81e-c844-4c29-b04c-bbc257e495ce" /><UnitTestResult executionId="c54f668d-9073-4984-b255-0ff793b5c8d5" testId="38700af8-a391-4a9f-940b-01174aea3001" testName="LucyCameraFindsAllDependents" computerName="VECTOR" duration="00:00:00.0070000" startTime="2018-08-23T10:14:58.2412505-04:00" endTime="2018-08-23T10:14:58.2412532-04:00" testType="13cdc9d9-ddb5-4fa4-a97d-d965ccfc6d4b" outcome="Passed" testListId="8c84fa94-04c1-424b-9868-57a2d4851a1d" relativeResultsDirectory="c54f668d-9073-4984-b255-0ff793b5c8d5" /><UnitTestResult executionId="4e56401b-22e8-4cf8-9b76-48222302a22b" testId="fd54e878-925d-4111-bb7e-edc7d2e4b924" testName="Post_ValidReferencePropertyCreatesModel" computerName="VECTOR" duration="00:00:00.0110000" startTime="2018-08-23T10:14:58.8822759-04:00" endTime="2018-08-23T10:14:58.8822778-04:00" testType="13cdc9d9-ddb5-4fa4-a97d-d965ccfc6d4b" outcome="Passed" testListId="8c84fa94-04c1-424b-9868-57a2d4851a1d" relativeResultsDirectory="4e56401b-22e8-4cf8-9b76-48222302a22b" /><UnitTestResult executionId="3b0d1dd3-dd92-45ab-8079-7876fa1cf0e3" testId="f4a8a01c-328f-4aa8-b1bf-23a3d155ece3" testName="Patch_InvalidReferencePropertyReturnsBadRequest" computerName="VECTOR" duration="00:00:00.0100000" startTime="2018-08-23T10:14:59.6585873-04:00" endTime="2018-08-23T10:14:59.6585900-04:00" testType="13cdc9d9-ddb5-4fa4-a97d-d965ccfc6d4b" outcome="Passed" testListId="8c84fa94-04c1-424b-9868-57a2d4851a1d" relativeResultsDirectory="3b0d1dd3-dd92-45ab-8079-7876fa1cf0e3" /><UnitTestResult executionId="d82ca8e3-3deb-4117-9f2c-c06294bada29" testId="4c2e3197-cf68-476c-a2cf-378a7bc2da9c" testName="Patch_InvalidIdPropertyReturnsNotFound" computerName="VECTOR" duration="00:00:00.0200000" startTime="2018-08-23T10:15:02.5973882-04:00" endTime="2018-08-23T10:15:02.5973941-04:00" testType="13cdc9d9-ddb5-4fa4-a97d-d965ccfc6d4b" outcome="Passed" testListId="8c84fa94-04c1-424b-9868-57a2d4851a1d" relativeResultsDirectory="d82ca8e3-3deb-4117-9f2c-c06294bada29" /><UnitTestResult executionId="e34f3794-0a98-43d0-a86d-f4d5271201c4" testId="46a788f5-43f9-4cd2-8aae-77b2e5553a9b" testName="Post_CanCreateNewModel" computerName="VECTOR" duration="00:00:00.2260000" startTime="2018-08-23T10:15:03.1212204-04:00" endTime="2018-08-23T10:15:03.1212272-04:00" testType="13cdc9d9-ddb5-4fa4-a97d-d965ccfc6d4b" outcome="Passed" testListId="8c84fa94-04c1-424b-9868-57a2d4851a1d" relativeResultsDirectory="e34f3794-0a98-43d0-a86d-f4d5271201c4" /><UnitTestResult executionId="f428f9b8-2aa2-4b14-a69a-b833615e6e8e" testId="86bd66f1-c620-4858-b600-22314716522e" testName="Patch_MultipleInvalidReferencePropertiesReturnsMultipleValidationErrorsAndBadRequest" computerName="VECTOR" duration="00:00:00.0390000" startTime="2018-08-23T10:15:02.8585520-04:00" endTime="2018-08-23T10:15:02.8585574-04:00" testType="13cdc9d9-ddb5-4fa4-a97d-d965ccfc6d4b" outcome="Passed" testListId="8c84fa94-04c1-424b-9868-57a2d4851a1d" relativeResultsDirectory="f428f9b8-2aa2-4b14-a69a-b833615e6e8e" /><UnitTestResult executionId="19a48477-33ab-40c9-9751-0b6020dad467" testId="9e06fcfb-2296-46e4-9a7a-968b8438f0ba" testName="Patch_MultipleInvalidReferencePropertiesReturnsMultipleValidationErrorsAndBadRequest" computerName="VECTOR" duration="00:00:00.0280000" startTime="2018-08-23T10:15:06.4467594-04:00" endTime="2018-08-23T10:15:06.4467646-04:00" testType="13cdc9d9-ddb5-4fa4-a97d-d965ccfc6d4b" outcome="Passed" testListId="8c84fa94-04c1-424b-9868-57a2d4851a1d" relativeResultsDirectory="19a48477-33ab-40c9-9751-0b6020dad467" /><UnitTestResult executionId="4259055e-4889-45bf-a82b-75645fa4a4e5" testId="62f8ece1-aebc-4d2b-b129-e977ffa5ff93" testName="Patch_InvalidPropertyNameReturnsBadRequest" computerName="VECTOR" duration="00:00:00.0160000" startTime="2018-08-23T10:15:37.4497893-04:00" endTime="2018-08-23T10:15:37.4497968-04:00" testType="13cdc9d9-ddb5-4fa4-a97d-d965ccfc6d4b" outcome="Passed" testListId="8c84fa94-04c1-424b-9868-57a2d4851a1d" relativeResultsDirectory="4259055e-4889-45bf-a82b-75645fa4a4e5" /><UnitTestResult executionId="6697b54d-ab49-4d13-9393-4da4b726f8ca" testId="5b1ce537-cdc6-4aff-8206-49801e5c1f33" testName="Patch_TargetPropertyIsUpdated" computerName="VECTOR" duration="00:00:00.5100000" startTime="2018-08-23T10:15:01.0954982-04:00" endTime="2018-08-23T10:15:01.0955045-04:00" testType="13cdc9d9-ddb5-4fa4-a97d-d965ccfc6d4b" outcome="Passed" testListId="8c84fa94-04c1-424b-9868-57a2d4851a1d" relativeResultsDirectory="6697b54d-ab49-4d13-9393-4da4b726f8ca" /><UnitTestResult executionId="6402281b-65a9-40a1-bc83-d657e7b5dc30" testId="ca5e81cc-adea-4642-ba5f-937f3a9ff3fa" testName="CameraHasExpectedDependentFiles" computerName="VECTOR" duration="00:00:00.0010000" startTime="2018-08-23T10:14:58.2415233-04:00" endTime="2018-08-23T10:14:58.2415247-04:00" testType="13cdc9d9-ddb5-4fa4-a97d-d965ccfc6d4b" outcome="Passed" testListId="8c84fa94-04c1-424b-9868-57a2d4851a1d" relativeResultsDirectory="6402281b-65a9-40a1-bc83-d657e7b5dc30" /><UnitTestResult executionId="7dbd8583-b1bb-4236-a5aa-139f4dc34f7a" testId="6c60804f-3fe3-4d63-a0e1-e7afcaf34764" testName="GetSingle_ValidIdPropertyValueReturnsCorrectModel" computerName="VECTOR" duration="00:00:00.0190000" startTime="2018-08-23T10:15:30.2158728-04:00" endTime="2018-08-23T10:15:30.2158764-04:00" testType="13cdc9d9-ddb5-4fa4-a97d-d965ccfc6d4b" outcome="Passed" testListId="8c84fa94-04c1-424b-9868-57a2d4851a1d" relativeResultsDirectory="7dbd8583-b1bb-4236-a5aa-139f4dc34f7a" /><UnitTestResult executionId="3ff18dd4-09d2-4216-8374-4f253c3fb941" testId="6718f06e-0d8e-4556-bfc1-2dfbce006f70" testName="Delete_TargetModelIsDeleted" computerName="VECTOR" duration="00:00:00.1890000" startTime="2018-08-23T10:15:29.0069750-04:00" endTime="2018-08-23T10:15:29.0069813-04:00" testType="13cdc9d9-ddb5-4fa4-a97d-d965ccfc6d4b" outcome="Passed" testListId="8c84fa94-04c1-424b-9868-57a2d4851a1d" relativeResultsDirectory="3ff18dd4-09d2-4216-8374-4f253c3fb941" /><UnitTestResult executionId="34121b3e-5226-4f0f-b75c-4bea5dd3fc4d" testId="02987b9c-d59c-4bc4-aa5e-b44837f9b239" testName="GetList_ListReturnsCorrectCount" computerName="VECTOR" duration="00:00:00.0190000" startTime="2018-08-23T10:15:36.8163524-04:00" endTime="2018-08-23T10:15:36.8163581-04:00" testType="13cdc9d9-ddb5-4fa4-a97d-d965ccfc6d4b" outcome="Passed" testListId="8c84fa94-04c1-424b-9868-57a2d4851a1d" relativeResultsDirectory="34121b3e-5226-4f0f-b75c-4bea5dd3fc4d" /><UnitTestResult executionId="8a6de0d9-f064-450d-b0b9-ffbb3f569852" testId="e9b5eae1-4f83-4869-a6c3-48781ca22585" testName="GetSingle_InvalidIdPropertyValueReturnsNotFound" computerName="VECTOR" duration="00:00:00.0180000" startTime="2018-08-23T10:15:08.4033631-04:00" endTime="2018-08-23T10:15:08.4033695-04:00" testType="13cdc9d9-ddb5-4fa4-a97d-d965ccfc6d4b" outcome="Passed" testListId="8c84fa94-04c1-424b-9868-57a2d4851a1d" relativeResultsDirectory="8a6de0d9-f064-450d-b0b9-ffbb3f569852" /><UnitTestResult executionId="d6939447-27f1-42ca-a983-c4c18b36dfab" testId="ed865117-1665-4237-8c4b-c5c82f86b7b8" testName="Post_InvalidPropertyValueReturnsBadRequest" computerName="VECTOR" duration="00:00:00.0120000" startTime="2018-08-23T10:15:01.7095127-04:00" endTime="2018-08-23T10:15:01.7095179-04:00" testType="13cdc9d9-ddb5-4fa4-a97d-d965ccfc6d4b" outcome="Passed" testListId="8c84fa94-04c1-424b-9868-57a2d4851a1d" relativeResultsDirectory="d6939447-27f1-42ca-a983-c4c18b36dfab" /><UnitTestResult executionId="eeab3d5c-f705-4835-b956-4628720b99bf" testId="b51225c6-0ae8-4355-8f01-9a3c3e9b07d3" testName="Patch_ValidReferencePropertyUpdatesModel" computerName="VECTOR" duration="00:00:01.0310000" startTime="2018-08-23T10:15:10.5362611-04:00" endTime="2018-08-23T10:15:10.5362661-04:00" testType="13cdc9d9-ddb5-4fa4-a97d-d965ccfc6d4b" outcome="Passed" testListId="8c84fa94-04c1-424b-9868-57a2d4851a1d" relativeResultsDirectory="eeab3d5c-f705-4835-b956-4628720b99bf" /><UnitTestResult executionId="b7f7716a-b605-48bd-b809-0ccf45ef9308" testId="ecde8408-e5ee-4696-8d1f-56dfe33896e3" testName="PostFile_FileTimeStampIsUpdatedAfterFileIsPosted" computerName="VECTOR" duration="00:00:01.4950000" startTime="2018-08-23T10:15:32.8167364-04:00" endTime="2018-08-23T10:15:32.8167430-04:00" testType="13cdc9d9-ddb5-4fa4-a97d-d965ccfc6d4b" outcome="Passed" testListId="8c84fa94-04c1-424b-9868-57a2d4851a1d" relativeResultsDirectory="b7f7716a-b605-48bd-b809-0ccf45ef9308" /><UnitTestResult executionId="7313a5c7-693a-47e3-948f-76c0055fd0ca" testId="0a64f720-44b8-45e7-8522-2302253016ef" testName="LucyDepthBufferFindsOneDependent" computerName="VECTOR" duration="00:00:00.0030000" startTime="2018-08-23T10:14:58.2449102-04:00" endTime="2018-08-23T10:14:58.2449128-04:00" testType="13cdc9d9-ddb5-4fa4-a97d-d965ccfc6d4b" outcome="Passed" testListId="8c84fa94-04c1-424b-9868-57a2d4851a1d" relativeResultsDirectory="7313a5c7-693a-47e3-948f-76c0055fd0ca" /><UnitTestResult executionId="84e24c24-1476-4297-ae18-454ac72494ed" testId="97bae63c-e747-42a0-8d7d-c692600fb773" testName="Patch_MultipleInvalidReferencePropertiesReturnsMultipleValidationErrorsAndBadRequest" computerName="VECTOR" duration="00:00:00.0100000" startTime="2018-08-23T10:15:00.2595832-04:00" endTime="2018-08-23T10:15:00.2595866-04:00" testType="13cdc9d9-ddb5-4fa4-a97d-d965ccfc6d4b" outcome="Passed" testListId="8c84fa94-04c1-424b-9868-57a2d4851a1d" relativeResultsDirectory="84e24c24-1476-4297-ae18-454ac72494ed" /><UnitTestResult executionId="8c44a2c2-711e-44c3-a11a-7eae7dd5f6f0" testId="cc7f19cb-eb2e-4682-9f07-4636c25d4659" testName="Patch_ValidReferencePropertyUpdatesModel" computerName="VECTOR" duration="00:00:00.5200000" startTime="2018-08-23T10:14:58.7695889-04:00" endTime="2018-08-23T10:14:58.7695954-04:00" testType="13cdc9d9-ddb5-4fa4-a97d-d965ccfc6d4b" outcome="Passed" testListId="8c84fa94-04c1-424b-9868-57a2d4851a1d" relativeResultsDirectory="8c44a2c2-711e-44c3-a11a-7eae7dd5f6f0" /><UnitTestResult executionId="45f8b828-c2ee-470e-8b61-184794f986d6" testId="16325d2e-ed80-4ea6-9292-7b665da91f90" testName="Patch_ValidReferencePropertyUpdatesModel" computerName="VECTOR" duration="00:00:00.5250000" startTime="2018-08-23T10:15:02.2522897-04:00" endTime="2018-08-23T10:15:02.2522959-04:00" testType="13cdc9d9-ddb5-4fa4-a97d-d965ccfc6d4b" outcome="Passed" testListId="8c84fa94-04c1-424b-9868-57a2d4851a1d" relativeResultsDirectory="45f8b828-c2ee-470e-8b61-184794f986d6" /><UnitTestResult executionId="2755431d-15df-4bb3-a507-872e36b37571" testId="e439b021-107a-42dd-bdcb-fc0b837a0a54" testName="Put_ValidReferencePropertyUpdatesModel" computerName="VECTOR" duration="00:00:00.3990000" startTime="2018-08-23T10:15:30.1237329-04:00" endTime="2018-08-23T10:15:30.1237391-04:00" testType="13cdc9d9-ddb5-4fa4-a97d-d965ccfc6d4b" outcome="Passed" testListId="8c84fa94-04c1-424b-9868-57a2d4851a1d" relativeResultsDirectory="2755431d-15df-4bb3-a507-872e36b37571" /><UnitTestResult executionId="59483ac3-84d5-450d-8b52-20572314cb6d" testId="8222046f-7850-4cf3-9e4b-ac81a4f2e123" testName="GetSingle_InvalidIdPropertyValueReturnsNotFound" computerName="VECTOR" duration="00:00:00.0200000" startTime="2018-08-23T10:15:12.3112852-04:00" endTime="2018-08-23T10:15:12.3112893-04:00" testType="13cdc9d9-ddb5-4fa4-a97d-d965ccfc6d4b" outcome="Passed" testListId="8c84fa94-04c1-424b-9868-57a2d4851a1d" relativeResultsDirectory="59483ac3-84d5-450d-8b52-20572314cb6d" /><UnitTestResult executionId="2ca070b5-cb03-4efc-bcf3-f1014bef7456" testId="e97bcd5c-e5b2-4540-8f40-70589407f969" testName="Patch_MultipleInvalidReferencePropertiesReturnsMultipleValidationErrorsAndBadRequest" computerName="VECTOR" duration="00:00:00.0330000" startTime="2018-08-23T10:15:37.4165874-04:00" endTime="2018-08-23T10:15:37.4165936-04:00" testType="13cdc9d9-ddb5-4fa4-a97d-d965ccfc6d4b" outcome="Passed" testListId="8c84fa94-04c1-424b-9868-57a2d4851a1d" relativeResultsDirectory="2ca070b5-cb03-4efc-bcf3-f1014bef7456" /><UnitTestResult executionId="21c86c87-1e51-44e3-a202-e2dbf9312546" testId="bb0ea79e-80ea-4b89-ac22-58830cffaf65" testName="Patch_ValidReferencePropertyUpdatesModel" computerName="VECTOR" duration="00:00:00.3910000" startTime="2018-08-23T10:15:30.6486977-04:00" endTime="2018-08-23T10:15:30.6487028-04:00" testType="13cdc9d9-ddb5-4fa4-a97d-d965ccfc6d4b" outcome="Passed" testListId="8c84fa94-04c1-424b-9868-57a2d4851a1d" relativeResultsDirectory="21c86c87-1e51-44e3-a202-e2dbf9312546" /><UnitTestResult executionId="6311e726-ec08-4c70-9604-a704b44844dc" testId="8118db00-a34e-4ff7-b889-55e8e8a8a999" testName="GetSingle_ValidIdPropertyValueReturnsCorrectModel" computerName="VECTOR" duration="00:00:00.0200000" startTime="2018-08-23T10:15:36.3958920-04:00" endTime="2018-08-23T10:15:36.3958969-04:00" testType="13cdc9d9-ddb5-4fa4-a97d-d965ccfc6d4b" outcome="Passed" testListId="8c84fa94-04c1-424b-9868-57a2d4851a1d" relativeResultsDirectory="6311e726-ec08-4c70-9604-a704b44844dc" /><UnitTestResult executionId="ac29ec9e-af91-4741-a14e-4451bef8c184" testId="d6b77678-36fd-40f8-b835-6af39836bc6d" testName="Put_ValidReferencePropertyUpdatesModel" computerName="VECTOR" duration="00:00:00.3240000" startTime="2018-08-23T10:15:02.5770437-04:00" endTime="2018-08-23T10:15:02.5770496-04:00" testType="13cdc9d9-ddb5-4fa4-a97d-d965ccfc6d4b" outcome="Passed" testListId="8c84fa94-04c1-424b-9868-57a2d4851a1d" relativeResultsDirectory="ac29ec9e-af91-4741-a14e-4451bef8c184" /><UnitTestResult executionId="4fd247a3-d937-4a9f-bffb-ed2bb7e454da" testId="7d4c38dc-4209-41df-875e-64138d6b2d10" testName="FileRequest_FileCanBeReadAfterRename" computerName="VECTOR" duration="00:00:00.4630000" startTime="2018-08-23T10:15:05.2015020-04:00" endTime="2018-08-23T10:15:05.2015079-04:00" testType="13cdc9d9-ddb5-4fa4-a97d-d965ccfc6d4b" outcome="Passed" testListId="8c84fa94-04c1-424b-9868-57a2d4851a1d" relativeResultsDirectory="4fd247a3-d937-4a9f-bffb-ed2bb7e454da" /><UnitTestResult executionId="9cdb5ec3-7715-4d0b-9e13-1ab92ed1db76" testId="a4f99655-e826-4559-a087-e30e156dd30a" testName="Post_ValidReferencePropertyCreatesModel" computerName="VECTOR" duration="00:00:00.1870000" startTime="2018-08-23T10:15:07.3477649-04:00" endTime="2018-08-23T10:15:07.3477714-04:00" testType="13cdc9d9-ddb5-4fa4-a97d-d965ccfc6d4b" outcome="Passed" testListId="8c84fa94-04c1-424b-9868-57a2d4851a1d" relativeResultsDirectory="9cdb5ec3-7715-4d0b-9e13-1ab92ed1db76" /><UnitTestResult executionId="7dc9fc5b-01bc-4dcd-92c6-ff2d157b6b20" testId="b2e0e166-0f6b-4057-98d5-4dfe0efdef82" testName="Delete_TargetModelIsDeleted" computerName="VECTOR" duration="00:00:00.4050000" startTime="2018-08-23T10:15:03.5680051-04:00" endTime="2018-08-23T10:15:03.5680105-04:00" testType="13cdc9d9-ddb5-4fa4-a97d-d965ccfc6d4b" outcome="Passed" testListId="8c84fa94-04c1-424b-9868-57a2d4851a1d" relativeResultsDirectory="7dc9fc5b-01bc-4dcd-92c6-ff2d157b6b20" /><UnitTestResult executionId="2d44fc89-90ff-4c22-bfb3-3830845e7413" testId="7214a381-9a5e-4904-8cff-0914a1682dc8" testName="Put_InvalidReferencePropertyReturndBadRequest" computerName="VECTOR" duration="00:00:00.0100000" startTime="2018-08-23T10:15:00.2693182-04:00" endTime="2018-08-23T10:15:00.2693216-04:00" testType="13cdc9d9-ddb5-4fa4-a97d-d965ccfc6d4b" outcome="Passed" testListId="8c84fa94-04c1-424b-9868-57a2d4851a1d" relativeResultsDirectory="2d44fc89-90ff-4c22-bfb3-3830845e7413" /><UnitTestResult executionId="c40a6349-b35d-4ce5-b829-65776630676c" testId="5dff5f37-f9f7-4ae1-8fce-74fe56c1fc73" testName="Put_InvalidIdReturnsNotFound" computerName="VECTOR" duration="00:00:00.1990000" startTime="2018-08-23T10:15:06.0835093-04:00" endTime="2018-08-23T10:15:06.0835156-04:00" testType="13cdc9d9-ddb5-4fa4-a97d-d965ccfc6d4b" outcome="Passed" testListId="8c84fa94-04c1-424b-9868-57a2d4851a1d" relativeResultsDirectory="c40a6349-b35d-4ce5-b829-65776630676c" /><UnitTestResult executionId="ddeea8b5-38f0-41b5-b160-47db27fc155b" testId="1c46a0f9-f63f-4fb5-b76d-c3ea52cb461b" testName="Put_CanUpdateModel" computerName="VECTOR" duration="00:00:00.7160000" startTime="2018-08-23T10:15:11.2527680-04:00" endTime="2018-08-23T10:15:11.2527741-04:00" testType="13cdc9d9-ddb5-4fa4-a97d-d965ccfc6d4b" outcome="Passed" testListId="8c84fa94-04c1-424b-9868-57a2d4851a1d" relativeResultsDirectory="ddeea8b5-38f0-41b5-b160-47db27fc155b" /><UnitTestResult executionId="56f9e53e-0b51-454f-a810-0876bfed2e09" testId="e2d4ca6e-7626-484a-90d4-429e9d779841" testName="Post_ValidReferencePropertyCreatesModel" computerName="VECTOR" duration="00:00:00.2570000" startTime="2018-08-23T10:15:12.6259488-04:00" endTime="2018-08-23T10:15:12.6259550-04:00" testType="13cdc9d9-ddb5-4fa4-a97d-d965ccfc6d4b" outcome="Passed" testListId="8c84fa94-04c1-424b-9868-57a2d4851a1d" relativeResultsDirectory="56f9e53e-0b51-454f-a810-0876bfed2e09" /><UnitTestResult executionId="546dc4bc-c2a5-4d4f-9cc6-9c781b75b31d" testId="1ab30ae1-06d4-4847-8182-4a4b7eba38cb" testName="Patch_InvalidPropertyNameReturnsBadRequest" computerName="VECTOR" duration="00:00:00.0140000" startTime="2018-08-23T10:15:01.6973876-04:00" endTime="2018-08-23T10:15:01.6973910-04:00" testType="13cdc9d9-ddb5-4fa4-a97d-d965ccfc6d4b" outcome="Passed" testListId="8c84fa94-04c1-424b-9868-57a2d4851a1d" relativeResultsDirectory="546dc4bc-c2a5-4d4f-9cc6-9c781b75b31d" /><UnitTestResult executionId="d7760643-1302-4152-be37-e4c76ac40f7c" testId="a3ea0d00-6008-40db-a812-02d9129da3d1" testName="Put_ValidReferencePropertyUpdatesModel" computerName="VECTOR" duration="00:00:00.3490000" startTime="2018-08-23T10:15:11.6025482-04:00" endTime="2018-08-23T10:15:11.6025538-04:00" testType="13cdc9d9-ddb5-4fa4-a97d-d965ccfc6d4b" outcome="Passed" testListId="8c84fa94-04c1-424b-9868-57a2d4851a1d" relativeResultsDirectory="d7760643-1302-4152-be37-e4c76ac40f7c" /><UnitTestResult executionId="9bc6ad42-23bf-4ac4-9dbe-5316dc480bb5" testId="801910b6-80c8-4fc6-915e-e76d1db08eac" testName="Patch_TargetPropertyIsUpdated" computerName="VECTOR" duration="00:00:00.4830000" startTime="2018-08-23T10:15:29.7238509-04:00" endTime="2018-08-23T10:15:29.7238572-04:00" testType="13cdc9d9-ddb5-4fa4-a97d-d965ccfc6d4b" outcome="Passed" testListId="8c84fa94-04c1-424b-9868-57a2d4851a1d" relativeResultsDirectory="9bc6ad42-23bf-4ac4-9dbe-5316dc480bb5" /><UnitTestResult executionId="ed71756c-21e2-440e-a985-c5506700e50c" testId="eaa3e85c-e067-48a9-8c49-411fe1c4dae3" testName="Patch_InvalidEnumPropertyValueReturnsBadRequest" computerName="VECTOR" duration="00:00:00.0160000" startTime="2018-08-23T10:15:02.8939282-04:00" endTime="2018-08-23T10:15:02.8939336-04:00" testType="13cdc9d9-ddb5-4fa4-a97d-d965ccfc6d4b" outcome="Passed" testListId="8c84fa94-04c1-424b-9868-57a2d4851a1d" relativeResultsDirectory="ed71756c-21e2-440e-a985-c5506700e50c" /><UnitTestResult executionId="04aefea4-6011-4da1-b73f-d4a715d23f4d" testId="fc3d699d-28c9-4cc8-8b91-72ac3ef471bf" testName="Post_InvalidPropertyValueReturnsBadRequest" computerName="VECTOR" duration="00:00:00.0150000" startTime="2018-08-23T10:15:37.4656446-04:00" endTime="2018-08-23T10:15:37.4656517-04:00" testType="13cdc9d9-ddb5-4fa4-a97d-d965ccfc6d4b" outcome="Passed" testListId="8c84fa94-04c1-424b-9868-57a2d4851a1d" relativeResultsDirectory="04aefea4-6011-4da1-b73f-d4a715d23f4d" /><UnitTestResult executionId="45d99fce-fdcc-4886-9dd7-bcbfc1f008e1" testId="9dd35b0f-4567-4454-b048-0aa4432fb394" testName="Put_InvalidIdReturnsNotFound" computerName="VECTOR" duration="00:00:00.0410000" startTime="2018-08-23T10:14:59.8624002-04:00" endTime="2018-08-23T10:14:59.8624061-04:00" testType="13cdc9d9-ddb5-4fa4-a97d-d965ccfc6d4b" outcome="Passed" testListId="8c84fa94-04c1-424b-9868-57a2d4851a1d" relativeResultsDirectory="45d99fce-fdcc-4886-9dd7-bcbfc1f008e1" /><UnitTestResult executionId="158e72c9-8980-42cd-abe0-e88ccfe9332f" testId="5c12082d-fa9e-4ebe-8784-88a1619115f0" testName="Put_ValidReferencePropertyUpdatesModel" computerName="VECTOR" duration="00:00:00.0200000" startTime="2018-08-23T10:14:59.6488915-04:00" endTime="2018-08-23T10:14:59.6488962-04:00" testType="13cdc9d9-ddb5-4fa4-a97d-d965ccfc6d4b" outcome="Passed" testListId="8c84fa94-04c1-424b-9868-57a2d4851a1d" relativeResultsDirectory="158e72c9-8980-42cd-abe0-e88ccfe9332f" /><UnitTestResult executionId="496ebbaa-f3ad-4b17-8f80-aaf12237efa4" testId="5d862f41-d258-4f72-97b2-c6faaf2b8cf1" testName="PostFile_FileTimeStampIsUpdatedAfterFileIsPosted" computerName="VECTOR" duration="00:00:01.4790000" startTime="2018-08-23T10:15:18.8769382-04:00" endTime="2018-08-23T10:15:18.8769446-04:00" testType="13cdc9d9-ddb5-4fa4-a97d-d965ccfc6d4b" outcome="Passed" testListId="8c84fa94-04c1-424b-9868-57a2d4851a1d" relativeResultsDirectory="496ebbaa-f3ad-4b17-8f80-aaf12237efa4" /><UnitTestResult executionId="bcd483e4-be32-47d5-9a93-d7f42bde15c4" testId="8b965951-c71e-4f71-ae80-12a22fad1e58" testName="Patch_InvalidPropertyNameReturnsBadRequest" computerName="VECTOR" duration="00:00:00.0230000" startTime="2018-08-23T10:15:12.2704073-04:00" endTime="2018-08-23T10:15:12.2704125-04:00" testType="13cdc9d9-ddb5-4fa4-a97d-d965ccfc6d4b" outcome="Passed" testListId="8c84fa94-04c1-424b-9868-57a2d4851a1d" relativeResultsDirectory="bcd483e4-be32-47d5-9a93-d7f42bde15c4" /><UnitTestResult executionId="c0c6e4d2-0daf-4f17-be94-da5e6127cc29" testId="9862cf80-301c-49a7-a6e6-974909fa3549" testName="PutFile_NewFileCanBePut" computerName="VECTOR" duration="00:00:00.3620000" startTime="2018-08-23T10:15:03.9703189-04:00" endTime="2018-08-23T10:15:03.9703254-04:00" testType="13cdc9d9-ddb5-4fa4-a97d-d965ccfc6d4b" outcome="Passed" testListId="8c84fa94-04c1-424b-9868-57a2d4851a1d" relativeResultsDirectory="c0c6e4d2-0daf-4f17-be94-da5e6127cc29" /><UnitTestResult executionId="49e12c5c-8c81-4b12-b488-dd48061689e4" testId="977129f6-1368-4609-8e4b-d27c179d7617" testName="Put_CanUpdateModel" computerName="VECTOR" duration="00:00:00.3160000" startTime="2018-08-23T10:15:08.3847024-04:00" endTime="2018-08-23T10:15:08.3847086-04:00" testType="13cdc9d9-ddb5-4fa4-a97d-d965ccfc6d4b" outcome="Passed" testListId="8c84fa94-04c1-424b-9868-57a2d4851a1d" relativeResultsDirectory="49e12c5c-8c81-4b12-b488-dd48061689e4" /><UnitTestResult executionId="fffb59fe-b4cf-4a87-bf61-a904be515970" testId="67586406-e32f-446e-9ee5-2fcf4658d2e0" testName="Put_ValidReferencePropertyUpdatesModel" computerName="VECTOR" duration="00:00:00.4170000" startTime="2018-08-23T10:15:07.1432981-04:00" endTime="2018-08-23T10:15:07.1433041-04:00" testType="13cdc9d9-ddb5-4fa4-a97d-d965ccfc6d4b" outcome="Passed" testListId="8c84fa94-04c1-424b-9868-57a2d4851a1d" relativeResultsDirectory="fffb59fe-b4cf-4a87-bf61-a904be515970" /><UnitTestResult executionId="04a37d57-2720-4b29-b3fd-fb68e3d3f52c" testId="6f5c5a93-3909-4385-b862-3ece8dbc1b31" testName="GetList_ListReturnsCorrectCount" computerName="VECTOR" duration="00:00:01.0040000" startTime="2018-08-23T10:15:09.4375853-04:00" endTime="2018-08-23T10:15:09.4375909-04:00" testType="13cdc9d9-ddb5-4fa4-a97d-d965ccfc6d4b" outcome="Passed" testListId="8c84fa94-04c1-424b-9868-57a2d4851a1d" relativeResultsDirectory="04a37d57-2720-4b29-b3fd-fb68e3d3f52c" /><UnitTestResult executionId="8210adcb-091b-4e84-a3f4-4709efbe2e9e" testId="d37f55b7-e797-4491-9889-fcdd565cbca2" testName="Patch_InvalidEnumPropertyValueReturnsBadRequest" computerName="VECTOR" duration="00:00:00.0110000" startTime="2018-08-23T10:15:36.8277154-04:00" endTime="2018-08-23T10:15:36.8277196-04:00" testType="13cdc9d9-ddb5-4fa4-a97d-d965ccfc6d4b" outcome="Passed" testListId="8c84fa94-04c1-424b-9868-57a2d4851a1d" relativeResultsDirectory="8210adcb-091b-4e84-a3f4-4709efbe2e9e" /><UnitTestResult executionId="7b69d9ec-2528-4795-aa24-11e9bcf0f815" testId="9cc6bdf9-6a43-4f76-882a-af315041b7cc" testName="Patch_InvalidEnumPropertyValueReturnsBadRequest" computerName="VECTOR" duration="00:00:00.0410000" startTime="2018-08-23T10:15:11.6437492-04:00" endTime="2018-08-23T10:15:11.6437549-04:00" testType="13cdc9d9-ddb5-4fa4-a97d-d965ccfc6d4b" outcome="Passed" testListId="8c84fa94-04c1-424b-9868-57a2d4851a1d" relativeResultsDirectory="7b69d9ec-2528-4795-aa24-11e9bcf0f815" /><UnitTestResult executionId="e4c93f09-af9b-4859-ac62-345bc53f6f0a" testId="3de129dd-108e-408e-a6d3-444e8ab0acfa" testName="GetSingle_ValidIdPropertyValueReturnsCorrectModel" computerName="VECTOR" duration="00:00:00.0160000" startTime="2018-08-23T10:15:01.7260555-04:00" endTime="2018-08-23T10:15:01.7260602-04:00" testType="13cdc9d9-ddb5-4fa4-a97d-d965ccfc6d4b" outcome="Passed" testListId="8c84fa94-04c1-424b-9868-57a2d4851a1d" relativeResultsDirectory="e4c93f09-af9b-4859-ac62-345bc53f6f0a" /><UnitTestResult executionId="cb1555a6-ecd4-4e70-b0b0-2bf218ff373c" testId="1cd8d785-98d8-4d71-85e1-d3cc63ae47ee" testName="Delete_TargetModelIsDeleted" computerName="VECTOR" duration="00:00:00.3110000" startTime="2018-08-23T10:15:06.4179537-04:00" endTime="2018-08-23T10:15:06.4179601-04:00" testType="13cdc9d9-ddb5-4fa4-a97d-d965ccfc6d4b" outcome="Passed" testListId="8c84fa94-04c1-424b-9868-57a2d4851a1d" relativeResultsDirectory="cb1555a6-ecd4-4e70-b0b0-2bf218ff373c" /><UnitTestResult executionId="8f8a03b1-2ef2-4fe1-9be3-65d2bcca6460" testId="d3c8dbe3-c40c-49ad-ac6b-c57595e8af29" testName="Patch_InvalidPropertyNameReturnsBadRequest" computerName="VECTOR" duration="00:00:00.0960000" startTime="2018-08-23T10:14:58.8669884-04:00" endTime="2018-08-23T10:14:58.8669946-04:00" testType="13cdc9d9-ddb5-4fa4-a97d-d965ccfc6d4b" outcome="Passed" testListId="8c84fa94-04c1-424b-9868-57a2d4851a1d" relativeResultsDirectory="8f8a03b1-2ef2-4fe1-9be3-65d2bcca6460" /><UnitTestResult executionId="e8fc9a94-1a68-4d42-9049-885a110b7c56" testId="8c7bd35e-7001-4338-be03-9ef12b6a58ef" testName="Put_InvalidIdReturnsNotFound" computerName="VECTOR" duration="00:00:00.0520000" startTime="2018-08-23T10:15:01.6826930-04:00" endTime="2018-08-23T10:15:01.6826981-04:00" testType="13cdc9d9-ddb5-4fa4-a97d-d965ccfc6d4b" outcome="Passed" testListId="8c84fa94-04c1-424b-9868-57a2d4851a1d" relativeResultsDirectory="e8fc9a94-1a68-4d42-9049-885a110b7c56" /><UnitTestResult executionId="c88b9c4e-657a-433d-bed6-2d84b5b452f1" testId="95f07fc1-9672-4334-bbe2-0beee50fa37e" testName="Post_CanCreateNewModel" computerName="VECTOR" duration="00:00:00.2140000" startTime="2018-08-23T10:15:29.2403706-04:00" endTime="2018-08-23T10:15:29.2403735-04:00" testType="13cdc9d9-ddb5-4fa4-a97d-d965ccfc6d4b" outcome="Passed" testListId="8c84fa94-04c1-424b-9868-57a2d4851a1d" relativeResultsDirectory="c88b9c4e-657a-433d-bed6-2d84b5b452f1" /><UnitTestResult executionId="a7f8f412-8a72-488a-9c98-ed8505357b81" testId="ec112277-74d0-49ee-bff4-76ab8a11a5fa" testName="GetSingle_ValidIdPropertyValueReturnsCorrectModel" computerName="VECTOR" duration="00:00:00.0150000" startTime="2018-08-23T10:15:08.4184344-04:00" endTime="2018-08-23T10:15:08.4184395-04:00" testType="13cdc9d9-ddb5-4fa4-a97d-d965ccfc6d4b" outcome="Passed" testListId="8c84fa94-04c1-424b-9868-57a2d4851a1d" relativeResultsDirectory="a7f8f412-8a72-488a-9c98-ed8505357b81" /><UnitTestResult executionId="9bffb7c8-4b08-4ae3-9da5-2a6c0aa3531c" testId="aa0391dc-5a2c-40ef-827e-4d19f6d0424f" testName="Post_ValidReferencePropertyCreatesModel" computerName="VECTOR" duration="00:00:00.2210000" startTime="2018-08-23T10:15:02.8189274-04:00" endTime="2018-08-23T10:15:02.8189337-04:00" testType="13cdc9d9-ddb5-4fa4-a97d-d965ccfc6d4b" outcome="Passed" testListId="8c84fa94-04c1-424b-9868-57a2d4851a1d" relativeResultsDirectory="9bffb7c8-4b08-4ae3-9da5-2a6c0aa3531c" /><UnitTestResult executionId="060540be-37ac-4f22-a9f0-ff131f2d40ae" testId="10925f65-bbb6-4c44-a6a0-5a4d60276282" testName="Patch_TargetPropertyIsUpdated" computerName="VECTOR" duration="00:00:00.2980000" startTime="2018-08-23T10:14:59.6292535-04:00" endTime="2018-08-23T10:14:59.6292591-04:00" testType="13cdc9d9-ddb5-4fa4-a97d-d965ccfc6d4b" outcome="Passed" testListId="8c84fa94-04c1-424b-9868-57a2d4851a1d" relativeResultsDirectory="060540be-37ac-4f22-a9f0-ff131f2d40ae" /><UnitTestResult executionId="cfed5a89-4000-4e8e-a57c-e4c878f59506" testId="d7b7e21e-32e0-4086-9e87-fb5a4390c91a" testName="PostFile_NewFileCanBePosted" computerName="VECTOR" duration="00:00:00.3240000" startTime="2018-08-23T10:15:19.2011955-04:00" endTime="2018-08-23T10:15:19.2012011-04:00" testType="13cdc9d9-ddb5-4fa4-a97d-d965ccfc6d4b" outcome="Passed" testListId="8c84fa94-04c1-424b-9868-57a2d4851a1d" relativeResultsDirectory="cfed5a89-4000-4e8e-a57c-e4c878f59506" /><UnitTestResult executionId="13ae262b-5dd4-4cc5-a7a2-7eaacadc2faa" testId="3d85d3f5-a65c-4e54-91cb-955a5ab11891" testName="Patch_ValidReferencePropertyUpdatesModel" computerName="VECTOR" duration="00:00:00.3260000" startTime="2018-08-23T10:15:37.7922397-04:00" endTime="2018-08-23T10:15:37.7922466-04:00" testType="13cdc9d9-ddb5-4fa4-a97d-d965ccfc6d4b" outcome="Passed" testListId="8c84fa94-04c1-424b-9868-57a2d4851a1d" relativeResultsDirectory="13ae262b-5dd4-4cc5-a7a2-7eaacadc2faa" /><UnitTestResult executionId="9d917c62-bbeb-4fb2-b94f-6ebf7741c10f" testId="09ec445b-f349-46d7-b06a-0486b918413f" testName="Post_CanCreateNewModel" computerName="VECTOR" duration="00:00:00.1620000" startTime="2018-08-23T10:14:59.8206993-04:00" endTime="2018-08-23T10:14:59.8207057-04:00" testType="13cdc9d9-ddb5-4fa4-a97d-d965ccfc6d4b" outcome="Passed" testListId="8c84fa94-04c1-424b-9868-57a2d4851a1d" relativeResultsDirectory="9d917c62-bbeb-4fb2-b94f-6ebf7741c10f" /><UnitTestResult executionId="3c9f652b-7c42-4ac0-884f-6679c2996782" testId="665fb417-d056-439a-bce3-b30e73c08482" testName="GetFile_NonExistentFileReturnsNotFound" computerName="VECTOR" duration="00:00:00.0300000" startTime="2018-08-23T10:15:13.0263228-04:00" endTime="2018-08-23T10:15:13.0263286-04:00" testType="13cdc9d9-ddb5-4fa4-a97d-d965ccfc6d4b" outcome="Passed" testListId="8c84fa94-04c1-424b-9868-57a2d4851a1d" relativeResultsDirectory="3c9f652b-7c42-4ac0-884f-6679c2996782" /><UnitTestResult executionId="9a248b96-2b93-4380-8fed-064e45f1b75b" testId="e8d2e8b7-4a81-47f2-9605-fc5c6be8a4cd" testName="Patch_MultipleInvalidReferencePropertiesReturnsMultipleValidationErrorsAndBadRequest" computerName="VECTOR" duration="00:00:00.0230000" startTime="2018-08-23T10:15:30.1786085-04:00" endTime="2018-08-23T10:15:30.1786126-04:00" testType="13cdc9d9-ddb5-4fa4-a97d-d965ccfc6d4b" outcome="Passed" testListId="8c84fa94-04c1-424b-9868-57a2d4851a1d" relativeResultsDirectory="9a248b96-2b93-4380-8fed-064e45f1b75b" /><UnitTestResult executionId="9565608c-e4eb-4a96-b22a-178e2cf7399b" testId="daaeaae3-f223-47d6-b6a4-c3a4a4da8bc5" testName="PostFile_FileIsSynchronizedIsUpdatedAfterFileIsPosted" computerName="VECTOR" duration="00:00:00.2680000" startTime="2018-08-23T10:15:35.6332160-04:00" endTime="2018-08-23T10:15:35.6332230-04:00" testType="13cdc9d9-ddb5-4fa4-a97d-d965ccfc6d4b" outcome="Passed" testListId="8c84fa94-04c1-424b-9868-57a2d4851a1d" relativeResultsDirectory="9565608c-e4eb-4a96-b22a-178e2cf7399b" /><UnitTestResult executionId="50e52055-d781-4a0c-86ad-6657fd2db07d" testId="8e9321bd-8d27-44bf-85a7-848542849030" testName="Patch_InvalidReferencePropertyReturnsBadRequest" computerName="VECTOR" duration="00:00:00.0280000" startTime="2018-08-23T10:15:06.7053730-04:00" endTime="2018-08-23T10:15:06.7053789-04:00" testType="13cdc9d9-ddb5-4fa4-a97d-d965ccfc6d4b" outcome="Passed" testListId="8c84fa94-04c1-424b-9868-57a2d4851a1d" relativeResultsDirectory="50e52055-d781-4a0c-86ad-6657fd2db07d" /><UnitTestResult executionId="4b236dbe-ee52-4ea7-8770-e3c7a76f5133" testId="daba79c1-5668-4816-94ce-d3fcdab16153" testName="GetSingle_ValidIdPropertyValueReturnsCorrectModel" computerName="VECTOR" duration="00:00:00.0250000" startTime="2018-08-23T10:15:12.9357957-04:00" endTime="2018-08-23T10:15:12.9358005-04:00" testType="13cdc9d9-ddb5-4fa4-a97d-d965ccfc6d4b" outcome="Passed" testListId="8c84fa94-04c1-424b-9868-57a2d4851a1d" relativeResultsDirectory="4b236dbe-ee52-4ea7-8770-e3c7a76f5133" /><UnitTestResult executionId="9e03e422-549e-45c8-8528-1a1ab0a52e0a" testId="9448ab16-2daf-41b0-bf8a-36aece00690e" testName="Patch_ValidReferencePropertyUpdatesModel" computerName="VECTOR" duration="00:00:00.3470000" startTime="2018-08-23T10:15:07.7448949-04:00" endTime="2018-08-23T10:15:07.7449013-04:00" testType="13cdc9d9-ddb5-4fa4-a97d-d965ccfc6d4b" outcome="Passed" testListId="8c84fa94-04c1-424b-9868-57a2d4851a1d" relativeResultsDirectory="9e03e422-549e-45c8-8528-1a1ab0a52e0a" /><UnitTestResult executionId="d507b85f-0bed-4e1e-858c-e81bbc65f3d0" testId="cd6bf222-8b5d-459d-ad57-c0c0dd5cf1b9" testName="GetFile_ExistingFileReturnsSuccess" computerName="VECTOR" duration="00:00:00.0460000" startTime="2018-08-23T10:15:17.3970659-04:00" endTime="2018-08-23T10:15:17.3970728-04:00" testType="13cdc9d9-ddb5-4fa4-a97d-d965ccfc6d4b" outcome="Passed" testListId="8c84fa94-04c1-424b-9868-57a2d4851a1d" relativeResultsDirectory="d507b85f-0bed-4e1e-858c-e81bbc65f3d0" /><UnitTestResult executionId="388d4f00-e8a1-4e13-aa55-8edbbb4d5a9c" testId="f4a24c4d-ddee-4052-89bf-7c6070131450" testName="GetSingle_InvalidIdPropertyValueReturnsNotFound" computerName="VECTOR" duration="00:00:00.0150000" startTime="2018-08-23T10:14:59.9098900-04:00" endTime="2018-08-23T10:14:59.9098935-04:00" testType="13cdc9d9-ddb5-4fa4-a97d-d965ccfc6d4b" outcome="Passed" testListId="8c84fa94-04c1-424b-9868-57a2d4851a1d" relativeResultsDirectory="388d4f00-e8a1-4e13-aa55-8edbbb4d5a9c" /><UnitTestResult executionId="a7f84444-efc2-466e-a620-a3f445941ca9" testId="4c304720-6d55-480f-a6fa-b18d6659b4cb" testName="GetSingle_InvalidIdPropertyValueReturnsNotFound" computerName="VECTOR" duration="00:00:00.0160000" startTime="2018-08-23T10:15:36.8436932-04:00" endTime="2018-08-23T10:15:36.8436989-04:00" testType="13cdc9d9-ddb5-4fa4-a97d-d965ccfc6d4b" outcome="Passed" testListId="8c84fa94-04c1-424b-9868-57a2d4851a1d" relativeResultsDirectory="a7f84444-efc2-466e-a620-a3f445941ca9" /><UnitTestResult executionId="c3dac3c8-ba3d-4fe6-89c8-901787924eff" testId="4d4db3fc-3ed8-4536-b861-b462769ea99c" testName="PostFile_FileIsSynchronizedIsUpdatedAfterFileIsPosted" computerName="VECTOR" duration="00:00:00.0100000" startTime="2018-08-23T10:15:05.8838912-04:00" endTime="2018-08-23T10:15:05.8838942-04:00" testType="13cdc9d9-ddb5-4fa4-a97d-d965ccfc6d4b" outcome="Passed" testListId="8c84fa94-04c1-424b-9868-57a2d4851a1d" relativeResultsDirectory="c3dac3c8-ba3d-4fe6-89c8-901787924eff" /><UnitTestResult executionId="68ae2691-04f2-40fd-93d7-15326853f5c4" testId="2a594551-cf95-4c09-b0da-397ccf33b3b2" testName="FileRequest_FileCanBeReadAfterRename" computerName="VECTOR" duration="00:00:00.4320000" startTime="2018-08-23T10:15:28.6909546-04:00" endTime="2018-08-23T10:15:28.6909749-04:00" testType="13cdc9d9-ddb5-4fa4-a97d-d965ccfc6d4b" outcome="Passed" testListId="8c84fa94-04c1-424b-9868-57a2d4851a1d" relativeResultsDirectory="68ae2691-04f2-40fd-93d7-15326853f5c4" /><UnitTestResult executionId="646797ac-4f1a-46f5-bfac-744f17687709" testId="d846156b-71a9-4642-bdc2-c98f71e313c9" testName="Put_CanUpdateModel" computerName="VECTOR" duration="00:00:00.3830000" startTime="2018-08-23T10:15:31.2834709-04:00" endTime="2018-08-23T10:15:31.2834765-04:00" testType="13cdc9d9-ddb5-4fa4-a97d-d965ccfc6d4b" outcome="Passed" testListId="8c84fa94-04c1-424b-9868-57a2d4851a1d" relativeResultsDirectory="646797ac-4f1a-46f5-bfac-744f17687709" /><UnitTestResult executionId="28007099-7f81-459e-8107-ccb22fb198b8" testId="c23c4125-4c49-4f46-a181-8679e55f1349" testName="GetList_ListReturnsCorrectCount" computerName="VECTOR" duration="00:00:00.0200000" startTime="2018-08-23T10:15:06.7262318-04:00" endTime="2018-08-23T10:15:06.7262354-04:00" testType="13cdc9d9-ddb5-4fa4-a97d-d965ccfc6d4b" outcome="Passed" testListId="8c84fa94-04c1-424b-9868-57a2d4851a1d" relativeResultsDirectory="28007099-7f81-459e-8107-ccb22fb198b8" /></Results><TestDefinitions><UnitTest name="Patch_ValidReferencePropertyUpdatesModel" storage="d:\modelrelief\modelrelief.test\bin\debug\netcoreapp2.0\modelrelief.test.dll" id="9448ab16-2daf-41b0-bf8a-36aece00690e"><Execution id="9e03e422-549e-45c8-8528-1a1ab0a52e0a" /><TestMethod codeBase="D:\ModelRelief\ModelRelief.test\bin\Debug\netcoreapp2.0\ModelRelief.Test.dll" adapterTypeName="executor://xunit/VsTestRunner2/netcoreapp" className="ModelRelief.Test.Integration.MeshTransforms.MeshTransformsBaseIntegrationTests" name="Patch_ValidReferencePropertyUpdatesModel" /></UnitTest><UnitTest name="Patch_InvalidPropertyNameReturnsBadRequest" storage="d:\modelrelief\modelrelief.test\bin\debug\netcoreapp2.0\modelrelief.test.dll" id="d99cd98e-d7a7-42c2-8ad6-c357d69ab1c4"><Execution id="dd3dba77-d4c4-4471-b525-332239dd7b3a" /><TestMethod codeBase="D:\ModelRelief\ModelRelief.test\bin\Debug\netcoreapp2.0\ModelRelief.Test.dll" adapterTypeName="executor://xunit/VsTestRunner2/netcoreapp" className="ModelRelief.Test.Integration.DepthBuffers.DepthBuffersBaseIntegrationTests" name="Patch_InvalidPropertyNameReturnsBadRequest" /></UnitTest><UnitTest name="Post_InvalidReferencePropertyReturnsBadRequest" storage="d:\modelrelief\modelrelief.test\bin\debug\netcoreapp2.0\modelrelief.test.dll" id="6b587657-3bac-40f8-97cf-df21ea758cc3"><Execution id="cd2b565c-9b9e-46c2-8e39-db88f9824c95" /><TestMethod codeBase="D:\ModelRelief\ModelRelief.test\bin\Debug\netcoreapp2.0\ModelRelief.Test.dll" adapterTypeName="executor://xunit/VsTestRunner2/netcoreapp" className="ModelRelief.Test.Integration.Models.ModelsBaseIntegrationTests" name="Post_InvalidReferencePropertyReturnsBadRequest" /></UnitTest><UnitTest name="GetFile_ExistingFileReturnsSuccess" storage="d:\modelrelief\modelrelief.test\bin\debug\netcoreapp2.0\modelrelief.test.dll" id="334aa7c2-f4a3-42f8-bd37-4c1f5c637583"><Execution id="5e9149fa-a3f3-4e20-9589-39b33c290aa5" /><TestMethod codeBase="D:\ModelRelief\ModelRelief.test\bin\Debug\netcoreapp2.0\ModelRelief.Test.dll" adapterTypeName="executor://xunit/VsTestRunner2/netcoreapp" className="ModelRelief.Test.Integration.DepthBuffers.DepthBuffersFileIntegrationTests" name="GetFile_ExistingFileReturnsSuccess" /></UnitTest><UnitTest name="PutFile_NewFileCanBePut" storage="d:\modelrelief\modelrelief.test\bin\debug\netcoreapp2.0\modelrelief.test.dll" id="ec3f3089-3d7f-4b30-b52d-5cb613410ee9"><Execution id="46d57fcc-4000-4fff-ad03-92070d038c9e" /><TestMethod codeBase="D:\ModelRelief\ModelRelief.test\bin\Debug\netcoreapp2.0\ModelRelief.Test.dll" adapterTypeName="executor://xunit/VsTestRunner2/netcoreapp" className="ModelRelief.Test.Integration.DepthBuffers.DepthBuffersFileIntegrationTests" name="PutFile_NewFileCanBePut" /></UnitTest><UnitTest name="Patch_TargetPropertyIsUpdated" storage="d:\modelrelief\modelrelief.test\bin\debug\netcoreapp2.0\modelrelief.test.dll" id="801910b6-80c8-4fc6-915e-e76d1db08eac"><Execution id="9bc6ad42-23bf-4ac4-9dbe-5316dc480bb5" /><TestMethod codeBase="D:\ModelRelief\ModelRelief.test\bin\Debug\netcoreapp2.0\ModelRelief.Test.dll" adapterTypeName="executor://xunit/VsTestRunner2/netcoreapp" className="ModelRelief.Test.Integration.DepthBuffers.DepthBuffersBaseIntegrationTests" name="Patch_TargetPropertyIsUpdated" /></UnitTest><UnitTest name="GetSingle_InvalidIdPropertyValueReturnsNotFound" storage="d:\modelrelief\modelrelief.test\bin\debug\netcoreapp2.0\modelrelief.test.dll" id="4c304720-6d55-480f-a6fa-b18d6659b4cb"><Execution id="a7f84444-efc2-466e-a620-a3f445941ca9" /><TestMethod codeBase="D:\ModelRelief\ModelRelief.test\bin\Debug\netcoreapp2.0\ModelRelief.Test.dll" adapterTypeName="executor://xunit/VsTestRunner2/netcoreapp" className="ModelRelief.Test.Integration.Cameras.CamerasBaseIntegrationTests" name="GetSingle_InvalidIdPropertyValueReturnsNotFound" /></UnitTest><UnitTest name="Patch_InvalidEnumPropertyValueReturnsBadRequest" storage="d:\modelrelief\modelrelief.test\bin\debug\netcoreapp2.0\modelrelief.test.dll" id="d37f55b7-e797-4491-9889-fcdd565cbca2"><Execution id="8210adcb-091b-4e84-a3f4-4709efbe2e9e" /><TestMethod codeBase="D:\ModelRelief\ModelRelief.test\bin\Debug\netcoreapp2.0\ModelRelief.Test.dll" adapterTypeName="executor://xunit/VsTestRunner2/netcoreapp" className="ModelRelief.Test.Integration.Cameras.CamerasBaseIntegrationTests" name="Patch_InvalidEnumPropertyValueReturnsBadRequest" /></UnitTest><UnitTest name="LucyDepthBufferFindsOneDependent" storage="d:\modelrelief\modelrelief.test\bin\debug\netcoreapp2.0\modelrelief.test.dll" id="0a64f720-44b8-45e7-8522-2302253016ef"><Execution id="7313a5c7-693a-47e3-948f-76c0055fd0ca" /><TestMethod codeBase="D:\ModelRelief\ModelRelief.test\bin\Debug\netcoreapp2.0\ModelRelief.Test.dll" adapterTypeName="executor://xunit/VsTestRunner2/netcoreapp" className="ModelRelief.Test.Unit.DependencyManager.DependencyManagerTests" name="LucyDepthBufferFindsOneDependent" /></UnitTest><UnitTest name="Patch_InvalidEnumPropertyValueReturnsBadRequest" storage="d:\modelrelief\modelrelief.test\bin\debug\netcoreapp2.0\modelrelief.test.dll" id="2e45ab79-b714-43b0-8c4c-3909beab3dd1"><Execution id="4d54d903-0a75-41a7-8dc1-2d6c06dff2d6" /><TestMethod codeBase="D:\ModelRelief\ModelRelief.test\bin\Debug\netcoreapp2.0\ModelRelief.Test.dll" adapterTypeName="executor://xunit/VsTestRunner2/netcoreapp" className="ModelRelief.Test.Integration.DepthBuffers.DepthBuffersBaseIntegrationTests" name="Patch_InvalidEnumPropertyValueReturnsBadRequest" /></UnitTest><UnitTest name="Patch_InvalidPropertyNameReturnsBadRequest" storage="d:\modelrelief\modelrelief.test\bin\debug\netcoreapp2.0\modelrelief.test.dll" id="6123efb7-adcc-4c16-adeb-ff4c68b67356"><Execution id="fd3f7763-e1e3-4640-a80d-96e7cb19aed7" /><TestMethod codeBase="D:\ModelRelief\ModelRelief.test\bin\Debug\netcoreapp2.0\ModelRelief.Test.dll" adapterTypeName="executor://xunit/VsTestRunner2/netcoreapp" className="ModelRelief.Test.Integration.MeshTransforms.MeshTransformsBaseIntegrationTests" name="Patch_InvalidPropertyNameReturnsBadRequest" /></UnitTest><UnitTest name="Put_CanUpdateModel" storage="d:\modelrelief\modelrelief.test\bin\debug\netcoreapp2.0\modelrelief.test.dll" id="1c46a0f9-f63f-4fb5-b76d-c3ea52cb461b"><Execution id="ddeea8b5-38f0-41b5-b160-47db27fc155b" /><TestMethod codeBase="D:\ModelRelief\ModelRelief.test\bin\Debug\netcoreapp2.0\ModelRelief.Test.dll" adapterTypeName="executor://xunit/VsTestRunner2/netcoreapp" className="ModelRelief.Test.Integration.Meshes.MeshesBaseIntegrationTests" name="Put_CanUpdateModel" /></UnitTest><UnitTest name="Put_InvalidIdReturnsNotFound" storage="d:\modelrelief\modelrelief.test\bin\debug\netcoreapp2.0\modelrelief.test.dll" id="8c7bd35e-7001-4338-be03-9ef12b6a58ef"><Execution id="e8fc9a94-1a68-4d42-9049-885a110b7c56" /><TestMethod codeBase="D:\ModelRelief\ModelRelief.test\bin\Debug\netcoreapp2.0\ModelRelief.Test.dll" adapterTypeName="executor://xunit/VsTestRunner2/netcoreapp" className="ModelRelief.Test.Integration.Models.ModelsBaseIntegrationTests" name="Put_InvalidIdReturnsNotFound" /></UnitTest><UnitTest name="Post_InvalidReferencePropertyReturnsBadRequest" storage="d:\modelrelief\modelrelief.test\bin\debug\netcoreapp2.0\modelrelief.test.dll" id="8579a52e-7f77-4f32-8672-5b9fe2aa8c3e"><Execution id="eefe8afc-0b96-4e7a-af3b-ccea6a64347b" /><TestMethod codeBase="D:\ModelRelief\ModelRelief.test\bin\Debug\netcoreapp2.0\ModelRelief.Test.dll" adapterTypeName="executor://xunit/VsTestRunner2/netcoreapp" className="ModelRelief.Test.Integration.Projects.ProjectsBaseIntegrationTests" name="Post_InvalidReferencePropertyReturnsBadRequest" /></UnitTest><UnitTest name="Patch_ValidReferencePropertyUpdatesModel" storage="d:\modelrelief\modelrelief.test\bin\debug\netcoreapp2.0\modelrelief.test.dll" id="b51225c6-0ae8-4355-8f01-9a3c3e9b07d3"><Execution id="eeab3d5c-f705-4835-b956-4628720b99bf" /><TestMethod codeBase="D:\ModelRelief\ModelRelief.test\bin\Debug\netcoreapp2.0\ModelRelief.Test.dll" adapterTypeName="executor://xunit/VsTestRunner2/netcoreapp" className="ModelRelief.Test.Integration.Meshes.MeshesBaseIntegrationTests" name="Patch_ValidReferencePropertyUpdatesModel" /></UnitTest><UnitTest name="Put_InvalidReferencePropertyReturndBadRequest" storage="d:\modelrelief\modelrelief.test\bin\debug\netcoreapp2.0\modelrelief.test.dll" id="772f6ce3-4b43-40af-afa0-5ff968ec3b8f"><Execution id="4632e3e4-b2d3-46a9-a731-420802f8c370" /><TestMethod codeBase="D:\ModelRelief\ModelRelief.test\bin\Debug\netcoreapp2.0\ModelRelief.Test.dll" adapterTypeName="executor://xunit/VsTestRunner2/netcoreapp" className="ModelRelief.Test.Integration.MeshTransforms.MeshTransformsBaseIntegrationTests" name="Put_InvalidReferencePropertyReturndBadRequest" /></UnitTest><UnitTest name="GetSingle_ValidIdPropertyValueReturnsCorrectModel" storage="d:\modelrelief\modelrelief.test\bin\debug\netcoreapp2.0\modelrelief.test.dll" id="daba79c1-5668-4816-94ce-d3fcdab16153"><Execution id="4b236dbe-ee52-4ea7-8770-e3c7a76f5133" /><TestMethod codeBase="D:\ModelRelief\ModelRelief.test\bin\Debug\netcoreapp2.0\ModelRelief.Test.dll" adapterTypeName="executor://xunit/VsTestRunner2/netcoreapp" className="ModelRelief.Test.Integration.Meshes.MeshesBaseIntegrationTests" name="GetSingle_ValidIdPropertyValueReturnsCorrectModel" /></UnitTest><UnitTest name="Post_InvalidPropertyValueReturnsBadRequest" storage="d:\modelrelief\modelrelief.test\bin\debug\netcoreapp2.0\modelrelief.test.dll" id="5d1425fc-4e68-4d9a-85b1-c5a0f1500a70"><Execution id="5049b7ef-300c-46ae-848e-af96b102bf75" /><TestMethod codeBase="D:\ModelRelief\ModelRelief.test\bin\Debug\netcoreapp2.0\ModelRelief.Test.dll" adapterTypeName="executor://xunit/VsTestRunner2/netcoreapp" className="ModelRelief.Test.Integration.Projects.ProjectsBaseIntegrationTests" name="Post_InvalidPropertyValueReturnsBadRequest" /></UnitTest><UnitTest name="Patch_InvalidIdPropertyReturnsNotFound" storage="d:\modelrelief\modelrelief.test\bin\debug\netcoreapp2.0\modelrelief.test.dll" id="5ca3753f-1b74-4be7-a990-e4451455287a"><Execution id="205c7824-e600-4f4e-8347-38e9ede3928d" /><TestMethod codeBase="D:\ModelRelief\ModelRelief.test\bin\Debug\netcoreapp2.0\ModelRelief.Test.dll" adapterTypeName="executor://xunit/VsTestRunner2/netcoreapp" className="ModelRelief.Test.Integration.DepthBuffers.DepthBuffersBaseIntegrationTests" name="Patch_InvalidIdPropertyReturnsNotFound" /></UnitTest><UnitTest name="PostFile_NewFileCanBePosted" storage="d:\modelrelief\modelrelief.test\bin\debug\netcoreapp2.0\modelrelief.test.dll" id="d7b7e21e-32e0-4086-9e87-fb5a4390c91a"><Execution id="cfed5a89-4000-4e8e-a57c-e4c878f59506" /><TestMethod codeBase="D:\ModelRelief\ModelRelief.test\bin\Debug\netcoreapp2.0\ModelRelief.Test.dll" adapterTypeName="executor://xunit/VsTestRunner2/netcoreapp" className="ModelRelief.Test.Integration.Meshes.MeshesFileIntegrationTests" name="PostFile_NewFileCanBePosted" /></UnitTest><UnitTest name="Patch_InvalidEnumPropertyValueReturnsBadRequest" storage="d:\modelrelief\modelrelief.test\bin\debug\netcoreapp2.0\modelrelief.test.dll" id="55f4057e-dd71-4d83-a645-052ab0214288"><Execution id="6f5971a6-5848-41c5-84d9-6af2aa794579" /><TestMethod codeBase="D:\ModelRelief\ModelRelief.test\bin\Debug\netcoreapp2.0\ModelRelief.Test.dll" adapterTypeName="executor://xunit/VsTestRunner2/netcoreapp" className="ModelRelief.Test.Integration.Projects.ProjectsBaseIntegrationTests" name="Patch_InvalidEnumPropertyValueReturnsBadRequest" /></UnitTest><UnitTest name="Put_CanUpdateModel" storage="d:\modelrelief\modelrelief.test\bin\debug\netcoreapp2.0\modelrelief.test.dll" id="d846156b-71a9-4642-bdc2-c98f71e313c9"><Execution id="646797ac-4f1a-46f5-bfac-744f17687709" /><TestMethod codeBase="D:\ModelRelief\ModelRelief.test\bin\Debug\netcoreapp2.0\ModelRelief.Test.dll" adapterTypeName="executor://xunit/VsTestRunner2/netcoreapp" className="ModelRelief.Test.Integration.DepthBuffers.DepthBuffersBaseIntegrationTests" name="Put_CanUpdateModel" /></UnitTest><UnitTest name="Put_InvalidIdReturnsNotFound" storage="d:\modelrelief\modelrelief.test\bin\debug\netcoreapp2.0\modelrelief.test.dll" id="0bc8ae4c-ca22-438b-8708-dde13e8f4b3f"><Execution id="ce7d70f7-7725-4d46-9416-8dab3d2539b7" /><TestMethod codeBase="D:\ModelRelief\ModelRelief.test\bin\Debug\netcoreapp2.0\ModelRelief.Test.dll" adapterTypeName="executor://xunit/VsTestRunner2/netcoreapp" className="ModelRelief.Test.Integration.Meshes.MeshesBaseIntegrationTests" name="Put_InvalidIdReturnsNotFound" /></UnitTest><UnitTest name="Delete_TargetModelIsDeleted" storage="d:\modelrelief\modelrelief.test\bin\debug\netcoreapp2.0\modelrelief.test.dll" id="f79d18b3-9714-4852-981c-54671b808954"><Execution id="702ced93-7bba-4970-a2b4-60a5c4fcbc54" /><TestMethod codeBase="D:\ModelRelief\ModelRelief.test\bin\Debug\netcoreapp2.0\ModelRelief.Test.dll" adapterTypeName="executor://xunit/VsTestRunner2/netcoreapp" className="ModelRelief.Test.Integration.Cameras.CamerasBaseIntegrationTests" name="Delete_TargetModelIsDeleted" /></UnitTest><UnitTest name="Put_CanUpdateModel" storage="d:\modelrelief\modelrelief.test\bin\debug\netcoreapp2.0\modelrelief.test.dll" id="f0c2cfac-4060-40b9-ab2e-bc5cef2d9699"><Execution id="50cbb1d7-94aa-45b5-aef9-4b9051081c88" /><TestMethod codeBase="D:\ModelRelief\ModelRelief.test\bin\Debug\netcoreapp2.0\ModelRelief.Test.dll" adapterTypeName="executor://xunit/VsTestRunner2/netcoreapp" className="ModelRelief.Test.Integration.Models.ModelsBaseIntegrationTests" name="Put_CanUpdateModel" /></UnitTest><UnitTest name="Put_InvalidIdReturnsNotFound" storage="d:\modelrelief\modelrelief.test\bin\debug\netcoreapp2.0\modelrelief.test.dll" id="ff36886b-ec1b-4986-ad7d-f4f5c9ee1871"><Execution id="83975648-a757-4968-96b2-2e4dcb511cf4" /><TestMethod codeBase="D:\ModelRelief\ModelRelief.test\bin\Debug\netcoreapp2.0\ModelRelief.Test.dll" adapterTypeName="executor://xunit/VsTestRunner2/netcoreapp" className="ModelRelief.Test.Integration.DepthBuffers.DepthBuffersBaseIntegrationTests" name="Put_InvalidIdReturnsNotFound" /></UnitTest><UnitTest name="Patch_InvalidReferencePropertyReturnsBadRequest" storage="d:\modelrelief\modelrelief.test\bin\debug\netcoreapp2.0\modelrelief.test.dll" id="ddb2a2b7-b832-4449-a797-11602347cf78"><Execution id="dac7fb7f-1eaa-449f-84e3-4ae6edea21e8" /><TestMethod codeBase="D:\ModelRelief\ModelRelief.test\bin\Debug\netcoreapp2.0\ModelRelief.Test.dll" adapterTypeName="executor://xunit/VsTestRunner2/netcoreapp" className="ModelRelief.Test.Integration.Cameras.CamerasBaseIntegrationTests" name="Patch_InvalidReferencePropertyReturnsBadRequest" /></UnitTest><UnitTest name="Post_CanCreateNewModel" storage="d:\modelrelief\modelrelief.test\bin\debug\netcoreapp2.0\modelrelief.test.dll" id="95f07fc1-9672-4334-bbe2-0beee50fa37e"><Execution id="c88b9c4e-657a-433d-bed6-2d84b5b452f1" /><TestMethod codeBase="D:\ModelRelief\ModelRelief.test\bin\Debug\netcoreapp2.0\ModelRelief.Test.dll" adapterTypeName="executor://xunit/VsTestRunner2/netcoreapp" className="ModelRelief.Test.Integration.DepthBuffers.DepthBuffersBaseIntegrationTests" name="Post_CanCreateNewModel" /></UnitTest><UnitTest name="PostFile_FileTimeStampIsUpdatedAfterFileIsPosted" storage="d:\modelrelief\modelrelief.test\bin\debug\netcoreapp2.0\modelrelief.test.dll" id="ecde8408-e5ee-4696-8d1f-56dfe33896e3"><Execution id="b7f7716a-b605-48bd-b809-0ccf45ef9308" /><TestMethod codeBase="D:\ModelRelief\ModelRelief.test\bin\Debug\netcoreapp2.0\ModelRelief.Test.dll" adapterTypeName="executor://xunit/VsTestRunner2/netcoreapp" className="ModelRelief.Test.Integration.DepthBuffers.DepthBuffersFileIntegrationTests" name="PostFile_FileTimeStampIsUpdatedAfterFileIsPosted" /></UnitTest><UnitTest name="FileRequest_FileCanBeReadAfterRename" storage="d:\modelrelief\modelrelief.test\bin\debug\netcoreapp2.0\modelrelief.test.dll" id="24644c5b-5a44-40e4-b8c1-9614f66f0900"><Execution id="ae23e89f-2256-4628-bb18-41443d4a3bd0" /><TestMethod codeBase="D:\ModelRelief\ModelRelief.test\bin\Debug\netcoreapp2.0\ModelRelief.Test.dll" adapterTypeName="executor://xunit/VsTestRunner2/netcoreapp" className="ModelRelief.Test.Integration.DepthBuffers.DepthBuffersFileIntegrationTests" name="FileRequest_FileCanBeReadAfterRename" /></UnitTest><UnitTest name="PutFile_FileCanBeUpdated" storage="d:\modelrelief\modelrelief.test\bin\debug\netcoreapp2.0\modelrelief.test.dll" id="2dcb0690-0e70-4122-a822-779a7f2546fd"><Execution id="86ebe5a9-1f99-44cb-9674-759216483b8e" /><TestMethod codeBase="D:\ModelRelief\ModelRelief.test\bin\Debug\netcoreapp2.0\ModelRelief.Test.dll" adapterTypeName="executor://xunit/VsTestRunner2/netcoreapp" className="ModelRelief.Test.Integration.Models.ModelsFileIntegrationTests" name="PutFile_FileCanBeUpdated" /></UnitTest><UnitTest name="GetSingle_ValidIdPropertyValueReturnsCorrectModel" storage="d:\modelrelief\modelrelief.test\bin\debug\netcoreapp2.0\modelrelief.test.dll" id="6c60804f-3fe3-4d63-a0e1-e7afcaf34764"><Execution id="7dbd8583-b1bb-4236-a5aa-139f4dc34f7a" /><TestMethod codeBase="D:\ModelRelief\ModelRelief.test\bin\Debug\netcoreapp2.0\ModelRelief.Test.dll" adapterTypeName="executor://xunit/VsTestRunner2/netcoreapp" className="ModelRelief.Test.Integration.DepthBuffers.DepthBuffersBaseIntegrationTests" name="GetSingle_ValidIdPropertyValueReturnsCorrectModel" /></UnitTest><UnitTest name="Patch_TargetPropertyIsUpdated" storage="d:\modelrelief\modelrelief.test\bin\debug\netcoreapp2.0\modelrelief.test.dll" id="5b1ce537-cdc6-4aff-8206-49801e5c1f33"><Execution id="6697b54d-ab49-4d13-9393-4da4b726f8ca" /><TestMethod codeBase="D:\ModelRelief\ModelRelief.test\bin\Debug\netcoreapp2.0\ModelRelief.Test.dll" adapterTypeName="executor://xunit/VsTestRunner2/netcoreapp" className="ModelRelief.Test.Integration.Models.ModelsBaseIntegrationTests" name="Patch_TargetPropertyIsUpdated" /></UnitTest><UnitTest name="PostFile_FileTimeStampIsUpdatedAfterFileIsPosted" storage="d:\modelrelief\modelrelief.test\bin\debug\netcoreapp2.0\modelrelief.test.dll" id="5d862f41-d258-4f72-97b2-c6faaf2b8cf1"><Execution id="496ebbaa-f3ad-4b17-8f80-aaf12237efa4" /><TestMethod codeBase="D:\ModelRelief\ModelRelief.test\bin\Debug\netcoreapp2.0\ModelRelief.Test.dll" adapterTypeName="executor://xunit/VsTestRunner2/netcoreapp" className="ModelRelief.Test.Integration.Meshes.MeshesFileIntegrationTests" name="PostFile_FileTimeStampIsUpdatedAfterFileIsPosted" /></UnitTest><UnitTest name="Post_ValidReferencePropertyCreatesModel" storage="d:\modelrelief\modelrelief.test\bin\debug\netcoreapp2.0\modelrelief.test.dll" id="fd54e878-925d-4111-bb7e-edc7d2e4b924"><Execution id="4e56401b-22e8-4cf8-9b76-48222302a22b" /><TestMethod codeBase="D:\ModelRelief\ModelRelief.test\bin\Debug\netcoreapp2.0\ModelRelief.Test.dll" adapterTypeName="executor://xunit/VsTestRunner2/netcoreapp" className="ModelRelief.Test.Integration.Projects.ProjectsBaseIntegrationTests" name="Post_ValidReferencePropertyCreatesModel" /></UnitTest><UnitTest name="Delete_TargetModelIsDeleted" storage="d:\modelrelief\modelrelief.test\bin\debug\netcoreapp2.0\modelrelief.test.dll" id="8c6af50d-3dd4-49d7-8da7-1c0a3dd9ba82"><Execution id="60052269-a85b-448a-a2b5-ae6a089b369b" /><TestMethod codeBase="D:\ModelRelief\ModelRelief.test\bin\Debug\netcoreapp2.0\ModelRelief.Test.dll" adapterTypeName="executor://xunit/VsTestRunner2/netcoreapp" className="ModelRelief.Test.Integration.Meshes.MeshesBaseIntegrationTests" name="Delete_TargetModelIsDeleted" /></UnitTest><UnitTest name="GetList_ListReturnsCorrectCount" storage="d:\modelrelief\modelrelief.test\bin\debug\netcoreapp2.0\modelrelief.test.dll" id="c23c4125-4c49-4f46-a181-8679e55f1349"><Execution id="28007099-7f81-459e-8107-ccb22fb198b8" /><TestMethod codeBase="D:\ModelRelief\ModelRelief.test\bin\Debug\netcoreapp2.0\ModelRelief.Test.dll" adapterTypeName="executor://xunit/VsTestRunner2/netcoreapp" className="ModelRelief.Test.Integration.MeshTransforms.MeshTransformsBaseIntegrationTests" name="GetList_ListReturnsCorrectCount" /></UnitTest><UnitTest name="Post_ValidReferencePropertyCreatesModel" storage="d:\modelrelief\modelrelief.test\bin\debug\netcoreapp2.0\modelrelief.test.dll" id="aa0391dc-5a2c-40ef-827e-4d19f6d0424f"><Execution id="9bffb7c8-4b08-4ae3-9da5-2a6c0aa3531c" /><TestMethod codeBase="D:\ModelRelief\ModelRelief.test\bin\Debug\netcoreapp2.0\ModelRelief.Test.dll" adapterTypeName="executor://xunit/VsTestRunner2/netcoreapp" className="ModelRelief.Test.Integration.Models.ModelsBaseIntegrationTests" name="Post_ValidReferencePropertyCreatesModel" /></UnitTest><UnitTest name="CameraHasExpectedDependentFiles" storage="d:\modelrelief\modelrelief.test\bin\debug\netcoreapp2.0\modelrelief.test.dll" id="ca5e81cc-adea-4642-ba5f-937f3a9ff3fa"><Execution id="6402281b-65a9-40a1-bc83-d657e7b5dc30" /><TestMethod codeBase="D:\ModelRelief\ModelRelief.test\bin\Debug\netcoreapp2.0\ModelRelief.Test.dll" adapterTypeName="executor://xunit/VsTestRunner2/netcoreapp" className="ModelRelief.Test.Unit.DependencyManager.DependencyManagerTests" name="CameraHasExpectedDependentFiles" /></UnitTest><UnitTest name="Post_CanCreateNewModel" storage="d:\modelrelief\modelrelief.test\bin\debug\netcoreapp2.0\modelrelief.test.dll" id="b794e0ad-94ef-4e14-977b-9d8a9fbde8f5"><Execution id="bdaf7210-5338-4a66-a472-7a5d560a2375" /><TestMethod codeBase="D:\ModelRelief\ModelRelief.test\bin\Debug\netcoreapp2.0\ModelRelief.Test.dll" adapterTypeName="executor://xunit/VsTestRunner2/netcoreapp" className="ModelRelief.Test.Integration.Meshes.MeshesBaseIntegrationTests" name="Post_CanCreateNewModel" /></UnitTest><UnitTest name="Post_ValidReferencePropertyCreatesModel" storage="d:\modelrelief\modelrelief.test\bin\debug\netcoreapp2.0\modelrelief.test.dll" id="2b362e06-d66f-460d-9e93-6a8d6eb9d211"><Execution id="a83a9c86-d139-4732-a1b5-2d25b5ab2d9f" /><TestMethod codeBase="D:\ModelRelief\ModelRelief.test\bin\Debug\netcoreapp2.0\ModelRelief.Test.dll" adapterTypeName="executor://xunit/VsTestRunner2/netcoreapp" className="ModelRelief.Test.Integration.DepthBuffers.DepthBuffersBaseIntegrationTests" name="Post_ValidReferencePropertyCreatesModel" /></UnitTest><UnitTest name="GetSingle_InvalidIdPropertyValueReturnsNotFound" storage="d:\modelrelief\modelrelief.test\bin\debug\netcoreapp2.0\modelrelief.test.dll" id="b78651ea-5842-4a3a-9b68-1533a100cf88"><Execution id="879db8df-f825-4b1f-bfdd-6db5cb24ae01" /><TestMethod codeBase="D:\ModelRelief\ModelRelief.test\bin\Debug\netcoreapp2.0\ModelRelief.Test.dll" adapterTypeName="executor://xunit/VsTestRunner2/netcoreapp" className="ModelRelief.Test.Integration.DepthBuffers.DepthBuffersBaseIntegrationTests" name="GetSingle_InvalidIdPropertyValueReturnsNotFound" /></UnitTest><UnitTest name="PostFile_FileTimeStampIsUpdatedAfterFileIsPosted" storage="d:\modelrelief\modelrelief.test\bin\debug\netcoreapp2.0\modelrelief.test.dll" id="4114688a-480c-467e-89a0-1a302d97901e"><Execution id="a766024e-4563-4472-b331-88504f80d997" /><TestMethod codeBase="D:\ModelRelief\ModelRelief.test\bin\Debug\netcoreapp2.0\ModelRelief.Test.dll" adapterTypeName="executor://xunit/VsTestRunner2/netcoreapp" className="ModelRelief.Test.Integration.Models.ModelsFileIntegrationTests" name="PostFile_FileTimeStampIsUpdatedAfterFileIsPosted" /></UnitTest><UnitTest name="Patch_MultipleInvalidReferencePropertiesReturnsMultipleValidationErrorsAndBadRequest" storage="d:\modelrelief\modelrelief.test\bin\debug\netcoreapp2.0\modelrelief.test.dll" id="8af1ae1c-1193-4d3d-a283-36a2a330ebd8"><Execution id="523783e8-90e2-4823-8f08-6e9b640e8096" /><TestMethod codeBase="D:\ModelRelief\ModelRelief.test\bin\Debug\netcoreapp2.0\ModelRelief.Test.dll" adapterTypeName="executor://xunit/VsTestRunner2/netcoreapp" className="ModelRelief.Test.Integration.Meshes.MeshesBaseIntegrationTests" name="Patch_MultipleInvalidReferencePropertiesReturnsMultipleValidationErrorsAndBadRequest" /></UnitTest><UnitTest name="GetFile_FileCanBeRoundTripped" storage="d:\modelrelief\modelrelief.test\bin\debug\netcoreapp2.0\modelrelief.test.dll" id="77c53811-f47d-4f0c-8b98-f59b9d421d0f"><Execution id="0fd7777c-c45a-4c0a-882b-da6dd79f6e18" /><TestMethod codeBase="D:\ModelRelief\ModelRelief.test\bin\Debug\netcoreapp2.0\ModelRelief.Test.dll" adapterTypeName="executor://xunit/VsTestRunner2/netcoreapp" className="ModelRelief.Test.Integration.Models.ModelsFileIntegrationTests" name="GetFile_FileCanBeRoundTripped" /></UnitTest><UnitTest name="Patch_TargetPropertyIsUpdated" storage="d:\modelrelief\modelrelief.test\bin\debug\netcoreapp2.0\modelrelief.test.dll" id="10925f65-bbb6-4c44-a6a0-5a4d60276282"><Execution id="060540be-37ac-4f22-a9f0-ff131f2d40ae" /><TestMethod codeBase="D:\ModelRelief\ModelRelief.test\bin\Debug\netcoreapp2.0\ModelRelief.Test.dll" adapterTypeName="executor://xunit/VsTestRunner2/netcoreapp" className="ModelRelief.Test.Integration.Projects.ProjectsBaseIntegrationTests" name="Patch_TargetPropertyIsUpdated" /></UnitTest><UnitTest name="Patch_MultipleInvalidReferencePropertiesReturnsMultipleValidationErrorsAndBadRequest" storage="d:\modelrelief\modelrelief.test\bin\debug\netcoreapp2.0\modelrelief.test.dll" id="9e06fcfb-2296-46e4-9a7a-968b8438f0ba"><Execution id="19a48477-33ab-40c9-9751-0b6020dad467" /><TestMethod codeBase="D:\ModelRelief\ModelRelief.test\bin\Debug\netcoreapp2.0\ModelRelief.Test.dll" adapterTypeName="executor://xunit/VsTestRunner2/netcoreapp" className="ModelRelief.Test.Integration.MeshTransforms.MeshTransformsBaseIntegrationTests" name="Patch_MultipleInvalidReferencePropertiesReturnsMultipleValidationErrorsAndBadRequest" /></UnitTest><UnitTest name="Put_CanUpdateModel" storage="d:\modelrelief\modelrelief.test\bin\debug\netcoreapp2.0\modelrelief.test.dll" id="977129f6-1368-4609-8e4b-d27c179d7617"><Execution id="49e12c5c-8c81-4b12-b488-dd48061689e4" /><TestMethod codeBase="D:\ModelRelief\ModelRelief.test\bin\Debug\netcoreapp2.0\ModelRelief.Test.dll" adapterTypeName="executor://xunit/VsTestRunner2/netcoreapp" className="ModelRelief.Test.Integration.MeshTransforms.MeshTransformsBaseIntegrationTests" name="Put_CanUpdateModel" /></UnitTest><UnitTest name="GetFile_ExistingFileReturnsSuccess" storage="d:\modelrelief\modelrelief.test\bin\debug\netcoreapp2.0\modelrelief.test.dll" id="cd6bf222-8b5d-459d-ad57-c0c0dd5cf1b9"><Execution id="d507b85f-0bed-4e1e-858c-e81bbc65f3d0" /><TestMethod codeBase="D:\ModelRelief\ModelRelief.test\bin\Debug\netcoreapp2.0\ModelRelief.Test.dll" adapterTypeName="executor://xunit/VsTestRunner2/netcoreapp" className="ModelRelief.Test.Integration.Meshes.MeshesFileIntegrationTests" name="GetFile_ExistingFileReturnsSuccess" /></UnitTest><UnitTest name="Post_InvalidReferencePropertyReturnsBadRequest" storage="d:\modelrelief\modelrelief.test\bin\debug\netcoreapp2.0\modelrelief.test.dll" id="9c314a1b-ab70-42b7-8eec-b67aed378879"><Execution id="8ec4456b-b2cb-49ff-83f7-2d0e73b4ee6c" /><TestMethod codeBase="D:\ModelRelief\ModelRelief.test\bin\Debug\netcoreapp2.0\ModelRelief.Test.dll" adapterTypeName="executor://xunit/VsTestRunner2/netcoreapp" className="ModelRelief.Test.Integration.Meshes.MeshesBaseIntegrationTests" name="Post_InvalidReferencePropertyReturnsBadRequest" /></UnitTest><UnitTest name="GetFile_FileCanBeRoundTripped" storage="d:\modelrelief\modelrelief.test\bin\debug\netcoreapp2.0\modelrelief.test.dll" id="f5ee4227-d2c7-40f9-92fc-85862d4fc8c6"><Execution id="066e9b98-fe09-4379-9b11-72b3ac8f34dc" /><TestMethod codeBase="D:\ModelRelief\ModelRelief.test\bin\Debug\netcoreapp2.0\ModelRelief.Test.dll" adapterTypeName="executor://xunit/VsTestRunner2/netcoreapp" className="ModelRelief.Test.Integration.DepthBuffers.DepthBuffersFileIntegrationTests" name="GetFile_FileCanBeRoundTripped" /></UnitTest><UnitTest name="Patch_MultipleInvalidReferencePropertiesReturnsMultipleValidationErrorsAndBadRequest" storage="d:\modelrelief\modelrelief.test\bin\debug\netcoreapp2.0\modelrelief.test.dll" id="e97bcd5c-e5b2-4540-8f40-70589407f969"><Execution id="2ca070b5-cb03-4efc-bcf3-f1014bef7456" /><TestMethod codeBase="D:\ModelRelief\ModelRelief.test\bin\Debug\netcoreapp2.0\ModelRelief.Test.dll" adapterTypeName="executor://xunit/VsTestRunner2/netcoreapp" className="ModelRelief.Test.Integration.Cameras.CamerasBaseIntegrationTests" name="Patch_MultipleInvalidReferencePropertiesReturnsMultipleValidationErrorsAndBadRequest" /></UnitTest><UnitTest name="Put_ValidReferencePropertyUpdatesModel" storage="d:\modelrelief\modelrelief.test\bin\debug\netcoreapp2.0\modelrelief.test.dll" id="e439b021-107a-42dd-bdcb-fc0b837a0a54"><Execution id="2755431d-15df-4bb3-a507-872e36b37571" /><TestMethod codeBase="D:\ModelRelief\ModelRelief.test\bin\Debug\netcoreapp2.0\ModelRelief.Test.dll" adapterTypeName="executor://xunit/VsTestRunner2/netcoreapp" className="ModelRelief.Test.Integration.DepthBuffers.DepthBuffersBaseIntegrationTests" name="Put_ValidReferencePropertyUpdatesModel" /></UnitTest><UnitTest name="GetSingle_ValidIdPropertyValueReturnsCorrectModel" storage="d:\modelrelief\modelrelief.test\bin\debug\netcoreapp2.0\modelrelief.test.dll" id="8118db00-a34e-4ff7-b889-55e8e8a8a999"><Execution id="6311e726-ec08-4c70-9604-a704b44844dc" /><TestMethod codeBase="D:\ModelRelief\ModelRelief.test\bin\Debug\netcoreapp2.0\ModelRelief.Test.dll" adapterTypeName="executor://xunit/VsTestRunner2/netcoreapp" className="ModelRelief.Test.Integration.Cameras.CamerasBaseIntegrationTests" name="GetSingle_ValidIdPropertyValueReturnsCorrectModel" /></UnitTest><UnitTest name="Delete_TargetModelIsDeleted" storage="d:\modelrelief\modelrelief.test\bin\debug\netcoreapp2.0\modelrelief.test.dll" id="6718f06e-0d8e-4556-bfc1-2dfbce006f70"><Execution id="3ff18dd4-09d2-4216-8374-4f253c3fb941" /><TestMethod codeBase="D:\ModelRelief\ModelRelief.test\bin\Debug\netcoreapp2.0\ModelRelief.Test.dll" adapterTypeName="executor://xunit/VsTestRunner2/netcoreapp" className="ModelRelief.Test.Integration.DepthBuffers.DepthBuffersBaseIntegrationTests" name="Delete_TargetModelIsDeleted" /></UnitTest><UnitTest name="LucyCameraFindsAllDependents" storage="d:\modelrelief\modelrelief.test\bin\debug\netcoreapp2.0\modelrelief.test.dll" id="38700af8-a391-4a9f-940b-01174aea3001"><Execution id="c54f668d-9073-4984-b255-0ff793b5c8d5" /><TestMethod codeBase="D:\ModelRelief\ModelRelief.test\bin\Debug\netcoreapp2.0\ModelRelief.Test.dll" adapterTypeName="executor://xunit/VsTestRunner2/netcoreapp" className="ModelRelief.Test.Unit.DependencyManager.DependencyManagerTests" name="LucyCameraFindsAllDependents" /></UnitTest><UnitTest name="Patch_InvalidIdPropertyReturnsNotFound" storage="d:\modelrelief\modelrelief.test\bin\debug\netcoreapp2.0\modelrelief.test.dll" id="a9ee2cc4-8832-4079-b440-1260ce07227a"><Execution id="58936bad-549e-467c-9378-a85d93dd97fc" /><TestMethod codeBase="D:\ModelRelief\ModelRelief.test\bin\Debug\netcoreapp2.0\ModelRelief.Test.dll" adapterTypeName="executor://xunit/VsTestRunner2/netcoreapp" className="ModelRelief.Test.Integration.Projects.ProjectsBaseIntegrationTests" name="Patch_InvalidIdPropertyReturnsNotFound" /></UnitTest><UnitTest name="Patch_TargetPropertyIsUpdated" storage="d:\modelrelief\modelrelief.test\bin\debug\netcoreapp2.0\modelrelief.test.dll" id="1dfc716a-a08b-497e-bc63-82f78d555795"><Execution id="d4474874-07a9-4c5f-a091-b7e4981f5216" /><TestMethod codeBase="D:\ModelRelief\ModelRelief.test\bin\Debug\netcoreapp2.0\ModelRelief.Test.dll" adapterTypeName="executor://xunit/VsTestRunner2/netcoreapp" className="ModelRelief.Test.Integration.Meshes.MeshesBaseIntegrationTests" name="Patch_TargetPropertyIsUpdated" /></UnitTest><UnitTest name="Patch_InvalidEnumPropertyValueReturnsBadRequest" storage="d:\modelrelief\modelrelief.test\bin\debug\netcoreapp2.0\modelrelief.test.dll" id="eaa3e85c-e067-48a9-8c49-411fe1c4dae3"><Execution id="ed71756c-21e2-440e-a985-c5506700e50c" /><TestMethod codeBase="D:\ModelRelief\ModelRelief.test\bin\Debug\netcoreapp2.0\ModelRelief.Test.dll" adapterTypeName="executor://xunit/VsTestRunner2/netcoreapp" className="ModelRelief.Test.Integration.Models.ModelsBaseIntegrationTests" name="Patch_InvalidEnumPropertyValueReturnsBadRequest" /></UnitTest><UnitTest name="PutFile_FileCanBeUpdated" storage="d:\modelrelief\modelrelief.test\bin\debug\netcoreapp2.0\modelrelief.test.dll" id="6ab3f5f2-c041-47a9-89bc-b1268480ae8d"><Execution id="d6cdcef9-0ba8-4897-97f2-7e146282e3ec" /><TestMethod codeBase="D:\ModelRelief\ModelRelief.test\bin\Debug\netcoreapp2.0\ModelRelief.Test.dll" adapterTypeName="executor://xunit/VsTestRunner2/netcoreapp" className="ModelRelief.Test.Integration.Meshes.MeshesFileIntegrationTests" name="PutFile_FileCanBeUpdated" /></UnitTest><UnitTest name="PutFile_NewFileCanBePut" storage="d:\modelrelief\modelrelief.test\bin\debug\netcoreapp2.0\modelrelief.test.dll" id="4b63f2ad-2675-4af5-8c48-c863d1b18c1d"><Execution id="fe7edcbd-7406-4863-aadb-7163a72ea5fa" /><TestMethod codeBase="D:\ModelRelief\ModelRelief.test\bin\Debug\netcoreapp2.0\ModelRelief.Test.dll" adapterTypeName="executor://xunit/VsTestRunner2/netcoreapp" className="ModelRelief.Test.Integration.Meshes.MeshesFileIntegrationTests" name="PutFile_NewFileCanBePut" /></UnitTest><UnitTest name="PostFile_FileIsSynchronizedIsUpdatedAfterFileIsPosted" storage="d:\modelrelief\modelrelief.test\bin\debug\netcoreapp2.0\modelrelief.test.dll" id="9b8d3447-bf73-42be-a941-9ed563f49bbc"><Execution id="6f09caee-25c6-4469-84f8-3c25a12517ab" /><TestMethod codeBase="D:\ModelRelief\ModelRelief.test\bin\Debug\netcoreapp2.0\ModelRelief.Test.dll" adapterTypeName="executor://xunit/VsTestRunner2/netcoreapp" className="ModelRelief.Test.Integration.Meshes.MeshesFileIntegrationTests" name="PostFile_FileIsSynchronizedIsUpdatedAfterFileIsPosted" /></UnitTest><UnitTest name="Patch_InvalidIdPropertyReturnsNotFound" storage="d:\modelrelief\modelrelief.test\bin\debug\netcoreapp2.0\modelrelief.test.dll" id="0ebdd2d8-8985-4b93-a73d-160488695703"><Execution id="c9cd1c7b-3039-4ee0-9fff-1a3ad5614da1" /><TestMethod codeBase="D:\ModelRelief\ModelRelief.test\bin\Debug\netcoreapp2.0\ModelRelief.Test.dll" adapterTypeName="executor://xunit/VsTestRunner2/netcoreapp" className="ModelRelief.Test.Integration.MeshTransforms.MeshTransformsBaseIntegrationTests" name="Patch_InvalidIdPropertyReturnsNotFound" /></UnitTest><UnitTest name="Put_ValidReferencePropertyUpdatesModel" storage="d:\modelrelief\modelrelief.test\bin\debug\netcoreapp2.0\modelrelief.test.dll" id="a3ea0d00-6008-40db-a812-02d9129da3d1"><Execution id="d7760643-1302-4152-be37-e4c76ac40f7c" /><TestMethod codeBase="D:\ModelRelief\ModelRelief.test\bin\Debug\netcoreapp2.0\ModelRelief.Test.dll" adapterTypeName="executor://xunit/VsTestRunner2/netcoreapp" className="ModelRelief.Test.Integration.Meshes.MeshesBaseIntegrationTests" name="Put_ValidReferencePropertyUpdatesModel" /></UnitTest><UnitTest name="Patch_TargetPropertyIsUpdated" storage="d:\modelrelief\modelrelief.test\bin\debug\netcoreapp2.0\modelrelief.test.dll" id="2e913b29-14f9-425b-97cb-f0e934029aa4"><Execution id="5afd2798-bd51-44e2-abf6-c8c1a082533e" /><TestMethod codeBase="D:\ModelRelief\ModelRelief.test\bin\Debug\netcoreapp2.0\ModelRelief.Test.dll" adapterTypeName="executor://xunit/VsTestRunner2/netcoreapp" className="ModelRelief.Test.Integration.MeshTransforms.MeshTransformsBaseIntegrationTests" name="Patch_TargetPropertyIsUpdated" /></UnitTest><UnitTest name="DepthBufferHasExpectedDependentFiles" storage="d:\modelrelief\modelrelief.test\bin\debug\netcoreapp2.0\modelrelief.test.dll" id="091ef0a6-8805-4d1f-91e2-dac71e345564"><Execution id="b8460975-e76d-4911-b13e-af98492d28b8" /><TestMethod codeBase="D:\ModelRelief\ModelRelief.test\bin\Debug\netcoreapp2.0\ModelRelief.Test.dll" adapterTypeName="executor://xunit/VsTestRunner2/netcoreapp" className="ModelRelief.Test.Unit.DependencyManager.DependencyManagerTests" name="DepthBufferHasExpectedDependentFiles" /></UnitTest><UnitTest name="Patch_InvalidIdPropertyReturnsNotFound" storage="d:\modelrelief\modelrelief.test\bin\debug\netcoreapp2.0\modelrelief.test.dll" id="ca3f66f2-9f98-47b7-bacc-0c35fb785e2f"><Execution id="ac3ef904-6b15-432a-a932-3f4b4d0658a3" /><TestMethod codeBase="D:\ModelRelief\ModelRelief.test\bin\Debug\netcoreapp2.0\ModelRelief.Test.dll" adapterTypeName="executor://xunit/VsTestRunner2/netcoreapp" className="ModelRelief.Test.Integration.Cameras.CamerasBaseIntegrationTests" name="Patch_InvalidIdPropertyReturnsNotFound" /></UnitTest><UnitTest name="Patch_ValidReferencePropertyUpdatesModel" storage="d:\modelrelief\modelrelief.test\bin\debug\netcoreapp2.0\modelrelief.test.dll" id="3d85d3f5-a65c-4e54-91cb-955a5ab11891"><Execution id="13ae262b-5dd4-4cc5-a7a2-7eaacadc2faa" /><TestMethod codeBase="D:\ModelRelief\ModelRelief.test\bin\Debug\netcoreapp2.0\ModelRelief.Test.dll" adapterTypeName="executor://xunit/VsTestRunner2/netcoreapp" className="ModelRelief.Test.Integration.Cameras.CamerasBaseIntegrationTests" name="Patch_ValidReferencePropertyUpdatesModel" /></UnitTest><UnitTest name="Post_CanCreateNewModel" storage="d:\modelrelief\modelrelief.test\bin\debug\netcoreapp2.0\modelrelief.test.dll" id="93e170f0-cc47-45e3-a761-d4027e63dc3d"><Execution id="c604a693-a79a-4476-84c6-c6ab5a641dae" /><TestMethod codeBase="D:\ModelRelief\ModelRelief.test\bin\Debug\netcoreapp2.0\ModelRelief.Test.dll" adapterTypeName="executor://xunit/VsTestRunner2/netcoreapp" className="ModelRelief.Test.Integration.Cameras.CamerasBaseIntegrationTests" name="Post_CanCreateNewModel" /></UnitTest><UnitTest name="GetList_ListReturnsCorrectCount" storage="d:\modelrelief\modelrelief.test\bin\debug\netcoreapp2.0\modelrelief.test.dll" id="b55a6804-ebcf-4d33-b98c-8f7a927579ba"><Execution id="b707c3ab-492f-496b-852a-d5ec2b84e694" /><TestMethod codeBase="D:\ModelRelief\ModelRelief.test\bin\Debug\netcoreapp2.0\ModelRelief.Test.dll" adapterTypeName="executor://xunit/VsTestRunner2/netcoreapp" className="ModelRelief.Test.Integration.DepthBuffers.DepthBuffersBaseIntegrationTests" name="GetList_ListReturnsCorrectCount" /></UnitTest><UnitTest name="Patch_MultipleInvalidReferencePropertiesReturnsMultipleValidationErrorsAndBadRequest" storage="d:\modelrelief\modelrelief.test\bin\debug\netcoreapp2.0\modelrelief.test.dll" id="86bd66f1-c620-4858-b600-22314716522e"><Execution id="f428f9b8-2aa2-4b14-a69a-b833615e6e8e" /><TestMethod codeBase="D:\ModelRelief\ModelRelief.test\bin\Debug\netcoreapp2.0\ModelRelief.Test.dll" adapterTypeName="executor://xunit/VsTestRunner2/netcoreapp" className="ModelRelief.Test.Integration.Models.ModelsBaseIntegrationTests" name="Patch_MultipleInvalidReferencePropertiesReturnsMultipleValidationErrorsAndBadRequest" /></UnitTest><UnitTest name="Patch_InvalidPropertyNameReturnsBadRequest" storage="d:\modelrelief\modelrelief.test\bin\debug\netcoreapp2.0\modelrelief.test.dll" id="8b965951-c71e-4f71-ae80-12a22fad1e58"><Execution id="bcd483e4-be32-47d5-9a93-d7f42bde15c4" /><TestMethod codeBase="D:\ModelRelief\ModelRelief.test\bin\Debug\netcoreapp2.0\ModelRelief.Test.dll" adapterTypeName="executor://xunit/VsTestRunner2/netcoreapp" className="ModelRelief.Test.Integration.Meshes.MeshesBaseIntegrationTests" name="Patch_InvalidPropertyNameReturnsBadRequest" /></UnitTest><UnitTest name="Put_ValidReferencePropertyUpdatesModel" storage="d:\modelrelief\modelrelief.test\bin\debug\netcoreapp2.0\modelrelief.test.dll" id="67586406-e32f-446e-9ee5-2fcf4658d2e0"><Execution id="fffb59fe-b4cf-4a87-bf61-a904be515970" /><TestMethod codeBase="D:\ModelRelief\ModelRelief.test\bin\Debug\netcoreapp2.0\ModelRelief.Test.dll" adapterTypeName="executor://xunit/VsTestRunner2/netcoreapp" className="ModelRelief.Test.Integration.MeshTransforms.MeshTransformsBaseIntegrationTests" name="Put_ValidReferencePropertyUpdatesModel" /></UnitTest><UnitTest name="Post_ValidReferencePropertyCreatesModel" storage="d:\modelrelief\modelrelief.test\bin\debug\netcoreapp2.0\modelrelief.test.dll" id="e2d4ca6e-7626-484a-90d4-429e9d779841"><Execution id="56f9e53e-0b51-454f-a810-0876bfed2e09" /><TestMethod codeBase="D:\ModelRelief\ModelRelief.test\bin\Debug\netcoreapp2.0\ModelRelief.Test.dll" adapterTypeName="executor://xunit/VsTestRunner2/netcoreapp" className="ModelRelief.Test.Integration.Meshes.MeshesBaseIntegrationTests" name="Post_ValidReferencePropertyCreatesModel" /></UnitTest><UnitTest name="PostFile_FileIsSynchronizedIsUpdatedAfterFileIsPosted" storage="d:\modelrelief\modelrelief.test\bin\debug\netcoreapp2.0\modelrelief.test.dll" id="4d4db3fc-3ed8-4536-b861-b462769ea99c"><Execution id="c3dac3c8-ba3d-4fe6-89c8-901787924eff" /><TestMethod codeBase="D:\ModelRelief\ModelRelief.test\bin\Debug\netcoreapp2.0\ModelRelief.Test.dll" adapterTypeName="executor://xunit/VsTestRunner2/netcoreapp" className="ModelRelief.Test.Integration.Models.ModelsFileIntegrationTests" name="PostFile_FileIsSynchronizedIsUpdatedAfterFileIsPosted" /></UnitTest><UnitTest name="Post_InvalidReferencePropertyReturnsBadRequest" storage="d:\modelrelief\modelrelief.test\bin\debug\netcoreapp2.0\modelrelief.test.dll" id="36e19090-0911-48fe-aa16-36d276fdc47e"><Execution id="abd28006-b732-456f-9ed6-2d669ecc333f" /><TestMethod codeBase="D:\ModelRelief\ModelRelief.test\bin\Debug\netcoreapp2.0\ModelRelief.Test.dll" adapterTypeName="executor://xunit/VsTestRunner2/netcoreapp" className="ModelRelief.Test.Integration.DepthBuffers.DepthBuffersBaseIntegrationTests" name="Post_InvalidReferencePropertyReturnsBadRequest" /></UnitTest><UnitTest name="Put_InvalidReferencePropertyReturndBadRequest" storage="d:\modelrelief\modelrelief.test\bin\debug\netcoreapp2.0\modelrelief.test.dll" id="35a5e2e4-b80b-4321-9225-3f6dce962081"><Execution id="fdf39d10-c020-401a-8d1c-bca4227e2fbf" /><TestMethod codeBase="D:\ModelRelief\ModelRelief.test\bin\Debug\netcoreapp2.0\ModelRelief.Test.dll" adapterTypeName="executor://xunit/VsTestRunner2/netcoreapp" className="ModelRelief.Test.Integration.DepthBuffers.DepthBuffersBaseIntegrationTests" name="Put_InvalidReferencePropertyReturndBadRequest" /></UnitTest><UnitTest name="Delete_TargetModelIsDeleted" storage="d:\modelrelief\modelrelief.test\bin\debug\netcoreapp2.0\modelrelief.test.dll" id="ccb0e12e-f4bd-4633-8516-c05f4930f042"><Execution id="fefd7f52-5fcf-4adf-9b42-8e12a7647b01" /><TestMethod codeBase="D:\ModelRelief\ModelRelief.test\bin\Debug\netcoreapp2.0\ModelRelief.Test.dll" adapterTypeName="executor://xunit/VsTestRunner2/netcoreapp" className="ModelRelief.Test.Integration.Projects.ProjectsBaseIntegrationTests" name="Delete_TargetModelIsDeleted" /></UnitTest><UnitTest name="Patch_InvalidPropertyNameReturnsBadRequest" storage="d:\modelrelief\modelrelief.test\bin\debug\netcoreapp2.0\modelrelief.test.dll" id="d3c8dbe3-c40c-49ad-ac6b-c57595e8af29"><Execution id="8f8a03b1-2ef2-4fe1-9be3-65d2bcca6460" /><TestMethod codeBase="D:\ModelRelief\ModelRelief.test\bin\Debug\netcoreapp2.0\ModelRelief.Test.dll" adapterTypeName="executor://xunit/VsTestRunner2/netcoreapp" className="ModelRelief.Test.Integration.Projects.ProjectsBaseIntegrationTests" name="Patch_InvalidPropertyNameReturnsBadRequest" /></UnitTest><UnitTest name="Post_InvalidPropertyValueReturnsBadRequest" storage="d:\modelrelief\modelrelief.test\bin\debug\netcoreapp2.0\modelrelief.test.dll" id="51e7bfb5-47d6-496c-b04d-5093b89747db"><Execution id="ff5bf9bf-33e2-423e-8f0a-7008d1dc32e4" /><TestMethod codeBase="D:\ModelRelief\ModelRelief.test\bin\Debug\netcoreapp2.0\ModelRelief.Test.dll" adapterTypeName="executor://xunit/VsTestRunner2/netcoreapp" className="ModelRelief.Test.Integration.MeshTransforms.MeshTransformsBaseIntegrationTests" name="Post_InvalidPropertyValueReturnsBadRequest" /></UnitTest><UnitTest name="Put_InvalidReferencePropertyReturndBadRequest" storage="d:\modelrelief\modelrelief.test\bin\debug\netcoreapp2.0\modelrelief.test.dll" id="38bfca09-d0e7-4d79-83dd-17528ea71ffd"><Execution id="e2068946-2b80-4a24-b3df-4c5f06c10c52" /><TestMethod codeBase="D:\ModelRelief\ModelRelief.test\bin\Debug\netcoreapp2.0\ModelRelief.Test.dll" adapterTypeName="executor://xunit/VsTestRunner2/netcoreapp" className="ModelRelief.Test.Integration.Cameras.CamerasBaseIntegrationTests" name="Put_InvalidReferencePropertyReturndBadRequest" /></UnitTest><UnitTest name="Patch_InvalidReferencePropertyReturnsBadRequest" storage="d:\modelrelief\modelrelief.test\bin\debug\netcoreapp2.0\modelrelief.test.dll" id="d2cb9837-098e-45fb-9276-58bc111d7e20"><Execution id="8d0636c3-312b-40e7-9369-c0b9e8437f1f" /><TestMethod codeBase="D:\ModelRelief\ModelRelief.test\bin\Debug\netcoreapp2.0\ModelRelief.Test.dll" adapterTypeName="executor://xunit/VsTestRunner2/netcoreapp" className="ModelRelief.Test.Integration.Meshes.MeshesBaseIntegrationTests" name="Patch_InvalidReferencePropertyReturnsBadRequest" /></UnitTest><UnitTest name="GetList_ListReturnsCorrectCount" storage="d:\modelrelief\modelrelief.test\bin\debug\netcoreapp2.0\modelrelief.test.dll" id="03da5d25-29c6-4ea3-88d6-b58e71ff6c50"><Execution id="090d20f4-e1f1-40e0-8ea3-54cdb7343202" /><TestMethod codeBase="D:\ModelRelief\ModelRelief.test\bin\Debug\netcoreapp2.0\ModelRelief.Test.dll" adapterTypeName="executor://xunit/VsTestRunner2/netcoreapp" className="ModelRelief.Test.Integration.Projects.ProjectsBaseIntegrationTests" name="GetList_ListReturnsCorrectCount" /></UnitTest><UnitTest name="FileRequest_MeshGenerateSetsFileIsSynchronized" storage="d:\modelrelief\modelrelief.test\bin\debug\netcoreapp2.0\modelrelief.test.dll" id="51d36caa-c7cb-4234-b760-c1acf6aed7b9"><Execution id="3b71fae0-9b80-46eb-b1b7-fbbde03b58c7" /><TestMethod codeBase="D:\ModelRelief\ModelRelief.test\bin\Debug\netcoreapp2.0\ModelRelief.Test.dll" adapterTypeName="executor://xunit/VsTestRunner2/netcoreapp" className="ModelRelief.Test.Integration.Meshes.MeshesFileIntegrationTests" name="FileRequest_MeshGenerateSetsFileIsSynchronized" /></UnitTest><UnitTest name="GetFile_FileCanBeRoundTripped" storage="d:\modelrelief\modelrelief.test\bin\debug\netcoreapp2.0\modelrelief.test.dll" id="c3c7c1ad-2c8b-4150-a96b-398571d5ba6d"><Execution id="587ed6ab-a77b-45dd-8777-b7a7f80edc54" /><TestMethod codeBase="D:\ModelRelief\ModelRelief.test\bin\Debug\netcoreapp2.0\ModelRelief.Test.dll" adapterTypeName="executor://xunit/VsTestRunner2/netcoreapp" className="ModelRelief.Test.Integration.Meshes.MeshesFileIntegrationTests" name="GetFile_FileCanBeRoundTripped" /></UnitTest><UnitTest name="GetList_ListReturnsCorrectCount" storage="d:\modelrelief\modelrelief.test\bin\debug\netcoreapp2.0\modelrelief.test.dll" id="6f5c5a93-3909-4385-b862-3ece8dbc1b31"><Execution id="04a37d57-2720-4b29-b3fd-fb68e3d3f52c" /><TestMethod codeBase="D:\ModelRelief\ModelRelief.test\bin\Debug\netcoreapp2.0\ModelRelief.Test.dll" adapterTypeName="executor://xunit/VsTestRunner2/netcoreapp" className="ModelRelief.Test.Integration.Meshes.MeshesBaseIntegrationTests" name="GetList_ListReturnsCorrectCount" /></UnitTest><UnitTest name="Put_ValidReferencePropertyUpdatesModel" storage="d:\modelrelief\modelrelief.test\bin\debug\netcoreapp2.0\modelrelief.test.dll" id="a11f25bd-da0a-4bbf-8eaf-9ed94cb92bfa"><Execution id="2e03a0dd-48ca-4854-b192-c46836ebb27d" /><TestMethod codeBase="D:\ModelRelief\ModelRelief.test\bin\Debug\netcoreapp2.0\ModelRelief.Test.dll" adapterTypeName="executor://xunit/VsTestRunner2/netcoreapp" className="ModelRelief.Test.Integration.Cameras.CamerasBaseIntegrationTests" name="Put_ValidReferencePropertyUpdatesModel" /></UnitTest><UnitTest name="Post_InvalidPropertyValueReturnsBadRequest" storage="d:\modelrelief\modelrelief.test\bin\debug\netcoreapp2.0\modelrelief.test.dll" id="fc3d699d-28c9-4cc8-8b91-72ac3ef471bf"><Execution id="04aefea4-6011-4da1-b73f-d4a715d23f4d" /><TestMethod codeBase="D:\ModelRelief\ModelRelief.test\bin\Debug\netcoreapp2.0\ModelRelief.Test.dll" adapterTypeName="executor://xunit/VsTestRunner2/netcoreapp" className="ModelRelief.Test.Integration.Cameras.CamerasBaseIntegrationTests" name="Post_InvalidPropertyValueReturnsBadRequest" /></UnitTest><UnitTest name="PostFile_FileIsSynchronizedIsUpdatedAfterFileIsPosted" storage="d:\modelrelief\modelrelief.test\bin\debug\netcoreapp2.0\modelrelief.test.dll" id="daaeaae3-f223-47d6-b6a4-c3a4a4da8bc5"><Execution id="9565608c-e4eb-4a96-b22a-178e2cf7399b" /><TestMethod codeBase="D:\ModelRelief\ModelRelief.test\bin\Debug\netcoreapp2.0\ModelRelief.Test.dll" adapterTypeName="executor://xunit/VsTestRunner2/netcoreapp" className="ModelRelief.Test.Integration.DepthBuffers.DepthBuffersFileIntegrationTests" name="PostFile_FileIsSynchronizedIsUpdatedAfterFileIsPosted" /></UnitTest><UnitTest name="FileRequest_DepthBufferIsInvalidatedAfterCameraDependencyPropertyChange" storage="d:\modelrelief\modelrelief.test\bin\debug\netcoreapp2.0\modelrelief.test.dll" id="485bed08-08e6-4543-befb-b1490516d1c1"><Execution id="eb1d4c1a-be2c-43c4-bae2-e6b233e36698" /><TestMethod codeBase="D:\ModelRelief\ModelRelief.test\bin\Debug\netcoreapp2.0\ModelRelief.Test.dll" adapterTypeName="executor://xunit/VsTestRunner2/netcoreapp" className="ModelRelief.Test.Integration.DepthBuffers.DepthBuffersFileIntegrationTests" name="FileRequest_DepthBufferIsInvalidatedAfterCameraDependencyPropertyChange" /></UnitTest><UnitTest name="Post_InvalidPropertyValueReturnsBadRequest" storage="d:\modelrelief\modelrelief.test\bin\debug\netcoreapp2.0\modelrelief.test.dll" id="ed865117-1665-4237-8c4b-c5c82f86b7b8"><Execution id="d6939447-27f1-42ca-a983-c4c18b36dfab" /><TestMethod codeBase="D:\ModelRelief\ModelRelief.test\bin\Debug\netcoreapp2.0\ModelRelief.Test.dll" adapterTypeName="executor://xunit/VsTestRunner2/netcoreapp" className="ModelRelief.Test.Integration.Models.ModelsBaseIntegrationTests" name="Post_InvalidPropertyValueReturnsBadRequest" /></UnitTest><UnitTest name="Patch_ValidReferencePropertyUpdatesModel" storage="d:\modelrelief\modelrelief.test\bin\debug\netcoreapp2.0\modelrelief.test.dll" id="bb0ea79e-80ea-4b89-ac22-58830cffaf65"><Execution id="21c86c87-1e51-44e3-a202-e2dbf9312546" /><TestMethod codeBase="D:\ModelRelief\ModelRelief.test\bin\Debug\netcoreapp2.0\ModelRelief.Test.dll" adapterTypeName="executor://xunit/VsTestRunner2/netcoreapp" className="ModelRelief.Test.Integration.DepthBuffers.DepthBuffersBaseIntegrationTests" name="Patch_ValidReferencePropertyUpdatesModel" /></UnitTest><UnitTest name="FileRequest_FileCanBeReadAfterRename" storage="d:\modelrelief\modelrelief.test\bin\debug\netcoreapp2.0\modelrelief.test.dll" id="7d4c38dc-4209-41df-875e-64138d6b2d10"><Execution id="4fd247a3-d937-4a9f-bffb-ed2bb7e454da" /><TestMethod codeBase="D:\ModelRelief\ModelRelief.test\bin\Debug\netcoreapp2.0\ModelRelief.Test.dll" adapterTypeName="executor://xunit/VsTestRunner2/netcoreapp" className="ModelRelief.Test.Integration.Models.ModelsFileIntegrationTests" name="FileRequest_FileCanBeReadAfterRename" /></UnitTest><UnitTest name="Patch_InvalidPropertyNameReturnsBadRequest" storage="d:\modelrelief\modelrelief.test\bin\debug\netcoreapp2.0\modelrelief.test.dll" id="62f8ece1-aebc-4d2b-b129-e977ffa5ff93"><Execution id="4259055e-4889-45bf-a82b-75645fa4a4e5" /><TestMethod codeBase="D:\ModelRelief\ModelRelief.test\bin\Debug\netcoreapp2.0\ModelRelief.Test.dll" adapterTypeName="executor://xunit/VsTestRunner2/netcoreapp" className="ModelRelief.Test.Integration.Cameras.CamerasBaseIntegrationTests" name="Patch_InvalidPropertyNameReturnsBadRequest" /></UnitTest><UnitTest name="Patch_InvalidPropertyNameReturnsBadRequest" storage="d:\modelrelief\modelrelief.test\bin\debug\netcoreapp2.0\modelrelief.test.dll" id="1ab30ae1-06d4-4847-8182-4a4b7eba38cb"><Execution id="546dc4bc-c2a5-4d4f-9cc6-9c781b75b31d" /><TestMethod codeBase="D:\ModelRelief\ModelRelief.test\bin\Debug\netcoreapp2.0\ModelRelief.Test.dll" adapterTypeName="executor://xunit/VsTestRunner2/netcoreapp" className="ModelRelief.Test.Integration.Models.ModelsBaseIntegrationTests" name="Patch_InvalidPropertyNameReturnsBadRequest" /></UnitTest><UnitTest name="GetFile_ExistingFileReturnsSuccess" storage="d:\modelrelief\modelrelief.test\bin\debug\netcoreapp2.0\modelrelief.test.dll" id="923c36ec-74c4-4283-bfab-2bd422d93500"><Execution id="ea735d3c-db45-480b-89da-2a1e505db99f" /><TestMethod codeBase="D:\ModelRelief\ModelRelief.test\bin\Debug\netcoreapp2.0\ModelRelief.Test.dll" adapterTypeName="executor://xunit/VsTestRunner2/netcoreapp" className="ModelRelief.Test.Integration.Models.ModelsFileIntegrationTests" name="GetFile_ExistingFileReturnsSuccess" /></UnitTest><UnitTest name="Put_InvalidIdReturnsNotFound" storage="d:\modelrelief\modelrelief.test\bin\debug\netcoreapp2.0\modelrelief.test.dll" id="9dd35b0f-4567-4454-b048-0aa4432fb394"><Execution id="45d99fce-fdcc-4886-9dd7-bcbfc1f008e1" /><TestMethod codeBase="D:\ModelRelief\ModelRelief.test\bin\Debug\netcoreapp2.0\ModelRelief.Test.dll" adapterTypeName="executor://xunit/VsTestRunner2/netcoreapp" className="ModelRelief.Test.Integration.Projects.ProjectsBaseIntegrationTests" name="Put_InvalidIdReturnsNotFound" /></UnitTest><UnitTest name="Patch_InvalidIdPropertyReturnsNotFound" storage="d:\modelrelief\modelrelief.test\bin\debug\netcoreapp2.0\modelrelief.test.dll" id="2b240c93-d407-404f-aae6-4a3059195433"><Execution id="ef1f3d83-ac73-4e99-803d-124163c009f8" /><TestMethod codeBase="D:\ModelRelief\ModelRelief.test\bin\Debug\netcoreapp2.0\ModelRelief.Test.dll" adapterTypeName="executor://xunit/VsTestRunner2/netcoreapp" className="ModelRelief.Test.Integration.Meshes.MeshesBaseIntegrationTests" name="Patch_InvalidIdPropertyReturnsNotFound" /></UnitTest><UnitTest name="Patch_InvalidReferencePropertyReturnsBadRequest" storage="d:\modelrelief\modelrelief.test\bin\debug\netcoreapp2.0\modelrelief.test.dll" id="8e9321bd-8d27-44bf-85a7-848542849030"><Execution id="50e52055-d781-4a0c-86ad-6657fd2db07d" /><TestMethod codeBase="D:\ModelRelief\ModelRelief.test\bin\Debug\netcoreapp2.0\ModelRelief.Test.dll" adapterTypeName="executor://xunit/VsTestRunner2/netcoreapp" className="ModelRelief.Test.Integration.MeshTransforms.MeshTransformsBaseIntegrationTests" name="Patch_InvalidReferencePropertyReturnsBadRequest" /></UnitTest><UnitTest name="Put_ValidReferencePropertyUpdatesModel" storage="d:\modelrelief\modelrelief.test\bin\debug\netcoreapp2.0\modelrelief.test.dll" id="d6b77678-36fd-40f8-b835-6af39836bc6d"><Execution id="ac29ec9e-af91-4741-a14e-4451bef8c184" /><TestMethod codeBase="D:\ModelRelief\ModelRelief.test\bin\Debug\netcoreapp2.0\ModelRelief.Test.dll" adapterTypeName="executor://xunit/VsTestRunner2/netcoreapp" className="ModelRelief.Test.Integration.Models.ModelsBaseIntegrationTests" name="Put_ValidReferencePropertyUpdatesModel" /></UnitTest><UnitTest name="Post_InvalidPropertyValueReturnsBadRequest" storage="d:\modelrelief\modelrelief.test\bin\debug\netcoreapp2.0\modelrelief.test.dll" id="9761c0d0-5801-4a3a-8156-c31f7b9ade80"><Execution id="38d74752-66b7-4175-8080-aa8b920dc86a" /><TestMethod codeBase="D:\ModelRelief\ModelRelief.test\bin\Debug\netcoreapp2.0\ModelRelief.Test.dll" adapterTypeName="executor://xunit/VsTestRunner2/netcoreapp" className="ModelRelief.Test.Integration.Meshes.MeshesBaseIntegrationTests" name="Post_InvalidPropertyValueReturnsBadRequest" /></UnitTest><UnitTest name="Patch_InvalidEnumPropertyValueReturnsBadRequest" storage="d:\modelrelief\modelrelief.test\bin\debug\netcoreapp2.0\modelrelief.test.dll" id="9cc6bdf9-6a43-4f76-882a-af315041b7cc"><Execution id="7b69d9ec-2528-4795-aa24-11e9bcf0f815" /><TestMethod codeBase="D:\ModelRelief\ModelRelief.test\bin\Debug\netcoreapp2.0\ModelRelief.Test.dll" adapterTypeName="executor://xunit/VsTestRunner2/netcoreapp" className="ModelRelief.Test.Integration.Meshes.MeshesBaseIntegrationTests" name="Patch_InvalidEnumPropertyValueReturnsBadRequest" /></UnitTest><UnitTest name="Post_CanCreateNewModel" storage="d:\modelrelief\modelrelief.test\bin\debug\netcoreapp2.0\modelrelief.test.dll" id="09ec445b-f349-46d7-b06a-0486b918413f"><Execution id="9d917c62-bbeb-4fb2-b94f-6ebf7741c10f" /><TestMethod codeBase="D:\ModelRelief\ModelRelief.test\bin\Debug\netcoreapp2.0\ModelRelief.Test.dll" adapterTypeName="executor://xunit/VsTestRunner2/netcoreapp" className="ModelRelief.Test.Integration.Projects.ProjectsBaseIntegrationTests" name="Post_CanCreateNewModel" /></UnitTest><UnitTest name="Put_CanUpdateModel" storage="d:\modelrelief\modelrelief.test\bin\debug\netcoreapp2.0\modelrelief.test.dll" id="18b2d378-00d4-4b09-b7db-9e031d727de1"><Execution id="0626feaf-7f94-470c-aabb-cddee13864f0" /><TestMethod codeBase="D:\ModelRelief\ModelRelief.test\bin\Debug\netcoreapp2.0\ModelRelief.Test.dll" adapterTypeName="executor://xunit/VsTestRunner2/netcoreapp" className="ModelRelief.Test.Integration.Cameras.CamerasBaseIntegrationTests" name="Put_CanUpdateModel" /></UnitTest><UnitTest name="GetFile_NonExistentFileReturnsNotFound" storage="d:\modelrelief\modelrelief.test\bin\debug\netcoreapp2.0\modelrelief.test.dll" id="665fb417-d056-439a-bce3-b30e73c08482"><Execution id="3c9f652b-7c42-4ac0-884f-6679c2996782" /><TestMethod codeBase="D:\ModelRelief\ModelRelief.test\bin\Debug\netcoreapp2.0\ModelRelief.Test.dll" adapterTypeName="executor://xunit/VsTestRunner2/netcoreapp" className="ModelRelief.Test.Integration.Meshes.MeshesFileIntegrationTests" name="GetFile_NonExistentFileReturnsNotFound" /></UnitTest><UnitTest name="Patch_MultipleInvalidReferencePropertiesReturnsMultipleValidationErrorsAndBadRequest" storage="d:\modelrelief\modelrelief.test\bin\debug\netcoreapp2.0\modelrelief.test.dll" id="97bae63c-e747-42a0-8d7d-c692600fb773"><Execution id="84e24c24-1476-4297-ae18-454ac72494ed" /><TestMethod codeBase="D:\ModelRelief\ModelRelief.test\bin\Debug\netcoreapp2.0\ModelRelief.Test.dll" adapterTypeName="executor://xunit/VsTestRunner2/netcoreapp" className="ModelRelief.Test.Integration.Projects.ProjectsBaseIntegrationTests" name="Patch_MultipleInvalidReferencePropertiesReturnsMultipleValidationErrorsAndBadRequest" /></UnitTest><UnitTest name="Post_InvalidPropertyValueReturnsBadRequest" storage="d:\modelrelief\modelrelief.test\bin\debug\netcoreapp2.0\modelrelief.test.dll" id="8a277629-5e1e-4a99-ae20-5502d93aac97"><Execution id="7bc6f3fb-d0d0-4685-8c0a-a9077abddba0" /><TestMethod codeBase="D:\ModelRelief\ModelRelief.test\bin\Debug\netcoreapp2.0\ModelRelief.Test.dll" adapterTypeName="executor://xunit/VsTestRunner2/netcoreapp" className="ModelRelief.Test.Integration.DepthBuffers.DepthBuffersBaseIntegrationTests" name="Post_InvalidPropertyValueReturnsBadRequest" /></UnitTest><UnitTest name="FileRequest_MeshIsInvalidatedAfterDepthBufferFileBecomesUnsynchronized" storage="d:\modelrelief\modelrelief.test\bin\debug\netcoreapp2.0\modelrelief.test.dll" id="1541925a-43f5-42f1-9a28-e3bf501822b1"><Execution id="c095e029-6875-4d62-aa08-235b66862af4" /><TestMethod codeBase="D:\ModelRelief\ModelRelief.test\bin\Debug\netcoreapp2.0\ModelRelief.Test.dll" adapterTypeName="executor://xunit/VsTestRunner2/netcoreapp" className="ModelRelief.Test.Integration.Meshes.MeshesFileIntegrationTests" name="FileRequest_MeshIsInvalidatedAfterDepthBufferFileBecomesUnsynchronized" /></UnitTest><UnitTest name="GetSingle_InvalidIdPropertyValueReturnsNotFound" storage="d:\modelrelief\modelrelief.test\bin\debug\netcoreapp2.0\modelrelief.test.dll" id="8222046f-7850-4cf3-9e4b-ac81a4f2e123"><Execution id="59483ac3-84d5-450d-8b52-20572314cb6d" /><TestMethod codeBase="D:\ModelRelief\ModelRelief.test\bin\Debug\netcoreapp2.0\ModelRelief.Test.dll" adapterTypeName="executor://xunit/VsTestRunner2/netcoreapp" className="ModelRelief.Test.Integration.Meshes.MeshesBaseIntegrationTests" name="GetSingle_InvalidIdPropertyValueReturnsNotFound" /></UnitTest><UnitTest name="Put_CanUpdateModel" storage="d:\modelrelief\modelrelief.test\bin\debug\netcoreapp2.0\modelrelief.test.dll" id="0a2ef212-4555-41e9-853b-057eaad42855"><Execution id="2267dab3-6465-4e2c-9388-c67d12377d0b" /><TestMethod codeBase="D:\ModelRelief\ModelRelief.test\bin\Debug\netcoreapp2.0\ModelRelief.Test.dll" adapterTypeName="executor://xunit/VsTestRunner2/netcoreapp" className="ModelRelief.Test.Integration.Projects.ProjectsBaseIntegrationTests" name="Put_CanUpdateModel" /></UnitTest><UnitTest name="Post_InvalidReferencePropertyReturnsBadRequest" storage="d:\modelrelief\modelrelief.test\bin\debug\netcoreapp2.0\modelrelief.test.dll" id="3ac6eb1d-680b-4a08-ba12-a8978301ec46"><Execution id="efc0f250-94b1-4d78-8165-9fd2317cca1d" /><TestMethod codeBase="D:\ModelRelief\ModelRelief.test\bin\Debug\netcoreapp2.0\ModelRelief.Test.dll" adapterTypeName="executor://xunit/VsTestRunner2/netcoreapp" className="ModelRelief.Test.Integration.Cameras.CamerasBaseIntegrationTests" name="Post_InvalidReferencePropertyReturnsBadRequest" /></UnitTest><UnitTest name="GetFile_NonExistentFileReturnsNotFound" storage="d:\modelrelief\modelrelief.test\bin\debug\netcoreapp2.0\modelrelief.test.dll" id="14e06eb1-8e35-4ee6-b251-4147c0b09b05"><Execution id="71fccdf4-8b84-4b0e-9c35-af033fef94f8" /><TestMethod codeBase="D:\ModelRelief\ModelRelief.test\bin\Debug\netcoreapp2.0\ModelRelief.Test.dll" adapterTypeName="executor://xunit/VsTestRunner2/netcoreapp" className="ModelRelief.Test.Integration.Models.ModelsFileIntegrationTests" name="GetFile_NonExistentFileReturnsNotFound" /></UnitTest><UnitTest name="GetFile_NonExistentFileReturnsNotFound" storage="d:\modelrelief\modelrelief.test\bin\debug\netcoreapp2.0\modelrelief.test.dll" id="48e4411f-1477-41eb-af84-8a9021837087"><Execution id="7621c8d8-539b-47e0-8e78-a071eb7995e3" /><TestMethod codeBase="D:\ModelRelief\ModelRelief.test\bin\Debug\netcoreapp2.0\ModelRelief.Test.dll" adapterTypeName="executor://xunit/VsTestRunner2/netcoreapp" className="ModelRelief.Test.Integration.DepthBuffers.DepthBuffersFileIntegrationTests" name="GetFile_NonExistentFileReturnsNotFound" /></UnitTest><UnitTest name="Patch_TargetPropertyIsUpdated" storage="d:\modelrelief\modelrelief.test\bin\debug\netcoreapp2.0\modelrelief.test.dll" id="f89aff2e-5bcd-4707-8af3-4e91d93e1bdc"><Execution id="3028de9b-da3e-440e-95f4-ff1cd77af3e9" /><TestMethod codeBase="D:\ModelRelief\ModelRelief.test\bin\Debug\netcoreapp2.0\ModelRelief.Test.dll" adapterTypeName="executor://xunit/VsTestRunner2/netcoreapp" className="ModelRelief.Test.Integration.Cameras.CamerasBaseIntegrationTests" name="Patch_TargetPropertyIsUpdated" /></UnitTest><UnitTest name="Post_CanCreateNewModel" storage="d:\modelrelief\modelrelief.test\bin\debug\netcoreapp2.0\modelrelief.test.dll" id="46a788f5-43f9-4cd2-8aae-77b2e5553a9b"><Execution id="e34f3794-0a98-43d0-a86d-f4d5271201c4" /><TestMethod codeBase="D:\ModelRelief\ModelRelief.test\bin\Debug\netcoreapp2.0\ModelRelief.Test.dll" adapterTypeName="executor://xunit/VsTestRunner2/netcoreapp" className="ModelRelief.Test.Integration.Models.ModelsBaseIntegrationTests" name="Post_CanCreateNewModel" /></UnitTest><UnitTest name="GetSingle_ValidIdPropertyValueReturnsCorrectModel" storage="d:\modelrelief\modelrelief.test\bin\debug\netcoreapp2.0\modelrelief.test.dll" id="ebade55a-906a-47cc-ae54-8461381f0f6f"><Execution id="6c94d81e-c844-4c29-b04c-bbc257e495ce" /><TestMethod codeBase="D:\ModelRelief\ModelRelief.test\bin\Debug\netcoreapp2.0\ModelRelief.Test.dll" adapterTypeName="executor://xunit/VsTestRunner2/netcoreapp" className="ModelRelief.Test.Integration.Projects.ProjectsBaseIntegrationTests" name="GetSingle_ValidIdPropertyValueReturnsCorrectModel" /></UnitTest><UnitTest name="Patch_InvalidReferencePropertyReturnsBadRequest" storage="d:\modelrelief\modelrelief.test\bin\debug\netcoreapp2.0\modelrelief.test.dll" id="b562385a-88c5-445e-af84-966f34021b9e"><Execution id="fd7083de-f6e2-4531-b7ec-fce7549c8ff6" /><TestMethod codeBase="D:\ModelRelief\ModelRelief.test\bin\Debug\netcoreapp2.0\ModelRelief.Test.dll" adapterTypeName="executor://xunit/VsTestRunner2/netcoreapp" className="ModelRelief.Test.Integration.Models.ModelsBaseIntegrationTests" name="Patch_InvalidReferencePropertyReturnsBadRequest" /></UnitTest><UnitTest name="GetList_ListReturnsCorrectCount" storage="d:\modelrelief\modelrelief.test\bin\debug\netcoreapp2.0\modelrelief.test.dll" id="bbd1e0eb-373a-497d-b194-d70047fc7d5f"><Execution id="31926292-4175-4e5e-8e9d-1dcddd73971d" /><TestMethod codeBase="D:\ModelRelief\ModelRelief.test\bin\Debug\netcoreapp2.0\ModelRelief.Test.dll" adapterTypeName="executor://xunit/VsTestRunner2/netcoreapp" className="ModelRelief.Test.Integration.Models.ModelsBaseIntegrationTests" name="GetList_ListReturnsCorrectCount" /></UnitTest><UnitTest name="PutFile_FileCanBeUpdated" storage="d:\modelrelief\modelrelief.test\bin\debug\netcoreapp2.0\modelrelief.test.dll" id="7a6103d1-0280-4145-ae26-565a5bb4f3d2"><Execution id="05c4efb6-9f09-4ec5-b405-79d103afe7cf" /><TestMethod codeBase="D:\ModelRelief\ModelRelief.test\bin\Debug\netcoreapp2.0\ModelRelief.Test.dll" adapterTypeName="executor://xunit/VsTestRunner2/netcoreapp" className="ModelRelief.Test.Integration.DepthBuffers.DepthBuffersFileIntegrationTests" name="PutFile_FileCanBeUpdated" /></UnitTest><UnitTest name="Patch_InvalidReferencePropertyReturnsBadRequest" storage="d:\modelrelief\modelrelief.test\bin\debug\netcoreapp2.0\modelrelief.test.dll" id="40b6ccc4-3806-456d-b9af-859ebc417724"><Execution id="c886b171-115e-4151-894b-b3945b8f2d55" /><TestMethod codeBase="D:\ModelRelief\ModelRelief.test\bin\Debug\netcoreapp2.0\ModelRelief.Test.dll" adapterTypeName="executor://xunit/VsTestRunner2/netcoreapp" className="ModelRelief.Test.Integration.DepthBuffers.DepthBuffersBaseIntegrationTests" name="Patch_InvalidReferencePropertyReturnsBadRequest" /></UnitTest><UnitTest name="Patch_InvalidReferencePropertyReturnsBadRequest" storage="d:\modelrelief\modelrelief.test\bin\debug\netcoreapp2.0\modelrelief.test.dll" id="f4a8a01c-328f-4aa8-b1bf-23a3d155ece3"><Execution id="3b0d1dd3-dd92-45ab-8079-7876fa1cf0e3" /><TestMethod codeBase="D:\ModelRelief\ModelRelief.test\bin\Debug\netcoreapp2.0\ModelRelief.Test.dll" adapterTypeName="executor://xunit/VsTestRunner2/netcoreapp" className="ModelRelief.Test.Integration.Projects.ProjectsBaseIntegrationTests" name="Patch_InvalidReferencePropertyReturnsBadRequest" /></UnitTest><UnitTest name="GetSingle_ValidIdPropertyValueReturnsCorrectModel" storage="d:\modelrelief\modelrelief.test\bin\debug\netcoreapp2.0\modelrelief.test.dll" id="ec112277-74d0-49ee-bff4-76ab8a11a5fa"><Execution id="a7f8f412-8a72-488a-9c98-ed8505357b81" /><TestMethod codeBase="D:\ModelRelief\ModelRelief.test\bin\Debug\netcoreapp2.0\ModelRelief.Test.dll" adapterTypeName="executor://xunit/VsTestRunner2/netcoreapp" className="ModelRelief.Test.Integration.MeshTransforms.MeshTransformsBaseIntegrationTests" name="GetSingle_ValidIdPropertyValueReturnsCorrectModel" /></UnitTest><UnitTest name="PostFile_NewFileCanBePosted" storage="d:\modelrelief\modelrelief.test\bin\debug\netcoreapp2.0\modelrelief.test.dll" id="808abde1-85fa-4e81-af43-63aecefe46f9"><Execution id="904d58a0-907e-414e-b672-10c460a70000" /><TestMethod codeBase="D:\ModelRelief\ModelRelief.test\bin\Debug\netcoreapp2.0\ModelRelief.Test.dll" adapterTypeName="executor://xunit/VsTestRunner2/netcoreapp" className="ModelRelief.Test.Integration.DepthBuffers.DepthBuffersFileIntegrationTests" name="PostFile_NewFileCanBePosted" /></UnitTest><UnitTest name="Patch_InvalidIdPropertyReturnsNotFound" storage="d:\modelrelief\modelrelief.test\bin\debug\netcoreapp2.0\modelrelief.test.dll" id="4c2e3197-cf68-476c-a2cf-378a7bc2da9c"><Execution id="d82ca8e3-3deb-4117-9f2c-c06294bada29" /><TestMethod codeBase="D:\ModelRelief\ModelRelief.test\bin\Debug\netcoreapp2.0\ModelRelief.Test.dll" adapterTypeName="executor://xunit/VsTestRunner2/netcoreapp" className="ModelRelief.Test.Integration.Models.ModelsBaseIntegrationTests" name="Patch_InvalidIdPropertyReturnsNotFound" /></UnitTest><UnitTest name="Put_ValidReferencePropertyUpdatesModel" storage="d:\modelrelief\modelrelief.test\bin\debug\netcoreapp2.0\modelrelief.test.dll" id="5c12082d-fa9e-4ebe-8784-88a1619115f0"><Execution id="158e72c9-8980-42cd-abe0-e88ccfe9332f" /><TestMethod codeBase="D:\ModelRelief\ModelRelief.test\bin\Debug\netcoreapp2.0\ModelRelief.Test.dll" adapterTypeName="executor://xunit/VsTestRunner2/netcoreapp" className="ModelRelief.Test.Integration.Projects.ProjectsBaseIntegrationTests" name="Put_ValidReferencePropertyUpdatesModel" /></UnitTest><UnitTest name="Model3dHasExpectedDependentFiles" storage="d:\modelrelief\modelrelief.test\bin\debug\netcoreapp2.0\modelrelief.test.dll" id="48821cec-b831-4f6e-b487-5c4036fcb777"><Execution id="92fff634-d492-4ce2-a91a-ca6120b48b4a" /><TestMethod codeBase="D:\ModelRelief\ModelRelief.test\bin\Debug\netcoreapp2.0\ModelRelief.Test.dll" adapterTypeName="executor://xunit/VsTestRunner2/netcoreapp" className="ModelRelief.Test.Unit.DependencyManager.DependencyManagerTests" name="Model3dHasExpectedDependentFiles" /></UnitTest><UnitTest name="Put_InvalidIdReturnsNotFound" storage="d:\modelrelief\modelrelief.test\bin\debug\netcoreapp2.0\modelrelief.test.dll" id="eeebfe1c-3e7d-439c-81a4-dc1c56b8124d"><Execution id="5b9d0b01-cb63-40c3-8b60-d062ce0376d1" /><TestMethod codeBase="D:\ModelRelief\ModelRelief.test\bin\Debug\netcoreapp2.0\ModelRelief.Test.dll" adapterTypeName="executor://xunit/VsTestRunner2/netcoreapp" className="ModelRelief.Test.Integration.Cameras.CamerasBaseIntegrationTests" name="Put_InvalidIdReturnsNotFound" /></UnitTest><UnitTest name="MeshTransformHasExpectedDependentFiles" storage="d:\modelrelief\modelrelief.test\bin\debug\netcoreapp2.0\modelrelief.test.dll" id="99799909-eb6a-46fe-9188-50bfc16a3f57"><Execution id="5145a0af-4eba-4d37-9759-0cb1df0c2a27" /><TestMethod codeBase="D:\ModelRelief\ModelRelief.test\bin\Debug\netcoreapp2.0\ModelRelief.Test.dll" adapterTypeName="executor://xunit/VsTestRunner2/netcoreapp" className="ModelRelief.Test.Unit.DependencyManager.DependencyManagerTests" name="MeshTransformHasExpectedDependentFiles" /></UnitTest><UnitTest name="Post_CanCreateNewModel" storage="d:\modelrelief\modelrelief.test\bin\debug\netcoreapp2.0\modelrelief.test.dll" id="12f3ed94-a8f5-4b27-a1cb-b106e8125f03"><Execution id="8e388267-9e77-4c62-a47c-19a1a412017d" /><TestMethod codeBase="D:\ModelRelief\ModelRelief.test\bin\Debug\netcoreapp2.0\ModelRelief.Test.dll" adapterTypeName="executor://xunit/VsTestRunner2/netcoreapp" className="ModelRelief.Test.Integration.MeshTransforms.MeshTransformsBaseIntegrationTests" name="Post_CanCreateNewModel" /></UnitTest><UnitTest name="LucyModel3dHasTwoDependents" storage="d:\modelrelief\modelrelief.test\bin\debug\netcoreapp2.0\modelrelief.test.dll" id="986fddc3-0cf7-4806-b442-4fc9215fbe9a"><Execution id="4c5a3f47-9fd3-4788-88ca-fd6e2e6ea2c8" /><TestMethod codeBase="D:\ModelRelief\ModelRelief.test\bin\Debug\netcoreapp2.0\ModelRelief.Test.dll" adapterTypeName="executor://xunit/VsTestRunner2/netcoreapp" className="ModelRelief.Test.Unit.DependencyManager.DependencyManagerTests" name="LucyModel3dHasTwoDependents" /></UnitTest><UnitTest name="Put_InvalidIdReturnsNotFound" storage="d:\modelrelief\modelrelief.test\bin\debug\netcoreapp2.0\modelrelief.test.dll" id="5dff5f37-f9f7-4ae1-8fce-74fe56c1fc73"><Execution id="c40a6349-b35d-4ce5-b829-65776630676c" /><TestMethod codeBase="D:\ModelRelief\ModelRelief.test\bin\Debug\netcoreapp2.0\ModelRelief.Test.dll" adapterTypeName="executor://xunit/VsTestRunner2/netcoreapp" className="ModelRelief.Test.Integration.MeshTransforms.MeshTransformsBaseIntegrationTests" name="Put_InvalidIdReturnsNotFound" /></UnitTest><UnitTest name="Put_InvalidReferencePropertyReturndBadRequest" storage="d:\modelrelief\modelrelief.test\bin\debug\netcoreapp2.0\modelrelief.test.dll" id="7214a381-9a5e-4904-8cff-0914a1682dc8"><Execution id="2d44fc89-90ff-4c22-bfb3-3830845e7413" /><TestMethod codeBase="D:\ModelRelief\ModelRelief.test\bin\Debug\netcoreapp2.0\ModelRelief.Test.dll" adapterTypeName="executor://xunit/VsTestRunner2/netcoreapp" className="ModelRelief.Test.Integration.Projects.ProjectsBaseIntegrationTests" name="Put_InvalidReferencePropertyReturndBadRequest" /></UnitTest><UnitTest name="GetSingle_InvalidIdPropertyValueReturnsNotFound" storage="d:\modelrelief\modelrelief.test\bin\debug\netcoreapp2.0\modelrelief.test.dll" id="e9b5eae1-4f83-4869-a6c3-48781ca22585"><Execution id="8a6de0d9-f064-450d-b0b9-ffbb3f569852" /><TestMethod codeBase="D:\ModelRelief\ModelRelief.test\bin\Debug\netcoreapp2.0\ModelRelief.Test.dll" adapterTypeName="executor://xunit/VsTestRunner2/netcoreapp" className="ModelRelief.Test.Integration.MeshTransforms.MeshTransformsBaseIntegrationTests" name="GetSingle_InvalidIdPropertyValueReturnsNotFound" /></UnitTest><UnitTest name="Patch_InvalidEnumPropertyValueReturnsBadRequest" storage="d:\modelrelief\modelrelief.test\bin\debug\netcoreapp2.0\modelrelief.test.dll" id="8fec0b99-0c7f-406b-bf8e-7365f5e106f5"><Execution id="59958e5f-bac3-4b46-a677-5094190537de" /><TestMethod codeBase="D:\ModelRelief\ModelRelief.test\bin\Debug\netcoreapp2.0\ModelRelief.Test.dll" adapterTypeName="executor://xunit/VsTestRunner2/netcoreapp" className="ModelRelief.Test.Integration.MeshTransforms.MeshTransformsBaseIntegrationTests" name="Patch_InvalidEnumPropertyValueReturnsBadRequest" /></UnitTest><UnitTest name="Post_ValidReferencePropertyCreatesModel" storage="d:\modelrelief\modelrelief.test\bin\debug\netcoreapp2.0\modelrelief.test.dll" id="0f071108-8369-43e4-90f3-752d1f01bc9f"><Execution id="d1ecffdf-cc23-4cc4-94a8-6ab0a6dbcbe2" /><TestMethod codeBase="D:\ModelRelief\ModelRelief.test\bin\Debug\netcoreapp2.0\ModelRelief.Test.dll" adapterTypeName="executor://xunit/VsTestRunner2/netcoreapp" className="ModelRelief.Test.Integration.Cameras.CamerasBaseIntegrationTests" name="Post_ValidReferencePropertyCreatesModel" /></UnitTest><UnitTest name="PutFile_NewFileCanBePut" storage="d:\modelrelief\modelrelief.test\bin\debug\netcoreapp2.0\modelrelief.test.dll" id="9862cf80-301c-49a7-a6e6-974909fa3549"><Execution id="c0c6e4d2-0daf-4f17-be94-da5e6127cc29" /><TestMethod codeBase="D:\ModelRelief\ModelRelief.test\bin\Debug\netcoreapp2.0\ModelRelief.Test.dll" adapterTypeName="executor://xunit/VsTestRunner2/netcoreapp" className="ModelRelief.Test.Integration.Models.ModelsFileIntegrationTests" name="PutFile_NewFileCanBePut" /></UnitTest><UnitTest name="GetSingle_InvalidIdPropertyValueReturnsNotFound" storage="d:\modelrelief\modelrelief.test\bin\debug\netcoreapp2.0\modelrelief.test.dll" id="bb23eb0d-2d8d-467a-9717-043a1713187f"><Execution id="8f999e74-0fc1-4369-906d-8cb1e763e5bd" /><TestMethod codeBase="D:\ModelRelief\ModelRelief.test\bin\Debug\netcoreapp2.0\ModelRelief.Test.dll" adapterTypeName="executor://xunit/VsTestRunner2/netcoreapp" className="ModelRelief.Test.Integration.Models.ModelsBaseIntegrationTests" name="GetSingle_InvalidIdPropertyValueReturnsNotFound" /></UnitTest><UnitTest name="Post_InvalidReferencePropertyReturnsBadRequest" storage="d:\modelrelief\modelrelief.test\bin\debug\netcoreapp2.0\modelrelief.test.dll" id="18076cbe-4541-4ca5-8b6b-561778149daf"><Execution id="6e74d8bb-ec1e-4f28-9209-20d739cebc0d" /><TestMethod codeBase="D:\ModelRelief\ModelRelief.test\bin\Debug\netcoreapp2.0\ModelRelief.Test.dll" adapterTypeName="executor://xunit/VsTestRunner2/netcoreapp" className="ModelRelief.Test.Integration.MeshTransforms.MeshTransformsBaseIntegrationTests" name="Post_InvalidReferencePropertyReturnsBadRequest" /></UnitTest><UnitTest name="GetList_ListReturnsCorrectCount" storage="d:\modelrelief\modelrelief.test\bin\debug\netcoreapp2.0\modelrelief.test.dll" id="02987b9c-d59c-4bc4-aa5e-b44837f9b239"><Execution id="34121b3e-5226-4f0f-b75c-4bea5dd3fc4d" /><TestMethod codeBase="D:\ModelRelief\ModelRelief.test\bin\Debug\netcoreapp2.0\ModelRelief.Test.dll" adapterTypeName="executor://xunit/VsTestRunner2/netcoreapp" className="ModelRelief.Test.Integration.Cameras.CamerasBaseIntegrationTests" name="GetList_ListReturnsCorrectCount" /></UnitTest><UnitTest name="FileRequest_FileCanBeReadAfterRename" storage="d:\modelrelief\modelrelief.test\bin\debug\netcoreapp2.0\modelrelief.test.dll" id="2a594551-cf95-4c09-b0da-397ccf33b3b2"><Execution id="68ae2691-04f2-40fd-93d7-15326853f5c4" /><TestMethod codeBase="D:\ModelRelief\ModelRelief.test\bin\Debug\netcoreapp2.0\ModelRelief.Test.dll" adapterTypeName="executor://xunit/VsTestRunner2/netcoreapp" className="ModelRelief.Test.Integration.Meshes.MeshesFileIntegrationTests" name="FileRequest_FileCanBeReadAfterRename" /></UnitTest><UnitTest name="Put_InvalidReferencePropertyReturndBadRequest" storage="d:\modelrelief\modelrelief.test\bin\debug\netcoreapp2.0\modelrelief.test.dll" id="b98194f2-2d44-4a47-a382-15aa42c649c1"><Execution id="50340544-9d90-42f1-af2b-aa8e883224da" /><TestMethod codeBase="D:\ModelRelief\ModelRelief.test\bin\Debug\netcoreapp2.0\ModelRelief.Test.dll" adapterTypeName="executor://xunit/VsTestRunner2/netcoreapp" className="ModelRelief.Test.Integration.Meshes.MeshesBaseIntegrationTests" name="Put_InvalidReferencePropertyReturndBadRequest" /></UnitTest><UnitTest name="Delete_TargetModelIsDeleted" storage="d:\modelrelief\modelrelief.test\bin\debug\netcoreapp2.0\modelrelief.test.dll" id="b2e0e166-0f6b-4057-98d5-4dfe0efdef82"><Execution id="7dc9fc5b-01bc-4dcd-92c6-ff2d157b6b20" /><TestMethod codeBase="D:\ModelRelief\ModelRelief.test\bin\Debug\netcoreapp2.0\ModelRelief.Test.dll" adapterTypeName="executor://xunit/VsTestRunner2/netcoreapp" className="ModelRelief.Test.Integration.Models.ModelsBaseIntegrationTests" name="Delete_TargetModelIsDeleted" /></UnitTest><UnitTest name="Put_InvalidReferencePropertyReturndBadRequest" storage="d:\modelrelief\modelrelief.test\bin\debug\netcoreapp2.0\modelrelief.test.dll" id="f0e55972-178b-4a2c-9c77-0cce02a3b245"><Execution id="60e3b7a6-e0e0-4ae4-9a38-a5f21637c2f2" /><TestMethod codeBase="D:\ModelRelief\ModelRelief.test\bin\Debug\netcoreapp2.0\ModelRelief.Test.dll" adapterTypeName="executor://xunit/VsTestRunner2/netcoreapp" className="ModelRelief.Test.Integration.Models.ModelsBaseIntegrationTests" name="Put_InvalidReferencePropertyReturndBadRequest" /></UnitTest><UnitTest name="Patch_MultipleInvalidReferencePropertiesReturnsMultipleValidationErrorsAndBadRequest" storage="d:\modelrelief\modelrelief.test\bin\debug\netcoreapp2.0\modelrelief.test.dll" id="e8d2e8b7-4a81-47f2-9605-fc5c6be8a4cd"><Execution id="9a248b96-2b93-4380-8fed-064e45f1b75b" /><TestMethod codeBase="D:\ModelRelief\ModelRelief.test\bin\Debug\netcoreapp2.0\ModelRelief.Test.dll" adapterTypeName="executor://xunit/VsTestRunner2/netcoreapp" className="ModelRelief.Test.Integration.DepthBuffers.DepthBuffersBaseIntegrationTests" name="Patch_MultipleInvalidReferencePropertiesReturnsMultipleValidationErrorsAndBadRequest" /></UnitTest><UnitTest name="GetSingle_ValidIdPropertyValueReturnsCorrectModel" storage="d:\modelrelief\modelrelief.test\bin\debug\netcoreapp2.0\modelrelief.test.dll" id="3de129dd-108e-408e-a6d3-444e8ab0acfa"><Execution id="e4c93f09-af9b-4859-ac62-345bc53f6f0a" /><TestMethod codeBase="D:\ModelRelief\ModelRelief.test\bin\Debug\netcoreapp2.0\ModelRelief.Test.dll" adapterTypeName="executor://xunit/VsTestRunner2/netcoreapp" className="ModelRelief.Test.Integration.Models.ModelsBaseIntegrationTests" name="GetSingle_ValidIdPropertyValueReturnsCorrectModel" /></UnitTest><UnitTest name="GetSingle_InvalidIdPropertyValueReturnsNotFound" storage="d:\modelrelief\modelrelief.test\bin\debug\netcoreapp2.0\modelrelief.test.dll" id="f4a24c4d-ddee-4052-89bf-7c6070131450"><Execution id="388d4f00-e8a1-4e13-aa55-8edbbb4d5a9c" /><TestMethod codeBase="D:\ModelRelief\ModelRelief.test\bin\Debug\netcoreapp2.0\ModelRelief.Test.dll" adapterTypeName="executor://xunit/VsTestRunner2/netcoreapp" className="ModelRelief.Test.Integration.Projects.ProjectsBaseIntegrationTests" name="GetSingle_InvalidIdPropertyValueReturnsNotFound" /></UnitTest><UnitTest name="Patch_ValidReferencePropertyUpdatesModel" storage="d:\modelrelief\modelrelief.test\bin\debug\netcoreapp2.0\modelrelief.test.dll" id="cc7f19cb-eb2e-4682-9f07-4636c25d4659"><Execution id="8c44a2c2-711e-44c3-a11a-7eae7dd5f6f0" /><TestMethod codeBase="D:\ModelRelief\ModelRelief.test\bin\Debug\netcoreapp2.0\ModelRelief.Test.dll" adapterTypeName="executor://xunit/VsTestRunner2/netcoreapp" className="ModelRelief.Test.Integration.Projects.ProjectsBaseIntegrationTests" name="Patch_ValidReferencePropertyUpdatesModel" /></UnitTest><UnitTest name="Delete_TargetModelIsDeleted" storage="d:\modelrelief\modelrelief.test\bin\debug\netcoreapp2.0\modelrelief.test.dll" id="1cd8d785-98d8-4d71-85e1-d3cc63ae47ee"><Execution id="cb1555a6-ecd4-4e70-b0b0-2bf218ff373c" /><TestMethod codeBase="D:\ModelRelief\ModelRelief.test\bin\Debug\netcoreapp2.0\ModelRelief.Test.dll" adapterTypeName="executor://xunit/VsTestRunner2/netcoreapp" className="ModelRelief.Test.Integration.MeshTransforms.MeshTransformsBaseIntegrationTests" name="Delete_TargetModelIsDeleted" /></UnitTest><UnitTest name="Patch_ValidReferencePropertyUpdatesModel" storage="d:\modelrelief\modelrelief.test\bin\debug\netcoreapp2.0\modelrelief.test.dll" id="16325d2e-ed80-4ea6-9292-7b665da91f90"><Execution id="45f8b828-c2ee-470e-8b61-184794f986d6" /><TestMethod codeBase="D:\ModelRelief\ModelRelief.test\bin\Debug\netcoreapp2.0\ModelRelief.Test.dll" adapterTypeName="executor://xunit/VsTestRunner2/netcoreapp" className="ModelRelief.Test.Integration.Models.ModelsBaseIntegrationTests" name="Patch_ValidReferencePropertyUpdatesModel" /></UnitTest><UnitTest name="PostFile_NewFileCanBePosted" storage="d:\modelrelief\modelrelief.test\bin\debug\netcoreapp2.0\modelrelief.test.dll" id="837ce8bb-0920-4642-89d2-bdb6b33ccf37"><Execution id="c14ec032-fee2-4e86-9a48-245fca4ba56e" /><TestMethod codeBase="D:\ModelRelief\ModelRelief.test\bin\Debug\netcoreapp2.0\ModelRelief.Test.dll" adapterTypeName="executor://xunit/VsTestRunner2/netcoreapp" className="ModelRelief.Test.Integration.Models.ModelsFileIntegrationTests" name="PostFile_NewFileCanBePosted" /></UnitTest><UnitTest name="Post_ValidReferencePropertyCreatesModel" storage="d:\modelrelief\modelrelief.test\bin\debug\netcoreapp2.0\modelrelief.test.dll" id="a4f99655-e826-4559-a087-e30e156dd30a"><Execution id="9cdb5ec3-7715-4d0b-9e13-1ab92ed1db76" /><TestMethod codeBase="D:\ModelRelief\ModelRelief.test\bin\Debug\netcoreapp2.0\ModelRelief.Test.dll" adapterTypeName="executor://xunit/VsTestRunner2/netcoreapp" className="ModelRelief.Test.Integration.MeshTransforms.MeshTransformsBaseIntegrationTests" name="Post_ValidReferencePropertyCreatesModel" /></UnitTest></TestDefinitions><TestEntries><TestEntry testId="334aa7c2-f4a3-42f8-bd37-4c1f5c637583" executionId="5e9149fa-a3f3-4e20-9589-39b33c290aa5" testListId="8c84fa94-04c1-424b-9868-57a2d4851a1d" /><TestEntry testId="485bed08-08e6-4543-befb-b1490516d1c1" executionId="eb1d4c1a-be2c-43c4-bae2-e6b233e36698" testListId="8c84fa94-04c1-424b-9868-57a2d4851a1d" /><TestEntry testId="c3c7c1ad-2c8b-4150-a96b-398571d5ba6d" executionId="587ed6ab-a77b-45dd-8777-b7a7f80edc54" testListId="8c84fa94-04c1-424b-9868-57a2d4851a1d" /><TestEntry testId="48821cec-b831-4f6e-b487-5c4036fcb777" executionId="92fff634-d492-4ce2-a91a-ca6120b48b4a" testListId="8c84fa94-04c1-424b-9868-57a2d4851a1d" /><TestEntry testId="ccb0e12e-f4bd-4633-8516-c05f4930f042" executionId="fefd7f52-5fcf-4adf-9b42-8e12a7647b01" testListId="8c84fa94-04c1-424b-9868-57a2d4851a1d" /><TestEntry testId="808abde1-85fa-4e81-af43-63aecefe46f9" executionId="904d58a0-907e-414e-b672-10c460a70000" testListId="8c84fa94-04c1-424b-9868-57a2d4851a1d" /><TestEntry testId="77c53811-f47d-4f0c-8b98-f59b9d421d0f" executionId="0fd7777c-c45a-4c0a-882b-da6dd79f6e18" testListId="8c84fa94-04c1-424b-9868-57a2d4851a1d" /><TestEntry testId="ff36886b-ec1b-4986-ad7d-f4f5c9ee1871" executionId="83975648-a757-4968-96b2-2e4dcb511cf4" testListId="8c84fa94-04c1-424b-9868-57a2d4851a1d" /><TestEntry testId="2b362e06-d66f-460d-9e93-6a8d6eb9d211" executionId="a83a9c86-d139-4732-a1b5-2d25b5ab2d9f" testListId="8c84fa94-04c1-424b-9868-57a2d4851a1d" /><TestEntry testId="0ebdd2d8-8985-4b93-a73d-160488695703" executionId="c9cd1c7b-3039-4ee0-9fff-1a3ad5614da1" testListId="8c84fa94-04c1-424b-9868-57a2d4851a1d" /><TestEntry testId="d2cb9837-098e-45fb-9276-58bc111d7e20" executionId="8d0636c3-312b-40e7-9369-c0b9e8437f1f" testListId="8c84fa94-04c1-424b-9868-57a2d4851a1d" /><TestEntry testId="f79d18b3-9714-4852-981c-54671b808954" executionId="702ced93-7bba-4970-a2b4-60a5c4fcbc54" testListId="8c84fa94-04c1-424b-9868-57a2d4851a1d" /><TestEntry testId="b78651ea-5842-4a3a-9b68-1533a100cf88" executionId="879db8df-f825-4b1f-bfdd-6db5cb24ae01" testListId="8c84fa94-04c1-424b-9868-57a2d4851a1d" /><TestEntry testId="40b6ccc4-3806-456d-b9af-859ebc417724" executionId="c886b171-115e-4151-894b-b3945b8f2d55" testListId="8c84fa94-04c1-424b-9868-57a2d4851a1d" /><TestEntry testId="2e45ab79-b714-43b0-8c4c-3909beab3dd1" executionId="4d54d903-0a75-41a7-8dc1-2d6c06dff2d6" testListId="8c84fa94-04c1-424b-9868-57a2d4851a1d" /><TestEntry testId="8579a52e-7f77-4f32-8672-5b9fe2aa8c3e" executionId="eefe8afc-0b96-4e7a-af3b-ccea6a64347b" testListId="8c84fa94-04c1-424b-9868-57a2d4851a1d" /><TestEntry testId="38bfca09-d0e7-4d79-83dd-17528ea71ffd" executionId="e2068946-2b80-4a24-b3df-4c5f06c10c52" testListId="8c84fa94-04c1-424b-9868-57a2d4851a1d" /><TestEntry testId="24644c5b-5a44-40e4-b8c1-9614f66f0900" executionId="ae23e89f-2256-4628-bb18-41443d4a3bd0" testListId="8c84fa94-04c1-424b-9868-57a2d4851a1d" /><TestEntry testId="12f3ed94-a8f5-4b27-a1cb-b106e8125f03" executionId="8e388267-9e77-4c62-a47c-19a1a412017d" testListId="8c84fa94-04c1-424b-9868-57a2d4851a1d" /><TestEntry testId="5d1425fc-4e68-4d9a-85b1-c5a0f1500a70" executionId="5049b7ef-300c-46ae-848e-af96b102bf75" testListId="8c84fa94-04c1-424b-9868-57a2d4851a1d" /><TestEntry testId="8c6af50d-3dd4-49d7-8da7-1c0a3dd9ba82" executionId="60052269-a85b-448a-a2b5-ae6a089b369b" testListId="8c84fa94-04c1-424b-9868-57a2d4851a1d" /><TestEntry testId="2e913b29-14f9-425b-97cb-f0e934029aa4" executionId="5afd2798-bd51-44e2-abf6-c8c1a082533e" testListId="8c84fa94-04c1-424b-9868-57a2d4851a1d" /><TestEntry testId="f89aff2e-5bcd-4707-8af3-4e91d93e1bdc" executionId="3028de9b-da3e-440e-95f4-ff1cd77af3e9" testListId="8c84fa94-04c1-424b-9868-57a2d4851a1d" /><TestEntry testId="9761c0d0-5801-4a3a-8156-c31f7b9ade80" executionId="38d74752-66b7-4175-8080-aa8b920dc86a" testListId="8c84fa94-04c1-424b-9868-57a2d4851a1d" /><TestEntry testId="4114688a-480c-467e-89a0-1a302d97901e" executionId="a766024e-4563-4472-b331-88504f80d997" testListId="8c84fa94-04c1-424b-9868-57a2d4851a1d" /><TestEntry testId="ddb2a2b7-b832-4449-a797-11602347cf78" executionId="dac7fb7f-1eaa-449f-84e3-4ae6edea21e8" testListId="8c84fa94-04c1-424b-9868-57a2d4851a1d" /><TestEntry testId="986fddc3-0cf7-4806-b442-4fc9215fbe9a" executionId="4c5a3f47-9fd3-4788-88ca-fd6e2e6ea2c8" testListId="8c84fa94-04c1-424b-9868-57a2d4851a1d" /><TestEntry testId="99799909-eb6a-46fe-9188-50bfc16a3f57" executionId="5145a0af-4eba-4d37-9759-0cb1df0c2a27" testListId="8c84fa94-04c1-424b-9868-57a2d4851a1d" /><TestEntry testId="ec3f3089-3d7f-4b30-b52d-5cb613410ee9" executionId="46d57fcc-4000-4fff-ad03-92070d038c9e" testListId="8c84fa94-04c1-424b-9868-57a2d4851a1d" /><TestEntry testId="923c36ec-74c4-4283-bfab-2bd422d93500" executionId="ea735d3c-db45-480b-89da-2a1e505db99f" testListId="8c84fa94-04c1-424b-9868-57a2d4851a1d" /><TestEntry testId="837ce8bb-0920-4642-89d2-bdb6b33ccf37" executionId="c14ec032-fee2-4e86-9a48-245fca4ba56e" testListId="8c84fa94-04c1-424b-9868-57a2d4851a1d" /><TestEntry testId="55f4057e-dd71-4d83-a645-052ab0214288" executionId="6f5971a6-5848-41c5-84d9-6af2aa794579" testListId="8c84fa94-04c1-424b-9868-57a2d4851a1d" /><TestEntry testId="ca3f66f2-9f98-47b7-bacc-0c35fb785e2f" executionId="ac3ef904-6b15-432a-a932-3f4b4d0658a3" testListId="8c84fa94-04c1-424b-9868-57a2d4851a1d" /><TestEntry testId="4b63f2ad-2675-4af5-8c48-c863d1b18c1d" executionId="fe7edcbd-7406-4863-aadb-7163a72ea5fa" testListId="8c84fa94-04c1-424b-9868-57a2d4851a1d" /><TestEntry testId="8fec0b99-0c7f-406b-bf8e-7365f5e106f5" executionId="59958e5f-bac3-4b46-a677-5094190537de" testListId="8c84fa94-04c1-424b-9868-57a2d4851a1d" /><TestEntry testId="48e4411f-1477-41eb-af84-8a9021837087" executionId="7621c8d8-539b-47e0-8e78-a071eb7995e3" testListId="8c84fa94-04c1-424b-9868-57a2d4851a1d" /><TestEntry testId="18076cbe-4541-4ca5-8b6b-561778149daf" executionId="6e74d8bb-ec1e-4f28-9209-20d739cebc0d" testListId="8c84fa94-04c1-424b-9868-57a2d4851a1d" /><TestEntry testId="51e7bfb5-47d6-496c-b04d-5093b89747db" executionId="ff5bf9bf-33e2-423e-8f0a-7008d1dc32e4" testListId="8c84fa94-04c1-424b-9868-57a2d4851a1d" /><TestEntry testId="2dcb0690-0e70-4122-a822-779a7f2546fd" executionId="86ebe5a9-1f99-44cb-9674-759216483b8e" testListId="8c84fa94-04c1-424b-9868-57a2d4851a1d" /><TestEntry testId="3ac6eb1d-680b-4a08-ba12-a8978301ec46" executionId="efc0f250-94b1-4d78-8165-9fd2317cca1d" testListId="8c84fa94-04c1-424b-9868-57a2d4851a1d" /><TestEntry testId="9c314a1b-ab70-42b7-8eec-b67aed378879" executionId="8ec4456b-b2cb-49ff-83f7-2d0e73b4ee6c" testListId="8c84fa94-04c1-424b-9868-57a2d4851a1d" /><TestEntry testId="8a277629-5e1e-4a99-ae20-5502d93aac97" executionId="7bc6f3fb-d0d0-4685-8c0a-a9077abddba0" testListId="8c84fa94-04c1-424b-9868-57a2d4851a1d" /><TestEntry testId="772f6ce3-4b43-40af-afa0-5ff968ec3b8f" executionId="4632e3e4-b2d3-46a9-a731-420802f8c370" testListId="8c84fa94-04c1-424b-9868-57a2d4851a1d" /><TestEntry testId="b55a6804-ebcf-4d33-b98c-8f7a927579ba" executionId="b707c3ab-492f-496b-852a-d5ec2b84e694" testListId="8c84fa94-04c1-424b-9868-57a2d4851a1d" /><TestEntry testId="0bc8ae4c-ca22-438b-8708-dde13e8f4b3f" executionId="ce7d70f7-7725-4d46-9416-8dab3d2539b7" testListId="8c84fa94-04c1-424b-9868-57a2d4851a1d" /><TestEntry testId="03da5d25-29c6-4ea3-88d6-b58e71ff6c50" executionId="090d20f4-e1f1-40e0-8ea3-54cdb7343202" testListId="8c84fa94-04c1-424b-9868-57a2d4851a1d" /><TestEntry testId="a11f25bd-da0a-4bbf-8eaf-9ed94cb92bfa" executionId="2e03a0dd-48ca-4854-b192-c46836ebb27d" testListId="8c84fa94-04c1-424b-9868-57a2d4851a1d" /><TestEntry testId="35a5e2e4-b80b-4321-9225-3f6dce962081" executionId="fdf39d10-c020-401a-8d1c-bca4227e2fbf" testListId="8c84fa94-04c1-424b-9868-57a2d4851a1d" /><TestEntry testId="51d36caa-c7cb-4234-b760-c1acf6aed7b9" executionId="3b71fae0-9b80-46eb-b1b7-fbbde03b58c7" testListId="8c84fa94-04c1-424b-9868-57a2d4851a1d" /><TestEntry testId="0a2ef212-4555-41e9-853b-057eaad42855" executionId="2267dab3-6465-4e2c-9388-c67d12377d0b" testListId="8c84fa94-04c1-424b-9868-57a2d4851a1d" /><TestEntry testId="36e19090-0911-48fe-aa16-36d276fdc47e" executionId="abd28006-b732-456f-9ed6-2d669ecc333f" testListId="8c84fa94-04c1-424b-9868-57a2d4851a1d" /><TestEntry testId="8af1ae1c-1193-4d3d-a283-36a2a330ebd8" executionId="523783e8-90e2-4823-8f08-6e9b640e8096" testListId="8c84fa94-04c1-424b-9868-57a2d4851a1d" /><TestEntry testId="b794e0ad-94ef-4e14-977b-9d8a9fbde8f5" executionId="bdaf7210-5338-4a66-a472-7a5d560a2375" testListId="8c84fa94-04c1-424b-9868-57a2d4851a1d" /><TestEntry testId="2b240c93-d407-404f-aae6-4a3059195433" executionId="ef1f3d83-ac73-4e99-803d-124163c009f8" testListId="8c84fa94-04c1-424b-9868-57a2d4851a1d" /><TestEntry testId="b562385a-88c5-445e-af84-966f34021b9e" executionId="fd7083de-f6e2-4531-b7ec-fce7549c8ff6" testListId="8c84fa94-04c1-424b-9868-57a2d4851a1d" /><TestEntry testId="1541925a-43f5-42f1-9a28-e3bf501822b1" executionId="c095e029-6875-4d62-aa08-235b66862af4" testListId="8c84fa94-04c1-424b-9868-57a2d4851a1d" /><TestEntry testId="7a6103d1-0280-4145-ae26-565a5bb4f3d2" executionId="05c4efb6-9f09-4ec5-b405-79d103afe7cf" testListId="8c84fa94-04c1-424b-9868-57a2d4851a1d" /><TestEntry testId="6123efb7-adcc-4c16-adeb-ff4c68b67356" executionId="fd3f7763-e1e3-4640-a80d-96e7cb19aed7" testListId="8c84fa94-04c1-424b-9868-57a2d4851a1d" /><TestEntry testId="18b2d378-00d4-4b09-b7db-9e031d727de1" executionId="0626feaf-7f94-470c-aabb-cddee13864f0" testListId="8c84fa94-04c1-424b-9868-57a2d4851a1d" /><TestEntry testId="d99cd98e-d7a7-42c2-8ad6-c357d69ab1c4" executionId="dd3dba77-d4c4-4471-b525-332239dd7b3a" testListId="8c84fa94-04c1-424b-9868-57a2d4851a1d" /><TestEntry testId="1dfc716a-a08b-497e-bc63-82f78d555795" executionId="d4474874-07a9-4c5f-a091-b7e4981f5216" testListId="8c84fa94-04c1-424b-9868-57a2d4851a1d" /><TestEntry testId="93e170f0-cc47-45e3-a761-d4027e63dc3d" executionId="c604a693-a79a-4476-84c6-c6ab5a641dae" testListId="8c84fa94-04c1-424b-9868-57a2d4851a1d" /><TestEntry testId="0f071108-8369-43e4-90f3-752d1f01bc9f" executionId="d1ecffdf-cc23-4cc4-94a8-6ab0a6dbcbe2" testListId="8c84fa94-04c1-424b-9868-57a2d4851a1d" /><TestEntry testId="f5ee4227-d2c7-40f9-92fc-85862d4fc8c6" executionId="066e9b98-fe09-4379-9b11-72b3ac8f34dc" testListId="8c84fa94-04c1-424b-9868-57a2d4851a1d" /><TestEntry testId="eeebfe1c-3e7d-439c-81a4-dc1c56b8124d" executionId="5b9d0b01-cb63-40c3-8b60-d062ce0376d1" testListId="8c84fa94-04c1-424b-9868-57a2d4851a1d" /><TestEntry testId="14e06eb1-8e35-4ee6-b251-4147c0b09b05" executionId="71fccdf4-8b84-4b0e-9c35-af033fef94f8" testListId="8c84fa94-04c1-424b-9868-57a2d4851a1d" /><TestEntry testId="bbd1e0eb-373a-497d-b194-d70047fc7d5f" executionId="31926292-4175-4e5e-8e9d-1dcddd73971d" testListId="8c84fa94-04c1-424b-9868-57a2d4851a1d" /><TestEntry testId="b98194f2-2d44-4a47-a382-15aa42c649c1" executionId="50340544-9d90-42f1-af2b-aa8e883224da" testListId="8c84fa94-04c1-424b-9868-57a2d4851a1d" /><TestEntry testId="9b8d3447-bf73-42be-a941-9ed563f49bbc" executionId="6f09caee-25c6-4469-84f8-3c25a12517ab" testListId="8c84fa94-04c1-424b-9868-57a2d4851a1d" /><TestEntry testId="091ef0a6-8805-4d1f-91e2-dac71e345564" executionId="b8460975-e76d-4911-b13e-af98492d28b8" testListId="8c84fa94-04c1-424b-9868-57a2d4851a1d" /><TestEntry testId="f0e55972-178b-4a2c-9c77-0cce02a3b245" executionId="60e3b7a6-e0e0-4ae4-9a38-a5f21637c2f2" testListId="8c84fa94-04c1-424b-9868-57a2d4851a1d" /><TestEntry testId="6b587657-3bac-40f8-97cf-df21ea758cc3" executionId="cd2b565c-9b9e-46c2-8e39-db88f9824c95" testListId="8c84fa94-04c1-424b-9868-57a2d4851a1d" /><TestEntry testId="bb23eb0d-2d8d-467a-9717-043a1713187f" executionId="8f999e74-0fc1-4369-906d-8cb1e763e5bd" testListId="8c84fa94-04c1-424b-9868-57a2d4851a1d" /><TestEntry testId="a9ee2cc4-8832-4079-b440-1260ce07227a" executionId="58936bad-549e-467c-9378-a85d93dd97fc" testListId="8c84fa94-04c1-424b-9868-57a2d4851a1d" /><TestEntry testId="5ca3753f-1b74-4be7-a990-e4451455287a" executionId="205c7824-e600-4f4e-8347-38e9ede3928d" testListId="8c84fa94-04c1-424b-9868-57a2d4851a1d" /><TestEntry testId="6ab3f5f2-c041-47a9-89bc-b1268480ae8d" executionId="d6cdcef9-0ba8-4897-97f2-7e146282e3ec" testListId="8c84fa94-04c1-424b-9868-57a2d4851a1d" /><TestEntry testId="f0c2cfac-4060-40b9-ab2e-bc5cef2d9699" executionId="50cbb1d7-94aa-45b5-aef9-4b9051081c88" testListId="8c84fa94-04c1-424b-9868-57a2d4851a1d" /><TestEntry testId="ebade55a-906a-47cc-ae54-8461381f0f6f" executionId="6c94d81e-c844-4c29-b04c-bbc257e495ce" testListId="8c84fa94-04c1-424b-9868-57a2d4851a1d" /><TestEntry testId="38700af8-a391-4a9f-940b-01174aea3001" executionId="c54f668d-9073-4984-b255-0ff793b5c8d5" testListId="8c84fa94-04c1-424b-9868-57a2d4851a1d" /><TestEntry testId="fd54e878-925d-4111-bb7e-edc7d2e4b924" executionId="4e56401b-22e8-4cf8-9b76-48222302a22b" testListId="8c84fa94-04c1-424b-9868-57a2d4851a1d" /><TestEntry testId="f4a8a01c-328f-4aa8-b1bf-23a3d155ece3" executionId="3b0d1dd3-dd92-45ab-8079-7876fa1cf0e3" testListId="8c84fa94-04c1-424b-9868-57a2d4851a1d" /><TestEntry testId="4c2e3197-cf68-476c-a2cf-378a7bc2da9c" executionId="d82ca8e3-3deb-4117-9f2c-c06294bada29" testListId="8c84fa94-04c1-424b-9868-57a2d4851a1d" /><TestEntry testId="46a788f5-43f9-4cd2-8aae-77b2e5553a9b" executionId="e34f3794-0a98-43d0-a86d-f4d5271201c4" testListId="8c84fa94-04c1-424b-9868-57a2d4851a1d" /><TestEntry testId="86bd66f1-c620-4858-b600-22314716522e" executionId="f428f9b8-2aa2-4b14-a69a-b833615e6e8e" testListId="8c84fa94-04c1-424b-9868-57a2d4851a1d" /><TestEntry testId="9e06fcfb-2296-46e4-9a7a-968b8438f0ba" executionId="19a48477-33ab-40c9-9751-0b6020dad467" testListId="8c84fa94-04c1-424b-9868-57a2d4851a1d" /><TestEntry testId="62f8ece1-aebc-4d2b-b129-e977ffa5ff93" executionId="4259055e-4889-45bf-a82b-75645fa4a4e5" testListId="8c84fa94-04c1-424b-9868-57a2d4851a1d" /><TestEntry testId="5b1ce537-cdc6-4aff-8206-49801e5c1f33" executionId="6697b54d-ab49-4d13-9393-4da4b726f8ca" testListId="8c84fa94-04c1-424b-9868-57a2d4851a1d" /><TestEntry testId="ca5e81cc-adea-4642-ba5f-937f3a9ff3fa" executionId="6402281b-65a9-40a1-bc83-d657e7b5dc30" testListId="8c84fa94-04c1-424b-9868-57a2d4851a1d" /><TestEntry testId="6c60804f-3fe3-4d63-a0e1-e7afcaf34764" executionId="7dbd8583-b1bb-4236-a5aa-139f4dc34f7a" testListId="8c84fa94-04c1-424b-9868-57a2d4851a1d" /><TestEntry testId="6718f06e-0d8e-4556-bfc1-2dfbce006f70" executionId="3ff18dd4-09d2-4216-8374-4f253c3fb941" testListId="8c84fa94-04c1-424b-9868-57a2d4851a1d" /><TestEntry testId="02987b9c-d59c-4bc4-aa5e-b44837f9b239" executionId="34121b3e-5226-4f0f-b75c-4bea5dd3fc4d" testListId="8c84fa94-04c1-424b-9868-57a2d4851a1d" /><TestEntry testId="e9b5eae1-4f83-4869-a6c3-48781ca22585" executionId="8a6de0d9-f064-450d-b0b9-ffbb3f569852" testListId="8c84fa94-04c1-424b-9868-57a2d4851a1d" /><TestEntry testId="ed865117-1665-4237-8c4b-c5c82f86b7b8" executionId="d6939447-27f1-42ca-a983-c4c18b36dfab" testListId="8c84fa94-04c1-424b-9868-57a2d4851a1d" /><TestEntry testId="b51225c6-0ae8-4355-8f01-9a3c3e9b07d3" executionId="eeab3d5c-f705-4835-b956-4628720b99bf" testListId="8c84fa94-04c1-424b-9868-57a2d4851a1d" /><TestEntry testId="ecde8408-e5ee-4696-8d1f-56dfe33896e3" executionId="b7f7716a-b605-48bd-b809-0ccf45ef9308" testListId="8c84fa94-04c1-424b-9868-57a2d4851a1d" /><TestEntry testId="0a64f720-44b8-45e7-8522-2302253016ef" executionId="7313a5c7-693a-47e3-948f-76c0055fd0ca" testListId="8c84fa94-04c1-424b-9868-57a2d4851a1d" /><TestEntry testId="97bae63c-e747-42a0-8d7d-c692600fb773" executionId="84e24c24-1476-4297-ae18-454ac72494ed" testListId="8c84fa94-04c1-424b-9868-57a2d4851a1d" /><TestEntry testId="cc7f19cb-eb2e-4682-9f07-4636c25d4659" executionId="8c44a2c2-711e-44c3-a11a-7eae7dd5f6f0" testListId="8c84fa94-04c1-424b-9868-57a2d4851a1d" /><TestEntry testId="16325d2e-ed80-4ea6-9292-7b665da91f90" executionId="45f8b828-c2ee-470e-8b61-184794f986d6" testListId="8c84fa94-04c1-424b-9868-57a2d4851a1d" /><TestEntry testId="e439b021-107a-42dd-bdcb-fc0b837a0a54" executionId="2755431d-15df-4bb3-a507-872e36b37571" testListId="8c84fa94-04c1-424b-9868-57a2d4851a1d" /><TestEntry testId="8222046f-7850-4cf3-9e4b-ac81a4f2e123" executionId="59483ac3-84d5-450d-8b52-20572314cb6d" testListId="8c84fa94-04c1-424b-9868-57a2d4851a1d" /><TestEntry testId="e97bcd5c-e5b2-4540-8f40-70589407f969" executionId="2ca070b5-cb03-4efc-bcf3-f1014bef7456" testListId="8c84fa94-04c1-424b-9868-57a2d4851a1d" /><TestEntry testId="bb0ea79e-80ea-4b89-ac22-58830cffaf65" executionId="21c86c87-1e51-44e3-a202-e2dbf9312546" testListId="8c84fa94-04c1-424b-9868-57a2d4851a1d" /><TestEntry testId="8118db00-a34e-4ff7-b889-55e8e8a8a999" executionId="6311e726-ec08-4c70-9604-a704b44844dc" testListId="8c84fa94-04c1-424b-9868-57a2d4851a1d" /><TestEntry testId="d6b77678-36fd-40f8-b835-6af39836bc6d" executionId="ac29ec9e-af91-4741-a14e-4451bef8c184" testListId="8c84fa94-04c1-424b-9868-57a2d4851a1d" /><TestEntry testId="7d4c38dc-4209-41df-875e-64138d6b2d10" executionId="4fd247a3-d937-4a9f-bffb-ed2bb7e454da" testListId="8c84fa94-04c1-424b-9868-57a2d4851a1d" /><TestEntry testId="a4f99655-e826-4559-a087-e30e156dd30a" executionId="9cdb5ec3-7715-4d0b-9e13-1ab92ed1db76" testListId="8c84fa94-04c1-424b-9868-57a2d4851a1d" /><TestEntry testId="b2e0e166-0f6b-4057-98d5-4dfe0efdef82" executionId="7dc9fc5b-01bc-4dcd-92c6-ff2d157b6b20" testListId="8c84fa94-04c1-424b-9868-57a2d4851a1d" /><TestEntry testId="7214a381-9a5e-4904-8cff-0914a1682dc8" executionId="2d44fc89-90ff-4c22-bfb3-3830845e7413" testListId="8c84fa94-04c1-424b-9868-57a2d4851a1d" /><TestEntry testId="5dff5f37-f9f7-4ae1-8fce-74fe56c1fc73" executionId="c40a6349-b35d-4ce5-b829-65776630676c" testListId="8c84fa94-04c1-424b-9868-57a2d4851a1d" /><TestEntry testId="1c46a0f9-f63f-4fb5-b76d-c3ea52cb461b" executionId="ddeea8b5-38f0-41b5-b160-47db27fc155b" testListId="8c84fa94-04c1-424b-9868-57a2d4851a1d" /><TestEntry testId="e2d4ca6e-7626-484a-90d4-429e9d779841" executionId="56f9e53e-0b51-454f-a810-0876bfed2e09" testListId="8c84fa94-04c1-424b-9868-57a2d4851a1d" /><TestEntry testId="1ab30ae1-06d4-4847-8182-4a4b7eba38cb" executionId="546dc4bc-c2a5-4d4f-9cc6-9c781b75b31d" testListId="8c84fa94-04c1-424b-9868-57a2d4851a1d" /><TestEntry testId="a3ea0d00-6008-40db-a812-02d9129da3d1" executionId="d7760643-1302-4152-be37-e4c76ac40f7c" testListId="8c84fa94-04c1-424b-9868-57a2d4851a1d" /><TestEntry testId="801910b6-80c8-4fc6-915e-e76d1db08eac" executionId="9bc6ad42-23bf-4ac4-9dbe-5316dc480bb5" testListId="8c84fa94-04c1-424b-9868-57a2d4851a1d" /><TestEntry testId="eaa3e85c-e067-48a9-8c49-411fe1c4dae3" executionId="ed71756c-21e2-440e-a985-c5506700e50c" testListId="8c84fa94-04c1-424b-9868-57a2d4851a1d" /><TestEntry testId="fc3d699d-28c9-4cc8-8b91-72ac3ef471bf" executionId="04aefea4-6011-4da1-b73f-d4a715d23f4d" testListId="8c84fa94-04c1-424b-9868-57a2d4851a1d" /><TestEntry testId="9dd35b0f-4567-4454-b048-0aa4432fb394" executionId="45d99fce-fdcc-4886-9dd7-bcbfc1f008e1" testListId="8c84fa94-04c1-424b-9868-57a2d4851a1d" /><TestEntry testId="5c12082d-fa9e-4ebe-8784-88a1619115f0" executionId="158e72c9-8980-42cd-abe0-e88ccfe9332f" testListId="8c84fa94-04c1-424b-9868-57a2d4851a1d" /><TestEntry testId="5d862f41-d258-4f72-97b2-c6faaf2b8cf1" executionId="496ebbaa-f3ad-4b17-8f80-aaf12237efa4" testListId="8c84fa94-04c1-424b-9868-57a2d4851a1d" /><TestEntry testId="8b965951-c71e-4f71-ae80-12a22fad1e58" executionId="bcd483e4-be32-47d5-9a93-d7f42bde15c4" testListId="8c84fa94-04c1-424b-9868-57a2d4851a1d" /><TestEntry testId="9862cf80-301c-49a7-a6e6-974909fa3549" executionId="c0c6e4d2-0daf-4f17-be94-da5e6127cc29" testListId="8c84fa94-04c1-424b-9868-57a2d4851a1d" /><TestEntry testId="977129f6-1368-4609-8e4b-d27c179d7617" executionId="49e12c5c-8c81-4b12-b488-dd48061689e4" testListId="8c84fa94-04c1-424b-9868-57a2d4851a1d" /><TestEntry testId="67586406-e32f-446e-9ee5-2fcf4658d2e0" executionId="fffb59fe-b4cf-4a87-bf61-a904be515970" testListId="8c84fa94-04c1-424b-9868-57a2d4851a1d" /><TestEntry testId="6f5c5a93-3909-4385-b862-3ece8dbc1b31" executionId="04a37d57-2720-4b29-b3fd-fb68e3d3f52c" testListId="8c84fa94-04c1-424b-9868-57a2d4851a1d" /><TestEntry testId="d37f55b7-e797-4491-9889-fcdd565cbca2" executionId="8210adcb-091b-4e84-a3f4-4709efbe2e9e" testListId="8c84fa94-04c1-424b-9868-57a2d4851a1d" /><TestEntry testId="9cc6bdf9-6a43-4f76-882a-af315041b7cc" executionId="7b69d9ec-2528-4795-aa24-11e9bcf0f815" testListId="8c84fa94-04c1-424b-9868-57a2d4851a1d" /><TestEntry testId="3de129dd-108e-408e-a6d3-444e8ab0acfa" executionId="e4c93f09-af9b-4859-ac62-345bc53f6f0a" testListId="8c84fa94-04c1-424b-9868-57a2d4851a1d" /><TestEntry testId="1cd8d785-98d8-4d71-85e1-d3cc63ae47ee" executionId="cb1555a6-ecd4-4e70-b0b0-2bf218ff373c" testListId="8c84fa94-04c1-424b-9868-57a2d4851a1d" /><TestEntry testId="d3c8dbe3-c40c-49ad-ac6b-c57595e8af29" executionId="8f8a03b1-2ef2-4fe1-9be3-65d2bcca6460" testListId="8c84fa94-04c1-424b-9868-57a2d4851a1d" /><TestEntry testId="8c7bd35e-7001-4338-be03-9ef12b6a58ef" executionId="e8fc9a94-1a68-4d42-9049-885a110b7c56" testListId="8c84fa94-04c1-424b-9868-57a2d4851a1d" /><TestEntry testId="95f07fc1-9672-4334-bbe2-0beee50fa37e" executionId="c88b9c4e-657a-433d-bed6-2d84b5b452f1" testListId="8c84fa94-04c1-424b-9868-57a2d4851a1d" /><TestEntry testId="ec112277-74d0-49ee-bff4-76ab8a11a5fa" executionId="a7f8f412-8a72-488a-9c98-ed8505357b81" testListId="8c84fa94-04c1-424b-9868-57a2d4851a1d" /><TestEntry testId="aa0391dc-5a2c-40ef-827e-4d19f6d0424f" executionId="9bffb7c8-4b08-4ae3-9da5-2a6c0aa3531c" testListId="8c84fa94-04c1-424b-9868-57a2d4851a1d" /><TestEntry testId="10925f65-bbb6-4c44-a6a0-5a4d60276282" executionId="060540be-37ac-4f22-a9f0-ff131f2d40ae" testListId="8c84fa94-04c1-424b-9868-57a2d4851a1d" /><TestEntry testId="d7b7e21e-32e0-4086-9e87-fb5a4390c91a" executionId="cfed5a89-4000-4e8e-a57c-e4c878f59506" testListId="8c84fa94-04c1-424b-9868-57a2d4851a1d" /><TestEntry testId="3d85d3f5-a65c-4e54-91cb-955a5ab11891" executionId="13ae262b-5dd4-4cc5-a7a2-7eaacadc2faa" testListId="8c84fa94-04c1-424b-9868-57a2d4851a1d" /><TestEntry testId="09ec445b-f349-46d7-b06a-0486b918413f" executionId="9d917c62-bbeb-4fb2-b94f-6ebf7741c10f" testListId="8c84fa94-04c1-424b-9868-57a2d4851a1d" /><TestEntry testId="665fb417-d056-439a-bce3-b30e73c08482" executionId="3c9f652b-7c42-4ac0-884f-6679c2996782" testListId="8c84fa94-04c1-424b-9868-57a2d4851a1d" /><TestEntry testId="e8d2e8b7-4a81-47f2-9605-fc5c6be8a4cd" executionId="9a248b96-2b93-4380-8fed-064e45f1b75b" testListId="8c84fa94-04c1-424b-9868-57a2d4851a1d" /><TestEntry testId="daaeaae3-f223-47d6-b6a4-c3a4a4da8bc5" executionId="9565608c-e4eb-4a96-b22a-178e2cf7399b" testListId="8c84fa94-04c1-424b-9868-57a2d4851a1d" /><TestEntry testId="8e9321bd-8d27-44bf-85a7-848542849030" executionId="50e52055-d781-4a0c-86ad-6657fd2db07d" testListId="8c84fa94-04c1-424b-9868-57a2d4851a1d" /><TestEntry testId="daba79c1-5668-4816-94ce-d3fcdab16153" executionId="4b236dbe-ee52-4ea7-8770-e3c7a76f5133" testListId="8c84fa94-04c1-424b-9868-57a2d4851a1d" /><TestEntry testId="9448ab16-2daf-41b0-bf8a-36aece00690e" executionId="9e03e422-549e-45c8-8528-1a1ab0a52e0a" testListId="8c84fa94-04c1-424b-9868-57a2d4851a1d" /><TestEntry testId="cd6bf222-8b5d-459d-ad57-c0c0dd5cf1b9" executionId="d507b85f-0bed-4e1e-858c-e81bbc65f3d0" testListId="8c84fa94-04c1-424b-9868-57a2d4851a1d" /><TestEntry testId="f4a24c4d-ddee-4052-89bf-7c6070131450" executionId="388d4f00-e8a1-4e13-aa55-8edbbb4d5a9c" testListId="8c84fa94-04c1-424b-9868-57a2d4851a1d" /><TestEntry testId="4c304720-6d55-480f-a6fa-b18d6659b4cb" executionId="a7f84444-efc2-466e-a620-a3f445941ca9" testListId="8c84fa94-04c1-424b-9868-57a2d4851a1d" /><TestEntry testId="4d4db3fc-3ed8-4536-b861-b462769ea99c" executionId="c3dac3c8-ba3d-4fe6-89c8-901787924eff" testListId="8c84fa94-04c1-424b-9868-57a2d4851a1d" /><TestEntry testId="2a594551-cf95-4c09-b0da-397ccf33b3b2" executionId="68ae2691-04f2-40fd-93d7-15326853f5c4" testListId="8c84fa94-04c1-424b-9868-57a2d4851a1d" /><TestEntry testId="d846156b-71a9-4642-bdc2-c98f71e313c9" executionId="646797ac-4f1a-46f5-bfac-744f17687709" testListId="8c84fa94-04c1-424b-9868-57a2d4851a1d" /><TestEntry testId="c23c4125-4c49-4f46-a181-8679e55f1349" executionId="28007099-7f81-459e-8107-ccb22fb198b8" testListId="8c84fa94-04c1-424b-9868-57a2d4851a1d" /></TestEntries><TestLists><TestList name="Results Not in a List" id="8c84fa94-04c1-424b-9868-57a2d4851a1d" /><TestList name="All Loaded Results" id="19431567-8539-422a-85d7-44ee4e166bda" /></TestLists><ResultSummary outcome="Completed"><Counters total="151" executed="151" passed="151" failed="0" error="0" timeout="0" aborted="0" inconclusive="0" passedButRunAborted="0" notRunnable="0" notExecuted="0" disconnected="0" warning="0" completed="0" inProgress="0" pending="0" /><Output><StdOut>[xUnit.net 00:00:01.3276778]   Discovering: ModelRelief.Test[xUnit.net 00:00:01.4426035]   Discovered:  ModelRelief.Test[xUnit.net 00:00:01.4479601]   Starting:    ModelRelief.Test[xUnit.net 00:00:43.0310749]   Finished:    ModelRelief.Test</StdOut></Output></ResultSummary></TestRun>