<?xml version="1.0" encoding="utf-8"?><TestRun id="20f29f4e-bdc8-4e46-a1e6-9eed62a4b01a" name="Steve Knipmeyer@VECTOR 2018-08-24 08:49:19" runUser="VECTOR\Steve Knipmeyer" xmlns="http://microsoft.com/schemas/VisualStudio/TeamTest/2010"><Times creation="2018-08-24T08:49:19.1400966-04:00" queuing="2018-08-24T08:49:19.1401198-04:00" start="2018-08-24T08:49:14.7562707-04:00" finish="2018-08-24T08:49:56.3247238-04:00" /><TestSettings name="default" id="b7188ea9-dc27-417f-b362-29c4ac702de9"><Deployment runDeploymentRoot="Steve_Knipmeyer_VECTOR_2018-08-24_08_49_19" /></TestSettings><Results><UnitTestResult executionId="03ba403e-4838-4b1e-bf81-4acf6d31f7ea" testId="fa595702-b8b0-487c-baab-69776855a98d" testName="GetFile_FileCanBeRoundTripped" computerName="VECTOR" duration="00:00:00.3340000" startTime="2018-08-24T08:49:53.9445839-04:00" endTime="2018-08-24T08:49:53.9445895-04:00" testType="13cdc9d9-ddb5-4fa4-a97d-d965ccfc6d4b" outcome="Passed" testListId="8c84fa94-04c1-424b-9868-57a2d4851a1d" relativeResultsDirectory="03ba403e-4838-4b1e-bf81-4acf6d31f7ea" /><UnitTestResult executionId="57c9fdb3-b790-46aa-9592-5e099616b090" testId="8ffd5698-98e7-4798-9e7e-fa6734600a1a" testName="Put_InvalidIdReturnsNotFound" computerName="VECTOR" duration="00:00:00.0350000" startTime="2018-08-24T08:49:54.1965451-04:00" endTime="2018-08-24T08:49:54.1965514-04:00" testType="13cdc9d9-ddb5-4fa4-a97d-d965ccfc6d4b" outcome="Passed" testListId="8c84fa94-04c1-424b-9868-57a2d4851a1d" relativeResultsDirectory="57c9fdb3-b790-46aa-9592-5e099616b090" /><UnitTestResult executionId="d2bf44ea-90d1-42e9-a424-b4b8f27174af" testId="56ffe8d0-3c5c-446f-95e1-d06d92270d0c" testName="GetFile_ExistingFileReturnsSuccess" computerName="VECTOR" duration="00:00:00.0560000" startTime="2018-08-24T08:49:48.4272704-04:00" endTime="2018-08-24T08:49:48.4272773-04:00" testType="13cdc9d9-ddb5-4fa4-a97d-d965ccfc6d4b" outcome="Passed" testListId="8c84fa94-04c1-424b-9868-57a2d4851a1d" relativeResultsDirectory="d2bf44ea-90d1-42e9-a424-b4b8f27174af" /><UnitTestResult executionId="c396fa6b-40f3-411a-bd1f-cb288eaa6090" testId="261270d2-f492-4156-a040-7986e6c1f2b2" testName="Put_InvalidIdReturnsNotFound" computerName="VECTOR" duration="00:00:00.2390000" startTime="2018-08-24T08:49:26.1460970-04:00" endTime="2018-08-24T08:49:26.1461035-04:00" testType="13cdc9d9-ddb5-4fa4-a97d-d965ccfc6d4b" outcome="Passed" testListId="8c84fa94-04c1-424b-9868-57a2d4851a1d" relativeResultsDirectory="c396fa6b-40f3-411a-bd1f-cb288eaa6090" /><UnitTestResult executionId="dace169f-ee08-40fe-9bee-7a69fdd2580a" testId="404cb329-aa79-4822-8bac-7fdf05429904" testName="Delete_TargetModelIsDeleted" computerName="VECTOR" duration="00:00:00.2130000" startTime="2018-08-24T08:49:33.3276102-04:00" endTime="2018-08-24T08:49:33.3276164-04:00" testType="13cdc9d9-ddb5-4fa4-a97d-d965ccfc6d4b" outcome="Passed" testListId="8c84fa94-04c1-424b-9868-57a2d4851a1d" relativeResultsDirectory="dace169f-ee08-40fe-9bee-7a69fdd2580a" /><UnitTestResult executionId="fe9fcb45-1855-4f49-9ff4-a9ae8f9f215d" testId="271cdd46-405c-4a4a-98df-27cc8bad9aa0" testName="GetList_ListReturnsCorrectCount" computerName="VECTOR" duration="00:00:01.1190000" startTime="2018-08-24T08:49:30.0076722-04:00" endTime="2018-08-24T08:49:30.0076781-04:00" testType="13cdc9d9-ddb5-4fa4-a97d-d965ccfc6d4b" outcome="Passed" testListId="8c84fa94-04c1-424b-9868-57a2d4851a1d" relativeResultsDirectory="fe9fcb45-1855-4f49-9ff4-a9ae8f9f215d" /><UnitTestResult executionId="e9427c6a-4c42-4231-9b30-5fd708f6a92f" testId="a95a106d-9aa4-4a4c-8972-35f81d8143a6" testName="Post_CanCreateNewModel" computerName="VECTOR" duration="00:00:00.1960000" startTime="2018-08-24T08:49:46.3624283-04:00" endTime="2018-08-24T08:49:46.3624344-04:00" testType="13cdc9d9-ddb5-4fa4-a97d-d965ccfc6d4b" outcome="Passed" testListId="8c84fa94-04c1-424b-9868-57a2d4851a1d" relativeResultsDirectory="e9427c6a-4c42-4231-9b30-5fd708f6a92f" /><UnitTestResult executionId="29f94cb6-c80e-4a96-8507-064c76668e16" testId="d2b5bc12-8006-42cb-91d7-c259e5da2175" testName="PutFile_FileCanBeUpdated" computerName="VECTOR" duration="00:00:00.5250000" startTime="2018-08-24T08:49:24.4066112-04:00" endTime="2018-08-24T08:49:24.4066179-04:00" testType="13cdc9d9-ddb5-4fa4-a97d-d965ccfc6d4b" outcome="Passed" testListId="8c84fa94-04c1-424b-9868-57a2d4851a1d" relativeResultsDirectory="29f94cb6-c80e-4a96-8507-064c76668e16" /><UnitTestResult executionId="8ebd37d5-981e-4706-9db4-eca278940f1a" testId="1d0ae986-7940-42da-b7b8-b8a1787caadc" testName="GetSingle_ValidIdPropertyValueReturnsCorrectModel" computerName="VECTOR" duration="00:00:00.0500000" startTime="2018-08-24T08:49:33.3786573-04:00" endTime="2018-08-24T08:49:33.3786626-04:00" testType="13cdc9d9-ddb5-4fa4-a97d-d965ccfc6d4b" outcome="Passed" testListId="8c84fa94-04c1-424b-9868-57a2d4851a1d" relativeResultsDirectory="8ebd37d5-981e-4706-9db4-eca278940f1a" /><UnitTestResult executionId="6a870a3b-ef23-40be-b88a-62f3e85f2499" testId="c2c29d56-a27c-4173-b84a-cdaef2cd8d3d" testName="Post_CanCreateNewModel" computerName="VECTOR" duration="00:00:00.1870000" startTime="2018-08-24T08:49:54.1611310-04:00" endTime="2018-08-24T08:49:54.1611373-04:00" testType="13cdc9d9-ddb5-4fa4-a97d-d965ccfc6d4b" outcome="Passed" testListId="8c84fa94-04c1-424b-9868-57a2d4851a1d" relativeResultsDirectory="6a870a3b-ef23-40be-b88a-62f3e85f2499" /><UnitTestResult executionId="dbbfa57e-8e1d-4757-8d59-0e75dac3ce48" testId="3c5b9ceb-8a01-479f-98ef-e35a706964b8" testName="Patch_InvalidPropertyNameReturnsBadRequest" computerName="VECTOR" duration="00:00:00.0290000" startTime="2018-08-24T08:49:32.7693471-04:00" endTime="2018-08-24T08:49:32.7693528-04:00" testType="13cdc9d9-ddb5-4fa4-a97d-d965ccfc6d4b" outcome="Passed" testListId="8c84fa94-04c1-424b-9868-57a2d4851a1d" relativeResultsDirectory="dbbfa57e-8e1d-4757-8d59-0e75dac3ce48" /><UnitTestResult executionId="8e1e2b98-083a-45c4-aad5-48ac1bed0353" testId="c1ea2799-d9e8-4220-943d-3900a944e209" testName="Post_CanCreateNewModel" computerName="VECTOR" duration="00:00:00.1630000" startTime="2018-08-24T08:49:23.1735388-04:00" endTime="2018-08-24T08:49:23.1735447-04:00" testType="13cdc9d9-ddb5-4fa4-a97d-d965ccfc6d4b" outcome="Passed" testListId="8c84fa94-04c1-424b-9868-57a2d4851a1d" relativeResultsDirectory="8e1e2b98-083a-45c4-aad5-48ac1bed0353" /><UnitTestResult executionId="802b0f98-be4d-458b-8b36-c0e6d1228cb7" testId="2ff0d037-6b23-432f-8bf0-351fdf8ec4c9" testName="PutFile_FileCanBeUpdated" computerName="VECTOR" duration="00:00:00.4660000" startTime="2018-08-24T08:49:37.7385606-04:00" endTime="2018-08-24T08:49:37.7385676-04:00" testType="13cdc9d9-ddb5-4fa4-a97d-d965ccfc6d4b" outcome="Passed" testListId="8c84fa94-04c1-424b-9868-57a2d4851a1d" relativeResultsDirectory="802b0f98-be4d-458b-8b36-c0e6d1228cb7" /><UnitTestResult executionId="014d12dd-603d-45c5-a1b9-52272344e763" testId="39adcaf7-23b7-4940-b0c1-cd6b5a9ff25a" testName="Patch_InvalidReferencePropertyReturnsBadRequest" computerName="VECTOR" duration="00:00:00.0280000" startTime="2018-08-24T08:49:55.5227785-04:00" endTime="2018-08-24T08:49:55.5227919-04:00" testType="13cdc9d9-ddb5-4fa4-a97d-d965ccfc6d4b" outcome="Passed" testListId="8c84fa94-04c1-424b-9868-57a2d4851a1d" relativeResultsDirectory="014d12dd-603d-45c5-a1b9-52272344e763" /><UnitTestResult executionId="1be24ccf-3337-4dbe-b816-c2d36ae670bc" testId="d2f810af-06ad-4cdc-94cb-67c7424a8b7e" testName="Patch_InvalidReferencePropertyReturnsBadRequest" computerName="VECTOR" duration="00:00:00.0120000" startTime="2018-08-24T08:49:19.9136772-04:00" endTime="2018-08-24T08:49:19.9136804-04:00" testType="13cdc9d9-ddb5-4fa4-a97d-d965ccfc6d4b" outcome="Passed" testListId="8c84fa94-04c1-424b-9868-57a2d4851a1d" relativeResultsDirectory="1be24ccf-3337-4dbe-b816-c2d36ae670bc" /><UnitTestResult executionId="030c469b-7112-473f-81b9-b5ddd953cd66" testId="b7b513df-4162-45e2-b07a-8b9c61ecaac1" testName="Patch_InvalidPropertyNameReturnsBadRequest" computerName="VECTOR" duration="00:00:00.0160000" startTime="2018-08-24T08:49:22.0514301-04:00" endTime="2018-08-24T08:49:22.0514352-04:00" testType="13cdc9d9-ddb5-4fa4-a97d-d965ccfc6d4b" outcome="Passed" testListId="8c84fa94-04c1-424b-9868-57a2d4851a1d" relativeResultsDirectory="030c469b-7112-473f-81b9-b5ddd953cd66" /><UnitTestResult executionId="79d3e487-9662-45b2-b119-a37d4b3a3bf3" testId="4f6a3c4c-a88f-4524-8788-db2cd091f94e" testName="Post_InvalidPropertyValueReturnsBadRequest" computerName="VECTOR" duration="00:00:00.0230000" startTime="2018-08-24T08:49:27.1885579-04:00" endTime="2018-08-24T08:49:27.1885643-04:00" testType="13cdc9d9-ddb5-4fa4-a97d-d965ccfc6d4b" outcome="Passed" testListId="8c84fa94-04c1-424b-9868-57a2d4851a1d" relativeResultsDirectory="79d3e487-9662-45b2-b119-a37d4b3a3bf3" /><UnitTestResult executionId="41bddaed-afb4-42e5-b720-47471b773fb1" testId="91e3381e-0675-4082-8dd1-88784ec98e3c" testName="FileRequest_FileCanBeReadAfterRename" computerName="VECTOR" duration="00:00:00.6470000" startTime="2018-08-24T08:49:51.0433440-04:00" endTime="2018-08-24T08:49:51.0433496-04:00" testType="13cdc9d9-ddb5-4fa4-a97d-d965ccfc6d4b" outcome="Passed" testListId="8c84fa94-04c1-424b-9868-57a2d4851a1d" relativeResultsDirectory="41bddaed-afb4-42e5-b720-47471b773fb1" /><UnitTestResult executionId="b95942d1-9598-43df-a1d2-af2bed699dcd" testId="22c4ee86-4541-4665-8716-9b668ffe019d" testName="Post_InvalidPropertyValueReturnsBadRequest" computerName="VECTOR" duration="00:00:00.0180000" startTime="2018-08-24T08:49:20.6743200-04:00" endTime="2018-08-24T08:49:20.6743334-04:00" testType="13cdc9d9-ddb5-4fa4-a97d-d965ccfc6d4b" outcome="Passed" testListId="8c84fa94-04c1-424b-9868-57a2d4851a1d" relativeResultsDirectory="b95942d1-9598-43df-a1d2-af2bed699dcd" /><UnitTestResult executionId="7c711e19-c218-4e36-aacb-29f3af08b330" testId="bd70cbe1-2604-4c13-a973-cd59b180f03b" testName="GetFile_NonExistentFileReturnsNotFound" computerName="VECTOR" duration="00:00:00.0410000" startTime="2018-08-24T08:49:33.4943045-04:00" endTime="2018-08-24T08:49:33.4943103-04:00" testType="13cdc9d9-ddb5-4fa4-a97d-d965ccfc6d4b" outcome="Passed" testListId="8c84fa94-04c1-424b-9868-57a2d4851a1d" relativeResultsDirectory="7c711e19-c218-4e36-aacb-29f3af08b330" /><UnitTestResult executionId="b0d92d32-2d75-45bd-9096-b3df89a2cdd8" testId="145a18ca-adba-4ba6-aa3a-84b2184b4d63" testName="PutFile_NewFileCanBePut" computerName="VECTOR" duration="00:00:00.3730000" startTime="2018-08-24T08:49:23.8806851-04:00" endTime="2018-08-24T08:49:23.8806913-04:00" testType="13cdc9d9-ddb5-4fa4-a97d-d965ccfc6d4b" outcome="Passed" testListId="8c84fa94-04c1-424b-9868-57a2d4851a1d" relativeResultsDirectory="b0d92d32-2d75-45bd-9096-b3df89a2cdd8" /><UnitTestResult executionId="e88545e4-7ca5-49bc-9154-7a2b7ba331d3" testId="b0c1114b-3d49-4f3a-9300-d0c201b70661" testName="LucyModel3dHasTwoDependents" computerName="VECTOR" duration="00:00:00.4100000" startTime="2018-08-24T08:49:18.3393470-04:00" endTime="2018-08-24T08:49:18.3393531-04:00" testType="13cdc9d9-ddb5-4fa4-a97d-d965ccfc6d4b" outcome="Passed" testListId="8c84fa94-04c1-424b-9868-57a2d4851a1d" relativeResultsDirectory="e88545e4-7ca5-49bc-9154-7a2b7ba331d3" /><UnitTestResult executionId="3ce7e2c5-cc40-4f62-b703-b4a1d3a5eaa7" testId="0e2b24f8-e21d-4cb2-976d-61ef901b50c9" testName="Patch_InvalidIdPropertyReturnsNotFound" computerName="VECTOR" duration="00:00:00.0190000" startTime="2018-08-24T08:49:55.1422629-04:00" endTime="2018-08-24T08:49:55.1422672-04:00" testType="13cdc9d9-ddb5-4fa4-a97d-d965ccfc6d4b" outcome="Passed" testListId="8c84fa94-04c1-424b-9868-57a2d4851a1d" relativeResultsDirectory="3ce7e2c5-cc40-4f62-b703-b4a1d3a5eaa7" /><UnitTestResult executionId="ee78979f-05e8-4bf7-85df-b39c3c455dfa" testId="7f1a37a7-ff6b-4064-8c2f-35cc7260ca0b" testName="Put_CanUpdateModel" computerName="VECTOR" duration="00:00:00.7660000" startTime="2018-08-24T08:49:31.8895539-04:00" endTime="2018-08-24T08:49:31.8895601-04:00" testType="13cdc9d9-ddb5-4fa4-a97d-d965ccfc6d4b" outcome="Passed" testListId="8c84fa94-04c1-424b-9868-57a2d4851a1d" relativeResultsDirectory="ee78979f-05e8-4bf7-85df-b39c3c455dfa" /><UnitTestResult executionId="27a3385c-ba56-415a-91eb-7fb58bff0f21" testId="15864346-47ac-43ad-8a94-9b5aed0aabd6" testName="GetList_ListReturnsCorrectCount" computerName="VECTOR" duration="00:00:00.0210000" startTime="2018-08-24T08:49:54.4245280-04:00" endTime="2018-08-24T08:49:54.4245343-04:00" testType="13cdc9d9-ddb5-4fa4-a97d-d965ccfc6d4b" outcome="Passed" testListId="8c84fa94-04c1-424b-9868-57a2d4851a1d" relativeResultsDirectory="27a3385c-ba56-415a-91eb-7fb58bff0f21" /><UnitTestResult executionId="5a52f02a-7eae-4a07-8e6a-e33874956af1" testId="14c6a972-bff0-4257-a311-9b52063356a8" testName="Put_ValidReferencePropertyUpdatesModel" computerName="VECTOR" duration="00:00:00.3000000" startTime="2018-08-24T08:49:32.1896010-04:00" endTime="2018-08-24T08:49:32.1896057-04:00" testType="13cdc9d9-ddb5-4fa4-a97d-d965ccfc6d4b" outcome="Passed" testListId="8c84fa94-04c1-424b-9868-57a2d4851a1d" relativeResultsDirectory="5a52f02a-7eae-4a07-8e6a-e33874956af1" /><UnitTestResult executionId="8924c969-444a-4918-8597-d9eba72e93b1" testId="27bda575-5b87-469b-8566-e1b28fbb9140" testName="Delete_TargetModelIsDeleted" computerName="VECTOR" duration="00:00:00.2490000" startTime="2018-08-24T08:49:23.4613804-04:00" endTime="2018-08-24T08:49:23.4613867-04:00" testType="13cdc9d9-ddb5-4fa4-a97d-d965ccfc6d4b" outcome="Passed" testListId="8c84fa94-04c1-424b-9868-57a2d4851a1d" relativeResultsDirectory="8924c969-444a-4918-8597-d9eba72e93b1" /><UnitTestResult executionId="336de0f1-388d-4511-b4e8-1374bd46910a" testId="02000cc4-c2fc-4fea-851b-d670c2fbff8d" testName="GetSingle_ValidIdPropertyValueReturnsCorrectModel" computerName="VECTOR" duration="00:00:00.0170000" startTime="2018-08-24T08:49:20.2095775-04:00" endTime="2018-08-24T08:49:20.2095845-04:00" testType="13cdc9d9-ddb5-4fa4-a97d-d965ccfc6d4b" outcome="Passed" testListId="8c84fa94-04c1-424b-9868-57a2d4851a1d" relativeResultsDirectory="336de0f1-388d-4511-b4e8-1374bd46910a" /><UnitTestResult executionId="0b545d39-97c2-42ce-b5bb-41f59658c554" testId="7ee85384-35a8-40fb-90b2-c88bf64f3762" testName="LucyCameraFindsAllDependents" computerName="VECTOR" duration="00:00:00.0160000" startTime="2018-08-24T08:49:18.3551750-04:00" endTime="2018-08-24T08:49:18.3551830-04:00" testType="13cdc9d9-ddb5-4fa4-a97d-d965ccfc6d4b" outcome="Passed" testListId="8c84fa94-04c1-424b-9868-57a2d4851a1d" relativeResultsDirectory="0b545d39-97c2-42ce-b5bb-41f59658c554" /><UnitTestResult executionId="4a732cfb-ccda-4a4c-9e76-d0e9a9d8e845" testId="10898e91-9fc1-4263-94ec-fe676c1c642f" testName="Post_InvalidReferencePropertyReturnsBadRequest" computerName="VECTOR" duration="00:00:00.0270000" startTime="2018-08-24T08:49:32.8478813-04:00" endTime="2018-08-24T08:49:32.8478873-04:00" testType="13cdc9d9-ddb5-4fa4-a97d-d965ccfc6d4b" outcome="Passed" testListId="8c84fa94-04c1-424b-9868-57a2d4851a1d" relativeResultsDirectory="4a732cfb-ccda-4a4c-9e76-d0e9a9d8e845" /><UnitTestResult executionId="a984a022-2abe-43fd-9bab-03f0ebc927f3" testId="e9318921-7ba0-4c82-b5b2-d257d98de506" testName="Put_CanUpdateModel" computerName="VECTOR" duration="00:00:00.4560000" startTime="2018-08-24T08:49:21.9632268-04:00" endTime="2018-08-24T08:49:21.9632336-04:00" testType="13cdc9d9-ddb5-4fa4-a97d-d965ccfc6d4b" outcome="Passed" testListId="8c84fa94-04c1-424b-9868-57a2d4851a1d" relativeResultsDirectory="a984a022-2abe-43fd-9bab-03f0ebc927f3" /><UnitTestResult executionId="ce9e26ee-d54e-4066-9908-b56d5471d059" testId="9e270896-0210-4ac2-9698-5a4cbae170dd" testName="Patch_InvalidPropertyNameReturnsBadRequest" computerName="VECTOR" duration="00:00:00.1060000" startTime="2018-08-24T08:49:19.0980242-04:00" endTime="2018-08-24T08:49:19.0980360-04:00" testType="13cdc9d9-ddb5-4fa4-a97d-d965ccfc6d4b" outcome="Passed" testListId="8c84fa94-04c1-424b-9868-57a2d4851a1d" relativeResultsDirectory="ce9e26ee-d54e-4066-9908-b56d5471d059" /><UnitTestResult executionId="5886d061-35b7-43b2-a352-ca994bf9849b" testId="f2f6430f-ec4c-4c04-9686-275f7772b790" testName="Patch_TargetPropertyIsUpdated" computerName="VECTOR" duration="00:00:00.3910000" startTime="2018-08-24T08:49:56.2029488-04:00" endTime="2018-08-24T08:49:56.2029549-04:00" testType="13cdc9d9-ddb5-4fa4-a97d-d965ccfc6d4b" outcome="Passed" testListId="8c84fa94-04c1-424b-9868-57a2d4851a1d" relativeResultsDirectory="5886d061-35b7-43b2-a352-ca994bf9849b" /><UnitTestResult executionId="2d9934f7-1ba9-4a20-b967-b8898f42b709" testId="d8063efc-84bc-4cd8-bf8b-ce74eea6c078" testName="PostFile_FileIsSynchronizedIsUpdatedAfterFileIsPosted" computerName="VECTOR" duration="00:00:00.4150000" startTime="2018-08-24T08:49:53.0364958-04:00" endTime="2018-08-24T08:49:53.0365019-04:00" testType="13cdc9d9-ddb5-4fa4-a97d-d965ccfc6d4b" outcome="Passed" testListId="8c84fa94-04c1-424b-9868-57a2d4851a1d" relativeResultsDirectory="2d9934f7-1ba9-4a20-b967-b8898f42b709" /><UnitTestResult executionId="77495b7c-9bd7-4aeb-b59e-15b3e560fdb1" testId="34e37ded-6f83-4dc3-95f1-502651c2f421" testName="PutFile_FileCanBeUpdated" computerName="VECTOR" duration="00:00:00.4660000" startTime="2018-08-24T08:49:50.3954548-04:00" endTime="2018-08-24T08:49:50.3954611-04:00" testType="13cdc9d9-ddb5-4fa4-a97d-d965ccfc6d4b" outcome="Passed" testListId="8c84fa94-04c1-424b-9868-57a2d4851a1d" relativeResultsDirectory="77495b7c-9bd7-4aeb-b59e-15b3e560fdb1" /><UnitTestResult executionId="ad792304-e254-4f9a-afd8-688367b7fea5" testId="ee1c3a76-f332-4053-a38b-a100719b0a04" testName="Patch_InvalidReferencePropertyReturnsBadRequest" computerName="VECTOR" duration="00:00:00.0400000" startTime="2018-08-24T08:49:47.2191836-04:00" endTime="2018-08-24T08:49:47.2191897-04:00" testType="13cdc9d9-ddb5-4fa4-a97d-d965ccfc6d4b" outcome="Passed" testListId="8c84fa94-04c1-424b-9868-57a2d4851a1d" relativeResultsDirectory="ad792304-e254-4f9a-afd8-688367b7fea5" /><UnitTestResult executionId="0deb859e-eb63-48eb-afeb-6129e1aa63c4" testId="e5b9c886-ee38-417f-8434-a6fa6340fcfb" testName="Patch_InvalidPropertyNameReturnsBadRequest" computerName="VECTOR" duration="00:00:00.0280000" startTime="2018-08-24T08:49:26.1748070-04:00" endTime="2018-08-24T08:49:26.1748124-04:00" testType="13cdc9d9-ddb5-4fa4-a97d-d965ccfc6d4b" outcome="Passed" testListId="8c84fa94-04c1-424b-9868-57a2d4851a1d" relativeResultsDirectory="0deb859e-eb63-48eb-afeb-6129e1aa63c4" /><UnitTestResult executionId="503dc5d0-5b62-469d-8c64-e6b5bf2916ec" testId="5fe5d49f-cf68-42c2-9082-080d4b6f6668" testName="Patch_InvalidEnumPropertyValueReturnsBadRequest" computerName="VECTOR" duration="00:00:00.0380000" startTime="2018-08-24T08:49:32.2277185-04:00" endTime="2018-08-24T08:49:32.2277293-04:00" testType="13cdc9d9-ddb5-4fa4-a97d-d965ccfc6d4b" outcome="Passed" testListId="8c84fa94-04c1-424b-9868-57a2d4851a1d" relativeResultsDirectory="503dc5d0-5b62-469d-8c64-e6b5bf2916ec" /><UnitTestResult executionId="5f6494b5-f220-40db-a8fe-ee92bf5e0179" testId="5e46d60d-9722-4c1f-a92a-d48b8d73f717" testName="Patch_MultipleInvalidReferencePropertiesReturnsMultipleValidationErrorsAndBadRequest" computerName="VECTOR" duration="00:00:00.0310000" startTime="2018-08-24T08:49:47.2503180-04:00" endTime="2018-08-24T08:49:47.2503251-04:00" testType="13cdc9d9-ddb5-4fa4-a97d-d965ccfc6d4b" outcome="Passed" testListId="8c84fa94-04c1-424b-9868-57a2d4851a1d" relativeResultsDirectory="5f6494b5-f220-40db-a8fe-ee92bf5e0179" /><UnitTestResult executionId="37d1e23d-7bca-47f7-8f66-2432debe3f06" testId="0eb650fe-f3d3-41e7-a8fb-a29fd666828b" testName="Patch_InvalidIdPropertyReturnsNotFound" computerName="VECTOR" duration="00:00:00.0170000" startTime="2018-08-24T08:49:20.6562255-04:00" endTime="2018-08-24T08:49:20.6562306-04:00" testType="13cdc9d9-ddb5-4fa4-a97d-d965ccfc6d4b" outcome="Passed" testListId="8c84fa94-04c1-424b-9868-57a2d4851a1d" relativeResultsDirectory="37d1e23d-7bca-47f7-8f66-2432debe3f06" /><UnitTestResult executionId="9ef02612-1cc3-4d8f-93aa-c33463dd4cb3" testId="558d677c-6649-4cd2-a1cd-19a596849123" testName="Post_ValidReferencePropertyCreatesModel" computerName="VECTOR" duration="00:00:00.0130000" startTime="2018-08-24T08:49:19.1165293-04:00" endTime="2018-08-24T08:49:19.1165326-04:00" testType="13cdc9d9-ddb5-4fa4-a97d-d965ccfc6d4b" outcome="Passed" testListId="8c84fa94-04c1-424b-9868-57a2d4851a1d" relativeResultsDirectory="9ef02612-1cc3-4d8f-93aa-c33463dd4cb3" /><UnitTestResult executionId="20d55221-411d-4807-99fe-65085151d47b" testId="7080d533-0be5-4536-97a6-3290e3bece28" testName="GetSingle_InvalidIdPropertyValueReturnsNotFound" computerName="VECTOR" duration="00:00:00.0240000" startTime="2018-08-24T08:49:21.9875036-04:00" endTime="2018-08-24T08:49:21.9875178-04:00" testType="13cdc9d9-ddb5-4fa4-a97d-d965ccfc6d4b" outcome="Passed" testListId="8c84fa94-04c1-424b-9868-57a2d4851a1d" relativeResultsDirectory="20d55221-411d-4807-99fe-65085151d47b" /><UnitTestResult executionId="7ed13a02-b7ec-40bb-b2fd-373a8f421b17" testId="9552413d-54c8-4db5-b5a3-948eb08670d2" testName="GetSingle_InvalidIdPropertyValueReturnsNotFound" computerName="VECTOR" duration="00:00:00.0170000" startTime="2018-08-24T08:49:54.4517991-04:00" endTime="2018-08-24T08:49:54.4518054-04:00" testType="13cdc9d9-ddb5-4fa4-a97d-d965ccfc6d4b" outcome="Passed" testListId="8c84fa94-04c1-424b-9868-57a2d4851a1d" relativeResultsDirectory="7ed13a02-b7ec-40bb-b2fd-373a8f421b17" /><UnitTestResult executionId="1b266c40-0de2-4c41-a0d2-d36ddbca8539" testId="e9d94671-ab63-4494-9278-884ae2da8323" testName="Patch_InvalidIdPropertyReturnsNotFound" computerName="VECTOR" duration="00:00:00.0270000" startTime="2018-08-24T08:49:46.1663612-04:00" endTime="2018-08-24T08:49:46.1663674-04:00" testType="13cdc9d9-ddb5-4fa4-a97d-d965ccfc6d4b" outcome="Passed" testListId="8c84fa94-04c1-424b-9868-57a2d4851a1d" relativeResultsDirectory="1b266c40-0de2-4c41-a0d2-d36ddbca8539" /><UnitTestResult executionId="ef1d63ff-3095-43c8-b999-a6faa9cffccb" testId="a6c32349-c10e-4fc1-86de-de9cbbe19356" testName="CameraHasExpectedDependentFiles" computerName="VECTOR" duration="00:00:00.0010000" startTime="2018-08-24T08:49:18.3559992-04:00" endTime="2018-08-24T08:49:18.3560061-04:00" testType="13cdc9d9-ddb5-4fa4-a97d-d965ccfc6d4b" outcome="Passed" testListId="8c84fa94-04c1-424b-9868-57a2d4851a1d" relativeResultsDirectory="ef1d63ff-3095-43c8-b999-a6faa9cffccb" /><UnitTestResult executionId="9831a23e-3bb5-45ec-87cb-0fa62c4ccd2d" testId="5be5cc34-6834-437c-8206-01a8e691a3aa" testName="FileRequest_MeshIsInvalidatedAfterDepthBufferFileBecomesUnsynchronized" computerName="VECTOR" duration="00:00:03.0980000" startTime="2018-08-24T08:49:36.9220609-04:00" endTime="2018-08-24T08:49:36.9220703-04:00" testType="13cdc9d9-ddb5-4fa4-a97d-d965ccfc6d4b" outcome="Passed" testListId="8c84fa94-04c1-424b-9868-57a2d4851a1d" relativeResultsDirectory="9831a23e-3bb5-45ec-87cb-0fa62c4ccd2d" /><UnitTestResult executionId="e9dccac9-b7b5-44b9-87c6-7a1e36187b51" testId="25ad88ed-be69-478b-b041-7205a5af6f20" testName="Patch_TargetPropertyIsUpdated" computerName="VECTOR" duration="00:00:00.3830000" startTime="2018-08-24T08:49:46.7458337-04:00" endTime="2018-08-24T08:49:46.7458397-04:00" testType="13cdc9d9-ddb5-4fa4-a97d-d965ccfc6d4b" outcome="Passed" testListId="8c84fa94-04c1-424b-9868-57a2d4851a1d" relativeResultsDirectory="e9dccac9-b7b5-44b9-87c6-7a1e36187b51" /><UnitTestResult executionId="1396ba1b-fb95-45f8-9157-9dc5d9228a11" testId="465dd99e-1bfa-43eb-b395-f105324553c7" testName="GetList_ListReturnsCorrectCount" computerName="VECTOR" duration="00:00:00.0240000" startTime="2018-08-24T08:49:22.9901700-04:00" endTime="2018-08-24T08:49:22.9901765-04:00" testType="13cdc9d9-ddb5-4fa4-a97d-d965ccfc6d4b" outcome="Passed" testListId="8c84fa94-04c1-424b-9868-57a2d4851a1d" relativeResultsDirectory="1396ba1b-fb95-45f8-9157-9dc5d9228a11" /><UnitTestResult executionId="568069b9-bfdd-4c1c-9556-796d86203298" testId="03a04df2-d154-425f-9587-70dbe8436570" testName="GetFile_NonExistentFileReturnsNotFound" computerName="VECTOR" duration="00:00:00.0260000" startTime="2018-08-24T08:49:52.3218787-04:00" endTime="2018-08-24T08:49:52.3218842-04:00" testType="13cdc9d9-ddb5-4fa4-a97d-d965ccfc6d4b" outcome="Passed" testListId="8c84fa94-04c1-424b-9868-57a2d4851a1d" relativeResultsDirectory="568069b9-bfdd-4c1c-9556-796d86203298" /><UnitTestResult executionId="dfb9c785-ddc8-4067-adc0-2d42cbe87ff3" testId="bcd4c40e-a55b-4cb9-a23a-2f8519a3354d" testName="Model3dHasExpectedDependentFiles" computerName="VECTOR" duration="00:00:00.0360000" startTime="2018-08-24T08:49:17.9315135-04:00" endTime="2018-08-24T08:49:17.9315204-04:00" testType="13cdc9d9-ddb5-4fa4-a97d-d965ccfc6d4b" outcome="Passed" testListId="8c84fa94-04c1-424b-9868-57a2d4851a1d" relativeResultsDirectory="dfb9c785-ddc8-4067-adc0-2d42cbe87ff3" /><UnitTestResult executionId="11df61c4-e76a-4d7b-a5ff-f369406b7d14" testId="14fae07e-48f3-4980-8e29-312a6e377c0f" testName="Post_CanCreateNewModel" computerName="VECTOR" duration="00:00:00.2180000" startTime="2018-08-24T08:49:20.1321697-04:00" endTime="2018-08-24T08:49:20.1321764-04:00" testType="13cdc9d9-ddb5-4fa4-a97d-d965ccfc6d4b" outcome="Passed" testListId="8c84fa94-04c1-424b-9868-57a2d4851a1d" relativeResultsDirectory="11df61c4-e76a-4d7b-a5ff-f369406b7d14" /><UnitTestResult executionId="5d9af0ec-9fd1-4fa0-a7ad-78fe220c5452" testId="d61ce280-62c5-40d8-ba83-82a24fe9e8e3" testName="Patch_MultipleInvalidReferencePropertiesReturnsMultipleValidationErrorsAndBadRequest" computerName="VECTOR" duration="00:00:00.0340000" startTime="2018-08-24T08:49:26.4833361-04:00" endTime="2018-08-24T08:49:26.4833392-04:00" testType="13cdc9d9-ddb5-4fa4-a97d-d965ccfc6d4b" outcome="Passed" testListId="8c84fa94-04c1-424b-9868-57a2d4851a1d" relativeResultsDirectory="5d9af0ec-9fd1-4fa0-a7ad-78fe220c5452" /><UnitTestResult executionId="0a1c4aea-25b2-420d-bdea-e268846e9d8c" testId="c77ff8df-063f-46da-8131-5ce5414667f9" testName="Put_CanUpdateModel" computerName="VECTOR" duration="00:00:00.3490000" startTime="2018-08-24T08:49:20.5885640-04:00" endTime="2018-08-24T08:49:20.5885708-04:00" testType="13cdc9d9-ddb5-4fa4-a97d-d965ccfc6d4b" outcome="Passed" testListId="8c84fa94-04c1-424b-9868-57a2d4851a1d" relativeResultsDirectory="0a1c4aea-25b2-420d-bdea-e268846e9d8c" /><UnitTestResult executionId="1629989e-7adf-4588-b4ed-514da1cf40e6" testId="57c39f9d-f5cb-4d26-beb0-c669fa2eaa71" testName="Delete_TargetModelIsDeleted" computerName="VECTOR" duration="00:00:00.1700000" startTime="2018-08-24T08:49:46.1391724-04:00" endTime="2018-08-24T08:49:46.1391786-04:00" testType="13cdc9d9-ddb5-4fa4-a97d-d965ccfc6d4b" outcome="Passed" testListId="8c84fa94-04c1-424b-9868-57a2d4851a1d" relativeResultsDirectory="1629989e-7adf-4588-b4ed-514da1cf40e6" /><UnitTestResult executionId="ac1553a7-1000-408f-9f53-4722cbd669e9" testId="8ed8578c-d108-438c-9d71-ff4d2113048c" testName="Patch_TargetPropertyIsUpdated" computerName="VECTOR" duration="00:00:00.3300000" startTime="2018-08-24T08:49:19.8825840-04:00" endTime="2018-08-24T08:49:19.8825989-04:00" testType="13cdc9d9-ddb5-4fa4-a97d-d965ccfc6d4b" outcome="Passed" testListId="8c84fa94-04c1-424b-9868-57a2d4851a1d" relativeResultsDirectory="ac1553a7-1000-408f-9f53-4722cbd669e9" /><UnitTestResult executionId="d314029e-ff9c-4dae-aa2e-8f99f1fa65c9" testId="a59a5618-0ec8-44d7-a3f4-c5441466e3b4" testName="Patch_TargetPropertyIsUpdated" computerName="VECTOR" duration="00:00:00.4900000" startTime="2018-08-24T08:49:21.5069419-04:00" endTime="2018-08-24T08:49:21.5069480-04:00" testType="13cdc9d9-ddb5-4fa4-a97d-d965ccfc6d4b" outcome="Passed" testListId="8c84fa94-04c1-424b-9868-57a2d4851a1d" relativeResultsDirectory="d314029e-ff9c-4dae-aa2e-8f99f1fa65c9" /><UnitTestResult executionId="4899122b-afe5-4026-a9ca-cc45c0623865" testId="5a95cef0-6c81-4c2c-aa84-c526587e6452" testName="Put_ValidReferencePropertyUpdatesModel" computerName="VECTOR" duration="00:00:00.4330000" startTime="2018-08-24T08:49:47.1789309-04:00" endTime="2018-08-24T08:49:47.1789374-04:00" testType="13cdc9d9-ddb5-4fa4-a97d-d965ccfc6d4b" outcome="Passed" testListId="8c84fa94-04c1-424b-9868-57a2d4851a1d" relativeResultsDirectory="4899122b-afe5-4026-a9ca-cc45c0623865" /><UnitTestResult executionId="cd312562-598b-4e7b-b039-268e5993d7ed" testId="9d8b7027-78f7-4206-a666-17b3f58d3d3b" testName="Put_InvalidReferencePropertyReturndBadRequest" computerName="VECTOR" duration="00:00:00.0290000" startTime="2018-08-24T08:49:27.5444500-04:00" endTime="2018-08-24T08:49:27.5444561-04:00" testType="13cdc9d9-ddb5-4fa4-a97d-d965ccfc6d4b" outcome="Passed" testListId="8c84fa94-04c1-424b-9868-57a2d4851a1d" relativeResultsDirectory="cd312562-598b-4e7b-b039-268e5993d7ed" /><UnitTestResult executionId="1a364792-9c29-4d60-85e9-3daa68100f01" testId="bea7cd08-8f51-44d0-a31d-918549c65e36" testName="Post_ValidReferencePropertyCreatesModel" computerName="VECTOR" duration="00:00:00.1630000" startTime="2018-08-24T08:49:55.0778164-04:00" endTime="2018-08-24T08:49:55.0778223-04:00" testType="13cdc9d9-ddb5-4fa4-a97d-d965ccfc6d4b" outcome="Passed" testListId="8c84fa94-04c1-424b-9868-57a2d4851a1d" relativeResultsDirectory="1a364792-9c29-4d60-85e9-3daa68100f01" /><UnitTestResult executionId="231322ff-4caa-4a6b-ad5c-9896308364d3" testId="50219e6c-5213-4a17-a7f0-595a85078f51" testName="FileRequest_FileCanBeReadAfterRename" computerName="VECTOR" duration="00:00:00.4490000" startTime="2018-08-24T08:49:45.8207145-04:00" endTime="2018-08-24T08:49:45.8207207-04:00" testType="13cdc9d9-ddb5-4fa4-a97d-d965ccfc6d4b" outcome="Passed" testListId="8c84fa94-04c1-424b-9868-57a2d4851a1d" relativeResultsDirectory="231322ff-4caa-4a6b-ad5c-9896308364d3" /><UnitTestResult executionId="98a726c4-d064-4715-95e2-e7b0049300a9" testId="e5fde1bc-cf19-4dee-b683-020528129eb0" testName="Patch_InvalidEnumPropertyValueReturnsBadRequest" computerName="VECTOR" duration="00:00:00.0190000" startTime="2018-08-24T08:49:23.0101559-04:00" endTime="2018-08-24T08:49:23.0101600-04:00" testType="13cdc9d9-ddb5-4fa4-a97d-d965ccfc6d4b" outcome="Passed" testListId="8c84fa94-04c1-424b-9868-57a2d4851a1d" relativeResultsDirectory="98a726c4-d064-4715-95e2-e7b0049300a9" /><UnitTestResult executionId="2476c046-bb6d-4ea0-8af2-b9ef66eaeac1" testId="1dc86aef-7ff6-4b04-811e-d4b9b9d0c605" testName="GetSingle_ValidIdPropertyValueReturnsCorrectModel" computerName="VECTOR" duration="00:00:00.0160000" startTime="2018-08-24T08:49:28.8694583-04:00" endTime="2018-08-24T08:49:28.8694622-04:00" testType="13cdc9d9-ddb5-4fa4-a97d-d965ccfc6d4b" outcome="Passed" testListId="8c84fa94-04c1-424b-9868-57a2d4851a1d" relativeResultsDirectory="2476c046-bb6d-4ea0-8af2-b9ef66eaeac1" /><UnitTestResult executionId="eb7213ad-c064-4b09-baae-3eb8d279a634" testId="2efcf2c5-5f65-4569-8ee4-68f10b64e9ef" testName="Patch_ValidReferencePropertyUpdatesModel" computerName="VECTOR" duration="00:00:00.2850000" startTime="2018-08-24T08:49:22.3735741-04:00" endTime="2018-08-24T08:49:22.3735805-04:00" testType="13cdc9d9-ddb5-4fa4-a97d-d965ccfc6d4b" outcome="Passed" testListId="8c84fa94-04c1-424b-9868-57a2d4851a1d" relativeResultsDirectory="eb7213ad-c064-4b09-baae-3eb8d279a634" /><UnitTestResult executionId="a666b540-4fab-4496-9e57-f13116237d3d" testId="9cb7d086-9c2f-473b-b2dd-4aac1c51fef6" testName="GetSingle_InvalidIdPropertyValueReturnsNotFound" computerName="VECTOR" duration="00:00:00.0230000" startTime="2018-08-24T08:49:28.8525271-04:00" endTime="2018-08-24T08:49:28.8525333-04:00" testType="13cdc9d9-ddb5-4fa4-a97d-d965ccfc6d4b" outcome="Passed" testListId="8c84fa94-04c1-424b-9868-57a2d4851a1d" relativeResultsDirectory="a666b540-4fab-4496-9e57-f13116237d3d" /><UnitTestResult executionId="1684bae0-88b5-4182-8122-d1c1c71b3b85" testId="d8bd2be4-f94b-42a2-af0d-4e13454936d4" testName="Post_InvalidReferencePropertyReturnsBadRequest" computerName="VECTOR" duration="00:00:00.0180000" startTime="2018-08-24T08:49:28.8876601-04:00" endTime="2018-08-24T08:49:28.8876647-04:00" testType="13cdc9d9-ddb5-4fa4-a97d-d965ccfc6d4b" outcome="Passed" testListId="8c84fa94-04c1-424b-9868-57a2d4851a1d" relativeResultsDirectory="1684bae0-88b5-4182-8122-d1c1c71b3b85" /><UnitTestResult executionId="cf2ee29d-f16b-45e9-9f36-50b5064afa6a" testId="d907d04c-4789-4c2d-b466-eefe3e56f2d2" testName="Put_InvalidIdReturnsNotFound" computerName="VECTOR" duration="00:00:00.0600000" startTime="2018-08-24T08:49:20.1925296-04:00" endTime="2018-08-24T08:49:20.1925363-04:00" testType="13cdc9d9-ddb5-4fa4-a97d-d965ccfc6d4b" outcome="Passed" testListId="8c84fa94-04c1-424b-9868-57a2d4851a1d" relativeResultsDirectory="cf2ee29d-f16b-45e9-9f36-50b5064afa6a" /><UnitTestResult executionId="3b0b6023-f56f-4263-9d6f-a86775e52ce3" testId="002a3b8f-0188-4f6d-8b05-09bb36121219" testName="Patch_MultipleInvalidReferencePropertiesReturnsMultipleValidationErrorsAndBadRequest" computerName="VECTOR" duration="00:00:00.0500000" startTime="2018-08-24T08:49:22.9659396-04:00" endTime="2018-08-24T08:49:22.9659455-04:00" testType="13cdc9d9-ddb5-4fa4-a97d-d965ccfc6d4b" outcome="Passed" testListId="8c84fa94-04c1-424b-9868-57a2d4851a1d" relativeResultsDirectory="3b0b6023-f56f-4263-9d6f-a86775e52ce3" /><UnitTestResult executionId="b365dff0-c84f-4372-b264-38948b16f56b" testId="b62fe6fc-1ac3-48d0-9843-399e193641bf" testName="Post_ValidReferencePropertyCreatesModel" computerName="VECTOR" duration="00:00:00.2240000" startTime="2018-08-24T08:49:33.1140107-04:00" endTime="2018-08-24T08:49:33.1140169-04:00" testType="13cdc9d9-ddb5-4fa4-a97d-d965ccfc6d4b" outcome="Passed" testListId="8c84fa94-04c1-424b-9868-57a2d4851a1d" relativeResultsDirectory="b365dff0-c84f-4372-b264-38948b16f56b" /><UnitTestResult executionId="69376c89-ef23-49d3-a4c2-e8c6f844d16f" testId="fe8751ba-115b-44e4-bc70-f85bdca150a5" testName="Put_InvalidIdReturnsNotFound" computerName="VECTOR" duration="00:00:00.0470000" startTime="2018-08-24T08:49:22.0348574-04:00" endTime="2018-08-24T08:49:22.0348625-04:00" testType="13cdc9d9-ddb5-4fa4-a97d-d965ccfc6d4b" outcome="Passed" testListId="8c84fa94-04c1-424b-9868-57a2d4851a1d" relativeResultsDirectory="69376c89-ef23-49d3-a4c2-e8c6f844d16f" /><UnitTestResult executionId="fc8b6cdf-9c36-497c-aab7-a5eefb641c90" testId="f8195c3c-6ab7-49e8-82ce-5326012b051e" testName="Put_InvalidIdReturnsNotFound" computerName="VECTOR" duration="00:00:00.0320000" startTime="2018-08-24T08:49:47.3362669-04:00" endTime="2018-08-24T08:49:47.3362723-04:00" testType="13cdc9d9-ddb5-4fa4-a97d-d965ccfc6d4b" outcome="Passed" testListId="8c84fa94-04c1-424b-9868-57a2d4851a1d" relativeResultsDirectory="fc8b6cdf-9c36-497c-aab7-a5eefb641c90" /><UnitTestResult executionId="bac34131-f1ac-4b68-8601-93d93fb767ab" testId="79a1ebaf-10f8-4fe6-b42d-4184192da288" testName="Post_InvalidReferencePropertyReturnsBadRequest" computerName="VECTOR" duration="00:00:00.0260000" startTime="2018-08-24T08:49:47.2766502-04:00" endTime="2018-08-24T08:49:47.2766565-04:00" testType="13cdc9d9-ddb5-4fa4-a97d-d965ccfc6d4b" outcome="Passed" testListId="8c84fa94-04c1-424b-9868-57a2d4851a1d" relativeResultsDirectory="bac34131-f1ac-4b68-8601-93d93fb767ab" /><UnitTestResult executionId="e908c1dd-6f65-4e0b-b62f-4fb5b571aadb" testId="17db03bc-f9c8-4f3c-861a-710ebad0270b" testName="Patch_InvalidEnumPropertyValueReturnsBadRequest" computerName="VECTOR" duration="00:00:00.0140000" startTime="2018-08-24T08:49:20.2236444-04:00" endTime="2018-08-24T08:49:20.2236473-04:00" testType="13cdc9d9-ddb5-4fa4-a97d-d965ccfc6d4b" outcome="Passed" testListId="8c84fa94-04c1-424b-9868-57a2d4851a1d" relativeResultsDirectory="e908c1dd-6f65-4e0b-b62f-4fb5b571aadb" /><UnitTestResult executionId="1566fda3-1d03-4fe7-9e09-b7c550f24129" testId="310ddd72-0b24-4092-b171-e71e06c43fb6" testName="PostFile_NewFileCanBePosted" computerName="VECTOR" duration="00:00:00.3060000" startTime="2018-08-24T08:49:25.5216322-04:00" endTime="2018-08-24T08:49:25.5216387-04:00" testType="13cdc9d9-ddb5-4fa4-a97d-d965ccfc6d4b" outcome="Passed" testListId="8c84fa94-04c1-424b-9868-57a2d4851a1d" relativeResultsDirectory="1566fda3-1d03-4fe7-9e09-b7c550f24129" /><UnitTestResult executionId="447dc996-e5a7-47ad-be32-7c127e1291de" testId="eaa797ef-cf4d-4aa6-b1d7-ad2a418db0d5" testName="FileRequest_FileCanBeReadAfterRename" computerName="VECTOR" duration="00:00:00.5590000" startTime="2018-08-24T08:49:25.2149894-04:00" endTime="2018-08-24T08:49:25.2149958-04:00" testType="13cdc9d9-ddb5-4fa4-a97d-d965ccfc6d4b" outcome="Passed" testListId="8c84fa94-04c1-424b-9868-57a2d4851a1d" relativeResultsDirectory="447dc996-e5a7-47ad-be32-7c127e1291de" /><UnitTestResult executionId="3a0fbcf6-4840-4e33-a6e6-9a732d489b3f" testId="3cbe0efa-c14a-46db-8329-d53c28a27ac8" testName="Post_ValidReferencePropertyCreatesModel" computerName="VECTOR" duration="00:00:00.2480000" startTime="2018-08-24T08:49:47.9269577-04:00" endTime="2018-08-24T08:49:47.9269641-04:00" testType="13cdc9d9-ddb5-4fa4-a97d-d965ccfc6d4b" outcome="Passed" testListId="8c84fa94-04c1-424b-9868-57a2d4851a1d" relativeResultsDirectory="3a0fbcf6-4840-4e33-a6e6-9a732d489b3f" /><UnitTestResult executionId="a5c6a3c0-45fb-40b8-8817-8cccc7bb3072" testId="75195838-5cef-4c42-a68c-59f9c27199ac" testName="Post_ValidReferencePropertyCreatesModel" computerName="VECTOR" duration="00:00:00.3260000" startTime="2018-08-24T08:49:27.5148012-04:00" endTime="2018-08-24T08:49:27.5148077-04:00" testType="13cdc9d9-ddb5-4fa4-a97d-d965ccfc6d4b" outcome="Passed" testListId="8c84fa94-04c1-424b-9868-57a2d4851a1d" relativeResultsDirectory="a5c6a3c0-45fb-40b8-8817-8cccc7bb3072" /><UnitTestResult executionId="a28ebb47-2bd5-4deb-9a67-db57c1c942d5" testId="8083a694-86ad-430d-9fba-06104fb6479b" testName="Patch_InvalidIdPropertyReturnsNotFound" computerName="VECTOR" duration="00:00:00.0150000" startTime="2018-08-24T08:49:27.5597685-04:00" endTime="2018-08-24T08:49:27.5597720-04:00" testType="13cdc9d9-ddb5-4fa4-a97d-d965ccfc6d4b" outcome="Passed" testListId="8c84fa94-04c1-424b-9868-57a2d4851a1d" relativeResultsDirectory="a28ebb47-2bd5-4deb-9a67-db57c1c942d5" /><UnitTestResult executionId="7f93078e-bdb3-4c77-84bb-f31bae7a1744" testId="7b8f8677-75b3-4e86-918d-24a92420dae3" testName="Post_CanCreateNewModel" computerName="VECTOR" duration="00:00:00.1980000" startTime="2018-08-24T08:49:26.6817094-04:00" endTime="2018-08-24T08:49:26.6817157-04:00" testType="13cdc9d9-ddb5-4fa4-a97d-d965ccfc6d4b" outcome="Passed" testListId="8c84fa94-04c1-424b-9868-57a2d4851a1d" relativeResultsDirectory="7f93078e-bdb3-4c77-84bb-f31bae7a1744" /><UnitTestResult executionId="13ba6f8a-42e1-447f-a5f3-d8af278cd5d8" testId="88f855cf-427c-4435-bd39-bd0599a48ba1" testName="Patch_MultipleInvalidReferencePropertiesReturnsMultipleValidationErrorsAndBadRequest" computerName="VECTOR" duration="00:00:00.0440000" startTime="2018-08-24T08:49:55.1227376-04:00" endTime="2018-08-24T08:49:55.1227438-04:00" testType="13cdc9d9-ddb5-4fa4-a97d-d965ccfc6d4b" outcome="Passed" testListId="8c84fa94-04c1-424b-9868-57a2d4851a1d" relativeResultsDirectory="13ba6f8a-42e1-447f-a5f3-d8af278cd5d8" /><UnitTestResult executionId="ecb4a3f0-e786-4318-a037-e19f12c09378" testId="7b70e279-1de8-4343-a0a1-1b3c5162e48f" testName="GetFile_FileCanBeRoundTripped" computerName="VECTOR" duration="00:00:00.3430000" startTime="2018-08-24T08:49:25.8653607-04:00" endTime="2018-08-24T08:49:25.8653676-04:00" testType="13cdc9d9-ddb5-4fa4-a97d-d965ccfc6d4b" outcome="Passed" testListId="8c84fa94-04c1-424b-9868-57a2d4851a1d" relativeResultsDirectory="ecb4a3f0-e786-4318-a037-e19f12c09378" /><UnitTestResult executionId="3f40dd2f-06a4-4627-a599-0d7cfd11c1c9" testId="c353348d-7735-4a6c-a3d5-e3089faa46d5" testName="LucyDepthBufferFindsOneDependent" computerName="VECTOR" duration="00:00:00.0050000" startTime="2018-08-24T08:49:18.3619543-04:00" endTime="2018-08-24T08:49:18.3619570-04:00" testType="13cdc9d9-ddb5-4fa4-a97d-d965ccfc6d4b" outcome="Passed" testListId="8c84fa94-04c1-424b-9868-57a2d4851a1d" relativeResultsDirectory="3f40dd2f-06a4-4627-a599-0d7cfd11c1c9" /><UnitTestResult executionId="a6b67dcf-90b8-4e22-ba53-802d9bf7f7ae" testId="90931c65-d74c-4c9c-8676-825ba790f9c5" testName="GetSingle_InvalidIdPropertyValueReturnsNotFound" computerName="VECTOR" duration="00:00:00.0250000" startTime="2018-08-24T08:49:32.8205567-04:00" endTime="2018-08-24T08:49:32.8205624-04:00" testType="13cdc9d9-ddb5-4fa4-a97d-d965ccfc6d4b" outcome="Passed" testListId="8c84fa94-04c1-424b-9868-57a2d4851a1d" relativeResultsDirectory="a6b67dcf-90b8-4e22-ba53-802d9bf7f7ae" /><UnitTestResult executionId="9cd3a84c-78ca-4e90-8b1d-0d93e8f2b798" testId="b91bc8ab-4ffa-4c0f-be7c-05b803181531" testName="GetList_ListReturnsCorrectCount" computerName="VECTOR" duration="00:00:00.0270000" startTime="2018-08-24T08:49:20.6162744-04:00" endTime="2018-08-24T08:49:20.6162806-04:00" testType="13cdc9d9-ddb5-4fa4-a97d-d965ccfc6d4b" outcome="Passed" testListId="8c84fa94-04c1-424b-9868-57a2d4851a1d" relativeResultsDirectory="9cd3a84c-78ca-4e90-8b1d-0d93e8f2b798" /><UnitTestResult executionId="f6d87a29-97cc-4d4d-bfa6-78a8024719a2" testId="f7a6d175-ff5f-4343-a865-c35c6fc9e6bb" testName="GetList_ListReturnsCorrectCount" computerName="VECTOR" duration="00:00:00.0210000" startTime="2018-08-24T08:49:26.7495429-04:00" endTime="2018-08-24T08:49:26.7495482-04:00" testType="13cdc9d9-ddb5-4fa4-a97d-d965ccfc6d4b" outcome="Passed" testListId="8c84fa94-04c1-424b-9868-57a2d4851a1d" relativeResultsDirectory="f6d87a29-97cc-4d4d-bfa6-78a8024719a2" /><UnitTestResult executionId="09b84165-f171-4121-94fd-f1b6cda1e813" testId="a9ab6207-3842-472c-b5e8-5c6fe8ae5553" testName="Put_InvalidReferencePropertyReturndBadRequest" computerName="VECTOR" duration="00:00:00.0310000" startTime="2018-08-24T08:49:23.4927628-04:00" endTime="2018-08-24T08:49:23.4927671-04:00" testType="13cdc9d9-ddb5-4fa4-a97d-d965ccfc6d4b" outcome="Passed" testListId="8c84fa94-04c1-424b-9868-57a2d4851a1d" relativeResultsDirectory="09b84165-f171-4121-94fd-f1b6cda1e813" /><UnitTestResult executionId="2b529210-2b04-418c-aee6-08f169da1f76" testId="56e2c76b-446a-4c76-ad8f-52f54864ff70" testName="PostFile_FileTimeStampIsUpdatedAfterFileIsPosted" computerName="VECTOR" duration="00:00:01.4890000" startTime="2018-08-24T08:49:39.3029517-04:00" endTime="2018-08-24T08:49:39.3029581-04:00" testType="13cdc9d9-ddb5-4fa4-a97d-d965ccfc6d4b" outcome="Passed" testListId="8c84fa94-04c1-424b-9868-57a2d4851a1d" relativeResultsDirectory="2b529210-2b04-418c-aee6-08f169da1f76" /><UnitTestResult executionId="448c0df1-c8ce-4acf-892e-06e597ad2744" testId="080f5e0c-70a7-47ae-9858-d48fc058d3f2" testName="GetFile_ExistingFileReturnsSuccess" computerName="VECTOR" duration="00:00:00.0740000" startTime="2018-08-24T08:49:37.8135163-04:00" endTime="2018-08-24T08:49:37.8135237-04:00" testType="13cdc9d9-ddb5-4fa4-a97d-d965ccfc6d4b" outcome="Passed" testListId="8c84fa94-04c1-424b-9868-57a2d4851a1d" relativeResultsDirectory="448c0df1-c8ce-4acf-892e-06e597ad2744" /><UnitTestResult executionId="009a8314-efe0-4f53-89c6-4a52b3b1cfcc" testId="ee4039b1-8c5e-481c-8747-991c8e13cd89" testName="Delete_TargetModelIsDeleted" computerName="VECTOR" duration="00:00:00.2060000" startTime="2018-08-24T08:49:54.4026681-04:00" endTime="2018-08-24T08:49:54.4026741-04:00" testType="13cdc9d9-ddb5-4fa4-a97d-d965ccfc6d4b" outcome="Passed" testListId="8c84fa94-04c1-424b-9868-57a2d4851a1d" relativeResultsDirectory="009a8314-efe0-4f53-89c6-4a52b3b1cfcc" /><UnitTestResult executionId="6dcfa3e9-eb0d-4091-89e7-6b289e70a52a" testId="e9f9479c-5098-457f-9a27-69838d95207d" testName="Patch_ValidReferencePropertyUpdatesModel" computerName="VECTOR" duration="00:00:00.3920000" startTime="2018-08-24T08:49:27.9646495-04:00" endTime="2018-08-24T08:49:27.9646569-04:00" testType="13cdc9d9-ddb5-4fa4-a97d-d965ccfc6d4b" outcome="Passed" testListId="8c84fa94-04c1-424b-9868-57a2d4851a1d" relativeResultsDirectory="6dcfa3e9-eb0d-4091-89e7-6b289e70a52a" /><UnitTestResult executionId="f8624c86-dc6c-4ad1-9b59-f155dc76c369" testId="4fe77d00-3d95-4886-a621-b81c649f3496" testName="GetSingle_InvalidIdPropertyValueReturnsNotFound" computerName="VECTOR" duration="00:00:00.0150000" startTime="2018-08-24T08:49:20.2394508-04:00" endTime="2018-08-24T08:49:20.2394546-04:00" testType="13cdc9d9-ddb5-4fa4-a97d-d965ccfc6d4b" outcome="Passed" testListId="8c84fa94-04c1-424b-9868-57a2d4851a1d" relativeResultsDirectory="f8624c86-dc6c-4ad1-9b59-f155dc76c369" /><UnitTestResult executionId="5019711e-31f4-496b-aa1d-9b75309a72de" testId="47a101ae-66a5-4a13-93a9-0d3d993de4ee" testName="Post_InvalidPropertyValueReturnsBadRequest" computerName="VECTOR" duration="00:00:00.0230000" startTime="2018-08-24T08:49:33.4526040-04:00" endTime="2018-08-24T08:49:33.4526099-04:00" testType="13cdc9d9-ddb5-4fa4-a97d-d965ccfc6d4b" outcome="Passed" testListId="8c84fa94-04c1-424b-9868-57a2d4851a1d" relativeResultsDirectory="5019711e-31f4-496b-aa1d-9b75309a72de" /><UnitTestResult executionId="cb17fdbb-28f9-4d07-8f0f-eb0e6d88727c" testId="13dcc1f6-b9b0-4b5f-a77b-666de45fe3f8" testName="Patch_ValidReferencePropertyUpdatesModel" computerName="VECTOR" duration="00:00:01.0330000" startTime="2018-08-24T08:49:31.1229672-04:00" endTime="2018-08-24T08:49:31.1229735-04:00" testType="13cdc9d9-ddb5-4fa4-a97d-d965ccfc6d4b" outcome="Passed" testListId="8c84fa94-04c1-424b-9868-57a2d4851a1d" relativeResultsDirectory="cb17fdbb-28f9-4d07-8f0f-eb0e6d88727c" /><UnitTestResult executionId="bb131346-0149-4ebb-bc72-a9c7e2aac76e" testId="692b8e2a-cb2e-4be8-9aa8-56e0a482c606" testName="GetSingle_ValidIdPropertyValueReturnsCorrectModel" computerName="VECTOR" duration="00:00:00.0200000" startTime="2018-08-24T08:49:22.0876484-04:00" endTime="2018-08-24T08:49:22.0876591-04:00" testType="13cdc9d9-ddb5-4fa4-a97d-d965ccfc6d4b" outcome="Passed" testListId="8c84fa94-04c1-424b-9868-57a2d4851a1d" relativeResultsDirectory="bb131346-0149-4ebb-bc72-a9c7e2aac76e" /><UnitTestResult executionId="dac0215b-fe92-409b-adb5-e1082f919195" testId="93313fea-776b-4ec3-aae2-e647e4b9ffb7" testName="Delete_TargetModelIsDeleted" computerName="VECTOR" duration="00:00:00.4290000" startTime="2018-08-24T08:49:19.5518419-04:00" endTime="2018-08-24T08:49:19.5518483-04:00" testType="13cdc9d9-ddb5-4fa4-a97d-d965ccfc6d4b" outcome="Passed" testListId="8c84fa94-04c1-424b-9868-57a2d4851a1d" relativeResultsDirectory="dac0215b-fe92-409b-adb5-e1082f919195" /><UnitTestResult executionId="c3b6eaf7-ddf9-41de-a33d-7f3fe996f5ae" testId="5ce92f57-1fd3-4705-a402-60da030cce1e" testName="Post_InvalidPropertyValueReturnsBadRequest" computerName="VECTOR" duration="00:00:00.0150000" startTime="2018-08-24T08:49:22.0671204-04:00" endTime="2018-08-24T08:49:22.0671236-04:00" testType="13cdc9d9-ddb5-4fa4-a97d-d965ccfc6d4b" outcome="Passed" testListId="8c84fa94-04c1-424b-9868-57a2d4851a1d" relativeResultsDirectory="c3b6eaf7-ddf9-41de-a33d-7f3fe996f5ae" /><UnitTestResult executionId="8b941a68-6ffd-4393-af7c-efb89cdab357" testId="7cc7b4f8-99e9-4b08-8537-68a6b83bc200" testName="Post_InvalidReferencePropertyReturnsBadRequest" computerName="VECTOR" duration="00:00:00.0110000" startTime="2018-08-24T08:49:19.1221834-04:00" endTime="2018-08-24T08:49:19.1221864-04:00" testType="13cdc9d9-ddb5-4fa4-a97d-d965ccfc6d4b" outcome="Passed" testListId="8c84fa94-04c1-424b-9868-57a2d4851a1d" relativeResultsDirectory="8b941a68-6ffd-4393-af7c-efb89cdab357" /><UnitTestResult executionId="4b1184d5-f5be-455d-b67f-c225d50db30e" testId="fa1273e6-3d1e-4d65-9b7e-795f8f56e9ff" testName="Patch_InvalidIdPropertyReturnsNotFound" computerName="VECTOR" duration="00:00:00.0250000" startTime="2018-08-24T08:49:32.7946945-04:00" endTime="2018-08-24T08:49:32.7947006-04:00" testType="13cdc9d9-ddb5-4fa4-a97d-d965ccfc6d4b" outcome="Passed" testListId="8c84fa94-04c1-424b-9868-57a2d4851a1d" relativeResultsDirectory="4b1184d5-f5be-455d-b67f-c225d50db30e" /><UnitTestResult executionId="353b8862-89dd-4faa-9583-93b289bf6307" testId="a4409e90-00e1-476e-b3e1-9556ac6179eb" testName="Post_InvalidPropertyValueReturnsBadRequest" computerName="VECTOR" duration="00:00:00.0190000" startTime="2018-08-24T08:49:47.3559495-04:00" endTime="2018-08-24T08:49:47.3559554-04:00" testType="13cdc9d9-ddb5-4fa4-a97d-d965ccfc6d4b" outcome="Passed" testListId="8c84fa94-04c1-424b-9868-57a2d4851a1d" relativeResultsDirectory="353b8862-89dd-4faa-9583-93b289bf6307" /><UnitTestResult executionId="3b49f99f-c05f-45cc-9c34-dce88223dc1e" testId="9b576a5e-4ba6-4beb-ad3d-22f122d65f79" testName="FileRequest_DepthBufferIsInvalidatedAfterCameraDependencyPropertyChange" computerName="VECTOR" duration="00:00:01.2510000" startTime="2018-08-24T08:49:52.2952340-04:00" endTime="2018-08-24T08:49:52.2952403-04:00" testType="13cdc9d9-ddb5-4fa4-a97d-d965ccfc6d4b" outcome="Passed" testListId="8c84fa94-04c1-424b-9868-57a2d4851a1d" relativeResultsDirectory="3b49f99f-c05f-45cc-9c34-dce88223dc1e" /><UnitTestResult executionId="fb6c47ac-b081-4133-b505-6f187a503075" testId="96e61917-2164-4c62-ad5a-8db14551f50b" testName="Put_InvalidReferencePropertyReturndBadRequest" computerName="VECTOR" duration="00:00:00.0480000" startTime="2018-08-24T08:49:45.9685819-04:00" endTime="2018-08-24T08:49:45.9685875-04:00" testType="13cdc9d9-ddb5-4fa4-a97d-d965ccfc6d4b" outcome="Passed" testListId="8c84fa94-04c1-424b-9868-57a2d4851a1d" relativeResultsDirectory="fb6c47ac-b081-4133-b505-6f187a503075" /><UnitTestResult executionId="57fc06a6-fa1c-46a2-9486-8101479941dd" testId="884c9e40-0b55-46e7-b47c-6a6aa6b2027a" testName="MeshTransformHasExpectedDependentFiles" computerName="VECTOR" duration="00:00:00.0010000" startTime="2018-08-24T08:49:18.3567744-04:00" endTime="2018-08-24T08:49:18.3567797-04:00" testType="13cdc9d9-ddb5-4fa4-a97d-d965ccfc6d4b" outcome="Passed" testListId="8c84fa94-04c1-424b-9868-57a2d4851a1d" relativeResultsDirectory="57fc06a6-fa1c-46a2-9486-8101479941dd" /><UnitTestResult executionId="736c8b00-e575-4722-9c56-c89ddb824e6f" testId="fec0108b-78cf-4d25-b7e5-de647f89c91e" testName="GetFile_FileCanBeRoundTripped" computerName="VECTOR" duration="00:00:00.3500000" startTime="2018-08-24T08:49:37.2723632-04:00" endTime="2018-08-24T08:49:37.2723692-04:00" testType="13cdc9d9-ddb5-4fa4-a97d-d965ccfc6d4b" outcome="Passed" testListId="8c84fa94-04c1-424b-9868-57a2d4851a1d" relativeResultsDirectory="736c8b00-e575-4722-9c56-c89ddb824e6f" /><UnitTestResult executionId="d84ce562-2c39-4c27-ae6c-03932ccf857d" testId="32512ac3-7b1e-43a1-a246-d02e18aa9bea" testName="Patch_InvalidEnumPropertyValueReturnsBadRequest" computerName="VECTOR" duration="00:00:00.0100000" startTime="2018-08-24T08:49:54.4345171-04:00" endTime="2018-08-24T08:49:54.4345210-04:00" testType="13cdc9d9-ddb5-4fa4-a97d-d965ccfc6d4b" outcome="Passed" testListId="8c84fa94-04c1-424b-9868-57a2d4851a1d" relativeResultsDirectory="d84ce562-2c39-4c27-ae6c-03932ccf857d" /><UnitTestResult executionId="c5de460c-d75d-4124-962e-2d3f7170b868" testId="0870e6f6-d4d1-4422-a88a-484a0c3df528" testName="Patch_InvalidReferencePropertyReturnsBadRequest" computerName="VECTOR" duration="00:00:00.0410000" startTime="2018-08-24T08:49:32.7393514-04:00" endTime="2018-08-24T08:49:32.7393572-04:00" testType="13cdc9d9-ddb5-4fa4-a97d-d965ccfc6d4b" outcome="Passed" testListId="8c84fa94-04c1-424b-9868-57a2d4851a1d" relativeResultsDirectory="c5de460c-d75d-4124-962e-2d3f7170b868" /><UnitTestResult executionId="f2f6afff-8868-4fcf-94ee-7a6d853c2ca6" testId="261f27c1-06e6-4fd4-af83-90a5d67cdd68" testName="PostFile_FileIsSynchronizedIsUpdatedAfterFileIsPosted" computerName="VECTOR" duration="00:00:00.3740000" startTime="2018-08-24T08:49:45.3710746-04:00" endTime="2018-08-24T08:49:45.3710809-04:00" testType="13cdc9d9-ddb5-4fa4-a97d-d965ccfc6d4b" outcome="Passed" testListId="8c84fa94-04c1-424b-9868-57a2d4851a1d" relativeResultsDirectory="f2f6afff-8868-4fcf-94ee-7a6d853c2ca6" /><UnitTestResult executionId="0b18a304-f0f7-4530-8c99-f420bbd429df" testId="f171ba0b-56cb-4aad-9e16-863d32bbd85d" testName="Post_CanCreateNewModel" computerName="VECTOR" duration="00:00:00.1830000" startTime="2018-08-24T08:49:32.6973355-04:00" endTime="2018-08-24T08:49:32.6973416-04:00" testType="13cdc9d9-ddb5-4fa4-a97d-d965ccfc6d4b" outcome="Passed" testListId="8c84fa94-04c1-424b-9868-57a2d4851a1d" relativeResultsDirectory="0b18a304-f0f7-4530-8c99-f420bbd429df" /><UnitTestResult executionId="1a4da0bb-7d76-41f1-9d6c-6e631dc2521f" testId="a88e985a-fb9d-4c70-823d-56f36665fa8d" testName="Patch_InvalidEnumPropertyValueReturnsBadRequest" computerName="VECTOR" duration="00:00:00.0120000" startTime="2018-08-24T08:49:27.5719308-04:00" endTime="2018-08-24T08:49:27.5719337-04:00" testType="13cdc9d9-ddb5-4fa4-a97d-d965ccfc6d4b" outcome="Passed" testListId="8c84fa94-04c1-424b-9868-57a2d4851a1d" relativeResultsDirectory="1a4da0bb-7d76-41f1-9d6c-6e631dc2521f" /><UnitTestResult executionId="c56c65e5-2eef-491f-8b68-e6680e33b1b6" testId="42974c63-0e51-49b3-bf84-b1890f74aff7" testName="Put_CanUpdateModel" computerName="VECTOR" duration="00:00:00.4080000" startTime="2018-08-24T08:49:54.8785063-04:00" endTime="2018-08-24T08:49:54.8785129-04:00" testType="13cdc9d9-ddb5-4fa4-a97d-d965ccfc6d4b" outcome="Passed" testListId="8c84fa94-04c1-424b-9868-57a2d4851a1d" relativeResultsDirectory="c56c65e5-2eef-491f-8b68-e6680e33b1b6" /><UnitTestResult executionId="7ff013ac-6a0f-4786-b3ab-dd8f507755bf" testId="20cddfe7-e773-49d6-b1b8-b29fb07e8edf" testName="PutFile_NewFileCanBePut" computerName="VECTOR" duration="00:00:00.3280000" startTime="2018-08-24T08:49:33.8229656-04:00" endTime="2018-08-24T08:49:33.8229746-04:00" testType="13cdc9d9-ddb5-4fa4-a97d-d965ccfc6d4b" outcome="Passed" testListId="8c84fa94-04c1-424b-9868-57a2d4851a1d" relativeResultsDirectory="7ff013ac-6a0f-4786-b3ab-dd8f507755bf" /><UnitTestResult executionId="3a46b718-2122-4528-9def-ceacd48d3cce" testId="bbf5e230-8840-4f0e-8a8a-d89db77fba81" testName="PostFile_NewFileCanBePosted" computerName="VECTOR" duration="00:00:00.5730000" startTime="2018-08-24T08:49:53.6098895-04:00" endTime="2018-08-24T08:49:53.6098958-04:00" testType="13cdc9d9-ddb5-4fa4-a97d-d965ccfc6d4b" outcome="Passed" testListId="8c84fa94-04c1-424b-9868-57a2d4851a1d" relativeResultsDirectory="3a46b718-2122-4528-9def-ceacd48d3cce" /><UnitTestResult executionId="efe7307f-ac70-4e47-a3c6-eadda1cfc3de" testId="8696b4b6-f0f2-4235-8ad1-73bef20326bc" testName="DepthBufferHasExpectedDependentFiles" computerName="VECTOR" duration="00:00:00.0010000" startTime="2018-08-24T08:49:18.3622604-04:00" endTime="2018-08-24T08:49:18.3622619-04:00" testType="13cdc9d9-ddb5-4fa4-a97d-d965ccfc6d4b" outcome="Passed" testListId="8c84fa94-04c1-424b-9868-57a2d4851a1d" relativeResultsDirectory="efe7307f-ac70-4e47-a3c6-eadda1cfc3de" /><UnitTestResult executionId="7e02f7e7-6e1e-4df6-a81d-daa4f75ede4b" testId="9932d119-e00e-41c7-97d1-7e0729d304ca" testName="PostFile_FileIsSynchronizedIsUpdatedAfterFileIsPosted" computerName="VECTOR" duration="00:00:00.0130000" startTime="2018-08-24T08:49:25.9056625-04:00" endTime="2018-08-24T08:49:25.9056679-04:00" testType="13cdc9d9-ddb5-4fa4-a97d-d965ccfc6d4b" outcome="Passed" testListId="8c84fa94-04c1-424b-9868-57a2d4851a1d" relativeResultsDirectory="7e02f7e7-6e1e-4df6-a81d-daa4f75ede4b" /><UnitTestResult executionId="f0ac020b-1ff0-44ff-b4cf-17e6872b2255" testId="83c5084f-3af5-4f2b-bc4b-1f3c0cd5d579" testName="Patch_TargetPropertyIsUpdated" computerName="VECTOR" duration="00:00:00.2860000" startTime="2018-08-24T08:49:32.5139964-04:00" endTime="2018-08-24T08:49:32.5140025-04:00" testType="13cdc9d9-ddb5-4fa4-a97d-d965ccfc6d4b" outcome="Passed" testListId="8c84fa94-04c1-424b-9868-57a2d4851a1d" relativeResultsDirectory="f0ac020b-1ff0-44ff-b4cf-17e6872b2255" /><UnitTestResult executionId="b1d18c60-cb46-4857-b4de-e25860d37f35" testId="dba2b8d2-b4a3-46da-a94a-754ceacca762" testName="Put_InvalidIdReturnsNotFound" computerName="VECTOR" duration="00:00:00.0820000" startTime="2018-08-24T08:49:30.0897636-04:00" endTime="2018-08-24T08:49:30.0897694-04:00" testType="13cdc9d9-ddb5-4fa4-a97d-d965ccfc6d4b" outcome="Passed" testListId="8c84fa94-04c1-424b-9868-57a2d4851a1d" relativeResultsDirectory="b1d18c60-cb46-4857-b4de-e25860d37f35" /><UnitTestResult executionId="3c24db31-26eb-4e9f-8d01-282de2071cbc" testId="19196ac4-4a54-4532-99c7-69755138c67c" testName="Put_InvalidReferencePropertyReturndBadRequest" computerName="VECTOR" duration="00:00:00.0110000" startTime="2018-08-24T08:49:20.6390917-04:00" endTime="2018-08-24T08:49:20.6390952-04:00" testType="13cdc9d9-ddb5-4fa4-a97d-d965ccfc6d4b" outcome="Passed" testListId="8c84fa94-04c1-424b-9868-57a2d4851a1d" relativeResultsDirectory="3c24db31-26eb-4e9f-8d01-282de2071cbc" /><UnitTestResult executionId="3bccdc76-d4b9-45fd-9c0c-df5d5ad17c80" testId="ec25ea87-6a4d-4cba-989c-96d29cd670c7" testName="GetFile_NonExistentFileReturnsNotFound" computerName="VECTOR" duration="00:00:00.0270000" startTime="2018-08-24T08:49:25.8928088-04:00" endTime="2018-08-24T08:49:25.8928137-04:00" testType="13cdc9d9-ddb5-4fa4-a97d-d965ccfc6d4b" outcome="Passed" testListId="8c84fa94-04c1-424b-9868-57a2d4851a1d" relativeResultsDirectory="3bccdc76-d4b9-45fd-9c0c-df5d5ad17c80" /><UnitTestResult executionId="e29fbd45-79a5-4a4a-bce2-729450ca392e" testId="f26b186b-02a3-4d54-b01f-30925fd44ba3" testName="Put_InvalidReferencePropertyReturndBadRequest" computerName="VECTOR" duration="00:00:00.0500000" startTime="2018-08-24T08:49:33.4294226-04:00" endTime="2018-08-24T08:49:33.4294283-04:00" testType="13cdc9d9-ddb5-4fa4-a97d-d965ccfc6d4b" outcome="Passed" testListId="8c84fa94-04c1-424b-9868-57a2d4851a1d" relativeResultsDirectory="e29fbd45-79a5-4a4a-bce2-729450ca392e" /><UnitTestResult executionId="76c0ce8d-4490-45b5-a84f-c76a75bce486" testId="274af1a4-563e-4876-b041-4dadcce3b2ea" testName="Put_ValidReferencePropertyUpdatesModel" computerName="VECTOR" duration="00:00:00.0190000" startTime="2018-08-24T08:49:19.9015299-04:00" endTime="2018-08-24T08:49:19.9015365-04:00" testType="13cdc9d9-ddb5-4fa4-a97d-d965ccfc6d4b" outcome="Passed" testListId="8c84fa94-04c1-424b-9868-57a2d4851a1d" relativeResultsDirectory="76c0ce8d-4490-45b5-a84f-c76a75bce486" /><UnitTestResult executionId="8aca352d-a606-4b1d-957c-628f96c77fd6" testId="8e567a7c-556d-47fd-9827-bbaebdafe994" testName="Patch_InvalidReferencePropertyReturnsBadRequest" computerName="VECTOR" duration="00:00:00.0380000" startTime="2018-08-24T08:49:23.2122244-04:00" endTime="2018-08-24T08:49:23.2122352-04:00" testType="13cdc9d9-ddb5-4fa4-a97d-d965ccfc6d4b" outcome="Passed" testListId="8c84fa94-04c1-424b-9868-57a2d4851a1d" relativeResultsDirectory="8aca352d-a606-4b1d-957c-628f96c77fd6" /><UnitTestResult executionId="a1e2fcfd-870f-4e47-99b1-89ced5a4a7e8" testId="2e4cdfa1-e4fe-478d-b724-5a1169b143bf" testName="GetSingle_ValidIdPropertyValueReturnsCorrectModel" computerName="VECTOR" duration="00:00:00.0270000" startTime="2018-08-24T08:49:47.3039074-04:00" endTime="2018-08-24T08:49:47.3039121-04:00" testType="13cdc9d9-ddb5-4fa4-a97d-d965ccfc6d4b" outcome="Passed" testListId="8c84fa94-04c1-424b-9868-57a2d4851a1d" relativeResultsDirectory="a1e2fcfd-870f-4e47-99b1-89ced5a4a7e8" /><UnitTestResult executionId="69410102-87a3-4a61-9064-4e1390c8a03e" testId="b940496b-1858-489c-a338-acc73f04f929" testName="Patch_ValidReferencePropertyUpdatesModel" computerName="VECTOR" duration="00:00:00.3190000" startTime="2018-08-24T08:49:55.4945484-04:00" endTime="2018-08-24T08:49:55.4945563-04:00" testType="13cdc9d9-ddb5-4fa4-a97d-d965ccfc6d4b" outcome="Passed" testListId="8c84fa94-04c1-424b-9868-57a2d4851a1d" relativeResultsDirectory="69410102-87a3-4a61-9064-4e1390c8a03e" /><UnitTestResult executionId="12683f47-18d5-4e2b-b6a3-6f466798a58d" testId="89e6cd58-4a21-4210-8a0f-c1c7df4d052e" testName="Patch_ValidReferencePropertyUpdatesModel" computerName="VECTOR" duration="00:00:00.2970000" startTime="2018-08-24T08:49:47.6539843-04:00" endTime="2018-08-24T08:49:47.6539912-04:00" testType="13cdc9d9-ddb5-4fa4-a97d-d965ccfc6d4b" outcome="Passed" testListId="8c84fa94-04c1-424b-9868-57a2d4851a1d" relativeResultsDirectory="12683f47-18d5-4e2b-b6a3-6f466798a58d" /><UnitTestResult executionId="4f73a8ca-5a29-421f-b4e3-3681185eb8bf" testId="5aeac879-d668-446c-b958-842b391be840" testName="Patch_InvalidIdPropertyReturnsNotFound" computerName="VECTOR" duration="00:00:00.0230000" startTime="2018-08-24T08:49:22.7391119-04:00" endTime="2018-08-24T08:49:22.7391174-04:00" testType="13cdc9d9-ddb5-4fa4-a97d-d965ccfc6d4b" outcome="Passed" testListId="8c84fa94-04c1-424b-9868-57a2d4851a1d" relativeResultsDirectory="4f73a8ca-5a29-421f-b4e3-3681185eb8bf" /><UnitTestResult executionId="6c3b7887-5bca-4b2f-aa8d-0fff070fb18d" testId="cf86dddc-3a64-470f-97d6-a770019803ea" testName="Post_InvalidReferencePropertyReturnsBadRequest" computerName="VECTOR" duration="00:00:00.0180000" startTime="2018-08-24T08:49:54.4702241-04:00" endTime="2018-08-24T08:49:54.4702301-04:00" testType="13cdc9d9-ddb5-4fa4-a97d-d965ccfc6d4b" outcome="Passed" testListId="8c84fa94-04c1-424b-9868-57a2d4851a1d" relativeResultsDirectory="6c3b7887-5bca-4b2f-aa8d-0fff070fb18d" /><UnitTestResult executionId="b7338045-1975-45ed-b200-8d0b0a64d9ab" testId="0d65e98e-1983-4c7e-996b-6ccef5ef2acd" testName="Put_CanUpdateModel" computerName="VECTOR" duration="00:00:00.4890000" startTime="2018-08-24T08:49:28.8290335-04:00" endTime="2018-08-24T08:49:28.8290399-04:00" testType="13cdc9d9-ddb5-4fa4-a97d-d965ccfc6d4b" outcome="Passed" testListId="8c84fa94-04c1-424b-9868-57a2d4851a1d" relativeResultsDirectory="b7338045-1975-45ed-b200-8d0b0a64d9ab" /><UnitTestResult executionId="da2a86c3-1ff4-485f-9464-ceb82e53d719" testId="7c0c2565-5a19-4cf6-bb1a-8e4082bf87d7" testName="Put_InvalidReferencePropertyReturndBadRequest" computerName="VECTOR" duration="00:00:00.0350000" startTime="2018-08-24T08:49:54.9143574-04:00" endTime="2018-08-24T08:49:54.9143633-04:00" testType="13cdc9d9-ddb5-4fa4-a97d-d965ccfc6d4b" outcome="Passed" testListId="8c84fa94-04c1-424b-9868-57a2d4851a1d" relativeResultsDirectory="da2a86c3-1ff4-485f-9464-ceb82e53d719" /><UnitTestResult executionId="8f0a49a6-831e-45bc-896b-4903b14d0e3e" testId="a6c10d75-38d0-4515-8af0-a76f97865b33" testName="Patch_TargetPropertyIsUpdated" computerName="VECTOR" duration="00:00:00.3740000" startTime="2018-08-24T08:49:28.3396526-04:00" endTime="2018-08-24T08:49:28.3396590-04:00" testType="13cdc9d9-ddb5-4fa4-a97d-d965ccfc6d4b" outcome="Passed" testListId="8c84fa94-04c1-424b-9868-57a2d4851a1d" relativeResultsDirectory="8f0a49a6-831e-45bc-896b-4903b14d0e3e" /><UnitTestResult executionId="d4941f90-aa85-4aad-9307-e7b4dc2a335c" testId="3fc04a9e-9f12-4667-90dc-5fec48751b10" testName="PostFile_FileTimeStampIsUpdatedAfterFileIsPosted" computerName="VECTOR" duration="00:00:00.0140000" startTime="2018-08-24T08:49:23.5068852-04:00" endTime="2018-08-24T08:49:23.5068883-04:00" testType="13cdc9d9-ddb5-4fa4-a97d-d965ccfc6d4b" outcome="Passed" testListId="8c84fa94-04c1-424b-9868-57a2d4851a1d" relativeResultsDirectory="d4941f90-aa85-4aad-9307-e7b4dc2a335c" /><UnitTestResult executionId="d0e8a70a-4eb7-41d4-9466-2e35c4ce7ea1" testId="cfcadd04-4736-42a0-8b96-40c5fcee4109" testName="GetList_ListReturnsCorrectCount" computerName="VECTOR" duration="00:00:00.0270000" startTime="2018-08-24T08:49:45.8903893-04:00" endTime="2018-08-24T08:49:45.8903991-04:00" testType="13cdc9d9-ddb5-4fa4-a97d-d965ccfc6d4b" outcome="Passed" testListId="8c84fa94-04c1-424b-9868-57a2d4851a1d" relativeResultsDirectory="d0e8a70a-4eb7-41d4-9466-2e35c4ce7ea1" /><UnitTestResult executionId="69d37067-a4e4-40fe-81f0-d3e63c1ea2f9" testId="693fe4a1-c3ac-4f94-b1a4-91b5fa4f5f49" testName="Put_ValidReferencePropertyUpdatesModel" computerName="VECTOR" duration="00:00:00.4150000" startTime="2018-08-24T08:49:27.1652227-04:00" endTime="2018-08-24T08:49:27.1652288-04:00" testType="13cdc9d9-ddb5-4fa4-a97d-d965ccfc6d4b" outcome="Passed" testListId="8c84fa94-04c1-424b-9868-57a2d4851a1d" relativeResultsDirectory="69d37067-a4e4-40fe-81f0-d3e63c1ea2f9" /><UnitTestResult executionId="1da847d2-c707-42dc-a031-3c14d1de67a6" testId="cff2fec8-00c1-49a3-85b9-65a5a1bdf4f0" testName="Put_ValidReferencePropertyUpdatesModel" computerName="VECTOR" duration="00:00:00.3410000" startTime="2018-08-24T08:49:22.7153987-04:00" endTime="2018-08-24T08:49:22.7154046-04:00" testType="13cdc9d9-ddb5-4fa4-a97d-d965ccfc6d4b" outcome="Passed" testListId="8c84fa94-04c1-424b-9868-57a2d4851a1d" relativeResultsDirectory="1da847d2-c707-42dc-a031-3c14d1de67a6" /><UnitTestResult executionId="808fe33e-1d88-4441-a90d-ca826047404a" testId="a7a72544-fd55-495a-ad0a-6fe4bdefc10d" testName="Put_CanUpdateModel" computerName="VECTOR" duration="00:00:00.4430000" startTime="2018-08-24T08:49:48.3702427-04:00" endTime="2018-08-24T08:49:48.3702493-04:00" testType="13cdc9d9-ddb5-4fa4-a97d-d965ccfc6d4b" outcome="Passed" testListId="8c84fa94-04c1-424b-9868-57a2d4851a1d" relativeResultsDirectory="808fe33e-1d88-4441-a90d-ca826047404a" /><UnitTestResult executionId="5eee684a-9faf-4d81-832b-608f0b08c38f" testId="658d39e8-cb81-46b9-8391-3e0461e07fcb" testName="Patch_InvalidPropertyNameReturnsBadRequest" computerName="VECTOR" duration="00:00:00.0290000" startTime="2018-08-24T08:49:45.9198609-04:00" endTime="2018-08-24T08:49:45.9198664-04:00" testType="13cdc9d9-ddb5-4fa4-a97d-d965ccfc6d4b" outcome="Passed" testListId="8c84fa94-04c1-424b-9868-57a2d4851a1d" relativeResultsDirectory="5eee684a-9faf-4d81-832b-608f0b08c38f" /><UnitTestResult executionId="41581903-8009-4411-8c79-19e97952958c" testId="c0cf62a3-4ae4-4adf-ac98-7b9baf254242" testName="FileRequest_MeshGenerateSetsFileIsSynchronized" computerName="VECTOR" duration="00:00:05.3650000" startTime="2018-08-24T08:49:44.9960573-04:00" endTime="2018-08-24T08:49:44.9960647-04:00" testType="13cdc9d9-ddb5-4fa4-a97d-d965ccfc6d4b" outcome="Passed" testListId="8c84fa94-04c1-424b-9868-57a2d4851a1d" relativeResultsDirectory="41581903-8009-4411-8c79-19e97952958c" /><UnitTestResult executionId="7096a6b2-10f1-4975-915d-3a3e403ba2f2" testId="90a07fb9-96fd-4dd6-bb93-af0912b0623e" testName="Patch_InvalidReferencePropertyReturnsBadRequest" computerName="VECTOR" duration="00:00:00.0460000" startTime="2018-08-24T08:49:26.7277327-04:00" endTime="2018-08-24T08:49:26.7277389-04:00" testType="13cdc9d9-ddb5-4fa4-a97d-d965ccfc6d4b" outcome="Passed" testListId="8c84fa94-04c1-424b-9868-57a2d4851a1d" relativeResultsDirectory="7096a6b2-10f1-4975-915d-3a3e403ba2f2" /><UnitTestResult executionId="13524ac9-803a-40f0-8ae9-8bf64cd2bc1b" testId="cffdffdc-f0d8-4985-b192-01a5f67255bf" testName="PostFile_FileTimeStampIsUpdatedAfterFileIsPosted" computerName="VECTOR" duration="00:00:01.5010000" startTime="2018-08-24T08:49:49.9287467-04:00" endTime="2018-08-24T08:49:49.9287528-04:00" testType="13cdc9d9-ddb5-4fa4-a97d-d965ccfc6d4b" outcome="Passed" testListId="8c84fa94-04c1-424b-9868-57a2d4851a1d" relativeResultsDirectory="13524ac9-803a-40f0-8ae9-8bf64cd2bc1b" /><UnitTestResult executionId="b2fead4b-f869-4852-af2d-57e8a7c06b97" testId="81ea7dc8-9296-4df7-88c1-ba90e124d7f5" testName="Put_ValidReferencePropertyUpdatesModel" computerName="VECTOR" duration="00:00:00.2880000" startTime="2018-08-24T08:49:55.8116211-04:00" endTime="2018-08-24T08:49:55.8116278-04:00" testType="13cdc9d9-ddb5-4fa4-a97d-d965ccfc6d4b" outcome="Passed" testListId="8c84fa94-04c1-424b-9868-57a2d4851a1d" relativeResultsDirectory="b2fead4b-f869-4852-af2d-57e8a7c06b97" /><UnitTestResult executionId="8a42896d-6985-4f21-bba4-7b8a004b652b" testId="50437076-2e45-483a-b24b-c6635ce75f57" testName="Patch_InvalidPropertyNameReturnsBadRequest" computerName="VECTOR" duration="00:00:00.0160000" startTime="2018-08-24T08:49:55.1591080-04:00" endTime="2018-08-24T08:49:55.1591132-04:00" testType="13cdc9d9-ddb5-4fa4-a97d-d965ccfc6d4b" outcome="Passed" testListId="8c84fa94-04c1-424b-9868-57a2d4851a1d" relativeResultsDirectory="8a42896d-6985-4f21-bba4-7b8a004b652b" /><UnitTestResult executionId="e808c534-10e5-4d21-ba17-695f829dd209" testId="12ce0a25-9025-4a29-a677-a11fb8178479" testName="GetFile_ExistingFileReturnsSuccess" computerName="VECTOR" duration="00:00:00.2480000" startTime="2018-08-24T08:49:24.6551978-04:00" endTime="2018-08-24T08:49:24.6552092-04:00" testType="13cdc9d9-ddb5-4fa4-a97d-d965ccfc6d4b" outcome="Passed" testListId="8c84fa94-04c1-424b-9868-57a2d4851a1d" relativeResultsDirectory="e808c534-10e5-4d21-ba17-695f829dd209" /><UnitTestResult executionId="f2d6c1b1-0164-443f-9c81-2a60c64eaacb" testId="efc7bf6c-a311-40fc-8ad0-a7d46f92415a" testName="PutFile_NewFileCanBePut" computerName="VECTOR" duration="00:00:00.2980000" startTime="2018-08-24T08:49:52.6205685-04:00" endTime="2018-08-24T08:49:52.6205744-04:00" testType="13cdc9d9-ddb5-4fa4-a97d-d965ccfc6d4b" outcome="Passed" testListId="8c84fa94-04c1-424b-9868-57a2d4851a1d" relativeResultsDirectory="f2d6c1b1-0164-443f-9c81-2a60c64eaacb" /><UnitTestResult executionId="129ff94c-c4de-4f60-9d43-afb0ddcf2035" testId="f44eb69a-3e6a-4bfd-a3ce-1a8b40c87172" testName="Post_ValidReferencePropertyCreatesModel" computerName="VECTOR" duration="00:00:00.1760000" startTime="2018-08-24T08:49:22.9154060-04:00" endTime="2018-08-24T08:49:22.9154121-04:00" testType="13cdc9d9-ddb5-4fa4-a97d-d965ccfc6d4b" outcome="Passed" testListId="8c84fa94-04c1-424b-9868-57a2d4851a1d" relativeResultsDirectory="129ff94c-c4de-4f60-9d43-afb0ddcf2035" /><UnitTestResult executionId="b66b254e-9a8f-4db8-953c-314503db9e9d" testId="c7cd76d1-7c6b-4688-9bbe-7e650e3e234c" testName="Patch_InvalidEnumPropertyValueReturnsBadRequest" computerName="VECTOR" duration="00:00:00.0410000" startTime="2018-08-24T08:49:45.8626513-04:00" endTime="2018-08-24T08:49:45.8626567-04:00" testType="13cdc9d9-ddb5-4fa4-a97d-d965ccfc6d4b" outcome="Passed" testListId="8c84fa94-04c1-424b-9868-57a2d4851a1d" relativeResultsDirectory="b66b254e-9a8f-4db8-953c-314503db9e9d" /><UnitTestResult executionId="061437f7-7901-4f47-a63a-4b01795bd0f1" testId="2a0af9ad-9dcb-47c6-aa2f-85601551d804" testName="Patch_ValidReferencePropertyUpdatesModel" computerName="VECTOR" duration="00:00:00.6240000" startTime="2018-08-24T08:49:18.9912887-04:00" endTime="2018-08-24T08:49:18.9912948-04:00" testType="13cdc9d9-ddb5-4fa4-a97d-d965ccfc6d4b" outcome="Passed" testListId="8c84fa94-04c1-424b-9868-57a2d4851a1d" relativeResultsDirectory="061437f7-7901-4f47-a63a-4b01795bd0f1" /><UnitTestResult executionId="a91b99c7-60df-452b-9d35-aa61f9bfb853" testId="19fed825-fb36-4bad-8c1e-395cf5a3a422" testName="Patch_MultipleInvalidReferencePropertiesReturnsMultipleValidationErrorsAndBadRequest" computerName="VECTOR" duration="00:00:00.0120000" startTime="2018-08-24T08:49:20.6284560-04:00" endTime="2018-08-24T08:49:20.6284594-04:00" testType="13cdc9d9-ddb5-4fa4-a97d-d965ccfc6d4b" outcome="Passed" testListId="8c84fa94-04c1-424b-9868-57a2d4851a1d" relativeResultsDirectory="a91b99c7-60df-452b-9d35-aa61f9bfb853" /><UnitTestResult executionId="ea5a0cea-5543-4803-b85d-de48015d68f0" testId="f2db0f79-deb9-4b84-aafa-36c159e20b71" testName="GetSingle_ValidIdPropertyValueReturnsCorrectModel" computerName="VECTOR" duration="00:00:00.0270000" startTime="2018-08-24T08:49:53.9732319-04:00" endTime="2018-08-24T08:49:53.9732380-04:00" testType="13cdc9d9-ddb5-4fa4-a97d-d965ccfc6d4b" outcome="Passed" testListId="8c84fa94-04c1-424b-9868-57a2d4851a1d" relativeResultsDirectory="ea5a0cea-5543-4803-b85d-de48015d68f0" /><UnitTestResult executionId="f0b44f11-463e-4feb-ae84-37e9dbc01ba0" testId="f98a6c40-1850-4485-b0a4-a81798351232" testName="Delete_TargetModelIsDeleted" computerName="VECTOR" duration="00:00:00.2730000" startTime="2018-08-24T08:49:26.4484774-04:00" endTime="2018-08-24T08:49:26.4484837-04:00" testType="13cdc9d9-ddb5-4fa4-a97d-d965ccfc6d4b" outcome="Passed" testListId="8c84fa94-04c1-424b-9868-57a2d4851a1d" relativeResultsDirectory="f0b44f11-463e-4feb-ae84-37e9dbc01ba0" /><UnitTestResult executionId="0b706440-8ce6-47cd-990c-9cce2f4367b3" testId="be3335dd-556f-465a-b8f3-33131c243961" testName="PostFile_NewFileCanBePosted" computerName="VECTOR" duration="00:00:00.3270000" startTime="2018-08-24T08:49:39.6304379-04:00" endTime="2018-08-24T08:49:39.6304447-04:00" testType="13cdc9d9-ddb5-4fa4-a97d-d965ccfc6d4b" outcome="Passed" testListId="8c84fa94-04c1-424b-9868-57a2d4851a1d" relativeResultsDirectory="0b706440-8ce6-47cd-990c-9cce2f4367b3" /><UnitTestResult executionId="9ae72d89-162d-4148-8024-8a0131513bad" testId="55b40d14-912d-4df4-8d00-13b116452536" testName="Post_InvalidPropertyValueReturnsBadRequest" computerName="VECTOR" duration="00:00:00.0160000" startTime="2018-08-24T08:49:55.1753882-04:00" endTime="2018-08-24T08:49:55.1753951-04:00" testType="13cdc9d9-ddb5-4fa4-a97d-d965ccfc6d4b" outcome="Passed" testListId="8c84fa94-04c1-424b-9868-57a2d4851a1d" relativeResultsDirectory="9ae72d89-162d-4148-8024-8a0131513bad" /><UnitTestResult executionId="eb2d2c19-371f-485d-a45d-e9702cf25494" testId="55015f74-84c6-479e-8219-5e79f3699958" testName="Post_InvalidReferencePropertyReturnsBadRequest" computerName="VECTOR" duration="00:00:00.3410000" startTime="2018-08-24T08:49:21.0164654-04:00" endTime="2018-08-24T08:49:21.0164716-04:00" testType="13cdc9d9-ddb5-4fa4-a97d-d965ccfc6d4b" outcome="Passed" testListId="8c84fa94-04c1-424b-9868-57a2d4851a1d" relativeResultsDirectory="eb2d2c19-371f-485d-a45d-e9702cf25494" /><UnitTestResult executionId="c77abd45-38ec-4cd4-aa0a-e4aa7347b642" testId="9c1d8d85-6092-40fb-a702-76e07ef7bf50" testName="GetSingle_InvalidIdPropertyValueReturnsNotFound" computerName="VECTOR" duration="00:00:00.0240000" startTime="2018-08-24T08:49:47.6788231-04:00" endTime="2018-08-24T08:49:47.6788289-04:00" testType="13cdc9d9-ddb5-4fa4-a97d-d965ccfc6d4b" outcome="Passed" testListId="8c84fa94-04c1-424b-9868-57a2d4851a1d" relativeResultsDirectory="c77abd45-38ec-4cd4-aa0a-e4aa7347b642" /><UnitTestResult executionId="39cb7ab5-5f3b-4368-9a71-54fcd8f067ab" testId="fafa74c6-99a1-4d38-8b3a-b05d8e0ce961" testName="Patch_MultipleInvalidReferencePropertiesReturnsMultipleValidationErrorsAndBadRequest" computerName="VECTOR" duration="00:00:00.0410000" startTime="2018-08-24T08:49:32.8898150-04:00" endTime="2018-08-24T08:49:32.8898206-04:00" testType="13cdc9d9-ddb5-4fa4-a97d-d965ccfc6d4b" outcome="Passed" testListId="8c84fa94-04c1-424b-9868-57a2d4851a1d" relativeResultsDirectory="39cb7ab5-5f3b-4368-9a71-54fcd8f067ab" /></Results><TestDefinitions><UnitTest name="Put_InvalidReferencePropertyReturndBadRequest" storage="d:\modelrelief\modelrelief.test\bin\debug\netcoreapp2.0\modelrelief.test.dll" id="19196ac4-4a54-4532-99c7-69755138c67c"><Execution id="3c24db31-26eb-4e9f-8d01-282de2071cbc" /><TestMethod codeBase="D:\ModelRelief\ModelRelief.test\bin\Debug\netcoreapp2.0\ModelRelief.Test.dll" adapterTypeName="executor://xunit/VsTestRunner2/netcoreapp" className="ModelRelief.Test.Integration.Projects.ProjectsBaseIntegrationTests" name="Put_InvalidReferencePropertyReturndBadRequest" /></UnitTest><UnitTest name="Patch_TargetPropertyIsUpdated" storage="d:\modelrelief\modelrelief.test\bin\debug\netcoreapp2.0\modelrelief.test.dll" id="a59a5618-0ec8-44d7-a3f4-c5441466e3b4"><Execution id="d314029e-ff9c-4dae-aa2e-8f99f1fa65c9" /><TestMethod codeBase="D:\ModelRelief\ModelRelief.test\bin\Debug\netcoreapp2.0\ModelRelief.Test.dll" adapterTypeName="executor://xunit/VsTestRunner2/netcoreapp" className="ModelRelief.Test.Integration.Models.ModelsBaseIntegrationTests" name="Patch_TargetPropertyIsUpdated" /></UnitTest><UnitTest name="GetFile_NonExistentFileReturnsNotFound" storage="d:\modelrelief\modelrelief.test\bin\debug\netcoreapp2.0\modelrelief.test.dll" id="bd70cbe1-2604-4c13-a973-cd59b180f03b"><Execution id="7c711e19-c218-4e36-aacb-29f3af08b330" /><TestMethod codeBase="D:\ModelRelief\ModelRelief.test\bin\Debug\netcoreapp2.0\ModelRelief.Test.dll" adapterTypeName="executor://xunit/VsTestRunner2/netcoreapp" className="ModelRelief.Test.Integration.Meshes.MeshesFileIntegrationTests" name="GetFile_NonExistentFileReturnsNotFound" /></UnitTest><UnitTest name="Patch_TargetPropertyIsUpdated" storage="d:\modelrelief\modelrelief.test\bin\debug\netcoreapp2.0\modelrelief.test.dll" id="a6c10d75-38d0-4515-8af0-a76f97865b33"><Execution id="8f0a49a6-831e-45bc-896b-4903b14d0e3e" /><TestMethod codeBase="D:\ModelRelief\ModelRelief.test\bin\Debug\netcoreapp2.0\ModelRelief.Test.dll" adapterTypeName="executor://xunit/VsTestRunner2/netcoreapp" className="ModelRelief.Test.Integration.MeshTransforms.MeshTransformsBaseIntegrationTests" name="Patch_TargetPropertyIsUpdated" /></UnitTest><UnitTest name="Post_InvalidReferencePropertyReturnsBadRequest" storage="d:\modelrelief\modelrelief.test\bin\debug\netcoreapp2.0\modelrelief.test.dll" id="79a1ebaf-10f8-4fe6-b42d-4184192da288"><Execution id="bac34131-f1ac-4b68-8601-93d93fb767ab" /><TestMethod codeBase="D:\ModelRelief\ModelRelief.test\bin\Debug\netcoreapp2.0\ModelRelief.Test.dll" adapterTypeName="executor://xunit/VsTestRunner2/netcoreapp" className="ModelRelief.Test.Integration.DepthBuffers.DepthBuffersBaseIntegrationTests" name="Post_InvalidReferencePropertyReturnsBadRequest" /></UnitTest><UnitTest name="Delete_TargetModelIsDeleted" storage="d:\modelrelief\modelrelief.test\bin\debug\netcoreapp2.0\modelrelief.test.dll" id="27bda575-5b87-469b-8566-e1b28fbb9140"><Execution id="8924c969-444a-4918-8597-d9eba72e93b1" /><TestMethod codeBase="D:\ModelRelief\ModelRelief.test\bin\Debug\netcoreapp2.0\ModelRelief.Test.dll" adapterTypeName="executor://xunit/VsTestRunner2/netcoreapp" className="ModelRelief.Test.Integration.Models.ModelsBaseIntegrationTests" name="Delete_TargetModelIsDeleted" /></UnitTest><UnitTest name="Patch_InvalidIdPropertyReturnsNotFound" storage="d:\modelrelief\modelrelief.test\bin\debug\netcoreapp2.0\modelrelief.test.dll" id="fa1273e6-3d1e-4d65-9b7e-795f8f56e9ff"><Execution id="4b1184d5-f5be-455d-b67f-c225d50db30e" /><TestMethod codeBase="D:\ModelRelief\ModelRelief.test\bin\Debug\netcoreapp2.0\ModelRelief.Test.dll" adapterTypeName="executor://xunit/VsTestRunner2/netcoreapp" className="ModelRelief.Test.Integration.Meshes.MeshesBaseIntegrationTests" name="Patch_InvalidIdPropertyReturnsNotFound" /></UnitTest><UnitTest name="Patch_InvalidReferencePropertyReturnsBadRequest" storage="d:\modelrelief\modelrelief.test\bin\debug\netcoreapp2.0\modelrelief.test.dll" id="90a07fb9-96fd-4dd6-bb93-af0912b0623e"><Execution id="7096a6b2-10f1-4975-915d-3a3e403ba2f2" /><TestMethod codeBase="D:\ModelRelief\ModelRelief.test\bin\Debug\netcoreapp2.0\ModelRelief.Test.dll" adapterTypeName="executor://xunit/VsTestRunner2/netcoreapp" className="ModelRelief.Test.Integration.MeshTransforms.MeshTransformsBaseIntegrationTests" name="Patch_InvalidReferencePropertyReturnsBadRequest" /></UnitTest><UnitTest name="Patch_InvalidEnumPropertyValueReturnsBadRequest" storage="d:\modelrelief\modelrelief.test\bin\debug\netcoreapp2.0\modelrelief.test.dll" id="32512ac3-7b1e-43a1-a246-d02e18aa9bea"><Execution id="d84ce562-2c39-4c27-ae6c-03932ccf857d" /><TestMethod codeBase="D:\ModelRelief\ModelRelief.test\bin\Debug\netcoreapp2.0\ModelRelief.Test.dll" adapterTypeName="executor://xunit/VsTestRunner2/netcoreapp" className="ModelRelief.Test.Integration.Cameras.CamerasBaseIntegrationTests" name="Patch_InvalidEnumPropertyValueReturnsBadRequest" /></UnitTest><UnitTest name="FileRequest_MeshIsInvalidatedAfterDepthBufferFileBecomesUnsynchronized" storage="d:\modelrelief\modelrelief.test\bin\debug\netcoreapp2.0\modelrelief.test.dll" id="5be5cc34-6834-437c-8206-01a8e691a3aa"><Execution id="9831a23e-3bb5-45ec-87cb-0fa62c4ccd2d" /><TestMethod codeBase="D:\ModelRelief\ModelRelief.test\bin\Debug\netcoreapp2.0\ModelRelief.Test.dll" adapterTypeName="executor://xunit/VsTestRunner2/netcoreapp" className="ModelRelief.Test.Integration.Meshes.MeshesFileIntegrationTests" name="FileRequest_MeshIsInvalidatedAfterDepthBufferFileBecomesUnsynchronized" /></UnitTest><UnitTest name="Post_InvalidReferencePropertyReturnsBadRequest" storage="d:\modelrelief\modelrelief.test\bin\debug\netcoreapp2.0\modelrelief.test.dll" id="10898e91-9fc1-4263-94ec-fe676c1c642f"><Execution id="4a732cfb-ccda-4a4c-9e76-d0e9a9d8e845" /><TestMethod codeBase="D:\ModelRelief\ModelRelief.test\bin\Debug\netcoreapp2.0\ModelRelief.Test.dll" adapterTypeName="executor://xunit/VsTestRunner2/netcoreapp" className="ModelRelief.Test.Integration.Meshes.MeshesBaseIntegrationTests" name="Post_InvalidReferencePropertyReturnsBadRequest" /></UnitTest><UnitTest name="PostFile_FileTimeStampIsUpdatedAfterFileIsPosted" storage="d:\modelrelief\modelrelief.test\bin\debug\netcoreapp2.0\modelrelief.test.dll" id="3fc04a9e-9f12-4667-90dc-5fec48751b10"><Execution id="d4941f90-aa85-4aad-9307-e7b4dc2a335c" /><TestMethod codeBase="D:\ModelRelief\ModelRelief.test\bin\Debug\netcoreapp2.0\ModelRelief.Test.dll" adapterTypeName="executor://xunit/VsTestRunner2/netcoreapp" className="ModelRelief.Test.Integration.Models.ModelsFileIntegrationTests" name="PostFile_FileTimeStampIsUpdatedAfterFileIsPosted" /></UnitTest><UnitTest name="Post_CanCreateNewModel" storage="d:\modelrelief\modelrelief.test\bin\debug\netcoreapp2.0\modelrelief.test.dll" id="14fae07e-48f3-4980-8e29-312a6e377c0f"><Execution id="11df61c4-e76a-4d7b-a5ff-f369406b7d14" /><TestMethod codeBase="D:\ModelRelief\ModelRelief.test\bin\Debug\netcoreapp2.0\ModelRelief.Test.dll" adapterTypeName="executor://xunit/VsTestRunner2/netcoreapp" className="ModelRelief.Test.Integration.Projects.ProjectsBaseIntegrationTests" name="Post_CanCreateNewModel" /></UnitTest><UnitTest name="GetList_ListReturnsCorrectCount" storage="d:\modelrelief\modelrelief.test\bin\debug\netcoreapp2.0\modelrelief.test.dll" id="b91bc8ab-4ffa-4c0f-be7c-05b803181531"><Execution id="9cd3a84c-78ca-4e90-8b1d-0d93e8f2b798" /><TestMethod codeBase="D:\ModelRelief\ModelRelief.test\bin\Debug\netcoreapp2.0\ModelRelief.Test.dll" adapterTypeName="executor://xunit/VsTestRunner2/netcoreapp" className="ModelRelief.Test.Integration.Projects.ProjectsBaseIntegrationTests" name="GetList_ListReturnsCorrectCount" /></UnitTest><UnitTest name="Post_InvalidPropertyValueReturnsBadRequest" storage="d:\modelrelief\modelrelief.test\bin\debug\netcoreapp2.0\modelrelief.test.dll" id="47a101ae-66a5-4a13-93a9-0d3d993de4ee"><Execution id="5019711e-31f4-496b-aa1d-9b75309a72de" /><TestMethod codeBase="D:\ModelRelief\ModelRelief.test\bin\Debug\netcoreapp2.0\ModelRelief.Test.dll" adapterTypeName="executor://xunit/VsTestRunner2/netcoreapp" className="ModelRelief.Test.Integration.Meshes.MeshesBaseIntegrationTests" name="Post_InvalidPropertyValueReturnsBadRequest" /></UnitTest><UnitTest name="Put_InvalidIdReturnsNotFound" storage="d:\modelrelief\modelrelief.test\bin\debug\netcoreapp2.0\modelrelief.test.dll" id="f8195c3c-6ab7-49e8-82ce-5326012b051e"><Execution id="fc8b6cdf-9c36-497c-aab7-a5eefb641c90" /><TestMethod codeBase="D:\ModelRelief\ModelRelief.test\bin\Debug\netcoreapp2.0\ModelRelief.Test.dll" adapterTypeName="executor://xunit/VsTestRunner2/netcoreapp" className="ModelRelief.Test.Integration.DepthBuffers.DepthBuffersBaseIntegrationTests" name="Put_InvalidIdReturnsNotFound" /></UnitTest><UnitTest name="PutFile_FileCanBeUpdated" storage="d:\modelrelief\modelrelief.test\bin\debug\netcoreapp2.0\modelrelief.test.dll" id="2ff0d037-6b23-432f-8bf0-351fdf8ec4c9"><Execution id="802b0f98-be4d-458b-8b36-c0e6d1228cb7" /><TestMethod codeBase="D:\ModelRelief\ModelRelief.test\bin\Debug\netcoreapp2.0\ModelRelief.Test.dll" adapterTypeName="executor://xunit/VsTestRunner2/netcoreapp" className="ModelRelief.Test.Integration.Meshes.MeshesFileIntegrationTests" name="PutFile_FileCanBeUpdated" /></UnitTest><UnitTest name="GetSingle_ValidIdPropertyValueReturnsCorrectModel" storage="d:\modelrelief\modelrelief.test\bin\debug\netcoreapp2.0\modelrelief.test.dll" id="f2db0f79-deb9-4b84-aafa-36c159e20b71"><Execution id="ea5a0cea-5543-4803-b85d-de48015d68f0" /><TestMethod codeBase="D:\ModelRelief\ModelRelief.test\bin\Debug\netcoreapp2.0\ModelRelief.Test.dll" adapterTypeName="executor://xunit/VsTestRunner2/netcoreapp" className="ModelRelief.Test.Integration.Cameras.CamerasBaseIntegrationTests" name="GetSingle_ValidIdPropertyValueReturnsCorrectModel" /></UnitTest><UnitTest name="Patch_InvalidPropertyNameReturnsBadRequest" storage="d:\modelrelief\modelrelief.test\bin\debug\netcoreapp2.0\modelrelief.test.dll" id="9e270896-0210-4ac2-9698-5a4cbae170dd"><Execution id="ce9e26ee-d54e-4066-9908-b56d5471d059" /><TestMethod codeBase="D:\ModelRelief\ModelRelief.test\bin\Debug\netcoreapp2.0\ModelRelief.Test.dll" adapterTypeName="executor://xunit/VsTestRunner2/netcoreapp" className="ModelRelief.Test.Integration.Projects.ProjectsBaseIntegrationTests" name="Patch_InvalidPropertyNameReturnsBadRequest" /></UnitTest><UnitTest name="PostFile_NewFileCanBePosted" storage="d:\modelrelief\modelrelief.test\bin\debug\netcoreapp2.0\modelrelief.test.dll" id="be3335dd-556f-465a-b8f3-33131c243961"><Execution id="0b706440-8ce6-47cd-990c-9cce2f4367b3" /><TestMethod codeBase="D:\ModelRelief\ModelRelief.test\bin\Debug\netcoreapp2.0\ModelRelief.Test.dll" adapterTypeName="executor://xunit/VsTestRunner2/netcoreapp" className="ModelRelief.Test.Integration.Meshes.MeshesFileIntegrationTests" name="PostFile_NewFileCanBePosted" /></UnitTest><UnitTest name="Post_CanCreateNewModel" storage="d:\modelrelief\modelrelief.test\bin\debug\netcoreapp2.0\modelrelief.test.dll" id="c1ea2799-d9e8-4220-943d-3900a944e209"><Execution id="8e1e2b98-083a-45c4-aad5-48ac1bed0353" /><TestMethod codeBase="D:\ModelRelief\ModelRelief.test\bin\Debug\netcoreapp2.0\ModelRelief.Test.dll" adapterTypeName="executor://xunit/VsTestRunner2/netcoreapp" className="ModelRelief.Test.Integration.Models.ModelsBaseIntegrationTests" name="Post_CanCreateNewModel" /></UnitTest><UnitTest name="Put_CanUpdateModel" storage="d:\modelrelief\modelrelief.test\bin\debug\netcoreapp2.0\modelrelief.test.dll" id="7f1a37a7-ff6b-4064-8c2f-35cc7260ca0b"><Execution id="ee78979f-05e8-4bf7-85df-b39c3c455dfa" /><TestMethod codeBase="D:\ModelRelief\ModelRelief.test\bin\Debug\netcoreapp2.0\ModelRelief.Test.dll" adapterTypeName="executor://xunit/VsTestRunner2/netcoreapp" className="ModelRelief.Test.Integration.Meshes.MeshesBaseIntegrationTests" name="Put_CanUpdateModel" /></UnitTest><UnitTest name="PostFile_FileIsSynchronizedIsUpdatedAfterFileIsPosted" storage="d:\modelrelief\modelrelief.test\bin\debug\netcoreapp2.0\modelrelief.test.dll" id="9932d119-e00e-41c7-97d1-7e0729d304ca"><Execution id="7e02f7e7-6e1e-4df6-a81d-daa4f75ede4b" /><TestMethod codeBase="D:\ModelRelief\ModelRelief.test\bin\Debug\netcoreapp2.0\ModelRelief.Test.dll" adapterTypeName="executor://xunit/VsTestRunner2/netcoreapp" className="ModelRelief.Test.Integration.Models.ModelsFileIntegrationTests" name="PostFile_FileIsSynchronizedIsUpdatedAfterFileIsPosted" /></UnitTest><UnitTest name="Post_CanCreateNewModel" storage="d:\modelrelief\modelrelief.test\bin\debug\netcoreapp2.0\modelrelief.test.dll" id="f171ba0b-56cb-4aad-9e16-863d32bbd85d"><Execution id="0b18a304-f0f7-4530-8c99-f420bbd429df" /><TestMethod codeBase="D:\ModelRelief\ModelRelief.test\bin\Debug\netcoreapp2.0\ModelRelief.Test.dll" adapterTypeName="executor://xunit/VsTestRunner2/netcoreapp" className="ModelRelief.Test.Integration.Meshes.MeshesBaseIntegrationTests" name="Post_CanCreateNewModel" /></UnitTest><UnitTest name="Post_ValidReferencePropertyCreatesModel" storage="d:\modelrelief\modelrelief.test\bin\debug\netcoreapp2.0\modelrelief.test.dll" id="bea7cd08-8f51-44d0-a31d-918549c65e36"><Execution id="1a364792-9c29-4d60-85e9-3daa68100f01" /><TestMethod codeBase="D:\ModelRelief\ModelRelief.test\bin\Debug\netcoreapp2.0\ModelRelief.Test.dll" adapterTypeName="executor://xunit/VsTestRunner2/netcoreapp" className="ModelRelief.Test.Integration.Cameras.CamerasBaseIntegrationTests" name="Post_ValidReferencePropertyCreatesModel" /></UnitTest><UnitTest name="Patch_InvalidIdPropertyReturnsNotFound" storage="d:\modelrelief\modelrelief.test\bin\debug\netcoreapp2.0\modelrelief.test.dll" id="5aeac879-d668-446c-b958-842b391be840"><Execution id="4f73a8ca-5a29-421f-b4e3-3681185eb8bf" /><TestMethod codeBase="D:\ModelRelief\ModelRelief.test\bin\Debug\netcoreapp2.0\ModelRelief.Test.dll" adapterTypeName="executor://xunit/VsTestRunner2/netcoreapp" className="ModelRelief.Test.Integration.Models.ModelsBaseIntegrationTests" name="Patch_InvalidIdPropertyReturnsNotFound" /></UnitTest><UnitTest name="Put_ValidReferencePropertyUpdatesModel" storage="d:\modelrelief\modelrelief.test\bin\debug\netcoreapp2.0\modelrelief.test.dll" id="81ea7dc8-9296-4df7-88c1-ba90e124d7f5"><Execution id="b2fead4b-f869-4852-af2d-57e8a7c06b97" /><TestMethod codeBase="D:\ModelRelief\ModelRelief.test\bin\Debug\netcoreapp2.0\ModelRelief.Test.dll" adapterTypeName="executor://xunit/VsTestRunner2/netcoreapp" className="ModelRelief.Test.Integration.Cameras.CamerasBaseIntegrationTests" name="Put_ValidReferencePropertyUpdatesModel" /></UnitTest><UnitTest name="GetSingle_InvalidIdPropertyValueReturnsNotFound" storage="d:\modelrelief\modelrelief.test\bin\debug\netcoreapp2.0\modelrelief.test.dll" id="9552413d-54c8-4db5-b5a3-948eb08670d2"><Execution id="7ed13a02-b7ec-40bb-b2fd-373a8f421b17" /><TestMethod codeBase="D:\ModelRelief\ModelRelief.test\bin\Debug\netcoreapp2.0\ModelRelief.Test.dll" adapterTypeName="executor://xunit/VsTestRunner2/netcoreapp" className="ModelRelief.Test.Integration.Cameras.CamerasBaseIntegrationTests" name="GetSingle_InvalidIdPropertyValueReturnsNotFound" /></UnitTest><UnitTest name="Post_InvalidPropertyValueReturnsBadRequest" storage="d:\modelrelief\modelrelief.test\bin\debug\netcoreapp2.0\modelrelief.test.dll" id="5ce92f57-1fd3-4705-a402-60da030cce1e"><Execution id="c3b6eaf7-ddf9-41de-a33d-7f3fe996f5ae" /><TestMethod codeBase="D:\ModelRelief\ModelRelief.test\bin\Debug\netcoreapp2.0\ModelRelief.Test.dll" adapterTypeName="executor://xunit/VsTestRunner2/netcoreapp" className="ModelRelief.Test.Integration.Models.ModelsBaseIntegrationTests" name="Post_InvalidPropertyValueReturnsBadRequest" /></UnitTest><UnitTest name="Put_ValidReferencePropertyUpdatesModel" storage="d:\modelrelief\modelrelief.test\bin\debug\netcoreapp2.0\modelrelief.test.dll" id="693fe4a1-c3ac-4f94-b1a4-91b5fa4f5f49"><Execution id="69d37067-a4e4-40fe-81f0-d3e63c1ea2f9" /><TestMethod codeBase="D:\ModelRelief\ModelRelief.test\bin\Debug\netcoreapp2.0\ModelRelief.Test.dll" adapterTypeName="executor://xunit/VsTestRunner2/netcoreapp" className="ModelRelief.Test.Integration.MeshTransforms.MeshTransformsBaseIntegrationTests" name="Put_ValidReferencePropertyUpdatesModel" /></UnitTest><UnitTest name="Put_ValidReferencePropertyUpdatesModel" storage="d:\modelrelief\modelrelief.test\bin\debug\netcoreapp2.0\modelrelief.test.dll" id="274af1a4-563e-4876-b041-4dadcce3b2ea"><Execution id="76c0ce8d-4490-45b5-a84f-c76a75bce486" /><TestMethod codeBase="D:\ModelRelief\ModelRelief.test\bin\Debug\netcoreapp2.0\ModelRelief.Test.dll" adapterTypeName="executor://xunit/VsTestRunner2/netcoreapp" className="ModelRelief.Test.Integration.Projects.ProjectsBaseIntegrationTests" name="Put_ValidReferencePropertyUpdatesModel" /></UnitTest><UnitTest name="Patch_InvalidPropertyNameReturnsBadRequest" storage="d:\modelrelief\modelrelief.test\bin\debug\netcoreapp2.0\modelrelief.test.dll" id="3c5b9ceb-8a01-479f-98ef-e35a706964b8"><Execution id="dbbfa57e-8e1d-4757-8d59-0e75dac3ce48" /><TestMethod codeBase="D:\ModelRelief\ModelRelief.test\bin\Debug\netcoreapp2.0\ModelRelief.Test.dll" adapterTypeName="executor://xunit/VsTestRunner2/netcoreapp" className="ModelRelief.Test.Integration.Meshes.MeshesBaseIntegrationTests" name="Patch_InvalidPropertyNameReturnsBadRequest" /></UnitTest><UnitTest name="Post_CanCreateNewModel" storage="d:\modelrelief\modelrelief.test\bin\debug\netcoreapp2.0\modelrelief.test.dll" id="a95a106d-9aa4-4a4c-8972-35f81d8143a6"><Execution id="e9427c6a-4c42-4231-9b30-5fd708f6a92f" /><TestMethod codeBase="D:\ModelRelief\ModelRelief.test\bin\Debug\netcoreapp2.0\ModelRelief.Test.dll" adapterTypeName="executor://xunit/VsTestRunner2/netcoreapp" className="ModelRelief.Test.Integration.DepthBuffers.DepthBuffersBaseIntegrationTests" name="Post_CanCreateNewModel" /></UnitTest><UnitTest name="Patch_MultipleInvalidReferencePropertiesReturnsMultipleValidationErrorsAndBadRequest" storage="d:\modelrelief\modelrelief.test\bin\debug\netcoreapp2.0\modelrelief.test.dll" id="002a3b8f-0188-4f6d-8b05-09bb36121219"><Execution id="3b0b6023-f56f-4263-9d6f-a86775e52ce3" /><TestMethod codeBase="D:\ModelRelief\ModelRelief.test\bin\Debug\netcoreapp2.0\ModelRelief.Test.dll" adapterTypeName="executor://xunit/VsTestRunner2/netcoreapp" className="ModelRelief.Test.Integration.Models.ModelsBaseIntegrationTests" name="Patch_MultipleInvalidReferencePropertiesReturnsMultipleValidationErrorsAndBadRequest" /></UnitTest><UnitTest name="Patch_ValidReferencePropertyUpdatesModel" storage="d:\modelrelief\modelrelief.test\bin\debug\netcoreapp2.0\modelrelief.test.dll" id="13dcc1f6-b9b0-4b5f-a77b-666de45fe3f8"><Execution id="cb17fdbb-28f9-4d07-8f0f-eb0e6d88727c" /><TestMethod codeBase="D:\ModelRelief\ModelRelief.test\bin\Debug\netcoreapp2.0\ModelRelief.Test.dll" adapterTypeName="executor://xunit/VsTestRunner2/netcoreapp" className="ModelRelief.Test.Integration.Meshes.MeshesBaseIntegrationTests" name="Patch_ValidReferencePropertyUpdatesModel" /></UnitTest><UnitTest name="PostFile_NewFileCanBePosted" storage="d:\modelrelief\modelrelief.test\bin\debug\netcoreapp2.0\modelrelief.test.dll" id="bbf5e230-8840-4f0e-8a8a-d89db77fba81"><Execution id="3a46b718-2122-4528-9def-ceacd48d3cce" /><TestMethod codeBase="D:\ModelRelief\ModelRelief.test\bin\Debug\netcoreapp2.0\ModelRelief.Test.dll" adapterTypeName="executor://xunit/VsTestRunner2/netcoreapp" className="ModelRelief.Test.Integration.DepthBuffers.DepthBuffersFileIntegrationTests" name="PostFile_NewFileCanBePosted" /></UnitTest><UnitTest name="Put_CanUpdateModel" storage="d:\modelrelief\modelrelief.test\bin\debug\netcoreapp2.0\modelrelief.test.dll" id="42974c63-0e51-49b3-bf84-b1890f74aff7"><Execution id="c56c65e5-2eef-491f-8b68-e6680e33b1b6" /><TestMethod codeBase="D:\ModelRelief\ModelRelief.test\bin\Debug\netcoreapp2.0\ModelRelief.Test.dll" adapterTypeName="executor://xunit/VsTestRunner2/netcoreapp" className="ModelRelief.Test.Integration.Cameras.CamerasBaseIntegrationTests" name="Put_CanUpdateModel" /></UnitTest><UnitTest name="Patch_MultipleInvalidReferencePropertiesReturnsMultipleValidationErrorsAndBadRequest" storage="d:\modelrelief\modelrelief.test\bin\debug\netcoreapp2.0\modelrelief.test.dll" id="d61ce280-62c5-40d8-ba83-82a24fe9e8e3"><Execution id="5d9af0ec-9fd1-4fa0-a7ad-78fe220c5452" /><TestMethod codeBase="D:\ModelRelief\ModelRelief.test\bin\Debug\netcoreapp2.0\ModelRelief.Test.dll" adapterTypeName="executor://xunit/VsTestRunner2/netcoreapp" className="ModelRelief.Test.Integration.MeshTransforms.MeshTransformsBaseIntegrationTests" name="Patch_MultipleInvalidReferencePropertiesReturnsMultipleValidationErrorsAndBadRequest" /></UnitTest><UnitTest name="Patch_MultipleInvalidReferencePropertiesReturnsMultipleValidationErrorsAndBadRequest" storage="d:\modelrelief\modelrelief.test\bin\debug\netcoreapp2.0\modelrelief.test.dll" id="19fed825-fb36-4bad-8c1e-395cf5a3a422"><Execution id="a91b99c7-60df-452b-9d35-aa61f9bfb853" /><TestMethod codeBase="D:\ModelRelief\ModelRelief.test\bin\Debug\netcoreapp2.0\ModelRelief.Test.dll" adapterTypeName="executor://xunit/VsTestRunner2/netcoreapp" className="ModelRelief.Test.Integration.Projects.ProjectsBaseIntegrationTests" name="Patch_MultipleInvalidReferencePropertiesReturnsMultipleValidationErrorsAndBadRequest" /></UnitTest><UnitTest name="Patch_InvalidEnumPropertyValueReturnsBadRequest" storage="d:\modelrelief\modelrelief.test\bin\debug\netcoreapp2.0\modelrelief.test.dll" id="5fe5d49f-cf68-42c2-9082-080d4b6f6668"><Execution id="503dc5d0-5b62-469d-8c64-e6b5bf2916ec" /><TestMethod codeBase="D:\ModelRelief\ModelRelief.test\bin\Debug\netcoreapp2.0\ModelRelief.Test.dll" adapterTypeName="executor://xunit/VsTestRunner2/netcoreapp" className="ModelRelief.Test.Integration.Meshes.MeshesBaseIntegrationTests" name="Patch_InvalidEnumPropertyValueReturnsBadRequest" /></UnitTest><UnitTest name="LucyModel3dHasTwoDependents" storage="d:\modelrelief\modelrelief.test\bin\debug\netcoreapp2.0\modelrelief.test.dll" id="b0c1114b-3d49-4f3a-9300-d0c201b70661"><Execution id="e88545e4-7ca5-49bc-9154-7a2b7ba331d3" /><TestMethod codeBase="D:\ModelRelief\ModelRelief.test\bin\Debug\netcoreapp2.0\ModelRelief.Test.dll" adapterTypeName="executor://xunit/VsTestRunner2/netcoreapp" className="ModelRelief.Test.Unit.DependencyManager.DependencyManagerTests" name="LucyModel3dHasTwoDependents" /></UnitTest><UnitTest name="GetSingle_ValidIdPropertyValueReturnsCorrectModel" storage="d:\modelrelief\modelrelief.test\bin\debug\netcoreapp2.0\modelrelief.test.dll" id="02000cc4-c2fc-4fea-851b-d670c2fbff8d"><Execution id="336de0f1-388d-4511-b4e8-1374bd46910a" /><TestMethod codeBase="D:\ModelRelief\ModelRelief.test\bin\Debug\netcoreapp2.0\ModelRelief.Test.dll" adapterTypeName="executor://xunit/VsTestRunner2/netcoreapp" className="ModelRelief.Test.Integration.Projects.ProjectsBaseIntegrationTests" name="GetSingle_ValidIdPropertyValueReturnsCorrectModel" /></UnitTest><UnitTest name="Post_InvalidPropertyValueReturnsBadRequest" storage="d:\modelrelief\modelrelief.test\bin\debug\netcoreapp2.0\modelrelief.test.dll" id="a4409e90-00e1-476e-b3e1-9556ac6179eb"><Execution id="353b8862-89dd-4faa-9583-93b289bf6307" /><TestMethod codeBase="D:\ModelRelief\ModelRelief.test\bin\Debug\netcoreapp2.0\ModelRelief.Test.dll" adapterTypeName="executor://xunit/VsTestRunner2/netcoreapp" className="ModelRelief.Test.Integration.DepthBuffers.DepthBuffersBaseIntegrationTests" name="Post_InvalidPropertyValueReturnsBadRequest" /></UnitTest><UnitTest name="Post_InvalidReferencePropertyReturnsBadRequest" storage="d:\modelrelief\modelrelief.test\bin\debug\netcoreapp2.0\modelrelief.test.dll" id="7cc7b4f8-99e9-4b08-8537-68a6b83bc200"><Execution id="8b941a68-6ffd-4393-af7c-efb89cdab357" /><TestMethod codeBase="D:\ModelRelief\ModelRelief.test\bin\Debug\netcoreapp2.0\ModelRelief.Test.dll" adapterTypeName="executor://xunit/VsTestRunner2/netcoreapp" className="ModelRelief.Test.Integration.Projects.ProjectsBaseIntegrationTests" name="Post_InvalidReferencePropertyReturnsBadRequest" /></UnitTest><UnitTest name="GetSingle_InvalidIdPropertyValueReturnsNotFound" storage="d:\modelrelief\modelrelief.test\bin\debug\netcoreapp2.0\modelrelief.test.dll" id="9c1d8d85-6092-40fb-a702-76e07ef7bf50"><Execution id="c77abd45-38ec-4cd4-aa0a-e4aa7347b642" /><TestMethod codeBase="D:\ModelRelief\ModelRelief.test\bin\Debug\netcoreapp2.0\ModelRelief.Test.dll" adapterTypeName="executor://xunit/VsTestRunner2/netcoreapp" className="ModelRelief.Test.Integration.DepthBuffers.DepthBuffersBaseIntegrationTests" name="GetSingle_InvalidIdPropertyValueReturnsNotFound" /></UnitTest><UnitTest name="Patch_MultipleInvalidReferencePropertiesReturnsMultipleValidationErrorsAndBadRequest" storage="d:\modelrelief\modelrelief.test\bin\debug\netcoreapp2.0\modelrelief.test.dll" id="88f855cf-427c-4435-bd39-bd0599a48ba1"><Execution id="13ba6f8a-42e1-447f-a5f3-d8af278cd5d8" /><TestMethod codeBase="D:\ModelRelief\ModelRelief.test\bin\Debug\netcoreapp2.0\ModelRelief.Test.dll" adapterTypeName="executor://xunit/VsTestRunner2/netcoreapp" className="ModelRelief.Test.Integration.Cameras.CamerasBaseIntegrationTests" name="Patch_MultipleInvalidReferencePropertiesReturnsMultipleValidationErrorsAndBadRequest" /></UnitTest><UnitTest name="Put_ValidReferencePropertyUpdatesModel" storage="d:\modelrelief\modelrelief.test\bin\debug\netcoreapp2.0\modelrelief.test.dll" id="14c6a972-bff0-4257-a311-9b52063356a8"><Execution id="5a52f02a-7eae-4a07-8e6a-e33874956af1" /><TestMethod codeBase="D:\ModelRelief\ModelRelief.test\bin\Debug\netcoreapp2.0\ModelRelief.Test.dll" adapterTypeName="executor://xunit/VsTestRunner2/netcoreapp" className="ModelRelief.Test.Integration.Meshes.MeshesBaseIntegrationTests" name="Put_ValidReferencePropertyUpdatesModel" /></UnitTest><UnitTest name="Patch_TargetPropertyIsUpdated" storage="d:\modelrelief\modelrelief.test\bin\debug\netcoreapp2.0\modelrelief.test.dll" id="8ed8578c-d108-438c-9d71-ff4d2113048c"><Execution id="ac1553a7-1000-408f-9f53-4722cbd669e9" /><TestMethod codeBase="D:\ModelRelief\ModelRelief.test\bin\Debug\netcoreapp2.0\ModelRelief.Test.dll" adapterTypeName="executor://xunit/VsTestRunner2/netcoreapp" className="ModelRelief.Test.Integration.Projects.ProjectsBaseIntegrationTests" name="Patch_TargetPropertyIsUpdated" /></UnitTest><UnitTest name="Put_CanUpdateModel" storage="d:\modelrelief\modelrelief.test\bin\debug\netcoreapp2.0\modelrelief.test.dll" id="0d65e98e-1983-4c7e-996b-6ccef5ef2acd"><Execution id="b7338045-1975-45ed-b200-8d0b0a64d9ab" /><TestMethod codeBase="D:\ModelRelief\ModelRelief.test\bin\Debug\netcoreapp2.0\ModelRelief.Test.dll" adapterTypeName="executor://xunit/VsTestRunner2/netcoreapp" className="ModelRelief.Test.Integration.MeshTransforms.MeshTransformsBaseIntegrationTests" name="Put_CanUpdateModel" /></UnitTest><UnitTest name="Delete_TargetModelIsDeleted" storage="d:\modelrelief\modelrelief.test\bin\debug\netcoreapp2.0\modelrelief.test.dll" id="93313fea-776b-4ec3-aae2-e647e4b9ffb7"><Execution id="dac0215b-fe92-409b-adb5-e1082f919195" /><TestMethod codeBase="D:\ModelRelief\ModelRelief.test\bin\Debug\netcoreapp2.0\ModelRelief.Test.dll" adapterTypeName="executor://xunit/VsTestRunner2/netcoreapp" className="ModelRelief.Test.Integration.Projects.ProjectsBaseIntegrationTests" name="Delete_TargetModelIsDeleted" /></UnitTest><UnitTest name="Patch_InvalidEnumPropertyValueReturnsBadRequest" storage="d:\modelrelief\modelrelief.test\bin\debug\netcoreapp2.0\modelrelief.test.dll" id="c7cd76d1-7c6b-4688-9bbe-7e650e3e234c"><Execution id="b66b254e-9a8f-4db8-953c-314503db9e9d" /><TestMethod codeBase="D:\ModelRelief\ModelRelief.test\bin\Debug\netcoreapp2.0\ModelRelief.Test.dll" adapterTypeName="executor://xunit/VsTestRunner2/netcoreapp" className="ModelRelief.Test.Integration.DepthBuffers.DepthBuffersBaseIntegrationTests" name="Patch_InvalidEnumPropertyValueReturnsBadRequest" /></UnitTest><UnitTest name="Put_InvalidReferencePropertyReturndBadRequest" storage="d:\modelrelief\modelrelief.test\bin\debug\netcoreapp2.0\modelrelief.test.dll" id="9d8b7027-78f7-4206-a666-17b3f58d3d3b"><Execution id="cd312562-598b-4e7b-b039-268e5993d7ed" /><TestMethod codeBase="D:\ModelRelief\ModelRelief.test\bin\Debug\netcoreapp2.0\ModelRelief.Test.dll" adapterTypeName="executor://xunit/VsTestRunner2/netcoreapp" className="ModelRelief.Test.Integration.MeshTransforms.MeshTransformsBaseIntegrationTests" name="Put_InvalidReferencePropertyReturndBadRequest" /></UnitTest><UnitTest name="Post_CanCreateNewModel" storage="d:\modelrelief\modelrelief.test\bin\debug\netcoreapp2.0\modelrelief.test.dll" id="c2c29d56-a27c-4173-b84a-cdaef2cd8d3d"><Execution id="6a870a3b-ef23-40be-b88a-62f3e85f2499" /><TestMethod codeBase="D:\ModelRelief\ModelRelief.test\bin\Debug\netcoreapp2.0\ModelRelief.Test.dll" adapterTypeName="executor://xunit/VsTestRunner2/netcoreapp" className="ModelRelief.Test.Integration.Cameras.CamerasBaseIntegrationTests" name="Post_CanCreateNewModel" /></UnitTest><UnitTest name="Patch_TargetPropertyIsUpdated" storage="d:\modelrelief\modelrelief.test\bin\debug\netcoreapp2.0\modelrelief.test.dll" id="25ad88ed-be69-478b-b041-7205a5af6f20"><Execution id="e9dccac9-b7b5-44b9-87c6-7a1e36187b51" /><TestMethod codeBase="D:\ModelRelief\ModelRelief.test\bin\Debug\netcoreapp2.0\ModelRelief.Test.dll" adapterTypeName="executor://xunit/VsTestRunner2/netcoreapp" className="ModelRelief.Test.Integration.DepthBuffers.DepthBuffersBaseIntegrationTests" name="Patch_TargetPropertyIsUpdated" /></UnitTest><UnitTest name="FileRequest_FileCanBeReadAfterRename" storage="d:\modelrelief\modelrelief.test\bin\debug\netcoreapp2.0\modelrelief.test.dll" id="50219e6c-5213-4a17-a7f0-595a85078f51"><Execution id="231322ff-4caa-4a6b-ad5c-9896308364d3" /><TestMethod codeBase="D:\ModelRelief\ModelRelief.test\bin\Debug\netcoreapp2.0\ModelRelief.Test.dll" adapterTypeName="executor://xunit/VsTestRunner2/netcoreapp" className="ModelRelief.Test.Integration.Meshes.MeshesFileIntegrationTests" name="FileRequest_FileCanBeReadAfterRename" /></UnitTest><UnitTest name="Post_InvalidReferencePropertyReturnsBadRequest" storage="d:\modelrelief\modelrelief.test\bin\debug\netcoreapp2.0\modelrelief.test.dll" id="55015f74-84c6-479e-8219-5e79f3699958"><Execution id="eb2d2c19-371f-485d-a45d-e9702cf25494" /><TestMethod codeBase="D:\ModelRelief\ModelRelief.test\bin\Debug\netcoreapp2.0\ModelRelief.Test.dll" adapterTypeName="executor://xunit/VsTestRunner2/netcoreapp" className="ModelRelief.Test.Integration.Models.ModelsBaseIntegrationTests" name="Post_InvalidReferencePropertyReturnsBadRequest" /></UnitTest><UnitTest name="PutFile_NewFileCanBePut" storage="d:\modelrelief\modelrelief.test\bin\debug\netcoreapp2.0\modelrelief.test.dll" id="efc7bf6c-a311-40fc-8ad0-a7d46f92415a"><Execution id="f2d6c1b1-0164-443f-9c81-2a60c64eaacb" /><TestMethod codeBase="D:\ModelRelief\ModelRelief.test\bin\Debug\netcoreapp2.0\ModelRelief.Test.dll" adapterTypeName="executor://xunit/VsTestRunner2/netcoreapp" className="ModelRelief.Test.Integration.DepthBuffers.DepthBuffersFileIntegrationTests" name="PutFile_NewFileCanBePut" /></UnitTest><UnitTest name="GetList_ListReturnsCorrectCount" storage="d:\modelrelief\modelrelief.test\bin\debug\netcoreapp2.0\modelrelief.test.dll" id="cfcadd04-4736-42a0-8b96-40c5fcee4109"><Execution id="d0e8a70a-4eb7-41d4-9466-2e35c4ce7ea1" /><TestMethod codeBase="D:\ModelRelief\ModelRelief.test\bin\Debug\netcoreapp2.0\ModelRelief.Test.dll" adapterTypeName="executor://xunit/VsTestRunner2/netcoreapp" className="ModelRelief.Test.Integration.DepthBuffers.DepthBuffersBaseIntegrationTests" name="GetList_ListReturnsCorrectCount" /></UnitTest><UnitTest name="GetList_ListReturnsCorrectCount" storage="d:\modelrelief\modelrelief.test\bin\debug\netcoreapp2.0\modelrelief.test.dll" id="271cdd46-405c-4a4a-98df-27cc8bad9aa0"><Execution id="fe9fcb45-1855-4f49-9ff4-a9ae8f9f215d" /><TestMethod codeBase="D:\ModelRelief\ModelRelief.test\bin\Debug\netcoreapp2.0\ModelRelief.Test.dll" adapterTypeName="executor://xunit/VsTestRunner2/netcoreapp" className="ModelRelief.Test.Integration.Meshes.MeshesBaseIntegrationTests" name="GetList_ListReturnsCorrectCount" /></UnitTest><UnitTest name="PutFile_NewFileCanBePut" storage="d:\modelrelief\modelrelief.test\bin\debug\netcoreapp2.0\modelrelief.test.dll" id="20cddfe7-e773-49d6-b1b8-b29fb07e8edf"><Execution id="7ff013ac-6a0f-4786-b3ab-dd8f507755bf" /><TestMethod codeBase="D:\ModelRelief\ModelRelief.test\bin\Debug\netcoreapp2.0\ModelRelief.Test.dll" adapterTypeName="executor://xunit/VsTestRunner2/netcoreapp" className="ModelRelief.Test.Integration.Meshes.MeshesFileIntegrationTests" name="PutFile_NewFileCanBePut" /></UnitTest><UnitTest name="Patch_MultipleInvalidReferencePropertiesReturnsMultipleValidationErrorsAndBadRequest" storage="d:\modelrelief\modelrelief.test\bin\debug\netcoreapp2.0\modelrelief.test.dll" id="fafa74c6-99a1-4d38-8b3a-b05d8e0ce961"><Execution id="39cb7ab5-5f3b-4368-9a71-54fcd8f067ab" /><TestMethod codeBase="D:\ModelRelief\ModelRelief.test\bin\Debug\netcoreapp2.0\ModelRelief.Test.dll" adapterTypeName="executor://xunit/VsTestRunner2/netcoreapp" className="ModelRelief.Test.Integration.Meshes.MeshesBaseIntegrationTests" name="Patch_MultipleInvalidReferencePropertiesReturnsMultipleValidationErrorsAndBadRequest" /></UnitTest><UnitTest name="Put_InvalidReferencePropertyReturndBadRequest" storage="d:\modelrelief\modelrelief.test\bin\debug\netcoreapp2.0\modelrelief.test.dll" id="f26b186b-02a3-4d54-b01f-30925fd44ba3"><Execution id="e29fbd45-79a5-4a4a-bce2-729450ca392e" /><TestMethod codeBase="D:\ModelRelief\ModelRelief.test\bin\Debug\netcoreapp2.0\ModelRelief.Test.dll" adapterTypeName="executor://xunit/VsTestRunner2/netcoreapp" className="ModelRelief.Test.Integration.Meshes.MeshesBaseIntegrationTests" name="Put_InvalidReferencePropertyReturndBadRequest" /></UnitTest><UnitTest name="Post_ValidReferencePropertyCreatesModel" storage="d:\modelrelief\modelrelief.test\bin\debug\netcoreapp2.0\modelrelief.test.dll" id="b62fe6fc-1ac3-48d0-9843-399e193641bf"><Execution id="b365dff0-c84f-4372-b264-38948b16f56b" /><TestMethod codeBase="D:\ModelRelief\ModelRelief.test\bin\Debug\netcoreapp2.0\ModelRelief.Test.dll" adapterTypeName="executor://xunit/VsTestRunner2/netcoreapp" className="ModelRelief.Test.Integration.Meshes.MeshesBaseIntegrationTests" name="Post_ValidReferencePropertyCreatesModel" /></UnitTest><UnitTest name="DepthBufferHasExpectedDependentFiles" storage="d:\modelrelief\modelrelief.test\bin\debug\netcoreapp2.0\modelrelief.test.dll" id="8696b4b6-f0f2-4235-8ad1-73bef20326bc"><Execution id="efe7307f-ac70-4e47-a3c6-eadda1cfc3de" /><TestMethod codeBase="D:\ModelRelief\ModelRelief.test\bin\Debug\netcoreapp2.0\ModelRelief.Test.dll" adapterTypeName="executor://xunit/VsTestRunner2/netcoreapp" className="ModelRelief.Test.Unit.DependencyManager.DependencyManagerTests" name="DepthBufferHasExpectedDependentFiles" /></UnitTest><UnitTest name="GetSingle_ValidIdPropertyValueReturnsCorrectModel" storage="d:\modelrelief\modelrelief.test\bin\debug\netcoreapp2.0\modelrelief.test.dll" id="1d0ae986-7940-42da-b7b8-b8a1787caadc"><Execution id="8ebd37d5-981e-4706-9db4-eca278940f1a" /><TestMethod codeBase="D:\ModelRelief\ModelRelief.test\bin\Debug\netcoreapp2.0\ModelRelief.Test.dll" adapterTypeName="executor://xunit/VsTestRunner2/netcoreapp" className="ModelRelief.Test.Integration.Meshes.MeshesBaseIntegrationTests" name="GetSingle_ValidIdPropertyValueReturnsCorrectModel" /></UnitTest><UnitTest name="Post_InvalidPropertyValueReturnsBadRequest" storage="d:\modelrelief\modelrelief.test\bin\debug\netcoreapp2.0\modelrelief.test.dll" id="4f6a3c4c-a88f-4524-8788-db2cd091f94e"><Execution id="79d3e487-9662-45b2-b119-a37d4b3a3bf3" /><TestMethod codeBase="D:\ModelRelief\ModelRelief.test\bin\Debug\netcoreapp2.0\ModelRelief.Test.dll" adapterTypeName="executor://xunit/VsTestRunner2/netcoreapp" className="ModelRelief.Test.Integration.MeshTransforms.MeshTransformsBaseIntegrationTests" name="Post_InvalidPropertyValueReturnsBadRequest" /></UnitTest><UnitTest name="Put_CanUpdateModel" storage="d:\modelrelief\modelrelief.test\bin\debug\netcoreapp2.0\modelrelief.test.dll" id="a7a72544-fd55-495a-ad0a-6fe4bdefc10d"><Execution id="808fe33e-1d88-4441-a90d-ca826047404a" /><TestMethod codeBase="D:\ModelRelief\ModelRelief.test\bin\Debug\netcoreapp2.0\ModelRelief.Test.dll" adapterTypeName="executor://xunit/VsTestRunner2/netcoreapp" className="ModelRelief.Test.Integration.DepthBuffers.DepthBuffersBaseIntegrationTests" name="Put_CanUpdateModel" /></UnitTest><UnitTest name="GetSingle_ValidIdPropertyValueReturnsCorrectModel" storage="d:\modelrelief\modelrelief.test\bin\debug\netcoreapp2.0\modelrelief.test.dll" id="2e4cdfa1-e4fe-478d-b724-5a1169b143bf"><Execution id="a1e2fcfd-870f-4e47-99b1-89ced5a4a7e8" /><TestMethod codeBase="D:\ModelRelief\ModelRelief.test\bin\Debug\netcoreapp2.0\ModelRelief.Test.dll" adapterTypeName="executor://xunit/VsTestRunner2/netcoreapp" className="ModelRelief.Test.Integration.DepthBuffers.DepthBuffersBaseIntegrationTests" name="GetSingle_ValidIdPropertyValueReturnsCorrectModel" /></UnitTest><UnitTest name="Patch_InvalidPropertyNameReturnsBadRequest" storage="d:\modelrelief\modelrelief.test\bin\debug\netcoreapp2.0\modelrelief.test.dll" id="658d39e8-cb81-46b9-8391-3e0461e07fcb"><Execution id="5eee684a-9faf-4d81-832b-608f0b08c38f" /><TestMethod codeBase="D:\ModelRelief\ModelRelief.test\bin\Debug\netcoreapp2.0\ModelRelief.Test.dll" adapterTypeName="executor://xunit/VsTestRunner2/netcoreapp" className="ModelRelief.Test.Integration.DepthBuffers.DepthBuffersBaseIntegrationTests" name="Patch_InvalidPropertyNameReturnsBadRequest" /></UnitTest><UnitTest name="CameraHasExpectedDependentFiles" storage="d:\modelrelief\modelrelief.test\bin\debug\netcoreapp2.0\modelrelief.test.dll" id="a6c32349-c10e-4fc1-86de-de9cbbe19356"><Execution id="ef1d63ff-3095-43c8-b999-a6faa9cffccb" /><TestMethod codeBase="D:\ModelRelief\ModelRelief.test\bin\Debug\netcoreapp2.0\ModelRelief.Test.dll" adapterTypeName="executor://xunit/VsTestRunner2/netcoreapp" className="ModelRelief.Test.Unit.DependencyManager.DependencyManagerTests" name="CameraHasExpectedDependentFiles" /></UnitTest><UnitTest name="GetFile_FileCanBeRoundTripped" storage="d:\modelrelief\modelrelief.test\bin\debug\netcoreapp2.0\modelrelief.test.dll" id="fa595702-b8b0-487c-baab-69776855a98d"><Execution id="03ba403e-4838-4b1e-bf81-4acf6d31f7ea" /><TestMethod codeBase="D:\ModelRelief\ModelRelief.test\bin\Debug\netcoreapp2.0\ModelRelief.Test.dll" adapterTypeName="executor://xunit/VsTestRunner2/netcoreapp" className="ModelRelief.Test.Integration.DepthBuffers.DepthBuffersFileIntegrationTests" name="GetFile_FileCanBeRoundTripped" /></UnitTest><UnitTest name="Patch_InvalidIdPropertyReturnsNotFound" storage="d:\modelrelief\modelrelief.test\bin\debug\netcoreapp2.0\modelrelief.test.dll" id="0e2b24f8-e21d-4cb2-976d-61ef901b50c9"><Execution id="3ce7e2c5-cc40-4f62-b703-b4a1d3a5eaa7" /><TestMethod codeBase="D:\ModelRelief\ModelRelief.test\bin\Debug\netcoreapp2.0\ModelRelief.Test.dll" adapterTypeName="executor://xunit/VsTestRunner2/netcoreapp" className="ModelRelief.Test.Integration.Cameras.CamerasBaseIntegrationTests" name="Patch_InvalidIdPropertyReturnsNotFound" /></UnitTest><UnitTest name="PutFile_FileCanBeUpdated" storage="d:\modelrelief\modelrelief.test\bin\debug\netcoreapp2.0\modelrelief.test.dll" id="34e37ded-6f83-4dc3-95f1-502651c2f421"><Execution id="77495b7c-9bd7-4aeb-b59e-15b3e560fdb1" /><TestMethod codeBase="D:\ModelRelief\ModelRelief.test\bin\Debug\netcoreapp2.0\ModelRelief.Test.dll" adapterTypeName="executor://xunit/VsTestRunner2/netcoreapp" className="ModelRelief.Test.Integration.DepthBuffers.DepthBuffersFileIntegrationTests" name="PutFile_FileCanBeUpdated" /></UnitTest><UnitTest name="Patch_InvalidIdPropertyReturnsNotFound" storage="d:\modelrelief\modelrelief.test\bin\debug\netcoreapp2.0\modelrelief.test.dll" id="e9d94671-ab63-4494-9278-884ae2da8323"><Execution id="1b266c40-0de2-4c41-a0d2-d36ddbca8539" /><TestMethod codeBase="D:\ModelRelief\ModelRelief.test\bin\Debug\netcoreapp2.0\ModelRelief.Test.dll" adapterTypeName="executor://xunit/VsTestRunner2/netcoreapp" className="ModelRelief.Test.Integration.DepthBuffers.DepthBuffersBaseIntegrationTests" name="Patch_InvalidIdPropertyReturnsNotFound" /></UnitTest><UnitTest name="Put_ValidReferencePropertyUpdatesModel" storage="d:\modelrelief\modelrelief.test\bin\debug\netcoreapp2.0\modelrelief.test.dll" id="cff2fec8-00c1-49a3-85b9-65a5a1bdf4f0"><Execution id="1da847d2-c707-42dc-a031-3c14d1de67a6" /><TestMethod codeBase="D:\ModelRelief\ModelRelief.test\bin\Debug\netcoreapp2.0\ModelRelief.Test.dll" adapterTypeName="executor://xunit/VsTestRunner2/netcoreapp" className="ModelRelief.Test.Integration.Models.ModelsBaseIntegrationTests" name="Put_ValidReferencePropertyUpdatesModel" /></UnitTest><UnitTest name="Patch_ValidReferencePropertyUpdatesModel" storage="d:\modelrelief\modelrelief.test\bin\debug\netcoreapp2.0\modelrelief.test.dll" id="89e6cd58-4a21-4210-8a0f-c1c7df4d052e"><Execution id="12683f47-18d5-4e2b-b6a3-6f466798a58d" /><TestMethod codeBase="D:\ModelRelief\ModelRelief.test\bin\Debug\netcoreapp2.0\ModelRelief.Test.dll" adapterTypeName="executor://xunit/VsTestRunner2/netcoreapp" className="ModelRelief.Test.Integration.DepthBuffers.DepthBuffersBaseIntegrationTests" name="Patch_ValidReferencePropertyUpdatesModel" /></UnitTest><UnitTest name="Delete_TargetModelIsDeleted" storage="d:\modelrelief\modelrelief.test\bin\debug\netcoreapp2.0\modelrelief.test.dll" id="ee4039b1-8c5e-481c-8747-991c8e13cd89"><Execution id="009a8314-efe0-4f53-89c6-4a52b3b1cfcc" /><TestMethod codeBase="D:\ModelRelief\ModelRelief.test\bin\Debug\netcoreapp2.0\ModelRelief.Test.dll" adapterTypeName="executor://xunit/VsTestRunner2/netcoreapp" className="ModelRelief.Test.Integration.Cameras.CamerasBaseIntegrationTests" name="Delete_TargetModelIsDeleted" /></UnitTest><UnitTest name="Patch_InvalidIdPropertyReturnsNotFound" storage="d:\modelrelief\modelrelief.test\bin\debug\netcoreapp2.0\modelrelief.test.dll" id="0eb650fe-f3d3-41e7-a8fb-a29fd666828b"><Execution id="37d1e23d-7bca-47f7-8f66-2432debe3f06" /><TestMethod codeBase="D:\ModelRelief\ModelRelief.test\bin\Debug\netcoreapp2.0\ModelRelief.Test.dll" adapterTypeName="executor://xunit/VsTestRunner2/netcoreapp" className="ModelRelief.Test.Integration.Projects.ProjectsBaseIntegrationTests" name="Patch_InvalidIdPropertyReturnsNotFound" /></UnitTest><UnitTest name="Put_InvalidIdReturnsNotFound" storage="d:\modelrelief\modelrelief.test\bin\debug\netcoreapp2.0\modelrelief.test.dll" id="fe8751ba-115b-44e4-bc70-f85bdca150a5"><Execution id="69376c89-ef23-49d3-a4c2-e8c6f844d16f" /><TestMethod codeBase="D:\ModelRelief\ModelRelief.test\bin\Debug\netcoreapp2.0\ModelRelief.Test.dll" adapterTypeName="executor://xunit/VsTestRunner2/netcoreapp" className="ModelRelief.Test.Integration.Models.ModelsBaseIntegrationTests" name="Put_InvalidIdReturnsNotFound" /></UnitTest><UnitTest name="Patch_InvalidReferencePropertyReturnsBadRequest" storage="d:\modelrelief\modelrelief.test\bin\debug\netcoreapp2.0\modelrelief.test.dll" id="8e567a7c-556d-47fd-9827-bbaebdafe994"><Execution id="8aca352d-a606-4b1d-957c-628f96c77fd6" /><TestMethod codeBase="D:\ModelRelief\ModelRelief.test\bin\Debug\netcoreapp2.0\ModelRelief.Test.dll" adapterTypeName="executor://xunit/VsTestRunner2/netcoreapp" className="ModelRelief.Test.Integration.Models.ModelsBaseIntegrationTests" name="Patch_InvalidReferencePropertyReturnsBadRequest" /></UnitTest><UnitTest name="GetSingle_ValidIdPropertyValueReturnsCorrectModel" storage="d:\modelrelief\modelrelief.test\bin\debug\netcoreapp2.0\modelrelief.test.dll" id="1dc86aef-7ff6-4b04-811e-d4b9b9d0c605"><Execution id="2476c046-bb6d-4ea0-8af2-b9ef66eaeac1" /><TestMethod codeBase="D:\ModelRelief\ModelRelief.test\bin\Debug\netcoreapp2.0\ModelRelief.Test.dll" adapterTypeName="executor://xunit/VsTestRunner2/netcoreapp" className="ModelRelief.Test.Integration.MeshTransforms.MeshTransformsBaseIntegrationTests" name="GetSingle_ValidIdPropertyValueReturnsCorrectModel" /></UnitTest><UnitTest name="Post_InvalidReferencePropertyReturnsBadRequest" storage="d:\modelrelief\modelrelief.test\bin\debug\netcoreapp2.0\modelrelief.test.dll" id="cf86dddc-3a64-470f-97d6-a770019803ea"><Execution id="6c3b7887-5bca-4b2f-aa8d-0fff070fb18d" /><TestMethod codeBase="D:\ModelRelief\ModelRelief.test\bin\Debug\netcoreapp2.0\ModelRelief.Test.dll" adapterTypeName="executor://xunit/VsTestRunner2/netcoreapp" className="ModelRelief.Test.Integration.Cameras.CamerasBaseIntegrationTests" name="Post_InvalidReferencePropertyReturnsBadRequest" /></UnitTest><UnitTest name="Delete_TargetModelIsDeleted" storage="d:\modelrelief\modelrelief.test\bin\debug\netcoreapp2.0\modelrelief.test.dll" id="404cb329-aa79-4822-8bac-7fdf05429904"><Execution id="dace169f-ee08-40fe-9bee-7a69fdd2580a" /><TestMethod codeBase="D:\ModelRelief\ModelRelief.test\bin\Debug\netcoreapp2.0\ModelRelief.Test.dll" adapterTypeName="executor://xunit/VsTestRunner2/netcoreapp" className="ModelRelief.Test.Integration.Meshes.MeshesBaseIntegrationTests" name="Delete_TargetModelIsDeleted" /></UnitTest><UnitTest name="Put_InvalidReferencePropertyReturndBadRequest" storage="d:\modelrelief\modelrelief.test\bin\debug\netcoreapp2.0\modelrelief.test.dll" id="96e61917-2164-4c62-ad5a-8db14551f50b"><Execution id="fb6c47ac-b081-4133-b505-6f187a503075" /><TestMethod codeBase="D:\ModelRelief\ModelRelief.test\bin\Debug\netcoreapp2.0\ModelRelief.Test.dll" adapterTypeName="executor://xunit/VsTestRunner2/netcoreapp" className="ModelRelief.Test.Integration.DepthBuffers.DepthBuffersBaseIntegrationTests" name="Put_InvalidReferencePropertyReturndBadRequest" /></UnitTest><UnitTest name="GetFile_NonExistentFileReturnsNotFound" storage="d:\modelrelief\modelrelief.test\bin\debug\netcoreapp2.0\modelrelief.test.dll" id="03a04df2-d154-425f-9587-70dbe8436570"><Execution id="568069b9-bfdd-4c1c-9556-796d86203298" /><TestMethod codeBase="D:\ModelRelief\ModelRelief.test\bin\Debug\netcoreapp2.0\ModelRelief.Test.dll" adapterTypeName="executor://xunit/VsTestRunner2/netcoreapp" className="ModelRelief.Test.Integration.DepthBuffers.DepthBuffersFileIntegrationTests" name="GetFile_NonExistentFileReturnsNotFound" /></UnitTest><UnitTest name="GetList_ListReturnsCorrectCount" storage="d:\modelrelief\modelrelief.test\bin\debug\netcoreapp2.0\modelrelief.test.dll" id="15864346-47ac-43ad-8a94-9b5aed0aabd6"><Execution id="27a3385c-ba56-415a-91eb-7fb58bff0f21" /><TestMethod codeBase="D:\ModelRelief\ModelRelief.test\bin\Debug\netcoreapp2.0\ModelRelief.Test.dll" adapterTypeName="executor://xunit/VsTestRunner2/netcoreapp" className="ModelRelief.Test.Integration.Cameras.CamerasBaseIntegrationTests" name="GetList_ListReturnsCorrectCount" /></UnitTest><UnitTest name="Patch_InvalidReferencePropertyReturnsBadRequest" storage="d:\modelrelief\modelrelief.test\bin\debug\netcoreapp2.0\modelrelief.test.dll" id="ee1c3a76-f332-4053-a38b-a100719b0a04"><Execution id="ad792304-e254-4f9a-afd8-688367b7fea5" /><TestMethod codeBase="D:\ModelRelief\ModelRelief.test\bin\Debug\netcoreapp2.0\ModelRelief.Test.dll" adapterTypeName="executor://xunit/VsTestRunner2/netcoreapp" className="ModelRelief.Test.Integration.DepthBuffers.DepthBuffersBaseIntegrationTests" name="Patch_InvalidReferencePropertyReturnsBadRequest" /></UnitTest><UnitTest name="GetFile_FileCanBeRoundTripped" storage="d:\modelrelief\modelrelief.test\bin\debug\netcoreapp2.0\modelrelief.test.dll" id="7b70e279-1de8-4343-a0a1-1b3c5162e48f"><Execution id="ecb4a3f0-e786-4318-a037-e19f12c09378" /><TestMethod codeBase="D:\ModelRelief\ModelRelief.test\bin\Debug\netcoreapp2.0\ModelRelief.Test.dll" adapterTypeName="executor://xunit/VsTestRunner2/netcoreapp" className="ModelRelief.Test.Integration.Models.ModelsFileIntegrationTests" name="GetFile_FileCanBeRoundTripped" /></UnitTest><UnitTest name="Patch_InvalidEnumPropertyValueReturnsBadRequest" storage="d:\modelrelief\modelrelief.test\bin\debug\netcoreapp2.0\modelrelief.test.dll" id="17db03bc-f9c8-4f3c-861a-710ebad0270b"><Execution id="e908c1dd-6f65-4e0b-b62f-4fb5b571aadb" /><TestMethod codeBase="D:\ModelRelief\ModelRelief.test\bin\Debug\netcoreapp2.0\ModelRelief.Test.dll" adapterTypeName="executor://xunit/VsTestRunner2/netcoreapp" className="ModelRelief.Test.Integration.Projects.ProjectsBaseIntegrationTests" name="Patch_InvalidEnumPropertyValueReturnsBadRequest" /></UnitTest><UnitTest name="LucyCameraFindsAllDependents" storage="d:\modelrelief\modelrelief.test\bin\debug\netcoreapp2.0\modelrelief.test.dll" id="7ee85384-35a8-40fb-90b2-c88bf64f3762"><Execution id="0b545d39-97c2-42ce-b5bb-41f59658c554" /><TestMethod codeBase="D:\ModelRelief\ModelRelief.test\bin\Debug\netcoreapp2.0\ModelRelief.Test.dll" adapterTypeName="executor://xunit/VsTestRunner2/netcoreapp" className="ModelRelief.Test.Unit.DependencyManager.DependencyManagerTests" name="LucyCameraFindsAllDependents" /></UnitTest><UnitTest name="Patch_ValidReferencePropertyUpdatesModel" storage="d:\modelrelief\modelrelief.test\bin\debug\netcoreapp2.0\modelrelief.test.dll" id="b940496b-1858-489c-a338-acc73f04f929"><Execution id="69410102-87a3-4a61-9064-4e1390c8a03e" /><TestMethod codeBase="D:\ModelRelief\ModelRelief.test\bin\Debug\netcoreapp2.0\ModelRelief.Test.dll" adapterTypeName="executor://xunit/VsTestRunner2/netcoreapp" className="ModelRelief.Test.Integration.Cameras.CamerasBaseIntegrationTests" name="Patch_ValidReferencePropertyUpdatesModel" /></UnitTest><UnitTest name="Patch_InvalidPropertyNameReturnsBadRequest" storage="d:\modelrelief\modelrelief.test\bin\debug\netcoreapp2.0\modelrelief.test.dll" id="e5b9c886-ee38-417f-8434-a6fa6340fcfb"><Execution id="0deb859e-eb63-48eb-afeb-6129e1aa63c4" /><TestMethod codeBase="D:\ModelRelief\ModelRelief.test\bin\Debug\netcoreapp2.0\ModelRelief.Test.dll" adapterTypeName="executor://xunit/VsTestRunner2/netcoreapp" className="ModelRelief.Test.Integration.MeshTransforms.MeshTransformsBaseIntegrationTests" name="Patch_InvalidPropertyNameReturnsBadRequest" /></UnitTest><UnitTest name="Patch_ValidReferencePropertyUpdatesModel" storage="d:\modelrelief\modelrelief.test\bin\debug\netcoreapp2.0\modelrelief.test.dll" id="e9f9479c-5098-457f-9a27-69838d95207d"><Execution id="6dcfa3e9-eb0d-4091-89e7-6b289e70a52a" /><TestMethod codeBase="D:\ModelRelief\ModelRelief.test\bin\Debug\netcoreapp2.0\ModelRelief.Test.dll" adapterTypeName="executor://xunit/VsTestRunner2/netcoreapp" className="ModelRelief.Test.Integration.MeshTransforms.MeshTransformsBaseIntegrationTests" name="Patch_ValidReferencePropertyUpdatesModel" /></UnitTest><UnitTest name="Model3dHasExpectedDependentFiles" storage="d:\modelrelief\modelrelief.test\bin\debug\netcoreapp2.0\modelrelief.test.dll" id="bcd4c40e-a55b-4cb9-a23a-2f8519a3354d"><Execution id="dfb9c785-ddc8-4067-adc0-2d42cbe87ff3" /><TestMethod codeBase="D:\ModelRelief\ModelRelief.test\bin\Debug\netcoreapp2.0\ModelRelief.Test.dll" adapterTypeName="executor://xunit/VsTestRunner2/netcoreapp" className="ModelRelief.Test.Unit.DependencyManager.DependencyManagerTests" name="Model3dHasExpectedDependentFiles" /></UnitTest><UnitTest name="FileRequest_DepthBufferIsInvalidatedAfterCameraDependencyPropertyChange" storage="d:\modelrelief\modelrelief.test\bin\debug\netcoreapp2.0\modelrelief.test.dll" id="9b576a5e-4ba6-4beb-ad3d-22f122d65f79"><Execution id="3b49f99f-c05f-45cc-9c34-dce88223dc1e" /><TestMethod codeBase="D:\ModelRelief\ModelRelief.test\bin\Debug\netcoreapp2.0\ModelRelief.Test.dll" adapterTypeName="executor://xunit/VsTestRunner2/netcoreapp" className="ModelRelief.Test.Integration.DepthBuffers.DepthBuffersFileIntegrationTests" name="FileRequest_DepthBufferIsInvalidatedAfterCameraDependencyPropertyChange" /></UnitTest><UnitTest name="GetFile_ExistingFileReturnsSuccess" storage="d:\modelrelief\modelrelief.test\bin\debug\netcoreapp2.0\modelrelief.test.dll" id="12ce0a25-9025-4a29-a677-a11fb8178479"><Execution id="e808c534-10e5-4d21-ba17-695f829dd209" /><TestMethod codeBase="D:\ModelRelief\ModelRelief.test\bin\Debug\netcoreapp2.0\ModelRelief.Test.dll" adapterTypeName="executor://xunit/VsTestRunner2/netcoreapp" className="ModelRelief.Test.Integration.Models.ModelsFileIntegrationTests" name="GetFile_ExistingFileReturnsSuccess" /></UnitTest><UnitTest name="Patch_InvalidIdPropertyReturnsNotFound" storage="d:\modelrelief\modelrelief.test\bin\debug\netcoreapp2.0\modelrelief.test.dll" id="8083a694-86ad-430d-9fba-06104fb6479b"><Execution id="a28ebb47-2bd5-4deb-9a67-db57c1c942d5" /><TestMethod codeBase="D:\ModelRelief\ModelRelief.test\bin\Debug\netcoreapp2.0\ModelRelief.Test.dll" adapterTypeName="executor://xunit/VsTestRunner2/netcoreapp" className="ModelRelief.Test.Integration.MeshTransforms.MeshTransformsBaseIntegrationTests" name="Patch_InvalidIdPropertyReturnsNotFound" /></UnitTest><UnitTest name="PutFile_FileCanBeUpdated" storage="d:\modelrelief\modelrelief.test\bin\debug\netcoreapp2.0\modelrelief.test.dll" id="d2b5bc12-8006-42cb-91d7-c259e5da2175"><Execution id="29f94cb6-c80e-4a96-8507-064c76668e16" /><TestMethod codeBase="D:\ModelRelief\ModelRelief.test\bin\Debug\netcoreapp2.0\ModelRelief.Test.dll" adapterTypeName="executor://xunit/VsTestRunner2/netcoreapp" className="ModelRelief.Test.Integration.Models.ModelsFileIntegrationTests" name="PutFile_FileCanBeUpdated" /></UnitTest><UnitTest name="FileRequest_FileCanBeReadAfterRename" storage="d:\modelrelief\modelrelief.test\bin\debug\netcoreapp2.0\modelrelief.test.dll" id="eaa797ef-cf4d-4aa6-b1d7-ad2a418db0d5"><Execution id="447dc996-e5a7-47ad-be32-7c127e1291de" /><TestMethod codeBase="D:\ModelRelief\ModelRelief.test\bin\Debug\netcoreapp2.0\ModelRelief.Test.dll" adapterTypeName="executor://xunit/VsTestRunner2/netcoreapp" className="ModelRelief.Test.Integration.Models.ModelsFileIntegrationTests" name="FileRequest_FileCanBeReadAfterRename" /></UnitTest><UnitTest name="FileRequest_MeshGenerateSetsFileIsSynchronized" storage="d:\modelrelief\modelrelief.test\bin\debug\netcoreapp2.0\modelrelief.test.dll" id="c0cf62a3-4ae4-4adf-ac98-7b9baf254242"><Execution id="41581903-8009-4411-8c79-19e97952958c" /><TestMethod codeBase="D:\ModelRelief\ModelRelief.test\bin\Debug\netcoreapp2.0\ModelRelief.Test.dll" adapterTypeName="executor://xunit/VsTestRunner2/netcoreapp" className="ModelRelief.Test.Integration.Meshes.MeshesFileIntegrationTests" name="FileRequest_MeshGenerateSetsFileIsSynchronized" /></UnitTest><UnitTest name="Put_ValidReferencePropertyUpdatesModel" storage="d:\modelrelief\modelrelief.test\bin\debug\netcoreapp2.0\modelrelief.test.dll" id="5a95cef0-6c81-4c2c-aa84-c526587e6452"><Execution id="4899122b-afe5-4026-a9ca-cc45c0623865" /><TestMethod codeBase="D:\ModelRelief\ModelRelief.test\bin\Debug\netcoreapp2.0\ModelRelief.Test.dll" adapterTypeName="executor://xunit/VsTestRunner2/netcoreapp" className="ModelRelief.Test.Integration.DepthBuffers.DepthBuffersBaseIntegrationTests" name="Put_ValidReferencePropertyUpdatesModel" /></UnitTest><UnitTest name="Patch_InvalidReferencePropertyReturnsBadRequest" storage="d:\modelrelief\modelrelief.test\bin\debug\netcoreapp2.0\modelrelief.test.dll" id="39adcaf7-23b7-4940-b0c1-cd6b5a9ff25a"><Execution id="014d12dd-603d-45c5-a1b9-52272344e763" /><TestMethod codeBase="D:\ModelRelief\ModelRelief.test\bin\Debug\netcoreapp2.0\ModelRelief.Test.dll" adapterTypeName="executor://xunit/VsTestRunner2/netcoreapp" className="ModelRelief.Test.Integration.Cameras.CamerasBaseIntegrationTests" name="Patch_InvalidReferencePropertyReturnsBadRequest" /></UnitTest><UnitTest name="GetSingle_InvalidIdPropertyValueReturnsNotFound" storage="d:\modelrelief\modelrelief.test\bin\debug\netcoreapp2.0\modelrelief.test.dll" id="90931c65-d74c-4c9c-8676-825ba790f9c5"><Execution id="a6b67dcf-90b8-4e22-ba53-802d9bf7f7ae" /><TestMethod codeBase="D:\ModelRelief\ModelRelief.test\bin\Debug\netcoreapp2.0\ModelRelief.Test.dll" adapterTypeName="executor://xunit/VsTestRunner2/netcoreapp" className="ModelRelief.Test.Integration.Meshes.MeshesBaseIntegrationTests" name="GetSingle_InvalidIdPropertyValueReturnsNotFound" /></UnitTest><UnitTest name="PostFile_FileIsSynchronizedIsUpdatedAfterFileIsPosted" storage="d:\modelrelief\modelrelief.test\bin\debug\netcoreapp2.0\modelrelief.test.dll" id="d8063efc-84bc-4cd8-bf8b-ce74eea6c078"><Execution id="2d9934f7-1ba9-4a20-b967-b8898f42b709" /><TestMethod codeBase="D:\ModelRelief\ModelRelief.test\bin\Debug\netcoreapp2.0\ModelRelief.Test.dll" adapterTypeName="executor://xunit/VsTestRunner2/netcoreapp" className="ModelRelief.Test.Integration.DepthBuffers.DepthBuffersFileIntegrationTests" name="PostFile_FileIsSynchronizedIsUpdatedAfterFileIsPosted" /></UnitTest><UnitTest name="Post_ValidReferencePropertyCreatesModel" storage="d:\modelrelief\modelrelief.test\bin\debug\netcoreapp2.0\modelrelief.test.dll" id="558d677c-6649-4cd2-a1cd-19a596849123"><Execution id="9ef02612-1cc3-4d8f-93aa-c33463dd4cb3" /><TestMethod codeBase="D:\ModelRelief\ModelRelief.test\bin\Debug\netcoreapp2.0\ModelRelief.Test.dll" adapterTypeName="executor://xunit/VsTestRunner2/netcoreapp" className="ModelRelief.Test.Integration.Projects.ProjectsBaseIntegrationTests" name="Post_ValidReferencePropertyCreatesModel" /></UnitTest><UnitTest name="Patch_InvalidEnumPropertyValueReturnsBadRequest" storage="d:\modelrelief\modelrelief.test\bin\debug\netcoreapp2.0\modelrelief.test.dll" id="e5fde1bc-cf19-4dee-b683-020528129eb0"><Execution id="98a726c4-d064-4715-95e2-e7b0049300a9" /><TestMethod codeBase="D:\ModelRelief\ModelRelief.test\bin\Debug\netcoreapp2.0\ModelRelief.Test.dll" adapterTypeName="executor://xunit/VsTestRunner2/netcoreapp" className="ModelRelief.Test.Integration.Models.ModelsBaseIntegrationTests" name="Patch_InvalidEnumPropertyValueReturnsBadRequest" /></UnitTest><UnitTest name="PostFile_FileTimeStampIsUpdatedAfterFileIsPosted" storage="d:\modelrelief\modelrelief.test\bin\debug\netcoreapp2.0\modelrelief.test.dll" id="56e2c76b-446a-4c76-ad8f-52f54864ff70"><Execution id="2b529210-2b04-418c-aee6-08f169da1f76" /><TestMethod codeBase="D:\ModelRelief\ModelRelief.test\bin\Debug\netcoreapp2.0\ModelRelief.Test.dll" adapterTypeName="executor://xunit/VsTestRunner2/netcoreapp" className="ModelRelief.Test.Integration.Meshes.MeshesFileIntegrationTests" name="PostFile_FileTimeStampIsUpdatedAfterFileIsPosted" /></UnitTest><UnitTest name="Post_InvalidPropertyValueReturnsBadRequest" storage="d:\modelrelief\modelrelief.test\bin\debug\netcoreapp2.0\modelrelief.test.dll" id="55b40d14-912d-4df4-8d00-13b116452536"><Execution id="9ae72d89-162d-4148-8024-8a0131513bad" /><TestMethod codeBase="D:\ModelRelief\ModelRelief.test\bin\Debug\netcoreapp2.0\ModelRelief.Test.dll" adapterTypeName="executor://xunit/VsTestRunner2/netcoreapp" className="ModelRelief.Test.Integration.Cameras.CamerasBaseIntegrationTests" name="Post_InvalidPropertyValueReturnsBadRequest" /></UnitTest><UnitTest name="Put_CanUpdateModel" storage="d:\modelrelief\modelrelief.test\bin\debug\netcoreapp2.0\modelrelief.test.dll" id="c77ff8df-063f-46da-8131-5ce5414667f9"><Execution id="0a1c4aea-25b2-420d-bdea-e268846e9d8c" /><TestMethod codeBase="D:\ModelRelief\ModelRelief.test\bin\Debug\netcoreapp2.0\ModelRelief.Test.dll" adapterTypeName="executor://xunit/VsTestRunner2/netcoreapp" className="ModelRelief.Test.Integration.Projects.ProjectsBaseIntegrationTests" name="Put_CanUpdateModel" /></UnitTest><UnitTest name="GetFile_ExistingFileReturnsSuccess" storage="d:\modelrelief\modelrelief.test\bin\debug\netcoreapp2.0\modelrelief.test.dll" id="080f5e0c-70a7-47ae-9858-d48fc058d3f2"><Execution id="448c0df1-c8ce-4acf-892e-06e597ad2744" /><TestMethod codeBase="D:\ModelRelief\ModelRelief.test\bin\Debug\netcoreapp2.0\ModelRelief.Test.dll" adapterTypeName="executor://xunit/VsTestRunner2/netcoreapp" className="ModelRelief.Test.Integration.Meshes.MeshesFileIntegrationTests" name="GetFile_ExistingFileReturnsSuccess" /></UnitTest><UnitTest name="GetList_ListReturnsCorrectCount" storage="d:\modelrelief\modelrelief.test\bin\debug\netcoreapp2.0\modelrelief.test.dll" id="f7a6d175-ff5f-4343-a865-c35c6fc9e6bb"><Execution id="f6d87a29-97cc-4d4d-bfa6-78a8024719a2" /><TestMethod codeBase="D:\ModelRelief\ModelRelief.test\bin\Debug\netcoreapp2.0\ModelRelief.Test.dll" adapterTypeName="executor://xunit/VsTestRunner2/netcoreapp" className="ModelRelief.Test.Integration.MeshTransforms.MeshTransformsBaseIntegrationTests" name="GetList_ListReturnsCorrectCount" /></UnitTest><UnitTest name="Post_InvalidReferencePropertyReturnsBadRequest" storage="d:\modelrelief\modelrelief.test\bin\debug\netcoreapp2.0\modelrelief.test.dll" id="d8bd2be4-f94b-42a2-af0d-4e13454936d4"><Execution id="1684bae0-88b5-4182-8122-d1c1c71b3b85" /><TestMethod codeBase="D:\ModelRelief\ModelRelief.test\bin\Debug\netcoreapp2.0\ModelRelief.Test.dll" adapterTypeName="executor://xunit/VsTestRunner2/netcoreapp" className="ModelRelief.Test.Integration.MeshTransforms.MeshTransformsBaseIntegrationTests" name="Post_InvalidReferencePropertyReturnsBadRequest" /></UnitTest><UnitTest name="GetSingle_ValidIdPropertyValueReturnsCorrectModel" storage="d:\modelrelief\modelrelief.test\bin\debug\netcoreapp2.0\modelrelief.test.dll" id="692b8e2a-cb2e-4be8-9aa8-56e0a482c606"><Execution id="bb131346-0149-4ebb-bc72-a9c7e2aac76e" /><TestMethod codeBase="D:\ModelRelief\ModelRelief.test\bin\Debug\netcoreapp2.0\ModelRelief.Test.dll" adapterTypeName="executor://xunit/VsTestRunner2/netcoreapp" className="ModelRelief.Test.Integration.Models.ModelsBaseIntegrationTests" name="GetSingle_ValidIdPropertyValueReturnsCorrectModel" /></UnitTest><UnitTest name="GetFile_NonExistentFileReturnsNotFound" storage="d:\modelrelief\modelrelief.test\bin\debug\netcoreapp2.0\modelrelief.test.dll" id="ec25ea87-6a4d-4cba-989c-96d29cd670c7"><Execution id="3bccdc76-d4b9-45fd-9c0c-df5d5ad17c80" /><TestMethod codeBase="D:\ModelRelief\ModelRelief.test\bin\Debug\netcoreapp2.0\ModelRelief.Test.dll" adapterTypeName="executor://xunit/VsTestRunner2/netcoreapp" className="ModelRelief.Test.Integration.Models.ModelsFileIntegrationTests" name="GetFile_NonExistentFileReturnsNotFound" /></UnitTest><UnitTest name="Put_InvalidIdReturnsNotFound" storage="d:\modelrelief\modelrelief.test\bin\debug\netcoreapp2.0\modelrelief.test.dll" id="261270d2-f492-4156-a040-7986e6c1f2b2"><Execution id="c396fa6b-40f3-411a-bd1f-cb288eaa6090" /><TestMethod codeBase="D:\ModelRelief\ModelRelief.test\bin\Debug\netcoreapp2.0\ModelRelief.Test.dll" adapterTypeName="executor://xunit/VsTestRunner2/netcoreapp" className="ModelRelief.Test.Integration.MeshTransforms.MeshTransformsBaseIntegrationTests" name="Put_InvalidIdReturnsNotFound" /></UnitTest><UnitTest name="Patch_InvalidPropertyNameReturnsBadRequest" storage="d:\modelrelief\modelrelief.test\bin\debug\netcoreapp2.0\modelrelief.test.dll" id="b7b513df-4162-45e2-b07a-8b9c61ecaac1"><Execution id="030c469b-7112-473f-81b9-b5ddd953cd66" /><TestMethod codeBase="D:\ModelRelief\ModelRelief.test\bin\Debug\netcoreapp2.0\ModelRelief.Test.dll" adapterTypeName="executor://xunit/VsTestRunner2/netcoreapp" className="ModelRelief.Test.Integration.Models.ModelsBaseIntegrationTests" name="Patch_InvalidPropertyNameReturnsBadRequest" /></UnitTest><UnitTest name="Put_InvalidReferencePropertyReturndBadRequest" storage="d:\modelrelief\modelrelief.test\bin\debug\netcoreapp2.0\modelrelief.test.dll" id="7c0c2565-5a19-4cf6-bb1a-8e4082bf87d7"><Execution id="da2a86c3-1ff4-485f-9464-ceb82e53d719" /><TestMethod codeBase="D:\ModelRelief\ModelRelief.test\bin\Debug\netcoreapp2.0\ModelRelief.Test.dll" adapterTypeName="executor://xunit/VsTestRunner2/netcoreapp" className="ModelRelief.Test.Integration.Cameras.CamerasBaseIntegrationTests" name="Put_InvalidReferencePropertyReturndBadRequest" /></UnitTest><UnitTest name="Patch_InvalidEnumPropertyValueReturnsBadRequest" storage="d:\modelrelief\modelrelief.test\bin\debug\netcoreapp2.0\modelrelief.test.dll" id="a88e985a-fb9d-4c70-823d-56f36665fa8d"><Execution id="1a4da0bb-7d76-41f1-9d6c-6e631dc2521f" /><TestMethod codeBase="D:\ModelRelief\ModelRelief.test\bin\Debug\netcoreapp2.0\ModelRelief.Test.dll" adapterTypeName="executor://xunit/VsTestRunner2/netcoreapp" className="ModelRelief.Test.Integration.MeshTransforms.MeshTransformsBaseIntegrationTests" name="Patch_InvalidEnumPropertyValueReturnsBadRequest" /></UnitTest><UnitTest name="PostFile_NewFileCanBePosted" storage="d:\modelrelief\modelrelief.test\bin\debug\netcoreapp2.0\modelrelief.test.dll" id="310ddd72-0b24-4092-b171-e71e06c43fb6"><Execution id="1566fda3-1d03-4fe7-9e09-b7c550f24129" /><TestMethod codeBase="D:\ModelRelief\ModelRelief.test\bin\Debug\netcoreapp2.0\ModelRelief.Test.dll" adapterTypeName="executor://xunit/VsTestRunner2/netcoreapp" className="ModelRelief.Test.Integration.Models.ModelsFileIntegrationTests" name="PostFile_NewFileCanBePosted" /></UnitTest><UnitTest name="MeshTransformHasExpectedDependentFiles" storage="d:\modelrelief\modelrelief.test\bin\debug\netcoreapp2.0\modelrelief.test.dll" id="884c9e40-0b55-46e7-b47c-6a6aa6b2027a"><Execution id="57fc06a6-fa1c-46a2-9486-8101479941dd" /><TestMethod codeBase="D:\ModelRelief\ModelRelief.test\bin\Debug\netcoreapp2.0\ModelRelief.Test.dll" adapterTypeName="executor://xunit/VsTestRunner2/netcoreapp" className="ModelRelief.Test.Unit.DependencyManager.DependencyManagerTests" name="MeshTransformHasExpectedDependentFiles" /></UnitTest><UnitTest name="GetList_ListReturnsCorrectCount" storage="d:\modelrelief\modelrelief.test\bin\debug\netcoreapp2.0\modelrelief.test.dll" id="465dd99e-1bfa-43eb-b395-f105324553c7"><Execution id="1396ba1b-fb95-45f8-9157-9dc5d9228a11" /><TestMethod codeBase="D:\ModelRelief\ModelRelief.test\bin\Debug\netcoreapp2.0\ModelRelief.Test.dll" adapterTypeName="executor://xunit/VsTestRunner2/netcoreapp" className="ModelRelief.Test.Integration.Models.ModelsBaseIntegrationTests" name="GetList_ListReturnsCorrectCount" /></UnitTest><UnitTest name="Delete_TargetModelIsDeleted" storage="d:\modelrelief\modelrelief.test\bin\debug\netcoreapp2.0\modelrelief.test.dll" id="57c39f9d-f5cb-4d26-beb0-c669fa2eaa71"><Execution id="1629989e-7adf-4588-b4ed-514da1cf40e6" /><TestMethod codeBase="D:\ModelRelief\ModelRelief.test\bin\Debug\netcoreapp2.0\ModelRelief.Test.dll" adapterTypeName="executor://xunit/VsTestRunner2/netcoreapp" className="ModelRelief.Test.Integration.DepthBuffers.DepthBuffersBaseIntegrationTests" name="Delete_TargetModelIsDeleted" /></UnitTest><UnitTest name="PostFile_FileIsSynchronizedIsUpdatedAfterFileIsPosted" storage="d:\modelrelief\modelrelief.test\bin\debug\netcoreapp2.0\modelrelief.test.dll" id="261f27c1-06e6-4fd4-af83-90a5d67cdd68"><Execution id="f2f6afff-8868-4fcf-94ee-7a6d853c2ca6" /><TestMethod codeBase="D:\ModelRelief\ModelRelief.test\bin\Debug\netcoreapp2.0\ModelRelief.Test.dll" adapterTypeName="executor://xunit/VsTestRunner2/netcoreapp" className="ModelRelief.Test.Integration.Meshes.MeshesFileIntegrationTests" name="PostFile_FileIsSynchronizedIsUpdatedAfterFileIsPosted" /></UnitTest><UnitTest name="Post_ValidReferencePropertyCreatesModel" storage="d:\modelrelief\modelrelief.test\bin\debug\netcoreapp2.0\modelrelief.test.dll" id="75195838-5cef-4c42-a68c-59f9c27199ac"><Execution id="a5c6a3c0-45fb-40b8-8817-8cccc7bb3072" /><TestMethod codeBase="D:\ModelRelief\ModelRelief.test\bin\Debug\netcoreapp2.0\ModelRelief.Test.dll" adapterTypeName="executor://xunit/VsTestRunner2/netcoreapp" className="ModelRelief.Test.Integration.MeshTransforms.MeshTransformsBaseIntegrationTests" name="Post_ValidReferencePropertyCreatesModel" /></UnitTest><UnitTest name="PutFile_NewFileCanBePut" storage="d:\modelrelief\modelrelief.test\bin\debug\netcoreapp2.0\modelrelief.test.dll" id="145a18ca-adba-4ba6-aa3a-84b2184b4d63"><Execution id="b0d92d32-2d75-45bd-9096-b3df89a2cdd8" /><TestMethod codeBase="D:\ModelRelief\ModelRelief.test\bin\Debug\netcoreapp2.0\ModelRelief.Test.dll" adapterTypeName="executor://xunit/VsTestRunner2/netcoreapp" className="ModelRelief.Test.Integration.Models.ModelsFileIntegrationTests" name="PutFile_NewFileCanBePut" /></UnitTest><UnitTest name="FileRequest_FileCanBeReadAfterRename" storage="d:\modelrelief\modelrelief.test\bin\debug\netcoreapp2.0\modelrelief.test.dll" id="91e3381e-0675-4082-8dd1-88784ec98e3c"><Execution id="41bddaed-afb4-42e5-b720-47471b773fb1" /><TestMethod codeBase="D:\ModelRelief\ModelRelief.test\bin\Debug\netcoreapp2.0\ModelRelief.Test.dll" adapterTypeName="executor://xunit/VsTestRunner2/netcoreapp" className="ModelRelief.Test.Integration.DepthBuffers.DepthBuffersFileIntegrationTests" name="FileRequest_FileCanBeReadAfterRename" /></UnitTest><UnitTest name="Delete_TargetModelIsDeleted" storage="d:\modelrelief\modelrelief.test\bin\debug\netcoreapp2.0\modelrelief.test.dll" id="f98a6c40-1850-4485-b0a4-a81798351232"><Execution id="f0b44f11-463e-4feb-ae84-37e9dbc01ba0" /><TestMethod codeBase="D:\ModelRelief\ModelRelief.test\bin\Debug\netcoreapp2.0\ModelRelief.Test.dll" adapterTypeName="executor://xunit/VsTestRunner2/netcoreapp" className="ModelRelief.Test.Integration.MeshTransforms.MeshTransformsBaseIntegrationTests" name="Delete_TargetModelIsDeleted" /></UnitTest><UnitTest name="GetFile_FileCanBeRoundTripped" storage="d:\modelrelief\modelrelief.test\bin\debug\netcoreapp2.0\modelrelief.test.dll" id="fec0108b-78cf-4d25-b7e5-de647f89c91e"><Execution id="736c8b00-e575-4722-9c56-c89ddb824e6f" /><TestMethod codeBase="D:\ModelRelief\ModelRelief.test\bin\Debug\netcoreapp2.0\ModelRelief.Test.dll" adapterTypeName="executor://xunit/VsTestRunner2/netcoreapp" className="ModelRelief.Test.Integration.Meshes.MeshesFileIntegrationTests" name="GetFile_FileCanBeRoundTripped" /></UnitTest><UnitTest name="GetSingle_InvalidIdPropertyValueReturnsNotFound" storage="d:\modelrelief\modelrelief.test\bin\debug\netcoreapp2.0\modelrelief.test.dll" id="7080d533-0be5-4536-97a6-3290e3bece28"><Execution id="20d55221-411d-4807-99fe-65085151d47b" /><TestMethod codeBase="D:\ModelRelief\ModelRelief.test\bin\Debug\netcoreapp2.0\ModelRelief.Test.dll" adapterTypeName="executor://xunit/VsTestRunner2/netcoreapp" className="ModelRelief.Test.Integration.Models.ModelsBaseIntegrationTests" name="GetSingle_InvalidIdPropertyValueReturnsNotFound" /></UnitTest><UnitTest name="GetSingle_InvalidIdPropertyValueReturnsNotFound" storage="d:\modelrelief\modelrelief.test\bin\debug\netcoreapp2.0\modelrelief.test.dll" id="4fe77d00-3d95-4886-a621-b81c649f3496"><Execution id="f8624c86-dc6c-4ad1-9b59-f155dc76c369" /><TestMethod codeBase="D:\ModelRelief\ModelRelief.test\bin\Debug\netcoreapp2.0\ModelRelief.Test.dll" adapterTypeName="executor://xunit/VsTestRunner2/netcoreapp" className="ModelRelief.Test.Integration.Projects.ProjectsBaseIntegrationTests" name="GetSingle_InvalidIdPropertyValueReturnsNotFound" /></UnitTest><UnitTest name="Put_InvalidReferencePropertyReturndBadRequest" storage="d:\modelrelief\modelrelief.test\bin\debug\netcoreapp2.0\modelrelief.test.dll" id="a9ab6207-3842-472c-b5e8-5c6fe8ae5553"><Execution id="09b84165-f171-4121-94fd-f1b6cda1e813" /><TestMethod codeBase="D:\ModelRelief\ModelRelief.test\bin\Debug\netcoreapp2.0\ModelRelief.Test.dll" adapterTypeName="executor://xunit/VsTestRunner2/netcoreapp" className="ModelRelief.Test.Integration.Models.ModelsBaseIntegrationTests" name="Put_InvalidReferencePropertyReturndBadRequest" /></UnitTest><UnitTest name="GetSingle_InvalidIdPropertyValueReturnsNotFound" storage="d:\modelrelief\modelrelief.test\bin\debug\netcoreapp2.0\modelrelief.test.dll" id="9cb7d086-9c2f-473b-b2dd-4aac1c51fef6"><Execution id="a666b540-4fab-4496-9e57-f13116237d3d" /><TestMethod codeBase="D:\ModelRelief\ModelRelief.test\bin\Debug\netcoreapp2.0\ModelRelief.Test.dll" adapterTypeName="executor://xunit/VsTestRunner2/netcoreapp" className="ModelRelief.Test.Integration.MeshTransforms.MeshTransformsBaseIntegrationTests" name="GetSingle_InvalidIdPropertyValueReturnsNotFound" /></UnitTest><UnitTest name="Post_ValidReferencePropertyCreatesModel" storage="d:\modelrelief\modelrelief.test\bin\debug\netcoreapp2.0\modelrelief.test.dll" id="3cbe0efa-c14a-46db-8329-d53c28a27ac8"><Execution id="3a0fbcf6-4840-4e33-a6e6-9a732d489b3f" /><TestMethod codeBase="D:\ModelRelief\ModelRelief.test\bin\Debug\netcoreapp2.0\ModelRelief.Test.dll" adapterTypeName="executor://xunit/VsTestRunner2/netcoreapp" className="ModelRelief.Test.Integration.DepthBuffers.DepthBuffersBaseIntegrationTests" name="Post_ValidReferencePropertyCreatesModel" /></UnitTest><UnitTest name="PostFile_FileTimeStampIsUpdatedAfterFileIsPosted" storage="d:\modelrelief\modelrelief.test\bin\debug\netcoreapp2.0\modelrelief.test.dll" id="cffdffdc-f0d8-4985-b192-01a5f67255bf"><Execution id="13524ac9-803a-40f0-8ae9-8bf64cd2bc1b" /><TestMethod codeBase="D:\ModelRelief\ModelRelief.test\bin\Debug\netcoreapp2.0\ModelRelief.Test.dll" adapterTypeName="executor://xunit/VsTestRunner2/netcoreapp" className="ModelRelief.Test.Integration.DepthBuffers.DepthBuffersFileIntegrationTests" name="PostFile_FileTimeStampIsUpdatedAfterFileIsPosted" /></UnitTest><UnitTest name="Patch_TargetPropertyIsUpdated" storage="d:\modelrelief\modelrelief.test\bin\debug\netcoreapp2.0\modelrelief.test.dll" id="83c5084f-3af5-4f2b-bc4b-1f3c0cd5d579"><Execution id="f0ac020b-1ff0-44ff-b4cf-17e6872b2255" /><TestMethod codeBase="D:\ModelRelief\ModelRelief.test\bin\Debug\netcoreapp2.0\ModelRelief.Test.dll" adapterTypeName="executor://xunit/VsTestRunner2/netcoreapp" className="ModelRelief.Test.Integration.Meshes.MeshesBaseIntegrationTests" name="Patch_TargetPropertyIsUpdated" /></UnitTest><UnitTest name="Post_ValidReferencePropertyCreatesModel" storage="d:\modelrelief\modelrelief.test\bin\debug\netcoreapp2.0\modelrelief.test.dll" id="f44eb69a-3e6a-4bfd-a3ce-1a8b40c87172"><Execution id="129ff94c-c4de-4f60-9d43-afb0ddcf2035" /><TestMethod codeBase="D:\ModelRelief\ModelRelief.test\bin\Debug\netcoreapp2.0\ModelRelief.Test.dll" adapterTypeName="executor://xunit/VsTestRunner2/netcoreapp" className="ModelRelief.Test.Integration.Models.ModelsBaseIntegrationTests" name="Post_ValidReferencePropertyCreatesModel" /></UnitTest><UnitTest name="Post_CanCreateNewModel" storage="d:\modelrelief\modelrelief.test\bin\debug\netcoreapp2.0\modelrelief.test.dll" id="7b8f8677-75b3-4e86-918d-24a92420dae3"><Execution id="7f93078e-bdb3-4c77-84bb-f31bae7a1744" /><TestMethod codeBase="D:\ModelRelief\ModelRelief.test\bin\Debug\netcoreapp2.0\ModelRelief.Test.dll" adapterTypeName="executor://xunit/VsTestRunner2/netcoreapp" className="ModelRelief.Test.Integration.MeshTransforms.MeshTransformsBaseIntegrationTests" name="Post_CanCreateNewModel" /></UnitTest><UnitTest name="Patch_InvalidReferencePropertyReturnsBadRequest" storage="d:\modelrelief\modelrelief.test\bin\debug\netcoreapp2.0\modelrelief.test.dll" id="d2f810af-06ad-4cdc-94cb-67c7424a8b7e"><Execution id="1be24ccf-3337-4dbe-b816-c2d36ae670bc" /><TestMethod codeBase="D:\ModelRelief\ModelRelief.test\bin\Debug\netcoreapp2.0\ModelRelief.Test.dll" adapterTypeName="executor://xunit/VsTestRunner2/netcoreapp" className="ModelRelief.Test.Integration.Projects.ProjectsBaseIntegrationTests" name="Patch_InvalidReferencePropertyReturnsBadRequest" /></UnitTest><UnitTest name="Patch_MultipleInvalidReferencePropertiesReturnsMultipleValidationErrorsAndBadRequest" storage="d:\modelrelief\modelrelief.test\bin\debug\netcoreapp2.0\modelrelief.test.dll" id="5e46d60d-9722-4c1f-a92a-d48b8d73f717"><Execution id="5f6494b5-f220-40db-a8fe-ee92bf5e0179" /><TestMethod codeBase="D:\ModelRelief\ModelRelief.test\bin\Debug\netcoreapp2.0\ModelRelief.Test.dll" adapterTypeName="executor://xunit/VsTestRunner2/netcoreapp" className="ModelRelief.Test.Integration.DepthBuffers.DepthBuffersBaseIntegrationTests" name="Patch_MultipleInvalidReferencePropertiesReturnsMultipleValidationErrorsAndBadRequest" /></UnitTest><UnitTest name="GetFile_ExistingFileReturnsSuccess" storage="d:\modelrelief\modelrelief.test\bin\debug\netcoreapp2.0\modelrelief.test.dll" id="56ffe8d0-3c5c-446f-95e1-d06d92270d0c"><Execution id="d2bf44ea-90d1-42e9-a424-b4b8f27174af" /><TestMethod codeBase="D:\ModelRelief\ModelRelief.test\bin\Debug\netcoreapp2.0\ModelRelief.Test.dll" adapterTypeName="executor://xunit/VsTestRunner2/netcoreapp" className="ModelRelief.Test.Integration.DepthBuffers.DepthBuffersFileIntegrationTests" name="GetFile_ExistingFileReturnsSuccess" /></UnitTest><UnitTest name="Patch_InvalidReferencePropertyReturnsBadRequest" storage="d:\modelrelief\modelrelief.test\bin\debug\netcoreapp2.0\modelrelief.test.dll" id="0870e6f6-d4d1-4422-a88a-484a0c3df528"><Execution id="c5de460c-d75d-4124-962e-2d3f7170b868" /><TestMethod codeBase="D:\ModelRelief\ModelRelief.test\bin\Debug\netcoreapp2.0\ModelRelief.Test.dll" adapterTypeName="executor://xunit/VsTestRunner2/netcoreapp" className="ModelRelief.Test.Integration.Meshes.MeshesBaseIntegrationTests" name="Patch_InvalidReferencePropertyReturnsBadRequest" /></UnitTest><UnitTest name="Patch_ValidReferencePropertyUpdatesModel" storage="d:\modelrelief\modelrelief.test\bin\debug\netcoreapp2.0\modelrelief.test.dll" id="2efcf2c5-5f65-4569-8ee4-68f10b64e9ef"><Execution id="eb7213ad-c064-4b09-baae-3eb8d279a634" /><TestMethod codeBase="D:\ModelRelief\ModelRelief.test\bin\Debug\netcoreapp2.0\ModelRelief.Test.dll" adapterTypeName="executor://xunit/VsTestRunner2/netcoreapp" className="ModelRelief.Test.Integration.Models.ModelsBaseIntegrationTests" name="Patch_ValidReferencePropertyUpdatesModel" /></UnitTest><UnitTest name="Patch_InvalidPropertyNameReturnsBadRequest" storage="d:\modelrelief\modelrelief.test\bin\debug\netcoreapp2.0\modelrelief.test.dll" id="50437076-2e45-483a-b24b-c6635ce75f57"><Execution id="8a42896d-6985-4f21-bba4-7b8a004b652b" /><TestMethod codeBase="D:\ModelRelief\ModelRelief.test\bin\Debug\netcoreapp2.0\ModelRelief.Test.dll" adapterTypeName="executor://xunit/VsTestRunner2/netcoreapp" className="ModelRelief.Test.Integration.Cameras.CamerasBaseIntegrationTests" name="Patch_InvalidPropertyNameReturnsBadRequest" /></UnitTest><UnitTest name="Put_CanUpdateModel" storage="d:\modelrelief\modelrelief.test\bin\debug\netcoreapp2.0\modelrelief.test.dll" id="e9318921-7ba0-4c82-b5b2-d257d98de506"><Execution id="a984a022-2abe-43fd-9bab-03f0ebc927f3" /><TestMethod codeBase="D:\ModelRelief\ModelRelief.test\bin\Debug\netcoreapp2.0\ModelRelief.Test.dll" adapterTypeName="executor://xunit/VsTestRunner2/netcoreapp" className="ModelRelief.Test.Integration.Models.ModelsBaseIntegrationTests" name="Put_CanUpdateModel" /></UnitTest><UnitTest name="Put_InvalidIdReturnsNotFound" storage="d:\modelrelief\modelrelief.test\bin\debug\netcoreapp2.0\modelrelief.test.dll" id="8ffd5698-98e7-4798-9e7e-fa6734600a1a"><Execution id="57c9fdb3-b790-46aa-9592-5e099616b090" /><TestMethod codeBase="D:\ModelRelief\ModelRelief.test\bin\Debug\netcoreapp2.0\ModelRelief.Test.dll" adapterTypeName="executor://xunit/VsTestRunner2/netcoreapp" className="ModelRelief.Test.Integration.Cameras.CamerasBaseIntegrationTests" name="Put_InvalidIdReturnsNotFound" /></UnitTest><UnitTest name="Put_InvalidIdReturnsNotFound" storage="d:\modelrelief\modelrelief.test\bin\debug\netcoreapp2.0\modelrelief.test.dll" id="d907d04c-4789-4c2d-b466-eefe3e56f2d2"><Execution id="cf2ee29d-f16b-45e9-9f36-50b5064afa6a" /><TestMethod codeBase="D:\ModelRelief\ModelRelief.test\bin\Debug\netcoreapp2.0\ModelRelief.Test.dll" adapterTypeName="executor://xunit/VsTestRunner2/netcoreapp" className="ModelRelief.Test.Integration.Projects.ProjectsBaseIntegrationTests" name="Put_InvalidIdReturnsNotFound" /></UnitTest><UnitTest name="Patch_ValidReferencePropertyUpdatesModel" storage="d:\modelrelief\modelrelief.test\bin\debug\netcoreapp2.0\modelrelief.test.dll" id="2a0af9ad-9dcb-47c6-aa2f-85601551d804"><Execution id="061437f7-7901-4f47-a63a-4b01795bd0f1" /><TestMethod codeBase="D:\ModelRelief\ModelRelief.test\bin\Debug\netcoreapp2.0\ModelRelief.Test.dll" adapterTypeName="executor://xunit/VsTestRunner2/netcoreapp" className="ModelRelief.Test.Integration.Projects.ProjectsBaseIntegrationTests" name="Patch_ValidReferencePropertyUpdatesModel" /></UnitTest><UnitTest name="Put_InvalidIdReturnsNotFound" storage="d:\modelrelief\modelrelief.test\bin\debug\netcoreapp2.0\modelrelief.test.dll" id="dba2b8d2-b4a3-46da-a94a-754ceacca762"><Execution id="b1d18c60-cb46-4857-b4de-e25860d37f35" /><TestMethod codeBase="D:\ModelRelief\ModelRelief.test\bin\Debug\netcoreapp2.0\ModelRelief.Test.dll" adapterTypeName="executor://xunit/VsTestRunner2/netcoreapp" className="ModelRelief.Test.Integration.Meshes.MeshesBaseIntegrationTests" name="Put_InvalidIdReturnsNotFound" /></UnitTest><UnitTest name="Patch_TargetPropertyIsUpdated" storage="d:\modelrelief\modelrelief.test\bin\debug\netcoreapp2.0\modelrelief.test.dll" id="f2f6430f-ec4c-4c04-9686-275f7772b790"><Execution id="5886d061-35b7-43b2-a352-ca994bf9849b" /><TestMethod codeBase="D:\ModelRelief\ModelRelief.test\bin\Debug\netcoreapp2.0\ModelRelief.Test.dll" adapterTypeName="executor://xunit/VsTestRunner2/netcoreapp" className="ModelRelief.Test.Integration.Cameras.CamerasBaseIntegrationTests" name="Patch_TargetPropertyIsUpdated" /></UnitTest><UnitTest name="Post_InvalidPropertyValueReturnsBadRequest" storage="d:\modelrelief\modelrelief.test\bin\debug\netcoreapp2.0\modelrelief.test.dll" id="22c4ee86-4541-4665-8716-9b668ffe019d"><Execution id="b95942d1-9598-43df-a1d2-af2bed699dcd" /><TestMethod codeBase="D:\ModelRelief\ModelRelief.test\bin\Debug\netcoreapp2.0\ModelRelief.Test.dll" adapterTypeName="executor://xunit/VsTestRunner2/netcoreapp" className="ModelRelief.Test.Integration.Projects.ProjectsBaseIntegrationTests" name="Post_InvalidPropertyValueReturnsBadRequest" /></UnitTest><UnitTest name="LucyDepthBufferFindsOneDependent" storage="d:\modelrelief\modelrelief.test\bin\debug\netcoreapp2.0\modelrelief.test.dll" id="c353348d-7735-4a6c-a3d5-e3089faa46d5"><Execution id="3f40dd2f-06a4-4627-a599-0d7cfd11c1c9" /><TestMethod codeBase="D:\ModelRelief\ModelRelief.test\bin\Debug\netcoreapp2.0\ModelRelief.Test.dll" adapterTypeName="executor://xunit/VsTestRunner2/netcoreapp" className="ModelRelief.Test.Unit.DependencyManager.DependencyManagerTests" name="LucyDepthBufferFindsOneDependent" /></UnitTest></TestDefinitions><TestEntries><TestEntry testId="fa595702-b8b0-487c-baab-69776855a98d" executionId="03ba403e-4838-4b1e-bf81-4acf6d31f7ea" testListId="8c84fa94-04c1-424b-9868-57a2d4851a1d" /><TestEntry testId="8ffd5698-98e7-4798-9e7e-fa6734600a1a" executionId="57c9fdb3-b790-46aa-9592-5e099616b090" testListId="8c84fa94-04c1-424b-9868-57a2d4851a1d" /><TestEntry testId="56ffe8d0-3c5c-446f-95e1-d06d92270d0c" executionId="d2bf44ea-90d1-42e9-a424-b4b8f27174af" testListId="8c84fa94-04c1-424b-9868-57a2d4851a1d" /><TestEntry testId="261270d2-f492-4156-a040-7986e6c1f2b2" executionId="c396fa6b-40f3-411a-bd1f-cb288eaa6090" testListId="8c84fa94-04c1-424b-9868-57a2d4851a1d" /><TestEntry testId="404cb329-aa79-4822-8bac-7fdf05429904" executionId="dace169f-ee08-40fe-9bee-7a69fdd2580a" testListId="8c84fa94-04c1-424b-9868-57a2d4851a1d" /><TestEntry testId="271cdd46-405c-4a4a-98df-27cc8bad9aa0" executionId="fe9fcb45-1855-4f49-9ff4-a9ae8f9f215d" testListId="8c84fa94-04c1-424b-9868-57a2d4851a1d" /><TestEntry testId="a95a106d-9aa4-4a4c-8972-35f81d8143a6" executionId="e9427c6a-4c42-4231-9b30-5fd708f6a92f" testListId="8c84fa94-04c1-424b-9868-57a2d4851a1d" /><TestEntry testId="d2b5bc12-8006-42cb-91d7-c259e5da2175" executionId="29f94cb6-c80e-4a96-8507-064c76668e16" testListId="8c84fa94-04c1-424b-9868-57a2d4851a1d" /><TestEntry testId="1d0ae986-7940-42da-b7b8-b8a1787caadc" executionId="8ebd37d5-981e-4706-9db4-eca278940f1a" testListId="8c84fa94-04c1-424b-9868-57a2d4851a1d" /><TestEntry testId="c2c29d56-a27c-4173-b84a-cdaef2cd8d3d" executionId="6a870a3b-ef23-40be-b88a-62f3e85f2499" testListId="8c84fa94-04c1-424b-9868-57a2d4851a1d" /><TestEntry testId="3c5b9ceb-8a01-479f-98ef-e35a706964b8" executionId="dbbfa57e-8e1d-4757-8d59-0e75dac3ce48" testListId="8c84fa94-04c1-424b-9868-57a2d4851a1d" /><TestEntry testId="c1ea2799-d9e8-4220-943d-3900a944e209" executionId="8e1e2b98-083a-45c4-aad5-48ac1bed0353" testListId="8c84fa94-04c1-424b-9868-57a2d4851a1d" /><TestEntry testId="2ff0d037-6b23-432f-8bf0-351fdf8ec4c9" executionId="802b0f98-be4d-458b-8b36-c0e6d1228cb7" testListId="8c84fa94-04c1-424b-9868-57a2d4851a1d" /><TestEntry testId="39adcaf7-23b7-4940-b0c1-cd6b5a9ff25a" executionId="014d12dd-603d-45c5-a1b9-52272344e763" testListId="8c84fa94-04c1-424b-9868-57a2d4851a1d" /><TestEntry testId="d2f810af-06ad-4cdc-94cb-67c7424a8b7e" executionId="1be24ccf-3337-4dbe-b816-c2d36ae670bc" testListId="8c84fa94-04c1-424b-9868-57a2d4851a1d" /><TestEntry testId="b7b513df-4162-45e2-b07a-8b9c61ecaac1" executionId="030c469b-7112-473f-81b9-b5ddd953cd66" testListId="8c84fa94-04c1-424b-9868-57a2d4851a1d" /><TestEntry testId="4f6a3c4c-a88f-4524-8788-db2cd091f94e" executionId="79d3e487-9662-45b2-b119-a37d4b3a3bf3" testListId="8c84fa94-04c1-424b-9868-57a2d4851a1d" /><TestEntry testId="91e3381e-0675-4082-8dd1-88784ec98e3c" executionId="41bddaed-afb4-42e5-b720-47471b773fb1" testListId="8c84fa94-04c1-424b-9868-57a2d4851a1d" /><TestEntry testId="22c4ee86-4541-4665-8716-9b668ffe019d" executionId="b95942d1-9598-43df-a1d2-af2bed699dcd" testListId="8c84fa94-04c1-424b-9868-57a2d4851a1d" /><TestEntry testId="bd70cbe1-2604-4c13-a973-cd59b180f03b" executionId="7c711e19-c218-4e36-aacb-29f3af08b330" testListId="8c84fa94-04c1-424b-9868-57a2d4851a1d" /><TestEntry testId="145a18ca-adba-4ba6-aa3a-84b2184b4d63" executionId="b0d92d32-2d75-45bd-9096-b3df89a2cdd8" testListId="8c84fa94-04c1-424b-9868-57a2d4851a1d" /><TestEntry testId="b0c1114b-3d49-4f3a-9300-d0c201b70661" executionId="e88545e4-7ca5-49bc-9154-7a2b7ba331d3" testListId="8c84fa94-04c1-424b-9868-57a2d4851a1d" /><TestEntry testId="0e2b24f8-e21d-4cb2-976d-61ef901b50c9" executionId="3ce7e2c5-cc40-4f62-b703-b4a1d3a5eaa7" testListId="8c84fa94-04c1-424b-9868-57a2d4851a1d" /><TestEntry testId="7f1a37a7-ff6b-4064-8c2f-35cc7260ca0b" executionId="ee78979f-05e8-4bf7-85df-b39c3c455dfa" testListId="8c84fa94-04c1-424b-9868-57a2d4851a1d" /><TestEntry testId="15864346-47ac-43ad-8a94-9b5aed0aabd6" executionId="27a3385c-ba56-415a-91eb-7fb58bff0f21" testListId="8c84fa94-04c1-424b-9868-57a2d4851a1d" /><TestEntry testId="14c6a972-bff0-4257-a311-9b52063356a8" executionId="5a52f02a-7eae-4a07-8e6a-e33874956af1" testListId="8c84fa94-04c1-424b-9868-57a2d4851a1d" /><TestEntry testId="27bda575-5b87-469b-8566-e1b28fbb9140" executionId="8924c969-444a-4918-8597-d9eba72e93b1" testListId="8c84fa94-04c1-424b-9868-57a2d4851a1d" /><TestEntry testId="02000cc4-c2fc-4fea-851b-d670c2fbff8d" executionId="336de0f1-388d-4511-b4e8-1374bd46910a" testListId="8c84fa94-04c1-424b-9868-57a2d4851a1d" /><TestEntry testId="7ee85384-35a8-40fb-90b2-c88bf64f3762" executionId="0b545d39-97c2-42ce-b5bb-41f59658c554" testListId="8c84fa94-04c1-424b-9868-57a2d4851a1d" /><TestEntry testId="10898e91-9fc1-4263-94ec-fe676c1c642f" executionId="4a732cfb-ccda-4a4c-9e76-d0e9a9d8e845" testListId="8c84fa94-04c1-424b-9868-57a2d4851a1d" /><TestEntry testId="e9318921-7ba0-4c82-b5b2-d257d98de506" executionId="a984a022-2abe-43fd-9bab-03f0ebc927f3" testListId="8c84fa94-04c1-424b-9868-57a2d4851a1d" /><TestEntry testId="9e270896-0210-4ac2-9698-5a4cbae170dd" executionId="ce9e26ee-d54e-4066-9908-b56d5471d059" testListId="8c84fa94-04c1-424b-9868-57a2d4851a1d" /><TestEntry testId="f2f6430f-ec4c-4c04-9686-275f7772b790" executionId="5886d061-35b7-43b2-a352-ca994bf9849b" testListId="8c84fa94-04c1-424b-9868-57a2d4851a1d" /><TestEntry testId="d8063efc-84bc-4cd8-bf8b-ce74eea6c078" executionId="2d9934f7-1ba9-4a20-b967-b8898f42b709" testListId="8c84fa94-04c1-424b-9868-57a2d4851a1d" /><TestEntry testId="34e37ded-6f83-4dc3-95f1-502651c2f421" executionId="77495b7c-9bd7-4aeb-b59e-15b3e560fdb1" testListId="8c84fa94-04c1-424b-9868-57a2d4851a1d" /><TestEntry testId="ee1c3a76-f332-4053-a38b-a100719b0a04" executionId="ad792304-e254-4f9a-afd8-688367b7fea5" testListId="8c84fa94-04c1-424b-9868-57a2d4851a1d" /><TestEntry testId="e5b9c886-ee38-417f-8434-a6fa6340fcfb" executionId="0deb859e-eb63-48eb-afeb-6129e1aa63c4" testListId="8c84fa94-04c1-424b-9868-57a2d4851a1d" /><TestEntry testId="5fe5d49f-cf68-42c2-9082-080d4b6f6668" executionId="503dc5d0-5b62-469d-8c64-e6b5bf2916ec" testListId="8c84fa94-04c1-424b-9868-57a2d4851a1d" /><TestEntry testId="5e46d60d-9722-4c1f-a92a-d48b8d73f717" executionId="5f6494b5-f220-40db-a8fe-ee92bf5e0179" testListId="8c84fa94-04c1-424b-9868-57a2d4851a1d" /><TestEntry testId="0eb650fe-f3d3-41e7-a8fb-a29fd666828b" executionId="37d1e23d-7bca-47f7-8f66-2432debe3f06" testListId="8c84fa94-04c1-424b-9868-57a2d4851a1d" /><TestEntry testId="558d677c-6649-4cd2-a1cd-19a596849123" executionId="9ef02612-1cc3-4d8f-93aa-c33463dd4cb3" testListId="8c84fa94-04c1-424b-9868-57a2d4851a1d" /><TestEntry testId="7080d533-0be5-4536-97a6-3290e3bece28" executionId="20d55221-411d-4807-99fe-65085151d47b" testListId="8c84fa94-04c1-424b-9868-57a2d4851a1d" /><TestEntry testId="9552413d-54c8-4db5-b5a3-948eb08670d2" executionId="7ed13a02-b7ec-40bb-b2fd-373a8f421b17" testListId="8c84fa94-04c1-424b-9868-57a2d4851a1d" /><TestEntry testId="e9d94671-ab63-4494-9278-884ae2da8323" executionId="1b266c40-0de2-4c41-a0d2-d36ddbca8539" testListId="8c84fa94-04c1-424b-9868-57a2d4851a1d" /><TestEntry testId="a6c32349-c10e-4fc1-86de-de9cbbe19356" executionId="ef1d63ff-3095-43c8-b999-a6faa9cffccb" testListId="8c84fa94-04c1-424b-9868-57a2d4851a1d" /><TestEntry testId="5be5cc34-6834-437c-8206-01a8e691a3aa" executionId="9831a23e-3bb5-45ec-87cb-0fa62c4ccd2d" testListId="8c84fa94-04c1-424b-9868-57a2d4851a1d" /><TestEntry testId="25ad88ed-be69-478b-b041-7205a5af6f20" executionId="e9dccac9-b7b5-44b9-87c6-7a1e36187b51" testListId="8c84fa94-04c1-424b-9868-57a2d4851a1d" /><TestEntry testId="465dd99e-1bfa-43eb-b395-f105324553c7" executionId="1396ba1b-fb95-45f8-9157-9dc5d9228a11" testListId="8c84fa94-04c1-424b-9868-57a2d4851a1d" /><TestEntry testId="03a04df2-d154-425f-9587-70dbe8436570" executionId="568069b9-bfdd-4c1c-9556-796d86203298" testListId="8c84fa94-04c1-424b-9868-57a2d4851a1d" /><TestEntry testId="bcd4c40e-a55b-4cb9-a23a-2f8519a3354d" executionId="dfb9c785-ddc8-4067-adc0-2d42cbe87ff3" testListId="8c84fa94-04c1-424b-9868-57a2d4851a1d" /><TestEntry testId="14fae07e-48f3-4980-8e29-312a6e377c0f" executionId="11df61c4-e76a-4d7b-a5ff-f369406b7d14" testListId="8c84fa94-04c1-424b-9868-57a2d4851a1d" /><TestEntry testId="d61ce280-62c5-40d8-ba83-82a24fe9e8e3" executionId="5d9af0ec-9fd1-4fa0-a7ad-78fe220c5452" testListId="8c84fa94-04c1-424b-9868-57a2d4851a1d" /><TestEntry testId="c77ff8df-063f-46da-8131-5ce5414667f9" executionId="0a1c4aea-25b2-420d-bdea-e268846e9d8c" testListId="8c84fa94-04c1-424b-9868-57a2d4851a1d" /><TestEntry testId="57c39f9d-f5cb-4d26-beb0-c669fa2eaa71" executionId="1629989e-7adf-4588-b4ed-514da1cf40e6" testListId="8c84fa94-04c1-424b-9868-57a2d4851a1d" /><TestEntry testId="8ed8578c-d108-438c-9d71-ff4d2113048c" executionId="ac1553a7-1000-408f-9f53-4722cbd669e9" testListId="8c84fa94-04c1-424b-9868-57a2d4851a1d" /><TestEntry testId="a59a5618-0ec8-44d7-a3f4-c5441466e3b4" executionId="d314029e-ff9c-4dae-aa2e-8f99f1fa65c9" testListId="8c84fa94-04c1-424b-9868-57a2d4851a1d" /><TestEntry testId="5a95cef0-6c81-4c2c-aa84-c526587e6452" executionId="4899122b-afe5-4026-a9ca-cc45c0623865" testListId="8c84fa94-04c1-424b-9868-57a2d4851a1d" /><TestEntry testId="9d8b7027-78f7-4206-a666-17b3f58d3d3b" executionId="cd312562-598b-4e7b-b039-268e5993d7ed" testListId="8c84fa94-04c1-424b-9868-57a2d4851a1d" /><TestEntry testId="bea7cd08-8f51-44d0-a31d-918549c65e36" executionId="1a364792-9c29-4d60-85e9-3daa68100f01" testListId="8c84fa94-04c1-424b-9868-57a2d4851a1d" /><TestEntry testId="50219e6c-5213-4a17-a7f0-595a85078f51" executionId="231322ff-4caa-4a6b-ad5c-9896308364d3" testListId="8c84fa94-04c1-424b-9868-57a2d4851a1d" /><TestEntry testId="e5fde1bc-cf19-4dee-b683-020528129eb0" executionId="98a726c4-d064-4715-95e2-e7b0049300a9" testListId="8c84fa94-04c1-424b-9868-57a2d4851a1d" /><TestEntry testId="1dc86aef-7ff6-4b04-811e-d4b9b9d0c605" executionId="2476c046-bb6d-4ea0-8af2-b9ef66eaeac1" testListId="8c84fa94-04c1-424b-9868-57a2d4851a1d" /><TestEntry testId="2efcf2c5-5f65-4569-8ee4-68f10b64e9ef" executionId="eb7213ad-c064-4b09-baae-3eb8d279a634" testListId="8c84fa94-04c1-424b-9868-57a2d4851a1d" /><TestEntry testId="9cb7d086-9c2f-473b-b2dd-4aac1c51fef6" executionId="a666b540-4fab-4496-9e57-f13116237d3d" testListId="8c84fa94-04c1-424b-9868-57a2d4851a1d" /><TestEntry testId="d8bd2be4-f94b-42a2-af0d-4e13454936d4" executionId="1684bae0-88b5-4182-8122-d1c1c71b3b85" testListId="8c84fa94-04c1-424b-9868-57a2d4851a1d" /><TestEntry testId="d907d04c-4789-4c2d-b466-eefe3e56f2d2" executionId="cf2ee29d-f16b-45e9-9f36-50b5064afa6a" testListId="8c84fa94-04c1-424b-9868-57a2d4851a1d" /><TestEntry testId="002a3b8f-0188-4f6d-8b05-09bb36121219" executionId="3b0b6023-f56f-4263-9d6f-a86775e52ce3" testListId="8c84fa94-04c1-424b-9868-57a2d4851a1d" /><TestEntry testId="b62fe6fc-1ac3-48d0-9843-399e193641bf" executionId="b365dff0-c84f-4372-b264-38948b16f56b" testListId="8c84fa94-04c1-424b-9868-57a2d4851a1d" /><TestEntry testId="fe8751ba-115b-44e4-bc70-f85bdca150a5" executionId="69376c89-ef23-49d3-a4c2-e8c6f844d16f" testListId="8c84fa94-04c1-424b-9868-57a2d4851a1d" /><TestEntry testId="f8195c3c-6ab7-49e8-82ce-5326012b051e" executionId="fc8b6cdf-9c36-497c-aab7-a5eefb641c90" testListId="8c84fa94-04c1-424b-9868-57a2d4851a1d" /><TestEntry testId="79a1ebaf-10f8-4fe6-b42d-4184192da288" executionId="bac34131-f1ac-4b68-8601-93d93fb767ab" testListId="8c84fa94-04c1-424b-9868-57a2d4851a1d" /><TestEntry testId="17db03bc-f9c8-4f3c-861a-710ebad0270b" executionId="e908c1dd-6f65-4e0b-b62f-4fb5b571aadb" testListId="8c84fa94-04c1-424b-9868-57a2d4851a1d" /><TestEntry testId="310ddd72-0b24-4092-b171-e71e06c43fb6" executionId="1566fda3-1d03-4fe7-9e09-b7c550f24129" testListId="8c84fa94-04c1-424b-9868-57a2d4851a1d" /><TestEntry testId="eaa797ef-cf4d-4aa6-b1d7-ad2a418db0d5" executionId="447dc996-e5a7-47ad-be32-7c127e1291de" testListId="8c84fa94-04c1-424b-9868-57a2d4851a1d" /><TestEntry testId="3cbe0efa-c14a-46db-8329-d53c28a27ac8" executionId="3a0fbcf6-4840-4e33-a6e6-9a732d489b3f" testListId="8c84fa94-04c1-424b-9868-57a2d4851a1d" /><TestEntry testId="75195838-5cef-4c42-a68c-59f9c27199ac" executionId="a5c6a3c0-45fb-40b8-8817-8cccc7bb3072" testListId="8c84fa94-04c1-424b-9868-57a2d4851a1d" /><TestEntry testId="8083a694-86ad-430d-9fba-06104fb6479b" executionId="a28ebb47-2bd5-4deb-9a67-db57c1c942d5" testListId="8c84fa94-04c1-424b-9868-57a2d4851a1d" /><TestEntry testId="7b8f8677-75b3-4e86-918d-24a92420dae3" executionId="7f93078e-bdb3-4c77-84bb-f31bae7a1744" testListId="8c84fa94-04c1-424b-9868-57a2d4851a1d" /><TestEntry testId="88f855cf-427c-4435-bd39-bd0599a48ba1" executionId="13ba6f8a-42e1-447f-a5f3-d8af278cd5d8" testListId="8c84fa94-04c1-424b-9868-57a2d4851a1d" /><TestEntry testId="7b70e279-1de8-4343-a0a1-1b3c5162e48f" executionId="ecb4a3f0-e786-4318-a037-e19f12c09378" testListId="8c84fa94-04c1-424b-9868-57a2d4851a1d" /><TestEntry testId="c353348d-7735-4a6c-a3d5-e3089faa46d5" executionId="3f40dd2f-06a4-4627-a599-0d7cfd11c1c9" testListId="8c84fa94-04c1-424b-9868-57a2d4851a1d" /><TestEntry testId="90931c65-d74c-4c9c-8676-825ba790f9c5" executionId="a6b67dcf-90b8-4e22-ba53-802d9bf7f7ae" testListId="8c84fa94-04c1-424b-9868-57a2d4851a1d" /><TestEntry testId="b91bc8ab-4ffa-4c0f-be7c-05b803181531" executionId="9cd3a84c-78ca-4e90-8b1d-0d93e8f2b798" testListId="8c84fa94-04c1-424b-9868-57a2d4851a1d" /><TestEntry testId="f7a6d175-ff5f-4343-a865-c35c6fc9e6bb" executionId="f6d87a29-97cc-4d4d-bfa6-78a8024719a2" testListId="8c84fa94-04c1-424b-9868-57a2d4851a1d" /><TestEntry testId="a9ab6207-3842-472c-b5e8-5c6fe8ae5553" executionId="09b84165-f171-4121-94fd-f1b6cda1e813" testListId="8c84fa94-04c1-424b-9868-57a2d4851a1d" /><TestEntry testId="56e2c76b-446a-4c76-ad8f-52f54864ff70" executionId="2b529210-2b04-418c-aee6-08f169da1f76" testListId="8c84fa94-04c1-424b-9868-57a2d4851a1d" /><TestEntry testId="080f5e0c-70a7-47ae-9858-d48fc058d3f2" executionId="448c0df1-c8ce-4acf-892e-06e597ad2744" testListId="8c84fa94-04c1-424b-9868-57a2d4851a1d" /><TestEntry testId="ee4039b1-8c5e-481c-8747-991c8e13cd89" executionId="009a8314-efe0-4f53-89c6-4a52b3b1cfcc" testListId="8c84fa94-04c1-424b-9868-57a2d4851a1d" /><TestEntry testId="e9f9479c-5098-457f-9a27-69838d95207d" executionId="6dcfa3e9-eb0d-4091-89e7-6b289e70a52a" testListId="8c84fa94-04c1-424b-9868-57a2d4851a1d" /><TestEntry testId="4fe77d00-3d95-4886-a621-b81c649f3496" executionId="f8624c86-dc6c-4ad1-9b59-f155dc76c369" testListId="8c84fa94-04c1-424b-9868-57a2d4851a1d" /><TestEntry testId="47a101ae-66a5-4a13-93a9-0d3d993de4ee" executionId="5019711e-31f4-496b-aa1d-9b75309a72de" testListId="8c84fa94-04c1-424b-9868-57a2d4851a1d" /><TestEntry testId="13dcc1f6-b9b0-4b5f-a77b-666de45fe3f8" executionId="cb17fdbb-28f9-4d07-8f0f-eb0e6d88727c" testListId="8c84fa94-04c1-424b-9868-57a2d4851a1d" /><TestEntry testId="692b8e2a-cb2e-4be8-9aa8-56e0a482c606" executionId="bb131346-0149-4ebb-bc72-a9c7e2aac76e" testListId="8c84fa94-04c1-424b-9868-57a2d4851a1d" /><TestEntry testId="93313fea-776b-4ec3-aae2-e647e4b9ffb7" executionId="dac0215b-fe92-409b-adb5-e1082f919195" testListId="8c84fa94-04c1-424b-9868-57a2d4851a1d" /><TestEntry testId="5ce92f57-1fd3-4705-a402-60da030cce1e" executionId="c3b6eaf7-ddf9-41de-a33d-7f3fe996f5ae" testListId="8c84fa94-04c1-424b-9868-57a2d4851a1d" /><TestEntry testId="7cc7b4f8-99e9-4b08-8537-68a6b83bc200" executionId="8b941a68-6ffd-4393-af7c-efb89cdab357" testListId="8c84fa94-04c1-424b-9868-57a2d4851a1d" /><TestEntry testId="fa1273e6-3d1e-4d65-9b7e-795f8f56e9ff" executionId="4b1184d5-f5be-455d-b67f-c225d50db30e" testListId="8c84fa94-04c1-424b-9868-57a2d4851a1d" /><TestEntry testId="a4409e90-00e1-476e-b3e1-9556ac6179eb" executionId="353b8862-89dd-4faa-9583-93b289bf6307" testListId="8c84fa94-04c1-424b-9868-57a2d4851a1d" /><TestEntry testId="9b576a5e-4ba6-4beb-ad3d-22f122d65f79" executionId="3b49f99f-c05f-45cc-9c34-dce88223dc1e" testListId="8c84fa94-04c1-424b-9868-57a2d4851a1d" /><TestEntry testId="96e61917-2164-4c62-ad5a-8db14551f50b" executionId="fb6c47ac-b081-4133-b505-6f187a503075" testListId="8c84fa94-04c1-424b-9868-57a2d4851a1d" /><TestEntry testId="884c9e40-0b55-46e7-b47c-6a6aa6b2027a" executionId="57fc06a6-fa1c-46a2-9486-8101479941dd" testListId="8c84fa94-04c1-424b-9868-57a2d4851a1d" /><TestEntry testId="fec0108b-78cf-4d25-b7e5-de647f89c91e" executionId="736c8b00-e575-4722-9c56-c89ddb824e6f" testListId="8c84fa94-04c1-424b-9868-57a2d4851a1d" /><TestEntry testId="32512ac3-7b1e-43a1-a246-d02e18aa9bea" executionId="d84ce562-2c39-4c27-ae6c-03932ccf857d" testListId="8c84fa94-04c1-424b-9868-57a2d4851a1d" /><TestEntry testId="0870e6f6-d4d1-4422-a88a-484a0c3df528" executionId="c5de460c-d75d-4124-962e-2d3f7170b868" testListId="8c84fa94-04c1-424b-9868-57a2d4851a1d" /><TestEntry testId="261f27c1-06e6-4fd4-af83-90a5d67cdd68" executionId="f2f6afff-8868-4fcf-94ee-7a6d853c2ca6" testListId="8c84fa94-04c1-424b-9868-57a2d4851a1d" /><TestEntry testId="f171ba0b-56cb-4aad-9e16-863d32bbd85d" executionId="0b18a304-f0f7-4530-8c99-f420bbd429df" testListId="8c84fa94-04c1-424b-9868-57a2d4851a1d" /><TestEntry testId="a88e985a-fb9d-4c70-823d-56f36665fa8d" executionId="1a4da0bb-7d76-41f1-9d6c-6e631dc2521f" testListId="8c84fa94-04c1-424b-9868-57a2d4851a1d" /><TestEntry testId="42974c63-0e51-49b3-bf84-b1890f74aff7" executionId="c56c65e5-2eef-491f-8b68-e6680e33b1b6" testListId="8c84fa94-04c1-424b-9868-57a2d4851a1d" /><TestEntry testId="20cddfe7-e773-49d6-b1b8-b29fb07e8edf" executionId="7ff013ac-6a0f-4786-b3ab-dd8f507755bf" testListId="8c84fa94-04c1-424b-9868-57a2d4851a1d" /><TestEntry testId="bbf5e230-8840-4f0e-8a8a-d89db77fba81" executionId="3a46b718-2122-4528-9def-ceacd48d3cce" testListId="8c84fa94-04c1-424b-9868-57a2d4851a1d" /><TestEntry testId="8696b4b6-f0f2-4235-8ad1-73bef20326bc" executionId="efe7307f-ac70-4e47-a3c6-eadda1cfc3de" testListId="8c84fa94-04c1-424b-9868-57a2d4851a1d" /><TestEntry testId="9932d119-e00e-41c7-97d1-7e0729d304ca" executionId="7e02f7e7-6e1e-4df6-a81d-daa4f75ede4b" testListId="8c84fa94-04c1-424b-9868-57a2d4851a1d" /><TestEntry testId="83c5084f-3af5-4f2b-bc4b-1f3c0cd5d579" executionId="f0ac020b-1ff0-44ff-b4cf-17e6872b2255" testListId="8c84fa94-04c1-424b-9868-57a2d4851a1d" /><TestEntry testId="dba2b8d2-b4a3-46da-a94a-754ceacca762" executionId="b1d18c60-cb46-4857-b4de-e25860d37f35" testListId="8c84fa94-04c1-424b-9868-57a2d4851a1d" /><TestEntry testId="19196ac4-4a54-4532-99c7-69755138c67c" executionId="3c24db31-26eb-4e9f-8d01-282de2071cbc" testListId="8c84fa94-04c1-424b-9868-57a2d4851a1d" /><TestEntry testId="ec25ea87-6a4d-4cba-989c-96d29cd670c7" executionId="3bccdc76-d4b9-45fd-9c0c-df5d5ad17c80" testListId="8c84fa94-04c1-424b-9868-57a2d4851a1d" /><TestEntry testId="f26b186b-02a3-4d54-b01f-30925fd44ba3" executionId="e29fbd45-79a5-4a4a-bce2-729450ca392e" testListId="8c84fa94-04c1-424b-9868-57a2d4851a1d" /><TestEntry testId="274af1a4-563e-4876-b041-4dadcce3b2ea" executionId="76c0ce8d-4490-45b5-a84f-c76a75bce486" testListId="8c84fa94-04c1-424b-9868-57a2d4851a1d" /><TestEntry testId="8e567a7c-556d-47fd-9827-bbaebdafe994" executionId="8aca352d-a606-4b1d-957c-628f96c77fd6" testListId="8c84fa94-04c1-424b-9868-57a2d4851a1d" /><TestEntry testId="2e4cdfa1-e4fe-478d-b724-5a1169b143bf" executionId="a1e2fcfd-870f-4e47-99b1-89ced5a4a7e8" testListId="8c84fa94-04c1-424b-9868-57a2d4851a1d" /><TestEntry testId="b940496b-1858-489c-a338-acc73f04f929" executionId="69410102-87a3-4a61-9064-4e1390c8a03e" testListId="8c84fa94-04c1-424b-9868-57a2d4851a1d" /><TestEntry testId="89e6cd58-4a21-4210-8a0f-c1c7df4d052e" executionId="12683f47-18d5-4e2b-b6a3-6f466798a58d" testListId="8c84fa94-04c1-424b-9868-57a2d4851a1d" /><TestEntry testId="5aeac879-d668-446c-b958-842b391be840" executionId="4f73a8ca-5a29-421f-b4e3-3681185eb8bf" testListId="8c84fa94-04c1-424b-9868-57a2d4851a1d" /><TestEntry testId="cf86dddc-3a64-470f-97d6-a770019803ea" executionId="6c3b7887-5bca-4b2f-aa8d-0fff070fb18d" testListId="8c84fa94-04c1-424b-9868-57a2d4851a1d" /><TestEntry testId="0d65e98e-1983-4c7e-996b-6ccef5ef2acd" executionId="b7338045-1975-45ed-b200-8d0b0a64d9ab" testListId="8c84fa94-04c1-424b-9868-57a2d4851a1d" /><TestEntry testId="7c0c2565-5a19-4cf6-bb1a-8e4082bf87d7" executionId="da2a86c3-1ff4-485f-9464-ceb82e53d719" testListId="8c84fa94-04c1-424b-9868-57a2d4851a1d" /><TestEntry testId="a6c10d75-38d0-4515-8af0-a76f97865b33" executionId="8f0a49a6-831e-45bc-896b-4903b14d0e3e" testListId="8c84fa94-04c1-424b-9868-57a2d4851a1d" /><TestEntry testId="3fc04a9e-9f12-4667-90dc-5fec48751b10" executionId="d4941f90-aa85-4aad-9307-e7b4dc2a335c" testListId="8c84fa94-04c1-424b-9868-57a2d4851a1d" /><TestEntry testId="cfcadd04-4736-42a0-8b96-40c5fcee4109" executionId="d0e8a70a-4eb7-41d4-9466-2e35c4ce7ea1" testListId="8c84fa94-04c1-424b-9868-57a2d4851a1d" /><TestEntry testId="693fe4a1-c3ac-4f94-b1a4-91b5fa4f5f49" executionId="69d37067-a4e4-40fe-81f0-d3e63c1ea2f9" testListId="8c84fa94-04c1-424b-9868-57a2d4851a1d" /><TestEntry testId="cff2fec8-00c1-49a3-85b9-65a5a1bdf4f0" executionId="1da847d2-c707-42dc-a031-3c14d1de67a6" testListId="8c84fa94-04c1-424b-9868-57a2d4851a1d" /><TestEntry testId="a7a72544-fd55-495a-ad0a-6fe4bdefc10d" executionId="808fe33e-1d88-4441-a90d-ca826047404a" testListId="8c84fa94-04c1-424b-9868-57a2d4851a1d" /><TestEntry testId="658d39e8-cb81-46b9-8391-3e0461e07fcb" executionId="5eee684a-9faf-4d81-832b-608f0b08c38f" testListId="8c84fa94-04c1-424b-9868-57a2d4851a1d" /><TestEntry testId="c0cf62a3-4ae4-4adf-ac98-7b9baf254242" executionId="41581903-8009-4411-8c79-19e97952958c" testListId="8c84fa94-04c1-424b-9868-57a2d4851a1d" /><TestEntry testId="90a07fb9-96fd-4dd6-bb93-af0912b0623e" executionId="7096a6b2-10f1-4975-915d-3a3e403ba2f2" testListId="8c84fa94-04c1-424b-9868-57a2d4851a1d" /><TestEntry testId="cffdffdc-f0d8-4985-b192-01a5f67255bf" executionId="13524ac9-803a-40f0-8ae9-8bf64cd2bc1b" testListId="8c84fa94-04c1-424b-9868-57a2d4851a1d" /><TestEntry testId="81ea7dc8-9296-4df7-88c1-ba90e124d7f5" executionId="b2fead4b-f869-4852-af2d-57e8a7c06b97" testListId="8c84fa94-04c1-424b-9868-57a2d4851a1d" /><TestEntry testId="50437076-2e45-483a-b24b-c6635ce75f57" executionId="8a42896d-6985-4f21-bba4-7b8a004b652b" testListId="8c84fa94-04c1-424b-9868-57a2d4851a1d" /><TestEntry testId="12ce0a25-9025-4a29-a677-a11fb8178479" executionId="e808c534-10e5-4d21-ba17-695f829dd209" testListId="8c84fa94-04c1-424b-9868-57a2d4851a1d" /><TestEntry testId="efc7bf6c-a311-40fc-8ad0-a7d46f92415a" executionId="f2d6c1b1-0164-443f-9c81-2a60c64eaacb" testListId="8c84fa94-04c1-424b-9868-57a2d4851a1d" /><TestEntry testId="f44eb69a-3e6a-4bfd-a3ce-1a8b40c87172" executionId="129ff94c-c4de-4f60-9d43-afb0ddcf2035" testListId="8c84fa94-04c1-424b-9868-57a2d4851a1d" /><TestEntry testId="c7cd76d1-7c6b-4688-9bbe-7e650e3e234c" executionId="b66b254e-9a8f-4db8-953c-314503db9e9d" testListId="8c84fa94-04c1-424b-9868-57a2d4851a1d" /><TestEntry testId="2a0af9ad-9dcb-47c6-aa2f-85601551d804" executionId="061437f7-7901-4f47-a63a-4b01795bd0f1" testListId="8c84fa94-04c1-424b-9868-57a2d4851a1d" /><TestEntry testId="19fed825-fb36-4bad-8c1e-395cf5a3a422" executionId="a91b99c7-60df-452b-9d35-aa61f9bfb853" testListId="8c84fa94-04c1-424b-9868-57a2d4851a1d" /><TestEntry testId="f2db0f79-deb9-4b84-aafa-36c159e20b71" executionId="ea5a0cea-5543-4803-b85d-de48015d68f0" testListId="8c84fa94-04c1-424b-9868-57a2d4851a1d" /><TestEntry testId="f98a6c40-1850-4485-b0a4-a81798351232" executionId="f0b44f11-463e-4feb-ae84-37e9dbc01ba0" testListId="8c84fa94-04c1-424b-9868-57a2d4851a1d" /><TestEntry testId="be3335dd-556f-465a-b8f3-33131c243961" executionId="0b706440-8ce6-47cd-990c-9cce2f4367b3" testListId="8c84fa94-04c1-424b-9868-57a2d4851a1d" /><TestEntry testId="55b40d14-912d-4df4-8d00-13b116452536" executionId="9ae72d89-162d-4148-8024-8a0131513bad" testListId="8c84fa94-04c1-424b-9868-57a2d4851a1d" /><TestEntry testId="55015f74-84c6-479e-8219-5e79f3699958" executionId="eb2d2c19-371f-485d-a45d-e9702cf25494" testListId="8c84fa94-04c1-424b-9868-57a2d4851a1d" /><TestEntry testId="9c1d8d85-6092-40fb-a702-76e07ef7bf50" executionId="c77abd45-38ec-4cd4-aa0a-e4aa7347b642" testListId="8c84fa94-04c1-424b-9868-57a2d4851a1d" /><TestEntry testId="fafa74c6-99a1-4d38-8b3a-b05d8e0ce961" executionId="39cb7ab5-5f3b-4368-9a71-54fcd8f067ab" testListId="8c84fa94-04c1-424b-9868-57a2d4851a1d" /></TestEntries><TestLists><TestList name="Results Not in a List" id="8c84fa94-04c1-424b-9868-57a2d4851a1d" /><TestList name="All Loaded Results" id="19431567-8539-422a-85d7-44ee4e166bda" /></TestLists><ResultSummary outcome="Completed"><Counters total="151" executed="151" passed="151" failed="0" error="0" timeout="0" aborted="0" inconclusive="0" passedButRunAborted="0" notRunnable="0" notExecuted="0" disconnected="0" warning="0" completed="0" inProgress="0" pending="0" /><Output><StdOut>[xUnit.net 00:00:01.2524359]   Discovering: ModelRelief.Test[xUnit.net 00:00:01.3819239]   Discovered:  ModelRelief.Test[xUnit.net 00:00:01.3871662]   Starting:    ModelRelief.Test[xUnit.net 00:00:40.7282190]   Finished:    ModelRelief.Test</StdOut></Output></ResultSummary></TestRun>