<?xml version="1.0" encoding="utf-8"?><TestRun id="af8c3f3e-3db1-4249-91be-c797115eba69" name="steve@LAMBDA 2018-07-16 14:42:44" runUser="LAMBDA\steve" xmlns="http://microsoft.com/schemas/VisualStudio/TeamTest/2010"><Times creation="2018-07-16T14:42:44.0529387-04:00" queuing="2018-07-16T14:42:44.0529618-04:00" start="2018-07-16T14:42:38.2190886-04:00" finish="2018-07-16T14:43:23.9143846-04:00" /><TestSettings name="default" id="02376797-72c7-4caf-8606-2c2913239d8d"><Deployment runDeploymentRoot="steve_LAMBDA_2018-07-16_14_42_44" /></TestSettings><Results><UnitTestResult executionId="9e9a8e72-66a5-4a7c-8372-54d7101733e9" testId="310f25c6-8e95-4416-a397-8c40a6ed18c0" testName="Put_InvalidReferencePropertyReturndBadRequest" computerName="LAMBDA" duration="00:00:00.1590000" startTime="2018-07-16T14:43:14.6726160-04:00" endTime="2018-07-16T14:43:14.6726224-04:00" testType="13cdc9d9-ddb5-4fa4-a97d-d965ccfc6d4b" outcome="Passed" testListId="8c84fa94-04c1-424b-9868-57a2d4851a1d" relativeResultsDirectory="9e9a8e72-66a5-4a7c-8372-54d7101733e9" /><UnitTestResult executionId="06afcd21-9c50-451b-8ddf-6e34d9e1fd65" testId="de91c181-2e81-4d07-8657-58d40d137d9f" testName="Post_ValidReferencePropertyCreatesModel" computerName="LAMBDA" duration="00:00:00.1500000" startTime="2018-07-16T14:42:59.8599831-04:00" endTime="2018-07-16T14:42:59.8599878-04:00" testType="13cdc9d9-ddb5-4fa4-a97d-d965ccfc6d4b" outcome="Passed" testListId="8c84fa94-04c1-424b-9868-57a2d4851a1d" relativeResultsDirectory="06afcd21-9c50-451b-8ddf-6e34d9e1fd65" /><UnitTestResult executionId="22f328f4-7818-41b9-b857-12607288d2d9" testId="20955cf0-796a-4eba-89b4-d1e23b92cc07" testName="GetSingle_ValidIdPropertyValueReturnsCorrectModel" computerName="LAMBDA" duration="00:00:00.0070000" startTime="2018-07-16T14:42:49.3112542-04:00" endTime="2018-07-16T14:42:49.3112610-04:00" testType="13cdc9d9-ddb5-4fa4-a97d-d965ccfc6d4b" outcome="Passed" testListId="8c84fa94-04c1-424b-9868-57a2d4851a1d" relativeResultsDirectory="22f328f4-7818-41b9-b857-12607288d2d9" /><UnitTestResult executionId="96cd86c4-c573-40de-86ab-01b7ea7b35bf" testId="963fb988-cda0-45b3-bdfa-20d77086e56d" testName="Patch_TargetPropertyIsUpdated" computerName="LAMBDA" duration="00:00:00.2850000" startTime="2018-07-16T14:43:15.3922387-04:00" endTime="2018-07-16T14:43:15.3922452-04:00" testType="13cdc9d9-ddb5-4fa4-a97d-d965ccfc6d4b" outcome="Passed" testListId="8c84fa94-04c1-424b-9868-57a2d4851a1d" relativeResultsDirectory="96cd86c4-c573-40de-86ab-01b7ea7b35bf" /><UnitTestResult executionId="e579efd0-77fe-4dc6-bd5c-c96f979540f0" testId="c34d396d-7b1d-4986-8fcd-68033a1e9f9e" testName="Delete_TargetModelIsDeleted" computerName="LAMBDA" duration="00:00:00.2890000" startTime="2018-07-16T14:42:53.7414978-04:00" endTime="2018-07-16T14:42:53.7415094-04:00" testType="13cdc9d9-ddb5-4fa4-a97d-d965ccfc6d4b" outcome="Passed" testListId="8c84fa94-04c1-424b-9868-57a2d4851a1d" relativeResultsDirectory="e579efd0-77fe-4dc6-bd5c-c96f979540f0" /><UnitTestResult executionId="ddc0a722-89c2-40d0-be51-01dd587169b8" testId="444339df-2ac9-4d1f-92eb-0510427d0adc" testName="Put_InvalidReferencePropertyReturndBadRequest" computerName="LAMBDA" duration="00:00:00.0330000" startTime="2018-07-16T14:43:22.5587127-04:00" endTime="2018-07-16T14:43:22.5587183-04:00" testType="13cdc9d9-ddb5-4fa4-a97d-d965ccfc6d4b" outcome="Passed" testListId="8c84fa94-04c1-424b-9868-57a2d4851a1d" relativeResultsDirectory="ddc0a722-89c2-40d0-be51-01dd587169b8" /><UnitTestResult executionId="218c2a72-8a20-4064-9b15-80de174c7854" testId="92533729-2124-463a-9acf-bc554aae418a" testName="Put_CanUpdateModel" computerName="LAMBDA" duration="00:00:00.3060000" startTime="2018-07-16T14:42:55.6846220-04:00" endTime="2018-07-16T14:42:55.6846378-04:00" testType="13cdc9d9-ddb5-4fa4-a97d-d965ccfc6d4b" outcome="Passed" testListId="8c84fa94-04c1-424b-9868-57a2d4851a1d" relativeResultsDirectory="218c2a72-8a20-4064-9b15-80de174c7854" /><UnitTestResult executionId="427f5ee2-10c4-4122-8ad8-f6850a2b61d3" testId="f42a053d-1198-4bc9-bf1b-22e63e0281e0" testName="Post_InvalidPropertyValueReturnsBadRequest" computerName="LAMBDA" duration="00:00:00.0150000" startTime="2018-07-16T14:42:47.8128760-04:00" endTime="2018-07-16T14:42:47.8128812-04:00" testType="13cdc9d9-ddb5-4fa4-a97d-d965ccfc6d4b" outcome="Passed" testListId="8c84fa94-04c1-424b-9868-57a2d4851a1d" relativeResultsDirectory="427f5ee2-10c4-4122-8ad8-f6850a2b61d3" /><UnitTestResult executionId="db2b1ae9-e81a-4a3b-aa20-661949310810" testId="0d016e80-bb4b-4bab-85f8-93177a0411ef" testName="Put_InvalidIdReturnsNotFound" computerName="LAMBDA" duration="00:00:00.1370000" startTime="2018-07-16T14:42:53.4352056-04:00" endTime="2018-07-16T14:42:53.4352103-04:00" testType="13cdc9d9-ddb5-4fa4-a97d-d965ccfc6d4b" outcome="Passed" testListId="8c84fa94-04c1-424b-9868-57a2d4851a1d" relativeResultsDirectory="db2b1ae9-e81a-4a3b-aa20-661949310810" /><UnitTestResult executionId="f6096fcd-0875-465e-bc4c-f27ee41c5e86" testId="3042fee0-47bb-4e26-8b56-d554c089c63e" testName="GetList_ListReturnsCorrectCount" computerName="LAMBDA" duration="00:00:00.0450000" startTime="2018-07-16T14:43:22.1913026-04:00" endTime="2018-07-16T14:43:22.1913077-04:00" testType="13cdc9d9-ddb5-4fa4-a97d-d965ccfc6d4b" outcome="Passed" testListId="8c84fa94-04c1-424b-9868-57a2d4851a1d" relativeResultsDirectory="f6096fcd-0875-465e-bc4c-f27ee41c5e86" /><UnitTestResult executionId="060308cb-acf9-4ee4-809c-3970f21b507a" testId="9e01e21b-7156-413b-ba57-de04328c4205" testName="Post_CanCreateNewModel" computerName="LAMBDA" duration="00:00:00.1730000" startTime="2018-07-16T14:43:15.1066175-04:00" endTime="2018-07-16T14:43:15.1066243-04:00" testType="13cdc9d9-ddb5-4fa4-a97d-d965ccfc6d4b" outcome="Passed" testListId="8c84fa94-04c1-424b-9868-57a2d4851a1d" relativeResultsDirectory="060308cb-acf9-4ee4-809c-3970f21b507a" /><UnitTestResult executionId="b7edcb84-0f67-4d95-8994-7f29a524d133" testId="d1cf2376-111e-4327-bd6b-081806d917e2" testName="Patch_InvalidReferencePropertyReturnsBadRequest" computerName="LAMBDA" duration="00:00:00.0420000" startTime="2018-07-16T14:42:59.6532599-04:00" endTime="2018-07-16T14:42:59.6532642-04:00" testType="13cdc9d9-ddb5-4fa4-a97d-d965ccfc6d4b" outcome="Passed" testListId="8c84fa94-04c1-424b-9868-57a2d4851a1d" relativeResultsDirectory="b7edcb84-0f67-4d95-8994-7f29a524d133" /><UnitTestResult executionId="a4ff5bae-5769-42cd-96f9-da8cc1d8a6a5" testId="6b7adb0a-b77d-4bf1-a518-e35515f4ab3a" testName="Delete_TargetModelIsDeleted" computerName="LAMBDA" duration="00:00:01.1560000" startTime="2018-07-16T14:42:45.8864374-04:00" endTime="2018-07-16T14:42:45.8864438-04:00" testType="13cdc9d9-ddb5-4fa4-a97d-d965ccfc6d4b" outcome="Passed" testListId="8c84fa94-04c1-424b-9868-57a2d4851a1d" relativeResultsDirectory="a4ff5bae-5769-42cd-96f9-da8cc1d8a6a5" /><UnitTestResult executionId="757926c2-7b09-4d23-a885-6715cb1a0f32" testId="38c4d744-0d67-40ee-b046-40467aa52744" testName="Post_InvalidReferencePropertyReturnsBadRequest" computerName="LAMBDA" duration="00:00:00.0070000" startTime="2018-07-16T14:42:55.7249148-04:00" endTime="2018-07-16T14:42:55.7249195-04:00" testType="13cdc9d9-ddb5-4fa4-a97d-d965ccfc6d4b" outcome="Passed" testListId="8c84fa94-04c1-424b-9868-57a2d4851a1d" relativeResultsDirectory="757926c2-7b09-4d23-a885-6715cb1a0f32" /><UnitTestResult executionId="2855c666-23f3-4098-95f2-4c51a7d002b9" testId="dfa64091-8e7d-42f1-873d-a97a0c9d0301" testName="PostFile_FileTimeStampIsUpdatedAfterFileIsPosted" computerName="LAMBDA" duration="00:00:01.4840000" startTime="2018-07-16T14:43:18.2114502-04:00" endTime="2018-07-16T14:43:18.2114643-04:00" testType="13cdc9d9-ddb5-4fa4-a97d-d965ccfc6d4b" outcome="Passed" testListId="8c84fa94-04c1-424b-9868-57a2d4851a1d" relativeResultsDirectory="2855c666-23f3-4098-95f2-4c51a7d002b9" /><UnitTestResult executionId="a3796572-0b59-4430-85bc-49691233fe64" testId="eeb18e68-b0fc-48c9-8341-81e36fc6313f" testName="Patch_InvalidEnumPropertyValueReturnsBadRequest" computerName="LAMBDA" duration="00:00:00.0040000" startTime="2018-07-16T14:42:47.2680088-04:00" endTime="2018-07-16T14:42:47.2680157-04:00" testType="13cdc9d9-ddb5-4fa4-a97d-d965ccfc6d4b" outcome="Passed" testListId="8c84fa94-04c1-424b-9868-57a2d4851a1d" relativeResultsDirectory="a3796572-0b59-4430-85bc-49691233fe64" /><UnitTestResult executionId="dbbcb48a-d472-41fb-8212-e452c9cd3ecf" testId="ee167769-b1ba-4a7b-8241-ebb42b8838b8" testName="Patch_InvalidIdPropertyReturnsNotFound" computerName="LAMBDA" duration="00:00:00.0120000" startTime="2018-07-16T14:42:50.0362517-04:00" endTime="2018-07-16T14:42:50.0362568-04:00" testType="13cdc9d9-ddb5-4fa4-a97d-d965ccfc6d4b" outcome="Passed" testListId="8c84fa94-04c1-424b-9868-57a2d4851a1d" relativeResultsDirectory="dbbcb48a-d472-41fb-8212-e452c9cd3ecf" /><UnitTestResult executionId="37e5fc00-1835-46c9-8fb0-bc25655f7240" testId="a8826b80-7755-4601-9263-f956437b488e" testName="PutFile_FileCanBeUpdated" computerName="LAMBDA" duration="00:00:00.6590000" startTime="2018-07-16T14:42:51.9254839-04:00" endTime="2018-07-16T14:42:51.9254891-04:00" testType="13cdc9d9-ddb5-4fa4-a97d-d965ccfc6d4b" outcome="Passed" testListId="8c84fa94-04c1-424b-9868-57a2d4851a1d" relativeResultsDirectory="37e5fc00-1835-46c9-8fb0-bc25655f7240" /><UnitTestResult executionId="cab30bea-8e99-442b-b8ec-4a5683832142" testId="08497840-1023-4462-97a5-fe425bbc4b90" testName="CameraHasExpectedDependentFiles" computerName="LAMBDA" duration="00:00:00.0020000" startTime="2018-07-16T14:42:43.3445261-04:00" endTime="2018-07-16T14:42:43.3445398-04:00" testType="13cdc9d9-ddb5-4fa4-a97d-d965ccfc6d4b" outcome="Passed" testListId="8c84fa94-04c1-424b-9868-57a2d4851a1d" relativeResultsDirectory="cab30bea-8e99-442b-b8ec-4a5683832142" /><UnitTestResult executionId="1067c353-7384-4fdd-82ef-bdbc182a022c" testId="3a37c193-be55-4c55-9203-de78dcc028b2" testName="Post_InvalidPropertyValueReturnsBadRequest" computerName="LAMBDA" duration="00:00:00.0040000" startTime="2018-07-16T14:43:22.8245531-04:00" endTime="2018-07-16T14:43:22.8245582-04:00" testType="13cdc9d9-ddb5-4fa4-a97d-d965ccfc6d4b" outcome="Passed" testListId="8c84fa94-04c1-424b-9868-57a2d4851a1d" relativeResultsDirectory="1067c353-7384-4fdd-82ef-bdbc182a022c" /><UnitTestResult executionId="2ed21fed-4dc3-4e9a-b445-0cec55595154" testId="2eb5017c-a9d7-4533-a937-60028364985a" testName="Patch_ValidReferencePropertyUpdatesModel" computerName="LAMBDA" duration="00:00:00.3700000" startTime="2018-07-16T14:42:55.0696746-04:00" endTime="2018-07-16T14:42:55.0696793-04:00" testType="13cdc9d9-ddb5-4fa4-a97d-d965ccfc6d4b" outcome="Passed" testListId="8c84fa94-04c1-424b-9868-57a2d4851a1d" relativeResultsDirectory="2ed21fed-4dc3-4e9a-b445-0cec55595154" /><UnitTestResult executionId="b687ae29-ab81-43a1-b555-627abc910001" testId="09b427ae-e32b-4bcb-880f-5ba60c424a92" testName="Model3dHasExpectedDependentFiles" computerName="LAMBDA" duration="00:00:00.0500000" startTime="2018-07-16T14:42:42.5012013-04:00" endTime="2018-07-16T14:42:42.5012073-04:00" testType="13cdc9d9-ddb5-4fa4-a97d-d965ccfc6d4b" outcome="Passed" testListId="8c84fa94-04c1-424b-9868-57a2d4851a1d" relativeResultsDirectory="b687ae29-ab81-43a1-b555-627abc910001" /><UnitTestResult executionId="707c9a8a-12b1-44d2-ac27-a17256c74f31" testId="b44084bc-7ad6-49d7-b4b1-dcf71c2241e1" testName="GetList_ListReturnsCorrectCount" computerName="LAMBDA" duration="00:00:00.0650000" startTime="2018-07-16T14:42:50.3604088-04:00" endTime="2018-07-16T14:42:50.3604152-04:00" testType="13cdc9d9-ddb5-4fa4-a97d-d965ccfc6d4b" outcome="Passed" testListId="8c84fa94-04c1-424b-9868-57a2d4851a1d" relativeResultsDirectory="707c9a8a-12b1-44d2-ac27-a17256c74f31" /><UnitTestResult executionId="4d0acd9c-c72a-4b5d-9d01-392c1f57d205" testId="5a1a054f-157c-421d-a341-883bef58ca8a" testName="Post_InvalidReferencePropertyReturnsBadRequest" computerName="LAMBDA" duration="00:00:00.0040000" startTime="2018-07-16T14:42:44.7295522-04:00" endTime="2018-07-16T14:42:44.7295586-04:00" testType="13cdc9d9-ddb5-4fa4-a97d-d965ccfc6d4b" outcome="Passed" testListId="8c84fa94-04c1-424b-9868-57a2d4851a1d" relativeResultsDirectory="4d0acd9c-c72a-4b5d-9d01-392c1f57d205" /><UnitTestResult executionId="4ce20e7d-a4c5-407e-862e-5c829f246f87" testId="74502580-60d6-40f4-9223-32c42f2b01dc" testName="Post_CanCreateNewModel" computerName="LAMBDA" duration="00:00:00.1510000" startTime="2018-07-16T14:42:53.9293598-04:00" endTime="2018-07-16T14:42:53.9293726-04:00" testType="13cdc9d9-ddb5-4fa4-a97d-d965ccfc6d4b" outcome="Passed" testListId="8c84fa94-04c1-424b-9868-57a2d4851a1d" relativeResultsDirectory="4ce20e7d-a4c5-407e-862e-5c829f246f87" /><UnitTestResult executionId="3db3435d-4ce9-4af4-a39f-549660daa3bd" testId="675fd12b-0c2c-4f8a-8610-f8d8f6901d1b" testName="Post_InvalidReferencePropertyReturnsBadRequest" computerName="LAMBDA" duration="00:00:00.0070000" startTime="2018-07-16T14:43:15.8079221-04:00" endTime="2018-07-16T14:43:15.8079277-04:00" testType="13cdc9d9-ddb5-4fa4-a97d-d965ccfc6d4b" outcome="Passed" testListId="8c84fa94-04c1-424b-9868-57a2d4851a1d" relativeResultsDirectory="3db3435d-4ce9-4af4-a39f-549660daa3bd" /><UnitTestResult executionId="f06f5572-0ee6-4d6e-ab6a-56ffbe65cbfd" testId="65ac7a1a-0aef-4d76-bada-59da1ed0b80d" testName="Delete_TargetModelIsDeleted" computerName="LAMBDA" duration="00:00:00.2070000" startTime="2018-07-16T14:42:50.8239839-04:00" endTime="2018-07-16T14:42:50.8239959-04:00" testType="13cdc9d9-ddb5-4fa4-a97d-d965ccfc6d4b" outcome="Passed" testListId="8c84fa94-04c1-424b-9868-57a2d4851a1d" relativeResultsDirectory="f06f5572-0ee6-4d6e-ab6a-56ffbe65cbfd" /><UnitTestResult executionId="788c7a75-9c49-4fbe-b833-647bfbf217bf" testId="163f31d1-2d08-4824-beaf-3c47ca17eeba" testName="Post_CanCreateNewModel" computerName="LAMBDA" duration="00:00:00.2630000" startTime="2018-07-16T14:42:46.8992178-04:00" endTime="2018-07-16T14:42:46.8992242-04:00" testType="13cdc9d9-ddb5-4fa4-a97d-d965ccfc6d4b" outcome="Passed" testListId="8c84fa94-04c1-424b-9868-57a2d4851a1d" relativeResultsDirectory="788c7a75-9c49-4fbe-b833-647bfbf217bf" /><UnitTestResult executionId="c1f33c40-d335-46ab-961a-4fbd27d8673b" testId="41c39b9f-9a31-49db-a381-03ee863166af" testName="Patch_InvalidIdPropertyReturnsNotFound" computerName="LAMBDA" duration="00:00:00.0140000" startTime="2018-07-16T14:42:47.7975536-04:00" endTime="2018-07-16T14:42:47.7975626-04:00" testType="13cdc9d9-ddb5-4fa4-a97d-d965ccfc6d4b" outcome="Passed" testListId="8c84fa94-04c1-424b-9868-57a2d4851a1d" relativeResultsDirectory="c1f33c40-d335-46ab-961a-4fbd27d8673b" /><UnitTestResult executionId="a794f1da-8eb7-4fd8-9254-e6b6583db20d" testId="ebbf40cc-8c06-484c-9fb7-c94b8baaf4ed" testName="GetFile_ExistingFileReturnsSuccess" computerName="LAMBDA" duration="00:00:00.1150000" startTime="2018-07-16T14:42:52.0410221-04:00" endTime="2018-07-16T14:42:52.0410285-04:00" testType="13cdc9d9-ddb5-4fa4-a97d-d965ccfc6d4b" outcome="Passed" testListId="8c84fa94-04c1-424b-9868-57a2d4851a1d" relativeResultsDirectory="a794f1da-8eb7-4fd8-9254-e6b6583db20d" /><UnitTestResult executionId="e0f82b0b-266e-48d5-b426-717879acae32" testId="d0ff6db5-988b-48ad-ae76-7945c6318483" testName="GetSingle_ValidIdPropertyValueReturnsCorrectModel" computerName="LAMBDA" duration="00:00:00.0260000" startTime="2018-07-16T14:43:21.7007548-04:00" endTime="2018-07-16T14:43:21.7007600-04:00" testType="13cdc9d9-ddb5-4fa4-a97d-d965ccfc6d4b" outcome="Passed" testListId="8c84fa94-04c1-424b-9868-57a2d4851a1d" relativeResultsDirectory="e0f82b0b-266e-48d5-b426-717879acae32" /><UnitTestResult executionId="b035fd2b-09a6-4a95-bc54-c1f960be0a06" testId="52f0e572-e132-49d3-96fb-45334e24ab67" testName="Put_CanUpdateModel" computerName="LAMBDA" duration="00:00:00.3170000" startTime="2018-07-16T14:43:22.5250631-04:00" endTime="2018-07-16T14:43:22.5250746-04:00" testType="13cdc9d9-ddb5-4fa4-a97d-d965ccfc6d4b" outcome="Passed" testListId="8c84fa94-04c1-424b-9868-57a2d4851a1d" relativeResultsDirectory="b035fd2b-09a6-4a95-bc54-c1f960be0a06" /><UnitTestResult executionId="91636927-e8ab-4780-99c6-3f5284f931b5" testId="7cddcd48-c711-4935-bbf5-1070d0389f4c" testName="Post_ValidReferencePropertyCreatesModel" computerName="LAMBDA" duration="00:00:00.1680000" startTime="2018-07-16T14:43:16.3621057-04:00" endTime="2018-07-16T14:43:16.3621207-04:00" testType="13cdc9d9-ddb5-4fa4-a97d-d965ccfc6d4b" outcome="Passed" testListId="8c84fa94-04c1-424b-9868-57a2d4851a1d" relativeResultsDirectory="91636927-e8ab-4780-99c6-3f5284f931b5" /><UnitTestResult executionId="6ae2d20d-1642-4380-a2f3-2cf267ff8eeb" testId="70c5c87c-b96d-408a-97b5-8c86ed7a9621" testName="GetFile_FileCanBeRoundTripped" computerName="LAMBDA" duration="00:00:00.3770000" startTime="2018-07-16T14:43:21.6732784-04:00" endTime="2018-07-16T14:43:21.6732891-04:00" testType="13cdc9d9-ddb5-4fa4-a97d-d965ccfc6d4b" outcome="Passed" testListId="8c84fa94-04c1-424b-9868-57a2d4851a1d" relativeResultsDirectory="6ae2d20d-1642-4380-a2f3-2cf267ff8eeb" /><UnitTestResult executionId="5c807db6-9dc0-4bd0-8dc5-d21542688836" testId="eb65460b-17d2-497b-a599-caa373c4944d" testName="Patch_MultipleInvalidReferencePropertiesReturnsMultipleValidationErrorsAndBadRequest" computerName="LAMBDA" duration="00:00:00.0380000" startTime="2018-07-16T14:42:50.2949199-04:00" endTime="2018-07-16T14:42:50.2949250-04:00" testType="13cdc9d9-ddb5-4fa4-a97d-d965ccfc6d4b" outcome="Passed" testListId="8c84fa94-04c1-424b-9868-57a2d4851a1d" relativeResultsDirectory="5c807db6-9dc0-4bd0-8dc5-d21542688836" /><UnitTestResult executionId="89919a33-08d9-4621-842d-e13dcec1ef4d" testId="3b9353f5-1015-44c1-9659-d1b04ce4a08a" testName="Post_ValidReferencePropertyCreatesModel" computerName="LAMBDA" duration="00:00:00.2280000" startTime="2018-07-16T14:42:54.6423607-04:00" endTime="2018-07-16T14:42:54.6423782-04:00" testType="13cdc9d9-ddb5-4fa4-a97d-d965ccfc6d4b" outcome="Passed" testListId="8c84fa94-04c1-424b-9868-57a2d4851a1d" relativeResultsDirectory="89919a33-08d9-4621-842d-e13dcec1ef4d" /><UnitTestResult executionId="aa0614fc-3d53-4f35-b70e-37e9658274cf" testId="9cf6b78c-cfdc-4aa2-b38d-cbdafe52a6c6" testName="Patch_InvalidEnumPropertyValueReturnsBadRequest" computerName="LAMBDA" duration="00:00:00.0410000" startTime="2018-07-16T14:43:14.3800873-04:00" endTime="2018-07-16T14:43:14.3800916-04:00" testType="13cdc9d9-ddb5-4fa4-a97d-d965ccfc6d4b" outcome="Passed" testListId="8c84fa94-04c1-424b-9868-57a2d4851a1d" relativeResultsDirectory="aa0614fc-3d53-4f35-b70e-37e9658274cf" /><UnitTestResult executionId="19f01725-9d60-4ea8-9285-af7b5e7beeb6" testId="9ea85628-4940-413b-8b92-5daf5a970bd1" testName="PostFile_NewFileCanBePosted" computerName="LAMBDA" duration="00:00:00.2980000" startTime="2018-07-16T14:43:21.2954459-04:00" endTime="2018-07-16T14:43:21.2954621-04:00" testType="13cdc9d9-ddb5-4fa4-a97d-d965ccfc6d4b" outcome="Passed" testListId="8c84fa94-04c1-424b-9868-57a2d4851a1d" relativeResultsDirectory="19f01725-9d60-4ea8-9285-af7b5e7beeb6" /><UnitTestResult executionId="bf39ca47-115c-4d53-83b9-1fec295d4479" testId="34316397-6b8f-49b3-8e5d-8c6301a03778" testName="DepthBufferHasExpectedDependentFiles" computerName="LAMBDA" duration="00:00:00.0010000" startTime="2018-07-16T14:42:43.3540431-04:00" endTime="2018-07-16T14:42:43.3540465-04:00" testType="13cdc9d9-ddb5-4fa4-a97d-d965ccfc6d4b" outcome="Passed" testListId="8c84fa94-04c1-424b-9868-57a2d4851a1d" relativeResultsDirectory="bf39ca47-115c-4d53-83b9-1fec295d4479" /><UnitTestResult executionId="3af41cdd-f30a-4cc1-85a5-cbce8a16998c" testId="728a0791-6327-4fb9-b7f6-2b8cf447be85" testName="GetSingle_InvalidIdPropertyValueReturnsNotFound" computerName="LAMBDA" duration="00:00:00.0060000" startTime="2018-07-16T14:43:22.1976930-04:00" endTime="2018-07-16T14:43:22.1977067-04:00" testType="13cdc9d9-ddb5-4fa4-a97d-d965ccfc6d4b" outcome="Passed" testListId="8c84fa94-04c1-424b-9868-57a2d4851a1d" relativeResultsDirectory="3af41cdd-f30a-4cc1-85a5-cbce8a16998c" /><UnitTestResult executionId="a975f19c-3f22-455a-974e-dd5849fe7cf6" testId="de54925f-8293-4d67-ba40-735cc317418f" testName="MeshTransformHasExpectedDependentFiles" computerName="LAMBDA" duration="00:00:00.0010000" startTime="2018-07-16T14:42:43.3476437-04:00" endTime="2018-07-16T14:42:43.3476497-04:00" testType="13cdc9d9-ddb5-4fa4-a97d-d965ccfc6d4b" outcome="Passed" testListId="8c84fa94-04c1-424b-9868-57a2d4851a1d" relativeResultsDirectory="a975f19c-3f22-455a-974e-dd5849fe7cf6" /><UnitTestResult executionId="065401b3-83e5-40fe-ad2a-2122747ccf9d" testId="38e812db-f9c0-4ec5-a898-8ebb89fbf9dd" testName="Put_ValidReferencePropertyUpdatesModel" computerName="LAMBDA" duration="00:00:00.3680000" startTime="2018-07-16T14:42:59.0359647-04:00" endTime="2018-07-16T14:42:59.0359706-04:00" testType="13cdc9d9-ddb5-4fa4-a97d-d965ccfc6d4b" outcome="Passed" testListId="8c84fa94-04c1-424b-9868-57a2d4851a1d" relativeResultsDirectory="065401b3-83e5-40fe-ad2a-2122747ccf9d" /><UnitTestResult executionId="f00a0f07-eda6-4e51-96e3-a9bf79e0b649" testId="be53b59b-b1ed-4d67-ab65-183288164626" testName="PutFile_NewFileCanBePut" computerName="LAMBDA" duration="00:00:00.4000000" startTime="2018-07-16T14:43:00.4874945-04:00" endTime="2018-07-16T14:43:00.4875057-04:00" testType="13cdc9d9-ddb5-4fa4-a97d-d965ccfc6d4b" outcome="Passed" testListId="8c84fa94-04c1-424b-9868-57a2d4851a1d" relativeResultsDirectory="f00a0f07-eda6-4e51-96e3-a9bf79e0b649" /><UnitTestResult executionId="faa43e92-a763-4b68-8855-abfc430cb760" testId="da3c6d50-cefc-4117-b666-9dc023581ba3" testName="Put_InvalidIdReturnsNotFound" computerName="LAMBDA" duration="00:00:00.0130000" startTime="2018-07-16T14:43:15.8287741-04:00" endTime="2018-07-16T14:43:15.8287788-04:00" testType="13cdc9d9-ddb5-4fa4-a97d-d965ccfc6d4b" outcome="Passed" testListId="8c84fa94-04c1-424b-9868-57a2d4851a1d" relativeResultsDirectory="faa43e92-a763-4b68-8855-abfc430cb760" /><UnitTestResult executionId="48b51caa-455a-4018-8a4b-d81d62a05859" testId="e07290bf-9bc2-49f0-a7a0-c81e6bbae87d" testName="Patch_InvalidPropertyNameReturnsBadRequest" computerName="LAMBDA" duration="00:00:00.0060000" startTime="2018-07-16T14:42:49.3002130-04:00" endTime="2018-07-16T14:42:49.3002172-04:00" testType="13cdc9d9-ddb5-4fa4-a97d-d965ccfc6d4b" outcome="Passed" testListId="8c84fa94-04c1-424b-9868-57a2d4851a1d" relativeResultsDirectory="48b51caa-455a-4018-8a4b-d81d62a05859" /><UnitTestResult executionId="9ff123d0-0bb4-4dee-9af1-44d08d852794" testId="12f4d408-662d-4b1d-b094-4d9e0bf697be" testName="GetSingle_ValidIdPropertyValueReturnsCorrectModel" computerName="LAMBDA" duration="00:00:00.0090000" startTime="2018-07-16T14:43:00.0469075-04:00" endTime="2018-07-16T14:43:00.0469131-04:00" testType="13cdc9d9-ddb5-4fa4-a97d-d965ccfc6d4b" outcome="Passed" testListId="8c84fa94-04c1-424b-9868-57a2d4851a1d" relativeResultsDirectory="9ff123d0-0bb4-4dee-9af1-44d08d852794" /><UnitTestResult executionId="1d7e0f7a-11a0-4fab-af17-ecadc56aeb63" testId="e2dd9ee5-073a-4c22-b45e-6d1e938b5db7" testName="GetFile_ExistingFileReturnsSuccess" computerName="LAMBDA" duration="00:00:00.0430000" startTime="2018-07-16T14:43:04.0918835-04:00" endTime="2018-07-16T14:43:04.0918883-04:00" testType="13cdc9d9-ddb5-4fa4-a97d-d965ccfc6d4b" outcome="Passed" testListId="8c84fa94-04c1-424b-9868-57a2d4851a1d" relativeResultsDirectory="1d7e0f7a-11a0-4fab-af17-ecadc56aeb63" /><UnitTestResult executionId="149179ac-5654-4754-a4f5-9ad2bc1a9494" testId="c6a26ca9-87a7-494f-bdd6-371a53e4773c" testName="Put_CanUpdateModel" computerName="LAMBDA" duration="00:00:00.8030000" startTime="2018-07-16T14:42:58.6675932-04:00" endTime="2018-07-16T14:42:58.6675979-04:00" testType="13cdc9d9-ddb5-4fa4-a97d-d965ccfc6d4b" outcome="Passed" testListId="8c84fa94-04c1-424b-9868-57a2d4851a1d" relativeResultsDirectory="149179ac-5654-4754-a4f5-9ad2bc1a9494" /><UnitTestResult executionId="c21372ad-3dc9-46ae-b122-f4b8ad493000" testId="c29456d5-4b10-467f-ba66-59f98b8cfab8" testName="Put_ValidReferencePropertyUpdatesModel" computerName="LAMBDA" duration="00:00:00.3490000" startTime="2018-07-16T14:43:23.4562941-04:00" endTime="2018-07-16T14:43:23.4563065-04:00" testType="13cdc9d9-ddb5-4fa4-a97d-d965ccfc6d4b" outcome="Passed" testListId="8c84fa94-04c1-424b-9868-57a2d4851a1d" relativeResultsDirectory="c21372ad-3dc9-46ae-b122-f4b8ad493000" /><UnitTestResult executionId="67c65a21-1fa2-4e1c-9a64-30abe6ba11bf" testId="abbee1aa-c0c2-45e2-bfff-4f85a5c1afc6" testName="Put_InvalidIdReturnsNotFound" computerName="LAMBDA" duration="00:00:00.0380000" startTime="2018-07-16T14:43:21.9539302-04:00" endTime="2018-07-16T14:43:21.9539422-04:00" testType="13cdc9d9-ddb5-4fa4-a97d-d965ccfc6d4b" outcome="Passed" testListId="8c84fa94-04c1-424b-9868-57a2d4851a1d" relativeResultsDirectory="67c65a21-1fa2-4e1c-9a64-30abe6ba11bf" /><UnitTestResult executionId="1426860f-95ba-47bb-8054-b66f14c3838d" testId="88aa360c-95d3-466c-a2f3-5d07dccf7e56" testName="PostFile_FileIsSynchronizedIsUpdatedAfterFileIsPosted" computerName="LAMBDA" duration="00:00:00.3210000" startTime="2018-07-16T14:43:20.9964661-04:00" endTime="2018-07-16T14:43:20.9964746-04:00" testType="13cdc9d9-ddb5-4fa4-a97d-d965ccfc6d4b" outcome="Passed" testListId="8c84fa94-04c1-424b-9868-57a2d4851a1d" relativeResultsDirectory="1426860f-95ba-47bb-8054-b66f14c3838d" /><UnitTestResult executionId="4442d1c4-9771-43c2-9f1e-0ae83fbf6f5f" testId="62daf6c5-4a56-4612-be0f-5dbc83852c50" testName="Patch_InvalidPropertyNameReturnsBadRequest" computerName="LAMBDA" duration="00:00:01.2930000" startTime="2018-07-16T14:42:44.7175484-04:00" endTime="2018-07-16T14:42:44.7175539-04:00" testType="13cdc9d9-ddb5-4fa4-a97d-d965ccfc6d4b" outcome="Passed" testListId="8c84fa94-04c1-424b-9868-57a2d4851a1d" relativeResultsDirectory="4442d1c4-9771-43c2-9f1e-0ae83fbf6f5f" /><UnitTestResult executionId="f5610e36-1a01-495c-9c22-36185156fad5" testId="119259e0-1f06-4551-9ca5-b15c6093a4c7" testName="GetSingle_InvalidIdPropertyValueReturnsNotFound" computerName="LAMBDA" duration="00:00:00.0190000" startTime="2018-07-16T14:43:16.1933284-04:00" endTime="2018-07-16T14:43:16.1933365-04:00" testType="13cdc9d9-ddb5-4fa4-a97d-d965ccfc6d4b" outcome="Passed" testListId="8c84fa94-04c1-424b-9868-57a2d4851a1d" relativeResultsDirectory="f5610e36-1a01-495c-9c22-36185156fad5" /><UnitTestResult executionId="2d26af19-df6f-4b20-8ea1-989052e65dc2" testId="277f30e6-bc16-4e4f-8806-74680ea21cce" testName="Patch_InvalidReferencePropertyReturnsBadRequest" computerName="LAMBDA" duration="00:00:00.0170000" startTime="2018-07-16T14:43:15.7884078-04:00" endTime="2018-07-16T14:43:15.7884129-04:00" testType="13cdc9d9-ddb5-4fa4-a97d-d965ccfc6d4b" outcome="Passed" testListId="8c84fa94-04c1-424b-9868-57a2d4851a1d" relativeResultsDirectory="2d26af19-df6f-4b20-8ea1-989052e65dc2" /><UnitTestResult executionId="207b165f-e2e8-46d5-8501-ba974505f7eb" testId="c3cdae88-1903-42d5-8b77-92cbb36d116a" testName="Put_ValidReferencePropertyUpdatesModel" computerName="LAMBDA" duration="00:00:00.3600000" startTime="2018-07-16T14:42:50.0224504-04:00" endTime="2018-07-16T14:42:50.0224696-04:00" testType="13cdc9d9-ddb5-4fa4-a97d-d965ccfc6d4b" outcome="Passed" testListId="8c84fa94-04c1-424b-9868-57a2d4851a1d" relativeResultsDirectory="207b165f-e2e8-46d5-8501-ba974505f7eb" /><UnitTestResult executionId="50be9624-6df1-444c-a053-f612099d7ad6" testId="db289094-5441-486a-b410-df51521c6694" testName="Patch_InvalidEnumPropertyValueReturnsBadRequest" computerName="LAMBDA" duration="00:00:00.0110000" startTime="2018-07-16T14:42:59.0478655-04:00" endTime="2018-07-16T14:42:59.0478736-04:00" testType="13cdc9d9-ddb5-4fa4-a97d-d965ccfc6d4b" outcome="Passed" testListId="8c84fa94-04c1-424b-9868-57a2d4851a1d" relativeResultsDirectory="50be9624-6df1-444c-a053-f612099d7ad6" /><UnitTestResult executionId="f1b39bf0-c12b-487f-8a2f-f34adaf9ab6f" testId="7eefd17c-3926-4227-8a39-dddee43aed8e" testName="Put_InvalidIdReturnsNotFound" computerName="LAMBDA" duration="00:00:00.2610000" startTime="2018-07-16T14:42:47.2008358-04:00" endTime="2018-07-16T14:42:47.2008422-04:00" testType="13cdc9d9-ddb5-4fa4-a97d-d965ccfc6d4b" outcome="Passed" testListId="8c84fa94-04c1-424b-9868-57a2d4851a1d" relativeResultsDirectory="f1b39bf0-c12b-487f-8a2f-f34adaf9ab6f" /><UnitTestResult executionId="5d9f30eb-3ade-4d17-b79d-8ad24ea94002" testId="c9861ea2-1fd3-42a1-aba5-580f549da747" testName="GetFile_FileCanBeRoundTripped" computerName="LAMBDA" duration="00:00:00.3020000" startTime="2018-07-16T14:43:03.6681658-04:00" endTime="2018-07-16T14:43:03.6681713-04:00" testType="13cdc9d9-ddb5-4fa4-a97d-d965ccfc6d4b" outcome="Passed" testListId="8c84fa94-04c1-424b-9868-57a2d4851a1d" relativeResultsDirectory="5d9f30eb-3ade-4d17-b79d-8ad24ea94002" /><UnitTestResult executionId="32642333-f570-48e2-9e25-06a0c25d9683" testId="d599e5b6-80bb-4dbf-bb8c-93063063a3b0" testName="Post_ValidReferencePropertyCreatesModel" computerName="LAMBDA" duration="00:00:00.2200000" startTime="2018-07-16T14:42:50.2567491-04:00" endTime="2018-07-16T14:42:50.2567607-04:00" testType="13cdc9d9-ddb5-4fa4-a97d-d965ccfc6d4b" outcome="Passed" testListId="8c84fa94-04c1-424b-9868-57a2d4851a1d" relativeResultsDirectory="32642333-f570-48e2-9e25-06a0c25d9683" /><UnitTestResult executionId="130d86b3-f573-4e09-9a3a-0afbf474f58c" testId="e2cc46cc-470a-4431-aae6-33b127800b1d" testName="LucyCameraFindsAllDependents" computerName="LAMBDA" duration="00:00:00.0200000" startTime="2018-07-16T14:42:43.3418708-04:00" endTime="2018-07-16T14:42:43.3418764-04:00" testType="13cdc9d9-ddb5-4fa4-a97d-d965ccfc6d4b" outcome="Passed" testListId="8c84fa94-04c1-424b-9868-57a2d4851a1d" relativeResultsDirectory="130d86b3-f573-4e09-9a3a-0afbf474f58c" /><UnitTestResult executionId="6023e117-74d4-47e9-9f9b-e5c3f2028100" testId="e9c6ed68-a531-4930-8807-4a91915d7a0f" testName="GetSingle_InvalidIdPropertyValueReturnsNotFound" computerName="LAMBDA" duration="00:00:00.0190000" startTime="2018-07-16T14:42:55.7046926-04:00" endTime="2018-07-16T14:42:55.7047007-04:00" testType="13cdc9d9-ddb5-4fa4-a97d-d965ccfc6d4b" outcome="Passed" testListId="8c84fa94-04c1-424b-9868-57a2d4851a1d" relativeResultsDirectory="6023e117-74d4-47e9-9f9b-e5c3f2028100" /><UnitTestResult executionId="f97c5866-7148-4b41-8f83-0396b202dcfa" testId="f83bfd54-62f7-4dfe-8750-9766d7696cf7" testName="Put_InvalidReferencePropertyReturndBadRequest" computerName="LAMBDA" duration="00:00:00.0020000" startTime="2018-07-16T14:42:47.7829270-04:00" endTime="2018-07-16T14:42:47.7829325-04:00" testType="13cdc9d9-ddb5-4fa4-a97d-d965ccfc6d4b" outcome="Passed" testListId="8c84fa94-04c1-424b-9868-57a2d4851a1d" relativeResultsDirectory="f97c5866-7148-4b41-8f83-0396b202dcfa" /><UnitTestResult executionId="0131b3eb-7bbe-402b-880c-a0c8277e05af" testId="f8694eb6-6a60-48c5-891e-512424edd3f4" testName="PutFile_FileCanBeUpdated" computerName="LAMBDA" duration="00:00:00.4950000" startTime="2018-07-16T14:43:18.7081584-04:00" endTime="2018-07-16T14:43:18.7081725-04:00" testType="13cdc9d9-ddb5-4fa4-a97d-d965ccfc6d4b" outcome="Passed" testListId="8c84fa94-04c1-424b-9868-57a2d4851a1d" relativeResultsDirectory="0131b3eb-7bbe-402b-880c-a0c8277e05af" /><UnitTestResult executionId="9b573bd8-d9a9-454c-83e0-15f98922c4c1" testId="3e1d664d-20d6-4493-bbdf-dbf62b328346" testName="Patch_InvalidIdPropertyReturnsNotFound" computerName="LAMBDA" duration="00:00:00.0060000" startTime="2018-07-16T14:43:22.8097875-04:00" endTime="2018-07-16T14:43:22.8097939-04:00" testType="13cdc9d9-ddb5-4fa4-a97d-d965ccfc6d4b" outcome="Passed" testListId="8c84fa94-04c1-424b-9868-57a2d4851a1d" relativeResultsDirectory="9b573bd8-d9a9-454c-83e0-15f98922c4c1" /><UnitTestResult executionId="faa007aa-2974-4d86-8785-97e8ea6f04af" testId="0fd53fd8-cdac-4bae-ba34-1b17de69b30c" testName="Patch_InvalidPropertyNameReturnsBadRequest" computerName="LAMBDA" duration="00:00:00.0150000" startTime="2018-07-16T14:42:53.4511032-04:00" endTime="2018-07-16T14:42:53.4511079-04:00" testType="13cdc9d9-ddb5-4fa4-a97d-d965ccfc6d4b" outcome="Passed" testListId="8c84fa94-04c1-424b-9868-57a2d4851a1d" relativeResultsDirectory="faa007aa-2974-4d86-8785-97e8ea6f04af" /><UnitTestResult executionId="af55b2f3-d239-435a-b682-a4fec9dd368a" testId="33d710ce-9eb2-435e-bd14-5a0246662338" testName="Patch_MultipleInvalidReferencePropertiesReturnsMultipleValidationErrorsAndBadRequest" computerName="LAMBDA" duration="00:00:00.0350000" startTime="2018-07-16T14:42:53.7769526-04:00" endTime="2018-07-16T14:42:53.7769667-04:00" testType="13cdc9d9-ddb5-4fa4-a97d-d965ccfc6d4b" outcome="Passed" testListId="8c84fa94-04c1-424b-9868-57a2d4851a1d" relativeResultsDirectory="af55b2f3-d239-435a-b682-a4fec9dd368a" /><UnitTestResult executionId="5c1c6bf5-d339-4303-8ed6-781f6272d765" testId="4be00a81-7604-4843-8c5b-1362c58dd9ec" testName="GetSingle_InvalidIdPropertyValueReturnsNotFound" computerName="LAMBDA" duration="00:00:00.0110000" startTime="2018-07-16T14:42:47.2796389-04:00" endTime="2018-07-16T14:42:47.2796445-04:00" testType="13cdc9d9-ddb5-4fa4-a97d-d965ccfc6d4b" outcome="Passed" testListId="8c84fa94-04c1-424b-9868-57a2d4851a1d" relativeResultsDirectory="5c1c6bf5-d339-4303-8ed6-781f6272d765" /><UnitTestResult executionId="61f1b55e-6f0f-463d-a1a1-ee2824bc34b7" testId="bf9c6376-dee8-45a5-889a-09b12c50c6a2" testName="Put_InvalidIdReturnsNotFound" computerName="LAMBDA" duration="00:00:00.0590000" startTime="2018-07-16T14:42:49.2935728-04:00" endTime="2018-07-16T14:42:49.2935792-04:00" testType="13cdc9d9-ddb5-4fa4-a97d-d965ccfc6d4b" outcome="Passed" testListId="8c84fa94-04c1-424b-9868-57a2d4851a1d" relativeResultsDirectory="61f1b55e-6f0f-463d-a1a1-ee2824bc34b7" /><UnitTestResult executionId="80597e94-f762-4544-964d-857c9e11f03b" testId="384ba2ff-d710-456e-bec4-bdbd22896ffe" testName="PutFile_FileCanBeUpdated" computerName="LAMBDA" duration="00:00:00.3790000" startTime="2018-07-16T14:43:04.0479835-04:00" endTime="2018-07-16T14:43:04.0479886-04:00" testType="13cdc9d9-ddb5-4fa4-a97d-d965ccfc6d4b" outcome="Passed" testListId="8c84fa94-04c1-424b-9868-57a2d4851a1d" relativeResultsDirectory="80597e94-f762-4544-964d-857c9e11f03b" /><UnitTestResult executionId="75b9b473-904f-4c46-9e56-23837d60b9df" testId="8811f5e8-95c1-460b-9132-78a6cd7dcfb6" testName="PostFile_NewFileCanBePosted" computerName="LAMBDA" duration="00:00:00.3010000" startTime="2018-07-16T14:43:05.8524089-04:00" endTime="2018-07-16T14:43:05.8524136-04:00" testType="13cdc9d9-ddb5-4fa4-a97d-d965ccfc6d4b" outcome="Passed" testListId="8c84fa94-04c1-424b-9868-57a2d4851a1d" relativeResultsDirectory="75b9b473-904f-4c46-9e56-23837d60b9df" /><UnitTestResult executionId="be947e1c-91fd-4201-bba5-54a5e51e0342" testId="30f9ee47-5b59-471c-bd65-3453d7e8a04e" testName="GetFile_NonExistentFileReturnsNotFound" computerName="LAMBDA" duration="00:00:00.0170000" startTime="2018-07-16T14:42:53.2951294-04:00" endTime="2018-07-16T14:42:53.2951371-04:00" testType="13cdc9d9-ddb5-4fa4-a97d-d965ccfc6d4b" outcome="Passed" testListId="8c84fa94-04c1-424b-9868-57a2d4851a1d" relativeResultsDirectory="be947e1c-91fd-4201-bba5-54a5e51e0342" /><UnitTestResult executionId="9e0b2fe6-fa1c-4a31-a3db-54292a84d810" testId="1f18276b-d29e-46ac-90e3-1e99e3714623" testName="PostFile_FileTimeStampIsUpdatedAfterFileIsPosted" computerName="LAMBDA" duration="00:00:01.4590000" startTime="2018-07-16T14:43:05.5508618-04:00" endTime="2018-07-16T14:43:05.5508678-04:00" testType="13cdc9d9-ddb5-4fa4-a97d-d965ccfc6d4b" outcome="Passed" testListId="8c84fa94-04c1-424b-9868-57a2d4851a1d" relativeResultsDirectory="9e0b2fe6-fa1c-4a31-a3db-54292a84d810" /><UnitTestResult executionId="4708a371-948a-4956-b0d4-964cbdfc5e9e" testId="11cbdae0-5a1e-4828-8d8b-5a568e324963" testName="GetFile_ExistingFileReturnsSuccess" computerName="LAMBDA" duration="00:00:00.0440000" startTime="2018-07-16T14:43:16.7250867-04:00" endTime="2018-07-16T14:43:16.7250931-04:00" testType="13cdc9d9-ddb5-4fa4-a97d-d965ccfc6d4b" outcome="Passed" testListId="8c84fa94-04c1-424b-9868-57a2d4851a1d" relativeResultsDirectory="4708a371-948a-4956-b0d4-964cbdfc5e9e" /><UnitTestResult executionId="c8aa669d-9dfc-4286-8e06-10ba32049ed4" testId="b4a5397c-4960-47f6-914b-56d2d1246982" testName="Patch_ValidReferencePropertyUpdatesModel" computerName="LAMBDA" duration="00:00:00.3490000" startTime="2018-07-16T14:42:49.6611322-04:00" endTime="2018-07-16T14:42:49.6611459-04:00" testType="13cdc9d9-ddb5-4fa4-a97d-d965ccfc6d4b" outcome="Passed" testListId="8c84fa94-04c1-424b-9868-57a2d4851a1d" relativeResultsDirectory="c8aa669d-9dfc-4286-8e06-10ba32049ed4" /><UnitTestResult executionId="5c43aff3-b598-430c-a70f-b04dcf21b82c" testId="e3f68e92-f5c7-4d93-a2a1-7fbc75822533" testName="FileRequest_FileCanBeReadAfterRename" computerName="LAMBDA" duration="00:00:00.4390000" startTime="2018-07-16T14:42:52.4805545-04:00" endTime="2018-07-16T14:42:52.4805614-04:00" testType="13cdc9d9-ddb5-4fa4-a97d-d965ccfc6d4b" outcome="Passed" testListId="8c84fa94-04c1-424b-9868-57a2d4851a1d" relativeResultsDirectory="5c43aff3-b598-430c-a70f-b04dcf21b82c" /><UnitTestResult executionId="e85b4ef1-bcee-4fd0-b2c9-46bb8cc75ba3" testId="f9fd134e-4af8-4c45-8e61-5d39f9111756" testName="PutFile_NewFileCanBePut" computerName="LAMBDA" duration="00:00:00.4040000" startTime="2018-07-16T14:42:51.2659925-04:00" endTime="2018-07-16T14:42:51.2660075-04:00" testType="13cdc9d9-ddb5-4fa4-a97d-d965ccfc6d4b" outcome="Passed" testListId="8c84fa94-04c1-424b-9868-57a2d4851a1d" relativeResultsDirectory="e85b4ef1-bcee-4fd0-b2c9-46bb8cc75ba3" /><UnitTestResult executionId="baea5e1d-3cbe-4b47-8ae5-7f0d71ee41a0" testId="e31a883c-0287-4423-9214-65361b319b57" testName="Post_InvalidPropertyValueReturnsBadRequest" computerName="LAMBDA" duration="00:00:00.0120000" startTime="2018-07-16T14:42:54.4135180-04:00" endTime="2018-07-16T14:42:54.4135291-04:00" testType="13cdc9d9-ddb5-4fa4-a97d-d965ccfc6d4b" outcome="Passed" testListId="8c84fa94-04c1-424b-9868-57a2d4851a1d" relativeResultsDirectory="baea5e1d-3cbe-4b47-8ae5-7f0d71ee41a0" /><UnitTestResult executionId="3d83e869-35b6-4384-8edb-0661c621129c" testId="089e6bea-3af2-42ef-9eea-5ec29eece698" testName="LucyModel3dHasTwoDependents" computerName="LAMBDA" duration="00:00:00.8230000" startTime="2018-07-16T14:42:43.3217607-04:00" endTime="2018-07-16T14:42:43.3217676-04:00" testType="13cdc9d9-ddb5-4fa4-a97d-d965ccfc6d4b" outcome="Passed" testListId="8c84fa94-04c1-424b-9868-57a2d4851a1d" relativeResultsDirectory="3d83e869-35b6-4384-8edb-0661c621129c" /><UnitTestResult executionId="d109b79a-4cac-4e33-b68a-908a07eca0c6" testId="733c2f24-3703-47a7-8f2e-134325c240ac" testName="Patch_MultipleInvalidReferencePropertiesReturnsMultipleValidationErrorsAndBadRequest" computerName="LAMBDA" duration="00:00:00.0330000" startTime="2018-07-16T14:43:22.8020076-04:00" endTime="2018-07-16T14:43:22.8020149-04:00" testType="13cdc9d9-ddb5-4fa4-a97d-d965ccfc6d4b" outcome="Passed" testListId="8c84fa94-04c1-424b-9868-57a2d4851a1d" relativeResultsDirectory="d109b79a-4cac-4e33-b68a-908a07eca0c6" /><UnitTestResult executionId="3784e077-ff68-45b8-84f8-cf5b53b8a688" testId="240e5efa-a327-468a-9e48-14b908b06b73" testName="Patch_TargetPropertyIsUpdated" computerName="LAMBDA" duration="00:00:00.7330000" startTime="2018-07-16T14:42:46.6206885-04:00" endTime="2018-07-16T14:42:46.6206945-04:00" testType="13cdc9d9-ddb5-4fa4-a97d-d965ccfc6d4b" outcome="Passed" testListId="8c84fa94-04c1-424b-9868-57a2d4851a1d" relativeResultsDirectory="3784e077-ff68-45b8-84f8-cf5b53b8a688" /><UnitTestResult executionId="78d0d471-a18c-4aca-8b62-02598c37fe7e" testId="35d111cb-72a2-4aac-9dce-9f3532b1cdd7" testName="GetList_ListReturnsCorrectCount" computerName="LAMBDA" duration="00:00:00.1260000" startTime="2018-07-16T14:43:14.5064490-04:00" endTime="2018-07-16T14:43:14.5064550-04:00" testType="13cdc9d9-ddb5-4fa4-a97d-d965ccfc6d4b" outcome="Passed" testListId="8c84fa94-04c1-424b-9868-57a2d4851a1d" relativeResultsDirectory="78d0d471-a18c-4aca-8b62-02598c37fe7e" /><UnitTestResult executionId="2c782a5b-261a-4e3a-8a74-122f32f8e20e" testId="10a8bf66-9e52-41dc-8363-7788293a44b5" testName="Patch_InvalidEnumPropertyValueReturnsBadRequest" computerName="LAMBDA" duration="00:00:00.0010000" startTime="2018-07-16T14:42:54.6995976-04:00" endTime="2018-07-16T14:42:54.6996005-04:00" testType="13cdc9d9-ddb5-4fa4-a97d-d965ccfc6d4b" outcome="Passed" testListId="8c84fa94-04c1-424b-9868-57a2d4851a1d" relativeResultsDirectory="2c782a5b-261a-4e3a-8a74-122f32f8e20e" /><UnitTestResult executionId="4d4d5166-19ff-47da-ae56-1e16d4b4f601" testId="f4604ab2-1147-41fd-895a-9d29b864f131" testName="Post_ValidReferencePropertyCreatesModel" computerName="LAMBDA" duration="00:00:00.0080000" startTime="2018-07-16T14:42:44.7255481-04:00" endTime="2018-07-16T14:42:44.7255545-04:00" testType="13cdc9d9-ddb5-4fa4-a97d-d965ccfc6d4b" outcome="Passed" testListId="8c84fa94-04c1-424b-9868-57a2d4851a1d" relativeResultsDirectory="4d4d5166-19ff-47da-ae56-1e16d4b4f601" /><UnitTestResult executionId="33d06f8c-e8df-4864-91e3-2b0b7331bdd9" testId="94999d49-8832-460f-b944-1cd2fbcb267a" testName="GetSingle_InvalidIdPropertyValueReturnsNotFound" computerName="LAMBDA" duration="00:00:00.0060000" startTime="2018-07-16T14:42:59.6716495-04:00" endTime="2018-07-16T14:42:59.6716559-04:00" testType="13cdc9d9-ddb5-4fa4-a97d-d965ccfc6d4b" outcome="Passed" testListId="8c84fa94-04c1-424b-9868-57a2d4851a1d" relativeResultsDirectory="33d06f8c-e8df-4864-91e3-2b0b7331bdd9" /><UnitTestResult executionId="2f82e2ff-f02b-43c9-8c21-8f7c538591ac" testId="b9c18dbc-9c5e-4e7e-9fe6-a7548f53cd3f" testName="Put_InvalidReferencePropertyReturndBadRequest" computerName="LAMBDA" duration="00:00:00.0230000" startTime="2018-07-16T14:43:00.0699816-04:00" endTime="2018-07-16T14:43:00.0699872-04:00" testType="13cdc9d9-ddb5-4fa4-a97d-d965ccfc6d4b" outcome="Passed" testListId="8c84fa94-04c1-424b-9868-57a2d4851a1d" relativeResultsDirectory="2f82e2ff-f02b-43c9-8c21-8f7c538591ac" /><UnitTestResult executionId="692f551a-3f92-4c96-8251-723434974f74" testId="9a5eb03a-a8f2-4788-a4b3-ae43f7276b32" testName="PostFile_FileIsSynchronizedIsUpdatedAfterFileIsPosted" computerName="LAMBDA" duration="00:00:00.3370000" startTime="2018-07-16T14:43:11.4263780-04:00" endTime="2018-07-16T14:43:11.4263917-04:00" testType="13cdc9d9-ddb5-4fa4-a97d-d965ccfc6d4b" outcome="Passed" testListId="8c84fa94-04c1-424b-9868-57a2d4851a1d" relativeResultsDirectory="692f551a-3f92-4c96-8251-723434974f74" /><UnitTestResult executionId="c3a304af-54a4-4514-a986-adccfab8718a" testId="e301f360-3d43-49bf-9413-dfdaabd700b9" testName="Post_CanCreateNewModel" computerName="LAMBDA" duration="00:00:00.2200000" startTime="2018-07-16T14:42:59.6108344-04:00" endTime="2018-07-16T14:42:59.6108447-04:00" testType="13cdc9d9-ddb5-4fa4-a97d-d965ccfc6d4b" outcome="Passed" testListId="8c84fa94-04c1-424b-9868-57a2d4851a1d" relativeResultsDirectory="c3a304af-54a4-4514-a986-adccfab8718a" /><UnitTestResult executionId="2ae2080d-9843-4a5f-829c-d89e9e8d7074" testId="7a56390d-6054-43f5-9319-9b47cefa2ee8" testName="FileRequest_MeshGenerateSetsFileIsSynchronized" computerName="LAMBDA" duration="00:00:05.2060000" startTime="2018-07-16T14:43:11.1111682-04:00" endTime="2018-07-16T14:43:11.1111729-04:00" testType="13cdc9d9-ddb5-4fa4-a97d-d965ccfc6d4b" outcome="Failed" testListId="8c84fa94-04c1-424b-9868-57a2d4851a1d" relativeResultsDirectory="2ae2080d-9843-4a5f-829c-d89e9e8d7074"><Output><ErrorInfo><Message>Expected meshModel.FileIsSynchronized to be true, but found False.</Message><StackTrace>   at FluentAssertions.Execution.XUnit2TestFramework.Throw(String message) in C:\projects\fluentassertions-vf06b\Src\FluentAssertions\Execution\XUnit2TestFramework.cs:line 32&#xD;
   at FluentAssertions.Execution.AssertionScope.FailWith(String message, Object[] args) in C:\projects\fluentassertions-vf06b\Src\FluentAssertions\Execution\AssertionScope.cs:line 225&#xD;
   at FluentAssertions.Primitives.BooleanAssertions.BeTrue(String because, Object[] becauseArgs) in C:\projects\fluentassertions-vf06b\Src\FluentAssertions\Primitives\BooleanAssertions.cs:line 60&#xD;
   at ModelRelief.Test.Integration.Meshes.MeshesFileIntegrationTests.&lt;FileRequest_MeshGenerateSetsFileIsSynchronized&gt;d__5.MoveNext() in d:\Github\ModelRelief\ModelRelief.test\Integration\File\Meshes\MeshesFileIntegrationTests.cs:line 192&#xD;
--- End of stack trace from previous location where exception was thrown ---&#xD;
   at System.Runtime.ExceptionServices.ExceptionDispatchInfo.Throw()&#xD;
   at ModelRelief.Test.Integration.Meshes.MeshesFileIntegrationTests.&lt;FileRequest_MeshGenerateSetsFileIsSynchronized&gt;d__5.MoveNext() in d:\Github\ModelRelief\ModelRelief.test\Integration\File\Meshes\MeshesFileIntegrationTests.cs:line 198&#xD;
--- End of stack trace from previous location where exception was thrown ---&#xD;
   at System.Runtime.ExceptionServices.ExceptionDispatchInfo.Throw()&#xD;
   at System.Runtime.CompilerServices.TaskAwaiter.HandleNonSuccessAndDebuggerNotification(Task task)&#xD;
--- End of stack trace from previous location where exception was thrown ---&#xD;
   at System.Runtime.ExceptionServices.ExceptionDispatchInfo.Throw()&#xD;
   at System.Runtime.CompilerServices.TaskAwaiter.HandleNonSuccessAndDebuggerNotification(Task task)&#xD;
--- End of stack trace from previous location where exception was thrown ---&#xD;
   at System.Runtime.ExceptionServices.ExceptionDispatchInfo.Throw()&#xD;
   at System.Runtime.CompilerServices.TaskAwaiter.HandleNonSuccessAndDebuggerNotification(Task task)</StackTrace></ErrorInfo></Output></UnitTestResult><UnitTestResult executionId="d4546d2a-0bf5-4fb2-81cd-560225772a5f" testId="06e72a72-76f7-4a12-9a90-d8a07b2e29d2" testName="Post_InvalidReferencePropertyReturnsBadRequest" computerName="LAMBDA" duration="00:00:00.0070000" startTime="2018-07-16T14:42:59.6786900-04:00" endTime="2018-07-16T14:42:59.6786951-04:00" testType="13cdc9d9-ddb5-4fa4-a97d-d965ccfc6d4b" outcome="Passed" testListId="8c84fa94-04c1-424b-9868-57a2d4851a1d" relativeResultsDirectory="d4546d2a-0bf5-4fb2-81cd-560225772a5f" /><UnitTestResult executionId="cd16a324-3390-4439-9721-7976495a392f" testId="2324d2bf-96f4-4ebe-868c-b38db9c9abe3" testName="Patch_MultipleInvalidReferencePropertiesReturnsMultipleValidationErrorsAndBadRequest" computerName="LAMBDA" duration="00:00:00.0300000" startTime="2018-07-16T14:42:59.7091907-04:00" endTime="2018-07-16T14:42:59.7091963-04:00" testType="13cdc9d9-ddb5-4fa4-a97d-d965ccfc6d4b" outcome="Passed" testListId="8c84fa94-04c1-424b-9868-57a2d4851a1d" relativeResultsDirectory="cd16a324-3390-4439-9721-7976495a392f" /><UnitTestResult executionId="8d11f372-c39a-4460-ab30-8bbfa2236c5e" testId="8e1a9d59-2dca-4507-8e36-30fc97c60353" testName="Post_InvalidReferencePropertyReturnsBadRequest" computerName="LAMBDA" duration="00:00:00.0090000" startTime="2018-07-16T14:43:22.2067324-04:00" endTime="2018-07-16T14:43:22.2067371-04:00" testType="13cdc9d9-ddb5-4fa4-a97d-d965ccfc6d4b" outcome="Passed" testListId="8c84fa94-04c1-424b-9868-57a2d4851a1d" relativeResultsDirectory="8d11f372-c39a-4460-ab30-8bbfa2236c5e" /><UnitTestResult executionId="c01ce5be-993e-486d-b20c-0f8bbcd4ce0e" testId="f6051327-eb3a-4f0a-a56e-a29c4c16e05c" testName="PostFile_NewFileCanBePosted" computerName="LAMBDA" duration="00:00:00.3760000" startTime="2018-07-16T14:42:52.8570237-04:00" endTime="2018-07-16T14:42:52.8570301-04:00" testType="13cdc9d9-ddb5-4fa4-a97d-d965ccfc6d4b" outcome="Passed" testListId="8c84fa94-04c1-424b-9868-57a2d4851a1d" relativeResultsDirectory="c01ce5be-993e-486d-b20c-0f8bbcd4ce0e" /><UnitTestResult executionId="99fde78f-21d9-490e-9b9a-40432ba1953e" testId="8afa764b-06ab-4b20-8ceb-6efb6345a8b9" testName="Patch_TargetPropertyIsUpdated" computerName="LAMBDA" duration="00:00:00.3040000" startTime="2018-07-16T14:42:55.3752159-04:00" endTime="2018-07-16T14:42:55.3752373-04:00" testType="13cdc9d9-ddb5-4fa4-a97d-d965ccfc6d4b" outcome="Passed" testListId="8c84fa94-04c1-424b-9868-57a2d4851a1d" relativeResultsDirectory="99fde78f-21d9-490e-9b9a-40432ba1953e" /><UnitTestResult executionId="fecd96cf-4e95-49a2-9877-0bbd0551cd08" testId="051e1fba-c140-4bec-b788-40fdcda2a166" testName="Post_InvalidReferencePropertyReturnsBadRequest" computerName="LAMBDA" duration="00:00:00.2010000" startTime="2018-07-16T14:42:48.0160582-04:00" endTime="2018-07-16T14:42:48.0160642-04:00" testType="13cdc9d9-ddb5-4fa4-a97d-d965ccfc6d4b" outcome="Passed" testListId="8c84fa94-04c1-424b-9868-57a2d4851a1d" relativeResultsDirectory="fecd96cf-4e95-49a2-9877-0bbd0551cd08" /><UnitTestResult executionId="4f37d87b-22d8-40ea-b69c-599c249637b2" testId="1c829ddf-eda6-45e3-aa70-f74d26e6eb13" testName="Post_ValidReferencePropertyCreatesModel" computerName="LAMBDA" duration="00:00:00.2080000" startTime="2018-07-16T14:43:22.7679055-04:00" endTime="2018-07-16T14:43:22.7679115-04:00" testType="13cdc9d9-ddb5-4fa4-a97d-d965ccfc6d4b" outcome="Passed" testListId="8c84fa94-04c1-424b-9868-57a2d4851a1d" relativeResultsDirectory="4f37d87b-22d8-40ea-b69c-599c249637b2" /><UnitTestResult executionId="cad33798-cc2b-45a8-a897-92fdf8bd5b87" testId="60888893-ac76-4b88-bc34-cc5422b71504" testName="Post_InvalidPropertyValueReturnsBadRequest" computerName="LAMBDA" duration="00:00:00.0030000" startTime="2018-07-16T14:42:49.3035452-04:00" endTime="2018-07-16T14:42:49.3035495-04:00" testType="13cdc9d9-ddb5-4fa4-a97d-d965ccfc6d4b" outcome="Passed" testListId="8c84fa94-04c1-424b-9868-57a2d4851a1d" relativeResultsDirectory="cad33798-cc2b-45a8-a897-92fdf8bd5b87" /><UnitTestResult executionId="0298df0d-0ecc-4eb7-a711-5288147c165d" testId="0dddc9ff-a570-41ec-88fe-24c8b696168b" testName="FileRequest_DepthBufferIsInvalidatedAfterCameraDependencyPropertyChange" computerName="LAMBDA" duration="00:00:01.1610000" startTime="2018-07-16T14:43:20.3760772-04:00" endTime="2018-07-16T14:43:20.3760832-04:00" testType="13cdc9d9-ddb5-4fa4-a97d-d965ccfc6d4b" outcome="Passed" testListId="8c84fa94-04c1-424b-9868-57a2d4851a1d" relativeResultsDirectory="0298df0d-0ecc-4eb7-a711-5288147c165d" /><UnitTestResult executionId="b9f6fec3-7f57-4c99-9ee8-563bdd7b5385" testId="8d7a7146-af9e-45f2-9a5e-825c54794088" testName="Post_InvalidPropertyValueReturnsBadRequest" computerName="LAMBDA" duration="00:00:00.0030000" startTime="2018-07-16T14:43:15.8317967-04:00" endTime="2018-07-16T14:43:15.8318027-04:00" testType="13cdc9d9-ddb5-4fa4-a97d-d965ccfc6d4b" outcome="Passed" testListId="8c84fa94-04c1-424b-9868-57a2d4851a1d" relativeResultsDirectory="b9f6fec3-7f57-4c99-9ee8-563bdd7b5385" /><UnitTestResult executionId="ad8cabd5-4dc0-4edc-afe9-d4f488fb4b4e" testId="9a0bbd3c-f02e-43ab-8de1-163e232f0a18" testName="Put_CanUpdateModel" computerName="LAMBDA" duration="00:00:00.3160000" startTime="2018-07-16T14:43:16.6793194-04:00" endTime="2018-07-16T14:43:16.6793353-04:00" testType="13cdc9d9-ddb5-4fa4-a97d-d965ccfc6d4b" outcome="Passed" testListId="8c84fa94-04c1-424b-9868-57a2d4851a1d" relativeResultsDirectory="ad8cabd5-4dc0-4edc-afe9-d4f488fb4b4e" /><UnitTestResult executionId="ac3bc143-42a0-440d-8411-f7da7e182877" testId="2233205b-5868-4900-9c70-f5e63d5ace91" testName="Patch_InvalidReferencePropertyReturnsBadRequest" computerName="LAMBDA" duration="00:00:00.0380000" startTime="2018-07-16T14:42:53.9684756-04:00" endTime="2018-07-16T14:42:53.9684880-04:00" testType="13cdc9d9-ddb5-4fa4-a97d-d965ccfc6d4b" outcome="Passed" testListId="8c84fa94-04c1-424b-9868-57a2d4851a1d" relativeResultsDirectory="ac3bc143-42a0-440d-8411-f7da7e182877" /><UnitTestResult executionId="77cf0050-3d6c-4c8d-9eb4-758701c25ce5" testId="52ec9a3a-b116-4afe-8c1e-641b62efe5c2" testName="GetList_ListReturnsCorrectCount" computerName="LAMBDA" duration="00:00:00.0530000" startTime="2018-07-16T14:42:54.0219542-04:00" endTime="2018-07-16T14:42:54.0219590-04:00" testType="13cdc9d9-ddb5-4fa4-a97d-d965ccfc6d4b" outcome="Passed" testListId="8c84fa94-04c1-424b-9868-57a2d4851a1d" relativeResultsDirectory="77cf0050-3d6c-4c8d-9eb4-758701c25ce5" /><UnitTestResult executionId="b24d839e-da24-4a1f-ba12-f7e64331f54e" testId="77be6a44-db07-46ca-b909-40cada59d41a" testName="GetFile_NonExistentFileReturnsNotFound" computerName="LAMBDA" duration="00:00:00.0130000" startTime="2018-07-16T14:43:20.3891476-04:00" endTime="2018-07-16T14:43:20.3891541-04:00" testType="13cdc9d9-ddb5-4fa4-a97d-d965ccfc6d4b" outcome="Passed" testListId="8c84fa94-04c1-424b-9868-57a2d4851a1d" relativeResultsDirectory="b24d839e-da24-4a1f-ba12-f7e64331f54e" /><UnitTestResult executionId="bcaf04d4-9abc-4f38-8994-5d5f6ab92ec1" testId="6f696221-5515-48e4-be52-432b6e1afe54" testName="Patch_ValidReferencePropertyUpdatesModel" computerName="LAMBDA" duration="00:00:00.0080000" startTime="2018-07-16T14:42:43.3895338-04:00" endTime="2018-07-16T14:42:43.3895402-04:00" testType="13cdc9d9-ddb5-4fa4-a97d-d965ccfc6d4b" outcome="Passed" testListId="8c84fa94-04c1-424b-9868-57a2d4851a1d" relativeResultsDirectory="bcaf04d4-9abc-4f38-8994-5d5f6ab92ec1" /><UnitTestResult executionId="549e6d6c-822c-486d-9303-d45ff33c200d" testId="ab580e5a-fc6c-47d3-94d3-d2965af6d397" testName="Patch_InvalidReferencePropertyReturnsBadRequest" computerName="LAMBDA" duration="00:00:00.0030000" startTime="2018-07-16T14:42:46.6350735-04:00" endTime="2018-07-16T14:42:46.6350790-04:00" testType="13cdc9d9-ddb5-4fa4-a97d-d965ccfc6d4b" outcome="Passed" testListId="8c84fa94-04c1-424b-9868-57a2d4851a1d" relativeResultsDirectory="549e6d6c-822c-486d-9303-d45ff33c200d" /><UnitTestResult executionId="3bac2bc7-c67c-4580-851c-6747833aaebc" testId="bba3f52f-ba3e-4a77-9c8c-5fdda390d9f9" testName="Patch_InvalidReferencePropertyReturnsBadRequest" computerName="LAMBDA" duration="00:00:00.0170000" startTime="2018-07-16T14:43:23.1064208-04:00" endTime="2018-07-16T14:43:23.1064259-04:00" testType="13cdc9d9-ddb5-4fa4-a97d-d965ccfc6d4b" outcome="Passed" testListId="8c84fa94-04c1-424b-9868-57a2d4851a1d" relativeResultsDirectory="3bac2bc7-c67c-4580-851c-6747833aaebc" /><UnitTestResult executionId="01e22405-0a0f-4dab-badb-d9e38296cd0a" testId="e21c49d8-31ad-4b3d-b90f-3e1193a1ca72" testName="Patch_InvalidEnumPropertyValueReturnsBadRequest" computerName="LAMBDA" duration="00:00:00.0100000" startTime="2018-07-16T14:42:50.3707495-04:00" endTime="2018-07-16T14:42:50.3707546-04:00" testType="13cdc9d9-ddb5-4fa4-a97d-d965ccfc6d4b" outcome="Passed" testListId="8c84fa94-04c1-424b-9868-57a2d4851a1d" relativeResultsDirectory="01e22405-0a0f-4dab-badb-d9e38296cd0a" /><UnitTestResult executionId="d987cfef-2fac-4ae8-b3bb-aeec024d7022" testId="036e8dac-e0e6-47a6-ae06-de98743acc7c" testName="Put_ValidReferencePropertyUpdatesModel" computerName="LAMBDA" duration="00:00:00.3780000" startTime="2018-07-16T14:43:15.7710377-04:00" endTime="2018-07-16T14:43:15.7710424-04:00" testType="13cdc9d9-ddb5-4fa4-a97d-d965ccfc6d4b" outcome="Passed" testListId="8c84fa94-04c1-424b-9868-57a2d4851a1d" relativeResultsDirectory="d987cfef-2fac-4ae8-b3bb-aeec024d7022" /><UnitTestResult executionId="b60bb00f-c3f6-42c8-bfd9-33fe1df7cff0" testId="43151966-d995-4aad-abc4-593f1d84bf8b" testName="GetFile_FileCanBeRoundTripped" computerName="LAMBDA" duration="00:00:00.4200000" startTime="2018-07-16T14:42:53.2777132-04:00" endTime="2018-07-16T14:42:53.2777226-04:00" testType="13cdc9d9-ddb5-4fa4-a97d-d965ccfc6d4b" outcome="Passed" testListId="8c84fa94-04c1-424b-9868-57a2d4851a1d" relativeResultsDirectory="b60bb00f-c3f6-42c8-bfd9-33fe1df7cff0" /><UnitTestResult executionId="5c13ac92-c92e-4b6a-ac34-d05ac120b702" testId="81f3d401-3483-45bf-8952-26b3a8949472" testName="Put_CanUpdateModel" computerName="LAMBDA" duration="00:00:00.3920000" startTime="2018-07-16T14:42:47.6721717-04:00" endTime="2018-07-16T14:42:47.6721781-04:00" testType="13cdc9d9-ddb5-4fa4-a97d-d965ccfc6d4b" outcome="Passed" testListId="8c84fa94-04c1-424b-9868-57a2d4851a1d" relativeResultsDirectory="5c13ac92-c92e-4b6a-ac34-d05ac120b702" /><UnitTestResult executionId="e83126bc-f816-489e-a4dc-b0c0b553fb50" testId="7ddf2d0e-5327-4e0e-8fe3-f1bc5c1a60ac" testName="Patch_ValidReferencePropertyUpdatesModel" computerName="LAMBDA" duration="00:00:00.3400000" startTime="2018-07-16T14:43:16.1730464-04:00" endTime="2018-07-16T14:43:16.1730618-04:00" testType="13cdc9d9-ddb5-4fa4-a97d-d965ccfc6d4b" outcome="Passed" testListId="8c84fa94-04c1-424b-9868-57a2d4851a1d" relativeResultsDirectory="e83126bc-f816-489e-a4dc-b0c0b553fb50" /><UnitTestResult executionId="a392afbb-a206-4fda-bbc1-39ca726e1ba3" testId="22e82202-b405-4c5a-84e6-b8b6a0c30142" testName="Patch_InvalidIdPropertyReturnsNotFound" computerName="LAMBDA" duration="00:00:00.0060000" startTime="2018-07-16T14:42:59.6655592-04:00" endTime="2018-07-16T14:42:59.6655648-04:00" testType="13cdc9d9-ddb5-4fa4-a97d-d965ccfc6d4b" outcome="Passed" testListId="8c84fa94-04c1-424b-9868-57a2d4851a1d" relativeResultsDirectory="a392afbb-a206-4fda-bbc1-39ca726e1ba3" /><UnitTestResult executionId="79e34902-1dc8-4cf1-8b7c-fa4397d437e1" testId="03b96f39-68e7-498c-b076-4215719f90de" testName="Patch_InvalidPropertyNameReturnsBadRequest" computerName="LAMBDA" duration="00:00:00.0060000" startTime="2018-07-16T14:42:59.6595764-04:00" endTime="2018-07-16T14:42:59.6595807-04:00" testType="13cdc9d9-ddb5-4fa4-a97d-d965ccfc6d4b" outcome="Passed" testListId="8c84fa94-04c1-424b-9868-57a2d4851a1d" relativeResultsDirectory="79e34902-1dc8-4cf1-8b7c-fa4397d437e1" /><UnitTestResult executionId="5129b8ca-5ff3-4aa1-b162-8b4c4b1fd03a" testId="a0a9a0d5-afa0-40bd-989e-6157dc30413f" testName="Patch_TargetPropertyIsUpdated" computerName="LAMBDA" duration="00:00:00.3410000" startTime="2018-07-16T14:42:59.3895625-04:00" endTime="2018-07-16T14:42:59.3895732-04:00" testType="13cdc9d9-ddb5-4fa4-a97d-d965ccfc6d4b" outcome="Passed" testListId="8c84fa94-04c1-424b-9868-57a2d4851a1d" relativeResultsDirectory="5129b8ca-5ff3-4aa1-b162-8b4c4b1fd03a" /><UnitTestResult executionId="c428d549-d40c-49bc-a3e5-4e8d5725ae90" testId="5f589e25-4433-414a-abfe-da1dfabfd38c" testName="Post_InvalidPropertyValueReturnsBadRequest" computerName="LAMBDA" duration="00:00:00.0030000" startTime="2018-07-16T14:43:00.0730539-04:00" endTime="2018-07-16T14:43:00.0730676-04:00" testType="13cdc9d9-ddb5-4fa4-a97d-d965ccfc6d4b" outcome="Passed" testListId="8c84fa94-04c1-424b-9868-57a2d4851a1d" relativeResultsDirectory="c428d549-d40c-49bc-a3e5-4e8d5725ae90" /><UnitTestResult executionId="6fb0e07b-e115-4c70-926f-6d138774aa8e" testId="c428cb66-8280-4c35-b616-2b4118683900" testName="PutFile_NewFileCanBePut" computerName="LAMBDA" duration="00:00:00.2860000" startTime="2018-07-16T14:43:20.6751092-04:00" endTime="2018-07-16T14:43:20.6751139-04:00" testType="13cdc9d9-ddb5-4fa4-a97d-d965ccfc6d4b" outcome="Passed" testListId="8c84fa94-04c1-424b-9868-57a2d4851a1d" relativeResultsDirectory="6fb0e07b-e115-4c70-926f-6d138774aa8e" /><UnitTestResult executionId="b04e9cfa-7e53-4782-aa93-57e779b95e6d" testId="2806d345-a3e2-4dca-9377-9857bfccd9ae" testName="GetList_ListReturnsCorrectCount" computerName="LAMBDA" duration="00:00:00.5190000" startTime="2018-07-16T14:42:56.2455506-04:00" endTime="2018-07-16T14:42:56.2455553-04:00" testType="13cdc9d9-ddb5-4fa4-a97d-d965ccfc6d4b" outcome="Passed" testListId="8c84fa94-04c1-424b-9868-57a2d4851a1d" relativeResultsDirectory="b04e9cfa-7e53-4782-aa93-57e779b95e6d" /><UnitTestResult executionId="ae8d251a-38dc-476f-adbb-d5cf16c5f3e9" testId="a6ef5d0e-7ff7-45f1-a682-c30c25ef565c" testName="GetSingle_ValidIdPropertyValueReturnsCorrectModel" computerName="LAMBDA" duration="00:00:00.0070000" startTime="2018-07-16T14:43:15.8157503-04:00" endTime="2018-07-16T14:43:15.8157563-04:00" testType="13cdc9d9-ddb5-4fa4-a97d-d965ccfc6d4b" outcome="Passed" testListId="8c84fa94-04c1-424b-9868-57a2d4851a1d" relativeResultsDirectory="ae8d251a-38dc-476f-adbb-d5cf16c5f3e9" /><UnitTestResult executionId="0f65105b-931e-4292-8fa9-eb50085dfc29" testId="fbdd4c45-da47-4b73-9da3-f82ea6e4e195" testName="PostFile_FileTimeStampIsUpdatedAfterFileIsPosted" computerName="LAMBDA" duration="00:00:00.0010000" startTime="2018-07-16T14:42:50.8604761-04:00" endTime="2018-07-16T14:42:50.8604791-04:00" testType="13cdc9d9-ddb5-4fa4-a97d-d965ccfc6d4b" outcome="Passed" testListId="8c84fa94-04c1-424b-9868-57a2d4851a1d" relativeResultsDirectory="0f65105b-931e-4292-8fa9-eb50085dfc29" /><UnitTestResult executionId="c456cb1b-c4a3-4dac-9731-6ff59dab5228" testId="7288ec21-0a0b-41da-b35b-ea0e5bf0d24f" testName="Patch_InvalidPropertyNameReturnsBadRequest" computerName="LAMBDA" duration="00:00:00.0060000" startTime="2018-07-16T14:43:14.5129627-04:00" endTime="2018-07-16T14:43:14.5129759-04:00" testType="13cdc9d9-ddb5-4fa4-a97d-d965ccfc6d4b" outcome="Passed" testListId="8c84fa94-04c1-424b-9868-57a2d4851a1d" relativeResultsDirectory="c456cb1b-c4a3-4dac-9731-6ff59dab5228" /><UnitTestResult executionId="74d6e551-46fc-4849-8d74-7dfb7720a3e6" testId="9870115b-b7e5-4538-87c8-a53ca394310a" testName="Delete_TargetModelIsDeleted" computerName="LAMBDA" duration="00:00:00.1780000" startTime="2018-07-16T14:43:00.0379272-04:00" endTime="2018-07-16T14:43:00.0379319-04:00" testType="13cdc9d9-ddb5-4fa4-a97d-d965ccfc6d4b" outcome="Passed" testListId="8c84fa94-04c1-424b-9868-57a2d4851a1d" relativeResultsDirectory="74d6e551-46fc-4849-8d74-7dfb7720a3e6" /><UnitTestResult executionId="9262c8eb-a6cf-43ef-9287-d680b65b6063" testId="3a34a342-b26b-4781-b111-c8e377995533" testName="Post_CanCreateNewModel" computerName="LAMBDA" duration="00:00:00.1950000" startTime="2018-07-16T14:42:50.5672346-04:00" endTime="2018-07-16T14:42:50.5672461-04:00" testType="13cdc9d9-ddb5-4fa4-a97d-d965ccfc6d4b" outcome="Passed" testListId="8c84fa94-04c1-424b-9868-57a2d4851a1d" relativeResultsDirectory="9262c8eb-a6cf-43ef-9287-d680b65b6063" /><UnitTestResult executionId="5cfc764a-29e1-4c4b-b8df-de1174b37408" testId="88c9cfd2-f308-4c99-9b03-2e44f10789f6" testName="PostFile_FileIsSynchronizedIsUpdatedAfterFileIsPosted" computerName="LAMBDA" duration="00:00:00.0010000" startTime="2018-07-16T14:42:53.2967006-04:00" endTime="2018-07-16T14:42:53.2967079-04:00" testType="13cdc9d9-ddb5-4fa4-a97d-d965ccfc6d4b" outcome="Passed" testListId="8c84fa94-04c1-424b-9868-57a2d4851a1d" relativeResultsDirectory="5cfc764a-29e1-4c4b-b8df-de1174b37408" /><UnitTestResult executionId="6ebffe78-8de5-41e9-9329-bd481e1ac669" testId="53a60926-a8a5-48e0-9a7d-c80fb8429811" testName="FileRequest_FileCanBeReadAfterRename" computerName="LAMBDA" duration="00:00:00.5050000" startTime="2018-07-16T14:43:19.2142437-04:00" endTime="2018-07-16T14:43:19.2142552-04:00" testType="13cdc9d9-ddb5-4fa4-a97d-d965ccfc6d4b" outcome="Passed" testListId="8c84fa94-04c1-424b-9868-57a2d4851a1d" relativeResultsDirectory="6ebffe78-8de5-41e9-9329-bd481e1ac669" /><UnitTestResult executionId="1433aacd-c3fe-4c9e-b27a-7c9937e61b84" testId="a584f9f8-baf9-4128-8bbf-908d8c419c35" testName="GetSingle_ValidIdPropertyValueReturnsCorrectModel" computerName="LAMBDA" duration="00:00:00.0120000" startTime="2018-07-16T14:42:55.7174582-04:00" endTime="2018-07-16T14:42:55.7174659-04:00" testType="13cdc9d9-ddb5-4fa4-a97d-d965ccfc6d4b" outcome="Passed" testListId="8c84fa94-04c1-424b-9868-57a2d4851a1d" relativeResultsDirectory="1433aacd-c3fe-4c9e-b27a-7c9937e61b84" /><UnitTestResult executionId="451e222b-164c-4027-a563-33ce4576076c" testId="13a06669-8c2c-4c2f-abdd-23feb2ddf5c6" testName="Put_InvalidIdReturnsNotFound" computerName="LAMBDA" duration="00:00:00.5730000" startTime="2018-07-16T14:42:56.8190821-04:00" endTime="2018-07-16T14:42:56.8190881-04:00" testType="13cdc9d9-ddb5-4fa4-a97d-d965ccfc6d4b" outcome="Passed" testListId="8c84fa94-04c1-424b-9868-57a2d4851a1d" relativeResultsDirectory="451e222b-164c-4027-a563-33ce4576076c" /><UnitTestResult executionId="f49d102f-81fc-4562-a934-f5b4b44c9827" testId="64f32e17-5c9f-4152-b38b-19c61e1545c9" testName="Patch_TargetPropertyIsUpdated" computerName="LAMBDA" duration="00:00:00.3410000" startTime="2018-07-16T14:43:23.7975322-04:00" endTime="2018-07-16T14:43:23.7975369-04:00" testType="13cdc9d9-ddb5-4fa4-a97d-d965ccfc6d4b" outcome="Passed" testListId="8c84fa94-04c1-424b-9868-57a2d4851a1d" relativeResultsDirectory="f49d102f-81fc-4562-a934-f5b4b44c9827" /><UnitTestResult executionId="6bb717c6-8fde-462b-bdd9-5e25f32bae35" testId="d2217eb7-d0ba-4e80-ab8e-70271a38100b" testName="FileRequest_MeshIsInvalidatedAfterDepthBufferFileBecomesUnsynchronized" computerName="LAMBDA" duration="00:00:02.8770000" startTime="2018-07-16T14:43:03.3656686-04:00" endTime="2018-07-16T14:43:03.3656814-04:00" testType="13cdc9d9-ddb5-4fa4-a97d-d965ccfc6d4b" outcome="Passed" testListId="8c84fa94-04c1-424b-9868-57a2d4851a1d" relativeResultsDirectory="6bb717c6-8fde-462b-bdd9-5e25f32bae35" /><UnitTestResult executionId="9e0a970c-4d89-4a51-ba7d-43d5346954c8" testId="8cefd4e2-8501-4051-a4a6-b1b34d9d80d1" testName="Post_CanCreateNewModel" computerName="LAMBDA" duration="00:00:00.2130000" startTime="2018-07-16T14:43:21.9149623-04:00" endTime="2018-07-16T14:43:21.9149777-04:00" testType="13cdc9d9-ddb5-4fa4-a97d-d965ccfc6d4b" outcome="Passed" testListId="8c84fa94-04c1-424b-9868-57a2d4851a1d" relativeResultsDirectory="9e0a970c-4d89-4a51-ba7d-43d5346954c8" /><UnitTestResult executionId="2433d0a5-f50d-448b-86be-2bc5664f597f" testId="2bcdb844-f649-49ba-9339-1b9324e18a03" testName="Put_InvalidReferencePropertyReturndBadRequest" computerName="LAMBDA" duration="00:00:00.0420000" startTime="2018-07-16T14:42:54.6863997-04:00" endTime="2018-07-16T14:42:54.6864104-04:00" testType="13cdc9d9-ddb5-4fa4-a97d-d965ccfc6d4b" outcome="Passed" testListId="8c84fa94-04c1-424b-9868-57a2d4851a1d" relativeResultsDirectory="2433d0a5-f50d-448b-86be-2bc5664f597f" /><UnitTestResult executionId="3e567015-9ffa-4f96-957a-ff0d881d22d2" testId="ffb5c4fa-eff9-4812-b32d-41f2d159d585" testName="Patch_InvalidReferencePropertyReturnsBadRequest" computerName="LAMBDA" duration="00:00:00.0480000" startTime="2018-07-16T14:42:50.6158521-04:00" endTime="2018-07-16T14:42:50.6158645-04:00" testType="13cdc9d9-ddb5-4fa4-a97d-d965ccfc6d4b" outcome="Passed" testListId="8c84fa94-04c1-424b-9868-57a2d4851a1d" relativeResultsDirectory="3e567015-9ffa-4f96-957a-ff0d881d22d2" /><UnitTestResult executionId="2489df39-a8dd-402b-868d-c26d45aac8d7" testId="e07ac955-7268-414a-8134-0ace081eb633" testName="Patch_InvalidPropertyNameReturnsBadRequest" computerName="LAMBDA" duration="00:00:00.0100000" startTime="2018-07-16T14:43:22.8200611-04:00" endTime="2018-07-16T14:43:22.8200675-04:00" testType="13cdc9d9-ddb5-4fa4-a97d-d965ccfc6d4b" outcome="Passed" testListId="8c84fa94-04c1-424b-9868-57a2d4851a1d" relativeResultsDirectory="2489df39-a8dd-402b-868d-c26d45aac8d7" /><UnitTestResult executionId="eb98255c-a472-4a55-8922-e6f6ec152bb9" testId="301786f0-8d05-4301-92bf-0c8514ae107c" testName="Patch_InvalidIdPropertyReturnsNotFound" computerName="LAMBDA" duration="00:00:00.0270000" startTime="2018-07-16T14:43:14.9336740-04:00" endTime="2018-07-16T14:43:14.9336834-04:00" testType="13cdc9d9-ddb5-4fa4-a97d-d965ccfc6d4b" outcome="Passed" testListId="8c84fa94-04c1-424b-9868-57a2d4851a1d" relativeResultsDirectory="eb98255c-a472-4a55-8922-e6f6ec152bb9" /><UnitTestResult executionId="9b984724-b930-4282-a6b3-8a383be2ec2f" testId="4137cc75-dff1-4a88-925c-816e457808b0" testName="Put_ValidReferencePropertyUpdatesModel" computerName="LAMBDA" duration="00:00:00.3770000" startTime="2018-07-16T14:42:54.4000024-04:00" endTime="2018-07-16T14:42:54.4000131-04:00" testType="13cdc9d9-ddb5-4fa4-a97d-d965ccfc6d4b" outcome="Passed" testListId="8c84fa94-04c1-424b-9868-57a2d4851a1d" relativeResultsDirectory="9b984724-b930-4282-a6b3-8a383be2ec2f" /><UnitTestResult executionId="bc8b08bf-970d-40de-beb3-0110b2067b64" testId="6909c6a6-2809-4a9c-ac1b-8b224f192a1a" testName="Patch_ValidReferencePropertyUpdatesModel" computerName="LAMBDA" duration="00:00:01.0430000" startTime="2018-07-16T14:42:57.8638021-04:00" endTime="2018-07-16T14:42:57.8638132-04:00" testType="13cdc9d9-ddb5-4fa4-a97d-d965ccfc6d4b" outcome="Passed" testListId="8c84fa94-04c1-424b-9868-57a2d4851a1d" relativeResultsDirectory="bc8b08bf-970d-40de-beb3-0110b2067b64" /><UnitTestResult executionId="8d19d030-b27c-4d99-9cbf-3ed0e26c029c" testId="be1ce3bb-0f32-47d5-be8c-fdcc8232a954" testName="LucyDepthBufferFindsOneDependent" computerName="LAMBDA" duration="00:00:00.0060000" startTime="2018-07-16T14:42:43.3535809-04:00" endTime="2018-07-16T14:42:43.3535856-04:00" testType="13cdc9d9-ddb5-4fa4-a97d-d965ccfc6d4b" outcome="Passed" testListId="8c84fa94-04c1-424b-9868-57a2d4851a1d" relativeResultsDirectory="8d19d030-b27c-4d99-9cbf-3ed0e26c029c" /><UnitTestResult executionId="1c479c3e-2ba8-463c-afd7-ff8ae2e04006" testId="8d6d02a4-b778-4cc3-8461-6464bfdff07d" testName="Patch_InvalidEnumPropertyValueReturnsBadRequest" computerName="LAMBDA" duration="00:00:00.0010000" startTime="2018-07-16T14:43:22.1915618-04:00" endTime="2018-07-16T14:43:22.1915639-04:00" testType="13cdc9d9-ddb5-4fa4-a97d-d965ccfc6d4b" outcome="Passed" testListId="8c84fa94-04c1-424b-9868-57a2d4851a1d" relativeResultsDirectory="1c479c3e-2ba8-463c-afd7-ff8ae2e04006" /><UnitTestResult executionId="e85bd229-a223-4af0-a38a-5028cea10fc0" testId="be9b580a-fb5a-44e8-a130-237f667cfb82" testName="Delete_TargetModelIsDeleted" computerName="LAMBDA" duration="00:00:00.1910000" startTime="2018-07-16T14:43:22.1453956-04:00" endTime="2018-07-16T14:43:22.1454007-04:00" testType="13cdc9d9-ddb5-4fa4-a97d-d965ccfc6d4b" outcome="Passed" testListId="8c84fa94-04c1-424b-9868-57a2d4851a1d" relativeResultsDirectory="e85bd229-a223-4af0-a38a-5028cea10fc0" /><UnitTestResult executionId="7a014941-fca0-4dc8-b60c-0fd574e4d5e3" testId="a9ce5840-e669-4598-886b-e85569c818b5" testName="FileRequest_FileCanBeReadAfterRename" computerName="LAMBDA" duration="00:00:00.6700000" startTime="2018-07-16T14:43:12.0972578-04:00" endTime="2018-07-16T14:43:12.0972660-04:00" testType="13cdc9d9-ddb5-4fa4-a97d-d965ccfc6d4b" outcome="Passed" testListId="8c84fa94-04c1-424b-9868-57a2d4851a1d" relativeResultsDirectory="7a014941-fca0-4dc8-b60c-0fd574e4d5e3" /><UnitTestResult executionId="17d8ab2c-c5c0-4277-81fa-30fef6886dfe" testId="e7b914f8-fd14-48a3-a07b-385865b7fe08" testName="GetFile_NonExistentFileReturnsNotFound" computerName="LAMBDA" duration="00:00:00.0120000" startTime="2018-07-16T14:43:00.0859536-04:00" endTime="2018-07-16T14:43:00.0859583-04:00" testType="13cdc9d9-ddb5-4fa4-a97d-d965ccfc6d4b" outcome="Passed" testListId="8c84fa94-04c1-424b-9868-57a2d4851a1d" relativeResultsDirectory="17d8ab2c-c5c0-4277-81fa-30fef6886dfe" /><UnitTestResult executionId="472437c0-9f9b-4c0a-a66e-9cbc27b1267c" testId="e288d1ec-bc45-4e38-b6ab-76889bdaf429" testName="GetSingle_InvalidIdPropertyValueReturnsNotFound" computerName="LAMBDA" duration="00:00:00.0200000" startTime="2018-07-16T14:42:49.2338760-04:00" endTime="2018-07-16T14:42:49.2338816-04:00" testType="13cdc9d9-ddb5-4fa4-a97d-d965ccfc6d4b" outcome="Passed" testListId="8c84fa94-04c1-424b-9868-57a2d4851a1d" relativeResultsDirectory="472437c0-9f9b-4c0a-a66e-9cbc27b1267c" /><UnitTestResult executionId="3eaa0d1b-ccaf-4400-8e6f-e125e83e45ee" testId="afd8e2f7-4b4c-48ef-8155-9944d319358a" testName="Patch_TargetPropertyIsUpdated" computerName="LAMBDA" duration="00:00:00.7210000" startTime="2018-07-16T14:42:48.7379282-04:00" endTime="2018-07-16T14:42:48.7379325-04:00" testType="13cdc9d9-ddb5-4fa4-a97d-d965ccfc6d4b" outcome="Passed" testListId="8c84fa94-04c1-424b-9868-57a2d4851a1d" relativeResultsDirectory="3eaa0d1b-ccaf-4400-8e6f-e125e83e45ee" /><UnitTestResult executionId="1733cebc-e581-4843-a251-fdb3c2f72851" testId="391d66a7-3639-41a2-9607-72a1238b6506" testName="Put_ValidReferencePropertyUpdatesModel" computerName="LAMBDA" duration="00:00:00.0110000" startTime="2018-07-16T14:42:46.6315590-04:00" endTime="2018-07-16T14:42:46.6315654-04:00" testType="13cdc9d9-ddb5-4fa4-a97d-d965ccfc6d4b" outcome="Passed" testListId="8c84fa94-04c1-424b-9868-57a2d4851a1d" relativeResultsDirectory="1733cebc-e581-4843-a251-fdb3c2f72851" /><UnitTestResult executionId="02fc7fdf-9a74-4535-8cce-8b8518a396b2" testId="287c51af-3186-4dd8-885a-37399a88748a" testName="Put_InvalidReferencePropertyReturndBadRequest" computerName="LAMBDA" duration="00:00:00.0340000" startTime="2018-07-16T14:42:50.8590157-04:00" endTime="2018-07-16T14:42:50.8590221-04:00" testType="13cdc9d9-ddb5-4fa4-a97d-d965ccfc6d4b" outcome="Passed" testListId="8c84fa94-04c1-424b-9868-57a2d4851a1d" relativeResultsDirectory="02fc7fdf-9a74-4535-8cce-8b8518a396b2" /><UnitTestResult executionId="6c025f43-6805-4196-bddb-135fe4dd80bb" testId="b19d379e-b82c-41d1-af8b-e0e20fbb0fb6" testName="Patch_MultipleInvalidReferencePropertiesReturnsMultipleValidationErrorsAndBadRequest" computerName="LAMBDA" duration="00:00:00.0120000" startTime="2018-07-16T14:43:15.8009620-04:00" endTime="2018-07-16T14:43:15.8009672-04:00" testType="13cdc9d9-ddb5-4fa4-a97d-d965ccfc6d4b" outcome="Passed" testListId="8c84fa94-04c1-424b-9868-57a2d4851a1d" relativeResultsDirectory="6c025f43-6805-4196-bddb-135fe4dd80bb" /><UnitTestResult executionId="161b434c-8138-46f9-bb28-ecd41cea7e5b" testId="54fddf07-695c-4590-815a-bdb82e09931c" testName="Patch_InvalidIdPropertyReturnsNotFound" computerName="LAMBDA" duration="00:00:00.0120000" startTime="2018-07-16T14:42:54.6990574-04:00" endTime="2018-07-16T14:42:54.6990677-04:00" testType="13cdc9d9-ddb5-4fa4-a97d-d965ccfc6d4b" outcome="Passed" testListId="8c84fa94-04c1-424b-9868-57a2d4851a1d" relativeResultsDirectory="161b434c-8138-46f9-bb28-ecd41cea7e5b" /><UnitTestResult executionId="718bd937-de35-4409-b024-ef6d23f7a46c" testId="abb7035d-a6dd-4a9e-ae32-8b9ea1504df9" testName="Patch_MultipleInvalidReferencePropertiesReturnsMultipleValidationErrorsAndBadRequest" computerName="LAMBDA" duration="00:00:00.0030000" startTime="2018-07-16T14:42:47.7803187-04:00" endTime="2018-07-16T14:42:47.7803247-04:00" testType="13cdc9d9-ddb5-4fa4-a97d-d965ccfc6d4b" outcome="Passed" testListId="8c84fa94-04c1-424b-9868-57a2d4851a1d" relativeResultsDirectory="718bd937-de35-4409-b024-ef6d23f7a46c" /><UnitTestResult executionId="fdc4e613-9d7a-422f-925e-636a7d0b8e17" testId="f7e11b70-3a0c-4a30-9f95-77c764070894" testName="Patch_ValidReferencePropertyUpdatesModel" computerName="LAMBDA" duration="00:00:00.2640000" startTime="2018-07-16T14:43:23.0885722-04:00" endTime="2018-07-16T14:43:23.0885782-04:00" testType="13cdc9d9-ddb5-4fa4-a97d-d965ccfc6d4b" outcome="Passed" testListId="8c84fa94-04c1-424b-9868-57a2d4851a1d" relativeResultsDirectory="fdc4e613-9d7a-422f-925e-636a7d0b8e17" /><UnitTestResult executionId="f48a92a1-0e96-463f-9d57-4bab527f28a5" testId="61197a3e-085a-4960-9ccf-9c787630699d" testName="GetSingle_ValidIdPropertyValueReturnsCorrectModel" computerName="LAMBDA" duration="00:00:00.0620000" startTime="2018-07-16T14:42:47.2639144-04:00" endTime="2018-07-16T14:42:47.2639204-04:00" testType="13cdc9d9-ddb5-4fa4-a97d-d965ccfc6d4b" outcome="Passed" testListId="8c84fa94-04c1-424b-9868-57a2d4851a1d" relativeResultsDirectory="f48a92a1-0e96-463f-9d57-4bab527f28a5" /><UnitTestResult executionId="73876a15-229c-4616-abc1-205f377c041f" testId="3d60e142-7982-41ff-9e1b-c8cde2feec80" testName="Delete_TargetModelIsDeleted" computerName="LAMBDA" duration="00:00:00.2310000" startTime="2018-07-16T14:43:14.9051224-04:00" endTime="2018-07-16T14:43:14.9051374-04:00" testType="13cdc9d9-ddb5-4fa4-a97d-d965ccfc6d4b" outcome="Passed" testListId="8c84fa94-04c1-424b-9868-57a2d4851a1d" relativeResultsDirectory="73876a15-229c-4616-abc1-205f377c041f" /><UnitTestResult executionId="76f31edd-d532-4853-a243-d76e2e4d9b55" testId="41a0ed76-bbbd-4fd2-b648-d7f9212db643" testName="Put_CanUpdateModel" computerName="LAMBDA" duration="00:00:00.4760000" startTime="2018-07-16T14:42:49.2138909-04:00" endTime="2018-07-16T14:42:49.2139054-04:00" testType="13cdc9d9-ddb5-4fa4-a97d-d965ccfc6d4b" outcome="Passed" testListId="8c84fa94-04c1-424b-9868-57a2d4851a1d" relativeResultsDirectory="76f31edd-d532-4853-a243-d76e2e4d9b55" /><UnitTestResult executionId="799f9cf3-47d1-4dc9-8fdb-c5cd062b1e03" testId="9a5a5060-ff67-4841-991f-fe9066ba4567" testName="FileRequest_MeshGenerateScalesDepthBufferByUnsharpHighFrequencyScale" computerName="LAMBDA" duration="00:00:02.2200000" startTime="2018-07-16T14:43:14.3408265-04:00" endTime="2018-07-16T14:43:14.3408406-04:00" testType="13cdc9d9-ddb5-4fa4-a97d-d965ccfc6d4b" outcome="Failed" testListId="8c84fa94-04c1-424b-9868-57a2d4851a1d" relativeResultsDirectory="799f9cf3-47d1-4dc9-8fdb-c5cd062b1e03"><Output><ErrorInfo><Message>Assert.True() Failure&#xD;
Expected: True&#xD;
Actual:   False</Message><StackTrace>   at ModelRelief.Test.Integration.Meshes.MeshesFileIntegrationTests.&lt;FileRequest_MeshGenerateScalesDepthBufferByUnsharpHighFrequencyScale&gt;d__6.MoveNext() in d:\Github\ModelRelief\ModelRelief.test\Integration\File\Meshes\MeshesFileIntegrationTests.cs:line 247&#xD;
--- End of stack trace from previous location where exception was thrown ---&#xD;
   at System.Runtime.ExceptionServices.ExceptionDispatchInfo.Throw()&#xD;
   at ModelRelief.Test.Integration.Meshes.MeshesFileIntegrationTests.&lt;FileRequest_MeshGenerateScalesDepthBufferByUnsharpHighFrequencyScale&gt;d__6.MoveNext() in d:\Github\ModelRelief\ModelRelief.test\Integration\File\Meshes\MeshesFileIntegrationTests.cs:line 254&#xD;
--- End of stack trace from previous location where exception was thrown ---&#xD;
   at System.Runtime.ExceptionServices.ExceptionDispatchInfo.Throw()&#xD;
   at System.Runtime.CompilerServices.TaskAwaiter.HandleNonSuccessAndDebuggerNotification(Task task)&#xD;
--- End of stack trace from previous location where exception was thrown ---&#xD;
   at System.Runtime.ExceptionServices.ExceptionDispatchInfo.Throw()&#xD;
   at System.Runtime.CompilerServices.TaskAwaiter.HandleNonSuccessAndDebuggerNotification(Task task)&#xD;
--- End of stack trace from previous location where exception was thrown ---&#xD;
   at System.Runtime.ExceptionServices.ExceptionDispatchInfo.Throw()&#xD;
   at System.Runtime.CompilerServices.TaskAwaiter.HandleNonSuccessAndDebuggerNotification(Task task)</StackTrace></ErrorInfo></Output></UnitTestResult><UnitTestResult executionId="99f0196e-7ab8-430d-b546-af93d8c452c4" testId="46d39ce9-e87e-47e7-add1-ed2fa8c7a600" testName="GetList_ListReturnsCorrectCount" computerName="LAMBDA" duration="00:00:00.1050000" startTime="2018-07-16T14:42:47.7776557-04:00" endTime="2018-07-16T14:42:47.7776621-04:00" testType="13cdc9d9-ddb5-4fa4-a97d-d965ccfc6d4b" outcome="Passed" testListId="8c84fa94-04c1-424b-9868-57a2d4851a1d" relativeResultsDirectory="99f0196e-7ab8-430d-b546-af93d8c452c4" /></Results><TestDefinitions><UnitTest name="GetFile_FileCanBeRoundTripped" storage="d:\github\modelrelief\modelrelief.test\bin\debug\netcoreapp2.0\modelrelief.test.dll" id="c9861ea2-1fd3-42a1-aba5-580f549da747"><Execution id="5d9f30eb-3ade-4d17-b79d-8ad24ea94002" /><TestMethod codeBase="d:\Github\ModelRelief\ModelRelief.test\bin\Debug\netcoreapp2.0\ModelRelief.Test.dll" adapterTypeName="executor://xunit/VsTestRunner2/netcoreapp" className="ModelRelief.Test.Integration.Meshes.MeshesFileIntegrationTests" name="GetFile_FileCanBeRoundTripped" /></UnitTest><UnitTest name="Post_CanCreateNewModel" storage="d:\github\modelrelief\modelrelief.test\bin\debug\netcoreapp2.0\modelrelief.test.dll" id="74502580-60d6-40f4-9223-32c42f2b01dc"><Execution id="4ce20e7d-a4c5-407e-862e-5c829f246f87" /><TestMethod codeBase="d:\Github\ModelRelief\ModelRelief.test\bin\Debug\netcoreapp2.0\ModelRelief.Test.dll" adapterTypeName="executor://xunit/VsTestRunner2/netcoreapp" className="ModelRelief.Test.Integration.MeshTransforms.MeshTransformsBaseIntegrationTests" name="Post_CanCreateNewModel" /></UnitTest><UnitTest name="Post_CanCreateNewModel" storage="d:\github\modelrelief\modelrelief.test\bin\debug\netcoreapp2.0\modelrelief.test.dll" id="8cefd4e2-8501-4051-a4a6-b1b34d9d80d1"><Execution id="9e0a970c-4d89-4a51-ba7d-43d5346954c8" /><TestMethod codeBase="d:\Github\ModelRelief\ModelRelief.test\bin\Debug\netcoreapp2.0\ModelRelief.Test.dll" adapterTypeName="executor://xunit/VsTestRunner2/netcoreapp" className="ModelRelief.Test.Integration.Cameras.CamerasBaseIntegrationTests" name="Post_CanCreateNewModel" /></UnitTest><UnitTest name="Put_ValidReferencePropertyUpdatesModel" storage="d:\github\modelrelief\modelrelief.test\bin\debug\netcoreapp2.0\modelrelief.test.dll" id="391d66a7-3639-41a2-9607-72a1238b6506"><Execution id="1733cebc-e581-4843-a251-fdb3c2f72851" /><TestMethod codeBase="d:\Github\ModelRelief\ModelRelief.test\bin\Debug\netcoreapp2.0\ModelRelief.Test.dll" adapterTypeName="executor://xunit/VsTestRunner2/netcoreapp" className="ModelRelief.Test.Integration.Projects.ProjectsBaseIntegrationTests" name="Put_ValidReferencePropertyUpdatesModel" /></UnitTest><UnitTest name="Patch_MultipleInvalidReferencePropertiesReturnsMultipleValidationErrorsAndBadRequest" storage="d:\github\modelrelief\modelrelief.test\bin\debug\netcoreapp2.0\modelrelief.test.dll" id="eb65460b-17d2-497b-a599-caa373c4944d"><Execution id="5c807db6-9dc0-4bd0-8dc5-d21542688836" /><TestMethod codeBase="d:\Github\ModelRelief\ModelRelief.test\bin\Debug\netcoreapp2.0\ModelRelief.Test.dll" adapterTypeName="executor://xunit/VsTestRunner2/netcoreapp" className="ModelRelief.Test.Integration.Models.ModelsBaseIntegrationTests" name="Patch_MultipleInvalidReferencePropertiesReturnsMultipleValidationErrorsAndBadRequest" /></UnitTest><UnitTest name="LucyCameraFindsAllDependents" storage="d:\github\modelrelief\modelrelief.test\bin\debug\netcoreapp2.0\modelrelief.test.dll" id="e2cc46cc-470a-4431-aae6-33b127800b1d"><Execution id="130d86b3-f573-4e09-9a3a-0afbf474f58c" /><TestMethod codeBase="d:\Github\ModelRelief\ModelRelief.test\bin\Debug\netcoreapp2.0\ModelRelief.Test.dll" adapterTypeName="executor://xunit/VsTestRunner2/netcoreapp" className="ModelRelief.Test.Unit.DependencyManager.DependencyManagerTests" name="LucyCameraFindsAllDependents" /></UnitTest><UnitTest name="Put_CanUpdateModel" storage="d:\github\modelrelief\modelrelief.test\bin\debug\netcoreapp2.0\modelrelief.test.dll" id="92533729-2124-463a-9acf-bc554aae418a"><Execution id="218c2a72-8a20-4064-9b15-80de174c7854" /><TestMethod codeBase="d:\Github\ModelRelief\ModelRelief.test\bin\Debug\netcoreapp2.0\ModelRelief.Test.dll" adapterTypeName="executor://xunit/VsTestRunner2/netcoreapp" className="ModelRelief.Test.Integration.MeshTransforms.MeshTransformsBaseIntegrationTests" name="Put_CanUpdateModel" /></UnitTest><UnitTest name="GetList_ListReturnsCorrectCount" storage="d:\github\modelrelief\modelrelief.test\bin\debug\netcoreapp2.0\modelrelief.test.dll" id="46d39ce9-e87e-47e7-add1-ed2fa8c7a600"><Execution id="99f0196e-7ab8-430d-b546-af93d8c452c4" /><TestMethod codeBase="d:\Github\ModelRelief\ModelRelief.test\bin\Debug\netcoreapp2.0\ModelRelief.Test.dll" adapterTypeName="executor://xunit/VsTestRunner2/netcoreapp" className="ModelRelief.Test.Integration.Projects.ProjectsBaseIntegrationTests" name="GetList_ListReturnsCorrectCount" /></UnitTest><UnitTest name="Patch_ValidReferencePropertyUpdatesModel" storage="d:\github\modelrelief\modelrelief.test\bin\debug\netcoreapp2.0\modelrelief.test.dll" id="2eb5017c-a9d7-4533-a937-60028364985a"><Execution id="2ed21fed-4dc3-4e9a-b445-0cec55595154" /><TestMethod codeBase="d:\Github\ModelRelief\ModelRelief.test\bin\Debug\netcoreapp2.0\ModelRelief.Test.dll" adapterTypeName="executor://xunit/VsTestRunner2/netcoreapp" className="ModelRelief.Test.Integration.MeshTransforms.MeshTransformsBaseIntegrationTests" name="Patch_ValidReferencePropertyUpdatesModel" /></UnitTest><UnitTest name="GetFile_FileCanBeRoundTripped" storage="d:\github\modelrelief\modelrelief.test\bin\debug\netcoreapp2.0\modelrelief.test.dll" id="70c5c87c-b96d-408a-97b5-8c86ed7a9621"><Execution id="6ae2d20d-1642-4380-a2f3-2cf267ff8eeb" /><TestMethod codeBase="d:\Github\ModelRelief\ModelRelief.test\bin\Debug\netcoreapp2.0\ModelRelief.Test.dll" adapterTypeName="executor://xunit/VsTestRunner2/netcoreapp" className="ModelRelief.Test.Integration.DepthBuffers.DepthBuffersFileIntegrationTests" name="GetFile_FileCanBeRoundTripped" /></UnitTest><UnitTest name="Put_InvalidReferencePropertyReturndBadRequest" storage="d:\github\modelrelief\modelrelief.test\bin\debug\netcoreapp2.0\modelrelief.test.dll" id="b9c18dbc-9c5e-4e7e-9fe6-a7548f53cd3f"><Execution id="2f82e2ff-f02b-43c9-8c21-8f7c538591ac" /><TestMethod codeBase="d:\Github\ModelRelief\ModelRelief.test\bin\Debug\netcoreapp2.0\ModelRelief.Test.dll" adapterTypeName="executor://xunit/VsTestRunner2/netcoreapp" className="ModelRelief.Test.Integration.Meshes.MeshesBaseIntegrationTests" name="Put_InvalidReferencePropertyReturndBadRequest" /></UnitTest><UnitTest name="Delete_TargetModelIsDeleted" storage="d:\github\modelrelief\modelrelief.test\bin\debug\netcoreapp2.0\modelrelief.test.dll" id="c34d396d-7b1d-4986-8fcd-68033a1e9f9e"><Execution id="e579efd0-77fe-4dc6-bd5c-c96f979540f0" /><TestMethod codeBase="d:\Github\ModelRelief\ModelRelief.test\bin\Debug\netcoreapp2.0\ModelRelief.Test.dll" adapterTypeName="executor://xunit/VsTestRunner2/netcoreapp" className="ModelRelief.Test.Integration.MeshTransforms.MeshTransformsBaseIntegrationTests" name="Delete_TargetModelIsDeleted" /></UnitTest><UnitTest name="Patch_TargetPropertyIsUpdated" storage="d:\github\modelrelief\modelrelief.test\bin\debug\netcoreapp2.0\modelrelief.test.dll" id="963fb988-cda0-45b3-bdfa-20d77086e56d"><Execution id="96cd86c4-c573-40de-86ab-01b7ea7b35bf" /><TestMethod codeBase="d:\Github\ModelRelief\ModelRelief.test\bin\Debug\netcoreapp2.0\ModelRelief.Test.dll" adapterTypeName="executor://xunit/VsTestRunner2/netcoreapp" className="ModelRelief.Test.Integration.DepthBuffers.DepthBuffersBaseIntegrationTests" name="Patch_TargetPropertyIsUpdated" /></UnitTest><UnitTest name="GetFile_FileCanBeRoundTripped" storage="d:\github\modelrelief\modelrelief.test\bin\debug\netcoreapp2.0\modelrelief.test.dll" id="43151966-d995-4aad-abc4-593f1d84bf8b"><Execution id="b60bb00f-c3f6-42c8-bfd9-33fe1df7cff0" /><TestMethod codeBase="d:\Github\ModelRelief\ModelRelief.test\bin\Debug\netcoreapp2.0\ModelRelief.Test.dll" adapterTypeName="executor://xunit/VsTestRunner2/netcoreapp" className="ModelRelief.Test.Integration.Models.ModelsFileIntegrationTests" name="GetFile_FileCanBeRoundTripped" /></UnitTest><UnitTest name="Delete_TargetModelIsDeleted" storage="d:\github\modelrelief\modelrelief.test\bin\debug\netcoreapp2.0\modelrelief.test.dll" id="3d60e142-7982-41ff-9e1b-c8cde2feec80"><Execution id="73876a15-229c-4616-abc1-205f377c041f" /><TestMethod codeBase="d:\Github\ModelRelief\ModelRelief.test\bin\Debug\netcoreapp2.0\ModelRelief.Test.dll" adapterTypeName="executor://xunit/VsTestRunner2/netcoreapp" className="ModelRelief.Test.Integration.DepthBuffers.DepthBuffersBaseIntegrationTests" name="Delete_TargetModelIsDeleted" /></UnitTest><UnitTest name="Patch_InvalidEnumPropertyValueReturnsBadRequest" storage="d:\github\modelrelief\modelrelief.test\bin\debug\netcoreapp2.0\modelrelief.test.dll" id="8d6d02a4-b778-4cc3-8461-6464bfdff07d"><Execution id="1c479c3e-2ba8-463c-afd7-ff8ae2e04006" /><TestMethod codeBase="d:\Github\ModelRelief\ModelRelief.test\bin\Debug\netcoreapp2.0\ModelRelief.Test.dll" adapterTypeName="executor://xunit/VsTestRunner2/netcoreapp" className="ModelRelief.Test.Integration.Cameras.CamerasBaseIntegrationTests" name="Patch_InvalidEnumPropertyValueReturnsBadRequest" /></UnitTest><UnitTest name="Patch_ValidReferencePropertyUpdatesModel" storage="d:\github\modelrelief\modelrelief.test\bin\debug\netcoreapp2.0\modelrelief.test.dll" id="6909c6a6-2809-4a9c-ac1b-8b224f192a1a"><Execution id="bc8b08bf-970d-40de-beb3-0110b2067b64" /><TestMethod codeBase="d:\Github\ModelRelief\ModelRelief.test\bin\Debug\netcoreapp2.0\ModelRelief.Test.dll" adapterTypeName="executor://xunit/VsTestRunner2/netcoreapp" className="ModelRelief.Test.Integration.Meshes.MeshesBaseIntegrationTests" name="Patch_ValidReferencePropertyUpdatesModel" /></UnitTest><UnitTest name="Put_InvalidReferencePropertyReturndBadRequest" storage="d:\github\modelrelief\modelrelief.test\bin\debug\netcoreapp2.0\modelrelief.test.dll" id="310f25c6-8e95-4416-a397-8c40a6ed18c0"><Execution id="9e9a8e72-66a5-4a7c-8372-54d7101733e9" /><TestMethod codeBase="d:\Github\ModelRelief\ModelRelief.test\bin\Debug\netcoreapp2.0\ModelRelief.Test.dll" adapterTypeName="executor://xunit/VsTestRunner2/netcoreapp" className="ModelRelief.Test.Integration.DepthBuffers.DepthBuffersBaseIntegrationTests" name="Put_InvalidReferencePropertyReturndBadRequest" /></UnitTest><UnitTest name="Model3dHasExpectedDependentFiles" storage="d:\github\modelrelief\modelrelief.test\bin\debug\netcoreapp2.0\modelrelief.test.dll" id="09b427ae-e32b-4bcb-880f-5ba60c424a92"><Execution id="b687ae29-ab81-43a1-b555-627abc910001" /><TestMethod codeBase="d:\Github\ModelRelief\ModelRelief.test\bin\Debug\netcoreapp2.0\ModelRelief.Test.dll" adapterTypeName="executor://xunit/VsTestRunner2/netcoreapp" className="ModelRelief.Test.Unit.DependencyManager.DependencyManagerTests" name="Model3dHasExpectedDependentFiles" /></UnitTest><UnitTest name="Patch_InvalidReferencePropertyReturnsBadRequest" storage="d:\github\modelrelief\modelrelief.test\bin\debug\netcoreapp2.0\modelrelief.test.dll" id="2233205b-5868-4900-9c70-f5e63d5ace91"><Execution id="ac3bc143-42a0-440d-8411-f7da7e182877" /><TestMethod codeBase="d:\Github\ModelRelief\ModelRelief.test\bin\Debug\netcoreapp2.0\ModelRelief.Test.dll" adapterTypeName="executor://xunit/VsTestRunner2/netcoreapp" className="ModelRelief.Test.Integration.MeshTransforms.MeshTransformsBaseIntegrationTests" name="Patch_InvalidReferencePropertyReturnsBadRequest" /></UnitTest><UnitTest name="Patch_InvalidEnumPropertyValueReturnsBadRequest" storage="d:\github\modelrelief\modelrelief.test\bin\debug\netcoreapp2.0\modelrelief.test.dll" id="10a8bf66-9e52-41dc-8363-7788293a44b5"><Execution id="2c782a5b-261a-4e3a-8a74-122f32f8e20e" /><TestMethod codeBase="d:\Github\ModelRelief\ModelRelief.test\bin\Debug\netcoreapp2.0\ModelRelief.Test.dll" adapterTypeName="executor://xunit/VsTestRunner2/netcoreapp" className="ModelRelief.Test.Integration.MeshTransforms.MeshTransformsBaseIntegrationTests" name="Patch_InvalidEnumPropertyValueReturnsBadRequest" /></UnitTest><UnitTest name="Patch_InvalidIdPropertyReturnsNotFound" storage="d:\github\modelrelief\modelrelief.test\bin\debug\netcoreapp2.0\modelrelief.test.dll" id="22e82202-b405-4c5a-84e6-b8b6a0c30142"><Execution id="a392afbb-a206-4fda-bbc1-39ca726e1ba3" /><TestMethod codeBase="d:\Github\ModelRelief\ModelRelief.test\bin\Debug\netcoreapp2.0\ModelRelief.Test.dll" adapterTypeName="executor://xunit/VsTestRunner2/netcoreapp" className="ModelRelief.Test.Integration.Meshes.MeshesBaseIntegrationTests" name="Patch_InvalidIdPropertyReturnsNotFound" /></UnitTest><UnitTest name="Post_InvalidPropertyValueReturnsBadRequest" storage="d:\github\modelrelief\modelrelief.test\bin\debug\netcoreapp2.0\modelrelief.test.dll" id="8d7a7146-af9e-45f2-9a5e-825c54794088"><Execution id="b9f6fec3-7f57-4c99-9ee8-563bdd7b5385" /><TestMethod codeBase="d:\Github\ModelRelief\ModelRelief.test\bin\Debug\netcoreapp2.0\ModelRelief.Test.dll" adapterTypeName="executor://xunit/VsTestRunner2/netcoreapp" className="ModelRelief.Test.Integration.DepthBuffers.DepthBuffersBaseIntegrationTests" name="Post_InvalidPropertyValueReturnsBadRequest" /></UnitTest><UnitTest name="Put_InvalidIdReturnsNotFound" storage="d:\github\modelrelief\modelrelief.test\bin\debug\netcoreapp2.0\modelrelief.test.dll" id="0d016e80-bb4b-4bab-85f8-93177a0411ef"><Execution id="db2b1ae9-e81a-4a3b-aa20-661949310810" /><TestMethod codeBase="d:\Github\ModelRelief\ModelRelief.test\bin\Debug\netcoreapp2.0\ModelRelief.Test.dll" adapterTypeName="executor://xunit/VsTestRunner2/netcoreapp" className="ModelRelief.Test.Integration.MeshTransforms.MeshTransformsBaseIntegrationTests" name="Put_InvalidIdReturnsNotFound" /></UnitTest><UnitTest name="Put_CanUpdateModel" storage="d:\github\modelrelief\modelrelief.test\bin\debug\netcoreapp2.0\modelrelief.test.dll" id="9a0bbd3c-f02e-43ab-8de1-163e232f0a18"><Execution id="ad8cabd5-4dc0-4edc-afe9-d4f488fb4b4e" /><TestMethod codeBase="d:\Github\ModelRelief\ModelRelief.test\bin\Debug\netcoreapp2.0\ModelRelief.Test.dll" adapterTypeName="executor://xunit/VsTestRunner2/netcoreapp" className="ModelRelief.Test.Integration.DepthBuffers.DepthBuffersBaseIntegrationTests" name="Put_CanUpdateModel" /></UnitTest><UnitTest name="PutFile_FileCanBeUpdated" storage="d:\github\modelrelief\modelrelief.test\bin\debug\netcoreapp2.0\modelrelief.test.dll" id="f8694eb6-6a60-48c5-891e-512424edd3f4"><Execution id="0131b3eb-7bbe-402b-880c-a0c8277e05af" /><TestMethod codeBase="d:\Github\ModelRelief\ModelRelief.test\bin\Debug\netcoreapp2.0\ModelRelief.Test.dll" adapterTypeName="executor://xunit/VsTestRunner2/netcoreapp" className="ModelRelief.Test.Integration.DepthBuffers.DepthBuffersFileIntegrationTests" name="PutFile_FileCanBeUpdated" /></UnitTest><UnitTest name="Patch_MultipleInvalidReferencePropertiesReturnsMultipleValidationErrorsAndBadRequest" storage="d:\github\modelrelief\modelrelief.test\bin\debug\netcoreapp2.0\modelrelief.test.dll" id="33d710ce-9eb2-435e-bd14-5a0246662338"><Execution id="af55b2f3-d239-435a-b682-a4fec9dd368a" /><TestMethod codeBase="d:\Github\ModelRelief\ModelRelief.test\bin\Debug\netcoreapp2.0\ModelRelief.Test.dll" adapterTypeName="executor://xunit/VsTestRunner2/netcoreapp" className="ModelRelief.Test.Integration.MeshTransforms.MeshTransformsBaseIntegrationTests" name="Patch_MultipleInvalidReferencePropertiesReturnsMultipleValidationErrorsAndBadRequest" /></UnitTest><UnitTest name="Patch_InvalidReferencePropertyReturnsBadRequest" storage="d:\github\modelrelief\modelrelief.test\bin\debug\netcoreapp2.0\modelrelief.test.dll" id="d1cf2376-111e-4327-bd6b-081806d917e2"><Execution id="b7edcb84-0f67-4d95-8994-7f29a524d133" /><TestMethod codeBase="d:\Github\ModelRelief\ModelRelief.test\bin\Debug\netcoreapp2.0\ModelRelief.Test.dll" adapterTypeName="executor://xunit/VsTestRunner2/netcoreapp" className="ModelRelief.Test.Integration.Meshes.MeshesBaseIntegrationTests" name="Patch_InvalidReferencePropertyReturnsBadRequest" /></UnitTest><UnitTest name="PostFile_FileTimeStampIsUpdatedAfterFileIsPosted" storage="d:\github\modelrelief\modelrelief.test\bin\debug\netcoreapp2.0\modelrelief.test.dll" id="fbdd4c45-da47-4b73-9da3-f82ea6e4e195"><Execution id="0f65105b-931e-4292-8fa9-eb50085dfc29" /><TestMethod codeBase="d:\Github\ModelRelief\ModelRelief.test\bin\Debug\netcoreapp2.0\ModelRelief.Test.dll" adapterTypeName="executor://xunit/VsTestRunner2/netcoreapp" className="ModelRelief.Test.Integration.Models.ModelsFileIntegrationTests" name="PostFile_FileTimeStampIsUpdatedAfterFileIsPosted" /></UnitTest><UnitTest name="FileRequest_FileCanBeReadAfterRename" storage="d:\github\modelrelief\modelrelief.test\bin\debug\netcoreapp2.0\modelrelief.test.dll" id="a9ce5840-e669-4598-886b-e85569c818b5"><Execution id="7a014941-fca0-4dc8-b60c-0fd574e4d5e3" /><TestMethod codeBase="d:\Github\ModelRelief\ModelRelief.test\bin\Debug\netcoreapp2.0\ModelRelief.Test.dll" adapterTypeName="executor://xunit/VsTestRunner2/netcoreapp" className="ModelRelief.Test.Integration.Meshes.MeshesFileIntegrationTests" name="FileRequest_FileCanBeReadAfterRename" /></UnitTest><UnitTest name="GetSingle_ValidIdPropertyValueReturnsCorrectModel" storage="d:\github\modelrelief\modelrelief.test\bin\debug\netcoreapp2.0\modelrelief.test.dll" id="12f4d408-662d-4b1d-b094-4d9e0bf697be"><Execution id="9ff123d0-0bb4-4dee-9af1-44d08d852794" /><TestMethod codeBase="d:\Github\ModelRelief\ModelRelief.test\bin\Debug\netcoreapp2.0\ModelRelief.Test.dll" adapterTypeName="executor://xunit/VsTestRunner2/netcoreapp" className="ModelRelief.Test.Integration.Meshes.MeshesBaseIntegrationTests" name="GetSingle_ValidIdPropertyValueReturnsCorrectModel" /></UnitTest><UnitTest name="Put_InvalidReferencePropertyReturndBadRequest" storage="d:\github\modelrelief\modelrelief.test\bin\debug\netcoreapp2.0\modelrelief.test.dll" id="287c51af-3186-4dd8-885a-37399a88748a"><Execution id="02fc7fdf-9a74-4535-8cce-8b8518a396b2" /><TestMethod codeBase="d:\Github\ModelRelief\ModelRelief.test\bin\Debug\netcoreapp2.0\ModelRelief.Test.dll" adapterTypeName="executor://xunit/VsTestRunner2/netcoreapp" className="ModelRelief.Test.Integration.Models.ModelsBaseIntegrationTests" name="Put_InvalidReferencePropertyReturndBadRequest" /></UnitTest><UnitTest name="PostFile_FileIsSynchronizedIsUpdatedAfterFileIsPosted" storage="d:\github\modelrelief\modelrelief.test\bin\debug\netcoreapp2.0\modelrelief.test.dll" id="88aa360c-95d3-466c-a2f3-5d07dccf7e56"><Execution id="1426860f-95ba-47bb-8054-b66f14c3838d" /><TestMethod codeBase="d:\Github\ModelRelief\ModelRelief.test\bin\Debug\netcoreapp2.0\ModelRelief.Test.dll" adapterTypeName="executor://xunit/VsTestRunner2/netcoreapp" className="ModelRelief.Test.Integration.DepthBuffers.DepthBuffersFileIntegrationTests" name="PostFile_FileIsSynchronizedIsUpdatedAfterFileIsPosted" /></UnitTest><UnitTest name="Post_ValidReferencePropertyCreatesModel" storage="d:\github\modelrelief\modelrelief.test\bin\debug\netcoreapp2.0\modelrelief.test.dll" id="de91c181-2e81-4d07-8657-58d40d137d9f"><Execution id="06afcd21-9c50-451b-8ddf-6e34d9e1fd65" /><TestMethod codeBase="d:\Github\ModelRelief\ModelRelief.test\bin\Debug\netcoreapp2.0\ModelRelief.Test.dll" adapterTypeName="executor://xunit/VsTestRunner2/netcoreapp" className="ModelRelief.Test.Integration.Meshes.MeshesBaseIntegrationTests" name="Post_ValidReferencePropertyCreatesModel" /></UnitTest><UnitTest name="Patch_ValidReferencePropertyUpdatesModel" storage="d:\github\modelrelief\modelrelief.test\bin\debug\netcoreapp2.0\modelrelief.test.dll" id="b4a5397c-4960-47f6-914b-56d2d1246982"><Execution id="c8aa669d-9dfc-4286-8e06-10ba32049ed4" /><TestMethod codeBase="d:\Github\ModelRelief\ModelRelief.test\bin\Debug\netcoreapp2.0\ModelRelief.Test.dll" adapterTypeName="executor://xunit/VsTestRunner2/netcoreapp" className="ModelRelief.Test.Integration.Models.ModelsBaseIntegrationTests" name="Patch_ValidReferencePropertyUpdatesModel" /></UnitTest><UnitTest name="Post_ValidReferencePropertyCreatesModel" storage="d:\github\modelrelief\modelrelief.test\bin\debug\netcoreapp2.0\modelrelief.test.dll" id="d599e5b6-80bb-4dbf-bb8c-93063063a3b0"><Execution id="32642333-f570-48e2-9e25-06a0c25d9683" /><TestMethod codeBase="d:\Github\ModelRelief\ModelRelief.test\bin\Debug\netcoreapp2.0\ModelRelief.Test.dll" adapterTypeName="executor://xunit/VsTestRunner2/netcoreapp" className="ModelRelief.Test.Integration.Models.ModelsBaseIntegrationTests" name="Post_ValidReferencePropertyCreatesModel" /></UnitTest><UnitTest name="PutFile_NewFileCanBePut" storage="d:\github\modelrelief\modelrelief.test\bin\debug\netcoreapp2.0\modelrelief.test.dll" id="be53b59b-b1ed-4d67-ab65-183288164626"><Execution id="f00a0f07-eda6-4e51-96e3-a9bf79e0b649" /><TestMethod codeBase="d:\Github\ModelRelief\ModelRelief.test\bin\Debug\netcoreapp2.0\ModelRelief.Test.dll" adapterTypeName="executor://xunit/VsTestRunner2/netcoreapp" className="ModelRelief.Test.Integration.Meshes.MeshesFileIntegrationTests" name="PutFile_NewFileCanBePut" /></UnitTest><UnitTest name="Put_CanUpdateModel" storage="d:\github\modelrelief\modelrelief.test\bin\debug\netcoreapp2.0\modelrelief.test.dll" id="41a0ed76-bbbd-4fd2-b648-d7f9212db643"><Execution id="76f31edd-d532-4853-a243-d76e2e4d9b55" /><TestMethod codeBase="d:\Github\ModelRelief\ModelRelief.test\bin\Debug\netcoreapp2.0\ModelRelief.Test.dll" adapterTypeName="executor://xunit/VsTestRunner2/netcoreapp" className="ModelRelief.Test.Integration.Models.ModelsBaseIntegrationTests" name="Put_CanUpdateModel" /></UnitTest><UnitTest name="Post_ValidReferencePropertyCreatesModel" storage="d:\github\modelrelief\modelrelief.test\bin\debug\netcoreapp2.0\modelrelief.test.dll" id="1c829ddf-eda6-45e3-aa70-f74d26e6eb13"><Execution id="4f37d87b-22d8-40ea-b69c-599c249637b2" /><TestMethod codeBase="d:\Github\ModelRelief\ModelRelief.test\bin\Debug\netcoreapp2.0\ModelRelief.Test.dll" adapterTypeName="executor://xunit/VsTestRunner2/netcoreapp" className="ModelRelief.Test.Integration.Cameras.CamerasBaseIntegrationTests" name="Post_ValidReferencePropertyCreatesModel" /></UnitTest><UnitTest name="Patch_InvalidIdPropertyReturnsNotFound" storage="d:\github\modelrelief\modelrelief.test\bin\debug\netcoreapp2.0\modelrelief.test.dll" id="41c39b9f-9a31-49db-a381-03ee863166af"><Execution id="c1f33c40-d335-46ab-961a-4fbd27d8673b" /><TestMethod codeBase="d:\Github\ModelRelief\ModelRelief.test\bin\Debug\netcoreapp2.0\ModelRelief.Test.dll" adapterTypeName="executor://xunit/VsTestRunner2/netcoreapp" className="ModelRelief.Test.Integration.Projects.ProjectsBaseIntegrationTests" name="Patch_InvalidIdPropertyReturnsNotFound" /></UnitTest><UnitTest name="PutFile_FileCanBeUpdated" storage="d:\github\modelrelief\modelrelief.test\bin\debug\netcoreapp2.0\modelrelief.test.dll" id="a8826b80-7755-4601-9263-f956437b488e"><Execution id="37e5fc00-1835-46c9-8fb0-bc25655f7240" /><TestMethod codeBase="d:\Github\ModelRelief\ModelRelief.test\bin\Debug\netcoreapp2.0\ModelRelief.Test.dll" adapterTypeName="executor://xunit/VsTestRunner2/netcoreapp" className="ModelRelief.Test.Integration.Models.ModelsFileIntegrationTests" name="PutFile_FileCanBeUpdated" /></UnitTest><UnitTest name="Patch_MultipleInvalidReferencePropertiesReturnsMultipleValidationErrorsAndBadRequest" storage="d:\github\modelrelief\modelrelief.test\bin\debug\netcoreapp2.0\modelrelief.test.dll" id="abb7035d-a6dd-4a9e-ae32-8b9ea1504df9"><Execution id="718bd937-de35-4409-b024-ef6d23f7a46c" /><TestMethod codeBase="d:\Github\ModelRelief\ModelRelief.test\bin\Debug\netcoreapp2.0\ModelRelief.Test.dll" adapterTypeName="executor://xunit/VsTestRunner2/netcoreapp" className="ModelRelief.Test.Integration.Projects.ProjectsBaseIntegrationTests" name="Patch_MultipleInvalidReferencePropertiesReturnsMultipleValidationErrorsAndBadRequest" /></UnitTest><UnitTest name="Put_InvalidIdReturnsNotFound" storage="d:\github\modelrelief\modelrelief.test\bin\debug\netcoreapp2.0\modelrelief.test.dll" id="da3c6d50-cefc-4117-b666-9dc023581ba3"><Execution id="faa43e92-a763-4b68-8855-abfc430cb760" /><TestMethod codeBase="d:\Github\ModelRelief\ModelRelief.test\bin\Debug\netcoreapp2.0\ModelRelief.Test.dll" adapterTypeName="executor://xunit/VsTestRunner2/netcoreapp" className="ModelRelief.Test.Integration.DepthBuffers.DepthBuffersBaseIntegrationTests" name="Put_InvalidIdReturnsNotFound" /></UnitTest><UnitTest name="PostFile_NewFileCanBePosted" storage="d:\github\modelrelief\modelrelief.test\bin\debug\netcoreapp2.0\modelrelief.test.dll" id="8811f5e8-95c1-460b-9132-78a6cd7dcfb6"><Execution id="75b9b473-904f-4c46-9e56-23837d60b9df" /><TestMethod codeBase="d:\Github\ModelRelief\ModelRelief.test\bin\Debug\netcoreapp2.0\ModelRelief.Test.dll" adapterTypeName="executor://xunit/VsTestRunner2/netcoreapp" className="ModelRelief.Test.Integration.Meshes.MeshesFileIntegrationTests" name="PostFile_NewFileCanBePosted" /></UnitTest><UnitTest name="FileRequest_DepthBufferIsInvalidatedAfterCameraDependencyPropertyChange" storage="d:\github\modelrelief\modelrelief.test\bin\debug\netcoreapp2.0\modelrelief.test.dll" id="0dddc9ff-a570-41ec-88fe-24c8b696168b"><Execution id="0298df0d-0ecc-4eb7-a711-5288147c165d" /><TestMethod codeBase="d:\Github\ModelRelief\ModelRelief.test\bin\Debug\netcoreapp2.0\ModelRelief.Test.dll" adapterTypeName="executor://xunit/VsTestRunner2/netcoreapp" className="ModelRelief.Test.Integration.DepthBuffers.DepthBuffersFileIntegrationTests" name="FileRequest_DepthBufferIsInvalidatedAfterCameraDependencyPropertyChange" /></UnitTest><UnitTest name="GetList_ListReturnsCorrectCount" storage="d:\github\modelrelief\modelrelief.test\bin\debug\netcoreapp2.0\modelrelief.test.dll" id="b44084bc-7ad6-49d7-b4b1-dcf71c2241e1"><Execution id="707c9a8a-12b1-44d2-ac27-a17256c74f31" /><TestMethod codeBase="d:\Github\ModelRelief\ModelRelief.test\bin\Debug\netcoreapp2.0\ModelRelief.Test.dll" adapterTypeName="executor://xunit/VsTestRunner2/netcoreapp" className="ModelRelief.Test.Integration.Models.ModelsBaseIntegrationTests" name="GetList_ListReturnsCorrectCount" /></UnitTest><UnitTest name="LucyModel3dHasTwoDependents" storage="d:\github\modelrelief\modelrelief.test\bin\debug\netcoreapp2.0\modelrelief.test.dll" id="089e6bea-3af2-42ef-9eea-5ec29eece698"><Execution id="3d83e869-35b6-4384-8edb-0661c621129c" /><TestMethod codeBase="d:\Github\ModelRelief\ModelRelief.test\bin\Debug\netcoreapp2.0\ModelRelief.Test.dll" adapterTypeName="executor://xunit/VsTestRunner2/netcoreapp" className="ModelRelief.Test.Unit.DependencyManager.DependencyManagerTests" name="LucyModel3dHasTwoDependents" /></UnitTest><UnitTest name="Post_InvalidReferencePropertyReturnsBadRequest" storage="d:\github\modelrelief\modelrelief.test\bin\debug\netcoreapp2.0\modelrelief.test.dll" id="051e1fba-c140-4bec-b788-40fdcda2a166"><Execution id="fecd96cf-4e95-49a2-9877-0bbd0551cd08" /><TestMethod codeBase="d:\Github\ModelRelief\ModelRelief.test\bin\Debug\netcoreapp2.0\ModelRelief.Test.dll" adapterTypeName="executor://xunit/VsTestRunner2/netcoreapp" className="ModelRelief.Test.Integration.Models.ModelsBaseIntegrationTests" name="Post_InvalidReferencePropertyReturnsBadRequest" /></UnitTest><UnitTest name="Post_CanCreateNewModel" storage="d:\github\modelrelief\modelrelief.test\bin\debug\netcoreapp2.0\modelrelief.test.dll" id="9e01e21b-7156-413b-ba57-de04328c4205"><Execution id="060308cb-acf9-4ee4-809c-3970f21b507a" /><TestMethod codeBase="d:\Github\ModelRelief\ModelRelief.test\bin\Debug\netcoreapp2.0\ModelRelief.Test.dll" adapterTypeName="executor://xunit/VsTestRunner2/netcoreapp" className="ModelRelief.Test.Integration.DepthBuffers.DepthBuffersBaseIntegrationTests" name="Post_CanCreateNewModel" /></UnitTest><UnitTest name="GetList_ListReturnsCorrectCount" storage="d:\github\modelrelief\modelrelief.test\bin\debug\netcoreapp2.0\modelrelief.test.dll" id="52ec9a3a-b116-4afe-8c1e-641b62efe5c2"><Execution id="77cf0050-3d6c-4c8d-9eb4-758701c25ce5" /><TestMethod codeBase="d:\Github\ModelRelief\ModelRelief.test\bin\Debug\netcoreapp2.0\ModelRelief.Test.dll" adapterTypeName="executor://xunit/VsTestRunner2/netcoreapp" className="ModelRelief.Test.Integration.MeshTransforms.MeshTransformsBaseIntegrationTests" name="GetList_ListReturnsCorrectCount" /></UnitTest><UnitTest name="Post_InvalidPropertyValueReturnsBadRequest" storage="d:\github\modelrelief\modelrelief.test\bin\debug\netcoreapp2.0\modelrelief.test.dll" id="5f589e25-4433-414a-abfe-da1dfabfd38c"><Execution id="c428d549-d40c-49bc-a3e5-4e8d5725ae90" /><TestMethod codeBase="d:\Github\ModelRelief\ModelRelief.test\bin\Debug\netcoreapp2.0\ModelRelief.Test.dll" adapterTypeName="executor://xunit/VsTestRunner2/netcoreapp" className="ModelRelief.Test.Integration.Meshes.MeshesBaseIntegrationTests" name="Post_InvalidPropertyValueReturnsBadRequest" /></UnitTest><UnitTest name="GetSingle_ValidIdPropertyValueReturnsCorrectModel" storage="d:\github\modelrelief\modelrelief.test\bin\debug\netcoreapp2.0\modelrelief.test.dll" id="61197a3e-085a-4960-9ccf-9c787630699d"><Execution id="f48a92a1-0e96-463f-9d57-4bab527f28a5" /><TestMethod codeBase="d:\Github\ModelRelief\ModelRelief.test\bin\Debug\netcoreapp2.0\ModelRelief.Test.dll" adapterTypeName="executor://xunit/VsTestRunner2/netcoreapp" className="ModelRelief.Test.Integration.Projects.ProjectsBaseIntegrationTests" name="GetSingle_ValidIdPropertyValueReturnsCorrectModel" /></UnitTest><UnitTest name="DepthBufferHasExpectedDependentFiles" storage="d:\github\modelrelief\modelrelief.test\bin\debug\netcoreapp2.0\modelrelief.test.dll" id="34316397-6b8f-49b3-8e5d-8c6301a03778"><Execution id="bf39ca47-115c-4d53-83b9-1fec295d4479" /><TestMethod codeBase="d:\Github\ModelRelief\ModelRelief.test\bin\Debug\netcoreapp2.0\ModelRelief.Test.dll" adapterTypeName="executor://xunit/VsTestRunner2/netcoreapp" className="ModelRelief.Test.Unit.DependencyManager.DependencyManagerTests" name="DepthBufferHasExpectedDependentFiles" /></UnitTest><UnitTest name="Patch_ValidReferencePropertyUpdatesModel" storage="d:\github\modelrelief\modelrelief.test\bin\debug\netcoreapp2.0\modelrelief.test.dll" id="7ddf2d0e-5327-4e0e-8fe3-f1bc5c1a60ac"><Execution id="e83126bc-f816-489e-a4dc-b0c0b553fb50" /><TestMethod codeBase="d:\Github\ModelRelief\ModelRelief.test\bin\Debug\netcoreapp2.0\ModelRelief.Test.dll" adapterTypeName="executor://xunit/VsTestRunner2/netcoreapp" className="ModelRelief.Test.Integration.DepthBuffers.DepthBuffersBaseIntegrationTests" name="Patch_ValidReferencePropertyUpdatesModel" /></UnitTest><UnitTest name="PostFile_FileTimeStampIsUpdatedAfterFileIsPosted" storage="d:\github\modelrelief\modelrelief.test\bin\debug\netcoreapp2.0\modelrelief.test.dll" id="dfa64091-8e7d-42f1-873d-a97a0c9d0301"><Execution id="2855c666-23f3-4098-95f2-4c51a7d002b9" /><TestMethod codeBase="d:\Github\ModelRelief\ModelRelief.test\bin\Debug\netcoreapp2.0\ModelRelief.Test.dll" adapterTypeName="executor://xunit/VsTestRunner2/netcoreapp" className="ModelRelief.Test.Integration.DepthBuffers.DepthBuffersFileIntegrationTests" name="PostFile_FileTimeStampIsUpdatedAfterFileIsPosted" /></UnitTest><UnitTest name="Patch_InvalidIdPropertyReturnsNotFound" storage="d:\github\modelrelief\modelrelief.test\bin\debug\netcoreapp2.0\modelrelief.test.dll" id="ee167769-b1ba-4a7b-8241-ebb42b8838b8"><Execution id="dbbcb48a-d472-41fb-8212-e452c9cd3ecf" /><TestMethod codeBase="d:\Github\ModelRelief\ModelRelief.test\bin\Debug\netcoreapp2.0\ModelRelief.Test.dll" adapterTypeName="executor://xunit/VsTestRunner2/netcoreapp" className="ModelRelief.Test.Integration.Models.ModelsBaseIntegrationTests" name="Patch_InvalidIdPropertyReturnsNotFound" /></UnitTest><UnitTest name="Patch_InvalidPropertyNameReturnsBadRequest" storage="d:\github\modelrelief\modelrelief.test\bin\debug\netcoreapp2.0\modelrelief.test.dll" id="e07ac955-7268-414a-8134-0ace081eb633"><Execution id="2489df39-a8dd-402b-868d-c26d45aac8d7" /><TestMethod codeBase="d:\Github\ModelRelief\ModelRelief.test\bin\Debug\netcoreapp2.0\ModelRelief.Test.dll" adapterTypeName="executor://xunit/VsTestRunner2/netcoreapp" className="ModelRelief.Test.Integration.Cameras.CamerasBaseIntegrationTests" name="Patch_InvalidPropertyNameReturnsBadRequest" /></UnitTest><UnitTest name="Patch_InvalidEnumPropertyValueReturnsBadRequest" storage="d:\github\modelrelief\modelrelief.test\bin\debug\netcoreapp2.0\modelrelief.test.dll" id="9cf6b78c-cfdc-4aa2-b38d-cbdafe52a6c6"><Execution id="aa0614fc-3d53-4f35-b70e-37e9658274cf" /><TestMethod codeBase="d:\Github\ModelRelief\ModelRelief.test\bin\Debug\netcoreapp2.0\ModelRelief.Test.dll" adapterTypeName="executor://xunit/VsTestRunner2/netcoreapp" className="ModelRelief.Test.Integration.DepthBuffers.DepthBuffersBaseIntegrationTests" name="Patch_InvalidEnumPropertyValueReturnsBadRequest" /></UnitTest><UnitTest name="Patch_InvalidPropertyNameReturnsBadRequest" storage="d:\github\modelrelief\modelrelief.test\bin\debug\netcoreapp2.0\modelrelief.test.dll" id="03b96f39-68e7-498c-b076-4215719f90de"><Execution id="79e34902-1dc8-4cf1-8b7c-fa4397d437e1" /><TestMethod codeBase="d:\Github\ModelRelief\ModelRelief.test\bin\Debug\netcoreapp2.0\ModelRelief.Test.dll" adapterTypeName="executor://xunit/VsTestRunner2/netcoreapp" className="ModelRelief.Test.Integration.Meshes.MeshesBaseIntegrationTests" name="Patch_InvalidPropertyNameReturnsBadRequest" /></UnitTest><UnitTest name="Put_CanUpdateModel" storage="d:\github\modelrelief\modelrelief.test\bin\debug\netcoreapp2.0\modelrelief.test.dll" id="52f0e572-e132-49d3-96fb-45334e24ab67"><Execution id="b035fd2b-09a6-4a95-bc54-c1f960be0a06" /><TestMethod codeBase="d:\Github\ModelRelief\ModelRelief.test\bin\Debug\netcoreapp2.0\ModelRelief.Test.dll" adapterTypeName="executor://xunit/VsTestRunner2/netcoreapp" className="ModelRelief.Test.Integration.Cameras.CamerasBaseIntegrationTests" name="Put_CanUpdateModel" /></UnitTest><UnitTest name="Patch_MultipleInvalidReferencePropertiesReturnsMultipleValidationErrorsAndBadRequest" storage="d:\github\modelrelief\modelrelief.test\bin\debug\netcoreapp2.0\modelrelief.test.dll" id="2324d2bf-96f4-4ebe-868c-b38db9c9abe3"><Execution id="cd16a324-3390-4439-9721-7976495a392f" /><TestMethod codeBase="d:\Github\ModelRelief\ModelRelief.test\bin\Debug\netcoreapp2.0\ModelRelief.Test.dll" adapterTypeName="executor://xunit/VsTestRunner2/netcoreapp" className="ModelRelief.Test.Integration.Meshes.MeshesBaseIntegrationTests" name="Patch_MultipleInvalidReferencePropertiesReturnsMultipleValidationErrorsAndBadRequest" /></UnitTest><UnitTest name="GetList_ListReturnsCorrectCount" storage="d:\github\modelrelief\modelrelief.test\bin\debug\netcoreapp2.0\modelrelief.test.dll" id="2806d345-a3e2-4dca-9377-9857bfccd9ae"><Execution id="b04e9cfa-7e53-4782-aa93-57e779b95e6d" /><TestMethod codeBase="d:\Github\ModelRelief\ModelRelief.test\bin\Debug\netcoreapp2.0\ModelRelief.Test.dll" adapterTypeName="executor://xunit/VsTestRunner2/netcoreapp" className="ModelRelief.Test.Integration.Meshes.MeshesBaseIntegrationTests" name="GetList_ListReturnsCorrectCount" /></UnitTest><UnitTest name="PostFile_NewFileCanBePosted" storage="d:\github\modelrelief\modelrelief.test\bin\debug\netcoreapp2.0\modelrelief.test.dll" id="9ea85628-4940-413b-8b92-5daf5a970bd1"><Execution id="19f01725-9d60-4ea8-9285-af7b5e7beeb6" /><TestMethod codeBase="d:\Github\ModelRelief\ModelRelief.test\bin\Debug\netcoreapp2.0\ModelRelief.Test.dll" adapterTypeName="executor://xunit/VsTestRunner2/netcoreapp" className="ModelRelief.Test.Integration.DepthBuffers.DepthBuffersFileIntegrationTests" name="PostFile_NewFileCanBePosted" /></UnitTest><UnitTest name="Delete_TargetModelIsDeleted" storage="d:\github\modelrelief\modelrelief.test\bin\debug\netcoreapp2.0\modelrelief.test.dll" id="9870115b-b7e5-4538-87c8-a53ca394310a"><Execution id="74d6e551-46fc-4849-8d74-7dfb7720a3e6" /><TestMethod codeBase="d:\Github\ModelRelief\ModelRelief.test\bin\Debug\netcoreapp2.0\ModelRelief.Test.dll" adapterTypeName="executor://xunit/VsTestRunner2/netcoreapp" className="ModelRelief.Test.Integration.Meshes.MeshesBaseIntegrationTests" name="Delete_TargetModelIsDeleted" /></UnitTest><UnitTest name="Patch_InvalidEnumPropertyValueReturnsBadRequest" storage="d:\github\modelrelief\modelrelief.test\bin\debug\netcoreapp2.0\modelrelief.test.dll" id="eeb18e68-b0fc-48c9-8341-81e36fc6313f"><Execution id="a3796572-0b59-4430-85bc-49691233fe64" /><TestMethod codeBase="d:\Github\ModelRelief\ModelRelief.test\bin\Debug\netcoreapp2.0\ModelRelief.Test.dll" adapterTypeName="executor://xunit/VsTestRunner2/netcoreapp" className="ModelRelief.Test.Integration.Projects.ProjectsBaseIntegrationTests" name="Patch_InvalidEnumPropertyValueReturnsBadRequest" /></UnitTest><UnitTest name="Put_ValidReferencePropertyUpdatesModel" storage="d:\github\modelrelief\modelrelief.test\bin\debug\netcoreapp2.0\modelrelief.test.dll" id="4137cc75-dff1-4a88-925c-816e457808b0"><Execution id="9b984724-b930-4282-a6b3-8a383be2ec2f" /><TestMethod codeBase="d:\Github\ModelRelief\ModelRelief.test\bin\Debug\netcoreapp2.0\ModelRelief.Test.dll" adapterTypeName="executor://xunit/VsTestRunner2/netcoreapp" className="ModelRelief.Test.Integration.MeshTransforms.MeshTransformsBaseIntegrationTests" name="Put_ValidReferencePropertyUpdatesModel" /></UnitTest><UnitTest name="PutFile_NewFileCanBePut" storage="d:\github\modelrelief\modelrelief.test\bin\debug\netcoreapp2.0\modelrelief.test.dll" id="f9fd134e-4af8-4c45-8e61-5d39f9111756"><Execution id="e85b4ef1-bcee-4fd0-b2c9-46bb8cc75ba3" /><TestMethod codeBase="d:\Github\ModelRelief\ModelRelief.test\bin\Debug\netcoreapp2.0\ModelRelief.Test.dll" adapterTypeName="executor://xunit/VsTestRunner2/netcoreapp" className="ModelRelief.Test.Integration.Models.ModelsFileIntegrationTests" name="PutFile_NewFileCanBePut" /></UnitTest><UnitTest name="GetSingle_ValidIdPropertyValueReturnsCorrectModel" storage="d:\github\modelrelief\modelrelief.test\bin\debug\netcoreapp2.0\modelrelief.test.dll" id="a584f9f8-baf9-4128-8bbf-908d8c419c35"><Execution id="1433aacd-c3fe-4c9e-b27a-7c9937e61b84" /><TestMethod codeBase="d:\Github\ModelRelief\ModelRelief.test\bin\Debug\netcoreapp2.0\ModelRelief.Test.dll" adapterTypeName="executor://xunit/VsTestRunner2/netcoreapp" className="ModelRelief.Test.Integration.MeshTransforms.MeshTransformsBaseIntegrationTests" name="GetSingle_ValidIdPropertyValueReturnsCorrectModel" /></UnitTest><UnitTest name="Put_InvalidIdReturnsNotFound" storage="d:\github\modelrelief\modelrelief.test\bin\debug\netcoreapp2.0\modelrelief.test.dll" id="7eefd17c-3926-4227-8a39-dddee43aed8e"><Execution id="f1b39bf0-c12b-487f-8a2f-f34adaf9ab6f" /><TestMethod codeBase="d:\Github\ModelRelief\ModelRelief.test\bin\Debug\netcoreapp2.0\ModelRelief.Test.dll" adapterTypeName="executor://xunit/VsTestRunner2/netcoreapp" className="ModelRelief.Test.Integration.Projects.ProjectsBaseIntegrationTests" name="Put_InvalidIdReturnsNotFound" /></UnitTest><UnitTest name="Patch_ValidReferencePropertyUpdatesModel" storage="d:\github\modelrelief\modelrelief.test\bin\debug\netcoreapp2.0\modelrelief.test.dll" id="f7e11b70-3a0c-4a30-9f95-77c764070894"><Execution id="fdc4e613-9d7a-422f-925e-636a7d0b8e17" /><TestMethod codeBase="d:\Github\ModelRelief\ModelRelief.test\bin\Debug\netcoreapp2.0\ModelRelief.Test.dll" adapterTypeName="executor://xunit/VsTestRunner2/netcoreapp" className="ModelRelief.Test.Integration.Cameras.CamerasBaseIntegrationTests" name="Patch_ValidReferencePropertyUpdatesModel" /></UnitTest><UnitTest name="FileRequest_MeshGenerateScalesDepthBufferByUnsharpHighFrequencyScale" storage="d:\github\modelrelief\modelrelief.test\bin\debug\netcoreapp2.0\modelrelief.test.dll" id="9a5a5060-ff67-4841-991f-fe9066ba4567"><Execution id="799f9cf3-47d1-4dc9-8fdb-c5cd062b1e03" /><TestMethod codeBase="d:\Github\ModelRelief\ModelRelief.test\bin\Debug\netcoreapp2.0\ModelRelief.Test.dll" adapterTypeName="executor://xunit/VsTestRunner2/netcoreapp" className="ModelRelief.Test.Integration.Meshes.MeshesFileIntegrationTests" name="FileRequest_MeshGenerateScalesDepthBufferByUnsharpHighFrequencyScale" /></UnitTest><UnitTest name="Patch_InvalidEnumPropertyValueReturnsBadRequest" storage="d:\github\modelrelief\modelrelief.test\bin\debug\netcoreapp2.0\modelrelief.test.dll" id="db289094-5441-486a-b410-df51521c6694"><Execution id="50be9624-6df1-444c-a053-f612099d7ad6" /><TestMethod codeBase="d:\Github\ModelRelief\ModelRelief.test\bin\Debug\netcoreapp2.0\ModelRelief.Test.dll" adapterTypeName="executor://xunit/VsTestRunner2/netcoreapp" className="ModelRelief.Test.Integration.Meshes.MeshesBaseIntegrationTests" name="Patch_InvalidEnumPropertyValueReturnsBadRequest" /></UnitTest><UnitTest name="PostFile_FileIsSynchronizedIsUpdatedAfterFileIsPosted" storage="d:\github\modelrelief\modelrelief.test\bin\debug\netcoreapp2.0\modelrelief.test.dll" id="88c9cfd2-f308-4c99-9b03-2e44f10789f6"><Execution id="5cfc764a-29e1-4c4b-b8df-de1174b37408" /><TestMethod codeBase="d:\Github\ModelRelief\ModelRelief.test\bin\Debug\netcoreapp2.0\ModelRelief.Test.dll" adapterTypeName="executor://xunit/VsTestRunner2/netcoreapp" className="ModelRelief.Test.Integration.Models.ModelsFileIntegrationTests" name="PostFile_FileIsSynchronizedIsUpdatedAfterFileIsPosted" /></UnitTest><UnitTest name="GetSingle_InvalidIdPropertyValueReturnsNotFound" storage="d:\github\modelrelief\modelrelief.test\bin\debug\netcoreapp2.0\modelrelief.test.dll" id="4be00a81-7604-4843-8c5b-1362c58dd9ec"><Execution id="5c1c6bf5-d339-4303-8ed6-781f6272d765" /><TestMethod codeBase="d:\Github\ModelRelief\ModelRelief.test\bin\Debug\netcoreapp2.0\ModelRelief.Test.dll" adapterTypeName="executor://xunit/VsTestRunner2/netcoreapp" className="ModelRelief.Test.Integration.Projects.ProjectsBaseIntegrationTests" name="GetSingle_InvalidIdPropertyValueReturnsNotFound" /></UnitTest><UnitTest name="FileRequest_FileCanBeReadAfterRename" storage="d:\github\modelrelief\modelrelief.test\bin\debug\netcoreapp2.0\modelrelief.test.dll" id="e3f68e92-f5c7-4d93-a2a1-7fbc75822533"><Execution id="5c43aff3-b598-430c-a70f-b04dcf21b82c" /><TestMethod codeBase="d:\Github\ModelRelief\ModelRelief.test\bin\Debug\netcoreapp2.0\ModelRelief.Test.dll" adapterTypeName="executor://xunit/VsTestRunner2/netcoreapp" className="ModelRelief.Test.Integration.Models.ModelsFileIntegrationTests" name="FileRequest_FileCanBeReadAfterRename" /></UnitTest><UnitTest name="Patch_TargetPropertyIsUpdated" storage="d:\github\modelrelief\modelrelief.test\bin\debug\netcoreapp2.0\modelrelief.test.dll" id="afd8e2f7-4b4c-48ef-8155-9944d319358a"><Execution id="3eaa0d1b-ccaf-4400-8e6f-e125e83e45ee" /><TestMethod codeBase="d:\Github\ModelRelief\ModelRelief.test\bin\Debug\netcoreapp2.0\ModelRelief.Test.dll" adapterTypeName="executor://xunit/VsTestRunner2/netcoreapp" className="ModelRelief.Test.Integration.Models.ModelsBaseIntegrationTests" name="Patch_TargetPropertyIsUpdated" /></UnitTest><UnitTest name="Post_InvalidReferencePropertyReturnsBadRequest" storage="d:\github\modelrelief\modelrelief.test\bin\debug\netcoreapp2.0\modelrelief.test.dll" id="8e1a9d59-2dca-4507-8e36-30fc97c60353"><Execution id="8d11f372-c39a-4460-ab30-8bbfa2236c5e" /><TestMethod codeBase="d:\Github\ModelRelief\ModelRelief.test\bin\Debug\netcoreapp2.0\ModelRelief.Test.dll" adapterTypeName="executor://xunit/VsTestRunner2/netcoreapp" className="ModelRelief.Test.Integration.Cameras.CamerasBaseIntegrationTests" name="Post_InvalidReferencePropertyReturnsBadRequest" /></UnitTest><UnitTest name="Post_CanCreateNewModel" storage="d:\github\modelrelief\modelrelief.test\bin\debug\netcoreapp2.0\modelrelief.test.dll" id="3a34a342-b26b-4781-b111-c8e377995533"><Execution id="9262c8eb-a6cf-43ef-9287-d680b65b6063" /><TestMethod codeBase="d:\Github\ModelRelief\ModelRelief.test\bin\Debug\netcoreapp2.0\ModelRelief.Test.dll" adapterTypeName="executor://xunit/VsTestRunner2/netcoreapp" className="ModelRelief.Test.Integration.Models.ModelsBaseIntegrationTests" name="Post_CanCreateNewModel" /></UnitTest><UnitTest name="Post_ValidReferencePropertyCreatesModel" storage="d:\github\modelrelief\modelrelief.test\bin\debug\netcoreapp2.0\modelrelief.test.dll" id="3b9353f5-1015-44c1-9659-d1b04ce4a08a"><Execution id="89919a33-08d9-4621-842d-e13dcec1ef4d" /><TestMethod codeBase="d:\Github\ModelRelief\ModelRelief.test\bin\Debug\netcoreapp2.0\ModelRelief.Test.dll" adapterTypeName="executor://xunit/VsTestRunner2/netcoreapp" className="ModelRelief.Test.Integration.MeshTransforms.MeshTransformsBaseIntegrationTests" name="Post_ValidReferencePropertyCreatesModel" /></UnitTest><UnitTest name="Put_CanUpdateModel" storage="d:\github\modelrelief\modelrelief.test\bin\debug\netcoreapp2.0\modelrelief.test.dll" id="81f3d401-3483-45bf-8952-26b3a8949472"><Execution id="5c13ac92-c92e-4b6a-ac34-d05ac120b702" /><TestMethod codeBase="d:\Github\ModelRelief\ModelRelief.test\bin\Debug\netcoreapp2.0\ModelRelief.Test.dll" adapterTypeName="executor://xunit/VsTestRunner2/netcoreapp" className="ModelRelief.Test.Integration.Projects.ProjectsBaseIntegrationTests" name="Put_CanUpdateModel" /></UnitTest><UnitTest name="GetFile_ExistingFileReturnsSuccess" storage="d:\github\modelrelief\modelrelief.test\bin\debug\netcoreapp2.0\modelrelief.test.dll" id="e2dd9ee5-073a-4c22-b45e-6d1e938b5db7"><Execution id="1d7e0f7a-11a0-4fab-af17-ecadc56aeb63" /><TestMethod codeBase="d:\Github\ModelRelief\ModelRelief.test\bin\Debug\netcoreapp2.0\ModelRelief.Test.dll" adapterTypeName="executor://xunit/VsTestRunner2/netcoreapp" className="ModelRelief.Test.Integration.Meshes.MeshesFileIntegrationTests" name="GetFile_ExistingFileReturnsSuccess" /></UnitTest><UnitTest name="Post_ValidReferencePropertyCreatesModel" storage="d:\github\modelrelief\modelrelief.test\bin\debug\netcoreapp2.0\modelrelief.test.dll" id="7cddcd48-c711-4935-bbf5-1070d0389f4c"><Execution id="91636927-e8ab-4780-99c6-3f5284f931b5" /><TestMethod codeBase="d:\Github\ModelRelief\ModelRelief.test\bin\Debug\netcoreapp2.0\ModelRelief.Test.dll" adapterTypeName="executor://xunit/VsTestRunner2/netcoreapp" className="ModelRelief.Test.Integration.DepthBuffers.DepthBuffersBaseIntegrationTests" name="Post_ValidReferencePropertyCreatesModel" /></UnitTest><UnitTest name="Patch_InvalidIdPropertyReturnsNotFound" storage="d:\github\modelrelief\modelrelief.test\bin\debug\netcoreapp2.0\modelrelief.test.dll" id="301786f0-8d05-4301-92bf-0c8514ae107c"><Execution id="eb98255c-a472-4a55-8922-e6f6ec152bb9" /><TestMethod codeBase="d:\Github\ModelRelief\ModelRelief.test\bin\Debug\netcoreapp2.0\ModelRelief.Test.dll" adapterTypeName="executor://xunit/VsTestRunner2/netcoreapp" className="ModelRelief.Test.Integration.DepthBuffers.DepthBuffersBaseIntegrationTests" name="Patch_InvalidIdPropertyReturnsNotFound" /></UnitTest><UnitTest name="Post_InvalidReferencePropertyReturnsBadRequest" storage="d:\github\modelrelief\modelrelief.test\bin\debug\netcoreapp2.0\modelrelief.test.dll" id="5a1a054f-157c-421d-a341-883bef58ca8a"><Execution id="4d0acd9c-c72a-4b5d-9d01-392c1f57d205" /><TestMethod codeBase="d:\Github\ModelRelief\ModelRelief.test\bin\Debug\netcoreapp2.0\ModelRelief.Test.dll" adapterTypeName="executor://xunit/VsTestRunner2/netcoreapp" className="ModelRelief.Test.Integration.Projects.ProjectsBaseIntegrationTests" name="Post_InvalidReferencePropertyReturnsBadRequest" /></UnitTest><UnitTest name="Delete_TargetModelIsDeleted" storage="d:\github\modelrelief\modelrelief.test\bin\debug\netcoreapp2.0\modelrelief.test.dll" id="be9b580a-fb5a-44e8-a130-237f667cfb82"><Execution id="e85bd229-a223-4af0-a38a-5028cea10fc0" /><TestMethod codeBase="d:\Github\ModelRelief\ModelRelief.test\bin\Debug\netcoreapp2.0\ModelRelief.Test.dll" adapterTypeName="executor://xunit/VsTestRunner2/netcoreapp" className="ModelRelief.Test.Integration.Cameras.CamerasBaseIntegrationTests" name="Delete_TargetModelIsDeleted" /></UnitTest><UnitTest name="Patch_MultipleInvalidReferencePropertiesReturnsMultipleValidationErrorsAndBadRequest" storage="d:\github\modelrelief\modelrelief.test\bin\debug\netcoreapp2.0\modelrelief.test.dll" id="b19d379e-b82c-41d1-af8b-e0e20fbb0fb6"><Execution id="6c025f43-6805-4196-bddb-135fe4dd80bb" /><TestMethod codeBase="d:\Github\ModelRelief\ModelRelief.test\bin\Debug\netcoreapp2.0\ModelRelief.Test.dll" adapterTypeName="executor://xunit/VsTestRunner2/netcoreapp" className="ModelRelief.Test.Integration.DepthBuffers.DepthBuffersBaseIntegrationTests" name="Patch_MultipleInvalidReferencePropertiesReturnsMultipleValidationErrorsAndBadRequest" /></UnitTest><UnitTest name="Patch_TargetPropertyIsUpdated" storage="d:\github\modelrelief\modelrelief.test\bin\debug\netcoreapp2.0\modelrelief.test.dll" id="8afa764b-06ab-4b20-8ceb-6efb6345a8b9"><Execution id="99fde78f-21d9-490e-9b9a-40432ba1953e" /><TestMethod codeBase="d:\Github\ModelRelief\ModelRelief.test\bin\Debug\netcoreapp2.0\ModelRelief.Test.dll" adapterTypeName="executor://xunit/VsTestRunner2/netcoreapp" className="ModelRelief.Test.Integration.MeshTransforms.MeshTransformsBaseIntegrationTests" name="Patch_TargetPropertyIsUpdated" /></UnitTest><UnitTest name="Patch_InvalidPropertyNameReturnsBadRequest" storage="d:\github\modelrelief\modelrelief.test\bin\debug\netcoreapp2.0\modelrelief.test.dll" id="7288ec21-0a0b-41da-b35b-ea0e5bf0d24f"><Execution id="c456cb1b-c4a3-4dac-9731-6ff59dab5228" /><TestMethod codeBase="d:\Github\ModelRelief\ModelRelief.test\bin\Debug\netcoreapp2.0\ModelRelief.Test.dll" adapterTypeName="executor://xunit/VsTestRunner2/netcoreapp" className="ModelRelief.Test.Integration.DepthBuffers.DepthBuffersBaseIntegrationTests" name="Patch_InvalidPropertyNameReturnsBadRequest" /></UnitTest><UnitTest name="Post_InvalidReferencePropertyReturnsBadRequest" storage="d:\github\modelrelief\modelrelief.test\bin\debug\netcoreapp2.0\modelrelief.test.dll" id="06e72a72-76f7-4a12-9a90-d8a07b2e29d2"><Execution id="d4546d2a-0bf5-4fb2-81cd-560225772a5f" /><TestMethod codeBase="d:\Github\ModelRelief\ModelRelief.test\bin\Debug\netcoreapp2.0\ModelRelief.Test.dll" adapterTypeName="executor://xunit/VsTestRunner2/netcoreapp" className="ModelRelief.Test.Integration.Meshes.MeshesBaseIntegrationTests" name="Post_InvalidReferencePropertyReturnsBadRequest" /></UnitTest><UnitTest name="GetFile_NonExistentFileReturnsNotFound" storage="d:\github\modelrelief\modelrelief.test\bin\debug\netcoreapp2.0\modelrelief.test.dll" id="77be6a44-db07-46ca-b909-40cada59d41a"><Execution id="b24d839e-da24-4a1f-ba12-f7e64331f54e" /><TestMethod codeBase="d:\Github\ModelRelief\ModelRelief.test\bin\Debug\netcoreapp2.0\ModelRelief.Test.dll" adapterTypeName="executor://xunit/VsTestRunner2/netcoreapp" className="ModelRelief.Test.Integration.DepthBuffers.DepthBuffersFileIntegrationTests" name="GetFile_NonExistentFileReturnsNotFound" /></UnitTest><UnitTest name="GetSingle_ValidIdPropertyValueReturnsCorrectModel" storage="d:\github\modelrelief\modelrelief.test\bin\debug\netcoreapp2.0\modelrelief.test.dll" id="a6ef5d0e-7ff7-45f1-a682-c30c25ef565c"><Execution id="ae8d251a-38dc-476f-adbb-d5cf16c5f3e9" /><TestMethod codeBase="d:\Github\ModelRelief\ModelRelief.test\bin\Debug\netcoreapp2.0\ModelRelief.Test.dll" adapterTypeName="executor://xunit/VsTestRunner2/netcoreapp" className="ModelRelief.Test.Integration.DepthBuffers.DepthBuffersBaseIntegrationTests" name="GetSingle_ValidIdPropertyValueReturnsCorrectModel" /></UnitTest><UnitTest name="PutFile_FileCanBeUpdated" storage="d:\github\modelrelief\modelrelief.test\bin\debug\netcoreapp2.0\modelrelief.test.dll" id="384ba2ff-d710-456e-bec4-bdbd22896ffe"><Execution id="80597e94-f762-4544-964d-857c9e11f03b" /><TestMethod codeBase="d:\Github\ModelRelief\ModelRelief.test\bin\Debug\netcoreapp2.0\ModelRelief.Test.dll" adapterTypeName="executor://xunit/VsTestRunner2/netcoreapp" className="ModelRelief.Test.Integration.Meshes.MeshesFileIntegrationTests" name="PutFile_FileCanBeUpdated" /></UnitTest><UnitTest name="GetFile_ExistingFileReturnsSuccess" storage="d:\github\modelrelief\modelrelief.test\bin\debug\netcoreapp2.0\modelrelief.test.dll" id="ebbf40cc-8c06-484c-9fb7-c94b8baaf4ed"><Execution id="a794f1da-8eb7-4fd8-9254-e6b6583db20d" /><TestMethod codeBase="d:\Github\ModelRelief\ModelRelief.test\bin\Debug\netcoreapp2.0\ModelRelief.Test.dll" adapterTypeName="executor://xunit/VsTestRunner2/netcoreapp" className="ModelRelief.Test.Integration.Models.ModelsFileIntegrationTests" name="GetFile_ExistingFileReturnsSuccess" /></UnitTest><UnitTest name="Put_ValidReferencePropertyUpdatesModel" storage="d:\github\modelrelief\modelrelief.test\bin\debug\netcoreapp2.0\modelrelief.test.dll" id="c3cdae88-1903-42d5-8b77-92cbb36d116a"><Execution id="207b165f-e2e8-46d5-8501-ba974505f7eb" /><TestMethod codeBase="d:\Github\ModelRelief\ModelRelief.test\bin\Debug\netcoreapp2.0\ModelRelief.Test.dll" adapterTypeName="executor://xunit/VsTestRunner2/netcoreapp" className="ModelRelief.Test.Integration.Models.ModelsBaseIntegrationTests" name="Put_ValidReferencePropertyUpdatesModel" /></UnitTest><UnitTest name="GetSingle_InvalidIdPropertyValueReturnsNotFound" storage="d:\github\modelrelief\modelrelief.test\bin\debug\netcoreapp2.0\modelrelief.test.dll" id="94999d49-8832-460f-b944-1cd2fbcb267a"><Execution id="33d06f8c-e8df-4864-91e3-2b0b7331bdd9" /><TestMethod codeBase="d:\Github\ModelRelief\ModelRelief.test\bin\Debug\netcoreapp2.0\ModelRelief.Test.dll" adapterTypeName="executor://xunit/VsTestRunner2/netcoreapp" className="ModelRelief.Test.Integration.Meshes.MeshesBaseIntegrationTests" name="GetSingle_InvalidIdPropertyValueReturnsNotFound" /></UnitTest><UnitTest name="Patch_InvalidIdPropertyReturnsNotFound" storage="d:\github\modelrelief\modelrelief.test\bin\debug\netcoreapp2.0\modelrelief.test.dll" id="3e1d664d-20d6-4493-bbdf-dbf62b328346"><Execution id="9b573bd8-d9a9-454c-83e0-15f98922c4c1" /><TestMethod codeBase="d:\Github\ModelRelief\ModelRelief.test\bin\Debug\netcoreapp2.0\ModelRelief.Test.dll" adapterTypeName="executor://xunit/VsTestRunner2/netcoreapp" className="ModelRelief.Test.Integration.Cameras.CamerasBaseIntegrationTests" name="Patch_InvalidIdPropertyReturnsNotFound" /></UnitTest><UnitTest name="PutFile_NewFileCanBePut" storage="d:\github\modelrelief\modelrelief.test\bin\debug\netcoreapp2.0\modelrelief.test.dll" id="c428cb66-8280-4c35-b616-2b4118683900"><Execution id="6fb0e07b-e115-4c70-926f-6d138774aa8e" /><TestMethod codeBase="d:\Github\ModelRelief\ModelRelief.test\bin\Debug\netcoreapp2.0\ModelRelief.Test.dll" adapterTypeName="executor://xunit/VsTestRunner2/netcoreapp" className="ModelRelief.Test.Integration.DepthBuffers.DepthBuffersFileIntegrationTests" name="PutFile_NewFileCanBePut" /></UnitTest><UnitTest name="Patch_TargetPropertyIsUpdated" storage="d:\github\modelrelief\modelrelief.test\bin\debug\netcoreapp2.0\modelrelief.test.dll" id="64f32e17-5c9f-4152-b38b-19c61e1545c9"><Execution id="f49d102f-81fc-4562-a934-f5b4b44c9827" /><TestMethod codeBase="d:\Github\ModelRelief\ModelRelief.test\bin\Debug\netcoreapp2.0\ModelRelief.Test.dll" adapterTypeName="executor://xunit/VsTestRunner2/netcoreapp" className="ModelRelief.Test.Integration.Cameras.CamerasBaseIntegrationTests" name="Patch_TargetPropertyIsUpdated" /></UnitTest><UnitTest name="Patch_MultipleInvalidReferencePropertiesReturnsMultipleValidationErrorsAndBadRequest" storage="d:\github\modelrelief\modelrelief.test\bin\debug\netcoreapp2.0\modelrelief.test.dll" id="733c2f24-3703-47a7-8f2e-134325c240ac"><Execution id="d109b79a-4cac-4e33-b68a-908a07eca0c6" /><TestMethod codeBase="d:\Github\ModelRelief\ModelRelief.test\bin\Debug\netcoreapp2.0\ModelRelief.Test.dll" adapterTypeName="executor://xunit/VsTestRunner2/netcoreapp" className="ModelRelief.Test.Integration.Cameras.CamerasBaseIntegrationTests" name="Patch_MultipleInvalidReferencePropertiesReturnsMultipleValidationErrorsAndBadRequest" /></UnitTest><UnitTest name="CameraHasExpectedDependentFiles" storage="d:\github\modelrelief\modelrelief.test\bin\debug\netcoreapp2.0\modelrelief.test.dll" id="08497840-1023-4462-97a5-fe425bbc4b90"><Execution id="cab30bea-8e99-442b-b8ec-4a5683832142" /><TestMethod codeBase="d:\Github\ModelRelief\ModelRelief.test\bin\Debug\netcoreapp2.0\ModelRelief.Test.dll" adapterTypeName="executor://xunit/VsTestRunner2/netcoreapp" className="ModelRelief.Test.Unit.DependencyManager.DependencyManagerTests" name="CameraHasExpectedDependentFiles" /></UnitTest><UnitTest name="Patch_InvalidIdPropertyReturnsNotFound" storage="d:\github\modelrelief\modelrelief.test\bin\debug\netcoreapp2.0\modelrelief.test.dll" id="54fddf07-695c-4590-815a-bdb82e09931c"><Execution id="161b434c-8138-46f9-bb28-ecd41cea7e5b" /><TestMethod codeBase="d:\Github\ModelRelief\ModelRelief.test\bin\Debug\netcoreapp2.0\ModelRelief.Test.dll" adapterTypeName="executor://xunit/VsTestRunner2/netcoreapp" className="ModelRelief.Test.Integration.MeshTransforms.MeshTransformsBaseIntegrationTests" name="Patch_InvalidIdPropertyReturnsNotFound" /></UnitTest><UnitTest name="Patch_InvalidPropertyNameReturnsBadRequest" storage="d:\github\modelrelief\modelrelief.test\bin\debug\netcoreapp2.0\modelrelief.test.dll" id="0fd53fd8-cdac-4bae-ba34-1b17de69b30c"><Execution id="faa007aa-2974-4d86-8785-97e8ea6f04af" /><TestMethod codeBase="d:\Github\ModelRelief\ModelRelief.test\bin\Debug\netcoreapp2.0\ModelRelief.Test.dll" adapterTypeName="executor://xunit/VsTestRunner2/netcoreapp" className="ModelRelief.Test.Integration.MeshTransforms.MeshTransformsBaseIntegrationTests" name="Patch_InvalidPropertyNameReturnsBadRequest" /></UnitTest><UnitTest name="Patch_InvalidPropertyNameReturnsBadRequest" storage="d:\github\modelrelief\modelrelief.test\bin\debug\netcoreapp2.0\modelrelief.test.dll" id="62daf6c5-4a56-4612-be0f-5dbc83852c50"><Execution id="4442d1c4-9771-43c2-9f1e-0ae83fbf6f5f" /><TestMethod codeBase="d:\Github\ModelRelief\ModelRelief.test\bin\Debug\netcoreapp2.0\ModelRelief.Test.dll" adapterTypeName="executor://xunit/VsTestRunner2/netcoreapp" className="ModelRelief.Test.Integration.Projects.ProjectsBaseIntegrationTests" name="Patch_InvalidPropertyNameReturnsBadRequest" /></UnitTest><UnitTest name="Patch_InvalidReferencePropertyReturnsBadRequest" storage="d:\github\modelrelief\modelrelief.test\bin\debug\netcoreapp2.0\modelrelief.test.dll" id="bba3f52f-ba3e-4a77-9c8c-5fdda390d9f9"><Execution id="3bac2bc7-c67c-4580-851c-6747833aaebc" /><TestMethod codeBase="d:\Github\ModelRelief\ModelRelief.test\bin\Debug\netcoreapp2.0\ModelRelief.Test.dll" adapterTypeName="executor://xunit/VsTestRunner2/netcoreapp" className="ModelRelief.Test.Integration.Cameras.CamerasBaseIntegrationTests" name="Patch_InvalidReferencePropertyReturnsBadRequest" /></UnitTest><UnitTest name="Patch_InvalidReferencePropertyReturnsBadRequest" storage="d:\github\modelrelief\modelrelief.test\bin\debug\netcoreapp2.0\modelrelief.test.dll" id="ffb5c4fa-eff9-4812-b32d-41f2d159d585"><Execution id="3e567015-9ffa-4f96-957a-ff0d881d22d2" /><TestMethod codeBase="d:\Github\ModelRelief\ModelRelief.test\bin\Debug\netcoreapp2.0\ModelRelief.Test.dll" adapterTypeName="executor://xunit/VsTestRunner2/netcoreapp" className="ModelRelief.Test.Integration.Models.ModelsBaseIntegrationTests" name="Patch_InvalidReferencePropertyReturnsBadRequest" /></UnitTest><UnitTest name="Post_InvalidPropertyValueReturnsBadRequest" storage="d:\github\modelrelief\modelrelief.test\bin\debug\netcoreapp2.0\modelrelief.test.dll" id="3a37c193-be55-4c55-9203-de78dcc028b2"><Execution id="1067c353-7384-4fdd-82ef-bdbc182a022c" /><TestMethod codeBase="d:\Github\ModelRelief\ModelRelief.test\bin\Debug\netcoreapp2.0\ModelRelief.Test.dll" adapterTypeName="executor://xunit/VsTestRunner2/netcoreapp" className="ModelRelief.Test.Integration.Cameras.CamerasBaseIntegrationTests" name="Post_InvalidPropertyValueReturnsBadRequest" /></UnitTest><UnitTest name="PostFile_NewFileCanBePosted" storage="d:\github\modelrelief\modelrelief.test\bin\debug\netcoreapp2.0\modelrelief.test.dll" id="f6051327-eb3a-4f0a-a56e-a29c4c16e05c"><Execution id="c01ce5be-993e-486d-b20c-0f8bbcd4ce0e" /><TestMethod codeBase="d:\Github\ModelRelief\ModelRelief.test\bin\Debug\netcoreapp2.0\ModelRelief.Test.dll" adapterTypeName="executor://xunit/VsTestRunner2/netcoreapp" className="ModelRelief.Test.Integration.Models.ModelsFileIntegrationTests" name="PostFile_NewFileCanBePosted" /></UnitTest><UnitTest name="Post_InvalidPropertyValueReturnsBadRequest" storage="d:\github\modelrelief\modelrelief.test\bin\debug\netcoreapp2.0\modelrelief.test.dll" id="f42a053d-1198-4bc9-bf1b-22e63e0281e0"><Execution id="427f5ee2-10c4-4122-8ad8-f6850a2b61d3" /><TestMethod codeBase="d:\Github\ModelRelief\ModelRelief.test\bin\Debug\netcoreapp2.0\ModelRelief.Test.dll" adapterTypeName="executor://xunit/VsTestRunner2/netcoreapp" className="ModelRelief.Test.Integration.Projects.ProjectsBaseIntegrationTests" name="Post_InvalidPropertyValueReturnsBadRequest" /></UnitTest><UnitTest name="GetFile_ExistingFileReturnsSuccess" storage="d:\github\modelrelief\modelrelief.test\bin\debug\netcoreapp2.0\modelrelief.test.dll" id="11cbdae0-5a1e-4828-8d8b-5a568e324963"><Execution id="4708a371-948a-4956-b0d4-964cbdfc5e9e" /><TestMethod codeBase="d:\Github\ModelRelief\ModelRelief.test\bin\Debug\netcoreapp2.0\ModelRelief.Test.dll" adapterTypeName="executor://xunit/VsTestRunner2/netcoreapp" className="ModelRelief.Test.Integration.DepthBuffers.DepthBuffersFileIntegrationTests" name="GetFile_ExistingFileReturnsSuccess" /></UnitTest><UnitTest name="Put_InvalidIdReturnsNotFound" storage="d:\github\modelrelief\modelrelief.test\bin\debug\netcoreapp2.0\modelrelief.test.dll" id="abbee1aa-c0c2-45e2-bfff-4f85a5c1afc6"><Execution id="67c65a21-1fa2-4e1c-9a64-30abe6ba11bf" /><TestMethod codeBase="d:\Github\ModelRelief\ModelRelief.test\bin\Debug\netcoreapp2.0\ModelRelief.Test.dll" adapterTypeName="executor://xunit/VsTestRunner2/netcoreapp" className="ModelRelief.Test.Integration.Cameras.CamerasBaseIntegrationTests" name="Put_InvalidIdReturnsNotFound" /></UnitTest><UnitTest name="GetSingle_InvalidIdPropertyValueReturnsNotFound" storage="d:\github\modelrelief\modelrelief.test\bin\debug\netcoreapp2.0\modelrelief.test.dll" id="e9c6ed68-a531-4930-8807-4a91915d7a0f"><Execution id="6023e117-74d4-47e9-9f9b-e5c3f2028100" /><TestMethod codeBase="d:\Github\ModelRelief\ModelRelief.test\bin\Debug\netcoreapp2.0\ModelRelief.Test.dll" adapterTypeName="executor://xunit/VsTestRunner2/netcoreapp" className="ModelRelief.Test.Integration.MeshTransforms.MeshTransformsBaseIntegrationTests" name="GetSingle_InvalidIdPropertyValueReturnsNotFound" /></UnitTest><UnitTest name="Post_InvalidReferencePropertyReturnsBadRequest" storage="d:\github\modelrelief\modelrelief.test\bin\debug\netcoreapp2.0\modelrelief.test.dll" id="38c4d744-0d67-40ee-b046-40467aa52744"><Execution id="757926c2-7b09-4d23-a885-6715cb1a0f32" /><TestMethod codeBase="d:\Github\ModelRelief\ModelRelief.test\bin\Debug\netcoreapp2.0\ModelRelief.Test.dll" adapterTypeName="executor://xunit/VsTestRunner2/netcoreapp" className="ModelRelief.Test.Integration.MeshTransforms.MeshTransformsBaseIntegrationTests" name="Post_InvalidReferencePropertyReturnsBadRequest" /></UnitTest><UnitTest name="Put_ValidReferencePropertyUpdatesModel" storage="d:\github\modelrelief\modelrelief.test\bin\debug\netcoreapp2.0\modelrelief.test.dll" id="38e812db-f9c0-4ec5-a898-8ebb89fbf9dd"><Execution id="065401b3-83e5-40fe-ad2a-2122747ccf9d" /><TestMethod codeBase="d:\Github\ModelRelief\ModelRelief.test\bin\Debug\netcoreapp2.0\ModelRelief.Test.dll" adapterTypeName="executor://xunit/VsTestRunner2/netcoreapp" className="ModelRelief.Test.Integration.Meshes.MeshesBaseIntegrationTests" name="Put_ValidReferencePropertyUpdatesModel" /></UnitTest><UnitTest name="GetSingle_ValidIdPropertyValueReturnsCorrectModel" storage="d:\github\modelrelief\modelrelief.test\bin\debug\netcoreapp2.0\modelrelief.test.dll" id="d0ff6db5-988b-48ad-ae76-7945c6318483"><Execution id="e0f82b0b-266e-48d5-b426-717879acae32" /><TestMethod codeBase="d:\Github\ModelRelief\ModelRelief.test\bin\Debug\netcoreapp2.0\ModelRelief.Test.dll" adapterTypeName="executor://xunit/VsTestRunner2/netcoreapp" className="ModelRelief.Test.Integration.Cameras.CamerasBaseIntegrationTests" name="GetSingle_ValidIdPropertyValueReturnsCorrectModel" /></UnitTest><UnitTest name="Put_ValidReferencePropertyUpdatesModel" storage="d:\github\modelrelief\modelrelief.test\bin\debug\netcoreapp2.0\modelrelief.test.dll" id="036e8dac-e0e6-47a6-ae06-de98743acc7c"><Execution id="d987cfef-2fac-4ae8-b3bb-aeec024d7022" /><TestMethod codeBase="d:\Github\ModelRelief\ModelRelief.test\bin\Debug\netcoreapp2.0\ModelRelief.Test.dll" adapterTypeName="executor://xunit/VsTestRunner2/netcoreapp" className="ModelRelief.Test.Integration.DepthBuffers.DepthBuffersBaseIntegrationTests" name="Put_ValidReferencePropertyUpdatesModel" /></UnitTest><UnitTest name="Patch_TargetPropertyIsUpdated" storage="d:\github\modelrelief\modelrelief.test\bin\debug\netcoreapp2.0\modelrelief.test.dll" id="a0a9a0d5-afa0-40bd-989e-6157dc30413f"><Execution id="5129b8ca-5ff3-4aa1-b162-8b4c4b1fd03a" /><TestMethod codeBase="d:\Github\ModelRelief\ModelRelief.test\bin\Debug\netcoreapp2.0\ModelRelief.Test.dll" adapterTypeName="executor://xunit/VsTestRunner2/netcoreapp" className="ModelRelief.Test.Integration.Meshes.MeshesBaseIntegrationTests" name="Patch_TargetPropertyIsUpdated" /></UnitTest><UnitTest name="Put_InvalidReferencePropertyReturndBadRequest" storage="d:\github\modelrelief\modelrelief.test\bin\debug\netcoreapp2.0\modelrelief.test.dll" id="444339df-2ac9-4d1f-92eb-0510427d0adc"><Execution id="ddc0a722-89c2-40d0-be51-01dd587169b8" /><TestMethod codeBase="d:\Github\ModelRelief\ModelRelief.test\bin\Debug\netcoreapp2.0\ModelRelief.Test.dll" adapterTypeName="executor://xunit/VsTestRunner2/netcoreapp" className="ModelRelief.Test.Integration.Cameras.CamerasBaseIntegrationTests" name="Put_InvalidReferencePropertyReturndBadRequest" /></UnitTest><UnitTest name="Post_CanCreateNewModel" storage="d:\github\modelrelief\modelrelief.test\bin\debug\netcoreapp2.0\modelrelief.test.dll" id="163f31d1-2d08-4824-beaf-3c47ca17eeba"><Execution id="788c7a75-9c49-4fbe-b833-647bfbf217bf" /><TestMethod codeBase="d:\Github\ModelRelief\ModelRelief.test\bin\Debug\netcoreapp2.0\ModelRelief.Test.dll" adapterTypeName="executor://xunit/VsTestRunner2/netcoreapp" className="ModelRelief.Test.Integration.Projects.ProjectsBaseIntegrationTests" name="Post_CanCreateNewModel" /></UnitTest><UnitTest name="Put_InvalidIdReturnsNotFound" storage="d:\github\modelrelief\modelrelief.test\bin\debug\netcoreapp2.0\modelrelief.test.dll" id="bf9c6376-dee8-45a5-889a-09b12c50c6a2"><Execution id="61f1b55e-6f0f-463d-a1a1-ee2824bc34b7" /><TestMethod codeBase="d:\Github\ModelRelief\ModelRelief.test\bin\Debug\netcoreapp2.0\ModelRelief.Test.dll" adapterTypeName="executor://xunit/VsTestRunner2/netcoreapp" className="ModelRelief.Test.Integration.Models.ModelsBaseIntegrationTests" name="Put_InvalidIdReturnsNotFound" /></UnitTest><UnitTest name="GetFile_NonExistentFileReturnsNotFound" storage="d:\github\modelrelief\modelrelief.test\bin\debug\netcoreapp2.0\modelrelief.test.dll" id="e7b914f8-fd14-48a3-a07b-385865b7fe08"><Execution id="17d8ab2c-c5c0-4277-81fa-30fef6886dfe" /><TestMethod codeBase="d:\Github\ModelRelief\ModelRelief.test\bin\Debug\netcoreapp2.0\ModelRelief.Test.dll" adapterTypeName="executor://xunit/VsTestRunner2/netcoreapp" className="ModelRelief.Test.Integration.Meshes.MeshesFileIntegrationTests" name="GetFile_NonExistentFileReturnsNotFound" /></UnitTest><UnitTest name="Patch_InvalidReferencePropertyReturnsBadRequest" storage="d:\github\modelrelief\modelrelief.test\bin\debug\netcoreapp2.0\modelrelief.test.dll" id="ab580e5a-fc6c-47d3-94d3-d2965af6d397"><Execution id="549e6d6c-822c-486d-9303-d45ff33c200d" /><TestMethod codeBase="d:\Github\ModelRelief\ModelRelief.test\bin\Debug\netcoreapp2.0\ModelRelief.Test.dll" adapterTypeName="executor://xunit/VsTestRunner2/netcoreapp" className="ModelRelief.Test.Integration.Projects.ProjectsBaseIntegrationTests" name="Patch_InvalidReferencePropertyReturnsBadRequest" /></UnitTest><UnitTest name="GetList_ListReturnsCorrectCount" storage="d:\github\modelrelief\modelrelief.test\bin\debug\netcoreapp2.0\modelrelief.test.dll" id="35d111cb-72a2-4aac-9dce-9f3532b1cdd7"><Execution id="78d0d471-a18c-4aca-8b62-02598c37fe7e" /><TestMethod codeBase="d:\Github\ModelRelief\ModelRelief.test\bin\Debug\netcoreapp2.0\ModelRelief.Test.dll" adapterTypeName="executor://xunit/VsTestRunner2/netcoreapp" className="ModelRelief.Test.Integration.DepthBuffers.DepthBuffersBaseIntegrationTests" name="GetList_ListReturnsCorrectCount" /></UnitTest><UnitTest name="Put_InvalidReferencePropertyReturndBadRequest" storage="d:\github\modelrelief\modelrelief.test\bin\debug\netcoreapp2.0\modelrelief.test.dll" id="2bcdb844-f649-49ba-9339-1b9324e18a03"><Execution id="2433d0a5-f50d-448b-86be-2bc5664f597f" /><TestMethod codeBase="d:\Github\ModelRelief\ModelRelief.test\bin\Debug\netcoreapp2.0\ModelRelief.Test.dll" adapterTypeName="executor://xunit/VsTestRunner2/netcoreapp" className="ModelRelief.Test.Integration.MeshTransforms.MeshTransformsBaseIntegrationTests" name="Put_InvalidReferencePropertyReturndBadRequest" /></UnitTest><UnitTest name="FileRequest_FileCanBeReadAfterRename" storage="d:\github\modelrelief\modelrelief.test\bin\debug\netcoreapp2.0\modelrelief.test.dll" id="53a60926-a8a5-48e0-9a7d-c80fb8429811"><Execution id="6ebffe78-8de5-41e9-9329-bd481e1ac669" /><TestMethod codeBase="d:\Github\ModelRelief\ModelRelief.test\bin\Debug\netcoreapp2.0\ModelRelief.Test.dll" adapterTypeName="executor://xunit/VsTestRunner2/netcoreapp" className="ModelRelief.Test.Integration.DepthBuffers.DepthBuffersFileIntegrationTests" name="FileRequest_FileCanBeReadAfterRename" /></UnitTest><UnitTest name="Put_CanUpdateModel" storage="d:\github\modelrelief\modelrelief.test\bin\debug\netcoreapp2.0\modelrelief.test.dll" id="c6a26ca9-87a7-494f-bdd6-371a53e4773c"><Execution id="149179ac-5654-4754-a4f5-9ad2bc1a9494" /><TestMethod codeBase="d:\Github\ModelRelief\ModelRelief.test\bin\Debug\netcoreapp2.0\ModelRelief.Test.dll" adapterTypeName="executor://xunit/VsTestRunner2/netcoreapp" className="ModelRelief.Test.Integration.Meshes.MeshesBaseIntegrationTests" name="Put_CanUpdateModel" /></UnitTest><UnitTest name="Patch_ValidReferencePropertyUpdatesModel" storage="d:\github\modelrelief\modelrelief.test\bin\debug\netcoreapp2.0\modelrelief.test.dll" id="6f696221-5515-48e4-be52-432b6e1afe54"><Execution id="bcaf04d4-9abc-4f38-8994-5d5f6ab92ec1" /><TestMethod codeBase="d:\Github\ModelRelief\ModelRelief.test\bin\Debug\netcoreapp2.0\ModelRelief.Test.dll" adapterTypeName="executor://xunit/VsTestRunner2/netcoreapp" className="ModelRelief.Test.Integration.Projects.ProjectsBaseIntegrationTests" name="Patch_ValidReferencePropertyUpdatesModel" /></UnitTest><UnitTest name="GetSingle_InvalidIdPropertyValueReturnsNotFound" storage="d:\github\modelrelief\modelrelief.test\bin\debug\netcoreapp2.0\modelrelief.test.dll" id="728a0791-6327-4fb9-b7f6-2b8cf447be85"><Execution id="3af41cdd-f30a-4cc1-85a5-cbce8a16998c" /><TestMethod codeBase="d:\Github\ModelRelief\ModelRelief.test\bin\Debug\netcoreapp2.0\ModelRelief.Test.dll" adapterTypeName="executor://xunit/VsTestRunner2/netcoreapp" className="ModelRelief.Test.Integration.Cameras.CamerasBaseIntegrationTests" name="GetSingle_InvalidIdPropertyValueReturnsNotFound" /></UnitTest><UnitTest name="Post_InvalidReferencePropertyReturnsBadRequest" storage="d:\github\modelrelief\modelrelief.test\bin\debug\netcoreapp2.0\modelrelief.test.dll" id="675fd12b-0c2c-4f8a-8610-f8d8f6901d1b"><Execution id="3db3435d-4ce9-4af4-a39f-549660daa3bd" /><TestMethod codeBase="d:\Github\ModelRelief\ModelRelief.test\bin\Debug\netcoreapp2.0\ModelRelief.Test.dll" adapterTypeName="executor://xunit/VsTestRunner2/netcoreapp" className="ModelRelief.Test.Integration.DepthBuffers.DepthBuffersBaseIntegrationTests" name="Post_InvalidReferencePropertyReturnsBadRequest" /></UnitTest><UnitTest name="Patch_TargetPropertyIsUpdated" storage="d:\github\modelrelief\modelrelief.test\bin\debug\netcoreapp2.0\modelrelief.test.dll" id="240e5efa-a327-468a-9e48-14b908b06b73"><Execution id="3784e077-ff68-45b8-84f8-cf5b53b8a688" /><TestMethod codeBase="d:\Github\ModelRelief\ModelRelief.test\bin\Debug\netcoreapp2.0\ModelRelief.Test.dll" adapterTypeName="executor://xunit/VsTestRunner2/netcoreapp" className="ModelRelief.Test.Integration.Projects.ProjectsBaseIntegrationTests" name="Patch_TargetPropertyIsUpdated" /></UnitTest><UnitTest name="GetList_ListReturnsCorrectCount" storage="d:\github\modelrelief\modelrelief.test\bin\debug\netcoreapp2.0\modelrelief.test.dll" id="3042fee0-47bb-4e26-8b56-d554c089c63e"><Execution id="f6096fcd-0875-465e-bc4c-f27ee41c5e86" /><TestMethod codeBase="d:\Github\ModelRelief\ModelRelief.test\bin\Debug\netcoreapp2.0\ModelRelief.Test.dll" adapterTypeName="executor://xunit/VsTestRunner2/netcoreapp" className="ModelRelief.Test.Integration.Cameras.CamerasBaseIntegrationTests" name="GetList_ListReturnsCorrectCount" /></UnitTest><UnitTest name="MeshTransformHasExpectedDependentFiles" storage="d:\github\modelrelief\modelrelief.test\bin\debug\netcoreapp2.0\modelrelief.test.dll" id="de54925f-8293-4d67-ba40-735cc317418f"><Execution id="a975f19c-3f22-455a-974e-dd5849fe7cf6" /><TestMethod codeBase="d:\Github\ModelRelief\ModelRelief.test\bin\Debug\netcoreapp2.0\ModelRelief.Test.dll" adapterTypeName="executor://xunit/VsTestRunner2/netcoreapp" className="ModelRelief.Test.Unit.DependencyManager.DependencyManagerTests" name="MeshTransformHasExpectedDependentFiles" /></UnitTest><UnitTest name="GetSingle_ValidIdPropertyValueReturnsCorrectModel" storage="d:\github\modelrelief\modelrelief.test\bin\debug\netcoreapp2.0\modelrelief.test.dll" id="20955cf0-796a-4eba-89b4-d1e23b92cc07"><Execution id="22f328f4-7818-41b9-b857-12607288d2d9" /><TestMethod codeBase="d:\Github\ModelRelief\ModelRelief.test\bin\Debug\netcoreapp2.0\ModelRelief.Test.dll" adapterTypeName="executor://xunit/VsTestRunner2/netcoreapp" className="ModelRelief.Test.Integration.Models.ModelsBaseIntegrationTests" name="GetSingle_ValidIdPropertyValueReturnsCorrectModel" /></UnitTest><UnitTest name="Delete_TargetModelIsDeleted" storage="d:\github\modelrelief\modelrelief.test\bin\debug\netcoreapp2.0\modelrelief.test.dll" id="65ac7a1a-0aef-4d76-bada-59da1ed0b80d"><Execution id="f06f5572-0ee6-4d6e-ab6a-56ffbe65cbfd" /><TestMethod codeBase="d:\Github\ModelRelief\ModelRelief.test\bin\Debug\netcoreapp2.0\ModelRelief.Test.dll" adapterTypeName="executor://xunit/VsTestRunner2/netcoreapp" className="ModelRelief.Test.Integration.Models.ModelsBaseIntegrationTests" name="Delete_TargetModelIsDeleted" /></UnitTest><UnitTest name="Patch_InvalidEnumPropertyValueReturnsBadRequest" storage="d:\github\modelrelief\modelrelief.test\bin\debug\netcoreapp2.0\modelrelief.test.dll" id="e21c49d8-31ad-4b3d-b90f-3e1193a1ca72"><Execution id="01e22405-0a0f-4dab-badb-d9e38296cd0a" /><TestMethod codeBase="d:\Github\ModelRelief\ModelRelief.test\bin\Debug\netcoreapp2.0\ModelRelief.Test.dll" adapterTypeName="executor://xunit/VsTestRunner2/netcoreapp" className="ModelRelief.Test.Integration.Models.ModelsBaseIntegrationTests" name="Patch_InvalidEnumPropertyValueReturnsBadRequest" /></UnitTest><UnitTest name="Patch_InvalidPropertyNameReturnsBadRequest" storage="d:\github\modelrelief\modelrelief.test\bin\debug\netcoreapp2.0\modelrelief.test.dll" id="e07290bf-9bc2-49f0-a7a0-c81e6bbae87d"><Execution id="48b51caa-455a-4018-8a4b-d81d62a05859" /><TestMethod codeBase="d:\Github\ModelRelief\ModelRelief.test\bin\Debug\netcoreapp2.0\ModelRelief.Test.dll" adapterTypeName="executor://xunit/VsTestRunner2/netcoreapp" className="ModelRelief.Test.Integration.Models.ModelsBaseIntegrationTests" name="Patch_InvalidPropertyNameReturnsBadRequest" /></UnitTest><UnitTest name="GetSingle_InvalidIdPropertyValueReturnsNotFound" storage="d:\github\modelrelief\modelrelief.test\bin\debug\netcoreapp2.0\modelrelief.test.dll" id="e288d1ec-bc45-4e38-b6ab-76889bdaf429"><Execution id="472437c0-9f9b-4c0a-a66e-9cbc27b1267c" /><TestMethod codeBase="d:\Github\ModelRelief\ModelRelief.test\bin\Debug\netcoreapp2.0\ModelRelief.Test.dll" adapterTypeName="executor://xunit/VsTestRunner2/netcoreapp" className="ModelRelief.Test.Integration.Models.ModelsBaseIntegrationTests" name="GetSingle_InvalidIdPropertyValueReturnsNotFound" /></UnitTest><UnitTest name="Post_CanCreateNewModel" storage="d:\github\modelrelief\modelrelief.test\bin\debug\netcoreapp2.0\modelrelief.test.dll" id="e301f360-3d43-49bf-9413-dfdaabd700b9"><Execution id="c3a304af-54a4-4514-a986-adccfab8718a" /><TestMethod codeBase="d:\Github\ModelRelief\ModelRelief.test\bin\Debug\netcoreapp2.0\ModelRelief.Test.dll" adapterTypeName="executor://xunit/VsTestRunner2/netcoreapp" className="ModelRelief.Test.Integration.Meshes.MeshesBaseIntegrationTests" name="Post_CanCreateNewModel" /></UnitTest><UnitTest name="FileRequest_MeshGenerateSetsFileIsSynchronized" storage="d:\github\modelrelief\modelrelief.test\bin\debug\netcoreapp2.0\modelrelief.test.dll" id="7a56390d-6054-43f5-9319-9b47cefa2ee8"><Execution id="2ae2080d-9843-4a5f-829c-d89e9e8d7074" /><TestMethod codeBase="d:\Github\ModelRelief\ModelRelief.test\bin\Debug\netcoreapp2.0\ModelRelief.Test.dll" adapterTypeName="executor://xunit/VsTestRunner2/netcoreapp" className="ModelRelief.Test.Integration.Meshes.MeshesFileIntegrationTests" name="FileRequest_MeshGenerateSetsFileIsSynchronized" /></UnitTest><UnitTest name="PostFile_FileIsSynchronizedIsUpdatedAfterFileIsPosted" storage="d:\github\modelrelief\modelrelief.test\bin\debug\netcoreapp2.0\modelrelief.test.dll" id="9a5eb03a-a8f2-4788-a4b3-ae43f7276b32"><Execution id="692f551a-3f92-4c96-8251-723434974f74" /><TestMethod codeBase="d:\Github\ModelRelief\ModelRelief.test\bin\Debug\netcoreapp2.0\ModelRelief.Test.dll" adapterTypeName="executor://xunit/VsTestRunner2/netcoreapp" className="ModelRelief.Test.Integration.Meshes.MeshesFileIntegrationTests" name="PostFile_FileIsSynchronizedIsUpdatedAfterFileIsPosted" /></UnitTest><UnitTest name="GetSingle_InvalidIdPropertyValueReturnsNotFound" storage="d:\github\modelrelief\modelrelief.test\bin\debug\netcoreapp2.0\modelrelief.test.dll" id="119259e0-1f06-4551-9ca5-b15c6093a4c7"><Execution id="f5610e36-1a01-495c-9c22-36185156fad5" /><TestMethod codeBase="d:\Github\ModelRelief\ModelRelief.test\bin\Debug\netcoreapp2.0\ModelRelief.Test.dll" adapterTypeName="executor://xunit/VsTestRunner2/netcoreapp" className="ModelRelief.Test.Integration.DepthBuffers.DepthBuffersBaseIntegrationTests" name="GetSingle_InvalidIdPropertyValueReturnsNotFound" /></UnitTest><UnitTest name="Put_InvalidIdReturnsNotFound" storage="d:\github\modelrelief\modelrelief.test\bin\debug\netcoreapp2.0\modelrelief.test.dll" id="13a06669-8c2c-4c2f-abdd-23feb2ddf5c6"><Execution id="451e222b-164c-4027-a563-33ce4576076c" /><TestMethod codeBase="d:\Github\ModelRelief\ModelRelief.test\bin\Debug\netcoreapp2.0\ModelRelief.Test.dll" adapterTypeName="executor://xunit/VsTestRunner2/netcoreapp" className="ModelRelief.Test.Integration.Meshes.MeshesBaseIntegrationTests" name="Put_InvalidIdReturnsNotFound" /></UnitTest><UnitTest name="Put_InvalidReferencePropertyReturndBadRequest" storage="d:\github\modelrelief\modelrelief.test\bin\debug\netcoreapp2.0\modelrelief.test.dll" id="f83bfd54-62f7-4dfe-8750-9766d7696cf7"><Execution id="f97c5866-7148-4b41-8f83-0396b202dcfa" /><TestMethod codeBase="d:\Github\ModelRelief\ModelRelief.test\bin\Debug\netcoreapp2.0\ModelRelief.Test.dll" adapterTypeName="executor://xunit/VsTestRunner2/netcoreapp" className="ModelRelief.Test.Integration.Projects.ProjectsBaseIntegrationTests" name="Put_InvalidReferencePropertyReturndBadRequest" /></UnitTest><UnitTest name="Post_InvalidPropertyValueReturnsBadRequest" storage="d:\github\modelrelief\modelrelief.test\bin\debug\netcoreapp2.0\modelrelief.test.dll" id="e31a883c-0287-4423-9214-65361b319b57"><Execution id="baea5e1d-3cbe-4b47-8ae5-7f0d71ee41a0" /><TestMethod codeBase="d:\Github\ModelRelief\ModelRelief.test\bin\Debug\netcoreapp2.0\ModelRelief.Test.dll" adapterTypeName="executor://xunit/VsTestRunner2/netcoreapp" className="ModelRelief.Test.Integration.MeshTransforms.MeshTransformsBaseIntegrationTests" name="Post_InvalidPropertyValueReturnsBadRequest" /></UnitTest><UnitTest name="PostFile_FileTimeStampIsUpdatedAfterFileIsPosted" storage="d:\github\modelrelief\modelrelief.test\bin\debug\netcoreapp2.0\modelrelief.test.dll" id="1f18276b-d29e-46ac-90e3-1e99e3714623"><Execution id="9e0b2fe6-fa1c-4a31-a3db-54292a84d810" /><TestMethod codeBase="d:\Github\ModelRelief\ModelRelief.test\bin\Debug\netcoreapp2.0\ModelRelief.Test.dll" adapterTypeName="executor://xunit/VsTestRunner2/netcoreapp" className="ModelRelief.Test.Integration.Meshes.MeshesFileIntegrationTests" name="PostFile_FileTimeStampIsUpdatedAfterFileIsPosted" /></UnitTest><UnitTest name="Patch_InvalidReferencePropertyReturnsBadRequest" storage="d:\github\modelrelief\modelrelief.test\bin\debug\netcoreapp2.0\modelrelief.test.dll" id="277f30e6-bc16-4e4f-8806-74680ea21cce"><Execution id="2d26af19-df6f-4b20-8ea1-989052e65dc2" /><TestMethod codeBase="d:\Github\ModelRelief\ModelRelief.test\bin\Debug\netcoreapp2.0\ModelRelief.Test.dll" adapterTypeName="executor://xunit/VsTestRunner2/netcoreapp" className="ModelRelief.Test.Integration.DepthBuffers.DepthBuffersBaseIntegrationTests" name="Patch_InvalidReferencePropertyReturnsBadRequest" /></UnitTest><UnitTest name="FileRequest_MeshIsInvalidatedAfterDepthBufferFileBecomesUnsynchronized" storage="d:\github\modelrelief\modelrelief.test\bin\debug\netcoreapp2.0\modelrelief.test.dll" id="d2217eb7-d0ba-4e80-ab8e-70271a38100b"><Execution id="6bb717c6-8fde-462b-bdd9-5e25f32bae35" /><TestMethod codeBase="d:\Github\ModelRelief\ModelRelief.test\bin\Debug\netcoreapp2.0\ModelRelief.Test.dll" adapterTypeName="executor://xunit/VsTestRunner2/netcoreapp" className="ModelRelief.Test.Integration.Meshes.MeshesFileIntegrationTests" name="FileRequest_MeshIsInvalidatedAfterDepthBufferFileBecomesUnsynchronized" /></UnitTest><UnitTest name="LucyDepthBufferFindsOneDependent" storage="d:\github\modelrelief\modelrelief.test\bin\debug\netcoreapp2.0\modelrelief.test.dll" id="be1ce3bb-0f32-47d5-be8c-fdcc8232a954"><Execution id="8d19d030-b27c-4d99-9cbf-3ed0e26c029c" /><TestMethod codeBase="d:\Github\ModelRelief\ModelRelief.test\bin\Debug\netcoreapp2.0\ModelRelief.Test.dll" adapterTypeName="executor://xunit/VsTestRunner2/netcoreapp" className="ModelRelief.Test.Unit.DependencyManager.DependencyManagerTests" name="LucyDepthBufferFindsOneDependent" /></UnitTest><UnitTest name="Post_ValidReferencePropertyCreatesModel" storage="d:\github\modelrelief\modelrelief.test\bin\debug\netcoreapp2.0\modelrelief.test.dll" id="f4604ab2-1147-41fd-895a-9d29b864f131"><Execution id="4d4d5166-19ff-47da-ae56-1e16d4b4f601" /><TestMethod codeBase="d:\Github\ModelRelief\ModelRelief.test\bin\Debug\netcoreapp2.0\ModelRelief.Test.dll" adapterTypeName="executor://xunit/VsTestRunner2/netcoreapp" className="ModelRelief.Test.Integration.Projects.ProjectsBaseIntegrationTests" name="Post_ValidReferencePropertyCreatesModel" /></UnitTest><UnitTest name="GetFile_NonExistentFileReturnsNotFound" storage="d:\github\modelrelief\modelrelief.test\bin\debug\netcoreapp2.0\modelrelief.test.dll" id="30f9ee47-5b59-471c-bd65-3453d7e8a04e"><Execution id="be947e1c-91fd-4201-bba5-54a5e51e0342" /><TestMethod codeBase="d:\Github\ModelRelief\ModelRelief.test\bin\Debug\netcoreapp2.0\ModelRelief.Test.dll" adapterTypeName="executor://xunit/VsTestRunner2/netcoreapp" className="ModelRelief.Test.Integration.Models.ModelsFileIntegrationTests" name="GetFile_NonExistentFileReturnsNotFound" /></UnitTest><UnitTest name="Put_ValidReferencePropertyUpdatesModel" storage="d:\github\modelrelief\modelrelief.test\bin\debug\netcoreapp2.0\modelrelief.test.dll" id="c29456d5-4b10-467f-ba66-59f98b8cfab8"><Execution id="c21372ad-3dc9-46ae-b122-f4b8ad493000" /><TestMethod codeBase="d:\Github\ModelRelief\ModelRelief.test\bin\Debug\netcoreapp2.0\ModelRelief.Test.dll" adapterTypeName="executor://xunit/VsTestRunner2/netcoreapp" className="ModelRelief.Test.Integration.Cameras.CamerasBaseIntegrationTests" name="Put_ValidReferencePropertyUpdatesModel" /></UnitTest><UnitTest name="Post_InvalidPropertyValueReturnsBadRequest" storage="d:\github\modelrelief\modelrelief.test\bin\debug\netcoreapp2.0\modelrelief.test.dll" id="60888893-ac76-4b88-bc34-cc5422b71504"><Execution id="cad33798-cc2b-45a8-a897-92fdf8bd5b87" /><TestMethod codeBase="d:\Github\ModelRelief\ModelRelief.test\bin\Debug\netcoreapp2.0\ModelRelief.Test.dll" adapterTypeName="executor://xunit/VsTestRunner2/netcoreapp" className="ModelRelief.Test.Integration.Models.ModelsBaseIntegrationTests" name="Post_InvalidPropertyValueReturnsBadRequest" /></UnitTest><UnitTest name="Delete_TargetModelIsDeleted" storage="d:\github\modelrelief\modelrelief.test\bin\debug\netcoreapp2.0\modelrelief.test.dll" id="6b7adb0a-b77d-4bf1-a518-e35515f4ab3a"><Execution id="a4ff5bae-5769-42cd-96f9-da8cc1d8a6a5" /><TestMethod codeBase="d:\Github\ModelRelief\ModelRelief.test\bin\Debug\netcoreapp2.0\ModelRelief.Test.dll" adapterTypeName="executor://xunit/VsTestRunner2/netcoreapp" className="ModelRelief.Test.Integration.Projects.ProjectsBaseIntegrationTests" name="Delete_TargetModelIsDeleted" /></UnitTest></TestDefinitions><TestEntries><TestEntry testId="310f25c6-8e95-4416-a397-8c40a6ed18c0" executionId="9e9a8e72-66a5-4a7c-8372-54d7101733e9" testListId="8c84fa94-04c1-424b-9868-57a2d4851a1d" /><TestEntry testId="de91c181-2e81-4d07-8657-58d40d137d9f" executionId="06afcd21-9c50-451b-8ddf-6e34d9e1fd65" testListId="8c84fa94-04c1-424b-9868-57a2d4851a1d" /><TestEntry testId="20955cf0-796a-4eba-89b4-d1e23b92cc07" executionId="22f328f4-7818-41b9-b857-12607288d2d9" testListId="8c84fa94-04c1-424b-9868-57a2d4851a1d" /><TestEntry testId="963fb988-cda0-45b3-bdfa-20d77086e56d" executionId="96cd86c4-c573-40de-86ab-01b7ea7b35bf" testListId="8c84fa94-04c1-424b-9868-57a2d4851a1d" /><TestEntry testId="c34d396d-7b1d-4986-8fcd-68033a1e9f9e" executionId="e579efd0-77fe-4dc6-bd5c-c96f979540f0" testListId="8c84fa94-04c1-424b-9868-57a2d4851a1d" /><TestEntry testId="444339df-2ac9-4d1f-92eb-0510427d0adc" executionId="ddc0a722-89c2-40d0-be51-01dd587169b8" testListId="8c84fa94-04c1-424b-9868-57a2d4851a1d" /><TestEntry testId="92533729-2124-463a-9acf-bc554aae418a" executionId="218c2a72-8a20-4064-9b15-80de174c7854" testListId="8c84fa94-04c1-424b-9868-57a2d4851a1d" /><TestEntry testId="f42a053d-1198-4bc9-bf1b-22e63e0281e0" executionId="427f5ee2-10c4-4122-8ad8-f6850a2b61d3" testListId="8c84fa94-04c1-424b-9868-57a2d4851a1d" /><TestEntry testId="0d016e80-bb4b-4bab-85f8-93177a0411ef" executionId="db2b1ae9-e81a-4a3b-aa20-661949310810" testListId="8c84fa94-04c1-424b-9868-57a2d4851a1d" /><TestEntry testId="3042fee0-47bb-4e26-8b56-d554c089c63e" executionId="f6096fcd-0875-465e-bc4c-f27ee41c5e86" testListId="8c84fa94-04c1-424b-9868-57a2d4851a1d" /><TestEntry testId="9e01e21b-7156-413b-ba57-de04328c4205" executionId="060308cb-acf9-4ee4-809c-3970f21b507a" testListId="8c84fa94-04c1-424b-9868-57a2d4851a1d" /><TestEntry testId="d1cf2376-111e-4327-bd6b-081806d917e2" executionId="b7edcb84-0f67-4d95-8994-7f29a524d133" testListId="8c84fa94-04c1-424b-9868-57a2d4851a1d" /><TestEntry testId="6b7adb0a-b77d-4bf1-a518-e35515f4ab3a" executionId="a4ff5bae-5769-42cd-96f9-da8cc1d8a6a5" testListId="8c84fa94-04c1-424b-9868-57a2d4851a1d" /><TestEntry testId="38c4d744-0d67-40ee-b046-40467aa52744" executionId="757926c2-7b09-4d23-a885-6715cb1a0f32" testListId="8c84fa94-04c1-424b-9868-57a2d4851a1d" /><TestEntry testId="dfa64091-8e7d-42f1-873d-a97a0c9d0301" executionId="2855c666-23f3-4098-95f2-4c51a7d002b9" testListId="8c84fa94-04c1-424b-9868-57a2d4851a1d" /><TestEntry testId="eeb18e68-b0fc-48c9-8341-81e36fc6313f" executionId="a3796572-0b59-4430-85bc-49691233fe64" testListId="8c84fa94-04c1-424b-9868-57a2d4851a1d" /><TestEntry testId="ee167769-b1ba-4a7b-8241-ebb42b8838b8" executionId="dbbcb48a-d472-41fb-8212-e452c9cd3ecf" testListId="8c84fa94-04c1-424b-9868-57a2d4851a1d" /><TestEntry testId="a8826b80-7755-4601-9263-f956437b488e" executionId="37e5fc00-1835-46c9-8fb0-bc25655f7240" testListId="8c84fa94-04c1-424b-9868-57a2d4851a1d" /><TestEntry testId="08497840-1023-4462-97a5-fe425bbc4b90" executionId="cab30bea-8e99-442b-b8ec-4a5683832142" testListId="8c84fa94-04c1-424b-9868-57a2d4851a1d" /><TestEntry testId="3a37c193-be55-4c55-9203-de78dcc028b2" executionId="1067c353-7384-4fdd-82ef-bdbc182a022c" testListId="8c84fa94-04c1-424b-9868-57a2d4851a1d" /><TestEntry testId="2eb5017c-a9d7-4533-a937-60028364985a" executionId="2ed21fed-4dc3-4e9a-b445-0cec55595154" testListId="8c84fa94-04c1-424b-9868-57a2d4851a1d" /><TestEntry testId="09b427ae-e32b-4bcb-880f-5ba60c424a92" executionId="b687ae29-ab81-43a1-b555-627abc910001" testListId="8c84fa94-04c1-424b-9868-57a2d4851a1d" /><TestEntry testId="b44084bc-7ad6-49d7-b4b1-dcf71c2241e1" executionId="707c9a8a-12b1-44d2-ac27-a17256c74f31" testListId="8c84fa94-04c1-424b-9868-57a2d4851a1d" /><TestEntry testId="5a1a054f-157c-421d-a341-883bef58ca8a" executionId="4d0acd9c-c72a-4b5d-9d01-392c1f57d205" testListId="8c84fa94-04c1-424b-9868-57a2d4851a1d" /><TestEntry testId="74502580-60d6-40f4-9223-32c42f2b01dc" executionId="4ce20e7d-a4c5-407e-862e-5c829f246f87" testListId="8c84fa94-04c1-424b-9868-57a2d4851a1d" /><TestEntry testId="675fd12b-0c2c-4f8a-8610-f8d8f6901d1b" executionId="3db3435d-4ce9-4af4-a39f-549660daa3bd" testListId="8c84fa94-04c1-424b-9868-57a2d4851a1d" /><TestEntry testId="65ac7a1a-0aef-4d76-bada-59da1ed0b80d" executionId="f06f5572-0ee6-4d6e-ab6a-56ffbe65cbfd" testListId="8c84fa94-04c1-424b-9868-57a2d4851a1d" /><TestEntry testId="163f31d1-2d08-4824-beaf-3c47ca17eeba" executionId="788c7a75-9c49-4fbe-b833-647bfbf217bf" testListId="8c84fa94-04c1-424b-9868-57a2d4851a1d" /><TestEntry testId="41c39b9f-9a31-49db-a381-03ee863166af" executionId="c1f33c40-d335-46ab-961a-4fbd27d8673b" testListId="8c84fa94-04c1-424b-9868-57a2d4851a1d" /><TestEntry testId="ebbf40cc-8c06-484c-9fb7-c94b8baaf4ed" executionId="a794f1da-8eb7-4fd8-9254-e6b6583db20d" testListId="8c84fa94-04c1-424b-9868-57a2d4851a1d" /><TestEntry testId="d0ff6db5-988b-48ad-ae76-7945c6318483" executionId="e0f82b0b-266e-48d5-b426-717879acae32" testListId="8c84fa94-04c1-424b-9868-57a2d4851a1d" /><TestEntry testId="52f0e572-e132-49d3-96fb-45334e24ab67" executionId="b035fd2b-09a6-4a95-bc54-c1f960be0a06" testListId="8c84fa94-04c1-424b-9868-57a2d4851a1d" /><TestEntry testId="7cddcd48-c711-4935-bbf5-1070d0389f4c" executionId="91636927-e8ab-4780-99c6-3f5284f931b5" testListId="8c84fa94-04c1-424b-9868-57a2d4851a1d" /><TestEntry testId="70c5c87c-b96d-408a-97b5-8c86ed7a9621" executionId="6ae2d20d-1642-4380-a2f3-2cf267ff8eeb" testListId="8c84fa94-04c1-424b-9868-57a2d4851a1d" /><TestEntry testId="eb65460b-17d2-497b-a599-caa373c4944d" executionId="5c807db6-9dc0-4bd0-8dc5-d21542688836" testListId="8c84fa94-04c1-424b-9868-57a2d4851a1d" /><TestEntry testId="3b9353f5-1015-44c1-9659-d1b04ce4a08a" executionId="89919a33-08d9-4621-842d-e13dcec1ef4d" testListId="8c84fa94-04c1-424b-9868-57a2d4851a1d" /><TestEntry testId="9cf6b78c-cfdc-4aa2-b38d-cbdafe52a6c6" executionId="aa0614fc-3d53-4f35-b70e-37e9658274cf" testListId="8c84fa94-04c1-424b-9868-57a2d4851a1d" /><TestEntry testId="9ea85628-4940-413b-8b92-5daf5a970bd1" executionId="19f01725-9d60-4ea8-9285-af7b5e7beeb6" testListId="8c84fa94-04c1-424b-9868-57a2d4851a1d" /><TestEntry testId="34316397-6b8f-49b3-8e5d-8c6301a03778" executionId="bf39ca47-115c-4d53-83b9-1fec295d4479" testListId="8c84fa94-04c1-424b-9868-57a2d4851a1d" /><TestEntry testId="728a0791-6327-4fb9-b7f6-2b8cf447be85" executionId="3af41cdd-f30a-4cc1-85a5-cbce8a16998c" testListId="8c84fa94-04c1-424b-9868-57a2d4851a1d" /><TestEntry testId="de54925f-8293-4d67-ba40-735cc317418f" executionId="a975f19c-3f22-455a-974e-dd5849fe7cf6" testListId="8c84fa94-04c1-424b-9868-57a2d4851a1d" /><TestEntry testId="38e812db-f9c0-4ec5-a898-8ebb89fbf9dd" executionId="065401b3-83e5-40fe-ad2a-2122747ccf9d" testListId="8c84fa94-04c1-424b-9868-57a2d4851a1d" /><TestEntry testId="be53b59b-b1ed-4d67-ab65-183288164626" executionId="f00a0f07-eda6-4e51-96e3-a9bf79e0b649" testListId="8c84fa94-04c1-424b-9868-57a2d4851a1d" /><TestEntry testId="da3c6d50-cefc-4117-b666-9dc023581ba3" executionId="faa43e92-a763-4b68-8855-abfc430cb760" testListId="8c84fa94-04c1-424b-9868-57a2d4851a1d" /><TestEntry testId="e07290bf-9bc2-49f0-a7a0-c81e6bbae87d" executionId="48b51caa-455a-4018-8a4b-d81d62a05859" testListId="8c84fa94-04c1-424b-9868-57a2d4851a1d" /><TestEntry testId="12f4d408-662d-4b1d-b094-4d9e0bf697be" executionId="9ff123d0-0bb4-4dee-9af1-44d08d852794" testListId="8c84fa94-04c1-424b-9868-57a2d4851a1d" /><TestEntry testId="e2dd9ee5-073a-4c22-b45e-6d1e938b5db7" executionId="1d7e0f7a-11a0-4fab-af17-ecadc56aeb63" testListId="8c84fa94-04c1-424b-9868-57a2d4851a1d" /><TestEntry testId="c6a26ca9-87a7-494f-bdd6-371a53e4773c" executionId="149179ac-5654-4754-a4f5-9ad2bc1a9494" testListId="8c84fa94-04c1-424b-9868-57a2d4851a1d" /><TestEntry testId="c29456d5-4b10-467f-ba66-59f98b8cfab8" executionId="c21372ad-3dc9-46ae-b122-f4b8ad493000" testListId="8c84fa94-04c1-424b-9868-57a2d4851a1d" /><TestEntry testId="abbee1aa-c0c2-45e2-bfff-4f85a5c1afc6" executionId="67c65a21-1fa2-4e1c-9a64-30abe6ba11bf" testListId="8c84fa94-04c1-424b-9868-57a2d4851a1d" /><TestEntry testId="88aa360c-95d3-466c-a2f3-5d07dccf7e56" executionId="1426860f-95ba-47bb-8054-b66f14c3838d" testListId="8c84fa94-04c1-424b-9868-57a2d4851a1d" /><TestEntry testId="62daf6c5-4a56-4612-be0f-5dbc83852c50" executionId="4442d1c4-9771-43c2-9f1e-0ae83fbf6f5f" testListId="8c84fa94-04c1-424b-9868-57a2d4851a1d" /><TestEntry testId="119259e0-1f06-4551-9ca5-b15c6093a4c7" executionId="f5610e36-1a01-495c-9c22-36185156fad5" testListId="8c84fa94-04c1-424b-9868-57a2d4851a1d" /><TestEntry testId="277f30e6-bc16-4e4f-8806-74680ea21cce" executionId="2d26af19-df6f-4b20-8ea1-989052e65dc2" testListId="8c84fa94-04c1-424b-9868-57a2d4851a1d" /><TestEntry testId="c3cdae88-1903-42d5-8b77-92cbb36d116a" executionId="207b165f-e2e8-46d5-8501-ba974505f7eb" testListId="8c84fa94-04c1-424b-9868-57a2d4851a1d" /><TestEntry testId="db289094-5441-486a-b410-df51521c6694" executionId="50be9624-6df1-444c-a053-f612099d7ad6" testListId="8c84fa94-04c1-424b-9868-57a2d4851a1d" /><TestEntry testId="7eefd17c-3926-4227-8a39-dddee43aed8e" executionId="f1b39bf0-c12b-487f-8a2f-f34adaf9ab6f" testListId="8c84fa94-04c1-424b-9868-57a2d4851a1d" /><TestEntry testId="c9861ea2-1fd3-42a1-aba5-580f549da747" executionId="5d9f30eb-3ade-4d17-b79d-8ad24ea94002" testListId="8c84fa94-04c1-424b-9868-57a2d4851a1d" /><TestEntry testId="d599e5b6-80bb-4dbf-bb8c-93063063a3b0" executionId="32642333-f570-48e2-9e25-06a0c25d9683" testListId="8c84fa94-04c1-424b-9868-57a2d4851a1d" /><TestEntry testId="e2cc46cc-470a-4431-aae6-33b127800b1d" executionId="130d86b3-f573-4e09-9a3a-0afbf474f58c" testListId="8c84fa94-04c1-424b-9868-57a2d4851a1d" /><TestEntry testId="e9c6ed68-a531-4930-8807-4a91915d7a0f" executionId="6023e117-74d4-47e9-9f9b-e5c3f2028100" testListId="8c84fa94-04c1-424b-9868-57a2d4851a1d" /><TestEntry testId="f83bfd54-62f7-4dfe-8750-9766d7696cf7" executionId="f97c5866-7148-4b41-8f83-0396b202dcfa" testListId="8c84fa94-04c1-424b-9868-57a2d4851a1d" /><TestEntry testId="f8694eb6-6a60-48c5-891e-512424edd3f4" executionId="0131b3eb-7bbe-402b-880c-a0c8277e05af" testListId="8c84fa94-04c1-424b-9868-57a2d4851a1d" /><TestEntry testId="3e1d664d-20d6-4493-bbdf-dbf62b328346" executionId="9b573bd8-d9a9-454c-83e0-15f98922c4c1" testListId="8c84fa94-04c1-424b-9868-57a2d4851a1d" /><TestEntry testId="0fd53fd8-cdac-4bae-ba34-1b17de69b30c" executionId="faa007aa-2974-4d86-8785-97e8ea6f04af" testListId="8c84fa94-04c1-424b-9868-57a2d4851a1d" /><TestEntry testId="33d710ce-9eb2-435e-bd14-5a0246662338" executionId="af55b2f3-d239-435a-b682-a4fec9dd368a" testListId="8c84fa94-04c1-424b-9868-57a2d4851a1d" /><TestEntry testId="4be00a81-7604-4843-8c5b-1362c58dd9ec" executionId="5c1c6bf5-d339-4303-8ed6-781f6272d765" testListId="8c84fa94-04c1-424b-9868-57a2d4851a1d" /><TestEntry testId="bf9c6376-dee8-45a5-889a-09b12c50c6a2" executionId="61f1b55e-6f0f-463d-a1a1-ee2824bc34b7" testListId="8c84fa94-04c1-424b-9868-57a2d4851a1d" /><TestEntry testId="384ba2ff-d710-456e-bec4-bdbd22896ffe" executionId="80597e94-f762-4544-964d-857c9e11f03b" testListId="8c84fa94-04c1-424b-9868-57a2d4851a1d" /><TestEntry testId="8811f5e8-95c1-460b-9132-78a6cd7dcfb6" executionId="75b9b473-904f-4c46-9e56-23837d60b9df" testListId="8c84fa94-04c1-424b-9868-57a2d4851a1d" /><TestEntry testId="30f9ee47-5b59-471c-bd65-3453d7e8a04e" executionId="be947e1c-91fd-4201-bba5-54a5e51e0342" testListId="8c84fa94-04c1-424b-9868-57a2d4851a1d" /><TestEntry testId="1f18276b-d29e-46ac-90e3-1e99e3714623" executionId="9e0b2fe6-fa1c-4a31-a3db-54292a84d810" testListId="8c84fa94-04c1-424b-9868-57a2d4851a1d" /><TestEntry testId="11cbdae0-5a1e-4828-8d8b-5a568e324963" executionId="4708a371-948a-4956-b0d4-964cbdfc5e9e" testListId="8c84fa94-04c1-424b-9868-57a2d4851a1d" /><TestEntry testId="b4a5397c-4960-47f6-914b-56d2d1246982" executionId="c8aa669d-9dfc-4286-8e06-10ba32049ed4" testListId="8c84fa94-04c1-424b-9868-57a2d4851a1d" /><TestEntry testId="e3f68e92-f5c7-4d93-a2a1-7fbc75822533" executionId="5c43aff3-b598-430c-a70f-b04dcf21b82c" testListId="8c84fa94-04c1-424b-9868-57a2d4851a1d" /><TestEntry testId="f9fd134e-4af8-4c45-8e61-5d39f9111756" executionId="e85b4ef1-bcee-4fd0-b2c9-46bb8cc75ba3" testListId="8c84fa94-04c1-424b-9868-57a2d4851a1d" /><TestEntry testId="e31a883c-0287-4423-9214-65361b319b57" executionId="baea5e1d-3cbe-4b47-8ae5-7f0d71ee41a0" testListId="8c84fa94-04c1-424b-9868-57a2d4851a1d" /><TestEntry testId="089e6bea-3af2-42ef-9eea-5ec29eece698" executionId="3d83e869-35b6-4384-8edb-0661c621129c" testListId="8c84fa94-04c1-424b-9868-57a2d4851a1d" /><TestEntry testId="733c2f24-3703-47a7-8f2e-134325c240ac" executionId="d109b79a-4cac-4e33-b68a-908a07eca0c6" testListId="8c84fa94-04c1-424b-9868-57a2d4851a1d" /><TestEntry testId="240e5efa-a327-468a-9e48-14b908b06b73" executionId="3784e077-ff68-45b8-84f8-cf5b53b8a688" testListId="8c84fa94-04c1-424b-9868-57a2d4851a1d" /><TestEntry testId="35d111cb-72a2-4aac-9dce-9f3532b1cdd7" executionId="78d0d471-a18c-4aca-8b62-02598c37fe7e" testListId="8c84fa94-04c1-424b-9868-57a2d4851a1d" /><TestEntry testId="10a8bf66-9e52-41dc-8363-7788293a44b5" executionId="2c782a5b-261a-4e3a-8a74-122f32f8e20e" testListId="8c84fa94-04c1-424b-9868-57a2d4851a1d" /><TestEntry testId="f4604ab2-1147-41fd-895a-9d29b864f131" executionId="4d4d5166-19ff-47da-ae56-1e16d4b4f601" testListId="8c84fa94-04c1-424b-9868-57a2d4851a1d" /><TestEntry testId="94999d49-8832-460f-b944-1cd2fbcb267a" executionId="33d06f8c-e8df-4864-91e3-2b0b7331bdd9" testListId="8c84fa94-04c1-424b-9868-57a2d4851a1d" /><TestEntry testId="b9c18dbc-9c5e-4e7e-9fe6-a7548f53cd3f" executionId="2f82e2ff-f02b-43c9-8c21-8f7c538591ac" testListId="8c84fa94-04c1-424b-9868-57a2d4851a1d" /><TestEntry testId="9a5eb03a-a8f2-4788-a4b3-ae43f7276b32" executionId="692f551a-3f92-4c96-8251-723434974f74" testListId="8c84fa94-04c1-424b-9868-57a2d4851a1d" /><TestEntry testId="e301f360-3d43-49bf-9413-dfdaabd700b9" executionId="c3a304af-54a4-4514-a986-adccfab8718a" testListId="8c84fa94-04c1-424b-9868-57a2d4851a1d" /><TestEntry testId="7a56390d-6054-43f5-9319-9b47cefa2ee8" executionId="2ae2080d-9843-4a5f-829c-d89e9e8d7074" testListId="8c84fa94-04c1-424b-9868-57a2d4851a1d" /><TestEntry testId="06e72a72-76f7-4a12-9a90-d8a07b2e29d2" executionId="d4546d2a-0bf5-4fb2-81cd-560225772a5f" testListId="8c84fa94-04c1-424b-9868-57a2d4851a1d" /><TestEntry testId="2324d2bf-96f4-4ebe-868c-b38db9c9abe3" executionId="cd16a324-3390-4439-9721-7976495a392f" testListId="8c84fa94-04c1-424b-9868-57a2d4851a1d" /><TestEntry testId="8e1a9d59-2dca-4507-8e36-30fc97c60353" executionId="8d11f372-c39a-4460-ab30-8bbfa2236c5e" testListId="8c84fa94-04c1-424b-9868-57a2d4851a1d" /><TestEntry testId="f6051327-eb3a-4f0a-a56e-a29c4c16e05c" executionId="c01ce5be-993e-486d-b20c-0f8bbcd4ce0e" testListId="8c84fa94-04c1-424b-9868-57a2d4851a1d" /><TestEntry testId="8afa764b-06ab-4b20-8ceb-6efb6345a8b9" executionId="99fde78f-21d9-490e-9b9a-40432ba1953e" testListId="8c84fa94-04c1-424b-9868-57a2d4851a1d" /><TestEntry testId="051e1fba-c140-4bec-b788-40fdcda2a166" executionId="fecd96cf-4e95-49a2-9877-0bbd0551cd08" testListId="8c84fa94-04c1-424b-9868-57a2d4851a1d" /><TestEntry testId="1c829ddf-eda6-45e3-aa70-f74d26e6eb13" executionId="4f37d87b-22d8-40ea-b69c-599c249637b2" testListId="8c84fa94-04c1-424b-9868-57a2d4851a1d" /><TestEntry testId="60888893-ac76-4b88-bc34-cc5422b71504" executionId="cad33798-cc2b-45a8-a897-92fdf8bd5b87" testListId="8c84fa94-04c1-424b-9868-57a2d4851a1d" /><TestEntry testId="0dddc9ff-a570-41ec-88fe-24c8b696168b" executionId="0298df0d-0ecc-4eb7-a711-5288147c165d" testListId="8c84fa94-04c1-424b-9868-57a2d4851a1d" /><TestEntry testId="8d7a7146-af9e-45f2-9a5e-825c54794088" executionId="b9f6fec3-7f57-4c99-9ee8-563bdd7b5385" testListId="8c84fa94-04c1-424b-9868-57a2d4851a1d" /><TestEntry testId="9a0bbd3c-f02e-43ab-8de1-163e232f0a18" executionId="ad8cabd5-4dc0-4edc-afe9-d4f488fb4b4e" testListId="8c84fa94-04c1-424b-9868-57a2d4851a1d" /><TestEntry testId="2233205b-5868-4900-9c70-f5e63d5ace91" executionId="ac3bc143-42a0-440d-8411-f7da7e182877" testListId="8c84fa94-04c1-424b-9868-57a2d4851a1d" /><TestEntry testId="52ec9a3a-b116-4afe-8c1e-641b62efe5c2" executionId="77cf0050-3d6c-4c8d-9eb4-758701c25ce5" testListId="8c84fa94-04c1-424b-9868-57a2d4851a1d" /><TestEntry testId="77be6a44-db07-46ca-b909-40cada59d41a" executionId="b24d839e-da24-4a1f-ba12-f7e64331f54e" testListId="8c84fa94-04c1-424b-9868-57a2d4851a1d" /><TestEntry testId="6f696221-5515-48e4-be52-432b6e1afe54" executionId="bcaf04d4-9abc-4f38-8994-5d5f6ab92ec1" testListId="8c84fa94-04c1-424b-9868-57a2d4851a1d" /><TestEntry testId="ab580e5a-fc6c-47d3-94d3-d2965af6d397" executionId="549e6d6c-822c-486d-9303-d45ff33c200d" testListId="8c84fa94-04c1-424b-9868-57a2d4851a1d" /><TestEntry testId="bba3f52f-ba3e-4a77-9c8c-5fdda390d9f9" executionId="3bac2bc7-c67c-4580-851c-6747833aaebc" testListId="8c84fa94-04c1-424b-9868-57a2d4851a1d" /><TestEntry testId="e21c49d8-31ad-4b3d-b90f-3e1193a1ca72" executionId="01e22405-0a0f-4dab-badb-d9e38296cd0a" testListId="8c84fa94-04c1-424b-9868-57a2d4851a1d" /><TestEntry testId="036e8dac-e0e6-47a6-ae06-de98743acc7c" executionId="d987cfef-2fac-4ae8-b3bb-aeec024d7022" testListId="8c84fa94-04c1-424b-9868-57a2d4851a1d" /><TestEntry testId="43151966-d995-4aad-abc4-593f1d84bf8b" executionId="b60bb00f-c3f6-42c8-bfd9-33fe1df7cff0" testListId="8c84fa94-04c1-424b-9868-57a2d4851a1d" /><TestEntry testId="81f3d401-3483-45bf-8952-26b3a8949472" executionId="5c13ac92-c92e-4b6a-ac34-d05ac120b702" testListId="8c84fa94-04c1-424b-9868-57a2d4851a1d" /><TestEntry testId="7ddf2d0e-5327-4e0e-8fe3-f1bc5c1a60ac" executionId="e83126bc-f816-489e-a4dc-b0c0b553fb50" testListId="8c84fa94-04c1-424b-9868-57a2d4851a1d" /><TestEntry testId="22e82202-b405-4c5a-84e6-b8b6a0c30142" executionId="a392afbb-a206-4fda-bbc1-39ca726e1ba3" testListId="8c84fa94-04c1-424b-9868-57a2d4851a1d" /><TestEntry testId="03b96f39-68e7-498c-b076-4215719f90de" executionId="79e34902-1dc8-4cf1-8b7c-fa4397d437e1" testListId="8c84fa94-04c1-424b-9868-57a2d4851a1d" /><TestEntry testId="a0a9a0d5-afa0-40bd-989e-6157dc30413f" executionId="5129b8ca-5ff3-4aa1-b162-8b4c4b1fd03a" testListId="8c84fa94-04c1-424b-9868-57a2d4851a1d" /><TestEntry testId="5f589e25-4433-414a-abfe-da1dfabfd38c" executionId="c428d549-d40c-49bc-a3e5-4e8d5725ae90" testListId="8c84fa94-04c1-424b-9868-57a2d4851a1d" /><TestEntry testId="c428cb66-8280-4c35-b616-2b4118683900" executionId="6fb0e07b-e115-4c70-926f-6d138774aa8e" testListId="8c84fa94-04c1-424b-9868-57a2d4851a1d" /><TestEntry testId="2806d345-a3e2-4dca-9377-9857bfccd9ae" executionId="b04e9cfa-7e53-4782-aa93-57e779b95e6d" testListId="8c84fa94-04c1-424b-9868-57a2d4851a1d" /><TestEntry testId="a6ef5d0e-7ff7-45f1-a682-c30c25ef565c" executionId="ae8d251a-38dc-476f-adbb-d5cf16c5f3e9" testListId="8c84fa94-04c1-424b-9868-57a2d4851a1d" /><TestEntry testId="fbdd4c45-da47-4b73-9da3-f82ea6e4e195" executionId="0f65105b-931e-4292-8fa9-eb50085dfc29" testListId="8c84fa94-04c1-424b-9868-57a2d4851a1d" /><TestEntry testId="7288ec21-0a0b-41da-b35b-ea0e5bf0d24f" executionId="c456cb1b-c4a3-4dac-9731-6ff59dab5228" testListId="8c84fa94-04c1-424b-9868-57a2d4851a1d" /><TestEntry testId="9870115b-b7e5-4538-87c8-a53ca394310a" executionId="74d6e551-46fc-4849-8d74-7dfb7720a3e6" testListId="8c84fa94-04c1-424b-9868-57a2d4851a1d" /><TestEntry testId="3a34a342-b26b-4781-b111-c8e377995533" executionId="9262c8eb-a6cf-43ef-9287-d680b65b6063" testListId="8c84fa94-04c1-424b-9868-57a2d4851a1d" /><TestEntry testId="88c9cfd2-f308-4c99-9b03-2e44f10789f6" executionId="5cfc764a-29e1-4c4b-b8df-de1174b37408" testListId="8c84fa94-04c1-424b-9868-57a2d4851a1d" /><TestEntry testId="53a60926-a8a5-48e0-9a7d-c80fb8429811" executionId="6ebffe78-8de5-41e9-9329-bd481e1ac669" testListId="8c84fa94-04c1-424b-9868-57a2d4851a1d" /><TestEntry testId="a584f9f8-baf9-4128-8bbf-908d8c419c35" executionId="1433aacd-c3fe-4c9e-b27a-7c9937e61b84" testListId="8c84fa94-04c1-424b-9868-57a2d4851a1d" /><TestEntry testId="13a06669-8c2c-4c2f-abdd-23feb2ddf5c6" executionId="451e222b-164c-4027-a563-33ce4576076c" testListId="8c84fa94-04c1-424b-9868-57a2d4851a1d" /><TestEntry testId="64f32e17-5c9f-4152-b38b-19c61e1545c9" executionId="f49d102f-81fc-4562-a934-f5b4b44c9827" testListId="8c84fa94-04c1-424b-9868-57a2d4851a1d" /><TestEntry testId="d2217eb7-d0ba-4e80-ab8e-70271a38100b" executionId="6bb717c6-8fde-462b-bdd9-5e25f32bae35" testListId="8c84fa94-04c1-424b-9868-57a2d4851a1d" /><TestEntry testId="8cefd4e2-8501-4051-a4a6-b1b34d9d80d1" executionId="9e0a970c-4d89-4a51-ba7d-43d5346954c8" testListId="8c84fa94-04c1-424b-9868-57a2d4851a1d" /><TestEntry testId="2bcdb844-f649-49ba-9339-1b9324e18a03" executionId="2433d0a5-f50d-448b-86be-2bc5664f597f" testListId="8c84fa94-04c1-424b-9868-57a2d4851a1d" /><TestEntry testId="ffb5c4fa-eff9-4812-b32d-41f2d159d585" executionId="3e567015-9ffa-4f96-957a-ff0d881d22d2" testListId="8c84fa94-04c1-424b-9868-57a2d4851a1d" /><TestEntry testId="e07ac955-7268-414a-8134-0ace081eb633" executionId="2489df39-a8dd-402b-868d-c26d45aac8d7" testListId="8c84fa94-04c1-424b-9868-57a2d4851a1d" /><TestEntry testId="301786f0-8d05-4301-92bf-0c8514ae107c" executionId="eb98255c-a472-4a55-8922-e6f6ec152bb9" testListId="8c84fa94-04c1-424b-9868-57a2d4851a1d" /><TestEntry testId="4137cc75-dff1-4a88-925c-816e457808b0" executionId="9b984724-b930-4282-a6b3-8a383be2ec2f" testListId="8c84fa94-04c1-424b-9868-57a2d4851a1d" /><TestEntry testId="6909c6a6-2809-4a9c-ac1b-8b224f192a1a" executionId="bc8b08bf-970d-40de-beb3-0110b2067b64" testListId="8c84fa94-04c1-424b-9868-57a2d4851a1d" /><TestEntry testId="be1ce3bb-0f32-47d5-be8c-fdcc8232a954" executionId="8d19d030-b27c-4d99-9cbf-3ed0e26c029c" testListId="8c84fa94-04c1-424b-9868-57a2d4851a1d" /><TestEntry testId="8d6d02a4-b778-4cc3-8461-6464bfdff07d" executionId="1c479c3e-2ba8-463c-afd7-ff8ae2e04006" testListId="8c84fa94-04c1-424b-9868-57a2d4851a1d" /><TestEntry testId="be9b580a-fb5a-44e8-a130-237f667cfb82" executionId="e85bd229-a223-4af0-a38a-5028cea10fc0" testListId="8c84fa94-04c1-424b-9868-57a2d4851a1d" /><TestEntry testId="a9ce5840-e669-4598-886b-e85569c818b5" executionId="7a014941-fca0-4dc8-b60c-0fd574e4d5e3" testListId="8c84fa94-04c1-424b-9868-57a2d4851a1d" /><TestEntry testId="e7b914f8-fd14-48a3-a07b-385865b7fe08" executionId="17d8ab2c-c5c0-4277-81fa-30fef6886dfe" testListId="8c84fa94-04c1-424b-9868-57a2d4851a1d" /><TestEntry testId="e288d1ec-bc45-4e38-b6ab-76889bdaf429" executionId="472437c0-9f9b-4c0a-a66e-9cbc27b1267c" testListId="8c84fa94-04c1-424b-9868-57a2d4851a1d" /><TestEntry testId="afd8e2f7-4b4c-48ef-8155-9944d319358a" executionId="3eaa0d1b-ccaf-4400-8e6f-e125e83e45ee" testListId="8c84fa94-04c1-424b-9868-57a2d4851a1d" /><TestEntry testId="391d66a7-3639-41a2-9607-72a1238b6506" executionId="1733cebc-e581-4843-a251-fdb3c2f72851" testListId="8c84fa94-04c1-424b-9868-57a2d4851a1d" /><TestEntry testId="287c51af-3186-4dd8-885a-37399a88748a" executionId="02fc7fdf-9a74-4535-8cce-8b8518a396b2" testListId="8c84fa94-04c1-424b-9868-57a2d4851a1d" /><TestEntry testId="b19d379e-b82c-41d1-af8b-e0e20fbb0fb6" executionId="6c025f43-6805-4196-bddb-135fe4dd80bb" testListId="8c84fa94-04c1-424b-9868-57a2d4851a1d" /><TestEntry testId="54fddf07-695c-4590-815a-bdb82e09931c" executionId="161b434c-8138-46f9-bb28-ecd41cea7e5b" testListId="8c84fa94-04c1-424b-9868-57a2d4851a1d" /><TestEntry testId="abb7035d-a6dd-4a9e-ae32-8b9ea1504df9" executionId="718bd937-de35-4409-b024-ef6d23f7a46c" testListId="8c84fa94-04c1-424b-9868-57a2d4851a1d" /><TestEntry testId="f7e11b70-3a0c-4a30-9f95-77c764070894" executionId="fdc4e613-9d7a-422f-925e-636a7d0b8e17" testListId="8c84fa94-04c1-424b-9868-57a2d4851a1d" /><TestEntry testId="61197a3e-085a-4960-9ccf-9c787630699d" executionId="f48a92a1-0e96-463f-9d57-4bab527f28a5" testListId="8c84fa94-04c1-424b-9868-57a2d4851a1d" /><TestEntry testId="3d60e142-7982-41ff-9e1b-c8cde2feec80" executionId="73876a15-229c-4616-abc1-205f377c041f" testListId="8c84fa94-04c1-424b-9868-57a2d4851a1d" /><TestEntry testId="41a0ed76-bbbd-4fd2-b648-d7f9212db643" executionId="76f31edd-d532-4853-a243-d76e2e4d9b55" testListId="8c84fa94-04c1-424b-9868-57a2d4851a1d" /><TestEntry testId="9a5a5060-ff67-4841-991f-fe9066ba4567" executionId="799f9cf3-47d1-4dc9-8fdb-c5cd062b1e03" testListId="8c84fa94-04c1-424b-9868-57a2d4851a1d" /><TestEntry testId="46d39ce9-e87e-47e7-add1-ed2fa8c7a600" executionId="99f0196e-7ab8-430d-b546-af93d8c452c4" testListId="8c84fa94-04c1-424b-9868-57a2d4851a1d" /></TestEntries><TestLists><TestList name="Results Not in a List" id="8c84fa94-04c1-424b-9868-57a2d4851a1d" /><TestList name="All Loaded Results" id="19431567-8539-422a-85d7-44ee4e166bda" /></TestLists><ResultSummary outcome="Failed"><Counters total="152" executed="152" passed="150" failed="2" error="0" timeout="0" aborted="0" inconclusive="0" passedButRunAborted="0" notRunnable="0" notExecuted="0" disconnected="0" warning="0" completed="0" inProgress="0" pending="0" /><Output><StdOut>[xUnit.net 00:00:01.8427282]   Discovering: ModelRelief.Test[xUnit.net 00:00:02.0930632]   Discovered:  ModelRelief.Test[xUnit.net 00:00:02.1061079]   Starting:    ModelRelief.Test[xUnit.net 00:00:32.0124631]       Expected meshModel.FileIsSynchronized to be true, but found False.[xUnit.net 00:00:32.0150153]       Stack Trace:[xUnit.net 00:00:32.0171703]         C:\projects\fluentassertions-vf06b\Src\FluentAssertions\Execution\XUnit2TestFramework.cs(32,0): at FluentAssertions.Execution.XUnit2TestFramework.Throw(String message)[xUnit.net 00:00:32.0176843]         C:\projects\fluentassertions-vf06b\Src\FluentAssertions\Execution\AssertionScope.cs(225,0): at FluentAssertions.Execution.AssertionScope.FailWith(String message, Object[] args)[xUnit.net 00:00:32.0178357]         C:\projects\fluentassertions-vf06b\Src\FluentAssertions\Primitives\BooleanAssertions.cs(60,0): at FluentAssertions.Primitives.BooleanAssertions.BeTrue(String because, Object[] becauseArgs)[xUnit.net 00:00:32.0179602]         d:\Github\ModelRelief\ModelRelief.test\Integration\File\Meshes\MeshesFileIntegrationTests.cs(192,0): at ModelRelief.Test.Integration.Meshes.MeshesFileIntegrationTests.&lt;FileRequest_MeshGenerateSetsFileIsSynchronized&gt;d__5.MoveNext()[xUnit.net 00:00:32.0180478]         --- End of stack trace from previous location where exception was thrown ---[xUnit.net 00:00:32.0181376]            at System.Runtime.ExceptionServices.ExceptionDispatchInfo.Throw()[xUnit.net 00:00:32.0182570]         d:\Github\ModelRelief\ModelRelief.test\Integration\File\Meshes\MeshesFileIntegrationTests.cs(198,0): at ModelRelief.Test.Integration.Meshes.MeshesFileIntegrationTests.&lt;FileRequest_MeshGenerateSetsFileIsSynchronized&gt;d__5.MoveNext()[xUnit.net 00:00:32.0183429]         --- End of stack trace from previous location where exception was thrown ---[xUnit.net 00:00:32.0184319]            at System.Runtime.ExceptionServices.ExceptionDispatchInfo.Throw()[xUnit.net 00:00:32.0185281]            at System.Runtime.CompilerServices.TaskAwaiter.HandleNonSuccessAndDebuggerNotification(Task task)[xUnit.net 00:00:32.0186064]         --- End of stack trace from previous location where exception was thrown ---[xUnit.net 00:00:32.0186957]            at System.Runtime.ExceptionServices.ExceptionDispatchInfo.Throw()[xUnit.net 00:00:32.0187967]            at System.Runtime.CompilerServices.TaskAwaiter.HandleNonSuccessAndDebuggerNotification(Task task)[xUnit.net 00:00:32.0188702]         --- End of stack trace from previous location where exception was thrown ---[xUnit.net 00:00:32.0190178]            at System.Runtime.ExceptionServices.ExceptionDispatchInfo.Throw()[xUnit.net 00:00:32.0191225]            at System.Runtime.CompilerServices.TaskAwaiter.HandleNonSuccessAndDebuggerNotification(Task task)[xUnit.net 00:00:35.2465908]       Assert.True() Failure[xUnit.net 00:00:35.2467631]       Expected: True[xUnit.net 00:00:35.2468906]       Actual:   False[xUnit.net 00:00:35.2471968]       Stack Trace:[xUnit.net 00:00:35.2474931]         d:\Github\ModelRelief\ModelRelief.test\Integration\File\Meshes\MeshesFileIntegrationTests.cs(247,0): at ModelRelief.Test.Integration.Meshes.MeshesFileIntegrationTests.&lt;FileRequest_MeshGenerateScalesDepthBufferByUnsharpHighFrequencyScale&gt;d__6.MoveNext()[xUnit.net 00:00:35.2476420]         --- End of stack trace from previous location where exception was thrown ---[xUnit.net 00:00:35.2478105]            at System.Runtime.ExceptionServices.ExceptionDispatchInfo.Throw()[xUnit.net 00:00:35.2480213]         d:\Github\ModelRelief\ModelRelief.test\Integration\File\Meshes\MeshesFileIntegrationTests.cs(254,0): at ModelRelief.Test.Integration.Meshes.MeshesFileIntegrationTests.&lt;FileRequest_MeshGenerateScalesDepthBufferByUnsharpHighFrequencyScale&gt;d__6.MoveNext()[xUnit.net 00:00:35.2482240]         --- End of stack trace from previous location where exception was thrown ---[xUnit.net 00:00:35.2485063]            at System.Runtime.ExceptionServices.ExceptionDispatchInfo.Throw()[xUnit.net 00:00:35.2492106]            at System.Runtime.CompilerServices.TaskAwaiter.HandleNonSuccessAndDebuggerNotification(Task task)[xUnit.net 00:00:35.2498692]         --- End of stack trace from previous location where exception was thrown ---[xUnit.net 00:00:35.2500984]            at System.Runtime.ExceptionServices.ExceptionDispatchInfo.Throw()[xUnit.net 00:00:35.2502849]            at System.Runtime.CompilerServices.TaskAwaiter.HandleNonSuccessAndDebuggerNotification(Task task)[xUnit.net 00:00:35.2504482]         --- End of stack trace from previous location where exception was thrown ---[xUnit.net 00:00:35.2506308]            at System.Runtime.ExceptionServices.ExceptionDispatchInfo.Throw()[xUnit.net 00:00:35.2508250]            at System.Runtime.CompilerServices.TaskAwaiter.HandleNonSuccessAndDebuggerNotification(Task task)[xUnit.net 00:00:44.7125343]   Finished:    ModelRelief.Test</StdOut></Output><RunInfos><RunInfo computerName="LAMBDA" outcome="Error" timestamp="2018-07-16T14:43:11.1005726-04:00"><Text>[xUnit.net 00:00:32.0103364]     FileRequest_MeshGenerateSetsFileIsSynchronized [FAIL]</Text></RunInfo><RunInfo computerName="LAMBDA" outcome="Error" timestamp="2018-07-16T14:43:14.3365521-04:00"><Text>[xUnit.net 00:00:35.2462380]     FileRequest_MeshGenerateScalesDepthBufferByUnsharpHighFrequencyScale [FAIL]</Text></RunInfo></RunInfos></ResultSummary></TestRun>