<?xml version="1.0" encoding="utf-8"?><TestRun id="515a4aec-f5ac-40b8-ad82-11a2700e348a" name="Steve Knipmeyer@VECTOR 2018-08-11 16:03:04" runUser="VECTOR\Steve Knipmeyer" xmlns="http://microsoft.com/schemas/VisualStudio/TeamTest/2010"><Times creation="2018-08-11T16:03:04.8405146-04:00" queuing="2018-08-11T16:03:04.8405274-04:00" start="2018-08-11T16:03:00.1184459-04:00" finish="2018-08-11T16:03:42.6203806-04:00" /><TestSettings name="default" id="77e1930d-50a1-43d8-a696-5f3ec21b80af"><Deployment runDeploymentRoot="Steve_Knipmeyer_VECTOR_2018-08-11_16_03_04" /></TestSettings><Results><UnitTestResult executionId="c3c4ea1d-3604-4415-b70a-041c4d5ea2ca" testId="039b197b-a2b8-4ddd-907b-a4373fb08150" testName="Delete_TargetModelIsDeleted" computerName="VECTOR" duration="00:00:00.3720000" startTime="2018-08-11T16:03:05.1909946-04:00" endTime="2018-08-11T16:03:05.1910016-04:00" testType="13cdc9d9-ddb5-4fa4-a97d-d965ccfc6d4b" outcome="Passed" testListId="8c84fa94-04c1-424b-9868-57a2d4851a1d" relativeResultsDirectory="c3c4ea1d-3604-4415-b70a-041c4d5ea2ca" /><UnitTestResult executionId="f5700997-a869-4787-ae6d-30fdca1ed463" testId="cbc0f2a4-4679-4bd8-a66e-c334a6d4c381" testName="Post_InvalidPropertyValueReturnsBadRequest" computerName="VECTOR" duration="00:00:00.0160000" startTime="2018-08-11T16:03:07.8384339-04:00" endTime="2018-08-11T16:03:07.8384404-04:00" testType="13cdc9d9-ddb5-4fa4-a97d-d965ccfc6d4b" outcome="Passed" testListId="8c84fa94-04c1-424b-9868-57a2d4851a1d" relativeResultsDirectory="f5700997-a869-4787-ae6d-30fdca1ed463" /><UnitTestResult executionId="65954e70-a458-4ab5-938c-9a9101dce6a3" testId="be6bc59f-34d1-48a9-97b1-5b3688b52d1b" testName="Patch_TargetPropertyIsUpdated" computerName="VECTOR" duration="00:00:00.3120000" startTime="2018-08-11T16:03:05.5030470-04:00" endTime="2018-08-11T16:03:05.5030531-04:00" testType="13cdc9d9-ddb5-4fa4-a97d-d965ccfc6d4b" outcome="Passed" testListId="8c84fa94-04c1-424b-9868-57a2d4851a1d" relativeResultsDirectory="65954e70-a458-4ab5-938c-9a9101dce6a3" /><UnitTestResult executionId="bd861561-4a45-4f6d-8998-1257df2a1d8c" testId="ae0e5968-684f-47e8-9094-cce9a9494388" testName="GetSingle_InvalidIdPropertyValueReturnsNotFound" computerName="VECTOR" duration="00:00:00.0260000" startTime="2018-08-11T16:03:34.1258735-04:00" endTime="2018-08-11T16:03:34.1258789-04:00" testType="13cdc9d9-ddb5-4fa4-a97d-d965ccfc6d4b" outcome="Passed" testListId="8c84fa94-04c1-424b-9868-57a2d4851a1d" relativeResultsDirectory="bd861561-4a45-4f6d-8998-1257df2a1d8c" /><UnitTestResult executionId="5045669a-04ee-4030-a670-80d65633d3e6" testId="f412d86e-100e-499b-bd59-dd251f813096" testName="Post_CanCreateNewModel" computerName="VECTOR" duration="00:00:00.1990000" startTime="2018-08-11T16:03:18.7767993-04:00" endTime="2018-08-11T16:03:18.7768110-04:00" testType="13cdc9d9-ddb5-4fa4-a97d-d965ccfc6d4b" outcome="Passed" testListId="8c84fa94-04c1-424b-9868-57a2d4851a1d" relativeResultsDirectory="5045669a-04ee-4030-a670-80d65633d3e6" /><UnitTestResult executionId="bcacb164-2aa3-4fbe-bb26-30cdb1189122" testId="f7803e2f-0353-40b1-ac74-54087bb2d3b5" testName="Put_InvalidIdReturnsNotFound" computerName="VECTOR" duration="00:00:00.0350000" startTime="2018-08-11T16:03:40.5513355-04:00" endTime="2018-08-11T16:03:40.5513412-04:00" testType="13cdc9d9-ddb5-4fa4-a97d-d965ccfc6d4b" outcome="Passed" testListId="8c84fa94-04c1-424b-9868-57a2d4851a1d" relativeResultsDirectory="bcacb164-2aa3-4fbe-bb26-30cdb1189122" /><UnitTestResult executionId="3b7830fa-57a2-46c5-8f4b-bbf928e0361c" testId="3ed4d699-70ae-4070-a1f4-064447b01776" testName="Delete_TargetModelIsDeleted" computerName="VECTOR" duration="00:00:00.2290000" startTime="2018-08-11T16:03:32.5735687-04:00" endTime="2018-08-11T16:03:32.5735748-04:00" testType="13cdc9d9-ddb5-4fa4-a97d-d965ccfc6d4b" outcome="Passed" testListId="8c84fa94-04c1-424b-9868-57a2d4851a1d" relativeResultsDirectory="3b7830fa-57a2-46c5-8f4b-bbf928e0361c" /><UnitTestResult executionId="3e0c82f1-28a7-4039-8808-c519594a3ed1" testId="e4049aff-438d-471b-91d2-5fae7b2de42f" testName="PostFile_FileIsSynchronizedIsUpdatedAfterFileIsPosted" computerName="VECTOR" duration="00:00:00.3880000" startTime="2018-08-11T16:03:31.7139262-04:00" endTime="2018-08-11T16:03:31.7139321-04:00" testType="13cdc9d9-ddb5-4fa4-a97d-d965ccfc6d4b" outcome="Passed" testListId="8c84fa94-04c1-424b-9868-57a2d4851a1d" relativeResultsDirectory="3e0c82f1-28a7-4039-8808-c519594a3ed1" /><UnitTestResult executionId="dddfa709-5479-48a4-b9c1-d49d1c034bcf" testId="7effd1c5-4d61-412a-9512-166b5f832117" testName="GetSingle_ValidIdPropertyValueReturnsCorrectModel" computerName="VECTOR" duration="00:00:00.0190000" startTime="2018-08-11T16:03:05.7983149-04:00" endTime="2018-08-11T16:03:05.7983213-04:00" testType="13cdc9d9-ddb5-4fa4-a97d-d965ccfc6d4b" outcome="Passed" testListId="8c84fa94-04c1-424b-9868-57a2d4851a1d" relativeResultsDirectory="dddfa709-5479-48a4-b9c1-d49d1c034bcf" /><UnitTestResult executionId="8a2e6dab-3184-4833-8dde-78876c8f3d1f" testId="7f48754c-207d-4111-bc83-2da68787b770" testName="Put_InvalidIdReturnsNotFound" computerName="VECTOR" duration="00:00:00.0290000" startTime="2018-08-11T16:03:33.7434394-04:00" endTime="2018-08-11T16:03:33.7434447-04:00" testType="13cdc9d9-ddb5-4fa4-a97d-d965ccfc6d4b" outcome="Passed" testListId="8c84fa94-04c1-424b-9868-57a2d4851a1d" relativeResultsDirectory="8a2e6dab-3184-4833-8dde-78876c8f3d1f" /><UnitTestResult executionId="0b7d2f3e-4832-44d5-a9dd-ba412b19835b" testId="d061d5e1-674c-4db5-98da-e9ce9f072eb5" testName="Patch_InvalidPropertyNameReturnsBadRequest" computerName="VECTOR" duration="00:00:00.0240000" startTime="2018-08-11T16:03:12.2816479-04:00" endTime="2018-08-11T16:03:12.2816528-04:00" testType="13cdc9d9-ddb5-4fa4-a97d-d965ccfc6d4b" outcome="Passed" testListId="8c84fa94-04c1-424b-9868-57a2d4851a1d" relativeResultsDirectory="0b7d2f3e-4832-44d5-a9dd-ba412b19835b" /><UnitTestResult executionId="cbc0c81a-6b5f-4ecf-84ef-8977f33997f1" testId="7779b414-402e-4ae1-a211-0653b1067197" testName="Patch_InvalidReferencePropertyReturnsBadRequest" computerName="VECTOR" duration="00:00:00.0320000" startTime="2018-08-11T16:03:12.8403117-04:00" endTime="2018-08-11T16:03:12.8403182-04:00" testType="13cdc9d9-ddb5-4fa4-a97d-d965ccfc6d4b" outcome="Passed" testListId="8c84fa94-04c1-424b-9868-57a2d4851a1d" relativeResultsDirectory="cbc0c81a-6b5f-4ecf-84ef-8977f33997f1" /><UnitTestResult executionId="8071b5aa-cb63-4d7b-96e1-f10614586fbe" testId="f4dd041f-b5aa-4a0c-9ba1-023863d21941" testName="FileRequest_FileCanBeReadAfterRename" computerName="VECTOR" duration="00:00:00.4850000" startTime="2018-08-11T16:03:11.2523839-04:00" endTime="2018-08-11T16:03:11.2523903-04:00" testType="13cdc9d9-ddb5-4fa4-a97d-d965ccfc6d4b" outcome="Passed" testListId="8c84fa94-04c1-424b-9868-57a2d4851a1d" relativeResultsDirectory="8071b5aa-cb63-4d7b-96e1-f10614586fbe" /><UnitTestResult executionId="794dae19-c68c-4d94-8121-91779007d75d" testId="4a2bc103-b1d1-41ef-8e0c-91a397bd7699" testName="Delete_TargetModelIsDeleted" computerName="VECTOR" duration="00:00:00.2010000" startTime="2018-08-11T16:03:09.4623218-04:00" endTime="2018-08-11T16:03:09.4623281-04:00" testType="13cdc9d9-ddb5-4fa4-a97d-d965ccfc6d4b" outcome="Passed" testListId="8c84fa94-04c1-424b-9868-57a2d4851a1d" relativeResultsDirectory="794dae19-c68c-4d94-8121-91779007d75d" /><UnitTestResult executionId="711b9747-3bc5-4d8b-82b2-d1329096fa51" testId="badcbd36-e54f-4c2b-ad01-f2b1894e6f81" testName="Put_ValidReferencePropertyUpdatesModel" computerName="VECTOR" duration="00:00:00.5200000" startTime="2018-08-11T16:03:33.6043165-04:00" endTime="2018-08-11T16:03:33.6043232-04:00" testType="13cdc9d9-ddb5-4fa4-a97d-d965ccfc6d4b" outcome="Passed" testListId="8c84fa94-04c1-424b-9868-57a2d4851a1d" relativeResultsDirectory="711b9747-3bc5-4d8b-82b2-d1329096fa51" /><UnitTestResult executionId="e399f716-bbff-42b0-b015-1e65ae4cf4fb" testId="e278e599-13b3-4bad-8fe9-f169bd0db09d" testName="Put_CanUpdateModel" computerName="VECTOR" duration="00:00:00.5740000" startTime="2018-08-11T16:03:07.7280735-04:00" endTime="2018-08-11T16:03:07.7280815-04:00" testType="13cdc9d9-ddb5-4fa4-a97d-d965ccfc6d4b" outcome="Passed" testListId="8c84fa94-04c1-424b-9868-57a2d4851a1d" relativeResultsDirectory="e399f716-bbff-42b0-b015-1e65ae4cf4fb" /><UnitTestResult executionId="3dc3a539-ddab-4ff9-8709-b1cce4017306" testId="4f9fe9da-31c4-46db-9c07-3a20db23045f" testName="Post_CanCreateNewModel" computerName="VECTOR" duration="00:00:00.1830000" startTime="2018-08-11T16:03:09.2163841-04:00" endTime="2018-08-11T16:03:09.2163920-04:00" testType="13cdc9d9-ddb5-4fa4-a97d-d965ccfc6d4b" outcome="Passed" testListId="8c84fa94-04c1-424b-9868-57a2d4851a1d" relativeResultsDirectory="3dc3a539-ddab-4ff9-8709-b1cce4017306" /><UnitTestResult executionId="2c8c27c1-2953-4a48-8b36-e02e3bb2bfac" testId="b18ccb9f-457c-4633-afd0-2db45cfd31f0" testName="Patch_InvalidPropertyNameReturnsBadRequest" computerName="VECTOR" duration="00:00:00.0340000" startTime="2018-08-11T16:03:18.8853159-04:00" endTime="2018-08-11T16:03:18.8853227-04:00" testType="13cdc9d9-ddb5-4fa4-a97d-d965ccfc6d4b" outcome="Passed" testListId="8c84fa94-04c1-424b-9868-57a2d4851a1d" relativeResultsDirectory="2c8c27c1-2953-4a48-8b36-e02e3bb2bfac" /><UnitTestResult executionId="d45ee113-5cee-4feb-b956-d8199183f03e" testId="d658139f-542c-4729-9efc-ff38e93f0ea7" testName="Patch_InvalidIdPropertyReturnsNotFound" computerName="VECTOR" duration="00:00:00.0180000" startTime="2018-08-11T16:03:06.3841485-04:00" endTime="2018-08-11T16:03:06.3841549-04:00" testType="13cdc9d9-ddb5-4fa4-a97d-d965ccfc6d4b" outcome="Passed" testListId="8c84fa94-04c1-424b-9868-57a2d4851a1d" relativeResultsDirectory="d45ee113-5cee-4feb-b956-d8199183f03e" /><UnitTestResult executionId="1810414d-8068-48b0-ae07-f3d0e9e61a12" testId="9874c386-c58a-4974-bc79-3fa56c26092c" testName="PostFile_FileTimeStampIsUpdatedAfterFileIsPosted" computerName="VECTOR" duration="00:00:00.0130000" startTime="2018-08-11T16:03:09.5267710-04:00" endTime="2018-08-11T16:03:09.5267761-04:00" testType="13cdc9d9-ddb5-4fa4-a97d-d965ccfc6d4b" outcome="Passed" testListId="8c84fa94-04c1-424b-9868-57a2d4851a1d" relativeResultsDirectory="1810414d-8068-48b0-ae07-f3d0e9e61a12" /><UnitTestResult executionId="2588e651-45e5-42fc-ae50-322ed3d08022" testId="4e850fa7-7d23-46f3-9448-eb8ad646f026" testName="Post_CanCreateNewModel" computerName="VECTOR" duration="00:00:00.1910000" startTime="2018-08-11T16:03:32.7833570-04:00" endTime="2018-08-11T16:03:32.7833635-04:00" testType="13cdc9d9-ddb5-4fa4-a97d-d965ccfc6d4b" outcome="Passed" testListId="8c84fa94-04c1-424b-9868-57a2d4851a1d" relativeResultsDirectory="2588e651-45e5-42fc-ae50-322ed3d08022" /><UnitTestResult executionId="6a274b2d-5628-4c38-9cca-1bc41b4a5dbe" testId="2b99230c-e211-4b10-ac69-25f9fd764fab" testName="Patch_TargetPropertyIsUpdated" computerName="VECTOR" duration="00:00:00.3000000" startTime="2018-08-11T16:03:33.0837360-04:00" endTime="2018-08-11T16:03:33.0837425-04:00" testType="13cdc9d9-ddb5-4fa4-a97d-d965ccfc6d4b" outcome="Passed" testListId="8c84fa94-04c1-424b-9868-57a2d4851a1d" relativeResultsDirectory="6a274b2d-5628-4c38-9cca-1bc41b4a5dbe" /><UnitTestResult executionId="601287a8-8e89-46bf-bc20-626a96b0a103" testId="0dd1d2ef-298c-45de-b5a0-6e85248031b5" testName="Post_InvalidPropertyValueReturnsBadRequest" computerName="VECTOR" duration="00:00:00.0160000" startTime="2018-08-11T16:03:33.7603067-04:00" endTime="2018-08-11T16:03:33.7603112-04:00" testType="13cdc9d9-ddb5-4fa4-a97d-d965ccfc6d4b" outcome="Passed" testListId="8c84fa94-04c1-424b-9868-57a2d4851a1d" relativeResultsDirectory="601287a8-8e89-46bf-bc20-626a96b0a103" /><UnitTestResult executionId="31b4571e-069e-413d-a9a1-5e463ca25bd3" testId="cf8de2f5-e8a7-479d-94fe-87ef886f21b1" testName="Patch_InvalidPropertyNameReturnsBadRequest" computerName="VECTOR" duration="00:00:00.1060000" startTime="2018-08-11T16:03:04.7885269-04:00" endTime="2018-08-11T16:03:04.7885390-04:00" testType="13cdc9d9-ddb5-4fa4-a97d-d965ccfc6d4b" outcome="Passed" testListId="8c84fa94-04c1-424b-9868-57a2d4851a1d" relativeResultsDirectory="31b4571e-069e-413d-a9a1-5e463ca25bd3" /><UnitTestResult executionId="958a28c9-fb3c-45ef-9a8a-4cb06fc0ec33" testId="d56ba438-7799-4683-88ab-8b52081b9e09" testName="Delete_TargetModelIsDeleted" computerName="VECTOR" duration="00:00:00.3040000" startTime="2018-08-11T16:03:12.5865511-04:00" endTime="2018-08-11T16:03:12.5865572-04:00" testType="13cdc9d9-ddb5-4fa4-a97d-d965ccfc6d4b" outcome="Passed" testListId="8c84fa94-04c1-424b-9868-57a2d4851a1d" relativeResultsDirectory="958a28c9-fb3c-45ef-9a8a-4cb06fc0ec33" /><UnitTestResult executionId="80745111-7060-4644-b630-23d3867dcd9a" testId="c497066d-5b13-4993-8ae5-02007e9485a7" testName="Delete_TargetModelIsDeleted" computerName="VECTOR" duration="00:00:00.2030000" startTime="2018-08-11T16:03:40.7553076-04:00" endTime="2018-08-11T16:03:40.7553138-04:00" testType="13cdc9d9-ddb5-4fa4-a97d-d965ccfc6d4b" outcome="Passed" testListId="8c84fa94-04c1-424b-9868-57a2d4851a1d" relativeResultsDirectory="80745111-7060-4644-b630-23d3867dcd9a" /><UnitTestResult executionId="6ab7c698-34b5-4298-85e3-f8103090948e" testId="05fe42cd-0224-4655-ac9e-7dc795f0e957" testName="LucyCameraFindsAllDependents" computerName="VECTOR" duration="00:00:00.0080000" startTime="2018-08-11T16:03:04.0582461-04:00" endTime="2018-08-11T16:03:04.0582491-04:00" testType="13cdc9d9-ddb5-4fa4-a97d-d965ccfc6d4b" outcome="Passed" testListId="8c84fa94-04c1-424b-9868-57a2d4851a1d" relativeResultsDirectory="6ab7c698-34b5-4298-85e3-f8103090948e" /><UnitTestResult executionId="06492b5c-5601-4e4b-ade8-050ff25c80fc" testId="4e9aaa4a-d5a9-498f-98aa-869c79c621cc" testName="Patch_InvalidReferencePropertyReturnsBadRequest" computerName="VECTOR" duration="00:00:00.0350000" startTime="2018-08-11T16:03:33.6403057-04:00" endTime="2018-08-11T16:03:33.6403110-04:00" testType="13cdc9d9-ddb5-4fa4-a97d-d965ccfc6d4b" outcome="Passed" testListId="8c84fa94-04c1-424b-9868-57a2d4851a1d" relativeResultsDirectory="06492b5c-5601-4e4b-ade8-050ff25c80fc" /><UnitTestResult executionId="001d6a32-d2be-46ff-aeea-22cbdd9ece0a" testId="014cd719-60f4-4d24-91bd-0757f2d8f155" testName="Model3dHasExpectedDependentFiles" computerName="VECTOR" duration="00:00:00.0320000" startTime="2018-08-11T16:03:03.6621062-04:00" endTime="2018-08-11T16:03:03.6621132-04:00" testType="13cdc9d9-ddb5-4fa4-a97d-d965ccfc6d4b" outcome="Passed" testListId="8c84fa94-04c1-424b-9868-57a2d4851a1d" relativeResultsDirectory="001d6a32-d2be-46ff-aeea-22cbdd9ece0a" /><UnitTestResult executionId="553d400c-8fec-43c9-9c48-e8032fefeb04" testId="4a2dc480-2b28-47f5-84d5-e5a6c8691bb2" testName="GetFile_NonExistentFileReturnsNotFound" computerName="VECTOR" duration="00:00:00.0330000" startTime="2018-08-11T16:03:19.5614005-04:00" endTime="2018-08-11T16:03:19.5614064-04:00" testType="13cdc9d9-ddb5-4fa4-a97d-d965ccfc6d4b" outcome="Passed" testListId="8c84fa94-04c1-424b-9868-57a2d4851a1d" relativeResultsDirectory="553d400c-8fec-43c9-9c48-e8032fefeb04" /><UnitTestResult executionId="1983fd8f-5f64-4ad0-8dcf-46062031bd8c" testId="f08364c7-786f-4358-84a9-d61f96c4aa14" testName="FileRequest_FileCanBeReadAfterRename" computerName="VECTOR" duration="00:00:00.5860000" startTime="2018-08-11T16:03:37.4953147-04:00" endTime="2018-08-11T16:03:37.4953274-04:00" testType="13cdc9d9-ddb5-4fa4-a97d-d965ccfc6d4b" outcome="Passed" testListId="8c84fa94-04c1-424b-9868-57a2d4851a1d" relativeResultsDirectory="1983fd8f-5f64-4ad0-8dcf-46062031bd8c" /><UnitTestResult executionId="9f98073f-c747-427d-a203-44418988f6da" testId="99059ddb-971a-40c6-98c6-567618152dc3" testName="Put_CanUpdateModel" computerName="VECTOR" duration="00:00:00.3460000" startTime="2018-08-11T16:03:41.1736286-04:00" endTime="2018-08-11T16:03:41.1736356-04:00" testType="13cdc9d9-ddb5-4fa4-a97d-d965ccfc6d4b" outcome="Passed" testListId="8c84fa94-04c1-424b-9868-57a2d4851a1d" relativeResultsDirectory="9f98073f-c747-427d-a203-44418988f6da" /><UnitTestResult executionId="a0eddb0e-22c6-4c12-af98-1b2598d58794" testId="34bbb852-6150-4923-b19e-bf6ac6496dd9" testName="Put_InvalidReferencePropertyReturndBadRequest" computerName="VECTOR" duration="00:00:00.0370000" startTime="2018-08-11T16:03:13.5703005-04:00" endTime="2018-08-11T16:03:13.5703066-04:00" testType="13cdc9d9-ddb5-4fa4-a97d-d965ccfc6d4b" outcome="Passed" testListId="8c84fa94-04c1-424b-9868-57a2d4851a1d" relativeResultsDirectory="a0eddb0e-22c6-4c12-af98-1b2598d58794" /><UnitTestResult executionId="7148b1a8-a968-4ed6-969a-102cf5543390" testId="8c993df6-6f8f-4b85-9b95-86764b9f27b3" testName="Patch_InvalidPropertyNameReturnsBadRequest" computerName="VECTOR" duration="00:00:00.0160000" startTime="2018-08-11T16:03:41.4768398-04:00" endTime="2018-08-11T16:03:41.4768456-04:00" testType="13cdc9d9-ddb5-4fa4-a97d-d965ccfc6d4b" outcome="Passed" testListId="8c84fa94-04c1-424b-9868-57a2d4851a1d" relativeResultsDirectory="7148b1a8-a968-4ed6-969a-102cf5543390" /><UnitTestResult executionId="c53b9f82-e830-4b38-ac42-91508efdb579" testId="67f3fd3f-f521-4672-ba4d-242c9dbf0d66" testName="Post_ValidReferencePropertyCreatesModel" computerName="VECTOR" duration="00:00:00.0170000" startTime="2018-08-11T16:03:04.8095595-04:00" endTime="2018-08-11T16:03:04.8095616-04:00" testType="13cdc9d9-ddb5-4fa4-a97d-d965ccfc6d4b" outcome="Passed" testListId="8c84fa94-04c1-424b-9868-57a2d4851a1d" relativeResultsDirectory="c53b9f82-e830-4b38-ac42-91508efdb579" /><UnitTestResult executionId="1faf4217-8ab7-4c6a-9a92-01f22f26f54d" testId="bfc3f703-64bf-4905-8f08-37ce4df4fb29" testName="Post_InvalidPropertyValueReturnsBadRequest" computerName="VECTOR" duration="00:00:00.0260000" startTime="2018-08-11T16:03:13.3262443-04:00" endTime="2018-08-11T16:03:13.3262510-04:00" testType="13cdc9d9-ddb5-4fa4-a97d-d965ccfc6d4b" outcome="Passed" testListId="8c84fa94-04c1-424b-9868-57a2d4851a1d" relativeResultsDirectory="1faf4217-8ab7-4c6a-9a92-01f22f26f54d" /><UnitTestResult executionId="a63b5e96-e019-4171-8d18-a1f34a351d1a" testId="68bb130a-89de-44a7-b9bc-da37510965bb" testName="Post_CanCreateNewModel" computerName="VECTOR" duration="00:00:00.1870000" startTime="2018-08-11T16:03:05.7245200-04:00" endTime="2018-08-11T16:03:05.7245268-04:00" testType="13cdc9d9-ddb5-4fa4-a97d-d965ccfc6d4b" outcome="Passed" testListId="8c84fa94-04c1-424b-9868-57a2d4851a1d" relativeResultsDirectory="a63b5e96-e019-4171-8d18-a1f34a351d1a" /><UnitTestResult executionId="469e39f6-5bb5-4149-b695-10c14eb492ca" testId="bfcf50e2-d254-455b-8b05-64e604f82aaf" testName="Patch_ValidReferencePropertyUpdatesModel" computerName="VECTOR" duration="00:00:00.6140000" startTime="2018-08-11T16:03:04.6808927-04:00" endTime="2018-08-11T16:03:04.6808993-04:00" testType="13cdc9d9-ddb5-4fa4-a97d-d965ccfc6d4b" outcome="Passed" testListId="8c84fa94-04c1-424b-9868-57a2d4851a1d" relativeResultsDirectory="469e39f6-5bb5-4149-b695-10c14eb492ca" /><UnitTestResult executionId="2ee08c46-dca6-4284-8725-c49cc67b0ae4" testId="ac741aac-6a89-4317-9ce5-adf4a9d711a0" testName="Patch_TargetPropertyIsUpdated" computerName="VECTOR" duration="00:00:00.4270000" startTime="2018-08-11T16:03:07.1535391-04:00" endTime="2018-08-11T16:03:07.1535456-04:00" testType="13cdc9d9-ddb5-4fa4-a97d-d965ccfc6d4b" outcome="Passed" testListId="8c84fa94-04c1-424b-9868-57a2d4851a1d" relativeResultsDirectory="2ee08c46-dca6-4284-8725-c49cc67b0ae4" /><UnitTestResult executionId="2bc24242-e7ec-4a71-9672-b1e930545976" testId="9ce7d52b-4481-409b-9218-513da2703119" testName="PostFile_FileTimeStampIsUpdatedAfterFileIsPosted" computerName="VECTOR" duration="00:00:01.5350000" startTime="2018-08-11T16:03:25.7161860-04:00" endTime="2018-08-11T16:03:25.7161923-04:00" testType="13cdc9d9-ddb5-4fa4-a97d-d965ccfc6d4b" outcome="Passed" testListId="8c84fa94-04c1-424b-9868-57a2d4851a1d" relativeResultsDirectory="2bc24242-e7ec-4a71-9672-b1e930545976" /><UnitTestResult executionId="81efa75b-1d06-4d69-b7a9-87377b35d3e9" testId="8989f876-0af1-4a99-a588-40b97761e5fa" testName="PutFile_NewFileCanBePut" computerName="VECTOR" duration="00:00:00.4760000" startTime="2018-08-11T16:03:39.1823518-04:00" endTime="2018-08-11T16:03:39.1823628-04:00" testType="13cdc9d9-ddb5-4fa4-a97d-d965ccfc6d4b" outcome="Passed" testListId="8c84fa94-04c1-424b-9868-57a2d4851a1d" relativeResultsDirectory="81efa75b-1d06-4d69-b7a9-87377b35d3e9" /><UnitTestResult executionId="e842faaf-975b-40b8-abb7-339a08f161c4" testId="e1ffe9f5-f744-44f9-8b50-05445a51d92f" testName="Post_InvalidPropertyValueReturnsBadRequest" computerName="VECTOR" duration="00:00:00.0140000" startTime="2018-08-11T16:03:41.4909131-04:00" endTime="2018-08-11T16:03:41.4909181-04:00" testType="13cdc9d9-ddb5-4fa4-a97d-d965ccfc6d4b" outcome="Passed" testListId="8c84fa94-04c1-424b-9868-57a2d4851a1d" relativeResultsDirectory="e842faaf-975b-40b8-abb7-339a08f161c4" /><UnitTestResult executionId="893dfa7d-40df-4256-8c95-86b54a894d53" testId="2301ebb5-3ec1-4cd9-b2e4-09af1e65f3cc" testName="Put_CanUpdateModel" computerName="VECTOR" duration="00:00:00.4780000" startTime="2018-08-11T16:03:06.3162324-04:00" endTime="2018-08-11T16:03:06.3162383-04:00" testType="13cdc9d9-ddb5-4fa4-a97d-d965ccfc6d4b" outcome="Passed" testListId="8c84fa94-04c1-424b-9868-57a2d4851a1d" relativeResultsDirectory="893dfa7d-40df-4256-8c95-86b54a894d53" /><UnitTestResult executionId="136f063f-1b49-47c6-8f0f-1330f9e89b17" testId="50512f15-3d90-430c-af49-5b1090547d57" testName="Put_InvalidReferencePropertyReturndBadRequest" computerName="VECTOR" duration="00:00:00.0430000" startTime="2018-08-11T16:03:19.5061546-04:00" endTime="2018-08-11T16:03:19.5061604-04:00" testType="13cdc9d9-ddb5-4fa4-a97d-d965ccfc6d4b" outcome="Passed" testListId="8c84fa94-04c1-424b-9868-57a2d4851a1d" relativeResultsDirectory="136f063f-1b49-47c6-8f0f-1330f9e89b17" /><UnitTestResult executionId="d525d911-b2c5-491e-9f36-99f30171286f" testId="5c67f288-8794-4da1-90e4-27076db403fa" testName="PutFile_NewFileCanBePut" computerName="VECTOR" duration="00:00:00.4220000" startTime="2018-08-11T16:03:09.9492376-04:00" endTime="2018-08-11T16:03:09.9492442-04:00" testType="13cdc9d9-ddb5-4fa4-a97d-d965ccfc6d4b" outcome="Passed" testListId="8c84fa94-04c1-424b-9868-57a2d4851a1d" relativeResultsDirectory="d525d911-b2c5-491e-9f36-99f30171286f" /><UnitTestResult executionId="d289c7c2-0d8c-4a41-aa97-6b3c0242dcee" testId="11ab9007-4f7c-465b-8340-b9a629bb408e" testName="MeshTransformHasExpectedDependentFiles" computerName="VECTOR" duration="00:00:00.0010000" startTime="2018-08-11T16:03:04.0587996-04:00" endTime="2018-08-11T16:03:04.0588014-04:00" testType="13cdc9d9-ddb5-4fa4-a97d-d965ccfc6d4b" outcome="Passed" testListId="8c84fa94-04c1-424b-9868-57a2d4851a1d" relativeResultsDirectory="d289c7c2-0d8c-4a41-aa97-6b3c0242dcee" /><UnitTestResult executionId="396fb657-7341-4407-9ea1-5a6945f38566" testId="6cfcd5d6-f0ba-4e5a-b79a-b1c762b83495" testName="PutFile_FileCanBeUpdated" computerName="VECTOR" duration="00:00:00.5690000" startTime="2018-08-11T16:03:10.5190896-04:00" endTime="2018-08-11T16:03:10.5190962-04:00" testType="13cdc9d9-ddb5-4fa4-a97d-d965ccfc6d4b" outcome="Passed" testListId="8c84fa94-04c1-424b-9868-57a2d4851a1d" relativeResultsDirectory="396fb657-7341-4407-9ea1-5a6945f38566" /><UnitTestResult executionId="68004fa5-a084-47a4-99db-8032a32b1b79" testId="74bd0836-4839-47aa-a838-8d27025f7395" testName="Patch_ValidReferencePropertyUpdatesModel" computerName="VECTOR" duration="00:00:00.8770000" startTime="2018-08-11T16:03:16.9100881-04:00" endTime="2018-08-11T16:03:16.9100944-04:00" testType="13cdc9d9-ddb5-4fa4-a97d-d965ccfc6d4b" outcome="Passed" testListId="8c84fa94-04c1-424b-9868-57a2d4851a1d" relativeResultsDirectory="68004fa5-a084-47a4-99db-8032a32b1b79" /><UnitTestResult executionId="99bdfc83-6461-4a10-968d-d48a9c73d020" testId="7d148b84-2fcf-401e-9830-501f98043de2" testName="Post_CanCreateNewModel" computerName="VECTOR" duration="00:00:00.1850000" startTime="2018-08-11T16:03:40.5154557-04:00" endTime="2018-08-11T16:03:40.5154617-04:00" testType="13cdc9d9-ddb5-4fa4-a97d-d965ccfc6d4b" outcome="Passed" testListId="8c84fa94-04c1-424b-9868-57a2d4851a1d" relativeResultsDirectory="99bdfc83-6461-4a10-968d-d48a9c73d020" /><UnitTestResult executionId="22793271-e79c-42fb-8555-963e6d58cc21" testId="43fd1090-d4c8-4dbd-aff5-f9bb063af14c" testName="Patch_InvalidPropertyNameReturnsBadRequest" computerName="VECTOR" duration="00:00:00.0190000" startTime="2018-08-11T16:03:07.8218134-04:00" endTime="2018-08-11T16:03:07.8218192-04:00" testType="13cdc9d9-ddb5-4fa4-a97d-d965ccfc6d4b" outcome="Passed" testListId="8c84fa94-04c1-424b-9868-57a2d4851a1d" relativeResultsDirectory="22793271-e79c-42fb-8555-963e6d58cc21" /><UnitTestResult executionId="665a839d-8d1c-45b9-a9dd-9c3f5491c706" testId="c3d92382-7e08-4329-9d56-14c2284a7047" testName="Put_ValidReferencePropertyUpdatesModel" computerName="VECTOR" duration="00:00:00.0200000" startTime="2018-08-11T16:03:05.5229517-04:00" endTime="2018-08-11T16:03:05.5229598-04:00" testType="13cdc9d9-ddb5-4fa4-a97d-d965ccfc6d4b" outcome="Passed" testListId="8c84fa94-04c1-424b-9868-57a2d4851a1d" relativeResultsDirectory="665a839d-8d1c-45b9-a9dd-9c3f5491c706" /><UnitTestResult executionId="a528b47a-3601-4189-8a93-b99d7ffe2a0d" testId="dcc059f3-05f8-4f33-8800-b460a3f913bf" testName="Put_InvalidIdReturnsNotFound" computerName="VECTOR" duration="00:00:00.2140000" startTime="2018-08-11T16:03:12.2571764-04:00" endTime="2018-08-11T16:03:12.2571830-04:00" testType="13cdc9d9-ddb5-4fa4-a97d-d965ccfc6d4b" outcome="Passed" testListId="8c84fa94-04c1-424b-9868-57a2d4851a1d" relativeResultsDirectory="a528b47a-3601-4189-8a93-b99d7ffe2a0d" /><UnitTestResult executionId="8db82f76-80bf-4cb3-8e74-3871e47b933c" testId="6774aa2f-60b4-466f-af41-a4852c8d9b7e" testName="PostFile_FileIsSynchronizedIsUpdatedAfterFileIsPosted" computerName="VECTOR" duration="00:00:00.3630000" startTime="2018-08-11T16:03:39.5455949-04:00" endTime="2018-08-11T16:03:39.5456009-04:00" testType="13cdc9d9-ddb5-4fa4-a97d-d965ccfc6d4b" outcome="Passed" testListId="8c84fa94-04c1-424b-9868-57a2d4851a1d" relativeResultsDirectory="8db82f76-80bf-4cb3-8e74-3871e47b933c" /><UnitTestResult executionId="e9ac2dd0-1f5c-4c6d-85fb-217a436c81ce" testId="b680f648-da51-4624-9072-ff3b9f55e3a3" testName="Post_InvalidPropertyValueReturnsBadRequest" computerName="VECTOR" duration="00:00:00.0180000" startTime="2018-08-11T16:03:06.4025304-04:00" endTime="2018-08-11T16:03:06.4025363-04:00" testType="13cdc9d9-ddb5-4fa4-a97d-d965ccfc6d4b" outcome="Passed" testListId="8c84fa94-04c1-424b-9868-57a2d4851a1d" relativeResultsDirectory="e9ac2dd0-1f5c-4c6d-85fb-217a436c81ce" /><UnitTestResult executionId="9b082147-33ca-474b-b30d-e0590d15aadf" testId="1f7dadc0-112e-41cc-a050-a951688c042f" testName="Put_InvalidReferencePropertyReturndBadRequest" computerName="VECTOR" duration="00:00:00.0120000" startTime="2018-08-11T16:03:06.3654885-04:00" endTime="2018-08-11T16:03:06.3654952-04:00" testType="13cdc9d9-ddb5-4fa4-a97d-d965ccfc6d4b" outcome="Passed" testListId="8c84fa94-04c1-424b-9868-57a2d4851a1d" relativeResultsDirectory="9b082147-33ca-474b-b30d-e0590d15aadf" /><UnitTestResult executionId="5cbd1aaa-58af-41f5-93eb-9015fe8273ba" testId="27dcf76d-865d-4754-8176-c14772112758" testName="GetFile_FileCanBeRoundTripped" computerName="VECTOR" duration="00:00:00.3210000" startTime="2018-08-11T16:03:11.9791123-04:00" endTime="2018-08-11T16:03:11.9791187-04:00" testType="13cdc9d9-ddb5-4fa4-a97d-d965ccfc6d4b" outcome="Passed" testListId="8c84fa94-04c1-424b-9868-57a2d4851a1d" relativeResultsDirectory="5cbd1aaa-58af-41f5-93eb-9015fe8273ba" /><UnitTestResult executionId="4b8a99cd-5545-4795-9c62-0d7d2a66f491" testId="015eb6eb-45ff-4b5b-b5af-a56d6fd15045" testName="Post_InvalidReferencePropertyReturnsBadRequest" computerName="VECTOR" duration="00:00:00.0160000" startTime="2018-08-11T16:03:14.8058169-04:00" endTime="2018-08-11T16:03:14.8058202-04:00" testType="13cdc9d9-ddb5-4fa4-a97d-d965ccfc6d4b" outcome="Passed" testListId="8c84fa94-04c1-424b-9868-57a2d4851a1d" relativeResultsDirectory="4b8a99cd-5545-4795-9c62-0d7d2a66f491" /><UnitTestResult executionId="3f3cfc9f-b4a3-42c9-b0e7-9a7be78cb292" testId="92597df8-ef11-48f2-94f5-7054c50874bc" testName="GetList_ListReturnsCorrectCount" computerName="VECTOR" duration="00:00:00.0250000" startTime="2018-08-11T16:03:32.2733095-04:00" endTime="2018-08-11T16:03:32.2733166-04:00" testType="13cdc9d9-ddb5-4fa4-a97d-d965ccfc6d4b" outcome="Passed" testListId="8c84fa94-04c1-424b-9868-57a2d4851a1d" relativeResultsDirectory="3f3cfc9f-b4a3-42c9-b0e7-9a7be78cb292" /><UnitTestResult executionId="f22d67dc-945a-4729-96ac-ed2219c72324" testId="1e72463e-2b6e-445c-b50d-82092a261315" testName="Post_ValidReferencePropertyCreatesModel" computerName="VECTOR" duration="00:00:00.1730000" startTime="2018-08-11T16:03:41.3906574-04:00" endTime="2018-08-11T16:03:41.3906636-04:00" testType="13cdc9d9-ddb5-4fa4-a97d-d965ccfc6d4b" outcome="Passed" testListId="8c84fa94-04c1-424b-9868-57a2d4851a1d" relativeResultsDirectory="f22d67dc-945a-4729-96ac-ed2219c72324" /><UnitTestResult executionId="18c7cf7d-74a9-46df-91c6-d519700a62b3" testId="be751a4e-4f24-4ec1-8d49-60ef17879796" testName="Delete_TargetModelIsDeleted" computerName="VECTOR" duration="00:00:00.2370000" startTime="2018-08-11T16:03:19.4233353-04:00" endTime="2018-08-11T16:03:19.4233417-04:00" testType="13cdc9d9-ddb5-4fa4-a97d-d965ccfc6d4b" outcome="Passed" testListId="8c84fa94-04c1-424b-9868-57a2d4851a1d" relativeResultsDirectory="18c7cf7d-74a9-46df-91c6-d519700a62b3" /><UnitTestResult executionId="ec9e95e5-736e-4019-8858-a0e41c69cd32" testId="090b0663-1fd5-4478-8c42-1593ebe07ebc" testName="Patch_InvalidReferencePropertyReturnsBadRequest" computerName="VECTOR" duration="00:00:00.0730000" startTime="2018-08-11T16:03:18.8502636-04:00" endTime="2018-08-11T16:03:18.8502707-04:00" testType="13cdc9d9-ddb5-4fa4-a97d-d965ccfc6d4b" outcome="Passed" testListId="8c84fa94-04c1-424b-9868-57a2d4851a1d" relativeResultsDirectory="ec9e95e5-736e-4019-8858-a0e41c69cd32" /><UnitTestResult executionId="59c709c5-e138-4985-bcac-9554742eab80" testId="252c3a7b-abdf-4e37-a154-ac74f6e5a8ec" testName="GetSingle_ValidIdPropertyValueReturnsCorrectModel" computerName="VECTOR" duration="00:00:00.0520000" startTime="2018-08-11T16:03:40.3297744-04:00" endTime="2018-08-11T16:03:40.3297817-04:00" testType="13cdc9d9-ddb5-4fa4-a97d-d965ccfc6d4b" outcome="Passed" testListId="8c84fa94-04c1-424b-9868-57a2d4851a1d" relativeResultsDirectory="59c709c5-e138-4985-bcac-9554742eab80" /><UnitTestResult executionId="3a3958e4-b2e7-4be1-b78f-0e0ad2f50f4a" testId="5ede36d7-e4f0-4846-9cbc-e77f06aa164d" testName="Patch_InvalidIdPropertyReturnsNotFound" computerName="VECTOR" duration="00:00:00.0160000" startTime="2018-08-11T16:03:41.4606546-04:00" endTime="2018-08-11T16:03:41.4606598-04:00" testType="13cdc9d9-ddb5-4fa4-a97d-d965ccfc6d4b" outcome="Passed" testListId="8c84fa94-04c1-424b-9868-57a2d4851a1d" relativeResultsDirectory="3a3958e4-b2e7-4be1-b78f-0e0ad2f50f4a" /><UnitTestResult executionId="8d346cb4-0ea7-486b-b04e-ccbafa791a10" testId="88393e1e-5915-4459-803e-ecb31aba6616" testName="PutFile_NewFileCanBePut" computerName="VECTOR" duration="00:00:00.3770000" startTime="2018-08-11T16:03:19.9393181-04:00" endTime="2018-08-11T16:03:19.9393247-04:00" testType="13cdc9d9-ddb5-4fa4-a97d-d965ccfc6d4b" outcome="Passed" testListId="8c84fa94-04c1-424b-9868-57a2d4851a1d" relativeResultsDirectory="8d346cb4-0ea7-486b-b04e-ccbafa791a10" /><UnitTestResult executionId="59e7a277-96a8-476f-83d6-607464b128bb" testId="aecbb7f2-e94a-452a-b7a0-d9576a13c7b7" testName="Patch_MultipleInvalidReferencePropertiesReturnsMultipleValidationErrorsAndBadRequest" computerName="VECTOR" duration="00:00:00.0530000" startTime="2018-08-11T16:03:41.4438486-04:00" endTime="2018-08-11T16:03:41.4438547-04:00" testType="13cdc9d9-ddb5-4fa4-a97d-d965ccfc6d4b" outcome="Passed" testListId="8c84fa94-04c1-424b-9868-57a2d4851a1d" relativeResultsDirectory="59e7a277-96a8-476f-83d6-607464b128bb" /><UnitTestResult executionId="1333b51b-3c1c-442f-99f0-4c899b9ba83c" testId="ae837a5a-4b7f-410d-966c-bf393886e5a6" testName="GetSingle_InvalidIdPropertyValueReturnsNotFound" computerName="VECTOR" duration="00:00:00.0200000" startTime="2018-08-11T16:03:05.8378051-04:00" endTime="2018-08-11T16:03:05.8378114-04:00" testType="13cdc9d9-ddb5-4fa4-a97d-d965ccfc6d4b" outcome="Passed" testListId="8c84fa94-04c1-424b-9868-57a2d4851a1d" relativeResultsDirectory="1333b51b-3c1c-442f-99f0-4c899b9ba83c" /><UnitTestResult executionId="6c5fe248-de7c-4988-8866-22d9474312d8" testId="6460d4f5-a133-4093-bc0a-d84956a85c17" testName="GetFile_NonExistentFileReturnsNotFound" computerName="VECTOR" duration="00:00:00.0390000" startTime="2018-08-11T16:03:38.7052841-04:00" endTime="2018-08-11T16:03:38.7052895-04:00" testType="13cdc9d9-ddb5-4fa4-a97d-d965ccfc6d4b" outcome="Passed" testListId="8c84fa94-04c1-424b-9868-57a2d4851a1d" relativeResultsDirectory="6c5fe248-de7c-4988-8866-22d9474312d8" /><UnitTestResult executionId="a7331762-2905-4868-9b42-325b8f972651" testId="0b083a2d-4e0b-4beb-9516-91e0887035ea" testName="FileRequest_MeshGenerateSetsFileIsSynchronized" computerName="VECTOR" duration="00:00:05.2690000" startTime="2018-08-11T16:03:31.3254604-04:00" endTime="2018-08-11T16:03:31.3254725-04:00" testType="13cdc9d9-ddb5-4fa4-a97d-d965ccfc6d4b" outcome="Passed" testListId="8c84fa94-04c1-424b-9868-57a2d4851a1d" relativeResultsDirectory="a7331762-2905-4868-9b42-325b8f972651" /><UnitTestResult executionId="a2cdf0ec-9ee4-4c74-828c-7e11bdadbc7f" testId="9efab0c6-b56b-4e07-9692-25e065fd32d6" testName="GetSingle_ValidIdPropertyValueReturnsCorrectModel" computerName="VECTOR" duration="00:00:00.0210000" startTime="2018-08-11T16:03:33.7141952-04:00" endTime="2018-08-11T16:03:33.7141990-04:00" testType="13cdc9d9-ddb5-4fa4-a97d-d965ccfc6d4b" outcome="Passed" testListId="8c84fa94-04c1-424b-9868-57a2d4851a1d" relativeResultsDirectory="a2cdf0ec-9ee4-4c74-828c-7e11bdadbc7f" /><UnitTestResult executionId="12bdbc90-d34c-4171-8437-671df20c575a" testId="a4e7788b-8886-438b-8130-3937bf3c91f1" testName="Put_InvalidReferencePropertyReturndBadRequest" computerName="VECTOR" duration="00:00:00.0500000" startTime="2018-08-11T16:03:32.3442481-04:00" endTime="2018-08-11T16:03:32.3442540-04:00" testType="13cdc9d9-ddb5-4fa4-a97d-d965ccfc6d4b" outcome="Passed" testListId="8c84fa94-04c1-424b-9868-57a2d4851a1d" relativeResultsDirectory="12bdbc90-d34c-4171-8437-671df20c575a" /><UnitTestResult executionId="c24e7929-ad85-4b3a-9738-1319cc60aefb" testId="edb9ad07-dc0c-424f-977d-5c805c3276d8" testName="Post_InvalidPropertyValueReturnsBadRequest" computerName="VECTOR" duration="00:00:00.0210000" startTime="2018-08-11T16:03:19.5275423-04:00" endTime="2018-08-11T16:03:19.5275496-04:00" testType="13cdc9d9-ddb5-4fa4-a97d-d965ccfc6d4b" outcome="Passed" testListId="8c84fa94-04c1-424b-9868-57a2d4851a1d" relativeResultsDirectory="c24e7929-ad85-4b3a-9738-1319cc60aefb" /><UnitTestResult executionId="94bef029-5739-4967-80bd-f04ec0eb1469" testId="a5ddd0b9-b472-4a4b-b80a-56a292ee8549" testName="DepthBufferHasExpectedDependentFiles" computerName="VECTOR" duration="00:00:00.0010000" startTime="2018-08-11T16:03:04.0623140-04:00" endTime="2018-08-11T16:03:04.0623157-04:00" testType="13cdc9d9-ddb5-4fa4-a97d-d965ccfc6d4b" outcome="Passed" testListId="8c84fa94-04c1-424b-9868-57a2d4851a1d" relativeResultsDirectory="94bef029-5739-4967-80bd-f04ec0eb1469" /><UnitTestResult executionId="006ccdf6-897d-4b37-97b1-a5d263a79f52" testId="ca9a96e4-8dba-452e-9a59-5e1d489a817a" testName="Patch_ValidReferencePropertyUpdatesModel" computerName="VECTOR" duration="00:00:00.3220000" startTime="2018-08-11T16:03:08.1832502-04:00" endTime="2018-08-11T16:03:08.1832579-04:00" testType="13cdc9d9-ddb5-4fa4-a97d-d965ccfc6d4b" outcome="Passed" testListId="8c84fa94-04c1-424b-9868-57a2d4851a1d" relativeResultsDirectory="006ccdf6-897d-4b37-97b1-a5d263a79f52" /><UnitTestResult executionId="40d6b78c-1faf-4ef4-b6ad-4d43ddf417d9" testId="32d8ec93-454e-4312-961d-082ef9f7963a" testName="PostFile_NewFileCanBePosted" computerName="VECTOR" duration="00:00:00.4040000" startTime="2018-08-11T16:03:11.6572828-04:00" endTime="2018-08-11T16:03:11.6572904-04:00" testType="13cdc9d9-ddb5-4fa4-a97d-d965ccfc6d4b" outcome="Passed" testListId="8c84fa94-04c1-424b-9868-57a2d4851a1d" relativeResultsDirectory="40d6b78c-1faf-4ef4-b6ad-4d43ddf417d9" /><UnitTestResult executionId="b650cc24-bd0c-445b-883e-d551112d785c" testId="1c5dd807-b1cc-4558-bf20-18e59918d8f7" testName="Put_InvalidReferencePropertyReturndBadRequest" computerName="VECTOR" duration="00:00:00.0500000" startTime="2018-08-11T16:03:09.5128011-04:00" endTime="2018-08-11T16:03:09.5128079-04:00" testType="13cdc9d9-ddb5-4fa4-a97d-d965ccfc6d4b" outcome="Passed" testListId="8c84fa94-04c1-424b-9868-57a2d4851a1d" relativeResultsDirectory="b650cc24-bd0c-445b-883e-d551112d785c" /><UnitTestResult executionId="02a9566b-c172-4f4e-9921-7a00d7a2c75e" testId="829b03db-84a2-458d-87d4-9147dda14b0b" testName="Put_ValidReferencePropertyUpdatesModel" computerName="VECTOR" duration="00:00:00.2880000" startTime="2018-08-11T16:03:42.1740444-04:00" endTime="2018-08-11T16:03:42.1740507-04:00" testType="13cdc9d9-ddb5-4fa4-a97d-d965ccfc6d4b" outcome="Passed" testListId="8c84fa94-04c1-424b-9868-57a2d4851a1d" relativeResultsDirectory="02a9566b-c172-4f4e-9921-7a00d7a2c75e" /><UnitTestResult executionId="99f2e721-a4c6-4422-8f4d-de8fc8247ae4" testId="b0239934-d319-480d-acfc-89ccafe9d91c" testName="Put_ValidReferencePropertyUpdatesModel" computerName="VECTOR" duration="00:00:00.2940000" startTime="2018-08-11T16:03:08.4778491-04:00" endTime="2018-08-11T16:03:08.4778568-04:00" testType="13cdc9d9-ddb5-4fa4-a97d-d965ccfc6d4b" outcome="Passed" testListId="8c84fa94-04c1-424b-9868-57a2d4851a1d" relativeResultsDirectory="99f2e721-a4c6-4422-8f4d-de8fc8247ae4" /><UnitTestResult executionId="b8be8245-9d81-49cb-be3e-27d2b088807a" testId="abce5e6b-1006-4a0b-934f-5129f7ca26c0" testName="PostFile_FileTimeStampIsUpdatedAfterFileIsPosted" computerName="VECTOR" duration="00:00:01.6830000" startTime="2018-08-11T16:03:36.3780364-04:00" endTime="2018-08-11T16:03:36.3780483-04:00" testType="13cdc9d9-ddb5-4fa4-a97d-d965ccfc6d4b" outcome="Passed" testListId="8c84fa94-04c1-424b-9868-57a2d4851a1d" relativeResultsDirectory="b8be8245-9d81-49cb-be3e-27d2b088807a" /><UnitTestResult executionId="eb2ed614-90aa-4872-afa2-6528ae009dff" testId="34b70a36-3c6e-4fb2-962c-a1be71d536d0" testName="Patch_InvalidEnumPropertyValueReturnsBadRequest" computerName="VECTOR" duration="00:00:00.0130000" startTime="2018-08-11T16:03:40.7888727-04:00" endTime="2018-08-11T16:03:40.7888765-04:00" testType="13cdc9d9-ddb5-4fa4-a97d-d965ccfc6d4b" outcome="Passed" testListId="8c84fa94-04c1-424b-9868-57a2d4851a1d" relativeResultsDirectory="eb2ed614-90aa-4872-afa2-6528ae009dff" /><UnitTestResult executionId="2b3ccadc-3ba0-470d-ab9b-1df0b89ffe6b" testId="abacd55d-b560-4767-8608-8eac21f5f8af" testName="GetList_ListReturnsCorrectCount" computerName="VECTOR" duration="00:00:00.0270000" startTime="2018-08-11T16:03:09.0057048-04:00" endTime="2018-08-11T16:03:09.0057107-04:00" testType="13cdc9d9-ddb5-4fa4-a97d-d965ccfc6d4b" outcome="Passed" testListId="8c84fa94-04c1-424b-9868-57a2d4851a1d" relativeResultsDirectory="2b3ccadc-3ba0-470d-ab9b-1df0b89ffe6b" /><UnitTestResult executionId="c5a6bf11-dd87-4ae7-a7ea-d45ef9b794c6" testId="72c0e605-7148-4e70-b999-33e141aed378" testName="Patch_InvalidReferencePropertyReturnsBadRequest" computerName="VECTOR" duration="00:00:00.0140000" startTime="2018-08-11T16:03:05.5374286-04:00" endTime="2018-08-11T16:03:05.5374353-04:00" testType="13cdc9d9-ddb5-4fa4-a97d-d965ccfc6d4b" outcome="Passed" testListId="8c84fa94-04c1-424b-9868-57a2d4851a1d" relativeResultsDirectory="c5a6bf11-dd87-4ae7-a7ea-d45ef9b794c6" /><UnitTestResult executionId="4815606a-ad7c-42d5-8a0e-69dc034e52ad" testId="5597c588-7a02-4e18-884f-b5775a1162bc" testName="Patch_MultipleInvalidReferencePropertiesReturnsMultipleValidationErrorsAndBadRequest" computerName="VECTOR" duration="00:00:00.0280000" startTime="2018-08-11T16:03:33.6692128-04:00" endTime="2018-08-11T16:03:33.6692175-04:00" testType="13cdc9d9-ddb5-4fa4-a97d-d965ccfc6d4b" outcome="Passed" testListId="8c84fa94-04c1-424b-9868-57a2d4851a1d" relativeResultsDirectory="4815606a-ad7c-42d5-8a0e-69dc034e52ad" /><UnitTestResult executionId="d59f04ce-44cb-4c65-b749-f33cc6e52430" testId="84ae06ee-3e9b-4740-8aaf-2033d4b0d370" testName="Patch_InvalidEnumPropertyValueReturnsBadRequest" computerName="VECTOR" duration="00:00:00.0190000" startTime="2018-08-11T16:03:05.8174072-04:00" endTime="2018-08-11T16:03:05.8174107-04:00" testType="13cdc9d9-ddb5-4fa4-a97d-d965ccfc6d4b" outcome="Passed" testListId="8c84fa94-04c1-424b-9868-57a2d4851a1d" relativeResultsDirectory="d59f04ce-44cb-4c65-b749-f33cc6e52430" /><UnitTestResult executionId="2a819f3b-2608-4c06-9ad7-162943fa508b" testId="c3467738-ec93-4f07-9c49-b6ac892884f8" testName="GetSingle_InvalidIdPropertyValueReturnsNotFound" computerName="VECTOR" duration="00:00:00.0260000" startTime="2018-08-11T16:03:14.7699976-04:00" endTime="2018-08-11T16:03:14.7700029-04:00" testType="13cdc9d9-ddb5-4fa4-a97d-d965ccfc6d4b" outcome="Passed" testListId="8c84fa94-04c1-424b-9868-57a2d4851a1d" relativeResultsDirectory="2a819f3b-2608-4c06-9ad7-162943fa508b" /><UnitTestResult executionId="e4bd9a82-5520-491f-9f62-db764b2bbd9e" testId="17b638fc-b47c-428b-8965-abc5f33708e4" testName="Patch_InvalidIdPropertyReturnsNotFound" computerName="VECTOR" duration="00:00:00.0180000" startTime="2018-08-11T16:03:32.5918310-04:00" endTime="2018-08-11T16:03:32.5918359-04:00" testType="13cdc9d9-ddb5-4fa4-a97d-d965ccfc6d4b" outcome="Passed" testListId="8c84fa94-04c1-424b-9868-57a2d4851a1d" relativeResultsDirectory="e4bd9a82-5520-491f-9f62-db764b2bbd9e" /><UnitTestResult executionId="95d4f824-6fde-4147-a043-374965a51bd6" testId="bda27f98-9df8-4ce2-bc9b-b36e61085da0" testName="Patch_InvalidEnumPropertyValueReturnsBadRequest" computerName="VECTOR" duration="00:00:00.0260000" startTime="2018-08-11T16:03:09.0327345-04:00" endTime="2018-08-11T16:03:09.0327408-04:00" testType="13cdc9d9-ddb5-4fa4-a97d-d965ccfc6d4b" outcome="Passed" testListId="8c84fa94-04c1-424b-9868-57a2d4851a1d" relativeResultsDirectory="95d4f824-6fde-4147-a043-374965a51bd6" /><UnitTestResult executionId="49c78de3-af46-4aac-92d2-dca412046051" testId="933b04fe-bfba-4c8e-8e87-650ac0cb8092" testName="Post_InvalidReferencePropertyReturnsBadRequest" computerName="VECTOR" duration="00:00:00.0230000" startTime="2018-08-11T16:03:33.6925008-04:00" endTime="2018-08-11T16:03:33.6925047-04:00" testType="13cdc9d9-ddb5-4fa4-a97d-d965ccfc6d4b" outcome="Passed" testListId="8c84fa94-04c1-424b-9868-57a2d4851a1d" relativeResultsDirectory="49c78de3-af46-4aac-92d2-dca412046051" /><UnitTestResult executionId="aa3c5109-29f3-4c17-b4d6-f63cc3224e6b" testId="155cadb8-8ca0-45b5-bbc2-9d07a6f00ecc" testName="FileRequest_DepthBufferIsInvalidatedAfterCameraDependencyPropertyChange" computerName="VECTOR" duration="00:00:01.1710000" startTime="2018-08-11T16:03:38.6663361-04:00" endTime="2018-08-11T16:03:38.6663394-04:00" testType="13cdc9d9-ddb5-4fa4-a97d-d965ccfc6d4b" outcome="Passed" testListId="8c84fa94-04c1-424b-9868-57a2d4851a1d" relativeResultsDirectory="aa3c5109-29f3-4c17-b4d6-f63cc3224e6b" /><UnitTestResult executionId="be2c6be4-b3f9-44b6-b408-3a8310c7c0ac" testId="48b740b1-716e-4739-ab54-4e308d57688d" testName="CameraHasExpectedDependentFiles" computerName="VECTOR" duration="00:00:00.0010000" startTime="2018-08-11T16:03:04.0585426-04:00" endTime="2018-08-11T16:03:04.0585453-04:00" testType="13cdc9d9-ddb5-4fa4-a97d-d965ccfc6d4b" outcome="Passed" testListId="8c84fa94-04c1-424b-9868-57a2d4851a1d" relativeResultsDirectory="be2c6be4-b3f9-44b6-b408-3a8310c7c0ac" /><UnitTestResult executionId="5915baf4-97d4-4ea3-9503-a11572d9b800" testId="9e09f9e7-7a31-43ae-b469-2ccaf97fbc93" testName="Patch_TargetPropertyIsUpdated" computerName="VECTOR" duration="00:00:00.4700000" startTime="2018-08-11T16:03:14.3990896-04:00" endTime="2018-08-11T16:03:14.3990972-04:00" testType="13cdc9d9-ddb5-4fa4-a97d-d965ccfc6d4b" outcome="Passed" testListId="8c84fa94-04c1-424b-9868-57a2d4851a1d" relativeResultsDirectory="5915baf4-97d4-4ea3-9503-a11572d9b800" /><UnitTestResult executionId="9c3a31e9-2e26-4472-b706-1c77963be6ef" testId="ac98cb47-762e-475c-bda3-28f062ada009" testName="Patch_TargetPropertyIsUpdated" computerName="VECTOR" duration="00:00:00.3330000" startTime="2018-08-11T16:03:42.5073744-04:00" endTime="2018-08-11T16:03:42.5073807-04:00" testType="13cdc9d9-ddb5-4fa4-a97d-d965ccfc6d4b" outcome="Passed" testListId="8c84fa94-04c1-424b-9868-57a2d4851a1d" relativeResultsDirectory="9c3a31e9-2e26-4472-b706-1c77963be6ef" /><UnitTestResult executionId="a08d42b7-8925-4052-b438-433775c14c2a" testId="89bf43ae-528a-48d9-aa7d-c001bd74dc18" testName="PostFile_NewFileCanBePosted" computerName="VECTOR" duration="00:00:00.3530000" startTime="2018-08-11T16:03:39.8994355-04:00" endTime="2018-08-11T16:03:39.8994414-04:00" testType="13cdc9d9-ddb5-4fa4-a97d-d965ccfc6d4b" outcome="Passed" testListId="8c84fa94-04c1-424b-9868-57a2d4851a1d" relativeResultsDirectory="a08d42b7-8925-4052-b438-433775c14c2a" /><UnitTestResult executionId="2e08b39e-fcf1-4767-994d-ff46c4a2b3c6" testId="cf7fff31-d085-4493-a219-c9629d5e2bab" testName="GetFile_FileCanBeRoundTripped" computerName="VECTOR" duration="00:00:00.3760000" startTime="2018-08-11T16:03:40.2762741-04:00" endTime="2018-08-11T16:03:40.2762909-04:00" testType="13cdc9d9-ddb5-4fa4-a97d-d965ccfc6d4b" outcome="Passed" testListId="8c84fa94-04c1-424b-9868-57a2d4851a1d" relativeResultsDirectory="2e08b39e-fcf1-4767-994d-ff46c4a2b3c6" /><UnitTestResult executionId="b8bcbf52-6269-48e8-8330-b23ca457d5ff" testId="4192c03a-bcf8-4e63-9737-63c727fe6b05" testName="Patch_InvalidEnumPropertyValueReturnsBadRequest" computerName="VECTOR" duration="00:00:00.0690000" startTime="2018-08-11T16:03:18.1746049-04:00" endTime="2018-08-11T16:03:18.1746118-04:00" testType="13cdc9d9-ddb5-4fa4-a97d-d965ccfc6d4b" outcome="Passed" testListId="8c84fa94-04c1-424b-9868-57a2d4851a1d" relativeResultsDirectory="b8bcbf52-6269-48e8-8330-b23ca457d5ff" /><UnitTestResult executionId="1e13bc85-8c7a-4c65-bc24-02b0041c8ce7" testId="dbf0d986-425d-4ac3-8c37-90676e60d367" testName="GetFile_FileCanBeRoundTripped" computerName="VECTOR" duration="00:00:00.3910000" startTime="2018-08-11T16:03:23.4678437-04:00" endTime="2018-08-11T16:03:23.4678505-04:00" testType="13cdc9d9-ddb5-4fa4-a97d-d965ccfc6d4b" outcome="Passed" testListId="8c84fa94-04c1-424b-9868-57a2d4851a1d" relativeResultsDirectory="1e13bc85-8c7a-4c65-bc24-02b0041c8ce7" /><UnitTestResult executionId="ecf30e99-7d22-452b-b32a-363742828c00" testId="991842c6-f638-4dcc-a8b0-7f2970511a3c" testName="Patch_MultipleInvalidReferencePropertiesReturnsMultipleValidationErrorsAndBadRequest" computerName="VECTOR" duration="00:00:00.0300000" startTime="2018-08-11T16:03:12.6166412-04:00" endTime="2018-08-11T16:03:12.6166478-04:00" testType="13cdc9d9-ddb5-4fa4-a97d-d965ccfc6d4b" outcome="Passed" testListId="8c84fa94-04c1-424b-9868-57a2d4851a1d" relativeResultsDirectory="ecf30e99-7d22-452b-b32a-363742828c00" /><UnitTestResult executionId="487c5e70-d10b-42e5-a633-a0970e7237ba" testId="0f682cbe-3fae-4991-8879-d211fd12f141" testName="GetList_ListReturnsCorrectCount" computerName="VECTOR" duration="00:00:00.0190000" startTime="2018-08-11T16:03:12.8602393-04:00" endTime="2018-08-11T16:03:12.8602449-04:00" testType="13cdc9d9-ddb5-4fa4-a97d-d965ccfc6d4b" outcome="Passed" testListId="8c84fa94-04c1-424b-9868-57a2d4851a1d" relativeResultsDirectory="487c5e70-d10b-42e5-a633-a0970e7237ba" /><UnitTestResult executionId="f1edeba8-51d6-4030-a9d2-2f19649533be" testId="3b2033cd-ff7e-42c5-aa6d-66da7e720d6c" testName="GetFile_ExistingFileReturnsSuccess" computerName="VECTOR" duration="00:00:00.2470000" startTime="2018-08-11T16:03:10.7668994-04:00" endTime="2018-08-11T16:03:10.7669069-04:00" testType="13cdc9d9-ddb5-4fa4-a97d-d965ccfc6d4b" outcome="Passed" testListId="8c84fa94-04c1-424b-9868-57a2d4851a1d" relativeResultsDirectory="f1edeba8-51d6-4030-a9d2-2f19649533be" /><UnitTestResult executionId="06466a29-9fb7-4382-a26c-30d04bfaa9e6" testId="8acefefd-95b9-40fa-a69d-64aae71fd8c8" testName="GetSingle_InvalidIdPropertyValueReturnsNotFound" computerName="VECTOR" duration="00:00:00.0180000" startTime="2018-08-11T16:03:40.8076973-04:00" endTime="2018-08-11T16:03:40.8077023-04:00" testType="13cdc9d9-ddb5-4fa4-a97d-d965ccfc6d4b" outcome="Passed" testListId="8c84fa94-04c1-424b-9868-57a2d4851a1d" relativeResultsDirectory="06466a29-9fb7-4382-a26c-30d04bfaa9e6" /><UnitTestResult executionId="445b7be7-51d4-42f3-b7b7-ab9ff985cfd3" testId="bd6da58d-a0f7-411c-83d3-6d58672ffd17" testName="PutFile_FileCanBeUpdated" computerName="VECTOR" duration="00:00:00.6500000" startTime="2018-08-11T16:03:24.1187171-04:00" endTime="2018-08-11T16:03:24.1187246-04:00" testType="13cdc9d9-ddb5-4fa4-a97d-d965ccfc6d4b" outcome="Passed" testListId="8c84fa94-04c1-424b-9868-57a2d4851a1d" relativeResultsDirectory="445b7be7-51d4-42f3-b7b7-ab9ff985cfd3" /><UnitTestResult executionId="270ae7af-f9e4-4d0c-85cf-91737d1e24da" testId="d8517810-a081-435a-8420-738b9cc3e6f8" testName="Patch_InvalidReferencePropertyReturnsBadRequest" computerName="VECTOR" duration="00:00:00.0280000" startTime="2018-08-11T16:03:41.8856436-04:00" endTime="2018-08-11T16:03:41.8856492-04:00" testType="13cdc9d9-ddb5-4fa4-a97d-d965ccfc6d4b" outcome="Passed" testListId="8c84fa94-04c1-424b-9868-57a2d4851a1d" relativeResultsDirectory="270ae7af-f9e4-4d0c-85cf-91737d1e24da" /><UnitTestResult executionId="b800d96e-0a62-4d70-9a47-4ea455d7bdb4" testId="c925a32c-88b3-4a6e-a903-a6d400fb0c36" testName="Patch_MultipleInvalidReferencePropertiesReturnsMultipleValidationErrorsAndBadRequest" computerName="VECTOR" duration="00:00:00.0500000" startTime="2018-08-11T16:03:08.9784696-04:00" endTime="2018-08-11T16:03:08.9784792-04:00" testType="13cdc9d9-ddb5-4fa4-a97d-d965ccfc6d4b" outcome="Passed" testListId="8c84fa94-04c1-424b-9868-57a2d4851a1d" relativeResultsDirectory="b800d96e-0a62-4d70-9a47-4ea455d7bdb4" /><UnitTestResult executionId="db46e052-1146-4709-afc8-f88126cb275b" testId="b7c9a781-0f83-4191-a044-ccb533784af4" testName="GetSingle_ValidIdPropertyValueReturnsCorrectModel" computerName="VECTOR" duration="00:00:00.0210000" startTime="2018-08-11T16:03:07.8600573-04:00" endTime="2018-08-11T16:03:07.8600637-04:00" testType="13cdc9d9-ddb5-4fa4-a97d-d965ccfc6d4b" outcome="Passed" testListId="8c84fa94-04c1-424b-9868-57a2d4851a1d" relativeResultsDirectory="db46e052-1146-4709-afc8-f88126cb275b" /><UnitTestResult executionId="21fd1369-5718-4c08-a275-dde347b58dde" testId="158a2e85-3560-491d-8fea-d4d8614c9ac3" testName="GetList_ListReturnsCorrectCount" computerName="VECTOR" duration="00:00:00.0200000" startTime="2018-08-11T16:03:40.7757608-04:00" endTime="2018-08-11T16:03:40.7757657-04:00" testType="13cdc9d9-ddb5-4fa4-a97d-d965ccfc6d4b" outcome="Passed" testListId="8c84fa94-04c1-424b-9868-57a2d4851a1d" relativeResultsDirectory="21fd1369-5718-4c08-a275-dde347b58dde" /><UnitTestResult executionId="f29baef4-24e6-4847-a5c2-84831d0537da" testId="62079104-8083-4a9e-9227-dd8e0f27c578" testName="GetSingle_ValidIdPropertyValueReturnsCorrectModel" computerName="VECTOR" duration="00:00:00.0380000" startTime="2018-08-11T16:03:19.4622113-04:00" endTime="2018-08-11T16:03:19.4622176-04:00" testType="13cdc9d9-ddb5-4fa4-a97d-d965ccfc6d4b" outcome="Passed" testListId="8c84fa94-04c1-424b-9868-57a2d4851a1d" relativeResultsDirectory="f29baef4-24e6-4847-a5c2-84831d0537da" /><UnitTestResult executionId="862d8e57-32fe-44ea-99c3-be9a810b08c5" testId="a582eaa0-0e31-4000-950d-3ef11a2f15c5" testName="Patch_InvalidReferencePropertyReturnsBadRequest" computerName="VECTOR" duration="00:00:00.0440000" startTime="2018-08-11T16:03:09.2607653-04:00" endTime="2018-08-11T16:03:09.2607715-04:00" testType="13cdc9d9-ddb5-4fa4-a97d-d965ccfc6d4b" outcome="Passed" testListId="8c84fa94-04c1-424b-9868-57a2d4851a1d" relativeResultsDirectory="862d8e57-32fe-44ea-99c3-be9a810b08c5" /><UnitTestResult executionId="6b85f632-71da-44cb-ad44-1d046ed8c0e4" testId="017d5718-eed6-4d19-a5d5-1327918d2ffe" testName="Patch_MultipleInvalidReferencePropertiesReturnsMultipleValidationErrorsAndBadRequest" computerName="VECTOR" duration="00:00:00.0360000" startTime="2018-08-11T16:03:18.9963629-04:00" endTime="2018-08-11T16:03:18.9963687-04:00" testType="13cdc9d9-ddb5-4fa4-a97d-d965ccfc6d4b" outcome="Passed" testListId="8c84fa94-04c1-424b-9868-57a2d4851a1d" relativeResultsDirectory="6b85f632-71da-44cb-ad44-1d046ed8c0e4" /><UnitTestResult executionId="6b3575c1-10f7-4096-be83-c72d1182d792" testId="4cb993fd-ac91-44a9-b559-09760c3c0eb0" testName="Put_InvalidReferencePropertyReturndBadRequest" computerName="VECTOR" duration="00:00:00.0430000" startTime="2018-08-11T16:03:41.2166225-04:00" endTime="2018-08-11T16:03:41.2166281-04:00" testType="13cdc9d9-ddb5-4fa4-a97d-d965ccfc6d4b" outcome="Passed" testListId="8c84fa94-04c1-424b-9868-57a2d4851a1d" relativeResultsDirectory="6b3575c1-10f7-4096-be83-c72d1182d792" /><UnitTestResult executionId="ca99abec-95d1-417e-b4d1-66ee4e2b34a8" testId="0b55f85c-3038-4070-b62d-def1c6e6b919" testName="Post_InvalidReferencePropertyReturnsBadRequest" computerName="VECTOR" duration="00:00:00.0190000" startTime="2018-08-11T16:03:40.8269645-04:00" endTime="2018-08-11T16:03:40.8269698-04:00" testType="13cdc9d9-ddb5-4fa4-a97d-d965ccfc6d4b" outcome="Passed" testListId="8c84fa94-04c1-424b-9868-57a2d4851a1d" relativeResultsDirectory="ca99abec-95d1-417e-b4d1-66ee4e2b34a8" /><UnitTestResult executionId="5681e2d1-2624-4e94-866c-593510df3850" testId="1079ca5b-8f44-4483-9ba6-25b28403f134" testName="Post_InvalidReferencePropertyReturnsBadRequest" computerName="VECTOR" duration="00:00:00.3230000" startTime="2018-08-11T16:03:06.7263881-04:00" endTime="2018-08-11T16:03:06.7263984-04:00" testType="13cdc9d9-ddb5-4fa4-a97d-d965ccfc6d4b" outcome="Passed" testListId="8c84fa94-04c1-424b-9868-57a2d4851a1d" relativeResultsDirectory="5681e2d1-2624-4e94-866c-593510df3850" /><UnitTestResult executionId="d175693e-7c71-44d3-9ada-c757bf5cb808" testId="d47288c0-e880-4cad-a584-82a85717a87d" testName="Post_ValidReferencePropertyCreatesModel" computerName="VECTOR" duration="00:00:00.2060000" startTime="2018-08-11T16:03:13.5325382-04:00" endTime="2018-08-11T16:03:13.5325490-04:00" testType="13cdc9d9-ddb5-4fa4-a97d-d965ccfc6d4b" outcome="Passed" testListId="8c84fa94-04c1-424b-9868-57a2d4851a1d" relativeResultsDirectory="d175693e-7c71-44d3-9ada-c757bf5cb808" /><UnitTestResult executionId="95eac934-a694-4b1a-9b36-8da86f405659" testId="72cb3d49-7768-47a2-b3e6-f3c15995bfd4" testName="Put_InvalidIdReturnsNotFound" computerName="VECTOR" duration="00:00:00.0480000" startTime="2018-08-11T16:03:07.8020932-04:00" endTime="2018-08-11T16:03:07.8021005-04:00" testType="13cdc9d9-ddb5-4fa4-a97d-d965ccfc6d4b" outcome="Passed" testListId="8c84fa94-04c1-424b-9868-57a2d4851a1d" relativeResultsDirectory="95eac934-a694-4b1a-9b36-8da86f405659" /><UnitTestResult executionId="1582ba9c-f10e-42c7-ac54-3eb1842d6743" testId="2aedb54a-ad8e-4361-8315-65fe9a0238c7" testName="GetSingle_InvalidIdPropertyValueReturnsNotFound" computerName="VECTOR" duration="00:00:00.0210000" startTime="2018-08-11T16:03:18.9324061-04:00" endTime="2018-08-11T16:03:18.9324101-04:00" testType="13cdc9d9-ddb5-4fa4-a97d-d965ccfc6d4b" outcome="Passed" testListId="8c84fa94-04c1-424b-9868-57a2d4851a1d" relativeResultsDirectory="1582ba9c-f10e-42c7-ac54-3eb1842d6743" /><UnitTestResult executionId="b2b511d2-df95-4d56-bbb9-3680e6fdf95e" testId="9dae1c74-6bed-4393-82a7-f7876b69a667" testName="Post_ValidReferencePropertyCreatesModel" computerName="VECTOR" duration="00:00:00.1890000" startTime="2018-08-11T16:03:19.1856901-04:00" endTime="2018-08-11T16:03:19.1856965-04:00" testType="13cdc9d9-ddb5-4fa4-a97d-d965ccfc6d4b" outcome="Passed" testListId="8c84fa94-04c1-424b-9868-57a2d4851a1d" relativeResultsDirectory="b2b511d2-df95-4d56-bbb9-3680e6fdf95e" /><UnitTestResult executionId="b02ad00c-b907-48cd-8c35-a9dc85f3150e" testId="57bdea19-02ed-41cd-8906-6b15067cc0d0" testName="Patch_InvalidIdPropertyReturnsNotFound" computerName="VECTOR" duration="00:00:00.0250000" startTime="2018-08-11T16:03:18.9112424-04:00" endTime="2018-08-11T16:03:18.9112478-04:00" testType="13cdc9d9-ddb5-4fa4-a97d-d965ccfc6d4b" outcome="Passed" testListId="8c84fa94-04c1-424b-9868-57a2d4851a1d" relativeResultsDirectory="b02ad00c-b907-48cd-8c35-a9dc85f3150e" /><UnitTestResult executionId="27fdd189-8c9d-4c56-b3fe-302383b34d3f" testId="18809215-1200-4b7c-aae8-45a6152709cd" testName="Patch_InvalidEnumPropertyValueReturnsBadRequest" computerName="VECTOR" duration="00:00:00.0100000" startTime="2018-08-11T16:03:13.5962361-04:00" endTime="2018-08-11T16:03:13.5962390-04:00" testType="13cdc9d9-ddb5-4fa4-a97d-d965ccfc6d4b" outcome="Passed" testListId="8c84fa94-04c1-424b-9868-57a2d4851a1d" relativeResultsDirectory="27fdd189-8c9d-4c56-b3fe-302383b34d3f" /><UnitTestResult executionId="9414b9e4-78e1-4441-9e3c-f4484bac1082" testId="da398d5f-b9ea-4ed6-be69-bd8ac5dbb9d6" testName="Post_CanCreateNewModel" computerName="VECTOR" duration="00:00:00.1900000" startTime="2018-08-11T16:03:12.8075542-04:00" endTime="2018-08-11T16:03:12.8075605-04:00" testType="13cdc9d9-ddb5-4fa4-a97d-d965ccfc6d4b" outcome="Passed" testListId="8c84fa94-04c1-424b-9868-57a2d4851a1d" relativeResultsDirectory="9414b9e4-78e1-4441-9e3c-f4484bac1082" /><UnitTestResult executionId="452b201f-28d2-4416-8d75-647eb6811c29" testId="a39f7c24-4ad0-45dc-a990-74d12476b7b0" testName="Put_ValidReferencePropertyUpdatesModel" computerName="VECTOR" duration="00:00:00.3480000" startTime="2018-08-11T16:03:18.1051542-04:00" endTime="2018-08-11T16:03:18.1051625-04:00" testType="13cdc9d9-ddb5-4fa4-a97d-d965ccfc6d4b" outcome="Passed" testListId="8c84fa94-04c1-424b-9868-57a2d4851a1d" relativeResultsDirectory="452b201f-28d2-4416-8d75-647eb6811c29" /><UnitTestResult executionId="9c41e31b-69f2-410b-8264-7192ad1c4df9" testId="a428334e-ae11-45c2-913e-ab1b035ff909" testName="Post_ValidReferencePropertyCreatesModel" computerName="VECTOR" duration="00:00:00.2070000" startTime="2018-08-11T16:03:34.3331406-04:00" endTime="2018-08-11T16:03:34.3331467-04:00" testType="13cdc9d9-ddb5-4fa4-a97d-d965ccfc6d4b" outcome="Passed" testListId="8c84fa94-04c1-424b-9868-57a2d4851a1d" relativeResultsDirectory="9c41e31b-69f2-410b-8264-7192ad1c4df9" /><UnitTestResult executionId="538a69c8-390c-44cd-994a-32e0fae020b2" testId="206c8800-9d5b-4895-b768-417afc8dd281" testName="FileRequest_MeshIsInvalidatedAfterDepthBufferFileBecomesUnsynchronized" computerName="VECTOR" duration="00:00:03.1370000" startTime="2018-08-11T16:03:23.0765744-04:00" endTime="2018-08-11T16:03:23.0765810-04:00" testType="13cdc9d9-ddb5-4fa4-a97d-d965ccfc6d4b" outcome="Passed" testListId="8c84fa94-04c1-424b-9868-57a2d4851a1d" relativeResultsDirectory="538a69c8-390c-44cd-994a-32e0fae020b2" /><UnitTestResult executionId="b18591a1-b45d-49e1-9e8f-805c4c813ed0" testId="280774da-9857-4ce4-8a0c-3ff0547adef6" testName="GetFile_NonExistentFileReturnsNotFound" computerName="VECTOR" duration="00:00:00.0470000" startTime="2018-08-11T16:03:12.0265830-04:00" endTime="2018-08-11T16:03:12.0265909-04:00" testType="13cdc9d9-ddb5-4fa4-a97d-d965ccfc6d4b" outcome="Passed" testListId="8c84fa94-04c1-424b-9868-57a2d4851a1d" relativeResultsDirectory="b18591a1-b45d-49e1-9e8f-805c4c813ed0" /><UnitTestResult executionId="e78e3f42-e4e2-48ca-a285-d1e3945999c4" testId="2f547da0-67f3-4908-a3ba-00b683c5d37b" testName="Patch_InvalidIdPropertyReturnsNotFound" computerName="VECTOR" duration="00:00:00.0150000" startTime="2018-08-11T16:03:13.5859008-04:00" endTime="2018-08-11T16:03:13.5859046-04:00" testType="13cdc9d9-ddb5-4fa4-a97d-d965ccfc6d4b" outcome="Passed" testListId="8c84fa94-04c1-424b-9868-57a2d4851a1d" relativeResultsDirectory="e78e3f42-e4e2-48ca-a285-d1e3945999c4" /><UnitTestResult executionId="943d5aae-293c-4ea5-a942-aa01927ef20a" testId="021cfda0-d484-4b7f-a445-88506328614e" testName="Patch_MultipleInvalidReferencePropertiesReturnsMultipleValidationErrorsAndBadRequest" computerName="VECTOR" duration="00:00:00.0120000" startTime="2018-08-11T16:03:06.3528860-04:00" endTime="2018-08-11T16:03:06.3528924-04:00" testType="13cdc9d9-ddb5-4fa4-a97d-d965ccfc6d4b" outcome="Passed" testListId="8c84fa94-04c1-424b-9868-57a2d4851a1d" relativeResultsDirectory="943d5aae-293c-4ea5-a942-aa01927ef20a" /><UnitTestResult executionId="322a7240-8bcd-444c-8101-8d5c80035e60" testId="ee19f2bc-6601-48fd-827a-6132d29eac60" testName="Patch_ValidReferencePropertyUpdatesModel" computerName="VECTOR" duration="00:00:00.3660000" startTime="2018-08-11T16:03:41.8570841-04:00" endTime="2018-08-11T16:03:41.8570911-04:00" testType="13cdc9d9-ddb5-4fa4-a97d-d965ccfc6d4b" outcome="Passed" testListId="8c84fa94-04c1-424b-9868-57a2d4851a1d" relativeResultsDirectory="322a7240-8bcd-444c-8101-8d5c80035e60" /><UnitTestResult executionId="5ac52211-684a-4799-b952-2cd05a8a787a" testId="d2386c30-714b-4610-9cc7-99700845b744" testName="PutFile_FileCanBeUpdated" computerName="VECTOR" duration="00:00:00.5280000" startTime="2018-08-11T16:03:36.9080160-04:00" endTime="2018-08-11T16:03:36.9080280-04:00" testType="13cdc9d9-ddb5-4fa4-a97d-d965ccfc6d4b" outcome="Passed" testListId="8c84fa94-04c1-424b-9868-57a2d4851a1d" relativeResultsDirectory="5ac52211-684a-4799-b952-2cd05a8a787a" /><UnitTestResult executionId="f3caa073-5b49-46e2-8003-9703b033206c" testId="b486303f-73db-4739-8585-f513713217c2" testName="Patch_TargetPropertyIsUpdated" computerName="VECTOR" duration="00:00:00.4010000" startTime="2018-08-11T16:03:18.5764635-04:00" endTime="2018-08-11T16:03:18.5764697-04:00" testType="13cdc9d9-ddb5-4fa4-a97d-d965ccfc6d4b" outcome="Passed" testListId="8c84fa94-04c1-424b-9868-57a2d4851a1d" relativeResultsDirectory="f3caa073-5b49-46e2-8003-9703b033206c" /><UnitTestResult executionId="ca6b7835-1b6d-4307-a38f-3f45dce6e552" testId="745fe098-77c0-47cc-8cac-4c0a31a502b2" testName="Put_CanUpdateModel" computerName="VECTOR" duration="00:00:00.3440000" startTime="2018-08-11T16:03:14.7439934-04:00" endTime="2018-08-11T16:03:14.7439999-04:00" testType="13cdc9d9-ddb5-4fa4-a97d-d965ccfc6d4b" outcome="Passed" testListId="8c84fa94-04c1-424b-9868-57a2d4851a1d" relativeResultsDirectory="ca6b7835-1b6d-4307-a38f-3f45dce6e552" /><UnitTestResult executionId="9e1998d5-d3e0-4bdb-a2c1-9cc6be6c9034" testId="8fd101ae-22f0-4e22-99d1-fb5fb204aa6f" testName="Patch_InvalidEnumPropertyValueReturnsBadRequest" computerName="VECTOR" duration="00:00:00.0370000" startTime="2018-08-11T16:03:32.2474983-04:00" endTime="2018-08-11T16:03:32.2475040-04:00" testType="13cdc9d9-ddb5-4fa4-a97d-d965ccfc6d4b" outcome="Passed" testListId="8c84fa94-04c1-424b-9868-57a2d4851a1d" relativeResultsDirectory="9e1998d5-d3e0-4bdb-a2c1-9cc6be6c9034" /><UnitTestResult executionId="662a8252-198b-4def-9e7f-1bf21cae1bb0" testId="45aa4a06-6eea-4c2d-ab16-dc935b554067" testName="GetSingle_ValidIdPropertyValueReturnsCorrectModel" computerName="VECTOR" duration="00:00:00.0190000" startTime="2018-08-11T16:03:14.7894746-04:00" endTime="2018-08-11T16:03:14.7894795-04:00" testType="13cdc9d9-ddb5-4fa4-a97d-d965ccfc6d4b" outcome="Passed" testListId="8c84fa94-04c1-424b-9868-57a2d4851a1d" relativeResultsDirectory="662a8252-198b-4def-9e7f-1bf21cae1bb0" /><UnitTestResult executionId="5b1394dc-e4ce-4087-b1e0-72c0b828538b" testId="2d8d392e-18ba-41fa-acc7-db396971135b" testName="Put_InvalidIdReturnsNotFound" computerName="VECTOR" duration="00:00:00.0770000" startTime="2018-08-11T16:03:16.0322773-04:00" endTime="2018-08-11T16:03:16.0322841-04:00" testType="13cdc9d9-ddb5-4fa4-a97d-d965ccfc6d4b" outcome="Passed" testListId="8c84fa94-04c1-424b-9868-57a2d4851a1d" relativeResultsDirectory="5b1394dc-e4ce-4087-b1e0-72c0b828538b" /><UnitTestResult executionId="80870e6f-5547-49d4-801c-d7b85aeb5efc" testId="85f01fe4-86a4-476e-bc4e-75360fc80772" testName="GetFile_ExistingFileReturnsSuccess" computerName="VECTOR" duration="00:00:00.0460000" startTime="2018-08-11T16:03:34.6933080-04:00" endTime="2018-08-11T16:03:34.6933147-04:00" testType="13cdc9d9-ddb5-4fa4-a97d-d965ccfc6d4b" outcome="Passed" testListId="8c84fa94-04c1-424b-9868-57a2d4851a1d" relativeResultsDirectory="80870e6f-5547-49d4-801c-d7b85aeb5efc" /><UnitTestResult executionId="743f0cb1-804d-4649-ba84-142059301f18" testId="34c56862-2154-46a8-87cb-0d058897e7bd" testName="FileRequest_FileCanBeReadAfterRename" computerName="VECTOR" duration="00:00:00.4940000" startTime="2018-08-11T16:03:32.2087300-04:00" endTime="2018-08-11T16:03:32.2087369-04:00" testType="13cdc9d9-ddb5-4fa4-a97d-d965ccfc6d4b" outcome="Passed" testListId="8c84fa94-04c1-424b-9868-57a2d4851a1d" relativeResultsDirectory="743f0cb1-804d-4649-ba84-142059301f18" /><UnitTestResult executionId="948a3a69-db72-4465-9ddd-76d557b2275c" testId="14039d82-c1cc-4f85-93b4-8b21b9e6f816" testName="PostFile_NewFileCanBePosted" computerName="VECTOR" duration="00:00:00.3390000" startTime="2018-08-11T16:03:26.0552740-04:00" endTime="2018-08-11T16:03:26.0552797-04:00" testType="13cdc9d9-ddb5-4fa4-a97d-d965ccfc6d4b" outcome="Passed" testListId="8c84fa94-04c1-424b-9868-57a2d4851a1d" relativeResultsDirectory="948a3a69-db72-4465-9ddd-76d557b2275c" /><UnitTestResult executionId="a32b3360-35c6-4c00-a144-bdbfc66bbc56" testId="a1ae680b-6b67-46d3-bba4-5a0cf0087f5c" testName="GetList_ListReturnsCorrectCount" computerName="VECTOR" duration="00:00:01.1480000" startTime="2018-08-11T16:03:15.9547798-04:00" endTime="2018-08-11T16:03:15.9547854-04:00" testType="13cdc9d9-ddb5-4fa4-a97d-d965ccfc6d4b" outcome="Passed" testListId="8c84fa94-04c1-424b-9868-57a2d4851a1d" relativeResultsDirectory="a32b3360-35c6-4c00-a144-bdbfc66bbc56" /><UnitTestResult executionId="a7e45565-fb3e-4af6-97f5-b29cd37e1437" testId="0fe3a794-e78e-4bd6-848f-36e24e8d9bab" testName="Patch_InvalidIdPropertyReturnsNotFound" computerName="VECTOR" duration="00:00:00.0260000" startTime="2018-08-11T16:03:08.5040979-04:00" endTime="2018-08-11T16:03:08.5041059-04:00" testType="13cdc9d9-ddb5-4fa4-a97d-d965ccfc6d4b" outcome="Passed" testListId="8c84fa94-04c1-424b-9868-57a2d4851a1d" relativeResultsDirectory="a7e45565-fb3e-4af6-97f5-b29cd37e1437" /><UnitTestResult executionId="0d7f4ecc-de5a-4c97-8837-907ea7b54c39" testId="b35c7c06-674b-4645-87a0-611d1c46efe1" testName="Post_ValidReferencePropertyCreatesModel" computerName="VECTOR" duration="00:00:00.4240000" startTime="2018-08-11T16:03:08.9281646-04:00" endTime="2018-08-11T16:03:08.9281707-04:00" testType="13cdc9d9-ddb5-4fa4-a97d-d965ccfc6d4b" outcome="Passed" testListId="8c84fa94-04c1-424b-9868-57a2d4851a1d" relativeResultsDirectory="0d7f4ecc-de5a-4c97-8837-907ea7b54c39" /><UnitTestResult executionId="392efb53-ffd5-4fe2-9cb7-a41a788de0ca" testId="98e9bb84-8bf4-4dd9-b343-d61551144734" testName="Put_ValidReferencePropertyUpdatesModel" computerName="VECTOR" duration="00:00:00.4390000" startTime="2018-08-11T16:03:13.2998436-04:00" endTime="2018-08-11T16:03:13.2998506-04:00" testType="13cdc9d9-ddb5-4fa4-a97d-d965ccfc6d4b" outcome="Passed" testListId="8c84fa94-04c1-424b-9868-57a2d4851a1d" relativeResultsDirectory="392efb53-ffd5-4fe2-9cb7-a41a788de0ca" /><UnitTestResult executionId="51b1b2df-7297-4d44-b13c-ea6786cea869" testId="d2aba5c5-c30d-4ed2-8e03-55ff93d28df8" testName="Post_InvalidReferencePropertyReturnsBadRequest" computerName="VECTOR" duration="00:00:00.0260000" startTime="2018-08-11T16:03:18.9594216-04:00" endTime="2018-08-11T16:03:18.9594272-04:00" testType="13cdc9d9-ddb5-4fa4-a97d-d965ccfc6d4b" outcome="Passed" testListId="8c84fa94-04c1-424b-9868-57a2d4851a1d" relativeResultsDirectory="51b1b2df-7297-4d44-b13c-ea6786cea869" /><UnitTestResult executionId="0333c859-3ccd-4d61-b337-d91a09f7f475" testId="80ee4525-e611-44da-bd2f-27c9085be65e" testName="Put_InvalidIdReturnsNotFound" computerName="VECTOR" duration="00:00:00.0530000" startTime="2018-08-11T16:03:05.7785298-04:00" endTime="2018-08-11T16:03:05.7785452-04:00" testType="13cdc9d9-ddb5-4fa4-a97d-d965ccfc6d4b" outcome="Passed" testListId="8c84fa94-04c1-424b-9868-57a2d4851a1d" relativeResultsDirectory="0333c859-3ccd-4d61-b337-d91a09f7f475" /><UnitTestResult executionId="44f2a127-45d3-4c59-8445-46e101963408" testId="d1271d38-2211-4685-90a3-0b900346775f" testName="Put_CanUpdateModel" computerName="VECTOR" duration="00:00:00.3130000" startTime="2018-08-11T16:03:34.6462500-04:00" endTime="2018-08-11T16:03:34.6462560-04:00" testType="13cdc9d9-ddb5-4fa4-a97d-d965ccfc6d4b" outcome="Passed" testListId="8c84fa94-04c1-424b-9868-57a2d4851a1d" relativeResultsDirectory="44f2a127-45d3-4c59-8445-46e101963408" /><UnitTestResult executionId="b8c87a3c-ca54-4acf-9e7a-aa713822d2ca" testId="cd92e217-6929-42e4-b08c-7c4a9fb6503a" testName="LucyModel3dHasTwoDependents" computerName="VECTOR" duration="00:00:00.3910000" startTime="2018-08-11T16:03:04.0506984-04:00" endTime="2018-08-11T16:03:04.0507048-04:00" testType="13cdc9d9-ddb5-4fa4-a97d-d965ccfc6d4b" outcome="Passed" testListId="8c84fa94-04c1-424b-9868-57a2d4851a1d" relativeResultsDirectory="b8c87a3c-ca54-4acf-9e7a-aa713822d2ca" /><UnitTestResult executionId="cab26681-29bc-4f9d-8fc8-3c3fc2f837bb" testId="1a675834-1b32-4a20-a1d9-0cb3bf9064f3" testName="LucyDepthBufferFindsOneDependent" computerName="VECTOR" duration="00:00:00.0030000" startTime="2018-08-11T16:03:04.0620467-04:00" endTime="2018-08-11T16:03:04.0620491-04:00" testType="13cdc9d9-ddb5-4fa4-a97d-d965ccfc6d4b" outcome="Passed" testListId="8c84fa94-04c1-424b-9868-57a2d4851a1d" relativeResultsDirectory="cab26681-29bc-4f9d-8fc8-3c3fc2f837bb" /><UnitTestResult executionId="94b6f350-aaaa-4dd2-8c2a-2442d49d66f5" testId="2397bc8d-7c47-4330-8f10-4fbd3196fde6" testName="Patch_ValidReferencePropertyUpdatesModel" computerName="VECTOR" duration="00:00:00.3390000" startTime="2018-08-11T16:03:34.0998480-04:00" endTime="2018-08-11T16:03:34.0998542-04:00" testType="13cdc9d9-ddb5-4fa4-a97d-d965ccfc6d4b" outcome="Passed" testListId="8c84fa94-04c1-424b-9868-57a2d4851a1d" relativeResultsDirectory="94b6f350-aaaa-4dd2-8c2a-2442d49d66f5" /><UnitTestResult executionId="23a0edd6-464c-48ca-a192-da97897ccde1" testId="aaf0aa1f-8c81-4460-af3c-ed5cad9cbc88" testName="GetSingle_InvalidIdPropertyValueReturnsNotFound" computerName="VECTOR" duration="00:00:00.0250000" startTime="2018-08-11T16:03:07.7538188-04:00" endTime="2018-08-11T16:03:07.7538256-04:00" testType="13cdc9d9-ddb5-4fa4-a97d-d965ccfc6d4b" outcome="Passed" testListId="8c84fa94-04c1-424b-9868-57a2d4851a1d" relativeResultsDirectory="23a0edd6-464c-48ca-a192-da97897ccde1" /><UnitTestResult executionId="113385ee-df01-4d0b-ad0e-e1ba64b1e706" testId="4b78d93e-6dc3-43f3-9b02-93ce6a7c3b91" testName="Post_InvalidReferencePropertyReturnsBadRequest" computerName="VECTOR" duration="00:00:00.0120000" startTime="2018-08-11T16:03:04.8180549-04:00" endTime="2018-08-11T16:03:04.8180600-04:00" testType="13cdc9d9-ddb5-4fa4-a97d-d965ccfc6d4b" outcome="Passed" testListId="8c84fa94-04c1-424b-9868-57a2d4851a1d" relativeResultsDirectory="113385ee-df01-4d0b-ad0e-e1ba64b1e706" /><UnitTestResult executionId="45944907-1c27-488f-908b-44052a157aa3" testId="51f6b911-4195-472c-a311-f96379754c97" testName="GetFile_ExistingFileReturnsSuccess" computerName="VECTOR" duration="00:00:00.0610000" startTime="2018-08-11T16:03:24.1802393-04:00" endTime="2018-08-11T16:03:24.1802467-04:00" testType="13cdc9d9-ddb5-4fa4-a97d-d965ccfc6d4b" outcome="Passed" testListId="8c84fa94-04c1-424b-9868-57a2d4851a1d" relativeResultsDirectory="45944907-1c27-488f-908b-44052a157aa3" /><UnitTestResult executionId="3b46f577-1543-40ee-809d-54821042fd70" testId="e0ed2f7f-5ab4-48d1-bb1d-ce30c1ebecf3" testName="PostFile_FileIsSynchronizedIsUpdatedAfterFileIsPosted" computerName="VECTOR" duration="00:00:00.0160000" startTime="2018-08-11T16:03:12.0423881-04:00" endTime="2018-08-11T16:03:12.0423922-04:00" testType="13cdc9d9-ddb5-4fa4-a97d-d965ccfc6d4b" outcome="Passed" testListId="8c84fa94-04c1-424b-9868-57a2d4851a1d" relativeResultsDirectory="3b46f577-1543-40ee-809d-54821042fd70" /><UnitTestResult executionId="28aaf3a3-e0bf-442e-8465-4384ae18e52f" testId="4a02c01b-d817-4821-a06a-a68f1399b4ca" testName="Put_CanUpdateModel" computerName="VECTOR" duration="00:00:00.8440000" startTime="2018-08-11T16:03:17.7555516-04:00" endTime="2018-08-11T16:03:17.7555640-04:00" testType="13cdc9d9-ddb5-4fa4-a97d-d965ccfc6d4b" outcome="Passed" testListId="8c84fa94-04c1-424b-9868-57a2d4851a1d" relativeResultsDirectory="28aaf3a3-e0bf-442e-8465-4384ae18e52f" /><UnitTestResult executionId="1500733c-6faf-4508-a3f6-2fbe01727860" testId="28bc7754-405d-472d-84d6-99531a38bbc8" testName="Patch_ValidReferencePropertyUpdatesModel" computerName="VECTOR" duration="00:00:00.3310000" startTime="2018-08-11T16:03:13.9281309-04:00" endTime="2018-08-11T16:03:13.9281380-04:00" testType="13cdc9d9-ddb5-4fa4-a97d-d965ccfc6d4b" outcome="Passed" testListId="8c84fa94-04c1-424b-9868-57a2d4851a1d" relativeResultsDirectory="1500733c-6faf-4508-a3f6-2fbe01727860" /><UnitTestResult executionId="9678cf44-97bb-4934-9197-f483df43ace6" testId="57b0a9fc-9c25-4200-b66e-cb857e6544cf" testName="GetList_ListReturnsCorrectCount" computerName="VECTOR" duration="00:00:00.0240000" startTime="2018-08-11T16:03:06.3405490-04:00" endTime="2018-08-11T16:03:06.3405555-04:00" testType="13cdc9d9-ddb5-4fa4-a97d-d965ccfc6d4b" outcome="Passed" testListId="8c84fa94-04c1-424b-9868-57a2d4851a1d" relativeResultsDirectory="9678cf44-97bb-4934-9197-f483df43ace6" /><UnitTestResult executionId="12b8f493-f2b1-4fa2-b123-332508d32105" testId="ca9d764b-0467-4e25-a19e-6686457e66fb" testName="Patch_InvalidPropertyNameReturnsBadRequest" computerName="VECTOR" duration="00:00:00.0200000" startTime="2018-08-11T16:03:32.2937187-04:00" endTime="2018-08-11T16:03:32.2937235-04:00" testType="13cdc9d9-ddb5-4fa4-a97d-d965ccfc6d4b" outcome="Passed" testListId="8c84fa94-04c1-424b-9868-57a2d4851a1d" relativeResultsDirectory="12b8f493-f2b1-4fa2-b123-332508d32105" /></Results><TestDefinitions><UnitTest name="GetSingle_InvalidIdPropertyValueReturnsNotFound" storage="d:\modelrelief\modelrelief.test\bin\debug\netcoreapp2.0\modelrelief.test.dll" id="2aedb54a-ad8e-4361-8315-65fe9a0238c7"><Execution id="1582ba9c-f10e-42c7-ac54-3eb1842d6743" /><TestMethod codeBase="D:\ModelRelief\ModelRelief.test\bin\Debug\netcoreapp2.0\ModelRelief.Test.dll" adapterTypeName="executor://xunit/VsTestRunner2/netcoreapp" className="ModelRelief.Test.Integration.Meshes.MeshesBaseIntegrationTests" name="GetSingle_InvalidIdPropertyValueReturnsNotFound" /></UnitTest><UnitTest name="FileRequest_MeshIsInvalidatedAfterDepthBufferFileBecomesUnsynchronized" storage="d:\modelrelief\modelrelief.test\bin\debug\netcoreapp2.0\modelrelief.test.dll" id="206c8800-9d5b-4895-b768-417afc8dd281"><Execution id="538a69c8-390c-44cd-994a-32e0fae020b2" /><TestMethod codeBase="D:\ModelRelief\ModelRelief.test\bin\Debug\netcoreapp2.0\ModelRelief.Test.dll" adapterTypeName="executor://xunit/VsTestRunner2/netcoreapp" className="ModelRelief.Test.Integration.Meshes.MeshesFileIntegrationTests" name="FileRequest_MeshIsInvalidatedAfterDepthBufferFileBecomesUnsynchronized" /></UnitTest><UnitTest name="Patch_MultipleInvalidReferencePropertiesReturnsMultipleValidationErrorsAndBadRequest" storage="d:\modelrelief\modelrelief.test\bin\debug\netcoreapp2.0\modelrelief.test.dll" id="017d5718-eed6-4d19-a5d5-1327918d2ffe"><Execution id="6b85f632-71da-44cb-ad44-1d046ed8c0e4" /><TestMethod codeBase="D:\ModelRelief\ModelRelief.test\bin\Debug\netcoreapp2.0\ModelRelief.Test.dll" adapterTypeName="executor://xunit/VsTestRunner2/netcoreapp" className="ModelRelief.Test.Integration.Meshes.MeshesBaseIntegrationTests" name="Patch_MultipleInvalidReferencePropertiesReturnsMultipleValidationErrorsAndBadRequest" /></UnitTest><UnitTest name="Post_CanCreateNewModel" storage="d:\modelrelief\modelrelief.test\bin\debug\netcoreapp2.0\modelrelief.test.dll" id="4f9fe9da-31c4-46db-9c07-3a20db23045f"><Execution id="3dc3a539-ddab-4ff9-8709-b1cce4017306" /><TestMethod codeBase="D:\ModelRelief\ModelRelief.test\bin\Debug\netcoreapp2.0\ModelRelief.Test.dll" adapterTypeName="executor://xunit/VsTestRunner2/netcoreapp" className="ModelRelief.Test.Integration.Models.ModelsBaseIntegrationTests" name="Post_CanCreateNewModel" /></UnitTest><UnitTest name="Post_CanCreateNewModel" storage="d:\modelrelief\modelrelief.test\bin\debug\netcoreapp2.0\modelrelief.test.dll" id="f412d86e-100e-499b-bd59-dd251f813096"><Execution id="5045669a-04ee-4030-a670-80d65633d3e6" /><TestMethod codeBase="D:\ModelRelief\ModelRelief.test\bin\Debug\netcoreapp2.0\ModelRelief.Test.dll" adapterTypeName="executor://xunit/VsTestRunner2/netcoreapp" className="ModelRelief.Test.Integration.Meshes.MeshesBaseIntegrationTests" name="Post_CanCreateNewModel" /></UnitTest><UnitTest name="Patch_ValidReferencePropertyUpdatesModel" storage="d:\modelrelief\modelrelief.test\bin\debug\netcoreapp2.0\modelrelief.test.dll" id="2397bc8d-7c47-4330-8f10-4fbd3196fde6"><Execution id="94b6f350-aaaa-4dd2-8c2a-2442d49d66f5" /><TestMethod codeBase="D:\ModelRelief\ModelRelief.test\bin\Debug\netcoreapp2.0\ModelRelief.Test.dll" adapterTypeName="executor://xunit/VsTestRunner2/netcoreapp" className="ModelRelief.Test.Integration.DepthBuffers.DepthBuffersBaseIntegrationTests" name="Patch_ValidReferencePropertyUpdatesModel" /></UnitTest><UnitTest name="GetFile_ExistingFileReturnsSuccess" storage="d:\modelrelief\modelrelief.test\bin\debug\netcoreapp2.0\modelrelief.test.dll" id="3b2033cd-ff7e-42c5-aa6d-66da7e720d6c"><Execution id="f1edeba8-51d6-4030-a9d2-2f19649533be" /><TestMethod codeBase="D:\ModelRelief\ModelRelief.test\bin\Debug\netcoreapp2.0\ModelRelief.Test.dll" adapterTypeName="executor://xunit/VsTestRunner2/netcoreapp" className="ModelRelief.Test.Integration.Models.ModelsFileIntegrationTests" name="GetFile_ExistingFileReturnsSuccess" /></UnitTest><UnitTest name="Post_ValidReferencePropertyCreatesModel" storage="d:\modelrelief\modelrelief.test\bin\debug\netcoreapp2.0\modelrelief.test.dll" id="a428334e-ae11-45c2-913e-ab1b035ff909"><Execution id="9c41e31b-69f2-410b-8264-7192ad1c4df9" /><TestMethod codeBase="D:\ModelRelief\ModelRelief.test\bin\Debug\netcoreapp2.0\ModelRelief.Test.dll" adapterTypeName="executor://xunit/VsTestRunner2/netcoreapp" className="ModelRelief.Test.Integration.DepthBuffers.DepthBuffersBaseIntegrationTests" name="Post_ValidReferencePropertyCreatesModel" /></UnitTest><UnitTest name="LucyCameraFindsAllDependents" storage="d:\modelrelief\modelrelief.test\bin\debug\netcoreapp2.0\modelrelief.test.dll" id="05fe42cd-0224-4655-ac9e-7dc795f0e957"><Execution id="6ab7c698-34b5-4298-85e3-f8103090948e" /><TestMethod codeBase="D:\ModelRelief\ModelRelief.test\bin\Debug\netcoreapp2.0\ModelRelief.Test.dll" adapterTypeName="executor://xunit/VsTestRunner2/netcoreapp" className="ModelRelief.Test.Unit.DependencyManager.DependencyManagerTests" name="LucyCameraFindsAllDependents" /></UnitTest><UnitTest name="Put_InvalidReferencePropertyReturndBadRequest" storage="d:\modelrelief\modelrelief.test\bin\debug\netcoreapp2.0\modelrelief.test.dll" id="34bbb852-6150-4923-b19e-bf6ac6496dd9"><Execution id="a0eddb0e-22c6-4c12-af98-1b2598d58794" /><TestMethod codeBase="D:\ModelRelief\ModelRelief.test\bin\Debug\netcoreapp2.0\ModelRelief.Test.dll" adapterTypeName="executor://xunit/VsTestRunner2/netcoreapp" className="ModelRelief.Test.Integration.MeshTransforms.MeshTransformsBaseIntegrationTests" name="Put_InvalidReferencePropertyReturndBadRequest" /></UnitTest><UnitTest name="PutFile_FileCanBeUpdated" storage="d:\modelrelief\modelrelief.test\bin\debug\netcoreapp2.0\modelrelief.test.dll" id="d2386c30-714b-4610-9cc7-99700845b744"><Execution id="5ac52211-684a-4799-b952-2cd05a8a787a" /><TestMethod codeBase="D:\ModelRelief\ModelRelief.test\bin\Debug\netcoreapp2.0\ModelRelief.Test.dll" adapterTypeName="executor://xunit/VsTestRunner2/netcoreapp" className="ModelRelief.Test.Integration.DepthBuffers.DepthBuffersFileIntegrationTests" name="PutFile_FileCanBeUpdated" /></UnitTest><UnitTest name="Put_CanUpdateModel" storage="d:\modelrelief\modelrelief.test\bin\debug\netcoreapp2.0\modelrelief.test.dll" id="745fe098-77c0-47cc-8cac-4c0a31a502b2"><Execution id="ca6b7835-1b6d-4307-a38f-3f45dce6e552" /><TestMethod codeBase="D:\ModelRelief\ModelRelief.test\bin\Debug\netcoreapp2.0\ModelRelief.Test.dll" adapterTypeName="executor://xunit/VsTestRunner2/netcoreapp" className="ModelRelief.Test.Integration.MeshTransforms.MeshTransformsBaseIntegrationTests" name="Put_CanUpdateModel" /></UnitTest><UnitTest name="Put_InvalidReferencePropertyReturndBadRequest" storage="d:\modelrelief\modelrelief.test\bin\debug\netcoreapp2.0\modelrelief.test.dll" id="1c5dd807-b1cc-4558-bf20-18e59918d8f7"><Execution id="b650cc24-bd0c-445b-883e-d551112d785c" /><TestMethod codeBase="D:\ModelRelief\ModelRelief.test\bin\Debug\netcoreapp2.0\ModelRelief.Test.dll" adapterTypeName="executor://xunit/VsTestRunner2/netcoreapp" className="ModelRelief.Test.Integration.Models.ModelsBaseIntegrationTests" name="Put_InvalidReferencePropertyReturndBadRequest" /></UnitTest><UnitTest name="Patch_InvalidReferencePropertyReturnsBadRequest" storage="d:\modelrelief\modelrelief.test\bin\debug\netcoreapp2.0\modelrelief.test.dll" id="a582eaa0-0e31-4000-950d-3ef11a2f15c5"><Execution id="862d8e57-32fe-44ea-99c3-be9a810b08c5" /><TestMethod codeBase="D:\ModelRelief\ModelRelief.test\bin\Debug\netcoreapp2.0\ModelRelief.Test.dll" adapterTypeName="executor://xunit/VsTestRunner2/netcoreapp" className="ModelRelief.Test.Integration.Models.ModelsBaseIntegrationTests" name="Patch_InvalidReferencePropertyReturnsBadRequest" /></UnitTest><UnitTest name="GetSingle_InvalidIdPropertyValueReturnsNotFound" storage="d:\modelrelief\modelrelief.test\bin\debug\netcoreapp2.0\modelrelief.test.dll" id="ae0e5968-684f-47e8-9094-cce9a9494388"><Execution id="bd861561-4a45-4f6d-8998-1257df2a1d8c" /><TestMethod codeBase="D:\ModelRelief\ModelRelief.test\bin\Debug\netcoreapp2.0\ModelRelief.Test.dll" adapterTypeName="executor://xunit/VsTestRunner2/netcoreapp" className="ModelRelief.Test.Integration.DepthBuffers.DepthBuffersBaseIntegrationTests" name="GetSingle_InvalidIdPropertyValueReturnsNotFound" /></UnitTest><UnitTest name="FileRequest_FileCanBeReadAfterRename" storage="d:\modelrelief\modelrelief.test\bin\debug\netcoreapp2.0\modelrelief.test.dll" id="f08364c7-786f-4358-84a9-d61f96c4aa14"><Execution id="1983fd8f-5f64-4ad0-8dcf-46062031bd8c" /><TestMethod codeBase="D:\ModelRelief\ModelRelief.test\bin\Debug\netcoreapp2.0\ModelRelief.Test.dll" adapterTypeName="executor://xunit/VsTestRunner2/netcoreapp" className="ModelRelief.Test.Integration.DepthBuffers.DepthBuffersFileIntegrationTests" name="FileRequest_FileCanBeReadAfterRename" /></UnitTest><UnitTest name="Patch_InvalidEnumPropertyValueReturnsBadRequest" storage="d:\modelrelief\modelrelief.test\bin\debug\netcoreapp2.0\modelrelief.test.dll" id="84ae06ee-3e9b-4740-8aaf-2033d4b0d370"><Execution id="d59f04ce-44cb-4c65-b749-f33cc6e52430" /><TestMethod codeBase="D:\ModelRelief\ModelRelief.test\bin\Debug\netcoreapp2.0\ModelRelief.Test.dll" adapterTypeName="executor://xunit/VsTestRunner2/netcoreapp" className="ModelRelief.Test.Integration.Projects.ProjectsBaseIntegrationTests" name="Patch_InvalidEnumPropertyValueReturnsBadRequest" /></UnitTest><UnitTest name="FileRequest_MeshGenerateSetsFileIsSynchronized" storage="d:\modelrelief\modelrelief.test\bin\debug\netcoreapp2.0\modelrelief.test.dll" id="0b083a2d-4e0b-4beb-9516-91e0887035ea"><Execution id="a7331762-2905-4868-9b42-325b8f972651" /><TestMethod codeBase="D:\ModelRelief\ModelRelief.test\bin\Debug\netcoreapp2.0\ModelRelief.Test.dll" adapterTypeName="executor://xunit/VsTestRunner2/netcoreapp" className="ModelRelief.Test.Integration.Meshes.MeshesFileIntegrationTests" name="FileRequest_MeshGenerateSetsFileIsSynchronized" /></UnitTest><UnitTest name="Patch_TargetPropertyIsUpdated" storage="d:\modelrelief\modelrelief.test\bin\debug\netcoreapp2.0\modelrelief.test.dll" id="ac741aac-6a89-4317-9ce5-adf4a9d711a0"><Execution id="2ee08c46-dca6-4284-8725-c49cc67b0ae4" /><TestMethod codeBase="D:\ModelRelief\ModelRelief.test\bin\Debug\netcoreapp2.0\ModelRelief.Test.dll" adapterTypeName="executor://xunit/VsTestRunner2/netcoreapp" className="ModelRelief.Test.Integration.Models.ModelsBaseIntegrationTests" name="Patch_TargetPropertyIsUpdated" /></UnitTest><UnitTest name="Put_ValidReferencePropertyUpdatesModel" storage="d:\modelrelief\modelrelief.test\bin\debug\netcoreapp2.0\modelrelief.test.dll" id="829b03db-84a2-458d-87d4-9147dda14b0b"><Execution id="02a9566b-c172-4f4e-9921-7a00d7a2c75e" /><TestMethod codeBase="D:\ModelRelief\ModelRelief.test\bin\Debug\netcoreapp2.0\ModelRelief.Test.dll" adapterTypeName="executor://xunit/VsTestRunner2/netcoreapp" className="ModelRelief.Test.Integration.Cameras.CamerasBaseIntegrationTests" name="Put_ValidReferencePropertyUpdatesModel" /></UnitTest><UnitTest name="Post_InvalidPropertyValueReturnsBadRequest" storage="d:\modelrelief\modelrelief.test\bin\debug\netcoreapp2.0\modelrelief.test.dll" id="edb9ad07-dc0c-424f-977d-5c805c3276d8"><Execution id="c24e7929-ad85-4b3a-9738-1319cc60aefb" /><TestMethod codeBase="D:\ModelRelief\ModelRelief.test\bin\Debug\netcoreapp2.0\ModelRelief.Test.dll" adapterTypeName="executor://xunit/VsTestRunner2/netcoreapp" className="ModelRelief.Test.Integration.Meshes.MeshesBaseIntegrationTests" name="Post_InvalidPropertyValueReturnsBadRequest" /></UnitTest><UnitTest name="GetFile_FileCanBeRoundTripped" storage="d:\modelrelief\modelrelief.test\bin\debug\netcoreapp2.0\modelrelief.test.dll" id="dbf0d986-425d-4ac3-8c37-90676e60d367"><Execution id="1e13bc85-8c7a-4c65-bc24-02b0041c8ce7" /><TestMethod codeBase="D:\ModelRelief\ModelRelief.test\bin\Debug\netcoreapp2.0\ModelRelief.Test.dll" adapterTypeName="executor://xunit/VsTestRunner2/netcoreapp" className="ModelRelief.Test.Integration.Meshes.MeshesFileIntegrationTests" name="GetFile_FileCanBeRoundTripped" /></UnitTest><UnitTest name="Delete_TargetModelIsDeleted" storage="d:\modelrelief\modelrelief.test\bin\debug\netcoreapp2.0\modelrelief.test.dll" id="c497066d-5b13-4993-8ae5-02007e9485a7"><Execution id="80745111-7060-4644-b630-23d3867dcd9a" /><TestMethod codeBase="D:\ModelRelief\ModelRelief.test\bin\Debug\netcoreapp2.0\ModelRelief.Test.dll" adapterTypeName="executor://xunit/VsTestRunner2/netcoreapp" className="ModelRelief.Test.Integration.Cameras.CamerasBaseIntegrationTests" name="Delete_TargetModelIsDeleted" /></UnitTest><UnitTest name="GetFile_ExistingFileReturnsSuccess" storage="d:\modelrelief\modelrelief.test\bin\debug\netcoreapp2.0\modelrelief.test.dll" id="51f6b911-4195-472c-a311-f96379754c97"><Execution id="45944907-1c27-488f-908b-44052a157aa3" /><TestMethod codeBase="D:\ModelRelief\ModelRelief.test\bin\Debug\netcoreapp2.0\ModelRelief.Test.dll" adapterTypeName="executor://xunit/VsTestRunner2/netcoreapp" className="ModelRelief.Test.Integration.Meshes.MeshesFileIntegrationTests" name="GetFile_ExistingFileReturnsSuccess" /></UnitTest><UnitTest name="GetList_ListReturnsCorrectCount" storage="d:\modelrelief\modelrelief.test\bin\debug\netcoreapp2.0\modelrelief.test.dll" id="57b0a9fc-9c25-4200-b66e-cb857e6544cf"><Execution id="9678cf44-97bb-4934-9197-f483df43ace6" /><TestMethod codeBase="D:\ModelRelief\ModelRelief.test\bin\Debug\netcoreapp2.0\ModelRelief.Test.dll" adapterTypeName="executor://xunit/VsTestRunner2/netcoreapp" className="ModelRelief.Test.Integration.Projects.ProjectsBaseIntegrationTests" name="GetList_ListReturnsCorrectCount" /></UnitTest><UnitTest name="PostFile_FileTimeStampIsUpdatedAfterFileIsPosted" storage="d:\modelrelief\modelrelief.test\bin\debug\netcoreapp2.0\modelrelief.test.dll" id="9ce7d52b-4481-409b-9218-513da2703119"><Execution id="2bc24242-e7ec-4a71-9672-b1e930545976" /><TestMethod codeBase="D:\ModelRelief\ModelRelief.test\bin\Debug\netcoreapp2.0\ModelRelief.Test.dll" adapterTypeName="executor://xunit/VsTestRunner2/netcoreapp" className="ModelRelief.Test.Integration.Meshes.MeshesFileIntegrationTests" name="PostFile_FileTimeStampIsUpdatedAfterFileIsPosted" /></UnitTest><UnitTest name="Post_InvalidReferencePropertyReturnsBadRequest" storage="d:\modelrelief\modelrelief.test\bin\debug\netcoreapp2.0\modelrelief.test.dll" id="933b04fe-bfba-4c8e-8e87-650ac0cb8092"><Execution id="49c78de3-af46-4aac-92d2-dca412046051" /><TestMethod codeBase="D:\ModelRelief\ModelRelief.test\bin\Debug\netcoreapp2.0\ModelRelief.Test.dll" adapterTypeName="executor://xunit/VsTestRunner2/netcoreapp" className="ModelRelief.Test.Integration.DepthBuffers.DepthBuffersBaseIntegrationTests" name="Post_InvalidReferencePropertyReturnsBadRequest" /></UnitTest><UnitTest name="GetSingle_InvalidIdPropertyValueReturnsNotFound" storage="d:\modelrelief\modelrelief.test\bin\debug\netcoreapp2.0\modelrelief.test.dll" id="aaf0aa1f-8c81-4460-af3c-ed5cad9cbc88"><Execution id="23a0edd6-464c-48ca-a192-da97897ccde1" /><TestMethod codeBase="D:\ModelRelief\ModelRelief.test\bin\Debug\netcoreapp2.0\ModelRelief.Test.dll" adapterTypeName="executor://xunit/VsTestRunner2/netcoreapp" className="ModelRelief.Test.Integration.Models.ModelsBaseIntegrationTests" name="GetSingle_InvalidIdPropertyValueReturnsNotFound" /></UnitTest><UnitTest name="GetSingle_InvalidIdPropertyValueReturnsNotFound" storage="d:\modelrelief\modelrelief.test\bin\debug\netcoreapp2.0\modelrelief.test.dll" id="ae837a5a-4b7f-410d-966c-bf393886e5a6"><Execution id="1333b51b-3c1c-442f-99f0-4c899b9ba83c" /><TestMethod codeBase="D:\ModelRelief\ModelRelief.test\bin\Debug\netcoreapp2.0\ModelRelief.Test.dll" adapterTypeName="executor://xunit/VsTestRunner2/netcoreapp" className="ModelRelief.Test.Integration.Projects.ProjectsBaseIntegrationTests" name="GetSingle_InvalidIdPropertyValueReturnsNotFound" /></UnitTest><UnitTest name="GetSingle_ValidIdPropertyValueReturnsCorrectModel" storage="d:\modelrelief\modelrelief.test\bin\debug\netcoreapp2.0\modelrelief.test.dll" id="252c3a7b-abdf-4e37-a154-ac74f6e5a8ec"><Execution id="59c709c5-e138-4985-bcac-9554742eab80" /><TestMethod codeBase="D:\ModelRelief\ModelRelief.test\bin\Debug\netcoreapp2.0\ModelRelief.Test.dll" adapterTypeName="executor://xunit/VsTestRunner2/netcoreapp" className="ModelRelief.Test.Integration.Cameras.CamerasBaseIntegrationTests" name="GetSingle_ValidIdPropertyValueReturnsCorrectModel" /></UnitTest><UnitTest name="Put_CanUpdateModel" storage="d:\modelrelief\modelrelief.test\bin\debug\netcoreapp2.0\modelrelief.test.dll" id="d1271d38-2211-4685-90a3-0b900346775f"><Execution id="44f2a127-45d3-4c59-8445-46e101963408" /><TestMethod codeBase="D:\ModelRelief\ModelRelief.test\bin\Debug\netcoreapp2.0\ModelRelief.Test.dll" adapterTypeName="executor://xunit/VsTestRunner2/netcoreapp" className="ModelRelief.Test.Integration.DepthBuffers.DepthBuffersBaseIntegrationTests" name="Put_CanUpdateModel" /></UnitTest><UnitTest name="Delete_TargetModelIsDeleted" storage="d:\modelrelief\modelrelief.test\bin\debug\netcoreapp2.0\modelrelief.test.dll" id="4a2bc103-b1d1-41ef-8e0c-91a397bd7699"><Execution id="794dae19-c68c-4d94-8121-91779007d75d" /><TestMethod codeBase="D:\ModelRelief\ModelRelief.test\bin\Debug\netcoreapp2.0\ModelRelief.Test.dll" adapterTypeName="executor://xunit/VsTestRunner2/netcoreapp" className="ModelRelief.Test.Integration.Models.ModelsBaseIntegrationTests" name="Delete_TargetModelIsDeleted" /></UnitTest><UnitTest name="PutFile_FileCanBeUpdated" storage="d:\modelrelief\modelrelief.test\bin\debug\netcoreapp2.0\modelrelief.test.dll" id="6cfcd5d6-f0ba-4e5a-b79a-b1c762b83495"><Execution id="396fb657-7341-4407-9ea1-5a6945f38566" /><TestMethod codeBase="D:\ModelRelief\ModelRelief.test\bin\Debug\netcoreapp2.0\ModelRelief.Test.dll" adapterTypeName="executor://xunit/VsTestRunner2/netcoreapp" className="ModelRelief.Test.Integration.Models.ModelsFileIntegrationTests" name="PutFile_FileCanBeUpdated" /></UnitTest><UnitTest name="Patch_ValidReferencePropertyUpdatesModel" storage="d:\modelrelief\modelrelief.test\bin\debug\netcoreapp2.0\modelrelief.test.dll" id="ee19f2bc-6601-48fd-827a-6132d29eac60"><Execution id="322a7240-8bcd-444c-8101-8d5c80035e60" /><TestMethod codeBase="D:\ModelRelief\ModelRelief.test\bin\Debug\netcoreapp2.0\ModelRelief.Test.dll" adapterTypeName="executor://xunit/VsTestRunner2/netcoreapp" className="ModelRelief.Test.Integration.Cameras.CamerasBaseIntegrationTests" name="Patch_ValidReferencePropertyUpdatesModel" /></UnitTest><UnitTest name="PutFile_NewFileCanBePut" storage="d:\modelrelief\modelrelief.test\bin\debug\netcoreapp2.0\modelrelief.test.dll" id="5c67f288-8794-4da1-90e4-27076db403fa"><Execution id="d525d911-b2c5-491e-9f36-99f30171286f" /><TestMethod codeBase="D:\ModelRelief\ModelRelief.test\bin\Debug\netcoreapp2.0\ModelRelief.Test.dll" adapterTypeName="executor://xunit/VsTestRunner2/netcoreapp" className="ModelRelief.Test.Integration.Models.ModelsFileIntegrationTests" name="PutFile_NewFileCanBePut" /></UnitTest><UnitTest name="GetFile_ExistingFileReturnsSuccess" storage="d:\modelrelief\modelrelief.test\bin\debug\netcoreapp2.0\modelrelief.test.dll" id="85f01fe4-86a4-476e-bc4e-75360fc80772"><Execution id="80870e6f-5547-49d4-801c-d7b85aeb5efc" /><TestMethod codeBase="D:\ModelRelief\ModelRelief.test\bin\Debug\netcoreapp2.0\ModelRelief.Test.dll" adapterTypeName="executor://xunit/VsTestRunner2/netcoreapp" className="ModelRelief.Test.Integration.DepthBuffers.DepthBuffersFileIntegrationTests" name="GetFile_ExistingFileReturnsSuccess" /></UnitTest><UnitTest name="Patch_ValidReferencePropertyUpdatesModel" storage="d:\modelrelief\modelrelief.test\bin\debug\netcoreapp2.0\modelrelief.test.dll" id="ca9a96e4-8dba-452e-9a59-5e1d489a817a"><Execution id="006ccdf6-897d-4b37-97b1-a5d263a79f52" /><TestMethod codeBase="D:\ModelRelief\ModelRelief.test\bin\Debug\netcoreapp2.0\ModelRelief.Test.dll" adapterTypeName="executor://xunit/VsTestRunner2/netcoreapp" className="ModelRelief.Test.Integration.Models.ModelsBaseIntegrationTests" name="Patch_ValidReferencePropertyUpdatesModel" /></UnitTest><UnitTest name="Post_ValidReferencePropertyCreatesModel" storage="d:\modelrelief\modelrelief.test\bin\debug\netcoreapp2.0\modelrelief.test.dll" id="b35c7c06-674b-4645-87a0-611d1c46efe1"><Execution id="0d7f4ecc-de5a-4c97-8837-907ea7b54c39" /><TestMethod codeBase="D:\ModelRelief\ModelRelief.test\bin\Debug\netcoreapp2.0\ModelRelief.Test.dll" adapterTypeName="executor://xunit/VsTestRunner2/netcoreapp" className="ModelRelief.Test.Integration.Models.ModelsBaseIntegrationTests" name="Post_ValidReferencePropertyCreatesModel" /></UnitTest><UnitTest name="Put_InvalidReferencePropertyReturndBadRequest" storage="d:\modelrelief\modelrelief.test\bin\debug\netcoreapp2.0\modelrelief.test.dll" id="1f7dadc0-112e-41cc-a050-a951688c042f"><Execution id="9b082147-33ca-474b-b30d-e0590d15aadf" /><TestMethod codeBase="D:\ModelRelief\ModelRelief.test\bin\Debug\netcoreapp2.0\ModelRelief.Test.dll" adapterTypeName="executor://xunit/VsTestRunner2/netcoreapp" className="ModelRelief.Test.Integration.Projects.ProjectsBaseIntegrationTests" name="Put_InvalidReferencePropertyReturndBadRequest" /></UnitTest><UnitTest name="Post_ValidReferencePropertyCreatesModel" storage="d:\modelrelief\modelrelief.test\bin\debug\netcoreapp2.0\modelrelief.test.dll" id="9dae1c74-6bed-4393-82a7-f7876b69a667"><Execution id="b2b511d2-df95-4d56-bbb9-3680e6fdf95e" /><TestMethod codeBase="D:\ModelRelief\ModelRelief.test\bin\Debug\netcoreapp2.0\ModelRelief.Test.dll" adapterTypeName="executor://xunit/VsTestRunner2/netcoreapp" className="ModelRelief.Test.Integration.Meshes.MeshesBaseIntegrationTests" name="Post_ValidReferencePropertyCreatesModel" /></UnitTest><UnitTest name="Patch_ValidReferencePropertyUpdatesModel" storage="d:\modelrelief\modelrelief.test\bin\debug\netcoreapp2.0\modelrelief.test.dll" id="28bc7754-405d-472d-84d6-99531a38bbc8"><Execution id="1500733c-6faf-4508-a3f6-2fbe01727860" /><TestMethod codeBase="D:\ModelRelief\ModelRelief.test\bin\Debug\netcoreapp2.0\ModelRelief.Test.dll" adapterTypeName="executor://xunit/VsTestRunner2/netcoreapp" className="ModelRelief.Test.Integration.MeshTransforms.MeshTransformsBaseIntegrationTests" name="Patch_ValidReferencePropertyUpdatesModel" /></UnitTest><UnitTest name="PostFile_FileIsSynchronizedIsUpdatedAfterFileIsPosted" storage="d:\modelrelief\modelrelief.test\bin\debug\netcoreapp2.0\modelrelief.test.dll" id="6774aa2f-60b4-466f-af41-a4852c8d9b7e"><Execution id="8db82f76-80bf-4cb3-8e74-3871e47b933c" /><TestMethod codeBase="D:\ModelRelief\ModelRelief.test\bin\Debug\netcoreapp2.0\ModelRelief.Test.dll" adapterTypeName="executor://xunit/VsTestRunner2/netcoreapp" className="ModelRelief.Test.Integration.DepthBuffers.DepthBuffersFileIntegrationTests" name="PostFile_FileIsSynchronizedIsUpdatedAfterFileIsPosted" /></UnitTest><UnitTest name="PostFile_FileTimeStampIsUpdatedAfterFileIsPosted" storage="d:\modelrelief\modelrelief.test\bin\debug\netcoreapp2.0\modelrelief.test.dll" id="9874c386-c58a-4974-bc79-3fa56c26092c"><Execution id="1810414d-8068-48b0-ae07-f3d0e9e61a12" /><TestMethod codeBase="D:\ModelRelief\ModelRelief.test\bin\Debug\netcoreapp2.0\ModelRelief.Test.dll" adapterTypeName="executor://xunit/VsTestRunner2/netcoreapp" className="ModelRelief.Test.Integration.Models.ModelsFileIntegrationTests" name="PostFile_FileTimeStampIsUpdatedAfterFileIsPosted" /></UnitTest><UnitTest name="Patch_InvalidReferencePropertyReturnsBadRequest" storage="d:\modelrelief\modelrelief.test\bin\debug\netcoreapp2.0\modelrelief.test.dll" id="090b0663-1fd5-4478-8c42-1593ebe07ebc"><Execution id="ec9e95e5-736e-4019-8858-a0e41c69cd32" /><TestMethod codeBase="D:\ModelRelief\ModelRelief.test\bin\Debug\netcoreapp2.0\ModelRelief.Test.dll" adapterTypeName="executor://xunit/VsTestRunner2/netcoreapp" className="ModelRelief.Test.Integration.Meshes.MeshesBaseIntegrationTests" name="Patch_InvalidReferencePropertyReturnsBadRequest" /></UnitTest><UnitTest name="Patch_InvalidEnumPropertyValueReturnsBadRequest" storage="d:\modelrelief\modelrelief.test\bin\debug\netcoreapp2.0\modelrelief.test.dll" id="8fd101ae-22f0-4e22-99d1-fb5fb204aa6f"><Execution id="9e1998d5-d3e0-4bdb-a2c1-9cc6be6c9034" /><TestMethod codeBase="D:\ModelRelief\ModelRelief.test\bin\Debug\netcoreapp2.0\ModelRelief.Test.dll" adapterTypeName="executor://xunit/VsTestRunner2/netcoreapp" className="ModelRelief.Test.Integration.DepthBuffers.DepthBuffersBaseIntegrationTests" name="Patch_InvalidEnumPropertyValueReturnsBadRequest" /></UnitTest><UnitTest name="Post_InvalidPropertyValueReturnsBadRequest" storage="d:\modelrelief\modelrelief.test\bin\debug\netcoreapp2.0\modelrelief.test.dll" id="bfc3f703-64bf-4905-8f08-37ce4df4fb29"><Execution id="1faf4217-8ab7-4c6a-9a92-01f22f26f54d" /><TestMethod codeBase="D:\ModelRelief\ModelRelief.test\bin\Debug\netcoreapp2.0\ModelRelief.Test.dll" adapterTypeName="executor://xunit/VsTestRunner2/netcoreapp" className="ModelRelief.Test.Integration.MeshTransforms.MeshTransformsBaseIntegrationTests" name="Post_InvalidPropertyValueReturnsBadRequest" /></UnitTest><UnitTest name="GetSingle_ValidIdPropertyValueReturnsCorrectModel" storage="d:\modelrelief\modelrelief.test\bin\debug\netcoreapp2.0\modelrelief.test.dll" id="7effd1c5-4d61-412a-9512-166b5f832117"><Execution id="dddfa709-5479-48a4-b9c1-d49d1c034bcf" /><TestMethod codeBase="D:\ModelRelief\ModelRelief.test\bin\Debug\netcoreapp2.0\ModelRelief.Test.dll" adapterTypeName="executor://xunit/VsTestRunner2/netcoreapp" className="ModelRelief.Test.Integration.Projects.ProjectsBaseIntegrationTests" name="GetSingle_ValidIdPropertyValueReturnsCorrectModel" /></UnitTest><UnitTest name="GetSingle_ValidIdPropertyValueReturnsCorrectModel" storage="d:\modelrelief\modelrelief.test\bin\debug\netcoreapp2.0\modelrelief.test.dll" id="62079104-8083-4a9e-9227-dd8e0f27c578"><Execution id="f29baef4-24e6-4847-a5c2-84831d0537da" /><TestMethod codeBase="D:\ModelRelief\ModelRelief.test\bin\Debug\netcoreapp2.0\ModelRelief.Test.dll" adapterTypeName="executor://xunit/VsTestRunner2/netcoreapp" className="ModelRelief.Test.Integration.Meshes.MeshesBaseIntegrationTests" name="GetSingle_ValidIdPropertyValueReturnsCorrectModel" /></UnitTest><UnitTest name="Patch_MultipleInvalidReferencePropertiesReturnsMultipleValidationErrorsAndBadRequest" storage="d:\modelrelief\modelrelief.test\bin\debug\netcoreapp2.0\modelrelief.test.dll" id="021cfda0-d484-4b7f-a445-88506328614e"><Execution id="943d5aae-293c-4ea5-a942-aa01927ef20a" /><TestMethod codeBase="D:\ModelRelief\ModelRelief.test\bin\Debug\netcoreapp2.0\ModelRelief.Test.dll" adapterTypeName="executor://xunit/VsTestRunner2/netcoreapp" className="ModelRelief.Test.Integration.Projects.ProjectsBaseIntegrationTests" name="Patch_MultipleInvalidReferencePropertiesReturnsMultipleValidationErrorsAndBadRequest" /></UnitTest><UnitTest name="FileRequest_FileCanBeReadAfterRename" storage="d:\modelrelief\modelrelief.test\bin\debug\netcoreapp2.0\modelrelief.test.dll" id="f4dd041f-b5aa-4a0c-9ba1-023863d21941"><Execution id="8071b5aa-cb63-4d7b-96e1-f10614586fbe" /><TestMethod codeBase="D:\ModelRelief\ModelRelief.test\bin\Debug\netcoreapp2.0\ModelRelief.Test.dll" adapterTypeName="executor://xunit/VsTestRunner2/netcoreapp" className="ModelRelief.Test.Integration.Models.ModelsFileIntegrationTests" name="FileRequest_FileCanBeReadAfterRename" /></UnitTest><UnitTest name="Put_InvalidReferencePropertyReturndBadRequest" storage="d:\modelrelief\modelrelief.test\bin\debug\netcoreapp2.0\modelrelief.test.dll" id="a4e7788b-8886-438b-8130-3937bf3c91f1"><Execution id="12bdbc90-d34c-4171-8437-671df20c575a" /><TestMethod codeBase="D:\ModelRelief\ModelRelief.test\bin\Debug\netcoreapp2.0\ModelRelief.Test.dll" adapterTypeName="executor://xunit/VsTestRunner2/netcoreapp" className="ModelRelief.Test.Integration.DepthBuffers.DepthBuffersBaseIntegrationTests" name="Put_InvalidReferencePropertyReturndBadRequest" /></UnitTest><UnitTest name="Put_InvalidIdReturnsNotFound" storage="d:\modelrelief\modelrelief.test\bin\debug\netcoreapp2.0\modelrelief.test.dll" id="f7803e2f-0353-40b1-ac74-54087bb2d3b5"><Execution id="bcacb164-2aa3-4fbe-bb26-30cdb1189122" /><TestMethod codeBase="D:\ModelRelief\ModelRelief.test\bin\Debug\netcoreapp2.0\ModelRelief.Test.dll" adapterTypeName="executor://xunit/VsTestRunner2/netcoreapp" className="ModelRelief.Test.Integration.Cameras.CamerasBaseIntegrationTests" name="Put_InvalidIdReturnsNotFound" /></UnitTest><UnitTest name="Patch_InvalidPropertyNameReturnsBadRequest" storage="d:\modelrelief\modelrelief.test\bin\debug\netcoreapp2.0\modelrelief.test.dll" id="cf8de2f5-e8a7-479d-94fe-87ef886f21b1"><Execution id="31b4571e-069e-413d-a9a1-5e463ca25bd3" /><TestMethod codeBase="D:\ModelRelief\ModelRelief.test\bin\Debug\netcoreapp2.0\ModelRelief.Test.dll" adapterTypeName="executor://xunit/VsTestRunner2/netcoreapp" className="ModelRelief.Test.Integration.Projects.ProjectsBaseIntegrationTests" name="Patch_InvalidPropertyNameReturnsBadRequest" /></UnitTest><UnitTest name="FileRequest_DepthBufferIsInvalidatedAfterCameraDependencyPropertyChange" storage="d:\modelrelief\modelrelief.test\bin\debug\netcoreapp2.0\modelrelief.test.dll" id="155cadb8-8ca0-45b5-bbc2-9d07a6f00ecc"><Execution id="aa3c5109-29f3-4c17-b4d6-f63cc3224e6b" /><TestMethod codeBase="D:\ModelRelief\ModelRelief.test\bin\Debug\netcoreapp2.0\ModelRelief.Test.dll" adapterTypeName="executor://xunit/VsTestRunner2/netcoreapp" className="ModelRelief.Test.Integration.DepthBuffers.DepthBuffersFileIntegrationTests" name="FileRequest_DepthBufferIsInvalidatedAfterCameraDependencyPropertyChange" /></UnitTest><UnitTest name="Patch_InvalidPropertyNameReturnsBadRequest" storage="d:\modelrelief\modelrelief.test\bin\debug\netcoreapp2.0\modelrelief.test.dll" id="ca9d764b-0467-4e25-a19e-6686457e66fb"><Execution id="12b8f493-f2b1-4fa2-b123-332508d32105" /><TestMethod codeBase="D:\ModelRelief\ModelRelief.test\bin\Debug\netcoreapp2.0\ModelRelief.Test.dll" adapterTypeName="executor://xunit/VsTestRunner2/netcoreapp" className="ModelRelief.Test.Integration.DepthBuffers.DepthBuffersBaseIntegrationTests" name="Patch_InvalidPropertyNameReturnsBadRequest" /></UnitTest><UnitTest name="Patch_InvalidEnumPropertyValueReturnsBadRequest" storage="d:\modelrelief\modelrelief.test\bin\debug\netcoreapp2.0\modelrelief.test.dll" id="18809215-1200-4b7c-aae8-45a6152709cd"><Execution id="27fdd189-8c9d-4c56-b3fe-302383b34d3f" /><TestMethod codeBase="D:\ModelRelief\ModelRelief.test\bin\Debug\netcoreapp2.0\ModelRelief.Test.dll" adapterTypeName="executor://xunit/VsTestRunner2/netcoreapp" className="ModelRelief.Test.Integration.MeshTransforms.MeshTransformsBaseIntegrationTests" name="Patch_InvalidEnumPropertyValueReturnsBadRequest" /></UnitTest><UnitTest name="Post_CanCreateNewModel" storage="d:\modelrelief\modelrelief.test\bin\debug\netcoreapp2.0\modelrelief.test.dll" id="7d148b84-2fcf-401e-9830-501f98043de2"><Execution id="99bdfc83-6461-4a10-968d-d48a9c73d020" /><TestMethod codeBase="D:\ModelRelief\ModelRelief.test\bin\Debug\netcoreapp2.0\ModelRelief.Test.dll" adapterTypeName="executor://xunit/VsTestRunner2/netcoreapp" className="ModelRelief.Test.Integration.Cameras.CamerasBaseIntegrationTests" name="Post_CanCreateNewModel" /></UnitTest><UnitTest name="DepthBufferHasExpectedDependentFiles" storage="d:\modelrelief\modelrelief.test\bin\debug\netcoreapp2.0\modelrelief.test.dll" id="a5ddd0b9-b472-4a4b-b80a-56a292ee8549"><Execution id="94bef029-5739-4967-80bd-f04ec0eb1469" /><TestMethod codeBase="D:\ModelRelief\ModelRelief.test\bin\Debug\netcoreapp2.0\ModelRelief.Test.dll" adapterTypeName="executor://xunit/VsTestRunner2/netcoreapp" className="ModelRelief.Test.Unit.DependencyManager.DependencyManagerTests" name="DepthBufferHasExpectedDependentFiles" /></UnitTest><UnitTest name="Post_CanCreateNewModel" storage="d:\modelrelief\modelrelief.test\bin\debug\netcoreapp2.0\modelrelief.test.dll" id="da398d5f-b9ea-4ed6-be69-bd8ac5dbb9d6"><Execution id="9414b9e4-78e1-4441-9e3c-f4484bac1082" /><TestMethod codeBase="D:\ModelRelief\ModelRelief.test\bin\Debug\netcoreapp2.0\ModelRelief.Test.dll" adapterTypeName="executor://xunit/VsTestRunner2/netcoreapp" className="ModelRelief.Test.Integration.MeshTransforms.MeshTransformsBaseIntegrationTests" name="Post_CanCreateNewModel" /></UnitTest><UnitTest name="Patch_TargetPropertyIsUpdated" storage="d:\modelrelief\modelrelief.test\bin\debug\netcoreapp2.0\modelrelief.test.dll" id="b486303f-73db-4739-8585-f513713217c2"><Execution id="f3caa073-5b49-46e2-8003-9703b033206c" /><TestMethod codeBase="D:\ModelRelief\ModelRelief.test\bin\Debug\netcoreapp2.0\ModelRelief.Test.dll" adapterTypeName="executor://xunit/VsTestRunner2/netcoreapp" className="ModelRelief.Test.Integration.Meshes.MeshesBaseIntegrationTests" name="Patch_TargetPropertyIsUpdated" /></UnitTest><UnitTest name="GetFile_NonExistentFileReturnsNotFound" storage="d:\modelrelief\modelrelief.test\bin\debug\netcoreapp2.0\modelrelief.test.dll" id="280774da-9857-4ce4-8a0c-3ff0547adef6"><Execution id="b18591a1-b45d-49e1-9e8f-805c4c813ed0" /><TestMethod codeBase="D:\ModelRelief\ModelRelief.test\bin\Debug\netcoreapp2.0\ModelRelief.Test.dll" adapterTypeName="executor://xunit/VsTestRunner2/netcoreapp" className="ModelRelief.Test.Integration.Models.ModelsFileIntegrationTests" name="GetFile_NonExistentFileReturnsNotFound" /></UnitTest><UnitTest name="PutFile_FileCanBeUpdated" storage="d:\modelrelief\modelrelief.test\bin\debug\netcoreapp2.0\modelrelief.test.dll" id="bd6da58d-a0f7-411c-83d3-6d58672ffd17"><Execution id="445b7be7-51d4-42f3-b7b7-ab9ff985cfd3" /><TestMethod codeBase="D:\ModelRelief\ModelRelief.test\bin\Debug\netcoreapp2.0\ModelRelief.Test.dll" adapterTypeName="executor://xunit/VsTestRunner2/netcoreapp" className="ModelRelief.Test.Integration.Meshes.MeshesFileIntegrationTests" name="PutFile_FileCanBeUpdated" /></UnitTest><UnitTest name="GetList_ListReturnsCorrectCount" storage="d:\modelrelief\modelrelief.test\bin\debug\netcoreapp2.0\modelrelief.test.dll" id="92597df8-ef11-48f2-94f5-7054c50874bc"><Execution id="3f3cfc9f-b4a3-42c9-b0e7-9a7be78cb292" /><TestMethod codeBase="D:\ModelRelief\ModelRelief.test\bin\Debug\netcoreapp2.0\ModelRelief.Test.dll" adapterTypeName="executor://xunit/VsTestRunner2/netcoreapp" className="ModelRelief.Test.Integration.DepthBuffers.DepthBuffersBaseIntegrationTests" name="GetList_ListReturnsCorrectCount" /></UnitTest><UnitTest name="LucyDepthBufferFindsOneDependent" storage="d:\modelrelief\modelrelief.test\bin\debug\netcoreapp2.0\modelrelief.test.dll" id="1a675834-1b32-4a20-a1d9-0cb3bf9064f3"><Execution id="cab26681-29bc-4f9d-8fc8-3c3fc2f837bb" /><TestMethod codeBase="D:\ModelRelief\ModelRelief.test\bin\Debug\netcoreapp2.0\ModelRelief.Test.dll" adapterTypeName="executor://xunit/VsTestRunner2/netcoreapp" className="ModelRelief.Test.Unit.DependencyManager.DependencyManagerTests" name="LucyDepthBufferFindsOneDependent" /></UnitTest><UnitTest name="Post_ValidReferencePropertyCreatesModel" storage="d:\modelrelief\modelrelief.test\bin\debug\netcoreapp2.0\modelrelief.test.dll" id="d47288c0-e880-4cad-a584-82a85717a87d"><Execution id="d175693e-7c71-44d3-9ada-c757bf5cb808" /><TestMethod codeBase="D:\ModelRelief\ModelRelief.test\bin\Debug\netcoreapp2.0\ModelRelief.Test.dll" adapterTypeName="executor://xunit/VsTestRunner2/netcoreapp" className="ModelRelief.Test.Integration.MeshTransforms.MeshTransformsBaseIntegrationTests" name="Post_ValidReferencePropertyCreatesModel" /></UnitTest><UnitTest name="LucyModel3dHasTwoDependents" storage="d:\modelrelief\modelrelief.test\bin\debug\netcoreapp2.0\modelrelief.test.dll" id="cd92e217-6929-42e4-b08c-7c4a9fb6503a"><Execution id="b8c87a3c-ca54-4acf-9e7a-aa713822d2ca" /><TestMethod codeBase="D:\ModelRelief\ModelRelief.test\bin\Debug\netcoreapp2.0\ModelRelief.Test.dll" adapterTypeName="executor://xunit/VsTestRunner2/netcoreapp" className="ModelRelief.Test.Unit.DependencyManager.DependencyManagerTests" name="LucyModel3dHasTwoDependents" /></UnitTest><UnitTest name="Patch_ValidReferencePropertyUpdatesModel" storage="d:\modelrelief\modelrelief.test\bin\debug\netcoreapp2.0\modelrelief.test.dll" id="74bd0836-4839-47aa-a838-8d27025f7395"><Execution id="68004fa5-a084-47a4-99db-8032a32b1b79" /><TestMethod codeBase="D:\ModelRelief\ModelRelief.test\bin\Debug\netcoreapp2.0\ModelRelief.Test.dll" adapterTypeName="executor://xunit/VsTestRunner2/netcoreapp" className="ModelRelief.Test.Integration.Meshes.MeshesBaseIntegrationTests" name="Patch_ValidReferencePropertyUpdatesModel" /></UnitTest><UnitTest name="GetSingle_InvalidIdPropertyValueReturnsNotFound" storage="d:\modelrelief\modelrelief.test\bin\debug\netcoreapp2.0\modelrelief.test.dll" id="c3467738-ec93-4f07-9c49-b6ac892884f8"><Execution id="2a819f3b-2608-4c06-9ad7-162943fa508b" /><TestMethod codeBase="D:\ModelRelief\ModelRelief.test\bin\Debug\netcoreapp2.0\ModelRelief.Test.dll" adapterTypeName="executor://xunit/VsTestRunner2/netcoreapp" className="ModelRelief.Test.Integration.MeshTransforms.MeshTransformsBaseIntegrationTests" name="GetSingle_InvalidIdPropertyValueReturnsNotFound" /></UnitTest><UnitTest name="Post_InvalidPropertyValueReturnsBadRequest" storage="d:\modelrelief\modelrelief.test\bin\debug\netcoreapp2.0\modelrelief.test.dll" id="cbc0f2a4-4679-4bd8-a66e-c334a6d4c381"><Execution id="f5700997-a869-4787-ae6d-30fdca1ed463" /><TestMethod codeBase="D:\ModelRelief\ModelRelief.test\bin\Debug\netcoreapp2.0\ModelRelief.Test.dll" adapterTypeName="executor://xunit/VsTestRunner2/netcoreapp" className="ModelRelief.Test.Integration.Models.ModelsBaseIntegrationTests" name="Post_InvalidPropertyValueReturnsBadRequest" /></UnitTest><UnitTest name="Patch_InvalidEnumPropertyValueReturnsBadRequest" storage="d:\modelrelief\modelrelief.test\bin\debug\netcoreapp2.0\modelrelief.test.dll" id="4192c03a-bcf8-4e63-9737-63c727fe6b05"><Execution id="b8bcbf52-6269-48e8-8330-b23ca457d5ff" /><TestMethod codeBase="D:\ModelRelief\ModelRelief.test\bin\Debug\netcoreapp2.0\ModelRelief.Test.dll" adapterTypeName="executor://xunit/VsTestRunner2/netcoreapp" className="ModelRelief.Test.Integration.Meshes.MeshesBaseIntegrationTests" name="Patch_InvalidEnumPropertyValueReturnsBadRequest" /></UnitTest><UnitTest name="Patch_InvalidEnumPropertyValueReturnsBadRequest" storage="d:\modelrelief\modelrelief.test\bin\debug\netcoreapp2.0\modelrelief.test.dll" id="bda27f98-9df8-4ce2-bc9b-b36e61085da0"><Execution id="95d4f824-6fde-4147-a043-374965a51bd6" /><TestMethod codeBase="D:\ModelRelief\ModelRelief.test\bin\Debug\netcoreapp2.0\ModelRelief.Test.dll" adapterTypeName="executor://xunit/VsTestRunner2/netcoreapp" className="ModelRelief.Test.Integration.Models.ModelsBaseIntegrationTests" name="Patch_InvalidEnumPropertyValueReturnsBadRequest" /></UnitTest><UnitTest name="Post_InvalidReferencePropertyReturnsBadRequest" storage="d:\modelrelief\modelrelief.test\bin\debug\netcoreapp2.0\modelrelief.test.dll" id="015eb6eb-45ff-4b5b-b5af-a56d6fd15045"><Execution id="4b8a99cd-5545-4795-9c62-0d7d2a66f491" /><TestMethod codeBase="D:\ModelRelief\ModelRelief.test\bin\Debug\netcoreapp2.0\ModelRelief.Test.dll" adapterTypeName="executor://xunit/VsTestRunner2/netcoreapp" className="ModelRelief.Test.Integration.MeshTransforms.MeshTransformsBaseIntegrationTests" name="Post_InvalidReferencePropertyReturnsBadRequest" /></UnitTest><UnitTest name="Post_CanCreateNewModel" storage="d:\modelrelief\modelrelief.test\bin\debug\netcoreapp2.0\modelrelief.test.dll" id="4e850fa7-7d23-46f3-9448-eb8ad646f026"><Execution id="2588e651-45e5-42fc-ae50-322ed3d08022" /><TestMethod codeBase="D:\ModelRelief\ModelRelief.test\bin\Debug\netcoreapp2.0\ModelRelief.Test.dll" adapterTypeName="executor://xunit/VsTestRunner2/netcoreapp" className="ModelRelief.Test.Integration.DepthBuffers.DepthBuffersBaseIntegrationTests" name="Post_CanCreateNewModel" /></UnitTest><UnitTest name="GetFile_NonExistentFileReturnsNotFound" storage="d:\modelrelief\modelrelief.test\bin\debug\netcoreapp2.0\modelrelief.test.dll" id="4a2dc480-2b28-47f5-84d5-e5a6c8691bb2"><Execution id="553d400c-8fec-43c9-9c48-e8032fefeb04" /><TestMethod codeBase="D:\ModelRelief\ModelRelief.test\bin\Debug\netcoreapp2.0\ModelRelief.Test.dll" adapterTypeName="executor://xunit/VsTestRunner2/netcoreapp" className="ModelRelief.Test.Integration.Meshes.MeshesFileIntegrationTests" name="GetFile_NonExistentFileReturnsNotFound" /></UnitTest><UnitTest name="Patch_TargetPropertyIsUpdated" storage="d:\modelrelief\modelrelief.test\bin\debug\netcoreapp2.0\modelrelief.test.dll" id="2b99230c-e211-4b10-ac69-25f9fd764fab"><Execution id="6a274b2d-5628-4c38-9cca-1bc41b4a5dbe" /><TestMethod codeBase="D:\ModelRelief\ModelRelief.test\bin\Debug\netcoreapp2.0\ModelRelief.Test.dll" adapterTypeName="executor://xunit/VsTestRunner2/netcoreapp" className="ModelRelief.Test.Integration.DepthBuffers.DepthBuffersBaseIntegrationTests" name="Patch_TargetPropertyIsUpdated" /></UnitTest><UnitTest name="Put_CanUpdateModel" storage="d:\modelrelief\modelrelief.test\bin\debug\netcoreapp2.0\modelrelief.test.dll" id="2301ebb5-3ec1-4cd9-b2e4-09af1e65f3cc"><Execution id="893dfa7d-40df-4256-8c95-86b54a894d53" /><TestMethod codeBase="D:\ModelRelief\ModelRelief.test\bin\Debug\netcoreapp2.0\ModelRelief.Test.dll" adapterTypeName="executor://xunit/VsTestRunner2/netcoreapp" className="ModelRelief.Test.Integration.Projects.ProjectsBaseIntegrationTests" name="Put_CanUpdateModel" /></UnitTest><UnitTest name="Put_InvalidIdReturnsNotFound" storage="d:\modelrelief\modelrelief.test\bin\debug\netcoreapp2.0\modelrelief.test.dll" id="80ee4525-e611-44da-bd2f-27c9085be65e"><Execution id="0333c859-3ccd-4d61-b337-d91a09f7f475" /><TestMethod codeBase="D:\ModelRelief\ModelRelief.test\bin\Debug\netcoreapp2.0\ModelRelief.Test.dll" adapterTypeName="executor://xunit/VsTestRunner2/netcoreapp" className="ModelRelief.Test.Integration.Projects.ProjectsBaseIntegrationTests" name="Put_InvalidIdReturnsNotFound" /></UnitTest><UnitTest name="PostFile_FileIsSynchronizedIsUpdatedAfterFileIsPosted" storage="d:\modelrelief\modelrelief.test\bin\debug\netcoreapp2.0\modelrelief.test.dll" id="e0ed2f7f-5ab4-48d1-bb1d-ce30c1ebecf3"><Execution id="3b46f577-1543-40ee-809d-54821042fd70" /><TestMethod codeBase="D:\ModelRelief\ModelRelief.test\bin\Debug\netcoreapp2.0\ModelRelief.Test.dll" adapterTypeName="executor://xunit/VsTestRunner2/netcoreapp" className="ModelRelief.Test.Integration.Models.ModelsFileIntegrationTests" name="PostFile_FileIsSynchronizedIsUpdatedAfterFileIsPosted" /></UnitTest><UnitTest name="Post_InvalidReferencePropertyReturnsBadRequest" storage="d:\modelrelief\modelrelief.test\bin\debug\netcoreapp2.0\modelrelief.test.dll" id="0b55f85c-3038-4070-b62d-def1c6e6b919"><Execution id="ca99abec-95d1-417e-b4d1-66ee4e2b34a8" /><TestMethod codeBase="D:\ModelRelief\ModelRelief.test\bin\Debug\netcoreapp2.0\ModelRelief.Test.dll" adapterTypeName="executor://xunit/VsTestRunner2/netcoreapp" className="ModelRelief.Test.Integration.Cameras.CamerasBaseIntegrationTests" name="Post_InvalidReferencePropertyReturnsBadRequest" /></UnitTest><UnitTest name="Model3dHasExpectedDependentFiles" storage="d:\modelrelief\modelrelief.test\bin\debug\netcoreapp2.0\modelrelief.test.dll" id="014cd719-60f4-4d24-91bd-0757f2d8f155"><Execution id="001d6a32-d2be-46ff-aeea-22cbdd9ece0a" /><TestMethod codeBase="D:\ModelRelief\ModelRelief.test\bin\Debug\netcoreapp2.0\ModelRelief.Test.dll" adapterTypeName="executor://xunit/VsTestRunner2/netcoreapp" className="ModelRelief.Test.Unit.DependencyManager.DependencyManagerTests" name="Model3dHasExpectedDependentFiles" /></UnitTest><UnitTest name="Post_InvalidPropertyValueReturnsBadRequest" storage="d:\modelrelief\modelrelief.test\bin\debug\netcoreapp2.0\modelrelief.test.dll" id="b680f648-da51-4624-9072-ff3b9f55e3a3"><Execution id="e9ac2dd0-1f5c-4c6d-85fb-217a436c81ce" /><TestMethod codeBase="D:\ModelRelief\ModelRelief.test\bin\Debug\netcoreapp2.0\ModelRelief.Test.dll" adapterTypeName="executor://xunit/VsTestRunner2/netcoreapp" className="ModelRelief.Test.Integration.Projects.ProjectsBaseIntegrationTests" name="Post_InvalidPropertyValueReturnsBadRequest" /></UnitTest><UnitTest name="Patch_ValidReferencePropertyUpdatesModel" storage="d:\modelrelief\modelrelief.test\bin\debug\netcoreapp2.0\modelrelief.test.dll" id="bfcf50e2-d254-455b-8b05-64e604f82aaf"><Execution id="469e39f6-5bb5-4149-b695-10c14eb492ca" /><TestMethod codeBase="D:\ModelRelief\ModelRelief.test\bin\Debug\netcoreapp2.0\ModelRelief.Test.dll" adapterTypeName="executor://xunit/VsTestRunner2/netcoreapp" className="ModelRelief.Test.Integration.Projects.ProjectsBaseIntegrationTests" name="Patch_ValidReferencePropertyUpdatesModel" /></UnitTest><UnitTest name="Put_InvalidIdReturnsNotFound" storage="d:\modelrelief\modelrelief.test\bin\debug\netcoreapp2.0\modelrelief.test.dll" id="72cb3d49-7768-47a2-b3e6-f3c15995bfd4"><Execution id="95eac934-a694-4b1a-9b36-8da86f405659" /><TestMethod codeBase="D:\ModelRelief\ModelRelief.test\bin\Debug\netcoreapp2.0\ModelRelief.Test.dll" adapterTypeName="executor://xunit/VsTestRunner2/netcoreapp" className="ModelRelief.Test.Integration.Models.ModelsBaseIntegrationTests" name="Put_InvalidIdReturnsNotFound" /></UnitTest><UnitTest name="Put_InvalidIdReturnsNotFound" storage="d:\modelrelief\modelrelief.test\bin\debug\netcoreapp2.0\modelrelief.test.dll" id="dcc059f3-05f8-4f33-8800-b460a3f913bf"><Execution id="a528b47a-3601-4189-8a93-b99d7ffe2a0d" /><TestMethod codeBase="D:\ModelRelief\ModelRelief.test\bin\Debug\netcoreapp2.0\ModelRelief.Test.dll" adapterTypeName="executor://xunit/VsTestRunner2/netcoreapp" className="ModelRelief.Test.Integration.MeshTransforms.MeshTransformsBaseIntegrationTests" name="Put_InvalidIdReturnsNotFound" /></UnitTest><UnitTest name="Patch_MultipleInvalidReferencePropertiesReturnsMultipleValidationErrorsAndBadRequest" storage="d:\modelrelief\modelrelief.test\bin\debug\netcoreapp2.0\modelrelief.test.dll" id="aecbb7f2-e94a-452a-b7a0-d9576a13c7b7"><Execution id="59e7a277-96a8-476f-83d6-607464b128bb" /><TestMethod codeBase="D:\ModelRelief\ModelRelief.test\bin\Debug\netcoreapp2.0\ModelRelief.Test.dll" adapterTypeName="executor://xunit/VsTestRunner2/netcoreapp" className="ModelRelief.Test.Integration.Cameras.CamerasBaseIntegrationTests" name="Patch_MultipleInvalidReferencePropertiesReturnsMultipleValidationErrorsAndBadRequest" /></UnitTest><UnitTest name="Patch_InvalidReferencePropertyReturnsBadRequest" storage="d:\modelrelief\modelrelief.test\bin\debug\netcoreapp2.0\modelrelief.test.dll" id="72c0e605-7148-4e70-b999-33e141aed378"><Execution id="c5a6bf11-dd87-4ae7-a7ea-d45ef9b794c6" /><TestMethod codeBase="D:\ModelRelief\ModelRelief.test\bin\Debug\netcoreapp2.0\ModelRelief.Test.dll" adapterTypeName="executor://xunit/VsTestRunner2/netcoreapp" className="ModelRelief.Test.Integration.Projects.ProjectsBaseIntegrationTests" name="Patch_InvalidReferencePropertyReturnsBadRequest" /></UnitTest><UnitTest name="Put_InvalidReferencePropertyReturndBadRequest" storage="d:\modelrelief\modelrelief.test\bin\debug\netcoreapp2.0\modelrelief.test.dll" id="4cb993fd-ac91-44a9-b559-09760c3c0eb0"><Execution id="6b3575c1-10f7-4096-be83-c72d1182d792" /><TestMethod codeBase="D:\ModelRelief\ModelRelief.test\bin\Debug\netcoreapp2.0\ModelRelief.Test.dll" adapterTypeName="executor://xunit/VsTestRunner2/netcoreapp" className="ModelRelief.Test.Integration.Cameras.CamerasBaseIntegrationTests" name="Put_InvalidReferencePropertyReturndBadRequest" /></UnitTest><UnitTest name="Patch_MultipleInvalidReferencePropertiesReturnsMultipleValidationErrorsAndBadRequest" storage="d:\modelrelief\modelrelief.test\bin\debug\netcoreapp2.0\modelrelief.test.dll" id="5597c588-7a02-4e18-884f-b5775a1162bc"><Execution id="4815606a-ad7c-42d5-8a0e-69dc034e52ad" /><TestMethod codeBase="D:\ModelRelief\ModelRelief.test\bin\Debug\netcoreapp2.0\ModelRelief.Test.dll" adapterTypeName="executor://xunit/VsTestRunner2/netcoreapp" className="ModelRelief.Test.Integration.DepthBuffers.DepthBuffersBaseIntegrationTests" name="Patch_MultipleInvalidReferencePropertiesReturnsMultipleValidationErrorsAndBadRequest" /></UnitTest><UnitTest name="Patch_InvalidReferencePropertyReturnsBadRequest" storage="d:\modelrelief\modelrelief.test\bin\debug\netcoreapp2.0\modelrelief.test.dll" id="7779b414-402e-4ae1-a211-0653b1067197"><Execution id="cbc0c81a-6b5f-4ecf-84ef-8977f33997f1" /><TestMethod codeBase="D:\ModelRelief\ModelRelief.test\bin\Debug\netcoreapp2.0\ModelRelief.Test.dll" adapterTypeName="executor://xunit/VsTestRunner2/netcoreapp" className="ModelRelief.Test.Integration.MeshTransforms.MeshTransformsBaseIntegrationTests" name="Patch_InvalidReferencePropertyReturnsBadRequest" /></UnitTest><UnitTest name="GetSingle_ValidIdPropertyValueReturnsCorrectModel" storage="d:\modelrelief\modelrelief.test\bin\debug\netcoreapp2.0\modelrelief.test.dll" id="45aa4a06-6eea-4c2d-ab16-dc935b554067"><Execution id="662a8252-198b-4def-9e7f-1bf21cae1bb0" /><TestMethod codeBase="D:\ModelRelief\ModelRelief.test\bin\Debug\netcoreapp2.0\ModelRelief.Test.dll" adapterTypeName="executor://xunit/VsTestRunner2/netcoreapp" className="ModelRelief.Test.Integration.MeshTransforms.MeshTransformsBaseIntegrationTests" name="GetSingle_ValidIdPropertyValueReturnsCorrectModel" /></UnitTest><UnitTest name="Put_CanUpdateModel" storage="d:\modelrelief\modelrelief.test\bin\debug\netcoreapp2.0\modelrelief.test.dll" id="4a02c01b-d817-4821-a06a-a68f1399b4ca"><Execution id="28aaf3a3-e0bf-442e-8465-4384ae18e52f" /><TestMethod codeBase="D:\ModelRelief\ModelRelief.test\bin\Debug\netcoreapp2.0\ModelRelief.Test.dll" adapterTypeName="executor://xunit/VsTestRunner2/netcoreapp" className="ModelRelief.Test.Integration.Meshes.MeshesBaseIntegrationTests" name="Put_CanUpdateModel" /></UnitTest><UnitTest name="Delete_TargetModelIsDeleted" storage="d:\modelrelief\modelrelief.test\bin\debug\netcoreapp2.0\modelrelief.test.dll" id="039b197b-a2b8-4ddd-907b-a4373fb08150"><Execution id="c3c4ea1d-3604-4415-b70a-041c4d5ea2ca" /><TestMethod codeBase="D:\ModelRelief\ModelRelief.test\bin\Debug\netcoreapp2.0\ModelRelief.Test.dll" adapterTypeName="executor://xunit/VsTestRunner2/netcoreapp" className="ModelRelief.Test.Integration.Projects.ProjectsBaseIntegrationTests" name="Delete_TargetModelIsDeleted" /></UnitTest><UnitTest name="MeshTransformHasExpectedDependentFiles" storage="d:\modelrelief\modelrelief.test\bin\debug\netcoreapp2.0\modelrelief.test.dll" id="11ab9007-4f7c-465b-8340-b9a629bb408e"><Execution id="d289c7c2-0d8c-4a41-aa97-6b3c0242dcee" /><TestMethod codeBase="D:\ModelRelief\ModelRelief.test\bin\Debug\netcoreapp2.0\ModelRelief.Test.dll" adapterTypeName="executor://xunit/VsTestRunner2/netcoreapp" className="ModelRelief.Test.Unit.DependencyManager.DependencyManagerTests" name="MeshTransformHasExpectedDependentFiles" /></UnitTest><UnitTest name="Patch_InvalidPropertyNameReturnsBadRequest" storage="d:\modelrelief\modelrelief.test\bin\debug\netcoreapp2.0\modelrelief.test.dll" id="43fd1090-d4c8-4dbd-aff5-f9bb063af14c"><Execution id="22793271-e79c-42fb-8555-963e6d58cc21" /><TestMethod codeBase="D:\ModelRelief\ModelRelief.test\bin\Debug\netcoreapp2.0\ModelRelief.Test.dll" adapterTypeName="executor://xunit/VsTestRunner2/netcoreapp" className="ModelRelief.Test.Integration.Models.ModelsBaseIntegrationTests" name="Patch_InvalidPropertyNameReturnsBadRequest" /></UnitTest><UnitTest name="GetList_ListReturnsCorrectCount" storage="d:\modelrelief\modelrelief.test\bin\debug\netcoreapp2.0\modelrelief.test.dll" id="a1ae680b-6b67-46d3-bba4-5a0cf0087f5c"><Execution id="a32b3360-35c6-4c00-a144-bdbfc66bbc56" /><TestMethod codeBase="D:\ModelRelief\ModelRelief.test\bin\Debug\netcoreapp2.0\ModelRelief.Test.dll" adapterTypeName="executor://xunit/VsTestRunner2/netcoreapp" className="ModelRelief.Test.Integration.Meshes.MeshesBaseIntegrationTests" name="GetList_ListReturnsCorrectCount" /></UnitTest><UnitTest name="Put_CanUpdateModel" storage="d:\modelrelief\modelrelief.test\bin\debug\netcoreapp2.0\modelrelief.test.dll" id="e278e599-13b3-4bad-8fe9-f169bd0db09d"><Execution id="e399f716-bbff-42b0-b015-1e65ae4cf4fb" /><TestMethod codeBase="D:\ModelRelief\ModelRelief.test\bin\Debug\netcoreapp2.0\ModelRelief.Test.dll" adapterTypeName="executor://xunit/VsTestRunner2/netcoreapp" className="ModelRelief.Test.Integration.Models.ModelsBaseIntegrationTests" name="Put_CanUpdateModel" /></UnitTest><UnitTest name="Post_InvalidReferencePropertyReturnsBadRequest" storage="d:\modelrelief\modelrelief.test\bin\debug\netcoreapp2.0\modelrelief.test.dll" id="1079ca5b-8f44-4483-9ba6-25b28403f134"><Execution id="5681e2d1-2624-4e94-866c-593510df3850" /><TestMethod codeBase="D:\ModelRelief\ModelRelief.test\bin\Debug\netcoreapp2.0\ModelRelief.Test.dll" adapterTypeName="executor://xunit/VsTestRunner2/netcoreapp" className="ModelRelief.Test.Integration.Models.ModelsBaseIntegrationTests" name="Post_InvalidReferencePropertyReturnsBadRequest" /></UnitTest><UnitTest name="Patch_InvalidPropertyNameReturnsBadRequest" storage="d:\modelrelief\modelrelief.test\bin\debug\netcoreapp2.0\modelrelief.test.dll" id="8c993df6-6f8f-4b85-9b95-86764b9f27b3"><Execution id="7148b1a8-a968-4ed6-969a-102cf5543390" /><TestMethod codeBase="D:\ModelRelief\ModelRelief.test\bin\Debug\netcoreapp2.0\ModelRelief.Test.dll" adapterTypeName="executor://xunit/VsTestRunner2/netcoreapp" className="ModelRelief.Test.Integration.Cameras.CamerasBaseIntegrationTests" name="Patch_InvalidPropertyNameReturnsBadRequest" /></UnitTest><UnitTest name="Patch_InvalidIdPropertyReturnsNotFound" storage="d:\modelrelief\modelrelief.test\bin\debug\netcoreapp2.0\modelrelief.test.dll" id="0fe3a794-e78e-4bd6-848f-36e24e8d9bab"><Execution id="a7e45565-fb3e-4af6-97f5-b29cd37e1437" /><TestMethod codeBase="D:\ModelRelief\ModelRelief.test\bin\Debug\netcoreapp2.0\ModelRelief.Test.dll" adapterTypeName="executor://xunit/VsTestRunner2/netcoreapp" className="ModelRelief.Test.Integration.Models.ModelsBaseIntegrationTests" name="Patch_InvalidIdPropertyReturnsNotFound" /></UnitTest><UnitTest name="Patch_MultipleInvalidReferencePropertiesReturnsMultipleValidationErrorsAndBadRequest" storage="d:\modelrelief\modelrelief.test\bin\debug\netcoreapp2.0\modelrelief.test.dll" id="991842c6-f638-4dcc-a8b0-7f2970511a3c"><Execution id="ecf30e99-7d22-452b-b32a-363742828c00" /><TestMethod codeBase="D:\ModelRelief\ModelRelief.test\bin\Debug\netcoreapp2.0\ModelRelief.Test.dll" adapterTypeName="executor://xunit/VsTestRunner2/netcoreapp" className="ModelRelief.Test.Integration.MeshTransforms.MeshTransformsBaseIntegrationTests" name="Patch_MultipleInvalidReferencePropertiesReturnsMultipleValidationErrorsAndBadRequest" /></UnitTest><UnitTest name="PostFile_NewFileCanBePosted" storage="d:\modelrelief\modelrelief.test\bin\debug\netcoreapp2.0\modelrelief.test.dll" id="32d8ec93-454e-4312-961d-082ef9f7963a"><Execution id="40d6b78c-1faf-4ef4-b6ad-4d43ddf417d9" /><TestMethod codeBase="D:\ModelRelief\ModelRelief.test\bin\Debug\netcoreapp2.0\ModelRelief.Test.dll" adapterTypeName="executor://xunit/VsTestRunner2/netcoreapp" className="ModelRelief.Test.Integration.Models.ModelsFileIntegrationTests" name="PostFile_NewFileCanBePosted" /></UnitTest><UnitTest name="Post_ValidReferencePropertyCreatesModel" storage="d:\modelrelief\modelrelief.test\bin\debug\netcoreapp2.0\modelrelief.test.dll" id="1e72463e-2b6e-445c-b50d-82092a261315"><Execution id="f22d67dc-945a-4729-96ac-ed2219c72324" /><TestMethod codeBase="D:\ModelRelief\ModelRelief.test\bin\Debug\netcoreapp2.0\ModelRelief.Test.dll" adapterTypeName="executor://xunit/VsTestRunner2/netcoreapp" className="ModelRelief.Test.Integration.Cameras.CamerasBaseIntegrationTests" name="Post_ValidReferencePropertyCreatesModel" /></UnitTest><UnitTest name="Patch_InvalidIdPropertyReturnsNotFound" storage="d:\modelrelief\modelrelief.test\bin\debug\netcoreapp2.0\modelrelief.test.dll" id="57bdea19-02ed-41cd-8906-6b15067cc0d0"><Execution id="b02ad00c-b907-48cd-8c35-a9dc85f3150e" /><TestMethod codeBase="D:\ModelRelief\ModelRelief.test\bin\Debug\netcoreapp2.0\ModelRelief.Test.dll" adapterTypeName="executor://xunit/VsTestRunner2/netcoreapp" className="ModelRelief.Test.Integration.Meshes.MeshesBaseIntegrationTests" name="Patch_InvalidIdPropertyReturnsNotFound" /></UnitTest><UnitTest name="PutFile_NewFileCanBePut" storage="d:\modelrelief\modelrelief.test\bin\debug\netcoreapp2.0\modelrelief.test.dll" id="88393e1e-5915-4459-803e-ecb31aba6616"><Execution id="8d346cb4-0ea7-486b-b04e-ccbafa791a10" /><TestMethod codeBase="D:\ModelRelief\ModelRelief.test\bin\Debug\netcoreapp2.0\ModelRelief.Test.dll" adapterTypeName="executor://xunit/VsTestRunner2/netcoreapp" className="ModelRelief.Test.Integration.Meshes.MeshesFileIntegrationTests" name="PutFile_NewFileCanBePut" /></UnitTest><UnitTest name="Post_InvalidReferencePropertyReturnsBadRequest" storage="d:\modelrelief\modelrelief.test\bin\debug\netcoreapp2.0\modelrelief.test.dll" id="4b78d93e-6dc3-43f3-9b02-93ce6a7c3b91"><Execution id="113385ee-df01-4d0b-ad0e-e1ba64b1e706" /><TestMethod codeBase="D:\ModelRelief\ModelRelief.test\bin\Debug\netcoreapp2.0\ModelRelief.Test.dll" adapterTypeName="executor://xunit/VsTestRunner2/netcoreapp" className="ModelRelief.Test.Integration.Projects.ProjectsBaseIntegrationTests" name="Post_InvalidReferencePropertyReturnsBadRequest" /></UnitTest><UnitTest name="GetFile_NonExistentFileReturnsNotFound" storage="d:\modelrelief\modelrelief.test\bin\debug\netcoreapp2.0\modelrelief.test.dll" id="6460d4f5-a133-4093-bc0a-d84956a85c17"><Execution id="6c5fe248-de7c-4988-8866-22d9474312d8" /><TestMethod codeBase="D:\ModelRelief\ModelRelief.test\bin\Debug\netcoreapp2.0\ModelRelief.Test.dll" adapterTypeName="executor://xunit/VsTestRunner2/netcoreapp" className="ModelRelief.Test.Integration.DepthBuffers.DepthBuffersFileIntegrationTests" name="GetFile_NonExistentFileReturnsNotFound" /></UnitTest><UnitTest name="FileRequest_FileCanBeReadAfterRename" storage="d:\modelrelief\modelrelief.test\bin\debug\netcoreapp2.0\modelrelief.test.dll" id="34c56862-2154-46a8-87cb-0d058897e7bd"><Execution id="743f0cb1-804d-4649-ba84-142059301f18" /><TestMethod codeBase="D:\ModelRelief\ModelRelief.test\bin\Debug\netcoreapp2.0\ModelRelief.Test.dll" adapterTypeName="executor://xunit/VsTestRunner2/netcoreapp" className="ModelRelief.Test.Integration.Meshes.MeshesFileIntegrationTests" name="FileRequest_FileCanBeReadAfterRename" /></UnitTest><UnitTest name="GetFile_FileCanBeRoundTripped" storage="d:\modelrelief\modelrelief.test\bin\debug\netcoreapp2.0\modelrelief.test.dll" id="27dcf76d-865d-4754-8176-c14772112758"><Execution id="5cbd1aaa-58af-41f5-93eb-9015fe8273ba" /><TestMethod codeBase="D:\ModelRelief\ModelRelief.test\bin\Debug\netcoreapp2.0\ModelRelief.Test.dll" adapterTypeName="executor://xunit/VsTestRunner2/netcoreapp" className="ModelRelief.Test.Integration.Models.ModelsFileIntegrationTests" name="GetFile_FileCanBeRoundTripped" /></UnitTest><UnitTest name="Patch_InvalidReferencePropertyReturnsBadRequest" storage="d:\modelrelief\modelrelief.test\bin\debug\netcoreapp2.0\modelrelief.test.dll" id="d8517810-a081-435a-8420-738b9cc3e6f8"><Execution id="270ae7af-f9e4-4d0c-85cf-91737d1e24da" /><TestMethod codeBase="D:\ModelRelief\ModelRelief.test\bin\Debug\netcoreapp2.0\ModelRelief.Test.dll" adapterTypeName="executor://xunit/VsTestRunner2/netcoreapp" className="ModelRelief.Test.Integration.Cameras.CamerasBaseIntegrationTests" name="Patch_InvalidReferencePropertyReturnsBadRequest" /></UnitTest><UnitTest name="GetSingle_ValidIdPropertyValueReturnsCorrectModel" storage="d:\modelrelief\modelrelief.test\bin\debug\netcoreapp2.0\modelrelief.test.dll" id="b7c9a781-0f83-4191-a044-ccb533784af4"><Execution id="db46e052-1146-4709-afc8-f88126cb275b" /><TestMethod codeBase="D:\ModelRelief\ModelRelief.test\bin\Debug\netcoreapp2.0\ModelRelief.Test.dll" adapterTypeName="executor://xunit/VsTestRunner2/netcoreapp" className="ModelRelief.Test.Integration.Models.ModelsBaseIntegrationTests" name="GetSingle_ValidIdPropertyValueReturnsCorrectModel" /></UnitTest><UnitTest name="Patch_InvalidPropertyNameReturnsBadRequest" storage="d:\modelrelief\modelrelief.test\bin\debug\netcoreapp2.0\modelrelief.test.dll" id="d061d5e1-674c-4db5-98da-e9ce9f072eb5"><Execution id="0b7d2f3e-4832-44d5-a9dd-ba412b19835b" /><TestMethod codeBase="D:\ModelRelief\ModelRelief.test\bin\Debug\netcoreapp2.0\ModelRelief.Test.dll" adapterTypeName="executor://xunit/VsTestRunner2/netcoreapp" className="ModelRelief.Test.Integration.MeshTransforms.MeshTransformsBaseIntegrationTests" name="Patch_InvalidPropertyNameReturnsBadRequest" /></UnitTest><UnitTest name="Patch_TargetPropertyIsUpdated" storage="d:\modelrelief\modelrelief.test\bin\debug\netcoreapp2.0\modelrelief.test.dll" id="9e09f9e7-7a31-43ae-b469-2ccaf97fbc93"><Execution id="5915baf4-97d4-4ea3-9503-a11572d9b800" /><TestMethod codeBase="D:\ModelRelief\ModelRelief.test\bin\Debug\netcoreapp2.0\ModelRelief.Test.dll" adapterTypeName="executor://xunit/VsTestRunner2/netcoreapp" className="ModelRelief.Test.Integration.MeshTransforms.MeshTransformsBaseIntegrationTests" name="Patch_TargetPropertyIsUpdated" /></UnitTest><UnitTest name="GetSingle_InvalidIdPropertyValueReturnsNotFound" storage="d:\modelrelief\modelrelief.test\bin\debug\netcoreapp2.0\modelrelief.test.dll" id="8acefefd-95b9-40fa-a69d-64aae71fd8c8"><Execution id="06466a29-9fb7-4382-a26c-30d04bfaa9e6" /><TestMethod codeBase="D:\ModelRelief\ModelRelief.test\bin\Debug\netcoreapp2.0\ModelRelief.Test.dll" adapterTypeName="executor://xunit/VsTestRunner2/netcoreapp" className="ModelRelief.Test.Integration.Cameras.CamerasBaseIntegrationTests" name="GetSingle_InvalidIdPropertyValueReturnsNotFound" /></UnitTest><UnitTest name="Post_CanCreateNewModel" storage="d:\modelrelief\modelrelief.test\bin\debug\netcoreapp2.0\modelrelief.test.dll" id="68bb130a-89de-44a7-b9bc-da37510965bb"><Execution id="a63b5e96-e019-4171-8d18-a1f34a351d1a" /><TestMethod codeBase="D:\ModelRelief\ModelRelief.test\bin\Debug\netcoreapp2.0\ModelRelief.Test.dll" adapterTypeName="executor://xunit/VsTestRunner2/netcoreapp" className="ModelRelief.Test.Integration.Projects.ProjectsBaseIntegrationTests" name="Post_CanCreateNewModel" /></UnitTest><UnitTest name="Post_InvalidPropertyValueReturnsBadRequest" storage="d:\modelrelief\modelrelief.test\bin\debug\netcoreapp2.0\modelrelief.test.dll" id="e1ffe9f5-f744-44f9-8b50-05445a51d92f"><Execution id="e842faaf-975b-40b8-abb7-339a08f161c4" /><TestMethod codeBase="D:\ModelRelief\ModelRelief.test\bin\Debug\netcoreapp2.0\ModelRelief.Test.dll" adapterTypeName="executor://xunit/VsTestRunner2/netcoreapp" className="ModelRelief.Test.Integration.Cameras.CamerasBaseIntegrationTests" name="Post_InvalidPropertyValueReturnsBadRequest" /></UnitTest><UnitTest name="Patch_InvalidReferencePropertyReturnsBadRequest" storage="d:\modelrelief\modelrelief.test\bin\debug\netcoreapp2.0\modelrelief.test.dll" id="4e9aaa4a-d5a9-498f-98aa-869c79c621cc"><Execution id="06492b5c-5601-4e4b-ade8-050ff25c80fc" /><TestMethod codeBase="D:\ModelRelief\ModelRelief.test\bin\Debug\netcoreapp2.0\ModelRelief.Test.dll" adapterTypeName="executor://xunit/VsTestRunner2/netcoreapp" className="ModelRelief.Test.Integration.DepthBuffers.DepthBuffersBaseIntegrationTests" name="Patch_InvalidReferencePropertyReturnsBadRequest" /></UnitTest><UnitTest name="PostFile_FileIsSynchronizedIsUpdatedAfterFileIsPosted" storage="d:\modelrelief\modelrelief.test\bin\debug\netcoreapp2.0\modelrelief.test.dll" id="e4049aff-438d-471b-91d2-5fae7b2de42f"><Execution id="3e0c82f1-28a7-4039-8808-c519594a3ed1" /><TestMethod codeBase="D:\ModelRelief\ModelRelief.test\bin\Debug\netcoreapp2.0\ModelRelief.Test.dll" adapterTypeName="executor://xunit/VsTestRunner2/netcoreapp" className="ModelRelief.Test.Integration.Meshes.MeshesFileIntegrationTests" name="PostFile_FileIsSynchronizedIsUpdatedAfterFileIsPosted" /></UnitTest><UnitTest name="Put_ValidReferencePropertyUpdatesModel" storage="d:\modelrelief\modelrelief.test\bin\debug\netcoreapp2.0\modelrelief.test.dll" id="b0239934-d319-480d-acfc-89ccafe9d91c"><Execution id="99f2e721-a4c6-4422-8f4d-de8fc8247ae4" /><TestMethod codeBase="D:\ModelRelief\ModelRelief.test\bin\Debug\netcoreapp2.0\ModelRelief.Test.dll" adapterTypeName="executor://xunit/VsTestRunner2/netcoreapp" className="ModelRelief.Test.Integration.Models.ModelsBaseIntegrationTests" name="Put_ValidReferencePropertyUpdatesModel" /></UnitTest><UnitTest name="Patch_InvalidPropertyNameReturnsBadRequest" storage="d:\modelrelief\modelrelief.test\bin\debug\netcoreapp2.0\modelrelief.test.dll" id="b18ccb9f-457c-4633-afd0-2db45cfd31f0"><Execution id="2c8c27c1-2953-4a48-8b36-e02e3bb2bfac" /><TestMethod codeBase="D:\ModelRelief\ModelRelief.test\bin\Debug\netcoreapp2.0\ModelRelief.Test.dll" adapterTypeName="executor://xunit/VsTestRunner2/netcoreapp" className="ModelRelief.Test.Integration.Meshes.MeshesBaseIntegrationTests" name="Patch_InvalidPropertyNameReturnsBadRequest" /></UnitTest><UnitTest name="Patch_TargetPropertyIsUpdated" storage="d:\modelrelief\modelrelief.test\bin\debug\netcoreapp2.0\modelrelief.test.dll" id="be6bc59f-34d1-48a9-97b1-5b3688b52d1b"><Execution id="65954e70-a458-4ab5-938c-9a9101dce6a3" /><TestMethod codeBase="D:\ModelRelief\ModelRelief.test\bin\Debug\netcoreapp2.0\ModelRelief.Test.dll" adapterTypeName="executor://xunit/VsTestRunner2/netcoreapp" className="ModelRelief.Test.Integration.Projects.ProjectsBaseIntegrationTests" name="Patch_TargetPropertyIsUpdated" /></UnitTest><UnitTest name="GetList_ListReturnsCorrectCount" storage="d:\modelrelief\modelrelief.test\bin\debug\netcoreapp2.0\modelrelief.test.dll" id="158a2e85-3560-491d-8fea-d4d8614c9ac3"><Execution id="21fd1369-5718-4c08-a275-dde347b58dde" /><TestMethod codeBase="D:\ModelRelief\ModelRelief.test\bin\Debug\netcoreapp2.0\ModelRelief.Test.dll" adapterTypeName="executor://xunit/VsTestRunner2/netcoreapp" className="ModelRelief.Test.Integration.Cameras.CamerasBaseIntegrationTests" name="GetList_ListReturnsCorrectCount" /></UnitTest><UnitTest name="Post_InvalidReferencePropertyReturnsBadRequest" storage="d:\modelrelief\modelrelief.test\bin\debug\netcoreapp2.0\modelrelief.test.dll" id="d2aba5c5-c30d-4ed2-8e03-55ff93d28df8"><Execution id="51b1b2df-7297-4d44-b13c-ea6786cea869" /><TestMethod codeBase="D:\ModelRelief\ModelRelief.test\bin\Debug\netcoreapp2.0\ModelRelief.Test.dll" adapterTypeName="executor://xunit/VsTestRunner2/netcoreapp" className="ModelRelief.Test.Integration.Meshes.MeshesBaseIntegrationTests" name="Post_InvalidReferencePropertyReturnsBadRequest" /></UnitTest><UnitTest name="Patch_MultipleInvalidReferencePropertiesReturnsMultipleValidationErrorsAndBadRequest" storage="d:\modelrelief\modelrelief.test\bin\debug\netcoreapp2.0\modelrelief.test.dll" id="c925a32c-88b3-4a6e-a903-a6d400fb0c36"><Execution id="b800d96e-0a62-4d70-9a47-4ea455d7bdb4" /><TestMethod codeBase="D:\ModelRelief\ModelRelief.test\bin\Debug\netcoreapp2.0\ModelRelief.Test.dll" adapterTypeName="executor://xunit/VsTestRunner2/netcoreapp" className="ModelRelief.Test.Integration.Models.ModelsBaseIntegrationTests" name="Patch_MultipleInvalidReferencePropertiesReturnsMultipleValidationErrorsAndBadRequest" /></UnitTest><UnitTest name="Post_InvalidPropertyValueReturnsBadRequest" storage="d:\modelrelief\modelrelief.test\bin\debug\netcoreapp2.0\modelrelief.test.dll" id="0dd1d2ef-298c-45de-b5a0-6e85248031b5"><Execution id="601287a8-8e89-46bf-bc20-626a96b0a103" /><TestMethod codeBase="D:\ModelRelief\ModelRelief.test\bin\Debug\netcoreapp2.0\ModelRelief.Test.dll" adapterTypeName="executor://xunit/VsTestRunner2/netcoreapp" className="ModelRelief.Test.Integration.DepthBuffers.DepthBuffersBaseIntegrationTests" name="Post_InvalidPropertyValueReturnsBadRequest" /></UnitTest><UnitTest name="Delete_TargetModelIsDeleted" storage="d:\modelrelief\modelrelief.test\bin\debug\netcoreapp2.0\modelrelief.test.dll" id="3ed4d699-70ae-4070-a1f4-064447b01776"><Execution id="3b7830fa-57a2-46c5-8f4b-bbf928e0361c" /><TestMethod codeBase="D:\ModelRelief\ModelRelief.test\bin\Debug\netcoreapp2.0\ModelRelief.Test.dll" adapterTypeName="executor://xunit/VsTestRunner2/netcoreapp" className="ModelRelief.Test.Integration.DepthBuffers.DepthBuffersBaseIntegrationTests" name="Delete_TargetModelIsDeleted" /></UnitTest><UnitTest name="Patch_InvalidIdPropertyReturnsNotFound" storage="d:\modelrelief\modelrelief.test\bin\debug\netcoreapp2.0\modelrelief.test.dll" id="d658139f-542c-4729-9efc-ff38e93f0ea7"><Execution id="d45ee113-5cee-4feb-b956-d8199183f03e" /><TestMethod codeBase="D:\ModelRelief\ModelRelief.test\bin\Debug\netcoreapp2.0\ModelRelief.Test.dll" adapterTypeName="executor://xunit/VsTestRunner2/netcoreapp" className="ModelRelief.Test.Integration.Projects.ProjectsBaseIntegrationTests" name="Patch_InvalidIdPropertyReturnsNotFound" /></UnitTest><UnitTest name="PutFile_NewFileCanBePut" storage="d:\modelrelief\modelrelief.test\bin\debug\netcoreapp2.0\modelrelief.test.dll" id="8989f876-0af1-4a99-a588-40b97761e5fa"><Execution id="81efa75b-1d06-4d69-b7a9-87377b35d3e9" /><TestMethod codeBase="D:\ModelRelief\ModelRelief.test\bin\Debug\netcoreapp2.0\ModelRelief.Test.dll" adapterTypeName="executor://xunit/VsTestRunner2/netcoreapp" className="ModelRelief.Test.Integration.DepthBuffers.DepthBuffersFileIntegrationTests" name="PutFile_NewFileCanBePut" /></UnitTest><UnitTest name="Patch_TargetPropertyIsUpdated" storage="d:\modelrelief\modelrelief.test\bin\debug\netcoreapp2.0\modelrelief.test.dll" id="ac98cb47-762e-475c-bda3-28f062ada009"><Execution id="9c3a31e9-2e26-4472-b706-1c77963be6ef" /><TestMethod codeBase="D:\ModelRelief\ModelRelief.test\bin\Debug\netcoreapp2.0\ModelRelief.Test.dll" adapterTypeName="executor://xunit/VsTestRunner2/netcoreapp" className="ModelRelief.Test.Integration.Cameras.CamerasBaseIntegrationTests" name="Patch_TargetPropertyIsUpdated" /></UnitTest><UnitTest name="GetList_ListReturnsCorrectCount" storage="d:\modelrelief\modelrelief.test\bin\debug\netcoreapp2.0\modelrelief.test.dll" id="0f682cbe-3fae-4991-8879-d211fd12f141"><Execution id="487c5e70-d10b-42e5-a633-a0970e7237ba" /><TestMethod codeBase="D:\ModelRelief\ModelRelief.test\bin\Debug\netcoreapp2.0\ModelRelief.Test.dll" adapterTypeName="executor://xunit/VsTestRunner2/netcoreapp" className="ModelRelief.Test.Integration.MeshTransforms.MeshTransformsBaseIntegrationTests" name="GetList_ListReturnsCorrectCount" /></UnitTest><UnitTest name="GetFile_FileCanBeRoundTripped" storage="d:\modelrelief\modelrelief.test\bin\debug\netcoreapp2.0\modelrelief.test.dll" id="cf7fff31-d085-4493-a219-c9629d5e2bab"><Execution id="2e08b39e-fcf1-4767-994d-ff46c4a2b3c6" /><TestMethod codeBase="D:\ModelRelief\ModelRelief.test\bin\Debug\netcoreapp2.0\ModelRelief.Test.dll" adapterTypeName="executor://xunit/VsTestRunner2/netcoreapp" className="ModelRelief.Test.Integration.DepthBuffers.DepthBuffersFileIntegrationTests" name="GetFile_FileCanBeRoundTripped" /></UnitTest><UnitTest name="Put_ValidReferencePropertyUpdatesModel" storage="d:\modelrelief\modelrelief.test\bin\debug\netcoreapp2.0\modelrelief.test.dll" id="badcbd36-e54f-4c2b-ad01-f2b1894e6f81"><Execution id="711b9747-3bc5-4d8b-82b2-d1329096fa51" /><TestMethod codeBase="D:\ModelRelief\ModelRelief.test\bin\Debug\netcoreapp2.0\ModelRelief.Test.dll" adapterTypeName="executor://xunit/VsTestRunner2/netcoreapp" className="ModelRelief.Test.Integration.DepthBuffers.DepthBuffersBaseIntegrationTests" name="Put_ValidReferencePropertyUpdatesModel" /></UnitTest><UnitTest name="Put_InvalidIdReturnsNotFound" storage="d:\modelrelief\modelrelief.test\bin\debug\netcoreapp2.0\modelrelief.test.dll" id="2d8d392e-18ba-41fa-acc7-db396971135b"><Execution id="5b1394dc-e4ce-4087-b1e0-72c0b828538b" /><TestMethod codeBase="D:\ModelRelief\ModelRelief.test\bin\Debug\netcoreapp2.0\ModelRelief.Test.dll" adapterTypeName="executor://xunit/VsTestRunner2/netcoreapp" className="ModelRelief.Test.Integration.Meshes.MeshesBaseIntegrationTests" name="Put_InvalidIdReturnsNotFound" /></UnitTest><UnitTest name="Patch_InvalidEnumPropertyValueReturnsBadRequest" storage="d:\modelrelief\modelrelief.test\bin\debug\netcoreapp2.0\modelrelief.test.dll" id="34b70a36-3c6e-4fb2-962c-a1be71d536d0"><Execution id="eb2ed614-90aa-4872-afa2-6528ae009dff" /><TestMethod codeBase="D:\ModelRelief\ModelRelief.test\bin\Debug\netcoreapp2.0\ModelRelief.Test.dll" adapterTypeName="executor://xunit/VsTestRunner2/netcoreapp" className="ModelRelief.Test.Integration.Cameras.CamerasBaseIntegrationTests" name="Patch_InvalidEnumPropertyValueReturnsBadRequest" /></UnitTest><UnitTest name="Delete_TargetModelIsDeleted" storage="d:\modelrelief\modelrelief.test\bin\debug\netcoreapp2.0\modelrelief.test.dll" id="d56ba438-7799-4683-88ab-8b52081b9e09"><Execution id="958a28c9-fb3c-45ef-9a8a-4cb06fc0ec33" /><TestMethod codeBase="D:\ModelRelief\ModelRelief.test\bin\Debug\netcoreapp2.0\ModelRelief.Test.dll" adapterTypeName="executor://xunit/VsTestRunner2/netcoreapp" className="ModelRelief.Test.Integration.MeshTransforms.MeshTransformsBaseIntegrationTests" name="Delete_TargetModelIsDeleted" /></UnitTest><UnitTest name="CameraHasExpectedDependentFiles" storage="d:\modelrelief\modelrelief.test\bin\debug\netcoreapp2.0\modelrelief.test.dll" id="48b740b1-716e-4739-ab54-4e308d57688d"><Execution id="be2c6be4-b3f9-44b6-b408-3a8310c7c0ac" /><TestMethod codeBase="D:\ModelRelief\ModelRelief.test\bin\Debug\netcoreapp2.0\ModelRelief.Test.dll" adapterTypeName="executor://xunit/VsTestRunner2/netcoreapp" className="ModelRelief.Test.Unit.DependencyManager.DependencyManagerTests" name="CameraHasExpectedDependentFiles" /></UnitTest><UnitTest name="Patch_InvalidIdPropertyReturnsNotFound" storage="d:\modelrelief\modelrelief.test\bin\debug\netcoreapp2.0\modelrelief.test.dll" id="2f547da0-67f3-4908-a3ba-00b683c5d37b"><Execution id="e78e3f42-e4e2-48ca-a285-d1e3945999c4" /><TestMethod codeBase="D:\ModelRelief\ModelRelief.test\bin\Debug\netcoreapp2.0\ModelRelief.Test.dll" adapterTypeName="executor://xunit/VsTestRunner2/netcoreapp" className="ModelRelief.Test.Integration.MeshTransforms.MeshTransformsBaseIntegrationTests" name="Patch_InvalidIdPropertyReturnsNotFound" /></UnitTest><UnitTest name="Put_ValidReferencePropertyUpdatesModel" storage="d:\modelrelief\modelrelief.test\bin\debug\netcoreapp2.0\modelrelief.test.dll" id="c3d92382-7e08-4329-9d56-14c2284a7047"><Execution id="665a839d-8d1c-45b9-a9dd-9c3f5491c706" /><TestMethod codeBase="D:\ModelRelief\ModelRelief.test\bin\Debug\netcoreapp2.0\ModelRelief.Test.dll" adapterTypeName="executor://xunit/VsTestRunner2/netcoreapp" className="ModelRelief.Test.Integration.Projects.ProjectsBaseIntegrationTests" name="Put_ValidReferencePropertyUpdatesModel" /></UnitTest><UnitTest name="Put_ValidReferencePropertyUpdatesModel" storage="d:\modelrelief\modelrelief.test\bin\debug\netcoreapp2.0\modelrelief.test.dll" id="a39f7c24-4ad0-45dc-a990-74d12476b7b0"><Execution id="452b201f-28d2-4416-8d75-647eb6811c29" /><TestMethod codeBase="D:\ModelRelief\ModelRelief.test\bin\Debug\netcoreapp2.0\ModelRelief.Test.dll" adapterTypeName="executor://xunit/VsTestRunner2/netcoreapp" className="ModelRelief.Test.Integration.Meshes.MeshesBaseIntegrationTests" name="Put_ValidReferencePropertyUpdatesModel" /></UnitTest><UnitTest name="Delete_TargetModelIsDeleted" storage="d:\modelrelief\modelrelief.test\bin\debug\netcoreapp2.0\modelrelief.test.dll" id="be751a4e-4f24-4ec1-8d49-60ef17879796"><Execution id="18c7cf7d-74a9-46df-91c6-d519700a62b3" /><TestMethod codeBase="D:\ModelRelief\ModelRelief.test\bin\Debug\netcoreapp2.0\ModelRelief.Test.dll" adapterTypeName="executor://xunit/VsTestRunner2/netcoreapp" className="ModelRelief.Test.Integration.Meshes.MeshesBaseIntegrationTests" name="Delete_TargetModelIsDeleted" /></UnitTest><UnitTest name="Patch_InvalidIdPropertyReturnsNotFound" storage="d:\modelrelief\modelrelief.test\bin\debug\netcoreapp2.0\modelrelief.test.dll" id="17b638fc-b47c-428b-8965-abc5f33708e4"><Execution id="e4bd9a82-5520-491f-9f62-db764b2bbd9e" /><TestMethod codeBase="D:\ModelRelief\ModelRelief.test\bin\Debug\netcoreapp2.0\ModelRelief.Test.dll" adapterTypeName="executor://xunit/VsTestRunner2/netcoreapp" className="ModelRelief.Test.Integration.DepthBuffers.DepthBuffersBaseIntegrationTests" name="Patch_InvalidIdPropertyReturnsNotFound" /></UnitTest><UnitTest name="GetList_ListReturnsCorrectCount" storage="d:\modelrelief\modelrelief.test\bin\debug\netcoreapp2.0\modelrelief.test.dll" id="abacd55d-b560-4767-8608-8eac21f5f8af"><Execution id="2b3ccadc-3ba0-470d-ab9b-1df0b89ffe6b" /><TestMethod codeBase="D:\ModelRelief\ModelRelief.test\bin\Debug\netcoreapp2.0\ModelRelief.Test.dll" adapterTypeName="executor://xunit/VsTestRunner2/netcoreapp" className="ModelRelief.Test.Integration.Models.ModelsBaseIntegrationTests" name="GetList_ListReturnsCorrectCount" /></UnitTest><UnitTest name="Patch_InvalidIdPropertyReturnsNotFound" storage="d:\modelrelief\modelrelief.test\bin\debug\netcoreapp2.0\modelrelief.test.dll" id="5ede36d7-e4f0-4846-9cbc-e77f06aa164d"><Execution id="3a3958e4-b2e7-4be1-b78f-0e0ad2f50f4a" /><TestMethod codeBase="D:\ModelRelief\ModelRelief.test\bin\Debug\netcoreapp2.0\ModelRelief.Test.dll" adapterTypeName="executor://xunit/VsTestRunner2/netcoreapp" className="ModelRelief.Test.Integration.Cameras.CamerasBaseIntegrationTests" name="Patch_InvalidIdPropertyReturnsNotFound" /></UnitTest><UnitTest name="PostFile_NewFileCanBePosted" storage="d:\modelrelief\modelrelief.test\bin\debug\netcoreapp2.0\modelrelief.test.dll" id="89bf43ae-528a-48d9-aa7d-c001bd74dc18"><Execution id="a08d42b7-8925-4052-b438-433775c14c2a" /><TestMethod codeBase="D:\ModelRelief\ModelRelief.test\bin\Debug\netcoreapp2.0\ModelRelief.Test.dll" adapterTypeName="executor://xunit/VsTestRunner2/netcoreapp" className="ModelRelief.Test.Integration.DepthBuffers.DepthBuffersFileIntegrationTests" name="PostFile_NewFileCanBePosted" /></UnitTest><UnitTest name="GetSingle_ValidIdPropertyValueReturnsCorrectModel" storage="d:\modelrelief\modelrelief.test\bin\debug\netcoreapp2.0\modelrelief.test.dll" id="9efab0c6-b56b-4e07-9692-25e065fd32d6"><Execution id="a2cdf0ec-9ee4-4c74-828c-7e11bdadbc7f" /><TestMethod codeBase="D:\ModelRelief\ModelRelief.test\bin\Debug\netcoreapp2.0\ModelRelief.Test.dll" adapterTypeName="executor://xunit/VsTestRunner2/netcoreapp" className="ModelRelief.Test.Integration.DepthBuffers.DepthBuffersBaseIntegrationTests" name="GetSingle_ValidIdPropertyValueReturnsCorrectModel" /></UnitTest><UnitTest name="Post_ValidReferencePropertyCreatesModel" storage="d:\modelrelief\modelrelief.test\bin\debug\netcoreapp2.0\modelrelief.test.dll" id="67f3fd3f-f521-4672-ba4d-242c9dbf0d66"><Execution id="c53b9f82-e830-4b38-ac42-91508efdb579" /><TestMethod codeBase="D:\ModelRelief\ModelRelief.test\bin\Debug\netcoreapp2.0\ModelRelief.Test.dll" adapterTypeName="executor://xunit/VsTestRunner2/netcoreapp" className="ModelRelief.Test.Integration.Projects.ProjectsBaseIntegrationTests" name="Post_ValidReferencePropertyCreatesModel" /></UnitTest><UnitTest name="Put_InvalidIdReturnsNotFound" storage="d:\modelrelief\modelrelief.test\bin\debug\netcoreapp2.0\modelrelief.test.dll" id="7f48754c-207d-4111-bc83-2da68787b770"><Execution id="8a2e6dab-3184-4833-8dde-78876c8f3d1f" /><TestMethod codeBase="D:\ModelRelief\ModelRelief.test\bin\Debug\netcoreapp2.0\ModelRelief.Test.dll" adapterTypeName="executor://xunit/VsTestRunner2/netcoreapp" className="ModelRelief.Test.Integration.DepthBuffers.DepthBuffersBaseIntegrationTests" name="Put_InvalidIdReturnsNotFound" /></UnitTest><UnitTest name="PostFile_NewFileCanBePosted" storage="d:\modelrelief\modelrelief.test\bin\debug\netcoreapp2.0\modelrelief.test.dll" id="14039d82-c1cc-4f85-93b4-8b21b9e6f816"><Execution id="948a3a69-db72-4465-9ddd-76d557b2275c" /><TestMethod codeBase="D:\ModelRelief\ModelRelief.test\bin\Debug\netcoreapp2.0\ModelRelief.Test.dll" adapterTypeName="executor://xunit/VsTestRunner2/netcoreapp" className="ModelRelief.Test.Integration.Meshes.MeshesFileIntegrationTests" name="PostFile_NewFileCanBePosted" /></UnitTest><UnitTest name="Put_InvalidReferencePropertyReturndBadRequest" storage="d:\modelrelief\modelrelief.test\bin\debug\netcoreapp2.0\modelrelief.test.dll" id="50512f15-3d90-430c-af49-5b1090547d57"><Execution id="136f063f-1b49-47c6-8f0f-1330f9e89b17" /><TestMethod codeBase="D:\ModelRelief\ModelRelief.test\bin\Debug\netcoreapp2.0\ModelRelief.Test.dll" adapterTypeName="executor://xunit/VsTestRunner2/netcoreapp" className="ModelRelief.Test.Integration.Meshes.MeshesBaseIntegrationTests" name="Put_InvalidReferencePropertyReturndBadRequest" /></UnitTest><UnitTest name="Put_ValidReferencePropertyUpdatesModel" storage="d:\modelrelief\modelrelief.test\bin\debug\netcoreapp2.0\modelrelief.test.dll" id="98e9bb84-8bf4-4dd9-b343-d61551144734"><Execution id="392efb53-ffd5-4fe2-9cb7-a41a788de0ca" /><TestMethod codeBase="D:\ModelRelief\ModelRelief.test\bin\Debug\netcoreapp2.0\ModelRelief.Test.dll" adapterTypeName="executor://xunit/VsTestRunner2/netcoreapp" className="ModelRelief.Test.Integration.MeshTransforms.MeshTransformsBaseIntegrationTests" name="Put_ValidReferencePropertyUpdatesModel" /></UnitTest><UnitTest name="Put_CanUpdateModel" storage="d:\modelrelief\modelrelief.test\bin\debug\netcoreapp2.0\modelrelief.test.dll" id="99059ddb-971a-40c6-98c6-567618152dc3"><Execution id="9f98073f-c747-427d-a203-44418988f6da" /><TestMethod codeBase="D:\ModelRelief\ModelRelief.test\bin\Debug\netcoreapp2.0\ModelRelief.Test.dll" adapterTypeName="executor://xunit/VsTestRunner2/netcoreapp" className="ModelRelief.Test.Integration.Cameras.CamerasBaseIntegrationTests" name="Put_CanUpdateModel" /></UnitTest><UnitTest name="PostFile_FileTimeStampIsUpdatedAfterFileIsPosted" storage="d:\modelrelief\modelrelief.test\bin\debug\netcoreapp2.0\modelrelief.test.dll" id="abce5e6b-1006-4a0b-934f-5129f7ca26c0"><Execution id="b8be8245-9d81-49cb-be3e-27d2b088807a" /><TestMethod codeBase="D:\ModelRelief\ModelRelief.test\bin\Debug\netcoreapp2.0\ModelRelief.Test.dll" adapterTypeName="executor://xunit/VsTestRunner2/netcoreapp" className="ModelRelief.Test.Integration.DepthBuffers.DepthBuffersFileIntegrationTests" name="PostFile_FileTimeStampIsUpdatedAfterFileIsPosted" /></UnitTest></TestDefinitions><TestEntries><TestEntry testId="039b197b-a2b8-4ddd-907b-a4373fb08150" executionId="c3c4ea1d-3604-4415-b70a-041c4d5ea2ca" testListId="8c84fa94-04c1-424b-9868-57a2d4851a1d" /><TestEntry testId="cbc0f2a4-4679-4bd8-a66e-c334a6d4c381" executionId="f5700997-a869-4787-ae6d-30fdca1ed463" testListId="8c84fa94-04c1-424b-9868-57a2d4851a1d" /><TestEntry testId="be6bc59f-34d1-48a9-97b1-5b3688b52d1b" executionId="65954e70-a458-4ab5-938c-9a9101dce6a3" testListId="8c84fa94-04c1-424b-9868-57a2d4851a1d" /><TestEntry testId="ae0e5968-684f-47e8-9094-cce9a9494388" executionId="bd861561-4a45-4f6d-8998-1257df2a1d8c" testListId="8c84fa94-04c1-424b-9868-57a2d4851a1d" /><TestEntry testId="f412d86e-100e-499b-bd59-dd251f813096" executionId="5045669a-04ee-4030-a670-80d65633d3e6" testListId="8c84fa94-04c1-424b-9868-57a2d4851a1d" /><TestEntry testId="f7803e2f-0353-40b1-ac74-54087bb2d3b5" executionId="bcacb164-2aa3-4fbe-bb26-30cdb1189122" testListId="8c84fa94-04c1-424b-9868-57a2d4851a1d" /><TestEntry testId="3ed4d699-70ae-4070-a1f4-064447b01776" executionId="3b7830fa-57a2-46c5-8f4b-bbf928e0361c" testListId="8c84fa94-04c1-424b-9868-57a2d4851a1d" /><TestEntry testId="e4049aff-438d-471b-91d2-5fae7b2de42f" executionId="3e0c82f1-28a7-4039-8808-c519594a3ed1" testListId="8c84fa94-04c1-424b-9868-57a2d4851a1d" /><TestEntry testId="7effd1c5-4d61-412a-9512-166b5f832117" executionId="dddfa709-5479-48a4-b9c1-d49d1c034bcf" testListId="8c84fa94-04c1-424b-9868-57a2d4851a1d" /><TestEntry testId="7f48754c-207d-4111-bc83-2da68787b770" executionId="8a2e6dab-3184-4833-8dde-78876c8f3d1f" testListId="8c84fa94-04c1-424b-9868-57a2d4851a1d" /><TestEntry testId="d061d5e1-674c-4db5-98da-e9ce9f072eb5" executionId="0b7d2f3e-4832-44d5-a9dd-ba412b19835b" testListId="8c84fa94-04c1-424b-9868-57a2d4851a1d" /><TestEntry testId="7779b414-402e-4ae1-a211-0653b1067197" executionId="cbc0c81a-6b5f-4ecf-84ef-8977f33997f1" testListId="8c84fa94-04c1-424b-9868-57a2d4851a1d" /><TestEntry testId="f4dd041f-b5aa-4a0c-9ba1-023863d21941" executionId="8071b5aa-cb63-4d7b-96e1-f10614586fbe" testListId="8c84fa94-04c1-424b-9868-57a2d4851a1d" /><TestEntry testId="4a2bc103-b1d1-41ef-8e0c-91a397bd7699" executionId="794dae19-c68c-4d94-8121-91779007d75d" testListId="8c84fa94-04c1-424b-9868-57a2d4851a1d" /><TestEntry testId="badcbd36-e54f-4c2b-ad01-f2b1894e6f81" executionId="711b9747-3bc5-4d8b-82b2-d1329096fa51" testListId="8c84fa94-04c1-424b-9868-57a2d4851a1d" /><TestEntry testId="e278e599-13b3-4bad-8fe9-f169bd0db09d" executionId="e399f716-bbff-42b0-b015-1e65ae4cf4fb" testListId="8c84fa94-04c1-424b-9868-57a2d4851a1d" /><TestEntry testId="4f9fe9da-31c4-46db-9c07-3a20db23045f" executionId="3dc3a539-ddab-4ff9-8709-b1cce4017306" testListId="8c84fa94-04c1-424b-9868-57a2d4851a1d" /><TestEntry testId="b18ccb9f-457c-4633-afd0-2db45cfd31f0" executionId="2c8c27c1-2953-4a48-8b36-e02e3bb2bfac" testListId="8c84fa94-04c1-424b-9868-57a2d4851a1d" /><TestEntry testId="d658139f-542c-4729-9efc-ff38e93f0ea7" executionId="d45ee113-5cee-4feb-b956-d8199183f03e" testListId="8c84fa94-04c1-424b-9868-57a2d4851a1d" /><TestEntry testId="9874c386-c58a-4974-bc79-3fa56c26092c" executionId="1810414d-8068-48b0-ae07-f3d0e9e61a12" testListId="8c84fa94-04c1-424b-9868-57a2d4851a1d" /><TestEntry testId="4e850fa7-7d23-46f3-9448-eb8ad646f026" executionId="2588e651-45e5-42fc-ae50-322ed3d08022" testListId="8c84fa94-04c1-424b-9868-57a2d4851a1d" /><TestEntry testId="2b99230c-e211-4b10-ac69-25f9fd764fab" executionId="6a274b2d-5628-4c38-9cca-1bc41b4a5dbe" testListId="8c84fa94-04c1-424b-9868-57a2d4851a1d" /><TestEntry testId="0dd1d2ef-298c-45de-b5a0-6e85248031b5" executionId="601287a8-8e89-46bf-bc20-626a96b0a103" testListId="8c84fa94-04c1-424b-9868-57a2d4851a1d" /><TestEntry testId="cf8de2f5-e8a7-479d-94fe-87ef886f21b1" executionId="31b4571e-069e-413d-a9a1-5e463ca25bd3" testListId="8c84fa94-04c1-424b-9868-57a2d4851a1d" /><TestEntry testId="d56ba438-7799-4683-88ab-8b52081b9e09" executionId="958a28c9-fb3c-45ef-9a8a-4cb06fc0ec33" testListId="8c84fa94-04c1-424b-9868-57a2d4851a1d" /><TestEntry testId="c497066d-5b13-4993-8ae5-02007e9485a7" executionId="80745111-7060-4644-b630-23d3867dcd9a" testListId="8c84fa94-04c1-424b-9868-57a2d4851a1d" /><TestEntry testId="05fe42cd-0224-4655-ac9e-7dc795f0e957" executionId="6ab7c698-34b5-4298-85e3-f8103090948e" testListId="8c84fa94-04c1-424b-9868-57a2d4851a1d" /><TestEntry testId="4e9aaa4a-d5a9-498f-98aa-869c79c621cc" executionId="06492b5c-5601-4e4b-ade8-050ff25c80fc" testListId="8c84fa94-04c1-424b-9868-57a2d4851a1d" /><TestEntry testId="014cd719-60f4-4d24-91bd-0757f2d8f155" executionId="001d6a32-d2be-46ff-aeea-22cbdd9ece0a" testListId="8c84fa94-04c1-424b-9868-57a2d4851a1d" /><TestEntry testId="4a2dc480-2b28-47f5-84d5-e5a6c8691bb2" executionId="553d400c-8fec-43c9-9c48-e8032fefeb04" testListId="8c84fa94-04c1-424b-9868-57a2d4851a1d" /><TestEntry testId="f08364c7-786f-4358-84a9-d61f96c4aa14" executionId="1983fd8f-5f64-4ad0-8dcf-46062031bd8c" testListId="8c84fa94-04c1-424b-9868-57a2d4851a1d" /><TestEntry testId="99059ddb-971a-40c6-98c6-567618152dc3" executionId="9f98073f-c747-427d-a203-44418988f6da" testListId="8c84fa94-04c1-424b-9868-57a2d4851a1d" /><TestEntry testId="34bbb852-6150-4923-b19e-bf6ac6496dd9" executionId="a0eddb0e-22c6-4c12-af98-1b2598d58794" testListId="8c84fa94-04c1-424b-9868-57a2d4851a1d" /><TestEntry testId="8c993df6-6f8f-4b85-9b95-86764b9f27b3" executionId="7148b1a8-a968-4ed6-969a-102cf5543390" testListId="8c84fa94-04c1-424b-9868-57a2d4851a1d" /><TestEntry testId="67f3fd3f-f521-4672-ba4d-242c9dbf0d66" executionId="c53b9f82-e830-4b38-ac42-91508efdb579" testListId="8c84fa94-04c1-424b-9868-57a2d4851a1d" /><TestEntry testId="bfc3f703-64bf-4905-8f08-37ce4df4fb29" executionId="1faf4217-8ab7-4c6a-9a92-01f22f26f54d" testListId="8c84fa94-04c1-424b-9868-57a2d4851a1d" /><TestEntry testId="68bb130a-89de-44a7-b9bc-da37510965bb" executionId="a63b5e96-e019-4171-8d18-a1f34a351d1a" testListId="8c84fa94-04c1-424b-9868-57a2d4851a1d" /><TestEntry testId="bfcf50e2-d254-455b-8b05-64e604f82aaf" executionId="469e39f6-5bb5-4149-b695-10c14eb492ca" testListId="8c84fa94-04c1-424b-9868-57a2d4851a1d" /><TestEntry testId="ac741aac-6a89-4317-9ce5-adf4a9d711a0" executionId="2ee08c46-dca6-4284-8725-c49cc67b0ae4" testListId="8c84fa94-04c1-424b-9868-57a2d4851a1d" /><TestEntry testId="9ce7d52b-4481-409b-9218-513da2703119" executionId="2bc24242-e7ec-4a71-9672-b1e930545976" testListId="8c84fa94-04c1-424b-9868-57a2d4851a1d" /><TestEntry testId="8989f876-0af1-4a99-a588-40b97761e5fa" executionId="81efa75b-1d06-4d69-b7a9-87377b35d3e9" testListId="8c84fa94-04c1-424b-9868-57a2d4851a1d" /><TestEntry testId="e1ffe9f5-f744-44f9-8b50-05445a51d92f" executionId="e842faaf-975b-40b8-abb7-339a08f161c4" testListId="8c84fa94-04c1-424b-9868-57a2d4851a1d" /><TestEntry testId="2301ebb5-3ec1-4cd9-b2e4-09af1e65f3cc" executionId="893dfa7d-40df-4256-8c95-86b54a894d53" testListId="8c84fa94-04c1-424b-9868-57a2d4851a1d" /><TestEntry testId="50512f15-3d90-430c-af49-5b1090547d57" executionId="136f063f-1b49-47c6-8f0f-1330f9e89b17" testListId="8c84fa94-04c1-424b-9868-57a2d4851a1d" /><TestEntry testId="5c67f288-8794-4da1-90e4-27076db403fa" executionId="d525d911-b2c5-491e-9f36-99f30171286f" testListId="8c84fa94-04c1-424b-9868-57a2d4851a1d" /><TestEntry testId="11ab9007-4f7c-465b-8340-b9a629bb408e" executionId="d289c7c2-0d8c-4a41-aa97-6b3c0242dcee" testListId="8c84fa94-04c1-424b-9868-57a2d4851a1d" /><TestEntry testId="6cfcd5d6-f0ba-4e5a-b79a-b1c762b83495" executionId="396fb657-7341-4407-9ea1-5a6945f38566" testListId="8c84fa94-04c1-424b-9868-57a2d4851a1d" /><TestEntry testId="74bd0836-4839-47aa-a838-8d27025f7395" executionId="68004fa5-a084-47a4-99db-8032a32b1b79" testListId="8c84fa94-04c1-424b-9868-57a2d4851a1d" /><TestEntry testId="7d148b84-2fcf-401e-9830-501f98043de2" executionId="99bdfc83-6461-4a10-968d-d48a9c73d020" testListId="8c84fa94-04c1-424b-9868-57a2d4851a1d" /><TestEntry testId="43fd1090-d4c8-4dbd-aff5-f9bb063af14c" executionId="22793271-e79c-42fb-8555-963e6d58cc21" testListId="8c84fa94-04c1-424b-9868-57a2d4851a1d" /><TestEntry testId="c3d92382-7e08-4329-9d56-14c2284a7047" executionId="665a839d-8d1c-45b9-a9dd-9c3f5491c706" testListId="8c84fa94-04c1-424b-9868-57a2d4851a1d" /><TestEntry testId="dcc059f3-05f8-4f33-8800-b460a3f913bf" executionId="a528b47a-3601-4189-8a93-b99d7ffe2a0d" testListId="8c84fa94-04c1-424b-9868-57a2d4851a1d" /><TestEntry testId="6774aa2f-60b4-466f-af41-a4852c8d9b7e" executionId="8db82f76-80bf-4cb3-8e74-3871e47b933c" testListId="8c84fa94-04c1-424b-9868-57a2d4851a1d" /><TestEntry testId="b680f648-da51-4624-9072-ff3b9f55e3a3" executionId="e9ac2dd0-1f5c-4c6d-85fb-217a436c81ce" testListId="8c84fa94-04c1-424b-9868-57a2d4851a1d" /><TestEntry testId="1f7dadc0-112e-41cc-a050-a951688c042f" executionId="9b082147-33ca-474b-b30d-e0590d15aadf" testListId="8c84fa94-04c1-424b-9868-57a2d4851a1d" /><TestEntry testId="27dcf76d-865d-4754-8176-c14772112758" executionId="5cbd1aaa-58af-41f5-93eb-9015fe8273ba" testListId="8c84fa94-04c1-424b-9868-57a2d4851a1d" /><TestEntry testId="015eb6eb-45ff-4b5b-b5af-a56d6fd15045" executionId="4b8a99cd-5545-4795-9c62-0d7d2a66f491" testListId="8c84fa94-04c1-424b-9868-57a2d4851a1d" /><TestEntry testId="92597df8-ef11-48f2-94f5-7054c50874bc" executionId="3f3cfc9f-b4a3-42c9-b0e7-9a7be78cb292" testListId="8c84fa94-04c1-424b-9868-57a2d4851a1d" /><TestEntry testId="1e72463e-2b6e-445c-b50d-82092a261315" executionId="f22d67dc-945a-4729-96ac-ed2219c72324" testListId="8c84fa94-04c1-424b-9868-57a2d4851a1d" /><TestEntry testId="be751a4e-4f24-4ec1-8d49-60ef17879796" executionId="18c7cf7d-74a9-46df-91c6-d519700a62b3" testListId="8c84fa94-04c1-424b-9868-57a2d4851a1d" /><TestEntry testId="090b0663-1fd5-4478-8c42-1593ebe07ebc" executionId="ec9e95e5-736e-4019-8858-a0e41c69cd32" testListId="8c84fa94-04c1-424b-9868-57a2d4851a1d" /><TestEntry testId="252c3a7b-abdf-4e37-a154-ac74f6e5a8ec" executionId="59c709c5-e138-4985-bcac-9554742eab80" testListId="8c84fa94-04c1-424b-9868-57a2d4851a1d" /><TestEntry testId="5ede36d7-e4f0-4846-9cbc-e77f06aa164d" executionId="3a3958e4-b2e7-4be1-b78f-0e0ad2f50f4a" testListId="8c84fa94-04c1-424b-9868-57a2d4851a1d" /><TestEntry testId="88393e1e-5915-4459-803e-ecb31aba6616" executionId="8d346cb4-0ea7-486b-b04e-ccbafa791a10" testListId="8c84fa94-04c1-424b-9868-57a2d4851a1d" /><TestEntry testId="aecbb7f2-e94a-452a-b7a0-d9576a13c7b7" executionId="59e7a277-96a8-476f-83d6-607464b128bb" testListId="8c84fa94-04c1-424b-9868-57a2d4851a1d" /><TestEntry testId="ae837a5a-4b7f-410d-966c-bf393886e5a6" executionId="1333b51b-3c1c-442f-99f0-4c899b9ba83c" testListId="8c84fa94-04c1-424b-9868-57a2d4851a1d" /><TestEntry testId="6460d4f5-a133-4093-bc0a-d84956a85c17" executionId="6c5fe248-de7c-4988-8866-22d9474312d8" testListId="8c84fa94-04c1-424b-9868-57a2d4851a1d" /><TestEntry testId="0b083a2d-4e0b-4beb-9516-91e0887035ea" executionId="a7331762-2905-4868-9b42-325b8f972651" testListId="8c84fa94-04c1-424b-9868-57a2d4851a1d" /><TestEntry testId="9efab0c6-b56b-4e07-9692-25e065fd32d6" executionId="a2cdf0ec-9ee4-4c74-828c-7e11bdadbc7f" testListId="8c84fa94-04c1-424b-9868-57a2d4851a1d" /><TestEntry testId="a4e7788b-8886-438b-8130-3937bf3c91f1" executionId="12bdbc90-d34c-4171-8437-671df20c575a" testListId="8c84fa94-04c1-424b-9868-57a2d4851a1d" /><TestEntry testId="edb9ad07-dc0c-424f-977d-5c805c3276d8" executionId="c24e7929-ad85-4b3a-9738-1319cc60aefb" testListId="8c84fa94-04c1-424b-9868-57a2d4851a1d" /><TestEntry testId="a5ddd0b9-b472-4a4b-b80a-56a292ee8549" executionId="94bef029-5739-4967-80bd-f04ec0eb1469" testListId="8c84fa94-04c1-424b-9868-57a2d4851a1d" /><TestEntry testId="ca9a96e4-8dba-452e-9a59-5e1d489a817a" executionId="006ccdf6-897d-4b37-97b1-a5d263a79f52" testListId="8c84fa94-04c1-424b-9868-57a2d4851a1d" /><TestEntry testId="32d8ec93-454e-4312-961d-082ef9f7963a" executionId="40d6b78c-1faf-4ef4-b6ad-4d43ddf417d9" testListId="8c84fa94-04c1-424b-9868-57a2d4851a1d" /><TestEntry testId="1c5dd807-b1cc-4558-bf20-18e59918d8f7" executionId="b650cc24-bd0c-445b-883e-d551112d785c" testListId="8c84fa94-04c1-424b-9868-57a2d4851a1d" /><TestEntry testId="829b03db-84a2-458d-87d4-9147dda14b0b" executionId="02a9566b-c172-4f4e-9921-7a00d7a2c75e" testListId="8c84fa94-04c1-424b-9868-57a2d4851a1d" /><TestEntry testId="b0239934-d319-480d-acfc-89ccafe9d91c" executionId="99f2e721-a4c6-4422-8f4d-de8fc8247ae4" testListId="8c84fa94-04c1-424b-9868-57a2d4851a1d" /><TestEntry testId="abce5e6b-1006-4a0b-934f-5129f7ca26c0" executionId="b8be8245-9d81-49cb-be3e-27d2b088807a" testListId="8c84fa94-04c1-424b-9868-57a2d4851a1d" /><TestEntry testId="34b70a36-3c6e-4fb2-962c-a1be71d536d0" executionId="eb2ed614-90aa-4872-afa2-6528ae009dff" testListId="8c84fa94-04c1-424b-9868-57a2d4851a1d" /><TestEntry testId="abacd55d-b560-4767-8608-8eac21f5f8af" executionId="2b3ccadc-3ba0-470d-ab9b-1df0b89ffe6b" testListId="8c84fa94-04c1-424b-9868-57a2d4851a1d" /><TestEntry testId="72c0e605-7148-4e70-b999-33e141aed378" executionId="c5a6bf11-dd87-4ae7-a7ea-d45ef9b794c6" testListId="8c84fa94-04c1-424b-9868-57a2d4851a1d" /><TestEntry testId="5597c588-7a02-4e18-884f-b5775a1162bc" executionId="4815606a-ad7c-42d5-8a0e-69dc034e52ad" testListId="8c84fa94-04c1-424b-9868-57a2d4851a1d" /><TestEntry testId="84ae06ee-3e9b-4740-8aaf-2033d4b0d370" executionId="d59f04ce-44cb-4c65-b749-f33cc6e52430" testListId="8c84fa94-04c1-424b-9868-57a2d4851a1d" /><TestEntry testId="c3467738-ec93-4f07-9c49-b6ac892884f8" executionId="2a819f3b-2608-4c06-9ad7-162943fa508b" testListId="8c84fa94-04c1-424b-9868-57a2d4851a1d" /><TestEntry testId="17b638fc-b47c-428b-8965-abc5f33708e4" executionId="e4bd9a82-5520-491f-9f62-db764b2bbd9e" testListId="8c84fa94-04c1-424b-9868-57a2d4851a1d" /><TestEntry testId="bda27f98-9df8-4ce2-bc9b-b36e61085da0" executionId="95d4f824-6fde-4147-a043-374965a51bd6" testListId="8c84fa94-04c1-424b-9868-57a2d4851a1d" /><TestEntry testId="933b04fe-bfba-4c8e-8e87-650ac0cb8092" executionId="49c78de3-af46-4aac-92d2-dca412046051" testListId="8c84fa94-04c1-424b-9868-57a2d4851a1d" /><TestEntry testId="155cadb8-8ca0-45b5-bbc2-9d07a6f00ecc" executionId="aa3c5109-29f3-4c17-b4d6-f63cc3224e6b" testListId="8c84fa94-04c1-424b-9868-57a2d4851a1d" /><TestEntry testId="48b740b1-716e-4739-ab54-4e308d57688d" executionId="be2c6be4-b3f9-44b6-b408-3a8310c7c0ac" testListId="8c84fa94-04c1-424b-9868-57a2d4851a1d" /><TestEntry testId="9e09f9e7-7a31-43ae-b469-2ccaf97fbc93" executionId="5915baf4-97d4-4ea3-9503-a11572d9b800" testListId="8c84fa94-04c1-424b-9868-57a2d4851a1d" /><TestEntry testId="ac98cb47-762e-475c-bda3-28f062ada009" executionId="9c3a31e9-2e26-4472-b706-1c77963be6ef" testListId="8c84fa94-04c1-424b-9868-57a2d4851a1d" /><TestEntry testId="89bf43ae-528a-48d9-aa7d-c001bd74dc18" executionId="a08d42b7-8925-4052-b438-433775c14c2a" testListId="8c84fa94-04c1-424b-9868-57a2d4851a1d" /><TestEntry testId="cf7fff31-d085-4493-a219-c9629d5e2bab" executionId="2e08b39e-fcf1-4767-994d-ff46c4a2b3c6" testListId="8c84fa94-04c1-424b-9868-57a2d4851a1d" /><TestEntry testId="4192c03a-bcf8-4e63-9737-63c727fe6b05" executionId="b8bcbf52-6269-48e8-8330-b23ca457d5ff" testListId="8c84fa94-04c1-424b-9868-57a2d4851a1d" /><TestEntry testId="dbf0d986-425d-4ac3-8c37-90676e60d367" executionId="1e13bc85-8c7a-4c65-bc24-02b0041c8ce7" testListId="8c84fa94-04c1-424b-9868-57a2d4851a1d" /><TestEntry testId="991842c6-f638-4dcc-a8b0-7f2970511a3c" executionId="ecf30e99-7d22-452b-b32a-363742828c00" testListId="8c84fa94-04c1-424b-9868-57a2d4851a1d" /><TestEntry testId="0f682cbe-3fae-4991-8879-d211fd12f141" executionId="487c5e70-d10b-42e5-a633-a0970e7237ba" testListId="8c84fa94-04c1-424b-9868-57a2d4851a1d" /><TestEntry testId="3b2033cd-ff7e-42c5-aa6d-66da7e720d6c" executionId="f1edeba8-51d6-4030-a9d2-2f19649533be" testListId="8c84fa94-04c1-424b-9868-57a2d4851a1d" /><TestEntry testId="8acefefd-95b9-40fa-a69d-64aae71fd8c8" executionId="06466a29-9fb7-4382-a26c-30d04bfaa9e6" testListId="8c84fa94-04c1-424b-9868-57a2d4851a1d" /><TestEntry testId="bd6da58d-a0f7-411c-83d3-6d58672ffd17" executionId="445b7be7-51d4-42f3-b7b7-ab9ff985cfd3" testListId="8c84fa94-04c1-424b-9868-57a2d4851a1d" /><TestEntry testId="d8517810-a081-435a-8420-738b9cc3e6f8" executionId="270ae7af-f9e4-4d0c-85cf-91737d1e24da" testListId="8c84fa94-04c1-424b-9868-57a2d4851a1d" /><TestEntry testId="c925a32c-88b3-4a6e-a903-a6d400fb0c36" executionId="b800d96e-0a62-4d70-9a47-4ea455d7bdb4" testListId="8c84fa94-04c1-424b-9868-57a2d4851a1d" /><TestEntry testId="b7c9a781-0f83-4191-a044-ccb533784af4" executionId="db46e052-1146-4709-afc8-f88126cb275b" testListId="8c84fa94-04c1-424b-9868-57a2d4851a1d" /><TestEntry testId="158a2e85-3560-491d-8fea-d4d8614c9ac3" executionId="21fd1369-5718-4c08-a275-dde347b58dde" testListId="8c84fa94-04c1-424b-9868-57a2d4851a1d" /><TestEntry testId="62079104-8083-4a9e-9227-dd8e0f27c578" executionId="f29baef4-24e6-4847-a5c2-84831d0537da" testListId="8c84fa94-04c1-424b-9868-57a2d4851a1d" /><TestEntry testId="a582eaa0-0e31-4000-950d-3ef11a2f15c5" executionId="862d8e57-32fe-44ea-99c3-be9a810b08c5" testListId="8c84fa94-04c1-424b-9868-57a2d4851a1d" /><TestEntry testId="017d5718-eed6-4d19-a5d5-1327918d2ffe" executionId="6b85f632-71da-44cb-ad44-1d046ed8c0e4" testListId="8c84fa94-04c1-424b-9868-57a2d4851a1d" /><TestEntry testId="4cb993fd-ac91-44a9-b559-09760c3c0eb0" executionId="6b3575c1-10f7-4096-be83-c72d1182d792" testListId="8c84fa94-04c1-424b-9868-57a2d4851a1d" /><TestEntry testId="0b55f85c-3038-4070-b62d-def1c6e6b919" executionId="ca99abec-95d1-417e-b4d1-66ee4e2b34a8" testListId="8c84fa94-04c1-424b-9868-57a2d4851a1d" /><TestEntry testId="1079ca5b-8f44-4483-9ba6-25b28403f134" executionId="5681e2d1-2624-4e94-866c-593510df3850" testListId="8c84fa94-04c1-424b-9868-57a2d4851a1d" /><TestEntry testId="d47288c0-e880-4cad-a584-82a85717a87d" executionId="d175693e-7c71-44d3-9ada-c757bf5cb808" testListId="8c84fa94-04c1-424b-9868-57a2d4851a1d" /><TestEntry testId="72cb3d49-7768-47a2-b3e6-f3c15995bfd4" executionId="95eac934-a694-4b1a-9b36-8da86f405659" testListId="8c84fa94-04c1-424b-9868-57a2d4851a1d" /><TestEntry testId="2aedb54a-ad8e-4361-8315-65fe9a0238c7" executionId="1582ba9c-f10e-42c7-ac54-3eb1842d6743" testListId="8c84fa94-04c1-424b-9868-57a2d4851a1d" /><TestEntry testId="9dae1c74-6bed-4393-82a7-f7876b69a667" executionId="b2b511d2-df95-4d56-bbb9-3680e6fdf95e" testListId="8c84fa94-04c1-424b-9868-57a2d4851a1d" /><TestEntry testId="57bdea19-02ed-41cd-8906-6b15067cc0d0" executionId="b02ad00c-b907-48cd-8c35-a9dc85f3150e" testListId="8c84fa94-04c1-424b-9868-57a2d4851a1d" /><TestEntry testId="18809215-1200-4b7c-aae8-45a6152709cd" executionId="27fdd189-8c9d-4c56-b3fe-302383b34d3f" testListId="8c84fa94-04c1-424b-9868-57a2d4851a1d" /><TestEntry testId="da398d5f-b9ea-4ed6-be69-bd8ac5dbb9d6" executionId="9414b9e4-78e1-4441-9e3c-f4484bac1082" testListId="8c84fa94-04c1-424b-9868-57a2d4851a1d" /><TestEntry testId="a39f7c24-4ad0-45dc-a990-74d12476b7b0" executionId="452b201f-28d2-4416-8d75-647eb6811c29" testListId="8c84fa94-04c1-424b-9868-57a2d4851a1d" /><TestEntry testId="a428334e-ae11-45c2-913e-ab1b035ff909" executionId="9c41e31b-69f2-410b-8264-7192ad1c4df9" testListId="8c84fa94-04c1-424b-9868-57a2d4851a1d" /><TestEntry testId="206c8800-9d5b-4895-b768-417afc8dd281" executionId="538a69c8-390c-44cd-994a-32e0fae020b2" testListId="8c84fa94-04c1-424b-9868-57a2d4851a1d" /><TestEntry testId="280774da-9857-4ce4-8a0c-3ff0547adef6" executionId="b18591a1-b45d-49e1-9e8f-805c4c813ed0" testListId="8c84fa94-04c1-424b-9868-57a2d4851a1d" /><TestEntry testId="2f547da0-67f3-4908-a3ba-00b683c5d37b" executionId="e78e3f42-e4e2-48ca-a285-d1e3945999c4" testListId="8c84fa94-04c1-424b-9868-57a2d4851a1d" /><TestEntry testId="021cfda0-d484-4b7f-a445-88506328614e" executionId="943d5aae-293c-4ea5-a942-aa01927ef20a" testListId="8c84fa94-04c1-424b-9868-57a2d4851a1d" /><TestEntry testId="ee19f2bc-6601-48fd-827a-6132d29eac60" executionId="322a7240-8bcd-444c-8101-8d5c80035e60" testListId="8c84fa94-04c1-424b-9868-57a2d4851a1d" /><TestEntry testId="d2386c30-714b-4610-9cc7-99700845b744" executionId="5ac52211-684a-4799-b952-2cd05a8a787a" testListId="8c84fa94-04c1-424b-9868-57a2d4851a1d" /><TestEntry testId="b486303f-73db-4739-8585-f513713217c2" executionId="f3caa073-5b49-46e2-8003-9703b033206c" testListId="8c84fa94-04c1-424b-9868-57a2d4851a1d" /><TestEntry testId="745fe098-77c0-47cc-8cac-4c0a31a502b2" executionId="ca6b7835-1b6d-4307-a38f-3f45dce6e552" testListId="8c84fa94-04c1-424b-9868-57a2d4851a1d" /><TestEntry testId="8fd101ae-22f0-4e22-99d1-fb5fb204aa6f" executionId="9e1998d5-d3e0-4bdb-a2c1-9cc6be6c9034" testListId="8c84fa94-04c1-424b-9868-57a2d4851a1d" /><TestEntry testId="45aa4a06-6eea-4c2d-ab16-dc935b554067" executionId="662a8252-198b-4def-9e7f-1bf21cae1bb0" testListId="8c84fa94-04c1-424b-9868-57a2d4851a1d" /><TestEntry testId="2d8d392e-18ba-41fa-acc7-db396971135b" executionId="5b1394dc-e4ce-4087-b1e0-72c0b828538b" testListId="8c84fa94-04c1-424b-9868-57a2d4851a1d" /><TestEntry testId="85f01fe4-86a4-476e-bc4e-75360fc80772" executionId="80870e6f-5547-49d4-801c-d7b85aeb5efc" testListId="8c84fa94-04c1-424b-9868-57a2d4851a1d" /><TestEntry testId="34c56862-2154-46a8-87cb-0d058897e7bd" executionId="743f0cb1-804d-4649-ba84-142059301f18" testListId="8c84fa94-04c1-424b-9868-57a2d4851a1d" /><TestEntry testId="14039d82-c1cc-4f85-93b4-8b21b9e6f816" executionId="948a3a69-db72-4465-9ddd-76d557b2275c" testListId="8c84fa94-04c1-424b-9868-57a2d4851a1d" /><TestEntry testId="a1ae680b-6b67-46d3-bba4-5a0cf0087f5c" executionId="a32b3360-35c6-4c00-a144-bdbfc66bbc56" testListId="8c84fa94-04c1-424b-9868-57a2d4851a1d" /><TestEntry testId="0fe3a794-e78e-4bd6-848f-36e24e8d9bab" executionId="a7e45565-fb3e-4af6-97f5-b29cd37e1437" testListId="8c84fa94-04c1-424b-9868-57a2d4851a1d" /><TestEntry testId="b35c7c06-674b-4645-87a0-611d1c46efe1" executionId="0d7f4ecc-de5a-4c97-8837-907ea7b54c39" testListId="8c84fa94-04c1-424b-9868-57a2d4851a1d" /><TestEntry testId="98e9bb84-8bf4-4dd9-b343-d61551144734" executionId="392efb53-ffd5-4fe2-9cb7-a41a788de0ca" testListId="8c84fa94-04c1-424b-9868-57a2d4851a1d" /><TestEntry testId="d2aba5c5-c30d-4ed2-8e03-55ff93d28df8" executionId="51b1b2df-7297-4d44-b13c-ea6786cea869" testListId="8c84fa94-04c1-424b-9868-57a2d4851a1d" /><TestEntry testId="80ee4525-e611-44da-bd2f-27c9085be65e" executionId="0333c859-3ccd-4d61-b337-d91a09f7f475" testListId="8c84fa94-04c1-424b-9868-57a2d4851a1d" /><TestEntry testId="d1271d38-2211-4685-90a3-0b900346775f" executionId="44f2a127-45d3-4c59-8445-46e101963408" testListId="8c84fa94-04c1-424b-9868-57a2d4851a1d" /><TestEntry testId="cd92e217-6929-42e4-b08c-7c4a9fb6503a" executionId="b8c87a3c-ca54-4acf-9e7a-aa713822d2ca" testListId="8c84fa94-04c1-424b-9868-57a2d4851a1d" /><TestEntry testId="1a675834-1b32-4a20-a1d9-0cb3bf9064f3" executionId="cab26681-29bc-4f9d-8fc8-3c3fc2f837bb" testListId="8c84fa94-04c1-424b-9868-57a2d4851a1d" /><TestEntry testId="2397bc8d-7c47-4330-8f10-4fbd3196fde6" executionId="94b6f350-aaaa-4dd2-8c2a-2442d49d66f5" testListId="8c84fa94-04c1-424b-9868-57a2d4851a1d" /><TestEntry testId="aaf0aa1f-8c81-4460-af3c-ed5cad9cbc88" executionId="23a0edd6-464c-48ca-a192-da97897ccde1" testListId="8c84fa94-04c1-424b-9868-57a2d4851a1d" /><TestEntry testId="4b78d93e-6dc3-43f3-9b02-93ce6a7c3b91" executionId="113385ee-df01-4d0b-ad0e-e1ba64b1e706" testListId="8c84fa94-04c1-424b-9868-57a2d4851a1d" /><TestEntry testId="51f6b911-4195-472c-a311-f96379754c97" executionId="45944907-1c27-488f-908b-44052a157aa3" testListId="8c84fa94-04c1-424b-9868-57a2d4851a1d" /><TestEntry testId="e0ed2f7f-5ab4-48d1-bb1d-ce30c1ebecf3" executionId="3b46f577-1543-40ee-809d-54821042fd70" testListId="8c84fa94-04c1-424b-9868-57a2d4851a1d" /><TestEntry testId="4a02c01b-d817-4821-a06a-a68f1399b4ca" executionId="28aaf3a3-e0bf-442e-8465-4384ae18e52f" testListId="8c84fa94-04c1-424b-9868-57a2d4851a1d" /><TestEntry testId="28bc7754-405d-472d-84d6-99531a38bbc8" executionId="1500733c-6faf-4508-a3f6-2fbe01727860" testListId="8c84fa94-04c1-424b-9868-57a2d4851a1d" /><TestEntry testId="57b0a9fc-9c25-4200-b66e-cb857e6544cf" executionId="9678cf44-97bb-4934-9197-f483df43ace6" testListId="8c84fa94-04c1-424b-9868-57a2d4851a1d" /><TestEntry testId="ca9d764b-0467-4e25-a19e-6686457e66fb" executionId="12b8f493-f2b1-4fa2-b123-332508d32105" testListId="8c84fa94-04c1-424b-9868-57a2d4851a1d" /></TestEntries><TestLists><TestList name="Results Not in a List" id="8c84fa94-04c1-424b-9868-57a2d4851a1d" /><TestList name="All Loaded Results" id="19431567-8539-422a-85d7-44ee4e166bda" /></TestLists><ResultSummary outcome="Completed"><Counters total="151" executed="151" passed="151" failed="0" error="0" timeout="0" aborted="0" inconclusive="0" passedButRunAborted="0" notRunnable="0" notExecuted="0" disconnected="0" warning="0" completed="0" inProgress="0" pending="0" /><Output><StdOut>[xUnit.net 00:00:01.3750054]   Discovering: ModelRelief.Test[xUnit.net 00:00:01.4874648]   Discovered:  ModelRelief.Test[xUnit.net 00:00:01.4928955]   Starting:    ModelRelief.Test[xUnit.net 00:00:41.4457738]   Finished:    ModelRelief.Test</StdOut></Output></ResultSummary></TestRun>