<?xml version="1.0" encoding="utf-8"?><TestRun id="f31983dc-b270-4173-8e59-f70bf7d3b2b1" name="Steve Knipmeyer@VECTOR 2018-08-14 05:05:16" runUser="VECTOR\Steve Knipmeyer" xmlns="http://microsoft.com/schemas/VisualStudio/TeamTest/2010"><Times creation="2018-08-14T05:05:16.9163055-04:00" queuing="2018-08-14T05:05:16.9163160-04:00" start="2018-08-14T05:04:57.8466219-04:00" finish="2018-08-14T05:05:54.3249703-04:00" /><TestSettings name="default" id="5eea4b3c-c562-4a1b-8ac9-2ae1e04f23d7"><Deployment runDeploymentRoot="Steve_Knipmeyer_VECTOR_2018-08-14_05_05_16" /></TestSettings><Results><UnitTestResult executionId="56ee2f8c-8471-4341-8004-39bc217e8c18" testId="34c12a9b-c69c-4fbb-bbda-0c2f80af8eee" testName="Patch_InvalidPropertyNameReturnsBadRequest" computerName="VECTOR" duration="00:00:00.0990000" startTime="2018-08-14T05:05:16.8754451-04:00" endTime="2018-08-14T05:05:16.8754515-04:00" testType="13cdc9d9-ddb5-4fa4-a97d-d965ccfc6d4b" outcome="Passed" testListId="8c84fa94-04c1-424b-9868-57a2d4851a1d" relativeResultsDirectory="56ee2f8c-8471-4341-8004-39bc217e8c18" /><UnitTestResult executionId="94e3793b-7714-4de5-b15d-22e2c12f29b9" testId="060929f5-ddd3-4c93-a700-e556f2fa83df" testName="Put_CanUpdateModel" computerName="VECTOR" duration="00:00:00.4190000" startTime="2018-08-14T05:05:26.2326261-04:00" endTime="2018-08-14T05:05:26.2326322-04:00" testType="13cdc9d9-ddb5-4fa4-a97d-d965ccfc6d4b" outcome="Passed" testListId="8c84fa94-04c1-424b-9868-57a2d4851a1d" relativeResultsDirectory="94e3793b-7714-4de5-b15d-22e2c12f29b9" /><UnitTestResult executionId="7d052dde-4448-4df2-8b6d-79f2945e9162" testId="78e90cd9-3ac0-4938-964d-d9bf0b3a4178" testName="Patch_InvalidEnumPropertyValueReturnsBadRequest" computerName="VECTOR" duration="00:00:00.0320000" startTime="2018-08-14T05:05:29.6436981-04:00" endTime="2018-08-14T05:05:29.6437036-04:00" testType="13cdc9d9-ddb5-4fa4-a97d-d965ccfc6d4b" outcome="Passed" testListId="8c84fa94-04c1-424b-9868-57a2d4851a1d" relativeResultsDirectory="7d052dde-4448-4df2-8b6d-79f2945e9162" /><UnitTestResult executionId="53ed67b6-0ae7-430e-9537-b1b0439bd9d2" testId="ab4cc5b0-8ea3-4fdf-b8be-acc803ff434b" testName="Patch_InvalidPropertyNameReturnsBadRequest" computerName="VECTOR" duration="00:00:00.0160000" startTime="2018-08-14T05:05:19.5594008-04:00" endTime="2018-08-14T05:05:19.5594053-04:00" testType="13cdc9d9-ddb5-4fa4-a97d-d965ccfc6d4b" outcome="Passed" testListId="8c84fa94-04c1-424b-9868-57a2d4851a1d" relativeResultsDirectory="53ed67b6-0ae7-430e-9537-b1b0439bd9d2" /><UnitTestResult executionId="518fe4e7-f954-4d8d-9532-8b77fbb27f04" testId="05aa58e0-c2fc-4a46-87aa-0b1d869ce1d9" testName="MeshTransformHasExpectedDependentFiles" computerName="VECTOR" duration="00:00:00.0010000" startTime="2018-08-14T05:05:16.1990405-04:00" endTime="2018-08-14T05:05:16.1990420-04:00" testType="13cdc9d9-ddb5-4fa4-a97d-d965ccfc6d4b" outcome="Passed" testListId="8c84fa94-04c1-424b-9868-57a2d4851a1d" relativeResultsDirectory="518fe4e7-f954-4d8d-9532-8b77fbb27f04" /><UnitTestResult executionId="97ca17f7-4ee8-4134-9710-293108d638c3" testId="32a37a97-63ce-4db9-a8d4-7758c9debc83" testName="Patch_ValidReferencePropertyUpdatesModel" computerName="VECTOR" duration="00:00:00.4040000" startTime="2018-08-14T05:05:45.5923716-04:00" endTime="2018-08-14T05:05:45.5923796-04:00" testType="13cdc9d9-ddb5-4fa4-a97d-d965ccfc6d4b" outcome="Passed" testListId="8c84fa94-04c1-424b-9868-57a2d4851a1d" relativeResultsDirectory="97ca17f7-4ee8-4134-9710-293108d638c3" /><UnitTestResult executionId="fc074d38-66af-424c-8748-b1acb30240bd" testId="faca57c7-1b8f-423f-b85b-60a0aabd32d6" testName="Patch_TargetPropertyIsUpdated" computerName="VECTOR" duration="00:00:00.3510000" startTime="2018-08-14T05:05:25.8128309-04:00" endTime="2018-08-14T05:05:25.8128371-04:00" testType="13cdc9d9-ddb5-4fa4-a97d-d965ccfc6d4b" outcome="Passed" testListId="8c84fa94-04c1-424b-9868-57a2d4851a1d" relativeResultsDirectory="fc074d38-66af-424c-8748-b1acb30240bd" /><UnitTestResult executionId="b440c0f6-64d0-4946-9f63-82873479cb46" testId="1875d4fd-3217-4459-b52d-78ed2df1705a" testName="Delete_TargetModelIsDeleted" computerName="VECTOR" duration="00:00:00.3790000" startTime="2018-08-14T05:05:17.2787645-04:00" endTime="2018-08-14T05:05:17.2787704-04:00" testType="13cdc9d9-ddb5-4fa4-a97d-d965ccfc6d4b" outcome="Passed" testListId="8c84fa94-04c1-424b-9868-57a2d4851a1d" relativeResultsDirectory="b440c0f6-64d0-4946-9f63-82873479cb46" /><UnitTestResult executionId="e60b9f80-0252-4667-beda-b21abbe83b9e" testId="c594a531-afb0-4bdd-b5ce-6a9c04f923ea" testName="Patch_MultipleInvalidReferencePropertiesReturnsMultipleValidationErrorsAndBadRequest" computerName="VECTOR" duration="00:00:00.0380000" startTime="2018-08-14T05:05:30.4429074-04:00" endTime="2018-08-14T05:05:30.4429133-04:00" testType="13cdc9d9-ddb5-4fa4-a97d-d965ccfc6d4b" outcome="Passed" testListId="8c84fa94-04c1-424b-9868-57a2d4851a1d" relativeResultsDirectory="e60b9f80-0252-4667-beda-b21abbe83b9e" /><UnitTestResult executionId="73799742-5553-423b-8f29-f9453fc4dec7" testId="052fec8e-023e-4c3c-8f62-3a6824ef8812" testName="Put_CanUpdateModel" computerName="VECTOR" duration="00:00:00.3320000" startTime="2018-08-14T05:05:46.2088884-04:00" endTime="2018-08-14T05:05:46.2088948-04:00" testType="13cdc9d9-ddb5-4fa4-a97d-d965ccfc6d4b" outcome="Passed" testListId="8c84fa94-04c1-424b-9868-57a2d4851a1d" relativeResultsDirectory="73799742-5553-423b-8f29-f9453fc4dec7" /><UnitTestResult executionId="bed5d20e-7397-49bf-a7f9-be73318b1531" testId="a253f266-b212-4e7f-b2ad-ffd80d174cb6" testName="Patch_TargetPropertyIsUpdated" computerName="VECTOR" duration="00:00:00.3750000" startTime="2018-08-14T05:05:54.1996145-04:00" endTime="2018-08-14T05:05:54.1996207-04:00" testType="13cdc9d9-ddb5-4fa4-a97d-d965ccfc6d4b" outcome="Passed" testListId="8c84fa94-04c1-424b-9868-57a2d4851a1d" relativeResultsDirectory="bed5d20e-7397-49bf-a7f9-be73318b1531" /><UnitTestResult executionId="99c2452f-93c2-465b-94ba-3a695ee559f7" testId="adaedbe5-d69e-4800-8ca5-e43519a822d1" testName="LucyDepthBufferFindsOneDependent" computerName="VECTOR" duration="00:00:00.0030000" startTime="2018-08-14T05:05:16.2022755-04:00" endTime="2018-08-14T05:05:16.2022783-04:00" testType="13cdc9d9-ddb5-4fa4-a97d-d965ccfc6d4b" outcome="Passed" testListId="8c84fa94-04c1-424b-9868-57a2d4851a1d" relativeResultsDirectory="99c2452f-93c2-465b-94ba-3a695ee559f7" /><UnitTestResult executionId="f57607ef-d8ea-4b48-97fe-63c0a1104066" testId="05554eab-ae97-4973-9113-f71252ad35a1" testName="Post_ValidReferencePropertyCreatesModel" computerName="VECTOR" duration="00:00:00.2530000" startTime="2018-08-14T05:05:45.8759161-04:00" endTime="2018-08-14T05:05:45.8759233-04:00" testType="13cdc9d9-ddb5-4fa4-a97d-d965ccfc6d4b" outcome="Passed" testListId="8c84fa94-04c1-424b-9868-57a2d4851a1d" relativeResultsDirectory="f57607ef-d8ea-4b48-97fe-63c0a1104066" /><UnitTestResult executionId="9e76c705-6841-433a-98cd-0bcc53cd146c" testId="c825d2ce-25cc-4da8-b730-9c589933799a" testName="Post_CanCreateNewModel" computerName="VECTOR" duration="00:00:00.1990000" startTime="2018-08-14T05:05:24.3453113-04:00" endTime="2018-08-14T05:05:24.3453173-04:00" testType="13cdc9d9-ddb5-4fa4-a97d-d965ccfc6d4b" outcome="Passed" testListId="8c84fa94-04c1-424b-9868-57a2d4851a1d" relativeResultsDirectory="9e76c705-6841-433a-98cd-0bcc53cd146c" /><UnitTestResult executionId="78dfe563-674f-4803-abc2-75d69db9f462" testId="0c5d3105-8d63-40f6-a6e3-020fa0e4f4cf" testName="Patch_InvalidIdPropertyReturnsNotFound" computerName="VECTOR" duration="00:00:00.0160000" startTime="2018-08-14T05:05:25.1010359-04:00" endTime="2018-08-14T05:05:25.1010413-04:00" testType="13cdc9d9-ddb5-4fa4-a97d-d965ccfc6d4b" outcome="Passed" testListId="8c84fa94-04c1-424b-9868-57a2d4851a1d" relativeResultsDirectory="78dfe563-674f-4803-abc2-75d69db9f462" /><UnitTestResult executionId="aae4a6e3-98c9-43e5-a4b4-2fa62dcb191f" testId="30dcb6e9-9de8-4448-9f46-48248d562f11" testName="GetSingle_InvalidIdPropertyValueReturnsNotFound" computerName="VECTOR" duration="00:00:00.0250000" startTime="2018-08-14T05:05:26.2582784-04:00" endTime="2018-08-14T05:05:26.2582847-04:00" testType="13cdc9d9-ddb5-4fa4-a97d-d965ccfc6d4b" outcome="Passed" testListId="8c84fa94-04c1-424b-9868-57a2d4851a1d" relativeResultsDirectory="aae4a6e3-98c9-43e5-a4b4-2fa62dcb191f" /><UnitTestResult executionId="1d1896f2-c77b-48d5-bc5f-6fac7438d177" testId="f0723a0c-b22d-4172-bf60-f7e84c7638c2" testName="Put_CanUpdateModel" computerName="VECTOR" duration="00:00:00.8080000" startTime="2018-08-14T05:05:29.2609389-04:00" endTime="2018-08-14T05:05:29.2609455-04:00" testType="13cdc9d9-ddb5-4fa4-a97d-d965ccfc6d4b" outcome="Passed" testListId="8c84fa94-04c1-424b-9868-57a2d4851a1d" relativeResultsDirectory="1d1896f2-c77b-48d5-bc5f-6fac7438d177" /><UnitTestResult executionId="82701e9a-d597-4873-9612-51eb35a5e148" testId="cafbcdf5-c335-41b7-957a-c8d9e865910c" testName="PutFile_FileCanBeUpdated" computerName="VECTOR" duration="00:00:00.5370000" startTime="2018-08-14T05:05:35.4156306-04:00" endTime="2018-08-14T05:05:35.4156388-04:00" testType="13cdc9d9-ddb5-4fa4-a97d-d965ccfc6d4b" outcome="Passed" testListId="8c84fa94-04c1-424b-9868-57a2d4851a1d" relativeResultsDirectory="82701e9a-d597-4873-9612-51eb35a5e148" /><UnitTestResult executionId="b764f691-4ba8-4720-a54c-db1f0e517c6e" testId="1fa07269-9695-4066-842f-4eb78e279639" testName="FileRequest_FileCanBeReadAfterRename" computerName="VECTOR" duration="00:00:00.5490000" startTime="2018-08-14T05:05:48.9919019-04:00" endTime="2018-08-14T05:05:48.9919079-04:00" testType="13cdc9d9-ddb5-4fa4-a97d-d965ccfc6d4b" outcome="Passed" testListId="8c84fa94-04c1-424b-9868-57a2d4851a1d" relativeResultsDirectory="b764f691-4ba8-4720-a54c-db1f0e517c6e" /><UnitTestResult executionId="2f6a6384-04d2-4859-8ca5-f82de487fa0f" testId="d4955863-67b6-4a0b-aa55-bb648658b931" testName="GetSingle_InvalidIdPropertyValueReturnsNotFound" computerName="VECTOR" duration="00:00:00.0220000" startTime="2018-08-14T05:05:30.3775643-04:00" endTime="2018-08-14T05:05:30.3775691-04:00" testType="13cdc9d9-ddb5-4fa4-a97d-d965ccfc6d4b" outcome="Passed" testListId="8c84fa94-04c1-424b-9868-57a2d4851a1d" relativeResultsDirectory="2f6a6384-04d2-4859-8ca5-f82de487fa0f" /><UnitTestResult executionId="3bdfeede-7966-467e-bd17-05db22b456e4" testId="9cef5db9-4206-439b-b66d-67c0ea8f022d" testName="Patch_InvalidEnumPropertyValueReturnsBadRequest" computerName="VECTOR" duration="00:00:00.0120000" startTime="2018-08-14T05:05:17.8985880-04:00" endTime="2018-08-14T05:05:17.8985911-04:00" testType="13cdc9d9-ddb5-4fa4-a97d-d965ccfc6d4b" outcome="Passed" testListId="8c84fa94-04c1-424b-9868-57a2d4851a1d" relativeResultsDirectory="3bdfeede-7966-467e-bd17-05db22b456e4" /><UnitTestResult executionId="ec726011-73e0-49e6-9190-0527b7380b01" testId="9a64012e-5c66-4e1b-9f39-f965342b5c3a" testName="PostFile_FileTimeStampIsUpdatedAfterFileIsPosted" computerName="VECTOR" duration="00:00:01.5830000" startTime="2018-08-14T05:05:37.0602694-04:00" endTime="2018-08-14T05:05:37.0602758-04:00" testType="13cdc9d9-ddb5-4fa4-a97d-d965ccfc6d4b" outcome="Passed" testListId="8c84fa94-04c1-424b-9868-57a2d4851a1d" relativeResultsDirectory="ec726011-73e0-49e6-9190-0527b7380b01" /><UnitTestResult executionId="715975d6-30ba-498b-9352-9ef72a83f7fd" testId="1294b379-f232-45fa-b428-0e71f1d4d9b7" testName="GetList_ListReturnsCorrectCount" computerName="VECTOR" duration="00:00:00.0280000" startTime="2018-08-14T05:05:52.4705952-04:00" endTime="2018-08-14T05:05:52.4706015-04:00" testType="13cdc9d9-ddb5-4fa4-a97d-d965ccfc6d4b" outcome="Passed" testListId="8c84fa94-04c1-424b-9868-57a2d4851a1d" relativeResultsDirectory="715975d6-30ba-498b-9352-9ef72a83f7fd" /><UnitTestResult executionId="aaada741-b1e1-474b-8a4b-fba74d37d46c" testId="c713b385-09b9-474f-adee-9c40d06d2053" testName="Patch_TargetPropertyIsUpdated" computerName="VECTOR" duration="00:00:00.4110000" startTime="2018-08-14T05:05:19.0833896-04:00" endTime="2018-08-14T05:05:19.0833962-04:00" testType="13cdc9d9-ddb5-4fa4-a97d-d965ccfc6d4b" outcome="Passed" testListId="8c84fa94-04c1-424b-9868-57a2d4851a1d" relativeResultsDirectory="aaada741-b1e1-474b-8a4b-fba74d37d46c" /><UnitTestResult executionId="1271334e-ab4c-44a4-b0ec-a1036ec60c99" testId="e101cf2e-3eb5-45f0-b8dc-f3252319cebe" testName="Post_ValidReferencePropertyCreatesModel" computerName="VECTOR" duration="00:00:00.2760000" startTime="2018-08-14T05:05:30.7190334-04:00" endTime="2018-08-14T05:05:30.7190394-04:00" testType="13cdc9d9-ddb5-4fa4-a97d-d965ccfc6d4b" outcome="Passed" testListId="8c84fa94-04c1-424b-9868-57a2d4851a1d" relativeResultsDirectory="1271334e-ab4c-44a4-b0ec-a1036ec60c99" /><UnitTestResult executionId="8ded48a1-b95c-481f-80f5-d1b7489dcfb1" testId="874510e9-7b0b-41e8-b025-1881bff3e531" testName="Patch_ValidReferencePropertyUpdatesModel" computerName="VECTOR" duration="00:00:00.5680000" startTime="2018-08-14T05:05:16.7749481-04:00" endTime="2018-08-14T05:05:16.7749546-04:00" testType="13cdc9d9-ddb5-4fa4-a97d-d965ccfc6d4b" outcome="Passed" testListId="8c84fa94-04c1-424b-9868-57a2d4851a1d" relativeResultsDirectory="8ded48a1-b95c-481f-80f5-d1b7489dcfb1" /><UnitTestResult executionId="c608adbb-f406-41f9-aefd-15826a3c7f71" testId="df56af2f-f08c-47f8-827c-93ab25d165eb" testName="Put_InvalidReferencePropertyReturndBadRequest" computerName="VECTOR" duration="00:00:00.0110000" startTime="2018-08-14T05:05:18.3186323-04:00" endTime="2018-08-14T05:05:18.3186360-04:00" testType="13cdc9d9-ddb5-4fa4-a97d-d965ccfc6d4b" outcome="Passed" testListId="8c84fa94-04c1-424b-9868-57a2d4851a1d" relativeResultsDirectory="c608adbb-f406-41f9-aefd-15826a3c7f71" /><UnitTestResult executionId="377de166-454c-4f6b-81a9-8e0f61c9d6e2" testId="b3b3a91a-3deb-46bc-a741-8ac21bbeebd5" testName="FileRequest_FileCanBeReadAfterRename" computerName="VECTOR" duration="00:00:00.4820000" startTime="2018-08-14T05:05:43.5758600-04:00" endTime="2018-08-14T05:05:43.5758715-04:00" testType="13cdc9d9-ddb5-4fa4-a97d-d965ccfc6d4b" outcome="Passed" testListId="8c84fa94-04c1-424b-9868-57a2d4851a1d" relativeResultsDirectory="377de166-454c-4f6b-81a9-8e0f61c9d6e2" /><UnitTestResult executionId="9a457b0f-d1c5-45a8-bf75-dc3bc9c326da" testId="e64ab2cc-5e28-475d-8ca6-fa6886acaa56" testName="PutFile_FileCanBeUpdated" computerName="VECTOR" duration="00:00:00.5050000" startTime="2018-08-14T05:05:21.9251065-04:00" endTime="2018-08-14T05:05:21.9251125-04:00" testType="13cdc9d9-ddb5-4fa4-a97d-d965ccfc6d4b" outcome="Passed" testListId="8c84fa94-04c1-424b-9868-57a2d4851a1d" relativeResultsDirectory="9a457b0f-d1c5-45a8-bf75-dc3bc9c326da" /><UnitTestResult executionId="14d85d6c-9d4f-4834-8297-6064378fb65f" testId="9b385516-8d7e-4a76-8572-2df213b0ef2e" testName="Post_InvalidReferencePropertyReturnsBadRequest" computerName="VECTOR" duration="00:00:00.0160000" startTime="2018-08-14T05:05:26.2929919-04:00" endTime="2018-08-14T05:05:26.2929964-04:00" testType="13cdc9d9-ddb5-4fa4-a97d-d965ccfc6d4b" outcome="Passed" testListId="8c84fa94-04c1-424b-9868-57a2d4851a1d" relativeResultsDirectory="14d85d6c-9d4f-4834-8297-6064378fb65f" /><UnitTestResult executionId="94626f41-8624-434c-8ecf-4b89f79988ce" testId="167811ec-0839-45c1-a670-4218e1111b42" testName="GetSingle_ValidIdPropertyValueReturnsCorrectModel" computerName="VECTOR" duration="00:00:00.0450000" startTime="2018-08-14T05:05:51.8974184-04:00" endTime="2018-08-14T05:05:51.8974267-04:00" testType="13cdc9d9-ddb5-4fa4-a97d-d965ccfc6d4b" outcome="Passed" testListId="8c84fa94-04c1-424b-9868-57a2d4851a1d" relativeResultsDirectory="94626f41-8624-434c-8ecf-4b89f79988ce" /><UnitTestResult executionId="d5f67d4e-63fd-4519-a9f8-3846426a8b74" testId="097af0cd-f2b4-4983-b120-723b5bec34bf" testName="Patch_MultipleInvalidReferencePropertiesReturnsMultipleValidationErrorsAndBadRequest" computerName="VECTOR" duration="00:00:00.0310000" startTime="2018-08-14T05:05:24.1453226-04:00" endTime="2018-08-14T05:05:24.1453282-04:00" testType="13cdc9d9-ddb5-4fa4-a97d-d965ccfc6d4b" outcome="Passed" testListId="8c84fa94-04c1-424b-9868-57a2d4851a1d" relativeResultsDirectory="d5f67d4e-63fd-4519-a9f8-3846426a8b74" /><UnitTestResult executionId="4d94f278-1c56-44c3-8576-f2ef65322b00" testId="65241376-9e39-4d8d-9c0c-52edfe607293" testName="Put_ValidReferencePropertyUpdatesModel" computerName="VECTOR" duration="00:00:00.3500000" startTime="2018-08-14T05:05:29.6111309-04:00" endTime="2018-08-14T05:05:29.6111337-04:00" testType="13cdc9d9-ddb5-4fa4-a97d-d965ccfc6d4b" outcome="Passed" testListId="8c84fa94-04c1-424b-9868-57a2d4851a1d" relativeResultsDirectory="4d94f278-1c56-44c3-8576-f2ef65322b00" /><UnitTestResult executionId="ef740ee5-4c4d-4778-8ff6-bf719cbebb0e" testId="bf2afa55-17c1-4802-86f3-db6fecfc4a4e" testName="Put_InvalidReferencePropertyReturndBadRequest" computerName="VECTOR" duration="00:00:00.0460000" startTime="2018-08-14T05:05:43.7090192-04:00" endTime="2018-08-14T05:05:43.7090245-04:00" testType="13cdc9d9-ddb5-4fa4-a97d-d965ccfc6d4b" outcome="Passed" testListId="8c84fa94-04c1-424b-9868-57a2d4851a1d" relativeResultsDirectory="ef740ee5-4c4d-4778-8ff6-bf719cbebb0e" /><UnitTestResult executionId="4ef97340-de5a-4f00-b0dd-c2d7b79d5277" testId="6100f5bc-e115-4cc1-9a80-2f7b386ee07b" testName="Put_InvalidIdReturnsNotFound" computerName="VECTOR" duration="00:00:00.0300000" startTime="2018-08-14T05:05:45.1712155-04:00" endTime="2018-08-14T05:05:45.1712207-04:00" testType="13cdc9d9-ddb5-4fa4-a97d-d965ccfc6d4b" outcome="Passed" testListId="8c84fa94-04c1-424b-9868-57a2d4851a1d" relativeResultsDirectory="4ef97340-de5a-4f00-b0dd-c2d7b79d5277" /><UnitTestResult executionId="2ee483ea-244e-4ddd-8e13-cb12d68a77e6" testId="1927b9b7-3875-4bc4-ae16-0d22d706f456" testName="GetList_ListReturnsCorrectCount" computerName="VECTOR" duration="00:00:00.0210000" startTime="2018-08-14T05:05:20.5411736-04:00" endTime="2018-08-14T05:05:20.5411796-04:00" testType="13cdc9d9-ddb5-4fa4-a97d-d965ccfc6d4b" outcome="Passed" testListId="8c84fa94-04c1-424b-9868-57a2d4851a1d" relativeResultsDirectory="2ee483ea-244e-4ddd-8e13-cb12d68a77e6" /><UnitTestResult executionId="8a4deb32-ab74-4bd5-8abf-d7cd4807f5e5" testId="725ee0a7-a4e2-4b73-b744-c0d682aee7d8" testName="GetFile_NonExistentFileReturnsNotFound" computerName="VECTOR" duration="00:00:00.0470000" startTime="2018-08-14T05:05:23.5462783-04:00" endTime="2018-08-14T05:05:23.5462877-04:00" testType="13cdc9d9-ddb5-4fa4-a97d-d965ccfc6d4b" outcome="Passed" testListId="8c84fa94-04c1-424b-9868-57a2d4851a1d" relativeResultsDirectory="8a4deb32-ab74-4bd5-8abf-d7cd4807f5e5" /><UnitTestResult executionId="478fe736-c267-48c2-803b-8ac92bef00f3" testId="b4b9e69f-0cfd-4814-a84f-dd8f79b5fce6" testName="PostFile_FileIsSynchronizedIsUpdatedAfterFileIsPosted" computerName="VECTOR" duration="00:00:00.0130000" startTime="2018-08-14T05:05:23.5598856-04:00" endTime="2018-08-14T05:05:23.5598887-04:00" testType="13cdc9d9-ddb5-4fa4-a97d-d965ccfc6d4b" outcome="Passed" testListId="8c84fa94-04c1-424b-9868-57a2d4851a1d" relativeResultsDirectory="478fe736-c267-48c2-803b-8ac92bef00f3" /><UnitTestResult executionId="c3fecb4f-eb1f-445a-8160-223a4f3defc2" testId="a6869d36-94c6-4e91-8320-a4dc4dbd4529" testName="Put_CanUpdateModel" computerName="VECTOR" duration="00:00:00.3460000" startTime="2018-08-14T05:05:52.8624724-04:00" endTime="2018-08-14T05:05:52.8624827-04:00" testType="13cdc9d9-ddb5-4fa4-a97d-d965ccfc6d4b" outcome="Passed" testListId="8c84fa94-04c1-424b-9868-57a2d4851a1d" relativeResultsDirectory="c3fecb4f-eb1f-445a-8160-223a4f3defc2" /><UnitTestResult executionId="19a68d91-5f00-4274-ae46-7e5ade98ced7" testId="2e3548c8-b245-431d-81ea-627e14fbb3bd" testName="Put_InvalidReferencePropertyReturndBadRequest" computerName="VECTOR" duration="00:00:00.0330000" startTime="2018-08-14T05:05:21.0457704-04:00" endTime="2018-08-14T05:05:21.0457758-04:00" testType="13cdc9d9-ddb5-4fa4-a97d-d965ccfc6d4b" outcome="Passed" testListId="8c84fa94-04c1-424b-9868-57a2d4851a1d" relativeResultsDirectory="19a68d91-5f00-4274-ae46-7e5ade98ced7" /><UnitTestResult executionId="fed9908b-178a-4be2-9a46-fe9fe4e8c06f" testId="b1b733a6-eaee-4ae7-a67d-084766fe36df" testName="Patch_ValidReferencePropertyUpdatesModel" computerName="VECTOR" duration="00:00:00.9730000" startTime="2018-08-14T05:05:28.4527477-04:00" endTime="2018-08-14T05:05:28.4527539-04:00" testType="13cdc9d9-ddb5-4fa4-a97d-d965ccfc6d4b" outcome="Passed" testListId="8c84fa94-04c1-424b-9868-57a2d4851a1d" relativeResultsDirectory="fed9908b-178a-4be2-9a46-fe9fe4e8c06f" /><UnitTestResult executionId="4eb46534-14f5-4b15-b423-7a67619c17dd" testId="0edec546-7ccb-497f-a5a7-8f52e505c667" testName="Post_InvalidReferencePropertyReturnsBadRequest" computerName="VECTOR" duration="00:00:00.0190000" startTime="2018-08-14T05:05:45.1186584-04:00" endTime="2018-08-14T05:05:45.1186643-04:00" testType="13cdc9d9-ddb5-4fa4-a97d-d965ccfc6d4b" outcome="Passed" testListId="8c84fa94-04c1-424b-9868-57a2d4851a1d" relativeResultsDirectory="4eb46534-14f5-4b15-b423-7a67619c17dd" /><UnitTestResult executionId="7c024f5a-e61e-4ed2-8d6a-07386b76cc70" testId="36491c95-a0e8-49a5-9e33-7b4c80572a9d" testName="Post_InvalidReferencePropertyReturnsBadRequest" computerName="VECTOR" duration="00:00:00.0200000" startTime="2018-08-14T05:05:52.5163200-04:00" endTime="2018-08-14T05:05:52.5163266-04:00" testType="13cdc9d9-ddb5-4fa4-a97d-d965ccfc6d4b" outcome="Passed" testListId="8c84fa94-04c1-424b-9868-57a2d4851a1d" relativeResultsDirectory="7c024f5a-e61e-4ed2-8d6a-07386b76cc70" /><UnitTestResult executionId="af2a7b9e-de11-4870-86e2-442db7cb3bff" testId="0b8136ef-2672-45bd-95ec-3e722e7d5522" testName="PostFile_FileIsSynchronizedIsUpdatedAfterFileIsPosted" computerName="VECTOR" duration="00:00:00.3400000" startTime="2018-08-14T05:05:43.0931863-04:00" endTime="2018-08-14T05:05:43.0931932-04:00" testType="13cdc9d9-ddb5-4fa4-a97d-d965ccfc6d4b" outcome="Passed" testListId="8c84fa94-04c1-424b-9868-57a2d4851a1d" relativeResultsDirectory="af2a7b9e-de11-4870-86e2-442db7cb3bff" /><UnitTestResult executionId="94598297-dac6-4408-ae23-0f350daedd7c" testId="d55695e7-23ad-42d7-bd99-6ff8a9a49294" testName="GetFile_FileCanBeRoundTripped" computerName="VECTOR" duration="00:00:00.4390000" startTime="2018-08-14T05:05:23.4987660-04:00" endTime="2018-08-14T05:05:23.4987776-04:00" testType="13cdc9d9-ddb5-4fa4-a97d-d965ccfc6d4b" outcome="Passed" testListId="8c84fa94-04c1-424b-9868-57a2d4851a1d" relativeResultsDirectory="94598297-dac6-4408-ae23-0f350daedd7c" /><UnitTestResult executionId="612340b4-95b6-4d41-93a7-a94198569e48" testId="72ab4b93-8eee-467f-9ab9-8e0cc29a3e2d" testName="Post_InvalidPropertyValueReturnsBadRequest" computerName="VECTOR" duration="00:00:00.0200000" startTime="2018-08-14T05:05:31.0579104-04:00" endTime="2018-08-14T05:05:31.0579171-04:00" testType="13cdc9d9-ddb5-4fa4-a97d-d965ccfc6d4b" outcome="Passed" testListId="8c84fa94-04c1-424b-9868-57a2d4851a1d" relativeResultsDirectory="612340b4-95b6-4d41-93a7-a94198569e48" /><UnitTestResult executionId="3b210cea-96af-4d75-a3f0-07ca4607498c" testId="79be1168-156a-4152-8ca6-d5aee0d79103" testName="PostFile_NewFileCanBePosted" computerName="VECTOR" duration="00:00:00.4040000" startTime="2018-08-14T05:05:51.4128884-04:00" endTime="2018-08-14T05:05:51.4128948-04:00" testType="13cdc9d9-ddb5-4fa4-a97d-d965ccfc6d4b" outcome="Passed" testListId="8c84fa94-04c1-424b-9868-57a2d4851a1d" relativeResultsDirectory="3b210cea-96af-4d75-a3f0-07ca4607498c" /><UnitTestResult executionId="ac6618e8-a4dd-405a-9757-3db4a79196a7" testId="e7c42c51-879b-4a98-a782-7fa28b39c9be" testName="Patch_ValidReferencePropertyUpdatesModel" computerName="VECTOR" duration="00:00:00.3500000" startTime="2018-08-14T05:05:25.4617115-04:00" endTime="2018-08-14T05:05:25.4617174-04:00" testType="13cdc9d9-ddb5-4fa4-a97d-d965ccfc6d4b" outcome="Passed" testListId="8c84fa94-04c1-424b-9868-57a2d4851a1d" relativeResultsDirectory="ac6618e8-a4dd-405a-9757-3db4a79196a7" /><UnitTestResult executionId="e47ad3d6-0e1b-496f-bc02-615f75004131" testId="f6b8b986-08fa-4b35-a878-1e76f0aaff41" testName="PutFile_NewFileCanBePut" computerName="VECTOR" duration="00:00:00.3650000" startTime="2018-08-14T05:05:31.4574219-04:00" endTime="2018-08-14T05:05:31.4574275-04:00" testType="13cdc9d9-ddb5-4fa4-a97d-d965ccfc6d4b" outcome="Passed" testListId="8c84fa94-04c1-424b-9868-57a2d4851a1d" relativeResultsDirectory="e47ad3d6-0e1b-496f-bc02-615f75004131" /><UnitTestResult executionId="a7bde85c-021b-409b-9051-c5ae43150cc2" testId="8d1bab29-0dd0-4145-9043-06529029942f" testName="Patch_InvalidIdPropertyReturnsNotFound" computerName="VECTOR" duration="00:00:00.0160000" startTime="2018-08-14T05:05:53.1198127-04:00" endTime="2018-08-14T05:05:53.1198168-04:00" testType="13cdc9d9-ddb5-4fa4-a97d-d965ccfc6d4b" outcome="Passed" testListId="8c84fa94-04c1-424b-9868-57a2d4851a1d" relativeResultsDirectory="a7bde85c-021b-409b-9051-c5ae43150cc2" /><UnitTestResult executionId="94e6ce90-1e66-4a24-bfff-4f1b9dbdf200" testId="938a0796-7d15-4f53-b684-df54e87c04d8" testName="Delete_TargetModelIsDeleted" computerName="VECTOR" duration="00:00:00.2150000" startTime="2018-08-14T05:05:21.0120247-04:00" endTime="2018-08-14T05:05:21.0120307-04:00" testType="13cdc9d9-ddb5-4fa4-a97d-d965ccfc6d4b" outcome="Passed" testListId="8c84fa94-04c1-424b-9868-57a2d4851a1d" relativeResultsDirectory="94e6ce90-1e66-4a24-bfff-4f1b9dbdf200" /><UnitTestResult executionId="2f22f1a9-d901-4cac-8ab1-5c39265daa47" testId="09e535bb-9f6e-4eda-94aa-235519dbea8e" testName="Delete_TargetModelIsDeleted" computerName="VECTOR" duration="00:00:00.3120000" startTime="2018-08-14T05:05:24.1140774-04:00" endTime="2018-08-14T05:05:24.1140833-04:00" testType="13cdc9d9-ddb5-4fa4-a97d-d965ccfc6d4b" outcome="Passed" testListId="8c84fa94-04c1-424b-9868-57a2d4851a1d" relativeResultsDirectory="2f22f1a9-d901-4cac-8ab1-5c39265daa47" /><UnitTestResult executionId="1fd3169d-0a0c-4be4-acc6-00c4540e48eb" testId="b09b1d9a-ffdb-4d35-9a2d-dd3d5edcff88" testName="DepthBufferHasExpectedDependentFiles" computerName="VECTOR" duration="00:00:00.0010000" startTime="2018-08-14T05:05:16.2025079-04:00" endTime="2018-08-14T05:05:16.2025095-04:00" testType="13cdc9d9-ddb5-4fa4-a97d-d965ccfc6d4b" outcome="Passed" testListId="8c84fa94-04c1-424b-9868-57a2d4851a1d" relativeResultsDirectory="1fd3169d-0a0c-4be4-acc6-00c4540e48eb" /><UnitTestResult executionId="c31e74f3-a6a1-448b-8d05-742a286acd4c" testId="d942d211-8e5b-4fd0-80ee-536a67945344" testName="Patch_InvalidIdPropertyReturnsNotFound" computerName="VECTOR" duration="00:00:00.0200000" startTime="2018-08-14T05:05:44.0045954-04:00" endTime="2018-08-14T05:05:44.0045999-04:00" testType="13cdc9d9-ddb5-4fa4-a97d-d965ccfc6d4b" outcome="Passed" testListId="8c84fa94-04c1-424b-9868-57a2d4851a1d" relativeResultsDirectory="c31e74f3-a6a1-448b-8d05-742a286acd4c" /><UnitTestResult executionId="68492a76-3a52-450b-a8ed-47b55785f669" testId="0ab3b1bc-f20f-4f1b-94fc-2a369d6e4c89" testName="GetSingle_InvalidIdPropertyValueReturnsNotFound" computerName="VECTOR" duration="00:00:00.0290000" startTime="2018-08-14T05:05:45.6220508-04:00" endTime="2018-08-14T05:05:45.6220578-04:00" testType="13cdc9d9-ddb5-4fa4-a97d-d965ccfc6d4b" outcome="Passed" testListId="8c84fa94-04c1-424b-9868-57a2d4851a1d" relativeResultsDirectory="68492a76-3a52-450b-a8ed-47b55785f669" /><UnitTestResult executionId="d6be462a-7e31-4fd6-8fcb-362677801e63" testId="2f5e5b15-4dfe-4b41-b485-528deaa76feb" testName="Patch_InvalidPropertyNameReturnsBadRequest" computerName="VECTOR" duration="00:00:00.0260000" startTime="2018-08-14T05:05:23.8015278-04:00" endTime="2018-08-14T05:05:23.8015332-04:00" testType="13cdc9d9-ddb5-4fa4-a97d-d965ccfc6d4b" outcome="Passed" testListId="8c84fa94-04c1-424b-9868-57a2d4851a1d" relativeResultsDirectory="d6be462a-7e31-4fd6-8fcb-362677801e63" /><UnitTestResult executionId="8f276343-cc80-4812-8be8-a1e6b73620e4" testId="0ec3d019-3e2c-4f83-86a2-45655225c4c1" testName="Patch_ValidReferencePropertyUpdatesModel" computerName="VECTOR" duration="00:00:00.3410000" startTime="2018-08-14T05:05:53.4913390-04:00" endTime="2018-08-14T05:05:53.4913448-04:00" testType="13cdc9d9-ddb5-4fa4-a97d-d965ccfc6d4b" outcome="Passed" testListId="8c84fa94-04c1-424b-9868-57a2d4851a1d" relativeResultsDirectory="8f276343-cc80-4812-8be8-a1e6b73620e4" /><UnitTestResult executionId="6f1a3ada-f4eb-4223-bf83-00307ed20a98" testId="8498f519-caca-4e66-befa-05d17326a995" testName="GetFile_ExistingFileReturnsSuccess" computerName="VECTOR" duration="00:00:00.0410000" startTime="2018-08-14T05:05:46.2511093-04:00" endTime="2018-08-14T05:05:46.2511159-04:00" testType="13cdc9d9-ddb5-4fa4-a97d-d965ccfc6d4b" outcome="Passed" testListId="8c84fa94-04c1-424b-9868-57a2d4851a1d" relativeResultsDirectory="6f1a3ada-f4eb-4223-bf83-00307ed20a98" /><UnitTestResult executionId="40e98784-ec64-4b80-bcba-5bcb396424d2" testId="1235837f-f0a4-4f62-9632-4711cb2498b4" testName="Patch_InvalidPropertyNameReturnsBadRequest" computerName="VECTOR" duration="00:00:00.0250000" startTime="2018-08-14T05:05:30.3317335-04:00" endTime="2018-08-14T05:05:30.3317386-04:00" testType="13cdc9d9-ddb5-4fa4-a97d-d965ccfc6d4b" outcome="Passed" testListId="8c84fa94-04c1-424b-9868-57a2d4851a1d" relativeResultsDirectory="40e98784-ec64-4b80-bcba-5bcb396424d2" /><UnitTestResult executionId="8586b608-9f56-4dc7-bb13-89c4422eebf1" testId="9316ad47-4b9a-4fb0-abbc-93964b3f7525" testName="GetSingle_ValidIdPropertyValueReturnsCorrectModel" computerName="VECTOR" duration="00:00:00.0220000" startTime="2018-08-14T05:05:45.1409477-04:00" endTime="2018-08-14T05:05:45.1409526-04:00" testType="13cdc9d9-ddb5-4fa4-a97d-d965ccfc6d4b" outcome="Passed" testListId="8c84fa94-04c1-424b-9868-57a2d4851a1d" relativeResultsDirectory="8586b608-9f56-4dc7-bb13-89c4422eebf1" /><UnitTestResult executionId="ea4678ec-8467-476e-8262-6eed0417c402" testId="a31196ee-b800-4b50-ac29-f7791eb71c0b" testName="PostFile_NewFileCanBePosted" computerName="VECTOR" duration="00:00:00.3870000" startTime="2018-08-14T05:05:23.0577386-04:00" endTime="2018-08-14T05:05:23.0577453-04:00" testType="13cdc9d9-ddb5-4fa4-a97d-d965ccfc6d4b" outcome="Passed" testListId="8c84fa94-04c1-424b-9868-57a2d4851a1d" relativeResultsDirectory="ea4678ec-8467-476e-8262-6eed0417c402" /><UnitTestResult executionId="a2eca314-0200-4aea-b91d-8fb0413807a8" testId="8b4a9146-0bbb-446b-9eb8-1f74e328b131" testName="GetFile_ExistingFileReturnsSuccess" computerName="VECTOR" duration="00:00:00.0610000" startTime="2018-08-14T05:05:35.4770647-04:00" endTime="2018-08-14T05:05:35.4770716-04:00" testType="13cdc9d9-ddb5-4fa4-a97d-d965ccfc6d4b" outcome="Passed" testListId="8c84fa94-04c1-424b-9868-57a2d4851a1d" relativeResultsDirectory="a2eca314-0200-4aea-b91d-8fb0413807a8" /><UnitTestResult executionId="8f27f3e3-a78f-4543-93f3-e6da6e57f4fc" testId="34252330-a54e-46b4-b7cd-9d4b763e212d" testName="Put_InvalidIdReturnsNotFound" computerName="VECTOR" duration="00:00:00.0470000" startTime="2018-08-14T05:05:17.8678437-04:00" endTime="2018-08-14T05:05:17.8678498-04:00" testType="13cdc9d9-ddb5-4fa4-a97d-d965ccfc6d4b" outcome="Passed" testListId="8c84fa94-04c1-424b-9868-57a2d4851a1d" relativeResultsDirectory="8f27f3e3-a78f-4543-93f3-e6da6e57f4fc" /><UnitTestResult executionId="1348d764-672a-45a1-9cf9-4b2983ff4d8b" testId="7a51d48e-02ed-4ad5-b8a6-3b79f67c2032" testName="Patch_InvalidReferencePropertyReturnsBadRequest" computerName="VECTOR" duration="00:00:00.0340000" startTime="2018-08-14T05:05:20.7960844-04:00" endTime="2018-08-14T05:05:20.7960903-04:00" testType="13cdc9d9-ddb5-4fa4-a97d-d965ccfc6d4b" outcome="Passed" testListId="8c84fa94-04c1-424b-9868-57a2d4851a1d" relativeResultsDirectory="1348d764-672a-45a1-9cf9-4b2983ff4d8b" /><UnitTestResult executionId="078676ab-87e6-4749-abb9-aa3cb4351042" testId="378d48c7-5b24-4fca-b491-9a7a0133a840" testName="Patch_InvalidIdPropertyReturnsNotFound" computerName="VECTOR" duration="00:00:00.0230000" startTime="2018-08-14T05:05:30.3551605-04:00" endTime="2018-08-14T05:05:30.3551655-04:00" testType="13cdc9d9-ddb5-4fa4-a97d-d965ccfc6d4b" outcome="Passed" testListId="8c84fa94-04c1-424b-9868-57a2d4851a1d" relativeResultsDirectory="078676ab-87e6-4749-abb9-aa3cb4351042" /><UnitTestResult executionId="6e85fb13-6e0b-4477-be81-12493dd797f6" testId="de3f4a76-9f47-4c35-952a-248d8ee6b086" testName="Post_InvalidReferencePropertyReturnsBadRequest" computerName="VECTOR" duration="00:00:00.3160000" startTime="2018-08-14T05:05:18.6720412-04:00" endTime="2018-08-14T05:05:18.6720473-04:00" testType="13cdc9d9-ddb5-4fa4-a97d-d965ccfc6d4b" outcome="Passed" testListId="8c84fa94-04c1-424b-9868-57a2d4851a1d" relativeResultsDirectory="6e85fb13-6e0b-4477-be81-12493dd797f6" /><UnitTestResult executionId="b3b53524-cf5e-4e52-81d0-eb1cf06e43ce" testId="0e762b94-4a9e-4539-8359-6ee6f63456d4" testName="Patch_InvalidReferencePropertyReturnsBadRequest" computerName="VECTOR" duration="00:00:00.0390000" startTime="2018-08-14T05:05:45.0742184-04:00" endTime="2018-08-14T05:05:45.0742242-04:00" testType="13cdc9d9-ddb5-4fa4-a97d-d965ccfc6d4b" outcome="Passed" testListId="8c84fa94-04c1-424b-9868-57a2d4851a1d" relativeResultsDirectory="b3b53524-cf5e-4e52-81d0-eb1cf06e43ce" /><UnitTestResult executionId="736f942e-fa37-4bf3-bfd8-949b8cbb9382" testId="6a745d86-ee1e-4205-a438-e509c76e8664" testName="GetFile_FileCanBeRoundTripped" computerName="VECTOR" duration="00:00:00.3830000" startTime="2018-08-14T05:05:34.8776213-04:00" endTime="2018-08-14T05:05:34.8776272-04:00" testType="13cdc9d9-ddb5-4fa4-a97d-d965ccfc6d4b" outcome="Passed" testListId="8c84fa94-04c1-424b-9868-57a2d4851a1d" relativeResultsDirectory="736f942e-fa37-4bf3-bfd8-949b8cbb9382" /><UnitTestResult executionId="049f4c4f-4b8e-40ba-b6ca-90231855697a" testId="f10e0304-dcb1-420a-9f2e-2b675c6857b6" testName="Post_InvalidPropertyValueReturnsBadRequest" computerName="VECTOR" duration="00:00:00.0170000" startTime="2018-08-14T05:05:45.1882661-04:00" endTime="2018-08-14T05:05:45.1882705-04:00" testType="13cdc9d9-ddb5-4fa4-a97d-d965ccfc6d4b" outcome="Passed" testListId="8c84fa94-04c1-424b-9868-57a2d4851a1d" relativeResultsDirectory="049f4c4f-4b8e-40ba-b6ca-90231855697a" /><UnitTestResult executionId="1f43868d-3ad1-4063-80bb-de70b6e88bf5" testId="b1c3877a-3e54-4530-980f-1c2c139109cd" testName="Patch_InvalidReferencePropertyReturnsBadRequest" computerName="VECTOR" duration="00:00:00.0420000" startTime="2018-08-14T05:05:30.3065445-04:00" endTime="2018-08-14T05:05:30.3065499-04:00" testType="13cdc9d9-ddb5-4fa4-a97d-d965ccfc6d4b" outcome="Passed" testListId="8c84fa94-04c1-424b-9868-57a2d4851a1d" relativeResultsDirectory="1f43868d-3ad1-4063-80bb-de70b6e88bf5" /><UnitTestResult executionId="958ba424-9f5c-44f1-a515-c11ce84dc11e" testId="49d79a8c-b0aa-40fd-9bf8-974943547897" testName="Post_InvalidPropertyValueReturnsBadRequest" computerName="VECTOR" duration="00:00:00.0180000" startTime="2018-08-14T05:05:24.8137391-04:00" endTime="2018-08-14T05:05:24.8137446-04:00" testType="13cdc9d9-ddb5-4fa4-a97d-d965ccfc6d4b" outcome="Passed" testListId="8c84fa94-04c1-424b-9868-57a2d4851a1d" relativeResultsDirectory="958ba424-9f5c-44f1-a515-c11ce84dc11e" /><UnitTestResult executionId="f8543adf-3998-4af1-ba07-ec0c4c3aa8e4" testId="c2ef1e15-e720-49ea-8779-86d7726edfc9" testName="Put_CanUpdateModel" computerName="VECTOR" duration="00:00:00.3910000" startTime="2018-08-14T05:05:19.4747126-04:00" endTime="2018-08-14T05:05:19.4747236-04:00" testType="13cdc9d9-ddb5-4fa4-a97d-d965ccfc6d4b" outcome="Passed" testListId="8c84fa94-04c1-424b-9868-57a2d4851a1d" relativeResultsDirectory="f8543adf-3998-4af1-ba07-ec0c4c3aa8e4" /><UnitTestResult executionId="8ea0466b-d1a0-4c06-9306-a17ebc5e2630" testId="f310da57-c679-4147-a0d1-478712b56ead" testName="FileRequest_MeshIsInvalidatedAfterDepthBufferFileBecomesUnsynchronized" computerName="VECTOR" duration="00:00:03.0360000" startTime="2018-08-14T05:05:34.4936254-04:00" endTime="2018-08-14T05:05:34.4936315-04:00" testType="13cdc9d9-ddb5-4fa4-a97d-d965ccfc6d4b" outcome="Passed" testListId="8c84fa94-04c1-424b-9868-57a2d4851a1d" relativeResultsDirectory="8ea0466b-d1a0-4c06-9306-a17ebc5e2630" /><UnitTestResult executionId="6273c80d-de94-4623-bbbf-fae6a43f509b" testId="0afced85-d05e-4911-a245-6f39563c5523" testName="Model3dHasExpectedDependentFiles" computerName="VECTOR" duration="00:00:00.0320000" startTime="2018-08-14T05:05:15.8049802-04:00" endTime="2018-08-14T05:05:15.8049871-04:00" testType="13cdc9d9-ddb5-4fa4-a97d-d965ccfc6d4b" outcome="Passed" testListId="8c84fa94-04c1-424b-9868-57a2d4851a1d" relativeResultsDirectory="6273c80d-de94-4623-bbbf-fae6a43f509b" /><UnitTestResult executionId="fc60e0f7-cc96-4ee4-8e02-dfcfea68fbfd" testId="f5f674db-6059-443e-a2ea-fad33ef70d62" testName="Patch_MultipleInvalidReferencePropertiesReturnsMultipleValidationErrorsAndBadRequest" computerName="VECTOR" duration="00:00:00.0240000" startTime="2018-08-14T05:05:45.0989276-04:00" endTime="2018-08-14T05:05:45.0989334-04:00" testType="13cdc9d9-ddb5-4fa4-a97d-d965ccfc6d4b" outcome="Passed" testListId="8c84fa94-04c1-424b-9868-57a2d4851a1d" relativeResultsDirectory="fc60e0f7-cc96-4ee4-8e02-dfcfea68fbfd" /><UnitTestResult executionId="48679577-2e25-42d3-9e4e-81f097310686" testId="b97540cf-9296-419b-a2ca-941fbcb7054b" testName="Patch_InvalidIdPropertyReturnsNotFound" computerName="VECTOR" duration="00:00:00.0170000" startTime="2018-08-14T05:05:18.3359604-04:00" endTime="2018-08-14T05:05:18.3359663-04:00" testType="13cdc9d9-ddb5-4fa4-a97d-d965ccfc6d4b" outcome="Passed" testListId="8c84fa94-04c1-424b-9868-57a2d4851a1d" relativeResultsDirectory="48679577-2e25-42d3-9e4e-81f097310686" /><UnitTestResult executionId="4f96638d-591d-4ab7-9206-b39ca6890822" testId="2a0b4c44-79b6-4cb3-8ade-bc0847651eff" testName="Patch_InvalidEnumPropertyValueReturnsBadRequest" computerName="VECTOR" duration="00:00:00.0100000" startTime="2018-08-14T05:05:25.1115215-04:00" endTime="2018-08-14T05:05:25.1115250-04:00" testType="13cdc9d9-ddb5-4fa4-a97d-d965ccfc6d4b" outcome="Passed" testListId="8c84fa94-04c1-424b-9868-57a2d4851a1d" relativeResultsDirectory="4f96638d-591d-4ab7-9206-b39ca6890822" /><UnitTestResult executionId="ee0109c7-96f2-421e-90db-653c9dd799ba" testId="68d52b65-bc4c-4e73-887c-d3ed4f3d9bf2" testName="Patch_InvalidEnumPropertyValueReturnsBadRequest" computerName="VECTOR" duration="00:00:00.0100000" startTime="2018-08-14T05:05:52.4809291-04:00" endTime="2018-08-14T05:05:52.4809333-04:00" testType="13cdc9d9-ddb5-4fa4-a97d-d965ccfc6d4b" outcome="Passed" testListId="8c84fa94-04c1-424b-9868-57a2d4851a1d" relativeResultsDirectory="ee0109c7-96f2-421e-90db-653c9dd799ba" /><UnitTestResult executionId="d259c8f3-7661-42ea-a6a2-8d56cadc7071" testId="050e00b3-eae4-4c20-8b87-a684f3e79ceb" testName="Patch_MultipleInvalidReferencePropertiesReturnsMultipleValidationErrorsAndBadRequest" computerName="VECTOR" duration="00:00:00.0360000" startTime="2018-08-14T05:05:53.1032777-04:00" endTime="2018-08-14T05:05:53.1032837-04:00" testType="13cdc9d9-ddb5-4fa4-a97d-d965ccfc6d4b" outcome="Passed" testListId="8c84fa94-04c1-424b-9868-57a2d4851a1d" relativeResultsDirectory="d259c8f3-7661-42ea-a6a2-8d56cadc7071" /><UnitTestResult executionId="4b05c806-abdd-4b15-b3c9-a0a12ed4f7bd" testId="a081b661-f42d-4234-9cc3-5b139bc0ccfa" testName="GetSingle_InvalidIdPropertyValueReturnsNotFound" computerName="VECTOR" duration="00:00:00.0140000" startTime="2018-08-14T05:05:52.4957717-04:00" endTime="2018-08-14T05:05:52.4957769-04:00" testType="13cdc9d9-ddb5-4fa4-a97d-d965ccfc6d4b" outcome="Passed" testListId="8c84fa94-04c1-424b-9868-57a2d4851a1d" relativeResultsDirectory="4b05c806-abdd-4b15-b3c9-a0a12ed4f7bd" /><UnitTestResult executionId="d5b7b57a-ddbb-4eb5-bbd7-05915cbd97dd" testId="bd164318-6cc8-4e41-99b4-e45decded0cf" testName="PostFile_FileIsSynchronizedIsUpdatedAfterFileIsPosted" computerName="VECTOR" duration="00:00:00.3880000" startTime="2018-08-14T05:05:51.0084311-04:00" endTime="2018-08-14T05:05:51.0084372-04:00" testType="13cdc9d9-ddb5-4fa4-a97d-d965ccfc6d4b" outcome="Passed" testListId="8c84fa94-04c1-424b-9868-57a2d4851a1d" relativeResultsDirectory="d5b7b57a-ddbb-4eb5-bbd7-05915cbd97dd" /><UnitTestResult executionId="ef4b3d0e-0d66-44a3-9647-504d774eb9f3" testId="6bf16e28-7eb3-44d3-8f53-e6c33983b000" testName="LucyCameraFindsAllDependents" computerName="VECTOR" duration="00:00:00.0070000" startTime="2018-08-14T05:05:16.1985224-04:00" endTime="2018-08-14T05:05:16.1985254-04:00" testType="13cdc9d9-ddb5-4fa4-a97d-d965ccfc6d4b" outcome="Passed" testListId="8c84fa94-04c1-424b-9868-57a2d4851a1d" relativeResultsDirectory="ef4b3d0e-0d66-44a3-9647-504d774eb9f3" /><UnitTestResult executionId="ad6dc981-7e4f-40ec-bbad-b74dd2226c3a" testId="cae4813d-4aa4-4694-9dab-804c43254ee4" testName="Put_ValidReferencePropertyUpdatesModel" computerName="VECTOR" duration="00:00:00.0180000" startTime="2018-08-14T05:05:17.6305997-04:00" endTime="2018-08-14T05:05:17.6306055-04:00" testType="13cdc9d9-ddb5-4fa4-a97d-d965ccfc6d4b" outcome="Passed" testListId="8c84fa94-04c1-424b-9868-57a2d4851a1d" relativeResultsDirectory="ad6dc981-7e4f-40ec-bbad-b74dd2226c3a" /><UnitTestResult executionId="c4e52e10-5c56-4940-8abd-df48a63c15dc" testId="8aa872d2-3fd1-47e5-a948-17afa05e49c8" testName="PutFile_NewFileCanBePut" computerName="VECTOR" duration="00:00:00.3940000" startTime="2018-08-14T05:05:50.6199736-04:00" endTime="2018-08-14T05:05:50.6199803-04:00" testType="13cdc9d9-ddb5-4fa4-a97d-d965ccfc6d4b" outcome="Passed" testListId="8c84fa94-04c1-424b-9868-57a2d4851a1d" relativeResultsDirectory="c4e52e10-5c56-4940-8abd-df48a63c15dc" /><UnitTestResult executionId="d342fcf5-c104-4adf-b440-d3728f8e56ef" testId="d6d98c1c-3a2b-4af7-b3c6-16e8bdc93d71" testName="Post_ValidReferencePropertyCreatesModel" computerName="VECTOR" duration="00:00:00.0120000" startTime="2018-08-14T05:05:16.8914862-04:00" endTime="2018-08-14T05:05:16.8914881-04:00" testType="13cdc9d9-ddb5-4fa4-a97d-d965ccfc6d4b" outcome="Passed" testListId="8c84fa94-04c1-424b-9868-57a2d4851a1d" relativeResultsDirectory="d342fcf5-c104-4adf-b440-d3728f8e56ef" /><UnitTestResult executionId="497f8278-021a-46b4-83de-ec13963989b1" testId="a436b399-f2a0-4aea-88f0-18e63aaee71c" testName="Post_InvalidPropertyValueReturnsBadRequest" computerName="VECTOR" duration="00:00:00.0140000" startTime="2018-08-14T05:05:19.5733800-04:00" endTime="2018-08-14T05:05:19.5733851-04:00" testType="13cdc9d9-ddb5-4fa4-a97d-d965ccfc6d4b" outcome="Passed" testListId="8c84fa94-04c1-424b-9868-57a2d4851a1d" relativeResultsDirectory="497f8278-021a-46b4-83de-ec13963989b1" /><UnitTestResult executionId="dfb47200-56e3-4274-91af-e060508256d6" testId="334b75ee-7708-4110-9a7d-18a906f459b3" testName="GetSingle_ValidIdPropertyValueReturnsCorrectModel" computerName="VECTOR" duration="00:00:00.0180000" startTime="2018-08-14T05:05:19.5922514-04:00" endTime="2018-08-14T05:05:19.5922561-04:00" testType="13cdc9d9-ddb5-4fa4-a97d-d965ccfc6d4b" outcome="Passed" testListId="8c84fa94-04c1-424b-9868-57a2d4851a1d" relativeResultsDirectory="dfb47200-56e3-4274-91af-e060508256d6" /><UnitTestResult executionId="e0ee5891-7578-4ef6-9728-12684b14d756" testId="f37c3000-2f0b-4f81-8463-8d4de5b57af9" testName="GetSingle_InvalidIdPropertyValueReturnsNotFound" computerName="VECTOR" duration="00:00:00.0260000" startTime="2018-08-14T05:05:19.5011875-04:00" endTime="2018-08-14T05:05:19.5011931-04:00" testType="13cdc9d9-ddb5-4fa4-a97d-d965ccfc6d4b" outcome="Passed" testListId="8c84fa94-04c1-424b-9868-57a2d4851a1d" relativeResultsDirectory="e0ee5891-7578-4ef6-9728-12684b14d756" /><UnitTestResult executionId="92c04dee-087d-4439-a9fc-d756c515ee36" testId="76ca7d18-7abe-41a5-993a-b684db79b536" testName="GetList_ListReturnsCorrectCount" computerName="VECTOR" duration="00:00:00.0250000" startTime="2018-08-14T05:05:18.2964421-04:00" endTime="2018-08-14T05:05:18.2964490-04:00" testType="13cdc9d9-ddb5-4fa4-a97d-d965ccfc6d4b" outcome="Passed" testListId="8c84fa94-04c1-424b-9868-57a2d4851a1d" relativeResultsDirectory="92c04dee-087d-4439-a9fc-d756c515ee36" /><UnitTestResult executionId="2d92c473-bb2d-4a0d-9007-69ce30c75e3d" testId="f0bc7bc7-089f-4560-985e-26d7fb273d6a" testName="GetSingle_InvalidIdPropertyValueReturnsNotFound" computerName="VECTOR" duration="00:00:00.0150000" startTime="2018-08-14T05:05:17.9139237-04:00" endTime="2018-08-14T05:05:17.9139293-04:00" testType="13cdc9d9-ddb5-4fa4-a97d-d965ccfc6d4b" outcome="Passed" testListId="8c84fa94-04c1-424b-9868-57a2d4851a1d" relativeResultsDirectory="2d92c473-bb2d-4a0d-9007-69ce30c75e3d" /><UnitTestResult executionId="22cbb34f-91b4-4419-a03e-d011fa7cfc52" testId="32fccb11-cbea-442e-b215-9f0f92eaa736" testName="Put_InvalidIdReturnsNotFound" computerName="VECTOR" duration="00:00:00.2140000" startTime="2018-08-14T05:05:23.7751921-04:00" endTime="2018-08-14T05:05:23.7751986-04:00" testType="13cdc9d9-ddb5-4fa4-a97d-d965ccfc6d4b" outcome="Passed" testListId="8c84fa94-04c1-424b-9868-57a2d4851a1d" relativeResultsDirectory="22cbb34f-91b4-4419-a03e-d011fa7cfc52" /><UnitTestResult executionId="9d6a0ecf-ed8a-4391-84d2-0675601102b7" testId="20397d91-b76d-4e6a-9048-f13058bd71bb" testName="Put_ValidReferencePropertyUpdatesModel" computerName="VECTOR" duration="00:00:00.3980000" startTime="2018-08-14T05:05:24.7950399-04:00" endTime="2018-08-14T05:05:24.7950468-04:00" testType="13cdc9d9-ddb5-4fa4-a97d-d965ccfc6d4b" outcome="Passed" testListId="8c84fa94-04c1-424b-9868-57a2d4851a1d" relativeResultsDirectory="9d6a0ecf-ed8a-4391-84d2-0675601102b7" /><UnitTestResult executionId="31545b6f-0681-4c6d-9beb-5200917bdb3b" testId="3a1d2d8f-7b97-4d6f-8f2a-fec432e3c977" testName="Post_CanCreateNewModel" computerName="VECTOR" duration="00:00:00.2020000" startTime="2018-08-14T05:05:20.7620075-04:00" endTime="2018-08-14T05:05:20.7620137-04:00" testType="13cdc9d9-ddb5-4fa4-a97d-d965ccfc6d4b" outcome="Passed" testListId="8c84fa94-04c1-424b-9868-57a2d4851a1d" relativeResultsDirectory="31545b6f-0681-4c6d-9beb-5200917bdb3b" /><UnitTestResult executionId="051b28e1-ea48-42a0-9ddc-8d88e752d2f8" testId="e38e49bd-d158-4099-b9c2-461862d74846" testName="Post_CanCreateNewModel" computerName="VECTOR" duration="00:00:00.1770000" startTime="2018-08-14T05:05:17.8203210-04:00" endTime="2018-08-14T05:05:17.8203270-04:00" testType="13cdc9d9-ddb5-4fa4-a97d-d965ccfc6d4b" outcome="Passed" testListId="8c84fa94-04c1-424b-9868-57a2d4851a1d" relativeResultsDirectory="051b28e1-ea48-42a0-9ddc-8d88e752d2f8" /><UnitTestResult executionId="10f0d061-fb0f-4fa1-ae70-ee62299a8880" testId="a1a6eac9-b2b6-4aa8-a476-05a569b0a18c" testName="FileRequest_DepthBufferIsInvalidatedAfterCameraDependencyPropertyChange" computerName="VECTOR" duration="00:00:01.2080000" startTime="2018-08-14T05:05:50.2002492-04:00" endTime="2018-08-14T05:05:50.2002526-04:00" testType="13cdc9d9-ddb5-4fa4-a97d-d965ccfc6d4b" outcome="Passed" testListId="8c84fa94-04c1-424b-9868-57a2d4851a1d" relativeResultsDirectory="10f0d061-fb0f-4fa1-ae70-ee62299a8880" /><UnitTestResult executionId="8a454529-dded-49ad-8c66-84006055172d" testId="9fcd3f25-a70b-4520-9d80-bd35061e0ceb" testName="Delete_TargetModelIsDeleted" computerName="VECTOR" duration="00:00:00.2450000" startTime="2018-08-14T05:05:30.9648142-04:00" endTime="2018-08-14T05:05:30.9648201-04:00" testType="13cdc9d9-ddb5-4fa4-a97d-d965ccfc6d4b" outcome="Passed" testListId="8c84fa94-04c1-424b-9868-57a2d4851a1d" relativeResultsDirectory="8a454529-dded-49ad-8c66-84006055172d" /><UnitTestResult executionId="f70aa347-5432-49d6-9756-13891f4c3a33" testId="98bec1bf-10a0-477c-8efa-1bdc79e6e356" testName="Patch_InvalidReferencePropertyReturnsBadRequest" computerName="VECTOR" duration="00:00:00.0310000" startTime="2018-08-14T05:05:24.3769398-04:00" endTime="2018-08-14T05:05:24.3769459-04:00" testType="13cdc9d9-ddb5-4fa4-a97d-d965ccfc6d4b" outcome="Passed" testListId="8c84fa94-04c1-424b-9868-57a2d4851a1d" relativeResultsDirectory="f70aa347-5432-49d6-9756-13891f4c3a33" /><UnitTestResult executionId="9f07c5ad-292b-4375-8912-da01acac8429" testId="dc2807b9-186d-4c4c-93a5-923585e38c80" testName="PutFile_FileCanBeUpdated" computerName="VECTOR" duration="00:00:00.5460000" startTime="2018-08-14T05:05:48.4421235-04:00" endTime="2018-08-14T05:05:48.4421297-04:00" testType="13cdc9d9-ddb5-4fa4-a97d-d965ccfc6d4b" outcome="Passed" testListId="8c84fa94-04c1-424b-9868-57a2d4851a1d" relativeResultsDirectory="9f07c5ad-292b-4375-8912-da01acac8429" /><UnitTestResult executionId="84e26160-ab15-47db-b710-4fe9826371e7" testId="890f7574-7b30-4bc7-a7d9-334783da1a56" testName="PutFile_NewFileCanBePut" computerName="VECTOR" duration="00:00:00.3610000" startTime="2018-08-14T05:05:21.4200567-04:00" endTime="2018-08-14T05:05:21.4200629-04:00" testType="13cdc9d9-ddb5-4fa4-a97d-d965ccfc6d4b" outcome="Passed" testListId="8c84fa94-04c1-424b-9868-57a2d4851a1d" relativeResultsDirectory="84e26160-ab15-47db-b710-4fe9826371e7" /><UnitTestResult executionId="aa43f44d-d455-435d-8493-91c21191c64d" testId="bec8e007-890f-4584-9a77-f075553b579d" testName="Put_ValidReferencePropertyUpdatesModel" computerName="VECTOR" duration="00:00:00.3210000" startTime="2018-08-14T05:05:20.2291662-04:00" endTime="2018-08-14T05:05:20.2291702-04:00" testType="13cdc9d9-ddb5-4fa4-a97d-d965ccfc6d4b" outcome="Passed" testListId="8c84fa94-04c1-424b-9868-57a2d4851a1d" relativeResultsDirectory="aa43f44d-d455-435d-8493-91c21191c64d" /><UnitTestResult executionId="ccfdb0a6-fb57-4c90-b835-412c9473a50c" testId="15bd809e-4891-4147-a874-636ba6de795f" testName="Post_CanCreateNewModel" computerName="VECTOR" duration="00:00:00.2810000" startTime="2018-08-14T05:05:52.1790112-04:00" endTime="2018-08-14T05:05:52.1790177-04:00" testType="13cdc9d9-ddb5-4fa4-a97d-d965ccfc6d4b" outcome="Passed" testListId="8c84fa94-04c1-424b-9868-57a2d4851a1d" relativeResultsDirectory="ccfdb0a6-fb57-4c90-b835-412c9473a50c" /><UnitTestResult executionId="57f89a33-7676-4eb8-a88a-36506405c997" testId="1a2b796d-664f-4949-afab-d4e7979371ea" testName="Post_InvalidPropertyValueReturnsBadRequest" computerName="VECTOR" duration="00:00:00.0180000" startTime="2018-08-14T05:05:18.3548252-04:00" endTime="2018-08-14T05:05:18.3548313-04:00" testType="13cdc9d9-ddb5-4fa4-a97d-d965ccfc6d4b" outcome="Passed" testListId="8c84fa94-04c1-424b-9868-57a2d4851a1d" relativeResultsDirectory="57f89a33-7676-4eb8-a88a-36506405c997" /><UnitTestResult executionId="573523f7-695a-4d39-bc80-93851ac0c47e" testId="05058ce9-4b07-45a0-99f8-1fdb932d8da0" testName="GetFile_ExistingFileReturnsSuccess" computerName="VECTOR" duration="00:00:00.2290000" startTime="2018-08-14T05:05:22.1549624-04:00" endTime="2018-08-14T05:05:22.1549708-04:00" testType="13cdc9d9-ddb5-4fa4-a97d-d965ccfc6d4b" outcome="Passed" testListId="8c84fa94-04c1-424b-9868-57a2d4851a1d" relativeResultsDirectory="573523f7-695a-4d39-bc80-93851ac0c47e" /><UnitTestResult executionId="f998b54a-8f89-414e-a064-dbef0ddd6037" testId="2df39914-7ac5-418f-acfe-70006d8edd80" testName="Put_ValidReferencePropertyUpdatesModel" computerName="VECTOR" duration="00:00:00.5530000" startTime="2018-08-14T05:05:45.0342976-04:00" endTime="2018-08-14T05:05:45.0343042-04:00" testType="13cdc9d9-ddb5-4fa4-a97d-d965ccfc6d4b" outcome="Passed" testListId="8c84fa94-04c1-424b-9868-57a2d4851a1d" relativeResultsDirectory="f998b54a-8f89-414e-a064-dbef0ddd6037" /><UnitTestResult executionId="ebbd374a-b7be-44fe-a939-9aabca5eaf7f" testId="acf29184-ae7d-4e0a-a7d5-4a4a8d26a0ac" testName="Post_InvalidReferencePropertyReturnsBadRequest" computerName="VECTOR" duration="00:00:00.0110000" startTime="2018-08-14T05:05:16.8989951-04:00" endTime="2018-08-14T05:05:16.8989981-04:00" testType="13cdc9d9-ddb5-4fa4-a97d-d965ccfc6d4b" outcome="Passed" testListId="8c84fa94-04c1-424b-9868-57a2d4851a1d" relativeResultsDirectory="ebbd374a-b7be-44fe-a939-9aabca5eaf7f" /><UnitTestResult executionId="089eaaa6-ebc7-4694-9784-cad9a7b684e7" testId="98005c16-55fc-490e-a10b-ed5f879b0e92" testName="FileRequest_FileCanBeReadAfterRename" computerName="VECTOR" duration="00:00:00.5140000" startTime="2018-08-14T05:05:22.6699723-04:00" endTime="2018-08-14T05:05:22.6699796-04:00" testType="13cdc9d9-ddb5-4fa4-a97d-d965ccfc6d4b" outcome="Passed" testListId="8c84fa94-04c1-424b-9868-57a2d4851a1d" relativeResultsDirectory="089eaaa6-ebc7-4694-9784-cad9a7b684e7" /><UnitTestResult executionId="f4d21b56-78ca-43e5-aa6a-142fd9f77d34" testId="e4b4b12b-eb83-4186-94d6-d2df291a5197" testName="Patch_InvalidIdPropertyReturnsNotFound" computerName="VECTOR" duration="00:00:00.0220000" startTime="2018-08-14T05:05:20.2520424-04:00" endTime="2018-08-14T05:05:20.2520488-04:00" testType="13cdc9d9-ddb5-4fa4-a97d-d965ccfc6d4b" outcome="Passed" testListId="8c84fa94-04c1-424b-9868-57a2d4851a1d" relativeResultsDirectory="f4d21b56-78ca-43e5-aa6a-142fd9f77d34" /><UnitTestResult executionId="c95047f6-c921-433d-9571-6849e02adc6e" testId="e7fb98dd-3cc1-417a-a8d9-af06e6d03b28" testName="Patch_InvalidEnumPropertyValueReturnsBadRequest" computerName="VECTOR" duration="00:00:00.0180000" startTime="2018-08-14T05:05:20.5594237-04:00" endTime="2018-08-14T05:05:20.5594296-04:00" testType="13cdc9d9-ddb5-4fa4-a97d-d965ccfc6d4b" outcome="Passed" testListId="8c84fa94-04c1-424b-9868-57a2d4851a1d" relativeResultsDirectory="c95047f6-c921-433d-9571-6849e02adc6e" /><UnitTestResult executionId="d9469c6e-6a27-4062-9d69-cb945e113e13" testId="1dd9a331-e0af-4d10-8d79-2134a8adb35b" testName="GetList_ListReturnsCorrectCount" computerName="VECTOR" duration="00:00:01.1040000" startTime="2018-08-14T05:05:27.3978264-04:00" endTime="2018-08-14T05:05:27.3978319-04:00" testType="13cdc9d9-ddb5-4fa4-a97d-d965ccfc6d4b" outcome="Passed" testListId="8c84fa94-04c1-424b-9868-57a2d4851a1d" relativeResultsDirectory="d9469c6e-6a27-4062-9d69-cb945e113e13" /><UnitTestResult executionId="228a9773-e513-473c-9b5c-5b0115d2db61" testId="f3d03b29-4286-4ef9-9416-abbe6e84c23e" testName="Put_InvalidIdReturnsNotFound" computerName="VECTOR" duration="00:00:00.0410000" startTime="2018-08-14T05:05:19.5429713-04:00" endTime="2018-08-14T05:05:19.5429766-04:00" testType="13cdc9d9-ddb5-4fa4-a97d-d965ccfc6d4b" outcome="Passed" testListId="8c84fa94-04c1-424b-9868-57a2d4851a1d" relativeResultsDirectory="228a9773-e513-473c-9b5c-5b0115d2db61" /><UnitTestResult executionId="3fa97a64-6f73-4c16-a4d8-6f55b1907d1b" testId="5e0ff923-736e-47a1-80c6-22e531e2fb43" testName="GetSingle_ValidIdPropertyValueReturnsCorrectModel" computerName="VECTOR" duration="00:00:00.0180000" startTime="2018-08-14T05:05:26.2763270-04:00" endTime="2018-08-14T05:05:26.2763324-04:00" testType="13cdc9d9-ddb5-4fa4-a97d-d965ccfc6d4b" outcome="Passed" testListId="8c84fa94-04c1-424b-9868-57a2d4851a1d" relativeResultsDirectory="3fa97a64-6f73-4c16-a4d8-6f55b1907d1b" /><UnitTestResult executionId="1be8b0d8-f5f1-4ec6-8270-89c691fc35bb" testId="0cf896a5-bdd1-48ae-9dc3-c84b3136bfc1" testName="GetList_ListReturnsCorrectCount" computerName="VECTOR" duration="00:00:00.0230000" startTime="2018-08-14T05:05:43.6432739-04:00" endTime="2018-08-14T05:05:43.6432800-04:00" testType="13cdc9d9-ddb5-4fa4-a97d-d965ccfc6d4b" outcome="Passed" testListId="8c84fa94-04c1-424b-9868-57a2d4851a1d" relativeResultsDirectory="1be8b0d8-f5f1-4ec6-8270-89c691fc35bb" /><UnitTestResult executionId="00581cd3-4098-4fd4-a171-7ee97a0571f9" testId="e0518599-7899-445e-8ba9-8d6740beb921" testName="Patch_MultipleInvalidReferencePropertiesReturnsMultipleValidationErrorsAndBadRequest" computerName="VECTOR" duration="00:00:00.0110000" startTime="2018-08-14T05:05:18.3077711-04:00" endTime="2018-08-14T05:05:18.3077750-04:00" testType="13cdc9d9-ddb5-4fa4-a97d-d965ccfc6d4b" outcome="Passed" testListId="8c84fa94-04c1-424b-9868-57a2d4851a1d" relativeResultsDirectory="00581cd3-4098-4fd4-a171-7ee97a0571f9" /><UnitTestResult executionId="74d7aa1b-4cab-499f-a45a-ed15659721d5" testId="d9f97a5d-5f2d-4540-a34c-725e129cb2bf" testName="FileRequest_MeshGenerateSetsFileIsSynchronized" computerName="VECTOR" duration="00:00:05.2740000" startTime="2018-08-14T05:05:42.7524750-04:00" endTime="2018-08-14T05:05:42.7524871-04:00" testType="13cdc9d9-ddb5-4fa4-a97d-d965ccfc6d4b" outcome="Passed" testListId="8c84fa94-04c1-424b-9868-57a2d4851a1d" relativeResultsDirectory="74d7aa1b-4cab-499f-a45a-ed15659721d5" /><UnitTestResult executionId="3cd3ecd4-8ba5-4a51-a09c-a22c9890f368" testId="4a766640-304c-4243-81af-acb5045017c1" testName="GetSingle_ValidIdPropertyValueReturnsCorrectModel" computerName="VECTOR" duration="00:00:00.0280000" startTime="2018-08-14T05:05:30.9933935-04:00" endTime="2018-08-14T05:05:30.9933983-04:00" testType="13cdc9d9-ddb5-4fa4-a97d-d965ccfc6d4b" outcome="Passed" testListId="8c84fa94-04c1-424b-9868-57a2d4851a1d" relativeResultsDirectory="3cd3ecd4-8ba5-4a51-a09c-a22c9890f368" /><UnitTestResult executionId="8ebd20f8-a254-4267-b8fd-c5e5e691c1e9" testId="62a0c08d-91dd-42b0-8733-6077e7e9b7f5" testName="Put_InvalidReferencePropertyReturndBadRequest" computerName="VECTOR" duration="00:00:00.0440000" startTime="2018-08-14T05:05:31.0373975-04:00" endTime="2018-08-14T05:05:31.0374028-04:00" testType="13cdc9d9-ddb5-4fa4-a97d-d965ccfc6d4b" outcome="Passed" testListId="8c84fa94-04c1-424b-9868-57a2d4851a1d" relativeResultsDirectory="8ebd20f8-a254-4267-b8fd-c5e5e691c1e9" /><UnitTestResult executionId="f11e5cc7-d4aa-421b-991a-9060294766cc" testId="a5de7e70-36d6-4836-bb0a-f120520d50e0" testName="Put_CanUpdateModel" computerName="VECTOR" duration="00:00:00.3560000" startTime="2018-08-14T05:05:18.2707778-04:00" endTime="2018-08-14T05:05:18.2707842-04:00" testType="13cdc9d9-ddb5-4fa4-a97d-d965ccfc6d4b" outcome="Passed" testListId="8c84fa94-04c1-424b-9868-57a2d4851a1d" relativeResultsDirectory="f11e5cc7-d4aa-421b-991a-9060294766cc" /><UnitTestResult executionId="393f3377-3eee-4305-8caa-f8971721a389" testId="e90cd2f3-848b-46ea-8f43-a940893c60f5" testName="Put_InvalidIdReturnsNotFound" computerName="VECTOR" duration="00:00:00.0330000" startTime="2018-08-14T05:05:52.2125158-04:00" endTime="2018-08-14T05:05:52.2125217-04:00" testType="13cdc9d9-ddb5-4fa4-a97d-d965ccfc6d4b" outcome="Passed" testListId="8c84fa94-04c1-424b-9868-57a2d4851a1d" relativeResultsDirectory="393f3377-3eee-4305-8caa-f8971721a389" /><UnitTestResult executionId="54015630-8090-435f-84a3-8f9ebbd3fc69" testId="bea8e3cb-c3c5-438e-85a0-4ee8e846583b" testName="Put_InvalidReferencePropertyReturndBadRequest" computerName="VECTOR" duration="00:00:00.0310000" startTime="2018-08-14T05:05:25.0845523-04:00" endTime="2018-08-14T05:05:25.0845582-04:00" testType="13cdc9d9-ddb5-4fa4-a97d-d965ccfc6d4b" outcome="Passed" testListId="8c84fa94-04c1-424b-9868-57a2d4851a1d" relativeResultsDirectory="54015630-8090-435f-84a3-8f9ebbd3fc69" /><UnitTestResult executionId="79c9a6cd-6541-4c6d-ab0b-a3aa9d28329c" testId="2ffbeece-331e-4722-856b-787a67d553f8" testName="GetFile_NonExistentFileReturnsNotFound" computerName="VECTOR" duration="00:00:00.0250000" startTime="2018-08-14T05:05:50.2255894-04:00" endTime="2018-08-14T05:05:50.2255954-04:00" testType="13cdc9d9-ddb5-4fa4-a97d-d965ccfc6d4b" outcome="Passed" testListId="8c84fa94-04c1-424b-9868-57a2d4851a1d" relativeResultsDirectory="79c9a6cd-6541-4c6d-ab0b-a3aa9d28329c" /><UnitTestResult executionId="063a958a-5f2c-4743-b7fb-da360f253758" testId="d259e1c2-f11f-49fa-956a-ac96ff596f97" testName="Post_ValidReferencePropertyCreatesModel" computerName="VECTOR" duration="00:00:00.2180000" startTime="2018-08-14T05:05:20.4705488-04:00" endTime="2018-08-14T05:05:20.4705550-04:00" testType="13cdc9d9-ddb5-4fa4-a97d-d965ccfc6d4b" outcome="Passed" testListId="8c84fa94-04c1-424b-9868-57a2d4851a1d" relativeResultsDirectory="063a958a-5f2c-4743-b7fb-da360f253758" /><UnitTestResult executionId="f30aee84-2e8c-4749-b6a8-cd25d2ea051c" testId="692a7d3e-f52c-45d9-9ec8-33da1bad6895" testName="Patch_MultipleInvalidReferencePropertiesReturnsMultipleValidationErrorsAndBadRequest" computerName="VECTOR" duration="00:00:00.0490000" startTime="2018-08-14T05:05:20.5197917-04:00" endTime="2018-08-14T05:05:20.5197974-04:00" testType="13cdc9d9-ddb5-4fa4-a97d-d965ccfc6d4b" outcome="Passed" testListId="8c84fa94-04c1-424b-9868-57a2d4851a1d" relativeResultsDirectory="f30aee84-2e8c-4749-b6a8-cd25d2ea051c" /><UnitTestResult executionId="d0aa043e-a3b7-43bf-ae26-2385c5d719b7" testId="88321fc2-fa6c-44ce-9174-af1a5f0c156c" testName="PostFile_FileTimeStampIsUpdatedAfterFileIsPosted" computerName="VECTOR" duration="00:00:01.6440000" startTime="2018-08-14T05:05:47.8952526-04:00" endTime="2018-08-14T05:05:47.8952584-04:00" testType="13cdc9d9-ddb5-4fa4-a97d-d965ccfc6d4b" outcome="Passed" testListId="8c84fa94-04c1-424b-9868-57a2d4851a1d" relativeResultsDirectory="d0aa043e-a3b7-43bf-ae26-2385c5d719b7" /><UnitTestResult executionId="f7cc9324-2a40-4e87-aa2c-9cfcee1f99d1" testId="ba1584f9-ee3e-4fd5-b818-d11a622992e6" testName="Patch_InvalidEnumPropertyValueReturnsBadRequest" computerName="VECTOR" duration="00:00:00.0430000" startTime="2018-08-14T05:05:43.6197870-04:00" endTime="2018-08-14T05:05:43.6197928-04:00" testType="13cdc9d9-ddb5-4fa4-a97d-d965ccfc6d4b" outcome="Passed" testListId="8c84fa94-04c1-424b-9868-57a2d4851a1d" relativeResultsDirectory="f7cc9324-2a40-4e87-aa2c-9cfcee1f99d1" /><UnitTestResult executionId="3c0da88e-d1b2-4782-aeed-e1f5a001a601" testId="e5780e77-c1f6-42f6-913f-4b68dcde328b" testName="Post_ValidReferencePropertyCreatesModel" computerName="VECTOR" duration="00:00:00.2390000" startTime="2018-08-14T05:05:25.0534265-04:00" endTime="2018-08-14T05:05:25.0534334-04:00" testType="13cdc9d9-ddb5-4fa4-a97d-d965ccfc6d4b" outcome="Passed" testListId="8c84fa94-04c1-424b-9868-57a2d4851a1d" relativeResultsDirectory="3c0da88e-d1b2-4782-aeed-e1f5a001a601" /><UnitTestResult executionId="f5b766e2-4fa7-4409-83e8-b42877902066" testId="4d3dc78e-5b1b-48b2-a381-98fd9ec5ea85" testName="Patch_InvalidReferencePropertyReturnsBadRequest" computerName="VECTOR" duration="00:00:00.0270000" startTime="2018-08-14T05:05:53.5191844-04:00" endTime="2018-08-14T05:05:53.5191901-04:00" testType="13cdc9d9-ddb5-4fa4-a97d-d965ccfc6d4b" outcome="Passed" testListId="8c84fa94-04c1-424b-9868-57a2d4851a1d" relativeResultsDirectory="f5b766e2-4fa7-4409-83e8-b42877902066" /><UnitTestResult executionId="980fd279-9059-46b9-91e7-7981225a8581" testId="1ee7a68a-577b-4404-b7e7-78a625fd4757" testName="Patch_TargetPropertyIsUpdated" computerName="VECTOR" duration="00:00:00.2700000" startTime="2018-08-14T05:05:44.4802264-04:00" endTime="2018-08-14T05:05:44.4802329-04:00" testType="13cdc9d9-ddb5-4fa4-a97d-d965ccfc6d4b" outcome="Passed" testListId="8c84fa94-04c1-424b-9868-57a2d4851a1d" relativeResultsDirectory="980fd279-9059-46b9-91e7-7981225a8581" /><UnitTestResult executionId="61937181-ff2f-44bc-a998-3a0c8a0970fa" testId="eb8e7f96-6784-4cd0-9d4a-f2d5dfe025f0" testName="Post_CanCreateNewModel" computerName="VECTOR" duration="00:00:00.2040000" startTime="2018-08-14T05:05:44.2093280-04:00" endTime="2018-08-14T05:05:44.2093342-04:00" testType="13cdc9d9-ddb5-4fa4-a97d-d965ccfc6d4b" outcome="Passed" testListId="8c84fa94-04c1-424b-9868-57a2d4851a1d" relativeResultsDirectory="61937181-ff2f-44bc-a998-3a0c8a0970fa" /><UnitTestResult executionId="2b00fbcd-aa2c-4092-92ae-60414d36bd8d" testId="7d03fe2e-1a38-4d3b-990d-d9d8578302db" testName="Patch_TargetPropertyIsUpdated" computerName="VECTOR" duration="00:00:00.3330000" startTime="2018-08-14T05:05:17.6124117-04:00" endTime="2018-08-14T05:05:17.6124182-04:00" testType="13cdc9d9-ddb5-4fa4-a97d-d965ccfc6d4b" outcome="Passed" testListId="8c84fa94-04c1-424b-9868-57a2d4851a1d" relativeResultsDirectory="2b00fbcd-aa2c-4092-92ae-60414d36bd8d" /><UnitTestResult executionId="09671448-7d5e-4ab3-8f7e-230ec929b316" testId="ab374224-cf67-4c17-9c47-fb591dcd540a" testName="LucyModel3dHasTwoDependents" computerName="VECTOR" duration="00:00:00.3890000" startTime="2018-08-14T05:05:16.1913923-04:00" endTime="2018-08-14T05:05:16.1913982-04:00" testType="13cdc9d9-ddb5-4fa4-a97d-d965ccfc6d4b" outcome="Passed" testListId="8c84fa94-04c1-424b-9868-57a2d4851a1d" relativeResultsDirectory="09671448-7d5e-4ab3-8f7e-230ec929b316" /><UnitTestResult executionId="61dca12e-2cea-4f8f-830b-37875d80abf6" testId="f3a31f17-ab72-42b1-b38e-f40e54bfcf2a" testName="Post_InvalidReferencePropertyReturnsBadRequest" computerName="VECTOR" duration="00:00:00.0270000" startTime="2018-08-14T05:05:30.4047458-04:00" endTime="2018-08-14T05:05:30.4047513-04:00" testType="13cdc9d9-ddb5-4fa4-a97d-d965ccfc6d4b" outcome="Passed" testListId="8c84fa94-04c1-424b-9868-57a2d4851a1d" relativeResultsDirectory="61dca12e-2cea-4f8f-830b-37875d80abf6" /><UnitTestResult executionId="0d626c45-82d4-448e-b5ca-f60a090b5456" testId="ab25d32f-ad51-45e4-842d-65e007cf76e3" testName="Patch_InvalidPropertyNameReturnsBadRequest" computerName="VECTOR" duration="00:00:00.0150000" startTime="2018-08-14T05:05:53.1355880-04:00" endTime="2018-08-14T05:05:53.1355926-04:00" testType="13cdc9d9-ddb5-4fa4-a97d-d965ccfc6d4b" outcome="Passed" testListId="8c84fa94-04c1-424b-9868-57a2d4851a1d" relativeResultsDirectory="0d626c45-82d4-448e-b5ca-f60a090b5456" /><UnitTestResult executionId="b873cdcb-c399-4415-91ec-3bf7858732ff" testId="358edb12-5299-4c28-ae82-bb1db8025df6" testName="CameraHasExpectedDependentFiles" computerName="VECTOR" duration="00:00:00.0010000" startTime="2018-08-14T05:05:16.1987908-04:00" endTime="2018-08-14T05:05:16.1987923-04:00" testType="13cdc9d9-ddb5-4fa4-a97d-d965ccfc6d4b" outcome="Passed" testListId="8c84fa94-04c1-424b-9868-57a2d4851a1d" relativeResultsDirectory="b873cdcb-c399-4415-91ec-3bf7858732ff" /><UnitTestResult executionId="3f08d89e-11eb-4436-9c9f-bc4fe152d272" testId="fdf0dc30-9de1-4767-bc06-319732303bb8" testName="Put_InvalidIdReturnsNotFound" computerName="VECTOR" duration="00:00:00.0810000" startTime="2018-08-14T05:05:27.4796598-04:00" endTime="2018-08-14T05:05:27.4796660-04:00" testType="13cdc9d9-ddb5-4fa4-a97d-d965ccfc6d4b" outcome="Passed" testListId="8c84fa94-04c1-424b-9868-57a2d4851a1d" relativeResultsDirectory="3f08d89e-11eb-4436-9c9f-bc4fe152d272" /><UnitTestResult executionId="1b4ddc68-90b5-41c2-a700-edd8f533d1c6" testId="ae2a6cbf-25bb-49d4-9872-aac861c0313d" testName="Patch_TargetPropertyIsUpdated" computerName="VECTOR" duration="00:00:00.3500000" startTime="2018-08-14T05:05:29.9939915-04:00" endTime="2018-08-14T05:05:29.9939978-04:00" testType="13cdc9d9-ddb5-4fa4-a97d-d965ccfc6d4b" outcome="Passed" testListId="8c84fa94-04c1-424b-9868-57a2d4851a1d" relativeResultsDirectory="1b4ddc68-90b5-41c2-a700-edd8f533d1c6" /><UnitTestResult executionId="224464dd-845f-429e-8dc4-43f5daf73af8" testId="1d6c811a-bbb6-48b0-9fe3-728fb8849ebd" testName="GetSingle_ValidIdPropertyValueReturnsCorrectModel" computerName="VECTOR" duration="00:00:00.0180000" startTime="2018-08-14T05:05:17.8866184-04:00" endTime="2018-08-14T05:05:17.8866246-04:00" testType="13cdc9d9-ddb5-4fa4-a97d-d965ccfc6d4b" outcome="Passed" testListId="8c84fa94-04c1-424b-9868-57a2d4851a1d" relativeResultsDirectory="224464dd-845f-429e-8dc4-43f5daf73af8" /><UnitTestResult executionId="38635f9e-4840-489d-bd42-b434a3672f2c" testId="885822a1-2d42-4af6-b6d8-c1e39110e191" testName="GetFile_NonExistentFileReturnsNotFound" computerName="VECTOR" duration="00:00:00.0330000" startTime="2018-08-14T05:05:31.0915744-04:00" endTime="2018-08-14T05:05:31.0915801-04:00" testType="13cdc9d9-ddb5-4fa4-a97d-d965ccfc6d4b" outcome="Passed" testListId="8c84fa94-04c1-424b-9868-57a2d4851a1d" relativeResultsDirectory="38635f9e-4840-489d-bd42-b434a3672f2c" /><UnitTestResult executionId="dfd78392-8788-4a71-b34c-2bc794c69c41" testId="601d3970-9405-4a08-95f1-0ca848303825" testName="Put_ValidReferencePropertyUpdatesModel" computerName="VECTOR" duration="00:00:00.3050000" startTime="2018-08-14T05:05:53.8244650-04:00" endTime="2018-08-14T05:05:53.8244710-04:00" testType="13cdc9d9-ddb5-4fa4-a97d-d965ccfc6d4b" outcome="Passed" testListId="8c84fa94-04c1-424b-9868-57a2d4851a1d" relativeResultsDirectory="dfd78392-8788-4a71-b34c-2bc794c69c41" /><UnitTestResult executionId="a1997270-2dd8-43c7-9b39-42698982529a" testId="426a0008-2418-4d94-8b62-7a51b0132b4f" testName="GetList_ListReturnsCorrectCount" computerName="VECTOR" duration="00:00:00.0190000" startTime="2018-08-14T05:05:24.3968527-04:00" endTime="2018-08-14T05:05:24.3968580-04:00" testType="13cdc9d9-ddb5-4fa4-a97d-d965ccfc6d4b" outcome="Passed" testListId="8c84fa94-04c1-424b-9868-57a2d4851a1d" relativeResultsDirectory="a1997270-2dd8-43c7-9b39-42698982529a" /><UnitTestResult executionId="f2d0bd11-a1e0-4dd7-8904-7226aa565043" testId="2891dff5-c54d-4ef7-8686-8c0cab6ad93f" testName="Post_CanCreateNewModel" computerName="VECTOR" duration="00:00:00.2690000" startTime="2018-08-14T05:05:30.2639570-04:00" endTime="2018-08-14T05:05:30.2639631-04:00" testType="13cdc9d9-ddb5-4fa4-a97d-d965ccfc6d4b" outcome="Passed" testListId="8c84fa94-04c1-424b-9868-57a2d4851a1d" relativeResultsDirectory="f2d0bd11-a1e0-4dd7-8904-7226aa565043" /><UnitTestResult executionId="73e7f616-577a-4951-a288-8bd53933b8ea" testId="fa9b33de-065b-4580-8da0-cee322e91af8" testName="Patch_InvalidReferencePropertyReturnsBadRequest" computerName="VECTOR" duration="00:00:00.0120000" startTime="2018-08-14T05:05:17.6423882-04:00" endTime="2018-08-14T05:05:17.6423915-04:00" testType="13cdc9d9-ddb5-4fa4-a97d-d965ccfc6d4b" outcome="Passed" testListId="8c84fa94-04c1-424b-9868-57a2d4851a1d" relativeResultsDirectory="73e7f616-577a-4951-a288-8bd53933b8ea" /><UnitTestResult executionId="f81759b6-8560-4030-9b53-e47051d430c9" testId="fc8eb03f-1c67-471e-848d-1e7364b4c7ac" testName="Post_ValidReferencePropertyCreatesModel" computerName="VECTOR" duration="00:00:00.1720000" startTime="2018-08-14T05:05:53.0663450-04:00" endTime="2018-08-14T05:05:53.0663513-04:00" testType="13cdc9d9-ddb5-4fa4-a97d-d965ccfc6d4b" outcome="Passed" testListId="8c84fa94-04c1-424b-9868-57a2d4851a1d" relativeResultsDirectory="f81759b6-8560-4030-9b53-e47051d430c9" /><UnitTestResult executionId="49234808-ceb7-4348-8779-29816e44371c" testId="7ea49d7f-da6c-4bfc-aeea-c73b320532a4" testName="Patch_ValidReferencePropertyUpdatesModel" computerName="VECTOR" duration="00:00:00.3150000" startTime="2018-08-14T05:05:19.9080341-04:00" endTime="2018-08-14T05:05:19.9080397-04:00" testType="13cdc9d9-ddb5-4fa4-a97d-d965ccfc6d4b" outcome="Passed" testListId="8c84fa94-04c1-424b-9868-57a2d4851a1d" relativeResultsDirectory="49234808-ceb7-4348-8779-29816e44371c" /><UnitTestResult executionId="14e1662c-a755-4b78-81b8-699890b4dacb" testId="d811b9fe-da8c-4bba-a757-5cf5c4c1cc6c" testName="PostFile_FileTimeStampIsUpdatedAfterFileIsPosted" computerName="VECTOR" duration="00:00:00.0120000" startTime="2018-08-14T05:05:21.0584830-04:00" endTime="2018-08-14T05:05:21.0584934-04:00" testType="13cdc9d9-ddb5-4fa4-a97d-d965ccfc6d4b" outcome="Passed" testListId="8c84fa94-04c1-424b-9868-57a2d4851a1d" relativeResultsDirectory="14e1662c-a755-4b78-81b8-699890b4dacb" /><UnitTestResult executionId="310dc0d7-4619-4eac-996c-6fc88d0597f8" testId="e6bead9d-1b55-458a-bf4b-5b8c20952f8d" testName="Patch_InvalidPropertyNameReturnsBadRequest" computerName="VECTOR" duration="00:00:00.0190000" startTime="2018-08-14T05:05:43.6624637-04:00" endTime="2018-08-14T05:05:43.6624696-04:00" testType="13cdc9d9-ddb5-4fa4-a97d-d965ccfc6d4b" outcome="Passed" testListId="8c84fa94-04c1-424b-9868-57a2d4851a1d" relativeResultsDirectory="310dc0d7-4619-4eac-996c-6fc88d0597f8" /><UnitTestResult executionId="39e27f3b-0a25-48fb-b252-0c29daac5296" testId="72303565-b5c3-47bf-a84c-705895f14d68" testName="GetFile_FileCanBeRoundTripped" computerName="VECTOR" duration="00:00:00.4350000" startTime="2018-08-14T05:05:51.8498308-04:00" endTime="2018-08-14T05:05:51.8498422-04:00" testType="13cdc9d9-ddb5-4fa4-a97d-d965ccfc6d4b" outcome="Passed" testListId="8c84fa94-04c1-424b-9868-57a2d4851a1d" relativeResultsDirectory="39e27f3b-0a25-48fb-b252-0c29daac5296" /><UnitTestResult executionId="86db925e-7e3b-435d-8042-12a21578c6eb" testId="a22abdb3-f163-4da2-93dc-81afe5de9f69" testName="Post_InvalidPropertyValueReturnsBadRequest" computerName="VECTOR" duration="00:00:00.0130000" startTime="2018-08-14T05:05:53.1494511-04:00" endTime="2018-08-14T05:05:53.1494566-04:00" testType="13cdc9d9-ddb5-4fa4-a97d-d965ccfc6d4b" outcome="Passed" testListId="8c84fa94-04c1-424b-9868-57a2d4851a1d" relativeResultsDirectory="86db925e-7e3b-435d-8042-12a21578c6eb" /><UnitTestResult executionId="6447551b-61ca-47be-91c6-26069261217b" testId="80e77e0c-fc55-491a-8d16-c3953d99b01b" testName="PostFile_NewFileCanBePosted" computerName="VECTOR" duration="00:00:00.4160000" startTime="2018-08-14T05:05:37.4767109-04:00" endTime="2018-08-14T05:05:37.4767170-04:00" testType="13cdc9d9-ddb5-4fa4-a97d-d965ccfc6d4b" outcome="Passed" testListId="8c84fa94-04c1-424b-9868-57a2d4851a1d" relativeResultsDirectory="6447551b-61ca-47be-91c6-26069261217b" /><UnitTestResult executionId="e3bcd882-76b5-443b-a836-c952117b9061" testId="f7048fe4-583b-4d81-a76a-41a68cdb32fb" testName="Put_InvalidReferencePropertyReturndBadRequest" computerName="VECTOR" duration="00:00:00.0310000" startTime="2018-08-14T05:05:52.8938577-04:00" endTime="2018-08-14T05:05:52.8938639-04:00" testType="13cdc9d9-ddb5-4fa4-a97d-d965ccfc6d4b" outcome="Passed" testListId="8c84fa94-04c1-424b-9868-57a2d4851a1d" relativeResultsDirectory="e3bcd882-76b5-443b-a836-c952117b9061" /><UnitTestResult executionId="5fa5c467-df2e-4934-acf1-0793917d6391" testId="47704501-1c78-419f-8473-08fd55f82f05" testName="Delete_TargetModelIsDeleted" computerName="VECTOR" duration="00:00:00.2290000" startTime="2018-08-14T05:05:52.4421584-04:00" endTime="2018-08-14T05:05:52.4421775-04:00" testType="13cdc9d9-ddb5-4fa4-a97d-d965ccfc6d4b" outcome="Passed" testListId="8c84fa94-04c1-424b-9868-57a2d4851a1d" relativeResultsDirectory="5fa5c467-df2e-4934-acf1-0793917d6391" /><UnitTestResult executionId="169bef87-ceb0-4953-b268-67f77c30b1e1" testId="193d9467-f619-4fb7-8588-89c22f09d534" testName="Delete_TargetModelIsDeleted" computerName="VECTOR" duration="00:00:00.2750000" startTime="2018-08-14T05:05:43.9844265-04:00" endTime="2018-08-14T05:05:43.9844325-04:00" testType="13cdc9d9-ddb5-4fa4-a97d-d965ccfc6d4b" outcome="Passed" testListId="8c84fa94-04c1-424b-9868-57a2d4851a1d" relativeResultsDirectory="169bef87-ceb0-4953-b268-67f77c30b1e1" /></Results><TestDefinitions><UnitTest name="LucyDepthBufferFindsOneDependent" storage="d:\modelrelief\modelrelief.test\bin\debug\netcoreapp2.0\modelrelief.test.dll" id="adaedbe5-d69e-4800-8ca5-e43519a822d1"><Execution id="99c2452f-93c2-465b-94ba-3a695ee559f7" /><TestMethod codeBase="D:\ModelRelief\ModelRelief.test\bin\Debug\netcoreapp2.0\ModelRelief.Test.dll" adapterTypeName="executor://xunit/VsTestRunner2/netcoreapp" className="ModelRelief.Test.Unit.DependencyManager.DependencyManagerTests" name="LucyDepthBufferFindsOneDependent" /></UnitTest><UnitTest name="Patch_ValidReferencePropertyUpdatesModel" storage="d:\modelrelief\modelrelief.test\bin\debug\netcoreapp2.0\modelrelief.test.dll" id="7ea49d7f-da6c-4bfc-aeea-c73b320532a4"><Execution id="49234808-ceb7-4348-8779-29816e44371c" /><TestMethod codeBase="D:\ModelRelief\ModelRelief.test\bin\Debug\netcoreapp2.0\ModelRelief.Test.dll" adapterTypeName="executor://xunit/VsTestRunner2/netcoreapp" className="ModelRelief.Test.Integration.Models.ModelsBaseIntegrationTests" name="Patch_ValidReferencePropertyUpdatesModel" /></UnitTest><UnitTest name="Put_CanUpdateModel" storage="d:\modelrelief\modelrelief.test\bin\debug\netcoreapp2.0\modelrelief.test.dll" id="c2ef1e15-e720-49ea-8779-86d7726edfc9"><Execution id="f8543adf-3998-4af1-ba07-ec0c4c3aa8e4" /><TestMethod codeBase="D:\ModelRelief\ModelRelief.test\bin\Debug\netcoreapp2.0\ModelRelief.Test.dll" adapterTypeName="executor://xunit/VsTestRunner2/netcoreapp" className="ModelRelief.Test.Integration.Models.ModelsBaseIntegrationTests" name="Put_CanUpdateModel" /></UnitTest><UnitTest name="Put_CanUpdateModel" storage="d:\modelrelief\modelrelief.test\bin\debug\netcoreapp2.0\modelrelief.test.dll" id="a5de7e70-36d6-4836-bb0a-f120520d50e0"><Execution id="f11e5cc7-d4aa-421b-991a-9060294766cc" /><TestMethod codeBase="D:\ModelRelief\ModelRelief.test\bin\Debug\netcoreapp2.0\ModelRelief.Test.dll" adapterTypeName="executor://xunit/VsTestRunner2/netcoreapp" className="ModelRelief.Test.Integration.Projects.ProjectsBaseIntegrationTests" name="Put_CanUpdateModel" /></UnitTest><UnitTest name="Post_ValidReferencePropertyCreatesModel" storage="d:\modelrelief\modelrelief.test\bin\debug\netcoreapp2.0\modelrelief.test.dll" id="e5780e77-c1f6-42f6-913f-4b68dcde328b"><Execution id="3c0da88e-d1b2-4782-aeed-e1f5a001a601" /><TestMethod codeBase="D:\ModelRelief\ModelRelief.test\bin\Debug\netcoreapp2.0\ModelRelief.Test.dll" adapterTypeName="executor://xunit/VsTestRunner2/netcoreapp" className="ModelRelief.Test.Integration.MeshTransforms.MeshTransformsBaseIntegrationTests" name="Post_ValidReferencePropertyCreatesModel" /></UnitTest><UnitTest name="PutFile_FileCanBeUpdated" storage="d:\modelrelief\modelrelief.test\bin\debug\netcoreapp2.0\modelrelief.test.dll" id="e64ab2cc-5e28-475d-8ca6-fa6886acaa56"><Execution id="9a457b0f-d1c5-45a8-bf75-dc3bc9c326da" /><TestMethod codeBase="D:\ModelRelief\ModelRelief.test\bin\Debug\netcoreapp2.0\ModelRelief.Test.dll" adapterTypeName="executor://xunit/VsTestRunner2/netcoreapp" className="ModelRelief.Test.Integration.Models.ModelsFileIntegrationTests" name="PutFile_FileCanBeUpdated" /></UnitTest><UnitTest name="GetFile_NonExistentFileReturnsNotFound" storage="d:\modelrelief\modelrelief.test\bin\debug\netcoreapp2.0\modelrelief.test.dll" id="2ffbeece-331e-4722-856b-787a67d553f8"><Execution id="79c9a6cd-6541-4c6d-ab0b-a3aa9d28329c" /><TestMethod codeBase="D:\ModelRelief\ModelRelief.test\bin\Debug\netcoreapp2.0\ModelRelief.Test.dll" adapterTypeName="executor://xunit/VsTestRunner2/netcoreapp" className="ModelRelief.Test.Integration.DepthBuffers.DepthBuffersFileIntegrationTests" name="GetFile_NonExistentFileReturnsNotFound" /></UnitTest><UnitTest name="Patch_InvalidIdPropertyReturnsNotFound" storage="d:\modelrelief\modelrelief.test\bin\debug\netcoreapp2.0\modelrelief.test.dll" id="0c5d3105-8d63-40f6-a6e3-020fa0e4f4cf"><Execution id="78dfe563-674f-4803-abc2-75d69db9f462" /><TestMethod codeBase="D:\ModelRelief\ModelRelief.test\bin\Debug\netcoreapp2.0\ModelRelief.Test.dll" adapterTypeName="executor://xunit/VsTestRunner2/netcoreapp" className="ModelRelief.Test.Integration.MeshTransforms.MeshTransformsBaseIntegrationTests" name="Patch_InvalidIdPropertyReturnsNotFound" /></UnitTest><UnitTest name="GetFile_ExistingFileReturnsSuccess" storage="d:\modelrelief\modelrelief.test\bin\debug\netcoreapp2.0\modelrelief.test.dll" id="8b4a9146-0bbb-446b-9eb8-1f74e328b131"><Execution id="a2eca314-0200-4aea-b91d-8fb0413807a8" /><TestMethod codeBase="D:\ModelRelief\ModelRelief.test\bin\Debug\netcoreapp2.0\ModelRelief.Test.dll" adapterTypeName="executor://xunit/VsTestRunner2/netcoreapp" className="ModelRelief.Test.Integration.Meshes.MeshesFileIntegrationTests" name="GetFile_ExistingFileReturnsSuccess" /></UnitTest><UnitTest name="GetSingle_ValidIdPropertyValueReturnsCorrectModel" storage="d:\modelrelief\modelrelief.test\bin\debug\netcoreapp2.0\modelrelief.test.dll" id="4a766640-304c-4243-81af-acb5045017c1"><Execution id="3cd3ecd4-8ba5-4a51-a09c-a22c9890f368" /><TestMethod codeBase="D:\ModelRelief\ModelRelief.test\bin\Debug\netcoreapp2.0\ModelRelief.Test.dll" adapterTypeName="executor://xunit/VsTestRunner2/netcoreapp" className="ModelRelief.Test.Integration.Meshes.MeshesBaseIntegrationTests" name="GetSingle_ValidIdPropertyValueReturnsCorrectModel" /></UnitTest><UnitTest name="Post_CanCreateNewModel" storage="d:\modelrelief\modelrelief.test\bin\debug\netcoreapp2.0\modelrelief.test.dll" id="eb8e7f96-6784-4cd0-9d4a-f2d5dfe025f0"><Execution id="61937181-ff2f-44bc-a998-3a0c8a0970fa" /><TestMethod codeBase="D:\ModelRelief\ModelRelief.test\bin\Debug\netcoreapp2.0\ModelRelief.Test.dll" adapterTypeName="executor://xunit/VsTestRunner2/netcoreapp" className="ModelRelief.Test.Integration.DepthBuffers.DepthBuffersBaseIntegrationTests" name="Post_CanCreateNewModel" /></UnitTest><UnitTest name="Patch_InvalidEnumPropertyValueReturnsBadRequest" storage="d:\modelrelief\modelrelief.test\bin\debug\netcoreapp2.0\modelrelief.test.dll" id="9cef5db9-4206-439b-b66d-67c0ea8f022d"><Execution id="3bdfeede-7966-467e-bd17-05db22b456e4" /><TestMethod codeBase="D:\ModelRelief\ModelRelief.test\bin\Debug\netcoreapp2.0\ModelRelief.Test.dll" adapterTypeName="executor://xunit/VsTestRunner2/netcoreapp" className="ModelRelief.Test.Integration.Projects.ProjectsBaseIntegrationTests" name="Patch_InvalidEnumPropertyValueReturnsBadRequest" /></UnitTest><UnitTest name="Patch_TargetPropertyIsUpdated" storage="d:\modelrelief\modelrelief.test\bin\debug\netcoreapp2.0\modelrelief.test.dll" id="7d03fe2e-1a38-4d3b-990d-d9d8578302db"><Execution id="2b00fbcd-aa2c-4092-92ae-60414d36bd8d" /><TestMethod codeBase="D:\ModelRelief\ModelRelief.test\bin\Debug\netcoreapp2.0\ModelRelief.Test.dll" adapterTypeName="executor://xunit/VsTestRunner2/netcoreapp" className="ModelRelief.Test.Integration.Projects.ProjectsBaseIntegrationTests" name="Patch_TargetPropertyIsUpdated" /></UnitTest><UnitTest name="Patch_TargetPropertyIsUpdated" storage="d:\modelrelief\modelrelief.test\bin\debug\netcoreapp2.0\modelrelief.test.dll" id="a253f266-b212-4e7f-b2ad-ffd80d174cb6"><Execution id="bed5d20e-7397-49bf-a7f9-be73318b1531" /><TestMethod codeBase="D:\ModelRelief\ModelRelief.test\bin\Debug\netcoreapp2.0\ModelRelief.Test.dll" adapterTypeName="executor://xunit/VsTestRunner2/netcoreapp" className="ModelRelief.Test.Integration.Cameras.CamerasBaseIntegrationTests" name="Patch_TargetPropertyIsUpdated" /></UnitTest><UnitTest name="Put_InvalidReferencePropertyReturndBadRequest" storage="d:\modelrelief\modelrelief.test\bin\debug\netcoreapp2.0\modelrelief.test.dll" id="bf2afa55-17c1-4802-86f3-db6fecfc4a4e"><Execution id="ef740ee5-4c4d-4778-8ff6-bf719cbebb0e" /><TestMethod codeBase="D:\ModelRelief\ModelRelief.test\bin\Debug\netcoreapp2.0\ModelRelief.Test.dll" adapterTypeName="executor://xunit/VsTestRunner2/netcoreapp" className="ModelRelief.Test.Integration.DepthBuffers.DepthBuffersBaseIntegrationTests" name="Put_InvalidReferencePropertyReturndBadRequest" /></UnitTest><UnitTest name="Put_ValidReferencePropertyUpdatesModel" storage="d:\modelrelief\modelrelief.test\bin\debug\netcoreapp2.0\modelrelief.test.dll" id="601d3970-9405-4a08-95f1-0ca848303825"><Execution id="dfd78392-8788-4a71-b34c-2bc794c69c41" /><TestMethod codeBase="D:\ModelRelief\ModelRelief.test\bin\Debug\netcoreapp2.0\ModelRelief.Test.dll" adapterTypeName="executor://xunit/VsTestRunner2/netcoreapp" className="ModelRelief.Test.Integration.Cameras.CamerasBaseIntegrationTests" name="Put_ValidReferencePropertyUpdatesModel" /></UnitTest><UnitTest name="Patch_MultipleInvalidReferencePropertiesReturnsMultipleValidationErrorsAndBadRequest" storage="d:\modelrelief\modelrelief.test\bin\debug\netcoreapp2.0\modelrelief.test.dll" id="050e00b3-eae4-4c20-8b87-a684f3e79ceb"><Execution id="d259c8f3-7661-42ea-a6a2-8d56cadc7071" /><TestMethod codeBase="D:\ModelRelief\ModelRelief.test\bin\Debug\netcoreapp2.0\ModelRelief.Test.dll" adapterTypeName="executor://xunit/VsTestRunner2/netcoreapp" className="ModelRelief.Test.Integration.Cameras.CamerasBaseIntegrationTests" name="Patch_MultipleInvalidReferencePropertiesReturnsMultipleValidationErrorsAndBadRequest" /></UnitTest><UnitTest name="Put_CanUpdateModel" storage="d:\modelrelief\modelrelief.test\bin\debug\netcoreapp2.0\modelrelief.test.dll" id="a6869d36-94c6-4e91-8320-a4dc4dbd4529"><Execution id="c3fecb4f-eb1f-445a-8160-223a4f3defc2" /><TestMethod codeBase="D:\ModelRelief\ModelRelief.test\bin\Debug\netcoreapp2.0\ModelRelief.Test.dll" adapterTypeName="executor://xunit/VsTestRunner2/netcoreapp" className="ModelRelief.Test.Integration.Cameras.CamerasBaseIntegrationTests" name="Put_CanUpdateModel" /></UnitTest><UnitTest name="PostFile_FileTimeStampIsUpdatedAfterFileIsPosted" storage="d:\modelrelief\modelrelief.test\bin\debug\netcoreapp2.0\modelrelief.test.dll" id="d811b9fe-da8c-4bba-a757-5cf5c4c1cc6c"><Execution id="14e1662c-a755-4b78-81b8-699890b4dacb" /><TestMethod codeBase="D:\ModelRelief\ModelRelief.test\bin\Debug\netcoreapp2.0\ModelRelief.Test.dll" adapterTypeName="executor://xunit/VsTestRunner2/netcoreapp" className="ModelRelief.Test.Integration.Models.ModelsFileIntegrationTests" name="PostFile_FileTimeStampIsUpdatedAfterFileIsPosted" /></UnitTest><UnitTest name="PutFile_FileCanBeUpdated" storage="d:\modelrelief\modelrelief.test\bin\debug\netcoreapp2.0\modelrelief.test.dll" id="cafbcdf5-c335-41b7-957a-c8d9e865910c"><Execution id="82701e9a-d597-4873-9612-51eb35a5e148" /><TestMethod codeBase="D:\ModelRelief\ModelRelief.test\bin\Debug\netcoreapp2.0\ModelRelief.Test.dll" adapterTypeName="executor://xunit/VsTestRunner2/netcoreapp" className="ModelRelief.Test.Integration.Meshes.MeshesFileIntegrationTests" name="PutFile_FileCanBeUpdated" /></UnitTest><UnitTest name="Patch_InvalidReferencePropertyReturnsBadRequest" storage="d:\modelrelief\modelrelief.test\bin\debug\netcoreapp2.0\modelrelief.test.dll" id="7a51d48e-02ed-4ad5-b8a6-3b79f67c2032"><Execution id="1348d764-672a-45a1-9cf9-4b2983ff4d8b" /><TestMethod codeBase="D:\ModelRelief\ModelRelief.test\bin\Debug\netcoreapp2.0\ModelRelief.Test.dll" adapterTypeName="executor://xunit/VsTestRunner2/netcoreapp" className="ModelRelief.Test.Integration.Models.ModelsBaseIntegrationTests" name="Patch_InvalidReferencePropertyReturnsBadRequest" /></UnitTest><UnitTest name="Patch_InvalidIdPropertyReturnsNotFound" storage="d:\modelrelief\modelrelief.test\bin\debug\netcoreapp2.0\modelrelief.test.dll" id="b97540cf-9296-419b-a2ca-941fbcb7054b"><Execution id="48679577-2e25-42d3-9e4e-81f097310686" /><TestMethod codeBase="D:\ModelRelief\ModelRelief.test\bin\Debug\netcoreapp2.0\ModelRelief.Test.dll" adapterTypeName="executor://xunit/VsTestRunner2/netcoreapp" className="ModelRelief.Test.Integration.Projects.ProjectsBaseIntegrationTests" name="Patch_InvalidIdPropertyReturnsNotFound" /></UnitTest><UnitTest name="PostFile_FileTimeStampIsUpdatedAfterFileIsPosted" storage="d:\modelrelief\modelrelief.test\bin\debug\netcoreapp2.0\modelrelief.test.dll" id="9a64012e-5c66-4e1b-9f39-f965342b5c3a"><Execution id="ec726011-73e0-49e6-9190-0527b7380b01" /><TestMethod codeBase="D:\ModelRelief\ModelRelief.test\bin\Debug\netcoreapp2.0\ModelRelief.Test.dll" adapterTypeName="executor://xunit/VsTestRunner2/netcoreapp" className="ModelRelief.Test.Integration.Meshes.MeshesFileIntegrationTests" name="PostFile_FileTimeStampIsUpdatedAfterFileIsPosted" /></UnitTest><UnitTest name="Patch_InvalidEnumPropertyValueReturnsBadRequest" storage="d:\modelrelief\modelrelief.test\bin\debug\netcoreapp2.0\modelrelief.test.dll" id="e7fb98dd-3cc1-417a-a8d9-af06e6d03b28"><Execution id="c95047f6-c921-433d-9571-6849e02adc6e" /><TestMethod codeBase="D:\ModelRelief\ModelRelief.test\bin\Debug\netcoreapp2.0\ModelRelief.Test.dll" adapterTypeName="executor://xunit/VsTestRunner2/netcoreapp" className="ModelRelief.Test.Integration.Models.ModelsBaseIntegrationTests" name="Patch_InvalidEnumPropertyValueReturnsBadRequest" /></UnitTest><UnitTest name="GetSingle_ValidIdPropertyValueReturnsCorrectModel" storage="d:\modelrelief\modelrelief.test\bin\debug\netcoreapp2.0\modelrelief.test.dll" id="167811ec-0839-45c1-a670-4218e1111b42"><Execution id="94626f41-8624-434c-8ecf-4b89f79988ce" /><TestMethod codeBase="D:\ModelRelief\ModelRelief.test\bin\Debug\netcoreapp2.0\ModelRelief.Test.dll" adapterTypeName="executor://xunit/VsTestRunner2/netcoreapp" className="ModelRelief.Test.Integration.Cameras.CamerasBaseIntegrationTests" name="GetSingle_ValidIdPropertyValueReturnsCorrectModel" /></UnitTest><UnitTest name="GetFile_FileCanBeRoundTripped" storage="d:\modelrelief\modelrelief.test\bin\debug\netcoreapp2.0\modelrelief.test.dll" id="72303565-b5c3-47bf-a84c-705895f14d68"><Execution id="39e27f3b-0a25-48fb-b252-0c29daac5296" /><TestMethod codeBase="D:\ModelRelief\ModelRelief.test\bin\Debug\netcoreapp2.0\ModelRelief.Test.dll" adapterTypeName="executor://xunit/VsTestRunner2/netcoreapp" className="ModelRelief.Test.Integration.DepthBuffers.DepthBuffersFileIntegrationTests" name="GetFile_FileCanBeRoundTripped" /></UnitTest><UnitTest name="PutFile_FileCanBeUpdated" storage="d:\modelrelief\modelrelief.test\bin\debug\netcoreapp2.0\modelrelief.test.dll" id="dc2807b9-186d-4c4c-93a5-923585e38c80"><Execution id="9f07c5ad-292b-4375-8912-da01acac8429" /><TestMethod codeBase="D:\ModelRelief\ModelRelief.test\bin\Debug\netcoreapp2.0\ModelRelief.Test.dll" adapterTypeName="executor://xunit/VsTestRunner2/netcoreapp" className="ModelRelief.Test.Integration.DepthBuffers.DepthBuffersFileIntegrationTests" name="PutFile_FileCanBeUpdated" /></UnitTest><UnitTest name="Patch_MultipleInvalidReferencePropertiesReturnsMultipleValidationErrorsAndBadRequest" storage="d:\modelrelief\modelrelief.test\bin\debug\netcoreapp2.0\modelrelief.test.dll" id="692a7d3e-f52c-45d9-9ec8-33da1bad6895"><Execution id="f30aee84-2e8c-4749-b6a8-cd25d2ea051c" /><TestMethod codeBase="D:\ModelRelief\ModelRelief.test\bin\Debug\netcoreapp2.0\ModelRelief.Test.dll" adapterTypeName="executor://xunit/VsTestRunner2/netcoreapp" className="ModelRelief.Test.Integration.Models.ModelsBaseIntegrationTests" name="Patch_MultipleInvalidReferencePropertiesReturnsMultipleValidationErrorsAndBadRequest" /></UnitTest><UnitTest name="Patch_TargetPropertyIsUpdated" storage="d:\modelrelief\modelrelief.test\bin\debug\netcoreapp2.0\modelrelief.test.dll" id="1ee7a68a-577b-4404-b7e7-78a625fd4757"><Execution id="980fd279-9059-46b9-91e7-7981225a8581" /><TestMethod codeBase="D:\ModelRelief\ModelRelief.test\bin\Debug\netcoreapp2.0\ModelRelief.Test.dll" adapterTypeName="executor://xunit/VsTestRunner2/netcoreapp" className="ModelRelief.Test.Integration.DepthBuffers.DepthBuffersBaseIntegrationTests" name="Patch_TargetPropertyIsUpdated" /></UnitTest><UnitTest name="PostFile_NewFileCanBePosted" storage="d:\modelrelief\modelrelief.test\bin\debug\netcoreapp2.0\modelrelief.test.dll" id="80e77e0c-fc55-491a-8d16-c3953d99b01b"><Execution id="6447551b-61ca-47be-91c6-26069261217b" /><TestMethod codeBase="D:\ModelRelief\ModelRelief.test\bin\Debug\netcoreapp2.0\ModelRelief.Test.dll" adapterTypeName="executor://xunit/VsTestRunner2/netcoreapp" className="ModelRelief.Test.Integration.Meshes.MeshesFileIntegrationTests" name="PostFile_NewFileCanBePosted" /></UnitTest><UnitTest name="Put_InvalidReferencePropertyReturndBadRequest" storage="d:\modelrelief\modelrelief.test\bin\debug\netcoreapp2.0\modelrelief.test.dll" id="f7048fe4-583b-4d81-a76a-41a68cdb32fb"><Execution id="e3bcd882-76b5-443b-a836-c952117b9061" /><TestMethod codeBase="D:\ModelRelief\ModelRelief.test\bin\Debug\netcoreapp2.0\ModelRelief.Test.dll" adapterTypeName="executor://xunit/VsTestRunner2/netcoreapp" className="ModelRelief.Test.Integration.Cameras.CamerasBaseIntegrationTests" name="Put_InvalidReferencePropertyReturndBadRequest" /></UnitTest><UnitTest name="Put_InvalidIdReturnsNotFound" storage="d:\modelrelief\modelrelief.test\bin\debug\netcoreapp2.0\modelrelief.test.dll" id="fdf0dc30-9de1-4767-bc06-319732303bb8"><Execution id="3f08d89e-11eb-4436-9c9f-bc4fe152d272" /><TestMethod codeBase="D:\ModelRelief\ModelRelief.test\bin\Debug\netcoreapp2.0\ModelRelief.Test.dll" adapterTypeName="executor://xunit/VsTestRunner2/netcoreapp" className="ModelRelief.Test.Integration.Meshes.MeshesBaseIntegrationTests" name="Put_InvalidIdReturnsNotFound" /></UnitTest><UnitTest name="Post_CanCreateNewModel" storage="d:\modelrelief\modelrelief.test\bin\debug\netcoreapp2.0\modelrelief.test.dll" id="e38e49bd-d158-4099-b9c2-461862d74846"><Execution id="051b28e1-ea48-42a0-9ddc-8d88e752d2f8" /><TestMethod codeBase="D:\ModelRelief\ModelRelief.test\bin\Debug\netcoreapp2.0\ModelRelief.Test.dll" adapterTypeName="executor://xunit/VsTestRunner2/netcoreapp" className="ModelRelief.Test.Integration.Projects.ProjectsBaseIntegrationTests" name="Post_CanCreateNewModel" /></UnitTest><UnitTest name="PutFile_NewFileCanBePut" storage="d:\modelrelief\modelrelief.test\bin\debug\netcoreapp2.0\modelrelief.test.dll" id="8aa872d2-3fd1-47e5-a948-17afa05e49c8"><Execution id="c4e52e10-5c56-4940-8abd-df48a63c15dc" /><TestMethod codeBase="D:\ModelRelief\ModelRelief.test\bin\Debug\netcoreapp2.0\ModelRelief.Test.dll" adapterTypeName="executor://xunit/VsTestRunner2/netcoreapp" className="ModelRelief.Test.Integration.DepthBuffers.DepthBuffersFileIntegrationTests" name="PutFile_NewFileCanBePut" /></UnitTest><UnitTest name="Patch_InvalidPropertyNameReturnsBadRequest" storage="d:\modelrelief\modelrelief.test\bin\debug\netcoreapp2.0\modelrelief.test.dll" id="ab25d32f-ad51-45e4-842d-65e007cf76e3"><Execution id="0d626c45-82d4-448e-b5ca-f60a090b5456" /><TestMethod codeBase="D:\ModelRelief\ModelRelief.test\bin\Debug\netcoreapp2.0\ModelRelief.Test.dll" adapterTypeName="executor://xunit/VsTestRunner2/netcoreapp" className="ModelRelief.Test.Integration.Cameras.CamerasBaseIntegrationTests" name="Patch_InvalidPropertyNameReturnsBadRequest" /></UnitTest><UnitTest name="Post_InvalidReferencePropertyReturnsBadRequest" storage="d:\modelrelief\modelrelief.test\bin\debug\netcoreapp2.0\modelrelief.test.dll" id="9b385516-8d7e-4a76-8572-2df213b0ef2e"><Execution id="14d85d6c-9d4f-4834-8297-6064378fb65f" /><TestMethod codeBase="D:\ModelRelief\ModelRelief.test\bin\Debug\netcoreapp2.0\ModelRelief.Test.dll" adapterTypeName="executor://xunit/VsTestRunner2/netcoreapp" className="ModelRelief.Test.Integration.MeshTransforms.MeshTransformsBaseIntegrationTests" name="Post_InvalidReferencePropertyReturnsBadRequest" /></UnitTest><UnitTest name="Post_InvalidPropertyValueReturnsBadRequest" storage="d:\modelrelief\modelrelief.test\bin\debug\netcoreapp2.0\modelrelief.test.dll" id="a436b399-f2a0-4aea-88f0-18e63aaee71c"><Execution id="497f8278-021a-46b4-83de-ec13963989b1" /><TestMethod codeBase="D:\ModelRelief\ModelRelief.test\bin\Debug\netcoreapp2.0\ModelRelief.Test.dll" adapterTypeName="executor://xunit/VsTestRunner2/netcoreapp" className="ModelRelief.Test.Integration.Models.ModelsBaseIntegrationTests" name="Post_InvalidPropertyValueReturnsBadRequest" /></UnitTest><UnitTest name="Post_InvalidReferencePropertyReturnsBadRequest" storage="d:\modelrelief\modelrelief.test\bin\debug\netcoreapp2.0\modelrelief.test.dll" id="acf29184-ae7d-4e0a-a7d5-4a4a8d26a0ac"><Execution id="ebbd374a-b7be-44fe-a939-9aabca5eaf7f" /><TestMethod codeBase="D:\ModelRelief\ModelRelief.test\bin\Debug\netcoreapp2.0\ModelRelief.Test.dll" adapterTypeName="executor://xunit/VsTestRunner2/netcoreapp" className="ModelRelief.Test.Integration.Projects.ProjectsBaseIntegrationTests" name="Post_InvalidReferencePropertyReturnsBadRequest" /></UnitTest><UnitTest name="PostFile_FileIsSynchronizedIsUpdatedAfterFileIsPosted" storage="d:\modelrelief\modelrelief.test\bin\debug\netcoreapp2.0\modelrelief.test.dll" id="b4b9e69f-0cfd-4814-a84f-dd8f79b5fce6"><Execution id="478fe736-c267-48c2-803b-8ac92bef00f3" /><TestMethod codeBase="D:\ModelRelief\ModelRelief.test\bin\Debug\netcoreapp2.0\ModelRelief.Test.dll" adapterTypeName="executor://xunit/VsTestRunner2/netcoreapp" className="ModelRelief.Test.Integration.Models.ModelsFileIntegrationTests" name="PostFile_FileIsSynchronizedIsUpdatedAfterFileIsPosted" /></UnitTest><UnitTest name="Delete_TargetModelIsDeleted" storage="d:\modelrelief\modelrelief.test\bin\debug\netcoreapp2.0\modelrelief.test.dll" id="09e535bb-9f6e-4eda-94aa-235519dbea8e"><Execution id="2f22f1a9-d901-4cac-8ab1-5c39265daa47" /><TestMethod codeBase="D:\ModelRelief\ModelRelief.test\bin\Debug\netcoreapp2.0\ModelRelief.Test.dll" adapterTypeName="executor://xunit/VsTestRunner2/netcoreapp" className="ModelRelief.Test.Integration.MeshTransforms.MeshTransformsBaseIntegrationTests" name="Delete_TargetModelIsDeleted" /></UnitTest><UnitTest name="PutFile_NewFileCanBePut" storage="d:\modelrelief\modelrelief.test\bin\debug\netcoreapp2.0\modelrelief.test.dll" id="f6b8b986-08fa-4b35-a878-1e76f0aaff41"><Execution id="e47ad3d6-0e1b-496f-bc02-615f75004131" /><TestMethod codeBase="D:\ModelRelief\ModelRelief.test\bin\Debug\netcoreapp2.0\ModelRelief.Test.dll" adapterTypeName="executor://xunit/VsTestRunner2/netcoreapp" className="ModelRelief.Test.Integration.Meshes.MeshesFileIntegrationTests" name="PutFile_NewFileCanBePut" /></UnitTest><UnitTest name="Post_InvalidPropertyValueReturnsBadRequest" storage="d:\modelrelief\modelrelief.test\bin\debug\netcoreapp2.0\modelrelief.test.dll" id="1a2b796d-664f-4949-afab-d4e7979371ea"><Execution id="57f89a33-7676-4eb8-a88a-36506405c997" /><TestMethod codeBase="D:\ModelRelief\ModelRelief.test\bin\Debug\netcoreapp2.0\ModelRelief.Test.dll" adapterTypeName="executor://xunit/VsTestRunner2/netcoreapp" className="ModelRelief.Test.Integration.Projects.ProjectsBaseIntegrationTests" name="Post_InvalidPropertyValueReturnsBadRequest" /></UnitTest><UnitTest name="GetSingle_ValidIdPropertyValueReturnsCorrectModel" storage="d:\modelrelief\modelrelief.test\bin\debug\netcoreapp2.0\modelrelief.test.dll" id="334b75ee-7708-4110-9a7d-18a906f459b3"><Execution id="dfb47200-56e3-4274-91af-e060508256d6" /><TestMethod codeBase="D:\ModelRelief\ModelRelief.test\bin\Debug\netcoreapp2.0\ModelRelief.Test.dll" adapterTypeName="executor://xunit/VsTestRunner2/netcoreapp" className="ModelRelief.Test.Integration.Models.ModelsBaseIntegrationTests" name="GetSingle_ValidIdPropertyValueReturnsCorrectModel" /></UnitTest><UnitTest name="GetSingle_ValidIdPropertyValueReturnsCorrectModel" storage="d:\modelrelief\modelrelief.test\bin\debug\netcoreapp2.0\modelrelief.test.dll" id="1d6c811a-bbb6-48b0-9fe3-728fb8849ebd"><Execution id="224464dd-845f-429e-8dc4-43f5daf73af8" /><TestMethod codeBase="D:\ModelRelief\ModelRelief.test\bin\Debug\netcoreapp2.0\ModelRelief.Test.dll" adapterTypeName="executor://xunit/VsTestRunner2/netcoreapp" className="ModelRelief.Test.Integration.Projects.ProjectsBaseIntegrationTests" name="GetSingle_ValidIdPropertyValueReturnsCorrectModel" /></UnitTest><UnitTest name="Post_CanCreateNewModel" storage="d:\modelrelief\modelrelief.test\bin\debug\netcoreapp2.0\modelrelief.test.dll" id="2891dff5-c54d-4ef7-8686-8c0cab6ad93f"><Execution id="f2d0bd11-a1e0-4dd7-8904-7226aa565043" /><TestMethod codeBase="D:\ModelRelief\ModelRelief.test\bin\Debug\netcoreapp2.0\ModelRelief.Test.dll" adapterTypeName="executor://xunit/VsTestRunner2/netcoreapp" className="ModelRelief.Test.Integration.Meshes.MeshesBaseIntegrationTests" name="Post_CanCreateNewModel" /></UnitTest><UnitTest name="Post_ValidReferencePropertyCreatesModel" storage="d:\modelrelief\modelrelief.test\bin\debug\netcoreapp2.0\modelrelief.test.dll" id="fc8eb03f-1c67-471e-848d-1e7364b4c7ac"><Execution id="f81759b6-8560-4030-9b53-e47051d430c9" /><TestMethod codeBase="D:\ModelRelief\ModelRelief.test\bin\Debug\netcoreapp2.0\ModelRelief.Test.dll" adapterTypeName="executor://xunit/VsTestRunner2/netcoreapp" className="ModelRelief.Test.Integration.Cameras.CamerasBaseIntegrationTests" name="Post_ValidReferencePropertyCreatesModel" /></UnitTest><UnitTest name="Patch_InvalidIdPropertyReturnsNotFound" storage="d:\modelrelief\modelrelief.test\bin\debug\netcoreapp2.0\modelrelief.test.dll" id="e4b4b12b-eb83-4186-94d6-d2df291a5197"><Execution id="f4d21b56-78ca-43e5-aa6a-142fd9f77d34" /><TestMethod codeBase="D:\ModelRelief\ModelRelief.test\bin\Debug\netcoreapp2.0\ModelRelief.Test.dll" adapterTypeName="executor://xunit/VsTestRunner2/netcoreapp" className="ModelRelief.Test.Integration.Models.ModelsBaseIntegrationTests" name="Patch_InvalidIdPropertyReturnsNotFound" /></UnitTest><UnitTest name="Patch_TargetPropertyIsUpdated" storage="d:\modelrelief\modelrelief.test\bin\debug\netcoreapp2.0\modelrelief.test.dll" id="c713b385-09b9-474f-adee-9c40d06d2053"><Execution id="aaada741-b1e1-474b-8a4b-fba74d37d46c" /><TestMethod codeBase="D:\ModelRelief\ModelRelief.test\bin\Debug\netcoreapp2.0\ModelRelief.Test.dll" adapterTypeName="executor://xunit/VsTestRunner2/netcoreapp" className="ModelRelief.Test.Integration.Models.ModelsBaseIntegrationTests" name="Patch_TargetPropertyIsUpdated" /></UnitTest><UnitTest name="GetSingle_InvalidIdPropertyValueReturnsNotFound" storage="d:\modelrelief\modelrelief.test\bin\debug\netcoreapp2.0\modelrelief.test.dll" id="30dcb6e9-9de8-4448-9f46-48248d562f11"><Execution id="aae4a6e3-98c9-43e5-a4b4-2fa62dcb191f" /><TestMethod codeBase="D:\ModelRelief\ModelRelief.test\bin\Debug\netcoreapp2.0\ModelRelief.Test.dll" adapterTypeName="executor://xunit/VsTestRunner2/netcoreapp" className="ModelRelief.Test.Integration.MeshTransforms.MeshTransformsBaseIntegrationTests" name="GetSingle_InvalidIdPropertyValueReturnsNotFound" /></UnitTest><UnitTest name="GetFile_NonExistentFileReturnsNotFound" storage="d:\modelrelief\modelrelief.test\bin\debug\netcoreapp2.0\modelrelief.test.dll" id="725ee0a7-a4e2-4b73-b744-c0d682aee7d8"><Execution id="8a4deb32-ab74-4bd5-8abf-d7cd4807f5e5" /><TestMethod codeBase="D:\ModelRelief\ModelRelief.test\bin\Debug\netcoreapp2.0\ModelRelief.Test.dll" adapterTypeName="executor://xunit/VsTestRunner2/netcoreapp" className="ModelRelief.Test.Integration.Models.ModelsFileIntegrationTests" name="GetFile_NonExistentFileReturnsNotFound" /></UnitTest><UnitTest name="LucyModel3dHasTwoDependents" storage="d:\modelrelief\modelrelief.test\bin\debug\netcoreapp2.0\modelrelief.test.dll" id="ab374224-cf67-4c17-9c47-fb591dcd540a"><Execution id="09671448-7d5e-4ab3-8f7e-230ec929b316" /><TestMethod codeBase="D:\ModelRelief\ModelRelief.test\bin\Debug\netcoreapp2.0\ModelRelief.Test.dll" adapterTypeName="executor://xunit/VsTestRunner2/netcoreapp" className="ModelRelief.Test.Unit.DependencyManager.DependencyManagerTests" name="LucyModel3dHasTwoDependents" /></UnitTest><UnitTest name="GetFile_FileCanBeRoundTripped" storage="d:\modelrelief\modelrelief.test\bin\debug\netcoreapp2.0\modelrelief.test.dll" id="6a745d86-ee1e-4205-a438-e509c76e8664"><Execution id="736f942e-fa37-4bf3-bfd8-949b8cbb9382" /><TestMethod codeBase="D:\ModelRelief\ModelRelief.test\bin\Debug\netcoreapp2.0\ModelRelief.Test.dll" adapterTypeName="executor://xunit/VsTestRunner2/netcoreapp" className="ModelRelief.Test.Integration.Meshes.MeshesFileIntegrationTests" name="GetFile_FileCanBeRoundTripped" /></UnitTest><UnitTest name="Patch_InvalidPropertyNameReturnsBadRequest" storage="d:\modelrelief\modelrelief.test\bin\debug\netcoreapp2.0\modelrelief.test.dll" id="34c12a9b-c69c-4fbb-bbda-0c2f80af8eee"><Execution id="56ee2f8c-8471-4341-8004-39bc217e8c18" /><TestMethod codeBase="D:\ModelRelief\ModelRelief.test\bin\Debug\netcoreapp2.0\ModelRelief.Test.dll" adapterTypeName="executor://xunit/VsTestRunner2/netcoreapp" className="ModelRelief.Test.Integration.Projects.ProjectsBaseIntegrationTests" name="Patch_InvalidPropertyNameReturnsBadRequest" /></UnitTest><UnitTest name="FileRequest_FileCanBeReadAfterRename" storage="d:\modelrelief\modelrelief.test\bin\debug\netcoreapp2.0\modelrelief.test.dll" id="98005c16-55fc-490e-a10b-ed5f879b0e92"><Execution id="089eaaa6-ebc7-4694-9784-cad9a7b684e7" /><TestMethod codeBase="D:\ModelRelief\ModelRelief.test\bin\Debug\netcoreapp2.0\ModelRelief.Test.dll" adapterTypeName="executor://xunit/VsTestRunner2/netcoreapp" className="ModelRelief.Test.Integration.Models.ModelsFileIntegrationTests" name="FileRequest_FileCanBeReadAfterRename" /></UnitTest><UnitTest name="Patch_InvalidPropertyNameReturnsBadRequest" storage="d:\modelrelief\modelrelief.test\bin\debug\netcoreapp2.0\modelrelief.test.dll" id="1235837f-f0a4-4f62-9632-4711cb2498b4"><Execution id="40e98784-ec64-4b80-bcba-5bcb396424d2" /><TestMethod codeBase="D:\ModelRelief\ModelRelief.test\bin\Debug\netcoreapp2.0\ModelRelief.Test.dll" adapterTypeName="executor://xunit/VsTestRunner2/netcoreapp" className="ModelRelief.Test.Integration.Meshes.MeshesBaseIntegrationTests" name="Patch_InvalidPropertyNameReturnsBadRequest" /></UnitTest><UnitTest name="Patch_ValidReferencePropertyUpdatesModel" storage="d:\modelrelief\modelrelief.test\bin\debug\netcoreapp2.0\modelrelief.test.dll" id="0ec3d019-3e2c-4f83-86a2-45655225c4c1"><Execution id="8f276343-cc80-4812-8be8-a1e6b73620e4" /><TestMethod codeBase="D:\ModelRelief\ModelRelief.test\bin\Debug\netcoreapp2.0\ModelRelief.Test.dll" adapterTypeName="executor://xunit/VsTestRunner2/netcoreapp" className="ModelRelief.Test.Integration.Cameras.CamerasBaseIntegrationTests" name="Patch_ValidReferencePropertyUpdatesModel" /></UnitTest><UnitTest name="GetSingle_ValidIdPropertyValueReturnsCorrectModel" storage="d:\modelrelief\modelrelief.test\bin\debug\netcoreapp2.0\modelrelief.test.dll" id="9316ad47-4b9a-4fb0-abbc-93964b3f7525"><Execution id="8586b608-9f56-4dc7-bb13-89c4422eebf1" /><TestMethod codeBase="D:\ModelRelief\ModelRelief.test\bin\Debug\netcoreapp2.0\ModelRelief.Test.dll" adapterTypeName="executor://xunit/VsTestRunner2/netcoreapp" className="ModelRelief.Test.Integration.DepthBuffers.DepthBuffersBaseIntegrationTests" name="GetSingle_ValidIdPropertyValueReturnsCorrectModel" /></UnitTest><UnitTest name="PostFile_NewFileCanBePosted" storage="d:\modelrelief\modelrelief.test\bin\debug\netcoreapp2.0\modelrelief.test.dll" id="a31196ee-b800-4b50-ac29-f7791eb71c0b"><Execution id="ea4678ec-8467-476e-8262-6eed0417c402" /><TestMethod codeBase="D:\ModelRelief\ModelRelief.test\bin\Debug\netcoreapp2.0\ModelRelief.Test.dll" adapterTypeName="executor://xunit/VsTestRunner2/netcoreapp" className="ModelRelief.Test.Integration.Models.ModelsFileIntegrationTests" name="PostFile_NewFileCanBePosted" /></UnitTest><UnitTest name="GetFile_ExistingFileReturnsSuccess" storage="d:\modelrelief\modelrelief.test\bin\debug\netcoreapp2.0\modelrelief.test.dll" id="8498f519-caca-4e66-befa-05d17326a995"><Execution id="6f1a3ada-f4eb-4223-bf83-00307ed20a98" /><TestMethod codeBase="D:\ModelRelief\ModelRelief.test\bin\Debug\netcoreapp2.0\ModelRelief.Test.dll" adapterTypeName="executor://xunit/VsTestRunner2/netcoreapp" className="ModelRelief.Test.Integration.DepthBuffers.DepthBuffersFileIntegrationTests" name="GetFile_ExistingFileReturnsSuccess" /></UnitTest><UnitTest name="Delete_TargetModelIsDeleted" storage="d:\modelrelief\modelrelief.test\bin\debug\netcoreapp2.0\modelrelief.test.dll" id="193d9467-f619-4fb7-8588-89c22f09d534"><Execution id="169bef87-ceb0-4953-b268-67f77c30b1e1" /><TestMethod codeBase="D:\ModelRelief\ModelRelief.test\bin\Debug\netcoreapp2.0\ModelRelief.Test.dll" adapterTypeName="executor://xunit/VsTestRunner2/netcoreapp" className="ModelRelief.Test.Integration.DepthBuffers.DepthBuffersBaseIntegrationTests" name="Delete_TargetModelIsDeleted" /></UnitTest><UnitTest name="Post_InvalidPropertyValueReturnsBadRequest" storage="d:\modelrelief\modelrelief.test\bin\debug\netcoreapp2.0\modelrelief.test.dll" id="f10e0304-dcb1-420a-9f2e-2b675c6857b6"><Execution id="049f4c4f-4b8e-40ba-b6ca-90231855697a" /><TestMethod codeBase="D:\ModelRelief\ModelRelief.test\bin\Debug\netcoreapp2.0\ModelRelief.Test.dll" adapterTypeName="executor://xunit/VsTestRunner2/netcoreapp" className="ModelRelief.Test.Integration.DepthBuffers.DepthBuffersBaseIntegrationTests" name="Post_InvalidPropertyValueReturnsBadRequest" /></UnitTest><UnitTest name="GetList_ListReturnsCorrectCount" storage="d:\modelrelief\modelrelief.test\bin\debug\netcoreapp2.0\modelrelief.test.dll" id="76ca7d18-7abe-41a5-993a-b684db79b536"><Execution id="92c04dee-087d-4439-a9fc-d756c515ee36" /><TestMethod codeBase="D:\ModelRelief\ModelRelief.test\bin\Debug\netcoreapp2.0\ModelRelief.Test.dll" adapterTypeName="executor://xunit/VsTestRunner2/netcoreapp" className="ModelRelief.Test.Integration.Projects.ProjectsBaseIntegrationTests" name="GetList_ListReturnsCorrectCount" /></UnitTest><UnitTest name="GetFile_ExistingFileReturnsSuccess" storage="d:\modelrelief\modelrelief.test\bin\debug\netcoreapp2.0\modelrelief.test.dll" id="05058ce9-4b07-45a0-99f8-1fdb932d8da0"><Execution id="573523f7-695a-4d39-bc80-93851ac0c47e" /><TestMethod codeBase="D:\ModelRelief\ModelRelief.test\bin\Debug\netcoreapp2.0\ModelRelief.Test.dll" adapterTypeName="executor://xunit/VsTestRunner2/netcoreapp" className="ModelRelief.Test.Integration.Models.ModelsFileIntegrationTests" name="GetFile_ExistingFileReturnsSuccess" /></UnitTest><UnitTest name="Delete_TargetModelIsDeleted" storage="d:\modelrelief\modelrelief.test\bin\debug\netcoreapp2.0\modelrelief.test.dll" id="938a0796-7d15-4f53-b684-df54e87c04d8"><Execution id="94e6ce90-1e66-4a24-bfff-4f1b9dbdf200" /><TestMethod codeBase="D:\ModelRelief\ModelRelief.test\bin\Debug\netcoreapp2.0\ModelRelief.Test.dll" adapterTypeName="executor://xunit/VsTestRunner2/netcoreapp" className="ModelRelief.Test.Integration.Models.ModelsBaseIntegrationTests" name="Delete_TargetModelIsDeleted" /></UnitTest><UnitTest name="Patch_MultipleInvalidReferencePropertiesReturnsMultipleValidationErrorsAndBadRequest" storage="d:\modelrelief\modelrelief.test\bin\debug\netcoreapp2.0\modelrelief.test.dll" id="e0518599-7899-445e-8ba9-8d6740beb921"><Execution id="00581cd3-4098-4fd4-a171-7ee97a0571f9" /><TestMethod codeBase="D:\ModelRelief\ModelRelief.test\bin\Debug\netcoreapp2.0\ModelRelief.Test.dll" adapterTypeName="executor://xunit/VsTestRunner2/netcoreapp" className="ModelRelief.Test.Integration.Projects.ProjectsBaseIntegrationTests" name="Patch_MultipleInvalidReferencePropertiesReturnsMultipleValidationErrorsAndBadRequest" /></UnitTest><UnitTest name="Post_CanCreateNewModel" storage="d:\modelrelief\modelrelief.test\bin\debug\netcoreapp2.0\modelrelief.test.dll" id="c825d2ce-25cc-4da8-b730-9c589933799a"><Execution id="9e76c705-6841-433a-98cd-0bcc53cd146c" /><TestMethod codeBase="D:\ModelRelief\ModelRelief.test\bin\Debug\netcoreapp2.0\ModelRelief.Test.dll" adapterTypeName="executor://xunit/VsTestRunner2/netcoreapp" className="ModelRelief.Test.Integration.MeshTransforms.MeshTransformsBaseIntegrationTests" name="Post_CanCreateNewModel" /></UnitTest><UnitTest name="Patch_InvalidEnumPropertyValueReturnsBadRequest" storage="d:\modelrelief\modelrelief.test\bin\debug\netcoreapp2.0\modelrelief.test.dll" id="2a0b4c44-79b6-4cb3-8ade-bc0847651eff"><Execution id="4f96638d-591d-4ab7-9206-b39ca6890822" /><TestMethod codeBase="D:\ModelRelief\ModelRelief.test\bin\Debug\netcoreapp2.0\ModelRelief.Test.dll" adapterTypeName="executor://xunit/VsTestRunner2/netcoreapp" className="ModelRelief.Test.Integration.MeshTransforms.MeshTransformsBaseIntegrationTests" name="Patch_InvalidEnumPropertyValueReturnsBadRequest" /></UnitTest><UnitTest name="LucyCameraFindsAllDependents" storage="d:\modelrelief\modelrelief.test\bin\debug\netcoreapp2.0\modelrelief.test.dll" id="6bf16e28-7eb3-44d3-8f53-e6c33983b000"><Execution id="ef4b3d0e-0d66-44a3-9647-504d774eb9f3" /><TestMethod codeBase="D:\ModelRelief\ModelRelief.test\bin\Debug\netcoreapp2.0\ModelRelief.Test.dll" adapterTypeName="executor://xunit/VsTestRunner2/netcoreapp" className="ModelRelief.Test.Unit.DependencyManager.DependencyManagerTests" name="LucyCameraFindsAllDependents" /></UnitTest><UnitTest name="Delete_TargetModelIsDeleted" storage="d:\modelrelief\modelrelief.test\bin\debug\netcoreapp2.0\modelrelief.test.dll" id="47704501-1c78-419f-8473-08fd55f82f05"><Execution id="5fa5c467-df2e-4934-acf1-0793917d6391" /><TestMethod codeBase="D:\ModelRelief\ModelRelief.test\bin\Debug\netcoreapp2.0\ModelRelief.Test.dll" adapterTypeName="executor://xunit/VsTestRunner2/netcoreapp" className="ModelRelief.Test.Integration.Cameras.CamerasBaseIntegrationTests" name="Delete_TargetModelIsDeleted" /></UnitTest><UnitTest name="Patch_TargetPropertyIsUpdated" storage="d:\modelrelief\modelrelief.test\bin\debug\netcoreapp2.0\modelrelief.test.dll" id="faca57c7-1b8f-423f-b85b-60a0aabd32d6"><Execution id="fc074d38-66af-424c-8748-b1acb30240bd" /><TestMethod codeBase="D:\ModelRelief\ModelRelief.test\bin\Debug\netcoreapp2.0\ModelRelief.Test.dll" adapterTypeName="executor://xunit/VsTestRunner2/netcoreapp" className="ModelRelief.Test.Integration.MeshTransforms.MeshTransformsBaseIntegrationTests" name="Patch_TargetPropertyIsUpdated" /></UnitTest><UnitTest name="Put_CanUpdateModel" storage="d:\modelrelief\modelrelief.test\bin\debug\netcoreapp2.0\modelrelief.test.dll" id="060929f5-ddd3-4c93-a700-e556f2fa83df"><Execution id="94e3793b-7714-4de5-b15d-22e2c12f29b9" /><TestMethod codeBase="D:\ModelRelief\ModelRelief.test\bin\Debug\netcoreapp2.0\ModelRelief.Test.dll" adapterTypeName="executor://xunit/VsTestRunner2/netcoreapp" className="ModelRelief.Test.Integration.MeshTransforms.MeshTransformsBaseIntegrationTests" name="Put_CanUpdateModel" /></UnitTest><UnitTest name="Patch_MultipleInvalidReferencePropertiesReturnsMultipleValidationErrorsAndBadRequest" storage="d:\modelrelief\modelrelief.test\bin\debug\netcoreapp2.0\modelrelief.test.dll" id="097af0cd-f2b4-4983-b120-723b5bec34bf"><Execution id="d5f67d4e-63fd-4519-a9f8-3846426a8b74" /><TestMethod codeBase="D:\ModelRelief\ModelRelief.test\bin\Debug\netcoreapp2.0\ModelRelief.Test.dll" adapterTypeName="executor://xunit/VsTestRunner2/netcoreapp" className="ModelRelief.Test.Integration.MeshTransforms.MeshTransformsBaseIntegrationTests" name="Patch_MultipleInvalidReferencePropertiesReturnsMultipleValidationErrorsAndBadRequest" /></UnitTest><UnitTest name="Post_ValidReferencePropertyCreatesModel" storage="d:\modelrelief\modelrelief.test\bin\debug\netcoreapp2.0\modelrelief.test.dll" id="e101cf2e-3eb5-45f0-b8dc-f3252319cebe"><Execution id="1271334e-ab4c-44a4-b0ec-a1036ec60c99" /><TestMethod codeBase="D:\ModelRelief\ModelRelief.test\bin\Debug\netcoreapp2.0\ModelRelief.Test.dll" adapterTypeName="executor://xunit/VsTestRunner2/netcoreapp" className="ModelRelief.Test.Integration.Meshes.MeshesBaseIntegrationTests" name="Post_ValidReferencePropertyCreatesModel" /></UnitTest><UnitTest name="Patch_MultipleInvalidReferencePropertiesReturnsMultipleValidationErrorsAndBadRequest" storage="d:\modelrelief\modelrelief.test\bin\debug\netcoreapp2.0\modelrelief.test.dll" id="c594a531-afb0-4bdd-b5ce-6a9c04f923ea"><Execution id="e60b9f80-0252-4667-beda-b21abbe83b9e" /><TestMethod codeBase="D:\ModelRelief\ModelRelief.test\bin\Debug\netcoreapp2.0\ModelRelief.Test.dll" adapterTypeName="executor://xunit/VsTestRunner2/netcoreapp" className="ModelRelief.Test.Integration.Meshes.MeshesBaseIntegrationTests" name="Patch_MultipleInvalidReferencePropertiesReturnsMultipleValidationErrorsAndBadRequest" /></UnitTest><UnitTest name="Post_InvalidReferencePropertyReturnsBadRequest" storage="d:\modelrelief\modelrelief.test\bin\debug\netcoreapp2.0\modelrelief.test.dll" id="f3a31f17-ab72-42b1-b38e-f40e54bfcf2a"><Execution id="61dca12e-2cea-4f8f-830b-37875d80abf6" /><TestMethod codeBase="D:\ModelRelief\ModelRelief.test\bin\Debug\netcoreapp2.0\ModelRelief.Test.dll" adapterTypeName="executor://xunit/VsTestRunner2/netcoreapp" className="ModelRelief.Test.Integration.Meshes.MeshesBaseIntegrationTests" name="Post_InvalidReferencePropertyReturnsBadRequest" /></UnitTest><UnitTest name="Patch_InvalidIdPropertyReturnsNotFound" storage="d:\modelrelief\modelrelief.test\bin\debug\netcoreapp2.0\modelrelief.test.dll" id="378d48c7-5b24-4fca-b491-9a7a0133a840"><Execution id="078676ab-87e6-4749-abb9-aa3cb4351042" /><TestMethod codeBase="D:\ModelRelief\ModelRelief.test\bin\Debug\netcoreapp2.0\ModelRelief.Test.dll" adapterTypeName="executor://xunit/VsTestRunner2/netcoreapp" className="ModelRelief.Test.Integration.Meshes.MeshesBaseIntegrationTests" name="Patch_InvalidIdPropertyReturnsNotFound" /></UnitTest><UnitTest name="Put_ValidReferencePropertyUpdatesModel" storage="d:\modelrelief\modelrelief.test\bin\debug\netcoreapp2.0\modelrelief.test.dll" id="20397d91-b76d-4e6a-9048-f13058bd71bb"><Execution id="9d6a0ecf-ed8a-4391-84d2-0675601102b7" /><TestMethod codeBase="D:\ModelRelief\ModelRelief.test\bin\Debug\netcoreapp2.0\ModelRelief.Test.dll" adapterTypeName="executor://xunit/VsTestRunner2/netcoreapp" className="ModelRelief.Test.Integration.MeshTransforms.MeshTransformsBaseIntegrationTests" name="Put_ValidReferencePropertyUpdatesModel" /></UnitTest><UnitTest name="Post_ValidReferencePropertyCreatesModel" storage="d:\modelrelief\modelrelief.test\bin\debug\netcoreapp2.0\modelrelief.test.dll" id="d259e1c2-f11f-49fa-956a-ac96ff596f97"><Execution id="063a958a-5f2c-4743-b7fb-da360f253758" /><TestMethod codeBase="D:\ModelRelief\ModelRelief.test\bin\Debug\netcoreapp2.0\ModelRelief.Test.dll" adapterTypeName="executor://xunit/VsTestRunner2/netcoreapp" className="ModelRelief.Test.Integration.Models.ModelsBaseIntegrationTests" name="Post_ValidReferencePropertyCreatesModel" /></UnitTest><UnitTest name="Patch_InvalidReferencePropertyReturnsBadRequest" storage="d:\modelrelief\modelrelief.test\bin\debug\netcoreapp2.0\modelrelief.test.dll" id="0e762b94-4a9e-4539-8359-6ee6f63456d4"><Execution id="b3b53524-cf5e-4e52-81d0-eb1cf06e43ce" /><TestMethod codeBase="D:\ModelRelief\ModelRelief.test\bin\Debug\netcoreapp2.0\ModelRelief.Test.dll" adapterTypeName="executor://xunit/VsTestRunner2/netcoreapp" className="ModelRelief.Test.Integration.DepthBuffers.DepthBuffersBaseIntegrationTests" name="Patch_InvalidReferencePropertyReturnsBadRequest" /></UnitTest><UnitTest name="Patch_InvalidPropertyNameReturnsBadRequest" storage="d:\modelrelief\modelrelief.test\bin\debug\netcoreapp2.0\modelrelief.test.dll" id="e6bead9d-1b55-458a-bf4b-5b8c20952f8d"><Execution id="310dc0d7-4619-4eac-996c-6fc88d0597f8" /><TestMethod codeBase="D:\ModelRelief\ModelRelief.test\bin\Debug\netcoreapp2.0\ModelRelief.Test.dll" adapterTypeName="executor://xunit/VsTestRunner2/netcoreapp" className="ModelRelief.Test.Integration.DepthBuffers.DepthBuffersBaseIntegrationTests" name="Patch_InvalidPropertyNameReturnsBadRequest" /></UnitTest><UnitTest name="GetSingle_InvalidIdPropertyValueReturnsNotFound" storage="d:\modelrelief\modelrelief.test\bin\debug\netcoreapp2.0\modelrelief.test.dll" id="f37c3000-2f0b-4f81-8463-8d4de5b57af9"><Execution id="e0ee5891-7578-4ef6-9728-12684b14d756" /><TestMethod codeBase="D:\ModelRelief\ModelRelief.test\bin\Debug\netcoreapp2.0\ModelRelief.Test.dll" adapterTypeName="executor://xunit/VsTestRunner2/netcoreapp" className="ModelRelief.Test.Integration.Models.ModelsBaseIntegrationTests" name="GetSingle_InvalidIdPropertyValueReturnsNotFound" /></UnitTest><UnitTest name="Post_CanCreateNewModel" storage="d:\modelrelief\modelrelief.test\bin\debug\netcoreapp2.0\modelrelief.test.dll" id="15bd809e-4891-4147-a874-636ba6de795f"><Execution id="ccfdb0a6-fb57-4c90-b835-412c9473a50c" /><TestMethod codeBase="D:\ModelRelief\ModelRelief.test\bin\Debug\netcoreapp2.0\ModelRelief.Test.dll" adapterTypeName="executor://xunit/VsTestRunner2/netcoreapp" className="ModelRelief.Test.Integration.Cameras.CamerasBaseIntegrationTests" name="Post_CanCreateNewModel" /></UnitTest><UnitTest name="FileRequest_MeshGenerateSetsFileIsSynchronized" storage="d:\modelrelief\modelrelief.test\bin\debug\netcoreapp2.0\modelrelief.test.dll" id="d9f97a5d-5f2d-4540-a34c-725e129cb2bf"><Execution id="74d7aa1b-4cab-499f-a45a-ed15659721d5" /><TestMethod codeBase="D:\ModelRelief\ModelRelief.test\bin\Debug\netcoreapp2.0\ModelRelief.Test.dll" adapterTypeName="executor://xunit/VsTestRunner2/netcoreapp" className="ModelRelief.Test.Integration.Meshes.MeshesFileIntegrationTests" name="FileRequest_MeshGenerateSetsFileIsSynchronized" /></UnitTest><UnitTest name="GetList_ListReturnsCorrectCount" storage="d:\modelrelief\modelrelief.test\bin\debug\netcoreapp2.0\modelrelief.test.dll" id="1927b9b7-3875-4bc4-ae16-0d22d706f456"><Execution id="2ee483ea-244e-4ddd-8e13-cb12d68a77e6" /><TestMethod codeBase="D:\ModelRelief\ModelRelief.test\bin\Debug\netcoreapp2.0\ModelRelief.Test.dll" adapterTypeName="executor://xunit/VsTestRunner2/netcoreapp" className="ModelRelief.Test.Integration.Models.ModelsBaseIntegrationTests" name="GetList_ListReturnsCorrectCount" /></UnitTest><UnitTest name="PutFile_NewFileCanBePut" storage="d:\modelrelief\modelrelief.test\bin\debug\netcoreapp2.0\modelrelief.test.dll" id="890f7574-7b30-4bc7-a7d9-334783da1a56"><Execution id="84e26160-ab15-47db-b710-4fe9826371e7" /><TestMethod codeBase="D:\ModelRelief\ModelRelief.test\bin\Debug\netcoreapp2.0\ModelRelief.Test.dll" adapterTypeName="executor://xunit/VsTestRunner2/netcoreapp" className="ModelRelief.Test.Integration.Models.ModelsFileIntegrationTests" name="PutFile_NewFileCanBePut" /></UnitTest><UnitTest name="Put_CanUpdateModel" storage="d:\modelrelief\modelrelief.test\bin\debug\netcoreapp2.0\modelrelief.test.dll" id="f0723a0c-b22d-4172-bf60-f7e84c7638c2"><Execution id="1d1896f2-c77b-48d5-bc5f-6fac7438d177" /><TestMethod codeBase="D:\ModelRelief\ModelRelief.test\bin\Debug\netcoreapp2.0\ModelRelief.Test.dll" adapterTypeName="executor://xunit/VsTestRunner2/netcoreapp" className="ModelRelief.Test.Integration.Meshes.MeshesBaseIntegrationTests" name="Put_CanUpdateModel" /></UnitTest><UnitTest name="Patch_InvalidPropertyNameReturnsBadRequest" storage="d:\modelrelief\modelrelief.test\bin\debug\netcoreapp2.0\modelrelief.test.dll" id="ab4cc5b0-8ea3-4fdf-b8be-acc803ff434b"><Execution id="53ed67b6-0ae7-430e-9537-b1b0439bd9d2" /><TestMethod codeBase="D:\ModelRelief\ModelRelief.test\bin\Debug\netcoreapp2.0\ModelRelief.Test.dll" adapterTypeName="executor://xunit/VsTestRunner2/netcoreapp" className="ModelRelief.Test.Integration.Models.ModelsBaseIntegrationTests" name="Patch_InvalidPropertyNameReturnsBadRequest" /></UnitTest><UnitTest name="Put_InvalidReferencePropertyReturndBadRequest" storage="d:\modelrelief\modelrelief.test\bin\debug\netcoreapp2.0\modelrelief.test.dll" id="df56af2f-f08c-47f8-827c-93ab25d165eb"><Execution id="c608adbb-f406-41f9-aefd-15826a3c7f71" /><TestMethod codeBase="D:\ModelRelief\ModelRelief.test\bin\Debug\netcoreapp2.0\ModelRelief.Test.dll" adapterTypeName="executor://xunit/VsTestRunner2/netcoreapp" className="ModelRelief.Test.Integration.Projects.ProjectsBaseIntegrationTests" name="Put_InvalidReferencePropertyReturndBadRequest" /></UnitTest><UnitTest name="Patch_InvalidEnumPropertyValueReturnsBadRequest" storage="d:\modelrelief\modelrelief.test\bin\debug\netcoreapp2.0\modelrelief.test.dll" id="78e90cd9-3ac0-4938-964d-d9bf0b3a4178"><Execution id="7d052dde-4448-4df2-8b6d-79f2945e9162" /><TestMethod codeBase="D:\ModelRelief\ModelRelief.test\bin\Debug\netcoreapp2.0\ModelRelief.Test.dll" adapterTypeName="executor://xunit/VsTestRunner2/netcoreapp" className="ModelRelief.Test.Integration.Meshes.MeshesBaseIntegrationTests" name="Patch_InvalidEnumPropertyValueReturnsBadRequest" /></UnitTest><UnitTest name="Post_InvalidReferencePropertyReturnsBadRequest" storage="d:\modelrelief\modelrelief.test\bin\debug\netcoreapp2.0\modelrelief.test.dll" id="0edec546-7ccb-497f-a5a7-8f52e505c667"><Execution id="4eb46534-14f5-4b15-b423-7a67619c17dd" /><TestMethod codeBase="D:\ModelRelief\ModelRelief.test\bin\Debug\netcoreapp2.0\ModelRelief.Test.dll" adapterTypeName="executor://xunit/VsTestRunner2/netcoreapp" className="ModelRelief.Test.Integration.DepthBuffers.DepthBuffersBaseIntegrationTests" name="Post_InvalidReferencePropertyReturnsBadRequest" /></UnitTest><UnitTest name="FileRequest_FileCanBeReadAfterRename" storage="d:\modelrelief\modelrelief.test\bin\debug\netcoreapp2.0\modelrelief.test.dll" id="1fa07269-9695-4066-842f-4eb78e279639"><Execution id="b764f691-4ba8-4720-a54c-db1f0e517c6e" /><TestMethod codeBase="D:\ModelRelief\ModelRelief.test\bin\Debug\netcoreapp2.0\ModelRelief.Test.dll" adapterTypeName="executor://xunit/VsTestRunner2/netcoreapp" className="ModelRelief.Test.Integration.DepthBuffers.DepthBuffersFileIntegrationTests" name="FileRequest_FileCanBeReadAfterRename" /></UnitTest><UnitTest name="FileRequest_MeshIsInvalidatedAfterDepthBufferFileBecomesUnsynchronized" storage="d:\modelrelief\modelrelief.test\bin\debug\netcoreapp2.0\modelrelief.test.dll" id="f310da57-c679-4147-a0d1-478712b56ead"><Execution id="8ea0466b-d1a0-4c06-9306-a17ebc5e2630" /><TestMethod codeBase="D:\ModelRelief\ModelRelief.test\bin\Debug\netcoreapp2.0\ModelRelief.Test.dll" adapterTypeName="executor://xunit/VsTestRunner2/netcoreapp" className="ModelRelief.Test.Integration.Meshes.MeshesFileIntegrationTests" name="FileRequest_MeshIsInvalidatedAfterDepthBufferFileBecomesUnsynchronized" /></UnitTest><UnitTest name="GetList_ListReturnsCorrectCount" storage="d:\modelrelief\modelrelief.test\bin\debug\netcoreapp2.0\modelrelief.test.dll" id="0cf896a5-bdd1-48ae-9dc3-c84b3136bfc1"><Execution id="1be8b0d8-f5f1-4ec6-8270-89c691fc35bb" /><TestMethod codeBase="D:\ModelRelief\ModelRelief.test\bin\Debug\netcoreapp2.0\ModelRelief.Test.dll" adapterTypeName="executor://xunit/VsTestRunner2/netcoreapp" className="ModelRelief.Test.Integration.DepthBuffers.DepthBuffersBaseIntegrationTests" name="GetList_ListReturnsCorrectCount" /></UnitTest><UnitTest name="Post_InvalidPropertyValueReturnsBadRequest" storage="d:\modelrelief\modelrelief.test\bin\debug\netcoreapp2.0\modelrelief.test.dll" id="49d79a8c-b0aa-40fd-9bf8-974943547897"><Execution id="958ba424-9f5c-44f1-a515-c11ce84dc11e" /><TestMethod codeBase="D:\ModelRelief\ModelRelief.test\bin\Debug\netcoreapp2.0\ModelRelief.Test.dll" adapterTypeName="executor://xunit/VsTestRunner2/netcoreapp" className="ModelRelief.Test.Integration.MeshTransforms.MeshTransformsBaseIntegrationTests" name="Post_InvalidPropertyValueReturnsBadRequest" /></UnitTest><UnitTest name="GetSingle_InvalidIdPropertyValueReturnsNotFound" storage="d:\modelrelief\modelrelief.test\bin\debug\netcoreapp2.0\modelrelief.test.dll" id="a081b661-f42d-4234-9cc3-5b139bc0ccfa"><Execution id="4b05c806-abdd-4b15-b3c9-a0a12ed4f7bd" /><TestMethod codeBase="D:\ModelRelief\ModelRelief.test\bin\Debug\netcoreapp2.0\ModelRelief.Test.dll" adapterTypeName="executor://xunit/VsTestRunner2/netcoreapp" className="ModelRelief.Test.Integration.Cameras.CamerasBaseIntegrationTests" name="GetSingle_InvalidIdPropertyValueReturnsNotFound" /></UnitTest><UnitTest name="Patch_InvalidReferencePropertyReturnsBadRequest" storage="d:\modelrelief\modelrelief.test\bin\debug\netcoreapp2.0\modelrelief.test.dll" id="fa9b33de-065b-4580-8da0-cee322e91af8"><Execution id="73e7f616-577a-4951-a288-8bd53933b8ea" /><TestMethod codeBase="D:\ModelRelief\ModelRelief.test\bin\Debug\netcoreapp2.0\ModelRelief.Test.dll" adapterTypeName="executor://xunit/VsTestRunner2/netcoreapp" className="ModelRelief.Test.Integration.Projects.ProjectsBaseIntegrationTests" name="Patch_InvalidReferencePropertyReturnsBadRequest" /></UnitTest><UnitTest name="Patch_InvalidReferencePropertyReturnsBadRequest" storage="d:\modelrelief\modelrelief.test\bin\debug\netcoreapp2.0\modelrelief.test.dll" id="b1c3877a-3e54-4530-980f-1c2c139109cd"><Execution id="1f43868d-3ad1-4063-80bb-de70b6e88bf5" /><TestMethod codeBase="D:\ModelRelief\ModelRelief.test\bin\Debug\netcoreapp2.0\ModelRelief.Test.dll" adapterTypeName="executor://xunit/VsTestRunner2/netcoreapp" className="ModelRelief.Test.Integration.Meshes.MeshesBaseIntegrationTests" name="Patch_InvalidReferencePropertyReturnsBadRequest" /></UnitTest><UnitTest name="FileRequest_DepthBufferIsInvalidatedAfterCameraDependencyPropertyChange" storage="d:\modelrelief\modelrelief.test\bin\debug\netcoreapp2.0\modelrelief.test.dll" id="a1a6eac9-b2b6-4aa8-a476-05a569b0a18c"><Execution id="10f0d061-fb0f-4fa1-ae70-ee62299a8880" /><TestMethod codeBase="D:\ModelRelief\ModelRelief.test\bin\Debug\netcoreapp2.0\ModelRelief.Test.dll" adapterTypeName="executor://xunit/VsTestRunner2/netcoreapp" className="ModelRelief.Test.Integration.DepthBuffers.DepthBuffersFileIntegrationTests" name="FileRequest_DepthBufferIsInvalidatedAfterCameraDependencyPropertyChange" /></UnitTest><UnitTest name="Patch_MultipleInvalidReferencePropertiesReturnsMultipleValidationErrorsAndBadRequest" storage="d:\modelrelief\modelrelief.test\bin\debug\netcoreapp2.0\modelrelief.test.dll" id="f5f674db-6059-443e-a2ea-fad33ef70d62"><Execution id="fc60e0f7-cc96-4ee4-8e02-dfcfea68fbfd" /><TestMethod codeBase="D:\ModelRelief\ModelRelief.test\bin\Debug\netcoreapp2.0\ModelRelief.Test.dll" adapterTypeName="executor://xunit/VsTestRunner2/netcoreapp" className="ModelRelief.Test.Integration.DepthBuffers.DepthBuffersBaseIntegrationTests" name="Patch_MultipleInvalidReferencePropertiesReturnsMultipleValidationErrorsAndBadRequest" /></UnitTest><UnitTest name="Put_InvalidReferencePropertyReturndBadRequest" storage="d:\modelrelief\modelrelief.test\bin\debug\netcoreapp2.0\modelrelief.test.dll" id="62a0c08d-91dd-42b0-8733-6077e7e9b7f5"><Execution id="8ebd20f8-a254-4267-b8fd-c5e5e691c1e9" /><TestMethod codeBase="D:\ModelRelief\ModelRelief.test\bin\Debug\netcoreapp2.0\ModelRelief.Test.dll" adapterTypeName="executor://xunit/VsTestRunner2/netcoreapp" className="ModelRelief.Test.Integration.Meshes.MeshesBaseIntegrationTests" name="Put_InvalidReferencePropertyReturndBadRequest" /></UnitTest><UnitTest name="Post_InvalidPropertyValueReturnsBadRequest" storage="d:\modelrelief\modelrelief.test\bin\debug\netcoreapp2.0\modelrelief.test.dll" id="a22abdb3-f163-4da2-93dc-81afe5de9f69"><Execution id="86db925e-7e3b-435d-8042-12a21578c6eb" /><TestMethod codeBase="D:\ModelRelief\ModelRelief.test\bin\Debug\netcoreapp2.0\ModelRelief.Test.dll" adapterTypeName="executor://xunit/VsTestRunner2/netcoreapp" className="ModelRelief.Test.Integration.Cameras.CamerasBaseIntegrationTests" name="Post_InvalidPropertyValueReturnsBadRequest" /></UnitTest><UnitTest name="DepthBufferHasExpectedDependentFiles" storage="d:\modelrelief\modelrelief.test\bin\debug\netcoreapp2.0\modelrelief.test.dll" id="b09b1d9a-ffdb-4d35-9a2d-dd3d5edcff88"><Execution id="1fd3169d-0a0c-4be4-acc6-00c4540e48eb" /><TestMethod codeBase="D:\ModelRelief\ModelRelief.test\bin\Debug\netcoreapp2.0\ModelRelief.Test.dll" adapterTypeName="executor://xunit/VsTestRunner2/netcoreapp" className="ModelRelief.Test.Unit.DependencyManager.DependencyManagerTests" name="DepthBufferHasExpectedDependentFiles" /></UnitTest><UnitTest name="Model3dHasExpectedDependentFiles" storage="d:\modelrelief\modelrelief.test\bin\debug\netcoreapp2.0\modelrelief.test.dll" id="0afced85-d05e-4911-a245-6f39563c5523"><Execution id="6273c80d-de94-4623-bbbf-fae6a43f509b" /><TestMethod codeBase="D:\ModelRelief\ModelRelief.test\bin\Debug\netcoreapp2.0\ModelRelief.Test.dll" adapterTypeName="executor://xunit/VsTestRunner2/netcoreapp" className="ModelRelief.Test.Unit.DependencyManager.DependencyManagerTests" name="Model3dHasExpectedDependentFiles" /></UnitTest><UnitTest name="PostFile_FileTimeStampIsUpdatedAfterFileIsPosted" storage="d:\modelrelief\modelrelief.test\bin\debug\netcoreapp2.0\modelrelief.test.dll" id="88321fc2-fa6c-44ce-9174-af1a5f0c156c"><Execution id="d0aa043e-a3b7-43bf-ae26-2385c5d719b7" /><TestMethod codeBase="D:\ModelRelief\ModelRelief.test\bin\Debug\netcoreapp2.0\ModelRelief.Test.dll" adapterTypeName="executor://xunit/VsTestRunner2/netcoreapp" className="ModelRelief.Test.Integration.DepthBuffers.DepthBuffersFileIntegrationTests" name="PostFile_FileTimeStampIsUpdatedAfterFileIsPosted" /></UnitTest><UnitTest name="Post_ValidReferencePropertyCreatesModel" storage="d:\modelrelief\modelrelief.test\bin\debug\netcoreapp2.0\modelrelief.test.dll" id="05554eab-ae97-4973-9113-f71252ad35a1"><Execution id="f57607ef-d8ea-4b48-97fe-63c0a1104066" /><TestMethod codeBase="D:\ModelRelief\ModelRelief.test\bin\Debug\netcoreapp2.0\ModelRelief.Test.dll" adapterTypeName="executor://xunit/VsTestRunner2/netcoreapp" className="ModelRelief.Test.Integration.DepthBuffers.DepthBuffersBaseIntegrationTests" name="Post_ValidReferencePropertyCreatesModel" /></UnitTest><UnitTest name="Put_InvalidReferencePropertyReturndBadRequest" storage="d:\modelrelief\modelrelief.test\bin\debug\netcoreapp2.0\modelrelief.test.dll" id="2e3548c8-b245-431d-81ea-627e14fbb3bd"><Execution id="19a68d91-5f00-4274-ae46-7e5ade98ced7" /><TestMethod codeBase="D:\ModelRelief\ModelRelief.test\bin\Debug\netcoreapp2.0\ModelRelief.Test.dll" adapterTypeName="executor://xunit/VsTestRunner2/netcoreapp" className="ModelRelief.Test.Integration.Models.ModelsBaseIntegrationTests" name="Put_InvalidReferencePropertyReturndBadRequest" /></UnitTest><UnitTest name="Patch_ValidReferencePropertyUpdatesModel" storage="d:\modelrelief\modelrelief.test\bin\debug\netcoreapp2.0\modelrelief.test.dll" id="874510e9-7b0b-41e8-b025-1881bff3e531"><Execution id="8ded48a1-b95c-481f-80f5-d1b7489dcfb1" /><TestMethod codeBase="D:\ModelRelief\ModelRelief.test\bin\Debug\netcoreapp2.0\ModelRelief.Test.dll" adapterTypeName="executor://xunit/VsTestRunner2/netcoreapp" className="ModelRelief.Test.Integration.Projects.ProjectsBaseIntegrationTests" name="Patch_ValidReferencePropertyUpdatesModel" /></UnitTest><UnitTest name="Put_InvalidIdReturnsNotFound" storage="d:\modelrelief\modelrelief.test\bin\debug\netcoreapp2.0\modelrelief.test.dll" id="32fccb11-cbea-442e-b215-9f0f92eaa736"><Execution id="22cbb34f-91b4-4419-a03e-d011fa7cfc52" /><TestMethod codeBase="D:\ModelRelief\ModelRelief.test\bin\Debug\netcoreapp2.0\ModelRelief.Test.dll" adapterTypeName="executor://xunit/VsTestRunner2/netcoreapp" className="ModelRelief.Test.Integration.MeshTransforms.MeshTransformsBaseIntegrationTests" name="Put_InvalidIdReturnsNotFound" /></UnitTest><UnitTest name="Put_InvalidIdReturnsNotFound" storage="d:\modelrelief\modelrelief.test\bin\debug\netcoreapp2.0\modelrelief.test.dll" id="34252330-a54e-46b4-b7cd-9d4b763e212d"><Execution id="8f27f3e3-a78f-4543-93f3-e6da6e57f4fc" /><TestMethod codeBase="D:\ModelRelief\ModelRelief.test\bin\Debug\netcoreapp2.0\ModelRelief.Test.dll" adapterTypeName="executor://xunit/VsTestRunner2/netcoreapp" className="ModelRelief.Test.Integration.Projects.ProjectsBaseIntegrationTests" name="Put_InvalidIdReturnsNotFound" /></UnitTest><UnitTest name="Post_InvalidPropertyValueReturnsBadRequest" storage="d:\modelrelief\modelrelief.test\bin\debug\netcoreapp2.0\modelrelief.test.dll" id="72ab4b93-8eee-467f-9ab9-8e0cc29a3e2d"><Execution id="612340b4-95b6-4d41-93a7-a94198569e48" /><TestMethod codeBase="D:\ModelRelief\ModelRelief.test\bin\Debug\netcoreapp2.0\ModelRelief.Test.dll" adapterTypeName="executor://xunit/VsTestRunner2/netcoreapp" className="ModelRelief.Test.Integration.Meshes.MeshesBaseIntegrationTests" name="Post_InvalidPropertyValueReturnsBadRequest" /></UnitTest><UnitTest name="GetSingle_InvalidIdPropertyValueReturnsNotFound" storage="d:\modelrelief\modelrelief.test\bin\debug\netcoreapp2.0\modelrelief.test.dll" id="f0bc7bc7-089f-4560-985e-26d7fb273d6a"><Execution id="2d92c473-bb2d-4a0d-9007-69ce30c75e3d" /><TestMethod codeBase="D:\ModelRelief\ModelRelief.test\bin\Debug\netcoreapp2.0\ModelRelief.Test.dll" adapterTypeName="executor://xunit/VsTestRunner2/netcoreapp" className="ModelRelief.Test.Integration.Projects.ProjectsBaseIntegrationTests" name="GetSingle_InvalidIdPropertyValueReturnsNotFound" /></UnitTest><UnitTest name="GetList_ListReturnsCorrectCount" storage="d:\modelrelief\modelrelief.test\bin\debug\netcoreapp2.0\modelrelief.test.dll" id="1dd9a331-e0af-4d10-8d79-2134a8adb35b"><Execution id="d9469c6e-6a27-4062-9d69-cb945e113e13" /><TestMethod codeBase="D:\ModelRelief\ModelRelief.test\bin\Debug\netcoreapp2.0\ModelRelief.Test.dll" adapterTypeName="executor://xunit/VsTestRunner2/netcoreapp" className="ModelRelief.Test.Integration.Meshes.MeshesBaseIntegrationTests" name="GetList_ListReturnsCorrectCount" /></UnitTest><UnitTest name="Patch_InvalidReferencePropertyReturnsBadRequest" storage="d:\modelrelief\modelrelief.test\bin\debug\netcoreapp2.0\modelrelief.test.dll" id="98bec1bf-10a0-477c-8efa-1bdc79e6e356"><Execution id="f70aa347-5432-49d6-9756-13891f4c3a33" /><TestMethod codeBase="D:\ModelRelief\ModelRelief.test\bin\Debug\netcoreapp2.0\ModelRelief.Test.dll" adapterTypeName="executor://xunit/VsTestRunner2/netcoreapp" className="ModelRelief.Test.Integration.MeshTransforms.MeshTransformsBaseIntegrationTests" name="Patch_InvalidReferencePropertyReturnsBadRequest" /></UnitTest><UnitTest name="Put_ValidReferencePropertyUpdatesModel" storage="d:\modelrelief\modelrelief.test\bin\debug\netcoreapp2.0\modelrelief.test.dll" id="bec8e007-890f-4584-9a77-f075553b579d"><Execution id="aa43f44d-d455-435d-8493-91c21191c64d" /><TestMethod codeBase="D:\ModelRelief\ModelRelief.test\bin\Debug\netcoreapp2.0\ModelRelief.Test.dll" adapterTypeName="executor://xunit/VsTestRunner2/netcoreapp" className="ModelRelief.Test.Integration.Models.ModelsBaseIntegrationTests" name="Put_ValidReferencePropertyUpdatesModel" /></UnitTest><UnitTest name="Put_CanUpdateModel" storage="d:\modelrelief\modelrelief.test\bin\debug\netcoreapp2.0\modelrelief.test.dll" id="052fec8e-023e-4c3c-8f62-3a6824ef8812"><Execution id="73799742-5553-423b-8f29-f9453fc4dec7" /><TestMethod codeBase="D:\ModelRelief\ModelRelief.test\bin\Debug\netcoreapp2.0\ModelRelief.Test.dll" adapterTypeName="executor://xunit/VsTestRunner2/netcoreapp" className="ModelRelief.Test.Integration.DepthBuffers.DepthBuffersBaseIntegrationTests" name="Put_CanUpdateModel" /></UnitTest><UnitTest name="FileRequest_FileCanBeReadAfterRename" storage="d:\modelrelief\modelrelief.test\bin\debug\netcoreapp2.0\modelrelief.test.dll" id="b3b3a91a-3deb-46bc-a741-8ac21bbeebd5"><Execution id="377de166-454c-4f6b-81a9-8e0f61c9d6e2" /><TestMethod codeBase="D:\ModelRelief\ModelRelief.test\bin\Debug\netcoreapp2.0\ModelRelief.Test.dll" adapterTypeName="executor://xunit/VsTestRunner2/netcoreapp" className="ModelRelief.Test.Integration.Meshes.MeshesFileIntegrationTests" name="FileRequest_FileCanBeReadAfterRename" /></UnitTest><UnitTest name="Put_InvalidReferencePropertyReturndBadRequest" storage="d:\modelrelief\modelrelief.test\bin\debug\netcoreapp2.0\modelrelief.test.dll" id="bea8e3cb-c3c5-438e-85a0-4ee8e846583b"><Execution id="54015630-8090-435f-84a3-8f9ebbd3fc69" /><TestMethod codeBase="D:\ModelRelief\ModelRelief.test\bin\Debug\netcoreapp2.0\ModelRelief.Test.dll" adapterTypeName="executor://xunit/VsTestRunner2/netcoreapp" className="ModelRelief.Test.Integration.MeshTransforms.MeshTransformsBaseIntegrationTests" name="Put_InvalidReferencePropertyReturndBadRequest" /></UnitTest><UnitTest name="Patch_InvalidEnumPropertyValueReturnsBadRequest" storage="d:\modelrelief\modelrelief.test\bin\debug\netcoreapp2.0\modelrelief.test.dll" id="68d52b65-bc4c-4e73-887c-d3ed4f3d9bf2"><Execution id="ee0109c7-96f2-421e-90db-653c9dd799ba" /><TestMethod codeBase="D:\ModelRelief\ModelRelief.test\bin\Debug\netcoreapp2.0\ModelRelief.Test.dll" adapterTypeName="executor://xunit/VsTestRunner2/netcoreapp" className="ModelRelief.Test.Integration.Cameras.CamerasBaseIntegrationTests" name="Patch_InvalidEnumPropertyValueReturnsBadRequest" /></UnitTest><UnitTest name="MeshTransformHasExpectedDependentFiles" storage="d:\modelrelief\modelrelief.test\bin\debug\netcoreapp2.0\modelrelief.test.dll" id="05aa58e0-c2fc-4a46-87aa-0b1d869ce1d9"><Execution id="518fe4e7-f954-4d8d-9532-8b77fbb27f04" /><TestMethod codeBase="D:\ModelRelief\ModelRelief.test\bin\Debug\netcoreapp2.0\ModelRelief.Test.dll" adapterTypeName="executor://xunit/VsTestRunner2/netcoreapp" className="ModelRelief.Test.Unit.DependencyManager.DependencyManagerTests" name="MeshTransformHasExpectedDependentFiles" /></UnitTest><UnitTest name="Put_ValidReferencePropertyUpdatesModel" storage="d:\modelrelief\modelrelief.test\bin\debug\netcoreapp2.0\modelrelief.test.dll" id="2df39914-7ac5-418f-acfe-70006d8edd80"><Execution id="f998b54a-8f89-414e-a064-dbef0ddd6037" /><TestMethod codeBase="D:\ModelRelief\ModelRelief.test\bin\Debug\netcoreapp2.0\ModelRelief.Test.dll" adapterTypeName="executor://xunit/VsTestRunner2/netcoreapp" className="ModelRelief.Test.Integration.DepthBuffers.DepthBuffersBaseIntegrationTests" name="Put_ValidReferencePropertyUpdatesModel" /></UnitTest><UnitTest name="Patch_InvalidEnumPropertyValueReturnsBadRequest" storage="d:\modelrelief\modelrelief.test\bin\debug\netcoreapp2.0\modelrelief.test.dll" id="ba1584f9-ee3e-4fd5-b818-d11a622992e6"><Execution id="f7cc9324-2a40-4e87-aa2c-9cfcee1f99d1" /><TestMethod codeBase="D:\ModelRelief\ModelRelief.test\bin\Debug\netcoreapp2.0\ModelRelief.Test.dll" adapterTypeName="executor://xunit/VsTestRunner2/netcoreapp" className="ModelRelief.Test.Integration.DepthBuffers.DepthBuffersBaseIntegrationTests" name="Patch_InvalidEnumPropertyValueReturnsBadRequest" /></UnitTest><UnitTest name="Patch_InvalidReferencePropertyReturnsBadRequest" storage="d:\modelrelief\modelrelief.test\bin\debug\netcoreapp2.0\modelrelief.test.dll" id="4d3dc78e-5b1b-48b2-a381-98fd9ec5ea85"><Execution id="f5b766e2-4fa7-4409-83e8-b42877902066" /><TestMethod codeBase="D:\ModelRelief\ModelRelief.test\bin\Debug\netcoreapp2.0\ModelRelief.Test.dll" adapterTypeName="executor://xunit/VsTestRunner2/netcoreapp" className="ModelRelief.Test.Integration.Cameras.CamerasBaseIntegrationTests" name="Patch_InvalidReferencePropertyReturnsBadRequest" /></UnitTest><UnitTest name="PostFile_FileIsSynchronizedIsUpdatedAfterFileIsPosted" storage="d:\modelrelief\modelrelief.test\bin\debug\netcoreapp2.0\modelrelief.test.dll" id="0b8136ef-2672-45bd-95ec-3e722e7d5522"><Execution id="af2a7b9e-de11-4870-86e2-442db7cb3bff" /><TestMethod codeBase="D:\ModelRelief\ModelRelief.test\bin\Debug\netcoreapp2.0\ModelRelief.Test.dll" adapterTypeName="executor://xunit/VsTestRunner2/netcoreapp" className="ModelRelief.Test.Integration.Meshes.MeshesFileIntegrationTests" name="PostFile_FileIsSynchronizedIsUpdatedAfterFileIsPosted" /></UnitTest><UnitTest name="Put_InvalidIdReturnsNotFound" storage="d:\modelrelief\modelrelief.test\bin\debug\netcoreapp2.0\modelrelief.test.dll" id="6100f5bc-e115-4cc1-9a80-2f7b386ee07b"><Execution id="4ef97340-de5a-4f00-b0dd-c2d7b79d5277" /><TestMethod codeBase="D:\ModelRelief\ModelRelief.test\bin\Debug\netcoreapp2.0\ModelRelief.Test.dll" adapterTypeName="executor://xunit/VsTestRunner2/netcoreapp" className="ModelRelief.Test.Integration.DepthBuffers.DepthBuffersBaseIntegrationTests" name="Put_InvalidIdReturnsNotFound" /></UnitTest><UnitTest name="GetSingle_ValidIdPropertyValueReturnsCorrectModel" storage="d:\modelrelief\modelrelief.test\bin\debug\netcoreapp2.0\modelrelief.test.dll" id="5e0ff923-736e-47a1-80c6-22e531e2fb43"><Execution id="3fa97a64-6f73-4c16-a4d8-6f55b1907d1b" /><TestMethod codeBase="D:\ModelRelief\ModelRelief.test\bin\Debug\netcoreapp2.0\ModelRelief.Test.dll" adapterTypeName="executor://xunit/VsTestRunner2/netcoreapp" className="ModelRelief.Test.Integration.MeshTransforms.MeshTransformsBaseIntegrationTests" name="GetSingle_ValidIdPropertyValueReturnsCorrectModel" /></UnitTest><UnitTest name="Patch_TargetPropertyIsUpdated" storage="d:\modelrelief\modelrelief.test\bin\debug\netcoreapp2.0\modelrelief.test.dll" id="ae2a6cbf-25bb-49d4-9872-aac861c0313d"><Execution id="1b4ddc68-90b5-41c2-a700-edd8f533d1c6" /><TestMethod codeBase="D:\ModelRelief\ModelRelief.test\bin\Debug\netcoreapp2.0\ModelRelief.Test.dll" adapterTypeName="executor://xunit/VsTestRunner2/netcoreapp" className="ModelRelief.Test.Integration.Meshes.MeshesBaseIntegrationTests" name="Patch_TargetPropertyIsUpdated" /></UnitTest><UnitTest name="GetList_ListReturnsCorrectCount" storage="d:\modelrelief\modelrelief.test\bin\debug\netcoreapp2.0\modelrelief.test.dll" id="1294b379-f232-45fa-b428-0e71f1d4d9b7"><Execution id="715975d6-30ba-498b-9352-9ef72a83f7fd" /><TestMethod codeBase="D:\ModelRelief\ModelRelief.test\bin\Debug\netcoreapp2.0\ModelRelief.Test.dll" adapterTypeName="executor://xunit/VsTestRunner2/netcoreapp" className="ModelRelief.Test.Integration.Cameras.CamerasBaseIntegrationTests" name="GetList_ListReturnsCorrectCount" /></UnitTest><UnitTest name="PostFile_NewFileCanBePosted" storage="d:\modelrelief\modelrelief.test\bin\debug\netcoreapp2.0\modelrelief.test.dll" id="79be1168-156a-4152-8ca6-d5aee0d79103"><Execution id="3b210cea-96af-4d75-a3f0-07ca4607498c" /><TestMethod codeBase="D:\ModelRelief\ModelRelief.test\bin\Debug\netcoreapp2.0\ModelRelief.Test.dll" adapterTypeName="executor://xunit/VsTestRunner2/netcoreapp" className="ModelRelief.Test.Integration.DepthBuffers.DepthBuffersFileIntegrationTests" name="PostFile_NewFileCanBePosted" /></UnitTest><UnitTest name="GetFile_NonExistentFileReturnsNotFound" storage="d:\modelrelief\modelrelief.test\bin\debug\netcoreapp2.0\modelrelief.test.dll" id="885822a1-2d42-4af6-b6d8-c1e39110e191"><Execution id="38635f9e-4840-489d-bd42-b434a3672f2c" /><TestMethod codeBase="D:\ModelRelief\ModelRelief.test\bin\Debug\netcoreapp2.0\ModelRelief.Test.dll" adapterTypeName="executor://xunit/VsTestRunner2/netcoreapp" className="ModelRelief.Test.Integration.Meshes.MeshesFileIntegrationTests" name="GetFile_NonExistentFileReturnsNotFound" /></UnitTest><UnitTest name="Patch_ValidReferencePropertyUpdatesModel" storage="d:\modelrelief\modelrelief.test\bin\debug\netcoreapp2.0\modelrelief.test.dll" id="32a37a97-63ce-4db9-a8d4-7758c9debc83"><Execution id="97ca17f7-4ee8-4134-9710-293108d638c3" /><TestMethod codeBase="D:\ModelRelief\ModelRelief.test\bin\Debug\netcoreapp2.0\ModelRelief.Test.dll" adapterTypeName="executor://xunit/VsTestRunner2/netcoreapp" className="ModelRelief.Test.Integration.DepthBuffers.DepthBuffersBaseIntegrationTests" name="Patch_ValidReferencePropertyUpdatesModel" /></UnitTest><UnitTest name="Patch_ValidReferencePropertyUpdatesModel" storage="d:\modelrelief\modelrelief.test\bin\debug\netcoreapp2.0\modelrelief.test.dll" id="b1b733a6-eaee-4ae7-a67d-084766fe36df"><Execution id="fed9908b-178a-4be2-9a46-fe9fe4e8c06f" /><TestMethod codeBase="D:\ModelRelief\ModelRelief.test\bin\Debug\netcoreapp2.0\ModelRelief.Test.dll" adapterTypeName="executor://xunit/VsTestRunner2/netcoreapp" className="ModelRelief.Test.Integration.Meshes.MeshesBaseIntegrationTests" name="Patch_ValidReferencePropertyUpdatesModel" /></UnitTest><UnitTest name="Put_InvalidIdReturnsNotFound" storage="d:\modelrelief\modelrelief.test\bin\debug\netcoreapp2.0\modelrelief.test.dll" id="e90cd2f3-848b-46ea-8f43-a940893c60f5"><Execution id="393f3377-3eee-4305-8caa-f8971721a389" /><TestMethod codeBase="D:\ModelRelief\ModelRelief.test\bin\Debug\netcoreapp2.0\ModelRelief.Test.dll" adapterTypeName="executor://xunit/VsTestRunner2/netcoreapp" className="ModelRelief.Test.Integration.Cameras.CamerasBaseIntegrationTests" name="Put_InvalidIdReturnsNotFound" /></UnitTest><UnitTest name="Put_ValidReferencePropertyUpdatesModel" storage="d:\modelrelief\modelrelief.test\bin\debug\netcoreapp2.0\modelrelief.test.dll" id="cae4813d-4aa4-4694-9dab-804c43254ee4"><Execution id="ad6dc981-7e4f-40ec-bbad-b74dd2226c3a" /><TestMethod codeBase="D:\ModelRelief\ModelRelief.test\bin\Debug\netcoreapp2.0\ModelRelief.Test.dll" adapterTypeName="executor://xunit/VsTestRunner2/netcoreapp" className="ModelRelief.Test.Integration.Projects.ProjectsBaseIntegrationTests" name="Put_ValidReferencePropertyUpdatesModel" /></UnitTest><UnitTest name="Patch_InvalidIdPropertyReturnsNotFound" storage="d:\modelrelief\modelrelief.test\bin\debug\netcoreapp2.0\modelrelief.test.dll" id="d942d211-8e5b-4fd0-80ee-536a67945344"><Execution id="c31e74f3-a6a1-448b-8d05-742a286acd4c" /><TestMethod codeBase="D:\ModelRelief\ModelRelief.test\bin\Debug\netcoreapp2.0\ModelRelief.Test.dll" adapterTypeName="executor://xunit/VsTestRunner2/netcoreapp" className="ModelRelief.Test.Integration.DepthBuffers.DepthBuffersBaseIntegrationTests" name="Patch_InvalidIdPropertyReturnsNotFound" /></UnitTest><UnitTest name="Patch_ValidReferencePropertyUpdatesModel" storage="d:\modelrelief\modelrelief.test\bin\debug\netcoreapp2.0\modelrelief.test.dll" id="e7c42c51-879b-4a98-a782-7fa28b39c9be"><Execution id="ac6618e8-a4dd-405a-9757-3db4a79196a7" /><TestMethod codeBase="D:\ModelRelief\ModelRelief.test\bin\Debug\netcoreapp2.0\ModelRelief.Test.dll" adapterTypeName="executor://xunit/VsTestRunner2/netcoreapp" className="ModelRelief.Test.Integration.MeshTransforms.MeshTransformsBaseIntegrationTests" name="Patch_ValidReferencePropertyUpdatesModel" /></UnitTest><UnitTest name="GetFile_FileCanBeRoundTripped" storage="d:\modelrelief\modelrelief.test\bin\debug\netcoreapp2.0\modelrelief.test.dll" id="d55695e7-23ad-42d7-bd99-6ff8a9a49294"><Execution id="94598297-dac6-4408-ae23-0f350daedd7c" /><TestMethod codeBase="D:\ModelRelief\ModelRelief.test\bin\Debug\netcoreapp2.0\ModelRelief.Test.dll" adapterTypeName="executor://xunit/VsTestRunner2/netcoreapp" className="ModelRelief.Test.Integration.Models.ModelsFileIntegrationTests" name="GetFile_FileCanBeRoundTripped" /></UnitTest><UnitTest name="Delete_TargetModelIsDeleted" storage="d:\modelrelief\modelrelief.test\bin\debug\netcoreapp2.0\modelrelief.test.dll" id="9fcd3f25-a70b-4520-9d80-bd35061e0ceb"><Execution id="8a454529-dded-49ad-8c66-84006055172d" /><TestMethod codeBase="D:\ModelRelief\ModelRelief.test\bin\Debug\netcoreapp2.0\ModelRelief.Test.dll" adapterTypeName="executor://xunit/VsTestRunner2/netcoreapp" className="ModelRelief.Test.Integration.Meshes.MeshesBaseIntegrationTests" name="Delete_TargetModelIsDeleted" /></UnitTest><UnitTest name="Post_CanCreateNewModel" storage="d:\modelrelief\modelrelief.test\bin\debug\netcoreapp2.0\modelrelief.test.dll" id="3a1d2d8f-7b97-4d6f-8f2a-fec432e3c977"><Execution id="31545b6f-0681-4c6d-9beb-5200917bdb3b" /><TestMethod codeBase="D:\ModelRelief\ModelRelief.test\bin\Debug\netcoreapp2.0\ModelRelief.Test.dll" adapterTypeName="executor://xunit/VsTestRunner2/netcoreapp" className="ModelRelief.Test.Integration.Models.ModelsBaseIntegrationTests" name="Post_CanCreateNewModel" /></UnitTest><UnitTest name="GetSingle_InvalidIdPropertyValueReturnsNotFound" storage="d:\modelrelief\modelrelief.test\bin\debug\netcoreapp2.0\modelrelief.test.dll" id="0ab3b1bc-f20f-4f1b-94fc-2a369d6e4c89"><Execution id="68492a76-3a52-450b-a8ed-47b55785f669" /><TestMethod codeBase="D:\ModelRelief\ModelRelief.test\bin\Debug\netcoreapp2.0\ModelRelief.Test.dll" adapterTypeName="executor://xunit/VsTestRunner2/netcoreapp" className="ModelRelief.Test.Integration.DepthBuffers.DepthBuffersBaseIntegrationTests" name="GetSingle_InvalidIdPropertyValueReturnsNotFound" /></UnitTest><UnitTest name="Post_InvalidReferencePropertyReturnsBadRequest" storage="d:\modelrelief\modelrelief.test\bin\debug\netcoreapp2.0\modelrelief.test.dll" id="36491c95-a0e8-49a5-9e33-7b4c80572a9d"><Execution id="7c024f5a-e61e-4ed2-8d6a-07386b76cc70" /><TestMethod codeBase="D:\ModelRelief\ModelRelief.test\bin\Debug\netcoreapp2.0\ModelRelief.Test.dll" adapterTypeName="executor://xunit/VsTestRunner2/netcoreapp" className="ModelRelief.Test.Integration.Cameras.CamerasBaseIntegrationTests" name="Post_InvalidReferencePropertyReturnsBadRequest" /></UnitTest><UnitTest name="PostFile_FileIsSynchronizedIsUpdatedAfterFileIsPosted" storage="d:\modelrelief\modelrelief.test\bin\debug\netcoreapp2.0\modelrelief.test.dll" id="bd164318-6cc8-4e41-99b4-e45decded0cf"><Execution id="d5b7b57a-ddbb-4eb5-bbd7-05915cbd97dd" /><TestMethod codeBase="D:\ModelRelief\ModelRelief.test\bin\Debug\netcoreapp2.0\ModelRelief.Test.dll" adapterTypeName="executor://xunit/VsTestRunner2/netcoreapp" className="ModelRelief.Test.Integration.DepthBuffers.DepthBuffersFileIntegrationTests" name="PostFile_FileIsSynchronizedIsUpdatedAfterFileIsPosted" /></UnitTest><UnitTest name="GetList_ListReturnsCorrectCount" storage="d:\modelrelief\modelrelief.test\bin\debug\netcoreapp2.0\modelrelief.test.dll" id="426a0008-2418-4d94-8b62-7a51b0132b4f"><Execution id="a1997270-2dd8-43c7-9b39-42698982529a" /><TestMethod codeBase="D:\ModelRelief\ModelRelief.test\bin\Debug\netcoreapp2.0\ModelRelief.Test.dll" adapterTypeName="executor://xunit/VsTestRunner2/netcoreapp" className="ModelRelief.Test.Integration.MeshTransforms.MeshTransformsBaseIntegrationTests" name="GetList_ListReturnsCorrectCount" /></UnitTest><UnitTest name="Put_InvalidIdReturnsNotFound" storage="d:\modelrelief\modelrelief.test\bin\debug\netcoreapp2.0\modelrelief.test.dll" id="f3d03b29-4286-4ef9-9416-abbe6e84c23e"><Execution id="228a9773-e513-473c-9b5c-5b0115d2db61" /><TestMethod codeBase="D:\ModelRelief\ModelRelief.test\bin\Debug\netcoreapp2.0\ModelRelief.Test.dll" adapterTypeName="executor://xunit/VsTestRunner2/netcoreapp" className="ModelRelief.Test.Integration.Models.ModelsBaseIntegrationTests" name="Put_InvalidIdReturnsNotFound" /></UnitTest><UnitTest name="Put_ValidReferencePropertyUpdatesModel" storage="d:\modelrelief\modelrelief.test\bin\debug\netcoreapp2.0\modelrelief.test.dll" id="65241376-9e39-4d8d-9c0c-52edfe607293"><Execution id="4d94f278-1c56-44c3-8576-f2ef65322b00" /><TestMethod codeBase="D:\ModelRelief\ModelRelief.test\bin\Debug\netcoreapp2.0\ModelRelief.Test.dll" adapterTypeName="executor://xunit/VsTestRunner2/netcoreapp" className="ModelRelief.Test.Integration.Meshes.MeshesBaseIntegrationTests" name="Put_ValidReferencePropertyUpdatesModel" /></UnitTest><UnitTest name="Post_InvalidReferencePropertyReturnsBadRequest" storage="d:\modelrelief\modelrelief.test\bin\debug\netcoreapp2.0\modelrelief.test.dll" id="de3f4a76-9f47-4c35-952a-248d8ee6b086"><Execution id="6e85fb13-6e0b-4477-be81-12493dd797f6" /><TestMethod codeBase="D:\ModelRelief\ModelRelief.test\bin\Debug\netcoreapp2.0\ModelRelief.Test.dll" adapterTypeName="executor://xunit/VsTestRunner2/netcoreapp" className="ModelRelief.Test.Integration.Models.ModelsBaseIntegrationTests" name="Post_InvalidReferencePropertyReturnsBadRequest" /></UnitTest><UnitTest name="Patch_InvalidPropertyNameReturnsBadRequest" storage="d:\modelrelief\modelrelief.test\bin\debug\netcoreapp2.0\modelrelief.test.dll" id="2f5e5b15-4dfe-4b41-b485-528deaa76feb"><Execution id="d6be462a-7e31-4fd6-8fcb-362677801e63" /><TestMethod codeBase="D:\ModelRelief\ModelRelief.test\bin\Debug\netcoreapp2.0\ModelRelief.Test.dll" adapterTypeName="executor://xunit/VsTestRunner2/netcoreapp" className="ModelRelief.Test.Integration.MeshTransforms.MeshTransformsBaseIntegrationTests" name="Patch_InvalidPropertyNameReturnsBadRequest" /></UnitTest><UnitTest name="Delete_TargetModelIsDeleted" storage="d:\modelrelief\modelrelief.test\bin\debug\netcoreapp2.0\modelrelief.test.dll" id="1875d4fd-3217-4459-b52d-78ed2df1705a"><Execution id="b440c0f6-64d0-4946-9f63-82873479cb46" /><TestMethod codeBase="D:\ModelRelief\ModelRelief.test\bin\Debug\netcoreapp2.0\ModelRelief.Test.dll" adapterTypeName="executor://xunit/VsTestRunner2/netcoreapp" className="ModelRelief.Test.Integration.Projects.ProjectsBaseIntegrationTests" name="Delete_TargetModelIsDeleted" /></UnitTest><UnitTest name="Post_ValidReferencePropertyCreatesModel" storage="d:\modelrelief\modelrelief.test\bin\debug\netcoreapp2.0\modelrelief.test.dll" id="d6d98c1c-3a2b-4af7-b3c6-16e8bdc93d71"><Execution id="d342fcf5-c104-4adf-b440-d3728f8e56ef" /><TestMethod codeBase="D:\ModelRelief\ModelRelief.test\bin\Debug\netcoreapp2.0\ModelRelief.Test.dll" adapterTypeName="executor://xunit/VsTestRunner2/netcoreapp" className="ModelRelief.Test.Integration.Projects.ProjectsBaseIntegrationTests" name="Post_ValidReferencePropertyCreatesModel" /></UnitTest><UnitTest name="GetSingle_InvalidIdPropertyValueReturnsNotFound" storage="d:\modelrelief\modelrelief.test\bin\debug\netcoreapp2.0\modelrelief.test.dll" id="d4955863-67b6-4a0b-aa55-bb648658b931"><Execution id="2f6a6384-04d2-4859-8ca5-f82de487fa0f" /><TestMethod codeBase="D:\ModelRelief\ModelRelief.test\bin\Debug\netcoreapp2.0\ModelRelief.Test.dll" adapterTypeName="executor://xunit/VsTestRunner2/netcoreapp" className="ModelRelief.Test.Integration.Meshes.MeshesBaseIntegrationTests" name="GetSingle_InvalidIdPropertyValueReturnsNotFound" /></UnitTest><UnitTest name="CameraHasExpectedDependentFiles" storage="d:\modelrelief\modelrelief.test\bin\debug\netcoreapp2.0\modelrelief.test.dll" id="358edb12-5299-4c28-ae82-bb1db8025df6"><Execution id="b873cdcb-c399-4415-91ec-3bf7858732ff" /><TestMethod codeBase="D:\ModelRelief\ModelRelief.test\bin\Debug\netcoreapp2.0\ModelRelief.Test.dll" adapterTypeName="executor://xunit/VsTestRunner2/netcoreapp" className="ModelRelief.Test.Unit.DependencyManager.DependencyManagerTests" name="CameraHasExpectedDependentFiles" /></UnitTest><UnitTest name="Patch_InvalidIdPropertyReturnsNotFound" storage="d:\modelrelief\modelrelief.test\bin\debug\netcoreapp2.0\modelrelief.test.dll" id="8d1bab29-0dd0-4145-9043-06529029942f"><Execution id="a7bde85c-021b-409b-9051-c5ae43150cc2" /><TestMethod codeBase="D:\ModelRelief\ModelRelief.test\bin\Debug\netcoreapp2.0\ModelRelief.Test.dll" adapterTypeName="executor://xunit/VsTestRunner2/netcoreapp" className="ModelRelief.Test.Integration.Cameras.CamerasBaseIntegrationTests" name="Patch_InvalidIdPropertyReturnsNotFound" /></UnitTest></TestDefinitions><TestEntries><TestEntry testId="34c12a9b-c69c-4fbb-bbda-0c2f80af8eee" executionId="56ee2f8c-8471-4341-8004-39bc217e8c18" testListId="8c84fa94-04c1-424b-9868-57a2d4851a1d" /><TestEntry testId="060929f5-ddd3-4c93-a700-e556f2fa83df" executionId="94e3793b-7714-4de5-b15d-22e2c12f29b9" testListId="8c84fa94-04c1-424b-9868-57a2d4851a1d" /><TestEntry testId="78e90cd9-3ac0-4938-964d-d9bf0b3a4178" executionId="7d052dde-4448-4df2-8b6d-79f2945e9162" testListId="8c84fa94-04c1-424b-9868-57a2d4851a1d" /><TestEntry testId="ab4cc5b0-8ea3-4fdf-b8be-acc803ff434b" executionId="53ed67b6-0ae7-430e-9537-b1b0439bd9d2" testListId="8c84fa94-04c1-424b-9868-57a2d4851a1d" /><TestEntry testId="05aa58e0-c2fc-4a46-87aa-0b1d869ce1d9" executionId="518fe4e7-f954-4d8d-9532-8b77fbb27f04" testListId="8c84fa94-04c1-424b-9868-57a2d4851a1d" /><TestEntry testId="32a37a97-63ce-4db9-a8d4-7758c9debc83" executionId="97ca17f7-4ee8-4134-9710-293108d638c3" testListId="8c84fa94-04c1-424b-9868-57a2d4851a1d" /><TestEntry testId="faca57c7-1b8f-423f-b85b-60a0aabd32d6" executionId="fc074d38-66af-424c-8748-b1acb30240bd" testListId="8c84fa94-04c1-424b-9868-57a2d4851a1d" /><TestEntry testId="1875d4fd-3217-4459-b52d-78ed2df1705a" executionId="b440c0f6-64d0-4946-9f63-82873479cb46" testListId="8c84fa94-04c1-424b-9868-57a2d4851a1d" /><TestEntry testId="c594a531-afb0-4bdd-b5ce-6a9c04f923ea" executionId="e60b9f80-0252-4667-beda-b21abbe83b9e" testListId="8c84fa94-04c1-424b-9868-57a2d4851a1d" /><TestEntry testId="052fec8e-023e-4c3c-8f62-3a6824ef8812" executionId="73799742-5553-423b-8f29-f9453fc4dec7" testListId="8c84fa94-04c1-424b-9868-57a2d4851a1d" /><TestEntry testId="a253f266-b212-4e7f-b2ad-ffd80d174cb6" executionId="bed5d20e-7397-49bf-a7f9-be73318b1531" testListId="8c84fa94-04c1-424b-9868-57a2d4851a1d" /><TestEntry testId="adaedbe5-d69e-4800-8ca5-e43519a822d1" executionId="99c2452f-93c2-465b-94ba-3a695ee559f7" testListId="8c84fa94-04c1-424b-9868-57a2d4851a1d" /><TestEntry testId="05554eab-ae97-4973-9113-f71252ad35a1" executionId="f57607ef-d8ea-4b48-97fe-63c0a1104066" testListId="8c84fa94-04c1-424b-9868-57a2d4851a1d" /><TestEntry testId="c825d2ce-25cc-4da8-b730-9c589933799a" executionId="9e76c705-6841-433a-98cd-0bcc53cd146c" testListId="8c84fa94-04c1-424b-9868-57a2d4851a1d" /><TestEntry testId="0c5d3105-8d63-40f6-a6e3-020fa0e4f4cf" executionId="78dfe563-674f-4803-abc2-75d69db9f462" testListId="8c84fa94-04c1-424b-9868-57a2d4851a1d" /><TestEntry testId="30dcb6e9-9de8-4448-9f46-48248d562f11" executionId="aae4a6e3-98c9-43e5-a4b4-2fa62dcb191f" testListId="8c84fa94-04c1-424b-9868-57a2d4851a1d" /><TestEntry testId="f0723a0c-b22d-4172-bf60-f7e84c7638c2" executionId="1d1896f2-c77b-48d5-bc5f-6fac7438d177" testListId="8c84fa94-04c1-424b-9868-57a2d4851a1d" /><TestEntry testId="cafbcdf5-c335-41b7-957a-c8d9e865910c" executionId="82701e9a-d597-4873-9612-51eb35a5e148" testListId="8c84fa94-04c1-424b-9868-57a2d4851a1d" /><TestEntry testId="1fa07269-9695-4066-842f-4eb78e279639" executionId="b764f691-4ba8-4720-a54c-db1f0e517c6e" testListId="8c84fa94-04c1-424b-9868-57a2d4851a1d" /><TestEntry testId="d4955863-67b6-4a0b-aa55-bb648658b931" executionId="2f6a6384-04d2-4859-8ca5-f82de487fa0f" testListId="8c84fa94-04c1-424b-9868-57a2d4851a1d" /><TestEntry testId="9cef5db9-4206-439b-b66d-67c0ea8f022d" executionId="3bdfeede-7966-467e-bd17-05db22b456e4" testListId="8c84fa94-04c1-424b-9868-57a2d4851a1d" /><TestEntry testId="9a64012e-5c66-4e1b-9f39-f965342b5c3a" executionId="ec726011-73e0-49e6-9190-0527b7380b01" testListId="8c84fa94-04c1-424b-9868-57a2d4851a1d" /><TestEntry testId="1294b379-f232-45fa-b428-0e71f1d4d9b7" executionId="715975d6-30ba-498b-9352-9ef72a83f7fd" testListId="8c84fa94-04c1-424b-9868-57a2d4851a1d" /><TestEntry testId="c713b385-09b9-474f-adee-9c40d06d2053" executionId="aaada741-b1e1-474b-8a4b-fba74d37d46c" testListId="8c84fa94-04c1-424b-9868-57a2d4851a1d" /><TestEntry testId="e101cf2e-3eb5-45f0-b8dc-f3252319cebe" executionId="1271334e-ab4c-44a4-b0ec-a1036ec60c99" testListId="8c84fa94-04c1-424b-9868-57a2d4851a1d" /><TestEntry testId="874510e9-7b0b-41e8-b025-1881bff3e531" executionId="8ded48a1-b95c-481f-80f5-d1b7489dcfb1" testListId="8c84fa94-04c1-424b-9868-57a2d4851a1d" /><TestEntry testId="df56af2f-f08c-47f8-827c-93ab25d165eb" executionId="c608adbb-f406-41f9-aefd-15826a3c7f71" testListId="8c84fa94-04c1-424b-9868-57a2d4851a1d" /><TestEntry testId="b3b3a91a-3deb-46bc-a741-8ac21bbeebd5" executionId="377de166-454c-4f6b-81a9-8e0f61c9d6e2" testListId="8c84fa94-04c1-424b-9868-57a2d4851a1d" /><TestEntry testId="e64ab2cc-5e28-475d-8ca6-fa6886acaa56" executionId="9a457b0f-d1c5-45a8-bf75-dc3bc9c326da" testListId="8c84fa94-04c1-424b-9868-57a2d4851a1d" /><TestEntry testId="9b385516-8d7e-4a76-8572-2df213b0ef2e" executionId="14d85d6c-9d4f-4834-8297-6064378fb65f" testListId="8c84fa94-04c1-424b-9868-57a2d4851a1d" /><TestEntry testId="167811ec-0839-45c1-a670-4218e1111b42" executionId="94626f41-8624-434c-8ecf-4b89f79988ce" testListId="8c84fa94-04c1-424b-9868-57a2d4851a1d" /><TestEntry testId="097af0cd-f2b4-4983-b120-723b5bec34bf" executionId="d5f67d4e-63fd-4519-a9f8-3846426a8b74" testListId="8c84fa94-04c1-424b-9868-57a2d4851a1d" /><TestEntry testId="65241376-9e39-4d8d-9c0c-52edfe607293" executionId="4d94f278-1c56-44c3-8576-f2ef65322b00" testListId="8c84fa94-04c1-424b-9868-57a2d4851a1d" /><TestEntry testId="bf2afa55-17c1-4802-86f3-db6fecfc4a4e" executionId="ef740ee5-4c4d-4778-8ff6-bf719cbebb0e" testListId="8c84fa94-04c1-424b-9868-57a2d4851a1d" /><TestEntry testId="6100f5bc-e115-4cc1-9a80-2f7b386ee07b" executionId="4ef97340-de5a-4f00-b0dd-c2d7b79d5277" testListId="8c84fa94-04c1-424b-9868-57a2d4851a1d" /><TestEntry testId="1927b9b7-3875-4bc4-ae16-0d22d706f456" executionId="2ee483ea-244e-4ddd-8e13-cb12d68a77e6" testListId="8c84fa94-04c1-424b-9868-57a2d4851a1d" /><TestEntry testId="725ee0a7-a4e2-4b73-b744-c0d682aee7d8" executionId="8a4deb32-ab74-4bd5-8abf-d7cd4807f5e5" testListId="8c84fa94-04c1-424b-9868-57a2d4851a1d" /><TestEntry testId="b4b9e69f-0cfd-4814-a84f-dd8f79b5fce6" executionId="478fe736-c267-48c2-803b-8ac92bef00f3" testListId="8c84fa94-04c1-424b-9868-57a2d4851a1d" /><TestEntry testId="a6869d36-94c6-4e91-8320-a4dc4dbd4529" executionId="c3fecb4f-eb1f-445a-8160-223a4f3defc2" testListId="8c84fa94-04c1-424b-9868-57a2d4851a1d" /><TestEntry testId="2e3548c8-b245-431d-81ea-627e14fbb3bd" executionId="19a68d91-5f00-4274-ae46-7e5ade98ced7" testListId="8c84fa94-04c1-424b-9868-57a2d4851a1d" /><TestEntry testId="b1b733a6-eaee-4ae7-a67d-084766fe36df" executionId="fed9908b-178a-4be2-9a46-fe9fe4e8c06f" testListId="8c84fa94-04c1-424b-9868-57a2d4851a1d" /><TestEntry testId="0edec546-7ccb-497f-a5a7-8f52e505c667" executionId="4eb46534-14f5-4b15-b423-7a67619c17dd" testListId="8c84fa94-04c1-424b-9868-57a2d4851a1d" /><TestEntry testId="36491c95-a0e8-49a5-9e33-7b4c80572a9d" executionId="7c024f5a-e61e-4ed2-8d6a-07386b76cc70" testListId="8c84fa94-04c1-424b-9868-57a2d4851a1d" /><TestEntry testId="0b8136ef-2672-45bd-95ec-3e722e7d5522" executionId="af2a7b9e-de11-4870-86e2-442db7cb3bff" testListId="8c84fa94-04c1-424b-9868-57a2d4851a1d" /><TestEntry testId="d55695e7-23ad-42d7-bd99-6ff8a9a49294" executionId="94598297-dac6-4408-ae23-0f350daedd7c" testListId="8c84fa94-04c1-424b-9868-57a2d4851a1d" /><TestEntry testId="72ab4b93-8eee-467f-9ab9-8e0cc29a3e2d" executionId="612340b4-95b6-4d41-93a7-a94198569e48" testListId="8c84fa94-04c1-424b-9868-57a2d4851a1d" /><TestEntry testId="79be1168-156a-4152-8ca6-d5aee0d79103" executionId="3b210cea-96af-4d75-a3f0-07ca4607498c" testListId="8c84fa94-04c1-424b-9868-57a2d4851a1d" /><TestEntry testId="e7c42c51-879b-4a98-a782-7fa28b39c9be" executionId="ac6618e8-a4dd-405a-9757-3db4a79196a7" testListId="8c84fa94-04c1-424b-9868-57a2d4851a1d" /><TestEntry testId="f6b8b986-08fa-4b35-a878-1e76f0aaff41" executionId="e47ad3d6-0e1b-496f-bc02-615f75004131" testListId="8c84fa94-04c1-424b-9868-57a2d4851a1d" /><TestEntry testId="8d1bab29-0dd0-4145-9043-06529029942f" executionId="a7bde85c-021b-409b-9051-c5ae43150cc2" testListId="8c84fa94-04c1-424b-9868-57a2d4851a1d" /><TestEntry testId="938a0796-7d15-4f53-b684-df54e87c04d8" executionId="94e6ce90-1e66-4a24-bfff-4f1b9dbdf200" testListId="8c84fa94-04c1-424b-9868-57a2d4851a1d" /><TestEntry testId="09e535bb-9f6e-4eda-94aa-235519dbea8e" executionId="2f22f1a9-d901-4cac-8ab1-5c39265daa47" testListId="8c84fa94-04c1-424b-9868-57a2d4851a1d" /><TestEntry testId="b09b1d9a-ffdb-4d35-9a2d-dd3d5edcff88" executionId="1fd3169d-0a0c-4be4-acc6-00c4540e48eb" testListId="8c84fa94-04c1-424b-9868-57a2d4851a1d" /><TestEntry testId="d942d211-8e5b-4fd0-80ee-536a67945344" executionId="c31e74f3-a6a1-448b-8d05-742a286acd4c" testListId="8c84fa94-04c1-424b-9868-57a2d4851a1d" /><TestEntry testId="0ab3b1bc-f20f-4f1b-94fc-2a369d6e4c89" executionId="68492a76-3a52-450b-a8ed-47b55785f669" testListId="8c84fa94-04c1-424b-9868-57a2d4851a1d" /><TestEntry testId="2f5e5b15-4dfe-4b41-b485-528deaa76feb" executionId="d6be462a-7e31-4fd6-8fcb-362677801e63" testListId="8c84fa94-04c1-424b-9868-57a2d4851a1d" /><TestEntry testId="0ec3d019-3e2c-4f83-86a2-45655225c4c1" executionId="8f276343-cc80-4812-8be8-a1e6b73620e4" testListId="8c84fa94-04c1-424b-9868-57a2d4851a1d" /><TestEntry testId="8498f519-caca-4e66-befa-05d17326a995" executionId="6f1a3ada-f4eb-4223-bf83-00307ed20a98" testListId="8c84fa94-04c1-424b-9868-57a2d4851a1d" /><TestEntry testId="1235837f-f0a4-4f62-9632-4711cb2498b4" executionId="40e98784-ec64-4b80-bcba-5bcb396424d2" testListId="8c84fa94-04c1-424b-9868-57a2d4851a1d" /><TestEntry testId="9316ad47-4b9a-4fb0-abbc-93964b3f7525" executionId="8586b608-9f56-4dc7-bb13-89c4422eebf1" testListId="8c84fa94-04c1-424b-9868-57a2d4851a1d" /><TestEntry testId="a31196ee-b800-4b50-ac29-f7791eb71c0b" executionId="ea4678ec-8467-476e-8262-6eed0417c402" testListId="8c84fa94-04c1-424b-9868-57a2d4851a1d" /><TestEntry testId="8b4a9146-0bbb-446b-9eb8-1f74e328b131" executionId="a2eca314-0200-4aea-b91d-8fb0413807a8" testListId="8c84fa94-04c1-424b-9868-57a2d4851a1d" /><TestEntry testId="34252330-a54e-46b4-b7cd-9d4b763e212d" executionId="8f27f3e3-a78f-4543-93f3-e6da6e57f4fc" testListId="8c84fa94-04c1-424b-9868-57a2d4851a1d" /><TestEntry testId="7a51d48e-02ed-4ad5-b8a6-3b79f67c2032" executionId="1348d764-672a-45a1-9cf9-4b2983ff4d8b" testListId="8c84fa94-04c1-424b-9868-57a2d4851a1d" /><TestEntry testId="378d48c7-5b24-4fca-b491-9a7a0133a840" executionId="078676ab-87e6-4749-abb9-aa3cb4351042" testListId="8c84fa94-04c1-424b-9868-57a2d4851a1d" /><TestEntry testId="de3f4a76-9f47-4c35-952a-248d8ee6b086" executionId="6e85fb13-6e0b-4477-be81-12493dd797f6" testListId="8c84fa94-04c1-424b-9868-57a2d4851a1d" /><TestEntry testId="0e762b94-4a9e-4539-8359-6ee6f63456d4" executionId="b3b53524-cf5e-4e52-81d0-eb1cf06e43ce" testListId="8c84fa94-04c1-424b-9868-57a2d4851a1d" /><TestEntry testId="6a745d86-ee1e-4205-a438-e509c76e8664" executionId="736f942e-fa37-4bf3-bfd8-949b8cbb9382" testListId="8c84fa94-04c1-424b-9868-57a2d4851a1d" /><TestEntry testId="f10e0304-dcb1-420a-9f2e-2b675c6857b6" executionId="049f4c4f-4b8e-40ba-b6ca-90231855697a" testListId="8c84fa94-04c1-424b-9868-57a2d4851a1d" /><TestEntry testId="b1c3877a-3e54-4530-980f-1c2c139109cd" executionId="1f43868d-3ad1-4063-80bb-de70b6e88bf5" testListId="8c84fa94-04c1-424b-9868-57a2d4851a1d" /><TestEntry testId="49d79a8c-b0aa-40fd-9bf8-974943547897" executionId="958ba424-9f5c-44f1-a515-c11ce84dc11e" testListId="8c84fa94-04c1-424b-9868-57a2d4851a1d" /><TestEntry testId="c2ef1e15-e720-49ea-8779-86d7726edfc9" executionId="f8543adf-3998-4af1-ba07-ec0c4c3aa8e4" testListId="8c84fa94-04c1-424b-9868-57a2d4851a1d" /><TestEntry testId="f310da57-c679-4147-a0d1-478712b56ead" executionId="8ea0466b-d1a0-4c06-9306-a17ebc5e2630" testListId="8c84fa94-04c1-424b-9868-57a2d4851a1d" /><TestEntry testId="0afced85-d05e-4911-a245-6f39563c5523" executionId="6273c80d-de94-4623-bbbf-fae6a43f509b" testListId="8c84fa94-04c1-424b-9868-57a2d4851a1d" /><TestEntry testId="f5f674db-6059-443e-a2ea-fad33ef70d62" executionId="fc60e0f7-cc96-4ee4-8e02-dfcfea68fbfd" testListId="8c84fa94-04c1-424b-9868-57a2d4851a1d" /><TestEntry testId="b97540cf-9296-419b-a2ca-941fbcb7054b" executionId="48679577-2e25-42d3-9e4e-81f097310686" testListId="8c84fa94-04c1-424b-9868-57a2d4851a1d" /><TestEntry testId="2a0b4c44-79b6-4cb3-8ade-bc0847651eff" executionId="4f96638d-591d-4ab7-9206-b39ca6890822" testListId="8c84fa94-04c1-424b-9868-57a2d4851a1d" /><TestEntry testId="68d52b65-bc4c-4e73-887c-d3ed4f3d9bf2" executionId="ee0109c7-96f2-421e-90db-653c9dd799ba" testListId="8c84fa94-04c1-424b-9868-57a2d4851a1d" /><TestEntry testId="050e00b3-eae4-4c20-8b87-a684f3e79ceb" executionId="d259c8f3-7661-42ea-a6a2-8d56cadc7071" testListId="8c84fa94-04c1-424b-9868-57a2d4851a1d" /><TestEntry testId="a081b661-f42d-4234-9cc3-5b139bc0ccfa" executionId="4b05c806-abdd-4b15-b3c9-a0a12ed4f7bd" testListId="8c84fa94-04c1-424b-9868-57a2d4851a1d" /><TestEntry testId="bd164318-6cc8-4e41-99b4-e45decded0cf" executionId="d5b7b57a-ddbb-4eb5-bbd7-05915cbd97dd" testListId="8c84fa94-04c1-424b-9868-57a2d4851a1d" /><TestEntry testId="6bf16e28-7eb3-44d3-8f53-e6c33983b000" executionId="ef4b3d0e-0d66-44a3-9647-504d774eb9f3" testListId="8c84fa94-04c1-424b-9868-57a2d4851a1d" /><TestEntry testId="cae4813d-4aa4-4694-9dab-804c43254ee4" executionId="ad6dc981-7e4f-40ec-bbad-b74dd2226c3a" testListId="8c84fa94-04c1-424b-9868-57a2d4851a1d" /><TestEntry testId="8aa872d2-3fd1-47e5-a948-17afa05e49c8" executionId="c4e52e10-5c56-4940-8abd-df48a63c15dc" testListId="8c84fa94-04c1-424b-9868-57a2d4851a1d" /><TestEntry testId="d6d98c1c-3a2b-4af7-b3c6-16e8bdc93d71" executionId="d342fcf5-c104-4adf-b440-d3728f8e56ef" testListId="8c84fa94-04c1-424b-9868-57a2d4851a1d" /><TestEntry testId="a436b399-f2a0-4aea-88f0-18e63aaee71c" executionId="497f8278-021a-46b4-83de-ec13963989b1" testListId="8c84fa94-04c1-424b-9868-57a2d4851a1d" /><TestEntry testId="334b75ee-7708-4110-9a7d-18a906f459b3" executionId="dfb47200-56e3-4274-91af-e060508256d6" testListId="8c84fa94-04c1-424b-9868-57a2d4851a1d" /><TestEntry testId="f37c3000-2f0b-4f81-8463-8d4de5b57af9" executionId="e0ee5891-7578-4ef6-9728-12684b14d756" testListId="8c84fa94-04c1-424b-9868-57a2d4851a1d" /><TestEntry testId="76ca7d18-7abe-41a5-993a-b684db79b536" executionId="92c04dee-087d-4439-a9fc-d756c515ee36" testListId="8c84fa94-04c1-424b-9868-57a2d4851a1d" /><TestEntry testId="f0bc7bc7-089f-4560-985e-26d7fb273d6a" executionId="2d92c473-bb2d-4a0d-9007-69ce30c75e3d" testListId="8c84fa94-04c1-424b-9868-57a2d4851a1d" /><TestEntry testId="32fccb11-cbea-442e-b215-9f0f92eaa736" executionId="22cbb34f-91b4-4419-a03e-d011fa7cfc52" testListId="8c84fa94-04c1-424b-9868-57a2d4851a1d" /><TestEntry testId="20397d91-b76d-4e6a-9048-f13058bd71bb" executionId="9d6a0ecf-ed8a-4391-84d2-0675601102b7" testListId="8c84fa94-04c1-424b-9868-57a2d4851a1d" /><TestEntry testId="3a1d2d8f-7b97-4d6f-8f2a-fec432e3c977" executionId="31545b6f-0681-4c6d-9beb-5200917bdb3b" testListId="8c84fa94-04c1-424b-9868-57a2d4851a1d" /><TestEntry testId="e38e49bd-d158-4099-b9c2-461862d74846" executionId="051b28e1-ea48-42a0-9ddc-8d88e752d2f8" testListId="8c84fa94-04c1-424b-9868-57a2d4851a1d" /><TestEntry testId="a1a6eac9-b2b6-4aa8-a476-05a569b0a18c" executionId="10f0d061-fb0f-4fa1-ae70-ee62299a8880" testListId="8c84fa94-04c1-424b-9868-57a2d4851a1d" /><TestEntry testId="9fcd3f25-a70b-4520-9d80-bd35061e0ceb" executionId="8a454529-dded-49ad-8c66-84006055172d" testListId="8c84fa94-04c1-424b-9868-57a2d4851a1d" /><TestEntry testId="98bec1bf-10a0-477c-8efa-1bdc79e6e356" executionId="f70aa347-5432-49d6-9756-13891f4c3a33" testListId="8c84fa94-04c1-424b-9868-57a2d4851a1d" /><TestEntry testId="dc2807b9-186d-4c4c-93a5-923585e38c80" executionId="9f07c5ad-292b-4375-8912-da01acac8429" testListId="8c84fa94-04c1-424b-9868-57a2d4851a1d" /><TestEntry testId="890f7574-7b30-4bc7-a7d9-334783da1a56" executionId="84e26160-ab15-47db-b710-4fe9826371e7" testListId="8c84fa94-04c1-424b-9868-57a2d4851a1d" /><TestEntry testId="bec8e007-890f-4584-9a77-f075553b579d" executionId="aa43f44d-d455-435d-8493-91c21191c64d" testListId="8c84fa94-04c1-424b-9868-57a2d4851a1d" /><TestEntry testId="15bd809e-4891-4147-a874-636ba6de795f" executionId="ccfdb0a6-fb57-4c90-b835-412c9473a50c" testListId="8c84fa94-04c1-424b-9868-57a2d4851a1d" /><TestEntry testId="1a2b796d-664f-4949-afab-d4e7979371ea" executionId="57f89a33-7676-4eb8-a88a-36506405c997" testListId="8c84fa94-04c1-424b-9868-57a2d4851a1d" /><TestEntry testId="05058ce9-4b07-45a0-99f8-1fdb932d8da0" executionId="573523f7-695a-4d39-bc80-93851ac0c47e" testListId="8c84fa94-04c1-424b-9868-57a2d4851a1d" /><TestEntry testId="2df39914-7ac5-418f-acfe-70006d8edd80" executionId="f998b54a-8f89-414e-a064-dbef0ddd6037" testListId="8c84fa94-04c1-424b-9868-57a2d4851a1d" /><TestEntry testId="acf29184-ae7d-4e0a-a7d5-4a4a8d26a0ac" executionId="ebbd374a-b7be-44fe-a939-9aabca5eaf7f" testListId="8c84fa94-04c1-424b-9868-57a2d4851a1d" /><TestEntry testId="98005c16-55fc-490e-a10b-ed5f879b0e92" executionId="089eaaa6-ebc7-4694-9784-cad9a7b684e7" testListId="8c84fa94-04c1-424b-9868-57a2d4851a1d" /><TestEntry testId="e4b4b12b-eb83-4186-94d6-d2df291a5197" executionId="f4d21b56-78ca-43e5-aa6a-142fd9f77d34" testListId="8c84fa94-04c1-424b-9868-57a2d4851a1d" /><TestEntry testId="e7fb98dd-3cc1-417a-a8d9-af06e6d03b28" executionId="c95047f6-c921-433d-9571-6849e02adc6e" testListId="8c84fa94-04c1-424b-9868-57a2d4851a1d" /><TestEntry testId="1dd9a331-e0af-4d10-8d79-2134a8adb35b" executionId="d9469c6e-6a27-4062-9d69-cb945e113e13" testListId="8c84fa94-04c1-424b-9868-57a2d4851a1d" /><TestEntry testId="f3d03b29-4286-4ef9-9416-abbe6e84c23e" executionId="228a9773-e513-473c-9b5c-5b0115d2db61" testListId="8c84fa94-04c1-424b-9868-57a2d4851a1d" /><TestEntry testId="5e0ff923-736e-47a1-80c6-22e531e2fb43" executionId="3fa97a64-6f73-4c16-a4d8-6f55b1907d1b" testListId="8c84fa94-04c1-424b-9868-57a2d4851a1d" /><TestEntry testId="0cf896a5-bdd1-48ae-9dc3-c84b3136bfc1" executionId="1be8b0d8-f5f1-4ec6-8270-89c691fc35bb" testListId="8c84fa94-04c1-424b-9868-57a2d4851a1d" /><TestEntry testId="e0518599-7899-445e-8ba9-8d6740beb921" executionId="00581cd3-4098-4fd4-a171-7ee97a0571f9" testListId="8c84fa94-04c1-424b-9868-57a2d4851a1d" /><TestEntry testId="d9f97a5d-5f2d-4540-a34c-725e129cb2bf" executionId="74d7aa1b-4cab-499f-a45a-ed15659721d5" testListId="8c84fa94-04c1-424b-9868-57a2d4851a1d" /><TestEntry testId="4a766640-304c-4243-81af-acb5045017c1" executionId="3cd3ecd4-8ba5-4a51-a09c-a22c9890f368" testListId="8c84fa94-04c1-424b-9868-57a2d4851a1d" /><TestEntry testId="62a0c08d-91dd-42b0-8733-6077e7e9b7f5" executionId="8ebd20f8-a254-4267-b8fd-c5e5e691c1e9" testListId="8c84fa94-04c1-424b-9868-57a2d4851a1d" /><TestEntry testId="a5de7e70-36d6-4836-bb0a-f120520d50e0" executionId="f11e5cc7-d4aa-421b-991a-9060294766cc" testListId="8c84fa94-04c1-424b-9868-57a2d4851a1d" /><TestEntry testId="e90cd2f3-848b-46ea-8f43-a940893c60f5" executionId="393f3377-3eee-4305-8caa-f8971721a389" testListId="8c84fa94-04c1-424b-9868-57a2d4851a1d" /><TestEntry testId="bea8e3cb-c3c5-438e-85a0-4ee8e846583b" executionId="54015630-8090-435f-84a3-8f9ebbd3fc69" testListId="8c84fa94-04c1-424b-9868-57a2d4851a1d" /><TestEntry testId="2ffbeece-331e-4722-856b-787a67d553f8" executionId="79c9a6cd-6541-4c6d-ab0b-a3aa9d28329c" testListId="8c84fa94-04c1-424b-9868-57a2d4851a1d" /><TestEntry testId="d259e1c2-f11f-49fa-956a-ac96ff596f97" executionId="063a958a-5f2c-4743-b7fb-da360f253758" testListId="8c84fa94-04c1-424b-9868-57a2d4851a1d" /><TestEntry testId="692a7d3e-f52c-45d9-9ec8-33da1bad6895" executionId="f30aee84-2e8c-4749-b6a8-cd25d2ea051c" testListId="8c84fa94-04c1-424b-9868-57a2d4851a1d" /><TestEntry testId="88321fc2-fa6c-44ce-9174-af1a5f0c156c" executionId="d0aa043e-a3b7-43bf-ae26-2385c5d719b7" testListId="8c84fa94-04c1-424b-9868-57a2d4851a1d" /><TestEntry testId="ba1584f9-ee3e-4fd5-b818-d11a622992e6" executionId="f7cc9324-2a40-4e87-aa2c-9cfcee1f99d1" testListId="8c84fa94-04c1-424b-9868-57a2d4851a1d" /><TestEntry testId="e5780e77-c1f6-42f6-913f-4b68dcde328b" executionId="3c0da88e-d1b2-4782-aeed-e1f5a001a601" testListId="8c84fa94-04c1-424b-9868-57a2d4851a1d" /><TestEntry testId="4d3dc78e-5b1b-48b2-a381-98fd9ec5ea85" executionId="f5b766e2-4fa7-4409-83e8-b42877902066" testListId="8c84fa94-04c1-424b-9868-57a2d4851a1d" /><TestEntry testId="1ee7a68a-577b-4404-b7e7-78a625fd4757" executionId="980fd279-9059-46b9-91e7-7981225a8581" testListId="8c84fa94-04c1-424b-9868-57a2d4851a1d" /><TestEntry testId="eb8e7f96-6784-4cd0-9d4a-f2d5dfe025f0" executionId="61937181-ff2f-44bc-a998-3a0c8a0970fa" testListId="8c84fa94-04c1-424b-9868-57a2d4851a1d" /><TestEntry testId="7d03fe2e-1a38-4d3b-990d-d9d8578302db" executionId="2b00fbcd-aa2c-4092-92ae-60414d36bd8d" testListId="8c84fa94-04c1-424b-9868-57a2d4851a1d" /><TestEntry testId="ab374224-cf67-4c17-9c47-fb591dcd540a" executionId="09671448-7d5e-4ab3-8f7e-230ec929b316" testListId="8c84fa94-04c1-424b-9868-57a2d4851a1d" /><TestEntry testId="f3a31f17-ab72-42b1-b38e-f40e54bfcf2a" executionId="61dca12e-2cea-4f8f-830b-37875d80abf6" testListId="8c84fa94-04c1-424b-9868-57a2d4851a1d" /><TestEntry testId="ab25d32f-ad51-45e4-842d-65e007cf76e3" executionId="0d626c45-82d4-448e-b5ca-f60a090b5456" testListId="8c84fa94-04c1-424b-9868-57a2d4851a1d" /><TestEntry testId="358edb12-5299-4c28-ae82-bb1db8025df6" executionId="b873cdcb-c399-4415-91ec-3bf7858732ff" testListId="8c84fa94-04c1-424b-9868-57a2d4851a1d" /><TestEntry testId="fdf0dc30-9de1-4767-bc06-319732303bb8" executionId="3f08d89e-11eb-4436-9c9f-bc4fe152d272" testListId="8c84fa94-04c1-424b-9868-57a2d4851a1d" /><TestEntry testId="ae2a6cbf-25bb-49d4-9872-aac861c0313d" executionId="1b4ddc68-90b5-41c2-a700-edd8f533d1c6" testListId="8c84fa94-04c1-424b-9868-57a2d4851a1d" /><TestEntry testId="1d6c811a-bbb6-48b0-9fe3-728fb8849ebd" executionId="224464dd-845f-429e-8dc4-43f5daf73af8" testListId="8c84fa94-04c1-424b-9868-57a2d4851a1d" /><TestEntry testId="885822a1-2d42-4af6-b6d8-c1e39110e191" executionId="38635f9e-4840-489d-bd42-b434a3672f2c" testListId="8c84fa94-04c1-424b-9868-57a2d4851a1d" /><TestEntry testId="601d3970-9405-4a08-95f1-0ca848303825" executionId="dfd78392-8788-4a71-b34c-2bc794c69c41" testListId="8c84fa94-04c1-424b-9868-57a2d4851a1d" /><TestEntry testId="426a0008-2418-4d94-8b62-7a51b0132b4f" executionId="a1997270-2dd8-43c7-9b39-42698982529a" testListId="8c84fa94-04c1-424b-9868-57a2d4851a1d" /><TestEntry testId="2891dff5-c54d-4ef7-8686-8c0cab6ad93f" executionId="f2d0bd11-a1e0-4dd7-8904-7226aa565043" testListId="8c84fa94-04c1-424b-9868-57a2d4851a1d" /><TestEntry testId="fa9b33de-065b-4580-8da0-cee322e91af8" executionId="73e7f616-577a-4951-a288-8bd53933b8ea" testListId="8c84fa94-04c1-424b-9868-57a2d4851a1d" /><TestEntry testId="fc8eb03f-1c67-471e-848d-1e7364b4c7ac" executionId="f81759b6-8560-4030-9b53-e47051d430c9" testListId="8c84fa94-04c1-424b-9868-57a2d4851a1d" /><TestEntry testId="7ea49d7f-da6c-4bfc-aeea-c73b320532a4" executionId="49234808-ceb7-4348-8779-29816e44371c" testListId="8c84fa94-04c1-424b-9868-57a2d4851a1d" /><TestEntry testId="d811b9fe-da8c-4bba-a757-5cf5c4c1cc6c" executionId="14e1662c-a755-4b78-81b8-699890b4dacb" testListId="8c84fa94-04c1-424b-9868-57a2d4851a1d" /><TestEntry testId="e6bead9d-1b55-458a-bf4b-5b8c20952f8d" executionId="310dc0d7-4619-4eac-996c-6fc88d0597f8" testListId="8c84fa94-04c1-424b-9868-57a2d4851a1d" /><TestEntry testId="72303565-b5c3-47bf-a84c-705895f14d68" executionId="39e27f3b-0a25-48fb-b252-0c29daac5296" testListId="8c84fa94-04c1-424b-9868-57a2d4851a1d" /><TestEntry testId="a22abdb3-f163-4da2-93dc-81afe5de9f69" executionId="86db925e-7e3b-435d-8042-12a21578c6eb" testListId="8c84fa94-04c1-424b-9868-57a2d4851a1d" /><TestEntry testId="80e77e0c-fc55-491a-8d16-c3953d99b01b" executionId="6447551b-61ca-47be-91c6-26069261217b" testListId="8c84fa94-04c1-424b-9868-57a2d4851a1d" /><TestEntry testId="f7048fe4-583b-4d81-a76a-41a68cdb32fb" executionId="e3bcd882-76b5-443b-a836-c952117b9061" testListId="8c84fa94-04c1-424b-9868-57a2d4851a1d" /><TestEntry testId="47704501-1c78-419f-8473-08fd55f82f05" executionId="5fa5c467-df2e-4934-acf1-0793917d6391" testListId="8c84fa94-04c1-424b-9868-57a2d4851a1d" /><TestEntry testId="193d9467-f619-4fb7-8588-89c22f09d534" executionId="169bef87-ceb0-4953-b268-67f77c30b1e1" testListId="8c84fa94-04c1-424b-9868-57a2d4851a1d" /></TestEntries><TestLists><TestList name="Results Not in a List" id="8c84fa94-04c1-424b-9868-57a2d4851a1d" /><TestList name="All Loaded Results" id="19431567-8539-422a-85d7-44ee4e166bda" /></TestLists><ResultSummary outcome="Completed"><Counters total="151" executed="151" passed="151" failed="0" error="0" timeout="0" aborted="0" inconclusive="0" passedButRunAborted="0" notRunnable="0" notExecuted="0" disconnected="0" warning="0" completed="0" inProgress="0" pending="0" /><Output><StdOut>[xUnit.net 00:00:01.2703298]   Discovering: ModelRelief.Test[xUnit.net 00:00:01.3858896]   Discovered:  ModelRelief.Test[xUnit.net 00:00:01.3914057]   Starting:    ModelRelief.Test[xUnit.net 00:00:55.5591189]   Finished:    ModelRelief.Test</StdOut></Output></ResultSummary></TestRun>