<?xml version="1.0" encoding="utf-8"?><TestRun id="4acc3383-851b-4296-9455-8514f698d812" name="steve@LAMBDA 2018-08-07 14:48:56" runUser="LAMBDA\steve" xmlns="http://microsoft.com/schemas/VisualStudio/TeamTest/2010"><Times creation="2018-08-07T14:48:56.0861589-04:00" queuing="2018-08-07T14:48:56.0861777-04:00" start="2018-08-07T14:48:51.5458399-04:00" finish="2018-08-07T14:49:22.5856293-04:00" /><TestSettings name="default" id="3b15cbfc-902d-479e-9ee8-81fb3eb6f18f"><Deployment runDeploymentRoot="steve_LAMBDA_2018-08-07_14_48_56" /></TestSettings><Results><UnitTestResult executionId="1bb762af-845b-445c-be86-e9be326bb46b" testId="3c740392-ddd2-4b3b-9efc-f91b94e7dd50" testName="GetList_ListReturnsCorrectCount" computerName="LAMBDA" duration="00:00:00.0250000" startTime="2018-08-07T14:49:01.9690251-04:00" endTime="2018-08-07T14:49:01.9690298-04:00" testType="13cdc9d9-ddb5-4fa4-a97d-d965ccfc6d4b" outcome="Passed" testListId="8c84fa94-04c1-424b-9868-57a2d4851a1d" relativeResultsDirectory="1bb762af-845b-445c-be86-e9be326bb46b" /><UnitTestResult executionId="f05d741d-2615-4886-983d-3f420c1d3f23" testId="cce3c730-fad0-4943-ad4b-adfa944e0cb2" testName="Post_InvalidReferencePropertyReturnsBadRequest" computerName="LAMBDA" duration="00:00:00.0200000" startTime="2018-08-07T14:49:17.5295321-04:00" endTime="2018-08-07T14:49:17.5295364-04:00" testType="13cdc9d9-ddb5-4fa4-a97d-d965ccfc6d4b" outcome="Passed" testListId="8c84fa94-04c1-424b-9868-57a2d4851a1d" relativeResultsDirectory="f05d741d-2615-4886-983d-3f420c1d3f23" /><UnitTestResult executionId="4888fca7-77f9-4db3-852a-7ff278f33365" testId="190b212b-d29b-42dc-aca2-7da4555a2d15" testName="Patch_InvalidIdPropertyReturnsNotFound" computerName="LAMBDA" duration="00:00:00.0210000" startTime="2018-08-07T14:49:17.1682845-04:00" endTime="2018-08-07T14:49:17.1682900-04:00" testType="13cdc9d9-ddb5-4fa4-a97d-d965ccfc6d4b" outcome="Passed" testListId="8c84fa94-04c1-424b-9868-57a2d4851a1d" relativeResultsDirectory="4888fca7-77f9-4db3-852a-7ff278f33365" /><UnitTestResult executionId="9d734070-a549-46c8-bce4-06b48943d22f" testId="c36327a8-3c7e-450c-a42c-f4071d74890c" testName="GetFile_NonExistentFileReturnsNotFound" computerName="LAMBDA" duration="00:00:00.0350000" startTime="2018-08-07T14:49:06.4855303-04:00" endTime="2018-08-07T14:49:06.4855358-04:00" testType="13cdc9d9-ddb5-4fa4-a97d-d965ccfc6d4b" outcome="Passed" testListId="8c84fa94-04c1-424b-9868-57a2d4851a1d" relativeResultsDirectory="9d734070-a549-46c8-bce4-06b48943d22f" /><UnitTestResult executionId="f3c8cc8d-0cdf-4fb4-ad35-9b95f05e6d00" testId="ed1e53d3-ce25-4ab0-9fea-a52f6526aa51" testName="Delete_TargetModelIsDeleted" computerName="LAMBDA" duration="00:00:00.1910000" startTime="2018-08-07T14:48:57.1737353-04:00" endTime="2018-08-07T14:48:57.1737400-04:00" testType="13cdc9d9-ddb5-4fa4-a97d-d965ccfc6d4b" outcome="Passed" testListId="8c84fa94-04c1-424b-9868-57a2d4851a1d" relativeResultsDirectory="f3c8cc8d-0cdf-4fb4-ad35-9b95f05e6d00" /><UnitTestResult executionId="275b37d7-05b2-4973-900b-06475206000c" testId="fc74113b-6a7d-4c86-ab50-ac3b83be3013" testName="Patch_InvalidIdPropertyReturnsNotFound" computerName="LAMBDA" duration="00:00:00.0190000" startTime="2018-08-07T14:48:58.3506774-04:00" endTime="2018-08-07T14:48:58.3506830-04:00" testType="13cdc9d9-ddb5-4fa4-a97d-d965ccfc6d4b" outcome="Passed" testListId="8c84fa94-04c1-424b-9868-57a2d4851a1d" relativeResultsDirectory="275b37d7-05b2-4973-900b-06475206000c" /><UnitTestResult executionId="4d37c7ed-78ee-4350-873a-90ec3be65866" testId="1e72646d-107a-4ba4-867a-b35513ec0217" testName="PutFile_NewFileCanBePut" computerName="LAMBDA" duration="00:00:00.0890000" startTime="2018-08-07T14:49:20.1705317-04:00" endTime="2018-08-07T14:49:20.1705386-04:00" testType="13cdc9d9-ddb5-4fa4-a97d-d965ccfc6d4b" outcome="Passed" testListId="8c84fa94-04c1-424b-9868-57a2d4851a1d" relativeResultsDirectory="4d37c7ed-78ee-4350-873a-90ec3be65866" /><UnitTestResult executionId="6c870a6b-984e-4d1d-98a0-e41c74ce5331" testId="ad2925ad-fc40-4e3e-94b2-678ff5d49f09" testName="LucyDepthBufferFindsOneDependent" computerName="LAMBDA" duration="00:00:00.0070000" startTime="2018-08-07T14:48:56.2640307-04:00" endTime="2018-08-07T14:48:56.2640371-04:00" testType="13cdc9d9-ddb5-4fa4-a97d-d965ccfc6d4b" outcome="Passed" testListId="8c84fa94-04c1-424b-9868-57a2d4851a1d" relativeResultsDirectory="6c870a6b-984e-4d1d-98a0-e41c74ce5331" /><UnitTestResult executionId="913a8f1c-a5ff-4f94-9bcc-9f40db19528c" testId="ee87547e-02b6-49b9-86cf-616bd7e7e293" testName="Put_CanUpdateModel" computerName="LAMBDA" duration="00:00:00.0960000" startTime="2018-08-07T14:49:02.6308944-04:00" endTime="2018-08-07T14:49:02.6309012-04:00" testType="13cdc9d9-ddb5-4fa4-a97d-d965ccfc6d4b" outcome="Passed" testListId="8c84fa94-04c1-424b-9868-57a2d4851a1d" relativeResultsDirectory="913a8f1c-a5ff-4f94-9bcc-9f40db19528c" /><UnitTestResult executionId="4f9aaf62-6204-49ee-96d1-3fa1db29987d" testId="1cf74050-273f-4791-93a5-b3f611d090bb" testName="Patch_InvalidEnumPropertyValueReturnsBadRequest" computerName="LAMBDA" duration="00:00:00.0170000" startTime="2018-08-07T14:48:58.4505434-04:00" endTime="2018-08-07T14:48:58.4505481-04:00" testType="13cdc9d9-ddb5-4fa4-a97d-d965ccfc6d4b" outcome="Passed" testListId="8c84fa94-04c1-424b-9868-57a2d4851a1d" relativeResultsDirectory="4f9aaf62-6204-49ee-96d1-3fa1db29987d" /><UnitTestResult executionId="e2787790-8165-4223-90de-d1415ecaa689" testId="f0ee450d-32ed-4dc3-8a47-c692f1df22be" testName="GetFile_ExistingFileReturnsSuccess" computerName="LAMBDA" duration="00:00:00.0380000" startTime="2018-08-07T14:49:17.8125817-04:00" endTime="2018-08-07T14:49:17.8125873-04:00" testType="13cdc9d9-ddb5-4fa4-a97d-d965ccfc6d4b" outcome="Passed" testListId="8c84fa94-04c1-424b-9868-57a2d4851a1d" relativeResultsDirectory="e2787790-8165-4223-90de-d1415ecaa689" /><UnitTestResult executionId="dd7779b1-2900-4a76-aa8d-856ec20d0f6a" testId="5feee4d6-7043-4ac5-903b-269398bcbafd" testName="GetList_ListReturnsCorrectCount" computerName="LAMBDA" duration="00:00:01.6320000" startTime="2018-08-07T14:49:04.3674052-04:00" endTime="2018-08-07T14:49:04.3674112-04:00" testType="13cdc9d9-ddb5-4fa4-a97d-d965ccfc6d4b" outcome="Passed" testListId="8c84fa94-04c1-424b-9868-57a2d4851a1d" relativeResultsDirectory="dd7779b1-2900-4a76-aa8d-856ec20d0f6a" /><UnitTestResult executionId="7f4d4a52-e5b5-4776-a3ed-fe3e7a200c7a" testId="a08b2399-0c50-46b3-8a37-0405d6ea14d5" testName="Patch_MultipleInvalidReferencePropertiesReturnsMultipleValidationErrorsAndBadRequest" computerName="LAMBDA" duration="00:00:00.0310000" startTime="2018-08-07T14:48:58.4123748-04:00" endTime="2018-08-07T14:48:58.4123795-04:00" testType="13cdc9d9-ddb5-4fa4-a97d-d965ccfc6d4b" outcome="Passed" testListId="8c84fa94-04c1-424b-9868-57a2d4851a1d" relativeResultsDirectory="7f4d4a52-e5b5-4776-a3ed-fe3e7a200c7a" /><UnitTestResult executionId="60aa3917-a2cc-493c-8e44-1bd2d5653fef" testId="5625fa2e-56cb-4514-8548-01138f9d6f3b" testName="Put_CanUpdateModel" computerName="LAMBDA" duration="00:00:00.0450000" startTime="2018-08-07T14:48:57.4282515-04:00" endTime="2018-08-07T14:48:57.4282566-04:00" testType="13cdc9d9-ddb5-4fa4-a97d-d965ccfc6d4b" outcome="Passed" testListId="8c84fa94-04c1-424b-9868-57a2d4851a1d" relativeResultsDirectory="60aa3917-a2cc-493c-8e44-1bd2d5653fef" /><UnitTestResult executionId="150a528f-66d4-4ce4-aecb-e39f000e7cfb" testId="fee3efdd-64eb-44fc-96d7-fe4ed371a842" testName="PostFile_NewFileCanBePosted" computerName="LAMBDA" duration="00:00:00.1040000" startTime="2018-08-07T14:49:11.9676429-04:00" endTime="2018-08-07T14:49:11.9676485-04:00" testType="13cdc9d9-ddb5-4fa4-a97d-d965ccfc6d4b" outcome="Passed" testListId="8c84fa94-04c1-424b-9868-57a2d4851a1d" relativeResultsDirectory="150a528f-66d4-4ce4-aecb-e39f000e7cfb" /><UnitTestResult executionId="d11cf56d-7ddc-40f6-be5e-bf452c302b7e" testId="58f0cc98-6458-43e2-9400-b21981ee2fa1" testName="Put_ValidReferencePropertyUpdatesModel" computerName="LAMBDA" duration="00:00:00.0700000" startTime="2018-08-07T14:49:05.9418669-04:00" endTime="2018-08-07T14:49:05.9418725-04:00" testType="13cdc9d9-ddb5-4fa4-a97d-d965ccfc6d4b" outcome="Passed" testListId="8c84fa94-04c1-424b-9868-57a2d4851a1d" relativeResultsDirectory="d11cf56d-7ddc-40f6-be5e-bf452c302b7e" /><UnitTestResult executionId="70c03b1e-6e55-49e4-851f-6e56e8dc2763" testId="39c95f05-c516-43d3-8dcb-36a9ec442a3b" testName="GetList_ListReturnsCorrectCount" computerName="LAMBDA" duration="00:00:00.0200000" startTime="2018-08-07T14:48:58.4331777-04:00" endTime="2018-08-07T14:48:58.4331819-04:00" testType="13cdc9d9-ddb5-4fa4-a97d-d965ccfc6d4b" outcome="Passed" testListId="8c84fa94-04c1-424b-9868-57a2d4851a1d" relativeResultsDirectory="70c03b1e-6e55-49e4-851f-6e56e8dc2763" /><UnitTestResult executionId="65b9448b-6621-41b7-a13b-3f3a68b08f74" testId="bdcb479d-bc00-43dd-9754-4a2bbd5fb8bc" testName="Put_InvalidReferencePropertyReturndBadRequest" computerName="LAMBDA" duration="00:00:00.2500000" startTime="2018-08-07T14:49:21.6328393-04:00" endTime="2018-08-07T14:49:21.6328457-04:00" testType="13cdc9d9-ddb5-4fa4-a97d-d965ccfc6d4b" outcome="Passed" testListId="8c84fa94-04c1-424b-9868-57a2d4851a1d" relativeResultsDirectory="65b9448b-6621-41b7-a13b-3f3a68b08f74" /><UnitTestResult executionId="607e0342-3f01-497a-95ad-f545ef23a159" testId="dec0d8d5-488e-4873-bd00-d8f4b49c3ef4" testName="PostFile_NewFileCanBePosted" computerName="LAMBDA" duration="00:00:00.1830000" startTime="2018-08-07T14:49:20.4709088-04:00" endTime="2018-08-07T14:49:20.4709143-04:00" testType="13cdc9d9-ddb5-4fa4-a97d-d965ccfc6d4b" outcome="Passed" testListId="8c84fa94-04c1-424b-9868-57a2d4851a1d" relativeResultsDirectory="607e0342-3f01-497a-95ad-f545ef23a159" /><UnitTestResult executionId="93c67c58-13c2-46df-b4d9-793cf2b577c5" testId="ab7ff8ef-f79e-44ad-ab6a-39c6e5381f99" testName="PutFile_FileCanBeUpdated" computerName="LAMBDA" duration="00:00:00.2740000" startTime="2018-08-07T14:49:19.5437174-04:00" endTime="2018-08-07T14:49:19.5437238-04:00" testType="13cdc9d9-ddb5-4fa4-a97d-d965ccfc6d4b" outcome="Passed" testListId="8c84fa94-04c1-424b-9868-57a2d4851a1d" relativeResultsDirectory="93c67c58-13c2-46df-b4d9-793cf2b577c5" /><UnitTestResult executionId="22590dbe-530d-45ec-8685-3af35634e881" testId="b378bdc3-a4f0-49fe-9aa5-21115652857e" testName="Post_ValidReferencePropertyCreatesModel" computerName="LAMBDA" duration="00:00:00.0320000" startTime="2018-08-07T14:49:17.7178909-04:00" endTime="2018-08-07T14:49:17.7178969-04:00" testType="13cdc9d9-ddb5-4fa4-a97d-d965ccfc6d4b" outcome="Passed" testListId="8c84fa94-04c1-424b-9868-57a2d4851a1d" relativeResultsDirectory="22590dbe-530d-45ec-8685-3af35634e881" /><UnitTestResult executionId="25febfde-f3c6-4b2d-857b-f498d2630630" testId="be105870-0c59-4dd5-ba8a-0905dfa78adc" testName="Put_InvalidReferencePropertyReturndBadRequest" computerName="LAMBDA" duration="00:00:00.0470000" startTime="2018-08-07T14:49:06.4273932-04:00" endTime="2018-08-07T14:49:06.4273988-04:00" testType="13cdc9d9-ddb5-4fa4-a97d-d965ccfc6d4b" outcome="Passed" testListId="8c84fa94-04c1-424b-9868-57a2d4851a1d" relativeResultsDirectory="25febfde-f3c6-4b2d-857b-f498d2630630" /><UnitTestResult executionId="5700aa0d-fb91-41d8-b4a9-5b08c043e9e5" testId="7e6c65af-0241-4e24-b2ef-ed6576c22017" testName="Delete_TargetModelIsDeleted" computerName="LAMBDA" duration="00:00:00.0420000" startTime="2018-08-07T14:49:17.1468760-04:00" endTime="2018-08-07T14:49:17.1468807-04:00" testType="13cdc9d9-ddb5-4fa4-a97d-d965ccfc6d4b" outcome="Passed" testListId="8c84fa94-04c1-424b-9868-57a2d4851a1d" relativeResultsDirectory="5700aa0d-fb91-41d8-b4a9-5b08c043e9e5" /><UnitTestResult executionId="0e366cc8-45ee-4a51-8a59-6f3464f2b860" testId="d9850067-cb42-4b39-9f4b-810b4bb16265" testName="PutFile_NewFileCanBePut" computerName="LAMBDA" duration="00:00:00.4560000" startTime="2018-08-07T14:49:06.9420568-04:00" endTime="2018-08-07T14:49:06.9420636-04:00" testType="13cdc9d9-ddb5-4fa4-a97d-d965ccfc6d4b" outcome="Passed" testListId="8c84fa94-04c1-424b-9868-57a2d4851a1d" relativeResultsDirectory="0e366cc8-45ee-4a51-8a59-6f3464f2b860" /><UnitTestResult executionId="e59baaf2-44ba-42b1-a1c7-4efc2ee8e776" testId="b05aff2f-2d32-4b0b-ad61-0b3aa8bf14d0" testName="Put_InvalidIdReturnsNotFound" computerName="LAMBDA" duration="00:00:00.0410000" startTime="2018-08-07T14:48:57.3408530-04:00" endTime="2018-08-07T14:48:57.3408581-04:00" testType="13cdc9d9-ddb5-4fa4-a97d-d965ccfc6d4b" outcome="Passed" testListId="8c84fa94-04c1-424b-9868-57a2d4851a1d" relativeResultsDirectory="e59baaf2-44ba-42b1-a1c7-4efc2ee8e776" /><UnitTestResult executionId="cf998768-84e7-4559-b477-190b49c23f0c" testId="6b7f2849-dc2b-44c4-b782-856c15213675" testName="Patch_ValidReferencePropertyUpdatesModel" computerName="LAMBDA" duration="00:00:00.1270000" startTime="2018-08-07T14:49:22.0236725-04:00" endTime="2018-08-07T14:49:22.0236789-04:00" testType="13cdc9d9-ddb5-4fa4-a97d-d965ccfc6d4b" outcome="Passed" testListId="8c84fa94-04c1-424b-9868-57a2d4851a1d" relativeResultsDirectory="cf998768-84e7-4559-b477-190b49c23f0c" /><UnitTestResult executionId="98744cc8-a6bf-4ae8-b561-2fd9afbda853" testId="b86e15e6-8133-47bc-aff0-dfd53245cde8" testName="Post_InvalidReferencePropertyReturnsBadRequest" computerName="LAMBDA" duration="00:00:00.0120000" startTime="2018-08-07T14:48:56.9820631-04:00" endTime="2018-08-07T14:48:56.9820674-04:00" testType="13cdc9d9-ddb5-4fa4-a97d-d965ccfc6d4b" outcome="Passed" testListId="8c84fa94-04c1-424b-9868-57a2d4851a1d" relativeResultsDirectory="98744cc8-a6bf-4ae8-b561-2fd9afbda853" /><UnitTestResult executionId="67523550-8ba1-4f44-a97a-80a41f3146be" testId="8d2261dc-f929-4413-b4c4-e69ddab9efa0" testName="Post_ValidReferencePropertyCreatesModel" computerName="LAMBDA" duration="00:00:00.0100000" startTime="2018-08-07T14:48:56.9703141-04:00" endTime="2018-08-07T14:48:56.9703184-04:00" testType="13cdc9d9-ddb5-4fa4-a97d-d965ccfc6d4b" outcome="Passed" testListId="8c84fa94-04c1-424b-9868-57a2d4851a1d" relativeResultsDirectory="67523550-8ba1-4f44-a97a-80a41f3146be" /><UnitTestResult executionId="0b3d3e0c-f8ee-477c-85a7-6934ce80771f" testId="9ceea8eb-27c1-4c40-b213-ef605723b6d6" testName="GetSingle_ValidIdPropertyValueReturnsCorrectModel" computerName="LAMBDA" duration="00:00:00.0170000" startTime="2018-08-07T14:48:57.3580964-04:00" endTime="2018-08-07T14:48:57.3581007-04:00" testType="13cdc9d9-ddb5-4fa4-a97d-d965ccfc6d4b" outcome="Passed" testListId="8c84fa94-04c1-424b-9868-57a2d4851a1d" relativeResultsDirectory="0b3d3e0c-f8ee-477c-85a7-6934ce80771f" /><UnitTestResult executionId="30a2a135-e48b-4d99-86b2-acade0711f65" testId="d45ad9d5-4f42-4697-b086-759224ef59f2" testName="Patch_InvalidIdPropertyReturnsNotFound" computerName="LAMBDA" duration="00:00:00.0280000" startTime="2018-08-07T14:49:06.1708910-04:00" endTime="2018-08-07T14:49:06.1708965-04:00" testType="13cdc9d9-ddb5-4fa4-a97d-d965ccfc6d4b" outcome="Passed" testListId="8c84fa94-04c1-424b-9868-57a2d4851a1d" relativeResultsDirectory="30a2a135-e48b-4d99-86b2-acade0711f65" /><UnitTestResult executionId="a50abfbc-9f7c-4acb-8586-178b7c8262e6" testId="4a828737-5da6-49e9-88ac-7926ab5ecdc3" testName="Put_InvalidIdReturnsNotFound" computerName="LAMBDA" duration="00:00:00.0400000" startTime="2018-08-07T14:48:58.1407836-04:00" endTime="2018-08-07T14:48:58.1407888-04:00" testType="13cdc9d9-ddb5-4fa4-a97d-d965ccfc6d4b" outcome="Passed" testListId="8c84fa94-04c1-424b-9868-57a2d4851a1d" relativeResultsDirectory="a50abfbc-9f7c-4acb-8586-178b7c8262e6" /><UnitTestResult executionId="ac9bfd8c-6e40-4bf8-82c2-ce16475145db" testId="22ad1ea1-6c32-461c-b0f9-451323437619" testName="PutFile_NewFileCanBePut" computerName="LAMBDA" duration="00:00:00.3440000" startTime="2018-08-07T14:48:58.9249078-04:00" endTime="2018-08-07T14:48:58.9249164-04:00" testType="13cdc9d9-ddb5-4fa4-a97d-d965ccfc6d4b" outcome="Passed" testListId="8c84fa94-04c1-424b-9868-57a2d4851a1d" relativeResultsDirectory="ac9bfd8c-6e40-4bf8-82c2-ce16475145db" /><UnitTestResult executionId="bbe54f47-542f-4448-9e0f-c6bfe126db61" testId="820a7299-3994-4bfd-9dea-c4b8c654a6d9" testName="Post_CanCreateNewModel" computerName="LAMBDA" duration="00:00:00.0370000" startTime="2018-08-07T14:49:06.0788434-04:00" endTime="2018-08-07T14:49:06.0788481-04:00" testType="13cdc9d9-ddb5-4fa4-a97d-d965ccfc6d4b" outcome="Passed" testListId="8c84fa94-04c1-424b-9868-57a2d4851a1d" relativeResultsDirectory="bbe54f47-542f-4448-9e0f-c6bfe126db61" /><UnitTestResult executionId="b12b4add-d64c-4d65-926c-fd2e3073af1b" testId="13df7551-b8d3-42b3-8060-56bc12311378" testName="LucyCameraFindsAllDependents" computerName="LAMBDA" duration="00:00:00.0130000" startTime="2018-08-07T14:48:56.2551997-04:00" endTime="2018-08-07T14:48:56.2552052-04:00" testType="13cdc9d9-ddb5-4fa4-a97d-d965ccfc6d4b" outcome="Passed" testListId="8c84fa94-04c1-424b-9868-57a2d4851a1d" relativeResultsDirectory="b12b4add-d64c-4d65-926c-fd2e3073af1b" /><UnitTestResult executionId="f8d2117b-c435-4203-bc7d-e27152467bba" testId="10921e02-b252-4935-8895-d84f592d551c" testName="Post_CanCreateNewModel" computerName="LAMBDA" duration="00:00:00.0320000" startTime="2018-08-07T14:49:20.7756957-04:00" endTime="2018-08-07T14:49:20.7757021-04:00" testType="13cdc9d9-ddb5-4fa4-a97d-d965ccfc6d4b" outcome="Passed" testListId="8c84fa94-04c1-424b-9868-57a2d4851a1d" relativeResultsDirectory="f8d2117b-c435-4203-bc7d-e27152467bba" /><UnitTestResult executionId="38d25e3b-5ec2-4d70-a7dd-a09d9fa138d5" testId="6dd3a18f-c728-47ef-938d-e805bb6eecfa" testName="GetFile_NonExistentFileReturnsNotFound" computerName="LAMBDA" duration="00:00:00.0230000" startTime="2018-08-07T14:49:01.2536669-04:00" endTime="2018-08-07T14:49:01.2536725-04:00" testType="13cdc9d9-ddb5-4fa4-a97d-d965ccfc6d4b" outcome="Passed" testListId="8c84fa94-04c1-424b-9868-57a2d4851a1d" relativeResultsDirectory="38d25e3b-5ec2-4d70-a7dd-a09d9fa138d5" /><UnitTestResult executionId="639267d1-7ee1-464e-a76d-85f41c60c15a" testId="e6449177-a963-429d-be65-456f7162a219" testName="Post_InvalidPropertyValueReturnsBadRequest" computerName="LAMBDA" duration="00:00:00.0240000" startTime="2018-08-07T14:49:21.8956002-04:00" endTime="2018-08-07T14:49:21.8956066-04:00" testType="13cdc9d9-ddb5-4fa4-a97d-d965ccfc6d4b" outcome="Passed" testListId="8c84fa94-04c1-424b-9868-57a2d4851a1d" relativeResultsDirectory="639267d1-7ee1-464e-a76d-85f41c60c15a" /><UnitTestResult executionId="25fa68df-88b4-4e3b-bcb6-3583ed80adce" testId="861f849c-37c4-47df-8a2d-b568d9799b5f" testName="Post_InvalidPropertyValueReturnsBadRequest" computerName="LAMBDA" duration="00:00:00.0160000" startTime="2018-08-07T14:49:17.6027983-04:00" endTime="2018-08-07T14:49:17.6028026-04:00" testType="13cdc9d9-ddb5-4fa4-a97d-d965ccfc6d4b" outcome="Passed" testListId="8c84fa94-04c1-424b-9868-57a2d4851a1d" relativeResultsDirectory="25fa68df-88b4-4e3b-bcb6-3583ed80adce" /><UnitTestResult executionId="ed6a12ca-eaa3-4a80-9ba1-c6ea7f642904" testId="710de569-2675-4523-b6bf-b77487b9b35c" testName="FileRequest_MeshGenerateSetsFileIsSynchronized" computerName="LAMBDA" duration="00:00:04.2460000" startTime="2018-08-07T14:49:16.2141842-04:00" endTime="2018-08-07T14:49:16.2141889-04:00" testType="13cdc9d9-ddb5-4fa4-a97d-d965ccfc6d4b" outcome="Passed" testListId="8c84fa94-04c1-424b-9868-57a2d4851a1d" relativeResultsDirectory="ed6a12ca-eaa3-4a80-9ba1-c6ea7f642904" /><UnitTestResult executionId="f58b0dde-3fd4-424b-9533-4296592147ba" testId="5fcada4d-a6b6-4e58-8583-f2282955e5cb" testName="Post_InvalidPropertyValueReturnsBadRequest" computerName="LAMBDA" duration="00:00:00.0170000" startTime="2018-08-07T14:49:02.1066268-04:00" endTime="2018-08-07T14:49:02.1066328-04:00" testType="13cdc9d9-ddb5-4fa4-a97d-d965ccfc6d4b" outcome="Passed" testListId="8c84fa94-04c1-424b-9868-57a2d4851a1d" relativeResultsDirectory="f58b0dde-3fd4-424b-9533-4296592147ba" /><UnitTestResult executionId="2df12734-dcae-415a-93c5-f7503ef41e62" testId="f80d8b2e-8b7c-44cf-99fe-bb85c909bf32" testName="GetFile_FileCanBeRoundTripped" computerName="LAMBDA" duration="00:00:00.4630000" startTime="2018-08-07T14:49:01.2306246-04:00" endTime="2018-08-07T14:49:01.2306301-04:00" testType="13cdc9d9-ddb5-4fa4-a97d-d965ccfc6d4b" outcome="Passed" testListId="8c84fa94-04c1-424b-9868-57a2d4851a1d" relativeResultsDirectory="2df12734-dcae-415a-93c5-f7503ef41e62" /><UnitTestResult executionId="994c22a6-1995-4539-a36c-2d43b417ca97" testId="357095a1-f780-49f6-902a-545b2b77cb6f" testName="Patch_InvalidPropertyNameReturnsBadRequest" computerName="LAMBDA" duration="00:00:00.0260000" startTime="2018-08-07T14:49:17.0368260-04:00" endTime="2018-08-07T14:49:17.0368341-04:00" testType="13cdc9d9-ddb5-4fa4-a97d-d965ccfc6d4b" outcome="Passed" testListId="8c84fa94-04c1-424b-9868-57a2d4851a1d" relativeResultsDirectory="994c22a6-1995-4539-a36c-2d43b417ca97" /><UnitTestResult executionId="6a3f3735-a464-41dc-bfc7-9dc171ae4289" testId="de2829e5-b0b4-4572-8bc3-d4f30ac84a9f" testName="FileRequest_MeshIsInvalidatedAfterDepthBufferFileBecomesUnsynchronized" computerName="LAMBDA" duration="00:00:03.0520000" startTime="2018-08-07T14:49:09.9949085-04:00" endTime="2018-08-07T14:49:09.9949132-04:00" testType="13cdc9d9-ddb5-4fa4-a97d-d965ccfc6d4b" outcome="Passed" testListId="8c84fa94-04c1-424b-9868-57a2d4851a1d" relativeResultsDirectory="6a3f3735-a464-41dc-bfc7-9dc171ae4289" /><UnitTestResult executionId="f6af5945-9364-46d4-9135-f23b132ce409" testId="25de0670-8a5b-484d-906f-ce0fbdd7b527" testName="Post_ValidReferencePropertyCreatesModel" computerName="LAMBDA" duration="00:00:00.0380000" startTime="2018-08-07T14:49:06.2986272-04:00" endTime="2018-08-07T14:49:06.2986319-04:00" testType="13cdc9d9-ddb5-4fa4-a97d-d965ccfc6d4b" outcome="Passed" testListId="8c84fa94-04c1-424b-9868-57a2d4851a1d" relativeResultsDirectory="f6af5945-9364-46d4-9135-f23b132ce409" /><UnitTestResult executionId="da7c7679-a1e5-4494-99f4-6ec6bc4f14ea" testId="4fc05da6-198e-45a3-8a1b-b77d801f2a7b" testName="GetSingle_InvalidIdPropertyValueReturnsNotFound" computerName="LAMBDA" duration="00:00:00.0150000" startTime="2018-08-07T14:48:57.3832130-04:00" endTime="2018-08-07T14:48:57.3832177-04:00" testType="13cdc9d9-ddb5-4fa4-a97d-d965ccfc6d4b" outcome="Passed" testListId="8c84fa94-04c1-424b-9868-57a2d4851a1d" relativeResultsDirectory="da7c7679-a1e5-4494-99f4-6ec6bc4f14ea" /><UnitTestResult executionId="4c2e2d3e-4f44-4f09-9bbd-8b1e419b0b5e" testId="88b142b3-cc7b-4069-9711-7dc7a0d4d6e4" testName="PostFile_FileTimeStampIsUpdatedAfterFileIsPosted" computerName="LAMBDA" duration="00:00:01.2060000" startTime="2018-08-07T14:49:11.8634248-04:00" endTime="2018-08-07T14:49:11.8634317-04:00" testType="13cdc9d9-ddb5-4fa4-a97d-d965ccfc6d4b" outcome="Passed" testListId="8c84fa94-04c1-424b-9868-57a2d4851a1d" relativeResultsDirectory="4c2e2d3e-4f44-4f09-9bbd-8b1e419b0b5e" /><UnitTestResult executionId="f112053e-fc30-4160-ac6c-93653bcac912" testId="3364de47-f764-4bc4-8dbd-9e1723ab4a28" testName="Patch_TargetPropertyIsUpdated" computerName="LAMBDA" duration="00:00:00.1870000" startTime="2018-08-07T14:48:57.9787714-04:00" endTime="2018-08-07T14:48:57.9787770-04:00" testType="13cdc9d9-ddb5-4fa4-a97d-d965ccfc6d4b" outcome="Passed" testListId="8c84fa94-04c1-424b-9868-57a2d4851a1d" relativeResultsDirectory="f112053e-fc30-4160-ac6c-93653bcac912" /><UnitTestResult executionId="01e34242-a16d-4ae2-bb7a-ab66977b0281" testId="88856659-094a-427e-a317-09933ce677ff" testName="Patch_InvalidPropertyNameReturnsBadRequest" computerName="LAMBDA" duration="00:00:00.0950000" startTime="2018-08-07T14:48:56.9600046-04:00" endTime="2018-08-07T14:48:56.9600110-04:00" testType="13cdc9d9-ddb5-4fa4-a97d-d965ccfc6d4b" outcome="Passed" testListId="8c84fa94-04c1-424b-9868-57a2d4851a1d" relativeResultsDirectory="01e34242-a16d-4ae2-bb7a-ab66977b0281" /><UnitTestResult executionId="4bc26d2c-f379-4a2b-be6e-12aa269006bc" testId="e9949021-50dc-4845-9c9c-a4928d8c2dd8" testName="Patch_TargetPropertyIsUpdated" computerName="LAMBDA" duration="00:00:00.0670000" startTime="2018-08-07T14:49:17.2782191-04:00" endTime="2018-08-07T14:49:17.2782242-04:00" testType="13cdc9d9-ddb5-4fa4-a97d-d965ccfc6d4b" outcome="Passed" testListId="8c84fa94-04c1-424b-9868-57a2d4851a1d" relativeResultsDirectory="4bc26d2c-f379-4a2b-be6e-12aa269006bc" /><UnitTestResult executionId="c4002ed9-0ee7-47b4-8930-c027439e92ba" testId="0ff0048c-483e-4757-8b1b-c0daaa8d3b9d" testName="Patch_MultipleInvalidReferencePropertiesReturnsMultipleValidationErrorsAndBadRequest" computerName="LAMBDA" duration="00:00:00.0340000" startTime="2018-08-07T14:49:01.8670667-04:00" endTime="2018-08-07T14:49:01.8670709-04:00" testType="13cdc9d9-ddb5-4fa4-a97d-d965ccfc6d4b" outcome="Passed" testListId="8c84fa94-04c1-424b-9868-57a2d4851a1d" relativeResultsDirectory="c4002ed9-0ee7-47b4-8930-c027439e92ba" /><UnitTestResult executionId="4cccc079-d8a4-452b-80da-cb5fc4fc74b8" testId="58279a36-7efc-4d4b-a896-a54f53fb042d" testName="Post_InvalidReferencePropertyReturnsBadRequest" computerName="LAMBDA" duration="00:00:00.0350000" startTime="2018-08-07T14:49:02.7336884-04:00" endTime="2018-08-07T14:49:02.7336953-04:00" testType="13cdc9d9-ddb5-4fa4-a97d-d965ccfc6d4b" outcome="Passed" testListId="8c84fa94-04c1-424b-9868-57a2d4851a1d" relativeResultsDirectory="4cccc079-d8a4-452b-80da-cb5fc4fc74b8" /><UnitTestResult executionId="e2d27961-437c-4cbc-8b84-2e6ff8f52d6f" testId="feb25d4f-bbad-4a46-9d9e-4f57afb8ba9a" testName="Patch_InvalidEnumPropertyValueReturnsBadRequest" computerName="LAMBDA" duration="00:00:00.0370000" startTime="2018-08-07T14:49:16.9754186-04:00" endTime="2018-08-07T14:49:16.9754233-04:00" testType="13cdc9d9-ddb5-4fa4-a97d-d965ccfc6d4b" outcome="Passed" testListId="8c84fa94-04c1-424b-9868-57a2d4851a1d" relativeResultsDirectory="e2d27961-437c-4cbc-8b84-2e6ff8f52d6f" /><UnitTestResult executionId="f1615e71-7900-40e5-a389-3438d38473f8" testId="a995e9eb-c838-41e4-95b9-f3d12be7cfa6" testName="Put_ValidReferencePropertyUpdatesModel" computerName="LAMBDA" duration="00:00:00.1190000" startTime="2018-08-07T14:49:02.0887821-04:00" endTime="2018-08-07T14:49:02.0887868-04:00" testType="13cdc9d9-ddb5-4fa4-a97d-d965ccfc6d4b" outcome="Passed" testListId="8c84fa94-04c1-424b-9868-57a2d4851a1d" relativeResultsDirectory="f1615e71-7900-40e5-a389-3438d38473f8" /><UnitTestResult executionId="21bb36b3-d884-4538-81ee-3ddec5f596b6" testId="af280248-de0c-4440-866a-9ced5d07ffe0" testName="Patch_InvalidReferencePropertyReturnsBadRequest" computerName="LAMBDA" duration="00:00:00.0250000" startTime="2018-08-07T14:48:58.5029123-04:00" endTime="2018-08-07T14:48:58.5029174-04:00" testType="13cdc9d9-ddb5-4fa4-a97d-d965ccfc6d4b" outcome="Passed" testListId="8c84fa94-04c1-424b-9868-57a2d4851a1d" relativeResultsDirectory="21bb36b3-d884-4538-81ee-3ddec5f596b6" /><UnitTestResult executionId="bfc084fb-b01b-405e-9e25-33052d0b63ed" testId="a4e2b931-6c32-4940-b810-e86cbce4c80d" testName="GetSingle_InvalidIdPropertyValueReturnsNotFound" computerName="LAMBDA" duration="00:00:00.0190000" startTime="2018-08-07T14:49:17.6857103-04:00" endTime="2018-08-07T14:49:17.6857162-04:00" testType="13cdc9d9-ddb5-4fa4-a97d-d965ccfc6d4b" outcome="Passed" testListId="8c84fa94-04c1-424b-9868-57a2d4851a1d" relativeResultsDirectory="bfc084fb-b01b-405e-9e25-33052d0b63ed" /><UnitTestResult executionId="126390a5-d529-47e1-8d46-9176f97da1bb" testId="7a6098f9-6ce1-42dd-92e8-6456731676cf" testName="Post_InvalidReferencePropertyReturnsBadRequest" computerName="LAMBDA" duration="00:00:00.2820000" startTime="2018-08-07T14:48:57.7910053-04:00" endTime="2018-08-07T14:48:57.7910108-04:00" testType="13cdc9d9-ddb5-4fa4-a97d-d965ccfc6d4b" outcome="Passed" testListId="8c84fa94-04c1-424b-9868-57a2d4851a1d" relativeResultsDirectory="126390a5-d529-47e1-8d46-9176f97da1bb" /><UnitTestResult executionId="f8294cd9-ff2a-4ada-b926-80593e208389" testId="546cde58-7c58-4b88-8072-dadfd7eb90d0" testName="Patch_TargetPropertyIsUpdated" computerName="LAMBDA" duration="00:00:00.1070000" startTime="2018-08-07T14:49:22.3880532-04:00" endTime="2018-08-07T14:49:22.3880588-04:00" testType="13cdc9d9-ddb5-4fa4-a97d-d965ccfc6d4b" outcome="Passed" testListId="8c84fa94-04c1-424b-9868-57a2d4851a1d" relativeResultsDirectory="f8294cd9-ff2a-4ada-b926-80593e208389" /><UnitTestResult executionId="aafa4f45-71d7-4124-85aa-45f2a8ef1aeb" testId="195e9bdb-1a06-4766-8ca7-592dbfe332d8" testName="Post_CanCreateNewModel" computerName="LAMBDA" duration="00:00:00.0270000" startTime="2018-08-07T14:48:58.4778470-04:00" endTime="2018-08-07T14:48:58.4778508-04:00" testType="13cdc9d9-ddb5-4fa4-a97d-d965ccfc6d4b" outcome="Passed" testListId="8c84fa94-04c1-424b-9868-57a2d4851a1d" relativeResultsDirectory="aafa4f45-71d7-4124-85aa-45f2a8ef1aeb" /><UnitTestResult executionId="d87f4689-1902-4cee-9bf6-b46d36da49f9" testId="f762eb4e-470c-4793-82a7-0ee53addb0df" testName="PostFile_NewFileCanBePosted" computerName="LAMBDA" duration="00:00:00.3590000" startTime="2018-08-07T14:49:00.7666388-04:00" endTime="2018-08-07T14:49:00.7666439-04:00" testType="13cdc9d9-ddb5-4fa4-a97d-d965ccfc6d4b" outcome="Passed" testListId="8c84fa94-04c1-424b-9868-57a2d4851a1d" relativeResultsDirectory="d87f4689-1902-4cee-9bf6-b46d36da49f9" /><UnitTestResult executionId="27e2039a-682f-4a0a-8131-c187ecb8d7ba" testId="d91bd53c-bf62-400b-a2ce-ebfc46e3e6eb" testName="GetFile_ExistingFileReturnsSuccess" computerName="LAMBDA" duration="00:00:00.3580000" startTime="2018-08-07T14:49:00.0355152-04:00" endTime="2018-08-07T14:49:00.0355216-04:00" testType="13cdc9d9-ddb5-4fa4-a97d-d965ccfc6d4b" outcome="Passed" testListId="8c84fa94-04c1-424b-9868-57a2d4851a1d" relativeResultsDirectory="27e2039a-682f-4a0a-8131-c187ecb8d7ba" /><UnitTestResult executionId="838e2cf6-868d-4336-ab07-165569276f80" testId="104b7d96-fca4-4c27-956e-99701c9f2640" testName="CameraHasExpectedDependentFiles" computerName="LAMBDA" duration="00:00:00.0010000" startTime="2018-08-07T14:48:56.2558411-04:00" endTime="2018-08-07T14:48:56.2558446-04:00" testType="13cdc9d9-ddb5-4fa4-a97d-d965ccfc6d4b" outcome="Passed" testListId="8c84fa94-04c1-424b-9868-57a2d4851a1d" relativeResultsDirectory="838e2cf6-868d-4336-ab07-165569276f80" /><UnitTestResult executionId="c9bd3a15-9a2c-412b-a247-1e806a3f471c" testId="ef90736c-ef83-43bf-afdf-bf73c1d32d54" testName="Patch_InvalidEnumPropertyValueReturnsBadRequest" computerName="LAMBDA" duration="00:00:00.0160000" startTime="2018-08-07T14:49:02.2194598-04:00" endTime="2018-08-07T14:49:02.2194671-04:00" testType="13cdc9d9-ddb5-4fa4-a97d-d965ccfc6d4b" outcome="Passed" testListId="8c84fa94-04c1-424b-9868-57a2d4851a1d" relativeResultsDirectory="c9bd3a15-9a2c-412b-a247-1e806a3f471c" /><UnitTestResult executionId="19a4b781-4049-4225-839b-2ea4a4d57a26" testId="d1a36918-435d-44f4-8a03-e2d80184eb47" testName="Patch_MultipleInvalidReferencePropertiesReturnsMultipleValidationErrorsAndBadRequest" computerName="LAMBDA" duration="00:00:00.0370000" startTime="2018-08-07T14:49:06.2596665-04:00" endTime="2018-08-07T14:49:06.2596712-04:00" testType="13cdc9d9-ddb5-4fa4-a97d-d965ccfc6d4b" outcome="Passed" testListId="8c84fa94-04c1-424b-9868-57a2d4851a1d" relativeResultsDirectory="19a4b781-4049-4225-839b-2ea4a4d57a26" /><UnitTestResult executionId="3aa5ac17-a0ba-4bd4-857a-855931bd42a6" testId="49b37aa3-9c4b-4b63-aee0-131fe64b1a8c" testName="Patch_InvalidIdPropertyReturnsNotFound" computerName="LAMBDA" duration="00:00:00.0350000" startTime="2018-08-07T14:49:02.2034163-04:00" endTime="2018-08-07T14:49:02.2034231-04:00" testType="13cdc9d9-ddb5-4fa4-a97d-d965ccfc6d4b" outcome="Passed" testListId="8c84fa94-04c1-424b-9868-57a2d4851a1d" relativeResultsDirectory="3aa5ac17-a0ba-4bd4-857a-855931bd42a6" /><UnitTestResult executionId="ffa7f107-4d0d-4525-8003-79a47ccef4d0" testId="549a6cf2-9332-4ad9-8944-3002ee97c2b3" testName="LucyModel3dHasTwoDependents" computerName="LAMBDA" duration="00:00:01.6890000" startTime="2018-08-07T14:48:56.2415827-04:00" endTime="2018-08-07T14:48:56.2415904-04:00" testType="13cdc9d9-ddb5-4fa4-a97d-d965ccfc6d4b" outcome="Passed" testListId="8c84fa94-04c1-424b-9868-57a2d4851a1d" relativeResultsDirectory="ffa7f107-4d0d-4525-8003-79a47ccef4d0" /><UnitTestResult executionId="e2ba31ce-5947-4fdd-b2bf-0545edc62e80" testId="b631f8fe-3e24-486a-b013-6c520af539fc" testName="Patch_MultipleInvalidReferencePropertiesReturnsMultipleValidationErrorsAndBadRequest" computerName="LAMBDA" duration="00:00:00.0110000" startTime="2018-08-07T14:48:57.4615195-04:00" endTime="2018-08-07T14:48:57.4615242-04:00" testType="13cdc9d9-ddb5-4fa4-a97d-d965ccfc6d4b" outcome="Passed" testListId="8c84fa94-04c1-424b-9868-57a2d4851a1d" relativeResultsDirectory="e2ba31ce-5947-4fdd-b2bf-0545edc62e80" /><UnitTestResult executionId="e6fb3541-428e-432b-8bd5-1f783c037f5d" testId="38232eca-731d-4754-bb14-f8d0830a3ddd" testName="Patch_ValidReferencePropertyUpdatesModel" computerName="LAMBDA" duration="00:00:00.0800000" startTime="2018-08-07T14:48:58.2809834-04:00" endTime="2018-08-07T14:48:58.2809903-04:00" testType="13cdc9d9-ddb5-4fa4-a97d-d965ccfc6d4b" outcome="Passed" testListId="8c84fa94-04c1-424b-9868-57a2d4851a1d" relativeResultsDirectory="e6fb3541-428e-432b-8bd5-1f783c037f5d" /><UnitTestResult executionId="f0a83972-39d8-4d8c-94f5-e3d59c74fdbf" testId="5ee9ce7b-ede6-4827-bb0d-f14cc994da97" testName="Post_InvalidPropertyValueReturnsBadRequest" computerName="LAMBDA" duration="00:00:00.0190000" startTime="2018-08-07T14:48:57.5080334-04:00" endTime="2018-08-07T14:48:57.5080377-04:00" testType="13cdc9d9-ddb5-4fa4-a97d-d965ccfc6d4b" outcome="Passed" testListId="8c84fa94-04c1-424b-9868-57a2d4851a1d" relativeResultsDirectory="f0a83972-39d8-4d8c-94f5-e3d59c74fdbf" /><UnitTestResult executionId="896d23a4-fb4b-4039-9e9a-24916d00037a" testId="37d1025c-37fb-4cb1-9eed-3809873b4a12" testName="PostFile_FileIsSynchronizedIsUpdatedAfterFileIsPosted" computerName="LAMBDA" duration="00:00:00.0180000" startTime="2018-08-07T14:49:01.2715776-04:00" endTime="2018-08-07T14:49:01.2715840-04:00" testType="13cdc9d9-ddb5-4fa4-a97d-d965ccfc6d4b" outcome="Passed" testListId="8c84fa94-04c1-424b-9868-57a2d4851a1d" relativeResultsDirectory="896d23a4-fb4b-4039-9e9a-24916d00037a" /><UnitTestResult executionId="3b623b2d-cfde-4c41-a9cd-345cdb1fafe1" testId="fd776388-844f-4cc1-ad53-339e074bd3c3" testName="Put_ValidReferencePropertyUpdatesModel" computerName="LAMBDA" duration="00:00:00.0500000" startTime="2018-08-07T14:48:58.3314848-04:00" endTime="2018-08-07T14:48:58.3314903-04:00" testType="13cdc9d9-ddb5-4fa4-a97d-d965ccfc6d4b" outcome="Passed" testListId="8c84fa94-04c1-424b-9868-57a2d4851a1d" relativeResultsDirectory="3b623b2d-cfde-4c41-a9cd-345cdb1fafe1" /><UnitTestResult executionId="6a378a0b-e259-4e7a-9136-1aada4a19516" testId="4987fd97-4c8d-4f65-9098-ea4e779370f3" testName="Post_InvalidReferencePropertyReturnsBadRequest" computerName="LAMBDA" duration="00:00:00.0240000" startTime="2018-08-07T14:49:20.9552470-04:00" endTime="2018-08-07T14:49:20.9552530-04:00" testType="13cdc9d9-ddb5-4fa4-a97d-d965ccfc6d4b" outcome="Passed" testListId="8c84fa94-04c1-424b-9868-57a2d4851a1d" relativeResultsDirectory="6a378a0b-e259-4e7a-9136-1aada4a19516" /><UnitTestResult executionId="1d15ff43-f7a7-42c2-9dc0-a4794a346f67" testId="0ab0a788-62e8-46f0-a9d7-71037dcf18f9" testName="Post_InvalidPropertyValueReturnsBadRequest" computerName="LAMBDA" duration="00:00:00.0160000" startTime="2018-08-07T14:48:58.1759480-04:00" endTime="2018-08-07T14:48:58.1759540-04:00" testType="13cdc9d9-ddb5-4fa4-a97d-d965ccfc6d4b" outcome="Passed" testListId="8c84fa94-04c1-424b-9868-57a2d4851a1d" relativeResultsDirectory="1d15ff43-f7a7-42c2-9dc0-a4794a346f67" /><UnitTestResult executionId="1a72e2a6-4743-4cf1-b21d-eb4d459c4ff1" testId="f37953ec-11bc-4f24-98ea-fac7ef13850e" testName="Patch_MultipleInvalidReferencePropertiesReturnsMultipleValidationErrorsAndBadRequest" computerName="LAMBDA" duration="00:00:00.0270000" startTime="2018-08-07T14:49:17.5087621-04:00" endTime="2018-08-07T14:49:17.5087668-04:00" testType="13cdc9d9-ddb5-4fa4-a97d-d965ccfc6d4b" outcome="Passed" testListId="8c84fa94-04c1-424b-9868-57a2d4851a1d" relativeResultsDirectory="1a72e2a6-4743-4cf1-b21d-eb4d459c4ff1" /><UnitTestResult executionId="dd2d6d66-6366-4fc7-8928-65b65e6c7d0a" testId="ef6cc657-97df-4e99-b37c-2af94731f7ee" testName="Patch_InvalidPropertyNameReturnsBadRequest" computerName="LAMBDA" duration="00:00:00.0180000" startTime="2018-08-07T14:48:58.1593871-04:00" endTime="2018-08-07T14:48:58.1593927-04:00" testType="13cdc9d9-ddb5-4fa4-a97d-d965ccfc6d4b" outcome="Passed" testListId="8c84fa94-04c1-424b-9868-57a2d4851a1d" relativeResultsDirectory="dd2d6d66-6366-4fc7-8928-65b65e6c7d0a" /><UnitTestResult executionId="e448f45b-9e72-433d-8e58-c7065a996e54" testId="e1213332-a4ea-4a47-b5ec-7cbbea78ea9f" testName="Model3dHasExpectedDependentFiles" computerName="LAMBDA" duration="00:00:00.0410000" startTime="2018-08-07T14:48:54.5547945-04:00" endTime="2018-08-07T14:48:54.5548013-04:00" testType="13cdc9d9-ddb5-4fa4-a97d-d965ccfc6d4b" outcome="Passed" testListId="8c84fa94-04c1-424b-9868-57a2d4851a1d" relativeResultsDirectory="e448f45b-9e72-433d-8e58-c7065a996e54" /><UnitTestResult executionId="6173e196-27c2-47b0-87dc-e93563e2d568" testId="262cda47-a0f9-477d-8db4-9c5fb851d21f" testName="Put_InvalidIdReturnsNotFound" computerName="LAMBDA" duration="00:00:00.3320000" startTime="2018-08-07T14:49:01.6049836-04:00" endTime="2018-08-07T14:49:01.6049905-04:00" testType="13cdc9d9-ddb5-4fa4-a97d-d965ccfc6d4b" outcome="Passed" testListId="8c84fa94-04c1-424b-9868-57a2d4851a1d" relativeResultsDirectory="6173e196-27c2-47b0-87dc-e93563e2d568" /><UnitTestResult executionId="7a8f9120-1989-44f7-abfc-ed8245c7fb47" testId="ea07c7c0-f643-4ea1-a4c2-5be24b488eaa" testName="Post_ValidReferencePropertyCreatesModel" computerName="LAMBDA" duration="00:00:00.0290000" startTime="2018-08-07T14:48:58.3805094-04:00" endTime="2018-08-07T14:48:58.3805141-04:00" testType="13cdc9d9-ddb5-4fa4-a97d-d965ccfc6d4b" outcome="Passed" testListId="8c84fa94-04c1-424b-9868-57a2d4851a1d" relativeResultsDirectory="7a8f9120-1989-44f7-abfc-ed8245c7fb47" /><UnitTestResult executionId="5d55728b-e175-4baf-a79a-55482a55f827" testId="e51ceb62-1b1a-462a-8a49-f1f360829432" testName="Patch_InvalidEnumPropertyValueReturnsBadRequest" computerName="LAMBDA" duration="00:00:00.0270000" startTime="2018-08-07T14:49:05.9689362-04:00" endTime="2018-08-07T14:49:05.9689405-04:00" testType="13cdc9d9-ddb5-4fa4-a97d-d965ccfc6d4b" outcome="Passed" testListId="8c84fa94-04c1-424b-9868-57a2d4851a1d" relativeResultsDirectory="5d55728b-e175-4baf-a79a-55482a55f827" /><UnitTestResult executionId="421cb06e-e465-43dc-b3f5-8300d0ed4e28" testId="366b3f02-d3dd-4250-ba95-d9b0be113b34" testName="Put_CanUpdateModel" computerName="LAMBDA" duration="00:00:00.5340000" startTime="2018-08-07T14:49:05.8712577-04:00" endTime="2018-08-07T14:49:05.8712628-04:00" testType="13cdc9d9-ddb5-4fa4-a97d-d965ccfc6d4b" outcome="Passed" testListId="8c84fa94-04c1-424b-9868-57a2d4851a1d" relativeResultsDirectory="421cb06e-e465-43dc-b3f5-8300d0ed4e28" /><UnitTestResult executionId="f777d251-1c07-447c-b74a-b2f704ad108b" testId="4fe540ce-4eed-475a-9f42-a12f79441985" testName="Delete_TargetModelIsDeleted" computerName="LAMBDA" duration="00:00:00.0440000" startTime="2018-08-07T14:49:06.3431234-04:00" endTime="2018-08-07T14:49:06.3431302-04:00" testType="13cdc9d9-ddb5-4fa4-a97d-d965ccfc6d4b" outcome="Passed" testListId="8c84fa94-04c1-424b-9868-57a2d4851a1d" relativeResultsDirectory="f777d251-1c07-447c-b74a-b2f704ad108b" /><UnitTestResult executionId="10f213a6-b3ef-4a5b-add3-ecb45f3af2a2" testId="fa11d120-86f3-4a63-be3c-c16e5a36a0c3" testName="Put_ValidReferencePropertyUpdatesModel" computerName="LAMBDA" duration="00:00:00.1720000" startTime="2018-08-07T14:49:17.4503501-04:00" endTime="2018-08-07T14:49:17.4503565-04:00" testType="13cdc9d9-ddb5-4fa4-a97d-d965ccfc6d4b" outcome="Passed" testListId="8c84fa94-04c1-424b-9868-57a2d4851a1d" relativeResultsDirectory="10f213a6-b3ef-4a5b-add3-ecb45f3af2a2" /><UnitTestResult executionId="f9055874-8dde-4131-9da9-96b98f9a9af2" testId="25763f08-4c19-4d05-a9e4-aaed3e61f8d3" testName="MeshTransformHasExpectedDependentFiles" computerName="LAMBDA" duration="00:00:00.0010000" startTime="2018-08-07T14:48:56.2562595-04:00" endTime="2018-08-07T14:48:56.2562616-04:00" testType="13cdc9d9-ddb5-4fa4-a97d-d965ccfc6d4b" outcome="Passed" testListId="8c84fa94-04c1-424b-9868-57a2d4851a1d" relativeResultsDirectory="f9055874-8dde-4131-9da9-96b98f9a9af2" /><UnitTestResult executionId="c6b3e895-6ce3-4aa0-8a0e-2b1f108fa056" testId="a691a9a9-e20e-438b-bae6-a75da408c000" testName="GetSingle_InvalidIdPropertyValueReturnsNotFound" computerName="LAMBDA" duration="00:00:00.0190000" startTime="2018-08-07T14:48:58.1000089-04:00" endTime="2018-08-07T14:48:58.1000222-04:00" testType="13cdc9d9-ddb5-4fa4-a97d-d965ccfc6d4b" outcome="Passed" testListId="8c84fa94-04c1-424b-9868-57a2d4851a1d" relativeResultsDirectory="c6b3e895-6ce3-4aa0-8a0e-2b1f108fa056" /><UnitTestResult executionId="4bf39524-6c16-4601-904d-853428febb68" testId="caa29e26-d7ee-492e-8e26-c2fa1b40c0f1" testName="DepthBufferHasExpectedDependentFiles" computerName="LAMBDA" duration="00:00:00.0010000" startTime="2018-08-07T14:48:56.2648164-04:00" endTime="2018-08-07T14:48:56.2648211-04:00" testType="13cdc9d9-ddb5-4fa4-a97d-d965ccfc6d4b" outcome="Passed" testListId="8c84fa94-04c1-424b-9868-57a2d4851a1d" relativeResultsDirectory="4bf39524-6c16-4601-904d-853428febb68" /><UnitTestResult executionId="80745d79-830d-4e0e-8a53-1a3af2413185" testId="ac3022e1-36b3-4d00-9bbb-9b7f0b4833c2" testName="Patch_TargetPropertyIsUpdated" computerName="LAMBDA" duration="00:00:00.0810000" startTime="2018-08-07T14:49:02.5344104-04:00" endTime="2018-08-07T14:49:02.5344168-04:00" testType="13cdc9d9-ddb5-4fa4-a97d-d965ccfc6d4b" outcome="Passed" testListId="8c84fa94-04c1-424b-9868-57a2d4851a1d" relativeResultsDirectory="80745d79-830d-4e0e-8a53-1a3af2413185" /><UnitTestResult executionId="aaf1590d-c60f-4039-8d56-e1cf1a937da7" testId="8cf40857-d18e-4b42-8c41-3bb676598588" testName="PostFile_FileTimeStampIsUpdatedAfterFileIsPosted" computerName="LAMBDA" duration="00:00:00.0130000" startTime="2018-08-07T14:48:58.5802391-04:00" endTime="2018-08-07T14:48:58.5802438-04:00" testType="13cdc9d9-ddb5-4fa4-a97d-d965ccfc6d4b" outcome="Passed" testListId="8c84fa94-04c1-424b-9868-57a2d4851a1d" relativeResultsDirectory="aaf1590d-c60f-4039-8d56-e1cf1a937da7" /><UnitTestResult executionId="61a76d37-fde9-4b32-b32c-7d753b9babde" testId="c2b6c7fe-b110-4346-a3ff-e2123879a352" testName="GetSingle_ValidIdPropertyValueReturnsCorrectModel" computerName="LAMBDA" duration="00:00:00.0240000" startTime="2018-08-07T14:48:58.2003671-04:00" endTime="2018-08-07T14:48:58.2003718-04:00" testType="13cdc9d9-ddb5-4fa4-a97d-d965ccfc6d4b" outcome="Passed" testListId="8c84fa94-04c1-424b-9868-57a2d4851a1d" relativeResultsDirectory="61a76d37-fde9-4b32-b32c-7d753b9babde" /><UnitTestResult executionId="1ad87ded-4114-4671-9528-319baa927490" testId="8f45d2ea-0b7f-4a6b-8b51-8200a3955e3c" testName="Patch_InvalidEnumPropertyValueReturnsBadRequest" computerName="LAMBDA" duration="00:00:00.0220000" startTime="2018-08-07T14:49:20.9063742-04:00" endTime="2018-08-07T14:49:20.9063806-04:00" testType="13cdc9d9-ddb5-4fa4-a97d-d965ccfc6d4b" outcome="Passed" testListId="8c84fa94-04c1-424b-9868-57a2d4851a1d" relativeResultsDirectory="1ad87ded-4114-4671-9528-319baa927490" /><UnitTestResult executionId="34bea1b2-cb51-4cf8-899a-e8ab4ec8db24" testId="2db87c04-7a87-4bbe-8314-219050f2c39c" testName="Put_InvalidReferencePropertyReturndBadRequest" computerName="LAMBDA" duration="00:00:00.0670000" startTime="2018-08-07T14:49:17.1047067-04:00" endTime="2018-08-07T14:49:17.1047119-04:00" testType="13cdc9d9-ddb5-4fa4-a97d-d965ccfc6d4b" outcome="Passed" testListId="8c84fa94-04c1-424b-9868-57a2d4851a1d" relativeResultsDirectory="34bea1b2-cb51-4cf8-899a-e8ab4ec8db24" /><UnitTestResult executionId="ac579bcc-a274-4da6-a88a-4970a45c3771" testId="9471baa6-ccba-4a72-a88e-13a08bc3a313" testName="GetSingle_ValidIdPropertyValueReturnsCorrectModel" computerName="LAMBDA" duration="00:00:00.0260000" startTime="2018-08-07T14:49:17.5557618-04:00" endTime="2018-08-07T14:49:17.5557669-04:00" testType="13cdc9d9-ddb5-4fa4-a97d-d965ccfc6d4b" outcome="Passed" testListId="8c84fa94-04c1-424b-9868-57a2d4851a1d" relativeResultsDirectory="ac579bcc-a274-4da6-a88a-4970a45c3771" /><UnitTestResult executionId="eb82297b-b9fb-4967-b049-8d53a56487c2" testId="a95c51d4-1b0a-4f50-bfcb-5e0a8786687b" testName="Post_CanCreateNewModel" computerName="LAMBDA" duration="00:00:00.0420000" startTime="2018-08-07T14:49:17.2105693-04:00" endTime="2018-08-07T14:49:17.2105748-04:00" testType="13cdc9d9-ddb5-4fa4-a97d-d965ccfc6d4b" outcome="Passed" testListId="8c84fa94-04c1-424b-9868-57a2d4851a1d" relativeResultsDirectory="eb82297b-b9fb-4967-b049-8d53a56487c2" /><UnitTestResult executionId="5baa9425-e765-4a2a-851e-e001e1a510a2" testId="ce44b4de-6799-48f1-98d1-cd0f9a0cd55e" testName="PostFile_FileIsSynchronizedIsUpdatedAfterFileIsPosted" computerName="LAMBDA" duration="00:00:00.3140000" startTime="2018-08-07T14:49:16.5288243-04:00" endTime="2018-08-07T14:49:16.5288307-04:00" testType="13cdc9d9-ddb5-4fa4-a97d-d965ccfc6d4b" outcome="Passed" testListId="8c84fa94-04c1-424b-9868-57a2d4851a1d" relativeResultsDirectory="5baa9425-e765-4a2a-851e-e001e1a510a2" /><UnitTestResult executionId="eb4ea93d-a2bc-4718-b00a-d3dc37668274" testId="2b7118a8-9578-4bb0-b99f-ac7ad5d529ff" testName="PostFile_FileIsSynchronizedIsUpdatedAfterFileIsPosted" computerName="LAMBDA" duration="00:00:00.1160000" startTime="2018-08-07T14:49:20.2871353-04:00" endTime="2018-08-07T14:49:20.2871421-04:00" testType="13cdc9d9-ddb5-4fa4-a97d-d965ccfc6d4b" outcome="Passed" testListId="8c84fa94-04c1-424b-9868-57a2d4851a1d" relativeResultsDirectory="eb4ea93d-a2bc-4718-b00a-d3dc37668274" /><UnitTestResult executionId="acb6346b-c56f-47b0-b7e0-3eb69bdb6216" testId="98c33109-581f-417a-aa80-27191f773338" testName="PutFile_FileCanBeUpdated" computerName="LAMBDA" duration="00:00:00.2340000" startTime="2018-08-07T14:49:10.5722552-04:00" endTime="2018-08-07T14:49:10.5722620-04:00" testType="13cdc9d9-ddb5-4fa4-a97d-d965ccfc6d4b" outcome="Passed" testListId="8c84fa94-04c1-424b-9868-57a2d4851a1d" relativeResultsDirectory="acb6346b-c56f-47b0-b7e0-3eb69bdb6216" /><UnitTestResult executionId="99f12b1f-3db2-40fe-bda7-239626d91eb4" testId="50c1cbac-1432-42e5-8f75-4cc4afe054d3" testName="Put_InvalidIdReturnsNotFound" computerName="LAMBDA" duration="00:00:00.0250000" startTime="2018-08-07T14:49:20.8016081-04:00" endTime="2018-08-07T14:49:20.8016141-04:00" testType="13cdc9d9-ddb5-4fa4-a97d-d965ccfc6d4b" outcome="Passed" testListId="8c84fa94-04c1-424b-9868-57a2d4851a1d" relativeResultsDirectory="99f12b1f-3db2-40fe-bda7-239626d91eb4" /><UnitTestResult executionId="94e444dd-f448-427a-bfb0-df91f8089ce8" testId="6ca81fab-4d0a-4738-96f4-29c8f4b4f51b" testName="GetFile_FileCanBeRoundTripped" computerName="LAMBDA" duration="00:00:00.3430000" startTime="2018-08-07T14:49:10.3380646-04:00" endTime="2018-08-07T14:49:10.3380715-04:00" testType="13cdc9d9-ddb5-4fa4-a97d-d965ccfc6d4b" outcome="Passed" testListId="8c84fa94-04c1-424b-9868-57a2d4851a1d" relativeResultsDirectory="94e444dd-f448-427a-bfb0-df91f8089ce8" /><UnitTestResult executionId="6d45d682-a261-4db3-b5bb-fe7ee5cc1c39" testId="178dc2ba-aa07-4c9e-a473-f7cc6cf606aa" testName="Put_CanUpdateModel" computerName="LAMBDA" duration="00:00:00.1020000" startTime="2018-08-07T14:48:58.0808175-04:00" endTime="2018-08-07T14:48:58.0808226-04:00" testType="13cdc9d9-ddb5-4fa4-a97d-d965ccfc6d4b" outcome="Passed" testListId="8c84fa94-04c1-424b-9868-57a2d4851a1d" relativeResultsDirectory="6d45d682-a261-4db3-b5bb-fe7ee5cc1c39" /><UnitTestResult executionId="fb64ad9f-bd1c-44de-9457-0d0d9118e6f0" testId="83bb199f-6938-40ab-b252-b43c65fd39c5" testName="Patch_ValidReferencePropertyUpdatesModel" computerName="LAMBDA" duration="00:00:00.0630000" startTime="2018-08-07T14:49:17.6659775-04:00" endTime="2018-08-07T14:49:17.6659813-04:00" testType="13cdc9d9-ddb5-4fa4-a97d-d965ccfc6d4b" outcome="Passed" testListId="8c84fa94-04c1-424b-9868-57a2d4851a1d" relativeResultsDirectory="fb64ad9f-bd1c-44de-9457-0d0d9118e6f0" /><UnitTestResult executionId="cd0ff3cc-9db8-4f57-bffc-4d2a15b7f926" testId="c22a76c6-b009-49c3-b6a7-602a1c1c4892" testName="GetSingle_InvalidIdPropertyValueReturnsNotFound" computerName="LAMBDA" duration="00:00:00.0240000" startTime="2018-08-07T14:49:20.9312012-04:00" endTime="2018-08-07T14:49:20.9312077-04:00" testType="13cdc9d9-ddb5-4fa4-a97d-d965ccfc6d4b" outcome="Passed" testListId="8c84fa94-04c1-424b-9868-57a2d4851a1d" relativeResultsDirectory="cd0ff3cc-9db8-4f57-bffc-4d2a15b7f926" /><UnitTestResult executionId="2eabe6a6-b351-40c9-9dfa-567a067a0ac9" testId="9cc30f34-3452-402e-b212-bdce1cf1258e" testName="Post_CanCreateNewModel" computerName="LAMBDA" duration="00:00:00.0280000" startTime="2018-08-07T14:49:01.8951140-04:00" endTime="2018-08-07T14:49:01.8951213-04:00" testType="13cdc9d9-ddb5-4fa4-a97d-d965ccfc6d4b" outcome="Passed" testListId="8c84fa94-04c1-424b-9868-57a2d4851a1d" relativeResultsDirectory="2eabe6a6-b351-40c9-9dfa-567a067a0ac9" /><UnitTestResult executionId="14eb297a-fe57-414f-9f60-581a2a7b3c1e" testId="f9470b30-973d-47f9-b169-cee262afa492" testName="Post_InvalidReferencePropertyReturnsBadRequest" computerName="LAMBDA" duration="00:00:00.0270000" startTime="2018-08-07T14:49:06.2222001-04:00" endTime="2018-08-07T14:49:06.2222048-04:00" testType="13cdc9d9-ddb5-4fa4-a97d-d965ccfc6d4b" outcome="Passed" testListId="8c84fa94-04c1-424b-9868-57a2d4851a1d" relativeResultsDirectory="14eb297a-fe57-414f-9f60-581a2a7b3c1e" /><UnitTestResult executionId="5c84aac8-249f-4391-bd1d-a45e5a812ad0" testId="7873b567-d07a-47e6-b944-cf1954cd7c46" testName="FileRequest_FileCanBeReadAfterRename" computerName="LAMBDA" duration="00:00:00.1490000" startTime="2018-08-07T14:49:19.6929223-04:00" endTime="2018-08-07T14:49:19.6929278-04:00" testType="13cdc9d9-ddb5-4fa4-a97d-d965ccfc6d4b" outcome="Passed" testListId="8c84fa94-04c1-424b-9868-57a2d4851a1d" relativeResultsDirectory="5c84aac8-249f-4391-bd1d-a45e5a812ad0" /><UnitTestResult executionId="5626d044-c6bb-48ce-b1ba-08184335bebb" testId="a76eab8c-7211-4283-94e8-5b51d7719b4a" testName="GetSingle_ValidIdPropertyValueReturnsCorrectModel" computerName="LAMBDA" duration="00:00:00.0370000" startTime="2018-08-07T14:49:06.3804148-04:00" endTime="2018-08-07T14:49:06.3804187-04:00" testType="13cdc9d9-ddb5-4fa4-a97d-d965ccfc6d4b" outcome="Passed" testListId="8c84fa94-04c1-424b-9868-57a2d4851a1d" relativeResultsDirectory="5626d044-c6bb-48ce-b1ba-08184335bebb" /><UnitTestResult executionId="37c3051d-c793-4607-84d3-1ecfcb4e21c7" testId="4b4e9680-8fdd-4d49-8b02-acf93c947e73" testName="Post_CanCreateNewModel" computerName="LAMBDA" duration="00:00:00.0220000" startTime="2018-08-07T14:48:57.2992349-04:00" endTime="2018-08-07T14:48:57.2992400-04:00" testType="13cdc9d9-ddb5-4fa4-a97d-d965ccfc6d4b" outcome="Passed" testListId="8c84fa94-04c1-424b-9868-57a2d4851a1d" relativeResultsDirectory="37c3051d-c793-4607-84d3-1ecfcb4e21c7" /><UnitTestResult executionId="85d5584d-e8d0-4865-82e7-cc6055537bf6" testId="b5bd2b50-3db6-4b28-ad08-4ef80810b62a" testName="Patch_InvalidReferencePropertyReturnsBadRequest" computerName="LAMBDA" duration="00:00:00.0480000" startTime="2018-08-07T14:49:01.9431473-04:00" endTime="2018-08-07T14:49:01.9431541-04:00" testType="13cdc9d9-ddb5-4fa4-a97d-d965ccfc6d4b" outcome="Passed" testListId="8c84fa94-04c1-424b-9868-57a2d4851a1d" relativeResultsDirectory="85d5584d-e8d0-4865-82e7-cc6055537bf6" /><UnitTestResult executionId="48893262-433d-41c2-aa50-c8542ffab3d4" testId="2c7c91cf-952e-40f7-bb63-99b7b50b6107" testName="PutFile_FileCanBeUpdated" computerName="LAMBDA" duration="00:00:00.7520000" startTime="2018-08-07T14:48:59.6771828-04:00" endTime="2018-08-07T14:48:59.6771884-04:00" testType="13cdc9d9-ddb5-4fa4-a97d-d965ccfc6d4b" outcome="Passed" testListId="8c84fa94-04c1-424b-9868-57a2d4851a1d" relativeResultsDirectory="48893262-433d-41c2-aa50-c8542ffab3d4" /><UnitTestResult executionId="f15b8393-00b6-441d-94c9-0c4383e04d36" testId="0420abe4-4908-45f8-91ae-4c73ae8dc7b4" testName="GetSingle_InvalidIdPropertyValueReturnsNotFound" computerName="LAMBDA" duration="00:00:00.0230000" startTime="2018-08-07T14:49:06.1946263-04:00" endTime="2018-08-07T14:49:06.1946327-04:00" testType="13cdc9d9-ddb5-4fa4-a97d-d965ccfc6d4b" outcome="Passed" testListId="8c84fa94-04c1-424b-9868-57a2d4851a1d" relativeResultsDirectory="f15b8393-00b6-441d-94c9-0c4383e04d36" /><UnitTestResult executionId="5f58ba64-fffb-409c-a7f4-84932106e544" testId="80673b43-dfce-42b9-8ecd-947909f97af1" testName="Patch_InvalidEnumPropertyValueReturnsBadRequest" computerName="LAMBDA" duration="00:00:00.0100000" startTime="2018-08-07T14:48:57.3681407-04:00" endTime="2018-08-07T14:48:57.3681450-04:00" testType="13cdc9d9-ddb5-4fa4-a97d-d965ccfc6d4b" outcome="Passed" testListId="8c84fa94-04c1-424b-9868-57a2d4851a1d" relativeResultsDirectory="5f58ba64-fffb-409c-a7f4-84932106e544" /><UnitTestResult executionId="7d6094ec-b823-4ba1-a853-ca021510b6b1" testId="014f5d27-fced-4d5a-bcba-8a57a4d8b22f" testName="GetList_ListReturnsCorrectCount" computerName="LAMBDA" duration="00:00:00.0220000" startTime="2018-08-07T14:48:57.4504377-04:00" endTime="2018-08-07T14:48:57.4504424-04:00" testType="13cdc9d9-ddb5-4fa4-a97d-d965ccfc6d4b" outcome="Passed" testListId="8c84fa94-04c1-424b-9868-57a2d4851a1d" relativeResultsDirectory="7d6094ec-b823-4ba1-a853-ca021510b6b1" /><UnitTestResult executionId="2b55a6c1-3365-4df1-b712-fc75b53ec9aa" testId="b414dc83-4316-403d-9619-a96ac2899518" testName="Patch_ValidReferencePropertyUpdatesModel" computerName="LAMBDA" duration="00:00:00.5920000" startTime="2018-08-07T14:48:56.8650071-04:00" endTime="2018-08-07T14:48:56.8650127-04:00" testType="13cdc9d9-ddb5-4fa4-a97d-d965ccfc6d4b" outcome="Passed" testListId="8c84fa94-04c1-424b-9868-57a2d4851a1d" relativeResultsDirectory="2b55a6c1-3365-4df1-b712-fc75b53ec9aa" /><UnitTestResult executionId="1ab62f10-ada6-42b3-82f1-f0f34cea3afb" testId="cfbcecfd-e22f-4358-aefa-c9b0401ca13f" testName="GetFile_ExistingFileReturnsSuccess" computerName="LAMBDA" duration="00:00:00.0840000" startTime="2018-08-07T14:49:10.6567393-04:00" endTime="2018-08-07T14:49:10.6567461-04:00" testType="13cdc9d9-ddb5-4fa4-a97d-d965ccfc6d4b" outcome="Passed" testListId="8c84fa94-04c1-424b-9868-57a2d4851a1d" relativeResultsDirectory="1ab62f10-ada6-42b3-82f1-f0f34cea3afb" /><UnitTestResult executionId="d6a375b0-29d0-47b8-890b-caceba938847" testId="41330943-bfcb-4949-bb79-2256417cce40" testName="FileRequest_DepthBufferIsInvalidatedAfterCameraDependencyPropertyChange" computerName="LAMBDA" duration="00:00:00.3630000" startTime="2018-08-07T14:49:20.0562530-04:00" endTime="2018-08-07T14:49:20.0562598-04:00" testType="13cdc9d9-ddb5-4fa4-a97d-d965ccfc6d4b" outcome="Passed" testListId="8c84fa94-04c1-424b-9868-57a2d4851a1d" relativeResultsDirectory="d6a375b0-29d0-47b8-890b-caceba938847" /><UnitTestResult executionId="a4d60c53-cfb1-4ad8-b688-144c8620bb93" testId="8b940dce-6b98-4766-b356-477595a5b3ed" testName="Patch_InvalidReferencePropertyReturnsBadRequest" computerName="LAMBDA" duration="00:00:00.0380000" startTime="2018-08-07T14:49:06.1176942-04:00" endTime="2018-08-07T14:49:06.1176997-04:00" testType="13cdc9d9-ddb5-4fa4-a97d-d965ccfc6d4b" outcome="Passed" testListId="8c84fa94-04c1-424b-9868-57a2d4851a1d" relativeResultsDirectory="a4d60c53-cfb1-4ad8-b688-144c8620bb93" /><UnitTestResult executionId="32f03d65-268e-4077-8e42-a8b095cba2d4" testId="d5b963f6-248c-4564-b2f0-1fe732224fa0" testName="GetFile_FileCanBeRoundTripped" computerName="LAMBDA" duration="00:00:00.2480000" startTime="2018-08-07T14:49:20.7197345-04:00" endTime="2018-08-07T14:49:20.7197409-04:00" testType="13cdc9d9-ddb5-4fa4-a97d-d965ccfc6d4b" outcome="Passed" testListId="8c84fa94-04c1-424b-9868-57a2d4851a1d" relativeResultsDirectory="32f03d65-268e-4077-8e42-a8b095cba2d4" /><UnitTestResult executionId="c79ca06d-5b89-4a97-bd3f-d2dd35088168" testId="c4cfb385-f991-4af5-92bb-cdf8f02287ad" testName="Put_InvalidIdReturnsNotFound" computerName="LAMBDA" duration="00:00:00.0800000" startTime="2018-08-07T14:49:04.4479382-04:00" endTime="2018-08-07T14:49:04.4479424-04:00" testType="13cdc9d9-ddb5-4fa4-a97d-d965ccfc6d4b" outcome="Passed" testListId="8c84fa94-04c1-424b-9868-57a2d4851a1d" relativeResultsDirectory="c79ca06d-5b89-4a97-bd3f-d2dd35088168" /><UnitTestResult executionId="d93e46f2-4af5-4c00-b256-e61a055af63c" testId="384901cc-3a1e-4e66-9d49-1530852bc9c8" testName="Patch_InvalidPropertyNameReturnsBadRequest" computerName="LAMBDA" duration="00:00:00.0450000" startTime="2018-08-07T14:49:01.6507974-04:00" endTime="2018-08-07T14:49:01.6508034-04:00" testType="13cdc9d9-ddb5-4fa4-a97d-d965ccfc6d4b" outcome="Passed" testListId="8c84fa94-04c1-424b-9868-57a2d4851a1d" relativeResultsDirectory="d93e46f2-4af5-4c00-b256-e61a055af63c" /><UnitTestResult executionId="d56b2db3-5157-4afa-9f17-cfeac0f83d64" testId="b6695047-90dc-4a4c-9d2a-84b3ec52825d" testName="Patch_TargetPropertyIsUpdated" computerName="LAMBDA" duration="00:00:00.0790000" startTime="2018-08-07T14:48:57.2528233-04:00" endTime="2018-08-07T14:48:57.2528288-04:00" testType="13cdc9d9-ddb5-4fa4-a97d-d965ccfc6d4b" outcome="Passed" testListId="8c84fa94-04c1-424b-9868-57a2d4851a1d" relativeResultsDirectory="d56b2db3-5157-4afa-9f17-cfeac0f83d64" /><UnitTestResult executionId="5a9aa93c-ac56-43d4-81ce-bccf7b2b0b75" testId="6a68bf06-8ef5-42e2-b599-a27f43ebf4fc" testName="Patch_InvalidIdPropertyReturnsNotFound" computerName="LAMBDA" duration="00:00:00.0160000" startTime="2018-08-07T14:48:57.4884503-04:00" endTime="2018-08-07T14:48:57.4884571-04:00" testType="13cdc9d9-ddb5-4fa4-a97d-d965ccfc6d4b" outcome="Passed" testListId="8c84fa94-04c1-424b-9868-57a2d4851a1d" relativeResultsDirectory="5a9aa93c-ac56-43d4-81ce-bccf7b2b0b75" /><UnitTestResult executionId="267a30d1-764f-4576-9c95-b0f27da53d7e" testId="783be5e4-3bcc-442c-b8ac-28c415b81b42" testName="GetSingle_ValidIdPropertyValueReturnsCorrectModel" computerName="LAMBDA" duration="00:00:00.0420000" startTime="2018-08-07T14:49:02.6985199-04:00" endTime="2018-08-07T14:49:02.6985263-04:00" testType="13cdc9d9-ddb5-4fa4-a97d-d965ccfc6d4b" outcome="Passed" testListId="8c84fa94-04c1-424b-9868-57a2d4851a1d" relativeResultsDirectory="267a30d1-764f-4576-9c95-b0f27da53d7e" /><UnitTestResult executionId="9519b7e7-1fff-494d-aff5-bdda27932e0f" testId="062135e5-815d-439f-9aed-4f792ae4b1fb" testName="GetFile_NonExistentFileReturnsNotFound" computerName="LAMBDA" duration="00:00:00.0250000" startTime="2018-08-07T14:49:20.0814303-04:00" endTime="2018-08-07T14:49:20.0814363-04:00" testType="13cdc9d9-ddb5-4fa4-a97d-d965ccfc6d4b" outcome="Passed" testListId="8c84fa94-04c1-424b-9868-57a2d4851a1d" relativeResultsDirectory="9519b7e7-1fff-494d-aff5-bdda27932e0f" /><UnitTestResult executionId="e6b44595-8531-4720-a81e-4f797548ff01" testId="fee0f720-22b3-4db4-a8ef-556bb66b73be" testName="Patch_InvalidReferencePropertyReturnsBadRequest" computerName="LAMBDA" duration="00:00:00.0310000" startTime="2018-08-07T14:49:17.4813845-04:00" endTime="2018-08-07T14:49:17.4813905-04:00" testType="13cdc9d9-ddb5-4fa4-a97d-d965ccfc6d4b" outcome="Passed" testListId="8c84fa94-04c1-424b-9868-57a2d4851a1d" relativeResultsDirectory="e6b44595-8531-4720-a81e-4f797548ff01" /><UnitTestResult executionId="3216640e-8d59-4465-bf3d-32df519ddf53" testId="33b265e0-48e7-4e3c-9e9b-fdec792e401a" testName="PostFile_FileTimeStampIsUpdatedAfterFileIsPosted" computerName="LAMBDA" duration="00:00:01.4560000" startTime="2018-08-07T14:49:19.2690822-04:00" endTime="2018-08-07T14:49:19.2690886-04:00" testType="13cdc9d9-ddb5-4fa4-a97d-d965ccfc6d4b" outcome="Passed" testListId="8c84fa94-04c1-424b-9868-57a2d4851a1d" relativeResultsDirectory="3216640e-8d59-4465-bf3d-32df519ddf53" /><UnitTestResult executionId="5f143508-4e6d-41ac-a29a-3b4ce25140e4" testId="78fc60b3-0eb6-4a67-be62-2f71692102e6" testName="FileRequest_FileCanBeReadAfterRename" computerName="LAMBDA" duration="00:00:00.3700000" startTime="2018-08-07T14:49:00.4069893-04:00" endTime="2018-08-07T14:49:00.4069958-04:00" testType="13cdc9d9-ddb5-4fa4-a97d-d965ccfc6d4b" outcome="Passed" testListId="8c84fa94-04c1-424b-9868-57a2d4851a1d" relativeResultsDirectory="5f143508-4e6d-41ac-a29a-3b4ce25140e4" /><UnitTestResult executionId="3c462438-c8df-4750-801e-cc8c38da584a" testId="acb35cc7-a0cc-4df3-ab2a-d3fa9829bd3a" testName="Patch_InvalidPropertyNameReturnsBadRequest" computerName="LAMBDA" duration="00:00:00.0250000" startTime="2018-08-07T14:49:06.1427146-04:00" endTime="2018-08-07T14:49:06.1427206-04:00" testType="13cdc9d9-ddb5-4fa4-a97d-d965ccfc6d4b" outcome="Passed" testListId="8c84fa94-04c1-424b-9868-57a2d4851a1d" relativeResultsDirectory="3c462438-c8df-4750-801e-cc8c38da584a" /><UnitTestResult executionId="82da097b-1c26-4abd-b232-672221252388" testId="e5dd20e1-f542-41b9-9841-db511395c9d8" testName="GetList_ListReturnsCorrectCount" computerName="LAMBDA" duration="00:00:00.0410000" startTime="2018-08-07T14:49:20.8834847-04:00" endTime="2018-08-07T14:49:20.8834924-04:00" testType="13cdc9d9-ddb5-4fa4-a97d-d965ccfc6d4b" outcome="Passed" testListId="8c84fa94-04c1-424b-9868-57a2d4851a1d" relativeResultsDirectory="82da097b-1c26-4abd-b232-672221252388" /><UnitTestResult executionId="b71ad893-cecd-4bb7-8783-38c1a720d91d" testId="6b6e8a7b-db19-4cd4-8442-c88447ad40f7" testName="Put_CanUpdateModel" computerName="LAMBDA" duration="00:00:00.2620000" startTime="2018-08-07T14:49:21.3819856-04:00" endTime="2018-08-07T14:49:21.3819920-04:00" testType="13cdc9d9-ddb5-4fa4-a97d-d965ccfc6d4b" outcome="Passed" testListId="8c84fa94-04c1-424b-9868-57a2d4851a1d" relativeResultsDirectory="b71ad893-cecd-4bb7-8783-38c1a720d91d" /><UnitTestResult executionId="97348ff5-8ed3-45b8-8688-75fdefea46b1" testId="1d728856-04ae-4170-957e-c96d69095db6" testName="GetSingle_InvalidIdPropertyValueReturnsNotFound" computerName="LAMBDA" duration="00:00:00.0240000" startTime="2018-08-07T14:49:02.6548037-04:00" endTime="2018-08-07T14:49:02.6548097-04:00" testType="13cdc9d9-ddb5-4fa4-a97d-d965ccfc6d4b" outcome="Passed" testListId="8c84fa94-04c1-424b-9868-57a2d4851a1d" relativeResultsDirectory="97348ff5-8ed3-45b8-8688-75fdefea46b1" /><UnitTestResult executionId="89541d26-549c-43bb-bc17-7ad1243836d8" testId="ef6a16a1-7019-402e-b800-8e1d7096e236" testName="Post_ValidReferencePropertyCreatesModel" computerName="LAMBDA" duration="00:00:00.0310000" startTime="2018-08-07T14:49:02.1383961-04:00" endTime="2018-08-07T14:49:02.1384012-04:00" testType="13cdc9d9-ddb5-4fa4-a97d-d965ccfc6d4b" outcome="Passed" testListId="8c84fa94-04c1-424b-9868-57a2d4851a1d" relativeResultsDirectory="89541d26-549c-43bb-bc17-7ad1243836d8" /><UnitTestResult executionId="e505267d-55b5-4b2a-91fe-d850e7371a3d" testId="41de13ad-3400-457b-99d7-b5339f6c5139" testName="Patch_InvalidReferencePropertyReturnsBadRequest" computerName="LAMBDA" duration="00:00:00.0430000" startTime="2018-08-07T14:49:22.0689860-04:00" endTime="2018-08-07T14:49:22.0689916-04:00" testType="13cdc9d9-ddb5-4fa4-a97d-d965ccfc6d4b" outcome="Passed" testListId="8c84fa94-04c1-424b-9868-57a2d4851a1d" relativeResultsDirectory="e505267d-55b5-4b2a-91fe-d850e7371a3d" /><UnitTestResult executionId="3591b9e2-d0ff-4435-a321-26dba1520562" testId="1d6b6121-e2fe-4110-b401-a6287ccfea8b" testName="Patch_MultipleInvalidReferencePropertiesReturnsMultipleValidationErrorsAndBadRequest" computerName="LAMBDA" duration="00:00:00.1380000" startTime="2018-08-07T14:49:21.8138712-04:00" endTime="2018-08-07T14:49:21.8138789-04:00" testType="13cdc9d9-ddb5-4fa4-a97d-d965ccfc6d4b" outcome="Passed" testListId="8c84fa94-04c1-424b-9868-57a2d4851a1d" relativeResultsDirectory="3591b9e2-d0ff-4435-a321-26dba1520562" /><UnitTestResult executionId="3a22170e-ca53-4c83-b261-f9b451a82152" testId="57816a0e-3624-4661-b967-b7c1777c6dcc" testName="Put_InvalidReferencePropertyReturndBadRequest" computerName="LAMBDA" duration="00:00:00.0320000" startTime="2018-08-07T14:48:58.5669425-04:00" endTime="2018-08-07T14:48:58.5669476-04:00" testType="13cdc9d9-ddb5-4fa4-a97d-d965ccfc6d4b" outcome="Passed" testListId="8c84fa94-04c1-424b-9868-57a2d4851a1d" relativeResultsDirectory="3a22170e-ca53-4c83-b261-f9b451a82152" /><UnitTestResult executionId="5a747c6d-ea91-4161-8494-a74261dc4393" testId="519be92b-fa99-4538-b668-4dc81cd2a2a1" testName="GetList_ListReturnsCorrectCount" computerName="LAMBDA" duration="00:00:00.0350000" startTime="2018-08-07T14:49:17.0105179-04:00" endTime="2018-08-07T14:49:17.0105247-04:00" testType="13cdc9d9-ddb5-4fa4-a97d-d965ccfc6d4b" outcome="Passed" testListId="8c84fa94-04c1-424b-9868-57a2d4851a1d" relativeResultsDirectory="5a747c6d-ea91-4161-8494-a74261dc4393" /><UnitTestResult executionId="a6320adf-6f41-4e62-b3eb-03257b9dc98c" testId="cf29ed89-b279-40bd-a491-d6fc65b6d592" testName="Delete_TargetModelIsDeleted" computerName="LAMBDA" duration="00:00:00.1810000" startTime="2018-08-07T14:49:01.8323133-04:00" endTime="2018-08-07T14:49:01.8323180-04:00" testType="13cdc9d9-ddb5-4fa4-a97d-d965ccfc6d4b" outcome="Passed" testListId="8c84fa94-04c1-424b-9868-57a2d4851a1d" relativeResultsDirectory="a6320adf-6f41-4e62-b3eb-03257b9dc98c" /><UnitTestResult executionId="f1411269-fa75-47a5-8f7a-cf2a3ff1cc64" testId="b796477d-93b3-4f85-9c91-aaa5b29e767e" testName="Put_InvalidIdReturnsNotFound" computerName="LAMBDA" duration="00:00:00.0300000" startTime="2018-08-07T14:49:17.5867006-04:00" endTime="2018-08-07T14:49:17.5867048-04:00" testType="13cdc9d9-ddb5-4fa4-a97d-d965ccfc6d4b" outcome="Passed" testListId="8c84fa94-04c1-424b-9868-57a2d4851a1d" relativeResultsDirectory="f1411269-fa75-47a5-8f7a-cf2a3ff1cc64" /><UnitTestResult executionId="8b327b52-6c86-4b1a-bf13-ad6c68b9ac66" testId="48f62bc1-f632-46b4-8aa4-3c2bcda4f6a4" testName="Post_ValidReferencePropertyCreatesModel" computerName="LAMBDA" duration="00:00:00.0410000" startTime="2018-08-07T14:49:21.6747585-04:00" endTime="2018-08-07T14:49:21.6747666-04:00" testType="13cdc9d9-ddb5-4fa4-a97d-d965ccfc6d4b" outcome="Passed" testListId="8c84fa94-04c1-424b-9868-57a2d4851a1d" relativeResultsDirectory="8b327b52-6c86-4b1a-bf13-ad6c68b9ac66" /><UnitTestResult executionId="81d79514-42e5-4b52-a02e-3ce676d14c94" testId="fbde0561-e502-488b-8f3e-ac08fdcd77e9" testName="Patch_ValidReferencePropertyUpdatesModel" computerName="LAMBDA" duration="00:00:00.2330000" startTime="2018-08-07T14:49:02.4528219-04:00" endTime="2018-08-07T14:49:02.4528275-04:00" testType="13cdc9d9-ddb5-4fa4-a97d-d965ccfc6d4b" outcome="Passed" testListId="8c84fa94-04c1-424b-9868-57a2d4851a1d" relativeResultsDirectory="81d79514-42e5-4b52-a02e-3ce676d14c94" /><UnitTestResult executionId="38a26fd9-7d53-4c3a-816f-b76040ef88b7" testId="7bfacbb7-0ccc-491d-8b37-79734a517b59" testName="Patch_InvalidReferencePropertyReturnsBadRequest" computerName="LAMBDA" duration="00:00:00.0100000" startTime="2018-08-07T14:48:57.2769964-04:00" endTime="2018-08-07T14:48:57.2770024-04:00" testType="13cdc9d9-ddb5-4fa4-a97d-d965ccfc6d4b" outcome="Passed" testListId="8c84fa94-04c1-424b-9868-57a2d4851a1d" relativeResultsDirectory="38a26fd9-7d53-4c3a-816f-b76040ef88b7" /><UnitTestResult executionId="8191ea39-aa39-4c75-a27c-3f57dab807dd" testId="116e4437-08d3-4a0e-8793-f13c2031045a" testName="Put_InvalidReferencePropertyReturndBadRequest" computerName="LAMBDA" duration="00:00:00.0100000" startTime="2018-08-07T14:48:57.4718235-04:00" endTime="2018-08-07T14:48:57.4718282-04:00" testType="13cdc9d9-ddb5-4fa4-a97d-d965ccfc6d4b" outcome="Passed" testListId="8c84fa94-04c1-424b-9868-57a2d4851a1d" relativeResultsDirectory="8191ea39-aa39-4c75-a27c-3f57dab807dd" /><UnitTestResult executionId="04b4b3a3-2ca6-4e95-86bd-c96e2b680dca" testId="19c3e2a4-2d9d-40e2-b136-9a1b01c93344" testName="Delete_TargetModelIsDeleted" computerName="LAMBDA" duration="00:00:00.0310000" startTime="2018-08-07T14:48:58.5344535-04:00" endTime="2018-08-07T14:48:58.5344578-04:00" testType="13cdc9d9-ddb5-4fa4-a97d-d965ccfc6d4b" outcome="Passed" testListId="8c84fa94-04c1-424b-9868-57a2d4851a1d" relativeResultsDirectory="04b4b3a3-2ca6-4e95-86bd-c96e2b680dca" /><UnitTestResult executionId="319248ce-dd03-4051-86ba-276f75eb564b" testId="0bff8435-bd4d-49a1-a60d-7e44f7638eaa" testName="Delete_TargetModelIsDeleted" computerName="LAMBDA" duration="00:00:00.0380000" startTime="2018-08-07T14:49:20.8408853-04:00" endTime="2018-08-07T14:49:20.8408930-04:00" testType="13cdc9d9-ddb5-4fa4-a97d-d965ccfc6d4b" outcome="Passed" testListId="8c84fa94-04c1-424b-9868-57a2d4851a1d" relativeResultsDirectory="319248ce-dd03-4051-86ba-276f75eb564b" /><UnitTestResult executionId="44371984-816f-4129-b996-92d7c79c2e30" testId="a6dafbca-3c6c-4c5c-ba43-7510b4ded808" testName="FileRequest_FileCanBeReadAfterRename" computerName="LAMBDA" duration="00:00:00.4080000" startTime="2018-08-07T14:49:16.9374689-04:00" endTime="2018-08-07T14:49:16.9374762-04:00" testType="13cdc9d9-ddb5-4fa4-a97d-d965ccfc6d4b" outcome="Passed" testListId="8c84fa94-04c1-424b-9868-57a2d4851a1d" relativeResultsDirectory="44371984-816f-4129-b996-92d7c79c2e30" /><UnitTestResult executionId="e6b533b1-7bf5-465b-96e7-59c41b922b36" testId="845d37a4-a78f-44df-a186-451495327e19" testName="Patch_ValidReferencePropertyUpdatesModel" computerName="LAMBDA" duration="00:00:00.8880000" startTime="2018-08-07T14:49:05.3363544-04:00" endTime="2018-08-07T14:49:05.3363613-04:00" testType="13cdc9d9-ddb5-4fa4-a97d-d965ccfc6d4b" outcome="Passed" testListId="8c84fa94-04c1-424b-9868-57a2d4851a1d" relativeResultsDirectory="e6b533b1-7bf5-465b-96e7-59c41b922b36" /><UnitTestResult executionId="10ff4d71-aca6-4c3d-af2e-affa48f2200c" testId="78f6f798-3d74-4418-ac9b-2d6a16667588" testName="Put_ValidReferencePropertyUpdatesModel" computerName="LAMBDA" duration="00:00:00.0140000" startTime="2018-08-07T14:48:57.2667772-04:00" endTime="2018-08-07T14:48:57.2667832-04:00" testType="13cdc9d9-ddb5-4fa4-a97d-d965ccfc6d4b" outcome="Passed" testListId="8c84fa94-04c1-424b-9868-57a2d4851a1d" relativeResultsDirectory="10ff4d71-aca6-4c3d-af2e-affa48f2200c" /><UnitTestResult executionId="b3187192-5539-4453-a2e0-0cd550da4559" testId="acb48f2b-69da-4aa6-abb1-a5085df799db" testName="Patch_InvalidIdPropertyReturnsNotFound" computerName="LAMBDA" duration="00:00:00.0310000" startTime="2018-08-07T14:49:21.8455270-04:00" endTime="2018-08-07T14:49:21.8455334-04:00" testType="13cdc9d9-ddb5-4fa4-a97d-d965ccfc6d4b" outcome="Passed" testListId="8c84fa94-04c1-424b-9868-57a2d4851a1d" relativeResultsDirectory="b3187192-5539-4453-a2e0-0cd550da4559" /><UnitTestResult executionId="4206955b-edb4-4038-9cfb-e20a99d6a8b2" testId="916c7817-a580-4e49-aac2-933d8f891296" testName="Patch_InvalidPropertyNameReturnsBadRequest" computerName="LAMBDA" duration="00:00:00.0240000" startTime="2018-08-07T14:49:21.8702771-04:00" endTime="2018-08-07T14:49:21.8702831-04:00" testType="13cdc9d9-ddb5-4fa4-a97d-d965ccfc6d4b" outcome="Passed" testListId="8c84fa94-04c1-424b-9868-57a2d4851a1d" relativeResultsDirectory="4206955b-edb4-4038-9cfb-e20a99d6a8b2" /><UnitTestResult executionId="e8875340-e093-4f52-99c6-daa42f177c2f" testId="864f7c39-718b-4a54-84c5-976d8678fd96" testName="GetSingle_ValidIdPropertyValueReturnsCorrectModel" computerName="LAMBDA" duration="00:00:00.0220000" startTime="2018-08-07T14:49:20.7433945-04:00" endTime="2018-08-07T14:49:20.7433992-04:00" testType="13cdc9d9-ddb5-4fa4-a97d-d965ccfc6d4b" outcome="Passed" testListId="8c84fa94-04c1-424b-9868-57a2d4851a1d" relativeResultsDirectory="e8875340-e093-4f52-99c6-daa42f177c2f" /><UnitTestResult executionId="4618ea6e-19a1-4fdb-804c-3d4774613d70" testId="cc7c0644-f15b-442d-a767-602fac530882" testName="Put_InvalidReferencePropertyReturndBadRequest" computerName="LAMBDA" duration="00:00:00.0280000" startTime="2018-08-07T14:49:02.1676254-04:00" endTime="2018-08-07T14:49:02.1676310-04:00" testType="13cdc9d9-ddb5-4fa4-a97d-d965ccfc6d4b" outcome="Passed" testListId="8c84fa94-04c1-424b-9868-57a2d4851a1d" relativeResultsDirectory="4618ea6e-19a1-4fdb-804c-3d4774613d70" /><UnitTestResult executionId="a38c47e8-12f8-4bb2-a531-32f2dbbc8830" testId="213a284b-5019-4018-b262-a3ad39304f24" testName="Put_CanUpdateModel" computerName="LAMBDA" duration="00:00:00.0560000" startTime="2018-08-07T14:49:17.7741694-04:00" endTime="2018-08-07T14:49:17.7741750-04:00" testType="13cdc9d9-ddb5-4fa4-a97d-d965ccfc6d4b" outcome="Passed" testListId="8c84fa94-04c1-424b-9868-57a2d4851a1d" relativeResultsDirectory="a38c47e8-12f8-4bb2-a531-32f2dbbc8830" /><UnitTestResult executionId="d8473484-1ff2-4abd-9547-d814fbed52cf" testId="f7dc0357-29e2-48d7-85c8-c42b60237f3b" testName="Post_InvalidPropertyValueReturnsBadRequest" computerName="LAMBDA" duration="00:00:00.0220000" startTime="2018-08-07T14:49:06.4501020-04:00" endTime="2018-08-07T14:49:06.4501067-04:00" testType="13cdc9d9-ddb5-4fa4-a97d-d965ccfc6d4b" outcome="Passed" testListId="8c84fa94-04c1-424b-9868-57a2d4851a1d" relativeResultsDirectory="d8473484-1ff2-4abd-9547-d814fbed52cf" /><UnitTestResult executionId="12d93d87-7c80-4b00-9948-7c587c40cda1" testId="441eabda-0c22-4fe4-a100-a83248a60980" testName="Patch_TargetPropertyIsUpdated" computerName="LAMBDA" duration="00:00:00.0720000" startTime="2018-08-07T14:49:06.0409524-04:00" endTime="2018-08-07T14:49:06.0409571-04:00" testType="13cdc9d9-ddb5-4fa4-a97d-d965ccfc6d4b" outcome="Passed" testListId="8c84fa94-04c1-424b-9868-57a2d4851a1d" relativeResultsDirectory="12d93d87-7c80-4b00-9948-7c587c40cda1" /><UnitTestResult executionId="b08b8ab6-74d7-4006-b1d6-eaf4907ec11a" testId="4e416f25-df7a-4b8a-b390-5466de7e7243" testName="Put_ValidReferencePropertyUpdatesModel" computerName="LAMBDA" duration="00:00:00.2090000" startTime="2018-08-07T14:49:22.2802889-04:00" endTime="2018-08-07T14:49:22.2802949-04:00" testType="13cdc9d9-ddb5-4fa4-a97d-d965ccfc6d4b" outcome="Passed" testListId="8c84fa94-04c1-424b-9868-57a2d4851a1d" relativeResultsDirectory="b08b8ab6-74d7-4006-b1d6-eaf4907ec11a" /></Results><TestDefinitions><UnitTest name="GetFile_ExistingFileReturnsSuccess" storage="d:\github\modelrelief\modelrelief.test\bin\debug\netcoreapp2.0\modelrelief.test.dll" id="cfbcecfd-e22f-4358-aefa-c9b0401ca13f"><Execution id="1ab62f10-ada6-42b3-82f1-f0f34cea3afb" /><TestMethod codeBase="d:\Github\ModelRelief\ModelRelief.test\bin\Debug\netcoreapp2.0\ModelRelief.Test.dll" adapterTypeName="executor://xunit/VsTestRunner2/netcoreapp" className="ModelRelief.Test.Integration.Meshes.MeshesFileIntegrationTests" name="GetFile_ExistingFileReturnsSuccess" /></UnitTest><UnitTest name="Patch_InvalidEnumPropertyValueReturnsBadRequest" storage="d:\github\modelrelief\modelrelief.test\bin\debug\netcoreapp2.0\modelrelief.test.dll" id="1cf74050-273f-4791-93a5-b3f611d090bb"><Execution id="4f9aaf62-6204-49ee-96d1-3fa1db29987d" /><TestMethod codeBase="d:\Github\ModelRelief\ModelRelief.test\bin\Debug\netcoreapp2.0\ModelRelief.Test.dll" adapterTypeName="executor://xunit/VsTestRunner2/netcoreapp" className="ModelRelief.Test.Integration.Models.ModelsBaseIntegrationTests" name="Patch_InvalidEnumPropertyValueReturnsBadRequest" /></UnitTest><UnitTest name="GetList_ListReturnsCorrectCount" storage="d:\github\modelrelief\modelrelief.test\bin\debug\netcoreapp2.0\modelrelief.test.dll" id="39c95f05-c516-43d3-8dcb-36a9ec442a3b"><Execution id="70c03b1e-6e55-49e4-851f-6e56e8dc2763" /><TestMethod codeBase="d:\Github\ModelRelief\ModelRelief.test\bin\Debug\netcoreapp2.0\ModelRelief.Test.dll" adapterTypeName="executor://xunit/VsTestRunner2/netcoreapp" className="ModelRelief.Test.Integration.Models.ModelsBaseIntegrationTests" name="GetList_ListReturnsCorrectCount" /></UnitTest><UnitTest name="GetSingle_ValidIdPropertyValueReturnsCorrectModel" storage="d:\github\modelrelief\modelrelief.test\bin\debug\netcoreapp2.0\modelrelief.test.dll" id="c2b6c7fe-b110-4346-a3ff-e2123879a352"><Execution id="61a76d37-fde9-4b32-b32c-7d753b9babde" /><TestMethod codeBase="d:\Github\ModelRelief\ModelRelief.test\bin\Debug\netcoreapp2.0\ModelRelief.Test.dll" adapterTypeName="executor://xunit/VsTestRunner2/netcoreapp" className="ModelRelief.Test.Integration.Models.ModelsBaseIntegrationTests" name="GetSingle_ValidIdPropertyValueReturnsCorrectModel" /></UnitTest><UnitTest name="PutFile_FileCanBeUpdated" storage="d:\github\modelrelief\modelrelief.test\bin\debug\netcoreapp2.0\modelrelief.test.dll" id="ab7ff8ef-f79e-44ad-ab6a-39c6e5381f99"><Execution id="93c67c58-13c2-46df-b4d9-793cf2b577c5" /><TestMethod codeBase="d:\Github\ModelRelief\ModelRelief.test\bin\Debug\netcoreapp2.0\ModelRelief.Test.dll" adapterTypeName="executor://xunit/VsTestRunner2/netcoreapp" className="ModelRelief.Test.Integration.DepthBuffers.DepthBuffersFileIntegrationTests" name="PutFile_FileCanBeUpdated" /></UnitTest><UnitTest name="Put_InvalidIdReturnsNotFound" storage="d:\github\modelrelief\modelrelief.test\bin\debug\netcoreapp2.0\modelrelief.test.dll" id="262cda47-a0f9-477d-8db4-9c5fb851d21f"><Execution id="6173e196-27c2-47b0-87dc-e93563e2d568" /><TestMethod codeBase="d:\Github\ModelRelief\ModelRelief.test\bin\Debug\netcoreapp2.0\ModelRelief.Test.dll" adapterTypeName="executor://xunit/VsTestRunner2/netcoreapp" className="ModelRelief.Test.Integration.MeshTransforms.MeshTransformsBaseIntegrationTests" name="Put_InvalidIdReturnsNotFound" /></UnitTest><UnitTest name="GetFile_ExistingFileReturnsSuccess" storage="d:\github\modelrelief\modelrelief.test\bin\debug\netcoreapp2.0\modelrelief.test.dll" id="f0ee450d-32ed-4dc3-8a47-c692f1df22be"><Execution id="e2787790-8165-4223-90de-d1415ecaa689" /><TestMethod codeBase="d:\Github\ModelRelief\ModelRelief.test\bin\Debug\netcoreapp2.0\ModelRelief.Test.dll" adapterTypeName="executor://xunit/VsTestRunner2/netcoreapp" className="ModelRelief.Test.Integration.DepthBuffers.DepthBuffersFileIntegrationTests" name="GetFile_ExistingFileReturnsSuccess" /></UnitTest><UnitTest name="Put_ValidReferencePropertyUpdatesModel" storage="d:\github\modelrelief\modelrelief.test\bin\debug\netcoreapp2.0\modelrelief.test.dll" id="4e416f25-df7a-4b8a-b390-5466de7e7243"><Execution id="b08b8ab6-74d7-4006-b1d6-eaf4907ec11a" /><TestMethod codeBase="d:\Github\ModelRelief\ModelRelief.test\bin\Debug\netcoreapp2.0\ModelRelief.Test.dll" adapterTypeName="executor://xunit/VsTestRunner2/netcoreapp" className="ModelRelief.Test.Integration.Cameras.CamerasBaseIntegrationTests" name="Put_ValidReferencePropertyUpdatesModel" /></UnitTest><UnitTest name="Patch_ValidReferencePropertyUpdatesModel" storage="d:\github\modelrelief\modelrelief.test\bin\debug\netcoreapp2.0\modelrelief.test.dll" id="6b7f2849-dc2b-44c4-b782-856c15213675"><Execution id="cf998768-84e7-4559-b477-190b49c23f0c" /><TestMethod codeBase="d:\Github\ModelRelief\ModelRelief.test\bin\Debug\netcoreapp2.0\ModelRelief.Test.dll" adapterTypeName="executor://xunit/VsTestRunner2/netcoreapp" className="ModelRelief.Test.Integration.Cameras.CamerasBaseIntegrationTests" name="Patch_ValidReferencePropertyUpdatesModel" /></UnitTest><UnitTest name="Put_InvalidIdReturnsNotFound" storage="d:\github\modelrelief\modelrelief.test\bin\debug\netcoreapp2.0\modelrelief.test.dll" id="b796477d-93b3-4f85-9c91-aaa5b29e767e"><Execution id="f1411269-fa75-47a5-8f7a-cf2a3ff1cc64" /><TestMethod codeBase="d:\Github\ModelRelief\ModelRelief.test\bin\Debug\netcoreapp2.0\ModelRelief.Test.dll" adapterTypeName="executor://xunit/VsTestRunner2/netcoreapp" className="ModelRelief.Test.Integration.DepthBuffers.DepthBuffersBaseIntegrationTests" name="Put_InvalidIdReturnsNotFound" /></UnitTest><UnitTest name="Patch_InvalidReferencePropertyReturnsBadRequest" storage="d:\github\modelrelief\modelrelief.test\bin\debug\netcoreapp2.0\modelrelief.test.dll" id="b5bd2b50-3db6-4b28-ad08-4ef80810b62a"><Execution id="85d5584d-e8d0-4865-82e7-cc6055537bf6" /><TestMethod codeBase="d:\Github\ModelRelief\ModelRelief.test\bin\Debug\netcoreapp2.0\ModelRelief.Test.dll" adapterTypeName="executor://xunit/VsTestRunner2/netcoreapp" className="ModelRelief.Test.Integration.MeshTransforms.MeshTransformsBaseIntegrationTests" name="Patch_InvalidReferencePropertyReturnsBadRequest" /></UnitTest><UnitTest name="Post_InvalidReferencePropertyReturnsBadRequest" storage="d:\github\modelrelief\modelrelief.test\bin\debug\netcoreapp2.0\modelrelief.test.dll" id="f9470b30-973d-47f9-b169-cee262afa492"><Execution id="14eb297a-fe57-414f-9f60-581a2a7b3c1e" /><TestMethod codeBase="d:\Github\ModelRelief\ModelRelief.test\bin\Debug\netcoreapp2.0\ModelRelief.Test.dll" adapterTypeName="executor://xunit/VsTestRunner2/netcoreapp" className="ModelRelief.Test.Integration.Meshes.MeshesBaseIntegrationTests" name="Post_InvalidReferencePropertyReturnsBadRequest" /></UnitTest><UnitTest name="MeshTransformHasExpectedDependentFiles" storage="d:\github\modelrelief\modelrelief.test\bin\debug\netcoreapp2.0\modelrelief.test.dll" id="25763f08-4c19-4d05-a9e4-aaed3e61f8d3"><Execution id="f9055874-8dde-4131-9da9-96b98f9a9af2" /><TestMethod codeBase="d:\Github\ModelRelief\ModelRelief.test\bin\Debug\netcoreapp2.0\ModelRelief.Test.dll" adapterTypeName="executor://xunit/VsTestRunner2/netcoreapp" className="ModelRelief.Test.Unit.DependencyManager.DependencyManagerTests" name="MeshTransformHasExpectedDependentFiles" /></UnitTest><UnitTest name="Patch_MultipleInvalidReferencePropertiesReturnsMultipleValidationErrorsAndBadRequest" storage="d:\github\modelrelief\modelrelief.test\bin\debug\netcoreapp2.0\modelrelief.test.dll" id="b631f8fe-3e24-486a-b013-6c520af539fc"><Execution id="e2ba31ce-5947-4fdd-b2bf-0545edc62e80" /><TestMethod codeBase="d:\Github\ModelRelief\ModelRelief.test\bin\Debug\netcoreapp2.0\ModelRelief.Test.dll" adapterTypeName="executor://xunit/VsTestRunner2/netcoreapp" className="ModelRelief.Test.Integration.Projects.ProjectsBaseIntegrationTests" name="Patch_MultipleInvalidReferencePropertiesReturnsMultipleValidationErrorsAndBadRequest" /></UnitTest><UnitTest name="Patch_ValidReferencePropertyUpdatesModel" storage="d:\github\modelrelief\modelrelief.test\bin\debug\netcoreapp2.0\modelrelief.test.dll" id="b414dc83-4316-403d-9619-a96ac2899518"><Execution id="2b55a6c1-3365-4df1-b712-fc75b53ec9aa" /><TestMethod codeBase="d:\Github\ModelRelief\ModelRelief.test\bin\Debug\netcoreapp2.0\ModelRelief.Test.dll" adapterTypeName="executor://xunit/VsTestRunner2/netcoreapp" className="ModelRelief.Test.Integration.Projects.ProjectsBaseIntegrationTests" name="Patch_ValidReferencePropertyUpdatesModel" /></UnitTest><UnitTest name="Patch_InvalidIdPropertyReturnsNotFound" storage="d:\github\modelrelief\modelrelief.test\bin\debug\netcoreapp2.0\modelrelief.test.dll" id="49b37aa3-9c4b-4b63-aee0-131fe64b1a8c"><Execution id="3aa5ac17-a0ba-4bd4-857a-855931bd42a6" /><TestMethod codeBase="d:\Github\ModelRelief\ModelRelief.test\bin\Debug\netcoreapp2.0\ModelRelief.Test.dll" adapterTypeName="executor://xunit/VsTestRunner2/netcoreapp" className="ModelRelief.Test.Integration.MeshTransforms.MeshTransformsBaseIntegrationTests" name="Patch_InvalidIdPropertyReturnsNotFound" /></UnitTest><UnitTest name="Patch_InvalidPropertyNameReturnsBadRequest" storage="d:\github\modelrelief\modelrelief.test\bin\debug\netcoreapp2.0\modelrelief.test.dll" id="88856659-094a-427e-a317-09933ce677ff"><Execution id="01e34242-a16d-4ae2-bb7a-ab66977b0281" /><TestMethod codeBase="d:\Github\ModelRelief\ModelRelief.test\bin\Debug\netcoreapp2.0\ModelRelief.Test.dll" adapterTypeName="executor://xunit/VsTestRunner2/netcoreapp" className="ModelRelief.Test.Integration.Projects.ProjectsBaseIntegrationTests" name="Patch_InvalidPropertyNameReturnsBadRequest" /></UnitTest><UnitTest name="Put_InvalidReferencePropertyReturndBadRequest" storage="d:\github\modelrelief\modelrelief.test\bin\debug\netcoreapp2.0\modelrelief.test.dll" id="57816a0e-3624-4661-b967-b7c1777c6dcc"><Execution id="3a22170e-ca53-4c83-b261-f9b451a82152" /><TestMethod codeBase="d:\Github\ModelRelief\ModelRelief.test\bin\Debug\netcoreapp2.0\ModelRelief.Test.dll" adapterTypeName="executor://xunit/VsTestRunner2/netcoreapp" className="ModelRelief.Test.Integration.Models.ModelsBaseIntegrationTests" name="Put_InvalidReferencePropertyReturndBadRequest" /></UnitTest><UnitTest name="GetList_ListReturnsCorrectCount" storage="d:\github\modelrelief\modelrelief.test\bin\debug\netcoreapp2.0\modelrelief.test.dll" id="519be92b-fa99-4538-b668-4dc81cd2a2a1"><Execution id="5a747c6d-ea91-4161-8494-a74261dc4393" /><TestMethod codeBase="d:\Github\ModelRelief\ModelRelief.test\bin\Debug\netcoreapp2.0\ModelRelief.Test.dll" adapterTypeName="executor://xunit/VsTestRunner2/netcoreapp" className="ModelRelief.Test.Integration.DepthBuffers.DepthBuffersBaseIntegrationTests" name="GetList_ListReturnsCorrectCount" /></UnitTest><UnitTest name="Post_ValidReferencePropertyCreatesModel" storage="d:\github\modelrelief\modelrelief.test\bin\debug\netcoreapp2.0\modelrelief.test.dll" id="48f62bc1-f632-46b4-8aa4-3c2bcda4f6a4"><Execution id="8b327b52-6c86-4b1a-bf13-ad6c68b9ac66" /><TestMethod codeBase="d:\Github\ModelRelief\ModelRelief.test\bin\Debug\netcoreapp2.0\ModelRelief.Test.dll" adapterTypeName="executor://xunit/VsTestRunner2/netcoreapp" className="ModelRelief.Test.Integration.Cameras.CamerasBaseIntegrationTests" name="Post_ValidReferencePropertyCreatesModel" /></UnitTest><UnitTest name="Put_InvalidReferencePropertyReturndBadRequest" storage="d:\github\modelrelief\modelrelief.test\bin\debug\netcoreapp2.0\modelrelief.test.dll" id="cc7c0644-f15b-442d-a767-602fac530882"><Execution id="4618ea6e-19a1-4fdb-804c-3d4774613d70" /><TestMethod codeBase="d:\Github\ModelRelief\ModelRelief.test\bin\Debug\netcoreapp2.0\ModelRelief.Test.dll" adapterTypeName="executor://xunit/VsTestRunner2/netcoreapp" className="ModelRelief.Test.Integration.MeshTransforms.MeshTransformsBaseIntegrationTests" name="Put_InvalidReferencePropertyReturndBadRequest" /></UnitTest><UnitTest name="Patch_InvalidEnumPropertyValueReturnsBadRequest" storage="d:\github\modelrelief\modelrelief.test\bin\debug\netcoreapp2.0\modelrelief.test.dll" id="80673b43-dfce-42b9-8ecd-947909f97af1"><Execution id="5f58ba64-fffb-409c-a7f4-84932106e544" /><TestMethod codeBase="d:\Github\ModelRelief\ModelRelief.test\bin\Debug\netcoreapp2.0\ModelRelief.Test.dll" adapterTypeName="executor://xunit/VsTestRunner2/netcoreapp" className="ModelRelief.Test.Integration.Projects.ProjectsBaseIntegrationTests" name="Patch_InvalidEnumPropertyValueReturnsBadRequest" /></UnitTest><UnitTest name="FileRequest_MeshGenerateSetsFileIsSynchronized" storage="d:\github\modelrelief\modelrelief.test\bin\debug\netcoreapp2.0\modelrelief.test.dll" id="710de569-2675-4523-b6bf-b77487b9b35c"><Execution id="ed6a12ca-eaa3-4a80-9ba1-c6ea7f642904" /><TestMethod codeBase="d:\Github\ModelRelief\ModelRelief.test\bin\Debug\netcoreapp2.0\ModelRelief.Test.dll" adapterTypeName="executor://xunit/VsTestRunner2/netcoreapp" className="ModelRelief.Test.Integration.Meshes.MeshesFileIntegrationTests" name="FileRequest_MeshGenerateSetsFileIsSynchronized" /></UnitTest><UnitTest name="Patch_TargetPropertyIsUpdated" storage="d:\github\modelrelief\modelrelief.test\bin\debug\netcoreapp2.0\modelrelief.test.dll" id="b6695047-90dc-4a4c-9d2a-84b3ec52825d"><Execution id="d56b2db3-5157-4afa-9f17-cfeac0f83d64" /><TestMethod codeBase="d:\Github\ModelRelief\ModelRelief.test\bin\Debug\netcoreapp2.0\ModelRelief.Test.dll" adapterTypeName="executor://xunit/VsTestRunner2/netcoreapp" className="ModelRelief.Test.Integration.Projects.ProjectsBaseIntegrationTests" name="Patch_TargetPropertyIsUpdated" /></UnitTest><UnitTest name="Patch_MultipleInvalidReferencePropertiesReturnsMultipleValidationErrorsAndBadRequest" storage="d:\github\modelrelief\modelrelief.test\bin\debug\netcoreapp2.0\modelrelief.test.dll" id="0ff0048c-483e-4757-8b1b-c0daaa8d3b9d"><Execution id="c4002ed9-0ee7-47b4-8930-c027439e92ba" /><TestMethod codeBase="d:\Github\ModelRelief\ModelRelief.test\bin\Debug\netcoreapp2.0\ModelRelief.Test.dll" adapterTypeName="executor://xunit/VsTestRunner2/netcoreapp" className="ModelRelief.Test.Integration.MeshTransforms.MeshTransformsBaseIntegrationTests" name="Patch_MultipleInvalidReferencePropertiesReturnsMultipleValidationErrorsAndBadRequest" /></UnitTest><UnitTest name="Delete_TargetModelIsDeleted" storage="d:\github\modelrelief\modelrelief.test\bin\debug\netcoreapp2.0\modelrelief.test.dll" id="cf29ed89-b279-40bd-a491-d6fc65b6d592"><Execution id="a6320adf-6f41-4e62-b3eb-03257b9dc98c" /><TestMethod codeBase="d:\Github\ModelRelief\ModelRelief.test\bin\Debug\netcoreapp2.0\ModelRelief.Test.dll" adapterTypeName="executor://xunit/VsTestRunner2/netcoreapp" className="ModelRelief.Test.Integration.MeshTransforms.MeshTransformsBaseIntegrationTests" name="Delete_TargetModelIsDeleted" /></UnitTest><UnitTest name="Patch_InvalidEnumPropertyValueReturnsBadRequest" storage="d:\github\modelrelief\modelrelief.test\bin\debug\netcoreapp2.0\modelrelief.test.dll" id="e51ceb62-1b1a-462a-8a49-f1f360829432"><Execution id="5d55728b-e175-4baf-a79a-55482a55f827" /><TestMethod codeBase="d:\Github\ModelRelief\ModelRelief.test\bin\Debug\netcoreapp2.0\ModelRelief.Test.dll" adapterTypeName="executor://xunit/VsTestRunner2/netcoreapp" className="ModelRelief.Test.Integration.Meshes.MeshesBaseIntegrationTests" name="Patch_InvalidEnumPropertyValueReturnsBadRequest" /></UnitTest><UnitTest name="Put_CanUpdateModel" storage="d:\github\modelrelief\modelrelief.test\bin\debug\netcoreapp2.0\modelrelief.test.dll" id="178dc2ba-aa07-4c9e-a473-f7cc6cf606aa"><Execution id="6d45d682-a261-4db3-b5bb-fe7ee5cc1c39" /><TestMethod codeBase="d:\Github\ModelRelief\ModelRelief.test\bin\Debug\netcoreapp2.0\ModelRelief.Test.dll" adapterTypeName="executor://xunit/VsTestRunner2/netcoreapp" className="ModelRelief.Test.Integration.Models.ModelsBaseIntegrationTests" name="Put_CanUpdateModel" /></UnitTest><UnitTest name="Put_InvalidReferencePropertyReturndBadRequest" storage="d:\github\modelrelief\modelrelief.test\bin\debug\netcoreapp2.0\modelrelief.test.dll" id="be105870-0c59-4dd5-ba8a-0905dfa78adc"><Execution id="25febfde-f3c6-4b2d-857b-f498d2630630" /><TestMethod codeBase="d:\Github\ModelRelief\ModelRelief.test\bin\Debug\netcoreapp2.0\ModelRelief.Test.dll" adapterTypeName="executor://xunit/VsTestRunner2/netcoreapp" className="ModelRelief.Test.Integration.Meshes.MeshesBaseIntegrationTests" name="Put_InvalidReferencePropertyReturndBadRequest" /></UnitTest><UnitTest name="GetSingle_InvalidIdPropertyValueReturnsNotFound" storage="d:\github\modelrelief\modelrelief.test\bin\debug\netcoreapp2.0\modelrelief.test.dll" id="c22a76c6-b009-49c3-b6a7-602a1c1c4892"><Execution id="cd0ff3cc-9db8-4f57-bffc-4d2a15b7f926" /><TestMethod codeBase="d:\Github\ModelRelief\ModelRelief.test\bin\Debug\netcoreapp2.0\ModelRelief.Test.dll" adapterTypeName="executor://xunit/VsTestRunner2/netcoreapp" className="ModelRelief.Test.Integration.Cameras.CamerasBaseIntegrationTests" name="GetSingle_InvalidIdPropertyValueReturnsNotFound" /></UnitTest><UnitTest name="Put_ValidReferencePropertyUpdatesModel" storage="d:\github\modelrelief\modelrelief.test\bin\debug\netcoreapp2.0\modelrelief.test.dll" id="a995e9eb-c838-41e4-95b9-f3d12be7cfa6"><Execution id="f1615e71-7900-40e5-a389-3438d38473f8" /><TestMethod codeBase="d:\Github\ModelRelief\ModelRelief.test\bin\Debug\netcoreapp2.0\ModelRelief.Test.dll" adapterTypeName="executor://xunit/VsTestRunner2/netcoreapp" className="ModelRelief.Test.Integration.MeshTransforms.MeshTransformsBaseIntegrationTests" name="Put_ValidReferencePropertyUpdatesModel" /></UnitTest><UnitTest name="Patch_TargetPropertyIsUpdated" storage="d:\github\modelrelief\modelrelief.test\bin\debug\netcoreapp2.0\modelrelief.test.dll" id="e9949021-50dc-4845-9c9c-a4928d8c2dd8"><Execution id="4bc26d2c-f379-4a2b-be6e-12aa269006bc" /><TestMethod codeBase="d:\Github\ModelRelief\ModelRelief.test\bin\Debug\netcoreapp2.0\ModelRelief.Test.dll" adapterTypeName="executor://xunit/VsTestRunner2/netcoreapp" className="ModelRelief.Test.Integration.DepthBuffers.DepthBuffersBaseIntegrationTests" name="Patch_TargetPropertyIsUpdated" /></UnitTest><UnitTest name="PutFile_NewFileCanBePut" storage="d:\github\modelrelief\modelrelief.test\bin\debug\netcoreapp2.0\modelrelief.test.dll" id="d9850067-cb42-4b39-9f4b-810b4bb16265"><Execution id="0e366cc8-45ee-4a51-8a59-6f3464f2b860" /><TestMethod codeBase="d:\Github\ModelRelief\ModelRelief.test\bin\Debug\netcoreapp2.0\ModelRelief.Test.dll" adapterTypeName="executor://xunit/VsTestRunner2/netcoreapp" className="ModelRelief.Test.Integration.Meshes.MeshesFileIntegrationTests" name="PutFile_NewFileCanBePut" /></UnitTest><UnitTest name="Put_InvalidIdReturnsNotFound" storage="d:\github\modelrelief\modelrelief.test\bin\debug\netcoreapp2.0\modelrelief.test.dll" id="50c1cbac-1432-42e5-8f75-4cc4afe054d3"><Execution id="99f12b1f-3db2-40fe-bda7-239626d91eb4" /><TestMethod codeBase="d:\Github\ModelRelief\ModelRelief.test\bin\Debug\netcoreapp2.0\ModelRelief.Test.dll" adapterTypeName="executor://xunit/VsTestRunner2/netcoreapp" className="ModelRelief.Test.Integration.Cameras.CamerasBaseIntegrationTests" name="Put_InvalidIdReturnsNotFound" /></UnitTest><UnitTest name="Put_CanUpdateModel" storage="d:\github\modelrelief\modelrelief.test\bin\debug\netcoreapp2.0\modelrelief.test.dll" id="6b6e8a7b-db19-4cd4-8442-c88447ad40f7"><Execution id="b71ad893-cecd-4bb7-8783-38c1a720d91d" /><TestMethod codeBase="d:\Github\ModelRelief\ModelRelief.test\bin\Debug\netcoreapp2.0\ModelRelief.Test.dll" adapterTypeName="executor://xunit/VsTestRunner2/netcoreapp" className="ModelRelief.Test.Integration.Cameras.CamerasBaseIntegrationTests" name="Put_CanUpdateModel" /></UnitTest><UnitTest name="Delete_TargetModelIsDeleted" storage="d:\github\modelrelief\modelrelief.test\bin\debug\netcoreapp2.0\modelrelief.test.dll" id="7e6c65af-0241-4e24-b2ef-ed6576c22017"><Execution id="5700aa0d-fb91-41d8-b4a9-5b08c043e9e5" /><TestMethod codeBase="d:\Github\ModelRelief\ModelRelief.test\bin\Debug\netcoreapp2.0\ModelRelief.Test.dll" adapterTypeName="executor://xunit/VsTestRunner2/netcoreapp" className="ModelRelief.Test.Integration.DepthBuffers.DepthBuffersBaseIntegrationTests" name="Delete_TargetModelIsDeleted" /></UnitTest><UnitTest name="PostFile_FileIsSynchronizedIsUpdatedAfterFileIsPosted" storage="d:\github\modelrelief\modelrelief.test\bin\debug\netcoreapp2.0\modelrelief.test.dll" id="ce44b4de-6799-48f1-98d1-cd0f9a0cd55e"><Execution id="5baa9425-e765-4a2a-851e-e001e1a510a2" /><TestMethod codeBase="d:\Github\ModelRelief\ModelRelief.test\bin\Debug\netcoreapp2.0\ModelRelief.Test.dll" adapterTypeName="executor://xunit/VsTestRunner2/netcoreapp" className="ModelRelief.Test.Integration.Meshes.MeshesFileIntegrationTests" name="PostFile_FileIsSynchronizedIsUpdatedAfterFileIsPosted" /></UnitTest><UnitTest name="Patch_InvalidReferencePropertyReturnsBadRequest" storage="d:\github\modelrelief\modelrelief.test\bin\debug\netcoreapp2.0\modelrelief.test.dll" id="41de13ad-3400-457b-99d7-b5339f6c5139"><Execution id="e505267d-55b5-4b2a-91fe-d850e7371a3d" /><TestMethod codeBase="d:\Github\ModelRelief\ModelRelief.test\bin\Debug\netcoreapp2.0\ModelRelief.Test.dll" adapterTypeName="executor://xunit/VsTestRunner2/netcoreapp" className="ModelRelief.Test.Integration.Cameras.CamerasBaseIntegrationTests" name="Patch_InvalidReferencePropertyReturnsBadRequest" /></UnitTest><UnitTest name="PostFile_FileTimeStampIsUpdatedAfterFileIsPosted" storage="d:\github\modelrelief\modelrelief.test\bin\debug\netcoreapp2.0\modelrelief.test.dll" id="33b265e0-48e7-4e3c-9e9b-fdec792e401a"><Execution id="3216640e-8d59-4465-bf3d-32df519ddf53" /><TestMethod codeBase="d:\Github\ModelRelief\ModelRelief.test\bin\Debug\netcoreapp2.0\ModelRelief.Test.dll" adapterTypeName="executor://xunit/VsTestRunner2/netcoreapp" className="ModelRelief.Test.Integration.DepthBuffers.DepthBuffersFileIntegrationTests" name="PostFile_FileTimeStampIsUpdatedAfterFileIsPosted" /></UnitTest><UnitTest name="Patch_ValidReferencePropertyUpdatesModel" storage="d:\github\modelrelief\modelrelief.test\bin\debug\netcoreapp2.0\modelrelief.test.dll" id="83bb199f-6938-40ab-b252-b43c65fd39c5"><Execution id="fb64ad9f-bd1c-44de-9457-0d0d9118e6f0" /><TestMethod codeBase="d:\Github\ModelRelief\ModelRelief.test\bin\Debug\netcoreapp2.0\ModelRelief.Test.dll" adapterTypeName="executor://xunit/VsTestRunner2/netcoreapp" className="ModelRelief.Test.Integration.DepthBuffers.DepthBuffersBaseIntegrationTests" name="Patch_ValidReferencePropertyUpdatesModel" /></UnitTest><UnitTest name="Patch_MultipleInvalidReferencePropertiesReturnsMultipleValidationErrorsAndBadRequest" storage="d:\github\modelrelief\modelrelief.test\bin\debug\netcoreapp2.0\modelrelief.test.dll" id="a08b2399-0c50-46b3-8a37-0405d6ea14d5"><Execution id="7f4d4a52-e5b5-4776-a3ed-fe3e7a200c7a" /><TestMethod codeBase="d:\Github\ModelRelief\ModelRelief.test\bin\Debug\netcoreapp2.0\ModelRelief.Test.dll" adapterTypeName="executor://xunit/VsTestRunner2/netcoreapp" className="ModelRelief.Test.Integration.Models.ModelsBaseIntegrationTests" name="Patch_MultipleInvalidReferencePropertiesReturnsMultipleValidationErrorsAndBadRequest" /></UnitTest><UnitTest name="Patch_InvalidPropertyNameReturnsBadRequest" storage="d:\github\modelrelief\modelrelief.test\bin\debug\netcoreapp2.0\modelrelief.test.dll" id="357095a1-f780-49f6-902a-545b2b77cb6f"><Execution id="994c22a6-1995-4539-a36c-2d43b417ca97" /><TestMethod codeBase="d:\Github\ModelRelief\ModelRelief.test\bin\Debug\netcoreapp2.0\ModelRelief.Test.dll" adapterTypeName="executor://xunit/VsTestRunner2/netcoreapp" className="ModelRelief.Test.Integration.DepthBuffers.DepthBuffersBaseIntegrationTests" name="Patch_InvalidPropertyNameReturnsBadRequest" /></UnitTest><UnitTest name="GetSingle_InvalidIdPropertyValueReturnsNotFound" storage="d:\github\modelrelief\modelrelief.test\bin\debug\netcoreapp2.0\modelrelief.test.dll" id="a691a9a9-e20e-438b-bae6-a75da408c000"><Execution id="c6b3e895-6ce3-4aa0-8a0e-2b1f108fa056" /><TestMethod codeBase="d:\Github\ModelRelief\ModelRelief.test\bin\Debug\netcoreapp2.0\ModelRelief.Test.dll" adapterTypeName="executor://xunit/VsTestRunner2/netcoreapp" className="ModelRelief.Test.Integration.Models.ModelsBaseIntegrationTests" name="GetSingle_InvalidIdPropertyValueReturnsNotFound" /></UnitTest><UnitTest name="PostFile_FileIsSynchronizedIsUpdatedAfterFileIsPosted" storage="d:\github\modelrelief\modelrelief.test\bin\debug\netcoreapp2.0\modelrelief.test.dll" id="37d1025c-37fb-4cb1-9eed-3809873b4a12"><Execution id="896d23a4-fb4b-4039-9e9a-24916d00037a" /><TestMethod codeBase="d:\Github\ModelRelief\ModelRelief.test\bin\Debug\netcoreapp2.0\ModelRelief.Test.dll" adapterTypeName="executor://xunit/VsTestRunner2/netcoreapp" className="ModelRelief.Test.Integration.Models.ModelsFileIntegrationTests" name="PostFile_FileIsSynchronizedIsUpdatedAfterFileIsPosted" /></UnitTest><UnitTest name="Patch_InvalidReferencePropertyReturnsBadRequest" storage="d:\github\modelrelief\modelrelief.test\bin\debug\netcoreapp2.0\modelrelief.test.dll" id="8b940dce-6b98-4766-b356-477595a5b3ed"><Execution id="a4d60c53-cfb1-4ad8-b688-144c8620bb93" /><TestMethod codeBase="d:\Github\ModelRelief\ModelRelief.test\bin\Debug\netcoreapp2.0\ModelRelief.Test.dll" adapterTypeName="executor://xunit/VsTestRunner2/netcoreapp" className="ModelRelief.Test.Integration.Meshes.MeshesBaseIntegrationTests" name="Patch_InvalidReferencePropertyReturnsBadRequest" /></UnitTest><UnitTest name="Post_ValidReferencePropertyCreatesModel" storage="d:\github\modelrelief\modelrelief.test\bin\debug\netcoreapp2.0\modelrelief.test.dll" id="25de0670-8a5b-484d-906f-ce0fbdd7b527"><Execution id="f6af5945-9364-46d4-9135-f23b132ce409" /><TestMethod codeBase="d:\Github\ModelRelief\ModelRelief.test\bin\Debug\netcoreapp2.0\ModelRelief.Test.dll" adapterTypeName="executor://xunit/VsTestRunner2/netcoreapp" className="ModelRelief.Test.Integration.Meshes.MeshesBaseIntegrationTests" name="Post_ValidReferencePropertyCreatesModel" /></UnitTest><UnitTest name="Post_InvalidReferencePropertyReturnsBadRequest" storage="d:\github\modelrelief\modelrelief.test\bin\debug\netcoreapp2.0\modelrelief.test.dll" id="b86e15e6-8133-47bc-aff0-dfd53245cde8"><Execution id="98744cc8-a6bf-4ae8-b561-2fd9afbda853" /><TestMethod codeBase="d:\Github\ModelRelief\ModelRelief.test\bin\Debug\netcoreapp2.0\ModelRelief.Test.dll" adapterTypeName="executor://xunit/VsTestRunner2/netcoreapp" className="ModelRelief.Test.Integration.Projects.ProjectsBaseIntegrationTests" name="Post_InvalidReferencePropertyReturnsBadRequest" /></UnitTest><UnitTest name="Patch_InvalidIdPropertyReturnsNotFound" storage="d:\github\modelrelief\modelrelief.test\bin\debug\netcoreapp2.0\modelrelief.test.dll" id="fc74113b-6a7d-4c86-ab50-ac3b83be3013"><Execution id="275b37d7-05b2-4973-900b-06475206000c" /><TestMethod codeBase="d:\Github\ModelRelief\ModelRelief.test\bin\Debug\netcoreapp2.0\ModelRelief.Test.dll" adapterTypeName="executor://xunit/VsTestRunner2/netcoreapp" className="ModelRelief.Test.Integration.Models.ModelsBaseIntegrationTests" name="Patch_InvalidIdPropertyReturnsNotFound" /></UnitTest><UnitTest name="Post_InvalidPropertyValueReturnsBadRequest" storage="d:\github\modelrelief\modelrelief.test\bin\debug\netcoreapp2.0\modelrelief.test.dll" id="0ab0a788-62e8-46f0-a9d7-71037dcf18f9"><Execution id="1d15ff43-f7a7-42c2-9dc0-a4794a346f67" /><TestMethod codeBase="d:\Github\ModelRelief\ModelRelief.test\bin\Debug\netcoreapp2.0\ModelRelief.Test.dll" adapterTypeName="executor://xunit/VsTestRunner2/netcoreapp" className="ModelRelief.Test.Integration.Models.ModelsBaseIntegrationTests" name="Post_InvalidPropertyValueReturnsBadRequest" /></UnitTest><UnitTest name="Patch_InvalidEnumPropertyValueReturnsBadRequest" storage="d:\github\modelrelief\modelrelief.test\bin\debug\netcoreapp2.0\modelrelief.test.dll" id="ef90736c-ef83-43bf-afdf-bf73c1d32d54"><Execution id="c9bd3a15-9a2c-412b-a247-1e806a3f471c" /><TestMethod codeBase="d:\Github\ModelRelief\ModelRelief.test\bin\Debug\netcoreapp2.0\ModelRelief.Test.dll" adapterTypeName="executor://xunit/VsTestRunner2/netcoreapp" className="ModelRelief.Test.Integration.MeshTransforms.MeshTransformsBaseIntegrationTests" name="Patch_InvalidEnumPropertyValueReturnsBadRequest" /></UnitTest><UnitTest name="Post_CanCreateNewModel" storage="d:\github\modelrelief\modelrelief.test\bin\debug\netcoreapp2.0\modelrelief.test.dll" id="a95c51d4-1b0a-4f50-bfcb-5e0a8786687b"><Execution id="eb82297b-b9fb-4967-b049-8d53a56487c2" /><TestMethod codeBase="d:\Github\ModelRelief\ModelRelief.test\bin\Debug\netcoreapp2.0\ModelRelief.Test.dll" adapterTypeName="executor://xunit/VsTestRunner2/netcoreapp" className="ModelRelief.Test.Integration.DepthBuffers.DepthBuffersBaseIntegrationTests" name="Post_CanCreateNewModel" /></UnitTest><UnitTest name="Patch_MultipleInvalidReferencePropertiesReturnsMultipleValidationErrorsAndBadRequest" storage="d:\github\modelrelief\modelrelief.test\bin\debug\netcoreapp2.0\modelrelief.test.dll" id="f37953ec-11bc-4f24-98ea-fac7ef13850e"><Execution id="1a72e2a6-4743-4cf1-b21d-eb4d459c4ff1" /><TestMethod codeBase="d:\Github\ModelRelief\ModelRelief.test\bin\Debug\netcoreapp2.0\ModelRelief.Test.dll" adapterTypeName="executor://xunit/VsTestRunner2/netcoreapp" className="ModelRelief.Test.Integration.DepthBuffers.DepthBuffersBaseIntegrationTests" name="Patch_MultipleInvalidReferencePropertiesReturnsMultipleValidationErrorsAndBadRequest" /></UnitTest><UnitTest name="Patch_MultipleInvalidReferencePropertiesReturnsMultipleValidationErrorsAndBadRequest" storage="d:\github\modelrelief\modelrelief.test\bin\debug\netcoreapp2.0\modelrelief.test.dll" id="1d6b6121-e2fe-4110-b401-a6287ccfea8b"><Execution id="3591b9e2-d0ff-4435-a321-26dba1520562" /><TestMethod codeBase="d:\Github\ModelRelief\ModelRelief.test\bin\Debug\netcoreapp2.0\ModelRelief.Test.dll" adapterTypeName="executor://xunit/VsTestRunner2/netcoreapp" className="ModelRelief.Test.Integration.Cameras.CamerasBaseIntegrationTests" name="Patch_MultipleInvalidReferencePropertiesReturnsMultipleValidationErrorsAndBadRequest" /></UnitTest><UnitTest name="Put_ValidReferencePropertyUpdatesModel" storage="d:\github\modelrelief\modelrelief.test\bin\debug\netcoreapp2.0\modelrelief.test.dll" id="58f0cc98-6458-43e2-9400-b21981ee2fa1"><Execution id="d11cf56d-7ddc-40f6-be5e-bf452c302b7e" /><TestMethod codeBase="d:\Github\ModelRelief\ModelRelief.test\bin\Debug\netcoreapp2.0\ModelRelief.Test.dll" adapterTypeName="executor://xunit/VsTestRunner2/netcoreapp" className="ModelRelief.Test.Integration.Meshes.MeshesBaseIntegrationTests" name="Put_ValidReferencePropertyUpdatesModel" /></UnitTest><UnitTest name="Delete_TargetModelIsDeleted" storage="d:\github\modelrelief\modelrelief.test\bin\debug\netcoreapp2.0\modelrelief.test.dll" id="0bff8435-bd4d-49a1-a60d-7e44f7638eaa"><Execution id="319248ce-dd03-4051-86ba-276f75eb564b" /><TestMethod codeBase="d:\Github\ModelRelief\ModelRelief.test\bin\Debug\netcoreapp2.0\ModelRelief.Test.dll" adapterTypeName="executor://xunit/VsTestRunner2/netcoreapp" className="ModelRelief.Test.Integration.Cameras.CamerasBaseIntegrationTests" name="Delete_TargetModelIsDeleted" /></UnitTest><UnitTest name="Delete_TargetModelIsDeleted" storage="d:\github\modelrelief\modelrelief.test\bin\debug\netcoreapp2.0\modelrelief.test.dll" id="ed1e53d3-ce25-4ab0-9fea-a52f6526aa51"><Execution id="f3c8cc8d-0cdf-4fb4-ad35-9b95f05e6d00" /><TestMethod codeBase="d:\Github\ModelRelief\ModelRelief.test\bin\Debug\netcoreapp2.0\ModelRelief.Test.dll" adapterTypeName="executor://xunit/VsTestRunner2/netcoreapp" className="ModelRelief.Test.Integration.Projects.ProjectsBaseIntegrationTests" name="Delete_TargetModelIsDeleted" /></UnitTest><UnitTest name="Patch_InvalidIdPropertyReturnsNotFound" storage="d:\github\modelrelief\modelrelief.test\bin\debug\netcoreapp2.0\modelrelief.test.dll" id="d45ad9d5-4f42-4697-b086-759224ef59f2"><Execution id="30a2a135-e48b-4d99-86b2-acade0711f65" /><TestMethod codeBase="d:\Github\ModelRelief\ModelRelief.test\bin\Debug\netcoreapp2.0\ModelRelief.Test.dll" adapterTypeName="executor://xunit/VsTestRunner2/netcoreapp" className="ModelRelief.Test.Integration.Meshes.MeshesBaseIntegrationTests" name="Patch_InvalidIdPropertyReturnsNotFound" /></UnitTest><UnitTest name="GetFile_FileCanBeRoundTripped" storage="d:\github\modelrelief\modelrelief.test\bin\debug\netcoreapp2.0\modelrelief.test.dll" id="f80d8b2e-8b7c-44cf-99fe-bb85c909bf32"><Execution id="2df12734-dcae-415a-93c5-f7503ef41e62" /><TestMethod codeBase="d:\Github\ModelRelief\ModelRelief.test\bin\Debug\netcoreapp2.0\ModelRelief.Test.dll" adapterTypeName="executor://xunit/VsTestRunner2/netcoreapp" className="ModelRelief.Test.Integration.Models.ModelsFileIntegrationTests" name="GetFile_FileCanBeRoundTripped" /></UnitTest><UnitTest name="Put_InvalidIdReturnsNotFound" storage="d:\github\modelrelief\modelrelief.test\bin\debug\netcoreapp2.0\modelrelief.test.dll" id="c4cfb385-f991-4af5-92bb-cdf8f02287ad"><Execution id="c79ca06d-5b89-4a97-bd3f-d2dd35088168" /><TestMethod codeBase="d:\Github\ModelRelief\ModelRelief.test\bin\Debug\netcoreapp2.0\ModelRelief.Test.dll" adapterTypeName="executor://xunit/VsTestRunner2/netcoreapp" className="ModelRelief.Test.Integration.Meshes.MeshesBaseIntegrationTests" name="Put_InvalidIdReturnsNotFound" /></UnitTest><UnitTest name="Patch_InvalidReferencePropertyReturnsBadRequest" storage="d:\github\modelrelief\modelrelief.test\bin\debug\netcoreapp2.0\modelrelief.test.dll" id="7bfacbb7-0ccc-491d-8b37-79734a517b59"><Execution id="38a26fd9-7d53-4c3a-816f-b76040ef88b7" /><TestMethod codeBase="d:\Github\ModelRelief\ModelRelief.test\bin\Debug\netcoreapp2.0\ModelRelief.Test.dll" adapterTypeName="executor://xunit/VsTestRunner2/netcoreapp" className="ModelRelief.Test.Integration.Projects.ProjectsBaseIntegrationTests" name="Patch_InvalidReferencePropertyReturnsBadRequest" /></UnitTest><UnitTest name="Post_ValidReferencePropertyCreatesModel" storage="d:\github\modelrelief\modelrelief.test\bin\debug\netcoreapp2.0\modelrelief.test.dll" id="b378bdc3-a4f0-49fe-9aa5-21115652857e"><Execution id="22590dbe-530d-45ec-8685-3af35634e881" /><TestMethod codeBase="d:\Github\ModelRelief\ModelRelief.test\bin\Debug\netcoreapp2.0\ModelRelief.Test.dll" adapterTypeName="executor://xunit/VsTestRunner2/netcoreapp" className="ModelRelief.Test.Integration.DepthBuffers.DepthBuffersBaseIntegrationTests" name="Post_ValidReferencePropertyCreatesModel" /></UnitTest><UnitTest name="Put_InvalidIdReturnsNotFound" storage="d:\github\modelrelief\modelrelief.test\bin\debug\netcoreapp2.0\modelrelief.test.dll" id="b05aff2f-2d32-4b0b-ad61-0b3aa8bf14d0"><Execution id="e59baaf2-44ba-42b1-a1c7-4efc2ee8e776" /><TestMethod codeBase="d:\Github\ModelRelief\ModelRelief.test\bin\Debug\netcoreapp2.0\ModelRelief.Test.dll" adapterTypeName="executor://xunit/VsTestRunner2/netcoreapp" className="ModelRelief.Test.Integration.Projects.ProjectsBaseIntegrationTests" name="Put_InvalidIdReturnsNotFound" /></UnitTest><UnitTest name="PostFile_NewFileCanBePosted" storage="d:\github\modelrelief\modelrelief.test\bin\debug\netcoreapp2.0\modelrelief.test.dll" id="fee3efdd-64eb-44fc-96d7-fe4ed371a842"><Execution id="150a528f-66d4-4ce4-aecb-e39f000e7cfb" /><TestMethod codeBase="d:\Github\ModelRelief\ModelRelief.test\bin\Debug\netcoreapp2.0\ModelRelief.Test.dll" adapterTypeName="executor://xunit/VsTestRunner2/netcoreapp" className="ModelRelief.Test.Integration.Meshes.MeshesFileIntegrationTests" name="PostFile_NewFileCanBePosted" /></UnitTest><UnitTest name="Patch_InvalidReferencePropertyReturnsBadRequest" storage="d:\github\modelrelief\modelrelief.test\bin\debug\netcoreapp2.0\modelrelief.test.dll" id="fee0f720-22b3-4db4-a8ef-556bb66b73be"><Execution id="e6b44595-8531-4720-a81e-4f797548ff01" /><TestMethod codeBase="d:\Github\ModelRelief\ModelRelief.test\bin\Debug\netcoreapp2.0\ModelRelief.Test.dll" adapterTypeName="executor://xunit/VsTestRunner2/netcoreapp" className="ModelRelief.Test.Integration.DepthBuffers.DepthBuffersBaseIntegrationTests" name="Patch_InvalidReferencePropertyReturnsBadRequest" /></UnitTest><UnitTest name="Post_InvalidReferencePropertyReturnsBadRequest" storage="d:\github\modelrelief\modelrelief.test\bin\debug\netcoreapp2.0\modelrelief.test.dll" id="58279a36-7efc-4d4b-a896-a54f53fb042d"><Execution id="4cccc079-d8a4-452b-80da-cb5fc4fc74b8" /><TestMethod codeBase="d:\Github\ModelRelief\ModelRelief.test\bin\Debug\netcoreapp2.0\ModelRelief.Test.dll" adapterTypeName="executor://xunit/VsTestRunner2/netcoreapp" className="ModelRelief.Test.Integration.MeshTransforms.MeshTransformsBaseIntegrationTests" name="Post_InvalidReferencePropertyReturnsBadRequest" /></UnitTest><UnitTest name="Patch_ValidReferencePropertyUpdatesModel" storage="d:\github\modelrelief\modelrelief.test\bin\debug\netcoreapp2.0\modelrelief.test.dll" id="38232eca-731d-4754-bb14-f8d0830a3ddd"><Execution id="e6fb3541-428e-432b-8bd5-1f783c037f5d" /><TestMethod codeBase="d:\Github\ModelRelief\ModelRelief.test\bin\Debug\netcoreapp2.0\ModelRelief.Test.dll" adapterTypeName="executor://xunit/VsTestRunner2/netcoreapp" className="ModelRelief.Test.Integration.Models.ModelsBaseIntegrationTests" name="Patch_ValidReferencePropertyUpdatesModel" /></UnitTest><UnitTest name="Put_CanUpdateModel" storage="d:\github\modelrelief\modelrelief.test\bin\debug\netcoreapp2.0\modelrelief.test.dll" id="5625fa2e-56cb-4514-8548-01138f9d6f3b"><Execution id="60aa3917-a2cc-493c-8e44-1bd2d5653fef" /><TestMethod codeBase="d:\Github\ModelRelief\ModelRelief.test\bin\Debug\netcoreapp2.0\ModelRelief.Test.dll" adapterTypeName="executor://xunit/VsTestRunner2/netcoreapp" className="ModelRelief.Test.Integration.Projects.ProjectsBaseIntegrationTests" name="Put_CanUpdateModel" /></UnitTest><UnitTest name="Patch_ValidReferencePropertyUpdatesModel" storage="d:\github\modelrelief\modelrelief.test\bin\debug\netcoreapp2.0\modelrelief.test.dll" id="845d37a4-a78f-44df-a186-451495327e19"><Execution id="e6b533b1-7bf5-465b-96e7-59c41b922b36" /><TestMethod codeBase="d:\Github\ModelRelief\ModelRelief.test\bin\Debug\netcoreapp2.0\ModelRelief.Test.dll" adapterTypeName="executor://xunit/VsTestRunner2/netcoreapp" className="ModelRelief.Test.Integration.Meshes.MeshesBaseIntegrationTests" name="Patch_ValidReferencePropertyUpdatesModel" /></UnitTest><UnitTest name="Put_InvalidIdReturnsNotFound" storage="d:\github\modelrelief\modelrelief.test\bin\debug\netcoreapp2.0\modelrelief.test.dll" id="4a828737-5da6-49e9-88ac-7926ab5ecdc3"><Execution id="a50abfbc-9f7c-4acb-8586-178b7c8262e6" /><TestMethod codeBase="d:\Github\ModelRelief\ModelRelief.test\bin\Debug\netcoreapp2.0\ModelRelief.Test.dll" adapterTypeName="executor://xunit/VsTestRunner2/netcoreapp" className="ModelRelief.Test.Integration.Models.ModelsBaseIntegrationTests" name="Put_InvalidIdReturnsNotFound" /></UnitTest><UnitTest name="PutFile_NewFileCanBePut" storage="d:\github\modelrelief\modelrelief.test\bin\debug\netcoreapp2.0\modelrelief.test.dll" id="1e72646d-107a-4ba4-867a-b35513ec0217"><Execution id="4d37c7ed-78ee-4350-873a-90ec3be65866" /><TestMethod codeBase="d:\Github\ModelRelief\ModelRelief.test\bin\Debug\netcoreapp2.0\ModelRelief.Test.dll" adapterTypeName="executor://xunit/VsTestRunner2/netcoreapp" className="ModelRelief.Test.Integration.DepthBuffers.DepthBuffersFileIntegrationTests" name="PutFile_NewFileCanBePut" /></UnitTest><UnitTest name="PostFile_NewFileCanBePosted" storage="d:\github\modelrelief\modelrelief.test\bin\debug\netcoreapp2.0\modelrelief.test.dll" id="dec0d8d5-488e-4873-bd00-d8f4b49c3ef4"><Execution id="607e0342-3f01-497a-95ad-f545ef23a159" /><TestMethod codeBase="d:\Github\ModelRelief\ModelRelief.test\bin\Debug\netcoreapp2.0\ModelRelief.Test.dll" adapterTypeName="executor://xunit/VsTestRunner2/netcoreapp" className="ModelRelief.Test.Integration.DepthBuffers.DepthBuffersFileIntegrationTests" name="PostFile_NewFileCanBePosted" /></UnitTest><UnitTest name="GetSingle_ValidIdPropertyValueReturnsCorrectModel" storage="d:\github\modelrelief\modelrelief.test\bin\debug\netcoreapp2.0\modelrelief.test.dll" id="a76eab8c-7211-4283-94e8-5b51d7719b4a"><Execution id="5626d044-c6bb-48ce-b1ba-08184335bebb" /><TestMethod codeBase="d:\Github\ModelRelief\ModelRelief.test\bin\Debug\netcoreapp2.0\ModelRelief.Test.dll" adapterTypeName="executor://xunit/VsTestRunner2/netcoreapp" className="ModelRelief.Test.Integration.Meshes.MeshesBaseIntegrationTests" name="GetSingle_ValidIdPropertyValueReturnsCorrectModel" /></UnitTest><UnitTest name="GetFile_ExistingFileReturnsSuccess" storage="d:\github\modelrelief\modelrelief.test\bin\debug\netcoreapp2.0\modelrelief.test.dll" id="d91bd53c-bf62-400b-a2ce-ebfc46e3e6eb"><Execution id="27e2039a-682f-4a0a-8131-c187ecb8d7ba" /><TestMethod codeBase="d:\Github\ModelRelief\ModelRelief.test\bin\Debug\netcoreapp2.0\ModelRelief.Test.dll" adapterTypeName="executor://xunit/VsTestRunner2/netcoreapp" className="ModelRelief.Test.Integration.Models.ModelsFileIntegrationTests" name="GetFile_ExistingFileReturnsSuccess" /></UnitTest><UnitTest name="Post_InvalidPropertyValueReturnsBadRequest" storage="d:\github\modelrelief\modelrelief.test\bin\debug\netcoreapp2.0\modelrelief.test.dll" id="f7dc0357-29e2-48d7-85c8-c42b60237f3b"><Execution id="d8473484-1ff2-4abd-9547-d814fbed52cf" /><TestMethod codeBase="d:\Github\ModelRelief\ModelRelief.test\bin\Debug\netcoreapp2.0\ModelRelief.Test.dll" adapterTypeName="executor://xunit/VsTestRunner2/netcoreapp" className="ModelRelief.Test.Integration.Meshes.MeshesBaseIntegrationTests" name="Post_InvalidPropertyValueReturnsBadRequest" /></UnitTest><UnitTest name="Post_InvalidPropertyValueReturnsBadRequest" storage="d:\github\modelrelief\modelrelief.test\bin\debug\netcoreapp2.0\modelrelief.test.dll" id="e6449177-a963-429d-be65-456f7162a219"><Execution id="639267d1-7ee1-464e-a76d-85f41c60c15a" /><TestMethod codeBase="d:\Github\ModelRelief\ModelRelief.test\bin\Debug\netcoreapp2.0\ModelRelief.Test.dll" adapterTypeName="executor://xunit/VsTestRunner2/netcoreapp" className="ModelRelief.Test.Integration.Cameras.CamerasBaseIntegrationTests" name="Post_InvalidPropertyValueReturnsBadRequest" /></UnitTest><UnitTest name="FileRequest_DepthBufferIsInvalidatedAfterCameraDependencyPropertyChange" storage="d:\github\modelrelief\modelrelief.test\bin\debug\netcoreapp2.0\modelrelief.test.dll" id="41330943-bfcb-4949-bb79-2256417cce40"><Execution id="d6a375b0-29d0-47b8-890b-caceba938847" /><TestMethod codeBase="d:\Github\ModelRelief\ModelRelief.test\bin\Debug\netcoreapp2.0\ModelRelief.Test.dll" adapterTypeName="executor://xunit/VsTestRunner2/netcoreapp" className="ModelRelief.Test.Integration.DepthBuffers.DepthBuffersFileIntegrationTests" name="FileRequest_DepthBufferIsInvalidatedAfterCameraDependencyPropertyChange" /></UnitTest><UnitTest name="GetFile_FileCanBeRoundTripped" storage="d:\github\modelrelief\modelrelief.test\bin\debug\netcoreapp2.0\modelrelief.test.dll" id="d5b963f6-248c-4564-b2f0-1fe732224fa0"><Execution id="32f03d65-268e-4077-8e42-a8b095cba2d4" /><TestMethod codeBase="d:\Github\ModelRelief\ModelRelief.test\bin\Debug\netcoreapp2.0\ModelRelief.Test.dll" adapterTypeName="executor://xunit/VsTestRunner2/netcoreapp" className="ModelRelief.Test.Integration.DepthBuffers.DepthBuffersFileIntegrationTests" name="GetFile_FileCanBeRoundTripped" /></UnitTest><UnitTest name="Post_ValidReferencePropertyCreatesModel" storage="d:\github\modelrelief\modelrelief.test\bin\debug\netcoreapp2.0\modelrelief.test.dll" id="ef6a16a1-7019-402e-b800-8e1d7096e236"><Execution id="89541d26-549c-43bb-bc17-7ad1243836d8" /><TestMethod codeBase="d:\Github\ModelRelief\ModelRelief.test\bin\Debug\netcoreapp2.0\ModelRelief.Test.dll" adapterTypeName="executor://xunit/VsTestRunner2/netcoreapp" className="ModelRelief.Test.Integration.MeshTransforms.MeshTransformsBaseIntegrationTests" name="Post_ValidReferencePropertyCreatesModel" /></UnitTest><UnitTest name="Patch_MultipleInvalidReferencePropertiesReturnsMultipleValidationErrorsAndBadRequest" storage="d:\github\modelrelief\modelrelief.test\bin\debug\netcoreapp2.0\modelrelief.test.dll" id="d1a36918-435d-44f4-8a03-e2d80184eb47"><Execution id="19a4b781-4049-4225-839b-2ea4a4d57a26" /><TestMethod codeBase="d:\Github\ModelRelief\ModelRelief.test\bin\Debug\netcoreapp2.0\ModelRelief.Test.dll" adapterTypeName="executor://xunit/VsTestRunner2/netcoreapp" className="ModelRelief.Test.Integration.Meshes.MeshesBaseIntegrationTests" name="Patch_MultipleInvalidReferencePropertiesReturnsMultipleValidationErrorsAndBadRequest" /></UnitTest><UnitTest name="Patch_TargetPropertyIsUpdated" storage="d:\github\modelrelief\modelrelief.test\bin\debug\netcoreapp2.0\modelrelief.test.dll" id="3364de47-f764-4bc4-8dbd-9e1723ab4a28"><Execution id="f112053e-fc30-4160-ac6c-93653bcac912" /><TestMethod codeBase="d:\Github\ModelRelief\ModelRelief.test\bin\Debug\netcoreapp2.0\ModelRelief.Test.dll" adapterTypeName="executor://xunit/VsTestRunner2/netcoreapp" className="ModelRelief.Test.Integration.Models.ModelsBaseIntegrationTests" name="Patch_TargetPropertyIsUpdated" /></UnitTest><UnitTest name="Post_CanCreateNewModel" storage="d:\github\modelrelief\modelrelief.test\bin\debug\netcoreapp2.0\modelrelief.test.dll" id="4b4e9680-8fdd-4d49-8b02-acf93c947e73"><Execution id="37c3051d-c793-4607-84d3-1ecfcb4e21c7" /><TestMethod codeBase="d:\Github\ModelRelief\ModelRelief.test\bin\Debug\netcoreapp2.0\ModelRelief.Test.dll" adapterTypeName="executor://xunit/VsTestRunner2/netcoreapp" className="ModelRelief.Test.Integration.Projects.ProjectsBaseIntegrationTests" name="Post_CanCreateNewModel" /></UnitTest><UnitTest name="Delete_TargetModelIsDeleted" storage="d:\github\modelrelief\modelrelief.test\bin\debug\netcoreapp2.0\modelrelief.test.dll" id="4fe540ce-4eed-475a-9f42-a12f79441985"><Execution id="f777d251-1c07-447c-b74a-b2f704ad108b" /><TestMethod codeBase="d:\Github\ModelRelief\ModelRelief.test\bin\Debug\netcoreapp2.0\ModelRelief.Test.dll" adapterTypeName="executor://xunit/VsTestRunner2/netcoreapp" className="ModelRelief.Test.Integration.Meshes.MeshesBaseIntegrationTests" name="Delete_TargetModelIsDeleted" /></UnitTest><UnitTest name="PostFile_NewFileCanBePosted" storage="d:\github\modelrelief\modelrelief.test\bin\debug\netcoreapp2.0\modelrelief.test.dll" id="f762eb4e-470c-4793-82a7-0ee53addb0df"><Execution id="d87f4689-1902-4cee-9bf6-b46d36da49f9" /><TestMethod codeBase="d:\Github\ModelRelief\ModelRelief.test\bin\Debug\netcoreapp2.0\ModelRelief.Test.dll" adapterTypeName="executor://xunit/VsTestRunner2/netcoreapp" className="ModelRelief.Test.Integration.Models.ModelsFileIntegrationTests" name="PostFile_NewFileCanBePosted" /></UnitTest><UnitTest name="GetList_ListReturnsCorrectCount" storage="d:\github\modelrelief\modelrelief.test\bin\debug\netcoreapp2.0\modelrelief.test.dll" id="5feee4d6-7043-4ac5-903b-269398bcbafd"><Execution id="dd7779b1-2900-4a76-aa8d-856ec20d0f6a" /><TestMethod codeBase="d:\Github\ModelRelief\ModelRelief.test\bin\Debug\netcoreapp2.0\ModelRelief.Test.dll" adapterTypeName="executor://xunit/VsTestRunner2/netcoreapp" className="ModelRelief.Test.Integration.Meshes.MeshesBaseIntegrationTests" name="GetList_ListReturnsCorrectCount" /></UnitTest><UnitTest name="Patch_InvalidPropertyNameReturnsBadRequest" storage="d:\github\modelrelief\modelrelief.test\bin\debug\netcoreapp2.0\modelrelief.test.dll" id="916c7817-a580-4e49-aac2-933d8f891296"><Execution id="4206955b-edb4-4038-9cfb-e20a99d6a8b2" /><TestMethod codeBase="d:\Github\ModelRelief\ModelRelief.test\bin\Debug\netcoreapp2.0\ModelRelief.Test.dll" adapterTypeName="executor://xunit/VsTestRunner2/netcoreapp" className="ModelRelief.Test.Integration.Cameras.CamerasBaseIntegrationTests" name="Patch_InvalidPropertyNameReturnsBadRequest" /></UnitTest><UnitTest name="Post_CanCreateNewModel" storage="d:\github\modelrelief\modelrelief.test\bin\debug\netcoreapp2.0\modelrelief.test.dll" id="9cc30f34-3452-402e-b212-bdce1cf1258e"><Execution id="2eabe6a6-b351-40c9-9dfa-567a067a0ac9" /><TestMethod codeBase="d:\Github\ModelRelief\ModelRelief.test\bin\Debug\netcoreapp2.0\ModelRelief.Test.dll" adapterTypeName="executor://xunit/VsTestRunner2/netcoreapp" className="ModelRelief.Test.Integration.MeshTransforms.MeshTransformsBaseIntegrationTests" name="Post_CanCreateNewModel" /></UnitTest><UnitTest name="Post_InvalidReferencePropertyReturnsBadRequest" storage="d:\github\modelrelief\modelrelief.test\bin\debug\netcoreapp2.0\modelrelief.test.dll" id="7a6098f9-6ce1-42dd-92e8-6456731676cf"><Execution id="126390a5-d529-47e1-8d46-9176f97da1bb" /><TestMethod codeBase="d:\Github\ModelRelief\ModelRelief.test\bin\Debug\netcoreapp2.0\ModelRelief.Test.dll" adapterTypeName="executor://xunit/VsTestRunner2/netcoreapp" className="ModelRelief.Test.Integration.Models.ModelsBaseIntegrationTests" name="Post_InvalidReferencePropertyReturnsBadRequest" /></UnitTest><UnitTest name="Put_CanUpdateModel" storage="d:\github\modelrelief\modelrelief.test\bin\debug\netcoreapp2.0\modelrelief.test.dll" id="213a284b-5019-4018-b262-a3ad39304f24"><Execution id="a38c47e8-12f8-4bb2-a531-32f2dbbc8830" /><TestMethod codeBase="d:\Github\ModelRelief\ModelRelief.test\bin\Debug\netcoreapp2.0\ModelRelief.Test.dll" adapterTypeName="executor://xunit/VsTestRunner2/netcoreapp" className="ModelRelief.Test.Integration.DepthBuffers.DepthBuffersBaseIntegrationTests" name="Put_CanUpdateModel" /></UnitTest><UnitTest name="GetFile_NonExistentFileReturnsNotFound" storage="d:\github\modelrelief\modelrelief.test\bin\debug\netcoreapp2.0\modelrelief.test.dll" id="c36327a8-3c7e-450c-a42c-f4071d74890c"><Execution id="9d734070-a549-46c8-bce4-06b48943d22f" /><TestMethod codeBase="d:\Github\ModelRelief\ModelRelief.test\bin\Debug\netcoreapp2.0\ModelRelief.Test.dll" adapterTypeName="executor://xunit/VsTestRunner2/netcoreapp" className="ModelRelief.Test.Integration.Meshes.MeshesFileIntegrationTests" name="GetFile_NonExistentFileReturnsNotFound" /></UnitTest><UnitTest name="Patch_InvalidIdPropertyReturnsNotFound" storage="d:\github\modelrelief\modelrelief.test\bin\debug\netcoreapp2.0\modelrelief.test.dll" id="acb48f2b-69da-4aa6-abb1-a5085df799db"><Execution id="b3187192-5539-4453-a2e0-0cd550da4559" /><TestMethod codeBase="d:\Github\ModelRelief\ModelRelief.test\bin\Debug\netcoreapp2.0\ModelRelief.Test.dll" adapterTypeName="executor://xunit/VsTestRunner2/netcoreapp" className="ModelRelief.Test.Integration.Cameras.CamerasBaseIntegrationTests" name="Patch_InvalidIdPropertyReturnsNotFound" /></UnitTest><UnitTest name="GetList_ListReturnsCorrectCount" storage="d:\github\modelrelief\modelrelief.test\bin\debug\netcoreapp2.0\modelrelief.test.dll" id="e5dd20e1-f542-41b9-9841-db511395c9d8"><Execution id="82da097b-1c26-4abd-b232-672221252388" /><TestMethod codeBase="d:\Github\ModelRelief\ModelRelief.test\bin\Debug\netcoreapp2.0\ModelRelief.Test.dll" adapterTypeName="executor://xunit/VsTestRunner2/netcoreapp" className="ModelRelief.Test.Integration.Cameras.CamerasBaseIntegrationTests" name="GetList_ListReturnsCorrectCount" /></UnitTest><UnitTest name="Post_InvalidPropertyValueReturnsBadRequest" storage="d:\github\modelrelief\modelrelief.test\bin\debug\netcoreapp2.0\modelrelief.test.dll" id="861f849c-37c4-47df-8a2d-b568d9799b5f"><Execution id="25fa68df-88b4-4e3b-bcb6-3583ed80adce" /><TestMethod codeBase="d:\Github\ModelRelief\ModelRelief.test\bin\Debug\netcoreapp2.0\ModelRelief.Test.dll" adapterTypeName="executor://xunit/VsTestRunner2/netcoreapp" className="ModelRelief.Test.Integration.DepthBuffers.DepthBuffersBaseIntegrationTests" name="Post_InvalidPropertyValueReturnsBadRequest" /></UnitTest><UnitTest name="GetFile_NonExistentFileReturnsNotFound" storage="d:\github\modelrelief\modelrelief.test\bin\debug\netcoreapp2.0\modelrelief.test.dll" id="6dd3a18f-c728-47ef-938d-e805bb6eecfa"><Execution id="38d25e3b-5ec2-4d70-a7dd-a09d9fa138d5" /><TestMethod codeBase="d:\Github\ModelRelief\ModelRelief.test\bin\Debug\netcoreapp2.0\ModelRelief.Test.dll" adapterTypeName="executor://xunit/VsTestRunner2/netcoreapp" className="ModelRelief.Test.Integration.Models.ModelsFileIntegrationTests" name="GetFile_NonExistentFileReturnsNotFound" /></UnitTest><UnitTest name="GetList_ListReturnsCorrectCount" storage="d:\github\modelrelief\modelrelief.test\bin\debug\netcoreapp2.0\modelrelief.test.dll" id="3c740392-ddd2-4b3b-9efc-f91b94e7dd50"><Execution id="1bb762af-845b-445c-be86-e9be326bb46b" /><TestMethod codeBase="d:\Github\ModelRelief\ModelRelief.test\bin\Debug\netcoreapp2.0\ModelRelief.Test.dll" adapterTypeName="executor://xunit/VsTestRunner2/netcoreapp" className="ModelRelief.Test.Integration.MeshTransforms.MeshTransformsBaseIntegrationTests" name="GetList_ListReturnsCorrectCount" /></UnitTest><UnitTest name="Patch_ValidReferencePropertyUpdatesModel" storage="d:\github\modelrelief\modelrelief.test\bin\debug\netcoreapp2.0\modelrelief.test.dll" id="fbde0561-e502-488b-8f3e-ac08fdcd77e9"><Execution id="81d79514-42e5-4b52-a02e-3ce676d14c94" /><TestMethod codeBase="d:\Github\ModelRelief\ModelRelief.test\bin\Debug\netcoreapp2.0\ModelRelief.Test.dll" adapterTypeName="executor://xunit/VsTestRunner2/netcoreapp" className="ModelRelief.Test.Integration.MeshTransforms.MeshTransformsBaseIntegrationTests" name="Patch_ValidReferencePropertyUpdatesModel" /></UnitTest><UnitTest name="Post_CanCreateNewModel" storage="d:\github\modelrelief\modelrelief.test\bin\debug\netcoreapp2.0\modelrelief.test.dll" id="195e9bdb-1a06-4766-8ca7-592dbfe332d8"><Execution id="aafa4f45-71d7-4124-85aa-45f2a8ef1aeb" /><TestMethod codeBase="d:\Github\ModelRelief\ModelRelief.test\bin\Debug\netcoreapp2.0\ModelRelief.Test.dll" adapterTypeName="executor://xunit/VsTestRunner2/netcoreapp" className="ModelRelief.Test.Integration.Models.ModelsBaseIntegrationTests" name="Post_CanCreateNewModel" /></UnitTest><UnitTest name="LucyDepthBufferFindsOneDependent" storage="d:\github\modelrelief\modelrelief.test\bin\debug\netcoreapp2.0\modelrelief.test.dll" id="ad2925ad-fc40-4e3e-94b2-678ff5d49f09"><Execution id="6c870a6b-984e-4d1d-98a0-e41c74ce5331" /><TestMethod codeBase="d:\Github\ModelRelief\ModelRelief.test\bin\Debug\netcoreapp2.0\ModelRelief.Test.dll" adapterTypeName="executor://xunit/VsTestRunner2/netcoreapp" className="ModelRelief.Test.Unit.DependencyManager.DependencyManagerTests" name="LucyDepthBufferFindsOneDependent" /></UnitTest><UnitTest name="Patch_InvalidIdPropertyReturnsNotFound" storage="d:\github\modelrelief\modelrelief.test\bin\debug\netcoreapp2.0\modelrelief.test.dll" id="190b212b-d29b-42dc-aca2-7da4555a2d15"><Execution id="4888fca7-77f9-4db3-852a-7ff278f33365" /><TestMethod codeBase="d:\Github\ModelRelief\ModelRelief.test\bin\Debug\netcoreapp2.0\ModelRelief.Test.dll" adapterTypeName="executor://xunit/VsTestRunner2/netcoreapp" className="ModelRelief.Test.Integration.DepthBuffers.DepthBuffersBaseIntegrationTests" name="Patch_InvalidIdPropertyReturnsNotFound" /></UnitTest><UnitTest name="GetFile_FileCanBeRoundTripped" storage="d:\github\modelrelief\modelrelief.test\bin\debug\netcoreapp2.0\modelrelief.test.dll" id="6ca81fab-4d0a-4738-96f4-29c8f4b4f51b"><Execution id="94e444dd-f448-427a-bfb0-df91f8089ce8" /><TestMethod codeBase="d:\Github\ModelRelief\ModelRelief.test\bin\Debug\netcoreapp2.0\ModelRelief.Test.dll" adapterTypeName="executor://xunit/VsTestRunner2/netcoreapp" className="ModelRelief.Test.Integration.Meshes.MeshesFileIntegrationTests" name="GetFile_FileCanBeRoundTripped" /></UnitTest><UnitTest name="PostFile_FileTimeStampIsUpdatedAfterFileIsPosted" storage="d:\github\modelrelief\modelrelief.test\bin\debug\netcoreapp2.0\modelrelief.test.dll" id="8cf40857-d18e-4b42-8c41-3bb676598588"><Execution id="aaf1590d-c60f-4039-8d56-e1cf1a937da7" /><TestMethod codeBase="d:\Github\ModelRelief\ModelRelief.test\bin\Debug\netcoreapp2.0\ModelRelief.Test.dll" adapterTypeName="executor://xunit/VsTestRunner2/netcoreapp" className="ModelRelief.Test.Integration.Models.ModelsFileIntegrationTests" name="PostFile_FileTimeStampIsUpdatedAfterFileIsPosted" /></UnitTest><UnitTest name="Patch_TargetPropertyIsUpdated" storage="d:\github\modelrelief\modelrelief.test\bin\debug\netcoreapp2.0\modelrelief.test.dll" id="546cde58-7c58-4b88-8072-dadfd7eb90d0"><Execution id="f8294cd9-ff2a-4ada-b926-80593e208389" /><TestMethod codeBase="d:\Github\ModelRelief\ModelRelief.test\bin\Debug\netcoreapp2.0\ModelRelief.Test.dll" adapterTypeName="executor://xunit/VsTestRunner2/netcoreapp" className="ModelRelief.Test.Integration.Cameras.CamerasBaseIntegrationTests" name="Patch_TargetPropertyIsUpdated" /></UnitTest><UnitTest name="DepthBufferHasExpectedDependentFiles" storage="d:\github\modelrelief\modelrelief.test\bin\debug\netcoreapp2.0\modelrelief.test.dll" id="caa29e26-d7ee-492e-8e26-c2fa1b40c0f1"><Execution id="4bf39524-6c16-4601-904d-853428febb68" /><TestMethod codeBase="d:\Github\ModelRelief\ModelRelief.test\bin\Debug\netcoreapp2.0\ModelRelief.Test.dll" adapterTypeName="executor://xunit/VsTestRunner2/netcoreapp" className="ModelRelief.Test.Unit.DependencyManager.DependencyManagerTests" name="DepthBufferHasExpectedDependentFiles" /></UnitTest><UnitTest name="Post_ValidReferencePropertyCreatesModel" storage="d:\github\modelrelief\modelrelief.test\bin\debug\netcoreapp2.0\modelrelief.test.dll" id="8d2261dc-f929-4413-b4c4-e69ddab9efa0"><Execution id="67523550-8ba1-4f44-a97a-80a41f3146be" /><TestMethod codeBase="d:\Github\ModelRelief\ModelRelief.test\bin\Debug\netcoreapp2.0\ModelRelief.Test.dll" adapterTypeName="executor://xunit/VsTestRunner2/netcoreapp" className="ModelRelief.Test.Integration.Projects.ProjectsBaseIntegrationTests" name="Post_ValidReferencePropertyCreatesModel" /></UnitTest><UnitTest name="Patch_InvalidReferencePropertyReturnsBadRequest" storage="d:\github\modelrelief\modelrelief.test\bin\debug\netcoreapp2.0\modelrelief.test.dll" id="af280248-de0c-4440-866a-9ced5d07ffe0"><Execution id="21bb36b3-d884-4538-81ee-3ddec5f596b6" /><TestMethod codeBase="d:\Github\ModelRelief\ModelRelief.test\bin\Debug\netcoreapp2.0\ModelRelief.Test.dll" adapterTypeName="executor://xunit/VsTestRunner2/netcoreapp" className="ModelRelief.Test.Integration.Models.ModelsBaseIntegrationTests" name="Patch_InvalidReferencePropertyReturnsBadRequest" /></UnitTest><UnitTest name="Put_InvalidReferencePropertyReturndBadRequest" storage="d:\github\modelrelief\modelrelief.test\bin\debug\netcoreapp2.0\modelrelief.test.dll" id="bdcb479d-bc00-43dd-9754-4a2bbd5fb8bc"><Execution id="65b9448b-6621-41b7-a13b-3f3a68b08f74" /><TestMethod codeBase="d:\Github\ModelRelief\ModelRelief.test\bin\Debug\netcoreapp2.0\ModelRelief.Test.dll" adapterTypeName="executor://xunit/VsTestRunner2/netcoreapp" className="ModelRelief.Test.Integration.Cameras.CamerasBaseIntegrationTests" name="Put_InvalidReferencePropertyReturndBadRequest" /></UnitTest><UnitTest name="FileRequest_FileCanBeReadAfterRename" storage="d:\github\modelrelief\modelrelief.test\bin\debug\netcoreapp2.0\modelrelief.test.dll" id="7873b567-d07a-47e6-b944-cf1954cd7c46"><Execution id="5c84aac8-249f-4391-bd1d-a45e5a812ad0" /><TestMethod codeBase="d:\Github\ModelRelief\ModelRelief.test\bin\Debug\netcoreapp2.0\ModelRelief.Test.dll" adapterTypeName="executor://xunit/VsTestRunner2/netcoreapp" className="ModelRelief.Test.Integration.DepthBuffers.DepthBuffersFileIntegrationTests" name="FileRequest_FileCanBeReadAfterRename" /></UnitTest><UnitTest name="CameraHasExpectedDependentFiles" storage="d:\github\modelrelief\modelrelief.test\bin\debug\netcoreapp2.0\modelrelief.test.dll" id="104b7d96-fca4-4c27-956e-99701c9f2640"><Execution id="838e2cf6-868d-4336-ab07-165569276f80" /><TestMethod codeBase="d:\Github\ModelRelief\ModelRelief.test\bin\Debug\netcoreapp2.0\ModelRelief.Test.dll" adapterTypeName="executor://xunit/VsTestRunner2/netcoreapp" className="ModelRelief.Test.Unit.DependencyManager.DependencyManagerTests" name="CameraHasExpectedDependentFiles" /></UnitTest><UnitTest name="GetSingle_ValidIdPropertyValueReturnsCorrectModel" storage="d:\github\modelrelief\modelrelief.test\bin\debug\netcoreapp2.0\modelrelief.test.dll" id="9471baa6-ccba-4a72-a88e-13a08bc3a313"><Execution id="ac579bcc-a274-4da6-a88a-4970a45c3771" /><TestMethod codeBase="d:\Github\ModelRelief\ModelRelief.test\bin\Debug\netcoreapp2.0\ModelRelief.Test.dll" adapterTypeName="executor://xunit/VsTestRunner2/netcoreapp" className="ModelRelief.Test.Integration.DepthBuffers.DepthBuffersBaseIntegrationTests" name="GetSingle_ValidIdPropertyValueReturnsCorrectModel" /></UnitTest><UnitTest name="GetList_ListReturnsCorrectCount" storage="d:\github\modelrelief\modelrelief.test\bin\debug\netcoreapp2.0\modelrelief.test.dll" id="014f5d27-fced-4d5a-bcba-8a57a4d8b22f"><Execution id="7d6094ec-b823-4ba1-a853-ca021510b6b1" /><TestMethod codeBase="d:\Github\ModelRelief\ModelRelief.test\bin\Debug\netcoreapp2.0\ModelRelief.Test.dll" adapterTypeName="executor://xunit/VsTestRunner2/netcoreapp" className="ModelRelief.Test.Integration.Projects.ProjectsBaseIntegrationTests" name="GetList_ListReturnsCorrectCount" /></UnitTest><UnitTest name="GetSingle_ValidIdPropertyValueReturnsCorrectModel" storage="d:\github\modelrelief\modelrelief.test\bin\debug\netcoreapp2.0\modelrelief.test.dll" id="9ceea8eb-27c1-4c40-b213-ef605723b6d6"><Execution id="0b3d3e0c-f8ee-477c-85a7-6934ce80771f" /><TestMethod codeBase="d:\Github\ModelRelief\ModelRelief.test\bin\Debug\netcoreapp2.0\ModelRelief.Test.dll" adapterTypeName="executor://xunit/VsTestRunner2/netcoreapp" className="ModelRelief.Test.Integration.Projects.ProjectsBaseIntegrationTests" name="GetSingle_ValidIdPropertyValueReturnsCorrectModel" /></UnitTest><UnitTest name="Post_InvalidReferencePropertyReturnsBadRequest" storage="d:\github\modelrelief\modelrelief.test\bin\debug\netcoreapp2.0\modelrelief.test.dll" id="cce3c730-fad0-4943-ad4b-adfa944e0cb2"><Execution id="f05d741d-2615-4886-983d-3f420c1d3f23" /><TestMethod codeBase="d:\Github\ModelRelief\ModelRelief.test\bin\Debug\netcoreapp2.0\ModelRelief.Test.dll" adapterTypeName="executor://xunit/VsTestRunner2/netcoreapp" className="ModelRelief.Test.Integration.DepthBuffers.DepthBuffersBaseIntegrationTests" name="Post_InvalidReferencePropertyReturnsBadRequest" /></UnitTest><UnitTest name="Patch_TargetPropertyIsUpdated" storage="d:\github\modelrelief\modelrelief.test\bin\debug\netcoreapp2.0\modelrelief.test.dll" id="ac3022e1-36b3-4d00-9bbb-9b7f0b4833c2"><Execution id="80745d79-830d-4e0e-8a53-1a3af2413185" /><TestMethod codeBase="d:\Github\ModelRelief\ModelRelief.test\bin\Debug\netcoreapp2.0\ModelRelief.Test.dll" adapterTypeName="executor://xunit/VsTestRunner2/netcoreapp" className="ModelRelief.Test.Integration.MeshTransforms.MeshTransformsBaseIntegrationTests" name="Patch_TargetPropertyIsUpdated" /></UnitTest><UnitTest name="Put_CanUpdateModel" storage="d:\github\modelrelief\modelrelief.test\bin\debug\netcoreapp2.0\modelrelief.test.dll" id="366b3f02-d3dd-4250-ba95-d9b0be113b34"><Execution id="421cb06e-e465-43dc-b3f5-8300d0ed4e28" /><TestMethod codeBase="d:\Github\ModelRelief\ModelRelief.test\bin\Debug\netcoreapp2.0\ModelRelief.Test.dll" adapterTypeName="executor://xunit/VsTestRunner2/netcoreapp" className="ModelRelief.Test.Integration.Meshes.MeshesBaseIntegrationTests" name="Put_CanUpdateModel" /></UnitTest><UnitTest name="Post_InvalidPropertyValueReturnsBadRequest" storage="d:\github\modelrelief\modelrelief.test\bin\debug\netcoreapp2.0\modelrelief.test.dll" id="5ee9ce7b-ede6-4827-bb0d-f14cc994da97"><Execution id="f0a83972-39d8-4d8c-94f5-e3d59c74fdbf" /><TestMethod codeBase="d:\Github\ModelRelief\ModelRelief.test\bin\Debug\netcoreapp2.0\ModelRelief.Test.dll" adapterTypeName="executor://xunit/VsTestRunner2/netcoreapp" className="ModelRelief.Test.Integration.Projects.ProjectsBaseIntegrationTests" name="Post_InvalidPropertyValueReturnsBadRequest" /></UnitTest><UnitTest name="PostFile_FileIsSynchronizedIsUpdatedAfterFileIsPosted" storage="d:\github\modelrelief\modelrelief.test\bin\debug\netcoreapp2.0\modelrelief.test.dll" id="2b7118a8-9578-4bb0-b99f-ac7ad5d529ff"><Execution id="eb4ea93d-a2bc-4718-b00a-d3dc37668274" /><TestMethod codeBase="d:\Github\ModelRelief\ModelRelief.test\bin\Debug\netcoreapp2.0\ModelRelief.Test.dll" adapterTypeName="executor://xunit/VsTestRunner2/netcoreapp" className="ModelRelief.Test.Integration.DepthBuffers.DepthBuffersFileIntegrationTests" name="PostFile_FileIsSynchronizedIsUpdatedAfterFileIsPosted" /></UnitTest><UnitTest name="Patch_InvalidIdPropertyReturnsNotFound" storage="d:\github\modelrelief\modelrelief.test\bin\debug\netcoreapp2.0\modelrelief.test.dll" id="6a68bf06-8ef5-42e2-b599-a27f43ebf4fc"><Execution id="5a9aa93c-ac56-43d4-81ce-bccf7b2b0b75" /><TestMethod codeBase="d:\Github\ModelRelief\ModelRelief.test\bin\Debug\netcoreapp2.0\ModelRelief.Test.dll" adapterTypeName="executor://xunit/VsTestRunner2/netcoreapp" className="ModelRelief.Test.Integration.Projects.ProjectsBaseIntegrationTests" name="Patch_InvalidIdPropertyReturnsNotFound" /></UnitTest><UnitTest name="GetSingle_ValidIdPropertyValueReturnsCorrectModel" storage="d:\github\modelrelief\modelrelief.test\bin\debug\netcoreapp2.0\modelrelief.test.dll" id="864f7c39-718b-4a54-84c5-976d8678fd96"><Execution id="e8875340-e093-4f52-99c6-daa42f177c2f" /><TestMethod codeBase="d:\Github\ModelRelief\ModelRelief.test\bin\Debug\netcoreapp2.0\ModelRelief.Test.dll" adapterTypeName="executor://xunit/VsTestRunner2/netcoreapp" className="ModelRelief.Test.Integration.Cameras.CamerasBaseIntegrationTests" name="GetSingle_ValidIdPropertyValueReturnsCorrectModel" /></UnitTest><UnitTest name="Patch_InvalidEnumPropertyValueReturnsBadRequest" storage="d:\github\modelrelief\modelrelief.test\bin\debug\netcoreapp2.0\modelrelief.test.dll" id="8f45d2ea-0b7f-4a6b-8b51-8200a3955e3c"><Execution id="1ad87ded-4114-4671-9528-319baa927490" /><TestMethod codeBase="d:\Github\ModelRelief\ModelRelief.test\bin\Debug\netcoreapp2.0\ModelRelief.Test.dll" adapterTypeName="executor://xunit/VsTestRunner2/netcoreapp" className="ModelRelief.Test.Integration.Cameras.CamerasBaseIntegrationTests" name="Patch_InvalidEnumPropertyValueReturnsBadRequest" /></UnitTest><UnitTest name="Put_ValidReferencePropertyUpdatesModel" storage="d:\github\modelrelief\modelrelief.test\bin\debug\netcoreapp2.0\modelrelief.test.dll" id="78f6f798-3d74-4418-ac9b-2d6a16667588"><Execution id="10ff4d71-aca6-4c3d-af2e-affa48f2200c" /><TestMethod codeBase="d:\Github\ModelRelief\ModelRelief.test\bin\Debug\netcoreapp2.0\ModelRelief.Test.dll" adapterTypeName="executor://xunit/VsTestRunner2/netcoreapp" className="ModelRelief.Test.Integration.Projects.ProjectsBaseIntegrationTests" name="Put_ValidReferencePropertyUpdatesModel" /></UnitTest><UnitTest name="Post_ValidReferencePropertyCreatesModel" storage="d:\github\modelrelief\modelrelief.test\bin\debug\netcoreapp2.0\modelrelief.test.dll" id="ea07c7c0-f643-4ea1-a4c2-5be24b488eaa"><Execution id="7a8f9120-1989-44f7-abfc-ed8245c7fb47" /><TestMethod codeBase="d:\Github\ModelRelief\ModelRelief.test\bin\Debug\netcoreapp2.0\ModelRelief.Test.dll" adapterTypeName="executor://xunit/VsTestRunner2/netcoreapp" className="ModelRelief.Test.Integration.Models.ModelsBaseIntegrationTests" name="Post_ValidReferencePropertyCreatesModel" /></UnitTest><UnitTest name="GetSingle_InvalidIdPropertyValueReturnsNotFound" storage="d:\github\modelrelief\modelrelief.test\bin\debug\netcoreapp2.0\modelrelief.test.dll" id="0420abe4-4908-45f8-91ae-4c73ae8dc7b4"><Execution id="f15b8393-00b6-441d-94c9-0c4383e04d36" /><TestMethod codeBase="d:\Github\ModelRelief\ModelRelief.test\bin\Debug\netcoreapp2.0\ModelRelief.Test.dll" adapterTypeName="executor://xunit/VsTestRunner2/netcoreapp" className="ModelRelief.Test.Integration.Meshes.MeshesBaseIntegrationTests" name="GetSingle_InvalidIdPropertyValueReturnsNotFound" /></UnitTest><UnitTest name="Patch_InvalidPropertyNameReturnsBadRequest" storage="d:\github\modelrelief\modelrelief.test\bin\debug\netcoreapp2.0\modelrelief.test.dll" id="384901cc-3a1e-4e66-9d49-1530852bc9c8"><Execution id="d93e46f2-4af5-4c00-b256-e61a055af63c" /><TestMethod codeBase="d:\Github\ModelRelief\ModelRelief.test\bin\Debug\netcoreapp2.0\ModelRelief.Test.dll" adapterTypeName="executor://xunit/VsTestRunner2/netcoreapp" className="ModelRelief.Test.Integration.MeshTransforms.MeshTransformsBaseIntegrationTests" name="Patch_InvalidPropertyNameReturnsBadRequest" /></UnitTest><UnitTest name="PutFile_NewFileCanBePut" storage="d:\github\modelrelief\modelrelief.test\bin\debug\netcoreapp2.0\modelrelief.test.dll" id="22ad1ea1-6c32-461c-b0f9-451323437619"><Execution id="ac9bfd8c-6e40-4bf8-82c2-ce16475145db" /><TestMethod codeBase="d:\Github\ModelRelief\ModelRelief.test\bin\Debug\netcoreapp2.0\ModelRelief.Test.dll" adapterTypeName="executor://xunit/VsTestRunner2/netcoreapp" className="ModelRelief.Test.Integration.Models.ModelsFileIntegrationTests" name="PutFile_NewFileCanBePut" /></UnitTest><UnitTest name="Post_InvalidReferencePropertyReturnsBadRequest" storage="d:\github\modelrelief\modelrelief.test\bin\debug\netcoreapp2.0\modelrelief.test.dll" id="4987fd97-4c8d-4f65-9098-ea4e779370f3"><Execution id="6a378a0b-e259-4e7a-9136-1aada4a19516" /><TestMethod codeBase="d:\Github\ModelRelief\ModelRelief.test\bin\Debug\netcoreapp2.0\ModelRelief.Test.dll" adapterTypeName="executor://xunit/VsTestRunner2/netcoreapp" className="ModelRelief.Test.Integration.Cameras.CamerasBaseIntegrationTests" name="Post_InvalidReferencePropertyReturnsBadRequest" /></UnitTest><UnitTest name="Put_CanUpdateModel" storage="d:\github\modelrelief\modelrelief.test\bin\debug\netcoreapp2.0\modelrelief.test.dll" id="ee87547e-02b6-49b9-86cf-616bd7e7e293"><Execution id="913a8f1c-a5ff-4f94-9bcc-9f40db19528c" /><TestMethod codeBase="d:\Github\ModelRelief\ModelRelief.test\bin\Debug\netcoreapp2.0\ModelRelief.Test.dll" adapterTypeName="executor://xunit/VsTestRunner2/netcoreapp" className="ModelRelief.Test.Integration.MeshTransforms.MeshTransformsBaseIntegrationTests" name="Put_CanUpdateModel" /></UnitTest><UnitTest name="Post_CanCreateNewModel" storage="d:\github\modelrelief\modelrelief.test\bin\debug\netcoreapp2.0\modelrelief.test.dll" id="10921e02-b252-4935-8895-d84f592d551c"><Execution id="f8d2117b-c435-4203-bc7d-e27152467bba" /><TestMethod codeBase="d:\Github\ModelRelief\ModelRelief.test\bin\Debug\netcoreapp2.0\ModelRelief.Test.dll" adapterTypeName="executor://xunit/VsTestRunner2/netcoreapp" className="ModelRelief.Test.Integration.Cameras.CamerasBaseIntegrationTests" name="Post_CanCreateNewModel" /></UnitTest><UnitTest name="Put_InvalidReferencePropertyReturndBadRequest" storage="d:\github\modelrelief\modelrelief.test\bin\debug\netcoreapp2.0\modelrelief.test.dll" id="116e4437-08d3-4a0e-8793-f13c2031045a"><Execution id="8191ea39-aa39-4c75-a27c-3f57dab807dd" /><TestMethod codeBase="d:\Github\ModelRelief\ModelRelief.test\bin\Debug\netcoreapp2.0\ModelRelief.Test.dll" adapterTypeName="executor://xunit/VsTestRunner2/netcoreapp" className="ModelRelief.Test.Integration.Projects.ProjectsBaseIntegrationTests" name="Put_InvalidReferencePropertyReturndBadRequest" /></UnitTest><UnitTest name="LucyModel3dHasTwoDependents" storage="d:\github\modelrelief\modelrelief.test\bin\debug\netcoreapp2.0\modelrelief.test.dll" id="549a6cf2-9332-4ad9-8944-3002ee97c2b3"><Execution id="ffa7f107-4d0d-4525-8003-79a47ccef4d0" /><TestMethod codeBase="d:\Github\ModelRelief\ModelRelief.test\bin\Debug\netcoreapp2.0\ModelRelief.Test.dll" adapterTypeName="executor://xunit/VsTestRunner2/netcoreapp" className="ModelRelief.Test.Unit.DependencyManager.DependencyManagerTests" name="LucyModel3dHasTwoDependents" /></UnitTest><UnitTest name="Post_InvalidPropertyValueReturnsBadRequest" storage="d:\github\modelrelief\modelrelief.test\bin\debug\netcoreapp2.0\modelrelief.test.dll" id="5fcada4d-a6b6-4e58-8583-f2282955e5cb"><Execution id="f58b0dde-3fd4-424b-9533-4296592147ba" /><TestMethod codeBase="d:\Github\ModelRelief\ModelRelief.test\bin\Debug\netcoreapp2.0\ModelRelief.Test.dll" adapterTypeName="executor://xunit/VsTestRunner2/netcoreapp" className="ModelRelief.Test.Integration.MeshTransforms.MeshTransformsBaseIntegrationTests" name="Post_InvalidPropertyValueReturnsBadRequest" /></UnitTest><UnitTest name="Put_InvalidReferencePropertyReturndBadRequest" storage="d:\github\modelrelief\modelrelief.test\bin\debug\netcoreapp2.0\modelrelief.test.dll" id="2db87c04-7a87-4bbe-8314-219050f2c39c"><Execution id="34bea1b2-cb51-4cf8-899a-e8ab4ec8db24" /><TestMethod codeBase="d:\Github\ModelRelief\ModelRelief.test\bin\Debug\netcoreapp2.0\ModelRelief.Test.dll" adapterTypeName="executor://xunit/VsTestRunner2/netcoreapp" className="ModelRelief.Test.Integration.DepthBuffers.DepthBuffersBaseIntegrationTests" name="Put_InvalidReferencePropertyReturndBadRequest" /></UnitTest><UnitTest name="Model3dHasExpectedDependentFiles" storage="d:\github\modelrelief\modelrelief.test\bin\debug\netcoreapp2.0\modelrelief.test.dll" id="e1213332-a4ea-4a47-b5ec-7cbbea78ea9f"><Execution id="e448f45b-9e72-433d-8e58-c7065a996e54" /><TestMethod codeBase="d:\Github\ModelRelief\ModelRelief.test\bin\Debug\netcoreapp2.0\ModelRelief.Test.dll" adapterTypeName="executor://xunit/VsTestRunner2/netcoreapp" className="ModelRelief.Test.Unit.DependencyManager.DependencyManagerTests" name="Model3dHasExpectedDependentFiles" /></UnitTest><UnitTest name="Patch_InvalidPropertyNameReturnsBadRequest" storage="d:\github\modelrelief\modelrelief.test\bin\debug\netcoreapp2.0\modelrelief.test.dll" id="acb35cc7-a0cc-4df3-ab2a-d3fa9829bd3a"><Execution id="3c462438-c8df-4750-801e-cc8c38da584a" /><TestMethod codeBase="d:\Github\ModelRelief\ModelRelief.test\bin\Debug\netcoreapp2.0\ModelRelief.Test.dll" adapterTypeName="executor://xunit/VsTestRunner2/netcoreapp" className="ModelRelief.Test.Integration.Meshes.MeshesBaseIntegrationTests" name="Patch_InvalidPropertyNameReturnsBadRequest" /></UnitTest><UnitTest name="Patch_InvalidPropertyNameReturnsBadRequest" storage="d:\github\modelrelief\modelrelief.test\bin\debug\netcoreapp2.0\modelrelief.test.dll" id="ef6cc657-97df-4e99-b37c-2af94731f7ee"><Execution id="dd2d6d66-6366-4fc7-8928-65b65e6c7d0a" /><TestMethod codeBase="d:\Github\ModelRelief\ModelRelief.test\bin\Debug\netcoreapp2.0\ModelRelief.Test.dll" adapterTypeName="executor://xunit/VsTestRunner2/netcoreapp" className="ModelRelief.Test.Integration.Models.ModelsBaseIntegrationTests" name="Patch_InvalidPropertyNameReturnsBadRequest" /></UnitTest><UnitTest name="PutFile_FileCanBeUpdated" storage="d:\github\modelrelief\modelrelief.test\bin\debug\netcoreapp2.0\modelrelief.test.dll" id="98c33109-581f-417a-aa80-27191f773338"><Execution id="acb6346b-c56f-47b0-b7e0-3eb69bdb6216" /><TestMethod codeBase="d:\Github\ModelRelief\ModelRelief.test\bin\Debug\netcoreapp2.0\ModelRelief.Test.dll" adapterTypeName="executor://xunit/VsTestRunner2/netcoreapp" className="ModelRelief.Test.Integration.Meshes.MeshesFileIntegrationTests" name="PutFile_FileCanBeUpdated" /></UnitTest><UnitTest name="LucyCameraFindsAllDependents" storage="d:\github\modelrelief\modelrelief.test\bin\debug\netcoreapp2.0\modelrelief.test.dll" id="13df7551-b8d3-42b3-8060-56bc12311378"><Execution id="b12b4add-d64c-4d65-926c-fd2e3073af1b" /><TestMethod codeBase="d:\Github\ModelRelief\ModelRelief.test\bin\Debug\netcoreapp2.0\ModelRelief.Test.dll" adapterTypeName="executor://xunit/VsTestRunner2/netcoreapp" className="ModelRelief.Test.Unit.DependencyManager.DependencyManagerTests" name="LucyCameraFindsAllDependents" /></UnitTest><UnitTest name="GetSingle_InvalidIdPropertyValueReturnsNotFound" storage="d:\github\modelrelief\modelrelief.test\bin\debug\netcoreapp2.0\modelrelief.test.dll" id="1d728856-04ae-4170-957e-c96d69095db6"><Execution id="97348ff5-8ed3-45b8-8688-75fdefea46b1" /><TestMethod codeBase="d:\Github\ModelRelief\ModelRelief.test\bin\Debug\netcoreapp2.0\ModelRelief.Test.dll" adapterTypeName="executor://xunit/VsTestRunner2/netcoreapp" className="ModelRelief.Test.Integration.MeshTransforms.MeshTransformsBaseIntegrationTests" name="GetSingle_InvalidIdPropertyValueReturnsNotFound" /></UnitTest><UnitTest name="Patch_TargetPropertyIsUpdated" storage="d:\github\modelrelief\modelrelief.test\bin\debug\netcoreapp2.0\modelrelief.test.dll" id="441eabda-0c22-4fe4-a100-a83248a60980"><Execution id="12d93d87-7c80-4b00-9948-7c587c40cda1" /><TestMethod codeBase="d:\Github\ModelRelief\ModelRelief.test\bin\Debug\netcoreapp2.0\ModelRelief.Test.dll" adapterTypeName="executor://xunit/VsTestRunner2/netcoreapp" className="ModelRelief.Test.Integration.Meshes.MeshesBaseIntegrationTests" name="Patch_TargetPropertyIsUpdated" /></UnitTest><UnitTest name="PostFile_FileTimeStampIsUpdatedAfterFileIsPosted" storage="d:\github\modelrelief\modelrelief.test\bin\debug\netcoreapp2.0\modelrelief.test.dll" id="88b142b3-cc7b-4069-9711-7dc7a0d4d6e4"><Execution id="4c2e2d3e-4f44-4f09-9bbd-8b1e419b0b5e" /><TestMethod codeBase="d:\Github\ModelRelief\ModelRelief.test\bin\Debug\netcoreapp2.0\ModelRelief.Test.dll" adapterTypeName="executor://xunit/VsTestRunner2/netcoreapp" className="ModelRelief.Test.Integration.Meshes.MeshesFileIntegrationTests" name="PostFile_FileTimeStampIsUpdatedAfterFileIsPosted" /></UnitTest><UnitTest name="Post_CanCreateNewModel" storage="d:\github\modelrelief\modelrelief.test\bin\debug\netcoreapp2.0\modelrelief.test.dll" id="820a7299-3994-4bfd-9dea-c4b8c654a6d9"><Execution id="bbe54f47-542f-4448-9e0f-c6bfe126db61" /><TestMethod codeBase="d:\Github\ModelRelief\ModelRelief.test\bin\Debug\netcoreapp2.0\ModelRelief.Test.dll" adapterTypeName="executor://xunit/VsTestRunner2/netcoreapp" className="ModelRelief.Test.Integration.Meshes.MeshesBaseIntegrationTests" name="Post_CanCreateNewModel" /></UnitTest><UnitTest name="GetSingle_InvalidIdPropertyValueReturnsNotFound" storage="d:\github\modelrelief\modelrelief.test\bin\debug\netcoreapp2.0\modelrelief.test.dll" id="4fc05da6-198e-45a3-8a1b-b77d801f2a7b"><Execution id="da7c7679-a1e5-4494-99f4-6ec6bc4f14ea" /><TestMethod codeBase="d:\Github\ModelRelief\ModelRelief.test\bin\Debug\netcoreapp2.0\ModelRelief.Test.dll" adapterTypeName="executor://xunit/VsTestRunner2/netcoreapp" className="ModelRelief.Test.Integration.Projects.ProjectsBaseIntegrationTests" name="GetSingle_InvalidIdPropertyValueReturnsNotFound" /></UnitTest><UnitTest name="GetSingle_InvalidIdPropertyValueReturnsNotFound" storage="d:\github\modelrelief\modelrelief.test\bin\debug\netcoreapp2.0\modelrelief.test.dll" id="a4e2b931-6c32-4940-b810-e86cbce4c80d"><Execution id="bfc084fb-b01b-405e-9e25-33052d0b63ed" /><TestMethod codeBase="d:\Github\ModelRelief\ModelRelief.test\bin\Debug\netcoreapp2.0\ModelRelief.Test.dll" adapterTypeName="executor://xunit/VsTestRunner2/netcoreapp" className="ModelRelief.Test.Integration.DepthBuffers.DepthBuffersBaseIntegrationTests" name="GetSingle_InvalidIdPropertyValueReturnsNotFound" /></UnitTest><UnitTest name="Put_ValidReferencePropertyUpdatesModel" storage="d:\github\modelrelief\modelrelief.test\bin\debug\netcoreapp2.0\modelrelief.test.dll" id="fa11d120-86f3-4a63-be3c-c16e5a36a0c3"><Execution id="10f213a6-b3ef-4a5b-add3-ecb45f3af2a2" /><TestMethod codeBase="d:\Github\ModelRelief\ModelRelief.test\bin\Debug\netcoreapp2.0\ModelRelief.Test.dll" adapterTypeName="executor://xunit/VsTestRunner2/netcoreapp" className="ModelRelief.Test.Integration.DepthBuffers.DepthBuffersBaseIntegrationTests" name="Put_ValidReferencePropertyUpdatesModel" /></UnitTest><UnitTest name="PutFile_FileCanBeUpdated" storage="d:\github\modelrelief\modelrelief.test\bin\debug\netcoreapp2.0\modelrelief.test.dll" id="2c7c91cf-952e-40f7-bb63-99b7b50b6107"><Execution id="48893262-433d-41c2-aa50-c8542ffab3d4" /><TestMethod codeBase="d:\Github\ModelRelief\ModelRelief.test\bin\Debug\netcoreapp2.0\ModelRelief.Test.dll" adapterTypeName="executor://xunit/VsTestRunner2/netcoreapp" className="ModelRelief.Test.Integration.Models.ModelsFileIntegrationTests" name="PutFile_FileCanBeUpdated" /></UnitTest><UnitTest name="FileRequest_MeshIsInvalidatedAfterDepthBufferFileBecomesUnsynchronized" storage="d:\github\modelrelief\modelrelief.test\bin\debug\netcoreapp2.0\modelrelief.test.dll" id="de2829e5-b0b4-4572-8bc3-d4f30ac84a9f"><Execution id="6a3f3735-a464-41dc-bfc7-9dc171ae4289" /><TestMethod codeBase="d:\Github\ModelRelief\ModelRelief.test\bin\Debug\netcoreapp2.0\ModelRelief.Test.dll" adapterTypeName="executor://xunit/VsTestRunner2/netcoreapp" className="ModelRelief.Test.Integration.Meshes.MeshesFileIntegrationTests" name="FileRequest_MeshIsInvalidatedAfterDepthBufferFileBecomesUnsynchronized" /></UnitTest><UnitTest name="GetSingle_ValidIdPropertyValueReturnsCorrectModel" storage="d:\github\modelrelief\modelrelief.test\bin\debug\netcoreapp2.0\modelrelief.test.dll" id="783be5e4-3bcc-442c-b8ac-28c415b81b42"><Execution id="267a30d1-764f-4576-9c95-b0f27da53d7e" /><TestMethod codeBase="d:\Github\ModelRelief\ModelRelief.test\bin\Debug\netcoreapp2.0\ModelRelief.Test.dll" adapterTypeName="executor://xunit/VsTestRunner2/netcoreapp" className="ModelRelief.Test.Integration.MeshTransforms.MeshTransformsBaseIntegrationTests" name="GetSingle_ValidIdPropertyValueReturnsCorrectModel" /></UnitTest><UnitTest name="FileRequest_FileCanBeReadAfterRename" storage="d:\github\modelrelief\modelrelief.test\bin\debug\netcoreapp2.0\modelrelief.test.dll" id="a6dafbca-3c6c-4c5c-ba43-7510b4ded808"><Execution id="44371984-816f-4129-b996-92d7c79c2e30" /><TestMethod codeBase="d:\Github\ModelRelief\ModelRelief.test\bin\Debug\netcoreapp2.0\ModelRelief.Test.dll" adapterTypeName="executor://xunit/VsTestRunner2/netcoreapp" className="ModelRelief.Test.Integration.Meshes.MeshesFileIntegrationTests" name="FileRequest_FileCanBeReadAfterRename" /></UnitTest><UnitTest name="FileRequest_FileCanBeReadAfterRename" storage="d:\github\modelrelief\modelrelief.test\bin\debug\netcoreapp2.0\modelrelief.test.dll" id="78fc60b3-0eb6-4a67-be62-2f71692102e6"><Execution id="5f143508-4e6d-41ac-a29a-3b4ce25140e4" /><TestMethod codeBase="d:\Github\ModelRelief\ModelRelief.test\bin\Debug\netcoreapp2.0\ModelRelief.Test.dll" adapterTypeName="executor://xunit/VsTestRunner2/netcoreapp" className="ModelRelief.Test.Integration.Models.ModelsFileIntegrationTests" name="FileRequest_FileCanBeReadAfterRename" /></UnitTest><UnitTest name="Patch_InvalidEnumPropertyValueReturnsBadRequest" storage="d:\github\modelrelief\modelrelief.test\bin\debug\netcoreapp2.0\modelrelief.test.dll" id="feb25d4f-bbad-4a46-9d9e-4f57afb8ba9a"><Execution id="e2d27961-437c-4cbc-8b84-2e6ff8f52d6f" /><TestMethod codeBase="d:\Github\ModelRelief\ModelRelief.test\bin\Debug\netcoreapp2.0\ModelRelief.Test.dll" adapterTypeName="executor://xunit/VsTestRunner2/netcoreapp" className="ModelRelief.Test.Integration.DepthBuffers.DepthBuffersBaseIntegrationTests" name="Patch_InvalidEnumPropertyValueReturnsBadRequest" /></UnitTest><UnitTest name="Put_ValidReferencePropertyUpdatesModel" storage="d:\github\modelrelief\modelrelief.test\bin\debug\netcoreapp2.0\modelrelief.test.dll" id="fd776388-844f-4cc1-ad53-339e074bd3c3"><Execution id="3b623b2d-cfde-4c41-a9cd-345cdb1fafe1" /><TestMethod codeBase="d:\Github\ModelRelief\ModelRelief.test\bin\Debug\netcoreapp2.0\ModelRelief.Test.dll" adapterTypeName="executor://xunit/VsTestRunner2/netcoreapp" className="ModelRelief.Test.Integration.Models.ModelsBaseIntegrationTests" name="Put_ValidReferencePropertyUpdatesModel" /></UnitTest><UnitTest name="Delete_TargetModelIsDeleted" storage="d:\github\modelrelief\modelrelief.test\bin\debug\netcoreapp2.0\modelrelief.test.dll" id="19c3e2a4-2d9d-40e2-b136-9a1b01c93344"><Execution id="04b4b3a3-2ca6-4e95-86bd-c96e2b680dca" /><TestMethod codeBase="d:\Github\ModelRelief\ModelRelief.test\bin\Debug\netcoreapp2.0\ModelRelief.Test.dll" adapterTypeName="executor://xunit/VsTestRunner2/netcoreapp" className="ModelRelief.Test.Integration.Models.ModelsBaseIntegrationTests" name="Delete_TargetModelIsDeleted" /></UnitTest><UnitTest name="GetFile_NonExistentFileReturnsNotFound" storage="d:\github\modelrelief\modelrelief.test\bin\debug\netcoreapp2.0\modelrelief.test.dll" id="062135e5-815d-439f-9aed-4f792ae4b1fb"><Execution id="9519b7e7-1fff-494d-aff5-bdda27932e0f" /><TestMethod codeBase="d:\Github\ModelRelief\ModelRelief.test\bin\Debug\netcoreapp2.0\ModelRelief.Test.dll" adapterTypeName="executor://xunit/VsTestRunner2/netcoreapp" className="ModelRelief.Test.Integration.DepthBuffers.DepthBuffersFileIntegrationTests" name="GetFile_NonExistentFileReturnsNotFound" /></UnitTest></TestDefinitions><TestEntries><TestEntry testId="3c740392-ddd2-4b3b-9efc-f91b94e7dd50" executionId="1bb762af-845b-445c-be86-e9be326bb46b" testListId="8c84fa94-04c1-424b-9868-57a2d4851a1d" /><TestEntry testId="cce3c730-fad0-4943-ad4b-adfa944e0cb2" executionId="f05d741d-2615-4886-983d-3f420c1d3f23" testListId="8c84fa94-04c1-424b-9868-57a2d4851a1d" /><TestEntry testId="190b212b-d29b-42dc-aca2-7da4555a2d15" executionId="4888fca7-77f9-4db3-852a-7ff278f33365" testListId="8c84fa94-04c1-424b-9868-57a2d4851a1d" /><TestEntry testId="c36327a8-3c7e-450c-a42c-f4071d74890c" executionId="9d734070-a549-46c8-bce4-06b48943d22f" testListId="8c84fa94-04c1-424b-9868-57a2d4851a1d" /><TestEntry testId="ed1e53d3-ce25-4ab0-9fea-a52f6526aa51" executionId="f3c8cc8d-0cdf-4fb4-ad35-9b95f05e6d00" testListId="8c84fa94-04c1-424b-9868-57a2d4851a1d" /><TestEntry testId="fc74113b-6a7d-4c86-ab50-ac3b83be3013" executionId="275b37d7-05b2-4973-900b-06475206000c" testListId="8c84fa94-04c1-424b-9868-57a2d4851a1d" /><TestEntry testId="1e72646d-107a-4ba4-867a-b35513ec0217" executionId="4d37c7ed-78ee-4350-873a-90ec3be65866" testListId="8c84fa94-04c1-424b-9868-57a2d4851a1d" /><TestEntry testId="ad2925ad-fc40-4e3e-94b2-678ff5d49f09" executionId="6c870a6b-984e-4d1d-98a0-e41c74ce5331" testListId="8c84fa94-04c1-424b-9868-57a2d4851a1d" /><TestEntry testId="ee87547e-02b6-49b9-86cf-616bd7e7e293" executionId="913a8f1c-a5ff-4f94-9bcc-9f40db19528c" testListId="8c84fa94-04c1-424b-9868-57a2d4851a1d" /><TestEntry testId="1cf74050-273f-4791-93a5-b3f611d090bb" executionId="4f9aaf62-6204-49ee-96d1-3fa1db29987d" testListId="8c84fa94-04c1-424b-9868-57a2d4851a1d" /><TestEntry testId="f0ee450d-32ed-4dc3-8a47-c692f1df22be" executionId="e2787790-8165-4223-90de-d1415ecaa689" testListId="8c84fa94-04c1-424b-9868-57a2d4851a1d" /><TestEntry testId="5feee4d6-7043-4ac5-903b-269398bcbafd" executionId="dd7779b1-2900-4a76-aa8d-856ec20d0f6a" testListId="8c84fa94-04c1-424b-9868-57a2d4851a1d" /><TestEntry testId="a08b2399-0c50-46b3-8a37-0405d6ea14d5" executionId="7f4d4a52-e5b5-4776-a3ed-fe3e7a200c7a" testListId="8c84fa94-04c1-424b-9868-57a2d4851a1d" /><TestEntry testId="5625fa2e-56cb-4514-8548-01138f9d6f3b" executionId="60aa3917-a2cc-493c-8e44-1bd2d5653fef" testListId="8c84fa94-04c1-424b-9868-57a2d4851a1d" /><TestEntry testId="fee3efdd-64eb-44fc-96d7-fe4ed371a842" executionId="150a528f-66d4-4ce4-aecb-e39f000e7cfb" testListId="8c84fa94-04c1-424b-9868-57a2d4851a1d" /><TestEntry testId="58f0cc98-6458-43e2-9400-b21981ee2fa1" executionId="d11cf56d-7ddc-40f6-be5e-bf452c302b7e" testListId="8c84fa94-04c1-424b-9868-57a2d4851a1d" /><TestEntry testId="39c95f05-c516-43d3-8dcb-36a9ec442a3b" executionId="70c03b1e-6e55-49e4-851f-6e56e8dc2763" testListId="8c84fa94-04c1-424b-9868-57a2d4851a1d" /><TestEntry testId="bdcb479d-bc00-43dd-9754-4a2bbd5fb8bc" executionId="65b9448b-6621-41b7-a13b-3f3a68b08f74" testListId="8c84fa94-04c1-424b-9868-57a2d4851a1d" /><TestEntry testId="dec0d8d5-488e-4873-bd00-d8f4b49c3ef4" executionId="607e0342-3f01-497a-95ad-f545ef23a159" testListId="8c84fa94-04c1-424b-9868-57a2d4851a1d" /><TestEntry testId="ab7ff8ef-f79e-44ad-ab6a-39c6e5381f99" executionId="93c67c58-13c2-46df-b4d9-793cf2b577c5" testListId="8c84fa94-04c1-424b-9868-57a2d4851a1d" /><TestEntry testId="b378bdc3-a4f0-49fe-9aa5-21115652857e" executionId="22590dbe-530d-45ec-8685-3af35634e881" testListId="8c84fa94-04c1-424b-9868-57a2d4851a1d" /><TestEntry testId="be105870-0c59-4dd5-ba8a-0905dfa78adc" executionId="25febfde-f3c6-4b2d-857b-f498d2630630" testListId="8c84fa94-04c1-424b-9868-57a2d4851a1d" /><TestEntry testId="7e6c65af-0241-4e24-b2ef-ed6576c22017" executionId="5700aa0d-fb91-41d8-b4a9-5b08c043e9e5" testListId="8c84fa94-04c1-424b-9868-57a2d4851a1d" /><TestEntry testId="d9850067-cb42-4b39-9f4b-810b4bb16265" executionId="0e366cc8-45ee-4a51-8a59-6f3464f2b860" testListId="8c84fa94-04c1-424b-9868-57a2d4851a1d" /><TestEntry testId="b05aff2f-2d32-4b0b-ad61-0b3aa8bf14d0" executionId="e59baaf2-44ba-42b1-a1c7-4efc2ee8e776" testListId="8c84fa94-04c1-424b-9868-57a2d4851a1d" /><TestEntry testId="6b7f2849-dc2b-44c4-b782-856c15213675" executionId="cf998768-84e7-4559-b477-190b49c23f0c" testListId="8c84fa94-04c1-424b-9868-57a2d4851a1d" /><TestEntry testId="b86e15e6-8133-47bc-aff0-dfd53245cde8" executionId="98744cc8-a6bf-4ae8-b561-2fd9afbda853" testListId="8c84fa94-04c1-424b-9868-57a2d4851a1d" /><TestEntry testId="8d2261dc-f929-4413-b4c4-e69ddab9efa0" executionId="67523550-8ba1-4f44-a97a-80a41f3146be" testListId="8c84fa94-04c1-424b-9868-57a2d4851a1d" /><TestEntry testId="9ceea8eb-27c1-4c40-b213-ef605723b6d6" executionId="0b3d3e0c-f8ee-477c-85a7-6934ce80771f" testListId="8c84fa94-04c1-424b-9868-57a2d4851a1d" /><TestEntry testId="d45ad9d5-4f42-4697-b086-759224ef59f2" executionId="30a2a135-e48b-4d99-86b2-acade0711f65" testListId="8c84fa94-04c1-424b-9868-57a2d4851a1d" /><TestEntry testId="4a828737-5da6-49e9-88ac-7926ab5ecdc3" executionId="a50abfbc-9f7c-4acb-8586-178b7c8262e6" testListId="8c84fa94-04c1-424b-9868-57a2d4851a1d" /><TestEntry testId="22ad1ea1-6c32-461c-b0f9-451323437619" executionId="ac9bfd8c-6e40-4bf8-82c2-ce16475145db" testListId="8c84fa94-04c1-424b-9868-57a2d4851a1d" /><TestEntry testId="820a7299-3994-4bfd-9dea-c4b8c654a6d9" executionId="bbe54f47-542f-4448-9e0f-c6bfe126db61" testListId="8c84fa94-04c1-424b-9868-57a2d4851a1d" /><TestEntry testId="13df7551-b8d3-42b3-8060-56bc12311378" executionId="b12b4add-d64c-4d65-926c-fd2e3073af1b" testListId="8c84fa94-04c1-424b-9868-57a2d4851a1d" /><TestEntry testId="10921e02-b252-4935-8895-d84f592d551c" executionId="f8d2117b-c435-4203-bc7d-e27152467bba" testListId="8c84fa94-04c1-424b-9868-57a2d4851a1d" /><TestEntry testId="6dd3a18f-c728-47ef-938d-e805bb6eecfa" executionId="38d25e3b-5ec2-4d70-a7dd-a09d9fa138d5" testListId="8c84fa94-04c1-424b-9868-57a2d4851a1d" /><TestEntry testId="e6449177-a963-429d-be65-456f7162a219" executionId="639267d1-7ee1-464e-a76d-85f41c60c15a" testListId="8c84fa94-04c1-424b-9868-57a2d4851a1d" /><TestEntry testId="861f849c-37c4-47df-8a2d-b568d9799b5f" executionId="25fa68df-88b4-4e3b-bcb6-3583ed80adce" testListId="8c84fa94-04c1-424b-9868-57a2d4851a1d" /><TestEntry testId="710de569-2675-4523-b6bf-b77487b9b35c" executionId="ed6a12ca-eaa3-4a80-9ba1-c6ea7f642904" testListId="8c84fa94-04c1-424b-9868-57a2d4851a1d" /><TestEntry testId="5fcada4d-a6b6-4e58-8583-f2282955e5cb" executionId="f58b0dde-3fd4-424b-9533-4296592147ba" testListId="8c84fa94-04c1-424b-9868-57a2d4851a1d" /><TestEntry testId="f80d8b2e-8b7c-44cf-99fe-bb85c909bf32" executionId="2df12734-dcae-415a-93c5-f7503ef41e62" testListId="8c84fa94-04c1-424b-9868-57a2d4851a1d" /><TestEntry testId="357095a1-f780-49f6-902a-545b2b77cb6f" executionId="994c22a6-1995-4539-a36c-2d43b417ca97" testListId="8c84fa94-04c1-424b-9868-57a2d4851a1d" /><TestEntry testId="de2829e5-b0b4-4572-8bc3-d4f30ac84a9f" executionId="6a3f3735-a464-41dc-bfc7-9dc171ae4289" testListId="8c84fa94-04c1-424b-9868-57a2d4851a1d" /><TestEntry testId="25de0670-8a5b-484d-906f-ce0fbdd7b527" executionId="f6af5945-9364-46d4-9135-f23b132ce409" testListId="8c84fa94-04c1-424b-9868-57a2d4851a1d" /><TestEntry testId="4fc05da6-198e-45a3-8a1b-b77d801f2a7b" executionId="da7c7679-a1e5-4494-99f4-6ec6bc4f14ea" testListId="8c84fa94-04c1-424b-9868-57a2d4851a1d" /><TestEntry testId="88b142b3-cc7b-4069-9711-7dc7a0d4d6e4" executionId="4c2e2d3e-4f44-4f09-9bbd-8b1e419b0b5e" testListId="8c84fa94-04c1-424b-9868-57a2d4851a1d" /><TestEntry testId="3364de47-f764-4bc4-8dbd-9e1723ab4a28" executionId="f112053e-fc30-4160-ac6c-93653bcac912" testListId="8c84fa94-04c1-424b-9868-57a2d4851a1d" /><TestEntry testId="88856659-094a-427e-a317-09933ce677ff" executionId="01e34242-a16d-4ae2-bb7a-ab66977b0281" testListId="8c84fa94-04c1-424b-9868-57a2d4851a1d" /><TestEntry testId="e9949021-50dc-4845-9c9c-a4928d8c2dd8" executionId="4bc26d2c-f379-4a2b-be6e-12aa269006bc" testListId="8c84fa94-04c1-424b-9868-57a2d4851a1d" /><TestEntry testId="0ff0048c-483e-4757-8b1b-c0daaa8d3b9d" executionId="c4002ed9-0ee7-47b4-8930-c027439e92ba" testListId="8c84fa94-04c1-424b-9868-57a2d4851a1d" /><TestEntry testId="58279a36-7efc-4d4b-a896-a54f53fb042d" executionId="4cccc079-d8a4-452b-80da-cb5fc4fc74b8" testListId="8c84fa94-04c1-424b-9868-57a2d4851a1d" /><TestEntry testId="feb25d4f-bbad-4a46-9d9e-4f57afb8ba9a" executionId="e2d27961-437c-4cbc-8b84-2e6ff8f52d6f" testListId="8c84fa94-04c1-424b-9868-57a2d4851a1d" /><TestEntry testId="a995e9eb-c838-41e4-95b9-f3d12be7cfa6" executionId="f1615e71-7900-40e5-a389-3438d38473f8" testListId="8c84fa94-04c1-424b-9868-57a2d4851a1d" /><TestEntry testId="af280248-de0c-4440-866a-9ced5d07ffe0" executionId="21bb36b3-d884-4538-81ee-3ddec5f596b6" testListId="8c84fa94-04c1-424b-9868-57a2d4851a1d" /><TestEntry testId="a4e2b931-6c32-4940-b810-e86cbce4c80d" executionId="bfc084fb-b01b-405e-9e25-33052d0b63ed" testListId="8c84fa94-04c1-424b-9868-57a2d4851a1d" /><TestEntry testId="7a6098f9-6ce1-42dd-92e8-6456731676cf" executionId="126390a5-d529-47e1-8d46-9176f97da1bb" testListId="8c84fa94-04c1-424b-9868-57a2d4851a1d" /><TestEntry testId="546cde58-7c58-4b88-8072-dadfd7eb90d0" executionId="f8294cd9-ff2a-4ada-b926-80593e208389" testListId="8c84fa94-04c1-424b-9868-57a2d4851a1d" /><TestEntry testId="195e9bdb-1a06-4766-8ca7-592dbfe332d8" executionId="aafa4f45-71d7-4124-85aa-45f2a8ef1aeb" testListId="8c84fa94-04c1-424b-9868-57a2d4851a1d" /><TestEntry testId="f762eb4e-470c-4793-82a7-0ee53addb0df" executionId="d87f4689-1902-4cee-9bf6-b46d36da49f9" testListId="8c84fa94-04c1-424b-9868-57a2d4851a1d" /><TestEntry testId="d91bd53c-bf62-400b-a2ce-ebfc46e3e6eb" executionId="27e2039a-682f-4a0a-8131-c187ecb8d7ba" testListId="8c84fa94-04c1-424b-9868-57a2d4851a1d" /><TestEntry testId="104b7d96-fca4-4c27-956e-99701c9f2640" executionId="838e2cf6-868d-4336-ab07-165569276f80" testListId="8c84fa94-04c1-424b-9868-57a2d4851a1d" /><TestEntry testId="ef90736c-ef83-43bf-afdf-bf73c1d32d54" executionId="c9bd3a15-9a2c-412b-a247-1e806a3f471c" testListId="8c84fa94-04c1-424b-9868-57a2d4851a1d" /><TestEntry testId="d1a36918-435d-44f4-8a03-e2d80184eb47" executionId="19a4b781-4049-4225-839b-2ea4a4d57a26" testListId="8c84fa94-04c1-424b-9868-57a2d4851a1d" /><TestEntry testId="49b37aa3-9c4b-4b63-aee0-131fe64b1a8c" executionId="3aa5ac17-a0ba-4bd4-857a-855931bd42a6" testListId="8c84fa94-04c1-424b-9868-57a2d4851a1d" /><TestEntry testId="549a6cf2-9332-4ad9-8944-3002ee97c2b3" executionId="ffa7f107-4d0d-4525-8003-79a47ccef4d0" testListId="8c84fa94-04c1-424b-9868-57a2d4851a1d" /><TestEntry testId="b631f8fe-3e24-486a-b013-6c520af539fc" executionId="e2ba31ce-5947-4fdd-b2bf-0545edc62e80" testListId="8c84fa94-04c1-424b-9868-57a2d4851a1d" /><TestEntry testId="38232eca-731d-4754-bb14-f8d0830a3ddd" executionId="e6fb3541-428e-432b-8bd5-1f783c037f5d" testListId="8c84fa94-04c1-424b-9868-57a2d4851a1d" /><TestEntry testId="5ee9ce7b-ede6-4827-bb0d-f14cc994da97" executionId="f0a83972-39d8-4d8c-94f5-e3d59c74fdbf" testListId="8c84fa94-04c1-424b-9868-57a2d4851a1d" /><TestEntry testId="37d1025c-37fb-4cb1-9eed-3809873b4a12" executionId="896d23a4-fb4b-4039-9e9a-24916d00037a" testListId="8c84fa94-04c1-424b-9868-57a2d4851a1d" /><TestEntry testId="fd776388-844f-4cc1-ad53-339e074bd3c3" executionId="3b623b2d-cfde-4c41-a9cd-345cdb1fafe1" testListId="8c84fa94-04c1-424b-9868-57a2d4851a1d" /><TestEntry testId="4987fd97-4c8d-4f65-9098-ea4e779370f3" executionId="6a378a0b-e259-4e7a-9136-1aada4a19516" testListId="8c84fa94-04c1-424b-9868-57a2d4851a1d" /><TestEntry testId="0ab0a788-62e8-46f0-a9d7-71037dcf18f9" executionId="1d15ff43-f7a7-42c2-9dc0-a4794a346f67" testListId="8c84fa94-04c1-424b-9868-57a2d4851a1d" /><TestEntry testId="f37953ec-11bc-4f24-98ea-fac7ef13850e" executionId="1a72e2a6-4743-4cf1-b21d-eb4d459c4ff1" testListId="8c84fa94-04c1-424b-9868-57a2d4851a1d" /><TestEntry testId="ef6cc657-97df-4e99-b37c-2af94731f7ee" executionId="dd2d6d66-6366-4fc7-8928-65b65e6c7d0a" testListId="8c84fa94-04c1-424b-9868-57a2d4851a1d" /><TestEntry testId="e1213332-a4ea-4a47-b5ec-7cbbea78ea9f" executionId="e448f45b-9e72-433d-8e58-c7065a996e54" testListId="8c84fa94-04c1-424b-9868-57a2d4851a1d" /><TestEntry testId="262cda47-a0f9-477d-8db4-9c5fb851d21f" executionId="6173e196-27c2-47b0-87dc-e93563e2d568" testListId="8c84fa94-04c1-424b-9868-57a2d4851a1d" /><TestEntry testId="ea07c7c0-f643-4ea1-a4c2-5be24b488eaa" executionId="7a8f9120-1989-44f7-abfc-ed8245c7fb47" testListId="8c84fa94-04c1-424b-9868-57a2d4851a1d" /><TestEntry testId="e51ceb62-1b1a-462a-8a49-f1f360829432" executionId="5d55728b-e175-4baf-a79a-55482a55f827" testListId="8c84fa94-04c1-424b-9868-57a2d4851a1d" /><TestEntry testId="366b3f02-d3dd-4250-ba95-d9b0be113b34" executionId="421cb06e-e465-43dc-b3f5-8300d0ed4e28" testListId="8c84fa94-04c1-424b-9868-57a2d4851a1d" /><TestEntry testId="4fe540ce-4eed-475a-9f42-a12f79441985" executionId="f777d251-1c07-447c-b74a-b2f704ad108b" testListId="8c84fa94-04c1-424b-9868-57a2d4851a1d" /><TestEntry testId="fa11d120-86f3-4a63-be3c-c16e5a36a0c3" executionId="10f213a6-b3ef-4a5b-add3-ecb45f3af2a2" testListId="8c84fa94-04c1-424b-9868-57a2d4851a1d" /><TestEntry testId="25763f08-4c19-4d05-a9e4-aaed3e61f8d3" executionId="f9055874-8dde-4131-9da9-96b98f9a9af2" testListId="8c84fa94-04c1-424b-9868-57a2d4851a1d" /><TestEntry testId="a691a9a9-e20e-438b-bae6-a75da408c000" executionId="c6b3e895-6ce3-4aa0-8a0e-2b1f108fa056" testListId="8c84fa94-04c1-424b-9868-57a2d4851a1d" /><TestEntry testId="caa29e26-d7ee-492e-8e26-c2fa1b40c0f1" executionId="4bf39524-6c16-4601-904d-853428febb68" testListId="8c84fa94-04c1-424b-9868-57a2d4851a1d" /><TestEntry testId="ac3022e1-36b3-4d00-9bbb-9b7f0b4833c2" executionId="80745d79-830d-4e0e-8a53-1a3af2413185" testListId="8c84fa94-04c1-424b-9868-57a2d4851a1d" /><TestEntry testId="8cf40857-d18e-4b42-8c41-3bb676598588" executionId="aaf1590d-c60f-4039-8d56-e1cf1a937da7" testListId="8c84fa94-04c1-424b-9868-57a2d4851a1d" /><TestEntry testId="c2b6c7fe-b110-4346-a3ff-e2123879a352" executionId="61a76d37-fde9-4b32-b32c-7d753b9babde" testListId="8c84fa94-04c1-424b-9868-57a2d4851a1d" /><TestEntry testId="8f45d2ea-0b7f-4a6b-8b51-8200a3955e3c" executionId="1ad87ded-4114-4671-9528-319baa927490" testListId="8c84fa94-04c1-424b-9868-57a2d4851a1d" /><TestEntry testId="2db87c04-7a87-4bbe-8314-219050f2c39c" executionId="34bea1b2-cb51-4cf8-899a-e8ab4ec8db24" testListId="8c84fa94-04c1-424b-9868-57a2d4851a1d" /><TestEntry testId="9471baa6-ccba-4a72-a88e-13a08bc3a313" executionId="ac579bcc-a274-4da6-a88a-4970a45c3771" testListId="8c84fa94-04c1-424b-9868-57a2d4851a1d" /><TestEntry testId="a95c51d4-1b0a-4f50-bfcb-5e0a8786687b" executionId="eb82297b-b9fb-4967-b049-8d53a56487c2" testListId="8c84fa94-04c1-424b-9868-57a2d4851a1d" /><TestEntry testId="ce44b4de-6799-48f1-98d1-cd0f9a0cd55e" executionId="5baa9425-e765-4a2a-851e-e001e1a510a2" testListId="8c84fa94-04c1-424b-9868-57a2d4851a1d" /><TestEntry testId="2b7118a8-9578-4bb0-b99f-ac7ad5d529ff" executionId="eb4ea93d-a2bc-4718-b00a-d3dc37668274" testListId="8c84fa94-04c1-424b-9868-57a2d4851a1d" /><TestEntry testId="98c33109-581f-417a-aa80-27191f773338" executionId="acb6346b-c56f-47b0-b7e0-3eb69bdb6216" testListId="8c84fa94-04c1-424b-9868-57a2d4851a1d" /><TestEntry testId="50c1cbac-1432-42e5-8f75-4cc4afe054d3" executionId="99f12b1f-3db2-40fe-bda7-239626d91eb4" testListId="8c84fa94-04c1-424b-9868-57a2d4851a1d" /><TestEntry testId="6ca81fab-4d0a-4738-96f4-29c8f4b4f51b" executionId="94e444dd-f448-427a-bfb0-df91f8089ce8" testListId="8c84fa94-04c1-424b-9868-57a2d4851a1d" /><TestEntry testId="178dc2ba-aa07-4c9e-a473-f7cc6cf606aa" executionId="6d45d682-a261-4db3-b5bb-fe7ee5cc1c39" testListId="8c84fa94-04c1-424b-9868-57a2d4851a1d" /><TestEntry testId="83bb199f-6938-40ab-b252-b43c65fd39c5" executionId="fb64ad9f-bd1c-44de-9457-0d0d9118e6f0" testListId="8c84fa94-04c1-424b-9868-57a2d4851a1d" /><TestEntry testId="c22a76c6-b009-49c3-b6a7-602a1c1c4892" executionId="cd0ff3cc-9db8-4f57-bffc-4d2a15b7f926" testListId="8c84fa94-04c1-424b-9868-57a2d4851a1d" /><TestEntry testId="9cc30f34-3452-402e-b212-bdce1cf1258e" executionId="2eabe6a6-b351-40c9-9dfa-567a067a0ac9" testListId="8c84fa94-04c1-424b-9868-57a2d4851a1d" /><TestEntry testId="f9470b30-973d-47f9-b169-cee262afa492" executionId="14eb297a-fe57-414f-9f60-581a2a7b3c1e" testListId="8c84fa94-04c1-424b-9868-57a2d4851a1d" /><TestEntry testId="7873b567-d07a-47e6-b944-cf1954cd7c46" executionId="5c84aac8-249f-4391-bd1d-a45e5a812ad0" testListId="8c84fa94-04c1-424b-9868-57a2d4851a1d" /><TestEntry testId="a76eab8c-7211-4283-94e8-5b51d7719b4a" executionId="5626d044-c6bb-48ce-b1ba-08184335bebb" testListId="8c84fa94-04c1-424b-9868-57a2d4851a1d" /><TestEntry testId="4b4e9680-8fdd-4d49-8b02-acf93c947e73" executionId="37c3051d-c793-4607-84d3-1ecfcb4e21c7" testListId="8c84fa94-04c1-424b-9868-57a2d4851a1d" /><TestEntry testId="b5bd2b50-3db6-4b28-ad08-4ef80810b62a" executionId="85d5584d-e8d0-4865-82e7-cc6055537bf6" testListId="8c84fa94-04c1-424b-9868-57a2d4851a1d" /><TestEntry testId="2c7c91cf-952e-40f7-bb63-99b7b50b6107" executionId="48893262-433d-41c2-aa50-c8542ffab3d4" testListId="8c84fa94-04c1-424b-9868-57a2d4851a1d" /><TestEntry testId="0420abe4-4908-45f8-91ae-4c73ae8dc7b4" executionId="f15b8393-00b6-441d-94c9-0c4383e04d36" testListId="8c84fa94-04c1-424b-9868-57a2d4851a1d" /><TestEntry testId="80673b43-dfce-42b9-8ecd-947909f97af1" executionId="5f58ba64-fffb-409c-a7f4-84932106e544" testListId="8c84fa94-04c1-424b-9868-57a2d4851a1d" /><TestEntry testId="014f5d27-fced-4d5a-bcba-8a57a4d8b22f" executionId="7d6094ec-b823-4ba1-a853-ca021510b6b1" testListId="8c84fa94-04c1-424b-9868-57a2d4851a1d" /><TestEntry testId="b414dc83-4316-403d-9619-a96ac2899518" executionId="2b55a6c1-3365-4df1-b712-fc75b53ec9aa" testListId="8c84fa94-04c1-424b-9868-57a2d4851a1d" /><TestEntry testId="cfbcecfd-e22f-4358-aefa-c9b0401ca13f" executionId="1ab62f10-ada6-42b3-82f1-f0f34cea3afb" testListId="8c84fa94-04c1-424b-9868-57a2d4851a1d" /><TestEntry testId="41330943-bfcb-4949-bb79-2256417cce40" executionId="d6a375b0-29d0-47b8-890b-caceba938847" testListId="8c84fa94-04c1-424b-9868-57a2d4851a1d" /><TestEntry testId="8b940dce-6b98-4766-b356-477595a5b3ed" executionId="a4d60c53-cfb1-4ad8-b688-144c8620bb93" testListId="8c84fa94-04c1-424b-9868-57a2d4851a1d" /><TestEntry testId="d5b963f6-248c-4564-b2f0-1fe732224fa0" executionId="32f03d65-268e-4077-8e42-a8b095cba2d4" testListId="8c84fa94-04c1-424b-9868-57a2d4851a1d" /><TestEntry testId="c4cfb385-f991-4af5-92bb-cdf8f02287ad" executionId="c79ca06d-5b89-4a97-bd3f-d2dd35088168" testListId="8c84fa94-04c1-424b-9868-57a2d4851a1d" /><TestEntry testId="384901cc-3a1e-4e66-9d49-1530852bc9c8" executionId="d93e46f2-4af5-4c00-b256-e61a055af63c" testListId="8c84fa94-04c1-424b-9868-57a2d4851a1d" /><TestEntry testId="b6695047-90dc-4a4c-9d2a-84b3ec52825d" executionId="d56b2db3-5157-4afa-9f17-cfeac0f83d64" testListId="8c84fa94-04c1-424b-9868-57a2d4851a1d" /><TestEntry testId="6a68bf06-8ef5-42e2-b599-a27f43ebf4fc" executionId="5a9aa93c-ac56-43d4-81ce-bccf7b2b0b75" testListId="8c84fa94-04c1-424b-9868-57a2d4851a1d" /><TestEntry testId="783be5e4-3bcc-442c-b8ac-28c415b81b42" executionId="267a30d1-764f-4576-9c95-b0f27da53d7e" testListId="8c84fa94-04c1-424b-9868-57a2d4851a1d" /><TestEntry testId="062135e5-815d-439f-9aed-4f792ae4b1fb" executionId="9519b7e7-1fff-494d-aff5-bdda27932e0f" testListId="8c84fa94-04c1-424b-9868-57a2d4851a1d" /><TestEntry testId="fee0f720-22b3-4db4-a8ef-556bb66b73be" executionId="e6b44595-8531-4720-a81e-4f797548ff01" testListId="8c84fa94-04c1-424b-9868-57a2d4851a1d" /><TestEntry testId="33b265e0-48e7-4e3c-9e9b-fdec792e401a" executionId="3216640e-8d59-4465-bf3d-32df519ddf53" testListId="8c84fa94-04c1-424b-9868-57a2d4851a1d" /><TestEntry testId="78fc60b3-0eb6-4a67-be62-2f71692102e6" executionId="5f143508-4e6d-41ac-a29a-3b4ce25140e4" testListId="8c84fa94-04c1-424b-9868-57a2d4851a1d" /><TestEntry testId="acb35cc7-a0cc-4df3-ab2a-d3fa9829bd3a" executionId="3c462438-c8df-4750-801e-cc8c38da584a" testListId="8c84fa94-04c1-424b-9868-57a2d4851a1d" /><TestEntry testId="e5dd20e1-f542-41b9-9841-db511395c9d8" executionId="82da097b-1c26-4abd-b232-672221252388" testListId="8c84fa94-04c1-424b-9868-57a2d4851a1d" /><TestEntry testId="6b6e8a7b-db19-4cd4-8442-c88447ad40f7" executionId="b71ad893-cecd-4bb7-8783-38c1a720d91d" testListId="8c84fa94-04c1-424b-9868-57a2d4851a1d" /><TestEntry testId="1d728856-04ae-4170-957e-c96d69095db6" executionId="97348ff5-8ed3-45b8-8688-75fdefea46b1" testListId="8c84fa94-04c1-424b-9868-57a2d4851a1d" /><TestEntry testId="ef6a16a1-7019-402e-b800-8e1d7096e236" executionId="89541d26-549c-43bb-bc17-7ad1243836d8" testListId="8c84fa94-04c1-424b-9868-57a2d4851a1d" /><TestEntry testId="41de13ad-3400-457b-99d7-b5339f6c5139" executionId="e505267d-55b5-4b2a-91fe-d850e7371a3d" testListId="8c84fa94-04c1-424b-9868-57a2d4851a1d" /><TestEntry testId="1d6b6121-e2fe-4110-b401-a6287ccfea8b" executionId="3591b9e2-d0ff-4435-a321-26dba1520562" testListId="8c84fa94-04c1-424b-9868-57a2d4851a1d" /><TestEntry testId="57816a0e-3624-4661-b967-b7c1777c6dcc" executionId="3a22170e-ca53-4c83-b261-f9b451a82152" testListId="8c84fa94-04c1-424b-9868-57a2d4851a1d" /><TestEntry testId="519be92b-fa99-4538-b668-4dc81cd2a2a1" executionId="5a747c6d-ea91-4161-8494-a74261dc4393" testListId="8c84fa94-04c1-424b-9868-57a2d4851a1d" /><TestEntry testId="cf29ed89-b279-40bd-a491-d6fc65b6d592" executionId="a6320adf-6f41-4e62-b3eb-03257b9dc98c" testListId="8c84fa94-04c1-424b-9868-57a2d4851a1d" /><TestEntry testId="b796477d-93b3-4f85-9c91-aaa5b29e767e" executionId="f1411269-fa75-47a5-8f7a-cf2a3ff1cc64" testListId="8c84fa94-04c1-424b-9868-57a2d4851a1d" /><TestEntry testId="48f62bc1-f632-46b4-8aa4-3c2bcda4f6a4" executionId="8b327b52-6c86-4b1a-bf13-ad6c68b9ac66" testListId="8c84fa94-04c1-424b-9868-57a2d4851a1d" /><TestEntry testId="fbde0561-e502-488b-8f3e-ac08fdcd77e9" executionId="81d79514-42e5-4b52-a02e-3ce676d14c94" testListId="8c84fa94-04c1-424b-9868-57a2d4851a1d" /><TestEntry testId="7bfacbb7-0ccc-491d-8b37-79734a517b59" executionId="38a26fd9-7d53-4c3a-816f-b76040ef88b7" testListId="8c84fa94-04c1-424b-9868-57a2d4851a1d" /><TestEntry testId="116e4437-08d3-4a0e-8793-f13c2031045a" executionId="8191ea39-aa39-4c75-a27c-3f57dab807dd" testListId="8c84fa94-04c1-424b-9868-57a2d4851a1d" /><TestEntry testId="19c3e2a4-2d9d-40e2-b136-9a1b01c93344" executionId="04b4b3a3-2ca6-4e95-86bd-c96e2b680dca" testListId="8c84fa94-04c1-424b-9868-57a2d4851a1d" /><TestEntry testId="0bff8435-bd4d-49a1-a60d-7e44f7638eaa" executionId="319248ce-dd03-4051-86ba-276f75eb564b" testListId="8c84fa94-04c1-424b-9868-57a2d4851a1d" /><TestEntry testId="a6dafbca-3c6c-4c5c-ba43-7510b4ded808" executionId="44371984-816f-4129-b996-92d7c79c2e30" testListId="8c84fa94-04c1-424b-9868-57a2d4851a1d" /><TestEntry testId="845d37a4-a78f-44df-a186-451495327e19" executionId="e6b533b1-7bf5-465b-96e7-59c41b922b36" testListId="8c84fa94-04c1-424b-9868-57a2d4851a1d" /><TestEntry testId="78f6f798-3d74-4418-ac9b-2d6a16667588" executionId="10ff4d71-aca6-4c3d-af2e-affa48f2200c" testListId="8c84fa94-04c1-424b-9868-57a2d4851a1d" /><TestEntry testId="acb48f2b-69da-4aa6-abb1-a5085df799db" executionId="b3187192-5539-4453-a2e0-0cd550da4559" testListId="8c84fa94-04c1-424b-9868-57a2d4851a1d" /><TestEntry testId="916c7817-a580-4e49-aac2-933d8f891296" executionId="4206955b-edb4-4038-9cfb-e20a99d6a8b2" testListId="8c84fa94-04c1-424b-9868-57a2d4851a1d" /><TestEntry testId="864f7c39-718b-4a54-84c5-976d8678fd96" executionId="e8875340-e093-4f52-99c6-daa42f177c2f" testListId="8c84fa94-04c1-424b-9868-57a2d4851a1d" /><TestEntry testId="cc7c0644-f15b-442d-a767-602fac530882" executionId="4618ea6e-19a1-4fdb-804c-3d4774613d70" testListId="8c84fa94-04c1-424b-9868-57a2d4851a1d" /><TestEntry testId="213a284b-5019-4018-b262-a3ad39304f24" executionId="a38c47e8-12f8-4bb2-a531-32f2dbbc8830" testListId="8c84fa94-04c1-424b-9868-57a2d4851a1d" /><TestEntry testId="f7dc0357-29e2-48d7-85c8-c42b60237f3b" executionId="d8473484-1ff2-4abd-9547-d814fbed52cf" testListId="8c84fa94-04c1-424b-9868-57a2d4851a1d" /><TestEntry testId="441eabda-0c22-4fe4-a100-a83248a60980" executionId="12d93d87-7c80-4b00-9948-7c587c40cda1" testListId="8c84fa94-04c1-424b-9868-57a2d4851a1d" /><TestEntry testId="4e416f25-df7a-4b8a-b390-5466de7e7243" executionId="b08b8ab6-74d7-4006-b1d6-eaf4907ec11a" testListId="8c84fa94-04c1-424b-9868-57a2d4851a1d" /></TestEntries><TestLists><TestList name="Results Not in a List" id="8c84fa94-04c1-424b-9868-57a2d4851a1d" /><TestList name="All Loaded Results" id="19431567-8539-422a-85d7-44ee4e166bda" /></TestLists><ResultSummary outcome="Completed"><Counters total="151" executed="151" passed="151" failed="0" error="0" timeout="0" aborted="0" inconclusive="0" passedButRunAborted="0" notRunnable="0" notExecuted="0" disconnected="0" warning="0" completed="0" inProgress="0" pending="0" /><Output><StdOut>[xUnit.net 00:00:01.0825164]   Discovering: ModelRelief.Test[xUnit.net 00:00:01.2180816]   Discovered:  ModelRelief.Test[xUnit.net 00:00:01.2234530]   Starting:    ModelRelief.Test[xUnit.net 00:00:30.2273887]   Finished:    ModelRelief.Test</StdOut></Output></ResultSummary></TestRun>