<?xml version="1.0" encoding="utf-8"?><TestRun id="7d19c8b9-47e2-44df-b54e-f3c77a7b373e" name="Steve Knipmeyer@VECTOR 2018-07-16 17:13:52" runUser="VECTOR\Steve Knipmeyer" xmlns="http://microsoft.com/schemas/VisualStudio/TeamTest/2010"><Times creation="2018-07-16T17:13:52.0771395-04:00" queuing="2018-07-16T17:13:52.0771486-04:00" start="2018-07-16T17:13:47.6654187-04:00" finish="2018-07-16T17:14:07.8267539-04:00" /><TestSettings name="default" id="97a59682-c462-49bb-8c11-4b6a57ec358e"><Deployment runDeploymentRoot="Steve_Knipmeyer_VECTOR_2018-07-16_17_13_52" /></TestSettings><Results><UnitTestResult executionId="6cd97a16-8f66-435d-9744-9db2ececf835" testId="6bd71c12-2039-4b25-bcca-ec6fb693c5bd" testName="PutFile_FileCanBeUpdated" computerName="VECTOR" duration="00:00:00.1560000" startTime="2018-07-16T17:14:06.6949032-04:00" endTime="2018-07-16T17:14:06.6949083-04:00" testType="13cdc9d9-ddb5-4fa4-a97d-d965ccfc6d4b" outcome="Passed" testListId="8c84fa94-04c1-424b-9868-57a2d4851a1d" relativeResultsDirectory="6cd97a16-8f66-435d-9744-9db2ececf835" /><UnitTestResult executionId="81987e1a-3eac-4e8b-b456-771806fb9772" testId="3ccd7418-81f8-4692-8077-5ad97229f361" testName="FileRequest_FileCanBeReadAfterRename" computerName="VECTOR" duration="00:00:00.0710000" startTime="2018-07-16T17:14:02.5297459-04:00" endTime="2018-07-16T17:14:02.5297522-04:00" testType="13cdc9d9-ddb5-4fa4-a97d-d965ccfc6d4b" outcome="Passed" testListId="8c84fa94-04c1-424b-9868-57a2d4851a1d" relativeResultsDirectory="81987e1a-3eac-4e8b-b456-771806fb9772" /><UnitTestResult executionId="6aa44468-b598-4e57-9338-ba682f992468" testId="8aed95e5-c3bd-4128-9c3e-faf064a2e620" testName="GetList_ListReturnsCorrectCount" computerName="VECTOR" duration="00:00:00.0780000" startTime="2018-07-16T17:13:53.4824140-04:00" endTime="2018-07-16T17:13:53.4824223-04:00" testType="13cdc9d9-ddb5-4fa4-a97d-d965ccfc6d4b" outcome="Passed" testListId="8c84fa94-04c1-424b-9868-57a2d4851a1d" relativeResultsDirectory="6aa44468-b598-4e57-9338-ba682f992468" /><UnitTestResult executionId="c5357e3d-ea57-4729-be45-965f7030d2f7" testId="a2fbdd9f-04cd-49f0-a3e5-38d25cb6caa2" testName="Put_CanUpdateModel" computerName="VECTOR" duration="00:00:00.0510000" startTime="2018-07-16T17:14:07.4625630-04:00" endTime="2018-07-16T17:14:07.4625696-04:00" testType="13cdc9d9-ddb5-4fa4-a97d-d965ccfc6d4b" outcome="Passed" testListId="8c84fa94-04c1-424b-9868-57a2d4851a1d" relativeResultsDirectory="c5357e3d-ea57-4729-be45-965f7030d2f7" /><UnitTestResult executionId="baa0ffbc-4b96-4016-8f17-884e83d93512" testId="16f43af3-0698-4d91-96f1-6ae5bee2ac9b" testName="GetFile_NonExistentFileReturnsNotFound" computerName="VECTOR" duration="00:00:00.0050000" startTime="2018-07-16T17:13:54.2880288-04:00" endTime="2018-07-16T17:13:54.2880337-04:00" testType="13cdc9d9-ddb5-4fa4-a97d-d965ccfc6d4b" outcome="Passed" testListId="8c84fa94-04c1-424b-9868-57a2d4851a1d" relativeResultsDirectory="baa0ffbc-4b96-4016-8f17-884e83d93512" /><UnitTestResult executionId="8afa8f51-8eb8-4613-a92e-72f4fc76a354" testId="bbe80b25-9a34-45ce-aadf-a8400294b57e" testName="Post_InvalidPropertyValueReturnsBadRequest" computerName="VECTOR" duration="00:00:00.0030000" startTime="2018-07-16T17:14:07.5218722-04:00" endTime="2018-07-16T17:14:07.5218751-04:00" testType="13cdc9d9-ddb5-4fa4-a97d-d965ccfc6d4b" outcome="Passed" testListId="8c84fa94-04c1-424b-9868-57a2d4851a1d" relativeResultsDirectory="8afa8f51-8eb8-4613-a92e-72f4fc76a354" /><UnitTestResult executionId="28918e10-f016-48fa-bde8-bb3feffa3275" testId="6884566f-6672-4635-a008-84c2d3aa8714" testName="Patch_ValidReferencePropertyUpdatesModel" computerName="VECTOR" duration="00:00:00.5900000" startTime="2018-07-16T17:13:56.4940873-04:00" endTime="2018-07-16T17:13:56.4940933-04:00" testType="13cdc9d9-ddb5-4fa4-a97d-d965ccfc6d4b" outcome="Passed" testListId="8c84fa94-04c1-424b-9868-57a2d4851a1d" relativeResultsDirectory="28918e10-f016-48fa-bde8-bb3feffa3275" /><UnitTestResult executionId="6c0bc18c-166f-4129-893d-5bc4e89039f4" testId="4c73f0d5-ad6a-4b24-806d-28b63a5592d3" testName="Post_CanCreateNewModel" computerName="VECTOR" duration="00:00:00.0140000" startTime="2018-07-16T17:13:53.5047194-04:00" endTime="2018-07-16T17:13:53.5047254-04:00" testType="13cdc9d9-ddb5-4fa4-a97d-d965ccfc6d4b" outcome="Passed" testListId="8c84fa94-04c1-424b-9868-57a2d4851a1d" relativeResultsDirectory="6c0bc18c-166f-4129-893d-5bc4e89039f4" /><UnitTestResult executionId="e04b2734-d416-48a7-838a-6f6781f45671" testId="225deee0-bf93-4a04-ba2e-fa7e1e1956e5" testName="Post_InvalidPropertyValueReturnsBadRequest" computerName="VECTOR" duration="00:00:00.0020000" startTime="2018-07-16T17:13:54.6716973-04:00" endTime="2018-07-16T17:13:54.6716998-04:00" testType="13cdc9d9-ddb5-4fa4-a97d-d965ccfc6d4b" outcome="Passed" testListId="8c84fa94-04c1-424b-9868-57a2d4851a1d" relativeResultsDirectory="e04b2734-d416-48a7-838a-6f6781f45671" /><UnitTestResult executionId="d0fa4d80-a0a1-40a0-8b11-9c1b8bf1d798" testId="4cc8a201-49f3-49bb-ab33-814e2bcdaa64" testName="Put_InvalidReferencePropertyReturndBadRequest" computerName="VECTOR" duration="00:00:00.0030000" startTime="2018-07-16T17:13:52.7277670-04:00" endTime="2018-07-16T17:13:52.7277696-04:00" testType="13cdc9d9-ddb5-4fa4-a97d-d965ccfc6d4b" outcome="Passed" testListId="8c84fa94-04c1-424b-9868-57a2d4851a1d" relativeResultsDirectory="d0fa4d80-a0a1-40a0-8b11-9c1b8bf1d798" /><UnitTestResult executionId="2819aea4-6caa-4b7d-b5a9-1d34a248d869" testId="642c6fff-3822-468c-a328-4d2ffb24293c" testName="Post_ValidReferencePropertyCreatesModel" computerName="VECTOR" duration="00:00:00.0120000" startTime="2018-07-16T17:14:07.4840702-04:00" endTime="2018-07-16T17:14:07.4840756-04:00" testType="13cdc9d9-ddb5-4fa4-a97d-d965ccfc6d4b" outcome="Passed" testListId="8c84fa94-04c1-424b-9868-57a2d4851a1d" relativeResultsDirectory="2819aea4-6caa-4b7d-b5a9-1d34a248d869" /><UnitTestResult executionId="6dd0d9e8-576c-4979-b0cb-db16a8922392" testId="d8fbcaff-9e24-4cbf-baf1-bdeb03aa4b40" testName="Patch_InvalidIdPropertyReturnsNotFound" computerName="VECTOR" duration="00:00:00.0090000" startTime="2018-07-16T17:14:05.0493501-04:00" endTime="2018-07-16T17:14:05.0493526-04:00" testType="13cdc9d9-ddb5-4fa4-a97d-d965ccfc6d4b" outcome="Passed" testListId="8c84fa94-04c1-424b-9868-57a2d4851a1d" relativeResultsDirectory="6dd0d9e8-576c-4979-b0cb-db16a8922392" /><UnitTestResult executionId="12c4e17b-b893-4dd8-8de7-93751c52b394" testId="c09ed59b-f81f-4761-94ac-23351e31314f" testName="GetFile_NonExistentFileReturnsNotFound" computerName="VECTOR" duration="00:00:00.0110000" startTime="2018-07-16T17:13:57.0984761-04:00" endTime="2018-07-16T17:13:57.0984789-04:00" testType="13cdc9d9-ddb5-4fa4-a97d-d965ccfc6d4b" outcome="Passed" testListId="8c84fa94-04c1-424b-9868-57a2d4851a1d" relativeResultsDirectory="12c4e17b-b893-4dd8-8de7-93751c52b394" /><UnitTestResult executionId="a5ad2589-5de1-43bc-a97a-0aa62aae2e69" testId="628fd3b0-1e7e-4f08-9484-a5cb043517fc" testName="Put_InvalidIdReturnsNotFound" computerName="VECTOR" duration="00:00:00.0280000" startTime="2018-07-16T17:13:52.6084536-04:00" endTime="2018-07-16T17:13:52.6084610-04:00" testType="13cdc9d9-ddb5-4fa4-a97d-d965ccfc6d4b" outcome="Passed" testListId="8c84fa94-04c1-424b-9868-57a2d4851a1d" relativeResultsDirectory="a5ad2589-5de1-43bc-a97a-0aa62aae2e69" /><UnitTestResult executionId="9afc347f-d475-4391-8d5d-2f2fc2d3c528" testId="5cc1eddd-1d7a-428a-9257-660003cc335d" testName="Post_CanCreateNewModel" computerName="VECTOR" duration="00:00:00.0170000" startTime="2018-07-16T17:14:05.0664688-04:00" endTime="2018-07-16T17:14:05.0664756-04:00" testType="13cdc9d9-ddb5-4fa4-a97d-d965ccfc6d4b" outcome="Passed" testListId="8c84fa94-04c1-424b-9868-57a2d4851a1d" relativeResultsDirectory="9afc347f-d475-4391-8d5d-2f2fc2d3c528" /><UnitTestResult executionId="efb34f50-86f0-41fd-bd10-a5f243e50b86" testId="e26d9f5f-de4c-4b02-b4fa-df9bf50784f9" testName="Patch_MultipleInvalidReferencePropertiesReturnsMultipleValidationErrorsAndBadRequest" computerName="VECTOR" duration="00:00:00.0170000" startTime="2018-07-16T17:13:53.4044809-04:00" endTime="2018-07-16T17:13:53.4044858-04:00" testType="13cdc9d9-ddb5-4fa4-a97d-d965ccfc6d4b" outcome="Passed" testListId="8c84fa94-04c1-424b-9868-57a2d4851a1d" relativeResultsDirectory="efb34f50-86f0-41fd-bd10-a5f243e50b86" /><UnitTestResult executionId="c80e6443-9522-4a76-bafc-1dca9cd4c3f6" testId="28c5f5f5-5560-4771-9b7b-91729ba19783" testName="Post_InvalidReferencePropertyReturnsBadRequest" computerName="VECTOR" duration="00:00:00.0050000" startTime="2018-07-16T17:13:57.0189015-04:00" endTime="2018-07-16T17:13:57.0189043-04:00" testType="13cdc9d9-ddb5-4fa4-a97d-d965ccfc6d4b" outcome="Passed" testListId="8c84fa94-04c1-424b-9868-57a2d4851a1d" relativeResultsDirectory="c80e6443-9522-4a76-bafc-1dca9cd4c3f6" /><UnitTestResult executionId="bf8e10e1-8f86-42e0-9efe-c48b5fd5fa8c" testId="7848d9b6-a733-46ab-933a-aff7454e8bd8" testName="Put_InvalidReferencePropertyReturndBadRequest" computerName="VECTOR" duration="00:00:00.0160000" startTime="2018-07-16T17:13:57.0842567-04:00" endTime="2018-07-16T17:13:57.0842635-04:00" testType="13cdc9d9-ddb5-4fa4-a97d-d965ccfc6d4b" outcome="Passed" testListId="8c84fa94-04c1-424b-9868-57a2d4851a1d" relativeResultsDirectory="bf8e10e1-8f86-42e0-9efe-c48b5fd5fa8c" /><UnitTestResult executionId="29c76b19-d4c9-48e4-8142-a0bcb724c0cd" testId="5880ac07-d9bf-4e75-82f0-243180aff511" testName="Patch_InvalidPropertyNameReturnsBadRequest" computerName="VECTOR" duration="00:00:00.4480000" startTime="2018-07-16T17:13:52.2409911-04:00" endTime="2018-07-16T17:13:52.2409979-04:00" testType="13cdc9d9-ddb5-4fa4-a97d-d965ccfc6d4b" outcome="Passed" testListId="8c84fa94-04c1-424b-9868-57a2d4851a1d" relativeResultsDirectory="29c76b19-d4c9-48e4-8142-a0bcb724c0cd" /><UnitTestResult executionId="e2e99e36-e27d-497e-8d01-02f4278a7ff7" testId="d940241e-0a94-4d9f-a5cc-3ed1942378ba" testName="Put_InvalidIdReturnsNotFound" computerName="VECTOR" duration="00:00:00.0080000" startTime="2018-07-16T17:14:07.3544264-04:00" endTime="2018-07-16T17:14:07.3544332-04:00" testType="13cdc9d9-ddb5-4fa4-a97d-d965ccfc6d4b" outcome="Passed" testListId="8c84fa94-04c1-424b-9868-57a2d4851a1d" relativeResultsDirectory="e2e99e36-e27d-497e-8d01-02f4278a7ff7" /><UnitTestResult executionId="778d2fda-81db-427b-904c-6f8810e88c8b" testId="fbbea913-5e04-499d-b3da-f8ab7b4ffde6" testName="Put_CanUpdateModel" computerName="VECTOR" duration="00:00:00.0810000" startTime="2018-07-16T17:13:53.2218441-04:00" endTime="2018-07-16T17:13:53.2218506-04:00" testType="13cdc9d9-ddb5-4fa4-a97d-d965ccfc6d4b" outcome="Passed" testListId="8c84fa94-04c1-424b-9868-57a2d4851a1d" relativeResultsDirectory="778d2fda-81db-427b-904c-6f8810e88c8b" /><UnitTestResult executionId="593a896c-70a1-49db-96f2-fbc33c6d5d9a" testId="1fc7c528-d7d8-41f7-a2c0-60168588f1f9" testName="Patch_InvalidIdPropertyReturnsNotFound" computerName="VECTOR" duration="00:00:00.0030000" startTime="2018-07-16T17:13:57.0103200-04:00" endTime="2018-07-16T17:13:57.0103223-04:00" testType="13cdc9d9-ddb5-4fa4-a97d-d965ccfc6d4b" outcome="Passed" testListId="8c84fa94-04c1-424b-9868-57a2d4851a1d" relativeResultsDirectory="593a896c-70a1-49db-96f2-fbc33c6d5d9a" /><UnitTestResult executionId="67f38bcd-f158-4210-9e5a-f2d17a3b1668" testId="b2278070-8d98-4b79-ae45-a7c05e1279f8" testName="LucyModel3dHasTwoDependents" computerName="VECTOR" duration="00:00:01.2360000" startTime="2018-07-16T17:13:51.7701706-04:00" endTime="2018-07-16T17:13:51.7701769-04:00" testType="13cdc9d9-ddb5-4fa4-a97d-d965ccfc6d4b" outcome="Passed" testListId="8c84fa94-04c1-424b-9868-57a2d4851a1d" relativeResultsDirectory="67f38bcd-f158-4210-9e5a-f2d17a3b1668" /><UnitTestResult executionId="865db69b-6fe2-405e-839d-a984569a1ffd" testId="47caf586-423d-46c2-815a-2fdbc971f888" testName="FileRequest_MeshIsInvalidatedAfterDepthBufferFileBecomesUnsynchronized" computerName="VECTOR" duration="00:00:01.6500000" startTime="2018-07-16T17:13:58.8138391-04:00" endTime="2018-07-16T17:13:58.8138456-04:00" testType="13cdc9d9-ddb5-4fa4-a97d-d965ccfc6d4b" outcome="Passed" testListId="8c84fa94-04c1-424b-9868-57a2d4851a1d" relativeResultsDirectory="865db69b-6fe2-405e-839d-a984569a1ffd" /><UnitTestResult executionId="d08dd9b7-ecf0-42cd-b4f0-2262d54bbe16" testId="de715835-156b-422c-9de9-17de3e2350b3" testName="Put_InvalidIdReturnsNotFound" computerName="VECTOR" duration="00:00:00.0080000" startTime="2018-07-16T17:14:05.2871867-04:00" endTime="2018-07-16T17:14:05.2871910-04:00" testType="13cdc9d9-ddb5-4fa4-a97d-d965ccfc6d4b" outcome="Passed" testListId="8c84fa94-04c1-424b-9868-57a2d4851a1d" relativeResultsDirectory="d08dd9b7-ecf0-42cd-b4f0-2262d54bbe16" /><UnitTestResult executionId="4ceb30d2-82dd-483a-ad38-5c404d8d88ac" testId="b4249a49-9b13-48c0-8bc5-5cca9be12e22" testName="PutFile_NewFileCanBePut" computerName="VECTOR" duration="00:00:00.0740000" startTime="2018-07-16T17:14:07.1462915-04:00" endTime="2018-07-16T17:14:07.1462954-04:00" testType="13cdc9d9-ddb5-4fa4-a97d-d965ccfc6d4b" outcome="Passed" testListId="8c84fa94-04c1-424b-9868-57a2d4851a1d" relativeResultsDirectory="4ceb30d2-82dd-483a-ad38-5c404d8d88ac" /><UnitTestResult executionId="7063050a-3db3-49c6-a07b-c3e9bdf1c3a7" testId="535df148-a9f5-4fd0-8cd1-7a1d3fee596a" testName="Patch_ValidReferencePropertyUpdatesModel" computerName="VECTOR" duration="00:00:00.0040000" startTime="2018-07-16T17:13:51.7922450-04:00" endTime="2018-07-16T17:13:51.7922475-04:00" testType="13cdc9d9-ddb5-4fa4-a97d-d965ccfc6d4b" outcome="Passed" testListId="8c84fa94-04c1-424b-9868-57a2d4851a1d" relativeResultsDirectory="7063050a-3db3-49c6-a07b-c3e9bdf1c3a7" /><UnitTestResult executionId="907db0d1-8690-45cb-936f-0d541138d17c" testId="09c01ddd-aec3-4296-b6f1-dc8590e70a0d" testName="Patch_InvalidReferencePropertyReturnsBadRequest" computerName="VECTOR" duration="00:00:00.0090000" startTime="2018-07-16T17:14:05.2560480-04:00" endTime="2018-07-16T17:14:05.2560517-04:00" testType="13cdc9d9-ddb5-4fa4-a97d-d965ccfc6d4b" outcome="Passed" testListId="8c84fa94-04c1-424b-9868-57a2d4851a1d" relativeResultsDirectory="907db0d1-8690-45cb-936f-0d541138d17c" /><UnitTestResult executionId="baf78a85-0756-4638-b1e6-9fbd67ef86f8" testId="1facc7ac-2639-4258-987e-e91811f93bc1" testName="Put_InvalidReferencePropertyReturndBadRequest" computerName="VECTOR" duration="00:00:00.0120000" startTime="2018-07-16T17:13:54.6954289-04:00" endTime="2018-07-16T17:13:54.6954337-04:00" testType="13cdc9d9-ddb5-4fa4-a97d-d965ccfc6d4b" outcome="Passed" testListId="8c84fa94-04c1-424b-9868-57a2d4851a1d" relativeResultsDirectory="baf78a85-0756-4638-b1e6-9fbd67ef86f8" /><UnitTestResult executionId="8d840c96-c126-49c0-8218-23753f6096d3" testId="ceabff84-b918-44d2-9024-791d2b46ca96" testName="LucyCameraFindsAllDependents" computerName="VECTOR" duration="00:00:00.0080000" startTime="2018-07-16T17:13:51.7784375-04:00" endTime="2018-07-16T17:13:51.7784418-04:00" testType="13cdc9d9-ddb5-4fa4-a97d-d965ccfc6d4b" outcome="Passed" testListId="8c84fa94-04c1-424b-9868-57a2d4851a1d" relativeResultsDirectory="8d840c96-c126-49c0-8218-23753f6096d3" /><UnitTestResult executionId="b419c48d-b420-4c45-861b-a9f00a80bba4" testId="aadc3952-6a61-4bb2-8ba2-735ba4458754" testName="GetSingle_InvalidIdPropertyValueReturnsNotFound" computerName="VECTOR" duration="00:00:00.0040000" startTime="2018-07-16T17:14:07.4061036-04:00" endTime="2018-07-16T17:14:07.4061064-04:00" testType="13cdc9d9-ddb5-4fa4-a97d-d965ccfc6d4b" outcome="Passed" testListId="8c84fa94-04c1-424b-9868-57a2d4851a1d" relativeResultsDirectory="b419c48d-b420-4c45-861b-a9f00a80bba4" /><UnitTestResult executionId="21afd15c-1b8a-4b06-87f4-2c9630378e34" testId="710c18fe-0915-4169-8c17-b74e68442d89" testName="GetSingle_ValidIdPropertyValueReturnsCorrectModel" computerName="VECTOR" duration="00:00:00.0070000" startTime="2018-07-16T17:13:57.0684016-04:00" endTime="2018-07-16T17:13:57.0684044-04:00" testType="13cdc9d9-ddb5-4fa4-a97d-d965ccfc6d4b" outcome="Passed" testListId="8c84fa94-04c1-424b-9868-57a2d4851a1d" relativeResultsDirectory="21afd15c-1b8a-4b06-87f4-2c9630378e34" /><UnitTestResult executionId="18d1bd0a-9bcc-4e3e-8efe-47c158bf363b" testId="1753a898-f160-46d0-9da0-ec7088ee8589" testName="FileRequest_MeshGenerateSetsFileIsSynchronized" computerName="VECTOR" duration="00:00:02.1600000" startTime="2018-07-16T17:14:02.3813059-04:00" endTime="2018-07-16T17:14:02.3813135-04:00" testType="13cdc9d9-ddb5-4fa4-a97d-d965ccfc6d4b" outcome="Passed" testListId="8c84fa94-04c1-424b-9868-57a2d4851a1d" relativeResultsDirectory="18d1bd0a-9bcc-4e3e-8efe-47c158bf363b" /><UnitTestResult executionId="5a9ea933-f3e9-4e4d-b653-24e4eb1cd8d7" testId="62714ac0-8a29-46a9-a222-45d95c7ba93c" testName="GetFile_ExistingFileReturnsSuccess" computerName="VECTOR" duration="00:00:00.0170000" startTime="2018-07-16T17:13:59.0194601-04:00" endTime="2018-07-16T17:13:59.0194677-04:00" testType="13cdc9d9-ddb5-4fa4-a97d-d965ccfc6d4b" outcome="Passed" testListId="8c84fa94-04c1-424b-9868-57a2d4851a1d" relativeResultsDirectory="5a9ea933-f3e9-4e4d-b653-24e4eb1cd8d7" /><UnitTestResult executionId="71a65043-2ead-47b8-bcf8-cf029421533f" testId="4675255e-893e-44b7-a3e3-f1043e08519b" testName="Delete_TargetModelIsDeleted" computerName="VECTOR" duration="00:00:00.0130000" startTime="2018-07-16T17:13:53.5292478-04:00" endTime="2018-07-16T17:13:53.5292529-04:00" testType="13cdc9d9-ddb5-4fa4-a97d-d965ccfc6d4b" outcome="Passed" testListId="8c84fa94-04c1-424b-9868-57a2d4851a1d" relativeResultsDirectory="71a65043-2ead-47b8-bcf8-cf029421533f" /><UnitTestResult executionId="c40e526e-5474-4ebb-ac71-e2d2d7ab09ad" testId="11e9a09b-a725-47eb-8629-d682df8fa5b2" testName="Patch_TargetPropertyIsUpdated" computerName="VECTOR" duration="00:00:00.0410000" startTime="2018-07-16T17:14:07.6939907-04:00" endTime="2018-07-16T17:14:07.6939967-04:00" testType="13cdc9d9-ddb5-4fa4-a97d-d965ccfc6d4b" outcome="Passed" testListId="8c84fa94-04c1-424b-9868-57a2d4851a1d" relativeResultsDirectory="c40e526e-5474-4ebb-ac71-e2d2d7ab09ad" /><UnitTestResult executionId="e4f17e76-8e9e-4c48-bf95-289d5c7fe0e8" testId="47029da7-d8f0-4f1d-aea7-cb21db846bff" testName="Put_ValidReferencePropertyUpdatesModel" computerName="VECTOR" duration="00:00:00.0390000" startTime="2018-07-16T17:13:56.9436244-04:00" endTime="2018-07-16T17:13:56.9436301-04:00" testType="13cdc9d9-ddb5-4fa4-a97d-d965ccfc6d4b" outcome="Passed" testListId="8c84fa94-04c1-424b-9868-57a2d4851a1d" relativeResultsDirectory="e4f17e76-8e9e-4c48-bf95-289d5c7fe0e8" /><UnitTestResult executionId="149cda4c-1122-4502-b10a-06bf619ea803" testId="4b2da3f0-7778-4902-87ae-c4dd49723f61" testName="GetFile_NonExistentFileReturnsNotFound" computerName="VECTOR" duration="00:00:00.0030000" startTime="2018-07-16T17:14:07.0720437-04:00" endTime="2018-07-16T17:14:07.0720472-04:00" testType="13cdc9d9-ddb5-4fa4-a97d-d965ccfc6d4b" outcome="Passed" testListId="8c84fa94-04c1-424b-9868-57a2d4851a1d" relativeResultsDirectory="149cda4c-1122-4502-b10a-06bf619ea803" /><UnitTestResult executionId="44c6dc7d-b8c9-45eb-971a-d056e35640f5" testId="2ffe0bc4-d7a2-40f5-b631-0c693812ef50" testName="GetList_ListReturnsCorrectCount" computerName="VECTOR" duration="00:00:00.5410000" startTime="2018-07-16T17:13:55.3782027-04:00" endTime="2018-07-16T17:13:55.3782089-04:00" testType="13cdc9d9-ddb5-4fa4-a97d-d965ccfc6d4b" outcome="Passed" testListId="8c84fa94-04c1-424b-9868-57a2d4851a1d" relativeResultsDirectory="44c6dc7d-b8c9-45eb-971a-d056e35640f5" /><UnitTestResult executionId="ac91e9fd-fbe5-407e-9d69-2cba7cf40cf0" testId="1f47bc19-90bf-41d4-b598-38b38a10df56" testName="Post_InvalidReferencePropertyReturnsBadRequest" computerName="VECTOR" duration="00:00:00.0040000" startTime="2018-07-16T17:13:54.8356128-04:00" endTime="2018-07-16T17:13:54.8356171-04:00" testType="13cdc9d9-ddb5-4fa4-a97d-d965ccfc6d4b" outcome="Passed" testListId="8c84fa94-04c1-424b-9868-57a2d4851a1d" relativeResultsDirectory="ac91e9fd-fbe5-407e-9d69-2cba7cf40cf0" /><UnitTestResult executionId="03f03075-e8bf-4a57-81b6-76cf21458440" testId="a49ae516-2a5e-4d33-bad3-40b0e2029948" testName="Post_CanCreateNewModel" computerName="VECTOR" duration="00:00:00.0140000" startTime="2018-07-16T17:13:54.5536907-04:00" endTime="2018-07-16T17:13:54.5536949-04:00" testType="13cdc9d9-ddb5-4fa4-a97d-d965ccfc6d4b" outcome="Passed" testListId="8c84fa94-04c1-424b-9868-57a2d4851a1d" relativeResultsDirectory="03f03075-e8bf-4a57-81b6-76cf21458440" /><UnitTestResult executionId="dfca05c2-8441-4db6-ac06-2da5b5351d19" testId="b44a4eab-aa86-4632-9a2c-8d5274b44149" testName="GetSingle_ValidIdPropertyValueReturnsCorrectModel" computerName="VECTOR" duration="00:00:00.0040000" startTime="2018-07-16T17:13:54.8312068-04:00" endTime="2018-07-16T17:13:54.8312094-04:00" testType="13cdc9d9-ddb5-4fa4-a97d-d965ccfc6d4b" outcome="Passed" testListId="8c84fa94-04c1-424b-9868-57a2d4851a1d" relativeResultsDirectory="dfca05c2-8441-4db6-ac06-2da5b5351d19" /><UnitTestResult executionId="e1fff70a-2347-4e5f-bde5-864d0f1f14e3" testId="2068dc35-72b5-4b3b-a732-848404603258" testName="Put_ValidReferencePropertyUpdatesModel" computerName="VECTOR" duration="00:00:00.0680000" startTime="2018-07-16T17:13:54.6693073-04:00" endTime="2018-07-16T17:13:54.6693136-04:00" testType="13cdc9d9-ddb5-4fa4-a97d-d965ccfc6d4b" outcome="Passed" testListId="8c84fa94-04c1-424b-9868-57a2d4851a1d" relativeResultsDirectory="e1fff70a-2347-4e5f-bde5-864d0f1f14e3" /><UnitTestResult executionId="4a9df853-beff-470c-9861-4625c430e0e5" testId="98c1450c-5a67-42b1-8273-5151b3123beb" testName="Delete_TargetModelIsDeleted" computerName="VECTOR" duration="00:00:00.1100000" startTime="2018-07-16T17:13:54.5238647-04:00" endTime="2018-07-16T17:13:54.5238707-04:00" testType="13cdc9d9-ddb5-4fa4-a97d-d965ccfc6d4b" outcome="Passed" testListId="8c84fa94-04c1-424b-9868-57a2d4851a1d" relativeResultsDirectory="4a9df853-beff-470c-9861-4625c430e0e5" /><UnitTestResult executionId="78e50166-2f0f-4c59-bad7-70a5efc3a75b" testId="2e935ae0-c667-4729-b515-48ff8a13a420" testName="GetSingle_InvalidIdPropertyValueReturnsNotFound" computerName="VECTOR" duration="00:00:00.0030000" startTime="2018-07-16T17:13:54.8265694-04:00" endTime="2018-07-16T17:13:54.8265736-04:00" testType="13cdc9d9-ddb5-4fa4-a97d-d965ccfc6d4b" outcome="Passed" testListId="8c84fa94-04c1-424b-9868-57a2d4851a1d" relativeResultsDirectory="78e50166-2f0f-4c59-bad7-70a5efc3a75b" /><UnitTestResult executionId="b3cf57f4-f437-42ce-8aca-d59c655f117a" testId="c448d2a5-96ac-42b5-86ac-8b376f03b13c" testName="Post_CanCreateNewModel" computerName="VECTOR" duration="00:00:00.0110000" startTime="2018-07-16T17:14:07.3459648-04:00" endTime="2018-07-16T17:14:07.3459702-04:00" testType="13cdc9d9-ddb5-4fa4-a97d-d965ccfc6d4b" outcome="Passed" testListId="8c84fa94-04c1-424b-9868-57a2d4851a1d" relativeResultsDirectory="b3cf57f4-f437-42ce-8aca-d59c655f117a" /><UnitTestResult executionId="190d20dc-0b58-4b1a-aa55-1dc456e7df14" testId="ea469f05-e208-42ec-86e3-aeabae7d7926" testName="Put_ValidReferencePropertyUpdatesModel" computerName="VECTOR" duration="00:00:00.1430000" startTime="2018-07-16T17:14:05.2470159-04:00" endTime="2018-07-16T17:14:05.2470221-04:00" testType="13cdc9d9-ddb5-4fa4-a97d-d965ccfc6d4b" outcome="Passed" testListId="8c84fa94-04c1-424b-9868-57a2d4851a1d" relativeResultsDirectory="190d20dc-0b58-4b1a-aa55-1dc456e7df14" /><UnitTestResult executionId="443363b6-4d86-41bf-9940-158a25b3cc87" testId="e37592bf-1203-462e-b216-75bfecf8571a" testName="PutFile_NewFileCanBePut" computerName="VECTOR" duration="00:00:00.0650000" startTime="2018-07-16T17:13:57.1634816-04:00" endTime="2018-07-16T17:13:57.1634862-04:00" testType="13cdc9d9-ddb5-4fa4-a97d-d965ccfc6d4b" outcome="Passed" testListId="8c84fa94-04c1-424b-9868-57a2d4851a1d" relativeResultsDirectory="443363b6-4d86-41bf-9940-158a25b3cc87" /><UnitTestResult executionId="b1738cc3-b2b2-4293-9417-fdbdb1d930c1" testId="1f5ef424-322b-4e1c-8ebf-67c139e937ab" testName="PostFile_FileTimeStampIsUpdatedAfterFileIsPosted" computerName="VECTOR" duration="00:00:00.0010000" startTime="2018-07-16T17:13:53.5483466-04:00" endTime="2018-07-16T17:13:53.5483492-04:00" testType="13cdc9d9-ddb5-4fa4-a97d-d965ccfc6d4b" outcome="Passed" testListId="8c84fa94-04c1-424b-9868-57a2d4851a1d" relativeResultsDirectory="b1738cc3-b2b2-4293-9417-fdbdb1d930c1" /><UnitTestResult executionId="a18b3fa3-f74c-44bf-a2b5-a5761b89fe83" testId="1aa3007b-2410-4948-a42c-17b2039f34f0" testName="Patch_InvalidPropertyNameReturnsBadRequest" computerName="VECTOR" duration="00:00:00.0050000" startTime="2018-07-16T17:13:53.2889916-04:00" endTime="2018-07-16T17:13:53.2889942-04:00" testType="13cdc9d9-ddb5-4fa4-a97d-d965ccfc6d4b" outcome="Passed" testListId="8c84fa94-04c1-424b-9868-57a2d4851a1d" relativeResultsDirectory="a18b3fa3-f74c-44bf-a2b5-a5761b89fe83" /><UnitTestResult executionId="0a038716-2e10-4ae6-8414-b6f563a2604d" testId="c782fd37-d296-4c05-934f-fac3d591c8dc" testName="Patch_TargetPropertyIsUpdated" computerName="VECTOR" duration="00:00:00.0640000" startTime="2018-07-16T17:13:52.5585888-04:00" endTime="2018-07-16T17:13:52.5585951-04:00" testType="13cdc9d9-ddb5-4fa4-a97d-d965ccfc6d4b" outcome="Passed" testListId="8c84fa94-04c1-424b-9868-57a2d4851a1d" relativeResultsDirectory="0a038716-2e10-4ae6-8414-b6f563a2604d" /><UnitTestResult executionId="29208f06-38d8-4a1e-b720-09f2c3205633" testId="fcde47f9-ce0b-4e83-9b1f-e2e2f365065b" testName="Patch_InvalidEnumPropertyValueReturnsBadRequest" computerName="VECTOR" duration="00:00:00.0010000" startTime="2018-07-16T17:13:54.7007850-04:00" endTime="2018-07-16T17:13:54.7007875-04:00" testType="13cdc9d9-ddb5-4fa4-a97d-d965ccfc6d4b" outcome="Passed" testListId="8c84fa94-04c1-424b-9868-57a2d4851a1d" relativeResultsDirectory="29208f06-38d8-4a1e-b720-09f2c3205633" /><UnitTestResult executionId="749ff232-68e7-41df-a8f1-8ecc27913826" testId="be87b162-8033-498f-afb4-5ec9f7549007" testName="MeshTransformHasExpectedDependentFiles" computerName="VECTOR" duration="00:00:00.0010000" startTime="2018-07-16T17:13:51.7789942-04:00" endTime="2018-07-16T17:13:51.7789950-04:00" testType="13cdc9d9-ddb5-4fa4-a97d-d965ccfc6d4b" outcome="Passed" testListId="8c84fa94-04c1-424b-9868-57a2d4851a1d" relativeResultsDirectory="749ff232-68e7-41df-a8f1-8ecc27913826" /><UnitTestResult executionId="02ed671c-a597-4d27-b9b8-1f096942c47b" testId="00f4782c-75b5-4d56-b883-9898aff4db3b" testName="Patch_MultipleInvalidReferencePropertiesReturnsMultipleValidationErrorsAndBadRequest" computerName="VECTOR" duration="00:00:00.0160000" startTime="2018-07-16T17:13:57.0354568-04:00" endTime="2018-07-16T17:13:57.0354625-04:00" testType="13cdc9d9-ddb5-4fa4-a97d-d965ccfc6d4b" outcome="Passed" testListId="8c84fa94-04c1-424b-9868-57a2d4851a1d" relativeResultsDirectory="02ed671c-a597-4d27-b9b8-1f096942c47b" /><UnitTestResult executionId="5ddc0fe3-4e66-4425-8247-a2a291402234" testId="12dda1cf-c079-4ac6-85bf-eb7bf236fa78" testName="Patch_InvalidReferencePropertyReturnsBadRequest" computerName="VECTOR" duration="00:00:00.0110000" startTime="2018-07-16T17:13:57.0027238-04:00" endTime="2018-07-16T17:13:57.0027286-04:00" testType="13cdc9d9-ddb5-4fa4-a97d-d965ccfc6d4b" outcome="Passed" testListId="8c84fa94-04c1-424b-9868-57a2d4851a1d" relativeResultsDirectory="5ddc0fe3-4e66-4425-8247-a2a291402234" /><UnitTestResult executionId="93a416ad-bf9b-47a2-93a3-2a3072798530" testId="410682bd-425b-43bd-8d38-c09eab621b8b" testName="Post_InvalidPropertyValueReturnsBadRequest" computerName="VECTOR" duration="00:00:00.0020000" startTime="2018-07-16T17:13:57.0867171-04:00" endTime="2018-07-16T17:13:57.0867200-04:00" testType="13cdc9d9-ddb5-4fa4-a97d-d965ccfc6d4b" outcome="Passed" testListId="8c84fa94-04c1-424b-9868-57a2d4851a1d" relativeResultsDirectory="93a416ad-bf9b-47a2-93a3-2a3072798530" /><UnitTestResult executionId="770360d5-2958-4a6d-9539-93c857e658e1" testId="aeca09b2-9845-491f-adaa-eac03e9ffd39" testName="Patch_InvalidEnumPropertyValueReturnsBadRequest" computerName="VECTOR" duration="00:00:00.0180000" startTime="2018-07-16T17:14:04.7531025-04:00" endTime="2018-07-16T17:14:04.7531108-04:00" testType="13cdc9d9-ddb5-4fa4-a97d-d965ccfc6d4b" outcome="Passed" testListId="8c84fa94-04c1-424b-9868-57a2d4851a1d" relativeResultsDirectory="770360d5-2958-4a6d-9539-93c857e658e1" /><UnitTestResult executionId="a88a451e-b055-40a2-a9d4-ca6dfc604321" testId="a11bfe1d-bdf5-449a-92b2-9411d2fecea9" testName="Delete_TargetModelIsDeleted" computerName="VECTOR" duration="00:00:00.0230000" startTime="2018-07-16T17:14:05.0394867-04:00" endTime="2018-07-16T17:14:05.0394967-04:00" testType="13cdc9d9-ddb5-4fa4-a97d-d965ccfc6d4b" outcome="Passed" testListId="8c84fa94-04c1-424b-9868-57a2d4851a1d" relativeResultsDirectory="a88a451e-b055-40a2-a9d4-ca6dfc604321" /><UnitTestResult executionId="26a65e47-1897-49c2-b3a1-7dcd45caac56" testId="72c5dae0-e9f7-4c62-abb4-97e2757f49a8" testName="Post_CanCreateNewModel" computerName="VECTOR" duration="00:00:00.0110000" startTime="2018-07-16T17:13:52.5803706-04:00" endTime="2018-07-16T17:13:52.5803749-04:00" testType="13cdc9d9-ddb5-4fa4-a97d-d965ccfc6d4b" outcome="Passed" testListId="8c84fa94-04c1-424b-9868-57a2d4851a1d" relativeResultsDirectory="26a65e47-1897-49c2-b3a1-7dcd45caac56" /><UnitTestResult executionId="d0f89cf3-7c9e-44e3-86da-89e737327d46" testId="b561be1e-e227-4e18-b1cc-bdc66f025b65" testName="Post_ValidReferencePropertyCreatesModel" computerName="VECTOR" duration="00:00:00.0110000" startTime="2018-07-16T17:14:05.3357328-04:00" endTime="2018-07-16T17:14:05.3357388-04:00" testType="13cdc9d9-ddb5-4fa4-a97d-d965ccfc6d4b" outcome="Passed" testListId="8c84fa94-04c1-424b-9868-57a2d4851a1d" relativeResultsDirectory="d0f89cf3-7c9e-44e3-86da-89e737327d46" /><UnitTestResult executionId="1732ab8b-462b-4518-b6f2-234e62150c5a" testId="0ea9248c-8bf8-4089-a429-224bb2a9a98a" testName="Put_CanUpdateModel" computerName="VECTOR" duration="00:00:00.0360000" startTime="2018-07-16T17:13:52.6582355-04:00" endTime="2018-07-16T17:13:52.6582423-04:00" testType="13cdc9d9-ddb5-4fa4-a97d-d965ccfc6d4b" outcome="Passed" testListId="8c84fa94-04c1-424b-9868-57a2d4851a1d" relativeResultsDirectory="1732ab8b-462b-4518-b6f2-234e62150c5a" /><UnitTestResult executionId="54630f2f-af39-4f1e-b3f9-683e45fe0553" testId="47d1a5d9-d129-4984-bf9e-de0b67d4042f" testName="GetList_ListReturnsCorrectCount" computerName="VECTOR" duration="00:00:00.0340000" startTime="2018-07-16T17:14:07.4019010-04:00" endTime="2018-07-16T17:14:07.4019070-04:00" testType="13cdc9d9-ddb5-4fa4-a97d-d965ccfc6d4b" outcome="Passed" testListId="8c84fa94-04c1-424b-9868-57a2d4851a1d" relativeResultsDirectory="54630f2f-af39-4f1e-b3f9-683e45fe0553" /><UnitTestResult executionId="a85be5ec-6ee0-4cd9-8da1-e01981ef9e70" testId="d873cfce-8dd3-47ad-931d-f7562273a891" testName="Delete_TargetModelIsDeleted" computerName="VECTOR" duration="00:00:00.0130000" startTime="2018-07-16T17:14:07.3673236-04:00" endTime="2018-07-16T17:14:07.3673284-04:00" testType="13cdc9d9-ddb5-4fa4-a97d-d965ccfc6d4b" outcome="Passed" testListId="8c84fa94-04c1-424b-9868-57a2d4851a1d" relativeResultsDirectory="a85be5ec-6ee0-4cd9-8da1-e01981ef9e70" /><UnitTestResult executionId="53b65507-d91c-4d44-a505-7543372af4d6" testId="2c7da6cd-e440-47d2-99e4-4bda5885f605" testName="Patch_InvalidReferencePropertyReturnsBadRequest" computerName="VECTOR" duration="00:00:00.0130000" startTime="2018-07-16T17:14:07.5867657-04:00" endTime="2018-07-16T17:14:07.5867734-04:00" testType="13cdc9d9-ddb5-4fa4-a97d-d965ccfc6d4b" outcome="Passed" testListId="8c84fa94-04c1-424b-9868-57a2d4851a1d" relativeResultsDirectory="53b65507-d91c-4d44-a505-7543372af4d6" /><UnitTestResult executionId="16662c1b-2258-4f5c-a007-8022a7668700" testId="7bef8d59-f66f-4cef-a50c-e88088aada15" testName="Delete_TargetModelIsDeleted" computerName="VECTOR" duration="00:00:00.2490000" startTime="2018-07-16T17:13:52.4940509-04:00" endTime="2018-07-16T17:13:52.4940572-04:00" testType="13cdc9d9-ddb5-4fa4-a97d-d965ccfc6d4b" outcome="Passed" testListId="8c84fa94-04c1-424b-9868-57a2d4851a1d" relativeResultsDirectory="16662c1b-2258-4f5c-a007-8022a7668700" /><UnitTestResult executionId="fc8fb211-4ec8-4cd9-a016-12c4c3f9f847" testId="182d7f81-9a51-4f41-9eef-117078b59b8f" testName="GetSingle_ValidIdPropertyValueReturnsCorrectModel" computerName="VECTOR" duration="00:00:00.0050000" startTime="2018-07-16T17:14:05.2786746-04:00" endTime="2018-07-16T17:14:05.2786777-04:00" testType="13cdc9d9-ddb5-4fa4-a97d-d965ccfc6d4b" outcome="Passed" testListId="8c84fa94-04c1-424b-9868-57a2d4851a1d" relativeResultsDirectory="fc8fb211-4ec8-4cd9-a016-12c4c3f9f847" /><UnitTestResult executionId="6b371d21-b2fe-4c24-9626-419b2c08d6d3" testId="84492f0e-67a0-4108-8237-7c5a7bb26b8c" testName="Put_CanUpdateModel" computerName="VECTOR" duration="00:00:00.0320000" startTime="2018-07-16T17:14:05.3679288-04:00" endTime="2018-07-16T17:14:05.3679351-04:00" testType="13cdc9d9-ddb5-4fa4-a97d-d965ccfc6d4b" outcome="Passed" testListId="8c84fa94-04c1-424b-9868-57a2d4851a1d" relativeResultsDirectory="6b371d21-b2fe-4c24-9626-419b2c08d6d3" /><UnitTestResult executionId="57bcb006-a5e1-4ed3-b368-6028269b5a6f" testId="1dd86015-2e1e-4cd0-9a25-b39b19fb0875" testName="Post_InvalidReferencePropertyReturnsBadRequest" computerName="VECTOR" duration="00:00:00.0010000" startTime="2018-07-16T17:13:52.2446313-04:00" endTime="2018-07-16T17:13:52.2446339-04:00" testType="13cdc9d9-ddb5-4fa4-a97d-d965ccfc6d4b" outcome="Passed" testListId="8c84fa94-04c1-424b-9868-57a2d4851a1d" relativeResultsDirectory="57bcb006-a5e1-4ed3-b368-6028269b5a6f" /><UnitTestResult executionId="6e28e8ec-6438-463f-bb63-54c1807055ec" testId="08978772-a8bb-4a29-9ee2-fe2eed9b8999" testName="Patch_ValidReferencePropertyUpdatesModel" computerName="VECTOR" duration="00:00:00.0310000" startTime="2018-07-16T17:14:05.3207508-04:00" endTime="2018-07-16T17:14:05.3207573-04:00" testType="13cdc9d9-ddb5-4fa4-a97d-d965ccfc6d4b" outcome="Passed" testListId="8c84fa94-04c1-424b-9868-57a2d4851a1d" relativeResultsDirectory="6e28e8ec-6438-463f-bb63-54c1807055ec" /><UnitTestResult executionId="5fe865a6-8039-43cf-87dc-0e1818b96d36" testId="f9b43018-afbf-4fcc-9b63-6e6704fb878e" testName="Post_CanCreateNewModel" computerName="VECTOR" duration="00:00:00.0110000" startTime="2018-07-16T17:13:56.9912051-04:00" endTime="2018-07-16T17:13:56.9912088-04:00" testType="13cdc9d9-ddb5-4fa4-a97d-d965ccfc6d4b" outcome="Passed" testListId="8c84fa94-04c1-424b-9868-57a2d4851a1d" relativeResultsDirectory="5fe865a6-8039-43cf-87dc-0e1818b96d36" /><UnitTestResult executionId="75171682-0b6d-43ce-8741-44ea775bbe72" testId="40dd55b1-77c3-47f9-bac2-75564afb6b1e" testName="Patch_InvalidIdPropertyReturnsNotFound" computerName="VECTOR" duration="00:00:00.0040000" startTime="2018-07-16T17:13:53.3723588-04:00" endTime="2018-07-16T17:13:53.3723622-04:00" testType="13cdc9d9-ddb5-4fa4-a97d-d965ccfc6d4b" outcome="Passed" testListId="8c84fa94-04c1-424b-9868-57a2d4851a1d" relativeResultsDirectory="75171682-0b6d-43ce-8741-44ea775bbe72" /><UnitTestResult executionId="985c6443-525f-423c-96e7-ee5332035b49" testId="a9d4ec8a-0f88-47d8-a47e-37cade878df5" testName="Post_InvalidPropertyValueReturnsBadRequest" computerName="VECTOR" duration="00:00:00.0030000" startTime="2018-07-16T17:13:53.2927080-04:00" endTime="2018-07-16T17:13:53.2927109-04:00" testType="13cdc9d9-ddb5-4fa4-a97d-d965ccfc6d4b" outcome="Passed" testListId="8c84fa94-04c1-424b-9868-57a2d4851a1d" relativeResultsDirectory="985c6443-525f-423c-96e7-ee5332035b49" /><UnitTestResult executionId="ff90eecc-5444-4321-b99c-dae346ebbab1" testId="29987fc7-d967-4403-a277-34ce8a5df399" testName="Put_InvalidReferencePropertyReturndBadRequest" computerName="VECTOR" duration="00:00:00.0090000" startTime="2018-07-16T17:14:07.4720929-04:00" endTime="2018-07-16T17:14:07.4720963-04:00" testType="13cdc9d9-ddb5-4fa4-a97d-d965ccfc6d4b" outcome="Passed" testListId="8c84fa94-04c1-424b-9868-57a2d4851a1d" relativeResultsDirectory="ff90eecc-5444-4321-b99c-dae346ebbab1" /><UnitTestResult executionId="cd4985fe-dd57-4f86-b9dc-6bf800541dbb" testId="68fa4d94-792c-4ee8-b9f2-5c2a0cc660c0" testName="PostFile_NewFileCanBePosted" computerName="VECTOR" duration="00:00:00.0530000" startTime="2018-07-16T17:14:07.2577631-04:00" endTime="2018-07-16T17:14:07.2577687-04:00" testType="13cdc9d9-ddb5-4fa4-a97d-d965ccfc6d4b" outcome="Passed" testListId="8c84fa94-04c1-424b-9868-57a2d4851a1d" relativeResultsDirectory="cd4985fe-dd57-4f86-b9dc-6bf800541dbb" /><UnitTestResult executionId="dd5debd4-537a-4f41-af98-00b2deb0e826" testId="d2bf50e1-70f8-439c-a344-6d2d65508e40" testName="Patch_InvalidReferencePropertyReturnsBadRequest" computerName="VECTOR" duration="00:00:00.0100000" startTime="2018-07-16T17:13:54.5635731-04:00" endTime="2018-07-16T17:13:54.5635762-04:00" testType="13cdc9d9-ddb5-4fa4-a97d-d965ccfc6d4b" outcome="Passed" testListId="8c84fa94-04c1-424b-9868-57a2d4851a1d" relativeResultsDirectory="dd5debd4-537a-4f41-af98-00b2deb0e826" /><UnitTestResult executionId="931d54dd-458b-45e3-b8dd-72d6db2ed2e4" testId="338dd7b3-d456-48dd-91fa-3805cd90bde8" testName="PostFile_FileIsSynchronizedIsUpdatedAfterFileIsPosted" computerName="VECTOR" duration="00:00:00.0580000" startTime="2018-07-16T17:14:07.2046548-04:00" endTime="2018-07-16T17:14:07.2046585-04:00" testType="13cdc9d9-ddb5-4fa4-a97d-d965ccfc6d4b" outcome="Passed" testListId="8c84fa94-04c1-424b-9868-57a2d4851a1d" relativeResultsDirectory="931d54dd-458b-45e3-b8dd-72d6db2ed2e4" /><UnitTestResult executionId="8bf2112d-7f0e-4766-a1ca-e7ebdfa38e50" testId="73b650c4-901c-44b8-99f4-3857f662778b" testName="GetList_ListReturnsCorrectCount" computerName="VECTOR" duration="00:00:00.0640000" startTime="2018-07-16T17:13:52.7224618-04:00" endTime="2018-07-16T17:13:52.7224689-04:00" testType="13cdc9d9-ddb5-4fa4-a97d-d965ccfc6d4b" outcome="Passed" testListId="8c84fa94-04c1-424b-9868-57a2d4851a1d" relativeResultsDirectory="8bf2112d-7f0e-4766-a1ca-e7ebdfa38e50" /><UnitTestResult executionId="9842f206-8b80-4d43-be31-48e6a6602ba6" testId="ca94bbd1-f376-4b8c-af30-74458a48b79d" testName="GetFile_FileCanBeRoundTripped" computerName="VECTOR" duration="00:00:00.0770000" startTime="2018-07-16T17:13:58.8914756-04:00" endTime="2018-07-16T17:13:58.8914799-04:00" testType="13cdc9d9-ddb5-4fa4-a97d-d965ccfc6d4b" outcome="Passed" testListId="8c84fa94-04c1-424b-9868-57a2d4851a1d" relativeResultsDirectory="9842f206-8b80-4d43-be31-48e6a6602ba6" /><UnitTestResult executionId="ca076886-7682-4797-be59-d5795419b370" testId="4b7e33db-8c12-4df8-b66d-158f5684ec42" testName="Put_InvalidIdReturnsNotFound" computerName="VECTOR" duration="00:00:00.5250000" startTime="2018-07-16T17:13:55.9038922-04:00" endTime="2018-07-16T17:13:55.9038979-04:00" testType="13cdc9d9-ddb5-4fa4-a97d-d965ccfc6d4b" outcome="Passed" testListId="8c84fa94-04c1-424b-9868-57a2d4851a1d" relativeResultsDirectory="ca076886-7682-4797-be59-d5795419b370" /><UnitTestResult executionId="654a057c-bf54-4acd-a024-568ec8fa99e5" testId="1b7748b9-3646-4ee7-a42f-aa8166a9876a" testName="FileRequest_FileCanBeReadAfterRename" computerName="VECTOR" duration="00:00:00.1010000" startTime="2018-07-16T17:13:54.1228151-04:00" endTime="2018-07-16T17:13:54.1228211-04:00" testType="13cdc9d9-ddb5-4fa4-a97d-d965ccfc6d4b" outcome="Passed" testListId="8c84fa94-04c1-424b-9868-57a2d4851a1d" relativeResultsDirectory="654a057c-bf54-4acd-a024-568ec8fa99e5" /><UnitTestResult executionId="4491ea38-b088-4fa0-9e44-b1ea4779c239" testId="53180eeb-a6b2-4254-8d96-49d82edec66e" testName="Patch_TargetPropertyIsUpdated" computerName="VECTOR" duration="00:00:00.0320000" startTime="2018-07-16T17:13:56.9801514-04:00" endTime="2018-07-16T17:13:56.9801573-04:00" testType="13cdc9d9-ddb5-4fa4-a97d-d965ccfc6d4b" outcome="Passed" testListId="8c84fa94-04c1-424b-9868-57a2d4851a1d" relativeResultsDirectory="4491ea38-b088-4fa0-9e44-b1ea4779c239" /><UnitTestResult executionId="63038586-36d4-4190-9877-3b361b0434bf" testId="9b239c3b-1cfb-4bcc-95a9-92c7d8397c81" testName="Patch_ValidReferencePropertyUpdatesModel" computerName="VECTOR" duration="00:00:00.0400000" startTime="2018-07-16T17:13:54.7411665-04:00" endTime="2018-07-16T17:13:54.7411728-04:00" testType="13cdc9d9-ddb5-4fa4-a97d-d965ccfc6d4b" outcome="Passed" testListId="8c84fa94-04c1-424b-9868-57a2d4851a1d" relativeResultsDirectory="63038586-36d4-4190-9877-3b361b0434bf" /><UnitTestResult executionId="caa7a639-7c4f-4b06-905e-d79315482a61" testId="0e902ba0-8fc2-4a35-b7d6-cf98f79b618d" testName="CameraHasExpectedDependentFiles" computerName="VECTOR" duration="00:00:00.0010000" startTime="2018-07-16T17:13:51.7787602-04:00" endTime="2018-07-16T17:13:51.7787616-04:00" testType="13cdc9d9-ddb5-4fa4-a97d-d965ccfc6d4b" outcome="Passed" testListId="8c84fa94-04c1-424b-9868-57a2d4851a1d" relativeResultsDirectory="caa7a639-7c4f-4b06-905e-d79315482a61" /><UnitTestResult executionId="fffff1a1-6e0e-4777-ba42-b1c96fa4d90a" testId="b67680ec-3599-4186-b7aa-33850dee7a81" testName="Patch_InvalidPropertyNameReturnsBadRequest" computerName="VECTOR" duration="00:00:00.0060000" startTime="2018-07-16T17:14:04.8840685-04:00" endTime="2018-07-16T17:14:04.8840714-04:00" testType="13cdc9d9-ddb5-4fa4-a97d-d965ccfc6d4b" outcome="Passed" testListId="8c84fa94-04c1-424b-9868-57a2d4851a1d" relativeResultsDirectory="fffff1a1-6e0e-4777-ba42-b1c96fa4d90a" /><UnitTestResult executionId="a1eff83d-3eb2-427b-b7f0-7199b3ec5d4f" testId="42c0356c-cea0-42b0-b951-bab549e7c167" testName="Post_ValidReferencePropertyCreatesModel" computerName="VECTOR" duration="00:00:00.0110000" startTime="2018-07-16T17:13:57.0470710-04:00" endTime="2018-07-16T17:13:57.0470753-04:00" testType="13cdc9d9-ddb5-4fa4-a97d-d965ccfc6d4b" outcome="Passed" testListId="8c84fa94-04c1-424b-9868-57a2d4851a1d" relativeResultsDirectory="a1eff83d-3eb2-427b-b7f0-7199b3ec5d4f" /><UnitTestResult executionId="afa24db6-d43f-482c-a02d-1ab04cdaef2e" testId="5ca76714-d980-4ad6-ae2f-9c598a0b9bab" testName="GetFile_ExistingFileReturnsSuccess" computerName="VECTOR" duration="00:00:00.0250000" startTime="2018-07-16T17:14:05.3933554-04:00" endTime="2018-07-16T17:14:05.3933625-04:00" testType="13cdc9d9-ddb5-4fa4-a97d-d965ccfc6d4b" outcome="Passed" testListId="8c84fa94-04c1-424b-9868-57a2d4851a1d" relativeResultsDirectory="afa24db6-d43f-482c-a02d-1ab04cdaef2e" /><UnitTestResult executionId="9cac6235-c2ae-4e1d-984b-57794ddbe2d8" testId="c4bc2155-38d5-4351-9075-403c64509a81" testName="FileRequest_DepthBufferIsInvalidatedAfterCameraDependencyPropertyChange" computerName="VECTOR" duration="00:00:00.2700000" startTime="2018-07-16T17:14:07.0683675-04:00" endTime="2018-07-16T17:14:07.0683734-04:00" testType="13cdc9d9-ddb5-4fa4-a97d-d965ccfc6d4b" outcome="Passed" testListId="8c84fa94-04c1-424b-9868-57a2d4851a1d" relativeResultsDirectory="9cac6235-c2ae-4e1d-984b-57794ddbe2d8" /><UnitTestResult executionId="f8007be9-aef4-454e-9ddb-c7ddf3ad306e" testId="2a08d310-eebc-465e-9359-ad3de63a8310" testName="Put_CanUpdateModel" computerName="VECTOR" duration="00:00:00.0390000" startTime="2018-07-16T17:13:54.8230651-04:00" endTime="2018-07-16T17:13:54.8230713-04:00" testType="13cdc9d9-ddb5-4fa4-a97d-d965ccfc6d4b" outcome="Passed" testListId="8c84fa94-04c1-424b-9868-57a2d4851a1d" relativeResultsDirectory="f8007be9-aef4-454e-9ddb-c7ddf3ad306e" /><UnitTestResult executionId="ec3bc05d-0232-4a0d-8e3b-19e47c4923ca" testId="7d2e7476-1ad5-458b-98b7-5132a5ba2957" testName="Model3dHasExpectedDependentFiles" computerName="VECTOR" duration="00:00:00.0300000" startTime="2018-07-16T17:13:50.5357251-04:00" endTime="2018-07-16T17:13:50.5357302-04:00" testType="13cdc9d9-ddb5-4fa4-a97d-d965ccfc6d4b" outcome="Passed" testListId="8c84fa94-04c1-424b-9868-57a2d4851a1d" relativeResultsDirectory="ec3bc05d-0232-4a0d-8e3b-19e47c4923ca" /><UnitTestResult executionId="3c8ee8b4-b6e1-4562-860a-b89e1218e865" testId="ae295c85-913a-4d91-93f2-3027c1ba533d" testName="Put_ValidReferencePropertyUpdatesModel" computerName="VECTOR" duration="00:00:00.0050000" startTime="2018-07-16T17:13:52.5641706-04:00" endTime="2018-07-16T17:13:52.5641729-04:00" testType="13cdc9d9-ddb5-4fa4-a97d-d965ccfc6d4b" outcome="Passed" testListId="8c84fa94-04c1-424b-9868-57a2d4851a1d" relativeResultsDirectory="3c8ee8b4-b6e1-4562-860a-b89e1218e865" /><UnitTestResult executionId="6cd1acee-931f-4449-83ae-7258eabb421b" testId="0d9a7971-47b5-414f-bf68-8797ae89f78f" testName="Patch_InvalidIdPropertyReturnsNotFound" computerName="VECTOR" duration="00:00:00.0080000" startTime="2018-07-16T17:13:52.7365231-04:00" endTime="2018-07-16T17:13:52.7365271-04:00" testType="13cdc9d9-ddb5-4fa4-a97d-d965ccfc6d4b" outcome="Passed" testListId="8c84fa94-04c1-424b-9868-57a2d4851a1d" relativeResultsDirectory="6cd1acee-931f-4449-83ae-7258eabb421b" /><UnitTestResult executionId="5a9e3147-b70c-4ffe-afa8-ca2a953ce572" testId="669a1cff-cbdc-4cb3-930d-d7244f69d262" testName="GetSingle_InvalidIdPropertyValueReturnsNotFound" computerName="VECTOR" duration="00:00:00.0030000" startTime="2018-07-16T17:13:57.0137023-04:00" endTime="2018-07-16T17:13:57.0137060-04:00" testType="13cdc9d9-ddb5-4fa4-a97d-d965ccfc6d4b" outcome="Passed" testListId="8c84fa94-04c1-424b-9868-57a2d4851a1d" relativeResultsDirectory="5a9e3147-b70c-4ffe-afa8-ca2a953ce572" /><UnitTestResult executionId="3ae8f26c-c4d3-473b-80eb-57e3dad31e76" testId="ac9bd355-87f7-4021-878c-c39a20a32707" testName="Patch_TargetPropertyIsUpdated" computerName="VECTOR" duration="00:00:00.3330000" startTime="2018-07-16T17:13:53.1401016-04:00" endTime="2018-07-16T17:13:53.1401076-04:00" testType="13cdc9d9-ddb5-4fa4-a97d-d965ccfc6d4b" outcome="Passed" testListId="8c84fa94-04c1-424b-9868-57a2d4851a1d" relativeResultsDirectory="3ae8f26c-c4d3-473b-80eb-57e3dad31e76" /><UnitTestResult executionId="86e62248-56fc-4742-8f03-c9152ee20447" testId="9dc55c2e-216f-49ff-bd5a-72e0bb06d829" testName="GetList_ListReturnsCorrectCount" computerName="VECTOR" duration="00:00:00.0360000" startTime="2018-07-16T17:13:54.6003094-04:00" endTime="2018-07-16T17:13:54.6003162-04:00" testType="13cdc9d9-ddb5-4fa4-a97d-d965ccfc6d4b" outcome="Passed" testListId="8c84fa94-04c1-424b-9868-57a2d4851a1d" relativeResultsDirectory="86e62248-56fc-4742-8f03-c9152ee20447" /><UnitTestResult executionId="cabb55b0-70e2-4879-b7d1-b0b123a4ab00" testId="b2a1232b-23c8-46a9-a704-8f7514b2ddc1" testName="Post_ValidReferencePropertyCreatesModel" computerName="VECTOR" duration="00:00:00.0110000" startTime="2018-07-16T17:13:54.6827816-04:00" endTime="2018-07-16T17:13:54.6827858-04:00" testType="13cdc9d9-ddb5-4fa4-a97d-d965ccfc6d4b" outcome="Passed" testListId="8c84fa94-04c1-424b-9868-57a2d4851a1d" relativeResultsDirectory="cabb55b0-70e2-4879-b7d1-b0b123a4ab00" /><UnitTestResult executionId="3e8a4ed2-f60c-478a-b3b5-f5a97919f5a4" testId="a1a91f6d-f4b2-4e98-b9aa-e8851b5a13b5" testName="Post_InvalidReferencePropertyReturnsBadRequest" computerName="VECTOR" duration="00:00:00.0620000" startTime="2018-07-16T17:13:52.8069538-04:00" endTime="2018-07-16T17:13:52.8069600-04:00" testType="13cdc9d9-ddb5-4fa4-a97d-d965ccfc6d4b" outcome="Passed" testListId="8c84fa94-04c1-424b-9868-57a2d4851a1d" relativeResultsDirectory="3e8a4ed2-f60c-478a-b3b5-f5a97919f5a4" /><UnitTestResult executionId="9c19b54c-2596-44ee-81b4-e779fea7f61d" testId="12391deb-c998-4cab-8e55-5aa95458f790" testName="GetSingle_ValidIdPropertyValueReturnsCorrectModel" computerName="VECTOR" duration="00:00:00.0050000" startTime="2018-07-16T17:14:07.3349015-04:00" endTime="2018-07-16T17:14:07.3349055-04:00" testType="13cdc9d9-ddb5-4fa4-a97d-d965ccfc6d4b" outcome="Passed" testListId="8c84fa94-04c1-424b-9868-57a2d4851a1d" relativeResultsDirectory="9c19b54c-2596-44ee-81b4-e779fea7f61d" /><UnitTestResult executionId="cd440a7c-50f2-4f0b-9697-adf888589849" testId="1eda0c0d-83fc-4587-b6f5-462bb50697be" testName="Patch_InvalidPropertyNameReturnsBadRequest" computerName="VECTOR" duration="00:00:00.0030000" startTime="2018-07-16T17:13:57.0065269-04:00" endTime="2018-07-16T17:13:57.0065294-04:00" testType="13cdc9d9-ddb5-4fa4-a97d-d965ccfc6d4b" outcome="Passed" testListId="8c84fa94-04c1-424b-9868-57a2d4851a1d" relativeResultsDirectory="cd440a7c-50f2-4f0b-9697-adf888589849" /><UnitTestResult executionId="e55fa3fc-2361-4599-8794-ce029a2b8730" testId="82e24792-c9d8-4d3c-8bf1-dba1440fb17b" testName="PostFile_FileIsSynchronizedIsUpdatedAfterFileIsPosted" computerName="VECTOR" duration="00:00:00.0010000" startTime="2018-07-16T17:13:54.2887065-04:00" endTime="2018-07-16T17:13:54.2887083-04:00" testType="13cdc9d9-ddb5-4fa4-a97d-d965ccfc6d4b" outcome="Passed" testListId="8c84fa94-04c1-424b-9868-57a2d4851a1d" relativeResultsDirectory="e55fa3fc-2361-4599-8794-ce029a2b8730" /><UnitTestResult executionId="15fbe290-6bfb-41da-b94b-01e574c2b0e4" testId="3e45c11a-2f22-4050-8616-830c5ee8114e" testName="Patch_TargetPropertyIsUpdated" computerName="VECTOR" duration="00:00:00.0420000" startTime="2018-07-16T17:13:54.7836057-04:00" endTime="2018-07-16T17:13:54.7836131-04:00" testType="13cdc9d9-ddb5-4fa4-a97d-d965ccfc6d4b" outcome="Passed" testListId="8c84fa94-04c1-424b-9868-57a2d4851a1d" relativeResultsDirectory="15fbe290-6bfb-41da-b94b-01e574c2b0e4" /><UnitTestResult executionId="aaa10d61-a9ca-451d-a9d3-aa3e19044079" testId="1aff28d1-b954-4e9d-a2d5-1fe317746890" testName="Patch_MultipleInvalidReferencePropertiesReturnsMultipleValidationErrorsAndBadRequest" computerName="VECTOR" duration="00:00:00.0230000" startTime="2018-07-16T17:14:07.5076401-04:00" endTime="2018-07-16T17:14:07.5076458-04:00" testType="13cdc9d9-ddb5-4fa4-a97d-d965ccfc6d4b" outcome="Passed" testListId="8c84fa94-04c1-424b-9868-57a2d4851a1d" relativeResultsDirectory="aaa10d61-a9ca-451d-a9d3-aa3e19044079" /><UnitTestResult executionId="df4a3fd2-2644-4c9a-9755-d42deeb2c421" testId="3f988ee7-c4aa-4f17-a774-7acc8e7fa2c9" testName="Patch_InvalidPropertyNameReturnsBadRequest" computerName="VECTOR" duration="00:00:00.0120000" startTime="2018-07-16T17:13:54.4133186-04:00" endTime="2018-07-16T17:13:54.4133231-04:00" testType="13cdc9d9-ddb5-4fa4-a97d-d965ccfc6d4b" outcome="Passed" testListId="8c84fa94-04c1-424b-9868-57a2d4851a1d" relativeResultsDirectory="df4a3fd2-2644-4c9a-9755-d42deeb2c421" /><UnitTestResult executionId="f690b965-0b4a-4047-a418-e94e013cb8a7" testId="6c0c32b6-703b-47bc-aad6-25be158cf22a" testName="Patch_InvalidReferencePropertyReturnsBadRequest" computerName="VECTOR" duration="00:00:00.0050000" startTime="2018-07-16T17:13:52.5687379-04:00" endTime="2018-07-16T17:13:52.5687404-04:00" testType="13cdc9d9-ddb5-4fa4-a97d-d965ccfc6d4b" outcome="Passed" testListId="8c84fa94-04c1-424b-9868-57a2d4851a1d" relativeResultsDirectory="f690b965-0b4a-4047-a418-e94e013cb8a7" /><UnitTestResult executionId="f4792dd2-cba0-4ba0-8759-f6045489151f" testId="3ebbf20d-0b54-4536-8b68-5c4dc89672fa" testName="Post_InvalidReferencePropertyReturnsBadRequest" computerName="VECTOR" duration="00:00:00.0050000" startTime="2018-07-16T17:14:07.4113246-04:00" endTime="2018-07-16T17:14:07.4113286-04:00" testType="13cdc9d9-ddb5-4fa4-a97d-d965ccfc6d4b" outcome="Passed" testListId="8c84fa94-04c1-424b-9868-57a2d4851a1d" relativeResultsDirectory="f4792dd2-cba0-4ba0-8759-f6045489151f" /><UnitTestResult executionId="3d67d7b0-34b1-4af5-91cd-ba7fa8a536c9" testId="86a5613a-0c0c-48ac-ae05-37fade93a552" testName="Put_InvalidIdReturnsNotFound" computerName="VECTOR" duration="00:00:00.0500000" startTime="2018-07-16T17:13:53.2833569-04:00" endTime="2018-07-16T17:13:53.2833683-04:00" testType="13cdc9d9-ddb5-4fa4-a97d-d965ccfc6d4b" outcome="Passed" testListId="8c84fa94-04c1-424b-9868-57a2d4851a1d" relativeResultsDirectory="3d67d7b0-34b1-4af5-91cd-ba7fa8a536c9" /><UnitTestResult executionId="ef7c3364-7fe3-4828-9967-0897bd81b41a" testId="5e8e5d6b-f572-4d8b-96a9-fd7c54cdf108" testName="Patch_InvalidEnumPropertyValueReturnsBadRequest" computerName="VECTOR" duration="00:00:00.0020000" startTime="2018-07-16T17:13:52.6164396-04:00" endTime="2018-07-16T17:13:52.6164422-04:00" testType="13cdc9d9-ddb5-4fa4-a97d-d965ccfc6d4b" outcome="Passed" testListId="8c84fa94-04c1-424b-9868-57a2d4851a1d" relativeResultsDirectory="ef7c3364-7fe3-4828-9967-0897bd81b41a" /><UnitTestResult executionId="a9920b8f-9166-4882-87fe-fd107655869c" testId="4912a386-fba8-4b45-9ad1-1a747dc3bd30" testName="Put_ValidReferencePropertyUpdatesModel" computerName="VECTOR" duration="00:00:00.0250000" startTime="2018-07-16T17:13:53.3680002-04:00" endTime="2018-07-16T17:13:53.3680053-04:00" testType="13cdc9d9-ddb5-4fa4-a97d-d965ccfc6d4b" outcome="Passed" testListId="8c84fa94-04c1-424b-9868-57a2d4851a1d" relativeResultsDirectory="a9920b8f-9166-4882-87fe-fd107655869c" /><UnitTestResult executionId="87a0a79a-3d04-4f40-8fc6-1eab2c946bd5" testId="6556b699-60a2-4ae3-b628-e469344f3522" testName="GetList_ListReturnsCorrectCount" computerName="VECTOR" duration="00:00:00.1240000" startTime="2018-07-16T17:14:04.8775474-04:00" endTime="2018-07-16T17:14:04.8775542-04:00" testType="13cdc9d9-ddb5-4fa4-a97d-d965ccfc6d4b" outcome="Passed" testListId="8c84fa94-04c1-424b-9868-57a2d4851a1d" relativeResultsDirectory="87a0a79a-3d04-4f40-8fc6-1eab2c946bd5" /><UnitTestResult executionId="5f7885f8-68dc-4396-a48c-3c029cc01cf7" testId="9e865645-a6b1-438e-9f0b-0136b8a35abc" testName="GetSingle_ValidIdPropertyValueReturnsCorrectModel" computerName="VECTOR" duration="00:00:00.0060000" startTime="2018-07-16T17:13:52.6147516-04:00" endTime="2018-07-16T17:13:52.6147567-04:00" testType="13cdc9d9-ddb5-4fa4-a97d-d965ccfc6d4b" outcome="Passed" testListId="8c84fa94-04c1-424b-9868-57a2d4851a1d" relativeResultsDirectory="5f7885f8-68dc-4396-a48c-3c029cc01cf7" /><UnitTestResult executionId="e71627f2-502d-4b0e-a11a-50b61e448c8e" testId="88354de0-6b64-4234-8bfd-38d043962fa3" testName="Post_InvalidReferencePropertyReturnsBadRequest" computerName="VECTOR" duration="00:00:00.0050000" startTime="2018-07-16T17:14:05.2734498-04:00" endTime="2018-07-16T17:14:05.2734544-04:00" testType="13cdc9d9-ddb5-4fa4-a97d-d965ccfc6d4b" outcome="Passed" testListId="8c84fa94-04c1-424b-9868-57a2d4851a1d" relativeResultsDirectory="e71627f2-502d-4b0e-a11a-50b61e448c8e" /><UnitTestResult executionId="c2504cd7-8ae3-4f2a-afcb-cba2060ae649" testId="8d459db6-079c-4d09-ac7f-234610c8bc05" testName="GetFile_FileCanBeRoundTripped" computerName="VECTOR" duration="00:00:00.0730000" startTime="2018-07-16T17:13:54.2826013-04:00" endTime="2018-07-16T17:13:54.2826065-04:00" testType="13cdc9d9-ddb5-4fa4-a97d-d965ccfc6d4b" outcome="Passed" testListId="8c84fa94-04c1-424b-9868-57a2d4851a1d" relativeResultsDirectory="c2504cd7-8ae3-4f2a-afcb-cba2060ae649" /><UnitTestResult executionId="e4f3a4eb-897e-4370-8b21-7711fb1af996" testId="05ce4a2a-05d5-4782-9e01-fa5d0ea838b9" testName="Patch_MultipleInvalidReferencePropertiesReturnsMultipleValidationErrorsAndBadRequest" computerName="VECTOR" duration="00:00:00.0150000" startTime="2018-07-16T17:13:54.5395706-04:00" endTime="2018-07-16T17:13:54.5395751-04:00" testType="13cdc9d9-ddb5-4fa4-a97d-d965ccfc6d4b" outcome="Passed" testListId="8c84fa94-04c1-424b-9868-57a2d4851a1d" relativeResultsDirectory="e4f3a4eb-897e-4370-8b21-7711fb1af996" /><UnitTestResult executionId="421585f8-4f13-46e6-9b86-4d9d4dbc4b8f" testId="8144b963-2cd4-4d70-b103-4f2ea529d325" testName="PostFile_FileTimeStampIsUpdatedAfterFileIsPosted" computerName="VECTOR" duration="00:00:01.1440000" startTime="2018-07-16T17:14:06.5380932-04:00" endTime="2018-07-16T17:14:06.5380986-04:00" testType="13cdc9d9-ddb5-4fa4-a97d-d965ccfc6d4b" outcome="Passed" testListId="8c84fa94-04c1-424b-9868-57a2d4851a1d" relativeResultsDirectory="421585f8-4f13-46e6-9b86-4d9d4dbc4b8f" /><UnitTestResult executionId="8a19e85d-6d22-472a-b4dd-4ea12ca41b72" testId="a55f4dce-967c-41ba-bbaf-7d35ae641e0a" testName="GetSingle_InvalidIdPropertyValueReturnsNotFound" computerName="VECTOR" duration="00:00:00.0030000" startTime="2018-07-16T17:14:05.3242951-04:00" endTime="2018-07-16T17:14:05.3242991-04:00" testType="13cdc9d9-ddb5-4fa4-a97d-d965ccfc6d4b" outcome="Passed" testListId="8c84fa94-04c1-424b-9868-57a2d4851a1d" relativeResultsDirectory="8a19e85d-6d22-472a-b4dd-4ea12ca41b72" /><UnitTestResult executionId="6096310b-6175-425c-869d-0a96443b18f9" testId="ccdac340-4591-4e71-9193-6a07f0a38de5" testName="Patch_InvalidPropertyNameReturnsBadRequest" computerName="VECTOR" duration="00:00:00.0050000" startTime="2018-07-16T17:14:07.5182937-04:00" endTime="2018-07-16T17:14:07.5183011-04:00" testType="13cdc9d9-ddb5-4fa4-a97d-d965ccfc6d4b" outcome="Passed" testListId="8c84fa94-04c1-424b-9868-57a2d4851a1d" relativeResultsDirectory="6096310b-6175-425c-869d-0a96443b18f9" /><UnitTestResult executionId="ce178405-b71e-445c-b700-2803da8069c2" testId="34a7946f-55d7-47bb-b7dd-ddb018311095" testName="GetFile_ExistingFileReturnsSuccess" computerName="VECTOR" duration="00:00:00.0640000" startTime="2018-07-16T17:13:54.0218443-04:00" endTime="2018-07-16T17:13:54.0218517-04:00" testType="13cdc9d9-ddb5-4fa4-a97d-d965ccfc6d4b" outcome="Passed" testListId="8c84fa94-04c1-424b-9868-57a2d4851a1d" relativeResultsDirectory="ce178405-b71e-445c-b700-2803da8069c2" /><UnitTestResult executionId="000f75d1-dd32-45eb-9621-7084774c88c6" testId="7d08b38d-7c59-4e2c-9816-1d7ad9fd8d94" testName="Delete_TargetModelIsDeleted" computerName="VECTOR" duration="00:00:00.0140000" startTime="2018-07-16T17:13:57.0611858-04:00" endTime="2018-07-16T17:13:57.0611912-04:00" testType="13cdc9d9-ddb5-4fa4-a97d-d965ccfc6d4b" outcome="Passed" testListId="8c84fa94-04c1-424b-9868-57a2d4851a1d" relativeResultsDirectory="000f75d1-dd32-45eb-9621-7084774c88c6" /><UnitTestResult executionId="bc3a1649-92e5-4cdf-a717-42126d7fbe42" testId="23f06bc1-1900-45f4-be6a-a397d2821054" testName="LucyDepthBufferFindsOneDependent" computerName="VECTOR" duration="00:00:00.0040000" startTime="2018-07-16T17:13:51.7830062-04:00" endTime="2018-07-16T17:13:51.7830090-04:00" testType="13cdc9d9-ddb5-4fa4-a97d-d965ccfc6d4b" outcome="Passed" testListId="8c84fa94-04c1-424b-9868-57a2d4851a1d" relativeResultsDirectory="bc3a1649-92e5-4cdf-a717-42126d7fbe42" /><UnitTestResult executionId="baaa6290-4be9-4d5c-8f37-e855951fff1c" testId="cb15b722-f71a-4aab-a84c-9e3ef1eb00d6" testName="Put_ValidReferencePropertyUpdatesModel" computerName="VECTOR" duration="00:00:00.0660000" startTime="2018-07-16T17:14:07.6531148-04:00" endTime="2018-07-16T17:14:07.6531214-04:00" testType="13cdc9d9-ddb5-4fa4-a97d-d965ccfc6d4b" outcome="Passed" testListId="8c84fa94-04c1-424b-9868-57a2d4851a1d" relativeResultsDirectory="baaa6290-4be9-4d5c-8f37-e855951fff1c" /><UnitTestResult executionId="2545966a-7aff-459e-8258-c1f4fedb538f" testId="e1adfd54-3687-4229-a079-fec850f10d91" testName="PutFile_FileCanBeUpdated" computerName="VECTOR" duration="00:00:00.1630000" startTime="2018-07-16T17:13:53.9575577-04:00" endTime="2018-07-16T17:13:53.9575640-04:00" testType="13cdc9d9-ddb5-4fa4-a97d-d965ccfc6d4b" outcome="Passed" testListId="8c84fa94-04c1-424b-9868-57a2d4851a1d" relativeResultsDirectory="2545966a-7aff-459e-8258-c1f4fedb538f" /><UnitTestResult executionId="caf4d182-9fbc-4ea3-b7b1-64304661a370" testId="7a05a77b-4936-4d31-9694-b69466928c66" testName="Put_InvalidReferencePropertyReturndBadRequest" computerName="VECTOR" duration="00:00:00.0180000" startTime="2018-07-16T17:13:53.5472214-04:00" endTime="2018-07-16T17:13:53.5472248-04:00" testType="13cdc9d9-ddb5-4fa4-a97d-d965ccfc6d4b" outcome="Passed" testListId="8c84fa94-04c1-424b-9868-57a2d4851a1d" relativeResultsDirectory="caf4d182-9fbc-4ea3-b7b1-64304661a370" /><UnitTestResult executionId="727c4ac1-34c4-44d8-bf62-b3fe56c3f505" testId="1ca5b2ec-fc0e-4a41-985d-c78f86c4e672" testName="Patch_TargetPropertyIsUpdated" computerName="VECTOR" duration="00:00:00.0370000" startTime="2018-07-16T17:14:05.1036297-04:00" endTime="2018-07-16T17:14:05.1036357-04:00" testType="13cdc9d9-ddb5-4fa4-a97d-d965ccfc6d4b" outcome="Passed" testListId="8c84fa94-04c1-424b-9868-57a2d4851a1d" relativeResultsDirectory="727c4ac1-34c4-44d8-bf62-b3fe56c3f505" /><UnitTestResult executionId="81d3366e-7416-4d52-981f-f1ce3c7ebd44" testId="a072b599-2a14-49c6-b063-08c19e760bdc" testName="FileRequest_FileCanBeReadAfterRename" computerName="VECTOR" duration="00:00:00.1030000" startTime="2018-07-16T17:14:06.7982208-04:00" endTime="2018-07-16T17:14:06.7982268-04:00" testType="13cdc9d9-ddb5-4fa4-a97d-d965ccfc6d4b" outcome="Passed" testListId="8c84fa94-04c1-424b-9868-57a2d4851a1d" relativeResultsDirectory="81d3366e-7416-4d52-981f-f1ce3c7ebd44" /><UnitTestResult executionId="1c56e66e-4972-4d8a-b0b5-10ce7dff9809" testId="27f7aa69-6086-4f9e-a5c9-7bb26ead7087" testName="Put_CanUpdateModel" computerName="VECTOR" duration="00:00:00.4090000" startTime="2018-07-16T17:13:56.9037929-04:00" endTime="2018-07-16T17:13:56.9037991-04:00" testType="13cdc9d9-ddb5-4fa4-a97d-d965ccfc6d4b" outcome="Passed" testListId="8c84fa94-04c1-424b-9868-57a2d4851a1d" relativeResultsDirectory="1c56e66e-4972-4d8a-b0b5-10ce7dff9809" /><UnitTestResult executionId="180164f2-d3c7-4a20-8067-3141bfbec5ff" testId="f3ccb254-266f-454c-8d78-544644b3892d" testName="GetSingle_InvalidIdPropertyValueReturnsNotFound" computerName="VECTOR" duration="00:00:00.0050000" startTime="2018-07-16T17:13:52.6220692-04:00" endTime="2018-07-16T17:13:52.6220758-04:00" testType="13cdc9d9-ddb5-4fa4-a97d-d965ccfc6d4b" outcome="Passed" testListId="8c84fa94-04c1-424b-9868-57a2d4851a1d" relativeResultsDirectory="180164f2-d3c7-4a20-8067-3141bfbec5ff" /><UnitTestResult executionId="adec2c46-fe84-4b98-a2dd-60abfd2903d2" testId="099e9b20-7db8-4790-b97d-42e2d0f2a5c6" testName="PostFile_NewFileCanBePosted" computerName="VECTOR" duration="00:00:00.0610000" startTime="2018-07-16T17:14:00.2208267-04:00" endTime="2018-07-16T17:14:00.2208309-04:00" testType="13cdc9d9-ddb5-4fa4-a97d-d965ccfc6d4b" outcome="Passed" testListId="8c84fa94-04c1-424b-9868-57a2d4851a1d" relativeResultsDirectory="adec2c46-fe84-4b98-a2dd-60abfd2903d2" /><UnitTestResult executionId="15daf7b9-7dd1-4cf0-9dda-59034a93c62a" testId="3c438456-0ee8-4acc-be80-ec17eb07dab4" testName="Patch_InvalidEnumPropertyValueReturnsBadRequest" computerName="VECTOR" duration="00:00:00.0070000" startTime="2018-07-16T17:13:53.4899858-04:00" endTime="2018-07-16T17:13:53.4899909-04:00" testType="13cdc9d9-ddb5-4fa4-a97d-d965ccfc6d4b" outcome="Passed" testListId="8c84fa94-04c1-424b-9868-57a2d4851a1d" relativeResultsDirectory="15daf7b9-7dd1-4cf0-9dda-59034a93c62a" /><UnitTestResult executionId="c23c53ea-34ee-4624-815d-a70f6c9ad374" testId="5fce6cfb-de22-4c9c-bd86-87a65d59a0c5" testName="PostFile_NewFileCanBePosted" computerName="VECTOR" duration="00:00:00.0860000" startTime="2018-07-16T17:13:54.2096547-04:00" endTime="2018-07-16T17:13:54.2096607-04:00" testType="13cdc9d9-ddb5-4fa4-a97d-d965ccfc6d4b" outcome="Passed" testListId="8c84fa94-04c1-424b-9868-57a2d4851a1d" relativeResultsDirectory="c23c53ea-34ee-4624-815d-a70f6c9ad374" /><UnitTestResult executionId="0d393771-fed3-4e34-9e96-1a3598ff168c" testId="a8c643dd-5dd8-4f68-8129-572f64f764b6" testName="Put_InvalidIdReturnsNotFound" computerName="VECTOR" duration="00:00:00.1110000" startTime="2018-07-16T17:13:54.4007887-04:00" endTime="2018-07-16T17:13:54.4007946-04:00" testType="13cdc9d9-ddb5-4fa4-a97d-d965ccfc6d4b" outcome="Passed" testListId="8c84fa94-04c1-424b-9868-57a2d4851a1d" relativeResultsDirectory="0d393771-fed3-4e34-9e96-1a3598ff168c" /><UnitTestResult executionId="f72595f2-9396-41e7-9e2e-9236919064e3" testId="7dc8da04-fe71-4d46-ab84-f787fc32cc37" testName="Patch_ValidReferencePropertyUpdatesModel" computerName="VECTOR" duration="00:00:00.0370000" startTime="2018-07-16T17:13:53.3423639-04:00" endTime="2018-07-16T17:13:53.3423698-04:00" testType="13cdc9d9-ddb5-4fa4-a97d-d965ccfc6d4b" outcome="Passed" testListId="8c84fa94-04c1-424b-9868-57a2d4851a1d" relativeResultsDirectory="f72595f2-9396-41e7-9e2e-9236919064e3" /><UnitTestResult executionId="bdc2b21c-ddae-4046-8eaa-9088ec0e4464" testId="7c47d61e-ca97-4162-b928-1ee4937ae723" testName="FileRequest_MeshGenerateScalesDepthBufferByUnsharpHighFrequencyScale" computerName="VECTOR" duration="00:00:02.2040000" startTime="2018-07-16T17:14:04.7336780-04:00" endTime="2018-07-16T17:14:04.7336843-04:00" testType="13cdc9d9-ddb5-4fa4-a97d-d965ccfc6d4b" outcome="Passed" testListId="8c84fa94-04c1-424b-9868-57a2d4851a1d" relativeResultsDirectory="bdc2b21c-ddae-4046-8eaa-9088ec0e4464" /><UnitTestResult executionId="b44b89aa-e771-4ac4-aada-5bbe607b3c23" testId="bff92f71-79aa-45bb-b089-8f5411a383f9" testName="DepthBufferHasExpectedDependentFiles" computerName="VECTOR" duration="00:00:00.0010000" startTime="2018-07-16T17:13:51.7832993-04:00" endTime="2018-07-16T17:13:51.7833007-04:00" testType="13cdc9d9-ddb5-4fa4-a97d-d965ccfc6d4b" outcome="Passed" testListId="8c84fa94-04c1-424b-9868-57a2d4851a1d" relativeResultsDirectory="b44b89aa-e771-4ac4-aada-5bbe607b3c23" /><UnitTestResult executionId="134cb284-8be4-407b-8b63-691481b95d42" testId="e7a91879-c176-4d67-9ea8-fd589ea9d8ba" testName="GetSingle_ValidIdPropertyValueReturnsCorrectModel" computerName="VECTOR" duration="00:00:00.0120000" startTime="2018-07-16T17:13:53.3048328-04:00" endTime="2018-07-16T17:13:53.3048365-04:00" testType="13cdc9d9-ddb5-4fa4-a97d-d965ccfc6d4b" outcome="Passed" testListId="8c84fa94-04c1-424b-9868-57a2d4851a1d" relativeResultsDirectory="134cb284-8be4-407b-8b63-691481b95d42" /><UnitTestResult executionId="188cdc36-8d1e-421a-be8f-5ebfc0b6a551" testId="2830a021-5be9-41d1-8b45-a70bfb294a92" testName="Put_InvalidReferencePropertyReturndBadRequest" computerName="VECTOR" duration="00:00:00.1320000" startTime="2018-07-16T17:14:05.0159771-04:00" endTime="2018-07-16T17:14:05.0159834-04:00" testType="13cdc9d9-ddb5-4fa4-a97d-d965ccfc6d4b" outcome="Passed" testListId="8c84fa94-04c1-424b-9868-57a2d4851a1d" relativeResultsDirectory="188cdc36-8d1e-421a-be8f-5ebfc0b6a551" /><UnitTestResult executionId="945c33d5-024d-487c-a330-46b2b8089d61" testId="dbb10e6d-5d66-4842-a34c-c4d2a630d48b" testName="Patch_InvalidIdPropertyReturnsNotFound" computerName="VECTOR" duration="00:00:00.0050000" startTime="2018-07-16T17:13:54.7006138-04:00" endTime="2018-07-16T17:13:54.7006167-04:00" testType="13cdc9d9-ddb5-4fa4-a97d-d965ccfc6d4b" outcome="Passed" testListId="8c84fa94-04c1-424b-9868-57a2d4851a1d" relativeResultsDirectory="945c33d5-024d-487c-a330-46b2b8089d61" /><UnitTestResult executionId="c5522253-aeca-4235-9bb3-5d6543dfb40c" testId="3c95e383-a2d2-4b6e-8f3b-35fc972dbd50" testName="Post_InvalidPropertyValueReturnsBadRequest" computerName="VECTOR" duration="00:00:00.0070000" startTime="2018-07-16T17:13:52.7438245-04:00" endTime="2018-07-16T17:13:52.7438279-04:00" testType="13cdc9d9-ddb5-4fa4-a97d-d965ccfc6d4b" outcome="Passed" testListId="8c84fa94-04c1-424b-9868-57a2d4851a1d" relativeResultsDirectory="c5522253-aeca-4235-9bb3-5d6543dfb40c" /><UnitTestResult executionId="73961d53-0b79-4a48-b019-11e1ac72e994" testId="fc2ff752-eb5d-4b58-acf0-77eba08c8970" testName="PostFile_FileIsSynchronizedIsUpdatedAfterFileIsPosted" computerName="VECTOR" duration="00:00:00.0770000" startTime="2018-07-16T17:14:02.4583171-04:00" endTime="2018-07-16T17:14:02.4583202-04:00" testType="13cdc9d9-ddb5-4fa4-a97d-d965ccfc6d4b" outcome="Passed" testListId="8c84fa94-04c1-424b-9868-57a2d4851a1d" relativeResultsDirectory="73961d53-0b79-4a48-b019-11e1ac72e994" /><UnitTestResult executionId="536bdeb7-556c-433f-9182-686d0cd1b596" testId="98333229-cef3-4849-bf5d-e6762406b54d" testName="Post_ValidReferencePropertyCreatesModel" computerName="VECTOR" duration="00:00:00.0020000" startTime="2018-07-16T17:13:52.2431573-04:00" endTime="2018-07-16T17:13:52.2431596-04:00" testType="13cdc9d9-ddb5-4fa4-a97d-d965ccfc6d4b" outcome="Passed" testListId="8c84fa94-04c1-424b-9868-57a2d4851a1d" relativeResultsDirectory="536bdeb7-556c-433f-9182-686d0cd1b596" /><UnitTestResult executionId="eaf6eaed-f579-4888-986c-7ecb52769ea6" testId="136ed279-b8e3-4bc5-adf5-667ad35dfbf1" testName="Patch_MultipleInvalidReferencePropertiesReturnsMultipleValidationErrorsAndBadRequest" computerName="VECTOR" duration="00:00:00.0120000" startTime="2018-07-16T17:14:05.2679737-04:00" endTime="2018-07-16T17:14:05.2679814-04:00" testType="13cdc9d9-ddb5-4fa4-a97d-d965ccfc6d4b" outcome="Passed" testListId="8c84fa94-04c1-424b-9868-57a2d4851a1d" relativeResultsDirectory="eaf6eaed-f579-4888-986c-7ecb52769ea6" /><UnitTestResult executionId="5b90b8e0-bdd2-4f19-800d-cc65c21006e6" testId="c6f9dfb6-f3ed-49cf-9d75-cc67efa951ed" testName="Patch_InvalidIdPropertyReturnsNotFound" computerName="VECTOR" duration="00:00:00.0050000" startTime="2018-07-16T17:14:07.5133948-04:00" endTime="2018-07-16T17:14:07.5133982-04:00" testType="13cdc9d9-ddb5-4fa4-a97d-d965ccfc6d4b" outcome="Passed" testListId="8c84fa94-04c1-424b-9868-57a2d4851a1d" relativeResultsDirectory="5b90b8e0-bdd2-4f19-800d-cc65c21006e6" /><UnitTestResult executionId="8aa5d08f-40cd-4733-b39a-832ee6bd485f" testId="189322db-4e16-43b6-8432-0dc2198fcf9e" testName="Patch_InvalidEnumPropertyValueReturnsBadRequest" computerName="VECTOR" duration="00:00:00.0010000" startTime="2018-07-16T17:14:07.4020503-04:00" endTime="2018-07-16T17:14:07.4020514-04:00" testType="13cdc9d9-ddb5-4fa4-a97d-d965ccfc6d4b" outcome="Passed" testListId="8c84fa94-04c1-424b-9868-57a2d4851a1d" relativeResultsDirectory="8aa5d08f-40cd-4733-b39a-832ee6bd485f" /><UnitTestResult executionId="f2896134-7653-443b-ba46-4b2fb2f674a8" testId="6ace3a07-1757-48c7-8e4e-8a0e36d3a1b5" testName="PostFile_FileTimeStampIsUpdatedAfterFileIsPosted" computerName="VECTOR" duration="00:00:01.1390000" startTime="2018-07-16T17:14:00.1592484-04:00" endTime="2018-07-16T17:14:00.1592523-04:00" testType="13cdc9d9-ddb5-4fa4-a97d-d965ccfc6d4b" outcome="Passed" testListId="8c84fa94-04c1-424b-9868-57a2d4851a1d" relativeResultsDirectory="f2896134-7653-443b-ba46-4b2fb2f674a8" /><UnitTestResult executionId="1d15b229-3d1f-479b-bf1b-669a496c9082" testId="55c31710-4849-4a6a-b093-3f9d4d5481f5" testName="PutFile_FileCanBeUpdated" computerName="VECTOR" duration="00:00:00.1100000" startTime="2018-07-16T17:13:59.0016347-04:00" endTime="2018-07-16T17:13:59.0016406-04:00" testType="13cdc9d9-ddb5-4fa4-a97d-d965ccfc6d4b" outcome="Passed" testListId="8c84fa94-04c1-424b-9868-57a2d4851a1d" relativeResultsDirectory="1d15b229-3d1f-479b-bf1b-669a496c9082" /><UnitTestResult executionId="b77acd80-c27c-4313-9f0e-4bcf132548c6" testId="69414ded-ffa1-40db-99c8-9e5064de458b" testName="GetSingle_InvalidIdPropertyValueReturnsNotFound" computerName="VECTOR" duration="00:00:00.0100000" startTime="2018-07-16T17:13:53.2321275-04:00" endTime="2018-07-16T17:13:53.2321321-04:00" testType="13cdc9d9-ddb5-4fa4-a97d-d965ccfc6d4b" outcome="Passed" testListId="8c84fa94-04c1-424b-9868-57a2d4851a1d" relativeResultsDirectory="b77acd80-c27c-4313-9f0e-4bcf132548c6" /><UnitTestResult executionId="69d7be71-5644-45e6-8ba3-161cddda9b79" testId="03d29220-5c79-407e-8665-33ce896de373" testName="Post_ValidReferencePropertyCreatesModel" computerName="VECTOR" duration="00:00:00.0150000" startTime="2018-07-16T17:13:53.3873650-04:00" endTime="2018-07-16T17:13:53.3873721-04:00" testType="13cdc9d9-ddb5-4fa4-a97d-d965ccfc6d4b" outcome="Passed" testListId="8c84fa94-04c1-424b-9868-57a2d4851a1d" relativeResultsDirectory="69d7be71-5644-45e6-8ba3-161cddda9b79" /><UnitTestResult executionId="52cbc61b-b6d3-4b41-9095-e595d8ccb4ac" testId="91c0fe85-f761-4fac-8722-2996a7249976" testName="Patch_MultipleInvalidReferencePropertiesReturnsMultipleValidationErrorsAndBadRequest" computerName="VECTOR" duration="00:00:00.0020000" startTime="2018-07-16T17:13:52.7245757-04:00" endTime="2018-07-16T17:13:52.7245783-04:00" testType="13cdc9d9-ddb5-4fa4-a97d-d965ccfc6d4b" outcome="Passed" testListId="8c84fa94-04c1-424b-9868-57a2d4851a1d" relativeResultsDirectory="52cbc61b-b6d3-4b41-9095-e595d8ccb4ac" /><UnitTestResult executionId="60c103a4-47af-4c8e-8faa-b19f69592350" testId="21375bf7-3111-4f35-86bb-6a2ce7c1aba6" testName="Patch_ValidReferencePropertyUpdatesModel" computerName="VECTOR" duration="00:00:00.0500000" startTime="2018-07-16T17:14:07.5725205-04:00" endTime="2018-07-16T17:14:07.5725279-04:00" testType="13cdc9d9-ddb5-4fa4-a97d-d965ccfc6d4b" outcome="Passed" testListId="8c84fa94-04c1-424b-9868-57a2d4851a1d" relativeResultsDirectory="60c103a4-47af-4c8e-8faa-b19f69592350" /><UnitTestResult executionId="7f7417f5-b8aa-462a-a1a4-6a7453d6d805" testId="f14581ff-e9df-41ea-8d72-0d66ddefaabc" testName="PutFile_NewFileCanBePut" computerName="VECTOR" duration="00:00:00.2450000" startTime="2018-07-16T17:13:53.7939293-04:00" endTime="2018-07-16T17:13:53.7939358-04:00" testType="13cdc9d9-ddb5-4fa4-a97d-d965ccfc6d4b" outcome="Passed" testListId="8c84fa94-04c1-424b-9868-57a2d4851a1d" relativeResultsDirectory="7f7417f5-b8aa-462a-a1a4-6a7453d6d805" /><UnitTestResult executionId="1c5fefae-415e-49ff-afa2-5b36e2aba511" testId="44378b00-a1e0-4531-8f45-1a3551e319d8" testName="Patch_InvalidEnumPropertyValueReturnsBadRequest" computerName="VECTOR" duration="00:00:00.0030000" startTime="2018-07-16T17:13:56.9474258-04:00" endTime="2018-07-16T17:13:56.9474281-04:00" testType="13cdc9d9-ddb5-4fa4-a97d-d965ccfc6d4b" outcome="Passed" testListId="8c84fa94-04c1-424b-9868-57a2d4851a1d" relativeResultsDirectory="1c5fefae-415e-49ff-afa2-5b36e2aba511" /><UnitTestResult executionId="78656006-9f23-4cae-b9bd-d67e5581e8a7" testId="ba8b6a89-357a-4fa3-a9be-99cf295449f7" testName="GetFile_FileCanBeRoundTripped" computerName="VECTOR" duration="00:00:00.0710000" startTime="2018-07-16T17:14:07.3291356-04:00" endTime="2018-07-16T17:14:07.3291407-04:00" testType="13cdc9d9-ddb5-4fa4-a97d-d965ccfc6d4b" outcome="Passed" testListId="8c84fa94-04c1-424b-9868-57a2d4851a1d" relativeResultsDirectory="78656006-9f23-4cae-b9bd-d67e5581e8a7" /><UnitTestResult executionId="fab07306-848b-47d1-b412-a426f1dc7d83" testId="97f56a3e-4f72-439a-8993-b633969eecad" testName="Post_InvalidPropertyValueReturnsBadRequest" computerName="VECTOR" duration="00:00:00.0020000" startTime="2018-07-16T17:14:05.2894669-04:00" endTime="2018-07-16T17:14:05.2894695-04:00" testType="13cdc9d9-ddb5-4fa4-a97d-d965ccfc6d4b" outcome="Passed" testListId="8c84fa94-04c1-424b-9868-57a2d4851a1d" relativeResultsDirectory="fab07306-848b-47d1-b412-a426f1dc7d83" /><UnitTestResult executionId="8c97c554-fcdb-4805-95c1-f9c00a18d359" testId="f87660f1-3b83-4447-bdd0-561e938d2983" testName="Patch_InvalidReferencePropertyReturnsBadRequest" computerName="VECTOR" duration="00:00:00.0110000" startTime="2018-07-16T17:13:53.5161042-04:00" endTime="2018-07-16T17:13:53.5161087-04:00" testType="13cdc9d9-ddb5-4fa4-a97d-d965ccfc6d4b" outcome="Passed" testListId="8c84fa94-04c1-424b-9868-57a2d4851a1d" relativeResultsDirectory="8c97c554-fcdb-4805-95c1-f9c00a18d359" /></Results><TestDefinitions><UnitTest name="GetFile_FileCanBeRoundTripped" storage="d:\users\steve knipmeyer\documents\github\modelrelief\modelrelief.test\bin\debug\netcoreapp2.0\modelrelief.test.dll" id="8d459db6-079c-4d09-ac7f-234610c8bc05"><Execution id="c2504cd7-8ae3-4f2a-afcb-cba2060ae649" /><TestMethod codeBase="D:\Users\Steve Knipmeyer\Documents\GitHub\ModelRelief\ModelRelief.test\bin\Debug\netcoreapp2.0\ModelRelief.Test.dll" adapterTypeName="executor://xunit/VsTestRunner2/netcoreapp" className="ModelRelief.Test.Integration.Models.ModelsFileIntegrationTests" name="GetFile_FileCanBeRoundTripped" /></UnitTest><UnitTest name="Delete_TargetModelIsDeleted" storage="d:\users\steve knipmeyer\documents\github\modelrelief\modelrelief.test\bin\debug\netcoreapp2.0\modelrelief.test.dll" id="98c1450c-5a67-42b1-8273-5151b3123beb"><Execution id="4a9df853-beff-470c-9861-4625c430e0e5" /><TestMethod codeBase="D:\Users\Steve Knipmeyer\Documents\GitHub\ModelRelief\ModelRelief.test\bin\Debug\netcoreapp2.0\ModelRelief.Test.dll" adapterTypeName="executor://xunit/VsTestRunner2/netcoreapp" className="ModelRelief.Test.Integration.MeshTransforms.MeshTransformsBaseIntegrationTests" name="Delete_TargetModelIsDeleted" /></UnitTest><UnitTest name="MeshTransformHasExpectedDependentFiles" storage="d:\users\steve knipmeyer\documents\github\modelrelief\modelrelief.test\bin\debug\netcoreapp2.0\modelrelief.test.dll" id="be87b162-8033-498f-afb4-5ec9f7549007"><Execution id="749ff232-68e7-41df-a8f1-8ecc27913826" /><TestMethod codeBase="D:\Users\Steve Knipmeyer\Documents\GitHub\ModelRelief\ModelRelief.test\bin\Debug\netcoreapp2.0\ModelRelief.Test.dll" adapterTypeName="executor://xunit/VsTestRunner2/netcoreapp" className="ModelRelief.Test.Unit.DependencyManager.DependencyManagerTests" name="MeshTransformHasExpectedDependentFiles" /></UnitTest><UnitTest name="Patch_InvalidPropertyNameReturnsBadRequest" storage="d:\users\steve knipmeyer\documents\github\modelrelief\modelrelief.test\bin\debug\netcoreapp2.0\modelrelief.test.dll" id="1aa3007b-2410-4948-a42c-17b2039f34f0"><Execution id="a18b3fa3-f74c-44bf-a2b5-a5761b89fe83" /><TestMethod codeBase="D:\Users\Steve Knipmeyer\Documents\GitHub\ModelRelief\ModelRelief.test\bin\Debug\netcoreapp2.0\ModelRelief.Test.dll" adapterTypeName="executor://xunit/VsTestRunner2/netcoreapp" className="ModelRelief.Test.Integration.Models.ModelsBaseIntegrationTests" name="Patch_InvalidPropertyNameReturnsBadRequest" /></UnitTest><UnitTest name="Put_CanUpdateModel" storage="d:\users\steve knipmeyer\documents\github\modelrelief\modelrelief.test\bin\debug\netcoreapp2.0\modelrelief.test.dll" id="a2fbdd9f-04cd-49f0-a3e5-38d25cb6caa2"><Execution id="c5357e3d-ea57-4729-be45-965f7030d2f7" /><TestMethod codeBase="D:\Users\Steve Knipmeyer\Documents\GitHub\ModelRelief\ModelRelief.test\bin\Debug\netcoreapp2.0\ModelRelief.Test.dll" adapterTypeName="executor://xunit/VsTestRunner2/netcoreapp" className="ModelRelief.Test.Integration.Cameras.CamerasBaseIntegrationTests" name="Put_CanUpdateModel" /></UnitTest><UnitTest name="Patch_MultipleInvalidReferencePropertiesReturnsMultipleValidationErrorsAndBadRequest" storage="d:\users\steve knipmeyer\documents\github\modelrelief\modelrelief.test\bin\debug\netcoreapp2.0\modelrelief.test.dll" id="91c0fe85-f761-4fac-8722-2996a7249976"><Execution id="52cbc61b-b6d3-4b41-9095-e595d8ccb4ac" /><TestMethod codeBase="D:\Users\Steve Knipmeyer\Documents\GitHub\ModelRelief\ModelRelief.test\bin\Debug\netcoreapp2.0\ModelRelief.Test.dll" adapterTypeName="executor://xunit/VsTestRunner2/netcoreapp" className="ModelRelief.Test.Integration.Projects.ProjectsBaseIntegrationTests" name="Patch_MultipleInvalidReferencePropertiesReturnsMultipleValidationErrorsAndBadRequest" /></UnitTest><UnitTest name="CameraHasExpectedDependentFiles" storage="d:\users\steve knipmeyer\documents\github\modelrelief\modelrelief.test\bin\debug\netcoreapp2.0\modelrelief.test.dll" id="0e902ba0-8fc2-4a35-b7d6-cf98f79b618d"><Execution id="caa7a639-7c4f-4b06-905e-d79315482a61" /><TestMethod codeBase="D:\Users\Steve Knipmeyer\Documents\GitHub\ModelRelief\ModelRelief.test\bin\Debug\netcoreapp2.0\ModelRelief.Test.dll" adapterTypeName="executor://xunit/VsTestRunner2/netcoreapp" className="ModelRelief.Test.Unit.DependencyManager.DependencyManagerTests" name="CameraHasExpectedDependentFiles" /></UnitTest><UnitTest name="GetList_ListReturnsCorrectCount" storage="d:\users\steve knipmeyer\documents\github\modelrelief\modelrelief.test\bin\debug\netcoreapp2.0\modelrelief.test.dll" id="6556b699-60a2-4ae3-b628-e469344f3522"><Execution id="87a0a79a-3d04-4f40-8fc6-1eab2c946bd5" /><TestMethod codeBase="D:\Users\Steve Knipmeyer\Documents\GitHub\ModelRelief\ModelRelief.test\bin\Debug\netcoreapp2.0\ModelRelief.Test.dll" adapterTypeName="executor://xunit/VsTestRunner2/netcoreapp" className="ModelRelief.Test.Integration.DepthBuffers.DepthBuffersBaseIntegrationTests" name="GetList_ListReturnsCorrectCount" /></UnitTest><UnitTest name="GetSingle_ValidIdPropertyValueReturnsCorrectModel" storage="d:\users\steve knipmeyer\documents\github\modelrelief\modelrelief.test\bin\debug\netcoreapp2.0\modelrelief.test.dll" id="12391deb-c998-4cab-8e55-5aa95458f790"><Execution id="9c19b54c-2596-44ee-81b4-e779fea7f61d" /><TestMethod codeBase="D:\Users\Steve Knipmeyer\Documents\GitHub\ModelRelief\ModelRelief.test\bin\Debug\netcoreapp2.0\ModelRelief.Test.dll" adapterTypeName="executor://xunit/VsTestRunner2/netcoreapp" className="ModelRelief.Test.Integration.Cameras.CamerasBaseIntegrationTests" name="GetSingle_ValidIdPropertyValueReturnsCorrectModel" /></UnitTest><UnitTest name="Post_CanCreateNewModel" storage="d:\users\steve knipmeyer\documents\github\modelrelief\modelrelief.test\bin\debug\netcoreapp2.0\modelrelief.test.dll" id="a49ae516-2a5e-4d33-bad3-40b0e2029948"><Execution id="03f03075-e8bf-4a57-81b6-76cf21458440" /><TestMethod codeBase="D:\Users\Steve Knipmeyer\Documents\GitHub\ModelRelief\ModelRelief.test\bin\Debug\netcoreapp2.0\ModelRelief.Test.dll" adapterTypeName="executor://xunit/VsTestRunner2/netcoreapp" className="ModelRelief.Test.Integration.MeshTransforms.MeshTransformsBaseIntegrationTests" name="Post_CanCreateNewModel" /></UnitTest><UnitTest name="Patch_TargetPropertyIsUpdated" storage="d:\users\steve knipmeyer\documents\github\modelrelief\modelrelief.test\bin\debug\netcoreapp2.0\modelrelief.test.dll" id="1ca5b2ec-fc0e-4a41-985d-c78f86c4e672"><Execution id="727c4ac1-34c4-44d8-bf62-b3fe56c3f505" /><TestMethod codeBase="D:\Users\Steve Knipmeyer\Documents\GitHub\ModelRelief\ModelRelief.test\bin\Debug\netcoreapp2.0\ModelRelief.Test.dll" adapterTypeName="executor://xunit/VsTestRunner2/netcoreapp" className="ModelRelief.Test.Integration.DepthBuffers.DepthBuffersBaseIntegrationTests" name="Patch_TargetPropertyIsUpdated" /></UnitTest><UnitTest name="PostFile_FileIsSynchronizedIsUpdatedAfterFileIsPosted" storage="d:\users\steve knipmeyer\documents\github\modelrelief\modelrelief.test\bin\debug\netcoreapp2.0\modelrelief.test.dll" id="fc2ff752-eb5d-4b58-acf0-77eba08c8970"><Execution id="73961d53-0b79-4a48-b019-11e1ac72e994" /><TestMethod codeBase="D:\Users\Steve Knipmeyer\Documents\GitHub\ModelRelief\ModelRelief.test\bin\Debug\netcoreapp2.0\ModelRelief.Test.dll" adapterTypeName="executor://xunit/VsTestRunner2/netcoreapp" className="ModelRelief.Test.Integration.Meshes.MeshesFileIntegrationTests" name="PostFile_FileIsSynchronizedIsUpdatedAfterFileIsPosted" /></UnitTest><UnitTest name="GetFile_NonExistentFileReturnsNotFound" storage="d:\users\steve knipmeyer\documents\github\modelrelief\modelrelief.test\bin\debug\netcoreapp2.0\modelrelief.test.dll" id="16f43af3-0698-4d91-96f1-6ae5bee2ac9b"><Execution id="baa0ffbc-4b96-4016-8f17-884e83d93512" /><TestMethod codeBase="D:\Users\Steve Knipmeyer\Documents\GitHub\ModelRelief\ModelRelief.test\bin\Debug\netcoreapp2.0\ModelRelief.Test.dll" adapterTypeName="executor://xunit/VsTestRunner2/netcoreapp" className="ModelRelief.Test.Integration.Models.ModelsFileIntegrationTests" name="GetFile_NonExistentFileReturnsNotFound" /></UnitTest><UnitTest name="Post_ValidReferencePropertyCreatesModel" storage="d:\users\steve knipmeyer\documents\github\modelrelief\modelrelief.test\bin\debug\netcoreapp2.0\modelrelief.test.dll" id="42c0356c-cea0-42b0-b951-bab549e7c167"><Execution id="a1eff83d-3eb2-427b-b7f0-7199b3ec5d4f" /><TestMethod codeBase="D:\Users\Steve Knipmeyer\Documents\GitHub\ModelRelief\ModelRelief.test\bin\Debug\netcoreapp2.0\ModelRelief.Test.dll" adapterTypeName="executor://xunit/VsTestRunner2/netcoreapp" className="ModelRelief.Test.Integration.Meshes.MeshesBaseIntegrationTests" name="Post_ValidReferencePropertyCreatesModel" /></UnitTest><UnitTest name="Post_ValidReferencePropertyCreatesModel" storage="d:\users\steve knipmeyer\documents\github\modelrelief\modelrelief.test\bin\debug\netcoreapp2.0\modelrelief.test.dll" id="98333229-cef3-4849-bf5d-e6762406b54d"><Execution id="536bdeb7-556c-433f-9182-686d0cd1b596" /><TestMethod codeBase="D:\Users\Steve Knipmeyer\Documents\GitHub\ModelRelief\ModelRelief.test\bin\Debug\netcoreapp2.0\ModelRelief.Test.dll" adapterTypeName="executor://xunit/VsTestRunner2/netcoreapp" className="ModelRelief.Test.Integration.Projects.ProjectsBaseIntegrationTests" name="Post_ValidReferencePropertyCreatesModel" /></UnitTest><UnitTest name="Patch_ValidReferencePropertyUpdatesModel" storage="d:\users\steve knipmeyer\documents\github\modelrelief\modelrelief.test\bin\debug\netcoreapp2.0\modelrelief.test.dll" id="9b239c3b-1cfb-4bcc-95a9-92c7d8397c81"><Execution id="63038586-36d4-4190-9877-3b361b0434bf" /><TestMethod codeBase="D:\Users\Steve Knipmeyer\Documents\GitHub\ModelRelief\ModelRelief.test\bin\Debug\netcoreapp2.0\ModelRelief.Test.dll" adapterTypeName="executor://xunit/VsTestRunner2/netcoreapp" className="ModelRelief.Test.Integration.MeshTransforms.MeshTransformsBaseIntegrationTests" name="Patch_ValidReferencePropertyUpdatesModel" /></UnitTest><UnitTest name="Patch_MultipleInvalidReferencePropertiesReturnsMultipleValidationErrorsAndBadRequest" storage="d:\users\steve knipmeyer\documents\github\modelrelief\modelrelief.test\bin\debug\netcoreapp2.0\modelrelief.test.dll" id="05ce4a2a-05d5-4782-9e01-fa5d0ea838b9"><Execution id="e4f3a4eb-897e-4370-8b21-7711fb1af996" /><TestMethod codeBase="D:\Users\Steve Knipmeyer\Documents\GitHub\ModelRelief\ModelRelief.test\bin\Debug\netcoreapp2.0\ModelRelief.Test.dll" adapterTypeName="executor://xunit/VsTestRunner2/netcoreapp" className="ModelRelief.Test.Integration.MeshTransforms.MeshTransformsBaseIntegrationTests" name="Patch_MultipleInvalidReferencePropertiesReturnsMultipleValidationErrorsAndBadRequest" /></UnitTest><UnitTest name="Patch_InvalidEnumPropertyValueReturnsBadRequest" storage="d:\users\steve knipmeyer\documents\github\modelrelief\modelrelief.test\bin\debug\netcoreapp2.0\modelrelief.test.dll" id="189322db-4e16-43b6-8432-0dc2198fcf9e"><Execution id="8aa5d08f-40cd-4733-b39a-832ee6bd485f" /><TestMethod codeBase="D:\Users\Steve Knipmeyer\Documents\GitHub\ModelRelief\ModelRelief.test\bin\Debug\netcoreapp2.0\ModelRelief.Test.dll" adapterTypeName="executor://xunit/VsTestRunner2/netcoreapp" className="ModelRelief.Test.Integration.Cameras.CamerasBaseIntegrationTests" name="Patch_InvalidEnumPropertyValueReturnsBadRequest" /></UnitTest><UnitTest name="GetList_ListReturnsCorrectCount" storage="d:\users\steve knipmeyer\documents\github\modelrelief\modelrelief.test\bin\debug\netcoreapp2.0\modelrelief.test.dll" id="47d1a5d9-d129-4984-bf9e-de0b67d4042f"><Execution id="54630f2f-af39-4f1e-b3f9-683e45fe0553" /><TestMethod codeBase="D:\Users\Steve Knipmeyer\Documents\GitHub\ModelRelief\ModelRelief.test\bin\Debug\netcoreapp2.0\ModelRelief.Test.dll" adapterTypeName="executor://xunit/VsTestRunner2/netcoreapp" className="ModelRelief.Test.Integration.Cameras.CamerasBaseIntegrationTests" name="GetList_ListReturnsCorrectCount" /></UnitTest><UnitTest name="Patch_InvalidIdPropertyReturnsNotFound" storage="d:\users\steve knipmeyer\documents\github\modelrelief\modelrelief.test\bin\debug\netcoreapp2.0\modelrelief.test.dll" id="dbb10e6d-5d66-4842-a34c-c4d2a630d48b"><Execution id="945c33d5-024d-487c-a330-46b2b8089d61" /><TestMethod codeBase="D:\Users\Steve Knipmeyer\Documents\GitHub\ModelRelief\ModelRelief.test\bin\Debug\netcoreapp2.0\ModelRelief.Test.dll" adapterTypeName="executor://xunit/VsTestRunner2/netcoreapp" className="ModelRelief.Test.Integration.MeshTransforms.MeshTransformsBaseIntegrationTests" name="Patch_InvalidIdPropertyReturnsNotFound" /></UnitTest><UnitTest name="Put_InvalidIdReturnsNotFound" storage="d:\users\steve knipmeyer\documents\github\modelrelief\modelrelief.test\bin\debug\netcoreapp2.0\modelrelief.test.dll" id="a8c643dd-5dd8-4f68-8129-572f64f764b6"><Execution id="0d393771-fed3-4e34-9e96-1a3598ff168c" /><TestMethod codeBase="D:\Users\Steve Knipmeyer\Documents\GitHub\ModelRelief\ModelRelief.test\bin\Debug\netcoreapp2.0\ModelRelief.Test.dll" adapterTypeName="executor://xunit/VsTestRunner2/netcoreapp" className="ModelRelief.Test.Integration.MeshTransforms.MeshTransformsBaseIntegrationTests" name="Put_InvalidIdReturnsNotFound" /></UnitTest><UnitTest name="GetSingle_InvalidIdPropertyValueReturnsNotFound" storage="d:\users\steve knipmeyer\documents\github\modelrelief\modelrelief.test\bin\debug\netcoreapp2.0\modelrelief.test.dll" id="f3ccb254-266f-454c-8d78-544644b3892d"><Execution id="180164f2-d3c7-4a20-8067-3141bfbec5ff" /><TestMethod codeBase="D:\Users\Steve Knipmeyer\Documents\GitHub\ModelRelief\ModelRelief.test\bin\Debug\netcoreapp2.0\ModelRelief.Test.dll" adapterTypeName="executor://xunit/VsTestRunner2/netcoreapp" className="ModelRelief.Test.Integration.Projects.ProjectsBaseIntegrationTests" name="GetSingle_InvalidIdPropertyValueReturnsNotFound" /></UnitTest><UnitTest name="FileRequest_DepthBufferIsInvalidatedAfterCameraDependencyPropertyChange" storage="d:\users\steve knipmeyer\documents\github\modelrelief\modelrelief.test\bin\debug\netcoreapp2.0\modelrelief.test.dll" id="c4bc2155-38d5-4351-9075-403c64509a81"><Execution id="9cac6235-c2ae-4e1d-984b-57794ddbe2d8" /><TestMethod codeBase="D:\Users\Steve Knipmeyer\Documents\GitHub\ModelRelief\ModelRelief.test\bin\Debug\netcoreapp2.0\ModelRelief.Test.dll" adapterTypeName="executor://xunit/VsTestRunner2/netcoreapp" className="ModelRelief.Test.Integration.DepthBuffers.DepthBuffersFileIntegrationTests" name="FileRequest_DepthBufferIsInvalidatedAfterCameraDependencyPropertyChange" /></UnitTest><UnitTest name="Model3dHasExpectedDependentFiles" storage="d:\users\steve knipmeyer\documents\github\modelrelief\modelrelief.test\bin\debug\netcoreapp2.0\modelrelief.test.dll" id="7d2e7476-1ad5-458b-98b7-5132a5ba2957"><Execution id="ec3bc05d-0232-4a0d-8e3b-19e47c4923ca" /><TestMethod codeBase="D:\Users\Steve Knipmeyer\Documents\GitHub\ModelRelief\ModelRelief.test\bin\Debug\netcoreapp2.0\ModelRelief.Test.dll" adapterTypeName="executor://xunit/VsTestRunner2/netcoreapp" className="ModelRelief.Test.Unit.DependencyManager.DependencyManagerTests" name="Model3dHasExpectedDependentFiles" /></UnitTest><UnitTest name="FileRequest_MeshGenerateSetsFileIsSynchronized" storage="d:\users\steve knipmeyer\documents\github\modelrelief\modelrelief.test\bin\debug\netcoreapp2.0\modelrelief.test.dll" id="1753a898-f160-46d0-9da0-ec7088ee8589"><Execution id="18d1bd0a-9bcc-4e3e-8efe-47c158bf363b" /><TestMethod codeBase="D:\Users\Steve Knipmeyer\Documents\GitHub\ModelRelief\ModelRelief.test\bin\Debug\netcoreapp2.0\ModelRelief.Test.dll" adapterTypeName="executor://xunit/VsTestRunner2/netcoreapp" className="ModelRelief.Test.Integration.Meshes.MeshesFileIntegrationTests" name="FileRequest_MeshGenerateSetsFileIsSynchronized" /></UnitTest><UnitTest name="Patch_MultipleInvalidReferencePropertiesReturnsMultipleValidationErrorsAndBadRequest" storage="d:\users\steve knipmeyer\documents\github\modelrelief\modelrelief.test\bin\debug\netcoreapp2.0\modelrelief.test.dll" id="136ed279-b8e3-4bc5-adf5-667ad35dfbf1"><Execution id="eaf6eaed-f579-4888-986c-7ecb52769ea6" /><TestMethod codeBase="D:\Users\Steve Knipmeyer\Documents\GitHub\ModelRelief\ModelRelief.test\bin\Debug\netcoreapp2.0\ModelRelief.Test.dll" adapterTypeName="executor://xunit/VsTestRunner2/netcoreapp" className="ModelRelief.Test.Integration.DepthBuffers.DepthBuffersBaseIntegrationTests" name="Patch_MultipleInvalidReferencePropertiesReturnsMultipleValidationErrorsAndBadRequest" /></UnitTest><UnitTest name="Patch_InvalidReferencePropertyReturnsBadRequest" storage="d:\users\steve knipmeyer\documents\github\modelrelief\modelrelief.test\bin\debug\netcoreapp2.0\modelrelief.test.dll" id="2c7da6cd-e440-47d2-99e4-4bda5885f605"><Execution id="53b65507-d91c-4d44-a505-7543372af4d6" /><TestMethod codeBase="D:\Users\Steve Knipmeyer\Documents\GitHub\ModelRelief\ModelRelief.test\bin\Debug\netcoreapp2.0\ModelRelief.Test.dll" adapterTypeName="executor://xunit/VsTestRunner2/netcoreapp" className="ModelRelief.Test.Integration.Cameras.CamerasBaseIntegrationTests" name="Patch_InvalidReferencePropertyReturnsBadRequest" /></UnitTest><UnitTest name="Patch_InvalidIdPropertyReturnsNotFound" storage="d:\users\steve knipmeyer\documents\github\modelrelief\modelrelief.test\bin\debug\netcoreapp2.0\modelrelief.test.dll" id="40dd55b1-77c3-47f9-bac2-75564afb6b1e"><Execution id="75171682-0b6d-43ce-8741-44ea775bbe72" /><TestMethod codeBase="D:\Users\Steve Knipmeyer\Documents\GitHub\ModelRelief\ModelRelief.test\bin\Debug\netcoreapp2.0\ModelRelief.Test.dll" adapterTypeName="executor://xunit/VsTestRunner2/netcoreapp" className="ModelRelief.Test.Integration.Models.ModelsBaseIntegrationTests" name="Patch_InvalidIdPropertyReturnsNotFound" /></UnitTest><UnitTest name="Delete_TargetModelIsDeleted" storage="d:\users\steve knipmeyer\documents\github\modelrelief\modelrelief.test\bin\debug\netcoreapp2.0\modelrelief.test.dll" id="7d08b38d-7c59-4e2c-9816-1d7ad9fd8d94"><Execution id="000f75d1-dd32-45eb-9621-7084774c88c6" /><TestMethod codeBase="D:\Users\Steve Knipmeyer\Documents\GitHub\ModelRelief\ModelRelief.test\bin\Debug\netcoreapp2.0\ModelRelief.Test.dll" adapterTypeName="executor://xunit/VsTestRunner2/netcoreapp" className="ModelRelief.Test.Integration.Meshes.MeshesBaseIntegrationTests" name="Delete_TargetModelIsDeleted" /></UnitTest><UnitTest name="PostFile_FileTimeStampIsUpdatedAfterFileIsPosted" storage="d:\users\steve knipmeyer\documents\github\modelrelief\modelrelief.test\bin\debug\netcoreapp2.0\modelrelief.test.dll" id="1f5ef424-322b-4e1c-8ebf-67c139e937ab"><Execution id="b1738cc3-b2b2-4293-9417-fdbdb1d930c1" /><TestMethod codeBase="D:\Users\Steve Knipmeyer\Documents\GitHub\ModelRelief\ModelRelief.test\bin\Debug\netcoreapp2.0\ModelRelief.Test.dll" adapterTypeName="executor://xunit/VsTestRunner2/netcoreapp" className="ModelRelief.Test.Integration.Models.ModelsFileIntegrationTests" name="PostFile_FileTimeStampIsUpdatedAfterFileIsPosted" /></UnitTest><UnitTest name="Patch_TargetPropertyIsUpdated" storage="d:\users\steve knipmeyer\documents\github\modelrelief\modelrelief.test\bin\debug\netcoreapp2.0\modelrelief.test.dll" id="3e45c11a-2f22-4050-8616-830c5ee8114e"><Execution id="15fbe290-6bfb-41da-b94b-01e574c2b0e4" /><TestMethod codeBase="D:\Users\Steve Knipmeyer\Documents\GitHub\ModelRelief\ModelRelief.test\bin\Debug\netcoreapp2.0\ModelRelief.Test.dll" adapterTypeName="executor://xunit/VsTestRunner2/netcoreapp" className="ModelRelief.Test.Integration.MeshTransforms.MeshTransformsBaseIntegrationTests" name="Patch_TargetPropertyIsUpdated" /></UnitTest><UnitTest name="Put_CanUpdateModel" storage="d:\users\steve knipmeyer\documents\github\modelrelief\modelrelief.test\bin\debug\netcoreapp2.0\modelrelief.test.dll" id="fbbea913-5e04-499d-b3da-f8ab7b4ffde6"><Execution id="778d2fda-81db-427b-904c-6f8810e88c8b" /><TestMethod codeBase="D:\Users\Steve Knipmeyer\Documents\GitHub\ModelRelief\ModelRelief.test\bin\Debug\netcoreapp2.0\ModelRelief.Test.dll" adapterTypeName="executor://xunit/VsTestRunner2/netcoreapp" className="ModelRelief.Test.Integration.Models.ModelsBaseIntegrationTests" name="Put_CanUpdateModel" /></UnitTest><UnitTest name="Patch_TargetPropertyIsUpdated" storage="d:\users\steve knipmeyer\documents\github\modelrelief\modelrelief.test\bin\debug\netcoreapp2.0\modelrelief.test.dll" id="53180eeb-a6b2-4254-8d96-49d82edec66e"><Execution id="4491ea38-b088-4fa0-9e44-b1ea4779c239" /><TestMethod codeBase="D:\Users\Steve Knipmeyer\Documents\GitHub\ModelRelief\ModelRelief.test\bin\Debug\netcoreapp2.0\ModelRelief.Test.dll" adapterTypeName="executor://xunit/VsTestRunner2/netcoreapp" className="ModelRelief.Test.Integration.Meshes.MeshesBaseIntegrationTests" name="Patch_TargetPropertyIsUpdated" /></UnitTest><UnitTest name="GetSingle_InvalidIdPropertyValueReturnsNotFound" storage="d:\users\steve knipmeyer\documents\github\modelrelief\modelrelief.test\bin\debug\netcoreapp2.0\modelrelief.test.dll" id="2e935ae0-c667-4729-b515-48ff8a13a420"><Execution id="78e50166-2f0f-4c59-bad7-70a5efc3a75b" /><TestMethod codeBase="D:\Users\Steve Knipmeyer\Documents\GitHub\ModelRelief\ModelRelief.test\bin\Debug\netcoreapp2.0\ModelRelief.Test.dll" adapterTypeName="executor://xunit/VsTestRunner2/netcoreapp" className="ModelRelief.Test.Integration.MeshTransforms.MeshTransformsBaseIntegrationTests" name="GetSingle_InvalidIdPropertyValueReturnsNotFound" /></UnitTest><UnitTest name="Delete_TargetModelIsDeleted" storage="d:\users\steve knipmeyer\documents\github\modelrelief\modelrelief.test\bin\debug\netcoreapp2.0\modelrelief.test.dll" id="4675255e-893e-44b7-a3e3-f1043e08519b"><Execution id="71a65043-2ead-47b8-bcf8-cf029421533f" /><TestMethod codeBase="D:\Users\Steve Knipmeyer\Documents\GitHub\ModelRelief\ModelRelief.test\bin\Debug\netcoreapp2.0\ModelRelief.Test.dll" adapterTypeName="executor://xunit/VsTestRunner2/netcoreapp" className="ModelRelief.Test.Integration.Models.ModelsBaseIntegrationTests" name="Delete_TargetModelIsDeleted" /></UnitTest><UnitTest name="Patch_ValidReferencePropertyUpdatesModel" storage="d:\users\steve knipmeyer\documents\github\modelrelief\modelrelief.test\bin\debug\netcoreapp2.0\modelrelief.test.dll" id="535df148-a9f5-4fd0-8cd1-7a1d3fee596a"><Execution id="7063050a-3db3-49c6-a07b-c3e9bdf1c3a7" /><TestMethod codeBase="D:\Users\Steve Knipmeyer\Documents\GitHub\ModelRelief\ModelRelief.test\bin\Debug\netcoreapp2.0\ModelRelief.Test.dll" adapterTypeName="executor://xunit/VsTestRunner2/netcoreapp" className="ModelRelief.Test.Integration.Projects.ProjectsBaseIntegrationTests" name="Patch_ValidReferencePropertyUpdatesModel" /></UnitTest><UnitTest name="GetSingle_ValidIdPropertyValueReturnsCorrectModel" storage="d:\users\steve knipmeyer\documents\github\modelrelief\modelrelief.test\bin\debug\netcoreapp2.0\modelrelief.test.dll" id="9e865645-a6b1-438e-9f0b-0136b8a35abc"><Execution id="5f7885f8-68dc-4396-a48c-3c029cc01cf7" /><TestMethod codeBase="D:\Users\Steve Knipmeyer\Documents\GitHub\ModelRelief\ModelRelief.test\bin\Debug\netcoreapp2.0\ModelRelief.Test.dll" adapterTypeName="executor://xunit/VsTestRunner2/netcoreapp" className="ModelRelief.Test.Integration.Projects.ProjectsBaseIntegrationTests" name="GetSingle_ValidIdPropertyValueReturnsCorrectModel" /></UnitTest><UnitTest name="Put_InvalidReferencePropertyReturndBadRequest" storage="d:\users\steve knipmeyer\documents\github\modelrelief\modelrelief.test\bin\debug\netcoreapp2.0\modelrelief.test.dll" id="2830a021-5be9-41d1-8b45-a70bfb294a92"><Execution id="188cdc36-8d1e-421a-be8f-5ebfc0b6a551" /><TestMethod codeBase="D:\Users\Steve Knipmeyer\Documents\GitHub\ModelRelief\ModelRelief.test\bin\Debug\netcoreapp2.0\ModelRelief.Test.dll" adapterTypeName="executor://xunit/VsTestRunner2/netcoreapp" className="ModelRelief.Test.Integration.DepthBuffers.DepthBuffersBaseIntegrationTests" name="Put_InvalidReferencePropertyReturndBadRequest" /></UnitTest><UnitTest name="FileRequest_FileCanBeReadAfterRename" storage="d:\users\steve knipmeyer\documents\github\modelrelief\modelrelief.test\bin\debug\netcoreapp2.0\modelrelief.test.dll" id="3ccd7418-81f8-4692-8077-5ad97229f361"><Execution id="81987e1a-3eac-4e8b-b456-771806fb9772" /><TestMethod codeBase="D:\Users\Steve Knipmeyer\Documents\GitHub\ModelRelief\ModelRelief.test\bin\Debug\netcoreapp2.0\ModelRelief.Test.dll" adapterTypeName="executor://xunit/VsTestRunner2/netcoreapp" className="ModelRelief.Test.Integration.Meshes.MeshesFileIntegrationTests" name="FileRequest_FileCanBeReadAfterRename" /></UnitTest><UnitTest name="Post_CanCreateNewModel" storage="d:\users\steve knipmeyer\documents\github\modelrelief\modelrelief.test\bin\debug\netcoreapp2.0\modelrelief.test.dll" id="5cc1eddd-1d7a-428a-9257-660003cc335d"><Execution id="9afc347f-d475-4391-8d5d-2f2fc2d3c528" /><TestMethod codeBase="D:\Users\Steve Knipmeyer\Documents\GitHub\ModelRelief\ModelRelief.test\bin\Debug\netcoreapp2.0\ModelRelief.Test.dll" adapterTypeName="executor://xunit/VsTestRunner2/netcoreapp" className="ModelRelief.Test.Integration.DepthBuffers.DepthBuffersBaseIntegrationTests" name="Post_CanCreateNewModel" /></UnitTest><UnitTest name="Delete_TargetModelIsDeleted" storage="d:\users\steve knipmeyer\documents\github\modelrelief\modelrelief.test\bin\debug\netcoreapp2.0\modelrelief.test.dll" id="a11bfe1d-bdf5-449a-92b2-9411d2fecea9"><Execution id="a88a451e-b055-40a2-a9d4-ca6dfc604321" /><TestMethod codeBase="D:\Users\Steve Knipmeyer\Documents\GitHub\ModelRelief\ModelRelief.test\bin\Debug\netcoreapp2.0\ModelRelief.Test.dll" adapterTypeName="executor://xunit/VsTestRunner2/netcoreapp" className="ModelRelief.Test.Integration.DepthBuffers.DepthBuffersBaseIntegrationTests" name="Delete_TargetModelIsDeleted" /></UnitTest><UnitTest name="Patch_ValidReferencePropertyUpdatesModel" storage="d:\users\steve knipmeyer\documents\github\modelrelief\modelrelief.test\bin\debug\netcoreapp2.0\modelrelief.test.dll" id="08978772-a8bb-4a29-9ee2-fe2eed9b8999"><Execution id="6e28e8ec-6438-463f-bb63-54c1807055ec" /><TestMethod codeBase="D:\Users\Steve Knipmeyer\Documents\GitHub\ModelRelief\ModelRelief.test\bin\Debug\netcoreapp2.0\ModelRelief.Test.dll" adapterTypeName="executor://xunit/VsTestRunner2/netcoreapp" className="ModelRelief.Test.Integration.DepthBuffers.DepthBuffersBaseIntegrationTests" name="Patch_ValidReferencePropertyUpdatesModel" /></UnitTest><UnitTest name="Patch_InvalidEnumPropertyValueReturnsBadRequest" storage="d:\users\steve knipmeyer\documents\github\modelrelief\modelrelief.test\bin\debug\netcoreapp2.0\modelrelief.test.dll" id="fcde47f9-ce0b-4e83-9b1f-e2e2f365065b"><Execution id="29208f06-38d8-4a1e-b720-09f2c3205633" /><TestMethod codeBase="D:\Users\Steve Knipmeyer\Documents\GitHub\ModelRelief\ModelRelief.test\bin\Debug\netcoreapp2.0\ModelRelief.Test.dll" adapterTypeName="executor://xunit/VsTestRunner2/netcoreapp" className="ModelRelief.Test.Integration.MeshTransforms.MeshTransformsBaseIntegrationTests" name="Patch_InvalidEnumPropertyValueReturnsBadRequest" /></UnitTest><UnitTest name="Post_ValidReferencePropertyCreatesModel" storage="d:\users\steve knipmeyer\documents\github\modelrelief\modelrelief.test\bin\debug\netcoreapp2.0\modelrelief.test.dll" id="642c6fff-3822-468c-a328-4d2ffb24293c"><Execution id="2819aea4-6caa-4b7d-b5a9-1d34a248d869" /><TestMethod codeBase="D:\Users\Steve Knipmeyer\Documents\GitHub\ModelRelief\ModelRelief.test\bin\Debug\netcoreapp2.0\ModelRelief.Test.dll" adapterTypeName="executor://xunit/VsTestRunner2/netcoreapp" className="ModelRelief.Test.Integration.Cameras.CamerasBaseIntegrationTests" name="Post_ValidReferencePropertyCreatesModel" /></UnitTest><UnitTest name="Patch_InvalidIdPropertyReturnsNotFound" storage="d:\users\steve knipmeyer\documents\github\modelrelief\modelrelief.test\bin\debug\netcoreapp2.0\modelrelief.test.dll" id="0d9a7971-47b5-414f-bf68-8797ae89f78f"><Execution id="6cd1acee-931f-4449-83ae-7258eabb421b" /><TestMethod codeBase="D:\Users\Steve Knipmeyer\Documents\GitHub\ModelRelief\ModelRelief.test\bin\Debug\netcoreapp2.0\ModelRelief.Test.dll" adapterTypeName="executor://xunit/VsTestRunner2/netcoreapp" className="ModelRelief.Test.Integration.Projects.ProjectsBaseIntegrationTests" name="Patch_InvalidIdPropertyReturnsNotFound" /></UnitTest><UnitTest name="Post_ValidReferencePropertyCreatesModel" storage="d:\users\steve knipmeyer\documents\github\modelrelief\modelrelief.test\bin\debug\netcoreapp2.0\modelrelief.test.dll" id="b2a1232b-23c8-46a9-a704-8f7514b2ddc1"><Execution id="cabb55b0-70e2-4879-b7d1-b0b123a4ab00" /><TestMethod codeBase="D:\Users\Steve Knipmeyer\Documents\GitHub\ModelRelief\ModelRelief.test\bin\Debug\netcoreapp2.0\ModelRelief.Test.dll" adapterTypeName="executor://xunit/VsTestRunner2/netcoreapp" className="ModelRelief.Test.Integration.MeshTransforms.MeshTransformsBaseIntegrationTests" name="Post_ValidReferencePropertyCreatesModel" /></UnitTest><UnitTest name="Post_CanCreateNewModel" storage="d:\users\steve knipmeyer\documents\github\modelrelief\modelrelief.test\bin\debug\netcoreapp2.0\modelrelief.test.dll" id="c448d2a5-96ac-42b5-86ac-8b376f03b13c"><Execution id="b3cf57f4-f437-42ce-8aca-d59c655f117a" /><TestMethod codeBase="D:\Users\Steve Knipmeyer\Documents\GitHub\ModelRelief\ModelRelief.test\bin\Debug\netcoreapp2.0\ModelRelief.Test.dll" adapterTypeName="executor://xunit/VsTestRunner2/netcoreapp" className="ModelRelief.Test.Integration.Cameras.CamerasBaseIntegrationTests" name="Post_CanCreateNewModel" /></UnitTest><UnitTest name="Put_ValidReferencePropertyUpdatesModel" storage="d:\users\steve knipmeyer\documents\github\modelrelief\modelrelief.test\bin\debug\netcoreapp2.0\modelrelief.test.dll" id="cb15b722-f71a-4aab-a84c-9e3ef1eb00d6"><Execution id="baaa6290-4be9-4d5c-8f37-e855951fff1c" /><TestMethod codeBase="D:\Users\Steve Knipmeyer\Documents\GitHub\ModelRelief\ModelRelief.test\bin\Debug\netcoreapp2.0\ModelRelief.Test.dll" adapterTypeName="executor://xunit/VsTestRunner2/netcoreapp" className="ModelRelief.Test.Integration.Cameras.CamerasBaseIntegrationTests" name="Put_ValidReferencePropertyUpdatesModel" /></UnitTest><UnitTest name="Patch_MultipleInvalidReferencePropertiesReturnsMultipleValidationErrorsAndBadRequest" storage="d:\users\steve knipmeyer\documents\github\modelrelief\modelrelief.test\bin\debug\netcoreapp2.0\modelrelief.test.dll" id="1aff28d1-b954-4e9d-a2d5-1fe317746890"><Execution id="aaa10d61-a9ca-451d-a9d3-aa3e19044079" /><TestMethod codeBase="D:\Users\Steve Knipmeyer\Documents\GitHub\ModelRelief\ModelRelief.test\bin\Debug\netcoreapp2.0\ModelRelief.Test.dll" adapterTypeName="executor://xunit/VsTestRunner2/netcoreapp" className="ModelRelief.Test.Integration.Cameras.CamerasBaseIntegrationTests" name="Patch_MultipleInvalidReferencePropertiesReturnsMultipleValidationErrorsAndBadRequest" /></UnitTest><UnitTest name="Post_InvalidPropertyValueReturnsBadRequest" storage="d:\users\steve knipmeyer\documents\github\modelrelief\modelrelief.test\bin\debug\netcoreapp2.0\modelrelief.test.dll" id="3c95e383-a2d2-4b6e-8f3b-35fc972dbd50"><Execution id="c5522253-aeca-4235-9bb3-5d6543dfb40c" /><TestMethod codeBase="D:\Users\Steve Knipmeyer\Documents\GitHub\ModelRelief\ModelRelief.test\bin\Debug\netcoreapp2.0\ModelRelief.Test.dll" adapterTypeName="executor://xunit/VsTestRunner2/netcoreapp" className="ModelRelief.Test.Integration.Projects.ProjectsBaseIntegrationTests" name="Post_InvalidPropertyValueReturnsBadRequest" /></UnitTest><UnitTest name="Patch_InvalidPropertyNameReturnsBadRequest" storage="d:\users\steve knipmeyer\documents\github\modelrelief\modelrelief.test\bin\debug\netcoreapp2.0\modelrelief.test.dll" id="1eda0c0d-83fc-4587-b6f5-462bb50697be"><Execution id="cd440a7c-50f2-4f0b-9697-adf888589849" /><TestMethod codeBase="D:\Users\Steve Knipmeyer\Documents\GitHub\ModelRelief\ModelRelief.test\bin\Debug\netcoreapp2.0\ModelRelief.Test.dll" adapterTypeName="executor://xunit/VsTestRunner2/netcoreapp" className="ModelRelief.Test.Integration.Meshes.MeshesBaseIntegrationTests" name="Patch_InvalidPropertyNameReturnsBadRequest" /></UnitTest><UnitTest name="Post_InvalidPropertyValueReturnsBadRequest" storage="d:\users\steve knipmeyer\documents\github\modelrelief\modelrelief.test\bin\debug\netcoreapp2.0\modelrelief.test.dll" id="225deee0-bf93-4a04-ba2e-fa7e1e1956e5"><Execution id="e04b2734-d416-48a7-838a-6f6781f45671" /><TestMethod codeBase="D:\Users\Steve Knipmeyer\Documents\GitHub\ModelRelief\ModelRelief.test\bin\Debug\netcoreapp2.0\ModelRelief.Test.dll" adapterTypeName="executor://xunit/VsTestRunner2/netcoreapp" className="ModelRelief.Test.Integration.MeshTransforms.MeshTransformsBaseIntegrationTests" name="Post_InvalidPropertyValueReturnsBadRequest" /></UnitTest><UnitTest name="DepthBufferHasExpectedDependentFiles" storage="d:\users\steve knipmeyer\documents\github\modelrelief\modelrelief.test\bin\debug\netcoreapp2.0\modelrelief.test.dll" id="bff92f71-79aa-45bb-b089-8f5411a383f9"><Execution id="b44b89aa-e771-4ac4-aada-5bbe607b3c23" /><TestMethod codeBase="D:\Users\Steve Knipmeyer\Documents\GitHub\ModelRelief\ModelRelief.test\bin\Debug\netcoreapp2.0\ModelRelief.Test.dll" adapterTypeName="executor://xunit/VsTestRunner2/netcoreapp" className="ModelRelief.Test.Unit.DependencyManager.DependencyManagerTests" name="DepthBufferHasExpectedDependentFiles" /></UnitTest><UnitTest name="GetList_ListReturnsCorrectCount" storage="d:\users\steve knipmeyer\documents\github\modelrelief\modelrelief.test\bin\debug\netcoreapp2.0\modelrelief.test.dll" id="8aed95e5-c3bd-4128-9c3e-faf064a2e620"><Execution id="6aa44468-b598-4e57-9338-ba682f992468" /><TestMethod codeBase="D:\Users\Steve Knipmeyer\Documents\GitHub\ModelRelief\ModelRelief.test\bin\Debug\netcoreapp2.0\ModelRelief.Test.dll" adapterTypeName="executor://xunit/VsTestRunner2/netcoreapp" className="ModelRelief.Test.Integration.Models.ModelsBaseIntegrationTests" name="GetList_ListReturnsCorrectCount" /></UnitTest><UnitTest name="Put_InvalidReferencePropertyReturndBadRequest" storage="d:\users\steve knipmeyer\documents\github\modelrelief\modelrelief.test\bin\debug\netcoreapp2.0\modelrelief.test.dll" id="7848d9b6-a733-46ab-933a-aff7454e8bd8"><Execution id="bf8e10e1-8f86-42e0-9efe-c48b5fd5fa8c" /><TestMethod codeBase="D:\Users\Steve Knipmeyer\Documents\GitHub\ModelRelief\ModelRelief.test\bin\Debug\netcoreapp2.0\ModelRelief.Test.dll" adapterTypeName="executor://xunit/VsTestRunner2/netcoreapp" className="ModelRelief.Test.Integration.Meshes.MeshesBaseIntegrationTests" name="Put_InvalidReferencePropertyReturndBadRequest" /></UnitTest><UnitTest name="GetFile_NonExistentFileReturnsNotFound" storage="d:\users\steve knipmeyer\documents\github\modelrelief\modelrelief.test\bin\debug\netcoreapp2.0\modelrelief.test.dll" id="4b2da3f0-7778-4902-87ae-c4dd49723f61"><Execution id="149cda4c-1122-4502-b10a-06bf619ea803" /><TestMethod codeBase="D:\Users\Steve Knipmeyer\Documents\GitHub\ModelRelief\ModelRelief.test\bin\Debug\netcoreapp2.0\ModelRelief.Test.dll" adapterTypeName="executor://xunit/VsTestRunner2/netcoreapp" className="ModelRelief.Test.Integration.DepthBuffers.DepthBuffersFileIntegrationTests" name="GetFile_NonExistentFileReturnsNotFound" /></UnitTest><UnitTest name="GetFile_ExistingFileReturnsSuccess" storage="d:\users\steve knipmeyer\documents\github\modelrelief\modelrelief.test\bin\debug\netcoreapp2.0\modelrelief.test.dll" id="5ca76714-d980-4ad6-ae2f-9c598a0b9bab"><Execution id="afa24db6-d43f-482c-a02d-1ab04cdaef2e" /><TestMethod codeBase="D:\Users\Steve Knipmeyer\Documents\GitHub\ModelRelief\ModelRelief.test\bin\Debug\netcoreapp2.0\ModelRelief.Test.dll" adapterTypeName="executor://xunit/VsTestRunner2/netcoreapp" className="ModelRelief.Test.Integration.DepthBuffers.DepthBuffersFileIntegrationTests" name="GetFile_ExistingFileReturnsSuccess" /></UnitTest><UnitTest name="Patch_InvalidPropertyNameReturnsBadRequest" storage="d:\users\steve knipmeyer\documents\github\modelrelief\modelrelief.test\bin\debug\netcoreapp2.0\modelrelief.test.dll" id="3f988ee7-c4aa-4f17-a774-7acc8e7fa2c9"><Execution id="df4a3fd2-2644-4c9a-9755-d42deeb2c421" /><TestMethod codeBase="D:\Users\Steve Knipmeyer\Documents\GitHub\ModelRelief\ModelRelief.test\bin\Debug\netcoreapp2.0\ModelRelief.Test.dll" adapterTypeName="executor://xunit/VsTestRunner2/netcoreapp" className="ModelRelief.Test.Integration.MeshTransforms.MeshTransformsBaseIntegrationTests" name="Patch_InvalidPropertyNameReturnsBadRequest" /></UnitTest><UnitTest name="Put_InvalidReferencePropertyReturndBadRequest" storage="d:\users\steve knipmeyer\documents\github\modelrelief\modelrelief.test\bin\debug\netcoreapp2.0\modelrelief.test.dll" id="29987fc7-d967-4403-a277-34ce8a5df399"><Execution id="ff90eecc-5444-4321-b99c-dae346ebbab1" /><TestMethod codeBase="D:\Users\Steve Knipmeyer\Documents\GitHub\ModelRelief\ModelRelief.test\bin\Debug\netcoreapp2.0\ModelRelief.Test.dll" adapterTypeName="executor://xunit/VsTestRunner2/netcoreapp" className="ModelRelief.Test.Integration.Cameras.CamerasBaseIntegrationTests" name="Put_InvalidReferencePropertyReturndBadRequest" /></UnitTest><UnitTest name="Post_CanCreateNewModel" storage="d:\users\steve knipmeyer\documents\github\modelrelief\modelrelief.test\bin\debug\netcoreapp2.0\modelrelief.test.dll" id="72c5dae0-e9f7-4c62-abb4-97e2757f49a8"><Execution id="26a65e47-1897-49c2-b3a1-7dcd45caac56" /><TestMethod codeBase="D:\Users\Steve Knipmeyer\Documents\GitHub\ModelRelief\ModelRelief.test\bin\Debug\netcoreapp2.0\ModelRelief.Test.dll" adapterTypeName="executor://xunit/VsTestRunner2/netcoreapp" className="ModelRelief.Test.Integration.Projects.ProjectsBaseIntegrationTests" name="Post_CanCreateNewModel" /></UnitTest><UnitTest name="GetSingle_InvalidIdPropertyValueReturnsNotFound" storage="d:\users\steve knipmeyer\documents\github\modelrelief\modelrelief.test\bin\debug\netcoreapp2.0\modelrelief.test.dll" id="a55f4dce-967c-41ba-bbaf-7d35ae641e0a"><Execution id="8a19e85d-6d22-472a-b4dd-4ea12ca41b72" /><TestMethod codeBase="D:\Users\Steve Knipmeyer\Documents\GitHub\ModelRelief\ModelRelief.test\bin\Debug\netcoreapp2.0\ModelRelief.Test.dll" adapterTypeName="executor://xunit/VsTestRunner2/netcoreapp" className="ModelRelief.Test.Integration.DepthBuffers.DepthBuffersBaseIntegrationTests" name="GetSingle_InvalidIdPropertyValueReturnsNotFound" /></UnitTest><UnitTest name="Put_CanUpdateModel" storage="d:\users\steve knipmeyer\documents\github\modelrelief\modelrelief.test\bin\debug\netcoreapp2.0\modelrelief.test.dll" id="27f7aa69-6086-4f9e-a5c9-7bb26ead7087"><Execution id="1c56e66e-4972-4d8a-b0b5-10ce7dff9809" /><TestMethod codeBase="D:\Users\Steve Knipmeyer\Documents\GitHub\ModelRelief\ModelRelief.test\bin\Debug\netcoreapp2.0\ModelRelief.Test.dll" adapterTypeName="executor://xunit/VsTestRunner2/netcoreapp" className="ModelRelief.Test.Integration.Meshes.MeshesBaseIntegrationTests" name="Put_CanUpdateModel" /></UnitTest><UnitTest name="LucyCameraFindsAllDependents" storage="d:\users\steve knipmeyer\documents\github\modelrelief\modelrelief.test\bin\debug\netcoreapp2.0\modelrelief.test.dll" id="ceabff84-b918-44d2-9024-791d2b46ca96"><Execution id="8d840c96-c126-49c0-8218-23753f6096d3" /><TestMethod codeBase="D:\Users\Steve Knipmeyer\Documents\GitHub\ModelRelief\ModelRelief.test\bin\Debug\netcoreapp2.0\ModelRelief.Test.dll" adapterTypeName="executor://xunit/VsTestRunner2/netcoreapp" className="ModelRelief.Test.Unit.DependencyManager.DependencyManagerTests" name="LucyCameraFindsAllDependents" /></UnitTest><UnitTest name="Post_InvalidPropertyValueReturnsBadRequest" storage="d:\users\steve knipmeyer\documents\github\modelrelief\modelrelief.test\bin\debug\netcoreapp2.0\modelrelief.test.dll" id="97f56a3e-4f72-439a-8993-b633969eecad"><Execution id="fab07306-848b-47d1-b412-a426f1dc7d83" /><TestMethod codeBase="D:\Users\Steve Knipmeyer\Documents\GitHub\ModelRelief\ModelRelief.test\bin\Debug\netcoreapp2.0\ModelRelief.Test.dll" adapterTypeName="executor://xunit/VsTestRunner2/netcoreapp" className="ModelRelief.Test.Integration.DepthBuffers.DepthBuffersBaseIntegrationTests" name="Post_InvalidPropertyValueReturnsBadRequest" /></UnitTest><UnitTest name="FileRequest_MeshIsInvalidatedAfterDepthBufferFileBecomesUnsynchronized" storage="d:\users\steve knipmeyer\documents\github\modelrelief\modelrelief.test\bin\debug\netcoreapp2.0\modelrelief.test.dll" id="47caf586-423d-46c2-815a-2fdbc971f888"><Execution id="865db69b-6fe2-405e-839d-a984569a1ffd" /><TestMethod codeBase="D:\Users\Steve Knipmeyer\Documents\GitHub\ModelRelief\ModelRelief.test\bin\Debug\netcoreapp2.0\ModelRelief.Test.dll" adapterTypeName="executor://xunit/VsTestRunner2/netcoreapp" className="ModelRelief.Test.Integration.Meshes.MeshesFileIntegrationTests" name="FileRequest_MeshIsInvalidatedAfterDepthBufferFileBecomesUnsynchronized" /></UnitTest><UnitTest name="Patch_ValidReferencePropertyUpdatesModel" storage="d:\users\steve knipmeyer\documents\github\modelrelief\modelrelief.test\bin\debug\netcoreapp2.0\modelrelief.test.dll" id="7dc8da04-fe71-4d46-ab84-f787fc32cc37"><Execution id="f72595f2-9396-41e7-9e2e-9236919064e3" /><TestMethod codeBase="D:\Users\Steve Knipmeyer\Documents\GitHub\ModelRelief\ModelRelief.test\bin\Debug\netcoreapp2.0\ModelRelief.Test.dll" adapterTypeName="executor://xunit/VsTestRunner2/netcoreapp" className="ModelRelief.Test.Integration.Models.ModelsBaseIntegrationTests" name="Patch_ValidReferencePropertyUpdatesModel" /></UnitTest><UnitTest name="Patch_InvalidIdPropertyReturnsNotFound" storage="d:\users\steve knipmeyer\documents\github\modelrelief\modelrelief.test\bin\debug\netcoreapp2.0\modelrelief.test.dll" id="c6f9dfb6-f3ed-49cf-9d75-cc67efa951ed"><Execution id="5b90b8e0-bdd2-4f19-800d-cc65c21006e6" /><TestMethod codeBase="D:\Users\Steve Knipmeyer\Documents\GitHub\ModelRelief\ModelRelief.test\bin\Debug\netcoreapp2.0\ModelRelief.Test.dll" adapterTypeName="executor://xunit/VsTestRunner2/netcoreapp" className="ModelRelief.Test.Integration.Cameras.CamerasBaseIntegrationTests" name="Patch_InvalidIdPropertyReturnsNotFound" /></UnitTest><UnitTest name="GetSingle_ValidIdPropertyValueReturnsCorrectModel" storage="d:\users\steve knipmeyer\documents\github\modelrelief\modelrelief.test\bin\debug\netcoreapp2.0\modelrelief.test.dll" id="182d7f81-9a51-4f41-9eef-117078b59b8f"><Execution id="fc8fb211-4ec8-4cd9-a016-12c4c3f9f847" /><TestMethod codeBase="D:\Users\Steve Knipmeyer\Documents\GitHub\ModelRelief\ModelRelief.test\bin\Debug\netcoreapp2.0\ModelRelief.Test.dll" adapterTypeName="executor://xunit/VsTestRunner2/netcoreapp" className="ModelRelief.Test.Integration.DepthBuffers.DepthBuffersBaseIntegrationTests" name="GetSingle_ValidIdPropertyValueReturnsCorrectModel" /></UnitTest><UnitTest name="Patch_MultipleInvalidReferencePropertiesReturnsMultipleValidationErrorsAndBadRequest" storage="d:\users\steve knipmeyer\documents\github\modelrelief\modelrelief.test\bin\debug\netcoreapp2.0\modelrelief.test.dll" id="e26d9f5f-de4c-4b02-b4fa-df9bf50784f9"><Execution id="efb34f50-86f0-41fd-bd10-a5f243e50b86" /><TestMethod codeBase="D:\Users\Steve Knipmeyer\Documents\GitHub\ModelRelief\ModelRelief.test\bin\Debug\netcoreapp2.0\ModelRelief.Test.dll" adapterTypeName="executor://xunit/VsTestRunner2/netcoreapp" className="ModelRelief.Test.Integration.Models.ModelsBaseIntegrationTests" name="Patch_MultipleInvalidReferencePropertiesReturnsMultipleValidationErrorsAndBadRequest" /></UnitTest><UnitTest name="GetFile_NonExistentFileReturnsNotFound" storage="d:\users\steve knipmeyer\documents\github\modelrelief\modelrelief.test\bin\debug\netcoreapp2.0\modelrelief.test.dll" id="c09ed59b-f81f-4761-94ac-23351e31314f"><Execution id="12c4e17b-b893-4dd8-8de7-93751c52b394" /><TestMethod codeBase="D:\Users\Steve Knipmeyer\Documents\GitHub\ModelRelief\ModelRelief.test\bin\Debug\netcoreapp2.0\ModelRelief.Test.dll" adapterTypeName="executor://xunit/VsTestRunner2/netcoreapp" className="ModelRelief.Test.Integration.Meshes.MeshesFileIntegrationTests" name="GetFile_NonExistentFileReturnsNotFound" /></UnitTest><UnitTest name="FileRequest_MeshGenerateScalesDepthBufferByUnsharpHighFrequencyScale" storage="d:\users\steve knipmeyer\documents\github\modelrelief\modelrelief.test\bin\debug\netcoreapp2.0\modelrelief.test.dll" id="7c47d61e-ca97-4162-b928-1ee4937ae723"><Execution id="bdc2b21c-ddae-4046-8eaa-9088ec0e4464" /><TestMethod codeBase="D:\Users\Steve Knipmeyer\Documents\GitHub\ModelRelief\ModelRelief.test\bin\Debug\netcoreapp2.0\ModelRelief.Test.dll" adapterTypeName="executor://xunit/VsTestRunner2/netcoreapp" className="ModelRelief.Test.Integration.Meshes.MeshesFileIntegrationTests" name="FileRequest_MeshGenerateScalesDepthBufferByUnsharpHighFrequencyScale" /></UnitTest><UnitTest name="Put_InvalidIdReturnsNotFound" storage="d:\users\steve knipmeyer\documents\github\modelrelief\modelrelief.test\bin\debug\netcoreapp2.0\modelrelief.test.dll" id="86a5613a-0c0c-48ac-ae05-37fade93a552"><Execution id="3d67d7b0-34b1-4af5-91cd-ba7fa8a536c9" /><TestMethod codeBase="D:\Users\Steve Knipmeyer\Documents\GitHub\ModelRelief\ModelRelief.test\bin\Debug\netcoreapp2.0\ModelRelief.Test.dll" adapterTypeName="executor://xunit/VsTestRunner2/netcoreapp" className="ModelRelief.Test.Integration.Models.ModelsBaseIntegrationTests" name="Put_InvalidIdReturnsNotFound" /></UnitTest><UnitTest name="PutFile_NewFileCanBePut" storage="d:\users\steve knipmeyer\documents\github\modelrelief\modelrelief.test\bin\debug\netcoreapp2.0\modelrelief.test.dll" id="b4249a49-9b13-48c0-8bc5-5cca9be12e22"><Execution id="4ceb30d2-82dd-483a-ad38-5c404d8d88ac" /><TestMethod codeBase="D:\Users\Steve Knipmeyer\Documents\GitHub\ModelRelief\ModelRelief.test\bin\Debug\netcoreapp2.0\ModelRelief.Test.dll" adapterTypeName="executor://xunit/VsTestRunner2/netcoreapp" className="ModelRelief.Test.Integration.DepthBuffers.DepthBuffersFileIntegrationTests" name="PutFile_NewFileCanBePut" /></UnitTest><UnitTest name="FileRequest_FileCanBeReadAfterRename" storage="d:\users\steve knipmeyer\documents\github\modelrelief\modelrelief.test\bin\debug\netcoreapp2.0\modelrelief.test.dll" id="1b7748b9-3646-4ee7-a42f-aa8166a9876a"><Execution id="654a057c-bf54-4acd-a024-568ec8fa99e5" /><TestMethod codeBase="D:\Users\Steve Knipmeyer\Documents\GitHub\ModelRelief\ModelRelief.test\bin\Debug\netcoreapp2.0\ModelRelief.Test.dll" adapterTypeName="executor://xunit/VsTestRunner2/netcoreapp" className="ModelRelief.Test.Integration.Models.ModelsFileIntegrationTests" name="FileRequest_FileCanBeReadAfterRename" /></UnitTest><UnitTest name="GetSingle_InvalidIdPropertyValueReturnsNotFound" storage="d:\users\steve knipmeyer\documents\github\modelrelief\modelrelief.test\bin\debug\netcoreapp2.0\modelrelief.test.dll" id="69414ded-ffa1-40db-99c8-9e5064de458b"><Execution id="b77acd80-c27c-4313-9f0e-4bcf132548c6" /><TestMethod codeBase="D:\Users\Steve Knipmeyer\Documents\GitHub\ModelRelief\ModelRelief.test\bin\Debug\netcoreapp2.0\ModelRelief.Test.dll" adapterTypeName="executor://xunit/VsTestRunner2/netcoreapp" className="ModelRelief.Test.Integration.Models.ModelsBaseIntegrationTests" name="GetSingle_InvalidIdPropertyValueReturnsNotFound" /></UnitTest><UnitTest name="GetFile_ExistingFileReturnsSuccess" storage="d:\users\steve knipmeyer\documents\github\modelrelief\modelrelief.test\bin\debug\netcoreapp2.0\modelrelief.test.dll" id="34a7946f-55d7-47bb-b7dd-ddb018311095"><Execution id="ce178405-b71e-445c-b700-2803da8069c2" /><TestMethod codeBase="D:\Users\Steve Knipmeyer\Documents\GitHub\ModelRelief\ModelRelief.test\bin\Debug\netcoreapp2.0\ModelRelief.Test.dll" adapterTypeName="executor://xunit/VsTestRunner2/netcoreapp" className="ModelRelief.Test.Integration.Models.ModelsFileIntegrationTests" name="GetFile_ExistingFileReturnsSuccess" /></UnitTest><UnitTest name="PostFile_FileIsSynchronizedIsUpdatedAfterFileIsPosted" storage="d:\users\steve knipmeyer\documents\github\modelrelief\modelrelief.test\bin\debug\netcoreapp2.0\modelrelief.test.dll" id="82e24792-c9d8-4d3c-8bf1-dba1440fb17b"><Execution id="e55fa3fc-2361-4599-8794-ce029a2b8730" /><TestMethod codeBase="D:\Users\Steve Knipmeyer\Documents\GitHub\ModelRelief\ModelRelief.test\bin\Debug\netcoreapp2.0\ModelRelief.Test.dll" adapterTypeName="executor://xunit/VsTestRunner2/netcoreapp" className="ModelRelief.Test.Integration.Models.ModelsFileIntegrationTests" name="PostFile_FileIsSynchronizedIsUpdatedAfterFileIsPosted" /></UnitTest><UnitTest name="Post_InvalidReferencePropertyReturnsBadRequest" storage="d:\users\steve knipmeyer\documents\github\modelrelief\modelrelief.test\bin\debug\netcoreapp2.0\modelrelief.test.dll" id="88354de0-6b64-4234-8bfd-38d043962fa3"><Execution id="e71627f2-502d-4b0e-a11a-50b61e448c8e" /><TestMethod codeBase="D:\Users\Steve Knipmeyer\Documents\GitHub\ModelRelief\ModelRelief.test\bin\Debug\netcoreapp2.0\ModelRelief.Test.dll" adapterTypeName="executor://xunit/VsTestRunner2/netcoreapp" className="ModelRelief.Test.Integration.DepthBuffers.DepthBuffersBaseIntegrationTests" name="Post_InvalidReferencePropertyReturnsBadRequest" /></UnitTest><UnitTest name="Patch_InvalidReferencePropertyReturnsBadRequest" storage="d:\users\steve knipmeyer\documents\github\modelrelief\modelrelief.test\bin\debug\netcoreapp2.0\modelrelief.test.dll" id="09c01ddd-aec3-4296-b6f1-dc8590e70a0d"><Execution id="907db0d1-8690-45cb-936f-0d541138d17c" /><TestMethod codeBase="D:\Users\Steve Knipmeyer\Documents\GitHub\ModelRelief\ModelRelief.test\bin\Debug\netcoreapp2.0\ModelRelief.Test.dll" adapterTypeName="executor://xunit/VsTestRunner2/netcoreapp" className="ModelRelief.Test.Integration.DepthBuffers.DepthBuffersBaseIntegrationTests" name="Patch_InvalidReferencePropertyReturnsBadRequest" /></UnitTest><UnitTest name="GetFile_ExistingFileReturnsSuccess" storage="d:\users\steve knipmeyer\documents\github\modelrelief\modelrelief.test\bin\debug\netcoreapp2.0\modelrelief.test.dll" id="62714ac0-8a29-46a9-a222-45d95c7ba93c"><Execution id="5a9ea933-f3e9-4e4d-b653-24e4eb1cd8d7" /><TestMethod codeBase="D:\Users\Steve Knipmeyer\Documents\GitHub\ModelRelief\ModelRelief.test\bin\Debug\netcoreapp2.0\ModelRelief.Test.dll" adapterTypeName="executor://xunit/VsTestRunner2/netcoreapp" className="ModelRelief.Test.Integration.Meshes.MeshesFileIntegrationTests" name="GetFile_ExistingFileReturnsSuccess" /></UnitTest><UnitTest name="GetSingle_InvalidIdPropertyValueReturnsNotFound" storage="d:\users\steve knipmeyer\documents\github\modelrelief\modelrelief.test\bin\debug\netcoreapp2.0\modelrelief.test.dll" id="aadc3952-6a61-4bb2-8ba2-735ba4458754"><Execution id="b419c48d-b420-4c45-861b-a9f00a80bba4" /><TestMethod codeBase="D:\Users\Steve Knipmeyer\Documents\GitHub\ModelRelief\ModelRelief.test\bin\Debug\netcoreapp2.0\ModelRelief.Test.dll" adapterTypeName="executor://xunit/VsTestRunner2/netcoreapp" className="ModelRelief.Test.Integration.Cameras.CamerasBaseIntegrationTests" name="GetSingle_InvalidIdPropertyValueReturnsNotFound" /></UnitTest><UnitTest name="Patch_InvalidReferencePropertyReturnsBadRequest" storage="d:\users\steve knipmeyer\documents\github\modelrelief\modelrelief.test\bin\debug\netcoreapp2.0\modelrelief.test.dll" id="d2bf50e1-70f8-439c-a344-6d2d65508e40"><Execution id="dd5debd4-537a-4f41-af98-00b2deb0e826" /><TestMethod codeBase="D:\Users\Steve Knipmeyer\Documents\GitHub\ModelRelief\ModelRelief.test\bin\Debug\netcoreapp2.0\ModelRelief.Test.dll" adapterTypeName="executor://xunit/VsTestRunner2/netcoreapp" className="ModelRelief.Test.Integration.MeshTransforms.MeshTransformsBaseIntegrationTests" name="Patch_InvalidReferencePropertyReturnsBadRequest" /></UnitTest><UnitTest name="Patch_InvalidReferencePropertyReturnsBadRequest" storage="d:\users\steve knipmeyer\documents\github\modelrelief\modelrelief.test\bin\debug\netcoreapp2.0\modelrelief.test.dll" id="6c0c32b6-703b-47bc-aad6-25be158cf22a"><Execution id="f690b965-0b4a-4047-a418-e94e013cb8a7" /><TestMethod codeBase="D:\Users\Steve Knipmeyer\Documents\GitHub\ModelRelief\ModelRelief.test\bin\Debug\netcoreapp2.0\ModelRelief.Test.dll" adapterTypeName="executor://xunit/VsTestRunner2/netcoreapp" className="ModelRelief.Test.Integration.Projects.ProjectsBaseIntegrationTests" name="Patch_InvalidReferencePropertyReturnsBadRequest" /></UnitTest><UnitTest name="Delete_TargetModelIsDeleted" storage="d:\users\steve knipmeyer\documents\github\modelrelief\modelrelief.test\bin\debug\netcoreapp2.0\modelrelief.test.dll" id="7bef8d59-f66f-4cef-a50c-e88088aada15"><Execution id="16662c1b-2258-4f5c-a007-8022a7668700" /><TestMethod codeBase="D:\Users\Steve Knipmeyer\Documents\GitHub\ModelRelief\ModelRelief.test\bin\Debug\netcoreapp2.0\ModelRelief.Test.dll" adapterTypeName="executor://xunit/VsTestRunner2/netcoreapp" className="ModelRelief.Test.Integration.Projects.ProjectsBaseIntegrationTests" name="Delete_TargetModelIsDeleted" /></UnitTest><UnitTest name="Put_ValidReferencePropertyUpdatesModel" storage="d:\users\steve knipmeyer\documents\github\modelrelief\modelrelief.test\bin\debug\netcoreapp2.0\modelrelief.test.dll" id="ae295c85-913a-4d91-93f2-3027c1ba533d"><Execution id="3c8ee8b4-b6e1-4562-860a-b89e1218e865" /><TestMethod codeBase="D:\Users\Steve Knipmeyer\Documents\GitHub\ModelRelief\ModelRelief.test\bin\Debug\netcoreapp2.0\ModelRelief.Test.dll" adapterTypeName="executor://xunit/VsTestRunner2/netcoreapp" className="ModelRelief.Test.Integration.Projects.ProjectsBaseIntegrationTests" name="Put_ValidReferencePropertyUpdatesModel" /></UnitTest><UnitTest name="GetList_ListReturnsCorrectCount" storage="d:\users\steve knipmeyer\documents\github\modelrelief\modelrelief.test\bin\debug\netcoreapp2.0\modelrelief.test.dll" id="2ffe0bc4-d7a2-40f5-b631-0c693812ef50"><Execution id="44c6dc7d-b8c9-45eb-971a-d056e35640f5" /><TestMethod codeBase="D:\Users\Steve Knipmeyer\Documents\GitHub\ModelRelief\ModelRelief.test\bin\Debug\netcoreapp2.0\ModelRelief.Test.dll" adapterTypeName="executor://xunit/VsTestRunner2/netcoreapp" className="ModelRelief.Test.Integration.Meshes.MeshesBaseIntegrationTests" name="GetList_ListReturnsCorrectCount" /></UnitTest><UnitTest name="Put_CanUpdateModel" storage="d:\users\steve knipmeyer\documents\github\modelrelief\modelrelief.test\bin\debug\netcoreapp2.0\modelrelief.test.dll" id="2a08d310-eebc-465e-9359-ad3de63a8310"><Execution id="f8007be9-aef4-454e-9ddb-c7ddf3ad306e" /><TestMethod codeBase="D:\Users\Steve Knipmeyer\Documents\GitHub\ModelRelief\ModelRelief.test\bin\Debug\netcoreapp2.0\ModelRelief.Test.dll" adapterTypeName="executor://xunit/VsTestRunner2/netcoreapp" className="ModelRelief.Test.Integration.MeshTransforms.MeshTransformsBaseIntegrationTests" name="Put_CanUpdateModel" /></UnitTest><UnitTest name="Put_InvalidReferencePropertyReturndBadRequest" storage="d:\users\steve knipmeyer\documents\github\modelrelief\modelrelief.test\bin\debug\netcoreapp2.0\modelrelief.test.dll" id="4cc8a201-49f3-49bb-ab33-814e2bcdaa64"><Execution id="d0fa4d80-a0a1-40a0-8b11-9c1b8bf1d798" /><TestMethod codeBase="D:\Users\Steve Knipmeyer\Documents\GitHub\ModelRelief\ModelRelief.test\bin\Debug\netcoreapp2.0\ModelRelief.Test.dll" adapterTypeName="executor://xunit/VsTestRunner2/netcoreapp" className="ModelRelief.Test.Integration.Projects.ProjectsBaseIntegrationTests" name="Put_InvalidReferencePropertyReturndBadRequest" /></UnitTest><UnitTest name="Put_CanUpdateModel" storage="d:\users\steve knipmeyer\documents\github\modelrelief\modelrelief.test\bin\debug\netcoreapp2.0\modelrelief.test.dll" id="0ea9248c-8bf8-4089-a429-224bb2a9a98a"><Execution id="1732ab8b-462b-4518-b6f2-234e62150c5a" /><TestMethod codeBase="D:\Users\Steve Knipmeyer\Documents\GitHub\ModelRelief\ModelRelief.test\bin\Debug\netcoreapp2.0\ModelRelief.Test.dll" adapterTypeName="executor://xunit/VsTestRunner2/netcoreapp" className="ModelRelief.Test.Integration.Projects.ProjectsBaseIntegrationTests" name="Put_CanUpdateModel" /></UnitTest><UnitTest name="Put_InvalidIdReturnsNotFound" storage="d:\users\steve knipmeyer\documents\github\modelrelief\modelrelief.test\bin\debug\netcoreapp2.0\modelrelief.test.dll" id="d940241e-0a94-4d9f-a5cc-3ed1942378ba"><Execution id="e2e99e36-e27d-497e-8d01-02f4278a7ff7" /><TestMethod codeBase="D:\Users\Steve Knipmeyer\Documents\GitHub\ModelRelief\ModelRelief.test\bin\Debug\netcoreapp2.0\ModelRelief.Test.dll" adapterTypeName="executor://xunit/VsTestRunner2/netcoreapp" className="ModelRelief.Test.Integration.Cameras.CamerasBaseIntegrationTests" name="Put_InvalidIdReturnsNotFound" /></UnitTest><UnitTest name="Patch_ValidReferencePropertyUpdatesModel" storage="d:\users\steve knipmeyer\documents\github\modelrelief\modelrelief.test\bin\debug\netcoreapp2.0\modelrelief.test.dll" id="21375bf7-3111-4f35-86bb-6a2ce7c1aba6"><Execution id="60c103a4-47af-4c8e-8faa-b19f69592350" /><TestMethod codeBase="D:\Users\Steve Knipmeyer\Documents\GitHub\ModelRelief\ModelRelief.test\bin\Debug\netcoreapp2.0\ModelRelief.Test.dll" adapterTypeName="executor://xunit/VsTestRunner2/netcoreapp" className="ModelRelief.Test.Integration.Cameras.CamerasBaseIntegrationTests" name="Patch_ValidReferencePropertyUpdatesModel" /></UnitTest><UnitTest name="PostFile_FileTimeStampIsUpdatedAfterFileIsPosted" storage="d:\users\steve knipmeyer\documents\github\modelrelief\modelrelief.test\bin\debug\netcoreapp2.0\modelrelief.test.dll" id="6ace3a07-1757-48c7-8e4e-8a0e36d3a1b5"><Execution id="f2896134-7653-443b-ba46-4b2fb2f674a8" /><TestMethod codeBase="D:\Users\Steve Knipmeyer\Documents\GitHub\ModelRelief\ModelRelief.test\bin\Debug\netcoreapp2.0\ModelRelief.Test.dll" adapterTypeName="executor://xunit/VsTestRunner2/netcoreapp" className="ModelRelief.Test.Integration.Meshes.MeshesFileIntegrationTests" name="PostFile_FileTimeStampIsUpdatedAfterFileIsPosted" /></UnitTest><UnitTest name="Patch_ValidReferencePropertyUpdatesModel" storage="d:\users\steve knipmeyer\documents\github\modelrelief\modelrelief.test\bin\debug\netcoreapp2.0\modelrelief.test.dll" id="6884566f-6672-4635-a008-84c2d3aa8714"><Execution id="28918e10-f016-48fa-bde8-bb3feffa3275" /><TestMethod codeBase="D:\Users\Steve Knipmeyer\Documents\GitHub\ModelRelief\ModelRelief.test\bin\Debug\netcoreapp2.0\ModelRelief.Test.dll" adapterTypeName="executor://xunit/VsTestRunner2/netcoreapp" className="ModelRelief.Test.Integration.Meshes.MeshesBaseIntegrationTests" name="Patch_ValidReferencePropertyUpdatesModel" /></UnitTest><UnitTest name="Patch_InvalidReferencePropertyReturnsBadRequest" storage="d:\users\steve knipmeyer\documents\github\modelrelief\modelrelief.test\bin\debug\netcoreapp2.0\modelrelief.test.dll" id="f87660f1-3b83-4447-bdd0-561e938d2983"><Execution id="8c97c554-fcdb-4805-95c1-f9c00a18d359" /><TestMethod codeBase="D:\Users\Steve Knipmeyer\Documents\GitHub\ModelRelief\ModelRelief.test\bin\Debug\netcoreapp2.0\ModelRelief.Test.dll" adapterTypeName="executor://xunit/VsTestRunner2/netcoreapp" className="ModelRelief.Test.Integration.Models.ModelsBaseIntegrationTests" name="Patch_InvalidReferencePropertyReturnsBadRequest" /></UnitTest><UnitTest name="FileRequest_FileCanBeReadAfterRename" storage="d:\users\steve knipmeyer\documents\github\modelrelief\modelrelief.test\bin\debug\netcoreapp2.0\modelrelief.test.dll" id="a072b599-2a14-49c6-b063-08c19e760bdc"><Execution id="81d3366e-7416-4d52-981f-f1ce3c7ebd44" /><TestMethod codeBase="D:\Users\Steve Knipmeyer\Documents\GitHub\ModelRelief\ModelRelief.test\bin\Debug\netcoreapp2.0\ModelRelief.Test.dll" adapterTypeName="executor://xunit/VsTestRunner2/netcoreapp" className="ModelRelief.Test.Integration.DepthBuffers.DepthBuffersFileIntegrationTests" name="FileRequest_FileCanBeReadAfterRename" /></UnitTest><UnitTest name="Post_InvalidPropertyValueReturnsBadRequest" storage="d:\users\steve knipmeyer\documents\github\modelrelief\modelrelief.test\bin\debug\netcoreapp2.0\modelrelief.test.dll" id="bbe80b25-9a34-45ce-aadf-a8400294b57e"><Execution id="8afa8f51-8eb8-4613-a92e-72f4fc76a354" /><TestMethod codeBase="D:\Users\Steve Knipmeyer\Documents\GitHub\ModelRelief\ModelRelief.test\bin\Debug\netcoreapp2.0\ModelRelief.Test.dll" adapterTypeName="executor://xunit/VsTestRunner2/netcoreapp" className="ModelRelief.Test.Integration.Cameras.CamerasBaseIntegrationTests" name="Post_InvalidPropertyValueReturnsBadRequest" /></UnitTest><UnitTest name="Patch_InvalidEnumPropertyValueReturnsBadRequest" storage="d:\users\steve knipmeyer\documents\github\modelrelief\modelrelief.test\bin\debug\netcoreapp2.0\modelrelief.test.dll" id="5e8e5d6b-f572-4d8b-96a9-fd7c54cdf108"><Execution id="ef7c3364-7fe3-4828-9967-0897bd81b41a" /><TestMethod codeBase="D:\Users\Steve Knipmeyer\Documents\GitHub\ModelRelief\ModelRelief.test\bin\Debug\netcoreapp2.0\ModelRelief.Test.dll" adapterTypeName="executor://xunit/VsTestRunner2/netcoreapp" className="ModelRelief.Test.Integration.Projects.ProjectsBaseIntegrationTests" name="Patch_InvalidEnumPropertyValueReturnsBadRequest" /></UnitTest><UnitTest name="PutFile_FileCanBeUpdated" storage="d:\users\steve knipmeyer\documents\github\modelrelief\modelrelief.test\bin\debug\netcoreapp2.0\modelrelief.test.dll" id="e1adfd54-3687-4229-a079-fec850f10d91"><Execution id="2545966a-7aff-459e-8258-c1f4fedb538f" /><TestMethod codeBase="D:\Users\Steve Knipmeyer\Documents\GitHub\ModelRelief\ModelRelief.test\bin\Debug\netcoreapp2.0\ModelRelief.Test.dll" adapterTypeName="executor://xunit/VsTestRunner2/netcoreapp" className="ModelRelief.Test.Integration.Models.ModelsFileIntegrationTests" name="PutFile_FileCanBeUpdated" /></UnitTest><UnitTest name="LucyModel3dHasTwoDependents" storage="d:\users\steve knipmeyer\documents\github\modelrelief\modelrelief.test\bin\debug\netcoreapp2.0\modelrelief.test.dll" id="b2278070-8d98-4b79-ae45-a7c05e1279f8"><Execution id="67f38bcd-f158-4210-9e5a-f2d17a3b1668" /><TestMethod codeBase="D:\Users\Steve Knipmeyer\Documents\GitHub\ModelRelief\ModelRelief.test\bin\Debug\netcoreapp2.0\ModelRelief.Test.dll" adapterTypeName="executor://xunit/VsTestRunner2/netcoreapp" className="ModelRelief.Test.Unit.DependencyManager.DependencyManagerTests" name="LucyModel3dHasTwoDependents" /></UnitTest><UnitTest name="GetSingle_InvalidIdPropertyValueReturnsNotFound" storage="d:\users\steve knipmeyer\documents\github\modelrelief\modelrelief.test\bin\debug\netcoreapp2.0\modelrelief.test.dll" id="669a1cff-cbdc-4cb3-930d-d7244f69d262"><Execution id="5a9e3147-b70c-4ffe-afa8-ca2a953ce572" /><TestMethod codeBase="D:\Users\Steve Knipmeyer\Documents\GitHub\ModelRelief\ModelRelief.test\bin\Debug\netcoreapp2.0\ModelRelief.Test.dll" adapterTypeName="executor://xunit/VsTestRunner2/netcoreapp" className="ModelRelief.Test.Integration.Meshes.MeshesBaseIntegrationTests" name="GetSingle_InvalidIdPropertyValueReturnsNotFound" /></UnitTest><UnitTest name="Patch_InvalidEnumPropertyValueReturnsBadRequest" storage="d:\users\steve knipmeyer\documents\github\modelrelief\modelrelief.test\bin\debug\netcoreapp2.0\modelrelief.test.dll" id="aeca09b2-9845-491f-adaa-eac03e9ffd39"><Execution id="770360d5-2958-4a6d-9539-93c857e658e1" /><TestMethod codeBase="D:\Users\Steve Knipmeyer\Documents\GitHub\ModelRelief\ModelRelief.test\bin\Debug\netcoreapp2.0\ModelRelief.Test.dll" adapterTypeName="executor://xunit/VsTestRunner2/netcoreapp" className="ModelRelief.Test.Integration.DepthBuffers.DepthBuffersBaseIntegrationTests" name="Patch_InvalidEnumPropertyValueReturnsBadRequest" /></UnitTest><UnitTest name="PutFile_NewFileCanBePut" storage="d:\users\steve knipmeyer\documents\github\modelrelief\modelrelief.test\bin\debug\netcoreapp2.0\modelrelief.test.dll" id="f14581ff-e9df-41ea-8d72-0d66ddefaabc"><Execution id="7f7417f5-b8aa-462a-a1a4-6a7453d6d805" /><TestMethod codeBase="D:\Users\Steve Knipmeyer\Documents\GitHub\ModelRelief\ModelRelief.test\bin\Debug\netcoreapp2.0\ModelRelief.Test.dll" adapterTypeName="executor://xunit/VsTestRunner2/netcoreapp" className="ModelRelief.Test.Integration.Models.ModelsFileIntegrationTests" name="PutFile_NewFileCanBePut" /></UnitTest><UnitTest name="Put_InvalidIdReturnsNotFound" storage="d:\users\steve knipmeyer\documents\github\modelrelief\modelrelief.test\bin\debug\netcoreapp2.0\modelrelief.test.dll" id="628fd3b0-1e7e-4f08-9484-a5cb043517fc"><Execution id="a5ad2589-5de1-43bc-a97a-0aa62aae2e69" /><TestMethod codeBase="D:\Users\Steve Knipmeyer\Documents\GitHub\ModelRelief\ModelRelief.test\bin\Debug\netcoreapp2.0\ModelRelief.Test.dll" adapterTypeName="executor://xunit/VsTestRunner2/netcoreapp" className="ModelRelief.Test.Integration.Projects.ProjectsBaseIntegrationTests" name="Put_InvalidIdReturnsNotFound" /></UnitTest><UnitTest name="PostFile_NewFileCanBePosted" storage="d:\users\steve knipmeyer\documents\github\modelrelief\modelrelief.test\bin\debug\netcoreapp2.0\modelrelief.test.dll" id="68fa4d94-792c-4ee8-b9f2-5c2a0cc660c0"><Execution id="cd4985fe-dd57-4f86-b9dc-6bf800541dbb" /><TestMethod codeBase="D:\Users\Steve Knipmeyer\Documents\GitHub\ModelRelief\ModelRelief.test\bin\Debug\netcoreapp2.0\ModelRelief.Test.dll" adapterTypeName="executor://xunit/VsTestRunner2/netcoreapp" className="ModelRelief.Test.Integration.DepthBuffers.DepthBuffersFileIntegrationTests" name="PostFile_NewFileCanBePosted" /></UnitTest><UnitTest name="PutFile_FileCanBeUpdated" storage="d:\users\steve knipmeyer\documents\github\modelrelief\modelrelief.test\bin\debug\netcoreapp2.0\modelrelief.test.dll" id="55c31710-4849-4a6a-b093-3f9d4d5481f5"><Execution id="1d15b229-3d1f-479b-bf1b-669a496c9082" /><TestMethod codeBase="D:\Users\Steve Knipmeyer\Documents\GitHub\ModelRelief\ModelRelief.test\bin\Debug\netcoreapp2.0\ModelRelief.Test.dll" adapterTypeName="executor://xunit/VsTestRunner2/netcoreapp" className="ModelRelief.Test.Integration.Meshes.MeshesFileIntegrationTests" name="PutFile_FileCanBeUpdated" /></UnitTest><UnitTest name="LucyDepthBufferFindsOneDependent" storage="d:\users\steve knipmeyer\documents\github\modelrelief\modelrelief.test\bin\debug\netcoreapp2.0\modelrelief.test.dll" id="23f06bc1-1900-45f4-be6a-a397d2821054"><Execution id="bc3a1649-92e5-4cdf-a717-42126d7fbe42" /><TestMethod codeBase="D:\Users\Steve Knipmeyer\Documents\GitHub\ModelRelief\ModelRelief.test\bin\Debug\netcoreapp2.0\ModelRelief.Test.dll" adapterTypeName="executor://xunit/VsTestRunner2/netcoreapp" className="ModelRelief.Test.Unit.DependencyManager.DependencyManagerTests" name="LucyDepthBufferFindsOneDependent" /></UnitTest><UnitTest name="Patch_InvalidEnumPropertyValueReturnsBadRequest" storage="d:\users\steve knipmeyer\documents\github\modelrelief\modelrelief.test\bin\debug\netcoreapp2.0\modelrelief.test.dll" id="44378b00-a1e0-4531-8f45-1a3551e319d8"><Execution id="1c5fefae-415e-49ff-afa2-5b36e2aba511" /><TestMethod codeBase="D:\Users\Steve Knipmeyer\Documents\GitHub\ModelRelief\ModelRelief.test\bin\Debug\netcoreapp2.0\ModelRelief.Test.dll" adapterTypeName="executor://xunit/VsTestRunner2/netcoreapp" className="ModelRelief.Test.Integration.Meshes.MeshesBaseIntegrationTests" name="Patch_InvalidEnumPropertyValueReturnsBadRequest" /></UnitTest><UnitTest name="Patch_InvalidPropertyNameReturnsBadRequest" storage="d:\users\steve knipmeyer\documents\github\modelrelief\modelrelief.test\bin\debug\netcoreapp2.0\modelrelief.test.dll" id="b67680ec-3599-4186-b7aa-33850dee7a81"><Execution id="fffff1a1-6e0e-4777-ba42-b1c96fa4d90a" /><TestMethod codeBase="D:\Users\Steve Knipmeyer\Documents\GitHub\ModelRelief\ModelRelief.test\bin\Debug\netcoreapp2.0\ModelRelief.Test.dll" adapterTypeName="executor://xunit/VsTestRunner2/netcoreapp" className="ModelRelief.Test.Integration.DepthBuffers.DepthBuffersBaseIntegrationTests" name="Patch_InvalidPropertyNameReturnsBadRequest" /></UnitTest><UnitTest name="Put_InvalidReferencePropertyReturndBadRequest" storage="d:\users\steve knipmeyer\documents\github\modelrelief\modelrelief.test\bin\debug\netcoreapp2.0\modelrelief.test.dll" id="1facc7ac-2639-4258-987e-e91811f93bc1"><Execution id="baf78a85-0756-4638-b1e6-9fbd67ef86f8" /><TestMethod codeBase="D:\Users\Steve Knipmeyer\Documents\GitHub\ModelRelief\ModelRelief.test\bin\Debug\netcoreapp2.0\ModelRelief.Test.dll" adapterTypeName="executor://xunit/VsTestRunner2/netcoreapp" className="ModelRelief.Test.Integration.MeshTransforms.MeshTransformsBaseIntegrationTests" name="Put_InvalidReferencePropertyReturndBadRequest" /></UnitTest><UnitTest name="GetFile_FileCanBeRoundTripped" storage="d:\users\steve knipmeyer\documents\github\modelrelief\modelrelief.test\bin\debug\netcoreapp2.0\modelrelief.test.dll" id="ca94bbd1-f376-4b8c-af30-74458a48b79d"><Execution id="9842f206-8b80-4d43-be31-48e6a6602ba6" /><TestMethod codeBase="D:\Users\Steve Knipmeyer\Documents\GitHub\ModelRelief\ModelRelief.test\bin\Debug\netcoreapp2.0\ModelRelief.Test.dll" adapterTypeName="executor://xunit/VsTestRunner2/netcoreapp" className="ModelRelief.Test.Integration.Meshes.MeshesFileIntegrationTests" name="GetFile_FileCanBeRoundTripped" /></UnitTest><UnitTest name="Patch_InvalidEnumPropertyValueReturnsBadRequest" storage="d:\users\steve knipmeyer\documents\github\modelrelief\modelrelief.test\bin\debug\netcoreapp2.0\modelrelief.test.dll" id="3c438456-0ee8-4acc-be80-ec17eb07dab4"><Execution id="15daf7b9-7dd1-4cf0-9dda-59034a93c62a" /><TestMethod codeBase="D:\Users\Steve Knipmeyer\Documents\GitHub\ModelRelief\ModelRelief.test\bin\Debug\netcoreapp2.0\ModelRelief.Test.dll" adapterTypeName="executor://xunit/VsTestRunner2/netcoreapp" className="ModelRelief.Test.Integration.Models.ModelsBaseIntegrationTests" name="Patch_InvalidEnumPropertyValueReturnsBadRequest" /></UnitTest><UnitTest name="Post_ValidReferencePropertyCreatesModel" storage="d:\users\steve knipmeyer\documents\github\modelrelief\modelrelief.test\bin\debug\netcoreapp2.0\modelrelief.test.dll" id="b561be1e-e227-4e18-b1cc-bdc66f025b65"><Execution id="d0f89cf3-7c9e-44e3-86da-89e737327d46" /><TestMethod codeBase="D:\Users\Steve Knipmeyer\Documents\GitHub\ModelRelief\ModelRelief.test\bin\Debug\netcoreapp2.0\ModelRelief.Test.dll" adapterTypeName="executor://xunit/VsTestRunner2/netcoreapp" className="ModelRelief.Test.Integration.DepthBuffers.DepthBuffersBaseIntegrationTests" name="Post_ValidReferencePropertyCreatesModel" /></UnitTest><UnitTest name="PutFile_NewFileCanBePut" storage="d:\users\steve knipmeyer\documents\github\modelrelief\modelrelief.test\bin\debug\netcoreapp2.0\modelrelief.test.dll" id="e37592bf-1203-462e-b216-75bfecf8571a"><Execution id="443363b6-4d86-41bf-9940-158a25b3cc87" /><TestMethod codeBase="D:\Users\Steve Knipmeyer\Documents\GitHub\ModelRelief\ModelRelief.test\bin\Debug\netcoreapp2.0\ModelRelief.Test.dll" adapterTypeName="executor://xunit/VsTestRunner2/netcoreapp" className="ModelRelief.Test.Integration.Meshes.MeshesFileIntegrationTests" name="PutFile_NewFileCanBePut" /></UnitTest><UnitTest name="PostFile_FileTimeStampIsUpdatedAfterFileIsPosted" storage="d:\users\steve knipmeyer\documents\github\modelrelief\modelrelief.test\bin\debug\netcoreapp2.0\modelrelief.test.dll" id="8144b963-2cd4-4d70-b103-4f2ea529d325"><Execution id="421585f8-4f13-46e6-9b86-4d9d4dbc4b8f" /><TestMethod codeBase="D:\Users\Steve Knipmeyer\Documents\GitHub\ModelRelief\ModelRelief.test\bin\Debug\netcoreapp2.0\ModelRelief.Test.dll" adapterTypeName="executor://xunit/VsTestRunner2/netcoreapp" className="ModelRelief.Test.Integration.DepthBuffers.DepthBuffersFileIntegrationTests" name="PostFile_FileTimeStampIsUpdatedAfterFileIsPosted" /></UnitTest><UnitTest name="GetSingle_ValidIdPropertyValueReturnsCorrectModel" storage="d:\users\steve knipmeyer\documents\github\modelrelief\modelrelief.test\bin\debug\netcoreapp2.0\modelrelief.test.dll" id="710c18fe-0915-4169-8c17-b74e68442d89"><Execution id="21afd15c-1b8a-4b06-87f4-2c9630378e34" /><TestMethod codeBase="D:\Users\Steve Knipmeyer\Documents\GitHub\ModelRelief\ModelRelief.test\bin\Debug\netcoreapp2.0\ModelRelief.Test.dll" adapterTypeName="executor://xunit/VsTestRunner2/netcoreapp" className="ModelRelief.Test.Integration.Meshes.MeshesBaseIntegrationTests" name="GetSingle_ValidIdPropertyValueReturnsCorrectModel" /></UnitTest><UnitTest name="Patch_TargetPropertyIsUpdated" storage="d:\users\steve knipmeyer\documents\github\modelrelief\modelrelief.test\bin\debug\netcoreapp2.0\modelrelief.test.dll" id="11e9a09b-a725-47eb-8629-d682df8fa5b2"><Execution id="c40e526e-5474-4ebb-ac71-e2d2d7ab09ad" /><TestMethod codeBase="D:\Users\Steve Knipmeyer\Documents\GitHub\ModelRelief\ModelRelief.test\bin\Debug\netcoreapp2.0\ModelRelief.Test.dll" adapterTypeName="executor://xunit/VsTestRunner2/netcoreapp" className="ModelRelief.Test.Integration.Cameras.CamerasBaseIntegrationTests" name="Patch_TargetPropertyIsUpdated" /></UnitTest><UnitTest name="PutFile_FileCanBeUpdated" storage="d:\users\steve knipmeyer\documents\github\modelrelief\modelrelief.test\bin\debug\netcoreapp2.0\modelrelief.test.dll" id="6bd71c12-2039-4b25-bcca-ec6fb693c5bd"><Execution id="6cd97a16-8f66-435d-9744-9db2ececf835" /><TestMethod codeBase="D:\Users\Steve Knipmeyer\Documents\GitHub\ModelRelief\ModelRelief.test\bin\Debug\netcoreapp2.0\ModelRelief.Test.dll" adapterTypeName="executor://xunit/VsTestRunner2/netcoreapp" className="ModelRelief.Test.Integration.DepthBuffers.DepthBuffersFileIntegrationTests" name="PutFile_FileCanBeUpdated" /></UnitTest><UnitTest name="Put_ValidReferencePropertyUpdatesModel" storage="d:\users\steve knipmeyer\documents\github\modelrelief\modelrelief.test\bin\debug\netcoreapp2.0\modelrelief.test.dll" id="ea469f05-e208-42ec-86e3-aeabae7d7926"><Execution id="190d20dc-0b58-4b1a-aa55-1dc456e7df14" /><TestMethod codeBase="D:\Users\Steve Knipmeyer\Documents\GitHub\ModelRelief\ModelRelief.test\bin\Debug\netcoreapp2.0\ModelRelief.Test.dll" adapterTypeName="executor://xunit/VsTestRunner2/netcoreapp" className="ModelRelief.Test.Integration.DepthBuffers.DepthBuffersBaseIntegrationTests" name="Put_ValidReferencePropertyUpdatesModel" /></UnitTest><UnitTest name="Post_CanCreateNewModel" storage="d:\users\steve knipmeyer\documents\github\modelrelief\modelrelief.test\bin\debug\netcoreapp2.0\modelrelief.test.dll" id="4c73f0d5-ad6a-4b24-806d-28b63a5592d3"><Execution id="6c0bc18c-166f-4129-893d-5bc4e89039f4" /><TestMethod codeBase="D:\Users\Steve Knipmeyer\Documents\GitHub\ModelRelief\ModelRelief.test\bin\Debug\netcoreapp2.0\ModelRelief.Test.dll" adapterTypeName="executor://xunit/VsTestRunner2/netcoreapp" className="ModelRelief.Test.Integration.Models.ModelsBaseIntegrationTests" name="Post_CanCreateNewModel" /></UnitTest><UnitTest name="GetSingle_ValidIdPropertyValueReturnsCorrectModel" storage="d:\users\steve knipmeyer\documents\github\modelrelief\modelrelief.test\bin\debug\netcoreapp2.0\modelrelief.test.dll" id="e7a91879-c176-4d67-9ea8-fd589ea9d8ba"><Execution id="134cb284-8be4-407b-8b63-691481b95d42" /><TestMethod codeBase="D:\Users\Steve Knipmeyer\Documents\GitHub\ModelRelief\ModelRelief.test\bin\Debug\netcoreapp2.0\ModelRelief.Test.dll" adapterTypeName="executor://xunit/VsTestRunner2/netcoreapp" className="ModelRelief.Test.Integration.Models.ModelsBaseIntegrationTests" name="GetSingle_ValidIdPropertyValueReturnsCorrectModel" /></UnitTest><UnitTest name="GetList_ListReturnsCorrectCount" storage="d:\users\steve knipmeyer\documents\github\modelrelief\modelrelief.test\bin\debug\netcoreapp2.0\modelrelief.test.dll" id="9dc55c2e-216f-49ff-bd5a-72e0bb06d829"><Execution id="86e62248-56fc-4742-8f03-c9152ee20447" /><TestMethod codeBase="D:\Users\Steve Knipmeyer\Documents\GitHub\ModelRelief\ModelRelief.test\bin\Debug\netcoreapp2.0\ModelRelief.Test.dll" adapterTypeName="executor://xunit/VsTestRunner2/netcoreapp" className="ModelRelief.Test.Integration.MeshTransforms.MeshTransformsBaseIntegrationTests" name="GetList_ListReturnsCorrectCount" /></UnitTest><UnitTest name="Patch_TargetPropertyIsUpdated" storage="d:\users\steve knipmeyer\documents\github\modelrelief\modelrelief.test\bin\debug\netcoreapp2.0\modelrelief.test.dll" id="ac9bd355-87f7-4021-878c-c39a20a32707"><Execution id="3ae8f26c-c4d3-473b-80eb-57e3dad31e76" /><TestMethod codeBase="D:\Users\Steve Knipmeyer\Documents\GitHub\ModelRelief\ModelRelief.test\bin\Debug\netcoreapp2.0\ModelRelief.Test.dll" adapterTypeName="executor://xunit/VsTestRunner2/netcoreapp" className="ModelRelief.Test.Integration.Models.ModelsBaseIntegrationTests" name="Patch_TargetPropertyIsUpdated" /></UnitTest><UnitTest name="Put_ValidReferencePropertyUpdatesModel" storage="d:\users\steve knipmeyer\documents\github\modelrelief\modelrelief.test\bin\debug\netcoreapp2.0\modelrelief.test.dll" id="4912a386-fba8-4b45-9ad1-1a747dc3bd30"><Execution id="a9920b8f-9166-4882-87fe-fd107655869c" /><TestMethod codeBase="D:\Users\Steve Knipmeyer\Documents\GitHub\ModelRelief\ModelRelief.test\bin\Debug\netcoreapp2.0\ModelRelief.Test.dll" adapterTypeName="executor://xunit/VsTestRunner2/netcoreapp" className="ModelRelief.Test.Integration.Models.ModelsBaseIntegrationTests" name="Put_ValidReferencePropertyUpdatesModel" /></UnitTest><UnitTest name="Post_InvalidPropertyValueReturnsBadRequest" storage="d:\users\steve knipmeyer\documents\github\modelrelief\modelrelief.test\bin\debug\netcoreapp2.0\modelrelief.test.dll" id="a9d4ec8a-0f88-47d8-a47e-37cade878df5"><Execution id="985c6443-525f-423c-96e7-ee5332035b49" /><TestMethod codeBase="D:\Users\Steve Knipmeyer\Documents\GitHub\ModelRelief\ModelRelief.test\bin\Debug\netcoreapp2.0\ModelRelief.Test.dll" adapterTypeName="executor://xunit/VsTestRunner2/netcoreapp" className="ModelRelief.Test.Integration.Models.ModelsBaseIntegrationTests" name="Post_InvalidPropertyValueReturnsBadRequest" /></UnitTest><UnitTest name="PostFile_NewFileCanBePosted" storage="d:\users\steve knipmeyer\documents\github\modelrelief\modelrelief.test\bin\debug\netcoreapp2.0\modelrelief.test.dll" id="099e9b20-7db8-4790-b97d-42e2d0f2a5c6"><Execution id="adec2c46-fe84-4b98-a2dd-60abfd2903d2" /><TestMethod codeBase="D:\Users\Steve Knipmeyer\Documents\GitHub\ModelRelief\ModelRelief.test\bin\Debug\netcoreapp2.0\ModelRelief.Test.dll" adapterTypeName="executor://xunit/VsTestRunner2/netcoreapp" className="ModelRelief.Test.Integration.Meshes.MeshesFileIntegrationTests" name="PostFile_NewFileCanBePosted" /></UnitTest><UnitTest name="Put_InvalidReferencePropertyReturndBadRequest" storage="d:\users\steve knipmeyer\documents\github\modelrelief\modelrelief.test\bin\debug\netcoreapp2.0\modelrelief.test.dll" id="7a05a77b-4936-4d31-9694-b69466928c66"><Execution id="caf4d182-9fbc-4ea3-b7b1-64304661a370" /><TestMethod codeBase="D:\Users\Steve Knipmeyer\Documents\GitHub\ModelRelief\ModelRelief.test\bin\Debug\netcoreapp2.0\ModelRelief.Test.dll" adapterTypeName="executor://xunit/VsTestRunner2/netcoreapp" className="ModelRelief.Test.Integration.Models.ModelsBaseIntegrationTests" name="Put_InvalidReferencePropertyReturndBadRequest" /></UnitTest><UnitTest name="GetFile_FileCanBeRoundTripped" storage="d:\users\steve knipmeyer\documents\github\modelrelief\modelrelief.test\bin\debug\netcoreapp2.0\modelrelief.test.dll" id="ba8b6a89-357a-4fa3-a9be-99cf295449f7"><Execution id="78656006-9f23-4cae-b9bd-d67e5581e8a7" /><TestMethod codeBase="D:\Users\Steve Knipmeyer\Documents\GitHub\ModelRelief\ModelRelief.test\bin\Debug\netcoreapp2.0\ModelRelief.Test.dll" adapterTypeName="executor://xunit/VsTestRunner2/netcoreapp" className="ModelRelief.Test.Integration.DepthBuffers.DepthBuffersFileIntegrationTests" name="GetFile_FileCanBeRoundTripped" /></UnitTest><UnitTest name="PostFile_FileIsSynchronizedIsUpdatedAfterFileIsPosted" storage="d:\users\steve knipmeyer\documents\github\modelrelief\modelrelief.test\bin\debug\netcoreapp2.0\modelrelief.test.dll" id="338dd7b3-d456-48dd-91fa-3805cd90bde8"><Execution id="931d54dd-458b-45e3-b8dd-72d6db2ed2e4" /><TestMethod codeBase="D:\Users\Steve Knipmeyer\Documents\GitHub\ModelRelief\ModelRelief.test\bin\Debug\netcoreapp2.0\ModelRelief.Test.dll" adapterTypeName="executor://xunit/VsTestRunner2/netcoreapp" className="ModelRelief.Test.Integration.DepthBuffers.DepthBuffersFileIntegrationTests" name="PostFile_FileIsSynchronizedIsUpdatedAfterFileIsPosted" /></UnitTest><UnitTest name="Patch_InvalidPropertyNameReturnsBadRequest" storage="d:\users\steve knipmeyer\documents\github\modelrelief\modelrelief.test\bin\debug\netcoreapp2.0\modelrelief.test.dll" id="5880ac07-d9bf-4e75-82f0-243180aff511"><Execution id="29c76b19-d4c9-48e4-8142-a0bcb724c0cd" /><TestMethod codeBase="D:\Users\Steve Knipmeyer\Documents\GitHub\ModelRelief\ModelRelief.test\bin\Debug\netcoreapp2.0\ModelRelief.Test.dll" adapterTypeName="executor://xunit/VsTestRunner2/netcoreapp" className="ModelRelief.Test.Integration.Projects.ProjectsBaseIntegrationTests" name="Patch_InvalidPropertyNameReturnsBadRequest" /></UnitTest><UnitTest name="GetSingle_ValidIdPropertyValueReturnsCorrectModel" storage="d:\users\steve knipmeyer\documents\github\modelrelief\modelrelief.test\bin\debug\netcoreapp2.0\modelrelief.test.dll" id="b44a4eab-aa86-4632-9a2c-8d5274b44149"><Execution id="dfca05c2-8441-4db6-ac06-2da5b5351d19" /><TestMethod codeBase="D:\Users\Steve Knipmeyer\Documents\GitHub\ModelRelief\ModelRelief.test\bin\Debug\netcoreapp2.0\ModelRelief.Test.dll" adapterTypeName="executor://xunit/VsTestRunner2/netcoreapp" className="ModelRelief.Test.Integration.MeshTransforms.MeshTransformsBaseIntegrationTests" name="GetSingle_ValidIdPropertyValueReturnsCorrectModel" /></UnitTest><UnitTest name="Patch_MultipleInvalidReferencePropertiesReturnsMultipleValidationErrorsAndBadRequest" storage="d:\users\steve knipmeyer\documents\github\modelrelief\modelrelief.test\bin\debug\netcoreapp2.0\modelrelief.test.dll" id="00f4782c-75b5-4d56-b883-9898aff4db3b"><Execution id="02ed671c-a597-4d27-b9b8-1f096942c47b" /><TestMethod codeBase="D:\Users\Steve Knipmeyer\Documents\GitHub\ModelRelief\ModelRelief.test\bin\Debug\netcoreapp2.0\ModelRelief.Test.dll" adapterTypeName="executor://xunit/VsTestRunner2/netcoreapp" className="ModelRelief.Test.Integration.Meshes.MeshesBaseIntegrationTests" name="Patch_MultipleInvalidReferencePropertiesReturnsMultipleValidationErrorsAndBadRequest" /></UnitTest><UnitTest name="Put_ValidReferencePropertyUpdatesModel" storage="d:\users\steve knipmeyer\documents\github\modelrelief\modelrelief.test\bin\debug\netcoreapp2.0\modelrelief.test.dll" id="47029da7-d8f0-4f1d-aea7-cb21db846bff"><Execution id="e4f17e76-8e9e-4c48-bf95-289d5c7fe0e8" /><TestMethod codeBase="D:\Users\Steve Knipmeyer\Documents\GitHub\ModelRelief\ModelRelief.test\bin\Debug\netcoreapp2.0\ModelRelief.Test.dll" adapterTypeName="executor://xunit/VsTestRunner2/netcoreapp" className="ModelRelief.Test.Integration.Meshes.MeshesBaseIntegrationTests" name="Put_ValidReferencePropertyUpdatesModel" /></UnitTest><UnitTest name="Patch_InvalidPropertyNameReturnsBadRequest" storage="d:\users\steve knipmeyer\documents\github\modelrelief\modelrelief.test\bin\debug\netcoreapp2.0\modelrelief.test.dll" id="ccdac340-4591-4e71-9193-6a07f0a38de5"><Execution id="6096310b-6175-425c-869d-0a96443b18f9" /><TestMethod codeBase="D:\Users\Steve Knipmeyer\Documents\GitHub\ModelRelief\ModelRelief.test\bin\Debug\netcoreapp2.0\ModelRelief.Test.dll" adapterTypeName="executor://xunit/VsTestRunner2/netcoreapp" className="ModelRelief.Test.Integration.Cameras.CamerasBaseIntegrationTests" name="Patch_InvalidPropertyNameReturnsBadRequest" /></UnitTest><UnitTest name="Post_InvalidReferencePropertyReturnsBadRequest" storage="d:\users\steve knipmeyer\documents\github\modelrelief\modelrelief.test\bin\debug\netcoreapp2.0\modelrelief.test.dll" id="a1a91f6d-f4b2-4e98-b9aa-e8851b5a13b5"><Execution id="3e8a4ed2-f60c-478a-b3b5-f5a97919f5a4" /><TestMethod codeBase="D:\Users\Steve Knipmeyer\Documents\GitHub\ModelRelief\ModelRelief.test\bin\Debug\netcoreapp2.0\ModelRelief.Test.dll" adapterTypeName="executor://xunit/VsTestRunner2/netcoreapp" className="ModelRelief.Test.Integration.Models.ModelsBaseIntegrationTests" name="Post_InvalidReferencePropertyReturnsBadRequest" /></UnitTest><UnitTest name="Put_CanUpdateModel" storage="d:\users\steve knipmeyer\documents\github\modelrelief\modelrelief.test\bin\debug\netcoreapp2.0\modelrelief.test.dll" id="84492f0e-67a0-4108-8237-7c5a7bb26b8c"><Execution id="6b371d21-b2fe-4c24-9626-419b2c08d6d3" /><TestMethod codeBase="D:\Users\Steve Knipmeyer\Documents\GitHub\ModelRelief\ModelRelief.test\bin\Debug\netcoreapp2.0\ModelRelief.Test.dll" adapterTypeName="executor://xunit/VsTestRunner2/netcoreapp" className="ModelRelief.Test.Integration.DepthBuffers.DepthBuffersBaseIntegrationTests" name="Put_CanUpdateModel" /></UnitTest><UnitTest name="Post_InvalidReferencePropertyReturnsBadRequest" storage="d:\users\steve knipmeyer\documents\github\modelrelief\modelrelief.test\bin\debug\netcoreapp2.0\modelrelief.test.dll" id="28c5f5f5-5560-4771-9b7b-91729ba19783"><Execution id="c80e6443-9522-4a76-bafc-1dca9cd4c3f6" /><TestMethod codeBase="D:\Users\Steve Knipmeyer\Documents\GitHub\ModelRelief\ModelRelief.test\bin\Debug\netcoreapp2.0\ModelRelief.Test.dll" adapterTypeName="executor://xunit/VsTestRunner2/netcoreapp" className="ModelRelief.Test.Integration.Meshes.MeshesBaseIntegrationTests" name="Post_InvalidReferencePropertyReturnsBadRequest" /></UnitTest><UnitTest name="Patch_InvalidIdPropertyReturnsNotFound" storage="d:\users\steve knipmeyer\documents\github\modelrelief\modelrelief.test\bin\debug\netcoreapp2.0\modelrelief.test.dll" id="d8fbcaff-9e24-4cbf-baf1-bdeb03aa4b40"><Execution id="6dd0d9e8-576c-4979-b0cb-db16a8922392" /><TestMethod codeBase="D:\Users\Steve Knipmeyer\Documents\GitHub\ModelRelief\ModelRelief.test\bin\Debug\netcoreapp2.0\ModelRelief.Test.dll" adapterTypeName="executor://xunit/VsTestRunner2/netcoreapp" className="ModelRelief.Test.Integration.DepthBuffers.DepthBuffersBaseIntegrationTests" name="Patch_InvalidIdPropertyReturnsNotFound" /></UnitTest><UnitTest name="PostFile_NewFileCanBePosted" storage="d:\users\steve knipmeyer\documents\github\modelrelief\modelrelief.test\bin\debug\netcoreapp2.0\modelrelief.test.dll" id="5fce6cfb-de22-4c9c-bd86-87a65d59a0c5"><Execution id="c23c53ea-34ee-4624-815d-a70f6c9ad374" /><TestMethod codeBase="D:\Users\Steve Knipmeyer\Documents\GitHub\ModelRelief\ModelRelief.test\bin\Debug\netcoreapp2.0\ModelRelief.Test.dll" adapterTypeName="executor://xunit/VsTestRunner2/netcoreapp" className="ModelRelief.Test.Integration.Models.ModelsFileIntegrationTests" name="PostFile_NewFileCanBePosted" /></UnitTest><UnitTest name="Put_ValidReferencePropertyUpdatesModel" storage="d:\users\steve knipmeyer\documents\github\modelrelief\modelrelief.test\bin\debug\netcoreapp2.0\modelrelief.test.dll" id="2068dc35-72b5-4b3b-a732-848404603258"><Execution id="e1fff70a-2347-4e5f-bde5-864d0f1f14e3" /><TestMethod codeBase="D:\Users\Steve Knipmeyer\Documents\GitHub\ModelRelief\ModelRelief.test\bin\Debug\netcoreapp2.0\ModelRelief.Test.dll" adapterTypeName="executor://xunit/VsTestRunner2/netcoreapp" className="ModelRelief.Test.Integration.MeshTransforms.MeshTransformsBaseIntegrationTests" name="Put_ValidReferencePropertyUpdatesModel" /></UnitTest><UnitTest name="Post_InvalidReferencePropertyReturnsBadRequest" storage="d:\users\steve knipmeyer\documents\github\modelrelief\modelrelief.test\bin\debug\netcoreapp2.0\modelrelief.test.dll" id="1dd86015-2e1e-4cd0-9a25-b39b19fb0875"><Execution id="57bcb006-a5e1-4ed3-b368-6028269b5a6f" /><TestMethod codeBase="D:\Users\Steve Knipmeyer\Documents\GitHub\ModelRelief\ModelRelief.test\bin\Debug\netcoreapp2.0\ModelRelief.Test.dll" adapterTypeName="executor://xunit/VsTestRunner2/netcoreapp" className="ModelRelief.Test.Integration.Projects.ProjectsBaseIntegrationTests" name="Post_InvalidReferencePropertyReturnsBadRequest" /></UnitTest><UnitTest name="Post_InvalidPropertyValueReturnsBadRequest" storage="d:\users\steve knipmeyer\documents\github\modelrelief\modelrelief.test\bin\debug\netcoreapp2.0\modelrelief.test.dll" id="410682bd-425b-43bd-8d38-c09eab621b8b"><Execution id="93a416ad-bf9b-47a2-93a3-2a3072798530" /><TestMethod codeBase="D:\Users\Steve Knipmeyer\Documents\GitHub\ModelRelief\ModelRelief.test\bin\Debug\netcoreapp2.0\ModelRelief.Test.dll" adapterTypeName="executor://xunit/VsTestRunner2/netcoreapp" className="ModelRelief.Test.Integration.Meshes.MeshesBaseIntegrationTests" name="Post_InvalidPropertyValueReturnsBadRequest" /></UnitTest><UnitTest name="Put_InvalidIdReturnsNotFound" storage="d:\users\steve knipmeyer\documents\github\modelrelief\modelrelief.test\bin\debug\netcoreapp2.0\modelrelief.test.dll" id="4b7e33db-8c12-4df8-b66d-158f5684ec42"><Execution id="ca076886-7682-4797-be59-d5795419b370" /><TestMethod codeBase="D:\Users\Steve Knipmeyer\Documents\GitHub\ModelRelief\ModelRelief.test\bin\Debug\netcoreapp2.0\ModelRelief.Test.dll" adapterTypeName="executor://xunit/VsTestRunner2/netcoreapp" className="ModelRelief.Test.Integration.Meshes.MeshesBaseIntegrationTests" name="Put_InvalidIdReturnsNotFound" /></UnitTest><UnitTest name="Post_InvalidReferencePropertyReturnsBadRequest" storage="d:\users\steve knipmeyer\documents\github\modelrelief\modelrelief.test\bin\debug\netcoreapp2.0\modelrelief.test.dll" id="1f47bc19-90bf-41d4-b598-38b38a10df56"><Execution id="ac91e9fd-fbe5-407e-9d69-2cba7cf40cf0" /><TestMethod codeBase="D:\Users\Steve Knipmeyer\Documents\GitHub\ModelRelief\ModelRelief.test\bin\Debug\netcoreapp2.0\ModelRelief.Test.dll" adapterTypeName="executor://xunit/VsTestRunner2/netcoreapp" className="ModelRelief.Test.Integration.MeshTransforms.MeshTransformsBaseIntegrationTests" name="Post_InvalidReferencePropertyReturnsBadRequest" /></UnitTest><UnitTest name="Patch_InvalidIdPropertyReturnsNotFound" storage="d:\users\steve knipmeyer\documents\github\modelrelief\modelrelief.test\bin\debug\netcoreapp2.0\modelrelief.test.dll" id="1fc7c528-d7d8-41f7-a2c0-60168588f1f9"><Execution id="593a896c-70a1-49db-96f2-fbc33c6d5d9a" /><TestMethod codeBase="D:\Users\Steve Knipmeyer\Documents\GitHub\ModelRelief\ModelRelief.test\bin\Debug\netcoreapp2.0\ModelRelief.Test.dll" adapterTypeName="executor://xunit/VsTestRunner2/netcoreapp" className="ModelRelief.Test.Integration.Meshes.MeshesBaseIntegrationTests" name="Patch_InvalidIdPropertyReturnsNotFound" /></UnitTest><UnitTest name="GetList_ListReturnsCorrectCount" storage="d:\users\steve knipmeyer\documents\github\modelrelief\modelrelief.test\bin\debug\netcoreapp2.0\modelrelief.test.dll" id="73b650c4-901c-44b8-99f4-3857f662778b"><Execution id="8bf2112d-7f0e-4766-a1ca-e7ebdfa38e50" /><TestMethod codeBase="D:\Users\Steve Knipmeyer\Documents\GitHub\ModelRelief\ModelRelief.test\bin\Debug\netcoreapp2.0\ModelRelief.Test.dll" adapterTypeName="executor://xunit/VsTestRunner2/netcoreapp" className="ModelRelief.Test.Integration.Projects.ProjectsBaseIntegrationTests" name="GetList_ListReturnsCorrectCount" /></UnitTest><UnitTest name="Put_InvalidIdReturnsNotFound" storage="d:\users\steve knipmeyer\documents\github\modelrelief\modelrelief.test\bin\debug\netcoreapp2.0\modelrelief.test.dll" id="de715835-156b-422c-9de9-17de3e2350b3"><Execution id="d08dd9b7-ecf0-42cd-b4f0-2262d54bbe16" /><TestMethod codeBase="D:\Users\Steve Knipmeyer\Documents\GitHub\ModelRelief\ModelRelief.test\bin\Debug\netcoreapp2.0\ModelRelief.Test.dll" adapterTypeName="executor://xunit/VsTestRunner2/netcoreapp" className="ModelRelief.Test.Integration.DepthBuffers.DepthBuffersBaseIntegrationTests" name="Put_InvalidIdReturnsNotFound" /></UnitTest><UnitTest name="Post_ValidReferencePropertyCreatesModel" storage="d:\users\steve knipmeyer\documents\github\modelrelief\modelrelief.test\bin\debug\netcoreapp2.0\modelrelief.test.dll" id="03d29220-5c79-407e-8665-33ce896de373"><Execution id="69d7be71-5644-45e6-8ba3-161cddda9b79" /><TestMethod codeBase="D:\Users\Steve Knipmeyer\Documents\GitHub\ModelRelief\ModelRelief.test\bin\Debug\netcoreapp2.0\ModelRelief.Test.dll" adapterTypeName="executor://xunit/VsTestRunner2/netcoreapp" className="ModelRelief.Test.Integration.Models.ModelsBaseIntegrationTests" name="Post_ValidReferencePropertyCreatesModel" /></UnitTest><UnitTest name="Delete_TargetModelIsDeleted" storage="d:\users\steve knipmeyer\documents\github\modelrelief\modelrelief.test\bin\debug\netcoreapp2.0\modelrelief.test.dll" id="d873cfce-8dd3-47ad-931d-f7562273a891"><Execution id="a85be5ec-6ee0-4cd9-8da1-e01981ef9e70" /><TestMethod codeBase="D:\Users\Steve Knipmeyer\Documents\GitHub\ModelRelief\ModelRelief.test\bin\Debug\netcoreapp2.0\ModelRelief.Test.dll" adapterTypeName="executor://xunit/VsTestRunner2/netcoreapp" className="ModelRelief.Test.Integration.Cameras.CamerasBaseIntegrationTests" name="Delete_TargetModelIsDeleted" /></UnitTest><UnitTest name="Patch_TargetPropertyIsUpdated" storage="d:\users\steve knipmeyer\documents\github\modelrelief\modelrelief.test\bin\debug\netcoreapp2.0\modelrelief.test.dll" id="c782fd37-d296-4c05-934f-fac3d591c8dc"><Execution id="0a038716-2e10-4ae6-8414-b6f563a2604d" /><TestMethod codeBase="D:\Users\Steve Knipmeyer\Documents\GitHub\ModelRelief\ModelRelief.test\bin\Debug\netcoreapp2.0\ModelRelief.Test.dll" adapterTypeName="executor://xunit/VsTestRunner2/netcoreapp" className="ModelRelief.Test.Integration.Projects.ProjectsBaseIntegrationTests" name="Patch_TargetPropertyIsUpdated" /></UnitTest><UnitTest name="Post_InvalidReferencePropertyReturnsBadRequest" storage="d:\users\steve knipmeyer\documents\github\modelrelief\modelrelief.test\bin\debug\netcoreapp2.0\modelrelief.test.dll" id="3ebbf20d-0b54-4536-8b68-5c4dc89672fa"><Execution id="f4792dd2-cba0-4ba0-8759-f6045489151f" /><TestMethod codeBase="D:\Users\Steve Knipmeyer\Documents\GitHub\ModelRelief\ModelRelief.test\bin\Debug\netcoreapp2.0\ModelRelief.Test.dll" adapterTypeName="executor://xunit/VsTestRunner2/netcoreapp" className="ModelRelief.Test.Integration.Cameras.CamerasBaseIntegrationTests" name="Post_InvalidReferencePropertyReturnsBadRequest" /></UnitTest><UnitTest name="Post_CanCreateNewModel" storage="d:\users\steve knipmeyer\documents\github\modelrelief\modelrelief.test\bin\debug\netcoreapp2.0\modelrelief.test.dll" id="f9b43018-afbf-4fcc-9b63-6e6704fb878e"><Execution id="5fe865a6-8039-43cf-87dc-0e1818b96d36" /><TestMethod codeBase="D:\Users\Steve Knipmeyer\Documents\GitHub\ModelRelief\ModelRelief.test\bin\Debug\netcoreapp2.0\ModelRelief.Test.dll" adapterTypeName="executor://xunit/VsTestRunner2/netcoreapp" className="ModelRelief.Test.Integration.Meshes.MeshesBaseIntegrationTests" name="Post_CanCreateNewModel" /></UnitTest><UnitTest name="Patch_InvalidReferencePropertyReturnsBadRequest" storage="d:\users\steve knipmeyer\documents\github\modelrelief\modelrelief.test\bin\debug\netcoreapp2.0\modelrelief.test.dll" id="12dda1cf-c079-4ac6-85bf-eb7bf236fa78"><Execution id="5ddc0fe3-4e66-4425-8247-a2a291402234" /><TestMethod codeBase="D:\Users\Steve Knipmeyer\Documents\GitHub\ModelRelief\ModelRelief.test\bin\Debug\netcoreapp2.0\ModelRelief.Test.dll" adapterTypeName="executor://xunit/VsTestRunner2/netcoreapp" className="ModelRelief.Test.Integration.Meshes.MeshesBaseIntegrationTests" name="Patch_InvalidReferencePropertyReturnsBadRequest" /></UnitTest></TestDefinitions><TestEntries><TestEntry testId="6bd71c12-2039-4b25-bcca-ec6fb693c5bd" executionId="6cd97a16-8f66-435d-9744-9db2ececf835" testListId="8c84fa94-04c1-424b-9868-57a2d4851a1d" /><TestEntry testId="3ccd7418-81f8-4692-8077-5ad97229f361" executionId="81987e1a-3eac-4e8b-b456-771806fb9772" testListId="8c84fa94-04c1-424b-9868-57a2d4851a1d" /><TestEntry testId="8aed95e5-c3bd-4128-9c3e-faf064a2e620" executionId="6aa44468-b598-4e57-9338-ba682f992468" testListId="8c84fa94-04c1-424b-9868-57a2d4851a1d" /><TestEntry testId="a2fbdd9f-04cd-49f0-a3e5-38d25cb6caa2" executionId="c5357e3d-ea57-4729-be45-965f7030d2f7" testListId="8c84fa94-04c1-424b-9868-57a2d4851a1d" /><TestEntry testId="16f43af3-0698-4d91-96f1-6ae5bee2ac9b" executionId="baa0ffbc-4b96-4016-8f17-884e83d93512" testListId="8c84fa94-04c1-424b-9868-57a2d4851a1d" /><TestEntry testId="bbe80b25-9a34-45ce-aadf-a8400294b57e" executionId="8afa8f51-8eb8-4613-a92e-72f4fc76a354" testListId="8c84fa94-04c1-424b-9868-57a2d4851a1d" /><TestEntry testId="6884566f-6672-4635-a008-84c2d3aa8714" executionId="28918e10-f016-48fa-bde8-bb3feffa3275" testListId="8c84fa94-04c1-424b-9868-57a2d4851a1d" /><TestEntry testId="4c73f0d5-ad6a-4b24-806d-28b63a5592d3" executionId="6c0bc18c-166f-4129-893d-5bc4e89039f4" testListId="8c84fa94-04c1-424b-9868-57a2d4851a1d" /><TestEntry testId="225deee0-bf93-4a04-ba2e-fa7e1e1956e5" executionId="e04b2734-d416-48a7-838a-6f6781f45671" testListId="8c84fa94-04c1-424b-9868-57a2d4851a1d" /><TestEntry testId="4cc8a201-49f3-49bb-ab33-814e2bcdaa64" executionId="d0fa4d80-a0a1-40a0-8b11-9c1b8bf1d798" testListId="8c84fa94-04c1-424b-9868-57a2d4851a1d" /><TestEntry testId="642c6fff-3822-468c-a328-4d2ffb24293c" executionId="2819aea4-6caa-4b7d-b5a9-1d34a248d869" testListId="8c84fa94-04c1-424b-9868-57a2d4851a1d" /><TestEntry testId="d8fbcaff-9e24-4cbf-baf1-bdeb03aa4b40" executionId="6dd0d9e8-576c-4979-b0cb-db16a8922392" testListId="8c84fa94-04c1-424b-9868-57a2d4851a1d" /><TestEntry testId="c09ed59b-f81f-4761-94ac-23351e31314f" executionId="12c4e17b-b893-4dd8-8de7-93751c52b394" testListId="8c84fa94-04c1-424b-9868-57a2d4851a1d" /><TestEntry testId="628fd3b0-1e7e-4f08-9484-a5cb043517fc" executionId="a5ad2589-5de1-43bc-a97a-0aa62aae2e69" testListId="8c84fa94-04c1-424b-9868-57a2d4851a1d" /><TestEntry testId="5cc1eddd-1d7a-428a-9257-660003cc335d" executionId="9afc347f-d475-4391-8d5d-2f2fc2d3c528" testListId="8c84fa94-04c1-424b-9868-57a2d4851a1d" /><TestEntry testId="e26d9f5f-de4c-4b02-b4fa-df9bf50784f9" executionId="efb34f50-86f0-41fd-bd10-a5f243e50b86" testListId="8c84fa94-04c1-424b-9868-57a2d4851a1d" /><TestEntry testId="28c5f5f5-5560-4771-9b7b-91729ba19783" executionId="c80e6443-9522-4a76-bafc-1dca9cd4c3f6" testListId="8c84fa94-04c1-424b-9868-57a2d4851a1d" /><TestEntry testId="7848d9b6-a733-46ab-933a-aff7454e8bd8" executionId="bf8e10e1-8f86-42e0-9efe-c48b5fd5fa8c" testListId="8c84fa94-04c1-424b-9868-57a2d4851a1d" /><TestEntry testId="5880ac07-d9bf-4e75-82f0-243180aff511" executionId="29c76b19-d4c9-48e4-8142-a0bcb724c0cd" testListId="8c84fa94-04c1-424b-9868-57a2d4851a1d" /><TestEntry testId="d940241e-0a94-4d9f-a5cc-3ed1942378ba" executionId="e2e99e36-e27d-497e-8d01-02f4278a7ff7" testListId="8c84fa94-04c1-424b-9868-57a2d4851a1d" /><TestEntry testId="fbbea913-5e04-499d-b3da-f8ab7b4ffde6" executionId="778d2fda-81db-427b-904c-6f8810e88c8b" testListId="8c84fa94-04c1-424b-9868-57a2d4851a1d" /><TestEntry testId="1fc7c528-d7d8-41f7-a2c0-60168588f1f9" executionId="593a896c-70a1-49db-96f2-fbc33c6d5d9a" testListId="8c84fa94-04c1-424b-9868-57a2d4851a1d" /><TestEntry testId="b2278070-8d98-4b79-ae45-a7c05e1279f8" executionId="67f38bcd-f158-4210-9e5a-f2d17a3b1668" testListId="8c84fa94-04c1-424b-9868-57a2d4851a1d" /><TestEntry testId="47caf586-423d-46c2-815a-2fdbc971f888" executionId="865db69b-6fe2-405e-839d-a984569a1ffd" testListId="8c84fa94-04c1-424b-9868-57a2d4851a1d" /><TestEntry testId="de715835-156b-422c-9de9-17de3e2350b3" executionId="d08dd9b7-ecf0-42cd-b4f0-2262d54bbe16" testListId="8c84fa94-04c1-424b-9868-57a2d4851a1d" /><TestEntry testId="b4249a49-9b13-48c0-8bc5-5cca9be12e22" executionId="4ceb30d2-82dd-483a-ad38-5c404d8d88ac" testListId="8c84fa94-04c1-424b-9868-57a2d4851a1d" /><TestEntry testId="535df148-a9f5-4fd0-8cd1-7a1d3fee596a" executionId="7063050a-3db3-49c6-a07b-c3e9bdf1c3a7" testListId="8c84fa94-04c1-424b-9868-57a2d4851a1d" /><TestEntry testId="09c01ddd-aec3-4296-b6f1-dc8590e70a0d" executionId="907db0d1-8690-45cb-936f-0d541138d17c" testListId="8c84fa94-04c1-424b-9868-57a2d4851a1d" /><TestEntry testId="1facc7ac-2639-4258-987e-e91811f93bc1" executionId="baf78a85-0756-4638-b1e6-9fbd67ef86f8" testListId="8c84fa94-04c1-424b-9868-57a2d4851a1d" /><TestEntry testId="ceabff84-b918-44d2-9024-791d2b46ca96" executionId="8d840c96-c126-49c0-8218-23753f6096d3" testListId="8c84fa94-04c1-424b-9868-57a2d4851a1d" /><TestEntry testId="aadc3952-6a61-4bb2-8ba2-735ba4458754" executionId="b419c48d-b420-4c45-861b-a9f00a80bba4" testListId="8c84fa94-04c1-424b-9868-57a2d4851a1d" /><TestEntry testId="710c18fe-0915-4169-8c17-b74e68442d89" executionId="21afd15c-1b8a-4b06-87f4-2c9630378e34" testListId="8c84fa94-04c1-424b-9868-57a2d4851a1d" /><TestEntry testId="1753a898-f160-46d0-9da0-ec7088ee8589" executionId="18d1bd0a-9bcc-4e3e-8efe-47c158bf363b" testListId="8c84fa94-04c1-424b-9868-57a2d4851a1d" /><TestEntry testId="62714ac0-8a29-46a9-a222-45d95c7ba93c" executionId="5a9ea933-f3e9-4e4d-b653-24e4eb1cd8d7" testListId="8c84fa94-04c1-424b-9868-57a2d4851a1d" /><TestEntry testId="4675255e-893e-44b7-a3e3-f1043e08519b" executionId="71a65043-2ead-47b8-bcf8-cf029421533f" testListId="8c84fa94-04c1-424b-9868-57a2d4851a1d" /><TestEntry testId="11e9a09b-a725-47eb-8629-d682df8fa5b2" executionId="c40e526e-5474-4ebb-ac71-e2d2d7ab09ad" testListId="8c84fa94-04c1-424b-9868-57a2d4851a1d" /><TestEntry testId="47029da7-d8f0-4f1d-aea7-cb21db846bff" executionId="e4f17e76-8e9e-4c48-bf95-289d5c7fe0e8" testListId="8c84fa94-04c1-424b-9868-57a2d4851a1d" /><TestEntry testId="4b2da3f0-7778-4902-87ae-c4dd49723f61" executionId="149cda4c-1122-4502-b10a-06bf619ea803" testListId="8c84fa94-04c1-424b-9868-57a2d4851a1d" /><TestEntry testId="2ffe0bc4-d7a2-40f5-b631-0c693812ef50" executionId="44c6dc7d-b8c9-45eb-971a-d056e35640f5" testListId="8c84fa94-04c1-424b-9868-57a2d4851a1d" /><TestEntry testId="1f47bc19-90bf-41d4-b598-38b38a10df56" executionId="ac91e9fd-fbe5-407e-9d69-2cba7cf40cf0" testListId="8c84fa94-04c1-424b-9868-57a2d4851a1d" /><TestEntry testId="a49ae516-2a5e-4d33-bad3-40b0e2029948" executionId="03f03075-e8bf-4a57-81b6-76cf21458440" testListId="8c84fa94-04c1-424b-9868-57a2d4851a1d" /><TestEntry testId="b44a4eab-aa86-4632-9a2c-8d5274b44149" executionId="dfca05c2-8441-4db6-ac06-2da5b5351d19" testListId="8c84fa94-04c1-424b-9868-57a2d4851a1d" /><TestEntry testId="2068dc35-72b5-4b3b-a732-848404603258" executionId="e1fff70a-2347-4e5f-bde5-864d0f1f14e3" testListId="8c84fa94-04c1-424b-9868-57a2d4851a1d" /><TestEntry testId="98c1450c-5a67-42b1-8273-5151b3123beb" executionId="4a9df853-beff-470c-9861-4625c430e0e5" testListId="8c84fa94-04c1-424b-9868-57a2d4851a1d" /><TestEntry testId="2e935ae0-c667-4729-b515-48ff8a13a420" executionId="78e50166-2f0f-4c59-bad7-70a5efc3a75b" testListId="8c84fa94-04c1-424b-9868-57a2d4851a1d" /><TestEntry testId="c448d2a5-96ac-42b5-86ac-8b376f03b13c" executionId="b3cf57f4-f437-42ce-8aca-d59c655f117a" testListId="8c84fa94-04c1-424b-9868-57a2d4851a1d" /><TestEntry testId="ea469f05-e208-42ec-86e3-aeabae7d7926" executionId="190d20dc-0b58-4b1a-aa55-1dc456e7df14" testListId="8c84fa94-04c1-424b-9868-57a2d4851a1d" /><TestEntry testId="e37592bf-1203-462e-b216-75bfecf8571a" executionId="443363b6-4d86-41bf-9940-158a25b3cc87" testListId="8c84fa94-04c1-424b-9868-57a2d4851a1d" /><TestEntry testId="1f5ef424-322b-4e1c-8ebf-67c139e937ab" executionId="b1738cc3-b2b2-4293-9417-fdbdb1d930c1" testListId="8c84fa94-04c1-424b-9868-57a2d4851a1d" /><TestEntry testId="1aa3007b-2410-4948-a42c-17b2039f34f0" executionId="a18b3fa3-f74c-44bf-a2b5-a5761b89fe83" testListId="8c84fa94-04c1-424b-9868-57a2d4851a1d" /><TestEntry testId="c782fd37-d296-4c05-934f-fac3d591c8dc" executionId="0a038716-2e10-4ae6-8414-b6f563a2604d" testListId="8c84fa94-04c1-424b-9868-57a2d4851a1d" /><TestEntry testId="fcde47f9-ce0b-4e83-9b1f-e2e2f365065b" executionId="29208f06-38d8-4a1e-b720-09f2c3205633" testListId="8c84fa94-04c1-424b-9868-57a2d4851a1d" /><TestEntry testId="be87b162-8033-498f-afb4-5ec9f7549007" executionId="749ff232-68e7-41df-a8f1-8ecc27913826" testListId="8c84fa94-04c1-424b-9868-57a2d4851a1d" /><TestEntry testId="00f4782c-75b5-4d56-b883-9898aff4db3b" executionId="02ed671c-a597-4d27-b9b8-1f096942c47b" testListId="8c84fa94-04c1-424b-9868-57a2d4851a1d" /><TestEntry testId="12dda1cf-c079-4ac6-85bf-eb7bf236fa78" executionId="5ddc0fe3-4e66-4425-8247-a2a291402234" testListId="8c84fa94-04c1-424b-9868-57a2d4851a1d" /><TestEntry testId="410682bd-425b-43bd-8d38-c09eab621b8b" executionId="93a416ad-bf9b-47a2-93a3-2a3072798530" testListId="8c84fa94-04c1-424b-9868-57a2d4851a1d" /><TestEntry testId="aeca09b2-9845-491f-adaa-eac03e9ffd39" executionId="770360d5-2958-4a6d-9539-93c857e658e1" testListId="8c84fa94-04c1-424b-9868-57a2d4851a1d" /><TestEntry testId="a11bfe1d-bdf5-449a-92b2-9411d2fecea9" executionId="a88a451e-b055-40a2-a9d4-ca6dfc604321" testListId="8c84fa94-04c1-424b-9868-57a2d4851a1d" /><TestEntry testId="72c5dae0-e9f7-4c62-abb4-97e2757f49a8" executionId="26a65e47-1897-49c2-b3a1-7dcd45caac56" testListId="8c84fa94-04c1-424b-9868-57a2d4851a1d" /><TestEntry testId="b561be1e-e227-4e18-b1cc-bdc66f025b65" executionId="d0f89cf3-7c9e-44e3-86da-89e737327d46" testListId="8c84fa94-04c1-424b-9868-57a2d4851a1d" /><TestEntry testId="0ea9248c-8bf8-4089-a429-224bb2a9a98a" executionId="1732ab8b-462b-4518-b6f2-234e62150c5a" testListId="8c84fa94-04c1-424b-9868-57a2d4851a1d" /><TestEntry testId="47d1a5d9-d129-4984-bf9e-de0b67d4042f" executionId="54630f2f-af39-4f1e-b3f9-683e45fe0553" testListId="8c84fa94-04c1-424b-9868-57a2d4851a1d" /><TestEntry testId="d873cfce-8dd3-47ad-931d-f7562273a891" executionId="a85be5ec-6ee0-4cd9-8da1-e01981ef9e70" testListId="8c84fa94-04c1-424b-9868-57a2d4851a1d" /><TestEntry testId="2c7da6cd-e440-47d2-99e4-4bda5885f605" executionId="53b65507-d91c-4d44-a505-7543372af4d6" testListId="8c84fa94-04c1-424b-9868-57a2d4851a1d" /><TestEntry testId="7bef8d59-f66f-4cef-a50c-e88088aada15" executionId="16662c1b-2258-4f5c-a007-8022a7668700" testListId="8c84fa94-04c1-424b-9868-57a2d4851a1d" /><TestEntry testId="182d7f81-9a51-4f41-9eef-117078b59b8f" executionId="fc8fb211-4ec8-4cd9-a016-12c4c3f9f847" testListId="8c84fa94-04c1-424b-9868-57a2d4851a1d" /><TestEntry testId="84492f0e-67a0-4108-8237-7c5a7bb26b8c" executionId="6b371d21-b2fe-4c24-9626-419b2c08d6d3" testListId="8c84fa94-04c1-424b-9868-57a2d4851a1d" /><TestEntry testId="1dd86015-2e1e-4cd0-9a25-b39b19fb0875" executionId="57bcb006-a5e1-4ed3-b368-6028269b5a6f" testListId="8c84fa94-04c1-424b-9868-57a2d4851a1d" /><TestEntry testId="08978772-a8bb-4a29-9ee2-fe2eed9b8999" executionId="6e28e8ec-6438-463f-bb63-54c1807055ec" testListId="8c84fa94-04c1-424b-9868-57a2d4851a1d" /><TestEntry testId="f9b43018-afbf-4fcc-9b63-6e6704fb878e" executionId="5fe865a6-8039-43cf-87dc-0e1818b96d36" testListId="8c84fa94-04c1-424b-9868-57a2d4851a1d" /><TestEntry testId="40dd55b1-77c3-47f9-bac2-75564afb6b1e" executionId="75171682-0b6d-43ce-8741-44ea775bbe72" testListId="8c84fa94-04c1-424b-9868-57a2d4851a1d" /><TestEntry testId="a9d4ec8a-0f88-47d8-a47e-37cade878df5" executionId="985c6443-525f-423c-96e7-ee5332035b49" testListId="8c84fa94-04c1-424b-9868-57a2d4851a1d" /><TestEntry testId="29987fc7-d967-4403-a277-34ce8a5df399" executionId="ff90eecc-5444-4321-b99c-dae346ebbab1" testListId="8c84fa94-04c1-424b-9868-57a2d4851a1d" /><TestEntry testId="68fa4d94-792c-4ee8-b9f2-5c2a0cc660c0" executionId="cd4985fe-dd57-4f86-b9dc-6bf800541dbb" testListId="8c84fa94-04c1-424b-9868-57a2d4851a1d" /><TestEntry testId="d2bf50e1-70f8-439c-a344-6d2d65508e40" executionId="dd5debd4-537a-4f41-af98-00b2deb0e826" testListId="8c84fa94-04c1-424b-9868-57a2d4851a1d" /><TestEntry testId="338dd7b3-d456-48dd-91fa-3805cd90bde8" executionId="931d54dd-458b-45e3-b8dd-72d6db2ed2e4" testListId="8c84fa94-04c1-424b-9868-57a2d4851a1d" /><TestEntry testId="73b650c4-901c-44b8-99f4-3857f662778b" executionId="8bf2112d-7f0e-4766-a1ca-e7ebdfa38e50" testListId="8c84fa94-04c1-424b-9868-57a2d4851a1d" /><TestEntry testId="ca94bbd1-f376-4b8c-af30-74458a48b79d" executionId="9842f206-8b80-4d43-be31-48e6a6602ba6" testListId="8c84fa94-04c1-424b-9868-57a2d4851a1d" /><TestEntry testId="4b7e33db-8c12-4df8-b66d-158f5684ec42" executionId="ca076886-7682-4797-be59-d5795419b370" testListId="8c84fa94-04c1-424b-9868-57a2d4851a1d" /><TestEntry testId="1b7748b9-3646-4ee7-a42f-aa8166a9876a" executionId="654a057c-bf54-4acd-a024-568ec8fa99e5" testListId="8c84fa94-04c1-424b-9868-57a2d4851a1d" /><TestEntry testId="53180eeb-a6b2-4254-8d96-49d82edec66e" executionId="4491ea38-b088-4fa0-9e44-b1ea4779c239" testListId="8c84fa94-04c1-424b-9868-57a2d4851a1d" /><TestEntry testId="9b239c3b-1cfb-4bcc-95a9-92c7d8397c81" executionId="63038586-36d4-4190-9877-3b361b0434bf" testListId="8c84fa94-04c1-424b-9868-57a2d4851a1d" /><TestEntry testId="0e902ba0-8fc2-4a35-b7d6-cf98f79b618d" executionId="caa7a639-7c4f-4b06-905e-d79315482a61" testListId="8c84fa94-04c1-424b-9868-57a2d4851a1d" /><TestEntry testId="b67680ec-3599-4186-b7aa-33850dee7a81" executionId="fffff1a1-6e0e-4777-ba42-b1c96fa4d90a" testListId="8c84fa94-04c1-424b-9868-57a2d4851a1d" /><TestEntry testId="42c0356c-cea0-42b0-b951-bab549e7c167" executionId="a1eff83d-3eb2-427b-b7f0-7199b3ec5d4f" testListId="8c84fa94-04c1-424b-9868-57a2d4851a1d" /><TestEntry testId="5ca76714-d980-4ad6-ae2f-9c598a0b9bab" executionId="afa24db6-d43f-482c-a02d-1ab04cdaef2e" testListId="8c84fa94-04c1-424b-9868-57a2d4851a1d" /><TestEntry testId="c4bc2155-38d5-4351-9075-403c64509a81" executionId="9cac6235-c2ae-4e1d-984b-57794ddbe2d8" testListId="8c84fa94-04c1-424b-9868-57a2d4851a1d" /><TestEntry testId="2a08d310-eebc-465e-9359-ad3de63a8310" executionId="f8007be9-aef4-454e-9ddb-c7ddf3ad306e" testListId="8c84fa94-04c1-424b-9868-57a2d4851a1d" /><TestEntry testId="7d2e7476-1ad5-458b-98b7-5132a5ba2957" executionId="ec3bc05d-0232-4a0d-8e3b-19e47c4923ca" testListId="8c84fa94-04c1-424b-9868-57a2d4851a1d" /><TestEntry testId="ae295c85-913a-4d91-93f2-3027c1ba533d" executionId="3c8ee8b4-b6e1-4562-860a-b89e1218e865" testListId="8c84fa94-04c1-424b-9868-57a2d4851a1d" /><TestEntry testId="0d9a7971-47b5-414f-bf68-8797ae89f78f" executionId="6cd1acee-931f-4449-83ae-7258eabb421b" testListId="8c84fa94-04c1-424b-9868-57a2d4851a1d" /><TestEntry testId="669a1cff-cbdc-4cb3-930d-d7244f69d262" executionId="5a9e3147-b70c-4ffe-afa8-ca2a953ce572" testListId="8c84fa94-04c1-424b-9868-57a2d4851a1d" /><TestEntry testId="ac9bd355-87f7-4021-878c-c39a20a32707" executionId="3ae8f26c-c4d3-473b-80eb-57e3dad31e76" testListId="8c84fa94-04c1-424b-9868-57a2d4851a1d" /><TestEntry testId="9dc55c2e-216f-49ff-bd5a-72e0bb06d829" executionId="86e62248-56fc-4742-8f03-c9152ee20447" testListId="8c84fa94-04c1-424b-9868-57a2d4851a1d" /><TestEntry testId="b2a1232b-23c8-46a9-a704-8f7514b2ddc1" executionId="cabb55b0-70e2-4879-b7d1-b0b123a4ab00" testListId="8c84fa94-04c1-424b-9868-57a2d4851a1d" /><TestEntry testId="a1a91f6d-f4b2-4e98-b9aa-e8851b5a13b5" executionId="3e8a4ed2-f60c-478a-b3b5-f5a97919f5a4" testListId="8c84fa94-04c1-424b-9868-57a2d4851a1d" /><TestEntry testId="12391deb-c998-4cab-8e55-5aa95458f790" executionId="9c19b54c-2596-44ee-81b4-e779fea7f61d" testListId="8c84fa94-04c1-424b-9868-57a2d4851a1d" /><TestEntry testId="1eda0c0d-83fc-4587-b6f5-462bb50697be" executionId="cd440a7c-50f2-4f0b-9697-adf888589849" testListId="8c84fa94-04c1-424b-9868-57a2d4851a1d" /><TestEntry testId="82e24792-c9d8-4d3c-8bf1-dba1440fb17b" executionId="e55fa3fc-2361-4599-8794-ce029a2b8730" testListId="8c84fa94-04c1-424b-9868-57a2d4851a1d" /><TestEntry testId="3e45c11a-2f22-4050-8616-830c5ee8114e" executionId="15fbe290-6bfb-41da-b94b-01e574c2b0e4" testListId="8c84fa94-04c1-424b-9868-57a2d4851a1d" /><TestEntry testId="1aff28d1-b954-4e9d-a2d5-1fe317746890" executionId="aaa10d61-a9ca-451d-a9d3-aa3e19044079" testListId="8c84fa94-04c1-424b-9868-57a2d4851a1d" /><TestEntry testId="3f988ee7-c4aa-4f17-a774-7acc8e7fa2c9" executionId="df4a3fd2-2644-4c9a-9755-d42deeb2c421" testListId="8c84fa94-04c1-424b-9868-57a2d4851a1d" /><TestEntry testId="6c0c32b6-703b-47bc-aad6-25be158cf22a" executionId="f690b965-0b4a-4047-a418-e94e013cb8a7" testListId="8c84fa94-04c1-424b-9868-57a2d4851a1d" /><TestEntry testId="3ebbf20d-0b54-4536-8b68-5c4dc89672fa" executionId="f4792dd2-cba0-4ba0-8759-f6045489151f" testListId="8c84fa94-04c1-424b-9868-57a2d4851a1d" /><TestEntry testId="86a5613a-0c0c-48ac-ae05-37fade93a552" executionId="3d67d7b0-34b1-4af5-91cd-ba7fa8a536c9" testListId="8c84fa94-04c1-424b-9868-57a2d4851a1d" /><TestEntry testId="5e8e5d6b-f572-4d8b-96a9-fd7c54cdf108" executionId="ef7c3364-7fe3-4828-9967-0897bd81b41a" testListId="8c84fa94-04c1-424b-9868-57a2d4851a1d" /><TestEntry testId="4912a386-fba8-4b45-9ad1-1a747dc3bd30" executionId="a9920b8f-9166-4882-87fe-fd107655869c" testListId="8c84fa94-04c1-424b-9868-57a2d4851a1d" /><TestEntry testId="6556b699-60a2-4ae3-b628-e469344f3522" executionId="87a0a79a-3d04-4f40-8fc6-1eab2c946bd5" testListId="8c84fa94-04c1-424b-9868-57a2d4851a1d" /><TestEntry testId="9e865645-a6b1-438e-9f0b-0136b8a35abc" executionId="5f7885f8-68dc-4396-a48c-3c029cc01cf7" testListId="8c84fa94-04c1-424b-9868-57a2d4851a1d" /><TestEntry testId="88354de0-6b64-4234-8bfd-38d043962fa3" executionId="e71627f2-502d-4b0e-a11a-50b61e448c8e" testListId="8c84fa94-04c1-424b-9868-57a2d4851a1d" /><TestEntry testId="8d459db6-079c-4d09-ac7f-234610c8bc05" executionId="c2504cd7-8ae3-4f2a-afcb-cba2060ae649" testListId="8c84fa94-04c1-424b-9868-57a2d4851a1d" /><TestEntry testId="05ce4a2a-05d5-4782-9e01-fa5d0ea838b9" executionId="e4f3a4eb-897e-4370-8b21-7711fb1af996" testListId="8c84fa94-04c1-424b-9868-57a2d4851a1d" /><TestEntry testId="8144b963-2cd4-4d70-b103-4f2ea529d325" executionId="421585f8-4f13-46e6-9b86-4d9d4dbc4b8f" testListId="8c84fa94-04c1-424b-9868-57a2d4851a1d" /><TestEntry testId="a55f4dce-967c-41ba-bbaf-7d35ae641e0a" executionId="8a19e85d-6d22-472a-b4dd-4ea12ca41b72" testListId="8c84fa94-04c1-424b-9868-57a2d4851a1d" /><TestEntry testId="ccdac340-4591-4e71-9193-6a07f0a38de5" executionId="6096310b-6175-425c-869d-0a96443b18f9" testListId="8c84fa94-04c1-424b-9868-57a2d4851a1d" /><TestEntry testId="34a7946f-55d7-47bb-b7dd-ddb018311095" executionId="ce178405-b71e-445c-b700-2803da8069c2" testListId="8c84fa94-04c1-424b-9868-57a2d4851a1d" /><TestEntry testId="7d08b38d-7c59-4e2c-9816-1d7ad9fd8d94" executionId="000f75d1-dd32-45eb-9621-7084774c88c6" testListId="8c84fa94-04c1-424b-9868-57a2d4851a1d" /><TestEntry testId="23f06bc1-1900-45f4-be6a-a397d2821054" executionId="bc3a1649-92e5-4cdf-a717-42126d7fbe42" testListId="8c84fa94-04c1-424b-9868-57a2d4851a1d" /><TestEntry testId="cb15b722-f71a-4aab-a84c-9e3ef1eb00d6" executionId="baaa6290-4be9-4d5c-8f37-e855951fff1c" testListId="8c84fa94-04c1-424b-9868-57a2d4851a1d" /><TestEntry testId="e1adfd54-3687-4229-a079-fec850f10d91" executionId="2545966a-7aff-459e-8258-c1f4fedb538f" testListId="8c84fa94-04c1-424b-9868-57a2d4851a1d" /><TestEntry testId="7a05a77b-4936-4d31-9694-b69466928c66" executionId="caf4d182-9fbc-4ea3-b7b1-64304661a370" testListId="8c84fa94-04c1-424b-9868-57a2d4851a1d" /><TestEntry testId="1ca5b2ec-fc0e-4a41-985d-c78f86c4e672" executionId="727c4ac1-34c4-44d8-bf62-b3fe56c3f505" testListId="8c84fa94-04c1-424b-9868-57a2d4851a1d" /><TestEntry testId="a072b599-2a14-49c6-b063-08c19e760bdc" executionId="81d3366e-7416-4d52-981f-f1ce3c7ebd44" testListId="8c84fa94-04c1-424b-9868-57a2d4851a1d" /><TestEntry testId="27f7aa69-6086-4f9e-a5c9-7bb26ead7087" executionId="1c56e66e-4972-4d8a-b0b5-10ce7dff9809" testListId="8c84fa94-04c1-424b-9868-57a2d4851a1d" /><TestEntry testId="f3ccb254-266f-454c-8d78-544644b3892d" executionId="180164f2-d3c7-4a20-8067-3141bfbec5ff" testListId="8c84fa94-04c1-424b-9868-57a2d4851a1d" /><TestEntry testId="099e9b20-7db8-4790-b97d-42e2d0f2a5c6" executionId="adec2c46-fe84-4b98-a2dd-60abfd2903d2" testListId="8c84fa94-04c1-424b-9868-57a2d4851a1d" /><TestEntry testId="3c438456-0ee8-4acc-be80-ec17eb07dab4" executionId="15daf7b9-7dd1-4cf0-9dda-59034a93c62a" testListId="8c84fa94-04c1-424b-9868-57a2d4851a1d" /><TestEntry testId="5fce6cfb-de22-4c9c-bd86-87a65d59a0c5" executionId="c23c53ea-34ee-4624-815d-a70f6c9ad374" testListId="8c84fa94-04c1-424b-9868-57a2d4851a1d" /><TestEntry testId="a8c643dd-5dd8-4f68-8129-572f64f764b6" executionId="0d393771-fed3-4e34-9e96-1a3598ff168c" testListId="8c84fa94-04c1-424b-9868-57a2d4851a1d" /><TestEntry testId="7dc8da04-fe71-4d46-ab84-f787fc32cc37" executionId="f72595f2-9396-41e7-9e2e-9236919064e3" testListId="8c84fa94-04c1-424b-9868-57a2d4851a1d" /><TestEntry testId="7c47d61e-ca97-4162-b928-1ee4937ae723" executionId="bdc2b21c-ddae-4046-8eaa-9088ec0e4464" testListId="8c84fa94-04c1-424b-9868-57a2d4851a1d" /><TestEntry testId="bff92f71-79aa-45bb-b089-8f5411a383f9" executionId="b44b89aa-e771-4ac4-aada-5bbe607b3c23" testListId="8c84fa94-04c1-424b-9868-57a2d4851a1d" /><TestEntry testId="e7a91879-c176-4d67-9ea8-fd589ea9d8ba" executionId="134cb284-8be4-407b-8b63-691481b95d42" testListId="8c84fa94-04c1-424b-9868-57a2d4851a1d" /><TestEntry testId="2830a021-5be9-41d1-8b45-a70bfb294a92" executionId="188cdc36-8d1e-421a-be8f-5ebfc0b6a551" testListId="8c84fa94-04c1-424b-9868-57a2d4851a1d" /><TestEntry testId="dbb10e6d-5d66-4842-a34c-c4d2a630d48b" executionId="945c33d5-024d-487c-a330-46b2b8089d61" testListId="8c84fa94-04c1-424b-9868-57a2d4851a1d" /><TestEntry testId="3c95e383-a2d2-4b6e-8f3b-35fc972dbd50" executionId="c5522253-aeca-4235-9bb3-5d6543dfb40c" testListId="8c84fa94-04c1-424b-9868-57a2d4851a1d" /><TestEntry testId="fc2ff752-eb5d-4b58-acf0-77eba08c8970" executionId="73961d53-0b79-4a48-b019-11e1ac72e994" testListId="8c84fa94-04c1-424b-9868-57a2d4851a1d" /><TestEntry testId="98333229-cef3-4849-bf5d-e6762406b54d" executionId="536bdeb7-556c-433f-9182-686d0cd1b596" testListId="8c84fa94-04c1-424b-9868-57a2d4851a1d" /><TestEntry testId="136ed279-b8e3-4bc5-adf5-667ad35dfbf1" executionId="eaf6eaed-f579-4888-986c-7ecb52769ea6" testListId="8c84fa94-04c1-424b-9868-57a2d4851a1d" /><TestEntry testId="c6f9dfb6-f3ed-49cf-9d75-cc67efa951ed" executionId="5b90b8e0-bdd2-4f19-800d-cc65c21006e6" testListId="8c84fa94-04c1-424b-9868-57a2d4851a1d" /><TestEntry testId="189322db-4e16-43b6-8432-0dc2198fcf9e" executionId="8aa5d08f-40cd-4733-b39a-832ee6bd485f" testListId="8c84fa94-04c1-424b-9868-57a2d4851a1d" /><TestEntry testId="6ace3a07-1757-48c7-8e4e-8a0e36d3a1b5" executionId="f2896134-7653-443b-ba46-4b2fb2f674a8" testListId="8c84fa94-04c1-424b-9868-57a2d4851a1d" /><TestEntry testId="55c31710-4849-4a6a-b093-3f9d4d5481f5" executionId="1d15b229-3d1f-479b-bf1b-669a496c9082" testListId="8c84fa94-04c1-424b-9868-57a2d4851a1d" /><TestEntry testId="69414ded-ffa1-40db-99c8-9e5064de458b" executionId="b77acd80-c27c-4313-9f0e-4bcf132548c6" testListId="8c84fa94-04c1-424b-9868-57a2d4851a1d" /><TestEntry testId="03d29220-5c79-407e-8665-33ce896de373" executionId="69d7be71-5644-45e6-8ba3-161cddda9b79" testListId="8c84fa94-04c1-424b-9868-57a2d4851a1d" /><TestEntry testId="91c0fe85-f761-4fac-8722-2996a7249976" executionId="52cbc61b-b6d3-4b41-9095-e595d8ccb4ac" testListId="8c84fa94-04c1-424b-9868-57a2d4851a1d" /><TestEntry testId="21375bf7-3111-4f35-86bb-6a2ce7c1aba6" executionId="60c103a4-47af-4c8e-8faa-b19f69592350" testListId="8c84fa94-04c1-424b-9868-57a2d4851a1d" /><TestEntry testId="f14581ff-e9df-41ea-8d72-0d66ddefaabc" executionId="7f7417f5-b8aa-462a-a1a4-6a7453d6d805" testListId="8c84fa94-04c1-424b-9868-57a2d4851a1d" /><TestEntry testId="44378b00-a1e0-4531-8f45-1a3551e319d8" executionId="1c5fefae-415e-49ff-afa2-5b36e2aba511" testListId="8c84fa94-04c1-424b-9868-57a2d4851a1d" /><TestEntry testId="ba8b6a89-357a-4fa3-a9be-99cf295449f7" executionId="78656006-9f23-4cae-b9bd-d67e5581e8a7" testListId="8c84fa94-04c1-424b-9868-57a2d4851a1d" /><TestEntry testId="97f56a3e-4f72-439a-8993-b633969eecad" executionId="fab07306-848b-47d1-b412-a426f1dc7d83" testListId="8c84fa94-04c1-424b-9868-57a2d4851a1d" /><TestEntry testId="f87660f1-3b83-4447-bdd0-561e938d2983" executionId="8c97c554-fcdb-4805-95c1-f9c00a18d359" testListId="8c84fa94-04c1-424b-9868-57a2d4851a1d" /></TestEntries><TestLists><TestList name="Results Not in a List" id="8c84fa94-04c1-424b-9868-57a2d4851a1d" /><TestList name="All Loaded Results" id="19431567-8539-422a-85d7-44ee4e166bda" /></TestLists><ResultSummary outcome="Completed"><Counters total="152" executed="152" passed="152" failed="0" error="0" timeout="0" aborted="0" inconclusive="0" passedButRunAborted="0" notRunnable="0" notExecuted="0" disconnected="0" warning="0" completed="0" inProgress="0" pending="0" /><Output><StdOut>[xUnit.net 00:00:01.1322145]   Discovering: ModelRelief.Test[xUnit.net 00:00:01.2461541]   Discovered:  ModelRelief.Test[xUnit.net 00:00:01.2512034]   Starting:    ModelRelief.Test[xUnit.net 00:00:19.3782668]   Finished:    ModelRelief.Test</StdOut></Output></ResultSummary></TestRun>