<?xml version="1.0" encoding="utf-8"?><TestRun id="8b52c497-841e-4d3a-be15-7ab79768d2a6" name="Steve Knipmeyer@VECTOR 2018-07-28 05:25:25" runUser="VECTOR\Steve Knipmeyer" xmlns="http://microsoft.com/schemas/VisualStudio/TeamTest/2010"><Times creation="2018-07-28T05:25:25.1411382-04:00" queuing="2018-07-28T05:25:25.1411587-04:00" start="2018-07-28T05:25:20.7845058-04:00" finish="2018-07-28T05:25:40.1644556-04:00" /><TestSettings name="default" id="0a3a18a3-fc4d-4724-a163-416b9a43d08d"><Deployment runDeploymentRoot="Steve_Knipmeyer_VECTOR_2018-07-28_05_25_25" /></TestSettings><Results><UnitTestResult executionId="0d69b7e4-da81-4f7b-b308-7a7d298cf370" testId="d9ed553d-6e10-46e7-be89-1eca6ab5c05c" testName="Delete_TargetModelIsDeleted" computerName="VECTOR" duration="00:00:00.0340000" startTime="2018-07-28T05:25:30.7707819-04:00" endTime="2018-07-28T05:25:30.7707876-04:00" testType="13cdc9d9-ddb5-4fa4-a97d-d965ccfc6d4b" outcome="Passed" testListId="8c84fa94-04c1-424b-9868-57a2d4851a1d" relativeResultsDirectory="0d69b7e4-da81-4f7b-b308-7a7d298cf370" /><UnitTestResult executionId="de940233-3902-4248-8954-5a8e00c9e7ab" testId="c9ba3d93-8dce-48cf-a611-c8f93957f523" testName="Put_ValidReferencePropertyUpdatesModel" computerName="VECTOR" duration="00:00:00.0380000" startTime="2018-07-28T05:25:26.5967026-04:00" endTime="2018-07-28T05:25:26.5967094-04:00" testType="13cdc9d9-ddb5-4fa4-a97d-d965ccfc6d4b" outcome="Passed" testListId="8c84fa94-04c1-424b-9868-57a2d4851a1d" relativeResultsDirectory="de940233-3902-4248-8954-5a8e00c9e7ab" /><UnitTestResult executionId="8e4b2754-5a0c-4184-acf2-ec15738c0c51" testId="e424096b-1506-4f25-ae86-fc94a60c5550" testName="Post_ValidReferencePropertyCreatesModel" computerName="VECTOR" duration="00:00:00.0270000" startTime="2018-07-28T05:25:37.4464681-04:00" endTime="2018-07-28T05:25:37.4464743-04:00" testType="13cdc9d9-ddb5-4fa4-a97d-d965ccfc6d4b" outcome="Passed" testListId="8c84fa94-04c1-424b-9868-57a2d4851a1d" relativeResultsDirectory="8e4b2754-5a0c-4184-acf2-ec15738c0c51" /><UnitTestResult executionId="7ba72c77-3af5-4069-b516-64c403bb24f4" testId="81f4ea84-b360-4bd5-900a-3be41b4cc8e0" testName="GetSingle_InvalidIdPropertyValueReturnsNotFound" computerName="VECTOR" duration="00:00:00.0170000" startTime="2018-07-28T05:25:26.4192265-04:00" endTime="2018-07-28T05:25:26.4192316-04:00" testType="13cdc9d9-ddb5-4fa4-a97d-d965ccfc6d4b" outcome="Passed" testListId="8c84fa94-04c1-424b-9868-57a2d4851a1d" relativeResultsDirectory="7ba72c77-3af5-4069-b516-64c403bb24f4" /><UnitTestResult executionId="35d0eb35-6e58-4b05-9366-ac2a2849cff4" testId="2a42914d-6e36-46d6-9c85-1598a6c60299" testName="Post_InvalidPropertyValueReturnsBadRequest" computerName="VECTOR" duration="00:00:00.0150000" startTime="2018-07-28T05:25:37.3530600-04:00" endTime="2018-07-28T05:25:37.3530668-04:00" testType="13cdc9d9-ddb5-4fa4-a97d-d965ccfc6d4b" outcome="Passed" testListId="8c84fa94-04c1-424b-9868-57a2d4851a1d" relativeResultsDirectory="35d0eb35-6e58-4b05-9366-ac2a2849cff4" /><UnitTestResult executionId="d212c606-19ac-432e-b871-75b48538827c" testId="d01b5bab-9ab1-4a49-adb3-1d7400fd73ab" testName="Delete_TargetModelIsDeleted" computerName="VECTOR" duration="00:00:00.0280000" startTime="2018-07-28T05:25:36.9861097-04:00" endTime="2018-07-28T05:25:36.9861160-04:00" testType="13cdc9d9-ddb5-4fa4-a97d-d965ccfc6d4b" outcome="Passed" testListId="8c84fa94-04c1-424b-9868-57a2d4851a1d" relativeResultsDirectory="d212c606-19ac-432e-b871-75b48538827c" /><UnitTestResult executionId="998a865d-dc7d-4a35-baa1-7c5ec03be5fd" testId="beee2d1e-6375-4a7a-b444-57eaf4e36d8d" testName="Patch_ValidReferencePropertyUpdatesModel" computerName="VECTOR" duration="00:00:00.6440000" startTime="2018-07-28T05:25:29.9259782-04:00" endTime="2018-07-28T05:25:29.9259844-04:00" testType="13cdc9d9-ddb5-4fa4-a97d-d965ccfc6d4b" outcome="Passed" testListId="8c84fa94-04c1-424b-9868-57a2d4851a1d" relativeResultsDirectory="998a865d-dc7d-4a35-baa1-7c5ec03be5fd" /><UnitTestResult executionId="22d78bf7-1ae3-4bb6-8199-85da864aa65b" testId="4fb7084d-2cba-4e1a-ae10-30824e06af16" testName="Post_CanCreateNewModel" computerName="VECTOR" duration="00:00:00.0280000" startTime="2018-07-28T05:25:39.6236974-04:00" endTime="2018-07-28T05:25:39.6237045-04:00" testType="13cdc9d9-ddb5-4fa4-a97d-d965ccfc6d4b" outcome="Passed" testListId="8c84fa94-04c1-424b-9868-57a2d4851a1d" relativeResultsDirectory="22d78bf7-1ae3-4bb6-8199-85da864aa65b" /><UnitTestResult executionId="7c058f84-ba73-4f7d-83b2-a01261a749ac" testId="220647f5-ead9-404f-ae99-63b5eede9492" testName="Post_ValidReferencePropertyCreatesModel" computerName="VECTOR" duration="00:00:00.0310000" startTime="2018-07-28T05:25:30.7359913-04:00" endTime="2018-07-28T05:25:30.7359973-04:00" testType="13cdc9d9-ddb5-4fa4-a97d-d965ccfc6d4b" outcome="Passed" testListId="8c84fa94-04c1-424b-9868-57a2d4851a1d" relativeResultsDirectory="7c058f84-ba73-4f7d-83b2-a01261a749ac" /><UnitTestResult executionId="4e50864b-92a1-415e-a44d-3e74c602495a" testId="e253d98d-5e4f-407b-826f-5a54e3277e8d" testName="GetFile_ExistingFileReturnsSuccess" computerName="VECTOR" duration="00:00:00.0290000" startTime="2018-07-28T05:25:37.5232351-04:00" endTime="2018-07-28T05:25:37.5232422-04:00" testType="13cdc9d9-ddb5-4fa4-a97d-d965ccfc6d4b" outcome="Passed" testListId="8c84fa94-04c1-424b-9868-57a2d4851a1d" relativeResultsDirectory="4e50864b-92a1-415e-a44d-3e74c602495a" /><UnitTestResult executionId="50eb7b3d-b026-4c2a-bf30-946a22be1bd9" testId="66de4c8a-7079-463c-b22d-dbd15d531ed1" testName="FileRequest_MeshIsInvalidatedAfterDepthBufferFileBecomesUnsynchronized" computerName="VECTOR" duration="00:00:01.9990000" startTime="2018-07-28T05:25:32.9655190-04:00" endTime="2018-07-28T05:25:32.9655256-04:00" testType="13cdc9d9-ddb5-4fa4-a97d-d965ccfc6d4b" outcome="Passed" testListId="8c84fa94-04c1-424b-9868-57a2d4851a1d" relativeResultsDirectory="50eb7b3d-b026-4c2a-bf30-946a22be1bd9" /><UnitTestResult executionId="6e081abd-455a-42a5-b57e-5a0f9cd73db9" testId="8c87d1bd-4199-4f7c-9a7a-612005409f69" testName="Post_InvalidReferencePropertyReturnsBadRequest" computerName="VECTOR" duration="00:00:00.0220000" startTime="2018-07-28T05:25:30.6738462-04:00" endTime="2018-07-28T05:25:30.6738528-04:00" testType="13cdc9d9-ddb5-4fa4-a97d-d965ccfc6d4b" outcome="Passed" testListId="8c84fa94-04c1-424b-9868-57a2d4851a1d" relativeResultsDirectory="6e081abd-455a-42a5-b57e-5a0f9cd73db9" /><UnitTestResult executionId="3a70b3f5-5c00-4ee2-8e4a-3e847158b1d9" testId="9c2c4327-5dfe-46e5-a34e-ba034433fcdd" testName="LucyCameraFindsAllDependents" computerName="VECTOR" duration="00:00:00.0100000" startTime="2018-07-28T05:25:24.7728583-04:00" endTime="2018-07-28T05:25:24.7728617-04:00" testType="13cdc9d9-ddb5-4fa4-a97d-d965ccfc6d4b" outcome="Passed" testListId="8c84fa94-04c1-424b-9868-57a2d4851a1d" relativeResultsDirectory="3a70b3f5-5c00-4ee2-8e4a-3e847158b1d9" /><UnitTestResult executionId="91722547-e619-47fb-b54f-c90d1eed0344" testId="e10fd848-be25-453e-9e77-024b068d2518" testName="Put_InvalidIdReturnsNotFound" computerName="VECTOR" duration="00:00:00.1770000" startTime="2018-07-28T05:25:27.6975039-04:00" endTime="2018-07-28T05:25:27.6975102-04:00" testType="13cdc9d9-ddb5-4fa4-a97d-d965ccfc6d4b" outcome="Passed" testListId="8c84fa94-04c1-424b-9868-57a2d4851a1d" relativeResultsDirectory="91722547-e619-47fb-b54f-c90d1eed0344" /><UnitTestResult executionId="379557ef-fd02-4b0d-925d-e009a4649fd7" testId="498cf4c2-ce7c-4877-9953-cbdd2d799475" testName="Post_InvalidReferencePropertyReturnsBadRequest" computerName="VECTOR" duration="00:00:00.2930000" startTime="2018-07-28T05:25:26.1388068-04:00" endTime="2018-07-28T05:25:26.1388148-04:00" testType="13cdc9d9-ddb5-4fa4-a97d-d965ccfc6d4b" outcome="Passed" testListId="8c84fa94-04c1-424b-9868-57a2d4851a1d" relativeResultsDirectory="379557ef-fd02-4b0d-925d-e009a4649fd7" /><UnitTestResult executionId="70a3a982-1516-43e2-ada7-551ada6322e4" testId="e0851614-3ff7-4d9e-9315-c39f3cc4ef26" testName="Patch_InvalidReferencePropertyReturnsBadRequest" computerName="VECTOR" duration="00:00:00.0230000" startTime="2018-07-28T05:25:26.7308783-04:00" endTime="2018-07-28T05:25:26.7308842-04:00" testType="13cdc9d9-ddb5-4fa4-a97d-d965ccfc6d4b" outcome="Passed" testListId="8c84fa94-04c1-424b-9868-57a2d4851a1d" relativeResultsDirectory="70a3a982-1516-43e2-ada7-551ada6322e4" /><UnitTestResult executionId="0b0cee11-a444-4003-ad51-c0bcd77358c5" testId="5ef337dd-b990-42be-94ac-b759a9a2c1f1" testName="Put_ValidReferencePropertyUpdatesModel" computerName="VECTOR" duration="00:00:00.1520000" startTime="2018-07-28T05:25:37.2264330-04:00" endTime="2018-07-28T05:25:37.2264387-04:00" testType="13cdc9d9-ddb5-4fa4-a97d-d965ccfc6d4b" outcome="Passed" testListId="8c84fa94-04c1-424b-9868-57a2d4851a1d" relativeResultsDirectory="0b0cee11-a444-4003-ad51-c0bcd77358c5" /><UnitTestResult executionId="6c5ee6b6-53c4-4dfe-be5a-38d477c52bb7" testId="9c98acb7-019b-402c-8c1b-72c32baf713d" testName="GetSingle_InvalidIdPropertyValueReturnsNotFound" computerName="VECTOR" duration="00:00:00.0100000" startTime="2018-07-28T05:25:25.7535422-04:00" endTime="2018-07-28T05:25:25.7535484-04:00" testType="13cdc9d9-ddb5-4fa4-a97d-d965ccfc6d4b" outcome="Passed" testListId="8c84fa94-04c1-424b-9868-57a2d4851a1d" relativeResultsDirectory="6c5ee6b6-53c4-4dfe-be5a-38d477c52bb7" /><UnitTestResult executionId="f821a604-1799-4648-882c-61944c5959bd" testId="92b31a7a-1ec7-4073-86f8-cb11d9c37cdf" testName="Post_ValidReferencePropertyCreatesModel" computerName="VECTOR" duration="00:00:00.0090000" startTime="2018-07-28T05:25:25.4055811-04:00" endTime="2018-07-28T05:25:25.4055868-04:00" testType="13cdc9d9-ddb5-4fa4-a97d-d965ccfc6d4b" outcome="Passed" testListId="8c84fa94-04c1-424b-9868-57a2d4851a1d" relativeResultsDirectory="f821a604-1799-4648-882c-61944c5959bd" /><UnitTestResult executionId="b2c778ba-80d8-4f58-9ae5-cf2ccba7dbf4" testId="3f4a3f4f-06d2-4931-be40-e4bab8fdd432" testName="Put_InvalidIdReturnsNotFound" computerName="VECTOR" duration="00:00:00.0200000" startTime="2018-07-28T05:25:39.6441283-04:00" endTime="2018-07-28T05:25:39.6441348-04:00" testType="13cdc9d9-ddb5-4fa4-a97d-d965ccfc6d4b" outcome="Passed" testListId="8c84fa94-04c1-424b-9868-57a2d4851a1d" relativeResultsDirectory="b2c778ba-80d8-4f58-9ae5-cf2ccba7dbf4" /><UnitTestResult executionId="e31b535f-5067-424d-953e-89d45a15d821" testId="a2849076-0a76-43ba-822c-cf1c311340f7" testName="Patch_TargetPropertyIsUpdated" computerName="VECTOR" duration="00:00:00.0560000" startTime="2018-07-28T05:25:25.6566703-04:00" endTime="2018-07-28T05:25:25.6566769-04:00" testType="13cdc9d9-ddb5-4fa4-a97d-d965ccfc6d4b" outcome="Passed" testListId="8c84fa94-04c1-424b-9868-57a2d4851a1d" relativeResultsDirectory="e31b535f-5067-424d-953e-89d45a15d821" /><UnitTestResult executionId="27ef4496-4390-44fd-aa6a-a0c1a458ba46" testId="5991b2f6-9b82-461c-9f55-946fc01b2e2c" testName="Put_CanUpdateModel" computerName="VECTOR" duration="00:00:00.0540000" startTime="2018-07-28T05:25:39.7796079-04:00" endTime="2018-07-28T05:25:39.7796147-04:00" testType="13cdc9d9-ddb5-4fa4-a97d-d965ccfc6d4b" outcome="Passed" testListId="8c84fa94-04c1-424b-9868-57a2d4851a1d" relativeResultsDirectory="27ef4496-4390-44fd-aa6a-a0c1a458ba46" /><UnitTestResult executionId="79ffeb7a-fc03-4b03-b7dd-746c33e64af8" testId="572ab3c7-9617-4ccb-8650-c918b64a9d92" testName="Post_InvalidReferencePropertyReturnsBadRequest" computerName="VECTOR" duration="00:00:00.0120000" startTime="2018-07-28T05:25:28.2384376-04:00" endTime="2018-07-28T05:25:28.2384450-04:00" testType="13cdc9d9-ddb5-4fa4-a97d-d965ccfc6d4b" outcome="Passed" testListId="8c84fa94-04c1-424b-9868-57a2d4851a1d" relativeResultsDirectory="79ffeb7a-fc03-4b03-b7dd-746c33e64af8" /><UnitTestResult executionId="cb50eeb6-5142-4e79-a860-1fc6533579a4" testId="3428b65a-3a52-41c5-bfea-cfd5c68f2bc2" testName="PutFile_NewFileCanBePut" computerName="VECTOR" duration="00:00:00.0940000" startTime="2018-07-28T05:25:39.3184450-04:00" endTime="2018-07-28T05:25:39.3184504-04:00" testType="13cdc9d9-ddb5-4fa4-a97d-d965ccfc6d4b" outcome="Passed" testListId="8c84fa94-04c1-424b-9868-57a2d4851a1d" relativeResultsDirectory="cb50eeb6-5142-4e79-a860-1fc6533579a4" /><UnitTestResult executionId="083ae4ea-d125-40b0-b75a-26b4661c0538" testId="3f6fd7e7-f897-4bb7-8d95-21dc31868407" testName="Patch_TargetPropertyIsUpdated" computerName="VECTOR" duration="00:00:00.1720000" startTime="2018-07-28T05:25:26.3107573-04:00" endTime="2018-07-28T05:25:26.3107638-04:00" testType="13cdc9d9-ddb5-4fa4-a97d-d965ccfc6d4b" outcome="Passed" testListId="8c84fa94-04c1-424b-9868-57a2d4851a1d" relativeResultsDirectory="083ae4ea-d125-40b0-b75a-26b4661c0538" /><UnitTestResult executionId="f995519e-5ce6-4cef-9b49-e1d6b7b47679" testId="e9e5459e-a23b-474d-aeb0-37db72873ded" testName="Patch_InvalidReferencePropertyReturnsBadRequest" computerName="VECTOR" duration="00:00:00.0160000" startTime="2018-07-28T05:25:27.8953209-04:00" endTime="2018-07-28T05:25:27.8953292-04:00" testType="13cdc9d9-ddb5-4fa4-a97d-d965ccfc6d4b" outcome="Passed" testListId="8c84fa94-04c1-424b-9868-57a2d4851a1d" relativeResultsDirectory="f995519e-5ce6-4cef-9b49-e1d6b7b47679" /><UnitTestResult executionId="edae5da3-e63f-446e-8cd3-53d7a9173f44" testId="8b3d4bd9-a34c-4af2-861b-35a059380746" testName="Patch_InvalidReferencePropertyReturnsBadRequest" computerName="VECTOR" duration="00:00:00.0210000" startTime="2018-07-28T05:25:39.9536490-04:00" endTime="2018-07-28T05:25:39.9536550-04:00" testType="13cdc9d9-ddb5-4fa4-a97d-d965ccfc6d4b" outcome="Passed" testListId="8c84fa94-04c1-424b-9868-57a2d4851a1d" relativeResultsDirectory="edae5da3-e63f-446e-8cd3-53d7a9173f44" /><UnitTestResult executionId="4667a8af-e404-4830-8dcf-47c653eea382" testId="57824ab7-4822-4504-ad81-58f6d05094d5" testName="Patch_InvalidIdPropertyReturnsNotFound" computerName="VECTOR" duration="00:00:00.0130000" startTime="2018-07-28T05:25:39.8606698-04:00" endTime="2018-07-28T05:25:39.8606755-04:00" testType="13cdc9d9-ddb5-4fa4-a97d-d965ccfc6d4b" outcome="Passed" testListId="8c84fa94-04c1-424b-9868-57a2d4851a1d" relativeResultsDirectory="4667a8af-e404-4830-8dcf-47c653eea382" /><UnitTestResult executionId="de320052-21ac-42c4-bd34-1afc56c726fa" testId="50626985-8c28-441c-b4ea-f69b2102d21c" testName="Patch_InvalidPropertyNameReturnsBadRequest" computerName="VECTOR" duration="00:00:00.0920000" startTime="2018-07-28T05:25:25.3969461-04:00" endTime="2018-07-28T05:25:25.3969524-04:00" testType="13cdc9d9-ddb5-4fa4-a97d-d965ccfc6d4b" outcome="Passed" testListId="8c84fa94-04c1-424b-9868-57a2d4851a1d" relativeResultsDirectory="de320052-21ac-42c4-bd34-1afc56c726fa" /><UnitTestResult executionId="6d54cc9e-6b23-400d-9479-e48aa313e190" testId="0ada5b32-6fd6-484a-8f38-656d0553bb73" testName="PostFile_FileIsSynchronizedIsUpdatedAfterFileIsPosted" computerName="VECTOR" duration="00:00:00.1660000" startTime="2018-07-28T05:25:36.7421116-04:00" endTime="2018-07-28T05:25:36.7421159-04:00" testType="13cdc9d9-ddb5-4fa4-a97d-d965ccfc6d4b" outcome="Passed" testListId="8c84fa94-04c1-424b-9868-57a2d4851a1d" relativeResultsDirectory="6d54cc9e-6b23-400d-9479-e48aa313e190" /><UnitTestResult executionId="04458806-3629-47ee-b32b-d723bcaf30d3" testId="22625df0-ddbd-4952-b1c4-389963328d31" testName="Delete_TargetModelIsDeleted" computerName="VECTOR" duration="00:00:00.1870000" startTime="2018-07-28T05:25:25.6006032-04:00" endTime="2018-07-28T05:25:25.6006091-04:00" testType="13cdc9d9-ddb5-4fa4-a97d-d965ccfc6d4b" outcome="Passed" testListId="8c84fa94-04c1-424b-9868-57a2d4851a1d" relativeResultsDirectory="04458806-3629-47ee-b32b-d723bcaf30d3" /><UnitTestResult executionId="c8c5f422-27ce-4c3c-a24a-5ff81d2cc65f" testId="407e4ac7-6e16-4247-9858-721631e4eae0" testName="Patch_MultipleInvalidReferencePropertiesReturnsMultipleValidationErrorsAndBadRequest" computerName="VECTOR" duration="00:00:00.0300000" startTime="2018-07-28T05:25:27.8556236-04:00" endTime="2018-07-28T05:25:27.8556301-04:00" testType="13cdc9d9-ddb5-4fa4-a97d-d965ccfc6d4b" outcome="Passed" testListId="8c84fa94-04c1-424b-9868-57a2d4851a1d" relativeResultsDirectory="c8c5f422-27ce-4c3c-a24a-5ff81d2cc65f" /><UnitTestResult executionId="0b2a77ed-a38d-408a-bc91-71d0984b1880" testId="726faff7-13ec-48ff-9cfe-971275a80ab0" testName="GetFile_NonExistentFileReturnsNotFound" computerName="VECTOR" duration="00:00:00.0140000" startTime="2018-07-28T05:25:39.2236993-04:00" endTime="2018-07-28T05:25:39.2237053-04:00" testType="13cdc9d9-ddb5-4fa4-a97d-d965ccfc6d4b" outcome="Passed" testListId="8c84fa94-04c1-424b-9868-57a2d4851a1d" relativeResultsDirectory="0b2a77ed-a38d-408a-bc91-71d0984b1880" /><UnitTestResult executionId="77fb8024-c471-4f80-bba1-6e46619d672a" testId="0db5cb0a-f24e-4ed2-aa93-9facd23bed7a" testName="GetList_ListReturnsCorrectCount" computerName="VECTOR" duration="00:00:00.0170000" startTime="2018-07-28T05:25:26.6756977-04:00" endTime="2018-07-28T05:25:26.6757034-04:00" testType="13cdc9d9-ddb5-4fa4-a97d-d965ccfc6d4b" outcome="Passed" testListId="8c84fa94-04c1-424b-9868-57a2d4851a1d" relativeResultsDirectory="77fb8024-c471-4f80-bba1-6e46619d672a" /><UnitTestResult executionId="07bb69cd-488d-4b1f-b7d5-fdb8995258c5" testId="2466aacc-165a-46f5-aae7-f278f1ff0341" testName="Patch_InvalidEnumPropertyValueReturnsBadRequest" computerName="VECTOR" duration="00:00:00.0240000" startTime="2018-07-28T05:25:30.4845828-04:00" endTime="2018-07-28T05:25:30.4845885-04:00" testType="13cdc9d9-ddb5-4fa4-a97d-d965ccfc6d4b" outcome="Passed" testListId="8c84fa94-04c1-424b-9868-57a2d4851a1d" relativeResultsDirectory="07bb69cd-488d-4b1f-b7d5-fdb8995258c5" /><UnitTestResult executionId="570a8f94-1327-486b-aa49-dd5434916783" testId="bb075cf1-c5de-4b70-9e56-915fe2d5dba5" testName="Put_InvalidIdReturnsNotFound" computerName="VECTOR" duration="00:00:00.0400000" startTime="2018-07-28T05:25:26.4592340-04:00" endTime="2018-07-28T05:25:26.4592400-04:00" testType="13cdc9d9-ddb5-4fa4-a97d-d965ccfc6d4b" outcome="Passed" testListId="8c84fa94-04c1-424b-9868-57a2d4851a1d" relativeResultsDirectory="570a8f94-1327-486b-aa49-dd5434916783" /><UnitTestResult executionId="4d7c4194-de56-45d2-9770-0eca9a1de527" testId="423a8c03-2306-4ea4-9e1e-c878958c8450" testName="Patch_ValidReferencePropertyUpdatesModel" computerName="VECTOR" duration="00:00:00.5210000" startTime="2018-07-28T05:25:25.3041018-04:00" endTime="2018-07-28T05:25:25.3041083-04:00" testType="13cdc9d9-ddb5-4fa4-a97d-d965ccfc6d4b" outcome="Passed" testListId="8c84fa94-04c1-424b-9868-57a2d4851a1d" relativeResultsDirectory="4d7c4194-de56-45d2-9770-0eca9a1de527" /><UnitTestResult executionId="da5fa47e-ca3e-4764-96b1-5fc8b198dbc8" testId="0638c05e-65e1-4e50-9364-07f36142792a" testName="PutFile_FileCanBeUpdated" computerName="VECTOR" duration="00:00:00.1310000" startTime="2018-07-28T05:25:38.8257834-04:00" endTime="2018-07-28T05:25:38.8257883-04:00" testType="13cdc9d9-ddb5-4fa4-a97d-d965ccfc6d4b" outcome="Passed" testListId="8c84fa94-04c1-424b-9868-57a2d4851a1d" relativeResultsDirectory="da5fa47e-ca3e-4764-96b1-5fc8b198dbc8" /><UnitTestResult executionId="0b4250b6-db74-464a-a588-180a7d91dcc3" testId="cc472a4a-027e-4839-bf27-a01e1d250139" testName="PostFile_FileTimeStampIsUpdatedAfterFileIsPosted" computerName="VECTOR" duration="00:00:00.0090000" startTime="2018-07-28T05:25:26.7870785-04:00" endTime="2018-07-28T05:25:26.7870831-04:00" testType="13cdc9d9-ddb5-4fa4-a97d-d965ccfc6d4b" outcome="Passed" testListId="8c84fa94-04c1-424b-9868-57a2d4851a1d" relativeResultsDirectory="0b4250b6-db74-464a-a588-180a7d91dcc3" /><UnitTestResult executionId="7f039567-8961-480e-bb1b-6e8528b13e6b" testId="f8ac48ab-f158-4d44-8b1f-01b126201b34" testName="Put_InvalidReferencePropertyReturndBadRequest" computerName="VECTOR" duration="00:00:00.0250000" startTime="2018-07-28T05:25:26.7779543-04:00" endTime="2018-07-28T05:25:26.7779600-04:00" testType="13cdc9d9-ddb5-4fa4-a97d-d965ccfc6d4b" outcome="Passed" testListId="8c84fa94-04c1-424b-9868-57a2d4851a1d" relativeResultsDirectory="7f039567-8961-480e-bb1b-6e8528b13e6b" /><UnitTestResult executionId="74f8e07c-807e-4c5e-bf9c-0d721f3b4761" testId="2ab5f593-a936-4e2e-8c71-62d673a8d3ad" testName="Patch_ValidReferencePropertyUpdatesModel" computerName="VECTOR" duration="00:00:00.0520000" startTime="2018-07-28T05:25:37.4049773-04:00" endTime="2018-07-28T05:25:37.4049836-04:00" testType="13cdc9d9-ddb5-4fa4-a97d-d965ccfc6d4b" outcome="Passed" testListId="8c84fa94-04c1-424b-9868-57a2d4851a1d" relativeResultsDirectory="74f8e07c-807e-4c5e-bf9c-0d721f3b4761" /><UnitTestResult executionId="81c26158-5210-446b-b6e7-5942d9145541" testId="03e72288-daa4-4836-ab56-4da3f38740b9" testName="Patch_InvalidEnumPropertyValueReturnsBadRequest" computerName="VECTOR" duration="00:00:00.0260000" startTime="2018-07-28T05:25:36.8836976-04:00" endTime="2018-07-28T05:25:36.8837036-04:00" testType="13cdc9d9-ddb5-4fa4-a97d-d965ccfc6d4b" outcome="Passed" testListId="8c84fa94-04c1-424b-9868-57a2d4851a1d" relativeResultsDirectory="81c26158-5210-446b-b6e7-5942d9145541" /><UnitTestResult executionId="2c896f04-5620-45ce-9b32-1aa417947fa9" testId="eb9022c2-d680-4574-8001-31a039eb5838" testName="GetFile_NonExistentFileReturnsNotFound" computerName="VECTOR" duration="00:00:00.0270000" startTime="2018-07-28T05:25:30.8780524-04:00" endTime="2018-07-28T05:25:30.8780595-04:00" testType="13cdc9d9-ddb5-4fa4-a97d-d965ccfc6d4b" outcome="Passed" testListId="8c84fa94-04c1-424b-9868-57a2d4851a1d" relativeResultsDirectory="2c896f04-5620-45ce-9b32-1aa417947fa9" /><UnitTestResult executionId="f54c4406-ac49-41c9-be0d-78a5b6fdaaaa" testId="f04885e3-30ce-4550-b919-8b4e9b8a8cd1" testName="Patch_InvalidPropertyNameReturnsBadRequest" computerName="VECTOR" duration="00:00:00.0170000" startTime="2018-07-28T05:25:30.6115860-04:00" endTime="2018-07-28T05:25:30.6115919-04:00" testType="13cdc9d9-ddb5-4fa4-a97d-d965ccfc6d4b" outcome="Passed" testListId="8c84fa94-04c1-424b-9868-57a2d4851a1d" relativeResultsDirectory="f54c4406-ac49-41c9-be0d-78a5b6fdaaaa" /><UnitTestResult executionId="06f1d598-c616-4dc7-85a2-44cf0067a69a" testId="859076ae-a44f-49c7-97bf-1f8ed18e2b9b" testName="PostFile_FileTimeStampIsUpdatedAfterFileIsPosted" computerName="VECTOR" duration="00:00:01.1700000" startTime="2018-07-28T05:25:38.6941013-04:00" endTime="2018-07-28T05:25:38.6941056-04:00" testType="13cdc9d9-ddb5-4fa4-a97d-d965ccfc6d4b" outcome="Passed" testListId="8c84fa94-04c1-424b-9868-57a2d4851a1d" relativeResultsDirectory="06f1d598-c616-4dc7-85a2-44cf0067a69a" /><UnitTestResult executionId="43275d07-38da-44bc-bf8e-3c224fb06157" testId="7fb121f6-2725-43aa-9c98-82f676d319b5" testName="Post_CanCreateNewModel" computerName="VECTOR" duration="00:00:00.0290000" startTime="2018-07-28T05:25:30.5642583-04:00" endTime="2018-07-28T05:25:30.5642643-04:00" testType="13cdc9d9-ddb5-4fa4-a97d-d965ccfc6d4b" outcome="Passed" testListId="8c84fa94-04c1-424b-9868-57a2d4851a1d" relativeResultsDirectory="43275d07-38da-44bc-bf8e-3c224fb06157" /><UnitTestResult executionId="7667f28b-f005-485e-a2b4-4a56f43c7af5" testId="2f22c6b3-fd15-44af-985a-3f9ce839d37e" testName="GetFile_ExistingFileReturnsSuccess" computerName="VECTOR" duration="00:00:00.1440000" startTime="2018-07-28T05:25:27.1512344-04:00" endTime="2018-07-28T05:25:27.1512417-04:00" testType="13cdc9d9-ddb5-4fa4-a97d-d965ccfc6d4b" outcome="Passed" testListId="8c84fa94-04c1-424b-9868-57a2d4851a1d" relativeResultsDirectory="7667f28b-f005-485e-a2b4-4a56f43c7af5" /><UnitTestResult executionId="2f3f53b5-c6e4-4860-a309-a5824112a485" testId="3214d911-6293-48e6-9b37-b679d8683c2e" testName="GetList_ListReturnsCorrectCount" computerName="VECTOR" duration="00:00:00.9780000" startTime="2018-07-28T05:25:29.2178179-04:00" endTime="2018-07-28T05:25:29.2178236-04:00" testType="13cdc9d9-ddb5-4fa4-a97d-d965ccfc6d4b" outcome="Passed" testListId="8c84fa94-04c1-424b-9868-57a2d4851a1d" relativeResultsDirectory="2f3f53b5-c6e4-4860-a309-a5824112a485" /><UnitTestResult executionId="68da001a-c7d1-4a2e-9e35-c12f4a540c06" testId="6f5ebdb9-a29b-4070-b13c-a71e7675e8a1" testName="GetList_ListReturnsCorrectCount" computerName="VECTOR" duration="00:00:00.0200000" startTime="2018-07-28T05:25:27.9154070-04:00" endTime="2018-07-28T05:25:27.9154129-04:00" testType="13cdc9d9-ddb5-4fa4-a97d-d965ccfc6d4b" outcome="Passed" testListId="8c84fa94-04c1-424b-9868-57a2d4851a1d" relativeResultsDirectory="68da001a-c7d1-4a2e-9e35-c12f4a540c06" /><UnitTestResult executionId="c0268df8-eaa9-47b6-ae5d-835ed4a7d989" testId="5f5e6894-fc5a-45cc-a6d2-88b4b55be80b" testName="Patch_InvalidPropertyNameReturnsBadRequest" computerName="VECTOR" duration="00:00:00.0150000" startTime="2018-07-28T05:25:36.9202141-04:00" endTime="2018-07-28T05:25:36.9202204-04:00" testType="13cdc9d9-ddb5-4fa4-a97d-d965ccfc6d4b" outcome="Passed" testListId="8c84fa94-04c1-424b-9868-57a2d4851a1d" relativeResultsDirectory="c0268df8-eaa9-47b6-ae5d-835ed4a7d989" /><UnitTestResult executionId="26009c3d-9f0e-4d1c-867a-41ebc9e0b4f1" testId="640d0313-94db-43ad-8f10-ea6c4f174aa9" testName="Patch_InvalidEnumPropertyValueReturnsBadRequest" computerName="VECTOR" duration="00:00:00.0070000" startTime="2018-07-28T05:25:28.0604228-04:00" endTime="2018-07-28T05:25:28.0604276-04:00" testType="13cdc9d9-ddb5-4fa4-a97d-d965ccfc6d4b" outcome="Passed" testListId="8c84fa94-04c1-424b-9868-57a2d4851a1d" relativeResultsDirectory="26009c3d-9f0e-4d1c-867a-41ebc9e0b4f1" /><UnitTestResult executionId="15981130-8e57-4d4f-831b-7f5b8a44fc69" testId="2e59be67-a73d-499b-9533-eb40e76eafbc" testName="LucyModel3dHasTwoDependents" computerName="VECTOR" duration="00:00:01.1390000" startTime="2018-07-28T05:25:24.7629703-04:00" endTime="2018-07-28T05:25:24.7629768-04:00" testType="13cdc9d9-ddb5-4fa4-a97d-d965ccfc6d4b" outcome="Passed" testListId="8c84fa94-04c1-424b-9868-57a2d4851a1d" relativeResultsDirectory="15981130-8e57-4d4f-831b-7f5b8a44fc69" /><UnitTestResult executionId="68955b89-167e-41d6-baa0-1d0f644b73e9" testId="25d696ca-35c8-45d8-a1f1-e3b9b66df6ad" testName="Patch_ValidReferencePropertyUpdatesModel" computerName="VECTOR" duration="00:00:00.0490000" startTime="2018-07-28T05:25:39.9322704-04:00" endTime="2018-07-28T05:25:39.9322769-04:00" testType="13cdc9d9-ddb5-4fa4-a97d-d965ccfc6d4b" outcome="Passed" testListId="8c84fa94-04c1-424b-9868-57a2d4851a1d" relativeResultsDirectory="68955b89-167e-41d6-baa0-1d0f644b73e9" /><UnitTestResult executionId="dbb01a55-a58f-4b0d-aa2d-a88ca540b3c5" testId="87128a10-3885-46c6-8b3c-28557eceb7a6" testName="Patch_InvalidReferencePropertyReturnsBadRequest" computerName="VECTOR" duration="00:00:00.0070000" startTime="2018-07-28T05:25:25.6726877-04:00" endTime="2018-07-28T05:25:25.6726906-04:00" testType="13cdc9d9-ddb5-4fa4-a97d-d965ccfc6d4b" outcome="Passed" testListId="8c84fa94-04c1-424b-9868-57a2d4851a1d" relativeResultsDirectory="dbb01a55-a58f-4b0d-aa2d-a88ca540b3c5" /><UnitTestResult executionId="990c86ab-238e-4356-bddc-e25e2bf9d826" testId="2e8ab631-d682-426d-a9fc-5ee19c848ea1" testName="Patch_InvalidPropertyNameReturnsBadRequest" computerName="VECTOR" duration="00:00:00.0180000" startTime="2018-07-28T05:25:26.4772197-04:00" endTime="2018-07-28T05:25:26.4772254-04:00" testType="13cdc9d9-ddb5-4fa4-a97d-d965ccfc6d4b" outcome="Passed" testListId="8c84fa94-04c1-424b-9868-57a2d4851a1d" relativeResultsDirectory="990c86ab-238e-4356-bddc-e25e2bf9d826" /><UnitTestResult executionId="1d9d140b-a6c7-4803-bc6c-cfb39b09a9b1" testId="7e98a8ee-8396-44d8-9b6b-d92c38d706b9" testName="PostFile_FileIsSynchronizedIsUpdatedAfterFileIsPosted" computerName="VECTOR" duration="00:00:00.0080000" startTime="2018-07-28T05:25:27.5197430-04:00" endTime="2018-07-28T05:25:27.5197473-04:00" testType="13cdc9d9-ddb5-4fa4-a97d-d965ccfc6d4b" outcome="Passed" testListId="8c84fa94-04c1-424b-9868-57a2d4851a1d" relativeResultsDirectory="1d9d140b-a6c7-4803-bc6c-cfb39b09a9b1" /><UnitTestResult executionId="cb6f41f2-9bbc-4b80-9f0d-9d2388198d34" testId="175d1e9c-7b1d-4e02-8486-c6ca28ef6feb" testName="Delete_TargetModelIsDeleted" computerName="VECTOR" duration="00:00:00.1000000" startTime="2018-07-28T05:25:27.8256632-04:00" endTime="2018-07-28T05:25:27.8256692-04:00" testType="13cdc9d9-ddb5-4fa4-a97d-d965ccfc6d4b" outcome="Passed" testListId="8c84fa94-04c1-424b-9868-57a2d4851a1d" relativeResultsDirectory="cb6f41f2-9bbc-4b80-9f0d-9d2388198d34" /><UnitTestResult executionId="ed2a3dd1-2690-41c0-8daa-b95a0683cf18" testId="e40773fd-abd6-4459-8a55-dd39dc76f4f2" testName="Put_InvalidReferencePropertyReturndBadRequest" computerName="VECTOR" duration="00:00:00.0370000" startTime="2018-07-28T05:25:36.9578140-04:00" endTime="2018-07-28T05:25:36.9578199-04:00" testType="13cdc9d9-ddb5-4fa4-a97d-d965ccfc6d4b" outcome="Passed" testListId="8c84fa94-04c1-424b-9868-57a2d4851a1d" relativeResultsDirectory="ed2a3dd1-2690-41c0-8daa-b95a0683cf18" /><UnitTestResult executionId="9d53fa34-4f51-4735-90c1-bb5e691458d6" testId="a092968e-06ec-45a9-9021-d8597dd88407" testName="Put_InvalidReferencePropertyReturndBadRequest" computerName="VECTOR" duration="00:00:00.0180000" startTime="2018-07-28T05:25:28.0420538-04:00" endTime="2018-07-28T05:25:28.0420598-04:00" testType="13cdc9d9-ddb5-4fa4-a97d-d965ccfc6d4b" outcome="Passed" testListId="8c84fa94-04c1-424b-9868-57a2d4851a1d" relativeResultsDirectory="9d53fa34-4f51-4735-90c1-bb5e691458d6" /><UnitTestResult executionId="09ce51f8-6de5-4f29-bde9-a19fa9a71e59" testId="d3add11e-926c-4933-8303-08de3bb63423" testName="Patch_InvalidIdPropertyReturnsNotFound" computerName="VECTOR" duration="00:00:00.0120000" startTime="2018-07-28T05:25:25.8317271-04:00" endTime="2018-07-28T05:25:25.8317334-04:00" testType="13cdc9d9-ddb5-4fa4-a97d-d965ccfc6d4b" outcome="Passed" testListId="8c84fa94-04c1-424b-9868-57a2d4851a1d" relativeResultsDirectory="09ce51f8-6de5-4f29-bde9-a19fa9a71e59" /><UnitTestResult executionId="e703a3f8-33df-49bd-b254-b30bc1b0423c" testId="cfedc3f6-c96f-4ac5-9041-fe64506e2b7f" testName="Put_CanUpdateModel" computerName="VECTOR" duration="00:00:00.4710000" startTime="2018-07-28T05:25:30.3971477-04:00" endTime="2018-07-28T05:25:30.3971543-04:00" testType="13cdc9d9-ddb5-4fa4-a97d-d965ccfc6d4b" outcome="Passed" testListId="8c84fa94-04c1-424b-9868-57a2d4851a1d" relativeResultsDirectory="e703a3f8-33df-49bd-b254-b30bc1b0423c" /><UnitTestResult executionId="5e392ab0-216f-40ce-8181-413459c79aaa" testId="8f8939fb-6ccd-485e-9a25-cf773a8cd2d3" testName="PostFile_FileTimeStampIsUpdatedAfterFileIsPosted" computerName="VECTOR" duration="00:00:01.1590000" startTime="2018-07-28T05:25:34.3728813-04:00" endTime="2018-07-28T05:25:34.3728864-04:00" testType="13cdc9d9-ddb5-4fa4-a97d-d965ccfc6d4b" outcome="Passed" testListId="8c84fa94-04c1-424b-9868-57a2d4851a1d" relativeResultsDirectory="5e392ab0-216f-40ce-8181-413459c79aaa" /><UnitTestResult executionId="9b429bdd-94f1-4764-9863-9a7cdd1d646d" testId="0a1eac3c-c974-4d7c-ac23-1da33336576d" testName="Patch_InvalidEnumPropertyValueReturnsBadRequest" computerName="VECTOR" duration="00:00:00.0130000" startTime="2018-07-28T05:25:26.6892766-04:00" endTime="2018-07-28T05:25:26.6892820-04:00" testType="13cdc9d9-ddb5-4fa4-a97d-d965ccfc6d4b" outcome="Passed" testListId="8c84fa94-04c1-424b-9868-57a2d4851a1d" relativeResultsDirectory="9b429bdd-94f1-4764-9863-9a7cdd1d646d" /><UnitTestResult executionId="f29e4c02-6d82-4848-b617-9eefadbe7563" testId="70b20929-8b6d-4325-b60e-74e15b3611d8" testName="Patch_TargetPropertyIsUpdated" computerName="VECTOR" duration="00:00:00.0460000" startTime="2018-07-28T05:25:28.1584834-04:00" endTime="2018-07-28T05:25:28.1584894-04:00" testType="13cdc9d9-ddb5-4fa4-a97d-d965ccfc6d4b" outcome="Passed" testListId="8c84fa94-04c1-424b-9868-57a2d4851a1d" relativeResultsDirectory="f29e4c02-6d82-4848-b617-9eefadbe7563" /><UnitTestResult executionId="2f69b5ad-83d2-43bb-9643-e11f1bae46b5" testId="3d4e1ce6-13cd-462b-b483-b1cf00a4e328" testName="GetSingle_InvalidIdPropertyValueReturnsNotFound" computerName="VECTOR" duration="00:00:00.0210000" startTime="2018-07-28T05:25:30.6519612-04:00" endTime="2018-07-28T05:25:30.6519689-04:00" testType="13cdc9d9-ddb5-4fa4-a97d-d965ccfc6d4b" outcome="Passed" testListId="8c84fa94-04c1-424b-9868-57a2d4851a1d" relativeResultsDirectory="2f69b5ad-83d2-43bb-9643-e11f1bae46b5" /><UnitTestResult executionId="919bb454-3e2b-4648-bb3a-cdfa05cf50da" testId="705d11f3-0ecf-48f5-a165-8a17101501c5" testName="Post_ValidReferencePropertyCreatesModel" computerName="VECTOR" duration="00:00:00.0230000" startTime="2018-07-28T05:25:26.6343320-04:00" endTime="2018-07-28T05:25:26.6343380-04:00" testType="13cdc9d9-ddb5-4fa4-a97d-d965ccfc6d4b" outcome="Passed" testListId="8c84fa94-04c1-424b-9868-57a2d4851a1d" relativeResultsDirectory="919bb454-3e2b-4648-bb3a-cdfa05cf50da" /><UnitTestResult executionId="4413557c-30ba-4681-b5a0-e73039a37581" testId="f6d06d7c-d8d4-47cf-8077-5c1ca4e1bf0c" testName="Put_CanUpdateModel" computerName="VECTOR" duration="00:00:00.0330000" startTime="2018-07-28T05:25:25.7871780-04:00" endTime="2018-07-28T05:25:25.7871843-04:00" testType="13cdc9d9-ddb5-4fa4-a97d-d965ccfc6d4b" outcome="Passed" testListId="8c84fa94-04c1-424b-9868-57a2d4851a1d" relativeResultsDirectory="4413557c-30ba-4681-b5a0-e73039a37581" /><UnitTestResult executionId="e898e8b1-a638-4eb8-9108-6e8feede1e72" testId="90c72467-35fc-4488-98cb-e6590da3e4cc" testName="Patch_TargetPropertyIsUpdated" computerName="VECTOR" duration="00:00:00.0460000" startTime="2018-07-28T05:25:40.0473428-04:00" endTime="2018-07-28T05:25:40.0473494-04:00" testType="13cdc9d9-ddb5-4fa4-a97d-d965ccfc6d4b" outcome="Passed" testListId="8c84fa94-04c1-424b-9868-57a2d4851a1d" relativeResultsDirectory="e898e8b1-a638-4eb8-9108-6e8feede1e72" /><UnitTestResult executionId="40817b2e-2dcc-49cb-bd49-c9964930b858" testId="f4625b40-2cc0-4984-8363-4dbc2ac2abc7" testName="Patch_ValidReferencePropertyUpdatesModel" computerName="VECTOR" duration="00:00:00.0510000" startTime="2018-07-28T05:25:28.1119674-04:00" endTime="2018-07-28T05:25:28.1119734-04:00" testType="13cdc9d9-ddb5-4fa4-a97d-d965ccfc6d4b" outcome="Passed" testListId="8c84fa94-04c1-424b-9868-57a2d4851a1d" relativeResultsDirectory="40817b2e-2dcc-49cb-bd49-c9964930b858" /><UnitTestResult executionId="33769fca-a4be-461b-b71e-f0e7d74b2dd6" testId="f5a9afab-901e-4fa3-a992-632ca870a7ad" testName="CameraHasExpectedDependentFiles" computerName="VECTOR" duration="00:00:00.0010000" startTime="2018-07-28T05:25:24.7731738-04:00" endTime="2018-07-28T05:25:24.7731750-04:00" testType="13cdc9d9-ddb5-4fa4-a97d-d965ccfc6d4b" outcome="Passed" testListId="8c84fa94-04c1-424b-9868-57a2d4851a1d" relativeResultsDirectory="33769fca-a4be-461b-b71e-f0e7d74b2dd6" /><UnitTestResult executionId="974e622a-b580-447b-993e-9976b6af5602" testId="10ce9313-b679-4fd7-8cdf-35127211b712" testName="GetSingle_ValidIdPropertyValueReturnsCorrectModel" computerName="VECTOR" duration="00:00:00.0120000" startTime="2018-07-28T05:25:25.7351413-04:00" endTime="2018-07-28T05:25:25.7351458-04:00" testType="13cdc9d9-ddb5-4fa4-a97d-d965ccfc6d4b" outcome="Passed" testListId="8c84fa94-04c1-424b-9868-57a2d4851a1d" relativeResultsDirectory="974e622a-b580-447b-993e-9976b6af5602" /><UnitTestResult executionId="ee672538-e061-4175-a28a-0955024dbdd5" testId="66f93f3d-a0b7-480f-9982-005f840d0ee8" testName="Delete_TargetModelIsDeleted" computerName="VECTOR" duration="00:00:00.0250000" startTime="2018-07-28T05:25:39.6692599-04:00" endTime="2018-07-28T05:25:39.6692670-04:00" testType="13cdc9d9-ddb5-4fa4-a97d-d965ccfc6d4b" outcome="Passed" testListId="8c84fa94-04c1-424b-9868-57a2d4851a1d" relativeResultsDirectory="ee672538-e061-4175-a28a-0955024dbdd5" /><UnitTestResult executionId="481d3084-fc80-40e5-bb62-994cd4e3cfda" testId="9bcc90a4-3b19-46fd-bbff-777342b4922a" testName="GetList_ListReturnsCorrectCount" computerName="VECTOR" duration="00:00:00.0130000" startTime="2018-07-28T05:25:25.8009922-04:00" endTime="2018-07-28T05:25:25.8009976-04:00" testType="13cdc9d9-ddb5-4fa4-a97d-d965ccfc6d4b" outcome="Passed" testListId="8c84fa94-04c1-424b-9868-57a2d4851a1d" relativeResultsDirectory="481d3084-fc80-40e5-bb62-994cd4e3cfda" /><UnitTestResult executionId="66fa568b-f806-49b7-b892-abf355b5c77c" testId="e9652931-2b30-404f-8777-efdf02d8f6ca" testName="Patch_InvalidPropertyNameReturnsBadRequest" computerName="VECTOR" duration="00:00:00.0270000" startTime="2018-07-28T05:25:27.7250196-04:00" endTime="2018-07-28T05:25:27.7250258-04:00" testType="13cdc9d9-ddb5-4fa4-a97d-d965ccfc6d4b" outcome="Passed" testListId="8c84fa94-04c1-424b-9868-57a2d4851a1d" relativeResultsDirectory="66fa568b-f806-49b7-b892-abf355b5c77c" /><UnitTestResult executionId="96dde54d-e1a7-4542-979f-78c1e941a156" testId="6a86728a-3041-48d3-b9e1-f056583f728a" testName="Patch_InvalidIdPropertyReturnsNotFound" computerName="VECTOR" duration="00:00:00.0110000" startTime="2018-07-28T05:25:28.0530637-04:00" endTime="2018-07-28T05:25:28.0530691-04:00" testType="13cdc9d9-ddb5-4fa4-a97d-d965ccfc6d4b" outcome="Passed" testListId="8c84fa94-04c1-424b-9868-57a2d4851a1d" relativeResultsDirectory="96dde54d-e1a7-4542-979f-78c1e941a156" /><UnitTestResult executionId="4a92e196-3c0b-4b1a-968a-e1daacdc6275" testId="5ce8e543-c543-44df-9aa2-3103d26b2da7" testName="FileRequest_MeshGenerateSetsFileIsSynchronized" computerName="VECTOR" duration="00:00:02.1120000" startTime="2018-07-28T05:25:36.5754919-04:00" endTime="2018-07-28T05:25:36.5754993-04:00" testType="13cdc9d9-ddb5-4fa4-a97d-d965ccfc6d4b" outcome="Passed" testListId="8c84fa94-04c1-424b-9868-57a2d4851a1d" relativeResultsDirectory="4a92e196-3c0b-4b1a-968a-e1daacdc6275" /><UnitTestResult executionId="88b827d3-f4f4-4aea-9736-867a991c01cb" testId="97fd0f8a-c7d1-4420-9233-2efdc4d175e7" testName="Post_ValidReferencePropertyCreatesModel" computerName="VECTOR" duration="00:00:00.0230000" startTime="2018-07-28T05:25:39.8220002-04:00" endTime="2018-07-28T05:25:39.8220073-04:00" testType="13cdc9d9-ddb5-4fa4-a97d-d965ccfc6d4b" outcome="Passed" testListId="8c84fa94-04c1-424b-9868-57a2d4851a1d" relativeResultsDirectory="88b827d3-f4f4-4aea-9736-867a991c01cb" /><UnitTestResult executionId="96e3d3fc-cc24-440a-b26d-d3f889833718" testId="a47356c9-204c-45e7-9468-5ea619f73705" testName="Put_ValidReferencePropertyUpdatesModel" computerName="VECTOR" duration="00:00:00.0770000" startTime="2018-07-28T05:25:27.9927902-04:00" endTime="2018-07-28T05:25:27.9927965-04:00" testType="13cdc9d9-ddb5-4fa4-a97d-d965ccfc6d4b" outcome="Passed" testListId="8c84fa94-04c1-424b-9868-57a2d4851a1d" relativeResultsDirectory="96e3d3fc-cc24-440a-b26d-d3f889833718" /><UnitTestResult executionId="f1748831-6a37-49f9-adba-2e81513e7405" testId="a6cc0051-e197-4b6f-82b6-983b0a678381" testName="FileRequest_FileCanBeReadAfterRename" computerName="VECTOR" duration="00:00:00.1610000" startTime="2018-07-28T05:25:27.3124860-04:00" endTime="2018-07-28T05:25:27.3124920-04:00" testType="13cdc9d9-ddb5-4fa4-a97d-d965ccfc6d4b" outcome="Passed" testListId="8c84fa94-04c1-424b-9868-57a2d4851a1d" relativeResultsDirectory="f1748831-6a37-49f9-adba-2e81513e7405" /><UnitTestResult executionId="71c72bb2-c0d3-4acf-8e97-422957724173" testId="55b81236-e15c-43bb-8382-eda29d746fea" testName="Patch_InvalidIdPropertyReturnsNotFound" computerName="VECTOR" duration="00:00:00.0140000" startTime="2018-07-28T05:25:26.6108582-04:00" endTime="2018-07-28T05:25:26.6108650-04:00" testType="13cdc9d9-ddb5-4fa4-a97d-d965ccfc6d4b" outcome="Passed" testListId="8c84fa94-04c1-424b-9868-57a2d4851a1d" relativeResultsDirectory="71c72bb2-c0d3-4acf-8e97-422957724173" /><UnitTestResult executionId="6b0e78a6-3372-45aa-9d90-b4880b56047e" testId="28164e10-d3cf-40d2-9d77-f09947b00ad9" testName="GetSingle_InvalidIdPropertyValueReturnsNotFound" computerName="VECTOR" duration="00:00:00.0140000" startTime="2018-07-28T05:25:37.4189704-04:00" endTime="2018-07-28T05:25:37.4189763-04:00" testType="13cdc9d9-ddb5-4fa4-a97d-d965ccfc6d4b" outcome="Passed" testListId="8c84fa94-04c1-424b-9868-57a2d4851a1d" relativeResultsDirectory="6b0e78a6-3372-45aa-9d90-b4880b56047e" /><UnitTestResult executionId="55c26b20-733f-4e6e-bead-73343eec34ce" testId="669f5c32-cfe5-4b79-acbd-14fe39f53f3a" testName="Post_ValidReferencePropertyCreatesModel" computerName="VECTOR" duration="00:00:00.0200000" startTime="2018-07-28T05:25:28.0241426-04:00" endTime="2018-07-28T05:25:28.0241488-04:00" testType="13cdc9d9-ddb5-4fa4-a97d-d965ccfc6d4b" outcome="Passed" testListId="8c84fa94-04c1-424b-9868-57a2d4851a1d" relativeResultsDirectory="55c26b20-733f-4e6e-bead-73343eec34ce" /><UnitTestResult executionId="ea5541c4-313d-43eb-ae57-74cd6957dd51" testId="fd4e3ebc-25cf-47f5-be6a-9eefe29c8519" testName="Patch_ValidReferencePropertyUpdatesModel" computerName="VECTOR" duration="00:00:00.0520000" startTime="2018-07-28T05:25:26.5582111-04:00" endTime="2018-07-28T05:25:26.5582170-04:00" testType="13cdc9d9-ddb5-4fa4-a97d-d965ccfc6d4b" outcome="Passed" testListId="8c84fa94-04c1-424b-9868-57a2d4851a1d" relativeResultsDirectory="ea5541c4-313d-43eb-ae57-74cd6957dd51" /><UnitTestResult executionId="ad1f1463-0b26-494b-b556-724e2d1d0fce" testId="857d24df-5e93-4001-8569-d495162b29cc" testName="PutFile_FileCanBeUpdated" computerName="VECTOR" duration="00:00:00.1250000" startTime="2018-07-28T05:25:33.1837772-04:00" endTime="2018-07-28T05:25:33.1837823-04:00" testType="13cdc9d9-ddb5-4fa4-a97d-d965ccfc6d4b" outcome="Passed" testListId="8c84fa94-04c1-424b-9868-57a2d4851a1d" relativeResultsDirectory="ad1f1463-0b26-494b-b556-724e2d1d0fce" /><UnitTestResult executionId="40cf2808-fc7a-43f2-bd2f-d4ddd9b6a05e" testId="59e03209-7de6-4136-9a37-8939f26384e1" testName="Patch_InvalidEnumPropertyValueReturnsBadRequest" computerName="VECTOR" duration="00:00:00.0080000" startTime="2018-07-28T05:25:25.7427472-04:00" endTime="2018-07-28T05:25:25.7427532-04:00" testType="13cdc9d9-ddb5-4fa4-a97d-d965ccfc6d4b" outcome="Passed" testListId="8c84fa94-04c1-424b-9868-57a2d4851a1d" relativeResultsDirectory="40cf2808-fc7a-43f2-bd2f-d4ddd9b6a05e" /><UnitTestResult executionId="ade3f423-3c17-4b38-861f-70fae41adf33" testId="ce5ee54c-d6af-41f9-82ca-d40822460c21" testName="Put_InvalidReferencePropertyReturndBadRequest" computerName="VECTOR" duration="00:00:00.0350000" startTime="2018-07-28T05:25:30.8305380-04:00" endTime="2018-07-28T05:25:30.8305437-04:00" testType="13cdc9d9-ddb5-4fa4-a97d-d965ccfc6d4b" outcome="Passed" testListId="8c84fa94-04c1-424b-9868-57a2d4851a1d" relativeResultsDirectory="ade3f423-3c17-4b38-861f-70fae41adf33" /><UnitTestResult executionId="b0277c96-72ca-4653-b9c9-e6fc5c4f3c24" testId="13242473-bad3-45dd-9413-de98638cfa82" testName="Post_InvalidReferencePropertyReturnsBadRequest" computerName="VECTOR" duration="00:00:00.0070000" startTime="2018-07-28T05:25:25.4131207-04:00" endTime="2018-07-28T05:25:25.4131261-04:00" testType="13cdc9d9-ddb5-4fa4-a97d-d965ccfc6d4b" outcome="Passed" testListId="8c84fa94-04c1-424b-9868-57a2d4851a1d" relativeResultsDirectory="b0277c96-72ca-4653-b9c9-e6fc5c4f3c24" /><UnitTestResult executionId="cb4e4166-693d-4132-b4c3-237dce13c827" testId="d7be78f9-a126-4d58-ad4e-24bb8090b3fd" testName="GetFile_FileCanBeRoundTripped" computerName="VECTOR" duration="00:00:00.0920000" startTime="2018-07-28T05:25:33.0582552-04:00" endTime="2018-07-28T05:25:33.0582609-04:00" testType="13cdc9d9-ddb5-4fa4-a97d-d965ccfc6d4b" outcome="Passed" testListId="8c84fa94-04c1-424b-9868-57a2d4851a1d" relativeResultsDirectory="cb4e4166-693d-4132-b4c3-237dce13c827" /><UnitTestResult executionId="4635ec57-8af7-47b8-b62f-7c6eebf4176e" testId="6d4f2cf4-b455-41f8-b47f-eefa8d92d5a9" testName="GetList_ListReturnsCorrectCount" computerName="VECTOR" duration="00:00:00.0210000" startTime="2018-07-28T05:25:36.9049375-04:00" endTime="2018-07-28T05:25:36.9049407-04:00" testType="13cdc9d9-ddb5-4fa4-a97d-d965ccfc6d4b" outcome="Passed" testListId="8c84fa94-04c1-424b-9868-57a2d4851a1d" relativeResultsDirectory="4635ec57-8af7-47b8-b62f-7c6eebf4176e" /><UnitTestResult executionId="6b20e9b0-3390-46f6-a7b6-0ae6f146cd58" testId="655e0d16-db9d-4e7b-bb1e-128a0b1f751e" testName="Post_InvalidPropertyValueReturnsBadRequest" computerName="VECTOR" duration="00:00:00.0190000" startTime="2018-07-28T05:25:30.8498809-04:00" endTime="2018-07-28T05:25:30.8498863-04:00" testType="13cdc9d9-ddb5-4fa4-a97d-d965ccfc6d4b" outcome="Passed" testListId="8c84fa94-04c1-424b-9868-57a2d4851a1d" relativeResultsDirectory="6b20e9b0-3390-46f6-a7b6-0ae6f146cd58" /><UnitTestResult executionId="e5b9bdaa-908c-456f-b38a-532548ba2535" testId="ed7eb7ed-2dc2-415b-ae49-9ec6bcc0ac73" testName="Post_InvalidPropertyValueReturnsBadRequest" computerName="VECTOR" duration="00:00:00.0130000" startTime="2018-07-28T05:25:25.8452358-04:00" endTime="2018-07-28T05:25:25.8452403-04:00" testType="13cdc9d9-ddb5-4fa4-a97d-d965ccfc6d4b" outcome="Passed" testListId="8c84fa94-04c1-424b-9868-57a2d4851a1d" relativeResultsDirectory="e5b9bdaa-908c-456f-b38a-532548ba2535" /><UnitTestResult executionId="b8425318-1920-402e-a96b-98518cea253d" testId="6b4b0993-6ae2-401c-88a6-c5040ab0fc9e" testName="Post_InvalidReferencePropertyReturnsBadRequest" computerName="VECTOR" duration="00:00:00.0150000" startTime="2018-07-28T05:25:37.2904378-04:00" endTime="2018-07-28T05:25:37.2904435-04:00" testType="13cdc9d9-ddb5-4fa4-a97d-d965ccfc6d4b" outcome="Passed" testListId="8c84fa94-04c1-424b-9868-57a2d4851a1d" relativeResultsDirectory="b8425318-1920-402e-a96b-98518cea253d" /><UnitTestResult executionId="a2150171-0c46-4049-8f6e-21c9e56bb25c" testId="288a5a62-02e8-4a2d-99bc-0f9e154dbeea" testName="Put_CanUpdateModel" computerName="VECTOR" duration="00:00:00.0430000" startTime="2018-07-28T05:25:28.2015767-04:00" endTime="2018-07-28T05:25:28.2015824-04:00" testType="13cdc9d9-ddb5-4fa4-a97d-d965ccfc6d4b" outcome="Passed" testListId="8c84fa94-04c1-424b-9868-57a2d4851a1d" relativeResultsDirectory="a2150171-0c46-4049-8f6e-21c9e56bb25c" /><UnitTestResult executionId="dc01f160-904d-4e89-8b78-a801422df189" testId="b665b7b4-52cc-4f05-b3d5-21bc88d18331" testName="Put_ValidReferencePropertyUpdatesModel" computerName="VECTOR" duration="00:00:00.0470000" startTime="2018-07-28T05:25:40.0005721-04:00" endTime="2018-07-28T05:25:40.0005780-04:00" testType="13cdc9d9-ddb5-4fa4-a97d-d965ccfc6d4b" outcome="Passed" testListId="8c84fa94-04c1-424b-9868-57a2d4851a1d" relativeResultsDirectory="dc01f160-904d-4e89-8b78-a801422df189" /><UnitTestResult executionId="15e86597-868a-4390-8eaf-da212af78469" testId="34acf94b-02e3-4cc2-a01f-4b16adda3b9c" testName="Model3dHasExpectedDependentFiles" computerName="VECTOR" duration="00:00:00.0350000" startTime="2018-07-28T05:25:23.6249678-04:00" endTime="2018-07-28T05:25:23.6249750-04:00" testType="13cdc9d9-ddb5-4fa4-a97d-d965ccfc6d4b" outcome="Passed" testListId="8c84fa94-04c1-424b-9868-57a2d4851a1d" relativeResultsDirectory="15e86597-868a-4390-8eaf-da212af78469" /><UnitTestResult executionId="c6f16cf4-b360-4fa9-97ec-2e7490bb1496" testId="aadf72aa-cd19-4670-85c1-064624885b26" testName="Patch_TargetPropertyIsUpdated" computerName="VECTOR" duration="00:00:00.0480000" startTime="2018-07-28T05:25:37.0741117-04:00" endTime="2018-07-28T05:25:37.0741182-04:00" testType="13cdc9d9-ddb5-4fa4-a97d-d965ccfc6d4b" outcome="Passed" testListId="8c84fa94-04c1-424b-9868-57a2d4851a1d" relativeResultsDirectory="c6f16cf4-b360-4fa9-97ec-2e7490bb1496" /><UnitTestResult executionId="3b3b4d0d-f4fe-442b-87df-c7ccdf166455" testId="9c9c7b48-73e1-4ed1-b4a9-0a2fb37e3fde" testName="GetSingle_ValidIdPropertyValueReturnsCorrectModel" computerName="VECTOR" duration="00:00:00.0200000" startTime="2018-07-28T05:25:37.3105742-04:00" endTime="2018-07-28T05:25:37.3105802-04:00" testType="13cdc9d9-ddb5-4fa4-a97d-d965ccfc6d4b" outcome="Passed" testListId="8c84fa94-04c1-424b-9868-57a2d4851a1d" relativeResultsDirectory="3b3b4d0d-f4fe-442b-87df-c7ccdf166455" /><UnitTestResult executionId="2b5887c9-aec0-4c65-b1f4-a0ac012c809e" testId="9ff0dc64-460c-440a-884e-3898309e39de" testName="GetSingle_InvalidIdPropertyValueReturnsNotFound" computerName="VECTOR" duration="00:00:00.0130000" startTime="2018-07-28T05:25:28.2149796-04:00" endTime="2018-07-28T05:25:28.2149833-04:00" testType="13cdc9d9-ddb5-4fa4-a97d-d965ccfc6d4b" outcome="Passed" testListId="8c84fa94-04c1-424b-9868-57a2d4851a1d" relativeResultsDirectory="2b5887c9-aec0-4c65-b1f4-a0ac012c809e" /><UnitTestResult executionId="bc2b0feb-c061-40d7-a726-98b3a95e87ce" testId="9c85a515-79af-4e72-8763-7a09c31a2c57" testName="PostFile_NewFileCanBePosted" computerName="VECTOR" duration="00:00:00.0900000" startTime="2018-07-28T05:25:34.4635277-04:00" endTime="2018-07-28T05:25:34.4635348-04:00" testType="13cdc9d9-ddb5-4fa4-a97d-d965ccfc6d4b" outcome="Passed" testListId="8c84fa94-04c1-424b-9868-57a2d4851a1d" relativeResultsDirectory="bc2b0feb-c061-40d7-a726-98b3a95e87ce" /><UnitTestResult executionId="2f45dcdd-caeb-4228-b933-5e10bce67253" testId="c0057a8e-e200-403c-896c-72520d8897ba" testName="GetSingle_ValidIdPropertyValueReturnsCorrectModel" computerName="VECTOR" duration="00:00:00.0110000" startTime="2018-07-28T05:25:28.2265021-04:00" endTime="2018-07-28T05:25:28.2265075-04:00" testType="13cdc9d9-ddb5-4fa4-a97d-d965ccfc6d4b" outcome="Passed" testListId="8c84fa94-04c1-424b-9868-57a2d4851a1d" relativeResultsDirectory="2f45dcdd-caeb-4228-b933-5e10bce67253" /><UnitTestResult executionId="0b117bca-5281-46d4-991e-73650be110c9" testId="6c44e825-30c0-45a5-ada5-37fcd8879658" testName="PutFile_FileCanBeUpdated" computerName="VECTOR" duration="00:00:00.1340000" startTime="2018-07-28T05:25:27.0072097-04:00" endTime="2018-07-28T05:25:27.0072177-04:00" testType="13cdc9d9-ddb5-4fa4-a97d-d965ccfc6d4b" outcome="Passed" testListId="8c84fa94-04c1-424b-9868-57a2d4851a1d" relativeResultsDirectory="0b117bca-5281-46d4-991e-73650be110c9" /><UnitTestResult executionId="5aaefc86-4ac8-480a-ad2e-da611ae389b2" testId="1af2b471-90b1-49db-8ebd-6150a3109239" testName="FileRequest_FileCanBeReadAfterRename" computerName="VECTOR" duration="00:00:00.1140000" startTime="2018-07-28T05:25:36.8564577-04:00" endTime="2018-07-28T05:25:36.8564648-04:00" testType="13cdc9d9-ddb5-4fa4-a97d-d965ccfc6d4b" outcome="Passed" testListId="8c84fa94-04c1-424b-9868-57a2d4851a1d" relativeResultsDirectory="5aaefc86-4ac8-480a-ad2e-da611ae389b2" /><UnitTestResult executionId="9d7da24b-ea6c-4ce0-a8aa-370db5d4285f" testId="d7e1b4a1-d00c-461f-85a5-3e64ba175ad7" testName="PutFile_NewFileCanBePut" computerName="VECTOR" duration="00:00:00.0850000" startTime="2018-07-28T05:25:26.8725988-04:00" endTime="2018-07-28T05:25:26.8726028-04:00" testType="13cdc9d9-ddb5-4fa4-a97d-d965ccfc6d4b" outcome="Passed" testListId="8c84fa94-04c1-424b-9868-57a2d4851a1d" relativeResultsDirectory="9d7da24b-ea6c-4ce0-a8aa-370db5d4285f" /><UnitTestResult executionId="3d3ebd99-e0b6-4d7d-9bd6-227491d3c185" testId="07b196be-60cf-4cda-932e-17b6b30f539d" testName="GetSingle_InvalidIdPropertyValueReturnsNotFound" computerName="VECTOR" duration="00:00:00.0140000" startTime="2018-07-28T05:25:39.7107218-04:00" endTime="2018-07-28T05:25:39.7107283-04:00" testType="13cdc9d9-ddb5-4fa4-a97d-d965ccfc6d4b" outcome="Passed" testListId="8c84fa94-04c1-424b-9868-57a2d4851a1d" relativeResultsDirectory="3d3ebd99-e0b6-4d7d-9bd6-227491d3c185" /><UnitTestResult executionId="2265b2ba-157c-47f9-b81b-b385246eb96c" testId="1c63c86b-2c3e-4bff-98e2-a417c6834b52" testName="Put_InvalidReferencePropertyReturndBadRequest" computerName="VECTOR" duration="00:00:00.0110000" startTime="2018-07-28T05:25:25.8197229-04:00" endTime="2018-07-28T05:25:25.8197263-04:00" testType="13cdc9d9-ddb5-4fa4-a97d-d965ccfc6d4b" outcome="Passed" testListId="8c84fa94-04c1-424b-9868-57a2d4851a1d" relativeResultsDirectory="2265b2ba-157c-47f9-b81b-b385246eb96c" /><UnitTestResult executionId="919eb64b-68b7-46bb-aafb-4478360664f6" testId="e0f46bd8-d146-4ce2-9bdb-00bae1a0ce09" testName="Post_InvalidReferencePropertyReturnsBadRequest" computerName="VECTOR" duration="00:00:00.0140000" startTime="2018-07-28T05:25:39.7253192-04:00" endTime="2018-07-28T05:25:39.7253272-04:00" testType="13cdc9d9-ddb5-4fa4-a97d-d965ccfc6d4b" outcome="Passed" testListId="8c84fa94-04c1-424b-9868-57a2d4851a1d" relativeResultsDirectory="919eb64b-68b7-46bb-aafb-4478360664f6" /><UnitTestResult executionId="c8e828b6-c0f0-4793-8ab1-7b083902c719" testId="745e93bb-e1e8-453f-bda2-77f3dea56938" testName="Patch_InvalidPropertyNameReturnsBadRequest" computerName="VECTOR" duration="00:00:00.0110000" startTime="2018-07-28T05:25:39.8716808-04:00" endTime="2018-07-28T05:25:39.8716865-04:00" testType="13cdc9d9-ddb5-4fa4-a97d-d965ccfc6d4b" outcome="Passed" testListId="8c84fa94-04c1-424b-9868-57a2d4851a1d" relativeResultsDirectory="c8e828b6-c0f0-4793-8ab1-7b083902c719" /><UnitTestResult executionId="a1d60a4f-d777-42a1-a4f3-1a8e5a4805ac" testId="ddf311b8-3fee-4dc2-b03a-7793d8227367" testName="DepthBufferHasExpectedDependentFiles" computerName="VECTOR" duration="00:00:00.0010000" startTime="2018-07-28T05:25:24.7779873-04:00" endTime="2018-07-28T05:25:24.7779884-04:00" testType="13cdc9d9-ddb5-4fa4-a97d-d965ccfc6d4b" outcome="Passed" testListId="8c84fa94-04c1-424b-9868-57a2d4851a1d" relativeResultsDirectory="a1d60a4f-d777-42a1-a4f3-1a8e5a4805ac" /><UnitTestResult executionId="20d68cc6-1e2a-4291-ab17-65fa7b3d4090" testId="a61a59d1-714e-4d3c-b789-2ed9234641d1" testName="GetFile_ExistingFileReturnsSuccess" computerName="VECTOR" duration="00:00:00.0290000" startTime="2018-07-28T05:25:33.2134025-04:00" endTime="2018-07-28T05:25:33.2134096-04:00" testType="13cdc9d9-ddb5-4fa4-a97d-d965ccfc6d4b" outcome="Passed" testListId="8c84fa94-04c1-424b-9868-57a2d4851a1d" relativeResultsDirectory="20d68cc6-1e2a-4291-ab17-65fa7b3d4090" /><UnitTestResult executionId="998324fb-ef3c-4b51-9716-1488c50a67be" testId="a84786ed-f22b-421b-89af-b28b25a24970" testName="GetFile_NonExistentFileReturnsNotFound" computerName="VECTOR" duration="00:00:00.0140000" startTime="2018-07-28T05:25:27.5112209-04:00" endTime="2018-07-28T05:25:27.5112272-04:00" testType="13cdc9d9-ddb5-4fa4-a97d-d965ccfc6d4b" outcome="Passed" testListId="8c84fa94-04c1-424b-9868-57a2d4851a1d" relativeResultsDirectory="998324fb-ef3c-4b51-9716-1488c50a67be" /><UnitTestResult executionId="701b3177-c121-422e-b2fe-429a5928e8f4" testId="d5694c9e-ad99-4dea-bc11-682804d513e6" testName="Patch_InvalidIdPropertyReturnsNotFound" computerName="VECTOR" duration="00:00:00.0190000" startTime="2018-07-28T05:25:30.6309814-04:00" endTime="2018-07-28T05:25:30.6309874-04:00" testType="13cdc9d9-ddb5-4fa4-a97d-d965ccfc6d4b" outcome="Passed" testListId="8c84fa94-04c1-424b-9868-57a2d4851a1d" relativeResultsDirectory="701b3177-c121-422e-b2fe-429a5928e8f4" /><UnitTestResult executionId="6e1c653d-2f46-4292-ae7f-c5849d0aa3ff" testId="740c099e-9668-455d-83f7-f5faf9c184cb" testName="Patch_TargetPropertyIsUpdated" computerName="VECTOR" duration="00:00:00.0500000" startTime="2018-07-28T05:25:30.5349025-04:00" endTime="2018-07-28T05:25:30.5349090-04:00" testType="13cdc9d9-ddb5-4fa4-a97d-d965ccfc6d4b" outcome="Passed" testListId="8c84fa94-04c1-424b-9868-57a2d4851a1d" relativeResultsDirectory="6e1c653d-2f46-4292-ae7f-c5849d0aa3ff" /><UnitTestResult executionId="f3803561-25e0-4b10-88db-d2a0888dec3b" testId="16ac763c-7bf4-4ffe-8bf4-d4b8cdb49c05" testName="Put_InvalidIdReturnsNotFound" computerName="VECTOR" duration="00:00:00.0350000" startTime="2018-07-28T05:25:25.7232368-04:00" endTime="2018-07-28T05:25:25.7232431-04:00" testType="13cdc9d9-ddb5-4fa4-a97d-d965ccfc6d4b" outcome="Passed" testListId="8c84fa94-04c1-424b-9868-57a2d4851a1d" relativeResultsDirectory="f3803561-25e0-4b10-88db-d2a0888dec3b" /><UnitTestResult executionId="fc68db2d-48cb-44e9-8922-9df234e62a38" testId="4e950ecc-78d0-44a4-8c54-2bc0f4350dc3" testName="Post_InvalidPropertyValueReturnsBadRequest" computerName="VECTOR" duration="00:00:00.0110000" startTime="2018-07-28T05:25:28.0040195-04:00" endTime="2018-07-28T05:25:28.0040264-04:00" testType="13cdc9d9-ddb5-4fa4-a97d-d965ccfc6d4b" outcome="Passed" testListId="8c84fa94-04c1-424b-9868-57a2d4851a1d" relativeResultsDirectory="fc68db2d-48cb-44e9-8922-9df234e62a38" /><UnitTestResult executionId="07b10b39-09a6-49b8-a4c7-498d516b5610" testId="482a9250-2bdf-4155-9fbe-4ed290fc3a92" testName="Put_InvalidReferencePropertyReturndBadRequest" computerName="VECTOR" duration="00:00:00.0180000" startTime="2018-07-28T05:25:39.7981691-04:00" endTime="2018-07-28T05:25:39.7981759-04:00" testType="13cdc9d9-ddb5-4fa4-a97d-d965ccfc6d4b" outcome="Passed" testListId="8c84fa94-04c1-424b-9868-57a2d4851a1d" relativeResultsDirectory="07b10b39-09a6-49b8-a4c7-498d516b5610" /><UnitTestResult executionId="413ac900-525b-458c-93c2-da4c955fa233" testId="2075b07c-ec4b-4f36-abde-89ce95527163" testName="FileRequest_FileCanBeReadAfterRename" computerName="VECTOR" duration="00:00:00.0990000" startTime="2018-07-28T05:25:38.9250929-04:00" endTime="2018-07-28T05:25:38.9250991-04:00" testType="13cdc9d9-ddb5-4fa4-a97d-d965ccfc6d4b" outcome="Passed" testListId="8c84fa94-04c1-424b-9868-57a2d4851a1d" relativeResultsDirectory="413ac900-525b-458c-93c2-da4c955fa233" /><UnitTestResult executionId="bca09d9d-13e6-4877-bed0-e5eb4577728e" testId="24ac7c66-9813-4d21-a0fb-ed9fb5806ff6" testName="PostFile_NewFileCanBePosted" computerName="VECTOR" duration="00:00:00.0690000" startTime="2018-07-28T05:25:27.3815943-04:00" endTime="2018-07-28T05:25:27.3815994-04:00" testType="13cdc9d9-ddb5-4fa4-a97d-d965ccfc6d4b" outcome="Passed" testListId="8c84fa94-04c1-424b-9868-57a2d4851a1d" relativeResultsDirectory="bca09d9d-13e6-4877-bed0-e5eb4577728e" /><UnitTestResult executionId="cbc665de-1ad1-47ed-a838-76a9211d579a" testId="a10add74-8ee0-4a75-8809-c5d9e5893947" testName="PostFile_FileIsSynchronizedIsUpdatedAfterFileIsPosted" computerName="VECTOR" duration="00:00:00.1140000" startTime="2018-07-28T05:25:39.4329890-04:00" endTime="2018-07-28T05:25:39.4329961-04:00" testType="13cdc9d9-ddb5-4fa4-a97d-d965ccfc6d4b" outcome="Passed" testListId="8c84fa94-04c1-424b-9868-57a2d4851a1d" relativeResultsDirectory="cbc665de-1ad1-47ed-a838-76a9211d579a" /><UnitTestResult executionId="70c7d79c-f47b-4213-9c96-21683ec26e07" testId="6ad1a63b-76e6-4a62-bcf3-80876f21296b" testName="Patch_InvalidEnumPropertyValueReturnsBadRequest" computerName="VECTOR" duration="00:00:00.0110000" startTime="2018-07-28T05:25:39.6964907-04:00" endTime="2018-07-28T05:25:39.6964970-04:00" testType="13cdc9d9-ddb5-4fa4-a97d-d965ccfc6d4b" outcome="Passed" testListId="8c84fa94-04c1-424b-9868-57a2d4851a1d" relativeResultsDirectory="70c7d79c-f47b-4213-9c96-21683ec26e07" /><UnitTestResult executionId="349c9005-f005-4bb0-95a3-d592d91143fa" testId="85cc1114-c78e-4831-b26b-3586f10d9b74" testName="Patch_InvalidReferencePropertyReturnsBadRequest" computerName="VECTOR" duration="00:00:00.0260000" startTime="2018-07-28T05:25:37.2524272-04:00" endTime="2018-07-28T05:25:37.2524331-04:00" testType="13cdc9d9-ddb5-4fa4-a97d-d965ccfc6d4b" outcome="Passed" testListId="8c84fa94-04c1-424b-9868-57a2d4851a1d" relativeResultsDirectory="349c9005-f005-4bb0-95a3-d592d91143fa" /><UnitTestResult executionId="c3a04422-e040-415a-8898-d170f2f7d40f" testId="24b6af15-7db1-4699-a8d4-af6bb427be64" testName="Put_CanUpdateModel" computerName="VECTOR" duration="00:00:00.0470000" startTime="2018-07-28T05:25:37.4934586-04:00" endTime="2018-07-28T05:25:37.4934648-04:00" testType="13cdc9d9-ddb5-4fa4-a97d-d965ccfc6d4b" outcome="Passed" testListId="8c84fa94-04c1-424b-9868-57a2d4851a1d" relativeResultsDirectory="c3a04422-e040-415a-8898-d170f2f7d40f" /><UnitTestResult executionId="137314fd-9e63-440f-9154-ef8b9d71f6c8" testId="f4c7f2ad-00ba-44ab-a3e0-31fb16131fe4" testName="Put_InvalidIdReturnsNotFound" computerName="VECTOR" duration="00:00:00.0260000" startTime="2018-07-28T05:25:37.3368834-04:00" endTime="2018-07-28T05:25:37.3368911-04:00" testType="13cdc9d9-ddb5-4fa4-a97d-d965ccfc6d4b" outcome="Passed" testListId="8c84fa94-04c1-424b-9868-57a2d4851a1d" relativeResultsDirectory="137314fd-9e63-440f-9154-ef8b9d71f6c8" /><UnitTestResult executionId="22a333b0-b033-40b8-94d0-130c51e16c71" testId="aa131306-9a3c-4e1b-b288-349453ee9476" testName="Post_CanCreateNewModel" computerName="VECTOR" duration="00:00:00.0150000" startTime="2018-07-28T05:25:25.6881593-04:00" endTime="2018-07-28T05:25:25.6881644-04:00" testType="13cdc9d9-ddb5-4fa4-a97d-d965ccfc6d4b" outcome="Passed" testListId="8c84fa94-04c1-424b-9868-57a2d4851a1d" relativeResultsDirectory="22a333b0-b033-40b8-94d0-130c51e16c71" /><UnitTestResult executionId="593971db-2f8b-4939-8f83-2e2a5b2fb12d" testId="97bc90eb-ea88-4e70-92a8-d986d1a543b0" testName="Put_CanUpdateModel" computerName="VECTOR" duration="00:00:00.0910000" startTime="2018-07-28T05:25:26.4018735-04:00" endTime="2018-07-28T05:25:26.4018801-04:00" testType="13cdc9d9-ddb5-4fa4-a97d-d965ccfc6d4b" outcome="Passed" testListId="8c84fa94-04c1-424b-9868-57a2d4851a1d" relativeResultsDirectory="593971db-2f8b-4939-8f83-2e2a5b2fb12d" /><UnitTestResult executionId="3c347f07-b946-49d5-a13d-1b44acb91ee8" testId="37d24d81-704b-4f6c-a4f3-791d771285c4" testName="GetSingle_ValidIdPropertyValueReturnsCorrectModel" computerName="VECTOR" duration="00:00:00.0240000" startTime="2018-07-28T05:25:30.7954028-04:00" endTime="2018-07-28T05:25:30.7954088-04:00" testType="13cdc9d9-ddb5-4fa4-a97d-d965ccfc6d4b" outcome="Passed" testListId="8c84fa94-04c1-424b-9868-57a2d4851a1d" relativeResultsDirectory="3c347f07-b946-49d5-a13d-1b44acb91ee8" /><UnitTestResult executionId="2912bd42-7e82-4eed-980f-295bc5517e4a" testId="795a3249-3d33-42ed-8cbd-62933d7fd244" testName="LucyDepthBufferFindsOneDependent" computerName="VECTOR" duration="00:00:00.0040000" startTime="2018-07-28T05:25:24.7776765-04:00" endTime="2018-07-28T05:25:24.7776791-04:00" testType="13cdc9d9-ddb5-4fa4-a97d-d965ccfc6d4b" outcome="Passed" testListId="8c84fa94-04c1-424b-9868-57a2d4851a1d" relativeResultsDirectory="2912bd42-7e82-4eed-980f-295bc5517e4a" /><UnitTestResult executionId="4cf9d31e-83e7-422b-b4ad-1d8af14b31b2" testId="e41867ed-d063-4517-95ce-c407f844a4b3" testName="GetFile_FileCanBeRoundTripped" computerName="VECTOR" duration="00:00:00.1150000" startTime="2018-07-28T05:25:27.4966334-04:00" endTime="2018-07-28T05:25:27.4966383-04:00" testType="13cdc9d9-ddb5-4fa4-a97d-d965ccfc6d4b" outcome="Passed" testListId="8c84fa94-04c1-424b-9868-57a2d4851a1d" relativeResultsDirectory="4cf9d31e-83e7-422b-b4ad-1d8af14b31b2" /><UnitTestResult executionId="1de99760-9386-4455-9cf6-e91f6e9757c5" testId="25ccf660-f15e-468d-9279-cc107982e526" testName="GetList_ListReturnsCorrectCount" computerName="VECTOR" duration="00:00:00.0160000" startTime="2018-07-28T05:25:39.6854633-04:00" endTime="2018-07-28T05:25:39.6854701-04:00" testType="13cdc9d9-ddb5-4fa4-a97d-d965ccfc6d4b" outcome="Passed" testListId="8c84fa94-04c1-424b-9868-57a2d4851a1d" relativeResultsDirectory="1de99760-9386-4455-9cf6-e91f6e9757c5" /><UnitTestResult executionId="0e662309-3948-47b3-91ad-e401bd8b3367" testId="ac5cc50f-f738-4b8b-a232-c146e2655523" testName="PutFile_NewFileCanBePut" computerName="VECTOR" duration="00:00:00.0870000" startTime="2018-07-28T05:25:30.9658761-04:00" endTime="2018-07-28T05:25:30.9658810-04:00" testType="13cdc9d9-ddb5-4fa4-a97d-d965ccfc6d4b" outcome="Passed" testListId="8c84fa94-04c1-424b-9868-57a2d4851a1d" relativeResultsDirectory="0e662309-3948-47b3-91ad-e401bd8b3367" /><UnitTestResult executionId="6115c7f2-518c-48df-b706-f38e68115df5" testId="82c8efbd-bb75-4b04-a34f-d279f7455a9e" testName="Post_CanCreateNewModel" computerName="VECTOR" duration="00:00:00.0180000" startTime="2018-07-28T05:25:26.7078187-04:00" endTime="2018-07-28T05:25:26.7078247-04:00" testType="13cdc9d9-ddb5-4fa4-a97d-d965ccfc6d4b" outcome="Passed" testListId="8c84fa94-04c1-424b-9868-57a2d4851a1d" relativeResultsDirectory="6115c7f2-518c-48df-b706-f38e68115df5" /><UnitTestResult executionId="0ddd429d-a91d-4c3f-a8cc-1f44d4572568" testId="fbdcdc63-2b4b-4052-9a6c-a5b76e869946" testName="GetFile_FileCanBeRoundTripped" computerName="VECTOR" duration="00:00:00.0810000" startTime="2018-07-28T05:25:39.5770776-04:00" endTime="2018-07-28T05:25:39.5770830-04:00" testType="13cdc9d9-ddb5-4fa4-a97d-d965ccfc6d4b" outcome="Passed" testListId="8c84fa94-04c1-424b-9868-57a2d4851a1d" relativeResultsDirectory="0ddd429d-a91d-4c3f-a8cc-1f44d4572568" /><UnitTestResult executionId="ab0c1daa-3777-4a4b-8aa7-465a3efe1a3d" testId="9e5bd908-2db5-493c-b084-d70b24cecefd" testName="Put_ValidReferencePropertyUpdatesModel" computerName="VECTOR" duration="00:00:00.0090000" startTime="2018-07-28T05:25:25.6655828-04:00" endTime="2018-07-28T05:25:25.6655888-04:00" testType="13cdc9d9-ddb5-4fa4-a97d-d965ccfc6d4b" outcome="Passed" testListId="8c84fa94-04c1-424b-9868-57a2d4851a1d" relativeResultsDirectory="ab0c1daa-3777-4a4b-8aa7-465a3efe1a3d" /><UnitTestResult executionId="fa2f6244-dfb7-4bbf-a750-c1f6ac4737cb" testId="3a76bd12-44b9-45ba-9fba-dbe742febeeb" testName="Post_CanCreateNewModel" computerName="VECTOR" duration="00:00:00.0220000" startTime="2018-07-28T05:25:27.8784939-04:00" endTime="2018-07-28T05:25:27.8785013-04:00" testType="13cdc9d9-ddb5-4fa4-a97d-d965ccfc6d4b" outcome="Passed" testListId="8c84fa94-04c1-424b-9868-57a2d4851a1d" relativeResultsDirectory="fa2f6244-dfb7-4bbf-a750-c1f6ac4737cb" /><UnitTestResult executionId="0f228410-ae06-4521-8f19-9c4aef788035" testId="2c1b5742-469d-480d-964d-c6357e47fb36" testName="Post_CanCreateNewModel" computerName="VECTOR" duration="00:00:00.0260000" startTime="2018-07-28T05:25:37.0257023-04:00" endTime="2018-07-28T05:25:37.0257086-04:00" testType="13cdc9d9-ddb5-4fa4-a97d-d965ccfc6d4b" outcome="Passed" testListId="8c84fa94-04c1-424b-9868-57a2d4851a1d" relativeResultsDirectory="0f228410-ae06-4521-8f19-9c4aef788035" /><UnitTestResult executionId="30017117-6c85-4b17-a4d6-25d80028bbb5" testId="cbdd3170-b3d6-4186-8f88-89ca9de1da8f" testName="Patch_InvalidIdPropertyReturnsNotFound" computerName="VECTOR" duration="00:00:00.0130000" startTime="2018-07-28T05:25:36.9992729-04:00" endTime="2018-07-28T05:25:36.9992783-04:00" testType="13cdc9d9-ddb5-4fa4-a97d-d965ccfc6d4b" outcome="Passed" testListId="8c84fa94-04c1-424b-9868-57a2d4851a1d" relativeResultsDirectory="30017117-6c85-4b17-a4d6-25d80028bbb5" /><UnitTestResult executionId="eda078df-e292-405a-82e1-6c0784e3ab2e" testId="7bbde70b-b3f6-48e9-8c5e-0133df0077e1" testName="Patch_InvalidReferencePropertyReturnsBadRequest" computerName="VECTOR" duration="00:00:00.0290000" startTime="2018-07-28T05:25:30.5936605-04:00" endTime="2018-07-28T05:25:30.5936659-04:00" testType="13cdc9d9-ddb5-4fa4-a97d-d965ccfc6d4b" outcome="Passed" testListId="8c84fa94-04c1-424b-9868-57a2d4851a1d" relativeResultsDirectory="eda078df-e292-405a-82e1-6c0784e3ab2e" /><UnitTestResult executionId="c4243e7a-7585-475c-bcbd-a3d6a61d8695" testId="7bb53f5c-3a3b-4a21-aa11-8057f369a4f2" testName="GetSingle_ValidIdPropertyValueReturnsCorrectModel" computerName="VECTOR" duration="00:00:00.0170000" startTime="2018-07-28T05:25:39.5955136-04:00" endTime="2018-07-28T05:25:39.5955201-04:00" testType="13cdc9d9-ddb5-4fa4-a97d-d965ccfc6d4b" outcome="Passed" testListId="8c84fa94-04c1-424b-9868-57a2d4851a1d" relativeResultsDirectory="c4243e7a-7585-475c-bcbd-a3d6a61d8695" /><UnitTestResult executionId="c5520a0f-a379-489f-b843-9737904f8cfe" testId="47f31a21-385f-4c4b-aec5-386cd771e5c6" testName="Patch_MultipleInvalidReferencePropertiesReturnsMultipleValidationErrorsAndBadRequest" computerName="VECTOR" duration="00:00:00.0250000" startTime="2018-07-28T05:25:39.8476215-04:00" endTime="2018-07-28T05:25:39.8476277-04:00" testType="13cdc9d9-ddb5-4fa4-a97d-d965ccfc6d4b" outcome="Passed" testListId="8c84fa94-04c1-424b-9868-57a2d4851a1d" relativeResultsDirectory="c5520a0f-a379-489f-b843-9737904f8cfe" /><UnitTestResult executionId="36cdc259-0b89-4e02-9a6f-38fc45ef280c" testId="835915ed-e0b0-499d-80cf-5d38e0ffe2b7" testName="Post_InvalidPropertyValueReturnsBadRequest" computerName="VECTOR" duration="00:00:00.0140000" startTime="2018-07-28T05:25:26.4919789-04:00" endTime="2018-07-28T05:25:26.4919880-04:00" testType="13cdc9d9-ddb5-4fa4-a97d-d965ccfc6d4b" outcome="Passed" testListId="8c84fa94-04c1-424b-9868-57a2d4851a1d" relativeResultsDirectory="36cdc259-0b89-4e02-9a6f-38fc45ef280c" /><UnitTestResult executionId="783f1282-01e8-4074-9ada-a9980d5cf37d" testId="efe9678b-c8b5-4673-b976-56f47fcc17f8" testName="Patch_MultipleInvalidReferencePropertiesReturnsMultipleValidationErrorsAndBadRequest" computerName="VECTOR" duration="00:00:00.0220000" startTime="2018-07-28T05:25:37.2745966-04:00" endTime="2018-07-28T05:25:37.2746020-04:00" testType="13cdc9d9-ddb5-4fa4-a97d-d965ccfc6d4b" outcome="Passed" testListId="8c84fa94-04c1-424b-9868-57a2d4851a1d" relativeResultsDirectory="783f1282-01e8-4074-9ada-a9980d5cf37d" /><UnitTestResult executionId="7d5833ae-e8f0-4bd7-b124-af2e8b7c5aa2" testId="98de4584-5fa8-4f95-b846-d3fc2fcf3ce7" testName="PostFile_NewFileCanBePosted" computerName="VECTOR" duration="00:00:00.0620000" startTime="2018-07-28T05:25:39.4958161-04:00" endTime="2018-07-28T05:25:39.4958201-04:00" testType="13cdc9d9-ddb5-4fa4-a97d-d965ccfc6d4b" outcome="Passed" testListId="8c84fa94-04c1-424b-9868-57a2d4851a1d" relativeResultsDirectory="7d5833ae-e8f0-4bd7-b124-af2e8b7c5aa2" /><UnitTestResult executionId="c0b1bef9-07aa-4fa0-8586-e9b6f7fe71a5" testId="52c148ec-284b-4ec2-bab8-e4f6523a353f" testName="Post_InvalidPropertyValueReturnsBadRequest" computerName="VECTOR" duration="00:00:00.0110000" startTime="2018-07-28T05:25:39.8832965-04:00" endTime="2018-07-28T05:25:39.8833011-04:00" testType="13cdc9d9-ddb5-4fa4-a97d-d965ccfc6d4b" outcome="Passed" testListId="8c84fa94-04c1-424b-9868-57a2d4851a1d" relativeResultsDirectory="c0b1bef9-07aa-4fa0-8586-e9b6f7fe71a5" /><UnitTestResult executionId="e1950b4a-57d1-4187-a719-ab33aeeb331e" testId="9b12bb79-efed-4d3e-b5a8-a142272d675a" testName="FileRequest_DepthBufferIsInvalidatedAfterCameraDependencyPropertyChange" computerName="VECTOR" duration="00:00:00.2830000" startTime="2018-07-28T05:25:39.2089212-04:00" endTime="2018-07-28T05:25:39.2089268-04:00" testType="13cdc9d9-ddb5-4fa4-a97d-d965ccfc6d4b" outcome="Passed" testListId="8c84fa94-04c1-424b-9868-57a2d4851a1d" relativeResultsDirectory="e1950b4a-57d1-4187-a719-ab33aeeb331e" /><UnitTestResult executionId="44095734-4780-4e8b-ade8-c167a4c87f95" testId="8ec85b50-1013-421f-b5b0-a111d110d719" testName="Patch_MultipleInvalidReferencePropertiesReturnsMultipleValidationErrorsAndBadRequest" computerName="VECTOR" duration="00:00:00.0070000" startTime="2018-07-28T05:25:25.8084538-04:00" endTime="2018-07-28T05:25:25.8084572-04:00" testType="13cdc9d9-ddb5-4fa4-a97d-d965ccfc6d4b" outcome="Passed" testListId="8c84fa94-04c1-424b-9868-57a2d4851a1d" relativeResultsDirectory="44095734-4780-4e8b-ade8-c167a4c87f95" /><UnitTestResult executionId="3771aa64-a107-460e-b4fc-0f71b6cbcea8" testId="ca0a96a2-ff3a-48c3-bc57-8517c7971747" testName="GetSingle_ValidIdPropertyValueReturnsCorrectModel" computerName="VECTOR" duration="00:00:00.0140000" startTime="2018-07-28T05:25:26.5060681-04:00" endTime="2018-07-28T05:25:26.5060746-04:00" testType="13cdc9d9-ddb5-4fa4-a97d-d965ccfc6d4b" outcome="Passed" testListId="8c84fa94-04c1-424b-9868-57a2d4851a1d" relativeResultsDirectory="3771aa64-a107-460e-b4fc-0f71b6cbcea8" /><UnitTestResult executionId="1f297680-4999-4e42-b8c4-e317b5998c2d" testId="084ca336-9642-419c-9f84-b9a080e40f92" testName="MeshTransformHasExpectedDependentFiles" computerName="VECTOR" duration="00:00:00.0010000" startTime="2018-07-28T05:25:24.7734266-04:00" endTime="2018-07-28T05:25:24.7734277-04:00" testType="13cdc9d9-ddb5-4fa4-a97d-d965ccfc6d4b" outcome="Passed" testListId="8c84fa94-04c1-424b-9868-57a2d4851a1d" relativeResultsDirectory="1f297680-4999-4e42-b8c4-e317b5998c2d" /><UnitTestResult executionId="725208a4-e473-4330-b7c3-d9f844ca176d" testId="5d402823-8078-4e10-90f2-d65147171e48" testName="Patch_MultipleInvalidReferencePropertiesReturnsMultipleValidationErrorsAndBadRequest" computerName="VECTOR" duration="00:00:00.0240000" startTime="2018-07-28T05:25:26.6587553-04:00" endTime="2018-07-28T05:25:26.6587621-04:00" testType="13cdc9d9-ddb5-4fa4-a97d-d965ccfc6d4b" outcome="Passed" testListId="8c84fa94-04c1-424b-9868-57a2d4851a1d" relativeResultsDirectory="725208a4-e473-4330-b7c3-d9f844ca176d" /><UnitTestResult executionId="baf071a9-9149-47c8-a0a0-139d4f4f5d41" testId="c023a853-53e8-4bf2-bad3-d0a0cc7d6cc8" testName="Delete_TargetModelIsDeleted" computerName="VECTOR" duration="00:00:00.0210000" startTime="2018-07-28T05:25:26.7526282-04:00" endTime="2018-07-28T05:25:26.7526342-04:00" testType="13cdc9d9-ddb5-4fa4-a97d-d965ccfc6d4b" outcome="Passed" testListId="8c84fa94-04c1-424b-9868-57a2d4851a1d" relativeResultsDirectory="baf071a9-9149-47c8-a0a0-139d4f4f5d41" /><UnitTestResult executionId="a779fa5a-51d9-491b-8229-20ff281e33ee" testId="ebb297fd-6761-4e80-8576-131d0fbc1599" testName="Patch_MultipleInvalidReferencePropertiesReturnsMultipleValidationErrorsAndBadRequest" computerName="VECTOR" duration="00:00:00.0300000" startTime="2018-07-28T05:25:30.7044363-04:00" endTime="2018-07-28T05:25:30.7044423-04:00" testType="13cdc9d9-ddb5-4fa4-a97d-d965ccfc6d4b" outcome="Passed" testListId="8c84fa94-04c1-424b-9868-57a2d4851a1d" relativeResultsDirectory="a779fa5a-51d9-491b-8229-20ff281e33ee" /><UnitTestResult executionId="82e9e8bd-c3fd-43b2-aeb5-24d151a2c375" testId="d2184b1c-34d3-4575-b2ed-f039f1b2ceb5" testName="Put_ValidReferencePropertyUpdatesModel" computerName="VECTOR" duration="00:00:00.0620000" startTime="2018-07-28T05:25:30.4601957-04:00" endTime="2018-07-28T05:25:30.4602045-04:00" testType="13cdc9d9-ddb5-4fa4-a97d-d965ccfc6d4b" outcome="Passed" testListId="8c84fa94-04c1-424b-9868-57a2d4851a1d" relativeResultsDirectory="82e9e8bd-c3fd-43b2-aeb5-24d151a2c375" /><UnitTestResult executionId="44defed2-4719-46cb-83c6-90706e39b818" testId="1b5a1486-9b3e-40b5-a758-416073e6fade" testName="Put_InvalidIdReturnsNotFound" computerName="VECTOR" duration="00:00:00.0640000" startTime="2018-07-28T05:25:29.2818373-04:00" endTime="2018-07-28T05:25:29.2818432-04:00" testType="13cdc9d9-ddb5-4fa4-a97d-d965ccfc6d4b" outcome="Passed" testListId="8c84fa94-04c1-424b-9868-57a2d4851a1d" relativeResultsDirectory="44defed2-4719-46cb-83c6-90706e39b818" /></Results><TestDefinitions><UnitTest name="Put_ValidReferencePropertyUpdatesModel" storage="d:\users\steve knipmeyer\documents\github\modelrelief\modelrelief.test\bin\debug\netcoreapp2.0\modelrelief.test.dll" id="5ef337dd-b990-42be-94ac-b759a9a2c1f1"><Execution id="0b0cee11-a444-4003-ad51-c0bcd77358c5" /><TestMethod codeBase="D:\Users\Steve Knipmeyer\Documents\GitHub\ModelRelief\ModelRelief.test\bin\Debug\netcoreapp2.0\ModelRelief.Test.dll" adapterTypeName="executor://xunit/VsTestRunner2/netcoreapp" className="ModelRelief.Test.Integration.DepthBuffers.DepthBuffersBaseIntegrationTests" name="Put_ValidReferencePropertyUpdatesModel" /></UnitTest><UnitTest name="Patch_TargetPropertyIsUpdated" storage="d:\users\steve knipmeyer\documents\github\modelrelief\modelrelief.test\bin\debug\netcoreapp2.0\modelrelief.test.dll" id="740c099e-9668-455d-83f7-f5faf9c184cb"><Execution id="6e1c653d-2f46-4292-ae7f-c5849d0aa3ff" /><TestMethod codeBase="D:\Users\Steve Knipmeyer\Documents\GitHub\ModelRelief\ModelRelief.test\bin\Debug\netcoreapp2.0\ModelRelief.Test.dll" adapterTypeName="executor://xunit/VsTestRunner2/netcoreapp" className="ModelRelief.Test.Integration.Meshes.MeshesBaseIntegrationTests" name="Patch_TargetPropertyIsUpdated" /></UnitTest><UnitTest name="PostFile_FileTimeStampIsUpdatedAfterFileIsPosted" storage="d:\users\steve knipmeyer\documents\github\modelrelief\modelrelief.test\bin\debug\netcoreapp2.0\modelrelief.test.dll" id="8f8939fb-6ccd-485e-9a25-cf773a8cd2d3"><Execution id="5e392ab0-216f-40ce-8181-413459c79aaa" /><TestMethod codeBase="D:\Users\Steve Knipmeyer\Documents\GitHub\ModelRelief\ModelRelief.test\bin\Debug\netcoreapp2.0\ModelRelief.Test.dll" adapterTypeName="executor://xunit/VsTestRunner2/netcoreapp" className="ModelRelief.Test.Integration.Meshes.MeshesFileIntegrationTests" name="PostFile_FileTimeStampIsUpdatedAfterFileIsPosted" /></UnitTest><UnitTest name="GetList_ListReturnsCorrectCount" storage="d:\users\steve knipmeyer\documents\github\modelrelief\modelrelief.test\bin\debug\netcoreapp2.0\modelrelief.test.dll" id="6d4f2cf4-b455-41f8-b47f-eefa8d92d5a9"><Execution id="4635ec57-8af7-47b8-b62f-7c6eebf4176e" /><TestMethod codeBase="D:\Users\Steve Knipmeyer\Documents\GitHub\ModelRelief\ModelRelief.test\bin\Debug\netcoreapp2.0\ModelRelief.Test.dll" adapterTypeName="executor://xunit/VsTestRunner2/netcoreapp" className="ModelRelief.Test.Integration.DepthBuffers.DepthBuffersBaseIntegrationTests" name="GetList_ListReturnsCorrectCount" /></UnitTest><UnitTest name="GetSingle_ValidIdPropertyValueReturnsCorrectModel" storage="d:\users\steve knipmeyer\documents\github\modelrelief\modelrelief.test\bin\debug\netcoreapp2.0\modelrelief.test.dll" id="7bb53f5c-3a3b-4a21-aa11-8057f369a4f2"><Execution id="c4243e7a-7585-475c-bcbd-a3d6a61d8695" /><TestMethod codeBase="D:\Users\Steve Knipmeyer\Documents\GitHub\ModelRelief\ModelRelief.test\bin\Debug\netcoreapp2.0\ModelRelief.Test.dll" adapterTypeName="executor://xunit/VsTestRunner2/netcoreapp" className="ModelRelief.Test.Integration.Cameras.CamerasBaseIntegrationTests" name="GetSingle_ValidIdPropertyValueReturnsCorrectModel" /></UnitTest><UnitTest name="Patch_TargetPropertyIsUpdated" storage="d:\users\steve knipmeyer\documents\github\modelrelief\modelrelief.test\bin\debug\netcoreapp2.0\modelrelief.test.dll" id="3f6fd7e7-f897-4bb7-8d95-21dc31868407"><Execution id="083ae4ea-d125-40b0-b75a-26b4661c0538" /><TestMethod codeBase="D:\Users\Steve Knipmeyer\Documents\GitHub\ModelRelief\ModelRelief.test\bin\Debug\netcoreapp2.0\ModelRelief.Test.dll" adapterTypeName="executor://xunit/VsTestRunner2/netcoreapp" className="ModelRelief.Test.Integration.Models.ModelsBaseIntegrationTests" name="Patch_TargetPropertyIsUpdated" /></UnitTest><UnitTest name="Put_CanUpdateModel" storage="d:\users\steve knipmeyer\documents\github\modelrelief\modelrelief.test\bin\debug\netcoreapp2.0\modelrelief.test.dll" id="288a5a62-02e8-4a2d-99bc-0f9e154dbeea"><Execution id="a2150171-0c46-4049-8f6e-21c9e56bb25c" /><TestMethod codeBase="D:\Users\Steve Knipmeyer\Documents\GitHub\ModelRelief\ModelRelief.test\bin\Debug\netcoreapp2.0\ModelRelief.Test.dll" adapterTypeName="executor://xunit/VsTestRunner2/netcoreapp" className="ModelRelief.Test.Integration.MeshTransforms.MeshTransformsBaseIntegrationTests" name="Put_CanUpdateModel" /></UnitTest><UnitTest name="PutFile_FileCanBeUpdated" storage="d:\users\steve knipmeyer\documents\github\modelrelief\modelrelief.test\bin\debug\netcoreapp2.0\modelrelief.test.dll" id="857d24df-5e93-4001-8569-d495162b29cc"><Execution id="ad1f1463-0b26-494b-b556-724e2d1d0fce" /><TestMethod codeBase="D:\Users\Steve Knipmeyer\Documents\GitHub\ModelRelief\ModelRelief.test\bin\Debug\netcoreapp2.0\ModelRelief.Test.dll" adapterTypeName="executor://xunit/VsTestRunner2/netcoreapp" className="ModelRelief.Test.Integration.Meshes.MeshesFileIntegrationTests" name="PutFile_FileCanBeUpdated" /></UnitTest><UnitTest name="PutFile_NewFileCanBePut" storage="d:\users\steve knipmeyer\documents\github\modelrelief\modelrelief.test\bin\debug\netcoreapp2.0\modelrelief.test.dll" id="d7e1b4a1-d00c-461f-85a5-3e64ba175ad7"><Execution id="9d7da24b-ea6c-4ce0-a8aa-370db5d4285f" /><TestMethod codeBase="D:\Users\Steve Knipmeyer\Documents\GitHub\ModelRelief\ModelRelief.test\bin\Debug\netcoreapp2.0\ModelRelief.Test.dll" adapterTypeName="executor://xunit/VsTestRunner2/netcoreapp" className="ModelRelief.Test.Integration.Models.ModelsFileIntegrationTests" name="PutFile_NewFileCanBePut" /></UnitTest><UnitTest name="Put_InvalidIdReturnsNotFound" storage="d:\users\steve knipmeyer\documents\github\modelrelief\modelrelief.test\bin\debug\netcoreapp2.0\modelrelief.test.dll" id="bb075cf1-c5de-4b70-9e56-915fe2d5dba5"><Execution id="570a8f94-1327-486b-aa49-dd5434916783" /><TestMethod codeBase="D:\Users\Steve Knipmeyer\Documents\GitHub\ModelRelief\ModelRelief.test\bin\Debug\netcoreapp2.0\ModelRelief.Test.dll" adapterTypeName="executor://xunit/VsTestRunner2/netcoreapp" className="ModelRelief.Test.Integration.Models.ModelsBaseIntegrationTests" name="Put_InvalidIdReturnsNotFound" /></UnitTest><UnitTest name="FileRequest_MeshGenerateSetsFileIsSynchronized" storage="d:\users\steve knipmeyer\documents\github\modelrelief\modelrelief.test\bin\debug\netcoreapp2.0\modelrelief.test.dll" id="5ce8e543-c543-44df-9aa2-3103d26b2da7"><Execution id="4a92e196-3c0b-4b1a-968a-e1daacdc6275" /><TestMethod codeBase="D:\Users\Steve Knipmeyer\Documents\GitHub\ModelRelief\ModelRelief.test\bin\Debug\netcoreapp2.0\ModelRelief.Test.dll" adapterTypeName="executor://xunit/VsTestRunner2/netcoreapp" className="ModelRelief.Test.Integration.Meshes.MeshesFileIntegrationTests" name="FileRequest_MeshGenerateSetsFileIsSynchronized" /></UnitTest><UnitTest name="Post_CanCreateNewModel" storage="d:\users\steve knipmeyer\documents\github\modelrelief\modelrelief.test\bin\debug\netcoreapp2.0\modelrelief.test.dll" id="3a76bd12-44b9-45ba-9fba-dbe742febeeb"><Execution id="fa2f6244-dfb7-4bbf-a750-c1f6ac4737cb" /><TestMethod codeBase="D:\Users\Steve Knipmeyer\Documents\GitHub\ModelRelief\ModelRelief.test\bin\Debug\netcoreapp2.0\ModelRelief.Test.dll" adapterTypeName="executor://xunit/VsTestRunner2/netcoreapp" className="ModelRelief.Test.Integration.MeshTransforms.MeshTransformsBaseIntegrationTests" name="Post_CanCreateNewModel" /></UnitTest><UnitTest name="Patch_MultipleInvalidReferencePropertiesReturnsMultipleValidationErrorsAndBadRequest" storage="d:\users\steve knipmeyer\documents\github\modelrelief\modelrelief.test\bin\debug\netcoreapp2.0\modelrelief.test.dll" id="8ec85b50-1013-421f-b5b0-a111d110d719"><Execution id="44095734-4780-4e8b-ade8-c167a4c87f95" /><TestMethod codeBase="D:\Users\Steve Knipmeyer\Documents\GitHub\ModelRelief\ModelRelief.test\bin\Debug\netcoreapp2.0\ModelRelief.Test.dll" adapterTypeName="executor://xunit/VsTestRunner2/netcoreapp" className="ModelRelief.Test.Integration.Projects.ProjectsBaseIntegrationTests" name="Patch_MultipleInvalidReferencePropertiesReturnsMultipleValidationErrorsAndBadRequest" /></UnitTest><UnitTest name="Put_InvalidReferencePropertyReturndBadRequest" storage="d:\users\steve knipmeyer\documents\github\modelrelief\modelrelief.test\bin\debug\netcoreapp2.0\modelrelief.test.dll" id="1c63c86b-2c3e-4bff-98e2-a417c6834b52"><Execution id="2265b2ba-157c-47f9-b81b-b385246eb96c" /><TestMethod codeBase="D:\Users\Steve Knipmeyer\Documents\GitHub\ModelRelief\ModelRelief.test\bin\Debug\netcoreapp2.0\ModelRelief.Test.dll" adapterTypeName="executor://xunit/VsTestRunner2/netcoreapp" className="ModelRelief.Test.Integration.Projects.ProjectsBaseIntegrationTests" name="Put_InvalidReferencePropertyReturndBadRequest" /></UnitTest><UnitTest name="Delete_TargetModelIsDeleted" storage="d:\users\steve knipmeyer\documents\github\modelrelief\modelrelief.test\bin\debug\netcoreapp2.0\modelrelief.test.dll" id="c023a853-53e8-4bf2-bad3-d0a0cc7d6cc8"><Execution id="baf071a9-9149-47c8-a0a0-139d4f4f5d41" /><TestMethod codeBase="D:\Users\Steve Knipmeyer\Documents\GitHub\ModelRelief\ModelRelief.test\bin\Debug\netcoreapp2.0\ModelRelief.Test.dll" adapterTypeName="executor://xunit/VsTestRunner2/netcoreapp" className="ModelRelief.Test.Integration.Models.ModelsBaseIntegrationTests" name="Delete_TargetModelIsDeleted" /></UnitTest><UnitTest name="Patch_ValidReferencePropertyUpdatesModel" storage="d:\users\steve knipmeyer\documents\github\modelrelief\modelrelief.test\bin\debug\netcoreapp2.0\modelrelief.test.dll" id="25d696ca-35c8-45d8-a1f1-e3b9b66df6ad"><Execution id="68955b89-167e-41d6-baa0-1d0f644b73e9" /><TestMethod codeBase="D:\Users\Steve Knipmeyer\Documents\GitHub\ModelRelief\ModelRelief.test\bin\Debug\netcoreapp2.0\ModelRelief.Test.dll" adapterTypeName="executor://xunit/VsTestRunner2/netcoreapp" className="ModelRelief.Test.Integration.Cameras.CamerasBaseIntegrationTests" name="Patch_ValidReferencePropertyUpdatesModel" /></UnitTest><UnitTest name="Post_InvalidReferencePropertyReturnsBadRequest" storage="d:\users\steve knipmeyer\documents\github\modelrelief\modelrelief.test\bin\debug\netcoreapp2.0\modelrelief.test.dll" id="572ab3c7-9617-4ccb-8650-c918b64a9d92"><Execution id="79ffeb7a-fc03-4b03-b7dd-746c33e64af8" /><TestMethod codeBase="D:\Users\Steve Knipmeyer\Documents\GitHub\ModelRelief\ModelRelief.test\bin\Debug\netcoreapp2.0\ModelRelief.Test.dll" adapterTypeName="executor://xunit/VsTestRunner2/netcoreapp" className="ModelRelief.Test.Integration.MeshTransforms.MeshTransformsBaseIntegrationTests" name="Post_InvalidReferencePropertyReturnsBadRequest" /></UnitTest><UnitTest name="LucyDepthBufferFindsOneDependent" storage="d:\users\steve knipmeyer\documents\github\modelrelief\modelrelief.test\bin\debug\netcoreapp2.0\modelrelief.test.dll" id="795a3249-3d33-42ed-8cbd-62933d7fd244"><Execution id="2912bd42-7e82-4eed-980f-295bc5517e4a" /><TestMethod codeBase="D:\Users\Steve Knipmeyer\Documents\GitHub\ModelRelief\ModelRelief.test\bin\Debug\netcoreapp2.0\ModelRelief.Test.dll" adapterTypeName="executor://xunit/VsTestRunner2/netcoreapp" className="ModelRelief.Test.Unit.DependencyManager.DependencyManagerTests" name="LucyDepthBufferFindsOneDependent" /></UnitTest><UnitTest name="PutFile_FileCanBeUpdated" storage="d:\users\steve knipmeyer\documents\github\modelrelief\modelrelief.test\bin\debug\netcoreapp2.0\modelrelief.test.dll" id="6c44e825-30c0-45a5-ada5-37fcd8879658"><Execution id="0b117bca-5281-46d4-991e-73650be110c9" /><TestMethod codeBase="D:\Users\Steve Knipmeyer\Documents\GitHub\ModelRelief\ModelRelief.test\bin\Debug\netcoreapp2.0\ModelRelief.Test.dll" adapterTypeName="executor://xunit/VsTestRunner2/netcoreapp" className="ModelRelief.Test.Integration.Models.ModelsFileIntegrationTests" name="PutFile_FileCanBeUpdated" /></UnitTest><UnitTest name="GetList_ListReturnsCorrectCount" storage="d:\users\steve knipmeyer\documents\github\modelrelief\modelrelief.test\bin\debug\netcoreapp2.0\modelrelief.test.dll" id="25ccf660-f15e-468d-9279-cc107982e526"><Execution id="1de99760-9386-4455-9cf6-e91f6e9757c5" /><TestMethod codeBase="D:\Users\Steve Knipmeyer\Documents\GitHub\ModelRelief\ModelRelief.test\bin\Debug\netcoreapp2.0\ModelRelief.Test.dll" adapterTypeName="executor://xunit/VsTestRunner2/netcoreapp" className="ModelRelief.Test.Integration.Cameras.CamerasBaseIntegrationTests" name="GetList_ListReturnsCorrectCount" /></UnitTest><UnitTest name="Post_InvalidReferencePropertyReturnsBadRequest" storage="d:\users\steve knipmeyer\documents\github\modelrelief\modelrelief.test\bin\debug\netcoreapp2.0\modelrelief.test.dll" id="498cf4c2-ce7c-4877-9953-cbdd2d799475"><Execution id="379557ef-fd02-4b0d-925d-e009a4649fd7" /><TestMethod codeBase="D:\Users\Steve Knipmeyer\Documents\GitHub\ModelRelief\ModelRelief.test\bin\Debug\netcoreapp2.0\ModelRelief.Test.dll" adapterTypeName="executor://xunit/VsTestRunner2/netcoreapp" className="ModelRelief.Test.Integration.Models.ModelsBaseIntegrationTests" name="Post_InvalidReferencePropertyReturnsBadRequest" /></UnitTest><UnitTest name="Put_CanUpdateModel" storage="d:\users\steve knipmeyer\documents\github\modelrelief\modelrelief.test\bin\debug\netcoreapp2.0\modelrelief.test.dll" id="cfedc3f6-c96f-4ac5-9041-fe64506e2b7f"><Execution id="e703a3f8-33df-49bd-b254-b30bc1b0423c" /><TestMethod codeBase="D:\Users\Steve Knipmeyer\Documents\GitHub\ModelRelief\ModelRelief.test\bin\Debug\netcoreapp2.0\ModelRelief.Test.dll" adapterTypeName="executor://xunit/VsTestRunner2/netcoreapp" className="ModelRelief.Test.Integration.Meshes.MeshesBaseIntegrationTests" name="Put_CanUpdateModel" /></UnitTest><UnitTest name="Put_InvalidReferencePropertyReturndBadRequest" storage="d:\users\steve knipmeyer\documents\github\modelrelief\modelrelief.test\bin\debug\netcoreapp2.0\modelrelief.test.dll" id="482a9250-2bdf-4155-9fbe-4ed290fc3a92"><Execution id="07b10b39-09a6-49b8-a4c7-498d516b5610" /><TestMethod codeBase="D:\Users\Steve Knipmeyer\Documents\GitHub\ModelRelief\ModelRelief.test\bin\Debug\netcoreapp2.0\ModelRelief.Test.dll" adapterTypeName="executor://xunit/VsTestRunner2/netcoreapp" className="ModelRelief.Test.Integration.Cameras.CamerasBaseIntegrationTests" name="Put_InvalidReferencePropertyReturndBadRequest" /></UnitTest><UnitTest name="GetFile_ExistingFileReturnsSuccess" storage="d:\users\steve knipmeyer\documents\github\modelrelief\modelrelief.test\bin\debug\netcoreapp2.0\modelrelief.test.dll" id="a61a59d1-714e-4d3c-b789-2ed9234641d1"><Execution id="20d68cc6-1e2a-4291-ab17-65fa7b3d4090" /><TestMethod codeBase="D:\Users\Steve Knipmeyer\Documents\GitHub\ModelRelief\ModelRelief.test\bin\Debug\netcoreapp2.0\ModelRelief.Test.dll" adapterTypeName="executor://xunit/VsTestRunner2/netcoreapp" className="ModelRelief.Test.Integration.Meshes.MeshesFileIntegrationTests" name="GetFile_ExistingFileReturnsSuccess" /></UnitTest><UnitTest name="PutFile_NewFileCanBePut" storage="d:\users\steve knipmeyer\documents\github\modelrelief\modelrelief.test\bin\debug\netcoreapp2.0\modelrelief.test.dll" id="ac5cc50f-f738-4b8b-a232-c146e2655523"><Execution id="0e662309-3948-47b3-91ad-e401bd8b3367" /><TestMethod codeBase="D:\Users\Steve Knipmeyer\Documents\GitHub\ModelRelief\ModelRelief.test\bin\Debug\netcoreapp2.0\ModelRelief.Test.dll" adapterTypeName="executor://xunit/VsTestRunner2/netcoreapp" className="ModelRelief.Test.Integration.Meshes.MeshesFileIntegrationTests" name="PutFile_NewFileCanBePut" /></UnitTest><UnitTest name="PostFile_FileTimeStampIsUpdatedAfterFileIsPosted" storage="d:\users\steve knipmeyer\documents\github\modelrelief\modelrelief.test\bin\debug\netcoreapp2.0\modelrelief.test.dll" id="cc472a4a-027e-4839-bf27-a01e1d250139"><Execution id="0b4250b6-db74-464a-a588-180a7d91dcc3" /><TestMethod codeBase="D:\Users\Steve Knipmeyer\Documents\GitHub\ModelRelief\ModelRelief.test\bin\Debug\netcoreapp2.0\ModelRelief.Test.dll" adapterTypeName="executor://xunit/VsTestRunner2/netcoreapp" className="ModelRelief.Test.Integration.Models.ModelsFileIntegrationTests" name="PostFile_FileTimeStampIsUpdatedAfterFileIsPosted" /></UnitTest><UnitTest name="PostFile_NewFileCanBePosted" storage="d:\users\steve knipmeyer\documents\github\modelrelief\modelrelief.test\bin\debug\netcoreapp2.0\modelrelief.test.dll" id="24ac7c66-9813-4d21-a0fb-ed9fb5806ff6"><Execution id="bca09d9d-13e6-4877-bed0-e5eb4577728e" /><TestMethod codeBase="D:\Users\Steve Knipmeyer\Documents\GitHub\ModelRelief\ModelRelief.test\bin\Debug\netcoreapp2.0\ModelRelief.Test.dll" adapterTypeName="executor://xunit/VsTestRunner2/netcoreapp" className="ModelRelief.Test.Integration.Models.ModelsFileIntegrationTests" name="PostFile_NewFileCanBePosted" /></UnitTest><UnitTest name="Post_CanCreateNewModel" storage="d:\users\steve knipmeyer\documents\github\modelrelief\modelrelief.test\bin\debug\netcoreapp2.0\modelrelief.test.dll" id="4fb7084d-2cba-4e1a-ae10-30824e06af16"><Execution id="22d78bf7-1ae3-4bb6-8199-85da864aa65b" /><TestMethod codeBase="D:\Users\Steve Knipmeyer\Documents\GitHub\ModelRelief\ModelRelief.test\bin\Debug\netcoreapp2.0\ModelRelief.Test.dll" adapterTypeName="executor://xunit/VsTestRunner2/netcoreapp" className="ModelRelief.Test.Integration.Cameras.CamerasBaseIntegrationTests" name="Post_CanCreateNewModel" /></UnitTest><UnitTest name="Patch_InvalidEnumPropertyValueReturnsBadRequest" storage="d:\users\steve knipmeyer\documents\github\modelrelief\modelrelief.test\bin\debug\netcoreapp2.0\modelrelief.test.dll" id="59e03209-7de6-4136-9a37-8939f26384e1"><Execution id="40cf2808-fc7a-43f2-bd2f-d4ddd9b6a05e" /><TestMethod codeBase="D:\Users\Steve Knipmeyer\Documents\GitHub\ModelRelief\ModelRelief.test\bin\Debug\netcoreapp2.0\ModelRelief.Test.dll" adapterTypeName="executor://xunit/VsTestRunner2/netcoreapp" className="ModelRelief.Test.Integration.Projects.ProjectsBaseIntegrationTests" name="Patch_InvalidEnumPropertyValueReturnsBadRequest" /></UnitTest><UnitTest name="Patch_InvalidPropertyNameReturnsBadRequest" storage="d:\users\steve knipmeyer\documents\github\modelrelief\modelrelief.test\bin\debug\netcoreapp2.0\modelrelief.test.dll" id="5f5e6894-fc5a-45cc-a6d2-88b4b55be80b"><Execution id="c0268df8-eaa9-47b6-ae5d-835ed4a7d989" /><TestMethod codeBase="D:\Users\Steve Knipmeyer\Documents\GitHub\ModelRelief\ModelRelief.test\bin\Debug\netcoreapp2.0\ModelRelief.Test.dll" adapterTypeName="executor://xunit/VsTestRunner2/netcoreapp" className="ModelRelief.Test.Integration.DepthBuffers.DepthBuffersBaseIntegrationTests" name="Patch_InvalidPropertyNameReturnsBadRequest" /></UnitTest><UnitTest name="Delete_TargetModelIsDeleted" storage="d:\users\steve knipmeyer\documents\github\modelrelief\modelrelief.test\bin\debug\netcoreapp2.0\modelrelief.test.dll" id="d01b5bab-9ab1-4a49-adb3-1d7400fd73ab"><Execution id="d212c606-19ac-432e-b871-75b48538827c" /><TestMethod codeBase="D:\Users\Steve Knipmeyer\Documents\GitHub\ModelRelief\ModelRelief.test\bin\Debug\netcoreapp2.0\ModelRelief.Test.dll" adapterTypeName="executor://xunit/VsTestRunner2/netcoreapp" className="ModelRelief.Test.Integration.DepthBuffers.DepthBuffersBaseIntegrationTests" name="Delete_TargetModelIsDeleted" /></UnitTest><UnitTest name="FileRequest_FileCanBeReadAfterRename" storage="d:\users\steve knipmeyer\documents\github\modelrelief\modelrelief.test\bin\debug\netcoreapp2.0\modelrelief.test.dll" id="a6cc0051-e197-4b6f-82b6-983b0a678381"><Execution id="f1748831-6a37-49f9-adba-2e81513e7405" /><TestMethod codeBase="D:\Users\Steve Knipmeyer\Documents\GitHub\ModelRelief\ModelRelief.test\bin\Debug\netcoreapp2.0\ModelRelief.Test.dll" adapterTypeName="executor://xunit/VsTestRunner2/netcoreapp" className="ModelRelief.Test.Integration.Models.ModelsFileIntegrationTests" name="FileRequest_FileCanBeReadAfterRename" /></UnitTest><UnitTest name="GetSingle_ValidIdPropertyValueReturnsCorrectModel" storage="d:\users\steve knipmeyer\documents\github\modelrelief\modelrelief.test\bin\debug\netcoreapp2.0\modelrelief.test.dll" id="c0057a8e-e200-403c-896c-72520d8897ba"><Execution id="2f45dcdd-caeb-4228-b933-5e10bce67253" /><TestMethod codeBase="D:\Users\Steve Knipmeyer\Documents\GitHub\ModelRelief\ModelRelief.test\bin\Debug\netcoreapp2.0\ModelRelief.Test.dll" adapterTypeName="executor://xunit/VsTestRunner2/netcoreapp" className="ModelRelief.Test.Integration.MeshTransforms.MeshTransformsBaseIntegrationTests" name="GetSingle_ValidIdPropertyValueReturnsCorrectModel" /></UnitTest><UnitTest name="FileRequest_FileCanBeReadAfterRename" storage="d:\users\steve knipmeyer\documents\github\modelrelief\modelrelief.test\bin\debug\netcoreapp2.0\modelrelief.test.dll" id="1af2b471-90b1-49db-8ebd-6150a3109239"><Execution id="5aaefc86-4ac8-480a-ad2e-da611ae389b2" /><TestMethod codeBase="D:\Users\Steve Knipmeyer\Documents\GitHub\ModelRelief\ModelRelief.test\bin\Debug\netcoreapp2.0\ModelRelief.Test.dll" adapterTypeName="executor://xunit/VsTestRunner2/netcoreapp" className="ModelRelief.Test.Integration.Meshes.MeshesFileIntegrationTests" name="FileRequest_FileCanBeReadAfterRename" /></UnitTest><UnitTest name="Patch_InvalidPropertyNameReturnsBadRequest" storage="d:\users\steve knipmeyer\documents\github\modelrelief\modelrelief.test\bin\debug\netcoreapp2.0\modelrelief.test.dll" id="50626985-8c28-441c-b4ea-f69b2102d21c"><Execution id="de320052-21ac-42c4-bd34-1afc56c726fa" /><TestMethod codeBase="D:\Users\Steve Knipmeyer\Documents\GitHub\ModelRelief\ModelRelief.test\bin\Debug\netcoreapp2.0\ModelRelief.Test.dll" adapterTypeName="executor://xunit/VsTestRunner2/netcoreapp" className="ModelRelief.Test.Integration.Projects.ProjectsBaseIntegrationTests" name="Patch_InvalidPropertyNameReturnsBadRequest" /></UnitTest><UnitTest name="Put_InvalidReferencePropertyReturndBadRequest" storage="d:\users\steve knipmeyer\documents\github\modelrelief\modelrelief.test\bin\debug\netcoreapp2.0\modelrelief.test.dll" id="a092968e-06ec-45a9-9021-d8597dd88407"><Execution id="9d53fa34-4f51-4735-90c1-bb5e691458d6" /><TestMethod codeBase="D:\Users\Steve Knipmeyer\Documents\GitHub\ModelRelief\ModelRelief.test\bin\Debug\netcoreapp2.0\ModelRelief.Test.dll" adapterTypeName="executor://xunit/VsTestRunner2/netcoreapp" className="ModelRelief.Test.Integration.MeshTransforms.MeshTransformsBaseIntegrationTests" name="Put_InvalidReferencePropertyReturndBadRequest" /></UnitTest><UnitTest name="GetFile_FileCanBeRoundTripped" storage="d:\users\steve knipmeyer\documents\github\modelrelief\modelrelief.test\bin\debug\netcoreapp2.0\modelrelief.test.dll" id="d7be78f9-a126-4d58-ad4e-24bb8090b3fd"><Execution id="cb4e4166-693d-4132-b4c3-237dce13c827" /><TestMethod codeBase="D:\Users\Steve Knipmeyer\Documents\GitHub\ModelRelief\ModelRelief.test\bin\Debug\netcoreapp2.0\ModelRelief.Test.dll" adapterTypeName="executor://xunit/VsTestRunner2/netcoreapp" className="ModelRelief.Test.Integration.Meshes.MeshesFileIntegrationTests" name="GetFile_FileCanBeRoundTripped" /></UnitTest><UnitTest name="Patch_InvalidPropertyNameReturnsBadRequest" storage="d:\users\steve knipmeyer\documents\github\modelrelief\modelrelief.test\bin\debug\netcoreapp2.0\modelrelief.test.dll" id="2e8ab631-d682-426d-a9fc-5ee19c848ea1"><Execution id="990c86ab-238e-4356-bddc-e25e2bf9d826" /><TestMethod codeBase="D:\Users\Steve Knipmeyer\Documents\GitHub\ModelRelief\ModelRelief.test\bin\Debug\netcoreapp2.0\ModelRelief.Test.dll" adapterTypeName="executor://xunit/VsTestRunner2/netcoreapp" className="ModelRelief.Test.Integration.Models.ModelsBaseIntegrationTests" name="Patch_InvalidPropertyNameReturnsBadRequest" /></UnitTest><UnitTest name="Put_InvalidReferencePropertyReturndBadRequest" storage="d:\users\steve knipmeyer\documents\github\modelrelief\modelrelief.test\bin\debug\netcoreapp2.0\modelrelief.test.dll" id="e40773fd-abd6-4459-8a55-dd39dc76f4f2"><Execution id="ed2a3dd1-2690-41c0-8daa-b95a0683cf18" /><TestMethod codeBase="D:\Users\Steve Knipmeyer\Documents\GitHub\ModelRelief\ModelRelief.test\bin\Debug\netcoreapp2.0\ModelRelief.Test.dll" adapterTypeName="executor://xunit/VsTestRunner2/netcoreapp" className="ModelRelief.Test.Integration.DepthBuffers.DepthBuffersBaseIntegrationTests" name="Put_InvalidReferencePropertyReturndBadRequest" /></UnitTest><UnitTest name="GetSingle_InvalidIdPropertyValueReturnsNotFound" storage="d:\users\steve knipmeyer\documents\github\modelrelief\modelrelief.test\bin\debug\netcoreapp2.0\modelrelief.test.dll" id="28164e10-d3cf-40d2-9d77-f09947b00ad9"><Execution id="6b0e78a6-3372-45aa-9d90-b4880b56047e" /><TestMethod codeBase="D:\Users\Steve Knipmeyer\Documents\GitHub\ModelRelief\ModelRelief.test\bin\Debug\netcoreapp2.0\ModelRelief.Test.dll" adapterTypeName="executor://xunit/VsTestRunner2/netcoreapp" className="ModelRelief.Test.Integration.DepthBuffers.DepthBuffersBaseIntegrationTests" name="GetSingle_InvalidIdPropertyValueReturnsNotFound" /></UnitTest><UnitTest name="Patch_InvalidIdPropertyReturnsNotFound" storage="d:\users\steve knipmeyer\documents\github\modelrelief\modelrelief.test\bin\debug\netcoreapp2.0\modelrelief.test.dll" id="57824ab7-4822-4504-ad81-58f6d05094d5"><Execution id="4667a8af-e404-4830-8dcf-47c653eea382" /><TestMethod codeBase="D:\Users\Steve Knipmeyer\Documents\GitHub\ModelRelief\ModelRelief.test\bin\Debug\netcoreapp2.0\ModelRelief.Test.dll" adapterTypeName="executor://xunit/VsTestRunner2/netcoreapp" className="ModelRelief.Test.Integration.Cameras.CamerasBaseIntegrationTests" name="Patch_InvalidIdPropertyReturnsNotFound" /></UnitTest><UnitTest name="Put_InvalidReferencePropertyReturndBadRequest" storage="d:\users\steve knipmeyer\documents\github\modelrelief\modelrelief.test\bin\debug\netcoreapp2.0\modelrelief.test.dll" id="ce5ee54c-d6af-41f9-82ca-d40822460c21"><Execution id="ade3f423-3c17-4b38-861f-70fae41adf33" /><TestMethod codeBase="D:\Users\Steve Knipmeyer\Documents\GitHub\ModelRelief\ModelRelief.test\bin\Debug\netcoreapp2.0\ModelRelief.Test.dll" adapterTypeName="executor://xunit/VsTestRunner2/netcoreapp" className="ModelRelief.Test.Integration.Meshes.MeshesBaseIntegrationTests" name="Put_InvalidReferencePropertyReturndBadRequest" /></UnitTest><UnitTest name="Patch_MultipleInvalidReferencePropertiesReturnsMultipleValidationErrorsAndBadRequest" storage="d:\users\steve knipmeyer\documents\github\modelrelief\modelrelief.test\bin\debug\netcoreapp2.0\modelrelief.test.dll" id="ebb297fd-6761-4e80-8576-131d0fbc1599"><Execution id="a779fa5a-51d9-491b-8229-20ff281e33ee" /><TestMethod codeBase="D:\Users\Steve Knipmeyer\Documents\GitHub\ModelRelief\ModelRelief.test\bin\Debug\netcoreapp2.0\ModelRelief.Test.dll" adapterTypeName="executor://xunit/VsTestRunner2/netcoreapp" className="ModelRelief.Test.Integration.Meshes.MeshesBaseIntegrationTests" name="Patch_MultipleInvalidReferencePropertiesReturnsMultipleValidationErrorsAndBadRequest" /></UnitTest><UnitTest name="Put_InvalidIdReturnsNotFound" storage="d:\users\steve knipmeyer\documents\github\modelrelief\modelrelief.test\bin\debug\netcoreapp2.0\modelrelief.test.dll" id="1b5a1486-9b3e-40b5-a758-416073e6fade"><Execution id="44defed2-4719-46cb-83c6-90706e39b818" /><TestMethod codeBase="D:\Users\Steve Knipmeyer\Documents\GitHub\ModelRelief\ModelRelief.test\bin\Debug\netcoreapp2.0\ModelRelief.Test.dll" adapterTypeName="executor://xunit/VsTestRunner2/netcoreapp" className="ModelRelief.Test.Integration.Meshes.MeshesBaseIntegrationTests" name="Put_InvalidIdReturnsNotFound" /></UnitTest><UnitTest name="Patch_TargetPropertyIsUpdated" storage="d:\users\steve knipmeyer\documents\github\modelrelief\modelrelief.test\bin\debug\netcoreapp2.0\modelrelief.test.dll" id="90c72467-35fc-4488-98cb-e6590da3e4cc"><Execution id="e898e8b1-a638-4eb8-9108-6e8feede1e72" /><TestMethod codeBase="D:\Users\Steve Knipmeyer\Documents\GitHub\ModelRelief\ModelRelief.test\bin\Debug\netcoreapp2.0\ModelRelief.Test.dll" adapterTypeName="executor://xunit/VsTestRunner2/netcoreapp" className="ModelRelief.Test.Integration.Cameras.CamerasBaseIntegrationTests" name="Patch_TargetPropertyIsUpdated" /></UnitTest><UnitTest name="PostFile_NewFileCanBePosted" storage="d:\users\steve knipmeyer\documents\github\modelrelief\modelrelief.test\bin\debug\netcoreapp2.0\modelrelief.test.dll" id="98de4584-5fa8-4f95-b846-d3fc2fcf3ce7"><Execution id="7d5833ae-e8f0-4bd7-b124-af2e8b7c5aa2" /><TestMethod codeBase="D:\Users\Steve Knipmeyer\Documents\GitHub\ModelRelief\ModelRelief.test\bin\Debug\netcoreapp2.0\ModelRelief.Test.dll" adapterTypeName="executor://xunit/VsTestRunner2/netcoreapp" className="ModelRelief.Test.Integration.DepthBuffers.DepthBuffersFileIntegrationTests" name="PostFile_NewFileCanBePosted" /></UnitTest><UnitTest name="GetSingle_InvalidIdPropertyValueReturnsNotFound" storage="d:\users\steve knipmeyer\documents\github\modelrelief\modelrelief.test\bin\debug\netcoreapp2.0\modelrelief.test.dll" id="9c98acb7-019b-402c-8c1b-72c32baf713d"><Execution id="6c5ee6b6-53c4-4dfe-be5a-38d477c52bb7" /><TestMethod codeBase="D:\Users\Steve Knipmeyer\Documents\GitHub\ModelRelief\ModelRelief.test\bin\Debug\netcoreapp2.0\ModelRelief.Test.dll" adapterTypeName="executor://xunit/VsTestRunner2/netcoreapp" className="ModelRelief.Test.Integration.Projects.ProjectsBaseIntegrationTests" name="GetSingle_InvalidIdPropertyValueReturnsNotFound" /></UnitTest><UnitTest name="Patch_InvalidPropertyNameReturnsBadRequest" storage="d:\users\steve knipmeyer\documents\github\modelrelief\modelrelief.test\bin\debug\netcoreapp2.0\modelrelief.test.dll" id="f04885e3-30ce-4550-b919-8b4e9b8a8cd1"><Execution id="f54c4406-ac49-41c9-be0d-78a5b6fdaaaa" /><TestMethod codeBase="D:\Users\Steve Knipmeyer\Documents\GitHub\ModelRelief\ModelRelief.test\bin\Debug\netcoreapp2.0\ModelRelief.Test.dll" adapterTypeName="executor://xunit/VsTestRunner2/netcoreapp" className="ModelRelief.Test.Integration.Meshes.MeshesBaseIntegrationTests" name="Patch_InvalidPropertyNameReturnsBadRequest" /></UnitTest><UnitTest name="Post_InvalidPropertyValueReturnsBadRequest" storage="d:\users\steve knipmeyer\documents\github\modelrelief\modelrelief.test\bin\debug\netcoreapp2.0\modelrelief.test.dll" id="835915ed-e0b0-499d-80cf-5d38e0ffe2b7"><Execution id="36cdc259-0b89-4e02-9a6f-38fc45ef280c" /><TestMethod codeBase="D:\Users\Steve Knipmeyer\Documents\GitHub\ModelRelief\ModelRelief.test\bin\Debug\netcoreapp2.0\ModelRelief.Test.dll" adapterTypeName="executor://xunit/VsTestRunner2/netcoreapp" className="ModelRelief.Test.Integration.Models.ModelsBaseIntegrationTests" name="Post_InvalidPropertyValueReturnsBadRequest" /></UnitTest><UnitTest name="Put_InvalidIdReturnsNotFound" storage="d:\users\steve knipmeyer\documents\github\modelrelief\modelrelief.test\bin\debug\netcoreapp2.0\modelrelief.test.dll" id="16ac763c-7bf4-4ffe-8bf4-d4b8cdb49c05"><Execution id="f3803561-25e0-4b10-88db-d2a0888dec3b" /><TestMethod codeBase="D:\Users\Steve Knipmeyer\Documents\GitHub\ModelRelief\ModelRelief.test\bin\Debug\netcoreapp2.0\ModelRelief.Test.dll" adapterTypeName="executor://xunit/VsTestRunner2/netcoreapp" className="ModelRelief.Test.Integration.Projects.ProjectsBaseIntegrationTests" name="Put_InvalidIdReturnsNotFound" /></UnitTest><UnitTest name="Put_ValidReferencePropertyUpdatesModel" storage="d:\users\steve knipmeyer\documents\github\modelrelief\modelrelief.test\bin\debug\netcoreapp2.0\modelrelief.test.dll" id="c9ba3d93-8dce-48cf-a611-c8f93957f523"><Execution id="de940233-3902-4248-8954-5a8e00c9e7ab" /><TestMethod codeBase="D:\Users\Steve Knipmeyer\Documents\GitHub\ModelRelief\ModelRelief.test\bin\Debug\netcoreapp2.0\ModelRelief.Test.dll" adapterTypeName="executor://xunit/VsTestRunner2/netcoreapp" className="ModelRelief.Test.Integration.Models.ModelsBaseIntegrationTests" name="Put_ValidReferencePropertyUpdatesModel" /></UnitTest><UnitTest name="PostFile_FileIsSynchronizedIsUpdatedAfterFileIsPosted" storage="d:\users\steve knipmeyer\documents\github\modelrelief\modelrelief.test\bin\debug\netcoreapp2.0\modelrelief.test.dll" id="7e98a8ee-8396-44d8-9b6b-d92c38d706b9"><Execution id="1d9d140b-a6c7-4803-bc6c-cfb39b09a9b1" /><TestMethod codeBase="D:\Users\Steve Knipmeyer\Documents\GitHub\ModelRelief\ModelRelief.test\bin\Debug\netcoreapp2.0\ModelRelief.Test.dll" adapterTypeName="executor://xunit/VsTestRunner2/netcoreapp" className="ModelRelief.Test.Integration.Models.ModelsFileIntegrationTests" name="PostFile_FileIsSynchronizedIsUpdatedAfterFileIsPosted" /></UnitTest><UnitTest name="Patch_InvalidEnumPropertyValueReturnsBadRequest" storage="d:\users\steve knipmeyer\documents\github\modelrelief\modelrelief.test\bin\debug\netcoreapp2.0\modelrelief.test.dll" id="0a1eac3c-c974-4d7c-ac23-1da33336576d"><Execution id="9b429bdd-94f1-4764-9863-9a7cdd1d646d" /><TestMethod codeBase="D:\Users\Steve Knipmeyer\Documents\GitHub\ModelRelief\ModelRelief.test\bin\Debug\netcoreapp2.0\ModelRelief.Test.dll" adapterTypeName="executor://xunit/VsTestRunner2/netcoreapp" className="ModelRelief.Test.Integration.Models.ModelsBaseIntegrationTests" name="Patch_InvalidEnumPropertyValueReturnsBadRequest" /></UnitTest><UnitTest name="GetFile_NonExistentFileReturnsNotFound" storage="d:\users\steve knipmeyer\documents\github\modelrelief\modelrelief.test\bin\debug\netcoreapp2.0\modelrelief.test.dll" id="a84786ed-f22b-421b-89af-b28b25a24970"><Execution id="998324fb-ef3c-4b51-9716-1488c50a67be" /><TestMethod codeBase="D:\Users\Steve Knipmeyer\Documents\GitHub\ModelRelief\ModelRelief.test\bin\Debug\netcoreapp2.0\ModelRelief.Test.dll" adapterTypeName="executor://xunit/VsTestRunner2/netcoreapp" className="ModelRelief.Test.Integration.Models.ModelsFileIntegrationTests" name="GetFile_NonExistentFileReturnsNotFound" /></UnitTest><UnitTest name="PutFile_FileCanBeUpdated" storage="d:\users\steve knipmeyer\documents\github\modelrelief\modelrelief.test\bin\debug\netcoreapp2.0\modelrelief.test.dll" id="0638c05e-65e1-4e50-9364-07f36142792a"><Execution id="da5fa47e-ca3e-4764-96b1-5fc8b198dbc8" /><TestMethod codeBase="D:\Users\Steve Knipmeyer\Documents\GitHub\ModelRelief\ModelRelief.test\bin\Debug\netcoreapp2.0\ModelRelief.Test.dll" adapterTypeName="executor://xunit/VsTestRunner2/netcoreapp" className="ModelRelief.Test.Integration.DepthBuffers.DepthBuffersFileIntegrationTests" name="PutFile_FileCanBeUpdated" /></UnitTest><UnitTest name="Post_CanCreateNewModel" storage="d:\users\steve knipmeyer\documents\github\modelrelief\modelrelief.test\bin\debug\netcoreapp2.0\modelrelief.test.dll" id="82c8efbd-bb75-4b04-a34f-d279f7455a9e"><Execution id="6115c7f2-518c-48df-b706-f38e68115df5" /><TestMethod codeBase="D:\Users\Steve Knipmeyer\Documents\GitHub\ModelRelief\ModelRelief.test\bin\Debug\netcoreapp2.0\ModelRelief.Test.dll" adapterTypeName="executor://xunit/VsTestRunner2/netcoreapp" className="ModelRelief.Test.Integration.Models.ModelsBaseIntegrationTests" name="Post_CanCreateNewModel" /></UnitTest><UnitTest name="GetSingle_InvalidIdPropertyValueReturnsNotFound" storage="d:\users\steve knipmeyer\documents\github\modelrelief\modelrelief.test\bin\debug\netcoreapp2.0\modelrelief.test.dll" id="9ff0dc64-460c-440a-884e-3898309e39de"><Execution id="2b5887c9-aec0-4c65-b1f4-a0ac012c809e" /><TestMethod codeBase="D:\Users\Steve Knipmeyer\Documents\GitHub\ModelRelief\ModelRelief.test\bin\Debug\netcoreapp2.0\ModelRelief.Test.dll" adapterTypeName="executor://xunit/VsTestRunner2/netcoreapp" className="ModelRelief.Test.Integration.MeshTransforms.MeshTransformsBaseIntegrationTests" name="GetSingle_InvalidIdPropertyValueReturnsNotFound" /></UnitTest><UnitTest name="Put_CanUpdateModel" storage="d:\users\steve knipmeyer\documents\github\modelrelief\modelrelief.test\bin\debug\netcoreapp2.0\modelrelief.test.dll" id="97bc90eb-ea88-4e70-92a8-d986d1a543b0"><Execution id="593971db-2f8b-4939-8f83-2e2a5b2fb12d" /><TestMethod codeBase="D:\Users\Steve Knipmeyer\Documents\GitHub\ModelRelief\ModelRelief.test\bin\Debug\netcoreapp2.0\ModelRelief.Test.dll" adapterTypeName="executor://xunit/VsTestRunner2/netcoreapp" className="ModelRelief.Test.Integration.Models.ModelsBaseIntegrationTests" name="Put_CanUpdateModel" /></UnitTest><UnitTest name="Patch_InvalidEnumPropertyValueReturnsBadRequest" storage="d:\users\steve knipmeyer\documents\github\modelrelief\modelrelief.test\bin\debug\netcoreapp2.0\modelrelief.test.dll" id="640d0313-94db-43ad-8f10-ea6c4f174aa9"><Execution id="26009c3d-9f0e-4d1c-867a-41ebc9e0b4f1" /><TestMethod codeBase="D:\Users\Steve Knipmeyer\Documents\GitHub\ModelRelief\ModelRelief.test\bin\Debug\netcoreapp2.0\ModelRelief.Test.dll" adapterTypeName="executor://xunit/VsTestRunner2/netcoreapp" className="ModelRelief.Test.Integration.MeshTransforms.MeshTransformsBaseIntegrationTests" name="Patch_InvalidEnumPropertyValueReturnsBadRequest" /></UnitTest><UnitTest name="Put_ValidReferencePropertyUpdatesModel" storage="d:\users\steve knipmeyer\documents\github\modelrelief\modelrelief.test\bin\debug\netcoreapp2.0\modelrelief.test.dll" id="a47356c9-204c-45e7-9468-5ea619f73705"><Execution id="96e3d3fc-cc24-440a-b26d-d3f889833718" /><TestMethod codeBase="D:\Users\Steve Knipmeyer\Documents\GitHub\ModelRelief\ModelRelief.test\bin\Debug\netcoreapp2.0\ModelRelief.Test.dll" adapterTypeName="executor://xunit/VsTestRunner2/netcoreapp" className="ModelRelief.Test.Integration.MeshTransforms.MeshTransformsBaseIntegrationTests" name="Put_ValidReferencePropertyUpdatesModel" /></UnitTest><UnitTest name="DepthBufferHasExpectedDependentFiles" storage="d:\users\steve knipmeyer\documents\github\modelrelief\modelrelief.test\bin\debug\netcoreapp2.0\modelrelief.test.dll" id="ddf311b8-3fee-4dc2-b03a-7793d8227367"><Execution id="a1d60a4f-d777-42a1-a4f3-1a8e5a4805ac" /><TestMethod codeBase="D:\Users\Steve Knipmeyer\Documents\GitHub\ModelRelief\ModelRelief.test\bin\Debug\netcoreapp2.0\ModelRelief.Test.dll" adapterTypeName="executor://xunit/VsTestRunner2/netcoreapp" className="ModelRelief.Test.Unit.DependencyManager.DependencyManagerTests" name="DepthBufferHasExpectedDependentFiles" /></UnitTest><UnitTest name="PostFile_FileIsSynchronizedIsUpdatedAfterFileIsPosted" storage="d:\users\steve knipmeyer\documents\github\modelrelief\modelrelief.test\bin\debug\netcoreapp2.0\modelrelief.test.dll" id="0ada5b32-6fd6-484a-8f38-656d0553bb73"><Execution id="6d54cc9e-6b23-400d-9479-e48aa313e190" /><TestMethod codeBase="D:\Users\Steve Knipmeyer\Documents\GitHub\ModelRelief\ModelRelief.test\bin\Debug\netcoreapp2.0\ModelRelief.Test.dll" adapterTypeName="executor://xunit/VsTestRunner2/netcoreapp" className="ModelRelief.Test.Integration.Meshes.MeshesFileIntegrationTests" name="PostFile_FileIsSynchronizedIsUpdatedAfterFileIsPosted" /></UnitTest><UnitTest name="Post_InvalidReferencePropertyReturnsBadRequest" storage="d:\users\steve knipmeyer\documents\github\modelrelief\modelrelief.test\bin\debug\netcoreapp2.0\modelrelief.test.dll" id="e0f46bd8-d146-4ce2-9bdb-00bae1a0ce09"><Execution id="919eb64b-68b7-46bb-aafb-4478360664f6" /><TestMethod codeBase="D:\Users\Steve Knipmeyer\Documents\GitHub\ModelRelief\ModelRelief.test\bin\Debug\netcoreapp2.0\ModelRelief.Test.dll" adapterTypeName="executor://xunit/VsTestRunner2/netcoreapp" className="ModelRelief.Test.Integration.Cameras.CamerasBaseIntegrationTests" name="Post_InvalidReferencePropertyReturnsBadRequest" /></UnitTest><UnitTest name="GetFile_ExistingFileReturnsSuccess" storage="d:\users\steve knipmeyer\documents\github\modelrelief\modelrelief.test\bin\debug\netcoreapp2.0\modelrelief.test.dll" id="e253d98d-5e4f-407b-826f-5a54e3277e8d"><Execution id="4e50864b-92a1-415e-a44d-3e74c602495a" /><TestMethod codeBase="D:\Users\Steve Knipmeyer\Documents\GitHub\ModelRelief\ModelRelief.test\bin\Debug\netcoreapp2.0\ModelRelief.Test.dll" adapterTypeName="executor://xunit/VsTestRunner2/netcoreapp" className="ModelRelief.Test.Integration.DepthBuffers.DepthBuffersFileIntegrationTests" name="GetFile_ExistingFileReturnsSuccess" /></UnitTest><UnitTest name="Post_CanCreateNewModel" storage="d:\users\steve knipmeyer\documents\github\modelrelief\modelrelief.test\bin\debug\netcoreapp2.0\modelrelief.test.dll" id="2c1b5742-469d-480d-964d-c6357e47fb36"><Execution id="0f228410-ae06-4521-8f19-9c4aef788035" /><TestMethod codeBase="D:\Users\Steve Knipmeyer\Documents\GitHub\ModelRelief\ModelRelief.test\bin\Debug\netcoreapp2.0\ModelRelief.Test.dll" adapterTypeName="executor://xunit/VsTestRunner2/netcoreapp" className="ModelRelief.Test.Integration.DepthBuffers.DepthBuffersBaseIntegrationTests" name="Post_CanCreateNewModel" /></UnitTest><UnitTest name="Patch_MultipleInvalidReferencePropertiesReturnsMultipleValidationErrorsAndBadRequest" storage="d:\users\steve knipmeyer\documents\github\modelrelief\modelrelief.test\bin\debug\netcoreapp2.0\modelrelief.test.dll" id="efe9678b-c8b5-4673-b976-56f47fcc17f8"><Execution id="783f1282-01e8-4074-9ada-a9980d5cf37d" /><TestMethod codeBase="D:\Users\Steve Knipmeyer\Documents\GitHub\ModelRelief\ModelRelief.test\bin\Debug\netcoreapp2.0\ModelRelief.Test.dll" adapterTypeName="executor://xunit/VsTestRunner2/netcoreapp" className="ModelRelief.Test.Integration.DepthBuffers.DepthBuffersBaseIntegrationTests" name="Patch_MultipleInvalidReferencePropertiesReturnsMultipleValidationErrorsAndBadRequest" /></UnitTest><UnitTest name="PutFile_NewFileCanBePut" storage="d:\users\steve knipmeyer\documents\github\modelrelief\modelrelief.test\bin\debug\netcoreapp2.0\modelrelief.test.dll" id="3428b65a-3a52-41c5-bfea-cfd5c68f2bc2"><Execution id="cb50eeb6-5142-4e79-a860-1fc6533579a4" /><TestMethod codeBase="D:\Users\Steve Knipmeyer\Documents\GitHub\ModelRelief\ModelRelief.test\bin\Debug\netcoreapp2.0\ModelRelief.Test.dll" adapterTypeName="executor://xunit/VsTestRunner2/netcoreapp" className="ModelRelief.Test.Integration.DepthBuffers.DepthBuffersFileIntegrationTests" name="PutFile_NewFileCanBePut" /></UnitTest><UnitTest name="Patch_InvalidEnumPropertyValueReturnsBadRequest" storage="d:\users\steve knipmeyer\documents\github\modelrelief\modelrelief.test\bin\debug\netcoreapp2.0\modelrelief.test.dll" id="6ad1a63b-76e6-4a62-bcf3-80876f21296b"><Execution id="70c7d79c-f47b-4213-9c96-21683ec26e07" /><TestMethod codeBase="D:\Users\Steve Knipmeyer\Documents\GitHub\ModelRelief\ModelRelief.test\bin\Debug\netcoreapp2.0\ModelRelief.Test.dll" adapterTypeName="executor://xunit/VsTestRunner2/netcoreapp" className="ModelRelief.Test.Integration.Cameras.CamerasBaseIntegrationTests" name="Patch_InvalidEnumPropertyValueReturnsBadRequest" /></UnitTest><UnitTest name="FileRequest_FileCanBeReadAfterRename" storage="d:\users\steve knipmeyer\documents\github\modelrelief\modelrelief.test\bin\debug\netcoreapp2.0\modelrelief.test.dll" id="2075b07c-ec4b-4f36-abde-89ce95527163"><Execution id="413ac900-525b-458c-93c2-da4c955fa233" /><TestMethod codeBase="D:\Users\Steve Knipmeyer\Documents\GitHub\ModelRelief\ModelRelief.test\bin\Debug\netcoreapp2.0\ModelRelief.Test.dll" adapterTypeName="executor://xunit/VsTestRunner2/netcoreapp" className="ModelRelief.Test.Integration.DepthBuffers.DepthBuffersFileIntegrationTests" name="FileRequest_FileCanBeReadAfterRename" /></UnitTest><UnitTest name="Delete_TargetModelIsDeleted" storage="d:\users\steve knipmeyer\documents\github\modelrelief\modelrelief.test\bin\debug\netcoreapp2.0\modelrelief.test.dll" id="22625df0-ddbd-4952-b1c4-389963328d31"><Execution id="04458806-3629-47ee-b32b-d723bcaf30d3" /><TestMethod codeBase="D:\Users\Steve Knipmeyer\Documents\GitHub\ModelRelief\ModelRelief.test\bin\Debug\netcoreapp2.0\ModelRelief.Test.dll" adapterTypeName="executor://xunit/VsTestRunner2/netcoreapp" className="ModelRelief.Test.Integration.Projects.ProjectsBaseIntegrationTests" name="Delete_TargetModelIsDeleted" /></UnitTest><UnitTest name="GetSingle_ValidIdPropertyValueReturnsCorrectModel" storage="d:\users\steve knipmeyer\documents\github\modelrelief\modelrelief.test\bin\debug\netcoreapp2.0\modelrelief.test.dll" id="ca0a96a2-ff3a-48c3-bc57-8517c7971747"><Execution id="3771aa64-a107-460e-b4fc-0f71b6cbcea8" /><TestMethod codeBase="D:\Users\Steve Knipmeyer\Documents\GitHub\ModelRelief\ModelRelief.test\bin\Debug\netcoreapp2.0\ModelRelief.Test.dll" adapterTypeName="executor://xunit/VsTestRunner2/netcoreapp" className="ModelRelief.Test.Integration.Models.ModelsBaseIntegrationTests" name="GetSingle_ValidIdPropertyValueReturnsCorrectModel" /></UnitTest><UnitTest name="Post_InvalidPropertyValueReturnsBadRequest" storage="d:\users\steve knipmeyer\documents\github\modelrelief\modelrelief.test\bin\debug\netcoreapp2.0\modelrelief.test.dll" id="2a42914d-6e36-46d6-9c85-1598a6c60299"><Execution id="35d0eb35-6e58-4b05-9366-ac2a2849cff4" /><TestMethod codeBase="D:\Users\Steve Knipmeyer\Documents\GitHub\ModelRelief\ModelRelief.test\bin\Debug\netcoreapp2.0\ModelRelief.Test.dll" adapterTypeName="executor://xunit/VsTestRunner2/netcoreapp" className="ModelRelief.Test.Integration.DepthBuffers.DepthBuffersBaseIntegrationTests" name="Post_InvalidPropertyValueReturnsBadRequest" /></UnitTest><UnitTest name="Put_InvalidIdReturnsNotFound" storage="d:\users\steve knipmeyer\documents\github\modelrelief\modelrelief.test\bin\debug\netcoreapp2.0\modelrelief.test.dll" id="3f4a3f4f-06d2-4931-be40-e4bab8fdd432"><Execution id="b2c778ba-80d8-4f58-9ae5-cf2ccba7dbf4" /><TestMethod codeBase="D:\Users\Steve Knipmeyer\Documents\GitHub\ModelRelief\ModelRelief.test\bin\Debug\netcoreapp2.0\ModelRelief.Test.dll" adapterTypeName="executor://xunit/VsTestRunner2/netcoreapp" className="ModelRelief.Test.Integration.Cameras.CamerasBaseIntegrationTests" name="Put_InvalidIdReturnsNotFound" /></UnitTest><UnitTest name="Delete_TargetModelIsDeleted" storage="d:\users\steve knipmeyer\documents\github\modelrelief\modelrelief.test\bin\debug\netcoreapp2.0\modelrelief.test.dll" id="d9ed553d-6e10-46e7-be89-1eca6ab5c05c"><Execution id="0d69b7e4-da81-4f7b-b308-7a7d298cf370" /><TestMethod codeBase="D:\Users\Steve Knipmeyer\Documents\GitHub\ModelRelief\ModelRelief.test\bin\Debug\netcoreapp2.0\ModelRelief.Test.dll" adapterTypeName="executor://xunit/VsTestRunner2/netcoreapp" className="ModelRelief.Test.Integration.Meshes.MeshesBaseIntegrationTests" name="Delete_TargetModelIsDeleted" /></UnitTest><UnitTest name="CameraHasExpectedDependentFiles" storage="d:\users\steve knipmeyer\documents\github\modelrelief\modelrelief.test\bin\debug\netcoreapp2.0\modelrelief.test.dll" id="f5a9afab-901e-4fa3-a992-632ca870a7ad"><Execution id="33769fca-a4be-461b-b71e-f0e7d74b2dd6" /><TestMethod codeBase="D:\Users\Steve Knipmeyer\Documents\GitHub\ModelRelief\ModelRelief.test\bin\Debug\netcoreapp2.0\ModelRelief.Test.dll" adapterTypeName="executor://xunit/VsTestRunner2/netcoreapp" className="ModelRelief.Test.Unit.DependencyManager.DependencyManagerTests" name="CameraHasExpectedDependentFiles" /></UnitTest><UnitTest name="Patch_InvalidReferencePropertyReturnsBadRequest" storage="d:\users\steve knipmeyer\documents\github\modelrelief\modelrelief.test\bin\debug\netcoreapp2.0\modelrelief.test.dll" id="8b3d4bd9-a34c-4af2-861b-35a059380746"><Execution id="edae5da3-e63f-446e-8cd3-53d7a9173f44" /><TestMethod codeBase="D:\Users\Steve Knipmeyer\Documents\GitHub\ModelRelief\ModelRelief.test\bin\Debug\netcoreapp2.0\ModelRelief.Test.dll" adapterTypeName="executor://xunit/VsTestRunner2/netcoreapp" className="ModelRelief.Test.Integration.Cameras.CamerasBaseIntegrationTests" name="Patch_InvalidReferencePropertyReturnsBadRequest" /></UnitTest><UnitTest name="GetList_ListReturnsCorrectCount" storage="d:\users\steve knipmeyer\documents\github\modelrelief\modelrelief.test\bin\debug\netcoreapp2.0\modelrelief.test.dll" id="9bcc90a4-3b19-46fd-bbff-777342b4922a"><Execution id="481d3084-fc80-40e5-bb62-994cd4e3cfda" /><TestMethod codeBase="D:\Users\Steve Knipmeyer\Documents\GitHub\ModelRelief\ModelRelief.test\bin\Debug\netcoreapp2.0\ModelRelief.Test.dll" adapterTypeName="executor://xunit/VsTestRunner2/netcoreapp" className="ModelRelief.Test.Integration.Projects.ProjectsBaseIntegrationTests" name="GetList_ListReturnsCorrectCount" /></UnitTest><UnitTest name="Patch_MultipleInvalidReferencePropertiesReturnsMultipleValidationErrorsAndBadRequest" storage="d:\users\steve knipmeyer\documents\github\modelrelief\modelrelief.test\bin\debug\netcoreapp2.0\modelrelief.test.dll" id="407e4ac7-6e16-4247-9858-721631e4eae0"><Execution id="c8c5f422-27ce-4c3c-a24a-5ff81d2cc65f" /><TestMethod codeBase="D:\Users\Steve Knipmeyer\Documents\GitHub\ModelRelief\ModelRelief.test\bin\Debug\netcoreapp2.0\ModelRelief.Test.dll" adapterTypeName="executor://xunit/VsTestRunner2/netcoreapp" className="ModelRelief.Test.Integration.MeshTransforms.MeshTransformsBaseIntegrationTests" name="Patch_MultipleInvalidReferencePropertiesReturnsMultipleValidationErrorsAndBadRequest" /></UnitTest><UnitTest name="GetSingle_InvalidIdPropertyValueReturnsNotFound" storage="d:\users\steve knipmeyer\documents\github\modelrelief\modelrelief.test\bin\debug\netcoreapp2.0\modelrelief.test.dll" id="81f4ea84-b360-4bd5-900a-3be41b4cc8e0"><Execution id="7ba72c77-3af5-4069-b516-64c403bb24f4" /><TestMethod codeBase="D:\Users\Steve Knipmeyer\Documents\GitHub\ModelRelief\ModelRelief.test\bin\Debug\netcoreapp2.0\ModelRelief.Test.dll" adapterTypeName="executor://xunit/VsTestRunner2/netcoreapp" className="ModelRelief.Test.Integration.Models.ModelsBaseIntegrationTests" name="GetSingle_InvalidIdPropertyValueReturnsNotFound" /></UnitTest><UnitTest name="PostFile_NewFileCanBePosted" storage="d:\users\steve knipmeyer\documents\github\modelrelief\modelrelief.test\bin\debug\netcoreapp2.0\modelrelief.test.dll" id="9c85a515-79af-4e72-8763-7a09c31a2c57"><Execution id="bc2b0feb-c061-40d7-a726-98b3a95e87ce" /><TestMethod codeBase="D:\Users\Steve Knipmeyer\Documents\GitHub\ModelRelief\ModelRelief.test\bin\Debug\netcoreapp2.0\ModelRelief.Test.dll" adapterTypeName="executor://xunit/VsTestRunner2/netcoreapp" className="ModelRelief.Test.Integration.Meshes.MeshesFileIntegrationTests" name="PostFile_NewFileCanBePosted" /></UnitTest><UnitTest name="Patch_InvalidIdPropertyReturnsNotFound" storage="d:\users\steve knipmeyer\documents\github\modelrelief\modelrelief.test\bin\debug\netcoreapp2.0\modelrelief.test.dll" id="6a86728a-3041-48d3-b9e1-f056583f728a"><Execution id="96dde54d-e1a7-4542-979f-78c1e941a156" /><TestMethod codeBase="D:\Users\Steve Knipmeyer\Documents\GitHub\ModelRelief\ModelRelief.test\bin\Debug\netcoreapp2.0\ModelRelief.Test.dll" adapterTypeName="executor://xunit/VsTestRunner2/netcoreapp" className="ModelRelief.Test.Integration.MeshTransforms.MeshTransformsBaseIntegrationTests" name="Patch_InvalidIdPropertyReturnsNotFound" /></UnitTest><UnitTest name="Patch_InvalidReferencePropertyReturnsBadRequest" storage="d:\users\steve knipmeyer\documents\github\modelrelief\modelrelief.test\bin\debug\netcoreapp2.0\modelrelief.test.dll" id="85cc1114-c78e-4831-b26b-3586f10d9b74"><Execution id="349c9005-f005-4bb0-95a3-d592d91143fa" /><TestMethod codeBase="D:\Users\Steve Knipmeyer\Documents\GitHub\ModelRelief\ModelRelief.test\bin\Debug\netcoreapp2.0\ModelRelief.Test.dll" adapterTypeName="executor://xunit/VsTestRunner2/netcoreapp" className="ModelRelief.Test.Integration.DepthBuffers.DepthBuffersBaseIntegrationTests" name="Patch_InvalidReferencePropertyReturnsBadRequest" /></UnitTest><UnitTest name="MeshTransformHasExpectedDependentFiles" storage="d:\users\steve knipmeyer\documents\github\modelrelief\modelrelief.test\bin\debug\netcoreapp2.0\modelrelief.test.dll" id="084ca336-9642-419c-9f84-b9a080e40f92"><Execution id="1f297680-4999-4e42-b8c4-e317b5998c2d" /><TestMethod codeBase="D:\Users\Steve Knipmeyer\Documents\GitHub\ModelRelief\ModelRelief.test\bin\Debug\netcoreapp2.0\ModelRelief.Test.dll" adapterTypeName="executor://xunit/VsTestRunner2/netcoreapp" className="ModelRelief.Test.Unit.DependencyManager.DependencyManagerTests" name="MeshTransformHasExpectedDependentFiles" /></UnitTest><UnitTest name="GetSingle_ValidIdPropertyValueReturnsCorrectModel" storage="d:\users\steve knipmeyer\documents\github\modelrelief\modelrelief.test\bin\debug\netcoreapp2.0\modelrelief.test.dll" id="9c9c7b48-73e1-4ed1-b4a9-0a2fb37e3fde"><Execution id="3b3b4d0d-f4fe-442b-87df-c7ccdf166455" /><TestMethod codeBase="D:\Users\Steve Knipmeyer\Documents\GitHub\ModelRelief\ModelRelief.test\bin\Debug\netcoreapp2.0\ModelRelief.Test.dll" adapterTypeName="executor://xunit/VsTestRunner2/netcoreapp" className="ModelRelief.Test.Integration.DepthBuffers.DepthBuffersBaseIntegrationTests" name="GetSingle_ValidIdPropertyValueReturnsCorrectModel" /></UnitTest><UnitTest name="Post_ValidReferencePropertyCreatesModel" storage="d:\users\steve knipmeyer\documents\github\modelrelief\modelrelief.test\bin\debug\netcoreapp2.0\modelrelief.test.dll" id="220647f5-ead9-404f-ae99-63b5eede9492"><Execution id="7c058f84-ba73-4f7d-83b2-a01261a749ac" /><TestMethod codeBase="D:\Users\Steve Knipmeyer\Documents\GitHub\ModelRelief\ModelRelief.test\bin\Debug\netcoreapp2.0\ModelRelief.Test.dll" adapterTypeName="executor://xunit/VsTestRunner2/netcoreapp" className="ModelRelief.Test.Integration.Meshes.MeshesBaseIntegrationTests" name="Post_ValidReferencePropertyCreatesModel" /></UnitTest><UnitTest name="Post_InvalidReferencePropertyReturnsBadRequest" storage="d:\users\steve knipmeyer\documents\github\modelrelief\modelrelief.test\bin\debug\netcoreapp2.0\modelrelief.test.dll" id="8c87d1bd-4199-4f7c-9a7a-612005409f69"><Execution id="6e081abd-455a-42a5-b57e-5a0f9cd73db9" /><TestMethod codeBase="D:\Users\Steve Knipmeyer\Documents\GitHub\ModelRelief\ModelRelief.test\bin\Debug\netcoreapp2.0\ModelRelief.Test.dll" adapterTypeName="executor://xunit/VsTestRunner2/netcoreapp" className="ModelRelief.Test.Integration.Meshes.MeshesBaseIntegrationTests" name="Post_InvalidReferencePropertyReturnsBadRequest" /></UnitTest><UnitTest name="Model3dHasExpectedDependentFiles" storage="d:\users\steve knipmeyer\documents\github\modelrelief\modelrelief.test\bin\debug\netcoreapp2.0\modelrelief.test.dll" id="34acf94b-02e3-4cc2-a01f-4b16adda3b9c"><Execution id="15e86597-868a-4390-8eaf-da212af78469" /><TestMethod codeBase="D:\Users\Steve Knipmeyer\Documents\GitHub\ModelRelief\ModelRelief.test\bin\Debug\netcoreapp2.0\ModelRelief.Test.dll" adapterTypeName="executor://xunit/VsTestRunner2/netcoreapp" className="ModelRelief.Test.Unit.DependencyManager.DependencyManagerTests" name="Model3dHasExpectedDependentFiles" /></UnitTest><UnitTest name="Patch_TargetPropertyIsUpdated" storage="d:\users\steve knipmeyer\documents\github\modelrelief\modelrelief.test\bin\debug\netcoreapp2.0\modelrelief.test.dll" id="a2849076-0a76-43ba-822c-cf1c311340f7"><Execution id="e31b535f-5067-424d-953e-89d45a15d821" /><TestMethod codeBase="D:\Users\Steve Knipmeyer\Documents\GitHub\ModelRelief\ModelRelief.test\bin\Debug\netcoreapp2.0\ModelRelief.Test.dll" adapterTypeName="executor://xunit/VsTestRunner2/netcoreapp" className="ModelRelief.Test.Integration.Projects.ProjectsBaseIntegrationTests" name="Patch_TargetPropertyIsUpdated" /></UnitTest><UnitTest name="GetSingle_ValidIdPropertyValueReturnsCorrectModel" storage="d:\users\steve knipmeyer\documents\github\modelrelief\modelrelief.test\bin\debug\netcoreapp2.0\modelrelief.test.dll" id="10ce9313-b679-4fd7-8cdf-35127211b712"><Execution id="974e622a-b580-447b-993e-9976b6af5602" /><TestMethod codeBase="D:\Users\Steve Knipmeyer\Documents\GitHub\ModelRelief\ModelRelief.test\bin\Debug\netcoreapp2.0\ModelRelief.Test.dll" adapterTypeName="executor://xunit/VsTestRunner2/netcoreapp" className="ModelRelief.Test.Integration.Projects.ProjectsBaseIntegrationTests" name="GetSingle_ValidIdPropertyValueReturnsCorrectModel" /></UnitTest><UnitTest name="LucyCameraFindsAllDependents" storage="d:\users\steve knipmeyer\documents\github\modelrelief\modelrelief.test\bin\debug\netcoreapp2.0\modelrelief.test.dll" id="9c2c4327-5dfe-46e5-a34e-ba034433fcdd"><Execution id="3a70b3f5-5c00-4ee2-8e4a-3e847158b1d9" /><TestMethod codeBase="D:\Users\Steve Knipmeyer\Documents\GitHub\ModelRelief\ModelRelief.test\bin\Debug\netcoreapp2.0\ModelRelief.Test.dll" adapterTypeName="executor://xunit/VsTestRunner2/netcoreapp" className="ModelRelief.Test.Unit.DependencyManager.DependencyManagerTests" name="LucyCameraFindsAllDependents" /></UnitTest><UnitTest name="Post_InvalidReferencePropertyReturnsBadRequest" storage="d:\users\steve knipmeyer\documents\github\modelrelief\modelrelief.test\bin\debug\netcoreapp2.0\modelrelief.test.dll" id="13242473-bad3-45dd-9413-de98638cfa82"><Execution id="b0277c96-72ca-4653-b9c9-e6fc5c4f3c24" /><TestMethod codeBase="D:\Users\Steve Knipmeyer\Documents\GitHub\ModelRelief\ModelRelief.test\bin\Debug\netcoreapp2.0\ModelRelief.Test.dll" adapterTypeName="executor://xunit/VsTestRunner2/netcoreapp" className="ModelRelief.Test.Integration.Projects.ProjectsBaseIntegrationTests" name="Post_InvalidReferencePropertyReturnsBadRequest" /></UnitTest><UnitTest name="Patch_MultipleInvalidReferencePropertiesReturnsMultipleValidationErrorsAndBadRequest" storage="d:\users\steve knipmeyer\documents\github\modelrelief\modelrelief.test\bin\debug\netcoreapp2.0\modelrelief.test.dll" id="5d402823-8078-4e10-90f2-d65147171e48"><Execution id="725208a4-e473-4330-b7c3-d9f844ca176d" /><TestMethod codeBase="D:\Users\Steve Knipmeyer\Documents\GitHub\ModelRelief\ModelRelief.test\bin\Debug\netcoreapp2.0\ModelRelief.Test.dll" adapterTypeName="executor://xunit/VsTestRunner2/netcoreapp" className="ModelRelief.Test.Integration.Models.ModelsBaseIntegrationTests" name="Patch_MultipleInvalidReferencePropertiesReturnsMultipleValidationErrorsAndBadRequest" /></UnitTest><UnitTest name="Post_CanCreateNewModel" storage="d:\users\steve knipmeyer\documents\github\modelrelief\modelrelief.test\bin\debug\netcoreapp2.0\modelrelief.test.dll" id="7fb121f6-2725-43aa-9c98-82f676d319b5"><Execution id="43275d07-38da-44bc-bf8e-3c224fb06157" /><TestMethod codeBase="D:\Users\Steve Knipmeyer\Documents\GitHub\ModelRelief\ModelRelief.test\bin\Debug\netcoreapp2.0\ModelRelief.Test.dll" adapterTypeName="executor://xunit/VsTestRunner2/netcoreapp" className="ModelRelief.Test.Integration.Meshes.MeshesBaseIntegrationTests" name="Post_CanCreateNewModel" /></UnitTest><UnitTest name="GetList_ListReturnsCorrectCount" storage="d:\users\steve knipmeyer\documents\github\modelrelief\modelrelief.test\bin\debug\netcoreapp2.0\modelrelief.test.dll" id="3214d911-6293-48e6-9b37-b679d8683c2e"><Execution id="2f3f53b5-c6e4-4860-a309-a5824112a485" /><TestMethod codeBase="D:\Users\Steve Knipmeyer\Documents\GitHub\ModelRelief\ModelRelief.test\bin\Debug\netcoreapp2.0\ModelRelief.Test.dll" adapterTypeName="executor://xunit/VsTestRunner2/netcoreapp" className="ModelRelief.Test.Integration.Meshes.MeshesBaseIntegrationTests" name="GetList_ListReturnsCorrectCount" /></UnitTest><UnitTest name="GetFile_NonExistentFileReturnsNotFound" storage="d:\users\steve knipmeyer\documents\github\modelrelief\modelrelief.test\bin\debug\netcoreapp2.0\modelrelief.test.dll" id="eb9022c2-d680-4574-8001-31a039eb5838"><Execution id="2c896f04-5620-45ce-9b32-1aa417947fa9" /><TestMethod codeBase="D:\Users\Steve Knipmeyer\Documents\GitHub\ModelRelief\ModelRelief.test\bin\Debug\netcoreapp2.0\ModelRelief.Test.dll" adapterTypeName="executor://xunit/VsTestRunner2/netcoreapp" className="ModelRelief.Test.Integration.Meshes.MeshesFileIntegrationTests" name="GetFile_NonExistentFileReturnsNotFound" /></UnitTest><UnitTest name="Put_InvalidReferencePropertyReturndBadRequest" storage="d:\users\steve knipmeyer\documents\github\modelrelief\modelrelief.test\bin\debug\netcoreapp2.0\modelrelief.test.dll" id="f8ac48ab-f158-4d44-8b1f-01b126201b34"><Execution id="7f039567-8961-480e-bb1b-6e8528b13e6b" /><TestMethod codeBase="D:\Users\Steve Knipmeyer\Documents\GitHub\ModelRelief\ModelRelief.test\bin\Debug\netcoreapp2.0\ModelRelief.Test.dll" adapterTypeName="executor://xunit/VsTestRunner2/netcoreapp" className="ModelRelief.Test.Integration.Models.ModelsBaseIntegrationTests" name="Put_InvalidReferencePropertyReturndBadRequest" /></UnitTest><UnitTest name="Patch_ValidReferencePropertyUpdatesModel" storage="d:\users\steve knipmeyer\documents\github\modelrelief\modelrelief.test\bin\debug\netcoreapp2.0\modelrelief.test.dll" id="beee2d1e-6375-4a7a-b444-57eaf4e36d8d"><Execution id="998a865d-dc7d-4a35-baa1-7c5ec03be5fd" /><TestMethod codeBase="D:\Users\Steve Knipmeyer\Documents\GitHub\ModelRelief\ModelRelief.test\bin\Debug\netcoreapp2.0\ModelRelief.Test.dll" adapterTypeName="executor://xunit/VsTestRunner2/netcoreapp" className="ModelRelief.Test.Integration.Meshes.MeshesBaseIntegrationTests" name="Patch_ValidReferencePropertyUpdatesModel" /></UnitTest><UnitTest name="Patch_TargetPropertyIsUpdated" storage="d:\users\steve knipmeyer\documents\github\modelrelief\modelrelief.test\bin\debug\netcoreapp2.0\modelrelief.test.dll" id="aadf72aa-cd19-4670-85c1-064624885b26"><Execution id="c6f16cf4-b360-4fa9-97ec-2e7490bb1496" /><TestMethod codeBase="D:\Users\Steve Knipmeyer\Documents\GitHub\ModelRelief\ModelRelief.test\bin\Debug\netcoreapp2.0\ModelRelief.Test.dll" adapterTypeName="executor://xunit/VsTestRunner2/netcoreapp" className="ModelRelief.Test.Integration.DepthBuffers.DepthBuffersBaseIntegrationTests" name="Patch_TargetPropertyIsUpdated" /></UnitTest><UnitTest name="GetList_ListReturnsCorrectCount" storage="d:\users\steve knipmeyer\documents\github\modelrelief\modelrelief.test\bin\debug\netcoreapp2.0\modelrelief.test.dll" id="6f5ebdb9-a29b-4070-b13c-a71e7675e8a1"><Execution id="68da001a-c7d1-4a2e-9e35-c12f4a540c06" /><TestMethod codeBase="D:\Users\Steve Knipmeyer\Documents\GitHub\ModelRelief\ModelRelief.test\bin\Debug\netcoreapp2.0\ModelRelief.Test.dll" adapterTypeName="executor://xunit/VsTestRunner2/netcoreapp" className="ModelRelief.Test.Integration.MeshTransforms.MeshTransformsBaseIntegrationTests" name="GetList_ListReturnsCorrectCount" /></UnitTest><UnitTest name="Put_CanUpdateModel" storage="d:\users\steve knipmeyer\documents\github\modelrelief\modelrelief.test\bin\debug\netcoreapp2.0\modelrelief.test.dll" id="f6d06d7c-d8d4-47cf-8077-5c1ca4e1bf0c"><Execution id="4413557c-30ba-4681-b5a0-e73039a37581" /><TestMethod codeBase="D:\Users\Steve Knipmeyer\Documents\GitHub\ModelRelief\ModelRelief.test\bin\Debug\netcoreapp2.0\ModelRelief.Test.dll" adapterTypeName="executor://xunit/VsTestRunner2/netcoreapp" className="ModelRelief.Test.Integration.Projects.ProjectsBaseIntegrationTests" name="Put_CanUpdateModel" /></UnitTest><UnitTest name="Put_ValidReferencePropertyUpdatesModel" storage="d:\users\steve knipmeyer\documents\github\modelrelief\modelrelief.test\bin\debug\netcoreapp2.0\modelrelief.test.dll" id="b665b7b4-52cc-4f05-b3d5-21bc88d18331"><Execution id="dc01f160-904d-4e89-8b78-a801422df189" /><TestMethod codeBase="D:\Users\Steve Knipmeyer\Documents\GitHub\ModelRelief\ModelRelief.test\bin\Debug\netcoreapp2.0\ModelRelief.Test.dll" adapterTypeName="executor://xunit/VsTestRunner2/netcoreapp" className="ModelRelief.Test.Integration.Cameras.CamerasBaseIntegrationTests" name="Put_ValidReferencePropertyUpdatesModel" /></UnitTest><UnitTest name="Post_ValidReferencePropertyCreatesModel" storage="d:\users\steve knipmeyer\documents\github\modelrelief\modelrelief.test\bin\debug\netcoreapp2.0\modelrelief.test.dll" id="92b31a7a-1ec7-4073-86f8-cb11d9c37cdf"><Execution id="f821a604-1799-4648-882c-61944c5959bd" /><TestMethod codeBase="D:\Users\Steve Knipmeyer\Documents\GitHub\ModelRelief\ModelRelief.test\bin\Debug\netcoreapp2.0\ModelRelief.Test.dll" adapterTypeName="executor://xunit/VsTestRunner2/netcoreapp" className="ModelRelief.Test.Integration.Projects.ProjectsBaseIntegrationTests" name="Post_ValidReferencePropertyCreatesModel" /></UnitTest><UnitTest name="Patch_ValidReferencePropertyUpdatesModel" storage="d:\users\steve knipmeyer\documents\github\modelrelief\modelrelief.test\bin\debug\netcoreapp2.0\modelrelief.test.dll" id="f4625b40-2cc0-4984-8363-4dbc2ac2abc7"><Execution id="40817b2e-2dcc-49cb-bd49-c9964930b858" /><TestMethod codeBase="D:\Users\Steve Knipmeyer\Documents\GitHub\ModelRelief\ModelRelief.test\bin\Debug\netcoreapp2.0\ModelRelief.Test.dll" adapterTypeName="executor://xunit/VsTestRunner2/netcoreapp" className="ModelRelief.Test.Integration.MeshTransforms.MeshTransformsBaseIntegrationTests" name="Patch_ValidReferencePropertyUpdatesModel" /></UnitTest><UnitTest name="FileRequest_MeshIsInvalidatedAfterDepthBufferFileBecomesUnsynchronized" storage="d:\users\steve knipmeyer\documents\github\modelrelief\modelrelief.test\bin\debug\netcoreapp2.0\modelrelief.test.dll" id="66de4c8a-7079-463c-b22d-dbd15d531ed1"><Execution id="50eb7b3d-b026-4c2a-bf30-946a22be1bd9" /><TestMethod codeBase="D:\Users\Steve Knipmeyer\Documents\GitHub\ModelRelief\ModelRelief.test\bin\Debug\netcoreapp2.0\ModelRelief.Test.dll" adapterTypeName="executor://xunit/VsTestRunner2/netcoreapp" className="ModelRelief.Test.Integration.Meshes.MeshesFileIntegrationTests" name="FileRequest_MeshIsInvalidatedAfterDepthBufferFileBecomesUnsynchronized" /></UnitTest><UnitTest name="Patch_InvalidEnumPropertyValueReturnsBadRequest" storage="d:\users\steve knipmeyer\documents\github\modelrelief\modelrelief.test\bin\debug\netcoreapp2.0\modelrelief.test.dll" id="03e72288-daa4-4836-ab56-4da3f38740b9"><Execution id="81c26158-5210-446b-b6e7-5942d9145541" /><TestMethod codeBase="D:\Users\Steve Knipmeyer\Documents\GitHub\ModelRelief\ModelRelief.test\bin\Debug\netcoreapp2.0\ModelRelief.Test.dll" adapterTypeName="executor://xunit/VsTestRunner2/netcoreapp" className="ModelRelief.Test.Integration.DepthBuffers.DepthBuffersBaseIntegrationTests" name="Patch_InvalidEnumPropertyValueReturnsBadRequest" /></UnitTest><UnitTest name="Delete_TargetModelIsDeleted" storage="d:\users\steve knipmeyer\documents\github\modelrelief\modelrelief.test\bin\debug\netcoreapp2.0\modelrelief.test.dll" id="175d1e9c-7b1d-4e02-8486-c6ca28ef6feb"><Execution id="cb6f41f2-9bbc-4b80-9f0d-9d2388198d34" /><TestMethod codeBase="D:\Users\Steve Knipmeyer\Documents\GitHub\ModelRelief\ModelRelief.test\bin\Debug\netcoreapp2.0\ModelRelief.Test.dll" adapterTypeName="executor://xunit/VsTestRunner2/netcoreapp" className="ModelRelief.Test.Integration.MeshTransforms.MeshTransformsBaseIntegrationTests" name="Delete_TargetModelIsDeleted" /></UnitTest><UnitTest name="Patch_InvalidIdPropertyReturnsNotFound" storage="d:\users\steve knipmeyer\documents\github\modelrelief\modelrelief.test\bin\debug\netcoreapp2.0\modelrelief.test.dll" id="d3add11e-926c-4933-8303-08de3bb63423"><Execution id="09ce51f8-6de5-4f29-bde9-a19fa9a71e59" /><TestMethod codeBase="D:\Users\Steve Knipmeyer\Documents\GitHub\ModelRelief\ModelRelief.test\bin\Debug\netcoreapp2.0\ModelRelief.Test.dll" adapterTypeName="executor://xunit/VsTestRunner2/netcoreapp" className="ModelRelief.Test.Integration.Projects.ProjectsBaseIntegrationTests" name="Patch_InvalidIdPropertyReturnsNotFound" /></UnitTest><UnitTest name="Put_ValidReferencePropertyUpdatesModel" storage="d:\users\steve knipmeyer\documents\github\modelrelief\modelrelief.test\bin\debug\netcoreapp2.0\modelrelief.test.dll" id="9e5bd908-2db5-493c-b084-d70b24cecefd"><Execution id="ab0c1daa-3777-4a4b-8aa7-465a3efe1a3d" /><TestMethod codeBase="D:\Users\Steve Knipmeyer\Documents\GitHub\ModelRelief\ModelRelief.test\bin\Debug\netcoreapp2.0\ModelRelief.Test.dll" adapterTypeName="executor://xunit/VsTestRunner2/netcoreapp" className="ModelRelief.Test.Integration.Projects.ProjectsBaseIntegrationTests" name="Put_ValidReferencePropertyUpdatesModel" /></UnitTest><UnitTest name="PostFile_FileIsSynchronizedIsUpdatedAfterFileIsPosted" storage="d:\users\steve knipmeyer\documents\github\modelrelief\modelrelief.test\bin\debug\netcoreapp2.0\modelrelief.test.dll" id="a10add74-8ee0-4a75-8809-c5d9e5893947"><Execution id="cbc665de-1ad1-47ed-a838-76a9211d579a" /><TestMethod codeBase="D:\Users\Steve Knipmeyer\Documents\GitHub\ModelRelief\ModelRelief.test\bin\Debug\netcoreapp2.0\ModelRelief.Test.dll" adapterTypeName="executor://xunit/VsTestRunner2/netcoreapp" className="ModelRelief.Test.Integration.DepthBuffers.DepthBuffersFileIntegrationTests" name="PostFile_FileIsSynchronizedIsUpdatedAfterFileIsPosted" /></UnitTest><UnitTest name="Post_ValidReferencePropertyCreatesModel" storage="d:\users\steve knipmeyer\documents\github\modelrelief\modelrelief.test\bin\debug\netcoreapp2.0\modelrelief.test.dll" id="669f5c32-cfe5-4b79-acbd-14fe39f53f3a"><Execution id="55c26b20-733f-4e6e-bead-73343eec34ce" /><TestMethod codeBase="D:\Users\Steve Knipmeyer\Documents\GitHub\ModelRelief\ModelRelief.test\bin\Debug\netcoreapp2.0\ModelRelief.Test.dll" adapterTypeName="executor://xunit/VsTestRunner2/netcoreapp" className="ModelRelief.Test.Integration.MeshTransforms.MeshTransformsBaseIntegrationTests" name="Post_ValidReferencePropertyCreatesModel" /></UnitTest><UnitTest name="Patch_ValidReferencePropertyUpdatesModel" storage="d:\users\steve knipmeyer\documents\github\modelrelief\modelrelief.test\bin\debug\netcoreapp2.0\modelrelief.test.dll" id="423a8c03-2306-4ea4-9e1e-c878958c8450"><Execution id="4d7c4194-de56-45d2-9770-0eca9a1de527" /><TestMethod codeBase="D:\Users\Steve Knipmeyer\Documents\GitHub\ModelRelief\ModelRelief.test\bin\Debug\netcoreapp2.0\ModelRelief.Test.dll" adapterTypeName="executor://xunit/VsTestRunner2/netcoreapp" className="ModelRelief.Test.Integration.Projects.ProjectsBaseIntegrationTests" name="Patch_ValidReferencePropertyUpdatesModel" /></UnitTest><UnitTest name="GetSingle_InvalidIdPropertyValueReturnsNotFound" storage="d:\users\steve knipmeyer\documents\github\modelrelief\modelrelief.test\bin\debug\netcoreapp2.0\modelrelief.test.dll" id="07b196be-60cf-4cda-932e-17b6b30f539d"><Execution id="3d3ebd99-e0b6-4d7d-9bd6-227491d3c185" /><TestMethod codeBase="D:\Users\Steve Knipmeyer\Documents\GitHub\ModelRelief\ModelRelief.test\bin\Debug\netcoreapp2.0\ModelRelief.Test.dll" adapterTypeName="executor://xunit/VsTestRunner2/netcoreapp" className="ModelRelief.Test.Integration.Cameras.CamerasBaseIntegrationTests" name="GetSingle_InvalidIdPropertyValueReturnsNotFound" /></UnitTest><UnitTest name="Patch_ValidReferencePropertyUpdatesModel" storage="d:\users\steve knipmeyer\documents\github\modelrelief\modelrelief.test\bin\debug\netcoreapp2.0\modelrelief.test.dll" id="fd4e3ebc-25cf-47f5-be6a-9eefe29c8519"><Execution id="ea5541c4-313d-43eb-ae57-74cd6957dd51" /><TestMethod codeBase="D:\Users\Steve Knipmeyer\Documents\GitHub\ModelRelief\ModelRelief.test\bin\Debug\netcoreapp2.0\ModelRelief.Test.dll" adapterTypeName="executor://xunit/VsTestRunner2/netcoreapp" className="ModelRelief.Test.Integration.Models.ModelsBaseIntegrationTests" name="Patch_ValidReferencePropertyUpdatesModel" /></UnitTest><UnitTest name="Patch_InvalidEnumPropertyValueReturnsBadRequest" storage="d:\users\steve knipmeyer\documents\github\modelrelief\modelrelief.test\bin\debug\netcoreapp2.0\modelrelief.test.dll" id="2466aacc-165a-46f5-aae7-f278f1ff0341"><Execution id="07bb69cd-488d-4b1f-b7d5-fdb8995258c5" /><TestMethod codeBase="D:\Users\Steve Knipmeyer\Documents\GitHub\ModelRelief\ModelRelief.test\bin\Debug\netcoreapp2.0\ModelRelief.Test.dll" adapterTypeName="executor://xunit/VsTestRunner2/netcoreapp" className="ModelRelief.Test.Integration.Meshes.MeshesBaseIntegrationTests" name="Patch_InvalidEnumPropertyValueReturnsBadRequest" /></UnitTest><UnitTest name="Post_ValidReferencePropertyCreatesModel" storage="d:\users\steve knipmeyer\documents\github\modelrelief\modelrelief.test\bin\debug\netcoreapp2.0\modelrelief.test.dll" id="e424096b-1506-4f25-ae86-fc94a60c5550"><Execution id="8e4b2754-5a0c-4184-acf2-ec15738c0c51" /><TestMethod codeBase="D:\Users\Steve Knipmeyer\Documents\GitHub\ModelRelief\ModelRelief.test\bin\Debug\netcoreapp2.0\ModelRelief.Test.dll" adapterTypeName="executor://xunit/VsTestRunner2/netcoreapp" className="ModelRelief.Test.Integration.DepthBuffers.DepthBuffersBaseIntegrationTests" name="Post_ValidReferencePropertyCreatesModel" /></UnitTest><UnitTest name="GetFile_NonExistentFileReturnsNotFound" storage="d:\users\steve knipmeyer\documents\github\modelrelief\modelrelief.test\bin\debug\netcoreapp2.0\modelrelief.test.dll" id="726faff7-13ec-48ff-9cfe-971275a80ab0"><Execution id="0b2a77ed-a38d-408a-bc91-71d0984b1880" /><TestMethod codeBase="D:\Users\Steve Knipmeyer\Documents\GitHub\ModelRelief\ModelRelief.test\bin\Debug\netcoreapp2.0\ModelRelief.Test.dll" adapterTypeName="executor://xunit/VsTestRunner2/netcoreapp" className="ModelRelief.Test.Integration.DepthBuffers.DepthBuffersFileIntegrationTests" name="GetFile_NonExistentFileReturnsNotFound" /></UnitTest><UnitTest name="GetFile_FileCanBeRoundTripped" storage="d:\users\steve knipmeyer\documents\github\modelrelief\modelrelief.test\bin\debug\netcoreapp2.0\modelrelief.test.dll" id="e41867ed-d063-4517-95ce-c407f844a4b3"><Execution id="4cf9d31e-83e7-422b-b4ad-1d8af14b31b2" /><TestMethod codeBase="D:\Users\Steve Knipmeyer\Documents\GitHub\ModelRelief\ModelRelief.test\bin\Debug\netcoreapp2.0\ModelRelief.Test.dll" adapterTypeName="executor://xunit/VsTestRunner2/netcoreapp" className="ModelRelief.Test.Integration.Models.ModelsFileIntegrationTests" name="GetFile_FileCanBeRoundTripped" /></UnitTest><UnitTest name="Patch_InvalidReferencePropertyReturnsBadRequest" storage="d:\users\steve knipmeyer\documents\github\modelrelief\modelrelief.test\bin\debug\netcoreapp2.0\modelrelief.test.dll" id="87128a10-3885-46c6-8b3c-28557eceb7a6"><Execution id="dbb01a55-a58f-4b0d-aa2d-a88ca540b3c5" /><TestMethod codeBase="D:\Users\Steve Knipmeyer\Documents\GitHub\ModelRelief\ModelRelief.test\bin\Debug\netcoreapp2.0\ModelRelief.Test.dll" adapterTypeName="executor://xunit/VsTestRunner2/netcoreapp" className="ModelRelief.Test.Integration.Projects.ProjectsBaseIntegrationTests" name="Patch_InvalidReferencePropertyReturnsBadRequest" /></UnitTest><UnitTest name="Patch_InvalidReferencePropertyReturnsBadRequest" storage="d:\users\steve knipmeyer\documents\github\modelrelief\modelrelief.test\bin\debug\netcoreapp2.0\modelrelief.test.dll" id="e9e5459e-a23b-474d-aeb0-37db72873ded"><Execution id="f995519e-5ce6-4cef-9b49-e1d6b7b47679" /><TestMethod codeBase="D:\Users\Steve Knipmeyer\Documents\GitHub\ModelRelief\ModelRelief.test\bin\Debug\netcoreapp2.0\ModelRelief.Test.dll" adapterTypeName="executor://xunit/VsTestRunner2/netcoreapp" className="ModelRelief.Test.Integration.MeshTransforms.MeshTransformsBaseIntegrationTests" name="Patch_InvalidReferencePropertyReturnsBadRequest" /></UnitTest><UnitTest name="Post_InvalidPropertyValueReturnsBadRequest" storage="d:\users\steve knipmeyer\documents\github\modelrelief\modelrelief.test\bin\debug\netcoreapp2.0\modelrelief.test.dll" id="52c148ec-284b-4ec2-bab8-e4f6523a353f"><Execution id="c0b1bef9-07aa-4fa0-8586-e9b6f7fe71a5" /><TestMethod codeBase="D:\Users\Steve Knipmeyer\Documents\GitHub\ModelRelief\ModelRelief.test\bin\Debug\netcoreapp2.0\ModelRelief.Test.dll" adapterTypeName="executor://xunit/VsTestRunner2/netcoreapp" className="ModelRelief.Test.Integration.Cameras.CamerasBaseIntegrationTests" name="Post_InvalidPropertyValueReturnsBadRequest" /></UnitTest><UnitTest name="Put_CanUpdateModel" storage="d:\users\steve knipmeyer\documents\github\modelrelief\modelrelief.test\bin\debug\netcoreapp2.0\modelrelief.test.dll" id="5991b2f6-9b82-461c-9f55-946fc01b2e2c"><Execution id="27ef4496-4390-44fd-aa6a-a0c1a458ba46" /><TestMethod codeBase="D:\Users\Steve Knipmeyer\Documents\GitHub\ModelRelief\ModelRelief.test\bin\Debug\netcoreapp2.0\ModelRelief.Test.dll" adapterTypeName="executor://xunit/VsTestRunner2/netcoreapp" className="ModelRelief.Test.Integration.Cameras.CamerasBaseIntegrationTests" name="Put_CanUpdateModel" /></UnitTest><UnitTest name="GetList_ListReturnsCorrectCount" storage="d:\users\steve knipmeyer\documents\github\modelrelief\modelrelief.test\bin\debug\netcoreapp2.0\modelrelief.test.dll" id="0db5cb0a-f24e-4ed2-aa93-9facd23bed7a"><Execution id="77fb8024-c471-4f80-bba1-6e46619d672a" /><TestMethod codeBase="D:\Users\Steve Knipmeyer\Documents\GitHub\ModelRelief\ModelRelief.test\bin\Debug\netcoreapp2.0\ModelRelief.Test.dll" adapterTypeName="executor://xunit/VsTestRunner2/netcoreapp" className="ModelRelief.Test.Integration.Models.ModelsBaseIntegrationTests" name="GetList_ListReturnsCorrectCount" /></UnitTest><UnitTest name="Post_InvalidReferencePropertyReturnsBadRequest" storage="d:\users\steve knipmeyer\documents\github\modelrelief\modelrelief.test\bin\debug\netcoreapp2.0\modelrelief.test.dll" id="6b4b0993-6ae2-401c-88a6-c5040ab0fc9e"><Execution id="b8425318-1920-402e-a96b-98518cea253d" /><TestMethod codeBase="D:\Users\Steve Knipmeyer\Documents\GitHub\ModelRelief\ModelRelief.test\bin\Debug\netcoreapp2.0\ModelRelief.Test.dll" adapterTypeName="executor://xunit/VsTestRunner2/netcoreapp" className="ModelRelief.Test.Integration.DepthBuffers.DepthBuffersBaseIntegrationTests" name="Post_InvalidReferencePropertyReturnsBadRequest" /></UnitTest><UnitTest name="Patch_MultipleInvalidReferencePropertiesReturnsMultipleValidationErrorsAndBadRequest" storage="d:\users\steve knipmeyer\documents\github\modelrelief\modelrelief.test\bin\debug\netcoreapp2.0\modelrelief.test.dll" id="47f31a21-385f-4c4b-aec5-386cd771e5c6"><Execution id="c5520a0f-a379-489f-b843-9737904f8cfe" /><TestMethod codeBase="D:\Users\Steve Knipmeyer\Documents\GitHub\ModelRelief\ModelRelief.test\bin\Debug\netcoreapp2.0\ModelRelief.Test.dll" adapterTypeName="executor://xunit/VsTestRunner2/netcoreapp" className="ModelRelief.Test.Integration.Cameras.CamerasBaseIntegrationTests" name="Patch_MultipleInvalidReferencePropertiesReturnsMultipleValidationErrorsAndBadRequest" /></UnitTest><UnitTest name="Patch_InvalidReferencePropertyReturnsBadRequest" storage="d:\users\steve knipmeyer\documents\github\modelrelief\modelrelief.test\bin\debug\netcoreapp2.0\modelrelief.test.dll" id="7bbde70b-b3f6-48e9-8c5e-0133df0077e1"><Execution id="eda078df-e292-405a-82e1-6c0784e3ab2e" /><TestMethod codeBase="D:\Users\Steve Knipmeyer\Documents\GitHub\ModelRelief\ModelRelief.test\bin\Debug\netcoreapp2.0\ModelRelief.Test.dll" adapterTypeName="executor://xunit/VsTestRunner2/netcoreapp" className="ModelRelief.Test.Integration.Meshes.MeshesBaseIntegrationTests" name="Patch_InvalidReferencePropertyReturnsBadRequest" /></UnitTest><UnitTest name="Patch_InvalidIdPropertyReturnsNotFound" storage="d:\users\steve knipmeyer\documents\github\modelrelief\modelrelief.test\bin\debug\netcoreapp2.0\modelrelief.test.dll" id="d5694c9e-ad99-4dea-bc11-682804d513e6"><Execution id="701b3177-c121-422e-b2fe-429a5928e8f4" /><TestMethod codeBase="D:\Users\Steve Knipmeyer\Documents\GitHub\ModelRelief\ModelRelief.test\bin\Debug\netcoreapp2.0\ModelRelief.Test.dll" adapterTypeName="executor://xunit/VsTestRunner2/netcoreapp" className="ModelRelief.Test.Integration.Meshes.MeshesBaseIntegrationTests" name="Patch_InvalidIdPropertyReturnsNotFound" /></UnitTest><UnitTest name="GetSingle_InvalidIdPropertyValueReturnsNotFound" storage="d:\users\steve knipmeyer\documents\github\modelrelief\modelrelief.test\bin\debug\netcoreapp2.0\modelrelief.test.dll" id="3d4e1ce6-13cd-462b-b483-b1cf00a4e328"><Execution id="2f69b5ad-83d2-43bb-9643-e11f1bae46b5" /><TestMethod codeBase="D:\Users\Steve Knipmeyer\Documents\GitHub\ModelRelief\ModelRelief.test\bin\Debug\netcoreapp2.0\ModelRelief.Test.dll" adapterTypeName="executor://xunit/VsTestRunner2/netcoreapp" className="ModelRelief.Test.Integration.Meshes.MeshesBaseIntegrationTests" name="GetSingle_InvalidIdPropertyValueReturnsNotFound" /></UnitTest><UnitTest name="GetFile_ExistingFileReturnsSuccess" storage="d:\users\steve knipmeyer\documents\github\modelrelief\modelrelief.test\bin\debug\netcoreapp2.0\modelrelief.test.dll" id="2f22c6b3-fd15-44af-985a-3f9ce839d37e"><Execution id="7667f28b-f005-485e-a2b4-4a56f43c7af5" /><TestMethod codeBase="D:\Users\Steve Knipmeyer\Documents\GitHub\ModelRelief\ModelRelief.test\bin\Debug\netcoreapp2.0\ModelRelief.Test.dll" adapterTypeName="executor://xunit/VsTestRunner2/netcoreapp" className="ModelRelief.Test.Integration.Models.ModelsFileIntegrationTests" name="GetFile_ExistingFileReturnsSuccess" /></UnitTest><UnitTest name="LucyModel3dHasTwoDependents" storage="d:\users\steve knipmeyer\documents\github\modelrelief\modelrelief.test\bin\debug\netcoreapp2.0\modelrelief.test.dll" id="2e59be67-a73d-499b-9533-eb40e76eafbc"><Execution id="15981130-8e57-4d4f-831b-7f5b8a44fc69" /><TestMethod codeBase="D:\Users\Steve Knipmeyer\Documents\GitHub\ModelRelief\ModelRelief.test\bin\Debug\netcoreapp2.0\ModelRelief.Test.dll" adapterTypeName="executor://xunit/VsTestRunner2/netcoreapp" className="ModelRelief.Test.Unit.DependencyManager.DependencyManagerTests" name="LucyModel3dHasTwoDependents" /></UnitTest><UnitTest name="Patch_InvalidPropertyNameReturnsBadRequest" storage="d:\users\steve knipmeyer\documents\github\modelrelief\modelrelief.test\bin\debug\netcoreapp2.0\modelrelief.test.dll" id="e9652931-2b30-404f-8777-efdf02d8f6ca"><Execution id="66fa568b-f806-49b7-b892-abf355b5c77c" /><TestMethod codeBase="D:\Users\Steve Knipmeyer\Documents\GitHub\ModelRelief\ModelRelief.test\bin\Debug\netcoreapp2.0\ModelRelief.Test.dll" adapterTypeName="executor://xunit/VsTestRunner2/netcoreapp" className="ModelRelief.Test.Integration.MeshTransforms.MeshTransformsBaseIntegrationTests" name="Patch_InvalidPropertyNameReturnsBadRequest" /></UnitTest><UnitTest name="Patch_InvalidReferencePropertyReturnsBadRequest" storage="d:\users\steve knipmeyer\documents\github\modelrelief\modelrelief.test\bin\debug\netcoreapp2.0\modelrelief.test.dll" id="e0851614-3ff7-4d9e-9315-c39f3cc4ef26"><Execution id="70a3a982-1516-43e2-ada7-551ada6322e4" /><TestMethod codeBase="D:\Users\Steve Knipmeyer\Documents\GitHub\ModelRelief\ModelRelief.test\bin\Debug\netcoreapp2.0\ModelRelief.Test.dll" adapterTypeName="executor://xunit/VsTestRunner2/netcoreapp" className="ModelRelief.Test.Integration.Models.ModelsBaseIntegrationTests" name="Patch_InvalidReferencePropertyReturnsBadRequest" /></UnitTest><UnitTest name="Post_InvalidPropertyValueReturnsBadRequest" storage="d:\users\steve knipmeyer\documents\github\modelrelief\modelrelief.test\bin\debug\netcoreapp2.0\modelrelief.test.dll" id="ed7eb7ed-2dc2-415b-ae49-9ec6bcc0ac73"><Execution id="e5b9bdaa-908c-456f-b38a-532548ba2535" /><TestMethod codeBase="D:\Users\Steve Knipmeyer\Documents\GitHub\ModelRelief\ModelRelief.test\bin\Debug\netcoreapp2.0\ModelRelief.Test.dll" adapterTypeName="executor://xunit/VsTestRunner2/netcoreapp" className="ModelRelief.Test.Integration.Projects.ProjectsBaseIntegrationTests" name="Post_InvalidPropertyValueReturnsBadRequest" /></UnitTest><UnitTest name="Put_ValidReferencePropertyUpdatesModel" storage="d:\users\steve knipmeyer\documents\github\modelrelief\modelrelief.test\bin\debug\netcoreapp2.0\modelrelief.test.dll" id="d2184b1c-34d3-4575-b2ed-f039f1b2ceb5"><Execution id="82e9e8bd-c3fd-43b2-aeb5-24d151a2c375" /><TestMethod codeBase="D:\Users\Steve Knipmeyer\Documents\GitHub\ModelRelief\ModelRelief.test\bin\Debug\netcoreapp2.0\ModelRelief.Test.dll" adapterTypeName="executor://xunit/VsTestRunner2/netcoreapp" className="ModelRelief.Test.Integration.Meshes.MeshesBaseIntegrationTests" name="Put_ValidReferencePropertyUpdatesModel" /></UnitTest><UnitTest name="Post_ValidReferencePropertyCreatesModel" storage="d:\users\steve knipmeyer\documents\github\modelrelief\modelrelief.test\bin\debug\netcoreapp2.0\modelrelief.test.dll" id="705d11f3-0ecf-48f5-a165-8a17101501c5"><Execution id="919bb454-3e2b-4648-bb3a-cdfa05cf50da" /><TestMethod codeBase="D:\Users\Steve Knipmeyer\Documents\GitHub\ModelRelief\ModelRelief.test\bin\Debug\netcoreapp2.0\ModelRelief.Test.dll" adapterTypeName="executor://xunit/VsTestRunner2/netcoreapp" className="ModelRelief.Test.Integration.Models.ModelsBaseIntegrationTests" name="Post_ValidReferencePropertyCreatesModel" /></UnitTest><UnitTest name="Patch_ValidReferencePropertyUpdatesModel" storage="d:\users\steve knipmeyer\documents\github\modelrelief\modelrelief.test\bin\debug\netcoreapp2.0\modelrelief.test.dll" id="2ab5f593-a936-4e2e-8c71-62d673a8d3ad"><Execution id="74f8e07c-807e-4c5e-bf9c-0d721f3b4761" /><TestMethod codeBase="D:\Users\Steve Knipmeyer\Documents\GitHub\ModelRelief\ModelRelief.test\bin\Debug\netcoreapp2.0\ModelRelief.Test.dll" adapterTypeName="executor://xunit/VsTestRunner2/netcoreapp" className="ModelRelief.Test.Integration.DepthBuffers.DepthBuffersBaseIntegrationTests" name="Patch_ValidReferencePropertyUpdatesModel" /></UnitTest><UnitTest name="Patch_InvalidPropertyNameReturnsBadRequest" storage="d:\users\steve knipmeyer\documents\github\modelrelief\modelrelief.test\bin\debug\netcoreapp2.0\modelrelief.test.dll" id="745e93bb-e1e8-453f-bda2-77f3dea56938"><Execution id="c8e828b6-c0f0-4793-8ab1-7b083902c719" /><TestMethod codeBase="D:\Users\Steve Knipmeyer\Documents\GitHub\ModelRelief\ModelRelief.test\bin\Debug\netcoreapp2.0\ModelRelief.Test.dll" adapterTypeName="executor://xunit/VsTestRunner2/netcoreapp" className="ModelRelief.Test.Integration.Cameras.CamerasBaseIntegrationTests" name="Patch_InvalidPropertyNameReturnsBadRequest" /></UnitTest><UnitTest name="Post_ValidReferencePropertyCreatesModel" storage="d:\users\steve knipmeyer\documents\github\modelrelief\modelrelief.test\bin\debug\netcoreapp2.0\modelrelief.test.dll" id="97fd0f8a-c7d1-4420-9233-2efdc4d175e7"><Execution id="88b827d3-f4f4-4aea-9736-867a991c01cb" /><TestMethod codeBase="D:\Users\Steve Knipmeyer\Documents\GitHub\ModelRelief\ModelRelief.test\bin\Debug\netcoreapp2.0\ModelRelief.Test.dll" adapterTypeName="executor://xunit/VsTestRunner2/netcoreapp" className="ModelRelief.Test.Integration.Cameras.CamerasBaseIntegrationTests" name="Post_ValidReferencePropertyCreatesModel" /></UnitTest><UnitTest name="FileRequest_DepthBufferIsInvalidatedAfterCameraDependencyPropertyChange" storage="d:\users\steve knipmeyer\documents\github\modelrelief\modelrelief.test\bin\debug\netcoreapp2.0\modelrelief.test.dll" id="9b12bb79-efed-4d3e-b5a8-a142272d675a"><Execution id="e1950b4a-57d1-4187-a719-ab33aeeb331e" /><TestMethod codeBase="D:\Users\Steve Knipmeyer\Documents\GitHub\ModelRelief\ModelRelief.test\bin\Debug\netcoreapp2.0\ModelRelief.Test.dll" adapterTypeName="executor://xunit/VsTestRunner2/netcoreapp" className="ModelRelief.Test.Integration.DepthBuffers.DepthBuffersFileIntegrationTests" name="FileRequest_DepthBufferIsInvalidatedAfterCameraDependencyPropertyChange" /></UnitTest><UnitTest name="Delete_TargetModelIsDeleted" storage="d:\users\steve knipmeyer\documents\github\modelrelief\modelrelief.test\bin\debug\netcoreapp2.0\modelrelief.test.dll" id="66f93f3d-a0b7-480f-9982-005f840d0ee8"><Execution id="ee672538-e061-4175-a28a-0955024dbdd5" /><TestMethod codeBase="D:\Users\Steve Knipmeyer\Documents\GitHub\ModelRelief\ModelRelief.test\bin\Debug\netcoreapp2.0\ModelRelief.Test.dll" adapterTypeName="executor://xunit/VsTestRunner2/netcoreapp" className="ModelRelief.Test.Integration.Cameras.CamerasBaseIntegrationTests" name="Delete_TargetModelIsDeleted" /></UnitTest><UnitTest name="GetSingle_ValidIdPropertyValueReturnsCorrectModel" storage="d:\users\steve knipmeyer\documents\github\modelrelief\modelrelief.test\bin\debug\netcoreapp2.0\modelrelief.test.dll" id="37d24d81-704b-4f6c-a4f3-791d771285c4"><Execution id="3c347f07-b946-49d5-a13d-1b44acb91ee8" /><TestMethod codeBase="D:\Users\Steve Knipmeyer\Documents\GitHub\ModelRelief\ModelRelief.test\bin\Debug\netcoreapp2.0\ModelRelief.Test.dll" adapterTypeName="executor://xunit/VsTestRunner2/netcoreapp" className="ModelRelief.Test.Integration.Meshes.MeshesBaseIntegrationTests" name="GetSingle_ValidIdPropertyValueReturnsCorrectModel" /></UnitTest><UnitTest name="Put_CanUpdateModel" storage="d:\users\steve knipmeyer\documents\github\modelrelief\modelrelief.test\bin\debug\netcoreapp2.0\modelrelief.test.dll" id="24b6af15-7db1-4699-a8d4-af6bb427be64"><Execution id="c3a04422-e040-415a-8898-d170f2f7d40f" /><TestMethod codeBase="D:\Users\Steve Knipmeyer\Documents\GitHub\ModelRelief\ModelRelief.test\bin\Debug\netcoreapp2.0\ModelRelief.Test.dll" adapterTypeName="executor://xunit/VsTestRunner2/netcoreapp" className="ModelRelief.Test.Integration.DepthBuffers.DepthBuffersBaseIntegrationTests" name="Put_CanUpdateModel" /></UnitTest><UnitTest name="Patch_InvalidIdPropertyReturnsNotFound" storage="d:\users\steve knipmeyer\documents\github\modelrelief\modelrelief.test\bin\debug\netcoreapp2.0\modelrelief.test.dll" id="cbdd3170-b3d6-4186-8f88-89ca9de1da8f"><Execution id="30017117-6c85-4b17-a4d6-25d80028bbb5" /><TestMethod codeBase="D:\Users\Steve Knipmeyer\Documents\GitHub\ModelRelief\ModelRelief.test\bin\Debug\netcoreapp2.0\ModelRelief.Test.dll" adapterTypeName="executor://xunit/VsTestRunner2/netcoreapp" className="ModelRelief.Test.Integration.DepthBuffers.DepthBuffersBaseIntegrationTests" name="Patch_InvalidIdPropertyReturnsNotFound" /></UnitTest><UnitTest name="Post_InvalidPropertyValueReturnsBadRequest" storage="d:\users\steve knipmeyer\documents\github\modelrelief\modelrelief.test\bin\debug\netcoreapp2.0\modelrelief.test.dll" id="655e0d16-db9d-4e7b-bb1e-128a0b1f751e"><Execution id="6b20e9b0-3390-46f6-a7b6-0ae6f146cd58" /><TestMethod codeBase="D:\Users\Steve Knipmeyer\Documents\GitHub\ModelRelief\ModelRelief.test\bin\Debug\netcoreapp2.0\ModelRelief.Test.dll" adapterTypeName="executor://xunit/VsTestRunner2/netcoreapp" className="ModelRelief.Test.Integration.Meshes.MeshesBaseIntegrationTests" name="Post_InvalidPropertyValueReturnsBadRequest" /></UnitTest><UnitTest name="PostFile_FileTimeStampIsUpdatedAfterFileIsPosted" storage="d:\users\steve knipmeyer\documents\github\modelrelief\modelrelief.test\bin\debug\netcoreapp2.0\modelrelief.test.dll" id="859076ae-a44f-49c7-97bf-1f8ed18e2b9b"><Execution id="06f1d598-c616-4dc7-85a2-44cf0067a69a" /><TestMethod codeBase="D:\Users\Steve Knipmeyer\Documents\GitHub\ModelRelief\ModelRelief.test\bin\Debug\netcoreapp2.0\ModelRelief.Test.dll" adapterTypeName="executor://xunit/VsTestRunner2/netcoreapp" className="ModelRelief.Test.Integration.DepthBuffers.DepthBuffersFileIntegrationTests" name="PostFile_FileTimeStampIsUpdatedAfterFileIsPosted" /></UnitTest><UnitTest name="Patch_InvalidIdPropertyReturnsNotFound" storage="d:\users\steve knipmeyer\documents\github\modelrelief\modelrelief.test\bin\debug\netcoreapp2.0\modelrelief.test.dll" id="55b81236-e15c-43bb-8382-eda29d746fea"><Execution id="71c72bb2-c0d3-4acf-8e97-422957724173" /><TestMethod codeBase="D:\Users\Steve Knipmeyer\Documents\GitHub\ModelRelief\ModelRelief.test\bin\Debug\netcoreapp2.0\ModelRelief.Test.dll" adapterTypeName="executor://xunit/VsTestRunner2/netcoreapp" className="ModelRelief.Test.Integration.Models.ModelsBaseIntegrationTests" name="Patch_InvalidIdPropertyReturnsNotFound" /></UnitTest><UnitTest name="GetFile_FileCanBeRoundTripped" storage="d:\users\steve knipmeyer\documents\github\modelrelief\modelrelief.test\bin\debug\netcoreapp2.0\modelrelief.test.dll" id="fbdcdc63-2b4b-4052-9a6c-a5b76e869946"><Execution id="0ddd429d-a91d-4c3f-a8cc-1f44d4572568" /><TestMethod codeBase="D:\Users\Steve Knipmeyer\Documents\GitHub\ModelRelief\ModelRelief.test\bin\Debug\netcoreapp2.0\ModelRelief.Test.dll" adapterTypeName="executor://xunit/VsTestRunner2/netcoreapp" className="ModelRelief.Test.Integration.DepthBuffers.DepthBuffersFileIntegrationTests" name="GetFile_FileCanBeRoundTripped" /></UnitTest><UnitTest name="Put_InvalidIdReturnsNotFound" storage="d:\users\steve knipmeyer\documents\github\modelrelief\modelrelief.test\bin\debug\netcoreapp2.0\modelrelief.test.dll" id="e10fd848-be25-453e-9e77-024b068d2518"><Execution id="91722547-e619-47fb-b54f-c90d1eed0344" /><TestMethod codeBase="D:\Users\Steve Knipmeyer\Documents\GitHub\ModelRelief\ModelRelief.test\bin\Debug\netcoreapp2.0\ModelRelief.Test.dll" adapterTypeName="executor://xunit/VsTestRunner2/netcoreapp" className="ModelRelief.Test.Integration.MeshTransforms.MeshTransformsBaseIntegrationTests" name="Put_InvalidIdReturnsNotFound" /></UnitTest><UnitTest name="Put_InvalidIdReturnsNotFound" storage="d:\users\steve knipmeyer\documents\github\modelrelief\modelrelief.test\bin\debug\netcoreapp2.0\modelrelief.test.dll" id="f4c7f2ad-00ba-44ab-a3e0-31fb16131fe4"><Execution id="137314fd-9e63-440f-9154-ef8b9d71f6c8" /><TestMethod codeBase="D:\Users\Steve Knipmeyer\Documents\GitHub\ModelRelief\ModelRelief.test\bin\Debug\netcoreapp2.0\ModelRelief.Test.dll" adapterTypeName="executor://xunit/VsTestRunner2/netcoreapp" className="ModelRelief.Test.Integration.DepthBuffers.DepthBuffersBaseIntegrationTests" name="Put_InvalidIdReturnsNotFound" /></UnitTest><UnitTest name="Post_InvalidPropertyValueReturnsBadRequest" storage="d:\users\steve knipmeyer\documents\github\modelrelief\modelrelief.test\bin\debug\netcoreapp2.0\modelrelief.test.dll" id="4e950ecc-78d0-44a4-8c54-2bc0f4350dc3"><Execution id="fc68db2d-48cb-44e9-8922-9df234e62a38" /><TestMethod codeBase="D:\Users\Steve Knipmeyer\Documents\GitHub\ModelRelief\ModelRelief.test\bin\Debug\netcoreapp2.0\ModelRelief.Test.dll" adapterTypeName="executor://xunit/VsTestRunner2/netcoreapp" className="ModelRelief.Test.Integration.MeshTransforms.MeshTransformsBaseIntegrationTests" name="Post_InvalidPropertyValueReturnsBadRequest" /></UnitTest><UnitTest name="Post_CanCreateNewModel" storage="d:\users\steve knipmeyer\documents\github\modelrelief\modelrelief.test\bin\debug\netcoreapp2.0\modelrelief.test.dll" id="aa131306-9a3c-4e1b-b288-349453ee9476"><Execution id="22a333b0-b033-40b8-94d0-130c51e16c71" /><TestMethod codeBase="D:\Users\Steve Knipmeyer\Documents\GitHub\ModelRelief\ModelRelief.test\bin\Debug\netcoreapp2.0\ModelRelief.Test.dll" adapterTypeName="executor://xunit/VsTestRunner2/netcoreapp" className="ModelRelief.Test.Integration.Projects.ProjectsBaseIntegrationTests" name="Post_CanCreateNewModel" /></UnitTest><UnitTest name="Patch_TargetPropertyIsUpdated" storage="d:\users\steve knipmeyer\documents\github\modelrelief\modelrelief.test\bin\debug\netcoreapp2.0\modelrelief.test.dll" id="70b20929-8b6d-4325-b60e-74e15b3611d8"><Execution id="f29e4c02-6d82-4848-b617-9eefadbe7563" /><TestMethod codeBase="D:\Users\Steve Knipmeyer\Documents\GitHub\ModelRelief\ModelRelief.test\bin\Debug\netcoreapp2.0\ModelRelief.Test.dll" adapterTypeName="executor://xunit/VsTestRunner2/netcoreapp" className="ModelRelief.Test.Integration.MeshTransforms.MeshTransformsBaseIntegrationTests" name="Patch_TargetPropertyIsUpdated" /></UnitTest></TestDefinitions><TestEntries><TestEntry testId="d9ed553d-6e10-46e7-be89-1eca6ab5c05c" executionId="0d69b7e4-da81-4f7b-b308-7a7d298cf370" testListId="8c84fa94-04c1-424b-9868-57a2d4851a1d" /><TestEntry testId="c9ba3d93-8dce-48cf-a611-c8f93957f523" executionId="de940233-3902-4248-8954-5a8e00c9e7ab" testListId="8c84fa94-04c1-424b-9868-57a2d4851a1d" /><TestEntry testId="e424096b-1506-4f25-ae86-fc94a60c5550" executionId="8e4b2754-5a0c-4184-acf2-ec15738c0c51" testListId="8c84fa94-04c1-424b-9868-57a2d4851a1d" /><TestEntry testId="81f4ea84-b360-4bd5-900a-3be41b4cc8e0" executionId="7ba72c77-3af5-4069-b516-64c403bb24f4" testListId="8c84fa94-04c1-424b-9868-57a2d4851a1d" /><TestEntry testId="2a42914d-6e36-46d6-9c85-1598a6c60299" executionId="35d0eb35-6e58-4b05-9366-ac2a2849cff4" testListId="8c84fa94-04c1-424b-9868-57a2d4851a1d" /><TestEntry testId="d01b5bab-9ab1-4a49-adb3-1d7400fd73ab" executionId="d212c606-19ac-432e-b871-75b48538827c" testListId="8c84fa94-04c1-424b-9868-57a2d4851a1d" /><TestEntry testId="beee2d1e-6375-4a7a-b444-57eaf4e36d8d" executionId="998a865d-dc7d-4a35-baa1-7c5ec03be5fd" testListId="8c84fa94-04c1-424b-9868-57a2d4851a1d" /><TestEntry testId="4fb7084d-2cba-4e1a-ae10-30824e06af16" executionId="22d78bf7-1ae3-4bb6-8199-85da864aa65b" testListId="8c84fa94-04c1-424b-9868-57a2d4851a1d" /><TestEntry testId="220647f5-ead9-404f-ae99-63b5eede9492" executionId="7c058f84-ba73-4f7d-83b2-a01261a749ac" testListId="8c84fa94-04c1-424b-9868-57a2d4851a1d" /><TestEntry testId="e253d98d-5e4f-407b-826f-5a54e3277e8d" executionId="4e50864b-92a1-415e-a44d-3e74c602495a" testListId="8c84fa94-04c1-424b-9868-57a2d4851a1d" /><TestEntry testId="66de4c8a-7079-463c-b22d-dbd15d531ed1" executionId="50eb7b3d-b026-4c2a-bf30-946a22be1bd9" testListId="8c84fa94-04c1-424b-9868-57a2d4851a1d" /><TestEntry testId="8c87d1bd-4199-4f7c-9a7a-612005409f69" executionId="6e081abd-455a-42a5-b57e-5a0f9cd73db9" testListId="8c84fa94-04c1-424b-9868-57a2d4851a1d" /><TestEntry testId="9c2c4327-5dfe-46e5-a34e-ba034433fcdd" executionId="3a70b3f5-5c00-4ee2-8e4a-3e847158b1d9" testListId="8c84fa94-04c1-424b-9868-57a2d4851a1d" /><TestEntry testId="e10fd848-be25-453e-9e77-024b068d2518" executionId="91722547-e619-47fb-b54f-c90d1eed0344" testListId="8c84fa94-04c1-424b-9868-57a2d4851a1d" /><TestEntry testId="498cf4c2-ce7c-4877-9953-cbdd2d799475" executionId="379557ef-fd02-4b0d-925d-e009a4649fd7" testListId="8c84fa94-04c1-424b-9868-57a2d4851a1d" /><TestEntry testId="e0851614-3ff7-4d9e-9315-c39f3cc4ef26" executionId="70a3a982-1516-43e2-ada7-551ada6322e4" testListId="8c84fa94-04c1-424b-9868-57a2d4851a1d" /><TestEntry testId="5ef337dd-b990-42be-94ac-b759a9a2c1f1" executionId="0b0cee11-a444-4003-ad51-c0bcd77358c5" testListId="8c84fa94-04c1-424b-9868-57a2d4851a1d" /><TestEntry testId="9c98acb7-019b-402c-8c1b-72c32baf713d" executionId="6c5ee6b6-53c4-4dfe-be5a-38d477c52bb7" testListId="8c84fa94-04c1-424b-9868-57a2d4851a1d" /><TestEntry testId="92b31a7a-1ec7-4073-86f8-cb11d9c37cdf" executionId="f821a604-1799-4648-882c-61944c5959bd" testListId="8c84fa94-04c1-424b-9868-57a2d4851a1d" /><TestEntry testId="3f4a3f4f-06d2-4931-be40-e4bab8fdd432" executionId="b2c778ba-80d8-4f58-9ae5-cf2ccba7dbf4" testListId="8c84fa94-04c1-424b-9868-57a2d4851a1d" /><TestEntry testId="a2849076-0a76-43ba-822c-cf1c311340f7" executionId="e31b535f-5067-424d-953e-89d45a15d821" testListId="8c84fa94-04c1-424b-9868-57a2d4851a1d" /><TestEntry testId="5991b2f6-9b82-461c-9f55-946fc01b2e2c" executionId="27ef4496-4390-44fd-aa6a-a0c1a458ba46" testListId="8c84fa94-04c1-424b-9868-57a2d4851a1d" /><TestEntry testId="572ab3c7-9617-4ccb-8650-c918b64a9d92" executionId="79ffeb7a-fc03-4b03-b7dd-746c33e64af8" testListId="8c84fa94-04c1-424b-9868-57a2d4851a1d" /><TestEntry testId="3428b65a-3a52-41c5-bfea-cfd5c68f2bc2" executionId="cb50eeb6-5142-4e79-a860-1fc6533579a4" testListId="8c84fa94-04c1-424b-9868-57a2d4851a1d" /><TestEntry testId="3f6fd7e7-f897-4bb7-8d95-21dc31868407" executionId="083ae4ea-d125-40b0-b75a-26b4661c0538" testListId="8c84fa94-04c1-424b-9868-57a2d4851a1d" /><TestEntry testId="e9e5459e-a23b-474d-aeb0-37db72873ded" executionId="f995519e-5ce6-4cef-9b49-e1d6b7b47679" testListId="8c84fa94-04c1-424b-9868-57a2d4851a1d" /><TestEntry testId="8b3d4bd9-a34c-4af2-861b-35a059380746" executionId="edae5da3-e63f-446e-8cd3-53d7a9173f44" testListId="8c84fa94-04c1-424b-9868-57a2d4851a1d" /><TestEntry testId="57824ab7-4822-4504-ad81-58f6d05094d5" executionId="4667a8af-e404-4830-8dcf-47c653eea382" testListId="8c84fa94-04c1-424b-9868-57a2d4851a1d" /><TestEntry testId="50626985-8c28-441c-b4ea-f69b2102d21c" executionId="de320052-21ac-42c4-bd34-1afc56c726fa" testListId="8c84fa94-04c1-424b-9868-57a2d4851a1d" /><TestEntry testId="0ada5b32-6fd6-484a-8f38-656d0553bb73" executionId="6d54cc9e-6b23-400d-9479-e48aa313e190" testListId="8c84fa94-04c1-424b-9868-57a2d4851a1d" /><TestEntry testId="22625df0-ddbd-4952-b1c4-389963328d31" executionId="04458806-3629-47ee-b32b-d723bcaf30d3" testListId="8c84fa94-04c1-424b-9868-57a2d4851a1d" /><TestEntry testId="407e4ac7-6e16-4247-9858-721631e4eae0" executionId="c8c5f422-27ce-4c3c-a24a-5ff81d2cc65f" testListId="8c84fa94-04c1-424b-9868-57a2d4851a1d" /><TestEntry testId="726faff7-13ec-48ff-9cfe-971275a80ab0" executionId="0b2a77ed-a38d-408a-bc91-71d0984b1880" testListId="8c84fa94-04c1-424b-9868-57a2d4851a1d" /><TestEntry testId="0db5cb0a-f24e-4ed2-aa93-9facd23bed7a" executionId="77fb8024-c471-4f80-bba1-6e46619d672a" testListId="8c84fa94-04c1-424b-9868-57a2d4851a1d" /><TestEntry testId="2466aacc-165a-46f5-aae7-f278f1ff0341" executionId="07bb69cd-488d-4b1f-b7d5-fdb8995258c5" testListId="8c84fa94-04c1-424b-9868-57a2d4851a1d" /><TestEntry testId="bb075cf1-c5de-4b70-9e56-915fe2d5dba5" executionId="570a8f94-1327-486b-aa49-dd5434916783" testListId="8c84fa94-04c1-424b-9868-57a2d4851a1d" /><TestEntry testId="423a8c03-2306-4ea4-9e1e-c878958c8450" executionId="4d7c4194-de56-45d2-9770-0eca9a1de527" testListId="8c84fa94-04c1-424b-9868-57a2d4851a1d" /><TestEntry testId="0638c05e-65e1-4e50-9364-07f36142792a" executionId="da5fa47e-ca3e-4764-96b1-5fc8b198dbc8" testListId="8c84fa94-04c1-424b-9868-57a2d4851a1d" /><TestEntry testId="cc472a4a-027e-4839-bf27-a01e1d250139" executionId="0b4250b6-db74-464a-a588-180a7d91dcc3" testListId="8c84fa94-04c1-424b-9868-57a2d4851a1d" /><TestEntry testId="f8ac48ab-f158-4d44-8b1f-01b126201b34" executionId="7f039567-8961-480e-bb1b-6e8528b13e6b" testListId="8c84fa94-04c1-424b-9868-57a2d4851a1d" /><TestEntry testId="2ab5f593-a936-4e2e-8c71-62d673a8d3ad" executionId="74f8e07c-807e-4c5e-bf9c-0d721f3b4761" testListId="8c84fa94-04c1-424b-9868-57a2d4851a1d" /><TestEntry testId="03e72288-daa4-4836-ab56-4da3f38740b9" executionId="81c26158-5210-446b-b6e7-5942d9145541" testListId="8c84fa94-04c1-424b-9868-57a2d4851a1d" /><TestEntry testId="eb9022c2-d680-4574-8001-31a039eb5838" executionId="2c896f04-5620-45ce-9b32-1aa417947fa9" testListId="8c84fa94-04c1-424b-9868-57a2d4851a1d" /><TestEntry testId="f04885e3-30ce-4550-b919-8b4e9b8a8cd1" executionId="f54c4406-ac49-41c9-be0d-78a5b6fdaaaa" testListId="8c84fa94-04c1-424b-9868-57a2d4851a1d" /><TestEntry testId="859076ae-a44f-49c7-97bf-1f8ed18e2b9b" executionId="06f1d598-c616-4dc7-85a2-44cf0067a69a" testListId="8c84fa94-04c1-424b-9868-57a2d4851a1d" /><TestEntry testId="7fb121f6-2725-43aa-9c98-82f676d319b5" executionId="43275d07-38da-44bc-bf8e-3c224fb06157" testListId="8c84fa94-04c1-424b-9868-57a2d4851a1d" /><TestEntry testId="2f22c6b3-fd15-44af-985a-3f9ce839d37e" executionId="7667f28b-f005-485e-a2b4-4a56f43c7af5" testListId="8c84fa94-04c1-424b-9868-57a2d4851a1d" /><TestEntry testId="3214d911-6293-48e6-9b37-b679d8683c2e" executionId="2f3f53b5-c6e4-4860-a309-a5824112a485" testListId="8c84fa94-04c1-424b-9868-57a2d4851a1d" /><TestEntry testId="6f5ebdb9-a29b-4070-b13c-a71e7675e8a1" executionId="68da001a-c7d1-4a2e-9e35-c12f4a540c06" testListId="8c84fa94-04c1-424b-9868-57a2d4851a1d" /><TestEntry testId="5f5e6894-fc5a-45cc-a6d2-88b4b55be80b" executionId="c0268df8-eaa9-47b6-ae5d-835ed4a7d989" testListId="8c84fa94-04c1-424b-9868-57a2d4851a1d" /><TestEntry testId="640d0313-94db-43ad-8f10-ea6c4f174aa9" executionId="26009c3d-9f0e-4d1c-867a-41ebc9e0b4f1" testListId="8c84fa94-04c1-424b-9868-57a2d4851a1d" /><TestEntry testId="2e59be67-a73d-499b-9533-eb40e76eafbc" executionId="15981130-8e57-4d4f-831b-7f5b8a44fc69" testListId="8c84fa94-04c1-424b-9868-57a2d4851a1d" /><TestEntry testId="25d696ca-35c8-45d8-a1f1-e3b9b66df6ad" executionId="68955b89-167e-41d6-baa0-1d0f644b73e9" testListId="8c84fa94-04c1-424b-9868-57a2d4851a1d" /><TestEntry testId="87128a10-3885-46c6-8b3c-28557eceb7a6" executionId="dbb01a55-a58f-4b0d-aa2d-a88ca540b3c5" testListId="8c84fa94-04c1-424b-9868-57a2d4851a1d" /><TestEntry testId="2e8ab631-d682-426d-a9fc-5ee19c848ea1" executionId="990c86ab-238e-4356-bddc-e25e2bf9d826" testListId="8c84fa94-04c1-424b-9868-57a2d4851a1d" /><TestEntry testId="7e98a8ee-8396-44d8-9b6b-d92c38d706b9" executionId="1d9d140b-a6c7-4803-bc6c-cfb39b09a9b1" testListId="8c84fa94-04c1-424b-9868-57a2d4851a1d" /><TestEntry testId="175d1e9c-7b1d-4e02-8486-c6ca28ef6feb" executionId="cb6f41f2-9bbc-4b80-9f0d-9d2388198d34" testListId="8c84fa94-04c1-424b-9868-57a2d4851a1d" /><TestEntry testId="e40773fd-abd6-4459-8a55-dd39dc76f4f2" executionId="ed2a3dd1-2690-41c0-8daa-b95a0683cf18" testListId="8c84fa94-04c1-424b-9868-57a2d4851a1d" /><TestEntry testId="a092968e-06ec-45a9-9021-d8597dd88407" executionId="9d53fa34-4f51-4735-90c1-bb5e691458d6" testListId="8c84fa94-04c1-424b-9868-57a2d4851a1d" /><TestEntry testId="d3add11e-926c-4933-8303-08de3bb63423" executionId="09ce51f8-6de5-4f29-bde9-a19fa9a71e59" testListId="8c84fa94-04c1-424b-9868-57a2d4851a1d" /><TestEntry testId="cfedc3f6-c96f-4ac5-9041-fe64506e2b7f" executionId="e703a3f8-33df-49bd-b254-b30bc1b0423c" testListId="8c84fa94-04c1-424b-9868-57a2d4851a1d" /><TestEntry testId="8f8939fb-6ccd-485e-9a25-cf773a8cd2d3" executionId="5e392ab0-216f-40ce-8181-413459c79aaa" testListId="8c84fa94-04c1-424b-9868-57a2d4851a1d" /><TestEntry testId="0a1eac3c-c974-4d7c-ac23-1da33336576d" executionId="9b429bdd-94f1-4764-9863-9a7cdd1d646d" testListId="8c84fa94-04c1-424b-9868-57a2d4851a1d" /><TestEntry testId="70b20929-8b6d-4325-b60e-74e15b3611d8" executionId="f29e4c02-6d82-4848-b617-9eefadbe7563" testListId="8c84fa94-04c1-424b-9868-57a2d4851a1d" /><TestEntry testId="3d4e1ce6-13cd-462b-b483-b1cf00a4e328" executionId="2f69b5ad-83d2-43bb-9643-e11f1bae46b5" testListId="8c84fa94-04c1-424b-9868-57a2d4851a1d" /><TestEntry testId="705d11f3-0ecf-48f5-a165-8a17101501c5" executionId="919bb454-3e2b-4648-bb3a-cdfa05cf50da" testListId="8c84fa94-04c1-424b-9868-57a2d4851a1d" /><TestEntry testId="f6d06d7c-d8d4-47cf-8077-5c1ca4e1bf0c" executionId="4413557c-30ba-4681-b5a0-e73039a37581" testListId="8c84fa94-04c1-424b-9868-57a2d4851a1d" /><TestEntry testId="90c72467-35fc-4488-98cb-e6590da3e4cc" executionId="e898e8b1-a638-4eb8-9108-6e8feede1e72" testListId="8c84fa94-04c1-424b-9868-57a2d4851a1d" /><TestEntry testId="f4625b40-2cc0-4984-8363-4dbc2ac2abc7" executionId="40817b2e-2dcc-49cb-bd49-c9964930b858" testListId="8c84fa94-04c1-424b-9868-57a2d4851a1d" /><TestEntry testId="f5a9afab-901e-4fa3-a992-632ca870a7ad" executionId="33769fca-a4be-461b-b71e-f0e7d74b2dd6" testListId="8c84fa94-04c1-424b-9868-57a2d4851a1d" /><TestEntry testId="10ce9313-b679-4fd7-8cdf-35127211b712" executionId="974e622a-b580-447b-993e-9976b6af5602" testListId="8c84fa94-04c1-424b-9868-57a2d4851a1d" /><TestEntry testId="66f93f3d-a0b7-480f-9982-005f840d0ee8" executionId="ee672538-e061-4175-a28a-0955024dbdd5" testListId="8c84fa94-04c1-424b-9868-57a2d4851a1d" /><TestEntry testId="9bcc90a4-3b19-46fd-bbff-777342b4922a" executionId="481d3084-fc80-40e5-bb62-994cd4e3cfda" testListId="8c84fa94-04c1-424b-9868-57a2d4851a1d" /><TestEntry testId="e9652931-2b30-404f-8777-efdf02d8f6ca" executionId="66fa568b-f806-49b7-b892-abf355b5c77c" testListId="8c84fa94-04c1-424b-9868-57a2d4851a1d" /><TestEntry testId="6a86728a-3041-48d3-b9e1-f056583f728a" executionId="96dde54d-e1a7-4542-979f-78c1e941a156" testListId="8c84fa94-04c1-424b-9868-57a2d4851a1d" /><TestEntry testId="5ce8e543-c543-44df-9aa2-3103d26b2da7" executionId="4a92e196-3c0b-4b1a-968a-e1daacdc6275" testListId="8c84fa94-04c1-424b-9868-57a2d4851a1d" /><TestEntry testId="97fd0f8a-c7d1-4420-9233-2efdc4d175e7" executionId="88b827d3-f4f4-4aea-9736-867a991c01cb" testListId="8c84fa94-04c1-424b-9868-57a2d4851a1d" /><TestEntry testId="a47356c9-204c-45e7-9468-5ea619f73705" executionId="96e3d3fc-cc24-440a-b26d-d3f889833718" testListId="8c84fa94-04c1-424b-9868-57a2d4851a1d" /><TestEntry testId="a6cc0051-e197-4b6f-82b6-983b0a678381" executionId="f1748831-6a37-49f9-adba-2e81513e7405" testListId="8c84fa94-04c1-424b-9868-57a2d4851a1d" /><TestEntry testId="55b81236-e15c-43bb-8382-eda29d746fea" executionId="71c72bb2-c0d3-4acf-8e97-422957724173" testListId="8c84fa94-04c1-424b-9868-57a2d4851a1d" /><TestEntry testId="28164e10-d3cf-40d2-9d77-f09947b00ad9" executionId="6b0e78a6-3372-45aa-9d90-b4880b56047e" testListId="8c84fa94-04c1-424b-9868-57a2d4851a1d" /><TestEntry testId="669f5c32-cfe5-4b79-acbd-14fe39f53f3a" executionId="55c26b20-733f-4e6e-bead-73343eec34ce" testListId="8c84fa94-04c1-424b-9868-57a2d4851a1d" /><TestEntry testId="fd4e3ebc-25cf-47f5-be6a-9eefe29c8519" executionId="ea5541c4-313d-43eb-ae57-74cd6957dd51" testListId="8c84fa94-04c1-424b-9868-57a2d4851a1d" /><TestEntry testId="857d24df-5e93-4001-8569-d495162b29cc" executionId="ad1f1463-0b26-494b-b556-724e2d1d0fce" testListId="8c84fa94-04c1-424b-9868-57a2d4851a1d" /><TestEntry testId="59e03209-7de6-4136-9a37-8939f26384e1" executionId="40cf2808-fc7a-43f2-bd2f-d4ddd9b6a05e" testListId="8c84fa94-04c1-424b-9868-57a2d4851a1d" /><TestEntry testId="ce5ee54c-d6af-41f9-82ca-d40822460c21" executionId="ade3f423-3c17-4b38-861f-70fae41adf33" testListId="8c84fa94-04c1-424b-9868-57a2d4851a1d" /><TestEntry testId="13242473-bad3-45dd-9413-de98638cfa82" executionId="b0277c96-72ca-4653-b9c9-e6fc5c4f3c24" testListId="8c84fa94-04c1-424b-9868-57a2d4851a1d" /><TestEntry testId="d7be78f9-a126-4d58-ad4e-24bb8090b3fd" executionId="cb4e4166-693d-4132-b4c3-237dce13c827" testListId="8c84fa94-04c1-424b-9868-57a2d4851a1d" /><TestEntry testId="6d4f2cf4-b455-41f8-b47f-eefa8d92d5a9" executionId="4635ec57-8af7-47b8-b62f-7c6eebf4176e" testListId="8c84fa94-04c1-424b-9868-57a2d4851a1d" /><TestEntry testId="655e0d16-db9d-4e7b-bb1e-128a0b1f751e" executionId="6b20e9b0-3390-46f6-a7b6-0ae6f146cd58" testListId="8c84fa94-04c1-424b-9868-57a2d4851a1d" /><TestEntry testId="ed7eb7ed-2dc2-415b-ae49-9ec6bcc0ac73" executionId="e5b9bdaa-908c-456f-b38a-532548ba2535" testListId="8c84fa94-04c1-424b-9868-57a2d4851a1d" /><TestEntry testId="6b4b0993-6ae2-401c-88a6-c5040ab0fc9e" executionId="b8425318-1920-402e-a96b-98518cea253d" testListId="8c84fa94-04c1-424b-9868-57a2d4851a1d" /><TestEntry testId="288a5a62-02e8-4a2d-99bc-0f9e154dbeea" executionId="a2150171-0c46-4049-8f6e-21c9e56bb25c" testListId="8c84fa94-04c1-424b-9868-57a2d4851a1d" /><TestEntry testId="b665b7b4-52cc-4f05-b3d5-21bc88d18331" executionId="dc01f160-904d-4e89-8b78-a801422df189" testListId="8c84fa94-04c1-424b-9868-57a2d4851a1d" /><TestEntry testId="34acf94b-02e3-4cc2-a01f-4b16adda3b9c" executionId="15e86597-868a-4390-8eaf-da212af78469" testListId="8c84fa94-04c1-424b-9868-57a2d4851a1d" /><TestEntry testId="aadf72aa-cd19-4670-85c1-064624885b26" executionId="c6f16cf4-b360-4fa9-97ec-2e7490bb1496" testListId="8c84fa94-04c1-424b-9868-57a2d4851a1d" /><TestEntry testId="9c9c7b48-73e1-4ed1-b4a9-0a2fb37e3fde" executionId="3b3b4d0d-f4fe-442b-87df-c7ccdf166455" testListId="8c84fa94-04c1-424b-9868-57a2d4851a1d" /><TestEntry testId="9ff0dc64-460c-440a-884e-3898309e39de" executionId="2b5887c9-aec0-4c65-b1f4-a0ac012c809e" testListId="8c84fa94-04c1-424b-9868-57a2d4851a1d" /><TestEntry testId="9c85a515-79af-4e72-8763-7a09c31a2c57" executionId="bc2b0feb-c061-40d7-a726-98b3a95e87ce" testListId="8c84fa94-04c1-424b-9868-57a2d4851a1d" /><TestEntry testId="c0057a8e-e200-403c-896c-72520d8897ba" executionId="2f45dcdd-caeb-4228-b933-5e10bce67253" testListId="8c84fa94-04c1-424b-9868-57a2d4851a1d" /><TestEntry testId="6c44e825-30c0-45a5-ada5-37fcd8879658" executionId="0b117bca-5281-46d4-991e-73650be110c9" testListId="8c84fa94-04c1-424b-9868-57a2d4851a1d" /><TestEntry testId="1af2b471-90b1-49db-8ebd-6150a3109239" executionId="5aaefc86-4ac8-480a-ad2e-da611ae389b2" testListId="8c84fa94-04c1-424b-9868-57a2d4851a1d" /><TestEntry testId="d7e1b4a1-d00c-461f-85a5-3e64ba175ad7" executionId="9d7da24b-ea6c-4ce0-a8aa-370db5d4285f" testListId="8c84fa94-04c1-424b-9868-57a2d4851a1d" /><TestEntry testId="07b196be-60cf-4cda-932e-17b6b30f539d" executionId="3d3ebd99-e0b6-4d7d-9bd6-227491d3c185" testListId="8c84fa94-04c1-424b-9868-57a2d4851a1d" /><TestEntry testId="1c63c86b-2c3e-4bff-98e2-a417c6834b52" executionId="2265b2ba-157c-47f9-b81b-b385246eb96c" testListId="8c84fa94-04c1-424b-9868-57a2d4851a1d" /><TestEntry testId="e0f46bd8-d146-4ce2-9bdb-00bae1a0ce09" executionId="919eb64b-68b7-46bb-aafb-4478360664f6" testListId="8c84fa94-04c1-424b-9868-57a2d4851a1d" /><TestEntry testId="745e93bb-e1e8-453f-bda2-77f3dea56938" executionId="c8e828b6-c0f0-4793-8ab1-7b083902c719" testListId="8c84fa94-04c1-424b-9868-57a2d4851a1d" /><TestEntry testId="ddf311b8-3fee-4dc2-b03a-7793d8227367" executionId="a1d60a4f-d777-42a1-a4f3-1a8e5a4805ac" testListId="8c84fa94-04c1-424b-9868-57a2d4851a1d" /><TestEntry testId="a61a59d1-714e-4d3c-b789-2ed9234641d1" executionId="20d68cc6-1e2a-4291-ab17-65fa7b3d4090" testListId="8c84fa94-04c1-424b-9868-57a2d4851a1d" /><TestEntry testId="a84786ed-f22b-421b-89af-b28b25a24970" executionId="998324fb-ef3c-4b51-9716-1488c50a67be" testListId="8c84fa94-04c1-424b-9868-57a2d4851a1d" /><TestEntry testId="d5694c9e-ad99-4dea-bc11-682804d513e6" executionId="701b3177-c121-422e-b2fe-429a5928e8f4" testListId="8c84fa94-04c1-424b-9868-57a2d4851a1d" /><TestEntry testId="740c099e-9668-455d-83f7-f5faf9c184cb" executionId="6e1c653d-2f46-4292-ae7f-c5849d0aa3ff" testListId="8c84fa94-04c1-424b-9868-57a2d4851a1d" /><TestEntry testId="16ac763c-7bf4-4ffe-8bf4-d4b8cdb49c05" executionId="f3803561-25e0-4b10-88db-d2a0888dec3b" testListId="8c84fa94-04c1-424b-9868-57a2d4851a1d" /><TestEntry testId="4e950ecc-78d0-44a4-8c54-2bc0f4350dc3" executionId="fc68db2d-48cb-44e9-8922-9df234e62a38" testListId="8c84fa94-04c1-424b-9868-57a2d4851a1d" /><TestEntry testId="482a9250-2bdf-4155-9fbe-4ed290fc3a92" executionId="07b10b39-09a6-49b8-a4c7-498d516b5610" testListId="8c84fa94-04c1-424b-9868-57a2d4851a1d" /><TestEntry testId="2075b07c-ec4b-4f36-abde-89ce95527163" executionId="413ac900-525b-458c-93c2-da4c955fa233" testListId="8c84fa94-04c1-424b-9868-57a2d4851a1d" /><TestEntry testId="24ac7c66-9813-4d21-a0fb-ed9fb5806ff6" executionId="bca09d9d-13e6-4877-bed0-e5eb4577728e" testListId="8c84fa94-04c1-424b-9868-57a2d4851a1d" /><TestEntry testId="a10add74-8ee0-4a75-8809-c5d9e5893947" executionId="cbc665de-1ad1-47ed-a838-76a9211d579a" testListId="8c84fa94-04c1-424b-9868-57a2d4851a1d" /><TestEntry testId="6ad1a63b-76e6-4a62-bcf3-80876f21296b" executionId="70c7d79c-f47b-4213-9c96-21683ec26e07" testListId="8c84fa94-04c1-424b-9868-57a2d4851a1d" /><TestEntry testId="85cc1114-c78e-4831-b26b-3586f10d9b74" executionId="349c9005-f005-4bb0-95a3-d592d91143fa" testListId="8c84fa94-04c1-424b-9868-57a2d4851a1d" /><TestEntry testId="24b6af15-7db1-4699-a8d4-af6bb427be64" executionId="c3a04422-e040-415a-8898-d170f2f7d40f" testListId="8c84fa94-04c1-424b-9868-57a2d4851a1d" /><TestEntry testId="f4c7f2ad-00ba-44ab-a3e0-31fb16131fe4" executionId="137314fd-9e63-440f-9154-ef8b9d71f6c8" testListId="8c84fa94-04c1-424b-9868-57a2d4851a1d" /><TestEntry testId="aa131306-9a3c-4e1b-b288-349453ee9476" executionId="22a333b0-b033-40b8-94d0-130c51e16c71" testListId="8c84fa94-04c1-424b-9868-57a2d4851a1d" /><TestEntry testId="97bc90eb-ea88-4e70-92a8-d986d1a543b0" executionId="593971db-2f8b-4939-8f83-2e2a5b2fb12d" testListId="8c84fa94-04c1-424b-9868-57a2d4851a1d" /><TestEntry testId="37d24d81-704b-4f6c-a4f3-791d771285c4" executionId="3c347f07-b946-49d5-a13d-1b44acb91ee8" testListId="8c84fa94-04c1-424b-9868-57a2d4851a1d" /><TestEntry testId="795a3249-3d33-42ed-8cbd-62933d7fd244" executionId="2912bd42-7e82-4eed-980f-295bc5517e4a" testListId="8c84fa94-04c1-424b-9868-57a2d4851a1d" /><TestEntry testId="e41867ed-d063-4517-95ce-c407f844a4b3" executionId="4cf9d31e-83e7-422b-b4ad-1d8af14b31b2" testListId="8c84fa94-04c1-424b-9868-57a2d4851a1d" /><TestEntry testId="25ccf660-f15e-468d-9279-cc107982e526" executionId="1de99760-9386-4455-9cf6-e91f6e9757c5" testListId="8c84fa94-04c1-424b-9868-57a2d4851a1d" /><TestEntry testId="ac5cc50f-f738-4b8b-a232-c146e2655523" executionId="0e662309-3948-47b3-91ad-e401bd8b3367" testListId="8c84fa94-04c1-424b-9868-57a2d4851a1d" /><TestEntry testId="82c8efbd-bb75-4b04-a34f-d279f7455a9e" executionId="6115c7f2-518c-48df-b706-f38e68115df5" testListId="8c84fa94-04c1-424b-9868-57a2d4851a1d" /><TestEntry testId="fbdcdc63-2b4b-4052-9a6c-a5b76e869946" executionId="0ddd429d-a91d-4c3f-a8cc-1f44d4572568" testListId="8c84fa94-04c1-424b-9868-57a2d4851a1d" /><TestEntry testId="9e5bd908-2db5-493c-b084-d70b24cecefd" executionId="ab0c1daa-3777-4a4b-8aa7-465a3efe1a3d" testListId="8c84fa94-04c1-424b-9868-57a2d4851a1d" /><TestEntry testId="3a76bd12-44b9-45ba-9fba-dbe742febeeb" executionId="fa2f6244-dfb7-4bbf-a750-c1f6ac4737cb" testListId="8c84fa94-04c1-424b-9868-57a2d4851a1d" /><TestEntry testId="2c1b5742-469d-480d-964d-c6357e47fb36" executionId="0f228410-ae06-4521-8f19-9c4aef788035" testListId="8c84fa94-04c1-424b-9868-57a2d4851a1d" /><TestEntry testId="cbdd3170-b3d6-4186-8f88-89ca9de1da8f" executionId="30017117-6c85-4b17-a4d6-25d80028bbb5" testListId="8c84fa94-04c1-424b-9868-57a2d4851a1d" /><TestEntry testId="7bbde70b-b3f6-48e9-8c5e-0133df0077e1" executionId="eda078df-e292-405a-82e1-6c0784e3ab2e" testListId="8c84fa94-04c1-424b-9868-57a2d4851a1d" /><TestEntry testId="7bb53f5c-3a3b-4a21-aa11-8057f369a4f2" executionId="c4243e7a-7585-475c-bcbd-a3d6a61d8695" testListId="8c84fa94-04c1-424b-9868-57a2d4851a1d" /><TestEntry testId="47f31a21-385f-4c4b-aec5-386cd771e5c6" executionId="c5520a0f-a379-489f-b843-9737904f8cfe" testListId="8c84fa94-04c1-424b-9868-57a2d4851a1d" /><TestEntry testId="835915ed-e0b0-499d-80cf-5d38e0ffe2b7" executionId="36cdc259-0b89-4e02-9a6f-38fc45ef280c" testListId="8c84fa94-04c1-424b-9868-57a2d4851a1d" /><TestEntry testId="efe9678b-c8b5-4673-b976-56f47fcc17f8" executionId="783f1282-01e8-4074-9ada-a9980d5cf37d" testListId="8c84fa94-04c1-424b-9868-57a2d4851a1d" /><TestEntry testId="98de4584-5fa8-4f95-b846-d3fc2fcf3ce7" executionId="7d5833ae-e8f0-4bd7-b124-af2e8b7c5aa2" testListId="8c84fa94-04c1-424b-9868-57a2d4851a1d" /><TestEntry testId="52c148ec-284b-4ec2-bab8-e4f6523a353f" executionId="c0b1bef9-07aa-4fa0-8586-e9b6f7fe71a5" testListId="8c84fa94-04c1-424b-9868-57a2d4851a1d" /><TestEntry testId="9b12bb79-efed-4d3e-b5a8-a142272d675a" executionId="e1950b4a-57d1-4187-a719-ab33aeeb331e" testListId="8c84fa94-04c1-424b-9868-57a2d4851a1d" /><TestEntry testId="8ec85b50-1013-421f-b5b0-a111d110d719" executionId="44095734-4780-4e8b-ade8-c167a4c87f95" testListId="8c84fa94-04c1-424b-9868-57a2d4851a1d" /><TestEntry testId="ca0a96a2-ff3a-48c3-bc57-8517c7971747" executionId="3771aa64-a107-460e-b4fc-0f71b6cbcea8" testListId="8c84fa94-04c1-424b-9868-57a2d4851a1d" /><TestEntry testId="084ca336-9642-419c-9f84-b9a080e40f92" executionId="1f297680-4999-4e42-b8c4-e317b5998c2d" testListId="8c84fa94-04c1-424b-9868-57a2d4851a1d" /><TestEntry testId="5d402823-8078-4e10-90f2-d65147171e48" executionId="725208a4-e473-4330-b7c3-d9f844ca176d" testListId="8c84fa94-04c1-424b-9868-57a2d4851a1d" /><TestEntry testId="c023a853-53e8-4bf2-bad3-d0a0cc7d6cc8" executionId="baf071a9-9149-47c8-a0a0-139d4f4f5d41" testListId="8c84fa94-04c1-424b-9868-57a2d4851a1d" /><TestEntry testId="ebb297fd-6761-4e80-8576-131d0fbc1599" executionId="a779fa5a-51d9-491b-8229-20ff281e33ee" testListId="8c84fa94-04c1-424b-9868-57a2d4851a1d" /><TestEntry testId="d2184b1c-34d3-4575-b2ed-f039f1b2ceb5" executionId="82e9e8bd-c3fd-43b2-aeb5-24d151a2c375" testListId="8c84fa94-04c1-424b-9868-57a2d4851a1d" /><TestEntry testId="1b5a1486-9b3e-40b5-a758-416073e6fade" executionId="44defed2-4719-46cb-83c6-90706e39b818" testListId="8c84fa94-04c1-424b-9868-57a2d4851a1d" /></TestEntries><TestLists><TestList name="Results Not in a List" id="8c84fa94-04c1-424b-9868-57a2d4851a1d" /><TestList name="All Loaded Results" id="19431567-8539-422a-85d7-44ee4e166bda" /></TestLists><ResultSummary outcome="Completed"><Counters total="151" executed="151" passed="151" failed="0" error="0" timeout="0" aborted="0" inconclusive="0" passedButRunAborted="0" notRunnable="0" notExecuted="0" disconnected="0" warning="0" completed="0" inProgress="0" pending="0" /><Output><StdOut>[xUnit.net 00:00:01.1145815]   Discovering: ModelRelief.Test[xUnit.net 00:00:01.2208552]   Discovered:  ModelRelief.Test[xUnit.net 00:00:01.2260510]   Starting:    ModelRelief.Test[xUnit.net 00:00:18.6153433]   Finished:    ModelRelief.Test</StdOut></Output></ResultSummary></TestRun>