<?xml version="1.0" encoding="utf-8"?><TestRun id="af5c607d-0015-4298-adea-848dbe3a99f5" name="Steve Knipmeyer@VECTOR 2018-05-24 17:14:42" runUser="VECTOR\Steve Knipmeyer" xmlns="http://microsoft.com/schemas/VisualStudio/TeamTest/2010"><Times creation="2018-05-24T17:14:42.6509980-04:00" queuing="2018-05-24T17:14:42.6510096-04:00" start="2018-05-24T17:14:38.2215137-04:00" finish="2018-05-24T17:14:57.7258531-04:00" /><TestSettings name="default" id="f5b6fb00-4809-453d-9311-ddcee9c7b10c"><Deployment runDeploymentRoot="Steve_Knipmeyer_VECTOR_2018-05-24_17_14_42" /></TestSettings><Results><UnitTestResult executionId="5eccf43f-3f29-45b4-9b52-e6f49291364e" testId="aef4e177-8b11-4409-a94e-5be0e138e8c8" testName="Patch_TargetPropertyIsUpdated" computerName="VECTOR" duration="00:00:00.0290000" startTime="2018-05-24T17:14:45.1900355-04:00" endTime="2018-05-24T17:14:45.1900412-04:00" testType="13cdc9d9-ddb5-4fa4-a97d-d965ccfc6d4b" outcome="Passed" testListId="8c84fa94-04c1-424b-9868-57a2d4851a1d" relativeResultsDirectory="5eccf43f-3f29-45b4-9b52-e6f49291364e" /><UnitTestResult executionId="b9d4183b-eadd-4437-b49a-ebb0573c640b" testId="1bd264df-dba2-4af1-9d5c-595fa244e5a7" testName="Put_ValidReferencePropertyUpdatesModel" computerName="VECTOR" duration="00:00:00.0460000" startTime="2018-05-24T17:14:57.5087501-04:00" endTime="2018-05-24T17:14:57.5087572-04:00" testType="13cdc9d9-ddb5-4fa4-a97d-d965ccfc6d4b" outcome="Passed" testListId="8c84fa94-04c1-424b-9868-57a2d4851a1d" relativeResultsDirectory="b9d4183b-eadd-4437-b49a-ebb0573c640b" /><UnitTestResult executionId="7823f46c-f8e5-4422-95ef-0931c4e71197" testId="b6f41c9b-34ea-49dd-a88e-174dca72ccab" testName="Patch_ValidReferencePropertyUpdatesModel" computerName="VECTOR" duration="00:00:00.0340000" startTime="2018-05-24T17:14:55.2313200-04:00" endTime="2018-05-24T17:14:55.2313265-04:00" testType="13cdc9d9-ddb5-4fa4-a97d-d965ccfc6d4b" outcome="Passed" testListId="8c84fa94-04c1-424b-9868-57a2d4851a1d" relativeResultsDirectory="7823f46c-f8e5-4422-95ef-0931c4e71197" /><UnitTestResult executionId="3fc2743d-01da-4a82-9fce-8f298c103c75" testId="15afee4d-cf7b-4f20-9756-28af49fc90ca" testName="Patch_InvalidPropertyNameReturnsBadRequest" computerName="VECTOR" duration="00:00:00.0050000" startTime="2018-05-24T17:14:57.4021412-04:00" endTime="2018-05-24T17:14:57.4021458-04:00" testType="13cdc9d9-ddb5-4fa4-a97d-d965ccfc6d4b" outcome="Passed" testListId="8c84fa94-04c1-424b-9868-57a2d4851a1d" relativeResultsDirectory="3fc2743d-01da-4a82-9fce-8f298c103c75" /><UnitTestResult executionId="898d0c5f-8590-49ba-bcb6-019cdbd69f71" testId="e295487c-cab5-41da-abd9-45869e820da2" testName="GetFile_NonExistentFileReturnsNotFound" computerName="VECTOR" duration="00:00:00.0050000" startTime="2018-05-24T17:14:56.9245957-04:00" endTime="2018-05-24T17:14:56.9246020-04:00" testType="13cdc9d9-ddb5-4fa4-a97d-d965ccfc6d4b" outcome="Passed" testListId="8c84fa94-04c1-424b-9868-57a2d4851a1d" relativeResultsDirectory="898d0c5f-8590-49ba-bcb6-019cdbd69f71" /><UnitTestResult executionId="0293f397-ddb0-466e-a07b-4461dfed6b03" testId="f1f7e594-a06b-484c-b50b-5783d7d5b5e5" testName="Patch_TargetPropertyIsUpdated" computerName="VECTOR" duration="00:00:00.0680000" startTime="2018-05-24T17:14:43.1910476-04:00" endTime="2018-05-24T17:14:43.1910538-04:00" testType="13cdc9d9-ddb5-4fa4-a97d-d965ccfc6d4b" outcome="Passed" testListId="8c84fa94-04c1-424b-9868-57a2d4851a1d" relativeResultsDirectory="0293f397-ddb0-466e-a07b-4461dfed6b03" /><UnitTestResult executionId="b46f9ccf-1584-4465-b481-ca8e3730c5d9" testId="ca2b7672-3bde-4edb-8845-6027dce4418a" testName="Post_InvalidPropertyValueReturnsBadRequest" computerName="VECTOR" duration="00:00:00.0090000" startTime="2018-05-24T17:14:43.3848827-04:00" endTime="2018-05-24T17:14:43.3848867-04:00" testType="13cdc9d9-ddb5-4fa4-a97d-d965ccfc6d4b" outcome="Passed" testListId="8c84fa94-04c1-424b-9868-57a2d4851a1d" relativeResultsDirectory="b46f9ccf-1584-4465-b481-ca8e3730c5d9" /><UnitTestResult executionId="885ad35a-b549-4b0f-82eb-5d6dc26c2c44" testId="dfeee801-7e74-489d-8e37-134f802044c6" testName="Put_InvalidReferencePropertyReturndBadRequest" computerName="VECTOR" duration="00:00:00.1360000" startTime="2018-05-24T17:14:54.9052602-04:00" endTime="2018-05-24T17:14:54.9052665-04:00" testType="13cdc9d9-ddb5-4fa4-a97d-d965ccfc6d4b" outcome="Passed" testListId="8c84fa94-04c1-424b-9868-57a2d4851a1d" relativeResultsDirectory="885ad35a-b549-4b0f-82eb-5d6dc26c2c44" /><UnitTestResult executionId="9ef22690-c1fd-4fd6-ae30-20ba05088285" testId="20b98de4-d711-49d6-8004-0a47a7ca0c83" testName="PostFile_FileIsSynchronizedIsUpdatedAfterFileIsPosted" computerName="VECTOR" duration="00:00:00.0820000" startTime="2018-05-24T17:14:52.6276234-04:00" endTime="2018-05-24T17:14:52.6276294-04:00" testType="13cdc9d9-ddb5-4fa4-a97d-d965ccfc6d4b" outcome="Passed" testListId="8c84fa94-04c1-424b-9868-57a2d4851a1d" relativeResultsDirectory="9ef22690-c1fd-4fd6-ae30-20ba05088285" /><UnitTestResult executionId="0925df94-d593-492d-b15f-c39b82bf8634" testId="d0a3a82c-4fd5-4ce5-aaca-982b52e7f45f" testName="PostFile_FileTimeStampIsUpdatedAfterFileIsPosted" computerName="VECTOR" duration="00:00:01.1240000" startTime="2018-05-24T17:14:50.3896728-04:00" endTime="2018-05-24T17:14:50.3896790-04:00" testType="13cdc9d9-ddb5-4fa4-a97d-d965ccfc6d4b" outcome="Passed" testListId="8c84fa94-04c1-424b-9868-57a2d4851a1d" relativeResultsDirectory="0925df94-d593-492d-b15f-c39b82bf8634" /><UnitTestResult executionId="5cc09033-0586-4153-afc8-3389b76813f3" testId="56b44188-ba2e-4b85-b308-10c3d0ba0393" testName="Delete_TargetModelIsDeleted" computerName="VECTOR" duration="00:00:00.0150000" startTime="2018-05-24T17:14:47.2716010-04:00" endTime="2018-05-24T17:14:47.2716070-04:00" testType="13cdc9d9-ddb5-4fa4-a97d-d965ccfc6d4b" outcome="Passed" testListId="8c84fa94-04c1-424b-9868-57a2d4851a1d" relativeResultsDirectory="5cc09033-0586-4153-afc8-3389b76813f3" /><UnitTestResult executionId="01a7d3fb-ace2-4df3-b51c-e53cc0fd4991" testId="71d3e5be-2b52-4313-b330-9a2241b0a6c0" testName="PostFile_NewFileCanBePosted" computerName="VECTOR" duration="00:00:00.0580000" startTime="2018-05-24T17:14:44.6386049-04:00" endTime="2018-05-24T17:14:44.6386088-04:00" testType="13cdc9d9-ddb5-4fa4-a97d-d965ccfc6d4b" outcome="Passed" testListId="8c84fa94-04c1-424b-9868-57a2d4851a1d" relativeResultsDirectory="01a7d3fb-ace2-4df3-b51c-e53cc0fd4991" /><UnitTestResult executionId="b6f6e31a-83cb-4568-b4d5-412f9a554821" testId="a493d8e5-0075-40eb-b680-3cb4f3d81274" testName="GetList_ListReturnsCorrectCount" computerName="VECTOR" duration="00:00:00.0410000" startTime="2018-05-24T17:14:57.2893645-04:00" endTime="2018-05-24T17:14:57.2893713-04:00" testType="13cdc9d9-ddb5-4fa4-a97d-d965ccfc6d4b" outcome="Passed" testListId="8c84fa94-04c1-424b-9868-57a2d4851a1d" relativeResultsDirectory="b6f6e31a-83cb-4568-b4d5-412f9a554821" /><UnitTestResult executionId="1acf4d3c-491c-4696-87ca-80de46e7bc17" testId="1adb1d3a-2b81-4dec-ad21-28b430cf3377" testName="Put_CanUpdateModel" computerName="VECTOR" duration="00:00:00.0310000" startTime="2018-05-24T17:14:55.2839757-04:00" endTime="2018-05-24T17:14:55.2839820-04:00" testType="13cdc9d9-ddb5-4fa4-a97d-d965ccfc6d4b" outcome="Passed" testListId="8c84fa94-04c1-424b-9868-57a2d4851a1d" relativeResultsDirectory="1acf4d3c-491c-4696-87ca-80de46e7bc17" /><UnitTestResult executionId="996441c4-d52c-451a-b9d6-6a5e5c017394" testId="9dfbd233-9cd2-4c46-a298-a0323580cfae" testName="Patch_ValidReferencePropertyUpdatesModel" computerName="VECTOR" duration="00:00:00.0460000" startTime="2018-05-24T17:14:57.4513706-04:00" endTime="2018-05-24T17:14:57.4513769-04:00" testType="13cdc9d9-ddb5-4fa4-a97d-d965ccfc6d4b" outcome="Passed" testListId="8c84fa94-04c1-424b-9868-57a2d4851a1d" relativeResultsDirectory="996441c4-d52c-451a-b9d6-6a5e5c017394" /><UnitTestResult executionId="04e4cc74-d1f4-42fa-9d2b-fa1cb9cc0ca5" testId="da36f640-7991-4504-8a14-c774c7209701" testName="GetSingle_ValidIdPropertyValueReturnsCorrectModel" computerName="VECTOR" duration="00:00:00.0060000" startTime="2018-05-24T17:14:43.2409635-04:00" endTime="2018-05-24T17:14:43.2409666-04:00" testType="13cdc9d9-ddb5-4fa4-a97d-d965ccfc6d4b" outcome="Passed" testListId="8c84fa94-04c1-424b-9868-57a2d4851a1d" relativeResultsDirectory="04e4cc74-d1f4-42fa-9d2b-fa1cb9cc0ca5" /><UnitTestResult executionId="4b9112a5-8e8f-42b4-8508-a450a1928e36" testId="044ec928-0809-4711-bb1f-cf14b606c09e" testName="Model3dHasExpectedDependentFiles" computerName="VECTOR" duration="00:00:00.0340000" startTime="2018-05-24T17:14:41.1354381-04:00" endTime="2018-05-24T17:14:41.1354470-04:00" testType="13cdc9d9-ddb5-4fa4-a97d-d965ccfc6d4b" outcome="Passed" testListId="8c84fa94-04c1-424b-9868-57a2d4851a1d" relativeResultsDirectory="4b9112a5-8e8f-42b4-8508-a450a1928e36" /><UnitTestResult executionId="013140ba-e320-4ddb-a71b-ce5f7ab5c195" testId="8ddbb8c2-4897-4e0e-8351-03ca9eac7e7f" testName="GetList_ListReturnsCorrectCount" computerName="VECTOR" duration="00:00:00.1110000" startTime="2018-05-24T17:14:54.7632513-04:00" endTime="2018-05-24T17:14:54.7632570-04:00" testType="13cdc9d9-ddb5-4fa4-a97d-d965ccfc6d4b" outcome="Passed" testListId="8c84fa94-04c1-424b-9868-57a2d4851a1d" relativeResultsDirectory="013140ba-e320-4ddb-a71b-ce5f7ab5c195" /><UnitTestResult executionId="76063501-1b4f-495c-a106-af5c20799dcb" testId="29ff8eae-77d9-40dd-af5f-b4d25bbd2be6" testName="Patch_ValidReferencePropertyUpdatesModel" computerName="VECTOR" duration="00:00:00.0350000" startTime="2018-05-24T17:14:45.1607989-04:00" endTime="2018-05-24T17:14:45.1608051-04:00" testType="13cdc9d9-ddb5-4fa4-a97d-d965ccfc6d4b" outcome="Passed" testListId="8c84fa94-04c1-424b-9868-57a2d4851a1d" relativeResultsDirectory="76063501-1b4f-495c-a106-af5c20799dcb" /><UnitTestResult executionId="dca9ef8c-787a-4773-99aa-6fceab1e8f36" testId="dd688c9c-6dfa-4aa8-bbca-f57258aa81de" testName="Post_ValidReferencePropertyCreatesModel" computerName="VECTOR" duration="00:00:00.0130000" startTime="2018-05-24T17:14:57.3733115-04:00" endTime="2018-05-24T17:14:57.3733174-04:00" testType="13cdc9d9-ddb5-4fa4-a97d-d965ccfc6d4b" outcome="Passed" testListId="8c84fa94-04c1-424b-9868-57a2d4851a1d" relativeResultsDirectory="dca9ef8c-787a-4773-99aa-6fceab1e8f36" /><UnitTestResult executionId="2f857649-23ba-42b4-a1ce-ee9c4deff433" testId="bcec8cb6-7df4-4837-b6f1-9f21d657f088" testName="GetList_ListReturnsCorrectCount" computerName="VECTOR" duration="00:00:00.0360000" startTime="2018-05-24T17:14:45.0415946-04:00" endTime="2018-05-24T17:14:45.0416008-04:00" testType="13cdc9d9-ddb5-4fa4-a97d-d965ccfc6d4b" outcome="Passed" testListId="8c84fa94-04c1-424b-9868-57a2d4851a1d" relativeResultsDirectory="2f857649-23ba-42b4-a1ce-ee9c4deff433" /><UnitTestResult executionId="c11a3329-86ad-4c2a-91a5-bed1c86e08d4" testId="c4849341-ecc4-4a94-be65-4950756ae0ab" testName="Post_InvalidReferencePropertyReturnsBadRequest" computerName="VECTOR" duration="00:00:00.0060000" startTime="2018-05-24T17:14:57.3011976-04:00" endTime="2018-05-24T17:14:57.3012039-04:00" testType="13cdc9d9-ddb5-4fa4-a97d-d965ccfc6d4b" outcome="Passed" testListId="8c84fa94-04c1-424b-9868-57a2d4851a1d" relativeResultsDirectory="c11a3329-86ad-4c2a-91a5-bed1c86e08d4" /><UnitTestResult executionId="5ddf8c8d-6916-4b10-889c-6afc88baa4a8" testId="836cb253-39c4-4a9c-b14a-42840fe7366e" testName="GetSingle_InvalidIdPropertyValueReturnsNotFound" computerName="VECTOR" duration="00:00:00.0050000" startTime="2018-05-24T17:14:55.2367937-04:00" endTime="2018-05-24T17:14:55.2368003-04:00" testType="13cdc9d9-ddb5-4fa4-a97d-d965ccfc6d4b" outcome="Passed" testListId="8c84fa94-04c1-424b-9868-57a2d4851a1d" relativeResultsDirectory="5ddf8c8d-6916-4b10-889c-6afc88baa4a8" /><UnitTestResult executionId="6cbf085d-65f9-4e9f-bb3c-2fecca266a2a" testId="733f6e0b-6b15-4d74-a2bc-4bee91d12457" testName="Patch_InvalidPropertyNameReturnsBadRequest" computerName="VECTOR" duration="00:00:00.0040000" startTime="2018-05-24T17:14:47.2128518-04:00" endTime="2018-05-24T17:14:47.2128575-04:00" testType="13cdc9d9-ddb5-4fa4-a97d-d965ccfc6d4b" outcome="Passed" testListId="8c84fa94-04c1-424b-9868-57a2d4851a1d" relativeResultsDirectory="6cbf085d-65f9-4e9f-bb3c-2fecca266a2a" /><UnitTestResult executionId="555cbe02-ce7f-456e-8fb4-2ac188bd44a1" testId="c0056acb-f0ed-43bd-8061-57b522d8fbb4" testName="Delete_TargetModelIsDeleted" computerName="VECTOR" duration="00:00:00.0130000" startTime="2018-05-24T17:14:44.1581417-04:00" endTime="2018-05-24T17:14:44.1581485-04:00" testType="13cdc9d9-ddb5-4fa4-a97d-d965ccfc6d4b" outcome="Passed" testListId="8c84fa94-04c1-424b-9868-57a2d4851a1d" relativeResultsDirectory="555cbe02-ce7f-456e-8fb4-2ac188bd44a1" /><UnitTestResult executionId="065dac75-09a2-4367-a5a4-61a9bf83a18c" testId="78cee3b5-f264-4fd6-8308-d4452ba3c53d" testName="PostFile_FileIsSynchronizedIsUpdatedAfterFileIsPosted" computerName="VECTOR" duration="00:00:00.0810000" startTime="2018-05-24T17:14:57.0695207-04:00" endTime="2018-05-24T17:14:57.0695276-04:00" testType="13cdc9d9-ddb5-4fa4-a97d-d965ccfc6d4b" outcome="Passed" testListId="8c84fa94-04c1-424b-9868-57a2d4851a1d" relativeResultsDirectory="065dac75-09a2-4367-a5a4-61a9bf83a18c" /><UnitTestResult executionId="93f19672-7fc2-42fd-8230-cad5f1d21f3c" testId="5450ecf4-c1fc-4168-bddd-2b61cc219e6f" testName="Put_ValidReferencePropertyUpdatesModel" computerName="VECTOR" duration="00:00:00.1630000" startTime="2018-05-24T17:14:55.1444325-04:00" endTime="2018-05-24T17:14:55.1444396-04:00" testType="13cdc9d9-ddb5-4fa4-a97d-d965ccfc6d4b" outcome="Passed" testListId="8c84fa94-04c1-424b-9868-57a2d4851a1d" relativeResultsDirectory="93f19672-7fc2-42fd-8230-cad5f1d21f3c" /><UnitTestResult executionId="0f2202a3-2777-4208-af9d-ddba30826115" testId="3ed4e1d0-d087-4101-a9ba-28e5482f3291" testName="Put_InvalidIdReturnsNotFound" computerName="VECTOR" duration="00:00:00.0520000" startTime="2018-05-24T17:14:43.9396545-04:00" endTime="2018-05-24T17:14:43.9396602-04:00" testType="13cdc9d9-ddb5-4fa4-a97d-d965ccfc6d4b" outcome="Passed" testListId="8c84fa94-04c1-424b-9868-57a2d4851a1d" relativeResultsDirectory="0f2202a3-2777-4208-af9d-ddba30826115" /><UnitTestResult executionId="4877bb0e-7757-47a4-a7d4-41d0f705be60" testId="b0197c06-9495-4a1b-bb83-11892f753dff" testName="Patch_InvalidIdPropertyReturnsNotFound" computerName="VECTOR" duration="00:00:00.0040000" startTime="2018-05-24T17:14:45.1253101-04:00" endTime="2018-05-24T17:14:45.1253124-04:00" testType="13cdc9d9-ddb5-4fa4-a97d-d965ccfc6d4b" outcome="Passed" testListId="8c84fa94-04c1-424b-9868-57a2d4851a1d" relativeResultsDirectory="4877bb0e-7757-47a4-a7d4-41d0f705be60" /><UnitTestResult executionId="63b880dd-fd57-44b1-8e48-286c441a6fef" testId="107de6ac-49d6-4c9a-8ac1-cc4700cf6031" testName="Put_CanUpdateModel" computerName="VECTOR" duration="00:00:00.4040000" startTime="2018-05-24T17:14:47.1086392-04:00" endTime="2018-05-24T17:14:47.1086466-04:00" testType="13cdc9d9-ddb5-4fa4-a97d-d965ccfc6d4b" outcome="Passed" testListId="8c84fa94-04c1-424b-9868-57a2d4851a1d" relativeResultsDirectory="63b880dd-fd57-44b1-8e48-286c441a6fef" /><UnitTestResult executionId="a4de2f2d-93d5-4e67-9ba2-1385a111cd22" testId="f6d7696e-f8b9-43ff-8599-3ad9bd6a0159" testName="LucyModel3dHasTwoDependents" computerName="VECTOR" duration="00:00:01.1390000" startTime="2018-05-24T17:14:42.2733320-04:00" endTime="2018-05-24T17:14:42.2733386-04:00" testType="13cdc9d9-ddb5-4fa4-a97d-d965ccfc6d4b" outcome="Passed" testListId="8c84fa94-04c1-424b-9868-57a2d4851a1d" relativeResultsDirectory="a4de2f2d-93d5-4e67-9ba2-1385a111cd22" /><UnitTestResult executionId="5ac1a840-22d2-449e-837c-baf290a05444" testId="c20e4d5d-f18b-4a59-bffe-ca31e13839c3" testName="Post_CanCreateNewModel" computerName="VECTOR" duration="00:00:00.0100000" startTime="2018-05-24T17:14:44.1295774-04:00" endTime="2018-05-24T17:14:44.1295826-04:00" testType="13cdc9d9-ddb5-4fa4-a97d-d965ccfc6d4b" outcome="Passed" testListId="8c84fa94-04c1-424b-9868-57a2d4851a1d" relativeResultsDirectory="5ac1a840-22d2-449e-837c-baf290a05444" /><UnitTestResult executionId="f96d9dce-98c4-4a33-8668-78fee6e8c38d" testId="cd37d09c-d6e9-4346-a126-2e44d15cd3b9" testName="GetSingle_InvalidIdPropertyValueReturnsNotFound" computerName="VECTOR" duration="00:00:00.0110000" startTime="2018-05-24T17:14:43.8876406-04:00" endTime="2018-05-24T17:14:43.8876457-04:00" testType="13cdc9d9-ddb5-4fa4-a97d-d965ccfc6d4b" outcome="Passed" testListId="8c84fa94-04c1-424b-9868-57a2d4851a1d" relativeResultsDirectory="f96d9dce-98c4-4a33-8668-78fee6e8c38d" /><UnitTestResult executionId="00f41d21-7b22-4658-9f35-903a6f3d0acd" testId="665026b5-12f4-4f7e-8b5b-9e7893c2ae85" testName="Patch_MultipleInvalidReferencePropertiesReturnsMultipleValidationErrorsAndBadRequest" computerName="VECTOR" duration="00:00:00.0180000" startTime="2018-05-24T17:14:57.3916641-04:00" endTime="2018-05-24T17:14:57.3916701-04:00" testType="13cdc9d9-ddb5-4fa4-a97d-d965ccfc6d4b" outcome="Passed" testListId="8c84fa94-04c1-424b-9868-57a2d4851a1d" relativeResultsDirectory="00f41d21-7b22-4658-9f35-903a6f3d0acd" /><UnitTestResult executionId="c257a64e-4d10-42ff-be5e-05ddd3bdd1b6" testId="2e2eb6a3-7b7a-404f-be8b-d146a2f2b922" testName="GetFile_NonExistentFileReturnsNotFound" computerName="VECTOR" duration="00:00:00.0150000" startTime="2018-05-24T17:14:47.3129614-04:00" endTime="2018-05-24T17:14:47.3129679-04:00" testType="13cdc9d9-ddb5-4fa4-a97d-d965ccfc6d4b" outcome="Passed" testListId="8c84fa94-04c1-424b-9868-57a2d4851a1d" relativeResultsDirectory="c257a64e-4d10-42ff-be5e-05ddd3bdd1b6" /><UnitTestResult executionId="7650db13-5dd7-4b9a-86da-5da6d5913e8e" testId="e769bbd6-4e2c-4e24-b145-b4c62d7ce89b" testName="FileRequest_MeshGenerateScalesDepthBufferByLambdaLinearScaling" computerName="VECTOR" duration="00:00:01.9250000" startTime="2018-05-24T17:14:54.6361796-04:00" endTime="2018-05-24T17:14:54.6361865-04:00" testType="13cdc9d9-ddb5-4fa4-a97d-d965ccfc6d4b" outcome="Passed" testListId="8c84fa94-04c1-424b-9868-57a2d4851a1d" relativeResultsDirectory="7650db13-5dd7-4b9a-86da-5da6d5913e8e" /><UnitTestResult executionId="f3c0118d-005c-4d3a-89ff-7e0830486a30" testId="f596646d-ccb0-4166-8dba-4734b4b81373" testName="GetFile_FileCanBeRoundTripped" computerName="VECTOR" duration="00:00:00.0800000" startTime="2018-05-24T17:14:49.0404489-04:00" endTime="2018-05-24T17:14:49.0404577-04:00" testType="13cdc9d9-ddb5-4fa4-a97d-d965ccfc6d4b" outcome="Passed" testListId="8c84fa94-04c1-424b-9868-57a2d4851a1d" relativeResultsDirectory="f3c0118d-005c-4d3a-89ff-7e0830486a30" /><UnitTestResult executionId="f83b3eca-d9e1-445d-ac50-b8fd509d9830" testId="bc57d0cf-ca34-437b-bb05-56f91530eb1e" testName="Post_ValidReferencePropertyCreatesModel" computerName="VECTOR" duration="00:00:00.0160000" startTime="2018-05-24T17:14:55.2526812-04:00" endTime="2018-05-24T17:14:55.2526891-04:00" testType="13cdc9d9-ddb5-4fa4-a97d-d965ccfc6d4b" outcome="Passed" testListId="8c84fa94-04c1-424b-9868-57a2d4851a1d" relativeResultsDirectory="f83b3eca-d9e1-445d-ac50-b8fd509d9830" /><UnitTestResult executionId="a19db496-2191-4e3b-ad20-5e3b38ae26ab" testId="6ec2dc9e-318e-44bc-9a33-aa2c6dcebf31" testName="PutFile_FileCanBeUpdated" computerName="VECTOR" duration="00:00:00.1090000" startTime="2018-05-24T17:14:56.5669029-04:00" endTime="2018-05-24T17:14:56.5669086-04:00" testType="13cdc9d9-ddb5-4fa4-a97d-d965ccfc6d4b" outcome="Passed" testListId="8c84fa94-04c1-424b-9868-57a2d4851a1d" relativeResultsDirectory="a19db496-2191-4e3b-ad20-5e3b38ae26ab" /><UnitTestResult executionId="31a8ba50-0f58-4e6e-926c-b4abb2484074" testId="60a91f7e-1d57-49f6-9b5c-ac5e6417302a" testName="Put_ValidReferencePropertyUpdatesModel" computerName="VECTOR" duration="00:00:00.0030000" startTime="2018-05-24T17:14:43.1936274-04:00" endTime="2018-05-24T17:14:43.1936300-04:00" testType="13cdc9d9-ddb5-4fa4-a97d-d965ccfc6d4b" outcome="Passed" testListId="8c84fa94-04c1-424b-9868-57a2d4851a1d" relativeResultsDirectory="31a8ba50-0f58-4e6e-926c-b4abb2484074" /><UnitTestResult executionId="9db492de-24c7-4bb5-a4fa-6d375befa5ce" testId="937dcb6c-4ffa-4226-98ca-9bb4f0a3f480" testName="Put_InvalidReferencePropertyReturndBadRequest" computerName="VECTOR" duration="00:00:00.0180000" startTime="2018-05-24T17:14:44.1768433-04:00" endTime="2018-05-24T17:14:44.1768487-04:00" testType="13cdc9d9-ddb5-4fa4-a97d-d965ccfc6d4b" outcome="Passed" testListId="8c84fa94-04c1-424b-9868-57a2d4851a1d" relativeResultsDirectory="9db492de-24c7-4bb5-a4fa-6d375befa5ce" /><UnitTestResult executionId="973a091e-6e89-404f-9cca-c3cf7be2296a" testId="6000b4bf-d291-4458-9453-9b32abb1d087" testName="PostFile_NewFileCanBePosted" computerName="VECTOR" duration="00:00:00.0650000" startTime="2018-05-24T17:14:57.1350419-04:00" endTime="2018-05-24T17:14:57.1350476-04:00" testType="13cdc9d9-ddb5-4fa4-a97d-d965ccfc6d4b" outcome="Passed" testListId="8c84fa94-04c1-424b-9868-57a2d4851a1d" relativeResultsDirectory="973a091e-6e89-404f-9cca-c3cf7be2296a" /><UnitTestResult executionId="d94498bc-257d-462a-9468-c53182fed041" testId="c177e64b-82bc-4d3b-ad71-aec5c084c5e7" testName="Patch_TargetPropertyIsUpdated" computerName="VECTOR" duration="00:00:00.3220000" startTime="2018-05-24T17:14:43.7783489-04:00" endTime="2018-05-24T17:14:43.7783551-04:00" testType="13cdc9d9-ddb5-4fa4-a97d-d965ccfc6d4b" outcome="Passed" testListId="8c84fa94-04c1-424b-9868-57a2d4851a1d" relativeResultsDirectory="d94498bc-257d-462a-9468-c53182fed041" /><UnitTestResult executionId="2eec62db-8ae5-4c94-817c-f11c37c253d2" testId="57926ee7-c543-48d4-89b2-2bb24a993ce3" testName="Post_InvalidPropertyValueReturnsBadRequest" computerName="VECTOR" duration="00:00:00.0030000" startTime="2018-05-24T17:14:55.1965125-04:00" endTime="2018-05-24T17:14:55.1965188-04:00" testType="13cdc9d9-ddb5-4fa4-a97d-d965ccfc6d4b" outcome="Passed" testListId="8c84fa94-04c1-424b-9868-57a2d4851a1d" relativeResultsDirectory="2eec62db-8ae5-4c94-817c-f11c37c253d2" /><UnitTestResult executionId="965cc9ad-0d70-46a8-934b-864b5f428f73" testId="12396b86-b3ce-4335-99de-25097d1e0c9f" testName="Post_InvalidReferencePropertyReturnsBadRequest" computerName="VECTOR" duration="00:00:00.0050000" startTime="2018-05-24T17:14:55.1717152-04:00" endTime="2018-05-24T17:14:55.1717204-04:00" testType="13cdc9d9-ddb5-4fa4-a97d-d965ccfc6d4b" outcome="Passed" testListId="8c84fa94-04c1-424b-9868-57a2d4851a1d" relativeResultsDirectory="965cc9ad-0d70-46a8-934b-864b5f428f73" /><UnitTestResult executionId="0e0b76be-08db-42e2-a971-b7f1cd585526" testId="c57d527c-8fd1-4229-b857-f990e831d0d9" testName="Patch_ValidReferencePropertyUpdatesModel" computerName="VECTOR" duration="00:00:00.0070000" startTime="2018-05-24T17:14:42.3001094-04:00" endTime="2018-05-24T17:14:42.3001168-04:00" testType="13cdc9d9-ddb5-4fa4-a97d-d965ccfc6d4b" outcome="Passed" testListId="8c84fa94-04c1-424b-9868-57a2d4851a1d" relativeResultsDirectory="0e0b76be-08db-42e2-a971-b7f1cd585526" /><UnitTestResult executionId="264385ab-deac-4cc9-b25f-1b691e8e19e9" testId="0a46b8b6-c3a4-4e33-8a85-78ea3a4a2527" testName="GetSingle_ValidIdPropertyValueReturnsCorrectModel" computerName="VECTOR" duration="00:00:00.0060000" startTime="2018-05-24T17:14:57.2065817-04:00" endTime="2018-05-24T17:14:57.2065876-04:00" testType="13cdc9d9-ddb5-4fa4-a97d-d965ccfc6d4b" outcome="Passed" testListId="8c84fa94-04c1-424b-9868-57a2d4851a1d" relativeResultsDirectory="264385ab-deac-4cc9-b25f-1b691e8e19e9" /><UnitTestResult executionId="e9050fab-e4c1-4a56-8b34-d234e87cbcdf" testId="19e6b964-a8ca-4fd1-9979-dd6b5b779f2b" testName="PutFile_NewFileCanBePut" computerName="VECTOR" duration="00:00:00.0840000" startTime="2018-05-24T17:14:44.2626025-04:00" endTime="2018-05-24T17:14:44.2626082-04:00" testType="13cdc9d9-ddb5-4fa4-a97d-d965ccfc6d4b" outcome="Passed" testListId="8c84fa94-04c1-424b-9868-57a2d4851a1d" relativeResultsDirectory="e9050fab-e4c1-4a56-8b34-d234e87cbcdf" /><UnitTestResult executionId="6cf204d9-1b01-418a-a2e4-826d15a16f30" testId="ad1be7c2-a5fa-4320-8666-39834338c807" testName="Post_ValidReferencePropertyCreatesModel" computerName="VECTOR" duration="00:00:00.0110000" startTime="2018-05-24T17:14:45.1122662-04:00" endTime="2018-05-24T17:14:45.1122719-04:00" testType="13cdc9d9-ddb5-4fa4-a97d-d965ccfc6d4b" outcome="Passed" testListId="8c84fa94-04c1-424b-9868-57a2d4851a1d" relativeResultsDirectory="6cf204d9-1b01-418a-a2e4-826d15a16f30" /><UnitTestResult executionId="7d316fed-1fdd-4c64-8ed6-11e7bd628ea1" testId="c84f0d92-32b1-452d-a1e1-5dc47d9ca604" testName="GetSingle_InvalidIdPropertyValueReturnsNotFound" computerName="VECTOR" duration="00:00:00.0040000" startTime="2018-05-24T17:14:47.2218850-04:00" endTime="2018-05-24T17:14:47.2218878-04:00" testType="13cdc9d9-ddb5-4fa4-a97d-d965ccfc6d4b" outcome="Passed" testListId="8c84fa94-04c1-424b-9868-57a2d4851a1d" relativeResultsDirectory="7d316fed-1fdd-4c64-8ed6-11e7bd628ea1" /><UnitTestResult executionId="71699e44-f2c7-4039-b2fc-97906218701c" testId="8ad2986d-84a6-493a-86ae-dfb8c71c5359" testName="Put_InvalidReferencePropertyReturndBadRequest" computerName="VECTOR" duration="00:00:00.0160000" startTime="2018-05-24T17:14:47.2944460-04:00" endTime="2018-05-24T17:14:47.2944517-04:00" testType="13cdc9d9-ddb5-4fa4-a97d-d965ccfc6d4b" outcome="Passed" testListId="8c84fa94-04c1-424b-9868-57a2d4851a1d" relativeResultsDirectory="71699e44-f2c7-4039-b2fc-97906218701c" /><UnitTestResult executionId="f17572c1-d024-4818-8be8-f2847156238d" testId="5d1412e4-50ea-4e26-b402-2f1097c4a210" testName="Post_CanCreateNewModel" computerName="VECTOR" duration="00:00:00.0100000" startTime="2018-05-24T17:14:44.9969455-04:00" endTime="2018-05-24T17:14:44.9969521-04:00" testType="13cdc9d9-ddb5-4fa4-a97d-d965ccfc6d4b" outcome="Passed" testListId="8c84fa94-04c1-424b-9868-57a2d4851a1d" relativeResultsDirectory="f17572c1-d024-4818-8be8-f2847156238d" /><UnitTestResult executionId="f81fdcec-4a6e-44eb-b010-8d0f4d813885" testId="ff40537b-9c65-4e89-9486-84f1cdbe7802" testName="PostFile_FileTimeStampIsUpdatedAfterFileIsPosted" computerName="VECTOR" duration="00:00:00.0010000" startTime="2018-05-24T17:14:44.1783335-04:00" endTime="2018-05-24T17:14:44.1783357-04:00" testType="13cdc9d9-ddb5-4fa4-a97d-d965ccfc6d4b" outcome="Passed" testListId="8c84fa94-04c1-424b-9868-57a2d4851a1d" relativeResultsDirectory="f81fdcec-4a6e-44eb-b010-8d0f4d813885" /><UnitTestResult executionId="15606831-1332-49d8-a224-96871747ec5e" testId="b384fb6d-89e9-45e3-bd32-1b82eb306f6f" testName="PutFile_FileCanBeUpdated" computerName="VECTOR" duration="00:00:00.2090000" startTime="2018-05-24T17:14:49.2498341-04:00" endTime="2018-05-24T17:14:49.2498401-04:00" testType="13cdc9d9-ddb5-4fa4-a97d-d965ccfc6d4b" outcome="Passed" testListId="8c84fa94-04c1-424b-9868-57a2d4851a1d" relativeResultsDirectory="15606831-1332-49d8-a224-96871747ec5e" /><UnitTestResult executionId="ae318a4e-6a10-4fe2-9e96-b11ad989033a" testId="55420fec-df37-426a-9781-3bfef7ef0f09" testName="Patch_InvalidReferencePropertyReturnsBadRequest" computerName="VECTOR" duration="00:00:00.0130000" startTime="2018-05-24T17:14:47.2083898-04:00" endTime="2018-05-24T17:14:47.2083943-04:00" testType="13cdc9d9-ddb5-4fa4-a97d-d965ccfc6d4b" outcome="Passed" testListId="8c84fa94-04c1-424b-9868-57a2d4851a1d" relativeResultsDirectory="ae318a4e-6a10-4fe2-9e96-b11ad989033a" /><UnitTestResult executionId="f2d3c32b-c43f-4b00-95c7-50d06f063f0e" testId="4b784dcd-46be-4504-a1ec-b95fc91dc952" testName="Delete_TargetModelIsDeleted" computerName="VECTOR" duration="00:00:00.0160000" startTime="2018-05-24T17:14:57.2478399-04:00" endTime="2018-05-24T17:14:57.2478465-04:00" testType="13cdc9d9-ddb5-4fa4-a97d-d965ccfc6d4b" outcome="Passed" testListId="8c84fa94-04c1-424b-9868-57a2d4851a1d" relativeResultsDirectory="f2d3c32b-c43f-4b00-95c7-50d06f063f0e" /><UnitTestResult executionId="3978b413-831c-4884-8bea-d63b714645a8" testId="94474b88-ccea-4a85-a3e4-b5bde921b8c0" testName="Patch_MultipleInvalidReferencePropertiesReturnsMultipleValidationErrorsAndBadRequest" computerName="VECTOR" duration="00:00:00.0180000" startTime="2018-05-24T17:14:44.0590004-04:00" endTime="2018-05-24T17:14:44.0590075-04:00" testType="13cdc9d9-ddb5-4fa4-a97d-d965ccfc6d4b" outcome="Passed" testListId="8c84fa94-04c1-424b-9868-57a2d4851a1d" relativeResultsDirectory="3978b413-831c-4884-8bea-d63b714645a8" /><UnitTestResult executionId="282f32e8-9351-4852-afe9-a04687355dfb" testId="402b6de2-1835-4cd3-a5de-910f43a8dc59" testName="FileRequest_FileCanBeReadAfterRename" computerName="VECTOR" duration="00:00:00.0850000" startTime="2018-05-24T17:14:56.6521641-04:00" endTime="2018-05-24T17:14:56.6521706-04:00" testType="13cdc9d9-ddb5-4fa4-a97d-d965ccfc6d4b" outcome="Passed" testListId="8c84fa94-04c1-424b-9868-57a2d4851a1d" relativeResultsDirectory="282f32e8-9351-4852-afe9-a04687355dfb" /><UnitTestResult executionId="67a10a1f-52cd-4c85-9efd-7c89557af581" testId="8692dbcf-fc9e-48f4-beb3-c4dc93aa8948" testName="CameraHasExpectedDependentFiles" computerName="VECTOR" duration="00:00:00.0010000" startTime="2018-05-24T17:14:42.2825754-04:00" endTime="2018-05-24T17:14:42.2825780-04:00" testType="13cdc9d9-ddb5-4fa4-a97d-d965ccfc6d4b" outcome="Passed" testListId="8c84fa94-04c1-424b-9868-57a2d4851a1d" relativeResultsDirectory="67a10a1f-52cd-4c85-9efd-7c89557af581" /><UnitTestResult executionId="59273475-8345-401e-b0f0-f8a2f4fb4bad" testId="1fc8a21e-6ed1-41e2-af85-de56d24a54d2" testName="Put_InvalidReferencePropertyReturndBadRequest" computerName="VECTOR" duration="00:00:00.0110000" startTime="2018-05-24T17:14:57.3596976-04:00" endTime="2018-05-24T17:14:57.3597036-04:00" testType="13cdc9d9-ddb5-4fa4-a97d-d965ccfc6d4b" outcome="Passed" testListId="8c84fa94-04c1-424b-9868-57a2d4851a1d" relativeResultsDirectory="59273475-8345-401e-b0f0-f8a2f4fb4bad" /><UnitTestResult executionId="0739d918-8627-4cde-8b41-8cb6b1b9ce8f" testId="747a0aca-0ba9-40f8-8d41-c341da0f6188" testName="Patch_InvalidEnumPropertyValueReturnsBadRequest" computerName="VECTOR" duration="00:00:00.0150000" startTime="2018-05-24T17:14:54.6519622-04:00" endTime="2018-05-24T17:14:54.6519699-04:00" testType="13cdc9d9-ddb5-4fa4-a97d-d965ccfc6d4b" outcome="Passed" testListId="8c84fa94-04c1-424b-9868-57a2d4851a1d" relativeResultsDirectory="0739d918-8627-4cde-8b41-8cb6b1b9ce8f" /><UnitTestResult executionId="afb95a43-3f06-4e80-8f3b-01e05113887b" testId="c9e431d0-8ff3-46f8-b284-c4616f6f155e" testName="GetFile_FileCanBeRoundTripped" computerName="VECTOR" duration="00:00:00.0640000" startTime="2018-05-24T17:14:57.1997909-04:00" endTime="2018-05-24T17:14:57.1998011-04:00" testType="13cdc9d9-ddb5-4fa4-a97d-d965ccfc6d4b" outcome="Passed" testListId="8c84fa94-04c1-424b-9868-57a2d4851a1d" relativeResultsDirectory="afb95a43-3f06-4e80-8f3b-01e05113887b" /><UnitTestResult executionId="7d21bc43-6dac-45ae-8763-99b367d81409" testId="3c69a576-d2fc-4eaa-839f-061a1b68114b" testName="PutFile_NewFileCanBePut" computerName="VECTOR" duration="00:00:00.0640000" startTime="2018-05-24T17:14:47.3772012-04:00" endTime="2018-05-24T17:14:47.3772058-04:00" testType="13cdc9d9-ddb5-4fa4-a97d-d965ccfc6d4b" outcome="Passed" testListId="8c84fa94-04c1-424b-9868-57a2d4851a1d" relativeResultsDirectory="7d21bc43-6dac-45ae-8763-99b367d81409" /><UnitTestResult executionId="445caf62-1c07-4ba2-b58c-3ab7bcfd5af9" testId="e6ba31e8-2f37-472a-b697-9985fd081dbe" testName="FileRequest_MeshGenerateSetsFileIsSynchronized" computerName="VECTOR" duration="00:00:02.1010000" startTime="2018-05-24T17:14:52.5456764-04:00" endTime="2018-05-24T17:14:52.5456823-04:00" testType="13cdc9d9-ddb5-4fa4-a97d-d965ccfc6d4b" outcome="Passed" testListId="8c84fa94-04c1-424b-9868-57a2d4851a1d" relativeResultsDirectory="445caf62-1c07-4ba2-b58c-3ab7bcfd5af9" /><UnitTestResult executionId="77dfc043-8857-4753-a920-f8d99108bdfe" testId="d5a338af-d2b9-48ea-8eee-2e9fd2ec1f8f" testName="Patch_InvalidEnumPropertyValueReturnsBadRequest" computerName="VECTOR" duration="00:00:00.0020000" startTime="2018-05-24T17:14:43.2428645-04:00" endTime="2018-05-24T17:14:43.2428670-04:00" testType="13cdc9d9-ddb5-4fa4-a97d-d965ccfc6d4b" outcome="Passed" testListId="8c84fa94-04c1-424b-9868-57a2d4851a1d" relativeResultsDirectory="77dfc043-8857-4753-a920-f8d99108bdfe" /><UnitTestResult executionId="95d63351-da5e-4ef3-ba84-5c7aa6f85a8e" testId="32727663-1a49-4281-b5da-5936d87e42a5" testName="GetFile_ExistingFileReturnsSuccess" computerName="VECTOR" duration="00:00:00.0650000" startTime="2018-05-24T17:14:44.4660068-04:00" endTime="2018-05-24T17:14:44.4660139-04:00" testType="13cdc9d9-ddb5-4fa4-a97d-d965ccfc6d4b" outcome="Passed" testListId="8c84fa94-04c1-424b-9868-57a2d4851a1d" relativeResultsDirectory="95d63351-da5e-4ef3-ba84-5c7aa6f85a8e" /><UnitTestResult executionId="c57ff3b7-0bac-4922-a412-d5cde6dc2a6a" testId="4c15cacf-dec0-4344-9a20-8143592aa8dd" testName="Patch_InvalidPropertyNameReturnsBadRequest" computerName="VECTOR" duration="00:00:00.0150000" startTime="2018-05-24T17:14:44.8804301-04:00" endTime="2018-05-24T17:14:44.8804353-04:00" testType="13cdc9d9-ddb5-4fa4-a97d-d965ccfc6d4b" outcome="Passed" testListId="8c84fa94-04c1-424b-9868-57a2d4851a1d" relativeResultsDirectory="c57ff3b7-0bac-4922-a412-d5cde6dc2a6a" /><UnitTestResult executionId="390823f4-d00b-4cdb-9845-eec15a9ed764" testId="ab3d6294-f536-4f43-8f02-447f51c74d6a" testName="Patch_InvalidReferencePropertyReturnsBadRequest" computerName="VECTOR" duration="00:00:00.0120000" startTime="2018-05-24T17:14:55.1563218-04:00" endTime="2018-05-24T17:14:55.1563278-04:00" testType="13cdc9d9-ddb5-4fa4-a97d-d965ccfc6d4b" outcome="Passed" testListId="8c84fa94-04c1-424b-9868-57a2d4851a1d" relativeResultsDirectory="390823f4-d00b-4cdb-9845-eec15a9ed764" /><UnitTestResult executionId="20a4761c-d824-4f64-8e23-9b0b0faf631b" testId="029f95e5-b081-4f0f-99e4-8d9b6a2d70fb" testName="Post_InvalidPropertyValueReturnsBadRequest" computerName="VECTOR" duration="00:00:00.0030000" startTime="2018-05-24T17:14:57.4052138-04:00" endTime="2018-05-24T17:14:57.4052189-04:00" testType="13cdc9d9-ddb5-4fa4-a97d-d965ccfc6d4b" outcome="Passed" testListId="8c84fa94-04c1-424b-9868-57a2d4851a1d" relativeResultsDirectory="20a4761c-d824-4f64-8e23-9b0b0faf631b" /><UnitTestResult executionId="3884fecb-2251-446a-bad1-86a7d07a4f35" testId="0e6a8442-097e-4adc-a0fd-a2148fb07228" testName="Patch_InvalidReferencePropertyReturnsBadRequest" computerName="VECTOR" duration="00:00:00.0100000" startTime="2018-05-24T17:14:57.4620286-04:00" endTime="2018-05-24T17:14:57.4620360-04:00" testType="13cdc9d9-ddb5-4fa4-a97d-d965ccfc6d4b" outcome="Passed" testListId="8c84fa94-04c1-424b-9868-57a2d4851a1d" relativeResultsDirectory="3884fecb-2251-446a-bad1-86a7d07a4f35" /><UnitTestResult executionId="4742029c-7220-4970-8d6a-997dab707d08" testId="0a1ea722-326b-4415-ac4a-c9fe1f9cd89a" testName="Patch_TargetPropertyIsUpdated" computerName="VECTOR" duration="00:00:00.0360000" startTime="2018-05-24T17:14:54.9806441-04:00" endTime="2018-05-24T17:14:54.9806507-04:00" testType="13cdc9d9-ddb5-4fa4-a97d-d965ccfc6d4b" outcome="Passed" testListId="8c84fa94-04c1-424b-9868-57a2d4851a1d" relativeResultsDirectory="4742029c-7220-4970-8d6a-997dab707d08" /><UnitTestResult executionId="6b459008-aefa-4386-b2ea-0e44dcd23735" testId="9dc9f9c4-16ee-4eb7-8244-e2cac732d5df" testName="Put_InvalidIdReturnsNotFound" computerName="VECTOR" duration="00:00:00.0130000" startTime="2018-05-24T17:14:55.1931404-04:00" endTime="2018-05-24T17:14:55.1931470-04:00" testType="13cdc9d9-ddb5-4fa4-a97d-d965ccfc6d4b" outcome="Passed" testListId="8c84fa94-04c1-424b-9868-57a2d4851a1d" relativeResultsDirectory="6b459008-aefa-4386-b2ea-0e44dcd23735" /><UnitTestResult executionId="062514db-f950-4416-9f43-2397a2ad47a9" testId="8fa1eb3a-17ef-4828-a2b2-321bef50a82e" testName="Post_CanCreateNewModel" computerName="VECTOR" duration="00:00:00.0150000" startTime="2018-05-24T17:14:54.9443139-04:00" endTime="2018-05-24T17:14:54.9443201-04:00" testType="13cdc9d9-ddb5-4fa4-a97d-d965ccfc6d4b" outcome="Passed" testListId="8c84fa94-04c1-424b-9868-57a2d4851a1d" relativeResultsDirectory="062514db-f950-4416-9f43-2397a2ad47a9" /><UnitTestResult executionId="eb6c160f-c519-40c9-a6d1-393eb68cb89e" testId="3578e3f7-1ac4-41f9-b775-23cf40e5f2fc" testName="Put_InvalidIdReturnsNotFound" computerName="VECTOR" duration="00:00:00.0280000" startTime="2018-05-24T17:14:43.2347626-04:00" endTime="2018-05-24T17:14:43.2347685-04:00" testType="13cdc9d9-ddb5-4fa4-a97d-d965ccfc6d4b" outcome="Passed" testListId="8c84fa94-04c1-424b-9868-57a2d4851a1d" relativeResultsDirectory="eb6c160f-c519-40c9-a6d1-393eb68cb89e" /><UnitTestResult executionId="545717c0-d22c-42e6-98d4-034d0597fe3d" testId="023c19ae-2cec-499d-9890-ce247b50e63d" testName="Put_InvalidReferencePropertyReturndBadRequest" computerName="VECTOR" duration="00:00:00.0020000" startTime="2018-05-24T17:14:43.3675039-04:00" endTime="2018-05-24T17:14:43.3675053-04:00" testType="13cdc9d9-ddb5-4fa4-a97d-d965ccfc6d4b" outcome="Passed" testListId="8c84fa94-04c1-424b-9868-57a2d4851a1d" relativeResultsDirectory="545717c0-d22c-42e6-98d4-034d0597fe3d" /><UnitTestResult executionId="469d4abc-01a2-4121-83bc-55ff0fda5ce7" testId="5c16dccf-3433-4025-a622-1c8ab61c0458" testName="Post_InvalidReferencePropertyReturnsBadRequest" computerName="VECTOR" duration="00:00:00.0040000" startTime="2018-05-24T17:14:42.8206848-04:00" endTime="2018-05-24T17:14:42.8206925-04:00" testType="13cdc9d9-ddb5-4fa4-a97d-d965ccfc6d4b" outcome="Passed" testListId="8c84fa94-04c1-424b-9868-57a2d4851a1d" relativeResultsDirectory="469d4abc-01a2-4121-83bc-55ff0fda5ce7" /><UnitTestResult executionId="79a40c9f-28fc-4229-a4ac-eebf1cd94e48" testId="7535161b-f5b7-4cf4-8f2e-f3b9088ba928" testName="Put_InvalidIdReturnsNotFound" computerName="VECTOR" duration="00:00:00.1260000" startTime="2018-05-24T17:14:44.8654029-04:00" endTime="2018-05-24T17:14:44.8654089-04:00" testType="13cdc9d9-ddb5-4fa4-a97d-d965ccfc6d4b" outcome="Passed" testListId="8c84fa94-04c1-424b-9868-57a2d4851a1d" relativeResultsDirectory="79a40c9f-28fc-4229-a4ac-eebf1cd94e48" /><UnitTestResult executionId="dea6723a-faae-4e6f-b941-cd2159c85e25" testId="711000b0-4557-4127-a708-84642c465941" testName="Put_ValidReferencePropertyUpdatesModel" computerName="VECTOR" duration="00:00:00.0560000" startTime="2018-05-24T17:14:45.0982234-04:00" endTime="2018-05-24T17:14:45.0982328-04:00" testType="13cdc9d9-ddb5-4fa4-a97d-d965ccfc6d4b" outcome="Passed" testListId="8c84fa94-04c1-424b-9868-57a2d4851a1d" relativeResultsDirectory="dea6723a-faae-4e6f-b941-cd2159c85e25" /><UnitTestResult executionId="0c17716d-7f50-4629-aff2-21f83a1a90a7" testId="69fe4b0a-3cd3-4430-be8e-5b64295b6470" testName="Patch_InvalidIdPropertyReturnsNotFound" computerName="VECTOR" duration="00:00:00.0050000" startTime="2018-05-24T17:14:57.3969216-04:00" endTime="2018-05-24T17:14:57.3969248-04:00" testType="13cdc9d9-ddb5-4fa4-a97d-d965ccfc6d4b" outcome="Passed" testListId="8c84fa94-04c1-424b-9868-57a2d4851a1d" relativeResultsDirectory="0c17716d-7f50-4629-aff2-21f83a1a90a7" /><UnitTestResult executionId="e8431bd8-5e09-4421-9502-8792a7c08e72" testId="c9e7bd8c-e7aa-4408-9a3c-f8ec9e930d9a" testName="Put_InvalidIdReturnsNotFound" computerName="VECTOR" duration="00:00:00.4740000" startTime="2018-05-24T17:14:46.1379969-04:00" endTime="2018-05-24T17:14:46.1380035-04:00" testType="13cdc9d9-ddb5-4fa4-a97d-d965ccfc6d4b" outcome="Passed" testListId="8c84fa94-04c1-424b-9868-57a2d4851a1d" relativeResultsDirectory="e8431bd8-5e09-4421-9502-8792a7c08e72" /><UnitTestResult executionId="12f88092-fb8b-4513-80a8-3e9d86470991" testId="c78d024e-98ae-4bc0-be24-aa64f42b2fc9" testName="GetSingle_InvalidIdPropertyValueReturnsNotFound" computerName="VECTOR" duration="00:00:00.0040000" startTime="2018-05-24T17:14:45.2217357-04:00" endTime="2018-05-24T17:14:45.2217417-04:00" testType="13cdc9d9-ddb5-4fa4-a97d-d965ccfc6d4b" outcome="Passed" testListId="8c84fa94-04c1-424b-9868-57a2d4851a1d" relativeResultsDirectory="12f88092-fb8b-4513-80a8-3e9d86470991" /><UnitTestResult executionId="255a9585-1d81-482b-9b16-f422f8f99696" testId="1aa4f5b3-4c70-4e0d-bdd9-ab168c5a46cb" testName="GetFile_ExistingFileReturnsSuccess" computerName="VECTOR" duration="00:00:00.0160000" startTime="2018-05-24T17:14:49.2657088-04:00" endTime="2018-05-24T17:14:49.2657162-04:00" testType="13cdc9d9-ddb5-4fa4-a97d-d965ccfc6d4b" outcome="Passed" testListId="8c84fa94-04c1-424b-9868-57a2d4851a1d" relativeResultsDirectory="255a9585-1d81-482b-9b16-f422f8f99696" /><UnitTestResult executionId="6140cbd6-02ba-4317-973e-2592fdc9db95" testId="c2d36eb6-2e08-4989-b1ea-1f694c9f7137" testName="GetFile_NonExistentFileReturnsNotFound" computerName="VECTOR" duration="00:00:00.0060000" startTime="2018-05-24T17:14:44.7380878-04:00" endTime="2018-05-24T17:14:44.7380927-04:00" testType="13cdc9d9-ddb5-4fa4-a97d-d965ccfc6d4b" outcome="Passed" testListId="8c84fa94-04c1-424b-9868-57a2d4851a1d" relativeResultsDirectory="6140cbd6-02ba-4317-973e-2592fdc9db95" /><UnitTestResult executionId="1e2fe006-571e-4db6-a3a3-8fad7029ec61" testId="a3f62cfd-2508-423f-92c4-5dd220ba4915" testName="Patch_TargetPropertyIsUpdated" computerName="VECTOR" duration="00:00:00.0360000" startTime="2018-05-24T17:14:47.1845629-04:00" endTime="2018-05-24T17:14:47.1845691-04:00" testType="13cdc9d9-ddb5-4fa4-a97d-d965ccfc6d4b" outcome="Passed" testListId="8c84fa94-04c1-424b-9868-57a2d4851a1d" relativeResultsDirectory="1e2fe006-571e-4db6-a3a3-8fad7029ec61" /><UnitTestResult executionId="e3873360-b36e-40f7-b87f-482be52548e1" testId="5514edc2-86c3-44eb-b46f-1299f56e93f4" testName="Post_InvalidPropertyValueReturnsBadRequest" computerName="VECTOR" duration="00:00:00.0020000" startTime="2018-05-24T17:14:43.9473079-04:00" endTime="2018-05-24T17:14:43.9473104-04:00" testType="13cdc9d9-ddb5-4fa4-a97d-d965ccfc6d4b" outcome="Passed" testListId="8c84fa94-04c1-424b-9868-57a2d4851a1d" relativeResultsDirectory="e3873360-b36e-40f7-b87f-482be52548e1" /><UnitTestResult executionId="942594b9-34c4-456f-af75-0fbc48d162ba" testId="62364826-3d01-4386-ae5d-95bdd04a4304" testName="FileRequest_DepthBufferIsInvalidatedAfterCameraDependencyPropertyChange" computerName="VECTOR" duration="00:00:00.2670000" startTime="2018-05-24T17:14:56.9193473-04:00" endTime="2018-05-24T17:14:56.9193539-04:00" testType="13cdc9d9-ddb5-4fa4-a97d-d965ccfc6d4b" outcome="Passed" testListId="8c84fa94-04c1-424b-9868-57a2d4851a1d" relativeResultsDirectory="942594b9-34c4-456f-af75-0fbc48d162ba" /><UnitTestResult executionId="c54f980b-d43f-4868-8f0a-80f0d223e283" testId="fd57fd94-509b-4910-a664-c3136305d87f" testName="LucyCameraFindsAllDependents" computerName="VECTOR" duration="00:00:00.0080000" startTime="2018-05-24T17:14:42.2821165-04:00" endTime="2018-05-24T17:14:42.2821202-04:00" testType="13cdc9d9-ddb5-4fa4-a97d-d965ccfc6d4b" outcome="Passed" testListId="8c84fa94-04c1-424b-9868-57a2d4851a1d" relativeResultsDirectory="c54f980b-d43f-4868-8f0a-80f0d223e283" /><UnitTestResult executionId="152dce4d-84b1-429d-add1-1e15f79aedc5" testId="0cf90083-c528-49bb-bb7a-96d3a30b49e0" testName="Patch_MultipleInvalidReferencePropertiesReturnsMultipleValidationErrorsAndBadRequest" computerName="VECTOR" duration="00:00:00.0150000" startTime="2018-05-24T17:14:44.9862669-04:00" endTime="2018-05-24T17:14:44.9862723-04:00" testType="13cdc9d9-ddb5-4fa4-a97d-d965ccfc6d4b" outcome="Passed" testListId="8c84fa94-04c1-424b-9868-57a2d4851a1d" relativeResultsDirectory="152dce4d-84b1-429d-add1-1e15f79aedc5" /><UnitTestResult executionId="6e1ea397-48e4-47f5-b0c0-7b143fac0d6c" testId="5f766f19-076d-4582-8ac1-37c19fdee259" testName="Put_CanUpdateModel" computerName="VECTOR" duration="00:00:00.0270000" startTime="2018-05-24T17:14:45.2170679-04:00" endTime="2018-05-24T17:14:45.2170739-04:00" testType="13cdc9d9-ddb5-4fa4-a97d-d965ccfc6d4b" outcome="Passed" testListId="8c84fa94-04c1-424b-9868-57a2d4851a1d" relativeResultsDirectory="6e1ea397-48e4-47f5-b0c0-7b143fac0d6c" /><UnitTestResult executionId="edad063e-70ee-4b91-9caa-b5d8d218f8ce" testId="2669eca0-7029-4015-a917-e57ea3da8623" testName="Put_InvalidIdReturnsNotFound" computerName="VECTOR" duration="00:00:00.0090000" startTime="2018-05-24T17:14:57.2312278-04:00" endTime="2018-05-24T17:14:57.2312332-04:00" testType="13cdc9d9-ddb5-4fa4-a97d-d965ccfc6d4b" outcome="Passed" testListId="8c84fa94-04c1-424b-9868-57a2d4851a1d" relativeResultsDirectory="edad063e-70ee-4b91-9caa-b5d8d218f8ce" /><UnitTestResult executionId="6dddf3e8-83b4-4fb8-9056-d963e94b2e9f" testId="16a0b71b-e4fd-49ad-bbac-f8c04ca5529f" testName="Post_CanCreateNewModel" computerName="VECTOR" duration="00:00:00.0110000" startTime="2018-05-24T17:14:47.1954806-04:00" endTime="2018-05-24T17:14:47.1954860-04:00" testType="13cdc9d9-ddb5-4fa4-a97d-d965ccfc6d4b" outcome="Passed" testListId="8c84fa94-04c1-424b-9868-57a2d4851a1d" relativeResultsDirectory="6dddf3e8-83b4-4fb8-9056-d963e94b2e9f" /><UnitTestResult executionId="61fcf997-6fcc-469d-996b-5fbb9bebe3a9" testId="d42a9062-8fef-430f-8f4f-6978ea3a75e9" testName="GetSingle_ValidIdPropertyValueReturnsCorrectModel" computerName="VECTOR" duration="00:00:00.0050000" startTime="2018-05-24T17:14:43.9526629-04:00" endTime="2018-05-24T17:14:43.9526663-04:00" testType="13cdc9d9-ddb5-4fa4-a97d-d965ccfc6d4b" outcome="Passed" testListId="8c84fa94-04c1-424b-9868-57a2d4851a1d" relativeResultsDirectory="61fcf997-6fcc-469d-996b-5fbb9bebe3a9" /><UnitTestResult executionId="ba60c863-bc6d-4400-9a4b-dd1da645b23d" testId="f692c154-e979-4a33-a7ab-c7990a12a77a" testName="Patch_InvalidPropertyNameReturnsBadRequest" computerName="VECTOR" duration="00:00:00.0060000" startTime="2018-05-24T17:14:54.7690683-04:00" endTime="2018-05-24T17:14:54.7690734-04:00" testType="13cdc9d9-ddb5-4fa4-a97d-d965ccfc6d4b" outcome="Passed" testListId="8c84fa94-04c1-424b-9868-57a2d4851a1d" relativeResultsDirectory="ba60c863-bc6d-4400-9a4b-dd1da645b23d" /><UnitTestResult executionId="9441f389-3b73-47fd-92ea-4a20f15a4b34" testId="9c5d04d2-ac93-494d-8447-eccaefc1a9c7" testName="GetFile_ExistingFileReturnsSuccess" computerName="VECTOR" duration="00:00:00.0200000" startTime="2018-05-24T17:14:55.3052864-04:00" endTime="2018-05-24T17:14:55.3052929-04:00" testType="13cdc9d9-ddb5-4fa4-a97d-d965ccfc6d4b" outcome="Passed" testListId="8c84fa94-04c1-424b-9868-57a2d4851a1d" relativeResultsDirectory="9441f389-3b73-47fd-92ea-4a20f15a4b34" /><UnitTestResult executionId="293c3603-dce9-4ca5-989f-0d70d48ed5c2" testId="fcb77cc5-8904-40b5-ae68-5b495ffd8646" testName="Post_InvalidReferencePropertyReturnsBadRequest" computerName="VECTOR" duration="00:00:00.0050000" startTime="2018-05-24T17:14:45.2322652-04:00" endTime="2018-05-24T17:14:45.2322697-04:00" testType="13cdc9d9-ddb5-4fa4-a97d-d965ccfc6d4b" outcome="Passed" testListId="8c84fa94-04c1-424b-9868-57a2d4851a1d" relativeResultsDirectory="293c3603-dce9-4ca5-989f-0d70d48ed5c2" /><UnitTestResult executionId="5bc6029e-a6dd-4a5a-b85a-792b4b8eb67d" testId="4d194756-3be1-40f5-81be-3398d2a0f5c3" testName="Put_ValidReferencePropertyUpdatesModel" computerName="VECTOR" duration="00:00:00.0260000" startTime="2018-05-24T17:14:44.0215712-04:00" endTime="2018-05-24T17:14:44.0215771-04:00" testType="13cdc9d9-ddb5-4fa4-a97d-d965ccfc6d4b" outcome="Passed" testListId="8c84fa94-04c1-424b-9868-57a2d4851a1d" relativeResultsDirectory="5bc6029e-a6dd-4a5a-b85a-792b4b8eb67d" /><UnitTestResult executionId="a065dbcc-e77d-4b67-ad3c-8b028cf87a53" testId="c0735903-3fa3-4f7c-be15-736f3009aeed" testName="Put_InvalidReferencePropertyReturndBadRequest" computerName="VECTOR" duration="00:00:00.0080000" startTime="2018-05-24T17:14:45.1209163-04:00" endTime="2018-05-24T17:14:45.1209206-04:00" testType="13cdc9d9-ddb5-4fa4-a97d-d965ccfc6d4b" outcome="Passed" testListId="8c84fa94-04c1-424b-9868-57a2d4851a1d" relativeResultsDirectory="a065dbcc-e77d-4b67-ad3c-8b028cf87a53" /><UnitTestResult executionId="383c5900-c39e-4505-96f9-43ec228866a7" testId="d6bd8750-fa3b-4d1f-a385-513ce99aaa3a" testName="Patch_InvalidIdPropertyReturnsNotFound" computerName="VECTOR" duration="00:00:00.0050000" startTime="2018-05-24T17:14:54.9287437-04:00" endTime="2018-05-24T17:14:54.9287488-04:00" testType="13cdc9d9-ddb5-4fa4-a97d-d965ccfc6d4b" outcome="Passed" testListId="8c84fa94-04c1-424b-9868-57a2d4851a1d" relativeResultsDirectory="383c5900-c39e-4505-96f9-43ec228866a7" /><UnitTestResult executionId="b01d1710-390c-4788-867a-d0f8d3548f5e" testId="cc15f2ab-b9d6-4780-9a26-ade9f92516bd" testName="Patch_InvalidReferencePropertyReturnsBadRequest" computerName="VECTOR" duration="00:00:00.0140000" startTime="2018-05-24T17:14:44.1443346-04:00" endTime="2018-05-24T17:14:44.1443397-04:00" testType="13cdc9d9-ddb5-4fa4-a97d-d965ccfc6d4b" outcome="Passed" testListId="8c84fa94-04c1-424b-9868-57a2d4851a1d" relativeResultsDirectory="b01d1710-390c-4788-867a-d0f8d3548f5e" /><UnitTestResult executionId="14958047-4ce6-43a3-bf36-a77d386d10fc" testId="d024ae74-2463-4a6f-86c6-a09e4deb5c2a" testName="Patch_InvalidEnumPropertyValueReturnsBadRequest" computerName="VECTOR" duration="00:00:00.0010000" startTime="2018-05-24T17:14:45.1254710-04:00" endTime="2018-05-24T17:14:45.1254722-04:00" testType="13cdc9d9-ddb5-4fa4-a97d-d965ccfc6d4b" outcome="Passed" testListId="8c84fa94-04c1-424b-9868-57a2d4851a1d" relativeResultsDirectory="14958047-4ce6-43a3-bf36-a77d386d10fc" /><UnitTestResult executionId="937d47a9-2235-49ef-9745-6fec43f60934" testId="838bf784-ad18-40c8-b1bb-ebe6db9b6b60" testName="GetList_ListReturnsCorrectCount" computerName="VECTOR" duration="00:00:00.4310000" startTime="2018-05-24T17:14:45.6640137-04:00" endTime="2018-05-24T17:14:45.6640197-04:00" testType="13cdc9d9-ddb5-4fa4-a97d-d965ccfc6d4b" outcome="Passed" testListId="8c84fa94-04c1-424b-9868-57a2d4851a1d" relativeResultsDirectory="937d47a9-2235-49ef-9745-6fec43f60934" /><UnitTestResult executionId="d19308fa-c1c8-427f-abba-202e4ca969a9" testId="3306578d-0805-4045-be9c-1abdbb798142" testName="GetList_ListReturnsCorrectCount" computerName="VECTOR" duration="00:00:00.0790000" startTime="2018-05-24T17:14:43.3632662-04:00" endTime="2018-05-24T17:14:43.3632722-04:00" testType="13cdc9d9-ddb5-4fa4-a97d-d965ccfc6d4b" outcome="Passed" testListId="8c84fa94-04c1-424b-9868-57a2d4851a1d" relativeResultsDirectory="d19308fa-c1c8-427f-abba-202e4ca969a9" /><UnitTestResult executionId="c2a9d3c2-cd88-4ec9-a522-ac2bcd1caeb8" testId="d7a8d951-1692-4764-ba54-65bf4fa9fdc1" testName="PutFile_FileCanBeUpdated" computerName="VECTOR" duration="00:00:00.1380000" startTime="2018-05-24T17:14:44.4010263-04:00" endTime="2018-05-24T17:14:44.4010328-04:00" testType="13cdc9d9-ddb5-4fa4-a97d-d965ccfc6d4b" outcome="Passed" testListId="8c84fa94-04c1-424b-9868-57a2d4851a1d" relativeResultsDirectory="c2a9d3c2-cd88-4ec9-a522-ac2bcd1caeb8" /><UnitTestResult executionId="481940a3-b836-4843-9cd5-c6a78537f1cf" testId="7cd6eed2-d1b8-4cca-bc48-bf5466d0aeac" testName="Patch_InvalidPropertyNameReturnsBadRequest" computerName="VECTOR" duration="00:00:00.5110000" startTime="2018-05-24T17:14:42.8118579-04:00" endTime="2018-05-24T17:14:42.8118647-04:00" testType="13cdc9d9-ddb5-4fa4-a97d-d965ccfc6d4b" outcome="Passed" testListId="8c84fa94-04c1-424b-9868-57a2d4851a1d" relativeResultsDirectory="481940a3-b836-4843-9cd5-c6a78537f1cf" /><UnitTestResult executionId="7da7103b-68e0-4635-95e1-0620225ea56f" testId="dec03628-8648-4f77-adf6-9b9f8a42fcda" testName="GetSingle_ValidIdPropertyValueReturnsCorrectModel" computerName="VECTOR" duration="00:00:00.0060000" startTime="2018-05-24T17:14:47.2777429-04:00" endTime="2018-05-24T17:14:47.2777480-04:00" testType="13cdc9d9-ddb5-4fa4-a97d-d965ccfc6d4b" outcome="Passed" testListId="8c84fa94-04c1-424b-9868-57a2d4851a1d" relativeResultsDirectory="7da7103b-68e0-4635-95e1-0620225ea56f" /><UnitTestResult executionId="9621f111-80d0-48aa-895d-6491b6512442" testId="bc5652ad-8bfa-4e6b-aedc-fe79de24469d" testName="Patch_InvalidIdPropertyReturnsNotFound" computerName="VECTOR" duration="00:00:00.0050000" startTime="2018-05-24T17:14:47.2177993-04:00" endTime="2018-05-24T17:14:47.2178059-04:00" testType="13cdc9d9-ddb5-4fa4-a97d-d965ccfc6d4b" outcome="Passed" testListId="8c84fa94-04c1-424b-9868-57a2d4851a1d" relativeResultsDirectory="9621f111-80d0-48aa-895d-6491b6512442" /><UnitTestResult executionId="6687b7ef-0e75-4130-9f89-82aacdcd936f" testId="ebe085f3-2f31-455a-869f-ba34cc047e5a" testName="Patch_InvalidEnumPropertyValueReturnsBadRequest" computerName="VECTOR" duration="00:00:00.0040000" startTime="2018-05-24T17:14:47.1479237-04:00" endTime="2018-05-24T17:14:47.1479268-04:00" testType="13cdc9d9-ddb5-4fa4-a97d-d965ccfc6d4b" outcome="Passed" testListId="8c84fa94-04c1-424b-9868-57a2d4851a1d" relativeResultsDirectory="6687b7ef-0e75-4130-9f89-82aacdcd936f" /><UnitTestResult executionId="5d46ba1e-d034-41ce-b2f9-00eb9a541936" testId="24ef282c-575c-4b52-b4ef-0240cb674a2a" testName="Delete_TargetModelIsDeleted" computerName="VECTOR" duration="00:00:00.0170000" startTime="2018-05-24T17:14:54.9230700-04:00" endTime="2018-05-24T17:14:54.9230759-04:00" testType="13cdc9d9-ddb5-4fa4-a97d-d965ccfc6d4b" outcome="Passed" testListId="8c84fa94-04c1-424b-9868-57a2d4851a1d" relativeResultsDirectory="5d46ba1e-d034-41ce-b2f9-00eb9a541936" /><UnitTestResult executionId="66be017f-0dc6-45fa-b2f6-fc9785ce63b8" testId="632e8519-4230-4899-9819-a082bde86186" testName="FileRequest_FileCanBeReadAfterRename" computerName="VECTOR" duration="00:00:00.0830000" startTime="2018-05-24T17:14:52.7112906-04:00" endTime="2018-05-24T17:14:52.7112974-04:00" testType="13cdc9d9-ddb5-4fa4-a97d-d965ccfc6d4b" outcome="Passed" testListId="8c84fa94-04c1-424b-9868-57a2d4851a1d" relativeResultsDirectory="66be017f-0dc6-45fa-b2f6-fc9785ce63b8" /><UnitTestResult executionId="b475dcfd-301f-4df0-af9a-f632e35dc7af" testId="f618da99-b98d-4092-bddc-94df83ad8afc" testName="Post_CanCreateNewModel" computerName="VECTOR" duration="00:00:00.0140000" startTime="2018-05-24T17:14:57.2214648-04:00" endTime="2018-05-24T17:14:57.2214705-04:00" testType="13cdc9d9-ddb5-4fa4-a97d-d965ccfc6d4b" outcome="Passed" testListId="8c84fa94-04c1-424b-9868-57a2d4851a1d" relativeResultsDirectory="b475dcfd-301f-4df0-af9a-f632e35dc7af" /><UnitTestResult executionId="62940687-5ed0-408a-a1e2-faf0d11de7f2" testId="c25b26f3-573f-4fa0-8a47-43a88c111212" testName="GetSingle_InvalidIdPropertyValueReturnsNotFound" computerName="VECTOR" duration="00:00:00.0050000" startTime="2018-05-24T17:14:57.2943854-04:00" endTime="2018-05-24T17:14:57.2943911-04:00" testType="13cdc9d9-ddb5-4fa4-a97d-d965ccfc6d4b" outcome="Passed" testListId="8c84fa94-04c1-424b-9868-57a2d4851a1d" relativeResultsDirectory="62940687-5ed0-408a-a1e2-faf0d11de7f2" /><UnitTestResult executionId="07e0b234-0ba0-4c89-9a3e-25ff86a3e3fd" testId="084c16c8-43b8-4fc4-b744-c7d3d5113a9c" testName="PostFile_FileTimeStampIsUpdatedAfterFileIsPosted" computerName="VECTOR" duration="00:00:01.1510000" startTime="2018-05-24T17:14:56.4570087-04:00" endTime="2018-05-24T17:14:56.4570147-04:00" testType="13cdc9d9-ddb5-4fa4-a97d-d965ccfc6d4b" outcome="Passed" testListId="8c84fa94-04c1-424b-9868-57a2d4851a1d" relativeResultsDirectory="07e0b234-0ba0-4c89-9a3e-25ff86a3e3fd" /><UnitTestResult executionId="ed56751a-5eac-4497-a739-ff3e7ad994e2" testId="6c604447-544d-4053-bfe8-0ddbf48cef1a" testName="Post_InvalidReferencePropertyReturnsBadRequest" computerName="VECTOR" duration="00:00:00.0700000" startTime="2018-05-24T17:14:43.4560621-04:00" endTime="2018-05-24T17:14:43.4560678-04:00" testType="13cdc9d9-ddb5-4fa4-a97d-d965ccfc6d4b" outcome="Passed" testListId="8c84fa94-04c1-424b-9868-57a2d4851a1d" relativeResultsDirectory="ed56751a-5eac-4497-a739-ff3e7ad994e2" /><UnitTestResult executionId="1f5a17b5-9d02-4468-8762-cf613d1bd7f3" testId="8b7345fb-26ec-458d-ba35-7afd2201af65" testName="Patch_TargetPropertyIsUpdated" computerName="VECTOR" duration="00:00:00.0390000" startTime="2018-05-24T17:14:57.5481564-04:00" endTime="2018-05-24T17:14:57.5481627-04:00" testType="13cdc9d9-ddb5-4fa4-a97d-d965ccfc6d4b" outcome="Passed" testListId="8c84fa94-04c1-424b-9868-57a2d4851a1d" relativeResultsDirectory="1f5a17b5-9d02-4468-8762-cf613d1bd7f3" /><UnitTestResult executionId="fc5402a6-6461-4cca-aeba-63242d4cdb0d" testId="ff62c7fa-1d82-499c-a6f5-fb13d163cd25" testName="FileRequest_MeshIsInvalidatedAfterDepthBufferFileBecomesUnsynchronized" computerName="VECTOR" duration="00:00:01.5830000" startTime="2018-05-24T17:14:48.9604953-04:00" endTime="2018-05-24T17:14:48.9605016-04:00" testType="13cdc9d9-ddb5-4fa4-a97d-d965ccfc6d4b" outcome="Passed" testListId="8c84fa94-04c1-424b-9868-57a2d4851a1d" relativeResultsDirectory="fc5402a6-6461-4cca-aeba-63242d4cdb0d" /><UnitTestResult executionId="dcfaece8-5acc-46de-ac3d-24b7311363b5" testId="90b06ced-3467-453d-84da-7a4d64cd89ce" testName="Patch_MultipleInvalidReferencePropertiesReturnsMultipleValidationErrorsAndBadRequest" computerName="VECTOR" duration="00:00:00.0090000" startTime="2018-05-24T17:14:55.1659810-04:00" endTime="2018-05-24T17:14:55.1659870-04:00" testType="13cdc9d9-ddb5-4fa4-a97d-d965ccfc6d4b" outcome="Passed" testListId="8c84fa94-04c1-424b-9868-57a2d4851a1d" relativeResultsDirectory="dcfaece8-5acc-46de-ac3d-24b7311363b5" /><UnitTestResult executionId="1b53cc61-bf10-4889-b1e4-f61521bace50" testId="16ee352f-bb17-414b-9be5-b33c56a45a46" testName="Patch_InvalidReferencePropertyReturnsBadRequest" computerName="VECTOR" duration="00:00:00.0020000" startTime="2018-05-24T17:14:43.1957047-04:00" endTime="2018-05-24T17:14:43.1957072-04:00" testType="13cdc9d9-ddb5-4fa4-a97d-d965ccfc6d4b" outcome="Passed" testListId="8c84fa94-04c1-424b-9868-57a2d4851a1d" relativeResultsDirectory="1b53cc61-bf10-4889-b1e4-f61521bace50" /><UnitTestResult executionId="a5aaf240-03e0-4ce1-895d-2af0d68fc404" testId="c920c647-fd25-4e14-84af-8778e6072fb6" testName="LucyDepthBufferFindsOneDependent" computerName="VECTOR" duration="00:00:00.0040000" startTime="2018-05-24T17:14:42.2873729-04:00" endTime="2018-05-24T17:14:42.2873754-04:00" testType="13cdc9d9-ddb5-4fa4-a97d-d965ccfc6d4b" outcome="Passed" testListId="8c84fa94-04c1-424b-9868-57a2d4851a1d" relativeResultsDirectory="a5aaf240-03e0-4ce1-895d-2af0d68fc404" /><UnitTestResult executionId="ecd902a1-315a-42d4-8f40-63567a9eab20" testId="d682ecd0-4216-4eaa-a088-3cb8227f7858" testName="PostFile_NewFileCanBePosted" computerName="VECTOR" duration="00:00:00.0540000" startTime="2018-05-24T17:14:50.4440005-04:00" endTime="2018-05-24T17:14:50.4440056-04:00" testType="13cdc9d9-ddb5-4fa4-a97d-d965ccfc6d4b" outcome="Passed" testListId="8c84fa94-04c1-424b-9868-57a2d4851a1d" relativeResultsDirectory="ecd902a1-315a-42d4-8f40-63567a9eab20" /><UnitTestResult executionId="e629ba08-11af-454e-8f4f-6f87140dcb1f" testId="9eb7a7d0-620c-4853-9c05-1f8821a0546e" testName="DepthBufferHasExpectedDependentFiles" computerName="VECTOR" duration="00:00:00.0010000" startTime="2018-05-24T17:14:42.2877788-04:00" endTime="2018-05-24T17:14:42.2877814-04:00" testType="13cdc9d9-ddb5-4fa4-a97d-d965ccfc6d4b" outcome="Passed" testListId="8c84fa94-04c1-424b-9868-57a2d4851a1d" relativeResultsDirectory="e629ba08-11af-454e-8f4f-6f87140dcb1f" /><UnitTestResult executionId="0d966ea7-2e55-403d-91de-24a727967c1d" testId="d4c97c3d-9fe9-4868-8fbf-135a44de53da" testName="Patch_InvalidEnumPropertyValueReturnsBadRequest" computerName="VECTOR" duration="00:00:00.0010000" startTime="2018-05-24T17:14:57.2895481-04:00" endTime="2018-05-24T17:14:57.2895496-04:00" testType="13cdc9d9-ddb5-4fa4-a97d-d965ccfc6d4b" outcome="Passed" testListId="8c84fa94-04c1-424b-9868-57a2d4851a1d" relativeResultsDirectory="0d966ea7-2e55-403d-91de-24a727967c1d" /><UnitTestResult executionId="a2ad4386-d37c-4f5c-b1f6-ae49a58f5d38" testId="5c279072-7d59-4368-a1e6-bd7f539b9982" testName="FileRequest_FileCanBeReadAfterRename" computerName="VECTOR" duration="00:00:00.1140000" startTime="2018-05-24T17:14:44.5802396-04:00" endTime="2018-05-24T17:14:44.5802456-04:00" testType="13cdc9d9-ddb5-4fa4-a97d-d965ccfc6d4b" outcome="Passed" testListId="8c84fa94-04c1-424b-9868-57a2d4851a1d" relativeResultsDirectory="a2ad4386-d37c-4f5c-b1f6-ae49a58f5d38" /><UnitTestResult executionId="61df94ea-a02e-4be5-b836-e0d13fb81e37" testId="02d9f19f-fb40-4d9e-b0f8-3243afa4ee0c" testName="Patch_InvalidReferencePropertyReturnsBadRequest" computerName="VECTOR" duration="00:00:00.0080000" startTime="2018-05-24T17:14:45.0052820-04:00" endTime="2018-05-24T17:14:45.0052860-04:00" testType="13cdc9d9-ddb5-4fa4-a97d-d965ccfc6d4b" outcome="Passed" testListId="8c84fa94-04c1-424b-9868-57a2d4851a1d" relativeResultsDirectory="61df94ea-a02e-4be5-b836-e0d13fb81e37" /><UnitTestResult executionId="b8514e77-bf87-4a91-bd22-0bf94539e488" testId="24d16af2-e713-437c-b5a8-d814cc392539" testName="Patch_ValidReferencePropertyUpdatesModel" computerName="VECTOR" duration="00:00:00.0420000" startTime="2018-05-24T17:14:43.9952782-04:00" endTime="2018-05-24T17:14:43.9952848-04:00" testType="13cdc9d9-ddb5-4fa4-a97d-d965ccfc6d4b" outcome="Passed" testListId="8c84fa94-04c1-424b-9868-57a2d4851a1d" relativeResultsDirectory="b8514e77-bf87-4a91-bd22-0bf94539e488" /><UnitTestResult executionId="7f7a2658-b3d9-4262-a769-45b4d910ba9e" testId="1421beaf-2782-45c5-8f01-c1e56d1c4f23" testName="Delete_TargetModelIsDeleted" computerName="VECTOR" duration="00:00:00.0900000" startTime="2018-05-24T17:14:44.9712072-04:00" endTime="2018-05-24T17:14:44.9712132-04:00" testType="13cdc9d9-ddb5-4fa4-a97d-d965ccfc6d4b" outcome="Passed" testListId="8c84fa94-04c1-424b-9868-57a2d4851a1d" relativeResultsDirectory="7f7a2658-b3d9-4262-a769-45b4d910ba9e" /><UnitTestResult executionId="5178892c-0bab-4827-b5c0-b821071186e5" testId="d8d4d218-0ec8-44e2-a2d1-9646163d4edb" testName="PostFile_FileIsSynchronizedIsUpdatedAfterFileIsPosted" computerName="VECTOR" duration="00:00:00.0010000" startTime="2018-05-24T17:14:44.7390194-04:00" endTime="2018-05-24T17:14:44.7390217-04:00" testType="13cdc9d9-ddb5-4fa4-a97d-d965ccfc6d4b" outcome="Passed" testListId="8c84fa94-04c1-424b-9868-57a2d4851a1d" relativeResultsDirectory="5178892c-0bab-4827-b5c0-b821071186e5" /><UnitTestResult executionId="f9503d8a-9bc9-44e2-8c2d-e55e34239789" testId="40cc9e28-31f5-4e76-8126-fee58c3cd7c8" testName="Put_ValidReferencePropertyUpdatesModel" computerName="VECTOR" duration="00:00:00.0340000" startTime="2018-05-24T17:14:47.1432794-04:00" endTime="2018-05-24T17:14:47.1432854-04:00" testType="13cdc9d9-ddb5-4fa4-a97d-d965ccfc6d4b" outcome="Passed" testListId="8c84fa94-04c1-424b-9868-57a2d4851a1d" relativeResultsDirectory="f9503d8a-9bc9-44e2-8c2d-e55e34239789" /><UnitTestResult executionId="fdf3e898-5035-49aa-8bb3-63e7255f1e3b" testId="7b406507-afb5-4aeb-bb76-f241e69057f2" testName="Post_InvalidPropertyValueReturnsBadRequest" computerName="VECTOR" duration="00:00:00.0030000" startTime="2018-05-24T17:14:45.1013051-04:00" endTime="2018-05-24T17:14:45.1013091-04:00" testType="13cdc9d9-ddb5-4fa4-a97d-d965ccfc6d4b" outcome="Passed" testListId="8c84fa94-04c1-424b-9868-57a2d4851a1d" relativeResultsDirectory="fdf3e898-5035-49aa-8bb3-63e7255f1e3b" /><UnitTestResult executionId="52671eba-ae99-4bb6-a059-14518b66b6ff" testId="f328e310-862f-44cd-a172-cb9a9b0e7d53" testName="Post_InvalidReferencePropertyReturnsBadRequest" computerName="VECTOR" duration="00:00:00.0050000" startTime="2018-05-24T17:14:47.2274430-04:00" endTime="2018-05-24T17:14:47.2274458-04:00" testType="13cdc9d9-ddb5-4fa4-a97d-d965ccfc6d4b" outcome="Passed" testListId="8c84fa94-04c1-424b-9868-57a2d4851a1d" relativeResultsDirectory="52671eba-ae99-4bb6-a059-14518b66b6ff" /><UnitTestResult executionId="5fb62cbd-6c69-4bc7-ba98-b0b44bbbfa11" testId="bedf0574-bce2-4101-ac92-767ecdb35791" testName="Patch_MultipleInvalidReferencePropertiesReturnsMultipleValidationErrorsAndBadRequest" computerName="VECTOR" duration="00:00:00.0020000" startTime="2018-05-24T17:14:43.3655140-04:00" endTime="2018-05-24T17:14:43.3655154-04:00" testType="13cdc9d9-ddb5-4fa4-a97d-d965ccfc6d4b" outcome="Passed" testListId="8c84fa94-04c1-424b-9868-57a2d4851a1d" relativeResultsDirectory="5fb62cbd-6c69-4bc7-ba98-b0b44bbbfa11" /><UnitTestResult executionId="baf73425-7ab6-429e-a081-cf6b2060be4e" testId="4d87eed7-c6d9-45be-9f56-ff437dfe156f" testName="Post_CanCreateNewModel" computerName="VECTOR" duration="00:00:00.0100000" startTime="2018-05-24T17:14:43.2059159-04:00" endTime="2018-05-24T17:14:43.2059208-04:00" testType="13cdc9d9-ddb5-4fa4-a97d-d965ccfc6d4b" outcome="Passed" testListId="8c84fa94-04c1-424b-9868-57a2d4851a1d" relativeResultsDirectory="baf73425-7ab6-429e-a081-cf6b2060be4e" /><UnitTestResult executionId="8d2644e6-bfca-4f4d-9485-b49e11064cbb" testId="1db0eea7-0797-42d3-b312-2a8f260eeb28" testName="PutFile_NewFileCanBePut" computerName="VECTOR" duration="00:00:00.0630000" startTime="2018-05-24T17:14:56.9883955-04:00" endTime="2018-05-24T17:14:56.9884026-04:00" testType="13cdc9d9-ddb5-4fa4-a97d-d965ccfc6d4b" outcome="Passed" testListId="8c84fa94-04c1-424b-9868-57a2d4851a1d" relativeResultsDirectory="8d2644e6-bfca-4f4d-9485-b49e11064cbb" /><UnitTestResult executionId="d7791110-44ee-4fbd-8e78-d72c3ed6f41f" testId="0beb256d-8ee7-4d22-af9a-6037947dd8f3" testName="Put_CanUpdateModel" computerName="VECTOR" duration="00:00:00.0460000" startTime="2018-05-24T17:14:57.3479103-04:00" endTime="2018-05-24T17:14:57.3479162-04:00" testType="13cdc9d9-ddb5-4fa4-a97d-d965ccfc6d4b" outcome="Passed" testListId="8c84fa94-04c1-424b-9868-57a2d4851a1d" relativeResultsDirectory="d7791110-44ee-4fbd-8e78-d72c3ed6f41f" /><UnitTestResult executionId="65d9e344-79a8-44ba-8e45-109a71401345" testId="0312253c-6b2e-49e4-b4f2-f62dbe202bb5" testName="Patch_InvalidIdPropertyReturnsNotFound" computerName="VECTOR" duration="00:00:00.0080000" startTime="2018-05-24T17:14:43.3756067-04:00" endTime="2018-05-24T17:14:43.3756115-04:00" testType="13cdc9d9-ddb5-4fa4-a97d-d965ccfc6d4b" outcome="Passed" testListId="8c84fa94-04c1-424b-9868-57a2d4851a1d" relativeResultsDirectory="65d9e344-79a8-44ba-8e45-109a71401345" /><UnitTestResult executionId="b96c6a9d-8329-44a7-a1fd-63fd0e96eebe" testId="1c117cf9-0a8d-43d8-9019-47779f077397" testName="Post_ValidReferencePropertyCreatesModel" computerName="VECTOR" duration="00:00:00.0040000" startTime="2018-05-24T17:14:42.8162478-04:00" endTime="2018-05-24T17:14:42.8162554-04:00" testType="13cdc9d9-ddb5-4fa4-a97d-d965ccfc6d4b" outcome="Passed" testListId="8c84fa94-04c1-424b-9868-57a2d4851a1d" relativeResultsDirectory="b96c6a9d-8329-44a7-a1fd-63fd0e96eebe" /><UnitTestResult executionId="4e6f706b-e0d4-4b6c-a4af-f28ab04a6d2d" testId="90192ab9-7b0d-4320-bb0d-d19b266e9cfa" testName="GetList_ListReturnsCorrectCount" computerName="VECTOR" duration="00:00:00.0540000" startTime="2018-05-24T17:14:44.1130290-04:00" endTime="2018-05-24T17:14:44.1130350-04:00" testType="13cdc9d9-ddb5-4fa4-a97d-d965ccfc6d4b" outcome="Passed" testListId="8c84fa94-04c1-424b-9868-57a2d4851a1d" relativeResultsDirectory="4e6f706b-e0d4-4b6c-a4af-f28ab04a6d2d" /><UnitTestResult executionId="bbf6ea80-ed7d-4532-a320-38846b4e69dc" testId="7db65c76-c984-4b1e-bc6b-9d1b4062db11" testName="MeshTransformHasExpectedDependentFiles" computerName="VECTOR" duration="00:00:00.0010000" startTime="2018-05-24T17:14:42.2829063-04:00" endTime="2018-05-24T17:14:42.2829089-04:00" testType="13cdc9d9-ddb5-4fa4-a97d-d965ccfc6d4b" outcome="Passed" testListId="8c84fa94-04c1-424b-9868-57a2d4851a1d" relativeResultsDirectory="bbf6ea80-ed7d-4532-a320-38846b4e69dc" /><UnitTestResult executionId="04914698-821d-4941-8400-0de9fba29847" testId="b77f2795-935f-495e-bcdc-953e2c1a9a97" testName="Patch_MultipleInvalidReferencePropertiesReturnsMultipleValidationErrorsAndBadRequest" computerName="VECTOR" duration="00:00:00.0170000" startTime="2018-05-24T17:14:47.2447654-04:00" endTime="2018-05-24T17:14:47.2447717-04:00" testType="13cdc9d9-ddb5-4fa4-a97d-d965ccfc6d4b" outcome="Passed" testListId="8c84fa94-04c1-424b-9868-57a2d4851a1d" relativeResultsDirectory="04914698-821d-4941-8400-0de9fba29847" /><UnitTestResult executionId="b9dd1f68-6519-4f19-a7e8-67f2406b13e3" testId="774b2ada-3dba-4a3d-a6ca-33fd688e209e" testName="Put_CanUpdateModel" computerName="VECTOR" duration="00:00:00.0340000" startTime="2018-05-24T17:14:43.2836343-04:00" endTime="2018-05-24T17:14:43.2836417-04:00" testType="13cdc9d9-ddb5-4fa4-a97d-d965ccfc6d4b" outcome="Passed" testListId="8c84fa94-04c1-424b-9868-57a2d4851a1d" relativeResultsDirectory="b9dd1f68-6519-4f19-a7e8-67f2406b13e3" /><UnitTestResult executionId="11f05336-1d98-4166-a76f-e44ff8c3d8f1" testId="a6916283-f84e-418b-a0fb-b237db6a8e6d" testName="GetSingle_InvalidIdPropertyValueReturnsNotFound" computerName="VECTOR" duration="00:00:00.0060000" startTime="2018-05-24T17:14:43.2489233-04:00" endTime="2018-05-24T17:14:43.2489267-04:00" testType="13cdc9d9-ddb5-4fa4-a97d-d965ccfc6d4b" outcome="Passed" testListId="8c84fa94-04c1-424b-9868-57a2d4851a1d" relativeResultsDirectory="11f05336-1d98-4166-a76f-e44ff8c3d8f1" /><UnitTestResult executionId="f3a8e2b2-a022-4d24-898c-a7a34f2a423e" testId="44c98049-8d48-4898-b17b-f872a89e57dd" testName="Post_InvalidPropertyValueReturnsBadRequest" computerName="VECTOR" duration="00:00:00.0020000" startTime="2018-05-24T17:14:47.2970716-04:00" endTime="2018-05-24T17:14:47.2970742-04:00" testType="13cdc9d9-ddb5-4fa4-a97d-d965ccfc6d4b" outcome="Passed" testListId="8c84fa94-04c1-424b-9868-57a2d4851a1d" relativeResultsDirectory="f3a8e2b2-a022-4d24-898c-a7a34f2a423e" /><UnitTestResult executionId="0ef543de-e8bc-4b74-b3bf-02ae39a15b98" testId="8e44e02c-ea8e-4f8f-8bbe-04f66ede41a5" testName="Put_CanUpdateModel" computerName="VECTOR" duration="00:00:00.0970000" startTime="2018-05-24T17:14:43.8761990-04:00" endTime="2018-05-24T17:14:43.8762046-04:00" testType="13cdc9d9-ddb5-4fa4-a97d-d965ccfc6d4b" outcome="Passed" testListId="8c84fa94-04c1-424b-9868-57a2d4851a1d" relativeResultsDirectory="0ef543de-e8bc-4b74-b3bf-02ae39a15b98" /><UnitTestResult executionId="e853c08c-603c-478b-85d4-06e91564baea" testId="c184ac63-85f3-45a3-9369-4bd9f95987a4" testName="Patch_ValidReferencePropertyUpdatesModel" computerName="VECTOR" duration="00:00:00.5660000" startTime="2018-05-24T17:14:46.7043986-04:00" endTime="2018-05-24T17:14:46.7044065-04:00" testType="13cdc9d9-ddb5-4fa4-a97d-d965ccfc6d4b" outcome="Passed" testListId="8c84fa94-04c1-424b-9868-57a2d4851a1d" relativeResultsDirectory="e853c08c-603c-478b-85d4-06e91564baea" /><UnitTestResult executionId="bbbe3e5e-f73c-4ec6-b5b3-14735b50da30" testId="d269a556-0b97-40a3-8fab-087677c2f05d" testName="Post_ValidReferencePropertyCreatesModel" computerName="VECTOR" duration="00:00:00.0110000" startTime="2018-05-24T17:14:47.2563088-04:00" endTime="2018-05-24T17:14:47.2563134-04:00" testType="13cdc9d9-ddb5-4fa4-a97d-d965ccfc6d4b" outcome="Passed" testListId="8c84fa94-04c1-424b-9868-57a2d4851a1d" relativeResultsDirectory="bbbe3e5e-f73c-4ec6-b5b3-14735b50da30" /><UnitTestResult executionId="ce32feed-2571-4c20-a54e-39315cb77e69" testId="55996bd9-d71a-455e-be7a-464c9d905a48" testName="GetFile_FileCanBeRoundTripped" computerName="VECTOR" duration="00:00:00.0930000" startTime="2018-05-24T17:14:44.7317093-04:00" endTime="2018-05-24T17:14:44.7317149-04:00" testType="13cdc9d9-ddb5-4fa4-a97d-d965ccfc6d4b" outcome="Passed" testListId="8c84fa94-04c1-424b-9868-57a2d4851a1d" relativeResultsDirectory="ce32feed-2571-4c20-a54e-39315cb77e69" /><UnitTestResult executionId="9fc5f39b-f156-413c-a28b-9536d5e29fcb" testId="5a407c8a-82d1-4de8-bebd-699cc3c1e1a8" testName="Patch_InvalidEnumPropertyValueReturnsBadRequest" computerName="VECTOR" duration="00:00:00.0060000" startTime="2018-05-24T17:14:44.1190765-04:00" endTime="2018-05-24T17:14:44.1190796-04:00" testType="13cdc9d9-ddb5-4fa4-a97d-d965ccfc6d4b" outcome="Passed" testListId="8c84fa94-04c1-424b-9868-57a2d4851a1d" relativeResultsDirectory="9fc5f39b-f156-413c-a28b-9536d5e29fcb" /><UnitTestResult executionId="b51f3a89-f51e-4b1f-96b0-76720173a7e8" testId="488e0afb-9194-4f36-add3-700e6000a2ab" testName="Delete_TargetModelIsDeleted" computerName="VECTOR" duration="00:00:00.3020000" startTime="2018-05-24T17:14:43.1228389-04:00" endTime="2018-05-24T17:14:43.1228449-04:00" testType="13cdc9d9-ddb5-4fa4-a97d-d965ccfc6d4b" outcome="Passed" testListId="8c84fa94-04c1-424b-9868-57a2d4851a1d" relativeResultsDirectory="b51f3a89-f51e-4b1f-96b0-76720173a7e8" /><UnitTestResult executionId="3d4230a8-461e-452e-9d26-6a81ca3c64bf" testId="3ddd4d26-3c78-491d-9ddc-0f0b48d1f263" testName="Patch_InvalidIdPropertyReturnsNotFound" computerName="VECTOR" duration="00:00:00.0040000" startTime="2018-05-24T17:14:44.0263058-04:00" endTime="2018-05-24T17:14:44.0263104-04:00" testType="13cdc9d9-ddb5-4fa4-a97d-d965ccfc6d4b" outcome="Passed" testListId="8c84fa94-04c1-424b-9868-57a2d4851a1d" relativeResultsDirectory="3d4230a8-461e-452e-9d26-6a81ca3c64bf" /><UnitTestResult executionId="2e6885f3-fc53-469b-8dbc-fa2cd7b24768" testId="2a3a767b-ee8a-4fdd-a440-d230449697f0" testName="GetSingle_ValidIdPropertyValueReturnsCorrectModel" computerName="VECTOR" duration="00:00:00.0050000" startTime="2018-05-24T17:14:45.2269932-04:00" endTime="2018-05-24T17:14:45.2269974-04:00" testType="13cdc9d9-ddb5-4fa4-a97d-d965ccfc6d4b" outcome="Passed" testListId="8c84fa94-04c1-424b-9868-57a2d4851a1d" relativeResultsDirectory="2e6885f3-fc53-469b-8dbc-fa2cd7b24768" /><UnitTestResult executionId="74fcb8b5-09f0-415f-ba0d-d590ecb262a3" testId="199f1beb-54e4-4531-a912-bd24da032010" testName="GetSingle_ValidIdPropertyValueReturnsCorrectModel" computerName="VECTOR" duration="00:00:00.0070000" startTime="2018-05-24T17:14:55.1794871-04:00" endTime="2018-05-24T17:14:55.1794928-04:00" testType="13cdc9d9-ddb5-4fa4-a97d-d965ccfc6d4b" outcome="Passed" testListId="8c84fa94-04c1-424b-9868-57a2d4851a1d" relativeResultsDirectory="74fcb8b5-09f0-415f-ba0d-d590ecb262a3" /><UnitTestResult executionId="18ecd939-7821-41b3-a105-59bb58f58d2b" testId="8fa554a5-5511-4a64-841a-269163eba096" testName="Patch_InvalidPropertyNameReturnsBadRequest" computerName="VECTOR" duration="00:00:00.0050000" startTime="2018-05-24T17:14:43.9446525-04:00" endTime="2018-05-24T17:14:43.9446570-04:00" testType="13cdc9d9-ddb5-4fa4-a97d-d965ccfc6d4b" outcome="Passed" testListId="8c84fa94-04c1-424b-9868-57a2d4851a1d" relativeResultsDirectory="18ecd939-7821-41b3-a105-59bb58f58d2b" /><UnitTestResult executionId="e74214a7-6478-4028-8a14-4c5e1b89b3c3" testId="82b4ae3b-25f5-46c2-8b20-19992361af2d" testName="Post_ValidReferencePropertyCreatesModel" computerName="VECTOR" duration="00:00:00.0140000" startTime="2018-05-24T17:14:44.0404992-04:00" endTime="2018-05-24T17:14:44.0405049-04:00" testType="13cdc9d9-ddb5-4fa4-a97d-d965ccfc6d4b" outcome="Passed" testListId="8c84fa94-04c1-424b-9868-57a2d4851a1d" relativeResultsDirectory="e74214a7-6478-4028-8a14-4c5e1b89b3c3" /></Results><TestDefinitions><UnitTest name="DepthBufferHasExpectedDependentFiles" storage="d:\users\steve knipmeyer\documents\github\modelrelief\modelrelief.test\bin\debug\netcoreapp2.0\modelrelief.test.dll" id="9eb7a7d0-620c-4853-9c05-1f8821a0546e"><Execution id="e629ba08-11af-454e-8f4f-6f87140dcb1f" /><TestMethod codeBase="D:\Users\Steve Knipmeyer\Documents\GitHub\ModelRelief\ModelRelief.test\bin\Debug\netcoreapp2.0\ModelRelief.Test.dll" adapterTypeName="executor://xunit/VsTestRunner2/netcoreapp" className="ModelRelief.Test.Unit.DependencyManager.DependencyManagerTests" name="DepthBufferHasExpectedDependentFiles" /></UnitTest><UnitTest name="Patch_InvalidReferencePropertyReturnsBadRequest" storage="d:\users\steve knipmeyer\documents\github\modelrelief\modelrelief.test\bin\debug\netcoreapp2.0\modelrelief.test.dll" id="16ee352f-bb17-414b-9be5-b33c56a45a46"><Execution id="1b53cc61-bf10-4889-b1e4-f61521bace50" /><TestMethod codeBase="D:\Users\Steve Knipmeyer\Documents\GitHub\ModelRelief\ModelRelief.test\bin\Debug\netcoreapp2.0\ModelRelief.Test.dll" adapterTypeName="executor://xunit/VsTestRunner2/netcoreapp" className="ModelRelief.Test.Integration.Projects.ProjectsBaseIntegrationTests" name="Patch_InvalidReferencePropertyReturnsBadRequest" /></UnitTest><UnitTest name="Post_InvalidPropertyValueReturnsBadRequest" storage="d:\users\steve knipmeyer\documents\github\modelrelief\modelrelief.test\bin\debug\netcoreapp2.0\modelrelief.test.dll" id="57926ee7-c543-48d4-89b2-2bb24a993ce3"><Execution id="2eec62db-8ae5-4c94-817c-f11c37c253d2" /><TestMethod codeBase="D:\Users\Steve Knipmeyer\Documents\GitHub\ModelRelief\ModelRelief.test\bin\Debug\netcoreapp2.0\ModelRelief.Test.dll" adapterTypeName="executor://xunit/VsTestRunner2/netcoreapp" className="ModelRelief.Test.Integration.DepthBuffers.DepthBuffersBaseIntegrationTests" name="Post_InvalidPropertyValueReturnsBadRequest" /></UnitTest><UnitTest name="Post_CanCreateNewModel" storage="d:\users\steve knipmeyer\documents\github\modelrelief\modelrelief.test\bin\debug\netcoreapp2.0\modelrelief.test.dll" id="f618da99-b98d-4092-bddc-94df83ad8afc"><Execution id="b475dcfd-301f-4df0-af9a-f632e35dc7af" /><TestMethod codeBase="D:\Users\Steve Knipmeyer\Documents\GitHub\ModelRelief\ModelRelief.test\bin\Debug\netcoreapp2.0\ModelRelief.Test.dll" adapterTypeName="executor://xunit/VsTestRunner2/netcoreapp" className="ModelRelief.Test.Integration.Cameras.CamerasBaseIntegrationTests" name="Post_CanCreateNewModel" /></UnitTest><UnitTest name="MeshTransformHasExpectedDependentFiles" storage="d:\users\steve knipmeyer\documents\github\modelrelief\modelrelief.test\bin\debug\netcoreapp2.0\modelrelief.test.dll" id="7db65c76-c984-4b1e-bc6b-9d1b4062db11"><Execution id="bbf6ea80-ed7d-4532-a320-38846b4e69dc" /><TestMethod codeBase="D:\Users\Steve Knipmeyer\Documents\GitHub\ModelRelief\ModelRelief.test\bin\Debug\netcoreapp2.0\ModelRelief.Test.dll" adapterTypeName="executor://xunit/VsTestRunner2/netcoreapp" className="ModelRelief.Test.Unit.DependencyManager.DependencyManagerTests" name="MeshTransformHasExpectedDependentFiles" /></UnitTest><UnitTest name="Put_ValidReferencePropertyUpdatesModel" storage="d:\users\steve knipmeyer\documents\github\modelrelief\modelrelief.test\bin\debug\netcoreapp2.0\modelrelief.test.dll" id="40cc9e28-31f5-4e76-8126-fee58c3cd7c8"><Execution id="f9503d8a-9bc9-44e2-8c2d-e55e34239789" /><TestMethod codeBase="D:\Users\Steve Knipmeyer\Documents\GitHub\ModelRelief\ModelRelief.test\bin\Debug\netcoreapp2.0\ModelRelief.Test.dll" adapterTypeName="executor://xunit/VsTestRunner2/netcoreapp" className="ModelRelief.Test.Integration.Meshes.MeshesBaseIntegrationTests" name="Put_ValidReferencePropertyUpdatesModel" /></UnitTest><UnitTest name="Put_CanUpdateModel" storage="d:\users\steve knipmeyer\documents\github\modelrelief\modelrelief.test\bin\debug\netcoreapp2.0\modelrelief.test.dll" id="0beb256d-8ee7-4d22-af9a-6037947dd8f3"><Execution id="d7791110-44ee-4fbd-8e78-d72c3ed6f41f" /><TestMethod codeBase="D:\Users\Steve Knipmeyer\Documents\GitHub\ModelRelief\ModelRelief.test\bin\Debug\netcoreapp2.0\ModelRelief.Test.dll" adapterTypeName="executor://xunit/VsTestRunner2/netcoreapp" className="ModelRelief.Test.Integration.Cameras.CamerasBaseIntegrationTests" name="Put_CanUpdateModel" /></UnitTest><UnitTest name="Put_InvalidReferencePropertyReturndBadRequest" storage="d:\users\steve knipmeyer\documents\github\modelrelief\modelrelief.test\bin\debug\netcoreapp2.0\modelrelief.test.dll" id="8ad2986d-84a6-493a-86ae-dfb8c71c5359"><Execution id="71699e44-f2c7-4039-b2fc-97906218701c" /><TestMethod codeBase="D:\Users\Steve Knipmeyer\Documents\GitHub\ModelRelief\ModelRelief.test\bin\Debug\netcoreapp2.0\ModelRelief.Test.dll" adapterTypeName="executor://xunit/VsTestRunner2/netcoreapp" className="ModelRelief.Test.Integration.Meshes.MeshesBaseIntegrationTests" name="Put_InvalidReferencePropertyReturndBadRequest" /></UnitTest><UnitTest name="Patch_InvalidPropertyNameReturnsBadRequest" storage="d:\users\steve knipmeyer\documents\github\modelrelief\modelrelief.test\bin\debug\netcoreapp2.0\modelrelief.test.dll" id="15afee4d-cf7b-4f20-9756-28af49fc90ca"><Execution id="3fc2743d-01da-4a82-9fce-8f298c103c75" /><TestMethod codeBase="D:\Users\Steve Knipmeyer\Documents\GitHub\ModelRelief\ModelRelief.test\bin\Debug\netcoreapp2.0\ModelRelief.Test.dll" adapterTypeName="executor://xunit/VsTestRunner2/netcoreapp" className="ModelRelief.Test.Integration.Cameras.CamerasBaseIntegrationTests" name="Patch_InvalidPropertyNameReturnsBadRequest" /></UnitTest><UnitTest name="Patch_ValidReferencePropertyUpdatesModel" storage="d:\users\steve knipmeyer\documents\github\modelrelief\modelrelief.test\bin\debug\netcoreapp2.0\modelrelief.test.dll" id="9dfbd233-9cd2-4c46-a298-a0323580cfae"><Execution id="996441c4-d52c-451a-b9d6-6a5e5c017394" /><TestMethod codeBase="D:\Users\Steve Knipmeyer\Documents\GitHub\ModelRelief\ModelRelief.test\bin\Debug\netcoreapp2.0\ModelRelief.Test.dll" adapterTypeName="executor://xunit/VsTestRunner2/netcoreapp" className="ModelRelief.Test.Integration.Cameras.CamerasBaseIntegrationTests" name="Patch_ValidReferencePropertyUpdatesModel" /></UnitTest><UnitTest name="Patch_TargetPropertyIsUpdated" storage="d:\users\steve knipmeyer\documents\github\modelrelief\modelrelief.test\bin\debug\netcoreapp2.0\modelrelief.test.dll" id="a3f62cfd-2508-423f-92c4-5dd220ba4915"><Execution id="1e2fe006-571e-4db6-a3a3-8fad7029ec61" /><TestMethod codeBase="D:\Users\Steve Knipmeyer\Documents\GitHub\ModelRelief\ModelRelief.test\bin\Debug\netcoreapp2.0\ModelRelief.Test.dll" adapterTypeName="executor://xunit/VsTestRunner2/netcoreapp" className="ModelRelief.Test.Integration.Meshes.MeshesBaseIntegrationTests" name="Patch_TargetPropertyIsUpdated" /></UnitTest><UnitTest name="Patch_MultipleInvalidReferencePropertiesReturnsMultipleValidationErrorsAndBadRequest" storage="d:\users\steve knipmeyer\documents\github\modelrelief\modelrelief.test\bin\debug\netcoreapp2.0\modelrelief.test.dll" id="bedf0574-bce2-4101-ac92-767ecdb35791"><Execution id="5fb62cbd-6c69-4bc7-ba98-b0b44bbbfa11" /><TestMethod codeBase="D:\Users\Steve Knipmeyer\Documents\GitHub\ModelRelief\ModelRelief.test\bin\Debug\netcoreapp2.0\ModelRelief.Test.dll" adapterTypeName="executor://xunit/VsTestRunner2/netcoreapp" className="ModelRelief.Test.Integration.Projects.ProjectsBaseIntegrationTests" name="Patch_MultipleInvalidReferencePropertiesReturnsMultipleValidationErrorsAndBadRequest" /></UnitTest><UnitTest name="GetFile_NonExistentFileReturnsNotFound" storage="d:\users\steve knipmeyer\documents\github\modelrelief\modelrelief.test\bin\debug\netcoreapp2.0\modelrelief.test.dll" id="c2d36eb6-2e08-4989-b1ea-1f694c9f7137"><Execution id="6140cbd6-02ba-4317-973e-2592fdc9db95" /><TestMethod codeBase="D:\Users\Steve Knipmeyer\Documents\GitHub\ModelRelief\ModelRelief.test\bin\Debug\netcoreapp2.0\ModelRelief.Test.dll" adapterTypeName="executor://xunit/VsTestRunner2/netcoreapp" className="ModelRelief.Test.Integration.Models.ModelsFileIntegrationTests" name="GetFile_NonExistentFileReturnsNotFound" /></UnitTest><UnitTest name="PostFile_FileTimeStampIsUpdatedAfterFileIsPosted" storage="d:\users\steve knipmeyer\documents\github\modelrelief\modelrelief.test\bin\debug\netcoreapp2.0\modelrelief.test.dll" id="ff40537b-9c65-4e89-9486-84f1cdbe7802"><Execution id="f81fdcec-4a6e-44eb-b010-8d0f4d813885" /><TestMethod codeBase="D:\Users\Steve Knipmeyer\Documents\GitHub\ModelRelief\ModelRelief.test\bin\Debug\netcoreapp2.0\ModelRelief.Test.dll" adapterTypeName="executor://xunit/VsTestRunner2/netcoreapp" className="ModelRelief.Test.Integration.Models.ModelsFileIntegrationTests" name="PostFile_FileTimeStampIsUpdatedAfterFileIsPosted" /></UnitTest><UnitTest name="Post_ValidReferencePropertyCreatesModel" storage="d:\users\steve knipmeyer\documents\github\modelrelief\modelrelief.test\bin\debug\netcoreapp2.0\modelrelief.test.dll" id="82b4ae3b-25f5-46c2-8b20-19992361af2d"><Execution id="e74214a7-6478-4028-8a14-4c5e1b89b3c3" /><TestMethod codeBase="D:\Users\Steve Knipmeyer\Documents\GitHub\ModelRelief\ModelRelief.test\bin\Debug\netcoreapp2.0\ModelRelief.Test.dll" adapterTypeName="executor://xunit/VsTestRunner2/netcoreapp" className="ModelRelief.Test.Integration.Models.ModelsBaseIntegrationTests" name="Post_ValidReferencePropertyCreatesModel" /></UnitTest><UnitTest name="GetSingle_InvalidIdPropertyValueReturnsNotFound" storage="d:\users\steve knipmeyer\documents\github\modelrelief\modelrelief.test\bin\debug\netcoreapp2.0\modelrelief.test.dll" id="836cb253-39c4-4a9c-b14a-42840fe7366e"><Execution id="5ddf8c8d-6916-4b10-889c-6afc88baa4a8" /><TestMethod codeBase="D:\Users\Steve Knipmeyer\Documents\GitHub\ModelRelief\ModelRelief.test\bin\Debug\netcoreapp2.0\ModelRelief.Test.dll" adapterTypeName="executor://xunit/VsTestRunner2/netcoreapp" className="ModelRelief.Test.Integration.DepthBuffers.DepthBuffersBaseIntegrationTests" name="GetSingle_InvalidIdPropertyValueReturnsNotFound" /></UnitTest><UnitTest name="Patch_MultipleInvalidReferencePropertiesReturnsMultipleValidationErrorsAndBadRequest" storage="d:\users\steve knipmeyer\documents\github\modelrelief\modelrelief.test\bin\debug\netcoreapp2.0\modelrelief.test.dll" id="665026b5-12f4-4f7e-8b5b-9e7893c2ae85"><Execution id="00f41d21-7b22-4658-9f35-903a6f3d0acd" /><TestMethod codeBase="D:\Users\Steve Knipmeyer\Documents\GitHub\ModelRelief\ModelRelief.test\bin\Debug\netcoreapp2.0\ModelRelief.Test.dll" adapterTypeName="executor://xunit/VsTestRunner2/netcoreapp" className="ModelRelief.Test.Integration.Cameras.CamerasBaseIntegrationTests" name="Patch_MultipleInvalidReferencePropertiesReturnsMultipleValidationErrorsAndBadRequest" /></UnitTest><UnitTest name="LucyCameraFindsAllDependents" storage="d:\users\steve knipmeyer\documents\github\modelrelief\modelrelief.test\bin\debug\netcoreapp2.0\modelrelief.test.dll" id="fd57fd94-509b-4910-a664-c3136305d87f"><Execution id="c54f980b-d43f-4868-8f0a-80f0d223e283" /><TestMethod codeBase="D:\Users\Steve Knipmeyer\Documents\GitHub\ModelRelief\ModelRelief.test\bin\Debug\netcoreapp2.0\ModelRelief.Test.dll" adapterTypeName="executor://xunit/VsTestRunner2/netcoreapp" className="ModelRelief.Test.Unit.DependencyManager.DependencyManagerTests" name="LucyCameraFindsAllDependents" /></UnitTest><UnitTest name="Patch_MultipleInvalidReferencePropertiesReturnsMultipleValidationErrorsAndBadRequest" storage="d:\users\steve knipmeyer\documents\github\modelrelief\modelrelief.test\bin\debug\netcoreapp2.0\modelrelief.test.dll" id="0cf90083-c528-49bb-bb7a-96d3a30b49e0"><Execution id="152dce4d-84b1-429d-add1-1e15f79aedc5" /><TestMethod codeBase="D:\Users\Steve Knipmeyer\Documents\GitHub\ModelRelief\ModelRelief.test\bin\Debug\netcoreapp2.0\ModelRelief.Test.dll" adapterTypeName="executor://xunit/VsTestRunner2/netcoreapp" className="ModelRelief.Test.Integration.MeshTransforms.MeshTransformsBaseIntegrationTests" name="Patch_MultipleInvalidReferencePropertiesReturnsMultipleValidationErrorsAndBadRequest" /></UnitTest><UnitTest name="GetList_ListReturnsCorrectCount" storage="d:\users\steve knipmeyer\documents\github\modelrelief\modelrelief.test\bin\debug\netcoreapp2.0\modelrelief.test.dll" id="3306578d-0805-4045-be9c-1abdbb798142"><Execution id="d19308fa-c1c8-427f-abba-202e4ca969a9" /><TestMethod codeBase="D:\Users\Steve Knipmeyer\Documents\GitHub\ModelRelief\ModelRelief.test\bin\Debug\netcoreapp2.0\ModelRelief.Test.dll" adapterTypeName="executor://xunit/VsTestRunner2/netcoreapp" className="ModelRelief.Test.Integration.Projects.ProjectsBaseIntegrationTests" name="GetList_ListReturnsCorrectCount" /></UnitTest><UnitTest name="Patch_InvalidPropertyNameReturnsBadRequest" storage="d:\users\steve knipmeyer\documents\github\modelrelief\modelrelief.test\bin\debug\netcoreapp2.0\modelrelief.test.dll" id="f692c154-e979-4a33-a7ab-c7990a12a77a"><Execution id="ba60c863-bc6d-4400-9a4b-dd1da645b23d" /><TestMethod codeBase="D:\Users\Steve Knipmeyer\Documents\GitHub\ModelRelief\ModelRelief.test\bin\Debug\netcoreapp2.0\ModelRelief.Test.dll" adapterTypeName="executor://xunit/VsTestRunner2/netcoreapp" className="ModelRelief.Test.Integration.DepthBuffers.DepthBuffersBaseIntegrationTests" name="Patch_InvalidPropertyNameReturnsBadRequest" /></UnitTest><UnitTest name="PutFile_NewFileCanBePut" storage="d:\users\steve knipmeyer\documents\github\modelrelief\modelrelief.test\bin\debug\netcoreapp2.0\modelrelief.test.dll" id="3c69a576-d2fc-4eaa-839f-061a1b68114b"><Execution id="7d21bc43-6dac-45ae-8763-99b367d81409" /><TestMethod codeBase="D:\Users\Steve Knipmeyer\Documents\GitHub\ModelRelief\ModelRelief.test\bin\Debug\netcoreapp2.0\ModelRelief.Test.dll" adapterTypeName="executor://xunit/VsTestRunner2/netcoreapp" className="ModelRelief.Test.Integration.Meshes.MeshesFileIntegrationTests" name="PutFile_NewFileCanBePut" /></UnitTest><UnitTest name="Delete_TargetModelIsDeleted" storage="d:\users\steve knipmeyer\documents\github\modelrelief\modelrelief.test\bin\debug\netcoreapp2.0\modelrelief.test.dll" id="488e0afb-9194-4f36-add3-700e6000a2ab"><Execution id="b51f3a89-f51e-4b1f-96b0-76720173a7e8" /><TestMethod codeBase="D:\Users\Steve Knipmeyer\Documents\GitHub\ModelRelief\ModelRelief.test\bin\Debug\netcoreapp2.0\ModelRelief.Test.dll" adapterTypeName="executor://xunit/VsTestRunner2/netcoreapp" className="ModelRelief.Test.Integration.Projects.ProjectsBaseIntegrationTests" name="Delete_TargetModelIsDeleted" /></UnitTest><UnitTest name="GetList_ListReturnsCorrectCount" storage="d:\users\steve knipmeyer\documents\github\modelrelief\modelrelief.test\bin\debug\netcoreapp2.0\modelrelief.test.dll" id="a493d8e5-0075-40eb-b680-3cb4f3d81274"><Execution id="b6f6e31a-83cb-4568-b4d5-412f9a554821" /><TestMethod codeBase="D:\Users\Steve Knipmeyer\Documents\GitHub\ModelRelief\ModelRelief.test\bin\Debug\netcoreapp2.0\ModelRelief.Test.dll" adapterTypeName="executor://xunit/VsTestRunner2/netcoreapp" className="ModelRelief.Test.Integration.Cameras.CamerasBaseIntegrationTests" name="GetList_ListReturnsCorrectCount" /></UnitTest><UnitTest name="Put_ValidReferencePropertyUpdatesModel" storage="d:\users\steve knipmeyer\documents\github\modelrelief\modelrelief.test\bin\debug\netcoreapp2.0\modelrelief.test.dll" id="4d194756-3be1-40f5-81be-3398d2a0f5c3"><Execution id="5bc6029e-a6dd-4a5a-b85a-792b4b8eb67d" /><TestMethod codeBase="D:\Users\Steve Knipmeyer\Documents\GitHub\ModelRelief\ModelRelief.test\bin\Debug\netcoreapp2.0\ModelRelief.Test.dll" adapterTypeName="executor://xunit/VsTestRunner2/netcoreapp" className="ModelRelief.Test.Integration.Models.ModelsBaseIntegrationTests" name="Put_ValidReferencePropertyUpdatesModel" /></UnitTest><UnitTest name="PostFile_NewFileCanBePosted" storage="d:\users\steve knipmeyer\documents\github\modelrelief\modelrelief.test\bin\debug\netcoreapp2.0\modelrelief.test.dll" id="d682ecd0-4216-4eaa-a088-3cb8227f7858"><Execution id="ecd902a1-315a-42d4-8f40-63567a9eab20" /><TestMethod codeBase="D:\Users\Steve Knipmeyer\Documents\GitHub\ModelRelief\ModelRelief.test\bin\Debug\netcoreapp2.0\ModelRelief.Test.dll" adapterTypeName="executor://xunit/VsTestRunner2/netcoreapp" className="ModelRelief.Test.Integration.Meshes.MeshesFileIntegrationTests" name="PostFile_NewFileCanBePosted" /></UnitTest><UnitTest name="Put_CanUpdateModel" storage="d:\users\steve knipmeyer\documents\github\modelrelief\modelrelief.test\bin\debug\netcoreapp2.0\modelrelief.test.dll" id="107de6ac-49d6-4c9a-8ac1-cc4700cf6031"><Execution id="63b880dd-fd57-44b1-8e48-286c441a6fef" /><TestMethod codeBase="D:\Users\Steve Knipmeyer\Documents\GitHub\ModelRelief\ModelRelief.test\bin\Debug\netcoreapp2.0\ModelRelief.Test.dll" adapterTypeName="executor://xunit/VsTestRunner2/netcoreapp" className="ModelRelief.Test.Integration.Meshes.MeshesBaseIntegrationTests" name="Put_CanUpdateModel" /></UnitTest><UnitTest name="Put_ValidReferencePropertyUpdatesModel" storage="d:\users\steve knipmeyer\documents\github\modelrelief\modelrelief.test\bin\debug\netcoreapp2.0\modelrelief.test.dll" id="60a91f7e-1d57-49f6-9b5c-ac5e6417302a"><Execution id="31a8ba50-0f58-4e6e-926c-b4abb2484074" /><TestMethod codeBase="D:\Users\Steve Knipmeyer\Documents\GitHub\ModelRelief\ModelRelief.test\bin\Debug\netcoreapp2.0\ModelRelief.Test.dll" adapterTypeName="executor://xunit/VsTestRunner2/netcoreapp" className="ModelRelief.Test.Integration.Projects.ProjectsBaseIntegrationTests" name="Put_ValidReferencePropertyUpdatesModel" /></UnitTest><UnitTest name="Patch_InvalidIdPropertyReturnsNotFound" storage="d:\users\steve knipmeyer\documents\github\modelrelief\modelrelief.test\bin\debug\netcoreapp2.0\modelrelief.test.dll" id="b0197c06-9495-4a1b-bb83-11892f753dff"><Execution id="4877bb0e-7757-47a4-a7d4-41d0f705be60" /><TestMethod codeBase="D:\Users\Steve Knipmeyer\Documents\GitHub\ModelRelief\ModelRelief.test\bin\Debug\netcoreapp2.0\ModelRelief.Test.dll" adapterTypeName="executor://xunit/VsTestRunner2/netcoreapp" className="ModelRelief.Test.Integration.MeshTransforms.MeshTransformsBaseIntegrationTests" name="Patch_InvalidIdPropertyReturnsNotFound" /></UnitTest><UnitTest name="Post_InvalidPropertyValueReturnsBadRequest" storage="d:\users\steve knipmeyer\documents\github\modelrelief\modelrelief.test\bin\debug\netcoreapp2.0\modelrelief.test.dll" id="7b406507-afb5-4aeb-bb76-f241e69057f2"><Execution id="fdf3e898-5035-49aa-8bb3-63e7255f1e3b" /><TestMethod codeBase="D:\Users\Steve Knipmeyer\Documents\GitHub\ModelRelief\ModelRelief.test\bin\Debug\netcoreapp2.0\ModelRelief.Test.dll" adapterTypeName="executor://xunit/VsTestRunner2/netcoreapp" className="ModelRelief.Test.Integration.MeshTransforms.MeshTransformsBaseIntegrationTests" name="Post_InvalidPropertyValueReturnsBadRequest" /></UnitTest><UnitTest name="FileRequest_FileCanBeReadAfterRename" storage="d:\users\steve knipmeyer\documents\github\modelrelief\modelrelief.test\bin\debug\netcoreapp2.0\modelrelief.test.dll" id="5c279072-7d59-4368-a1e6-bd7f539b9982"><Execution id="a2ad4386-d37c-4f5c-b1f6-ae49a58f5d38" /><TestMethod codeBase="D:\Users\Steve Knipmeyer\Documents\GitHub\ModelRelief\ModelRelief.test\bin\Debug\netcoreapp2.0\ModelRelief.Test.dll" adapterTypeName="executor://xunit/VsTestRunner2/netcoreapp" className="ModelRelief.Test.Integration.Models.ModelsFileIntegrationTests" name="FileRequest_FileCanBeReadAfterRename" /></UnitTest><UnitTest name="GetFile_FileCanBeRoundTripped" storage="d:\users\steve knipmeyer\documents\github\modelrelief\modelrelief.test\bin\debug\netcoreapp2.0\modelrelief.test.dll" id="f596646d-ccb0-4166-8dba-4734b4b81373"><Execution id="f3c0118d-005c-4d3a-89ff-7e0830486a30" /><TestMethod codeBase="D:\Users\Steve Knipmeyer\Documents\GitHub\ModelRelief\ModelRelief.test\bin\Debug\netcoreapp2.0\ModelRelief.Test.dll" adapterTypeName="executor://xunit/VsTestRunner2/netcoreapp" className="ModelRelief.Test.Integration.Meshes.MeshesFileIntegrationTests" name="GetFile_FileCanBeRoundTripped" /></UnitTest><UnitTest name="GetSingle_ValidIdPropertyValueReturnsCorrectModel" storage="d:\users\steve knipmeyer\documents\github\modelrelief\modelrelief.test\bin\debug\netcoreapp2.0\modelrelief.test.dll" id="199f1beb-54e4-4531-a912-bd24da032010"><Execution id="74fcb8b5-09f0-415f-ba0d-d590ecb262a3" /><TestMethod codeBase="D:\Users\Steve Knipmeyer\Documents\GitHub\ModelRelief\ModelRelief.test\bin\Debug\netcoreapp2.0\ModelRelief.Test.dll" adapterTypeName="executor://xunit/VsTestRunner2/netcoreapp" className="ModelRelief.Test.Integration.DepthBuffers.DepthBuffersBaseIntegrationTests" name="GetSingle_ValidIdPropertyValueReturnsCorrectModel" /></UnitTest><UnitTest name="GetList_ListReturnsCorrectCount" storage="d:\users\steve knipmeyer\documents\github\modelrelief\modelrelief.test\bin\debug\netcoreapp2.0\modelrelief.test.dll" id="90192ab9-7b0d-4320-bb0d-d19b266e9cfa"><Execution id="4e6f706b-e0d4-4b6c-a4af-f28ab04a6d2d" /><TestMethod codeBase="D:\Users\Steve Knipmeyer\Documents\GitHub\ModelRelief\ModelRelief.test\bin\Debug\netcoreapp2.0\ModelRelief.Test.dll" adapterTypeName="executor://xunit/VsTestRunner2/netcoreapp" className="ModelRelief.Test.Integration.Models.ModelsBaseIntegrationTests" name="GetList_ListReturnsCorrectCount" /></UnitTest><UnitTest name="Patch_InvalidPropertyNameReturnsBadRequest" storage="d:\users\steve knipmeyer\documents\github\modelrelief\modelrelief.test\bin\debug\netcoreapp2.0\modelrelief.test.dll" id="7cd6eed2-d1b8-4cca-bc48-bf5466d0aeac"><Execution id="481940a3-b836-4843-9cd5-c6a78537f1cf" /><TestMethod codeBase="D:\Users\Steve Knipmeyer\Documents\GitHub\ModelRelief\ModelRelief.test\bin\Debug\netcoreapp2.0\ModelRelief.Test.dll" adapterTypeName="executor://xunit/VsTestRunner2/netcoreapp" className="ModelRelief.Test.Integration.Projects.ProjectsBaseIntegrationTests" name="Patch_InvalidPropertyNameReturnsBadRequest" /></UnitTest><UnitTest name="Post_InvalidReferencePropertyReturnsBadRequest" storage="d:\users\steve knipmeyer\documents\github\modelrelief\modelrelief.test\bin\debug\netcoreapp2.0\modelrelief.test.dll" id="f328e310-862f-44cd-a172-cb9a9b0e7d53"><Execution id="52671eba-ae99-4bb6-a059-14518b66b6ff" /><TestMethod codeBase="D:\Users\Steve Knipmeyer\Documents\GitHub\ModelRelief\ModelRelief.test\bin\Debug\netcoreapp2.0\ModelRelief.Test.dll" adapterTypeName="executor://xunit/VsTestRunner2/netcoreapp" className="ModelRelief.Test.Integration.Meshes.MeshesBaseIntegrationTests" name="Post_InvalidReferencePropertyReturnsBadRequest" /></UnitTest><UnitTest name="Post_ValidReferencePropertyCreatesModel" storage="d:\users\steve knipmeyer\documents\github\modelrelief\modelrelief.test\bin\debug\netcoreapp2.0\modelrelief.test.dll" id="1c117cf9-0a8d-43d8-9019-47779f077397"><Execution id="b96c6a9d-8329-44a7-a1fd-63fd0e96eebe" /><TestMethod codeBase="D:\Users\Steve Knipmeyer\Documents\GitHub\ModelRelief\ModelRelief.test\bin\Debug\netcoreapp2.0\ModelRelief.Test.dll" adapterTypeName="executor://xunit/VsTestRunner2/netcoreapp" className="ModelRelief.Test.Integration.Projects.ProjectsBaseIntegrationTests" name="Post_ValidReferencePropertyCreatesModel" /></UnitTest><UnitTest name="Put_InvalidIdReturnsNotFound" storage="d:\users\steve knipmeyer\documents\github\modelrelief\modelrelief.test\bin\debug\netcoreapp2.0\modelrelief.test.dll" id="3578e3f7-1ac4-41f9-b775-23cf40e5f2fc"><Execution id="eb6c160f-c519-40c9-a6d1-393eb68cb89e" /><TestMethod codeBase="D:\Users\Steve Knipmeyer\Documents\GitHub\ModelRelief\ModelRelief.test\bin\Debug\netcoreapp2.0\ModelRelief.Test.dll" adapterTypeName="executor://xunit/VsTestRunner2/netcoreapp" className="ModelRelief.Test.Integration.Projects.ProjectsBaseIntegrationTests" name="Put_InvalidIdReturnsNotFound" /></UnitTest><UnitTest name="FileRequest_MeshGenerateSetsFileIsSynchronized" storage="d:\users\steve knipmeyer\documents\github\modelrelief\modelrelief.test\bin\debug\netcoreapp2.0\modelrelief.test.dll" id="e6ba31e8-2f37-472a-b697-9985fd081dbe"><Execution id="445caf62-1c07-4ba2-b58c-3ab7bcfd5af9" /><TestMethod codeBase="D:\Users\Steve Knipmeyer\Documents\GitHub\ModelRelief\ModelRelief.test\bin\Debug\netcoreapp2.0\ModelRelief.Test.dll" adapterTypeName="executor://xunit/VsTestRunner2/netcoreapp" className="ModelRelief.Test.Integration.Meshes.MeshesFileIntegrationTests" name="FileRequest_MeshGenerateSetsFileIsSynchronized" /></UnitTest><UnitTest name="Delete_TargetModelIsDeleted" storage="d:\users\steve knipmeyer\documents\github\modelrelief\modelrelief.test\bin\debug\netcoreapp2.0\modelrelief.test.dll" id="56b44188-ba2e-4b85-b308-10c3d0ba0393"><Execution id="5cc09033-0586-4153-afc8-3389b76813f3" /><TestMethod codeBase="D:\Users\Steve Knipmeyer\Documents\GitHub\ModelRelief\ModelRelief.test\bin\Debug\netcoreapp2.0\ModelRelief.Test.dll" adapterTypeName="executor://xunit/VsTestRunner2/netcoreapp" className="ModelRelief.Test.Integration.Meshes.MeshesBaseIntegrationTests" name="Delete_TargetModelIsDeleted" /></UnitTest><UnitTest name="Patch_TargetPropertyIsUpdated" storage="d:\users\steve knipmeyer\documents\github\modelrelief\modelrelief.test\bin\debug\netcoreapp2.0\modelrelief.test.dll" id="f1f7e594-a06b-484c-b50b-5783d7d5b5e5"><Execution id="0293f397-ddb0-466e-a07b-4461dfed6b03" /><TestMethod codeBase="D:\Users\Steve Knipmeyer\Documents\GitHub\ModelRelief\ModelRelief.test\bin\Debug\netcoreapp2.0\ModelRelief.Test.dll" adapterTypeName="executor://xunit/VsTestRunner2/netcoreapp" className="ModelRelief.Test.Integration.Projects.ProjectsBaseIntegrationTests" name="Patch_TargetPropertyIsUpdated" /></UnitTest><UnitTest name="Post_InvalidPropertyValueReturnsBadRequest" storage="d:\users\steve knipmeyer\documents\github\modelrelief\modelrelief.test\bin\debug\netcoreapp2.0\modelrelief.test.dll" id="ca2b7672-3bde-4edb-8845-6027dce4418a"><Execution id="b46f9ccf-1584-4465-b481-ca8e3730c5d9" /><TestMethod codeBase="D:\Users\Steve Knipmeyer\Documents\GitHub\ModelRelief\ModelRelief.test\bin\Debug\netcoreapp2.0\ModelRelief.Test.dll" adapterTypeName="executor://xunit/VsTestRunner2/netcoreapp" className="ModelRelief.Test.Integration.Projects.ProjectsBaseIntegrationTests" name="Post_InvalidPropertyValueReturnsBadRequest" /></UnitTest><UnitTest name="Put_InvalidReferencePropertyReturndBadRequest" storage="d:\users\steve knipmeyer\documents\github\modelrelief\modelrelief.test\bin\debug\netcoreapp2.0\modelrelief.test.dll" id="c0735903-3fa3-4f7c-be15-736f3009aeed"><Execution id="a065dbcc-e77d-4b67-ad3c-8b028cf87a53" /><TestMethod codeBase="D:\Users\Steve Knipmeyer\Documents\GitHub\ModelRelief\ModelRelief.test\bin\Debug\netcoreapp2.0\ModelRelief.Test.dll" adapterTypeName="executor://xunit/VsTestRunner2/netcoreapp" className="ModelRelief.Test.Integration.MeshTransforms.MeshTransformsBaseIntegrationTests" name="Put_InvalidReferencePropertyReturndBadRequest" /></UnitTest><UnitTest name="Put_ValidReferencePropertyUpdatesModel" storage="d:\users\steve knipmeyer\documents\github\modelrelief\modelrelief.test\bin\debug\netcoreapp2.0\modelrelief.test.dll" id="1bd264df-dba2-4af1-9d5c-595fa244e5a7"><Execution id="b9d4183b-eadd-4437-b49a-ebb0573c640b" /><TestMethod codeBase="D:\Users\Steve Knipmeyer\Documents\GitHub\ModelRelief\ModelRelief.test\bin\Debug\netcoreapp2.0\ModelRelief.Test.dll" adapterTypeName="executor://xunit/VsTestRunner2/netcoreapp" className="ModelRelief.Test.Integration.Cameras.CamerasBaseIntegrationTests" name="Put_ValidReferencePropertyUpdatesModel" /></UnitTest><UnitTest name="FileRequest_FileCanBeReadAfterRename" storage="d:\users\steve knipmeyer\documents\github\modelrelief\modelrelief.test\bin\debug\netcoreapp2.0\modelrelief.test.dll" id="632e8519-4230-4899-9819-a082bde86186"><Execution id="66be017f-0dc6-45fa-b2f6-fc9785ce63b8" /><TestMethod codeBase="D:\Users\Steve Knipmeyer\Documents\GitHub\ModelRelief\ModelRelief.test\bin\Debug\netcoreapp2.0\ModelRelief.Test.dll" adapterTypeName="executor://xunit/VsTestRunner2/netcoreapp" className="ModelRelief.Test.Integration.Meshes.MeshesFileIntegrationTests" name="FileRequest_FileCanBeReadAfterRename" /></UnitTest><UnitTest name="Patch_InvalidIdPropertyReturnsNotFound" storage="d:\users\steve knipmeyer\documents\github\modelrelief\modelrelief.test\bin\debug\netcoreapp2.0\modelrelief.test.dll" id="d6bd8750-fa3b-4d1f-a385-513ce99aaa3a"><Execution id="383c5900-c39e-4505-96f9-43ec228866a7" /><TestMethod codeBase="D:\Users\Steve Knipmeyer\Documents\GitHub\ModelRelief\ModelRelief.test\bin\Debug\netcoreapp2.0\ModelRelief.Test.dll" adapterTypeName="executor://xunit/VsTestRunner2/netcoreapp" className="ModelRelief.Test.Integration.DepthBuffers.DepthBuffersBaseIntegrationTests" name="Patch_InvalidIdPropertyReturnsNotFound" /></UnitTest><UnitTest name="Patch_InvalidPropertyNameReturnsBadRequest" storage="d:\users\steve knipmeyer\documents\github\modelrelief\modelrelief.test\bin\debug\netcoreapp2.0\modelrelief.test.dll" id="733f6e0b-6b15-4d74-a2bc-4bee91d12457"><Execution id="6cbf085d-65f9-4e9f-bb3c-2fecca266a2a" /><TestMethod codeBase="D:\Users\Steve Knipmeyer\Documents\GitHub\ModelRelief\ModelRelief.test\bin\Debug\netcoreapp2.0\ModelRelief.Test.dll" adapterTypeName="executor://xunit/VsTestRunner2/netcoreapp" className="ModelRelief.Test.Integration.Meshes.MeshesBaseIntegrationTests" name="Patch_InvalidPropertyNameReturnsBadRequest" /></UnitTest><UnitTest name="Patch_InvalidIdPropertyReturnsNotFound" storage="d:\users\steve knipmeyer\documents\github\modelrelief\modelrelief.test\bin\debug\netcoreapp2.0\modelrelief.test.dll" id="3ddd4d26-3c78-491d-9ddc-0f0b48d1f263"><Execution id="3d4230a8-461e-452e-9d26-6a81ca3c64bf" /><TestMethod codeBase="D:\Users\Steve Knipmeyer\Documents\GitHub\ModelRelief\ModelRelief.test\bin\Debug\netcoreapp2.0\ModelRelief.Test.dll" adapterTypeName="executor://xunit/VsTestRunner2/netcoreapp" className="ModelRelief.Test.Integration.Models.ModelsBaseIntegrationTests" name="Patch_InvalidIdPropertyReturnsNotFound" /></UnitTest><UnitTest name="Model3dHasExpectedDependentFiles" storage="d:\users\steve knipmeyer\documents\github\modelrelief\modelrelief.test\bin\debug\netcoreapp2.0\modelrelief.test.dll" id="044ec928-0809-4711-bb1f-cf14b606c09e"><Execution id="4b9112a5-8e8f-42b4-8508-a450a1928e36" /><TestMethod codeBase="D:\Users\Steve Knipmeyer\Documents\GitHub\ModelRelief\ModelRelief.test\bin\Debug\netcoreapp2.0\ModelRelief.Test.dll" adapterTypeName="executor://xunit/VsTestRunner2/netcoreapp" className="ModelRelief.Test.Unit.DependencyManager.DependencyManagerTests" name="Model3dHasExpectedDependentFiles" /></UnitTest><UnitTest name="GetSingle_ValidIdPropertyValueReturnsCorrectModel" storage="d:\users\steve knipmeyer\documents\github\modelrelief\modelrelief.test\bin\debug\netcoreapp2.0\modelrelief.test.dll" id="da36f640-7991-4504-8a14-c774c7209701"><Execution id="04e4cc74-d1f4-42fa-9d2b-fa1cb9cc0ca5" /><TestMethod codeBase="D:\Users\Steve Knipmeyer\Documents\GitHub\ModelRelief\ModelRelief.test\bin\Debug\netcoreapp2.0\ModelRelief.Test.dll" adapterTypeName="executor://xunit/VsTestRunner2/netcoreapp" className="ModelRelief.Test.Integration.Projects.ProjectsBaseIntegrationTests" name="GetSingle_ValidIdPropertyValueReturnsCorrectModel" /></UnitTest><UnitTest name="Delete_TargetModelIsDeleted" storage="d:\users\steve knipmeyer\documents\github\modelrelief\modelrelief.test\bin\debug\netcoreapp2.0\modelrelief.test.dll" id="24ef282c-575c-4b52-b4ef-0240cb674a2a"><Execution id="5d46ba1e-d034-41ce-b2f9-00eb9a541936" /><TestMethod codeBase="D:\Users\Steve Knipmeyer\Documents\GitHub\ModelRelief\ModelRelief.test\bin\Debug\netcoreapp2.0\ModelRelief.Test.dll" adapterTypeName="executor://xunit/VsTestRunner2/netcoreapp" className="ModelRelief.Test.Integration.DepthBuffers.DepthBuffersBaseIntegrationTests" name="Delete_TargetModelIsDeleted" /></UnitTest><UnitTest name="Put_InvalidIdReturnsNotFound" storage="d:\users\steve knipmeyer\documents\github\modelrelief\modelrelief.test\bin\debug\netcoreapp2.0\modelrelief.test.dll" id="7535161b-f5b7-4cf4-8f2e-f3b9088ba928"><Execution id="79a40c9f-28fc-4229-a4ac-eebf1cd94e48" /><TestMethod codeBase="D:\Users\Steve Knipmeyer\Documents\GitHub\ModelRelief\ModelRelief.test\bin\Debug\netcoreapp2.0\ModelRelief.Test.dll" adapterTypeName="executor://xunit/VsTestRunner2/netcoreapp" className="ModelRelief.Test.Integration.MeshTransforms.MeshTransformsBaseIntegrationTests" name="Put_InvalidIdReturnsNotFound" /></UnitTest><UnitTest name="PutFile_NewFileCanBePut" storage="d:\users\steve knipmeyer\documents\github\modelrelief\modelrelief.test\bin\debug\netcoreapp2.0\modelrelief.test.dll" id="19e6b964-a8ca-4fd1-9979-dd6b5b779f2b"><Execution id="e9050fab-e4c1-4a56-8b34-d234e87cbcdf" /><TestMethod codeBase="D:\Users\Steve Knipmeyer\Documents\GitHub\ModelRelief\ModelRelief.test\bin\Debug\netcoreapp2.0\ModelRelief.Test.dll" adapterTypeName="executor://xunit/VsTestRunner2/netcoreapp" className="ModelRelief.Test.Integration.Models.ModelsFileIntegrationTests" name="PutFile_NewFileCanBePut" /></UnitTest><UnitTest name="PutFile_FileCanBeUpdated" storage="d:\users\steve knipmeyer\documents\github\modelrelief\modelrelief.test\bin\debug\netcoreapp2.0\modelrelief.test.dll" id="6ec2dc9e-318e-44bc-9a33-aa2c6dcebf31"><Execution id="a19db496-2191-4e3b-ad20-5e3b38ae26ab" /><TestMethod codeBase="D:\Users\Steve Knipmeyer\Documents\GitHub\ModelRelief\ModelRelief.test\bin\Debug\netcoreapp2.0\ModelRelief.Test.dll" adapterTypeName="executor://xunit/VsTestRunner2/netcoreapp" className="ModelRelief.Test.Integration.DepthBuffers.DepthBuffersFileIntegrationTests" name="PutFile_FileCanBeUpdated" /></UnitTest><UnitTest name="Put_ValidReferencePropertyUpdatesModel" storage="d:\users\steve knipmeyer\documents\github\modelrelief\modelrelief.test\bin\debug\netcoreapp2.0\modelrelief.test.dll" id="5450ecf4-c1fc-4168-bddd-2b61cc219e6f"><Execution id="93f19672-7fc2-42fd-8230-cad5f1d21f3c" /><TestMethod codeBase="D:\Users\Steve Knipmeyer\Documents\GitHub\ModelRelief\ModelRelief.test\bin\Debug\netcoreapp2.0\ModelRelief.Test.dll" adapterTypeName="executor://xunit/VsTestRunner2/netcoreapp" className="ModelRelief.Test.Integration.DepthBuffers.DepthBuffersBaseIntegrationTests" name="Put_ValidReferencePropertyUpdatesModel" /></UnitTest><UnitTest name="Delete_TargetModelIsDeleted" storage="d:\users\steve knipmeyer\documents\github\modelrelief\modelrelief.test\bin\debug\netcoreapp2.0\modelrelief.test.dll" id="1421beaf-2782-45c5-8f01-c1e56d1c4f23"><Execution id="7f7a2658-b3d9-4262-a769-45b4d910ba9e" /><TestMethod codeBase="D:\Users\Steve Knipmeyer\Documents\GitHub\ModelRelief\ModelRelief.test\bin\Debug\netcoreapp2.0\ModelRelief.Test.dll" adapterTypeName="executor://xunit/VsTestRunner2/netcoreapp" className="ModelRelief.Test.Integration.MeshTransforms.MeshTransformsBaseIntegrationTests" name="Delete_TargetModelIsDeleted" /></UnitTest><UnitTest name="Patch_ValidReferencePropertyUpdatesModel" storage="d:\users\steve knipmeyer\documents\github\modelrelief\modelrelief.test\bin\debug\netcoreapp2.0\modelrelief.test.dll" id="c57d527c-8fd1-4229-b857-f990e831d0d9"><Execution id="0e0b76be-08db-42e2-a971-b7f1cd585526" /><TestMethod codeBase="D:\Users\Steve Knipmeyer\Documents\GitHub\ModelRelief\ModelRelief.test\bin\Debug\netcoreapp2.0\ModelRelief.Test.dll" adapterTypeName="executor://xunit/VsTestRunner2/netcoreapp" className="ModelRelief.Test.Integration.Projects.ProjectsBaseIntegrationTests" name="Patch_ValidReferencePropertyUpdatesModel" /></UnitTest><UnitTest name="Patch_MultipleInvalidReferencePropertiesReturnsMultipleValidationErrorsAndBadRequest" storage="d:\users\steve knipmeyer\documents\github\modelrelief\modelrelief.test\bin\debug\netcoreapp2.0\modelrelief.test.dll" id="94474b88-ccea-4a85-a3e4-b5bde921b8c0"><Execution id="3978b413-831c-4884-8bea-d63b714645a8" /><TestMethod codeBase="D:\Users\Steve Knipmeyer\Documents\GitHub\ModelRelief\ModelRelief.test\bin\Debug\netcoreapp2.0\ModelRelief.Test.dll" adapterTypeName="executor://xunit/VsTestRunner2/netcoreapp" className="ModelRelief.Test.Integration.Models.ModelsBaseIntegrationTests" name="Patch_MultipleInvalidReferencePropertiesReturnsMultipleValidationErrorsAndBadRequest" /></UnitTest><UnitTest name="Post_CanCreateNewModel" storage="d:\users\steve knipmeyer\documents\github\modelrelief\modelrelief.test\bin\debug\netcoreapp2.0\modelrelief.test.dll" id="5d1412e4-50ea-4e26-b402-2f1097c4a210"><Execution id="f17572c1-d024-4818-8be8-f2847156238d" /><TestMethod codeBase="D:\Users\Steve Knipmeyer\Documents\GitHub\ModelRelief\ModelRelief.test\bin\Debug\netcoreapp2.0\ModelRelief.Test.dll" adapterTypeName="executor://xunit/VsTestRunner2/netcoreapp" className="ModelRelief.Test.Integration.MeshTransforms.MeshTransformsBaseIntegrationTests" name="Post_CanCreateNewModel" /></UnitTest><UnitTest name="GetSingle_InvalidIdPropertyValueReturnsNotFound" storage="d:\users\steve knipmeyer\documents\github\modelrelief\modelrelief.test\bin\debug\netcoreapp2.0\modelrelief.test.dll" id="c25b26f3-573f-4fa0-8a47-43a88c111212"><Execution id="62940687-5ed0-408a-a1e2-faf0d11de7f2" /><TestMethod codeBase="D:\Users\Steve Knipmeyer\Documents\GitHub\ModelRelief\ModelRelief.test\bin\Debug\netcoreapp2.0\ModelRelief.Test.dll" adapterTypeName="executor://xunit/VsTestRunner2/netcoreapp" className="ModelRelief.Test.Integration.Cameras.CamerasBaseIntegrationTests" name="GetSingle_InvalidIdPropertyValueReturnsNotFound" /></UnitTest><UnitTest name="GetList_ListReturnsCorrectCount" storage="d:\users\steve knipmeyer\documents\github\modelrelief\modelrelief.test\bin\debug\netcoreapp2.0\modelrelief.test.dll" id="bcec8cb6-7df4-4837-b6f1-9f21d657f088"><Execution id="2f857649-23ba-42b4-a1ce-ee9c4deff433" /><TestMethod codeBase="D:\Users\Steve Knipmeyer\Documents\GitHub\ModelRelief\ModelRelief.test\bin\Debug\netcoreapp2.0\ModelRelief.Test.dll" adapterTypeName="executor://xunit/VsTestRunner2/netcoreapp" className="ModelRelief.Test.Integration.MeshTransforms.MeshTransformsBaseIntegrationTests" name="GetList_ListReturnsCorrectCount" /></UnitTest><UnitTest name="Patch_InvalidIdPropertyReturnsNotFound" storage="d:\users\steve knipmeyer\documents\github\modelrelief\modelrelief.test\bin\debug\netcoreapp2.0\modelrelief.test.dll" id="0312253c-6b2e-49e4-b4f2-f62dbe202bb5"><Execution id="65d9e344-79a8-44ba-8e45-109a71401345" /><TestMethod codeBase="D:\Users\Steve Knipmeyer\Documents\GitHub\ModelRelief\ModelRelief.test\bin\Debug\netcoreapp2.0\ModelRelief.Test.dll" adapterTypeName="executor://xunit/VsTestRunner2/netcoreapp" className="ModelRelief.Test.Integration.Projects.ProjectsBaseIntegrationTests" name="Patch_InvalidIdPropertyReturnsNotFound" /></UnitTest><UnitTest name="Post_CanCreateNewModel" storage="d:\users\steve knipmeyer\documents\github\modelrelief\modelrelief.test\bin\debug\netcoreapp2.0\modelrelief.test.dll" id="16a0b71b-e4fd-49ad-bbac-f8c04ca5529f"><Execution id="6dddf3e8-83b4-4fb8-9056-d963e94b2e9f" /><TestMethod codeBase="D:\Users\Steve Knipmeyer\Documents\GitHub\ModelRelief\ModelRelief.test\bin\Debug\netcoreapp2.0\ModelRelief.Test.dll" adapterTypeName="executor://xunit/VsTestRunner2/netcoreapp" className="ModelRelief.Test.Integration.Meshes.MeshesBaseIntegrationTests" name="Post_CanCreateNewModel" /></UnitTest><UnitTest name="FileRequest_MeshGenerateScalesDepthBufferByLambdaLinearScaling" storage="d:\users\steve knipmeyer\documents\github\modelrelief\modelrelief.test\bin\debug\netcoreapp2.0\modelrelief.test.dll" id="e769bbd6-4e2c-4e24-b145-b4c62d7ce89b"><Execution id="7650db13-5dd7-4b9a-86da-5da6d5913e8e" /><TestMethod codeBase="D:\Users\Steve Knipmeyer\Documents\GitHub\ModelRelief\ModelRelief.test\bin\Debug\netcoreapp2.0\ModelRelief.Test.dll" adapterTypeName="executor://xunit/VsTestRunner2/netcoreapp" className="ModelRelief.Test.Integration.Meshes.MeshesFileIntegrationTests" name="FileRequest_MeshGenerateScalesDepthBufferByLambdaLinearScaling" /></UnitTest><UnitTest name="GetSingle_ValidIdPropertyValueReturnsCorrectModel" storage="d:\users\steve knipmeyer\documents\github\modelrelief\modelrelief.test\bin\debug\netcoreapp2.0\modelrelief.test.dll" id="0a46b8b6-c3a4-4e33-8a85-78ea3a4a2527"><Execution id="264385ab-deac-4cc9-b25f-1b691e8e19e9" /><TestMethod codeBase="D:\Users\Steve Knipmeyer\Documents\GitHub\ModelRelief\ModelRelief.test\bin\Debug\netcoreapp2.0\ModelRelief.Test.dll" adapterTypeName="executor://xunit/VsTestRunner2/netcoreapp" className="ModelRelief.Test.Integration.Cameras.CamerasBaseIntegrationTests" name="GetSingle_ValidIdPropertyValueReturnsCorrectModel" /></UnitTest><UnitTest name="GetList_ListReturnsCorrectCount" storage="d:\users\steve knipmeyer\documents\github\modelrelief\modelrelief.test\bin\debug\netcoreapp2.0\modelrelief.test.dll" id="8ddbb8c2-4897-4e0e-8351-03ca9eac7e7f"><Execution id="013140ba-e320-4ddb-a71b-ce5f7ab5c195" /><TestMethod codeBase="D:\Users\Steve Knipmeyer\Documents\GitHub\ModelRelief\ModelRelief.test\bin\Debug\netcoreapp2.0\ModelRelief.Test.dll" adapterTypeName="executor://xunit/VsTestRunner2/netcoreapp" className="ModelRelief.Test.Integration.DepthBuffers.DepthBuffersBaseIntegrationTests" name="GetList_ListReturnsCorrectCount" /></UnitTest><UnitTest name="Patch_ValidReferencePropertyUpdatesModel" storage="d:\users\steve knipmeyer\documents\github\modelrelief\modelrelief.test\bin\debug\netcoreapp2.0\modelrelief.test.dll" id="c184ac63-85f3-45a3-9369-4bd9f95987a4"><Execution id="e853c08c-603c-478b-85d4-06e91564baea" /><TestMethod codeBase="D:\Users\Steve Knipmeyer\Documents\GitHub\ModelRelief\ModelRelief.test\bin\Debug\netcoreapp2.0\ModelRelief.Test.dll" adapterTypeName="executor://xunit/VsTestRunner2/netcoreapp" className="ModelRelief.Test.Integration.Meshes.MeshesBaseIntegrationTests" name="Patch_ValidReferencePropertyUpdatesModel" /></UnitTest><UnitTest name="Put_CanUpdateModel" storage="d:\users\steve knipmeyer\documents\github\modelrelief\modelrelief.test\bin\debug\netcoreapp2.0\modelrelief.test.dll" id="774b2ada-3dba-4a3d-a6ca-33fd688e209e"><Execution id="b9dd1f68-6519-4f19-a7e8-67f2406b13e3" /><TestMethod codeBase="D:\Users\Steve Knipmeyer\Documents\GitHub\ModelRelief\ModelRelief.test\bin\Debug\netcoreapp2.0\ModelRelief.Test.dll" adapterTypeName="executor://xunit/VsTestRunner2/netcoreapp" className="ModelRelief.Test.Integration.Projects.ProjectsBaseIntegrationTests" name="Put_CanUpdateModel" /></UnitTest><UnitTest name="FileRequest_FileCanBeReadAfterRename" storage="d:\users\steve knipmeyer\documents\github\modelrelief\modelrelief.test\bin\debug\netcoreapp2.0\modelrelief.test.dll" id="402b6de2-1835-4cd3-a5de-910f43a8dc59"><Execution id="282f32e8-9351-4852-afe9-a04687355dfb" /><TestMethod codeBase="D:\Users\Steve Knipmeyer\Documents\GitHub\ModelRelief\ModelRelief.test\bin\Debug\netcoreapp2.0\ModelRelief.Test.dll" adapterTypeName="executor://xunit/VsTestRunner2/netcoreapp" className="ModelRelief.Test.Integration.DepthBuffers.DepthBuffersFileIntegrationTests" name="FileRequest_FileCanBeReadAfterRename" /></UnitTest><UnitTest name="Put_InvalidReferencePropertyReturndBadRequest" storage="d:\users\steve knipmeyer\documents\github\modelrelief\modelrelief.test\bin\debug\netcoreapp2.0\modelrelief.test.dll" id="dfeee801-7e74-489d-8e37-134f802044c6"><Execution id="885ad35a-b549-4b0f-82eb-5d6dc26c2c44" /><TestMethod codeBase="D:\Users\Steve Knipmeyer\Documents\GitHub\ModelRelief\ModelRelief.test\bin\Debug\netcoreapp2.0\ModelRelief.Test.dll" adapterTypeName="executor://xunit/VsTestRunner2/netcoreapp" className="ModelRelief.Test.Integration.DepthBuffers.DepthBuffersBaseIntegrationTests" name="Put_InvalidReferencePropertyReturndBadRequest" /></UnitTest><UnitTest name="Patch_InvalidReferencePropertyReturnsBadRequest" storage="d:\users\steve knipmeyer\documents\github\modelrelief\modelrelief.test\bin\debug\netcoreapp2.0\modelrelief.test.dll" id="0e6a8442-097e-4adc-a0fd-a2148fb07228"><Execution id="3884fecb-2251-446a-bad1-86a7d07a4f35" /><TestMethod codeBase="D:\Users\Steve Knipmeyer\Documents\GitHub\ModelRelief\ModelRelief.test\bin\Debug\netcoreapp2.0\ModelRelief.Test.dll" adapterTypeName="executor://xunit/VsTestRunner2/netcoreapp" className="ModelRelief.Test.Integration.Cameras.CamerasBaseIntegrationTests" name="Patch_InvalidReferencePropertyReturnsBadRequest" /></UnitTest><UnitTest name="Post_InvalidReferencePropertyReturnsBadRequest" storage="d:\users\steve knipmeyer\documents\github\modelrelief\modelrelief.test\bin\debug\netcoreapp2.0\modelrelief.test.dll" id="c4849341-ecc4-4a94-be65-4950756ae0ab"><Execution id="c11a3329-86ad-4c2a-91a5-bed1c86e08d4" /><TestMethod codeBase="D:\Users\Steve Knipmeyer\Documents\GitHub\ModelRelief\ModelRelief.test\bin\Debug\netcoreapp2.0\ModelRelief.Test.dll" adapterTypeName="executor://xunit/VsTestRunner2/netcoreapp" className="ModelRelief.Test.Integration.Cameras.CamerasBaseIntegrationTests" name="Post_InvalidReferencePropertyReturnsBadRequest" /></UnitTest><UnitTest name="Post_ValidReferencePropertyCreatesModel" storage="d:\users\steve knipmeyer\documents\github\modelrelief\modelrelief.test\bin\debug\netcoreapp2.0\modelrelief.test.dll" id="bc57d0cf-ca34-437b-bb05-56f91530eb1e"><Execution id="f83b3eca-d9e1-445d-ac50-b8fd509d9830" /><TestMethod codeBase="D:\Users\Steve Knipmeyer\Documents\GitHub\ModelRelief\ModelRelief.test\bin\Debug\netcoreapp2.0\ModelRelief.Test.dll" adapterTypeName="executor://xunit/VsTestRunner2/netcoreapp" className="ModelRelief.Test.Integration.DepthBuffers.DepthBuffersBaseIntegrationTests" name="Post_ValidReferencePropertyCreatesModel" /></UnitTest><UnitTest name="Put_InvalidReferencePropertyReturndBadRequest" storage="d:\users\steve knipmeyer\documents\github\modelrelief\modelrelief.test\bin\debug\netcoreapp2.0\modelrelief.test.dll" id="023c19ae-2cec-499d-9890-ce247b50e63d"><Execution id="545717c0-d22c-42e6-98d4-034d0597fe3d" /><TestMethod codeBase="D:\Users\Steve Knipmeyer\Documents\GitHub\ModelRelief\ModelRelief.test\bin\Debug\netcoreapp2.0\ModelRelief.Test.dll" adapterTypeName="executor://xunit/VsTestRunner2/netcoreapp" className="ModelRelief.Test.Integration.Projects.ProjectsBaseIntegrationTests" name="Put_InvalidReferencePropertyReturndBadRequest" /></UnitTest><UnitTest name="Put_InvalidIdReturnsNotFound" storage="d:\users\steve knipmeyer\documents\github\modelrelief\modelrelief.test\bin\debug\netcoreapp2.0\modelrelief.test.dll" id="3ed4e1d0-d087-4101-a9ba-28e5482f3291"><Execution id="0f2202a3-2777-4208-af9d-ddba30826115" /><TestMethod codeBase="D:\Users\Steve Knipmeyer\Documents\GitHub\ModelRelief\ModelRelief.test\bin\Debug\netcoreapp2.0\ModelRelief.Test.dll" adapterTypeName="executor://xunit/VsTestRunner2/netcoreapp" className="ModelRelief.Test.Integration.Models.ModelsBaseIntegrationTests" name="Put_InvalidIdReturnsNotFound" /></UnitTest><UnitTest name="PostFile_FileTimeStampIsUpdatedAfterFileIsPosted" storage="d:\users\steve knipmeyer\documents\github\modelrelief\modelrelief.test\bin\debug\netcoreapp2.0\modelrelief.test.dll" id="084c16c8-43b8-4fc4-b744-c7d3d5113a9c"><Execution id="07e0b234-0ba0-4c89-9a3e-25ff86a3e3fd" /><TestMethod codeBase="D:\Users\Steve Knipmeyer\Documents\GitHub\ModelRelief\ModelRelief.test\bin\Debug\netcoreapp2.0\ModelRelief.Test.dll" adapterTypeName="executor://xunit/VsTestRunner2/netcoreapp" className="ModelRelief.Test.Integration.DepthBuffers.DepthBuffersFileIntegrationTests" name="PostFile_FileTimeStampIsUpdatedAfterFileIsPosted" /></UnitTest><UnitTest name="GetFile_NonExistentFileReturnsNotFound" storage="d:\users\steve knipmeyer\documents\github\modelrelief\modelrelief.test\bin\debug\netcoreapp2.0\modelrelief.test.dll" id="e295487c-cab5-41da-abd9-45869e820da2"><Execution id="898d0c5f-8590-49ba-bcb6-019cdbd69f71" /><TestMethod codeBase="D:\Users\Steve Knipmeyer\Documents\GitHub\ModelRelief\ModelRelief.test\bin\Debug\netcoreapp2.0\ModelRelief.Test.dll" adapterTypeName="executor://xunit/VsTestRunner2/netcoreapp" className="ModelRelief.Test.Integration.DepthBuffers.DepthBuffersFileIntegrationTests" name="GetFile_NonExistentFileReturnsNotFound" /></UnitTest><UnitTest name="Patch_InvalidEnumPropertyValueReturnsBadRequest" storage="d:\users\steve knipmeyer\documents\github\modelrelief\modelrelief.test\bin\debug\netcoreapp2.0\modelrelief.test.dll" id="5a407c8a-82d1-4de8-bebd-699cc3c1e1a8"><Execution id="9fc5f39b-f156-413c-a28b-9536d5e29fcb" /><TestMethod codeBase="D:\Users\Steve Knipmeyer\Documents\GitHub\ModelRelief\ModelRelief.test\bin\Debug\netcoreapp2.0\ModelRelief.Test.dll" adapterTypeName="executor://xunit/VsTestRunner2/netcoreapp" className="ModelRelief.Test.Integration.Models.ModelsBaseIntegrationTests" name="Patch_InvalidEnumPropertyValueReturnsBadRequest" /></UnitTest><UnitTest name="Post_CanCreateNewModel" storage="d:\users\steve knipmeyer\documents\github\modelrelief\modelrelief.test\bin\debug\netcoreapp2.0\modelrelief.test.dll" id="8fa1eb3a-17ef-4828-a2b2-321bef50a82e"><Execution id="062514db-f950-4416-9f43-2397a2ad47a9" /><TestMethod codeBase="D:\Users\Steve Knipmeyer\Documents\GitHub\ModelRelief\ModelRelief.test\bin\Debug\netcoreapp2.0\ModelRelief.Test.dll" adapterTypeName="executor://xunit/VsTestRunner2/netcoreapp" className="ModelRelief.Test.Integration.DepthBuffers.DepthBuffersBaseIntegrationTests" name="Post_CanCreateNewModel" /></UnitTest><UnitTest name="Put_CanUpdateModel" storage="d:\users\steve knipmeyer\documents\github\modelrelief\modelrelief.test\bin\debug\netcoreapp2.0\modelrelief.test.dll" id="8e44e02c-ea8e-4f8f-8bbe-04f66ede41a5"><Execution id="0ef543de-e8bc-4b74-b3bf-02ae39a15b98" /><TestMethod codeBase="D:\Users\Steve Knipmeyer\Documents\GitHub\ModelRelief\ModelRelief.test\bin\Debug\netcoreapp2.0\ModelRelief.Test.dll" adapterTypeName="executor://xunit/VsTestRunner2/netcoreapp" className="ModelRelief.Test.Integration.Models.ModelsBaseIntegrationTests" name="Put_CanUpdateModel" /></UnitTest><UnitTest name="Post_InvalidPropertyValueReturnsBadRequest" storage="d:\users\steve knipmeyer\documents\github\modelrelief\modelrelief.test\bin\debug\netcoreapp2.0\modelrelief.test.dll" id="5514edc2-86c3-44eb-b46f-1299f56e93f4"><Execution id="e3873360-b36e-40f7-b87f-482be52548e1" /><TestMethod codeBase="D:\Users\Steve Knipmeyer\Documents\GitHub\ModelRelief\ModelRelief.test\bin\Debug\netcoreapp2.0\ModelRelief.Test.dll" adapterTypeName="executor://xunit/VsTestRunner2/netcoreapp" className="ModelRelief.Test.Integration.Models.ModelsBaseIntegrationTests" name="Post_InvalidPropertyValueReturnsBadRequest" /></UnitTest><UnitTest name="Post_InvalidReferencePropertyReturnsBadRequest" storage="d:\users\steve knipmeyer\documents\github\modelrelief\modelrelief.test\bin\debug\netcoreapp2.0\modelrelief.test.dll" id="fcb77cc5-8904-40b5-ae68-5b495ffd8646"><Execution id="293c3603-dce9-4ca5-989f-0d70d48ed5c2" /><TestMethod codeBase="D:\Users\Steve Knipmeyer\Documents\GitHub\ModelRelief\ModelRelief.test\bin\Debug\netcoreapp2.0\ModelRelief.Test.dll" adapterTypeName="executor://xunit/VsTestRunner2/netcoreapp" className="ModelRelief.Test.Integration.MeshTransforms.MeshTransformsBaseIntegrationTests" name="Post_InvalidReferencePropertyReturnsBadRequest" /></UnitTest><UnitTest name="Patch_MultipleInvalidReferencePropertiesReturnsMultipleValidationErrorsAndBadRequest" storage="d:\users\steve knipmeyer\documents\github\modelrelief\modelrelief.test\bin\debug\netcoreapp2.0\modelrelief.test.dll" id="90b06ced-3467-453d-84da-7a4d64cd89ce"><Execution id="dcfaece8-5acc-46de-ac3d-24b7311363b5" /><TestMethod codeBase="D:\Users\Steve Knipmeyer\Documents\GitHub\ModelRelief\ModelRelief.test\bin\Debug\netcoreapp2.0\ModelRelief.Test.dll" adapterTypeName="executor://xunit/VsTestRunner2/netcoreapp" className="ModelRelief.Test.Integration.DepthBuffers.DepthBuffersBaseIntegrationTests" name="Patch_MultipleInvalidReferencePropertiesReturnsMultipleValidationErrorsAndBadRequest" /></UnitTest><UnitTest name="GetList_ListReturnsCorrectCount" storage="d:\users\steve knipmeyer\documents\github\modelrelief\modelrelief.test\bin\debug\netcoreapp2.0\modelrelief.test.dll" id="838bf784-ad18-40c8-b1bb-ebe6db9b6b60"><Execution id="937d47a9-2235-49ef-9745-6fec43f60934" /><TestMethod codeBase="D:\Users\Steve Knipmeyer\Documents\GitHub\ModelRelief\ModelRelief.test\bin\Debug\netcoreapp2.0\ModelRelief.Test.dll" adapterTypeName="executor://xunit/VsTestRunner2/netcoreapp" className="ModelRelief.Test.Integration.Meshes.MeshesBaseIntegrationTests" name="GetList_ListReturnsCorrectCount" /></UnitTest><UnitTest name="Post_CanCreateNewModel" storage="d:\users\steve knipmeyer\documents\github\modelrelief\modelrelief.test\bin\debug\netcoreapp2.0\modelrelief.test.dll" id="4d87eed7-c6d9-45be-9f56-ff437dfe156f"><Execution id="baf73425-7ab6-429e-a081-cf6b2060be4e" /><TestMethod codeBase="D:\Users\Steve Knipmeyer\Documents\GitHub\ModelRelief\ModelRelief.test\bin\Debug\netcoreapp2.0\ModelRelief.Test.dll" adapterTypeName="executor://xunit/VsTestRunner2/netcoreapp" className="ModelRelief.Test.Integration.Projects.ProjectsBaseIntegrationTests" name="Post_CanCreateNewModel" /></UnitTest><UnitTest name="GetSingle_InvalidIdPropertyValueReturnsNotFound" storage="d:\users\steve knipmeyer\documents\github\modelrelief\modelrelief.test\bin\debug\netcoreapp2.0\modelrelief.test.dll" id="c84f0d92-32b1-452d-a1e1-5dc47d9ca604"><Execution id="7d316fed-1fdd-4c64-8ed6-11e7bd628ea1" /><TestMethod codeBase="D:\Users\Steve Knipmeyer\Documents\GitHub\ModelRelief\ModelRelief.test\bin\Debug\netcoreapp2.0\ModelRelief.Test.dll" adapterTypeName="executor://xunit/VsTestRunner2/netcoreapp" className="ModelRelief.Test.Integration.Meshes.MeshesBaseIntegrationTests" name="GetSingle_InvalidIdPropertyValueReturnsNotFound" /></UnitTest><UnitTest name="Patch_InvalidReferencePropertyReturnsBadRequest" storage="d:\users\steve knipmeyer\documents\github\modelrelief\modelrelief.test\bin\debug\netcoreapp2.0\modelrelief.test.dll" id="cc15f2ab-b9d6-4780-9a26-ade9f92516bd"><Execution id="b01d1710-390c-4788-867a-d0f8d3548f5e" /><TestMethod codeBase="D:\Users\Steve Knipmeyer\Documents\GitHub\ModelRelief\ModelRelief.test\bin\Debug\netcoreapp2.0\ModelRelief.Test.dll" adapterTypeName="executor://xunit/VsTestRunner2/netcoreapp" className="ModelRelief.Test.Integration.Models.ModelsBaseIntegrationTests" name="Patch_InvalidReferencePropertyReturnsBadRequest" /></UnitTest><UnitTest name="Patch_MultipleInvalidReferencePropertiesReturnsMultipleValidationErrorsAndBadRequest" storage="d:\users\steve knipmeyer\documents\github\modelrelief\modelrelief.test\bin\debug\netcoreapp2.0\modelrelief.test.dll" id="b77f2795-935f-495e-bcdc-953e2c1a9a97"><Execution id="04914698-821d-4941-8400-0de9fba29847" /><TestMethod codeBase="D:\Users\Steve Knipmeyer\Documents\GitHub\ModelRelief\ModelRelief.test\bin\Debug\netcoreapp2.0\ModelRelief.Test.dll" adapterTypeName="executor://xunit/VsTestRunner2/netcoreapp" className="ModelRelief.Test.Integration.Meshes.MeshesBaseIntegrationTests" name="Patch_MultipleInvalidReferencePropertiesReturnsMultipleValidationErrorsAndBadRequest" /></UnitTest><UnitTest name="GetSingle_ValidIdPropertyValueReturnsCorrectModel" storage="d:\users\steve knipmeyer\documents\github\modelrelief\modelrelief.test\bin\debug\netcoreapp2.0\modelrelief.test.dll" id="2a3a767b-ee8a-4fdd-a440-d230449697f0"><Execution id="2e6885f3-fc53-469b-8dbc-fa2cd7b24768" /><TestMethod codeBase="D:\Users\Steve Knipmeyer\Documents\GitHub\ModelRelief\ModelRelief.test\bin\Debug\netcoreapp2.0\ModelRelief.Test.dll" adapterTypeName="executor://xunit/VsTestRunner2/netcoreapp" className="ModelRelief.Test.Integration.MeshTransforms.MeshTransformsBaseIntegrationTests" name="GetSingle_ValidIdPropertyValueReturnsCorrectModel" /></UnitTest><UnitTest name="Patch_InvalidReferencePropertyReturnsBadRequest" storage="d:\users\steve knipmeyer\documents\github\modelrelief\modelrelief.test\bin\debug\netcoreapp2.0\modelrelief.test.dll" id="ab3d6294-f536-4f43-8f02-447f51c74d6a"><Execution id="390823f4-d00b-4cdb-9845-eec15a9ed764" /><TestMethod codeBase="D:\Users\Steve Knipmeyer\Documents\GitHub\ModelRelief\ModelRelief.test\bin\Debug\netcoreapp2.0\ModelRelief.Test.dll" adapterTypeName="executor://xunit/VsTestRunner2/netcoreapp" className="ModelRelief.Test.Integration.DepthBuffers.DepthBuffersBaseIntegrationTests" name="Patch_InvalidReferencePropertyReturnsBadRequest" /></UnitTest><UnitTest name="GetSingle_InvalidIdPropertyValueReturnsNotFound" storage="d:\users\steve knipmeyer\documents\github\modelrelief\modelrelief.test\bin\debug\netcoreapp2.0\modelrelief.test.dll" id="a6916283-f84e-418b-a0fb-b237db6a8e6d"><Execution id="11f05336-1d98-4166-a76f-e44ff8c3d8f1" /><TestMethod codeBase="D:\Users\Steve Knipmeyer\Documents\GitHub\ModelRelief\ModelRelief.test\bin\Debug\netcoreapp2.0\ModelRelief.Test.dll" adapterTypeName="executor://xunit/VsTestRunner2/netcoreapp" className="ModelRelief.Test.Integration.Projects.ProjectsBaseIntegrationTests" name="GetSingle_InvalidIdPropertyValueReturnsNotFound" /></UnitTest><UnitTest name="PutFile_FileCanBeUpdated" storage="d:\users\steve knipmeyer\documents\github\modelrelief\modelrelief.test\bin\debug\netcoreapp2.0\modelrelief.test.dll" id="b384fb6d-89e9-45e3-bd32-1b82eb306f6f"><Execution id="15606831-1332-49d8-a224-96871747ec5e" /><TestMethod codeBase="D:\Users\Steve Knipmeyer\Documents\GitHub\ModelRelief\ModelRelief.test\bin\Debug\netcoreapp2.0\ModelRelief.Test.dll" adapterTypeName="executor://xunit/VsTestRunner2/netcoreapp" className="ModelRelief.Test.Integration.Meshes.MeshesFileIntegrationTests" name="PutFile_FileCanBeUpdated" /></UnitTest><UnitTest name="Patch_InvalidEnumPropertyValueReturnsBadRequest" storage="d:\users\steve knipmeyer\documents\github\modelrelief\modelrelief.test\bin\debug\netcoreapp2.0\modelrelief.test.dll" id="d5a338af-d2b9-48ea-8eee-2e9fd2ec1f8f"><Execution id="77dfc043-8857-4753-a920-f8d99108bdfe" /><TestMethod codeBase="D:\Users\Steve Knipmeyer\Documents\GitHub\ModelRelief\ModelRelief.test\bin\Debug\netcoreapp2.0\ModelRelief.Test.dll" adapterTypeName="executor://xunit/VsTestRunner2/netcoreapp" className="ModelRelief.Test.Integration.Projects.ProjectsBaseIntegrationTests" name="Patch_InvalidEnumPropertyValueReturnsBadRequest" /></UnitTest><UnitTest name="Put_ValidReferencePropertyUpdatesModel" storage="d:\users\steve knipmeyer\documents\github\modelrelief\modelrelief.test\bin\debug\netcoreapp2.0\modelrelief.test.dll" id="711000b0-4557-4127-a708-84642c465941"><Execution id="dea6723a-faae-4e6f-b941-cd2159c85e25" /><TestMethod codeBase="D:\Users\Steve Knipmeyer\Documents\GitHub\ModelRelief\ModelRelief.test\bin\Debug\netcoreapp2.0\ModelRelief.Test.dll" adapterTypeName="executor://xunit/VsTestRunner2/netcoreapp" className="ModelRelief.Test.Integration.MeshTransforms.MeshTransformsBaseIntegrationTests" name="Put_ValidReferencePropertyUpdatesModel" /></UnitTest><UnitTest name="FileRequest_DepthBufferIsInvalidatedAfterCameraDependencyPropertyChange" storage="d:\users\steve knipmeyer\documents\github\modelrelief\modelrelief.test\bin\debug\netcoreapp2.0\modelrelief.test.dll" id="62364826-3d01-4386-ae5d-95bdd04a4304"><Execution id="942594b9-34c4-456f-af75-0fbc48d162ba" /><TestMethod codeBase="D:\Users\Steve Knipmeyer\Documents\GitHub\ModelRelief\ModelRelief.test\bin\Debug\netcoreapp2.0\ModelRelief.Test.dll" adapterTypeName="executor://xunit/VsTestRunner2/netcoreapp" className="ModelRelief.Test.Integration.DepthBuffers.DepthBuffersFileIntegrationTests" name="FileRequest_DepthBufferIsInvalidatedAfterCameraDependencyPropertyChange" /></UnitTest><UnitTest name="GetFile_ExistingFileReturnsSuccess" storage="d:\users\steve knipmeyer\documents\github\modelrelief\modelrelief.test\bin\debug\netcoreapp2.0\modelrelief.test.dll" id="9c5d04d2-ac93-494d-8447-eccaefc1a9c7"><Execution id="9441f389-3b73-47fd-92ea-4a20f15a4b34" /><TestMethod codeBase="D:\Users\Steve Knipmeyer\Documents\GitHub\ModelRelief\ModelRelief.test\bin\Debug\netcoreapp2.0\ModelRelief.Test.dll" adapterTypeName="executor://xunit/VsTestRunner2/netcoreapp" className="ModelRelief.Test.Integration.DepthBuffers.DepthBuffersFileIntegrationTests" name="GetFile_ExistingFileReturnsSuccess" /></UnitTest><UnitTest name="LucyDepthBufferFindsOneDependent" storage="d:\users\steve knipmeyer\documents\github\modelrelief\modelrelief.test\bin\debug\netcoreapp2.0\modelrelief.test.dll" id="c920c647-fd25-4e14-84af-8778e6072fb6"><Execution id="a5aaf240-03e0-4ce1-895d-2af0d68fc404" /><TestMethod codeBase="D:\Users\Steve Knipmeyer\Documents\GitHub\ModelRelief\ModelRelief.test\bin\Debug\netcoreapp2.0\ModelRelief.Test.dll" adapterTypeName="executor://xunit/VsTestRunner2/netcoreapp" className="ModelRelief.Test.Unit.DependencyManager.DependencyManagerTests" name="LucyDepthBufferFindsOneDependent" /></UnitTest><UnitTest name="Patch_TargetPropertyIsUpdated" storage="d:\users\steve knipmeyer\documents\github\modelrelief\modelrelief.test\bin\debug\netcoreapp2.0\modelrelief.test.dll" id="8b7345fb-26ec-458d-ba35-7afd2201af65"><Execution id="1f5a17b5-9d02-4468-8762-cf613d1bd7f3" /><TestMethod codeBase="D:\Users\Steve Knipmeyer\Documents\GitHub\ModelRelief\ModelRelief.test\bin\Debug\netcoreapp2.0\ModelRelief.Test.dll" adapterTypeName="executor://xunit/VsTestRunner2/netcoreapp" className="ModelRelief.Test.Integration.Cameras.CamerasBaseIntegrationTests" name="Patch_TargetPropertyIsUpdated" /></UnitTest><UnitTest name="PutFile_NewFileCanBePut" storage="d:\users\steve knipmeyer\documents\github\modelrelief\modelrelief.test\bin\debug\netcoreapp2.0\modelrelief.test.dll" id="1db0eea7-0797-42d3-b312-2a8f260eeb28"><Execution id="8d2644e6-bfca-4f4d-9485-b49e11064cbb" /><TestMethod codeBase="D:\Users\Steve Knipmeyer\Documents\GitHub\ModelRelief\ModelRelief.test\bin\Debug\netcoreapp2.0\ModelRelief.Test.dll" adapterTypeName="executor://xunit/VsTestRunner2/netcoreapp" className="ModelRelief.Test.Integration.DepthBuffers.DepthBuffersFileIntegrationTests" name="PutFile_NewFileCanBePut" /></UnitTest><UnitTest name="Post_InvalidReferencePropertyReturnsBadRequest" storage="d:\users\steve knipmeyer\documents\github\modelrelief\modelrelief.test\bin\debug\netcoreapp2.0\modelrelief.test.dll" id="12396b86-b3ce-4335-99de-25097d1e0c9f"><Execution id="965cc9ad-0d70-46a8-934b-864b5f428f73" /><TestMethod codeBase="D:\Users\Steve Knipmeyer\Documents\GitHub\ModelRelief\ModelRelief.test\bin\Debug\netcoreapp2.0\ModelRelief.Test.dll" adapterTypeName="executor://xunit/VsTestRunner2/netcoreapp" className="ModelRelief.Test.Integration.DepthBuffers.DepthBuffersBaseIntegrationTests" name="Post_InvalidReferencePropertyReturnsBadRequest" /></UnitTest><UnitTest name="Post_InvalidPropertyValueReturnsBadRequest" storage="d:\users\steve knipmeyer\documents\github\modelrelief\modelrelief.test\bin\debug\netcoreapp2.0\modelrelief.test.dll" id="44c98049-8d48-4898-b17b-f872a89e57dd"><Execution id="f3a8e2b2-a022-4d24-898c-a7a34f2a423e" /><TestMethod codeBase="D:\Users\Steve Knipmeyer\Documents\GitHub\ModelRelief\ModelRelief.test\bin\Debug\netcoreapp2.0\ModelRelief.Test.dll" adapterTypeName="executor://xunit/VsTestRunner2/netcoreapp" className="ModelRelief.Test.Integration.Meshes.MeshesBaseIntegrationTests" name="Post_InvalidPropertyValueReturnsBadRequest" /></UnitTest><UnitTest name="Patch_TargetPropertyIsUpdated" storage="d:\users\steve knipmeyer\documents\github\modelrelief\modelrelief.test\bin\debug\netcoreapp2.0\modelrelief.test.dll" id="c177e64b-82bc-4d3b-ad71-aec5c084c5e7"><Execution id="d94498bc-257d-462a-9468-c53182fed041" /><TestMethod codeBase="D:\Users\Steve Knipmeyer\Documents\GitHub\ModelRelief\ModelRelief.test\bin\Debug\netcoreapp2.0\ModelRelief.Test.dll" adapterTypeName="executor://xunit/VsTestRunner2/netcoreapp" className="ModelRelief.Test.Integration.Models.ModelsBaseIntegrationTests" name="Patch_TargetPropertyIsUpdated" /></UnitTest><UnitTest name="PutFile_FileCanBeUpdated" storage="d:\users\steve knipmeyer\documents\github\modelrelief\modelrelief.test\bin\debug\netcoreapp2.0\modelrelief.test.dll" id="d7a8d951-1692-4764-ba54-65bf4fa9fdc1"><Execution id="c2a9d3c2-cd88-4ec9-a522-ac2bcd1caeb8" /><TestMethod codeBase="D:\Users\Steve Knipmeyer\Documents\GitHub\ModelRelief\ModelRelief.test\bin\Debug\netcoreapp2.0\ModelRelief.Test.dll" adapterTypeName="executor://xunit/VsTestRunner2/netcoreapp" className="ModelRelief.Test.Integration.Models.ModelsFileIntegrationTests" name="PutFile_FileCanBeUpdated" /></UnitTest><UnitTest name="PostFile_NewFileCanBePosted" storage="d:\users\steve knipmeyer\documents\github\modelrelief\modelrelief.test\bin\debug\netcoreapp2.0\modelrelief.test.dll" id="6000b4bf-d291-4458-9453-9b32abb1d087"><Execution id="973a091e-6e89-404f-9cca-c3cf7be2296a" /><TestMethod codeBase="D:\Users\Steve Knipmeyer\Documents\GitHub\ModelRelief\ModelRelief.test\bin\Debug\netcoreapp2.0\ModelRelief.Test.dll" adapterTypeName="executor://xunit/VsTestRunner2/netcoreapp" className="ModelRelief.Test.Integration.DepthBuffers.DepthBuffersFileIntegrationTests" name="PostFile_NewFileCanBePosted" /></UnitTest><UnitTest name="Patch_InvalidPropertyNameReturnsBadRequest" storage="d:\users\steve knipmeyer\documents\github\modelrelief\modelrelief.test\bin\debug\netcoreapp2.0\modelrelief.test.dll" id="4c15cacf-dec0-4344-9a20-8143592aa8dd"><Execution id="c57ff3b7-0bac-4922-a412-d5cde6dc2a6a" /><TestMethod codeBase="D:\Users\Steve Knipmeyer\Documents\GitHub\ModelRelief\ModelRelief.test\bin\Debug\netcoreapp2.0\ModelRelief.Test.dll" adapterTypeName="executor://xunit/VsTestRunner2/netcoreapp" className="ModelRelief.Test.Integration.MeshTransforms.MeshTransformsBaseIntegrationTests" name="Patch_InvalidPropertyNameReturnsBadRequest" /></UnitTest><UnitTest name="Put_InvalidIdReturnsNotFound" storage="d:\users\steve knipmeyer\documents\github\modelrelief\modelrelief.test\bin\debug\netcoreapp2.0\modelrelief.test.dll" id="2669eca0-7029-4015-a917-e57ea3da8623"><Execution id="edad063e-70ee-4b91-9caa-b5d8d218f8ce" /><TestMethod codeBase="D:\Users\Steve Knipmeyer\Documents\GitHub\ModelRelief\ModelRelief.test\bin\Debug\netcoreapp2.0\ModelRelief.Test.dll" adapterTypeName="executor://xunit/VsTestRunner2/netcoreapp" className="ModelRelief.Test.Integration.Cameras.CamerasBaseIntegrationTests" name="Put_InvalidIdReturnsNotFound" /></UnitTest><UnitTest name="Post_InvalidReferencePropertyReturnsBadRequest" storage="d:\users\steve knipmeyer\documents\github\modelrelief\modelrelief.test\bin\debug\netcoreapp2.0\modelrelief.test.dll" id="6c604447-544d-4053-bfe8-0ddbf48cef1a"><Execution id="ed56751a-5eac-4497-a739-ff3e7ad994e2" /><TestMethod codeBase="D:\Users\Steve Knipmeyer\Documents\GitHub\ModelRelief\ModelRelief.test\bin\Debug\netcoreapp2.0\ModelRelief.Test.dll" adapterTypeName="executor://xunit/VsTestRunner2/netcoreapp" className="ModelRelief.Test.Integration.Models.ModelsBaseIntegrationTests" name="Post_InvalidReferencePropertyReturnsBadRequest" /></UnitTest><UnitTest name="GetSingle_ValidIdPropertyValueReturnsCorrectModel" storage="d:\users\steve knipmeyer\documents\github\modelrelief\modelrelief.test\bin\debug\netcoreapp2.0\modelrelief.test.dll" id="dec03628-8648-4f77-adf6-9b9f8a42fcda"><Execution id="7da7103b-68e0-4635-95e1-0620225ea56f" /><TestMethod codeBase="D:\Users\Steve Knipmeyer\Documents\GitHub\ModelRelief\ModelRelief.test\bin\Debug\netcoreapp2.0\ModelRelief.Test.dll" adapterTypeName="executor://xunit/VsTestRunner2/netcoreapp" className="ModelRelief.Test.Integration.Meshes.MeshesBaseIntegrationTests" name="GetSingle_ValidIdPropertyValueReturnsCorrectModel" /></UnitTest><UnitTest name="Patch_InvalidIdPropertyReturnsNotFound" storage="d:\users\steve knipmeyer\documents\github\modelrelief\modelrelief.test\bin\debug\netcoreapp2.0\modelrelief.test.dll" id="bc5652ad-8bfa-4e6b-aedc-fe79de24469d"><Execution id="9621f111-80d0-48aa-895d-6491b6512442" /><TestMethod codeBase="D:\Users\Steve Knipmeyer\Documents\GitHub\ModelRelief\ModelRelief.test\bin\Debug\netcoreapp2.0\ModelRelief.Test.dll" adapterTypeName="executor://xunit/VsTestRunner2/netcoreapp" className="ModelRelief.Test.Integration.Meshes.MeshesBaseIntegrationTests" name="Patch_InvalidIdPropertyReturnsNotFound" /></UnitTest><UnitTest name="PostFile_FileTimeStampIsUpdatedAfterFileIsPosted" storage="d:\users\steve knipmeyer\documents\github\modelrelief\modelrelief.test\bin\debug\netcoreapp2.0\modelrelief.test.dll" id="d0a3a82c-4fd5-4ce5-aaca-982b52e7f45f"><Execution id="0925df94-d593-492d-b15f-c39b82bf8634" /><TestMethod codeBase="D:\Users\Steve Knipmeyer\Documents\GitHub\ModelRelief\ModelRelief.test\bin\Debug\netcoreapp2.0\ModelRelief.Test.dll" adapterTypeName="executor://xunit/VsTestRunner2/netcoreapp" className="ModelRelief.Test.Integration.Meshes.MeshesFileIntegrationTests" name="PostFile_FileTimeStampIsUpdatedAfterFileIsPosted" /></UnitTest><UnitTest name="GetFile_FileCanBeRoundTripped" storage="d:\users\steve knipmeyer\documents\github\modelrelief\modelrelief.test\bin\debug\netcoreapp2.0\modelrelief.test.dll" id="55996bd9-d71a-455e-be7a-464c9d905a48"><Execution id="ce32feed-2571-4c20-a54e-39315cb77e69" /><TestMethod codeBase="D:\Users\Steve Knipmeyer\Documents\GitHub\ModelRelief\ModelRelief.test\bin\Debug\netcoreapp2.0\ModelRelief.Test.dll" adapterTypeName="executor://xunit/VsTestRunner2/netcoreapp" className="ModelRelief.Test.Integration.Models.ModelsFileIntegrationTests" name="GetFile_FileCanBeRoundTripped" /></UnitTest><UnitTest name="Patch_TargetPropertyIsUpdated" storage="d:\users\steve knipmeyer\documents\github\modelrelief\modelrelief.test\bin\debug\netcoreapp2.0\modelrelief.test.dll" id="0a1ea722-326b-4415-ac4a-c9fe1f9cd89a"><Execution id="4742029c-7220-4970-8d6a-997dab707d08" /><TestMethod codeBase="D:\Users\Steve Knipmeyer\Documents\GitHub\ModelRelief\ModelRelief.test\bin\Debug\netcoreapp2.0\ModelRelief.Test.dll" adapterTypeName="executor://xunit/VsTestRunner2/netcoreapp" className="ModelRelief.Test.Integration.DepthBuffers.DepthBuffersBaseIntegrationTests" name="Patch_TargetPropertyIsUpdated" /></UnitTest><UnitTest name="Post_CanCreateNewModel" storage="d:\users\steve knipmeyer\documents\github\modelrelief\modelrelief.test\bin\debug\netcoreapp2.0\modelrelief.test.dll" id="c20e4d5d-f18b-4a59-bffe-ca31e13839c3"><Execution id="5ac1a840-22d2-449e-837c-baf290a05444" /><TestMethod codeBase="D:\Users\Steve Knipmeyer\Documents\GitHub\ModelRelief\ModelRelief.test\bin\Debug\netcoreapp2.0\ModelRelief.Test.dll" adapterTypeName="executor://xunit/VsTestRunner2/netcoreapp" className="ModelRelief.Test.Integration.Models.ModelsBaseIntegrationTests" name="Post_CanCreateNewModel" /></UnitTest><UnitTest name="PostFile_FileIsSynchronizedIsUpdatedAfterFileIsPosted" storage="d:\users\steve knipmeyer\documents\github\modelrelief\modelrelief.test\bin\debug\netcoreapp2.0\modelrelief.test.dll" id="d8d4d218-0ec8-44e2-a2d1-9646163d4edb"><Execution id="5178892c-0bab-4827-b5c0-b821071186e5" /><TestMethod codeBase="D:\Users\Steve Knipmeyer\Documents\GitHub\ModelRelief\ModelRelief.test\bin\Debug\netcoreapp2.0\ModelRelief.Test.dll" adapterTypeName="executor://xunit/VsTestRunner2/netcoreapp" className="ModelRelief.Test.Integration.Models.ModelsFileIntegrationTests" name="PostFile_FileIsSynchronizedIsUpdatedAfterFileIsPosted" /></UnitTest><UnitTest name="FileRequest_MeshIsInvalidatedAfterDepthBufferFileBecomesUnsynchronized" storage="d:\users\steve knipmeyer\documents\github\modelrelief\modelrelief.test\bin\debug\netcoreapp2.0\modelrelief.test.dll" id="ff62c7fa-1d82-499c-a6f5-fb13d163cd25"><Execution id="fc5402a6-6461-4cca-aeba-63242d4cdb0d" /><TestMethod codeBase="D:\Users\Steve Knipmeyer\Documents\GitHub\ModelRelief\ModelRelief.test\bin\Debug\netcoreapp2.0\ModelRelief.Test.dll" adapterTypeName="executor://xunit/VsTestRunner2/netcoreapp" className="ModelRelief.Test.Integration.Meshes.MeshesFileIntegrationTests" name="FileRequest_MeshIsInvalidatedAfterDepthBufferFileBecomesUnsynchronized" /></UnitTest><UnitTest name="GetFile_ExistingFileReturnsSuccess" storage="d:\users\steve knipmeyer\documents\github\modelrelief\modelrelief.test\bin\debug\netcoreapp2.0\modelrelief.test.dll" id="32727663-1a49-4281-b5da-5936d87e42a5"><Execution id="95d63351-da5e-4ef3-ba84-5c7aa6f85a8e" /><TestMethod codeBase="D:\Users\Steve Knipmeyer\Documents\GitHub\ModelRelief\ModelRelief.test\bin\Debug\netcoreapp2.0\ModelRelief.Test.dll" adapterTypeName="executor://xunit/VsTestRunner2/netcoreapp" className="ModelRelief.Test.Integration.Models.ModelsFileIntegrationTests" name="GetFile_ExistingFileReturnsSuccess" /></UnitTest><UnitTest name="GetSingle_ValidIdPropertyValueReturnsCorrectModel" storage="d:\users\steve knipmeyer\documents\github\modelrelief\modelrelief.test\bin\debug\netcoreapp2.0\modelrelief.test.dll" id="d42a9062-8fef-430f-8f4f-6978ea3a75e9"><Execution id="61fcf997-6fcc-469d-996b-5fbb9bebe3a9" /><TestMethod codeBase="D:\Users\Steve Knipmeyer\Documents\GitHub\ModelRelief\ModelRelief.test\bin\Debug\netcoreapp2.0\ModelRelief.Test.dll" adapterTypeName="executor://xunit/VsTestRunner2/netcoreapp" className="ModelRelief.Test.Integration.Models.ModelsBaseIntegrationTests" name="GetSingle_ValidIdPropertyValueReturnsCorrectModel" /></UnitTest><UnitTest name="GetFile_NonExistentFileReturnsNotFound" storage="d:\users\steve knipmeyer\documents\github\modelrelief\modelrelief.test\bin\debug\netcoreapp2.0\modelrelief.test.dll" id="2e2eb6a3-7b7a-404f-be8b-d146a2f2b922"><Execution id="c257a64e-4d10-42ff-be5e-05ddd3bdd1b6" /><TestMethod codeBase="D:\Users\Steve Knipmeyer\Documents\GitHub\ModelRelief\ModelRelief.test\bin\Debug\netcoreapp2.0\ModelRelief.Test.dll" adapterTypeName="executor://xunit/VsTestRunner2/netcoreapp" className="ModelRelief.Test.Integration.Meshes.MeshesFileIntegrationTests" name="GetFile_NonExistentFileReturnsNotFound" /></UnitTest><UnitTest name="Post_InvalidReferencePropertyReturnsBadRequest" storage="d:\users\steve knipmeyer\documents\github\modelrelief\modelrelief.test\bin\debug\netcoreapp2.0\modelrelief.test.dll" id="5c16dccf-3433-4025-a622-1c8ab61c0458"><Execution id="469d4abc-01a2-4121-83bc-55ff0fda5ce7" /><TestMethod codeBase="D:\Users\Steve Knipmeyer\Documents\GitHub\ModelRelief\ModelRelief.test\bin\Debug\netcoreapp2.0\ModelRelief.Test.dll" adapterTypeName="executor://xunit/VsTestRunner2/netcoreapp" className="ModelRelief.Test.Integration.Projects.ProjectsBaseIntegrationTests" name="Post_InvalidReferencePropertyReturnsBadRequest" /></UnitTest><UnitTest name="LucyModel3dHasTwoDependents" storage="d:\users\steve knipmeyer\documents\github\modelrelief\modelrelief.test\bin\debug\netcoreapp2.0\modelrelief.test.dll" id="f6d7696e-f8b9-43ff-8599-3ad9bd6a0159"><Execution id="a4de2f2d-93d5-4e67-9ba2-1385a111cd22" /><TestMethod codeBase="D:\Users\Steve Knipmeyer\Documents\GitHub\ModelRelief\ModelRelief.test\bin\Debug\netcoreapp2.0\ModelRelief.Test.dll" adapterTypeName="executor://xunit/VsTestRunner2/netcoreapp" className="ModelRelief.Test.Unit.DependencyManager.DependencyManagerTests" name="LucyModel3dHasTwoDependents" /></UnitTest><UnitTest name="Patch_InvalidEnumPropertyValueReturnsBadRequest" storage="d:\users\steve knipmeyer\documents\github\modelrelief\modelrelief.test\bin\debug\netcoreapp2.0\modelrelief.test.dll" id="d024ae74-2463-4a6f-86c6-a09e4deb5c2a"><Execution id="14958047-4ce6-43a3-bf36-a77d386d10fc" /><TestMethod codeBase="D:\Users\Steve Knipmeyer\Documents\GitHub\ModelRelief\ModelRelief.test\bin\Debug\netcoreapp2.0\ModelRelief.Test.dll" adapterTypeName="executor://xunit/VsTestRunner2/netcoreapp" className="ModelRelief.Test.Integration.MeshTransforms.MeshTransformsBaseIntegrationTests" name="Patch_InvalidEnumPropertyValueReturnsBadRequest" /></UnitTest><UnitTest name="Patch_InvalidPropertyNameReturnsBadRequest" storage="d:\users\steve knipmeyer\documents\github\modelrelief\modelrelief.test\bin\debug\netcoreapp2.0\modelrelief.test.dll" id="8fa554a5-5511-4a64-841a-269163eba096"><Execution id="18ecd939-7821-41b3-a105-59bb58f58d2b" /><TestMethod codeBase="D:\Users\Steve Knipmeyer\Documents\GitHub\ModelRelief\ModelRelief.test\bin\Debug\netcoreapp2.0\ModelRelief.Test.dll" adapterTypeName="executor://xunit/VsTestRunner2/netcoreapp" className="ModelRelief.Test.Integration.Models.ModelsBaseIntegrationTests" name="Patch_InvalidPropertyNameReturnsBadRequest" /></UnitTest><UnitTest name="Patch_ValidReferencePropertyUpdatesModel" storage="d:\users\steve knipmeyer\documents\github\modelrelief\modelrelief.test\bin\debug\netcoreapp2.0\modelrelief.test.dll" id="b6f41c9b-34ea-49dd-a88e-174dca72ccab"><Execution id="7823f46c-f8e5-4422-95ef-0931c4e71197" /><TestMethod codeBase="D:\Users\Steve Knipmeyer\Documents\GitHub\ModelRelief\ModelRelief.test\bin\Debug\netcoreapp2.0\ModelRelief.Test.dll" adapterTypeName="executor://xunit/VsTestRunner2/netcoreapp" className="ModelRelief.Test.Integration.DepthBuffers.DepthBuffersBaseIntegrationTests" name="Patch_ValidReferencePropertyUpdatesModel" /></UnitTest><UnitTest name="CameraHasExpectedDependentFiles" storage="d:\users\steve knipmeyer\documents\github\modelrelief\modelrelief.test\bin\debug\netcoreapp2.0\modelrelief.test.dll" id="8692dbcf-fc9e-48f4-beb3-c4dc93aa8948"><Execution id="67a10a1f-52cd-4c85-9efd-7c89557af581" /><TestMethod codeBase="D:\Users\Steve Knipmeyer\Documents\GitHub\ModelRelief\ModelRelief.test\bin\Debug\netcoreapp2.0\ModelRelief.Test.dll" adapterTypeName="executor://xunit/VsTestRunner2/netcoreapp" className="ModelRelief.Test.Unit.DependencyManager.DependencyManagerTests" name="CameraHasExpectedDependentFiles" /></UnitTest><UnitTest name="Patch_ValidReferencePropertyUpdatesModel" storage="d:\users\steve knipmeyer\documents\github\modelrelief\modelrelief.test\bin\debug\netcoreapp2.0\modelrelief.test.dll" id="24d16af2-e713-437c-b5a8-d814cc392539"><Execution id="b8514e77-bf87-4a91-bd22-0bf94539e488" /><TestMethod codeBase="D:\Users\Steve Knipmeyer\Documents\GitHub\ModelRelief\ModelRelief.test\bin\Debug\netcoreapp2.0\ModelRelief.Test.dll" adapterTypeName="executor://xunit/VsTestRunner2/netcoreapp" className="ModelRelief.Test.Integration.Models.ModelsBaseIntegrationTests" name="Patch_ValidReferencePropertyUpdatesModel" /></UnitTest><UnitTest name="Put_InvalidReferencePropertyReturndBadRequest" storage="d:\users\steve knipmeyer\documents\github\modelrelief\modelrelief.test\bin\debug\netcoreapp2.0\modelrelief.test.dll" id="937dcb6c-4ffa-4226-98ca-9bb4f0a3f480"><Execution id="9db492de-24c7-4bb5-a4fa-6d375befa5ce" /><TestMethod codeBase="D:\Users\Steve Knipmeyer\Documents\GitHub\ModelRelief\ModelRelief.test\bin\Debug\netcoreapp2.0\ModelRelief.Test.dll" adapterTypeName="executor://xunit/VsTestRunner2/netcoreapp" className="ModelRelief.Test.Integration.Models.ModelsBaseIntegrationTests" name="Put_InvalidReferencePropertyReturndBadRequest" /></UnitTest><UnitTest name="Put_InvalidIdReturnsNotFound" storage="d:\users\steve knipmeyer\documents\github\modelrelief\modelrelief.test\bin\debug\netcoreapp2.0\modelrelief.test.dll" id="c9e7bd8c-e7aa-4408-9a3c-f8ec9e930d9a"><Execution id="e8431bd8-5e09-4421-9502-8792a7c08e72" /><TestMethod codeBase="D:\Users\Steve Knipmeyer\Documents\GitHub\ModelRelief\ModelRelief.test\bin\Debug\netcoreapp2.0\ModelRelief.Test.dll" adapterTypeName="executor://xunit/VsTestRunner2/netcoreapp" className="ModelRelief.Test.Integration.Meshes.MeshesBaseIntegrationTests" name="Put_InvalidIdReturnsNotFound" /></UnitTest><UnitTest name="Put_CanUpdateModel" storage="d:\users\steve knipmeyer\documents\github\modelrelief\modelrelief.test\bin\debug\netcoreapp2.0\modelrelief.test.dll" id="1adb1d3a-2b81-4dec-ad21-28b430cf3377"><Execution id="1acf4d3c-491c-4696-87ca-80de46e7bc17" /><TestMethod codeBase="D:\Users\Steve Knipmeyer\Documents\GitHub\ModelRelief\ModelRelief.test\bin\Debug\netcoreapp2.0\ModelRelief.Test.dll" adapterTypeName="executor://xunit/VsTestRunner2/netcoreapp" className="ModelRelief.Test.Integration.DepthBuffers.DepthBuffersBaseIntegrationTests" name="Put_CanUpdateModel" /></UnitTest><UnitTest name="GetSingle_InvalidIdPropertyValueReturnsNotFound" storage="d:\users\steve knipmeyer\documents\github\modelrelief\modelrelief.test\bin\debug\netcoreapp2.0\modelrelief.test.dll" id="c78d024e-98ae-4bc0-be24-aa64f42b2fc9"><Execution id="12f88092-fb8b-4513-80a8-3e9d86470991" /><TestMethod codeBase="D:\Users\Steve Knipmeyer\Documents\GitHub\ModelRelief\ModelRelief.test\bin\Debug\netcoreapp2.0\ModelRelief.Test.dll" adapterTypeName="executor://xunit/VsTestRunner2/netcoreapp" className="ModelRelief.Test.Integration.MeshTransforms.MeshTransformsBaseIntegrationTests" name="GetSingle_InvalidIdPropertyValueReturnsNotFound" /></UnitTest><UnitTest name="Delete_TargetModelIsDeleted" storage="d:\users\steve knipmeyer\documents\github\modelrelief\modelrelief.test\bin\debug\netcoreapp2.0\modelrelief.test.dll" id="c0056acb-f0ed-43bd-8061-57b522d8fbb4"><Execution id="555cbe02-ce7f-456e-8fb4-2ac188bd44a1" /><TestMethod codeBase="D:\Users\Steve Knipmeyer\Documents\GitHub\ModelRelief\ModelRelief.test\bin\Debug\netcoreapp2.0\ModelRelief.Test.dll" adapterTypeName="executor://xunit/VsTestRunner2/netcoreapp" className="ModelRelief.Test.Integration.Models.ModelsBaseIntegrationTests" name="Delete_TargetModelIsDeleted" /></UnitTest><UnitTest name="Patch_InvalidIdPropertyReturnsNotFound" storage="d:\users\steve knipmeyer\documents\github\modelrelief\modelrelief.test\bin\debug\netcoreapp2.0\modelrelief.test.dll" id="69fe4b0a-3cd3-4430-be8e-5b64295b6470"><Execution id="0c17716d-7f50-4629-aff2-21f83a1a90a7" /><TestMethod codeBase="D:\Users\Steve Knipmeyer\Documents\GitHub\ModelRelief\ModelRelief.test\bin\Debug\netcoreapp2.0\ModelRelief.Test.dll" adapterTypeName="executor://xunit/VsTestRunner2/netcoreapp" className="ModelRelief.Test.Integration.Cameras.CamerasBaseIntegrationTests" name="Patch_InvalidIdPropertyReturnsNotFound" /></UnitTest><UnitTest name="Patch_InvalidEnumPropertyValueReturnsBadRequest" storage="d:\users\steve knipmeyer\documents\github\modelrelief\modelrelief.test\bin\debug\netcoreapp2.0\modelrelief.test.dll" id="747a0aca-0ba9-40f8-8d41-c341da0f6188"><Execution id="0739d918-8627-4cde-8b41-8cb6b1b9ce8f" /><TestMethod codeBase="D:\Users\Steve Knipmeyer\Documents\GitHub\ModelRelief\ModelRelief.test\bin\Debug\netcoreapp2.0\ModelRelief.Test.dll" adapterTypeName="executor://xunit/VsTestRunner2/netcoreapp" className="ModelRelief.Test.Integration.DepthBuffers.DepthBuffersBaseIntegrationTests" name="Patch_InvalidEnumPropertyValueReturnsBadRequest" /></UnitTest><UnitTest name="Put_InvalidIdReturnsNotFound" storage="d:\users\steve knipmeyer\documents\github\modelrelief\modelrelief.test\bin\debug\netcoreapp2.0\modelrelief.test.dll" id="9dc9f9c4-16ee-4eb7-8244-e2cac732d5df"><Execution id="6b459008-aefa-4386-b2ea-0e44dcd23735" /><TestMethod codeBase="D:\Users\Steve Knipmeyer\Documents\GitHub\ModelRelief\ModelRelief.test\bin\Debug\netcoreapp2.0\ModelRelief.Test.dll" adapterTypeName="executor://xunit/VsTestRunner2/netcoreapp" className="ModelRelief.Test.Integration.DepthBuffers.DepthBuffersBaseIntegrationTests" name="Put_InvalidIdReturnsNotFound" /></UnitTest><UnitTest name="Put_InvalidReferencePropertyReturndBadRequest" storage="d:\users\steve knipmeyer\documents\github\modelrelief\modelrelief.test\bin\debug\netcoreapp2.0\modelrelief.test.dll" id="1fc8a21e-6ed1-41e2-af85-de56d24a54d2"><Execution id="59273475-8345-401e-b0f0-f8a2f4fb4bad" /><TestMethod codeBase="D:\Users\Steve Knipmeyer\Documents\GitHub\ModelRelief\ModelRelief.test\bin\Debug\netcoreapp2.0\ModelRelief.Test.dll" adapterTypeName="executor://xunit/VsTestRunner2/netcoreapp" className="ModelRelief.Test.Integration.Cameras.CamerasBaseIntegrationTests" name="Put_InvalidReferencePropertyReturndBadRequest" /></UnitTest><UnitTest name="GetSingle_InvalidIdPropertyValueReturnsNotFound" storage="d:\users\steve knipmeyer\documents\github\modelrelief\modelrelief.test\bin\debug\netcoreapp2.0\modelrelief.test.dll" id="cd37d09c-d6e9-4346-a126-2e44d15cd3b9"><Execution id="f96d9dce-98c4-4a33-8668-78fee6e8c38d" /><TestMethod codeBase="D:\Users\Steve Knipmeyer\Documents\GitHub\ModelRelief\ModelRelief.test\bin\Debug\netcoreapp2.0\ModelRelief.Test.dll" adapterTypeName="executor://xunit/VsTestRunner2/netcoreapp" className="ModelRelief.Test.Integration.Models.ModelsBaseIntegrationTests" name="GetSingle_InvalidIdPropertyValueReturnsNotFound" /></UnitTest><UnitTest name="Delete_TargetModelIsDeleted" storage="d:\users\steve knipmeyer\documents\github\modelrelief\modelrelief.test\bin\debug\netcoreapp2.0\modelrelief.test.dll" id="4b784dcd-46be-4504-a1ec-b95fc91dc952"><Execution id="f2d3c32b-c43f-4b00-95c7-50d06f063f0e" /><TestMethod codeBase="D:\Users\Steve Knipmeyer\Documents\GitHub\ModelRelief\ModelRelief.test\bin\Debug\netcoreapp2.0\ModelRelief.Test.dll" adapterTypeName="executor://xunit/VsTestRunner2/netcoreapp" className="ModelRelief.Test.Integration.Cameras.CamerasBaseIntegrationTests" name="Delete_TargetModelIsDeleted" /></UnitTest><UnitTest name="Patch_TargetPropertyIsUpdated" storage="d:\users\steve knipmeyer\documents\github\modelrelief\modelrelief.test\bin\debug\netcoreapp2.0\modelrelief.test.dll" id="aef4e177-8b11-4409-a94e-5be0e138e8c8"><Execution id="5eccf43f-3f29-45b4-9b52-e6f49291364e" /><TestMethod codeBase="D:\Users\Steve Knipmeyer\Documents\GitHub\ModelRelief\ModelRelief.test\bin\Debug\netcoreapp2.0\ModelRelief.Test.dll" adapterTypeName="executor://xunit/VsTestRunner2/netcoreapp" className="ModelRelief.Test.Integration.MeshTransforms.MeshTransformsBaseIntegrationTests" name="Patch_TargetPropertyIsUpdated" /></UnitTest><UnitTest name="Patch_InvalidReferencePropertyReturnsBadRequest" storage="d:\users\steve knipmeyer\documents\github\modelrelief\modelrelief.test\bin\debug\netcoreapp2.0\modelrelief.test.dll" id="55420fec-df37-426a-9781-3bfef7ef0f09"><Execution id="ae318a4e-6a10-4fe2-9e96-b11ad989033a" /><TestMethod codeBase="D:\Users\Steve Knipmeyer\Documents\GitHub\ModelRelief\ModelRelief.test\bin\Debug\netcoreapp2.0\ModelRelief.Test.dll" adapterTypeName="executor://xunit/VsTestRunner2/netcoreapp" className="ModelRelief.Test.Integration.Meshes.MeshesBaseIntegrationTests" name="Patch_InvalidReferencePropertyReturnsBadRequest" /></UnitTest><UnitTest name="Post_InvalidPropertyValueReturnsBadRequest" storage="d:\users\steve knipmeyer\documents\github\modelrelief\modelrelief.test\bin\debug\netcoreapp2.0\modelrelief.test.dll" id="029f95e5-b081-4f0f-99e4-8d9b6a2d70fb"><Execution id="20a4761c-d824-4f64-8e23-9b0b0faf631b" /><TestMethod codeBase="D:\Users\Steve Knipmeyer\Documents\GitHub\ModelRelief\ModelRelief.test\bin\Debug\netcoreapp2.0\ModelRelief.Test.dll" adapterTypeName="executor://xunit/VsTestRunner2/netcoreapp" className="ModelRelief.Test.Integration.Cameras.CamerasBaseIntegrationTests" name="Post_InvalidPropertyValueReturnsBadRequest" /></UnitTest><UnitTest name="PostFile_NewFileCanBePosted" storage="d:\users\steve knipmeyer\documents\github\modelrelief\modelrelief.test\bin\debug\netcoreapp2.0\modelrelief.test.dll" id="71d3e5be-2b52-4313-b330-9a2241b0a6c0"><Execution id="01a7d3fb-ace2-4df3-b51c-e53cc0fd4991" /><TestMethod codeBase="D:\Users\Steve Knipmeyer\Documents\GitHub\ModelRelief\ModelRelief.test\bin\Debug\netcoreapp2.0\ModelRelief.Test.dll" adapterTypeName="executor://xunit/VsTestRunner2/netcoreapp" className="ModelRelief.Test.Integration.Models.ModelsFileIntegrationTests" name="PostFile_NewFileCanBePosted" /></UnitTest><UnitTest name="Patch_ValidReferencePropertyUpdatesModel" storage="d:\users\steve knipmeyer\documents\github\modelrelief\modelrelief.test\bin\debug\netcoreapp2.0\modelrelief.test.dll" id="29ff8eae-77d9-40dd-af5f-b4d25bbd2be6"><Execution id="76063501-1b4f-495c-a106-af5c20799dcb" /><TestMethod codeBase="D:\Users\Steve Knipmeyer\Documents\GitHub\ModelRelief\ModelRelief.test\bin\Debug\netcoreapp2.0\ModelRelief.Test.dll" adapterTypeName="executor://xunit/VsTestRunner2/netcoreapp" className="ModelRelief.Test.Integration.MeshTransforms.MeshTransformsBaseIntegrationTests" name="Patch_ValidReferencePropertyUpdatesModel" /></UnitTest><UnitTest name="Post_ValidReferencePropertyCreatesModel" storage="d:\users\steve knipmeyer\documents\github\modelrelief\modelrelief.test\bin\debug\netcoreapp2.0\modelrelief.test.dll" id="dd688c9c-6dfa-4aa8-bbca-f57258aa81de"><Execution id="dca9ef8c-787a-4773-99aa-6fceab1e8f36" /><TestMethod codeBase="D:\Users\Steve Knipmeyer\Documents\GitHub\ModelRelief\ModelRelief.test\bin\Debug\netcoreapp2.0\ModelRelief.Test.dll" adapterTypeName="executor://xunit/VsTestRunner2/netcoreapp" className="ModelRelief.Test.Integration.Cameras.CamerasBaseIntegrationTests" name="Post_ValidReferencePropertyCreatesModel" /></UnitTest><UnitTest name="Patch_InvalidEnumPropertyValueReturnsBadRequest" storage="d:\users\steve knipmeyer\documents\github\modelrelief\modelrelief.test\bin\debug\netcoreapp2.0\modelrelief.test.dll" id="d4c97c3d-9fe9-4868-8fbf-135a44de53da"><Execution id="0d966ea7-2e55-403d-91de-24a727967c1d" /><TestMethod codeBase="D:\Users\Steve Knipmeyer\Documents\GitHub\ModelRelief\ModelRelief.test\bin\Debug\netcoreapp2.0\ModelRelief.Test.dll" adapterTypeName="executor://xunit/VsTestRunner2/netcoreapp" className="ModelRelief.Test.Integration.Cameras.CamerasBaseIntegrationTests" name="Patch_InvalidEnumPropertyValueReturnsBadRequest" /></UnitTest><UnitTest name="PostFile_FileIsSynchronizedIsUpdatedAfterFileIsPosted" storage="d:\users\steve knipmeyer\documents\github\modelrelief\modelrelief.test\bin\debug\netcoreapp2.0\modelrelief.test.dll" id="20b98de4-d711-49d6-8004-0a47a7ca0c83"><Execution id="9ef22690-c1fd-4fd6-ae30-20ba05088285" /><TestMethod codeBase="D:\Users\Steve Knipmeyer\Documents\GitHub\ModelRelief\ModelRelief.test\bin\Debug\netcoreapp2.0\ModelRelief.Test.dll" adapterTypeName="executor://xunit/VsTestRunner2/netcoreapp" className="ModelRelief.Test.Integration.Meshes.MeshesFileIntegrationTests" name="PostFile_FileIsSynchronizedIsUpdatedAfterFileIsPosted" /></UnitTest><UnitTest name="Put_CanUpdateModel" storage="d:\users\steve knipmeyer\documents\github\modelrelief\modelrelief.test\bin\debug\netcoreapp2.0\modelrelief.test.dll" id="5f766f19-076d-4582-8ac1-37c19fdee259"><Execution id="6e1ea397-48e4-47f5-b0c0-7b143fac0d6c" /><TestMethod codeBase="D:\Users\Steve Knipmeyer\Documents\GitHub\ModelRelief\ModelRelief.test\bin\Debug\netcoreapp2.0\ModelRelief.Test.dll" adapterTypeName="executor://xunit/VsTestRunner2/netcoreapp" className="ModelRelief.Test.Integration.MeshTransforms.MeshTransformsBaseIntegrationTests" name="Put_CanUpdateModel" /></UnitTest><UnitTest name="PostFile_FileIsSynchronizedIsUpdatedAfterFileIsPosted" storage="d:\users\steve knipmeyer\documents\github\modelrelief\modelrelief.test\bin\debug\netcoreapp2.0\modelrelief.test.dll" id="78cee3b5-f264-4fd6-8308-d4452ba3c53d"><Execution id="065dac75-09a2-4367-a5a4-61a9bf83a18c" /><TestMethod codeBase="D:\Users\Steve Knipmeyer\Documents\GitHub\ModelRelief\ModelRelief.test\bin\Debug\netcoreapp2.0\ModelRelief.Test.dll" adapterTypeName="executor://xunit/VsTestRunner2/netcoreapp" className="ModelRelief.Test.Integration.DepthBuffers.DepthBuffersFileIntegrationTests" name="PostFile_FileIsSynchronizedIsUpdatedAfterFileIsPosted" /></UnitTest><UnitTest name="GetFile_ExistingFileReturnsSuccess" storage="d:\users\steve knipmeyer\documents\github\modelrelief\modelrelief.test\bin\debug\netcoreapp2.0\modelrelief.test.dll" id="1aa4f5b3-4c70-4e0d-bdd9-ab168c5a46cb"><Execution id="255a9585-1d81-482b-9b16-f422f8f99696" /><TestMethod codeBase="D:\Users\Steve Knipmeyer\Documents\GitHub\ModelRelief\ModelRelief.test\bin\Debug\netcoreapp2.0\ModelRelief.Test.dll" adapterTypeName="executor://xunit/VsTestRunner2/netcoreapp" className="ModelRelief.Test.Integration.Meshes.MeshesFileIntegrationTests" name="GetFile_ExistingFileReturnsSuccess" /></UnitTest><UnitTest name="Post_ValidReferencePropertyCreatesModel" storage="d:\users\steve knipmeyer\documents\github\modelrelief\modelrelief.test\bin\debug\netcoreapp2.0\modelrelief.test.dll" id="ad1be7c2-a5fa-4320-8666-39834338c807"><Execution id="6cf204d9-1b01-418a-a2e4-826d15a16f30" /><TestMethod codeBase="D:\Users\Steve Knipmeyer\Documents\GitHub\ModelRelief\ModelRelief.test\bin\Debug\netcoreapp2.0\ModelRelief.Test.dll" adapterTypeName="executor://xunit/VsTestRunner2/netcoreapp" className="ModelRelief.Test.Integration.MeshTransforms.MeshTransformsBaseIntegrationTests" name="Post_ValidReferencePropertyCreatesModel" /></UnitTest><UnitTest name="Post_ValidReferencePropertyCreatesModel" storage="d:\users\steve knipmeyer\documents\github\modelrelief\modelrelief.test\bin\debug\netcoreapp2.0\modelrelief.test.dll" id="d269a556-0b97-40a3-8fab-087677c2f05d"><Execution id="bbbe3e5e-f73c-4ec6-b5b3-14735b50da30" /><TestMethod codeBase="D:\Users\Steve Knipmeyer\Documents\GitHub\ModelRelief\ModelRelief.test\bin\Debug\netcoreapp2.0\ModelRelief.Test.dll" adapterTypeName="executor://xunit/VsTestRunner2/netcoreapp" className="ModelRelief.Test.Integration.Meshes.MeshesBaseIntegrationTests" name="Post_ValidReferencePropertyCreatesModel" /></UnitTest><UnitTest name="Patch_InvalidEnumPropertyValueReturnsBadRequest" storage="d:\users\steve knipmeyer\documents\github\modelrelief\modelrelief.test\bin\debug\netcoreapp2.0\modelrelief.test.dll" id="ebe085f3-2f31-455a-869f-ba34cc047e5a"><Execution id="6687b7ef-0e75-4130-9f89-82aacdcd936f" /><TestMethod codeBase="D:\Users\Steve Knipmeyer\Documents\GitHub\ModelRelief\ModelRelief.test\bin\Debug\netcoreapp2.0\ModelRelief.Test.dll" adapterTypeName="executor://xunit/VsTestRunner2/netcoreapp" className="ModelRelief.Test.Integration.Meshes.MeshesBaseIntegrationTests" name="Patch_InvalidEnumPropertyValueReturnsBadRequest" /></UnitTest><UnitTest name="GetFile_FileCanBeRoundTripped" storage="d:\users\steve knipmeyer\documents\github\modelrelief\modelrelief.test\bin\debug\netcoreapp2.0\modelrelief.test.dll" id="c9e431d0-8ff3-46f8-b284-c4616f6f155e"><Execution id="afb95a43-3f06-4e80-8f3b-01e05113887b" /><TestMethod codeBase="D:\Users\Steve Knipmeyer\Documents\GitHub\ModelRelief\ModelRelief.test\bin\Debug\netcoreapp2.0\ModelRelief.Test.dll" adapterTypeName="executor://xunit/VsTestRunner2/netcoreapp" className="ModelRelief.Test.Integration.DepthBuffers.DepthBuffersFileIntegrationTests" name="GetFile_FileCanBeRoundTripped" /></UnitTest><UnitTest name="Patch_InvalidReferencePropertyReturnsBadRequest" storage="d:\users\steve knipmeyer\documents\github\modelrelief\modelrelief.test\bin\debug\netcoreapp2.0\modelrelief.test.dll" id="02d9f19f-fb40-4d9e-b0f8-3243afa4ee0c"><Execution id="61df94ea-a02e-4be5-b836-e0d13fb81e37" /><TestMethod codeBase="D:\Users\Steve Knipmeyer\Documents\GitHub\ModelRelief\ModelRelief.test\bin\Debug\netcoreapp2.0\ModelRelief.Test.dll" adapterTypeName="executor://xunit/VsTestRunner2/netcoreapp" className="ModelRelief.Test.Integration.MeshTransforms.MeshTransformsBaseIntegrationTests" name="Patch_InvalidReferencePropertyReturnsBadRequest" /></UnitTest></TestDefinitions><TestEntries><TestEntry testId="aef4e177-8b11-4409-a94e-5be0e138e8c8" executionId="5eccf43f-3f29-45b4-9b52-e6f49291364e" testListId="8c84fa94-04c1-424b-9868-57a2d4851a1d" /><TestEntry testId="1bd264df-dba2-4af1-9d5c-595fa244e5a7" executionId="b9d4183b-eadd-4437-b49a-ebb0573c640b" testListId="8c84fa94-04c1-424b-9868-57a2d4851a1d" /><TestEntry testId="b6f41c9b-34ea-49dd-a88e-174dca72ccab" executionId="7823f46c-f8e5-4422-95ef-0931c4e71197" testListId="8c84fa94-04c1-424b-9868-57a2d4851a1d" /><TestEntry testId="15afee4d-cf7b-4f20-9756-28af49fc90ca" executionId="3fc2743d-01da-4a82-9fce-8f298c103c75" testListId="8c84fa94-04c1-424b-9868-57a2d4851a1d" /><TestEntry testId="e295487c-cab5-41da-abd9-45869e820da2" executionId="898d0c5f-8590-49ba-bcb6-019cdbd69f71" testListId="8c84fa94-04c1-424b-9868-57a2d4851a1d" /><TestEntry testId="f1f7e594-a06b-484c-b50b-5783d7d5b5e5" executionId="0293f397-ddb0-466e-a07b-4461dfed6b03" testListId="8c84fa94-04c1-424b-9868-57a2d4851a1d" /><TestEntry testId="ca2b7672-3bde-4edb-8845-6027dce4418a" executionId="b46f9ccf-1584-4465-b481-ca8e3730c5d9" testListId="8c84fa94-04c1-424b-9868-57a2d4851a1d" /><TestEntry testId="dfeee801-7e74-489d-8e37-134f802044c6" executionId="885ad35a-b549-4b0f-82eb-5d6dc26c2c44" testListId="8c84fa94-04c1-424b-9868-57a2d4851a1d" /><TestEntry testId="20b98de4-d711-49d6-8004-0a47a7ca0c83" executionId="9ef22690-c1fd-4fd6-ae30-20ba05088285" testListId="8c84fa94-04c1-424b-9868-57a2d4851a1d" /><TestEntry testId="d0a3a82c-4fd5-4ce5-aaca-982b52e7f45f" executionId="0925df94-d593-492d-b15f-c39b82bf8634" testListId="8c84fa94-04c1-424b-9868-57a2d4851a1d" /><TestEntry testId="56b44188-ba2e-4b85-b308-10c3d0ba0393" executionId="5cc09033-0586-4153-afc8-3389b76813f3" testListId="8c84fa94-04c1-424b-9868-57a2d4851a1d" /><TestEntry testId="71d3e5be-2b52-4313-b330-9a2241b0a6c0" executionId="01a7d3fb-ace2-4df3-b51c-e53cc0fd4991" testListId="8c84fa94-04c1-424b-9868-57a2d4851a1d" /><TestEntry testId="a493d8e5-0075-40eb-b680-3cb4f3d81274" executionId="b6f6e31a-83cb-4568-b4d5-412f9a554821" testListId="8c84fa94-04c1-424b-9868-57a2d4851a1d" /><TestEntry testId="1adb1d3a-2b81-4dec-ad21-28b430cf3377" executionId="1acf4d3c-491c-4696-87ca-80de46e7bc17" testListId="8c84fa94-04c1-424b-9868-57a2d4851a1d" /><TestEntry testId="9dfbd233-9cd2-4c46-a298-a0323580cfae" executionId="996441c4-d52c-451a-b9d6-6a5e5c017394" testListId="8c84fa94-04c1-424b-9868-57a2d4851a1d" /><TestEntry testId="da36f640-7991-4504-8a14-c774c7209701" executionId="04e4cc74-d1f4-42fa-9d2b-fa1cb9cc0ca5" testListId="8c84fa94-04c1-424b-9868-57a2d4851a1d" /><TestEntry testId="044ec928-0809-4711-bb1f-cf14b606c09e" executionId="4b9112a5-8e8f-42b4-8508-a450a1928e36" testListId="8c84fa94-04c1-424b-9868-57a2d4851a1d" /><TestEntry testId="8ddbb8c2-4897-4e0e-8351-03ca9eac7e7f" executionId="013140ba-e320-4ddb-a71b-ce5f7ab5c195" testListId="8c84fa94-04c1-424b-9868-57a2d4851a1d" /><TestEntry testId="29ff8eae-77d9-40dd-af5f-b4d25bbd2be6" executionId="76063501-1b4f-495c-a106-af5c20799dcb" testListId="8c84fa94-04c1-424b-9868-57a2d4851a1d" /><TestEntry testId="dd688c9c-6dfa-4aa8-bbca-f57258aa81de" executionId="dca9ef8c-787a-4773-99aa-6fceab1e8f36" testListId="8c84fa94-04c1-424b-9868-57a2d4851a1d" /><TestEntry testId="bcec8cb6-7df4-4837-b6f1-9f21d657f088" executionId="2f857649-23ba-42b4-a1ce-ee9c4deff433" testListId="8c84fa94-04c1-424b-9868-57a2d4851a1d" /><TestEntry testId="c4849341-ecc4-4a94-be65-4950756ae0ab" executionId="c11a3329-86ad-4c2a-91a5-bed1c86e08d4" testListId="8c84fa94-04c1-424b-9868-57a2d4851a1d" /><TestEntry testId="836cb253-39c4-4a9c-b14a-42840fe7366e" executionId="5ddf8c8d-6916-4b10-889c-6afc88baa4a8" testListId="8c84fa94-04c1-424b-9868-57a2d4851a1d" /><TestEntry testId="733f6e0b-6b15-4d74-a2bc-4bee91d12457" executionId="6cbf085d-65f9-4e9f-bb3c-2fecca266a2a" testListId="8c84fa94-04c1-424b-9868-57a2d4851a1d" /><TestEntry testId="c0056acb-f0ed-43bd-8061-57b522d8fbb4" executionId="555cbe02-ce7f-456e-8fb4-2ac188bd44a1" testListId="8c84fa94-04c1-424b-9868-57a2d4851a1d" /><TestEntry testId="78cee3b5-f264-4fd6-8308-d4452ba3c53d" executionId="065dac75-09a2-4367-a5a4-61a9bf83a18c" testListId="8c84fa94-04c1-424b-9868-57a2d4851a1d" /><TestEntry testId="5450ecf4-c1fc-4168-bddd-2b61cc219e6f" executionId="93f19672-7fc2-42fd-8230-cad5f1d21f3c" testListId="8c84fa94-04c1-424b-9868-57a2d4851a1d" /><TestEntry testId="3ed4e1d0-d087-4101-a9ba-28e5482f3291" executionId="0f2202a3-2777-4208-af9d-ddba30826115" testListId="8c84fa94-04c1-424b-9868-57a2d4851a1d" /><TestEntry testId="b0197c06-9495-4a1b-bb83-11892f753dff" executionId="4877bb0e-7757-47a4-a7d4-41d0f705be60" testListId="8c84fa94-04c1-424b-9868-57a2d4851a1d" /><TestEntry testId="107de6ac-49d6-4c9a-8ac1-cc4700cf6031" executionId="63b880dd-fd57-44b1-8e48-286c441a6fef" testListId="8c84fa94-04c1-424b-9868-57a2d4851a1d" /><TestEntry testId="f6d7696e-f8b9-43ff-8599-3ad9bd6a0159" executionId="a4de2f2d-93d5-4e67-9ba2-1385a111cd22" testListId="8c84fa94-04c1-424b-9868-57a2d4851a1d" /><TestEntry testId="c20e4d5d-f18b-4a59-bffe-ca31e13839c3" executionId="5ac1a840-22d2-449e-837c-baf290a05444" testListId="8c84fa94-04c1-424b-9868-57a2d4851a1d" /><TestEntry testId="cd37d09c-d6e9-4346-a126-2e44d15cd3b9" executionId="f96d9dce-98c4-4a33-8668-78fee6e8c38d" testListId="8c84fa94-04c1-424b-9868-57a2d4851a1d" /><TestEntry testId="665026b5-12f4-4f7e-8b5b-9e7893c2ae85" executionId="00f41d21-7b22-4658-9f35-903a6f3d0acd" testListId="8c84fa94-04c1-424b-9868-57a2d4851a1d" /><TestEntry testId="2e2eb6a3-7b7a-404f-be8b-d146a2f2b922" executionId="c257a64e-4d10-42ff-be5e-05ddd3bdd1b6" testListId="8c84fa94-04c1-424b-9868-57a2d4851a1d" /><TestEntry testId="e769bbd6-4e2c-4e24-b145-b4c62d7ce89b" executionId="7650db13-5dd7-4b9a-86da-5da6d5913e8e" testListId="8c84fa94-04c1-424b-9868-57a2d4851a1d" /><TestEntry testId="f596646d-ccb0-4166-8dba-4734b4b81373" executionId="f3c0118d-005c-4d3a-89ff-7e0830486a30" testListId="8c84fa94-04c1-424b-9868-57a2d4851a1d" /><TestEntry testId="bc57d0cf-ca34-437b-bb05-56f91530eb1e" executionId="f83b3eca-d9e1-445d-ac50-b8fd509d9830" testListId="8c84fa94-04c1-424b-9868-57a2d4851a1d" /><TestEntry testId="6ec2dc9e-318e-44bc-9a33-aa2c6dcebf31" executionId="a19db496-2191-4e3b-ad20-5e3b38ae26ab" testListId="8c84fa94-04c1-424b-9868-57a2d4851a1d" /><TestEntry testId="60a91f7e-1d57-49f6-9b5c-ac5e6417302a" executionId="31a8ba50-0f58-4e6e-926c-b4abb2484074" testListId="8c84fa94-04c1-424b-9868-57a2d4851a1d" /><TestEntry testId="937dcb6c-4ffa-4226-98ca-9bb4f0a3f480" executionId="9db492de-24c7-4bb5-a4fa-6d375befa5ce" testListId="8c84fa94-04c1-424b-9868-57a2d4851a1d" /><TestEntry testId="6000b4bf-d291-4458-9453-9b32abb1d087" executionId="973a091e-6e89-404f-9cca-c3cf7be2296a" testListId="8c84fa94-04c1-424b-9868-57a2d4851a1d" /><TestEntry testId="c177e64b-82bc-4d3b-ad71-aec5c084c5e7" executionId="d94498bc-257d-462a-9468-c53182fed041" testListId="8c84fa94-04c1-424b-9868-57a2d4851a1d" /><TestEntry testId="57926ee7-c543-48d4-89b2-2bb24a993ce3" executionId="2eec62db-8ae5-4c94-817c-f11c37c253d2" testListId="8c84fa94-04c1-424b-9868-57a2d4851a1d" /><TestEntry testId="12396b86-b3ce-4335-99de-25097d1e0c9f" executionId="965cc9ad-0d70-46a8-934b-864b5f428f73" testListId="8c84fa94-04c1-424b-9868-57a2d4851a1d" /><TestEntry testId="c57d527c-8fd1-4229-b857-f990e831d0d9" executionId="0e0b76be-08db-42e2-a971-b7f1cd585526" testListId="8c84fa94-04c1-424b-9868-57a2d4851a1d" /><TestEntry testId="0a46b8b6-c3a4-4e33-8a85-78ea3a4a2527" executionId="264385ab-deac-4cc9-b25f-1b691e8e19e9" testListId="8c84fa94-04c1-424b-9868-57a2d4851a1d" /><TestEntry testId="19e6b964-a8ca-4fd1-9979-dd6b5b779f2b" executionId="e9050fab-e4c1-4a56-8b34-d234e87cbcdf" testListId="8c84fa94-04c1-424b-9868-57a2d4851a1d" /><TestEntry testId="ad1be7c2-a5fa-4320-8666-39834338c807" executionId="6cf204d9-1b01-418a-a2e4-826d15a16f30" testListId="8c84fa94-04c1-424b-9868-57a2d4851a1d" /><TestEntry testId="c84f0d92-32b1-452d-a1e1-5dc47d9ca604" executionId="7d316fed-1fdd-4c64-8ed6-11e7bd628ea1" testListId="8c84fa94-04c1-424b-9868-57a2d4851a1d" /><TestEntry testId="8ad2986d-84a6-493a-86ae-dfb8c71c5359" executionId="71699e44-f2c7-4039-b2fc-97906218701c" testListId="8c84fa94-04c1-424b-9868-57a2d4851a1d" /><TestEntry testId="5d1412e4-50ea-4e26-b402-2f1097c4a210" executionId="f17572c1-d024-4818-8be8-f2847156238d" testListId="8c84fa94-04c1-424b-9868-57a2d4851a1d" /><TestEntry testId="ff40537b-9c65-4e89-9486-84f1cdbe7802" executionId="f81fdcec-4a6e-44eb-b010-8d0f4d813885" testListId="8c84fa94-04c1-424b-9868-57a2d4851a1d" /><TestEntry testId="b384fb6d-89e9-45e3-bd32-1b82eb306f6f" executionId="15606831-1332-49d8-a224-96871747ec5e" testListId="8c84fa94-04c1-424b-9868-57a2d4851a1d" /><TestEntry testId="55420fec-df37-426a-9781-3bfef7ef0f09" executionId="ae318a4e-6a10-4fe2-9e96-b11ad989033a" testListId="8c84fa94-04c1-424b-9868-57a2d4851a1d" /><TestEntry testId="4b784dcd-46be-4504-a1ec-b95fc91dc952" executionId="f2d3c32b-c43f-4b00-95c7-50d06f063f0e" testListId="8c84fa94-04c1-424b-9868-57a2d4851a1d" /><TestEntry testId="94474b88-ccea-4a85-a3e4-b5bde921b8c0" executionId="3978b413-831c-4884-8bea-d63b714645a8" testListId="8c84fa94-04c1-424b-9868-57a2d4851a1d" /><TestEntry testId="402b6de2-1835-4cd3-a5de-910f43a8dc59" executionId="282f32e8-9351-4852-afe9-a04687355dfb" testListId="8c84fa94-04c1-424b-9868-57a2d4851a1d" /><TestEntry testId="8692dbcf-fc9e-48f4-beb3-c4dc93aa8948" executionId="67a10a1f-52cd-4c85-9efd-7c89557af581" testListId="8c84fa94-04c1-424b-9868-57a2d4851a1d" /><TestEntry testId="1fc8a21e-6ed1-41e2-af85-de56d24a54d2" executionId="59273475-8345-401e-b0f0-f8a2f4fb4bad" testListId="8c84fa94-04c1-424b-9868-57a2d4851a1d" /><TestEntry testId="747a0aca-0ba9-40f8-8d41-c341da0f6188" executionId="0739d918-8627-4cde-8b41-8cb6b1b9ce8f" testListId="8c84fa94-04c1-424b-9868-57a2d4851a1d" /><TestEntry testId="c9e431d0-8ff3-46f8-b284-c4616f6f155e" executionId="afb95a43-3f06-4e80-8f3b-01e05113887b" testListId="8c84fa94-04c1-424b-9868-57a2d4851a1d" /><TestEntry testId="3c69a576-d2fc-4eaa-839f-061a1b68114b" executionId="7d21bc43-6dac-45ae-8763-99b367d81409" testListId="8c84fa94-04c1-424b-9868-57a2d4851a1d" /><TestEntry testId="e6ba31e8-2f37-472a-b697-9985fd081dbe" executionId="445caf62-1c07-4ba2-b58c-3ab7bcfd5af9" testListId="8c84fa94-04c1-424b-9868-57a2d4851a1d" /><TestEntry testId="d5a338af-d2b9-48ea-8eee-2e9fd2ec1f8f" executionId="77dfc043-8857-4753-a920-f8d99108bdfe" testListId="8c84fa94-04c1-424b-9868-57a2d4851a1d" /><TestEntry testId="32727663-1a49-4281-b5da-5936d87e42a5" executionId="95d63351-da5e-4ef3-ba84-5c7aa6f85a8e" testListId="8c84fa94-04c1-424b-9868-57a2d4851a1d" /><TestEntry testId="4c15cacf-dec0-4344-9a20-8143592aa8dd" executionId="c57ff3b7-0bac-4922-a412-d5cde6dc2a6a" testListId="8c84fa94-04c1-424b-9868-57a2d4851a1d" /><TestEntry testId="ab3d6294-f536-4f43-8f02-447f51c74d6a" executionId="390823f4-d00b-4cdb-9845-eec15a9ed764" testListId="8c84fa94-04c1-424b-9868-57a2d4851a1d" /><TestEntry testId="029f95e5-b081-4f0f-99e4-8d9b6a2d70fb" executionId="20a4761c-d824-4f64-8e23-9b0b0faf631b" testListId="8c84fa94-04c1-424b-9868-57a2d4851a1d" /><TestEntry testId="0e6a8442-097e-4adc-a0fd-a2148fb07228" executionId="3884fecb-2251-446a-bad1-86a7d07a4f35" testListId="8c84fa94-04c1-424b-9868-57a2d4851a1d" /><TestEntry testId="0a1ea722-326b-4415-ac4a-c9fe1f9cd89a" executionId="4742029c-7220-4970-8d6a-997dab707d08" testListId="8c84fa94-04c1-424b-9868-57a2d4851a1d" /><TestEntry testId="9dc9f9c4-16ee-4eb7-8244-e2cac732d5df" executionId="6b459008-aefa-4386-b2ea-0e44dcd23735" testListId="8c84fa94-04c1-424b-9868-57a2d4851a1d" /><TestEntry testId="8fa1eb3a-17ef-4828-a2b2-321bef50a82e" executionId="062514db-f950-4416-9f43-2397a2ad47a9" testListId="8c84fa94-04c1-424b-9868-57a2d4851a1d" /><TestEntry testId="3578e3f7-1ac4-41f9-b775-23cf40e5f2fc" executionId="eb6c160f-c519-40c9-a6d1-393eb68cb89e" testListId="8c84fa94-04c1-424b-9868-57a2d4851a1d" /><TestEntry testId="023c19ae-2cec-499d-9890-ce247b50e63d" executionId="545717c0-d22c-42e6-98d4-034d0597fe3d" testListId="8c84fa94-04c1-424b-9868-57a2d4851a1d" /><TestEntry testId="5c16dccf-3433-4025-a622-1c8ab61c0458" executionId="469d4abc-01a2-4121-83bc-55ff0fda5ce7" testListId="8c84fa94-04c1-424b-9868-57a2d4851a1d" /><TestEntry testId="7535161b-f5b7-4cf4-8f2e-f3b9088ba928" executionId="79a40c9f-28fc-4229-a4ac-eebf1cd94e48" testListId="8c84fa94-04c1-424b-9868-57a2d4851a1d" /><TestEntry testId="711000b0-4557-4127-a708-84642c465941" executionId="dea6723a-faae-4e6f-b941-cd2159c85e25" testListId="8c84fa94-04c1-424b-9868-57a2d4851a1d" /><TestEntry testId="69fe4b0a-3cd3-4430-be8e-5b64295b6470" executionId="0c17716d-7f50-4629-aff2-21f83a1a90a7" testListId="8c84fa94-04c1-424b-9868-57a2d4851a1d" /><TestEntry testId="c9e7bd8c-e7aa-4408-9a3c-f8ec9e930d9a" executionId="e8431bd8-5e09-4421-9502-8792a7c08e72" testListId="8c84fa94-04c1-424b-9868-57a2d4851a1d" /><TestEntry testId="c78d024e-98ae-4bc0-be24-aa64f42b2fc9" executionId="12f88092-fb8b-4513-80a8-3e9d86470991" testListId="8c84fa94-04c1-424b-9868-57a2d4851a1d" /><TestEntry testId="1aa4f5b3-4c70-4e0d-bdd9-ab168c5a46cb" executionId="255a9585-1d81-482b-9b16-f422f8f99696" testListId="8c84fa94-04c1-424b-9868-57a2d4851a1d" /><TestEntry testId="c2d36eb6-2e08-4989-b1ea-1f694c9f7137" executionId="6140cbd6-02ba-4317-973e-2592fdc9db95" testListId="8c84fa94-04c1-424b-9868-57a2d4851a1d" /><TestEntry testId="a3f62cfd-2508-423f-92c4-5dd220ba4915" executionId="1e2fe006-571e-4db6-a3a3-8fad7029ec61" testListId="8c84fa94-04c1-424b-9868-57a2d4851a1d" /><TestEntry testId="5514edc2-86c3-44eb-b46f-1299f56e93f4" executionId="e3873360-b36e-40f7-b87f-482be52548e1" testListId="8c84fa94-04c1-424b-9868-57a2d4851a1d" /><TestEntry testId="62364826-3d01-4386-ae5d-95bdd04a4304" executionId="942594b9-34c4-456f-af75-0fbc48d162ba" testListId="8c84fa94-04c1-424b-9868-57a2d4851a1d" /><TestEntry testId="fd57fd94-509b-4910-a664-c3136305d87f" executionId="c54f980b-d43f-4868-8f0a-80f0d223e283" testListId="8c84fa94-04c1-424b-9868-57a2d4851a1d" /><TestEntry testId="0cf90083-c528-49bb-bb7a-96d3a30b49e0" executionId="152dce4d-84b1-429d-add1-1e15f79aedc5" testListId="8c84fa94-04c1-424b-9868-57a2d4851a1d" /><TestEntry testId="5f766f19-076d-4582-8ac1-37c19fdee259" executionId="6e1ea397-48e4-47f5-b0c0-7b143fac0d6c" testListId="8c84fa94-04c1-424b-9868-57a2d4851a1d" /><TestEntry testId="2669eca0-7029-4015-a917-e57ea3da8623" executionId="edad063e-70ee-4b91-9caa-b5d8d218f8ce" testListId="8c84fa94-04c1-424b-9868-57a2d4851a1d" /><TestEntry testId="16a0b71b-e4fd-49ad-bbac-f8c04ca5529f" executionId="6dddf3e8-83b4-4fb8-9056-d963e94b2e9f" testListId="8c84fa94-04c1-424b-9868-57a2d4851a1d" /><TestEntry testId="d42a9062-8fef-430f-8f4f-6978ea3a75e9" executionId="61fcf997-6fcc-469d-996b-5fbb9bebe3a9" testListId="8c84fa94-04c1-424b-9868-57a2d4851a1d" /><TestEntry testId="f692c154-e979-4a33-a7ab-c7990a12a77a" executionId="ba60c863-bc6d-4400-9a4b-dd1da645b23d" testListId="8c84fa94-04c1-424b-9868-57a2d4851a1d" /><TestEntry testId="9c5d04d2-ac93-494d-8447-eccaefc1a9c7" executionId="9441f389-3b73-47fd-92ea-4a20f15a4b34" testListId="8c84fa94-04c1-424b-9868-57a2d4851a1d" /><TestEntry testId="fcb77cc5-8904-40b5-ae68-5b495ffd8646" executionId="293c3603-dce9-4ca5-989f-0d70d48ed5c2" testListId="8c84fa94-04c1-424b-9868-57a2d4851a1d" /><TestEntry testId="4d194756-3be1-40f5-81be-3398d2a0f5c3" executionId="5bc6029e-a6dd-4a5a-b85a-792b4b8eb67d" testListId="8c84fa94-04c1-424b-9868-57a2d4851a1d" /><TestEntry testId="c0735903-3fa3-4f7c-be15-736f3009aeed" executionId="a065dbcc-e77d-4b67-ad3c-8b028cf87a53" testListId="8c84fa94-04c1-424b-9868-57a2d4851a1d" /><TestEntry testId="d6bd8750-fa3b-4d1f-a385-513ce99aaa3a" executionId="383c5900-c39e-4505-96f9-43ec228866a7" testListId="8c84fa94-04c1-424b-9868-57a2d4851a1d" /><TestEntry testId="cc15f2ab-b9d6-4780-9a26-ade9f92516bd" executionId="b01d1710-390c-4788-867a-d0f8d3548f5e" testListId="8c84fa94-04c1-424b-9868-57a2d4851a1d" /><TestEntry testId="d024ae74-2463-4a6f-86c6-a09e4deb5c2a" executionId="14958047-4ce6-43a3-bf36-a77d386d10fc" testListId="8c84fa94-04c1-424b-9868-57a2d4851a1d" /><TestEntry testId="838bf784-ad18-40c8-b1bb-ebe6db9b6b60" executionId="937d47a9-2235-49ef-9745-6fec43f60934" testListId="8c84fa94-04c1-424b-9868-57a2d4851a1d" /><TestEntry testId="3306578d-0805-4045-be9c-1abdbb798142" executionId="d19308fa-c1c8-427f-abba-202e4ca969a9" testListId="8c84fa94-04c1-424b-9868-57a2d4851a1d" /><TestEntry testId="d7a8d951-1692-4764-ba54-65bf4fa9fdc1" executionId="c2a9d3c2-cd88-4ec9-a522-ac2bcd1caeb8" testListId="8c84fa94-04c1-424b-9868-57a2d4851a1d" /><TestEntry testId="7cd6eed2-d1b8-4cca-bc48-bf5466d0aeac" executionId="481940a3-b836-4843-9cd5-c6a78537f1cf" testListId="8c84fa94-04c1-424b-9868-57a2d4851a1d" /><TestEntry testId="dec03628-8648-4f77-adf6-9b9f8a42fcda" executionId="7da7103b-68e0-4635-95e1-0620225ea56f" testListId="8c84fa94-04c1-424b-9868-57a2d4851a1d" /><TestEntry testId="bc5652ad-8bfa-4e6b-aedc-fe79de24469d" executionId="9621f111-80d0-48aa-895d-6491b6512442" testListId="8c84fa94-04c1-424b-9868-57a2d4851a1d" /><TestEntry testId="ebe085f3-2f31-455a-869f-ba34cc047e5a" executionId="6687b7ef-0e75-4130-9f89-82aacdcd936f" testListId="8c84fa94-04c1-424b-9868-57a2d4851a1d" /><TestEntry testId="24ef282c-575c-4b52-b4ef-0240cb674a2a" executionId="5d46ba1e-d034-41ce-b2f9-00eb9a541936" testListId="8c84fa94-04c1-424b-9868-57a2d4851a1d" /><TestEntry testId="632e8519-4230-4899-9819-a082bde86186" executionId="66be017f-0dc6-45fa-b2f6-fc9785ce63b8" testListId="8c84fa94-04c1-424b-9868-57a2d4851a1d" /><TestEntry testId="f618da99-b98d-4092-bddc-94df83ad8afc" executionId="b475dcfd-301f-4df0-af9a-f632e35dc7af" testListId="8c84fa94-04c1-424b-9868-57a2d4851a1d" /><TestEntry testId="c25b26f3-573f-4fa0-8a47-43a88c111212" executionId="62940687-5ed0-408a-a1e2-faf0d11de7f2" testListId="8c84fa94-04c1-424b-9868-57a2d4851a1d" /><TestEntry testId="084c16c8-43b8-4fc4-b744-c7d3d5113a9c" executionId="07e0b234-0ba0-4c89-9a3e-25ff86a3e3fd" testListId="8c84fa94-04c1-424b-9868-57a2d4851a1d" /><TestEntry testId="6c604447-544d-4053-bfe8-0ddbf48cef1a" executionId="ed56751a-5eac-4497-a739-ff3e7ad994e2" testListId="8c84fa94-04c1-424b-9868-57a2d4851a1d" /><TestEntry testId="8b7345fb-26ec-458d-ba35-7afd2201af65" executionId="1f5a17b5-9d02-4468-8762-cf613d1bd7f3" testListId="8c84fa94-04c1-424b-9868-57a2d4851a1d" /><TestEntry testId="ff62c7fa-1d82-499c-a6f5-fb13d163cd25" executionId="fc5402a6-6461-4cca-aeba-63242d4cdb0d" testListId="8c84fa94-04c1-424b-9868-57a2d4851a1d" /><TestEntry testId="90b06ced-3467-453d-84da-7a4d64cd89ce" executionId="dcfaece8-5acc-46de-ac3d-24b7311363b5" testListId="8c84fa94-04c1-424b-9868-57a2d4851a1d" /><TestEntry testId="16ee352f-bb17-414b-9be5-b33c56a45a46" executionId="1b53cc61-bf10-4889-b1e4-f61521bace50" testListId="8c84fa94-04c1-424b-9868-57a2d4851a1d" /><TestEntry testId="c920c647-fd25-4e14-84af-8778e6072fb6" executionId="a5aaf240-03e0-4ce1-895d-2af0d68fc404" testListId="8c84fa94-04c1-424b-9868-57a2d4851a1d" /><TestEntry testId="d682ecd0-4216-4eaa-a088-3cb8227f7858" executionId="ecd902a1-315a-42d4-8f40-63567a9eab20" testListId="8c84fa94-04c1-424b-9868-57a2d4851a1d" /><TestEntry testId="9eb7a7d0-620c-4853-9c05-1f8821a0546e" executionId="e629ba08-11af-454e-8f4f-6f87140dcb1f" testListId="8c84fa94-04c1-424b-9868-57a2d4851a1d" /><TestEntry testId="d4c97c3d-9fe9-4868-8fbf-135a44de53da" executionId="0d966ea7-2e55-403d-91de-24a727967c1d" testListId="8c84fa94-04c1-424b-9868-57a2d4851a1d" /><TestEntry testId="5c279072-7d59-4368-a1e6-bd7f539b9982" executionId="a2ad4386-d37c-4f5c-b1f6-ae49a58f5d38" testListId="8c84fa94-04c1-424b-9868-57a2d4851a1d" /><TestEntry testId="02d9f19f-fb40-4d9e-b0f8-3243afa4ee0c" executionId="61df94ea-a02e-4be5-b836-e0d13fb81e37" testListId="8c84fa94-04c1-424b-9868-57a2d4851a1d" /><TestEntry testId="24d16af2-e713-437c-b5a8-d814cc392539" executionId="b8514e77-bf87-4a91-bd22-0bf94539e488" testListId="8c84fa94-04c1-424b-9868-57a2d4851a1d" /><TestEntry testId="1421beaf-2782-45c5-8f01-c1e56d1c4f23" executionId="7f7a2658-b3d9-4262-a769-45b4d910ba9e" testListId="8c84fa94-04c1-424b-9868-57a2d4851a1d" /><TestEntry testId="d8d4d218-0ec8-44e2-a2d1-9646163d4edb" executionId="5178892c-0bab-4827-b5c0-b821071186e5" testListId="8c84fa94-04c1-424b-9868-57a2d4851a1d" /><TestEntry testId="40cc9e28-31f5-4e76-8126-fee58c3cd7c8" executionId="f9503d8a-9bc9-44e2-8c2d-e55e34239789" testListId="8c84fa94-04c1-424b-9868-57a2d4851a1d" /><TestEntry testId="7b406507-afb5-4aeb-bb76-f241e69057f2" executionId="fdf3e898-5035-49aa-8bb3-63e7255f1e3b" testListId="8c84fa94-04c1-424b-9868-57a2d4851a1d" /><TestEntry testId="f328e310-862f-44cd-a172-cb9a9b0e7d53" executionId="52671eba-ae99-4bb6-a059-14518b66b6ff" testListId="8c84fa94-04c1-424b-9868-57a2d4851a1d" /><TestEntry testId="bedf0574-bce2-4101-ac92-767ecdb35791" executionId="5fb62cbd-6c69-4bc7-ba98-b0b44bbbfa11" testListId="8c84fa94-04c1-424b-9868-57a2d4851a1d" /><TestEntry testId="4d87eed7-c6d9-45be-9f56-ff437dfe156f" executionId="baf73425-7ab6-429e-a081-cf6b2060be4e" testListId="8c84fa94-04c1-424b-9868-57a2d4851a1d" /><TestEntry testId="1db0eea7-0797-42d3-b312-2a8f260eeb28" executionId="8d2644e6-bfca-4f4d-9485-b49e11064cbb" testListId="8c84fa94-04c1-424b-9868-57a2d4851a1d" /><TestEntry testId="0beb256d-8ee7-4d22-af9a-6037947dd8f3" executionId="d7791110-44ee-4fbd-8e78-d72c3ed6f41f" testListId="8c84fa94-04c1-424b-9868-57a2d4851a1d" /><TestEntry testId="0312253c-6b2e-49e4-b4f2-f62dbe202bb5" executionId="65d9e344-79a8-44ba-8e45-109a71401345" testListId="8c84fa94-04c1-424b-9868-57a2d4851a1d" /><TestEntry testId="1c117cf9-0a8d-43d8-9019-47779f077397" executionId="b96c6a9d-8329-44a7-a1fd-63fd0e96eebe" testListId="8c84fa94-04c1-424b-9868-57a2d4851a1d" /><TestEntry testId="90192ab9-7b0d-4320-bb0d-d19b266e9cfa" executionId="4e6f706b-e0d4-4b6c-a4af-f28ab04a6d2d" testListId="8c84fa94-04c1-424b-9868-57a2d4851a1d" /><TestEntry testId="7db65c76-c984-4b1e-bc6b-9d1b4062db11" executionId="bbf6ea80-ed7d-4532-a320-38846b4e69dc" testListId="8c84fa94-04c1-424b-9868-57a2d4851a1d" /><TestEntry testId="b77f2795-935f-495e-bcdc-953e2c1a9a97" executionId="04914698-821d-4941-8400-0de9fba29847" testListId="8c84fa94-04c1-424b-9868-57a2d4851a1d" /><TestEntry testId="774b2ada-3dba-4a3d-a6ca-33fd688e209e" executionId="b9dd1f68-6519-4f19-a7e8-67f2406b13e3" testListId="8c84fa94-04c1-424b-9868-57a2d4851a1d" /><TestEntry testId="a6916283-f84e-418b-a0fb-b237db6a8e6d" executionId="11f05336-1d98-4166-a76f-e44ff8c3d8f1" testListId="8c84fa94-04c1-424b-9868-57a2d4851a1d" /><TestEntry testId="44c98049-8d48-4898-b17b-f872a89e57dd" executionId="f3a8e2b2-a022-4d24-898c-a7a34f2a423e" testListId="8c84fa94-04c1-424b-9868-57a2d4851a1d" /><TestEntry testId="8e44e02c-ea8e-4f8f-8bbe-04f66ede41a5" executionId="0ef543de-e8bc-4b74-b3bf-02ae39a15b98" testListId="8c84fa94-04c1-424b-9868-57a2d4851a1d" /><TestEntry testId="c184ac63-85f3-45a3-9369-4bd9f95987a4" executionId="e853c08c-603c-478b-85d4-06e91564baea" testListId="8c84fa94-04c1-424b-9868-57a2d4851a1d" /><TestEntry testId="d269a556-0b97-40a3-8fab-087677c2f05d" executionId="bbbe3e5e-f73c-4ec6-b5b3-14735b50da30" testListId="8c84fa94-04c1-424b-9868-57a2d4851a1d" /><TestEntry testId="55996bd9-d71a-455e-be7a-464c9d905a48" executionId="ce32feed-2571-4c20-a54e-39315cb77e69" testListId="8c84fa94-04c1-424b-9868-57a2d4851a1d" /><TestEntry testId="5a407c8a-82d1-4de8-bebd-699cc3c1e1a8" executionId="9fc5f39b-f156-413c-a28b-9536d5e29fcb" testListId="8c84fa94-04c1-424b-9868-57a2d4851a1d" /><TestEntry testId="488e0afb-9194-4f36-add3-700e6000a2ab" executionId="b51f3a89-f51e-4b1f-96b0-76720173a7e8" testListId="8c84fa94-04c1-424b-9868-57a2d4851a1d" /><TestEntry testId="3ddd4d26-3c78-491d-9ddc-0f0b48d1f263" executionId="3d4230a8-461e-452e-9d26-6a81ca3c64bf" testListId="8c84fa94-04c1-424b-9868-57a2d4851a1d" /><TestEntry testId="2a3a767b-ee8a-4fdd-a440-d230449697f0" executionId="2e6885f3-fc53-469b-8dbc-fa2cd7b24768" testListId="8c84fa94-04c1-424b-9868-57a2d4851a1d" /><TestEntry testId="199f1beb-54e4-4531-a912-bd24da032010" executionId="74fcb8b5-09f0-415f-ba0d-d590ecb262a3" testListId="8c84fa94-04c1-424b-9868-57a2d4851a1d" /><TestEntry testId="8fa554a5-5511-4a64-841a-269163eba096" executionId="18ecd939-7821-41b3-a105-59bb58f58d2b" testListId="8c84fa94-04c1-424b-9868-57a2d4851a1d" /><TestEntry testId="82b4ae3b-25f5-46c2-8b20-19992361af2d" executionId="e74214a7-6478-4028-8a14-4c5e1b89b3c3" testListId="8c84fa94-04c1-424b-9868-57a2d4851a1d" /></TestEntries><TestLists><TestList name="Results Not in a List" id="8c84fa94-04c1-424b-9868-57a2d4851a1d" /><TestList name="All Loaded Results" id="19431567-8539-422a-85d7-44ee4e166bda" /></TestLists><ResultSummary outcome="Completed"><Counters total="152" executed="152" passed="152" failed="0" error="0" timeout="0" aborted="0" inconclusive="0" passedButRunAborted="0" notRunnable="0" notExecuted="0" disconnected="0" warning="0" completed="0" inProgress="0" pending="0" /><Output><StdOut>[xUnit.net 00:00:01.1045383]   Discovering: ModelRelief.Test[xUnit.net 00:00:01.2173182]   Discovered:  ModelRelief.Test[xUnit.net 00:00:01.2233733]   Starting:    ModelRelief.Test[xUnit.net 00:00:18.6528769]   Finished:    ModelRelief.Test</StdOut></Output></ResultSummary></TestRun>