<?xml version="1.0" encoding="utf-8"?><TestRun id="93f634ca-63dc-4ad0-8b00-008d99f6e420" name="Steve Knipmeyer@VECTOR 2018-07-18 04:26:38" runUser="VECTOR\Steve Knipmeyer" xmlns="http://microsoft.com/schemas/VisualStudio/TeamTest/2010"><Times creation="2018-07-18T04:26:38.6783676-04:00" queuing="2018-07-18T04:26:38.6783784-04:00" start="2018-07-18T04:26:34.4150313-04:00" finish="2018-07-18T04:26:53.7925025-04:00" /><TestSettings name="default" id="85799334-50d9-4faa-ac8f-9df537b735c3"><Deployment runDeploymentRoot="Steve_Knipmeyer_VECTOR_2018-07-18_04_26_38" /></TestSettings><Results><UnitTestResult executionId="16e3be18-51ec-4a53-8c1e-b147a28049eb" testId="33726a98-951e-4e08-abc2-4a274706414a" testName="Post_InvalidReferencePropertyReturnsBadRequest" computerName="VECTOR" duration="00:00:00.0010000" startTime="2018-07-18T04:26:38.9336593-04:00" endTime="2018-07-18T04:26:38.9336616-04:00" testType="13cdc9d9-ddb5-4fa4-a97d-d965ccfc6d4b" outcome="Passed" testListId="8c84fa94-04c1-424b-9868-57a2d4851a1d" relativeResultsDirectory="16e3be18-51ec-4a53-8c1e-b147a28049eb" /><UnitTestResult executionId="cf97aa0b-823a-406a-b006-39ce3ea47277" testId="f80e8575-6360-43c8-936e-2ec13d96ade0" testName="PostFile_FileIsSynchronizedIsUpdatedAfterFileIsPosted" computerName="VECTOR" duration="00:00:00.0700000" startTime="2018-07-18T04:26:53.2215174-04:00" endTime="2018-07-18T04:26:53.2215219-04:00" testType="13cdc9d9-ddb5-4fa4-a97d-d965ccfc6d4b" outcome="Passed" testListId="8c84fa94-04c1-424b-9868-57a2d4851a1d" relativeResultsDirectory="cf97aa0b-823a-406a-b006-39ce3ea47277" /><UnitTestResult executionId="80510d04-c9cc-4c10-83f8-22f989303b59" testId="77bff832-7dcc-48be-8e55-a040cd2294f4" testName="PutFile_NewFileCanBePut" computerName="VECTOR" duration="00:00:00.2170000" startTime="2018-07-18T04:26:43.5341064-04:00" endTime="2018-07-18T04:26:43.5341124-04:00" testType="13cdc9d9-ddb5-4fa4-a97d-d965ccfc6d4b" outcome="Passed" testListId="8c84fa94-04c1-424b-9868-57a2d4851a1d" relativeResultsDirectory="80510d04-c9cc-4c10-83f8-22f989303b59" /><UnitTestResult executionId="e7c6b486-857c-4baa-bff2-ea8eba0ad76c" testId="ce5d44f8-97e7-4600-b478-edffd1b6ab4d" testName="Patch_MultipleInvalidReferencePropertiesReturnsMultipleValidationErrorsAndBadRequest" computerName="VECTOR" duration="00:00:00.0020000" startTime="2018-07-18T04:26:39.4009555-04:00" endTime="2018-07-18T04:26:39.4009583-04:00" testType="13cdc9d9-ddb5-4fa4-a97d-d965ccfc6d4b" outcome="Passed" testListId="8c84fa94-04c1-424b-9868-57a2d4851a1d" relativeResultsDirectory="e7c6b486-857c-4baa-bff2-ea8eba0ad76c" /><UnitTestResult executionId="6472665d-78c9-481e-9001-163ba5d31a27" testId="5b5349c5-a488-4e94-9bb6-ad65587eb849" testName="Post_InvalidPropertyValueReturnsBadRequest" computerName="VECTOR" duration="00:00:00.0020000" startTime="2018-07-18T04:26:39.8942647-04:00" endTime="2018-07-18T04:26:39.8942690-04:00" testType="13cdc9d9-ddb5-4fa4-a97d-d965ccfc6d4b" outcome="Passed" testListId="8c84fa94-04c1-424b-9868-57a2d4851a1d" relativeResultsDirectory="6472665d-78c9-481e-9001-163ba5d31a27" /><UnitTestResult executionId="385865af-5251-4411-adc6-0c3cd67f86d7" testId="3f346f5c-d6e0-44a7-84a9-5b50ab027afd" testName="Put_InvalidIdReturnsNotFound" computerName="VECTOR" duration="00:00:00.0410000" startTime="2018-07-18T04:26:39.8841276-04:00" endTime="2018-07-18T04:26:39.8841347-04:00" testType="13cdc9d9-ddb5-4fa4-a97d-d965ccfc6d4b" outcome="Passed" testListId="8c84fa94-04c1-424b-9868-57a2d4851a1d" relativeResultsDirectory="385865af-5251-4411-adc6-0c3cd67f86d7" /><UnitTestResult executionId="0327bc76-2e6d-4503-a035-9557c606fd0a" testId="66c18d9b-962f-4d6b-a9ad-4938f8f80e7b" testName="GetFile_NonExistentFileReturnsNotFound" computerName="VECTOR" duration="00:00:00.0110000" startTime="2018-07-18T04:26:43.3164893-04:00" endTime="2018-07-18T04:26:43.3164944-04:00" testType="13cdc9d9-ddb5-4fa4-a97d-d965ccfc6d4b" outcome="Passed" testListId="8c84fa94-04c1-424b-9868-57a2d4851a1d" relativeResultsDirectory="0327bc76-2e6d-4503-a035-9557c606fd0a" /><UnitTestResult executionId="00e7eb32-5947-4977-bbc6-9fc8a8b91f35" testId="a5c9d7fa-4459-4c58-9174-b1accf0d8adb" testName="Put_CanUpdateModel" computerName="VECTOR" duration="00:00:00.4090000" startTime="2018-07-18T04:26:43.1250595-04:00" endTime="2018-07-18T04:26:43.1250655-04:00" testType="13cdc9d9-ddb5-4fa4-a97d-d965ccfc6d4b" outcome="Passed" testListId="8c84fa94-04c1-424b-9868-57a2d4851a1d" relativeResultsDirectory="00e7eb32-5947-4977-bbc6-9fc8a8b91f35" /><UnitTestResult executionId="d9e37107-2076-4844-9bcf-3a05b03620e4" testId="49c7f3dd-1392-46df-87cf-609d405e4b33" testName="FileRequest_MeshIsInvalidatedAfterDepthBufferFileBecomesUnsynchronized" computerName="VECTOR" duration="00:00:01.5800000" startTime="2018-07-18T04:26:45.1142896-04:00" endTime="2018-07-18T04:26:45.1142959-04:00" testType="13cdc9d9-ddb5-4fa4-a97d-d965ccfc6d4b" outcome="Passed" testListId="8c84fa94-04c1-424b-9868-57a2d4851a1d" relativeResultsDirectory="d9e37107-2076-4844-9bcf-3a05b03620e4" /><UnitTestResult executionId="31958fe4-8722-4469-9542-ffc4d976f6c9" testId="53aa03a3-a15e-4c93-83ae-5fc9e5834d80" testName="GetSingle_InvalidIdPropertyValueReturnsNotFound" computerName="VECTOR" duration="00:00:00.0090000" startTime="2018-07-18T04:26:39.8430066-04:00" endTime="2018-07-18T04:26:39.8430112-04:00" testType="13cdc9d9-ddb5-4fa4-a97d-d965ccfc6d4b" outcome="Passed" testListId="8c84fa94-04c1-424b-9868-57a2d4851a1d" relativeResultsDirectory="31958fe4-8722-4469-9542-ffc4d976f6c9" /><UnitTestResult executionId="42a6aef7-3fb9-4e9b-82a3-6051941008c7" testId="92c1901b-5aab-416f-aff6-6bc785d48524" testName="Put_CanUpdateModel" computerName="VECTOR" duration="00:00:00.0410000" startTime="2018-07-18T04:26:53.4802761-04:00" endTime="2018-07-18T04:26:53.4802824-04:00" testType="13cdc9d9-ddb5-4fa4-a97d-d965ccfc6d4b" outcome="Passed" testListId="8c84fa94-04c1-424b-9868-57a2d4851a1d" relativeResultsDirectory="42a6aef7-3fb9-4e9b-82a3-6051941008c7" /><UnitTestResult executionId="570b8176-1c99-47a5-88a4-c05492ef6c09" testId="d6aae8c9-c101-43df-96e2-092b1f092a89" testName="Post_InvalidPropertyValueReturnsBadRequest" computerName="VECTOR" duration="00:00:00.0020000" startTime="2018-07-18T04:26:43.3047421-04:00" endTime="2018-07-18T04:26:43.3047446-04:00" testType="13cdc9d9-ddb5-4fa4-a97d-d965ccfc6d4b" outcome="Passed" testListId="8c84fa94-04c1-424b-9868-57a2d4851a1d" relativeResultsDirectory="570b8176-1c99-47a5-88a4-c05492ef6c09" /><UnitTestResult executionId="c3ebf181-b93f-4526-b9b7-508be9dfca9c" testId="50caf62d-e638-4ca9-be57-54292e67a92b" testName="Post_CanCreateNewModel" computerName="VECTOR" duration="00:00:00.0140000" startTime="2018-07-18T04:26:40.0795897-04:00" endTime="2018-07-18T04:26:40.0795962-04:00" testType="13cdc9d9-ddb5-4fa4-a97d-d965ccfc6d4b" outcome="Passed" testListId="8c84fa94-04c1-424b-9868-57a2d4851a1d" relativeResultsDirectory="c3ebf181-b93f-4526-b9b7-508be9dfca9c" /><UnitTestResult executionId="898b2a12-204f-42a7-964d-9db9d7e45f84" testId="455c029d-d2e9-44ee-8cb1-b040e397ad75" testName="Patch_InvalidReferencePropertyReturnsBadRequest" computerName="VECTOR" duration="00:00:00.0020000" startTime="2018-07-18T04:26:39.2518144-04:00" endTime="2018-07-18T04:26:39.2518170-04:00" testType="13cdc9d9-ddb5-4fa4-a97d-d965ccfc6d4b" outcome="Passed" testListId="8c84fa94-04c1-424b-9868-57a2d4851a1d" relativeResultsDirectory="898b2a12-204f-42a7-964d-9db9d7e45f84" /><UnitTestResult executionId="4b923053-9b32-4c14-8eec-a2e7174b9d16" testId="410a003d-af6d-4ae5-b416-892147e82953" testName="PutFile_NewFileCanBePut" computerName="VECTOR" duration="00:00:00.0740000" startTime="2018-07-18T04:26:53.1509170-04:00" endTime="2018-07-18T04:26:53.1509221-04:00" testType="13cdc9d9-ddb5-4fa4-a97d-d965ccfc6d4b" outcome="Passed" testListId="8c84fa94-04c1-424b-9868-57a2d4851a1d" relativeResultsDirectory="4b923053-9b32-4c14-8eec-a2e7174b9d16" /><UnitTestResult executionId="778ea310-720b-4f79-b0b0-673945013016" testId="179a9d19-af0e-4efd-a21b-44fea0fc89db" testName="Patch_ValidReferencePropertyUpdatesModel" computerName="VECTOR" duration="00:00:00.0360000" startTime="2018-07-18T04:26:39.9359190-04:00" endTime="2018-07-18T04:26:39.9359256-04:00" testType="13cdc9d9-ddb5-4fa4-a97d-d965ccfc6d4b" outcome="Passed" testListId="8c84fa94-04c1-424b-9868-57a2d4851a1d" relativeResultsDirectory="778ea310-720b-4f79-b0b0-673945013016" /><UnitTestResult executionId="8b67ba86-5944-42b5-816b-9b7cab0141d7" testId="226d6c60-83c2-4b5d-a4dd-6c9b1a97551f" testName="Patch_ValidReferencePropertyUpdatesModel" computerName="VECTOR" duration="00:00:00.5770000" startTime="2018-07-18T04:26:42.7155581-04:00" endTime="2018-07-18T04:26:42.7155643-04:00" testType="13cdc9d9-ddb5-4fa4-a97d-d965ccfc6d4b" outcome="Passed" testListId="8c84fa94-04c1-424b-9868-57a2d4851a1d" relativeResultsDirectory="8b67ba86-5944-42b5-816b-9b7cab0141d7" /><UnitTestResult executionId="74dff485-af1a-4c23-b460-641fd04ee77b" testId="86073cf0-dc3a-4ca8-8b2e-21343c031739" testName="Patch_ValidReferencePropertyUpdatesModel" computerName="VECTOR" duration="00:00:00.0050000" startTime="2018-07-18T04:26:38.4632479-04:00" endTime="2018-07-18T04:26:38.4632504-04:00" testType="13cdc9d9-ddb5-4fa4-a97d-d965ccfc6d4b" outcome="Passed" testListId="8c84fa94-04c1-424b-9868-57a2d4851a1d" relativeResultsDirectory="74dff485-af1a-4c23-b460-641fd04ee77b" /><UnitTestResult executionId="c2f23282-fa1c-4c39-aef6-7bd1cda30b2d" testId="666c015a-39ca-45a0-9cde-658ab43e7f56" testName="GetFile_ExistingFileReturnsSuccess" computerName="VECTOR" duration="00:00:00.0190000" startTime="2018-07-18T04:26:51.4362564-04:00" endTime="2018-07-18T04:26:51.4362629-04:00" testType="13cdc9d9-ddb5-4fa4-a97d-d965ccfc6d4b" outcome="Passed" testListId="8c84fa94-04c1-424b-9868-57a2d4851a1d" relativeResultsDirectory="c2f23282-fa1c-4c39-aef6-7bd1cda30b2d" /><UnitTestResult executionId="f3d1986c-6ba3-4e05-b5ab-4d2efc3df58b" testId="eb2e32af-8c75-4c2f-9fc8-40c153541b2f" testName="FileRequest_FileCanBeReadAfterRename" computerName="VECTOR" duration="00:00:00.1660000" startTime="2018-07-18T04:26:40.5669125-04:00" endTime="2018-07-18T04:26:40.5669185-04:00" testType="13cdc9d9-ddb5-4fa4-a97d-d965ccfc6d4b" outcome="Passed" testListId="8c84fa94-04c1-424b-9868-57a2d4851a1d" relativeResultsDirectory="f3d1986c-6ba3-4e05-b5ab-4d2efc3df58b" /><UnitTestResult executionId="be5238b5-430e-4c22-ac00-0a26d4930ff6" testId="3b3b631f-fb95-4e8e-98f2-1afb97804cef" testName="Delete_TargetModelIsDeleted" computerName="VECTOR" duration="00:00:00.2510000" startTime="2018-07-18T04:26:39.1850137-04:00" endTime="2018-07-18T04:26:39.1850200-04:00" testType="13cdc9d9-ddb5-4fa4-a97d-d965ccfc6d4b" outcome="Passed" testListId="8c84fa94-04c1-424b-9868-57a2d4851a1d" relativeResultsDirectory="be5238b5-430e-4c22-ac00-0a26d4930ff6" /><UnitTestResult executionId="2838e065-7575-4a70-83af-81526cbf05d8" testId="e0bfbffa-1dc9-4b32-ba45-c383973d46d4" testName="GetFile_ExistingFileReturnsSuccess" computerName="VECTOR" duration="00:00:00.0750000" startTime="2018-07-18T04:26:40.4001971-04:00" endTime="2018-07-18T04:26:40.4002042-04:00" testType="13cdc9d9-ddb5-4fa4-a97d-d965ccfc6d4b" outcome="Passed" testListId="8c84fa94-04c1-424b-9868-57a2d4851a1d" relativeResultsDirectory="2838e065-7575-4a70-83af-81526cbf05d8" /><UnitTestResult executionId="b38d821b-06cf-4637-a01f-5dc5fe438cae" testId="c1f0c392-e080-4d65-8da3-c525a1c295bf" testName="GetList_ListReturnsCorrectCount" computerName="VECTOR" duration="00:00:00.0330000" startTime="2018-07-18T04:26:53.4280041-04:00" endTime="2018-07-18T04:26:53.4280109-04:00" testType="13cdc9d9-ddb5-4fa4-a97d-d965ccfc6d4b" outcome="Passed" testListId="8c84fa94-04c1-424b-9868-57a2d4851a1d" relativeResultsDirectory="b38d821b-06cf-4637-a01f-5dc5fe438cae" /><UnitTestResult executionId="6f5983a5-3cc4-48b6-a12e-a877a38b34cc" testId="0baebb2e-8c66-42f3-bfa0-61f7df5b6f96" testName="GetFile_FileCanBeRoundTripped" computerName="VECTOR" duration="00:00:00.0680000" startTime="2018-07-18T04:26:40.6801835-04:00" endTime="2018-07-18T04:26:40.6801895-04:00" testType="13cdc9d9-ddb5-4fa4-a97d-d965ccfc6d4b" outcome="Passed" testListId="8c84fa94-04c1-424b-9868-57a2d4851a1d" relativeResultsDirectory="6f5983a5-3cc4-48b6-a12e-a877a38b34cc" /><UnitTestResult executionId="798f06d8-1a9c-4e5a-aa48-dce2b56825ed" testId="7fb1e823-3ac1-47a8-9c60-41c86b7ccda9" testName="FileRequest_FileCanBeReadAfterRename" computerName="VECTOR" duration="00:00:00.0830000" startTime="2018-07-18T04:26:52.7996990-04:00" endTime="2018-07-18T04:26:52.7997050-04:00" testType="13cdc9d9-ddb5-4fa4-a97d-d965ccfc6d4b" outcome="Passed" testListId="8c84fa94-04c1-424b-9868-57a2d4851a1d" relativeResultsDirectory="798f06d8-1a9c-4e5a-aa48-dce2b56825ed" /><UnitTestResult executionId="3504e799-d4bb-4889-b5f1-8442ed03a60c" testId="ad612daa-2237-4d22-a5c6-c7f16ddd7db9" testName="Patch_InvalidPropertyNameReturnsBadRequest" computerName="VECTOR" duration="00:00:00.0030000" startTime="2018-07-18T04:26:43.2263135-04:00" endTime="2018-07-18T04:26:43.2263161-04:00" testType="13cdc9d9-ddb5-4fa4-a97d-d965ccfc6d4b" outcome="Passed" testListId="8c84fa94-04c1-424b-9868-57a2d4851a1d" relativeResultsDirectory="3504e799-d4bb-4889-b5f1-8442ed03a60c" /><UnitTestResult executionId="8e66ad98-612a-4829-92d1-5795a0cb88b3" testId="3bcd4173-b6dc-48b5-b654-26301f746004" testName="Patch_InvalidReferencePropertyReturnsBadRequest" computerName="VECTOR" duration="00:00:00.0120000" startTime="2018-07-18T04:26:43.2225369-04:00" endTime="2018-07-18T04:26:43.2225417-04:00" testType="13cdc9d9-ddb5-4fa4-a97d-d965ccfc6d4b" outcome="Passed" testListId="8c84fa94-04c1-424b-9868-57a2d4851a1d" relativeResultsDirectory="8e66ad98-612a-4829-92d1-5795a0cb88b3" /><UnitTestResult executionId="153ec915-cb5c-4b48-96e5-62c31612f623" testId="9acc21d6-0557-44cf-9262-4e410510f5a2" testName="Patch_InvalidPropertyNameReturnsBadRequest" computerName="VECTOR" duration="00:00:00.0040000" startTime="2018-07-18T04:26:39.8882923-04:00" endTime="2018-07-18T04:26:39.8882960-04:00" testType="13cdc9d9-ddb5-4fa4-a97d-d965ccfc6d4b" outcome="Passed" testListId="8c84fa94-04c1-424b-9868-57a2d4851a1d" relativeResultsDirectory="153ec915-cb5c-4b48-96e5-62c31612f623" /><UnitTestResult executionId="7bcd05c0-6302-482b-8eb5-6b1a3754f693" testId="5966330a-71e2-4909-be1a-77cc157ee780" testName="Post_CanCreateNewModel" computerName="VECTOR" duration="00:00:00.0110000" startTime="2018-07-18T04:26:39.2627504-04:00" endTime="2018-07-18T04:26:39.2627540-04:00" testType="13cdc9d9-ddb5-4fa4-a97d-d965ccfc6d4b" outcome="Passed" testListId="8c84fa94-04c1-424b-9868-57a2d4851a1d" relativeResultsDirectory="7bcd05c0-6302-482b-8eb5-6b1a3754f693" /><UnitTestResult executionId="ead577af-36ee-4569-bfea-3301746b477d" testId="03ceb8b7-8c1a-4f28-a8de-212fcb941d3f" testName="GetFile_NonExistentFileReturnsNotFound" computerName="VECTOR" duration="00:00:00.0050000" startTime="2018-07-18T04:26:40.6855046-04:00" endTime="2018-07-18T04:26:40.6855083-04:00" testType="13cdc9d9-ddb5-4fa4-a97d-d965ccfc6d4b" outcome="Passed" testListId="8c84fa94-04c1-424b-9868-57a2d4851a1d" relativeResultsDirectory="ead577af-36ee-4569-bfea-3301746b477d" /><UnitTestResult executionId="051f3a5a-6c72-4654-b820-eca0de93fec6" testId="2c6017c4-6589-4573-87c2-c1d9965f568f" testName="Patch_InvalidReferencePropertyReturnsBadRequest" computerName="VECTOR" duration="00:00:00.0110000" startTime="2018-07-18T04:26:51.3065888-04:00" endTime="2018-07-18T04:26:51.3065939-04:00" testType="13cdc9d9-ddb5-4fa4-a97d-d965ccfc6d4b" outcome="Passed" testListId="8c84fa94-04c1-424b-9868-57a2d4851a1d" relativeResultsDirectory="051f3a5a-6c72-4654-b820-eca0de93fec6" /><UnitTestResult executionId="e1205b71-31d3-4758-a84a-00a573391d87" testId="6433a957-8b5a-4154-b5a9-e6a38e775b4c" testName="Put_InvalidIdReturnsNotFound" computerName="VECTOR" duration="00:00:00.0080000" startTime="2018-07-18T04:26:53.3810477-04:00" endTime="2018-07-18T04:26:53.3810525-04:00" testType="13cdc9d9-ddb5-4fa4-a97d-d965ccfc6d4b" outcome="Passed" testListId="8c84fa94-04c1-424b-9868-57a2d4851a1d" relativeResultsDirectory="e1205b71-31d3-4758-a84a-00a573391d87" /><UnitTestResult executionId="a4935b03-7b48-47d2-a06a-992587b09723" testId="10a0a2ca-2b3b-4fd3-84f0-05c26d2c6b1a" testName="PostFile_FileIsSynchronizedIsUpdatedAfterFileIsPosted" computerName="VECTOR" duration="00:00:00.0010000" startTime="2018-07-18T04:26:40.6862131-04:00" endTime="2018-07-18T04:26:40.6862148-04:00" testType="13cdc9d9-ddb5-4fa4-a97d-d965ccfc6d4b" outcome="Passed" testListId="8c84fa94-04c1-424b-9868-57a2d4851a1d" relativeResultsDirectory="a4935b03-7b48-47d2-a06a-992587b09723" /><UnitTestResult executionId="cbd97750-bc19-429f-a38e-3c856e343c15" testId="74981510-ff88-4b37-a1f7-c153abaa9f4c" testName="Put_ValidReferencePropertyUpdatesModel" computerName="VECTOR" duration="00:00:00.1350000" startTime="2018-07-18T04:26:51.2953098-04:00" endTime="2018-07-18T04:26:51.2953160-04:00" testType="13cdc9d9-ddb5-4fa4-a97d-d965ccfc6d4b" outcome="Passed" testListId="8c84fa94-04c1-424b-9868-57a2d4851a1d" relativeResultsDirectory="cbd97750-bc19-429f-a38e-3c856e343c15" /><UnitTestResult executionId="091db2d4-0ea3-457b-894c-3d8f7f647199" testId="8ea2c01a-b21d-4ace-817b-8b3030540122" testName="Post_ValidReferencePropertyCreatesModel" computerName="VECTOR" duration="00:00:00.0110000" startTime="2018-07-18T04:26:39.9788600-04:00" endTime="2018-07-18T04:26:39.9788651-04:00" testType="13cdc9d9-ddb5-4fa4-a97d-d965ccfc6d4b" outcome="Passed" testListId="8c84fa94-04c1-424b-9868-57a2d4851a1d" relativeResultsDirectory="091db2d4-0ea3-457b-894c-3d8f7f647199" /><UnitTestResult executionId="549c1924-fb72-448b-9b08-b2a6b3bfd4f7" testId="7918cb63-8533-4e8d-96b2-952501031992" testName="Patch_InvalidIdPropertyReturnsNotFound" computerName="VECTOR" duration="00:00:00.0030000" startTime="2018-07-18T04:26:43.2300586-04:00" endTime="2018-07-18T04:26:43.2300612-04:00" testType="13cdc9d9-ddb5-4fa4-a97d-d965ccfc6d4b" outcome="Passed" testListId="8c84fa94-04c1-424b-9868-57a2d4851a1d" relativeResultsDirectory="549c1924-fb72-448b-9b08-b2a6b3bfd4f7" /><UnitTestResult executionId="dc787be8-593c-4a51-8f01-6f6e37857656" testId="d1f65c0b-e671-42e9-852d-e56dd9dfe050" testName="Patch_MultipleInvalidReferencePropertiesReturnsMultipleValidationErrorsAndBadRequest" computerName="VECTOR" duration="00:00:00.0170000" startTime="2018-07-18T04:26:53.5265392-04:00" endTime="2018-07-18T04:26:53.5265443-04:00" testType="13cdc9d9-ddb5-4fa4-a97d-d965ccfc6d4b" outcome="Passed" testListId="8c84fa94-04c1-424b-9868-57a2d4851a1d" relativeResultsDirectory="dc787be8-593c-4a51-8f01-6f6e37857656" /><UnitTestResult executionId="9c11f6a7-f0dc-4f82-8463-68dc4cbd5078" testId="052205ab-c19a-4994-b1b2-97e186c48ef3" testName="FileRequest_FileCanBeReadAfterRename" computerName="VECTOR" duration="00:00:00.0750000" startTime="2018-07-18T04:26:48.7586218-04:00" endTime="2018-07-18T04:26:48.7586295-04:00" testType="13cdc9d9-ddb5-4fa4-a97d-d965ccfc6d4b" outcome="Passed" testListId="8c84fa94-04c1-424b-9868-57a2d4851a1d" relativeResultsDirectory="9c11f6a7-f0dc-4f82-8463-68dc4cbd5078" /><UnitTestResult executionId="c9e3a672-e403-47a4-aa50-a56e4b0fc1fb" testId="caa9610d-4c37-4ff6-8aa3-74c61c1cf5b4" testName="Patch_MultipleInvalidReferencePropertiesReturnsMultipleValidationErrorsAndBadRequest" computerName="VECTOR" duration="00:00:00.0180000" startTime="2018-07-18T04:26:40.9453485-04:00" endTime="2018-07-18T04:26:40.9453550-04:00" testType="13cdc9d9-ddb5-4fa4-a97d-d965ccfc6d4b" outcome="Passed" testListId="8c84fa94-04c1-424b-9868-57a2d4851a1d" relativeResultsDirectory="c9e3a672-e403-47a4-aa50-a56e4b0fc1fb" /><UnitTestResult executionId="54b4bc6a-dc82-4f40-b159-13c9921085ad" testId="fae9a0e0-6aba-48c3-a567-2ed4c065fa2d" testName="GetSingle_InvalidIdPropertyValueReturnsNotFound" computerName="VECTOR" duration="00:00:00.0030000" startTime="2018-07-18T04:26:41.2041132-04:00" endTime="2018-07-18T04:26:41.2041172-04:00" testType="13cdc9d9-ddb5-4fa4-a97d-d965ccfc6d4b" outcome="Passed" testListId="8c84fa94-04c1-424b-9868-57a2d4851a1d" relativeResultsDirectory="54b4bc6a-dc82-4f40-b159-13c9921085ad" /><UnitTestResult executionId="556dae9c-5b25-4be9-b2b3-b6e9dd182199" testId="0ab4a938-fbbe-4567-86de-c4b9bcdf0708" testName="GetFile_NonExistentFileReturnsNotFound" computerName="VECTOR" duration="00:00:00.0030000" startTime="2018-07-18T04:26:53.0764808-04:00" endTime="2018-07-18T04:26:53.0764833-04:00" testType="13cdc9d9-ddb5-4fa4-a97d-d965ccfc6d4b" outcome="Passed" testListId="8c84fa94-04c1-424b-9868-57a2d4851a1d" relativeResultsDirectory="556dae9c-5b25-4be9-b2b3-b6e9dd182199" /><UnitTestResult executionId="fdc3ddcc-2873-4609-b29a-719999d40a10" testId="69abac61-b14a-4355-924b-2c5ecd174f93" testName="Patch_InvalidEnumPropertyValueReturnsBadRequest" computerName="VECTOR" duration="00:00:00.0010000" startTime="2018-07-18T04:26:39.2959769-04:00" endTime="2018-07-18T04:26:39.2959795-04:00" testType="13cdc9d9-ddb5-4fa4-a97d-d965ccfc6d4b" outcome="Passed" testListId="8c84fa94-04c1-424b-9868-57a2d4851a1d" relativeResultsDirectory="fdc3ddcc-2873-4609-b29a-719999d40a10" /><UnitTestResult executionId="2964a43d-69ec-474f-9271-5fd3b075d680" testId="382ce707-66ab-483f-8d39-a6f1b810024d" testName="Put_InvalidIdReturnsNotFound" computerName="VECTOR" duration="00:00:00.4900000" startTime="2018-07-18T04:26:42.1382447-04:00" endTime="2018-07-18T04:26:42.1382530-04:00" testType="13cdc9d9-ddb5-4fa4-a97d-d965ccfc6d4b" outcome="Passed" testListId="8c84fa94-04c1-424b-9868-57a2d4851a1d" relativeResultsDirectory="2964a43d-69ec-474f-9271-5fd3b075d680" /><UnitTestResult executionId="c7f35564-80a2-4b5c-bca8-42a99cbc7410" testId="f36372e9-e24e-4f3c-8b8d-02c9cd90c48c" testName="Put_InvalidIdReturnsNotFound" computerName="VECTOR" duration="00:00:00.1170000" startTime="2018-07-18T04:26:40.8040700-04:00" endTime="2018-07-18T04:26:40.8040766-04:00" testType="13cdc9d9-ddb5-4fa4-a97d-d965ccfc6d4b" outcome="Passed" testListId="8c84fa94-04c1-424b-9868-57a2d4851a1d" relativeResultsDirectory="c7f35564-80a2-4b5c-bca8-42a99cbc7410" /><UnitTestResult executionId="ff9d1598-8d9b-4333-94c9-6bd2599745ec" testId="33f6054b-f54b-462f-9d3f-8b9e98044935" testName="Patch_InvalidPropertyNameReturnsBadRequest" computerName="VECTOR" duration="00:00:00.0050000" startTime="2018-07-18T04:26:50.9579708-04:00" endTime="2018-07-18T04:26:50.9579733-04:00" testType="13cdc9d9-ddb5-4fa4-a97d-d965ccfc6d4b" outcome="Passed" testListId="8c84fa94-04c1-424b-9868-57a2d4851a1d" relativeResultsDirectory="ff9d1598-8d9b-4333-94c9-6bd2599745ec" /><UnitTestResult executionId="f102ca48-7a4d-4da8-9f8f-48527bd56cc2" testId="b1a5ab2a-08d3-48fb-b018-c64dc9e6e3bb" testName="GetList_ListReturnsCorrectCount" computerName="VECTOR" duration="00:00:00.1070000" startTime="2018-07-18T04:26:50.9530112-04:00" endTime="2018-07-18T04:26:50.9530166-04:00" testType="13cdc9d9-ddb5-4fa4-a97d-d965ccfc6d4b" outcome="Passed" testListId="8c84fa94-04c1-424b-9868-57a2d4851a1d" relativeResultsDirectory="f102ca48-7a4d-4da8-9f8f-48527bd56cc2" /><UnitTestResult executionId="e2afede2-5a47-4ba9-afc7-befa051f4d3a" testId="3590f59f-07df-487c-b697-9df42caf0843" testName="Patch_TargetPropertyIsUpdated" computerName="VECTOR" duration="00:00:00.0340000" startTime="2018-07-18T04:26:43.2000851-04:00" endTime="2018-07-18T04:26:43.2000910-04:00" testType="13cdc9d9-ddb5-4fa4-a97d-d965ccfc6d4b" outcome="Passed" testListId="8c84fa94-04c1-424b-9868-57a2d4851a1d" relativeResultsDirectory="e2afede2-5a47-4ba9-afc7-befa051f4d3a" /><UnitTestResult executionId="40e96dbb-090a-4dda-8455-b0cee6e71a62" testId="1baf92f9-20b9-4824-a1e5-a900199edb0f" testName="Post_CanCreateNewModel" computerName="VECTOR" duration="00:00:00.0110000" startTime="2018-07-18T04:26:53.3731337-04:00" endTime="2018-07-18T04:26:53.3731394-04:00" testType="13cdc9d9-ddb5-4fa4-a97d-d965ccfc6d4b" outcome="Passed" testListId="8c84fa94-04c1-424b-9868-57a2d4851a1d" relativeResultsDirectory="40e96dbb-090a-4dda-8455-b0cee6e71a62" /><UnitTestResult executionId="61b8ab7f-08a4-44e4-8300-90b63923e190" testId="ae715d35-934d-4689-92fe-9cfc461dfbce" testName="Patch_InvalidIdPropertyReturnsNotFound" computerName="VECTOR" duration="00:00:00.0040000" startTime="2018-07-18T04:26:51.1185763-04:00" endTime="2018-07-18T04:26:51.1185791-04:00" testType="13cdc9d9-ddb5-4fa4-a97d-d965ccfc6d4b" outcome="Passed" testListId="8c84fa94-04c1-424b-9868-57a2d4851a1d" relativeResultsDirectory="61b8ab7f-08a4-44e4-8300-90b63923e190" /><UnitTestResult executionId="e079dcc4-543a-4bd6-ad97-59a279bdedea" testId="80b7728b-73e8-4aee-b254-46f29d414c74" testName="FileRequest_MeshGenerateScalesDepthBufferByP1Scale" computerName="VECTOR" duration="00:00:02.0710000" startTime="2018-07-18T04:26:50.8295767-04:00" endTime="2018-07-18T04:26:50.8295830-04:00" testType="13cdc9d9-ddb5-4fa4-a97d-d965ccfc6d4b" outcome="Passed" testListId="8c84fa94-04c1-424b-9868-57a2d4851a1d" relativeResultsDirectory="e079dcc4-543a-4bd6-ad97-59a279bdedea" /><UnitTestResult executionId="4acaf808-9278-47cd-811e-a7e58b7a1bd3" testId="8f088289-4cef-4cb8-acc0-e4b62380b96e" testName="PostFile_FileIsSynchronizedIsUpdatedAfterFileIsPosted" computerName="VECTOR" duration="00:00:00.0800000" startTime="2018-07-18T04:26:48.6829510-04:00" endTime="2018-07-18T04:26:48.6829550-04:00" testType="13cdc9d9-ddb5-4fa4-a97d-d965ccfc6d4b" outcome="Passed" testListId="8c84fa94-04c1-424b-9868-57a2d4851a1d" relativeResultsDirectory="4acaf808-9278-47cd-811e-a7e58b7a1bd3" /><UnitTestResult executionId="7badf1ec-bf44-43cc-9c8a-4cc571b685dc" testId="4653d2f2-8880-4ddb-b1ec-b1da8833a37e" testName="LucyDepthBufferFindsOneDependent" computerName="VECTOR" duration="00:00:00.0040000" startTime="2018-07-18T04:26:38.4538474-04:00" endTime="2018-07-18T04:26:38.4538505-04:00" testType="13cdc9d9-ddb5-4fa4-a97d-d965ccfc6d4b" outcome="Passed" testListId="8c84fa94-04c1-424b-9868-57a2d4851a1d" relativeResultsDirectory="7badf1ec-bf44-43cc-9c8a-4cc571b685dc" /><UnitTestResult executionId="d195345a-f773-44ec-b6a2-373ea234f275" testId="f6e9d6ae-6389-4000-a99a-2d62b98a67c7" testName="Post_InvalidPropertyValueReturnsBadRequest" computerName="VECTOR" duration="00:00:00.0020000" startTime="2018-07-18T04:26:51.3384459-04:00" endTime="2018-07-18T04:26:51.3384482-04:00" testType="13cdc9d9-ddb5-4fa4-a97d-d965ccfc6d4b" outcome="Passed" testListId="8c84fa94-04c1-424b-9868-57a2d4851a1d" relativeResultsDirectory="d195345a-f773-44ec-b6a2-373ea234f275" /><UnitTestResult executionId="1fe21409-5c11-4ada-9dda-59b083be18f7" testId="ce727bbd-c81c-4a33-ba72-0c68ecc13ca1" testName="Delete_TargetModelIsDeleted" computerName="VECTOR" duration="00:00:00.0140000" startTime="2018-07-18T04:26:43.2806611-04:00" endTime="2018-07-18T04:26:43.2806668-04:00" testType="13cdc9d9-ddb5-4fa4-a97d-d965ccfc6d4b" outcome="Passed" testListId="8c84fa94-04c1-424b-9868-57a2d4851a1d" relativeResultsDirectory="1fe21409-5c11-4ada-9dda-59b083be18f7" /><UnitTestResult executionId="a1db11bc-3c7c-45a0-a8ab-55afc0540faf" testId="269ccf48-5469-4f71-96e4-e95dd206b67a" testName="Patch_MultipleInvalidReferencePropertiesReturnsMultipleValidationErrorsAndBadRequest" computerName="VECTOR" duration="00:00:00.0240000" startTime="2018-07-18T04:26:40.0029506-04:00" endTime="2018-07-18T04:26:40.0029562-04:00" testType="13cdc9d9-ddb5-4fa4-a97d-d965ccfc6d4b" outcome="Passed" testListId="8c84fa94-04c1-424b-9868-57a2d4851a1d" relativeResultsDirectory="a1db11bc-3c7c-45a0-a8ab-55afc0540faf" /><UnitTestResult executionId="30b6422b-fa95-45d3-8b17-010ce6cf1bf3" testId="1a74946e-02df-4e76-b19c-ccaf765b68c1" testName="Patch_InvalidEnumPropertyValueReturnsBadRequest" computerName="VECTOR" duration="00:00:00.0150000" startTime="2018-07-18T04:26:50.8458847-04:00" endTime="2018-07-18T04:26:50.8458901-04:00" testType="13cdc9d9-ddb5-4fa4-a97d-d965ccfc6d4b" outcome="Passed" testListId="8c84fa94-04c1-424b-9868-57a2d4851a1d" relativeResultsDirectory="30b6422b-fa95-45d3-8b17-010ce6cf1bf3" /><UnitTestResult executionId="5a97f694-7ae4-4cdd-9a26-93912eb7cd24" testId="9f21a9fd-96d5-4f2f-b323-4d78611479ab" testName="GetSingle_ValidIdPropertyValueReturnsCorrectModel" computerName="VECTOR" duration="00:00:00.0040000" startTime="2018-07-18T04:26:41.2084744-04:00" endTime="2018-07-18T04:26:41.2084775-04:00" testType="13cdc9d9-ddb5-4fa4-a97d-d965ccfc6d4b" outcome="Passed" testListId="8c84fa94-04c1-424b-9868-57a2d4851a1d" relativeResultsDirectory="5a97f694-7ae4-4cdd-9a26-93912eb7cd24" /><UnitTestResult executionId="d1b85a75-72f5-46e9-95cb-afa2694f7c84" testId="01012dad-04af-4320-9d83-49df022c2dbc" testName="PostFile_FileTimeStampIsUpdatedAfterFileIsPosted" computerName="VECTOR" duration="00:00:00.0010000" startTime="2018-07-18T04:26:40.1226526-04:00" endTime="2018-07-18T04:26:40.1226551-04:00" testType="13cdc9d9-ddb5-4fa4-a97d-d965ccfc6d4b" outcome="Passed" testListId="8c84fa94-04c1-424b-9868-57a2d4851a1d" relativeResultsDirectory="d1b85a75-72f5-46e9-95cb-afa2694f7c84" /><UnitTestResult executionId="38948019-7b6e-4533-9dcf-c0555c4d976d" testId="4ae5cad1-e6b3-48d7-b5f1-bea95827a03a" testName="Put_CanUpdateModel" computerName="VECTOR" duration="00:00:00.0280000" startTime="2018-07-18T04:26:51.4165588-04:00" endTime="2018-07-18T04:26:51.4165650-04:00" testType="13cdc9d9-ddb5-4fa4-a97d-d965ccfc6d4b" outcome="Passed" testListId="8c84fa94-04c1-424b-9868-57a2d4851a1d" relativeResultsDirectory="38948019-7b6e-4533-9dcf-c0555c4d976d" /><UnitTestResult executionId="9980b660-24bb-4320-9f1e-efef4d4b5acd" testId="322fce0f-a6a6-4ec3-81ed-0dcf205d4220" testName="Put_CanUpdateModel" computerName="VECTOR" duration="00:00:00.0290000" startTime="2018-07-18T04:26:39.3309037-04:00" endTime="2018-07-18T04:26:39.3309097-04:00" testType="13cdc9d9-ddb5-4fa4-a97d-d965ccfc6d4b" outcome="Passed" testListId="8c84fa94-04c1-424b-9868-57a2d4851a1d" relativeResultsDirectory="9980b660-24bb-4320-9f1e-efef4d4b5acd" /><UnitTestResult executionId="5579439c-d99a-4f7a-bb18-70af7f39a40a" testId="624366b3-cc87-4eda-a72b-88688cefde9c" testName="Patch_InvalidEnumPropertyValueReturnsBadRequest" computerName="VECTOR" duration="00:00:00.0050000" startTime="2018-07-18T04:26:40.0656273-04:00" endTime="2018-07-18T04:26:40.0656319-04:00" testType="13cdc9d9-ddb5-4fa4-a97d-d965ccfc6d4b" outcome="Passed" testListId="8c84fa94-04c1-424b-9868-57a2d4851a1d" relativeResultsDirectory="5579439c-d99a-4f7a-bb18-70af7f39a40a" /><UnitTestResult executionId="c52390e5-92dc-4450-836c-8123adb84ad5" testId="6f0b4733-5406-454e-91e8-95e53d3226dd" testName="GetSingle_ValidIdPropertyValueReturnsCorrectModel" computerName="VECTOR" duration="00:00:00.0050000" startTime="2018-07-18T04:26:39.9000438-04:00" endTime="2018-07-18T04:26:39.9000472-04:00" testType="13cdc9d9-ddb5-4fa4-a97d-d965ccfc6d4b" outcome="Passed" testListId="8c84fa94-04c1-424b-9868-57a2d4851a1d" relativeResultsDirectory="c52390e5-92dc-4450-836c-8123adb84ad5" /><UnitTestResult executionId="216caee8-b044-4afe-974b-3ac5e2f7fe9d" testId="b6f928f9-46f3-4cca-93ef-3fd978554e47" testName="Patch_TargetPropertyIsUpdated" computerName="VECTOR" duration="00:00:00.0380000" startTime="2018-07-18T04:26:53.6691384-04:00" endTime="2018-07-18T04:26:53.6691441-04:00" testType="13cdc9d9-ddb5-4fa4-a97d-d965ccfc6d4b" outcome="Passed" testListId="8c84fa94-04c1-424b-9868-57a2d4851a1d" relativeResultsDirectory="216caee8-b044-4afe-974b-3ac5e2f7fe9d" /><UnitTestResult executionId="c43d5db7-1129-4fa0-b3bc-a2b2e18870d6" testId="a2be6671-4a41-47c0-8ca1-0ad4f27f2953" testName="GetList_ListReturnsCorrectCount" computerName="VECTOR" duration="00:00:00.0570000" startTime="2018-07-18T04:26:40.0601634-04:00" endTime="2018-07-18T04:26:40.0601685-04:00" testType="13cdc9d9-ddb5-4fa4-a97d-d965ccfc6d4b" outcome="Passed" testListId="8c84fa94-04c1-424b-9868-57a2d4851a1d" relativeResultsDirectory="c43d5db7-1129-4fa0-b3bc-a2b2e18870d6" /><UnitTestResult executionId="709e369f-af7d-4053-ba9d-6064068db31e" testId="3f854008-3c5e-4055-8e8b-626652914cd9" testName="Put_CanUpdateModel" computerName="VECTOR" duration="00:00:00.0800000" startTime="2018-07-18T04:26:39.8333124-04:00" endTime="2018-07-18T04:26:39.8333187-04:00" testType="13cdc9d9-ddb5-4fa4-a97d-d965ccfc6d4b" outcome="Passed" testListId="8c84fa94-04c1-424b-9868-57a2d4851a1d" relativeResultsDirectory="709e369f-af7d-4053-ba9d-6064068db31e" /><UnitTestResult executionId="62a610a0-c6b9-4465-8240-46035113ad80" testId="906d7382-69a5-4b51-8337-31abe248e8e9" testName="Patch_InvalidReferencePropertyReturnsBadRequest" computerName="VECTOR" duration="00:00:00.0080000" startTime="2018-07-18T04:26:40.9660191-04:00" endTime="2018-07-18T04:26:40.9660228-04:00" testType="13cdc9d9-ddb5-4fa4-a97d-d965ccfc6d4b" outcome="Passed" testListId="8c84fa94-04c1-424b-9868-57a2d4851a1d" relativeResultsDirectory="62a610a0-c6b9-4465-8240-46035113ad80" /><UnitTestResult executionId="52ef7f59-e479-409d-8924-4b799f59d186" testId="d81bb887-6a9e-4c77-bf09-3b47705b0163" testName="GetFile_FileCanBeRoundTripped" computerName="VECTOR" duration="00:00:00.0580000" startTime="2018-07-18T04:26:45.1723076-04:00" endTime="2018-07-18T04:26:45.1723130-04:00" testType="13cdc9d9-ddb5-4fa4-a97d-d965ccfc6d4b" outcome="Passed" testListId="8c84fa94-04c1-424b-9868-57a2d4851a1d" relativeResultsDirectory="52ef7f59-e479-409d-8924-4b799f59d186" /><UnitTestResult executionId="736eb004-7931-4609-a7e7-5c61cb59bf02" testId="d58fe977-2881-46e0-9fb5-775b1e1333e6" testName="Post_ValidReferencePropertyCreatesModel" computerName="VECTOR" duration="00:00:00.0110000" startTime="2018-07-18T04:26:41.0877999-04:00" endTime="2018-07-18T04:26:41.0878064-04:00" testType="13cdc9d9-ddb5-4fa4-a97d-d965ccfc6d4b" outcome="Passed" testListId="8c84fa94-04c1-424b-9868-57a2d4851a1d" relativeResultsDirectory="736eb004-7931-4609-a7e7-5c61cb59bf02" /><UnitTestResult executionId="adc3268e-fae8-4f63-9292-61b9d34951d3" testId="650ed32f-5e58-4f87-9190-c584f265ab98" testName="PutFile_FileCanBeUpdated" computerName="VECTOR" duration="00:00:00.1230000" startTime="2018-07-18T04:26:40.3234716-04:00" endTime="2018-07-18T04:26:40.3234781-04:00" testType="13cdc9d9-ddb5-4fa4-a97d-d965ccfc6d4b" outcome="Passed" testListId="8c84fa94-04c1-424b-9868-57a2d4851a1d" relativeResultsDirectory="adc3268e-fae8-4f63-9292-61b9d34951d3" /><UnitTestResult executionId="e08504af-2272-4d79-983f-db692971e09f" testId="0202b1c4-e102-4712-9b3f-b6ab009dfc18" testName="Delete_TargetModelIsDeleted" computerName="VECTOR" duration="00:00:00.0130000" startTime="2018-07-18T04:26:40.1055642-04:00" endTime="2018-07-18T04:26:40.1055702-04:00" testType="13cdc9d9-ddb5-4fa4-a97d-d965ccfc6d4b" outcome="Passed" testListId="8c84fa94-04c1-424b-9868-57a2d4851a1d" relativeResultsDirectory="e08504af-2272-4d79-983f-db692971e09f" /><UnitTestResult executionId="75251c7b-277e-46d3-85d1-31e5e124e78b" testId="347a2725-c023-4c7b-bc2f-8728905baeef" testName="Post_InvalidReferencePropertyReturnsBadRequest" computerName="VECTOR" duration="00:00:00.0060000" startTime="2018-07-18T04:26:53.4386816-04:00" endTime="2018-07-18T04:26:53.4386842-04:00" testType="13cdc9d9-ddb5-4fa4-a97d-d965ccfc6d4b" outcome="Passed" testListId="8c84fa94-04c1-424b-9868-57a2d4851a1d" relativeResultsDirectory="75251c7b-277e-46d3-85d1-31e5e124e78b" /><UnitTestResult executionId="a722e2a6-5dfe-4527-b86c-623841c9d93f" testId="082beb65-f2d5-47e3-995a-c24cd90e85f9" testName="Post_ValidReferencePropertyCreatesModel" computerName="VECTOR" duration="00:00:00.0170000" startTime="2018-07-18T04:26:53.5088380-04:00" endTime="2018-07-18T04:26:53.5088434-04:00" testType="13cdc9d9-ddb5-4fa4-a97d-d965ccfc6d4b" outcome="Passed" testListId="8c84fa94-04c1-424b-9868-57a2d4851a1d" relativeResultsDirectory="a722e2a6-5dfe-4527-b86c-623841c9d93f" /><UnitTestResult executionId="ef1f47d6-92fd-4c1b-8ca8-6cc64813fc42" testId="86b3ff88-c6e8-44f7-b6b7-8addc9653d88" testName="Patch_TargetPropertyIsUpdated" computerName="VECTOR" duration="00:00:00.0320000" startTime="2018-07-18T04:26:41.1694673-04:00" endTime="2018-07-18T04:26:41.1694739-04:00" testType="13cdc9d9-ddb5-4fa4-a97d-d965ccfc6d4b" outcome="Passed" testListId="8c84fa94-04c1-424b-9868-57a2d4851a1d" relativeResultsDirectory="ef1f47d6-92fd-4c1b-8ca8-6cc64813fc42" /><UnitTestResult executionId="abe3956c-ffe0-4f41-a741-daeb814587a1" testId="a81230cf-b758-45cb-babf-f0f4d6d410e3" testName="Post_ValidReferencePropertyCreatesModel" computerName="VECTOR" duration="00:00:00.0020000" startTime="2018-07-18T04:26:38.9323169-04:00" endTime="2018-07-18T04:26:38.9323192-04:00" testType="13cdc9d9-ddb5-4fa4-a97d-d965ccfc6d4b" outcome="Passed" testListId="8c84fa94-04c1-424b-9868-57a2d4851a1d" relativeResultsDirectory="abe3956c-ffe0-4f41-a741-daeb814587a1" /><UnitTestResult executionId="b8f81454-a427-4d0b-aa88-fbd178be62e9" testId="f78ef727-5bc8-449d-b1b6-4cc9a7b74c60" testName="PostFile_FileTimeStampIsUpdatedAfterFileIsPosted" computerName="VECTOR" duration="00:00:01.1150000" startTime="2018-07-18T04:26:46.4144810-04:00" endTime="2018-07-18T04:26:46.4144861-04:00" testType="13cdc9d9-ddb5-4fa4-a97d-d965ccfc6d4b" outcome="Passed" testListId="8c84fa94-04c1-424b-9868-57a2d4851a1d" relativeResultsDirectory="b8f81454-a427-4d0b-aa88-fbd178be62e9" /><UnitTestResult executionId="6171ed49-caaa-45be-955d-acfa67b62d10" testId="5b859ae8-4d39-41d3-8ee5-26519160503c" testName="GetSingle_ValidIdPropertyValueReturnsCorrectModel" computerName="VECTOR" duration="00:00:00.0060000" startTime="2018-07-18T04:26:43.2868339-04:00" endTime="2018-07-18T04:26:43.2868385-04:00" testType="13cdc9d9-ddb5-4fa4-a97d-d965ccfc6d4b" outcome="Passed" testListId="8c84fa94-04c1-424b-9868-57a2d4851a1d" relativeResultsDirectory="6171ed49-caaa-45be-955d-acfa67b62d10" /><UnitTestResult executionId="cbaaa735-4f0b-4b2e-a26e-cf34cc8962b1" testId="65e2bcd9-45dd-4981-ac2c-c234edd6b875" testName="Put_InvalidReferencePropertyReturndBadRequest" computerName="VECTOR" duration="00:00:00.0020000" startTime="2018-07-18T04:26:39.4028417-04:00" endTime="2018-07-18T04:26:39.4028445-04:00" testType="13cdc9d9-ddb5-4fa4-a97d-d965ccfc6d4b" outcome="Passed" testListId="8c84fa94-04c1-424b-9868-57a2d4851a1d" relativeResultsDirectory="cbaaa735-4f0b-4b2e-a26e-cf34cc8962b1" /><UnitTestResult executionId="e5e3fd31-1a09-4e67-a00c-63e976f93b62" testId="02f3d7a4-6d3c-4844-b99b-e8111ffb671b" testName="Delete_TargetModelIsDeleted" computerName="VECTOR" duration="00:00:00.0130000" startTime="2018-07-18T04:26:53.3942163-04:00" endTime="2018-07-18T04:26:53.3942217-04:00" testType="13cdc9d9-ddb5-4fa4-a97d-d965ccfc6d4b" outcome="Passed" testListId="8c84fa94-04c1-424b-9868-57a2d4851a1d" relativeResultsDirectory="e5e3fd31-1a09-4e67-a00c-63e976f93b62" /><UnitTestResult executionId="351bcf78-b00a-4553-b2af-c98800678e77" testId="9673706e-3eed-42f8-bb8c-a28372d0fbaf" testName="GetFile_FileCanBeRoundTripped" computerName="VECTOR" duration="00:00:00.0770000" startTime="2018-07-18T04:26:53.3565466-04:00" endTime="2018-07-18T04:26:53.3565526-04:00" testType="13cdc9d9-ddb5-4fa4-a97d-d965ccfc6d4b" outcome="Passed" testListId="8c84fa94-04c1-424b-9868-57a2d4851a1d" relativeResultsDirectory="351bcf78-b00a-4553-b2af-c98800678e77" /><UnitTestResult executionId="519d6389-0d45-4ab4-8079-4ab5ec2f4f18" testId="58ae7bd5-df3c-4ba3-adb1-1908e3d9030b" testName="DepthBufferHasExpectedDependentFiles" computerName="VECTOR" duration="00:00:00.0010000" startTime="2018-07-18T04:26:38.4541501-04:00" endTime="2018-07-18T04:26:38.4541512-04:00" testType="13cdc9d9-ddb5-4fa4-a97d-d965ccfc6d4b" outcome="Passed" testListId="8c84fa94-04c1-424b-9868-57a2d4851a1d" relativeResultsDirectory="519d6389-0d45-4ab4-8079-4ab5ec2f4f18" /><UnitTestResult executionId="4b7b94bf-307d-4c96-bf83-954f9f4f8ef4" testId="e0cf6d18-9d6e-4138-b9f6-e4f1a56da3c5" testName="GetSingle_ValidIdPropertyValueReturnsCorrectModel" computerName="VECTOR" duration="00:00:00.0050000" startTime="2018-07-18T04:26:51.3265281-04:00" endTime="2018-07-18T04:26:51.3265324-04:00" testType="13cdc9d9-ddb5-4fa4-a97d-d965ccfc6d4b" outcome="Passed" testListId="8c84fa94-04c1-424b-9868-57a2d4851a1d" relativeResultsDirectory="4b7b94bf-307d-4c96-bf83-954f9f4f8ef4" /><UnitTestResult executionId="63256cd8-d51f-44b1-83b2-3a3c0518e473" testId="0f857424-f12b-432f-8bb1-7334a9a71a2a" testName="GetSingle_InvalidIdPropertyValueReturnsNotFound" computerName="VECTOR" duration="00:00:00.0030000" startTime="2018-07-18T04:26:51.3747174-04:00" endTime="2018-07-18T04:26:51.3747208-04:00" testType="13cdc9d9-ddb5-4fa4-a97d-d965ccfc6d4b" outcome="Passed" testListId="8c84fa94-04c1-424b-9868-57a2d4851a1d" relativeResultsDirectory="63256cd8-d51f-44b1-83b2-3a3c0518e473" /><UnitTestResult executionId="e077442a-ca5a-4d15-9a2f-8d98bb58ba5c" testId="24d1ec2f-b9a1-44b6-b083-90585745f369" testName="GetList_ListReturnsCorrectCount" computerName="VECTOR" duration="00:00:00.0680000" startTime="2018-07-18T04:26:39.3989332-04:00" endTime="2018-07-18T04:26:39.3989397-04:00" testType="13cdc9d9-ddb5-4fa4-a97d-d965ccfc6d4b" outcome="Passed" testListId="8c84fa94-04c1-424b-9868-57a2d4851a1d" relativeResultsDirectory="e077442a-ca5a-4d15-9a2f-8d98bb58ba5c" /><UnitTestResult executionId="583d2a38-3cc2-4d6f-a66b-d4529c6cbed4" testId="3d8c70fb-8ac8-49f6-8ec5-624431196d4d" testName="PostFile_NewFileCanBePosted" computerName="VECTOR" duration="00:00:00.0570000" startTime="2018-07-18T04:26:46.4714317-04:00" endTime="2018-07-18T04:26:46.4714354-04:00" testType="13cdc9d9-ddb5-4fa4-a97d-d965ccfc6d4b" outcome="Passed" testListId="8c84fa94-04c1-424b-9868-57a2d4851a1d" relativeResultsDirectory="583d2a38-3cc2-4d6f-a66b-d4529c6cbed4" /><UnitTestResult executionId="05773760-058b-4b9f-8676-7216a1838e96" testId="87737eda-aacc-462e-989e-e452c85dcaf1" testName="FileRequest_MeshGenerateSetsFileIsSynchronized" computerName="VECTOR" duration="00:00:02.1310000" startTime="2018-07-18T04:26:48.6026609-04:00" endTime="2018-07-18T04:26:48.6026671-04:00" testType="13cdc9d9-ddb5-4fa4-a97d-d965ccfc6d4b" outcome="Passed" testListId="8c84fa94-04c1-424b-9868-57a2d4851a1d" relativeResultsDirectory="05773760-058b-4b9f-8676-7216a1838e96" /><UnitTestResult executionId="874857a0-c533-486e-8a9f-3b3e517541da" testId="92b95b80-9216-4d0b-85b5-27b9cb7165bc" testName="Post_CanCreateNewModel" computerName="VECTOR" duration="00:00:00.0120000" startTime="2018-07-18T04:26:40.9577507-04:00" endTime="2018-07-18T04:26:40.9577561-04:00" testType="13cdc9d9-ddb5-4fa4-a97d-d965ccfc6d4b" outcome="Passed" testListId="8c84fa94-04c1-424b-9868-57a2d4851a1d" relativeResultsDirectory="874857a0-c533-486e-8a9f-3b3e517541da" /><UnitTestResult executionId="ccc60c48-be8d-4fe5-bae6-7f3d63bd405e" testId="0df8938c-bc9b-42c9-a62f-880c28e03fa4" testName="Post_ValidReferencePropertyCreatesModel" computerName="VECTOR" duration="00:00:00.0130000" startTime="2018-07-18T04:26:51.3883267-04:00" endTime="2018-07-18T04:26:51.3883327-04:00" testType="13cdc9d9-ddb5-4fa4-a97d-d965ccfc6d4b" outcome="Passed" testListId="8c84fa94-04c1-424b-9868-57a2d4851a1d" relativeResultsDirectory="ccc60c48-be8d-4fe5-bae6-7f3d63bd405e" /><UnitTestResult executionId="ebc4dfdb-25d4-488e-a232-ed8b6c7177e6" testId="2c24e394-f425-4be0-99b3-13856853dd69" testName="Patch_InvalidPropertyNameReturnsBadRequest" computerName="VECTOR" duration="00:00:00.0180000" startTime="2018-07-18T04:26:40.8227668-04:00" endTime="2018-07-18T04:26:40.8227725-04:00" testType="13cdc9d9-ddb5-4fa4-a97d-d965ccfc6d4b" outcome="Passed" testListId="8c84fa94-04c1-424b-9868-57a2d4851a1d" relativeResultsDirectory="ebc4dfdb-25d4-488e-a232-ed8b6c7177e6" /><UnitTestResult executionId="abe0b177-7366-47dc-9152-db8ae1c953be" testId="539a7295-8046-4822-84ec-1dded904940c" testName="GetSingle_InvalidIdPropertyValueReturnsNotFound" computerName="VECTOR" duration="00:00:00.0030000" startTime="2018-07-18T04:26:43.2335049-04:00" endTime="2018-07-18T04:26:43.2335075-04:00" testType="13cdc9d9-ddb5-4fa4-a97d-d965ccfc6d4b" outcome="Passed" testListId="8c84fa94-04c1-424b-9868-57a2d4851a1d" relativeResultsDirectory="abe0b177-7366-47dc-9152-db8ae1c953be" /><UnitTestResult executionId="68bfdc02-2a29-429a-a111-34717152b31c" testId="c33154ca-ad28-4293-857b-252d1c97fbda" testName="Put_CanUpdateModel" computerName="VECTOR" duration="00:00:00.0310000" startTime="2018-07-18T04:26:41.2007147-04:00" endTime="2018-07-18T04:26:41.2007204-04:00" testType="13cdc9d9-ddb5-4fa4-a97d-d965ccfc6d4b" outcome="Passed" testListId="8c84fa94-04c1-424b-9868-57a2d4851a1d" relativeResultsDirectory="68bfdc02-2a29-429a-a111-34717152b31c" /><UnitTestResult executionId="bfc8049e-f45f-44ce-aefb-a6d6ceeb74af" testId="a4a0e463-55d1-49d6-9323-2d68aca0d619" testName="PostFile_NewFileCanBePosted" computerName="VECTOR" duration="00:00:00.0450000" startTime="2018-07-18T04:26:40.6122991-04:00" endTime="2018-07-18T04:26:40.6123025-04:00" testType="13cdc9d9-ddb5-4fa4-a97d-d965ccfc6d4b" outcome="Passed" testListId="8c84fa94-04c1-424b-9868-57a2d4851a1d" relativeResultsDirectory="bfc8049e-f45f-44ce-aefb-a6d6ceeb74af" /><UnitTestResult executionId="fdf9e921-276e-423c-9de2-5c3c4db7b8ac" testId="4132ceb1-d421-4e43-aa90-c141473a9192" testName="Patch_InvalidPropertyNameReturnsBadRequest" computerName="VECTOR" duration="00:00:00.0040000" startTime="2018-07-18T04:26:53.5358261-04:00" endTime="2018-07-18T04:26:53.5358309-04:00" testType="13cdc9d9-ddb5-4fa4-a97d-d965ccfc6d4b" outcome="Passed" testListId="8c84fa94-04c1-424b-9868-57a2d4851a1d" relativeResultsDirectory="fdf9e921-276e-423c-9de2-5c3c4db7b8ac" /><UnitTestResult executionId="cb9cd6bc-08e9-4940-b1b9-541e42711604" testId="b4ed8a1f-0bb1-4f3e-bc83-1da015593a64" testName="Put_ValidReferencePropertyUpdatesModel" computerName="VECTOR" duration="00:00:00.0410000" startTime="2018-07-18T04:26:53.6302297-04:00" endTime="2018-07-18T04:26:53.6302371-04:00" testType="13cdc9d9-ddb5-4fa4-a97d-d965ccfc6d4b" outcome="Passed" testListId="8c84fa94-04c1-424b-9868-57a2d4851a1d" relativeResultsDirectory="cb9cd6bc-08e9-4940-b1b9-541e42711604" /><UnitTestResult executionId="d9d28f0a-71cb-40f7-a1ac-98efe3de5e6d" testId="7390936e-6c64-463c-8104-a4c2ccd178ef" testName="Put_InvalidReferencePropertyReturndBadRequest" computerName="VECTOR" duration="00:00:00.0160000" startTime="2018-07-18T04:26:40.1215041-04:00" endTime="2018-07-18T04:26:40.1215103-04:00" testType="13cdc9d9-ddb5-4fa4-a97d-d965ccfc6d4b" outcome="Passed" testListId="8c84fa94-04c1-424b-9868-57a2d4851a1d" relativeResultsDirectory="d9d28f0a-71cb-40f7-a1ac-98efe3de5e6d" /><UnitTestResult executionId="cab383ec-2274-4b03-97c5-ba10272a74d6" testId="60831fff-0c55-4f17-a13a-4fb6e5e8c43b" testName="Patch_InvalidPropertyNameReturnsBadRequest" computerName="VECTOR" duration="00:00:00.4670000" startTime="2018-07-18T04:26:38.9304586-04:00" endTime="2018-07-18T04:26:38.9304651-04:00" testType="13cdc9d9-ddb5-4fa4-a97d-d965ccfc6d4b" outcome="Passed" testListId="8c84fa94-04c1-424b-9868-57a2d4851a1d" relativeResultsDirectory="cab383ec-2274-4b03-97c5-ba10272a74d6" /><UnitTestResult executionId="84d832c5-59dd-461b-8b69-b2865b1071dc" testId="4985a0b3-251c-4f46-b590-87d0ce41af95" testName="GetFile_ExistingFileReturnsSuccess" computerName="VECTOR" duration="00:00:00.0160000" startTime="2018-07-18T04:26:45.2987674-04:00" endTime="2018-07-18T04:26:45.2987747-04:00" testType="13cdc9d9-ddb5-4fa4-a97d-d965ccfc6d4b" outcome="Passed" testListId="8c84fa94-04c1-424b-9868-57a2d4851a1d" relativeResultsDirectory="84d832c5-59dd-461b-8b69-b2865b1071dc" /><UnitTestResult executionId="439af969-bfbf-45d0-b7ec-0e021d87a33a" testId="86c534fe-08d9-4500-acfc-cd7df5c79a42" testName="Post_InvalidReferencePropertyReturnsBadRequest" computerName="VECTOR" duration="00:00:00.0040000" startTime="2018-07-18T04:26:41.2128924-04:00" endTime="2018-07-18T04:26:41.2128975-04:00" testType="13cdc9d9-ddb5-4fa4-a97d-d965ccfc6d4b" outcome="Passed" testListId="8c84fa94-04c1-424b-9868-57a2d4851a1d" relativeResultsDirectory="439af969-bfbf-45d0-b7ec-0e021d87a33a" /><UnitTestResult executionId="4d48bb68-2614-452c-9ea2-5356d7de4b5c" testId="394a2407-7cc5-4d6b-97d0-1c53a21254d0" testName="PostFile_NewFileCanBePosted" computerName="VECTOR" duration="00:00:00.0570000" startTime="2018-07-18T04:26:53.2789608-04:00" endTime="2018-07-18T04:26:53.2789648-04:00" testType="13cdc9d9-ddb5-4fa4-a97d-d965ccfc6d4b" outcome="Passed" testListId="8c84fa94-04c1-424b-9868-57a2d4851a1d" relativeResultsDirectory="4d48bb68-2614-452c-9ea2-5356d7de4b5c" /><UnitTestResult executionId="96ace2bc-737e-444c-9b7c-886b5f0345aa" testId="6ebf1678-f885-4be6-8c16-570207884c93" testName="GetSingle_InvalidIdPropertyValueReturnsNotFound" computerName="VECTOR" duration="00:00:00.0050000" startTime="2018-07-18T04:26:39.3013657-04:00" endTime="2018-07-18T04:26:39.3013697-04:00" testType="13cdc9d9-ddb5-4fa4-a97d-d965ccfc6d4b" outcome="Passed" testListId="8c84fa94-04c1-424b-9868-57a2d4851a1d" relativeResultsDirectory="96ace2bc-737e-444c-9b7c-886b5f0345aa" /><UnitTestResult executionId="ef761d09-62ad-4116-9c8c-fa81e66a5ceb" testId="97f7fca2-b604-4a48-91bc-19f3a670548e" testName="Put_InvalidReferencePropertyReturndBadRequest" computerName="VECTOR" duration="00:00:00.0110000" startTime="2018-07-18T04:26:53.4913549-04:00" endTime="2018-07-18T04:26:53.4913589-04:00" testType="13cdc9d9-ddb5-4fa4-a97d-d965ccfc6d4b" outcome="Passed" testListId="8c84fa94-04c1-424b-9868-57a2d4851a1d" relativeResultsDirectory="ef761d09-62ad-4116-9c8c-fa81e66a5ceb" /><UnitTestResult executionId="172cfe5d-9b2c-4610-92aa-212a088ce1cc" testId="c83b9ffe-0290-4e41-99fa-c7060f48236b" testName="Patch_InvalidEnumPropertyValueReturnsBadRequest" computerName="VECTOR" duration="00:00:00.0040000" startTime="2018-07-18T04:26:43.1652153-04:00" endTime="2018-07-18T04:26:43.1652182-04:00" testType="13cdc9d9-ddb5-4fa4-a97d-d965ccfc6d4b" outcome="Passed" testListId="8c84fa94-04c1-424b-9868-57a2d4851a1d" relativeResultsDirectory="172cfe5d-9b2c-4610-92aa-212a088ce1cc" /><UnitTestResult executionId="300aa658-f3af-4a2e-a4a3-b25758d5fbba" testId="815b9a0d-d44f-4324-b294-4decf58e2eaa" testName="PutFile_FileCanBeUpdated" computerName="VECTOR" duration="00:00:00.1120000" startTime="2018-07-18T04:26:52.7165323-04:00" endTime="2018-07-18T04:26:52.7165377-04:00" testType="13cdc9d9-ddb5-4fa4-a97d-d965ccfc6d4b" outcome="Passed" testListId="8c84fa94-04c1-424b-9868-57a2d4851a1d" relativeResultsDirectory="300aa658-f3af-4a2e-a4a3-b25758d5fbba" /><UnitTestResult executionId="0d76a5dd-c6b8-4652-99f3-84e22c8826ca" testId="88c845b6-01fe-451e-9e6d-3932555198d8" testName="PutFile_NewFileCanBePut" computerName="VECTOR" duration="00:00:00.0770000" startTime="2018-07-18T04:26:40.2005101-04:00" endTime="2018-07-18T04:26:40.2005149-04:00" testType="13cdc9d9-ddb5-4fa4-a97d-d965ccfc6d4b" outcome="Passed" testListId="8c84fa94-04c1-424b-9868-57a2d4851a1d" relativeResultsDirectory="0d76a5dd-c6b8-4652-99f3-84e22c8826ca" /><UnitTestResult executionId="7e596d9c-bb9b-4c16-ae96-59ae89a7832c" testId="80af2398-6d9e-4505-ae9b-f6f18a93d0ee" testName="Patch_TargetPropertyIsUpdated" computerName="VECTOR" duration="00:00:00.0620000" startTime="2018-07-18T04:26:39.2475622-04:00" endTime="2018-07-18T04:26:39.2475690-04:00" testType="13cdc9d9-ddb5-4fa4-a97d-d965ccfc6d4b" outcome="Passed" testListId="8c84fa94-04c1-424b-9868-57a2d4851a1d" relativeResultsDirectory="7e596d9c-bb9b-4c16-ae96-59ae89a7832c" /><UnitTestResult executionId="d4a1ad22-02c2-4448-a415-12ca8f46c41e" testId="2129aedb-8415-41b8-9ceb-e4fef7bed6d5" testName="GetList_ListReturnsCorrectCount" computerName="VECTOR" duration="00:00:00.0410000" startTime="2018-07-18T04:26:41.0077700-04:00" endTime="2018-07-18T04:26:41.0077760-04:00" testType="13cdc9d9-ddb5-4fa4-a97d-d965ccfc6d4b" outcome="Passed" testListId="8c84fa94-04c1-424b-9868-57a2d4851a1d" relativeResultsDirectory="d4a1ad22-02c2-4448-a415-12ca8f46c41e" /><UnitTestResult executionId="8ae3f34f-e2ab-40bd-9fc1-9d2cb852971d" testId="2f1c66f1-dd66-4765-82b9-3f013c54dbcc" testName="Patch_ValidReferencePropertyUpdatesModel" computerName="VECTOR" duration="00:00:00.0320000" startTime="2018-07-18T04:26:51.3710268-04:00" endTime="2018-07-18T04:26:51.3710331-04:00" testType="13cdc9d9-ddb5-4fa4-a97d-d965ccfc6d4b" outcome="Passed" testListId="8c84fa94-04c1-424b-9868-57a2d4851a1d" relativeResultsDirectory="8ae3f34f-e2ab-40bd-9fc1-9d2cb852971d" /><UnitTestResult executionId="1b6afe18-cef5-4faa-8158-384b02c9c42d" testId="ed219050-6de3-45d2-8f26-19d0fe3017b3" testName="LucyModel3dHasTwoDependents" computerName="VECTOR" duration="00:00:01.2850000" startTime="2018-07-18T04:26:38.4414368-04:00" endTime="2018-07-18T04:26:38.4414428-04:00" testType="13cdc9d9-ddb5-4fa4-a97d-d965ccfc6d4b" outcome="Passed" testListId="8c84fa94-04c1-424b-9868-57a2d4851a1d" relativeResultsDirectory="1b6afe18-cef5-4faa-8158-384b02c9c42d" /><UnitTestResult executionId="4ac6faa3-78c9-42db-9a7b-66f7f52c60be" testId="b8c69bb5-f6b6-4b74-aef1-d38dfd96b369" testName="Post_CanCreateNewModel" computerName="VECTOR" duration="00:00:00.0100000" startTime="2018-07-18T04:26:43.2101949-04:00" endTime="2018-07-18T04:26:43.2102000-04:00" testType="13cdc9d9-ddb5-4fa4-a97d-d965ccfc6d4b" outcome="Passed" testListId="8c84fa94-04c1-424b-9868-57a2d4851a1d" relativeResultsDirectory="4ac6faa3-78c9-42db-9a7b-66f7f52c60be" /><UnitTestResult executionId="fcc551e8-40fe-4775-ab87-4c9033027250" testId="502eb76b-7e55-4181-b2f0-46f18eccfca7" testName="Patch_InvalidIdPropertyReturnsNotFound" computerName="VECTOR" duration="00:00:00.0040000" startTime="2018-07-18T04:26:53.5311022-04:00" endTime="2018-07-18T04:26:53.5311050-04:00" testType="13cdc9d9-ddb5-4fa4-a97d-d965ccfc6d4b" outcome="Passed" testListId="8c84fa94-04c1-424b-9868-57a2d4851a1d" relativeResultsDirectory="fcc551e8-40fe-4775-ab87-4c9033027250" /><UnitTestResult executionId="68518a57-e1d5-493f-91bf-369711c75228" testId="0fcae455-4944-47c7-b18b-6312f7dc94a1" testName="Patch_InvalidIdPropertyReturnsNotFound" computerName="VECTOR" duration="00:00:00.0040000" startTime="2018-07-18T04:26:41.1032533-04:00" endTime="2018-07-18T04:26:41.1032582-04:00" testType="13cdc9d9-ddb5-4fa4-a97d-d965ccfc6d4b" outcome="Passed" testListId="8c84fa94-04c1-424b-9868-57a2d4851a1d" relativeResultsDirectory="68518a57-e1d5-493f-91bf-369711c75228" /><UnitTestResult executionId="d36bef3f-16ba-4b9a-9c30-30227a737c58" testId="9908e7a9-aac3-46f4-8677-47d9fd15dab5" testName="Patch_MultipleInvalidReferencePropertiesReturnsMultipleValidationErrorsAndBadRequest" computerName="VECTOR" duration="00:00:00.0150000" startTime="2018-07-18T04:26:43.2538906-04:00" endTime="2018-07-18T04:26:43.2538960-04:00" testType="13cdc9d9-ddb5-4fa4-a97d-d965ccfc6d4b" outcome="Passed" testListId="8c84fa94-04c1-424b-9868-57a2d4851a1d" relativeResultsDirectory="d36bef3f-16ba-4b9a-9c30-30227a737c58" /><UnitTestResult executionId="998d2076-b16b-4511-8e31-cfd2f18a4e11" testId="a1f75e86-e295-4fc3-95c7-b75bc5d9ebd9" testName="CameraHasExpectedDependentFiles" computerName="VECTOR" duration="00:00:00.0010000" startTime="2018-07-18T04:26:38.4495698-04:00" endTime="2018-07-18T04:26:38.4495709-04:00" testType="13cdc9d9-ddb5-4fa4-a97d-d965ccfc6d4b" outcome="Passed" testListId="8c84fa94-04c1-424b-9868-57a2d4851a1d" relativeResultsDirectory="998d2076-b16b-4511-8e31-cfd2f18a4e11" /><UnitTestResult executionId="2a83bcab-58d2-4523-9ce7-abf24ff92ddc" testId="3359d348-856e-4f8e-a5df-93e79410c8d4" testName="Post_InvalidPropertyValueReturnsBadRequest" computerName="VECTOR" duration="00:00:00.0020000" startTime="2018-07-18T04:26:41.0761771-04:00" endTime="2018-07-18T04:26:41.0761797-04:00" testType="13cdc9d9-ddb5-4fa4-a97d-d965ccfc6d4b" outcome="Passed" testListId="8c84fa94-04c1-424b-9868-57a2d4851a1d" relativeResultsDirectory="2a83bcab-58d2-4523-9ce7-abf24ff92ddc" /><UnitTestResult executionId="926fea29-605c-4726-9cae-1250bb4f9919" testId="19b7584c-f3d3-4ded-9878-dd1e7f36a61a" testName="Post_InvalidReferencePropertyReturnsBadRequest" computerName="VECTOR" duration="00:00:00.0050000" startTime="2018-07-18T04:26:51.3213415-04:00" endTime="2018-07-18T04:26:51.3213446-04:00" testType="13cdc9d9-ddb5-4fa4-a97d-d965ccfc6d4b" outcome="Passed" testListId="8c84fa94-04c1-424b-9868-57a2d4851a1d" relativeResultsDirectory="926fea29-605c-4726-9cae-1250bb4f9919" /><UnitTestResult executionId="1e60ec9a-3604-4c3f-8750-1cfda8150fc4" testId="4f3a0720-a33c-46b1-a8bc-fc49eb603528" testName="GetSingle_InvalidIdPropertyValueReturnsNotFound" computerName="VECTOR" duration="00:00:00.0040000" startTime="2018-07-18T04:26:53.4326319-04:00" endTime="2018-07-18T04:26:53.4326362-04:00" testType="13cdc9d9-ddb5-4fa4-a97d-d965ccfc6d4b" outcome="Passed" testListId="8c84fa94-04c1-424b-9868-57a2d4851a1d" relativeResultsDirectory="1e60ec9a-3604-4c3f-8750-1cfda8150fc4" /><UnitTestResult executionId="adcfbc79-cf7d-4667-910e-a59a50dc1768" testId="be0619f6-8560-4e65-99b9-ad11fbe70206" testName="Put_InvalidReferencePropertyReturndBadRequest" computerName="VECTOR" duration="00:00:00.0110000" startTime="2018-07-18T04:26:41.0990832-04:00" endTime="2018-07-18T04:26:41.0990875-04:00" testType="13cdc9d9-ddb5-4fa4-a97d-d965ccfc6d4b" outcome="Passed" testListId="8c84fa94-04c1-424b-9868-57a2d4851a1d" relativeResultsDirectory="adcfbc79-cf7d-4667-910e-a59a50dc1768" /><UnitTestResult executionId="69642b0d-74c7-4ec5-8eac-4203fe5dfcd2" testId="f4383363-0446-4f8b-9899-029fed96b232" testName="Patch_InvalidReferencePropertyReturnsBadRequest" computerName="VECTOR" duration="00:00:00.0120000" startTime="2018-07-18T04:26:40.0919766-04:00" endTime="2018-07-18T04:26:40.0919826-04:00" testType="13cdc9d9-ddb5-4fa4-a97d-d965ccfc6d4b" outcome="Passed" testListId="8c84fa94-04c1-424b-9868-57a2d4851a1d" relativeResultsDirectory="69642b0d-74c7-4ec5-8eac-4203fe5dfcd2" /><UnitTestResult executionId="d4051968-c0a3-42b0-970b-4d0e0e918a6f" testId="6ddf34d2-054f-4f99-9a67-236b43b058b1" testName="Post_InvalidReferencePropertyReturnsBadRequest" computerName="VECTOR" duration="00:00:00.0640000" startTime="2018-07-18T04:26:39.4827031-04:00" endTime="2018-07-18T04:26:39.4827088-04:00" testType="13cdc9d9-ddb5-4fa4-a97d-d965ccfc6d4b" outcome="Passed" testListId="8c84fa94-04c1-424b-9868-57a2d4851a1d" relativeResultsDirectory="d4051968-c0a3-42b0-970b-4d0e0e918a6f" /><UnitTestResult executionId="e726924b-1a6f-4806-b412-49f786626e65" testId="16716f0e-04f5-4090-898a-aa0154fb6dea" testName="MeshTransformHasExpectedDependentFiles" computerName="VECTOR" duration="00:00:00.0010000" startTime="2018-07-18T04:26:38.4497941-04:00" endTime="2018-07-18T04:26:38.4497952-04:00" testType="13cdc9d9-ddb5-4fa4-a97d-d965ccfc6d4b" outcome="Passed" testListId="8c84fa94-04c1-424b-9868-57a2d4851a1d" relativeResultsDirectory="e726924b-1a6f-4806-b412-49f786626e65" /><UnitTestResult executionId="efe2d46a-a36a-4169-9467-b2b79e65a51e" testId="1e4d36d4-1dcb-4fce-b077-fe8ac7d8e45c" testName="Delete_TargetModelIsDeleted" computerName="VECTOR" duration="00:00:00.0160000" startTime="2018-07-18T04:26:51.1145858-04:00" endTime="2018-07-18T04:26:51.1145918-04:00" testType="13cdc9d9-ddb5-4fa4-a97d-d965ccfc6d4b" outcome="Passed" testListId="8c84fa94-04c1-424b-9868-57a2d4851a1d" relativeResultsDirectory="efe2d46a-a36a-4169-9467-b2b79e65a51e" /><UnitTestResult executionId="b519a91c-2296-49ec-a93f-b60a72eca4df" testId="df6776f3-b35c-4f2b-81f5-62273f13425b" testName="Put_InvalidIdReturnsNotFound" computerName="VECTOR" duration="00:00:00.0260000" startTime="2018-07-18T04:26:39.2886727-04:00" endTime="2018-07-18T04:26:39.2886784-04:00" testType="13cdc9d9-ddb5-4fa4-a97d-d965ccfc6d4b" outcome="Passed" testListId="8c84fa94-04c1-424b-9868-57a2d4851a1d" relativeResultsDirectory="b519a91c-2296-49ec-a93f-b60a72eca4df" /><UnitTestResult executionId="63785779-c054-4a3d-96f9-27bccfd76faf" testId="e121f5b5-fdb9-4cbd-b550-fc03f0cb9672" testName="PostFile_FileTimeStampIsUpdatedAfterFileIsPosted" computerName="VECTOR" duration="00:00:01.1680000" startTime="2018-07-18T04:26:52.6041963-04:00" endTime="2018-07-18T04:26:52.6041999-04:00" testType="13cdc9d9-ddb5-4fa4-a97d-d965ccfc6d4b" outcome="Passed" testListId="8c84fa94-04c1-424b-9868-57a2d4851a1d" relativeResultsDirectory="63785779-c054-4a3d-96f9-27bccfd76faf" /><UnitTestResult executionId="3f55b5f2-25d4-436d-a341-985f6b086da4" testId="77002393-e958-4be8-b23d-1f4a8f59610e" testName="GetList_ListReturnsCorrectCount" computerName="VECTOR" duration="00:00:00.4340000" startTime="2018-07-18T04:26:41.6481854-04:00" endTime="2018-07-18T04:26:41.6481916-04:00" testType="13cdc9d9-ddb5-4fa4-a97d-d965ccfc6d4b" outcome="Passed" testListId="8c84fa94-04c1-424b-9868-57a2d4851a1d" relativeResultsDirectory="3f55b5f2-25d4-436d-a341-985f6b086da4" /><UnitTestResult executionId="0c2b5ee7-418c-487b-9d11-bc488dcd4a75" testId="2340c363-8a93-4805-b799-443c170380ea" testName="GetSingle_ValidIdPropertyValueReturnsCorrectModel" computerName="VECTOR" duration="00:00:00.0050000" startTime="2018-07-18T04:26:39.2944148-04:00" endTime="2018-07-18T04:26:39.2944182-04:00" testType="13cdc9d9-ddb5-4fa4-a97d-d965ccfc6d4b" outcome="Passed" testListId="8c84fa94-04c1-424b-9868-57a2d4851a1d" relativeResultsDirectory="0c2b5ee7-418c-487b-9d11-bc488dcd4a75" /><UnitTestResult executionId="d7175f51-05f2-4755-9add-c640f22666fd" testId="3cbee9c9-2ead-4bbd-b72a-f49df50349b8" testName="Put_ValidReferencePropertyUpdatesModel" computerName="VECTOR" duration="00:00:00.0650000" startTime="2018-07-18T04:26:41.0735205-04:00" endTime="2018-07-18T04:26:41.0735268-04:00" testType="13cdc9d9-ddb5-4fa4-a97d-d965ccfc6d4b" outcome="Passed" testListId="8c84fa94-04c1-424b-9868-57a2d4851a1d" relativeResultsDirectory="d7175f51-05f2-4755-9add-c640f22666fd" /><UnitTestResult executionId="e49f8b12-d7a3-4def-8922-18ec27450751" testId="23ba0350-cadd-4186-a959-8f15dbe9ca00" testName="Put_ValidReferencePropertyUpdatesModel" computerName="VECTOR" duration="00:00:00.0020000" startTime="2018-07-18T04:26:39.2499405-04:00" endTime="2018-07-18T04:26:39.2499430-04:00" testType="13cdc9d9-ddb5-4fa4-a97d-d965ccfc6d4b" outcome="Passed" testListId="8c84fa94-04c1-424b-9868-57a2d4851a1d" relativeResultsDirectory="e49f8b12-d7a3-4def-8922-18ec27450751" /><UnitTestResult executionId="3c6d016d-8640-4381-ad77-6506ff57ba8a" testId="c78836f9-5c84-4da3-968f-c33ca54f5cab" testName="Put_ValidReferencePropertyUpdatesModel" computerName="VECTOR" duration="00:00:00.0360000" startTime="2018-07-18T04:26:43.1610373-04:00" endTime="2018-07-18T04:26:43.1610436-04:00" testType="13cdc9d9-ddb5-4fa4-a97d-d965ccfc6d4b" outcome="Passed" testListId="8c84fa94-04c1-424b-9868-57a2d4851a1d" relativeResultsDirectory="3c6d016d-8640-4381-ad77-6506ff57ba8a" /><UnitTestResult executionId="18f06dc8-1334-418d-84a3-1af6869995f1" testId="7bb0a344-83f5-48d5-b5ed-1157bfc8eb14" testName="Patch_TargetPropertyIsUpdated" computerName="VECTOR" duration="00:00:00.2700000" startTime="2018-07-18T04:26:39.7526556-04:00" endTime="2018-07-18T04:26:39.7526622-04:00" testType="13cdc9d9-ddb5-4fa4-a97d-d965ccfc6d4b" outcome="Passed" testListId="8c84fa94-04c1-424b-9868-57a2d4851a1d" relativeResultsDirectory="18f06dc8-1334-418d-84a3-1af6869995f1" /><UnitTestResult executionId="96fa5efb-6443-44c3-8170-d88e84fd5751" testId="903f3297-8399-4b17-871d-9e35ed071da2" testName="Post_ValidReferencePropertyCreatesModel" computerName="VECTOR" duration="00:00:00.0120000" startTime="2018-07-18T04:26:43.2659494-04:00" endTime="2018-07-18T04:26:43.2659553-04:00" testType="13cdc9d9-ddb5-4fa4-a97d-d965ccfc6d4b" outcome="Passed" testListId="8c84fa94-04c1-424b-9868-57a2d4851a1d" relativeResultsDirectory="96fa5efb-6443-44c3-8170-d88e84fd5751" /><UnitTestResult executionId="518851de-4d96-4661-84ea-5f2810173890" testId="cc08e5bf-ad53-4114-8d66-0a0f0bd230ee" testName="Patch_InvalidEnumPropertyValueReturnsBadRequest" computerName="VECTOR" duration="00:00:00.0010000" startTime="2018-07-18T04:26:53.4282014-04:00" endTime="2018-07-18T04:26:53.4282040-04:00" testType="13cdc9d9-ddb5-4fa4-a97d-d965ccfc6d4b" outcome="Passed" testListId="8c84fa94-04c1-424b-9868-57a2d4851a1d" relativeResultsDirectory="518851de-4d96-4661-84ea-5f2810173890" /><UnitTestResult executionId="8fe7dd76-a3d8-433a-92e7-9d076270c3f9" testId="a2d01e52-2f31-481a-997e-36adb27ec4fc" testName="FileRequest_DepthBufferIsInvalidatedAfterCameraDependencyPropertyChange" computerName="VECTOR" duration="00:00:00.2730000" startTime="2018-07-18T04:26:53.0729682-04:00" endTime="2018-07-18T04:26:53.0729742-04:00" testType="13cdc9d9-ddb5-4fa4-a97d-d965ccfc6d4b" outcome="Passed" testListId="8c84fa94-04c1-424b-9868-57a2d4851a1d" relativeResultsDirectory="8fe7dd76-a3d8-433a-92e7-9d076270c3f9" /><UnitTestResult executionId="f2ff9ba4-82a2-464e-ae13-daf107659358" testId="0c78674c-39f8-4e50-a9c9-8d6327da71d2" testName="Patch_ValidReferencePropertyUpdatesModel" computerName="VECTOR" duration="00:00:00.0340000" startTime="2018-07-18T04:26:41.1375642-04:00" endTime="2018-07-18T04:26:41.1375727-04:00" testType="13cdc9d9-ddb5-4fa4-a97d-d965ccfc6d4b" outcome="Passed" testListId="8c84fa94-04c1-424b-9868-57a2d4851a1d" relativeResultsDirectory="f2ff9ba4-82a2-464e-ae13-daf107659358" /><UnitTestResult executionId="687d1de2-60e4-4dc4-8661-5af97cc9b703" testId="18a03708-2c01-44b8-8386-1fd4378598f2" testName="Patch_MultipleInvalidReferencePropertiesReturnsMultipleValidationErrorsAndBadRequest" computerName="VECTOR" duration="00:00:00.0090000" startTime="2018-07-18T04:26:51.3162048-04:00" endTime="2018-07-18T04:26:51.3162108-04:00" testType="13cdc9d9-ddb5-4fa4-a97d-d965ccfc6d4b" outcome="Passed" testListId="8c84fa94-04c1-424b-9868-57a2d4851a1d" relativeResultsDirectory="687d1de2-60e4-4dc4-8661-5af97cc9b703" /><UnitTestResult executionId="e355acd2-4bda-4705-ae04-9fdb90e257bc" testId="69edee05-1930-4c03-8bc8-4f34f8bd8a53" testName="Put_InvalidIdReturnsNotFound" computerName="VECTOR" duration="00:00:00.0090000" startTime="2018-07-18T04:26:51.3359227-04:00" endTime="2018-07-18T04:26:51.3359269-04:00" testType="13cdc9d9-ddb5-4fa4-a97d-d965ccfc6d4b" outcome="Passed" testListId="8c84fa94-04c1-424b-9868-57a2d4851a1d" relativeResultsDirectory="e355acd2-4bda-4705-ae04-9fdb90e257bc" /><UnitTestResult executionId="8535cce5-2c09-470b-a424-bcc2ac711ddf" testId="f4cf2dfa-1c83-45bb-9fea-8aa2b428a2af" testName="Patch_ValidReferencePropertyUpdatesModel" computerName="VECTOR" duration="00:00:00.0400000" startTime="2018-07-18T04:26:53.5787405-04:00" endTime="2018-07-18T04:26:53.5787468-04:00" testType="13cdc9d9-ddb5-4fa4-a97d-d965ccfc6d4b" outcome="Passed" testListId="8c84fa94-04c1-424b-9868-57a2d4851a1d" relativeResultsDirectory="8535cce5-2c09-470b-a424-bcc2ac711ddf" /><UnitTestResult executionId="80247c6b-8971-47e9-bb20-6c60b8dec158" testId="6c36b69e-6c52-4189-b311-7c9c8d53b3c1" testName="Patch_InvalidIdPropertyReturnsNotFound" computerName="VECTOR" duration="00:00:00.0070000" startTime="2018-07-18T04:26:39.4097687-04:00" endTime="2018-07-18T04:26:39.4097739-04:00" testType="13cdc9d9-ddb5-4fa4-a97d-d965ccfc6d4b" outcome="Passed" testListId="8c84fa94-04c1-424b-9868-57a2d4851a1d" relativeResultsDirectory="80247c6b-8971-47e9-bb20-6c60b8dec158" /><UnitTestResult executionId="077909c8-f878-4b3f-97af-b4920a8a9835" testId="98804afd-83c3-4a5e-86c2-e24fd9a7511c" testName="Post_CanCreateNewModel" computerName="VECTOR" duration="00:00:00.0100000" startTime="2018-07-18T04:26:51.1290659-04:00" endTime="2018-07-18T04:26:51.1290713-04:00" testType="13cdc9d9-ddb5-4fa4-a97d-d965ccfc6d4b" outcome="Passed" testListId="8c84fa94-04c1-424b-9868-57a2d4851a1d" relativeResultsDirectory="077909c8-f878-4b3f-97af-b4920a8a9835" /><UnitTestResult executionId="1526272f-4370-4c9a-b208-4c80f128da75" testId="625d047f-9758-4c53-aca0-a61fc6ae2788" testName="Put_InvalidReferencePropertyReturndBadRequest" computerName="VECTOR" duration="00:00:00.1400000" startTime="2018-07-18T04:26:51.0981369-04:00" endTime="2018-07-18T04:26:51.0981434-04:00" testType="13cdc9d9-ddb5-4fa4-a97d-d965ccfc6d4b" outcome="Passed" testListId="8c84fa94-04c1-424b-9868-57a2d4851a1d" relativeResultsDirectory="1526272f-4370-4c9a-b208-4c80f128da75" /><UnitTestResult executionId="e289727d-9b4a-4c06-b1f8-7db6b8f1aa16" testId="908ebd07-a161-4cbe-abc3-24e74b758dc8" testName="Model3dHasExpectedDependentFiles" computerName="VECTOR" duration="00:00:00.0280000" startTime="2018-07-18T04:26:37.1576390-04:00" endTime="2018-07-18T04:26:37.1576450-04:00" testType="13cdc9d9-ddb5-4fa4-a97d-d965ccfc6d4b" outcome="Passed" testListId="8c84fa94-04c1-424b-9868-57a2d4851a1d" relativeResultsDirectory="e289727d-9b4a-4c06-b1f8-7db6b8f1aa16" /><UnitTestResult executionId="92634180-0839-4d63-9818-1c0451eb811a" testId="5d99fda6-c8f5-4366-9332-0d17a1733e4c" testName="Post_InvalidReferencePropertyReturnsBadRequest" computerName="VECTOR" duration="00:00:00.0040000" startTime="2018-07-18T04:26:43.2381176-04:00" endTime="2018-07-18T04:26:43.2381225-04:00" testType="13cdc9d9-ddb5-4fa4-a97d-d965ccfc6d4b" outcome="Passed" testListId="8c84fa94-04c1-424b-9868-57a2d4851a1d" relativeResultsDirectory="92634180-0839-4d63-9818-1c0451eb811a" /><UnitTestResult executionId="3e965a6a-c442-4e3a-a868-c99d353bb6ce" testId="4e19189a-8048-458f-a7a6-d39f2025ec33" testName="PutFile_FileCanBeUpdated" computerName="VECTOR" duration="00:00:00.1100000" startTime="2018-07-18T04:26:45.2822972-04:00" endTime="2018-07-18T04:26:45.2823026-04:00" testType="13cdc9d9-ddb5-4fa4-a97d-d965ccfc6d4b" outcome="Passed" testListId="8c84fa94-04c1-424b-9868-57a2d4851a1d" relativeResultsDirectory="3e965a6a-c442-4e3a-a868-c99d353bb6ce" /><UnitTestResult executionId="e6fe3acd-f50e-4870-ad3f-5282f8b5c896" testId="3fdc690c-7420-4fd0-8265-65efa563a748" testName="Put_ValidReferencePropertyUpdatesModel" computerName="VECTOR" duration="00:00:00.0250000" startTime="2018-07-18T04:26:39.9617614-04:00" endTime="2018-07-18T04:26:39.9617671-04:00" testType="13cdc9d9-ddb5-4fa4-a97d-d965ccfc6d4b" outcome="Passed" testListId="8c84fa94-04c1-424b-9868-57a2d4851a1d" relativeResultsDirectory="e6fe3acd-f50e-4870-ad3f-5282f8b5c896" /><UnitTestResult executionId="52f683f7-5271-48e0-9e32-620dc3afccf9" testId="98bc398b-40c3-4387-8f40-36c27010d9d4" testName="Post_InvalidPropertyValueReturnsBadRequest" computerName="VECTOR" duration="00:00:00.0030000" startTime="2018-07-18T04:26:53.5387797-04:00" endTime="2018-07-18T04:26:53.5387825-04:00" testType="13cdc9d9-ddb5-4fa4-a97d-d965ccfc6d4b" outcome="Passed" testListId="8c84fa94-04c1-424b-9868-57a2d4851a1d" relativeResultsDirectory="52f683f7-5271-48e0-9e32-620dc3afccf9" /><UnitTestResult executionId="c8b5ace0-8a59-44ed-a7ca-eadb36e8f473" testId="a01c906c-81fd-4aa0-87a4-4561aabe8f32" testName="Patch_TargetPropertyIsUpdated" computerName="VECTOR" duration="00:00:00.0310000" startTime="2018-07-18T04:26:51.1602186-04:00" endTime="2018-07-18T04:26:51.1602246-04:00" testType="13cdc9d9-ddb5-4fa4-a97d-d965ccfc6d4b" outcome="Passed" testListId="8c84fa94-04c1-424b-9868-57a2d4851a1d" relativeResultsDirectory="c8b5ace0-8a59-44ed-a7ca-eadb36e8f473" /><UnitTestResult executionId="b9a12c4e-719c-4bd1-82f7-43450b841caa" testId="60cf2802-ba0f-409a-84c0-d77e86bcbfff" testName="Post_InvalidPropertyValueReturnsBadRequest" computerName="VECTOR" duration="00:00:00.0080000" startTime="2018-07-18T04:26:39.4177169-04:00" endTime="2018-07-18T04:26:39.4177223-04:00" testType="13cdc9d9-ddb5-4fa4-a97d-d965ccfc6d4b" outcome="Passed" testListId="8c84fa94-04c1-424b-9868-57a2d4851a1d" relativeResultsDirectory="b9a12c4e-719c-4bd1-82f7-43450b841caa" /><UnitTestResult executionId="6136fa86-17cd-4580-a325-1e599b6bfaab" testId="98617ddb-776d-4ae0-84c9-3ac743587c94" testName="Patch_InvalidIdPropertyReturnsNotFound" computerName="VECTOR" duration="00:00:00.0050000" startTime="2018-07-18T04:26:39.9673526-04:00" endTime="2018-07-18T04:26:39.9673557-04:00" testType="13cdc9d9-ddb5-4fa4-a97d-d965ccfc6d4b" outcome="Passed" testListId="8c84fa94-04c1-424b-9868-57a2d4851a1d" relativeResultsDirectory="6136fa86-17cd-4580-a325-1e599b6bfaab" /><UnitTestResult executionId="d1e8333e-5949-4eee-bf1d-8bd6e6fe9cbd" testId="f9d758b6-e0e8-4763-9cdc-da809a00c794" testName="Delete_TargetModelIsDeleted" computerName="VECTOR" duration="00:00:00.1040000" startTime="2018-07-18T04:26:40.9272513-04:00" endTime="2018-07-18T04:26:40.9272572-04:00" testType="13cdc9d9-ddb5-4fa4-a97d-d965ccfc6d4b" outcome="Passed" testListId="8c84fa94-04c1-424b-9868-57a2d4851a1d" relativeResultsDirectory="d1e8333e-5949-4eee-bf1d-8bd6e6fe9cbd" /><UnitTestResult executionId="56eb133f-2adb-49b4-8e06-eac1e5a47a25" testId="a936f318-b84b-46ec-8fcd-54dc98c87d74" testName="Put_InvalidReferencePropertyReturndBadRequest" computerName="VECTOR" duration="00:00:00.0150000" startTime="2018-07-18T04:26:43.3023712-04:00" endTime="2018-07-18T04:26:43.3023766-04:00" testType="13cdc9d9-ddb5-4fa4-a97d-d965ccfc6d4b" outcome="Passed" testListId="8c84fa94-04c1-424b-9868-57a2d4851a1d" relativeResultsDirectory="56eb133f-2adb-49b4-8e06-eac1e5a47a25" /><UnitTestResult executionId="22b54d1b-be06-4287-a29f-5bd3e3cc73b8" testId="b8415758-ff04-4bb8-bfc7-bb0dc49fd6f9" testName="LucyCameraFindsAllDependents" computerName="VECTOR" duration="00:00:00.0070000" startTime="2018-07-18T04:26:38.4492722-04:00" endTime="2018-07-18T04:26:38.4492759-04:00" testType="13cdc9d9-ddb5-4fa4-a97d-d965ccfc6d4b" outcome="Passed" testListId="8c84fa94-04c1-424b-9868-57a2d4851a1d" relativeResultsDirectory="22b54d1b-be06-4287-a29f-5bd3e3cc73b8" /><UnitTestResult executionId="0547ce77-e6b6-45e1-8fb0-ed2df131b289" testId="09d73cfb-04c2-43b3-8925-092cc5cb2eeb" testName="GetSingle_ValidIdPropertyValueReturnsCorrectModel" computerName="VECTOR" duration="00:00:00.0050000" startTime="2018-07-18T04:26:53.3622375-04:00" endTime="2018-07-18T04:26:53.3622412-04:00" testType="13cdc9d9-ddb5-4fa4-a97d-d965ccfc6d4b" outcome="Passed" testListId="8c84fa94-04c1-424b-9868-57a2d4851a1d" relativeResultsDirectory="0547ce77-e6b6-45e1-8fb0-ed2df131b289" /><UnitTestResult executionId="e7936be3-1575-444c-8a1d-3e1f99d53b52" testId="e1dc435f-765d-42db-89e6-44132deecebc" testName="Patch_InvalidReferencePropertyReturnsBadRequest" computerName="VECTOR" duration="00:00:00.0100000" startTime="2018-07-18T04:26:53.5889510-04:00" endTime="2018-07-18T04:26:53.5889553-04:00" testType="13cdc9d9-ddb5-4fa4-a97d-d965ccfc6d4b" outcome="Passed" testListId="8c84fa94-04c1-424b-9868-57a2d4851a1d" relativeResultsDirectory="e7936be3-1575-444c-8a1d-3e1f99d53b52" /><UnitTestResult executionId="a1b9e08f-44c8-45b4-81b1-3fc0b896d008" testId="5e89170d-0b8e-4526-8661-7d6725d1f01d" testName="Patch_InvalidEnumPropertyValueReturnsBadRequest" computerName="VECTOR" duration="00:00:00.0010000" startTime="2018-07-18T04:26:41.1034688-04:00" endTime="2018-07-18T04:26:41.1034705-04:00" testType="13cdc9d9-ddb5-4fa4-a97d-d965ccfc6d4b" outcome="Passed" testListId="8c84fa94-04c1-424b-9868-57a2d4851a1d" relativeResultsDirectory="a1b9e08f-44c8-45b4-81b1-3fc0b896d008" /></Results><TestDefinitions><UnitTest name="Patch_TargetPropertyIsUpdated" storage="d:\users\steve knipmeyer\documents\github\modelrelief\modelrelief.test\bin\debug\netcoreapp2.0\modelrelief.test.dll" id="7bb0a344-83f5-48d5-b5ed-1157bfc8eb14"><Execution id="18f06dc8-1334-418d-84a3-1af6869995f1" /><TestMethod codeBase="D:\Users\Steve Knipmeyer\Documents\GitHub\ModelRelief\ModelRelief.test\bin\Debug\netcoreapp2.0\ModelRelief.Test.dll" adapterTypeName="executor://xunit/VsTestRunner2/netcoreapp" className="ModelRelief.Test.Integration.Models.ModelsBaseIntegrationTests" name="Patch_TargetPropertyIsUpdated" /></UnitTest><UnitTest name="CameraHasExpectedDependentFiles" storage="d:\users\steve knipmeyer\documents\github\modelrelief\modelrelief.test\bin\debug\netcoreapp2.0\modelrelief.test.dll" id="a1f75e86-e295-4fc3-95c7-b75bc5d9ebd9"><Execution id="998d2076-b16b-4511-8e31-cfd2f18a4e11" /><TestMethod codeBase="D:\Users\Steve Knipmeyer\Documents\GitHub\ModelRelief\ModelRelief.test\bin\Debug\netcoreapp2.0\ModelRelief.Test.dll" adapterTypeName="executor://xunit/VsTestRunner2/netcoreapp" className="ModelRelief.Test.Unit.DependencyManager.DependencyManagerTests" name="CameraHasExpectedDependentFiles" /></UnitTest><UnitTest name="Put_InvalidReferencePropertyReturndBadRequest" storage="d:\users\steve knipmeyer\documents\github\modelrelief\modelrelief.test\bin\debug\netcoreapp2.0\modelrelief.test.dll" id="a936f318-b84b-46ec-8fcd-54dc98c87d74"><Execution id="56eb133f-2adb-49b4-8e06-eac1e5a47a25" /><TestMethod codeBase="D:\Users\Steve Knipmeyer\Documents\GitHub\ModelRelief\ModelRelief.test\bin\Debug\netcoreapp2.0\ModelRelief.Test.dll" adapterTypeName="executor://xunit/VsTestRunner2/netcoreapp" className="ModelRelief.Test.Integration.Meshes.MeshesBaseIntegrationTests" name="Put_InvalidReferencePropertyReturndBadRequest" /></UnitTest><UnitTest name="GetSingle_InvalidIdPropertyValueReturnsNotFound" storage="d:\users\steve knipmeyer\documents\github\modelrelief\modelrelief.test\bin\debug\netcoreapp2.0\modelrelief.test.dll" id="4f3a0720-a33c-46b1-a8bc-fc49eb603528"><Execution id="1e60ec9a-3604-4c3f-8750-1cfda8150fc4" /><TestMethod codeBase="D:\Users\Steve Knipmeyer\Documents\GitHub\ModelRelief\ModelRelief.test\bin\Debug\netcoreapp2.0\ModelRelief.Test.dll" adapterTypeName="executor://xunit/VsTestRunner2/netcoreapp" className="ModelRelief.Test.Integration.Cameras.CamerasBaseIntegrationTests" name="GetSingle_InvalidIdPropertyValueReturnsNotFound" /></UnitTest><UnitTest name="DepthBufferHasExpectedDependentFiles" storage="d:\users\steve knipmeyer\documents\github\modelrelief\modelrelief.test\bin\debug\netcoreapp2.0\modelrelief.test.dll" id="58ae7bd5-df3c-4ba3-adb1-1908e3d9030b"><Execution id="519d6389-0d45-4ab4-8079-4ab5ec2f4f18" /><TestMethod codeBase="D:\Users\Steve Knipmeyer\Documents\GitHub\ModelRelief\ModelRelief.test\bin\Debug\netcoreapp2.0\ModelRelief.Test.dll" adapterTypeName="executor://xunit/VsTestRunner2/netcoreapp" className="ModelRelief.Test.Unit.DependencyManager.DependencyManagerTests" name="DepthBufferHasExpectedDependentFiles" /></UnitTest><UnitTest name="Patch_MultipleInvalidReferencePropertiesReturnsMultipleValidationErrorsAndBadRequest" storage="d:\users\steve knipmeyer\documents\github\modelrelief\modelrelief.test\bin\debug\netcoreapp2.0\modelrelief.test.dll" id="caa9610d-4c37-4ff6-8aa3-74c61c1cf5b4"><Execution id="c9e3a672-e403-47a4-aa50-a56e4b0fc1fb" /><TestMethod codeBase="D:\Users\Steve Knipmeyer\Documents\GitHub\ModelRelief\ModelRelief.test\bin\Debug\netcoreapp2.0\ModelRelief.Test.dll" adapterTypeName="executor://xunit/VsTestRunner2/netcoreapp" className="ModelRelief.Test.Integration.MeshTransforms.MeshTransformsBaseIntegrationTests" name="Patch_MultipleInvalidReferencePropertiesReturnsMultipleValidationErrorsAndBadRequest" /></UnitTest><UnitTest name="GetSingle_InvalidIdPropertyValueReturnsNotFound" storage="d:\users\steve knipmeyer\documents\github\modelrelief\modelrelief.test\bin\debug\netcoreapp2.0\modelrelief.test.dll" id="fae9a0e0-6aba-48c3-a567-2ed4c065fa2d"><Execution id="54b4bc6a-dc82-4f40-b159-13c9921085ad" /><TestMethod codeBase="D:\Users\Steve Knipmeyer\Documents\GitHub\ModelRelief\ModelRelief.test\bin\Debug\netcoreapp2.0\ModelRelief.Test.dll" adapterTypeName="executor://xunit/VsTestRunner2/netcoreapp" className="ModelRelief.Test.Integration.MeshTransforms.MeshTransformsBaseIntegrationTests" name="GetSingle_InvalidIdPropertyValueReturnsNotFound" /></UnitTest><UnitTest name="Patch_ValidReferencePropertyUpdatesModel" storage="d:\users\steve knipmeyer\documents\github\modelrelief\modelrelief.test\bin\debug\netcoreapp2.0\modelrelief.test.dll" id="2f1c66f1-dd66-4765-82b9-3f013c54dbcc"><Execution id="8ae3f34f-e2ab-40bd-9fc1-9d2cb852971d" /><TestMethod codeBase="D:\Users\Steve Knipmeyer\Documents\GitHub\ModelRelief\ModelRelief.test\bin\Debug\netcoreapp2.0\ModelRelief.Test.dll" adapterTypeName="executor://xunit/VsTestRunner2/netcoreapp" className="ModelRelief.Test.Integration.DepthBuffers.DepthBuffersBaseIntegrationTests" name="Patch_ValidReferencePropertyUpdatesModel" /></UnitTest><UnitTest name="GetFile_NonExistentFileReturnsNotFound" storage="d:\users\steve knipmeyer\documents\github\modelrelief\modelrelief.test\bin\debug\netcoreapp2.0\modelrelief.test.dll" id="03ceb8b7-8c1a-4f28-a8de-212fcb941d3f"><Execution id="ead577af-36ee-4569-bfea-3301746b477d" /><TestMethod codeBase="D:\Users\Steve Knipmeyer\Documents\GitHub\ModelRelief\ModelRelief.test\bin\Debug\netcoreapp2.0\ModelRelief.Test.dll" adapterTypeName="executor://xunit/VsTestRunner2/netcoreapp" className="ModelRelief.Test.Integration.Models.ModelsFileIntegrationTests" name="GetFile_NonExistentFileReturnsNotFound" /></UnitTest><UnitTest name="Post_InvalidReferencePropertyReturnsBadRequest" storage="d:\users\steve knipmeyer\documents\github\modelrelief\modelrelief.test\bin\debug\netcoreapp2.0\modelrelief.test.dll" id="6ddf34d2-054f-4f99-9a67-236b43b058b1"><Execution id="d4051968-c0a3-42b0-970b-4d0e0e918a6f" /><TestMethod codeBase="D:\Users\Steve Knipmeyer\Documents\GitHub\ModelRelief\ModelRelief.test\bin\Debug\netcoreapp2.0\ModelRelief.Test.dll" adapterTypeName="executor://xunit/VsTestRunner2/netcoreapp" className="ModelRelief.Test.Integration.Models.ModelsBaseIntegrationTests" name="Post_InvalidReferencePropertyReturnsBadRequest" /></UnitTest><UnitTest name="PostFile_FileTimeStampIsUpdatedAfterFileIsPosted" storage="d:\users\steve knipmeyer\documents\github\modelrelief\modelrelief.test\bin\debug\netcoreapp2.0\modelrelief.test.dll" id="f78ef727-5bc8-449d-b1b6-4cc9a7b74c60"><Execution id="b8f81454-a427-4d0b-aa88-fbd178be62e9" /><TestMethod codeBase="D:\Users\Steve Knipmeyer\Documents\GitHub\ModelRelief\ModelRelief.test\bin\Debug\netcoreapp2.0\ModelRelief.Test.dll" adapterTypeName="executor://xunit/VsTestRunner2/netcoreapp" className="ModelRelief.Test.Integration.Meshes.MeshesFileIntegrationTests" name="PostFile_FileTimeStampIsUpdatedAfterFileIsPosted" /></UnitTest><UnitTest name="Patch_InvalidIdPropertyReturnsNotFound" storage="d:\users\steve knipmeyer\documents\github\modelrelief\modelrelief.test\bin\debug\netcoreapp2.0\modelrelief.test.dll" id="7918cb63-8533-4e8d-96b2-952501031992"><Execution id="549c1924-fb72-448b-9b08-b2a6b3bfd4f7" /><TestMethod codeBase="D:\Users\Steve Knipmeyer\Documents\GitHub\ModelRelief\ModelRelief.test\bin\Debug\netcoreapp2.0\ModelRelief.Test.dll" adapterTypeName="executor://xunit/VsTestRunner2/netcoreapp" className="ModelRelief.Test.Integration.Meshes.MeshesBaseIntegrationTests" name="Patch_InvalidIdPropertyReturnsNotFound" /></UnitTest><UnitTest name="PostFile_NewFileCanBePosted" storage="d:\users\steve knipmeyer\documents\github\modelrelief\modelrelief.test\bin\debug\netcoreapp2.0\modelrelief.test.dll" id="a4a0e463-55d1-49d6-9323-2d68aca0d619"><Execution id="bfc8049e-f45f-44ce-aefb-a6d6ceeb74af" /><TestMethod codeBase="D:\Users\Steve Knipmeyer\Documents\GitHub\ModelRelief\ModelRelief.test\bin\Debug\netcoreapp2.0\ModelRelief.Test.dll" adapterTypeName="executor://xunit/VsTestRunner2/netcoreapp" className="ModelRelief.Test.Integration.Models.ModelsFileIntegrationTests" name="PostFile_NewFileCanBePosted" /></UnitTest><UnitTest name="Post_ValidReferencePropertyCreatesModel" storage="d:\users\steve knipmeyer\documents\github\modelrelief\modelrelief.test\bin\debug\netcoreapp2.0\modelrelief.test.dll" id="0df8938c-bc9b-42c9-a62f-880c28e03fa4"><Execution id="ccc60c48-be8d-4fe5-bae6-7f3d63bd405e" /><TestMethod codeBase="D:\Users\Steve Knipmeyer\Documents\GitHub\ModelRelief\ModelRelief.test\bin\Debug\netcoreapp2.0\ModelRelief.Test.dll" adapterTypeName="executor://xunit/VsTestRunner2/netcoreapp" className="ModelRelief.Test.Integration.DepthBuffers.DepthBuffersBaseIntegrationTests" name="Post_ValidReferencePropertyCreatesModel" /></UnitTest><UnitTest name="GetFile_ExistingFileReturnsSuccess" storage="d:\users\steve knipmeyer\documents\github\modelrelief\modelrelief.test\bin\debug\netcoreapp2.0\modelrelief.test.dll" id="4985a0b3-251c-4f46-b590-87d0ce41af95"><Execution id="84d832c5-59dd-461b-8b69-b2865b1071dc" /><TestMethod codeBase="D:\Users\Steve Knipmeyer\Documents\GitHub\ModelRelief\ModelRelief.test\bin\Debug\netcoreapp2.0\ModelRelief.Test.dll" adapterTypeName="executor://xunit/VsTestRunner2/netcoreapp" className="ModelRelief.Test.Integration.Meshes.MeshesFileIntegrationTests" name="GetFile_ExistingFileReturnsSuccess" /></UnitTest><UnitTest name="Patch_InvalidEnumPropertyValueReturnsBadRequest" storage="d:\users\steve knipmeyer\documents\github\modelrelief\modelrelief.test\bin\debug\netcoreapp2.0\modelrelief.test.dll" id="69abac61-b14a-4355-924b-2c5ecd174f93"><Execution id="fdc3ddcc-2873-4609-b29a-719999d40a10" /><TestMethod codeBase="D:\Users\Steve Knipmeyer\Documents\GitHub\ModelRelief\ModelRelief.test\bin\Debug\netcoreapp2.0\ModelRelief.Test.dll" adapterTypeName="executor://xunit/VsTestRunner2/netcoreapp" className="ModelRelief.Test.Integration.Projects.ProjectsBaseIntegrationTests" name="Patch_InvalidEnumPropertyValueReturnsBadRequest" /></UnitTest><UnitTest name="FileRequest_MeshIsInvalidatedAfterDepthBufferFileBecomesUnsynchronized" storage="d:\users\steve knipmeyer\documents\github\modelrelief\modelrelief.test\bin\debug\netcoreapp2.0\modelrelief.test.dll" id="49c7f3dd-1392-46df-87cf-609d405e4b33"><Execution id="d9e37107-2076-4844-9bcf-3a05b03620e4" /><TestMethod codeBase="D:\Users\Steve Knipmeyer\Documents\GitHub\ModelRelief\ModelRelief.test\bin\Debug\netcoreapp2.0\ModelRelief.Test.dll" adapterTypeName="executor://xunit/VsTestRunner2/netcoreapp" className="ModelRelief.Test.Integration.Meshes.MeshesFileIntegrationTests" name="FileRequest_MeshIsInvalidatedAfterDepthBufferFileBecomesUnsynchronized" /></UnitTest><UnitTest name="PostFile_FileIsSynchronizedIsUpdatedAfterFileIsPosted" storage="d:\users\steve knipmeyer\documents\github\modelrelief\modelrelief.test\bin\debug\netcoreapp2.0\modelrelief.test.dll" id="8f088289-4cef-4cb8-acc0-e4b62380b96e"><Execution id="4acaf808-9278-47cd-811e-a7e58b7a1bd3" /><TestMethod codeBase="D:\Users\Steve Knipmeyer\Documents\GitHub\ModelRelief\ModelRelief.test\bin\Debug\netcoreapp2.0\ModelRelief.Test.dll" adapterTypeName="executor://xunit/VsTestRunner2/netcoreapp" className="ModelRelief.Test.Integration.Meshes.MeshesFileIntegrationTests" name="PostFile_FileIsSynchronizedIsUpdatedAfterFileIsPosted" /></UnitTest><UnitTest name="GetList_ListReturnsCorrectCount" storage="d:\users\steve knipmeyer\documents\github\modelrelief\modelrelief.test\bin\debug\netcoreapp2.0\modelrelief.test.dll" id="24d1ec2f-b9a1-44b6-b083-90585745f369"><Execution id="e077442a-ca5a-4d15-9a2f-8d98bb58ba5c" /><TestMethod codeBase="D:\Users\Steve Knipmeyer\Documents\GitHub\ModelRelief\ModelRelief.test\bin\Debug\netcoreapp2.0\ModelRelief.Test.dll" adapterTypeName="executor://xunit/VsTestRunner2/netcoreapp" className="ModelRelief.Test.Integration.Projects.ProjectsBaseIntegrationTests" name="GetList_ListReturnsCorrectCount" /></UnitTest><UnitTest name="Post_InvalidPropertyValueReturnsBadRequest" storage="d:\users\steve knipmeyer\documents\github\modelrelief\modelrelief.test\bin\debug\netcoreapp2.0\modelrelief.test.dll" id="d6aae8c9-c101-43df-96e2-092b1f092a89"><Execution id="570b8176-1c99-47a5-88a4-c05492ef6c09" /><TestMethod codeBase="D:\Users\Steve Knipmeyer\Documents\GitHub\ModelRelief\ModelRelief.test\bin\Debug\netcoreapp2.0\ModelRelief.Test.dll" adapterTypeName="executor://xunit/VsTestRunner2/netcoreapp" className="ModelRelief.Test.Integration.Meshes.MeshesBaseIntegrationTests" name="Post_InvalidPropertyValueReturnsBadRequest" /></UnitTest><UnitTest name="GetFile_NonExistentFileReturnsNotFound" storage="d:\users\steve knipmeyer\documents\github\modelrelief\modelrelief.test\bin\debug\netcoreapp2.0\modelrelief.test.dll" id="0ab4a938-fbbe-4567-86de-c4b9bcdf0708"><Execution id="556dae9c-5b25-4be9-b2b3-b6e9dd182199" /><TestMethod codeBase="D:\Users\Steve Knipmeyer\Documents\GitHub\ModelRelief\ModelRelief.test\bin\Debug\netcoreapp2.0\ModelRelief.Test.dll" adapterTypeName="executor://xunit/VsTestRunner2/netcoreapp" className="ModelRelief.Test.Integration.DepthBuffers.DepthBuffersFileIntegrationTests" name="GetFile_NonExistentFileReturnsNotFound" /></UnitTest><UnitTest name="GetList_ListReturnsCorrectCount" storage="d:\users\steve knipmeyer\documents\github\modelrelief\modelrelief.test\bin\debug\netcoreapp2.0\modelrelief.test.dll" id="c1f0c392-e080-4d65-8da3-c525a1c295bf"><Execution id="b38d821b-06cf-4637-a01f-5dc5fe438cae" /><TestMethod codeBase="D:\Users\Steve Knipmeyer\Documents\GitHub\ModelRelief\ModelRelief.test\bin\Debug\netcoreapp2.0\ModelRelief.Test.dll" adapterTypeName="executor://xunit/VsTestRunner2/netcoreapp" className="ModelRelief.Test.Integration.Cameras.CamerasBaseIntegrationTests" name="GetList_ListReturnsCorrectCount" /></UnitTest><UnitTest name="Post_InvalidPropertyValueReturnsBadRequest" storage="d:\users\steve knipmeyer\documents\github\modelrelief\modelrelief.test\bin\debug\netcoreapp2.0\modelrelief.test.dll" id="5b5349c5-a488-4e94-9bb6-ad65587eb849"><Execution id="6472665d-78c9-481e-9001-163ba5d31a27" /><TestMethod codeBase="D:\Users\Steve Knipmeyer\Documents\GitHub\ModelRelief\ModelRelief.test\bin\Debug\netcoreapp2.0\ModelRelief.Test.dll" adapterTypeName="executor://xunit/VsTestRunner2/netcoreapp" className="ModelRelief.Test.Integration.Models.ModelsBaseIntegrationTests" name="Post_InvalidPropertyValueReturnsBadRequest" /></UnitTest><UnitTest name="PutFile_NewFileCanBePut" storage="d:\users\steve knipmeyer\documents\github\modelrelief\modelrelief.test\bin\debug\netcoreapp2.0\modelrelief.test.dll" id="88c845b6-01fe-451e-9e6d-3932555198d8"><Execution id="0d76a5dd-c6b8-4652-99f3-84e22c8826ca" /><TestMethod codeBase="D:\Users\Steve Knipmeyer\Documents\GitHub\ModelRelief\ModelRelief.test\bin\Debug\netcoreapp2.0\ModelRelief.Test.dll" adapterTypeName="executor://xunit/VsTestRunner2/netcoreapp" className="ModelRelief.Test.Integration.Models.ModelsFileIntegrationTests" name="PutFile_NewFileCanBePut" /></UnitTest><UnitTest name="Put_ValidReferencePropertyUpdatesModel" storage="d:\users\steve knipmeyer\documents\github\modelrelief\modelrelief.test\bin\debug\netcoreapp2.0\modelrelief.test.dll" id="23ba0350-cadd-4186-a959-8f15dbe9ca00"><Execution id="e49f8b12-d7a3-4def-8922-18ec27450751" /><TestMethod codeBase="D:\Users\Steve Knipmeyer\Documents\GitHub\ModelRelief\ModelRelief.test\bin\Debug\netcoreapp2.0\ModelRelief.Test.dll" adapterTypeName="executor://xunit/VsTestRunner2/netcoreapp" className="ModelRelief.Test.Integration.Projects.ProjectsBaseIntegrationTests" name="Put_ValidReferencePropertyUpdatesModel" /></UnitTest><UnitTest name="Put_ValidReferencePropertyUpdatesModel" storage="d:\users\steve knipmeyer\documents\github\modelrelief\modelrelief.test\bin\debug\netcoreapp2.0\modelrelief.test.dll" id="b4ed8a1f-0bb1-4f3e-bc83-1da015593a64"><Execution id="cb9cd6bc-08e9-4940-b1b9-541e42711604" /><TestMethod codeBase="D:\Users\Steve Knipmeyer\Documents\GitHub\ModelRelief\ModelRelief.test\bin\Debug\netcoreapp2.0\ModelRelief.Test.dll" adapterTypeName="executor://xunit/VsTestRunner2/netcoreapp" className="ModelRelief.Test.Integration.Cameras.CamerasBaseIntegrationTests" name="Put_ValidReferencePropertyUpdatesModel" /></UnitTest><UnitTest name="PostFile_FileIsSynchronizedIsUpdatedAfterFileIsPosted" storage="d:\users\steve knipmeyer\documents\github\modelrelief\modelrelief.test\bin\debug\netcoreapp2.0\modelrelief.test.dll" id="f80e8575-6360-43c8-936e-2ec13d96ade0"><Execution id="cf97aa0b-823a-406a-b006-39ce3ea47277" /><TestMethod codeBase="D:\Users\Steve Knipmeyer\Documents\GitHub\ModelRelief\ModelRelief.test\bin\Debug\netcoreapp2.0\ModelRelief.Test.dll" adapterTypeName="executor://xunit/VsTestRunner2/netcoreapp" className="ModelRelief.Test.Integration.DepthBuffers.DepthBuffersFileIntegrationTests" name="PostFile_FileIsSynchronizedIsUpdatedAfterFileIsPosted" /></UnitTest><UnitTest name="GetList_ListReturnsCorrectCount" storage="d:\users\steve knipmeyer\documents\github\modelrelief\modelrelief.test\bin\debug\netcoreapp2.0\modelrelief.test.dll" id="b1a5ab2a-08d3-48fb-b018-c64dc9e6e3bb"><Execution id="f102ca48-7a4d-4da8-9f8f-48527bd56cc2" /><TestMethod codeBase="D:\Users\Steve Knipmeyer\Documents\GitHub\ModelRelief\ModelRelief.test\bin\Debug\netcoreapp2.0\ModelRelief.Test.dll" adapterTypeName="executor://xunit/VsTestRunner2/netcoreapp" className="ModelRelief.Test.Integration.DepthBuffers.DepthBuffersBaseIntegrationTests" name="GetList_ListReturnsCorrectCount" /></UnitTest><UnitTest name="Post_InvalidPropertyValueReturnsBadRequest" storage="d:\users\steve knipmeyer\documents\github\modelrelief\modelrelief.test\bin\debug\netcoreapp2.0\modelrelief.test.dll" id="f6e9d6ae-6389-4000-a99a-2d62b98a67c7"><Execution id="d195345a-f773-44ec-b6a2-373ea234f275" /><TestMethod codeBase="D:\Users\Steve Knipmeyer\Documents\GitHub\ModelRelief\ModelRelief.test\bin\Debug\netcoreapp2.0\ModelRelief.Test.dll" adapterTypeName="executor://xunit/VsTestRunner2/netcoreapp" className="ModelRelief.Test.Integration.DepthBuffers.DepthBuffersBaseIntegrationTests" name="Post_InvalidPropertyValueReturnsBadRequest" /></UnitTest><UnitTest name="Patch_ValidReferencePropertyUpdatesModel" storage="d:\users\steve knipmeyer\documents\github\modelrelief\modelrelief.test\bin\debug\netcoreapp2.0\modelrelief.test.dll" id="86073cf0-dc3a-4ca8-8b2e-21343c031739"><Execution id="74dff485-af1a-4c23-b460-641fd04ee77b" /><TestMethod codeBase="D:\Users\Steve Knipmeyer\Documents\GitHub\ModelRelief\ModelRelief.test\bin\Debug\netcoreapp2.0\ModelRelief.Test.dll" adapterTypeName="executor://xunit/VsTestRunner2/netcoreapp" className="ModelRelief.Test.Integration.Projects.ProjectsBaseIntegrationTests" name="Patch_ValidReferencePropertyUpdatesModel" /></UnitTest><UnitTest name="Put_InvalidIdReturnsNotFound" storage="d:\users\steve knipmeyer\documents\github\modelrelief\modelrelief.test\bin\debug\netcoreapp2.0\modelrelief.test.dll" id="df6776f3-b35c-4f2b-81f5-62273f13425b"><Execution id="b519a91c-2296-49ec-a93f-b60a72eca4df" /><TestMethod codeBase="D:\Users\Steve Knipmeyer\Documents\GitHub\ModelRelief\ModelRelief.test\bin\Debug\netcoreapp2.0\ModelRelief.Test.dll" adapterTypeName="executor://xunit/VsTestRunner2/netcoreapp" className="ModelRelief.Test.Integration.Projects.ProjectsBaseIntegrationTests" name="Put_InvalidIdReturnsNotFound" /></UnitTest><UnitTest name="PostFile_NewFileCanBePosted" storage="d:\users\steve knipmeyer\documents\github\modelrelief\modelrelief.test\bin\debug\netcoreapp2.0\modelrelief.test.dll" id="3d8c70fb-8ac8-49f6-8ec5-624431196d4d"><Execution id="583d2a38-3cc2-4d6f-a66b-d4529c6cbed4" /><TestMethod codeBase="D:\Users\Steve Knipmeyer\Documents\GitHub\ModelRelief\ModelRelief.test\bin\Debug\netcoreapp2.0\ModelRelief.Test.dll" adapterTypeName="executor://xunit/VsTestRunner2/netcoreapp" className="ModelRelief.Test.Integration.Meshes.MeshesFileIntegrationTests" name="PostFile_NewFileCanBePosted" /></UnitTest><UnitTest name="Post_InvalidReferencePropertyReturnsBadRequest" storage="d:\users\steve knipmeyer\documents\github\modelrelief\modelrelief.test\bin\debug\netcoreapp2.0\modelrelief.test.dll" id="19b7584c-f3d3-4ded-9878-dd1e7f36a61a"><Execution id="926fea29-605c-4726-9cae-1250bb4f9919" /><TestMethod codeBase="D:\Users\Steve Knipmeyer\Documents\GitHub\ModelRelief\ModelRelief.test\bin\Debug\netcoreapp2.0\ModelRelief.Test.dll" adapterTypeName="executor://xunit/VsTestRunner2/netcoreapp" className="ModelRelief.Test.Integration.DepthBuffers.DepthBuffersBaseIntegrationTests" name="Post_InvalidReferencePropertyReturnsBadRequest" /></UnitTest><UnitTest name="GetFile_ExistingFileReturnsSuccess" storage="d:\users\steve knipmeyer\documents\github\modelrelief\modelrelief.test\bin\debug\netcoreapp2.0\modelrelief.test.dll" id="e0bfbffa-1dc9-4b32-ba45-c383973d46d4"><Execution id="2838e065-7575-4a70-83af-81526cbf05d8" /><TestMethod codeBase="D:\Users\Steve Knipmeyer\Documents\GitHub\ModelRelief\ModelRelief.test\bin\Debug\netcoreapp2.0\ModelRelief.Test.dll" adapterTypeName="executor://xunit/VsTestRunner2/netcoreapp" className="ModelRelief.Test.Integration.Models.ModelsFileIntegrationTests" name="GetFile_ExistingFileReturnsSuccess" /></UnitTest><UnitTest name="Put_CanUpdateModel" storage="d:\users\steve knipmeyer\documents\github\modelrelief\modelrelief.test\bin\debug\netcoreapp2.0\modelrelief.test.dll" id="c33154ca-ad28-4293-857b-252d1c97fbda"><Execution id="68bfdc02-2a29-429a-a111-34717152b31c" /><TestMethod codeBase="D:\Users\Steve Knipmeyer\Documents\GitHub\ModelRelief\ModelRelief.test\bin\Debug\netcoreapp2.0\ModelRelief.Test.dll" adapterTypeName="executor://xunit/VsTestRunner2/netcoreapp" className="ModelRelief.Test.Integration.MeshTransforms.MeshTransformsBaseIntegrationTests" name="Put_CanUpdateModel" /></UnitTest><UnitTest name="Patch_TargetPropertyIsUpdated" storage="d:\users\steve knipmeyer\documents\github\modelrelief\modelrelief.test\bin\debug\netcoreapp2.0\modelrelief.test.dll" id="80af2398-6d9e-4505-ae9b-f6f18a93d0ee"><Execution id="7e596d9c-bb9b-4c16-ae96-59ae89a7832c" /><TestMethod codeBase="D:\Users\Steve Knipmeyer\Documents\GitHub\ModelRelief\ModelRelief.test\bin\Debug\netcoreapp2.0\ModelRelief.Test.dll" adapterTypeName="executor://xunit/VsTestRunner2/netcoreapp" className="ModelRelief.Test.Integration.Projects.ProjectsBaseIntegrationTests" name="Patch_TargetPropertyIsUpdated" /></UnitTest><UnitTest name="MeshTransformHasExpectedDependentFiles" storage="d:\users\steve knipmeyer\documents\github\modelrelief\modelrelief.test\bin\debug\netcoreapp2.0\modelrelief.test.dll" id="16716f0e-04f5-4090-898a-aa0154fb6dea"><Execution id="e726924b-1a6f-4806-b412-49f786626e65" /><TestMethod codeBase="D:\Users\Steve Knipmeyer\Documents\GitHub\ModelRelief\ModelRelief.test\bin\Debug\netcoreapp2.0\ModelRelief.Test.dll" adapterTypeName="executor://xunit/VsTestRunner2/netcoreapp" className="ModelRelief.Test.Unit.DependencyManager.DependencyManagerTests" name="MeshTransformHasExpectedDependentFiles" /></UnitTest><UnitTest name="Patch_InvalidIdPropertyReturnsNotFound" storage="d:\users\steve knipmeyer\documents\github\modelrelief\modelrelief.test\bin\debug\netcoreapp2.0\modelrelief.test.dll" id="98617ddb-776d-4ae0-84c9-3ac743587c94"><Execution id="6136fa86-17cd-4580-a325-1e599b6bfaab" /><TestMethod codeBase="D:\Users\Steve Knipmeyer\Documents\GitHub\ModelRelief\ModelRelief.test\bin\Debug\netcoreapp2.0\ModelRelief.Test.dll" adapterTypeName="executor://xunit/VsTestRunner2/netcoreapp" className="ModelRelief.Test.Integration.Models.ModelsBaseIntegrationTests" name="Patch_InvalidIdPropertyReturnsNotFound" /></UnitTest><UnitTest name="PutFile_FileCanBeUpdated" storage="d:\users\steve knipmeyer\documents\github\modelrelief\modelrelief.test\bin\debug\netcoreapp2.0\modelrelief.test.dll" id="4e19189a-8048-458f-a7a6-d39f2025ec33"><Execution id="3e965a6a-c442-4e3a-a868-c99d353bb6ce" /><TestMethod codeBase="D:\Users\Steve Knipmeyer\Documents\GitHub\ModelRelief\ModelRelief.test\bin\Debug\netcoreapp2.0\ModelRelief.Test.dll" adapterTypeName="executor://xunit/VsTestRunner2/netcoreapp" className="ModelRelief.Test.Integration.Meshes.MeshesFileIntegrationTests" name="PutFile_FileCanBeUpdated" /></UnitTest><UnitTest name="FileRequest_FileCanBeReadAfterRename" storage="d:\users\steve knipmeyer\documents\github\modelrelief\modelrelief.test\bin\debug\netcoreapp2.0\modelrelief.test.dll" id="eb2e32af-8c75-4c2f-9fc8-40c153541b2f"><Execution id="f3d1986c-6ba3-4e05-b5ab-4d2efc3df58b" /><TestMethod codeBase="D:\Users\Steve Knipmeyer\Documents\GitHub\ModelRelief\ModelRelief.test\bin\Debug\netcoreapp2.0\ModelRelief.Test.dll" adapterTypeName="executor://xunit/VsTestRunner2/netcoreapp" className="ModelRelief.Test.Integration.Models.ModelsFileIntegrationTests" name="FileRequest_FileCanBeReadAfterRename" /></UnitTest><UnitTest name="Post_CanCreateNewModel" storage="d:\users\steve knipmeyer\documents\github\modelrelief\modelrelief.test\bin\debug\netcoreapp2.0\modelrelief.test.dll" id="92b95b80-9216-4d0b-85b5-27b9cb7165bc"><Execution id="874857a0-c533-486e-8a9f-3b3e517541da" /><TestMethod codeBase="D:\Users\Steve Knipmeyer\Documents\GitHub\ModelRelief\ModelRelief.test\bin\Debug\netcoreapp2.0\ModelRelief.Test.dll" adapterTypeName="executor://xunit/VsTestRunner2/netcoreapp" className="ModelRelief.Test.Integration.MeshTransforms.MeshTransformsBaseIntegrationTests" name="Post_CanCreateNewModel" /></UnitTest><UnitTest name="GetList_ListReturnsCorrectCount" storage="d:\users\steve knipmeyer\documents\github\modelrelief\modelrelief.test\bin\debug\netcoreapp2.0\modelrelief.test.dll" id="77002393-e958-4be8-b23d-1f4a8f59610e"><Execution id="3f55b5f2-25d4-436d-a341-985f6b086da4" /><TestMethod codeBase="D:\Users\Steve Knipmeyer\Documents\GitHub\ModelRelief\ModelRelief.test\bin\Debug\netcoreapp2.0\ModelRelief.Test.dll" adapterTypeName="executor://xunit/VsTestRunner2/netcoreapp" className="ModelRelief.Test.Integration.Meshes.MeshesBaseIntegrationTests" name="GetList_ListReturnsCorrectCount" /></UnitTest><UnitTest name="PutFile_NewFileCanBePut" storage="d:\users\steve knipmeyer\documents\github\modelrelief\modelrelief.test\bin\debug\netcoreapp2.0\modelrelief.test.dll" id="410a003d-af6d-4ae5-b416-892147e82953"><Execution id="4b923053-9b32-4c14-8eec-a2e7174b9d16" /><TestMethod codeBase="D:\Users\Steve Knipmeyer\Documents\GitHub\ModelRelief\ModelRelief.test\bin\Debug\netcoreapp2.0\ModelRelief.Test.dll" adapterTypeName="executor://xunit/VsTestRunner2/netcoreapp" className="ModelRelief.Test.Integration.DepthBuffers.DepthBuffersFileIntegrationTests" name="PutFile_NewFileCanBePut" /></UnitTest><UnitTest name="Put_CanUpdateModel" storage="d:\users\steve knipmeyer\documents\github\modelrelief\modelrelief.test\bin\debug\netcoreapp2.0\modelrelief.test.dll" id="a5c9d7fa-4459-4c58-9174-b1accf0d8adb"><Execution id="00e7eb32-5947-4977-bbc6-9fc8a8b91f35" /><TestMethod codeBase="D:\Users\Steve Knipmeyer\Documents\GitHub\ModelRelief\ModelRelief.test\bin\Debug\netcoreapp2.0\ModelRelief.Test.dll" adapterTypeName="executor://xunit/VsTestRunner2/netcoreapp" className="ModelRelief.Test.Integration.Meshes.MeshesBaseIntegrationTests" name="Put_CanUpdateModel" /></UnitTest><UnitTest name="GetSingle_InvalidIdPropertyValueReturnsNotFound" storage="d:\users\steve knipmeyer\documents\github\modelrelief\modelrelief.test\bin\debug\netcoreapp2.0\modelrelief.test.dll" id="6ebf1678-f885-4be6-8c16-570207884c93"><Execution id="96ace2bc-737e-444c-9b7c-886b5f0345aa" /><TestMethod codeBase="D:\Users\Steve Knipmeyer\Documents\GitHub\ModelRelief\ModelRelief.test\bin\Debug\netcoreapp2.0\ModelRelief.Test.dll" adapterTypeName="executor://xunit/VsTestRunner2/netcoreapp" className="ModelRelief.Test.Integration.Projects.ProjectsBaseIntegrationTests" name="GetSingle_InvalidIdPropertyValueReturnsNotFound" /></UnitTest><UnitTest name="GetFile_FileCanBeRoundTripped" storage="d:\users\steve knipmeyer\documents\github\modelrelief\modelrelief.test\bin\debug\netcoreapp2.0\modelrelief.test.dll" id="d81bb887-6a9e-4c77-bf09-3b47705b0163"><Execution id="52ef7f59-e479-409d-8924-4b799f59d186" /><TestMethod codeBase="D:\Users\Steve Knipmeyer\Documents\GitHub\ModelRelief\ModelRelief.test\bin\Debug\netcoreapp2.0\ModelRelief.Test.dll" adapterTypeName="executor://xunit/VsTestRunner2/netcoreapp" className="ModelRelief.Test.Integration.Meshes.MeshesFileIntegrationTests" name="GetFile_FileCanBeRoundTripped" /></UnitTest><UnitTest name="GetSingle_ValidIdPropertyValueReturnsCorrectModel" storage="d:\users\steve knipmeyer\documents\github\modelrelief\modelrelief.test\bin\debug\netcoreapp2.0\modelrelief.test.dll" id="2340c363-8a93-4805-b799-443c170380ea"><Execution id="0c2b5ee7-418c-487b-9d11-bc488dcd4a75" /><TestMethod codeBase="D:\Users\Steve Knipmeyer\Documents\GitHub\ModelRelief\ModelRelief.test\bin\Debug\netcoreapp2.0\ModelRelief.Test.dll" adapterTypeName="executor://xunit/VsTestRunner2/netcoreapp" className="ModelRelief.Test.Integration.Projects.ProjectsBaseIntegrationTests" name="GetSingle_ValidIdPropertyValueReturnsCorrectModel" /></UnitTest><UnitTest name="Post_CanCreateNewModel" storage="d:\users\steve knipmeyer\documents\github\modelrelief\modelrelief.test\bin\debug\netcoreapp2.0\modelrelief.test.dll" id="50caf62d-e638-4ca9-be57-54292e67a92b"><Execution id="c3ebf181-b93f-4526-b9b7-508be9dfca9c" /><TestMethod codeBase="D:\Users\Steve Knipmeyer\Documents\GitHub\ModelRelief\ModelRelief.test\bin\Debug\netcoreapp2.0\ModelRelief.Test.dll" adapterTypeName="executor://xunit/VsTestRunner2/netcoreapp" className="ModelRelief.Test.Integration.Models.ModelsBaseIntegrationTests" name="Post_CanCreateNewModel" /></UnitTest><UnitTest name="Patch_InvalidReferencePropertyReturnsBadRequest" storage="d:\users\steve knipmeyer\documents\github\modelrelief\modelrelief.test\bin\debug\netcoreapp2.0\modelrelief.test.dll" id="906d7382-69a5-4b51-8337-31abe248e8e9"><Execution id="62a610a0-c6b9-4465-8240-46035113ad80" /><TestMethod codeBase="D:\Users\Steve Knipmeyer\Documents\GitHub\ModelRelief\ModelRelief.test\bin\Debug\netcoreapp2.0\ModelRelief.Test.dll" adapterTypeName="executor://xunit/VsTestRunner2/netcoreapp" className="ModelRelief.Test.Integration.MeshTransforms.MeshTransformsBaseIntegrationTests" name="Patch_InvalidReferencePropertyReturnsBadRequest" /></UnitTest><UnitTest name="FileRequest_MeshGenerateScalesDepthBufferByP1Scale" storage="d:\users\steve knipmeyer\documents\github\modelrelief\modelrelief.test\bin\debug\netcoreapp2.0\modelrelief.test.dll" id="80b7728b-73e8-4aee-b254-46f29d414c74"><Execution id="e079dcc4-543a-4bd6-ad97-59a279bdedea" /><TestMethod codeBase="D:\Users\Steve Knipmeyer\Documents\GitHub\ModelRelief\ModelRelief.test\bin\Debug\netcoreapp2.0\ModelRelief.Test.dll" adapterTypeName="executor://xunit/VsTestRunner2/netcoreapp" className="ModelRelief.Test.Integration.Meshes.MeshesFileIntegrationTests" name="FileRequest_MeshGenerateScalesDepthBufferByP1Scale" /></UnitTest><UnitTest name="Patch_InvalidReferencePropertyReturnsBadRequest" storage="d:\users\steve knipmeyer\documents\github\modelrelief\modelrelief.test\bin\debug\netcoreapp2.0\modelrelief.test.dll" id="e1dc435f-765d-42db-89e6-44132deecebc"><Execution id="e7936be3-1575-444c-8a1d-3e1f99d53b52" /><TestMethod codeBase="D:\Users\Steve Knipmeyer\Documents\GitHub\ModelRelief\ModelRelief.test\bin\Debug\netcoreapp2.0\ModelRelief.Test.dll" adapterTypeName="executor://xunit/VsTestRunner2/netcoreapp" className="ModelRelief.Test.Integration.Cameras.CamerasBaseIntegrationTests" name="Patch_InvalidReferencePropertyReturnsBadRequest" /></UnitTest><UnitTest name="GetFile_ExistingFileReturnsSuccess" storage="d:\users\steve knipmeyer\documents\github\modelrelief\modelrelief.test\bin\debug\netcoreapp2.0\modelrelief.test.dll" id="666c015a-39ca-45a0-9cde-658ab43e7f56"><Execution id="c2f23282-fa1c-4c39-aef6-7bd1cda30b2d" /><TestMethod codeBase="D:\Users\Steve Knipmeyer\Documents\GitHub\ModelRelief\ModelRelief.test\bin\Debug\netcoreapp2.0\ModelRelief.Test.dll" adapterTypeName="executor://xunit/VsTestRunner2/netcoreapp" className="ModelRelief.Test.Integration.DepthBuffers.DepthBuffersFileIntegrationTests" name="GetFile_ExistingFileReturnsSuccess" /></UnitTest><UnitTest name="Patch_MultipleInvalidReferencePropertiesReturnsMultipleValidationErrorsAndBadRequest" storage="d:\users\steve knipmeyer\documents\github\modelrelief\modelrelief.test\bin\debug\netcoreapp2.0\modelrelief.test.dll" id="d1f65c0b-e671-42e9-852d-e56dd9dfe050"><Execution id="dc787be8-593c-4a51-8f01-6f6e37857656" /><TestMethod codeBase="D:\Users\Steve Knipmeyer\Documents\GitHub\ModelRelief\ModelRelief.test\bin\Debug\netcoreapp2.0\ModelRelief.Test.dll" adapterTypeName="executor://xunit/VsTestRunner2/netcoreapp" className="ModelRelief.Test.Integration.Cameras.CamerasBaseIntegrationTests" name="Patch_MultipleInvalidReferencePropertiesReturnsMultipleValidationErrorsAndBadRequest" /></UnitTest><UnitTest name="Post_InvalidReferencePropertyReturnsBadRequest" storage="d:\users\steve knipmeyer\documents\github\modelrelief\modelrelief.test\bin\debug\netcoreapp2.0\modelrelief.test.dll" id="86c534fe-08d9-4500-acfc-cd7df5c79a42"><Execution id="439af969-bfbf-45d0-b7ec-0e021d87a33a" /><TestMethod codeBase="D:\Users\Steve Knipmeyer\Documents\GitHub\ModelRelief\ModelRelief.test\bin\Debug\netcoreapp2.0\ModelRelief.Test.dll" adapterTypeName="executor://xunit/VsTestRunner2/netcoreapp" className="ModelRelief.Test.Integration.MeshTransforms.MeshTransformsBaseIntegrationTests" name="Post_InvalidReferencePropertyReturnsBadRequest" /></UnitTest><UnitTest name="Delete_TargetModelIsDeleted" storage="d:\users\steve knipmeyer\documents\github\modelrelief\modelrelief.test\bin\debug\netcoreapp2.0\modelrelief.test.dll" id="0202b1c4-e102-4712-9b3f-b6ab009dfc18"><Execution id="e08504af-2272-4d79-983f-db692971e09f" /><TestMethod codeBase="D:\Users\Steve Knipmeyer\Documents\GitHub\ModelRelief\ModelRelief.test\bin\Debug\netcoreapp2.0\ModelRelief.Test.dll" adapterTypeName="executor://xunit/VsTestRunner2/netcoreapp" className="ModelRelief.Test.Integration.Models.ModelsBaseIntegrationTests" name="Delete_TargetModelIsDeleted" /></UnitTest><UnitTest name="GetSingle_ValidIdPropertyValueReturnsCorrectModel" storage="d:\users\steve knipmeyer\documents\github\modelrelief\modelrelief.test\bin\debug\netcoreapp2.0\modelrelief.test.dll" id="9f21a9fd-96d5-4f2f-b323-4d78611479ab"><Execution id="5a97f694-7ae4-4cdd-9a26-93912eb7cd24" /><TestMethod codeBase="D:\Users\Steve Knipmeyer\Documents\GitHub\ModelRelief\ModelRelief.test\bin\Debug\netcoreapp2.0\ModelRelief.Test.dll" adapterTypeName="executor://xunit/VsTestRunner2/netcoreapp" className="ModelRelief.Test.Integration.MeshTransforms.MeshTransformsBaseIntegrationTests" name="GetSingle_ValidIdPropertyValueReturnsCorrectModel" /></UnitTest><UnitTest name="Put_InvalidIdReturnsNotFound" storage="d:\users\steve knipmeyer\documents\github\modelrelief\modelrelief.test\bin\debug\netcoreapp2.0\modelrelief.test.dll" id="382ce707-66ab-483f-8d39-a6f1b810024d"><Execution id="2964a43d-69ec-474f-9271-5fd3b075d680" /><TestMethod codeBase="D:\Users\Steve Knipmeyer\Documents\GitHub\ModelRelief\ModelRelief.test\bin\Debug\netcoreapp2.0\ModelRelief.Test.dll" adapterTypeName="executor://xunit/VsTestRunner2/netcoreapp" className="ModelRelief.Test.Integration.Meshes.MeshesBaseIntegrationTests" name="Put_InvalidIdReturnsNotFound" /></UnitTest><UnitTest name="Patch_InvalidIdPropertyReturnsNotFound" storage="d:\users\steve knipmeyer\documents\github\modelrelief\modelrelief.test\bin\debug\netcoreapp2.0\modelrelief.test.dll" id="502eb76b-7e55-4181-b2f0-46f18eccfca7"><Execution id="fcc551e8-40fe-4775-ab87-4c9033027250" /><TestMethod codeBase="D:\Users\Steve Knipmeyer\Documents\GitHub\ModelRelief\ModelRelief.test\bin\Debug\netcoreapp2.0\ModelRelief.Test.dll" adapterTypeName="executor://xunit/VsTestRunner2/netcoreapp" className="ModelRelief.Test.Integration.Cameras.CamerasBaseIntegrationTests" name="Patch_InvalidIdPropertyReturnsNotFound" /></UnitTest><UnitTest name="FileRequest_DepthBufferIsInvalidatedAfterCameraDependencyPropertyChange" storage="d:\users\steve knipmeyer\documents\github\modelrelief\modelrelief.test\bin\debug\netcoreapp2.0\modelrelief.test.dll" id="a2d01e52-2f31-481a-997e-36adb27ec4fc"><Execution id="8fe7dd76-a3d8-433a-92e7-9d076270c3f9" /><TestMethod codeBase="D:\Users\Steve Knipmeyer\Documents\GitHub\ModelRelief\ModelRelief.test\bin\Debug\netcoreapp2.0\ModelRelief.Test.dll" adapterTypeName="executor://xunit/VsTestRunner2/netcoreapp" className="ModelRelief.Test.Integration.DepthBuffers.DepthBuffersFileIntegrationTests" name="FileRequest_DepthBufferIsInvalidatedAfterCameraDependencyPropertyChange" /></UnitTest><UnitTest name="Patch_InvalidEnumPropertyValueReturnsBadRequest" storage="d:\users\steve knipmeyer\documents\github\modelrelief\modelrelief.test\bin\debug\netcoreapp2.0\modelrelief.test.dll" id="c83b9ffe-0290-4e41-99fa-c7060f48236b"><Execution id="172cfe5d-9b2c-4610-92aa-212a088ce1cc" /><TestMethod codeBase="D:\Users\Steve Knipmeyer\Documents\GitHub\ModelRelief\ModelRelief.test\bin\Debug\netcoreapp2.0\ModelRelief.Test.dll" adapterTypeName="executor://xunit/VsTestRunner2/netcoreapp" className="ModelRelief.Test.Integration.Meshes.MeshesBaseIntegrationTests" name="Patch_InvalidEnumPropertyValueReturnsBadRequest" /></UnitTest><UnitTest name="GetSingle_InvalidIdPropertyValueReturnsNotFound" storage="d:\users\steve knipmeyer\documents\github\modelrelief\modelrelief.test\bin\debug\netcoreapp2.0\modelrelief.test.dll" id="53aa03a3-a15e-4c93-83ae-5fc9e5834d80"><Execution id="31958fe4-8722-4469-9542-ffc4d976f6c9" /><TestMethod codeBase="D:\Users\Steve Knipmeyer\Documents\GitHub\ModelRelief\ModelRelief.test\bin\Debug\netcoreapp2.0\ModelRelief.Test.dll" adapterTypeName="executor://xunit/VsTestRunner2/netcoreapp" className="ModelRelief.Test.Integration.Models.ModelsBaseIntegrationTests" name="GetSingle_InvalidIdPropertyValueReturnsNotFound" /></UnitTest><UnitTest name="Delete_TargetModelIsDeleted" storage="d:\users\steve knipmeyer\documents\github\modelrelief\modelrelief.test\bin\debug\netcoreapp2.0\modelrelief.test.dll" id="1e4d36d4-1dcb-4fce-b077-fe8ac7d8e45c"><Execution id="efe2d46a-a36a-4169-9467-b2b79e65a51e" /><TestMethod codeBase="D:\Users\Steve Knipmeyer\Documents\GitHub\ModelRelief\ModelRelief.test\bin\Debug\netcoreapp2.0\ModelRelief.Test.dll" adapterTypeName="executor://xunit/VsTestRunner2/netcoreapp" className="ModelRelief.Test.Integration.DepthBuffers.DepthBuffersBaseIntegrationTests" name="Delete_TargetModelIsDeleted" /></UnitTest><UnitTest name="Patch_ValidReferencePropertyUpdatesModel" storage="d:\users\steve knipmeyer\documents\github\modelrelief\modelrelief.test\bin\debug\netcoreapp2.0\modelrelief.test.dll" id="226d6c60-83c2-4b5d-a4dd-6c9b1a97551f"><Execution id="8b67ba86-5944-42b5-816b-9b7cab0141d7" /><TestMethod codeBase="D:\Users\Steve Knipmeyer\Documents\GitHub\ModelRelief\ModelRelief.test\bin\Debug\netcoreapp2.0\ModelRelief.Test.dll" adapterTypeName="executor://xunit/VsTestRunner2/netcoreapp" className="ModelRelief.Test.Integration.Meshes.MeshesBaseIntegrationTests" name="Patch_ValidReferencePropertyUpdatesModel" /></UnitTest><UnitTest name="Post_ValidReferencePropertyCreatesModel" storage="d:\users\steve knipmeyer\documents\github\modelrelief\modelrelief.test\bin\debug\netcoreapp2.0\modelrelief.test.dll" id="082beb65-f2d5-47e3-995a-c24cd90e85f9"><Execution id="a722e2a6-5dfe-4527-b86c-623841c9d93f" /><TestMethod codeBase="D:\Users\Steve Knipmeyer\Documents\GitHub\ModelRelief\ModelRelief.test\bin\Debug\netcoreapp2.0\ModelRelief.Test.dll" adapterTypeName="executor://xunit/VsTestRunner2/netcoreapp" className="ModelRelief.Test.Integration.Cameras.CamerasBaseIntegrationTests" name="Post_ValidReferencePropertyCreatesModel" /></UnitTest><UnitTest name="Delete_TargetModelIsDeleted" storage="d:\users\steve knipmeyer\documents\github\modelrelief\modelrelief.test\bin\debug\netcoreapp2.0\modelrelief.test.dll" id="02f3d7a4-6d3c-4844-b99b-e8111ffb671b"><Execution id="e5e3fd31-1a09-4e67-a00c-63e976f93b62" /><TestMethod codeBase="D:\Users\Steve Knipmeyer\Documents\GitHub\ModelRelief\ModelRelief.test\bin\Debug\netcoreapp2.0\ModelRelief.Test.dll" adapterTypeName="executor://xunit/VsTestRunner2/netcoreapp" className="ModelRelief.Test.Integration.Cameras.CamerasBaseIntegrationTests" name="Delete_TargetModelIsDeleted" /></UnitTest><UnitTest name="Patch_InvalidEnumPropertyValueReturnsBadRequest" storage="d:\users\steve knipmeyer\documents\github\modelrelief\modelrelief.test\bin\debug\netcoreapp2.0\modelrelief.test.dll" id="624366b3-cc87-4eda-a72b-88688cefde9c"><Execution id="5579439c-d99a-4f7a-bb18-70af7f39a40a" /><TestMethod codeBase="D:\Users\Steve Knipmeyer\Documents\GitHub\ModelRelief\ModelRelief.test\bin\Debug\netcoreapp2.0\ModelRelief.Test.dll" adapterTypeName="executor://xunit/VsTestRunner2/netcoreapp" className="ModelRelief.Test.Integration.Models.ModelsBaseIntegrationTests" name="Patch_InvalidEnumPropertyValueReturnsBadRequest" /></UnitTest><UnitTest name="Patch_InvalidPropertyNameReturnsBadRequest" storage="d:\users\steve knipmeyer\documents\github\modelrelief\modelrelief.test\bin\debug\netcoreapp2.0\modelrelief.test.dll" id="ad612daa-2237-4d22-a5c6-c7f16ddd7db9"><Execution id="3504e799-d4bb-4889-b5f1-8442ed03a60c" /><TestMethod codeBase="D:\Users\Steve Knipmeyer\Documents\GitHub\ModelRelief\ModelRelief.test\bin\Debug\netcoreapp2.0\ModelRelief.Test.dll" adapterTypeName="executor://xunit/VsTestRunner2/netcoreapp" className="ModelRelief.Test.Integration.Meshes.MeshesBaseIntegrationTests" name="Patch_InvalidPropertyNameReturnsBadRequest" /></UnitTest><UnitTest name="Put_InvalidReferencePropertyReturndBadRequest" storage="d:\users\steve knipmeyer\documents\github\modelrelief\modelrelief.test\bin\debug\netcoreapp2.0\modelrelief.test.dll" id="7390936e-6c64-463c-8104-a4c2ccd178ef"><Execution id="d9d28f0a-71cb-40f7-a1ac-98efe3de5e6d" /><TestMethod codeBase="D:\Users\Steve Knipmeyer\Documents\GitHub\ModelRelief\ModelRelief.test\bin\Debug\netcoreapp2.0\ModelRelief.Test.dll" adapterTypeName="executor://xunit/VsTestRunner2/netcoreapp" className="ModelRelief.Test.Integration.Models.ModelsBaseIntegrationTests" name="Put_InvalidReferencePropertyReturndBadRequest" /></UnitTest><UnitTest name="Put_ValidReferencePropertyUpdatesModel" storage="d:\users\steve knipmeyer\documents\github\modelrelief\modelrelief.test\bin\debug\netcoreapp2.0\modelrelief.test.dll" id="c78836f9-5c84-4da3-968f-c33ca54f5cab"><Execution id="3c6d016d-8640-4381-ad77-6506ff57ba8a" /><TestMethod codeBase="D:\Users\Steve Knipmeyer\Documents\GitHub\ModelRelief\ModelRelief.test\bin\Debug\netcoreapp2.0\ModelRelief.Test.dll" adapterTypeName="executor://xunit/VsTestRunner2/netcoreapp" className="ModelRelief.Test.Integration.Meshes.MeshesBaseIntegrationTests" name="Put_ValidReferencePropertyUpdatesModel" /></UnitTest><UnitTest name="LucyDepthBufferFindsOneDependent" storage="d:\users\steve knipmeyer\documents\github\modelrelief\modelrelief.test\bin\debug\netcoreapp2.0\modelrelief.test.dll" id="4653d2f2-8880-4ddb-b1ec-b1da8833a37e"><Execution id="7badf1ec-bf44-43cc-9c8a-4cc571b685dc" /><TestMethod codeBase="D:\Users\Steve Knipmeyer\Documents\GitHub\ModelRelief\ModelRelief.test\bin\Debug\netcoreapp2.0\ModelRelief.Test.dll" adapterTypeName="executor://xunit/VsTestRunner2/netcoreapp" className="ModelRelief.Test.Unit.DependencyManager.DependencyManagerTests" name="LucyDepthBufferFindsOneDependent" /></UnitTest><UnitTest name="GetSingle_ValidIdPropertyValueReturnsCorrectModel" storage="d:\users\steve knipmeyer\documents\github\modelrelief\modelrelief.test\bin\debug\netcoreapp2.0\modelrelief.test.dll" id="5b859ae8-4d39-41d3-8ee5-26519160503c"><Execution id="6171ed49-caaa-45be-955d-acfa67b62d10" /><TestMethod codeBase="D:\Users\Steve Knipmeyer\Documents\GitHub\ModelRelief\ModelRelief.test\bin\Debug\netcoreapp2.0\ModelRelief.Test.dll" adapterTypeName="executor://xunit/VsTestRunner2/netcoreapp" className="ModelRelief.Test.Integration.Meshes.MeshesBaseIntegrationTests" name="GetSingle_ValidIdPropertyValueReturnsCorrectModel" /></UnitTest><UnitTest name="Put_CanUpdateModel" storage="d:\users\steve knipmeyer\documents\github\modelrelief\modelrelief.test\bin\debug\netcoreapp2.0\modelrelief.test.dll" id="92c1901b-5aab-416f-aff6-6bc785d48524"><Execution id="42a6aef7-3fb9-4e9b-82a3-6051941008c7" /><TestMethod codeBase="D:\Users\Steve Knipmeyer\Documents\GitHub\ModelRelief\ModelRelief.test\bin\Debug\netcoreapp2.0\ModelRelief.Test.dll" adapterTypeName="executor://xunit/VsTestRunner2/netcoreapp" className="ModelRelief.Test.Integration.Cameras.CamerasBaseIntegrationTests" name="Put_CanUpdateModel" /></UnitTest><UnitTest name="GetSingle_InvalidIdPropertyValueReturnsNotFound" storage="d:\users\steve knipmeyer\documents\github\modelrelief\modelrelief.test\bin\debug\netcoreapp2.0\modelrelief.test.dll" id="0f857424-f12b-432f-8bb1-7334a9a71a2a"><Execution id="63256cd8-d51f-44b1-83b2-3a3c0518e473" /><TestMethod codeBase="D:\Users\Steve Knipmeyer\Documents\GitHub\ModelRelief\ModelRelief.test\bin\Debug\netcoreapp2.0\ModelRelief.Test.dll" adapterTypeName="executor://xunit/VsTestRunner2/netcoreapp" className="ModelRelief.Test.Integration.DepthBuffers.DepthBuffersBaseIntegrationTests" name="GetSingle_InvalidIdPropertyValueReturnsNotFound" /></UnitTest><UnitTest name="Post_InvalidReferencePropertyReturnsBadRequest" storage="d:\users\steve knipmeyer\documents\github\modelrelief\modelrelief.test\bin\debug\netcoreapp2.0\modelrelief.test.dll" id="5d99fda6-c8f5-4366-9332-0d17a1733e4c"><Execution id="92634180-0839-4d63-9818-1c0451eb811a" /><TestMethod codeBase="D:\Users\Steve Knipmeyer\Documents\GitHub\ModelRelief\ModelRelief.test\bin\Debug\netcoreapp2.0\ModelRelief.Test.dll" adapterTypeName="executor://xunit/VsTestRunner2/netcoreapp" className="ModelRelief.Test.Integration.Meshes.MeshesBaseIntegrationTests" name="Post_InvalidReferencePropertyReturnsBadRequest" /></UnitTest><UnitTest name="GetSingle_ValidIdPropertyValueReturnsCorrectModel" storage="d:\users\steve knipmeyer\documents\github\modelrelief\modelrelief.test\bin\debug\netcoreapp2.0\modelrelief.test.dll" id="09d73cfb-04c2-43b3-8925-092cc5cb2eeb"><Execution id="0547ce77-e6b6-45e1-8fb0-ed2df131b289" /><TestMethod codeBase="D:\Users\Steve Knipmeyer\Documents\GitHub\ModelRelief\ModelRelief.test\bin\Debug\netcoreapp2.0\ModelRelief.Test.dll" adapterTypeName="executor://xunit/VsTestRunner2/netcoreapp" className="ModelRelief.Test.Integration.Cameras.CamerasBaseIntegrationTests" name="GetSingle_ValidIdPropertyValueReturnsCorrectModel" /></UnitTest><UnitTest name="Patch_MultipleInvalidReferencePropertiesReturnsMultipleValidationErrorsAndBadRequest" storage="d:\users\steve knipmeyer\documents\github\modelrelief\modelrelief.test\bin\debug\netcoreapp2.0\modelrelief.test.dll" id="18a03708-2c01-44b8-8386-1fd4378598f2"><Execution id="687d1de2-60e4-4dc4-8661-5af97cc9b703" /><TestMethod codeBase="D:\Users\Steve Knipmeyer\Documents\GitHub\ModelRelief\ModelRelief.test\bin\Debug\netcoreapp2.0\ModelRelief.Test.dll" adapterTypeName="executor://xunit/VsTestRunner2/netcoreapp" className="ModelRelief.Test.Integration.DepthBuffers.DepthBuffersBaseIntegrationTests" name="Patch_MultipleInvalidReferencePropertiesReturnsMultipleValidationErrorsAndBadRequest" /></UnitTest><UnitTest name="Patch_MultipleInvalidReferencePropertiesReturnsMultipleValidationErrorsAndBadRequest" storage="d:\users\steve knipmeyer\documents\github\modelrelief\modelrelief.test\bin\debug\netcoreapp2.0\modelrelief.test.dll" id="ce5d44f8-97e7-4600-b478-edffd1b6ab4d"><Execution id="e7c6b486-857c-4baa-bff2-ea8eba0ad76c" /><TestMethod codeBase="D:\Users\Steve Knipmeyer\Documents\GitHub\ModelRelief\ModelRelief.test\bin\Debug\netcoreapp2.0\ModelRelief.Test.dll" adapterTypeName="executor://xunit/VsTestRunner2/netcoreapp" className="ModelRelief.Test.Integration.Projects.ProjectsBaseIntegrationTests" name="Patch_MultipleInvalidReferencePropertiesReturnsMultipleValidationErrorsAndBadRequest" /></UnitTest><UnitTest name="Put_InvalidIdReturnsNotFound" storage="d:\users\steve knipmeyer\documents\github\modelrelief\modelrelief.test\bin\debug\netcoreapp2.0\modelrelief.test.dll" id="6433a957-8b5a-4154-b5a9-e6a38e775b4c"><Execution id="e1205b71-31d3-4758-a84a-00a573391d87" /><TestMethod codeBase="D:\Users\Steve Knipmeyer\Documents\GitHub\ModelRelief\ModelRelief.test\bin\Debug\netcoreapp2.0\ModelRelief.Test.dll" adapterTypeName="executor://xunit/VsTestRunner2/netcoreapp" className="ModelRelief.Test.Integration.Cameras.CamerasBaseIntegrationTests" name="Put_InvalidIdReturnsNotFound" /></UnitTest><UnitTest name="Patch_InvalidPropertyNameReturnsBadRequest" storage="d:\users\steve knipmeyer\documents\github\modelrelief\modelrelief.test\bin\debug\netcoreapp2.0\modelrelief.test.dll" id="60831fff-0c55-4f17-a13a-4fb6e5e8c43b"><Execution id="cab383ec-2274-4b03-97c5-ba10272a74d6" /><TestMethod codeBase="D:\Users\Steve Knipmeyer\Documents\GitHub\ModelRelief\ModelRelief.test\bin\Debug\netcoreapp2.0\ModelRelief.Test.dll" adapterTypeName="executor://xunit/VsTestRunner2/netcoreapp" className="ModelRelief.Test.Integration.Projects.ProjectsBaseIntegrationTests" name="Patch_InvalidPropertyNameReturnsBadRequest" /></UnitTest><UnitTest name="GetSingle_ValidIdPropertyValueReturnsCorrectModel" storage="d:\users\steve knipmeyer\documents\github\modelrelief\modelrelief.test\bin\debug\netcoreapp2.0\modelrelief.test.dll" id="e0cf6d18-9d6e-4138-b9f6-e4f1a56da3c5"><Execution id="4b7b94bf-307d-4c96-bf83-954f9f4f8ef4" /><TestMethod codeBase="D:\Users\Steve Knipmeyer\Documents\GitHub\ModelRelief\ModelRelief.test\bin\Debug\netcoreapp2.0\ModelRelief.Test.dll" adapterTypeName="executor://xunit/VsTestRunner2/netcoreapp" className="ModelRelief.Test.Integration.DepthBuffers.DepthBuffersBaseIntegrationTests" name="GetSingle_ValidIdPropertyValueReturnsCorrectModel" /></UnitTest><UnitTest name="Patch_InvalidIdPropertyReturnsNotFound" storage="d:\users\steve knipmeyer\documents\github\modelrelief\modelrelief.test\bin\debug\netcoreapp2.0\modelrelief.test.dll" id="ae715d35-934d-4689-92fe-9cfc461dfbce"><Execution id="61b8ab7f-08a4-44e4-8300-90b63923e190" /><TestMethod codeBase="D:\Users\Steve Knipmeyer\Documents\GitHub\ModelRelief\ModelRelief.test\bin\Debug\netcoreapp2.0\ModelRelief.Test.dll" adapterTypeName="executor://xunit/VsTestRunner2/netcoreapp" className="ModelRelief.Test.Integration.DepthBuffers.DepthBuffersBaseIntegrationTests" name="Patch_InvalidIdPropertyReturnsNotFound" /></UnitTest><UnitTest name="Patch_InvalidReferencePropertyReturnsBadRequest" storage="d:\users\steve knipmeyer\documents\github\modelrelief\modelrelief.test\bin\debug\netcoreapp2.0\modelrelief.test.dll" id="2c6017c4-6589-4573-87c2-c1d9965f568f"><Execution id="051f3a5a-6c72-4654-b820-eca0de93fec6" /><TestMethod codeBase="D:\Users\Steve Knipmeyer\Documents\GitHub\ModelRelief\ModelRelief.test\bin\Debug\netcoreapp2.0\ModelRelief.Test.dll" adapterTypeName="executor://xunit/VsTestRunner2/netcoreapp" className="ModelRelief.Test.Integration.DepthBuffers.DepthBuffersBaseIntegrationTests" name="Patch_InvalidReferencePropertyReturnsBadRequest" /></UnitTest><UnitTest name="Put_CanUpdateModel" storage="d:\users\steve knipmeyer\documents\github\modelrelief\modelrelief.test\bin\debug\netcoreapp2.0\modelrelief.test.dll" id="322fce0f-a6a6-4ec3-81ed-0dcf205d4220"><Execution id="9980b660-24bb-4320-9f1e-efef4d4b5acd" /><TestMethod codeBase="D:\Users\Steve Knipmeyer\Documents\GitHub\ModelRelief\ModelRelief.test\bin\Debug\netcoreapp2.0\ModelRelief.Test.dll" adapterTypeName="executor://xunit/VsTestRunner2/netcoreapp" className="ModelRelief.Test.Integration.Projects.ProjectsBaseIntegrationTests" name="Put_CanUpdateModel" /></UnitTest><UnitTest name="Patch_InvalidReferencePropertyReturnsBadRequest" storage="d:\users\steve knipmeyer\documents\github\modelrelief\modelrelief.test\bin\debug\netcoreapp2.0\modelrelief.test.dll" id="455c029d-d2e9-44ee-8cb1-b040e397ad75"><Execution id="898b2a12-204f-42a7-964d-9db9d7e45f84" /><TestMethod codeBase="D:\Users\Steve Knipmeyer\Documents\GitHub\ModelRelief\ModelRelief.test\bin\Debug\netcoreapp2.0\ModelRelief.Test.dll" adapterTypeName="executor://xunit/VsTestRunner2/netcoreapp" className="ModelRelief.Test.Integration.Projects.ProjectsBaseIntegrationTests" name="Patch_InvalidReferencePropertyReturnsBadRequest" /></UnitTest><UnitTest name="Post_InvalidReferencePropertyReturnsBadRequest" storage="d:\users\steve knipmeyer\documents\github\modelrelief\modelrelief.test\bin\debug\netcoreapp2.0\modelrelief.test.dll" id="347a2725-c023-4c7b-bc2f-8728905baeef"><Execution id="75251c7b-277e-46d3-85d1-31e5e124e78b" /><TestMethod codeBase="D:\Users\Steve Knipmeyer\Documents\GitHub\ModelRelief\ModelRelief.test\bin\Debug\netcoreapp2.0\ModelRelief.Test.dll" adapterTypeName="executor://xunit/VsTestRunner2/netcoreapp" className="ModelRelief.Test.Integration.Cameras.CamerasBaseIntegrationTests" name="Post_InvalidReferencePropertyReturnsBadRequest" /></UnitTest><UnitTest name="GetFile_FileCanBeRoundTripped" storage="d:\users\steve knipmeyer\documents\github\modelrelief\modelrelief.test\bin\debug\netcoreapp2.0\modelrelief.test.dll" id="0baebb2e-8c66-42f3-bfa0-61f7df5b6f96"><Execution id="6f5983a5-3cc4-48b6-a12e-a877a38b34cc" /><TestMethod codeBase="D:\Users\Steve Knipmeyer\Documents\GitHub\ModelRelief\ModelRelief.test\bin\Debug\netcoreapp2.0\ModelRelief.Test.dll" adapterTypeName="executor://xunit/VsTestRunner2/netcoreapp" className="ModelRelief.Test.Integration.Models.ModelsFileIntegrationTests" name="GetFile_FileCanBeRoundTripped" /></UnitTest><UnitTest name="Put_InvalidReferencePropertyReturndBadRequest" storage="d:\users\steve knipmeyer\documents\github\modelrelief\modelrelief.test\bin\debug\netcoreapp2.0\modelrelief.test.dll" id="be0619f6-8560-4e65-99b9-ad11fbe70206"><Execution id="adcfbc79-cf7d-4667-910e-a59a50dc1768" /><TestMethod codeBase="D:\Users\Steve Knipmeyer\Documents\GitHub\ModelRelief\ModelRelief.test\bin\Debug\netcoreapp2.0\ModelRelief.Test.dll" adapterTypeName="executor://xunit/VsTestRunner2/netcoreapp" className="ModelRelief.Test.Integration.MeshTransforms.MeshTransformsBaseIntegrationTests" name="Put_InvalidReferencePropertyReturndBadRequest" /></UnitTest><UnitTest name="Patch_InvalidPropertyNameReturnsBadRequest" storage="d:\users\steve knipmeyer\documents\github\modelrelief\modelrelief.test\bin\debug\netcoreapp2.0\modelrelief.test.dll" id="33f6054b-f54b-462f-9d3f-8b9e98044935"><Execution id="ff9d1598-8d9b-4333-94c9-6bd2599745ec" /><TestMethod codeBase="D:\Users\Steve Knipmeyer\Documents\GitHub\ModelRelief\ModelRelief.test\bin\Debug\netcoreapp2.0\ModelRelief.Test.dll" adapterTypeName="executor://xunit/VsTestRunner2/netcoreapp" className="ModelRelief.Test.Integration.DepthBuffers.DepthBuffersBaseIntegrationTests" name="Patch_InvalidPropertyNameReturnsBadRequest" /></UnitTest><UnitTest name="Put_InvalidReferencePropertyReturndBadRequest" storage="d:\users\steve knipmeyer\documents\github\modelrelief\modelrelief.test\bin\debug\netcoreapp2.0\modelrelief.test.dll" id="65e2bcd9-45dd-4981-ac2c-c234edd6b875"><Execution id="cbaaa735-4f0b-4b2e-a26e-cf34cc8962b1" /><TestMethod codeBase="D:\Users\Steve Knipmeyer\Documents\GitHub\ModelRelief\ModelRelief.test\bin\Debug\netcoreapp2.0\ModelRelief.Test.dll" adapterTypeName="executor://xunit/VsTestRunner2/netcoreapp" className="ModelRelief.Test.Integration.Projects.ProjectsBaseIntegrationTests" name="Put_InvalidReferencePropertyReturndBadRequest" /></UnitTest><UnitTest name="Post_InvalidReferencePropertyReturnsBadRequest" storage="d:\users\steve knipmeyer\documents\github\modelrelief\modelrelief.test\bin\debug\netcoreapp2.0\modelrelief.test.dll" id="33726a98-951e-4e08-abc2-4a274706414a"><Execution id="16e3be18-51ec-4a53-8c1e-b147a28049eb" /><TestMethod codeBase="D:\Users\Steve Knipmeyer\Documents\GitHub\ModelRelief\ModelRelief.test\bin\Debug\netcoreapp2.0\ModelRelief.Test.dll" adapterTypeName="executor://xunit/VsTestRunner2/netcoreapp" className="ModelRelief.Test.Integration.Projects.ProjectsBaseIntegrationTests" name="Post_InvalidReferencePropertyReturnsBadRequest" /></UnitTest><UnitTest name="FileRequest_FileCanBeReadAfterRename" storage="d:\users\steve knipmeyer\documents\github\modelrelief\modelrelief.test\bin\debug\netcoreapp2.0\modelrelief.test.dll" id="052205ab-c19a-4994-b1b2-97e186c48ef3"><Execution id="9c11f6a7-f0dc-4f82-8463-68dc4cbd5078" /><TestMethod codeBase="D:\Users\Steve Knipmeyer\Documents\GitHub\ModelRelief\ModelRelief.test\bin\Debug\netcoreapp2.0\ModelRelief.Test.dll" adapterTypeName="executor://xunit/VsTestRunner2/netcoreapp" className="ModelRelief.Test.Integration.Meshes.MeshesFileIntegrationTests" name="FileRequest_FileCanBeReadAfterRename" /></UnitTest><UnitTest name="Patch_InvalidReferencePropertyReturnsBadRequest" storage="d:\users\steve knipmeyer\documents\github\modelrelief\modelrelief.test\bin\debug\netcoreapp2.0\modelrelief.test.dll" id="3bcd4173-b6dc-48b5-b654-26301f746004"><Execution id="8e66ad98-612a-4829-92d1-5795a0cb88b3" /><TestMethod codeBase="D:\Users\Steve Knipmeyer\Documents\GitHub\ModelRelief\ModelRelief.test\bin\Debug\netcoreapp2.0\ModelRelief.Test.dll" adapterTypeName="executor://xunit/VsTestRunner2/netcoreapp" className="ModelRelief.Test.Integration.Meshes.MeshesBaseIntegrationTests" name="Patch_InvalidReferencePropertyReturnsBadRequest" /></UnitTest><UnitTest name="PostFile_FileTimeStampIsUpdatedAfterFileIsPosted" storage="d:\users\steve knipmeyer\documents\github\modelrelief\modelrelief.test\bin\debug\netcoreapp2.0\modelrelief.test.dll" id="01012dad-04af-4320-9d83-49df022c2dbc"><Execution id="d1b85a75-72f5-46e9-95cb-afa2694f7c84" /><TestMethod codeBase="D:\Users\Steve Knipmeyer\Documents\GitHub\ModelRelief\ModelRelief.test\bin\Debug\netcoreapp2.0\ModelRelief.Test.dll" adapterTypeName="executor://xunit/VsTestRunner2/netcoreapp" className="ModelRelief.Test.Integration.Models.ModelsFileIntegrationTests" name="PostFile_FileTimeStampIsUpdatedAfterFileIsPosted" /></UnitTest><UnitTest name="LucyCameraFindsAllDependents" storage="d:\users\steve knipmeyer\documents\github\modelrelief\modelrelief.test\bin\debug\netcoreapp2.0\modelrelief.test.dll" id="b8415758-ff04-4bb8-bfc7-bb0dc49fd6f9"><Execution id="22b54d1b-be06-4287-a29f-5bd3e3cc73b8" /><TestMethod codeBase="D:\Users\Steve Knipmeyer\Documents\GitHub\ModelRelief\ModelRelief.test\bin\Debug\netcoreapp2.0\ModelRelief.Test.dll" adapterTypeName="executor://xunit/VsTestRunner2/netcoreapp" className="ModelRelief.Test.Unit.DependencyManager.DependencyManagerTests" name="LucyCameraFindsAllDependents" /></UnitTest><UnitTest name="Patch_TargetPropertyIsUpdated" storage="d:\users\steve knipmeyer\documents\github\modelrelief\modelrelief.test\bin\debug\netcoreapp2.0\modelrelief.test.dll" id="a01c906c-81fd-4aa0-87a4-4561aabe8f32"><Execution id="c8b5ace0-8a59-44ed-a7ca-eadb36e8f473" /><TestMethod codeBase="D:\Users\Steve Knipmeyer\Documents\GitHub\ModelRelief\ModelRelief.test\bin\Debug\netcoreapp2.0\ModelRelief.Test.dll" adapterTypeName="executor://xunit/VsTestRunner2/netcoreapp" className="ModelRelief.Test.Integration.DepthBuffers.DepthBuffersBaseIntegrationTests" name="Patch_TargetPropertyIsUpdated" /></UnitTest><UnitTest name="GetFile_NonExistentFileReturnsNotFound" storage="d:\users\steve knipmeyer\documents\github\modelrelief\modelrelief.test\bin\debug\netcoreapp2.0\modelrelief.test.dll" id="66c18d9b-962f-4d6b-a9ad-4938f8f80e7b"><Execution id="0327bc76-2e6d-4503-a035-9557c606fd0a" /><TestMethod codeBase="D:\Users\Steve Knipmeyer\Documents\GitHub\ModelRelief\ModelRelief.test\bin\Debug\netcoreapp2.0\ModelRelief.Test.dll" adapterTypeName="executor://xunit/VsTestRunner2/netcoreapp" className="ModelRelief.Test.Integration.Meshes.MeshesFileIntegrationTests" name="GetFile_NonExistentFileReturnsNotFound" /></UnitTest><UnitTest name="FileRequest_MeshGenerateSetsFileIsSynchronized" storage="d:\users\steve knipmeyer\documents\github\modelrelief\modelrelief.test\bin\debug\netcoreapp2.0\modelrelief.test.dll" id="87737eda-aacc-462e-989e-e452c85dcaf1"><Execution id="05773760-058b-4b9f-8676-7216a1838e96" /><TestMethod codeBase="D:\Users\Steve Knipmeyer\Documents\GitHub\ModelRelief\ModelRelief.test\bin\Debug\netcoreapp2.0\ModelRelief.Test.dll" adapterTypeName="executor://xunit/VsTestRunner2/netcoreapp" className="ModelRelief.Test.Integration.Meshes.MeshesFileIntegrationTests" name="FileRequest_MeshGenerateSetsFileIsSynchronized" /></UnitTest><UnitTest name="Put_CanUpdateModel" storage="d:\users\steve knipmeyer\documents\github\modelrelief\modelrelief.test\bin\debug\netcoreapp2.0\modelrelief.test.dll" id="4ae5cad1-e6b3-48d7-b5f1-bea95827a03a"><Execution id="38948019-7b6e-4533-9dcf-c0555c4d976d" /><TestMethod codeBase="D:\Users\Steve Knipmeyer\Documents\GitHub\ModelRelief\ModelRelief.test\bin\Debug\netcoreapp2.0\ModelRelief.Test.dll" adapterTypeName="executor://xunit/VsTestRunner2/netcoreapp" className="ModelRelief.Test.Integration.DepthBuffers.DepthBuffersBaseIntegrationTests" name="Put_CanUpdateModel" /></UnitTest><UnitTest name="Post_CanCreateNewModel" storage="d:\users\steve knipmeyer\documents\github\modelrelief\modelrelief.test\bin\debug\netcoreapp2.0\modelrelief.test.dll" id="b8c69bb5-f6b6-4b74-aef1-d38dfd96b369"><Execution id="4ac6faa3-78c9-42db-9a7b-66f7f52c60be" /><TestMethod codeBase="D:\Users\Steve Knipmeyer\Documents\GitHub\ModelRelief\ModelRelief.test\bin\Debug\netcoreapp2.0\ModelRelief.Test.dll" adapterTypeName="executor://xunit/VsTestRunner2/netcoreapp" className="ModelRelief.Test.Integration.Meshes.MeshesBaseIntegrationTests" name="Post_CanCreateNewModel" /></UnitTest><UnitTest name="Patch_ValidReferencePropertyUpdatesModel" storage="d:\users\steve knipmeyer\documents\github\modelrelief\modelrelief.test\bin\debug\netcoreapp2.0\modelrelief.test.dll" id="179a9d19-af0e-4efd-a21b-44fea0fc89db"><Execution id="778ea310-720b-4f79-b0b0-673945013016" /><TestMethod codeBase="D:\Users\Steve Knipmeyer\Documents\GitHub\ModelRelief\ModelRelief.test\bin\Debug\netcoreapp2.0\ModelRelief.Test.dll" adapterTypeName="executor://xunit/VsTestRunner2/netcoreapp" className="ModelRelief.Test.Integration.Models.ModelsBaseIntegrationTests" name="Patch_ValidReferencePropertyUpdatesModel" /></UnitTest><UnitTest name="Patch_InvalidPropertyNameReturnsBadRequest" storage="d:\users\steve knipmeyer\documents\github\modelrelief\modelrelief.test\bin\debug\netcoreapp2.0\modelrelief.test.dll" id="2c24e394-f425-4be0-99b3-13856853dd69"><Execution id="ebc4dfdb-25d4-488e-a232-ed8b6c7177e6" /><TestMethod codeBase="D:\Users\Steve Knipmeyer\Documents\GitHub\ModelRelief\ModelRelief.test\bin\Debug\netcoreapp2.0\ModelRelief.Test.dll" adapterTypeName="executor://xunit/VsTestRunner2/netcoreapp" className="ModelRelief.Test.Integration.MeshTransforms.MeshTransformsBaseIntegrationTests" name="Patch_InvalidPropertyNameReturnsBadRequest" /></UnitTest><UnitTest name="Post_ValidReferencePropertyCreatesModel" storage="d:\users\steve knipmeyer\documents\github\modelrelief\modelrelief.test\bin\debug\netcoreapp2.0\modelrelief.test.dll" id="8ea2c01a-b21d-4ace-817b-8b3030540122"><Execution id="091db2d4-0ea3-457b-894c-3d8f7f647199" /><TestMethod codeBase="D:\Users\Steve Knipmeyer\Documents\GitHub\ModelRelief\ModelRelief.test\bin\Debug\netcoreapp2.0\ModelRelief.Test.dll" adapterTypeName="executor://xunit/VsTestRunner2/netcoreapp" className="ModelRelief.Test.Integration.Models.ModelsBaseIntegrationTests" name="Post_ValidReferencePropertyCreatesModel" /></UnitTest><UnitTest name="LucyModel3dHasTwoDependents" storage="d:\users\steve knipmeyer\documents\github\modelrelief\modelrelief.test\bin\debug\netcoreapp2.0\modelrelief.test.dll" id="ed219050-6de3-45d2-8f26-19d0fe3017b3"><Execution id="1b6afe18-cef5-4faa-8158-384b02c9c42d" /><TestMethod codeBase="D:\Users\Steve Knipmeyer\Documents\GitHub\ModelRelief\ModelRelief.test\bin\Debug\netcoreapp2.0\ModelRelief.Test.dll" adapterTypeName="executor://xunit/VsTestRunner2/netcoreapp" className="ModelRelief.Test.Unit.DependencyManager.DependencyManagerTests" name="LucyModel3dHasTwoDependents" /></UnitTest><UnitTest name="Put_CanUpdateModel" storage="d:\users\steve knipmeyer\documents\github\modelrelief\modelrelief.test\bin\debug\netcoreapp2.0\modelrelief.test.dll" id="3f854008-3c5e-4055-8e8b-626652914cd9"><Execution id="709e369f-af7d-4053-ba9d-6064068db31e" /><TestMethod codeBase="D:\Users\Steve Knipmeyer\Documents\GitHub\ModelRelief\ModelRelief.test\bin\Debug\netcoreapp2.0\ModelRelief.Test.dll" adapterTypeName="executor://xunit/VsTestRunner2/netcoreapp" className="ModelRelief.Test.Integration.Models.ModelsBaseIntegrationTests" name="Put_CanUpdateModel" /></UnitTest><UnitTest name="GetList_ListReturnsCorrectCount" storage="d:\users\steve knipmeyer\documents\github\modelrelief\modelrelief.test\bin\debug\netcoreapp2.0\modelrelief.test.dll" id="2129aedb-8415-41b8-9ceb-e4fef7bed6d5"><Execution id="d4a1ad22-02c2-4448-a415-12ca8f46c41e" /><TestMethod codeBase="D:\Users\Steve Knipmeyer\Documents\GitHub\ModelRelief\ModelRelief.test\bin\Debug\netcoreapp2.0\ModelRelief.Test.dll" adapterTypeName="executor://xunit/VsTestRunner2/netcoreapp" className="ModelRelief.Test.Integration.MeshTransforms.MeshTransformsBaseIntegrationTests" name="GetList_ListReturnsCorrectCount" /></UnitTest><UnitTest name="Patch_InvalidIdPropertyReturnsNotFound" storage="d:\users\steve knipmeyer\documents\github\modelrelief\modelrelief.test\bin\debug\netcoreapp2.0\modelrelief.test.dll" id="6c36b69e-6c52-4189-b311-7c9c8d53b3c1"><Execution id="80247c6b-8971-47e9-bb20-6c60b8dec158" /><TestMethod codeBase="D:\Users\Steve Knipmeyer\Documents\GitHub\ModelRelief\ModelRelief.test\bin\Debug\netcoreapp2.0\ModelRelief.Test.dll" adapterTypeName="executor://xunit/VsTestRunner2/netcoreapp" className="ModelRelief.Test.Integration.Projects.ProjectsBaseIntegrationTests" name="Patch_InvalidIdPropertyReturnsNotFound" /></UnitTest><UnitTest name="Put_InvalidIdReturnsNotFound" storage="d:\users\steve knipmeyer\documents\github\modelrelief\modelrelief.test\bin\debug\netcoreapp2.0\modelrelief.test.dll" id="f36372e9-e24e-4f3c-8b8d-02c9cd90c48c"><Execution id="c7f35564-80a2-4b5c-bca8-42a99cbc7410" /><TestMethod codeBase="D:\Users\Steve Knipmeyer\Documents\GitHub\ModelRelief\ModelRelief.test\bin\Debug\netcoreapp2.0\ModelRelief.Test.dll" adapterTypeName="executor://xunit/VsTestRunner2/netcoreapp" className="ModelRelief.Test.Integration.MeshTransforms.MeshTransformsBaseIntegrationTests" name="Put_InvalidIdReturnsNotFound" /></UnitTest><UnitTest name="Patch_TargetPropertyIsUpdated" storage="d:\users\steve knipmeyer\documents\github\modelrelief\modelrelief.test\bin\debug\netcoreapp2.0\modelrelief.test.dll" id="86b3ff88-c6e8-44f7-b6b7-8addc9653d88"><Execution id="ef1f47d6-92fd-4c1b-8ca8-6cc64813fc42" /><TestMethod codeBase="D:\Users\Steve Knipmeyer\Documents\GitHub\ModelRelief\ModelRelief.test\bin\Debug\netcoreapp2.0\ModelRelief.Test.dll" adapterTypeName="executor://xunit/VsTestRunner2/netcoreapp" className="ModelRelief.Test.Integration.MeshTransforms.MeshTransformsBaseIntegrationTests" name="Patch_TargetPropertyIsUpdated" /></UnitTest><UnitTest name="Post_CanCreateNewModel" storage="d:\users\steve knipmeyer\documents\github\modelrelief\modelrelief.test\bin\debug\netcoreapp2.0\modelrelief.test.dll" id="5966330a-71e2-4909-be1a-77cc157ee780"><Execution id="7bcd05c0-6302-482b-8eb5-6b1a3754f693" /><TestMethod codeBase="D:\Users\Steve Knipmeyer\Documents\GitHub\ModelRelief\ModelRelief.test\bin\Debug\netcoreapp2.0\ModelRelief.Test.dll" adapterTypeName="executor://xunit/VsTestRunner2/netcoreapp" className="ModelRelief.Test.Integration.Projects.ProjectsBaseIntegrationTests" name="Post_CanCreateNewModel" /></UnitTest><UnitTest name="Patch_InvalidReferencePropertyReturnsBadRequest" storage="d:\users\steve knipmeyer\documents\github\modelrelief\modelrelief.test\bin\debug\netcoreapp2.0\modelrelief.test.dll" id="f4383363-0446-4f8b-9899-029fed96b232"><Execution id="69642b0d-74c7-4ec5-8eac-4203fe5dfcd2" /><TestMethod codeBase="D:\Users\Steve Knipmeyer\Documents\GitHub\ModelRelief\ModelRelief.test\bin\Debug\netcoreapp2.0\ModelRelief.Test.dll" adapterTypeName="executor://xunit/VsTestRunner2/netcoreapp" className="ModelRelief.Test.Integration.Models.ModelsBaseIntegrationTests" name="Patch_InvalidReferencePropertyReturnsBadRequest" /></UnitTest><UnitTest name="Post_CanCreateNewModel" storage="d:\users\steve knipmeyer\documents\github\modelrelief\modelrelief.test\bin\debug\netcoreapp2.0\modelrelief.test.dll" id="98804afd-83c3-4a5e-86c2-e24fd9a7511c"><Execution id="077909c8-f878-4b3f-97af-b4920a8a9835" /><TestMethod codeBase="D:\Users\Steve Knipmeyer\Documents\GitHub\ModelRelief\ModelRelief.test\bin\Debug\netcoreapp2.0\ModelRelief.Test.dll" adapterTypeName="executor://xunit/VsTestRunner2/netcoreapp" className="ModelRelief.Test.Integration.DepthBuffers.DepthBuffersBaseIntegrationTests" name="Post_CanCreateNewModel" /></UnitTest><UnitTest name="Patch_MultipleInvalidReferencePropertiesReturnsMultipleValidationErrorsAndBadRequest" storage="d:\users\steve knipmeyer\documents\github\modelrelief\modelrelief.test\bin\debug\netcoreapp2.0\modelrelief.test.dll" id="269ccf48-5469-4f71-96e4-e95dd206b67a"><Execution id="a1db11bc-3c7c-45a0-a8ab-55afc0540faf" /><TestMethod codeBase="D:\Users\Steve Knipmeyer\Documents\GitHub\ModelRelief\ModelRelief.test\bin\Debug\netcoreapp2.0\ModelRelief.Test.dll" adapterTypeName="executor://xunit/VsTestRunner2/netcoreapp" className="ModelRelief.Test.Integration.Models.ModelsBaseIntegrationTests" name="Patch_MultipleInvalidReferencePropertiesReturnsMultipleValidationErrorsAndBadRequest" /></UnitTest><UnitTest name="PostFile_NewFileCanBePosted" storage="d:\users\steve knipmeyer\documents\github\modelrelief\modelrelief.test\bin\debug\netcoreapp2.0\modelrelief.test.dll" id="394a2407-7cc5-4d6b-97d0-1c53a21254d0"><Execution id="4d48bb68-2614-452c-9ea2-5356d7de4b5c" /><TestMethod codeBase="D:\Users\Steve Knipmeyer\Documents\GitHub\ModelRelief\ModelRelief.test\bin\Debug\netcoreapp2.0\ModelRelief.Test.dll" adapterTypeName="executor://xunit/VsTestRunner2/netcoreapp" className="ModelRelief.Test.Integration.DepthBuffers.DepthBuffersFileIntegrationTests" name="PostFile_NewFileCanBePosted" /></UnitTest><UnitTest name="Post_ValidReferencePropertyCreatesModel" storage="d:\users\steve knipmeyer\documents\github\modelrelief\modelrelief.test\bin\debug\netcoreapp2.0\modelrelief.test.dll" id="903f3297-8399-4b17-871d-9e35ed071da2"><Execution id="96fa5efb-6443-44c3-8170-d88e84fd5751" /><TestMethod codeBase="D:\Users\Steve Knipmeyer\Documents\GitHub\ModelRelief\ModelRelief.test\bin\Debug\netcoreapp2.0\ModelRelief.Test.dll" adapterTypeName="executor://xunit/VsTestRunner2/netcoreapp" className="ModelRelief.Test.Integration.Meshes.MeshesBaseIntegrationTests" name="Post_ValidReferencePropertyCreatesModel" /></UnitTest><UnitTest name="Put_InvalidIdReturnsNotFound" storage="d:\users\steve knipmeyer\documents\github\modelrelief\modelrelief.test\bin\debug\netcoreapp2.0\modelrelief.test.dll" id="69edee05-1930-4c03-8bc8-4f34f8bd8a53"><Execution id="e355acd2-4bda-4705-ae04-9fdb90e257bc" /><TestMethod codeBase="D:\Users\Steve Knipmeyer\Documents\GitHub\ModelRelief\ModelRelief.test\bin\Debug\netcoreapp2.0\ModelRelief.Test.dll" adapterTypeName="executor://xunit/VsTestRunner2/netcoreapp" className="ModelRelief.Test.Integration.DepthBuffers.DepthBuffersBaseIntegrationTests" name="Put_InvalidIdReturnsNotFound" /></UnitTest><UnitTest name="Put_ValidReferencePropertyUpdatesModel" storage="d:\users\steve knipmeyer\documents\github\modelrelief\modelrelief.test\bin\debug\netcoreapp2.0\modelrelief.test.dll" id="74981510-ff88-4b37-a1f7-c153abaa9f4c"><Execution id="cbd97750-bc19-429f-a38e-3c856e343c15" /><TestMethod codeBase="D:\Users\Steve Knipmeyer\Documents\GitHub\ModelRelief\ModelRelief.test\bin\Debug\netcoreapp2.0\ModelRelief.Test.dll" adapterTypeName="executor://xunit/VsTestRunner2/netcoreapp" className="ModelRelief.Test.Integration.DepthBuffers.DepthBuffersBaseIntegrationTests" name="Put_ValidReferencePropertyUpdatesModel" /></UnitTest><UnitTest name="PutFile_FileCanBeUpdated" storage="d:\users\steve knipmeyer\documents\github\modelrelief\modelrelief.test\bin\debug\netcoreapp2.0\modelrelief.test.dll" id="815b9a0d-d44f-4324-b294-4decf58e2eaa"><Execution id="300aa658-f3af-4a2e-a4a3-b25758d5fbba" /><TestMethod codeBase="D:\Users\Steve Knipmeyer\Documents\GitHub\ModelRelief\ModelRelief.test\bin\Debug\netcoreapp2.0\ModelRelief.Test.dll" adapterTypeName="executor://xunit/VsTestRunner2/netcoreapp" className="ModelRelief.Test.Integration.DepthBuffers.DepthBuffersFileIntegrationTests" name="PutFile_FileCanBeUpdated" /></UnitTest><UnitTest name="GetSingle_InvalidIdPropertyValueReturnsNotFound" storage="d:\users\steve knipmeyer\documents\github\modelrelief\modelrelief.test\bin\debug\netcoreapp2.0\modelrelief.test.dll" id="539a7295-8046-4822-84ec-1dded904940c"><Execution id="abe0b177-7366-47dc-9152-db8ae1c953be" /><TestMethod codeBase="D:\Users\Steve Knipmeyer\Documents\GitHub\ModelRelief\ModelRelief.test\bin\Debug\netcoreapp2.0\ModelRelief.Test.dll" adapterTypeName="executor://xunit/VsTestRunner2/netcoreapp" className="ModelRelief.Test.Integration.Meshes.MeshesBaseIntegrationTests" name="GetSingle_InvalidIdPropertyValueReturnsNotFound" /></UnitTest><UnitTest name="GetFile_FileCanBeRoundTripped" storage="d:\users\steve knipmeyer\documents\github\modelrelief\modelrelief.test\bin\debug\netcoreapp2.0\modelrelief.test.dll" id="9673706e-3eed-42f8-bb8c-a28372d0fbaf"><Execution id="351bcf78-b00a-4553-b2af-c98800678e77" /><TestMethod codeBase="D:\Users\Steve Knipmeyer\Documents\GitHub\ModelRelief\ModelRelief.test\bin\Debug\netcoreapp2.0\ModelRelief.Test.dll" adapterTypeName="executor://xunit/VsTestRunner2/netcoreapp" className="ModelRelief.Test.Integration.DepthBuffers.DepthBuffersFileIntegrationTests" name="GetFile_FileCanBeRoundTripped" /></UnitTest><UnitTest name="GetList_ListReturnsCorrectCount" storage="d:\users\steve knipmeyer\documents\github\modelrelief\modelrelief.test\bin\debug\netcoreapp2.0\modelrelief.test.dll" id="a2be6671-4a41-47c0-8ca1-0ad4f27f2953"><Execution id="c43d5db7-1129-4fa0-b3bc-a2b2e18870d6" /><TestMethod codeBase="D:\Users\Steve Knipmeyer\Documents\GitHub\ModelRelief\ModelRelief.test\bin\Debug\netcoreapp2.0\ModelRelief.Test.dll" adapterTypeName="executor://xunit/VsTestRunner2/netcoreapp" className="ModelRelief.Test.Integration.Models.ModelsBaseIntegrationTests" name="GetList_ListReturnsCorrectCount" /></UnitTest><UnitTest name="Patch_ValidReferencePropertyUpdatesModel" storage="d:\users\steve knipmeyer\documents\github\modelrelief\modelrelief.test\bin\debug\netcoreapp2.0\modelrelief.test.dll" id="0c78674c-39f8-4e50-a9c9-8d6327da71d2"><Execution id="f2ff9ba4-82a2-464e-ae13-daf107659358" /><TestMethod codeBase="D:\Users\Steve Knipmeyer\Documents\GitHub\ModelRelief\ModelRelief.test\bin\Debug\netcoreapp2.0\ModelRelief.Test.dll" adapterTypeName="executor://xunit/VsTestRunner2/netcoreapp" className="ModelRelief.Test.Integration.MeshTransforms.MeshTransformsBaseIntegrationTests" name="Patch_ValidReferencePropertyUpdatesModel" /></UnitTest><UnitTest name="Patch_InvalidIdPropertyReturnsNotFound" storage="d:\users\steve knipmeyer\documents\github\modelrelief\modelrelief.test\bin\debug\netcoreapp2.0\modelrelief.test.dll" id="0fcae455-4944-47c7-b18b-6312f7dc94a1"><Execution id="68518a57-e1d5-493f-91bf-369711c75228" /><TestMethod codeBase="D:\Users\Steve Knipmeyer\Documents\GitHub\ModelRelief\ModelRelief.test\bin\Debug\netcoreapp2.0\ModelRelief.Test.dll" adapterTypeName="executor://xunit/VsTestRunner2/netcoreapp" className="ModelRelief.Test.Integration.MeshTransforms.MeshTransformsBaseIntegrationTests" name="Patch_InvalidIdPropertyReturnsNotFound" /></UnitTest><UnitTest name="Model3dHasExpectedDependentFiles" storage="d:\users\steve knipmeyer\documents\github\modelrelief\modelrelief.test\bin\debug\netcoreapp2.0\modelrelief.test.dll" id="908ebd07-a161-4cbe-abc3-24e74b758dc8"><Execution id="e289727d-9b4a-4c06-b1f8-7db6b8f1aa16" /><TestMethod codeBase="D:\Users\Steve Knipmeyer\Documents\GitHub\ModelRelief\ModelRelief.test\bin\Debug\netcoreapp2.0\ModelRelief.Test.dll" adapterTypeName="executor://xunit/VsTestRunner2/netcoreapp" className="ModelRelief.Test.Unit.DependencyManager.DependencyManagerTests" name="Model3dHasExpectedDependentFiles" /></UnitTest><UnitTest name="Delete_TargetModelIsDeleted" storage="d:\users\steve knipmeyer\documents\github\modelrelief\modelrelief.test\bin\debug\netcoreapp2.0\modelrelief.test.dll" id="f9d758b6-e0e8-4763-9cdc-da809a00c794"><Execution id="d1e8333e-5949-4eee-bf1d-8bd6e6fe9cbd" /><TestMethod codeBase="D:\Users\Steve Knipmeyer\Documents\GitHub\ModelRelief\ModelRelief.test\bin\Debug\netcoreapp2.0\ModelRelief.Test.dll" adapterTypeName="executor://xunit/VsTestRunner2/netcoreapp" className="ModelRelief.Test.Integration.MeshTransforms.MeshTransformsBaseIntegrationTests" name="Delete_TargetModelIsDeleted" /></UnitTest><UnitTest name="Post_ValidReferencePropertyCreatesModel" storage="d:\users\steve knipmeyer\documents\github\modelrelief\modelrelief.test\bin\debug\netcoreapp2.0\modelrelief.test.dll" id="a81230cf-b758-45cb-babf-f0f4d6d410e3"><Execution id="abe3956c-ffe0-4f41-a741-daeb814587a1" /><TestMethod codeBase="D:\Users\Steve Knipmeyer\Documents\GitHub\ModelRelief\ModelRelief.test\bin\Debug\netcoreapp2.0\ModelRelief.Test.dll" adapterTypeName="executor://xunit/VsTestRunner2/netcoreapp" className="ModelRelief.Test.Integration.Projects.ProjectsBaseIntegrationTests" name="Post_ValidReferencePropertyCreatesModel" /></UnitTest><UnitTest name="Patch_TargetPropertyIsUpdated" storage="d:\users\steve knipmeyer\documents\github\modelrelief\modelrelief.test\bin\debug\netcoreapp2.0\modelrelief.test.dll" id="b6f928f9-46f3-4cca-93ef-3fd978554e47"><Execution id="216caee8-b044-4afe-974b-3ac5e2f7fe9d" /><TestMethod codeBase="D:\Users\Steve Knipmeyer\Documents\GitHub\ModelRelief\ModelRelief.test\bin\Debug\netcoreapp2.0\ModelRelief.Test.dll" adapterTypeName="executor://xunit/VsTestRunner2/netcoreapp" className="ModelRelief.Test.Integration.Cameras.CamerasBaseIntegrationTests" name="Patch_TargetPropertyIsUpdated" /></UnitTest><UnitTest name="Delete_TargetModelIsDeleted" storage="d:\users\steve knipmeyer\documents\github\modelrelief\modelrelief.test\bin\debug\netcoreapp2.0\modelrelief.test.dll" id="3b3b631f-fb95-4e8e-98f2-1afb97804cef"><Execution id="be5238b5-430e-4c22-ac00-0a26d4930ff6" /><TestMethod codeBase="D:\Users\Steve Knipmeyer\Documents\GitHub\ModelRelief\ModelRelief.test\bin\Debug\netcoreapp2.0\ModelRelief.Test.dll" adapterTypeName="executor://xunit/VsTestRunner2/netcoreapp" className="ModelRelief.Test.Integration.Projects.ProjectsBaseIntegrationTests" name="Delete_TargetModelIsDeleted" /></UnitTest><UnitTest name="Post_InvalidPropertyValueReturnsBadRequest" storage="d:\users\steve knipmeyer\documents\github\modelrelief\modelrelief.test\bin\debug\netcoreapp2.0\modelrelief.test.dll" id="98bc398b-40c3-4387-8f40-36c27010d9d4"><Execution id="52f683f7-5271-48e0-9e32-620dc3afccf9" /><TestMethod codeBase="D:\Users\Steve Knipmeyer\Documents\GitHub\ModelRelief\ModelRelief.test\bin\Debug\netcoreapp2.0\ModelRelief.Test.dll" adapterTypeName="executor://xunit/VsTestRunner2/netcoreapp" className="ModelRelief.Test.Integration.Cameras.CamerasBaseIntegrationTests" name="Post_InvalidPropertyValueReturnsBadRequest" /></UnitTest><UnitTest name="PutFile_FileCanBeUpdated" storage="d:\users\steve knipmeyer\documents\github\modelrelief\modelrelief.test\bin\debug\netcoreapp2.0\modelrelief.test.dll" id="650ed32f-5e58-4f87-9190-c584f265ab98"><Execution id="adc3268e-fae8-4f63-9292-61b9d34951d3" /><TestMethod codeBase="D:\Users\Steve Knipmeyer\Documents\GitHub\ModelRelief\ModelRelief.test\bin\Debug\netcoreapp2.0\ModelRelief.Test.dll" adapterTypeName="executor://xunit/VsTestRunner2/netcoreapp" className="ModelRelief.Test.Integration.Models.ModelsFileIntegrationTests" name="PutFile_FileCanBeUpdated" /></UnitTest><UnitTest name="Put_InvalidIdReturnsNotFound" storage="d:\users\steve knipmeyer\documents\github\modelrelief\modelrelief.test\bin\debug\netcoreapp2.0\modelrelief.test.dll" id="3f346f5c-d6e0-44a7-84a9-5b50ab027afd"><Execution id="385865af-5251-4411-adc6-0c3cd67f86d7" /><TestMethod codeBase="D:\Users\Steve Knipmeyer\Documents\GitHub\ModelRelief\ModelRelief.test\bin\Debug\netcoreapp2.0\ModelRelief.Test.dll" adapterTypeName="executor://xunit/VsTestRunner2/netcoreapp" className="ModelRelief.Test.Integration.Models.ModelsBaseIntegrationTests" name="Put_InvalidIdReturnsNotFound" /></UnitTest><UnitTest name="Delete_TargetModelIsDeleted" storage="d:\users\steve knipmeyer\documents\github\modelrelief\modelrelief.test\bin\debug\netcoreapp2.0\modelrelief.test.dll" id="ce727bbd-c81c-4a33-ba72-0c68ecc13ca1"><Execution id="1fe21409-5c11-4ada-9dda-59b083be18f7" /><TestMethod codeBase="D:\Users\Steve Knipmeyer\Documents\GitHub\ModelRelief\ModelRelief.test\bin\Debug\netcoreapp2.0\ModelRelief.Test.dll" adapterTypeName="executor://xunit/VsTestRunner2/netcoreapp" className="ModelRelief.Test.Integration.Meshes.MeshesBaseIntegrationTests" name="Delete_TargetModelIsDeleted" /></UnitTest><UnitTest name="Post_InvalidPropertyValueReturnsBadRequest" storage="d:\users\steve knipmeyer\documents\github\modelrelief\modelrelief.test\bin\debug\netcoreapp2.0\modelrelief.test.dll" id="60cf2802-ba0f-409a-84c0-d77e86bcbfff"><Execution id="b9a12c4e-719c-4bd1-82f7-43450b841caa" /><TestMethod codeBase="D:\Users\Steve Knipmeyer\Documents\GitHub\ModelRelief\ModelRelief.test\bin\Debug\netcoreapp2.0\ModelRelief.Test.dll" adapterTypeName="executor://xunit/VsTestRunner2/netcoreapp" className="ModelRelief.Test.Integration.Projects.ProjectsBaseIntegrationTests" name="Post_InvalidPropertyValueReturnsBadRequest" /></UnitTest><UnitTest name="PostFile_FileTimeStampIsUpdatedAfterFileIsPosted" storage="d:\users\steve knipmeyer\documents\github\modelrelief\modelrelief.test\bin\debug\netcoreapp2.0\modelrelief.test.dll" id="e121f5b5-fdb9-4cbd-b550-fc03f0cb9672"><Execution id="63785779-c054-4a3d-96f9-27bccfd76faf" /><TestMethod codeBase="D:\Users\Steve Knipmeyer\Documents\GitHub\ModelRelief\ModelRelief.test\bin\Debug\netcoreapp2.0\ModelRelief.Test.dll" adapterTypeName="executor://xunit/VsTestRunner2/netcoreapp" className="ModelRelief.Test.Integration.DepthBuffers.DepthBuffersFileIntegrationTests" name="PostFile_FileTimeStampIsUpdatedAfterFileIsPosted" /></UnitTest><UnitTest name="Put_ValidReferencePropertyUpdatesModel" storage="d:\users\steve knipmeyer\documents\github\modelrelief\modelrelief.test\bin\debug\netcoreapp2.0\modelrelief.test.dll" id="3fdc690c-7420-4fd0-8265-65efa563a748"><Execution id="e6fe3acd-f50e-4870-ad3f-5282f8b5c896" /><TestMethod codeBase="D:\Users\Steve Knipmeyer\Documents\GitHub\ModelRelief\ModelRelief.test\bin\Debug\netcoreapp2.0\ModelRelief.Test.dll" adapterTypeName="executor://xunit/VsTestRunner2/netcoreapp" className="ModelRelief.Test.Integration.Models.ModelsBaseIntegrationTests" name="Put_ValidReferencePropertyUpdatesModel" /></UnitTest><UnitTest name="GetSingle_ValidIdPropertyValueReturnsCorrectModel" storage="d:\users\steve knipmeyer\documents\github\modelrelief\modelrelief.test\bin\debug\netcoreapp2.0\modelrelief.test.dll" id="6f0b4733-5406-454e-91e8-95e53d3226dd"><Execution id="c52390e5-92dc-4450-836c-8123adb84ad5" /><TestMethod codeBase="D:\Users\Steve Knipmeyer\Documents\GitHub\ModelRelief\ModelRelief.test\bin\Debug\netcoreapp2.0\ModelRelief.Test.dll" adapterTypeName="executor://xunit/VsTestRunner2/netcoreapp" className="ModelRelief.Test.Integration.Models.ModelsBaseIntegrationTests" name="GetSingle_ValidIdPropertyValueReturnsCorrectModel" /></UnitTest><UnitTest name="Put_InvalidReferencePropertyReturndBadRequest" storage="d:\users\steve knipmeyer\documents\github\modelrelief\modelrelief.test\bin\debug\netcoreapp2.0\modelrelief.test.dll" id="97f7fca2-b604-4a48-91bc-19f3a670548e"><Execution id="ef761d09-62ad-4116-9c8c-fa81e66a5ceb" /><TestMethod codeBase="D:\Users\Steve Knipmeyer\Documents\GitHub\ModelRelief\ModelRelief.test\bin\Debug\netcoreapp2.0\ModelRelief.Test.dll" adapterTypeName="executor://xunit/VsTestRunner2/netcoreapp" className="ModelRelief.Test.Integration.Cameras.CamerasBaseIntegrationTests" name="Put_InvalidReferencePropertyReturndBadRequest" /></UnitTest><UnitTest name="PutFile_NewFileCanBePut" storage="d:\users\steve knipmeyer\documents\github\modelrelief\modelrelief.test\bin\debug\netcoreapp2.0\modelrelief.test.dll" id="77bff832-7dcc-48be-8e55-a040cd2294f4"><Execution id="80510d04-c9cc-4c10-83f8-22f989303b59" /><TestMethod codeBase="D:\Users\Steve Knipmeyer\Documents\GitHub\ModelRelief\ModelRelief.test\bin\Debug\netcoreapp2.0\ModelRelief.Test.dll" adapterTypeName="executor://xunit/VsTestRunner2/netcoreapp" className="ModelRelief.Test.Integration.Meshes.MeshesFileIntegrationTests" name="PutFile_NewFileCanBePut" /></UnitTest><UnitTest name="Patch_TargetPropertyIsUpdated" storage="d:\users\steve knipmeyer\documents\github\modelrelief\modelrelief.test\bin\debug\netcoreapp2.0\modelrelief.test.dll" id="3590f59f-07df-487c-b697-9df42caf0843"><Execution id="e2afede2-5a47-4ba9-afc7-befa051f4d3a" /><TestMethod codeBase="D:\Users\Steve Knipmeyer\Documents\GitHub\ModelRelief\ModelRelief.test\bin\Debug\netcoreapp2.0\ModelRelief.Test.dll" adapterTypeName="executor://xunit/VsTestRunner2/netcoreapp" className="ModelRelief.Test.Integration.Meshes.MeshesBaseIntegrationTests" name="Patch_TargetPropertyIsUpdated" /></UnitTest><UnitTest name="Post_InvalidPropertyValueReturnsBadRequest" storage="d:\users\steve knipmeyer\documents\github\modelrelief\modelrelief.test\bin\debug\netcoreapp2.0\modelrelief.test.dll" id="3359d348-856e-4f8e-a5df-93e79410c8d4"><Execution id="2a83bcab-58d2-4523-9ce7-abf24ff92ddc" /><TestMethod codeBase="D:\Users\Steve Knipmeyer\Documents\GitHub\ModelRelief\ModelRelief.test\bin\Debug\netcoreapp2.0\ModelRelief.Test.dll" adapterTypeName="executor://xunit/VsTestRunner2/netcoreapp" className="ModelRelief.Test.Integration.MeshTransforms.MeshTransformsBaseIntegrationTests" name="Post_InvalidPropertyValueReturnsBadRequest" /></UnitTest><UnitTest name="Post_ValidReferencePropertyCreatesModel" storage="d:\users\steve knipmeyer\documents\github\modelrelief\modelrelief.test\bin\debug\netcoreapp2.0\modelrelief.test.dll" id="d58fe977-2881-46e0-9fb5-775b1e1333e6"><Execution id="736eb004-7931-4609-a7e7-5c61cb59bf02" /><TestMethod codeBase="D:\Users\Steve Knipmeyer\Documents\GitHub\ModelRelief\ModelRelief.test\bin\Debug\netcoreapp2.0\ModelRelief.Test.dll" adapterTypeName="executor://xunit/VsTestRunner2/netcoreapp" className="ModelRelief.Test.Integration.MeshTransforms.MeshTransformsBaseIntegrationTests" name="Post_ValidReferencePropertyCreatesModel" /></UnitTest><UnitTest name="PostFile_FileIsSynchronizedIsUpdatedAfterFileIsPosted" storage="d:\users\steve knipmeyer\documents\github\modelrelief\modelrelief.test\bin\debug\netcoreapp2.0\modelrelief.test.dll" id="10a0a2ca-2b3b-4fd3-84f0-05c26d2c6b1a"><Execution id="a4935b03-7b48-47d2-a06a-992587b09723" /><TestMethod codeBase="D:\Users\Steve Knipmeyer\Documents\GitHub\ModelRelief\ModelRelief.test\bin\Debug\netcoreapp2.0\ModelRelief.Test.dll" adapterTypeName="executor://xunit/VsTestRunner2/netcoreapp" className="ModelRelief.Test.Integration.Models.ModelsFileIntegrationTests" name="PostFile_FileIsSynchronizedIsUpdatedAfterFileIsPosted" /></UnitTest><UnitTest name="Patch_ValidReferencePropertyUpdatesModel" storage="d:\users\steve knipmeyer\documents\github\modelrelief\modelrelief.test\bin\debug\netcoreapp2.0\modelrelief.test.dll" id="f4cf2dfa-1c83-45bb-9fea-8aa2b428a2af"><Execution id="8535cce5-2c09-470b-a424-bcc2ac711ddf" /><TestMethod codeBase="D:\Users\Steve Knipmeyer\Documents\GitHub\ModelRelief\ModelRelief.test\bin\Debug\netcoreapp2.0\ModelRelief.Test.dll" adapterTypeName="executor://xunit/VsTestRunner2/netcoreapp" className="ModelRelief.Test.Integration.Cameras.CamerasBaseIntegrationTests" name="Patch_ValidReferencePropertyUpdatesModel" /></UnitTest><UnitTest name="Patch_InvalidEnumPropertyValueReturnsBadRequest" storage="d:\users\steve knipmeyer\documents\github\modelrelief\modelrelief.test\bin\debug\netcoreapp2.0\modelrelief.test.dll" id="cc08e5bf-ad53-4114-8d66-0a0f0bd230ee"><Execution id="518851de-4d96-4661-84ea-5f2810173890" /><TestMethod codeBase="D:\Users\Steve Knipmeyer\Documents\GitHub\ModelRelief\ModelRelief.test\bin\Debug\netcoreapp2.0\ModelRelief.Test.dll" adapterTypeName="executor://xunit/VsTestRunner2/netcoreapp" className="ModelRelief.Test.Integration.Cameras.CamerasBaseIntegrationTests" name="Patch_InvalidEnumPropertyValueReturnsBadRequest" /></UnitTest><UnitTest name="Patch_InvalidPropertyNameReturnsBadRequest" storage="d:\users\steve knipmeyer\documents\github\modelrelief\modelrelief.test\bin\debug\netcoreapp2.0\modelrelief.test.dll" id="4132ceb1-d421-4e43-aa90-c141473a9192"><Execution id="fdf9e921-276e-423c-9de2-5c3c4db7b8ac" /><TestMethod codeBase="D:\Users\Steve Knipmeyer\Documents\GitHub\ModelRelief\ModelRelief.test\bin\Debug\netcoreapp2.0\ModelRelief.Test.dll" adapterTypeName="executor://xunit/VsTestRunner2/netcoreapp" className="ModelRelief.Test.Integration.Cameras.CamerasBaseIntegrationTests" name="Patch_InvalidPropertyNameReturnsBadRequest" /></UnitTest><UnitTest name="Patch_InvalidEnumPropertyValueReturnsBadRequest" storage="d:\users\steve knipmeyer\documents\github\modelrelief\modelrelief.test\bin\debug\netcoreapp2.0\modelrelief.test.dll" id="1a74946e-02df-4e76-b19c-ccaf765b68c1"><Execution id="30b6422b-fa95-45d3-8b17-010ce6cf1bf3" /><TestMethod codeBase="D:\Users\Steve Knipmeyer\Documents\GitHub\ModelRelief\ModelRelief.test\bin\Debug\netcoreapp2.0\ModelRelief.Test.dll" adapterTypeName="executor://xunit/VsTestRunner2/netcoreapp" className="ModelRelief.Test.Integration.DepthBuffers.DepthBuffersBaseIntegrationTests" name="Patch_InvalidEnumPropertyValueReturnsBadRequest" /></UnitTest><UnitTest name="FileRequest_FileCanBeReadAfterRename" storage="d:\users\steve knipmeyer\documents\github\modelrelief\modelrelief.test\bin\debug\netcoreapp2.0\modelrelief.test.dll" id="7fb1e823-3ac1-47a8-9c60-41c86b7ccda9"><Execution id="798f06d8-1a9c-4e5a-aa48-dce2b56825ed" /><TestMethod codeBase="D:\Users\Steve Knipmeyer\Documents\GitHub\ModelRelief\ModelRelief.test\bin\Debug\netcoreapp2.0\ModelRelief.Test.dll" adapterTypeName="executor://xunit/VsTestRunner2/netcoreapp" className="ModelRelief.Test.Integration.DepthBuffers.DepthBuffersFileIntegrationTests" name="FileRequest_FileCanBeReadAfterRename" /></UnitTest><UnitTest name="Patch_MultipleInvalidReferencePropertiesReturnsMultipleValidationErrorsAndBadRequest" storage="d:\users\steve knipmeyer\documents\github\modelrelief\modelrelief.test\bin\debug\netcoreapp2.0\modelrelief.test.dll" id="9908e7a9-aac3-46f4-8677-47d9fd15dab5"><Execution id="d36bef3f-16ba-4b9a-9c30-30227a737c58" /><TestMethod codeBase="D:\Users\Steve Knipmeyer\Documents\GitHub\ModelRelief\ModelRelief.test\bin\Debug\netcoreapp2.0\ModelRelief.Test.dll" adapterTypeName="executor://xunit/VsTestRunner2/netcoreapp" className="ModelRelief.Test.Integration.Meshes.MeshesBaseIntegrationTests" name="Patch_MultipleInvalidReferencePropertiesReturnsMultipleValidationErrorsAndBadRequest" /></UnitTest><UnitTest name="Patch_InvalidPropertyNameReturnsBadRequest" storage="d:\users\steve knipmeyer\documents\github\modelrelief\modelrelief.test\bin\debug\netcoreapp2.0\modelrelief.test.dll" id="9acc21d6-0557-44cf-9262-4e410510f5a2"><Execution id="153ec915-cb5c-4b48-96e5-62c31612f623" /><TestMethod codeBase="D:\Users\Steve Knipmeyer\Documents\GitHub\ModelRelief\ModelRelief.test\bin\Debug\netcoreapp2.0\ModelRelief.Test.dll" adapterTypeName="executor://xunit/VsTestRunner2/netcoreapp" className="ModelRelief.Test.Integration.Models.ModelsBaseIntegrationTests" name="Patch_InvalidPropertyNameReturnsBadRequest" /></UnitTest><UnitTest name="Patch_InvalidEnumPropertyValueReturnsBadRequest" storage="d:\users\steve knipmeyer\documents\github\modelrelief\modelrelief.test\bin\debug\netcoreapp2.0\modelrelief.test.dll" id="5e89170d-0b8e-4526-8661-7d6725d1f01d"><Execution id="a1b9e08f-44c8-45b4-81b1-3fc0b896d008" /><TestMethod codeBase="D:\Users\Steve Knipmeyer\Documents\GitHub\ModelRelief\ModelRelief.test\bin\Debug\netcoreapp2.0\ModelRelief.Test.dll" adapterTypeName="executor://xunit/VsTestRunner2/netcoreapp" className="ModelRelief.Test.Integration.MeshTransforms.MeshTransformsBaseIntegrationTests" name="Patch_InvalidEnumPropertyValueReturnsBadRequest" /></UnitTest><UnitTest name="Post_CanCreateNewModel" storage="d:\users\steve knipmeyer\documents\github\modelrelief\modelrelief.test\bin\debug\netcoreapp2.0\modelrelief.test.dll" id="1baf92f9-20b9-4824-a1e5-a900199edb0f"><Execution id="40e96dbb-090a-4dda-8455-b0cee6e71a62" /><TestMethod codeBase="D:\Users\Steve Knipmeyer\Documents\GitHub\ModelRelief\ModelRelief.test\bin\Debug\netcoreapp2.0\ModelRelief.Test.dll" adapterTypeName="executor://xunit/VsTestRunner2/netcoreapp" className="ModelRelief.Test.Integration.Cameras.CamerasBaseIntegrationTests" name="Post_CanCreateNewModel" /></UnitTest><UnitTest name="Put_InvalidReferencePropertyReturndBadRequest" storage="d:\users\steve knipmeyer\documents\github\modelrelief\modelrelief.test\bin\debug\netcoreapp2.0\modelrelief.test.dll" id="625d047f-9758-4c53-aca0-a61fc6ae2788"><Execution id="1526272f-4370-4c9a-b208-4c80f128da75" /><TestMethod codeBase="D:\Users\Steve Knipmeyer\Documents\GitHub\ModelRelief\ModelRelief.test\bin\Debug\netcoreapp2.0\ModelRelief.Test.dll" adapterTypeName="executor://xunit/VsTestRunner2/netcoreapp" className="ModelRelief.Test.Integration.DepthBuffers.DepthBuffersBaseIntegrationTests" name="Put_InvalidReferencePropertyReturndBadRequest" /></UnitTest><UnitTest name="Put_ValidReferencePropertyUpdatesModel" storage="d:\users\steve knipmeyer\documents\github\modelrelief\modelrelief.test\bin\debug\netcoreapp2.0\modelrelief.test.dll" id="3cbee9c9-2ead-4bbd-b72a-f49df50349b8"><Execution id="d7175f51-05f2-4755-9add-c640f22666fd" /><TestMethod codeBase="D:\Users\Steve Knipmeyer\Documents\GitHub\ModelRelief\ModelRelief.test\bin\Debug\netcoreapp2.0\ModelRelief.Test.dll" adapterTypeName="executor://xunit/VsTestRunner2/netcoreapp" className="ModelRelief.Test.Integration.MeshTransforms.MeshTransformsBaseIntegrationTests" name="Put_ValidReferencePropertyUpdatesModel" /></UnitTest></TestDefinitions><TestEntries><TestEntry testId="33726a98-951e-4e08-abc2-4a274706414a" executionId="16e3be18-51ec-4a53-8c1e-b147a28049eb" testListId="8c84fa94-04c1-424b-9868-57a2d4851a1d" /><TestEntry testId="f80e8575-6360-43c8-936e-2ec13d96ade0" executionId="cf97aa0b-823a-406a-b006-39ce3ea47277" testListId="8c84fa94-04c1-424b-9868-57a2d4851a1d" /><TestEntry testId="77bff832-7dcc-48be-8e55-a040cd2294f4" executionId="80510d04-c9cc-4c10-83f8-22f989303b59" testListId="8c84fa94-04c1-424b-9868-57a2d4851a1d" /><TestEntry testId="ce5d44f8-97e7-4600-b478-edffd1b6ab4d" executionId="e7c6b486-857c-4baa-bff2-ea8eba0ad76c" testListId="8c84fa94-04c1-424b-9868-57a2d4851a1d" /><TestEntry testId="5b5349c5-a488-4e94-9bb6-ad65587eb849" executionId="6472665d-78c9-481e-9001-163ba5d31a27" testListId="8c84fa94-04c1-424b-9868-57a2d4851a1d" /><TestEntry testId="3f346f5c-d6e0-44a7-84a9-5b50ab027afd" executionId="385865af-5251-4411-adc6-0c3cd67f86d7" testListId="8c84fa94-04c1-424b-9868-57a2d4851a1d" /><TestEntry testId="66c18d9b-962f-4d6b-a9ad-4938f8f80e7b" executionId="0327bc76-2e6d-4503-a035-9557c606fd0a" testListId="8c84fa94-04c1-424b-9868-57a2d4851a1d" /><TestEntry testId="a5c9d7fa-4459-4c58-9174-b1accf0d8adb" executionId="00e7eb32-5947-4977-bbc6-9fc8a8b91f35" testListId="8c84fa94-04c1-424b-9868-57a2d4851a1d" /><TestEntry testId="49c7f3dd-1392-46df-87cf-609d405e4b33" executionId="d9e37107-2076-4844-9bcf-3a05b03620e4" testListId="8c84fa94-04c1-424b-9868-57a2d4851a1d" /><TestEntry testId="53aa03a3-a15e-4c93-83ae-5fc9e5834d80" executionId="31958fe4-8722-4469-9542-ffc4d976f6c9" testListId="8c84fa94-04c1-424b-9868-57a2d4851a1d" /><TestEntry testId="92c1901b-5aab-416f-aff6-6bc785d48524" executionId="42a6aef7-3fb9-4e9b-82a3-6051941008c7" testListId="8c84fa94-04c1-424b-9868-57a2d4851a1d" /><TestEntry testId="d6aae8c9-c101-43df-96e2-092b1f092a89" executionId="570b8176-1c99-47a5-88a4-c05492ef6c09" testListId="8c84fa94-04c1-424b-9868-57a2d4851a1d" /><TestEntry testId="50caf62d-e638-4ca9-be57-54292e67a92b" executionId="c3ebf181-b93f-4526-b9b7-508be9dfca9c" testListId="8c84fa94-04c1-424b-9868-57a2d4851a1d" /><TestEntry testId="455c029d-d2e9-44ee-8cb1-b040e397ad75" executionId="898b2a12-204f-42a7-964d-9db9d7e45f84" testListId="8c84fa94-04c1-424b-9868-57a2d4851a1d" /><TestEntry testId="410a003d-af6d-4ae5-b416-892147e82953" executionId="4b923053-9b32-4c14-8eec-a2e7174b9d16" testListId="8c84fa94-04c1-424b-9868-57a2d4851a1d" /><TestEntry testId="179a9d19-af0e-4efd-a21b-44fea0fc89db" executionId="778ea310-720b-4f79-b0b0-673945013016" testListId="8c84fa94-04c1-424b-9868-57a2d4851a1d" /><TestEntry testId="226d6c60-83c2-4b5d-a4dd-6c9b1a97551f" executionId="8b67ba86-5944-42b5-816b-9b7cab0141d7" testListId="8c84fa94-04c1-424b-9868-57a2d4851a1d" /><TestEntry testId="86073cf0-dc3a-4ca8-8b2e-21343c031739" executionId="74dff485-af1a-4c23-b460-641fd04ee77b" testListId="8c84fa94-04c1-424b-9868-57a2d4851a1d" /><TestEntry testId="666c015a-39ca-45a0-9cde-658ab43e7f56" executionId="c2f23282-fa1c-4c39-aef6-7bd1cda30b2d" testListId="8c84fa94-04c1-424b-9868-57a2d4851a1d" /><TestEntry testId="eb2e32af-8c75-4c2f-9fc8-40c153541b2f" executionId="f3d1986c-6ba3-4e05-b5ab-4d2efc3df58b" testListId="8c84fa94-04c1-424b-9868-57a2d4851a1d" /><TestEntry testId="3b3b631f-fb95-4e8e-98f2-1afb97804cef" executionId="be5238b5-430e-4c22-ac00-0a26d4930ff6" testListId="8c84fa94-04c1-424b-9868-57a2d4851a1d" /><TestEntry testId="e0bfbffa-1dc9-4b32-ba45-c383973d46d4" executionId="2838e065-7575-4a70-83af-81526cbf05d8" testListId="8c84fa94-04c1-424b-9868-57a2d4851a1d" /><TestEntry testId="c1f0c392-e080-4d65-8da3-c525a1c295bf" executionId="b38d821b-06cf-4637-a01f-5dc5fe438cae" testListId="8c84fa94-04c1-424b-9868-57a2d4851a1d" /><TestEntry testId="0baebb2e-8c66-42f3-bfa0-61f7df5b6f96" executionId="6f5983a5-3cc4-48b6-a12e-a877a38b34cc" testListId="8c84fa94-04c1-424b-9868-57a2d4851a1d" /><TestEntry testId="7fb1e823-3ac1-47a8-9c60-41c86b7ccda9" executionId="798f06d8-1a9c-4e5a-aa48-dce2b56825ed" testListId="8c84fa94-04c1-424b-9868-57a2d4851a1d" /><TestEntry testId="ad612daa-2237-4d22-a5c6-c7f16ddd7db9" executionId="3504e799-d4bb-4889-b5f1-8442ed03a60c" testListId="8c84fa94-04c1-424b-9868-57a2d4851a1d" /><TestEntry testId="3bcd4173-b6dc-48b5-b654-26301f746004" executionId="8e66ad98-612a-4829-92d1-5795a0cb88b3" testListId="8c84fa94-04c1-424b-9868-57a2d4851a1d" /><TestEntry testId="9acc21d6-0557-44cf-9262-4e410510f5a2" executionId="153ec915-cb5c-4b48-96e5-62c31612f623" testListId="8c84fa94-04c1-424b-9868-57a2d4851a1d" /><TestEntry testId="5966330a-71e2-4909-be1a-77cc157ee780" executionId="7bcd05c0-6302-482b-8eb5-6b1a3754f693" testListId="8c84fa94-04c1-424b-9868-57a2d4851a1d" /><TestEntry testId="03ceb8b7-8c1a-4f28-a8de-212fcb941d3f" executionId="ead577af-36ee-4569-bfea-3301746b477d" testListId="8c84fa94-04c1-424b-9868-57a2d4851a1d" /><TestEntry testId="2c6017c4-6589-4573-87c2-c1d9965f568f" executionId="051f3a5a-6c72-4654-b820-eca0de93fec6" testListId="8c84fa94-04c1-424b-9868-57a2d4851a1d" /><TestEntry testId="6433a957-8b5a-4154-b5a9-e6a38e775b4c" executionId="e1205b71-31d3-4758-a84a-00a573391d87" testListId="8c84fa94-04c1-424b-9868-57a2d4851a1d" /><TestEntry testId="10a0a2ca-2b3b-4fd3-84f0-05c26d2c6b1a" executionId="a4935b03-7b48-47d2-a06a-992587b09723" testListId="8c84fa94-04c1-424b-9868-57a2d4851a1d" /><TestEntry testId="74981510-ff88-4b37-a1f7-c153abaa9f4c" executionId="cbd97750-bc19-429f-a38e-3c856e343c15" testListId="8c84fa94-04c1-424b-9868-57a2d4851a1d" /><TestEntry testId="8ea2c01a-b21d-4ace-817b-8b3030540122" executionId="091db2d4-0ea3-457b-894c-3d8f7f647199" testListId="8c84fa94-04c1-424b-9868-57a2d4851a1d" /><TestEntry testId="7918cb63-8533-4e8d-96b2-952501031992" executionId="549c1924-fb72-448b-9b08-b2a6b3bfd4f7" testListId="8c84fa94-04c1-424b-9868-57a2d4851a1d" /><TestEntry testId="d1f65c0b-e671-42e9-852d-e56dd9dfe050" executionId="dc787be8-593c-4a51-8f01-6f6e37857656" testListId="8c84fa94-04c1-424b-9868-57a2d4851a1d" /><TestEntry testId="052205ab-c19a-4994-b1b2-97e186c48ef3" executionId="9c11f6a7-f0dc-4f82-8463-68dc4cbd5078" testListId="8c84fa94-04c1-424b-9868-57a2d4851a1d" /><TestEntry testId="caa9610d-4c37-4ff6-8aa3-74c61c1cf5b4" executionId="c9e3a672-e403-47a4-aa50-a56e4b0fc1fb" testListId="8c84fa94-04c1-424b-9868-57a2d4851a1d" /><TestEntry testId="fae9a0e0-6aba-48c3-a567-2ed4c065fa2d" executionId="54b4bc6a-dc82-4f40-b159-13c9921085ad" testListId="8c84fa94-04c1-424b-9868-57a2d4851a1d" /><TestEntry testId="0ab4a938-fbbe-4567-86de-c4b9bcdf0708" executionId="556dae9c-5b25-4be9-b2b3-b6e9dd182199" testListId="8c84fa94-04c1-424b-9868-57a2d4851a1d" /><TestEntry testId="69abac61-b14a-4355-924b-2c5ecd174f93" executionId="fdc3ddcc-2873-4609-b29a-719999d40a10" testListId="8c84fa94-04c1-424b-9868-57a2d4851a1d" /><TestEntry testId="382ce707-66ab-483f-8d39-a6f1b810024d" executionId="2964a43d-69ec-474f-9271-5fd3b075d680" testListId="8c84fa94-04c1-424b-9868-57a2d4851a1d" /><TestEntry testId="f36372e9-e24e-4f3c-8b8d-02c9cd90c48c" executionId="c7f35564-80a2-4b5c-bca8-42a99cbc7410" testListId="8c84fa94-04c1-424b-9868-57a2d4851a1d" /><TestEntry testId="33f6054b-f54b-462f-9d3f-8b9e98044935" executionId="ff9d1598-8d9b-4333-94c9-6bd2599745ec" testListId="8c84fa94-04c1-424b-9868-57a2d4851a1d" /><TestEntry testId="b1a5ab2a-08d3-48fb-b018-c64dc9e6e3bb" executionId="f102ca48-7a4d-4da8-9f8f-48527bd56cc2" testListId="8c84fa94-04c1-424b-9868-57a2d4851a1d" /><TestEntry testId="3590f59f-07df-487c-b697-9df42caf0843" executionId="e2afede2-5a47-4ba9-afc7-befa051f4d3a" testListId="8c84fa94-04c1-424b-9868-57a2d4851a1d" /><TestEntry testId="1baf92f9-20b9-4824-a1e5-a900199edb0f" executionId="40e96dbb-090a-4dda-8455-b0cee6e71a62" testListId="8c84fa94-04c1-424b-9868-57a2d4851a1d" /><TestEntry testId="ae715d35-934d-4689-92fe-9cfc461dfbce" executionId="61b8ab7f-08a4-44e4-8300-90b63923e190" testListId="8c84fa94-04c1-424b-9868-57a2d4851a1d" /><TestEntry testId="80b7728b-73e8-4aee-b254-46f29d414c74" executionId="e079dcc4-543a-4bd6-ad97-59a279bdedea" testListId="8c84fa94-04c1-424b-9868-57a2d4851a1d" /><TestEntry testId="8f088289-4cef-4cb8-acc0-e4b62380b96e" executionId="4acaf808-9278-47cd-811e-a7e58b7a1bd3" testListId="8c84fa94-04c1-424b-9868-57a2d4851a1d" /><TestEntry testId="4653d2f2-8880-4ddb-b1ec-b1da8833a37e" executionId="7badf1ec-bf44-43cc-9c8a-4cc571b685dc" testListId="8c84fa94-04c1-424b-9868-57a2d4851a1d" /><TestEntry testId="f6e9d6ae-6389-4000-a99a-2d62b98a67c7" executionId="d195345a-f773-44ec-b6a2-373ea234f275" testListId="8c84fa94-04c1-424b-9868-57a2d4851a1d" /><TestEntry testId="ce727bbd-c81c-4a33-ba72-0c68ecc13ca1" executionId="1fe21409-5c11-4ada-9dda-59b083be18f7" testListId="8c84fa94-04c1-424b-9868-57a2d4851a1d" /><TestEntry testId="269ccf48-5469-4f71-96e4-e95dd206b67a" executionId="a1db11bc-3c7c-45a0-a8ab-55afc0540faf" testListId="8c84fa94-04c1-424b-9868-57a2d4851a1d" /><TestEntry testId="1a74946e-02df-4e76-b19c-ccaf765b68c1" executionId="30b6422b-fa95-45d3-8b17-010ce6cf1bf3" testListId="8c84fa94-04c1-424b-9868-57a2d4851a1d" /><TestEntry testId="9f21a9fd-96d5-4f2f-b323-4d78611479ab" executionId="5a97f694-7ae4-4cdd-9a26-93912eb7cd24" testListId="8c84fa94-04c1-424b-9868-57a2d4851a1d" /><TestEntry testId="01012dad-04af-4320-9d83-49df022c2dbc" executionId="d1b85a75-72f5-46e9-95cb-afa2694f7c84" testListId="8c84fa94-04c1-424b-9868-57a2d4851a1d" /><TestEntry testId="4ae5cad1-e6b3-48d7-b5f1-bea95827a03a" executionId="38948019-7b6e-4533-9dcf-c0555c4d976d" testListId="8c84fa94-04c1-424b-9868-57a2d4851a1d" /><TestEntry testId="322fce0f-a6a6-4ec3-81ed-0dcf205d4220" executionId="9980b660-24bb-4320-9f1e-efef4d4b5acd" testListId="8c84fa94-04c1-424b-9868-57a2d4851a1d" /><TestEntry testId="624366b3-cc87-4eda-a72b-88688cefde9c" executionId="5579439c-d99a-4f7a-bb18-70af7f39a40a" testListId="8c84fa94-04c1-424b-9868-57a2d4851a1d" /><TestEntry testId="6f0b4733-5406-454e-91e8-95e53d3226dd" executionId="c52390e5-92dc-4450-836c-8123adb84ad5" testListId="8c84fa94-04c1-424b-9868-57a2d4851a1d" /><TestEntry testId="b6f928f9-46f3-4cca-93ef-3fd978554e47" executionId="216caee8-b044-4afe-974b-3ac5e2f7fe9d" testListId="8c84fa94-04c1-424b-9868-57a2d4851a1d" /><TestEntry testId="a2be6671-4a41-47c0-8ca1-0ad4f27f2953" executionId="c43d5db7-1129-4fa0-b3bc-a2b2e18870d6" testListId="8c84fa94-04c1-424b-9868-57a2d4851a1d" /><TestEntry testId="3f854008-3c5e-4055-8e8b-626652914cd9" executionId="709e369f-af7d-4053-ba9d-6064068db31e" testListId="8c84fa94-04c1-424b-9868-57a2d4851a1d" /><TestEntry testId="906d7382-69a5-4b51-8337-31abe248e8e9" executionId="62a610a0-c6b9-4465-8240-46035113ad80" testListId="8c84fa94-04c1-424b-9868-57a2d4851a1d" /><TestEntry testId="d81bb887-6a9e-4c77-bf09-3b47705b0163" executionId="52ef7f59-e479-409d-8924-4b799f59d186" testListId="8c84fa94-04c1-424b-9868-57a2d4851a1d" /><TestEntry testId="d58fe977-2881-46e0-9fb5-775b1e1333e6" executionId="736eb004-7931-4609-a7e7-5c61cb59bf02" testListId="8c84fa94-04c1-424b-9868-57a2d4851a1d" /><TestEntry testId="650ed32f-5e58-4f87-9190-c584f265ab98" executionId="adc3268e-fae8-4f63-9292-61b9d34951d3" testListId="8c84fa94-04c1-424b-9868-57a2d4851a1d" /><TestEntry testId="0202b1c4-e102-4712-9b3f-b6ab009dfc18" executionId="e08504af-2272-4d79-983f-db692971e09f" testListId="8c84fa94-04c1-424b-9868-57a2d4851a1d" /><TestEntry testId="347a2725-c023-4c7b-bc2f-8728905baeef" executionId="75251c7b-277e-46d3-85d1-31e5e124e78b" testListId="8c84fa94-04c1-424b-9868-57a2d4851a1d" /><TestEntry testId="082beb65-f2d5-47e3-995a-c24cd90e85f9" executionId="a722e2a6-5dfe-4527-b86c-623841c9d93f" testListId="8c84fa94-04c1-424b-9868-57a2d4851a1d" /><TestEntry testId="86b3ff88-c6e8-44f7-b6b7-8addc9653d88" executionId="ef1f47d6-92fd-4c1b-8ca8-6cc64813fc42" testListId="8c84fa94-04c1-424b-9868-57a2d4851a1d" /><TestEntry testId="a81230cf-b758-45cb-babf-f0f4d6d410e3" executionId="abe3956c-ffe0-4f41-a741-daeb814587a1" testListId="8c84fa94-04c1-424b-9868-57a2d4851a1d" /><TestEntry testId="f78ef727-5bc8-449d-b1b6-4cc9a7b74c60" executionId="b8f81454-a427-4d0b-aa88-fbd178be62e9" testListId="8c84fa94-04c1-424b-9868-57a2d4851a1d" /><TestEntry testId="5b859ae8-4d39-41d3-8ee5-26519160503c" executionId="6171ed49-caaa-45be-955d-acfa67b62d10" testListId="8c84fa94-04c1-424b-9868-57a2d4851a1d" /><TestEntry testId="65e2bcd9-45dd-4981-ac2c-c234edd6b875" executionId="cbaaa735-4f0b-4b2e-a26e-cf34cc8962b1" testListId="8c84fa94-04c1-424b-9868-57a2d4851a1d" /><TestEntry testId="02f3d7a4-6d3c-4844-b99b-e8111ffb671b" executionId="e5e3fd31-1a09-4e67-a00c-63e976f93b62" testListId="8c84fa94-04c1-424b-9868-57a2d4851a1d" /><TestEntry testId="9673706e-3eed-42f8-bb8c-a28372d0fbaf" executionId="351bcf78-b00a-4553-b2af-c98800678e77" testListId="8c84fa94-04c1-424b-9868-57a2d4851a1d" /><TestEntry testId="58ae7bd5-df3c-4ba3-adb1-1908e3d9030b" executionId="519d6389-0d45-4ab4-8079-4ab5ec2f4f18" testListId="8c84fa94-04c1-424b-9868-57a2d4851a1d" /><TestEntry testId="e0cf6d18-9d6e-4138-b9f6-e4f1a56da3c5" executionId="4b7b94bf-307d-4c96-bf83-954f9f4f8ef4" testListId="8c84fa94-04c1-424b-9868-57a2d4851a1d" /><TestEntry testId="0f857424-f12b-432f-8bb1-7334a9a71a2a" executionId="63256cd8-d51f-44b1-83b2-3a3c0518e473" testListId="8c84fa94-04c1-424b-9868-57a2d4851a1d" /><TestEntry testId="24d1ec2f-b9a1-44b6-b083-90585745f369" executionId="e077442a-ca5a-4d15-9a2f-8d98bb58ba5c" testListId="8c84fa94-04c1-424b-9868-57a2d4851a1d" /><TestEntry testId="3d8c70fb-8ac8-49f6-8ec5-624431196d4d" executionId="583d2a38-3cc2-4d6f-a66b-d4529c6cbed4" testListId="8c84fa94-04c1-424b-9868-57a2d4851a1d" /><TestEntry testId="87737eda-aacc-462e-989e-e452c85dcaf1" executionId="05773760-058b-4b9f-8676-7216a1838e96" testListId="8c84fa94-04c1-424b-9868-57a2d4851a1d" /><TestEntry testId="92b95b80-9216-4d0b-85b5-27b9cb7165bc" executionId="874857a0-c533-486e-8a9f-3b3e517541da" testListId="8c84fa94-04c1-424b-9868-57a2d4851a1d" /><TestEntry testId="0df8938c-bc9b-42c9-a62f-880c28e03fa4" executionId="ccc60c48-be8d-4fe5-bae6-7f3d63bd405e" testListId="8c84fa94-04c1-424b-9868-57a2d4851a1d" /><TestEntry testId="2c24e394-f425-4be0-99b3-13856853dd69" executionId="ebc4dfdb-25d4-488e-a232-ed8b6c7177e6" testListId="8c84fa94-04c1-424b-9868-57a2d4851a1d" /><TestEntry testId="539a7295-8046-4822-84ec-1dded904940c" executionId="abe0b177-7366-47dc-9152-db8ae1c953be" testListId="8c84fa94-04c1-424b-9868-57a2d4851a1d" /><TestEntry testId="c33154ca-ad28-4293-857b-252d1c97fbda" executionId="68bfdc02-2a29-429a-a111-34717152b31c" testListId="8c84fa94-04c1-424b-9868-57a2d4851a1d" /><TestEntry testId="a4a0e463-55d1-49d6-9323-2d68aca0d619" executionId="bfc8049e-f45f-44ce-aefb-a6d6ceeb74af" testListId="8c84fa94-04c1-424b-9868-57a2d4851a1d" /><TestEntry testId="4132ceb1-d421-4e43-aa90-c141473a9192" executionId="fdf9e921-276e-423c-9de2-5c3c4db7b8ac" testListId="8c84fa94-04c1-424b-9868-57a2d4851a1d" /><TestEntry testId="b4ed8a1f-0bb1-4f3e-bc83-1da015593a64" executionId="cb9cd6bc-08e9-4940-b1b9-541e42711604" testListId="8c84fa94-04c1-424b-9868-57a2d4851a1d" /><TestEntry testId="7390936e-6c64-463c-8104-a4c2ccd178ef" executionId="d9d28f0a-71cb-40f7-a1ac-98efe3de5e6d" testListId="8c84fa94-04c1-424b-9868-57a2d4851a1d" /><TestEntry testId="60831fff-0c55-4f17-a13a-4fb6e5e8c43b" executionId="cab383ec-2274-4b03-97c5-ba10272a74d6" testListId="8c84fa94-04c1-424b-9868-57a2d4851a1d" /><TestEntry testId="4985a0b3-251c-4f46-b590-87d0ce41af95" executionId="84d832c5-59dd-461b-8b69-b2865b1071dc" testListId="8c84fa94-04c1-424b-9868-57a2d4851a1d" /><TestEntry testId="86c534fe-08d9-4500-acfc-cd7df5c79a42" executionId="439af969-bfbf-45d0-b7ec-0e021d87a33a" testListId="8c84fa94-04c1-424b-9868-57a2d4851a1d" /><TestEntry testId="394a2407-7cc5-4d6b-97d0-1c53a21254d0" executionId="4d48bb68-2614-452c-9ea2-5356d7de4b5c" testListId="8c84fa94-04c1-424b-9868-57a2d4851a1d" /><TestEntry testId="6ebf1678-f885-4be6-8c16-570207884c93" executionId="96ace2bc-737e-444c-9b7c-886b5f0345aa" testListId="8c84fa94-04c1-424b-9868-57a2d4851a1d" /><TestEntry testId="97f7fca2-b604-4a48-91bc-19f3a670548e" executionId="ef761d09-62ad-4116-9c8c-fa81e66a5ceb" testListId="8c84fa94-04c1-424b-9868-57a2d4851a1d" /><TestEntry testId="c83b9ffe-0290-4e41-99fa-c7060f48236b" executionId="172cfe5d-9b2c-4610-92aa-212a088ce1cc" testListId="8c84fa94-04c1-424b-9868-57a2d4851a1d" /><TestEntry testId="815b9a0d-d44f-4324-b294-4decf58e2eaa" executionId="300aa658-f3af-4a2e-a4a3-b25758d5fbba" testListId="8c84fa94-04c1-424b-9868-57a2d4851a1d" /><TestEntry testId="88c845b6-01fe-451e-9e6d-3932555198d8" executionId="0d76a5dd-c6b8-4652-99f3-84e22c8826ca" testListId="8c84fa94-04c1-424b-9868-57a2d4851a1d" /><TestEntry testId="80af2398-6d9e-4505-ae9b-f6f18a93d0ee" executionId="7e596d9c-bb9b-4c16-ae96-59ae89a7832c" testListId="8c84fa94-04c1-424b-9868-57a2d4851a1d" /><TestEntry testId="2129aedb-8415-41b8-9ceb-e4fef7bed6d5" executionId="d4a1ad22-02c2-4448-a415-12ca8f46c41e" testListId="8c84fa94-04c1-424b-9868-57a2d4851a1d" /><TestEntry testId="2f1c66f1-dd66-4765-82b9-3f013c54dbcc" executionId="8ae3f34f-e2ab-40bd-9fc1-9d2cb852971d" testListId="8c84fa94-04c1-424b-9868-57a2d4851a1d" /><TestEntry testId="ed219050-6de3-45d2-8f26-19d0fe3017b3" executionId="1b6afe18-cef5-4faa-8158-384b02c9c42d" testListId="8c84fa94-04c1-424b-9868-57a2d4851a1d" /><TestEntry testId="b8c69bb5-f6b6-4b74-aef1-d38dfd96b369" executionId="4ac6faa3-78c9-42db-9a7b-66f7f52c60be" testListId="8c84fa94-04c1-424b-9868-57a2d4851a1d" /><TestEntry testId="502eb76b-7e55-4181-b2f0-46f18eccfca7" executionId="fcc551e8-40fe-4775-ab87-4c9033027250" testListId="8c84fa94-04c1-424b-9868-57a2d4851a1d" /><TestEntry testId="0fcae455-4944-47c7-b18b-6312f7dc94a1" executionId="68518a57-e1d5-493f-91bf-369711c75228" testListId="8c84fa94-04c1-424b-9868-57a2d4851a1d" /><TestEntry testId="9908e7a9-aac3-46f4-8677-47d9fd15dab5" executionId="d36bef3f-16ba-4b9a-9c30-30227a737c58" testListId="8c84fa94-04c1-424b-9868-57a2d4851a1d" /><TestEntry testId="a1f75e86-e295-4fc3-95c7-b75bc5d9ebd9" executionId="998d2076-b16b-4511-8e31-cfd2f18a4e11" testListId="8c84fa94-04c1-424b-9868-57a2d4851a1d" /><TestEntry testId="3359d348-856e-4f8e-a5df-93e79410c8d4" executionId="2a83bcab-58d2-4523-9ce7-abf24ff92ddc" testListId="8c84fa94-04c1-424b-9868-57a2d4851a1d" /><TestEntry testId="19b7584c-f3d3-4ded-9878-dd1e7f36a61a" executionId="926fea29-605c-4726-9cae-1250bb4f9919" testListId="8c84fa94-04c1-424b-9868-57a2d4851a1d" /><TestEntry testId="4f3a0720-a33c-46b1-a8bc-fc49eb603528" executionId="1e60ec9a-3604-4c3f-8750-1cfda8150fc4" testListId="8c84fa94-04c1-424b-9868-57a2d4851a1d" /><TestEntry testId="be0619f6-8560-4e65-99b9-ad11fbe70206" executionId="adcfbc79-cf7d-4667-910e-a59a50dc1768" testListId="8c84fa94-04c1-424b-9868-57a2d4851a1d" /><TestEntry testId="f4383363-0446-4f8b-9899-029fed96b232" executionId="69642b0d-74c7-4ec5-8eac-4203fe5dfcd2" testListId="8c84fa94-04c1-424b-9868-57a2d4851a1d" /><TestEntry testId="6ddf34d2-054f-4f99-9a67-236b43b058b1" executionId="d4051968-c0a3-42b0-970b-4d0e0e918a6f" testListId="8c84fa94-04c1-424b-9868-57a2d4851a1d" /><TestEntry testId="16716f0e-04f5-4090-898a-aa0154fb6dea" executionId="e726924b-1a6f-4806-b412-49f786626e65" testListId="8c84fa94-04c1-424b-9868-57a2d4851a1d" /><TestEntry testId="1e4d36d4-1dcb-4fce-b077-fe8ac7d8e45c" executionId="efe2d46a-a36a-4169-9467-b2b79e65a51e" testListId="8c84fa94-04c1-424b-9868-57a2d4851a1d" /><TestEntry testId="df6776f3-b35c-4f2b-81f5-62273f13425b" executionId="b519a91c-2296-49ec-a93f-b60a72eca4df" testListId="8c84fa94-04c1-424b-9868-57a2d4851a1d" /><TestEntry testId="e121f5b5-fdb9-4cbd-b550-fc03f0cb9672" executionId="63785779-c054-4a3d-96f9-27bccfd76faf" testListId="8c84fa94-04c1-424b-9868-57a2d4851a1d" /><TestEntry testId="77002393-e958-4be8-b23d-1f4a8f59610e" executionId="3f55b5f2-25d4-436d-a341-985f6b086da4" testListId="8c84fa94-04c1-424b-9868-57a2d4851a1d" /><TestEntry testId="2340c363-8a93-4805-b799-443c170380ea" executionId="0c2b5ee7-418c-487b-9d11-bc488dcd4a75" testListId="8c84fa94-04c1-424b-9868-57a2d4851a1d" /><TestEntry testId="3cbee9c9-2ead-4bbd-b72a-f49df50349b8" executionId="d7175f51-05f2-4755-9add-c640f22666fd" testListId="8c84fa94-04c1-424b-9868-57a2d4851a1d" /><TestEntry testId="23ba0350-cadd-4186-a959-8f15dbe9ca00" executionId="e49f8b12-d7a3-4def-8922-18ec27450751" testListId="8c84fa94-04c1-424b-9868-57a2d4851a1d" /><TestEntry testId="c78836f9-5c84-4da3-968f-c33ca54f5cab" executionId="3c6d016d-8640-4381-ad77-6506ff57ba8a" testListId="8c84fa94-04c1-424b-9868-57a2d4851a1d" /><TestEntry testId="7bb0a344-83f5-48d5-b5ed-1157bfc8eb14" executionId="18f06dc8-1334-418d-84a3-1af6869995f1" testListId="8c84fa94-04c1-424b-9868-57a2d4851a1d" /><TestEntry testId="903f3297-8399-4b17-871d-9e35ed071da2" executionId="96fa5efb-6443-44c3-8170-d88e84fd5751" testListId="8c84fa94-04c1-424b-9868-57a2d4851a1d" /><TestEntry testId="cc08e5bf-ad53-4114-8d66-0a0f0bd230ee" executionId="518851de-4d96-4661-84ea-5f2810173890" testListId="8c84fa94-04c1-424b-9868-57a2d4851a1d" /><TestEntry testId="a2d01e52-2f31-481a-997e-36adb27ec4fc" executionId="8fe7dd76-a3d8-433a-92e7-9d076270c3f9" testListId="8c84fa94-04c1-424b-9868-57a2d4851a1d" /><TestEntry testId="0c78674c-39f8-4e50-a9c9-8d6327da71d2" executionId="f2ff9ba4-82a2-464e-ae13-daf107659358" testListId="8c84fa94-04c1-424b-9868-57a2d4851a1d" /><TestEntry testId="18a03708-2c01-44b8-8386-1fd4378598f2" executionId="687d1de2-60e4-4dc4-8661-5af97cc9b703" testListId="8c84fa94-04c1-424b-9868-57a2d4851a1d" /><TestEntry testId="69edee05-1930-4c03-8bc8-4f34f8bd8a53" executionId="e355acd2-4bda-4705-ae04-9fdb90e257bc" testListId="8c84fa94-04c1-424b-9868-57a2d4851a1d" /><TestEntry testId="f4cf2dfa-1c83-45bb-9fea-8aa2b428a2af" executionId="8535cce5-2c09-470b-a424-bcc2ac711ddf" testListId="8c84fa94-04c1-424b-9868-57a2d4851a1d" /><TestEntry testId="6c36b69e-6c52-4189-b311-7c9c8d53b3c1" executionId="80247c6b-8971-47e9-bb20-6c60b8dec158" testListId="8c84fa94-04c1-424b-9868-57a2d4851a1d" /><TestEntry testId="98804afd-83c3-4a5e-86c2-e24fd9a7511c" executionId="077909c8-f878-4b3f-97af-b4920a8a9835" testListId="8c84fa94-04c1-424b-9868-57a2d4851a1d" /><TestEntry testId="625d047f-9758-4c53-aca0-a61fc6ae2788" executionId="1526272f-4370-4c9a-b208-4c80f128da75" testListId="8c84fa94-04c1-424b-9868-57a2d4851a1d" /><TestEntry testId="908ebd07-a161-4cbe-abc3-24e74b758dc8" executionId="e289727d-9b4a-4c06-b1f8-7db6b8f1aa16" testListId="8c84fa94-04c1-424b-9868-57a2d4851a1d" /><TestEntry testId="5d99fda6-c8f5-4366-9332-0d17a1733e4c" executionId="92634180-0839-4d63-9818-1c0451eb811a" testListId="8c84fa94-04c1-424b-9868-57a2d4851a1d" /><TestEntry testId="4e19189a-8048-458f-a7a6-d39f2025ec33" executionId="3e965a6a-c442-4e3a-a868-c99d353bb6ce" testListId="8c84fa94-04c1-424b-9868-57a2d4851a1d" /><TestEntry testId="3fdc690c-7420-4fd0-8265-65efa563a748" executionId="e6fe3acd-f50e-4870-ad3f-5282f8b5c896" testListId="8c84fa94-04c1-424b-9868-57a2d4851a1d" /><TestEntry testId="98bc398b-40c3-4387-8f40-36c27010d9d4" executionId="52f683f7-5271-48e0-9e32-620dc3afccf9" testListId="8c84fa94-04c1-424b-9868-57a2d4851a1d" /><TestEntry testId="a01c906c-81fd-4aa0-87a4-4561aabe8f32" executionId="c8b5ace0-8a59-44ed-a7ca-eadb36e8f473" testListId="8c84fa94-04c1-424b-9868-57a2d4851a1d" /><TestEntry testId="60cf2802-ba0f-409a-84c0-d77e86bcbfff" executionId="b9a12c4e-719c-4bd1-82f7-43450b841caa" testListId="8c84fa94-04c1-424b-9868-57a2d4851a1d" /><TestEntry testId="98617ddb-776d-4ae0-84c9-3ac743587c94" executionId="6136fa86-17cd-4580-a325-1e599b6bfaab" testListId="8c84fa94-04c1-424b-9868-57a2d4851a1d" /><TestEntry testId="f9d758b6-e0e8-4763-9cdc-da809a00c794" executionId="d1e8333e-5949-4eee-bf1d-8bd6e6fe9cbd" testListId="8c84fa94-04c1-424b-9868-57a2d4851a1d" /><TestEntry testId="a936f318-b84b-46ec-8fcd-54dc98c87d74" executionId="56eb133f-2adb-49b4-8e06-eac1e5a47a25" testListId="8c84fa94-04c1-424b-9868-57a2d4851a1d" /><TestEntry testId="b8415758-ff04-4bb8-bfc7-bb0dc49fd6f9" executionId="22b54d1b-be06-4287-a29f-5bd3e3cc73b8" testListId="8c84fa94-04c1-424b-9868-57a2d4851a1d" /><TestEntry testId="09d73cfb-04c2-43b3-8925-092cc5cb2eeb" executionId="0547ce77-e6b6-45e1-8fb0-ed2df131b289" testListId="8c84fa94-04c1-424b-9868-57a2d4851a1d" /><TestEntry testId="e1dc435f-765d-42db-89e6-44132deecebc" executionId="e7936be3-1575-444c-8a1d-3e1f99d53b52" testListId="8c84fa94-04c1-424b-9868-57a2d4851a1d" /><TestEntry testId="5e89170d-0b8e-4526-8661-7d6725d1f01d" executionId="a1b9e08f-44c8-45b4-81b1-3fc0b896d008" testListId="8c84fa94-04c1-424b-9868-57a2d4851a1d" /></TestEntries><TestLists><TestList name="Results Not in a List" id="8c84fa94-04c1-424b-9868-57a2d4851a1d" /><TestList name="All Loaded Results" id="19431567-8539-422a-85d7-44ee4e166bda" /></TestLists><ResultSummary outcome="Completed"><Counters total="152" executed="152" passed="152" failed="0" error="0" timeout="0" aborted="0" inconclusive="0" passedButRunAborted="0" notRunnable="0" notExecuted="0" disconnected="0" warning="0" completed="0" inProgress="0" pending="0" /><Output><StdOut>[xUnit.net 00:00:01.0852678]   Discovering: ModelRelief.Test[xUnit.net 00:00:01.1949648]   Discovered:  ModelRelief.Test[xUnit.net 00:00:01.2000565]   Starting:    ModelRelief.Test[xUnit.net 00:00:18.6275708]   Finished:    ModelRelief.Test</StdOut></Output></ResultSummary></TestRun>