<?xml version="1.0" encoding="utf-8"?><TestRun id="d887f3e2-8c6c-4060-9daa-8643793dba0a" name="Steve Knipmeyer@VECTOR 2018-07-26 07:40:00" runUser="VECTOR\Steve Knipmeyer" xmlns="http://microsoft.com/schemas/VisualStudio/TeamTest/2010"><Times creation="2018-07-26T07:40:00.5439832-04:00" queuing="2018-07-26T07:40:00.5439980-04:00" start="2018-07-26T07:39:56.1157586-04:00" finish="2018-07-26T07:40:16.5195961-04:00" /><TestSettings name="default" id="47000a49-7a65-42f4-83ea-2c7ee492c843"><Deployment runDeploymentRoot="Steve_Knipmeyer_VECTOR_2018-07-26_07_40_00" /></TestSettings><Results><UnitTestResult executionId="a972f7d3-62e2-4da0-9318-ea107da7d7e7" testId="733b2c6e-39fa-4497-85a3-4aa6a8f8d4cf" testName="Put_InvalidReferencePropertyReturndBadRequest" computerName="VECTOR" duration="00:00:00.0170000" startTime="2018-07-26T07:40:16.0630492-04:00" endTime="2018-07-26T07:40:16.0630544-04:00" testType="13cdc9d9-ddb5-4fa4-a97d-d965ccfc6d4b" outcome="Passed" testListId="8c84fa94-04c1-424b-9868-57a2d4851a1d" relativeResultsDirectory="a972f7d3-62e2-4da0-9318-ea107da7d7e7" /><UnitTestResult executionId="af97bc4b-b432-411c-aac0-188ec1dcdc37" testId="08eb6161-208e-4d70-bf3e-371e742f3299" testName="Delete_TargetModelIsDeleted" computerName="VECTOR" duration="00:00:00.0300000" startTime="2018-07-26T07:40:13.3042397-04:00" endTime="2018-07-26T07:40:13.3042459-04:00" testType="13cdc9d9-ddb5-4fa4-a97d-d965ccfc6d4b" outcome="Passed" testListId="8c84fa94-04c1-424b-9868-57a2d4851a1d" relativeResultsDirectory="af97bc4b-b432-411c-aac0-188ec1dcdc37" /><UnitTestResult executionId="492003c3-457d-4ece-9fec-497e278b40b2" testId="0c2687af-e419-4f0b-b89f-55831a21e5bc" testName="PutFile_FileCanBeUpdated" computerName="VECTOR" duration="00:00:00.1440000" startTime="2018-07-26T07:40:02.5403155-04:00" endTime="2018-07-26T07:40:02.5403215-04:00" testType="13cdc9d9-ddb5-4fa4-a97d-d965ccfc6d4b" outcome="Passed" testListId="8c84fa94-04c1-424b-9868-57a2d4851a1d" relativeResultsDirectory="492003c3-457d-4ece-9fec-497e278b40b2" /><UnitTestResult executionId="e462059c-8a0b-40a2-a995-8932ab70af77" testId="f15c186f-5f73-47e0-9bbc-37161eabe5e3" testName="Put_CanUpdateModel" computerName="VECTOR" duration="00:00:00.0320000" startTime="2018-07-26T07:40:01.2739344-04:00" endTime="2018-07-26T07:40:01.2739403-04:00" testType="13cdc9d9-ddb5-4fa4-a97d-d965ccfc6d4b" outcome="Passed" testListId="8c84fa94-04c1-424b-9868-57a2d4851a1d" relativeResultsDirectory="e462059c-8a0b-40a2-a995-8932ab70af77" /><UnitTestResult executionId="54880150-1709-4a5d-b6d1-6328fbed2e09" testId="059b4bae-c72f-4de9-8b0f-abfcaca20693" testName="Put_InvalidReferencePropertyReturndBadRequest" computerName="VECTOR" duration="00:00:00.0310000" startTime="2018-07-26T07:40:02.2890199-04:00" endTime="2018-07-26T07:40:02.2890267-04:00" testType="13cdc9d9-ddb5-4fa4-a97d-d965ccfc6d4b" outcome="Passed" testListId="8c84fa94-04c1-424b-9868-57a2d4851a1d" relativeResultsDirectory="54880150-1709-4a5d-b6d1-6328fbed2e09" /><UnitTestResult executionId="a76995ac-4ea7-4bf5-a9ce-41074f606c73" testId="712dab0a-7e41-400f-a8d8-0dc9a546936f" testName="Patch_TargetPropertyIsUpdated" computerName="VECTOR" duration="00:00:00.0510000" startTime="2018-07-26T07:40:16.3254619-04:00" endTime="2018-07-26T07:40:16.3254679-04:00" testType="13cdc9d9-ddb5-4fa4-a97d-d965ccfc6d4b" outcome="Passed" testListId="8c84fa94-04c1-424b-9868-57a2d4851a1d" relativeResultsDirectory="a76995ac-4ea7-4bf5-a9ce-41074f606c73" /><UnitTestResult executionId="260da85b-b2d8-4535-9d27-5432b92bb8be" testId="46ba1e94-4558-4cce-847d-a2f89fe5b1a0" testName="Patch_InvalidIdPropertyReturnsNotFound" computerName="VECTOR" duration="00:00:00.0120000" startTime="2018-07-26T07:40:16.1237491-04:00" endTime="2018-07-26T07:40:16.1237551-04:00" testType="13cdc9d9-ddb5-4fa4-a97d-d965ccfc6d4b" outcome="Passed" testListId="8c84fa94-04c1-424b-9868-57a2d4851a1d" relativeResultsDirectory="260da85b-b2d8-4535-9d27-5432b92bb8be" /><UnitTestResult executionId="92032951-9d36-48d9-b631-2c5cde2bde2f" testId="8279d1bb-0998-4b2e-91da-378367565b7f" testName="PostFile_FileIsSynchronizedIsUpdatedAfterFileIsPosted" computerName="VECTOR" duration="00:00:00.0700000" startTime="2018-07-26T07:40:15.7261308-04:00" endTime="2018-07-26T07:40:15.7261354-04:00" testType="13cdc9d9-ddb5-4fa4-a97d-d965ccfc6d4b" outcome="Passed" testListId="8c84fa94-04c1-424b-9868-57a2d4851a1d" relativeResultsDirectory="92032951-9d36-48d9-b631-2c5cde2bde2f" /><UnitTestResult executionId="88f97491-7e68-4b2c-a077-25bcf67ee59b" testId="2aee2f8d-cdbe-401f-9c97-c5c2d9e05827" testName="PostFile_NewFileCanBePosted" computerName="VECTOR" duration="00:00:00.0720000" startTime="2018-07-26T07:40:10.0737871-04:00" endTime="2018-07-26T07:40:10.0737919-04:00" testType="13cdc9d9-ddb5-4fa4-a97d-d965ccfc6d4b" outcome="Passed" testListId="8c84fa94-04c1-424b-9868-57a2d4851a1d" relativeResultsDirectory="88f97491-7e68-4b2c-a077-25bcf67ee59b" /><UnitTestResult executionId="f1236cf3-1354-4b2e-84c3-0e49fd216da3" testId="f12e585f-5933-43e5-aa49-1ae4a4f4634d" testName="PostFile_FileTimeStampIsUpdatedAfterFileIsPosted" computerName="VECTOR" duration="00:00:00.0100000" startTime="2018-07-26T07:40:02.2996115-04:00" endTime="2018-07-26T07:40:02.2996147-04:00" testType="13cdc9d9-ddb5-4fa4-a97d-d965ccfc6d4b" outcome="Passed" testListId="8c84fa94-04c1-424b-9868-57a2d4851a1d" relativeResultsDirectory="f1236cf3-1354-4b2e-84c3-0e49fd216da3" /><UnitTestResult executionId="dca53bf3-73dc-42c9-8211-a24a428adbc4" testId="58ec3f77-00a5-493f-bf29-cdbd6b4b58aa" testName="PostFile_FileIsSynchronizedIsUpdatedAfterFileIsPosted" computerName="VECTOR" duration="00:00:00.1150000" startTime="2018-07-26T07:40:13.0701429-04:00" endTime="2018-07-26T07:40:13.0701488-04:00" testType="13cdc9d9-ddb5-4fa4-a97d-d965ccfc6d4b" outcome="Passed" testListId="8c84fa94-04c1-424b-9868-57a2d4851a1d" relativeResultsDirectory="dca53bf3-73dc-42c9-8211-a24a428adbc4" /><UnitTestResult executionId="69aa5a08-536d-42d8-9662-dbf9bc20e281" testId="6ab0f1bf-191c-4646-bedd-7dee783b3ad2" testName="Put_CanUpdateModel" computerName="VECTOR" duration="00:00:00.0540000" startTime="2018-07-26T07:40:13.8316186-04:00" endTime="2018-07-26T07:40:13.8316251-04:00" testType="13cdc9d9-ddb5-4fa4-a97d-d965ccfc6d4b" outcome="Passed" testListId="8c84fa94-04c1-424b-9868-57a2d4851a1d" relativeResultsDirectory="69aa5a08-536d-42d8-9662-dbf9bc20e281" /><UnitTestResult executionId="7352349d-7bec-4748-882d-86a3260cfef0" testId="36cb0228-9a2c-4d7d-99e4-4c3e9200fc7a" testName="Patch_InvalidReferencePropertyReturnsBadRequest" computerName="VECTOR" duration="00:00:00.0210000" startTime="2018-07-26T07:40:13.5724246-04:00" endTime="2018-07-26T07:40:13.5724303-04:00" testType="13cdc9d9-ddb5-4fa4-a97d-d965ccfc6d4b" outcome="Passed" testListId="8c84fa94-04c1-424b-9868-57a2d4851a1d" relativeResultsDirectory="7352349d-7bec-4748-882d-86a3260cfef0" /><UnitTestResult executionId="0116ab02-67f3-4ad2-b54f-51d5d58a2b27" testId="7ef958d5-b0af-4de6-9023-20567b845c75" testName="FileRequest_DepthBufferIsInvalidatedAfterCameraDependencyPropertyChange" computerName="VECTOR" duration="00:00:00.3240000" startTime="2018-07-26T07:40:15.5602182-04:00" endTime="2018-07-26T07:40:15.5602253-04:00" testType="13cdc9d9-ddb5-4fa4-a97d-d965ccfc6d4b" outcome="Passed" testListId="8c84fa94-04c1-424b-9868-57a2d4851a1d" relativeResultsDirectory="0116ab02-67f3-4ad2-b54f-51d5d58a2b27" /><UnitTestResult executionId="dfe32ef5-31ea-4e17-a75a-fb5a2a23495b" testId="949bae17-2415-4d01-904c-9f316a447255" testName="PostFile_NewFileCanBePosted" computerName="VECTOR" duration="00:00:00.0650000" startTime="2018-07-26T07:40:02.8474679-04:00" endTime="2018-07-26T07:40:02.8474719-04:00" testType="13cdc9d9-ddb5-4fa4-a97d-d965ccfc6d4b" outcome="Passed" testListId="8c84fa94-04c1-424b-9868-57a2d4851a1d" relativeResultsDirectory="dfe32ef5-31ea-4e17-a75a-fb5a2a23495b" /><UnitTestResult executionId="10960cce-4287-49d1-96c8-773b928a924b" testId="7aace8fe-5624-4acc-ae71-ba881f4807a6" testName="GetFile_FileCanBeRoundTripped" computerName="VECTOR" duration="00:00:00.1230000" startTime="2018-07-26T07:40:08.6043107-04:00" endTime="2018-07-26T07:40:08.6043173-04:00" testType="13cdc9d9-ddb5-4fa4-a97d-d965ccfc6d4b" outcome="Passed" testListId="8c84fa94-04c1-424b-9868-57a2d4851a1d" relativeResultsDirectory="10960cce-4287-49d1-96c8-773b928a924b" /><UnitTestResult executionId="b215a005-50c2-4530-b96b-1cb6a25a41ad" testId="49e3a863-5c5a-468b-8598-7f58b3cae6ac" testName="Post_ValidReferencePropertyCreatesModel" computerName="VECTOR" duration="00:00:00.0090000" startTime="2018-07-26T07:40:00.8720734-04:00" endTime="2018-07-26T07:40:00.8720780-04:00" testType="13cdc9d9-ddb5-4fa4-a97d-d965ccfc6d4b" outcome="Passed" testListId="8c84fa94-04c1-424b-9868-57a2d4851a1d" relativeResultsDirectory="b215a005-50c2-4530-b96b-1cb6a25a41ad" /><UnitTestResult executionId="6e4c0fdc-7db8-40c4-b27d-132dd819835c" testId="003ce11f-3cdd-4c7d-ba7f-c8089f5f73b6" testName="Patch_InvalidIdPropertyReturnsNotFound" computerName="VECTOR" duration="00:00:00.0170000" startTime="2018-07-26T07:40:13.3216915-04:00" endTime="2018-07-26T07:40:13.3216969-04:00" testType="13cdc9d9-ddb5-4fa4-a97d-d965ccfc6d4b" outcome="Passed" testListId="8c84fa94-04c1-424b-9868-57a2d4851a1d" relativeResultsDirectory="6e4c0fdc-7db8-40c4-b27d-132dd819835c" /><UnitTestResult executionId="481e6056-1a1e-44e9-88f5-da76380f4ee7" testId="35968076-0dbc-44da-8f15-a3d69e563b4c" testName="CameraHasExpectedDependentFiles" computerName="VECTOR" duration="00:00:00.0010000" startTime="2018-07-26T07:40:00.1656425-04:00" endTime="2018-07-26T07:40:00.1656436-04:00" testType="13cdc9d9-ddb5-4fa4-a97d-d965ccfc6d4b" outcome="Passed" testListId="8c84fa94-04c1-424b-9868-57a2d4851a1d" relativeResultsDirectory="481e6056-1a1e-44e9-88f5-da76380f4ee7" /><UnitTestResult executionId="54773967-c6b4-4647-ac2a-546cbd2f6d3a" testId="daa189e6-1fd3-4465-b2ee-b7bac8803469" testName="Delete_TargetModelIsDeleted" computerName="VECTOR" duration="00:00:00.1990000" startTime="2018-07-26T07:40:01.0791784-04:00" endTime="2018-07-26T07:40:01.0791844-04:00" testType="13cdc9d9-ddb5-4fa4-a97d-d965ccfc6d4b" outcome="Passed" testListId="8c84fa94-04c1-424b-9868-57a2d4851a1d" relativeResultsDirectory="54773967-c6b4-4647-ac2a-546cbd2f6d3a" /><UnitTestResult executionId="028b4e0d-1907-4c84-8d45-bc5f89b53944" testId="00d55e5d-ac35-4c58-9ee3-c0c2b9e684df" testName="Post_ValidReferencePropertyCreatesModel" computerName="VECTOR" duration="00:00:00.0220000" startTime="2018-07-26T07:40:02.1336950-04:00" endTime="2018-07-26T07:40:02.1337006-04:00" testType="13cdc9d9-ddb5-4fa4-a97d-d965ccfc6d4b" outcome="Passed" testListId="8c84fa94-04c1-424b-9868-57a2d4851a1d" relativeResultsDirectory="028b4e0d-1907-4c84-8d45-bc5f89b53944" /><UnitTestResult executionId="20042156-744b-44b3-ab56-a561072901f7" testId="1c74ec91-3e95-416f-b2c0-62d715047cb1" testName="Patch_InvalidPropertyNameReturnsBadRequest" computerName="VECTOR" duration="00:00:00.0200000" startTime="2018-07-26T07:40:06.0658491-04:00" endTime="2018-07-26T07:40:06.0658554-04:00" testType="13cdc9d9-ddb5-4fa4-a97d-d965ccfc6d4b" outcome="Passed" testListId="8c84fa94-04c1-424b-9868-57a2d4851a1d" relativeResultsDirectory="20042156-744b-44b3-ab56-a561072901f7" /><UnitTestResult executionId="a2ac6155-2157-4dd2-b928-d1af10c4650e" testId="8e485d77-e49a-4e89-b360-06525ee72bb9" testName="GetSingle_ValidIdPropertyValueReturnsCorrectModel" computerName="VECTOR" duration="00:00:00.0120000" startTime="2018-07-26T07:40:15.8849468-04:00" endTime="2018-07-26T07:40:15.8849524-04:00" testType="13cdc9d9-ddb5-4fa4-a97d-d965ccfc6d4b" outcome="Passed" testListId="8c84fa94-04c1-424b-9868-57a2d4851a1d" relativeResultsDirectory="a2ac6155-2157-4dd2-b928-d1af10c4650e" /><UnitTestResult executionId="dbb5aaf2-cd4b-4d75-8901-2fe803831bae" testId="cdbddcea-fff2-4c66-8921-f3b53b81894b" testName="Patch_ValidReferencePropertyUpdatesModel" computerName="VECTOR" duration="00:00:00.0480000" startTime="2018-07-26T07:40:03.6704727-04:00" endTime="2018-07-26T07:40:03.6704784-04:00" testType="13cdc9d9-ddb5-4fa4-a97d-d965ccfc6d4b" outcome="Passed" testListId="8c84fa94-04c1-424b-9868-57a2d4851a1d" relativeResultsDirectory="dbb5aaf2-cd4b-4d75-8901-2fe803831bae" /><UnitTestResult executionId="660a6f8b-0cc7-4954-8107-ec78ecc0865c" testId="cc3c9cdc-938a-4aae-a1ab-af193c2d1fea" testName="Delete_TargetModelIsDeleted" computerName="VECTOR" duration="00:00:00.1170000" startTime="2018-07-26T07:40:03.3848293-04:00" endTime="2018-07-26T07:40:03.3848356-04:00" testType="13cdc9d9-ddb5-4fa4-a97d-d965ccfc6d4b" outcome="Passed" testListId="8c84fa94-04c1-424b-9868-57a2d4851a1d" relativeResultsDirectory="660a6f8b-0cc7-4954-8107-ec78ecc0865c" /><UnitTestResult executionId="c1476838-ae05-43b6-bbff-5d7b8c8706f4" testId="34eb09fa-ecba-411b-bc3a-fade4e351a37" testName="Patch_InvalidEnumPropertyValueReturnsBadRequest" computerName="VECTOR" duration="00:00:00.0080000" startTime="2018-07-26T07:40:03.6224229-04:00" endTime="2018-07-26T07:40:03.6224295-04:00" testType="13cdc9d9-ddb5-4fa4-a97d-d965ccfc6d4b" outcome="Passed" testListId="8c84fa94-04c1-424b-9868-57a2d4851a1d" relativeResultsDirectory="c1476838-ae05-43b6-bbff-5d7b8c8706f4" /><UnitTestResult executionId="9deecbc7-383d-4c18-8f34-f67e345f22f5" testId="5fb9f876-3c61-4b00-85dd-4367e3ca7de8" testName="Patch_MultipleInvalidReferencePropertiesReturnsMultipleValidationErrorsAndBadRequest" computerName="VECTOR" duration="00:00:00.0210000" startTime="2018-07-26T07:40:13.5940408-04:00" endTime="2018-07-26T07:40:13.5940465-04:00" testType="13cdc9d9-ddb5-4fa4-a97d-d965ccfc6d4b" outcome="Passed" testListId="8c84fa94-04c1-424b-9868-57a2d4851a1d" relativeResultsDirectory="9deecbc7-383d-4c18-8f34-f67e345f22f5" /><UnitTestResult executionId="c3174ac0-4240-4f20-90bf-f96ce54105f9" testId="93de5c43-4d8e-4e7d-a258-a9269e2cab98" testName="Put_CanUpdateModel" computerName="VECTOR" duration="00:00:00.4560000" startTime="2018-07-26T07:40:05.8438633-04:00" endTime="2018-07-26T07:40:05.8438696-04:00" testType="13cdc9d9-ddb5-4fa4-a97d-d965ccfc6d4b" outcome="Passed" testListId="8c84fa94-04c1-424b-9868-57a2d4851a1d" relativeResultsDirectory="c3174ac0-4240-4f20-90bf-f96ce54105f9" /><UnitTestResult executionId="77935d25-90ec-440b-9206-a6089a987b5e" testId="88573abc-8b7c-4dbf-a2ad-c5d683f8d3e4" testName="Put_InvalidIdReturnsNotFound" computerName="VECTOR" duration="00:00:00.2700000" startTime="2018-07-26T07:40:03.2248754-04:00" endTime="2018-07-26T07:40:03.2248814-04:00" testType="13cdc9d9-ddb5-4fa4-a97d-d965ccfc6d4b" outcome="Passed" testListId="8c84fa94-04c1-424b-9868-57a2d4851a1d" relativeResultsDirectory="77935d25-90ec-440b-9206-a6089a987b5e" /><UnitTestResult executionId="68f0afc7-e67b-4720-a70b-ec1a93fb3179" testId="b45376bb-e962-497f-a85c-35994a8c1461" testName="Patch_ValidReferencePropertyUpdatesModel" computerName="VECTOR" duration="00:00:00.5920000" startTime="2018-07-26T07:40:05.3879393-04:00" endTime="2018-07-26T07:40:05.3879450-04:00" testType="13cdc9d9-ddb5-4fa4-a97d-d965ccfc6d4b" outcome="Passed" testListId="8c84fa94-04c1-424b-9868-57a2d4851a1d" relativeResultsDirectory="68f0afc7-e67b-4720-a70b-ec1a93fb3179" /><UnitTestResult executionId="1696d74d-cd48-4bb7-9621-b4c52b91222c" testId="6bb495a7-2ac8-4103-b503-017682085fe4" testName="FileRequest_FileCanBeReadAfterRename" computerName="VECTOR" duration="00:00:00.1080000" startTime="2018-07-26T07:40:02.7818728-04:00" endTime="2018-07-26T07:40:02.7818799-04:00" testType="13cdc9d9-ddb5-4fa4-a97d-d965ccfc6d4b" outcome="Passed" testListId="8c84fa94-04c1-424b-9868-57a2d4851a1d" relativeResultsDirectory="1696d74d-cd48-4bb7-9621-b4c52b91222c" /><UnitTestResult executionId="a159a916-59fb-47d9-b512-fe03eb361f74" testId="a9321ffe-72a0-43aa-b9a0-4388cb207ad5" testName="Put_InvalidIdReturnsNotFound" computerName="VECTOR" duration="00:00:00.0180000" startTime="2018-07-26T07:40:15.9220668-04:00" endTime="2018-07-26T07:40:15.9220730-04:00" testType="13cdc9d9-ddb5-4fa4-a97d-d965ccfc6d4b" outcome="Passed" testListId="8c84fa94-04c1-424b-9868-57a2d4851a1d" relativeResultsDirectory="a159a916-59fb-47d9-b512-fe03eb361f74" /><UnitTestResult executionId="720adc6f-5375-452f-95f8-d49b85330472" testId="cb55045b-c260-4990-878f-a573036b1624" testName="Patch_InvalidReferencePropertyReturnsBadRequest" computerName="VECTOR" duration="00:00:00.0160000" startTime="2018-07-26T07:40:16.2209788-04:00" endTime="2018-07-26T07:40:16.2209850-04:00" testType="13cdc9d9-ddb5-4fa4-a97d-d965ccfc6d4b" outcome="Passed" testListId="8c84fa94-04c1-424b-9868-57a2d4851a1d" relativeResultsDirectory="720adc6f-5375-452f-95f8-d49b85330472" /><UnitTestResult executionId="96ba6966-142a-4f47-8621-04dbd40f8ae7" testId="d35e2775-66fc-4455-998b-51fb83830c48" testName="Put_CanUpdateModel" computerName="VECTOR" duration="00:00:00.0520000" startTime="2018-07-26T07:40:16.0456741-04:00" endTime="2018-07-26T07:40:16.0456804-04:00" testType="13cdc9d9-ddb5-4fa4-a97d-d965ccfc6d4b" outcome="Passed" testListId="8c84fa94-04c1-424b-9868-57a2d4851a1d" relativeResultsDirectory="96ba6966-142a-4f47-8621-04dbd40f8ae7" /><UnitTestResult executionId="8a9f1ebd-1f07-4142-a346-8a2099f163c0" testId="fe9522eb-f831-4d84-bf6f-07825a731fc9" testName="Patch_InvalidPropertyNameReturnsBadRequest" computerName="VECTOR" duration="00:00:00.0150000" startTime="2018-07-26T07:40:13.2365883-04:00" endTime="2018-07-26T07:40:13.2365940-04:00" testType="13cdc9d9-ddb5-4fa4-a97d-d965ccfc6d4b" outcome="Passed" testListId="8c84fa94-04c1-424b-9868-57a2d4851a1d" relativeResultsDirectory="8a9f1ebd-1f07-4142-a346-8a2099f163c0" /><UnitTestResult executionId="cb8dab1a-195c-4e36-980c-dae62303b3df" testId="69f9d3ea-daa2-4dcd-ac3c-2bb878fcc6c2" testName="Patch_InvalidReferencePropertyReturnsBadRequest" computerName="VECTOR" duration="00:00:00.0080000" startTime="2018-07-26T07:40:01.1574569-04:00" endTime="2018-07-26T07:40:01.1574600-04:00" testType="13cdc9d9-ddb5-4fa4-a97d-d965ccfc6d4b" outcome="Passed" testListId="8c84fa94-04c1-424b-9868-57a2d4851a1d" relativeResultsDirectory="cb8dab1a-195c-4e36-980c-dae62303b3df" /><UnitTestResult executionId="e4c029ca-359f-4495-921b-51e29023032b" testId="dae83344-acff-4f0d-90d0-9a1f675c64d5" testName="Post_InvalidPropertyValueReturnsBadRequest" computerName="VECTOR" duration="00:00:00.0180000" startTime="2018-07-26T07:40:13.6716882-04:00" endTime="2018-07-26T07:40:13.6716948-04:00" testType="13cdc9d9-ddb5-4fa4-a97d-d965ccfc6d4b" outcome="Passed" testListId="8c84fa94-04c1-424b-9868-57a2d4851a1d" relativeResultsDirectory="e4c029ca-359f-4495-921b-51e29023032b" /><UnitTestResult executionId="c78dae6c-432d-4a79-b071-e988a70cb93d" testId="7a1cdc5a-7978-4cf0-82ba-d749cd0e1283" testName="GetList_ListReturnsCorrectCount" computerName="VECTOR" duration="00:00:00.9320000" startTime="2018-07-26T07:40:04.7240317-04:00" endTime="2018-07-26T07:40:04.7240374-04:00" testType="13cdc9d9-ddb5-4fa4-a97d-d965ccfc6d4b" outcome="Passed" testListId="8c84fa94-04c1-424b-9868-57a2d4851a1d" relativeResultsDirectory="c78dae6c-432d-4a79-b071-e988a70cb93d" /><UnitTestResult executionId="8535203e-4cf7-4c98-a5ef-4ff515c3aca9" testId="6f4c2ce8-d0d9-4257-889a-08cfe5f773b1" testName="GetList_ListReturnsCorrectCount" computerName="VECTOR" duration="00:00:00.0160000" startTime="2018-07-26T07:40:02.1751397-04:00" endTime="2018-07-26T07:40:02.1751460-04:00" testType="13cdc9d9-ddb5-4fa4-a97d-d965ccfc6d4b" outcome="Passed" testListId="8c84fa94-04c1-424b-9868-57a2d4851a1d" relativeResultsDirectory="8535203e-4cf7-4c98-a5ef-4ff515c3aca9" /><UnitTestResult executionId="73f5afac-8a3f-4f35-b394-e4919ba2e60a" testId="5c50db5a-a478-4b54-85aa-95a90706bdc8" testName="GetSingle_ValidIdPropertyValueReturnsCorrectModel" computerName="VECTOR" duration="00:00:00.0160000" startTime="2018-07-26T07:40:03.7791665-04:00" endTime="2018-07-26T07:40:03.7791725-04:00" testType="13cdc9d9-ddb5-4fa4-a97d-d965ccfc6d4b" outcome="Passed" testListId="8c84fa94-04c1-424b-9868-57a2d4851a1d" relativeResultsDirectory="73f5afac-8a3f-4f35-b394-e4919ba2e60a" /><UnitTestResult executionId="a6049a0e-c1c0-4e88-9d26-4a1809d21924" testId="0dfab26b-d5e6-40ea-8952-b5f70b133629" testName="GetSingle_InvalidIdPropertyValueReturnsNotFound" computerName="VECTOR" duration="00:00:00.0210000" startTime="2018-07-26T07:40:13.7443974-04:00" endTime="2018-07-26T07:40:13.7444045-04:00" testType="13cdc9d9-ddb5-4fa4-a97d-d965ccfc6d4b" outcome="Passed" testListId="8c84fa94-04c1-424b-9868-57a2d4851a1d" relativeResultsDirectory="a6049a0e-c1c0-4e88-9d26-4a1809d21924" /><UnitTestResult executionId="33b49aea-c9f5-401f-afeb-3e6bc611c2cb" testId="7975af53-7fd3-48fe-a5d9-60dc49021adf" testName="PutFile_NewFileCanBePut" computerName="VECTOR" duration="00:00:00.1120000" startTime="2018-07-26T07:40:06.4355600-04:00" endTime="2018-07-26T07:40:06.4355649-04:00" testType="13cdc9d9-ddb5-4fa4-a97d-d965ccfc6d4b" outcome="Passed" testListId="8c84fa94-04c1-424b-9868-57a2d4851a1d" relativeResultsDirectory="33b49aea-c9f5-401f-afeb-3e6bc611c2cb" /><UnitTestResult executionId="f72d40fb-e962-4c3c-be7f-ede139ae70e2" testId="b56f0370-3365-4865-b68d-125dfa719e93" testName="Post_InvalidPropertyValueReturnsBadRequest" computerName="VECTOR" duration="00:00:00.0170000" startTime="2018-07-26T07:40:01.9843114-04:00" endTime="2018-07-26T07:40:01.9843179-04:00" testType="13cdc9d9-ddb5-4fa4-a97d-d965ccfc6d4b" outcome="Passed" testListId="8c84fa94-04c1-424b-9868-57a2d4851a1d" relativeResultsDirectory="f72d40fb-e962-4c3c-be7f-ede139ae70e2" /><UnitTestResult executionId="ade6cafb-c356-4706-83e0-f11de61a035d" testId="87098ff5-7dff-4a45-8e76-5ed7c83d3831" testName="Delete_TargetModelIsDeleted" computerName="VECTOR" duration="00:00:00.0250000" startTime="2018-07-26T07:40:02.2579925-04:00" endTime="2018-07-26T07:40:02.2579988-04:00" testType="13cdc9d9-ddb5-4fa4-a97d-d965ccfc6d4b" outcome="Passed" testListId="8c84fa94-04c1-424b-9868-57a2d4851a1d" relativeResultsDirectory="ade6cafb-c356-4706-83e0-f11de61a035d" /><UnitTestResult executionId="fe6916df-4275-4918-8a5e-c2621e285518" testId="3f7b9a8b-87f0-446d-a793-f66dab6f9d21" testName="Patch_InvalidIdPropertyReturnsNotFound" computerName="VECTOR" duration="00:00:00.0200000" startTime="2018-07-26T07:40:06.0857626-04:00" endTime="2018-07-26T07:40:06.0857686-04:00" testType="13cdc9d9-ddb5-4fa4-a97d-d965ccfc6d4b" outcome="Passed" testListId="8c84fa94-04c1-424b-9868-57a2d4851a1d" relativeResultsDirectory="fe6916df-4275-4918-8a5e-c2621e285518" /><UnitTestResult executionId="b19a5c52-dcd1-4b90-a562-f5b2b5e72e98" testId="48c5d007-05e9-4b20-9977-54fdbe6c565d" testName="Patch_TargetPropertyIsUpdated" computerName="VECTOR" duration="00:00:00.1760000" startTime="2018-07-26T07:40:01.8166936-04:00" endTime="2018-07-26T07:40:01.8166998-04:00" testType="13cdc9d9-ddb5-4fa4-a97d-d965ccfc6d4b" outcome="Passed" testListId="8c84fa94-04c1-424b-9868-57a2d4851a1d" relativeResultsDirectory="b19a5c52-dcd1-4b90-a562-f5b2b5e72e98" /><UnitTestResult executionId="dec8b1aa-9782-4450-8b01-25a0aeaffe4a" testId="52cca166-725b-4b4e-bb68-06d76fc92e38" testName="Patch_InvalidPropertyNameReturnsBadRequest" computerName="VECTOR" duration="00:00:00.1080000" startTime="2018-07-26T07:40:00.8633000-04:00" endTime="2018-07-26T07:40:00.8633071-04:00" testType="13cdc9d9-ddb5-4fa4-a97d-d965ccfc6d4b" outcome="Passed" testListId="8c84fa94-04c1-424b-9868-57a2d4851a1d" relativeResultsDirectory="dec8b1aa-9782-4450-8b01-25a0aeaffe4a" /><UnitTestResult executionId="966cc77c-2775-4b9c-b944-e56579112382" testId="5d95d7a3-d118-4cfa-88ab-3e5f575e5d5e" testName="Patch_InvalidIdPropertyReturnsNotFound" computerName="VECTOR" duration="00:00:00.0130000" startTime="2018-07-26T07:40:02.1114330-04:00" endTime="2018-07-26T07:40:02.1114382-04:00" testType="13cdc9d9-ddb5-4fa4-a97d-d965ccfc6d4b" outcome="Passed" testListId="8c84fa94-04c1-424b-9868-57a2d4851a1d" relativeResultsDirectory="966cc77c-2775-4b9c-b944-e56579112382" /><UnitTestResult executionId="a37ec570-8795-4d54-ac87-fc9294a44d19" testId="04ef4c1f-bd4c-4f79-b44b-ba6f617b28cc" testName="Post_InvalidPropertyValueReturnsBadRequest" computerName="VECTOR" duration="00:00:00.0110000" startTime="2018-07-26T07:40:03.5550349-04:00" endTime="2018-07-26T07:40:03.5550417-04:00" testType="13cdc9d9-ddb5-4fa4-a97d-d965ccfc6d4b" outcome="Passed" testListId="8c84fa94-04c1-424b-9868-57a2d4851a1d" relativeResultsDirectory="a37ec570-8795-4d54-ac87-fc9294a44d19" /><UnitTestResult executionId="d45e829f-00f1-4e86-8435-ac4cf222cfbc" testId="616f5950-0ff2-433c-a800-d4c563621706" testName="Delete_TargetModelIsDeleted" computerName="VECTOR" duration="00:00:00.0220000" startTime="2018-07-26T07:40:15.9441883-04:00" endTime="2018-07-26T07:40:15.9441939-04:00" testType="13cdc9d9-ddb5-4fa4-a97d-d965ccfc6d4b" outcome="Passed" testListId="8c84fa94-04c1-424b-9868-57a2d4851a1d" relativeResultsDirectory="d45e829f-00f1-4e86-8435-ac4cf222cfbc" /><UnitTestResult executionId="b284d9ee-2aad-45e9-94a9-6b4a6b5b555e" testId="fc627014-ee31-4382-9696-2f1db220806a" testName="Post_CanCreateNewModel" computerName="VECTOR" duration="00:00:00.0300000" startTime="2018-07-26T07:40:06.0155272-04:00" endTime="2018-07-26T07:40:06.0155335-04:00" testType="13cdc9d9-ddb5-4fa4-a97d-d965ccfc6d4b" outcome="Passed" testListId="8c84fa94-04c1-424b-9868-57a2d4851a1d" relativeResultsDirectory="b284d9ee-2aad-45e9-94a9-6b4a6b5b555e" /><UnitTestResult executionId="0a2f8eac-7424-469c-9823-ccf37bd326fb" testId="0170107e-cfae-45fe-a88d-ec474e47d465" testName="Patch_MultipleInvalidReferencePropertiesReturnsMultipleValidationErrorsAndBadRequest" computerName="VECTOR" duration="00:00:00.0230000" startTime="2018-07-26T07:40:03.4085788-04:00" endTime="2018-07-26T07:40:03.4085851-04:00" testType="13cdc9d9-ddb5-4fa4-a97d-d965ccfc6d4b" outcome="Passed" testListId="8c84fa94-04c1-424b-9868-57a2d4851a1d" relativeResultsDirectory="0a2f8eac-7424-469c-9823-ccf37bd326fb" /><UnitTestResult executionId="ed975507-9e3a-4b45-a317-977f451a61b2" testId="2f06a2cf-82a4-4fad-9a8b-178b1be56875" testName="LucyCameraFindsAllDependents" computerName="VECTOR" duration="00:00:00.0090000" startTime="2018-07-26T07:40:00.1652416-04:00" endTime="2018-07-26T07:40:00.1652473-04:00" testType="13cdc9d9-ddb5-4fa4-a97d-d965ccfc6d4b" outcome="Passed" testListId="8c84fa94-04c1-424b-9868-57a2d4851a1d" relativeResultsDirectory="ed975507-9e3a-4b45-a317-977f451a61b2" /><UnitTestResult executionId="17473347-7362-4bff-9b02-fbeca89894ee" testId="6162e193-4744-4060-b43b-7e59587b90b8" testName="Patch_TargetPropertyIsUpdated" computerName="VECTOR" duration="00:00:00.0480000" startTime="2018-07-26T07:40:13.3943228-04:00" endTime="2018-07-26T07:40:13.3943290-04:00" testType="13cdc9d9-ddb5-4fa4-a97d-d965ccfc6d4b" outcome="Passed" testListId="8c84fa94-04c1-424b-9868-57a2d4851a1d" relativeResultsDirectory="17473347-7362-4bff-9b02-fbeca89894ee" /><UnitTestResult executionId="cc3ef33d-ef04-4568-af4b-082319e421c8" testId="b27828b5-d06c-4cf5-9cff-26b4927d187d" testName="GetList_ListReturnsCorrectCount" computerName="VECTOR" duration="00:00:00.0140000" startTime="2018-07-26T07:40:01.2880337-04:00" endTime="2018-07-26T07:40:01.2880385-04:00" testType="13cdc9d9-ddb5-4fa4-a97d-d965ccfc6d4b" outcome="Passed" testListId="8c84fa94-04c1-424b-9868-57a2d4851a1d" relativeResultsDirectory="cc3ef33d-ef04-4568-af4b-082319e421c8" /><UnitTestResult executionId="9ebcdd71-0d2c-4a85-90a5-4dee092f01d0" testId="dee5a5e8-68d0-441a-a672-327d11392151" testName="PostFile_NewFileCanBePosted" computerName="VECTOR" duration="00:00:00.0640000" startTime="2018-07-26T07:40:15.7901684-04:00" endTime="2018-07-26T07:40:15.7901729-04:00" testType="13cdc9d9-ddb5-4fa4-a97d-d965ccfc6d4b" outcome="Passed" testListId="8c84fa94-04c1-424b-9868-57a2d4851a1d" relativeResultsDirectory="9ebcdd71-0d2c-4a85-90a5-4dee092f01d0" /><UnitTestResult executionId="e3c7b17c-13fc-4b32-ab38-b047fbb370ac" testId="177ebb57-16dd-4358-8bc8-c5952b8d3a6c" testName="GetFile_NonExistentFileReturnsNotFound" computerName="VECTOR" duration="00:00:00.0210000" startTime="2018-07-26T07:40:02.9429092-04:00" endTime="2018-07-26T07:40:02.9429152-04:00" testType="13cdc9d9-ddb5-4fa4-a97d-d965ccfc6d4b" outcome="Passed" testListId="8c84fa94-04c1-424b-9868-57a2d4851a1d" relativeResultsDirectory="e3c7b17c-13fc-4b32-ab38-b047fbb370ac" /><UnitTestResult executionId="35e3af26-8c43-4419-8181-c43692014ca5" testId="88a7c040-2134-494b-8028-16b422539b65" testName="LucyDepthBufferFindsOneDependent" computerName="VECTOR" duration="00:00:00.0040000" startTime="2018-07-26T07:40:00.1702356-04:00" endTime="2018-07-26T07:40:00.1702379-04:00" testType="13cdc9d9-ddb5-4fa4-a97d-d965ccfc6d4b" outcome="Passed" testListId="8c84fa94-04c1-424b-9868-57a2d4851a1d" relativeResultsDirectory="35e3af26-8c43-4419-8181-c43692014ca5" /><UnitTestResult executionId="df2fe824-4b27-420b-81d9-0a5cb664d79f" testId="b3f88b62-02bf-44d0-9e03-8969d86fb15c" testName="Patch_InvalidPropertyNameReturnsBadRequest" computerName="VECTOR" duration="00:00:00.0410000" startTime="2018-07-26T07:40:03.2669931-04:00" endTime="2018-07-26T07:40:03.2670042-04:00" testType="13cdc9d9-ddb5-4fa4-a97d-d965ccfc6d4b" outcome="Passed" testListId="8c84fa94-04c1-424b-9868-57a2d4851a1d" relativeResultsDirectory="df2fe824-4b27-420b-81d9-0a5cb664d79f" /><UnitTestResult executionId="644645b2-4ffa-4e0b-a3c8-e3fc299dc969" testId="faf7a732-bad4-4b8b-967c-829e18c5e1b4" testName="Patch_TargetPropertyIsUpdated" computerName="VECTOR" duration="00:00:00.0520000" startTime="2018-07-26T07:40:05.9850770-04:00" endTime="2018-07-26T07:40:05.9850835-04:00" testType="13cdc9d9-ddb5-4fa4-a97d-d965ccfc6d4b" outcome="Passed" testListId="8c84fa94-04c1-424b-9868-57a2d4851a1d" relativeResultsDirectory="644645b2-4ffa-4e0b-a3c8-e3fc299dc969" /><UnitTestResult executionId="59e9ceb5-3930-40ab-bf5b-c38fcf426544" testId="5d9e30f7-f4d5-4402-9541-a99b290dc725" testName="PutFile_NewFileCanBePut" computerName="VECTOR" duration="00:00:00.0950000" startTime="2018-07-26T07:40:02.3955279-04:00" endTime="2018-07-26T07:40:02.3955355-04:00" testType="13cdc9d9-ddb5-4fa4-a97d-d965ccfc6d4b" outcome="Passed" testListId="8c84fa94-04c1-424b-9868-57a2d4851a1d" relativeResultsDirectory="59e9ceb5-3930-40ab-bf5b-c38fcf426544" /><UnitTestResult executionId="7258e3f7-2cae-4112-a661-7608f594d11b" testId="c26d3729-7b03-4806-8041-619e4b89ab2d" testName="Put_CanUpdateModel" computerName="VECTOR" duration="00:00:00.0890000" startTime="2018-07-26T07:40:01.9058588-04:00" endTime="2018-07-26T07:40:01.9058648-04:00" testType="13cdc9d9-ddb5-4fa4-a97d-d965ccfc6d4b" outcome="Passed" testListId="8c84fa94-04c1-424b-9868-57a2d4851a1d" relativeResultsDirectory="7258e3f7-2cae-4112-a661-7608f594d11b" /><UnitTestResult executionId="d4dc86b5-f417-4e1b-b796-e3ee44506917" testId="295e57cd-2b28-4255-85b0-20704fed27b2" testName="GetSingle_InvalidIdPropertyValueReturnsNotFound" computerName="VECTOR" duration="00:00:00.0150000" startTime="2018-07-26T07:40:01.9214809-04:00" endTime="2018-07-26T07:40:01.9214877-04:00" testType="13cdc9d9-ddb5-4fa4-a97d-d965ccfc6d4b" outcome="Passed" testListId="8c84fa94-04c1-424b-9868-57a2d4851a1d" relativeResultsDirectory="d4dc86b5-f417-4e1b-b796-e3ee44506917" /><UnitTestResult executionId="c5fe4c71-92cf-4b72-bbe6-6cce187a0f2d" testId="b1576b29-37b9-4bc5-9c09-8941afcdb129" testName="PostFile_FileTimeStampIsUpdatedAfterFileIsPosted" computerName="VECTOR" duration="00:00:01.1270000" startTime="2018-07-26T07:40:14.9939188-04:00" endTime="2018-07-26T07:40:14.9939242-04:00" testType="13cdc9d9-ddb5-4fa4-a97d-d965ccfc6d4b" outcome="Passed" testListId="8c84fa94-04c1-424b-9868-57a2d4851a1d" relativeResultsDirectory="c5fe4c71-92cf-4b72-bbe6-6cce187a0f2d" /><UnitTestResult executionId="cc2caa19-34cd-4016-9472-0f700a09fe30" testId="4fd382f1-755c-4551-a7b0-966635ea6815" testName="Post_InvalidReferencePropertyReturnsBadRequest" computerName="VECTOR" duration="00:00:00.0070000" startTime="2018-07-26T07:40:00.8793285-04:00" endTime="2018-07-26T07:40:00.8793325-04:00" testType="13cdc9d9-ddb5-4fa4-a97d-d965ccfc6d4b" outcome="Passed" testListId="8c84fa94-04c1-424b-9868-57a2d4851a1d" relativeResultsDirectory="cc2caa19-34cd-4016-9472-0f700a09fe30" /><UnitTestResult executionId="530bd259-59c4-4a30-838a-e434f4508a15" testId="57f23468-5c8d-43c1-aab3-ec9148d2d673" testName="Patch_InvalidEnumPropertyValueReturnsBadRequest" computerName="VECTOR" duration="00:00:00.0070000" startTime="2018-07-26T07:40:01.2304888-04:00" endTime="2018-07-26T07:40:01.2304954-04:00" testType="13cdc9d9-ddb5-4fa4-a97d-d965ccfc6d4b" outcome="Passed" testListId="8c84fa94-04c1-424b-9868-57a2d4851a1d" relativeResultsDirectory="530bd259-59c4-4a30-838a-e434f4508a15" /><UnitTestResult executionId="5feaf277-aadb-43a0-92d8-bb3891a2ba78" testId="d50d6c02-6633-4322-a23b-8b089becd356" testName="DepthBufferHasExpectedDependentFiles" computerName="VECTOR" duration="00:00:00.0010000" startTime="2018-07-26T07:40:00.1705975-04:00" endTime="2018-07-26T07:40:00.1705989-04:00" testType="13cdc9d9-ddb5-4fa4-a97d-d965ccfc6d4b" outcome="Passed" testListId="8c84fa94-04c1-424b-9868-57a2d4851a1d" relativeResultsDirectory="5feaf277-aadb-43a0-92d8-bb3891a2ba78" /><UnitTestResult executionId="0b2c354d-ff5c-4e5b-92e3-fd5fd737dd5a" testId="9c018a6f-143b-4fea-8fcc-691aeab72f61" testName="Patch_InvalidEnumPropertyValueReturnsBadRequest" computerName="VECTOR" duration="00:00:00.0250000" startTime="2018-07-26T07:40:13.1998637-04:00" endTime="2018-07-26T07:40:13.1998696-04:00" testType="13cdc9d9-ddb5-4fa4-a97d-d965ccfc6d4b" outcome="Passed" testListId="8c84fa94-04c1-424b-9868-57a2d4851a1d" relativeResultsDirectory="0b2c354d-ff5c-4e5b-92e3-fd5fd737dd5a" /><UnitTestResult executionId="c33b9f77-0d79-47dc-b55c-f29d70c4c10a" testId="d58cd084-fe22-43f0-859c-b7a1645cc076" testName="Put_InvalidIdReturnsNotFound" computerName="VECTOR" duration="00:00:00.0350000" startTime="2018-07-26T07:40:01.2087455-04:00" endTime="2018-07-26T07:40:01.2087515-04:00" testType="13cdc9d9-ddb5-4fa4-a97d-d965ccfc6d4b" outcome="Passed" testListId="8c84fa94-04c1-424b-9868-57a2d4851a1d" relativeResultsDirectory="c33b9f77-0d79-47dc-b55c-f29d70c4c10a" /><UnitTestResult executionId="6e152d2a-5fde-4dd7-9ebb-e81772a86554" testId="13a3d251-da20-4662-a5bc-bcedc8c2b88a" testName="Patch_MultipleInvalidReferencePropertiesReturnsMultipleValidationErrorsAndBadRequest" computerName="VECTOR" duration="00:00:00.0080000" startTime="2018-07-26T07:40:01.2959552-04:00" endTime="2018-07-26T07:40:01.2959589-04:00" testType="13cdc9d9-ddb5-4fa4-a97d-d965ccfc6d4b" outcome="Passed" testListId="8c84fa94-04c1-424b-9868-57a2d4851a1d" relativeResultsDirectory="6e152d2a-5fde-4dd7-9ebb-e81772a86554" /><UnitTestResult executionId="2f95af20-960c-48de-bbc4-feff8765c5f8" testId="6cc6040c-93bd-4ac3-8ce6-0c1ec0aa0416" testName="Put_InvalidIdReturnsNotFound" computerName="VECTOR" duration="00:00:00.0250000" startTime="2018-07-26T07:40:13.6537190-04:00" endTime="2018-07-26T07:40:13.6537249-04:00" testType="13cdc9d9-ddb5-4fa4-a97d-d965ccfc6d4b" outcome="Passed" testListId="8c84fa94-04c1-424b-9868-57a2d4851a1d" relativeResultsDirectory="2f95af20-960c-48de-bbc4-feff8765c5f8" /><UnitTestResult executionId="fffdd5d3-850c-41d8-be49-1f888aba1722" testId="af265dce-4280-44df-9fec-cfbb3c3b71b2" testName="GetFile_NonExistentFileReturnsNotFound" computerName="VECTOR" duration="00:00:00.0260000" startTime="2018-07-26T07:40:06.3227911-04:00" endTime="2018-07-26T07:40:06.3227973-04:00" testType="13cdc9d9-ddb5-4fa4-a97d-d965ccfc6d4b" outcome="Passed" testListId="8c84fa94-04c1-424b-9868-57a2d4851a1d" relativeResultsDirectory="fffdd5d3-850c-41d8-be49-1f888aba1722" /><UnitTestResult executionId="865c4936-ebaf-4177-9a3d-021f59324395" testId="9551f8c4-4e47-49f3-bb78-22735a552767" testName="GetFile_NonExistentFileReturnsNotFound" computerName="VECTOR" duration="00:00:00.0140000" startTime="2018-07-26T07:40:15.5743064-04:00" endTime="2018-07-26T07:40:15.5743115-04:00" testType="13cdc9d9-ddb5-4fa4-a97d-d965ccfc6d4b" outcome="Passed" testListId="8c84fa94-04c1-424b-9868-57a2d4851a1d" relativeResultsDirectory="865c4936-ebaf-4177-9a3d-021f59324395" /><UnitTestResult executionId="0922a7b2-0fa3-4a40-bc00-9f23372755f0" testId="90b00145-9eb5-4a3d-b924-f8e40bfc9997" testName="Post_InvalidReferencePropertyReturnsBadRequest" computerName="VECTOR" duration="00:00:00.0110000" startTime="2018-07-26T07:40:03.7908990-04:00" endTime="2018-07-26T07:40:03.7909038-04:00" testType="13cdc9d9-ddb5-4fa4-a97d-d965ccfc6d4b" outcome="Passed" testListId="8c84fa94-04c1-424b-9868-57a2d4851a1d" relativeResultsDirectory="0922a7b2-0fa3-4a40-bc00-9f23372755f0" /><UnitTestResult executionId="9eb89d0e-4cd4-4d03-bff8-412a80b2226e" testId="2e8e6141-0194-459f-98a8-5d5c10f9b57d" testName="Patch_InvalidEnumPropertyValueReturnsBadRequest" computerName="VECTOR" duration="00:00:00.0080000" startTime="2018-07-26T07:40:15.9683102-04:00" endTime="2018-07-26T07:40:15.9683144-04:00" testType="13cdc9d9-ddb5-4fa4-a97d-d965ccfc6d4b" outcome="Passed" testListId="8c84fa94-04c1-424b-9868-57a2d4851a1d" relativeResultsDirectory="9eb89d0e-4cd4-4d03-bff8-412a80b2226e" /><UnitTestResult executionId="d487e23f-cd58-4851-814d-60c5e8fc1ae6" testId="9f11a9c1-f1b0-4fd5-b2b8-7ad3704cbf07" testName="GetFile_ExistingFileReturnsSuccess" computerName="VECTOR" duration="00:00:00.1330000" startTime="2018-07-26T07:40:02.6735497-04:00" endTime="2018-07-26T07:40:02.6735568-04:00" testType="13cdc9d9-ddb5-4fa4-a97d-d965ccfc6d4b" outcome="Passed" testListId="8c84fa94-04c1-424b-9868-57a2d4851a1d" relativeResultsDirectory="d487e23f-cd58-4851-814d-60c5e8fc1ae6" /><UnitTestResult executionId="eff13126-0ce9-4fe7-a037-fddb45fb9c95" testId="6ec04536-ff3a-48a3-badc-6a4c95b9eb2f" testName="Put_ValidReferencePropertyUpdatesModel" computerName="VECTOR" duration="00:00:00.0470000" startTime="2018-07-26T07:40:02.0983377-04:00" endTime="2018-07-26T07:40:02.0983459-04:00" testType="13cdc9d9-ddb5-4fa4-a97d-d965ccfc6d4b" outcome="Passed" testListId="8c84fa94-04c1-424b-9868-57a2d4851a1d" relativeResultsDirectory="eff13126-0ce9-4fe7-a037-fddb45fb9c95" /><UnitTestResult executionId="18b243d5-70b1-4077-9d54-0a96833fa5ce" testId="6c080f87-44cc-43da-81d2-a7b461f52098" testName="GetSingle_ValidIdPropertyValueReturnsCorrectModel" computerName="VECTOR" duration="00:00:00.0160000" startTime="2018-07-26T07:40:13.6279312-04:00" endTime="2018-07-26T07:40:13.6279369-04:00" testType="13cdc9d9-ddb5-4fa4-a97d-d965ccfc6d4b" outcome="Passed" testListId="8c84fa94-04c1-424b-9868-57a2d4851a1d" relativeResultsDirectory="18b243d5-70b1-4077-9d54-0a96833fa5ce" /><UnitTestResult executionId="8e8091a1-195d-4ec5-bcac-43b7053a6108" testId="ec9a2ec6-9c01-404b-ace3-92731d23582c" testName="GetSingle_InvalidIdPropertyValueReturnsNotFound" computerName="VECTOR" duration="00:00:00.0200000" startTime="2018-07-26T07:40:06.1056868-04:00" endTime="2018-07-26T07:40:06.1056928-04:00" testType="13cdc9d9-ddb5-4fa4-a97d-d965ccfc6d4b" outcome="Passed" testListId="8c84fa94-04c1-424b-9868-57a2d4851a1d" relativeResultsDirectory="8e8091a1-195d-4ec5-bcac-43b7053a6108" /><UnitTestResult executionId="f1dfb0c7-9ab6-465a-a525-21fc2e009e69" testId="049cdbd5-ddab-4810-bf45-06bb82a1f662" testName="Post_CanCreateNewModel" computerName="VECTOR" duration="00:00:00.0150000" startTime="2018-07-26T07:40:01.1729578-04:00" endTime="2018-07-26T07:40:01.1729623-04:00" testType="13cdc9d9-ddb5-4fa4-a97d-d965ccfc6d4b" outcome="Passed" testListId="8c84fa94-04c1-424b-9868-57a2d4851a1d" relativeResultsDirectory="f1dfb0c7-9ab6-465a-a525-21fc2e009e69" /><UnitTestResult executionId="9bec0a7b-1d2c-4a93-8ae0-d9774bcd1500" testId="d44aec13-6a3b-47ab-b7fb-0bb7f8e97465" testName="Put_InvalidReferencePropertyReturndBadRequest" computerName="VECTOR" duration="00:00:00.0330000" startTime="2018-07-26T07:40:06.2770776-04:00" endTime="2018-07-26T07:40:06.2770836-04:00" testType="13cdc9d9-ddb5-4fa4-a97d-d965ccfc6d4b" outcome="Passed" testListId="8c84fa94-04c1-424b-9868-57a2d4851a1d" relativeResultsDirectory="9bec0a7b-1d2c-4a93-8ae0-d9774bcd1500" /><UnitTestResult executionId="d4bda192-4c67-43bb-a7b4-0c19068b73d1" testId="ed0fa7d1-c2bb-40b3-9ada-f42a95434b72" testName="PutFile_NewFileCanBePut" computerName="VECTOR" duration="00:00:00.0810000" startTime="2018-07-26T07:40:15.6552765-04:00" endTime="2018-07-26T07:40:15.6552836-04:00" testType="13cdc9d9-ddb5-4fa4-a97d-d965ccfc6d4b" outcome="Passed" testListId="8c84fa94-04c1-424b-9868-57a2d4851a1d" relativeResultsDirectory="d4bda192-4c67-43bb-a7b4-0c19068b73d1" /><UnitTestResult executionId="aaf8368b-29b1-4cdc-94b3-1d087c592733" testId="61e15f7f-0489-45a4-80f2-b90833b6b2d4" testName="GetList_ListReturnsCorrectCount" computerName="VECTOR" duration="00:00:00.0160000" startTime="2018-07-26T07:40:15.9605698-04:00" endTime="2018-07-26T07:40:15.9605755-04:00" testType="13cdc9d9-ddb5-4fa4-a97d-d965ccfc6d4b" outcome="Passed" testListId="8c84fa94-04c1-424b-9868-57a2d4851a1d" relativeResultsDirectory="aaf8368b-29b1-4cdc-94b3-1d087c592733" /><UnitTestResult executionId="f86af921-6899-4646-8bc2-a3bf868dad8c" testId="83bf97f1-2ed3-442e-826b-7ebbac2e929f" testName="Put_InvalidReferencePropertyReturndBadRequest" computerName="VECTOR" duration="00:00:00.0370000" startTime="2018-07-26T07:40:13.2739249-04:00" endTime="2018-07-26T07:40:13.2739303-04:00" testType="13cdc9d9-ddb5-4fa4-a97d-d965ccfc6d4b" outcome="Passed" testListId="8c84fa94-04c1-424b-9868-57a2d4851a1d" relativeResultsDirectory="f86af921-6899-4646-8bc2-a3bf868dad8c" /><UnitTestResult executionId="f5ab04cf-34a2-4c2a-82c2-f1e20eb733fa" testId="67ae0f9e-454d-4c8f-9f45-b7f851b75ed3" testName="Put_ValidReferencePropertyUpdatesModel" computerName="VECTOR" duration="00:00:00.0080000" startTime="2018-07-26T07:40:01.1496888-04:00" endTime="2018-07-26T07:40:01.1496925-04:00" testType="13cdc9d9-ddb5-4fa4-a97d-d965ccfc6d4b" outcome="Passed" testListId="8c84fa94-04c1-424b-9868-57a2d4851a1d" relativeResultsDirectory="f5ab04cf-34a2-4c2a-82c2-f1e20eb733fa" /><UnitTestResult executionId="472b7ef2-8e5e-4f05-83c4-db68ea964600" testId="e70d9427-5a32-434d-8a54-f1d1b331ff9a" testName="Put_ValidReferencePropertyUpdatesModel" computerName="VECTOR" duration="00:00:00.1560000" startTime="2018-07-26T07:40:13.5509759-04:00" endTime="2018-07-26T07:40:13.5509813-04:00" testType="13cdc9d9-ddb5-4fa4-a97d-d965ccfc6d4b" outcome="Passed" testListId="8c84fa94-04c1-424b-9868-57a2d4851a1d" relativeResultsDirectory="472b7ef2-8e5e-4f05-83c4-db68ea964600" /><UnitTestResult executionId="1c97d28a-7f29-4c14-b400-ddacf8e7cce3" testId="ad3ed247-4242-4177-ad3c-0646e8ebc271" testName="Put_ValidReferencePropertyUpdatesModel" computerName="VECTOR" duration="00:00:00.0520000" startTime="2018-07-26T07:40:16.2737186-04:00" endTime="2018-07-26T07:40:16.2737251-04:00" testType="13cdc9d9-ddb5-4fa4-a97d-d965ccfc6d4b" outcome="Passed" testListId="8c84fa94-04c1-424b-9868-57a2d4851a1d" relativeResultsDirectory="1c97d28a-7f29-4c14-b400-ddacf8e7cce3" /><UnitTestResult executionId="e8001327-7f14-4216-930c-881a93c2f12c" testId="4d1b980e-bc4e-4418-82e4-40765de53c34" testName="Post_CanCreateNewModel" computerName="VECTOR" duration="00:00:00.0240000" startTime="2018-07-26T07:40:03.4324646-04:00" endTime="2018-07-26T07:40:03.4324708-04:00" testType="13cdc9d9-ddb5-4fa4-a97d-d965ccfc6d4b" outcome="Passed" testListId="8c84fa94-04c1-424b-9868-57a2d4851a1d" relativeResultsDirectory="e8001327-7f14-4216-930c-881a93c2f12c" /><UnitTestResult executionId="7bb7697a-490f-49f8-a20c-19d8b7041b4e" testId="6fcd923e-a36f-41de-80f4-565760ee2933" testName="Patch_InvalidIdPropertyReturnsNotFound" computerName="VECTOR" duration="00:00:00.0130000" startTime="2018-07-26T07:40:03.6144387-04:00" endTime="2018-07-26T07:40:03.6144446-04:00" testType="13cdc9d9-ddb5-4fa4-a97d-d965ccfc6d4b" outcome="Passed" testListId="8c84fa94-04c1-424b-9868-57a2d4851a1d" relativeResultsDirectory="7bb7697a-490f-49f8-a20c-19d8b7041b4e" /><UnitTestResult executionId="bbd86e41-e375-44d2-94df-64970e5ff77c" testId="b86bd378-f008-4688-8059-08b6a4a35b6f" testName="Patch_ValidReferencePropertyUpdatesModel" computerName="VECTOR" duration="00:00:00.5790000" startTime="2018-07-26T07:40:00.7549976-04:00" endTime="2018-07-26T07:40:00.7550047-04:00" testType="13cdc9d9-ddb5-4fa4-a97d-d965ccfc6d4b" outcome="Passed" testListId="8c84fa94-04c1-424b-9868-57a2d4851a1d" relativeResultsDirectory="bbd86e41-e375-44d2-94df-64970e5ff77c" /><UnitTestResult executionId="00de6e03-b571-4020-9402-eb727e2281ec" testId="7f011de1-a625-400c-8274-ed880426a3fd" testName="LucyModel3dHasTwoDependents" computerName="VECTOR" duration="00:00:01.1310000" startTime="2018-07-26T07:40:00.1555023-04:00" endTime="2018-07-26T07:40:00.1555096-04:00" testType="13cdc9d9-ddb5-4fa4-a97d-d965ccfc6d4b" outcome="Passed" testListId="8c84fa94-04c1-424b-9868-57a2d4851a1d" relativeResultsDirectory="00de6e03-b571-4020-9402-eb727e2281ec" /><UnitTestResult executionId="c76078c0-d3ec-4548-b8c4-48f8c923496e" testId="15d74160-82b1-4f40-8ebe-96044e3f4498" testName="FileRequest_FileCanBeReadAfterRename" computerName="VECTOR" duration="00:00:00.1030000" startTime="2018-07-26T07:40:13.1737484-04:00" endTime="2018-07-26T07:40:13.1737544-04:00" testType="13cdc9d9-ddb5-4fa4-a97d-d965ccfc6d4b" outcome="Passed" testListId="8c84fa94-04c1-424b-9868-57a2d4851a1d" relativeResultsDirectory="c76078c0-d3ec-4548-b8c4-48f8c923496e" /><UnitTestResult executionId="0d84e87a-833d-4125-b158-81ffd2a49124" testId="45d56d02-6ea2-44cb-8f65-c94fa9ee3fe6" testName="Patch_TargetPropertyIsUpdated" computerName="VECTOR" duration="00:00:00.0420000" startTime="2018-07-26T07:40:03.7125368-04:00" endTime="2018-07-26T07:40:03.7125428-04:00" testType="13cdc9d9-ddb5-4fa4-a97d-d965ccfc6d4b" outcome="Passed" testListId="8c84fa94-04c1-424b-9868-57a2d4851a1d" relativeResultsDirectory="0d84e87a-833d-4125-b158-81ffd2a49124" /><UnitTestResult executionId="b12be02a-01c1-49dd-89d9-851014d9f06c" testId="8d08ffcf-1f20-49c8-8281-085e162e7a6a" testName="Post_ValidReferencePropertyCreatesModel" computerName="VECTOR" duration="00:00:00.0230000" startTime="2018-07-26T07:40:16.0859486-04:00" endTime="2018-07-26T07:40:16.0859540-04:00" testType="13cdc9d9-ddb5-4fa4-a97d-d965ccfc6d4b" outcome="Passed" testListId="8c84fa94-04c1-424b-9868-57a2d4851a1d" relativeResultsDirectory="b12be02a-01c1-49dd-89d9-851014d9f06c" /><UnitTestResult executionId="23ea6b4e-61c9-41c8-a820-ecc01dca4a51" testId="73c61676-758f-47a4-9e30-90e0f6e57995" testName="Post_ValidReferencePropertyCreatesModel" computerName="VECTOR" duration="00:00:00.0320000" startTime="2018-07-26T07:40:13.7768019-04:00" endTime="2018-07-26T07:40:13.7768084-04:00" testType="13cdc9d9-ddb5-4fa4-a97d-d965ccfc6d4b" outcome="Passed" testListId="8c84fa94-04c1-424b-9868-57a2d4851a1d" relativeResultsDirectory="23ea6b4e-61c9-41c8-a820-ecc01dca4a51" /><UnitTestResult executionId="eee573e2-ee64-40e8-810e-c5786376d365" testId="da7c7361-227f-4720-a429-33f2a990afc5" testName="Model3dHasExpectedDependentFiles" computerName="VECTOR" duration="00:00:00.0340000" startTime="2018-07-26T07:39:59.0253880-04:00" endTime="2018-07-26T07:39:59.0253937-04:00" testType="13cdc9d9-ddb5-4fa4-a97d-d965ccfc6d4b" outcome="Passed" testListId="8c84fa94-04c1-424b-9868-57a2d4851a1d" relativeResultsDirectory="eee573e2-ee64-40e8-810e-c5786376d365" /><UnitTestResult executionId="44343a86-b13d-47be-a75e-109ffad5f02c" testId="e0aaa951-fec9-46db-a94d-27c56450af2b" testName="Put_InvalidReferencePropertyReturndBadRequest" computerName="VECTOR" duration="00:00:00.0070000" startTime="2018-07-26T07:40:01.3034112-04:00" endTime="2018-07-26T07:40:01.3034138-04:00" testType="13cdc9d9-ddb5-4fa4-a97d-d965ccfc6d4b" outcome="Passed" testListId="8c84fa94-04c1-424b-9868-57a2d4851a1d" relativeResultsDirectory="44343a86-b13d-47be-a75e-109ffad5f02c" /><UnitTestResult executionId="a3edd7f9-b86d-40ed-9c56-b14955e2fc1e" testId="1f077c1a-a6b2-4a2c-9405-debfc0cda0e6" testName="GetSingle_ValidIdPropertyValueReturnsCorrectModel" computerName="VECTOR" duration="00:00:00.0130000" startTime="2018-07-26T07:40:01.9981214-04:00" endTime="2018-07-26T07:40:01.9981274-04:00" testType="13cdc9d9-ddb5-4fa4-a97d-d965ccfc6d4b" outcome="Passed" testListId="8c84fa94-04c1-424b-9868-57a2d4851a1d" relativeResultsDirectory="a3edd7f9-b86d-40ed-9c56-b14955e2fc1e" /><UnitTestResult executionId="055e0f20-b9dd-4164-8bab-4919112105cf" testId="dfb97ba9-348d-4873-8891-67e7b0826b66" testName="Put_ValidReferencePropertyUpdatesModel" computerName="VECTOR" duration="00:00:00.0670000" startTime="2018-07-26T07:40:05.9112337-04:00" endTime="2018-07-26T07:40:05.9112394-04:00" testType="13cdc9d9-ddb5-4fa4-a97d-d965ccfc6d4b" outcome="Passed" testListId="8c84fa94-04c1-424b-9868-57a2d4851a1d" relativeResultsDirectory="055e0f20-b9dd-4164-8bab-4919112105cf" /><UnitTestResult executionId="05c3d58a-81a0-4c86-9f69-f35c6b866f97" testId="950aaa8c-0925-4298-8422-462f94ffbb15" testName="GetSingle_InvalidIdPropertyValueReturnsNotFound" computerName="VECTOR" duration="00:00:00.0110000" startTime="2018-07-26T07:40:03.7632508-04:00" endTime="2018-07-26T07:40:03.7632565-04:00" testType="13cdc9d9-ddb5-4fa4-a97d-d965ccfc6d4b" outcome="Passed" testListId="8c84fa94-04c1-424b-9868-57a2d4851a1d" relativeResultsDirectory="05c3d58a-81a0-4c86-9f69-f35c6b866f97" /><UnitTestResult executionId="07c3e48e-b8b1-40aa-9412-adf06ee3b7b1" testId="c7bc10e1-8cf0-40c2-a189-e2474c057181" testName="GetList_ListReturnsCorrectCount" computerName="VECTOR" duration="00:00:00.0210000" startTime="2018-07-26T07:40:13.2213805-04:00" endTime="2018-07-26T07:40:13.2213856-04:00" testType="13cdc9d9-ddb5-4fa4-a97d-d965ccfc6d4b" outcome="Passed" testListId="8c84fa94-04c1-424b-9868-57a2d4851a1d" relativeResultsDirectory="07c3e48e-b8b1-40aa-9412-adf06ee3b7b1" /><UnitTestResult executionId="40afb40b-173a-4fa4-ab26-713170cb2b10" testId="c28fe4b7-e8fb-4dc5-8df3-ed864f81de74" testName="Put_InvalidReferencePropertyReturndBadRequest" computerName="VECTOR" duration="00:00:00.0190000" startTime="2018-07-26T07:40:03.6009624-04:00" endTime="2018-07-26T07:40:03.6009687-04:00" testType="13cdc9d9-ddb5-4fa4-a97d-d965ccfc6d4b" outcome="Passed" testListId="8c84fa94-04c1-424b-9868-57a2d4851a1d" relativeResultsDirectory="40afb40b-173a-4fa4-ab26-713170cb2b10" /><UnitTestResult executionId="d893c40c-704c-449b-b4cf-c428b6dd1fda" testId="36516cfe-8347-44a5-a303-f6b5aa48b4e9" testName="Post_CanCreateNewModel" computerName="VECTOR" duration="00:00:00.0240000" startTime="2018-07-26T07:40:13.3458277-04:00" endTime="2018-07-26T07:40:13.3458333-04:00" testType="13cdc9d9-ddb5-4fa4-a97d-d965ccfc6d4b" outcome="Passed" testListId="8c84fa94-04c1-424b-9868-57a2d4851a1d" relativeResultsDirectory="d893c40c-704c-449b-b4cf-c428b6dd1fda" /><UnitTestResult executionId="1dba8f45-0139-4d0f-9864-55572ed536fa" testId="743ad1f9-5bb7-4a0d-8be7-85c31e9af600" testName="GetFile_FileCanBeRoundTripped" computerName="VECTOR" duration="00:00:00.0810000" startTime="2018-07-26T07:40:15.8719850-04:00" endTime="2018-07-26T07:40:15.8719904-04:00" testType="13cdc9d9-ddb5-4fa4-a97d-d965ccfc6d4b" outcome="Passed" testListId="8c84fa94-04c1-424b-9868-57a2d4851a1d" relativeResultsDirectory="1dba8f45-0139-4d0f-9864-55572ed536fa" /><UnitTestResult executionId="987e772e-0300-4619-a117-230847b2b314" testId="90da3a8d-a714-46fe-95dc-5a7ce771f113" testName="Patch_InvalidPropertyNameReturnsBadRequest" computerName="VECTOR" duration="00:00:00.0120000" startTime="2018-07-26T07:40:01.9672581-04:00" endTime="2018-07-26T07:40:01.9672649-04:00" testType="13cdc9d9-ddb5-4fa4-a97d-d965ccfc6d4b" outcome="Passed" testListId="8c84fa94-04c1-424b-9868-57a2d4851a1d" relativeResultsDirectory="987e772e-0300-4619-a117-230847b2b314" /><UnitTestResult executionId="c03802f6-a1b6-4b7a-9f9d-f76e6d6c9e98" testId="f3855daf-dc10-4097-a4d9-1cccb53921b2" testName="Patch_MultipleInvalidReferencePropertiesReturnsMultipleValidationErrorsAndBadRequest" computerName="VECTOR" duration="00:00:00.0250000" startTime="2018-07-26T07:40:16.1114853-04:00" endTime="2018-07-26T07:40:16.1114916-04:00" testType="13cdc9d9-ddb5-4fa4-a97d-d965ccfc6d4b" outcome="Passed" testListId="8c84fa94-04c1-424b-9868-57a2d4851a1d" relativeResultsDirectory="c03802f6-a1b6-4b7a-9f9d-f76e6d6c9e98" /><UnitTestResult executionId="832e99dd-380f-4d45-8895-390502568a53" testId="b86abdbc-5045-4616-96b6-1c7db48b6330" testName="Patch_ValidReferencePropertyUpdatesModel" computerName="VECTOR" duration="00:00:00.0510000" startTime="2018-07-26T07:40:13.7226506-04:00" endTime="2018-07-26T07:40:13.7226569-04:00" testType="13cdc9d9-ddb5-4fa4-a97d-d965ccfc6d4b" outcome="Passed" testListId="8c84fa94-04c1-424b-9868-57a2d4851a1d" relativeResultsDirectory="832e99dd-380f-4d45-8895-390502568a53" /><UnitTestResult executionId="232e461d-5f78-4a89-9e34-bb3701250f6f" testId="5c8ce303-9073-4ae3-98b6-35eeaf437927" testName="FileRequest_MeshIsInvalidatedAfterDepthBufferFileBecomesUnsynchronized" computerName="VECTOR" duration="00:00:02.0440000" startTime="2018-07-26T07:40:08.4803636-04:00" endTime="2018-07-26T07:40:08.4803704-04:00" testType="13cdc9d9-ddb5-4fa4-a97d-d965ccfc6d4b" outcome="Passed" testListId="8c84fa94-04c1-424b-9868-57a2d4851a1d" relativeResultsDirectory="232e461d-5f78-4a89-9e34-bb3701250f6f" /><UnitTestResult executionId="af371d47-fff2-4b35-ab86-b4452e0d86ab" testId="ecd431c5-dafe-468b-b35c-8e8c89625bcd" testName="Post_ValidReferencePropertyCreatesModel" computerName="VECTOR" duration="00:00:00.0260000" startTime="2018-07-26T07:40:03.5813148-04:00" endTime="2018-07-26T07:40:03.5813208-04:00" testType="13cdc9d9-ddb5-4fa4-a97d-d965ccfc6d4b" outcome="Passed" testListId="8c84fa94-04c1-424b-9868-57a2d4851a1d" relativeResultsDirectory="af371d47-fff2-4b35-ab86-b4452e0d86ab" /><UnitTestResult executionId="6b6b7b0e-fcfd-463a-8240-57b06eaba2b8" testId="5abca47c-c81b-4b47-9791-cfc22421f286" testName="Put_ValidReferencePropertyUpdatesModel" computerName="VECTOR" duration="00:00:00.0780000" startTime="2018-07-26T07:40:03.5433444-04:00" endTime="2018-07-26T07:40:03.5433507-04:00" testType="13cdc9d9-ddb5-4fa4-a97d-d965ccfc6d4b" outcome="Passed" testListId="8c84fa94-04c1-424b-9868-57a2d4851a1d" relativeResultsDirectory="6b6b7b0e-fcfd-463a-8240-57b06eaba2b8" /><UnitTestResult executionId="7ceb1186-cf88-4a03-9a01-4d57c37e6cdb" testId="09439151-b3a3-4c59-9a6f-aa78e8f7b762" testName="GetSingle_InvalidIdPropertyValueReturnsNotFound" computerName="VECTOR" duration="00:00:00.0110000" startTime="2018-07-26T07:40:15.9796364-04:00" endTime="2018-07-26T07:40:15.9796429-04:00" testType="13cdc9d9-ddb5-4fa4-a97d-d965ccfc6d4b" outcome="Passed" testListId="8c84fa94-04c1-424b-9868-57a2d4851a1d" relativeResultsDirectory="7ceb1186-cf88-4a03-9a01-4d57c37e6cdb" /><UnitTestResult executionId="17d30d71-afa3-4ec4-a759-f616c7132a99" testId="aa6fba14-28a5-4049-b233-25ec2ca4d91f" testName="Post_CanCreateNewModel" computerName="VECTOR" duration="00:00:00.0190000" startTime="2018-07-26T07:40:02.2106412-04:00" endTime="2018-07-26T07:40:02.2106466-04:00" testType="13cdc9d9-ddb5-4fa4-a97d-d965ccfc6d4b" outcome="Passed" testListId="8c84fa94-04c1-424b-9868-57a2d4851a1d" relativeResultsDirectory="17d30d71-afa3-4ec4-a759-f616c7132a99" /><UnitTestResult executionId="9dffed69-41b6-4790-bcbb-457770fba9df" testId="03a76592-35ac-4241-a6f4-e8f3923fe768" testName="PutFile_FileCanBeUpdated" computerName="VECTOR" duration="00:00:00.1320000" startTime="2018-07-26T07:40:08.7368496-04:00" endTime="2018-07-26T07:40:08.7368564-04:00" testType="13cdc9d9-ddb5-4fa4-a97d-d965ccfc6d4b" outcome="Passed" testListId="8c84fa94-04c1-424b-9868-57a2d4851a1d" relativeResultsDirectory="9dffed69-41b6-4790-bcbb-457770fba9df" /><UnitTestResult executionId="004e79ff-8201-44a0-b344-6f17232500b3" testId="6cfb243f-c92c-4d46-bc34-0fed8970a0f5" testName="Post_InvalidReferencePropertyReturnsBadRequest" computerName="VECTOR" duration="00:00:00.0130000" startTime="2018-07-26T07:40:15.9931567-04:00" endTime="2018-07-26T07:40:15.9931630-04:00" testType="13cdc9d9-ddb5-4fa4-a97d-d965ccfc6d4b" outcome="Passed" testListId="8c84fa94-04c1-424b-9868-57a2d4851a1d" relativeResultsDirectory="004e79ff-8201-44a0-b344-6f17232500b3" /><UnitTestResult executionId="2605dbd7-ec9b-46e0-a0d2-c906cae9085f" testId="eda4d37f-321b-466f-a624-319d4cb7c4c7" testName="GetFile_FileCanBeRoundTripped" computerName="VECTOR" duration="00:00:00.0740000" startTime="2018-07-26T07:40:02.9217779-04:00" endTime="2018-07-26T07:40:02.9217833-04:00" testType="13cdc9d9-ddb5-4fa4-a97d-d965ccfc6d4b" outcome="Passed" testListId="8c84fa94-04c1-424b-9868-57a2d4851a1d" relativeResultsDirectory="2605dbd7-ec9b-46e0-a0d2-c906cae9085f" /><UnitTestResult executionId="7dc3c06b-9e7d-473c-b18a-c05eab061244" testId="c75a048d-5ada-45b6-9406-f8733fb363f2" testName="Post_InvalidPropertyValueReturnsBadRequest" computerName="VECTOR" duration="00:00:00.0110000" startTime="2018-07-26T07:40:16.1514330-04:00" endTime="2018-07-26T07:40:16.1514396-04:00" testType="13cdc9d9-ddb5-4fa4-a97d-d965ccfc6d4b" outcome="Passed" testListId="8c84fa94-04c1-424b-9868-57a2d4851a1d" relativeResultsDirectory="7dc3c06b-9e7d-473c-b18a-c05eab061244" /><UnitTestResult executionId="35b3ca34-dd97-4808-b416-f52f263b456a" testId="7edf9714-ab1a-4761-89b0-96052ef16a14" testName="Patch_InvalidReferencePropertyReturnsBadRequest" computerName="VECTOR" duration="00:00:00.0300000" startTime="2018-07-26T07:40:06.0459144-04:00" endTime="2018-07-26T07:40:06.0459198-04:00" testType="13cdc9d9-ddb5-4fa4-a97d-d965ccfc6d4b" outcome="Passed" testListId="8c84fa94-04c1-424b-9868-57a2d4851a1d" relativeResultsDirectory="35b3ca34-dd97-4808-b416-f52f263b456a" /><UnitTestResult executionId="e03b4f4b-ac27-476d-ac23-093b80f3f658" testId="9da53539-cef3-44e5-ae04-0ea34fa0d9ae" testName="Post_InvalidReferencePropertyReturnsBadRequest" computerName="VECTOR" duration="00:00:00.3020000" startTime="2018-07-26T07:40:01.6398220-04:00" endTime="2018-07-26T07:40:01.6398286-04:00" testType="13cdc9d9-ddb5-4fa4-a97d-d965ccfc6d4b" outcome="Passed" testListId="8c84fa94-04c1-424b-9868-57a2d4851a1d" relativeResultsDirectory="e03b4f4b-ac27-476d-ac23-093b80f3f658" /><UnitTestResult executionId="a7da0cf6-b99f-4283-85b4-cda7e926e2a0" testId="130b1e81-016d-4d13-90c8-bf3ac2ca19ae" testName="Patch_MultipleInvalidReferencePropertiesReturnsMultipleValidationErrorsAndBadRequest" computerName="VECTOR" duration="00:00:00.0320000" startTime="2018-07-26T07:40:06.1570362-04:00" endTime="2018-07-26T07:40:06.1570421-04:00" testType="13cdc9d9-ddb5-4fa4-a97d-d965ccfc6d4b" outcome="Passed" testListId="8c84fa94-04c1-424b-9868-57a2d4851a1d" relativeResultsDirectory="a7da0cf6-b99f-4283-85b4-cda7e926e2a0" /><UnitTestResult executionId="0811df3a-d484-4ce5-8993-ac63928394a0" testId="ce2bc3f7-97bb-4f5a-9c91-d5874d27b5fd" testName="PutFile_FileCanBeUpdated" computerName="VECTOR" duration="00:00:00.1360000" startTime="2018-07-26T07:40:15.1304988-04:00" endTime="2018-07-26T07:40:15.1305053-04:00" testType="13cdc9d9-ddb5-4fa4-a97d-d965ccfc6d4b" outcome="Passed" testListId="8c84fa94-04c1-424b-9868-57a2d4851a1d" relativeResultsDirectory="0811df3a-d484-4ce5-8993-ac63928394a0" /><UnitTestResult executionId="96a40db6-57a3-409a-8410-cc8526ad76ae" testId="156d0598-60eb-465d-88d2-32203ee565af" testName="GetSingle_ValidIdPropertyValueReturnsCorrectModel" computerName="VECTOR" duration="00:00:00.0140000" startTime="2018-07-26T07:40:01.2229525-04:00" endTime="2018-07-26T07:40:01.2229591-04:00" testType="13cdc9d9-ddb5-4fa4-a97d-d965ccfc6d4b" outcome="Passed" testListId="8c84fa94-04c1-424b-9868-57a2d4851a1d" relativeResultsDirectory="96a40db6-57a3-409a-8410-cc8526ad76ae" /><UnitTestResult executionId="b17cd3e1-4932-442d-ab65-dd1ea5bb98b8" testId="658ab7de-11ed-4a3a-bbed-4342f2e56aaf" testName="Post_InvalidPropertyValueReturnsBadRequest" computerName="VECTOR" duration="00:00:00.0190000" startTime="2018-07-26T07:40:06.2961297-04:00" endTime="2018-07-26T07:40:06.2961365-04:00" testType="13cdc9d9-ddb5-4fa4-a97d-d965ccfc6d4b" outcome="Passed" testListId="8c84fa94-04c1-424b-9868-57a2d4851a1d" relativeResultsDirectory="b17cd3e1-4932-442d-ab65-dd1ea5bb98b8" /><UnitTestResult executionId="a114a35a-26f9-4b17-a661-0d424a12c56c" testId="c0095af1-cf57-441e-9b30-9f6d318b0280" testName="GetFile_ExistingFileReturnsSuccess" computerName="VECTOR" duration="00:00:00.0340000" startTime="2018-07-26T07:40:13.8666409-04:00" endTime="2018-07-26T07:40:13.8666486-04:00" testType="13cdc9d9-ddb5-4fa4-a97d-d965ccfc6d4b" outcome="Passed" testListId="8c84fa94-04c1-424b-9868-57a2d4851a1d" relativeResultsDirectory="a114a35a-26f9-4b17-a661-0d424a12c56c" /><UnitTestResult executionId="afe07296-1cf7-4de4-b95d-e4763a9e2787" testId="54adc6f2-3f52-481f-aacf-c8d19bed49b3" testName="Put_CanUpdateModel" computerName="VECTOR" duration="00:00:00.0390000" startTime="2018-07-26T07:40:03.7522262-04:00" endTime="2018-07-26T07:40:03.7522325-04:00" testType="13cdc9d9-ddb5-4fa4-a97d-d965ccfc6d4b" outcome="Passed" testListId="8c84fa94-04c1-424b-9868-57a2d4851a1d" relativeResultsDirectory="afe07296-1cf7-4de4-b95d-e4763a9e2787" /><UnitTestResult executionId="7c792200-1bae-4446-bd4b-2d3000aaea9a" testId="6c13f9cf-affd-4564-9218-d56882d5bcf1" testName="Post_InvalidReferencePropertyReturnsBadRequest" computerName="VECTOR" duration="00:00:00.0170000" startTime="2018-07-26T07:40:13.6113232-04:00" endTime="2018-07-26T07:40:13.6113292-04:00" testType="13cdc9d9-ddb5-4fa4-a97d-d965ccfc6d4b" outcome="Passed" testListId="8c84fa94-04c1-424b-9868-57a2d4851a1d" relativeResultsDirectory="7c792200-1bae-4446-bd4b-2d3000aaea9a" /><UnitTestResult executionId="b094ef09-908c-4290-8cf5-2d8f6ad73f4b" testId="faefe80c-b8b6-4cb9-b826-c7f46910167c" testName="GetSingle_ValidIdPropertyValueReturnsCorrectModel" computerName="VECTOR" duration="00:00:00.0240000" startTime="2018-07-26T07:40:06.2435048-04:00" endTime="2018-07-26T07:40:06.2435105-04:00" testType="13cdc9d9-ddb5-4fa4-a97d-d965ccfc6d4b" outcome="Passed" testListId="8c84fa94-04c1-424b-9868-57a2d4851a1d" relativeResultsDirectory="b094ef09-908c-4290-8cf5-2d8f6ad73f4b" /><UnitTestResult executionId="224a97c5-5909-4d11-ae56-a4f02ce1b0ae" testId="b0ea3331-d8ab-42b1-8902-fb8997a2c7a6" testName="Post_CanCreateNewModel" computerName="VECTOR" duration="00:00:00.0180000" startTime="2018-07-26T07:40:15.9033859-04:00" endTime="2018-07-26T07:40:15.9033933-04:00" testType="13cdc9d9-ddb5-4fa4-a97d-d965ccfc6d4b" outcome="Passed" testListId="8c84fa94-04c1-424b-9868-57a2d4851a1d" relativeResultsDirectory="224a97c5-5909-4d11-ae56-a4f02ce1b0ae" /><UnitTestResult executionId="89f51cb6-cc77-498c-8386-4af549776134" testId="3f93b618-b52d-4bde-9487-dfc16bca922d" testName="Patch_InvalidEnumPropertyValueReturnsBadRequest" computerName="VECTOR" duration="00:00:00.0210000" startTime="2018-07-26T07:40:05.9325967-04:00" endTime="2018-07-26T07:40:05.9326030-04:00" testType="13cdc9d9-ddb5-4fa4-a97d-d965ccfc6d4b" outcome="Passed" testListId="8c84fa94-04c1-424b-9868-57a2d4851a1d" relativeResultsDirectory="89f51cb6-cc77-498c-8386-4af549776134" /><UnitTestResult executionId="fadd479f-3e7d-430c-8d8e-112f61369ffb" testId="02b8f175-9ba9-445b-9e71-52b97ea83e2b" testName="MeshTransformHasExpectedDependentFiles" computerName="VECTOR" duration="00:00:00.0010000" startTime="2018-07-26T07:40:00.1659419-04:00" endTime="2018-07-26T07:40:00.1659430-04:00" testType="13cdc9d9-ddb5-4fa4-a97d-d965ccfc6d4b" outcome="Passed" testListId="8c84fa94-04c1-424b-9868-57a2d4851a1d" relativeResultsDirectory="fadd479f-3e7d-430c-8d8e-112f61369ffb" /><UnitTestResult executionId="e93303d0-4891-478a-9c72-354e74fe0a76" testId="c72e1910-21e1-4da3-b3fa-73ebff7b4152" testName="Post_InvalidReferencePropertyReturnsBadRequest" computerName="VECTOR" duration="00:00:00.0190000" startTime="2018-07-26T07:40:06.1250872-04:00" endTime="2018-07-26T07:40:06.1250929-04:00" testType="13cdc9d9-ddb5-4fa4-a97d-d965ccfc6d4b" outcome="Passed" testListId="8c84fa94-04c1-424b-9868-57a2d4851a1d" relativeResultsDirectory="e93303d0-4891-478a-9c72-354e74fe0a76" /><UnitTestResult executionId="c705fa25-4382-448b-970a-207810ab6a2a" testId="a7ec9c3e-02c6-48c9-9fb7-59436fd0718f" testName="Patch_MultipleInvalidReferencePropertiesReturnsMultipleValidationErrorsAndBadRequest" computerName="VECTOR" duration="00:00:00.0250000" startTime="2018-07-26T07:40:02.1591453-04:00" endTime="2018-07-26T07:40:02.1591516-04:00" testType="13cdc9d9-ddb5-4fa4-a97d-d965ccfc6d4b" outcome="Passed" testListId="8c84fa94-04c1-424b-9868-57a2d4851a1d" relativeResultsDirectory="c705fa25-4382-448b-970a-207810ab6a2a" /><UnitTestResult executionId="8c74896d-ca57-45f3-ba52-10e8fd79b442" testId="ba2e1bd5-cebf-4260-8695-74cb3aa66ac0" testName="Patch_InvalidReferencePropertyReturnsBadRequest" computerName="VECTOR" duration="00:00:00.0170000" startTime="2018-07-26T07:40:03.4494122-04:00" endTime="2018-07-26T07:40:03.4494184-04:00" testType="13cdc9d9-ddb5-4fa4-a97d-d965ccfc6d4b" outcome="Passed" testListId="8c84fa94-04c1-424b-9868-57a2d4851a1d" relativeResultsDirectory="8c74896d-ca57-45f3-ba52-10e8fd79b442" /><UnitTestResult executionId="48ab69a1-157e-4beb-b1f1-05315a13c8fe" testId="afa8ddc5-2e12-490d-b214-31587183e608" testName="GetSingle_InvalidIdPropertyValueReturnsNotFound" computerName="VECTOR" duration="00:00:00.0100000" startTime="2018-07-26T07:40:01.2412536-04:00" endTime="2018-07-26T07:40:01.2412592-04:00" testType="13cdc9d9-ddb5-4fa4-a97d-d965ccfc6d4b" outcome="Passed" testListId="8c84fa94-04c1-424b-9868-57a2d4851a1d" relativeResultsDirectory="48ab69a1-157e-4beb-b1f1-05315a13c8fe" /><UnitTestResult executionId="8a5f2f7c-9f9f-4b09-9afa-91818c884c3f" testId="3967e696-6c53-4a09-a870-864cb8e7a99e" testName="Patch_ValidReferencePropertyUpdatesModel" computerName="VECTOR" duration="00:00:00.0520000" startTime="2018-07-26T07:40:16.2042385-04:00" endTime="2018-07-26T07:40:16.2042445-04:00" testType="13cdc9d9-ddb5-4fa4-a97d-d965ccfc6d4b" outcome="Passed" testListId="8c84fa94-04c1-424b-9868-57a2d4851a1d" relativeResultsDirectory="8a5f2f7c-9f9f-4b09-9afa-91818c884c3f" /><UnitTestResult executionId="5df27eae-734b-46d4-9830-3b94b1747851" testId="df2fc2bb-e2a2-4138-ad2f-a068f8eb725e" testName="Patch_InvalidEnumPropertyValueReturnsBadRequest" computerName="VECTOR" duration="00:00:00.0160000" startTime="2018-07-26T07:40:02.1914553-04:00" endTime="2018-07-26T07:40:02.1914604-04:00" testType="13cdc9d9-ddb5-4fa4-a97d-d965ccfc6d4b" outcome="Passed" testListId="8c84fa94-04c1-424b-9868-57a2d4851a1d" relativeResultsDirectory="5df27eae-734b-46d4-9830-3b94b1747851" /><UnitTestResult executionId="e71d9b4d-5f08-4d69-ba10-265851629113" testId="c958455e-eebe-4ef8-8279-e34deb57e23b" testName="Patch_InvalidPropertyNameReturnsBadRequest" computerName="VECTOR" duration="00:00:00.0160000" startTime="2018-07-26T07:40:16.1401819-04:00" endTime="2018-07-26T07:40:16.1401879-04:00" testType="13cdc9d9-ddb5-4fa4-a97d-d965ccfc6d4b" outcome="Passed" testListId="8c84fa94-04c1-424b-9868-57a2d4851a1d" relativeResultsDirectory="e71d9b4d-5f08-4d69-ba10-265851629113" /><UnitTestResult executionId="785773ec-2452-482e-adc3-633aa83db8b7" testId="a4f4585f-fa88-4de2-9564-c7d90110465d" testName="PostFile_FileIsSynchronizedIsUpdatedAfterFileIsPosted" computerName="VECTOR" duration="00:00:00.0100000" startTime="2018-07-26T07:40:02.9533579-04:00" endTime="2018-07-26T07:40:02.9533630-04:00" testType="13cdc9d9-ddb5-4fa4-a97d-d965ccfc6d4b" outcome="Passed" testListId="8c84fa94-04c1-424b-9868-57a2d4851a1d" relativeResultsDirectory="785773ec-2452-482e-adc3-633aa83db8b7" /><UnitTestResult executionId="28d65d2c-4fc5-4d63-9f85-027320ad59da" testId="59ea43d8-fa23-42d7-95af-aae9ed076a36" testName="FileRequest_MeshGenerateSetsFileIsSynchronized" computerName="VECTOR" duration="00:00:02.8800000" startTime="2018-07-26T07:40:12.9543265-04:00" endTime="2018-07-26T07:40:12.9543325-04:00" testType="13cdc9d9-ddb5-4fa4-a97d-d965ccfc6d4b" outcome="Passed" testListId="8c84fa94-04c1-424b-9868-57a2d4851a1d" relativeResultsDirectory="28d65d2c-4fc5-4d63-9f85-027320ad59da" /><UnitTestResult executionId="09e140ac-9e2f-4b21-b28b-98a7ce0f8603" testId="211f28ff-7624-49eb-9d7a-e1d7ac4a4ee5" testName="Patch_InvalidReferencePropertyReturnsBadRequest" computerName="VECTOR" duration="00:00:00.0220000" startTime="2018-07-26T07:40:02.2328702-04:00" endTime="2018-07-26T07:40:02.2328771-04:00" testType="13cdc9d9-ddb5-4fa4-a97d-d965ccfc6d4b" outcome="Passed" testListId="8c84fa94-04c1-424b-9868-57a2d4851a1d" relativeResultsDirectory="09e140ac-9e2f-4b21-b28b-98a7ce0f8603" /><UnitTestResult executionId="4ea80e6a-3186-4082-8744-d0d077b971bc" testId="72c3b94b-954a-48fe-a5e9-6e74eb6d2c49" testName="Patch_ValidReferencePropertyUpdatesModel" computerName="VECTOR" duration="00:00:00.0530000" startTime="2018-07-26T07:40:02.0511565-04:00" endTime="2018-07-26T07:40:02.0511630-04:00" testType="13cdc9d9-ddb5-4fa4-a97d-d965ccfc6d4b" outcome="Passed" testListId="8c84fa94-04c1-424b-9868-57a2d4851a1d" relativeResultsDirectory="4ea80e6a-3186-4082-8744-d0d077b971bc" /><UnitTestResult executionId="bd49a536-3bdc-4ffa-9905-28895d2ccdcf" testId="76278637-4ae8-4721-8da5-1ee3d0ea7572" testName="PostFile_FileTimeStampIsUpdatedAfterFileIsPosted" computerName="VECTOR" duration="00:00:01.2340000" startTime="2018-07-26T07:40:10.0011566-04:00" endTime="2018-07-26T07:40:10.0011629-04:00" testType="13cdc9d9-ddb5-4fa4-a97d-d965ccfc6d4b" outcome="Passed" testListId="8c84fa94-04c1-424b-9868-57a2d4851a1d" relativeResultsDirectory="bd49a536-3bdc-4ffa-9905-28895d2ccdcf" /><UnitTestResult executionId="9a23332e-8da9-4623-a247-9c4d40b46add" testId="748f87a5-8069-4ec0-9423-3b6178977a1f" testName="GetList_ListReturnsCorrectCount" computerName="VECTOR" duration="00:00:00.0150000" startTime="2018-07-26T07:40:03.4647003-04:00" endTime="2018-07-26T07:40:03.4647069-04:00" testType="13cdc9d9-ddb5-4fa4-a97d-d965ccfc6d4b" outcome="Passed" testListId="8c84fa94-04c1-424b-9868-57a2d4851a1d" relativeResultsDirectory="9a23332e-8da9-4623-a247-9c4d40b46add" /><UnitTestResult executionId="72322134-d69d-4ac4-9d59-3d10be389f1b" testId="b09d9c12-2b92-4747-af78-d4e3fba45f4d" testName="Put_InvalidIdReturnsNotFound" computerName="VECTOR" duration="00:00:00.0720000" startTime="2018-07-26T07:40:04.7959287-04:00" endTime="2018-07-26T07:40:04.7959352-04:00" testType="13cdc9d9-ddb5-4fa4-a97d-d965ccfc6d4b" outcome="Passed" testListId="8c84fa94-04c1-424b-9868-57a2d4851a1d" relativeResultsDirectory="72322134-d69d-4ac4-9d59-3d10be389f1b" /><UnitTestResult executionId="91dd2757-fe06-4216-bc35-3e906b0f917f" testId="2cb16a5b-df70-462c-a22a-e49192a1bbf4" testName="Put_InvalidIdReturnsNotFound" computerName="VECTOR" duration="00:00:00.0330000" startTime="2018-07-26T07:40:01.9545607-04:00" endTime="2018-07-26T07:40:01.9545664-04:00" testType="13cdc9d9-ddb5-4fa4-a97d-d965ccfc6d4b" outcome="Passed" testListId="8c84fa94-04c1-424b-9868-57a2d4851a1d" relativeResultsDirectory="91dd2757-fe06-4216-bc35-3e906b0f917f" /><UnitTestResult executionId="405b3a74-ebe1-4bf0-a8cc-21449768da5a" testId="30012f3f-5f3d-42dd-a0a1-d3f722a2eea7" testName="Post_ValidReferencePropertyCreatesModel" computerName="VECTOR" duration="00:00:00.0300000" startTime="2018-07-26T07:40:06.1874097-04:00" endTime="2018-07-26T07:40:06.1874151-04:00" testType="13cdc9d9-ddb5-4fa4-a97d-d965ccfc6d4b" outcome="Passed" testListId="8c84fa94-04c1-424b-9868-57a2d4851a1d" relativeResultsDirectory="405b3a74-ebe1-4bf0-a8cc-21449768da5a" /><UnitTestResult executionId="72f96d51-6e0d-4a30-8b39-52732f33c89f" testId="fc66538b-cbaa-478c-98aa-db2dc5e6db70" testName="GetFile_ExistingFileReturnsSuccess" computerName="VECTOR" duration="00:00:00.0290000" startTime="2018-07-26T07:40:08.7661986-04:00" endTime="2018-07-26T07:40:08.7662060-04:00" testType="13cdc9d9-ddb5-4fa4-a97d-d965ccfc6d4b" outcome="Passed" testListId="8c84fa94-04c1-424b-9868-57a2d4851a1d" relativeResultsDirectory="72f96d51-6e0d-4a30-8b39-52732f33c89f" /><UnitTestResult executionId="92a27230-b3af-44a5-9a4e-60c8435d5397" testId="cec85f6a-afaf-4f65-8592-b4239d6119c5" testName="Post_InvalidPropertyValueReturnsBadRequest" computerName="VECTOR" duration="00:00:00.0150000" startTime="2018-07-26T07:40:01.3370494-04:00" endTime="2018-07-26T07:40:01.3370554-04:00" testType="13cdc9d9-ddb5-4fa4-a97d-d965ccfc6d4b" outcome="Passed" testListId="8c84fa94-04c1-424b-9868-57a2d4851a1d" relativeResultsDirectory="92a27230-b3af-44a5-9a4e-60c8435d5397" /><UnitTestResult executionId="5ea5cdc3-65fc-4660-994d-9e18183e3a59" testId="14fbff68-c190-476f-b491-a1afe060a69f" testName="FileRequest_FileCanBeReadAfterRename" computerName="VECTOR" duration="00:00:00.1050000" startTime="2018-07-26T07:40:15.2362787-04:00" endTime="2018-07-26T07:40:15.2362821-04:00" testType="13cdc9d9-ddb5-4fa4-a97d-d965ccfc6d4b" outcome="Passed" testListId="8c84fa94-04c1-424b-9868-57a2d4851a1d" relativeResultsDirectory="5ea5cdc3-65fc-4660-994d-9e18183e3a59" /><UnitTestResult executionId="fe8be5de-477e-46d2-a8e9-4c6514193162" testId="cf487bef-1c9e-45ee-84cb-bb5ef36a8609" testName="Patch_InvalidIdPropertyReturnsNotFound" computerName="VECTOR" duration="00:00:00.0180000" startTime="2018-07-26T07:40:01.3221367-04:00" endTime="2018-07-26T07:40:01.3221421-04:00" testType="13cdc9d9-ddb5-4fa4-a97d-d965ccfc6d4b" outcome="Passed" testListId="8c84fa94-04c1-424b-9868-57a2d4851a1d" relativeResultsDirectory="fe8be5de-477e-46d2-a8e9-4c6514193162" /><UnitTestResult executionId="b980e48e-3b86-4dc9-9a0c-547373fc6c60" testId="492d64f5-7781-4c81-9cc3-e57001181869" testName="Patch_TargetPropertyIsUpdated" computerName="VECTOR" duration="00:00:00.0620000" startTime="2018-07-26T07:40:01.1413605-04:00" endTime="2018-07-26T07:40:01.1413665-04:00" testType="13cdc9d9-ddb5-4fa4-a97d-d965ccfc6d4b" outcome="Passed" testListId="8c84fa94-04c1-424b-9868-57a2d4851a1d" relativeResultsDirectory="b980e48e-3b86-4dc9-9a0c-547373fc6c60" /><UnitTestResult executionId="34c79204-b967-43bd-a96a-3db0463b9c42" testId="8dd638d7-b9a1-4118-8b6d-8fc9a086ad9e" testName="Delete_TargetModelIsDeleted" computerName="VECTOR" duration="00:00:00.0310000" startTime="2018-07-26T07:40:06.2191378-04:00" endTime="2018-07-26T07:40:06.2191438-04:00" testType="13cdc9d9-ddb5-4fa4-a97d-d965ccfc6d4b" outcome="Passed" testListId="8c84fa94-04c1-424b-9868-57a2d4851a1d" relativeResultsDirectory="34c79204-b967-43bd-a96a-3db0463b9c42" /></Results><TestDefinitions><UnitTest name="Post_InvalidReferencePropertyReturnsBadRequest" storage="d:\users\steve knipmeyer\documents\github\modelrelief\modelrelief.test\bin\debug\netcoreapp2.0\modelrelief.test.dll" id="4fd382f1-755c-4551-a7b0-966635ea6815"><Execution id="cc2caa19-34cd-4016-9472-0f700a09fe30" /><TestMethod codeBase="D:\Users\Steve Knipmeyer\Documents\GitHub\ModelRelief\ModelRelief.test\bin\Debug\netcoreapp2.0\ModelRelief.Test.dll" adapterTypeName="executor://xunit/VsTestRunner2/netcoreapp" className="ModelRelief.Test.Integration.Projects.ProjectsBaseIntegrationTests" name="Post_InvalidReferencePropertyReturnsBadRequest" /></UnitTest><UnitTest name="Put_InvalidIdReturnsNotFound" storage="d:\users\steve knipmeyer\documents\github\modelrelief\modelrelief.test\bin\debug\netcoreapp2.0\modelrelief.test.dll" id="b09d9c12-2b92-4747-af78-d4e3fba45f4d"><Execution id="72322134-d69d-4ac4-9d59-3d10be389f1b" /><TestMethod codeBase="D:\Users\Steve Knipmeyer\Documents\GitHub\ModelRelief\ModelRelief.test\bin\Debug\netcoreapp2.0\ModelRelief.Test.dll" adapterTypeName="executor://xunit/VsTestRunner2/netcoreapp" className="ModelRelief.Test.Integration.Meshes.MeshesBaseIntegrationTests" name="Put_InvalidIdReturnsNotFound" /></UnitTest><UnitTest name="GetSingle_ValidIdPropertyValueReturnsCorrectModel" storage="d:\users\steve knipmeyer\documents\github\modelrelief\modelrelief.test\bin\debug\netcoreapp2.0\modelrelief.test.dll" id="156d0598-60eb-465d-88d2-32203ee565af"><Execution id="96a40db6-57a3-409a-8410-cc8526ad76ae" /><TestMethod codeBase="D:\Users\Steve Knipmeyer\Documents\GitHub\ModelRelief\ModelRelief.test\bin\Debug\netcoreapp2.0\ModelRelief.Test.dll" adapterTypeName="executor://xunit/VsTestRunner2/netcoreapp" className="ModelRelief.Test.Integration.Projects.ProjectsBaseIntegrationTests" name="GetSingle_ValidIdPropertyValueReturnsCorrectModel" /></UnitTest><UnitTest name="GetSingle_ValidIdPropertyValueReturnsCorrectModel" storage="d:\users\steve knipmeyer\documents\github\modelrelief\modelrelief.test\bin\debug\netcoreapp2.0\modelrelief.test.dll" id="8e485d77-e49a-4e89-b360-06525ee72bb9"><Execution id="a2ac6155-2157-4dd2-b928-d1af10c4650e" /><TestMethod codeBase="D:\Users\Steve Knipmeyer\Documents\GitHub\ModelRelief\ModelRelief.test\bin\Debug\netcoreapp2.0\ModelRelief.Test.dll" adapterTypeName="executor://xunit/VsTestRunner2/netcoreapp" className="ModelRelief.Test.Integration.Cameras.CamerasBaseIntegrationTests" name="GetSingle_ValidIdPropertyValueReturnsCorrectModel" /></UnitTest><UnitTest name="GetSingle_InvalidIdPropertyValueReturnsNotFound" storage="d:\users\steve knipmeyer\documents\github\modelrelief\modelrelief.test\bin\debug\netcoreapp2.0\modelrelief.test.dll" id="ec9a2ec6-9c01-404b-ace3-92731d23582c"><Execution id="8e8091a1-195d-4ec5-bcac-43b7053a6108" /><TestMethod codeBase="D:\Users\Steve Knipmeyer\Documents\GitHub\ModelRelief\ModelRelief.test\bin\Debug\netcoreapp2.0\ModelRelief.Test.dll" adapterTypeName="executor://xunit/VsTestRunner2/netcoreapp" className="ModelRelief.Test.Integration.Meshes.MeshesBaseIntegrationTests" name="GetSingle_InvalidIdPropertyValueReturnsNotFound" /></UnitTest><UnitTest name="Put_InvalidReferencePropertyReturndBadRequest" storage="d:\users\steve knipmeyer\documents\github\modelrelief\modelrelief.test\bin\debug\netcoreapp2.0\modelrelief.test.dll" id="83bf97f1-2ed3-442e-826b-7ebbac2e929f"><Execution id="f86af921-6899-4646-8bc2-a3bf868dad8c" /><TestMethod codeBase="D:\Users\Steve Knipmeyer\Documents\GitHub\ModelRelief\ModelRelief.test\bin\Debug\netcoreapp2.0\ModelRelief.Test.dll" adapterTypeName="executor://xunit/VsTestRunner2/netcoreapp" className="ModelRelief.Test.Integration.DepthBuffers.DepthBuffersBaseIntegrationTests" name="Put_InvalidReferencePropertyReturndBadRequest" /></UnitTest><UnitTest name="Put_CanUpdateModel" storage="d:\users\steve knipmeyer\documents\github\modelrelief\modelrelief.test\bin\debug\netcoreapp2.0\modelrelief.test.dll" id="6ab0f1bf-191c-4646-bedd-7dee783b3ad2"><Execution id="69aa5a08-536d-42d8-9662-dbf9bc20e281" /><TestMethod codeBase="D:\Users\Steve Knipmeyer\Documents\GitHub\ModelRelief\ModelRelief.test\bin\Debug\netcoreapp2.0\ModelRelief.Test.dll" adapterTypeName="executor://xunit/VsTestRunner2/netcoreapp" className="ModelRelief.Test.Integration.DepthBuffers.DepthBuffersBaseIntegrationTests" name="Put_CanUpdateModel" /></UnitTest><UnitTest name="Post_CanCreateNewModel" storage="d:\users\steve knipmeyer\documents\github\modelrelief\modelrelief.test\bin\debug\netcoreapp2.0\modelrelief.test.dll" id="fc627014-ee31-4382-9696-2f1db220806a"><Execution id="b284d9ee-2aad-45e9-94a9-6b4a6b5b555e" /><TestMethod codeBase="D:\Users\Steve Knipmeyer\Documents\GitHub\ModelRelief\ModelRelief.test\bin\Debug\netcoreapp2.0\ModelRelief.Test.dll" adapterTypeName="executor://xunit/VsTestRunner2/netcoreapp" className="ModelRelief.Test.Integration.Meshes.MeshesBaseIntegrationTests" name="Post_CanCreateNewModel" /></UnitTest><UnitTest name="Put_ValidReferencePropertyUpdatesModel" storage="d:\users\steve knipmeyer\documents\github\modelrelief\modelrelief.test\bin\debug\netcoreapp2.0\modelrelief.test.dll" id="6ec04536-ff3a-48a3-badc-6a4c95b9eb2f"><Execution id="eff13126-0ce9-4fe7-a037-fddb45fb9c95" /><TestMethod codeBase="D:\Users\Steve Knipmeyer\Documents\GitHub\ModelRelief\ModelRelief.test\bin\Debug\netcoreapp2.0\ModelRelief.Test.dll" adapterTypeName="executor://xunit/VsTestRunner2/netcoreapp" className="ModelRelief.Test.Integration.Models.ModelsBaseIntegrationTests" name="Put_ValidReferencePropertyUpdatesModel" /></UnitTest><UnitTest name="Patch_InvalidPropertyNameReturnsBadRequest" storage="d:\users\steve knipmeyer\documents\github\modelrelief\modelrelief.test\bin\debug\netcoreapp2.0\modelrelief.test.dll" id="fe9522eb-f831-4d84-bf6f-07825a731fc9"><Execution id="8a9f1ebd-1f07-4142-a346-8a2099f163c0" /><TestMethod codeBase="D:\Users\Steve Knipmeyer\Documents\GitHub\ModelRelief\ModelRelief.test\bin\Debug\netcoreapp2.0\ModelRelief.Test.dll" adapterTypeName="executor://xunit/VsTestRunner2/netcoreapp" className="ModelRelief.Test.Integration.DepthBuffers.DepthBuffersBaseIntegrationTests" name="Patch_InvalidPropertyNameReturnsBadRequest" /></UnitTest><UnitTest name="GetFile_NonExistentFileReturnsNotFound" storage="d:\users\steve knipmeyer\documents\github\modelrelief\modelrelief.test\bin\debug\netcoreapp2.0\modelrelief.test.dll" id="9551f8c4-4e47-49f3-bb78-22735a552767"><Execution id="865c4936-ebaf-4177-9a3d-021f59324395" /><TestMethod codeBase="D:\Users\Steve Knipmeyer\Documents\GitHub\ModelRelief\ModelRelief.test\bin\Debug\netcoreapp2.0\ModelRelief.Test.dll" adapterTypeName="executor://xunit/VsTestRunner2/netcoreapp" className="ModelRelief.Test.Integration.DepthBuffers.DepthBuffersFileIntegrationTests" name="GetFile_NonExistentFileReturnsNotFound" /></UnitTest><UnitTest name="Post_ValidReferencePropertyCreatesModel" storage="d:\users\steve knipmeyer\documents\github\modelrelief\modelrelief.test\bin\debug\netcoreapp2.0\modelrelief.test.dll" id="ecd431c5-dafe-468b-b35c-8e8c89625bcd"><Execution id="af371d47-fff2-4b35-ab86-b4452e0d86ab" /><TestMethod codeBase="D:\Users\Steve Knipmeyer\Documents\GitHub\ModelRelief\ModelRelief.test\bin\Debug\netcoreapp2.0\ModelRelief.Test.dll" adapterTypeName="executor://xunit/VsTestRunner2/netcoreapp" className="ModelRelief.Test.Integration.MeshTransforms.MeshTransformsBaseIntegrationTests" name="Post_ValidReferencePropertyCreatesModel" /></UnitTest><UnitTest name="GetFile_NonExistentFileReturnsNotFound" storage="d:\users\steve knipmeyer\documents\github\modelrelief\modelrelief.test\bin\debug\netcoreapp2.0\modelrelief.test.dll" id="177ebb57-16dd-4358-8bc8-c5952b8d3a6c"><Execution id="e3c7b17c-13fc-4b32-ab38-b047fbb370ac" /><TestMethod codeBase="D:\Users\Steve Knipmeyer\Documents\GitHub\ModelRelief\ModelRelief.test\bin\Debug\netcoreapp2.0\ModelRelief.Test.dll" adapterTypeName="executor://xunit/VsTestRunner2/netcoreapp" className="ModelRelief.Test.Integration.Models.ModelsFileIntegrationTests" name="GetFile_NonExistentFileReturnsNotFound" /></UnitTest><UnitTest name="Put_ValidReferencePropertyUpdatesModel" storage="d:\users\steve knipmeyer\documents\github\modelrelief\modelrelief.test\bin\debug\netcoreapp2.0\modelrelief.test.dll" id="ad3ed247-4242-4177-ad3c-0646e8ebc271"><Execution id="1c97d28a-7f29-4c14-b400-ddacf8e7cce3" /><TestMethod codeBase="D:\Users\Steve Knipmeyer\Documents\GitHub\ModelRelief\ModelRelief.test\bin\Debug\netcoreapp2.0\ModelRelief.Test.dll" adapterTypeName="executor://xunit/VsTestRunner2/netcoreapp" className="ModelRelief.Test.Integration.Cameras.CamerasBaseIntegrationTests" name="Put_ValidReferencePropertyUpdatesModel" /></UnitTest><UnitTest name="Post_InvalidReferencePropertyReturnsBadRequest" storage="d:\users\steve knipmeyer\documents\github\modelrelief\modelrelief.test\bin\debug\netcoreapp2.0\modelrelief.test.dll" id="6cfb243f-c92c-4d46-bc34-0fed8970a0f5"><Execution id="004e79ff-8201-44a0-b344-6f17232500b3" /><TestMethod codeBase="D:\Users\Steve Knipmeyer\Documents\GitHub\ModelRelief\ModelRelief.test\bin\Debug\netcoreapp2.0\ModelRelief.Test.dll" adapterTypeName="executor://xunit/VsTestRunner2/netcoreapp" className="ModelRelief.Test.Integration.Cameras.CamerasBaseIntegrationTests" name="Post_InvalidReferencePropertyReturnsBadRequest" /></UnitTest><UnitTest name="FileRequest_FileCanBeReadAfterRename" storage="d:\users\steve knipmeyer\documents\github\modelrelief\modelrelief.test\bin\debug\netcoreapp2.0\modelrelief.test.dll" id="15d74160-82b1-4f40-8ebe-96044e3f4498"><Execution id="c76078c0-d3ec-4548-b8c4-48f8c923496e" /><TestMethod codeBase="D:\Users\Steve Knipmeyer\Documents\GitHub\ModelRelief\ModelRelief.test\bin\Debug\netcoreapp2.0\ModelRelief.Test.dll" adapterTypeName="executor://xunit/VsTestRunner2/netcoreapp" className="ModelRelief.Test.Integration.Meshes.MeshesFileIntegrationTests" name="FileRequest_FileCanBeReadAfterRename" /></UnitTest><UnitTest name="PostFile_FileTimeStampIsUpdatedAfterFileIsPosted" storage="d:\users\steve knipmeyer\documents\github\modelrelief\modelrelief.test\bin\debug\netcoreapp2.0\modelrelief.test.dll" id="f12e585f-5933-43e5-aa49-1ae4a4f4634d"><Execution id="f1236cf3-1354-4b2e-84c3-0e49fd216da3" /><TestMethod codeBase="D:\Users\Steve Knipmeyer\Documents\GitHub\ModelRelief\ModelRelief.test\bin\Debug\netcoreapp2.0\ModelRelief.Test.dll" adapterTypeName="executor://xunit/VsTestRunner2/netcoreapp" className="ModelRelief.Test.Integration.Models.ModelsFileIntegrationTests" name="PostFile_FileTimeStampIsUpdatedAfterFileIsPosted" /></UnitTest><UnitTest name="GetList_ListReturnsCorrectCount" storage="d:\users\steve knipmeyer\documents\github\modelrelief\modelrelief.test\bin\debug\netcoreapp2.0\modelrelief.test.dll" id="6f4c2ce8-d0d9-4257-889a-08cfe5f773b1"><Execution id="8535203e-4cf7-4c98-a5ef-4ff515c3aca9" /><TestMethod codeBase="D:\Users\Steve Knipmeyer\Documents\GitHub\ModelRelief\ModelRelief.test\bin\Debug\netcoreapp2.0\ModelRelief.Test.dll" adapterTypeName="executor://xunit/VsTestRunner2/netcoreapp" className="ModelRelief.Test.Integration.Models.ModelsBaseIntegrationTests" name="GetList_ListReturnsCorrectCount" /></UnitTest><UnitTest name="Patch_InvalidReferencePropertyReturnsBadRequest" storage="d:\users\steve knipmeyer\documents\github\modelrelief\modelrelief.test\bin\debug\netcoreapp2.0\modelrelief.test.dll" id="69f9d3ea-daa2-4dcd-ac3c-2bb878fcc6c2"><Execution id="cb8dab1a-195c-4e36-980c-dae62303b3df" /><TestMethod codeBase="D:\Users\Steve Knipmeyer\Documents\GitHub\ModelRelief\ModelRelief.test\bin\Debug\netcoreapp2.0\ModelRelief.Test.dll" adapterTypeName="executor://xunit/VsTestRunner2/netcoreapp" className="ModelRelief.Test.Integration.Projects.ProjectsBaseIntegrationTests" name="Patch_InvalidReferencePropertyReturnsBadRequest" /></UnitTest><UnitTest name="Patch_InvalidReferencePropertyReturnsBadRequest" storage="d:\users\steve knipmeyer\documents\github\modelrelief\modelrelief.test\bin\debug\netcoreapp2.0\modelrelief.test.dll" id="cb55045b-c260-4990-878f-a573036b1624"><Execution id="720adc6f-5375-452f-95f8-d49b85330472" /><TestMethod codeBase="D:\Users\Steve Knipmeyer\Documents\GitHub\ModelRelief\ModelRelief.test\bin\Debug\netcoreapp2.0\ModelRelief.Test.dll" adapterTypeName="executor://xunit/VsTestRunner2/netcoreapp" className="ModelRelief.Test.Integration.Cameras.CamerasBaseIntegrationTests" name="Patch_InvalidReferencePropertyReturnsBadRequest" /></UnitTest><UnitTest name="GetFile_FileCanBeRoundTripped" storage="d:\users\steve knipmeyer\documents\github\modelrelief\modelrelief.test\bin\debug\netcoreapp2.0\modelrelief.test.dll" id="743ad1f9-5bb7-4a0d-8be7-85c31e9af600"><Execution id="1dba8f45-0139-4d0f-9864-55572ed536fa" /><TestMethod codeBase="D:\Users\Steve Knipmeyer\Documents\GitHub\ModelRelief\ModelRelief.test\bin\Debug\netcoreapp2.0\ModelRelief.Test.dll" adapterTypeName="executor://xunit/VsTestRunner2/netcoreapp" className="ModelRelief.Test.Integration.DepthBuffers.DepthBuffersFileIntegrationTests" name="GetFile_FileCanBeRoundTripped" /></UnitTest><UnitTest name="GetFile_FileCanBeRoundTripped" storage="d:\users\steve knipmeyer\documents\github\modelrelief\modelrelief.test\bin\debug\netcoreapp2.0\modelrelief.test.dll" id="7aace8fe-5624-4acc-ae71-ba881f4807a6"><Execution id="10960cce-4287-49d1-96c8-773b928a924b" /><TestMethod codeBase="D:\Users\Steve Knipmeyer\Documents\GitHub\ModelRelief\ModelRelief.test\bin\Debug\netcoreapp2.0\ModelRelief.Test.dll" adapterTypeName="executor://xunit/VsTestRunner2/netcoreapp" className="ModelRelief.Test.Integration.Meshes.MeshesFileIntegrationTests" name="GetFile_FileCanBeRoundTripped" /></UnitTest><UnitTest name="Patch_InvalidIdPropertyReturnsNotFound" storage="d:\users\steve knipmeyer\documents\github\modelrelief\modelrelief.test\bin\debug\netcoreapp2.0\modelrelief.test.dll" id="3f7b9a8b-87f0-446d-a793-f66dab6f9d21"><Execution id="fe6916df-4275-4918-8a5e-c2621e285518" /><TestMethod codeBase="D:\Users\Steve Knipmeyer\Documents\GitHub\ModelRelief\ModelRelief.test\bin\Debug\netcoreapp2.0\ModelRelief.Test.dll" adapterTypeName="executor://xunit/VsTestRunner2/netcoreapp" className="ModelRelief.Test.Integration.Meshes.MeshesBaseIntegrationTests" name="Patch_InvalidIdPropertyReturnsNotFound" /></UnitTest><UnitTest name="FileRequest_FileCanBeReadAfterRename" storage="d:\users\steve knipmeyer\documents\github\modelrelief\modelrelief.test\bin\debug\netcoreapp2.0\modelrelief.test.dll" id="14fbff68-c190-476f-b491-a1afe060a69f"><Execution id="5ea5cdc3-65fc-4660-994d-9e18183e3a59" /><TestMethod codeBase="D:\Users\Steve Knipmeyer\Documents\GitHub\ModelRelief\ModelRelief.test\bin\Debug\netcoreapp2.0\ModelRelief.Test.dll" adapterTypeName="executor://xunit/VsTestRunner2/netcoreapp" className="ModelRelief.Test.Integration.DepthBuffers.DepthBuffersFileIntegrationTests" name="FileRequest_FileCanBeReadAfterRename" /></UnitTest><UnitTest name="Post_ValidReferencePropertyCreatesModel" storage="d:\users\steve knipmeyer\documents\github\modelrelief\modelrelief.test\bin\debug\netcoreapp2.0\modelrelief.test.dll" id="49e3a863-5c5a-468b-8598-7f58b3cae6ac"><Execution id="b215a005-50c2-4530-b96b-1cb6a25a41ad" /><TestMethod codeBase="D:\Users\Steve Knipmeyer\Documents\GitHub\ModelRelief\ModelRelief.test\bin\Debug\netcoreapp2.0\ModelRelief.Test.dll" adapterTypeName="executor://xunit/VsTestRunner2/netcoreapp" className="ModelRelief.Test.Integration.Projects.ProjectsBaseIntegrationTests" name="Post_ValidReferencePropertyCreatesModel" /></UnitTest><UnitTest name="GetSingle_InvalidIdPropertyValueReturnsNotFound" storage="d:\users\steve knipmeyer\documents\github\modelrelief\modelrelief.test\bin\debug\netcoreapp2.0\modelrelief.test.dll" id="0dfab26b-d5e6-40ea-8952-b5f70b133629"><Execution id="a6049a0e-c1c0-4e88-9d26-4a1809d21924" /><TestMethod codeBase="D:\Users\Steve Knipmeyer\Documents\GitHub\ModelRelief\ModelRelief.test\bin\Debug\netcoreapp2.0\ModelRelief.Test.dll" adapterTypeName="executor://xunit/VsTestRunner2/netcoreapp" className="ModelRelief.Test.Integration.DepthBuffers.DepthBuffersBaseIntegrationTests" name="GetSingle_InvalidIdPropertyValueReturnsNotFound" /></UnitTest><UnitTest name="Patch_ValidReferencePropertyUpdatesModel" storage="d:\users\steve knipmeyer\documents\github\modelrelief\modelrelief.test\bin\debug\netcoreapp2.0\modelrelief.test.dll" id="b86bd378-f008-4688-8059-08b6a4a35b6f"><Execution id="bbd86e41-e375-44d2-94df-64970e5ff77c" /><TestMethod codeBase="D:\Users\Steve Knipmeyer\Documents\GitHub\ModelRelief\ModelRelief.test\bin\Debug\netcoreapp2.0\ModelRelief.Test.dll" adapterTypeName="executor://xunit/VsTestRunner2/netcoreapp" className="ModelRelief.Test.Integration.Projects.ProjectsBaseIntegrationTests" name="Patch_ValidReferencePropertyUpdatesModel" /></UnitTest><UnitTest name="Patch_InvalidPropertyNameReturnsBadRequest" storage="d:\users\steve knipmeyer\documents\github\modelrelief\modelrelief.test\bin\debug\netcoreapp2.0\modelrelief.test.dll" id="90da3a8d-a714-46fe-95dc-5a7ce771f113"><Execution id="987e772e-0300-4619-a117-230847b2b314" /><TestMethod codeBase="D:\Users\Steve Knipmeyer\Documents\GitHub\ModelRelief\ModelRelief.test\bin\Debug\netcoreapp2.0\ModelRelief.Test.dll" adapterTypeName="executor://xunit/VsTestRunner2/netcoreapp" className="ModelRelief.Test.Integration.Models.ModelsBaseIntegrationTests" name="Patch_InvalidPropertyNameReturnsBadRequest" /></UnitTest><UnitTest name="Put_InvalidReferencePropertyReturndBadRequest" storage="d:\users\steve knipmeyer\documents\github\modelrelief\modelrelief.test\bin\debug\netcoreapp2.0\modelrelief.test.dll" id="d44aec13-6a3b-47ab-b7fb-0bb7f8e97465"><Execution id="9bec0a7b-1d2c-4a93-8ae0-d9774bcd1500" /><TestMethod codeBase="D:\Users\Steve Knipmeyer\Documents\GitHub\ModelRelief\ModelRelief.test\bin\Debug\netcoreapp2.0\ModelRelief.Test.dll" adapterTypeName="executor://xunit/VsTestRunner2/netcoreapp" className="ModelRelief.Test.Integration.Meshes.MeshesBaseIntegrationTests" name="Put_InvalidReferencePropertyReturndBadRequest" /></UnitTest><UnitTest name="Patch_InvalidIdPropertyReturnsNotFound" storage="d:\users\steve knipmeyer\documents\github\modelrelief\modelrelief.test\bin\debug\netcoreapp2.0\modelrelief.test.dll" id="6fcd923e-a36f-41de-80f4-565760ee2933"><Execution id="7bb7697a-490f-49f8-a20c-19d8b7041b4e" /><TestMethod codeBase="D:\Users\Steve Knipmeyer\Documents\GitHub\ModelRelief\ModelRelief.test\bin\Debug\netcoreapp2.0\ModelRelief.Test.dll" adapterTypeName="executor://xunit/VsTestRunner2/netcoreapp" className="ModelRelief.Test.Integration.MeshTransforms.MeshTransformsBaseIntegrationTests" name="Patch_InvalidIdPropertyReturnsNotFound" /></UnitTest><UnitTest name="LucyCameraFindsAllDependents" storage="d:\users\steve knipmeyer\documents\github\modelrelief\modelrelief.test\bin\debug\netcoreapp2.0\modelrelief.test.dll" id="2f06a2cf-82a4-4fad-9a8b-178b1be56875"><Execution id="ed975507-9e3a-4b45-a317-977f451a61b2" /><TestMethod codeBase="D:\Users\Steve Knipmeyer\Documents\GitHub\ModelRelief\ModelRelief.test\bin\Debug\netcoreapp2.0\ModelRelief.Test.dll" adapterTypeName="executor://xunit/VsTestRunner2/netcoreapp" className="ModelRelief.Test.Unit.DependencyManager.DependencyManagerTests" name="LucyCameraFindsAllDependents" /></UnitTest><UnitTest name="FileRequest_FileCanBeReadAfterRename" storage="d:\users\steve knipmeyer\documents\github\modelrelief\modelrelief.test\bin\debug\netcoreapp2.0\modelrelief.test.dll" id="6bb495a7-2ac8-4103-b503-017682085fe4"><Execution id="1696d74d-cd48-4bb7-9621-b4c52b91222c" /><TestMethod codeBase="D:\Users\Steve Knipmeyer\Documents\GitHub\ModelRelief\ModelRelief.test\bin\Debug\netcoreapp2.0\ModelRelief.Test.dll" adapterTypeName="executor://xunit/VsTestRunner2/netcoreapp" className="ModelRelief.Test.Integration.Models.ModelsFileIntegrationTests" name="FileRequest_FileCanBeReadAfterRename" /></UnitTest><UnitTest name="Put_InvalidIdReturnsNotFound" storage="d:\users\steve knipmeyer\documents\github\modelrelief\modelrelief.test\bin\debug\netcoreapp2.0\modelrelief.test.dll" id="a9321ffe-72a0-43aa-b9a0-4388cb207ad5"><Execution id="a159a916-59fb-47d9-b512-fe03eb361f74" /><TestMethod codeBase="D:\Users\Steve Knipmeyer\Documents\GitHub\ModelRelief\ModelRelief.test\bin\Debug\netcoreapp2.0\ModelRelief.Test.dll" adapterTypeName="executor://xunit/VsTestRunner2/netcoreapp" className="ModelRelief.Test.Integration.Cameras.CamerasBaseIntegrationTests" name="Put_InvalidIdReturnsNotFound" /></UnitTest><UnitTest name="Patch_TargetPropertyIsUpdated" storage="d:\users\steve knipmeyer\documents\github\modelrelief\modelrelief.test\bin\debug\netcoreapp2.0\modelrelief.test.dll" id="faf7a732-bad4-4b8b-967c-829e18c5e1b4"><Execution id="644645b2-4ffa-4e0b-a3c8-e3fc299dc969" /><TestMethod codeBase="D:\Users\Steve Knipmeyer\Documents\GitHub\ModelRelief\ModelRelief.test\bin\Debug\netcoreapp2.0\ModelRelief.Test.dll" adapterTypeName="executor://xunit/VsTestRunner2/netcoreapp" className="ModelRelief.Test.Integration.Meshes.MeshesBaseIntegrationTests" name="Patch_TargetPropertyIsUpdated" /></UnitTest><UnitTest name="Patch_InvalidIdPropertyReturnsNotFound" storage="d:\users\steve knipmeyer\documents\github\modelrelief\modelrelief.test\bin\debug\netcoreapp2.0\modelrelief.test.dll" id="46ba1e94-4558-4cce-847d-a2f89fe5b1a0"><Execution id="260da85b-b2d8-4535-9d27-5432b92bb8be" /><TestMethod codeBase="D:\Users\Steve Knipmeyer\Documents\GitHub\ModelRelief\ModelRelief.test\bin\Debug\netcoreapp2.0\ModelRelief.Test.dll" adapterTypeName="executor://xunit/VsTestRunner2/netcoreapp" className="ModelRelief.Test.Integration.Cameras.CamerasBaseIntegrationTests" name="Patch_InvalidIdPropertyReturnsNotFound" /></UnitTest><UnitTest name="Patch_InvalidReferencePropertyReturnsBadRequest" storage="d:\users\steve knipmeyer\documents\github\modelrelief\modelrelief.test\bin\debug\netcoreapp2.0\modelrelief.test.dll" id="7edf9714-ab1a-4761-89b0-96052ef16a14"><Execution id="35b3ca34-dd97-4808-b416-f52f263b456a" /><TestMethod codeBase="D:\Users\Steve Knipmeyer\Documents\GitHub\ModelRelief\ModelRelief.test\bin\Debug\netcoreapp2.0\ModelRelief.Test.dll" adapterTypeName="executor://xunit/VsTestRunner2/netcoreapp" className="ModelRelief.Test.Integration.Meshes.MeshesBaseIntegrationTests" name="Patch_InvalidReferencePropertyReturnsBadRequest" /></UnitTest><UnitTest name="Put_InvalidReferencePropertyReturndBadRequest" storage="d:\users\steve knipmeyer\documents\github\modelrelief\modelrelief.test\bin\debug\netcoreapp2.0\modelrelief.test.dll" id="c28fe4b7-e8fb-4dc5-8df3-ed864f81de74"><Execution id="40afb40b-173a-4fa4-ab26-713170cb2b10" /><TestMethod codeBase="D:\Users\Steve Knipmeyer\Documents\GitHub\ModelRelief\ModelRelief.test\bin\Debug\netcoreapp2.0\ModelRelief.Test.dll" adapterTypeName="executor://xunit/VsTestRunner2/netcoreapp" className="ModelRelief.Test.Integration.MeshTransforms.MeshTransformsBaseIntegrationTests" name="Put_InvalidReferencePropertyReturndBadRequest" /></UnitTest><UnitTest name="GetFile_NonExistentFileReturnsNotFound" storage="d:\users\steve knipmeyer\documents\github\modelrelief\modelrelief.test\bin\debug\netcoreapp2.0\modelrelief.test.dll" id="af265dce-4280-44df-9fec-cfbb3c3b71b2"><Execution id="fffdd5d3-850c-41d8-be49-1f888aba1722" /><TestMethod codeBase="D:\Users\Steve Knipmeyer\Documents\GitHub\ModelRelief\ModelRelief.test\bin\Debug\netcoreapp2.0\ModelRelief.Test.dll" adapterTypeName="executor://xunit/VsTestRunner2/netcoreapp" className="ModelRelief.Test.Integration.Meshes.MeshesFileIntegrationTests" name="GetFile_NonExistentFileReturnsNotFound" /></UnitTest><UnitTest name="Post_ValidReferencePropertyCreatesModel" storage="d:\users\steve knipmeyer\documents\github\modelrelief\modelrelief.test\bin\debug\netcoreapp2.0\modelrelief.test.dll" id="30012f3f-5f3d-42dd-a0a1-d3f722a2eea7"><Execution id="405b3a74-ebe1-4bf0-a8cc-21449768da5a" /><TestMethod codeBase="D:\Users\Steve Knipmeyer\Documents\GitHub\ModelRelief\ModelRelief.test\bin\Debug\netcoreapp2.0\ModelRelief.Test.dll" adapterTypeName="executor://xunit/VsTestRunner2/netcoreapp" className="ModelRelief.Test.Integration.Meshes.MeshesBaseIntegrationTests" name="Post_ValidReferencePropertyCreatesModel" /></UnitTest><UnitTest name="MeshTransformHasExpectedDependentFiles" storage="d:\users\steve knipmeyer\documents\github\modelrelief\modelrelief.test\bin\debug\netcoreapp2.0\modelrelief.test.dll" id="02b8f175-9ba9-445b-9e71-52b97ea83e2b"><Execution id="fadd479f-3e7d-430c-8d8e-112f61369ffb" /><TestMethod codeBase="D:\Users\Steve Knipmeyer\Documents\GitHub\ModelRelief\ModelRelief.test\bin\Debug\netcoreapp2.0\ModelRelief.Test.dll" adapterTypeName="executor://xunit/VsTestRunner2/netcoreapp" className="ModelRelief.Test.Unit.DependencyManager.DependencyManagerTests" name="MeshTransformHasExpectedDependentFiles" /></UnitTest><UnitTest name="Post_InvalidPropertyValueReturnsBadRequest" storage="d:\users\steve knipmeyer\documents\github\modelrelief\modelrelief.test\bin\debug\netcoreapp2.0\modelrelief.test.dll" id="cec85f6a-afaf-4f65-8592-b4239d6119c5"><Execution id="92a27230-b3af-44a5-9a4e-60c8435d5397" /><TestMethod codeBase="D:\Users\Steve Knipmeyer\Documents\GitHub\ModelRelief\ModelRelief.test\bin\Debug\netcoreapp2.0\ModelRelief.Test.dll" adapterTypeName="executor://xunit/VsTestRunner2/netcoreapp" className="ModelRelief.Test.Integration.Projects.ProjectsBaseIntegrationTests" name="Post_InvalidPropertyValueReturnsBadRequest" /></UnitTest><UnitTest name="LucyModel3dHasTwoDependents" storage="d:\users\steve knipmeyer\documents\github\modelrelief\modelrelief.test\bin\debug\netcoreapp2.0\modelrelief.test.dll" id="7f011de1-a625-400c-8274-ed880426a3fd"><Execution id="00de6e03-b571-4020-9402-eb727e2281ec" /><TestMethod codeBase="D:\Users\Steve Knipmeyer\Documents\GitHub\ModelRelief\ModelRelief.test\bin\Debug\netcoreapp2.0\ModelRelief.Test.dll" adapterTypeName="executor://xunit/VsTestRunner2/netcoreapp" className="ModelRelief.Test.Unit.DependencyManager.DependencyManagerTests" name="LucyModel3dHasTwoDependents" /></UnitTest><UnitTest name="Patch_InvalidEnumPropertyValueReturnsBadRequest" storage="d:\users\steve knipmeyer\documents\github\modelrelief\modelrelief.test\bin\debug\netcoreapp2.0\modelrelief.test.dll" id="34eb09fa-ecba-411b-bc3a-fade4e351a37"><Execution id="c1476838-ae05-43b6-bbff-5d7b8c8706f4" /><TestMethod codeBase="D:\Users\Steve Knipmeyer\Documents\GitHub\ModelRelief\ModelRelief.test\bin\Debug\netcoreapp2.0\ModelRelief.Test.dll" adapterTypeName="executor://xunit/VsTestRunner2/netcoreapp" className="ModelRelief.Test.Integration.MeshTransforms.MeshTransformsBaseIntegrationTests" name="Patch_InvalidEnumPropertyValueReturnsBadRequest" /></UnitTest><UnitTest name="PostFile_FileTimeStampIsUpdatedAfterFileIsPosted" storage="d:\users\steve knipmeyer\documents\github\modelrelief\modelrelief.test\bin\debug\netcoreapp2.0\modelrelief.test.dll" id="b1576b29-37b9-4bc5-9c09-8941afcdb129"><Execution id="c5fe4c71-92cf-4b72-bbe6-6cce187a0f2d" /><TestMethod codeBase="D:\Users\Steve Knipmeyer\Documents\GitHub\ModelRelief\ModelRelief.test\bin\Debug\netcoreapp2.0\ModelRelief.Test.dll" adapterTypeName="executor://xunit/VsTestRunner2/netcoreapp" className="ModelRelief.Test.Integration.DepthBuffers.DepthBuffersFileIntegrationTests" name="PostFile_FileTimeStampIsUpdatedAfterFileIsPosted" /></UnitTest><UnitTest name="Patch_ValidReferencePropertyUpdatesModel" storage="d:\users\steve knipmeyer\documents\github\modelrelief\modelrelief.test\bin\debug\netcoreapp2.0\modelrelief.test.dll" id="cdbddcea-fff2-4c66-8921-f3b53b81894b"><Execution id="dbb5aaf2-cd4b-4d75-8901-2fe803831bae" /><TestMethod codeBase="D:\Users\Steve Knipmeyer\Documents\GitHub\ModelRelief\ModelRelief.test\bin\Debug\netcoreapp2.0\ModelRelief.Test.dll" adapterTypeName="executor://xunit/VsTestRunner2/netcoreapp" className="ModelRelief.Test.Integration.MeshTransforms.MeshTransformsBaseIntegrationTests" name="Patch_ValidReferencePropertyUpdatesModel" /></UnitTest><UnitTest name="Patch_InvalidEnumPropertyValueReturnsBadRequest" storage="d:\users\steve knipmeyer\documents\github\modelrelief\modelrelief.test\bin\debug\netcoreapp2.0\modelrelief.test.dll" id="9c018a6f-143b-4fea-8fcc-691aeab72f61"><Execution id="0b2c354d-ff5c-4e5b-92e3-fd5fd737dd5a" /><TestMethod codeBase="D:\Users\Steve Knipmeyer\Documents\GitHub\ModelRelief\ModelRelief.test\bin\Debug\netcoreapp2.0\ModelRelief.Test.dll" adapterTypeName="executor://xunit/VsTestRunner2/netcoreapp" className="ModelRelief.Test.Integration.DepthBuffers.DepthBuffersBaseIntegrationTests" name="Patch_InvalidEnumPropertyValueReturnsBadRequest" /></UnitTest><UnitTest name="Put_ValidReferencePropertyUpdatesModel" storage="d:\users\steve knipmeyer\documents\github\modelrelief\modelrelief.test\bin\debug\netcoreapp2.0\modelrelief.test.dll" id="5abca47c-c81b-4b47-9791-cfc22421f286"><Execution id="6b6b7b0e-fcfd-463a-8240-57b06eaba2b8" /><TestMethod codeBase="D:\Users\Steve Knipmeyer\Documents\GitHub\ModelRelief\ModelRelief.test\bin\Debug\netcoreapp2.0\ModelRelief.Test.dll" adapterTypeName="executor://xunit/VsTestRunner2/netcoreapp" className="ModelRelief.Test.Integration.MeshTransforms.MeshTransformsBaseIntegrationTests" name="Put_ValidReferencePropertyUpdatesModel" /></UnitTest><UnitTest name="Post_CanCreateNewModel" storage="d:\users\steve knipmeyer\documents\github\modelrelief\modelrelief.test\bin\debug\netcoreapp2.0\modelrelief.test.dll" id="b0ea3331-d8ab-42b1-8902-fb8997a2c7a6"><Execution id="224a97c5-5909-4d11-ae56-a4f02ce1b0ae" /><TestMethod codeBase="D:\Users\Steve Knipmeyer\Documents\GitHub\ModelRelief\ModelRelief.test\bin\Debug\netcoreapp2.0\ModelRelief.Test.dll" adapterTypeName="executor://xunit/VsTestRunner2/netcoreapp" className="ModelRelief.Test.Integration.Cameras.CamerasBaseIntegrationTests" name="Post_CanCreateNewModel" /></UnitTest><UnitTest name="Patch_MultipleInvalidReferencePropertiesReturnsMultipleValidationErrorsAndBadRequest" storage="d:\users\steve knipmeyer\documents\github\modelrelief\modelrelief.test\bin\debug\netcoreapp2.0\modelrelief.test.dll" id="5fb9f876-3c61-4b00-85dd-4367e3ca7de8"><Execution id="9deecbc7-383d-4c18-8f34-f67e345f22f5" /><TestMethod codeBase="D:\Users\Steve Knipmeyer\Documents\GitHub\ModelRelief\ModelRelief.test\bin\Debug\netcoreapp2.0\ModelRelief.Test.dll" adapterTypeName="executor://xunit/VsTestRunner2/netcoreapp" className="ModelRelief.Test.Integration.DepthBuffers.DepthBuffersBaseIntegrationTests" name="Patch_MultipleInvalidReferencePropertiesReturnsMultipleValidationErrorsAndBadRequest" /></UnitTest><UnitTest name="Patch_ValidReferencePropertyUpdatesModel" storage="d:\users\steve knipmeyer\documents\github\modelrelief\modelrelief.test\bin\debug\netcoreapp2.0\modelrelief.test.dll" id="b45376bb-e962-497f-a85c-35994a8c1461"><Execution id="68f0afc7-e67b-4720-a70b-ec1a93fb3179" /><TestMethod codeBase="D:\Users\Steve Knipmeyer\Documents\GitHub\ModelRelief\ModelRelief.test\bin\Debug\netcoreapp2.0\ModelRelief.Test.dll" adapterTypeName="executor://xunit/VsTestRunner2/netcoreapp" className="ModelRelief.Test.Integration.Meshes.MeshesBaseIntegrationTests" name="Patch_ValidReferencePropertyUpdatesModel" /></UnitTest><UnitTest name="Post_ValidReferencePropertyCreatesModel" storage="d:\users\steve knipmeyer\documents\github\modelrelief\modelrelief.test\bin\debug\netcoreapp2.0\modelrelief.test.dll" id="73c61676-758f-47a4-9e30-90e0f6e57995"><Execution id="23ea6b4e-61c9-41c8-a820-ecc01dca4a51" /><TestMethod codeBase="D:\Users\Steve Knipmeyer\Documents\GitHub\ModelRelief\ModelRelief.test\bin\Debug\netcoreapp2.0\ModelRelief.Test.dll" adapterTypeName="executor://xunit/VsTestRunner2/netcoreapp" className="ModelRelief.Test.Integration.DepthBuffers.DepthBuffersBaseIntegrationTests" name="Post_ValidReferencePropertyCreatesModel" /></UnitTest><UnitTest name="Patch_InvalidIdPropertyReturnsNotFound" storage="d:\users\steve knipmeyer\documents\github\modelrelief\modelrelief.test\bin\debug\netcoreapp2.0\modelrelief.test.dll" id="003ce11f-3cdd-4c7d-ba7f-c8089f5f73b6"><Execution id="6e4c0fdc-7db8-40c4-b27d-132dd819835c" /><TestMethod codeBase="D:\Users\Steve Knipmeyer\Documents\GitHub\ModelRelief\ModelRelief.test\bin\Debug\netcoreapp2.0\ModelRelief.Test.dll" adapterTypeName="executor://xunit/VsTestRunner2/netcoreapp" className="ModelRelief.Test.Integration.DepthBuffers.DepthBuffersBaseIntegrationTests" name="Patch_InvalidIdPropertyReturnsNotFound" /></UnitTest><UnitTest name="PutFile_FileCanBeUpdated" storage="d:\users\steve knipmeyer\documents\github\modelrelief\modelrelief.test\bin\debug\netcoreapp2.0\modelrelief.test.dll" id="ce2bc3f7-97bb-4f5a-9c91-d5874d27b5fd"><Execution id="0811df3a-d484-4ce5-8993-ac63928394a0" /><TestMethod codeBase="D:\Users\Steve Knipmeyer\Documents\GitHub\ModelRelief\ModelRelief.test\bin\Debug\netcoreapp2.0\ModelRelief.Test.dll" adapterTypeName="executor://xunit/VsTestRunner2/netcoreapp" className="ModelRelief.Test.Integration.DepthBuffers.DepthBuffersFileIntegrationTests" name="PutFile_FileCanBeUpdated" /></UnitTest><UnitTest name="Patch_ValidReferencePropertyUpdatesModel" storage="d:\users\steve knipmeyer\documents\github\modelrelief\modelrelief.test\bin\debug\netcoreapp2.0\modelrelief.test.dll" id="b86abdbc-5045-4616-96b6-1c7db48b6330"><Execution id="832e99dd-380f-4d45-8895-390502568a53" /><TestMethod codeBase="D:\Users\Steve Knipmeyer\Documents\GitHub\ModelRelief\ModelRelief.test\bin\Debug\netcoreapp2.0\ModelRelief.Test.dll" adapterTypeName="executor://xunit/VsTestRunner2/netcoreapp" className="ModelRelief.Test.Integration.DepthBuffers.DepthBuffersBaseIntegrationTests" name="Patch_ValidReferencePropertyUpdatesModel" /></UnitTest><UnitTest name="Put_ValidReferencePropertyUpdatesModel" storage="d:\users\steve knipmeyer\documents\github\modelrelief\modelrelief.test\bin\debug\netcoreapp2.0\modelrelief.test.dll" id="67ae0f9e-454d-4c8f-9f45-b7f851b75ed3"><Execution id="f5ab04cf-34a2-4c2a-82c2-f1e20eb733fa" /><TestMethod codeBase="D:\Users\Steve Knipmeyer\Documents\GitHub\ModelRelief\ModelRelief.test\bin\Debug\netcoreapp2.0\ModelRelief.Test.dll" adapterTypeName="executor://xunit/VsTestRunner2/netcoreapp" className="ModelRelief.Test.Integration.Projects.ProjectsBaseIntegrationTests" name="Put_ValidReferencePropertyUpdatesModel" /></UnitTest><UnitTest name="Patch_InvalidEnumPropertyValueReturnsBadRequest" storage="d:\users\steve knipmeyer\documents\github\modelrelief\modelrelief.test\bin\debug\netcoreapp2.0\modelrelief.test.dll" id="3f93b618-b52d-4bde-9487-dfc16bca922d"><Execution id="89f51cb6-cc77-498c-8386-4af549776134" /><TestMethod codeBase="D:\Users\Steve Knipmeyer\Documents\GitHub\ModelRelief\ModelRelief.test\bin\Debug\netcoreapp2.0\ModelRelief.Test.dll" adapterTypeName="executor://xunit/VsTestRunner2/netcoreapp" className="ModelRelief.Test.Integration.Meshes.MeshesBaseIntegrationTests" name="Patch_InvalidEnumPropertyValueReturnsBadRequest" /></UnitTest><UnitTest name="Post_ValidReferencePropertyCreatesModel" storage="d:\users\steve knipmeyer\documents\github\modelrelief\modelrelief.test\bin\debug\netcoreapp2.0\modelrelief.test.dll" id="8d08ffcf-1f20-49c8-8281-085e162e7a6a"><Execution id="b12be02a-01c1-49dd-89d9-851014d9f06c" /><TestMethod codeBase="D:\Users\Steve Knipmeyer\Documents\GitHub\ModelRelief\ModelRelief.test\bin\Debug\netcoreapp2.0\ModelRelief.Test.dll" adapterTypeName="executor://xunit/VsTestRunner2/netcoreapp" className="ModelRelief.Test.Integration.Cameras.CamerasBaseIntegrationTests" name="Post_ValidReferencePropertyCreatesModel" /></UnitTest><UnitTest name="Patch_InvalidReferencePropertyReturnsBadRequest" storage="d:\users\steve knipmeyer\documents\github\modelrelief\modelrelief.test\bin\debug\netcoreapp2.0\modelrelief.test.dll" id="ba2e1bd5-cebf-4260-8695-74cb3aa66ac0"><Execution id="8c74896d-ca57-45f3-ba52-10e8fd79b442" /><TestMethod codeBase="D:\Users\Steve Knipmeyer\Documents\GitHub\ModelRelief\ModelRelief.test\bin\Debug\netcoreapp2.0\ModelRelief.Test.dll" adapterTypeName="executor://xunit/VsTestRunner2/netcoreapp" className="ModelRelief.Test.Integration.MeshTransforms.MeshTransformsBaseIntegrationTests" name="Patch_InvalidReferencePropertyReturnsBadRequest" /></UnitTest><UnitTest name="Delete_TargetModelIsDeleted" storage="d:\users\steve knipmeyer\documents\github\modelrelief\modelrelief.test\bin\debug\netcoreapp2.0\modelrelief.test.dll" id="616f5950-0ff2-433c-a800-d4c563621706"><Execution id="d45e829f-00f1-4e86-8435-ac4cf222cfbc" /><TestMethod codeBase="D:\Users\Steve Knipmeyer\Documents\GitHub\ModelRelief\ModelRelief.test\bin\Debug\netcoreapp2.0\ModelRelief.Test.dll" adapterTypeName="executor://xunit/VsTestRunner2/netcoreapp" className="ModelRelief.Test.Integration.Cameras.CamerasBaseIntegrationTests" name="Delete_TargetModelIsDeleted" /></UnitTest><UnitTest name="GetList_ListReturnsCorrectCount" storage="d:\users\steve knipmeyer\documents\github\modelrelief\modelrelief.test\bin\debug\netcoreapp2.0\modelrelief.test.dll" id="748f87a5-8069-4ec0-9423-3b6178977a1f"><Execution id="9a23332e-8da9-4623-a247-9c4d40b46add" /><TestMethod codeBase="D:\Users\Steve Knipmeyer\Documents\GitHub\ModelRelief\ModelRelief.test\bin\Debug\netcoreapp2.0\ModelRelief.Test.dll" adapterTypeName="executor://xunit/VsTestRunner2/netcoreapp" className="ModelRelief.Test.Integration.MeshTransforms.MeshTransformsBaseIntegrationTests" name="GetList_ListReturnsCorrectCount" /></UnitTest><UnitTest name="GetSingle_InvalidIdPropertyValueReturnsNotFound" storage="d:\users\steve knipmeyer\documents\github\modelrelief\modelrelief.test\bin\debug\netcoreapp2.0\modelrelief.test.dll" id="09439151-b3a3-4c59-9a6f-aa78e8f7b762"><Execution id="7ceb1186-cf88-4a03-9a01-4d57c37e6cdb" /><TestMethod codeBase="D:\Users\Steve Knipmeyer\Documents\GitHub\ModelRelief\ModelRelief.test\bin\Debug\netcoreapp2.0\ModelRelief.Test.dll" adapterTypeName="executor://xunit/VsTestRunner2/netcoreapp" className="ModelRelief.Test.Integration.Cameras.CamerasBaseIntegrationTests" name="GetSingle_InvalidIdPropertyValueReturnsNotFound" /></UnitTest><UnitTest name="Post_InvalidReferencePropertyReturnsBadRequest" storage="d:\users\steve knipmeyer\documents\github\modelrelief\modelrelief.test\bin\debug\netcoreapp2.0\modelrelief.test.dll" id="6c13f9cf-affd-4564-9218-d56882d5bcf1"><Execution id="7c792200-1bae-4446-bd4b-2d3000aaea9a" /><TestMethod codeBase="D:\Users\Steve Knipmeyer\Documents\GitHub\ModelRelief\ModelRelief.test\bin\Debug\netcoreapp2.0\ModelRelief.Test.dll" adapterTypeName="executor://xunit/VsTestRunner2/netcoreapp" className="ModelRelief.Test.Integration.DepthBuffers.DepthBuffersBaseIntegrationTests" name="Post_InvalidReferencePropertyReturnsBadRequest" /></UnitTest><UnitTest name="Patch_InvalidPropertyNameReturnsBadRequest" storage="d:\users\steve knipmeyer\documents\github\modelrelief\modelrelief.test\bin\debug\netcoreapp2.0\modelrelief.test.dll" id="52cca166-725b-4b4e-bb68-06d76fc92e38"><Execution id="dec8b1aa-9782-4450-8b01-25a0aeaffe4a" /><TestMethod codeBase="D:\Users\Steve Knipmeyer\Documents\GitHub\ModelRelief\ModelRelief.test\bin\Debug\netcoreapp2.0\ModelRelief.Test.dll" adapterTypeName="executor://xunit/VsTestRunner2/netcoreapp" className="ModelRelief.Test.Integration.Projects.ProjectsBaseIntegrationTests" name="Patch_InvalidPropertyNameReturnsBadRequest" /></UnitTest><UnitTest name="Delete_TargetModelIsDeleted" storage="d:\users\steve knipmeyer\documents\github\modelrelief\modelrelief.test\bin\debug\netcoreapp2.0\modelrelief.test.dll" id="08eb6161-208e-4d70-bf3e-371e742f3299"><Execution id="af97bc4b-b432-411c-aac0-188ec1dcdc37" /><TestMethod codeBase="D:\Users\Steve Knipmeyer\Documents\GitHub\ModelRelief\ModelRelief.test\bin\Debug\netcoreapp2.0\ModelRelief.Test.dll" adapterTypeName="executor://xunit/VsTestRunner2/netcoreapp" className="ModelRelief.Test.Integration.DepthBuffers.DepthBuffersBaseIntegrationTests" name="Delete_TargetModelIsDeleted" /></UnitTest><UnitTest name="Put_InvalidIdReturnsNotFound" storage="d:\users\steve knipmeyer\documents\github\modelrelief\modelrelief.test\bin\debug\netcoreapp2.0\modelrelief.test.dll" id="2cb16a5b-df70-462c-a22a-e49192a1bbf4"><Execution id="91dd2757-fe06-4216-bc35-3e906b0f917f" /><TestMethod codeBase="D:\Users\Steve Knipmeyer\Documents\GitHub\ModelRelief\ModelRelief.test\bin\Debug\netcoreapp2.0\ModelRelief.Test.dll" adapterTypeName="executor://xunit/VsTestRunner2/netcoreapp" className="ModelRelief.Test.Integration.Models.ModelsBaseIntegrationTests" name="Put_InvalidIdReturnsNotFound" /></UnitTest><UnitTest name="Patch_InvalidReferencePropertyReturnsBadRequest" storage="d:\users\steve knipmeyer\documents\github\modelrelief\modelrelief.test\bin\debug\netcoreapp2.0\modelrelief.test.dll" id="36cb0228-9a2c-4d7d-99e4-4c3e9200fc7a"><Execution id="7352349d-7bec-4748-882d-86a3260cfef0" /><TestMethod codeBase="D:\Users\Steve Knipmeyer\Documents\GitHub\ModelRelief\ModelRelief.test\bin\Debug\netcoreapp2.0\ModelRelief.Test.dll" adapterTypeName="executor://xunit/VsTestRunner2/netcoreapp" className="ModelRelief.Test.Integration.DepthBuffers.DepthBuffersBaseIntegrationTests" name="Patch_InvalidReferencePropertyReturnsBadRequest" /></UnitTest><UnitTest name="Patch_TargetPropertyIsUpdated" storage="d:\users\steve knipmeyer\documents\github\modelrelief\modelrelief.test\bin\debug\netcoreapp2.0\modelrelief.test.dll" id="6162e193-4744-4060-b43b-7e59587b90b8"><Execution id="17473347-7362-4bff-9b02-fbeca89894ee" /><TestMethod codeBase="D:\Users\Steve Knipmeyer\Documents\GitHub\ModelRelief\ModelRelief.test\bin\Debug\netcoreapp2.0\ModelRelief.Test.dll" adapterTypeName="executor://xunit/VsTestRunner2/netcoreapp" className="ModelRelief.Test.Integration.DepthBuffers.DepthBuffersBaseIntegrationTests" name="Patch_TargetPropertyIsUpdated" /></UnitTest><UnitTest name="Model3dHasExpectedDependentFiles" storage="d:\users\steve knipmeyer\documents\github\modelrelief\modelrelief.test\bin\debug\netcoreapp2.0\modelrelief.test.dll" id="da7c7361-227f-4720-a429-33f2a990afc5"><Execution id="eee573e2-ee64-40e8-810e-c5786376d365" /><TestMethod codeBase="D:\Users\Steve Knipmeyer\Documents\GitHub\ModelRelief\ModelRelief.test\bin\Debug\netcoreapp2.0\ModelRelief.Test.dll" adapterTypeName="executor://xunit/VsTestRunner2/netcoreapp" className="ModelRelief.Test.Unit.DependencyManager.DependencyManagerTests" name="Model3dHasExpectedDependentFiles" /></UnitTest><UnitTest name="Patch_MultipleInvalidReferencePropertiesReturnsMultipleValidationErrorsAndBadRequest" storage="d:\users\steve knipmeyer\documents\github\modelrelief\modelrelief.test\bin\debug\netcoreapp2.0\modelrelief.test.dll" id="0170107e-cfae-45fe-a88d-ec474e47d465"><Execution id="0a2f8eac-7424-469c-9823-ccf37bd326fb" /><TestMethod codeBase="D:\Users\Steve Knipmeyer\Documents\GitHub\ModelRelief\ModelRelief.test\bin\Debug\netcoreapp2.0\ModelRelief.Test.dll" adapterTypeName="executor://xunit/VsTestRunner2/netcoreapp" className="ModelRelief.Test.Integration.MeshTransforms.MeshTransformsBaseIntegrationTests" name="Patch_MultipleInvalidReferencePropertiesReturnsMultipleValidationErrorsAndBadRequest" /></UnitTest><UnitTest name="GetList_ListReturnsCorrectCount" storage="d:\users\steve knipmeyer\documents\github\modelrelief\modelrelief.test\bin\debug\netcoreapp2.0\modelrelief.test.dll" id="b27828b5-d06c-4cf5-9cff-26b4927d187d"><Execution id="cc3ef33d-ef04-4568-af4b-082319e421c8" /><TestMethod codeBase="D:\Users\Steve Knipmeyer\Documents\GitHub\ModelRelief\ModelRelief.test\bin\Debug\netcoreapp2.0\ModelRelief.Test.dll" adapterTypeName="executor://xunit/VsTestRunner2/netcoreapp" className="ModelRelief.Test.Integration.Projects.ProjectsBaseIntegrationTests" name="GetList_ListReturnsCorrectCount" /></UnitTest><UnitTest name="Patch_InvalidPropertyNameReturnsBadRequest" storage="d:\users\steve knipmeyer\documents\github\modelrelief\modelrelief.test\bin\debug\netcoreapp2.0\modelrelief.test.dll" id="1c74ec91-3e95-416f-b2c0-62d715047cb1"><Execution id="20042156-744b-44b3-ab56-a561072901f7" /><TestMethod codeBase="D:\Users\Steve Knipmeyer\Documents\GitHub\ModelRelief\ModelRelief.test\bin\Debug\netcoreapp2.0\ModelRelief.Test.dll" adapterTypeName="executor://xunit/VsTestRunner2/netcoreapp" className="ModelRelief.Test.Integration.Meshes.MeshesBaseIntegrationTests" name="Patch_InvalidPropertyNameReturnsBadRequest" /></UnitTest><UnitTest name="PutFile_FileCanBeUpdated" storage="d:\users\steve knipmeyer\documents\github\modelrelief\modelrelief.test\bin\debug\netcoreapp2.0\modelrelief.test.dll" id="03a76592-35ac-4241-a6f4-e8f3923fe768"><Execution id="9dffed69-41b6-4790-bcbb-457770fba9df" /><TestMethod codeBase="D:\Users\Steve Knipmeyer\Documents\GitHub\ModelRelief\ModelRelief.test\bin\Debug\netcoreapp2.0\ModelRelief.Test.dll" adapterTypeName="executor://xunit/VsTestRunner2/netcoreapp" className="ModelRelief.Test.Integration.Meshes.MeshesFileIntegrationTests" name="PutFile_FileCanBeUpdated" /></UnitTest><UnitTest name="PostFile_FileIsSynchronizedIsUpdatedAfterFileIsPosted" storage="d:\users\steve knipmeyer\documents\github\modelrelief\modelrelief.test\bin\debug\netcoreapp2.0\modelrelief.test.dll" id="a4f4585f-fa88-4de2-9564-c7d90110465d"><Execution id="785773ec-2452-482e-adc3-633aa83db8b7" /><TestMethod codeBase="D:\Users\Steve Knipmeyer\Documents\GitHub\ModelRelief\ModelRelief.test\bin\Debug\netcoreapp2.0\ModelRelief.Test.dll" adapterTypeName="executor://xunit/VsTestRunner2/netcoreapp" className="ModelRelief.Test.Integration.Models.ModelsFileIntegrationTests" name="PostFile_FileIsSynchronizedIsUpdatedAfterFileIsPosted" /></UnitTest><UnitTest name="Post_InvalidPropertyValueReturnsBadRequest" storage="d:\users\steve knipmeyer\documents\github\modelrelief\modelrelief.test\bin\debug\netcoreapp2.0\modelrelief.test.dll" id="658ab7de-11ed-4a3a-bbed-4342f2e56aaf"><Execution id="b17cd3e1-4932-442d-ab65-dd1ea5bb98b8" /><TestMethod codeBase="D:\Users\Steve Knipmeyer\Documents\GitHub\ModelRelief\ModelRelief.test\bin\Debug\netcoreapp2.0\ModelRelief.Test.dll" adapterTypeName="executor://xunit/VsTestRunner2/netcoreapp" className="ModelRelief.Test.Integration.Meshes.MeshesBaseIntegrationTests" name="Post_InvalidPropertyValueReturnsBadRequest" /></UnitTest><UnitTest name="GetSingle_InvalidIdPropertyValueReturnsNotFound" storage="d:\users\steve knipmeyer\documents\github\modelrelief\modelrelief.test\bin\debug\netcoreapp2.0\modelrelief.test.dll" id="afa8ddc5-2e12-490d-b214-31587183e608"><Execution id="48ab69a1-157e-4beb-b1f1-05315a13c8fe" /><TestMethod codeBase="D:\Users\Steve Knipmeyer\Documents\GitHub\ModelRelief\ModelRelief.test\bin\Debug\netcoreapp2.0\ModelRelief.Test.dll" adapterTypeName="executor://xunit/VsTestRunner2/netcoreapp" className="ModelRelief.Test.Integration.Projects.ProjectsBaseIntegrationTests" name="GetSingle_InvalidIdPropertyValueReturnsNotFound" /></UnitTest><UnitTest name="PutFile_NewFileCanBePut" storage="d:\users\steve knipmeyer\documents\github\modelrelief\modelrelief.test\bin\debug\netcoreapp2.0\modelrelief.test.dll" id="5d9e30f7-f4d5-4402-9541-a99b290dc725"><Execution id="59e9ceb5-3930-40ab-bf5b-c38fcf426544" /><TestMethod codeBase="D:\Users\Steve Knipmeyer\Documents\GitHub\ModelRelief\ModelRelief.test\bin\Debug\netcoreapp2.0\ModelRelief.Test.dll" adapterTypeName="executor://xunit/VsTestRunner2/netcoreapp" className="ModelRelief.Test.Integration.Models.ModelsFileIntegrationTests" name="PutFile_NewFileCanBePut" /></UnitTest><UnitTest name="Patch_InvalidIdPropertyReturnsNotFound" storage="d:\users\steve knipmeyer\documents\github\modelrelief\modelrelief.test\bin\debug\netcoreapp2.0\modelrelief.test.dll" id="5d95d7a3-d118-4cfa-88ab-3e5f575e5d5e"><Execution id="966cc77c-2775-4b9c-b944-e56579112382" /><TestMethod codeBase="D:\Users\Steve Knipmeyer\Documents\GitHub\ModelRelief\ModelRelief.test\bin\Debug\netcoreapp2.0\ModelRelief.Test.dll" adapterTypeName="executor://xunit/VsTestRunner2/netcoreapp" className="ModelRelief.Test.Integration.Models.ModelsBaseIntegrationTests" name="Patch_InvalidIdPropertyReturnsNotFound" /></UnitTest><UnitTest name="Put_CanUpdateModel" storage="d:\users\steve knipmeyer\documents\github\modelrelief\modelrelief.test\bin\debug\netcoreapp2.0\modelrelief.test.dll" id="54adc6f2-3f52-481f-aacf-c8d19bed49b3"><Execution id="afe07296-1cf7-4de4-b95d-e4763a9e2787" /><TestMethod codeBase="D:\Users\Steve Knipmeyer\Documents\GitHub\ModelRelief\ModelRelief.test\bin\Debug\netcoreapp2.0\ModelRelief.Test.dll" adapterTypeName="executor://xunit/VsTestRunner2/netcoreapp" className="ModelRelief.Test.Integration.MeshTransforms.MeshTransformsBaseIntegrationTests" name="Put_CanUpdateModel" /></UnitTest><UnitTest name="Put_InvalidReferencePropertyReturndBadRequest" storage="d:\users\steve knipmeyer\documents\github\modelrelief\modelrelief.test\bin\debug\netcoreapp2.0\modelrelief.test.dll" id="733b2c6e-39fa-4497-85a3-4aa6a8f8d4cf"><Execution id="a972f7d3-62e2-4da0-9318-ea107da7d7e7" /><TestMethod codeBase="D:\Users\Steve Knipmeyer\Documents\GitHub\ModelRelief\ModelRelief.test\bin\Debug\netcoreapp2.0\ModelRelief.Test.dll" adapterTypeName="executor://xunit/VsTestRunner2/netcoreapp" className="ModelRelief.Test.Integration.Cameras.CamerasBaseIntegrationTests" name="Put_InvalidReferencePropertyReturndBadRequest" /></UnitTest><UnitTest name="DepthBufferHasExpectedDependentFiles" storage="d:\users\steve knipmeyer\documents\github\modelrelief\modelrelief.test\bin\debug\netcoreapp2.0\modelrelief.test.dll" id="d50d6c02-6633-4322-a23b-8b089becd356"><Execution id="5feaf277-aadb-43a0-92d8-bb3891a2ba78" /><TestMethod codeBase="D:\Users\Steve Knipmeyer\Documents\GitHub\ModelRelief\ModelRelief.test\bin\Debug\netcoreapp2.0\ModelRelief.Test.dll" adapterTypeName="executor://xunit/VsTestRunner2/netcoreapp" className="ModelRelief.Test.Unit.DependencyManager.DependencyManagerTests" name="DepthBufferHasExpectedDependentFiles" /></UnitTest><UnitTest name="Post_CanCreateNewModel" storage="d:\users\steve knipmeyer\documents\github\modelrelief\modelrelief.test\bin\debug\netcoreapp2.0\modelrelief.test.dll" id="4d1b980e-bc4e-4418-82e4-40765de53c34"><Execution id="e8001327-7f14-4216-930c-881a93c2f12c" /><TestMethod codeBase="D:\Users\Steve Knipmeyer\Documents\GitHub\ModelRelief\ModelRelief.test\bin\Debug\netcoreapp2.0\ModelRelief.Test.dll" adapterTypeName="executor://xunit/VsTestRunner2/netcoreapp" className="ModelRelief.Test.Integration.MeshTransforms.MeshTransformsBaseIntegrationTests" name="Post_CanCreateNewModel" /></UnitTest><UnitTest name="FileRequest_DepthBufferIsInvalidatedAfterCameraDependencyPropertyChange" storage="d:\users\steve knipmeyer\documents\github\modelrelief\modelrelief.test\bin\debug\netcoreapp2.0\modelrelief.test.dll" id="7ef958d5-b0af-4de6-9023-20567b845c75"><Execution id="0116ab02-67f3-4ad2-b54f-51d5d58a2b27" /><TestMethod codeBase="D:\Users\Steve Knipmeyer\Documents\GitHub\ModelRelief\ModelRelief.test\bin\Debug\netcoreapp2.0\ModelRelief.Test.dll" adapterTypeName="executor://xunit/VsTestRunner2/netcoreapp" className="ModelRelief.Test.Integration.DepthBuffers.DepthBuffersFileIntegrationTests" name="FileRequest_DepthBufferIsInvalidatedAfterCameraDependencyPropertyChange" /></UnitTest><UnitTest name="Delete_TargetModelIsDeleted" storage="d:\users\steve knipmeyer\documents\github\modelrelief\modelrelief.test\bin\debug\netcoreapp2.0\modelrelief.test.dll" id="8dd638d7-b9a1-4118-8b6d-8fc9a086ad9e"><Execution id="34c79204-b967-43bd-a96a-3db0463b9c42" /><TestMethod codeBase="D:\Users\Steve Knipmeyer\Documents\GitHub\ModelRelief\ModelRelief.test\bin\Debug\netcoreapp2.0\ModelRelief.Test.dll" adapterTypeName="executor://xunit/VsTestRunner2/netcoreapp" className="ModelRelief.Test.Integration.Meshes.MeshesBaseIntegrationTests" name="Delete_TargetModelIsDeleted" /></UnitTest><UnitTest name="Patch_TargetPropertyIsUpdated" storage="d:\users\steve knipmeyer\documents\github\modelrelief\modelrelief.test\bin\debug\netcoreapp2.0\modelrelief.test.dll" id="492d64f5-7781-4c81-9cc3-e57001181869"><Execution id="b980e48e-3b86-4dc9-9a0c-547373fc6c60" /><TestMethod codeBase="D:\Users\Steve Knipmeyer\Documents\GitHub\ModelRelief\ModelRelief.test\bin\Debug\netcoreapp2.0\ModelRelief.Test.dll" adapterTypeName="executor://xunit/VsTestRunner2/netcoreapp" className="ModelRelief.Test.Integration.Projects.ProjectsBaseIntegrationTests" name="Patch_TargetPropertyIsUpdated" /></UnitTest><UnitTest name="Patch_TargetPropertyIsUpdated" storage="d:\users\steve knipmeyer\documents\github\modelrelief\modelrelief.test\bin\debug\netcoreapp2.0\modelrelief.test.dll" id="45d56d02-6ea2-44cb-8f65-c94fa9ee3fe6"><Execution id="0d84e87a-833d-4125-b158-81ffd2a49124" /><TestMethod codeBase="D:\Users\Steve Knipmeyer\Documents\GitHub\ModelRelief\ModelRelief.test\bin\Debug\netcoreapp2.0\ModelRelief.Test.dll" adapterTypeName="executor://xunit/VsTestRunner2/netcoreapp" className="ModelRelief.Test.Integration.MeshTransforms.MeshTransformsBaseIntegrationTests" name="Patch_TargetPropertyIsUpdated" /></UnitTest><UnitTest name="Patch_InvalidPropertyNameReturnsBadRequest" storage="d:\users\steve knipmeyer\documents\github\modelrelief\modelrelief.test\bin\debug\netcoreapp2.0\modelrelief.test.dll" id="b3f88b62-02bf-44d0-9e03-8969d86fb15c"><Execution id="df2fe824-4b27-420b-81d9-0a5cb664d79f" /><TestMethod codeBase="D:\Users\Steve Knipmeyer\Documents\GitHub\ModelRelief\ModelRelief.test\bin\Debug\netcoreapp2.0\ModelRelief.Test.dll" adapterTypeName="executor://xunit/VsTestRunner2/netcoreapp" className="ModelRelief.Test.Integration.MeshTransforms.MeshTransformsBaseIntegrationTests" name="Patch_InvalidPropertyNameReturnsBadRequest" /></UnitTest><UnitTest name="Put_CanUpdateModel" storage="d:\users\steve knipmeyer\documents\github\modelrelief\modelrelief.test\bin\debug\netcoreapp2.0\modelrelief.test.dll" id="c26d3729-7b03-4806-8041-619e4b89ab2d"><Execution id="7258e3f7-2cae-4112-a661-7608f594d11b" /><TestMethod codeBase="D:\Users\Steve Knipmeyer\Documents\GitHub\ModelRelief\ModelRelief.test\bin\Debug\netcoreapp2.0\ModelRelief.Test.dll" adapterTypeName="executor://xunit/VsTestRunner2/netcoreapp" className="ModelRelief.Test.Integration.Models.ModelsBaseIntegrationTests" name="Put_CanUpdateModel" /></UnitTest><UnitTest name="Post_InvalidPropertyValueReturnsBadRequest" storage="d:\users\steve knipmeyer\documents\github\modelrelief\modelrelief.test\bin\debug\netcoreapp2.0\modelrelief.test.dll" id="b56f0370-3365-4865-b68d-125dfa719e93"><Execution id="f72d40fb-e962-4c3c-be7f-ede139ae70e2" /><TestMethod codeBase="D:\Users\Steve Knipmeyer\Documents\GitHub\ModelRelief\ModelRelief.test\bin\Debug\netcoreapp2.0\ModelRelief.Test.dll" adapterTypeName="executor://xunit/VsTestRunner2/netcoreapp" className="ModelRelief.Test.Integration.Models.ModelsBaseIntegrationTests" name="Post_InvalidPropertyValueReturnsBadRequest" /></UnitTest><UnitTest name="Put_InvalidIdReturnsNotFound" storage="d:\users\steve knipmeyer\documents\github\modelrelief\modelrelief.test\bin\debug\netcoreapp2.0\modelrelief.test.dll" id="d58cd084-fe22-43f0-859c-b7a1645cc076"><Execution id="c33b9f77-0d79-47dc-b55c-f29d70c4c10a" /><TestMethod codeBase="D:\Users\Steve Knipmeyer\Documents\GitHub\ModelRelief\ModelRelief.test\bin\Debug\netcoreapp2.0\ModelRelief.Test.dll" adapterTypeName="executor://xunit/VsTestRunner2/netcoreapp" className="ModelRelief.Test.Integration.Projects.ProjectsBaseIntegrationTests" name="Put_InvalidIdReturnsNotFound" /></UnitTest><UnitTest name="PostFile_FileIsSynchronizedIsUpdatedAfterFileIsPosted" storage="d:\users\steve knipmeyer\documents\github\modelrelief\modelrelief.test\bin\debug\netcoreapp2.0\modelrelief.test.dll" id="8279d1bb-0998-4b2e-91da-378367565b7f"><Execution id="92032951-9d36-48d9-b631-2c5cde2bde2f" /><TestMethod codeBase="D:\Users\Steve Knipmeyer\Documents\GitHub\ModelRelief\ModelRelief.test\bin\Debug\netcoreapp2.0\ModelRelief.Test.dll" adapterTypeName="executor://xunit/VsTestRunner2/netcoreapp" className="ModelRelief.Test.Integration.DepthBuffers.DepthBuffersFileIntegrationTests" name="PostFile_FileIsSynchronizedIsUpdatedAfterFileIsPosted" /></UnitTest><UnitTest name="Post_InvalidReferencePropertyReturnsBadRequest" storage="d:\users\steve knipmeyer\documents\github\modelrelief\modelrelief.test\bin\debug\netcoreapp2.0\modelrelief.test.dll" id="c72e1910-21e1-4da3-b3fa-73ebff7b4152"><Execution id="e93303d0-4891-478a-9c72-354e74fe0a76" /><TestMethod codeBase="D:\Users\Steve Knipmeyer\Documents\GitHub\ModelRelief\ModelRelief.test\bin\Debug\netcoreapp2.0\ModelRelief.Test.dll" adapterTypeName="executor://xunit/VsTestRunner2/netcoreapp" className="ModelRelief.Test.Integration.Meshes.MeshesBaseIntegrationTests" name="Post_InvalidReferencePropertyReturnsBadRequest" /></UnitTest><UnitTest name="Put_ValidReferencePropertyUpdatesModel" storage="d:\users\steve knipmeyer\documents\github\modelrelief\modelrelief.test\bin\debug\netcoreapp2.0\modelrelief.test.dll" id="dfb97ba9-348d-4873-8891-67e7b0826b66"><Execution id="055e0f20-b9dd-4164-8bab-4919112105cf" /><TestMethod codeBase="D:\Users\Steve Knipmeyer\Documents\GitHub\ModelRelief\ModelRelief.test\bin\Debug\netcoreapp2.0\ModelRelief.Test.dll" adapterTypeName="executor://xunit/VsTestRunner2/netcoreapp" className="ModelRelief.Test.Integration.Meshes.MeshesBaseIntegrationTests" name="Put_ValidReferencePropertyUpdatesModel" /></UnitTest><UnitTest name="Patch_MultipleInvalidReferencePropertiesReturnsMultipleValidationErrorsAndBadRequest" storage="d:\users\steve knipmeyer\documents\github\modelrelief\modelrelief.test\bin\debug\netcoreapp2.0\modelrelief.test.dll" id="a7ec9c3e-02c6-48c9-9fb7-59436fd0718f"><Execution id="c705fa25-4382-448b-970a-207810ab6a2a" /><TestMethod codeBase="D:\Users\Steve Knipmeyer\Documents\GitHub\ModelRelief\ModelRelief.test\bin\Debug\netcoreapp2.0\ModelRelief.Test.dll" adapterTypeName="executor://xunit/VsTestRunner2/netcoreapp" className="ModelRelief.Test.Integration.Models.ModelsBaseIntegrationTests" name="Patch_MultipleInvalidReferencePropertiesReturnsMultipleValidationErrorsAndBadRequest" /></UnitTest><UnitTest name="FileRequest_MeshGenerateSetsFileIsSynchronized" storage="d:\users\steve knipmeyer\documents\github\modelrelief\modelrelief.test\bin\debug\netcoreapp2.0\modelrelief.test.dll" id="59ea43d8-fa23-42d7-95af-aae9ed076a36"><Execution id="28d65d2c-4fc5-4d63-9f85-027320ad59da" /><TestMethod codeBase="D:\Users\Steve Knipmeyer\Documents\GitHub\ModelRelief\ModelRelief.test\bin\Debug\netcoreapp2.0\ModelRelief.Test.dll" adapterTypeName="executor://xunit/VsTestRunner2/netcoreapp" className="ModelRelief.Test.Integration.Meshes.MeshesFileIntegrationTests" name="FileRequest_MeshGenerateSetsFileIsSynchronized" /></UnitTest><UnitTest name="Post_CanCreateNewModel" storage="d:\users\steve knipmeyer\documents\github\modelrelief\modelrelief.test\bin\debug\netcoreapp2.0\modelrelief.test.dll" id="36516cfe-8347-44a5-a303-f6b5aa48b4e9"><Execution id="d893c40c-704c-449b-b4cf-c428b6dd1fda" /><TestMethod codeBase="D:\Users\Steve Knipmeyer\Documents\GitHub\ModelRelief\ModelRelief.test\bin\Debug\netcoreapp2.0\ModelRelief.Test.dll" adapterTypeName="executor://xunit/VsTestRunner2/netcoreapp" className="ModelRelief.Test.Integration.DepthBuffers.DepthBuffersBaseIntegrationTests" name="Post_CanCreateNewModel" /></UnitTest><UnitTest name="Patch_InvalidReferencePropertyReturnsBadRequest" storage="d:\users\steve knipmeyer\documents\github\modelrelief\modelrelief.test\bin\debug\netcoreapp2.0\modelrelief.test.dll" id="211f28ff-7624-49eb-9d7a-e1d7ac4a4ee5"><Execution id="09e140ac-9e2f-4b21-b28b-98a7ce0f8603" /><TestMethod codeBase="D:\Users\Steve Knipmeyer\Documents\GitHub\ModelRelief\ModelRelief.test\bin\Debug\netcoreapp2.0\ModelRelief.Test.dll" adapterTypeName="executor://xunit/VsTestRunner2/netcoreapp" className="ModelRelief.Test.Integration.Models.ModelsBaseIntegrationTests" name="Patch_InvalidReferencePropertyReturnsBadRequest" /></UnitTest><UnitTest name="GetFile_ExistingFileReturnsSuccess" storage="d:\users\steve knipmeyer\documents\github\modelrelief\modelrelief.test\bin\debug\netcoreapp2.0\modelrelief.test.dll" id="fc66538b-cbaa-478c-98aa-db2dc5e6db70"><Execution id="72f96d51-6e0d-4a30-8b39-52732f33c89f" /><TestMethod codeBase="D:\Users\Steve Knipmeyer\Documents\GitHub\ModelRelief\ModelRelief.test\bin\Debug\netcoreapp2.0\ModelRelief.Test.dll" adapterTypeName="executor://xunit/VsTestRunner2/netcoreapp" className="ModelRelief.Test.Integration.Meshes.MeshesFileIntegrationTests" name="GetFile_ExistingFileReturnsSuccess" /></UnitTest><UnitTest name="Patch_InvalidEnumPropertyValueReturnsBadRequest" storage="d:\users\steve knipmeyer\documents\github\modelrelief\modelrelief.test\bin\debug\netcoreapp2.0\modelrelief.test.dll" id="2e8e6141-0194-459f-98a8-5d5c10f9b57d"><Execution id="9eb89d0e-4cd4-4d03-bff8-412a80b2226e" /><TestMethod codeBase="D:\Users\Steve Knipmeyer\Documents\GitHub\ModelRelief\ModelRelief.test\bin\Debug\netcoreapp2.0\ModelRelief.Test.dll" adapterTypeName="executor://xunit/VsTestRunner2/netcoreapp" className="ModelRelief.Test.Integration.Cameras.CamerasBaseIntegrationTests" name="Patch_InvalidEnumPropertyValueReturnsBadRequest" /></UnitTest><UnitTest name="Delete_TargetModelIsDeleted" storage="d:\users\steve knipmeyer\documents\github\modelrelief\modelrelief.test\bin\debug\netcoreapp2.0\modelrelief.test.dll" id="cc3c9cdc-938a-4aae-a1ab-af193c2d1fea"><Execution id="660a6f8b-0cc7-4954-8107-ec78ecc0865c" /><TestMethod codeBase="D:\Users\Steve Knipmeyer\Documents\GitHub\ModelRelief\ModelRelief.test\bin\Debug\netcoreapp2.0\ModelRelief.Test.dll" adapterTypeName="executor://xunit/VsTestRunner2/netcoreapp" className="ModelRelief.Test.Integration.MeshTransforms.MeshTransformsBaseIntegrationTests" name="Delete_TargetModelIsDeleted" /></UnitTest><UnitTest name="Put_InvalidReferencePropertyReturndBadRequest" storage="d:\users\steve knipmeyer\documents\github\modelrelief\modelrelief.test\bin\debug\netcoreapp2.0\modelrelief.test.dll" id="059b4bae-c72f-4de9-8b0f-abfcaca20693"><Execution id="54880150-1709-4a5d-b6d1-6328fbed2e09" /><TestMethod codeBase="D:\Users\Steve Knipmeyer\Documents\GitHub\ModelRelief\ModelRelief.test\bin\Debug\netcoreapp2.0\ModelRelief.Test.dll" adapterTypeName="executor://xunit/VsTestRunner2/netcoreapp" className="ModelRelief.Test.Integration.Models.ModelsBaseIntegrationTests" name="Put_InvalidReferencePropertyReturndBadRequest" /></UnitTest><UnitTest name="Put_InvalidIdReturnsNotFound" storage="d:\users\steve knipmeyer\documents\github\modelrelief\modelrelief.test\bin\debug\netcoreapp2.0\modelrelief.test.dll" id="6cc6040c-93bd-4ac3-8ce6-0c1ec0aa0416"><Execution id="2f95af20-960c-48de-bbc4-feff8765c5f8" /><TestMethod codeBase="D:\Users\Steve Knipmeyer\Documents\GitHub\ModelRelief\ModelRelief.test\bin\Debug\netcoreapp2.0\ModelRelief.Test.dll" adapterTypeName="executor://xunit/VsTestRunner2/netcoreapp" className="ModelRelief.Test.Integration.DepthBuffers.DepthBuffersBaseIntegrationTests" name="Put_InvalidIdReturnsNotFound" /></UnitTest><UnitTest name="GetList_ListReturnsCorrectCount" storage="d:\users\steve knipmeyer\documents\github\modelrelief\modelrelief.test\bin\debug\netcoreapp2.0\modelrelief.test.dll" id="7a1cdc5a-7978-4cf0-82ba-d749cd0e1283"><Execution id="c78dae6c-432d-4a79-b071-e988a70cb93d" /><TestMethod codeBase="D:\Users\Steve Knipmeyer\Documents\GitHub\ModelRelief\ModelRelief.test\bin\Debug\netcoreapp2.0\ModelRelief.Test.dll" adapterTypeName="executor://xunit/VsTestRunner2/netcoreapp" className="ModelRelief.Test.Integration.Meshes.MeshesBaseIntegrationTests" name="GetList_ListReturnsCorrectCount" /></UnitTest><UnitTest name="Patch_InvalidEnumPropertyValueReturnsBadRequest" storage="d:\users\steve knipmeyer\documents\github\modelrelief\modelrelief.test\bin\debug\netcoreapp2.0\modelrelief.test.dll" id="df2fc2bb-e2a2-4138-ad2f-a068f8eb725e"><Execution id="5df27eae-734b-46d4-9830-3b94b1747851" /><TestMethod codeBase="D:\Users\Steve Knipmeyer\Documents\GitHub\ModelRelief\ModelRelief.test\bin\Debug\netcoreapp2.0\ModelRelief.Test.dll" adapterTypeName="executor://xunit/VsTestRunner2/netcoreapp" className="ModelRelief.Test.Integration.Models.ModelsBaseIntegrationTests" name="Patch_InvalidEnumPropertyValueReturnsBadRequest" /></UnitTest><UnitTest name="GetFile_ExistingFileReturnsSuccess" storage="d:\users\steve knipmeyer\documents\github\modelrelief\modelrelief.test\bin\debug\netcoreapp2.0\modelrelief.test.dll" id="9f11a9c1-f1b0-4fd5-b2b8-7ad3704cbf07"><Execution id="d487e23f-cd58-4851-814d-60c5e8fc1ae6" /><TestMethod codeBase="D:\Users\Steve Knipmeyer\Documents\GitHub\ModelRelief\ModelRelief.test\bin\Debug\netcoreapp2.0\ModelRelief.Test.dll" adapterTypeName="executor://xunit/VsTestRunner2/netcoreapp" className="ModelRelief.Test.Integration.Models.ModelsFileIntegrationTests" name="GetFile_ExistingFileReturnsSuccess" /></UnitTest><UnitTest name="Patch_InvalidPropertyNameReturnsBadRequest" storage="d:\users\steve knipmeyer\documents\github\modelrelief\modelrelief.test\bin\debug\netcoreapp2.0\modelrelief.test.dll" id="c958455e-eebe-4ef8-8279-e34deb57e23b"><Execution id="e71d9b4d-5f08-4d69-ba10-265851629113" /><TestMethod codeBase="D:\Users\Steve Knipmeyer\Documents\GitHub\ModelRelief\ModelRelief.test\bin\Debug\netcoreapp2.0\ModelRelief.Test.dll" adapterTypeName="executor://xunit/VsTestRunner2/netcoreapp" className="ModelRelief.Test.Integration.Cameras.CamerasBaseIntegrationTests" name="Patch_InvalidPropertyNameReturnsBadRequest" /></UnitTest><UnitTest name="Patch_InvalidEnumPropertyValueReturnsBadRequest" storage="d:\users\steve knipmeyer\documents\github\modelrelief\modelrelief.test\bin\debug\netcoreapp2.0\modelrelief.test.dll" id="57f23468-5c8d-43c1-aab3-ec9148d2d673"><Execution id="530bd259-59c4-4a30-838a-e434f4508a15" /><TestMethod codeBase="D:\Users\Steve Knipmeyer\Documents\GitHub\ModelRelief\ModelRelief.test\bin\Debug\netcoreapp2.0\ModelRelief.Test.dll" adapterTypeName="executor://xunit/VsTestRunner2/netcoreapp" className="ModelRelief.Test.Integration.Projects.ProjectsBaseIntegrationTests" name="Patch_InvalidEnumPropertyValueReturnsBadRequest" /></UnitTest><UnitTest name="Put_CanUpdateModel" storage="d:\users\steve knipmeyer\documents\github\modelrelief\modelrelief.test\bin\debug\netcoreapp2.0\modelrelief.test.dll" id="f15c186f-5f73-47e0-9bbc-37161eabe5e3"><Execution id="e462059c-8a0b-40a2-a995-8932ab70af77" /><TestMethod codeBase="D:\Users\Steve Knipmeyer\Documents\GitHub\ModelRelief\ModelRelief.test\bin\Debug\netcoreapp2.0\ModelRelief.Test.dll" adapterTypeName="executor://xunit/VsTestRunner2/netcoreapp" className="ModelRelief.Test.Integration.Projects.ProjectsBaseIntegrationTests" name="Put_CanUpdateModel" /></UnitTest><UnitTest name="Patch_ValidReferencePropertyUpdatesModel" storage="d:\users\steve knipmeyer\documents\github\modelrelief\modelrelief.test\bin\debug\netcoreapp2.0\modelrelief.test.dll" id="72c3b94b-954a-48fe-a5e9-6e74eb6d2c49"><Execution id="4ea80e6a-3186-4082-8744-d0d077b971bc" /><TestMethod codeBase="D:\Users\Steve Knipmeyer\Documents\GitHub\ModelRelief\ModelRelief.test\bin\Debug\netcoreapp2.0\ModelRelief.Test.dll" adapterTypeName="executor://xunit/VsTestRunner2/netcoreapp" className="ModelRelief.Test.Integration.Models.ModelsBaseIntegrationTests" name="Patch_ValidReferencePropertyUpdatesModel" /></UnitTest><UnitTest name="PutFile_FileCanBeUpdated" storage="d:\users\steve knipmeyer\documents\github\modelrelief\modelrelief.test\bin\debug\netcoreapp2.0\modelrelief.test.dll" id="0c2687af-e419-4f0b-b89f-55831a21e5bc"><Execution id="492003c3-457d-4ece-9fec-497e278b40b2" /><TestMethod codeBase="D:\Users\Steve Knipmeyer\Documents\GitHub\ModelRelief\ModelRelief.test\bin\Debug\netcoreapp2.0\ModelRelief.Test.dll" adapterTypeName="executor://xunit/VsTestRunner2/netcoreapp" className="ModelRelief.Test.Integration.Models.ModelsFileIntegrationTests" name="PutFile_FileCanBeUpdated" /></UnitTest><UnitTest name="Put_CanUpdateModel" storage="d:\users\steve knipmeyer\documents\github\modelrelief\modelrelief.test\bin\debug\netcoreapp2.0\modelrelief.test.dll" id="93de5c43-4d8e-4e7d-a258-a9269e2cab98"><Execution id="c3174ac0-4240-4f20-90bf-f96ce54105f9" /><TestMethod codeBase="D:\Users\Steve Knipmeyer\Documents\GitHub\ModelRelief\ModelRelief.test\bin\Debug\netcoreapp2.0\ModelRelief.Test.dll" adapterTypeName="executor://xunit/VsTestRunner2/netcoreapp" className="ModelRelief.Test.Integration.Meshes.MeshesBaseIntegrationTests" name="Put_CanUpdateModel" /></UnitTest><UnitTest name="GetList_ListReturnsCorrectCount" storage="d:\users\steve knipmeyer\documents\github\modelrelief\modelrelief.test\bin\debug\netcoreapp2.0\modelrelief.test.dll" id="61e15f7f-0489-45a4-80f2-b90833b6b2d4"><Execution id="aaf8368b-29b1-4cdc-94b3-1d087c592733" /><TestMethod codeBase="D:\Users\Steve Knipmeyer\Documents\GitHub\ModelRelief\ModelRelief.test\bin\Debug\netcoreapp2.0\ModelRelief.Test.dll" adapterTypeName="executor://xunit/VsTestRunner2/netcoreapp" className="ModelRelief.Test.Integration.Cameras.CamerasBaseIntegrationTests" name="GetList_ListReturnsCorrectCount" /></UnitTest><UnitTest name="Post_ValidReferencePropertyCreatesModel" storage="d:\users\steve knipmeyer\documents\github\modelrelief\modelrelief.test\bin\debug\netcoreapp2.0\modelrelief.test.dll" id="00d55e5d-ac35-4c58-9ee3-c0c2b9e684df"><Execution id="028b4e0d-1907-4c84-8d45-bc5f89b53944" /><TestMethod codeBase="D:\Users\Steve Knipmeyer\Documents\GitHub\ModelRelief\ModelRelief.test\bin\Debug\netcoreapp2.0\ModelRelief.Test.dll" adapterTypeName="executor://xunit/VsTestRunner2/netcoreapp" className="ModelRelief.Test.Integration.Models.ModelsBaseIntegrationTests" name="Post_ValidReferencePropertyCreatesModel" /></UnitTest><UnitTest name="PostFile_NewFileCanBePosted" storage="d:\users\steve knipmeyer\documents\github\modelrelief\modelrelief.test\bin\debug\netcoreapp2.0\modelrelief.test.dll" id="949bae17-2415-4d01-904c-9f316a447255"><Execution id="dfe32ef5-31ea-4e17-a75a-fb5a2a23495b" /><TestMethod codeBase="D:\Users\Steve Knipmeyer\Documents\GitHub\ModelRelief\ModelRelief.test\bin\Debug\netcoreapp2.0\ModelRelief.Test.dll" adapterTypeName="executor://xunit/VsTestRunner2/netcoreapp" className="ModelRelief.Test.Integration.Models.ModelsFileIntegrationTests" name="PostFile_NewFileCanBePosted" /></UnitTest><UnitTest name="Put_CanUpdateModel" storage="d:\users\steve knipmeyer\documents\github\modelrelief\modelrelief.test\bin\debug\netcoreapp2.0\modelrelief.test.dll" id="d35e2775-66fc-4455-998b-51fb83830c48"><Execution id="96ba6966-142a-4f47-8621-04dbd40f8ae7" /><TestMethod codeBase="D:\Users\Steve Knipmeyer\Documents\GitHub\ModelRelief\ModelRelief.test\bin\Debug\netcoreapp2.0\ModelRelief.Test.dll" adapterTypeName="executor://xunit/VsTestRunner2/netcoreapp" className="ModelRelief.Test.Integration.Cameras.CamerasBaseIntegrationTests" name="Put_CanUpdateModel" /></UnitTest><UnitTest name="GetFile_FileCanBeRoundTripped" storage="d:\users\steve knipmeyer\documents\github\modelrelief\modelrelief.test\bin\debug\netcoreapp2.0\modelrelief.test.dll" id="eda4d37f-321b-466f-a624-319d4cb7c4c7"><Execution id="2605dbd7-ec9b-46e0-a0d2-c906cae9085f" /><TestMethod codeBase="D:\Users\Steve Knipmeyer\Documents\GitHub\ModelRelief\ModelRelief.test\bin\Debug\netcoreapp2.0\ModelRelief.Test.dll" adapterTypeName="executor://xunit/VsTestRunner2/netcoreapp" className="ModelRelief.Test.Integration.Models.ModelsFileIntegrationTests" name="GetFile_FileCanBeRoundTripped" /></UnitTest><UnitTest name="Post_InvalidPropertyValueReturnsBadRequest" storage="d:\users\steve knipmeyer\documents\github\modelrelief\modelrelief.test\bin\debug\netcoreapp2.0\modelrelief.test.dll" id="04ef4c1f-bd4c-4f79-b44b-ba6f617b28cc"><Execution id="a37ec570-8795-4d54-ac87-fc9294a44d19" /><TestMethod codeBase="D:\Users\Steve Knipmeyer\Documents\GitHub\ModelRelief\ModelRelief.test\bin\Debug\netcoreapp2.0\ModelRelief.Test.dll" adapterTypeName="executor://xunit/VsTestRunner2/netcoreapp" className="ModelRelief.Test.Integration.MeshTransforms.MeshTransformsBaseIntegrationTests" name="Post_InvalidPropertyValueReturnsBadRequest" /></UnitTest><UnitTest name="Post_InvalidPropertyValueReturnsBadRequest" storage="d:\users\steve knipmeyer\documents\github\modelrelief\modelrelief.test\bin\debug\netcoreapp2.0\modelrelief.test.dll" id="dae83344-acff-4f0d-90d0-9a1f675c64d5"><Execution id="e4c029ca-359f-4495-921b-51e29023032b" /><TestMethod codeBase="D:\Users\Steve Knipmeyer\Documents\GitHub\ModelRelief\ModelRelief.test\bin\Debug\netcoreapp2.0\ModelRelief.Test.dll" adapterTypeName="executor://xunit/VsTestRunner2/netcoreapp" className="ModelRelief.Test.Integration.DepthBuffers.DepthBuffersBaseIntegrationTests" name="Post_InvalidPropertyValueReturnsBadRequest" /></UnitTest><UnitTest name="PostFile_NewFileCanBePosted" storage="d:\users\steve knipmeyer\documents\github\modelrelief\modelrelief.test\bin\debug\netcoreapp2.0\modelrelief.test.dll" id="dee5a5e8-68d0-441a-a672-327d11392151"><Execution id="9ebcdd71-0d2c-4a85-90a5-4dee092f01d0" /><TestMethod codeBase="D:\Users\Steve Knipmeyer\Documents\GitHub\ModelRelief\ModelRelief.test\bin\Debug\netcoreapp2.0\ModelRelief.Test.dll" adapterTypeName="executor://xunit/VsTestRunner2/netcoreapp" className="ModelRelief.Test.Integration.DepthBuffers.DepthBuffersFileIntegrationTests" name="PostFile_NewFileCanBePosted" /></UnitTest><UnitTest name="PutFile_NewFileCanBePut" storage="d:\users\steve knipmeyer\documents\github\modelrelief\modelrelief.test\bin\debug\netcoreapp2.0\modelrelief.test.dll" id="7975af53-7fd3-48fe-a5d9-60dc49021adf"><Execution id="33b49aea-c9f5-401f-afeb-3e6bc611c2cb" /><TestMethod codeBase="D:\Users\Steve Knipmeyer\Documents\GitHub\ModelRelief\ModelRelief.test\bin\Debug\netcoreapp2.0\ModelRelief.Test.dll" adapterTypeName="executor://xunit/VsTestRunner2/netcoreapp" className="ModelRelief.Test.Integration.Meshes.MeshesFileIntegrationTests" name="PutFile_NewFileCanBePut" /></UnitTest><UnitTest name="Patch_MultipleInvalidReferencePropertiesReturnsMultipleValidationErrorsAndBadRequest" storage="d:\users\steve knipmeyer\documents\github\modelrelief\modelrelief.test\bin\debug\netcoreapp2.0\modelrelief.test.dll" id="130b1e81-016d-4d13-90c8-bf3ac2ca19ae"><Execution id="a7da0cf6-b99f-4283-85b4-cda7e926e2a0" /><TestMethod codeBase="D:\Users\Steve Knipmeyer\Documents\GitHub\ModelRelief\ModelRelief.test\bin\Debug\netcoreapp2.0\ModelRelief.Test.dll" adapterTypeName="executor://xunit/VsTestRunner2/netcoreapp" className="ModelRelief.Test.Integration.Meshes.MeshesBaseIntegrationTests" name="Patch_MultipleInvalidReferencePropertiesReturnsMultipleValidationErrorsAndBadRequest" /></UnitTest><UnitTest name="Patch_ValidReferencePropertyUpdatesModel" storage="d:\users\steve knipmeyer\documents\github\modelrelief\modelrelief.test\bin\debug\netcoreapp2.0\modelrelief.test.dll" id="3967e696-6c53-4a09-a870-864cb8e7a99e"><Execution id="8a5f2f7c-9f9f-4b09-9afa-91818c884c3f" /><TestMethod codeBase="D:\Users\Steve Knipmeyer\Documents\GitHub\ModelRelief\ModelRelief.test\bin\Debug\netcoreapp2.0\ModelRelief.Test.dll" adapterTypeName="executor://xunit/VsTestRunner2/netcoreapp" className="ModelRelief.Test.Integration.Cameras.CamerasBaseIntegrationTests" name="Patch_ValidReferencePropertyUpdatesModel" /></UnitTest><UnitTest name="Put_InvalidReferencePropertyReturndBadRequest" storage="d:\users\steve knipmeyer\documents\github\modelrelief\modelrelief.test\bin\debug\netcoreapp2.0\modelrelief.test.dll" id="e0aaa951-fec9-46db-a94d-27c56450af2b"><Execution id="44343a86-b13d-47be-a75e-109ffad5f02c" /><TestMethod codeBase="D:\Users\Steve Knipmeyer\Documents\GitHub\ModelRelief\ModelRelief.test\bin\Debug\netcoreapp2.0\ModelRelief.Test.dll" adapterTypeName="executor://xunit/VsTestRunner2/netcoreapp" className="ModelRelief.Test.Integration.Projects.ProjectsBaseIntegrationTests" name="Put_InvalidReferencePropertyReturndBadRequest" /></UnitTest><UnitTest name="GetSingle_ValidIdPropertyValueReturnsCorrectModel" storage="d:\users\steve knipmeyer\documents\github\modelrelief\modelrelief.test\bin\debug\netcoreapp2.0\modelrelief.test.dll" id="1f077c1a-a6b2-4a2c-9405-debfc0cda0e6"><Execution id="a3edd7f9-b86d-40ed-9c56-b14955e2fc1e" /><TestMethod codeBase="D:\Users\Steve Knipmeyer\Documents\GitHub\ModelRelief\ModelRelief.test\bin\Debug\netcoreapp2.0\ModelRelief.Test.dll" adapterTypeName="executor://xunit/VsTestRunner2/netcoreapp" className="ModelRelief.Test.Integration.Models.ModelsBaseIntegrationTests" name="GetSingle_ValidIdPropertyValueReturnsCorrectModel" /></UnitTest><UnitTest name="GetSingle_InvalidIdPropertyValueReturnsNotFound" storage="d:\users\steve knipmeyer\documents\github\modelrelief\modelrelief.test\bin\debug\netcoreapp2.0\modelrelief.test.dll" id="295e57cd-2b28-4255-85b0-20704fed27b2"><Execution id="d4dc86b5-f417-4e1b-b796-e3ee44506917" /><TestMethod codeBase="D:\Users\Steve Knipmeyer\Documents\GitHub\ModelRelief\ModelRelief.test\bin\Debug\netcoreapp2.0\ModelRelief.Test.dll" adapterTypeName="executor://xunit/VsTestRunner2/netcoreapp" className="ModelRelief.Test.Integration.Models.ModelsBaseIntegrationTests" name="GetSingle_InvalidIdPropertyValueReturnsNotFound" /></UnitTest><UnitTest name="Patch_MultipleInvalidReferencePropertiesReturnsMultipleValidationErrorsAndBadRequest" storage="d:\users\steve knipmeyer\documents\github\modelrelief\modelrelief.test\bin\debug\netcoreapp2.0\modelrelief.test.dll" id="13a3d251-da20-4662-a5bc-bcedc8c2b88a"><Execution id="6e152d2a-5fde-4dd7-9ebb-e81772a86554" /><TestMethod codeBase="D:\Users\Steve Knipmeyer\Documents\GitHub\ModelRelief\ModelRelief.test\bin\Debug\netcoreapp2.0\ModelRelief.Test.dll" adapterTypeName="executor://xunit/VsTestRunner2/netcoreapp" className="ModelRelief.Test.Integration.Projects.ProjectsBaseIntegrationTests" name="Patch_MultipleInvalidReferencePropertiesReturnsMultipleValidationErrorsAndBadRequest" /></UnitTest><UnitTest name="Patch_MultipleInvalidReferencePropertiesReturnsMultipleValidationErrorsAndBadRequest" storage="d:\users\steve knipmeyer\documents\github\modelrelief\modelrelief.test\bin\debug\netcoreapp2.0\modelrelief.test.dll" id="f3855daf-dc10-4097-a4d9-1cccb53921b2"><Execution id="c03802f6-a1b6-4b7a-9f9d-f76e6d6c9e98" /><TestMethod codeBase="D:\Users\Steve Knipmeyer\Documents\GitHub\ModelRelief\ModelRelief.test\bin\Debug\netcoreapp2.0\ModelRelief.Test.dll" adapterTypeName="executor://xunit/VsTestRunner2/netcoreapp" className="ModelRelief.Test.Integration.Cameras.CamerasBaseIntegrationTests" name="Patch_MultipleInvalidReferencePropertiesReturnsMultipleValidationErrorsAndBadRequest" /></UnitTest><UnitTest name="GetList_ListReturnsCorrectCount" storage="d:\users\steve knipmeyer\documents\github\modelrelief\modelrelief.test\bin\debug\netcoreapp2.0\modelrelief.test.dll" id="c7bc10e1-8cf0-40c2-a189-e2474c057181"><Execution id="07c3e48e-b8b1-40aa-9412-adf06ee3b7b1" /><TestMethod codeBase="D:\Users\Steve Knipmeyer\Documents\GitHub\ModelRelief\ModelRelief.test\bin\Debug\netcoreapp2.0\ModelRelief.Test.dll" adapterTypeName="executor://xunit/VsTestRunner2/netcoreapp" className="ModelRelief.Test.Integration.DepthBuffers.DepthBuffersBaseIntegrationTests" name="GetList_ListReturnsCorrectCount" /></UnitTest><UnitTest name="PostFile_FileTimeStampIsUpdatedAfterFileIsPosted" storage="d:\users\steve knipmeyer\documents\github\modelrelief\modelrelief.test\bin\debug\netcoreapp2.0\modelrelief.test.dll" id="76278637-4ae8-4721-8da5-1ee3d0ea7572"><Execution id="bd49a536-3bdc-4ffa-9905-28895d2ccdcf" /><TestMethod codeBase="D:\Users\Steve Knipmeyer\Documents\GitHub\ModelRelief\ModelRelief.test\bin\Debug\netcoreapp2.0\ModelRelief.Test.dll" adapterTypeName="executor://xunit/VsTestRunner2/netcoreapp" className="ModelRelief.Test.Integration.Meshes.MeshesFileIntegrationTests" name="PostFile_FileTimeStampIsUpdatedAfterFileIsPosted" /></UnitTest><UnitTest name="Delete_TargetModelIsDeleted" storage="d:\users\steve knipmeyer\documents\github\modelrelief\modelrelief.test\bin\debug\netcoreapp2.0\modelrelief.test.dll" id="87098ff5-7dff-4a45-8e76-5ed7c83d3831"><Execution id="ade6cafb-c356-4706-83e0-f11de61a035d" /><TestMethod codeBase="D:\Users\Steve Knipmeyer\Documents\GitHub\ModelRelief\ModelRelief.test\bin\Debug\netcoreapp2.0\ModelRelief.Test.dll" adapterTypeName="executor://xunit/VsTestRunner2/netcoreapp" className="ModelRelief.Test.Integration.Models.ModelsBaseIntegrationTests" name="Delete_TargetModelIsDeleted" /></UnitTest><UnitTest name="Patch_TargetPropertyIsUpdated" storage="d:\users\steve knipmeyer\documents\github\modelrelief\modelrelief.test\bin\debug\netcoreapp2.0\modelrelief.test.dll" id="48c5d007-05e9-4b20-9977-54fdbe6c565d"><Execution id="b19a5c52-dcd1-4b90-a562-f5b2b5e72e98" /><TestMethod codeBase="D:\Users\Steve Knipmeyer\Documents\GitHub\ModelRelief\ModelRelief.test\bin\Debug\netcoreapp2.0\ModelRelief.Test.dll" adapterTypeName="executor://xunit/VsTestRunner2/netcoreapp" className="ModelRelief.Test.Integration.Models.ModelsBaseIntegrationTests" name="Patch_TargetPropertyIsUpdated" /></UnitTest><UnitTest name="Post_CanCreateNewModel" storage="d:\users\steve knipmeyer\documents\github\modelrelief\modelrelief.test\bin\debug\netcoreapp2.0\modelrelief.test.dll" id="049cdbd5-ddab-4810-bf45-06bb82a1f662"><Execution id="f1dfb0c7-9ab6-465a-a525-21fc2e009e69" /><TestMethod codeBase="D:\Users\Steve Knipmeyer\Documents\GitHub\ModelRelief\ModelRelief.test\bin\Debug\netcoreapp2.0\ModelRelief.Test.dll" adapterTypeName="executor://xunit/VsTestRunner2/netcoreapp" className="ModelRelief.Test.Integration.Projects.ProjectsBaseIntegrationTests" name="Post_CanCreateNewModel" /></UnitTest><UnitTest name="GetSingle_ValidIdPropertyValueReturnsCorrectModel" storage="d:\users\steve knipmeyer\documents\github\modelrelief\modelrelief.test\bin\debug\netcoreapp2.0\modelrelief.test.dll" id="faefe80c-b8b6-4cb9-b826-c7f46910167c"><Execution id="b094ef09-908c-4290-8cf5-2d8f6ad73f4b" /><TestMethod codeBase="D:\Users\Steve Knipmeyer\Documents\GitHub\ModelRelief\ModelRelief.test\bin\Debug\netcoreapp2.0\ModelRelief.Test.dll" adapterTypeName="executor://xunit/VsTestRunner2/netcoreapp" className="ModelRelief.Test.Integration.Meshes.MeshesBaseIntegrationTests" name="GetSingle_ValidIdPropertyValueReturnsCorrectModel" /></UnitTest><UnitTest name="LucyDepthBufferFindsOneDependent" storage="d:\users\steve knipmeyer\documents\github\modelrelief\modelrelief.test\bin\debug\netcoreapp2.0\modelrelief.test.dll" id="88a7c040-2134-494b-8028-16b422539b65"><Execution id="35e3af26-8c43-4419-8181-c43692014ca5" /><TestMethod codeBase="D:\Users\Steve Knipmeyer\Documents\GitHub\ModelRelief\ModelRelief.test\bin\Debug\netcoreapp2.0\ModelRelief.Test.dll" adapterTypeName="executor://xunit/VsTestRunner2/netcoreapp" className="ModelRelief.Test.Unit.DependencyManager.DependencyManagerTests" name="LucyDepthBufferFindsOneDependent" /></UnitTest><UnitTest name="Put_InvalidIdReturnsNotFound" storage="d:\users\steve knipmeyer\documents\github\modelrelief\modelrelief.test\bin\debug\netcoreapp2.0\modelrelief.test.dll" id="88573abc-8b7c-4dbf-a2ad-c5d683f8d3e4"><Execution id="77935d25-90ec-440b-9206-a6089a987b5e" /><TestMethod codeBase="D:\Users\Steve Knipmeyer\Documents\GitHub\ModelRelief\ModelRelief.test\bin\Debug\netcoreapp2.0\ModelRelief.Test.dll" adapterTypeName="executor://xunit/VsTestRunner2/netcoreapp" className="ModelRelief.Test.Integration.MeshTransforms.MeshTransformsBaseIntegrationTests" name="Put_InvalidIdReturnsNotFound" /></UnitTest><UnitTest name="Delete_TargetModelIsDeleted" storage="d:\users\steve knipmeyer\documents\github\modelrelief\modelrelief.test\bin\debug\netcoreapp2.0\modelrelief.test.dll" id="daa189e6-1fd3-4465-b2ee-b7bac8803469"><Execution id="54773967-c6b4-4647-ac2a-546cbd2f6d3a" /><TestMethod codeBase="D:\Users\Steve Knipmeyer\Documents\GitHub\ModelRelief\ModelRelief.test\bin\Debug\netcoreapp2.0\ModelRelief.Test.dll" adapterTypeName="executor://xunit/VsTestRunner2/netcoreapp" className="ModelRelief.Test.Integration.Projects.ProjectsBaseIntegrationTests" name="Delete_TargetModelIsDeleted" /></UnitTest><UnitTest name="Post_InvalidPropertyValueReturnsBadRequest" storage="d:\users\steve knipmeyer\documents\github\modelrelief\modelrelief.test\bin\debug\netcoreapp2.0\modelrelief.test.dll" id="c75a048d-5ada-45b6-9406-f8733fb363f2"><Execution id="7dc3c06b-9e7d-473c-b18a-c05eab061244" /><TestMethod codeBase="D:\Users\Steve Knipmeyer\Documents\GitHub\ModelRelief\ModelRelief.test\bin\Debug\netcoreapp2.0\ModelRelief.Test.dll" adapterTypeName="executor://xunit/VsTestRunner2/netcoreapp" className="ModelRelief.Test.Integration.Cameras.CamerasBaseIntegrationTests" name="Post_InvalidPropertyValueReturnsBadRequest" /></UnitTest><UnitTest name="Post_CanCreateNewModel" storage="d:\users\steve knipmeyer\documents\github\modelrelief\modelrelief.test\bin\debug\netcoreapp2.0\modelrelief.test.dll" id="aa6fba14-28a5-4049-b233-25ec2ca4d91f"><Execution id="17d30d71-afa3-4ec4-a759-f616c7132a99" /><TestMethod codeBase="D:\Users\Steve Knipmeyer\Documents\GitHub\ModelRelief\ModelRelief.test\bin\Debug\netcoreapp2.0\ModelRelief.Test.dll" adapterTypeName="executor://xunit/VsTestRunner2/netcoreapp" className="ModelRelief.Test.Integration.Models.ModelsBaseIntegrationTests" name="Post_CanCreateNewModel" /></UnitTest><UnitTest name="FileRequest_MeshIsInvalidatedAfterDepthBufferFileBecomesUnsynchronized" storage="d:\users\steve knipmeyer\documents\github\modelrelief\modelrelief.test\bin\debug\netcoreapp2.0\modelrelief.test.dll" id="5c8ce303-9073-4ae3-98b6-35eeaf437927"><Execution id="232e461d-5f78-4a89-9e34-bb3701250f6f" /><TestMethod codeBase="D:\Users\Steve Knipmeyer\Documents\GitHub\ModelRelief\ModelRelief.test\bin\Debug\netcoreapp2.0\ModelRelief.Test.dll" adapterTypeName="executor://xunit/VsTestRunner2/netcoreapp" className="ModelRelief.Test.Integration.Meshes.MeshesFileIntegrationTests" name="FileRequest_MeshIsInvalidatedAfterDepthBufferFileBecomesUnsynchronized" /></UnitTest><UnitTest name="GetSingle_ValidIdPropertyValueReturnsCorrectModel" storage="d:\users\steve knipmeyer\documents\github\modelrelief\modelrelief.test\bin\debug\netcoreapp2.0\modelrelief.test.dll" id="5c50db5a-a478-4b54-85aa-95a90706bdc8"><Execution id="73f5afac-8a3f-4f35-b394-e4919ba2e60a" /><TestMethod codeBase="D:\Users\Steve Knipmeyer\Documents\GitHub\ModelRelief\ModelRelief.test\bin\Debug\netcoreapp2.0\ModelRelief.Test.dll" adapterTypeName="executor://xunit/VsTestRunner2/netcoreapp" className="ModelRelief.Test.Integration.MeshTransforms.MeshTransformsBaseIntegrationTests" name="GetSingle_ValidIdPropertyValueReturnsCorrectModel" /></UnitTest><UnitTest name="Patch_InvalidIdPropertyReturnsNotFound" storage="d:\users\steve knipmeyer\documents\github\modelrelief\modelrelief.test\bin\debug\netcoreapp2.0\modelrelief.test.dll" id="cf487bef-1c9e-45ee-84cb-bb5ef36a8609"><Execution id="fe8be5de-477e-46d2-a8e9-4c6514193162" /><TestMethod codeBase="D:\Users\Steve Knipmeyer\Documents\GitHub\ModelRelief\ModelRelief.test\bin\Debug\netcoreapp2.0\ModelRelief.Test.dll" adapterTypeName="executor://xunit/VsTestRunner2/netcoreapp" className="ModelRelief.Test.Integration.Projects.ProjectsBaseIntegrationTests" name="Patch_InvalidIdPropertyReturnsNotFound" /></UnitTest><UnitTest name="Post_InvalidReferencePropertyReturnsBadRequest" storage="d:\users\steve knipmeyer\documents\github\modelrelief\modelrelief.test\bin\debug\netcoreapp2.0\modelrelief.test.dll" id="90b00145-9eb5-4a3d-b924-f8e40bfc9997"><Execution id="0922a7b2-0fa3-4a40-bc00-9f23372755f0" /><TestMethod codeBase="D:\Users\Steve Knipmeyer\Documents\GitHub\ModelRelief\ModelRelief.test\bin\Debug\netcoreapp2.0\ModelRelief.Test.dll" adapterTypeName="executor://xunit/VsTestRunner2/netcoreapp" className="ModelRelief.Test.Integration.MeshTransforms.MeshTransformsBaseIntegrationTests" name="Post_InvalidReferencePropertyReturnsBadRequest" /></UnitTest><UnitTest name="PostFile_FileIsSynchronizedIsUpdatedAfterFileIsPosted" storage="d:\users\steve knipmeyer\documents\github\modelrelief\modelrelief.test\bin\debug\netcoreapp2.0\modelrelief.test.dll" id="58ec3f77-00a5-493f-bf29-cdbd6b4b58aa"><Execution id="dca53bf3-73dc-42c9-8211-a24a428adbc4" /><TestMethod codeBase="D:\Users\Steve Knipmeyer\Documents\GitHub\ModelRelief\ModelRelief.test\bin\Debug\netcoreapp2.0\ModelRelief.Test.dll" adapterTypeName="executor://xunit/VsTestRunner2/netcoreapp" className="ModelRelief.Test.Integration.Meshes.MeshesFileIntegrationTests" name="PostFile_FileIsSynchronizedIsUpdatedAfterFileIsPosted" /></UnitTest><UnitTest name="Post_InvalidReferencePropertyReturnsBadRequest" storage="d:\users\steve knipmeyer\documents\github\modelrelief\modelrelief.test\bin\debug\netcoreapp2.0\modelrelief.test.dll" id="9da53539-cef3-44e5-ae04-0ea34fa0d9ae"><Execution id="e03b4f4b-ac27-476d-ac23-093b80f3f658" /><TestMethod codeBase="D:\Users\Steve Knipmeyer\Documents\GitHub\ModelRelief\ModelRelief.test\bin\Debug\netcoreapp2.0\ModelRelief.Test.dll" adapterTypeName="executor://xunit/VsTestRunner2/netcoreapp" className="ModelRelief.Test.Integration.Models.ModelsBaseIntegrationTests" name="Post_InvalidReferencePropertyReturnsBadRequest" /></UnitTest><UnitTest name="PutFile_NewFileCanBePut" storage="d:\users\steve knipmeyer\documents\github\modelrelief\modelrelief.test\bin\debug\netcoreapp2.0\modelrelief.test.dll" id="ed0fa7d1-c2bb-40b3-9ada-f42a95434b72"><Execution id="d4bda192-4c67-43bb-a7b4-0c19068b73d1" /><TestMethod codeBase="D:\Users\Steve Knipmeyer\Documents\GitHub\ModelRelief\ModelRelief.test\bin\Debug\netcoreapp2.0\ModelRelief.Test.dll" adapterTypeName="executor://xunit/VsTestRunner2/netcoreapp" className="ModelRelief.Test.Integration.DepthBuffers.DepthBuffersFileIntegrationTests" name="PutFile_NewFileCanBePut" /></UnitTest><UnitTest name="GetSingle_InvalidIdPropertyValueReturnsNotFound" storage="d:\users\steve knipmeyer\documents\github\modelrelief\modelrelief.test\bin\debug\netcoreapp2.0\modelrelief.test.dll" id="950aaa8c-0925-4298-8422-462f94ffbb15"><Execution id="05c3d58a-81a0-4c86-9f69-f35c6b866f97" /><TestMethod codeBase="D:\Users\Steve Knipmeyer\Documents\GitHub\ModelRelief\ModelRelief.test\bin\Debug\netcoreapp2.0\ModelRelief.Test.dll" adapterTypeName="executor://xunit/VsTestRunner2/netcoreapp" className="ModelRelief.Test.Integration.MeshTransforms.MeshTransformsBaseIntegrationTests" name="GetSingle_InvalidIdPropertyValueReturnsNotFound" /></UnitTest><UnitTest name="GetFile_ExistingFileReturnsSuccess" storage="d:\users\steve knipmeyer\documents\github\modelrelief\modelrelief.test\bin\debug\netcoreapp2.0\modelrelief.test.dll" id="c0095af1-cf57-441e-9b30-9f6d318b0280"><Execution id="a114a35a-26f9-4b17-a661-0d424a12c56c" /><TestMethod codeBase="D:\Users\Steve Knipmeyer\Documents\GitHub\ModelRelief\ModelRelief.test\bin\Debug\netcoreapp2.0\ModelRelief.Test.dll" adapterTypeName="executor://xunit/VsTestRunner2/netcoreapp" className="ModelRelief.Test.Integration.DepthBuffers.DepthBuffersFileIntegrationTests" name="GetFile_ExistingFileReturnsSuccess" /></UnitTest><UnitTest name="GetSingle_ValidIdPropertyValueReturnsCorrectModel" storage="d:\users\steve knipmeyer\documents\github\modelrelief\modelrelief.test\bin\debug\netcoreapp2.0\modelrelief.test.dll" id="6c080f87-44cc-43da-81d2-a7b461f52098"><Execution id="18b243d5-70b1-4077-9d54-0a96833fa5ce" /><TestMethod codeBase="D:\Users\Steve Knipmeyer\Documents\GitHub\ModelRelief\ModelRelief.test\bin\Debug\netcoreapp2.0\ModelRelief.Test.dll" adapterTypeName="executor://xunit/VsTestRunner2/netcoreapp" className="ModelRelief.Test.Integration.DepthBuffers.DepthBuffersBaseIntegrationTests" name="GetSingle_ValidIdPropertyValueReturnsCorrectModel" /></UnitTest><UnitTest name="PostFile_NewFileCanBePosted" storage="d:\users\steve knipmeyer\documents\github\modelrelief\modelrelief.test\bin\debug\netcoreapp2.0\modelrelief.test.dll" id="2aee2f8d-cdbe-401f-9c97-c5c2d9e05827"><Execution id="88f97491-7e68-4b2c-a077-25bcf67ee59b" /><TestMethod codeBase="D:\Users\Steve Knipmeyer\Documents\GitHub\ModelRelief\ModelRelief.test\bin\Debug\netcoreapp2.0\ModelRelief.Test.dll" adapterTypeName="executor://xunit/VsTestRunner2/netcoreapp" className="ModelRelief.Test.Integration.Meshes.MeshesFileIntegrationTests" name="PostFile_NewFileCanBePosted" /></UnitTest><UnitTest name="CameraHasExpectedDependentFiles" storage="d:\users\steve knipmeyer\documents\github\modelrelief\modelrelief.test\bin\debug\netcoreapp2.0\modelrelief.test.dll" id="35968076-0dbc-44da-8f15-a3d69e563b4c"><Execution id="481e6056-1a1e-44e9-88f5-da76380f4ee7" /><TestMethod codeBase="D:\Users\Steve Knipmeyer\Documents\GitHub\ModelRelief\ModelRelief.test\bin\Debug\netcoreapp2.0\ModelRelief.Test.dll" adapterTypeName="executor://xunit/VsTestRunner2/netcoreapp" className="ModelRelief.Test.Unit.DependencyManager.DependencyManagerTests" name="CameraHasExpectedDependentFiles" /></UnitTest><UnitTest name="Patch_TargetPropertyIsUpdated" storage="d:\users\steve knipmeyer\documents\github\modelrelief\modelrelief.test\bin\debug\netcoreapp2.0\modelrelief.test.dll" id="712dab0a-7e41-400f-a8d8-0dc9a546936f"><Execution id="a76995ac-4ea7-4bf5-a9ce-41074f606c73" /><TestMethod codeBase="D:\Users\Steve Knipmeyer\Documents\GitHub\ModelRelief\ModelRelief.test\bin\Debug\netcoreapp2.0\ModelRelief.Test.dll" adapterTypeName="executor://xunit/VsTestRunner2/netcoreapp" className="ModelRelief.Test.Integration.Cameras.CamerasBaseIntegrationTests" name="Patch_TargetPropertyIsUpdated" /></UnitTest><UnitTest name="Put_ValidReferencePropertyUpdatesModel" storage="d:\users\steve knipmeyer\documents\github\modelrelief\modelrelief.test\bin\debug\netcoreapp2.0\modelrelief.test.dll" id="e70d9427-5a32-434d-8a54-f1d1b331ff9a"><Execution id="472b7ef2-8e5e-4f05-83c4-db68ea964600" /><TestMethod codeBase="D:\Users\Steve Knipmeyer\Documents\GitHub\ModelRelief\ModelRelief.test\bin\Debug\netcoreapp2.0\ModelRelief.Test.dll" adapterTypeName="executor://xunit/VsTestRunner2/netcoreapp" className="ModelRelief.Test.Integration.DepthBuffers.DepthBuffersBaseIntegrationTests" name="Put_ValidReferencePropertyUpdatesModel" /></UnitTest></TestDefinitions><TestEntries><TestEntry testId="733b2c6e-39fa-4497-85a3-4aa6a8f8d4cf" executionId="a972f7d3-62e2-4da0-9318-ea107da7d7e7" testListId="8c84fa94-04c1-424b-9868-57a2d4851a1d" /><TestEntry testId="08eb6161-208e-4d70-bf3e-371e742f3299" executionId="af97bc4b-b432-411c-aac0-188ec1dcdc37" testListId="8c84fa94-04c1-424b-9868-57a2d4851a1d" /><TestEntry testId="0c2687af-e419-4f0b-b89f-55831a21e5bc" executionId="492003c3-457d-4ece-9fec-497e278b40b2" testListId="8c84fa94-04c1-424b-9868-57a2d4851a1d" /><TestEntry testId="f15c186f-5f73-47e0-9bbc-37161eabe5e3" executionId="e462059c-8a0b-40a2-a995-8932ab70af77" testListId="8c84fa94-04c1-424b-9868-57a2d4851a1d" /><TestEntry testId="059b4bae-c72f-4de9-8b0f-abfcaca20693" executionId="54880150-1709-4a5d-b6d1-6328fbed2e09" testListId="8c84fa94-04c1-424b-9868-57a2d4851a1d" /><TestEntry testId="712dab0a-7e41-400f-a8d8-0dc9a546936f" executionId="a76995ac-4ea7-4bf5-a9ce-41074f606c73" testListId="8c84fa94-04c1-424b-9868-57a2d4851a1d" /><TestEntry testId="46ba1e94-4558-4cce-847d-a2f89fe5b1a0" executionId="260da85b-b2d8-4535-9d27-5432b92bb8be" testListId="8c84fa94-04c1-424b-9868-57a2d4851a1d" /><TestEntry testId="8279d1bb-0998-4b2e-91da-378367565b7f" executionId="92032951-9d36-48d9-b631-2c5cde2bde2f" testListId="8c84fa94-04c1-424b-9868-57a2d4851a1d" /><TestEntry testId="2aee2f8d-cdbe-401f-9c97-c5c2d9e05827" executionId="88f97491-7e68-4b2c-a077-25bcf67ee59b" testListId="8c84fa94-04c1-424b-9868-57a2d4851a1d" /><TestEntry testId="f12e585f-5933-43e5-aa49-1ae4a4f4634d" executionId="f1236cf3-1354-4b2e-84c3-0e49fd216da3" testListId="8c84fa94-04c1-424b-9868-57a2d4851a1d" /><TestEntry testId="58ec3f77-00a5-493f-bf29-cdbd6b4b58aa" executionId="dca53bf3-73dc-42c9-8211-a24a428adbc4" testListId="8c84fa94-04c1-424b-9868-57a2d4851a1d" /><TestEntry testId="6ab0f1bf-191c-4646-bedd-7dee783b3ad2" executionId="69aa5a08-536d-42d8-9662-dbf9bc20e281" testListId="8c84fa94-04c1-424b-9868-57a2d4851a1d" /><TestEntry testId="36cb0228-9a2c-4d7d-99e4-4c3e9200fc7a" executionId="7352349d-7bec-4748-882d-86a3260cfef0" testListId="8c84fa94-04c1-424b-9868-57a2d4851a1d" /><TestEntry testId="7ef958d5-b0af-4de6-9023-20567b845c75" executionId="0116ab02-67f3-4ad2-b54f-51d5d58a2b27" testListId="8c84fa94-04c1-424b-9868-57a2d4851a1d" /><TestEntry testId="949bae17-2415-4d01-904c-9f316a447255" executionId="dfe32ef5-31ea-4e17-a75a-fb5a2a23495b" testListId="8c84fa94-04c1-424b-9868-57a2d4851a1d" /><TestEntry testId="7aace8fe-5624-4acc-ae71-ba881f4807a6" executionId="10960cce-4287-49d1-96c8-773b928a924b" testListId="8c84fa94-04c1-424b-9868-57a2d4851a1d" /><TestEntry testId="49e3a863-5c5a-468b-8598-7f58b3cae6ac" executionId="b215a005-50c2-4530-b96b-1cb6a25a41ad" testListId="8c84fa94-04c1-424b-9868-57a2d4851a1d" /><TestEntry testId="003ce11f-3cdd-4c7d-ba7f-c8089f5f73b6" executionId="6e4c0fdc-7db8-40c4-b27d-132dd819835c" testListId="8c84fa94-04c1-424b-9868-57a2d4851a1d" /><TestEntry testId="35968076-0dbc-44da-8f15-a3d69e563b4c" executionId="481e6056-1a1e-44e9-88f5-da76380f4ee7" testListId="8c84fa94-04c1-424b-9868-57a2d4851a1d" /><TestEntry testId="daa189e6-1fd3-4465-b2ee-b7bac8803469" executionId="54773967-c6b4-4647-ac2a-546cbd2f6d3a" testListId="8c84fa94-04c1-424b-9868-57a2d4851a1d" /><TestEntry testId="00d55e5d-ac35-4c58-9ee3-c0c2b9e684df" executionId="028b4e0d-1907-4c84-8d45-bc5f89b53944" testListId="8c84fa94-04c1-424b-9868-57a2d4851a1d" /><TestEntry testId="1c74ec91-3e95-416f-b2c0-62d715047cb1" executionId="20042156-744b-44b3-ab56-a561072901f7" testListId="8c84fa94-04c1-424b-9868-57a2d4851a1d" /><TestEntry testId="8e485d77-e49a-4e89-b360-06525ee72bb9" executionId="a2ac6155-2157-4dd2-b928-d1af10c4650e" testListId="8c84fa94-04c1-424b-9868-57a2d4851a1d" /><TestEntry testId="cdbddcea-fff2-4c66-8921-f3b53b81894b" executionId="dbb5aaf2-cd4b-4d75-8901-2fe803831bae" testListId="8c84fa94-04c1-424b-9868-57a2d4851a1d" /><TestEntry testId="cc3c9cdc-938a-4aae-a1ab-af193c2d1fea" executionId="660a6f8b-0cc7-4954-8107-ec78ecc0865c" testListId="8c84fa94-04c1-424b-9868-57a2d4851a1d" /><TestEntry testId="34eb09fa-ecba-411b-bc3a-fade4e351a37" executionId="c1476838-ae05-43b6-bbff-5d7b8c8706f4" testListId="8c84fa94-04c1-424b-9868-57a2d4851a1d" /><TestEntry testId="5fb9f876-3c61-4b00-85dd-4367e3ca7de8" executionId="9deecbc7-383d-4c18-8f34-f67e345f22f5" testListId="8c84fa94-04c1-424b-9868-57a2d4851a1d" /><TestEntry testId="93de5c43-4d8e-4e7d-a258-a9269e2cab98" executionId="c3174ac0-4240-4f20-90bf-f96ce54105f9" testListId="8c84fa94-04c1-424b-9868-57a2d4851a1d" /><TestEntry testId="88573abc-8b7c-4dbf-a2ad-c5d683f8d3e4" executionId="77935d25-90ec-440b-9206-a6089a987b5e" testListId="8c84fa94-04c1-424b-9868-57a2d4851a1d" /><TestEntry testId="b45376bb-e962-497f-a85c-35994a8c1461" executionId="68f0afc7-e67b-4720-a70b-ec1a93fb3179" testListId="8c84fa94-04c1-424b-9868-57a2d4851a1d" /><TestEntry testId="6bb495a7-2ac8-4103-b503-017682085fe4" executionId="1696d74d-cd48-4bb7-9621-b4c52b91222c" testListId="8c84fa94-04c1-424b-9868-57a2d4851a1d" /><TestEntry testId="a9321ffe-72a0-43aa-b9a0-4388cb207ad5" executionId="a159a916-59fb-47d9-b512-fe03eb361f74" testListId="8c84fa94-04c1-424b-9868-57a2d4851a1d" /><TestEntry testId="cb55045b-c260-4990-878f-a573036b1624" executionId="720adc6f-5375-452f-95f8-d49b85330472" testListId="8c84fa94-04c1-424b-9868-57a2d4851a1d" /><TestEntry testId="d35e2775-66fc-4455-998b-51fb83830c48" executionId="96ba6966-142a-4f47-8621-04dbd40f8ae7" testListId="8c84fa94-04c1-424b-9868-57a2d4851a1d" /><TestEntry testId="fe9522eb-f831-4d84-bf6f-07825a731fc9" executionId="8a9f1ebd-1f07-4142-a346-8a2099f163c0" testListId="8c84fa94-04c1-424b-9868-57a2d4851a1d" /><TestEntry testId="69f9d3ea-daa2-4dcd-ac3c-2bb878fcc6c2" executionId="cb8dab1a-195c-4e36-980c-dae62303b3df" testListId="8c84fa94-04c1-424b-9868-57a2d4851a1d" /><TestEntry testId="dae83344-acff-4f0d-90d0-9a1f675c64d5" executionId="e4c029ca-359f-4495-921b-51e29023032b" testListId="8c84fa94-04c1-424b-9868-57a2d4851a1d" /><TestEntry testId="7a1cdc5a-7978-4cf0-82ba-d749cd0e1283" executionId="c78dae6c-432d-4a79-b071-e988a70cb93d" testListId="8c84fa94-04c1-424b-9868-57a2d4851a1d" /><TestEntry testId="6f4c2ce8-d0d9-4257-889a-08cfe5f773b1" executionId="8535203e-4cf7-4c98-a5ef-4ff515c3aca9" testListId="8c84fa94-04c1-424b-9868-57a2d4851a1d" /><TestEntry testId="5c50db5a-a478-4b54-85aa-95a90706bdc8" executionId="73f5afac-8a3f-4f35-b394-e4919ba2e60a" testListId="8c84fa94-04c1-424b-9868-57a2d4851a1d" /><TestEntry testId="0dfab26b-d5e6-40ea-8952-b5f70b133629" executionId="a6049a0e-c1c0-4e88-9d26-4a1809d21924" testListId="8c84fa94-04c1-424b-9868-57a2d4851a1d" /><TestEntry testId="7975af53-7fd3-48fe-a5d9-60dc49021adf" executionId="33b49aea-c9f5-401f-afeb-3e6bc611c2cb" testListId="8c84fa94-04c1-424b-9868-57a2d4851a1d" /><TestEntry testId="b56f0370-3365-4865-b68d-125dfa719e93" executionId="f72d40fb-e962-4c3c-be7f-ede139ae70e2" testListId="8c84fa94-04c1-424b-9868-57a2d4851a1d" /><TestEntry testId="87098ff5-7dff-4a45-8e76-5ed7c83d3831" executionId="ade6cafb-c356-4706-83e0-f11de61a035d" testListId="8c84fa94-04c1-424b-9868-57a2d4851a1d" /><TestEntry testId="3f7b9a8b-87f0-446d-a793-f66dab6f9d21" executionId="fe6916df-4275-4918-8a5e-c2621e285518" testListId="8c84fa94-04c1-424b-9868-57a2d4851a1d" /><TestEntry testId="48c5d007-05e9-4b20-9977-54fdbe6c565d" executionId="b19a5c52-dcd1-4b90-a562-f5b2b5e72e98" testListId="8c84fa94-04c1-424b-9868-57a2d4851a1d" /><TestEntry testId="52cca166-725b-4b4e-bb68-06d76fc92e38" executionId="dec8b1aa-9782-4450-8b01-25a0aeaffe4a" testListId="8c84fa94-04c1-424b-9868-57a2d4851a1d" /><TestEntry testId="5d95d7a3-d118-4cfa-88ab-3e5f575e5d5e" executionId="966cc77c-2775-4b9c-b944-e56579112382" testListId="8c84fa94-04c1-424b-9868-57a2d4851a1d" /><TestEntry testId="04ef4c1f-bd4c-4f79-b44b-ba6f617b28cc" executionId="a37ec570-8795-4d54-ac87-fc9294a44d19" testListId="8c84fa94-04c1-424b-9868-57a2d4851a1d" /><TestEntry testId="616f5950-0ff2-433c-a800-d4c563621706" executionId="d45e829f-00f1-4e86-8435-ac4cf222cfbc" testListId="8c84fa94-04c1-424b-9868-57a2d4851a1d" /><TestEntry testId="fc627014-ee31-4382-9696-2f1db220806a" executionId="b284d9ee-2aad-45e9-94a9-6b4a6b5b555e" testListId="8c84fa94-04c1-424b-9868-57a2d4851a1d" /><TestEntry testId="0170107e-cfae-45fe-a88d-ec474e47d465" executionId="0a2f8eac-7424-469c-9823-ccf37bd326fb" testListId="8c84fa94-04c1-424b-9868-57a2d4851a1d" /><TestEntry testId="2f06a2cf-82a4-4fad-9a8b-178b1be56875" executionId="ed975507-9e3a-4b45-a317-977f451a61b2" testListId="8c84fa94-04c1-424b-9868-57a2d4851a1d" /><TestEntry testId="6162e193-4744-4060-b43b-7e59587b90b8" executionId="17473347-7362-4bff-9b02-fbeca89894ee" testListId="8c84fa94-04c1-424b-9868-57a2d4851a1d" /><TestEntry testId="b27828b5-d06c-4cf5-9cff-26b4927d187d" executionId="cc3ef33d-ef04-4568-af4b-082319e421c8" testListId="8c84fa94-04c1-424b-9868-57a2d4851a1d" /><TestEntry testId="dee5a5e8-68d0-441a-a672-327d11392151" executionId="9ebcdd71-0d2c-4a85-90a5-4dee092f01d0" testListId="8c84fa94-04c1-424b-9868-57a2d4851a1d" /><TestEntry testId="177ebb57-16dd-4358-8bc8-c5952b8d3a6c" executionId="e3c7b17c-13fc-4b32-ab38-b047fbb370ac" testListId="8c84fa94-04c1-424b-9868-57a2d4851a1d" /><TestEntry testId="88a7c040-2134-494b-8028-16b422539b65" executionId="35e3af26-8c43-4419-8181-c43692014ca5" testListId="8c84fa94-04c1-424b-9868-57a2d4851a1d" /><TestEntry testId="b3f88b62-02bf-44d0-9e03-8969d86fb15c" executionId="df2fe824-4b27-420b-81d9-0a5cb664d79f" testListId="8c84fa94-04c1-424b-9868-57a2d4851a1d" /><TestEntry testId="faf7a732-bad4-4b8b-967c-829e18c5e1b4" executionId="644645b2-4ffa-4e0b-a3c8-e3fc299dc969" testListId="8c84fa94-04c1-424b-9868-57a2d4851a1d" /><TestEntry testId="5d9e30f7-f4d5-4402-9541-a99b290dc725" executionId="59e9ceb5-3930-40ab-bf5b-c38fcf426544" testListId="8c84fa94-04c1-424b-9868-57a2d4851a1d" /><TestEntry testId="c26d3729-7b03-4806-8041-619e4b89ab2d" executionId="7258e3f7-2cae-4112-a661-7608f594d11b" testListId="8c84fa94-04c1-424b-9868-57a2d4851a1d" /><TestEntry testId="295e57cd-2b28-4255-85b0-20704fed27b2" executionId="d4dc86b5-f417-4e1b-b796-e3ee44506917" testListId="8c84fa94-04c1-424b-9868-57a2d4851a1d" /><TestEntry testId="b1576b29-37b9-4bc5-9c09-8941afcdb129" executionId="c5fe4c71-92cf-4b72-bbe6-6cce187a0f2d" testListId="8c84fa94-04c1-424b-9868-57a2d4851a1d" /><TestEntry testId="4fd382f1-755c-4551-a7b0-966635ea6815" executionId="cc2caa19-34cd-4016-9472-0f700a09fe30" testListId="8c84fa94-04c1-424b-9868-57a2d4851a1d" /><TestEntry testId="57f23468-5c8d-43c1-aab3-ec9148d2d673" executionId="530bd259-59c4-4a30-838a-e434f4508a15" testListId="8c84fa94-04c1-424b-9868-57a2d4851a1d" /><TestEntry testId="d50d6c02-6633-4322-a23b-8b089becd356" executionId="5feaf277-aadb-43a0-92d8-bb3891a2ba78" testListId="8c84fa94-04c1-424b-9868-57a2d4851a1d" /><TestEntry testId="9c018a6f-143b-4fea-8fcc-691aeab72f61" executionId="0b2c354d-ff5c-4e5b-92e3-fd5fd737dd5a" testListId="8c84fa94-04c1-424b-9868-57a2d4851a1d" /><TestEntry testId="d58cd084-fe22-43f0-859c-b7a1645cc076" executionId="c33b9f77-0d79-47dc-b55c-f29d70c4c10a" testListId="8c84fa94-04c1-424b-9868-57a2d4851a1d" /><TestEntry testId="13a3d251-da20-4662-a5bc-bcedc8c2b88a" executionId="6e152d2a-5fde-4dd7-9ebb-e81772a86554" testListId="8c84fa94-04c1-424b-9868-57a2d4851a1d" /><TestEntry testId="6cc6040c-93bd-4ac3-8ce6-0c1ec0aa0416" executionId="2f95af20-960c-48de-bbc4-feff8765c5f8" testListId="8c84fa94-04c1-424b-9868-57a2d4851a1d" /><TestEntry testId="af265dce-4280-44df-9fec-cfbb3c3b71b2" executionId="fffdd5d3-850c-41d8-be49-1f888aba1722" testListId="8c84fa94-04c1-424b-9868-57a2d4851a1d" /><TestEntry testId="9551f8c4-4e47-49f3-bb78-22735a552767" executionId="865c4936-ebaf-4177-9a3d-021f59324395" testListId="8c84fa94-04c1-424b-9868-57a2d4851a1d" /><TestEntry testId="90b00145-9eb5-4a3d-b924-f8e40bfc9997" executionId="0922a7b2-0fa3-4a40-bc00-9f23372755f0" testListId="8c84fa94-04c1-424b-9868-57a2d4851a1d" /><TestEntry testId="2e8e6141-0194-459f-98a8-5d5c10f9b57d" executionId="9eb89d0e-4cd4-4d03-bff8-412a80b2226e" testListId="8c84fa94-04c1-424b-9868-57a2d4851a1d" /><TestEntry testId="9f11a9c1-f1b0-4fd5-b2b8-7ad3704cbf07" executionId="d487e23f-cd58-4851-814d-60c5e8fc1ae6" testListId="8c84fa94-04c1-424b-9868-57a2d4851a1d" /><TestEntry testId="6ec04536-ff3a-48a3-badc-6a4c95b9eb2f" executionId="eff13126-0ce9-4fe7-a037-fddb45fb9c95" testListId="8c84fa94-04c1-424b-9868-57a2d4851a1d" /><TestEntry testId="6c080f87-44cc-43da-81d2-a7b461f52098" executionId="18b243d5-70b1-4077-9d54-0a96833fa5ce" testListId="8c84fa94-04c1-424b-9868-57a2d4851a1d" /><TestEntry testId="ec9a2ec6-9c01-404b-ace3-92731d23582c" executionId="8e8091a1-195d-4ec5-bcac-43b7053a6108" testListId="8c84fa94-04c1-424b-9868-57a2d4851a1d" /><TestEntry testId="049cdbd5-ddab-4810-bf45-06bb82a1f662" executionId="f1dfb0c7-9ab6-465a-a525-21fc2e009e69" testListId="8c84fa94-04c1-424b-9868-57a2d4851a1d" /><TestEntry testId="d44aec13-6a3b-47ab-b7fb-0bb7f8e97465" executionId="9bec0a7b-1d2c-4a93-8ae0-d9774bcd1500" testListId="8c84fa94-04c1-424b-9868-57a2d4851a1d" /><TestEntry testId="ed0fa7d1-c2bb-40b3-9ada-f42a95434b72" executionId="d4bda192-4c67-43bb-a7b4-0c19068b73d1" testListId="8c84fa94-04c1-424b-9868-57a2d4851a1d" /><TestEntry testId="61e15f7f-0489-45a4-80f2-b90833b6b2d4" executionId="aaf8368b-29b1-4cdc-94b3-1d087c592733" testListId="8c84fa94-04c1-424b-9868-57a2d4851a1d" /><TestEntry testId="83bf97f1-2ed3-442e-826b-7ebbac2e929f" executionId="f86af921-6899-4646-8bc2-a3bf868dad8c" testListId="8c84fa94-04c1-424b-9868-57a2d4851a1d" /><TestEntry testId="67ae0f9e-454d-4c8f-9f45-b7f851b75ed3" executionId="f5ab04cf-34a2-4c2a-82c2-f1e20eb733fa" testListId="8c84fa94-04c1-424b-9868-57a2d4851a1d" /><TestEntry testId="e70d9427-5a32-434d-8a54-f1d1b331ff9a" executionId="472b7ef2-8e5e-4f05-83c4-db68ea964600" testListId="8c84fa94-04c1-424b-9868-57a2d4851a1d" /><TestEntry testId="ad3ed247-4242-4177-ad3c-0646e8ebc271" executionId="1c97d28a-7f29-4c14-b400-ddacf8e7cce3" testListId="8c84fa94-04c1-424b-9868-57a2d4851a1d" /><TestEntry testId="4d1b980e-bc4e-4418-82e4-40765de53c34" executionId="e8001327-7f14-4216-930c-881a93c2f12c" testListId="8c84fa94-04c1-424b-9868-57a2d4851a1d" /><TestEntry testId="6fcd923e-a36f-41de-80f4-565760ee2933" executionId="7bb7697a-490f-49f8-a20c-19d8b7041b4e" testListId="8c84fa94-04c1-424b-9868-57a2d4851a1d" /><TestEntry testId="b86bd378-f008-4688-8059-08b6a4a35b6f" executionId="bbd86e41-e375-44d2-94df-64970e5ff77c" testListId="8c84fa94-04c1-424b-9868-57a2d4851a1d" /><TestEntry testId="7f011de1-a625-400c-8274-ed880426a3fd" executionId="00de6e03-b571-4020-9402-eb727e2281ec" testListId="8c84fa94-04c1-424b-9868-57a2d4851a1d" /><TestEntry testId="15d74160-82b1-4f40-8ebe-96044e3f4498" executionId="c76078c0-d3ec-4548-b8c4-48f8c923496e" testListId="8c84fa94-04c1-424b-9868-57a2d4851a1d" /><TestEntry testId="45d56d02-6ea2-44cb-8f65-c94fa9ee3fe6" executionId="0d84e87a-833d-4125-b158-81ffd2a49124" testListId="8c84fa94-04c1-424b-9868-57a2d4851a1d" /><TestEntry testId="8d08ffcf-1f20-49c8-8281-085e162e7a6a" executionId="b12be02a-01c1-49dd-89d9-851014d9f06c" testListId="8c84fa94-04c1-424b-9868-57a2d4851a1d" /><TestEntry testId="73c61676-758f-47a4-9e30-90e0f6e57995" executionId="23ea6b4e-61c9-41c8-a820-ecc01dca4a51" testListId="8c84fa94-04c1-424b-9868-57a2d4851a1d" /><TestEntry testId="da7c7361-227f-4720-a429-33f2a990afc5" executionId="eee573e2-ee64-40e8-810e-c5786376d365" testListId="8c84fa94-04c1-424b-9868-57a2d4851a1d" /><TestEntry testId="e0aaa951-fec9-46db-a94d-27c56450af2b" executionId="44343a86-b13d-47be-a75e-109ffad5f02c" testListId="8c84fa94-04c1-424b-9868-57a2d4851a1d" /><TestEntry testId="1f077c1a-a6b2-4a2c-9405-debfc0cda0e6" executionId="a3edd7f9-b86d-40ed-9c56-b14955e2fc1e" testListId="8c84fa94-04c1-424b-9868-57a2d4851a1d" /><TestEntry testId="dfb97ba9-348d-4873-8891-67e7b0826b66" executionId="055e0f20-b9dd-4164-8bab-4919112105cf" testListId="8c84fa94-04c1-424b-9868-57a2d4851a1d" /><TestEntry testId="950aaa8c-0925-4298-8422-462f94ffbb15" executionId="05c3d58a-81a0-4c86-9f69-f35c6b866f97" testListId="8c84fa94-04c1-424b-9868-57a2d4851a1d" /><TestEntry testId="c7bc10e1-8cf0-40c2-a189-e2474c057181" executionId="07c3e48e-b8b1-40aa-9412-adf06ee3b7b1" testListId="8c84fa94-04c1-424b-9868-57a2d4851a1d" /><TestEntry testId="c28fe4b7-e8fb-4dc5-8df3-ed864f81de74" executionId="40afb40b-173a-4fa4-ab26-713170cb2b10" testListId="8c84fa94-04c1-424b-9868-57a2d4851a1d" /><TestEntry testId="36516cfe-8347-44a5-a303-f6b5aa48b4e9" executionId="d893c40c-704c-449b-b4cf-c428b6dd1fda" testListId="8c84fa94-04c1-424b-9868-57a2d4851a1d" /><TestEntry testId="743ad1f9-5bb7-4a0d-8be7-85c31e9af600" executionId="1dba8f45-0139-4d0f-9864-55572ed536fa" testListId="8c84fa94-04c1-424b-9868-57a2d4851a1d" /><TestEntry testId="90da3a8d-a714-46fe-95dc-5a7ce771f113" executionId="987e772e-0300-4619-a117-230847b2b314" testListId="8c84fa94-04c1-424b-9868-57a2d4851a1d" /><TestEntry testId="f3855daf-dc10-4097-a4d9-1cccb53921b2" executionId="c03802f6-a1b6-4b7a-9f9d-f76e6d6c9e98" testListId="8c84fa94-04c1-424b-9868-57a2d4851a1d" /><TestEntry testId="b86abdbc-5045-4616-96b6-1c7db48b6330" executionId="832e99dd-380f-4d45-8895-390502568a53" testListId="8c84fa94-04c1-424b-9868-57a2d4851a1d" /><TestEntry testId="5c8ce303-9073-4ae3-98b6-35eeaf437927" executionId="232e461d-5f78-4a89-9e34-bb3701250f6f" testListId="8c84fa94-04c1-424b-9868-57a2d4851a1d" /><TestEntry testId="ecd431c5-dafe-468b-b35c-8e8c89625bcd" executionId="af371d47-fff2-4b35-ab86-b4452e0d86ab" testListId="8c84fa94-04c1-424b-9868-57a2d4851a1d" /><TestEntry testId="5abca47c-c81b-4b47-9791-cfc22421f286" executionId="6b6b7b0e-fcfd-463a-8240-57b06eaba2b8" testListId="8c84fa94-04c1-424b-9868-57a2d4851a1d" /><TestEntry testId="09439151-b3a3-4c59-9a6f-aa78e8f7b762" executionId="7ceb1186-cf88-4a03-9a01-4d57c37e6cdb" testListId="8c84fa94-04c1-424b-9868-57a2d4851a1d" /><TestEntry testId="aa6fba14-28a5-4049-b233-25ec2ca4d91f" executionId="17d30d71-afa3-4ec4-a759-f616c7132a99" testListId="8c84fa94-04c1-424b-9868-57a2d4851a1d" /><TestEntry testId="03a76592-35ac-4241-a6f4-e8f3923fe768" executionId="9dffed69-41b6-4790-bcbb-457770fba9df" testListId="8c84fa94-04c1-424b-9868-57a2d4851a1d" /><TestEntry testId="6cfb243f-c92c-4d46-bc34-0fed8970a0f5" executionId="004e79ff-8201-44a0-b344-6f17232500b3" testListId="8c84fa94-04c1-424b-9868-57a2d4851a1d" /><TestEntry testId="eda4d37f-321b-466f-a624-319d4cb7c4c7" executionId="2605dbd7-ec9b-46e0-a0d2-c906cae9085f" testListId="8c84fa94-04c1-424b-9868-57a2d4851a1d" /><TestEntry testId="c75a048d-5ada-45b6-9406-f8733fb363f2" executionId="7dc3c06b-9e7d-473c-b18a-c05eab061244" testListId="8c84fa94-04c1-424b-9868-57a2d4851a1d" /><TestEntry testId="7edf9714-ab1a-4761-89b0-96052ef16a14" executionId="35b3ca34-dd97-4808-b416-f52f263b456a" testListId="8c84fa94-04c1-424b-9868-57a2d4851a1d" /><TestEntry testId="9da53539-cef3-44e5-ae04-0ea34fa0d9ae" executionId="e03b4f4b-ac27-476d-ac23-093b80f3f658" testListId="8c84fa94-04c1-424b-9868-57a2d4851a1d" /><TestEntry testId="130b1e81-016d-4d13-90c8-bf3ac2ca19ae" executionId="a7da0cf6-b99f-4283-85b4-cda7e926e2a0" testListId="8c84fa94-04c1-424b-9868-57a2d4851a1d" /><TestEntry testId="ce2bc3f7-97bb-4f5a-9c91-d5874d27b5fd" executionId="0811df3a-d484-4ce5-8993-ac63928394a0" testListId="8c84fa94-04c1-424b-9868-57a2d4851a1d" /><TestEntry testId="156d0598-60eb-465d-88d2-32203ee565af" executionId="96a40db6-57a3-409a-8410-cc8526ad76ae" testListId="8c84fa94-04c1-424b-9868-57a2d4851a1d" /><TestEntry testId="658ab7de-11ed-4a3a-bbed-4342f2e56aaf" executionId="b17cd3e1-4932-442d-ab65-dd1ea5bb98b8" testListId="8c84fa94-04c1-424b-9868-57a2d4851a1d" /><TestEntry testId="c0095af1-cf57-441e-9b30-9f6d318b0280" executionId="a114a35a-26f9-4b17-a661-0d424a12c56c" testListId="8c84fa94-04c1-424b-9868-57a2d4851a1d" /><TestEntry testId="54adc6f2-3f52-481f-aacf-c8d19bed49b3" executionId="afe07296-1cf7-4de4-b95d-e4763a9e2787" testListId="8c84fa94-04c1-424b-9868-57a2d4851a1d" /><TestEntry testId="6c13f9cf-affd-4564-9218-d56882d5bcf1" executionId="7c792200-1bae-4446-bd4b-2d3000aaea9a" testListId="8c84fa94-04c1-424b-9868-57a2d4851a1d" /><TestEntry testId="faefe80c-b8b6-4cb9-b826-c7f46910167c" executionId="b094ef09-908c-4290-8cf5-2d8f6ad73f4b" testListId="8c84fa94-04c1-424b-9868-57a2d4851a1d" /><TestEntry testId="b0ea3331-d8ab-42b1-8902-fb8997a2c7a6" executionId="224a97c5-5909-4d11-ae56-a4f02ce1b0ae" testListId="8c84fa94-04c1-424b-9868-57a2d4851a1d" /><TestEntry testId="3f93b618-b52d-4bde-9487-dfc16bca922d" executionId="89f51cb6-cc77-498c-8386-4af549776134" testListId="8c84fa94-04c1-424b-9868-57a2d4851a1d" /><TestEntry testId="02b8f175-9ba9-445b-9e71-52b97ea83e2b" executionId="fadd479f-3e7d-430c-8d8e-112f61369ffb" testListId="8c84fa94-04c1-424b-9868-57a2d4851a1d" /><TestEntry testId="c72e1910-21e1-4da3-b3fa-73ebff7b4152" executionId="e93303d0-4891-478a-9c72-354e74fe0a76" testListId="8c84fa94-04c1-424b-9868-57a2d4851a1d" /><TestEntry testId="a7ec9c3e-02c6-48c9-9fb7-59436fd0718f" executionId="c705fa25-4382-448b-970a-207810ab6a2a" testListId="8c84fa94-04c1-424b-9868-57a2d4851a1d" /><TestEntry testId="ba2e1bd5-cebf-4260-8695-74cb3aa66ac0" executionId="8c74896d-ca57-45f3-ba52-10e8fd79b442" testListId="8c84fa94-04c1-424b-9868-57a2d4851a1d" /><TestEntry testId="afa8ddc5-2e12-490d-b214-31587183e608" executionId="48ab69a1-157e-4beb-b1f1-05315a13c8fe" testListId="8c84fa94-04c1-424b-9868-57a2d4851a1d" /><TestEntry testId="3967e696-6c53-4a09-a870-864cb8e7a99e" executionId="8a5f2f7c-9f9f-4b09-9afa-91818c884c3f" testListId="8c84fa94-04c1-424b-9868-57a2d4851a1d" /><TestEntry testId="df2fc2bb-e2a2-4138-ad2f-a068f8eb725e" executionId="5df27eae-734b-46d4-9830-3b94b1747851" testListId="8c84fa94-04c1-424b-9868-57a2d4851a1d" /><TestEntry testId="c958455e-eebe-4ef8-8279-e34deb57e23b" executionId="e71d9b4d-5f08-4d69-ba10-265851629113" testListId="8c84fa94-04c1-424b-9868-57a2d4851a1d" /><TestEntry testId="a4f4585f-fa88-4de2-9564-c7d90110465d" executionId="785773ec-2452-482e-adc3-633aa83db8b7" testListId="8c84fa94-04c1-424b-9868-57a2d4851a1d" /><TestEntry testId="59ea43d8-fa23-42d7-95af-aae9ed076a36" executionId="28d65d2c-4fc5-4d63-9f85-027320ad59da" testListId="8c84fa94-04c1-424b-9868-57a2d4851a1d" /><TestEntry testId="211f28ff-7624-49eb-9d7a-e1d7ac4a4ee5" executionId="09e140ac-9e2f-4b21-b28b-98a7ce0f8603" testListId="8c84fa94-04c1-424b-9868-57a2d4851a1d" /><TestEntry testId="72c3b94b-954a-48fe-a5e9-6e74eb6d2c49" executionId="4ea80e6a-3186-4082-8744-d0d077b971bc" testListId="8c84fa94-04c1-424b-9868-57a2d4851a1d" /><TestEntry testId="76278637-4ae8-4721-8da5-1ee3d0ea7572" executionId="bd49a536-3bdc-4ffa-9905-28895d2ccdcf" testListId="8c84fa94-04c1-424b-9868-57a2d4851a1d" /><TestEntry testId="748f87a5-8069-4ec0-9423-3b6178977a1f" executionId="9a23332e-8da9-4623-a247-9c4d40b46add" testListId="8c84fa94-04c1-424b-9868-57a2d4851a1d" /><TestEntry testId="b09d9c12-2b92-4747-af78-d4e3fba45f4d" executionId="72322134-d69d-4ac4-9d59-3d10be389f1b" testListId="8c84fa94-04c1-424b-9868-57a2d4851a1d" /><TestEntry testId="2cb16a5b-df70-462c-a22a-e49192a1bbf4" executionId="91dd2757-fe06-4216-bc35-3e906b0f917f" testListId="8c84fa94-04c1-424b-9868-57a2d4851a1d" /><TestEntry testId="30012f3f-5f3d-42dd-a0a1-d3f722a2eea7" executionId="405b3a74-ebe1-4bf0-a8cc-21449768da5a" testListId="8c84fa94-04c1-424b-9868-57a2d4851a1d" /><TestEntry testId="fc66538b-cbaa-478c-98aa-db2dc5e6db70" executionId="72f96d51-6e0d-4a30-8b39-52732f33c89f" testListId="8c84fa94-04c1-424b-9868-57a2d4851a1d" /><TestEntry testId="cec85f6a-afaf-4f65-8592-b4239d6119c5" executionId="92a27230-b3af-44a5-9a4e-60c8435d5397" testListId="8c84fa94-04c1-424b-9868-57a2d4851a1d" /><TestEntry testId="14fbff68-c190-476f-b491-a1afe060a69f" executionId="5ea5cdc3-65fc-4660-994d-9e18183e3a59" testListId="8c84fa94-04c1-424b-9868-57a2d4851a1d" /><TestEntry testId="cf487bef-1c9e-45ee-84cb-bb5ef36a8609" executionId="fe8be5de-477e-46d2-a8e9-4c6514193162" testListId="8c84fa94-04c1-424b-9868-57a2d4851a1d" /><TestEntry testId="492d64f5-7781-4c81-9cc3-e57001181869" executionId="b980e48e-3b86-4dc9-9a0c-547373fc6c60" testListId="8c84fa94-04c1-424b-9868-57a2d4851a1d" /><TestEntry testId="8dd638d7-b9a1-4118-8b6d-8fc9a086ad9e" executionId="34c79204-b967-43bd-a96a-3db0463b9c42" testListId="8c84fa94-04c1-424b-9868-57a2d4851a1d" /></TestEntries><TestLists><TestList name="Results Not in a List" id="8c84fa94-04c1-424b-9868-57a2d4851a1d" /><TestList name="All Loaded Results" id="19431567-8539-422a-85d7-44ee4e166bda" /></TestLists><ResultSummary outcome="Completed"><Counters total="151" executed="151" passed="151" failed="0" error="0" timeout="0" aborted="0" inconclusive="0" passedButRunAborted="0" notRunnable="0" notExecuted="0" disconnected="0" warning="0" completed="0" inProgress="0" pending="0" /><Output><StdOut>[xUnit.net 00:00:01.0739313]   Discovering: ModelRelief.Test[xUnit.net 00:00:01.1853147]   Discovered:  ModelRelief.Test[xUnit.net 00:00:01.1913238]   Starting:    ModelRelief.Test[xUnit.net 00:00:19.4870283]   Finished:    ModelRelief.Test</StdOut></Output></ResultSummary></TestRun>