<?xml version="1.0" encoding="utf-8"?><TestRun id="2da183bd-b63c-40d5-85ec-d7bf172aa935" name="steve@LAMBDA 2018-07-17 13:52:14" runUser="LAMBDA\steve" xmlns="http://microsoft.com/schemas/VisualStudio/TeamTest/2010"><Times creation="2018-07-17T13:52:14.5499120-04:00" queuing="2018-07-17T13:52:14.5499329-04:00" start="2018-07-17T13:52:09.3568637-04:00" finish="2018-07-17T13:52:35.7671713-04:00" /><TestSettings name="default" id="89946fc9-c925-4d5b-83eb-ed3d682ea8ed"><Deployment runDeploymentRoot="steve_LAMBDA_2018-07-17_13_52_14" /></TestSettings><Results><UnitTestResult executionId="530855ed-8ecc-4805-98d3-e3be23122e54" testId="02dc7624-c07a-47ec-a2a6-642c127b0bf2" testName="GetList_ListReturnsCorrectCount" computerName="LAMBDA" duration="00:00:00.0690000" startTime="2018-07-17T13:52:15.8653402-04:00" endTime="2018-07-17T13:52:15.8653462-04:00" testType="13cdc9d9-ddb5-4fa4-a97d-d965ccfc6d4b" outcome="Passed" testListId="8c84fa94-04c1-424b-9868-57a2d4851a1d" relativeResultsDirectory="530855ed-8ecc-4805-98d3-e3be23122e54" /><UnitTestResult executionId="99576a81-762d-4817-bd1b-9338ccbd568d" testId="fc35969c-19f2-4217-b301-cd642fe81063" testName="PostFile_FileIsSynchronizedIsUpdatedAfterFileIsPosted" computerName="LAMBDA" duration="00:00:00.0010000" startTime="2018-07-17T13:52:18.4344085-04:00" endTime="2018-07-17T13:52:18.4344124-04:00" testType="13cdc9d9-ddb5-4fa4-a97d-d965ccfc6d4b" outcome="Passed" testListId="8c84fa94-04c1-424b-9868-57a2d4851a1d" relativeResultsDirectory="99576a81-762d-4817-bd1b-9338ccbd568d" /><UnitTestResult executionId="01d47d48-f06b-4404-91d9-e26a93304730" testId="c5e70530-9e47-4f38-9cb5-c2581a36db87" testName="Post_InvalidReferencePropertyReturnsBadRequest" computerName="LAMBDA" duration="00:00:00.1350000" startTime="2018-07-17T13:52:16.0371016-04:00" endTime="2018-07-17T13:52:16.0371067-04:00" testType="13cdc9d9-ddb5-4fa4-a97d-d965ccfc6d4b" outcome="Passed" testListId="8c84fa94-04c1-424b-9868-57a2d4851a1d" relativeResultsDirectory="01d47d48-f06b-4404-91d9-e26a93304730" /><UnitTestResult executionId="a3192520-3a52-4dea-8906-a94ccb1b8ef0" testId="ff5f4774-2c07-4197-8d33-350e088919ba" testName="GetSingle_ValidIdPropertyValueReturnsCorrectModel" computerName="LAMBDA" duration="00:00:00.0060000" startTime="2018-07-17T13:52:19.1638549-04:00" endTime="2018-07-17T13:52:19.1638587-04:00" testType="13cdc9d9-ddb5-4fa4-a97d-d965ccfc6d4b" outcome="Passed" testListId="8c84fa94-04c1-424b-9868-57a2d4851a1d" relativeResultsDirectory="a3192520-3a52-4dea-8906-a94ccb1b8ef0" /><UnitTestResult executionId="c9c3e0b1-cb0d-4496-9628-7a64c227260b" testId="c3b50f80-eae7-4d73-b379-360ffa9cc7cb" testName="Post_CanCreateNewModel" computerName="LAMBDA" duration="00:00:00.0140000" startTime="2018-07-17T13:52:34.9909410-04:00" endTime="2018-07-17T13:52:34.9909453-04:00" testType="13cdc9d9-ddb5-4fa4-a97d-d965ccfc6d4b" outcome="Passed" testListId="8c84fa94-04c1-424b-9868-57a2d4851a1d" relativeResultsDirectory="c9c3e0b1-cb0d-4496-9628-7a64c227260b" /><UnitTestResult executionId="8b3bfd8f-2456-4cb3-aa63-9e5d2cfd5d21" testId="94392aeb-3348-4e75-991f-695d4666956d" testName="Patch_ValidReferencePropertyUpdatesModel" computerName="LAMBDA" duration="00:00:00.7240000" startTime="2018-07-17T13:52:21.2238688-04:00" endTime="2018-07-17T13:52:21.2238739-04:00" testType="13cdc9d9-ddb5-4fa4-a97d-d965ccfc6d4b" outcome="Passed" testListId="8c84fa94-04c1-424b-9868-57a2d4851a1d" relativeResultsDirectory="8b3bfd8f-2456-4cb3-aa63-9e5d2cfd5d21" /><UnitTestResult executionId="3bf03286-d3cb-47c4-bfa1-7bc50b908aa1" testId="96f39b44-c52c-4945-aae8-375350501b23" testName="GetList_ListReturnsCorrectCount" computerName="LAMBDA" duration="00:00:00.5230000" startTime="2018-07-17T13:52:19.6937953-04:00" endTime="2018-07-17T13:52:19.6937996-04:00" testType="13cdc9d9-ddb5-4fa4-a97d-d965ccfc6d4b" outcome="Passed" testListId="8c84fa94-04c1-424b-9868-57a2d4851a1d" relativeResultsDirectory="3bf03286-d3cb-47c4-bfa1-7bc50b908aa1" /><UnitTestResult executionId="1547657a-7755-4aa4-9644-caa29beba594" testId="2e7c106d-5033-4285-887c-da8b1f75e2b1" testName="FileRequest_FileCanBeReadAfterRename" computerName="LAMBDA" duration="00:00:00.2290000" startTime="2018-07-17T13:52:18.2580388-04:00" endTime="2018-07-17T13:52:18.2580443-04:00" testType="13cdc9d9-ddb5-4fa4-a97d-d965ccfc6d4b" outcome="Passed" testListId="8c84fa94-04c1-424b-9868-57a2d4851a1d" relativeResultsDirectory="1547657a-7755-4aa4-9644-caa29beba594" /><UnitTestResult executionId="53b7860c-620d-4470-9ece-955a839088a4" testId="79b7c5e2-1321-41af-9d32-88a95fe367e1" testName="Patch_InvalidEnumPropertyValueReturnsBadRequest" computerName="LAMBDA" duration="00:00:00.0060000" startTime="2018-07-17T13:52:17.0864246-04:00" endTime="2018-07-17T13:52:17.0864306-04:00" testType="13cdc9d9-ddb5-4fa4-a97d-d965ccfc6d4b" outcome="Passed" testListId="8c84fa94-04c1-424b-9868-57a2d4851a1d" relativeResultsDirectory="53b7860c-620d-4470-9ece-955a839088a4" /><UnitTestResult executionId="9c3f8d5d-378d-450d-8aee-93e40f7286b7" testId="dfb17a1c-8a56-44ac-8bff-101c780983f8" testName="Patch_TargetPropertyIsUpdated" computerName="LAMBDA" duration="00:00:00.1830000" startTime="2018-07-17T13:52:35.6229073-04:00" endTime="2018-07-17T13:52:35.6229125-04:00" testType="13cdc9d9-ddb5-4fa4-a97d-d965ccfc6d4b" outcome="Passed" testListId="8c84fa94-04c1-424b-9868-57a2d4851a1d" relativeResultsDirectory="9c3f8d5d-378d-450d-8aee-93e40f7286b7" /><UnitTestResult executionId="2de4b327-5a0b-4161-8745-ed319ba727b4" testId="9995f849-e0f0-4e40-915d-3a7cc94527c9" testName="PutFile_NewFileCanBePut" computerName="LAMBDA" duration="00:00:00.0610000" startTime="2018-07-17T13:52:34.7830052-04:00" endTime="2018-07-17T13:52:34.7830099-04:00" testType="13cdc9d9-ddb5-4fa4-a97d-d965ccfc6d4b" outcome="Passed" testListId="8c84fa94-04c1-424b-9868-57a2d4851a1d" relativeResultsDirectory="2de4b327-5a0b-4161-8745-ed319ba727b4" /><UnitTestResult executionId="06a9efac-b240-4d41-ac12-432669ef0757" testId="0111bdd3-6783-4df2-abcc-63dec3fc048f" testName="Patch_InvalidEnumPropertyValueReturnsBadRequest" computerName="LAMBDA" duration="00:00:00.0260000" startTime="2018-07-17T13:52:31.3856572-04:00" endTime="2018-07-17T13:52:31.3856636-04:00" testType="13cdc9d9-ddb5-4fa4-a97d-d965ccfc6d4b" outcome="Passed" testListId="8c84fa94-04c1-424b-9868-57a2d4851a1d" relativeResultsDirectory="06a9efac-b240-4d41-ac12-432669ef0757" /><UnitTestResult executionId="197df608-7773-4249-b8fb-0094d49d1ca8" testId="dd073190-da4f-4f0f-b1f9-3ff7748d4e09" testName="Patch_TargetPropertyIsUpdated" computerName="LAMBDA" duration="00:00:00.5640000" startTime="2018-07-17T13:52:16.6020190-04:00" endTime="2018-07-17T13:52:16.6020250-04:00" testType="13cdc9d9-ddb5-4fa4-a97d-d965ccfc6d4b" outcome="Passed" testListId="8c84fa94-04c1-424b-9868-57a2d4851a1d" relativeResultsDirectory="197df608-7773-4249-b8fb-0094d49d1ca8" /><UnitTestResult executionId="b5cada3c-ea8f-4d12-88e3-536d0cf870f3" testId="ef031fdb-3e1e-4ae1-9647-7fd3e2fddc9b" testName="Patch_ValidReferencePropertyUpdatesModel" computerName="LAMBDA" duration="00:00:00.0460000" startTime="2018-07-17T13:52:19.0653100-04:00" endTime="2018-07-17T13:52:19.0653147-04:00" testType="13cdc9d9-ddb5-4fa4-a97d-d965ccfc6d4b" outcome="Passed" testListId="8c84fa94-04c1-424b-9868-57a2d4851a1d" relativeResultsDirectory="b5cada3c-ea8f-4d12-88e3-536d0cf870f3" /><UnitTestResult executionId="e9f6b70d-3a65-4bcd-a832-83cec03406ef" testId="d031dc08-1470-44c4-b59c-ff4fc9487d8b" testName="Patch_InvalidIdPropertyReturnsNotFound" computerName="LAMBDA" duration="00:00:00.0190000" startTime="2018-07-17T13:52:32.1341132-04:00" endTime="2018-07-17T13:52:32.1341192-04:00" testType="13cdc9d9-ddb5-4fa4-a97d-d965ccfc6d4b" outcome="Passed" testListId="8c84fa94-04c1-424b-9868-57a2d4851a1d" relativeResultsDirectory="e9f6b70d-3a65-4bcd-a832-83cec03406ef" /><UnitTestResult executionId="021fd0de-74c0-41aa-bbe1-1b1e1fe00919" testId="b3840392-946a-4f60-ae5e-ec58021c6a54" testName="Post_InvalidPropertyValueReturnsBadRequest" computerName="LAMBDA" duration="00:00:00.0030000" startTime="2018-07-17T13:52:35.2188247-04:00" endTime="2018-07-17T13:52:35.2188302-04:00" testType="13cdc9d9-ddb5-4fa4-a97d-d965ccfc6d4b" outcome="Passed" testListId="8c84fa94-04c1-424b-9868-57a2d4851a1d" relativeResultsDirectory="021fd0de-74c0-41aa-bbe1-1b1e1fe00919" /><UnitTestResult executionId="836dac26-d15f-4c7f-9999-54968c5b2aac" testId="354d6133-cf39-4cc5-a1bb-4f66c8228e98" testName="FileRequest_MeshGenerateScalesDepthBufferByUnsharpHighFrequencyScale" computerName="LAMBDA" duration="00:00:02.5640000" startTime="2018-07-17T13:52:31.3583922-04:00" endTime="2018-07-17T13:52:31.3583986-04:00" testType="13cdc9d9-ddb5-4fa4-a97d-d965ccfc6d4b" outcome="Passed" testListId="8c84fa94-04c1-424b-9868-57a2d4851a1d" relativeResultsDirectory="836dac26-d15f-4c7f-9999-54968c5b2aac" /><UnitTestResult executionId="9251ccc8-e80f-424e-a8ba-147077418008" testId="2abc3442-f84f-4774-8f27-954733f721bc" testName="PostFile_FileTimeStampIsUpdatedAfterFileIsPosted" computerName="LAMBDA" duration="00:00:01.2770000" startTime="2018-07-17T13:52:34.1045110-04:00" endTime="2018-07-17T13:52:34.1045178-04:00" testType="13cdc9d9-ddb5-4fa4-a97d-d965ccfc6d4b" outcome="Passed" testListId="8c84fa94-04c1-424b-9868-57a2d4851a1d" relativeResultsDirectory="9251ccc8-e80f-424e-a8ba-147077418008" /><UnitTestResult executionId="ad2922d0-14cd-4cab-b3fa-b3c4327e35ad" testId="a0f0b801-bf00-44c7-8589-1529f857dbc0" testName="Patch_InvalidReferencePropertyReturnsBadRequest" computerName="LAMBDA" duration="00:00:00.0020000" startTime="2018-07-17T13:52:15.6676459-04:00" endTime="2018-07-17T13:52:15.6676498-04:00" testType="13cdc9d9-ddb5-4fa4-a97d-d965ccfc6d4b" outcome="Passed" testListId="8c84fa94-04c1-424b-9868-57a2d4851a1d" relativeResultsDirectory="ad2922d0-14cd-4cab-b3fa-b3c4327e35ad" /><UnitTestResult executionId="311f6bbb-0d16-4a02-bda0-87a41a149daa" testId="b63cb782-3395-48c0-aad7-279865cb96f1" testName="Patch_TargetPropertyIsUpdated" computerName="LAMBDA" duration="00:00:00.0450000" startTime="2018-07-17T13:52:21.8750364-04:00" endTime="2018-07-17T13:52:21.8750424-04:00" testType="13cdc9d9-ddb5-4fa4-a97d-d965ccfc6d4b" outcome="Passed" testListId="8c84fa94-04c1-424b-9868-57a2d4851a1d" relativeResultsDirectory="311f6bbb-0d16-4a02-bda0-87a41a149daa" /><UnitTestResult executionId="ab37ee74-af2c-4fdd-a900-2a70ff3c6cb3" testId="ef026c4c-679b-4f81-8314-a173a0a7c648" testName="Delete_TargetModelIsDeleted" computerName="LAMBDA" duration="00:00:00.0200000" startTime="2018-07-17T13:52:21.9982696-04:00" endTime="2018-07-17T13:52:21.9982756-04:00" testType="13cdc9d9-ddb5-4fa4-a97d-d965ccfc6d4b" outcome="Passed" testListId="8c84fa94-04c1-424b-9868-57a2d4851a1d" relativeResultsDirectory="ab37ee74-af2c-4fdd-a900-2a70ff3c6cb3" /><UnitTestResult executionId="a642875a-b1a0-4593-8830-1ed9aa071899" testId="0860e894-5f9d-4fe7-b6b2-b57be746b623" testName="GetSingle_ValidIdPropertyValueReturnsCorrectModel" computerName="LAMBDA" duration="00:00:00.0100000" startTime="2018-07-17T13:52:22.0085586-04:00" endTime="2018-07-17T13:52:22.0085655-04:00" testType="13cdc9d9-ddb5-4fa4-a97d-d965ccfc6d4b" outcome="Passed" testListId="8c84fa94-04c1-424b-9868-57a2d4851a1d" relativeResultsDirectory="a642875a-b1a0-4593-8830-1ed9aa071899" /><UnitTestResult executionId="5a338a11-2a09-4816-8d23-721b9e652d5a" testId="90749a87-e596-4bc8-838e-2ae518c953b0" testName="PostFile_FileIsSynchronizedIsUpdatedAfterFileIsPosted" computerName="LAMBDA" duration="00:00:00.1120000" startTime="2018-07-17T13:52:28.6952617-04:00" endTime="2018-07-17T13:52:28.6952668-04:00" testType="13cdc9d9-ddb5-4fa4-a97d-d965ccfc6d4b" outcome="Passed" testListId="8c84fa94-04c1-424b-9868-57a2d4851a1d" relativeResultsDirectory="5a338a11-2a09-4816-8d23-721b9e652d5a" /><UnitTestResult executionId="31990aa6-9ce1-4b03-a170-351ed342493b" testId="b4e63c90-7593-4f37-ac13-dcb0ff8e0724" testName="Patch_InvalidPropertyNameReturnsBadRequest" computerName="LAMBDA" duration="00:00:00.0060000" startTime="2018-07-17T13:52:21.9175504-04:00" endTime="2018-07-17T13:52:21.9175559-04:00" testType="13cdc9d9-ddb5-4fa4-a97d-d965ccfc6d4b" outcome="Passed" testListId="8c84fa94-04c1-424b-9868-57a2d4851a1d" relativeResultsDirectory="31990aa6-9ce1-4b03-a170-351ed342493b" /><UnitTestResult executionId="d62cd7ff-0797-4a2e-9312-98e31c6f23b0" testId="9c288e53-e605-4996-a167-7bc7497cc3bc" testName="Post_CanCreateNewModel" computerName="LAMBDA" duration="00:00:00.0170000" startTime="2018-07-17T13:52:21.8930039-04:00" endTime="2018-07-17T13:52:21.8930094-04:00" testType="13cdc9d9-ddb5-4fa4-a97d-d965ccfc6d4b" outcome="Passed" testListId="8c84fa94-04c1-424b-9868-57a2d4851a1d" relativeResultsDirectory="d62cd7ff-0797-4a2e-9312-98e31c6f23b0" /><UnitTestResult executionId="338c89b3-e708-47d3-b7ad-ac1d319f7df1" testId="5985b49b-ec77-4a09-a861-4aec76004d6e" testName="Post_ValidReferencePropertyCreatesModel" computerName="LAMBDA" duration="00:00:00.0180000" startTime="2018-07-17T13:52:21.9780344-04:00" endTime="2018-07-17T13:52:21.9780404-04:00" testType="13cdc9d9-ddb5-4fa4-a97d-d965ccfc6d4b" outcome="Passed" testListId="8c84fa94-04c1-424b-9868-57a2d4851a1d" relativeResultsDirectory="338c89b3-e708-47d3-b7ad-ac1d319f7df1" /><UnitTestResult executionId="775b0b7a-a674-40f9-b056-ee85eb6759a3" testId="b0d37f8b-ec9a-4c6b-a4f4-e96aa8745151" testName="Patch_InvalidPropertyNameReturnsBadRequest" computerName="LAMBDA" duration="00:00:00.0060000" startTime="2018-07-17T13:52:16.8445246-04:00" endTime="2018-07-17T13:52:16.8445302-04:00" testType="13cdc9d9-ddb5-4fa4-a97d-d965ccfc6d4b" outcome="Passed" testListId="8c84fa94-04c1-424b-9868-57a2d4851a1d" relativeResultsDirectory="775b0b7a-a674-40f9-b056-ee85eb6759a3" /><UnitTestResult executionId="8d1eb9fc-28ad-468e-8843-ee30cbf1383c" testId="5028908b-8b2d-4a01-b165-4314aa05a4ee" testName="Patch_ValidReferencePropertyUpdatesModel" computerName="LAMBDA" duration="00:00:00.0620000" startTime="2018-07-17T13:52:35.2811590-04:00" endTime="2018-07-17T13:52:35.2811646-04:00" testType="13cdc9d9-ddb5-4fa4-a97d-d965ccfc6d4b" outcome="Passed" testListId="8c84fa94-04c1-424b-9868-57a2d4851a1d" relativeResultsDirectory="8d1eb9fc-28ad-468e-8843-ee30cbf1383c" /><UnitTestResult executionId="9688b170-bac5-497b-b485-04a05efe1333" testId="c29381d2-843e-4830-8522-b85ae3821b2e" testName="Put_ValidReferencePropertyUpdatesModel" computerName="LAMBDA" duration="00:00:00.0690000" startTime="2018-07-17T13:52:18.9795572-04:00" endTime="2018-07-17T13:52:18.9795619-04:00" testType="13cdc9d9-ddb5-4fa4-a97d-d965ccfc6d4b" outcome="Passed" testListId="8c84fa94-04c1-424b-9868-57a2d4851a1d" relativeResultsDirectory="9688b170-bac5-497b-b485-04a05efe1333" /><UnitTestResult executionId="49b02e09-18b2-4fd5-8239-0904fca10425" testId="d1a6572e-98d6-465e-ad18-9747de722ea3" testName="Patch_InvalidEnumPropertyValueReturnsBadRequest" computerName="LAMBDA" duration="00:00:00.0010000" startTime="2018-07-17T13:52:19.0190434-04:00" endTime="2018-07-17T13:52:19.0190460-04:00" testType="13cdc9d9-ddb5-4fa4-a97d-d965ccfc6d4b" outcome="Passed" testListId="8c84fa94-04c1-424b-9868-57a2d4851a1d" relativeResultsDirectory="49b02e09-18b2-4fd5-8239-0904fca10425" /><UnitTestResult executionId="919b6b09-b932-4d68-99da-14ca0d84723c" testId="9663f38e-693f-4c8f-899a-1c8a4c25cdad" testName="Post_ValidReferencePropertyCreatesModel" computerName="LAMBDA" duration="00:00:00.0170000" startTime="2018-07-17T13:52:35.1773443-04:00" endTime="2018-07-17T13:52:35.1773486-04:00" testType="13cdc9d9-ddb5-4fa4-a97d-d965ccfc6d4b" outcome="Passed" testListId="8c84fa94-04c1-424b-9868-57a2d4851a1d" relativeResultsDirectory="919b6b09-b932-4d68-99da-14ca0d84723c" /><UnitTestResult executionId="2ae3d433-77e4-42a1-8b03-9bd8a0c07ead" testId="eac83b62-1fa3-4c3c-bd84-e3946d2bd00f" testName="Post_InvalidReferencePropertyReturnsBadRequest" computerName="LAMBDA" duration="00:00:00.0070000" startTime="2018-07-17T13:52:21.9388574-04:00" endTime="2018-07-17T13:52:21.9388634-04:00" testType="13cdc9d9-ddb5-4fa4-a97d-d965ccfc6d4b" outcome="Passed" testListId="8c84fa94-04c1-424b-9868-57a2d4851a1d" relativeResultsDirectory="2ae3d433-77e4-42a1-8b03-9bd8a0c07ead" /><UnitTestResult executionId="f34054a2-68f7-48e3-bd80-c4d36b05611d" testId="702e7d92-1a5a-4b0c-85f2-4dbe39791c92" testName="Patch_MultipleInvalidReferencePropertiesReturnsMultipleValidationErrorsAndBadRequest" computerName="LAMBDA" duration="00:00:00.0250000" startTime="2018-07-17T13:52:35.2028893-04:00" endTime="2018-07-17T13:52:35.2028936-04:00" testType="13cdc9d9-ddb5-4fa4-a97d-d965ccfc6d4b" outcome="Passed" testListId="8c84fa94-04c1-424b-9868-57a2d4851a1d" relativeResultsDirectory="f34054a2-68f7-48e3-bd80-c4d36b05611d" /><UnitTestResult executionId="fe2608aa-ee46-4b49-8915-83855e80eb43" testId="42fb139c-9465-4788-9a05-42a9bf39d431" testName="LucyDepthBufferFindsOneDependent" computerName="LAMBDA" duration="00:00:00.0090000" startTime="2018-07-17T13:52:14.6302018-04:00" endTime="2018-07-17T13:52:14.6302074-04:00" testType="13cdc9d9-ddb5-4fa4-a97d-d965ccfc6d4b" outcome="Passed" testListId="8c84fa94-04c1-424b-9868-57a2d4851a1d" relativeResultsDirectory="fe2608aa-ee46-4b49-8915-83855e80eb43" /><UnitTestResult executionId="b16f1c14-367c-419d-924b-aa9bc5ebb5fc" testId="64c2000d-d304-407f-b37e-0ab243a09965" testName="Post_CanCreateNewModel" computerName="LAMBDA" duration="00:00:00.0180000" startTime="2018-07-17T13:52:18.8585666-04:00" endTime="2018-07-17T13:52:18.8585734-04:00" testType="13cdc9d9-ddb5-4fa4-a97d-d965ccfc6d4b" outcome="Passed" testListId="8c84fa94-04c1-424b-9868-57a2d4851a1d" relativeResultsDirectory="b16f1c14-367c-419d-924b-aa9bc5ebb5fc" /><UnitTestResult executionId="33de71ab-1420-4a4e-9b98-69007baba146" testId="7d738324-8024-4842-9e45-545fb71e03a7" testName="Put_CanUpdateModel" computerName="LAMBDA" duration="00:00:00.0630000" startTime="2018-07-17T13:52:35.1431414-04:00" endTime="2018-07-17T13:52:35.1431466-04:00" testType="13cdc9d9-ddb5-4fa4-a97d-d965ccfc6d4b" outcome="Passed" testListId="8c84fa94-04c1-424b-9868-57a2d4851a1d" relativeResultsDirectory="33de71ab-1420-4a4e-9b98-69007baba146" /><UnitTestResult executionId="1a76dbbc-bcd8-49b4-8c9f-bccf3a1caf66" testId="70d96000-00be-48e1-9dad-dfa0b72d0110" testName="PutFile_FileCanBeUpdated" computerName="LAMBDA" duration="00:00:00.3580000" startTime="2018-07-17T13:52:17.8150272-04:00" endTime="2018-07-17T13:52:17.8150332-04:00" testType="13cdc9d9-ddb5-4fa4-a97d-d965ccfc6d4b" outcome="Passed" testListId="8c84fa94-04c1-424b-9868-57a2d4851a1d" relativeResultsDirectory="1a76dbbc-bcd8-49b4-8c9f-bccf3a1caf66" /><UnitTestResult executionId="25a9a864-a765-4eee-a294-a5d2de1c0294" testId="44ccb20f-56a4-4e0c-a9f9-1d19be071124" testName="Patch_InvalidReferencePropertyReturnsBadRequest" computerName="LAMBDA" duration="00:00:00.0110000" startTime="2018-07-17T13:52:18.8702672-04:00" endTime="2018-07-17T13:52:18.8702723-04:00" testType="13cdc9d9-ddb5-4fa4-a97d-d965ccfc6d4b" outcome="Passed" testListId="8c84fa94-04c1-424b-9868-57a2d4851a1d" relativeResultsDirectory="25a9a864-a765-4eee-a294-a5d2de1c0294" /><UnitTestResult executionId="01a2450b-0c1d-4374-b61d-ae35d5de41d9" testId="6f5af7db-18c6-46bc-851c-d6389275d0ab" testName="GetSingle_ValidIdPropertyValueReturnsCorrectModel" computerName="LAMBDA" duration="00:00:00.0160000" startTime="2018-07-17T13:52:16.8650071-04:00" endTime="2018-07-17T13:52:16.8650135-04:00" testType="13cdc9d9-ddb5-4fa4-a97d-d965ccfc6d4b" outcome="Passed" testListId="8c84fa94-04c1-424b-9868-57a2d4851a1d" relativeResultsDirectory="01a2450b-0c1d-4374-b61d-ae35d5de41d9" /><UnitTestResult executionId="8f106672-57cf-411f-be6a-2088446f6699" testId="e2ecd3b7-6eef-4a79-bdf2-e132a7c0898f" testName="Patch_InvalidIdPropertyReturnsNotFound" computerName="LAMBDA" duration="00:00:00.0080000" startTime="2018-07-17T13:52:21.9254752-04:00" endTime="2018-07-17T13:52:21.9254825-04:00" testType="13cdc9d9-ddb5-4fa4-a97d-d965ccfc6d4b" outcome="Passed" testListId="8c84fa94-04c1-424b-9868-57a2d4851a1d" relativeResultsDirectory="8f106672-57cf-411f-be6a-2088446f6699" /><UnitTestResult executionId="5c6809fd-5687-49f6-876c-ce1c578e4eae" testId="a9604e16-0c33-4eb7-bfd3-1340abd2b7d0" testName="GetFile_NonExistentFileReturnsNotFound" computerName="LAMBDA" duration="00:00:00.0070000" startTime="2018-07-17T13:52:18.4334113-04:00" endTime="2018-07-17T13:52:18.4334181-04:00" testType="13cdc9d9-ddb5-4fa4-a97d-d965ccfc6d4b" outcome="Passed" testListId="8c84fa94-04c1-424b-9868-57a2d4851a1d" relativeResultsDirectory="5c6809fd-5687-49f6-876c-ce1c578e4eae" /><UnitTestResult executionId="27ae5ec9-0eee-4b4a-9928-a4aea3b4e1bf" testId="9efa1cd8-0bdf-4123-8884-64642a8882e8" testName="Patch_MultipleInvalidReferencePropertiesReturnsMultipleValidationErrorsAndBadRequest" computerName="LAMBDA" duration="00:00:00.0150000" startTime="2018-07-17T13:52:32.6502101-04:00" endTime="2018-07-17T13:52:32.6502178-04:00" testType="13cdc9d9-ddb5-4fa4-a97d-d965ccfc6d4b" outcome="Passed" testListId="8c84fa94-04c1-424b-9868-57a2d4851a1d" relativeResultsDirectory="27ae5ec9-0eee-4b4a-9928-a4aea3b4e1bf" /><UnitTestResult executionId="68b41a86-5d6d-4774-a0f9-319529bd0d6b" testId="255b9b61-e0bf-4777-87e7-9585636bb0f3" testName="MeshTransformHasExpectedDependentFiles" computerName="LAMBDA" duration="00:00:00.0010000" startTime="2018-07-17T13:52:14.6199455-04:00" endTime="2018-07-17T13:52:14.6199489-04:00" testType="13cdc9d9-ddb5-4fa4-a97d-d965ccfc6d4b" outcome="Passed" testListId="8c84fa94-04c1-424b-9868-57a2d4851a1d" relativeResultsDirectory="68b41a86-5d6d-4774-a0f9-319529bd0d6b" /><UnitTestResult executionId="7106338c-b11f-4246-abc1-bdc30ffc5d05" testId="96dd0339-482d-47c5-9b47-258f75da334c" testName="Post_CanCreateNewModel" computerName="LAMBDA" duration="00:00:00.0160000" startTime="2018-07-17T13:52:17.1031934-04:00" endTime="2018-07-17T13:52:17.1031998-04:00" testType="13cdc9d9-ddb5-4fa4-a97d-d965ccfc6d4b" outcome="Passed" testListId="8c84fa94-04c1-424b-9868-57a2d4851a1d" relativeResultsDirectory="7106338c-b11f-4246-abc1-bdc30ffc5d05" /><UnitTestResult executionId="75540e4e-12c2-4322-ae19-43ade541597c" testId="66a4ce4c-ed53-412c-a5c3-2cd88df16812" testName="Put_CanUpdateModel" computerName="LAMBDA" duration="00:00:00.5570000" startTime="2018-07-17T13:52:21.7817437-04:00" endTime="2018-07-17T13:52:21.7817488-04:00" testType="13cdc9d9-ddb5-4fa4-a97d-d965ccfc6d4b" outcome="Passed" testListId="8c84fa94-04c1-424b-9868-57a2d4851a1d" relativeResultsDirectory="75540e4e-12c2-4322-ae19-43ade541597c" /><UnitTestResult executionId="cec0a88d-edd7-4ece-84aa-abf145cebf76" testId="66194dc2-6ec0-404c-83b7-e5e2b5646887" testName="Put_InvalidIdReturnsNotFound" computerName="LAMBDA" duration="00:00:00.0410000" startTime="2018-07-17T13:52:15.7270117-04:00" endTime="2018-07-17T13:52:15.7270177-04:00" testType="13cdc9d9-ddb5-4fa4-a97d-d965ccfc6d4b" outcome="Passed" testListId="8c84fa94-04c1-424b-9868-57a2d4851a1d" relativeResultsDirectory="cec0a88d-edd7-4ece-84aa-abf145cebf76" /><UnitTestResult executionId="9c53cbac-17a7-4398-b070-bfb080be0a03" testId="11437560-f7cf-4429-b704-8d183981dcd1" testName="GetList_ListReturnsCorrectCount" computerName="LAMBDA" duration="00:00:00.0390000" startTime="2018-07-17T13:52:18.9102024-04:00" endTime="2018-07-17T13:52:18.9102084-04:00" testType="13cdc9d9-ddb5-4fa4-a97d-d965ccfc6d4b" outcome="Passed" testListId="8c84fa94-04c1-424b-9868-57a2d4851a1d" relativeResultsDirectory="9c53cbac-17a7-4398-b070-bfb080be0a03" /><UnitTestResult executionId="2c92b77b-91ad-4729-b51f-5c4215ce07dc" testId="67e4efbf-dcc3-40b1-9df5-b2ef2f766893" testName="Patch_ValidReferencePropertyUpdatesModel" computerName="LAMBDA" duration="00:00:00.0470000" startTime="2018-07-17T13:52:32.7326622-04:00" endTime="2018-07-17T13:52:32.7326669-04:00" testType="13cdc9d9-ddb5-4fa4-a97d-d965ccfc6d4b" outcome="Passed" testListId="8c84fa94-04c1-424b-9868-57a2d4851a1d" relativeResultsDirectory="2c92b77b-91ad-4729-b51f-5c4215ce07dc" /><UnitTestResult executionId="028c3e91-6c6f-4f29-96d4-5d52759eb7a2" testId="4968ae88-0c39-4473-adf4-b4f4fcffb11b" testName="Patch_InvalidReferencePropertyReturnsBadRequest" computerName="LAMBDA" duration="00:00:00.0140000" startTime="2018-07-17T13:52:17.1178050-04:00" endTime="2018-07-17T13:52:17.1178097-04:00" testType="13cdc9d9-ddb5-4fa4-a97d-d965ccfc6d4b" outcome="Passed" testListId="8c84fa94-04c1-424b-9868-57a2d4851a1d" relativeResultsDirectory="028c3e91-6c6f-4f29-96d4-5d52759eb7a2" /><UnitTestResult executionId="f7505ee3-3892-4d94-86d3-38f3c6cd7377" testId="2596713b-1120-4bad-a84e-a5d35ef9f4a9" testName="Patch_InvalidEnumPropertyValueReturnsBadRequest" computerName="LAMBDA" duration="00:00:00.0050000" startTime="2018-07-17T13:52:21.8290431-04:00" endTime="2018-07-17T13:52:21.8290495-04:00" testType="13cdc9d9-ddb5-4fa4-a97d-d965ccfc6d4b" outcome="Passed" testListId="8c84fa94-04c1-424b-9868-57a2d4851a1d" relativeResultsDirectory="f7505ee3-3892-4d94-86d3-38f3c6cd7377" /><UnitTestResult executionId="2d1fcc79-8b1d-443c-b769-df4506dfe1f5" testId="fd73b1f7-7485-42b5-8a7d-4a11037e94f7" testName="Patch_InvalidReferencePropertyReturnsBadRequest" computerName="LAMBDA" duration="00:00:00.0160000" startTime="2018-07-17T13:52:35.2971003-04:00" endTime="2018-07-17T13:52:35.2971059-04:00" testType="13cdc9d9-ddb5-4fa4-a97d-d965ccfc6d4b" outcome="Passed" testListId="8c84fa94-04c1-424b-9868-57a2d4851a1d" relativeResultsDirectory="2d1fcc79-8b1d-443c-b769-df4506dfe1f5" /><UnitTestResult executionId="fda6905a-2fe1-4f40-a384-118a1303b000" testId="2405bbf1-9af5-4703-a86d-1e483323fe92" testName="Put_CanUpdateModel" computerName="LAMBDA" duration="00:00:00.0410000" startTime="2018-07-17T13:52:19.1513643-04:00" endTime="2018-07-17T13:52:19.1513703-04:00" testType="13cdc9d9-ddb5-4fa4-a97d-d965ccfc6d4b" outcome="Passed" testListId="8c84fa94-04c1-424b-9868-57a2d4851a1d" relativeResultsDirectory="fda6905a-2fe1-4f40-a384-118a1303b000" /><UnitTestResult executionId="3d43a858-cc47-415f-8dd7-cb9b862147c0" testId="23c09b02-8cb5-4365-93d2-774a96bdc54b" testName="PostFile_NewFileCanBePosted" computerName="LAMBDA" duration="00:00:00.0530000" startTime="2018-07-17T13:52:25.6553205-04:00" endTime="2018-07-17T13:52:25.6553252-04:00" testType="13cdc9d9-ddb5-4fa4-a97d-d965ccfc6d4b" outcome="Passed" testListId="8c84fa94-04c1-424b-9868-57a2d4851a1d" relativeResultsDirectory="3d43a858-cc47-415f-8dd7-cb9b862147c0" /><UnitTestResult executionId="45ceb509-5135-4df6-a79e-07dfdfd1f416" testId="df3bb50a-39c4-4667-857d-6bb9e6b3848c" testName="Post_ValidReferencePropertyCreatesModel" computerName="LAMBDA" duration="00:00:00.0200000" startTime="2018-07-17T13:52:16.9947154-04:00" endTime="2018-07-17T13:52:16.9947201-04:00" testType="13cdc9d9-ddb5-4fa4-a97d-d965ccfc6d4b" outcome="Passed" testListId="8c84fa94-04c1-424b-9868-57a2d4851a1d" relativeResultsDirectory="45ceb509-5135-4df6-a79e-07dfdfd1f416" /><UnitTestResult executionId="c77edc8c-3ad8-4505-a2d8-9e8c6cdcf426" testId="ff0d2e0b-04b6-4374-bcea-81416bb272dc" testName="Post_CanCreateNewModel" computerName="LAMBDA" duration="00:00:00.0180000" startTime="2018-07-17T13:52:32.1530753-04:00" endTime="2018-07-17T13:52:32.1530818-04:00" testType="13cdc9d9-ddb5-4fa4-a97d-d965ccfc6d4b" outcome="Passed" testListId="8c84fa94-04c1-424b-9868-57a2d4851a1d" relativeResultsDirectory="c77edc8c-3ad8-4505-a2d8-9e8c6cdcf426" /><UnitTestResult executionId="68791f06-1454-4fac-b720-37763edeee0f" testId="6a1a1ab2-7fb1-41e8-9dba-96318bcca605" testName="GetSingle_InvalidIdPropertyValueReturnsNotFound" computerName="LAMBDA" duration="00:00:00.0230000" startTime="2018-07-17T13:52:16.7616577-04:00" endTime="2018-07-17T13:52:16.7616641-04:00" testType="13cdc9d9-ddb5-4fa4-a97d-d965ccfc6d4b" outcome="Passed" testListId="8c84fa94-04c1-424b-9868-57a2d4851a1d" relativeResultsDirectory="68791f06-1454-4fac-b720-37763edeee0f" /><UnitTestResult executionId="95182fe8-9c07-4f99-948a-0fd76ceb8e9d" testId="f9156da6-7f65-42f2-bb21-9f08eea8c7ce" testName="Put_InvalidReferencePropertyReturndBadRequest" computerName="LAMBDA" duration="00:00:00.0210000" startTime="2018-07-17T13:52:17.1572365-04:00" endTime="2018-07-17T13:52:17.1572424-04:00" testType="13cdc9d9-ddb5-4fa4-a97d-d965ccfc6d4b" outcome="Passed" testListId="8c84fa94-04c1-424b-9868-57a2d4851a1d" relativeResultsDirectory="95182fe8-9c07-4f99-948a-0fd76ceb8e9d" /><UnitTestResult executionId="53ca1a61-15f8-439b-a2a3-69dbd575e829" testId="e76cd6ae-432f-4bfb-8f8b-4b029eac229c" testName="Patch_InvalidPropertyNameReturnsBadRequest" computerName="LAMBDA" duration="00:00:00.6270000" startTime="2018-07-17T13:52:15.2768210-04:00" endTime="2018-07-17T13:52:15.2768252-04:00" testType="13cdc9d9-ddb5-4fa4-a97d-d965ccfc6d4b" outcome="Passed" testListId="8c84fa94-04c1-424b-9868-57a2d4851a1d" relativeResultsDirectory="53ca1a61-15f8-439b-a2a3-69dbd575e829" /><UnitTestResult executionId="9efac82e-c8e3-42ab-91dd-62d4d69f5291" testId="91ba5f7b-7738-401d-b183-d38e29d17b8d" testName="Put_ValidReferencePropertyUpdatesModel" computerName="LAMBDA" duration="00:00:00.0410000" startTime="2018-07-17T13:52:21.8232795-04:00" endTime="2018-07-17T13:52:21.8232842-04:00" testType="13cdc9d9-ddb5-4fa4-a97d-d965ccfc6d4b" outcome="Passed" testListId="8c84fa94-04c1-424b-9868-57a2d4851a1d" relativeResultsDirectory="9efac82e-c8e3-42ab-91dd-62d4d69f5291" /><UnitTestResult executionId="d36a0bfb-4fcb-40f4-af7f-70bf344c1504" testId="c0d0155e-d7cc-4438-ad5e-d2473f505088" testName="FileRequest_FileCanBeReadAfterRename" computerName="LAMBDA" duration="00:00:00.0980000" startTime="2018-07-17T13:52:28.7939070-04:00" endTime="2018-07-17T13:52:28.7939117-04:00" testType="13cdc9d9-ddb5-4fa4-a97d-d965ccfc6d4b" outcome="Passed" testListId="8c84fa94-04c1-424b-9868-57a2d4851a1d" relativeResultsDirectory="d36a0bfb-4fcb-40f4-af7f-70bf344c1504" /><UnitTestResult executionId="2a8fc8ba-f8ad-45ce-8ff2-c889accf450a" testId="66057807-946e-430c-84fe-cde4b636ed2a" testName="GetFile_NonExistentFileReturnsNotFound" computerName="LAMBDA" duration="00:00:00.0050000" startTime="2018-07-17T13:52:34.7217545-04:00" endTime="2018-07-17T13:52:34.7217596-04:00" testType="13cdc9d9-ddb5-4fa4-a97d-d965ccfc6d4b" outcome="Passed" testListId="8c84fa94-04c1-424b-9868-57a2d4851a1d" relativeResultsDirectory="2a8fc8ba-f8ad-45ce-8ff2-c889accf450a" /><UnitTestResult executionId="27929a14-01db-4559-9f31-a553c58f777f" testId="d6873a85-7419-45c2-8d3f-0dbb958f4460" testName="Post_InvalidReferencePropertyReturnsBadRequest" computerName="LAMBDA" duration="00:00:00.0080000" startTime="2018-07-17T13:52:32.6581649-04:00" endTime="2018-07-17T13:52:32.6581696-04:00" testType="13cdc9d9-ddb5-4fa4-a97d-d965ccfc6d4b" outcome="Passed" testListId="8c84fa94-04c1-424b-9868-57a2d4851a1d" relativeResultsDirectory="27929a14-01db-4559-9f31-a553c58f777f" /><UnitTestResult executionId="c94d6721-1ba4-428c-800a-e02a46fb1d6b" testId="a2f497f7-911b-4468-b619-1e0ac68a473f" testName="PostFile_FileTimeStampIsUpdatedAfterFileIsPosted" computerName="LAMBDA" duration="00:00:01.1770000" startTime="2018-07-17T13:52:25.6014558-04:00" endTime="2018-07-17T13:52:25.6014609-04:00" testType="13cdc9d9-ddb5-4fa4-a97d-d965ccfc6d4b" outcome="Passed" testListId="8c84fa94-04c1-424b-9868-57a2d4851a1d" relativeResultsDirectory="c94d6721-1ba4-428c-800a-e02a46fb1d6b" /><UnitTestResult executionId="6225df58-dfb8-4bd4-bd34-910d36335a34" testId="d413e60a-46c2-4c2f-8c46-7341273c9098" testName="GetSingle_ValidIdPropertyValueReturnsCorrectModel" computerName="LAMBDA" duration="00:00:00.0120000" startTime="2018-07-17T13:52:15.7393054-04:00" endTime="2018-07-17T13:52:15.7393109-04:00" testType="13cdc9d9-ddb5-4fa4-a97d-d965ccfc6d4b" outcome="Passed" testListId="8c84fa94-04c1-424b-9868-57a2d4851a1d" relativeResultsDirectory="6225df58-dfb8-4bd4-bd34-910d36335a34" /><UnitTestResult executionId="de75c3db-f809-47f1-88f4-d2571c7f8d41" testId="50e45943-5c1f-4d9a-b7b5-95d1c3f1aa01" testName="GetSingle_InvalidIdPropertyValueReturnsNotFound" computerName="LAMBDA" duration="00:00:00.0050000" startTime="2018-07-17T13:52:35.0692582-04:00" endTime="2018-07-17T13:52:35.0692719-04:00" testType="13cdc9d9-ddb5-4fa4-a97d-d965ccfc6d4b" outcome="Passed" testListId="8c84fa94-04c1-424b-9868-57a2d4851a1d" relativeResultsDirectory="de75c3db-f809-47f1-88f4-d2571c7f8d41" /><UnitTestResult executionId="8382b11a-3371-4947-90dc-28082e8f643d" testId="08b28ad4-1722-48a2-ab0e-5f7e37048c2b" testName="Put_InvalidReferencePropertyReturndBadRequest" computerName="LAMBDA" duration="00:00:00.0020000" startTime="2018-07-17T13:52:15.8710593-04:00" endTime="2018-07-17T13:52:15.8710644-04:00" testType="13cdc9d9-ddb5-4fa4-a97d-d965ccfc6d4b" outcome="Passed" testListId="8c84fa94-04c1-424b-9868-57a2d4851a1d" relativeResultsDirectory="8382b11a-3371-4947-90dc-28082e8f643d" /><UnitTestResult executionId="ff4be5be-0a49-499f-9972-2a7d2419794f" testId="bfb34a1d-effd-439e-9fd2-33e87239f02e" testName="GetSingle_InvalidIdPropertyValueReturnsNotFound" computerName="LAMBDA" duration="00:00:00.0040000" startTime="2018-07-17T13:52:32.7372783-04:00" endTime="2018-07-17T13:52:32.7372835-04:00" testType="13cdc9d9-ddb5-4fa4-a97d-d965ccfc6d4b" outcome="Passed" testListId="8c84fa94-04c1-424b-9868-57a2d4851a1d" relativeResultsDirectory="ff4be5be-0a49-499f-9972-2a7d2419794f" /><UnitTestResult executionId="379b7b47-7dcb-499f-81e4-f71b5e350a56" testId="156ae432-cdd9-4623-9d2c-df5fad5c6c26" testName="GetFile_ExistingFileReturnsSuccess" computerName="LAMBDA" duration="00:00:00.0220000" startTime="2018-07-17T13:52:24.4241987-04:00" endTime="2018-07-17T13:52:24.4242051-04:00" testType="13cdc9d9-ddb5-4fa4-a97d-d965ccfc6d4b" outcome="Passed" testListId="8c84fa94-04c1-424b-9868-57a2d4851a1d" relativeResultsDirectory="379b7b47-7dcb-499f-81e4-f71b5e350a56" /><UnitTestResult executionId="82413a2e-5c26-4c95-bc59-8407b3f53b15" testId="49896bf7-dd23-410b-b312-edbaad3b000d" testName="PostFile_FileTimeStampIsUpdatedAfterFileIsPosted" computerName="LAMBDA" duration="00:00:00.0070000" startTime="2018-07-17T13:52:17.1653614-04:00" endTime="2018-07-17T13:52:17.1653670-04:00" testType="13cdc9d9-ddb5-4fa4-a97d-d965ccfc6d4b" outcome="Passed" testListId="8c84fa94-04c1-424b-9868-57a2d4851a1d" relativeResultsDirectory="82413a2e-5c26-4c95-bc59-8407b3f53b15" /><UnitTestResult executionId="11e3322e-2e6d-490d-a6de-00cc5cf553e3" testId="2ce3d4fd-9613-4bfa-b36f-2ae3d4dd0641" testName="PutFile_NewFileCanBePut" computerName="LAMBDA" duration="00:00:00.2890000" startTime="2018-07-17T13:52:17.4551322-04:00" endTime="2018-07-17T13:52:17.4551386-04:00" testType="13cdc9d9-ddb5-4fa4-a97d-d965ccfc6d4b" outcome="Passed" testListId="8c84fa94-04c1-424b-9868-57a2d4851a1d" relativeResultsDirectory="11e3322e-2e6d-490d-a6de-00cc5cf553e3" /><UnitTestResult executionId="ac4b5649-f106-4302-9588-a8d7ed05b3be" testId="d4fa8d3f-c7f5-4430-abec-0f45e838f57b" testName="Delete_TargetModelIsDeleted" computerName="LAMBDA" duration="00:00:00.0190000" startTime="2018-07-17T13:52:35.0268216-04:00" endTime="2018-07-17T13:52:35.0268272-04:00" testType="13cdc9d9-ddb5-4fa4-a97d-d965ccfc6d4b" outcome="Passed" testListId="8c84fa94-04c1-424b-9868-57a2d4851a1d" relativeResultsDirectory="ac4b5649-f106-4302-9588-a8d7ed05b3be" /><UnitTestResult executionId="59c35958-288e-4612-9a45-76e1255e4bcf" testId="41f1f872-fd44-465b-9611-3fd5fafad9be" testName="Delete_TargetModelIsDeleted" computerName="LAMBDA" duration="00:00:00.1880000" startTime="2018-07-17T13:52:18.7879725-04:00" endTime="2018-07-17T13:52:18.7879802-04:00" testType="13cdc9d9-ddb5-4fa4-a97d-d965ccfc6d4b" outcome="Passed" testListId="8c84fa94-04c1-424b-9868-57a2d4851a1d" relativeResultsDirectory="59c35958-288e-4612-9a45-76e1255e4bcf" /><UnitTestResult executionId="d5e1edf1-f777-4beb-87da-3b6880bfff64" testId="ecde71d3-d536-400e-9c27-a27db2bb7827" testName="Patch_MultipleInvalidReferencePropertiesReturnsMultipleValidationErrorsAndBadRequest" computerName="LAMBDA" duration="00:00:00.0200000" startTime="2018-07-17T13:52:21.9596850-04:00" endTime="2018-07-17T13:52:21.9596901-04:00" testType="13cdc9d9-ddb5-4fa4-a97d-d965ccfc6d4b" outcome="Passed" testListId="8c84fa94-04c1-424b-9868-57a2d4851a1d" relativeResultsDirectory="d5e1edf1-f777-4beb-87da-3b6880bfff64" /><UnitTestResult executionId="467bcea9-e6f9-490c-9bef-025eaf68b6e1" testId="41b98452-e497-494a-b2de-814191afa86e" testName="Put_InvalidIdReturnsNotFound" computerName="LAMBDA" duration="00:00:00.0150000" startTime="2018-07-17T13:52:35.0060419-04:00" endTime="2018-07-17T13:52:35.0060466-04:00" testType="13cdc9d9-ddb5-4fa4-a97d-d965ccfc6d4b" outcome="Passed" testListId="8c84fa94-04c1-424b-9868-57a2d4851a1d" relativeResultsDirectory="467bcea9-e6f9-490c-9bef-025eaf68b6e1" /><UnitTestResult executionId="f79ae8b3-00b3-4ca1-8022-6dfcd4f117cf" testId="1175e321-be96-41ab-9e64-f4e600379f04" testName="Patch_TargetPropertyIsUpdated" computerName="LAMBDA" duration="00:00:00.0440000" startTime="2018-07-17T13:52:19.1095260-04:00" endTime="2018-07-17T13:52:19.1095312-04:00" testType="13cdc9d9-ddb5-4fa4-a97d-d965ccfc6d4b" outcome="Passed" testListId="8c84fa94-04c1-424b-9868-57a2d4851a1d" relativeResultsDirectory="f79ae8b3-00b3-4ca1-8022-6dfcd4f117cf" /><UnitTestResult executionId="e4578e84-02fb-4ae4-a010-5a3e04e47ca5" testId="d65dc6af-2969-4c59-b8eb-7045ac896368" testName="Model3dHasExpectedDependentFiles" computerName="LAMBDA" duration="00:00:00.0460000" startTime="2018-07-17T13:52:13.0323512-04:00" endTime="2018-07-17T13:52:13.0323580-04:00" testType="13cdc9d9-ddb5-4fa4-a97d-d965ccfc6d4b" outcome="Passed" testListId="8c84fa94-04c1-424b-9868-57a2d4851a1d" relativeResultsDirectory="e4578e84-02fb-4ae4-a010-5a3e04e47ca5" /><UnitTestResult executionId="c3a6b08a-c3c0-47f1-8d38-4405915a179d" testId="d0b2809c-b706-47f4-b217-47d8ab0ec6c2" testName="Post_InvalidPropertyValueReturnsBadRequest" computerName="LAMBDA" duration="00:00:00.0100000" startTime="2018-07-17T13:52:15.9003275-04:00" endTime="2018-07-17T13:52:15.9003344-04:00" testType="13cdc9d9-ddb5-4fa4-a97d-d965ccfc6d4b" outcome="Passed" testListId="8c84fa94-04c1-424b-9868-57a2d4851a1d" relativeResultsDirectory="c3a6b08a-c3c0-47f1-8d38-4405915a179d" /><UnitTestResult executionId="4d6ddfab-827a-456c-b2ab-fef105d4e63a" testId="012076c3-3ca6-457d-b7b7-eb365dd4cda0" testName="Delete_TargetModelIsDeleted" computerName="LAMBDA" duration="00:00:00.3050000" startTime="2018-07-17T13:52:15.5865606-04:00" endTime="2018-07-17T13:52:15.5865653-04:00" testType="13cdc9d9-ddb5-4fa4-a97d-d965ccfc6d4b" outcome="Passed" testListId="8c84fa94-04c1-424b-9868-57a2d4851a1d" relativeResultsDirectory="4d6ddfab-827a-456c-b2ab-fef105d4e63a" /><UnitTestResult executionId="4032bcf2-b515-499a-b9cf-59eabe64bca4" testId="ffdca8a0-9670-4726-b2d1-912d799ac613" testName="FileRequest_MeshIsInvalidatedAfterDepthBufferFileBecomesUnsynchronized" computerName="LAMBDA" duration="00:00:01.8700000" startTime="2018-07-17T13:52:24.0366371-04:00" endTime="2018-07-17T13:52:24.0366478-04:00" testType="13cdc9d9-ddb5-4fa4-a97d-d965ccfc6d4b" outcome="Passed" testListId="8c84fa94-04c1-424b-9868-57a2d4851a1d" relativeResultsDirectory="4032bcf2-b515-499a-b9cf-59eabe64bca4" /><UnitTestResult executionId="1b4ae681-5003-48b5-91ed-0e7181aae505" testId="84a12b5b-cebd-4ace-b3bb-f0bf05c6afaf" testName="GetFile_FileCanBeRoundTripped" computerName="LAMBDA" duration="00:00:00.0820000" startTime="2018-07-17T13:52:18.4254992-04:00" endTime="2018-07-17T13:52:18.4255043-04:00" testType="13cdc9d9-ddb5-4fa4-a97d-d965ccfc6d4b" outcome="Passed" testListId="8c84fa94-04c1-424b-9868-57a2d4851a1d" relativeResultsDirectory="1b4ae681-5003-48b5-91ed-0e7181aae505" /><UnitTestResult executionId="d98638f7-dc44-494b-bbc9-bddd79a92e9a" testId="75d27d07-5b54-4c2a-9715-8c0fb094bb4d" testName="Patch_ValidReferencePropertyUpdatesModel" computerName="LAMBDA" duration="00:00:00.0530000" startTime="2018-07-17T13:52:16.9181405-04:00" endTime="2018-07-17T13:52:16.9181465-04:00" testType="13cdc9d9-ddb5-4fa4-a97d-d965ccfc6d4b" outcome="Passed" testListId="8c84fa94-04c1-424b-9868-57a2d4851a1d" relativeResultsDirectory="d98638f7-dc44-494b-bbc9-bddd79a92e9a" /><UnitTestResult executionId="4cf2f25e-f170-4d74-8e2f-0fe41e5f0569" testId="584f6d61-4153-4aad-b4b6-0b39506673a6" testName="Patch_InvalidIdPropertyReturnsNotFound" computerName="LAMBDA" duration="00:00:00.0050000" startTime="2018-07-17T13:52:19.0187376-04:00" endTime="2018-07-17T13:52:19.0187423-04:00" testType="13cdc9d9-ddb5-4fa4-a97d-d965ccfc6d4b" outcome="Passed" testListId="8c84fa94-04c1-424b-9868-57a2d4851a1d" relativeResultsDirectory="4cf2f25e-f170-4d74-8e2f-0fe41e5f0569" /><UnitTestResult executionId="dc6615fb-6c6a-4184-8c9d-22300119061f" testId="b865fded-21cd-44f4-92fd-20e692339911" testName="Patch_InvalidIdPropertyReturnsNotFound" computerName="LAMBDA" duration="00:00:00.0060000" startTime="2018-07-17T13:52:35.2095125-04:00" endTime="2018-07-17T13:52:35.2095279-04:00" testType="13cdc9d9-ddb5-4fa4-a97d-d965ccfc6d4b" outcome="Passed" testListId="8c84fa94-04c1-424b-9868-57a2d4851a1d" relativeResultsDirectory="dc6615fb-6c6a-4184-8c9d-22300119061f" /><UnitTestResult executionId="a850f260-33b7-4592-8975-c70f15bef449" testId="4e90e899-2312-425e-85ac-f996792c72ad" testName="Patch_InvalidPropertyNameReturnsBadRequest" computerName="LAMBDA" duration="00:00:00.0120000" startTime="2018-07-17T13:52:31.8235593-04:00" endTime="2018-07-17T13:52:31.8235652-04:00" testType="13cdc9d9-ddb5-4fa4-a97d-d965ccfc6d4b" outcome="Passed" testListId="8c84fa94-04c1-424b-9868-57a2d4851a1d" relativeResultsDirectory="a850f260-33b7-4592-8975-c70f15bef449" /><UnitTestResult executionId="49689898-fe2e-43da-80e7-88ca4deaf44b" testId="886b5066-474a-4be2-8021-0c335ac2c213" testName="FileRequest_MeshGenerateSetsFileIsSynchronized" computerName="LAMBDA" duration="00:00:02.9270000" startTime="2018-07-17T13:52:28.5831454-04:00" endTime="2018-07-17T13:52:28.5831505-04:00" testType="13cdc9d9-ddb5-4fa4-a97d-d965ccfc6d4b" outcome="Passed" testListId="8c84fa94-04c1-424b-9868-57a2d4851a1d" relativeResultsDirectory="49689898-fe2e-43da-80e7-88ca4deaf44b" /><UnitTestResult executionId="a088c4c5-d888-42e6-8266-4ad91edace2a" testId="30199aa8-f679-46bf-b0c6-36942933a5b3" testName="PutFile_FileCanBeUpdated" computerName="LAMBDA" duration="00:00:00.1880000" startTime="2018-07-17T13:52:24.4017930-04:00" endTime="2018-07-17T13:52:24.4018003-04:00" testType="13cdc9d9-ddb5-4fa4-a97d-d965ccfc6d4b" outcome="Passed" testListId="8c84fa94-04c1-424b-9868-57a2d4851a1d" relativeResultsDirectory="a088c4c5-d888-42e6-8266-4ad91edace2a" /><UnitTestResult executionId="3d3101d4-aaec-457d-ac45-53c946239e7c" testId="52a7b1c8-afbe-400c-8f3a-656940dad837" testName="Post_InvalidPropertyValueReturnsBadRequest" computerName="LAMBDA" duration="00:00:00.0030000" startTime="2018-07-17T13:52:22.0363604-04:00" endTime="2018-07-17T13:52:22.0363651-04:00" testType="13cdc9d9-ddb5-4fa4-a97d-d965ccfc6d4b" outcome="Passed" testListId="8c84fa94-04c1-424b-9868-57a2d4851a1d" relativeResultsDirectory="3d3101d4-aaec-457d-ac45-53c946239e7c" /><UnitTestResult executionId="38c29694-1095-4a7f-b695-c3a9ae3d818e" testId="59cd5e29-2e15-4f54-b747-6d1c339b86b9" testName="GetFile_FileCanBeRoundTripped" computerName="LAMBDA" duration="00:00:00.1760000" startTime="2018-07-17T13:52:24.2136004-04:00" endTime="2018-07-17T13:52:24.2136064-04:00" testType="13cdc9d9-ddb5-4fa4-a97d-d965ccfc6d4b" outcome="Passed" testListId="8c84fa94-04c1-424b-9868-57a2d4851a1d" relativeResultsDirectory="38c29694-1095-4a7f-b695-c3a9ae3d818e" /><UnitTestResult executionId="6bf93629-bb73-4196-b325-e7b572702e69" testId="504c6168-320f-4d14-b42f-c3bc12a1cfd7" testName="Delete_TargetModelIsDeleted" computerName="LAMBDA" duration="00:00:00.0170000" startTime="2018-07-17T13:52:17.1356331-04:00" endTime="2018-07-17T13:52:17.1356391-04:00" testType="13cdc9d9-ddb5-4fa4-a97d-d965ccfc6d4b" outcome="Passed" testListId="8c84fa94-04c1-424b-9868-57a2d4851a1d" relativeResultsDirectory="6bf93629-bb73-4196-b325-e7b572702e69" /><UnitTestResult executionId="def57f8a-0d4f-4ecd-8fe0-158627ef2c67" testId="5cbf2028-c036-4c4d-8e6c-50baec4ab79b" testName="CameraHasExpectedDependentFiles" computerName="LAMBDA" duration="00:00:00.0010000" startTime="2018-07-17T13:52:14.6193852-04:00" endTime="2018-07-17T13:52:14.6193899-04:00" testType="13cdc9d9-ddb5-4fa4-a97d-d965ccfc6d4b" outcome="Passed" testListId="8c84fa94-04c1-424b-9868-57a2d4851a1d" relativeResultsDirectory="def57f8a-0d4f-4ecd-8fe0-158627ef2c67" /><UnitTestResult executionId="3e2bb940-9915-43cc-b5b4-a3689e92af18" testId="175f7134-5f68-4f26-bf06-e53a4973429a" testName="Delete_TargetModelIsDeleted" computerName="LAMBDA" duration="00:00:00.0290000" startTime="2018-07-17T13:52:32.1148551-04:00" endTime="2018-07-17T13:52:32.1148606-04:00" testType="13cdc9d9-ddb5-4fa4-a97d-d965ccfc6d4b" outcome="Passed" testListId="8c84fa94-04c1-424b-9868-57a2d4851a1d" relativeResultsDirectory="3e2bb940-9915-43cc-b5b4-a3689e92af18" /><UnitTestResult executionId="130677a1-7570-4347-b95f-dc4f03249f7e" testId="7421ed59-5061-48e9-a97e-f6949000a153" testName="Put_InvalidIdReturnsNotFound" computerName="LAMBDA" duration="00:00:00.0130000" startTime="2018-07-17T13:52:32.6802109-04:00" endTime="2018-07-17T13:52:32.6802208-04:00" testType="13cdc9d9-ddb5-4fa4-a97d-d965ccfc6d4b" outcome="Passed" testListId="8c84fa94-04c1-424b-9868-57a2d4851a1d" relativeResultsDirectory="130677a1-7570-4347-b95f-dc4f03249f7e" /><UnitTestResult executionId="3f3b17ed-5e9d-4dd9-9863-2022ab545f67" testId="1c8e6753-18ff-4418-b2f5-4a924bf027f2" testName="GetFile_ExistingFileReturnsSuccess" computerName="LAMBDA" duration="00:00:00.2130000" startTime="2018-07-17T13:52:18.0286002-04:00" endTime="2018-07-17T13:52:18.0286058-04:00" testType="13cdc9d9-ddb5-4fa4-a97d-d965ccfc6d4b" outcome="Passed" testListId="8c84fa94-04c1-424b-9868-57a2d4851a1d" relativeResultsDirectory="3f3b17ed-5e9d-4dd9-9863-2022ab545f67" /><UnitTestResult executionId="9980247e-a75d-45fd-8e08-10b3874959b3" testId="1f75e5b0-45a3-4d4f-8c05-28832bf06de1" testName="GetList_ListReturnsCorrectCount" computerName="LAMBDA" duration="00:00:00.4250000" startTime="2018-07-17T13:52:31.8106168-04:00" endTime="2018-07-17T13:52:31.8106228-04:00" testType="13cdc9d9-ddb5-4fa4-a97d-d965ccfc6d4b" outcome="Passed" testListId="8c84fa94-04c1-424b-9868-57a2d4851a1d" relativeResultsDirectory="9980247e-a75d-45fd-8e08-10b3874959b3" /><UnitTestResult executionId="6bd9b0a9-61d8-4edd-803a-6e53e64470a6" testId="686843cf-ff56-4a40-ab6d-8de57e96ff96" testName="Put_InvalidReferencePropertyReturndBadRequest" computerName="LAMBDA" duration="00:00:00.2610000" startTime="2018-07-17T13:52:32.0849407-04:00" endTime="2018-07-17T13:52:32.0849467-04:00" testType="13cdc9d9-ddb5-4fa4-a97d-d965ccfc6d4b" outcome="Passed" testListId="8c84fa94-04c1-424b-9868-57a2d4851a1d" relativeResultsDirectory="6bd9b0a9-61d8-4edd-803a-6e53e64470a6" /><UnitTestResult executionId="3d5f64a8-b229-4e40-8d8f-de6af9bd76f9" testId="ec2b7966-78d5-456b-874c-947bef889583" testName="Put_InvalidReferencePropertyReturndBadRequest" computerName="LAMBDA" duration="00:00:00.0160000" startTime="2018-07-17T13:52:35.1593486-04:00" endTime="2018-07-17T13:52:35.1593542-04:00" testType="13cdc9d9-ddb5-4fa4-a97d-d965ccfc6d4b" outcome="Passed" testListId="8c84fa94-04c1-424b-9868-57a2d4851a1d" relativeResultsDirectory="3d5f64a8-b229-4e40-8d8f-de6af9bd76f9" /><UnitTestResult executionId="dba5ca01-5507-487e-b155-de2089c05b46" testId="0445572c-60f7-42bb-9953-87c0438f7908" testName="Patch_MultipleInvalidReferencePropertiesReturnsMultipleValidationErrorsAndBadRequest" computerName="LAMBDA" duration="00:00:00.0030000" startTime="2018-07-17T13:52:15.8685425-04:00" endTime="2018-07-17T13:52:15.8685494-04:00" testType="13cdc9d9-ddb5-4fa4-a97d-d965ccfc6d4b" outcome="Passed" testListId="8c84fa94-04c1-424b-9868-57a2d4851a1d" relativeResultsDirectory="dba5ca01-5507-487e-b155-de2089c05b46" /><UnitTestResult executionId="fc3ff34f-d49d-4a35-b134-3111e946c107" testId="f2cfcc72-ed40-419a-8b03-69e1f0a4a8d9" testName="PostFile_NewFileCanBePosted" computerName="LAMBDA" duration="00:00:00.0850000" startTime="2018-07-17T13:52:18.3433071-04:00" endTime="2018-07-17T13:52:18.3433126-04:00" testType="13cdc9d9-ddb5-4fa4-a97d-d965ccfc6d4b" outcome="Passed" testListId="8c84fa94-04c1-424b-9868-57a2d4851a1d" relativeResultsDirectory="fc3ff34f-d49d-4a35-b134-3111e946c107" /><UnitTestResult executionId="c14aff2f-fe1e-4753-a02a-02ac1e2b302c" testId="8099afd8-116b-42a1-a1d2-6ca66b0a9937" testName="PutFile_NewFileCanBePut" computerName="LAMBDA" duration="00:00:00.1140000" startTime="2018-07-17T13:52:22.1639728-04:00" endTime="2018-07-17T13:52:22.1639775-04:00" testType="13cdc9d9-ddb5-4fa4-a97d-d965ccfc6d4b" outcome="Passed" testListId="8c84fa94-04c1-424b-9868-57a2d4851a1d" relativeResultsDirectory="c14aff2f-fe1e-4753-a02a-02ac1e2b302c" /><UnitTestResult executionId="36e2d61e-01e0-4b0a-9fb9-4831d6ca916a" testId="06497de2-3d7c-49e3-b787-1ecc2c46d100" testName="Patch_InvalidIdPropertyReturnsNotFound" computerName="LAMBDA" duration="00:00:00.0050000" startTime="2018-07-17T13:52:16.9744160-04:00" endTime="2018-07-17T13:52:16.9744207-04:00" testType="13cdc9d9-ddb5-4fa4-a97d-d965ccfc6d4b" outcome="Passed" testListId="8c84fa94-04c1-424b-9868-57a2d4851a1d" relativeResultsDirectory="36e2d61e-01e0-4b0a-9fb9-4831d6ca916a" /><UnitTestResult executionId="37e99089-dd58-47f9-a14a-027c185dc756" testId="16e9c4ae-3a6e-48e9-861a-0f21ec2f9cc9" testName="Post_InvalidPropertyValueReturnsBadRequest" computerName="LAMBDA" duration="00:00:00.0040000" startTime="2018-07-17T13:52:16.8486193-04:00" endTime="2018-07-17T13:52:16.8486262-04:00" testType="13cdc9d9-ddb5-4fa4-a97d-d965ccfc6d4b" outcome="Passed" testListId="8c84fa94-04c1-424b-9868-57a2d4851a1d" relativeResultsDirectory="37e99089-dd58-47f9-a14a-027c185dc756" /><UnitTestResult executionId="63d6aa70-9290-43c0-ab3d-ddd3699761e2" testId="ec32886d-6c05-4e9a-a37c-67cedc356b4e" testName="Post_InvalidReferencePropertyReturnsBadRequest" computerName="LAMBDA" duration="00:00:00.0060000" startTime="2018-07-17T13:52:19.1697757-04:00" endTime="2018-07-17T13:52:19.1697825-04:00" testType="13cdc9d9-ddb5-4fa4-a97d-d965ccfc6d4b" outcome="Passed" testListId="8c84fa94-04c1-424b-9868-57a2d4851a1d" relativeResultsDirectory="63d6aa70-9290-43c0-ab3d-ddd3699761e2" /><UnitTestResult executionId="bc4a9cf3-ba9a-4334-98d7-a9a156a08a38" testId="51434f01-bfd0-4b59-bf9d-a6d34834b668" testName="Patch_InvalidReferencePropertyReturnsBadRequest" computerName="LAMBDA" duration="00:00:00.0180000" startTime="2018-07-17T13:52:21.9116474-04:00" endTime="2018-07-17T13:52:21.9116539-04:00" testType="13cdc9d9-ddb5-4fa4-a97d-d965ccfc6d4b" outcome="Passed" testListId="8c84fa94-04c1-424b-9868-57a2d4851a1d" relativeResultsDirectory="bc4a9cf3-ba9a-4334-98d7-a9a156a08a38" /><UnitTestResult executionId="a411553e-d134-484c-9d05-13a3251a5482" testId="e444bc62-255a-49b9-bbf7-802a520fc47e" testName="Put_InvalidReferencePropertyReturndBadRequest" computerName="LAMBDA" duration="00:00:00.0240000" startTime="2018-07-17T13:52:22.0330581-04:00" endTime="2018-07-17T13:52:22.0330624-04:00" testType="13cdc9d9-ddb5-4fa4-a97d-d965ccfc6d4b" outcome="Passed" testListId="8c84fa94-04c1-424b-9868-57a2d4851a1d" relativeResultsDirectory="a411553e-d134-484c-9d05-13a3251a5482" /><UnitTestResult executionId="03580a03-cbbb-4285-bc32-0032dd8ca74c" testId="df1ec0fa-0dee-4dc9-a006-578f282e92ce" testName="Post_InvalidReferencePropertyReturnsBadRequest" computerName="LAMBDA" duration="00:00:00.0020000" startTime="2018-07-17T13:52:15.2814867-04:00" endTime="2018-07-17T13:52:15.2814914-04:00" testType="13cdc9d9-ddb5-4fa4-a97d-d965ccfc6d4b" outcome="Passed" testListId="8c84fa94-04c1-424b-9868-57a2d4851a1d" relativeResultsDirectory="03580a03-cbbb-4285-bc32-0032dd8ca74c" /><UnitTestResult executionId="2c8dbb5e-57fd-46cc-bfbb-7aafb7e242f3" testId="959c3758-3e40-403c-a089-332b712edb04" testName="Put_InvalidReferencePropertyReturndBadRequest" computerName="LAMBDA" duration="00:00:00.0150000" startTime="2018-07-17T13:52:19.0131589-04:00" endTime="2018-07-17T13:52:19.0131722-04:00" testType="13cdc9d9-ddb5-4fa4-a97d-d965ccfc6d4b" outcome="Passed" testListId="8c84fa94-04c1-424b-9868-57a2d4851a1d" relativeResultsDirectory="2c8dbb5e-57fd-46cc-bfbb-7aafb7e242f3" /><UnitTestResult executionId="74b0933e-97b6-490b-ab88-6f23a5fa02f6" testId="e93bcacb-93fc-4d8c-9291-d4f3b21d73dd" testName="DepthBufferHasExpectedDependentFiles" computerName="LAMBDA" duration="00:00:00.0010000" startTime="2018-07-17T13:52:14.6310144-04:00" endTime="2018-07-17T13:52:14.6310187-04:00" testType="13cdc9d9-ddb5-4fa4-a97d-d965ccfc6d4b" outcome="Passed" testListId="8c84fa94-04c1-424b-9868-57a2d4851a1d" relativeResultsDirectory="74b0933e-97b6-490b-ab88-6f23a5fa02f6" /><UnitTestResult executionId="a6b41292-b3aa-4d78-8589-eb0b62ce8377" testId="9ca7e75a-301b-49fb-828d-ae92463eb627" testName="FileRequest_DepthBufferIsInvalidatedAfterCameraDependencyPropertyChange" computerName="LAMBDA" duration="00:00:00.3170000" startTime="2018-07-17T13:52:34.7168210-04:00" endTime="2018-07-17T13:52:34.7168257-04:00" testType="13cdc9d9-ddb5-4fa4-a97d-d965ccfc6d4b" outcome="Passed" testListId="8c84fa94-04c1-424b-9868-57a2d4851a1d" relativeResultsDirectory="a6b41292-b3aa-4d78-8589-eb0b62ce8377" /><UnitTestResult executionId="37be0247-7a6b-4c6c-a3cf-b0b4e6836bce" testId="b80da320-bbe5-49f1-88a6-cd9dcc8addb6" testName="LucyModel3dHasTwoDependents" computerName="LAMBDA" duration="00:00:01.5240000" startTime="2018-07-17T13:52:14.5770209-04:00" endTime="2018-07-17T13:52:14.5770269-04:00" testType="13cdc9d9-ddb5-4fa4-a97d-d965ccfc6d4b" outcome="Passed" testListId="8c84fa94-04c1-424b-9868-57a2d4851a1d" relativeResultsDirectory="37be0247-7a6b-4c6c-a3cf-b0b4e6836bce" /><UnitTestResult executionId="6e47fa51-fc5a-42c7-8523-e57ca7cb97c0" testId="61977526-f06a-4864-a138-42f35d63fa70" testName="Put_ValidReferencePropertyUpdatesModel" computerName="LAMBDA" duration="00:00:00.2780000" startTime="2018-07-17T13:52:32.6176190-04:00" endTime="2018-07-17T13:52:32.6176246-04:00" testType="13cdc9d9-ddb5-4fa4-a97d-d965ccfc6d4b" outcome="Passed" testListId="8c84fa94-04c1-424b-9868-57a2d4851a1d" relativeResultsDirectory="6e47fa51-fc5a-42c7-8523-e57ca7cb97c0" /><UnitTestResult executionId="c28b4a8c-cd69-43af-8dc0-33444c3b4fc1" testId="bb682a49-f383-4234-9466-9d962429f553" testName="PutFile_FileCanBeUpdated" computerName="LAMBDA" duration="00:00:00.1670000" startTime="2018-07-17T13:52:34.2720740-04:00" endTime="2018-07-17T13:52:34.2720813-04:00" testType="13cdc9d9-ddb5-4fa4-a97d-d965ccfc6d4b" outcome="Passed" testListId="8c84fa94-04c1-424b-9868-57a2d4851a1d" relativeResultsDirectory="c28b4a8c-cd69-43af-8dc0-33444c3b4fc1" /><UnitTestResult executionId="09064051-1761-4d6e-af29-c44645616700" testId="7f9fa979-b7b9-4048-8bf9-b97f1fdf6daf" testName="Post_ValidReferencePropertyCreatesModel" computerName="LAMBDA" duration="00:00:00.0180000" startTime="2018-07-17T13:52:32.7554305-04:00" endTime="2018-07-17T13:52:32.7554356-04:00" testType="13cdc9d9-ddb5-4fa4-a97d-d965ccfc6d4b" outcome="Passed" testListId="8c84fa94-04c1-424b-9868-57a2d4851a1d" relativeResultsDirectory="09064051-1761-4d6e-af29-c44645616700" /><UnitTestResult executionId="d9f10d87-8c4e-4639-94cb-32e818bb6321" testId="861e213e-eb4c-40ce-bf8d-d9f3518b7cb5" testName="Post_InvalidPropertyValueReturnsBadRequest" computerName="LAMBDA" duration="00:00:00.0040000" startTime="2018-07-17T13:52:32.6848775-04:00" endTime="2018-07-17T13:52:32.6848822-04:00" testType="13cdc9d9-ddb5-4fa4-a97d-d965ccfc6d4b" outcome="Passed" testListId="8c84fa94-04c1-424b-9868-57a2d4851a1d" relativeResultsDirectory="d9f10d87-8c4e-4639-94cb-32e818bb6321" /><UnitTestResult executionId="6d93759c-690d-41d0-8adb-54cfea6648b4" testId="8fb550f7-ca6b-4f53-b8ce-8451aeafd514" testName="Post_CanCreateNewModel" computerName="LAMBDA" duration="00:00:00.0180000" startTime="2018-07-17T13:52:15.6857237-04:00" endTime="2018-07-17T13:52:15.6857297-04:00" testType="13cdc9d9-ddb5-4fa4-a97d-d965ccfc6d4b" outcome="Passed" testListId="8c84fa94-04c1-424b-9868-57a2d4851a1d" relativeResultsDirectory="6d93759c-690d-41d0-8adb-54cfea6648b4" /><UnitTestResult executionId="580c6fd1-f44a-4daa-a80e-0f5af4274016" testId="f35fc83f-fa14-4ecb-aa33-f897feaf5fc5" testName="Post_InvalidReferencePropertyReturnsBadRequest" computerName="LAMBDA" duration="00:00:00.0100000" startTime="2018-07-17T13:52:35.0795745-04:00" endTime="2018-07-17T13:52:35.0795800-04:00" testType="13cdc9d9-ddb5-4fa4-a97d-d965ccfc6d4b" outcome="Passed" testListId="8c84fa94-04c1-424b-9868-57a2d4851a1d" relativeResultsDirectory="580c6fd1-f44a-4daa-a80e-0f5af4274016" /><UnitTestResult executionId="889de17c-2a25-4a31-9376-3094a8634dc0" testId="b1ae4063-9c13-43bc-bd9f-94ca73a8a72d" testName="GetList_ListReturnsCorrectCount" computerName="LAMBDA" duration="00:00:00.0370000" startTime="2018-07-17T13:52:35.0638650-04:00" endTime="2018-07-17T13:52:35.0638706-04:00" testType="13cdc9d9-ddb5-4fa4-a97d-d965ccfc6d4b" outcome="Passed" testListId="8c84fa94-04c1-424b-9868-57a2d4851a1d" relativeResultsDirectory="889de17c-2a25-4a31-9376-3094a8634dc0" /><UnitTestResult executionId="280c0309-cd3e-4f2d-a57c-e2659047c498" testId="f3a1f654-b1cc-4d1a-a11f-f5c4752269e3" testName="Patch_InvalidIdPropertyReturnsNotFound" computerName="LAMBDA" duration="00:00:00.0180000" startTime="2018-07-17T13:52:15.8896228-04:00" endTime="2018-07-17T13:52:15.8896284-04:00" testType="13cdc9d9-ddb5-4fa4-a97d-d965ccfc6d4b" outcome="Passed" testListId="8c84fa94-04c1-424b-9868-57a2d4851a1d" relativeResultsDirectory="280c0309-cd3e-4f2d-a57c-e2659047c498" /><UnitTestResult executionId="b403d76c-2f61-4ffa-94a4-893c40277980" testId="e3071590-b19b-497b-96f7-395c8b7b1feb" testName="Put_InvalidIdReturnsNotFound" computerName="LAMBDA" duration="00:00:00.1430000" startTime="2018-07-17T13:52:18.5785288-04:00" endTime="2018-07-17T13:52:18.5785331-04:00" testType="13cdc9d9-ddb5-4fa4-a97d-d965ccfc6d4b" outcome="Passed" testListId="8c84fa94-04c1-424b-9868-57a2d4851a1d" relativeResultsDirectory="b403d76c-2f61-4ffa-94a4-893c40277980" /><UnitTestResult executionId="e6ff0665-107e-47e2-86f3-75b8f47d12cb" testId="445c3837-0514-4e7b-bb6e-ccc5f77794d6" testName="GetFile_FileCanBeRoundTripped" computerName="LAMBDA" duration="00:00:00.0790000" startTime="2018-07-17T13:52:34.9686495-04:00" endTime="2018-07-17T13:52:34.9686551-04:00" testType="13cdc9d9-ddb5-4fa4-a97d-d965ccfc6d4b" outcome="Passed" testListId="8c84fa94-04c1-424b-9868-57a2d4851a1d" relativeResultsDirectory="e6ff0665-107e-47e2-86f3-75b8f47d12cb" /><UnitTestResult executionId="1443f356-8857-452a-a945-dd6a158df2c5" testId="189fee08-0384-4620-96e2-f50c9d98fa1f" testName="GetList_ListReturnsCorrectCount" computerName="LAMBDA" duration="00:00:00.0620000" startTime="2018-07-17T13:52:17.0800264-04:00" endTime="2018-07-17T13:52:17.0800316-04:00" testType="13cdc9d9-ddb5-4fa4-a97d-d965ccfc6d4b" outcome="Passed" testListId="8c84fa94-04c1-424b-9868-57a2d4851a1d" relativeResultsDirectory="1443f356-8857-452a-a945-dd6a158df2c5" /><UnitTestResult executionId="6731f0f4-18c1-4c44-a90b-71049a2ef03f" testId="e5da3724-dfc7-4215-bb75-7a101c9f8909" testName="PostFile_FileIsSynchronizedIsUpdatedAfterFileIsPosted" computerName="LAMBDA" duration="00:00:00.0520000" startTime="2018-07-17T13:52:34.8353099-04:00" endTime="2018-07-17T13:52:34.8353142-04:00" testType="13cdc9d9-ddb5-4fa4-a97d-d965ccfc6d4b" outcome="Passed" testListId="8c84fa94-04c1-424b-9868-57a2d4851a1d" relativeResultsDirectory="6731f0f4-18c1-4c44-a90b-71049a2ef03f" /><UnitTestResult executionId="1f846cad-6f89-435b-b186-c3f37bab5d1f" testId="1e952797-48f5-4d83-8f48-b0e8a13a1b1a" testName="Post_ValidReferencePropertyCreatesModel" computerName="LAMBDA" duration="00:00:00.0030000" startTime="2018-07-17T13:52:15.2798740-04:00" endTime="2018-07-17T13:52:15.2798787-04:00" testType="13cdc9d9-ddb5-4fa4-a97d-d965ccfc6d4b" outcome="Passed" testListId="8c84fa94-04c1-424b-9868-57a2d4851a1d" relativeResultsDirectory="1f846cad-6f89-435b-b186-c3f37bab5d1f" /><UnitTestResult executionId="e99f012e-9e0a-4ade-8db4-6cd4230e7fe0" testId="70eaf34b-9705-48a6-a14d-cc238d9ae841" testName="GetSingle_InvalidIdPropertyValueReturnsNotFound" computerName="LAMBDA" duration="00:00:00.0050000" startTime="2018-07-17T13:52:21.9312054-04:00" endTime="2018-07-17T13:52:21.9312191-04:00" testType="13cdc9d9-ddb5-4fa4-a97d-d965ccfc6d4b" outcome="Passed" testListId="8c84fa94-04c1-424b-9868-57a2d4851a1d" relativeResultsDirectory="e99f012e-9e0a-4ade-8db4-6cd4230e7fe0" /><UnitTestResult executionId="a7afbf57-599b-4818-9853-dae65810c1aa" testId="66f4424f-3d0c-4333-9c12-a1d32e568c62" testName="Put_InvalidIdReturnsNotFound" computerName="LAMBDA" duration="00:00:00.8050000" startTime="2018-07-17T13:52:20.4994406-04:00" endTime="2018-07-17T13:52:20.4994457-04:00" testType="13cdc9d9-ddb5-4fa4-a97d-d965ccfc6d4b" outcome="Passed" testListId="8c84fa94-04c1-424b-9868-57a2d4851a1d" relativeResultsDirectory="a7afbf57-599b-4818-9853-dae65810c1aa" /><UnitTestResult executionId="91709b32-dc8b-4144-9815-fd638cff5670" testId="11daba9a-2615-45c5-b71a-7e10297adef1" testName="GetFile_ExistingFileReturnsSuccess" computerName="LAMBDA" duration="00:00:00.0270000" startTime="2018-07-17T13:52:32.8269959-04:00" endTime="2018-07-17T13:52:32.8270015-04:00" testType="13cdc9d9-ddb5-4fa4-a97d-d965ccfc6d4b" outcome="Passed" testListId="8c84fa94-04c1-424b-9868-57a2d4851a1d" relativeResultsDirectory="91709b32-dc8b-4144-9815-fd638cff5670" /><UnitTestResult executionId="56728fa7-a1fe-46ce-afa1-cb4c3a659058" testId="7c8e4d88-6f9a-4907-a76a-e6ecec7dabf8" testName="Post_ValidReferencePropertyCreatesModel" computerName="LAMBDA" duration="00:00:00.0140000" startTime="2018-07-17T13:52:18.9977107-04:00" endTime="2018-07-17T13:52:18.9977154-04:00" testType="13cdc9d9-ddb5-4fa4-a97d-d965ccfc6d4b" outcome="Passed" testListId="8c84fa94-04c1-424b-9868-57a2d4851a1d" relativeResultsDirectory="56728fa7-a1fe-46ce-afa1-cb4c3a659058" /><UnitTestResult executionId="03357429-d8ba-4e82-8310-7d3b1349e19f" testId="d275791e-e231-4133-a697-5002984ca733" testName="Patch_InvalidEnumPropertyValueReturnsBadRequest" computerName="LAMBDA" duration="00:00:00.0030000" startTime="2018-07-17T13:52:15.7420223-04:00" endTime="2018-07-17T13:52:15.7420283-04:00" testType="13cdc9d9-ddb5-4fa4-a97d-d965ccfc6d4b" outcome="Passed" testListId="8c84fa94-04c1-424b-9868-57a2d4851a1d" relativeResultsDirectory="03357429-d8ba-4e82-8310-7d3b1349e19f" /><UnitTestResult executionId="44261843-ea39-42a7-8051-960491214af2" testId="ee23aa28-6a26-418e-b83c-0b1c5b209729" testName="Patch_InvalidPropertyNameReturnsBadRequest" computerName="LAMBDA" duration="00:00:00.0190000" startTime="2018-07-17T13:52:18.5979448-04:00" endTime="2018-07-17T13:52:18.5979495-04:00" testType="13cdc9d9-ddb5-4fa4-a97d-d965ccfc6d4b" outcome="Passed" testListId="8c84fa94-04c1-424b-9868-57a2d4851a1d" relativeResultsDirectory="44261843-ea39-42a7-8051-960491214af2" /><UnitTestResult executionId="a6b102c3-4392-4b78-bed6-d470a8c6cca8" testId="eb47de23-ae68-4c76-9e5b-10c6381211fc" testName="Patch_InvalidReferencePropertyReturnsBadRequest" computerName="LAMBDA" duration="00:00:00.0170000" startTime="2018-07-17T13:52:32.6349600-04:00" endTime="2018-07-17T13:52:32.6349647-04:00" testType="13cdc9d9-ddb5-4fa4-a97d-d965ccfc6d4b" outcome="Passed" testListId="8c84fa94-04c1-424b-9868-57a2d4851a1d" relativeResultsDirectory="a6b102c3-4392-4b78-bed6-d470a8c6cca8" /><UnitTestResult executionId="d2da9340-76d9-45ef-a054-4829497f67dd" testId="26a96881-5c2d-49b1-ba51-f415abae0dd5" testName="GetSingle_ValidIdPropertyValueReturnsCorrectModel" computerName="LAMBDA" duration="00:00:00.0080000" startTime="2018-07-17T13:52:32.6664661-04:00" endTime="2018-07-17T13:52:32.6664704-04:00" testType="13cdc9d9-ddb5-4fa4-a97d-d965ccfc6d4b" outcome="Passed" testListId="8c84fa94-04c1-424b-9868-57a2d4851a1d" relativeResultsDirectory="d2da9340-76d9-45ef-a054-4829497f67dd" /><UnitTestResult executionId="5ce2061e-abf6-43d8-b943-6668698e7969" testId="f1a0b952-c8a8-4ea1-bce3-5036a24fbe25" testName="Patch_InvalidPropertyNameReturnsBadRequest" computerName="LAMBDA" duration="00:00:00.0050000" startTime="2018-07-17T13:52:35.2152806-04:00" endTime="2018-07-17T13:52:35.2152857-04:00" testType="13cdc9d9-ddb5-4fa4-a97d-d965ccfc6d4b" outcome="Passed" testListId="8c84fa94-04c1-424b-9868-57a2d4851a1d" relativeResultsDirectory="5ce2061e-abf6-43d8-b943-6668698e7969" /><UnitTestResult executionId="03fe5282-6d2d-4201-b885-ae8b00cb6ab2" testId="ddf29ce3-36b9-477e-b966-abd80999dd0d" testName="Patch_MultipleInvalidReferencePropertiesReturnsMultipleValidationErrorsAndBadRequest" computerName="LAMBDA" duration="00:00:00.0220000" startTime="2018-07-17T13:52:17.0172370-04:00" endTime="2018-07-17T13:52:17.0172435-04:00" testType="13cdc9d9-ddb5-4fa4-a97d-d965ccfc6d4b" outcome="Passed" testListId="8c84fa94-04c1-424b-9868-57a2d4851a1d" relativeResultsDirectory="03fe5282-6d2d-4201-b885-ae8b00cb6ab2" /><UnitTestResult executionId="8aa52f05-48f5-456a-81e8-091c7346eb40" testId="4df1a257-d5ae-4339-9a2c-ba4fa8db0d9a" testName="LucyCameraFindsAllDependents" computerName="LAMBDA" duration="00:00:00.0400000" startTime="2018-07-17T13:52:14.6182874-04:00" endTime="2018-07-17T13:52:14.6182938-04:00" testType="13cdc9d9-ddb5-4fa4-a97d-d965ccfc6d4b" outcome="Passed" testListId="8c84fa94-04c1-424b-9868-57a2d4851a1d" relativeResultsDirectory="8aa52f05-48f5-456a-81e8-091c7346eb40" /><UnitTestResult executionId="e892b358-bfe3-4c9c-a9c6-c790d2991db0" testId="abe6d9fe-3875-48e9-9312-d46fa7eeb0da" testName="Patch_TargetPropertyIsUpdated" computerName="LAMBDA" duration="00:00:00.1850000" startTime="2018-07-17T13:52:32.3387392-04:00" endTime="2018-07-17T13:52:32.3387435-04:00" testType="13cdc9d9-ddb5-4fa4-a97d-d965ccfc6d4b" outcome="Passed" testListId="8c84fa94-04c1-424b-9868-57a2d4851a1d" relativeResultsDirectory="e892b358-bfe3-4c9c-a9c6-c790d2991db0" /><UnitTestResult executionId="8e216bb4-eeeb-430c-a25e-1e07a6264732" testId="39440714-0399-44e0-b53f-cd868d24dea7" testName="Patch_MultipleInvalidReferencePropertiesReturnsMultipleValidationErrorsAndBadRequest" computerName="LAMBDA" duration="00:00:00.0490000" startTime="2018-07-17T13:52:18.8382265-04:00" endTime="2018-07-17T13:52:18.8382325-04:00" testType="13cdc9d9-ddb5-4fa4-a97d-d965ccfc6d4b" outcome="Passed" testListId="8c84fa94-04c1-424b-9868-57a2d4851a1d" relativeResultsDirectory="8e216bb4-eeeb-430c-a25e-1e07a6264732" /><UnitTestResult executionId="5011445b-eb10-4413-8c45-b135cee101b6" testId="a596b323-e9f2-4290-9041-795e7bfae0d3" testName="Patch_ValidReferencePropertyUpdatesModel" computerName="LAMBDA" duration="00:00:00.0090000" startTime="2018-07-17T13:52:14.6490913-04:00" endTime="2018-07-17T13:52:14.6490973-04:00" testType="13cdc9d9-ddb5-4fa4-a97d-d965ccfc6d4b" outcome="Passed" testListId="8c84fa94-04c1-424b-9868-57a2d4851a1d" relativeResultsDirectory="5011445b-eb10-4413-8c45-b135cee101b6" /><UnitTestResult executionId="bc3d97d6-9f50-4ee8-8ea1-6c8e36a35505" testId="23d0939c-e127-4262-88ed-6dbd504c3ccc" testName="Put_CanUpdateModel" computerName="LAMBDA" duration="00:00:00.0430000" startTime="2018-07-17T13:52:32.7992569-04:00" endTime="2018-07-17T13:52:32.7992625-04:00" testType="13cdc9d9-ddb5-4fa4-a97d-d965ccfc6d4b" outcome="Passed" testListId="8c84fa94-04c1-424b-9868-57a2d4851a1d" relativeResultsDirectory="bc3d97d6-9f50-4ee8-8ea1-6c8e36a35505" /><UnitTestResult executionId="0a4c4c55-26d2-4813-af46-ddc71c538ae7" testId="244f6cb3-c348-401f-8a8c-7580d5c65c68" testName="Put_ValidReferencePropertyUpdatesModel" computerName="LAMBDA" duration="00:00:00.0500000" startTime="2018-07-17T13:52:16.9689501-04:00" endTime="2018-07-17T13:52:16.9689557-04:00" testType="13cdc9d9-ddb5-4fa4-a97d-d965ccfc6d4b" outcome="Passed" testListId="8c84fa94-04c1-424b-9868-57a2d4851a1d" relativeResultsDirectory="0a4c4c55-26d2-4813-af46-ddc71c538ae7" /><UnitTestResult executionId="274e7f57-7fb7-40f9-b0b7-941b17047816" testId="32abd11e-9aa4-484d-8957-a70bcbc95873" testName="PostFile_NewFileCanBePosted" computerName="LAMBDA" duration="00:00:00.0540000" startTime="2018-07-17T13:52:34.8896178-04:00" endTime="2018-07-17T13:52:34.8896233-04:00" testType="13cdc9d9-ddb5-4fa4-a97d-d965ccfc6d4b" outcome="Passed" testListId="8c84fa94-04c1-424b-9868-57a2d4851a1d" relativeResultsDirectory="274e7f57-7fb7-40f9-b0b7-941b17047816" /><UnitTestResult executionId="bbb94978-ab50-4a88-a828-911b8ff5b4e0" testId="7b4f7ecc-70cc-4365-851a-b5d3dc7029cc" testName="FileRequest_FileCanBeReadAfterRename" computerName="LAMBDA" duration="00:00:00.1260000" startTime="2018-07-17T13:52:34.3989551-04:00" endTime="2018-07-17T13:52:34.3989611-04:00" testType="13cdc9d9-ddb5-4fa4-a97d-d965ccfc6d4b" outcome="Passed" testListId="8c84fa94-04c1-424b-9868-57a2d4851a1d" relativeResultsDirectory="bbb94978-ab50-4a88-a828-911b8ff5b4e0" /><UnitTestResult executionId="2239de45-63f5-4cf0-bd16-82b85d299f7c" testId="5e1d421a-b817-463b-9bd5-dd8778b442af" testName="Put_ValidReferencePropertyUpdatesModel" computerName="LAMBDA" duration="00:00:00.0030000" startTime="2018-07-17T13:52:15.6657519-04:00" endTime="2018-07-17T13:52:15.6657579-04:00" testType="13cdc9d9-ddb5-4fa4-a97d-d965ccfc6d4b" outcome="Passed" testListId="8c84fa94-04c1-424b-9868-57a2d4851a1d" relativeResultsDirectory="2239de45-63f5-4cf0-bd16-82b85d299f7c" /><UnitTestResult executionId="12284336-98c3-4490-9a85-2defd19129d4" testId="04a2cc64-8595-4edc-9bdc-d53140d721cf" testName="Put_CanUpdateModel" computerName="LAMBDA" duration="00:00:00.0400000" startTime="2018-07-17T13:52:15.7961389-04:00" endTime="2018-07-17T13:52:15.7961436-04:00" testType="13cdc9d9-ddb5-4fa4-a97d-d965ccfc6d4b" outcome="Passed" testListId="8c84fa94-04c1-424b-9868-57a2d4851a1d" relativeResultsDirectory="12284336-98c3-4490-9a85-2defd19129d4" /><UnitTestResult executionId="fb9d6d36-8419-4a1e-a3a6-31b8f874ec88" testId="c921e3d0-98d3-4140-8c14-601eed5b1fcb" testName="GetFile_NonExistentFileReturnsNotFound" computerName="LAMBDA" duration="00:00:00.0120000" startTime="2018-07-17T13:52:22.0491075-04:00" endTime="2018-07-17T13:52:22.0491127-04:00" testType="13cdc9d9-ddb5-4fa4-a97d-d965ccfc6d4b" outcome="Passed" testListId="8c84fa94-04c1-424b-9868-57a2d4851a1d" relativeResultsDirectory="fb9d6d36-8419-4a1e-a3a6-31b8f874ec88" /><UnitTestResult executionId="e02b2de4-8b54-43d6-8186-bde2a868758f" testId="f2c32842-9cab-490a-9483-77022a1563e9" testName="Put_CanUpdateModel" computerName="LAMBDA" duration="00:00:00.1350000" startTime="2018-07-17T13:52:16.7378420-04:00" endTime="2018-07-17T13:52:16.7378484-04:00" testType="13cdc9d9-ddb5-4fa4-a97d-d965ccfc6d4b" outcome="Passed" testListId="8c84fa94-04c1-424b-9868-57a2d4851a1d" relativeResultsDirectory="e02b2de4-8b54-43d6-8186-bde2a868758f" /><UnitTestResult executionId="81891528-65cf-4f01-b968-1d947ca0928e" testId="5048335a-6409-487f-9583-e7d38258fe5f" testName="GetSingle_ValidIdPropertyValueReturnsCorrectModel" computerName="LAMBDA" duration="00:00:00.0060000" startTime="2018-07-17T13:52:34.9762947-04:00" endTime="2018-07-17T13:52:34.9763003-04:00" testType="13cdc9d9-ddb5-4fa4-a97d-d965ccfc6d4b" outcome="Passed" testListId="8c84fa94-04c1-424b-9868-57a2d4851a1d" relativeResultsDirectory="81891528-65cf-4f01-b968-1d947ca0928e" /><UnitTestResult executionId="4c0ababb-9a40-45a0-9375-9ac7b4713947" testId="13d0fedd-f5ec-4228-aac9-1242600ecc7a" testName="GetSingle_InvalidIdPropertyValueReturnsNotFound" computerName="LAMBDA" duration="00:00:00.0060000" startTime="2018-07-17T13:52:19.1579006-04:00" endTime="2018-07-17T13:52:19.1579057-04:00" testType="13cdc9d9-ddb5-4fa4-a97d-d965ccfc6d4b" outcome="Passed" testListId="8c84fa94-04c1-424b-9868-57a2d4851a1d" relativeResultsDirectory="4c0ababb-9a40-45a0-9375-9ac7b4713947" /><UnitTestResult executionId="6bf68caa-9774-410f-82e7-d4137a26fc74" testId="bb3966d5-98bd-4b8d-8a18-f267a305fc71" testName="Post_InvalidPropertyValueReturnsBadRequest" computerName="LAMBDA" duration="00:00:00.0030000" startTime="2018-07-17T13:52:18.9828656-04:00" endTime="2018-07-17T13:52:18.9828699-04:00" testType="13cdc9d9-ddb5-4fa4-a97d-d965ccfc6d4b" outcome="Passed" testListId="8c84fa94-04c1-424b-9868-57a2d4851a1d" relativeResultsDirectory="6bf68caa-9774-410f-82e7-d4137a26fc74" /><UnitTestResult executionId="42e3c215-b815-4cc6-8ae0-0015e5c20d39" testId="b252e8c8-4ab9-4f6a-9775-4a4d71fa09e0" testName="Patch_InvalidEnumPropertyValueReturnsBadRequest" computerName="LAMBDA" duration="00:00:00.0010000" startTime="2018-07-17T13:52:35.0641678-04:00" endTime="2018-07-17T13:52:35.0641708-04:00" testType="13cdc9d9-ddb5-4fa4-a97d-d965ccfc6d4b" outcome="Passed" testListId="8c84fa94-04c1-424b-9868-57a2d4851a1d" relativeResultsDirectory="42e3c215-b815-4cc6-8ae0-0015e5c20d39" /><UnitTestResult executionId="371d1485-08f0-46f0-b051-a39caa26c1bf" testId="cbdefae0-fb70-41eb-be7d-716679a899a4" testName="GetSingle_InvalidIdPropertyValueReturnsNotFound" computerName="LAMBDA" duration="00:00:00.0120000" startTime="2018-07-17T13:52:15.7551291-04:00" endTime="2018-07-17T13:52:15.7551350-04:00" testType="13cdc9d9-ddb5-4fa4-a97d-d965ccfc6d4b" outcome="Passed" testListId="8c84fa94-04c1-424b-9868-57a2d4851a1d" relativeResultsDirectory="371d1485-08f0-46f0-b051-a39caa26c1bf" /><UnitTestResult executionId="bbb22f37-574d-4b7c-a26e-3a898bd40831" testId="954ae242-31c3-41cc-a530-af7488899365" testName="Patch_TargetPropertyIsUpdated" computerName="LAMBDA" duration="00:00:00.0760000" startTime="2018-07-17T13:52:15.6630145-04:00" endTime="2018-07-17T13:52:15.6630200-04:00" testType="13cdc9d9-ddb5-4fa4-a97d-d965ccfc6d4b" outcome="Passed" testListId="8c84fa94-04c1-424b-9868-57a2d4851a1d" relativeResultsDirectory="bbb22f37-574d-4b7c-a26e-3a898bd40831" /><UnitTestResult executionId="b0b7da65-b9e5-4a2b-9a73-a6600bac0af6" testId="88e6e759-dcd4-4035-989f-f321899ad19f" testName="Put_ValidReferencePropertyUpdatesModel" computerName="LAMBDA" duration="00:00:00.1420000" startTime="2018-07-17T13:52:35.4398269-04:00" endTime="2018-07-17T13:52:35.4398334-04:00" testType="13cdc9d9-ddb5-4fa4-a97d-d965ccfc6d4b" outcome="Passed" testListId="8c84fa94-04c1-424b-9868-57a2d4851a1d" relativeResultsDirectory="b0b7da65-b9e5-4a2b-9a73-a6600bac0af6" /><UnitTestResult executionId="3305d254-47c1-41ce-97ea-04238a2e91cc" testId="bde6c543-b6fa-4004-8a64-6f6e5b3e6baa" testName="Put_InvalidIdReturnsNotFound" computerName="LAMBDA" duration="00:00:00.0760000" startTime="2018-07-17T13:52:16.8377779-04:00" endTime="2018-07-17T13:52:16.8377839-04:00" testType="13cdc9d9-ddb5-4fa4-a97d-d965ccfc6d4b" outcome="Passed" testListId="8c84fa94-04c1-424b-9868-57a2d4851a1d" relativeResultsDirectory="3305d254-47c1-41ce-97ea-04238a2e91cc" /></Results><TestDefinitions><UnitTest name="Patch_InvalidEnumPropertyValueReturnsBadRequest" storage="d:\github\modelrelief\modelrelief.test\bin\debug\netcoreapp2.0\modelrelief.test.dll" id="b252e8c8-4ab9-4f6a-9775-4a4d71fa09e0"><Execution id="42e3c215-b815-4cc6-8ae0-0015e5c20d39" /><TestMethod codeBase="d:\Github\ModelRelief\ModelRelief.test\bin\Debug\netcoreapp2.0\ModelRelief.Test.dll" adapterTypeName="executor://xunit/VsTestRunner2/netcoreapp" className="ModelRelief.Test.Integration.Cameras.CamerasBaseIntegrationTests" name="Patch_InvalidEnumPropertyValueReturnsBadRequest" /></UnitTest><UnitTest name="Patch_InvalidEnumPropertyValueReturnsBadRequest" storage="d:\github\modelrelief\modelrelief.test\bin\debug\netcoreapp2.0\modelrelief.test.dll" id="d275791e-e231-4133-a697-5002984ca733"><Execution id="03357429-d8ba-4e82-8310-7d3b1349e19f" /><TestMethod codeBase="d:\Github\ModelRelief\ModelRelief.test\bin\Debug\netcoreapp2.0\ModelRelief.Test.dll" adapterTypeName="executor://xunit/VsTestRunner2/netcoreapp" className="ModelRelief.Test.Integration.Projects.ProjectsBaseIntegrationTests" name="Patch_InvalidEnumPropertyValueReturnsBadRequest" /></UnitTest><UnitTest name="PutFile_FileCanBeUpdated" storage="d:\github\modelrelief\modelrelief.test\bin\debug\netcoreapp2.0\modelrelief.test.dll" id="30199aa8-f679-46bf-b0c6-36942933a5b3"><Execution id="a088c4c5-d888-42e6-8266-4ad91edace2a" /><TestMethod codeBase="d:\Github\ModelRelief\ModelRelief.test\bin\Debug\netcoreapp2.0\ModelRelief.Test.dll" adapterTypeName="executor://xunit/VsTestRunner2/netcoreapp" className="ModelRelief.Test.Integration.Meshes.MeshesFileIntegrationTests" name="PutFile_FileCanBeUpdated" /></UnitTest><UnitTest name="PutFile_NewFileCanBePut" storage="d:\github\modelrelief\modelrelief.test\bin\debug\netcoreapp2.0\modelrelief.test.dll" id="2ce3d4fd-9613-4bfa-b36f-2ae3d4dd0641"><Execution id="11e3322e-2e6d-490d-a6de-00cc5cf553e3" /><TestMethod codeBase="d:\Github\ModelRelief\ModelRelief.test\bin\Debug\netcoreapp2.0\ModelRelief.Test.dll" adapterTypeName="executor://xunit/VsTestRunner2/netcoreapp" className="ModelRelief.Test.Integration.Models.ModelsFileIntegrationTests" name="PutFile_NewFileCanBePut" /></UnitTest><UnitTest name="Put_InvalidIdReturnsNotFound" storage="d:\github\modelrelief\modelrelief.test\bin\debug\netcoreapp2.0\modelrelief.test.dll" id="bde6c543-b6fa-4004-8a64-6f6e5b3e6baa"><Execution id="3305d254-47c1-41ce-97ea-04238a2e91cc" /><TestMethod codeBase="d:\Github\ModelRelief\ModelRelief.test\bin\Debug\netcoreapp2.0\ModelRelief.Test.dll" adapterTypeName="executor://xunit/VsTestRunner2/netcoreapp" className="ModelRelief.Test.Integration.Models.ModelsBaseIntegrationTests" name="Put_InvalidIdReturnsNotFound" /></UnitTest><UnitTest name="GetList_ListReturnsCorrectCount" storage="d:\github\modelrelief\modelrelief.test\bin\debug\netcoreapp2.0\modelrelief.test.dll" id="11437560-f7cf-4429-b704-8d183981dcd1"><Execution id="9c53cbac-17a7-4398-b070-bfb080be0a03" /><TestMethod codeBase="d:\Github\ModelRelief\ModelRelief.test\bin\Debug\netcoreapp2.0\ModelRelief.Test.dll" adapterTypeName="executor://xunit/VsTestRunner2/netcoreapp" className="ModelRelief.Test.Integration.MeshTransforms.MeshTransformsBaseIntegrationTests" name="GetList_ListReturnsCorrectCount" /></UnitTest><UnitTest name="MeshTransformHasExpectedDependentFiles" storage="d:\github\modelrelief\modelrelief.test\bin\debug\netcoreapp2.0\modelrelief.test.dll" id="255b9b61-e0bf-4777-87e7-9585636bb0f3"><Execution id="68b41a86-5d6d-4774-a0f9-319529bd0d6b" /><TestMethod codeBase="d:\Github\ModelRelief\ModelRelief.test\bin\Debug\netcoreapp2.0\ModelRelief.Test.dll" adapterTypeName="executor://xunit/VsTestRunner2/netcoreapp" className="ModelRelief.Test.Unit.DependencyManager.DependencyManagerTests" name="MeshTransformHasExpectedDependentFiles" /></UnitTest><UnitTest name="GetFile_FileCanBeRoundTripped" storage="d:\github\modelrelief\modelrelief.test\bin\debug\netcoreapp2.0\modelrelief.test.dll" id="84a12b5b-cebd-4ace-b3bb-f0bf05c6afaf"><Execution id="1b4ae681-5003-48b5-91ed-0e7181aae505" /><TestMethod codeBase="d:\Github\ModelRelief\ModelRelief.test\bin\Debug\netcoreapp2.0\ModelRelief.Test.dll" adapterTypeName="executor://xunit/VsTestRunner2/netcoreapp" className="ModelRelief.Test.Integration.Models.ModelsFileIntegrationTests" name="GetFile_FileCanBeRoundTripped" /></UnitTest><UnitTest name="Patch_InvalidPropertyNameReturnsBadRequest" storage="d:\github\modelrelief\modelrelief.test\bin\debug\netcoreapp2.0\modelrelief.test.dll" id="b4e63c90-7593-4f37-ac13-dcb0ff8e0724"><Execution id="31990aa6-9ce1-4b03-a170-351ed342493b" /><TestMethod codeBase="d:\Github\ModelRelief\ModelRelief.test\bin\Debug\netcoreapp2.0\ModelRelief.Test.dll" adapterTypeName="executor://xunit/VsTestRunner2/netcoreapp" className="ModelRelief.Test.Integration.Meshes.MeshesBaseIntegrationTests" name="Patch_InvalidPropertyNameReturnsBadRequest" /></UnitTest><UnitTest name="PostFile_FileTimeStampIsUpdatedAfterFileIsPosted" storage="d:\github\modelrelief\modelrelief.test\bin\debug\netcoreapp2.0\modelrelief.test.dll" id="49896bf7-dd23-410b-b312-edbaad3b000d"><Execution id="82413a2e-5c26-4c95-bc59-8407b3f53b15" /><TestMethod codeBase="d:\Github\ModelRelief\ModelRelief.test\bin\Debug\netcoreapp2.0\ModelRelief.Test.dll" adapterTypeName="executor://xunit/VsTestRunner2/netcoreapp" className="ModelRelief.Test.Integration.Models.ModelsFileIntegrationTests" name="PostFile_FileTimeStampIsUpdatedAfterFileIsPosted" /></UnitTest><UnitTest name="PostFile_NewFileCanBePosted" storage="d:\github\modelrelief\modelrelief.test\bin\debug\netcoreapp2.0\modelrelief.test.dll" id="23c09b02-8cb5-4365-93d2-774a96bdc54b"><Execution id="3d43a858-cc47-415f-8dd7-cb9b862147c0" /><TestMethod codeBase="d:\Github\ModelRelief\ModelRelief.test\bin\Debug\netcoreapp2.0\ModelRelief.Test.dll" adapterTypeName="executor://xunit/VsTestRunner2/netcoreapp" className="ModelRelief.Test.Integration.Meshes.MeshesFileIntegrationTests" name="PostFile_NewFileCanBePosted" /></UnitTest><UnitTest name="Patch_InvalidIdPropertyReturnsNotFound" storage="d:\github\modelrelief\modelrelief.test\bin\debug\netcoreapp2.0\modelrelief.test.dll" id="b865fded-21cd-44f4-92fd-20e692339911"><Execution id="dc6615fb-6c6a-4184-8c9d-22300119061f" /><TestMethod codeBase="d:\Github\ModelRelief\ModelRelief.test\bin\Debug\netcoreapp2.0\ModelRelief.Test.dll" adapterTypeName="executor://xunit/VsTestRunner2/netcoreapp" className="ModelRelief.Test.Integration.Cameras.CamerasBaseIntegrationTests" name="Patch_InvalidIdPropertyReturnsNotFound" /></UnitTest><UnitTest name="Put_ValidReferencePropertyUpdatesModel" storage="d:\github\modelrelief\modelrelief.test\bin\debug\netcoreapp2.0\modelrelief.test.dll" id="61977526-f06a-4864-a138-42f35d63fa70"><Execution id="6e47fa51-fc5a-42c7-8523-e57ca7cb97c0" /><TestMethod codeBase="d:\Github\ModelRelief\ModelRelief.test\bin\Debug\netcoreapp2.0\ModelRelief.Test.dll" adapterTypeName="executor://xunit/VsTestRunner2/netcoreapp" className="ModelRelief.Test.Integration.DepthBuffers.DepthBuffersBaseIntegrationTests" name="Put_ValidReferencePropertyUpdatesModel" /></UnitTest><UnitTest name="GetSingle_InvalidIdPropertyValueReturnsNotFound" storage="d:\github\modelrelief\modelrelief.test\bin\debug\netcoreapp2.0\modelrelief.test.dll" id="13d0fedd-f5ec-4228-aac9-1242600ecc7a"><Execution id="4c0ababb-9a40-45a0-9375-9ac7b4713947" /><TestMethod codeBase="d:\Github\ModelRelief\ModelRelief.test\bin\Debug\netcoreapp2.0\ModelRelief.Test.dll" adapterTypeName="executor://xunit/VsTestRunner2/netcoreapp" className="ModelRelief.Test.Integration.MeshTransforms.MeshTransformsBaseIntegrationTests" name="GetSingle_InvalidIdPropertyValueReturnsNotFound" /></UnitTest><UnitTest name="Put_InvalidReferencePropertyReturndBadRequest" storage="d:\github\modelrelief\modelrelief.test\bin\debug\netcoreapp2.0\modelrelief.test.dll" id="959c3758-3e40-403c-a089-332b712edb04"><Execution id="2c8dbb5e-57fd-46cc-bfbb-7aafb7e242f3" /><TestMethod codeBase="d:\Github\ModelRelief\ModelRelief.test\bin\Debug\netcoreapp2.0\ModelRelief.Test.dll" adapterTypeName="executor://xunit/VsTestRunner2/netcoreapp" className="ModelRelief.Test.Integration.MeshTransforms.MeshTransformsBaseIntegrationTests" name="Put_InvalidReferencePropertyReturndBadRequest" /></UnitTest><UnitTest name="Post_InvalidPropertyValueReturnsBadRequest" storage="d:\github\modelrelief\modelrelief.test\bin\debug\netcoreapp2.0\modelrelief.test.dll" id="861e213e-eb4c-40ce-bf8d-d9f3518b7cb5"><Execution id="d9f10d87-8c4e-4639-94cb-32e818bb6321" /><TestMethod codeBase="d:\Github\ModelRelief\ModelRelief.test\bin\Debug\netcoreapp2.0\ModelRelief.Test.dll" adapterTypeName="executor://xunit/VsTestRunner2/netcoreapp" className="ModelRelief.Test.Integration.DepthBuffers.DepthBuffersBaseIntegrationTests" name="Post_InvalidPropertyValueReturnsBadRequest" /></UnitTest><UnitTest name="FileRequest_FileCanBeReadAfterRename" storage="d:\github\modelrelief\modelrelief.test\bin\debug\netcoreapp2.0\modelrelief.test.dll" id="2e7c106d-5033-4285-887c-da8b1f75e2b1"><Execution id="1547657a-7755-4aa4-9644-caa29beba594" /><TestMethod codeBase="d:\Github\ModelRelief\ModelRelief.test\bin\Debug\netcoreapp2.0\ModelRelief.Test.dll" adapterTypeName="executor://xunit/VsTestRunner2/netcoreapp" className="ModelRelief.Test.Integration.Models.ModelsFileIntegrationTests" name="FileRequest_FileCanBeReadAfterRename" /></UnitTest><UnitTest name="CameraHasExpectedDependentFiles" storage="d:\github\modelrelief\modelrelief.test\bin\debug\netcoreapp2.0\modelrelief.test.dll" id="5cbf2028-c036-4c4d-8e6c-50baec4ab79b"><Execution id="def57f8a-0d4f-4ecd-8fe0-158627ef2c67" /><TestMethod codeBase="d:\Github\ModelRelief\ModelRelief.test\bin\Debug\netcoreapp2.0\ModelRelief.Test.dll" adapterTypeName="executor://xunit/VsTestRunner2/netcoreapp" className="ModelRelief.Test.Unit.DependencyManager.DependencyManagerTests" name="CameraHasExpectedDependentFiles" /></UnitTest><UnitTest name="Put_ValidReferencePropertyUpdatesModel" storage="d:\github\modelrelief\modelrelief.test\bin\debug\netcoreapp2.0\modelrelief.test.dll" id="c29381d2-843e-4830-8522-b85ae3821b2e"><Execution id="9688b170-bac5-497b-b485-04a05efe1333" /><TestMethod codeBase="d:\Github\ModelRelief\ModelRelief.test\bin\Debug\netcoreapp2.0\ModelRelief.Test.dll" adapterTypeName="executor://xunit/VsTestRunner2/netcoreapp" className="ModelRelief.Test.Integration.MeshTransforms.MeshTransformsBaseIntegrationTests" name="Put_ValidReferencePropertyUpdatesModel" /></UnitTest><UnitTest name="Patch_InvalidPropertyNameReturnsBadRequest" storage="d:\github\modelrelief\modelrelief.test\bin\debug\netcoreapp2.0\modelrelief.test.dll" id="f1a0b952-c8a8-4ea1-bce3-5036a24fbe25"><Execution id="5ce2061e-abf6-43d8-b943-6668698e7969" /><TestMethod codeBase="d:\Github\ModelRelief\ModelRelief.test\bin\Debug\netcoreapp2.0\ModelRelief.Test.dll" adapterTypeName="executor://xunit/VsTestRunner2/netcoreapp" className="ModelRelief.Test.Integration.Cameras.CamerasBaseIntegrationTests" name="Patch_InvalidPropertyNameReturnsBadRequest" /></UnitTest><UnitTest name="Patch_TargetPropertyIsUpdated" storage="d:\github\modelrelief\modelrelief.test\bin\debug\netcoreapp2.0\modelrelief.test.dll" id="954ae242-31c3-41cc-a530-af7488899365"><Execution id="bbb22f37-574d-4b7c-a26e-3a898bd40831" /><TestMethod codeBase="d:\Github\ModelRelief\ModelRelief.test\bin\Debug\netcoreapp2.0\ModelRelief.Test.dll" adapterTypeName="executor://xunit/VsTestRunner2/netcoreapp" className="ModelRelief.Test.Integration.Projects.ProjectsBaseIntegrationTests" name="Patch_TargetPropertyIsUpdated" /></UnitTest><UnitTest name="PutFile_FileCanBeUpdated" storage="d:\github\modelrelief\modelrelief.test\bin\debug\netcoreapp2.0\modelrelief.test.dll" id="70d96000-00be-48e1-9dad-dfa0b72d0110"><Execution id="1a76dbbc-bcd8-49b4-8c9f-bccf3a1caf66" /><TestMethod codeBase="d:\Github\ModelRelief\ModelRelief.test\bin\Debug\netcoreapp2.0\ModelRelief.Test.dll" adapterTypeName="executor://xunit/VsTestRunner2/netcoreapp" className="ModelRelief.Test.Integration.Models.ModelsFileIntegrationTests" name="PutFile_FileCanBeUpdated" /></UnitTest><UnitTest name="PostFile_NewFileCanBePosted" storage="d:\github\modelrelief\modelrelief.test\bin\debug\netcoreapp2.0\modelrelief.test.dll" id="32abd11e-9aa4-484d-8957-a70bcbc95873"><Execution id="274e7f57-7fb7-40f9-b0b7-941b17047816" /><TestMethod codeBase="d:\Github\ModelRelief\ModelRelief.test\bin\Debug\netcoreapp2.0\ModelRelief.Test.dll" adapterTypeName="executor://xunit/VsTestRunner2/netcoreapp" className="ModelRelief.Test.Integration.DepthBuffers.DepthBuffersFileIntegrationTests" name="PostFile_NewFileCanBePosted" /></UnitTest><UnitTest name="GetList_ListReturnsCorrectCount" storage="d:\github\modelrelief\modelrelief.test\bin\debug\netcoreapp2.0\modelrelief.test.dll" id="96f39b44-c52c-4945-aae8-375350501b23"><Execution id="3bf03286-d3cb-47c4-bfa1-7bc50b908aa1" /><TestMethod codeBase="d:\Github\ModelRelief\ModelRelief.test\bin\Debug\netcoreapp2.0\ModelRelief.Test.dll" adapterTypeName="executor://xunit/VsTestRunner2/netcoreapp" className="ModelRelief.Test.Integration.Meshes.MeshesBaseIntegrationTests" name="GetList_ListReturnsCorrectCount" /></UnitTest><UnitTest name="Patch_InvalidPropertyNameReturnsBadRequest" storage="d:\github\modelrelief\modelrelief.test\bin\debug\netcoreapp2.0\modelrelief.test.dll" id="e76cd6ae-432f-4bfb-8f8b-4b029eac229c"><Execution id="53ca1a61-15f8-439b-a2a3-69dbd575e829" /><TestMethod codeBase="d:\Github\ModelRelief\ModelRelief.test\bin\Debug\netcoreapp2.0\ModelRelief.Test.dll" adapterTypeName="executor://xunit/VsTestRunner2/netcoreapp" className="ModelRelief.Test.Integration.Projects.ProjectsBaseIntegrationTests" name="Patch_InvalidPropertyNameReturnsBadRequest" /></UnitTest><UnitTest name="Post_CanCreateNewModel" storage="d:\github\modelrelief\modelrelief.test\bin\debug\netcoreapp2.0\modelrelief.test.dll" id="96dd0339-482d-47c5-9b47-258f75da334c"><Execution id="7106338c-b11f-4246-abc1-bdc30ffc5d05" /><TestMethod codeBase="d:\Github\ModelRelief\ModelRelief.test\bin\Debug\netcoreapp2.0\ModelRelief.Test.dll" adapterTypeName="executor://xunit/VsTestRunner2/netcoreapp" className="ModelRelief.Test.Integration.Models.ModelsBaseIntegrationTests" name="Post_CanCreateNewModel" /></UnitTest><UnitTest name="GetSingle_ValidIdPropertyValueReturnsCorrectModel" storage="d:\github\modelrelief\modelrelief.test\bin\debug\netcoreapp2.0\modelrelief.test.dll" id="d413e60a-46c2-4c2f-8c46-7341273c9098"><Execution id="6225df58-dfb8-4bd4-bd34-910d36335a34" /><TestMethod codeBase="d:\Github\ModelRelief\ModelRelief.test\bin\Debug\netcoreapp2.0\ModelRelief.Test.dll" adapterTypeName="executor://xunit/VsTestRunner2/netcoreapp" className="ModelRelief.Test.Integration.Projects.ProjectsBaseIntegrationTests" name="GetSingle_ValidIdPropertyValueReturnsCorrectModel" /></UnitTest><UnitTest name="Put_InvalidIdReturnsNotFound" storage="d:\github\modelrelief\modelrelief.test\bin\debug\netcoreapp2.0\modelrelief.test.dll" id="41b98452-e497-494a-b2de-814191afa86e"><Execution id="467bcea9-e6f9-490c-9bef-025eaf68b6e1" /><TestMethod codeBase="d:\Github\ModelRelief\ModelRelief.test\bin\Debug\netcoreapp2.0\ModelRelief.Test.dll" adapterTypeName="executor://xunit/VsTestRunner2/netcoreapp" className="ModelRelief.Test.Integration.Cameras.CamerasBaseIntegrationTests" name="Put_InvalidIdReturnsNotFound" /></UnitTest><UnitTest name="FileRequest_MeshGenerateSetsFileIsSynchronized" storage="d:\github\modelrelief\modelrelief.test\bin\debug\netcoreapp2.0\modelrelief.test.dll" id="886b5066-474a-4be2-8021-0c335ac2c213"><Execution id="49689898-fe2e-43da-80e7-88ca4deaf44b" /><TestMethod codeBase="d:\Github\ModelRelief\ModelRelief.test\bin\Debug\netcoreapp2.0\ModelRelief.Test.dll" adapterTypeName="executor://xunit/VsTestRunner2/netcoreapp" className="ModelRelief.Test.Integration.Meshes.MeshesFileIntegrationTests" name="FileRequest_MeshGenerateSetsFileIsSynchronized" /></UnitTest><UnitTest name="Patch_InvalidEnumPropertyValueReturnsBadRequest" storage="d:\github\modelrelief\modelrelief.test\bin\debug\netcoreapp2.0\modelrelief.test.dll" id="0111bdd3-6783-4df2-abcc-63dec3fc048f"><Execution id="06a9efac-b240-4d41-ac12-432669ef0757" /><TestMethod codeBase="d:\Github\ModelRelief\ModelRelief.test\bin\Debug\netcoreapp2.0\ModelRelief.Test.dll" adapterTypeName="executor://xunit/VsTestRunner2/netcoreapp" className="ModelRelief.Test.Integration.DepthBuffers.DepthBuffersBaseIntegrationTests" name="Patch_InvalidEnumPropertyValueReturnsBadRequest" /></UnitTest><UnitTest name="PutFile_NewFileCanBePut" storage="d:\github\modelrelief\modelrelief.test\bin\debug\netcoreapp2.0\modelrelief.test.dll" id="8099afd8-116b-42a1-a1d2-6ca66b0a9937"><Execution id="c14aff2f-fe1e-4753-a02a-02ac1e2b302c" /><TestMethod codeBase="d:\Github\ModelRelief\ModelRelief.test\bin\Debug\netcoreapp2.0\ModelRelief.Test.dll" adapterTypeName="executor://xunit/VsTestRunner2/netcoreapp" className="ModelRelief.Test.Integration.Meshes.MeshesFileIntegrationTests" name="PutFile_NewFileCanBePut" /></UnitTest><UnitTest name="Post_CanCreateNewModel" storage="d:\github\modelrelief\modelrelief.test\bin\debug\netcoreapp2.0\modelrelief.test.dll" id="9c288e53-e605-4996-a167-7bc7497cc3bc"><Execution id="d62cd7ff-0797-4a2e-9312-98e31c6f23b0" /><TestMethod codeBase="d:\Github\ModelRelief\ModelRelief.test\bin\Debug\netcoreapp2.0\ModelRelief.Test.dll" adapterTypeName="executor://xunit/VsTestRunner2/netcoreapp" className="ModelRelief.Test.Integration.Meshes.MeshesBaseIntegrationTests" name="Post_CanCreateNewModel" /></UnitTest><UnitTest name="Post_InvalidReferencePropertyReturnsBadRequest" storage="d:\github\modelrelief\modelrelief.test\bin\debug\netcoreapp2.0\modelrelief.test.dll" id="eac83b62-1fa3-4c3c-bd84-e3946d2bd00f"><Execution id="2ae3d433-77e4-42a1-8b03-9bd8a0c07ead" /><TestMethod codeBase="d:\Github\ModelRelief\ModelRelief.test\bin\Debug\netcoreapp2.0\ModelRelief.Test.dll" adapterTypeName="executor://xunit/VsTestRunner2/netcoreapp" className="ModelRelief.Test.Integration.Meshes.MeshesBaseIntegrationTests" name="Post_InvalidReferencePropertyReturnsBadRequest" /></UnitTest><UnitTest name="Put_ValidReferencePropertyUpdatesModel" storage="d:\github\modelrelief\modelrelief.test\bin\debug\netcoreapp2.0\modelrelief.test.dll" id="88e6e759-dcd4-4035-989f-f321899ad19f"><Execution id="b0b7da65-b9e5-4a2b-9a73-a6600bac0af6" /><TestMethod codeBase="d:\Github\ModelRelief\ModelRelief.test\bin\Debug\netcoreapp2.0\ModelRelief.Test.dll" adapterTypeName="executor://xunit/VsTestRunner2/netcoreapp" className="ModelRelief.Test.Integration.Cameras.CamerasBaseIntegrationTests" name="Put_ValidReferencePropertyUpdatesModel" /></UnitTest><UnitTest name="Post_InvalidPropertyValueReturnsBadRequest" storage="d:\github\modelrelief\modelrelief.test\bin\debug\netcoreapp2.0\modelrelief.test.dll" id="b3840392-946a-4f60-ae5e-ec58021c6a54"><Execution id="021fd0de-74c0-41aa-bbe1-1b1e1fe00919" /><TestMethod codeBase="d:\Github\ModelRelief\ModelRelief.test\bin\Debug\netcoreapp2.0\ModelRelief.Test.dll" adapterTypeName="executor://xunit/VsTestRunner2/netcoreapp" className="ModelRelief.Test.Integration.Cameras.CamerasBaseIntegrationTests" name="Post_InvalidPropertyValueReturnsBadRequest" /></UnitTest><UnitTest name="Patch_TargetPropertyIsUpdated" storage="d:\github\modelrelief\modelrelief.test\bin\debug\netcoreapp2.0\modelrelief.test.dll" id="abe6d9fe-3875-48e9-9312-d46fa7eeb0da"><Execution id="e892b358-bfe3-4c9c-a9c6-c790d2991db0" /><TestMethod codeBase="d:\Github\ModelRelief\ModelRelief.test\bin\Debug\netcoreapp2.0\ModelRelief.Test.dll" adapterTypeName="executor://xunit/VsTestRunner2/netcoreapp" className="ModelRelief.Test.Integration.DepthBuffers.DepthBuffersBaseIntegrationTests" name="Patch_TargetPropertyIsUpdated" /></UnitTest><UnitTest name="FileRequest_FileCanBeReadAfterRename" storage="d:\github\modelrelief\modelrelief.test\bin\debug\netcoreapp2.0\modelrelief.test.dll" id="c0d0155e-d7cc-4438-ad5e-d2473f505088"><Execution id="d36a0bfb-4fcb-40f4-af7f-70bf344c1504" /><TestMethod codeBase="d:\Github\ModelRelief\ModelRelief.test\bin\Debug\netcoreapp2.0\ModelRelief.Test.dll" adapterTypeName="executor://xunit/VsTestRunner2/netcoreapp" className="ModelRelief.Test.Integration.Meshes.MeshesFileIntegrationTests" name="FileRequest_FileCanBeReadAfterRename" /></UnitTest><UnitTest name="Put_InvalidIdReturnsNotFound" storage="d:\github\modelrelief\modelrelief.test\bin\debug\netcoreapp2.0\modelrelief.test.dll" id="66f4424f-3d0c-4333-9c12-a1d32e568c62"><Execution id="a7afbf57-599b-4818-9853-dae65810c1aa" /><TestMethod codeBase="d:\Github\ModelRelief\ModelRelief.test\bin\Debug\netcoreapp2.0\ModelRelief.Test.dll" adapterTypeName="executor://xunit/VsTestRunner2/netcoreapp" className="ModelRelief.Test.Integration.Meshes.MeshesBaseIntegrationTests" name="Put_InvalidIdReturnsNotFound" /></UnitTest><UnitTest name="DepthBufferHasExpectedDependentFiles" storage="d:\github\modelrelief\modelrelief.test\bin\debug\netcoreapp2.0\modelrelief.test.dll" id="e93bcacb-93fc-4d8c-9291-d4f3b21d73dd"><Execution id="74b0933e-97b6-490b-ab88-6f23a5fa02f6" /><TestMethod codeBase="d:\Github\ModelRelief\ModelRelief.test\bin\Debug\netcoreapp2.0\ModelRelief.Test.dll" adapterTypeName="executor://xunit/VsTestRunner2/netcoreapp" className="ModelRelief.Test.Unit.DependencyManager.DependencyManagerTests" name="DepthBufferHasExpectedDependentFiles" /></UnitTest><UnitTest name="PostFile_FileIsSynchronizedIsUpdatedAfterFileIsPosted" storage="d:\github\modelrelief\modelrelief.test\bin\debug\netcoreapp2.0\modelrelief.test.dll" id="90749a87-e596-4bc8-838e-2ae518c953b0"><Execution id="5a338a11-2a09-4816-8d23-721b9e652d5a" /><TestMethod codeBase="d:\Github\ModelRelief\ModelRelief.test\bin\Debug\netcoreapp2.0\ModelRelief.Test.dll" adapterTypeName="executor://xunit/VsTestRunner2/netcoreapp" className="ModelRelief.Test.Integration.Meshes.MeshesFileIntegrationTests" name="PostFile_FileIsSynchronizedIsUpdatedAfterFileIsPosted" /></UnitTest><UnitTest name="Patch_MultipleInvalidReferencePropertiesReturnsMultipleValidationErrorsAndBadRequest" storage="d:\github\modelrelief\modelrelief.test\bin\debug\netcoreapp2.0\modelrelief.test.dll" id="9efa1cd8-0bdf-4123-8884-64642a8882e8"><Execution id="27ae5ec9-0eee-4b4a-9928-a4aea3b4e1bf" /><TestMethod codeBase="d:\Github\ModelRelief\ModelRelief.test\bin\Debug\netcoreapp2.0\ModelRelief.Test.dll" adapterTypeName="executor://xunit/VsTestRunner2/netcoreapp" className="ModelRelief.Test.Integration.DepthBuffers.DepthBuffersBaseIntegrationTests" name="Patch_MultipleInvalidReferencePropertiesReturnsMultipleValidationErrorsAndBadRequest" /></UnitTest><UnitTest name="Put_InvalidReferencePropertyReturndBadRequest" storage="d:\github\modelrelief\modelrelief.test\bin\debug\netcoreapp2.0\modelrelief.test.dll" id="08b28ad4-1722-48a2-ab0e-5f7e37048c2b"><Execution id="8382b11a-3371-4947-90dc-28082e8f643d" /><TestMethod codeBase="d:\Github\ModelRelief\ModelRelief.test\bin\Debug\netcoreapp2.0\ModelRelief.Test.dll" adapterTypeName="executor://xunit/VsTestRunner2/netcoreapp" className="ModelRelief.Test.Integration.Projects.ProjectsBaseIntegrationTests" name="Put_InvalidReferencePropertyReturndBadRequest" /></UnitTest><UnitTest name="Patch_MultipleInvalidReferencePropertiesReturnsMultipleValidationErrorsAndBadRequest" storage="d:\github\modelrelief\modelrelief.test\bin\debug\netcoreapp2.0\modelrelief.test.dll" id="39440714-0399-44e0-b53f-cd868d24dea7"><Execution id="8e216bb4-eeeb-430c-a25e-1e07a6264732" /><TestMethod codeBase="d:\Github\ModelRelief\ModelRelief.test\bin\Debug\netcoreapp2.0\ModelRelief.Test.dll" adapterTypeName="executor://xunit/VsTestRunner2/netcoreapp" className="ModelRelief.Test.Integration.MeshTransforms.MeshTransformsBaseIntegrationTests" name="Patch_MultipleInvalidReferencePropertiesReturnsMultipleValidationErrorsAndBadRequest" /></UnitTest><UnitTest name="GetList_ListReturnsCorrectCount" storage="d:\github\modelrelief\modelrelief.test\bin\debug\netcoreapp2.0\modelrelief.test.dll" id="b1ae4063-9c13-43bc-bd9f-94ca73a8a72d"><Execution id="889de17c-2a25-4a31-9376-3094a8634dc0" /><TestMethod codeBase="d:\Github\ModelRelief\ModelRelief.test\bin\Debug\netcoreapp2.0\ModelRelief.Test.dll" adapterTypeName="executor://xunit/VsTestRunner2/netcoreapp" className="ModelRelief.Test.Integration.Cameras.CamerasBaseIntegrationTests" name="GetList_ListReturnsCorrectCount" /></UnitTest><UnitTest name="Post_ValidReferencePropertyCreatesModel" storage="d:\github\modelrelief\modelrelief.test\bin\debug\netcoreapp2.0\modelrelief.test.dll" id="1e952797-48f5-4d83-8f48-b0e8a13a1b1a"><Execution id="1f846cad-6f89-435b-b186-c3f37bab5d1f" /><TestMethod codeBase="d:\Github\ModelRelief\ModelRelief.test\bin\Debug\netcoreapp2.0\ModelRelief.Test.dll" adapterTypeName="executor://xunit/VsTestRunner2/netcoreapp" className="ModelRelief.Test.Integration.Projects.ProjectsBaseIntegrationTests" name="Post_ValidReferencePropertyCreatesModel" /></UnitTest><UnitTest name="Post_InvalidPropertyValueReturnsBadRequest" storage="d:\github\modelrelief\modelrelief.test\bin\debug\netcoreapp2.0\modelrelief.test.dll" id="d0b2809c-b706-47f4-b217-47d8ab0ec6c2"><Execution id="c3a6b08a-c3c0-47f1-8d38-4405915a179d" /><TestMethod codeBase="d:\Github\ModelRelief\ModelRelief.test\bin\Debug\netcoreapp2.0\ModelRelief.Test.dll" adapterTypeName="executor://xunit/VsTestRunner2/netcoreapp" className="ModelRelief.Test.Integration.Projects.ProjectsBaseIntegrationTests" name="Post_InvalidPropertyValueReturnsBadRequest" /></UnitTest><UnitTest name="Post_CanCreateNewModel" storage="d:\github\modelrelief\modelrelief.test\bin\debug\netcoreapp2.0\modelrelief.test.dll" id="c3b50f80-eae7-4d73-b379-360ffa9cc7cb"><Execution id="c9c3e0b1-cb0d-4496-9628-7a64c227260b" /><TestMethod codeBase="d:\Github\ModelRelief\ModelRelief.test\bin\Debug\netcoreapp2.0\ModelRelief.Test.dll" adapterTypeName="executor://xunit/VsTestRunner2/netcoreapp" className="ModelRelief.Test.Integration.Cameras.CamerasBaseIntegrationTests" name="Post_CanCreateNewModel" /></UnitTest><UnitTest name="Patch_InvalidPropertyNameReturnsBadRequest" storage="d:\github\modelrelief\modelrelief.test\bin\debug\netcoreapp2.0\modelrelief.test.dll" id="4e90e899-2312-425e-85ac-f996792c72ad"><Execution id="a850f260-33b7-4592-8975-c70f15bef449" /><TestMethod codeBase="d:\Github\ModelRelief\ModelRelief.test\bin\Debug\netcoreapp2.0\ModelRelief.Test.dll" adapterTypeName="executor://xunit/VsTestRunner2/netcoreapp" className="ModelRelief.Test.Integration.DepthBuffers.DepthBuffersBaseIntegrationTests" name="Patch_InvalidPropertyNameReturnsBadRequest" /></UnitTest><UnitTest name="GetSingle_ValidIdPropertyValueReturnsCorrectModel" storage="d:\github\modelrelief\modelrelief.test\bin\debug\netcoreapp2.0\modelrelief.test.dll" id="5048335a-6409-487f-9583-e7d38258fe5f"><Execution id="81891528-65cf-4f01-b968-1d947ca0928e" /><TestMethod codeBase="d:\Github\ModelRelief\ModelRelief.test\bin\Debug\netcoreapp2.0\ModelRelief.Test.dll" adapterTypeName="executor://xunit/VsTestRunner2/netcoreapp" className="ModelRelief.Test.Integration.Cameras.CamerasBaseIntegrationTests" name="GetSingle_ValidIdPropertyValueReturnsCorrectModel" /></UnitTest><UnitTest name="FileRequest_MeshGenerateScalesDepthBufferByUnsharpHighFrequencyScale" storage="d:\github\modelrelief\modelrelief.test\bin\debug\netcoreapp2.0\modelrelief.test.dll" id="354d6133-cf39-4cc5-a1bb-4f66c8228e98"><Execution id="836dac26-d15f-4c7f-9999-54968c5b2aac" /><TestMethod codeBase="d:\Github\ModelRelief\ModelRelief.test\bin\Debug\netcoreapp2.0\ModelRelief.Test.dll" adapterTypeName="executor://xunit/VsTestRunner2/netcoreapp" className="ModelRelief.Test.Integration.Meshes.MeshesFileIntegrationTests" name="FileRequest_MeshGenerateScalesDepthBufferByUnsharpHighFrequencyScale" /></UnitTest><UnitTest name="Patch_InvalidIdPropertyReturnsNotFound" storage="d:\github\modelrelief\modelrelief.test\bin\debug\netcoreapp2.0\modelrelief.test.dll" id="d031dc08-1470-44c4-b59c-ff4fc9487d8b"><Execution id="e9f6b70d-3a65-4bcd-a832-83cec03406ef" /><TestMethod codeBase="d:\Github\ModelRelief\ModelRelief.test\bin\Debug\netcoreapp2.0\ModelRelief.Test.dll" adapterTypeName="executor://xunit/VsTestRunner2/netcoreapp" className="ModelRelief.Test.Integration.DepthBuffers.DepthBuffersBaseIntegrationTests" name="Patch_InvalidIdPropertyReturnsNotFound" /></UnitTest><UnitTest name="Post_ValidReferencePropertyCreatesModel" storage="d:\github\modelrelief\modelrelief.test\bin\debug\netcoreapp2.0\modelrelief.test.dll" id="df3bb50a-39c4-4667-857d-6bb9e6b3848c"><Execution id="45ceb509-5135-4df6-a79e-07dfdfd1f416" /><TestMethod codeBase="d:\Github\ModelRelief\ModelRelief.test\bin\Debug\netcoreapp2.0\ModelRelief.Test.dll" adapterTypeName="executor://xunit/VsTestRunner2/netcoreapp" className="ModelRelief.Test.Integration.Models.ModelsBaseIntegrationTests" name="Post_ValidReferencePropertyCreatesModel" /></UnitTest><UnitTest name="GetFile_FileCanBeRoundTripped" storage="d:\github\modelrelief\modelrelief.test\bin\debug\netcoreapp2.0\modelrelief.test.dll" id="445c3837-0514-4e7b-bb6e-ccc5f77794d6"><Execution id="e6ff0665-107e-47e2-86f3-75b8f47d12cb" /><TestMethod codeBase="d:\Github\ModelRelief\ModelRelief.test\bin\Debug\netcoreapp2.0\ModelRelief.Test.dll" adapterTypeName="executor://xunit/VsTestRunner2/netcoreapp" className="ModelRelief.Test.Integration.DepthBuffers.DepthBuffersFileIntegrationTests" name="GetFile_FileCanBeRoundTripped" /></UnitTest><UnitTest name="Put_InvalidIdReturnsNotFound" storage="d:\github\modelrelief\modelrelief.test\bin\debug\netcoreapp2.0\modelrelief.test.dll" id="e3071590-b19b-497b-96f7-395c8b7b1feb"><Execution id="b403d76c-2f61-4ffa-94a4-893c40277980" /><TestMethod codeBase="d:\Github\ModelRelief\ModelRelief.test\bin\Debug\netcoreapp2.0\ModelRelief.Test.dll" adapterTypeName="executor://xunit/VsTestRunner2/netcoreapp" className="ModelRelief.Test.Integration.MeshTransforms.MeshTransformsBaseIntegrationTests" name="Put_InvalidIdReturnsNotFound" /></UnitTest><UnitTest name="LucyCameraFindsAllDependents" storage="d:\github\modelrelief\modelrelief.test\bin\debug\netcoreapp2.0\modelrelief.test.dll" id="4df1a257-d5ae-4339-9a2c-ba4fa8db0d9a"><Execution id="8aa52f05-48f5-456a-81e8-091c7346eb40" /><TestMethod codeBase="d:\Github\ModelRelief\ModelRelief.test\bin\Debug\netcoreapp2.0\ModelRelief.Test.dll" adapterTypeName="executor://xunit/VsTestRunner2/netcoreapp" className="ModelRelief.Test.Unit.DependencyManager.DependencyManagerTests" name="LucyCameraFindsAllDependents" /></UnitTest><UnitTest name="Post_InvalidReferencePropertyReturnsBadRequest" storage="d:\github\modelrelief\modelrelief.test\bin\debug\netcoreapp2.0\modelrelief.test.dll" id="c5e70530-9e47-4f38-9cb5-c2581a36db87"><Execution id="01d47d48-f06b-4404-91d9-e26a93304730" /><TestMethod codeBase="d:\Github\ModelRelief\ModelRelief.test\bin\Debug\netcoreapp2.0\ModelRelief.Test.dll" adapterTypeName="executor://xunit/VsTestRunner2/netcoreapp" className="ModelRelief.Test.Integration.Models.ModelsBaseIntegrationTests" name="Post_InvalidReferencePropertyReturnsBadRequest" /></UnitTest><UnitTest name="Put_CanUpdateModel" storage="d:\github\modelrelief\modelrelief.test\bin\debug\netcoreapp2.0\modelrelief.test.dll" id="2405bbf1-9af5-4703-a86d-1e483323fe92"><Execution id="fda6905a-2fe1-4f40-a384-118a1303b000" /><TestMethod codeBase="d:\Github\ModelRelief\ModelRelief.test\bin\Debug\netcoreapp2.0\ModelRelief.Test.dll" adapterTypeName="executor://xunit/VsTestRunner2/netcoreapp" className="ModelRelief.Test.Integration.MeshTransforms.MeshTransformsBaseIntegrationTests" name="Put_CanUpdateModel" /></UnitTest><UnitTest name="PutFile_NewFileCanBePut" storage="d:\github\modelrelief\modelrelief.test\bin\debug\netcoreapp2.0\modelrelief.test.dll" id="9995f849-e0f0-4e40-915d-3a7cc94527c9"><Execution id="2de4b327-5a0b-4161-8745-ed319ba727b4" /><TestMethod codeBase="d:\Github\ModelRelief\ModelRelief.test\bin\Debug\netcoreapp2.0\ModelRelief.Test.dll" adapterTypeName="executor://xunit/VsTestRunner2/netcoreapp" className="ModelRelief.Test.Integration.DepthBuffers.DepthBuffersFileIntegrationTests" name="PutFile_NewFileCanBePut" /></UnitTest><UnitTest name="Patch_InvalidReferencePropertyReturnsBadRequest" storage="d:\github\modelrelief\modelrelief.test\bin\debug\netcoreapp2.0\modelrelief.test.dll" id="fd73b1f7-7485-42b5-8a7d-4a11037e94f7"><Execution id="2d1fcc79-8b1d-443c-b769-df4506dfe1f5" /><TestMethod codeBase="d:\Github\ModelRelief\ModelRelief.test\bin\Debug\netcoreapp2.0\ModelRelief.Test.dll" adapterTypeName="executor://xunit/VsTestRunner2/netcoreapp" className="ModelRelief.Test.Integration.Cameras.CamerasBaseIntegrationTests" name="Patch_InvalidReferencePropertyReturnsBadRequest" /></UnitTest><UnitTest name="Patch_MultipleInvalidReferencePropertiesReturnsMultipleValidationErrorsAndBadRequest" storage="d:\github\modelrelief\modelrelief.test\bin\debug\netcoreapp2.0\modelrelief.test.dll" id="ecde71d3-d536-400e-9c27-a27db2bb7827"><Execution id="d5e1edf1-f777-4beb-87da-3b6880bfff64" /><TestMethod codeBase="d:\Github\ModelRelief\ModelRelief.test\bin\Debug\netcoreapp2.0\ModelRelief.Test.dll" adapterTypeName="executor://xunit/VsTestRunner2/netcoreapp" className="ModelRelief.Test.Integration.Meshes.MeshesBaseIntegrationTests" name="Patch_MultipleInvalidReferencePropertiesReturnsMultipleValidationErrorsAndBadRequest" /></UnitTest><UnitTest name="Post_ValidReferencePropertyCreatesModel" storage="d:\github\modelrelief\modelrelief.test\bin\debug\netcoreapp2.0\modelrelief.test.dll" id="5985b49b-ec77-4a09-a861-4aec76004d6e"><Execution id="338c89b3-e708-47d3-b7ad-ac1d319f7df1" /><TestMethod codeBase="d:\Github\ModelRelief\ModelRelief.test\bin\Debug\netcoreapp2.0\ModelRelief.Test.dll" adapterTypeName="executor://xunit/VsTestRunner2/netcoreapp" className="ModelRelief.Test.Integration.Meshes.MeshesBaseIntegrationTests" name="Post_ValidReferencePropertyCreatesModel" /></UnitTest><UnitTest name="GetSingle_ValidIdPropertyValueReturnsCorrectModel" storage="d:\github\modelrelief\modelrelief.test\bin\debug\netcoreapp2.0\modelrelief.test.dll" id="6f5af7db-18c6-46bc-851c-d6389275d0ab"><Execution id="01a2450b-0c1d-4374-b61d-ae35d5de41d9" /><TestMethod codeBase="d:\Github\ModelRelief\ModelRelief.test\bin\Debug\netcoreapp2.0\ModelRelief.Test.dll" adapterTypeName="executor://xunit/VsTestRunner2/netcoreapp" className="ModelRelief.Test.Integration.Models.ModelsBaseIntegrationTests" name="GetSingle_ValidIdPropertyValueReturnsCorrectModel" /></UnitTest><UnitTest name="Post_CanCreateNewModel" storage="d:\github\modelrelief\modelrelief.test\bin\debug\netcoreapp2.0\modelrelief.test.dll" id="64c2000d-d304-407f-b37e-0ab243a09965"><Execution id="b16f1c14-367c-419d-924b-aa9bc5ebb5fc" /><TestMethod codeBase="d:\Github\ModelRelief\ModelRelief.test\bin\Debug\netcoreapp2.0\ModelRelief.Test.dll" adapterTypeName="executor://xunit/VsTestRunner2/netcoreapp" className="ModelRelief.Test.Integration.MeshTransforms.MeshTransformsBaseIntegrationTests" name="Post_CanCreateNewModel" /></UnitTest><UnitTest name="FileRequest_FileCanBeReadAfterRename" storage="d:\github\modelrelief\modelrelief.test\bin\debug\netcoreapp2.0\modelrelief.test.dll" id="7b4f7ecc-70cc-4365-851a-b5d3dc7029cc"><Execution id="bbb94978-ab50-4a88-a828-911b8ff5b4e0" /><TestMethod codeBase="d:\Github\ModelRelief\ModelRelief.test\bin\Debug\netcoreapp2.0\ModelRelief.Test.dll" adapterTypeName="executor://xunit/VsTestRunner2/netcoreapp" className="ModelRelief.Test.Integration.DepthBuffers.DepthBuffersFileIntegrationTests" name="FileRequest_FileCanBeReadAfterRename" /></UnitTest><UnitTest name="Put_ValidReferencePropertyUpdatesModel" storage="d:\github\modelrelief\modelrelief.test\bin\debug\netcoreapp2.0\modelrelief.test.dll" id="244f6cb3-c348-401f-8a8c-7580d5c65c68"><Execution id="0a4c4c55-26d2-4813-af46-ddc71c538ae7" /><TestMethod codeBase="d:\Github\ModelRelief\ModelRelief.test\bin\Debug\netcoreapp2.0\ModelRelief.Test.dll" adapterTypeName="executor://xunit/VsTestRunner2/netcoreapp" className="ModelRelief.Test.Integration.Models.ModelsBaseIntegrationTests" name="Put_ValidReferencePropertyUpdatesModel" /></UnitTest><UnitTest name="GetFile_ExistingFileReturnsSuccess" storage="d:\github\modelrelief\modelrelief.test\bin\debug\netcoreapp2.0\modelrelief.test.dll" id="156ae432-cdd9-4623-9d2c-df5fad5c6c26"><Execution id="379b7b47-7dcb-499f-81e4-f71b5e350a56" /><TestMethod codeBase="d:\Github\ModelRelief\ModelRelief.test\bin\Debug\netcoreapp2.0\ModelRelief.Test.dll" adapterTypeName="executor://xunit/VsTestRunner2/netcoreapp" className="ModelRelief.Test.Integration.Meshes.MeshesFileIntegrationTests" name="GetFile_ExistingFileReturnsSuccess" /></UnitTest><UnitTest name="Patch_InvalidPropertyNameReturnsBadRequest" storage="d:\github\modelrelief\modelrelief.test\bin\debug\netcoreapp2.0\modelrelief.test.dll" id="ee23aa28-6a26-418e-b83c-0b1c5b209729"><Execution id="44261843-ea39-42a7-8051-960491214af2" /><TestMethod codeBase="d:\Github\ModelRelief\ModelRelief.test\bin\Debug\netcoreapp2.0\ModelRelief.Test.dll" adapterTypeName="executor://xunit/VsTestRunner2/netcoreapp" className="ModelRelief.Test.Integration.MeshTransforms.MeshTransformsBaseIntegrationTests" name="Patch_InvalidPropertyNameReturnsBadRequest" /></UnitTest><UnitTest name="Patch_TargetPropertyIsUpdated" storage="d:\github\modelrelief\modelrelief.test\bin\debug\netcoreapp2.0\modelrelief.test.dll" id="dfb17a1c-8a56-44ac-8bff-101c780983f8"><Execution id="9c3f8d5d-378d-450d-8aee-93e40f7286b7" /><TestMethod codeBase="d:\Github\ModelRelief\ModelRelief.test\bin\Debug\netcoreapp2.0\ModelRelief.Test.dll" adapterTypeName="executor://xunit/VsTestRunner2/netcoreapp" className="ModelRelief.Test.Integration.Cameras.CamerasBaseIntegrationTests" name="Patch_TargetPropertyIsUpdated" /></UnitTest><UnitTest name="LucyModel3dHasTwoDependents" storage="d:\github\modelrelief\modelrelief.test\bin\debug\netcoreapp2.0\modelrelief.test.dll" id="b80da320-bbe5-49f1-88a6-cd9dcc8addb6"><Execution id="37be0247-7a6b-4c6c-a3cf-b0b4e6836bce" /><TestMethod codeBase="d:\Github\ModelRelief\ModelRelief.test\bin\Debug\netcoreapp2.0\ModelRelief.Test.dll" adapterTypeName="executor://xunit/VsTestRunner2/netcoreapp" className="ModelRelief.Test.Unit.DependencyManager.DependencyManagerTests" name="LucyModel3dHasTwoDependents" /></UnitTest><UnitTest name="Patch_ValidReferencePropertyUpdatesModel" storage="d:\github\modelrelief\modelrelief.test\bin\debug\netcoreapp2.0\modelrelief.test.dll" id="75d27d07-5b54-4c2a-9715-8c0fb094bb4d"><Execution id="d98638f7-dc44-494b-bbc9-bddd79a92e9a" /><TestMethod codeBase="d:\Github\ModelRelief\ModelRelief.test\bin\Debug\netcoreapp2.0\ModelRelief.Test.dll" adapterTypeName="executor://xunit/VsTestRunner2/netcoreapp" className="ModelRelief.Test.Integration.Models.ModelsBaseIntegrationTests" name="Patch_ValidReferencePropertyUpdatesModel" /></UnitTest><UnitTest name="Put_CanUpdateModel" storage="d:\github\modelrelief\modelrelief.test\bin\debug\netcoreapp2.0\modelrelief.test.dll" id="f2c32842-9cab-490a-9483-77022a1563e9"><Execution id="e02b2de4-8b54-43d6-8186-bde2a868758f" /><TestMethod codeBase="d:\Github\ModelRelief\ModelRelief.test\bin\Debug\netcoreapp2.0\ModelRelief.Test.dll" adapterTypeName="executor://xunit/VsTestRunner2/netcoreapp" className="ModelRelief.Test.Integration.Models.ModelsBaseIntegrationTests" name="Put_CanUpdateModel" /></UnitTest><UnitTest name="Patch_ValidReferencePropertyUpdatesModel" storage="d:\github\modelrelief\modelrelief.test\bin\debug\netcoreapp2.0\modelrelief.test.dll" id="5028908b-8b2d-4a01-b165-4314aa05a4ee"><Execution id="8d1eb9fc-28ad-468e-8843-ee30cbf1383c" /><TestMethod codeBase="d:\Github\ModelRelief\ModelRelief.test\bin\Debug\netcoreapp2.0\ModelRelief.Test.dll" adapterTypeName="executor://xunit/VsTestRunner2/netcoreapp" className="ModelRelief.Test.Integration.Cameras.CamerasBaseIntegrationTests" name="Patch_ValidReferencePropertyUpdatesModel" /></UnitTest><UnitTest name="Delete_TargetModelIsDeleted" storage="d:\github\modelrelief\modelrelief.test\bin\debug\netcoreapp2.0\modelrelief.test.dll" id="175f7134-5f68-4f26-bf06-e53a4973429a"><Execution id="3e2bb940-9915-43cc-b5b4-a3689e92af18" /><TestMethod codeBase="d:\Github\ModelRelief\ModelRelief.test\bin\Debug\netcoreapp2.0\ModelRelief.Test.dll" adapterTypeName="executor://xunit/VsTestRunner2/netcoreapp" className="ModelRelief.Test.Integration.DepthBuffers.DepthBuffersBaseIntegrationTests" name="Delete_TargetModelIsDeleted" /></UnitTest><UnitTest name="GetFile_ExistingFileReturnsSuccess" storage="d:\github\modelrelief\modelrelief.test\bin\debug\netcoreapp2.0\modelrelief.test.dll" id="1c8e6753-18ff-4418-b2f5-4a924bf027f2"><Execution id="3f3b17ed-5e9d-4dd9-9863-2022ab545f67" /><TestMethod codeBase="d:\Github\ModelRelief\ModelRelief.test\bin\Debug\netcoreapp2.0\ModelRelief.Test.dll" adapterTypeName="executor://xunit/VsTestRunner2/netcoreapp" className="ModelRelief.Test.Integration.Models.ModelsFileIntegrationTests" name="GetFile_ExistingFileReturnsSuccess" /></UnitTest><UnitTest name="Put_InvalidIdReturnsNotFound" storage="d:\github\modelrelief\modelrelief.test\bin\debug\netcoreapp2.0\modelrelief.test.dll" id="7421ed59-5061-48e9-a97e-f6949000a153"><Execution id="130677a1-7570-4347-b95f-dc4f03249f7e" /><TestMethod codeBase="d:\Github\ModelRelief\ModelRelief.test\bin\Debug\netcoreapp2.0\ModelRelief.Test.dll" adapterTypeName="executor://xunit/VsTestRunner2/netcoreapp" className="ModelRelief.Test.Integration.DepthBuffers.DepthBuffersBaseIntegrationTests" name="Put_InvalidIdReturnsNotFound" /></UnitTest><UnitTest name="Post_InvalidReferencePropertyReturnsBadRequest" storage="d:\github\modelrelief\modelrelief.test\bin\debug\netcoreapp2.0\modelrelief.test.dll" id="df1ec0fa-0dee-4dc9-a006-578f282e92ce"><Execution id="03580a03-cbbb-4285-bc32-0032dd8ca74c" /><TestMethod codeBase="d:\Github\ModelRelief\ModelRelief.test\bin\Debug\netcoreapp2.0\ModelRelief.Test.dll" adapterTypeName="executor://xunit/VsTestRunner2/netcoreapp" className="ModelRelief.Test.Integration.Projects.ProjectsBaseIntegrationTests" name="Post_InvalidReferencePropertyReturnsBadRequest" /></UnitTest><UnitTest name="GetList_ListReturnsCorrectCount" storage="d:\github\modelrelief\modelrelief.test\bin\debug\netcoreapp2.0\modelrelief.test.dll" id="02dc7624-c07a-47ec-a2a6-642c127b0bf2"><Execution id="530855ed-8ecc-4805-98d3-e3be23122e54" /><TestMethod codeBase="d:\Github\ModelRelief\ModelRelief.test\bin\Debug\netcoreapp2.0\ModelRelief.Test.dll" adapterTypeName="executor://xunit/VsTestRunner2/netcoreapp" className="ModelRelief.Test.Integration.Projects.ProjectsBaseIntegrationTests" name="GetList_ListReturnsCorrectCount" /></UnitTest><UnitTest name="PostFile_FileIsSynchronizedIsUpdatedAfterFileIsPosted" storage="d:\github\modelrelief\modelrelief.test\bin\debug\netcoreapp2.0\modelrelief.test.dll" id="e5da3724-dfc7-4215-bb75-7a101c9f8909"><Execution id="6731f0f4-18c1-4c44-a90b-71049a2ef03f" /><TestMethod codeBase="d:\Github\ModelRelief\ModelRelief.test\bin\Debug\netcoreapp2.0\ModelRelief.Test.dll" adapterTypeName="executor://xunit/VsTestRunner2/netcoreapp" className="ModelRelief.Test.Integration.DepthBuffers.DepthBuffersFileIntegrationTests" name="PostFile_FileIsSynchronizedIsUpdatedAfterFileIsPosted" /></UnitTest><UnitTest name="Put_CanUpdateModel" storage="d:\github\modelrelief\modelrelief.test\bin\debug\netcoreapp2.0\modelrelief.test.dll" id="04a2cc64-8595-4edc-9bdc-d53140d721cf"><Execution id="12284336-98c3-4490-9a85-2defd19129d4" /><TestMethod codeBase="d:\Github\ModelRelief\ModelRelief.test\bin\Debug\netcoreapp2.0\ModelRelief.Test.dll" adapterTypeName="executor://xunit/VsTestRunner2/netcoreapp" className="ModelRelief.Test.Integration.Projects.ProjectsBaseIntegrationTests" name="Put_CanUpdateModel" /></UnitTest><UnitTest name="Put_InvalidReferencePropertyReturndBadRequest" storage="d:\github\modelrelief\modelrelief.test\bin\debug\netcoreapp2.0\modelrelief.test.dll" id="ec2b7966-78d5-456b-874c-947bef889583"><Execution id="3d5f64a8-b229-4e40-8d8f-de6af9bd76f9" /><TestMethod codeBase="d:\Github\ModelRelief\ModelRelief.test\bin\Debug\netcoreapp2.0\ModelRelief.Test.dll" adapterTypeName="executor://xunit/VsTestRunner2/netcoreapp" className="ModelRelief.Test.Integration.Cameras.CamerasBaseIntegrationTests" name="Put_InvalidReferencePropertyReturndBadRequest" /></UnitTest><UnitTest name="Patch_InvalidIdPropertyReturnsNotFound" storage="d:\github\modelrelief\modelrelief.test\bin\debug\netcoreapp2.0\modelrelief.test.dll" id="584f6d61-4153-4aad-b4b6-0b39506673a6"><Execution id="4cf2f25e-f170-4d74-8e2f-0fe41e5f0569" /><TestMethod codeBase="d:\Github\ModelRelief\ModelRelief.test\bin\Debug\netcoreapp2.0\ModelRelief.Test.dll" adapterTypeName="executor://xunit/VsTestRunner2/netcoreapp" className="ModelRelief.Test.Integration.MeshTransforms.MeshTransformsBaseIntegrationTests" name="Patch_InvalidIdPropertyReturnsNotFound" /></UnitTest><UnitTest name="Delete_TargetModelIsDeleted" storage="d:\github\modelrelief\modelrelief.test\bin\debug\netcoreapp2.0\modelrelief.test.dll" id="ef026c4c-679b-4f81-8314-a173a0a7c648"><Execution id="ab37ee74-af2c-4fdd-a900-2a70ff3c6cb3" /><TestMethod codeBase="d:\Github\ModelRelief\ModelRelief.test\bin\Debug\netcoreapp2.0\ModelRelief.Test.dll" adapterTypeName="executor://xunit/VsTestRunner2/netcoreapp" className="ModelRelief.Test.Integration.Meshes.MeshesBaseIntegrationTests" name="Delete_TargetModelIsDeleted" /></UnitTest><UnitTest name="Patch_MultipleInvalidReferencePropertiesReturnsMultipleValidationErrorsAndBadRequest" storage="d:\github\modelrelief\modelrelief.test\bin\debug\netcoreapp2.0\modelrelief.test.dll" id="0445572c-60f7-42bb-9953-87c0438f7908"><Execution id="dba5ca01-5507-487e-b155-de2089c05b46" /><TestMethod codeBase="d:\Github\ModelRelief\ModelRelief.test\bin\Debug\netcoreapp2.0\ModelRelief.Test.dll" adapterTypeName="executor://xunit/VsTestRunner2/netcoreapp" className="ModelRelief.Test.Integration.Projects.ProjectsBaseIntegrationTests" name="Patch_MultipleInvalidReferencePropertiesReturnsMultipleValidationErrorsAndBadRequest" /></UnitTest><UnitTest name="Model3dHasExpectedDependentFiles" storage="d:\github\modelrelief\modelrelief.test\bin\debug\netcoreapp2.0\modelrelief.test.dll" id="d65dc6af-2969-4c59-b8eb-7045ac896368"><Execution id="e4578e84-02fb-4ae4-a010-5a3e04e47ca5" /><TestMethod codeBase="d:\Github\ModelRelief\ModelRelief.test\bin\Debug\netcoreapp2.0\ModelRelief.Test.dll" adapterTypeName="executor://xunit/VsTestRunner2/netcoreapp" className="ModelRelief.Test.Unit.DependencyManager.DependencyManagerTests" name="Model3dHasExpectedDependentFiles" /></UnitTest><UnitTest name="GetList_ListReturnsCorrectCount" storage="d:\github\modelrelief\modelrelief.test\bin\debug\netcoreapp2.0\modelrelief.test.dll" id="1f75e5b0-45a3-4d4f-8c05-28832bf06de1"><Execution id="9980247e-a75d-45fd-8e08-10b3874959b3" /><TestMethod codeBase="d:\Github\ModelRelief\ModelRelief.test\bin\Debug\netcoreapp2.0\ModelRelief.Test.dll" adapterTypeName="executor://xunit/VsTestRunner2/netcoreapp" className="ModelRelief.Test.Integration.DepthBuffers.DepthBuffersBaseIntegrationTests" name="GetList_ListReturnsCorrectCount" /></UnitTest><UnitTest name="GetFile_ExistingFileReturnsSuccess" storage="d:\github\modelrelief\modelrelief.test\bin\debug\netcoreapp2.0\modelrelief.test.dll" id="11daba9a-2615-45c5-b71a-7e10297adef1"><Execution id="91709b32-dc8b-4144-9815-fd638cff5670" /><TestMethod codeBase="d:\Github\ModelRelief\ModelRelief.test\bin\Debug\netcoreapp2.0\ModelRelief.Test.dll" adapterTypeName="executor://xunit/VsTestRunner2/netcoreapp" className="ModelRelief.Test.Integration.DepthBuffers.DepthBuffersFileIntegrationTests" name="GetFile_ExistingFileReturnsSuccess" /></UnitTest><UnitTest name="GetSingle_ValidIdPropertyValueReturnsCorrectModel" storage="d:\github\modelrelief\modelrelief.test\bin\debug\netcoreapp2.0\modelrelief.test.dll" id="ff5f4774-2c07-4197-8d33-350e088919ba"><Execution id="a3192520-3a52-4dea-8906-a94ccb1b8ef0" /><TestMethod codeBase="d:\Github\ModelRelief\ModelRelief.test\bin\Debug\netcoreapp2.0\ModelRelief.Test.dll" adapterTypeName="executor://xunit/VsTestRunner2/netcoreapp" className="ModelRelief.Test.Integration.MeshTransforms.MeshTransformsBaseIntegrationTests" name="GetSingle_ValidIdPropertyValueReturnsCorrectModel" /></UnitTest><UnitTest name="Post_InvalidReferencePropertyReturnsBadRequest" storage="d:\github\modelrelief\modelrelief.test\bin\debug\netcoreapp2.0\modelrelief.test.dll" id="d6873a85-7419-45c2-8d3f-0dbb958f4460"><Execution id="27929a14-01db-4559-9f31-a553c58f777f" /><TestMethod codeBase="d:\Github\ModelRelief\ModelRelief.test\bin\Debug\netcoreapp2.0\ModelRelief.Test.dll" adapterTypeName="executor://xunit/VsTestRunner2/netcoreapp" className="ModelRelief.Test.Integration.DepthBuffers.DepthBuffersBaseIntegrationTests" name="Post_InvalidReferencePropertyReturnsBadRequest" /></UnitTest><UnitTest name="Delete_TargetModelIsDeleted" storage="d:\github\modelrelief\modelrelief.test\bin\debug\netcoreapp2.0\modelrelief.test.dll" id="012076c3-3ca6-457d-b7b7-eb365dd4cda0"><Execution id="4d6ddfab-827a-456c-b2ab-fef105d4e63a" /><TestMethod codeBase="d:\Github\ModelRelief\ModelRelief.test\bin\Debug\netcoreapp2.0\ModelRelief.Test.dll" adapterTypeName="executor://xunit/VsTestRunner2/netcoreapp" className="ModelRelief.Test.Integration.Projects.ProjectsBaseIntegrationTests" name="Delete_TargetModelIsDeleted" /></UnitTest><UnitTest name="Patch_TargetPropertyIsUpdated" storage="d:\github\modelrelief\modelrelief.test\bin\debug\netcoreapp2.0\modelrelief.test.dll" id="b63cb782-3395-48c0-aad7-279865cb96f1"><Execution id="311f6bbb-0d16-4a02-bda0-87a41a149daa" /><TestMethod codeBase="d:\Github\ModelRelief\ModelRelief.test\bin\Debug\netcoreapp2.0\ModelRelief.Test.dll" adapterTypeName="executor://xunit/VsTestRunner2/netcoreapp" className="ModelRelief.Test.Integration.Meshes.MeshesBaseIntegrationTests" name="Patch_TargetPropertyIsUpdated" /></UnitTest><UnitTest name="Patch_TargetPropertyIsUpdated" storage="d:\github\modelrelief\modelrelief.test\bin\debug\netcoreapp2.0\modelrelief.test.dll" id="1175e321-be96-41ab-9e64-f4e600379f04"><Execution id="f79ae8b3-00b3-4ca1-8022-6dfcd4f117cf" /><TestMethod codeBase="d:\Github\ModelRelief\ModelRelief.test\bin\Debug\netcoreapp2.0\ModelRelief.Test.dll" adapterTypeName="executor://xunit/VsTestRunner2/netcoreapp" className="ModelRelief.Test.Integration.MeshTransforms.MeshTransformsBaseIntegrationTests" name="Patch_TargetPropertyIsUpdated" /></UnitTest><UnitTest name="GetSingle_InvalidIdPropertyValueReturnsNotFound" storage="d:\github\modelrelief\modelrelief.test\bin\debug\netcoreapp2.0\modelrelief.test.dll" id="6a1a1ab2-7fb1-41e8-9dba-96318bcca605"><Execution id="68791f06-1454-4fac-b720-37763edeee0f" /><TestMethod codeBase="d:\Github\ModelRelief\ModelRelief.test\bin\Debug\netcoreapp2.0\ModelRelief.Test.dll" adapterTypeName="executor://xunit/VsTestRunner2/netcoreapp" className="ModelRelief.Test.Integration.Models.ModelsBaseIntegrationTests" name="GetSingle_InvalidIdPropertyValueReturnsNotFound" /></UnitTest><UnitTest name="Put_CanUpdateModel" storage="d:\github\modelrelief\modelrelief.test\bin\debug\netcoreapp2.0\modelrelief.test.dll" id="23d0939c-e127-4262-88ed-6dbd504c3ccc"><Execution id="bc3d97d6-9f50-4ee8-8ea1-6c8e36a35505" /><TestMethod codeBase="d:\Github\ModelRelief\ModelRelief.test\bin\Debug\netcoreapp2.0\ModelRelief.Test.dll" adapterTypeName="executor://xunit/VsTestRunner2/netcoreapp" className="ModelRelief.Test.Integration.DepthBuffers.DepthBuffersBaseIntegrationTests" name="Put_CanUpdateModel" /></UnitTest><UnitTest name="Delete_TargetModelIsDeleted" storage="d:\github\modelrelief\modelrelief.test\bin\debug\netcoreapp2.0\modelrelief.test.dll" id="41f1f872-fd44-465b-9611-3fd5fafad9be"><Execution id="59c35958-288e-4612-9a45-76e1255e4bcf" /><TestMethod codeBase="d:\Github\ModelRelief\ModelRelief.test\bin\Debug\netcoreapp2.0\ModelRelief.Test.dll" adapterTypeName="executor://xunit/VsTestRunner2/netcoreapp" className="ModelRelief.Test.Integration.MeshTransforms.MeshTransformsBaseIntegrationTests" name="Delete_TargetModelIsDeleted" /></UnitTest><UnitTest name="Put_InvalidReferencePropertyReturndBadRequest" storage="d:\github\modelrelief\modelrelief.test\bin\debug\netcoreapp2.0\modelrelief.test.dll" id="e444bc62-255a-49b9-bbf7-802a520fc47e"><Execution id="a411553e-d134-484c-9d05-13a3251a5482" /><TestMethod codeBase="d:\Github\ModelRelief\ModelRelief.test\bin\Debug\netcoreapp2.0\ModelRelief.Test.dll" adapterTypeName="executor://xunit/VsTestRunner2/netcoreapp" className="ModelRelief.Test.Integration.Meshes.MeshesBaseIntegrationTests" name="Put_InvalidReferencePropertyReturndBadRequest" /></UnitTest><UnitTest name="Patch_MultipleInvalidReferencePropertiesReturnsMultipleValidationErrorsAndBadRequest" storage="d:\github\modelrelief\modelrelief.test\bin\debug\netcoreapp2.0\modelrelief.test.dll" id="ddf29ce3-36b9-477e-b966-abd80999dd0d"><Execution id="03fe5282-6d2d-4201-b885-ae8b00cb6ab2" /><TestMethod codeBase="d:\Github\ModelRelief\ModelRelief.test\bin\Debug\netcoreapp2.0\ModelRelief.Test.dll" adapterTypeName="executor://xunit/VsTestRunner2/netcoreapp" className="ModelRelief.Test.Integration.Models.ModelsBaseIntegrationTests" name="Patch_MultipleInvalidReferencePropertiesReturnsMultipleValidationErrorsAndBadRequest" /></UnitTest><UnitTest name="Delete_TargetModelIsDeleted" storage="d:\github\modelrelief\modelrelief.test\bin\debug\netcoreapp2.0\modelrelief.test.dll" id="d4fa8d3f-c7f5-4430-abec-0f45e838f57b"><Execution id="ac4b5649-f106-4302-9588-a8d7ed05b3be" /><TestMethod codeBase="d:\Github\ModelRelief\ModelRelief.test\bin\Debug\netcoreapp2.0\ModelRelief.Test.dll" adapterTypeName="executor://xunit/VsTestRunner2/netcoreapp" className="ModelRelief.Test.Integration.Cameras.CamerasBaseIntegrationTests" name="Delete_TargetModelIsDeleted" /></UnitTest><UnitTest name="Patch_InvalidEnumPropertyValueReturnsBadRequest" storage="d:\github\modelrelief\modelrelief.test\bin\debug\netcoreapp2.0\modelrelief.test.dll" id="d1a6572e-98d6-465e-ad18-9747de722ea3"><Execution id="49b02e09-18b2-4fd5-8239-0904fca10425" /><TestMethod codeBase="d:\Github\ModelRelief\ModelRelief.test\bin\Debug\netcoreapp2.0\ModelRelief.Test.dll" adapterTypeName="executor://xunit/VsTestRunner2/netcoreapp" className="ModelRelief.Test.Integration.MeshTransforms.MeshTransformsBaseIntegrationTests" name="Patch_InvalidEnumPropertyValueReturnsBadRequest" /></UnitTest><UnitTest name="Post_CanCreateNewModel" storage="d:\github\modelrelief\modelrelief.test\bin\debug\netcoreapp2.0\modelrelief.test.dll" id="8fb550f7-ca6b-4f53-b8ce-8451aeafd514"><Execution id="6d93759c-690d-41d0-8adb-54cfea6648b4" /><TestMethod codeBase="d:\Github\ModelRelief\ModelRelief.test\bin\Debug\netcoreapp2.0\ModelRelief.Test.dll" adapterTypeName="executor://xunit/VsTestRunner2/netcoreapp" className="ModelRelief.Test.Integration.Projects.ProjectsBaseIntegrationTests" name="Post_CanCreateNewModel" /></UnitTest><UnitTest name="Post_InvalidReferencePropertyReturnsBadRequest" storage="d:\github\modelrelief\modelrelief.test\bin\debug\netcoreapp2.0\modelrelief.test.dll" id="ec32886d-6c05-4e9a-a37c-67cedc356b4e"><Execution id="63d6aa70-9290-43c0-ab3d-ddd3699761e2" /><TestMethod codeBase="d:\Github\ModelRelief\ModelRelief.test\bin\Debug\netcoreapp2.0\ModelRelief.Test.dll" adapterTypeName="executor://xunit/VsTestRunner2/netcoreapp" className="ModelRelief.Test.Integration.MeshTransforms.MeshTransformsBaseIntegrationTests" name="Post_InvalidReferencePropertyReturnsBadRequest" /></UnitTest><UnitTest name="Patch_InvalidEnumPropertyValueReturnsBadRequest" storage="d:\github\modelrelief\modelrelief.test\bin\debug\netcoreapp2.0\modelrelief.test.dll" id="79b7c5e2-1321-41af-9d32-88a95fe367e1"><Execution id="53b7860c-620d-4470-9ece-955a839088a4" /><TestMethod codeBase="d:\Github\ModelRelief\ModelRelief.test\bin\Debug\netcoreapp2.0\ModelRelief.Test.dll" adapterTypeName="executor://xunit/VsTestRunner2/netcoreapp" className="ModelRelief.Test.Integration.Models.ModelsBaseIntegrationTests" name="Patch_InvalidEnumPropertyValueReturnsBadRequest" /></UnitTest><UnitTest name="Patch_InvalidEnumPropertyValueReturnsBadRequest" storage="d:\github\modelrelief\modelrelief.test\bin\debug\netcoreapp2.0\modelrelief.test.dll" id="2596713b-1120-4bad-a84e-a5d35ef9f4a9"><Execution id="f7505ee3-3892-4d94-86d3-38f3c6cd7377" /><TestMethod codeBase="d:\Github\ModelRelief\ModelRelief.test\bin\Debug\netcoreapp2.0\ModelRelief.Test.dll" adapterTypeName="executor://xunit/VsTestRunner2/netcoreapp" className="ModelRelief.Test.Integration.Meshes.MeshesBaseIntegrationTests" name="Patch_InvalidEnumPropertyValueReturnsBadRequest" /></UnitTest><UnitTest name="GetList_ListReturnsCorrectCount" storage="d:\github\modelrelief\modelrelief.test\bin\debug\netcoreapp2.0\modelrelief.test.dll" id="189fee08-0384-4620-96e2-f50c9d98fa1f"><Execution id="1443f356-8857-452a-a945-dd6a158df2c5" /><TestMethod codeBase="d:\Github\ModelRelief\ModelRelief.test\bin\Debug\netcoreapp2.0\ModelRelief.Test.dll" adapterTypeName="executor://xunit/VsTestRunner2/netcoreapp" className="ModelRelief.Test.Integration.Models.ModelsBaseIntegrationTests" name="GetList_ListReturnsCorrectCount" /></UnitTest><UnitTest name="PostFile_FileTimeStampIsUpdatedAfterFileIsPosted" storage="d:\github\modelrelief\modelrelief.test\bin\debug\netcoreapp2.0\modelrelief.test.dll" id="a2f497f7-911b-4468-b619-1e0ac68a473f"><Execution id="c94d6721-1ba4-428c-800a-e02a46fb1d6b" /><TestMethod codeBase="d:\Github\ModelRelief\ModelRelief.test\bin\Debug\netcoreapp2.0\ModelRelief.Test.dll" adapterTypeName="executor://xunit/VsTestRunner2/netcoreapp" className="ModelRelief.Test.Integration.Meshes.MeshesFileIntegrationTests" name="PostFile_FileTimeStampIsUpdatedAfterFileIsPosted" /></UnitTest><UnitTest name="GetSingle_ValidIdPropertyValueReturnsCorrectModel" storage="d:\github\modelrelief\modelrelief.test\bin\debug\netcoreapp2.0\modelrelief.test.dll" id="26a96881-5c2d-49b1-ba51-f415abae0dd5"><Execution id="d2da9340-76d9-45ef-a054-4829497f67dd" /><TestMethod codeBase="d:\Github\ModelRelief\ModelRelief.test\bin\Debug\netcoreapp2.0\ModelRelief.Test.dll" adapterTypeName="executor://xunit/VsTestRunner2/netcoreapp" className="ModelRelief.Test.Integration.DepthBuffers.DepthBuffersBaseIntegrationTests" name="GetSingle_ValidIdPropertyValueReturnsCorrectModel" /></UnitTest><UnitTest name="GetFile_NonExistentFileReturnsNotFound" storage="d:\github\modelrelief\modelrelief.test\bin\debug\netcoreapp2.0\modelrelief.test.dll" id="c921e3d0-98d3-4140-8c14-601eed5b1fcb"><Execution id="fb9d6d36-8419-4a1e-a3a6-31b8f874ec88" /><TestMethod codeBase="d:\Github\ModelRelief\ModelRelief.test\bin\Debug\netcoreapp2.0\ModelRelief.Test.dll" adapterTypeName="executor://xunit/VsTestRunner2/netcoreapp" className="ModelRelief.Test.Integration.Meshes.MeshesFileIntegrationTests" name="GetFile_NonExistentFileReturnsNotFound" /></UnitTest><UnitTest name="PostFile_NewFileCanBePosted" storage="d:\github\modelrelief\modelrelief.test\bin\debug\netcoreapp2.0\modelrelief.test.dll" id="f2cfcc72-ed40-419a-8b03-69e1f0a4a8d9"><Execution id="fc3ff34f-d49d-4a35-b134-3111e946c107" /><TestMethod codeBase="d:\Github\ModelRelief\ModelRelief.test\bin\Debug\netcoreapp2.0\ModelRelief.Test.dll" adapterTypeName="executor://xunit/VsTestRunner2/netcoreapp" className="ModelRelief.Test.Integration.Models.ModelsFileIntegrationTests" name="PostFile_NewFileCanBePosted" /></UnitTest><UnitTest name="Put_ValidReferencePropertyUpdatesModel" storage="d:\github\modelrelief\modelrelief.test\bin\debug\netcoreapp2.0\modelrelief.test.dll" id="91ba5f7b-7738-401d-b183-d38e29d17b8d"><Execution id="9efac82e-c8e3-42ab-91dd-62d4d69f5291" /><TestMethod codeBase="d:\Github\ModelRelief\ModelRelief.test\bin\Debug\netcoreapp2.0\ModelRelief.Test.dll" adapterTypeName="executor://xunit/VsTestRunner2/netcoreapp" className="ModelRelief.Test.Integration.Meshes.MeshesBaseIntegrationTests" name="Put_ValidReferencePropertyUpdatesModel" /></UnitTest><UnitTest name="Put_CanUpdateModel" storage="d:\github\modelrelief\modelrelief.test\bin\debug\netcoreapp2.0\modelrelief.test.dll" id="7d738324-8024-4842-9e45-545fb71e03a7"><Execution id="33de71ab-1420-4a4e-9b98-69007baba146" /><TestMethod codeBase="d:\Github\ModelRelief\ModelRelief.test\bin\Debug\netcoreapp2.0\ModelRelief.Test.dll" adapterTypeName="executor://xunit/VsTestRunner2/netcoreapp" className="ModelRelief.Test.Integration.Cameras.CamerasBaseIntegrationTests" name="Put_CanUpdateModel" /></UnitTest><UnitTest name="Patch_InvalidPropertyNameReturnsBadRequest" storage="d:\github\modelrelief\modelrelief.test\bin\debug\netcoreapp2.0\modelrelief.test.dll" id="b0d37f8b-ec9a-4c6b-a4f4-e96aa8745151"><Execution id="775b0b7a-a674-40f9-b056-ee85eb6759a3" /><TestMethod codeBase="d:\Github\ModelRelief\ModelRelief.test\bin\Debug\netcoreapp2.0\ModelRelief.Test.dll" adapterTypeName="executor://xunit/VsTestRunner2/netcoreapp" className="ModelRelief.Test.Integration.Models.ModelsBaseIntegrationTests" name="Patch_InvalidPropertyNameReturnsBadRequest" /></UnitTest><UnitTest name="Patch_InvalidIdPropertyReturnsNotFound" storage="d:\github\modelrelief\modelrelief.test\bin\debug\netcoreapp2.0\modelrelief.test.dll" id="e2ecd3b7-6eef-4a79-bdf2-e132a7c0898f"><Execution id="8f106672-57cf-411f-be6a-2088446f6699" /><TestMethod codeBase="d:\Github\ModelRelief\ModelRelief.test\bin\Debug\netcoreapp2.0\ModelRelief.Test.dll" adapterTypeName="executor://xunit/VsTestRunner2/netcoreapp" className="ModelRelief.Test.Integration.Meshes.MeshesBaseIntegrationTests" name="Patch_InvalidIdPropertyReturnsNotFound" /></UnitTest><UnitTest name="GetSingle_InvalidIdPropertyValueReturnsNotFound" storage="d:\github\modelrelief\modelrelief.test\bin\debug\netcoreapp2.0\modelrelief.test.dll" id="70eaf34b-9705-48a6-a14d-cc238d9ae841"><Execution id="e99f012e-9e0a-4ade-8db4-6cd4230e7fe0" /><TestMethod codeBase="d:\Github\ModelRelief\ModelRelief.test\bin\Debug\netcoreapp2.0\ModelRelief.Test.dll" adapterTypeName="executor://xunit/VsTestRunner2/netcoreapp" className="ModelRelief.Test.Integration.Meshes.MeshesBaseIntegrationTests" name="GetSingle_InvalidIdPropertyValueReturnsNotFound" /></UnitTest><UnitTest name="Post_InvalidReferencePropertyReturnsBadRequest" storage="d:\github\modelrelief\modelrelief.test\bin\debug\netcoreapp2.0\modelrelief.test.dll" id="f35fc83f-fa14-4ecb-aa33-f897feaf5fc5"><Execution id="580c6fd1-f44a-4daa-a80e-0f5af4274016" /><TestMethod codeBase="d:\Github\ModelRelief\ModelRelief.test\bin\Debug\netcoreapp2.0\ModelRelief.Test.dll" adapterTypeName="executor://xunit/VsTestRunner2/netcoreapp" className="ModelRelief.Test.Integration.Cameras.CamerasBaseIntegrationTests" name="Post_InvalidReferencePropertyReturnsBadRequest" /></UnitTest><UnitTest name="Put_InvalidReferencePropertyReturndBadRequest" storage="d:\github\modelrelief\modelrelief.test\bin\debug\netcoreapp2.0\modelrelief.test.dll" id="f9156da6-7f65-42f2-bb21-9f08eea8c7ce"><Execution id="95182fe8-9c07-4f99-948a-0fd76ceb8e9d" /><TestMethod codeBase="d:\Github\ModelRelief\ModelRelief.test\bin\Debug\netcoreapp2.0\ModelRelief.Test.dll" adapterTypeName="executor://xunit/VsTestRunner2/netcoreapp" className="ModelRelief.Test.Integration.Models.ModelsBaseIntegrationTests" name="Put_InvalidReferencePropertyReturndBadRequest" /></UnitTest><UnitTest name="PostFile_FileTimeStampIsUpdatedAfterFileIsPosted" storage="d:\github\modelrelief\modelrelief.test\bin\debug\netcoreapp2.0\modelrelief.test.dll" id="2abc3442-f84f-4774-8f27-954733f721bc"><Execution id="9251ccc8-e80f-424e-a8ba-147077418008" /><TestMethod codeBase="d:\Github\ModelRelief\ModelRelief.test\bin\Debug\netcoreapp2.0\ModelRelief.Test.dll" adapterTypeName="executor://xunit/VsTestRunner2/netcoreapp" className="ModelRelief.Test.Integration.DepthBuffers.DepthBuffersFileIntegrationTests" name="PostFile_FileTimeStampIsUpdatedAfterFileIsPosted" /></UnitTest><UnitTest name="Put_InvalidReferencePropertyReturndBadRequest" storage="d:\github\modelrelief\modelrelief.test\bin\debug\netcoreapp2.0\modelrelief.test.dll" id="686843cf-ff56-4a40-ab6d-8de57e96ff96"><Execution id="6bd9b0a9-61d8-4edd-803a-6e53e64470a6" /><TestMethod codeBase="d:\Github\ModelRelief\ModelRelief.test\bin\Debug\netcoreapp2.0\ModelRelief.Test.dll" adapterTypeName="executor://xunit/VsTestRunner2/netcoreapp" className="ModelRelief.Test.Integration.DepthBuffers.DepthBuffersBaseIntegrationTests" name="Put_InvalidReferencePropertyReturndBadRequest" /></UnitTest><UnitTest name="GetSingle_InvalidIdPropertyValueReturnsNotFound" storage="d:\github\modelrelief\modelrelief.test\bin\debug\netcoreapp2.0\modelrelief.test.dll" id="50e45943-5c1f-4d9a-b7b5-95d1c3f1aa01"><Execution id="de75c3db-f809-47f1-88f4-d2571c7f8d41" /><TestMethod codeBase="d:\Github\ModelRelief\ModelRelief.test\bin\Debug\netcoreapp2.0\ModelRelief.Test.dll" adapterTypeName="executor://xunit/VsTestRunner2/netcoreapp" className="ModelRelief.Test.Integration.Cameras.CamerasBaseIntegrationTests" name="GetSingle_InvalidIdPropertyValueReturnsNotFound" /></UnitTest><UnitTest name="Patch_TargetPropertyIsUpdated" storage="d:\github\modelrelief\modelrelief.test\bin\debug\netcoreapp2.0\modelrelief.test.dll" id="dd073190-da4f-4f0f-b1f9-3ff7748d4e09"><Execution id="197df608-7773-4249-b8fb-0094d49d1ca8" /><TestMethod codeBase="d:\Github\ModelRelief\ModelRelief.test\bin\Debug\netcoreapp2.0\ModelRelief.Test.dll" adapterTypeName="executor://xunit/VsTestRunner2/netcoreapp" className="ModelRelief.Test.Integration.Models.ModelsBaseIntegrationTests" name="Patch_TargetPropertyIsUpdated" /></UnitTest><UnitTest name="Patch_InvalidIdPropertyReturnsNotFound" storage="d:\github\modelrelief\modelrelief.test\bin\debug\netcoreapp2.0\modelrelief.test.dll" id="f3a1f654-b1cc-4d1a-a11f-f5c4752269e3"><Execution id="280c0309-cd3e-4f2d-a57c-e2659047c498" /><TestMethod codeBase="d:\Github\ModelRelief\ModelRelief.test\bin\Debug\netcoreapp2.0\ModelRelief.Test.dll" adapterTypeName="executor://xunit/VsTestRunner2/netcoreapp" className="ModelRelief.Test.Integration.Projects.ProjectsBaseIntegrationTests" name="Patch_InvalidIdPropertyReturnsNotFound" /></UnitTest><UnitTest name="Post_ValidReferencePropertyCreatesModel" storage="d:\github\modelrelief\modelrelief.test\bin\debug\netcoreapp2.0\modelrelief.test.dll" id="9663f38e-693f-4c8f-899a-1c8a4c25cdad"><Execution id="919b6b09-b932-4d68-99da-14ca0d84723c" /><TestMethod codeBase="d:\Github\ModelRelief\ModelRelief.test\bin\Debug\netcoreapp2.0\ModelRelief.Test.dll" adapterTypeName="executor://xunit/VsTestRunner2/netcoreapp" className="ModelRelief.Test.Integration.Cameras.CamerasBaseIntegrationTests" name="Post_ValidReferencePropertyCreatesModel" /></UnitTest><UnitTest name="Post_CanCreateNewModel" storage="d:\github\modelrelief\modelrelief.test\bin\debug\netcoreapp2.0\modelrelief.test.dll" id="ff0d2e0b-04b6-4374-bcea-81416bb272dc"><Execution id="c77edc8c-3ad8-4505-a2d8-9e8c6cdcf426" /><TestMethod codeBase="d:\Github\ModelRelief\ModelRelief.test\bin\Debug\netcoreapp2.0\ModelRelief.Test.dll" adapterTypeName="executor://xunit/VsTestRunner2/netcoreapp" className="ModelRelief.Test.Integration.DepthBuffers.DepthBuffersBaseIntegrationTests" name="Post_CanCreateNewModel" /></UnitTest><UnitTest name="Post_ValidReferencePropertyCreatesModel" storage="d:\github\modelrelief\modelrelief.test\bin\debug\netcoreapp2.0\modelrelief.test.dll" id="7f9fa979-b7b9-4048-8bf9-b97f1fdf6daf"><Execution id="09064051-1761-4d6e-af29-c44645616700" /><TestMethod codeBase="d:\Github\ModelRelief\ModelRelief.test\bin\Debug\netcoreapp2.0\ModelRelief.Test.dll" adapterTypeName="executor://xunit/VsTestRunner2/netcoreapp" className="ModelRelief.Test.Integration.DepthBuffers.DepthBuffersBaseIntegrationTests" name="Post_ValidReferencePropertyCreatesModel" /></UnitTest><UnitTest name="Patch_InvalidReferencePropertyReturnsBadRequest" storage="d:\github\modelrelief\modelrelief.test\bin\debug\netcoreapp2.0\modelrelief.test.dll" id="a0f0b801-bf00-44c7-8589-1529f857dbc0"><Execution id="ad2922d0-14cd-4cab-b3fa-b3c4327e35ad" /><TestMethod codeBase="d:\Github\ModelRelief\ModelRelief.test\bin\Debug\netcoreapp2.0\ModelRelief.Test.dll" adapterTypeName="executor://xunit/VsTestRunner2/netcoreapp" className="ModelRelief.Test.Integration.Projects.ProjectsBaseIntegrationTests" name="Patch_InvalidReferencePropertyReturnsBadRequest" /></UnitTest><UnitTest name="LucyDepthBufferFindsOneDependent" storage="d:\github\modelrelief\modelrelief.test\bin\debug\netcoreapp2.0\modelrelief.test.dll" id="42fb139c-9465-4788-9a05-42a9bf39d431"><Execution id="fe2608aa-ee46-4b49-8915-83855e80eb43" /><TestMethod codeBase="d:\Github\ModelRelief\ModelRelief.test\bin\Debug\netcoreapp2.0\ModelRelief.Test.dll" adapterTypeName="executor://xunit/VsTestRunner2/netcoreapp" className="ModelRelief.Test.Unit.DependencyManager.DependencyManagerTests" name="LucyDepthBufferFindsOneDependent" /></UnitTest><UnitTest name="FileRequest_DepthBufferIsInvalidatedAfterCameraDependencyPropertyChange" storage="d:\github\modelrelief\modelrelief.test\bin\debug\netcoreapp2.0\modelrelief.test.dll" id="9ca7e75a-301b-49fb-828d-ae92463eb627"><Execution id="a6b41292-b3aa-4d78-8589-eb0b62ce8377" /><TestMethod codeBase="d:\Github\ModelRelief\ModelRelief.test\bin\Debug\netcoreapp2.0\ModelRelief.Test.dll" adapterTypeName="executor://xunit/VsTestRunner2/netcoreapp" className="ModelRelief.Test.Integration.DepthBuffers.DepthBuffersFileIntegrationTests" name="FileRequest_DepthBufferIsInvalidatedAfterCameraDependencyPropertyChange" /></UnitTest><UnitTest name="PostFile_FileIsSynchronizedIsUpdatedAfterFileIsPosted" storage="d:\github\modelrelief\modelrelief.test\bin\debug\netcoreapp2.0\modelrelief.test.dll" id="fc35969c-19f2-4217-b301-cd642fe81063"><Execution id="99576a81-762d-4817-bd1b-9338ccbd568d" /><TestMethod codeBase="d:\Github\ModelRelief\ModelRelief.test\bin\Debug\netcoreapp2.0\ModelRelief.Test.dll" adapterTypeName="executor://xunit/VsTestRunner2/netcoreapp" className="ModelRelief.Test.Integration.Models.ModelsFileIntegrationTests" name="PostFile_FileIsSynchronizedIsUpdatedAfterFileIsPosted" /></UnitTest><UnitTest name="GetSingle_InvalidIdPropertyValueReturnsNotFound" storage="d:\github\modelrelief\modelrelief.test\bin\debug\netcoreapp2.0\modelrelief.test.dll" id="cbdefae0-fb70-41eb-be7d-716679a899a4"><Execution id="371d1485-08f0-46f0-b051-a39caa26c1bf" /><TestMethod codeBase="d:\Github\ModelRelief\ModelRelief.test\bin\Debug\netcoreapp2.0\ModelRelief.Test.dll" adapterTypeName="executor://xunit/VsTestRunner2/netcoreapp" className="ModelRelief.Test.Integration.Projects.ProjectsBaseIntegrationTests" name="GetSingle_InvalidIdPropertyValueReturnsNotFound" /></UnitTest><UnitTest name="Patch_InvalidReferencePropertyReturnsBadRequest" storage="d:\github\modelrelief\modelrelief.test\bin\debug\netcoreapp2.0\modelrelief.test.dll" id="eb47de23-ae68-4c76-9e5b-10c6381211fc"><Execution id="a6b102c3-4392-4b78-bed6-d470a8c6cca8" /><TestMethod codeBase="d:\Github\ModelRelief\ModelRelief.test\bin\Debug\netcoreapp2.0\ModelRelief.Test.dll" adapterTypeName="executor://xunit/VsTestRunner2/netcoreapp" className="ModelRelief.Test.Integration.DepthBuffers.DepthBuffersBaseIntegrationTests" name="Patch_InvalidReferencePropertyReturnsBadRequest" /></UnitTest><UnitTest name="Patch_InvalidReferencePropertyReturnsBadRequest" storage="d:\github\modelrelief\modelrelief.test\bin\debug\netcoreapp2.0\modelrelief.test.dll" id="44ccb20f-56a4-4e0c-a9f9-1d19be071124"><Execution id="25a9a864-a765-4eee-a294-a5d2de1c0294" /><TestMethod codeBase="d:\Github\ModelRelief\ModelRelief.test\bin\Debug\netcoreapp2.0\ModelRelief.Test.dll" adapterTypeName="executor://xunit/VsTestRunner2/netcoreapp" className="ModelRelief.Test.Integration.MeshTransforms.MeshTransformsBaseIntegrationTests" name="Patch_InvalidReferencePropertyReturnsBadRequest" /></UnitTest><UnitTest name="Patch_ValidReferencePropertyUpdatesModel" storage="d:\github\modelrelief\modelrelief.test\bin\debug\netcoreapp2.0\modelrelief.test.dll" id="a596b323-e9f2-4290-9041-795e7bfae0d3"><Execution id="5011445b-eb10-4413-8c45-b135cee101b6" /><TestMethod codeBase="d:\Github\ModelRelief\ModelRelief.test\bin\Debug\netcoreapp2.0\ModelRelief.Test.dll" adapterTypeName="executor://xunit/VsTestRunner2/netcoreapp" className="ModelRelief.Test.Integration.Projects.ProjectsBaseIntegrationTests" name="Patch_ValidReferencePropertyUpdatesModel" /></UnitTest><UnitTest name="Patch_InvalidReferencePropertyReturnsBadRequest" storage="d:\github\modelrelief\modelrelief.test\bin\debug\netcoreapp2.0\modelrelief.test.dll" id="51434f01-bfd0-4b59-bf9d-a6d34834b668"><Execution id="bc4a9cf3-ba9a-4334-98d7-a9a156a08a38" /><TestMethod codeBase="d:\Github\ModelRelief\ModelRelief.test\bin\Debug\netcoreapp2.0\ModelRelief.Test.dll" adapterTypeName="executor://xunit/VsTestRunner2/netcoreapp" className="ModelRelief.Test.Integration.Meshes.MeshesBaseIntegrationTests" name="Patch_InvalidReferencePropertyReturnsBadRequest" /></UnitTest><UnitTest name="GetSingle_InvalidIdPropertyValueReturnsNotFound" storage="d:\github\modelrelief\modelrelief.test\bin\debug\netcoreapp2.0\modelrelief.test.dll" id="bfb34a1d-effd-439e-9fd2-33e87239f02e"><Execution id="ff4be5be-0a49-499f-9972-2a7d2419794f" /><TestMethod codeBase="d:\Github\ModelRelief\ModelRelief.test\bin\Debug\netcoreapp2.0\ModelRelief.Test.dll" adapterTypeName="executor://xunit/VsTestRunner2/netcoreapp" className="ModelRelief.Test.Integration.DepthBuffers.DepthBuffersBaseIntegrationTests" name="GetSingle_InvalidIdPropertyValueReturnsNotFound" /></UnitTest><UnitTest name="GetSingle_ValidIdPropertyValueReturnsCorrectModel" storage="d:\github\modelrelief\modelrelief.test\bin\debug\netcoreapp2.0\modelrelief.test.dll" id="0860e894-5f9d-4fe7-b6b2-b57be746b623"><Execution id="a642875a-b1a0-4593-8830-1ed9aa071899" /><TestMethod codeBase="d:\Github\ModelRelief\ModelRelief.test\bin\Debug\netcoreapp2.0\ModelRelief.Test.dll" adapterTypeName="executor://xunit/VsTestRunner2/netcoreapp" className="ModelRelief.Test.Integration.Meshes.MeshesBaseIntegrationTests" name="GetSingle_ValidIdPropertyValueReturnsCorrectModel" /></UnitTest><UnitTest name="Post_InvalidPropertyValueReturnsBadRequest" storage="d:\github\modelrelief\modelrelief.test\bin\debug\netcoreapp2.0\modelrelief.test.dll" id="bb3966d5-98bd-4b8d-8a18-f267a305fc71"><Execution id="6bf68caa-9774-410f-82e7-d4137a26fc74" /><TestMethod codeBase="d:\Github\ModelRelief\ModelRelief.test\bin\Debug\netcoreapp2.0\ModelRelief.Test.dll" adapterTypeName="executor://xunit/VsTestRunner2/netcoreapp" className="ModelRelief.Test.Integration.MeshTransforms.MeshTransformsBaseIntegrationTests" name="Post_InvalidPropertyValueReturnsBadRequest" /></UnitTest><UnitTest name="FileRequest_MeshIsInvalidatedAfterDepthBufferFileBecomesUnsynchronized" storage="d:\github\modelrelief\modelrelief.test\bin\debug\netcoreapp2.0\modelrelief.test.dll" id="ffdca8a0-9670-4726-b2d1-912d799ac613"><Execution id="4032bcf2-b515-499a-b9cf-59eabe64bca4" /><TestMethod codeBase="d:\Github\ModelRelief\ModelRelief.test\bin\Debug\netcoreapp2.0\ModelRelief.Test.dll" adapterTypeName="executor://xunit/VsTestRunner2/netcoreapp" className="ModelRelief.Test.Integration.Meshes.MeshesFileIntegrationTests" name="FileRequest_MeshIsInvalidatedAfterDepthBufferFileBecomesUnsynchronized" /></UnitTest><UnitTest name="Patch_ValidReferencePropertyUpdatesModel" storage="d:\github\modelrelief\modelrelief.test\bin\debug\netcoreapp2.0\modelrelief.test.dll" id="94392aeb-3348-4e75-991f-695d4666956d"><Execution id="8b3bfd8f-2456-4cb3-aa63-9e5d2cfd5d21" /><TestMethod codeBase="d:\Github\ModelRelief\ModelRelief.test\bin\Debug\netcoreapp2.0\ModelRelief.Test.dll" adapterTypeName="executor://xunit/VsTestRunner2/netcoreapp" className="ModelRelief.Test.Integration.Meshes.MeshesBaseIntegrationTests" name="Patch_ValidReferencePropertyUpdatesModel" /></UnitTest><UnitTest name="Patch_InvalidIdPropertyReturnsNotFound" storage="d:\github\modelrelief\modelrelief.test\bin\debug\netcoreapp2.0\modelrelief.test.dll" id="06497de2-3d7c-49e3-b787-1ecc2c46d100"><Execution id="36e2d61e-01e0-4b0a-9fb9-4831d6ca916a" /><TestMethod codeBase="d:\Github\ModelRelief\ModelRelief.test\bin\Debug\netcoreapp2.0\ModelRelief.Test.dll" adapterTypeName="executor://xunit/VsTestRunner2/netcoreapp" className="ModelRelief.Test.Integration.Models.ModelsBaseIntegrationTests" name="Patch_InvalidIdPropertyReturnsNotFound" /></UnitTest><UnitTest name="Post_InvalidPropertyValueReturnsBadRequest" storage="d:\github\modelrelief\modelrelief.test\bin\debug\netcoreapp2.0\modelrelief.test.dll" id="52a7b1c8-afbe-400c-8f3a-656940dad837"><Execution id="3d3101d4-aaec-457d-ac45-53c946239e7c" /><TestMethod codeBase="d:\Github\ModelRelief\ModelRelief.test\bin\Debug\netcoreapp2.0\ModelRelief.Test.dll" adapterTypeName="executor://xunit/VsTestRunner2/netcoreapp" className="ModelRelief.Test.Integration.Meshes.MeshesBaseIntegrationTests" name="Post_InvalidPropertyValueReturnsBadRequest" /></UnitTest><UnitTest name="Put_CanUpdateModel" storage="d:\github\modelrelief\modelrelief.test\bin\debug\netcoreapp2.0\modelrelief.test.dll" id="66a4ce4c-ed53-412c-a5c3-2cd88df16812"><Execution id="75540e4e-12c2-4322-ae19-43ade541597c" /><TestMethod codeBase="d:\Github\ModelRelief\ModelRelief.test\bin\Debug\netcoreapp2.0\ModelRelief.Test.dll" adapterTypeName="executor://xunit/VsTestRunner2/netcoreapp" className="ModelRelief.Test.Integration.Meshes.MeshesBaseIntegrationTests" name="Put_CanUpdateModel" /></UnitTest><UnitTest name="Patch_ValidReferencePropertyUpdatesModel" storage="d:\github\modelrelief\modelrelief.test\bin\debug\netcoreapp2.0\modelrelief.test.dll" id="67e4efbf-dcc3-40b1-9df5-b2ef2f766893"><Execution id="2c92b77b-91ad-4729-b51f-5c4215ce07dc" /><TestMethod codeBase="d:\Github\ModelRelief\ModelRelief.test\bin\Debug\netcoreapp2.0\ModelRelief.Test.dll" adapterTypeName="executor://xunit/VsTestRunner2/netcoreapp" className="ModelRelief.Test.Integration.DepthBuffers.DepthBuffersBaseIntegrationTests" name="Patch_ValidReferencePropertyUpdatesModel" /></UnitTest><UnitTest name="Post_InvalidPropertyValueReturnsBadRequest" storage="d:\github\modelrelief\modelrelief.test\bin\debug\netcoreapp2.0\modelrelief.test.dll" id="16e9c4ae-3a6e-48e9-861a-0f21ec2f9cc9"><Execution id="37e99089-dd58-47f9-a14a-027c185dc756" /><TestMethod codeBase="d:\Github\ModelRelief\ModelRelief.test\bin\Debug\netcoreapp2.0\ModelRelief.Test.dll" adapterTypeName="executor://xunit/VsTestRunner2/netcoreapp" className="ModelRelief.Test.Integration.Models.ModelsBaseIntegrationTests" name="Post_InvalidPropertyValueReturnsBadRequest" /></UnitTest><UnitTest name="Delete_TargetModelIsDeleted" storage="d:\github\modelrelief\modelrelief.test\bin\debug\netcoreapp2.0\modelrelief.test.dll" id="504c6168-320f-4d14-b42f-c3bc12a1cfd7"><Execution id="6bf93629-bb73-4196-b325-e7b572702e69" /><TestMethod codeBase="d:\Github\ModelRelief\ModelRelief.test\bin\Debug\netcoreapp2.0\ModelRelief.Test.dll" adapterTypeName="executor://xunit/VsTestRunner2/netcoreapp" className="ModelRelief.Test.Integration.Models.ModelsBaseIntegrationTests" name="Delete_TargetModelIsDeleted" /></UnitTest><UnitTest name="GetFile_FileCanBeRoundTripped" storage="d:\github\modelrelief\modelrelief.test\bin\debug\netcoreapp2.0\modelrelief.test.dll" id="59cd5e29-2e15-4f54-b747-6d1c339b86b9"><Execution id="38c29694-1095-4a7f-b695-c3a9ae3d818e" /><TestMethod codeBase="d:\Github\ModelRelief\ModelRelief.test\bin\Debug\netcoreapp2.0\ModelRelief.Test.dll" adapterTypeName="executor://xunit/VsTestRunner2/netcoreapp" className="ModelRelief.Test.Integration.Meshes.MeshesFileIntegrationTests" name="GetFile_FileCanBeRoundTripped" /></UnitTest><UnitTest name="PutFile_FileCanBeUpdated" storage="d:\github\modelrelief\modelrelief.test\bin\debug\netcoreapp2.0\modelrelief.test.dll" id="bb682a49-f383-4234-9466-9d962429f553"><Execution id="c28b4a8c-cd69-43af-8dc0-33444c3b4fc1" /><TestMethod codeBase="d:\Github\ModelRelief\ModelRelief.test\bin\Debug\netcoreapp2.0\ModelRelief.Test.dll" adapterTypeName="executor://xunit/VsTestRunner2/netcoreapp" className="ModelRelief.Test.Integration.DepthBuffers.DepthBuffersFileIntegrationTests" name="PutFile_FileCanBeUpdated" /></UnitTest><UnitTest name="Post_ValidReferencePropertyCreatesModel" storage="d:\github\modelrelief\modelrelief.test\bin\debug\netcoreapp2.0\modelrelief.test.dll" id="7c8e4d88-6f9a-4907-a76a-e6ecec7dabf8"><Execution id="56728fa7-a1fe-46ce-afa1-cb4c3a659058" /><TestMethod codeBase="d:\Github\ModelRelief\ModelRelief.test\bin\Debug\netcoreapp2.0\ModelRelief.Test.dll" adapterTypeName="executor://xunit/VsTestRunner2/netcoreapp" className="ModelRelief.Test.Integration.MeshTransforms.MeshTransformsBaseIntegrationTests" name="Post_ValidReferencePropertyCreatesModel" /></UnitTest><UnitTest name="Put_InvalidIdReturnsNotFound" storage="d:\github\modelrelief\modelrelief.test\bin\debug\netcoreapp2.0\modelrelief.test.dll" id="66194dc2-6ec0-404c-83b7-e5e2b5646887"><Execution id="cec0a88d-edd7-4ece-84aa-abf145cebf76" /><TestMethod codeBase="d:\Github\ModelRelief\ModelRelief.test\bin\Debug\netcoreapp2.0\ModelRelief.Test.dll" adapterTypeName="executor://xunit/VsTestRunner2/netcoreapp" className="ModelRelief.Test.Integration.Projects.ProjectsBaseIntegrationTests" name="Put_InvalidIdReturnsNotFound" /></UnitTest><UnitTest name="GetFile_NonExistentFileReturnsNotFound" storage="d:\github\modelrelief\modelrelief.test\bin\debug\netcoreapp2.0\modelrelief.test.dll" id="66057807-946e-430c-84fe-cde4b636ed2a"><Execution id="2a8fc8ba-f8ad-45ce-8ff2-c889accf450a" /><TestMethod codeBase="d:\Github\ModelRelief\ModelRelief.test\bin\Debug\netcoreapp2.0\ModelRelief.Test.dll" adapterTypeName="executor://xunit/VsTestRunner2/netcoreapp" className="ModelRelief.Test.Integration.DepthBuffers.DepthBuffersFileIntegrationTests" name="GetFile_NonExistentFileReturnsNotFound" /></UnitTest><UnitTest name="Put_ValidReferencePropertyUpdatesModel" storage="d:\github\modelrelief\modelrelief.test\bin\debug\netcoreapp2.0\modelrelief.test.dll" id="5e1d421a-b817-463b-9bd5-dd8778b442af"><Execution id="2239de45-63f5-4cf0-bd16-82b85d299f7c" /><TestMethod codeBase="d:\Github\ModelRelief\ModelRelief.test\bin\Debug\netcoreapp2.0\ModelRelief.Test.dll" adapterTypeName="executor://xunit/VsTestRunner2/netcoreapp" className="ModelRelief.Test.Integration.Projects.ProjectsBaseIntegrationTests" name="Put_ValidReferencePropertyUpdatesModel" /></UnitTest><UnitTest name="Patch_ValidReferencePropertyUpdatesModel" storage="d:\github\modelrelief\modelrelief.test\bin\debug\netcoreapp2.0\modelrelief.test.dll" id="ef031fdb-3e1e-4ae1-9647-7fd3e2fddc9b"><Execution id="b5cada3c-ea8f-4d12-88e3-536d0cf870f3" /><TestMethod codeBase="d:\Github\ModelRelief\ModelRelief.test\bin\Debug\netcoreapp2.0\ModelRelief.Test.dll" adapterTypeName="executor://xunit/VsTestRunner2/netcoreapp" className="ModelRelief.Test.Integration.MeshTransforms.MeshTransformsBaseIntegrationTests" name="Patch_ValidReferencePropertyUpdatesModel" /></UnitTest><UnitTest name="Patch_MultipleInvalidReferencePropertiesReturnsMultipleValidationErrorsAndBadRequest" storage="d:\github\modelrelief\modelrelief.test\bin\debug\netcoreapp2.0\modelrelief.test.dll" id="702e7d92-1a5a-4b0c-85f2-4dbe39791c92"><Execution id="f34054a2-68f7-48e3-bd80-c4d36b05611d" /><TestMethod codeBase="d:\Github\ModelRelief\ModelRelief.test\bin\Debug\netcoreapp2.0\ModelRelief.Test.dll" adapterTypeName="executor://xunit/VsTestRunner2/netcoreapp" className="ModelRelief.Test.Integration.Cameras.CamerasBaseIntegrationTests" name="Patch_MultipleInvalidReferencePropertiesReturnsMultipleValidationErrorsAndBadRequest" /></UnitTest><UnitTest name="GetFile_NonExistentFileReturnsNotFound" storage="d:\github\modelrelief\modelrelief.test\bin\debug\netcoreapp2.0\modelrelief.test.dll" id="a9604e16-0c33-4eb7-bfd3-1340abd2b7d0"><Execution id="5c6809fd-5687-49f6-876c-ce1c578e4eae" /><TestMethod codeBase="d:\Github\ModelRelief\ModelRelief.test\bin\Debug\netcoreapp2.0\ModelRelief.Test.dll" adapterTypeName="executor://xunit/VsTestRunner2/netcoreapp" className="ModelRelief.Test.Integration.Models.ModelsFileIntegrationTests" name="GetFile_NonExistentFileReturnsNotFound" /></UnitTest><UnitTest name="Patch_InvalidReferencePropertyReturnsBadRequest" storage="d:\github\modelrelief\modelrelief.test\bin\debug\netcoreapp2.0\modelrelief.test.dll" id="4968ae88-0c39-4473-adf4-b4f4fcffb11b"><Execution id="028c3e91-6c6f-4f29-96d4-5d52759eb7a2" /><TestMethod codeBase="d:\Github\ModelRelief\ModelRelief.test\bin\Debug\netcoreapp2.0\ModelRelief.Test.dll" adapterTypeName="executor://xunit/VsTestRunner2/netcoreapp" className="ModelRelief.Test.Integration.Models.ModelsBaseIntegrationTests" name="Patch_InvalidReferencePropertyReturnsBadRequest" /></UnitTest></TestDefinitions><TestEntries><TestEntry testId="02dc7624-c07a-47ec-a2a6-642c127b0bf2" executionId="530855ed-8ecc-4805-98d3-e3be23122e54" testListId="8c84fa94-04c1-424b-9868-57a2d4851a1d" /><TestEntry testId="fc35969c-19f2-4217-b301-cd642fe81063" executionId="99576a81-762d-4817-bd1b-9338ccbd568d" testListId="8c84fa94-04c1-424b-9868-57a2d4851a1d" /><TestEntry testId="c5e70530-9e47-4f38-9cb5-c2581a36db87" executionId="01d47d48-f06b-4404-91d9-e26a93304730" testListId="8c84fa94-04c1-424b-9868-57a2d4851a1d" /><TestEntry testId="ff5f4774-2c07-4197-8d33-350e088919ba" executionId="a3192520-3a52-4dea-8906-a94ccb1b8ef0" testListId="8c84fa94-04c1-424b-9868-57a2d4851a1d" /><TestEntry testId="c3b50f80-eae7-4d73-b379-360ffa9cc7cb" executionId="c9c3e0b1-cb0d-4496-9628-7a64c227260b" testListId="8c84fa94-04c1-424b-9868-57a2d4851a1d" /><TestEntry testId="94392aeb-3348-4e75-991f-695d4666956d" executionId="8b3bfd8f-2456-4cb3-aa63-9e5d2cfd5d21" testListId="8c84fa94-04c1-424b-9868-57a2d4851a1d" /><TestEntry testId="96f39b44-c52c-4945-aae8-375350501b23" executionId="3bf03286-d3cb-47c4-bfa1-7bc50b908aa1" testListId="8c84fa94-04c1-424b-9868-57a2d4851a1d" /><TestEntry testId="2e7c106d-5033-4285-887c-da8b1f75e2b1" executionId="1547657a-7755-4aa4-9644-caa29beba594" testListId="8c84fa94-04c1-424b-9868-57a2d4851a1d" /><TestEntry testId="79b7c5e2-1321-41af-9d32-88a95fe367e1" executionId="53b7860c-620d-4470-9ece-955a839088a4" testListId="8c84fa94-04c1-424b-9868-57a2d4851a1d" /><TestEntry testId="dfb17a1c-8a56-44ac-8bff-101c780983f8" executionId="9c3f8d5d-378d-450d-8aee-93e40f7286b7" testListId="8c84fa94-04c1-424b-9868-57a2d4851a1d" /><TestEntry testId="9995f849-e0f0-4e40-915d-3a7cc94527c9" executionId="2de4b327-5a0b-4161-8745-ed319ba727b4" testListId="8c84fa94-04c1-424b-9868-57a2d4851a1d" /><TestEntry testId="0111bdd3-6783-4df2-abcc-63dec3fc048f" executionId="06a9efac-b240-4d41-ac12-432669ef0757" testListId="8c84fa94-04c1-424b-9868-57a2d4851a1d" /><TestEntry testId="dd073190-da4f-4f0f-b1f9-3ff7748d4e09" executionId="197df608-7773-4249-b8fb-0094d49d1ca8" testListId="8c84fa94-04c1-424b-9868-57a2d4851a1d" /><TestEntry testId="ef031fdb-3e1e-4ae1-9647-7fd3e2fddc9b" executionId="b5cada3c-ea8f-4d12-88e3-536d0cf870f3" testListId="8c84fa94-04c1-424b-9868-57a2d4851a1d" /><TestEntry testId="d031dc08-1470-44c4-b59c-ff4fc9487d8b" executionId="e9f6b70d-3a65-4bcd-a832-83cec03406ef" testListId="8c84fa94-04c1-424b-9868-57a2d4851a1d" /><TestEntry testId="b3840392-946a-4f60-ae5e-ec58021c6a54" executionId="021fd0de-74c0-41aa-bbe1-1b1e1fe00919" testListId="8c84fa94-04c1-424b-9868-57a2d4851a1d" /><TestEntry testId="354d6133-cf39-4cc5-a1bb-4f66c8228e98" executionId="836dac26-d15f-4c7f-9999-54968c5b2aac" testListId="8c84fa94-04c1-424b-9868-57a2d4851a1d" /><TestEntry testId="2abc3442-f84f-4774-8f27-954733f721bc" executionId="9251ccc8-e80f-424e-a8ba-147077418008" testListId="8c84fa94-04c1-424b-9868-57a2d4851a1d" /><TestEntry testId="a0f0b801-bf00-44c7-8589-1529f857dbc0" executionId="ad2922d0-14cd-4cab-b3fa-b3c4327e35ad" testListId="8c84fa94-04c1-424b-9868-57a2d4851a1d" /><TestEntry testId="b63cb782-3395-48c0-aad7-279865cb96f1" executionId="311f6bbb-0d16-4a02-bda0-87a41a149daa" testListId="8c84fa94-04c1-424b-9868-57a2d4851a1d" /><TestEntry testId="ef026c4c-679b-4f81-8314-a173a0a7c648" executionId="ab37ee74-af2c-4fdd-a900-2a70ff3c6cb3" testListId="8c84fa94-04c1-424b-9868-57a2d4851a1d" /><TestEntry testId="0860e894-5f9d-4fe7-b6b2-b57be746b623" executionId="a642875a-b1a0-4593-8830-1ed9aa071899" testListId="8c84fa94-04c1-424b-9868-57a2d4851a1d" /><TestEntry testId="90749a87-e596-4bc8-838e-2ae518c953b0" executionId="5a338a11-2a09-4816-8d23-721b9e652d5a" testListId="8c84fa94-04c1-424b-9868-57a2d4851a1d" /><TestEntry testId="b4e63c90-7593-4f37-ac13-dcb0ff8e0724" executionId="31990aa6-9ce1-4b03-a170-351ed342493b" testListId="8c84fa94-04c1-424b-9868-57a2d4851a1d" /><TestEntry testId="9c288e53-e605-4996-a167-7bc7497cc3bc" executionId="d62cd7ff-0797-4a2e-9312-98e31c6f23b0" testListId="8c84fa94-04c1-424b-9868-57a2d4851a1d" /><TestEntry testId="5985b49b-ec77-4a09-a861-4aec76004d6e" executionId="338c89b3-e708-47d3-b7ad-ac1d319f7df1" testListId="8c84fa94-04c1-424b-9868-57a2d4851a1d" /><TestEntry testId="b0d37f8b-ec9a-4c6b-a4f4-e96aa8745151" executionId="775b0b7a-a674-40f9-b056-ee85eb6759a3" testListId="8c84fa94-04c1-424b-9868-57a2d4851a1d" /><TestEntry testId="5028908b-8b2d-4a01-b165-4314aa05a4ee" executionId="8d1eb9fc-28ad-468e-8843-ee30cbf1383c" testListId="8c84fa94-04c1-424b-9868-57a2d4851a1d" /><TestEntry testId="c29381d2-843e-4830-8522-b85ae3821b2e" executionId="9688b170-bac5-497b-b485-04a05efe1333" testListId="8c84fa94-04c1-424b-9868-57a2d4851a1d" /><TestEntry testId="d1a6572e-98d6-465e-ad18-9747de722ea3" executionId="49b02e09-18b2-4fd5-8239-0904fca10425" testListId="8c84fa94-04c1-424b-9868-57a2d4851a1d" /><TestEntry testId="9663f38e-693f-4c8f-899a-1c8a4c25cdad" executionId="919b6b09-b932-4d68-99da-14ca0d84723c" testListId="8c84fa94-04c1-424b-9868-57a2d4851a1d" /><TestEntry testId="eac83b62-1fa3-4c3c-bd84-e3946d2bd00f" executionId="2ae3d433-77e4-42a1-8b03-9bd8a0c07ead" testListId="8c84fa94-04c1-424b-9868-57a2d4851a1d" /><TestEntry testId="702e7d92-1a5a-4b0c-85f2-4dbe39791c92" executionId="f34054a2-68f7-48e3-bd80-c4d36b05611d" testListId="8c84fa94-04c1-424b-9868-57a2d4851a1d" /><TestEntry testId="42fb139c-9465-4788-9a05-42a9bf39d431" executionId="fe2608aa-ee46-4b49-8915-83855e80eb43" testListId="8c84fa94-04c1-424b-9868-57a2d4851a1d" /><TestEntry testId="64c2000d-d304-407f-b37e-0ab243a09965" executionId="b16f1c14-367c-419d-924b-aa9bc5ebb5fc" testListId="8c84fa94-04c1-424b-9868-57a2d4851a1d" /><TestEntry testId="7d738324-8024-4842-9e45-545fb71e03a7" executionId="33de71ab-1420-4a4e-9b98-69007baba146" testListId="8c84fa94-04c1-424b-9868-57a2d4851a1d" /><TestEntry testId="70d96000-00be-48e1-9dad-dfa0b72d0110" executionId="1a76dbbc-bcd8-49b4-8c9f-bccf3a1caf66" testListId="8c84fa94-04c1-424b-9868-57a2d4851a1d" /><TestEntry testId="44ccb20f-56a4-4e0c-a9f9-1d19be071124" executionId="25a9a864-a765-4eee-a294-a5d2de1c0294" testListId="8c84fa94-04c1-424b-9868-57a2d4851a1d" /><TestEntry testId="6f5af7db-18c6-46bc-851c-d6389275d0ab" executionId="01a2450b-0c1d-4374-b61d-ae35d5de41d9" testListId="8c84fa94-04c1-424b-9868-57a2d4851a1d" /><TestEntry testId="e2ecd3b7-6eef-4a79-bdf2-e132a7c0898f" executionId="8f106672-57cf-411f-be6a-2088446f6699" testListId="8c84fa94-04c1-424b-9868-57a2d4851a1d" /><TestEntry testId="a9604e16-0c33-4eb7-bfd3-1340abd2b7d0" executionId="5c6809fd-5687-49f6-876c-ce1c578e4eae" testListId="8c84fa94-04c1-424b-9868-57a2d4851a1d" /><TestEntry testId="9efa1cd8-0bdf-4123-8884-64642a8882e8" executionId="27ae5ec9-0eee-4b4a-9928-a4aea3b4e1bf" testListId="8c84fa94-04c1-424b-9868-57a2d4851a1d" /><TestEntry testId="255b9b61-e0bf-4777-87e7-9585636bb0f3" executionId="68b41a86-5d6d-4774-a0f9-319529bd0d6b" testListId="8c84fa94-04c1-424b-9868-57a2d4851a1d" /><TestEntry testId="96dd0339-482d-47c5-9b47-258f75da334c" executionId="7106338c-b11f-4246-abc1-bdc30ffc5d05" testListId="8c84fa94-04c1-424b-9868-57a2d4851a1d" /><TestEntry testId="66a4ce4c-ed53-412c-a5c3-2cd88df16812" executionId="75540e4e-12c2-4322-ae19-43ade541597c" testListId="8c84fa94-04c1-424b-9868-57a2d4851a1d" /><TestEntry testId="66194dc2-6ec0-404c-83b7-e5e2b5646887" executionId="cec0a88d-edd7-4ece-84aa-abf145cebf76" testListId="8c84fa94-04c1-424b-9868-57a2d4851a1d" /><TestEntry testId="11437560-f7cf-4429-b704-8d183981dcd1" executionId="9c53cbac-17a7-4398-b070-bfb080be0a03" testListId="8c84fa94-04c1-424b-9868-57a2d4851a1d" /><TestEntry testId="67e4efbf-dcc3-40b1-9df5-b2ef2f766893" executionId="2c92b77b-91ad-4729-b51f-5c4215ce07dc" testListId="8c84fa94-04c1-424b-9868-57a2d4851a1d" /><TestEntry testId="4968ae88-0c39-4473-adf4-b4f4fcffb11b" executionId="028c3e91-6c6f-4f29-96d4-5d52759eb7a2" testListId="8c84fa94-04c1-424b-9868-57a2d4851a1d" /><TestEntry testId="2596713b-1120-4bad-a84e-a5d35ef9f4a9" executionId="f7505ee3-3892-4d94-86d3-38f3c6cd7377" testListId="8c84fa94-04c1-424b-9868-57a2d4851a1d" /><TestEntry testId="fd73b1f7-7485-42b5-8a7d-4a11037e94f7" executionId="2d1fcc79-8b1d-443c-b769-df4506dfe1f5" testListId="8c84fa94-04c1-424b-9868-57a2d4851a1d" /><TestEntry testId="2405bbf1-9af5-4703-a86d-1e483323fe92" executionId="fda6905a-2fe1-4f40-a384-118a1303b000" testListId="8c84fa94-04c1-424b-9868-57a2d4851a1d" /><TestEntry testId="23c09b02-8cb5-4365-93d2-774a96bdc54b" executionId="3d43a858-cc47-415f-8dd7-cb9b862147c0" testListId="8c84fa94-04c1-424b-9868-57a2d4851a1d" /><TestEntry testId="df3bb50a-39c4-4667-857d-6bb9e6b3848c" executionId="45ceb509-5135-4df6-a79e-07dfdfd1f416" testListId="8c84fa94-04c1-424b-9868-57a2d4851a1d" /><TestEntry testId="ff0d2e0b-04b6-4374-bcea-81416bb272dc" executionId="c77edc8c-3ad8-4505-a2d8-9e8c6cdcf426" testListId="8c84fa94-04c1-424b-9868-57a2d4851a1d" /><TestEntry testId="6a1a1ab2-7fb1-41e8-9dba-96318bcca605" executionId="68791f06-1454-4fac-b720-37763edeee0f" testListId="8c84fa94-04c1-424b-9868-57a2d4851a1d" /><TestEntry testId="f9156da6-7f65-42f2-bb21-9f08eea8c7ce" executionId="95182fe8-9c07-4f99-948a-0fd76ceb8e9d" testListId="8c84fa94-04c1-424b-9868-57a2d4851a1d" /><TestEntry testId="e76cd6ae-432f-4bfb-8f8b-4b029eac229c" executionId="53ca1a61-15f8-439b-a2a3-69dbd575e829" testListId="8c84fa94-04c1-424b-9868-57a2d4851a1d" /><TestEntry testId="91ba5f7b-7738-401d-b183-d38e29d17b8d" executionId="9efac82e-c8e3-42ab-91dd-62d4d69f5291" testListId="8c84fa94-04c1-424b-9868-57a2d4851a1d" /><TestEntry testId="c0d0155e-d7cc-4438-ad5e-d2473f505088" executionId="d36a0bfb-4fcb-40f4-af7f-70bf344c1504" testListId="8c84fa94-04c1-424b-9868-57a2d4851a1d" /><TestEntry testId="66057807-946e-430c-84fe-cde4b636ed2a" executionId="2a8fc8ba-f8ad-45ce-8ff2-c889accf450a" testListId="8c84fa94-04c1-424b-9868-57a2d4851a1d" /><TestEntry testId="d6873a85-7419-45c2-8d3f-0dbb958f4460" executionId="27929a14-01db-4559-9f31-a553c58f777f" testListId="8c84fa94-04c1-424b-9868-57a2d4851a1d" /><TestEntry testId="a2f497f7-911b-4468-b619-1e0ac68a473f" executionId="c94d6721-1ba4-428c-800a-e02a46fb1d6b" testListId="8c84fa94-04c1-424b-9868-57a2d4851a1d" /><TestEntry testId="d413e60a-46c2-4c2f-8c46-7341273c9098" executionId="6225df58-dfb8-4bd4-bd34-910d36335a34" testListId="8c84fa94-04c1-424b-9868-57a2d4851a1d" /><TestEntry testId="50e45943-5c1f-4d9a-b7b5-95d1c3f1aa01" executionId="de75c3db-f809-47f1-88f4-d2571c7f8d41" testListId="8c84fa94-04c1-424b-9868-57a2d4851a1d" /><TestEntry testId="08b28ad4-1722-48a2-ab0e-5f7e37048c2b" executionId="8382b11a-3371-4947-90dc-28082e8f643d" testListId="8c84fa94-04c1-424b-9868-57a2d4851a1d" /><TestEntry testId="bfb34a1d-effd-439e-9fd2-33e87239f02e" executionId="ff4be5be-0a49-499f-9972-2a7d2419794f" testListId="8c84fa94-04c1-424b-9868-57a2d4851a1d" /><TestEntry testId="156ae432-cdd9-4623-9d2c-df5fad5c6c26" executionId="379b7b47-7dcb-499f-81e4-f71b5e350a56" testListId="8c84fa94-04c1-424b-9868-57a2d4851a1d" /><TestEntry testId="49896bf7-dd23-410b-b312-edbaad3b000d" executionId="82413a2e-5c26-4c95-bc59-8407b3f53b15" testListId="8c84fa94-04c1-424b-9868-57a2d4851a1d" /><TestEntry testId="2ce3d4fd-9613-4bfa-b36f-2ae3d4dd0641" executionId="11e3322e-2e6d-490d-a6de-00cc5cf553e3" testListId="8c84fa94-04c1-424b-9868-57a2d4851a1d" /><TestEntry testId="d4fa8d3f-c7f5-4430-abec-0f45e838f57b" executionId="ac4b5649-f106-4302-9588-a8d7ed05b3be" testListId="8c84fa94-04c1-424b-9868-57a2d4851a1d" /><TestEntry testId="41f1f872-fd44-465b-9611-3fd5fafad9be" executionId="59c35958-288e-4612-9a45-76e1255e4bcf" testListId="8c84fa94-04c1-424b-9868-57a2d4851a1d" /><TestEntry testId="ecde71d3-d536-400e-9c27-a27db2bb7827" executionId="d5e1edf1-f777-4beb-87da-3b6880bfff64" testListId="8c84fa94-04c1-424b-9868-57a2d4851a1d" /><TestEntry testId="41b98452-e497-494a-b2de-814191afa86e" executionId="467bcea9-e6f9-490c-9bef-025eaf68b6e1" testListId="8c84fa94-04c1-424b-9868-57a2d4851a1d" /><TestEntry testId="1175e321-be96-41ab-9e64-f4e600379f04" executionId="f79ae8b3-00b3-4ca1-8022-6dfcd4f117cf" testListId="8c84fa94-04c1-424b-9868-57a2d4851a1d" /><TestEntry testId="d65dc6af-2969-4c59-b8eb-7045ac896368" executionId="e4578e84-02fb-4ae4-a010-5a3e04e47ca5" testListId="8c84fa94-04c1-424b-9868-57a2d4851a1d" /><TestEntry testId="d0b2809c-b706-47f4-b217-47d8ab0ec6c2" executionId="c3a6b08a-c3c0-47f1-8d38-4405915a179d" testListId="8c84fa94-04c1-424b-9868-57a2d4851a1d" /><TestEntry testId="012076c3-3ca6-457d-b7b7-eb365dd4cda0" executionId="4d6ddfab-827a-456c-b2ab-fef105d4e63a" testListId="8c84fa94-04c1-424b-9868-57a2d4851a1d" /><TestEntry testId="ffdca8a0-9670-4726-b2d1-912d799ac613" executionId="4032bcf2-b515-499a-b9cf-59eabe64bca4" testListId="8c84fa94-04c1-424b-9868-57a2d4851a1d" /><TestEntry testId="84a12b5b-cebd-4ace-b3bb-f0bf05c6afaf" executionId="1b4ae681-5003-48b5-91ed-0e7181aae505" testListId="8c84fa94-04c1-424b-9868-57a2d4851a1d" /><TestEntry testId="75d27d07-5b54-4c2a-9715-8c0fb094bb4d" executionId="d98638f7-dc44-494b-bbc9-bddd79a92e9a" testListId="8c84fa94-04c1-424b-9868-57a2d4851a1d" /><TestEntry testId="584f6d61-4153-4aad-b4b6-0b39506673a6" executionId="4cf2f25e-f170-4d74-8e2f-0fe41e5f0569" testListId="8c84fa94-04c1-424b-9868-57a2d4851a1d" /><TestEntry testId="b865fded-21cd-44f4-92fd-20e692339911" executionId="dc6615fb-6c6a-4184-8c9d-22300119061f" testListId="8c84fa94-04c1-424b-9868-57a2d4851a1d" /><TestEntry testId="4e90e899-2312-425e-85ac-f996792c72ad" executionId="a850f260-33b7-4592-8975-c70f15bef449" testListId="8c84fa94-04c1-424b-9868-57a2d4851a1d" /><TestEntry testId="886b5066-474a-4be2-8021-0c335ac2c213" executionId="49689898-fe2e-43da-80e7-88ca4deaf44b" testListId="8c84fa94-04c1-424b-9868-57a2d4851a1d" /><TestEntry testId="30199aa8-f679-46bf-b0c6-36942933a5b3" executionId="a088c4c5-d888-42e6-8266-4ad91edace2a" testListId="8c84fa94-04c1-424b-9868-57a2d4851a1d" /><TestEntry testId="52a7b1c8-afbe-400c-8f3a-656940dad837" executionId="3d3101d4-aaec-457d-ac45-53c946239e7c" testListId="8c84fa94-04c1-424b-9868-57a2d4851a1d" /><TestEntry testId="59cd5e29-2e15-4f54-b747-6d1c339b86b9" executionId="38c29694-1095-4a7f-b695-c3a9ae3d818e" testListId="8c84fa94-04c1-424b-9868-57a2d4851a1d" /><TestEntry testId="504c6168-320f-4d14-b42f-c3bc12a1cfd7" executionId="6bf93629-bb73-4196-b325-e7b572702e69" testListId="8c84fa94-04c1-424b-9868-57a2d4851a1d" /><TestEntry testId="5cbf2028-c036-4c4d-8e6c-50baec4ab79b" executionId="def57f8a-0d4f-4ecd-8fe0-158627ef2c67" testListId="8c84fa94-04c1-424b-9868-57a2d4851a1d" /><TestEntry testId="175f7134-5f68-4f26-bf06-e53a4973429a" executionId="3e2bb940-9915-43cc-b5b4-a3689e92af18" testListId="8c84fa94-04c1-424b-9868-57a2d4851a1d" /><TestEntry testId="7421ed59-5061-48e9-a97e-f6949000a153" executionId="130677a1-7570-4347-b95f-dc4f03249f7e" testListId="8c84fa94-04c1-424b-9868-57a2d4851a1d" /><TestEntry testId="1c8e6753-18ff-4418-b2f5-4a924bf027f2" executionId="3f3b17ed-5e9d-4dd9-9863-2022ab545f67" testListId="8c84fa94-04c1-424b-9868-57a2d4851a1d" /><TestEntry testId="1f75e5b0-45a3-4d4f-8c05-28832bf06de1" executionId="9980247e-a75d-45fd-8e08-10b3874959b3" testListId="8c84fa94-04c1-424b-9868-57a2d4851a1d" /><TestEntry testId="686843cf-ff56-4a40-ab6d-8de57e96ff96" executionId="6bd9b0a9-61d8-4edd-803a-6e53e64470a6" testListId="8c84fa94-04c1-424b-9868-57a2d4851a1d" /><TestEntry testId="ec2b7966-78d5-456b-874c-947bef889583" executionId="3d5f64a8-b229-4e40-8d8f-de6af9bd76f9" testListId="8c84fa94-04c1-424b-9868-57a2d4851a1d" /><TestEntry testId="0445572c-60f7-42bb-9953-87c0438f7908" executionId="dba5ca01-5507-487e-b155-de2089c05b46" testListId="8c84fa94-04c1-424b-9868-57a2d4851a1d" /><TestEntry testId="f2cfcc72-ed40-419a-8b03-69e1f0a4a8d9" executionId="fc3ff34f-d49d-4a35-b134-3111e946c107" testListId="8c84fa94-04c1-424b-9868-57a2d4851a1d" /><TestEntry testId="8099afd8-116b-42a1-a1d2-6ca66b0a9937" executionId="c14aff2f-fe1e-4753-a02a-02ac1e2b302c" testListId="8c84fa94-04c1-424b-9868-57a2d4851a1d" /><TestEntry testId="06497de2-3d7c-49e3-b787-1ecc2c46d100" executionId="36e2d61e-01e0-4b0a-9fb9-4831d6ca916a" testListId="8c84fa94-04c1-424b-9868-57a2d4851a1d" /><TestEntry testId="16e9c4ae-3a6e-48e9-861a-0f21ec2f9cc9" executionId="37e99089-dd58-47f9-a14a-027c185dc756" testListId="8c84fa94-04c1-424b-9868-57a2d4851a1d" /><TestEntry testId="ec32886d-6c05-4e9a-a37c-67cedc356b4e" executionId="63d6aa70-9290-43c0-ab3d-ddd3699761e2" testListId="8c84fa94-04c1-424b-9868-57a2d4851a1d" /><TestEntry testId="51434f01-bfd0-4b59-bf9d-a6d34834b668" executionId="bc4a9cf3-ba9a-4334-98d7-a9a156a08a38" testListId="8c84fa94-04c1-424b-9868-57a2d4851a1d" /><TestEntry testId="e444bc62-255a-49b9-bbf7-802a520fc47e" executionId="a411553e-d134-484c-9d05-13a3251a5482" testListId="8c84fa94-04c1-424b-9868-57a2d4851a1d" /><TestEntry testId="df1ec0fa-0dee-4dc9-a006-578f282e92ce" executionId="03580a03-cbbb-4285-bc32-0032dd8ca74c" testListId="8c84fa94-04c1-424b-9868-57a2d4851a1d" /><TestEntry testId="959c3758-3e40-403c-a089-332b712edb04" executionId="2c8dbb5e-57fd-46cc-bfbb-7aafb7e242f3" testListId="8c84fa94-04c1-424b-9868-57a2d4851a1d" /><TestEntry testId="e93bcacb-93fc-4d8c-9291-d4f3b21d73dd" executionId="74b0933e-97b6-490b-ab88-6f23a5fa02f6" testListId="8c84fa94-04c1-424b-9868-57a2d4851a1d" /><TestEntry testId="9ca7e75a-301b-49fb-828d-ae92463eb627" executionId="a6b41292-b3aa-4d78-8589-eb0b62ce8377" testListId="8c84fa94-04c1-424b-9868-57a2d4851a1d" /><TestEntry testId="b80da320-bbe5-49f1-88a6-cd9dcc8addb6" executionId="37be0247-7a6b-4c6c-a3cf-b0b4e6836bce" testListId="8c84fa94-04c1-424b-9868-57a2d4851a1d" /><TestEntry testId="61977526-f06a-4864-a138-42f35d63fa70" executionId="6e47fa51-fc5a-42c7-8523-e57ca7cb97c0" testListId="8c84fa94-04c1-424b-9868-57a2d4851a1d" /><TestEntry testId="bb682a49-f383-4234-9466-9d962429f553" executionId="c28b4a8c-cd69-43af-8dc0-33444c3b4fc1" testListId="8c84fa94-04c1-424b-9868-57a2d4851a1d" /><TestEntry testId="7f9fa979-b7b9-4048-8bf9-b97f1fdf6daf" executionId="09064051-1761-4d6e-af29-c44645616700" testListId="8c84fa94-04c1-424b-9868-57a2d4851a1d" /><TestEntry testId="861e213e-eb4c-40ce-bf8d-d9f3518b7cb5" executionId="d9f10d87-8c4e-4639-94cb-32e818bb6321" testListId="8c84fa94-04c1-424b-9868-57a2d4851a1d" /><TestEntry testId="8fb550f7-ca6b-4f53-b8ce-8451aeafd514" executionId="6d93759c-690d-41d0-8adb-54cfea6648b4" testListId="8c84fa94-04c1-424b-9868-57a2d4851a1d" /><TestEntry testId="f35fc83f-fa14-4ecb-aa33-f897feaf5fc5" executionId="580c6fd1-f44a-4daa-a80e-0f5af4274016" testListId="8c84fa94-04c1-424b-9868-57a2d4851a1d" /><TestEntry testId="b1ae4063-9c13-43bc-bd9f-94ca73a8a72d" executionId="889de17c-2a25-4a31-9376-3094a8634dc0" testListId="8c84fa94-04c1-424b-9868-57a2d4851a1d" /><TestEntry testId="f3a1f654-b1cc-4d1a-a11f-f5c4752269e3" executionId="280c0309-cd3e-4f2d-a57c-e2659047c498" testListId="8c84fa94-04c1-424b-9868-57a2d4851a1d" /><TestEntry testId="e3071590-b19b-497b-96f7-395c8b7b1feb" executionId="b403d76c-2f61-4ffa-94a4-893c40277980" testListId="8c84fa94-04c1-424b-9868-57a2d4851a1d" /><TestEntry testId="445c3837-0514-4e7b-bb6e-ccc5f77794d6" executionId="e6ff0665-107e-47e2-86f3-75b8f47d12cb" testListId="8c84fa94-04c1-424b-9868-57a2d4851a1d" /><TestEntry testId="189fee08-0384-4620-96e2-f50c9d98fa1f" executionId="1443f356-8857-452a-a945-dd6a158df2c5" testListId="8c84fa94-04c1-424b-9868-57a2d4851a1d" /><TestEntry testId="e5da3724-dfc7-4215-bb75-7a101c9f8909" executionId="6731f0f4-18c1-4c44-a90b-71049a2ef03f" testListId="8c84fa94-04c1-424b-9868-57a2d4851a1d" /><TestEntry testId="1e952797-48f5-4d83-8f48-b0e8a13a1b1a" executionId="1f846cad-6f89-435b-b186-c3f37bab5d1f" testListId="8c84fa94-04c1-424b-9868-57a2d4851a1d" /><TestEntry testId="70eaf34b-9705-48a6-a14d-cc238d9ae841" executionId="e99f012e-9e0a-4ade-8db4-6cd4230e7fe0" testListId="8c84fa94-04c1-424b-9868-57a2d4851a1d" /><TestEntry testId="66f4424f-3d0c-4333-9c12-a1d32e568c62" executionId="a7afbf57-599b-4818-9853-dae65810c1aa" testListId="8c84fa94-04c1-424b-9868-57a2d4851a1d" /><TestEntry testId="11daba9a-2615-45c5-b71a-7e10297adef1" executionId="91709b32-dc8b-4144-9815-fd638cff5670" testListId="8c84fa94-04c1-424b-9868-57a2d4851a1d" /><TestEntry testId="7c8e4d88-6f9a-4907-a76a-e6ecec7dabf8" executionId="56728fa7-a1fe-46ce-afa1-cb4c3a659058" testListId="8c84fa94-04c1-424b-9868-57a2d4851a1d" /><TestEntry testId="d275791e-e231-4133-a697-5002984ca733" executionId="03357429-d8ba-4e82-8310-7d3b1349e19f" testListId="8c84fa94-04c1-424b-9868-57a2d4851a1d" /><TestEntry testId="ee23aa28-6a26-418e-b83c-0b1c5b209729" executionId="44261843-ea39-42a7-8051-960491214af2" testListId="8c84fa94-04c1-424b-9868-57a2d4851a1d" /><TestEntry testId="eb47de23-ae68-4c76-9e5b-10c6381211fc" executionId="a6b102c3-4392-4b78-bed6-d470a8c6cca8" testListId="8c84fa94-04c1-424b-9868-57a2d4851a1d" /><TestEntry testId="26a96881-5c2d-49b1-ba51-f415abae0dd5" executionId="d2da9340-76d9-45ef-a054-4829497f67dd" testListId="8c84fa94-04c1-424b-9868-57a2d4851a1d" /><TestEntry testId="f1a0b952-c8a8-4ea1-bce3-5036a24fbe25" executionId="5ce2061e-abf6-43d8-b943-6668698e7969" testListId="8c84fa94-04c1-424b-9868-57a2d4851a1d" /><TestEntry testId="ddf29ce3-36b9-477e-b966-abd80999dd0d" executionId="03fe5282-6d2d-4201-b885-ae8b00cb6ab2" testListId="8c84fa94-04c1-424b-9868-57a2d4851a1d" /><TestEntry testId="4df1a257-d5ae-4339-9a2c-ba4fa8db0d9a" executionId="8aa52f05-48f5-456a-81e8-091c7346eb40" testListId="8c84fa94-04c1-424b-9868-57a2d4851a1d" /><TestEntry testId="abe6d9fe-3875-48e9-9312-d46fa7eeb0da" executionId="e892b358-bfe3-4c9c-a9c6-c790d2991db0" testListId="8c84fa94-04c1-424b-9868-57a2d4851a1d" /><TestEntry testId="39440714-0399-44e0-b53f-cd868d24dea7" executionId="8e216bb4-eeeb-430c-a25e-1e07a6264732" testListId="8c84fa94-04c1-424b-9868-57a2d4851a1d" /><TestEntry testId="a596b323-e9f2-4290-9041-795e7bfae0d3" executionId="5011445b-eb10-4413-8c45-b135cee101b6" testListId="8c84fa94-04c1-424b-9868-57a2d4851a1d" /><TestEntry testId="23d0939c-e127-4262-88ed-6dbd504c3ccc" executionId="bc3d97d6-9f50-4ee8-8ea1-6c8e36a35505" testListId="8c84fa94-04c1-424b-9868-57a2d4851a1d" /><TestEntry testId="244f6cb3-c348-401f-8a8c-7580d5c65c68" executionId="0a4c4c55-26d2-4813-af46-ddc71c538ae7" testListId="8c84fa94-04c1-424b-9868-57a2d4851a1d" /><TestEntry testId="32abd11e-9aa4-484d-8957-a70bcbc95873" executionId="274e7f57-7fb7-40f9-b0b7-941b17047816" testListId="8c84fa94-04c1-424b-9868-57a2d4851a1d" /><TestEntry testId="7b4f7ecc-70cc-4365-851a-b5d3dc7029cc" executionId="bbb94978-ab50-4a88-a828-911b8ff5b4e0" testListId="8c84fa94-04c1-424b-9868-57a2d4851a1d" /><TestEntry testId="5e1d421a-b817-463b-9bd5-dd8778b442af" executionId="2239de45-63f5-4cf0-bd16-82b85d299f7c" testListId="8c84fa94-04c1-424b-9868-57a2d4851a1d" /><TestEntry testId="04a2cc64-8595-4edc-9bdc-d53140d721cf" executionId="12284336-98c3-4490-9a85-2defd19129d4" testListId="8c84fa94-04c1-424b-9868-57a2d4851a1d" /><TestEntry testId="c921e3d0-98d3-4140-8c14-601eed5b1fcb" executionId="fb9d6d36-8419-4a1e-a3a6-31b8f874ec88" testListId="8c84fa94-04c1-424b-9868-57a2d4851a1d" /><TestEntry testId="f2c32842-9cab-490a-9483-77022a1563e9" executionId="e02b2de4-8b54-43d6-8186-bde2a868758f" testListId="8c84fa94-04c1-424b-9868-57a2d4851a1d" /><TestEntry testId="5048335a-6409-487f-9583-e7d38258fe5f" executionId="81891528-65cf-4f01-b968-1d947ca0928e" testListId="8c84fa94-04c1-424b-9868-57a2d4851a1d" /><TestEntry testId="13d0fedd-f5ec-4228-aac9-1242600ecc7a" executionId="4c0ababb-9a40-45a0-9375-9ac7b4713947" testListId="8c84fa94-04c1-424b-9868-57a2d4851a1d" /><TestEntry testId="bb3966d5-98bd-4b8d-8a18-f267a305fc71" executionId="6bf68caa-9774-410f-82e7-d4137a26fc74" testListId="8c84fa94-04c1-424b-9868-57a2d4851a1d" /><TestEntry testId="b252e8c8-4ab9-4f6a-9775-4a4d71fa09e0" executionId="42e3c215-b815-4cc6-8ae0-0015e5c20d39" testListId="8c84fa94-04c1-424b-9868-57a2d4851a1d" /><TestEntry testId="cbdefae0-fb70-41eb-be7d-716679a899a4" executionId="371d1485-08f0-46f0-b051-a39caa26c1bf" testListId="8c84fa94-04c1-424b-9868-57a2d4851a1d" /><TestEntry testId="954ae242-31c3-41cc-a530-af7488899365" executionId="bbb22f37-574d-4b7c-a26e-3a898bd40831" testListId="8c84fa94-04c1-424b-9868-57a2d4851a1d" /><TestEntry testId="88e6e759-dcd4-4035-989f-f321899ad19f" executionId="b0b7da65-b9e5-4a2b-9a73-a6600bac0af6" testListId="8c84fa94-04c1-424b-9868-57a2d4851a1d" /><TestEntry testId="bde6c543-b6fa-4004-8a64-6f6e5b3e6baa" executionId="3305d254-47c1-41ce-97ea-04238a2e91cc" testListId="8c84fa94-04c1-424b-9868-57a2d4851a1d" /></TestEntries><TestLists><TestList name="Results Not in a List" id="8c84fa94-04c1-424b-9868-57a2d4851a1d" /><TestList name="All Loaded Results" id="19431567-8539-422a-85d7-44ee4e166bda" /></TestLists><ResultSummary outcome="Completed"><Counters total="152" executed="152" passed="152" failed="0" error="0" timeout="0" aborted="0" inconclusive="0" passedButRunAborted="0" notRunnable="0" notExecuted="0" disconnected="0" warning="0" completed="0" inProgress="0" pending="0" /><Output><StdOut>[xUnit.net 00:00:01.5081579]   Discovering: ModelRelief.Test[xUnit.net 00:00:01.6195464]   Discovered:  ModelRelief.Test[xUnit.net 00:00:01.6272673]   Starting:    ModelRelief.Test[xUnit.net 00:00:25.4820132]   Finished:    ModelRelief.Test</StdOut></Output></ResultSummary></TestRun>