<?xml version="1.0" encoding="utf-8"?><TestRun id="138ce908-d132-4525-a6a3-aa8b796d7214" name="Steve Knipmeyer@VECTOR 2018-08-21 11:30:02" runUser="VECTOR\Steve Knipmeyer" xmlns="http://microsoft.com/schemas/VisualStudio/TeamTest/2010"><Times creation="2018-08-21T11:30:02.0156484-04:00" queuing="2018-08-21T11:30:02.0156587-04:00" start="2018-08-21T11:29:57.0935468-04:00" finish="2018-08-21T11:30:19.3425604-04:00" /><TestSettings name="default" id="a40e9554-e849-4612-b735-633662601c56"><Deployment runDeploymentRoot="Steve_Knipmeyer_VECTOR_2018-08-21_11_30_02" /></TestSettings><Results><UnitTestResult executionId="690df9f7-2b0b-43a9-bb8b-44ea8ff89077" testId="18ce89a5-3ad4-46ed-b58f-7d0bdcb14e55" testName="Put_InvalidReferencePropertyReturndBadRequest" computerName="VECTOR" duration="00:00:00.0190000" startTime="2018-08-21T11:30:18.9460072-04:00" endTime="2018-08-21T11:30:18.9460122-04:00" testType="13cdc9d9-ddb5-4fa4-a97d-d965ccfc6d4b" outcome="Passed" testListId="8c84fa94-04c1-424b-9868-57a2d4851a1d" relativeResultsDirectory="690df9f7-2b0b-43a9-bb8b-44ea8ff89077" /><UnitTestResult executionId="822bd668-880b-4ee5-817d-e110abedde56" testId="a19f5405-8f20-430a-98a8-224ae07efea8" testName="Patch_MultipleInvalidReferencePropertiesReturnsMultipleValidationErrorsAndBadRequest" computerName="VECTOR" duration="00:00:00.0270000" startTime="2018-08-21T11:30:03.4086616-04:00" endTime="2018-08-21T11:30:03.4086677-04:00" testType="13cdc9d9-ddb5-4fa4-a97d-d965ccfc6d4b" outcome="Passed" testListId="8c84fa94-04c1-424b-9868-57a2d4851a1d" relativeResultsDirectory="822bd668-880b-4ee5-817d-e110abedde56" /><UnitTestResult executionId="1407b1c7-67fe-4c13-857b-7b4caa03b5c7" testId="ba021a29-73e0-4121-9d68-b0b3417af1d2" testName="Post_ValidReferencePropertyCreatesModel" computerName="VECTOR" duration="00:00:00.0100000" startTime="2018-08-21T11:30:01.9903370-04:00" endTime="2018-08-21T11:30:01.9903391-04:00" testType="13cdc9d9-ddb5-4fa4-a97d-d965ccfc6d4b" outcome="Passed" testListId="8c84fa94-04c1-424b-9868-57a2d4851a1d" relativeResultsDirectory="1407b1c7-67fe-4c13-857b-7b4caa03b5c7" /><UnitTestResult executionId="02294a1e-e3db-4890-b657-b0ba42bd96c1" testId="87504873-945c-40da-a92c-3bcf62888822" testName="Post_CanCreateNewModel" computerName="VECTOR" duration="00:00:00.0220000" startTime="2018-08-21T11:30:18.7649488-04:00" endTime="2018-08-21T11:30:18.7649553-04:00" testType="13cdc9d9-ddb5-4fa4-a97d-d965ccfc6d4b" outcome="Passed" testListId="8c84fa94-04c1-424b-9868-57a2d4851a1d" relativeResultsDirectory="02294a1e-e3db-4890-b657-b0ba42bd96c1" /><UnitTestResult executionId="442d3bf2-71fc-457e-8e12-a2ae610162fe" testId="f568d4ae-26e1-4aa8-a1d4-adab2043817a" testName="Put_ValidReferencePropertyUpdatesModel" computerName="VECTOR" duration="00:00:00.0400000" startTime="2018-08-21T11:30:03.3438634-04:00" endTime="2018-08-21T11:30:03.3438696-04:00" testType="13cdc9d9-ddb5-4fa4-a97d-d965ccfc6d4b" outcome="Passed" testListId="8c84fa94-04c1-424b-9868-57a2d4851a1d" relativeResultsDirectory="442d3bf2-71fc-457e-8e12-a2ae610162fe" /><UnitTestResult executionId="c43fa76b-29b8-43d6-8f60-1d9364b0b8de" testId="1644c401-6125-44e6-a025-d34b32052efd" testName="Patch_InvalidReferencePropertyReturnsBadRequest" computerName="VECTOR" duration="00:00:00.0270000" startTime="2018-08-21T11:30:16.4039123-04:00" endTime="2018-08-21T11:30:16.4039179-04:00" testType="13cdc9d9-ddb5-4fa4-a97d-d965ccfc6d4b" outcome="Passed" testListId="8c84fa94-04c1-424b-9868-57a2d4851a1d" relativeResultsDirectory="c43fa76b-29b8-43d6-8f60-1d9364b0b8de" /><UnitTestResult executionId="5bc4d5c4-807e-4047-9c97-56460bc221db" testId="c522bd04-a7b5-43a0-84d9-21e868cfe547" testName="MeshTransformHasExpectedDependentFiles" computerName="VECTOR" duration="00:00:00.0010000" startTime="2018-08-21T11:30:01.2888270-04:00" endTime="2018-08-21T11:30:01.2888298-04:00" testType="13cdc9d9-ddb5-4fa4-a97d-d965ccfc6d4b" outcome="Passed" testListId="8c84fa94-04c1-424b-9868-57a2d4851a1d" relativeResultsDirectory="5bc4d5c4-807e-4047-9c97-56460bc221db" /><UnitTestResult executionId="9b586727-d7b7-4dca-ab03-9ec1f98e6fa5" testId="26a1486e-9e41-480d-9070-127638dff402" testName="GetSingle_ValidIdPropertyValueReturnsCorrectModel" computerName="VECTOR" duration="00:00:00.0170000" startTime="2018-08-21T11:30:18.7426591-04:00" endTime="2018-08-21T11:30:18.7426648-04:00" testType="13cdc9d9-ddb5-4fa4-a97d-d965ccfc6d4b" outcome="Passed" testListId="8c84fa94-04c1-424b-9868-57a2d4851a1d" relativeResultsDirectory="9b586727-d7b7-4dca-ab03-9ec1f98e6fa5" /><UnitTestResult executionId="bd531376-5163-4572-9e53-a69017f82e46" testId="c57631a0-5634-430a-993c-afd7ca13f945" testName="Patch_ValidReferencePropertyUpdatesModel" computerName="VECTOR" duration="00:00:00.0610000" startTime="2018-08-21T11:30:05.0324867-04:00" endTime="2018-08-21T11:30:05.0324933-04:00" testType="13cdc9d9-ddb5-4fa4-a97d-d965ccfc6d4b" outcome="Passed" testListId="8c84fa94-04c1-424b-9868-57a2d4851a1d" relativeResultsDirectory="bd531376-5163-4572-9e53-a69017f82e46" /><UnitTestResult executionId="96fe8d8b-d02f-42ed-9fa8-1d0a9c0ed6c1" testId="3db0b071-7532-40e6-9b8e-8885ab113fe9" testName="Put_InvalidReferencePropertyReturndBadRequest" computerName="VECTOR" duration="00:00:00.0280000" startTime="2018-08-21T11:30:03.5416835-04:00" endTime="2018-08-21T11:30:03.5416892-04:00" testType="13cdc9d9-ddb5-4fa4-a97d-d965ccfc6d4b" outcome="Passed" testListId="8c84fa94-04c1-424b-9868-57a2d4851a1d" relativeResultsDirectory="96fe8d8b-d02f-42ed-9fa8-1d0a9c0ed6c1" /><UnitTestResult executionId="c33c44f1-7575-4269-9589-c889a5fe37bd" testId="63372e99-1ac4-481a-9d62-e45676e6d4cc" testName="Delete_TargetModelIsDeleted" computerName="VECTOR" duration="00:00:00.0360000" startTime="2018-08-21T11:30:07.8683243-04:00" endTime="2018-08-21T11:30:07.8683302-04:00" testType="13cdc9d9-ddb5-4fa4-a97d-d965ccfc6d4b" outcome="Passed" testListId="8c84fa94-04c1-424b-9868-57a2d4851a1d" relativeResultsDirectory="c33c44f1-7575-4269-9589-c889a5fe37bd" /><UnitTestResult executionId="529363c4-de37-4a2e-a889-10559cd2571b" testId="d490a616-963a-412a-911e-4d77b0b70654" testName="PostFile_FileTimeStampIsUpdatedAfterFileIsPosted" computerName="VECTOR" duration="00:00:01.3200000" startTime="2018-08-21T11:30:11.8058720-04:00" endTime="2018-08-21T11:30:11.8058779-04:00" testType="13cdc9d9-ddb5-4fa4-a97d-d965ccfc6d4b" outcome="Passed" testListId="8c84fa94-04c1-424b-9868-57a2d4851a1d" relativeResultsDirectory="529363c4-de37-4a2e-a889-10559cd2571b" /><UnitTestResult executionId="3abb32b5-0801-4922-8c49-d7b18f542ecd" testId="afbb3140-0439-4185-bd76-4a2727aff91b" testName="GetList_ListReturnsCorrectCount" computerName="VECTOR" duration="00:00:00.0150000" startTime="2018-08-21T11:30:18.8283643-04:00" endTime="2018-08-21T11:30:18.8283691-04:00" testType="13cdc9d9-ddb5-4fa4-a97d-d965ccfc6d4b" outcome="Passed" testListId="8c84fa94-04c1-424b-9868-57a2d4851a1d" relativeResultsDirectory="3abb32b5-0801-4922-8c49-d7b18f542ecd" /><UnitTestResult executionId="3c045ac6-feec-4e83-9eae-07c7ae83e982" testId="f8a9f3eb-babe-4ed5-8478-96fa8118deeb" testName="Post_InvalidPropertyValueReturnsBadRequest" computerName="VECTOR" duration="00:00:00.0150000" startTime="2018-08-21T11:30:02.5294593-04:00" endTime="2018-08-21T11:30:02.5294649-04:00" testType="13cdc9d9-ddb5-4fa4-a97d-d965ccfc6d4b" outcome="Passed" testListId="8c84fa94-04c1-424b-9868-57a2d4851a1d" relativeResultsDirectory="3c045ac6-feec-4e83-9eae-07c7ae83e982" /><UnitTestResult executionId="a57b43f0-59b4-46fb-b6bf-a8e26f78ba0d" testId="38b5043a-8e8d-477b-bf76-30e60687740d" testName="GetList_ListReturnsCorrectCount" computerName="VECTOR" duration="00:00:00.0150000" startTime="2018-08-21T11:30:04.7935211-04:00" endTime="2018-08-21T11:30:04.7935256-04:00" testType="13cdc9d9-ddb5-4fa4-a97d-d965ccfc6d4b" outcome="Passed" testListId="8c84fa94-04c1-424b-9868-57a2d4851a1d" relativeResultsDirectory="a57b43f0-59b4-46fb-b6bf-a8e26f78ba0d" /><UnitTestResult executionId="edea90d3-44ad-44b2-a4ec-53128e981782" testId="0e105e28-6dc2-4a03-b35d-35ba8ae91e3e" testName="Put_InvalidReferencePropertyReturndBadRequest" computerName="VECTOR" duration="00:00:00.0180000" startTime="2018-08-21T11:30:04.9467022-04:00" endTime="2018-08-21T11:30:04.9467072-04:00" testType="13cdc9d9-ddb5-4fa4-a97d-d965ccfc6d4b" outcome="Passed" testListId="8c84fa94-04c1-424b-9868-57a2d4851a1d" relativeResultsDirectory="edea90d3-44ad-44b2-a4ec-53128e981782" /><UnitTestResult executionId="a23ef740-0b41-4879-aee4-e9ac2ed75111" testId="627893f5-a390-4118-adf3-b5421c650891" testName="GetFile_FileCanBeRoundTripped" computerName="VECTOR" duration="00:00:00.0890000" startTime="2018-08-21T11:30:04.3175144-04:00" endTime="2018-08-21T11:30:04.3175201-04:00" testType="13cdc9d9-ddb5-4fa4-a97d-d965ccfc6d4b" outcome="Passed" testListId="8c84fa94-04c1-424b-9868-57a2d4851a1d" relativeResultsDirectory="a23ef740-0b41-4879-aee4-e9ac2ed75111" /><UnitTestResult executionId="c7411289-7103-45a4-9e55-78f60b2e25d7" testId="3f7de202-e6fa-40f1-90c6-b0d6de5edbb1" testName="Put_ValidReferencePropertyUpdatesModel" computerName="VECTOR" duration="00:00:00.0120000" startTime="2018-08-21T11:30:02.3241040-04:00" endTime="2018-08-21T11:30:02.3241074-04:00" testType="13cdc9d9-ddb5-4fa4-a97d-d965ccfc6d4b" outcome="Passed" testListId="8c84fa94-04c1-424b-9868-57a2d4851a1d" relativeResultsDirectory="c7411289-7103-45a4-9e55-78f60b2e25d7" /><UnitTestResult executionId="f314ce87-576f-4cea-8c70-21f0b4c58031" testId="ac452024-d82b-40e9-b409-f73b72b997b0" testName="FileRequest_FileCanBeReadAfterRename" computerName="VECTOR" duration="00:00:00.1120000" startTime="2018-08-21T11:30:15.9572236-04:00" endTime="2018-08-21T11:30:15.9572295-04:00" testType="13cdc9d9-ddb5-4fa4-a97d-d965ccfc6d4b" outcome="Passed" testListId="8c84fa94-04c1-424b-9868-57a2d4851a1d" relativeResultsDirectory="f314ce87-576f-4cea-8c70-21f0b4c58031" /><UnitTestResult executionId="8e3f4da0-b116-451e-af26-24d7b61c537e" testId="1ea1aa40-bff0-4354-84fa-2fba73f2ad0e" testName="PutFile_FileCanBeUpdated" computerName="VECTOR" duration="00:00:00.2000000" startTime="2018-08-21T11:30:10.4178259-04:00" endTime="2018-08-21T11:30:10.4178306-04:00" testType="13cdc9d9-ddb5-4fa4-a97d-d965ccfc6d4b" outcome="Passed" testListId="8c84fa94-04c1-424b-9868-57a2d4851a1d" relativeResultsDirectory="8e3f4da0-b116-451e-af26-24d7b61c537e" /><UnitTestResult executionId="77103cf5-d994-4d65-b8cc-a9b01ab2c9d7" testId="d465425e-eae1-471b-9b22-105d75ed31b6" testName="Patch_InvalidIdPropertyReturnsNotFound" computerName="VECTOR" duration="00:00:00.0130000" startTime="2018-08-21T11:30:19.0131941-04:00" endTime="2018-08-21T11:30:19.0132062-04:00" testType="13cdc9d9-ddb5-4fa4-a97d-d965ccfc6d4b" outcome="Passed" testListId="8c84fa94-04c1-424b-9868-57a2d4851a1d" relativeResultsDirectory="77103cf5-d994-4d65-b8cc-a9b01ab2c9d7" /><UnitTestResult executionId="9d97f75a-7dee-42d4-af7d-699381fbd899" testId="a9f81c6b-5408-41d4-bbd6-8066f55769fd" testName="FileRequest_MeshGenerateSetsFileIsSynchronized" computerName="VECTOR" duration="00:00:03.7480000" startTime="2018-08-21T11:30:15.6424003-04:00" endTime="2018-08-21T11:30:15.6424070-04:00" testType="13cdc9d9-ddb5-4fa4-a97d-d965ccfc6d4b" outcome="Passed" testListId="8c84fa94-04c1-424b-9868-57a2d4851a1d" relativeResultsDirectory="9d97f75a-7dee-42d4-af7d-699381fbd899" /><UnitTestResult executionId="9328408d-0e01-4533-82c5-928cc31732aa" testId="1ed3e561-f9e1-4883-9111-6add1babbb10" testName="Put_CanUpdateModel" computerName="VECTOR" duration="00:00:00.4800000" startTime="2018-08-21T11:30:07.4653517-04:00" endTime="2018-08-21T11:30:07.4653582-04:00" testType="13cdc9d9-ddb5-4fa4-a97d-d965ccfc6d4b" outcome="Passed" testListId="8c84fa94-04c1-424b-9868-57a2d4851a1d" relativeResultsDirectory="9328408d-0e01-4533-82c5-928cc31732aa" /><UnitTestResult executionId="4ee8f07e-738d-46ac-9cfb-895289350a8d" testId="8de2a504-c30c-4e11-9d93-33b2c86c4154" testName="Patch_InvalidEnumPropertyValueReturnsBadRequest" computerName="VECTOR" duration="00:00:00.0290000" startTime="2018-08-21T11:30:15.9870760-04:00" endTime="2018-08-21T11:30:15.9870823-04:00" testType="13cdc9d9-ddb5-4fa4-a97d-d965ccfc6d4b" outcome="Passed" testListId="8c84fa94-04c1-424b-9868-57a2d4851a1d" relativeResultsDirectory="4ee8f07e-738d-46ac-9cfb-895289350a8d" /><UnitTestResult executionId="ae5e8349-4078-46bc-acff-e07a01a44e57" testId="12b4170d-e314-41bf-805f-e793455919a6" testName="LucyModel3dHasTwoDependents" computerName="VECTOR" duration="00:00:00.5520000" startTime="2018-08-21T11:30:01.2765584-04:00" endTime="2018-08-21T11:30:01.2765652-04:00" testType="13cdc9d9-ddb5-4fa4-a97d-d965ccfc6d4b" outcome="Passed" testListId="8c84fa94-04c1-424b-9868-57a2d4851a1d" relativeResultsDirectory="ae5e8349-4078-46bc-acff-e07a01a44e57" /><UnitTestResult executionId="2da80cda-ec8f-414e-b7a7-9aae8d996938" testId="5987a65f-9764-44e7-9d5b-0c46d69cf4c0" testName="FileRequest_DepthBufferIsInvalidatedAfterCameraDependencyPropertyChange" computerName="VECTOR" duration="00:00:00.2940000" startTime="2018-08-21T11:30:18.3832430-04:00" endTime="2018-08-21T11:30:18.3832487-04:00" testType="13cdc9d9-ddb5-4fa4-a97d-d965ccfc6d4b" outcome="Passed" testListId="8c84fa94-04c1-424b-9868-57a2d4851a1d" relativeResultsDirectory="2da80cda-ec8f-414e-b7a7-9aae8d996938" /><UnitTestResult executionId="efa7fd48-c69e-416c-bab8-0fb819acab2b" testId="c1908012-f46c-4b1c-8bd2-8a1344531e9a" testName="Patch_InvalidPropertyNameReturnsBadRequest" computerName="VECTOR" duration="00:00:00.0220000" startTime="2018-08-21T11:30:07.6944530-04:00" endTime="2018-08-21T11:30:07.6944595-04:00" testType="13cdc9d9-ddb5-4fa4-a97d-d965ccfc6d4b" outcome="Passed" testListId="8c84fa94-04c1-424b-9868-57a2d4851a1d" relativeResultsDirectory="efa7fd48-c69e-416c-bab8-0fb819acab2b" /><UnitTestResult executionId="1cf6dda1-69eb-4ff0-99ab-6c3bfc0524d9" testId="b089da3c-8628-4bb0-a41a-9291b8dec740" testName="PostFile_NewFileCanBePosted" computerName="VECTOR" duration="00:00:00.0750000" startTime="2018-08-21T11:30:04.2281973-04:00" endTime="2018-08-21T11:30:04.2282008-04:00" testType="13cdc9d9-ddb5-4fa4-a97d-d965ccfc6d4b" outcome="Passed" testListId="8c84fa94-04c1-424b-9868-57a2d4851a1d" relativeResultsDirectory="1cf6dda1-69eb-4ff0-99ab-6c3bfc0524d9" /><UnitTestResult executionId="728cb692-1ed9-4c69-8370-524fd0ae98e3" testId="dbd4269d-d753-4d60-8c77-2dd8f3968e4d" testName="Patch_MultipleInvalidReferencePropertiesReturnsMultipleValidationErrorsAndBadRequest" computerName="VECTOR" duration="00:00:00.0130000" startTime="2018-08-21T11:30:02.4921785-04:00" endTime="2018-08-21T11:30:02.4921828-04:00" testType="13cdc9d9-ddb5-4fa4-a97d-d965ccfc6d4b" outcome="Passed" testListId="8c84fa94-04c1-424b-9868-57a2d4851a1d" relativeResultsDirectory="728cb692-1ed9-4c69-8370-524fd0ae98e3" /><UnitTestResult executionId="5329c24a-bc4a-48bf-9482-0b499f3920e5" testId="3db48af2-c4a4-422d-971b-28af280757bd" testName="Model3dHasExpectedDependentFiles" computerName="VECTOR" duration="00:00:00.0300000" startTime="2018-08-21T11:30:00.7258476-04:00" endTime="2018-08-21T11:30:00.7258547-04:00" testType="13cdc9d9-ddb5-4fa4-a97d-d965ccfc6d4b" outcome="Passed" testListId="8c84fa94-04c1-424b-9868-57a2d4851a1d" relativeResultsDirectory="5329c24a-bc4a-48bf-9482-0b499f3920e5" /><UnitTestResult executionId="9f71b398-83cd-4d88-ae14-e416767f4738" testId="1619493d-0e49-4185-9876-4822be895524" testName="Put_CanUpdateModel" computerName="VECTOR" duration="00:00:00.0370000" startTime="2018-08-21T11:30:02.4636266-04:00" endTime="2018-08-21T11:30:02.4636329-04:00" testType="13cdc9d9-ddb5-4fa4-a97d-d965ccfc6d4b" outcome="Passed" testListId="8c84fa94-04c1-424b-9868-57a2d4851a1d" relativeResultsDirectory="9f71b398-83cd-4d88-ae14-e416767f4738" /><UnitTestResult executionId="4b481dc6-3f0d-4ecc-985c-bb69e4841494" testId="f97bb773-5f5a-4372-a2cf-e632393eb414" testName="GetSingle_InvalidIdPropertyValueReturnsNotFound" computerName="VECTOR" duration="00:00:00.0160000" startTime="2018-08-21T11:30:16.5797435-04:00" endTime="2018-08-21T11:30:16.5797492-04:00" testType="13cdc9d9-ddb5-4fa4-a97d-d965ccfc6d4b" outcome="Passed" testListId="8c84fa94-04c1-424b-9868-57a2d4851a1d" relativeResultsDirectory="4b481dc6-3f0d-4ecc-985c-bb69e4841494" /><UnitTestResult executionId="0e9416a8-7f6d-4856-b198-4ed3f932eba1" testId="a0ac2916-1ddc-489d-97af-1eded2b3fcff" testName="Delete_TargetModelIsDeleted" computerName="VECTOR" duration="00:00:00.0250000" startTime="2018-08-21T11:30:03.5135892-04:00" endTime="2018-08-21T11:30:03.5135947-04:00" testType="13cdc9d9-ddb5-4fa4-a97d-d965ccfc6d4b" outcome="Passed" testListId="8c84fa94-04c1-424b-9868-57a2d4851a1d" relativeResultsDirectory="0e9416a8-7f6d-4856-b198-4ed3f932eba1" /><UnitTestResult executionId="3fbfefb3-48c3-4694-a3a6-00ee5f09d0f3" testId="f053e165-4ff7-40f3-8f1d-ff57682d7fcb" testName="Post_ValidReferencePropertyCreatesModel" computerName="VECTOR" duration="00:00:00.0330000" startTime="2018-08-21T11:30:07.8318041-04:00" endTime="2018-08-21T11:30:07.8318104-04:00" testType="13cdc9d9-ddb5-4fa4-a97d-d965ccfc6d4b" outcome="Passed" testListId="8c84fa94-04c1-424b-9868-57a2d4851a1d" relativeResultsDirectory="3fbfefb3-48c3-4694-a3a6-00ee5f09d0f3" /><UnitTestResult executionId="7777d2d2-4f7d-40e2-b1ae-72e9175cadcd" testId="aba59d26-859c-414f-96ec-37d345bc7d86" testName="PostFile_FileIsSynchronizedIsUpdatedAfterFileIsPosted" computerName="VECTOR" duration="00:00:00.2020000" startTime="2018-08-21T11:30:15.8444924-04:00" endTime="2018-08-21T11:30:15.8444964-04:00" testType="13cdc9d9-ddb5-4fa4-a97d-d965ccfc6d4b" outcome="Passed" testListId="8c84fa94-04c1-424b-9868-57a2d4851a1d" relativeResultsDirectory="7777d2d2-4f7d-40e2-b1ae-72e9175cadcd" /><UnitTestResult executionId="d750d51d-b21e-45c0-bd6b-8df1d87c64e0" testId="68b24547-fb01-48d5-be5f-4b7f69b92682" testName="GetFile_FileCanBeRoundTripped" computerName="VECTOR" duration="00:00:00.0970000" startTime="2018-08-21T11:30:10.2175301-04:00" endTime="2018-08-21T11:30:10.2175363-04:00" testType="13cdc9d9-ddb5-4fa4-a97d-d965ccfc6d4b" outcome="Passed" testListId="8c84fa94-04c1-424b-9868-57a2d4851a1d" relativeResultsDirectory="d750d51d-b21e-45c0-bd6b-8df1d87c64e0" /><UnitTestResult executionId="2e6179a5-6a35-43c3-bb5d-416ed4b8c9e9" testId="27205342-763f-4f5c-9da8-24d52d258ef3" testName="Patch_InvalidEnumPropertyValueReturnsBadRequest" computerName="VECTOR" duration="00:00:00.0230000" startTime="2018-08-21T11:30:07.5484171-04:00" endTime="2018-08-21T11:30:07.5484237-04:00" testType="13cdc9d9-ddb5-4fa4-a97d-d965ccfc6d4b" outcome="Passed" testListId="8c84fa94-04c1-424b-9868-57a2d4851a1d" relativeResultsDirectory="2e6179a5-6a35-43c3-bb5d-416ed4b8c9e9" /><UnitTestResult executionId="6c3a6ac8-e9a1-4e82-892d-fd478fa90bd2" testId="827288ff-80ff-48e4-abd2-434ac7f2dc15" testName="Patch_InvalidIdPropertyReturnsNotFound" computerName="VECTOR" duration="00:00:00.0130000" startTime="2018-08-21T11:30:02.5144497-04:00" endTime="2018-08-21T11:30:02.5144560-04:00" testType="13cdc9d9-ddb5-4fa4-a97d-d965ccfc6d4b" outcome="Passed" testListId="8c84fa94-04c1-424b-9868-57a2d4851a1d" relativeResultsDirectory="6c3a6ac8-e9a1-4e82-892d-fd478fa90bd2" /><UnitTestResult executionId="2fca2825-3a3f-4c43-9bf8-a50e0b570366" testId="afee64cc-fd26-4082-aa8e-13e81052e25b" testName="Put_ValidReferencePropertyUpdatesModel" computerName="VECTOR" duration="00:00:00.0540000" startTime="2018-08-21T11:30:19.1732237-04:00" endTime="2018-08-21T11:30:19.1732298-04:00" testType="13cdc9d9-ddb5-4fa4-a97d-d965ccfc6d4b" outcome="Passed" testListId="8c84fa94-04c1-424b-9868-57a2d4851a1d" relativeResultsDirectory="2fca2825-3a3f-4c43-9bf8-a50e0b570366" /><UnitTestResult executionId="4412e5ed-23ec-45ca-9387-1f09567d2c0f" testId="4414c89d-8c8f-4cd5-80f7-b27b0f6d3cd5" testName="GetSingle_ValidIdPropertyValueReturnsCorrectModel" computerName="VECTOR" duration="00:00:00.0130000" startTime="2018-08-21T11:30:02.4051537-04:00" endTime="2018-08-21T11:30:02.4051592-04:00" testType="13cdc9d9-ddb5-4fa4-a97d-d965ccfc6d4b" outcome="Passed" testListId="8c84fa94-04c1-424b-9868-57a2d4851a1d" relativeResultsDirectory="4412e5ed-23ec-45ca-9387-1f09567d2c0f" /><UnitTestResult executionId="65d2a9ad-8a5b-4e58-afde-5f9f6ba954f8" testId="0f2ca2eb-d985-461c-8272-25f0f5dfd07b" testName="DepthBufferHasExpectedDependentFiles" computerName="VECTOR" duration="00:00:00.0010000" startTime="2018-08-21T11:30:01.2951285-04:00" endTime="2018-08-21T11:30:01.2951310-04:00" testType="13cdc9d9-ddb5-4fa4-a97d-d965ccfc6d4b" outcome="Passed" testListId="8c84fa94-04c1-424b-9868-57a2d4851a1d" relativeResultsDirectory="65d2a9ad-8a5b-4e58-afde-5f9f6ba954f8" /><UnitTestResult executionId="077e622f-6413-468c-a8a0-4c96aed2f440" testId="57138b50-2b85-447c-be2a-9c03ca1304fb" testName="Post_InvalidPropertyValueReturnsBadRequest" computerName="VECTOR" duration="00:00:00.0110000" startTime="2018-08-21T11:30:03.2342392-04:00" endTime="2018-08-21T11:30:03.2342518-04:00" testType="13cdc9d9-ddb5-4fa4-a97d-d965ccfc6d4b" outcome="Passed" testListId="8c84fa94-04c1-424b-9868-57a2d4851a1d" relativeResultsDirectory="077e622f-6413-468c-a8a0-4c96aed2f440" /><UnitTestResult executionId="1dd08a51-ccb8-4d92-b056-7ca6339270e9" testId="cd0dc47a-fb57-40a5-9f43-480ff905e8c4" testName="GetSingle_InvalidIdPropertyValueReturnsNotFound" computerName="VECTOR" duration="00:00:00.0160000" startTime="2018-08-21T11:30:18.8532158-04:00" endTime="2018-08-21T11:30:18.8532217-04:00" testType="13cdc9d9-ddb5-4fa4-a97d-d965ccfc6d4b" outcome="Passed" testListId="8c84fa94-04c1-424b-9868-57a2d4851a1d" relativeResultsDirectory="1dd08a51-ccb8-4d92-b056-7ca6339270e9" /><UnitTestResult executionId="d274e129-949d-4160-8dc3-9bbfba83251b" testId="e7591cba-446a-4c72-aa91-9ceea39314ae" testName="Put_CanUpdateModel" computerName="VECTOR" duration="00:00:00.0500000" startTime="2018-08-21T11:30:16.6588765-04:00" endTime="2018-08-21T11:30:16.6588833-04:00" testType="13cdc9d9-ddb5-4fa4-a97d-d965ccfc6d4b" outcome="Passed" testListId="8c84fa94-04c1-424b-9868-57a2d4851a1d" relativeResultsDirectory="d274e129-949d-4160-8dc3-9bbfba83251b" /><UnitTestResult executionId="d3d49c14-efbd-4411-8e47-c0e3ebabc33d" testId="6eb4fbab-160e-4398-813c-0570a05b3b89" testName="PostFile_FileTimeStampIsUpdatedAfterFileIsPosted" computerName="VECTOR" duration="00:00:01.1520000" startTime="2018-08-21T11:30:17.8461143-04:00" endTime="2018-08-21T11:30:17.8461197-04:00" testType="13cdc9d9-ddb5-4fa4-a97d-d965ccfc6d4b" outcome="Passed" testListId="8c84fa94-04c1-424b-9868-57a2d4851a1d" relativeResultsDirectory="d3d49c14-efbd-4411-8e47-c0e3ebabc33d" /><UnitTestResult executionId="e308ffb3-95ed-4daf-b732-c5fcb5a2f57f" testId="d5935f90-1cf3-4ce5-b46f-e8bb3d713709" testName="Patch_InvalidEnumPropertyValueReturnsBadRequest" computerName="VECTOR" duration="00:00:00.0090000" startTime="2018-08-21T11:30:04.9709572-04:00" endTime="2018-08-21T11:30:04.9709606-04:00" testType="13cdc9d9-ddb5-4fa4-a97d-d965ccfc6d4b" outcome="Passed" testListId="8c84fa94-04c1-424b-9868-57a2d4851a1d" relativeResultsDirectory="e308ffb3-95ed-4daf-b732-c5fcb5a2f57f" /><UnitTestResult executionId="f082872d-acd6-4de6-9ccb-52a721088fbd" testId="1fb8f863-ad79-4c18-bfff-1de522c6b4ef" testName="GetSingle_ValidIdPropertyValueReturnsCorrectModel" computerName="VECTOR" duration="00:00:00.0260000" startTime="2018-08-21T11:30:07.8951266-04:00" endTime="2018-08-21T11:30:07.8951315-04:00" testType="13cdc9d9-ddb5-4fa4-a97d-d965ccfc6d4b" outcome="Passed" testListId="8c84fa94-04c1-424b-9868-57a2d4851a1d" relativeResultsDirectory="f082872d-acd6-4de6-9ccb-52a721088fbd" /><UnitTestResult executionId="7a6c4d4d-2fe5-4340-a0d0-ed2910460f64" testId="4046d0a2-4b22-45db-a805-24fb7b4817e1" testName="LucyCameraFindsAllDependents" computerName="VECTOR" duration="00:00:00.0110000" startTime="2018-08-21T11:30:01.2880924-04:00" endTime="2018-08-21T11:30:01.2880995-04:00" testType="13cdc9d9-ddb5-4fa4-a97d-d965ccfc6d4b" outcome="Passed" testListId="8c84fa94-04c1-424b-9868-57a2d4851a1d" relativeResultsDirectory="7a6c4d4d-2fe5-4340-a0d0-ed2910460f64" /><UnitTestResult executionId="fcd9f1f9-705d-4023-bd81-f1eb47eedd00" testId="ada59c09-2393-4e1d-bb45-6ac4bc506457" testName="Delete_TargetModelIsDeleted" computerName="VECTOR" duration="00:00:00.1320000" startTime="2018-08-21T11:30:04.7075862-04:00" endTime="2018-08-21T11:30:04.7075922-04:00" testType="13cdc9d9-ddb5-4fa4-a97d-d965ccfc6d4b" outcome="Passed" testListId="8c84fa94-04c1-424b-9868-57a2d4851a1d" relativeResultsDirectory="fcd9f1f9-705d-4023-bd81-f1eb47eedd00" /><UnitTestResult executionId="7a4ed211-7b1f-4373-a9b2-4642b9098a23" testId="ec240e50-ddaa-436b-9497-6b847e8242bd" testName="Post_InvalidReferencePropertyReturnsBadRequest" computerName="VECTOR" duration="00:00:00.0090000" startTime="2018-08-21T11:30:01.9946607-04:00" endTime="2018-08-21T11:30:01.9946633-04:00" testType="13cdc9d9-ddb5-4fa4-a97d-d965ccfc6d4b" outcome="Passed" testListId="8c84fa94-04c1-424b-9868-57a2d4851a1d" relativeResultsDirectory="7a4ed211-7b1f-4373-a9b2-4642b9098a23" /><UnitTestResult executionId="c9c7e154-0cd5-4cee-99f2-a212400f84a5" testId="57a475ec-7744-429c-8f67-ef8b8b166b89" testName="PostFile_NewFileCanBePosted" computerName="VECTOR" duration="00:00:00.0670000" startTime="2018-08-21T11:30:18.6219573-04:00" endTime="2018-08-21T11:30:18.6219608-04:00" testType="13cdc9d9-ddb5-4fa4-a97d-d965ccfc6d4b" outcome="Passed" testListId="8c84fa94-04c1-424b-9868-57a2d4851a1d" relativeResultsDirectory="c9c7e154-0cd5-4cee-99f2-a212400f84a5" /><UnitTestResult executionId="49c61910-456b-4b42-978a-02e63b776255" testId="4d228c4d-801b-4a60-946d-68abcc40def4" testName="Patch_InvalidPropertyNameReturnsBadRequest" computerName="VECTOR" duration="00:00:00.0290000" startTime="2018-08-21T11:30:04.5750123-04:00" endTime="2018-08-21T11:30:04.5750178-04:00" testType="13cdc9d9-ddb5-4fa4-a97d-d965ccfc6d4b" outcome="Passed" testListId="8c84fa94-04c1-424b-9868-57a2d4851a1d" relativeResultsDirectory="49c61910-456b-4b42-978a-02e63b776255" /><UnitTestResult executionId="519449fd-133d-4a1f-b30f-22a746ef116b" testId="60858340-3d4b-4e43-a777-338c5c0d01f7" testName="Delete_TargetModelIsDeleted" computerName="VECTOR" duration="00:00:00.0290000" startTime="2018-08-21T11:30:18.8131615-04:00" endTime="2018-08-21T11:30:18.8131672-04:00" testType="13cdc9d9-ddb5-4fa4-a97d-d965ccfc6d4b" outcome="Passed" testListId="8c84fa94-04c1-424b-9868-57a2d4851a1d" relativeResultsDirectory="519449fd-133d-4a1f-b30f-22a746ef116b" /><UnitTestResult executionId="39108a45-84eb-4910-81a4-a9619ebd6cd9" testId="1f74b737-22c2-4747-9b57-1f45dd3423d8" testName="GetSingle_InvalidIdPropertyValueReturnsNotFound" computerName="VECTOR" duration="00:00:00.0120000" startTime="2018-08-21T11:30:02.4264667-04:00" endTime="2018-08-21T11:30:02.4264708-04:00" testType="13cdc9d9-ddb5-4fa4-a97d-d965ccfc6d4b" outcome="Passed" testListId="8c84fa94-04c1-424b-9868-57a2d4851a1d" relativeResultsDirectory="39108a45-84eb-4910-81a4-a9619ebd6cd9" /><UnitTestResult executionId="e67c469f-ff8c-44ae-9d38-8d6b7e4ed064" testId="8b652ff1-819b-4300-9bcf-2569d431d8bb" testName="Patch_InvalidReferencePropertyReturnsBadRequest" computerName="VECTOR" duration="00:00:00.0210000" startTime="2018-08-21T11:30:19.1185846-04:00" endTime="2018-08-21T11:30:19.1185908-04:00" testType="13cdc9d9-ddb5-4fa4-a97d-d965ccfc6d4b" outcome="Passed" testListId="8c84fa94-04c1-424b-9868-57a2d4851a1d" relativeResultsDirectory="e67c469f-ff8c-44ae-9d38-8d6b7e4ed064" /><UnitTestResult executionId="680d7ca3-8754-4ca3-a229-c9d1c93d4b08" testId="527d07e7-9c9e-4cd0-b8ab-de6906911297" testName="GetList_ListReturnsCorrectCount" computerName="VECTOR" duration="00:00:00.0190000" startTime="2018-08-21T11:30:03.4281167-04:00" endTime="2018-08-21T11:30:03.4281221-04:00" testType="13cdc9d9-ddb5-4fa4-a97d-d965ccfc6d4b" outcome="Passed" testListId="8c84fa94-04c1-424b-9868-57a2d4851a1d" relativeResultsDirectory="680d7ca3-8754-4ca3-a229-c9d1c93d4b08" /><UnitTestResult executionId="5540172d-0e95-4301-a505-4100076b2162" testId="8cb35776-59c7-47f7-922c-c2961aa725dd" testName="Patch_MultipleInvalidReferencePropertiesReturnsMultipleValidationErrorsAndBadRequest" computerName="VECTOR" duration="00:00:00.0240000" startTime="2018-08-21T11:30:16.4282715-04:00" endTime="2018-08-21T11:30:16.4282781-04:00" testType="13cdc9d9-ddb5-4fa4-a97d-d965ccfc6d4b" outcome="Passed" testListId="8c84fa94-04c1-424b-9868-57a2d4851a1d" relativeResultsDirectory="5540172d-0e95-4301-a505-4100076b2162" /><UnitTestResult executionId="1f389c39-b31f-4d16-beda-aa3442ead9fa" testId="ecf76ead-7512-4e2e-9957-37298a60e965" testName="Post_CanCreateNewModel" computerName="VECTOR" duration="00:00:00.0290000" startTime="2018-08-21T11:30:16.1480986-04:00" endTime="2018-08-21T11:30:16.1481065-04:00" testType="13cdc9d9-ddb5-4fa4-a97d-d965ccfc6d4b" outcome="Passed" testListId="8c84fa94-04c1-424b-9868-57a2d4851a1d" relativeResultsDirectory="1f389c39-b31f-4d16-beda-aa3442ead9fa" /><UnitTestResult executionId="1d5a1bb0-ba54-40c3-96f2-e7388922b518" testId="98b9df4b-cd49-4ced-9473-b697fd65a307" testName="Post_CanCreateNewModel" computerName="VECTOR" duration="00:00:00.0200000" startTime="2018-08-21T11:30:03.4641670-04:00" endTime="2018-08-21T11:30:03.4641720-04:00" testType="13cdc9d9-ddb5-4fa4-a97d-d965ccfc6d4b" outcome="Passed" testListId="8c84fa94-04c1-424b-9868-57a2d4851a1d" relativeResultsDirectory="1d5a1bb0-ba54-40c3-96f2-e7388922b518" /><UnitTestResult executionId="b2b6a75f-4872-4ae5-b9ed-506db8c6b01c" testId="a86a0a4e-7218-4103-8ef4-232f80e21e81" testName="Patch_InvalidIdPropertyReturnsNotFound" computerName="VECTOR" duration="00:00:00.0220000" startTime="2018-08-21T11:30:07.7167113-04:00" endTime="2018-08-21T11:30:07.7167171-04:00" testType="13cdc9d9-ddb5-4fa4-a97d-d965ccfc6d4b" outcome="Passed" testListId="8c84fa94-04c1-424b-9868-57a2d4851a1d" relativeResultsDirectory="b2b6a75f-4872-4ae5-b9ed-506db8c6b01c" /><UnitTestResult executionId="f0faf727-f807-4d3a-9064-0189fe81b192" testId="99c227e4-a997-4c37-9c46-eb902e3d17c9" testName="Patch_TargetPropertyIsUpdated" computerName="VECTOR" duration="00:00:00.0570000" startTime="2018-08-21T11:30:16.2060074-04:00" endTime="2018-08-21T11:30:16.2060139-04:00" testType="13cdc9d9-ddb5-4fa4-a97d-d965ccfc6d4b" outcome="Passed" testListId="8c84fa94-04c1-424b-9868-57a2d4851a1d" relativeResultsDirectory="f0faf727-f807-4d3a-9064-0189fe81b192" /><UnitTestResult executionId="53b2e4a1-b4b1-478b-9c95-19cb7eb98adb" testId="dc84a6e4-f95e-4c9c-a5e8-04e1e5a605e8" testName="Patch_InvalidPropertyNameReturnsBadRequest" computerName="VECTOR" duration="00:00:00.0180000" startTime="2018-08-21T11:30:16.0270991-04:00" endTime="2018-08-21T11:30:16.0271061-04:00" testType="13cdc9d9-ddb5-4fa4-a97d-d965ccfc6d4b" outcome="Passed" testListId="8c84fa94-04c1-424b-9868-57a2d4851a1d" relativeResultsDirectory="53b2e4a1-b4b1-478b-9c95-19cb7eb98adb" /><UnitTestResult executionId="d3b2955c-9c8e-44de-88fa-ece1867f6afc" testId="d53df87d-950f-4f37-938c-faf87e4d4e91" testName="Post_InvalidPropertyValueReturnsBadRequest" computerName="VECTOR" duration="00:00:00.0160000" startTime="2018-08-21T11:30:04.9063347-04:00" endTime="2018-08-21T11:30:04.9063409-04:00" testType="13cdc9d9-ddb5-4fa4-a97d-d965ccfc6d4b" outcome="Passed" testListId="8c84fa94-04c1-424b-9868-57a2d4851a1d" relativeResultsDirectory="d3b2955c-9c8e-44de-88fa-ece1867f6afc" /><UnitTestResult executionId="faef06bf-5d2c-47a8-97c9-9037df884b44" testId="cf562931-37d0-4acb-a018-4492c5916729" testName="GetSingle_ValidIdPropertyValueReturnsCorrectModel" computerName="VECTOR" duration="00:00:00.0150000" startTime="2018-08-21T11:30:03.2495886-04:00" endTime="2018-08-21T11:30:03.2495940-04:00" testType="13cdc9d9-ddb5-4fa4-a97d-d965ccfc6d4b" outcome="Passed" testListId="8c84fa94-04c1-424b-9868-57a2d4851a1d" relativeResultsDirectory="faef06bf-5d2c-47a8-97c9-9037df884b44" /><UnitTestResult executionId="ee0027eb-5677-4ffc-be80-b77ceb58a87a" testId="704cfa2d-1319-43bb-bc19-5d5a8c825e0f" testName="Put_ValidReferencePropertyUpdatesModel" computerName="VECTOR" duration="00:00:00.0590000" startTime="2018-08-21T11:30:07.5251519-04:00" endTime="2018-08-21T11:30:07.5251583-04:00" testType="13cdc9d9-ddb5-4fa4-a97d-d965ccfc6d4b" outcome="Passed" testListId="8c84fa94-04c1-424b-9868-57a2d4851a1d" relativeResultsDirectory="ee0027eb-5677-4ffc-be80-b77ceb58a87a" /><UnitTestResult executionId="7640808a-fc43-456e-9f2f-2e81f4250945" testId="ed0db03b-43e3-4e3e-9f58-8eda1ba879c9" testName="GetFile_NonExistentFileReturnsNotFound" computerName="VECTOR" duration="00:00:00.0160000" startTime="2018-08-21T11:30:04.3343659-04:00" endTime="2018-08-21T11:30:04.3343730-04:00" testType="13cdc9d9-ddb5-4fa4-a97d-d965ccfc6d4b" outcome="Passed" testListId="8c84fa94-04c1-424b-9868-57a2d4851a1d" relativeResultsDirectory="7640808a-fc43-456e-9f2f-2e81f4250945" /><UnitTestResult executionId="6e6239be-f333-4397-833e-f4201dd2a1c6" testId="00da029c-4a2a-48e0-aec7-219868aac632" testName="Put_CanUpdateModel" computerName="VECTOR" duration="00:00:00.0580000" startTime="2018-08-21T11:30:18.9264495-04:00" endTime="2018-08-21T11:30:18.9264557-04:00" testType="13cdc9d9-ddb5-4fa4-a97d-d965ccfc6d4b" outcome="Passed" testListId="8c84fa94-04c1-424b-9868-57a2d4851a1d" relativeResultsDirectory="6e6239be-f333-4397-833e-f4201dd2a1c6" /><UnitTestResult executionId="04d42476-2662-43af-bd2f-5ad2409be29b" testId="63416c45-6a0c-41b2-8c97-1c28474d4baa" testName="Delete_TargetModelIsDeleted" computerName="VECTOR" duration="00:00:00.2380000" startTime="2018-08-21T11:30:02.2329642-04:00" endTime="2018-08-21T11:30:02.2329706-04:00" testType="13cdc9d9-ddb5-4fa4-a97d-d965ccfc6d4b" outcome="Passed" testListId="8c84fa94-04c1-424b-9868-57a2d4851a1d" relativeResultsDirectory="04d42476-2662-43af-bd2f-5ad2409be29b" /><UnitTestResult executionId="fd45d896-1992-4f86-872f-ee23b77807a0" testId="b321ef58-d5a0-4705-8ad8-1b47329e2518" testName="Patch_TargetPropertyIsUpdated" computerName="VECTOR" duration="00:00:00.0580000" startTime="2018-08-21T11:30:07.6080154-04:00" endTime="2018-08-21T11:30:07.6080221-04:00" testType="13cdc9d9-ddb5-4fa4-a97d-d965ccfc6d4b" outcome="Passed" testListId="8c84fa94-04c1-424b-9868-57a2d4851a1d" relativeResultsDirectory="fd45d896-1992-4f86-872f-ee23b77807a0" /><UnitTestResult executionId="8ecc9acb-aba7-41a3-9a21-6ac9e9939310" testId="d93f08a2-e64f-4abf-bc85-20d74e327fce" testName="GetSingle_InvalidIdPropertyValueReturnsNotFound" computerName="VECTOR" duration="00:00:00.0220000" startTime="2018-08-21T11:30:07.7388804-04:00" endTime="2018-08-21T11:30:07.7388879-04:00" testType="13cdc9d9-ddb5-4fa4-a97d-d965ccfc6d4b" outcome="Passed" testListId="8c84fa94-04c1-424b-9868-57a2d4851a1d" relativeResultsDirectory="8ecc9acb-aba7-41a3-9a21-6ac9e9939310" /><UnitTestResult executionId="5a4e0dea-6e94-41a7-9264-613ba025ead4" testId="4a2bce85-df25-400b-b12a-7afe6f3c25b8" testName="Put_InvalidIdReturnsNotFound" computerName="VECTOR" duration="00:00:00.0180000" startTime="2018-08-21T11:30:18.7834347-04:00" endTime="2018-08-21T11:30:18.7834415-04:00" testType="13cdc9d9-ddb5-4fa4-a97d-d965ccfc6d4b" outcome="Passed" testListId="8c84fa94-04c1-424b-9868-57a2d4851a1d" relativeResultsDirectory="5a4e0dea-6e94-41a7-9264-613ba025ead4" /><UnitTestResult executionId="0f1039a5-4140-4ba8-8ba7-a53a2436bcba" testId="6213bb47-67df-4ecb-a88e-7df46ff4466c" testName="GetSingle_InvalidIdPropertyValueReturnsNotFound" computerName="VECTOR" duration="00:00:00.0140000" startTime="2018-08-21T11:30:03.1673303-04:00" endTime="2018-08-21T11:30:03.1673358-04:00" testType="13cdc9d9-ddb5-4fa4-a97d-d965ccfc6d4b" outcome="Passed" testListId="8c84fa94-04c1-424b-9868-57a2d4851a1d" relativeResultsDirectory="0f1039a5-4140-4ba8-8ba7-a53a2436bcba" /><UnitTestResult executionId="8b4227ac-1d6b-43af-8775-79de842f591c" testId="ffafc521-eeea-4738-af44-718a29dd4eaf" testName="Post_InvalidReferencePropertyReturnsBadRequest" computerName="VECTOR" duration="00:00:00.0180000" startTime="2018-08-21T11:30:16.4462817-04:00" endTime="2018-08-21T11:30:16.4462884-04:00" testType="13cdc9d9-ddb5-4fa4-a97d-d965ccfc6d4b" outcome="Passed" testListId="8c84fa94-04c1-424b-9868-57a2d4851a1d" relativeResultsDirectory="8b4227ac-1d6b-43af-8775-79de842f591c" /><UnitTestResult executionId="3def2d0b-5bf9-4b5d-860e-59cbc1662fcc" testId="2a5d0b59-b946-4d64-9211-aeb87e89d782" testName="Post_CanCreateNewModel" computerName="VECTOR" duration="00:00:00.0180000" startTime="2018-08-21T11:30:02.3516693-04:00" endTime="2018-08-21T11:30:02.3516751-04:00" testType="13cdc9d9-ddb5-4fa4-a97d-d965ccfc6d4b" outcome="Passed" testListId="8c84fa94-04c1-424b-9868-57a2d4851a1d" relativeResultsDirectory="3def2d0b-5bf9-4b5d-860e-59cbc1662fcc" /><UnitTestResult executionId="c4d1a349-a478-4b12-a8ce-5151fcdec045" testId="4dca30c8-ec31-4b4f-a8ed-d4fd99d31ac2" testName="GetFile_ExistingFileReturnsSuccess" computerName="VECTOR" duration="00:00:00.2400000" startTime="2018-08-21T11:30:04.0353325-04:00" endTime="2018-08-21T11:30:04.0353397-04:00" testType="13cdc9d9-ddb5-4fa4-a97d-d965ccfc6d4b" outcome="Passed" testListId="8c84fa94-04c1-424b-9868-57a2d4851a1d" relativeResultsDirectory="c4d1a349-a478-4b12-a8ce-5151fcdec045" /><UnitTestResult executionId="c45268fd-6a5a-4e57-afea-d6a051d408db" testId="42a3f51c-99dc-4cb2-9bb9-82f7341bd163" testName="GetFile_FileCanBeRoundTripped" computerName="VECTOR" duration="00:00:00.1020000" startTime="2018-08-21T11:30:18.7244955-04:00" endTime="2018-08-21T11:30:18.7245020-04:00" testType="13cdc9d9-ddb5-4fa4-a97d-d965ccfc6d4b" outcome="Passed" testListId="8c84fa94-04c1-424b-9868-57a2d4851a1d" relativeResultsDirectory="c45268fd-6a5a-4e57-afea-d6a051d408db" /><UnitTestResult executionId="efb8705f-6173-45a2-9751-ca538877bac6" testId="f7736770-8743-4194-9163-46d9d07470eb" testName="GetList_ListReturnsCorrectCount" computerName="VECTOR" duration="00:00:00.0150000" startTime="2018-08-21T11:30:02.4793258-04:00" endTime="2018-08-21T11:30:02.4793313-04:00" testType="13cdc9d9-ddb5-4fa4-a97d-d965ccfc6d4b" outcome="Passed" testListId="8c84fa94-04c1-424b-9868-57a2d4851a1d" relativeResultsDirectory="efb8705f-6173-45a2-9751-ca538877bac6" /><UnitTestResult executionId="a5017f1e-199b-4556-969e-4697271b9315" testId="b21f4bc2-52c6-453d-bc72-835d9bb73d07" testName="Patch_InvalidIdPropertyReturnsNotFound" computerName="VECTOR" duration="00:00:00.0150000" startTime="2018-08-21T11:30:04.9623343-04:00" endTime="2018-08-21T11:30:04.9623401-04:00" testType="13cdc9d9-ddb5-4fa4-a97d-d965ccfc6d4b" outcome="Passed" testListId="8c84fa94-04c1-424b-9868-57a2d4851a1d" relativeResultsDirectory="a5017f1e-199b-4556-969e-4697271b9315" /><UnitTestResult executionId="38bead8b-5649-4974-a484-721a29020b10" testId="12d02bf6-bc8d-4b26-b57a-8971a7ec3b83" testName="Post_ValidReferencePropertyCreatesModel" computerName="VECTOR" duration="00:00:00.0220000" startTime="2018-08-21T11:30:18.9687338-04:00" endTime="2018-08-21T11:30:18.9687396-04:00" testType="13cdc9d9-ddb5-4fa4-a97d-d965ccfc6d4b" outcome="Passed" testListId="8c84fa94-04c1-424b-9868-57a2d4851a1d" relativeResultsDirectory="38bead8b-5649-4974-a484-721a29020b10" /><UnitTestResult executionId="4fcdf4cb-0c84-4c12-9b5c-85e4dae979e6" testId="e0d12549-4324-4ea2-aed3-801fbb6a1c1d" testName="Put_CanUpdateModel" computerName="VECTOR" duration="00:00:00.0570000" startTime="2018-08-21T11:30:05.1445937-04:00" endTime="2018-08-21T11:30:05.1446001-04:00" testType="13cdc9d9-ddb5-4fa4-a97d-d965ccfc6d4b" outcome="Passed" testListId="8c84fa94-04c1-424b-9868-57a2d4851a1d" relativeResultsDirectory="4fcdf4cb-0c84-4c12-9b5c-85e4dae979e6" /><UnitTestResult executionId="dcebfdb9-6b5a-4046-8836-2c893d39fa6a" testId="7fb22d9a-ccc2-44c4-b331-a26b2e2dac8b" testName="Patch_InvalidReferencePropertyReturnsBadRequest" computerName="VECTOR" duration="00:00:00.0170000" startTime="2018-08-21T11:30:04.7778277-04:00" endTime="2018-08-21T11:30:04.7778327-04:00" testType="13cdc9d9-ddb5-4fa4-a97d-d965ccfc6d4b" outcome="Passed" testListId="8c84fa94-04c1-424b-9868-57a2d4851a1d" relativeResultsDirectory="dcebfdb9-6b5a-4046-8836-2c893d39fa6a" /><UnitTestResult executionId="b17a1913-5ecd-4a7d-9021-15ebeaf53a96" testId="33125c06-295d-438f-a043-94513112a42a" testName="PostFile_FileIsSynchronizedIsUpdatedAfterFileIsPosted" computerName="VECTOR" duration="00:00:00.0720000" startTime="2018-08-21T11:30:18.5540606-04:00" endTime="2018-08-21T11:30:18.5540655-04:00" testType="13cdc9d9-ddb5-4fa4-a97d-d965ccfc6d4b" outcome="Passed" testListId="8c84fa94-04c1-424b-9868-57a2d4851a1d" relativeResultsDirectory="b17a1913-5ecd-4a7d-9021-15ebeaf53a96" /><UnitTestResult executionId="3a2aa983-5f46-4856-97e8-3592f20f7103" testId="da115ee9-493a-4f57-b897-088e65d81eaa" testName="Put_InvalidIdReturnsNotFound" computerName="VECTOR" duration="00:00:00.0330000" startTime="2018-08-21T11:30:03.2012197-04:00" endTime="2018-08-21T11:30:03.2012252-04:00" testType="13cdc9d9-ddb5-4fa4-a97d-d965ccfc6d4b" outcome="Passed" testListId="8c84fa94-04c1-424b-9868-57a2d4851a1d" relativeResultsDirectory="3a2aa983-5f46-4856-97e8-3592f20f7103" /><UnitTestResult executionId="d1e36df1-cd3e-4c9b-881d-e86de3d5a2d2" testId="4e67142a-4e52-4749-85f6-08eca5b9bb85" testName="GetFile_NonExistentFileReturnsNotFound" computerName="VECTOR" duration="00:00:00.0150000" startTime="2018-08-21T11:30:18.3981340-04:00" endTime="2018-08-21T11:30:18.3981397-04:00" testType="13cdc9d9-ddb5-4fa4-a97d-d965ccfc6d4b" outcome="Passed" testListId="8c84fa94-04c1-424b-9868-57a2d4851a1d" relativeResultsDirectory="d1e36df1-cd3e-4c9b-881d-e86de3d5a2d2" /><UnitTestResult executionId="110273b2-ffc8-4eaa-8431-347212ab0b2d" testId="81947a2f-67c3-426c-8ae1-874d7a80a97c" testName="Patch_InvalidReferencePropertyReturnsBadRequest" computerName="VECTOR" duration="00:00:00.0310000" startTime="2018-08-21T11:30:07.6722093-04:00" endTime="2018-08-21T11:30:07.6722149-04:00" testType="13cdc9d9-ddb5-4fa4-a97d-d965ccfc6d4b" outcome="Passed" testListId="8c84fa94-04c1-424b-9868-57a2d4851a1d" relativeResultsDirectory="110273b2-ffc8-4eaa-8431-347212ab0b2d" /><UnitTestResult executionId="297b1859-7b48-4ff5-9668-23e57ddde62e" testId="6fac2961-b01f-437a-8e7d-eb98679972ea" testName="FileRequest_MeshIsInvalidatedAfterDepthBufferFileBecomesUnsynchronized" computerName="VECTOR" duration="00:00:02.0500000" startTime="2018-08-21T11:30:10.1199589-04:00" endTime="2018-08-21T11:30:10.1199651-04:00" testType="13cdc9d9-ddb5-4fa4-a97d-d965ccfc6d4b" outcome="Passed" testListId="8c84fa94-04c1-424b-9868-57a2d4851a1d" relativeResultsDirectory="297b1859-7b48-4ff5-9668-23e57ddde62e" /><UnitTestResult executionId="af6b1948-df8f-4386-a316-299e9f9e5031" testId="1699e7eb-5b24-4588-8b77-8f1fc9dbe16f" testName="Patch_MultipleInvalidReferencePropertiesReturnsMultipleValidationErrorsAndBadRequest" computerName="VECTOR" duration="00:00:00.0300000" startTime="2018-08-21T11:30:18.9996332-04:00" endTime="2018-08-21T11:30:18.9996391-04:00" testType="13cdc9d9-ddb5-4fa4-a97d-d965ccfc6d4b" outcome="Passed" testListId="8c84fa94-04c1-424b-9868-57a2d4851a1d" relativeResultsDirectory="af6b1948-df8f-4386-a316-299e9f9e5031" /><UnitTestResult executionId="147046c7-5833-41b8-b65b-d4b118844c6c" testId="26222525-2a07-432b-a992-f1483ddaac9d" testName="GetSingle_ValidIdPropertyValueReturnsCorrectModel" computerName="VECTOR" duration="00:00:00.0220000" startTime="2018-08-21T11:30:16.4688318-04:00" endTime="2018-08-21T11:30:16.4688375-04:00" testType="13cdc9d9-ddb5-4fa4-a97d-d965ccfc6d4b" outcome="Passed" testListId="8c84fa94-04c1-424b-9868-57a2d4851a1d" relativeResultsDirectory="147046c7-5833-41b8-b65b-d4b118844c6c" /><UnitTestResult executionId="7f37a874-794a-4c7e-a70a-990ebeef382a" testId="149178b4-2100-4bc4-8039-f8059651c33a" testName="Patch_TargetPropertyIsUpdated" computerName="VECTOR" duration="00:00:00.0540000" startTime="2018-08-21T11:30:05.0869220-04:00" endTime="2018-08-21T11:30:05.0869282-04:00" testType="13cdc9d9-ddb5-4fa4-a97d-d965ccfc6d4b" outcome="Passed" testListId="8c84fa94-04c1-424b-9868-57a2d4851a1d" relativeResultsDirectory="7f37a874-794a-4c7e-a70a-990ebeef382a" /><UnitTestResult executionId="b5bc0c74-bbd6-42f8-8411-79aef3f56f46" testId="a81cd934-0658-41a1-95ef-a9c35c2eebbd" testName="Patch_InvalidEnumPropertyValueReturnsBadRequest" computerName="VECTOR" duration="00:00:00.0080000" startTime="2018-08-21T11:30:18.8365606-04:00" endTime="2018-08-21T11:30:18.8365643-04:00" testType="13cdc9d9-ddb5-4fa4-a97d-d965ccfc6d4b" outcome="Passed" testListId="8c84fa94-04c1-424b-9868-57a2d4851a1d" relativeResultsDirectory="b5bc0c74-bbd6-42f8-8411-79aef3f56f46" /><UnitTestResult executionId="368f9769-e30e-4ccd-a6c5-ad17d9e69491" testId="b98906fb-b57c-4b1b-85a8-7febf4dc8860" testName="FileRequest_FileCanBeReadAfterRename" computerName="VECTOR" duration="00:00:00.1170000" startTime="2018-08-21T11:30:04.1527516-04:00" endTime="2018-08-21T11:30:04.1527579-04:00" testType="13cdc9d9-ddb5-4fa4-a97d-d965ccfc6d4b" outcome="Passed" testListId="8c84fa94-04c1-424b-9868-57a2d4851a1d" relativeResultsDirectory="368f9769-e30e-4ccd-a6c5-ad17d9e69491" /><UnitTestResult executionId="2687237f-91af-49c7-b672-a72158e2e5dd" testId="5dfb8870-db7d-459b-a160-bb67d3d66c4c" testName="Put_InvalidIdReturnsNotFound" computerName="VECTOR" duration="00:00:00.0770000" startTime="2018-08-21T11:30:06.3319031-04:00" endTime="2018-08-21T11:30:06.3319094-04:00" testType="13cdc9d9-ddb5-4fa4-a97d-d965ccfc6d4b" outcome="Passed" testListId="8c84fa94-04c1-424b-9868-57a2d4851a1d" relativeResultsDirectory="2687237f-91af-49c7-b672-a72158e2e5dd" /><UnitTestResult executionId="a28d7bab-6291-4848-a8d2-7889de56dcc9" testId="21a89152-f991-494b-b776-ffd0a209652d" testName="Post_ValidReferencePropertyCreatesModel" computerName="VECTOR" duration="00:00:00.0280000" startTime="2018-08-21T11:30:16.6086649-04:00" endTime="2018-08-21T11:30:16.6086712-04:00" testType="13cdc9d9-ddb5-4fa4-a97d-d965ccfc6d4b" outcome="Passed" testListId="8c84fa94-04c1-424b-9868-57a2d4851a1d" relativeResultsDirectory="a28d7bab-6291-4848-a8d2-7889de56dcc9" /><UnitTestResult executionId="3ce6df5b-c3f5-4eb7-8e16-6a03611a293b" testId="ff8e7031-1118-46bc-979d-7baea55a27c1" testName="Patch_InvalidPropertyNameReturnsBadRequest" computerName="VECTOR" duration="00:00:00.0130000" startTime="2018-08-21T11:30:19.0265124-04:00" endTime="2018-08-21T11:30:19.0265161-04:00" testType="13cdc9d9-ddb5-4fa4-a97d-d965ccfc6d4b" outcome="Passed" testListId="8c84fa94-04c1-424b-9868-57a2d4851a1d" relativeResultsDirectory="3ce6df5b-c3f5-4eb7-8e16-6a03611a293b" /><UnitTestResult executionId="c6329055-f008-470b-8bad-505239997e18" testId="1332fc1c-136b-4edd-af37-6eff77710bcf" testName="Put_ValidReferencePropertyUpdatesModel" computerName="VECTOR" duration="00:00:00.1690000" startTime="2018-08-21T11:30:16.3759576-04:00" endTime="2018-08-21T11:30:16.3759639-04:00" testType="13cdc9d9-ddb5-4fa4-a97d-d965ccfc6d4b" outcome="Passed" testListId="8c84fa94-04c1-424b-9868-57a2d4851a1d" relativeResultsDirectory="c6329055-f008-470b-8bad-505239997e18" /><UnitTestResult executionId="63699caa-f8cf-488d-af5f-738565e532f2" testId="bd55b2de-a2ef-4529-b404-b4fb82e841b4" testName="PutFile_NewFileCanBePut" computerName="VECTOR" duration="00:00:00.0870000" startTime="2018-08-21T11:30:08.0696201-04:00" endTime="2018-08-21T11:30:08.0696235-04:00" testType="13cdc9d9-ddb5-4fa4-a97d-d965ccfc6d4b" outcome="Passed" testListId="8c84fa94-04c1-424b-9868-57a2d4851a1d" relativeResultsDirectory="63699caa-f8cf-488d-af5f-738565e532f2" /><UnitTestResult executionId="9c6192a2-b8d1-480c-b162-d95d0fd27ef6" testId="6dbc223a-ce92-4fd6-bed8-13c231468619" testName="GetFile_NonExistentFileReturnsNotFound" computerName="VECTOR" duration="00:00:00.0270000" startTime="2018-08-21T11:30:07.9816179-04:00" endTime="2018-08-21T11:30:07.9816233-04:00" testType="13cdc9d9-ddb5-4fa4-a97d-d965ccfc6d4b" outcome="Passed" testListId="8c84fa94-04c1-424b-9868-57a2d4851a1d" relativeResultsDirectory="9c6192a2-b8d1-480c-b162-d95d0fd27ef6" /><UnitTestResult executionId="88ee9246-b540-4dba-8b42-598b60187fff" testId="3114b1eb-15a2-4f2d-8b42-27a2bc0a1f3f" testName="PostFile_NewFileCanBePosted" computerName="VECTOR" duration="00:00:00.0880000" startTime="2018-08-21T11:30:11.8941343-04:00" endTime="2018-08-21T11:30:11.8941395-04:00" testType="13cdc9d9-ddb5-4fa4-a97d-d965ccfc6d4b" outcome="Passed" testListId="8c84fa94-04c1-424b-9868-57a2d4851a1d" relativeResultsDirectory="88ee9246-b540-4dba-8b42-598b60187fff" /><UnitTestResult executionId="9a82f64c-0421-45c7-8168-c412eeebd25d" testId="274a4f04-9df5-4ff1-8d32-00733de37881" testName="Patch_ValidReferencePropertyUpdatesModel" computerName="VECTOR" duration="00:00:00.5670000" startTime="2018-08-21T11:30:01.8677618-04:00" endTime="2018-08-21T11:30:01.8677683-04:00" testType="13cdc9d9-ddb5-4fa4-a97d-d965ccfc6d4b" outcome="Passed" testListId="8c84fa94-04c1-424b-9868-57a2d4851a1d" relativeResultsDirectory="9a82f64c-0421-45c7-8168-c412eeebd25d" /><UnitTestResult executionId="885007b1-21e1-43a1-82f6-adc401854a58" testId="5d642573-1de2-450a-8204-e33381f2e09c" testName="Post_ValidReferencePropertyCreatesModel" computerName="VECTOR" duration="00:00:00.0240000" startTime="2018-08-21T11:30:03.3816173-04:00" endTime="2018-08-21T11:30:03.3816229-04:00" testType="13cdc9d9-ddb5-4fa4-a97d-d965ccfc6d4b" outcome="Passed" testListId="8c84fa94-04c1-424b-9868-57a2d4851a1d" relativeResultsDirectory="885007b1-21e1-43a1-82f6-adc401854a58" /><UnitTestResult executionId="5157ebf9-5c99-4108-9243-d4fb2f0612fa" testId="3241134c-f0ac-4d82-9614-04b65cc1b750" testName="Patch_TargetPropertyIsUpdated" computerName="VECTOR" duration="00:00:00.0580000" startTime="2018-08-21T11:30:19.2312983-04:00" endTime="2018-08-21T11:30:19.2313045-04:00" testType="13cdc9d9-ddb5-4fa4-a97d-d965ccfc6d4b" outcome="Passed" testListId="8c84fa94-04c1-424b-9868-57a2d4851a1d" relativeResultsDirectory="5157ebf9-5c99-4108-9243-d4fb2f0612fa" /><UnitTestResult executionId="8de84e16-ad9a-4957-9349-1bd2243a1806" testId="11ab0cd7-dac6-4b3e-a464-d8c11319c1b6" testName="GetFile_ExistingFileReturnsSuccess" computerName="VECTOR" duration="00:00:00.0670000" startTime="2018-08-21T11:30:10.4855503-04:00" endTime="2018-08-21T11:30:10.4855578-04:00" testType="13cdc9d9-ddb5-4fa4-a97d-d965ccfc6d4b" outcome="Passed" testListId="8c84fa94-04c1-424b-9868-57a2d4851a1d" relativeResultsDirectory="8de84e16-ad9a-4957-9349-1bd2243a1806" /><UnitTestResult executionId="73ae16d3-de16-47ed-8b60-f22684685ab9" testId="7b3078f9-2370-4359-825b-c0450b315a77" testName="Put_InvalidIdReturnsNotFound" computerName="VECTOR" duration="00:00:00.0400000" startTime="2018-08-21T11:30:02.3919869-04:00" endTime="2018-08-21T11:30:02.3919931-04:00" testType="13cdc9d9-ddb5-4fa4-a97d-d965ccfc6d4b" outcome="Passed" testListId="8c84fa94-04c1-424b-9868-57a2d4851a1d" relativeResultsDirectory="73ae16d3-de16-47ed-8b60-f22684685ab9" /><UnitTestResult executionId="7beb08a2-0893-43aa-980b-6bcafba731ab" testId="ebea06cb-49c4-4a0f-a6ae-48841b69f70f" testName="GetFile_ExistingFileReturnsSuccess" computerName="VECTOR" duration="00:00:00.0340000" startTime="2018-08-21T11:30:16.6936270-04:00" endTime="2018-08-21T11:30:16.6936345-04:00" testType="13cdc9d9-ddb5-4fa4-a97d-d965ccfc6d4b" outcome="Passed" testListId="8c84fa94-04c1-424b-9868-57a2d4851a1d" relativeResultsDirectory="7beb08a2-0893-43aa-980b-6bcafba731ab" /><UnitTestResult executionId="ec33686e-ccc3-4321-95fd-c96ca3577fe4" testId="029d361e-4293-431e-9084-1940525ab2db" testName="Patch_InvalidEnumPropertyValueReturnsBadRequest" computerName="VECTOR" duration="00:00:00.0150000" startTime="2018-08-21T11:30:03.4434240-04:00" endTime="2018-08-21T11:30:03.4434284-04:00" testType="13cdc9d9-ddb5-4fa4-a97d-d965ccfc6d4b" outcome="Passed" testListId="8c84fa94-04c1-424b-9868-57a2d4851a1d" relativeResultsDirectory="ec33686e-ccc3-4321-95fd-c96ca3577fe4" /><UnitTestResult executionId="030852fb-a319-4cd2-82bb-37c13f19f684" testId="063fb5a7-4b0e-4ac4-b9b1-1433e594e45e" testName="Put_CanUpdateModel" computerName="VECTOR" duration="00:00:00.1060000" startTime="2018-08-21T11:30:03.1529451-04:00" endTime="2018-08-21T11:30:03.1529517-04:00" testType="13cdc9d9-ddb5-4fa4-a97d-d965ccfc6d4b" outcome="Passed" testListId="8c84fa94-04c1-424b-9868-57a2d4851a1d" relativeResultsDirectory="030852fb-a319-4cd2-82bb-37c13f19f684" /><UnitTestResult executionId="465100b2-3d8c-43f7-a3e5-347a0d57b41d" testId="b5cf9e69-08f1-4494-b385-7c91e8e9c24c" testName="Patch_MultipleInvalidReferencePropertiesReturnsMultipleValidationErrorsAndBadRequest" computerName="VECTOR" duration="00:00:00.0270000" startTime="2018-08-21T11:30:04.7352914-04:00" endTime="2018-08-21T11:30:04.7352977-04:00" testType="13cdc9d9-ddb5-4fa4-a97d-d965ccfc6d4b" outcome="Passed" testListId="8c84fa94-04c1-424b-9868-57a2d4851a1d" relativeResultsDirectory="465100b2-3d8c-43f7-a3e5-347a0d57b41d" /><UnitTestResult executionId="7cc2954d-70e5-4393-8bce-6d201df04b74" testId="4c6fab30-dd30-4432-8b91-15be5ab560b7" testName="PutFile_FileCanBeUpdated" computerName="VECTOR" duration="00:00:00.1460000" startTime="2018-08-21T11:30:03.7945014-04:00" endTime="2018-08-21T11:30:03.7945085-04:00" testType="13cdc9d9-ddb5-4fa4-a97d-d965ccfc6d4b" outcome="Passed" testListId="8c84fa94-04c1-424b-9868-57a2d4851a1d" relativeResultsDirectory="7cc2954d-70e5-4393-8bce-6d201df04b74" /><UnitTestResult executionId="40691e78-e9b5-4a01-b23b-ee6ee4197c7f" testId="142d3f26-4d37-4d44-aa61-0802e0f4ae58" testName="Post_InvalidPropertyValueReturnsBadRequest" computerName="VECTOR" duration="00:00:00.0140000" startTime="2018-08-21T11:30:16.5077519-04:00" endTime="2018-08-21T11:30:16.5077581-04:00" testType="13cdc9d9-ddb5-4fa4-a97d-d965ccfc6d4b" outcome="Passed" testListId="8c84fa94-04c1-424b-9868-57a2d4851a1d" relativeResultsDirectory="40691e78-e9b5-4a01-b23b-ee6ee4197c7f" /><UnitTestResult executionId="828e9fd5-71ea-493f-ae9c-6e67f53132ae" testId="ca4f32e1-843a-428b-a9ca-802e51a96760" testName="Post_InvalidReferencePropertyReturnsBadRequest" computerName="VECTOR" duration="00:00:00.0130000" startTime="2018-08-21T11:30:05.1858623-04:00" endTime="2018-08-21T11:30:05.1858668-04:00" testType="13cdc9d9-ddb5-4fa4-a97d-d965ccfc6d4b" outcome="Passed" testListId="8c84fa94-04c1-424b-9868-57a2d4851a1d" relativeResultsDirectory="828e9fd5-71ea-493f-ae9c-6e67f53132ae" /><UnitTestResult executionId="6713706a-58d7-4eb2-b6d9-0b41c4b955fe" testId="a38221b2-b973-47c3-aafb-6110fa4046b7" testName="Patch_InvalidEnumPropertyValueReturnsBadRequest" computerName="VECTOR" duration="00:00:00.0080000" startTime="2018-08-21T11:30:02.4137363-04:00" endTime="2018-08-21T11:30:02.4137394-04:00" testType="13cdc9d9-ddb5-4fa4-a97d-d965ccfc6d4b" outcome="Passed" testListId="8c84fa94-04c1-424b-9868-57a2d4851a1d" relativeResultsDirectory="6713706a-58d7-4eb2-b6d9-0b41c4b955fe" /><UnitTestResult executionId="b78bbd29-927a-405b-b2d5-0baaa1517f76" testId="5fb12c2e-3994-46a6-9d24-2ea3065af606" testName="Put_InvalidReferencePropertyReturndBadRequest" computerName="VECTOR" duration="00:00:00.0380000" startTime="2018-08-21T11:30:07.9335810-04:00" endTime="2018-08-21T11:30:07.9335866-04:00" testType="13cdc9d9-ddb5-4fa4-a97d-d965ccfc6d4b" outcome="Passed" testListId="8c84fa94-04c1-424b-9868-57a2d4851a1d" relativeResultsDirectory="b78bbd29-927a-405b-b2d5-0baaa1517f76" /><UnitTestResult executionId="130f3c62-8db8-4ace-852e-c7744cc92785" testId="6b43e576-dd2c-45a3-8a82-94ef452af7f5" testName="Patch_InvalidIdPropertyReturnsNotFound" computerName="VECTOR" duration="00:00:00.0160000" startTime="2018-08-21T11:30:16.1186669-04:00" endTime="2018-08-21T11:30:16.1186727-04:00" testType="13cdc9d9-ddb5-4fa4-a97d-d965ccfc6d4b" outcome="Passed" testListId="8c84fa94-04c1-424b-9868-57a2d4851a1d" relativeResultsDirectory="130f3c62-8db8-4ace-852e-c7744cc92785" /><UnitTestResult executionId="f875e5fd-e06c-4796-8f36-76efc981e692" testId="5d7000ec-4fb3-475f-994d-0dbddb799424" testName="Patch_ValidReferencePropertyUpdatesModel" computerName="VECTOR" duration="00:00:00.0570000" startTime="2018-08-21T11:30:19.0974774-04:00" endTime="2018-08-21T11:30:19.0974842-04:00" testType="13cdc9d9-ddb5-4fa4-a97d-d965ccfc6d4b" outcome="Passed" testListId="8c84fa94-04c1-424b-9868-57a2d4851a1d" relativeResultsDirectory="f875e5fd-e06c-4796-8f36-76efc981e692" /><UnitTestResult executionId="d875a449-56cd-4422-b6b0-ffd12c038c1a" testId="a727a177-1d0e-4e70-8f8f-04aa759d2de3" testName="Put_InvalidReferencePropertyReturndBadRequest" computerName="VECTOR" duration="00:00:00.0090000" startTime="2018-08-21T11:30:02.5011599-04:00" endTime="2018-08-21T11:30:02.5011634-04:00" testType="13cdc9d9-ddb5-4fa4-a97d-d965ccfc6d4b" outcome="Passed" testListId="8c84fa94-04c1-424b-9868-57a2d4851a1d" relativeResultsDirectory="d875a449-56cd-4422-b6b0-ffd12c038c1a" /><UnitTestResult executionId="dfc93370-ff15-455c-9ca4-e12a996cd0d4" testId="526120b3-7dfe-48c2-83d0-78bb295b06ba" testName="Patch_ValidReferencePropertyUpdatesModel" computerName="VECTOR" duration="00:00:00.0550000" startTime="2018-08-21T11:30:16.5629742-04:00" endTime="2018-08-21T11:30:16.5629806-04:00" testType="13cdc9d9-ddb5-4fa4-a97d-d965ccfc6d4b" outcome="Passed" testListId="8c84fa94-04c1-424b-9868-57a2d4851a1d" relativeResultsDirectory="dfc93370-ff15-455c-9ca4-e12a996cd0d4" /><UnitTestResult executionId="f5bb95a2-b0d4-4497-a14f-3851b3d08ad5" testId="86d5833c-315b-41fa-b478-9a4afcbad7f4" testName="Patch_InvalidPropertyNameReturnsBadRequest" computerName="VECTOR" duration="00:00:00.1070000" startTime="2018-08-21T11:30:01.9753095-04:00" endTime="2018-08-21T11:30:01.9753160-04:00" testType="13cdc9d9-ddb5-4fa4-a97d-d965ccfc6d4b" outcome="Passed" testListId="8c84fa94-04c1-424b-9868-57a2d4851a1d" relativeResultsDirectory="f5bb95a2-b0d4-4497-a14f-3851b3d08ad5" /><UnitTestResult executionId="7abf8e30-9bdd-4661-a853-46c4b613e115" testId="5970c668-5cd5-4ea4-b936-397b9f665d1b" testName="GetList_ListReturnsCorrectCount" computerName="VECTOR" duration="00:00:01.0680000" startTime="2018-08-21T11:30:06.2544866-04:00" endTime="2018-08-21T11:30:06.2544927-04:00" testType="13cdc9d9-ddb5-4fa4-a97d-d965ccfc6d4b" outcome="Passed" testListId="8c84fa94-04c1-424b-9868-57a2d4851a1d" relativeResultsDirectory="7abf8e30-9bdd-4661-a853-46c4b613e115" /><UnitTestResult executionId="f6e66fa5-9379-4160-aba8-41a768e022f6" testId="49dd4e95-c210-46ad-acd6-7c2b0a6ed581" testName="Post_InvalidPropertyValueReturnsBadRequest" computerName="VECTOR" duration="00:00:00.0200000" startTime="2018-08-21T11:30:07.9536728-04:00" endTime="2018-08-21T11:30:07.9536786-04:00" testType="13cdc9d9-ddb5-4fa4-a97d-d965ccfc6d4b" outcome="Passed" testListId="8c84fa94-04c1-424b-9868-57a2d4851a1d" relativeResultsDirectory="f6e66fa5-9379-4160-aba8-41a768e022f6" /><UnitTestResult executionId="69de8881-f762-4266-b528-dad9197d6758" testId="f44943d2-3134-45b1-81fd-8067b7837fe5" testName="Put_InvalidIdReturnsNotFound" computerName="VECTOR" duration="00:00:00.1990000" startTime="2018-08-21T11:30:04.5453796-04:00" endTime="2018-08-21T11:30:04.5453859-04:00" testType="13cdc9d9-ddb5-4fa4-a97d-d965ccfc6d4b" outcome="Passed" testListId="8c84fa94-04c1-424b-9868-57a2d4851a1d" relativeResultsDirectory="69de8881-f762-4266-b528-dad9197d6758" /><UnitTestResult executionId="f2e9a11d-08f1-4c58-9211-5a3e849b01ea" testId="393940b4-f173-4832-98dd-086068701b04" testName="PutFile_NewFileCanBePut" computerName="VECTOR" duration="00:00:00.0950000" startTime="2018-08-21T11:30:03.6483650-04:00" endTime="2018-08-21T11:30:03.6483696-04:00" testType="13cdc9d9-ddb5-4fa4-a97d-d965ccfc6d4b" outcome="Passed" testListId="8c84fa94-04c1-424b-9868-57a2d4851a1d" relativeResultsDirectory="f2e9a11d-08f1-4c58-9211-5a3e849b01ea" /><UnitTestResult executionId="cfa863df-e7e8-44f6-99d3-b6f8c7ec373e" testId="7a38879c-8465-45ac-b2a2-8788d6146bcf" testName="Patch_InvalidReferencePropertyReturnsBadRequest" computerName="VECTOR" duration="00:00:00.0240000" startTime="2018-08-21T11:30:03.4881902-04:00" endTime="2018-08-21T11:30:03.4881964-04:00" testType="13cdc9d9-ddb5-4fa4-a97d-d965ccfc6d4b" outcome="Passed" testListId="8c84fa94-04c1-424b-9868-57a2d4851a1d" relativeResultsDirectory="cfa863df-e7e8-44f6-99d3-b6f8c7ec373e" /><UnitTestResult executionId="65b061f1-6970-406a-ae7e-d287f05ca214" testId="41dfd785-9969-47fe-a8e4-0a1f0f8408cd" testName="PostFile_FileIsSynchronizedIsUpdatedAfterFileIsPosted" computerName="VECTOR" duration="00:00:00.0110000" startTime="2018-08-21T11:30:04.3450204-04:00" endTime="2018-08-21T11:30:04.3450255-04:00" testType="13cdc9d9-ddb5-4fa4-a97d-d965ccfc6d4b" outcome="Passed" testListId="8c84fa94-04c1-424b-9868-57a2d4851a1d" relativeResultsDirectory="65b061f1-6970-406a-ae7e-d287f05ca214" /><UnitTestResult executionId="6674a7d4-ff80-4e4a-8802-ee55bca77391" testId="dd111630-5dd9-44db-9b3d-73b4572dc382" testName="Post_InvalidReferencePropertyReturnsBadRequest" computerName="VECTOR" duration="00:00:00.0140000" startTime="2018-08-21T11:30:18.8679961-04:00" endTime="2018-08-21T11:30:18.8680008-04:00" testType="13cdc9d9-ddb5-4fa4-a97d-d965ccfc6d4b" outcome="Passed" testListId="8c84fa94-04c1-424b-9868-57a2d4851a1d" relativeResultsDirectory="6674a7d4-ff80-4e4a-8802-ee55bca77391" /><UnitTestResult executionId="de5b8665-3d3e-464c-9526-18c75a1e419a" testId="46c4d63a-96d3-4939-aa50-5937c200ac23" testName="Post_InvalidReferencePropertyReturnsBadRequest" computerName="VECTOR" duration="00:00:00.3230000" startTime="2018-08-21T11:30:02.8539883-04:00" endTime="2018-08-21T11:30:02.8539947-04:00" testType="13cdc9d9-ddb5-4fa4-a97d-d965ccfc6d4b" outcome="Passed" testListId="8c84fa94-04c1-424b-9868-57a2d4851a1d" relativeResultsDirectory="de5b8665-3d3e-464c-9526-18c75a1e419a" /><UnitTestResult executionId="a7012bd7-9353-4300-a8d2-de581deb2b2b" testId="f9b7bc1f-a297-4451-9375-8597bba198dc" testName="Post_CanCreateNewModel" computerName="VECTOR" duration="00:00:00.0320000" startTime="2018-08-21T11:30:07.6407044-04:00" endTime="2018-08-21T11:30:07.6407104-04:00" testType="13cdc9d9-ddb5-4fa4-a97d-d965ccfc6d4b" outcome="Passed" testListId="8c84fa94-04c1-424b-9868-57a2d4851a1d" relativeResultsDirectory="a7012bd7-9353-4300-a8d2-de581deb2b2b" /><UnitTestResult executionId="d9b39fe5-c66c-43ee-8f60-9832ce36e06a" testId="11f6c96f-a0b7-4fde-8e8a-39b6f6b6e262" testName="Patch_MultipleInvalidReferencePropertiesReturnsMultipleValidationErrorsAndBadRequest" computerName="VECTOR" duration="00:00:00.0360000" startTime="2018-08-21T11:30:07.7979558-04:00" endTime="2018-08-21T11:30:07.7979617-04:00" testType="13cdc9d9-ddb5-4fa4-a97d-d965ccfc6d4b" outcome="Passed" testListId="8c84fa94-04c1-424b-9868-57a2d4851a1d" relativeResultsDirectory="d9b39fe5-c66c-43ee-8f60-9832ce36e06a" /><UnitTestResult executionId="7758aa42-5b43-4809-b7cf-072d6ec6c8db" testId="5caa7de5-5578-45bf-bb87-1c2656bf99bd" testName="Patch_TargetPropertyIsUpdated" computerName="VECTOR" duration="00:00:00.0780000" startTime="2018-08-21T11:30:02.3117856-04:00" endTime="2018-08-21T11:30:02.3117943-04:00" testType="13cdc9d9-ddb5-4fa4-a97d-d965ccfc6d4b" outcome="Passed" testListId="8c84fa94-04c1-424b-9868-57a2d4851a1d" relativeResultsDirectory="7758aa42-5b43-4809-b7cf-072d6ec6c8db" /><UnitTestResult executionId="12c48817-5d5b-48e2-8ac0-9422f3a45575" testId="e8ac9ef0-0ace-44be-a5c5-145748d0b3c0" testName="PostFile_FileTimeStampIsUpdatedAfterFileIsPosted" computerName="VECTOR" duration="00:00:00.0100000" startTime="2018-08-21T11:30:03.5525624-04:00" endTime="2018-08-21T11:30:03.5525656-04:00" testType="13cdc9d9-ddb5-4fa4-a97d-d965ccfc6d4b" outcome="Passed" testListId="8c84fa94-04c1-424b-9868-57a2d4851a1d" relativeResultsDirectory="12c48817-5d5b-48e2-8ac0-9422f3a45575" /><UnitTestResult executionId="b624d32a-01e6-4b19-9ef7-4471d32a93fd" testId="881ed047-70dd-460b-85c0-4b083c648502" testName="Put_ValidReferencePropertyUpdatesModel" computerName="VECTOR" duration="00:00:00.0950000" startTime="2018-08-21T11:30:04.8893585-04:00" endTime="2018-08-21T11:30:04.8893645-04:00" testType="13cdc9d9-ddb5-4fa4-a97d-d965ccfc6d4b" outcome="Passed" testListId="8c84fa94-04c1-424b-9868-57a2d4851a1d" relativeResultsDirectory="b624d32a-01e6-4b19-9ef7-4471d32a93fd" /><UnitTestResult executionId="0a9199b4-b67e-41ef-990b-1bc7d7ac5434" testId="07a1db2f-64b1-42fc-a8d5-65bf1a74ed0c" testName="Patch_ValidReferencePropertyUpdatesModel" computerName="VECTOR" duration="00:00:00.0530000" startTime="2018-08-21T11:30:03.3033735-04:00" endTime="2018-08-21T11:30:03.3033801-04:00" testType="13cdc9d9-ddb5-4fa4-a97d-d965ccfc6d4b" outcome="Passed" testListId="8c84fa94-04c1-424b-9868-57a2d4851a1d" relativeResultsDirectory="0a9199b4-b67e-41ef-990b-1bc7d7ac5434" /><UnitTestResult executionId="7689f412-6a03-47fc-ad5b-35f5a5e5dddf" testId="3cf22076-e248-4407-8409-b965dedabf19" testName="Patch_InvalidReferencePropertyReturnsBadRequest" computerName="VECTOR" duration="00:00:00.0090000" startTime="2018-08-21T11:30:02.3331502-04:00" endTime="2018-08-21T11:30:02.3331546-04:00" testType="13cdc9d9-ddb5-4fa4-a97d-d965ccfc6d4b" outcome="Passed" testListId="8c84fa94-04c1-424b-9868-57a2d4851a1d" relativeResultsDirectory="7689f412-6a03-47fc-ad5b-35f5a5e5dddf" /><UnitTestResult executionId="4d78f520-cf6f-4839-86ba-c5948124da48" testId="119d5e57-ffe3-46ce-afa0-123edfe6f9a8" testName="Patch_InvalidPropertyNameReturnsBadRequest" computerName="VECTOR" duration="00:00:00.0210000" startTime="2018-08-21T11:30:03.2223249-04:00" endTime="2018-08-21T11:30:03.2223323-04:00" testType="13cdc9d9-ddb5-4fa4-a97d-d965ccfc6d4b" outcome="Passed" testListId="8c84fa94-04c1-424b-9868-57a2d4851a1d" relativeResultsDirectory="4d78f520-cf6f-4839-86ba-c5948124da48" /><UnitTestResult executionId="64523849-3eb8-4639-93d3-2871acf9b681" testId="a9647f6f-cff3-4ead-ad55-2894af7f8b5c" testName="PutFile_NewFileCanBePut" computerName="VECTOR" duration="00:00:00.0830000" startTime="2018-08-21T11:30:18.4812488-04:00" endTime="2018-08-21T11:30:18.4812528-04:00" testType="13cdc9d9-ddb5-4fa4-a97d-d965ccfc6d4b" outcome="Passed" testListId="8c84fa94-04c1-424b-9868-57a2d4851a1d" relativeResultsDirectory="64523849-3eb8-4639-93d3-2871acf9b681" /><UnitTestResult executionId="12ddb5c6-bad1-4fb5-86d8-6ecce33dbf0b" testId="964b79b3-d40b-4ad0-9a77-b46ef175d0c8" testName="Put_InvalidIdReturnsNotFound" computerName="VECTOR" duration="00:00:00.0240000" startTime="2018-08-21T11:30:16.4930452-04:00" endTime="2018-08-21T11:30:16.4930507-04:00" testType="13cdc9d9-ddb5-4fa4-a97d-d965ccfc6d4b" outcome="Passed" testListId="8c84fa94-04c1-424b-9868-57a2d4851a1d" relativeResultsDirectory="12ddb5c6-bad1-4fb5-86d8-6ecce33dbf0b" /><UnitTestResult executionId="b667d479-ade6-4dc0-9d7f-ce87cfaab227" testId="7362af09-aa27-4e3e-8d68-67056c1cbc91" testName="Post_CanCreateNewModel" computerName="VECTOR" duration="00:00:00.0250000" startTime="2018-08-21T11:30:04.7602477-04:00" endTime="2018-08-21T11:30:04.7602541-04:00" testType="13cdc9d9-ddb5-4fa4-a97d-d965ccfc6d4b" outcome="Passed" testListId="8c84fa94-04c1-424b-9868-57a2d4851a1d" relativeResultsDirectory="b667d479-ade6-4dc0-9d7f-ce87cfaab227" /><UnitTestResult executionId="c480a1f3-c936-4a89-adb8-63a26610e0fa" testId="26407b02-f793-414b-b8f6-5c46bf830c26" testName="Put_InvalidReferencePropertyReturndBadRequest" computerName="VECTOR" duration="00:00:00.0420000" startTime="2018-08-21T11:30:16.0698676-04:00" endTime="2018-08-21T11:30:16.0698735-04:00" testType="13cdc9d9-ddb5-4fa4-a97d-d965ccfc6d4b" outcome="Passed" testListId="8c84fa94-04c1-424b-9868-57a2d4851a1d" relativeResultsDirectory="c480a1f3-c936-4a89-adb8-63a26610e0fa" /><UnitTestResult executionId="95d82009-6a20-4f03-afc0-494b7585781b" testId="f6a749f6-ed48-467c-8c7a-3242198eb27d" testName="Post_ValidReferencePropertyCreatesModel" computerName="VECTOR" duration="00:00:00.0220000" startTime="2018-08-21T11:30:04.9287101-04:00" endTime="2018-08-21T11:30:04.9287155-04:00" testType="13cdc9d9-ddb5-4fa4-a97d-d965ccfc6d4b" outcome="Passed" testListId="8c84fa94-04c1-424b-9868-57a2d4851a1d" relativeResultsDirectory="95d82009-6a20-4f03-afc0-494b7585781b" /><UnitTestResult executionId="e5fb11bc-f1e8-4425-9c63-962bb955fd3c" testId="099215db-0848-45a4-bcc4-cbd58f62dd4d" testName="PutFile_FileCanBeUpdated" computerName="VECTOR" duration="00:00:00.1390000" startTime="2018-08-21T11:30:17.9857796-04:00" endTime="2018-08-21T11:30:17.9857847-04:00" testType="13cdc9d9-ddb5-4fa4-a97d-d965ccfc6d4b" outcome="Passed" testListId="8c84fa94-04c1-424b-9868-57a2d4851a1d" relativeResultsDirectory="e5fb11bc-f1e8-4425-9c63-962bb955fd3c" /><UnitTestResult executionId="cadacfde-07f2-427c-a9ac-86f0784669fe" testId="af34d7a8-5dc6-4a4f-978c-384e540fc3a4" testName="CameraHasExpectedDependentFiles" computerName="VECTOR" duration="00:00:00.0010000" startTime="2018-08-21T11:30:01.2885453-04:00" endTime="2018-08-21T11:30:01.2885471-04:00" testType="13cdc9d9-ddb5-4fa4-a97d-d965ccfc6d4b" outcome="Passed" testListId="8c84fa94-04c1-424b-9868-57a2d4851a1d" relativeResultsDirectory="cadacfde-07f2-427c-a9ac-86f0784669fe" /><UnitTestResult executionId="2e1825d1-4732-43fb-9cfb-0488d2456949" testId="07d707e7-e3cb-4c95-9847-3ed839342c3f" testName="LucyDepthBufferFindsOneDependent" computerName="VECTOR" duration="00:00:00.0050000" startTime="2018-08-21T11:30:01.2946503-04:00" endTime="2018-08-21T11:30:01.2946565-04:00" testType="13cdc9d9-ddb5-4fa4-a97d-d965ccfc6d4b" outcome="Passed" testListId="8c84fa94-04c1-424b-9868-57a2d4851a1d" relativeResultsDirectory="2e1825d1-4732-43fb-9cfb-0488d2456949" /><UnitTestResult executionId="2fcc8e2c-6e41-4fd1-8c1a-d3c72aee2160" testId="32bbe3f6-2dc7-4e1a-85a4-ed2baeafd307" testName="Patch_TargetPropertyIsUpdated" computerName="VECTOR" duration="00:00:00.1900000" startTime="2018-08-21T11:30:03.0443967-04:00" endTime="2018-08-21T11:30:03.0444030-04:00" testType="13cdc9d9-ddb5-4fa4-a97d-d965ccfc6d4b" outcome="Passed" testListId="8c84fa94-04c1-424b-9868-57a2d4851a1d" relativeResultsDirectory="2fcc8e2c-6e41-4fd1-8c1a-d3c72aee2160" /><UnitTestResult executionId="a2147b09-9ba0-426e-a398-ab48779d17c3" testId="b10249ff-477b-4dba-8684-10658b940aff" testName="Post_InvalidReferencePropertyReturnsBadRequest" computerName="VECTOR" duration="00:00:00.0220000" startTime="2018-08-21T11:30:07.7618035-04:00" endTime="2018-08-21T11:30:07.7618110-04:00" testType="13cdc9d9-ddb5-4fa4-a97d-d965ccfc6d4b" outcome="Passed" testListId="8c84fa94-04c1-424b-9868-57a2d4851a1d" relativeResultsDirectory="a2147b09-9ba0-426e-a398-ab48779d17c3" /><UnitTestResult executionId="7893bf1c-c258-44f4-ade5-c4b64d47d792" testId="e91c04d6-3961-4a90-9899-bf9a5a67393e" testName="GetSingle_ValidIdPropertyValueReturnsCorrectModel" computerName="VECTOR" duration="00:00:00.0150000" startTime="2018-08-21T11:30:05.1724527-04:00" endTime="2018-08-21T11:30:05.1724580-04:00" testType="13cdc9d9-ddb5-4fa4-a97d-d965ccfc6d4b" outcome="Passed" testListId="8c84fa94-04c1-424b-9868-57a2d4851a1d" relativeResultsDirectory="7893bf1c-c258-44f4-ade5-c4b64d47d792" /><UnitTestResult executionId="4bea2611-59b4-44db-89bc-403fef9cea0f" testId="14304ba7-2bf9-423e-9f3e-9a2ec0c98d8c" testName="Patch_InvalidIdPropertyReturnsNotFound" computerName="VECTOR" duration="00:00:00.0130000" startTime="2018-08-21T11:30:03.3571686-04:00" endTime="2018-08-21T11:30:03.3571725-04:00" testType="13cdc9d9-ddb5-4fa4-a97d-d965ccfc6d4b" outcome="Passed" testListId="8c84fa94-04c1-424b-9868-57a2d4851a1d" relativeResultsDirectory="4bea2611-59b4-44db-89bc-403fef9cea0f" /><UnitTestResult executionId="c54698fc-3b67-49d9-bb67-eb27350d2717" testId="884bba9e-7b98-465e-821b-0f34c5a86c48" testName="Patch_ValidReferencePropertyUpdatesModel" computerName="VECTOR" duration="00:00:00.6520000" startTime="2018-08-21T11:30:06.9846210-04:00" endTime="2018-08-21T11:30:06.9846318-04:00" testType="13cdc9d9-ddb5-4fa4-a97d-d965ccfc6d4b" outcome="Passed" testListId="8c84fa94-04c1-424b-9868-57a2d4851a1d" relativeResultsDirectory="c54698fc-3b67-49d9-bb67-eb27350d2717" /><UnitTestResult executionId="b9b9cd88-9e72-47da-a366-ff57d019c166" testId="b88a12d8-cb76-499f-9074-0c1c5b06a185" testName="Post_InvalidPropertyValueReturnsBadRequest" computerName="VECTOR" duration="00:00:00.0130000" startTime="2018-08-21T11:30:19.0402235-04:00" endTime="2018-08-21T11:30:19.0402289-04:00" testType="13cdc9d9-ddb5-4fa4-a97d-d965ccfc6d4b" outcome="Passed" testListId="8c84fa94-04c1-424b-9868-57a2d4851a1d" relativeResultsDirectory="b9b9cd88-9e72-47da-a366-ff57d019c166" /><UnitTestResult executionId="f6804e35-6f11-4e68-bf87-92b0c0f147f2" testId="20ba135c-78d8-4ef6-bd6e-6d52a4ea58b3" testName="FileRequest_FileCanBeReadAfterRename" computerName="VECTOR" duration="00:00:00.1030000" startTime="2018-08-21T11:30:18.0888167-04:00" endTime="2018-08-21T11:30:18.0888222-04:00" testType="13cdc9d9-ddb5-4fa4-a97d-d965ccfc6d4b" outcome="Passed" testListId="8c84fa94-04c1-424b-9868-57a2d4851a1d" relativeResultsDirectory="f6804e35-6f11-4e68-bf87-92b0c0f147f2" /><UnitTestResult executionId="d6081680-abc6-4653-b163-c6021fbeeaed" testId="560f9746-7eb1-4a8b-9141-db518f3ad299" testName="Delete_TargetModelIsDeleted" computerName="VECTOR" duration="00:00:00.0320000" startTime="2018-08-21T11:30:16.1021550-04:00" endTime="2018-08-21T11:30:16.1021611-04:00" testType="13cdc9d9-ddb5-4fa4-a97d-d965ccfc6d4b" outcome="Passed" testListId="8c84fa94-04c1-424b-9868-57a2d4851a1d" relativeResultsDirectory="d6081680-abc6-4653-b163-c6021fbeeaed" /><UnitTestResult executionId="94a293c4-86fd-4529-b1b7-6603e12d178b" testId="16e258b5-b738-4abc-bf33-ec48e14abaab" testName="GetList_ListReturnsCorrectCount" computerName="VECTOR" duration="00:00:00.0210000" startTime="2018-08-21T11:30:16.0083926-04:00" endTime="2018-08-21T11:30:16.0083981-04:00" testType="13cdc9d9-ddb5-4fa4-a97d-d965ccfc6d4b" outcome="Passed" testListId="8c84fa94-04c1-424b-9868-57a2d4851a1d" relativeResultsDirectory="94a293c4-86fd-4529-b1b7-6603e12d178b" /><UnitTestResult executionId="f9daecbd-09cc-4a10-b7f5-e3c843490ecc" testId="bcc677f6-252c-487c-a6e0-02b3b9347c02" testName="GetSingle_InvalidIdPropertyValueReturnsNotFound" computerName="VECTOR" duration="00:00:00.0120000" startTime="2018-08-21T11:30:05.1570068-04:00" endTime="2018-08-21T11:30:05.1570120-04:00" testType="13cdc9d9-ddb5-4fa4-a97d-d965ccfc6d4b" outcome="Passed" testListId="8c84fa94-04c1-424b-9868-57a2d4851a1d" relativeResultsDirectory="f9daecbd-09cc-4a10-b7f5-e3c843490ecc" /></Results><TestDefinitions><UnitTest name="Post_InvalidReferencePropertyReturnsBadRequest" storage="d:\modelrelief\modelrelief.test\bin\debug\netcoreapp2.0\modelrelief.test.dll" id="dd111630-5dd9-44db-9b3d-73b4572dc382"><Execution id="6674a7d4-ff80-4e4a-8802-ee55bca77391" /><TestMethod codeBase="D:\ModelRelief\ModelRelief.test\bin\Debug\netcoreapp2.0\ModelRelief.Test.dll" adapterTypeName="executor://xunit/VsTestRunner2/netcoreapp" className="ModelRelief.Test.Integration.Cameras.CamerasBaseIntegrationTests" name="Post_InvalidReferencePropertyReturnsBadRequest" /></UnitTest><UnitTest name="Delete_TargetModelIsDeleted" storage="d:\modelrelief\modelrelief.test\bin\debug\netcoreapp2.0\modelrelief.test.dll" id="63416c45-6a0c-41b2-8c97-1c28474d4baa"><Execution id="04d42476-2662-43af-bd2f-5ad2409be29b" /><TestMethod codeBase="D:\ModelRelief\ModelRelief.test\bin\Debug\netcoreapp2.0\ModelRelief.Test.dll" adapterTypeName="executor://xunit/VsTestRunner2/netcoreapp" className="ModelRelief.Test.Integration.Projects.ProjectsBaseIntegrationTests" name="Delete_TargetModelIsDeleted" /></UnitTest><UnitTest name="Patch_ValidReferencePropertyUpdatesModel" storage="d:\modelrelief\modelrelief.test\bin\debug\netcoreapp2.0\modelrelief.test.dll" id="884bba9e-7b98-465e-821b-0f34c5a86c48"><Execution id="c54698fc-3b67-49d9-bb67-eb27350d2717" /><TestMethod codeBase="D:\ModelRelief\ModelRelief.test\bin\Debug\netcoreapp2.0\ModelRelief.Test.dll" adapterTypeName="executor://xunit/VsTestRunner2/netcoreapp" className="ModelRelief.Test.Integration.Meshes.MeshesBaseIntegrationTests" name="Patch_ValidReferencePropertyUpdatesModel" /></UnitTest><UnitTest name="GetSingle_ValidIdPropertyValueReturnsCorrectModel" storage="d:\modelrelief\modelrelief.test\bin\debug\netcoreapp2.0\modelrelief.test.dll" id="4414c89d-8c8f-4cd5-80f7-b27b0f6d3cd5"><Execution id="4412e5ed-23ec-45ca-9387-1f09567d2c0f" /><TestMethod codeBase="D:\ModelRelief\ModelRelief.test\bin\Debug\netcoreapp2.0\ModelRelief.Test.dll" adapterTypeName="executor://xunit/VsTestRunner2/netcoreapp" className="ModelRelief.Test.Integration.Projects.ProjectsBaseIntegrationTests" name="GetSingle_ValidIdPropertyValueReturnsCorrectModel" /></UnitTest><UnitTest name="PutFile_FileCanBeUpdated" storage="d:\modelrelief\modelrelief.test\bin\debug\netcoreapp2.0\modelrelief.test.dll" id="099215db-0848-45a4-bcc4-cbd58f62dd4d"><Execution id="e5fb11bc-f1e8-4425-9c63-962bb955fd3c" /><TestMethod codeBase="D:\ModelRelief\ModelRelief.test\bin\Debug\netcoreapp2.0\ModelRelief.Test.dll" adapterTypeName="executor://xunit/VsTestRunner2/netcoreapp" className="ModelRelief.Test.Integration.DepthBuffers.DepthBuffersFileIntegrationTests" name="PutFile_FileCanBeUpdated" /></UnitTest><UnitTest name="Put_ValidReferencePropertyUpdatesModel" storage="d:\modelrelief\modelrelief.test\bin\debug\netcoreapp2.0\modelrelief.test.dll" id="704cfa2d-1319-43bb-bc19-5d5a8c825e0f"><Execution id="ee0027eb-5677-4ffc-be80-b77ceb58a87a" /><TestMethod codeBase="D:\ModelRelief\ModelRelief.test\bin\Debug\netcoreapp2.0\ModelRelief.Test.dll" adapterTypeName="executor://xunit/VsTestRunner2/netcoreapp" className="ModelRelief.Test.Integration.Meshes.MeshesBaseIntegrationTests" name="Put_ValidReferencePropertyUpdatesModel" /></UnitTest><UnitTest name="PostFile_FileIsSynchronizedIsUpdatedAfterFileIsPosted" storage="d:\modelrelief\modelrelief.test\bin\debug\netcoreapp2.0\modelrelief.test.dll" id="41dfd785-9969-47fe-a8e4-0a1f0f8408cd"><Execution id="65b061f1-6970-406a-ae7e-d287f05ca214" /><TestMethod codeBase="D:\ModelRelief\ModelRelief.test\bin\Debug\netcoreapp2.0\ModelRelief.Test.dll" adapterTypeName="executor://xunit/VsTestRunner2/netcoreapp" className="ModelRelief.Test.Integration.Models.ModelsFileIntegrationTests" name="PostFile_FileIsSynchronizedIsUpdatedAfterFileIsPosted" /></UnitTest><UnitTest name="GetFile_NonExistentFileReturnsNotFound" storage="d:\modelrelief\modelrelief.test\bin\debug\netcoreapp2.0\modelrelief.test.dll" id="4e67142a-4e52-4749-85f6-08eca5b9bb85"><Execution id="d1e36df1-cd3e-4c9b-881d-e86de3d5a2d2" /><TestMethod codeBase="D:\ModelRelief\ModelRelief.test\bin\Debug\netcoreapp2.0\ModelRelief.Test.dll" adapterTypeName="executor://xunit/VsTestRunner2/netcoreapp" className="ModelRelief.Test.Integration.DepthBuffers.DepthBuffersFileIntegrationTests" name="GetFile_NonExistentFileReturnsNotFound" /></UnitTest><UnitTest name="LucyDepthBufferFindsOneDependent" storage="d:\modelrelief\modelrelief.test\bin\debug\netcoreapp2.0\modelrelief.test.dll" id="07d707e7-e3cb-4c95-9847-3ed839342c3f"><Execution id="2e1825d1-4732-43fb-9cfb-0488d2456949" /><TestMethod codeBase="D:\ModelRelief\ModelRelief.test\bin\Debug\netcoreapp2.0\ModelRelief.Test.dll" adapterTypeName="executor://xunit/VsTestRunner2/netcoreapp" className="ModelRelief.Test.Unit.DependencyManager.DependencyManagerTests" name="LucyDepthBufferFindsOneDependent" /></UnitTest><UnitTest name="GetList_ListReturnsCorrectCount" storage="d:\modelrelief\modelrelief.test\bin\debug\netcoreapp2.0\modelrelief.test.dll" id="527d07e7-9c9e-4cd0-b8ab-de6906911297"><Execution id="680d7ca3-8754-4ca3-a229-c9d1c93d4b08" /><TestMethod codeBase="D:\ModelRelief\ModelRelief.test\bin\Debug\netcoreapp2.0\ModelRelief.Test.dll" adapterTypeName="executor://xunit/VsTestRunner2/netcoreapp" className="ModelRelief.Test.Integration.Models.ModelsBaseIntegrationTests" name="GetList_ListReturnsCorrectCount" /></UnitTest><UnitTest name="GetFile_FileCanBeRoundTripped" storage="d:\modelrelief\modelrelief.test\bin\debug\netcoreapp2.0\modelrelief.test.dll" id="68b24547-fb01-48d5-be5f-4b7f69b92682"><Execution id="d750d51d-b21e-45c0-bd6b-8df1d87c64e0" /><TestMethod codeBase="D:\ModelRelief\ModelRelief.test\bin\Debug\netcoreapp2.0\ModelRelief.Test.dll" adapterTypeName="executor://xunit/VsTestRunner2/netcoreapp" className="ModelRelief.Test.Integration.Meshes.MeshesFileIntegrationTests" name="GetFile_FileCanBeRoundTripped" /></UnitTest><UnitTest name="LucyCameraFindsAllDependents" storage="d:\modelrelief\modelrelief.test\bin\debug\netcoreapp2.0\modelrelief.test.dll" id="4046d0a2-4b22-45db-a805-24fb7b4817e1"><Execution id="7a6c4d4d-2fe5-4340-a0d0-ed2910460f64" /><TestMethod codeBase="D:\ModelRelief\ModelRelief.test\bin\Debug\netcoreapp2.0\ModelRelief.Test.dll" adapterTypeName="executor://xunit/VsTestRunner2/netcoreapp" className="ModelRelief.Test.Unit.DependencyManager.DependencyManagerTests" name="LucyCameraFindsAllDependents" /></UnitTest><UnitTest name="Post_InvalidReferencePropertyReturnsBadRequest" storage="d:\modelrelief\modelrelief.test\bin\debug\netcoreapp2.0\modelrelief.test.dll" id="46c4d63a-96d3-4939-aa50-5937c200ac23"><Execution id="de5b8665-3d3e-464c-9526-18c75a1e419a" /><TestMethod codeBase="D:\ModelRelief\ModelRelief.test\bin\Debug\netcoreapp2.0\ModelRelief.Test.dll" adapterTypeName="executor://xunit/VsTestRunner2/netcoreapp" className="ModelRelief.Test.Integration.Models.ModelsBaseIntegrationTests" name="Post_InvalidReferencePropertyReturnsBadRequest" /></UnitTest><UnitTest name="Patch_InvalidIdPropertyReturnsNotFound" storage="d:\modelrelief\modelrelief.test\bin\debug\netcoreapp2.0\modelrelief.test.dll" id="d465425e-eae1-471b-9b22-105d75ed31b6"><Execution id="77103cf5-d994-4d65-b8cc-a9b01ab2c9d7" /><TestMethod codeBase="D:\ModelRelief\ModelRelief.test\bin\Debug\netcoreapp2.0\ModelRelief.Test.dll" adapterTypeName="executor://xunit/VsTestRunner2/netcoreapp" className="ModelRelief.Test.Integration.Cameras.CamerasBaseIntegrationTests" name="Patch_InvalidIdPropertyReturnsNotFound" /></UnitTest><UnitTest name="Post_InvalidReferencePropertyReturnsBadRequest" storage="d:\modelrelief\modelrelief.test\bin\debug\netcoreapp2.0\modelrelief.test.dll" id="ec240e50-ddaa-436b-9497-6b847e8242bd"><Execution id="7a4ed211-7b1f-4373-a9b2-4642b9098a23" /><TestMethod codeBase="D:\ModelRelief\ModelRelief.test\bin\Debug\netcoreapp2.0\ModelRelief.Test.dll" adapterTypeName="executor://xunit/VsTestRunner2/netcoreapp" className="ModelRelief.Test.Integration.Projects.ProjectsBaseIntegrationTests" name="Post_InvalidReferencePropertyReturnsBadRequest" /></UnitTest><UnitTest name="GetFile_NonExistentFileReturnsNotFound" storage="d:\modelrelief\modelrelief.test\bin\debug\netcoreapp2.0\modelrelief.test.dll" id="ed0db03b-43e3-4e3e-9f58-8eda1ba879c9"><Execution id="7640808a-fc43-456e-9f2f-2e81f4250945" /><TestMethod codeBase="D:\ModelRelief\ModelRelief.test\bin\Debug\netcoreapp2.0\ModelRelief.Test.dll" adapterTypeName="executor://xunit/VsTestRunner2/netcoreapp" className="ModelRelief.Test.Integration.Models.ModelsFileIntegrationTests" name="GetFile_NonExistentFileReturnsNotFound" /></UnitTest><UnitTest name="PutFile_FileCanBeUpdated" storage="d:\modelrelief\modelrelief.test\bin\debug\netcoreapp2.0\modelrelief.test.dll" id="4c6fab30-dd30-4432-8b91-15be5ab560b7"><Execution id="7cc2954d-70e5-4393-8bce-6d201df04b74" /><TestMethod codeBase="D:\ModelRelief\ModelRelief.test\bin\Debug\netcoreapp2.0\ModelRelief.Test.dll" adapterTypeName="executor://xunit/VsTestRunner2/netcoreapp" className="ModelRelief.Test.Integration.Models.ModelsFileIntegrationTests" name="PutFile_FileCanBeUpdated" /></UnitTest><UnitTest name="Patch_TargetPropertyIsUpdated" storage="d:\modelrelief\modelrelief.test\bin\debug\netcoreapp2.0\modelrelief.test.dll" id="149178b4-2100-4bc4-8039-f8059651c33a"><Execution id="7f37a874-794a-4c7e-a70a-990ebeef382a" /><TestMethod codeBase="D:\ModelRelief\ModelRelief.test\bin\Debug\netcoreapp2.0\ModelRelief.Test.dll" adapterTypeName="executor://xunit/VsTestRunner2/netcoreapp" className="ModelRelief.Test.Integration.MeshTransforms.MeshTransformsBaseIntegrationTests" name="Patch_TargetPropertyIsUpdated" /></UnitTest><UnitTest name="Put_ValidReferencePropertyUpdatesModel" storage="d:\modelrelief\modelrelief.test\bin\debug\netcoreapp2.0\modelrelief.test.dll" id="881ed047-70dd-460b-85c0-4b083c648502"><Execution id="b624d32a-01e6-4b19-9ef7-4471d32a93fd" /><TestMethod codeBase="D:\ModelRelief\ModelRelief.test\bin\Debug\netcoreapp2.0\ModelRelief.Test.dll" adapterTypeName="executor://xunit/VsTestRunner2/netcoreapp" className="ModelRelief.Test.Integration.MeshTransforms.MeshTransformsBaseIntegrationTests" name="Put_ValidReferencePropertyUpdatesModel" /></UnitTest><UnitTest name="GetList_ListReturnsCorrectCount" storage="d:\modelrelief\modelrelief.test\bin\debug\netcoreapp2.0\modelrelief.test.dll" id="16e258b5-b738-4abc-bf33-ec48e14abaab"><Execution id="94a293c4-86fd-4529-b1b7-6603e12d178b" /><TestMethod codeBase="D:\ModelRelief\ModelRelief.test\bin\Debug\netcoreapp2.0\ModelRelief.Test.dll" adapterTypeName="executor://xunit/VsTestRunner2/netcoreapp" className="ModelRelief.Test.Integration.DepthBuffers.DepthBuffersBaseIntegrationTests" name="GetList_ListReturnsCorrectCount" /></UnitTest><UnitTest name="GetFile_ExistingFileReturnsSuccess" storage="d:\modelrelief\modelrelief.test\bin\debug\netcoreapp2.0\modelrelief.test.dll" id="4dca30c8-ec31-4b4f-a8ed-d4fd99d31ac2"><Execution id="c4d1a349-a478-4b12-a8ce-5151fcdec045" /><TestMethod codeBase="D:\ModelRelief\ModelRelief.test\bin\Debug\netcoreapp2.0\ModelRelief.Test.dll" adapterTypeName="executor://xunit/VsTestRunner2/netcoreapp" className="ModelRelief.Test.Integration.Models.ModelsFileIntegrationTests" name="GetFile_ExistingFileReturnsSuccess" /></UnitTest><UnitTest name="Delete_TargetModelIsDeleted" storage="d:\modelrelief\modelrelief.test\bin\debug\netcoreapp2.0\modelrelief.test.dll" id="560f9746-7eb1-4a8b-9141-db518f3ad299"><Execution id="d6081680-abc6-4653-b163-c6021fbeeaed" /><TestMethod codeBase="D:\ModelRelief\ModelRelief.test\bin\Debug\netcoreapp2.0\ModelRelief.Test.dll" adapterTypeName="executor://xunit/VsTestRunner2/netcoreapp" className="ModelRelief.Test.Integration.DepthBuffers.DepthBuffersBaseIntegrationTests" name="Delete_TargetModelIsDeleted" /></UnitTest><UnitTest name="Put_InvalidReferencePropertyReturndBadRequest" storage="d:\modelrelief\modelrelief.test\bin\debug\netcoreapp2.0\modelrelief.test.dll" id="5fb12c2e-3994-46a6-9d24-2ea3065af606"><Execution id="b78bbd29-927a-405b-b2d5-0baaa1517f76" /><TestMethod codeBase="D:\ModelRelief\ModelRelief.test\bin\Debug\netcoreapp2.0\ModelRelief.Test.dll" adapterTypeName="executor://xunit/VsTestRunner2/netcoreapp" className="ModelRelief.Test.Integration.Meshes.MeshesBaseIntegrationTests" name="Put_InvalidReferencePropertyReturndBadRequest" /></UnitTest><UnitTest name="Patch_InvalidReferencePropertyReturnsBadRequest" storage="d:\modelrelief\modelrelief.test\bin\debug\netcoreapp2.0\modelrelief.test.dll" id="7fb22d9a-ccc2-44c4-b331-a26b2e2dac8b"><Execution id="dcebfdb9-6b5a-4046-8836-2c893d39fa6a" /><TestMethod codeBase="D:\ModelRelief\ModelRelief.test\bin\Debug\netcoreapp2.0\ModelRelief.Test.dll" adapterTypeName="executor://xunit/VsTestRunner2/netcoreapp" className="ModelRelief.Test.Integration.MeshTransforms.MeshTransformsBaseIntegrationTests" name="Patch_InvalidReferencePropertyReturnsBadRequest" /></UnitTest><UnitTest name="GetList_ListReturnsCorrectCount" storage="d:\modelrelief\modelrelief.test\bin\debug\netcoreapp2.0\modelrelief.test.dll" id="afbb3140-0439-4185-bd76-4a2727aff91b"><Execution id="3abb32b5-0801-4922-8c49-d7b18f542ecd" /><TestMethod codeBase="D:\ModelRelief\ModelRelief.test\bin\Debug\netcoreapp2.0\ModelRelief.Test.dll" adapterTypeName="executor://xunit/VsTestRunner2/netcoreapp" className="ModelRelief.Test.Integration.Cameras.CamerasBaseIntegrationTests" name="GetList_ListReturnsCorrectCount" /></UnitTest><UnitTest name="FileRequest_FileCanBeReadAfterRename" storage="d:\modelrelief\modelrelief.test\bin\debug\netcoreapp2.0\modelrelief.test.dll" id="b98906fb-b57c-4b1b-85a8-7febf4dc8860"><Execution id="368f9769-e30e-4ccd-a6c5-ad17d9e69491" /><TestMethod codeBase="D:\ModelRelief\ModelRelief.test\bin\Debug\netcoreapp2.0\ModelRelief.Test.dll" adapterTypeName="executor://xunit/VsTestRunner2/netcoreapp" className="ModelRelief.Test.Integration.Models.ModelsFileIntegrationTests" name="FileRequest_FileCanBeReadAfterRename" /></UnitTest><UnitTest name="GetList_ListReturnsCorrectCount" storage="d:\modelrelief\modelrelief.test\bin\debug\netcoreapp2.0\modelrelief.test.dll" id="f7736770-8743-4194-9163-46d9d07470eb"><Execution id="efb8705f-6173-45a2-9751-ca538877bac6" /><TestMethod codeBase="D:\ModelRelief\ModelRelief.test\bin\Debug\netcoreapp2.0\ModelRelief.Test.dll" adapterTypeName="executor://xunit/VsTestRunner2/netcoreapp" className="ModelRelief.Test.Integration.Projects.ProjectsBaseIntegrationTests" name="GetList_ListReturnsCorrectCount" /></UnitTest><UnitTest name="GetSingle_InvalidIdPropertyValueReturnsNotFound" storage="d:\modelrelief\modelrelief.test\bin\debug\netcoreapp2.0\modelrelief.test.dll" id="6213bb47-67df-4ecb-a88e-7df46ff4466c"><Execution id="0f1039a5-4140-4ba8-8ba7-a53a2436bcba" /><TestMethod codeBase="D:\ModelRelief\ModelRelief.test\bin\Debug\netcoreapp2.0\ModelRelief.Test.dll" adapterTypeName="executor://xunit/VsTestRunner2/netcoreapp" className="ModelRelief.Test.Integration.Models.ModelsBaseIntegrationTests" name="GetSingle_InvalidIdPropertyValueReturnsNotFound" /></UnitTest><UnitTest name="GetSingle_ValidIdPropertyValueReturnsCorrectModel" storage="d:\modelrelief\modelrelief.test\bin\debug\netcoreapp2.0\modelrelief.test.dll" id="e91c04d6-3961-4a90-9899-bf9a5a67393e"><Execution id="7893bf1c-c258-44f4-ade5-c4b64d47d792" /><TestMethod codeBase="D:\ModelRelief\ModelRelief.test\bin\Debug\netcoreapp2.0\ModelRelief.Test.dll" adapterTypeName="executor://xunit/VsTestRunner2/netcoreapp" className="ModelRelief.Test.Integration.MeshTransforms.MeshTransformsBaseIntegrationTests" name="GetSingle_ValidIdPropertyValueReturnsCorrectModel" /></UnitTest><UnitTest name="Post_InvalidPropertyValueReturnsBadRequest" storage="d:\modelrelief\modelrelief.test\bin\debug\netcoreapp2.0\modelrelief.test.dll" id="d53df87d-950f-4f37-938c-faf87e4d4e91"><Execution id="d3b2955c-9c8e-44de-88fa-ece1867f6afc" /><TestMethod codeBase="D:\ModelRelief\ModelRelief.test\bin\Debug\netcoreapp2.0\ModelRelief.Test.dll" adapterTypeName="executor://xunit/VsTestRunner2/netcoreapp" className="ModelRelief.Test.Integration.MeshTransforms.MeshTransformsBaseIntegrationTests" name="Post_InvalidPropertyValueReturnsBadRequest" /></UnitTest><UnitTest name="GetFile_NonExistentFileReturnsNotFound" storage="d:\modelrelief\modelrelief.test\bin\debug\netcoreapp2.0\modelrelief.test.dll" id="6dbc223a-ce92-4fd6-bed8-13c231468619"><Execution id="9c6192a2-b8d1-480c-b162-d95d0fd27ef6" /><TestMethod codeBase="D:\ModelRelief\ModelRelief.test\bin\Debug\netcoreapp2.0\ModelRelief.Test.dll" adapterTypeName="executor://xunit/VsTestRunner2/netcoreapp" className="ModelRelief.Test.Integration.Meshes.MeshesFileIntegrationTests" name="GetFile_NonExistentFileReturnsNotFound" /></UnitTest><UnitTest name="GetSingle_ValidIdPropertyValueReturnsCorrectModel" storage="d:\modelrelief\modelrelief.test\bin\debug\netcoreapp2.0\modelrelief.test.dll" id="26a1486e-9e41-480d-9070-127638dff402"><Execution id="9b586727-d7b7-4dca-ab03-9ec1f98e6fa5" /><TestMethod codeBase="D:\ModelRelief\ModelRelief.test\bin\Debug\netcoreapp2.0\ModelRelief.Test.dll" adapterTypeName="executor://xunit/VsTestRunner2/netcoreapp" className="ModelRelief.Test.Integration.Cameras.CamerasBaseIntegrationTests" name="GetSingle_ValidIdPropertyValueReturnsCorrectModel" /></UnitTest><UnitTest name="Post_CanCreateNewModel" storage="d:\modelrelief\modelrelief.test\bin\debug\netcoreapp2.0\modelrelief.test.dll" id="f9b7bc1f-a297-4451-9375-8597bba198dc"><Execution id="a7012bd7-9353-4300-a8d2-de581deb2b2b" /><TestMethod codeBase="D:\ModelRelief\ModelRelief.test\bin\Debug\netcoreapp2.0\ModelRelief.Test.dll" adapterTypeName="executor://xunit/VsTestRunner2/netcoreapp" className="ModelRelief.Test.Integration.Meshes.MeshesBaseIntegrationTests" name="Post_CanCreateNewModel" /></UnitTest><UnitTest name="Patch_InvalidIdPropertyReturnsNotFound" storage="d:\modelrelief\modelrelief.test\bin\debug\netcoreapp2.0\modelrelief.test.dll" id="14304ba7-2bf9-423e-9f3e-9a2ec0c98d8c"><Execution id="4bea2611-59b4-44db-89bc-403fef9cea0f" /><TestMethod codeBase="D:\ModelRelief\ModelRelief.test\bin\Debug\netcoreapp2.0\ModelRelief.Test.dll" adapterTypeName="executor://xunit/VsTestRunner2/netcoreapp" className="ModelRelief.Test.Integration.Models.ModelsBaseIntegrationTests" name="Patch_InvalidIdPropertyReturnsNotFound" /></UnitTest><UnitTest name="Put_InvalidIdReturnsNotFound" storage="d:\modelrelief\modelrelief.test\bin\debug\netcoreapp2.0\modelrelief.test.dll" id="964b79b3-d40b-4ad0-9a77-b46ef175d0c8"><Execution id="12ddb5c6-bad1-4fb5-86d8-6ecce33dbf0b" /><TestMethod codeBase="D:\ModelRelief\ModelRelief.test\bin\Debug\netcoreapp2.0\ModelRelief.Test.dll" adapterTypeName="executor://xunit/VsTestRunner2/netcoreapp" className="ModelRelief.Test.Integration.DepthBuffers.DepthBuffersBaseIntegrationTests" name="Put_InvalidIdReturnsNotFound" /></UnitTest><UnitTest name="PostFile_NewFileCanBePosted" storage="d:\modelrelief\modelrelief.test\bin\debug\netcoreapp2.0\modelrelief.test.dll" id="3114b1eb-15a2-4f2d-8b42-27a2bc0a1f3f"><Execution id="88ee9246-b540-4dba-8b42-598b60187fff" /><TestMethod codeBase="D:\ModelRelief\ModelRelief.test\bin\Debug\netcoreapp2.0\ModelRelief.Test.dll" adapterTypeName="executor://xunit/VsTestRunner2/netcoreapp" className="ModelRelief.Test.Integration.Meshes.MeshesFileIntegrationTests" name="PostFile_NewFileCanBePosted" /></UnitTest><UnitTest name="Post_InvalidPropertyValueReturnsBadRequest" storage="d:\modelrelief\modelrelief.test\bin\debug\netcoreapp2.0\modelrelief.test.dll" id="b88a12d8-cb76-499f-9074-0c1c5b06a185"><Execution id="b9b9cd88-9e72-47da-a366-ff57d019c166" /><TestMethod codeBase="D:\ModelRelief\ModelRelief.test\bin\Debug\netcoreapp2.0\ModelRelief.Test.dll" adapterTypeName="executor://xunit/VsTestRunner2/netcoreapp" className="ModelRelief.Test.Integration.Cameras.CamerasBaseIntegrationTests" name="Post_InvalidPropertyValueReturnsBadRequest" /></UnitTest><UnitTest name="Patch_MultipleInvalidReferencePropertiesReturnsMultipleValidationErrorsAndBadRequest" storage="d:\modelrelief\modelrelief.test\bin\debug\netcoreapp2.0\modelrelief.test.dll" id="11f6c96f-a0b7-4fde-8e8a-39b6f6b6e262"><Execution id="d9b39fe5-c66c-43ee-8f60-9832ce36e06a" /><TestMethod codeBase="D:\ModelRelief\ModelRelief.test\bin\Debug\netcoreapp2.0\ModelRelief.Test.dll" adapterTypeName="executor://xunit/VsTestRunner2/netcoreapp" className="ModelRelief.Test.Integration.Meshes.MeshesBaseIntegrationTests" name="Patch_MultipleInvalidReferencePropertiesReturnsMultipleValidationErrorsAndBadRequest" /></UnitTest><UnitTest name="Post_InvalidReferencePropertyReturnsBadRequest" storage="d:\modelrelief\modelrelief.test\bin\debug\netcoreapp2.0\modelrelief.test.dll" id="ffafc521-eeea-4738-af44-718a29dd4eaf"><Execution id="8b4227ac-1d6b-43af-8775-79de842f591c" /><TestMethod codeBase="D:\ModelRelief\ModelRelief.test\bin\Debug\netcoreapp2.0\ModelRelief.Test.dll" adapterTypeName="executor://xunit/VsTestRunner2/netcoreapp" className="ModelRelief.Test.Integration.DepthBuffers.DepthBuffersBaseIntegrationTests" name="Post_InvalidReferencePropertyReturnsBadRequest" /></UnitTest><UnitTest name="PostFile_FileTimeStampIsUpdatedAfterFileIsPosted" storage="d:\modelrelief\modelrelief.test\bin\debug\netcoreapp2.0\modelrelief.test.dll" id="6eb4fbab-160e-4398-813c-0570a05b3b89"><Execution id="d3d49c14-efbd-4411-8e47-c0e3ebabc33d" /><TestMethod codeBase="D:\ModelRelief\ModelRelief.test\bin\Debug\netcoreapp2.0\ModelRelief.Test.dll" adapterTypeName="executor://xunit/VsTestRunner2/netcoreapp" className="ModelRelief.Test.Integration.DepthBuffers.DepthBuffersFileIntegrationTests" name="PostFile_FileTimeStampIsUpdatedAfterFileIsPosted" /></UnitTest><UnitTest name="PutFile_NewFileCanBePut" storage="d:\modelrelief\modelrelief.test\bin\debug\netcoreapp2.0\modelrelief.test.dll" id="bd55b2de-a2ef-4529-b404-b4fb82e841b4"><Execution id="63699caa-f8cf-488d-af5f-738565e532f2" /><TestMethod codeBase="D:\ModelRelief\ModelRelief.test\bin\Debug\netcoreapp2.0\ModelRelief.Test.dll" adapterTypeName="executor://xunit/VsTestRunner2/netcoreapp" className="ModelRelief.Test.Integration.Meshes.MeshesFileIntegrationTests" name="PutFile_NewFileCanBePut" /></UnitTest><UnitTest name="FileRequest_MeshIsInvalidatedAfterDepthBufferFileBecomesUnsynchronized" storage="d:\modelrelief\modelrelief.test\bin\debug\netcoreapp2.0\modelrelief.test.dll" id="6fac2961-b01f-437a-8e7d-eb98679972ea"><Execution id="297b1859-7b48-4ff5-9668-23e57ddde62e" /><TestMethod codeBase="D:\ModelRelief\ModelRelief.test\bin\Debug\netcoreapp2.0\ModelRelief.Test.dll" adapterTypeName="executor://xunit/VsTestRunner2/netcoreapp" className="ModelRelief.Test.Integration.Meshes.MeshesFileIntegrationTests" name="FileRequest_MeshIsInvalidatedAfterDepthBufferFileBecomesUnsynchronized" /></UnitTest><UnitTest name="Model3dHasExpectedDependentFiles" storage="d:\modelrelief\modelrelief.test\bin\debug\netcoreapp2.0\modelrelief.test.dll" id="3db48af2-c4a4-422d-971b-28af280757bd"><Execution id="5329c24a-bc4a-48bf-9482-0b499f3920e5" /><TestMethod codeBase="D:\ModelRelief\ModelRelief.test\bin\Debug\netcoreapp2.0\ModelRelief.Test.dll" adapterTypeName="executor://xunit/VsTestRunner2/netcoreapp" className="ModelRelief.Test.Unit.DependencyManager.DependencyManagerTests" name="Model3dHasExpectedDependentFiles" /></UnitTest><UnitTest name="PostFile_FileIsSynchronizedIsUpdatedAfterFileIsPosted" storage="d:\modelrelief\modelrelief.test\bin\debug\netcoreapp2.0\modelrelief.test.dll" id="aba59d26-859c-414f-96ec-37d345bc7d86"><Execution id="7777d2d2-4f7d-40e2-b1ae-72e9175cadcd" /><TestMethod codeBase="D:\ModelRelief\ModelRelief.test\bin\Debug\netcoreapp2.0\ModelRelief.Test.dll" adapterTypeName="executor://xunit/VsTestRunner2/netcoreapp" className="ModelRelief.Test.Integration.Meshes.MeshesFileIntegrationTests" name="PostFile_FileIsSynchronizedIsUpdatedAfterFileIsPosted" /></UnitTest><UnitTest name="Patch_InvalidEnumPropertyValueReturnsBadRequest" storage="d:\modelrelief\modelrelief.test\bin\debug\netcoreapp2.0\modelrelief.test.dll" id="27205342-763f-4f5c-9da8-24d52d258ef3"><Execution id="2e6179a5-6a35-43c3-bb5d-416ed4b8c9e9" /><TestMethod codeBase="D:\ModelRelief\ModelRelief.test\bin\Debug\netcoreapp2.0\ModelRelief.Test.dll" adapterTypeName="executor://xunit/VsTestRunner2/netcoreapp" className="ModelRelief.Test.Integration.Meshes.MeshesBaseIntegrationTests" name="Patch_InvalidEnumPropertyValueReturnsBadRequest" /></UnitTest><UnitTest name="Patch_MultipleInvalidReferencePropertiesReturnsMultipleValidationErrorsAndBadRequest" storage="d:\modelrelief\modelrelief.test\bin\debug\netcoreapp2.0\modelrelief.test.dll" id="a19f5405-8f20-430a-98a8-224ae07efea8"><Execution id="822bd668-880b-4ee5-817d-e110abedde56" /><TestMethod codeBase="D:\ModelRelief\ModelRelief.test\bin\Debug\netcoreapp2.0\ModelRelief.Test.dll" adapterTypeName="executor://xunit/VsTestRunner2/netcoreapp" className="ModelRelief.Test.Integration.Models.ModelsBaseIntegrationTests" name="Patch_MultipleInvalidReferencePropertiesReturnsMultipleValidationErrorsAndBadRequest" /></UnitTest><UnitTest name="Put_InvalidIdReturnsNotFound" storage="d:\modelrelief\modelrelief.test\bin\debug\netcoreapp2.0\modelrelief.test.dll" id="da115ee9-493a-4f57-b897-088e65d81eaa"><Execution id="3a2aa983-5f46-4856-97e8-3592f20f7103" /><TestMethod codeBase="D:\ModelRelief\ModelRelief.test\bin\Debug\netcoreapp2.0\ModelRelief.Test.dll" adapterTypeName="executor://xunit/VsTestRunner2/netcoreapp" className="ModelRelief.Test.Integration.Models.ModelsBaseIntegrationTests" name="Put_InvalidIdReturnsNotFound" /></UnitTest><UnitTest name="Patch_TargetPropertyIsUpdated" storage="d:\modelrelief\modelrelief.test\bin\debug\netcoreapp2.0\modelrelief.test.dll" id="b321ef58-d5a0-4705-8ad8-1b47329e2518"><Execution id="fd45d896-1992-4f86-872f-ee23b77807a0" /><TestMethod codeBase="D:\ModelRelief\ModelRelief.test\bin\Debug\netcoreapp2.0\ModelRelief.Test.dll" adapterTypeName="executor://xunit/VsTestRunner2/netcoreapp" className="ModelRelief.Test.Integration.Meshes.MeshesBaseIntegrationTests" name="Patch_TargetPropertyIsUpdated" /></UnitTest><UnitTest name="GetSingle_InvalidIdPropertyValueReturnsNotFound" storage="d:\modelrelief\modelrelief.test\bin\debug\netcoreapp2.0\modelrelief.test.dll" id="cd0dc47a-fb57-40a5-9f43-480ff905e8c4"><Execution id="1dd08a51-ccb8-4d92-b056-7ca6339270e9" /><TestMethod codeBase="D:\ModelRelief\ModelRelief.test\bin\Debug\netcoreapp2.0\ModelRelief.Test.dll" adapterTypeName="executor://xunit/VsTestRunner2/netcoreapp" className="ModelRelief.Test.Integration.Cameras.CamerasBaseIntegrationTests" name="GetSingle_InvalidIdPropertyValueReturnsNotFound" /></UnitTest><UnitTest name="Post_InvalidReferencePropertyReturnsBadRequest" storage="d:\modelrelief\modelrelief.test\bin\debug\netcoreapp2.0\modelrelief.test.dll" id="ca4f32e1-843a-428b-a9ca-802e51a96760"><Execution id="828e9fd5-71ea-493f-ae9c-6e67f53132ae" /><TestMethod codeBase="D:\ModelRelief\ModelRelief.test\bin\Debug\netcoreapp2.0\ModelRelief.Test.dll" adapterTypeName="executor://xunit/VsTestRunner2/netcoreapp" className="ModelRelief.Test.Integration.MeshTransforms.MeshTransformsBaseIntegrationTests" name="Post_InvalidReferencePropertyReturnsBadRequest" /></UnitTest><UnitTest name="Put_InvalidReferencePropertyReturndBadRequest" storage="d:\modelrelief\modelrelief.test\bin\debug\netcoreapp2.0\modelrelief.test.dll" id="3db0b071-7532-40e6-9b8e-8885ab113fe9"><Execution id="96fe8d8b-d02f-42ed-9fa8-1d0a9c0ed6c1" /><TestMethod codeBase="D:\ModelRelief\ModelRelief.test\bin\Debug\netcoreapp2.0\ModelRelief.Test.dll" adapterTypeName="executor://xunit/VsTestRunner2/netcoreapp" className="ModelRelief.Test.Integration.Models.ModelsBaseIntegrationTests" name="Put_InvalidReferencePropertyReturndBadRequest" /></UnitTest><UnitTest name="PostFile_FileIsSynchronizedIsUpdatedAfterFileIsPosted" storage="d:\modelrelief\modelrelief.test\bin\debug\netcoreapp2.0\modelrelief.test.dll" id="33125c06-295d-438f-a043-94513112a42a"><Execution id="b17a1913-5ecd-4a7d-9021-15ebeaf53a96" /><TestMethod codeBase="D:\ModelRelief\ModelRelief.test\bin\Debug\netcoreapp2.0\ModelRelief.Test.dll" adapterTypeName="executor://xunit/VsTestRunner2/netcoreapp" className="ModelRelief.Test.Integration.DepthBuffers.DepthBuffersFileIntegrationTests" name="PostFile_FileIsSynchronizedIsUpdatedAfterFileIsPosted" /></UnitTest><UnitTest name="Patch_InvalidIdPropertyReturnsNotFound" storage="d:\modelrelief\modelrelief.test\bin\debug\netcoreapp2.0\modelrelief.test.dll" id="b21f4bc2-52c6-453d-bc72-835d9bb73d07"><Execution id="a5017f1e-199b-4556-969e-4697271b9315" /><TestMethod codeBase="D:\ModelRelief\ModelRelief.test\bin\Debug\netcoreapp2.0\ModelRelief.Test.dll" adapterTypeName="executor://xunit/VsTestRunner2/netcoreapp" className="ModelRelief.Test.Integration.MeshTransforms.MeshTransformsBaseIntegrationTests" name="Patch_InvalidIdPropertyReturnsNotFound" /></UnitTest><UnitTest name="Patch_TargetPropertyIsUpdated" storage="d:\modelrelief\modelrelief.test\bin\debug\netcoreapp2.0\modelrelief.test.dll" id="32bbe3f6-2dc7-4e1a-85a4-ed2baeafd307"><Execution id="2fcc8e2c-6e41-4fd1-8c1a-d3c72aee2160" /><TestMethod codeBase="D:\ModelRelief\ModelRelief.test\bin\Debug\netcoreapp2.0\ModelRelief.Test.dll" adapterTypeName="executor://xunit/VsTestRunner2/netcoreapp" className="ModelRelief.Test.Integration.Models.ModelsBaseIntegrationTests" name="Patch_TargetPropertyIsUpdated" /></UnitTest><UnitTest name="Patch_InvalidPropertyNameReturnsBadRequest" storage="d:\modelrelief\modelrelief.test\bin\debug\netcoreapp2.0\modelrelief.test.dll" id="4d228c4d-801b-4a60-946d-68abcc40def4"><Execution id="49c61910-456b-4b42-978a-02e63b776255" /><TestMethod codeBase="D:\ModelRelief\ModelRelief.test\bin\Debug\netcoreapp2.0\ModelRelief.Test.dll" adapterTypeName="executor://xunit/VsTestRunner2/netcoreapp" className="ModelRelief.Test.Integration.MeshTransforms.MeshTransformsBaseIntegrationTests" name="Patch_InvalidPropertyNameReturnsBadRequest" /></UnitTest><UnitTest name="Put_InvalidIdReturnsNotFound" storage="d:\modelrelief\modelrelief.test\bin\debug\netcoreapp2.0\modelrelief.test.dll" id="7b3078f9-2370-4359-825b-c0450b315a77"><Execution id="73ae16d3-de16-47ed-8b60-f22684685ab9" /><TestMethod codeBase="D:\ModelRelief\ModelRelief.test\bin\Debug\netcoreapp2.0\ModelRelief.Test.dll" adapterTypeName="executor://xunit/VsTestRunner2/netcoreapp" className="ModelRelief.Test.Integration.Projects.ProjectsBaseIntegrationTests" name="Put_InvalidIdReturnsNotFound" /></UnitTest><UnitTest name="Put_CanUpdateModel" storage="d:\modelrelief\modelrelief.test\bin\debug\netcoreapp2.0\modelrelief.test.dll" id="e7591cba-446a-4c72-aa91-9ceea39314ae"><Execution id="d274e129-949d-4160-8dc3-9bbfba83251b" /><TestMethod codeBase="D:\ModelRelief\ModelRelief.test\bin\Debug\netcoreapp2.0\ModelRelief.Test.dll" adapterTypeName="executor://xunit/VsTestRunner2/netcoreapp" className="ModelRelief.Test.Integration.DepthBuffers.DepthBuffersBaseIntegrationTests" name="Put_CanUpdateModel" /></UnitTest><UnitTest name="Patch_InvalidEnumPropertyValueReturnsBadRequest" storage="d:\modelrelief\modelrelief.test\bin\debug\netcoreapp2.0\modelrelief.test.dll" id="029d361e-4293-431e-9084-1940525ab2db"><Execution id="ec33686e-ccc3-4321-95fd-c96ca3577fe4" /><TestMethod codeBase="D:\ModelRelief\ModelRelief.test\bin\Debug\netcoreapp2.0\ModelRelief.Test.dll" adapterTypeName="executor://xunit/VsTestRunner2/netcoreapp" className="ModelRelief.Test.Integration.Models.ModelsBaseIntegrationTests" name="Patch_InvalidEnumPropertyValueReturnsBadRequest" /></UnitTest><UnitTest name="PostFile_NewFileCanBePosted" storage="d:\modelrelief\modelrelief.test\bin\debug\netcoreapp2.0\modelrelief.test.dll" id="b089da3c-8628-4bb0-a41a-9291b8dec740"><Execution id="1cf6dda1-69eb-4ff0-99ab-6c3bfc0524d9" /><TestMethod codeBase="D:\ModelRelief\ModelRelief.test\bin\Debug\netcoreapp2.0\ModelRelief.Test.dll" adapterTypeName="executor://xunit/VsTestRunner2/netcoreapp" className="ModelRelief.Test.Integration.Models.ModelsFileIntegrationTests" name="PostFile_NewFileCanBePosted" /></UnitTest><UnitTest name="Put_InvalidReferencePropertyReturndBadRequest" storage="d:\modelrelief\modelrelief.test\bin\debug\netcoreapp2.0\modelrelief.test.dll" id="18ce89a5-3ad4-46ed-b58f-7d0bdcb14e55"><Execution id="690df9f7-2b0b-43a9-bb8b-44ea8ff89077" /><TestMethod codeBase="D:\ModelRelief\ModelRelief.test\bin\Debug\netcoreapp2.0\ModelRelief.Test.dll" adapterTypeName="executor://xunit/VsTestRunner2/netcoreapp" className="ModelRelief.Test.Integration.Cameras.CamerasBaseIntegrationTests" name="Put_InvalidReferencePropertyReturndBadRequest" /></UnitTest><UnitTest name="Put_CanUpdateModel" storage="d:\modelrelief\modelrelief.test\bin\debug\netcoreapp2.0\modelrelief.test.dll" id="1619493d-0e49-4185-9876-4822be895524"><Execution id="9f71b398-83cd-4d88-ae14-e416767f4738" /><TestMethod codeBase="D:\ModelRelief\ModelRelief.test\bin\Debug\netcoreapp2.0\ModelRelief.Test.dll" adapterTypeName="executor://xunit/VsTestRunner2/netcoreapp" className="ModelRelief.Test.Integration.Projects.ProjectsBaseIntegrationTests" name="Put_CanUpdateModel" /></UnitTest><UnitTest name="Put_InvalidReferencePropertyReturndBadRequest" storage="d:\modelrelief\modelrelief.test\bin\debug\netcoreapp2.0\modelrelief.test.dll" id="26407b02-f793-414b-b8f6-5c46bf830c26"><Execution id="c480a1f3-c936-4a89-adb8-63a26610e0fa" /><TestMethod codeBase="D:\ModelRelief\ModelRelief.test\bin\Debug\netcoreapp2.0\ModelRelief.Test.dll" adapterTypeName="executor://xunit/VsTestRunner2/netcoreapp" className="ModelRelief.Test.Integration.DepthBuffers.DepthBuffersBaseIntegrationTests" name="Put_InvalidReferencePropertyReturndBadRequest" /></UnitTest><UnitTest name="FileRequest_FileCanBeReadAfterRename" storage="d:\modelrelief\modelrelief.test\bin\debug\netcoreapp2.0\modelrelief.test.dll" id="ac452024-d82b-40e9-b409-f73b72b997b0"><Execution id="f314ce87-576f-4cea-8c70-21f0b4c58031" /><TestMethod codeBase="D:\ModelRelief\ModelRelief.test\bin\Debug\netcoreapp2.0\ModelRelief.Test.dll" adapterTypeName="executor://xunit/VsTestRunner2/netcoreapp" className="ModelRelief.Test.Integration.Meshes.MeshesFileIntegrationTests" name="FileRequest_FileCanBeReadAfterRename" /></UnitTest><UnitTest name="Post_CanCreateNewModel" storage="d:\modelrelief\modelrelief.test\bin\debug\netcoreapp2.0\modelrelief.test.dll" id="ecf76ead-7512-4e2e-9957-37298a60e965"><Execution id="1f389c39-b31f-4d16-beda-aa3442ead9fa" /><TestMethod codeBase="D:\ModelRelief\ModelRelief.test\bin\Debug\netcoreapp2.0\ModelRelief.Test.dll" adapterTypeName="executor://xunit/VsTestRunner2/netcoreapp" className="ModelRelief.Test.Integration.DepthBuffers.DepthBuffersBaseIntegrationTests" name="Post_CanCreateNewModel" /></UnitTest><UnitTest name="Delete_TargetModelIsDeleted" storage="d:\modelrelief\modelrelief.test\bin\debug\netcoreapp2.0\modelrelief.test.dll" id="63372e99-1ac4-481a-9d62-e45676e6d4cc"><Execution id="c33c44f1-7575-4269-9589-c889a5fe37bd" /><TestMethod codeBase="D:\ModelRelief\ModelRelief.test\bin\Debug\netcoreapp2.0\ModelRelief.Test.dll" adapterTypeName="executor://xunit/VsTestRunner2/netcoreapp" className="ModelRelief.Test.Integration.Meshes.MeshesBaseIntegrationTests" name="Delete_TargetModelIsDeleted" /></UnitTest><UnitTest name="Put_ValidReferencePropertyUpdatesModel" storage="d:\modelrelief\modelrelief.test\bin\debug\netcoreapp2.0\modelrelief.test.dll" id="afee64cc-fd26-4082-aa8e-13e81052e25b"><Execution id="2fca2825-3a3f-4c43-9bf8-a50e0b570366" /><TestMethod codeBase="D:\ModelRelief\ModelRelief.test\bin\Debug\netcoreapp2.0\ModelRelief.Test.dll" adapterTypeName="executor://xunit/VsTestRunner2/netcoreapp" className="ModelRelief.Test.Integration.Cameras.CamerasBaseIntegrationTests" name="Put_ValidReferencePropertyUpdatesModel" /></UnitTest><UnitTest name="GetList_ListReturnsCorrectCount" storage="d:\modelrelief\modelrelief.test\bin\debug\netcoreapp2.0\modelrelief.test.dll" id="5970c668-5cd5-4ea4-b936-397b9f665d1b"><Execution id="7abf8e30-9bdd-4661-a853-46c4b613e115" /><TestMethod codeBase="D:\ModelRelief\ModelRelief.test\bin\Debug\netcoreapp2.0\ModelRelief.Test.dll" adapterTypeName="executor://xunit/VsTestRunner2/netcoreapp" className="ModelRelief.Test.Integration.Meshes.MeshesBaseIntegrationTests" name="GetList_ListReturnsCorrectCount" /></UnitTest><UnitTest name="Put_InvalidIdReturnsNotFound" storage="d:\modelrelief\modelrelief.test\bin\debug\netcoreapp2.0\modelrelief.test.dll" id="4a2bce85-df25-400b-b12a-7afe6f3c25b8"><Execution id="5a4e0dea-6e94-41a7-9264-613ba025ead4" /><TestMethod codeBase="D:\ModelRelief\ModelRelief.test\bin\Debug\netcoreapp2.0\ModelRelief.Test.dll" adapterTypeName="executor://xunit/VsTestRunner2/netcoreapp" className="ModelRelief.Test.Integration.Cameras.CamerasBaseIntegrationTests" name="Put_InvalidIdReturnsNotFound" /></UnitTest><UnitTest name="Put_ValidReferencePropertyUpdatesModel" storage="d:\modelrelief\modelrelief.test\bin\debug\netcoreapp2.0\modelrelief.test.dll" id="3f7de202-e6fa-40f1-90c6-b0d6de5edbb1"><Execution id="c7411289-7103-45a4-9e55-78f60b2e25d7" /><TestMethod codeBase="D:\ModelRelief\ModelRelief.test\bin\Debug\netcoreapp2.0\ModelRelief.Test.dll" adapterTypeName="executor://xunit/VsTestRunner2/netcoreapp" className="ModelRelief.Test.Integration.Projects.ProjectsBaseIntegrationTests" name="Put_ValidReferencePropertyUpdatesModel" /></UnitTest><UnitTest name="Patch_InvalidEnumPropertyValueReturnsBadRequest" storage="d:\modelrelief\modelrelief.test\bin\debug\netcoreapp2.0\modelrelief.test.dll" id="8de2a504-c30c-4e11-9d93-33b2c86c4154"><Execution id="4ee8f07e-738d-46ac-9cfb-895289350a8d" /><TestMethod codeBase="D:\ModelRelief\ModelRelief.test\bin\Debug\netcoreapp2.0\ModelRelief.Test.dll" adapterTypeName="executor://xunit/VsTestRunner2/netcoreapp" className="ModelRelief.Test.Integration.DepthBuffers.DepthBuffersBaseIntegrationTests" name="Patch_InvalidEnumPropertyValueReturnsBadRequest" /></UnitTest><UnitTest name="Post_CanCreateNewModel" storage="d:\modelrelief\modelrelief.test\bin\debug\netcoreapp2.0\modelrelief.test.dll" id="87504873-945c-40da-a92c-3bcf62888822"><Execution id="02294a1e-e3db-4890-b657-b0ba42bd96c1" /><TestMethod codeBase="D:\ModelRelief\ModelRelief.test\bin\Debug\netcoreapp2.0\ModelRelief.Test.dll" adapterTypeName="executor://xunit/VsTestRunner2/netcoreapp" className="ModelRelief.Test.Integration.Cameras.CamerasBaseIntegrationTests" name="Post_CanCreateNewModel" /></UnitTest><UnitTest name="GetFile_ExistingFileReturnsSuccess" storage="d:\modelrelief\modelrelief.test\bin\debug\netcoreapp2.0\modelrelief.test.dll" id="ebea06cb-49c4-4a0f-a6ae-48841b69f70f"><Execution id="7beb08a2-0893-43aa-980b-6bcafba731ab" /><TestMethod codeBase="D:\ModelRelief\ModelRelief.test\bin\Debug\netcoreapp2.0\ModelRelief.Test.dll" adapterTypeName="executor://xunit/VsTestRunner2/netcoreapp" className="ModelRelief.Test.Integration.DepthBuffers.DepthBuffersFileIntegrationTests" name="GetFile_ExistingFileReturnsSuccess" /></UnitTest><UnitTest name="Post_ValidReferencePropertyCreatesModel" storage="d:\modelrelief\modelrelief.test\bin\debug\netcoreapp2.0\modelrelief.test.dll" id="12d02bf6-bc8d-4b26-b57a-8971a7ec3b83"><Execution id="38bead8b-5649-4974-a484-721a29020b10" /><TestMethod codeBase="D:\ModelRelief\ModelRelief.test\bin\Debug\netcoreapp2.0\ModelRelief.Test.dll" adapterTypeName="executor://xunit/VsTestRunner2/netcoreapp" className="ModelRelief.Test.Integration.Cameras.CamerasBaseIntegrationTests" name="Post_ValidReferencePropertyCreatesModel" /></UnitTest><UnitTest name="Put_InvalidIdReturnsNotFound" storage="d:\modelrelief\modelrelief.test\bin\debug\netcoreapp2.0\modelrelief.test.dll" id="5dfb8870-db7d-459b-a160-bb67d3d66c4c"><Execution id="2687237f-91af-49c7-b672-a72158e2e5dd" /><TestMethod codeBase="D:\ModelRelief\ModelRelief.test\bin\Debug\netcoreapp2.0\ModelRelief.Test.dll" adapterTypeName="executor://xunit/VsTestRunner2/netcoreapp" className="ModelRelief.Test.Integration.Meshes.MeshesBaseIntegrationTests" name="Put_InvalidIdReturnsNotFound" /></UnitTest><UnitTest name="MeshTransformHasExpectedDependentFiles" storage="d:\modelrelief\modelrelief.test\bin\debug\netcoreapp2.0\modelrelief.test.dll" id="c522bd04-a7b5-43a0-84d9-21e868cfe547"><Execution id="5bc4d5c4-807e-4047-9c97-56460bc221db" /><TestMethod codeBase="D:\ModelRelief\ModelRelief.test\bin\Debug\netcoreapp2.0\ModelRelief.Test.dll" adapterTypeName="executor://xunit/VsTestRunner2/netcoreapp" className="ModelRelief.Test.Unit.DependencyManager.DependencyManagerTests" name="MeshTransformHasExpectedDependentFiles" /></UnitTest><UnitTest name="Put_ValidReferencePropertyUpdatesModel" storage="d:\modelrelief\modelrelief.test\bin\debug\netcoreapp2.0\modelrelief.test.dll" id="1332fc1c-136b-4edd-af37-6eff77710bcf"><Execution id="c6329055-f008-470b-8bad-505239997e18" /><TestMethod codeBase="D:\ModelRelief\ModelRelief.test\bin\Debug\netcoreapp2.0\ModelRelief.Test.dll" adapterTypeName="executor://xunit/VsTestRunner2/netcoreapp" className="ModelRelief.Test.Integration.DepthBuffers.DepthBuffersBaseIntegrationTests" name="Put_ValidReferencePropertyUpdatesModel" /></UnitTest><UnitTest name="GetFile_ExistingFileReturnsSuccess" storage="d:\modelrelief\modelrelief.test\bin\debug\netcoreapp2.0\modelrelief.test.dll" id="11ab0cd7-dac6-4b3e-a464-d8c11319c1b6"><Execution id="8de84e16-ad9a-4957-9349-1bd2243a1806" /><TestMethod codeBase="D:\ModelRelief\ModelRelief.test\bin\Debug\netcoreapp2.0\ModelRelief.Test.dll" adapterTypeName="executor://xunit/VsTestRunner2/netcoreapp" className="ModelRelief.Test.Integration.Meshes.MeshesFileIntegrationTests" name="GetFile_ExistingFileReturnsSuccess" /></UnitTest><UnitTest name="Patch_ValidReferencePropertyUpdatesModel" storage="d:\modelrelief\modelrelief.test\bin\debug\netcoreapp2.0\modelrelief.test.dll" id="5d7000ec-4fb3-475f-994d-0dbddb799424"><Execution id="f875e5fd-e06c-4796-8f36-76efc981e692" /><TestMethod codeBase="D:\ModelRelief\ModelRelief.test\bin\Debug\netcoreapp2.0\ModelRelief.Test.dll" adapterTypeName="executor://xunit/VsTestRunner2/netcoreapp" className="ModelRelief.Test.Integration.Cameras.CamerasBaseIntegrationTests" name="Patch_ValidReferencePropertyUpdatesModel" /></UnitTest><UnitTest name="Put_InvalidReferencePropertyReturndBadRequest" storage="d:\modelrelief\modelrelief.test\bin\debug\netcoreapp2.0\modelrelief.test.dll" id="0e105e28-6dc2-4a03-b35d-35ba8ae91e3e"><Execution id="edea90d3-44ad-44b2-a4ec-53128e981782" /><TestMethod codeBase="D:\ModelRelief\ModelRelief.test\bin\Debug\netcoreapp2.0\ModelRelief.Test.dll" adapterTypeName="executor://xunit/VsTestRunner2/netcoreapp" className="ModelRelief.Test.Integration.MeshTransforms.MeshTransformsBaseIntegrationTests" name="Put_InvalidReferencePropertyReturndBadRequest" /></UnitTest><UnitTest name="Patch_ValidReferencePropertyUpdatesModel" storage="d:\modelrelief\modelrelief.test\bin\debug\netcoreapp2.0\modelrelief.test.dll" id="274a4f04-9df5-4ff1-8d32-00733de37881"><Execution id="9a82f64c-0421-45c7-8168-c412eeebd25d" /><TestMethod codeBase="D:\ModelRelief\ModelRelief.test\bin\Debug\netcoreapp2.0\ModelRelief.Test.dll" adapterTypeName="executor://xunit/VsTestRunner2/netcoreapp" className="ModelRelief.Test.Integration.Projects.ProjectsBaseIntegrationTests" name="Patch_ValidReferencePropertyUpdatesModel" /></UnitTest><UnitTest name="Put_CanUpdateModel" storage="d:\modelrelief\modelrelief.test\bin\debug\netcoreapp2.0\modelrelief.test.dll" id="1ed3e561-f9e1-4883-9111-6add1babbb10"><Execution id="9328408d-0e01-4533-82c5-928cc31732aa" /><TestMethod codeBase="D:\ModelRelief\ModelRelief.test\bin\Debug\netcoreapp2.0\ModelRelief.Test.dll" adapterTypeName="executor://xunit/VsTestRunner2/netcoreapp" className="ModelRelief.Test.Integration.Meshes.MeshesBaseIntegrationTests" name="Put_CanUpdateModel" /></UnitTest><UnitTest name="Patch_InvalidReferencePropertyReturnsBadRequest" storage="d:\modelrelief\modelrelief.test\bin\debug\netcoreapp2.0\modelrelief.test.dll" id="8b652ff1-819b-4300-9bcf-2569d431d8bb"><Execution id="e67c469f-ff8c-44ae-9d38-8d6b7e4ed064" /><TestMethod codeBase="D:\ModelRelief\ModelRelief.test\bin\Debug\netcoreapp2.0\ModelRelief.Test.dll" adapterTypeName="executor://xunit/VsTestRunner2/netcoreapp" className="ModelRelief.Test.Integration.Cameras.CamerasBaseIntegrationTests" name="Patch_InvalidReferencePropertyReturnsBadRequest" /></UnitTest><UnitTest name="Patch_InvalidReferencePropertyReturnsBadRequest" storage="d:\modelrelief\modelrelief.test\bin\debug\netcoreapp2.0\modelrelief.test.dll" id="7a38879c-8465-45ac-b2a2-8788d6146bcf"><Execution id="cfa863df-e7e8-44f6-99d3-b6f8c7ec373e" /><TestMethod codeBase="D:\ModelRelief\ModelRelief.test\bin\Debug\netcoreapp2.0\ModelRelief.Test.dll" adapterTypeName="executor://xunit/VsTestRunner2/netcoreapp" className="ModelRelief.Test.Integration.Models.ModelsBaseIntegrationTests" name="Patch_InvalidReferencePropertyReturnsBadRequest" /></UnitTest><UnitTest name="Patch_InvalidEnumPropertyValueReturnsBadRequest" storage="d:\modelrelief\modelrelief.test\bin\debug\netcoreapp2.0\modelrelief.test.dll" id="d5935f90-1cf3-4ce5-b46f-e8bb3d713709"><Execution id="e308ffb3-95ed-4daf-b732-c5fcb5a2f57f" /><TestMethod codeBase="D:\ModelRelief\ModelRelief.test\bin\Debug\netcoreapp2.0\ModelRelief.Test.dll" adapterTypeName="executor://xunit/VsTestRunner2/netcoreapp" className="ModelRelief.Test.Integration.MeshTransforms.MeshTransformsBaseIntegrationTests" name="Patch_InvalidEnumPropertyValueReturnsBadRequest" /></UnitTest><UnitTest name="Put_ValidReferencePropertyUpdatesModel" storage="d:\modelrelief\modelrelief.test\bin\debug\netcoreapp2.0\modelrelief.test.dll" id="f568d4ae-26e1-4aa8-a1d4-adab2043817a"><Execution id="442d3bf2-71fc-457e-8e12-a2ae610162fe" /><TestMethod codeBase="D:\ModelRelief\ModelRelief.test\bin\Debug\netcoreapp2.0\ModelRelief.Test.dll" adapterTypeName="executor://xunit/VsTestRunner2/netcoreapp" className="ModelRelief.Test.Integration.Models.ModelsBaseIntegrationTests" name="Put_ValidReferencePropertyUpdatesModel" /></UnitTest><UnitTest name="Patch_InvalidReferencePropertyReturnsBadRequest" storage="d:\modelrelief\modelrelief.test\bin\debug\netcoreapp2.0\modelrelief.test.dll" id="1644c401-6125-44e6-a025-d34b32052efd"><Execution id="c43fa76b-29b8-43d6-8f60-1d9364b0b8de" /><TestMethod codeBase="D:\ModelRelief\ModelRelief.test\bin\Debug\netcoreapp2.0\ModelRelief.Test.dll" adapterTypeName="executor://xunit/VsTestRunner2/netcoreapp" className="ModelRelief.Test.Integration.DepthBuffers.DepthBuffersBaseIntegrationTests" name="Patch_InvalidReferencePropertyReturnsBadRequest" /></UnitTest><UnitTest name="PostFile_NewFileCanBePosted" storage="d:\modelrelief\modelrelief.test\bin\debug\netcoreapp2.0\modelrelief.test.dll" id="57a475ec-7744-429c-8f67-ef8b8b166b89"><Execution id="c9c7e154-0cd5-4cee-99f2-a212400f84a5" /><TestMethod codeBase="D:\ModelRelief\ModelRelief.test\bin\Debug\netcoreapp2.0\ModelRelief.Test.dll" adapterTypeName="executor://xunit/VsTestRunner2/netcoreapp" className="ModelRelief.Test.Integration.DepthBuffers.DepthBuffersFileIntegrationTests" name="PostFile_NewFileCanBePosted" /></UnitTest><UnitTest name="Patch_TargetPropertyIsUpdated" storage="d:\modelrelief\modelrelief.test\bin\debug\netcoreapp2.0\modelrelief.test.dll" id="3241134c-f0ac-4d82-9614-04b65cc1b750"><Execution id="5157ebf9-5c99-4108-9243-d4fb2f0612fa" /><TestMethod codeBase="D:\ModelRelief\ModelRelief.test\bin\Debug\netcoreapp2.0\ModelRelief.Test.dll" adapterTypeName="executor://xunit/VsTestRunner2/netcoreapp" className="ModelRelief.Test.Integration.Cameras.CamerasBaseIntegrationTests" name="Patch_TargetPropertyIsUpdated" /></UnitTest><UnitTest name="Post_InvalidPropertyValueReturnsBadRequest" storage="d:\modelrelief\modelrelief.test\bin\debug\netcoreapp2.0\modelrelief.test.dll" id="f8a9f3eb-babe-4ed5-8478-96fa8118deeb"><Execution id="3c045ac6-feec-4e83-9eae-07c7ae83e982" /><TestMethod codeBase="D:\ModelRelief\ModelRelief.test\bin\Debug\netcoreapp2.0\ModelRelief.Test.dll" adapterTypeName="executor://xunit/VsTestRunner2/netcoreapp" className="ModelRelief.Test.Integration.Projects.ProjectsBaseIntegrationTests" name="Post_InvalidPropertyValueReturnsBadRequest" /></UnitTest><UnitTest name="Post_InvalidPropertyValueReturnsBadRequest" storage="d:\modelrelief\modelrelief.test\bin\debug\netcoreapp2.0\modelrelief.test.dll" id="57138b50-2b85-447c-be2a-9c03ca1304fb"><Execution id="077e622f-6413-468c-a8a0-4c96aed2f440" /><TestMethod codeBase="D:\ModelRelief\ModelRelief.test\bin\Debug\netcoreapp2.0\ModelRelief.Test.dll" adapterTypeName="executor://xunit/VsTestRunner2/netcoreapp" className="ModelRelief.Test.Integration.Models.ModelsBaseIntegrationTests" name="Post_InvalidPropertyValueReturnsBadRequest" /></UnitTest><UnitTest name="PostFile_FileTimeStampIsUpdatedAfterFileIsPosted" storage="d:\modelrelief\modelrelief.test\bin\debug\netcoreapp2.0\modelrelief.test.dll" id="d490a616-963a-412a-911e-4d77b0b70654"><Execution id="529363c4-de37-4a2e-a889-10559cd2571b" /><TestMethod codeBase="D:\ModelRelief\ModelRelief.test\bin\Debug\netcoreapp2.0\ModelRelief.Test.dll" adapterTypeName="executor://xunit/VsTestRunner2/netcoreapp" className="ModelRelief.Test.Integration.Meshes.MeshesFileIntegrationTests" name="PostFile_FileTimeStampIsUpdatedAfterFileIsPosted" /></UnitTest><UnitTest name="Patch_ValidReferencePropertyUpdatesModel" storage="d:\modelrelief\modelrelief.test\bin\debug\netcoreapp2.0\modelrelief.test.dll" id="526120b3-7dfe-48c2-83d0-78bb295b06ba"><Execution id="dfc93370-ff15-455c-9ca4-e12a996cd0d4" /><TestMethod codeBase="D:\ModelRelief\ModelRelief.test\bin\Debug\netcoreapp2.0\ModelRelief.Test.dll" adapterTypeName="executor://xunit/VsTestRunner2/netcoreapp" className="ModelRelief.Test.Integration.DepthBuffers.DepthBuffersBaseIntegrationTests" name="Patch_ValidReferencePropertyUpdatesModel" /></UnitTest><UnitTest name="Patch_InvalidPropertyNameReturnsBadRequest" storage="d:\modelrelief\modelrelief.test\bin\debug\netcoreapp2.0\modelrelief.test.dll" id="dc84a6e4-f95e-4c9c-a5e8-04e1e5a605e8"><Execution id="53b2e4a1-b4b1-478b-9c95-19cb7eb98adb" /><TestMethod codeBase="D:\ModelRelief\ModelRelief.test\bin\Debug\netcoreapp2.0\ModelRelief.Test.dll" adapterTypeName="executor://xunit/VsTestRunner2/netcoreapp" className="ModelRelief.Test.Integration.DepthBuffers.DepthBuffersBaseIntegrationTests" name="Patch_InvalidPropertyNameReturnsBadRequest" /></UnitTest><UnitTest name="Post_ValidReferencePropertyCreatesModel" storage="d:\modelrelief\modelrelief.test\bin\debug\netcoreapp2.0\modelrelief.test.dll" id="f053e165-4ff7-40f3-8f1d-ff57682d7fcb"><Execution id="3fbfefb3-48c3-4694-a3a6-00ee5f09d0f3" /><TestMethod codeBase="D:\ModelRelief\ModelRelief.test\bin\Debug\netcoreapp2.0\ModelRelief.Test.dll" adapterTypeName="executor://xunit/VsTestRunner2/netcoreapp" className="ModelRelief.Test.Integration.Meshes.MeshesBaseIntegrationTests" name="Post_ValidReferencePropertyCreatesModel" /></UnitTest><UnitTest name="Put_CanUpdateModel" storage="d:\modelrelief\modelrelief.test\bin\debug\netcoreapp2.0\modelrelief.test.dll" id="063fb5a7-4b0e-4ac4-b9b1-1433e594e45e"><Execution id="030852fb-a319-4cd2-82bb-37c13f19f684" /><TestMethod codeBase="D:\ModelRelief\ModelRelief.test\bin\Debug\netcoreapp2.0\ModelRelief.Test.dll" adapterTypeName="executor://xunit/VsTestRunner2/netcoreapp" className="ModelRelief.Test.Integration.Models.ModelsBaseIntegrationTests" name="Put_CanUpdateModel" /></UnitTest><UnitTest name="Patch_ValidReferencePropertyUpdatesModel" storage="d:\modelrelief\modelrelief.test\bin\debug\netcoreapp2.0\modelrelief.test.dll" id="c57631a0-5634-430a-993c-afd7ca13f945"><Execution id="bd531376-5163-4572-9e53-a69017f82e46" /><TestMethod codeBase="D:\ModelRelief\ModelRelief.test\bin\Debug\netcoreapp2.0\ModelRelief.Test.dll" adapterTypeName="executor://xunit/VsTestRunner2/netcoreapp" className="ModelRelief.Test.Integration.MeshTransforms.MeshTransformsBaseIntegrationTests" name="Patch_ValidReferencePropertyUpdatesModel" /></UnitTest><UnitTest name="Patch_InvalidEnumPropertyValueReturnsBadRequest" storage="d:\modelrelief\modelrelief.test\bin\debug\netcoreapp2.0\modelrelief.test.dll" id="a81cd934-0658-41a1-95ef-a9c35c2eebbd"><Execution id="b5bc0c74-bbd6-42f8-8411-79aef3f56f46" /><TestMethod codeBase="D:\ModelRelief\ModelRelief.test\bin\Debug\netcoreapp2.0\ModelRelief.Test.dll" adapterTypeName="executor://xunit/VsTestRunner2/netcoreapp" className="ModelRelief.Test.Integration.Cameras.CamerasBaseIntegrationTests" name="Patch_InvalidEnumPropertyValueReturnsBadRequest" /></UnitTest><UnitTest name="Post_InvalidReferencePropertyReturnsBadRequest" storage="d:\modelrelief\modelrelief.test\bin\debug\netcoreapp2.0\modelrelief.test.dll" id="b10249ff-477b-4dba-8684-10658b940aff"><Execution id="a2147b09-9ba0-426e-a398-ab48779d17c3" /><TestMethod codeBase="D:\ModelRelief\ModelRelief.test\bin\Debug\netcoreapp2.0\ModelRelief.Test.dll" adapterTypeName="executor://xunit/VsTestRunner2/netcoreapp" className="ModelRelief.Test.Integration.Meshes.MeshesBaseIntegrationTests" name="Post_InvalidReferencePropertyReturnsBadRequest" /></UnitTest><UnitTest name="Patch_MultipleInvalidReferencePropertiesReturnsMultipleValidationErrorsAndBadRequest" storage="d:\modelrelief\modelrelief.test\bin\debug\netcoreapp2.0\modelrelief.test.dll" id="8cb35776-59c7-47f7-922c-c2961aa725dd"><Execution id="5540172d-0e95-4301-a505-4100076b2162" /><TestMethod codeBase="D:\ModelRelief\ModelRelief.test\bin\Debug\netcoreapp2.0\ModelRelief.Test.dll" adapterTypeName="executor://xunit/VsTestRunner2/netcoreapp" className="ModelRelief.Test.Integration.DepthBuffers.DepthBuffersBaseIntegrationTests" name="Patch_MultipleInvalidReferencePropertiesReturnsMultipleValidationErrorsAndBadRequest" /></UnitTest><UnitTest name="PutFile_NewFileCanBePut" storage="d:\modelrelief\modelrelief.test\bin\debug\netcoreapp2.0\modelrelief.test.dll" id="a9647f6f-cff3-4ead-ad55-2894af7f8b5c"><Execution id="64523849-3eb8-4639-93d3-2871acf9b681" /><TestMethod codeBase="D:\ModelRelief\ModelRelief.test\bin\Debug\netcoreapp2.0\ModelRelief.Test.dll" adapterTypeName="executor://xunit/VsTestRunner2/netcoreapp" className="ModelRelief.Test.Integration.DepthBuffers.DepthBuffersFileIntegrationTests" name="PutFile_NewFileCanBePut" /></UnitTest><UnitTest name="Patch_InvalidPropertyNameReturnsBadRequest" storage="d:\modelrelief\modelrelief.test\bin\debug\netcoreapp2.0\modelrelief.test.dll" id="119d5e57-ffe3-46ce-afa0-123edfe6f9a8"><Execution id="4d78f520-cf6f-4839-86ba-c5948124da48" /><TestMethod codeBase="D:\ModelRelief\ModelRelief.test\bin\Debug\netcoreapp2.0\ModelRelief.Test.dll" adapterTypeName="executor://xunit/VsTestRunner2/netcoreapp" className="ModelRelief.Test.Integration.Models.ModelsBaseIntegrationTests" name="Patch_InvalidPropertyNameReturnsBadRequest" /></UnitTest><UnitTest name="FileRequest_DepthBufferIsInvalidatedAfterCameraDependencyPropertyChange" storage="d:\modelrelief\modelrelief.test\bin\debug\netcoreapp2.0\modelrelief.test.dll" id="5987a65f-9764-44e7-9d5b-0c46d69cf4c0"><Execution id="2da80cda-ec8f-414e-b7a7-9aae8d996938" /><TestMethod codeBase="D:\ModelRelief\ModelRelief.test\bin\Debug\netcoreapp2.0\ModelRelief.Test.dll" adapterTypeName="executor://xunit/VsTestRunner2/netcoreapp" className="ModelRelief.Test.Integration.DepthBuffers.DepthBuffersFileIntegrationTests" name="FileRequest_DepthBufferIsInvalidatedAfterCameraDependencyPropertyChange" /></UnitTest><UnitTest name="GetSingle_InvalidIdPropertyValueReturnsNotFound" storage="d:\modelrelief\modelrelief.test\bin\debug\netcoreapp2.0\modelrelief.test.dll" id="d93f08a2-e64f-4abf-bc85-20d74e327fce"><Execution id="8ecc9acb-aba7-41a3-9a21-6ac9e9939310" /><TestMethod codeBase="D:\ModelRelief\ModelRelief.test\bin\Debug\netcoreapp2.0\ModelRelief.Test.dll" adapterTypeName="executor://xunit/VsTestRunner2/netcoreapp" className="ModelRelief.Test.Integration.Meshes.MeshesBaseIntegrationTests" name="GetSingle_InvalidIdPropertyValueReturnsNotFound" /></UnitTest><UnitTest name="Delete_TargetModelIsDeleted" storage="d:\modelrelief\modelrelief.test\bin\debug\netcoreapp2.0\modelrelief.test.dll" id="60858340-3d4b-4e43-a777-338c5c0d01f7"><Execution id="519449fd-133d-4a1f-b30f-22a746ef116b" /><TestMethod codeBase="D:\ModelRelief\ModelRelief.test\bin\Debug\netcoreapp2.0\ModelRelief.Test.dll" adapterTypeName="executor://xunit/VsTestRunner2/netcoreapp" className="ModelRelief.Test.Integration.Cameras.CamerasBaseIntegrationTests" name="Delete_TargetModelIsDeleted" /></UnitTest><UnitTest name="GetSingle_InvalidIdPropertyValueReturnsNotFound" storage="d:\modelrelief\modelrelief.test\bin\debug\netcoreapp2.0\modelrelief.test.dll" id="bcc677f6-252c-487c-a6e0-02b3b9347c02"><Execution id="f9daecbd-09cc-4a10-b7f5-e3c843490ecc" /><TestMethod codeBase="D:\ModelRelief\ModelRelief.test\bin\Debug\netcoreapp2.0\ModelRelief.Test.dll" adapterTypeName="executor://xunit/VsTestRunner2/netcoreapp" className="ModelRelief.Test.Integration.MeshTransforms.MeshTransformsBaseIntegrationTests" name="GetSingle_InvalidIdPropertyValueReturnsNotFound" /></UnitTest><UnitTest name="GetSingle_InvalidIdPropertyValueReturnsNotFound" storage="d:\modelrelief\modelrelief.test\bin\debug\netcoreapp2.0\modelrelief.test.dll" id="f97bb773-5f5a-4372-a2cf-e632393eb414"><Execution id="4b481dc6-3f0d-4ecc-985c-bb69e4841494" /><TestMethod codeBase="D:\ModelRelief\ModelRelief.test\bin\Debug\netcoreapp2.0\ModelRelief.Test.dll" adapterTypeName="executor://xunit/VsTestRunner2/netcoreapp" className="ModelRelief.Test.Integration.DepthBuffers.DepthBuffersBaseIntegrationTests" name="GetSingle_InvalidIdPropertyValueReturnsNotFound" /></UnitTest><UnitTest name="GetSingle_ValidIdPropertyValueReturnsCorrectModel" storage="d:\modelrelief\modelrelief.test\bin\debug\netcoreapp2.0\modelrelief.test.dll" id="cf562931-37d0-4acb-a018-4492c5916729"><Execution id="faef06bf-5d2c-47a8-97c9-9037df884b44" /><TestMethod codeBase="D:\ModelRelief\ModelRelief.test\bin\Debug\netcoreapp2.0\ModelRelief.Test.dll" adapterTypeName="executor://xunit/VsTestRunner2/netcoreapp" className="ModelRelief.Test.Integration.Models.ModelsBaseIntegrationTests" name="GetSingle_ValidIdPropertyValueReturnsCorrectModel" /></UnitTest><UnitTest name="Patch_InvalidIdPropertyReturnsNotFound" storage="d:\modelrelief\modelrelief.test\bin\debug\netcoreapp2.0\modelrelief.test.dll" id="827288ff-80ff-48e4-abd2-434ac7f2dc15"><Execution id="6c3a6ac8-e9a1-4e82-892d-fd478fa90bd2" /><TestMethod codeBase="D:\ModelRelief\ModelRelief.test\bin\Debug\netcoreapp2.0\ModelRelief.Test.dll" adapterTypeName="executor://xunit/VsTestRunner2/netcoreapp" className="ModelRelief.Test.Integration.Projects.ProjectsBaseIntegrationTests" name="Patch_InvalidIdPropertyReturnsNotFound" /></UnitTest><UnitTest name="Post_CanCreateNewModel" storage="d:\modelrelief\modelrelief.test\bin\debug\netcoreapp2.0\modelrelief.test.dll" id="2a5d0b59-b946-4d64-9211-aeb87e89d782"><Execution id="3def2d0b-5bf9-4b5d-860e-59cbc1662fcc" /><TestMethod codeBase="D:\ModelRelief\ModelRelief.test\bin\Debug\netcoreapp2.0\ModelRelief.Test.dll" adapterTypeName="executor://xunit/VsTestRunner2/netcoreapp" className="ModelRelief.Test.Integration.Projects.ProjectsBaseIntegrationTests" name="Post_CanCreateNewModel" /></UnitTest><UnitTest name="Post_ValidReferencePropertyCreatesModel" storage="d:\modelrelief\modelrelief.test\bin\debug\netcoreapp2.0\modelrelief.test.dll" id="ba021a29-73e0-4121-9d68-b0b3417af1d2"><Execution id="1407b1c7-67fe-4c13-857b-7b4caa03b5c7" /><TestMethod codeBase="D:\ModelRelief\ModelRelief.test\bin\Debug\netcoreapp2.0\ModelRelief.Test.dll" adapterTypeName="executor://xunit/VsTestRunner2/netcoreapp" className="ModelRelief.Test.Integration.Projects.ProjectsBaseIntegrationTests" name="Post_ValidReferencePropertyCreatesModel" /></UnitTest><UnitTest name="GetSingle_ValidIdPropertyValueReturnsCorrectModel" storage="d:\modelrelief\modelrelief.test\bin\debug\netcoreapp2.0\modelrelief.test.dll" id="26222525-2a07-432b-a992-f1483ddaac9d"><Execution id="147046c7-5833-41b8-b65b-d4b118844c6c" /><TestMethod codeBase="D:\ModelRelief\ModelRelief.test\bin\Debug\netcoreapp2.0\ModelRelief.Test.dll" adapterTypeName="executor://xunit/VsTestRunner2/netcoreapp" className="ModelRelief.Test.Integration.DepthBuffers.DepthBuffersBaseIntegrationTests" name="GetSingle_ValidIdPropertyValueReturnsCorrectModel" /></UnitTest><UnitTest name="PutFile_FileCanBeUpdated" storage="d:\modelrelief\modelrelief.test\bin\debug\netcoreapp2.0\modelrelief.test.dll" id="1ea1aa40-bff0-4354-84fa-2fba73f2ad0e"><Execution id="8e3f4da0-b116-451e-af26-24d7b61c537e" /><TestMethod codeBase="D:\ModelRelief\ModelRelief.test\bin\Debug\netcoreapp2.0\ModelRelief.Test.dll" adapterTypeName="executor://xunit/VsTestRunner2/netcoreapp" className="ModelRelief.Test.Integration.Meshes.MeshesFileIntegrationTests" name="PutFile_FileCanBeUpdated" /></UnitTest><UnitTest name="Post_InvalidPropertyValueReturnsBadRequest" storage="d:\modelrelief\modelrelief.test\bin\debug\netcoreapp2.0\modelrelief.test.dll" id="142d3f26-4d37-4d44-aa61-0802e0f4ae58"><Execution id="40691e78-e9b5-4a01-b23b-ee6ee4197c7f" /><TestMethod codeBase="D:\ModelRelief\ModelRelief.test\bin\Debug\netcoreapp2.0\ModelRelief.Test.dll" adapterTypeName="executor://xunit/VsTestRunner2/netcoreapp" className="ModelRelief.Test.Integration.DepthBuffers.DepthBuffersBaseIntegrationTests" name="Post_InvalidPropertyValueReturnsBadRequest" /></UnitTest><UnitTest name="DepthBufferHasExpectedDependentFiles" storage="d:\modelrelief\modelrelief.test\bin\debug\netcoreapp2.0\modelrelief.test.dll" id="0f2ca2eb-d985-461c-8272-25f0f5dfd07b"><Execution id="65d2a9ad-8a5b-4e58-afde-5f9f6ba954f8" /><TestMethod codeBase="D:\ModelRelief\ModelRelief.test\bin\Debug\netcoreapp2.0\ModelRelief.Test.dll" adapterTypeName="executor://xunit/VsTestRunner2/netcoreapp" className="ModelRelief.Test.Unit.DependencyManager.DependencyManagerTests" name="DepthBufferHasExpectedDependentFiles" /></UnitTest><UnitTest name="PostFile_FileTimeStampIsUpdatedAfterFileIsPosted" storage="d:\modelrelief\modelrelief.test\bin\debug\netcoreapp2.0\modelrelief.test.dll" id="e8ac9ef0-0ace-44be-a5c5-145748d0b3c0"><Execution id="12c48817-5d5b-48e2-8ac0-9422f3a45575" /><TestMethod codeBase="D:\ModelRelief\ModelRelief.test\bin\Debug\netcoreapp2.0\ModelRelief.Test.dll" adapterTypeName="executor://xunit/VsTestRunner2/netcoreapp" className="ModelRelief.Test.Integration.Models.ModelsFileIntegrationTests" name="PostFile_FileTimeStampIsUpdatedAfterFileIsPosted" /></UnitTest><UnitTest name="Patch_InvalidPropertyNameReturnsBadRequest" storage="d:\modelrelief\modelrelief.test\bin\debug\netcoreapp2.0\modelrelief.test.dll" id="c1908012-f46c-4b1c-8bd2-8a1344531e9a"><Execution id="efa7fd48-c69e-416c-bab8-0fb819acab2b" /><TestMethod codeBase="D:\ModelRelief\ModelRelief.test\bin\Debug\netcoreapp2.0\ModelRelief.Test.dll" adapterTypeName="executor://xunit/VsTestRunner2/netcoreapp" className="ModelRelief.Test.Integration.Meshes.MeshesBaseIntegrationTests" name="Patch_InvalidPropertyNameReturnsBadRequest" /></UnitTest><UnitTest name="Post_CanCreateNewModel" storage="d:\modelrelief\modelrelief.test\bin\debug\netcoreapp2.0\modelrelief.test.dll" id="98b9df4b-cd49-4ced-9473-b697fd65a307"><Execution id="1d5a1bb0-ba54-40c3-96f2-e7388922b518" /><TestMethod codeBase="D:\ModelRelief\ModelRelief.test\bin\Debug\netcoreapp2.0\ModelRelief.Test.dll" adapterTypeName="executor://xunit/VsTestRunner2/netcoreapp" className="ModelRelief.Test.Integration.Models.ModelsBaseIntegrationTests" name="Post_CanCreateNewModel" /></UnitTest><UnitTest name="Patch_InvalidEnumPropertyValueReturnsBadRequest" storage="d:\modelrelief\modelrelief.test\bin\debug\netcoreapp2.0\modelrelief.test.dll" id="a38221b2-b973-47c3-aafb-6110fa4046b7"><Execution id="6713706a-58d7-4eb2-b6d9-0b41c4b955fe" /><TestMethod codeBase="D:\ModelRelief\ModelRelief.test\bin\Debug\netcoreapp2.0\ModelRelief.Test.dll" adapterTypeName="executor://xunit/VsTestRunner2/netcoreapp" className="ModelRelief.Test.Integration.Projects.ProjectsBaseIntegrationTests" name="Patch_InvalidEnumPropertyValueReturnsBadRequest" /></UnitTest><UnitTest name="Patch_TargetPropertyIsUpdated" storage="d:\modelrelief\modelrelief.test\bin\debug\netcoreapp2.0\modelrelief.test.dll" id="5caa7de5-5578-45bf-bb87-1c2656bf99bd"><Execution id="7758aa42-5b43-4809-b7cf-072d6ec6c8db" /><TestMethod codeBase="D:\ModelRelief\ModelRelief.test\bin\Debug\netcoreapp2.0\ModelRelief.Test.dll" adapterTypeName="executor://xunit/VsTestRunner2/netcoreapp" className="ModelRelief.Test.Integration.Projects.ProjectsBaseIntegrationTests" name="Patch_TargetPropertyIsUpdated" /></UnitTest><UnitTest name="Patch_InvalidReferencePropertyReturnsBadRequest" storage="d:\modelrelief\modelrelief.test\bin\debug\netcoreapp2.0\modelrelief.test.dll" id="3cf22076-e248-4407-8409-b965dedabf19"><Execution id="7689f412-6a03-47fc-ad5b-35f5a5e5dddf" /><TestMethod codeBase="D:\ModelRelief\ModelRelief.test\bin\Debug\netcoreapp2.0\ModelRelief.Test.dll" adapterTypeName="executor://xunit/VsTestRunner2/netcoreapp" className="ModelRelief.Test.Integration.Projects.ProjectsBaseIntegrationTests" name="Patch_InvalidReferencePropertyReturnsBadRequest" /></UnitTest><UnitTest name="Patch_InvalidPropertyNameReturnsBadRequest" storage="d:\modelrelief\modelrelief.test\bin\debug\netcoreapp2.0\modelrelief.test.dll" id="86d5833c-315b-41fa-b478-9a4afcbad7f4"><Execution id="f5bb95a2-b0d4-4497-a14f-3851b3d08ad5" /><TestMethod codeBase="D:\ModelRelief\ModelRelief.test\bin\Debug\netcoreapp2.0\ModelRelief.Test.dll" adapterTypeName="executor://xunit/VsTestRunner2/netcoreapp" className="ModelRelief.Test.Integration.Projects.ProjectsBaseIntegrationTests" name="Patch_InvalidPropertyNameReturnsBadRequest" /></UnitTest><UnitTest name="Put_InvalidReferencePropertyReturndBadRequest" storage="d:\modelrelief\modelrelief.test\bin\debug\netcoreapp2.0\modelrelief.test.dll" id="a727a177-1d0e-4e70-8f8f-04aa759d2de3"><Execution id="d875a449-56cd-4422-b6b0-ffd12c038c1a" /><TestMethod codeBase="D:\ModelRelief\ModelRelief.test\bin\Debug\netcoreapp2.0\ModelRelief.Test.dll" adapterTypeName="executor://xunit/VsTestRunner2/netcoreapp" className="ModelRelief.Test.Integration.Projects.ProjectsBaseIntegrationTests" name="Put_InvalidReferencePropertyReturndBadRequest" /></UnitTest><UnitTest name="Patch_MultipleInvalidReferencePropertiesReturnsMultipleValidationErrorsAndBadRequest" storage="d:\modelrelief\modelrelief.test\bin\debug\netcoreapp2.0\modelrelief.test.dll" id="b5cf9e69-08f1-4494-b385-7c91e8e9c24c"><Execution id="465100b2-3d8c-43f7-a3e5-347a0d57b41d" /><TestMethod codeBase="D:\ModelRelief\ModelRelief.test\bin\Debug\netcoreapp2.0\ModelRelief.Test.dll" adapterTypeName="executor://xunit/VsTestRunner2/netcoreapp" className="ModelRelief.Test.Integration.MeshTransforms.MeshTransformsBaseIntegrationTests" name="Patch_MultipleInvalidReferencePropertiesReturnsMultipleValidationErrorsAndBadRequest" /></UnitTest><UnitTest name="GetSingle_InvalidIdPropertyValueReturnsNotFound" storage="d:\modelrelief\modelrelief.test\bin\debug\netcoreapp2.0\modelrelief.test.dll" id="1f74b737-22c2-4747-9b57-1f45dd3423d8"><Execution id="39108a45-84eb-4910-81a4-a9619ebd6cd9" /><TestMethod codeBase="D:\ModelRelief\ModelRelief.test\bin\Debug\netcoreapp2.0\ModelRelief.Test.dll" adapterTypeName="executor://xunit/VsTestRunner2/netcoreapp" className="ModelRelief.Test.Integration.Projects.ProjectsBaseIntegrationTests" name="GetSingle_InvalidIdPropertyValueReturnsNotFound" /></UnitTest><UnitTest name="Patch_MultipleInvalidReferencePropertiesReturnsMultipleValidationErrorsAndBadRequest" storage="d:\modelrelief\modelrelief.test\bin\debug\netcoreapp2.0\modelrelief.test.dll" id="dbd4269d-d753-4d60-8c77-2dd8f3968e4d"><Execution id="728cb692-1ed9-4c69-8370-524fd0ae98e3" /><TestMethod codeBase="D:\ModelRelief\ModelRelief.test\bin\Debug\netcoreapp2.0\ModelRelief.Test.dll" adapterTypeName="executor://xunit/VsTestRunner2/netcoreapp" className="ModelRelief.Test.Integration.Projects.ProjectsBaseIntegrationTests" name="Patch_MultipleInvalidReferencePropertiesReturnsMultipleValidationErrorsAndBadRequest" /></UnitTest><UnitTest name="Post_ValidReferencePropertyCreatesModel" storage="d:\modelrelief\modelrelief.test\bin\debug\netcoreapp2.0\modelrelief.test.dll" id="21a89152-f991-494b-b776-ffd0a209652d"><Execution id="a28d7bab-6291-4848-a8d2-7889de56dcc9" /><TestMethod codeBase="D:\ModelRelief\ModelRelief.test\bin\Debug\netcoreapp2.0\ModelRelief.Test.dll" adapterTypeName="executor://xunit/VsTestRunner2/netcoreapp" className="ModelRelief.Test.Integration.DepthBuffers.DepthBuffersBaseIntegrationTests" name="Post_ValidReferencePropertyCreatesModel" /></UnitTest><UnitTest name="Patch_ValidReferencePropertyUpdatesModel" storage="d:\modelrelief\modelrelief.test\bin\debug\netcoreapp2.0\modelrelief.test.dll" id="07a1db2f-64b1-42fc-a8d5-65bf1a74ed0c"><Execution id="0a9199b4-b67e-41ef-990b-1bc7d7ac5434" /><TestMethod codeBase="D:\ModelRelief\ModelRelief.test\bin\Debug\netcoreapp2.0\ModelRelief.Test.dll" adapterTypeName="executor://xunit/VsTestRunner2/netcoreapp" className="ModelRelief.Test.Integration.Models.ModelsBaseIntegrationTests" name="Patch_ValidReferencePropertyUpdatesModel" /></UnitTest><UnitTest name="Patch_InvalidIdPropertyReturnsNotFound" storage="d:\modelrelief\modelrelief.test\bin\debug\netcoreapp2.0\modelrelief.test.dll" id="6b43e576-dd2c-45a3-8a82-94ef452af7f5"><Execution id="130f3c62-8db8-4ace-852e-c7744cc92785" /><TestMethod codeBase="D:\ModelRelief\ModelRelief.test\bin\Debug\netcoreapp2.0\ModelRelief.Test.dll" adapterTypeName="executor://xunit/VsTestRunner2/netcoreapp" className="ModelRelief.Test.Integration.DepthBuffers.DepthBuffersBaseIntegrationTests" name="Patch_InvalidIdPropertyReturnsNotFound" /></UnitTest><UnitTest name="Patch_InvalidPropertyNameReturnsBadRequest" storage="d:\modelrelief\modelrelief.test\bin\debug\netcoreapp2.0\modelrelief.test.dll" id="ff8e7031-1118-46bc-979d-7baea55a27c1"><Execution id="3ce6df5b-c3f5-4eb7-8e16-6a03611a293b" /><TestMethod codeBase="D:\ModelRelief\ModelRelief.test\bin\Debug\netcoreapp2.0\ModelRelief.Test.dll" adapterTypeName="executor://xunit/VsTestRunner2/netcoreapp" className="ModelRelief.Test.Integration.Cameras.CamerasBaseIntegrationTests" name="Patch_InvalidPropertyNameReturnsBadRequest" /></UnitTest><UnitTest name="Put_CanUpdateModel" storage="d:\modelrelief\modelrelief.test\bin\debug\netcoreapp2.0\modelrelief.test.dll" id="e0d12549-4324-4ea2-aed3-801fbb6a1c1d"><Execution id="4fcdf4cb-0c84-4c12-9b5c-85e4dae979e6" /><TestMethod codeBase="D:\ModelRelief\ModelRelief.test\bin\Debug\netcoreapp2.0\ModelRelief.Test.dll" adapterTypeName="executor://xunit/VsTestRunner2/netcoreapp" className="ModelRelief.Test.Integration.MeshTransforms.MeshTransformsBaseIntegrationTests" name="Put_CanUpdateModel" /></UnitTest><UnitTest name="Post_ValidReferencePropertyCreatesModel" storage="d:\modelrelief\modelrelief.test\bin\debug\netcoreapp2.0\modelrelief.test.dll" id="5d642573-1de2-450a-8204-e33381f2e09c"><Execution id="885007b1-21e1-43a1-82f6-adc401854a58" /><TestMethod codeBase="D:\ModelRelief\ModelRelief.test\bin\Debug\netcoreapp2.0\ModelRelief.Test.dll" adapterTypeName="executor://xunit/VsTestRunner2/netcoreapp" className="ModelRelief.Test.Integration.Models.ModelsBaseIntegrationTests" name="Post_ValidReferencePropertyCreatesModel" /></UnitTest><UnitTest name="GetSingle_ValidIdPropertyValueReturnsCorrectModel" storage="d:\modelrelief\modelrelief.test\bin\debug\netcoreapp2.0\modelrelief.test.dll" id="1fb8f863-ad79-4c18-bfff-1de522c6b4ef"><Execution id="f082872d-acd6-4de6-9ccb-52a721088fbd" /><TestMethod codeBase="D:\ModelRelief\ModelRelief.test\bin\Debug\netcoreapp2.0\ModelRelief.Test.dll" adapterTypeName="executor://xunit/VsTestRunner2/netcoreapp" className="ModelRelief.Test.Integration.Meshes.MeshesBaseIntegrationTests" name="GetSingle_ValidIdPropertyValueReturnsCorrectModel" /></UnitTest><UnitTest name="FileRequest_MeshGenerateSetsFileIsSynchronized" storage="d:\modelrelief\modelrelief.test\bin\debug\netcoreapp2.0\modelrelief.test.dll" id="a9f81c6b-5408-41d4-bbd6-8066f55769fd"><Execution id="9d97f75a-7dee-42d4-af7d-699381fbd899" /><TestMethod codeBase="D:\ModelRelief\ModelRelief.test\bin\Debug\netcoreapp2.0\ModelRelief.Test.dll" adapterTypeName="executor://xunit/VsTestRunner2/netcoreapp" className="ModelRelief.Test.Integration.Meshes.MeshesFileIntegrationTests" name="FileRequest_MeshGenerateSetsFileIsSynchronized" /></UnitTest><UnitTest name="GetFile_FileCanBeRoundTripped" storage="d:\modelrelief\modelrelief.test\bin\debug\netcoreapp2.0\modelrelief.test.dll" id="627893f5-a390-4118-adf3-b5421c650891"><Execution id="a23ef740-0b41-4879-aee4-e9ac2ed75111" /><TestMethod codeBase="D:\ModelRelief\ModelRelief.test\bin\Debug\netcoreapp2.0\ModelRelief.Test.dll" adapterTypeName="executor://xunit/VsTestRunner2/netcoreapp" className="ModelRelief.Test.Integration.Models.ModelsFileIntegrationTests" name="GetFile_FileCanBeRoundTripped" /></UnitTest><UnitTest name="LucyModel3dHasTwoDependents" storage="d:\modelrelief\modelrelief.test\bin\debug\netcoreapp2.0\modelrelief.test.dll" id="12b4170d-e314-41bf-805f-e793455919a6"><Execution id="ae5e8349-4078-46bc-acff-e07a01a44e57" /><TestMethod codeBase="D:\ModelRelief\ModelRelief.test\bin\Debug\netcoreapp2.0\ModelRelief.Test.dll" adapterTypeName="executor://xunit/VsTestRunner2/netcoreapp" className="ModelRelief.Test.Unit.DependencyManager.DependencyManagerTests" name="LucyModel3dHasTwoDependents" /></UnitTest><UnitTest name="CameraHasExpectedDependentFiles" storage="d:\modelrelief\modelrelief.test\bin\debug\netcoreapp2.0\modelrelief.test.dll" id="af34d7a8-5dc6-4a4f-978c-384e540fc3a4"><Execution id="cadacfde-07f2-427c-a9ac-86f0784669fe" /><TestMethod codeBase="D:\ModelRelief\ModelRelief.test\bin\Debug\netcoreapp2.0\ModelRelief.Test.dll" adapterTypeName="executor://xunit/VsTestRunner2/netcoreapp" className="ModelRelief.Test.Unit.DependencyManager.DependencyManagerTests" name="CameraHasExpectedDependentFiles" /></UnitTest><UnitTest name="Patch_MultipleInvalidReferencePropertiesReturnsMultipleValidationErrorsAndBadRequest" storage="d:\modelrelief\modelrelief.test\bin\debug\netcoreapp2.0\modelrelief.test.dll" id="1699e7eb-5b24-4588-8b77-8f1fc9dbe16f"><Execution id="af6b1948-df8f-4386-a316-299e9f9e5031" /><TestMethod codeBase="D:\ModelRelief\ModelRelief.test\bin\Debug\netcoreapp2.0\ModelRelief.Test.dll" adapterTypeName="executor://xunit/VsTestRunner2/netcoreapp" className="ModelRelief.Test.Integration.Cameras.CamerasBaseIntegrationTests" name="Patch_MultipleInvalidReferencePropertiesReturnsMultipleValidationErrorsAndBadRequest" /></UnitTest><UnitTest name="GetFile_FileCanBeRoundTripped" storage="d:\modelrelief\modelrelief.test\bin\debug\netcoreapp2.0\modelrelief.test.dll" id="42a3f51c-99dc-4cb2-9bb9-82f7341bd163"><Execution id="c45268fd-6a5a-4e57-afea-d6a051d408db" /><TestMethod codeBase="D:\ModelRelief\ModelRelief.test\bin\Debug\netcoreapp2.0\ModelRelief.Test.dll" adapterTypeName="executor://xunit/VsTestRunner2/netcoreapp" className="ModelRelief.Test.Integration.DepthBuffers.DepthBuffersFileIntegrationTests" name="GetFile_FileCanBeRoundTripped" /></UnitTest><UnitTest name="Post_InvalidPropertyValueReturnsBadRequest" storage="d:\modelrelief\modelrelief.test\bin\debug\netcoreapp2.0\modelrelief.test.dll" id="49dd4e95-c210-46ad-acd6-7c2b0a6ed581"><Execution id="f6e66fa5-9379-4160-aba8-41a768e022f6" /><TestMethod codeBase="D:\ModelRelief\ModelRelief.test\bin\Debug\netcoreapp2.0\ModelRelief.Test.dll" adapterTypeName="executor://xunit/VsTestRunner2/netcoreapp" className="ModelRelief.Test.Integration.Meshes.MeshesBaseIntegrationTests" name="Post_InvalidPropertyValueReturnsBadRequest" /></UnitTest><UnitTest name="Put_InvalidIdReturnsNotFound" storage="d:\modelrelief\modelrelief.test\bin\debug\netcoreapp2.0\modelrelief.test.dll" id="f44943d2-3134-45b1-81fd-8067b7837fe5"><Execution id="69de8881-f762-4266-b528-dad9197d6758" /><TestMethod codeBase="D:\ModelRelief\ModelRelief.test\bin\Debug\netcoreapp2.0\ModelRelief.Test.dll" adapterTypeName="executor://xunit/VsTestRunner2/netcoreapp" className="ModelRelief.Test.Integration.MeshTransforms.MeshTransformsBaseIntegrationTests" name="Put_InvalidIdReturnsNotFound" /></UnitTest><UnitTest name="Post_ValidReferencePropertyCreatesModel" storage="d:\modelrelief\modelrelief.test\bin\debug\netcoreapp2.0\modelrelief.test.dll" id="f6a749f6-ed48-467c-8c7a-3242198eb27d"><Execution id="95d82009-6a20-4f03-afc0-494b7585781b" /><TestMethod codeBase="D:\ModelRelief\ModelRelief.test\bin\Debug\netcoreapp2.0\ModelRelief.Test.dll" adapterTypeName="executor://xunit/VsTestRunner2/netcoreapp" className="ModelRelief.Test.Integration.MeshTransforms.MeshTransformsBaseIntegrationTests" name="Post_ValidReferencePropertyCreatesModel" /></UnitTest><UnitTest name="Post_CanCreateNewModel" storage="d:\modelrelief\modelrelief.test\bin\debug\netcoreapp2.0\modelrelief.test.dll" id="7362af09-aa27-4e3e-8d68-67056c1cbc91"><Execution id="b667d479-ade6-4dc0-9d7f-ce87cfaab227" /><TestMethod codeBase="D:\ModelRelief\ModelRelief.test\bin\Debug\netcoreapp2.0\ModelRelief.Test.dll" adapterTypeName="executor://xunit/VsTestRunner2/netcoreapp" className="ModelRelief.Test.Integration.MeshTransforms.MeshTransformsBaseIntegrationTests" name="Post_CanCreateNewModel" /></UnitTest><UnitTest name="Delete_TargetModelIsDeleted" storage="d:\modelrelief\modelrelief.test\bin\debug\netcoreapp2.0\modelrelief.test.dll" id="ada59c09-2393-4e1d-bb45-6ac4bc506457"><Execution id="fcd9f1f9-705d-4023-bd81-f1eb47eedd00" /><TestMethod codeBase="D:\ModelRelief\ModelRelief.test\bin\Debug\netcoreapp2.0\ModelRelief.Test.dll" adapterTypeName="executor://xunit/VsTestRunner2/netcoreapp" className="ModelRelief.Test.Integration.MeshTransforms.MeshTransformsBaseIntegrationTests" name="Delete_TargetModelIsDeleted" /></UnitTest><UnitTest name="Delete_TargetModelIsDeleted" storage="d:\modelrelief\modelrelief.test\bin\debug\netcoreapp2.0\modelrelief.test.dll" id="a0ac2916-1ddc-489d-97af-1eded2b3fcff"><Execution id="0e9416a8-7f6d-4856-b198-4ed3f932eba1" /><TestMethod codeBase="D:\ModelRelief\ModelRelief.test\bin\Debug\netcoreapp2.0\ModelRelief.Test.dll" adapterTypeName="executor://xunit/VsTestRunner2/netcoreapp" className="ModelRelief.Test.Integration.Models.ModelsBaseIntegrationTests" name="Delete_TargetModelIsDeleted" /></UnitTest><UnitTest name="PutFile_NewFileCanBePut" storage="d:\modelrelief\modelrelief.test\bin\debug\netcoreapp2.0\modelrelief.test.dll" id="393940b4-f173-4832-98dd-086068701b04"><Execution id="f2e9a11d-08f1-4c58-9211-5a3e849b01ea" /><TestMethod codeBase="D:\ModelRelief\ModelRelief.test\bin\Debug\netcoreapp2.0\ModelRelief.Test.dll" adapterTypeName="executor://xunit/VsTestRunner2/netcoreapp" className="ModelRelief.Test.Integration.Models.ModelsFileIntegrationTests" name="PutFile_NewFileCanBePut" /></UnitTest><UnitTest name="Put_CanUpdateModel" storage="d:\modelrelief\modelrelief.test\bin\debug\netcoreapp2.0\modelrelief.test.dll" id="00da029c-4a2a-48e0-aec7-219868aac632"><Execution id="6e6239be-f333-4397-833e-f4201dd2a1c6" /><TestMethod codeBase="D:\ModelRelief\ModelRelief.test\bin\Debug\netcoreapp2.0\ModelRelief.Test.dll" adapterTypeName="executor://xunit/VsTestRunner2/netcoreapp" className="ModelRelief.Test.Integration.Cameras.CamerasBaseIntegrationTests" name="Put_CanUpdateModel" /></UnitTest><UnitTest name="FileRequest_FileCanBeReadAfterRename" storage="d:\modelrelief\modelrelief.test\bin\debug\netcoreapp2.0\modelrelief.test.dll" id="20ba135c-78d8-4ef6-bd6e-6d52a4ea58b3"><Execution id="f6804e35-6f11-4e68-bf87-92b0c0f147f2" /><TestMethod codeBase="D:\ModelRelief\ModelRelief.test\bin\Debug\netcoreapp2.0\ModelRelief.Test.dll" adapterTypeName="executor://xunit/VsTestRunner2/netcoreapp" className="ModelRelief.Test.Integration.DepthBuffers.DepthBuffersFileIntegrationTests" name="FileRequest_FileCanBeReadAfterRename" /></UnitTest><UnitTest name="Patch_TargetPropertyIsUpdated" storage="d:\modelrelief\modelrelief.test\bin\debug\netcoreapp2.0\modelrelief.test.dll" id="99c227e4-a997-4c37-9c46-eb902e3d17c9"><Execution id="f0faf727-f807-4d3a-9064-0189fe81b192" /><TestMethod codeBase="D:\ModelRelief\ModelRelief.test\bin\Debug\netcoreapp2.0\ModelRelief.Test.dll" adapterTypeName="executor://xunit/VsTestRunner2/netcoreapp" className="ModelRelief.Test.Integration.DepthBuffers.DepthBuffersBaseIntegrationTests" name="Patch_TargetPropertyIsUpdated" /></UnitTest><UnitTest name="GetList_ListReturnsCorrectCount" storage="d:\modelrelief\modelrelief.test\bin\debug\netcoreapp2.0\modelrelief.test.dll" id="38b5043a-8e8d-477b-bf76-30e60687740d"><Execution id="a57b43f0-59b4-46fb-b6bf-a8e26f78ba0d" /><TestMethod codeBase="D:\ModelRelief\ModelRelief.test\bin\Debug\netcoreapp2.0\ModelRelief.Test.dll" adapterTypeName="executor://xunit/VsTestRunner2/netcoreapp" className="ModelRelief.Test.Integration.MeshTransforms.MeshTransformsBaseIntegrationTests" name="GetList_ListReturnsCorrectCount" /></UnitTest><UnitTest name="Patch_InvalidIdPropertyReturnsNotFound" storage="d:\modelrelief\modelrelief.test\bin\debug\netcoreapp2.0\modelrelief.test.dll" id="a86a0a4e-7218-4103-8ef4-232f80e21e81"><Execution id="b2b6a75f-4872-4ae5-b9ed-506db8c6b01c" /><TestMethod codeBase="D:\ModelRelief\ModelRelief.test\bin\Debug\netcoreapp2.0\ModelRelief.Test.dll" adapterTypeName="executor://xunit/VsTestRunner2/netcoreapp" className="ModelRelief.Test.Integration.Meshes.MeshesBaseIntegrationTests" name="Patch_InvalidIdPropertyReturnsNotFound" /></UnitTest><UnitTest name="Patch_InvalidReferencePropertyReturnsBadRequest" storage="d:\modelrelief\modelrelief.test\bin\debug\netcoreapp2.0\modelrelief.test.dll" id="81947a2f-67c3-426c-8ae1-874d7a80a97c"><Execution id="110273b2-ffc8-4eaa-8431-347212ab0b2d" /><TestMethod codeBase="D:\ModelRelief\ModelRelief.test\bin\Debug\netcoreapp2.0\ModelRelief.Test.dll" adapterTypeName="executor://xunit/VsTestRunner2/netcoreapp" className="ModelRelief.Test.Integration.Meshes.MeshesBaseIntegrationTests" name="Patch_InvalidReferencePropertyReturnsBadRequest" /></UnitTest></TestDefinitions><TestEntries><TestEntry testId="18ce89a5-3ad4-46ed-b58f-7d0bdcb14e55" executionId="690df9f7-2b0b-43a9-bb8b-44ea8ff89077" testListId="8c84fa94-04c1-424b-9868-57a2d4851a1d" /><TestEntry testId="a19f5405-8f20-430a-98a8-224ae07efea8" executionId="822bd668-880b-4ee5-817d-e110abedde56" testListId="8c84fa94-04c1-424b-9868-57a2d4851a1d" /><TestEntry testId="ba021a29-73e0-4121-9d68-b0b3417af1d2" executionId="1407b1c7-67fe-4c13-857b-7b4caa03b5c7" testListId="8c84fa94-04c1-424b-9868-57a2d4851a1d" /><TestEntry testId="87504873-945c-40da-a92c-3bcf62888822" executionId="02294a1e-e3db-4890-b657-b0ba42bd96c1" testListId="8c84fa94-04c1-424b-9868-57a2d4851a1d" /><TestEntry testId="f568d4ae-26e1-4aa8-a1d4-adab2043817a" executionId="442d3bf2-71fc-457e-8e12-a2ae610162fe" testListId="8c84fa94-04c1-424b-9868-57a2d4851a1d" /><TestEntry testId="1644c401-6125-44e6-a025-d34b32052efd" executionId="c43fa76b-29b8-43d6-8f60-1d9364b0b8de" testListId="8c84fa94-04c1-424b-9868-57a2d4851a1d" /><TestEntry testId="c522bd04-a7b5-43a0-84d9-21e868cfe547" executionId="5bc4d5c4-807e-4047-9c97-56460bc221db" testListId="8c84fa94-04c1-424b-9868-57a2d4851a1d" /><TestEntry testId="26a1486e-9e41-480d-9070-127638dff402" executionId="9b586727-d7b7-4dca-ab03-9ec1f98e6fa5" testListId="8c84fa94-04c1-424b-9868-57a2d4851a1d" /><TestEntry testId="c57631a0-5634-430a-993c-afd7ca13f945" executionId="bd531376-5163-4572-9e53-a69017f82e46" testListId="8c84fa94-04c1-424b-9868-57a2d4851a1d" /><TestEntry testId="3db0b071-7532-40e6-9b8e-8885ab113fe9" executionId="96fe8d8b-d02f-42ed-9fa8-1d0a9c0ed6c1" testListId="8c84fa94-04c1-424b-9868-57a2d4851a1d" /><TestEntry testId="63372e99-1ac4-481a-9d62-e45676e6d4cc" executionId="c33c44f1-7575-4269-9589-c889a5fe37bd" testListId="8c84fa94-04c1-424b-9868-57a2d4851a1d" /><TestEntry testId="d490a616-963a-412a-911e-4d77b0b70654" executionId="529363c4-de37-4a2e-a889-10559cd2571b" testListId="8c84fa94-04c1-424b-9868-57a2d4851a1d" /><TestEntry testId="afbb3140-0439-4185-bd76-4a2727aff91b" executionId="3abb32b5-0801-4922-8c49-d7b18f542ecd" testListId="8c84fa94-04c1-424b-9868-57a2d4851a1d" /><TestEntry testId="f8a9f3eb-babe-4ed5-8478-96fa8118deeb" executionId="3c045ac6-feec-4e83-9eae-07c7ae83e982" testListId="8c84fa94-04c1-424b-9868-57a2d4851a1d" /><TestEntry testId="38b5043a-8e8d-477b-bf76-30e60687740d" executionId="a57b43f0-59b4-46fb-b6bf-a8e26f78ba0d" testListId="8c84fa94-04c1-424b-9868-57a2d4851a1d" /><TestEntry testId="0e105e28-6dc2-4a03-b35d-35ba8ae91e3e" executionId="edea90d3-44ad-44b2-a4ec-53128e981782" testListId="8c84fa94-04c1-424b-9868-57a2d4851a1d" /><TestEntry testId="627893f5-a390-4118-adf3-b5421c650891" executionId="a23ef740-0b41-4879-aee4-e9ac2ed75111" testListId="8c84fa94-04c1-424b-9868-57a2d4851a1d" /><TestEntry testId="3f7de202-e6fa-40f1-90c6-b0d6de5edbb1" executionId="c7411289-7103-45a4-9e55-78f60b2e25d7" testListId="8c84fa94-04c1-424b-9868-57a2d4851a1d" /><TestEntry testId="ac452024-d82b-40e9-b409-f73b72b997b0" executionId="f314ce87-576f-4cea-8c70-21f0b4c58031" testListId="8c84fa94-04c1-424b-9868-57a2d4851a1d" /><TestEntry testId="1ea1aa40-bff0-4354-84fa-2fba73f2ad0e" executionId="8e3f4da0-b116-451e-af26-24d7b61c537e" testListId="8c84fa94-04c1-424b-9868-57a2d4851a1d" /><TestEntry testId="d465425e-eae1-471b-9b22-105d75ed31b6" executionId="77103cf5-d994-4d65-b8cc-a9b01ab2c9d7" testListId="8c84fa94-04c1-424b-9868-57a2d4851a1d" /><TestEntry testId="a9f81c6b-5408-41d4-bbd6-8066f55769fd" executionId="9d97f75a-7dee-42d4-af7d-699381fbd899" testListId="8c84fa94-04c1-424b-9868-57a2d4851a1d" /><TestEntry testId="1ed3e561-f9e1-4883-9111-6add1babbb10" executionId="9328408d-0e01-4533-82c5-928cc31732aa" testListId="8c84fa94-04c1-424b-9868-57a2d4851a1d" /><TestEntry testId="8de2a504-c30c-4e11-9d93-33b2c86c4154" executionId="4ee8f07e-738d-46ac-9cfb-895289350a8d" testListId="8c84fa94-04c1-424b-9868-57a2d4851a1d" /><TestEntry testId="12b4170d-e314-41bf-805f-e793455919a6" executionId="ae5e8349-4078-46bc-acff-e07a01a44e57" testListId="8c84fa94-04c1-424b-9868-57a2d4851a1d" /><TestEntry testId="5987a65f-9764-44e7-9d5b-0c46d69cf4c0" executionId="2da80cda-ec8f-414e-b7a7-9aae8d996938" testListId="8c84fa94-04c1-424b-9868-57a2d4851a1d" /><TestEntry testId="c1908012-f46c-4b1c-8bd2-8a1344531e9a" executionId="efa7fd48-c69e-416c-bab8-0fb819acab2b" testListId="8c84fa94-04c1-424b-9868-57a2d4851a1d" /><TestEntry testId="b089da3c-8628-4bb0-a41a-9291b8dec740" executionId="1cf6dda1-69eb-4ff0-99ab-6c3bfc0524d9" testListId="8c84fa94-04c1-424b-9868-57a2d4851a1d" /><TestEntry testId="dbd4269d-d753-4d60-8c77-2dd8f3968e4d" executionId="728cb692-1ed9-4c69-8370-524fd0ae98e3" testListId="8c84fa94-04c1-424b-9868-57a2d4851a1d" /><TestEntry testId="3db48af2-c4a4-422d-971b-28af280757bd" executionId="5329c24a-bc4a-48bf-9482-0b499f3920e5" testListId="8c84fa94-04c1-424b-9868-57a2d4851a1d" /><TestEntry testId="1619493d-0e49-4185-9876-4822be895524" executionId="9f71b398-83cd-4d88-ae14-e416767f4738" testListId="8c84fa94-04c1-424b-9868-57a2d4851a1d" /><TestEntry testId="f97bb773-5f5a-4372-a2cf-e632393eb414" executionId="4b481dc6-3f0d-4ecc-985c-bb69e4841494" testListId="8c84fa94-04c1-424b-9868-57a2d4851a1d" /><TestEntry testId="a0ac2916-1ddc-489d-97af-1eded2b3fcff" executionId="0e9416a8-7f6d-4856-b198-4ed3f932eba1" testListId="8c84fa94-04c1-424b-9868-57a2d4851a1d" /><TestEntry testId="f053e165-4ff7-40f3-8f1d-ff57682d7fcb" executionId="3fbfefb3-48c3-4694-a3a6-00ee5f09d0f3" testListId="8c84fa94-04c1-424b-9868-57a2d4851a1d" /><TestEntry testId="aba59d26-859c-414f-96ec-37d345bc7d86" executionId="7777d2d2-4f7d-40e2-b1ae-72e9175cadcd" testListId="8c84fa94-04c1-424b-9868-57a2d4851a1d" /><TestEntry testId="68b24547-fb01-48d5-be5f-4b7f69b92682" executionId="d750d51d-b21e-45c0-bd6b-8df1d87c64e0" testListId="8c84fa94-04c1-424b-9868-57a2d4851a1d" /><TestEntry testId="27205342-763f-4f5c-9da8-24d52d258ef3" executionId="2e6179a5-6a35-43c3-bb5d-416ed4b8c9e9" testListId="8c84fa94-04c1-424b-9868-57a2d4851a1d" /><TestEntry testId="827288ff-80ff-48e4-abd2-434ac7f2dc15" executionId="6c3a6ac8-e9a1-4e82-892d-fd478fa90bd2" testListId="8c84fa94-04c1-424b-9868-57a2d4851a1d" /><TestEntry testId="afee64cc-fd26-4082-aa8e-13e81052e25b" executionId="2fca2825-3a3f-4c43-9bf8-a50e0b570366" testListId="8c84fa94-04c1-424b-9868-57a2d4851a1d" /><TestEntry testId="4414c89d-8c8f-4cd5-80f7-b27b0f6d3cd5" executionId="4412e5ed-23ec-45ca-9387-1f09567d2c0f" testListId="8c84fa94-04c1-424b-9868-57a2d4851a1d" /><TestEntry testId="0f2ca2eb-d985-461c-8272-25f0f5dfd07b" executionId="65d2a9ad-8a5b-4e58-afde-5f9f6ba954f8" testListId="8c84fa94-04c1-424b-9868-57a2d4851a1d" /><TestEntry testId="57138b50-2b85-447c-be2a-9c03ca1304fb" executionId="077e622f-6413-468c-a8a0-4c96aed2f440" testListId="8c84fa94-04c1-424b-9868-57a2d4851a1d" /><TestEntry testId="cd0dc47a-fb57-40a5-9f43-480ff905e8c4" executionId="1dd08a51-ccb8-4d92-b056-7ca6339270e9" testListId="8c84fa94-04c1-424b-9868-57a2d4851a1d" /><TestEntry testId="e7591cba-446a-4c72-aa91-9ceea39314ae" executionId="d274e129-949d-4160-8dc3-9bbfba83251b" testListId="8c84fa94-04c1-424b-9868-57a2d4851a1d" /><TestEntry testId="6eb4fbab-160e-4398-813c-0570a05b3b89" executionId="d3d49c14-efbd-4411-8e47-c0e3ebabc33d" testListId="8c84fa94-04c1-424b-9868-57a2d4851a1d" /><TestEntry testId="d5935f90-1cf3-4ce5-b46f-e8bb3d713709" executionId="e308ffb3-95ed-4daf-b732-c5fcb5a2f57f" testListId="8c84fa94-04c1-424b-9868-57a2d4851a1d" /><TestEntry testId="1fb8f863-ad79-4c18-bfff-1de522c6b4ef" executionId="f082872d-acd6-4de6-9ccb-52a721088fbd" testListId="8c84fa94-04c1-424b-9868-57a2d4851a1d" /><TestEntry testId="4046d0a2-4b22-45db-a805-24fb7b4817e1" executionId="7a6c4d4d-2fe5-4340-a0d0-ed2910460f64" testListId="8c84fa94-04c1-424b-9868-57a2d4851a1d" /><TestEntry testId="ada59c09-2393-4e1d-bb45-6ac4bc506457" executionId="fcd9f1f9-705d-4023-bd81-f1eb47eedd00" testListId="8c84fa94-04c1-424b-9868-57a2d4851a1d" /><TestEntry testId="ec240e50-ddaa-436b-9497-6b847e8242bd" executionId="7a4ed211-7b1f-4373-a9b2-4642b9098a23" testListId="8c84fa94-04c1-424b-9868-57a2d4851a1d" /><TestEntry testId="57a475ec-7744-429c-8f67-ef8b8b166b89" executionId="c9c7e154-0cd5-4cee-99f2-a212400f84a5" testListId="8c84fa94-04c1-424b-9868-57a2d4851a1d" /><TestEntry testId="4d228c4d-801b-4a60-946d-68abcc40def4" executionId="49c61910-456b-4b42-978a-02e63b776255" testListId="8c84fa94-04c1-424b-9868-57a2d4851a1d" /><TestEntry testId="60858340-3d4b-4e43-a777-338c5c0d01f7" executionId="519449fd-133d-4a1f-b30f-22a746ef116b" testListId="8c84fa94-04c1-424b-9868-57a2d4851a1d" /><TestEntry testId="1f74b737-22c2-4747-9b57-1f45dd3423d8" executionId="39108a45-84eb-4910-81a4-a9619ebd6cd9" testListId="8c84fa94-04c1-424b-9868-57a2d4851a1d" /><TestEntry testId="8b652ff1-819b-4300-9bcf-2569d431d8bb" executionId="e67c469f-ff8c-44ae-9d38-8d6b7e4ed064" testListId="8c84fa94-04c1-424b-9868-57a2d4851a1d" /><TestEntry testId="527d07e7-9c9e-4cd0-b8ab-de6906911297" executionId="680d7ca3-8754-4ca3-a229-c9d1c93d4b08" testListId="8c84fa94-04c1-424b-9868-57a2d4851a1d" /><TestEntry testId="8cb35776-59c7-47f7-922c-c2961aa725dd" executionId="5540172d-0e95-4301-a505-4100076b2162" testListId="8c84fa94-04c1-424b-9868-57a2d4851a1d" /><TestEntry testId="ecf76ead-7512-4e2e-9957-37298a60e965" executionId="1f389c39-b31f-4d16-beda-aa3442ead9fa" testListId="8c84fa94-04c1-424b-9868-57a2d4851a1d" /><TestEntry testId="98b9df4b-cd49-4ced-9473-b697fd65a307" executionId="1d5a1bb0-ba54-40c3-96f2-e7388922b518" testListId="8c84fa94-04c1-424b-9868-57a2d4851a1d" /><TestEntry testId="a86a0a4e-7218-4103-8ef4-232f80e21e81" executionId="b2b6a75f-4872-4ae5-b9ed-506db8c6b01c" testListId="8c84fa94-04c1-424b-9868-57a2d4851a1d" /><TestEntry testId="99c227e4-a997-4c37-9c46-eb902e3d17c9" executionId="f0faf727-f807-4d3a-9064-0189fe81b192" testListId="8c84fa94-04c1-424b-9868-57a2d4851a1d" /><TestEntry testId="dc84a6e4-f95e-4c9c-a5e8-04e1e5a605e8" executionId="53b2e4a1-b4b1-478b-9c95-19cb7eb98adb" testListId="8c84fa94-04c1-424b-9868-57a2d4851a1d" /><TestEntry testId="d53df87d-950f-4f37-938c-faf87e4d4e91" executionId="d3b2955c-9c8e-44de-88fa-ece1867f6afc" testListId="8c84fa94-04c1-424b-9868-57a2d4851a1d" /><TestEntry testId="cf562931-37d0-4acb-a018-4492c5916729" executionId="faef06bf-5d2c-47a8-97c9-9037df884b44" testListId="8c84fa94-04c1-424b-9868-57a2d4851a1d" /><TestEntry testId="704cfa2d-1319-43bb-bc19-5d5a8c825e0f" executionId="ee0027eb-5677-4ffc-be80-b77ceb58a87a" testListId="8c84fa94-04c1-424b-9868-57a2d4851a1d" /><TestEntry testId="ed0db03b-43e3-4e3e-9f58-8eda1ba879c9" executionId="7640808a-fc43-456e-9f2f-2e81f4250945" testListId="8c84fa94-04c1-424b-9868-57a2d4851a1d" /><TestEntry testId="00da029c-4a2a-48e0-aec7-219868aac632" executionId="6e6239be-f333-4397-833e-f4201dd2a1c6" testListId="8c84fa94-04c1-424b-9868-57a2d4851a1d" /><TestEntry testId="63416c45-6a0c-41b2-8c97-1c28474d4baa" executionId="04d42476-2662-43af-bd2f-5ad2409be29b" testListId="8c84fa94-04c1-424b-9868-57a2d4851a1d" /><TestEntry testId="b321ef58-d5a0-4705-8ad8-1b47329e2518" executionId="fd45d896-1992-4f86-872f-ee23b77807a0" testListId="8c84fa94-04c1-424b-9868-57a2d4851a1d" /><TestEntry testId="d93f08a2-e64f-4abf-bc85-20d74e327fce" executionId="8ecc9acb-aba7-41a3-9a21-6ac9e9939310" testListId="8c84fa94-04c1-424b-9868-57a2d4851a1d" /><TestEntry testId="4a2bce85-df25-400b-b12a-7afe6f3c25b8" executionId="5a4e0dea-6e94-41a7-9264-613ba025ead4" testListId="8c84fa94-04c1-424b-9868-57a2d4851a1d" /><TestEntry testId="6213bb47-67df-4ecb-a88e-7df46ff4466c" executionId="0f1039a5-4140-4ba8-8ba7-a53a2436bcba" testListId="8c84fa94-04c1-424b-9868-57a2d4851a1d" /><TestEntry testId="ffafc521-eeea-4738-af44-718a29dd4eaf" executionId="8b4227ac-1d6b-43af-8775-79de842f591c" testListId="8c84fa94-04c1-424b-9868-57a2d4851a1d" /><TestEntry testId="2a5d0b59-b946-4d64-9211-aeb87e89d782" executionId="3def2d0b-5bf9-4b5d-860e-59cbc1662fcc" testListId="8c84fa94-04c1-424b-9868-57a2d4851a1d" /><TestEntry testId="4dca30c8-ec31-4b4f-a8ed-d4fd99d31ac2" executionId="c4d1a349-a478-4b12-a8ce-5151fcdec045" testListId="8c84fa94-04c1-424b-9868-57a2d4851a1d" /><TestEntry testId="42a3f51c-99dc-4cb2-9bb9-82f7341bd163" executionId="c45268fd-6a5a-4e57-afea-d6a051d408db" testListId="8c84fa94-04c1-424b-9868-57a2d4851a1d" /><TestEntry testId="f7736770-8743-4194-9163-46d9d07470eb" executionId="efb8705f-6173-45a2-9751-ca538877bac6" testListId="8c84fa94-04c1-424b-9868-57a2d4851a1d" /><TestEntry testId="b21f4bc2-52c6-453d-bc72-835d9bb73d07" executionId="a5017f1e-199b-4556-969e-4697271b9315" testListId="8c84fa94-04c1-424b-9868-57a2d4851a1d" /><TestEntry testId="12d02bf6-bc8d-4b26-b57a-8971a7ec3b83" executionId="38bead8b-5649-4974-a484-721a29020b10" testListId="8c84fa94-04c1-424b-9868-57a2d4851a1d" /><TestEntry testId="e0d12549-4324-4ea2-aed3-801fbb6a1c1d" executionId="4fcdf4cb-0c84-4c12-9b5c-85e4dae979e6" testListId="8c84fa94-04c1-424b-9868-57a2d4851a1d" /><TestEntry testId="7fb22d9a-ccc2-44c4-b331-a26b2e2dac8b" executionId="dcebfdb9-6b5a-4046-8836-2c893d39fa6a" testListId="8c84fa94-04c1-424b-9868-57a2d4851a1d" /><TestEntry testId="33125c06-295d-438f-a043-94513112a42a" executionId="b17a1913-5ecd-4a7d-9021-15ebeaf53a96" testListId="8c84fa94-04c1-424b-9868-57a2d4851a1d" /><TestEntry testId="da115ee9-493a-4f57-b897-088e65d81eaa" executionId="3a2aa983-5f46-4856-97e8-3592f20f7103" testListId="8c84fa94-04c1-424b-9868-57a2d4851a1d" /><TestEntry testId="4e67142a-4e52-4749-85f6-08eca5b9bb85" executionId="d1e36df1-cd3e-4c9b-881d-e86de3d5a2d2" testListId="8c84fa94-04c1-424b-9868-57a2d4851a1d" /><TestEntry testId="81947a2f-67c3-426c-8ae1-874d7a80a97c" executionId="110273b2-ffc8-4eaa-8431-347212ab0b2d" testListId="8c84fa94-04c1-424b-9868-57a2d4851a1d" /><TestEntry testId="6fac2961-b01f-437a-8e7d-eb98679972ea" executionId="297b1859-7b48-4ff5-9668-23e57ddde62e" testListId="8c84fa94-04c1-424b-9868-57a2d4851a1d" /><TestEntry testId="1699e7eb-5b24-4588-8b77-8f1fc9dbe16f" executionId="af6b1948-df8f-4386-a316-299e9f9e5031" testListId="8c84fa94-04c1-424b-9868-57a2d4851a1d" /><TestEntry testId="26222525-2a07-432b-a992-f1483ddaac9d" executionId="147046c7-5833-41b8-b65b-d4b118844c6c" testListId="8c84fa94-04c1-424b-9868-57a2d4851a1d" /><TestEntry testId="149178b4-2100-4bc4-8039-f8059651c33a" executionId="7f37a874-794a-4c7e-a70a-990ebeef382a" testListId="8c84fa94-04c1-424b-9868-57a2d4851a1d" /><TestEntry testId="a81cd934-0658-41a1-95ef-a9c35c2eebbd" executionId="b5bc0c74-bbd6-42f8-8411-79aef3f56f46" testListId="8c84fa94-04c1-424b-9868-57a2d4851a1d" /><TestEntry testId="b98906fb-b57c-4b1b-85a8-7febf4dc8860" executionId="368f9769-e30e-4ccd-a6c5-ad17d9e69491" testListId="8c84fa94-04c1-424b-9868-57a2d4851a1d" /><TestEntry testId="5dfb8870-db7d-459b-a160-bb67d3d66c4c" executionId="2687237f-91af-49c7-b672-a72158e2e5dd" testListId="8c84fa94-04c1-424b-9868-57a2d4851a1d" /><TestEntry testId="21a89152-f991-494b-b776-ffd0a209652d" executionId="a28d7bab-6291-4848-a8d2-7889de56dcc9" testListId="8c84fa94-04c1-424b-9868-57a2d4851a1d" /><TestEntry testId="ff8e7031-1118-46bc-979d-7baea55a27c1" executionId="3ce6df5b-c3f5-4eb7-8e16-6a03611a293b" testListId="8c84fa94-04c1-424b-9868-57a2d4851a1d" /><TestEntry testId="1332fc1c-136b-4edd-af37-6eff77710bcf" executionId="c6329055-f008-470b-8bad-505239997e18" testListId="8c84fa94-04c1-424b-9868-57a2d4851a1d" /><TestEntry testId="bd55b2de-a2ef-4529-b404-b4fb82e841b4" executionId="63699caa-f8cf-488d-af5f-738565e532f2" testListId="8c84fa94-04c1-424b-9868-57a2d4851a1d" /><TestEntry testId="6dbc223a-ce92-4fd6-bed8-13c231468619" executionId="9c6192a2-b8d1-480c-b162-d95d0fd27ef6" testListId="8c84fa94-04c1-424b-9868-57a2d4851a1d" /><TestEntry testId="3114b1eb-15a2-4f2d-8b42-27a2bc0a1f3f" executionId="88ee9246-b540-4dba-8b42-598b60187fff" testListId="8c84fa94-04c1-424b-9868-57a2d4851a1d" /><TestEntry testId="274a4f04-9df5-4ff1-8d32-00733de37881" executionId="9a82f64c-0421-45c7-8168-c412eeebd25d" testListId="8c84fa94-04c1-424b-9868-57a2d4851a1d" /><TestEntry testId="5d642573-1de2-450a-8204-e33381f2e09c" executionId="885007b1-21e1-43a1-82f6-adc401854a58" testListId="8c84fa94-04c1-424b-9868-57a2d4851a1d" /><TestEntry testId="3241134c-f0ac-4d82-9614-04b65cc1b750" executionId="5157ebf9-5c99-4108-9243-d4fb2f0612fa" testListId="8c84fa94-04c1-424b-9868-57a2d4851a1d" /><TestEntry testId="11ab0cd7-dac6-4b3e-a464-d8c11319c1b6" executionId="8de84e16-ad9a-4957-9349-1bd2243a1806" testListId="8c84fa94-04c1-424b-9868-57a2d4851a1d" /><TestEntry testId="7b3078f9-2370-4359-825b-c0450b315a77" executionId="73ae16d3-de16-47ed-8b60-f22684685ab9" testListId="8c84fa94-04c1-424b-9868-57a2d4851a1d" /><TestEntry testId="ebea06cb-49c4-4a0f-a6ae-48841b69f70f" executionId="7beb08a2-0893-43aa-980b-6bcafba731ab" testListId="8c84fa94-04c1-424b-9868-57a2d4851a1d" /><TestEntry testId="029d361e-4293-431e-9084-1940525ab2db" executionId="ec33686e-ccc3-4321-95fd-c96ca3577fe4" testListId="8c84fa94-04c1-424b-9868-57a2d4851a1d" /><TestEntry testId="063fb5a7-4b0e-4ac4-b9b1-1433e594e45e" executionId="030852fb-a319-4cd2-82bb-37c13f19f684" testListId="8c84fa94-04c1-424b-9868-57a2d4851a1d" /><TestEntry testId="b5cf9e69-08f1-4494-b385-7c91e8e9c24c" executionId="465100b2-3d8c-43f7-a3e5-347a0d57b41d" testListId="8c84fa94-04c1-424b-9868-57a2d4851a1d" /><TestEntry testId="4c6fab30-dd30-4432-8b91-15be5ab560b7" executionId="7cc2954d-70e5-4393-8bce-6d201df04b74" testListId="8c84fa94-04c1-424b-9868-57a2d4851a1d" /><TestEntry testId="142d3f26-4d37-4d44-aa61-0802e0f4ae58" executionId="40691e78-e9b5-4a01-b23b-ee6ee4197c7f" testListId="8c84fa94-04c1-424b-9868-57a2d4851a1d" /><TestEntry testId="ca4f32e1-843a-428b-a9ca-802e51a96760" executionId="828e9fd5-71ea-493f-ae9c-6e67f53132ae" testListId="8c84fa94-04c1-424b-9868-57a2d4851a1d" /><TestEntry testId="a38221b2-b973-47c3-aafb-6110fa4046b7" executionId="6713706a-58d7-4eb2-b6d9-0b41c4b955fe" testListId="8c84fa94-04c1-424b-9868-57a2d4851a1d" /><TestEntry testId="5fb12c2e-3994-46a6-9d24-2ea3065af606" executionId="b78bbd29-927a-405b-b2d5-0baaa1517f76" testListId="8c84fa94-04c1-424b-9868-57a2d4851a1d" /><TestEntry testId="6b43e576-dd2c-45a3-8a82-94ef452af7f5" executionId="130f3c62-8db8-4ace-852e-c7744cc92785" testListId="8c84fa94-04c1-424b-9868-57a2d4851a1d" /><TestEntry testId="5d7000ec-4fb3-475f-994d-0dbddb799424" executionId="f875e5fd-e06c-4796-8f36-76efc981e692" testListId="8c84fa94-04c1-424b-9868-57a2d4851a1d" /><TestEntry testId="a727a177-1d0e-4e70-8f8f-04aa759d2de3" executionId="d875a449-56cd-4422-b6b0-ffd12c038c1a" testListId="8c84fa94-04c1-424b-9868-57a2d4851a1d" /><TestEntry testId="526120b3-7dfe-48c2-83d0-78bb295b06ba" executionId="dfc93370-ff15-455c-9ca4-e12a996cd0d4" testListId="8c84fa94-04c1-424b-9868-57a2d4851a1d" /><TestEntry testId="86d5833c-315b-41fa-b478-9a4afcbad7f4" executionId="f5bb95a2-b0d4-4497-a14f-3851b3d08ad5" testListId="8c84fa94-04c1-424b-9868-57a2d4851a1d" /><TestEntry testId="5970c668-5cd5-4ea4-b936-397b9f665d1b" executionId="7abf8e30-9bdd-4661-a853-46c4b613e115" testListId="8c84fa94-04c1-424b-9868-57a2d4851a1d" /><TestEntry testId="49dd4e95-c210-46ad-acd6-7c2b0a6ed581" executionId="f6e66fa5-9379-4160-aba8-41a768e022f6" testListId="8c84fa94-04c1-424b-9868-57a2d4851a1d" /><TestEntry testId="f44943d2-3134-45b1-81fd-8067b7837fe5" executionId="69de8881-f762-4266-b528-dad9197d6758" testListId="8c84fa94-04c1-424b-9868-57a2d4851a1d" /><TestEntry testId="393940b4-f173-4832-98dd-086068701b04" executionId="f2e9a11d-08f1-4c58-9211-5a3e849b01ea" testListId="8c84fa94-04c1-424b-9868-57a2d4851a1d" /><TestEntry testId="7a38879c-8465-45ac-b2a2-8788d6146bcf" executionId="cfa863df-e7e8-44f6-99d3-b6f8c7ec373e" testListId="8c84fa94-04c1-424b-9868-57a2d4851a1d" /><TestEntry testId="41dfd785-9969-47fe-a8e4-0a1f0f8408cd" executionId="65b061f1-6970-406a-ae7e-d287f05ca214" testListId="8c84fa94-04c1-424b-9868-57a2d4851a1d" /><TestEntry testId="dd111630-5dd9-44db-9b3d-73b4572dc382" executionId="6674a7d4-ff80-4e4a-8802-ee55bca77391" testListId="8c84fa94-04c1-424b-9868-57a2d4851a1d" /><TestEntry testId="46c4d63a-96d3-4939-aa50-5937c200ac23" executionId="de5b8665-3d3e-464c-9526-18c75a1e419a" testListId="8c84fa94-04c1-424b-9868-57a2d4851a1d" /><TestEntry testId="f9b7bc1f-a297-4451-9375-8597bba198dc" executionId="a7012bd7-9353-4300-a8d2-de581deb2b2b" testListId="8c84fa94-04c1-424b-9868-57a2d4851a1d" /><TestEntry testId="11f6c96f-a0b7-4fde-8e8a-39b6f6b6e262" executionId="d9b39fe5-c66c-43ee-8f60-9832ce36e06a" testListId="8c84fa94-04c1-424b-9868-57a2d4851a1d" /><TestEntry testId="5caa7de5-5578-45bf-bb87-1c2656bf99bd" executionId="7758aa42-5b43-4809-b7cf-072d6ec6c8db" testListId="8c84fa94-04c1-424b-9868-57a2d4851a1d" /><TestEntry testId="e8ac9ef0-0ace-44be-a5c5-145748d0b3c0" executionId="12c48817-5d5b-48e2-8ac0-9422f3a45575" testListId="8c84fa94-04c1-424b-9868-57a2d4851a1d" /><TestEntry testId="881ed047-70dd-460b-85c0-4b083c648502" executionId="b624d32a-01e6-4b19-9ef7-4471d32a93fd" testListId="8c84fa94-04c1-424b-9868-57a2d4851a1d" /><TestEntry testId="07a1db2f-64b1-42fc-a8d5-65bf1a74ed0c" executionId="0a9199b4-b67e-41ef-990b-1bc7d7ac5434" testListId="8c84fa94-04c1-424b-9868-57a2d4851a1d" /><TestEntry testId="3cf22076-e248-4407-8409-b965dedabf19" executionId="7689f412-6a03-47fc-ad5b-35f5a5e5dddf" testListId="8c84fa94-04c1-424b-9868-57a2d4851a1d" /><TestEntry testId="119d5e57-ffe3-46ce-afa0-123edfe6f9a8" executionId="4d78f520-cf6f-4839-86ba-c5948124da48" testListId="8c84fa94-04c1-424b-9868-57a2d4851a1d" /><TestEntry testId="a9647f6f-cff3-4ead-ad55-2894af7f8b5c" executionId="64523849-3eb8-4639-93d3-2871acf9b681" testListId="8c84fa94-04c1-424b-9868-57a2d4851a1d" /><TestEntry testId="964b79b3-d40b-4ad0-9a77-b46ef175d0c8" executionId="12ddb5c6-bad1-4fb5-86d8-6ecce33dbf0b" testListId="8c84fa94-04c1-424b-9868-57a2d4851a1d" /><TestEntry testId="7362af09-aa27-4e3e-8d68-67056c1cbc91" executionId="b667d479-ade6-4dc0-9d7f-ce87cfaab227" testListId="8c84fa94-04c1-424b-9868-57a2d4851a1d" /><TestEntry testId="26407b02-f793-414b-b8f6-5c46bf830c26" executionId="c480a1f3-c936-4a89-adb8-63a26610e0fa" testListId="8c84fa94-04c1-424b-9868-57a2d4851a1d" /><TestEntry testId="f6a749f6-ed48-467c-8c7a-3242198eb27d" executionId="95d82009-6a20-4f03-afc0-494b7585781b" testListId="8c84fa94-04c1-424b-9868-57a2d4851a1d" /><TestEntry testId="099215db-0848-45a4-bcc4-cbd58f62dd4d" executionId="e5fb11bc-f1e8-4425-9c63-962bb955fd3c" testListId="8c84fa94-04c1-424b-9868-57a2d4851a1d" /><TestEntry testId="af34d7a8-5dc6-4a4f-978c-384e540fc3a4" executionId="cadacfde-07f2-427c-a9ac-86f0784669fe" testListId="8c84fa94-04c1-424b-9868-57a2d4851a1d" /><TestEntry testId="07d707e7-e3cb-4c95-9847-3ed839342c3f" executionId="2e1825d1-4732-43fb-9cfb-0488d2456949" testListId="8c84fa94-04c1-424b-9868-57a2d4851a1d" /><TestEntry testId="32bbe3f6-2dc7-4e1a-85a4-ed2baeafd307" executionId="2fcc8e2c-6e41-4fd1-8c1a-d3c72aee2160" testListId="8c84fa94-04c1-424b-9868-57a2d4851a1d" /><TestEntry testId="b10249ff-477b-4dba-8684-10658b940aff" executionId="a2147b09-9ba0-426e-a398-ab48779d17c3" testListId="8c84fa94-04c1-424b-9868-57a2d4851a1d" /><TestEntry testId="e91c04d6-3961-4a90-9899-bf9a5a67393e" executionId="7893bf1c-c258-44f4-ade5-c4b64d47d792" testListId="8c84fa94-04c1-424b-9868-57a2d4851a1d" /><TestEntry testId="14304ba7-2bf9-423e-9f3e-9a2ec0c98d8c" executionId="4bea2611-59b4-44db-89bc-403fef9cea0f" testListId="8c84fa94-04c1-424b-9868-57a2d4851a1d" /><TestEntry testId="884bba9e-7b98-465e-821b-0f34c5a86c48" executionId="c54698fc-3b67-49d9-bb67-eb27350d2717" testListId="8c84fa94-04c1-424b-9868-57a2d4851a1d" /><TestEntry testId="b88a12d8-cb76-499f-9074-0c1c5b06a185" executionId="b9b9cd88-9e72-47da-a366-ff57d019c166" testListId="8c84fa94-04c1-424b-9868-57a2d4851a1d" /><TestEntry testId="20ba135c-78d8-4ef6-bd6e-6d52a4ea58b3" executionId="f6804e35-6f11-4e68-bf87-92b0c0f147f2" testListId="8c84fa94-04c1-424b-9868-57a2d4851a1d" /><TestEntry testId="560f9746-7eb1-4a8b-9141-db518f3ad299" executionId="d6081680-abc6-4653-b163-c6021fbeeaed" testListId="8c84fa94-04c1-424b-9868-57a2d4851a1d" /><TestEntry testId="16e258b5-b738-4abc-bf33-ec48e14abaab" executionId="94a293c4-86fd-4529-b1b7-6603e12d178b" testListId="8c84fa94-04c1-424b-9868-57a2d4851a1d" /><TestEntry testId="bcc677f6-252c-487c-a6e0-02b3b9347c02" executionId="f9daecbd-09cc-4a10-b7f5-e3c843490ecc" testListId="8c84fa94-04c1-424b-9868-57a2d4851a1d" /></TestEntries><TestLists><TestList name="Results Not in a List" id="8c84fa94-04c1-424b-9868-57a2d4851a1d" /><TestList name="All Loaded Results" id="19431567-8539-422a-85d7-44ee4e166bda" /></TestLists><ResultSummary outcome="Completed"><Counters total="151" executed="151" passed="151" failed="0" error="0" timeout="0" aborted="0" inconclusive="0" passedButRunAborted="0" notRunnable="0" notExecuted="0" disconnected="0" warning="0" completed="0" inProgress="0" pending="0" /><Output><StdOut>[xUnit.net 00:00:01.1231683]   Discovering: ModelRelief.Test[xUnit.net 00:00:01.2321079]   Discovered:  ModelRelief.Test[xUnit.net 00:00:01.2374953]   Starting:    ModelRelief.Test[xUnit.net 00:00:21.4548919]   Finished:    ModelRelief.Test</StdOut></Output></ResultSummary></TestRun>