<?xml version="1.0" encoding="utf-8"?><TestRun id="32a6adae-23d7-4e79-9f9d-7d55d9e41210" name="Steve Knipmeyer@VECTOR 2018-07-19 07:24:33" runUser="VECTOR\Steve Knipmeyer" xmlns="http://microsoft.com/schemas/VisualStudio/TeamTest/2010"><Times creation="2018-07-19T07:24:33.2943056-04:00" queuing="2018-07-19T07:24:33.2943190-04:00" start="2018-07-19T07:24:28.8853264-04:00" finish="2018-07-19T07:24:47.5032803-04:00" /><TestSettings name="default" id="d8bd7203-1dc3-4a1d-af79-207f6ed18318"><Deployment runDeploymentRoot="Steve_Knipmeyer_VECTOR_2018-07-19_07_24_33" /></TestSettings><Results><UnitTestResult executionId="900cd659-d2eb-407d-8294-65264f2c845a" testId="2db81854-186d-436f-a929-84fd156e077f" testName="Put_InvalidReferencePropertyReturndBadRequest" computerName="VECTOR" duration="00:00:00.0190000" startTime="2018-07-19T07:24:34.7735074-04:00" endTime="2018-07-19T07:24:34.7735140-04:00" testType="13cdc9d9-ddb5-4fa4-a97d-d965ccfc6d4b" outcome="Passed" testListId="8c84fa94-04c1-424b-9868-57a2d4851a1d" relativeResultsDirectory="900cd659-d2eb-407d-8294-65264f2c845a" /><UnitTestResult executionId="9dc0d60c-4fc8-41c5-94c2-8fed352a372b" testId="e1a367fe-7e2a-4d5d-9d8c-c86dda519ff0" testName="GetFile_FileCanBeRoundTripped" computerName="VECTOR" duration="00:00:00.0670000" startTime="2018-07-19T07:24:46.9723519-04:00" endTime="2018-07-19T07:24:46.9723581-04:00" testType="13cdc9d9-ddb5-4fa4-a97d-d965ccfc6d4b" outcome="Passed" testListId="8c84fa94-04c1-424b-9868-57a2d4851a1d" relativeResultsDirectory="9dc0d60c-4fc8-41c5-94c2-8fed352a372b" /><UnitTestResult executionId="f107ab37-b88d-4eeb-a52b-499615d42af2" testId="49056bfa-8aa7-4d80-bc46-2ba2073527bf" testName="GetFile_NonExistentFileReturnsNotFound" computerName="VECTOR" duration="00:00:00.0040000" startTime="2018-07-19T07:24:46.7200249-04:00" endTime="2018-07-19T07:24:46.7200303-04:00" testType="13cdc9d9-ddb5-4fa4-a97d-d965ccfc6d4b" outcome="Passed" testListId="8c84fa94-04c1-424b-9868-57a2d4851a1d" relativeResultsDirectory="f107ab37-b88d-4eeb-a52b-499615d42af2" /><UnitTestResult executionId="e45d60e7-c966-4def-9dcc-1498da5094cc" testId="4045fcef-77da-4b8f-8337-fe6cba74583b" testName="Post_CanCreateNewModel" computerName="VECTOR" duration="00:00:00.0110000" startTime="2018-07-19T07:24:33.8003297-04:00" endTime="2018-07-19T07:24:33.8003351-04:00" testType="13cdc9d9-ddb5-4fa4-a97d-d965ccfc6d4b" outcome="Passed" testListId="8c84fa94-04c1-424b-9868-57a2d4851a1d" relativeResultsDirectory="e45d60e7-c966-4def-9dcc-1498da5094cc" /><UnitTestResult executionId="dbeda307-cd5f-49a7-84b4-d5a3daed52ed" testId="aa082539-6461-4f17-82ea-ffdeb990c3cb" testName="GetFile_FileCanBeRoundTripped" computerName="VECTOR" duration="00:00:00.0600000" startTime="2018-07-19T07:24:39.7323083-04:00" endTime="2018-07-19T07:24:39.7323146-04:00" testType="13cdc9d9-ddb5-4fa4-a97d-d965ccfc6d4b" outcome="Passed" testListId="8c84fa94-04c1-424b-9868-57a2d4851a1d" relativeResultsDirectory="dbeda307-cd5f-49a7-84b4-d5a3daed52ed" /><UnitTestResult executionId="12708adb-deab-4b58-87d1-bd9afc0c8185" testId="1954465c-7946-4026-993d-0ed243d7bf24" testName="GetSingle_InvalidIdPropertyValueReturnsNotFound" computerName="VECTOR" duration="00:00:00.0040000" startTime="2018-07-19T07:24:47.0588830-04:00" endTime="2018-07-19T07:24:47.0588855-04:00" testType="13cdc9d9-ddb5-4fa4-a97d-d965ccfc6d4b" outcome="Passed" testListId="8c84fa94-04c1-424b-9868-57a2d4851a1d" relativeResultsDirectory="12708adb-deab-4b58-87d1-bd9afc0c8185" /><UnitTestResult executionId="867a7e9a-d396-4e8f-8a29-91d393fab934" testId="0a063916-539f-4b25-b095-da9490783326" testName="Put_InvalidReferencePropertyReturndBadRequest" computerName="VECTOR" duration="00:00:00.1430000" startTime="2018-07-19T07:24:44.7077184-04:00" endTime="2018-07-19T07:24:44.7077250-04:00" testType="13cdc9d9-ddb5-4fa4-a97d-d965ccfc6d4b" outcome="Passed" testListId="8c84fa94-04c1-424b-9868-57a2d4851a1d" relativeResultsDirectory="867a7e9a-d396-4e8f-8a29-91d393fab934" /><UnitTestResult executionId="f476a617-0a48-4f34-a43e-d71ccf9ddf43" testId="dfe116a1-7692-447c-8868-5c392181b8f3" testName="GetSingle_InvalidIdPropertyValueReturnsNotFound" computerName="VECTOR" duration="00:00:00.0050000" startTime="2018-07-19T07:24:45.0456720-04:00" endTime="2018-07-19T07:24:45.0456788-04:00" testType="13cdc9d9-ddb5-4fa4-a97d-d965ccfc6d4b" outcome="Passed" testListId="8c84fa94-04c1-424b-9868-57a2d4851a1d" relativeResultsDirectory="f476a617-0a48-4f34-a43e-d71ccf9ddf43" /><UnitTestResult executionId="8f9e3722-d799-452e-b4d6-a7123252daa2" testId="ad57be86-5fb2-43d9-b37a-ec88977c1cbb" testName="Post_CanCreateNewModel" computerName="VECTOR" duration="00:00:00.0100000" startTime="2018-07-19T07:24:37.8771209-04:00" endTime="2018-07-19T07:24:37.8771269-04:00" testType="13cdc9d9-ddb5-4fa4-a97d-d965ccfc6d4b" outcome="Passed" testListId="8c84fa94-04c1-424b-9868-57a2d4851a1d" relativeResultsDirectory="8f9e3722-d799-452e-b4d6-a7123252daa2" /><UnitTestResult executionId="20d8baf7-4cb1-4171-9af4-be3d071abb15" testId="ba3ecd74-1feb-4087-ad4b-b7520db9bc39" testName="Post_ValidReferencePropertyCreatesModel" computerName="VECTOR" duration="00:00:00.0020000" startTime="2018-07-19T07:24:33.4250416-04:00" endTime="2018-07-19T07:24:33.4250464-04:00" testType="13cdc9d9-ddb5-4fa4-a97d-d965ccfc6d4b" outcome="Passed" testListId="8c84fa94-04c1-424b-9868-57a2d4851a1d" relativeResultsDirectory="20d8baf7-4cb1-4171-9af4-be3d071abb15" /><UnitTestResult executionId="736f5ae8-08b2-489c-8874-6c2ec7efec88" testId="558434bd-5765-443d-bed1-a7e82e58ae87" testName="Patch_InvalidReferencePropertyReturnsBadRequest" computerName="VECTOR" duration="00:00:00.0130000" startTime="2018-07-19T07:24:34.7394747-04:00" endTime="2018-07-19T07:24:34.7394806-04:00" testType="13cdc9d9-ddb5-4fa4-a97d-d965ccfc6d4b" outcome="Passed" testListId="8c84fa94-04c1-424b-9868-57a2d4851a1d" relativeResultsDirectory="736f5ae8-08b2-489c-8874-6c2ec7efec88" /><UnitTestResult executionId="30bd78b4-dce2-4728-b8b2-15cdc4ead35d" testId="0f91e468-69f5-46be-a9fe-0faa1921897c" testName="Put_InvalidReferencePropertyReturndBadRequest" computerName="VECTOR" duration="00:00:00.0180000" startTime="2018-07-19T07:24:37.9800530-04:00" endTime="2018-07-19T07:24:37.9800592-04:00" testType="13cdc9d9-ddb5-4fa4-a97d-d965ccfc6d4b" outcome="Passed" testListId="8c84fa94-04c1-424b-9868-57a2d4851a1d" relativeResultsDirectory="30bd78b4-dce2-4728-b8b2-15cdc4ead35d" /><UnitTestResult executionId="12d85c6c-3d62-4371-a52c-d90637d84218" testId="500e123f-de9c-4c45-8313-f9f33934d592" testName="GetSingle_ValidIdPropertyValueReturnsCorrectModel" computerName="VECTOR" duration="00:00:00.0060000" startTime="2018-07-19T07:24:37.9617707-04:00" endTime="2018-07-19T07:24:37.9617755-04:00" testType="13cdc9d9-ddb5-4fa4-a97d-d965ccfc6d4b" outcome="Passed" testListId="8c84fa94-04c1-424b-9868-57a2d4851a1d" relativeResultsDirectory="12d85c6c-3d62-4371-a52c-d90637d84218" /><UnitTestResult executionId="f57a0e17-8e51-4a51-8f6c-9a5d5d9ab583" testId="431e2f0b-6f03-4e19-afc8-fdd24e162d90" testName="Post_InvalidPropertyValueReturnsBadRequest" computerName="VECTOR" duration="00:00:00.0030000" startTime="2018-07-19T07:24:47.1666751-04:00" endTime="2018-07-19T07:24:47.1666799-04:00" testType="13cdc9d9-ddb5-4fa4-a97d-d965ccfc6d4b" outcome="Passed" testListId="8c84fa94-04c1-424b-9868-57a2d4851a1d" relativeResultsDirectory="f57a0e17-8e51-4a51-8f6c-9a5d5d9ab583" /><UnitTestResult executionId="47aa55d5-00d8-446e-8b2d-a5591bceb4b0" testId="4b85524e-6ba0-413d-9bd2-454833ac1065" testName="Patch_TargetPropertyIsUpdated" computerName="VECTOR" duration="00:00:00.0320000" startTime="2018-07-19T07:24:35.7934851-04:00" endTime="2018-07-19T07:24:35.7934908-04:00" testType="13cdc9d9-ddb5-4fa4-a97d-d965ccfc6d4b" outcome="Passed" testListId="8c84fa94-04c1-424b-9868-57a2d4851a1d" relativeResultsDirectory="47aa55d5-00d8-446e-8b2d-a5591bceb4b0" /><UnitTestResult executionId="7e621515-9c5f-418a-9687-3cb659f6d344" testId="bc182f3f-6f88-45d0-9f15-2c5cd6c62714" testName="Put_InvalidIdReturnsNotFound" computerName="VECTOR" duration="00:00:00.0090000" startTime="2018-07-19T07:24:47.0007937-04:00" endTime="2018-07-19T07:24:47.0007997-04:00" testType="13cdc9d9-ddb5-4fa4-a97d-d965ccfc6d4b" outcome="Passed" testListId="8c84fa94-04c1-424b-9868-57a2d4851a1d" relativeResultsDirectory="7e621515-9c5f-418a-9687-3cb659f6d344" /><UnitTestResult executionId="bf658d19-f283-4fcb-ad6f-a5150ffc6636" testId="70a06625-0673-46d1-a67e-0a8820d320f6" testName="GetFile_FileCanBeRoundTripped" computerName="VECTOR" duration="00:00:00.0640000" startTime="2018-07-19T07:24:35.2851612-04:00" endTime="2018-07-19T07:24:35.2851683-04:00" testType="13cdc9d9-ddb5-4fa4-a97d-d965ccfc6d4b" outcome="Passed" testListId="8c84fa94-04c1-424b-9868-57a2d4851a1d" relativeResultsDirectory="bf658d19-f283-4fcb-ad6f-a5150ffc6636" /><UnitTestResult executionId="7d775371-e25c-4331-bdb7-9d6475980063" testId="f1129cfe-703b-4507-be21-1216e233dbe4" testName="GetSingle_InvalidIdPropertyValueReturnsNotFound" computerName="VECTOR" duration="00:00:00.0110000" startTime="2018-07-19T07:24:34.4663245-04:00" endTime="2018-07-19T07:24:34.4663302-04:00" testType="13cdc9d9-ddb5-4fa4-a97d-d965ccfc6d4b" outcome="Passed" testListId="8c84fa94-04c1-424b-9868-57a2d4851a1d" relativeResultsDirectory="7d775371-e25c-4331-bdb7-9d6475980063" /><UnitTestResult executionId="80314a0f-a5f9-49b4-af64-8d92a061d756" testId="eba23877-a2c5-4478-a849-41fea9c53bac" testName="GetSingle_ValidIdPropertyValueReturnsCorrectModel" computerName="VECTOR" duration="00:00:00.0060000" startTime="2018-07-19T07:24:33.8368391-04:00" endTime="2018-07-19T07:24:33.8368431-04:00" testType="13cdc9d9-ddb5-4fa4-a97d-d965ccfc6d4b" outcome="Passed" testListId="8c84fa94-04c1-424b-9868-57a2d4851a1d" relativeResultsDirectory="80314a0f-a5f9-49b4-af64-8d92a061d756" /><UnitTestResult executionId="a6575fd5-df2d-4159-9fe5-3d38104af063" testId="e90233dd-3e6b-4d9c-908d-bd5a79a21455" testName="FileRequest_MeshGenerateScalesDepthBufferByP1Scale" computerName="VECTOR" duration="00:00:02.2250000" startTime="2018-07-19T07:24:44.4130074-04:00" endTime="2018-07-19T07:24:44.4130137-04:00" testType="13cdc9d9-ddb5-4fa4-a97d-d965ccfc6d4b" outcome="Passed" testListId="8c84fa94-04c1-424b-9868-57a2d4851a1d" relativeResultsDirectory="a6575fd5-df2d-4159-9fe5-3d38104af063" /><UnitTestResult executionId="58f3ec61-86a5-43b6-879a-d96fb81199f4" testId="3eec297b-988e-44b0-8871-c950cb763d41" testName="Put_ValidReferencePropertyUpdatesModel" computerName="VECTOR" duration="00:00:00.1660000" startTime="2018-07-19T07:24:44.9483041-04:00" endTime="2018-07-19T07:24:44.9483112-04:00" testType="13cdc9d9-ddb5-4fa4-a97d-d965ccfc6d4b" outcome="Passed" testListId="8c84fa94-04c1-424b-9868-57a2d4851a1d" relativeResultsDirectory="58f3ec61-86a5-43b6-879a-d96fb81199f4" /><UnitTestResult executionId="d507d472-4d2e-43b6-aae3-df66607b6ded" testId="387ee987-760f-410a-b658-72b4adb4130c" testName="Patch_InvalidReferencePropertyReturnsBadRequest" computerName="VECTOR" duration="00:00:00.0080000" startTime="2018-07-19T07:24:35.5827709-04:00" endTime="2018-07-19T07:24:35.5827766-04:00" testType="13cdc9d9-ddb5-4fa4-a97d-d965ccfc6d4b" outcome="Passed" testListId="8c84fa94-04c1-424b-9868-57a2d4851a1d" relativeResultsDirectory="d507d472-4d2e-43b6-aae3-df66607b6ded" /><UnitTestResult executionId="b28c943e-5f21-4102-b03e-e9434b8ea9f4" testId="05e94e67-e6a4-45b3-a7c7-400d291b0763" testName="Patch_InvalidEnumPropertyValueReturnsBadRequest" computerName="VECTOR" duration="00:00:00.0060000" startTime="2018-07-19T07:24:34.7103341-04:00" endTime="2018-07-19T07:24:34.7103392-04:00" testType="13cdc9d9-ddb5-4fa4-a97d-d965ccfc6d4b" outcome="Passed" testListId="8c84fa94-04c1-424b-9868-57a2d4851a1d" relativeResultsDirectory="b28c943e-5f21-4102-b03e-e9434b8ea9f4" /><UnitTestResult executionId="96d104bb-f5a4-4aa9-b815-a55ebfeaa331" testId="083d1655-3830-4c03-9c38-07b03f037c45" testName="Put_ValidReferencePropertyUpdatesModel" computerName="VECTOR" duration="00:00:00.0370000" startTime="2018-07-19T07:24:34.6108268-04:00" endTime="2018-07-19T07:24:34.6108330-04:00" testType="13cdc9d9-ddb5-4fa4-a97d-d965ccfc6d4b" outcome="Passed" testListId="8c84fa94-04c1-424b-9868-57a2d4851a1d" relativeResultsDirectory="96d104bb-f5a4-4aa9-b815-a55ebfeaa331" /><UnitTestResult executionId="340da26d-ed66-4ee6-8a35-0376aa8cc2bd" testId="81dcec78-5ff7-4a12-a616-7a6e425a7aad" testName="Patch_InvalidPropertyNameReturnsBadRequest" computerName="VECTOR" duration="00:00:00.0050000" startTime="2018-07-19T07:24:34.5210815-04:00" endTime="2018-07-19T07:24:34.5210872-04:00" testType="13cdc9d9-ddb5-4fa4-a97d-d965ccfc6d4b" outcome="Passed" testListId="8c84fa94-04c1-424b-9868-57a2d4851a1d" relativeResultsDirectory="340da26d-ed66-4ee6-8a35-0376aa8cc2bd" /><UnitTestResult executionId="6eafea04-bfff-431e-a07d-e535520c606d" testId="e6d9141f-33cb-4423-847a-d445815e0e99" testName="PostFile_FileIsSynchronizedIsUpdatedAfterFileIsPosted" computerName="VECTOR" duration="00:00:00.0680000" startTime="2018-07-19T07:24:42.1086446-04:00" endTime="2018-07-19T07:24:42.1086506-04:00" testType="13cdc9d9-ddb5-4fa4-a97d-d965ccfc6d4b" outcome="Passed" testListId="8c84fa94-04c1-424b-9868-57a2d4851a1d" relativeResultsDirectory="6eafea04-bfff-431e-a07d-e535520c606d" /><UnitTestResult executionId="062031cd-ff74-42de-a86c-4a67c117e0c8" testId="1d2f7c1e-5ac1-4651-ba22-db3cee614b70" testName="Patch_InvalidIdPropertyReturnsNotFound" computerName="VECTOR" duration="00:00:00.0080000" startTime="2018-07-19T07:24:33.9900266-04:00" endTime="2018-07-19T07:24:33.9900323-04:00" testType="13cdc9d9-ddb5-4fa4-a97d-d965ccfc6d4b" outcome="Passed" testListId="8c84fa94-04c1-424b-9868-57a2d4851a1d" relativeResultsDirectory="062031cd-ff74-42de-a86c-4a67c117e0c8" /><UnitTestResult executionId="64df047d-c77c-4d94-b726-1f0fa1059178" testId="bbeabeee-54f7-4a37-8fe4-9f975883ee6e" testName="GetFile_ExistingFileReturnsSuccess" computerName="VECTOR" duration="00:00:00.0650000" startTime="2018-07-19T07:24:35.0594459-04:00" endTime="2018-07-19T07:24:35.0594530-04:00" testType="13cdc9d9-ddb5-4fa4-a97d-d965ccfc6d4b" outcome="Passed" testListId="8c84fa94-04c1-424b-9868-57a2d4851a1d" relativeResultsDirectory="64df047d-c77c-4d94-b726-1f0fa1059178" /><UnitTestResult executionId="07b967b7-32dc-466b-8a27-637d26eed4f8" testId="05890a43-7bf7-46ad-97d5-16fba3686878" testName="GetList_ListReturnsCorrectCount" computerName="VECTOR" duration="00:00:00.0380000" startTime="2018-07-19T07:24:47.0541421-04:00" endTime="2018-07-19T07:24:47.0541486-04:00" testType="13cdc9d9-ddb5-4fa4-a97d-d965ccfc6d4b" outcome="Passed" testListId="8c84fa94-04c1-424b-9868-57a2d4851a1d" relativeResultsDirectory="07b967b7-32dc-466b-8a27-637d26eed4f8" /><UnitTestResult executionId="49f96c65-f4a5-4a85-92d1-b9e5cb0f4b00" testId="1ec5e6eb-a3ac-4b2d-a30d-25658c8280c2" testName="Post_ValidReferencePropertyCreatesModel" computerName="VECTOR" duration="00:00:00.0140000" startTime="2018-07-19T07:24:34.6305767-04:00" endTime="2018-07-19T07:24:34.6305835-04:00" testType="13cdc9d9-ddb5-4fa4-a97d-d965ccfc6d4b" outcome="Passed" testListId="8c84fa94-04c1-424b-9868-57a2d4851a1d" relativeResultsDirectory="49f96c65-f4a5-4a85-92d1-b9e5cb0f4b00" /><UnitTestResult executionId="deb67373-dbaf-47bd-bbcc-2f020e2f5f1d" testId="afc169b8-ba02-4b82-8184-5d014d27672e" testName="GetFile_ExistingFileReturnsSuccess" computerName="VECTOR" duration="00:00:00.0220000" startTime="2018-07-19T07:24:45.1157266-04:00" endTime="2018-07-19T07:24:45.1157334-04:00" testType="13cdc9d9-ddb5-4fa4-a97d-d965ccfc6d4b" outcome="Passed" testListId="8c84fa94-04c1-424b-9868-57a2d4851a1d" relativeResultsDirectory="deb67373-dbaf-47bd-bbcc-2f020e2f5f1d" /><UnitTestResult executionId="458cf1fb-211f-44a7-b2aa-e1d1996e3631" testId="64a23686-3ac2-447b-9a53-bad6d5281064" testName="Patch_InvalidEnumPropertyValueReturnsBadRequest" computerName="VECTOR" duration="00:00:00.0190000" startTime="2018-07-19T07:24:44.4331196-04:00" endTime="2018-07-19T07:24:44.4331262-04:00" testType="13cdc9d9-ddb5-4fa4-a97d-d965ccfc6d4b" outcome="Passed" testListId="8c84fa94-04c1-424b-9868-57a2d4851a1d" relativeResultsDirectory="458cf1fb-211f-44a7-b2aa-e1d1996e3631" /><UnitTestResult executionId="e067f6fa-a4c0-4bb8-ba92-b06a38df1327" testId="d169f43d-33a6-497c-bbec-f0b300a2fab6" testName="Delete_TargetModelIsDeleted" computerName="VECTOR" duration="00:00:00.0150000" startTime="2018-07-19T07:24:47.0157178-04:00" endTime="2018-07-19T07:24:47.0157238-04:00" testType="13cdc9d9-ddb5-4fa4-a97d-d965ccfc6d4b" outcome="Passed" testListId="8c84fa94-04c1-424b-9868-57a2d4851a1d" relativeResultsDirectory="e067f6fa-a4c0-4bb8-ba92-b06a38df1327" /><UnitTestResult executionId="5c40125e-291e-4bb5-9466-55e12d46a287" testId="7bef73c5-e264-4165-a747-97b4aed38ddf" testName="PutFile_FileCanBeUpdated" computerName="VECTOR" duration="00:00:00.1340000" startTime="2018-07-19T07:24:34.9938885-04:00" endTime="2018-07-19T07:24:34.9938945-04:00" testType="13cdc9d9-ddb5-4fa4-a97d-d965ccfc6d4b" outcome="Passed" testListId="8c84fa94-04c1-424b-9868-57a2d4851a1d" relativeResultsDirectory="5c40125e-291e-4bb5-9466-55e12d46a287" /><UnitTestResult executionId="6fddaa48-a60d-4ed7-92ab-6a20e1c9e2b8" testId="97391a1a-a1e0-4235-9c15-37faf11885af" testName="Post_ValidReferencePropertyCreatesModel" computerName="VECTOR" duration="00:00:00.0140000" startTime="2018-07-19T07:24:45.0605247-04:00" endTime="2018-07-19T07:24:45.0605307-04:00" testType="13cdc9d9-ddb5-4fa4-a97d-d965ccfc6d4b" outcome="Passed" testListId="8c84fa94-04c1-424b-9868-57a2d4851a1d" relativeResultsDirectory="6fddaa48-a60d-4ed7-92ab-6a20e1c9e2b8" /><UnitTestResult executionId="4b11f4aa-1e2f-4823-8ee3-ae359621ab3f" testId="445bff7c-b97a-4b56-a051-f059d36662d3" testName="GetFile_NonExistentFileReturnsNotFound" computerName="VECTOR" duration="00:00:00.0120000" startTime="2018-07-19T07:24:37.9951089-04:00" endTime="2018-07-19T07:24:37.9951152-04:00" testType="13cdc9d9-ddb5-4fa4-a97d-d965ccfc6d4b" outcome="Passed" testListId="8c84fa94-04c1-424b-9868-57a2d4851a1d" relativeResultsDirectory="4b11f4aa-1e2f-4823-8ee3-ae359621ab3f" /><UnitTestResult executionId="c78d5551-b6ec-4027-a3b4-d9c7f1ac7834" testId="aba61080-2001-4fa9-98f3-86246d890549" testName="Patch_InvalidEnumPropertyValueReturnsBadRequest" computerName="VECTOR" duration="00:00:00.0040000" startTime="2018-07-19T07:24:37.8333183-04:00" endTime="2018-07-19T07:24:37.8333209-04:00" testType="13cdc9d9-ddb5-4fa4-a97d-d965ccfc6d4b" outcome="Passed" testListId="8c84fa94-04c1-424b-9868-57a2d4851a1d" relativeResultsDirectory="c78d5551-b6ec-4027-a3b4-d9c7f1ac7834" /><UnitTestResult executionId="de38a3e2-1614-4e9d-b724-8f218ff8d4d9" testId="1254002d-f34c-4ed2-8a46-d052286ab60e" testName="GetSingle_ValidIdPropertyValueReturnsCorrectModel" computerName="VECTOR" duration="00:00:00.0040000" startTime="2018-07-19T07:24:35.8366935-04:00" endTime="2018-07-19T07:24:35.8366969-04:00" testType="13cdc9d9-ddb5-4fa4-a97d-d965ccfc6d4b" outcome="Passed" testListId="8c84fa94-04c1-424b-9868-57a2d4851a1d" relativeResultsDirectory="de38a3e2-1614-4e9d-b724-8f218ff8d4d9" /><UnitTestResult executionId="4cab7e5a-45e4-4f93-b6c3-ceecfbe9eba4" testId="d03c1cae-56b9-4afe-92d4-f3b4ea18d0dd" testName="GetList_ListReturnsCorrectCount" computerName="VECTOR" duration="00:00:00.1250000" startTime="2018-07-19T07:24:44.5585194-04:00" endTime="2018-07-19T07:24:44.5585257-04:00" testType="13cdc9d9-ddb5-4fa4-a97d-d965ccfc6d4b" outcome="Passed" testListId="8c84fa94-04c1-424b-9868-57a2d4851a1d" relativeResultsDirectory="4cab7e5a-45e4-4f93-b6c3-ceecfbe9eba4" /><UnitTestResult executionId="72000f29-ece2-479e-ba4e-ac9c4c8c69ad" testId="ffd569ca-ba31-41e2-8d69-d0ecc9fc28e8" testName="GetList_ListReturnsCorrectCount" computerName="VECTOR" duration="00:00:00.0470000" startTime="2018-07-19T07:24:35.6297705-04:00" endTime="2018-07-19T07:24:35.6297793-04:00" testType="13cdc9d9-ddb5-4fa4-a97d-d965ccfc6d4b" outcome="Passed" testListId="8c84fa94-04c1-424b-9868-57a2d4851a1d" relativeResultsDirectory="72000f29-ece2-479e-ba4e-ac9c4c8c69ad" /><UnitTestResult executionId="75ff214d-e110-4205-9f43-1cfc55d14284" testId="4a709507-c1ac-4477-aefc-3c332c84ad78" testName="GetSingle_InvalidIdPropertyValueReturnsNotFound" computerName="VECTOR" duration="00:00:00.0040000" startTime="2018-07-19T07:24:37.9037843-04:00" endTime="2018-07-19T07:24:37.9037889-04:00" testType="13cdc9d9-ddb5-4fa4-a97d-d965ccfc6d4b" outcome="Passed" testListId="8c84fa94-04c1-424b-9868-57a2d4851a1d" relativeResultsDirectory="75ff214d-e110-4205-9f43-1cfc55d14284" /><UnitTestResult executionId="29e13154-541f-4b1c-ba75-9cd5effa369c" testId="9f159f20-82c8-4f1e-acc8-ef51b16cff1c" testName="Delete_TargetModelIsDeleted" computerName="VECTOR" duration="00:00:00.0960000" startTime="2018-07-19T07:24:35.5456455-04:00" endTime="2018-07-19T07:24:35.5456517-04:00" testType="13cdc9d9-ddb5-4fa4-a97d-d965ccfc6d4b" outcome="Passed" testListId="8c84fa94-04c1-424b-9868-57a2d4851a1d" relativeResultsDirectory="29e13154-541f-4b1c-ba75-9cd5effa369c" /><UnitTestResult executionId="884bd22a-1726-4521-8e71-000d5451b4a7" testId="46377a05-4536-4d02-b257-aef9132d8f99" testName="Put_CanUpdateModel" computerName="VECTOR" duration="00:00:00.4240000" startTime="2018-07-19T07:24:37.7972721-04:00" endTime="2018-07-19T07:24:37.7972780-04:00" testType="13cdc9d9-ddb5-4fa4-a97d-d965ccfc6d4b" outcome="Passed" testListId="8c84fa94-04c1-424b-9868-57a2d4851a1d" relativeResultsDirectory="884bd22a-1726-4521-8e71-000d5451b4a7" /><UnitTestResult executionId="0ef75c35-3d35-4520-8e5f-bf8a2103c6ce" testId="18bfec77-64a4-4999-8533-0fa6cde7d79f" testName="Post_InvalidReferencePropertyReturnsBadRequest" computerName="VECTOR" duration="00:00:00.0050000" startTime="2018-07-19T07:24:44.9770081-04:00" endTime="2018-07-19T07:24:44.9770135-04:00" testType="13cdc9d9-ddb5-4fa4-a97d-d965ccfc6d4b" outcome="Passed" testListId="8c84fa94-04c1-424b-9868-57a2d4851a1d" relativeResultsDirectory="0ef75c35-3d35-4520-8e5f-bf8a2103c6ce" /><UnitTestResult executionId="48b8a714-9baa-4f72-9566-3bac761d8ecd" testId="29e3ed75-01c2-47f2-813c-7b91c650aab4" testName="Patch_TargetPropertyIsUpdated" computerName="VECTOR" duration="00:00:00.0350000" startTime="2018-07-19T07:24:44.7822462-04:00" endTime="2018-07-19T07:24:44.7822522-04:00" testType="13cdc9d9-ddb5-4fa4-a97d-d965ccfc6d4b" outcome="Passed" testListId="8c84fa94-04c1-424b-9868-57a2d4851a1d" relativeResultsDirectory="48b8a714-9baa-4f72-9566-3bac761d8ecd" /><UnitTestResult executionId="327b0fd7-76ae-42f7-a1c1-78f8b25c9fcf" testId="da98cf50-fc14-4c15-b5a1-78a52e58ce42" testName="Patch_MultipleInvalidReferencePropertiesReturnsMultipleValidationErrorsAndBadRequest" computerName="VECTOR" duration="00:00:00.0020000" startTime="2018-07-19T07:24:33.9801189-04:00" endTime="2018-07-19T07:24:33.9801221-04:00" testType="13cdc9d9-ddb5-4fa4-a97d-d965ccfc6d4b" outcome="Passed" testListId="8c84fa94-04c1-424b-9868-57a2d4851a1d" relativeResultsDirectory="327b0fd7-76ae-42f7-a1c1-78f8b25c9fcf" /><UnitTestResult executionId="f4080dee-3288-419f-9ce9-d97440c20b32" testId="13c1747e-4072-4ebe-b0aa-8a6c2d6c3a5a" testName="GetSingle_ValidIdPropertyValueReturnsCorrectModel" computerName="VECTOR" duration="00:00:00.0080000" startTime="2018-07-19T07:24:34.5322980-04:00" endTime="2018-07-19T07:24:34.5323043-04:00" testType="13cdc9d9-ddb5-4fa4-a97d-d965ccfc6d4b" outcome="Passed" testListId="8c84fa94-04c1-424b-9868-57a2d4851a1d" relativeResultsDirectory="f4080dee-3288-419f-9ce9-d97440c20b32" /><UnitTestResult executionId="69f46388-e6eb-43c5-ab93-7cd63aae03f1" testId="de030ec5-3060-4d62-a869-f3afd2d76256" testName="Patch_InvalidReferencePropertyReturnsBadRequest" computerName="VECTOR" duration="00:00:00.0120000" startTime="2018-07-19T07:24:37.8899118-04:00" endTime="2018-07-19T07:24:37.8899172-04:00" testType="13cdc9d9-ddb5-4fa4-a97d-d965ccfc6d4b" outcome="Passed" testListId="8c84fa94-04c1-424b-9868-57a2d4851a1d" relativeResultsDirectory="69f46388-e6eb-43c5-ab93-7cd63aae03f1" /><UnitTestResult executionId="2fadc137-8e04-479c-8489-c152e9e2b056" testId="b1341d4b-2608-4f99-87b7-9aa720dfed89" testName="Post_InvalidPropertyValueReturnsBadRequest" computerName="VECTOR" duration="00:00:00.0030000" startTime="2018-07-19T07:24:34.5241273-04:00" endTime="2018-07-19T07:24:34.5241324-04:00" testType="13cdc9d9-ddb5-4fa4-a97d-d965ccfc6d4b" outcome="Passed" testListId="8c84fa94-04c1-424b-9868-57a2d4851a1d" relativeResultsDirectory="2fadc137-8e04-479c-8489-c152e9e2b056" /><UnitTestResult executionId="669515d4-658e-499e-829b-a5d51239d653" testId="dfcb9f78-d6bc-49f6-a0c8-95ad388a2e5f" testName="PutFile_NewFileCanBePut" computerName="VECTOR" duration="00:00:00.0790000" startTime="2018-07-19T07:24:46.7997299-04:00" endTime="2018-07-19T07:24:46.7997373-04:00" testType="13cdc9d9-ddb5-4fa4-a97d-d965ccfc6d4b" outcome="Passed" testListId="8c84fa94-04c1-424b-9868-57a2d4851a1d" relativeResultsDirectory="669515d4-658e-499e-829b-a5d51239d653" /><UnitTestResult executionId="fc641a28-4056-43e8-b784-baaad7a5e590" testId="e0cf05ac-275a-4c60-bf74-ddbd8ee1df49" testName="Post_InvalidReferencePropertyReturnsBadRequest" computerName="VECTOR" duration="00:00:00.0040000" startTime="2018-07-19T07:24:35.8414064-04:00" endTime="2018-07-19T07:24:35.8414135-04:00" testType="13cdc9d9-ddb5-4fa4-a97d-d965ccfc6d4b" outcome="Passed" testListId="8c84fa94-04c1-424b-9868-57a2d4851a1d" relativeResultsDirectory="fc641a28-4056-43e8-b784-baaad7a5e590" /><UnitTestResult executionId="6f0ebb1d-62e9-4959-bdc2-069d48bad9d9" testId="365f1d18-8e81-4002-9622-49c274cd5641" testName="Patch_ValidReferencePropertyUpdatesModel" computerName="VECTOR" duration="00:00:00.0410000" startTime="2018-07-19T07:24:34.5731924-04:00" endTime="2018-07-19T07:24:34.5731984-04:00" testType="13cdc9d9-ddb5-4fa4-a97d-d965ccfc6d4b" outcome="Passed" testListId="8c84fa94-04c1-424b-9868-57a2d4851a1d" relativeResultsDirectory="6f0ebb1d-62e9-4959-bdc2-069d48bad9d9" /><UnitTestResult executionId="63107c89-3dee-4dc4-834e-d9845f39daaf" testId="3a7a5e7c-9c50-478f-a8d0-01b097dcaf9c" testName="LucyCameraFindsAllDependents" computerName="VECTOR" duration="00:00:00.0080000" startTime="2018-07-19T07:24:32.9192366-04:00" endTime="2018-07-19T07:24:32.9192426-04:00" testType="13cdc9d9-ddb5-4fa4-a97d-d965ccfc6d4b" outcome="Passed" testListId="8c84fa94-04c1-424b-9868-57a2d4851a1d" relativeResultsDirectory="63107c89-3dee-4dc4-834e-d9845f39daaf" /><UnitTestResult executionId="ea46a9e4-5b67-41a5-a841-e6056c5ad5dd" testId="147f7231-f6d8-4eaf-ac19-f0f413b6d610" testName="Put_InvalidIdReturnsNotFound" computerName="VECTOR" duration="00:00:00.0490000" startTime="2018-07-19T07:24:34.5159608-04:00" endTime="2018-07-19T07:24:34.5159671-04:00" testType="13cdc9d9-ddb5-4fa4-a97d-d965ccfc6d4b" outcome="Passed" testListId="8c84fa94-04c1-424b-9868-57a2d4851a1d" relativeResultsDirectory="ea46a9e4-5b67-41a5-a841-e6056c5ad5dd" /><UnitTestResult executionId="b00ec7ca-1fcd-41e2-9da9-4685028086e3" testId="f1e09379-be15-41df-9e6e-35f3d2de8eab" testName="Patch_InvalidEnumPropertyValueReturnsBadRequest" computerName="VECTOR" duration="00:00:00.0010000" startTime="2018-07-19T07:24:47.0542879-04:00" endTime="2018-07-19T07:24:47.0542891-04:00" testType="13cdc9d9-ddb5-4fa4-a97d-d965ccfc6d4b" outcome="Passed" testListId="8c84fa94-04c1-424b-9868-57a2d4851a1d" relativeResultsDirectory="b00ec7ca-1fcd-41e2-9da9-4685028086e3" /><UnitTestResult executionId="3144843f-0c44-415e-836c-d9e4390d7875" testId="da48d249-f5cf-48b4-a7f3-60c269350a35" testName="FileRequest_DepthBufferIsInvalidatedAfterCameraDependencyPropertyChange" computerName="VECTOR" duration="00:00:00.2430000" startTime="2018-07-19T07:24:46.7154013-04:00" endTime="2018-07-19T07:24:46.7154076-04:00" testType="13cdc9d9-ddb5-4fa4-a97d-d965ccfc6d4b" outcome="Passed" testListId="8c84fa94-04c1-424b-9868-57a2d4851a1d" relativeResultsDirectory="3144843f-0c44-415e-836c-d9e4390d7875" /><UnitTestResult executionId="f553f812-83cb-4f24-be1c-8114854cacfc" testId="f981b4f6-3e59-4c1a-af5a-62b22858daa3" testName="Post_CanCreateNewModel" computerName="VECTOR" duration="00:00:00.0160000" startTime="2018-07-19T07:24:34.7262995-04:00" endTime="2018-07-19T07:24:34.7263055-04:00" testType="13cdc9d9-ddb5-4fa4-a97d-d965ccfc6d4b" outcome="Passed" testListId="8c84fa94-04c1-424b-9868-57a2d4851a1d" relativeResultsDirectory="f553f812-83cb-4f24-be1c-8114854cacfc" /><UnitTestResult executionId="df26b941-4aa5-4aa8-b5d8-acca368f1a57" testId="bd9a9fcc-d5e3-4c32-95bb-a7a831af7fa6" testName="Patch_InvalidIdPropertyReturnsNotFound" computerName="VECTOR" duration="00:00:00.0050000" startTime="2018-07-19T07:24:34.6166596-04:00" endTime="2018-07-19T07:24:34.6166644-04:00" testType="13cdc9d9-ddb5-4fa4-a97d-d965ccfc6d4b" outcome="Passed" testListId="8c84fa94-04c1-424b-9868-57a2d4851a1d" relativeResultsDirectory="df26b941-4aa5-4aa8-b5d8-acca368f1a57" /><UnitTestResult executionId="13edd520-06bf-4940-b5ec-0a0ef707dbdc" testId="e3938a92-675f-49f7-8526-58168f990d60" testName="MeshTransformHasExpectedDependentFiles" computerName="VECTOR" duration="00:00:00.0010000" startTime="2018-07-19T07:24:32.9199854-04:00" endTime="2018-07-19T07:24:32.9199871-04:00" testType="13cdc9d9-ddb5-4fa4-a97d-d965ccfc6d4b" outcome="Passed" testListId="8c84fa94-04c1-424b-9868-57a2d4851a1d" relativeResultsDirectory="13edd520-06bf-4940-b5ec-0a0ef707dbdc" /><UnitTestResult executionId="7cb5eb42-6832-4992-84a9-e2f52695802b" testId="a4d57500-7f91-464a-b62c-ddcdfe0c251a" testName="Post_ValidReferencePropertyCreatesModel" computerName="VECTOR" duration="00:00:00.0120000" startTime="2018-07-19T07:24:35.7061816-04:00" endTime="2018-07-19T07:24:35.7061876-04:00" testType="13cdc9d9-ddb5-4fa4-a97d-d965ccfc6d4b" outcome="Passed" testListId="8c84fa94-04c1-424b-9868-57a2d4851a1d" relativeResultsDirectory="7cb5eb42-6832-4992-84a9-e2f52695802b" /><UnitTestResult executionId="d3b32af4-0487-41a1-b37c-9cdc00ed317a" testId="953ef488-d988-40e6-befb-9ed1331c787f" testName="Put_CanUpdateModel" computerName="VECTOR" duration="00:00:00.0340000" startTime="2018-07-19T07:24:35.8279096-04:00" endTime="2018-07-19T07:24:35.8279156-04:00" testType="13cdc9d9-ddb5-4fa4-a97d-d965ccfc6d4b" outcome="Passed" testListId="8c84fa94-04c1-424b-9868-57a2d4851a1d" relativeResultsDirectory="d3b32af4-0487-41a1-b37c-9cdc00ed317a" /><UnitTestResult executionId="0347a97a-19ca-49f9-8ddb-3b5d7fc6d51e" testId="6757ddbf-bd27-4308-8e2d-7ec198bc3b14" testName="Patch_InvalidPropertyNameReturnsBadRequest" computerName="VECTOR" duration="00:00:00.0190000" startTime="2018-07-19T07:24:35.4494373-04:00" endTime="2018-07-19T07:24:35.4494444-04:00" testType="13cdc9d9-ddb5-4fa4-a97d-d965ccfc6d4b" outcome="Passed" testListId="8c84fa94-04c1-424b-9868-57a2d4851a1d" relativeResultsDirectory="0347a97a-19ca-49f9-8ddb-3b5d7fc6d51e" /><UnitTestResult executionId="5b7b98ab-4f0b-4613-94ff-9d10741bf618" testId="72ddcc2e-f742-490f-99c0-7763cb3d289b" testName="Delete_TargetModelIsDeleted" computerName="VECTOR" duration="00:00:00.2910000" startTime="2018-07-19T07:24:33.7183115-04:00" endTime="2018-07-19T07:24:33.7183178-04:00" testType="13cdc9d9-ddb5-4fa4-a97d-d965ccfc6d4b" outcome="Passed" testListId="8c84fa94-04c1-424b-9868-57a2d4851a1d" relativeResultsDirectory="5b7b98ab-4f0b-4613-94ff-9d10741bf618" /><UnitTestResult executionId="f42bd6a7-817d-4998-9542-74e378fcd585" testId="30df80b7-7714-4700-97c6-53d7bb1ccc9a" testName="Patch_InvalidIdPropertyReturnsNotFound" computerName="VECTOR" duration="00:00:00.0060000" startTime="2018-07-19T07:24:47.1577418-04:00" endTime="2018-07-19T07:24:47.1577450-04:00" testType="13cdc9d9-ddb5-4fa4-a97d-d965ccfc6d4b" outcome="Passed" testListId="8c84fa94-04c1-424b-9868-57a2d4851a1d" relativeResultsDirectory="f42bd6a7-817d-4998-9542-74e378fcd585" /><UnitTestResult executionId="5c8f564c-b226-4bf3-b56c-4949412b0dd1" testId="1f999a85-ab64-4df2-9800-1725275aed9d" testName="Put_InvalidIdReturnsNotFound" computerName="VECTOR" duration="00:00:00.0300000" startTime="2018-07-19T07:24:33.8306052-04:00" endTime="2018-07-19T07:24:33.8306114-04:00" testType="13cdc9d9-ddb5-4fa4-a97d-d965ccfc6d4b" outcome="Passed" testListId="8c84fa94-04c1-424b-9868-57a2d4851a1d" relativeResultsDirectory="5c8f564c-b226-4bf3-b56c-4949412b0dd1" /><UnitTestResult executionId="35c85c9c-d0be-4361-a24a-7ee31d613be5" testId="17d33eaa-d09a-4307-8037-2d10a7312f30" testName="FileRequest_MeshIsInvalidatedAfterDepthBufferFileBecomesUnsynchronized" computerName="VECTOR" duration="00:00:01.5930000" startTime="2018-07-19T07:24:39.6715334-04:00" endTime="2018-07-19T07:24:39.6715397-04:00" testType="13cdc9d9-ddb5-4fa4-a97d-d965ccfc6d4b" outcome="Passed" testListId="8c84fa94-04c1-424b-9868-57a2d4851a1d" relativeResultsDirectory="35c85c9c-d0be-4361-a24a-7ee31d613be5" /><UnitTestResult executionId="f701667c-d781-4606-8a09-7aebe42cb50a" testId="105ba0ad-fb3e-4fc3-a90e-9297889f408a" testName="PostFile_FileIsSynchronizedIsUpdatedAfterFileIsPosted" computerName="VECTOR" duration="00:00:00.0560000" startTime="2018-07-19T07:24:46.8563523-04:00" endTime="2018-07-19T07:24:46.8563594-04:00" testType="13cdc9d9-ddb5-4fa4-a97d-d965ccfc6d4b" outcome="Passed" testListId="8c84fa94-04c1-424b-9868-57a2d4851a1d" relativeResultsDirectory="f701667c-d781-4606-8a09-7aebe42cb50a" /><UnitTestResult executionId="a4dd8aca-60dd-49d0-9ebc-a5db0778acbe" testId="4c6ae0c8-ea2c-4221-884b-b984e8df797e" testName="Post_ValidReferencePropertyCreatesModel" computerName="VECTOR" duration="00:00:00.0150000" startTime="2018-07-19T07:24:47.1325358-04:00" endTime="2018-07-19T07:24:47.1325414-04:00" testType="13cdc9d9-ddb5-4fa4-a97d-d965ccfc6d4b" outcome="Passed" testListId="8c84fa94-04c1-424b-9868-57a2d4851a1d" relativeResultsDirectory="a4dd8aca-60dd-49d0-9ebc-a5db0778acbe" /><UnitTestResult executionId="ad646f89-90ff-41eb-9005-2c4a0e5adfc6" testId="5caca5ce-8031-443d-839f-bd9d8bcd677c" testName="Put_InvalidIdReturnsNotFound" computerName="VECTOR" duration="00:00:00.1360000" startTime="2018-07-19T07:24:35.4303414-04:00" endTime="2018-07-19T07:24:35.4303491-04:00" testType="13cdc9d9-ddb5-4fa4-a97d-d965ccfc6d4b" outcome="Passed" testListId="8c84fa94-04c1-424b-9868-57a2d4851a1d" relativeResultsDirectory="ad646f89-90ff-41eb-9005-2c4a0e5adfc6" /><UnitTestResult executionId="ec71de2c-25c2-4aeb-9f57-3147ef1918f4" testId="332f8ba7-d906-4b3c-b405-7c12fcd6b530" testName="Put_InvalidReferencePropertyReturndBadRequest" computerName="VECTOR" duration="00:00:00.0020000" startTime="2018-07-19T07:24:33.9820432-04:00" endTime="2018-07-19T07:24:33.9820455-04:00" testType="13cdc9d9-ddb5-4fa4-a97d-d965ccfc6d4b" outcome="Passed" testListId="8c84fa94-04c1-424b-9868-57a2d4851a1d" relativeResultsDirectory="ec71de2c-25c2-4aeb-9f57-3147ef1918f4" /><UnitTestResult executionId="9512d2df-9f16-4428-93f3-522d5951c24d" testId="271eab4c-7c62-4091-bbc2-f2bc3a5c98a9" testName="Post_InvalidReferencePropertyReturnsBadRequest" computerName="VECTOR" duration="00:00:00.0710000" startTime="2018-07-19T07:24:34.0716594-04:00" endTime="2018-07-19T07:24:34.0716659-04:00" testType="13cdc9d9-ddb5-4fa4-a97d-d965ccfc6d4b" outcome="Passed" testListId="8c84fa94-04c1-424b-9868-57a2d4851a1d" relativeResultsDirectory="9512d2df-9f16-4428-93f3-522d5951c24d" /><UnitTestResult executionId="2d5930a3-232d-461f-85f7-6382f7405030" testId="10988872-1f68-4e6c-a318-8b1a09ee1874" testName="Delete_TargetModelIsDeleted" computerName="VECTOR" duration="00:00:00.0160000" startTime="2018-07-19T07:24:37.9555373-04:00" endTime="2018-07-19T07:24:37.9555432-04:00" testType="13cdc9d9-ddb5-4fa4-a97d-d965ccfc6d4b" outcome="Passed" testListId="8c84fa94-04c1-424b-9868-57a2d4851a1d" relativeResultsDirectory="2d5930a3-232d-461f-85f7-6382f7405030" /><UnitTestResult executionId="2772f4c7-b050-4e8c-8eee-ed191a24d6d7" testId="f380c8aa-f7e9-482b-833e-51f33fb170ab" testName="PostFile_FileIsSynchronizedIsUpdatedAfterFileIsPosted" computerName="VECTOR" duration="00:00:00.0010000" startTime="2018-07-19T07:24:35.2932563-04:00" endTime="2018-07-19T07:24:35.2932589-04:00" testType="13cdc9d9-ddb5-4fa4-a97d-d965ccfc6d4b" outcome="Passed" testListId="8c84fa94-04c1-424b-9868-57a2d4851a1d" relativeResultsDirectory="2772f4c7-b050-4e8c-8eee-ed191a24d6d7" /><UnitTestResult executionId="39860817-ec6d-452a-92f1-dc5d1ce33add" testId="bb3e5bca-ad38-4330-9c24-d43507425889" testName="Patch_ValidReferencePropertyUpdatesModel" computerName="VECTOR" duration="00:00:00.0420000" startTime="2018-07-19T07:24:47.2090227-04:00" endTime="2018-07-19T07:24:47.2090287-04:00" testType="13cdc9d9-ddb5-4fa4-a97d-d965ccfc6d4b" outcome="Passed" testListId="8c84fa94-04c1-424b-9868-57a2d4851a1d" relativeResultsDirectory="39860817-ec6d-452a-92f1-dc5d1ce33add" /><UnitTestResult executionId="6649f6c2-a5da-4eb5-93b7-a8f844e13884" testId="697ab5e0-5dfa-4a1c-a92b-2a6bda06fdf2" testName="Put_InvalidReferencePropertyReturndBadRequest" computerName="VECTOR" duration="00:00:00.0090000" startTime="2018-07-19T07:24:47.1175349-04:00" endTime="2018-07-19T07:24:47.1175408-04:00" testType="13cdc9d9-ddb5-4fa4-a97d-d965ccfc6d4b" outcome="Passed" testListId="8c84fa94-04c1-424b-9868-57a2d4851a1d" relativeResultsDirectory="6649f6c2-a5da-4eb5-93b7-a8f844e13884" /><UnitTestResult executionId="94035624-cb02-482e-b999-57fc0d9197f0" testId="629147f7-d4d2-4b82-bcc2-60ae7425d860" testName="PostFile_FileTimeStampIsUpdatedAfterFileIsPosted" computerName="VECTOR" duration="00:00:01.1340000" startTime="2018-07-19T07:24:46.2503512-04:00" endTime="2018-07-19T07:24:46.2503578-04:00" testType="13cdc9d9-ddb5-4fa4-a97d-d965ccfc6d4b" outcome="Passed" testListId="8c84fa94-04c1-424b-9868-57a2d4851a1d" relativeResultsDirectory="94035624-cb02-482e-b999-57fc0d9197f0" /><UnitTestResult executionId="856ddfdb-cb9a-4937-8573-598dc0387345" testId="f4efe552-b173-4390-ab99-ae0b5514044a" testName="Put_ValidReferencePropertyUpdatesModel" computerName="VECTOR" duration="00:00:00.0030000" startTime="2018-07-19T07:24:33.7867565-04:00" endTime="2018-07-19T07:24:33.7867591-04:00" testType="13cdc9d9-ddb5-4fa4-a97d-d965ccfc6d4b" outcome="Passed" testListId="8c84fa94-04c1-424b-9868-57a2d4851a1d" relativeResultsDirectory="856ddfdb-cb9a-4937-8573-598dc0387345" /><UnitTestResult executionId="ba2fefca-22f7-45cd-a67e-9492f6be4635" testId="08a3442f-631a-4604-8bc1-9f0623229417" testName="GetSingle_InvalidIdPropertyValueReturnsNotFound" computerName="VECTOR" duration="00:00:00.0060000" startTime="2018-07-19T07:24:33.8478882-04:00" endTime="2018-07-19T07:24:33.8478933-04:00" testType="13cdc9d9-ddb5-4fa4-a97d-d965ccfc6d4b" outcome="Passed" testListId="8c84fa94-04c1-424b-9868-57a2d4851a1d" relativeResultsDirectory="ba2fefca-22f7-45cd-a67e-9492f6be4635" /><UnitTestResult executionId="651a8eec-a52e-4771-a6cc-219fd2a82d03" testId="00462a8f-5a31-4612-bd92-840d720ff881" testName="GetSingle_ValidIdPropertyValueReturnsCorrectModel" computerName="VECTOR" duration="00:00:00.0060000" startTime="2018-07-19T07:24:46.9791728-04:00" endTime="2018-07-19T07:24:46.9791799-04:00" testType="13cdc9d9-ddb5-4fa4-a97d-d965ccfc6d4b" outcome="Passed" testListId="8c84fa94-04c1-424b-9868-57a2d4851a1d" relativeResultsDirectory="651a8eec-a52e-4771-a6cc-219fd2a82d03" /><UnitTestResult executionId="8a97fca7-1d77-421f-9053-3fadb7d76860" testId="3a6b6193-3364-4e02-a608-00d6b8455efe" testName="Patch_ValidReferencePropertyUpdatesModel" computerName="VECTOR" duration="00:00:00.5810000" startTime="2018-07-19T07:24:37.3731547-04:00" endTime="2018-07-19T07:24:37.3731612-04:00" testType="13cdc9d9-ddb5-4fa4-a97d-d965ccfc6d4b" outcome="Passed" testListId="8c84fa94-04c1-424b-9868-57a2d4851a1d" relativeResultsDirectory="8a97fca7-1d77-421f-9053-3fadb7d76860" /><UnitTestResult executionId="652e6917-6410-47e7-bb44-aed452fb1721" testId="70b21b5a-adbd-495c-8bb0-ccb20ba1f9bc" testName="Put_CanUpdateModel" computerName="VECTOR" duration="00:00:00.0320000" startTime="2018-07-19T07:24:45.0931460-04:00" endTime="2018-07-19T07:24:45.0931534-04:00" testType="13cdc9d9-ddb5-4fa4-a97d-d965ccfc6d4b" outcome="Passed" testListId="8c84fa94-04c1-424b-9868-57a2d4851a1d" relativeResultsDirectory="652e6917-6410-47e7-bb44-aed452fb1721" /><UnitTestResult executionId="fcb7b234-a1c9-4cd7-970f-2100b4e28192" testId="3ad49313-400a-4a85-a85c-fb74ef6fc4ed" testName="Patch_MultipleInvalidReferencePropertiesReturnsMultipleValidationErrorsAndBadRequest" computerName="VECTOR" duration="00:00:00.0100000" startTime="2018-07-19T07:24:44.9714612-04:00" endTime="2018-07-19T07:24:44.9714666-04:00" testType="13cdc9d9-ddb5-4fa4-a97d-d965ccfc6d4b" outcome="Passed" testListId="8c84fa94-04c1-424b-9868-57a2d4851a1d" relativeResultsDirectory="fcb7b234-a1c9-4cd7-970f-2100b4e28192" /><UnitTestResult executionId="81694c0d-5654-4257-8256-4350ee80f754" testId="1b1ef30a-f7c2-404d-9854-601835e11a3a" testName="Post_InvalidReferencePropertyReturnsBadRequest" computerName="VECTOR" duration="00:00:00.0060000" startTime="2018-07-19T07:24:47.0647238-04:00" endTime="2018-07-19T07:24:47.0647318-04:00" testType="13cdc9d9-ddb5-4fa4-a97d-d965ccfc6d4b" outcome="Passed" testListId="8c84fa94-04c1-424b-9868-57a2d4851a1d" relativeResultsDirectory="81694c0d-5654-4257-8256-4350ee80f754" /><UnitTestResult executionId="43b658ae-f2cb-4ea5-b1b9-410c6aba5087" testId="c838c29d-dc1c-412c-bd0a-2ed67cf45f3f" testName="PostFile_NewFileCanBePosted" computerName="VECTOR" duration="00:00:00.0610000" startTime="2018-07-19T07:24:41.0296969-04:00" endTime="2018-07-19T07:24:41.0297031-04:00" testType="13cdc9d9-ddb5-4fa4-a97d-d965ccfc6d4b" outcome="Passed" testListId="8c84fa94-04c1-424b-9868-57a2d4851a1d" relativeResultsDirectory="43b658ae-f2cb-4ea5-b1b9-410c6aba5087" /><UnitTestResult executionId="c93d85d6-57fa-492d-a12b-da5f7252b7b5" testId="7aa2690c-2450-415f-ba3b-b08413a382a9" testName="Patch_InvalidIdPropertyReturnsNotFound" computerName="VECTOR" duration="00:00:00.0050000" startTime="2018-07-19T07:24:35.7264527-04:00" endTime="2018-07-19T07:24:35.7264578-04:00" testType="13cdc9d9-ddb5-4fa4-a97d-d965ccfc6d4b" outcome="Passed" testListId="8c84fa94-04c1-424b-9868-57a2d4851a1d" relativeResultsDirectory="c93d85d6-57fa-492d-a12b-da5f7252b7b5" /><UnitTestResult executionId="3b4e46e0-6c78-4a0b-b8a8-dc37e824d2c6" testId="0b62851c-d090-4fba-9fe6-8a94931b9946" testName="Patch_InvalidIdPropertyReturnsNotFound" computerName="VECTOR" duration="00:00:00.0050000" startTime="2018-07-19T07:24:37.8997143-04:00" endTime="2018-07-19T07:24:37.8997185-04:00" testType="13cdc9d9-ddb5-4fa4-a97d-d965ccfc6d4b" outcome="Passed" testListId="8c84fa94-04c1-424b-9868-57a2d4851a1d" relativeResultsDirectory="3b4e46e0-6c78-4a0b-b8a8-dc37e824d2c6" /><UnitTestResult executionId="79115a0f-e7a6-4687-91a4-597a1d574311" testId="a78c667f-4f7b-431a-9f4f-736abf7b7f9f" testName="LucyDepthBufferFindsOneDependent" computerName="VECTOR" duration="00:00:00.0040000" startTime="2018-07-19T07:24:32.9246691-04:00" endTime="2018-07-19T07:24:32.9246743-04:00" testType="13cdc9d9-ddb5-4fa4-a97d-d965ccfc6d4b" outcome="Passed" testListId="8c84fa94-04c1-424b-9868-57a2d4851a1d" relativeResultsDirectory="79115a0f-e7a6-4687-91a4-597a1d574311" /><UnitTestResult executionId="b6b906c6-30a3-4cf6-915a-c19856b79328" testId="21af9ac2-f983-42db-baf3-85e873d04aae" testName="Put_CanUpdateModel" computerName="VECTOR" duration="00:00:00.0320000" startTime="2018-07-19T07:24:33.8805468-04:00" endTime="2018-07-19T07:24:33.8805524-04:00" testType="13cdc9d9-ddb5-4fa4-a97d-d965ccfc6d4b" outcome="Passed" testListId="8c84fa94-04c1-424b-9868-57a2d4851a1d" relativeResultsDirectory="b6b906c6-30a3-4cf6-915a-c19856b79328" /><UnitTestResult executionId="7c340929-5dd5-415a-97bd-f1f7e7c355da" testId="a9236c52-b0a9-4afd-ac0f-c0beec717cbe" testName="PutFile_NewFileCanBePut" computerName="VECTOR" duration="00:00:00.0830000" startTime="2018-07-19T07:24:38.0783561-04:00" endTime="2018-07-19T07:24:38.0783620-04:00" testType="13cdc9d9-ddb5-4fa4-a97d-d965ccfc6d4b" outcome="Passed" testListId="8c84fa94-04c1-424b-9868-57a2d4851a1d" relativeResultsDirectory="7c340929-5dd5-415a-97bd-f1f7e7c355da" /><UnitTestResult executionId="fa525106-fdf8-4395-b806-f414c1cc90cb" testId="e80eddff-d96a-452f-94c6-fc7776b2dd59" testName="PostFile_NewFileCanBePosted" computerName="VECTOR" duration="00:00:00.0540000" startTime="2018-07-19T07:24:35.2210531-04:00" endTime="2018-07-19T07:24:35.2210600-04:00" testType="13cdc9d9-ddb5-4fa4-a97d-d965ccfc6d4b" outcome="Passed" testListId="8c84fa94-04c1-424b-9868-57a2d4851a1d" relativeResultsDirectory="fa525106-fdf8-4395-b806-f414c1cc90cb" /><UnitTestResult executionId="40ac9ddb-d936-4101-855e-5ad7963c1ac0" testId="8e53e8cb-2d3e-4b33-8fdb-92c019aeae2f" testName="PostFile_NewFileCanBePosted" computerName="VECTOR" duration="00:00:00.0480000" startTime="2018-07-19T07:24:46.9050411-04:00" endTime="2018-07-19T07:24:46.9050484-04:00" testType="13cdc9d9-ddb5-4fa4-a97d-d965ccfc6d4b" outcome="Passed" testListId="8c84fa94-04c1-424b-9868-57a2d4851a1d" relativeResultsDirectory="40ac9ddb-d936-4101-855e-5ad7963c1ac0" /><UnitTestResult executionId="806c7249-1ae4-41c8-b639-eb92600d8200" testId="ff3ae312-3207-431f-b71a-f8bd31494e73" testName="Put_InvalidReferencePropertyReturndBadRequest" computerName="VECTOR" duration="00:00:00.0150000" startTime="2018-07-19T07:24:35.7211996-04:00" endTime="2018-07-19T07:24:35.7212058-04:00" testType="13cdc9d9-ddb5-4fa4-a97d-d965ccfc6d4b" outcome="Passed" testListId="8c84fa94-04c1-424b-9868-57a2d4851a1d" relativeResultsDirectory="806c7249-1ae4-41c8-b639-eb92600d8200" /><UnitTestResult executionId="cb79bba5-5692-4539-bf67-0e108f029a0f" testId="2f6c6534-ebab-4c65-a1fc-8051a403bc05" testName="FileRequest_MeshGenerateSetsFileIsSynchronized" computerName="VECTOR" duration="00:00:01" startTime="2018-07-19T07:24:42.0545687-04:00" endTime="2018-07-19T07:24:42.0545747-04:00" testType="13cdc9d9-ddb5-4fa4-a97d-d965ccfc6d4b" outcome="Failed" testListId="8c84fa94-04c1-424b-9868-57a2d4851a1d" relativeResultsDirectory="cb79bba5-5692-4539-bf67-0e108f029a0f"><Output><ErrorInfo><Message>Expected requestResponse.Message.StatusCode to be OK, but found BadRequest.</Message><StackTrace>   at FluentAssertions.Execution.XUnit2TestFramework.Throw(String message) in C:\projects\fluentassertions-vf06b\Src\FluentAssertions\Execution\XUnit2TestFramework.cs:line 32&#xD;
   at FluentAssertions.Execution.AssertionScope.FailWith(String message, Object[] args) in C:\projects\fluentassertions-vf06b\Src\FluentAssertions\Execution\AssertionScope.cs:line 225&#xD;
   at FluentAssertions.Primitives.ObjectAssertions.Be(Object expected, String because, Object[] becauseArgs) in C:\projects\fluentassertions-vf06b\Src\FluentAssertions\Primitives\ObjectAssertions.cs:line 42&#xD;
   at ModelRelief.Test.TestModels.TestModelFactory`2.&lt;PutModel&gt;d__44.MoveNext() in D:\Users\Steve Knipmeyer\Documents\GitHub\ModelRelief\ModelRelief.test\TestModelFactories\TestModelFactory.cs:line 201&#xD;
--- End of stack trace from previous location where exception was thrown ---&#xD;
   at System.Runtime.ExceptionServices.ExceptionDispatchInfo.Throw()&#xD;
   at System.Runtime.CompilerServices.TaskAwaiter.HandleNonSuccessAndDebuggerNotification(Task task)&#xD;
   at System.Runtime.CompilerServices.TaskAwaiter`1.GetResult()&#xD;
   at ModelRelief.Test.Integration.Meshes.MeshesFileIntegrationTests.&lt;FileRequest_MeshGenerateSetsFileIsSynchronized&gt;d__5.MoveNext() in D:\Users\Steve Knipmeyer\Documents\GitHub\ModelRelief\ModelRelief.test\Integration\File\Meshes\MeshesFileIntegrationTests.cs:line 189&#xD;
--- End of stack trace from previous location where exception was thrown ---&#xD;
   at System.Runtime.ExceptionServices.ExceptionDispatchInfo.Throw()&#xD;
   at ModelRelief.Test.Integration.Meshes.MeshesFileIntegrationTests.&lt;FileRequest_MeshGenerateSetsFileIsSynchronized&gt;d__5.MoveNext() in D:\Users\Steve Knipmeyer\Documents\GitHub\ModelRelief\ModelRelief.test\Integration\File\Meshes\MeshesFileIntegrationTests.cs:line 198&#xD;
--- End of stack trace from previous location where exception was thrown ---&#xD;
   at System.Runtime.ExceptionServices.ExceptionDispatchInfo.Throw()&#xD;
   at System.Runtime.CompilerServices.TaskAwaiter.HandleNonSuccessAndDebuggerNotification(Task task)&#xD;
--- End of stack trace from previous location where exception was thrown ---&#xD;
   at System.Runtime.ExceptionServices.ExceptionDispatchInfo.Throw()&#xD;
   at System.Runtime.CompilerServices.TaskAwaiter.HandleNonSuccessAndDebuggerNotification(Task task)&#xD;
--- End of stack trace from previous location where exception was thrown ---&#xD;
   at System.Runtime.ExceptionServices.ExceptionDispatchInfo.Throw()&#xD;
   at System.Runtime.CompilerServices.TaskAwaiter.HandleNonSuccessAndDebuggerNotification(Task task)</StackTrace></ErrorInfo></Output></UnitTestResult><UnitTestResult executionId="51c53ad5-a432-4f8e-9e1f-f1cd30c63c04" testId="10c5c0a8-d671-4693-a93c-7675aaa787b1" testName="Patch_InvalidPropertyNameReturnsBadRequest" computerName="VECTOR" duration="00:00:00.4860000" startTime="2018-07-19T07:24:33.4228711-04:00" endTime="2018-07-19T07:24:33.4228782-04:00" testType="13cdc9d9-ddb5-4fa4-a97d-d965ccfc6d4b" outcome="Passed" testListId="8c84fa94-04c1-424b-9868-57a2d4851a1d" relativeResultsDirectory="51c53ad5-a432-4f8e-9e1f-f1cd30c63c04" /><UnitTestResult executionId="10d718de-f8f7-4af2-9400-153dbea937f7" testId="5b39cf3d-e245-49d1-b699-acd0aa6d0e83" testName="Patch_TargetPropertyIsUpdated" computerName="VECTOR" duration="00:00:00.0330000" startTime="2018-07-19T07:24:37.8665426-04:00" endTime="2018-07-19T07:24:37.8665489-04:00" testType="13cdc9d9-ddb5-4fa4-a97d-d965ccfc6d4b" outcome="Passed" testListId="8c84fa94-04c1-424b-9868-57a2d4851a1d" relativeResultsDirectory="10d718de-f8f7-4af2-9400-153dbea937f7" /><UnitTestResult executionId="5f788d20-5cd1-434e-99d7-ddc7b0ecb374" testId="bcb1f295-08d6-4631-a617-bbfcf8ff020a" testName="Patch_MultipleInvalidReferencePropertiesReturnsMultipleValidationErrorsAndBadRequest" computerName="VECTOR" duration="00:00:00.0170000" startTime="2018-07-19T07:24:37.9268709-04:00" endTime="2018-07-19T07:24:37.9268780-04:00" testType="13cdc9d9-ddb5-4fa4-a97d-d965ccfc6d4b" outcome="Passed" testListId="8c84fa94-04c1-424b-9868-57a2d4851a1d" relativeResultsDirectory="5f788d20-5cd1-434e-99d7-ddc7b0ecb374" /><UnitTestResult executionId="091cc7f6-5b3e-480b-89a9-facf160ebaf6" testId="9eb719ea-77a6-4eac-850c-5e44e4d89c8e" testName="Post_InvalidReferencePropertyReturnsBadRequest" computerName="VECTOR" duration="00:00:00.0020000" startTime="2018-07-19T07:24:33.4266313-04:00" endTime="2018-07-19T07:24:33.4266338-04:00" testType="13cdc9d9-ddb5-4fa4-a97d-d965ccfc6d4b" outcome="Passed" testListId="8c84fa94-04c1-424b-9868-57a2d4851a1d" relativeResultsDirectory="091cc7f6-5b3e-480b-89a9-facf160ebaf6" /><UnitTestResult executionId="e7de5eb5-f87f-4904-8b2a-e91010e640af" testId="2f7c14b9-d77c-4f87-ae29-1c599eb1c61e" testName="Post_InvalidPropertyValueReturnsBadRequest" computerName="VECTOR" duration="00:00:00.0020000" startTime="2018-07-19T07:24:37.9828406-04:00" endTime="2018-07-19T07:24:37.9828445-04:00" testType="13cdc9d9-ddb5-4fa4-a97d-d965ccfc6d4b" outcome="Passed" testListId="8c84fa94-04c1-424b-9868-57a2d4851a1d" relativeResultsDirectory="e7de5eb5-f87f-4904-8b2a-e91010e640af" /><UnitTestResult executionId="64a678f6-d292-44c1-9f17-3fda9cf82c05" testId="d12787dd-463c-4c61-98a2-2a200dbc733f" testName="Patch_InvalidEnumPropertyValueReturnsBadRequest" computerName="VECTOR" duration="00:00:00.0010000" startTime="2018-07-19T07:24:35.7266676-04:00" endTime="2018-07-19T07:24:35.7266687-04:00" testType="13cdc9d9-ddb5-4fa4-a97d-d965ccfc6d4b" outcome="Passed" testListId="8c84fa94-04c1-424b-9868-57a2d4851a1d" relativeResultsDirectory="64a678f6-d292-44c1-9f17-3fda9cf82c05" /><UnitTestResult executionId="dd6211b1-df16-4f6c-9d3c-428c0a12d367" testId="d2cd5fd8-2853-4792-9897-de4377bfd711" testName="Post_ValidReferencePropertyCreatesModel" computerName="VECTOR" duration="00:00:00.0120000" startTime="2018-07-19T07:24:37.9392430-04:00" endTime="2018-07-19T07:24:37.9392487-04:00" testType="13cdc9d9-ddb5-4fa4-a97d-d965ccfc6d4b" outcome="Passed" testListId="8c84fa94-04c1-424b-9868-57a2d4851a1d" relativeResultsDirectory="dd6211b1-df16-4f6c-9d3c-428c0a12d367" /><UnitTestResult executionId="b6f63bb9-24f7-4c3d-9c8d-30b631610dcf" testId="3765e6e2-e4ef-45e8-9ba1-ca3b1a673156" testName="Post_CanCreateNewModel" computerName="VECTOR" duration="00:00:00.0120000" startTime="2018-07-19T07:24:35.5743662-04:00" endTime="2018-07-19T07:24:35.5743728-04:00" testType="13cdc9d9-ddb5-4fa4-a97d-d965ccfc6d4b" outcome="Passed" testListId="8c84fa94-04c1-424b-9868-57a2d4851a1d" relativeResultsDirectory="b6f63bb9-24f7-4c3d-9c8d-30b631610dcf" /><UnitTestResult executionId="81412f6a-10b4-4937-8c18-314da8095693" testId="4f5a83eb-19b4-4526-ba1a-46bffcc401a2" testName="Delete_TargetModelIsDeleted" computerName="VECTOR" duration="00:00:00.0200000" startTime="2018-07-19T07:24:44.7276478-04:00" endTime="2018-07-19T07:24:44.7276541-04:00" testType="13cdc9d9-ddb5-4fa4-a97d-d965ccfc6d4b" outcome="Passed" testListId="8c84fa94-04c1-424b-9868-57a2d4851a1d" relativeResultsDirectory="81412f6a-10b4-4937-8c18-314da8095693" /><UnitTestResult executionId="9bff805c-ba1b-4caa-bf70-e135ab5dbe1a" testId="d856e6f8-5209-4431-b71b-c5e8c2ecb66b" testName="Put_InvalidIdReturnsNotFound" computerName="VECTOR" duration="00:00:00.4950000" startTime="2018-07-19T07:24:36.7922084-04:00" endTime="2018-07-19T07:24:36.7922147-04:00" testType="13cdc9d9-ddb5-4fa4-a97d-d965ccfc6d4b" outcome="Passed" testListId="8c84fa94-04c1-424b-9868-57a2d4851a1d" relativeResultsDirectory="9bff805c-ba1b-4caa-bf70-e135ab5dbe1a" /><UnitTestResult executionId="714fa3e5-8e3f-4af3-9f9a-2d4d538c0c37" testId="62e4f921-9f55-4a79-a349-a51e00e78c76" testName="GetFile_ExistingFileReturnsSuccess" computerName="VECTOR" duration="00:00:00.0140000" startTime="2018-07-19T07:24:39.8519520-04:00" endTime="2018-07-19T07:24:39.8519593-04:00" testType="13cdc9d9-ddb5-4fa4-a97d-d965ccfc6d4b" outcome="Passed" testListId="8c84fa94-04c1-424b-9868-57a2d4851a1d" relativeResultsDirectory="714fa3e5-8e3f-4af3-9f9a-2d4d538c0c37" /><UnitTestResult executionId="5ade028b-22a9-4ffe-96de-44b95dd09a0c" testId="2a75cfdf-abb1-4631-937e-b78f83afdacf" testName="Put_CanUpdateModel" computerName="VECTOR" duration="00:00:00.0430000" startTime="2018-07-19T07:24:47.1078424-04:00" endTime="2018-07-19T07:24:47.1078487-04:00" testType="13cdc9d9-ddb5-4fa4-a97d-d965ccfc6d4b" outcome="Passed" testListId="8c84fa94-04c1-424b-9868-57a2d4851a1d" relativeResultsDirectory="5ade028b-22a9-4ffe-96de-44b95dd09a0c" /><UnitTestResult executionId="9dd9b23f-4174-459e-b827-de87bcad4796" testId="4d4948df-0015-4e87-ae4d-127a59f13899" testName="Patch_InvalidPropertyNameReturnsBadRequest" computerName="VECTOR" duration="00:00:00.0050000" startTime="2018-07-19T07:24:47.1631750-04:00" endTime="2018-07-19T07:24:47.1631787-04:00" testType="13cdc9d9-ddb5-4fa4-a97d-d965ccfc6d4b" outcome="Passed" testListId="8c84fa94-04c1-424b-9868-57a2d4851a1d" relativeResultsDirectory="9dd9b23f-4174-459e-b827-de87bcad4796" /><UnitTestResult executionId="ab90ea1d-1b30-4178-9310-a420a41070f7" testId="9e535522-6c2d-4186-ae05-9f4c43849579" testName="Put_InvalidIdReturnsNotFound" computerName="VECTOR" duration="00:00:00.0110000" startTime="2018-07-19T07:24:44.9944264-04:00" endTime="2018-07-19T07:24:44.9944326-04:00" testType="13cdc9d9-ddb5-4fa4-a97d-d965ccfc6d4b" outcome="Passed" testListId="8c84fa94-04c1-424b-9868-57a2d4851a1d" relativeResultsDirectory="ab90ea1d-1b30-4178-9310-a420a41070f7" /><UnitTestResult executionId="5cb4c898-9918-410d-8387-90621aab88ed" testId="76fa00e2-3a3e-4db5-a6d9-a324b54934e1" testName="Patch_ValidReferencePropertyUpdatesModel" computerName="VECTOR" duration="00:00:00.0340000" startTime="2018-07-19T07:24:35.7612774-04:00" endTime="2018-07-19T07:24:35.7612848-04:00" testType="13cdc9d9-ddb5-4fa4-a97d-d965ccfc6d4b" outcome="Passed" testListId="8c84fa94-04c1-424b-9868-57a2d4851a1d" relativeResultsDirectory="5cb4c898-9918-410d-8387-90621aab88ed" /><UnitTestResult executionId="4bd2db08-1b53-4711-ae5a-7149595cc512" testId="37b9abe1-19b3-48e8-9861-dce31496a213" testName="Patch_InvalidReferencePropertyReturnsBadRequest" computerName="VECTOR" duration="00:00:00.0130000" startTime="2018-07-19T07:24:44.9615765-04:00" endTime="2018-07-19T07:24:44.9615836-04:00" testType="13cdc9d9-ddb5-4fa4-a97d-d965ccfc6d4b" outcome="Passed" testListId="8c84fa94-04c1-424b-9868-57a2d4851a1d" relativeResultsDirectory="4bd2db08-1b53-4711-ae5a-7149595cc512" /><UnitTestResult executionId="f71b2401-136f-4ff6-8c4e-f705c3e302dd" testId="7f86ef85-c8c4-4fa5-85cc-a5568b9b88ce" testName="Patch_TargetPropertyIsUpdated" computerName="VECTOR" duration="00:00:00.0400000" startTime="2018-07-19T07:24:47.3018000-04:00" endTime="2018-07-19T07:24:47.3018057-04:00" testType="13cdc9d9-ddb5-4fa4-a97d-d965ccfc6d4b" outcome="Passed" testListId="8c84fa94-04c1-424b-9868-57a2d4851a1d" relativeResultsDirectory="f71b2401-136f-4ff6-8c4e-f705c3e302dd" /><UnitTestResult executionId="bf3cc6c4-8a82-4f80-84b0-954a0de1bf49" testId="76fc6b18-40bf-4ff2-a5e3-fac62df56426" testName="GetList_ListReturnsCorrectCount" computerName="VECTOR" duration="00:00:00.0970000" startTime="2018-07-19T07:24:33.9779510-04:00" endTime="2018-07-19T07:24:33.9779575-04:00" testType="13cdc9d9-ddb5-4fa4-a97d-d965ccfc6d4b" outcome="Passed" testListId="8c84fa94-04c1-424b-9868-57a2d4851a1d" relativeResultsDirectory="bf3cc6c4-8a82-4f80-84b0-954a0de1bf49" /><UnitTestResult executionId="0b94b420-3eee-4f1b-86f0-4f98e6b7e9ff" testId="b074cea9-3eb8-4df6-8356-f9fc3ddf769c" testName="GetSingle_ValidIdPropertyValueReturnsCorrectModel" computerName="VECTOR" duration="00:00:00.0060000" startTime="2018-07-19T07:24:44.9829759-04:00" endTime="2018-07-19T07:24:44.9829821-04:00" testType="13cdc9d9-ddb5-4fa4-a97d-d965ccfc6d4b" outcome="Passed" testListId="8c84fa94-04c1-424b-9868-57a2d4851a1d" relativeResultsDirectory="0b94b420-3eee-4f1b-86f0-4f98e6b7e9ff" /><UnitTestResult executionId="c2db02a8-f784-46f9-b46a-974e81f43aa0" testId="2968d210-26ae-4f4c-9ac8-da6be0b933a4" testName="LucyModel3dHasTwoDependents" computerName="VECTOR" duration="00:00:01.1400000" startTime="2018-07-19T07:24:32.9103736-04:00" endTime="2018-07-19T07:24:32.9103801-04:00" testType="13cdc9d9-ddb5-4fa4-a97d-d965ccfc6d4b" outcome="Passed" testListId="8c84fa94-04c1-424b-9868-57a2d4851a1d" relativeResultsDirectory="c2db02a8-f784-46f9-b46a-974e81f43aa0" /><UnitTestResult executionId="fcb2101f-5b95-4511-aab6-4aeb32db6a67" testId="f22ee273-9b0a-4fa3-87a4-d15293783f65" testName="Put_ValidReferencePropertyUpdatesModel" computerName="VECTOR" duration="00:00:00.0610000" startTime="2018-07-19T07:24:35.6908468-04:00" endTime="2018-07-19T07:24:35.6908530-04:00" testType="13cdc9d9-ddb5-4fa4-a97d-d965ccfc6d4b" outcome="Passed" testListId="8c84fa94-04c1-424b-9868-57a2d4851a1d" relativeResultsDirectory="fcb2101f-5b95-4511-aab6-4aeb32db6a67" /><UnitTestResult executionId="28f6c816-cc88-47e2-afbb-8b6f3c5f9a08" testId="2988a108-c8b8-43bd-b1dc-ce99d010d62a" testName="Patch_MultipleInvalidReferencePropertiesReturnsMultipleValidationErrorsAndBadRequest" computerName="VECTOR" duration="00:00:00.0190000" startTime="2018-07-19T07:24:47.1513629-04:00" endTime="2018-07-19T07:24:47.1513689-04:00" testType="13cdc9d9-ddb5-4fa4-a97d-d965ccfc6d4b" outcome="Passed" testListId="8c84fa94-04c1-424b-9868-57a2d4851a1d" relativeResultsDirectory="28f6c816-cc88-47e2-afbb-8b6f3c5f9a08" /><UnitTestResult executionId="dc2fade1-789b-4986-8eac-aa618a54f6da" testId="ca9b5cba-78c1-4013-8068-c8a81a3cba6c" testName="PutFile_FileCanBeUpdated" computerName="VECTOR" duration="00:00:00.1280000" startTime="2018-07-19T07:24:46.3790520-04:00" endTime="2018-07-19T07:24:46.3790582-04:00" testType="13cdc9d9-ddb5-4fa4-a97d-d965ccfc6d4b" outcome="Passed" testListId="8c84fa94-04c1-424b-9868-57a2d4851a1d" relativeResultsDirectory="dc2fade1-789b-4986-8eac-aa618a54f6da" /><UnitTestResult executionId="72a20fdb-d2d1-4be9-a267-364898cbdc30" testId="1151d497-db76-4f87-a8af-9e23fcf029d3" testName="FileRequest_FileCanBeReadAfterRename" computerName="VECTOR" duration="00:00:00.0790000" startTime="2018-07-19T07:24:42.1875119-04:00" endTime="2018-07-19T07:24:42.1875176-04:00" testType="13cdc9d9-ddb5-4fa4-a97d-d965ccfc6d4b" outcome="Passed" testListId="8c84fa94-04c1-424b-9868-57a2d4851a1d" relativeResultsDirectory="72a20fdb-d2d1-4be9-a267-364898cbdc30" /><UnitTestResult executionId="1a543a96-aa23-4064-a5af-6cca710c999b" testId="f699d54a-48be-43af-bd47-759cfeefbecb" testName="Patch_MultipleInvalidReferencePropertiesReturnsMultipleValidationErrorsAndBadRequest" computerName="VECTOR" duration="00:00:00.0180000" startTime="2018-07-19T07:24:34.6488641-04:00" endTime="2018-07-19T07:24:34.6488715-04:00" testType="13cdc9d9-ddb5-4fa4-a97d-d965ccfc6d4b" outcome="Passed" testListId="8c84fa94-04c1-424b-9868-57a2d4851a1d" relativeResultsDirectory="1a543a96-aa23-4064-a5af-6cca710c999b" /><UnitTestResult executionId="60242a10-0804-4b44-ba19-b6369b7489f0" testId="d426cd10-d35c-445a-b66c-4ee70e32c3cc" testName="FileRequest_FileCanBeReadAfterRename" computerName="VECTOR" duration="00:00:00.0930000" startTime="2018-07-19T07:24:46.4724897-04:00" endTime="2018-07-19T07:24:46.4724960-04:00" testType="13cdc9d9-ddb5-4fa4-a97d-d965ccfc6d4b" outcome="Passed" testListId="8c84fa94-04c1-424b-9868-57a2d4851a1d" relativeResultsDirectory="60242a10-0804-4b44-ba19-b6369b7489f0" /><UnitTestResult executionId="5eb14783-c2ab-4bb4-89e3-e2e8878d98a0" testId="484df4b0-f9bd-4664-a283-2d6f0e3d0b06" testName="PostFile_FileTimeStampIsUpdatedAfterFileIsPosted" computerName="VECTOR" duration="00:00:00.0010000" startTime="2018-07-19T07:24:34.7750539-04:00" endTime="2018-07-19T07:24:34.7750564-04:00" testType="13cdc9d9-ddb5-4fa4-a97d-d965ccfc6d4b" outcome="Passed" testListId="8c84fa94-04c1-424b-9868-57a2d4851a1d" relativeResultsDirectory="5eb14783-c2ab-4bb4-89e3-e2e8878d98a0" /><UnitTestResult executionId="e901558e-8056-408f-aed2-b44a8e8b1137" testId="8ff5f2d0-8619-41af-aef0-e7a91b593b70" testName="DepthBufferHasExpectedDependentFiles" computerName="VECTOR" duration="00:00:00.0010000" startTime="2018-07-19T07:24:32.9250729-04:00" endTime="2018-07-19T07:24:32.9250743-04:00" testType="13cdc9d9-ddb5-4fa4-a97d-d965ccfc6d4b" outcome="Passed" testListId="8c84fa94-04c1-424b-9868-57a2d4851a1d" relativeResultsDirectory="e901558e-8056-408f-aed2-b44a8e8b1137" /><UnitTestResult executionId="a2c115de-6056-4ba3-9a5b-9d00d72f2d7e" testId="36d4defe-c5ee-4425-bbe1-725103342776" testName="Patch_TargetPropertyIsUpdated" computerName="VECTOR" duration="00:00:00.2970000" startTime="2018-07-19T07:24:34.3688856-04:00" endTime="2018-07-19T07:24:34.3688919-04:00" testType="13cdc9d9-ddb5-4fa4-a97d-d965ccfc6d4b" outcome="Passed" testListId="8c84fa94-04c1-424b-9868-57a2d4851a1d" relativeResultsDirectory="a2c115de-6056-4ba3-9a5b-9d00d72f2d7e" /><UnitTestResult executionId="31e18227-9841-4a46-892b-e8ab0bf3861f" testId="c9c11e99-82e4-4743-a4ca-e9875f3a5dff" testName="GetList_ListReturnsCorrectCount" computerName="VECTOR" duration="00:00:00.4550000" startTime="2018-07-19T07:24:36.2972129-04:00" endTime="2018-07-19T07:24:36.2972195-04:00" testType="13cdc9d9-ddb5-4fa4-a97d-d965ccfc6d4b" outcome="Passed" testListId="8c84fa94-04c1-424b-9868-57a2d4851a1d" relativeResultsDirectory="31e18227-9841-4a46-892b-e8ab0bf3861f" /><UnitTestResult executionId="72540601-4beb-4522-bd0c-fc3c1431c433" testId="e0d157dc-7b35-4ef2-a19b-ec2734342afb" testName="FileRequest_FileCanBeReadAfterRename" computerName="VECTOR" duration="00:00:00.1070000" startTime="2018-07-19T07:24:35.1664843-04:00" endTime="2018-07-19T07:24:35.1664912-04:00" testType="13cdc9d9-ddb5-4fa4-a97d-d965ccfc6d4b" outcome="Passed" testListId="8c84fa94-04c1-424b-9868-57a2d4851a1d" relativeResultsDirectory="72540601-4beb-4522-bd0c-fc3c1431c433" /><UnitTestResult executionId="d483ec53-38aa-4978-9a69-f891b9d6b305" testId="0b1143e0-a55a-4269-8ae3-24aa6f4741c5" testName="Put_ValidReferencePropertyUpdatesModel" computerName="VECTOR" duration="00:00:00.0420000" startTime="2018-07-19T07:24:47.2611677-04:00" endTime="2018-07-19T07:24:47.2611740-04:00" testType="13cdc9d9-ddb5-4fa4-a97d-d965ccfc6d4b" outcome="Passed" testListId="8c84fa94-04c1-424b-9868-57a2d4851a1d" relativeResultsDirectory="d483ec53-38aa-4978-9a69-f891b9d6b305" /><UnitTestResult executionId="06e914d1-542f-4e42-b301-52eb01f269b2" testId="fa0d369e-d0ff-4555-ad20-d273919ad985" testName="Patch_InvalidEnumPropertyValueReturnsBadRequest" computerName="VECTOR" duration="00:00:00.0020000" startTime="2018-07-19T07:24:33.8387964-04:00" endTime="2018-07-19T07:24:33.8387998-04:00" testType="13cdc9d9-ddb5-4fa4-a97d-d965ccfc6d4b" outcome="Passed" testListId="8c84fa94-04c1-424b-9868-57a2d4851a1d" relativeResultsDirectory="06e914d1-542f-4e42-b301-52eb01f269b2" /><UnitTestResult executionId="97f98760-d3db-4da3-8df1-aee110353e5a" testId="04c58be6-ce7e-4786-a905-fe08f12a1df6" testName="GetList_ListReturnsCorrectCount" computerName="VECTOR" duration="00:00:00.0550000" startTime="2018-07-19T07:24:34.7042400-04:00" endTime="2018-07-19T07:24:34.7042457-04:00" testType="13cdc9d9-ddb5-4fa4-a97d-d965ccfc6d4b" outcome="Passed" testListId="8c84fa94-04c1-424b-9868-57a2d4851a1d" relativeResultsDirectory="97f98760-d3db-4da3-8df1-aee110353e5a" /><UnitTestResult executionId="972a63fb-88bd-494a-84d0-bb762ae6bfc5" testId="20462bbd-a5ec-46ab-9159-fc4440137ccd" testName="Patch_ValidReferencePropertyUpdatesModel" computerName="VECTOR" duration="00:00:00.0060000" startTime="2018-07-19T07:24:32.9362925-04:00" endTime="2018-07-19T07:24:32.9362953-04:00" testType="13cdc9d9-ddb5-4fa4-a97d-d965ccfc6d4b" outcome="Passed" testListId="8c84fa94-04c1-424b-9868-57a2d4851a1d" relativeResultsDirectory="972a63fb-88bd-494a-84d0-bb762ae6bfc5" /><UnitTestResult executionId="d36c49a8-9610-416b-98f5-f9f78f0748bd" testId="18781b13-7e53-4544-9e7d-8c11c5529434" testName="GetFile_NonExistentFileReturnsNotFound" computerName="VECTOR" duration="00:00:00.0070000" startTime="2018-07-19T07:24:35.2922425-04:00" endTime="2018-07-19T07:24:35.2922499-04:00" testType="13cdc9d9-ddb5-4fa4-a97d-d965ccfc6d4b" outcome="Passed" testListId="8c84fa94-04c1-424b-9868-57a2d4851a1d" relativeResultsDirectory="d36c49a8-9610-416b-98f5-f9f78f0748bd" /><UnitTestResult executionId="0a67d1ff-b64c-4b5c-b2f2-ff60c425e7b2" testId="dfc58609-c6c3-42bb-bef0-0a09b4f818dc" testName="Post_InvalidPropertyValueReturnsBadRequest" computerName="VECTOR" duration="00:00:00.0030000" startTime="2018-07-19T07:24:35.6939847-04:00" endTime="2018-07-19T07:24:35.6939884-04:00" testType="13cdc9d9-ddb5-4fa4-a97d-d965ccfc6d4b" outcome="Passed" testListId="8c84fa94-04c1-424b-9868-57a2d4851a1d" relativeResultsDirectory="0a67d1ff-b64c-4b5c-b2f2-ff60c425e7b2" /><UnitTestResult executionId="192afae7-d405-4c7c-9bc5-c8437476855c" testId="298699e2-a7fc-48c3-be32-aaba3fc144d3" testName="Post_InvalidPropertyValueReturnsBadRequest" computerName="VECTOR" duration="00:00:00.0090000" startTime="2018-07-19T07:24:33.9997139-04:00" endTime="2018-07-19T07:24:33.9997205-04:00" testType="13cdc9d9-ddb5-4fa4-a97d-d965ccfc6d4b" outcome="Passed" testListId="8c84fa94-04c1-424b-9868-57a2d4851a1d" relativeResultsDirectory="192afae7-d405-4c7c-9bc5-c8437476855c" /><UnitTestResult executionId="50daf180-d614-4908-871a-6a5846a533df" testId="ef60443d-072b-4ef2-ae83-b35d0225741a" testName="Put_CanUpdateModel" computerName="VECTOR" duration="00:00:00.0850000" startTime="2018-07-19T07:24:34.4546108-04:00" endTime="2018-07-19T07:24:34.4546177-04:00" testType="13cdc9d9-ddb5-4fa4-a97d-d965ccfc6d4b" outcome="Passed" testListId="8c84fa94-04c1-424b-9868-57a2d4851a1d" relativeResultsDirectory="50daf180-d614-4908-871a-6a5846a533df" /><UnitTestResult executionId="ce7c05cb-a20d-45ff-aa86-905557b0cc0c" testId="88d83031-01b5-4700-a308-fded9f132fbe" testName="Patch_MultipleInvalidReferencePropertiesReturnsMultipleValidationErrorsAndBadRequest" computerName="VECTOR" duration="00:00:00.0160000" startTime="2018-07-19T07:24:35.5622887-04:00" endTime="2018-07-19T07:24:35.5622961-04:00" testType="13cdc9d9-ddb5-4fa4-a97d-d965ccfc6d4b" outcome="Passed" testListId="8c84fa94-04c1-424b-9868-57a2d4851a1d" relativeResultsDirectory="ce7c05cb-a20d-45ff-aa86-905557b0cc0c" /><UnitTestResult executionId="7846085d-7793-42c6-b269-594c2b4e7b12" testId="1a02dcb9-f94c-41bd-ab49-f92b6a8ebe1b" testName="CameraHasExpectedDependentFiles" computerName="VECTOR" duration="00:00:00.0010000" startTime="2018-07-19T07:24:32.9196872-04:00" endTime="2018-07-19T07:24:32.9196898-04:00" testType="13cdc9d9-ddb5-4fa4-a97d-d965ccfc6d4b" outcome="Passed" testListId="8c84fa94-04c1-424b-9868-57a2d4851a1d" relativeResultsDirectory="7846085d-7793-42c6-b269-594c2b4e7b12" /><UnitTestResult executionId="550d3b78-1f79-4525-bb82-cf3d988a9e05" testId="4befb655-c273-43eb-b1ca-9d220dd79589" testName="Post_InvalidPropertyValueReturnsBadRequest" computerName="VECTOR" duration="00:00:00.0040000" startTime="2018-07-19T07:24:44.9984453-04:00" endTime="2018-07-19T07:24:44.9984513-04:00" testType="13cdc9d9-ddb5-4fa4-a97d-d965ccfc6d4b" outcome="Passed" testListId="8c84fa94-04c1-424b-9868-57a2d4851a1d" relativeResultsDirectory="550d3b78-1f79-4525-bb82-cf3d988a9e05" /><UnitTestResult executionId="c3f983cb-041a-408c-9314-8f76b3cc564e" testId="ed2177a4-4eec-4d6e-a5a0-dfbf9c54f8a5" testName="Delete_TargetModelIsDeleted" computerName="VECTOR" duration="00:00:00.0140000" startTime="2018-07-19T07:24:34.7540212-04:00" endTime="2018-07-19T07:24:34.7540272-04:00" testType="13cdc9d9-ddb5-4fa4-a97d-d965ccfc6d4b" outcome="Passed" testListId="8c84fa94-04c1-424b-9868-57a2d4851a1d" relativeResultsDirectory="c3f983cb-041a-408c-9314-8f76b3cc564e" /><UnitTestResult executionId="f718098a-bb17-4200-bf03-9ca56ab0737e" testId="478e421d-4846-448e-bc89-d679dba80911" testName="Patch_InvalidPropertyNameReturnsBadRequest" computerName="VECTOR" duration="00:00:00.0060000" startTime="2018-07-19T07:24:44.5645697-04:00" endTime="2018-07-19T07:24:44.5645754-04:00" testType="13cdc9d9-ddb5-4fa4-a97d-d965ccfc6d4b" outcome="Passed" testListId="8c84fa94-04c1-424b-9868-57a2d4851a1d" relativeResultsDirectory="f718098a-bb17-4200-bf03-9ca56ab0737e" /><UnitTestResult executionId="3cc59867-f29b-41c3-9ddf-3ea37f302904" testId="1d460c3f-59b7-412b-8521-dceeb13dcb86" testName="PutFile_FileCanBeUpdated" computerName="VECTOR" duration="00:00:00.1040000" startTime="2018-07-19T07:24:39.8371303-04:00" endTime="2018-07-19T07:24:39.8371368-04:00" testType="13cdc9d9-ddb5-4fa4-a97d-d965ccfc6d4b" outcome="Passed" testListId="8c84fa94-04c1-424b-9868-57a2d4851a1d" relativeResultsDirectory="3cc59867-f29b-41c3-9ddf-3ea37f302904" /><UnitTestResult executionId="1b9b01ca-cfcb-4401-bbc2-47d0dfe3f96b" testId="3dac6d7e-fbc8-4853-84a4-b8551aeb2793" testName="PutFile_NewFileCanBePut" computerName="VECTOR" duration="00:00:00.0840000" startTime="2018-07-19T07:24:34.8592102-04:00" endTime="2018-07-19T07:24:34.8592165-04:00" testType="13cdc9d9-ddb5-4fa4-a97d-d965ccfc6d4b" outcome="Passed" testListId="8c84fa94-04c1-424b-9868-57a2d4851a1d" relativeResultsDirectory="1b9b01ca-cfcb-4401-bbc2-47d0dfe3f96b" /><UnitTestResult executionId="64eae039-9b95-4631-a936-e4422f233c0f" testId="306f60ac-524f-4a62-9eae-bd2704ed0178" testName="Post_CanCreateNewModel" computerName="VECTOR" duration="00:00:00.0110000" startTime="2018-07-19T07:24:46.9909786-04:00" endTime="2018-07-19T07:24:46.9909852-04:00" testType="13cdc9d9-ddb5-4fa4-a97d-d965ccfc6d4b" outcome="Passed" testListId="8c84fa94-04c1-424b-9868-57a2d4851a1d" relativeResultsDirectory="64eae039-9b95-4631-a936-e4422f233c0f" /><UnitTestResult executionId="6c6e5a58-daa1-482e-81cd-78507dea1554" testId="1456019f-4877-40d6-82f7-686496c1fcb2" testName="Patch_InvalidReferencePropertyReturnsBadRequest" computerName="VECTOR" duration="00:00:00.0090000" startTime="2018-07-19T07:24:47.2185847-04:00" endTime="2018-07-19T07:24:47.2185907-04:00" testType="13cdc9d9-ddb5-4fa4-a97d-d965ccfc6d4b" outcome="Passed" testListId="8c84fa94-04c1-424b-9868-57a2d4851a1d" relativeResultsDirectory="6c6e5a58-daa1-482e-81cd-78507dea1554" /><UnitTestResult executionId="a9ff16ec-dda2-42cb-8194-c41a8ec0acb3" testId="4f9a1bc6-6606-4f97-93b4-255bc49ed2b2" testName="Patch_InvalidPropertyNameReturnsBadRequest" computerName="VECTOR" duration="00:00:00.0040000" startTime="2018-07-19T07:24:37.8945719-04:00" endTime="2018-07-19T07:24:37.8945779-04:00" testType="13cdc9d9-ddb5-4fa4-a97d-d965ccfc6d4b" outcome="Passed" testListId="8c84fa94-04c1-424b-9868-57a2d4851a1d" relativeResultsDirectory="a9ff16ec-dda2-42cb-8194-c41a8ec0acb3" /><UnitTestResult executionId="16c386e7-57da-45c0-935b-ca9007242760" testId="76fc9a4f-1720-4a1e-85c0-1dd0537380e5" testName="Patch_ValidReferencePropertyUpdatesModel" computerName="VECTOR" duration="00:00:00.0410000" startTime="2018-07-19T07:24:45.0403411-04:00" endTime="2018-07-19T07:24:45.0403477-04:00" testType="13cdc9d9-ddb5-4fa4-a97d-d965ccfc6d4b" outcome="Passed" testListId="8c84fa94-04c1-424b-9868-57a2d4851a1d" relativeResultsDirectory="16c386e7-57da-45c0-935b-ca9007242760" /><UnitTestResult executionId="6cec4bc8-8e4b-417d-923d-1b5b5d270178" testId="17558f45-9f32-4579-850f-00b8d63a4ce5" testName="PostFile_FileTimeStampIsUpdatedAfterFileIsPosted" computerName="VECTOR" duration="00:00:01.1160000" startTime="2018-07-19T07:24:40.9686147-04:00" endTime="2018-07-19T07:24:40.9686221-04:00" testType="13cdc9d9-ddb5-4fa4-a97d-d965ccfc6d4b" outcome="Passed" testListId="8c84fa94-04c1-424b-9868-57a2d4851a1d" relativeResultsDirectory="6cec4bc8-8e4b-417d-923d-1b5b5d270178" /><UnitTestResult executionId="381ce341-8895-4c70-b000-ecf8e47419ef" testId="e2895705-b5e8-4e97-93a5-5dd0cf62a6ae" testName="Post_CanCreateNewModel" computerName="VECTOR" duration="00:00:00.0130000" startTime="2018-07-19T07:24:44.7472210-04:00" endTime="2018-07-19T07:24:44.7472281-04:00" testType="13cdc9d9-ddb5-4fa4-a97d-d965ccfc6d4b" outcome="Passed" testListId="8c84fa94-04c1-424b-9868-57a2d4851a1d" relativeResultsDirectory="381ce341-8895-4c70-b000-ecf8e47419ef" /><UnitTestResult executionId="c29666a9-e9f7-4f91-a8dd-44d38a38cecd" testId="b3e9a249-8eca-4a1f-a3da-b7422c23e062" testName="Post_InvalidReferencePropertyReturnsBadRequest" computerName="VECTOR" duration="00:00:00.0050000" startTime="2018-07-19T07:24:37.9096351-04:00" endTime="2018-07-19T07:24:37.9096402-04:00" testType="13cdc9d9-ddb5-4fa4-a97d-d965ccfc6d4b" outcome="Passed" testListId="8c84fa94-04c1-424b-9868-57a2d4851a1d" relativeResultsDirectory="c29666a9-e9f7-4f91-a8dd-44d38a38cecd" /><UnitTestResult executionId="5f47ead4-df69-40df-adb4-b42c6d7fd7a2" testId="26a0e475-1ccb-44f2-897b-bad806b37ec0" testName="Patch_InvalidReferencePropertyReturnsBadRequest" computerName="VECTOR" duration="00:00:00.0020000" startTime="2018-07-19T07:24:33.7886728-04:00" endTime="2018-07-19T07:24:33.7886754-04:00" testType="13cdc9d9-ddb5-4fa4-a97d-d965ccfc6d4b" outcome="Passed" testListId="8c84fa94-04c1-424b-9868-57a2d4851a1d" relativeResultsDirectory="5f47ead4-df69-40df-adb4-b42c6d7fd7a2" /><UnitTestResult executionId="e4a93b12-1b44-4e96-ad2f-273862deebd8" testId="ebe68a58-538a-4104-b637-ff23b19f3414" testName="GetSingle_InvalidIdPropertyValueReturnsNotFound" computerName="VECTOR" duration="00:00:00.0040000" startTime="2018-07-19T07:24:35.8324135-04:00" endTime="2018-07-19T07:24:35.8324183-04:00" testType="13cdc9d9-ddb5-4fa4-a97d-d965ccfc6d4b" outcome="Passed" testListId="8c84fa94-04c1-424b-9868-57a2d4851a1d" relativeResultsDirectory="e4a93b12-1b44-4e96-ad2f-273862deebd8" /><UnitTestResult executionId="6088452f-455d-4c87-aa9d-fee6865c217c" testId="54202513-f14f-472c-bb05-d56c2be43d17" testName="Patch_InvalidIdPropertyReturnsNotFound" computerName="VECTOR" duration="00:00:00.0060000" startTime="2018-07-19T07:24:44.7338010-04:00" endTime="2018-07-19T07:24:44.7338076-04:00" testType="13cdc9d9-ddb5-4fa4-a97d-d965ccfc6d4b" outcome="Passed" testListId="8c84fa94-04c1-424b-9868-57a2d4851a1d" relativeResultsDirectory="6088452f-455d-4c87-aa9d-fee6865c217c" /><UnitTestResult executionId="a71ecaad-f3e6-4a61-9bde-1e1233e9269b" testId="53ee50b0-c705-4f23-bfcd-d4ec21ad9860" testName="Patch_TargetPropertyIsUpdated" computerName="VECTOR" duration="00:00:00.0650000" startTime="2018-07-19T07:24:33.7838498-04:00" endTime="2018-07-19T07:24:33.7838564-04:00" testType="13cdc9d9-ddb5-4fa4-a97d-d965ccfc6d4b" outcome="Passed" testListId="8c84fa94-04c1-424b-9868-57a2d4851a1d" relativeResultsDirectory="a71ecaad-f3e6-4a61-9bde-1e1233e9269b" /><UnitTestResult executionId="d3f5830a-a14a-4add-a003-ebc61ac97c36" testId="b2558f2b-d575-4ba8-b011-511d18e2bea0" testName="Model3dHasExpectedDependentFiles" computerName="VECTOR" duration="00:00:00.0330000" startTime="2018-07-19T07:24:31.7718680-04:00" endTime="2018-07-19T07:24:31.7718748-04:00" testType="13cdc9d9-ddb5-4fa4-a97d-d965ccfc6d4b" outcome="Passed" testListId="8c84fa94-04c1-424b-9868-57a2d4851a1d" relativeResultsDirectory="d3f5830a-a14a-4add-a003-ebc61ac97c36" /><UnitTestResult executionId="b0fe3b1e-bd44-4844-addb-472ca22081aa" testId="ed022b46-506a-4ed4-b61d-1d3fc25165c3" testName="Put_ValidReferencePropertyUpdatesModel" computerName="VECTOR" duration="00:00:00.0310000" startTime="2018-07-19T07:24:37.8288210-04:00" endTime="2018-07-19T07:24:37.8288267-04:00" testType="13cdc9d9-ddb5-4fa4-a97d-d965ccfc6d4b" outcome="Passed" testListId="8c84fa94-04c1-424b-9868-57a2d4851a1d" relativeResultsDirectory="b0fe3b1e-bd44-4844-addb-472ca22081aa" /></Results><TestDefinitions><UnitTest name="Patch_ValidReferencePropertyUpdatesModel" storage="d:\users\steve knipmeyer\documents\github\modelrelief\modelrelief.test\bin\debug\netcoreapp2.0\modelrelief.test.dll" id="3a6b6193-3364-4e02-a608-00d6b8455efe"><Execution id="8a97fca7-1d77-421f-9053-3fadb7d76860" /><TestMethod codeBase="D:\Users\Steve Knipmeyer\Documents\GitHub\ModelRelief\ModelRelief.test\bin\Debug\netcoreapp2.0\ModelRelief.Test.dll" adapterTypeName="executor://xunit/VsTestRunner2/netcoreapp" className="ModelRelief.Test.Integration.Meshes.MeshesBaseIntegrationTests" name="Patch_ValidReferencePropertyUpdatesModel" /></UnitTest><UnitTest name="Post_CanCreateNewModel" storage="d:\users\steve knipmeyer\documents\github\modelrelief\modelrelief.test\bin\debug\netcoreapp2.0\modelrelief.test.dll" id="3765e6e2-e4ef-45e8-9ba1-ca3b1a673156"><Execution id="b6f63bb9-24f7-4c3d-9c8d-30b631610dcf" /><TestMethod codeBase="D:\Users\Steve Knipmeyer\Documents\GitHub\ModelRelief\ModelRelief.test\bin\Debug\netcoreapp2.0\ModelRelief.Test.dll" adapterTypeName="executor://xunit/VsTestRunner2/netcoreapp" className="ModelRelief.Test.Integration.MeshTransforms.MeshTransformsBaseIntegrationTests" name="Post_CanCreateNewModel" /></UnitTest><UnitTest name="Patch_InvalidIdPropertyReturnsNotFound" storage="d:\users\steve knipmeyer\documents\github\modelrelief\modelrelief.test\bin\debug\netcoreapp2.0\modelrelief.test.dll" id="1d2f7c1e-5ac1-4651-ba22-db3cee614b70"><Execution id="062031cd-ff74-42de-a86c-4a67c117e0c8" /><TestMethod codeBase="D:\Users\Steve Knipmeyer\Documents\GitHub\ModelRelief\ModelRelief.test\bin\Debug\netcoreapp2.0\ModelRelief.Test.dll" adapterTypeName="executor://xunit/VsTestRunner2/netcoreapp" className="ModelRelief.Test.Integration.Projects.ProjectsBaseIntegrationTests" name="Patch_InvalidIdPropertyReturnsNotFound" /></UnitTest><UnitTest name="Put_ValidReferencePropertyUpdatesModel" storage="d:\users\steve knipmeyer\documents\github\modelrelief\modelrelief.test\bin\debug\netcoreapp2.0\modelrelief.test.dll" id="f22ee273-9b0a-4fa3-87a4-d15293783f65"><Execution id="fcb2101f-5b95-4511-aab6-4aeb32db6a67" /><TestMethod codeBase="D:\Users\Steve Knipmeyer\Documents\GitHub\ModelRelief\ModelRelief.test\bin\Debug\netcoreapp2.0\ModelRelief.Test.dll" adapterTypeName="executor://xunit/VsTestRunner2/netcoreapp" className="ModelRelief.Test.Integration.MeshTransforms.MeshTransformsBaseIntegrationTests" name="Put_ValidReferencePropertyUpdatesModel" /></UnitTest><UnitTest name="PutFile_NewFileCanBePut" storage="d:\users\steve knipmeyer\documents\github\modelrelief\modelrelief.test\bin\debug\netcoreapp2.0\modelrelief.test.dll" id="dfcb9f78-d6bc-49f6-a0c8-95ad388a2e5f"><Execution id="669515d4-658e-499e-829b-a5d51239d653" /><TestMethod codeBase="D:\Users\Steve Knipmeyer\Documents\GitHub\ModelRelief\ModelRelief.test\bin\Debug\netcoreapp2.0\ModelRelief.Test.dll" adapterTypeName="executor://xunit/VsTestRunner2/netcoreapp" className="ModelRelief.Test.Integration.DepthBuffers.DepthBuffersFileIntegrationTests" name="PutFile_NewFileCanBePut" /></UnitTest><UnitTest name="Post_InvalidPropertyValueReturnsBadRequest" storage="d:\users\steve knipmeyer\documents\github\modelrelief\modelrelief.test\bin\debug\netcoreapp2.0\modelrelief.test.dll" id="431e2f0b-6f03-4e19-afc8-fdd24e162d90"><Execution id="f57a0e17-8e51-4a51-8f6c-9a5d5d9ab583" /><TestMethod codeBase="D:\Users\Steve Knipmeyer\Documents\GitHub\ModelRelief\ModelRelief.test\bin\Debug\netcoreapp2.0\ModelRelief.Test.dll" adapterTypeName="executor://xunit/VsTestRunner2/netcoreapp" className="ModelRelief.Test.Integration.Cameras.CamerasBaseIntegrationTests" name="Post_InvalidPropertyValueReturnsBadRequest" /></UnitTest><UnitTest name="Delete_TargetModelIsDeleted" storage="d:\users\steve knipmeyer\documents\github\modelrelief\modelrelief.test\bin\debug\netcoreapp2.0\modelrelief.test.dll" id="d169f43d-33a6-497c-bbec-f0b300a2fab6"><Execution id="e067f6fa-a4c0-4bb8-ba92-b06a38df1327" /><TestMethod codeBase="D:\Users\Steve Knipmeyer\Documents\GitHub\ModelRelief\ModelRelief.test\bin\Debug\netcoreapp2.0\ModelRelief.Test.dll" adapterTypeName="executor://xunit/VsTestRunner2/netcoreapp" className="ModelRelief.Test.Integration.Cameras.CamerasBaseIntegrationTests" name="Delete_TargetModelIsDeleted" /></UnitTest><UnitTest name="Patch_InvalidPropertyNameReturnsBadRequest" storage="d:\users\steve knipmeyer\documents\github\modelrelief\modelrelief.test\bin\debug\netcoreapp2.0\modelrelief.test.dll" id="478e421d-4846-448e-bc89-d679dba80911"><Execution id="f718098a-bb17-4200-bf03-9ca56ab0737e" /><TestMethod codeBase="D:\Users\Steve Knipmeyer\Documents\GitHub\ModelRelief\ModelRelief.test\bin\Debug\netcoreapp2.0\ModelRelief.Test.dll" adapterTypeName="executor://xunit/VsTestRunner2/netcoreapp" className="ModelRelief.Test.Integration.DepthBuffers.DepthBuffersBaseIntegrationTests" name="Patch_InvalidPropertyNameReturnsBadRequest" /></UnitTest><UnitTest name="PostFile_NewFileCanBePosted" storage="d:\users\steve knipmeyer\documents\github\modelrelief\modelrelief.test\bin\debug\netcoreapp2.0\modelrelief.test.dll" id="8e53e8cb-2d3e-4b33-8fdb-92c019aeae2f"><Execution id="40ac9ddb-d936-4101-855e-5ad7963c1ac0" /><TestMethod codeBase="D:\Users\Steve Knipmeyer\Documents\GitHub\ModelRelief\ModelRelief.test\bin\Debug\netcoreapp2.0\ModelRelief.Test.dll" adapterTypeName="executor://xunit/VsTestRunner2/netcoreapp" className="ModelRelief.Test.Integration.DepthBuffers.DepthBuffersFileIntegrationTests" name="PostFile_NewFileCanBePosted" /></UnitTest><UnitTest name="GetFile_ExistingFileReturnsSuccess" storage="d:\users\steve knipmeyer\documents\github\modelrelief\modelrelief.test\bin\debug\netcoreapp2.0\modelrelief.test.dll" id="afc169b8-ba02-4b82-8184-5d014d27672e"><Execution id="deb67373-dbaf-47bd-bbcc-2f020e2f5f1d" /><TestMethod codeBase="D:\Users\Steve Knipmeyer\Documents\GitHub\ModelRelief\ModelRelief.test\bin\Debug\netcoreapp2.0\ModelRelief.Test.dll" adapterTypeName="executor://xunit/VsTestRunner2/netcoreapp" className="ModelRelief.Test.Integration.DepthBuffers.DepthBuffersFileIntegrationTests" name="GetFile_ExistingFileReturnsSuccess" /></UnitTest><UnitTest name="Put_InvalidReferencePropertyReturndBadRequest" storage="d:\users\steve knipmeyer\documents\github\modelrelief\modelrelief.test\bin\debug\netcoreapp2.0\modelrelief.test.dll" id="0f91e468-69f5-46be-a9fe-0faa1921897c"><Execution id="30bd78b4-dce2-4728-b8b2-15cdc4ead35d" /><TestMethod codeBase="D:\Users\Steve Knipmeyer\Documents\GitHub\ModelRelief\ModelRelief.test\bin\Debug\netcoreapp2.0\ModelRelief.Test.dll" adapterTypeName="executor://xunit/VsTestRunner2/netcoreapp" className="ModelRelief.Test.Integration.Meshes.MeshesBaseIntegrationTests" name="Put_InvalidReferencePropertyReturndBadRequest" /></UnitTest><UnitTest name="Patch_InvalidIdPropertyReturnsNotFound" storage="d:\users\steve knipmeyer\documents\github\modelrelief\modelrelief.test\bin\debug\netcoreapp2.0\modelrelief.test.dll" id="0b62851c-d090-4fba-9fe6-8a94931b9946"><Execution id="3b4e46e0-6c78-4a0b-b8a8-dc37e824d2c6" /><TestMethod codeBase="D:\Users\Steve Knipmeyer\Documents\GitHub\ModelRelief\ModelRelief.test\bin\Debug\netcoreapp2.0\ModelRelief.Test.dll" adapterTypeName="executor://xunit/VsTestRunner2/netcoreapp" className="ModelRelief.Test.Integration.Meshes.MeshesBaseIntegrationTests" name="Patch_InvalidIdPropertyReturnsNotFound" /></UnitTest><UnitTest name="FileRequest_FileCanBeReadAfterRename" storage="d:\users\steve knipmeyer\documents\github\modelrelief\modelrelief.test\bin\debug\netcoreapp2.0\modelrelief.test.dll" id="1151d497-db76-4f87-a8af-9e23fcf029d3"><Execution id="72a20fdb-d2d1-4be9-a267-364898cbdc30" /><TestMethod codeBase="D:\Users\Steve Knipmeyer\Documents\GitHub\ModelRelief\ModelRelief.test\bin\Debug\netcoreapp2.0\ModelRelief.Test.dll" adapterTypeName="executor://xunit/VsTestRunner2/netcoreapp" className="ModelRelief.Test.Integration.Meshes.MeshesFileIntegrationTests" name="FileRequest_FileCanBeReadAfterRename" /></UnitTest><UnitTest name="GetList_ListReturnsCorrectCount" storage="d:\users\steve knipmeyer\documents\github\modelrelief\modelrelief.test\bin\debug\netcoreapp2.0\modelrelief.test.dll" id="ffd569ca-ba31-41e2-8d69-d0ecc9fc28e8"><Execution id="72000f29-ece2-479e-ba4e-ac9c4c8c69ad" /><TestMethod codeBase="D:\Users\Steve Knipmeyer\Documents\GitHub\ModelRelief\ModelRelief.test\bin\Debug\netcoreapp2.0\ModelRelief.Test.dll" adapterTypeName="executor://xunit/VsTestRunner2/netcoreapp" className="ModelRelief.Test.Integration.MeshTransforms.MeshTransformsBaseIntegrationTests" name="GetList_ListReturnsCorrectCount" /></UnitTest><UnitTest name="Patch_ValidReferencePropertyUpdatesModel" storage="d:\users\steve knipmeyer\documents\github\modelrelief\modelrelief.test\bin\debug\netcoreapp2.0\modelrelief.test.dll" id="20462bbd-a5ec-46ab-9159-fc4440137ccd"><Execution id="972a63fb-88bd-494a-84d0-bb762ae6bfc5" /><TestMethod codeBase="D:\Users\Steve Knipmeyer\Documents\GitHub\ModelRelief\ModelRelief.test\bin\Debug\netcoreapp2.0\ModelRelief.Test.dll" adapterTypeName="executor://xunit/VsTestRunner2/netcoreapp" className="ModelRelief.Test.Integration.Projects.ProjectsBaseIntegrationTests" name="Patch_ValidReferencePropertyUpdatesModel" /></UnitTest><UnitTest name="FileRequest_MeshGenerateScalesDepthBufferByP1Scale" storage="d:\users\steve knipmeyer\documents\github\modelrelief\modelrelief.test\bin\debug\netcoreapp2.0\modelrelief.test.dll" id="e90233dd-3e6b-4d9c-908d-bd5a79a21455"><Execution id="a6575fd5-df2d-4159-9fe5-3d38104af063" /><TestMethod codeBase="D:\Users\Steve Knipmeyer\Documents\GitHub\ModelRelief\ModelRelief.test\bin\Debug\netcoreapp2.0\ModelRelief.Test.dll" adapterTypeName="executor://xunit/VsTestRunner2/netcoreapp" className="ModelRelief.Test.Integration.Meshes.MeshesFileIntegrationTests" name="FileRequest_MeshGenerateScalesDepthBufferByP1Scale" /></UnitTest><UnitTest name="Post_InvalidPropertyValueReturnsBadRequest" storage="d:\users\steve knipmeyer\documents\github\modelrelief\modelrelief.test\bin\debug\netcoreapp2.0\modelrelief.test.dll" id="4befb655-c273-43eb-b1ca-9d220dd79589"><Execution id="550d3b78-1f79-4525-bb82-cf3d988a9e05" /><TestMethod codeBase="D:\Users\Steve Knipmeyer\Documents\GitHub\ModelRelief\ModelRelief.test\bin\Debug\netcoreapp2.0\ModelRelief.Test.dll" adapterTypeName="executor://xunit/VsTestRunner2/netcoreapp" className="ModelRelief.Test.Integration.DepthBuffers.DepthBuffersBaseIntegrationTests" name="Post_InvalidPropertyValueReturnsBadRequest" /></UnitTest><UnitTest name="GetSingle_ValidIdPropertyValueReturnsCorrectModel" storage="d:\users\steve knipmeyer\documents\github\modelrelief\modelrelief.test\bin\debug\netcoreapp2.0\modelrelief.test.dll" id="b074cea9-3eb8-4df6-8356-f9fc3ddf769c"><Execution id="0b94b420-3eee-4f1b-86f0-4f98e6b7e9ff" /><TestMethod codeBase="D:\Users\Steve Knipmeyer\Documents\GitHub\ModelRelief\ModelRelief.test\bin\Debug\netcoreapp2.0\ModelRelief.Test.dll" adapterTypeName="executor://xunit/VsTestRunner2/netcoreapp" className="ModelRelief.Test.Integration.DepthBuffers.DepthBuffersBaseIntegrationTests" name="GetSingle_ValidIdPropertyValueReturnsCorrectModel" /></UnitTest><UnitTest name="Put_InvalidReferencePropertyReturndBadRequest" storage="d:\users\steve knipmeyer\documents\github\modelrelief\modelrelief.test\bin\debug\netcoreapp2.0\modelrelief.test.dll" id="0a063916-539f-4b25-b095-da9490783326"><Execution id="867a7e9a-d396-4e8f-8a29-91d393fab934" /><TestMethod codeBase="D:\Users\Steve Knipmeyer\Documents\GitHub\ModelRelief\ModelRelief.test\bin\Debug\netcoreapp2.0\ModelRelief.Test.dll" adapterTypeName="executor://xunit/VsTestRunner2/netcoreapp" className="ModelRelief.Test.Integration.DepthBuffers.DepthBuffersBaseIntegrationTests" name="Put_InvalidReferencePropertyReturndBadRequest" /></UnitTest><UnitTest name="Post_InvalidReferencePropertyReturnsBadRequest" storage="d:\users\steve knipmeyer\documents\github\modelrelief\modelrelief.test\bin\debug\netcoreapp2.0\modelrelief.test.dll" id="b3e9a249-8eca-4a1f-a3da-b7422c23e062"><Execution id="c29666a9-e9f7-4f91-a8dd-44d38a38cecd" /><TestMethod codeBase="D:\Users\Steve Knipmeyer\Documents\GitHub\ModelRelief\ModelRelief.test\bin\Debug\netcoreapp2.0\ModelRelief.Test.dll" adapterTypeName="executor://xunit/VsTestRunner2/netcoreapp" className="ModelRelief.Test.Integration.Meshes.MeshesBaseIntegrationTests" name="Post_InvalidReferencePropertyReturnsBadRequest" /></UnitTest><UnitTest name="GetList_ListReturnsCorrectCount" storage="d:\users\steve knipmeyer\documents\github\modelrelief\modelrelief.test\bin\debug\netcoreapp2.0\modelrelief.test.dll" id="76fc6b18-40bf-4ff2-a5e3-fac62df56426"><Execution id="bf3cc6c4-8a82-4f80-84b0-954a0de1bf49" /><TestMethod codeBase="D:\Users\Steve Knipmeyer\Documents\GitHub\ModelRelief\ModelRelief.test\bin\Debug\netcoreapp2.0\ModelRelief.Test.dll" adapterTypeName="executor://xunit/VsTestRunner2/netcoreapp" className="ModelRelief.Test.Integration.Projects.ProjectsBaseIntegrationTests" name="GetList_ListReturnsCorrectCount" /></UnitTest><UnitTest name="Post_InvalidReferencePropertyReturnsBadRequest" storage="d:\users\steve knipmeyer\documents\github\modelrelief\modelrelief.test\bin\debug\netcoreapp2.0\modelrelief.test.dll" id="9eb719ea-77a6-4eac-850c-5e44e4d89c8e"><Execution id="091cc7f6-5b3e-480b-89a9-facf160ebaf6" /><TestMethod codeBase="D:\Users\Steve Knipmeyer\Documents\GitHub\ModelRelief\ModelRelief.test\bin\Debug\netcoreapp2.0\ModelRelief.Test.dll" adapterTypeName="executor://xunit/VsTestRunner2/netcoreapp" className="ModelRelief.Test.Integration.Projects.ProjectsBaseIntegrationTests" name="Post_InvalidReferencePropertyReturnsBadRequest" /></UnitTest><UnitTest name="Delete_TargetModelIsDeleted" storage="d:\users\steve knipmeyer\documents\github\modelrelief\modelrelief.test\bin\debug\netcoreapp2.0\modelrelief.test.dll" id="ed2177a4-4eec-4d6e-a5a0-dfbf9c54f8a5"><Execution id="c3f983cb-041a-408c-9314-8f76b3cc564e" /><TestMethod codeBase="D:\Users\Steve Knipmeyer\Documents\GitHub\ModelRelief\ModelRelief.test\bin\Debug\netcoreapp2.0\ModelRelief.Test.dll" adapterTypeName="executor://xunit/VsTestRunner2/netcoreapp" className="ModelRelief.Test.Integration.Models.ModelsBaseIntegrationTests" name="Delete_TargetModelIsDeleted" /></UnitTest><UnitTest name="Put_InvalidReferencePropertyReturndBadRequest" storage="d:\users\steve knipmeyer\documents\github\modelrelief\modelrelief.test\bin\debug\netcoreapp2.0\modelrelief.test.dll" id="332f8ba7-d906-4b3c-b405-7c12fcd6b530"><Execution id="ec71de2c-25c2-4aeb-9f57-3147ef1918f4" /><TestMethod codeBase="D:\Users\Steve Knipmeyer\Documents\GitHub\ModelRelief\ModelRelief.test\bin\Debug\netcoreapp2.0\ModelRelief.Test.dll" adapterTypeName="executor://xunit/VsTestRunner2/netcoreapp" className="ModelRelief.Test.Integration.Projects.ProjectsBaseIntegrationTests" name="Put_InvalidReferencePropertyReturndBadRequest" /></UnitTest><UnitTest name="PostFile_FileIsSynchronizedIsUpdatedAfterFileIsPosted" storage="d:\users\steve knipmeyer\documents\github\modelrelief\modelrelief.test\bin\debug\netcoreapp2.0\modelrelief.test.dll" id="f380c8aa-f7e9-482b-833e-51f33fb170ab"><Execution id="2772f4c7-b050-4e8c-8eee-ed191a24d6d7" /><TestMethod codeBase="D:\Users\Steve Knipmeyer\Documents\GitHub\ModelRelief\ModelRelief.test\bin\Debug\netcoreapp2.0\ModelRelief.Test.dll" adapterTypeName="executor://xunit/VsTestRunner2/netcoreapp" className="ModelRelief.Test.Integration.Models.ModelsFileIntegrationTests" name="PostFile_FileIsSynchronizedIsUpdatedAfterFileIsPosted" /></UnitTest><UnitTest name="GetSingle_ValidIdPropertyValueReturnsCorrectModel" storage="d:\users\steve knipmeyer\documents\github\modelrelief\modelrelief.test\bin\debug\netcoreapp2.0\modelrelief.test.dll" id="13c1747e-4072-4ebe-b0aa-8a6c2d6c3a5a"><Execution id="f4080dee-3288-419f-9ce9-d97440c20b32" /><TestMethod codeBase="D:\Users\Steve Knipmeyer\Documents\GitHub\ModelRelief\ModelRelief.test\bin\Debug\netcoreapp2.0\ModelRelief.Test.dll" adapterTypeName="executor://xunit/VsTestRunner2/netcoreapp" className="ModelRelief.Test.Integration.Models.ModelsBaseIntegrationTests" name="GetSingle_ValidIdPropertyValueReturnsCorrectModel" /></UnitTest><UnitTest name="Post_ValidReferencePropertyCreatesModel" storage="d:\users\steve knipmeyer\documents\github\modelrelief\modelrelief.test\bin\debug\netcoreapp2.0\modelrelief.test.dll" id="97391a1a-a1e0-4235-9c15-37faf11885af"><Execution id="6fddaa48-a60d-4ed7-92ab-6a20e1c9e2b8" /><TestMethod codeBase="D:\Users\Steve Knipmeyer\Documents\GitHub\ModelRelief\ModelRelief.test\bin\Debug\netcoreapp2.0\ModelRelief.Test.dll" adapterTypeName="executor://xunit/VsTestRunner2/netcoreapp" className="ModelRelief.Test.Integration.DepthBuffers.DepthBuffersBaseIntegrationTests" name="Post_ValidReferencePropertyCreatesModel" /></UnitTest><UnitTest name="GetFile_ExistingFileReturnsSuccess" storage="d:\users\steve knipmeyer\documents\github\modelrelief\modelrelief.test\bin\debug\netcoreapp2.0\modelrelief.test.dll" id="62e4f921-9f55-4a79-a349-a51e00e78c76"><Execution id="714fa3e5-8e3f-4af3-9f9a-2d4d538c0c37" /><TestMethod codeBase="D:\Users\Steve Knipmeyer\Documents\GitHub\ModelRelief\ModelRelief.test\bin\Debug\netcoreapp2.0\ModelRelief.Test.dll" adapterTypeName="executor://xunit/VsTestRunner2/netcoreapp" className="ModelRelief.Test.Integration.Meshes.MeshesFileIntegrationTests" name="GetFile_ExistingFileReturnsSuccess" /></UnitTest><UnitTest name="GetList_ListReturnsCorrectCount" storage="d:\users\steve knipmeyer\documents\github\modelrelief\modelrelief.test\bin\debug\netcoreapp2.0\modelrelief.test.dll" id="c9c11e99-82e4-4743-a4ca-e9875f3a5dff"><Execution id="31e18227-9841-4a46-892b-e8ab0bf3861f" /><TestMethod codeBase="D:\Users\Steve Knipmeyer\Documents\GitHub\ModelRelief\ModelRelief.test\bin\Debug\netcoreapp2.0\ModelRelief.Test.dll" adapterTypeName="executor://xunit/VsTestRunner2/netcoreapp" className="ModelRelief.Test.Integration.Meshes.MeshesBaseIntegrationTests" name="GetList_ListReturnsCorrectCount" /></UnitTest><UnitTest name="Put_InvalidReferencePropertyReturndBadRequest" storage="d:\users\steve knipmeyer\documents\github\modelrelief\modelrelief.test\bin\debug\netcoreapp2.0\modelrelief.test.dll" id="2db81854-186d-436f-a929-84fd156e077f"><Execution id="900cd659-d2eb-407d-8294-65264f2c845a" /><TestMethod codeBase="D:\Users\Steve Knipmeyer\Documents\GitHub\ModelRelief\ModelRelief.test\bin\Debug\netcoreapp2.0\ModelRelief.Test.dll" adapterTypeName="executor://xunit/VsTestRunner2/netcoreapp" className="ModelRelief.Test.Integration.Models.ModelsBaseIntegrationTests" name="Put_InvalidReferencePropertyReturndBadRequest" /></UnitTest><UnitTest name="Post_InvalidReferencePropertyReturnsBadRequest" storage="d:\users\steve knipmeyer\documents\github\modelrelief\modelrelief.test\bin\debug\netcoreapp2.0\modelrelief.test.dll" id="18bfec77-64a4-4999-8533-0fa6cde7d79f"><Execution id="0ef75c35-3d35-4520-8e5f-bf8a2103c6ce" /><TestMethod codeBase="D:\Users\Steve Knipmeyer\Documents\GitHub\ModelRelief\ModelRelief.test\bin\Debug\netcoreapp2.0\ModelRelief.Test.dll" adapterTypeName="executor://xunit/VsTestRunner2/netcoreapp" className="ModelRelief.Test.Integration.DepthBuffers.DepthBuffersBaseIntegrationTests" name="Post_InvalidReferencePropertyReturnsBadRequest" /></UnitTest><UnitTest name="Patch_MultipleInvalidReferencePropertiesReturnsMultipleValidationErrorsAndBadRequest" storage="d:\users\steve knipmeyer\documents\github\modelrelief\modelrelief.test\bin\debug\netcoreapp2.0\modelrelief.test.dll" id="88d83031-01b5-4700-a308-fded9f132fbe"><Execution id="ce7c05cb-a20d-45ff-aa86-905557b0cc0c" /><TestMethod codeBase="D:\Users\Steve Knipmeyer\Documents\GitHub\ModelRelief\ModelRelief.test\bin\Debug\netcoreapp2.0\ModelRelief.Test.dll" adapterTypeName="executor://xunit/VsTestRunner2/netcoreapp" className="ModelRelief.Test.Integration.MeshTransforms.MeshTransformsBaseIntegrationTests" name="Patch_MultipleInvalidReferencePropertiesReturnsMultipleValidationErrorsAndBadRequest" /></UnitTest><UnitTest name="Put_CanUpdateModel" storage="d:\users\steve knipmeyer\documents\github\modelrelief\modelrelief.test\bin\debug\netcoreapp2.0\modelrelief.test.dll" id="2a75cfdf-abb1-4631-937e-b78f83afdacf"><Execution id="5ade028b-22a9-4ffe-96de-44b95dd09a0c" /><TestMethod codeBase="D:\Users\Steve Knipmeyer\Documents\GitHub\ModelRelief\ModelRelief.test\bin\Debug\netcoreapp2.0\ModelRelief.Test.dll" adapterTypeName="executor://xunit/VsTestRunner2/netcoreapp" className="ModelRelief.Test.Integration.Cameras.CamerasBaseIntegrationTests" name="Put_CanUpdateModel" /></UnitTest><UnitTest name="Put_ValidReferencePropertyUpdatesModel" storage="d:\users\steve knipmeyer\documents\github\modelrelief\modelrelief.test\bin\debug\netcoreapp2.0\modelrelief.test.dll" id="f4efe552-b173-4390-ab99-ae0b5514044a"><Execution id="856ddfdb-cb9a-4937-8573-598dc0387345" /><TestMethod codeBase="D:\Users\Steve Knipmeyer\Documents\GitHub\ModelRelief\ModelRelief.test\bin\Debug\netcoreapp2.0\ModelRelief.Test.dll" adapterTypeName="executor://xunit/VsTestRunner2/netcoreapp" className="ModelRelief.Test.Integration.Projects.ProjectsBaseIntegrationTests" name="Put_ValidReferencePropertyUpdatesModel" /></UnitTest><UnitTest name="Put_InvalidIdReturnsNotFound" storage="d:\users\steve knipmeyer\documents\github\modelrelief\modelrelief.test\bin\debug\netcoreapp2.0\modelrelief.test.dll" id="d856e6f8-5209-4431-b71b-c5e8c2ecb66b"><Execution id="9bff805c-ba1b-4caa-bf70-e135ab5dbe1a" /><TestMethod codeBase="D:\Users\Steve Knipmeyer\Documents\GitHub\ModelRelief\ModelRelief.test\bin\Debug\netcoreapp2.0\ModelRelief.Test.dll" adapterTypeName="executor://xunit/VsTestRunner2/netcoreapp" className="ModelRelief.Test.Integration.Meshes.MeshesBaseIntegrationTests" name="Put_InvalidIdReturnsNotFound" /></UnitTest><UnitTest name="GetFile_FileCanBeRoundTripped" storage="d:\users\steve knipmeyer\documents\github\modelrelief\modelrelief.test\bin\debug\netcoreapp2.0\modelrelief.test.dll" id="70a06625-0673-46d1-a67e-0a8820d320f6"><Execution id="bf658d19-f283-4fcb-ad6f-a5150ffc6636" /><TestMethod codeBase="D:\Users\Steve Knipmeyer\Documents\GitHub\ModelRelief\ModelRelief.test\bin\Debug\netcoreapp2.0\ModelRelief.Test.dll" adapterTypeName="executor://xunit/VsTestRunner2/netcoreapp" className="ModelRelief.Test.Integration.Models.ModelsFileIntegrationTests" name="GetFile_FileCanBeRoundTripped" /></UnitTest><UnitTest name="Patch_InvalidIdPropertyReturnsNotFound" storage="d:\users\steve knipmeyer\documents\github\modelrelief\modelrelief.test\bin\debug\netcoreapp2.0\modelrelief.test.dll" id="54202513-f14f-472c-bb05-d56c2be43d17"><Execution id="6088452f-455d-4c87-aa9d-fee6865c217c" /><TestMethod codeBase="D:\Users\Steve Knipmeyer\Documents\GitHub\ModelRelief\ModelRelief.test\bin\Debug\netcoreapp2.0\ModelRelief.Test.dll" adapterTypeName="executor://xunit/VsTestRunner2/netcoreapp" className="ModelRelief.Test.Integration.DepthBuffers.DepthBuffersBaseIntegrationTests" name="Patch_InvalidIdPropertyReturnsNotFound" /></UnitTest><UnitTest name="PutFile_FileCanBeUpdated" storage="d:\users\steve knipmeyer\documents\github\modelrelief\modelrelief.test\bin\debug\netcoreapp2.0\modelrelief.test.dll" id="7bef73c5-e264-4165-a747-97b4aed38ddf"><Execution id="5c40125e-291e-4bb5-9466-55e12d46a287" /><TestMethod codeBase="D:\Users\Steve Knipmeyer\Documents\GitHub\ModelRelief\ModelRelief.test\bin\Debug\netcoreapp2.0\ModelRelief.Test.dll" adapterTypeName="executor://xunit/VsTestRunner2/netcoreapp" className="ModelRelief.Test.Integration.Models.ModelsFileIntegrationTests" name="PutFile_FileCanBeUpdated" /></UnitTest><UnitTest name="Delete_TargetModelIsDeleted" storage="d:\users\steve knipmeyer\documents\github\modelrelief\modelrelief.test\bin\debug\netcoreapp2.0\modelrelief.test.dll" id="10988872-1f68-4e6c-a318-8b1a09ee1874"><Execution id="2d5930a3-232d-461f-85f7-6382f7405030" /><TestMethod codeBase="D:\Users\Steve Knipmeyer\Documents\GitHub\ModelRelief\ModelRelief.test\bin\Debug\netcoreapp2.0\ModelRelief.Test.dll" adapterTypeName="executor://xunit/VsTestRunner2/netcoreapp" className="ModelRelief.Test.Integration.Meshes.MeshesBaseIntegrationTests" name="Delete_TargetModelIsDeleted" /></UnitTest><UnitTest name="PutFile_NewFileCanBePut" storage="d:\users\steve knipmeyer\documents\github\modelrelief\modelrelief.test\bin\debug\netcoreapp2.0\modelrelief.test.dll" id="a9236c52-b0a9-4afd-ac0f-c0beec717cbe"><Execution id="7c340929-5dd5-415a-97bd-f1f7e7c355da" /><TestMethod codeBase="D:\Users\Steve Knipmeyer\Documents\GitHub\ModelRelief\ModelRelief.test\bin\Debug\netcoreapp2.0\ModelRelief.Test.dll" adapterTypeName="executor://xunit/VsTestRunner2/netcoreapp" className="ModelRelief.Test.Integration.Meshes.MeshesFileIntegrationTests" name="PutFile_NewFileCanBePut" /></UnitTest><UnitTest name="Post_InvalidPropertyValueReturnsBadRequest" storage="d:\users\steve knipmeyer\documents\github\modelrelief\modelrelief.test\bin\debug\netcoreapp2.0\modelrelief.test.dll" id="b1341d4b-2608-4f99-87b7-9aa720dfed89"><Execution id="2fadc137-8e04-479c-8489-c152e9e2b056" /><TestMethod codeBase="D:\Users\Steve Knipmeyer\Documents\GitHub\ModelRelief\ModelRelief.test\bin\Debug\netcoreapp2.0\ModelRelief.Test.dll" adapterTypeName="executor://xunit/VsTestRunner2/netcoreapp" className="ModelRelief.Test.Integration.Models.ModelsBaseIntegrationTests" name="Post_InvalidPropertyValueReturnsBadRequest" /></UnitTest><UnitTest name="Post_InvalidPropertyValueReturnsBadRequest" storage="d:\users\steve knipmeyer\documents\github\modelrelief\modelrelief.test\bin\debug\netcoreapp2.0\modelrelief.test.dll" id="dfc58609-c6c3-42bb-bef0-0a09b4f818dc"><Execution id="0a67d1ff-b64c-4b5c-b2f2-ff60c425e7b2" /><TestMethod codeBase="D:\Users\Steve Knipmeyer\Documents\GitHub\ModelRelief\ModelRelief.test\bin\Debug\netcoreapp2.0\ModelRelief.Test.dll" adapterTypeName="executor://xunit/VsTestRunner2/netcoreapp" className="ModelRelief.Test.Integration.MeshTransforms.MeshTransformsBaseIntegrationTests" name="Post_InvalidPropertyValueReturnsBadRequest" /></UnitTest><UnitTest name="Patch_InvalidReferencePropertyReturnsBadRequest" storage="d:\users\steve knipmeyer\documents\github\modelrelief\modelrelief.test\bin\debug\netcoreapp2.0\modelrelief.test.dll" id="37b9abe1-19b3-48e8-9861-dce31496a213"><Execution id="4bd2db08-1b53-4711-ae5a-7149595cc512" /><TestMethod codeBase="D:\Users\Steve Knipmeyer\Documents\GitHub\ModelRelief\ModelRelief.test\bin\Debug\netcoreapp2.0\ModelRelief.Test.dll" adapterTypeName="executor://xunit/VsTestRunner2/netcoreapp" className="ModelRelief.Test.Integration.DepthBuffers.DepthBuffersBaseIntegrationTests" name="Patch_InvalidReferencePropertyReturnsBadRequest" /></UnitTest><UnitTest name="Post_CanCreateNewModel" storage="d:\users\steve knipmeyer\documents\github\modelrelief\modelrelief.test\bin\debug\netcoreapp2.0\modelrelief.test.dll" id="4045fcef-77da-4b8f-8337-fe6cba74583b"><Execution id="e45d60e7-c966-4def-9dcc-1498da5094cc" /><TestMethod codeBase="D:\Users\Steve Knipmeyer\Documents\GitHub\ModelRelief\ModelRelief.test\bin\Debug\netcoreapp2.0\ModelRelief.Test.dll" adapterTypeName="executor://xunit/VsTestRunner2/netcoreapp" className="ModelRelief.Test.Integration.Projects.ProjectsBaseIntegrationTests" name="Post_CanCreateNewModel" /></UnitTest><UnitTest name="Put_ValidReferencePropertyUpdatesModel" storage="d:\users\steve knipmeyer\documents\github\modelrelief\modelrelief.test\bin\debug\netcoreapp2.0\modelrelief.test.dll" id="ed022b46-506a-4ed4-b61d-1d3fc25165c3"><Execution id="b0fe3b1e-bd44-4844-addb-472ca22081aa" /><TestMethod codeBase="D:\Users\Steve Knipmeyer\Documents\GitHub\ModelRelief\ModelRelief.test\bin\Debug\netcoreapp2.0\ModelRelief.Test.dll" adapterTypeName="executor://xunit/VsTestRunner2/netcoreapp" className="ModelRelief.Test.Integration.Meshes.MeshesBaseIntegrationTests" name="Put_ValidReferencePropertyUpdatesModel" /></UnitTest><UnitTest name="GetSingle_InvalidIdPropertyValueReturnsNotFound" storage="d:\users\steve knipmeyer\documents\github\modelrelief\modelrelief.test\bin\debug\netcoreapp2.0\modelrelief.test.dll" id="f1129cfe-703b-4507-be21-1216e233dbe4"><Execution id="7d775371-e25c-4331-bdb7-9d6475980063" /><TestMethod codeBase="D:\Users\Steve Knipmeyer\Documents\GitHub\ModelRelief\ModelRelief.test\bin\Debug\netcoreapp2.0\ModelRelief.Test.dll" adapterTypeName="executor://xunit/VsTestRunner2/netcoreapp" className="ModelRelief.Test.Integration.Models.ModelsBaseIntegrationTests" name="GetSingle_InvalidIdPropertyValueReturnsNotFound" /></UnitTest><UnitTest name="Post_InvalidReferencePropertyReturnsBadRequest" storage="d:\users\steve knipmeyer\documents\github\modelrelief\modelrelief.test\bin\debug\netcoreapp2.0\modelrelief.test.dll" id="1b1ef30a-f7c2-404d-9854-601835e11a3a"><Execution id="81694c0d-5654-4257-8256-4350ee80f754" /><TestMethod codeBase="D:\Users\Steve Knipmeyer\Documents\GitHub\ModelRelief\ModelRelief.test\bin\Debug\netcoreapp2.0\ModelRelief.Test.dll" adapterTypeName="executor://xunit/VsTestRunner2/netcoreapp" className="ModelRelief.Test.Integration.Cameras.CamerasBaseIntegrationTests" name="Post_InvalidReferencePropertyReturnsBadRequest" /></UnitTest><UnitTest name="LucyModel3dHasTwoDependents" storage="d:\users\steve knipmeyer\documents\github\modelrelief\modelrelief.test\bin\debug\netcoreapp2.0\modelrelief.test.dll" id="2968d210-26ae-4f4c-9ac8-da6be0b933a4"><Execution id="c2db02a8-f784-46f9-b46a-974e81f43aa0" /><TestMethod codeBase="D:\Users\Steve Knipmeyer\Documents\GitHub\ModelRelief\ModelRelief.test\bin\Debug\netcoreapp2.0\ModelRelief.Test.dll" adapterTypeName="executor://xunit/VsTestRunner2/netcoreapp" className="ModelRelief.Test.Unit.DependencyManager.DependencyManagerTests" name="LucyModel3dHasTwoDependents" /></UnitTest><UnitTest name="Put_InvalidIdReturnsNotFound" storage="d:\users\steve knipmeyer\documents\github\modelrelief\modelrelief.test\bin\debug\netcoreapp2.0\modelrelief.test.dll" id="5caca5ce-8031-443d-839f-bd9d8bcd677c"><Execution id="ad646f89-90ff-41eb-9005-2c4a0e5adfc6" /><TestMethod codeBase="D:\Users\Steve Knipmeyer\Documents\GitHub\ModelRelief\ModelRelief.test\bin\Debug\netcoreapp2.0\ModelRelief.Test.dll" adapterTypeName="executor://xunit/VsTestRunner2/netcoreapp" className="ModelRelief.Test.Integration.MeshTransforms.MeshTransformsBaseIntegrationTests" name="Put_InvalidIdReturnsNotFound" /></UnitTest><UnitTest name="GetSingle_ValidIdPropertyValueReturnsCorrectModel" storage="d:\users\steve knipmeyer\documents\github\modelrelief\modelrelief.test\bin\debug\netcoreapp2.0\modelrelief.test.dll" id="eba23877-a2c5-4478-a849-41fea9c53bac"><Execution id="80314a0f-a5f9-49b4-af64-8d92a061d756" /><TestMethod codeBase="D:\Users\Steve Knipmeyer\Documents\GitHub\ModelRelief\ModelRelief.test\bin\Debug\netcoreapp2.0\ModelRelief.Test.dll" adapterTypeName="executor://xunit/VsTestRunner2/netcoreapp" className="ModelRelief.Test.Integration.Projects.ProjectsBaseIntegrationTests" name="GetSingle_ValidIdPropertyValueReturnsCorrectModel" /></UnitTest><UnitTest name="Patch_TargetPropertyIsUpdated" storage="d:\users\steve knipmeyer\documents\github\modelrelief\modelrelief.test\bin\debug\netcoreapp2.0\modelrelief.test.dll" id="4b85524e-6ba0-413d-9bd2-454833ac1065"><Execution id="47aa55d5-00d8-446e-8b2d-a5591bceb4b0" /><TestMethod codeBase="D:\Users\Steve Knipmeyer\Documents\GitHub\ModelRelief\ModelRelief.test\bin\Debug\netcoreapp2.0\ModelRelief.Test.dll" adapterTypeName="executor://xunit/VsTestRunner2/netcoreapp" className="ModelRelief.Test.Integration.MeshTransforms.MeshTransformsBaseIntegrationTests" name="Patch_TargetPropertyIsUpdated" /></UnitTest><UnitTest name="Delete_TargetModelIsDeleted" storage="d:\users\steve knipmeyer\documents\github\modelrelief\modelrelief.test\bin\debug\netcoreapp2.0\modelrelief.test.dll" id="72ddcc2e-f742-490f-99c0-7763cb3d289b"><Execution id="5b7b98ab-4f0b-4613-94ff-9d10741bf618" /><TestMethod codeBase="D:\Users\Steve Knipmeyer\Documents\GitHub\ModelRelief\ModelRelief.test\bin\Debug\netcoreapp2.0\ModelRelief.Test.dll" adapterTypeName="executor://xunit/VsTestRunner2/netcoreapp" className="ModelRelief.Test.Integration.Projects.ProjectsBaseIntegrationTests" name="Delete_TargetModelIsDeleted" /></UnitTest><UnitTest name="PutFile_FileCanBeUpdated" storage="d:\users\steve knipmeyer\documents\github\modelrelief\modelrelief.test\bin\debug\netcoreapp2.0\modelrelief.test.dll" id="ca9b5cba-78c1-4013-8068-c8a81a3cba6c"><Execution id="dc2fade1-789b-4986-8eac-aa618a54f6da" /><TestMethod codeBase="D:\Users\Steve Knipmeyer\Documents\GitHub\ModelRelief\ModelRelief.test\bin\Debug\netcoreapp2.0\ModelRelief.Test.dll" adapterTypeName="executor://xunit/VsTestRunner2/netcoreapp" className="ModelRelief.Test.Integration.DepthBuffers.DepthBuffersFileIntegrationTests" name="PutFile_FileCanBeUpdated" /></UnitTest><UnitTest name="Patch_InvalidIdPropertyReturnsNotFound" storage="d:\users\steve knipmeyer\documents\github\modelrelief\modelrelief.test\bin\debug\netcoreapp2.0\modelrelief.test.dll" id="30df80b7-7714-4700-97c6-53d7bb1ccc9a"><Execution id="f42bd6a7-817d-4998-9542-74e378fcd585" /><TestMethod codeBase="D:\Users\Steve Knipmeyer\Documents\GitHub\ModelRelief\ModelRelief.test\bin\Debug\netcoreapp2.0\ModelRelief.Test.dll" adapterTypeName="executor://xunit/VsTestRunner2/netcoreapp" className="ModelRelief.Test.Integration.Cameras.CamerasBaseIntegrationTests" name="Patch_InvalidIdPropertyReturnsNotFound" /></UnitTest><UnitTest name="FileRequest_MeshGenerateSetsFileIsSynchronized" storage="d:\users\steve knipmeyer\documents\github\modelrelief\modelrelief.test\bin\debug\netcoreapp2.0\modelrelief.test.dll" id="2f6c6534-ebab-4c65-a1fc-8051a403bc05"><Execution id="cb79bba5-5692-4539-bf67-0e108f029a0f" /><TestMethod codeBase="D:\Users\Steve Knipmeyer\Documents\GitHub\ModelRelief\ModelRelief.test\bin\Debug\netcoreapp2.0\ModelRelief.Test.dll" adapterTypeName="executor://xunit/VsTestRunner2/netcoreapp" className="ModelRelief.Test.Integration.Meshes.MeshesFileIntegrationTests" name="FileRequest_MeshGenerateSetsFileIsSynchronized" /></UnitTest><UnitTest name="Put_ValidReferencePropertyUpdatesModel" storage="d:\users\steve knipmeyer\documents\github\modelrelief\modelrelief.test\bin\debug\netcoreapp2.0\modelrelief.test.dll" id="0b1143e0-a55a-4269-8ae3-24aa6f4741c5"><Execution id="d483ec53-38aa-4978-9a69-f891b9d6b305" /><TestMethod codeBase="D:\Users\Steve Knipmeyer\Documents\GitHub\ModelRelief\ModelRelief.test\bin\Debug\netcoreapp2.0\ModelRelief.Test.dll" adapterTypeName="executor://xunit/VsTestRunner2/netcoreapp" className="ModelRelief.Test.Integration.Cameras.CamerasBaseIntegrationTests" name="Put_ValidReferencePropertyUpdatesModel" /></UnitTest><UnitTest name="FileRequest_FileCanBeReadAfterRename" storage="d:\users\steve knipmeyer\documents\github\modelrelief\modelrelief.test\bin\debug\netcoreapp2.0\modelrelief.test.dll" id="e0d157dc-7b35-4ef2-a19b-ec2734342afb"><Execution id="72540601-4beb-4522-bd0c-fc3c1431c433" /><TestMethod codeBase="D:\Users\Steve Knipmeyer\Documents\GitHub\ModelRelief\ModelRelief.test\bin\Debug\netcoreapp2.0\ModelRelief.Test.dll" adapterTypeName="executor://xunit/VsTestRunner2/netcoreapp" className="ModelRelief.Test.Integration.Models.ModelsFileIntegrationTests" name="FileRequest_FileCanBeReadAfterRename" /></UnitTest><UnitTest name="Patch_InvalidPropertyNameReturnsBadRequest" storage="d:\users\steve knipmeyer\documents\github\modelrelief\modelrelief.test\bin\debug\netcoreapp2.0\modelrelief.test.dll" id="4d4948df-0015-4e87-ae4d-127a59f13899"><Execution id="9dd9b23f-4174-459e-b827-de87bcad4796" /><TestMethod codeBase="D:\Users\Steve Knipmeyer\Documents\GitHub\ModelRelief\ModelRelief.test\bin\Debug\netcoreapp2.0\ModelRelief.Test.dll" adapterTypeName="executor://xunit/VsTestRunner2/netcoreapp" className="ModelRelief.Test.Integration.Cameras.CamerasBaseIntegrationTests" name="Patch_InvalidPropertyNameReturnsBadRequest" /></UnitTest><UnitTest name="GetFile_NonExistentFileReturnsNotFound" storage="d:\users\steve knipmeyer\documents\github\modelrelief\modelrelief.test\bin\debug\netcoreapp2.0\modelrelief.test.dll" id="445bff7c-b97a-4b56-a051-f059d36662d3"><Execution id="4b11f4aa-1e2f-4823-8ee3-ae359621ab3f" /><TestMethod codeBase="D:\Users\Steve Knipmeyer\Documents\GitHub\ModelRelief\ModelRelief.test\bin\Debug\netcoreapp2.0\ModelRelief.Test.dll" adapterTypeName="executor://xunit/VsTestRunner2/netcoreapp" className="ModelRelief.Test.Integration.Meshes.MeshesFileIntegrationTests" name="GetFile_NonExistentFileReturnsNotFound" /></UnitTest><UnitTest name="GetSingle_ValidIdPropertyValueReturnsCorrectModel" storage="d:\users\steve knipmeyer\documents\github\modelrelief\modelrelief.test\bin\debug\netcoreapp2.0\modelrelief.test.dll" id="500e123f-de9c-4c45-8313-f9f33934d592"><Execution id="12d85c6c-3d62-4371-a52c-d90637d84218" /><TestMethod codeBase="D:\Users\Steve Knipmeyer\Documents\GitHub\ModelRelief\ModelRelief.test\bin\Debug\netcoreapp2.0\ModelRelief.Test.dll" adapterTypeName="executor://xunit/VsTestRunner2/netcoreapp" className="ModelRelief.Test.Integration.Meshes.MeshesBaseIntegrationTests" name="GetSingle_ValidIdPropertyValueReturnsCorrectModel" /></UnitTest><UnitTest name="Post_InvalidPropertyValueReturnsBadRequest" storage="d:\users\steve knipmeyer\documents\github\modelrelief\modelrelief.test\bin\debug\netcoreapp2.0\modelrelief.test.dll" id="2f7c14b9-d77c-4f87-ae29-1c599eb1c61e"><Execution id="e7de5eb5-f87f-4904-8b2a-e91010e640af" /><TestMethod codeBase="D:\Users\Steve Knipmeyer\Documents\GitHub\ModelRelief\ModelRelief.test\bin\Debug\netcoreapp2.0\ModelRelief.Test.dll" adapterTypeName="executor://xunit/VsTestRunner2/netcoreapp" className="ModelRelief.Test.Integration.Meshes.MeshesBaseIntegrationTests" name="Post_InvalidPropertyValueReturnsBadRequest" /></UnitTest><UnitTest name="Post_ValidReferencePropertyCreatesModel" storage="d:\users\steve knipmeyer\documents\github\modelrelief\modelrelief.test\bin\debug\netcoreapp2.0\modelrelief.test.dll" id="a4d57500-7f91-464a-b62c-ddcdfe0c251a"><Execution id="7cb5eb42-6832-4992-84a9-e2f52695802b" /><TestMethod codeBase="D:\Users\Steve Knipmeyer\Documents\GitHub\ModelRelief\ModelRelief.test\bin\Debug\netcoreapp2.0\ModelRelief.Test.dll" adapterTypeName="executor://xunit/VsTestRunner2/netcoreapp" className="ModelRelief.Test.Integration.MeshTransforms.MeshTransformsBaseIntegrationTests" name="Post_ValidReferencePropertyCreatesModel" /></UnitTest><UnitTest name="LucyDepthBufferFindsOneDependent" storage="d:\users\steve knipmeyer\documents\github\modelrelief\modelrelief.test\bin\debug\netcoreapp2.0\modelrelief.test.dll" id="a78c667f-4f7b-431a-9f4f-736abf7b7f9f"><Execution id="79115a0f-e7a6-4687-91a4-597a1d574311" /><TestMethod codeBase="D:\Users\Steve Knipmeyer\Documents\GitHub\ModelRelief\ModelRelief.test\bin\Debug\netcoreapp2.0\ModelRelief.Test.dll" adapterTypeName="executor://xunit/VsTestRunner2/netcoreapp" className="ModelRelief.Test.Unit.DependencyManager.DependencyManagerTests" name="LucyDepthBufferFindsOneDependent" /></UnitTest><UnitTest name="Patch_InvalidReferencePropertyReturnsBadRequest" storage="d:\users\steve knipmeyer\documents\github\modelrelief\modelrelief.test\bin\debug\netcoreapp2.0\modelrelief.test.dll" id="26a0e475-1ccb-44f2-897b-bad806b37ec0"><Execution id="5f47ead4-df69-40df-adb4-b42c6d7fd7a2" /><TestMethod codeBase="D:\Users\Steve Knipmeyer\Documents\GitHub\ModelRelief\ModelRelief.test\bin\Debug\netcoreapp2.0\ModelRelief.Test.dll" adapterTypeName="executor://xunit/VsTestRunner2/netcoreapp" className="ModelRelief.Test.Integration.Projects.ProjectsBaseIntegrationTests" name="Patch_InvalidReferencePropertyReturnsBadRequest" /></UnitTest><UnitTest name="Patch_InvalidReferencePropertyReturnsBadRequest" storage="d:\users\steve knipmeyer\documents\github\modelrelief\modelrelief.test\bin\debug\netcoreapp2.0\modelrelief.test.dll" id="1456019f-4877-40d6-82f7-686496c1fcb2"><Execution id="6c6e5a58-daa1-482e-81cd-78507dea1554" /><TestMethod codeBase="D:\Users\Steve Knipmeyer\Documents\GitHub\ModelRelief\ModelRelief.test\bin\Debug\netcoreapp2.0\ModelRelief.Test.dll" adapterTypeName="executor://xunit/VsTestRunner2/netcoreapp" className="ModelRelief.Test.Integration.Cameras.CamerasBaseIntegrationTests" name="Patch_InvalidReferencePropertyReturnsBadRequest" /></UnitTest><UnitTest name="LucyCameraFindsAllDependents" storage="d:\users\steve knipmeyer\documents\github\modelrelief\modelrelief.test\bin\debug\netcoreapp2.0\modelrelief.test.dll" id="3a7a5e7c-9c50-478f-a8d0-01b097dcaf9c"><Execution id="63107c89-3dee-4dc4-834e-d9845f39daaf" /><TestMethod codeBase="D:\Users\Steve Knipmeyer\Documents\GitHub\ModelRelief\ModelRelief.test\bin\Debug\netcoreapp2.0\ModelRelief.Test.dll" adapterTypeName="executor://xunit/VsTestRunner2/netcoreapp" className="ModelRelief.Test.Unit.DependencyManager.DependencyManagerTests" name="LucyCameraFindsAllDependents" /></UnitTest><UnitTest name="Put_CanUpdateModel" storage="d:\users\steve knipmeyer\documents\github\modelrelief\modelrelief.test\bin\debug\netcoreapp2.0\modelrelief.test.dll" id="70b21b5a-adbd-495c-8bb0-ccb20ba1f9bc"><Execution id="652e6917-6410-47e7-bb44-aed452fb1721" /><TestMethod codeBase="D:\Users\Steve Knipmeyer\Documents\GitHub\ModelRelief\ModelRelief.test\bin\Debug\netcoreapp2.0\ModelRelief.Test.dll" adapterTypeName="executor://xunit/VsTestRunner2/netcoreapp" className="ModelRelief.Test.Integration.DepthBuffers.DepthBuffersBaseIntegrationTests" name="Put_CanUpdateModel" /></UnitTest><UnitTest name="PutFile_FileCanBeUpdated" storage="d:\users\steve knipmeyer\documents\github\modelrelief\modelrelief.test\bin\debug\netcoreapp2.0\modelrelief.test.dll" id="1d460c3f-59b7-412b-8521-dceeb13dcb86"><Execution id="3cc59867-f29b-41c3-9ddf-3ea37f302904" /><TestMethod codeBase="D:\Users\Steve Knipmeyer\Documents\GitHub\ModelRelief\ModelRelief.test\bin\Debug\netcoreapp2.0\ModelRelief.Test.dll" adapterTypeName="executor://xunit/VsTestRunner2/netcoreapp" className="ModelRelief.Test.Integration.Meshes.MeshesFileIntegrationTests" name="PutFile_FileCanBeUpdated" /></UnitTest><UnitTest name="Patch_InvalidPropertyNameReturnsBadRequest" storage="d:\users\steve knipmeyer\documents\github\modelrelief\modelrelief.test\bin\debug\netcoreapp2.0\modelrelief.test.dll" id="10c5c0a8-d671-4693-a93c-7675aaa787b1"><Execution id="51c53ad5-a432-4f8e-9e1f-f1cd30c63c04" /><TestMethod codeBase="D:\Users\Steve Knipmeyer\Documents\GitHub\ModelRelief\ModelRelief.test\bin\Debug\netcoreapp2.0\ModelRelief.Test.dll" adapterTypeName="executor://xunit/VsTestRunner2/netcoreapp" className="ModelRelief.Test.Integration.Projects.ProjectsBaseIntegrationTests" name="Patch_InvalidPropertyNameReturnsBadRequest" /></UnitTest><UnitTest name="Put_CanUpdateModel" storage="d:\users\steve knipmeyer\documents\github\modelrelief\modelrelief.test\bin\debug\netcoreapp2.0\modelrelief.test.dll" id="46377a05-4536-4d02-b257-aef9132d8f99"><Execution id="884bd22a-1726-4521-8e71-000d5451b4a7" /><TestMethod codeBase="D:\Users\Steve Knipmeyer\Documents\GitHub\ModelRelief\ModelRelief.test\bin\Debug\netcoreapp2.0\ModelRelief.Test.dll" adapterTypeName="executor://xunit/VsTestRunner2/netcoreapp" className="ModelRelief.Test.Integration.Meshes.MeshesBaseIntegrationTests" name="Put_CanUpdateModel" /></UnitTest><UnitTest name="Patch_InvalidEnumPropertyValueReturnsBadRequest" storage="d:\users\steve knipmeyer\documents\github\modelrelief\modelrelief.test\bin\debug\netcoreapp2.0\modelrelief.test.dll" id="f1e09379-be15-41df-9e6e-35f3d2de8eab"><Execution id="b00ec7ca-1fcd-41e2-9da9-4685028086e3" /><TestMethod codeBase="D:\Users\Steve Knipmeyer\Documents\GitHub\ModelRelief\ModelRelief.test\bin\Debug\netcoreapp2.0\ModelRelief.Test.dll" adapterTypeName="executor://xunit/VsTestRunner2/netcoreapp" className="ModelRelief.Test.Integration.Cameras.CamerasBaseIntegrationTests" name="Patch_InvalidEnumPropertyValueReturnsBadRequest" /></UnitTest><UnitTest name="Patch_TargetPropertyIsUpdated" storage="d:\users\steve knipmeyer\documents\github\modelrelief\modelrelief.test\bin\debug\netcoreapp2.0\modelrelief.test.dll" id="29e3ed75-01c2-47f2-813c-7b91c650aab4"><Execution id="48b8a714-9baa-4f72-9566-3bac761d8ecd" /><TestMethod codeBase="D:\Users\Steve Knipmeyer\Documents\GitHub\ModelRelief\ModelRelief.test\bin\Debug\netcoreapp2.0\ModelRelief.Test.dll" adapterTypeName="executor://xunit/VsTestRunner2/netcoreapp" className="ModelRelief.Test.Integration.DepthBuffers.DepthBuffersBaseIntegrationTests" name="Patch_TargetPropertyIsUpdated" /></UnitTest><UnitTest name="Patch_MultipleInvalidReferencePropertiesReturnsMultipleValidationErrorsAndBadRequest" storage="d:\users\steve knipmeyer\documents\github\modelrelief\modelrelief.test\bin\debug\netcoreapp2.0\modelrelief.test.dll" id="da98cf50-fc14-4c15-b5a1-78a52e58ce42"><Execution id="327b0fd7-76ae-42f7-a1c1-78f8b25c9fcf" /><TestMethod codeBase="D:\Users\Steve Knipmeyer\Documents\GitHub\ModelRelief\ModelRelief.test\bin\Debug\netcoreapp2.0\ModelRelief.Test.dll" adapterTypeName="executor://xunit/VsTestRunner2/netcoreapp" className="ModelRelief.Test.Integration.Projects.ProjectsBaseIntegrationTests" name="Patch_MultipleInvalidReferencePropertiesReturnsMultipleValidationErrorsAndBadRequest" /></UnitTest><UnitTest name="Patch_TargetPropertyIsUpdated" storage="d:\users\steve knipmeyer\documents\github\modelrelief\modelrelief.test\bin\debug\netcoreapp2.0\modelrelief.test.dll" id="53ee50b0-c705-4f23-bfcd-d4ec21ad9860"><Execution id="a71ecaad-f3e6-4a61-9bde-1e1233e9269b" /><TestMethod codeBase="D:\Users\Steve Knipmeyer\Documents\GitHub\ModelRelief\ModelRelief.test\bin\Debug\netcoreapp2.0\ModelRelief.Test.dll" adapterTypeName="executor://xunit/VsTestRunner2/netcoreapp" className="ModelRelief.Test.Integration.Projects.ProjectsBaseIntegrationTests" name="Patch_TargetPropertyIsUpdated" /></UnitTest><UnitTest name="Patch_InvalidEnumPropertyValueReturnsBadRequest" storage="d:\users\steve knipmeyer\documents\github\modelrelief\modelrelief.test\bin\debug\netcoreapp2.0\modelrelief.test.dll" id="fa0d369e-d0ff-4555-ad20-d273919ad985"><Execution id="06e914d1-542f-4e42-b301-52eb01f269b2" /><TestMethod codeBase="D:\Users\Steve Knipmeyer\Documents\GitHub\ModelRelief\ModelRelief.test\bin\Debug\netcoreapp2.0\ModelRelief.Test.dll" adapterTypeName="executor://xunit/VsTestRunner2/netcoreapp" className="ModelRelief.Test.Integration.Projects.ProjectsBaseIntegrationTests" name="Patch_InvalidEnumPropertyValueReturnsBadRequest" /></UnitTest><UnitTest name="Patch_TargetPropertyIsUpdated" storage="d:\users\steve knipmeyer\documents\github\modelrelief\modelrelief.test\bin\debug\netcoreapp2.0\modelrelief.test.dll" id="36d4defe-c5ee-4425-bbe1-725103342776"><Execution id="a2c115de-6056-4ba3-9a5b-9d00d72f2d7e" /><TestMethod codeBase="D:\Users\Steve Knipmeyer\Documents\GitHub\ModelRelief\ModelRelief.test\bin\Debug\netcoreapp2.0\ModelRelief.Test.dll" adapterTypeName="executor://xunit/VsTestRunner2/netcoreapp" className="ModelRelief.Test.Integration.Models.ModelsBaseIntegrationTests" name="Patch_TargetPropertyIsUpdated" /></UnitTest><UnitTest name="PostFile_NewFileCanBePosted" storage="d:\users\steve knipmeyer\documents\github\modelrelief\modelrelief.test\bin\debug\netcoreapp2.0\modelrelief.test.dll" id="c838c29d-dc1c-412c-bd0a-2ed67cf45f3f"><Execution id="43b658ae-f2cb-4ea5-b1b9-410c6aba5087" /><TestMethod codeBase="D:\Users\Steve Knipmeyer\Documents\GitHub\ModelRelief\ModelRelief.test\bin\Debug\netcoreapp2.0\ModelRelief.Test.dll" adapterTypeName="executor://xunit/VsTestRunner2/netcoreapp" className="ModelRelief.Test.Integration.Meshes.MeshesFileIntegrationTests" name="PostFile_NewFileCanBePosted" /></UnitTest><UnitTest name="Patch_InvalidPropertyNameReturnsBadRequest" storage="d:\users\steve knipmeyer\documents\github\modelrelief\modelrelief.test\bin\debug\netcoreapp2.0\modelrelief.test.dll" id="6757ddbf-bd27-4308-8e2d-7ec198bc3b14"><Execution id="0347a97a-19ca-49f9-8ddb-3b5d7fc6d51e" /><TestMethod codeBase="D:\Users\Steve Knipmeyer\Documents\GitHub\ModelRelief\ModelRelief.test\bin\Debug\netcoreapp2.0\ModelRelief.Test.dll" adapterTypeName="executor://xunit/VsTestRunner2/netcoreapp" className="ModelRelief.Test.Integration.MeshTransforms.MeshTransformsBaseIntegrationTests" name="Patch_InvalidPropertyNameReturnsBadRequest" /></UnitTest><UnitTest name="GetSingle_ValidIdPropertyValueReturnsCorrectModel" storage="d:\users\steve knipmeyer\documents\github\modelrelief\modelrelief.test\bin\debug\netcoreapp2.0\modelrelief.test.dll" id="1254002d-f34c-4ed2-8a46-d052286ab60e"><Execution id="de38a3e2-1614-4e9d-b724-8f218ff8d4d9" /><TestMethod codeBase="D:\Users\Steve Knipmeyer\Documents\GitHub\ModelRelief\ModelRelief.test\bin\Debug\netcoreapp2.0\ModelRelief.Test.dll" adapterTypeName="executor://xunit/VsTestRunner2/netcoreapp" className="ModelRelief.Test.Integration.MeshTransforms.MeshTransformsBaseIntegrationTests" name="GetSingle_ValidIdPropertyValueReturnsCorrectModel" /></UnitTest><UnitTest name="Post_ValidReferencePropertyCreatesModel" storage="d:\users\steve knipmeyer\documents\github\modelrelief\modelrelief.test\bin\debug\netcoreapp2.0\modelrelief.test.dll" id="d2cd5fd8-2853-4792-9897-de4377bfd711"><Execution id="dd6211b1-df16-4f6c-9d3c-428c0a12d367" /><TestMethod codeBase="D:\Users\Steve Knipmeyer\Documents\GitHub\ModelRelief\ModelRelief.test\bin\Debug\netcoreapp2.0\ModelRelief.Test.dll" adapterTypeName="executor://xunit/VsTestRunner2/netcoreapp" className="ModelRelief.Test.Integration.Meshes.MeshesBaseIntegrationTests" name="Post_ValidReferencePropertyCreatesModel" /></UnitTest><UnitTest name="MeshTransformHasExpectedDependentFiles" storage="d:\users\steve knipmeyer\documents\github\modelrelief\modelrelief.test\bin\debug\netcoreapp2.0\modelrelief.test.dll" id="e3938a92-675f-49f7-8526-58168f990d60"><Execution id="13edd520-06bf-4940-b5ec-0a0ef707dbdc" /><TestMethod codeBase="D:\Users\Steve Knipmeyer\Documents\GitHub\ModelRelief\ModelRelief.test\bin\Debug\netcoreapp2.0\ModelRelief.Test.dll" adapterTypeName="executor://xunit/VsTestRunner2/netcoreapp" className="ModelRelief.Test.Unit.DependencyManager.DependencyManagerTests" name="MeshTransformHasExpectedDependentFiles" /></UnitTest><UnitTest name="GetSingle_ValidIdPropertyValueReturnsCorrectModel" storage="d:\users\steve knipmeyer\documents\github\modelrelief\modelrelief.test\bin\debug\netcoreapp2.0\modelrelief.test.dll" id="00462a8f-5a31-4612-bd92-840d720ff881"><Execution id="651a8eec-a52e-4771-a6cc-219fd2a82d03" /><TestMethod codeBase="D:\Users\Steve Knipmeyer\Documents\GitHub\ModelRelief\ModelRelief.test\bin\Debug\netcoreapp2.0\ModelRelief.Test.dll" adapterTypeName="executor://xunit/VsTestRunner2/netcoreapp" className="ModelRelief.Test.Integration.Cameras.CamerasBaseIntegrationTests" name="GetSingle_ValidIdPropertyValueReturnsCorrectModel" /></UnitTest><UnitTest name="Put_InvalidIdReturnsNotFound" storage="d:\users\steve knipmeyer\documents\github\modelrelief\modelrelief.test\bin\debug\netcoreapp2.0\modelrelief.test.dll" id="1f999a85-ab64-4df2-9800-1725275aed9d"><Execution id="5c8f564c-b226-4bf3-b56c-4949412b0dd1" /><TestMethod codeBase="D:\Users\Steve Knipmeyer\Documents\GitHub\ModelRelief\ModelRelief.test\bin\Debug\netcoreapp2.0\ModelRelief.Test.dll" adapterTypeName="executor://xunit/VsTestRunner2/netcoreapp" className="ModelRelief.Test.Integration.Projects.ProjectsBaseIntegrationTests" name="Put_InvalidIdReturnsNotFound" /></UnitTest><UnitTest name="Put_CanUpdateModel" storage="d:\users\steve knipmeyer\documents\github\modelrelief\modelrelief.test\bin\debug\netcoreapp2.0\modelrelief.test.dll" id="ef60443d-072b-4ef2-ae83-b35d0225741a"><Execution id="50daf180-d614-4908-871a-6a5846a533df" /><TestMethod codeBase="D:\Users\Steve Knipmeyer\Documents\GitHub\ModelRelief\ModelRelief.test\bin\Debug\netcoreapp2.0\ModelRelief.Test.dll" adapterTypeName="executor://xunit/VsTestRunner2/netcoreapp" className="ModelRelief.Test.Integration.Models.ModelsBaseIntegrationTests" name="Put_CanUpdateModel" /></UnitTest><UnitTest name="PostFile_FileTimeStampIsUpdatedAfterFileIsPosted" storage="d:\users\steve knipmeyer\documents\github\modelrelief\modelrelief.test\bin\debug\netcoreapp2.0\modelrelief.test.dll" id="17558f45-9f32-4579-850f-00b8d63a4ce5"><Execution id="6cec4bc8-8e4b-417d-923d-1b5b5d270178" /><TestMethod codeBase="D:\Users\Steve Knipmeyer\Documents\GitHub\ModelRelief\ModelRelief.test\bin\Debug\netcoreapp2.0\ModelRelief.Test.dll" adapterTypeName="executor://xunit/VsTestRunner2/netcoreapp" className="ModelRelief.Test.Integration.Meshes.MeshesFileIntegrationTests" name="PostFile_FileTimeStampIsUpdatedAfterFileIsPosted" /></UnitTest><UnitTest name="GetSingle_InvalidIdPropertyValueReturnsNotFound" storage="d:\users\steve knipmeyer\documents\github\modelrelief\modelrelief.test\bin\debug\netcoreapp2.0\modelrelief.test.dll" id="1954465c-7946-4026-993d-0ed243d7bf24"><Execution id="12708adb-deab-4b58-87d1-bd9afc0c8185" /><TestMethod codeBase="D:\Users\Steve Knipmeyer\Documents\GitHub\ModelRelief\ModelRelief.test\bin\Debug\netcoreapp2.0\ModelRelief.Test.dll" adapterTypeName="executor://xunit/VsTestRunner2/netcoreapp" className="ModelRelief.Test.Integration.Cameras.CamerasBaseIntegrationTests" name="GetSingle_InvalidIdPropertyValueReturnsNotFound" /></UnitTest><UnitTest name="Put_InvalidIdReturnsNotFound" storage="d:\users\steve knipmeyer\documents\github\modelrelief\modelrelief.test\bin\debug\netcoreapp2.0\modelrelief.test.dll" id="9e535522-6c2d-4186-ae05-9f4c43849579"><Execution id="ab90ea1d-1b30-4178-9310-a420a41070f7" /><TestMethod codeBase="D:\Users\Steve Knipmeyer\Documents\GitHub\ModelRelief\ModelRelief.test\bin\Debug\netcoreapp2.0\ModelRelief.Test.dll" adapterTypeName="executor://xunit/VsTestRunner2/netcoreapp" className="ModelRelief.Test.Integration.DepthBuffers.DepthBuffersBaseIntegrationTests" name="Put_InvalidIdReturnsNotFound" /></UnitTest><UnitTest name="PostFile_FileIsSynchronizedIsUpdatedAfterFileIsPosted" storage="d:\users\steve knipmeyer\documents\github\modelrelief\modelrelief.test\bin\debug\netcoreapp2.0\modelrelief.test.dll" id="105ba0ad-fb3e-4fc3-a90e-9297889f408a"><Execution id="f701667c-d781-4606-8a09-7aebe42cb50a" /><TestMethod codeBase="D:\Users\Steve Knipmeyer\Documents\GitHub\ModelRelief\ModelRelief.test\bin\Debug\netcoreapp2.0\ModelRelief.Test.dll" adapterTypeName="executor://xunit/VsTestRunner2/netcoreapp" className="ModelRelief.Test.Integration.DepthBuffers.DepthBuffersFileIntegrationTests" name="PostFile_FileIsSynchronizedIsUpdatedAfterFileIsPosted" /></UnitTest><UnitTest name="FileRequest_FileCanBeReadAfterRename" storage="d:\users\steve knipmeyer\documents\github\modelrelief\modelrelief.test\bin\debug\netcoreapp2.0\modelrelief.test.dll" id="d426cd10-d35c-445a-b66c-4ee70e32c3cc"><Execution id="60242a10-0804-4b44-ba19-b6369b7489f0" /><TestMethod codeBase="D:\Users\Steve Knipmeyer\Documents\GitHub\ModelRelief\ModelRelief.test\bin\Debug\netcoreapp2.0\ModelRelief.Test.dll" adapterTypeName="executor://xunit/VsTestRunner2/netcoreapp" className="ModelRelief.Test.Integration.DepthBuffers.DepthBuffersFileIntegrationTests" name="FileRequest_FileCanBeReadAfterRename" /></UnitTest><UnitTest name="Patch_InvalidEnumPropertyValueReturnsBadRequest" storage="d:\users\steve knipmeyer\documents\github\modelrelief\modelrelief.test\bin\debug\netcoreapp2.0\modelrelief.test.dll" id="d12787dd-463c-4c61-98a2-2a200dbc733f"><Execution id="64a678f6-d292-44c1-9f17-3fda9cf82c05" /><TestMethod codeBase="D:\Users\Steve Knipmeyer\Documents\GitHub\ModelRelief\ModelRelief.test\bin\Debug\netcoreapp2.0\ModelRelief.Test.dll" adapterTypeName="executor://xunit/VsTestRunner2/netcoreapp" className="ModelRelief.Test.Integration.MeshTransforms.MeshTransformsBaseIntegrationTests" name="Patch_InvalidEnumPropertyValueReturnsBadRequest" /></UnitTest><UnitTest name="Patch_MultipleInvalidReferencePropertiesReturnsMultipleValidationErrorsAndBadRequest" storage="d:\users\steve knipmeyer\documents\github\modelrelief\modelrelief.test\bin\debug\netcoreapp2.0\modelrelief.test.dll" id="3ad49313-400a-4a85-a85c-fb74ef6fc4ed"><Execution id="fcb7b234-a1c9-4cd7-970f-2100b4e28192" /><TestMethod codeBase="D:\Users\Steve Knipmeyer\Documents\GitHub\ModelRelief\ModelRelief.test\bin\Debug\netcoreapp2.0\ModelRelief.Test.dll" adapterTypeName="executor://xunit/VsTestRunner2/netcoreapp" className="ModelRelief.Test.Integration.DepthBuffers.DepthBuffersBaseIntegrationTests" name="Patch_MultipleInvalidReferencePropertiesReturnsMultipleValidationErrorsAndBadRequest" /></UnitTest><UnitTest name="PutFile_NewFileCanBePut" storage="d:\users\steve knipmeyer\documents\github\modelrelief\modelrelief.test\bin\debug\netcoreapp2.0\modelrelief.test.dll" id="3dac6d7e-fbc8-4853-84a4-b8551aeb2793"><Execution id="1b9b01ca-cfcb-4401-bbc2-47d0dfe3f96b" /><TestMethod codeBase="D:\Users\Steve Knipmeyer\Documents\GitHub\ModelRelief\ModelRelief.test\bin\Debug\netcoreapp2.0\ModelRelief.Test.dll" adapterTypeName="executor://xunit/VsTestRunner2/netcoreapp" className="ModelRelief.Test.Integration.Models.ModelsFileIntegrationTests" name="PutFile_NewFileCanBePut" /></UnitTest><UnitTest name="GetList_ListReturnsCorrectCount" storage="d:\users\steve knipmeyer\documents\github\modelrelief\modelrelief.test\bin\debug\netcoreapp2.0\modelrelief.test.dll" id="05890a43-7bf7-46ad-97d5-16fba3686878"><Execution id="07b967b7-32dc-466b-8a27-637d26eed4f8" /><TestMethod codeBase="D:\Users\Steve Knipmeyer\Documents\GitHub\ModelRelief\ModelRelief.test\bin\Debug\netcoreapp2.0\ModelRelief.Test.dll" adapterTypeName="executor://xunit/VsTestRunner2/netcoreapp" className="ModelRelief.Test.Integration.Cameras.CamerasBaseIntegrationTests" name="GetList_ListReturnsCorrectCount" /></UnitTest><UnitTest name="Put_InvalidReferencePropertyReturndBadRequest" storage="d:\users\steve knipmeyer\documents\github\modelrelief\modelrelief.test\bin\debug\netcoreapp2.0\modelrelief.test.dll" id="697ab5e0-5dfa-4a1c-a92b-2a6bda06fdf2"><Execution id="6649f6c2-a5da-4eb5-93b7-a8f844e13884" /><TestMethod codeBase="D:\Users\Steve Knipmeyer\Documents\GitHub\ModelRelief\ModelRelief.test\bin\Debug\netcoreapp2.0\ModelRelief.Test.dll" adapterTypeName="executor://xunit/VsTestRunner2/netcoreapp" className="ModelRelief.Test.Integration.Cameras.CamerasBaseIntegrationTests" name="Put_InvalidReferencePropertyReturndBadRequest" /></UnitTest><UnitTest name="Patch_InvalidPropertyNameReturnsBadRequest" storage="d:\users\steve knipmeyer\documents\github\modelrelief\modelrelief.test\bin\debug\netcoreapp2.0\modelrelief.test.dll" id="81dcec78-5ff7-4a12-a616-7a6e425a7aad"><Execution id="340da26d-ed66-4ee6-8a35-0376aa8cc2bd" /><TestMethod codeBase="D:\Users\Steve Knipmeyer\Documents\GitHub\ModelRelief\ModelRelief.test\bin\Debug\netcoreapp2.0\ModelRelief.Test.dll" adapterTypeName="executor://xunit/VsTestRunner2/netcoreapp" className="ModelRelief.Test.Integration.Models.ModelsBaseIntegrationTests" name="Patch_InvalidPropertyNameReturnsBadRequest" /></UnitTest><UnitTest name="Patch_InvalidEnumPropertyValueReturnsBadRequest" storage="d:\users\steve knipmeyer\documents\github\modelrelief\modelrelief.test\bin\debug\netcoreapp2.0\modelrelief.test.dll" id="aba61080-2001-4fa9-98f3-86246d890549"><Execution id="c78d5551-b6ec-4027-a3b4-d9c7f1ac7834" /><TestMethod codeBase="D:\Users\Steve Knipmeyer\Documents\GitHub\ModelRelief\ModelRelief.test\bin\Debug\netcoreapp2.0\ModelRelief.Test.dll" adapterTypeName="executor://xunit/VsTestRunner2/netcoreapp" className="ModelRelief.Test.Integration.Meshes.MeshesBaseIntegrationTests" name="Patch_InvalidEnumPropertyValueReturnsBadRequest" /></UnitTest><UnitTest name="Patch_MultipleInvalidReferencePropertiesReturnsMultipleValidationErrorsAndBadRequest" storage="d:\users\steve knipmeyer\documents\github\modelrelief\modelrelief.test\bin\debug\netcoreapp2.0\modelrelief.test.dll" id="f699d54a-48be-43af-bd47-759cfeefbecb"><Execution id="1a543a96-aa23-4064-a5af-6cca710c999b" /><TestMethod codeBase="D:\Users\Steve Knipmeyer\Documents\GitHub\ModelRelief\ModelRelief.test\bin\Debug\netcoreapp2.0\ModelRelief.Test.dll" adapterTypeName="executor://xunit/VsTestRunner2/netcoreapp" className="ModelRelief.Test.Integration.Models.ModelsBaseIntegrationTests" name="Patch_MultipleInvalidReferencePropertiesReturnsMultipleValidationErrorsAndBadRequest" /></UnitTest><UnitTest name="Put_ValidReferencePropertyUpdatesModel" storage="d:\users\steve knipmeyer\documents\github\modelrelief\modelrelief.test\bin\debug\netcoreapp2.0\modelrelief.test.dll" id="083d1655-3830-4c03-9c38-07b03f037c45"><Execution id="96d104bb-f5a4-4aa9-b815-a55ebfeaa331" /><TestMethod codeBase="D:\Users\Steve Knipmeyer\Documents\GitHub\ModelRelief\ModelRelief.test\bin\Debug\netcoreapp2.0\ModelRelief.Test.dll" adapterTypeName="executor://xunit/VsTestRunner2/netcoreapp" className="ModelRelief.Test.Integration.Models.ModelsBaseIntegrationTests" name="Put_ValidReferencePropertyUpdatesModel" /></UnitTest><UnitTest name="Patch_TargetPropertyIsUpdated" storage="d:\users\steve knipmeyer\documents\github\modelrelief\modelrelief.test\bin\debug\netcoreapp2.0\modelrelief.test.dll" id="5b39cf3d-e245-49d1-b699-acd0aa6d0e83"><Execution id="10d718de-f8f7-4af2-9400-153dbea937f7" /><TestMethod codeBase="D:\Users\Steve Knipmeyer\Documents\GitHub\ModelRelief\ModelRelief.test\bin\Debug\netcoreapp2.0\ModelRelief.Test.dll" adapterTypeName="executor://xunit/VsTestRunner2/netcoreapp" className="ModelRelief.Test.Integration.Meshes.MeshesBaseIntegrationTests" name="Patch_TargetPropertyIsUpdated" /></UnitTest><UnitTest name="FileRequest_DepthBufferIsInvalidatedAfterCameraDependencyPropertyChange" storage="d:\users\steve knipmeyer\documents\github\modelrelief\modelrelief.test\bin\debug\netcoreapp2.0\modelrelief.test.dll" id="da48d249-f5cf-48b4-a7f3-60c269350a35"><Execution id="3144843f-0c44-415e-836c-d9e4390d7875" /><TestMethod codeBase="D:\Users\Steve Knipmeyer\Documents\GitHub\ModelRelief\ModelRelief.test\bin\Debug\netcoreapp2.0\ModelRelief.Test.dll" adapterTypeName="executor://xunit/VsTestRunner2/netcoreapp" className="ModelRelief.Test.Integration.DepthBuffers.DepthBuffersFileIntegrationTests" name="FileRequest_DepthBufferIsInvalidatedAfterCameraDependencyPropertyChange" /></UnitTest><UnitTest name="Post_CanCreateNewModel" storage="d:\users\steve knipmeyer\documents\github\modelrelief\modelrelief.test\bin\debug\netcoreapp2.0\modelrelief.test.dll" id="e2895705-b5e8-4e97-93a5-5dd0cf62a6ae"><Execution id="381ce341-8895-4c70-b000-ecf8e47419ef" /><TestMethod codeBase="D:\Users\Steve Knipmeyer\Documents\GitHub\ModelRelief\ModelRelief.test\bin\Debug\netcoreapp2.0\ModelRelief.Test.dll" adapterTypeName="executor://xunit/VsTestRunner2/netcoreapp" className="ModelRelief.Test.Integration.DepthBuffers.DepthBuffersBaseIntegrationTests" name="Post_CanCreateNewModel" /></UnitTest><UnitTest name="Post_InvalidPropertyValueReturnsBadRequest" storage="d:\users\steve knipmeyer\documents\github\modelrelief\modelrelief.test\bin\debug\netcoreapp2.0\modelrelief.test.dll" id="298699e2-a7fc-48c3-be32-aaba3fc144d3"><Execution id="192afae7-d405-4c7c-9bc5-c8437476855c" /><TestMethod codeBase="D:\Users\Steve Knipmeyer\Documents\GitHub\ModelRelief\ModelRelief.test\bin\Debug\netcoreapp2.0\ModelRelief.Test.dll" adapterTypeName="executor://xunit/VsTestRunner2/netcoreapp" className="ModelRelief.Test.Integration.Projects.ProjectsBaseIntegrationTests" name="Post_InvalidPropertyValueReturnsBadRequest" /></UnitTest><UnitTest name="Patch_InvalidIdPropertyReturnsNotFound" storage="d:\users\steve knipmeyer\documents\github\modelrelief\modelrelief.test\bin\debug\netcoreapp2.0\modelrelief.test.dll" id="7aa2690c-2450-415f-ba3b-b08413a382a9"><Execution id="c93d85d6-57fa-492d-a12b-da5f7252b7b5" /><TestMethod codeBase="D:\Users\Steve Knipmeyer\Documents\GitHub\ModelRelief\ModelRelief.test\bin\Debug\netcoreapp2.0\ModelRelief.Test.dll" adapterTypeName="executor://xunit/VsTestRunner2/netcoreapp" className="ModelRelief.Test.Integration.MeshTransforms.MeshTransformsBaseIntegrationTests" name="Patch_InvalidIdPropertyReturnsNotFound" /></UnitTest><UnitTest name="Put_InvalidIdReturnsNotFound" storage="d:\users\steve knipmeyer\documents\github\modelrelief\modelrelief.test\bin\debug\netcoreapp2.0\modelrelief.test.dll" id="bc182f3f-6f88-45d0-9f15-2c5cd6c62714"><Execution id="7e621515-9c5f-418a-9687-3cb659f6d344" /><TestMethod codeBase="D:\Users\Steve Knipmeyer\Documents\GitHub\ModelRelief\ModelRelief.test\bin\Debug\netcoreapp2.0\ModelRelief.Test.dll" adapterTypeName="executor://xunit/VsTestRunner2/netcoreapp" className="ModelRelief.Test.Integration.Cameras.CamerasBaseIntegrationTests" name="Put_InvalidIdReturnsNotFound" /></UnitTest><UnitTest name="Post_ValidReferencePropertyCreatesModel" storage="d:\users\steve knipmeyer\documents\github\modelrelief\modelrelief.test\bin\debug\netcoreapp2.0\modelrelief.test.dll" id="ba3ecd74-1feb-4087-ad4b-b7520db9bc39"><Execution id="20d8baf7-4cb1-4171-9af4-be3d071abb15" /><TestMethod codeBase="D:\Users\Steve Knipmeyer\Documents\GitHub\ModelRelief\ModelRelief.test\bin\Debug\netcoreapp2.0\ModelRelief.Test.dll" adapterTypeName="executor://xunit/VsTestRunner2/netcoreapp" className="ModelRelief.Test.Integration.Projects.ProjectsBaseIntegrationTests" name="Post_ValidReferencePropertyCreatesModel" /></UnitTest><UnitTest name="Patch_ValidReferencePropertyUpdatesModel" storage="d:\users\steve knipmeyer\documents\github\modelrelief\modelrelief.test\bin\debug\netcoreapp2.0\modelrelief.test.dll" id="76fc9a4f-1720-4a1e-85c0-1dd0537380e5"><Execution id="16c386e7-57da-45c0-935b-ca9007242760" /><TestMethod codeBase="D:\Users\Steve Knipmeyer\Documents\GitHub\ModelRelief\ModelRelief.test\bin\Debug\netcoreapp2.0\ModelRelief.Test.dll" adapterTypeName="executor://xunit/VsTestRunner2/netcoreapp" className="ModelRelief.Test.Integration.DepthBuffers.DepthBuffersBaseIntegrationTests" name="Patch_ValidReferencePropertyUpdatesModel" /></UnitTest><UnitTest name="CameraHasExpectedDependentFiles" storage="d:\users\steve knipmeyer\documents\github\modelrelief\modelrelief.test\bin\debug\netcoreapp2.0\modelrelief.test.dll" id="1a02dcb9-f94c-41bd-ab49-f92b6a8ebe1b"><Execution id="7846085d-7793-42c6-b269-594c2b4e7b12" /><TestMethod codeBase="D:\Users\Steve Knipmeyer\Documents\GitHub\ModelRelief\ModelRelief.test\bin\Debug\netcoreapp2.0\ModelRelief.Test.dll" adapterTypeName="executor://xunit/VsTestRunner2/netcoreapp" className="ModelRelief.Test.Unit.DependencyManager.DependencyManagerTests" name="CameraHasExpectedDependentFiles" /></UnitTest><UnitTest name="Patch_InvalidEnumPropertyValueReturnsBadRequest" storage="d:\users\steve knipmeyer\documents\github\modelrelief\modelrelief.test\bin\debug\netcoreapp2.0\modelrelief.test.dll" id="05e94e67-e6a4-45b3-a7c7-400d291b0763"><Execution id="b28c943e-5f21-4102-b03e-e9434b8ea9f4" /><TestMethod codeBase="D:\Users\Steve Knipmeyer\Documents\GitHub\ModelRelief\ModelRelief.test\bin\Debug\netcoreapp2.0\ModelRelief.Test.dll" adapterTypeName="executor://xunit/VsTestRunner2/netcoreapp" className="ModelRelief.Test.Integration.Models.ModelsBaseIntegrationTests" name="Patch_InvalidEnumPropertyValueReturnsBadRequest" /></UnitTest><UnitTest name="DepthBufferHasExpectedDependentFiles" storage="d:\users\steve knipmeyer\documents\github\modelrelief\modelrelief.test\bin\debug\netcoreapp2.0\modelrelief.test.dll" id="8ff5f2d0-8619-41af-aef0-e7a91b593b70"><Execution id="e901558e-8056-408f-aed2-b44a8e8b1137" /><TestMethod codeBase="D:\Users\Steve Knipmeyer\Documents\GitHub\ModelRelief\ModelRelief.test\bin\Debug\netcoreapp2.0\ModelRelief.Test.dll" adapterTypeName="executor://xunit/VsTestRunner2/netcoreapp" className="ModelRelief.Test.Unit.DependencyManager.DependencyManagerTests" name="DepthBufferHasExpectedDependentFiles" /></UnitTest><UnitTest name="Patch_InvalidEnumPropertyValueReturnsBadRequest" storage="d:\users\steve knipmeyer\documents\github\modelrelief\modelrelief.test\bin\debug\netcoreapp2.0\modelrelief.test.dll" id="64a23686-3ac2-447b-9a53-bad6d5281064"><Execution id="458cf1fb-211f-44a7-b2aa-e1d1996e3631" /><TestMethod codeBase="D:\Users\Steve Knipmeyer\Documents\GitHub\ModelRelief\ModelRelief.test\bin\Debug\netcoreapp2.0\ModelRelief.Test.dll" adapterTypeName="executor://xunit/VsTestRunner2/netcoreapp" className="ModelRelief.Test.Integration.DepthBuffers.DepthBuffersBaseIntegrationTests" name="Patch_InvalidEnumPropertyValueReturnsBadRequest" /></UnitTest><UnitTest name="GetSingle_InvalidIdPropertyValueReturnsNotFound" storage="d:\users\steve knipmeyer\documents\github\modelrelief\modelrelief.test\bin\debug\netcoreapp2.0\modelrelief.test.dll" id="dfe116a1-7692-447c-8868-5c392181b8f3"><Execution id="f476a617-0a48-4f34-a43e-d71ccf9ddf43" /><TestMethod codeBase="D:\Users\Steve Knipmeyer\Documents\GitHub\ModelRelief\ModelRelief.test\bin\Debug\netcoreapp2.0\ModelRelief.Test.dll" adapterTypeName="executor://xunit/VsTestRunner2/netcoreapp" className="ModelRelief.Test.Integration.DepthBuffers.DepthBuffersBaseIntegrationTests" name="GetSingle_InvalidIdPropertyValueReturnsNotFound" /></UnitTest><UnitTest name="GetFile_NonExistentFileReturnsNotFound" storage="d:\users\steve knipmeyer\documents\github\modelrelief\modelrelief.test\bin\debug\netcoreapp2.0\modelrelief.test.dll" id="49056bfa-8aa7-4d80-bc46-2ba2073527bf"><Execution id="f107ab37-b88d-4eeb-a52b-499615d42af2" /><TestMethod codeBase="D:\Users\Steve Knipmeyer\Documents\GitHub\ModelRelief\ModelRelief.test\bin\Debug\netcoreapp2.0\ModelRelief.Test.dll" adapterTypeName="executor://xunit/VsTestRunner2/netcoreapp" className="ModelRelief.Test.Integration.DepthBuffers.DepthBuffersFileIntegrationTests" name="GetFile_NonExistentFileReturnsNotFound" /></UnitTest><UnitTest name="GetList_ListReturnsCorrectCount" storage="d:\users\steve knipmeyer\documents\github\modelrelief\modelrelief.test\bin\debug\netcoreapp2.0\modelrelief.test.dll" id="04c58be6-ce7e-4786-a905-fe08f12a1df6"><Execution id="97f98760-d3db-4da3-8df1-aee110353e5a" /><TestMethod codeBase="D:\Users\Steve Knipmeyer\Documents\GitHub\ModelRelief\ModelRelief.test\bin\Debug\netcoreapp2.0\ModelRelief.Test.dll" adapterTypeName="executor://xunit/VsTestRunner2/netcoreapp" className="ModelRelief.Test.Integration.Models.ModelsBaseIntegrationTests" name="GetList_ListReturnsCorrectCount" /></UnitTest><UnitTest name="GetList_ListReturnsCorrectCount" storage="d:\users\steve knipmeyer\documents\github\modelrelief\modelrelief.test\bin\debug\netcoreapp2.0\modelrelief.test.dll" id="d03c1cae-56b9-4afe-92d4-f3b4ea18d0dd"><Execution id="4cab7e5a-45e4-4f93-b6c3-ceecfbe9eba4" /><TestMethod codeBase="D:\Users\Steve Knipmeyer\Documents\GitHub\ModelRelief\ModelRelief.test\bin\Debug\netcoreapp2.0\ModelRelief.Test.dll" adapterTypeName="executor://xunit/VsTestRunner2/netcoreapp" className="ModelRelief.Test.Integration.DepthBuffers.DepthBuffersBaseIntegrationTests" name="GetList_ListReturnsCorrectCount" /></UnitTest><UnitTest name="Patch_ValidReferencePropertyUpdatesModel" storage="d:\users\steve knipmeyer\documents\github\modelrelief\modelrelief.test\bin\debug\netcoreapp2.0\modelrelief.test.dll" id="365f1d18-8e81-4002-9622-49c274cd5641"><Execution id="6f0ebb1d-62e9-4959-bdc2-069d48bad9d9" /><TestMethod codeBase="D:\Users\Steve Knipmeyer\Documents\GitHub\ModelRelief\ModelRelief.test\bin\Debug\netcoreapp2.0\ModelRelief.Test.dll" adapterTypeName="executor://xunit/VsTestRunner2/netcoreapp" className="ModelRelief.Test.Integration.Models.ModelsBaseIntegrationTests" name="Patch_ValidReferencePropertyUpdatesModel" /></UnitTest><UnitTest name="Patch_InvalidReferencePropertyReturnsBadRequest" storage="d:\users\steve knipmeyer\documents\github\modelrelief\modelrelief.test\bin\debug\netcoreapp2.0\modelrelief.test.dll" id="558434bd-5765-443d-bed1-a7e82e58ae87"><Execution id="736f5ae8-08b2-489c-8874-6c2ec7efec88" /><TestMethod codeBase="D:\Users\Steve Knipmeyer\Documents\GitHub\ModelRelief\ModelRelief.test\bin\Debug\netcoreapp2.0\ModelRelief.Test.dll" adapterTypeName="executor://xunit/VsTestRunner2/netcoreapp" className="ModelRelief.Test.Integration.Models.ModelsBaseIntegrationTests" name="Patch_InvalidReferencePropertyReturnsBadRequest" /></UnitTest><UnitTest name="Delete_TargetModelIsDeleted" storage="d:\users\steve knipmeyer\documents\github\modelrelief\modelrelief.test\bin\debug\netcoreapp2.0\modelrelief.test.dll" id="4f5a83eb-19b4-4526-ba1a-46bffcc401a2"><Execution id="81412f6a-10b4-4937-8c18-314da8095693" /><TestMethod codeBase="D:\Users\Steve Knipmeyer\Documents\GitHub\ModelRelief\ModelRelief.test\bin\Debug\netcoreapp2.0\ModelRelief.Test.dll" adapterTypeName="executor://xunit/VsTestRunner2/netcoreapp" className="ModelRelief.Test.Integration.DepthBuffers.DepthBuffersBaseIntegrationTests" name="Delete_TargetModelIsDeleted" /></UnitTest><UnitTest name="Post_InvalidReferencePropertyReturnsBadRequest" storage="d:\users\steve knipmeyer\documents\github\modelrelief\modelrelief.test\bin\debug\netcoreapp2.0\modelrelief.test.dll" id="271eab4c-7c62-4091-bbc2-f2bc3a5c98a9"><Execution id="9512d2df-9f16-4428-93f3-522d5951c24d" /><TestMethod codeBase="D:\Users\Steve Knipmeyer\Documents\GitHub\ModelRelief\ModelRelief.test\bin\Debug\netcoreapp2.0\ModelRelief.Test.dll" adapterTypeName="executor://xunit/VsTestRunner2/netcoreapp" className="ModelRelief.Test.Integration.Models.ModelsBaseIntegrationTests" name="Post_InvalidReferencePropertyReturnsBadRequest" /></UnitTest><UnitTest name="GetSingle_InvalidIdPropertyValueReturnsNotFound" storage="d:\users\steve knipmeyer\documents\github\modelrelief\modelrelief.test\bin\debug\netcoreapp2.0\modelrelief.test.dll" id="4a709507-c1ac-4477-aefc-3c332c84ad78"><Execution id="75ff214d-e110-4205-9f43-1cfc55d14284" /><TestMethod codeBase="D:\Users\Steve Knipmeyer\Documents\GitHub\ModelRelief\ModelRelief.test\bin\Debug\netcoreapp2.0\ModelRelief.Test.dll" adapterTypeName="executor://xunit/VsTestRunner2/netcoreapp" className="ModelRelief.Test.Integration.Meshes.MeshesBaseIntegrationTests" name="GetSingle_InvalidIdPropertyValueReturnsNotFound" /></UnitTest><UnitTest name="PostFile_NewFileCanBePosted" storage="d:\users\steve knipmeyer\documents\github\modelrelief\modelrelief.test\bin\debug\netcoreapp2.0\modelrelief.test.dll" id="e80eddff-d96a-452f-94c6-fc7776b2dd59"><Execution id="fa525106-fdf8-4395-b806-f414c1cc90cb" /><TestMethod codeBase="D:\Users\Steve Knipmeyer\Documents\GitHub\ModelRelief\ModelRelief.test\bin\Debug\netcoreapp2.0\ModelRelief.Test.dll" adapterTypeName="executor://xunit/VsTestRunner2/netcoreapp" className="ModelRelief.Test.Integration.Models.ModelsFileIntegrationTests" name="PostFile_NewFileCanBePosted" /></UnitTest><UnitTest name="Post_ValidReferencePropertyCreatesModel" storage="d:\users\steve knipmeyer\documents\github\modelrelief\modelrelief.test\bin\debug\netcoreapp2.0\modelrelief.test.dll" id="1ec5e6eb-a3ac-4b2d-a30d-25658c8280c2"><Execution id="49f96c65-f4a5-4a85-92d1-b9e5cb0f4b00" /><TestMethod codeBase="D:\Users\Steve Knipmeyer\Documents\GitHub\ModelRelief\ModelRelief.test\bin\Debug\netcoreapp2.0\ModelRelief.Test.dll" adapterTypeName="executor://xunit/VsTestRunner2/netcoreapp" className="ModelRelief.Test.Integration.Models.ModelsBaseIntegrationTests" name="Post_ValidReferencePropertyCreatesModel" /></UnitTest><UnitTest name="Post_ValidReferencePropertyCreatesModel" storage="d:\users\steve knipmeyer\documents\github\modelrelief\modelrelief.test\bin\debug\netcoreapp2.0\modelrelief.test.dll" id="4c6ae0c8-ea2c-4221-884b-b984e8df797e"><Execution id="a4dd8aca-60dd-49d0-9ebc-a5db0778acbe" /><TestMethod codeBase="D:\Users\Steve Knipmeyer\Documents\GitHub\ModelRelief\ModelRelief.test\bin\Debug\netcoreapp2.0\ModelRelief.Test.dll" adapterTypeName="executor://xunit/VsTestRunner2/netcoreapp" className="ModelRelief.Test.Integration.Cameras.CamerasBaseIntegrationTests" name="Post_ValidReferencePropertyCreatesModel" /></UnitTest><UnitTest name="Post_CanCreateNewModel" storage="d:\users\steve knipmeyer\documents\github\modelrelief\modelrelief.test\bin\debug\netcoreapp2.0\modelrelief.test.dll" id="306f60ac-524f-4a62-9eae-bd2704ed0178"><Execution id="64eae039-9b95-4631-a936-e4422f233c0f" /><TestMethod codeBase="D:\Users\Steve Knipmeyer\Documents\GitHub\ModelRelief\ModelRelief.test\bin\Debug\netcoreapp2.0\ModelRelief.Test.dll" adapterTypeName="executor://xunit/VsTestRunner2/netcoreapp" className="ModelRelief.Test.Integration.Cameras.CamerasBaseIntegrationTests" name="Post_CanCreateNewModel" /></UnitTest><UnitTest name="GetFile_FileCanBeRoundTripped" storage="d:\users\steve knipmeyer\documents\github\modelrelief\modelrelief.test\bin\debug\netcoreapp2.0\modelrelief.test.dll" id="e1a367fe-7e2a-4d5d-9d8c-c86dda519ff0"><Execution id="9dc0d60c-4fc8-41c5-94c2-8fed352a372b" /><TestMethod codeBase="D:\Users\Steve Knipmeyer\Documents\GitHub\ModelRelief\ModelRelief.test\bin\Debug\netcoreapp2.0\ModelRelief.Test.dll" adapterTypeName="executor://xunit/VsTestRunner2/netcoreapp" className="ModelRelief.Test.Integration.DepthBuffers.DepthBuffersFileIntegrationTests" name="GetFile_FileCanBeRoundTripped" /></UnitTest><UnitTest name="GetFile_NonExistentFileReturnsNotFound" storage="d:\users\steve knipmeyer\documents\github\modelrelief\modelrelief.test\bin\debug\netcoreapp2.0\modelrelief.test.dll" id="18781b13-7e53-4544-9e7d-8c11c5529434"><Execution id="d36c49a8-9610-416b-98f5-f9f78f0748bd" /><TestMethod codeBase="D:\Users\Steve Knipmeyer\Documents\GitHub\ModelRelief\ModelRelief.test\bin\Debug\netcoreapp2.0\ModelRelief.Test.dll" adapterTypeName="executor://xunit/VsTestRunner2/netcoreapp" className="ModelRelief.Test.Integration.Models.ModelsFileIntegrationTests" name="GetFile_NonExistentFileReturnsNotFound" /></UnitTest><UnitTest name="GetSingle_InvalidIdPropertyValueReturnsNotFound" storage="d:\users\steve knipmeyer\documents\github\modelrelief\modelrelief.test\bin\debug\netcoreapp2.0\modelrelief.test.dll" id="08a3442f-631a-4604-8bc1-9f0623229417"><Execution id="ba2fefca-22f7-45cd-a67e-9492f6be4635" /><TestMethod codeBase="D:\Users\Steve Knipmeyer\Documents\GitHub\ModelRelief\ModelRelief.test\bin\Debug\netcoreapp2.0\ModelRelief.Test.dll" adapterTypeName="executor://xunit/VsTestRunner2/netcoreapp" className="ModelRelief.Test.Integration.Projects.ProjectsBaseIntegrationTests" name="GetSingle_InvalidIdPropertyValueReturnsNotFound" /></UnitTest><UnitTest name="Put_InvalidReferencePropertyReturndBadRequest" storage="d:\users\steve knipmeyer\documents\github\modelrelief\modelrelief.test\bin\debug\netcoreapp2.0\modelrelief.test.dll" id="ff3ae312-3207-431f-b71a-f8bd31494e73"><Execution id="806c7249-1ae4-41c8-b639-eb92600d8200" /><TestMethod codeBase="D:\Users\Steve Knipmeyer\Documents\GitHub\ModelRelief\ModelRelief.test\bin\Debug\netcoreapp2.0\ModelRelief.Test.dll" adapterTypeName="executor://xunit/VsTestRunner2/netcoreapp" className="ModelRelief.Test.Integration.MeshTransforms.MeshTransformsBaseIntegrationTests" name="Put_InvalidReferencePropertyReturndBadRequest" /></UnitTest><UnitTest name="Delete_TargetModelIsDeleted" storage="d:\users\steve knipmeyer\documents\github\modelrelief\modelrelief.test\bin\debug\netcoreapp2.0\modelrelief.test.dll" id="9f159f20-82c8-4f1e-acc8-ef51b16cff1c"><Execution id="29e13154-541f-4b1c-ba75-9cd5effa369c" /><TestMethod codeBase="D:\Users\Steve Knipmeyer\Documents\GitHub\ModelRelief\ModelRelief.test\bin\Debug\netcoreapp2.0\ModelRelief.Test.dll" adapterTypeName="executor://xunit/VsTestRunner2/netcoreapp" className="ModelRelief.Test.Integration.MeshTransforms.MeshTransformsBaseIntegrationTests" name="Delete_TargetModelIsDeleted" /></UnitTest><UnitTest name="Patch_InvalidReferencePropertyReturnsBadRequest" storage="d:\users\steve knipmeyer\documents\github\modelrelief\modelrelief.test\bin\debug\netcoreapp2.0\modelrelief.test.dll" id="387ee987-760f-410a-b658-72b4adb4130c"><Execution id="d507d472-4d2e-43b6-aae3-df66607b6ded" /><TestMethod codeBase="D:\Users\Steve Knipmeyer\Documents\GitHub\ModelRelief\ModelRelief.test\bin\Debug\netcoreapp2.0\ModelRelief.Test.dll" adapterTypeName="executor://xunit/VsTestRunner2/netcoreapp" className="ModelRelief.Test.Integration.MeshTransforms.MeshTransformsBaseIntegrationTests" name="Patch_InvalidReferencePropertyReturnsBadRequest" /></UnitTest><UnitTest name="Patch_TargetPropertyIsUpdated" storage="d:\users\steve knipmeyer\documents\github\modelrelief\modelrelief.test\bin\debug\netcoreapp2.0\modelrelief.test.dll" id="7f86ef85-c8c4-4fa5-85cc-a5568b9b88ce"><Execution id="f71b2401-136f-4ff6-8c4e-f705c3e302dd" /><TestMethod codeBase="D:\Users\Steve Knipmeyer\Documents\GitHub\ModelRelief\ModelRelief.test\bin\Debug\netcoreapp2.0\ModelRelief.Test.dll" adapterTypeName="executor://xunit/VsTestRunner2/netcoreapp" className="ModelRelief.Test.Integration.Cameras.CamerasBaseIntegrationTests" name="Patch_TargetPropertyIsUpdated" /></UnitTest><UnitTest name="Put_CanUpdateModel" storage="d:\users\steve knipmeyer\documents\github\modelrelief\modelrelief.test\bin\debug\netcoreapp2.0\modelrelief.test.dll" id="21af9ac2-f983-42db-baf3-85e873d04aae"><Execution id="b6b906c6-30a3-4cf6-915a-c19856b79328" /><TestMethod codeBase="D:\Users\Steve Knipmeyer\Documents\GitHub\ModelRelief\ModelRelief.test\bin\Debug\netcoreapp2.0\ModelRelief.Test.dll" adapterTypeName="executor://xunit/VsTestRunner2/netcoreapp" className="ModelRelief.Test.Integration.Projects.ProjectsBaseIntegrationTests" name="Put_CanUpdateModel" /></UnitTest><UnitTest name="Put_InvalidIdReturnsNotFound" storage="d:\users\steve knipmeyer\documents\github\modelrelief\modelrelief.test\bin\debug\netcoreapp2.0\modelrelief.test.dll" id="147f7231-f6d8-4eaf-ac19-f0f413b6d610"><Execution id="ea46a9e4-5b67-41a5-a841-e6056c5ad5dd" /><TestMethod codeBase="D:\Users\Steve Knipmeyer\Documents\GitHub\ModelRelief\ModelRelief.test\bin\Debug\netcoreapp2.0\ModelRelief.Test.dll" adapterTypeName="executor://xunit/VsTestRunner2/netcoreapp" className="ModelRelief.Test.Integration.Models.ModelsBaseIntegrationTests" name="Put_InvalidIdReturnsNotFound" /></UnitTest><UnitTest name="Post_InvalidReferencePropertyReturnsBadRequest" storage="d:\users\steve knipmeyer\documents\github\modelrelief\modelrelief.test\bin\debug\netcoreapp2.0\modelrelief.test.dll" id="e0cf05ac-275a-4c60-bf74-ddbd8ee1df49"><Execution id="fc641a28-4056-43e8-b784-baaad7a5e590" /><TestMethod codeBase="D:\Users\Steve Knipmeyer\Documents\GitHub\ModelRelief\ModelRelief.test\bin\Debug\netcoreapp2.0\ModelRelief.Test.dll" adapterTypeName="executor://xunit/VsTestRunner2/netcoreapp" className="ModelRelief.Test.Integration.MeshTransforms.MeshTransformsBaseIntegrationTests" name="Post_InvalidReferencePropertyReturnsBadRequest" /></UnitTest><UnitTest name="Patch_InvalidPropertyNameReturnsBadRequest" storage="d:\users\steve knipmeyer\documents\github\modelrelief\modelrelief.test\bin\debug\netcoreapp2.0\modelrelief.test.dll" id="4f9a1bc6-6606-4f97-93b4-255bc49ed2b2"><Execution id="a9ff16ec-dda2-42cb-8194-c41a8ec0acb3" /><TestMethod codeBase="D:\Users\Steve Knipmeyer\Documents\GitHub\ModelRelief\ModelRelief.test\bin\Debug\netcoreapp2.0\ModelRelief.Test.dll" adapterTypeName="executor://xunit/VsTestRunner2/netcoreapp" className="ModelRelief.Test.Integration.Meshes.MeshesBaseIntegrationTests" name="Patch_InvalidPropertyNameReturnsBadRequest" /></UnitTest><UnitTest name="Model3dHasExpectedDependentFiles" storage="d:\users\steve knipmeyer\documents\github\modelrelief\modelrelief.test\bin\debug\netcoreapp2.0\modelrelief.test.dll" id="b2558f2b-d575-4ba8-b011-511d18e2bea0"><Execution id="d3f5830a-a14a-4add-a003-ebc61ac97c36" /><TestMethod codeBase="D:\Users\Steve Knipmeyer\Documents\GitHub\ModelRelief\ModelRelief.test\bin\Debug\netcoreapp2.0\ModelRelief.Test.dll" adapterTypeName="executor://xunit/VsTestRunner2/netcoreapp" className="ModelRelief.Test.Unit.DependencyManager.DependencyManagerTests" name="Model3dHasExpectedDependentFiles" /></UnitTest><UnitTest name="Patch_ValidReferencePropertyUpdatesModel" storage="d:\users\steve knipmeyer\documents\github\modelrelief\modelrelief.test\bin\debug\netcoreapp2.0\modelrelief.test.dll" id="76fa00e2-3a3e-4db5-a6d9-a324b54934e1"><Execution id="5cb4c898-9918-410d-8387-90621aab88ed" /><TestMethod codeBase="D:\Users\Steve Knipmeyer\Documents\GitHub\ModelRelief\ModelRelief.test\bin\Debug\netcoreapp2.0\ModelRelief.Test.dll" adapterTypeName="executor://xunit/VsTestRunner2/netcoreapp" className="ModelRelief.Test.Integration.MeshTransforms.MeshTransformsBaseIntegrationTests" name="Patch_ValidReferencePropertyUpdatesModel" /></UnitTest><UnitTest name="PostFile_FileIsSynchronizedIsUpdatedAfterFileIsPosted" storage="d:\users\steve knipmeyer\documents\github\modelrelief\modelrelief.test\bin\debug\netcoreapp2.0\modelrelief.test.dll" id="e6d9141f-33cb-4423-847a-d445815e0e99"><Execution id="6eafea04-bfff-431e-a07d-e535520c606d" /><TestMethod codeBase="D:\Users\Steve Knipmeyer\Documents\GitHub\ModelRelief\ModelRelief.test\bin\Debug\netcoreapp2.0\ModelRelief.Test.dll" adapterTypeName="executor://xunit/VsTestRunner2/netcoreapp" className="ModelRelief.Test.Integration.Meshes.MeshesFileIntegrationTests" name="PostFile_FileIsSynchronizedIsUpdatedAfterFileIsPosted" /></UnitTest><UnitTest name="Put_ValidReferencePropertyUpdatesModel" storage="d:\users\steve knipmeyer\documents\github\modelrelief\modelrelief.test\bin\debug\netcoreapp2.0\modelrelief.test.dll" id="3eec297b-988e-44b0-8871-c950cb763d41"><Execution id="58f3ec61-86a5-43b6-879a-d96fb81199f4" /><TestMethod codeBase="D:\Users\Steve Knipmeyer\Documents\GitHub\ModelRelief\ModelRelief.test\bin\Debug\netcoreapp2.0\ModelRelief.Test.dll" adapterTypeName="executor://xunit/VsTestRunner2/netcoreapp" className="ModelRelief.Test.Integration.DepthBuffers.DepthBuffersBaseIntegrationTests" name="Put_ValidReferencePropertyUpdatesModel" /></UnitTest><UnitTest name="GetFile_ExistingFileReturnsSuccess" storage="d:\users\steve knipmeyer\documents\github\modelrelief\modelrelief.test\bin\debug\netcoreapp2.0\modelrelief.test.dll" id="bbeabeee-54f7-4a37-8fe4-9f975883ee6e"><Execution id="64df047d-c77c-4d94-b726-1f0fa1059178" /><TestMethod codeBase="D:\Users\Steve Knipmeyer\Documents\GitHub\ModelRelief\ModelRelief.test\bin\Debug\netcoreapp2.0\ModelRelief.Test.dll" adapterTypeName="executor://xunit/VsTestRunner2/netcoreapp" className="ModelRelief.Test.Integration.Models.ModelsFileIntegrationTests" name="GetFile_ExistingFileReturnsSuccess" /></UnitTest><UnitTest name="GetSingle_InvalidIdPropertyValueReturnsNotFound" storage="d:\users\steve knipmeyer\documents\github\modelrelief\modelrelief.test\bin\debug\netcoreapp2.0\modelrelief.test.dll" id="ebe68a58-538a-4104-b637-ff23b19f3414"><Execution id="e4a93b12-1b44-4e96-ad2f-273862deebd8" /><TestMethod codeBase="D:\Users\Steve Knipmeyer\Documents\GitHub\ModelRelief\ModelRelief.test\bin\Debug\netcoreapp2.0\ModelRelief.Test.dll" adapterTypeName="executor://xunit/VsTestRunner2/netcoreapp" className="ModelRelief.Test.Integration.MeshTransforms.MeshTransformsBaseIntegrationTests" name="GetSingle_InvalidIdPropertyValueReturnsNotFound" /></UnitTest><UnitTest name="Patch_InvalidReferencePropertyReturnsBadRequest" storage="d:\users\steve knipmeyer\documents\github\modelrelief\modelrelief.test\bin\debug\netcoreapp2.0\modelrelief.test.dll" id="de030ec5-3060-4d62-a869-f3afd2d76256"><Execution id="69f46388-e6eb-43c5-ab93-7cd63aae03f1" /><TestMethod codeBase="D:\Users\Steve Knipmeyer\Documents\GitHub\ModelRelief\ModelRelief.test\bin\Debug\netcoreapp2.0\ModelRelief.Test.dll" adapterTypeName="executor://xunit/VsTestRunner2/netcoreapp" className="ModelRelief.Test.Integration.Meshes.MeshesBaseIntegrationTests" name="Patch_InvalidReferencePropertyReturnsBadRequest" /></UnitTest><UnitTest name="Patch_ValidReferencePropertyUpdatesModel" storage="d:\users\steve knipmeyer\documents\github\modelrelief\modelrelief.test\bin\debug\netcoreapp2.0\modelrelief.test.dll" id="bb3e5bca-ad38-4330-9c24-d43507425889"><Execution id="39860817-ec6d-452a-92f1-dc5d1ce33add" /><TestMethod codeBase="D:\Users\Steve Knipmeyer\Documents\GitHub\ModelRelief\ModelRelief.test\bin\Debug\netcoreapp2.0\ModelRelief.Test.dll" adapterTypeName="executor://xunit/VsTestRunner2/netcoreapp" className="ModelRelief.Test.Integration.Cameras.CamerasBaseIntegrationTests" name="Patch_ValidReferencePropertyUpdatesModel" /></UnitTest><UnitTest name="Patch_MultipleInvalidReferencePropertiesReturnsMultipleValidationErrorsAndBadRequest" storage="d:\users\steve knipmeyer\documents\github\modelrelief\modelrelief.test\bin\debug\netcoreapp2.0\modelrelief.test.dll" id="2988a108-c8b8-43bd-b1dc-ce99d010d62a"><Execution id="28f6c816-cc88-47e2-afbb-8b6f3c5f9a08" /><TestMethod codeBase="D:\Users\Steve Knipmeyer\Documents\GitHub\ModelRelief\ModelRelief.test\bin\Debug\netcoreapp2.0\ModelRelief.Test.dll" adapterTypeName="executor://xunit/VsTestRunner2/netcoreapp" className="ModelRelief.Test.Integration.Cameras.CamerasBaseIntegrationTests" name="Patch_MultipleInvalidReferencePropertiesReturnsMultipleValidationErrorsAndBadRequest" /></UnitTest><UnitTest name="PostFile_FileTimeStampIsUpdatedAfterFileIsPosted" storage="d:\users\steve knipmeyer\documents\github\modelrelief\modelrelief.test\bin\debug\netcoreapp2.0\modelrelief.test.dll" id="629147f7-d4d2-4b82-bcc2-60ae7425d860"><Execution id="94035624-cb02-482e-b999-57fc0d9197f0" /><TestMethod codeBase="D:\Users\Steve Knipmeyer\Documents\GitHub\ModelRelief\ModelRelief.test\bin\Debug\netcoreapp2.0\ModelRelief.Test.dll" adapterTypeName="executor://xunit/VsTestRunner2/netcoreapp" className="ModelRelief.Test.Integration.DepthBuffers.DepthBuffersFileIntegrationTests" name="PostFile_FileTimeStampIsUpdatedAfterFileIsPosted" /></UnitTest><UnitTest name="Post_CanCreateNewModel" storage="d:\users\steve knipmeyer\documents\github\modelrelief\modelrelief.test\bin\debug\netcoreapp2.0\modelrelief.test.dll" id="f981b4f6-3e59-4c1a-af5a-62b22858daa3"><Execution id="f553f812-83cb-4f24-be1c-8114854cacfc" /><TestMethod codeBase="D:\Users\Steve Knipmeyer\Documents\GitHub\ModelRelief\ModelRelief.test\bin\Debug\netcoreapp2.0\ModelRelief.Test.dll" adapterTypeName="executor://xunit/VsTestRunner2/netcoreapp" className="ModelRelief.Test.Integration.Models.ModelsBaseIntegrationTests" name="Post_CanCreateNewModel" /></UnitTest><UnitTest name="GetFile_FileCanBeRoundTripped" storage="d:\users\steve knipmeyer\documents\github\modelrelief\modelrelief.test\bin\debug\netcoreapp2.0\modelrelief.test.dll" id="aa082539-6461-4f17-82ea-ffdeb990c3cb"><Execution id="dbeda307-cd5f-49a7-84b4-d5a3daed52ed" /><TestMethod codeBase="D:\Users\Steve Knipmeyer\Documents\GitHub\ModelRelief\ModelRelief.test\bin\Debug\netcoreapp2.0\ModelRelief.Test.dll" adapterTypeName="executor://xunit/VsTestRunner2/netcoreapp" className="ModelRelief.Test.Integration.Meshes.MeshesFileIntegrationTests" name="GetFile_FileCanBeRoundTripped" /></UnitTest><UnitTest name="PostFile_FileTimeStampIsUpdatedAfterFileIsPosted" storage="d:\users\steve knipmeyer\documents\github\modelrelief\modelrelief.test\bin\debug\netcoreapp2.0\modelrelief.test.dll" id="484df4b0-f9bd-4664-a283-2d6f0e3d0b06"><Execution id="5eb14783-c2ab-4bb4-89e3-e2e8878d98a0" /><TestMethod codeBase="D:\Users\Steve Knipmeyer\Documents\GitHub\ModelRelief\ModelRelief.test\bin\Debug\netcoreapp2.0\ModelRelief.Test.dll" adapterTypeName="executor://xunit/VsTestRunner2/netcoreapp" className="ModelRelief.Test.Integration.Models.ModelsFileIntegrationTests" name="PostFile_FileTimeStampIsUpdatedAfterFileIsPosted" /></UnitTest><UnitTest name="Put_CanUpdateModel" storage="d:\users\steve knipmeyer\documents\github\modelrelief\modelrelief.test\bin\debug\netcoreapp2.0\modelrelief.test.dll" id="953ef488-d988-40e6-befb-9ed1331c787f"><Execution id="d3b32af4-0487-41a1-b37c-9cdc00ed317a" /><TestMethod codeBase="D:\Users\Steve Knipmeyer\Documents\GitHub\ModelRelief\ModelRelief.test\bin\Debug\netcoreapp2.0\ModelRelief.Test.dll" adapterTypeName="executor://xunit/VsTestRunner2/netcoreapp" className="ModelRelief.Test.Integration.MeshTransforms.MeshTransformsBaseIntegrationTests" name="Put_CanUpdateModel" /></UnitTest><UnitTest name="FileRequest_MeshIsInvalidatedAfterDepthBufferFileBecomesUnsynchronized" storage="d:\users\steve knipmeyer\documents\github\modelrelief\modelrelief.test\bin\debug\netcoreapp2.0\modelrelief.test.dll" id="17d33eaa-d09a-4307-8037-2d10a7312f30"><Execution id="35c85c9c-d0be-4361-a24a-7ee31d613be5" /><TestMethod codeBase="D:\Users\Steve Knipmeyer\Documents\GitHub\ModelRelief\ModelRelief.test\bin\Debug\netcoreapp2.0\ModelRelief.Test.dll" adapterTypeName="executor://xunit/VsTestRunner2/netcoreapp" className="ModelRelief.Test.Integration.Meshes.MeshesFileIntegrationTests" name="FileRequest_MeshIsInvalidatedAfterDepthBufferFileBecomesUnsynchronized" /></UnitTest><UnitTest name="Patch_InvalidIdPropertyReturnsNotFound" storage="d:\users\steve knipmeyer\documents\github\modelrelief\modelrelief.test\bin\debug\netcoreapp2.0\modelrelief.test.dll" id="bd9a9fcc-d5e3-4c32-95bb-a7a831af7fa6"><Execution id="df26b941-4aa5-4aa8-b5d8-acca368f1a57" /><TestMethod codeBase="D:\Users\Steve Knipmeyer\Documents\GitHub\ModelRelief\ModelRelief.test\bin\Debug\netcoreapp2.0\ModelRelief.Test.dll" adapterTypeName="executor://xunit/VsTestRunner2/netcoreapp" className="ModelRelief.Test.Integration.Models.ModelsBaseIntegrationTests" name="Patch_InvalidIdPropertyReturnsNotFound" /></UnitTest><UnitTest name="Patch_MultipleInvalidReferencePropertiesReturnsMultipleValidationErrorsAndBadRequest" storage="d:\users\steve knipmeyer\documents\github\modelrelief\modelrelief.test\bin\debug\netcoreapp2.0\modelrelief.test.dll" id="bcb1f295-08d6-4631-a617-bbfcf8ff020a"><Execution id="5f788d20-5cd1-434e-99d7-ddc7b0ecb374" /><TestMethod codeBase="D:\Users\Steve Knipmeyer\Documents\GitHub\ModelRelief\ModelRelief.test\bin\Debug\netcoreapp2.0\ModelRelief.Test.dll" adapterTypeName="executor://xunit/VsTestRunner2/netcoreapp" className="ModelRelief.Test.Integration.Meshes.MeshesBaseIntegrationTests" name="Patch_MultipleInvalidReferencePropertiesReturnsMultipleValidationErrorsAndBadRequest" /></UnitTest><UnitTest name="Post_CanCreateNewModel" storage="d:\users\steve knipmeyer\documents\github\modelrelief\modelrelief.test\bin\debug\netcoreapp2.0\modelrelief.test.dll" id="ad57be86-5fb2-43d9-b37a-ec88977c1cbb"><Execution id="8f9e3722-d799-452e-b4d6-a7123252daa2" /><TestMethod codeBase="D:\Users\Steve Knipmeyer\Documents\GitHub\ModelRelief\ModelRelief.test\bin\Debug\netcoreapp2.0\ModelRelief.Test.dll" adapterTypeName="executor://xunit/VsTestRunner2/netcoreapp" className="ModelRelief.Test.Integration.Meshes.MeshesBaseIntegrationTests" name="Post_CanCreateNewModel" /></UnitTest></TestDefinitions><TestEntries><TestEntry testId="2db81854-186d-436f-a929-84fd156e077f" executionId="900cd659-d2eb-407d-8294-65264f2c845a" testListId="8c84fa94-04c1-424b-9868-57a2d4851a1d" /><TestEntry testId="e1a367fe-7e2a-4d5d-9d8c-c86dda519ff0" executionId="9dc0d60c-4fc8-41c5-94c2-8fed352a372b" testListId="8c84fa94-04c1-424b-9868-57a2d4851a1d" /><TestEntry testId="49056bfa-8aa7-4d80-bc46-2ba2073527bf" executionId="f107ab37-b88d-4eeb-a52b-499615d42af2" testListId="8c84fa94-04c1-424b-9868-57a2d4851a1d" /><TestEntry testId="4045fcef-77da-4b8f-8337-fe6cba74583b" executionId="e45d60e7-c966-4def-9dcc-1498da5094cc" testListId="8c84fa94-04c1-424b-9868-57a2d4851a1d" /><TestEntry testId="aa082539-6461-4f17-82ea-ffdeb990c3cb" executionId="dbeda307-cd5f-49a7-84b4-d5a3daed52ed" testListId="8c84fa94-04c1-424b-9868-57a2d4851a1d" /><TestEntry testId="1954465c-7946-4026-993d-0ed243d7bf24" executionId="12708adb-deab-4b58-87d1-bd9afc0c8185" testListId="8c84fa94-04c1-424b-9868-57a2d4851a1d" /><TestEntry testId="0a063916-539f-4b25-b095-da9490783326" executionId="867a7e9a-d396-4e8f-8a29-91d393fab934" testListId="8c84fa94-04c1-424b-9868-57a2d4851a1d" /><TestEntry testId="dfe116a1-7692-447c-8868-5c392181b8f3" executionId="f476a617-0a48-4f34-a43e-d71ccf9ddf43" testListId="8c84fa94-04c1-424b-9868-57a2d4851a1d" /><TestEntry testId="ad57be86-5fb2-43d9-b37a-ec88977c1cbb" executionId="8f9e3722-d799-452e-b4d6-a7123252daa2" testListId="8c84fa94-04c1-424b-9868-57a2d4851a1d" /><TestEntry testId="ba3ecd74-1feb-4087-ad4b-b7520db9bc39" executionId="20d8baf7-4cb1-4171-9af4-be3d071abb15" testListId="8c84fa94-04c1-424b-9868-57a2d4851a1d" /><TestEntry testId="558434bd-5765-443d-bed1-a7e82e58ae87" executionId="736f5ae8-08b2-489c-8874-6c2ec7efec88" testListId="8c84fa94-04c1-424b-9868-57a2d4851a1d" /><TestEntry testId="0f91e468-69f5-46be-a9fe-0faa1921897c" executionId="30bd78b4-dce2-4728-b8b2-15cdc4ead35d" testListId="8c84fa94-04c1-424b-9868-57a2d4851a1d" /><TestEntry testId="500e123f-de9c-4c45-8313-f9f33934d592" executionId="12d85c6c-3d62-4371-a52c-d90637d84218" testListId="8c84fa94-04c1-424b-9868-57a2d4851a1d" /><TestEntry testId="431e2f0b-6f03-4e19-afc8-fdd24e162d90" executionId="f57a0e17-8e51-4a51-8f6c-9a5d5d9ab583" testListId="8c84fa94-04c1-424b-9868-57a2d4851a1d" /><TestEntry testId="4b85524e-6ba0-413d-9bd2-454833ac1065" executionId="47aa55d5-00d8-446e-8b2d-a5591bceb4b0" testListId="8c84fa94-04c1-424b-9868-57a2d4851a1d" /><TestEntry testId="bc182f3f-6f88-45d0-9f15-2c5cd6c62714" executionId="7e621515-9c5f-418a-9687-3cb659f6d344" testListId="8c84fa94-04c1-424b-9868-57a2d4851a1d" /><TestEntry testId="70a06625-0673-46d1-a67e-0a8820d320f6" executionId="bf658d19-f283-4fcb-ad6f-a5150ffc6636" testListId="8c84fa94-04c1-424b-9868-57a2d4851a1d" /><TestEntry testId="f1129cfe-703b-4507-be21-1216e233dbe4" executionId="7d775371-e25c-4331-bdb7-9d6475980063" testListId="8c84fa94-04c1-424b-9868-57a2d4851a1d" /><TestEntry testId="eba23877-a2c5-4478-a849-41fea9c53bac" executionId="80314a0f-a5f9-49b4-af64-8d92a061d756" testListId="8c84fa94-04c1-424b-9868-57a2d4851a1d" /><TestEntry testId="e90233dd-3e6b-4d9c-908d-bd5a79a21455" executionId="a6575fd5-df2d-4159-9fe5-3d38104af063" testListId="8c84fa94-04c1-424b-9868-57a2d4851a1d" /><TestEntry testId="3eec297b-988e-44b0-8871-c950cb763d41" executionId="58f3ec61-86a5-43b6-879a-d96fb81199f4" testListId="8c84fa94-04c1-424b-9868-57a2d4851a1d" /><TestEntry testId="387ee987-760f-410a-b658-72b4adb4130c" executionId="d507d472-4d2e-43b6-aae3-df66607b6ded" testListId="8c84fa94-04c1-424b-9868-57a2d4851a1d" /><TestEntry testId="05e94e67-e6a4-45b3-a7c7-400d291b0763" executionId="b28c943e-5f21-4102-b03e-e9434b8ea9f4" testListId="8c84fa94-04c1-424b-9868-57a2d4851a1d" /><TestEntry testId="083d1655-3830-4c03-9c38-07b03f037c45" executionId="96d104bb-f5a4-4aa9-b815-a55ebfeaa331" testListId="8c84fa94-04c1-424b-9868-57a2d4851a1d" /><TestEntry testId="81dcec78-5ff7-4a12-a616-7a6e425a7aad" executionId="340da26d-ed66-4ee6-8a35-0376aa8cc2bd" testListId="8c84fa94-04c1-424b-9868-57a2d4851a1d" /><TestEntry testId="e6d9141f-33cb-4423-847a-d445815e0e99" executionId="6eafea04-bfff-431e-a07d-e535520c606d" testListId="8c84fa94-04c1-424b-9868-57a2d4851a1d" /><TestEntry testId="1d2f7c1e-5ac1-4651-ba22-db3cee614b70" executionId="062031cd-ff74-42de-a86c-4a67c117e0c8" testListId="8c84fa94-04c1-424b-9868-57a2d4851a1d" /><TestEntry testId="bbeabeee-54f7-4a37-8fe4-9f975883ee6e" executionId="64df047d-c77c-4d94-b726-1f0fa1059178" testListId="8c84fa94-04c1-424b-9868-57a2d4851a1d" /><TestEntry testId="05890a43-7bf7-46ad-97d5-16fba3686878" executionId="07b967b7-32dc-466b-8a27-637d26eed4f8" testListId="8c84fa94-04c1-424b-9868-57a2d4851a1d" /><TestEntry testId="1ec5e6eb-a3ac-4b2d-a30d-25658c8280c2" executionId="49f96c65-f4a5-4a85-92d1-b9e5cb0f4b00" testListId="8c84fa94-04c1-424b-9868-57a2d4851a1d" /><TestEntry testId="afc169b8-ba02-4b82-8184-5d014d27672e" executionId="deb67373-dbaf-47bd-bbcc-2f020e2f5f1d" testListId="8c84fa94-04c1-424b-9868-57a2d4851a1d" /><TestEntry testId="64a23686-3ac2-447b-9a53-bad6d5281064" executionId="458cf1fb-211f-44a7-b2aa-e1d1996e3631" testListId="8c84fa94-04c1-424b-9868-57a2d4851a1d" /><TestEntry testId="d169f43d-33a6-497c-bbec-f0b300a2fab6" executionId="e067f6fa-a4c0-4bb8-ba92-b06a38df1327" testListId="8c84fa94-04c1-424b-9868-57a2d4851a1d" /><TestEntry testId="7bef73c5-e264-4165-a747-97b4aed38ddf" executionId="5c40125e-291e-4bb5-9466-55e12d46a287" testListId="8c84fa94-04c1-424b-9868-57a2d4851a1d" /><TestEntry testId="97391a1a-a1e0-4235-9c15-37faf11885af" executionId="6fddaa48-a60d-4ed7-92ab-6a20e1c9e2b8" testListId="8c84fa94-04c1-424b-9868-57a2d4851a1d" /><TestEntry testId="445bff7c-b97a-4b56-a051-f059d36662d3" executionId="4b11f4aa-1e2f-4823-8ee3-ae359621ab3f" testListId="8c84fa94-04c1-424b-9868-57a2d4851a1d" /><TestEntry testId="aba61080-2001-4fa9-98f3-86246d890549" executionId="c78d5551-b6ec-4027-a3b4-d9c7f1ac7834" testListId="8c84fa94-04c1-424b-9868-57a2d4851a1d" /><TestEntry testId="1254002d-f34c-4ed2-8a46-d052286ab60e" executionId="de38a3e2-1614-4e9d-b724-8f218ff8d4d9" testListId="8c84fa94-04c1-424b-9868-57a2d4851a1d" /><TestEntry testId="d03c1cae-56b9-4afe-92d4-f3b4ea18d0dd" executionId="4cab7e5a-45e4-4f93-b6c3-ceecfbe9eba4" testListId="8c84fa94-04c1-424b-9868-57a2d4851a1d" /><TestEntry testId="ffd569ca-ba31-41e2-8d69-d0ecc9fc28e8" executionId="72000f29-ece2-479e-ba4e-ac9c4c8c69ad" testListId="8c84fa94-04c1-424b-9868-57a2d4851a1d" /><TestEntry testId="4a709507-c1ac-4477-aefc-3c332c84ad78" executionId="75ff214d-e110-4205-9f43-1cfc55d14284" testListId="8c84fa94-04c1-424b-9868-57a2d4851a1d" /><TestEntry testId="9f159f20-82c8-4f1e-acc8-ef51b16cff1c" executionId="29e13154-541f-4b1c-ba75-9cd5effa369c" testListId="8c84fa94-04c1-424b-9868-57a2d4851a1d" /><TestEntry testId="46377a05-4536-4d02-b257-aef9132d8f99" executionId="884bd22a-1726-4521-8e71-000d5451b4a7" testListId="8c84fa94-04c1-424b-9868-57a2d4851a1d" /><TestEntry testId="18bfec77-64a4-4999-8533-0fa6cde7d79f" executionId="0ef75c35-3d35-4520-8e5f-bf8a2103c6ce" testListId="8c84fa94-04c1-424b-9868-57a2d4851a1d" /><TestEntry testId="29e3ed75-01c2-47f2-813c-7b91c650aab4" executionId="48b8a714-9baa-4f72-9566-3bac761d8ecd" testListId="8c84fa94-04c1-424b-9868-57a2d4851a1d" /><TestEntry testId="da98cf50-fc14-4c15-b5a1-78a52e58ce42" executionId="327b0fd7-76ae-42f7-a1c1-78f8b25c9fcf" testListId="8c84fa94-04c1-424b-9868-57a2d4851a1d" /><TestEntry testId="13c1747e-4072-4ebe-b0aa-8a6c2d6c3a5a" executionId="f4080dee-3288-419f-9ce9-d97440c20b32" testListId="8c84fa94-04c1-424b-9868-57a2d4851a1d" /><TestEntry testId="de030ec5-3060-4d62-a869-f3afd2d76256" executionId="69f46388-e6eb-43c5-ab93-7cd63aae03f1" testListId="8c84fa94-04c1-424b-9868-57a2d4851a1d" /><TestEntry testId="b1341d4b-2608-4f99-87b7-9aa720dfed89" executionId="2fadc137-8e04-479c-8489-c152e9e2b056" testListId="8c84fa94-04c1-424b-9868-57a2d4851a1d" /><TestEntry testId="dfcb9f78-d6bc-49f6-a0c8-95ad388a2e5f" executionId="669515d4-658e-499e-829b-a5d51239d653" testListId="8c84fa94-04c1-424b-9868-57a2d4851a1d" /><TestEntry testId="e0cf05ac-275a-4c60-bf74-ddbd8ee1df49" executionId="fc641a28-4056-43e8-b784-baaad7a5e590" testListId="8c84fa94-04c1-424b-9868-57a2d4851a1d" /><TestEntry testId="365f1d18-8e81-4002-9622-49c274cd5641" executionId="6f0ebb1d-62e9-4959-bdc2-069d48bad9d9" testListId="8c84fa94-04c1-424b-9868-57a2d4851a1d" /><TestEntry testId="3a7a5e7c-9c50-478f-a8d0-01b097dcaf9c" executionId="63107c89-3dee-4dc4-834e-d9845f39daaf" testListId="8c84fa94-04c1-424b-9868-57a2d4851a1d" /><TestEntry testId="147f7231-f6d8-4eaf-ac19-f0f413b6d610" executionId="ea46a9e4-5b67-41a5-a841-e6056c5ad5dd" testListId="8c84fa94-04c1-424b-9868-57a2d4851a1d" /><TestEntry testId="f1e09379-be15-41df-9e6e-35f3d2de8eab" executionId="b00ec7ca-1fcd-41e2-9da9-4685028086e3" testListId="8c84fa94-04c1-424b-9868-57a2d4851a1d" /><TestEntry testId="da48d249-f5cf-48b4-a7f3-60c269350a35" executionId="3144843f-0c44-415e-836c-d9e4390d7875" testListId="8c84fa94-04c1-424b-9868-57a2d4851a1d" /><TestEntry testId="f981b4f6-3e59-4c1a-af5a-62b22858daa3" executionId="f553f812-83cb-4f24-be1c-8114854cacfc" testListId="8c84fa94-04c1-424b-9868-57a2d4851a1d" /><TestEntry testId="bd9a9fcc-d5e3-4c32-95bb-a7a831af7fa6" executionId="df26b941-4aa5-4aa8-b5d8-acca368f1a57" testListId="8c84fa94-04c1-424b-9868-57a2d4851a1d" /><TestEntry testId="e3938a92-675f-49f7-8526-58168f990d60" executionId="13edd520-06bf-4940-b5ec-0a0ef707dbdc" testListId="8c84fa94-04c1-424b-9868-57a2d4851a1d" /><TestEntry testId="a4d57500-7f91-464a-b62c-ddcdfe0c251a" executionId="7cb5eb42-6832-4992-84a9-e2f52695802b" testListId="8c84fa94-04c1-424b-9868-57a2d4851a1d" /><TestEntry testId="953ef488-d988-40e6-befb-9ed1331c787f" executionId="d3b32af4-0487-41a1-b37c-9cdc00ed317a" testListId="8c84fa94-04c1-424b-9868-57a2d4851a1d" /><TestEntry testId="6757ddbf-bd27-4308-8e2d-7ec198bc3b14" executionId="0347a97a-19ca-49f9-8ddb-3b5d7fc6d51e" testListId="8c84fa94-04c1-424b-9868-57a2d4851a1d" /><TestEntry testId="72ddcc2e-f742-490f-99c0-7763cb3d289b" executionId="5b7b98ab-4f0b-4613-94ff-9d10741bf618" testListId="8c84fa94-04c1-424b-9868-57a2d4851a1d" /><TestEntry testId="30df80b7-7714-4700-97c6-53d7bb1ccc9a" executionId="f42bd6a7-817d-4998-9542-74e378fcd585" testListId="8c84fa94-04c1-424b-9868-57a2d4851a1d" /><TestEntry testId="1f999a85-ab64-4df2-9800-1725275aed9d" executionId="5c8f564c-b226-4bf3-b56c-4949412b0dd1" testListId="8c84fa94-04c1-424b-9868-57a2d4851a1d" /><TestEntry testId="17d33eaa-d09a-4307-8037-2d10a7312f30" executionId="35c85c9c-d0be-4361-a24a-7ee31d613be5" testListId="8c84fa94-04c1-424b-9868-57a2d4851a1d" /><TestEntry testId="105ba0ad-fb3e-4fc3-a90e-9297889f408a" executionId="f701667c-d781-4606-8a09-7aebe42cb50a" testListId="8c84fa94-04c1-424b-9868-57a2d4851a1d" /><TestEntry testId="4c6ae0c8-ea2c-4221-884b-b984e8df797e" executionId="a4dd8aca-60dd-49d0-9ebc-a5db0778acbe" testListId="8c84fa94-04c1-424b-9868-57a2d4851a1d" /><TestEntry testId="5caca5ce-8031-443d-839f-bd9d8bcd677c" executionId="ad646f89-90ff-41eb-9005-2c4a0e5adfc6" testListId="8c84fa94-04c1-424b-9868-57a2d4851a1d" /><TestEntry testId="332f8ba7-d906-4b3c-b405-7c12fcd6b530" executionId="ec71de2c-25c2-4aeb-9f57-3147ef1918f4" testListId="8c84fa94-04c1-424b-9868-57a2d4851a1d" /><TestEntry testId="271eab4c-7c62-4091-bbc2-f2bc3a5c98a9" executionId="9512d2df-9f16-4428-93f3-522d5951c24d" testListId="8c84fa94-04c1-424b-9868-57a2d4851a1d" /><TestEntry testId="10988872-1f68-4e6c-a318-8b1a09ee1874" executionId="2d5930a3-232d-461f-85f7-6382f7405030" testListId="8c84fa94-04c1-424b-9868-57a2d4851a1d" /><TestEntry testId="f380c8aa-f7e9-482b-833e-51f33fb170ab" executionId="2772f4c7-b050-4e8c-8eee-ed191a24d6d7" testListId="8c84fa94-04c1-424b-9868-57a2d4851a1d" /><TestEntry testId="bb3e5bca-ad38-4330-9c24-d43507425889" executionId="39860817-ec6d-452a-92f1-dc5d1ce33add" testListId="8c84fa94-04c1-424b-9868-57a2d4851a1d" /><TestEntry testId="697ab5e0-5dfa-4a1c-a92b-2a6bda06fdf2" executionId="6649f6c2-a5da-4eb5-93b7-a8f844e13884" testListId="8c84fa94-04c1-424b-9868-57a2d4851a1d" /><TestEntry testId="629147f7-d4d2-4b82-bcc2-60ae7425d860" executionId="94035624-cb02-482e-b999-57fc0d9197f0" testListId="8c84fa94-04c1-424b-9868-57a2d4851a1d" /><TestEntry testId="f4efe552-b173-4390-ab99-ae0b5514044a" executionId="856ddfdb-cb9a-4937-8573-598dc0387345" testListId="8c84fa94-04c1-424b-9868-57a2d4851a1d" /><TestEntry testId="08a3442f-631a-4604-8bc1-9f0623229417" executionId="ba2fefca-22f7-45cd-a67e-9492f6be4635" testListId="8c84fa94-04c1-424b-9868-57a2d4851a1d" /><TestEntry testId="00462a8f-5a31-4612-bd92-840d720ff881" executionId="651a8eec-a52e-4771-a6cc-219fd2a82d03" testListId="8c84fa94-04c1-424b-9868-57a2d4851a1d" /><TestEntry testId="3a6b6193-3364-4e02-a608-00d6b8455efe" executionId="8a97fca7-1d77-421f-9053-3fadb7d76860" testListId="8c84fa94-04c1-424b-9868-57a2d4851a1d" /><TestEntry testId="70b21b5a-adbd-495c-8bb0-ccb20ba1f9bc" executionId="652e6917-6410-47e7-bb44-aed452fb1721" testListId="8c84fa94-04c1-424b-9868-57a2d4851a1d" /><TestEntry testId="3ad49313-400a-4a85-a85c-fb74ef6fc4ed" executionId="fcb7b234-a1c9-4cd7-970f-2100b4e28192" testListId="8c84fa94-04c1-424b-9868-57a2d4851a1d" /><TestEntry testId="1b1ef30a-f7c2-404d-9854-601835e11a3a" executionId="81694c0d-5654-4257-8256-4350ee80f754" testListId="8c84fa94-04c1-424b-9868-57a2d4851a1d" /><TestEntry testId="c838c29d-dc1c-412c-bd0a-2ed67cf45f3f" executionId="43b658ae-f2cb-4ea5-b1b9-410c6aba5087" testListId="8c84fa94-04c1-424b-9868-57a2d4851a1d" /><TestEntry testId="7aa2690c-2450-415f-ba3b-b08413a382a9" executionId="c93d85d6-57fa-492d-a12b-da5f7252b7b5" testListId="8c84fa94-04c1-424b-9868-57a2d4851a1d" /><TestEntry testId="0b62851c-d090-4fba-9fe6-8a94931b9946" executionId="3b4e46e0-6c78-4a0b-b8a8-dc37e824d2c6" testListId="8c84fa94-04c1-424b-9868-57a2d4851a1d" /><TestEntry testId="a78c667f-4f7b-431a-9f4f-736abf7b7f9f" executionId="79115a0f-e7a6-4687-91a4-597a1d574311" testListId="8c84fa94-04c1-424b-9868-57a2d4851a1d" /><TestEntry testId="21af9ac2-f983-42db-baf3-85e873d04aae" executionId="b6b906c6-30a3-4cf6-915a-c19856b79328" testListId="8c84fa94-04c1-424b-9868-57a2d4851a1d" /><TestEntry testId="a9236c52-b0a9-4afd-ac0f-c0beec717cbe" executionId="7c340929-5dd5-415a-97bd-f1f7e7c355da" testListId="8c84fa94-04c1-424b-9868-57a2d4851a1d" /><TestEntry testId="e80eddff-d96a-452f-94c6-fc7776b2dd59" executionId="fa525106-fdf8-4395-b806-f414c1cc90cb" testListId="8c84fa94-04c1-424b-9868-57a2d4851a1d" /><TestEntry testId="8e53e8cb-2d3e-4b33-8fdb-92c019aeae2f" executionId="40ac9ddb-d936-4101-855e-5ad7963c1ac0" testListId="8c84fa94-04c1-424b-9868-57a2d4851a1d" /><TestEntry testId="ff3ae312-3207-431f-b71a-f8bd31494e73" executionId="806c7249-1ae4-41c8-b639-eb92600d8200" testListId="8c84fa94-04c1-424b-9868-57a2d4851a1d" /><TestEntry testId="2f6c6534-ebab-4c65-a1fc-8051a403bc05" executionId="cb79bba5-5692-4539-bf67-0e108f029a0f" testListId="8c84fa94-04c1-424b-9868-57a2d4851a1d" /><TestEntry testId="10c5c0a8-d671-4693-a93c-7675aaa787b1" executionId="51c53ad5-a432-4f8e-9e1f-f1cd30c63c04" testListId="8c84fa94-04c1-424b-9868-57a2d4851a1d" /><TestEntry testId="5b39cf3d-e245-49d1-b699-acd0aa6d0e83" executionId="10d718de-f8f7-4af2-9400-153dbea937f7" testListId="8c84fa94-04c1-424b-9868-57a2d4851a1d" /><TestEntry testId="bcb1f295-08d6-4631-a617-bbfcf8ff020a" executionId="5f788d20-5cd1-434e-99d7-ddc7b0ecb374" testListId="8c84fa94-04c1-424b-9868-57a2d4851a1d" /><TestEntry testId="9eb719ea-77a6-4eac-850c-5e44e4d89c8e" executionId="091cc7f6-5b3e-480b-89a9-facf160ebaf6" testListId="8c84fa94-04c1-424b-9868-57a2d4851a1d" /><TestEntry testId="2f7c14b9-d77c-4f87-ae29-1c599eb1c61e" executionId="e7de5eb5-f87f-4904-8b2a-e91010e640af" testListId="8c84fa94-04c1-424b-9868-57a2d4851a1d" /><TestEntry testId="d12787dd-463c-4c61-98a2-2a200dbc733f" executionId="64a678f6-d292-44c1-9f17-3fda9cf82c05" testListId="8c84fa94-04c1-424b-9868-57a2d4851a1d" /><TestEntry testId="d2cd5fd8-2853-4792-9897-de4377bfd711" executionId="dd6211b1-df16-4f6c-9d3c-428c0a12d367" testListId="8c84fa94-04c1-424b-9868-57a2d4851a1d" /><TestEntry testId="3765e6e2-e4ef-45e8-9ba1-ca3b1a673156" executionId="b6f63bb9-24f7-4c3d-9c8d-30b631610dcf" testListId="8c84fa94-04c1-424b-9868-57a2d4851a1d" /><TestEntry testId="4f5a83eb-19b4-4526-ba1a-46bffcc401a2" executionId="81412f6a-10b4-4937-8c18-314da8095693" testListId="8c84fa94-04c1-424b-9868-57a2d4851a1d" /><TestEntry testId="d856e6f8-5209-4431-b71b-c5e8c2ecb66b" executionId="9bff805c-ba1b-4caa-bf70-e135ab5dbe1a" testListId="8c84fa94-04c1-424b-9868-57a2d4851a1d" /><TestEntry testId="62e4f921-9f55-4a79-a349-a51e00e78c76" executionId="714fa3e5-8e3f-4af3-9f9a-2d4d538c0c37" testListId="8c84fa94-04c1-424b-9868-57a2d4851a1d" /><TestEntry testId="2a75cfdf-abb1-4631-937e-b78f83afdacf" executionId="5ade028b-22a9-4ffe-96de-44b95dd09a0c" testListId="8c84fa94-04c1-424b-9868-57a2d4851a1d" /><TestEntry testId="4d4948df-0015-4e87-ae4d-127a59f13899" executionId="9dd9b23f-4174-459e-b827-de87bcad4796" testListId="8c84fa94-04c1-424b-9868-57a2d4851a1d" /><TestEntry testId="9e535522-6c2d-4186-ae05-9f4c43849579" executionId="ab90ea1d-1b30-4178-9310-a420a41070f7" testListId="8c84fa94-04c1-424b-9868-57a2d4851a1d" /><TestEntry testId="76fa00e2-3a3e-4db5-a6d9-a324b54934e1" executionId="5cb4c898-9918-410d-8387-90621aab88ed" testListId="8c84fa94-04c1-424b-9868-57a2d4851a1d" /><TestEntry testId="37b9abe1-19b3-48e8-9861-dce31496a213" executionId="4bd2db08-1b53-4711-ae5a-7149595cc512" testListId="8c84fa94-04c1-424b-9868-57a2d4851a1d" /><TestEntry testId="7f86ef85-c8c4-4fa5-85cc-a5568b9b88ce" executionId="f71b2401-136f-4ff6-8c4e-f705c3e302dd" testListId="8c84fa94-04c1-424b-9868-57a2d4851a1d" /><TestEntry testId="76fc6b18-40bf-4ff2-a5e3-fac62df56426" executionId="bf3cc6c4-8a82-4f80-84b0-954a0de1bf49" testListId="8c84fa94-04c1-424b-9868-57a2d4851a1d" /><TestEntry testId="b074cea9-3eb8-4df6-8356-f9fc3ddf769c" executionId="0b94b420-3eee-4f1b-86f0-4f98e6b7e9ff" testListId="8c84fa94-04c1-424b-9868-57a2d4851a1d" /><TestEntry testId="2968d210-26ae-4f4c-9ac8-da6be0b933a4" executionId="c2db02a8-f784-46f9-b46a-974e81f43aa0" testListId="8c84fa94-04c1-424b-9868-57a2d4851a1d" /><TestEntry testId="f22ee273-9b0a-4fa3-87a4-d15293783f65" executionId="fcb2101f-5b95-4511-aab6-4aeb32db6a67" testListId="8c84fa94-04c1-424b-9868-57a2d4851a1d" /><TestEntry testId="2988a108-c8b8-43bd-b1dc-ce99d010d62a" executionId="28f6c816-cc88-47e2-afbb-8b6f3c5f9a08" testListId="8c84fa94-04c1-424b-9868-57a2d4851a1d" /><TestEntry testId="ca9b5cba-78c1-4013-8068-c8a81a3cba6c" executionId="dc2fade1-789b-4986-8eac-aa618a54f6da" testListId="8c84fa94-04c1-424b-9868-57a2d4851a1d" /><TestEntry testId="1151d497-db76-4f87-a8af-9e23fcf029d3" executionId="72a20fdb-d2d1-4be9-a267-364898cbdc30" testListId="8c84fa94-04c1-424b-9868-57a2d4851a1d" /><TestEntry testId="f699d54a-48be-43af-bd47-759cfeefbecb" executionId="1a543a96-aa23-4064-a5af-6cca710c999b" testListId="8c84fa94-04c1-424b-9868-57a2d4851a1d" /><TestEntry testId="d426cd10-d35c-445a-b66c-4ee70e32c3cc" executionId="60242a10-0804-4b44-ba19-b6369b7489f0" testListId="8c84fa94-04c1-424b-9868-57a2d4851a1d" /><TestEntry testId="484df4b0-f9bd-4664-a283-2d6f0e3d0b06" executionId="5eb14783-c2ab-4bb4-89e3-e2e8878d98a0" testListId="8c84fa94-04c1-424b-9868-57a2d4851a1d" /><TestEntry testId="8ff5f2d0-8619-41af-aef0-e7a91b593b70" executionId="e901558e-8056-408f-aed2-b44a8e8b1137" testListId="8c84fa94-04c1-424b-9868-57a2d4851a1d" /><TestEntry testId="36d4defe-c5ee-4425-bbe1-725103342776" executionId="a2c115de-6056-4ba3-9a5b-9d00d72f2d7e" testListId="8c84fa94-04c1-424b-9868-57a2d4851a1d" /><TestEntry testId="c9c11e99-82e4-4743-a4ca-e9875f3a5dff" executionId="31e18227-9841-4a46-892b-e8ab0bf3861f" testListId="8c84fa94-04c1-424b-9868-57a2d4851a1d" /><TestEntry testId="e0d157dc-7b35-4ef2-a19b-ec2734342afb" executionId="72540601-4beb-4522-bd0c-fc3c1431c433" testListId="8c84fa94-04c1-424b-9868-57a2d4851a1d" /><TestEntry testId="0b1143e0-a55a-4269-8ae3-24aa6f4741c5" executionId="d483ec53-38aa-4978-9a69-f891b9d6b305" testListId="8c84fa94-04c1-424b-9868-57a2d4851a1d" /><TestEntry testId="fa0d369e-d0ff-4555-ad20-d273919ad985" executionId="06e914d1-542f-4e42-b301-52eb01f269b2" testListId="8c84fa94-04c1-424b-9868-57a2d4851a1d" /><TestEntry testId="04c58be6-ce7e-4786-a905-fe08f12a1df6" executionId="97f98760-d3db-4da3-8df1-aee110353e5a" testListId="8c84fa94-04c1-424b-9868-57a2d4851a1d" /><TestEntry testId="20462bbd-a5ec-46ab-9159-fc4440137ccd" executionId="972a63fb-88bd-494a-84d0-bb762ae6bfc5" testListId="8c84fa94-04c1-424b-9868-57a2d4851a1d" /><TestEntry testId="18781b13-7e53-4544-9e7d-8c11c5529434" executionId="d36c49a8-9610-416b-98f5-f9f78f0748bd" testListId="8c84fa94-04c1-424b-9868-57a2d4851a1d" /><TestEntry testId="dfc58609-c6c3-42bb-bef0-0a09b4f818dc" executionId="0a67d1ff-b64c-4b5c-b2f2-ff60c425e7b2" testListId="8c84fa94-04c1-424b-9868-57a2d4851a1d" /><TestEntry testId="298699e2-a7fc-48c3-be32-aaba3fc144d3" executionId="192afae7-d405-4c7c-9bc5-c8437476855c" testListId="8c84fa94-04c1-424b-9868-57a2d4851a1d" /><TestEntry testId="ef60443d-072b-4ef2-ae83-b35d0225741a" executionId="50daf180-d614-4908-871a-6a5846a533df" testListId="8c84fa94-04c1-424b-9868-57a2d4851a1d" /><TestEntry testId="88d83031-01b5-4700-a308-fded9f132fbe" executionId="ce7c05cb-a20d-45ff-aa86-905557b0cc0c" testListId="8c84fa94-04c1-424b-9868-57a2d4851a1d" /><TestEntry testId="1a02dcb9-f94c-41bd-ab49-f92b6a8ebe1b" executionId="7846085d-7793-42c6-b269-594c2b4e7b12" testListId="8c84fa94-04c1-424b-9868-57a2d4851a1d" /><TestEntry testId="4befb655-c273-43eb-b1ca-9d220dd79589" executionId="550d3b78-1f79-4525-bb82-cf3d988a9e05" testListId="8c84fa94-04c1-424b-9868-57a2d4851a1d" /><TestEntry testId="ed2177a4-4eec-4d6e-a5a0-dfbf9c54f8a5" executionId="c3f983cb-041a-408c-9314-8f76b3cc564e" testListId="8c84fa94-04c1-424b-9868-57a2d4851a1d" /><TestEntry testId="478e421d-4846-448e-bc89-d679dba80911" executionId="f718098a-bb17-4200-bf03-9ca56ab0737e" testListId="8c84fa94-04c1-424b-9868-57a2d4851a1d" /><TestEntry testId="1d460c3f-59b7-412b-8521-dceeb13dcb86" executionId="3cc59867-f29b-41c3-9ddf-3ea37f302904" testListId="8c84fa94-04c1-424b-9868-57a2d4851a1d" /><TestEntry testId="3dac6d7e-fbc8-4853-84a4-b8551aeb2793" executionId="1b9b01ca-cfcb-4401-bbc2-47d0dfe3f96b" testListId="8c84fa94-04c1-424b-9868-57a2d4851a1d" /><TestEntry testId="306f60ac-524f-4a62-9eae-bd2704ed0178" executionId="64eae039-9b95-4631-a936-e4422f233c0f" testListId="8c84fa94-04c1-424b-9868-57a2d4851a1d" /><TestEntry testId="1456019f-4877-40d6-82f7-686496c1fcb2" executionId="6c6e5a58-daa1-482e-81cd-78507dea1554" testListId="8c84fa94-04c1-424b-9868-57a2d4851a1d" /><TestEntry testId="4f9a1bc6-6606-4f97-93b4-255bc49ed2b2" executionId="a9ff16ec-dda2-42cb-8194-c41a8ec0acb3" testListId="8c84fa94-04c1-424b-9868-57a2d4851a1d" /><TestEntry testId="76fc9a4f-1720-4a1e-85c0-1dd0537380e5" executionId="16c386e7-57da-45c0-935b-ca9007242760" testListId="8c84fa94-04c1-424b-9868-57a2d4851a1d" /><TestEntry testId="17558f45-9f32-4579-850f-00b8d63a4ce5" executionId="6cec4bc8-8e4b-417d-923d-1b5b5d270178" testListId="8c84fa94-04c1-424b-9868-57a2d4851a1d" /><TestEntry testId="e2895705-b5e8-4e97-93a5-5dd0cf62a6ae" executionId="381ce341-8895-4c70-b000-ecf8e47419ef" testListId="8c84fa94-04c1-424b-9868-57a2d4851a1d" /><TestEntry testId="b3e9a249-8eca-4a1f-a3da-b7422c23e062" executionId="c29666a9-e9f7-4f91-a8dd-44d38a38cecd" testListId="8c84fa94-04c1-424b-9868-57a2d4851a1d" /><TestEntry testId="26a0e475-1ccb-44f2-897b-bad806b37ec0" executionId="5f47ead4-df69-40df-adb4-b42c6d7fd7a2" testListId="8c84fa94-04c1-424b-9868-57a2d4851a1d" /><TestEntry testId="ebe68a58-538a-4104-b637-ff23b19f3414" executionId="e4a93b12-1b44-4e96-ad2f-273862deebd8" testListId="8c84fa94-04c1-424b-9868-57a2d4851a1d" /><TestEntry testId="54202513-f14f-472c-bb05-d56c2be43d17" executionId="6088452f-455d-4c87-aa9d-fee6865c217c" testListId="8c84fa94-04c1-424b-9868-57a2d4851a1d" /><TestEntry testId="53ee50b0-c705-4f23-bfcd-d4ec21ad9860" executionId="a71ecaad-f3e6-4a61-9bde-1e1233e9269b" testListId="8c84fa94-04c1-424b-9868-57a2d4851a1d" /><TestEntry testId="b2558f2b-d575-4ba8-b011-511d18e2bea0" executionId="d3f5830a-a14a-4add-a003-ebc61ac97c36" testListId="8c84fa94-04c1-424b-9868-57a2d4851a1d" /><TestEntry testId="ed022b46-506a-4ed4-b61d-1d3fc25165c3" executionId="b0fe3b1e-bd44-4844-addb-472ca22081aa" testListId="8c84fa94-04c1-424b-9868-57a2d4851a1d" /></TestEntries><TestLists><TestList name="Results Not in a List" id="8c84fa94-04c1-424b-9868-57a2d4851a1d" /><TestList name="All Loaded Results" id="19431567-8539-422a-85d7-44ee4e166bda" /></TestLists><ResultSummary outcome="Failed"><Counters total="152" executed="152" passed="151" failed="1" error="0" timeout="0" aborted="0" inconclusive="0" passedButRunAborted="0" notRunnable="0" notExecuted="0" disconnected="0" warning="0" completed="0" inProgress="0" pending="0" /><Output><StdOut>[xUnit.net 00:00:01.0802647]   Discovering: ModelRelief.Test[xUnit.net 00:00:01.2192542]   Discovered:  ModelRelief.Test[xUnit.net 00:00:01.2254793]   Starting:    ModelRelief.Test[xUnit.net 00:00:12.5242111]       Expected requestResponse.Message.StatusCode to be OK, but found BadRequest.[xUnit.net 00:00:12.5253886]       Stack Trace:[xUnit.net 00:00:12.5266906]         C:\projects\fluentassertions-vf06b\Src\FluentAssertions\Execution\XUnit2TestFramework.cs(32,0): at FluentAssertions.Execution.XUnit2TestFramework.Throw(String message)[xUnit.net 00:00:12.5270588]         C:\projects\fluentassertions-vf06b\Src\FluentAssertions\Execution\AssertionScope.cs(225,0): at FluentAssertions.Execution.AssertionScope.FailWith(String message, Object[] args)[xUnit.net 00:00:12.5271432]         C:\projects\fluentassertions-vf06b\Src\FluentAssertions\Primitives\ObjectAssertions.cs(42,0): at FluentAssertions.Primitives.ObjectAssertions.Be(Object expected, String because, Object[] becauseArgs)[xUnit.net 00:00:12.5272299]         D:\Users\Steve Knipmeyer\Documents\GitHub\ModelRelief\ModelRelief.test\TestModelFactories\TestModelFactory.cs(201,0): at ModelRelief.Test.TestModels.TestModelFactory`2.&lt;PutModel&gt;d__44.MoveNext()[xUnit.net 00:00:12.5272919]         --- End of stack trace from previous location where exception was thrown ---[xUnit.net 00:00:12.5273564]            at System.Runtime.ExceptionServices.ExceptionDispatchInfo.Throw()[xUnit.net 00:00:12.5274238]            at System.Runtime.CompilerServices.TaskAwaiter.HandleNonSuccessAndDebuggerNotification(Task task)[xUnit.net 00:00:12.5274880]            at System.Runtime.CompilerServices.TaskAwaiter`1.GetResult()[xUnit.net 00:00:12.5275688]         D:\Users\Steve Knipmeyer\Documents\GitHub\ModelRelief\ModelRelief.test\Integration\File\Meshes\MeshesFileIntegrationTests.cs(189,0): at ModelRelief.Test.Integration.Meshes.MeshesFileIntegrationTests.&lt;FileRequest_MeshGenerateSetsFileIsSynchronized&gt;d__5.MoveNext()[xUnit.net 00:00:12.5276270]         --- End of stack trace from previous location where exception was thrown ---[xUnit.net 00:00:12.5276899]            at System.Runtime.ExceptionServices.ExceptionDispatchInfo.Throw()[xUnit.net 00:00:12.5277655]         D:\Users\Steve Knipmeyer\Documents\GitHub\ModelRelief\ModelRelief.test\Integration\File\Meshes\MeshesFileIntegrationTests.cs(198,0): at ModelRelief.Test.Integration.Meshes.MeshesFileIntegrationTests.&lt;FileRequest_MeshGenerateSetsFileIsSynchronized&gt;d__5.MoveNext()[xUnit.net 00:00:12.5278169]         --- End of stack trace from previous location where exception was thrown ---[xUnit.net 00:00:12.5278701]            at System.Runtime.ExceptionServices.ExceptionDispatchInfo.Throw()[xUnit.net 00:00:12.5279275]            at System.Runtime.CompilerServices.TaskAwaiter.HandleNonSuccessAndDebuggerNotification(Task task)[xUnit.net 00:00:12.5279727]         --- End of stack trace from previous location where exception was thrown ---[xUnit.net 00:00:12.5280336]            at System.Runtime.ExceptionServices.ExceptionDispatchInfo.Throw()[xUnit.net 00:00:12.5281228]            at System.Runtime.CompilerServices.TaskAwaiter.HandleNonSuccessAndDebuggerNotification(Task task)[xUnit.net 00:00:12.5281893]         --- End of stack trace from previous location where exception was thrown ---[xUnit.net 00:00:12.5282573]            at System.Runtime.ExceptionServices.ExceptionDispatchInfo.Throw()[xUnit.net 00:00:12.5283170]            at System.Runtime.CompilerServices.TaskAwaiter.HandleNonSuccessAndDebuggerNotification(Task task)[xUnit.net 00:00:17.7823476]   Finished:    ModelRelief.Test</StdOut></Output><RunInfos><RunInfo computerName="VECTOR" outcome="Error" timestamp="2018-07-19T07:24:42.0479724-04:00"><Text>[xUnit.net 00:00:12.5228350]     FileRequest_MeshGenerateSetsFileIsSynchronized [FAIL]</Text></RunInfo></RunInfos></ResultSummary></TestRun>