<?xml version="1.0" encoding="utf-8"?><TestRun id="13752da4-47b6-46a5-86dc-312f53f54cde" name="Steve Knipmeyer@VECTOR 2018-08-23 10:16:05" runUser="VECTOR\Steve Knipmeyer" xmlns="http://microsoft.com/schemas/VisualStudio/TeamTest/2010"><Times creation="2018-08-23T10:16:05.6190735-04:00" queuing="2018-08-23T10:16:05.6190830-04:00" start="2018-08-23T10:16:01.0596501-04:00" finish="2018-08-23T10:16:22.1402766-04:00" /><TestSettings name="default" id="632c51fc-cfb1-40f3-9aca-ce1d10949da2"><Deployment runDeploymentRoot="Steve_Knipmeyer_VECTOR_2018-08-23_10_16_05" /></TestSettings><Results><UnitTestResult executionId="f2b29357-c149-4359-a551-6928b2abcc29" testId="541794cc-5a6f-46af-b52d-57c49dd22a11" testName="Post_InvalidReferencePropertyReturnsBadRequest" computerName="VECTOR" duration="00:00:00.0070000" startTime="2018-08-23T10:16:05.5975469-04:00" endTime="2018-08-23T10:16:05.5975489-04:00" testType="13cdc9d9-ddb5-4fa4-a97d-d965ccfc6d4b" outcome="Passed" testListId="8c84fa94-04c1-424b-9868-57a2d4851a1d" relativeResultsDirectory="f2b29357-c149-4359-a551-6928b2abcc29" /><UnitTestResult executionId="bcd1e462-e33d-4536-8066-a677d0639e34" testId="9c2306d8-15fe-4d41-90c4-f38f1cc1aae6" testName="Patch_InvalidIdPropertyReturnsNotFound" computerName="VECTOR" duration="00:00:00.0230000" startTime="2018-08-23T10:16:11.0475953-04:00" endTime="2018-08-23T10:16:11.0476021-04:00" testType="13cdc9d9-ddb5-4fa4-a97d-d965ccfc6d4b" outcome="Passed" testListId="8c84fa94-04c1-424b-9868-57a2d4851a1d" relativeResultsDirectory="bcd1e462-e33d-4536-8066-a677d0639e34" /><UnitTestResult executionId="6d2d78da-ec93-4c1c-8ab3-139321378e10" testId="a9aaa551-4b9b-4a82-ab35-f476ccd15b0f" testName="Put_ValidReferencePropertyUpdatesModel" computerName="VECTOR" duration="00:00:00.1170000" startTime="2018-08-23T10:16:08.3292662-04:00" endTime="2018-08-23T10:16:08.3292723-04:00" testType="13cdc9d9-ddb5-4fa4-a97d-d965ccfc6d4b" outcome="Passed" testListId="8c84fa94-04c1-424b-9868-57a2d4851a1d" relativeResultsDirectory="6d2d78da-ec93-4c1c-8ab3-139321378e10" /><UnitTestResult executionId="3144edb7-df94-49ca-9c68-79cd20db0b86" testId="f28b0991-570a-4c69-951b-95f58686f314" testName="Put_InvalidReferencePropertyReturndBadRequest" computerName="VECTOR" duration="00:00:00.0410000" startTime="2018-08-23T10:16:18.8966746-04:00" endTime="2018-08-23T10:16:18.8966811-04:00" testType="13cdc9d9-ddb5-4fa4-a97d-d965ccfc6d4b" outcome="Passed" testListId="8c84fa94-04c1-424b-9868-57a2d4851a1d" relativeResultsDirectory="3144edb7-df94-49ca-9c68-79cd20db0b86" /><UnitTestResult executionId="43be662e-475f-4e72-89bb-85b37dfcbb87" testId="75bfea2d-2cdb-4d15-bb76-d8e2e0fcd00e" testName="Post_InvalidReferencePropertyReturnsBadRequest" computerName="VECTOR" duration="00:00:00.3110000" startTime="2018-08-23T10:16:06.3667429-04:00" endTime="2018-08-23T10:16:06.3667520-04:00" testType="13cdc9d9-ddb5-4fa4-a97d-d965ccfc6d4b" outcome="Passed" testListId="8c84fa94-04c1-424b-9868-57a2d4851a1d" relativeResultsDirectory="43be662e-475f-4e72-89bb-85b37dfcbb87" /><UnitTestResult executionId="ed4004cd-f408-4da9-8223-6f541258279b" testId="cef9906e-2a07-4c59-ad06-63c1d6d770bf" testName="Post_ValidReferencePropertyCreatesModel" computerName="VECTOR" duration="00:00:00.0240000" startTime="2018-08-23T10:16:06.8735658-04:00" endTime="2018-08-23T10:16:06.8735720-04:00" testType="13cdc9d9-ddb5-4fa4-a97d-d965ccfc6d4b" outcome="Passed" testListId="8c84fa94-04c1-424b-9868-57a2d4851a1d" relativeResultsDirectory="ed4004cd-f408-4da9-8223-6f541258279b" /><UnitTestResult executionId="91e0fd4c-eb95-4797-b703-2169643ba7b3" testId="5d31590c-998a-4703-b406-434a9170a74e" testName="GetSingle_InvalidIdPropertyValueReturnsNotFound" computerName="VECTOR" duration="00:00:00.0120000" startTime="2018-08-23T10:16:05.9540222-04:00" endTime="2018-08-23T10:16:05.9540293-04:00" testType="13cdc9d9-ddb5-4fa4-a97d-d965ccfc6d4b" outcome="Passed" testListId="8c84fa94-04c1-424b-9868-57a2d4851a1d" relativeResultsDirectory="91e0fd4c-eb95-4797-b703-2169643ba7b3" /><UnitTestResult executionId="0e014550-62fa-492e-8054-01acaacf9080" testId="2d4b6dcb-56aa-4ede-a1ae-d08925567d2e" testName="Patch_InvalidReferencePropertyReturnsBadRequest" computerName="VECTOR" duration="00:00:00.0080000" startTime="2018-08-23T10:16:05.8701458-04:00" endTime="2018-08-23T10:16:05.8701483-04:00" testType="13cdc9d9-ddb5-4fa4-a97d-d965ccfc6d4b" outcome="Passed" testListId="8c84fa94-04c1-424b-9868-57a2d4851a1d" relativeResultsDirectory="0e014550-62fa-492e-8054-01acaacf9080" /><UnitTestResult executionId="180a3077-3c0f-4ed1-a4e1-9b954aa3f668" testId="eadb2293-4da0-483c-80b0-60463d611e50" testName="GetFile_FileCanBeRoundTripped" computerName="VECTOR" duration="00:00:00.0790000" startTime="2018-08-23T10:16:21.5622130-04:00" endTime="2018-08-23T10:16:21.5622186-04:00" testType="13cdc9d9-ddb5-4fa4-a97d-d965ccfc6d4b" outcome="Passed" testListId="8c84fa94-04c1-424b-9868-57a2d4851a1d" relativeResultsDirectory="180a3077-3c0f-4ed1-a4e1-9b954aa3f668" /><UnitTestResult executionId="f050969a-70e0-4248-8bd0-0851907db01b" testId="ba38b0df-bda6-4649-8029-d3baa039c27a" testName="Patch_InvalidIdPropertyReturnsNotFound" computerName="VECTOR" duration="00:00:00.0130000" startTime="2018-08-23T10:16:06.0389879-04:00" endTime="2018-08-23T10:16:06.0389932-04:00" testType="13cdc9d9-ddb5-4fa4-a97d-d965ccfc6d4b" outcome="Passed" testListId="8c84fa94-04c1-424b-9868-57a2d4851a1d" relativeResultsDirectory="f050969a-70e0-4248-8bd0-0851907db01b" /><UnitTestResult executionId="42832f83-cf49-4428-bde8-2d1723d8075e" testId="3adafa59-8f93-4307-be17-1c917680f6c2" testName="Post_ValidReferencePropertyCreatesModel" computerName="VECTOR" duration="00:00:00.0310000" startTime="2018-08-23T10:16:08.3749560-04:00" endTime="2018-08-23T10:16:08.3749628-04:00" testType="13cdc9d9-ddb5-4fa4-a97d-d965ccfc6d4b" outcome="Passed" testListId="8c84fa94-04c1-424b-9868-57a2d4851a1d" relativeResultsDirectory="42832f83-cf49-4428-bde8-2d1723d8075e" /><UnitTestResult executionId="de84e112-7c6a-4485-b5fa-695137d05a26" testId="6ce88ae5-85c4-4061-876e-bed583a61b8a" testName="Patch_TargetPropertyIsUpdated" computerName="VECTOR" duration="00:00:00.0580000" startTime="2018-08-23T10:16:10.9321424-04:00" endTime="2018-08-23T10:16:10.9321488-04:00" testType="13cdc9d9-ddb5-4fa4-a97d-d965ccfc6d4b" outcome="Passed" testListId="8c84fa94-04c1-424b-9868-57a2d4851a1d" relativeResultsDirectory="de84e112-7c6a-4485-b5fa-695137d05a26" /><UnitTestResult executionId="19eea264-ac46-4cd1-b6b9-a2c97c24ae20" testId="953eade2-58e1-488e-9d1b-324c814ce6d3" testName="Post_CanCreateNewModel" computerName="VECTOR" duration="00:00:00.0300000" startTime="2018-08-23T10:16:08.1782274-04:00" endTime="2018-08-23T10:16:08.1782335-04:00" testType="13cdc9d9-ddb5-4fa4-a97d-d965ccfc6d4b" outcome="Passed" testListId="8c84fa94-04c1-424b-9868-57a2d4851a1d" relativeResultsDirectory="19eea264-ac46-4cd1-b6b9-a2c97c24ae20" /><UnitTestResult executionId="42bbdefd-c47c-4463-9aaf-9ccdddb8da05" testId="520e010c-05e6-4be7-9551-90f867dbf0a5" testName="Put_InvalidIdReturnsNotFound" computerName="VECTOR" duration="00:00:00.0360000" startTime="2018-08-23T10:16:05.9224556-04:00" endTime="2018-08-23T10:16:05.9224613-04:00" testType="13cdc9d9-ddb5-4fa4-a97d-d965ccfc6d4b" outcome="Passed" testListId="8c84fa94-04c1-424b-9868-57a2d4851a1d" relativeResultsDirectory="42bbdefd-c47c-4463-9aaf-9ccdddb8da05" /><UnitTestResult executionId="1ef04b3f-a791-417c-b8df-ffa14f88dcaf" testId="7818b486-4829-40a2-ae43-6a430be35458" testName="Patch_ValidReferencePropertyUpdatesModel" computerName="VECTOR" duration="00:00:00.0550000" startTime="2018-08-23T10:16:21.9140966-04:00" endTime="2018-08-23T10:16:21.9141026-04:00" testType="13cdc9d9-ddb5-4fa4-a97d-d965ccfc6d4b" outcome="Passed" testListId="8c84fa94-04c1-424b-9868-57a2d4851a1d" relativeResultsDirectory="1ef04b3f-a791-417c-b8df-ffa14f88dcaf" /><UnitTestResult executionId="9eaa2550-52f4-4aa9-9b1d-0cbd9710fe76" testId="a6bf0246-2b6d-4003-9717-4e557aa41e3c" testName="GetList_ListReturnsCorrectCount" computerName="VECTOR" duration="00:00:00.9820000" startTime="2018-08-23T10:16:09.6429541-04:00" endTime="2018-08-23T10:16:09.6429601-04:00" testType="13cdc9d9-ddb5-4fa4-a97d-d965ccfc6d4b" outcome="Passed" testListId="8c84fa94-04c1-424b-9868-57a2d4851a1d" relativeResultsDirectory="9eaa2550-52f4-4aa9-9b1d-0cbd9710fe76" /><UnitTestResult executionId="c6975419-c052-40e8-9c9a-e670bfe659ab" testId="b6857ecf-1d5c-4925-a234-2d57f6f8d3cd" testName="Post_ValidReferencePropertyCreatesModel" computerName="VECTOR" duration="00:00:00.0290000" startTime="2018-08-23T10:16:19.4425807-04:00" endTime="2018-08-23T10:16:19.4425870-04:00" testType="13cdc9d9-ddb5-4fa4-a97d-d965ccfc6d4b" outcome="Passed" testListId="8c84fa94-04c1-424b-9868-57a2d4851a1d" relativeResultsDirectory="c6975419-c052-40e8-9c9a-e670bfe659ab" /><UnitTestResult executionId="49cc9e66-c732-412c-a5f7-f74de0e30982" testId="18379885-30a9-409e-a1f8-c1884a2a7467" testName="Patch_InvalidPropertyNameReturnsBadRequest" computerName="VECTOR" duration="00:00:00.0120000" startTime="2018-08-23T10:16:21.8478994-04:00" endTime="2018-08-23T10:16:21.8479052-04:00" testType="13cdc9d9-ddb5-4fa4-a97d-d965ccfc6d4b" outcome="Passed" testListId="8c84fa94-04c1-424b-9868-57a2d4851a1d" relativeResultsDirectory="49cc9e66-c732-412c-a5f7-f74de0e30982" /><UnitTestResult executionId="40fd2fe7-ceb6-4420-94b0-ef9ab05cb8e6" testId="eca90431-78b9-4ef9-8027-8eef3bf3d60e" testName="PostFile_NewFileCanBePosted" computerName="VECTOR" duration="00:00:00.0760000" startTime="2018-08-23T10:16:15.0118155-04:00" endTime="2018-08-23T10:16:15.0118209-04:00" testType="13cdc9d9-ddb5-4fa4-a97d-d965ccfc6d4b" outcome="Passed" testListId="8c84fa94-04c1-424b-9868-57a2d4851a1d" relativeResultsDirectory="40fd2fe7-ceb6-4420-94b0-ef9ab05cb8e6" /><UnitTestResult executionId="9764ee56-3361-4895-ba69-2eb158a04ebe" testId="d2aa03bb-87c2-46cb-a0d0-37582a078cbf" testName="Patch_TargetPropertyIsUpdated" computerName="VECTOR" duration="00:00:00.1750000" startTime="2018-08-23T10:16:06.5420658-04:00" endTime="2018-08-23T10:16:06.5420724-04:00" testType="13cdc9d9-ddb5-4fa4-a97d-d965ccfc6d4b" outcome="Passed" testListId="8c84fa94-04c1-424b-9868-57a2d4851a1d" relativeResultsDirectory="9764ee56-3361-4895-ba69-2eb158a04ebe" /><UnitTestResult executionId="38ee69be-1870-40d8-a8ac-0405edf45a19" testId="10398531-c6f1-47e2-995f-3ddfc5ba3f23" testName="Patch_InvalidPropertyNameReturnsBadRequest" computerName="VECTOR" duration="00:00:00.0230000" startTime="2018-08-23T10:16:06.7053919-04:00" endTime="2018-08-23T10:16:06.7053975-04:00" testType="13cdc9d9-ddb5-4fa4-a97d-d965ccfc6d4b" outcome="Passed" testListId="8c84fa94-04c1-424b-9868-57a2d4851a1d" relativeResultsDirectory="38ee69be-1870-40d8-a8ac-0405edf45a19" /><UnitTestResult executionId="817554f9-e80c-4860-86ad-3ddb7deec1c7" testId="4e3d8fde-16fb-4e77-8e8b-8612f17e0e41" testName="Post_CanCreateNewModel" computerName="VECTOR" duration="00:00:00.0240000" startTime="2018-08-23T10:16:21.6015873-04:00" endTime="2018-08-23T10:16:21.6015932-04:00" testType="13cdc9d9-ddb5-4fa4-a97d-d965ccfc6d4b" outcome="Passed" testListId="8c84fa94-04c1-424b-9868-57a2d4851a1d" relativeResultsDirectory="817554f9-e80c-4860-86ad-3ddb7deec1c7" /><UnitTestResult executionId="e6d1f2ac-bc42-4225-87e2-25c08229f273" testId="ebf7e483-4d92-4001-b99a-92f27b8ab8e7" testName="PostFile_FileIsSynchronizedIsUpdatedAfterFileIsPosted" computerName="VECTOR" duration="00:00:00.0900000" startTime="2018-08-23T10:16:18.6719016-04:00" endTime="2018-08-23T10:16:18.6719075-04:00" testType="13cdc9d9-ddb5-4fa4-a97d-d965ccfc6d4b" outcome="Passed" testListId="8c84fa94-04c1-424b-9868-57a2d4851a1d" relativeResultsDirectory="e6d1f2ac-bc42-4225-87e2-25c08229f273" /><UnitTestResult executionId="1a570c1b-3d82-468f-9e90-e4ddfdd5375e" testId="d612bdce-16bc-494f-9ef8-4efcf25ae9cd" testName="GetSingle_InvalidIdPropertyValueReturnsNotFound" computerName="VECTOR" duration="00:00:00.0190000" startTime="2018-08-23T10:16:19.4125853-04:00" endTime="2018-08-23T10:16:19.4125918-04:00" testType="13cdc9d9-ddb5-4fa4-a97d-d965ccfc6d4b" outcome="Passed" testListId="8c84fa94-04c1-424b-9868-57a2d4851a1d" relativeResultsDirectory="1a570c1b-3d82-468f-9e90-e4ddfdd5375e" /><UnitTestResult executionId="34992075-f134-49cd-9878-c430ef3dd073" testId="4da32cac-2666-4916-a24a-e51f199ba183" testName="Put_CanUpdateModel" computerName="VECTOR" duration="00:00:00.0630000" startTime="2018-08-23T10:16:08.6177529-04:00" endTime="2018-08-23T10:16:08.6177592-04:00" testType="13cdc9d9-ddb5-4fa4-a97d-d965ccfc6d4b" outcome="Passed" testListId="8c84fa94-04c1-424b-9868-57a2d4851a1d" relativeResultsDirectory="34992075-f134-49cd-9878-c430ef3dd073" /><UnitTestResult executionId="a5d7f2ca-1c95-4811-87ce-bbaad7a068fe" testId="6692a348-6247-46c4-b57a-32e18d2f78cf" testName="GetSingle_ValidIdPropertyValueReturnsCorrectModel" computerName="VECTOR" duration="00:00:00.0260000" startTime="2018-08-23T10:16:11.2350351-04:00" endTime="2018-08-23T10:16:11.2350410-04:00" testType="13cdc9d9-ddb5-4fa4-a97d-d965ccfc6d4b" outcome="Passed" testListId="8c84fa94-04c1-424b-9868-57a2d4851a1d" relativeResultsDirectory="a5d7f2ca-1c95-4811-87ce-bbaad7a068fe" /><UnitTestResult executionId="b55a1191-6806-4e5d-8db2-756ebdab9d34" testId="ec0a9de9-3fd2-43ac-8baf-f568d8f14ba2" testName="Put_CanUpdateModel" computerName="VECTOR" duration="00:00:00.4660000" startTime="2018-08-23T10:16:10.7915571-04:00" endTime="2018-08-23T10:16:10.7915640-04:00" testType="13cdc9d9-ddb5-4fa4-a97d-d965ccfc6d4b" outcome="Passed" testListId="8c84fa94-04c1-424b-9868-57a2d4851a1d" relativeResultsDirectory="b55a1191-6806-4e5d-8db2-756ebdab9d34" /><UnitTestResult executionId="0eaa2a0c-d96a-429d-b721-9752906ff408" testId="3196a748-6f81-44b5-988b-4a27a4d4ffdb" testName="Patch_InvalidReferencePropertyReturnsBadRequest" computerName="VECTOR" duration="00:00:00.0330000" startTime="2018-08-23T10:16:11.0009942-04:00" endTime="2018-08-23T10:16:11.0010006-04:00" testType="13cdc9d9-ddb5-4fa4-a97d-d965ccfc6d4b" outcome="Passed" testListId="8c84fa94-04c1-424b-9868-57a2d4851a1d" relativeResultsDirectory="0eaa2a0c-d96a-429d-b721-9752906ff408" /><UnitTestResult executionId="9ec7b738-5120-45af-8c1b-0c5df17309c1" testId="179acfab-e9b0-4359-a9a1-96fb0a817ed8" testName="GetSingle_ValidIdPropertyValueReturnsCorrectModel" computerName="VECTOR" duration="00:00:00.0130000" startTime="2018-08-23T10:16:21.5768004-04:00" endTime="2018-08-23T10:16:21.5768064-04:00" testType="13cdc9d9-ddb5-4fa4-a97d-d965ccfc6d4b" outcome="Passed" testListId="8c84fa94-04c1-424b-9868-57a2d4851a1d" relativeResultsDirectory="9ec7b738-5120-45af-8c1b-0c5df17309c1" /><UnitTestResult executionId="c5fc34eb-2dc1-4e3b-9dc6-7511c3a2f3e6" testId="d34dc496-fc5b-4461-a8b5-7e7818a080ed" testName="Patch_TargetPropertyIsUpdated" computerName="VECTOR" duration="00:00:00.0540000" startTime="2018-08-23T10:16:19.0331835-04:00" endTime="2018-08-23T10:16:19.0331901-04:00" testType="13cdc9d9-ddb5-4fa4-a97d-d965ccfc6d4b" outcome="Passed" testListId="8c84fa94-04c1-424b-9868-57a2d4851a1d" relativeResultsDirectory="c5fc34eb-2dc1-4e3b-9dc6-7511c3a2f3e6" /><UnitTestResult executionId="25018f85-0abf-4378-845e-0517dc0fea7b" testId="8f4a1d05-7ea9-404b-a1a3-a588443f0754" testName="Put_InvalidReferencePropertyReturndBadRequest" computerName="VECTOR" duration="00:00:00.0130000" startTime="2018-08-23T10:16:06.0251734-04:00" endTime="2018-08-23T10:16:06.0251794-04:00" testType="13cdc9d9-ddb5-4fa4-a97d-d965ccfc6d4b" outcome="Passed" testListId="8c84fa94-04c1-424b-9868-57a2d4851a1d" relativeResultsDirectory="25018f85-0abf-4378-845e-0517dc0fea7b" /><UnitTestResult executionId="457558ee-8373-4530-a32e-1e80c7b99107" testId="7b7bba6a-a2d4-4e3c-b128-31d99989c34f" testName="Post_InvalidPropertyValueReturnsBadRequest" computerName="VECTOR" duration="00:00:00.0110000" startTime="2018-08-23T10:16:21.8591003-04:00" endTime="2018-08-23T10:16:21.8591039-04:00" testType="13cdc9d9-ddb5-4fa4-a97d-d965ccfc6d4b" outcome="Passed" testListId="8c84fa94-04c1-424b-9868-57a2d4851a1d" relativeResultsDirectory="457558ee-8373-4530-a32e-1e80c7b99107" /><UnitTestResult executionId="6702bc73-a402-4f4b-9201-ef4adb3654b4" testId="6d055de6-9e3a-4f87-9e91-8b257649ed2e" testName="GetList_ListReturnsCorrectCount" computerName="VECTOR" duration="00:00:00.0150000" startTime="2018-08-23T10:16:21.6608735-04:00" endTime="2018-08-23T10:16:21.6608795-04:00" testType="13cdc9d9-ddb5-4fa4-a97d-d965ccfc6d4b" outcome="Passed" testListId="8c84fa94-04c1-424b-9868-57a2d4851a1d" relativeResultsDirectory="6702bc73-a402-4f4b-9201-ef4adb3654b4" /><UnitTestResult executionId="80c44374-f4b4-4f8a-813c-699b50f3587e" testId="b7a3b567-0e46-4c84-b4f4-a5c336e2dcd7" testName="PostFile_NewFileCanBePosted" computerName="VECTOR" duration="00:00:00.0770000" startTime="2018-08-23T10:16:21.4825327-04:00" endTime="2018-08-23T10:16:21.4825380-04:00" testType="13cdc9d9-ddb5-4fa4-a97d-d965ccfc6d4b" outcome="Passed" testListId="8c84fa94-04c1-424b-9868-57a2d4851a1d" relativeResultsDirectory="80c44374-f4b4-4f8a-813c-699b50f3587e" /><UnitTestResult executionId="d054be08-4bab-4dc7-a4dd-a054638a5b9f" testId="b96897a7-88d0-4e65-9ea3-79c95a5c2046" testName="Delete_TargetModelIsDeleted" computerName="VECTOR" duration="00:00:00.0380000" startTime="2018-08-23T10:16:11.2084899-04:00" endTime="2018-08-23T10:16:11.2084964-04:00" testType="13cdc9d9-ddb5-4fa4-a97d-d965ccfc6d4b" outcome="Passed" testListId="8c84fa94-04c1-424b-9868-57a2d4851a1d" relativeResultsDirectory="d054be08-4bab-4dc7-a4dd-a054638a5b9f" /><UnitTestResult executionId="b5db6997-24d1-4510-9f36-13a663f70c40" testId="e0677010-4abe-4f05-b56b-c5cc399488eb" testName="Delete_TargetModelIsDeleted" computerName="VECTOR" duration="00:00:00.1050000" startTime="2018-08-23T10:16:08.1220992-04:00" endTime="2018-08-23T10:16:08.1221053-04:00" testType="13cdc9d9-ddb5-4fa4-a97d-d965ccfc6d4b" outcome="Passed" testListId="8c84fa94-04c1-424b-9868-57a2d4851a1d" relativeResultsDirectory="b5db6997-24d1-4510-9f36-13a663f70c40" /><UnitTestResult executionId="f811f203-7ca4-4826-89bd-c44f0ce1321e" testId="88f56a6b-b534-400a-be26-dcaf66c8aed3" testName="Post_InvalidPropertyValueReturnsBadRequest" computerName="VECTOR" duration="00:00:00.0170000" startTime="2018-08-23T10:16:19.3369244-04:00" endTime="2018-08-23T10:16:19.3369318-04:00" testType="13cdc9d9-ddb5-4fa4-a97d-d965ccfc6d4b" outcome="Passed" testListId="8c84fa94-04c1-424b-9868-57a2d4851a1d" relativeResultsDirectory="f811f203-7ca4-4826-89bd-c44f0ce1321e" /><UnitTestResult executionId="fb79fd65-c1c0-484f-9023-e3baa0ed295d" testId="8d4e1268-d6fb-485f-a185-bf0549e59f82" testName="Delete_TargetModelIsDeleted" computerName="VECTOR" duration="00:00:00.1930000" startTime="2018-08-23T10:16:05.7910465-04:00" endTime="2018-08-23T10:16:05.7910528-04:00" testType="13cdc9d9-ddb5-4fa4-a97d-d965ccfc6d4b" outcome="Passed" testListId="8c84fa94-04c1-424b-9868-57a2d4851a1d" relativeResultsDirectory="fb79fd65-c1c0-484f-9023-e3baa0ed295d" /><UnitTestResult executionId="005b8aad-272c-4349-8721-2b601c57e138" testId="37618fa5-2a70-4f74-8501-f83c023864df" testName="Patch_InvalidReferencePropertyReturnsBadRequest" computerName="VECTOR" duration="00:00:00.0170000" startTime="2018-08-23T10:16:08.1960463-04:00" endTime="2018-08-23T10:16:08.1960524-04:00" testType="13cdc9d9-ddb5-4fa4-a97d-d965ccfc6d4b" outcome="Passed" testListId="8c84fa94-04c1-424b-9868-57a2d4851a1d" relativeResultsDirectory="005b8aad-272c-4349-8721-2b601c57e138" /><UnitTestResult executionId="4e04a838-1403-4f3b-afed-e3966697e5d1" testId="9204bc95-5ff0-4fec-99df-8c7da70807e4" testName="MeshTransformHasExpectedDependentFiles" computerName="VECTOR" duration="00:00:00.0010000" startTime="2018-08-23T10:16:04.9465634-04:00" endTime="2018-08-23T10:16:04.9465657-04:00" testType="13cdc9d9-ddb5-4fa4-a97d-d965ccfc6d4b" outcome="Passed" testListId="8c84fa94-04c1-424b-9868-57a2d4851a1d" relativeResultsDirectory="4e04a838-1403-4f3b-afed-e3966697e5d1" /><UnitTestResult executionId="461bbd8e-218c-46a6-ab9a-e84c25384a10" testId="a72a13ec-2f10-4366-b6ee-8fc8bdfc135d" testName="PostFile_NewFileCanBePosted" computerName="VECTOR" duration="00:00:00.0740000" startTime="2018-08-23T10:16:07.7140648-04:00" endTime="2018-08-23T10:16:07.7140695-04:00" testType="13cdc9d9-ddb5-4fa4-a97d-d965ccfc6d4b" outcome="Passed" testListId="8c84fa94-04c1-424b-9868-57a2d4851a1d" relativeResultsDirectory="461bbd8e-218c-46a6-ab9a-e84c25384a10" /><UnitTestResult executionId="537d8e20-46f6-44b1-95ca-2907e8d9c811" testId="c78beaab-8b81-4421-919a-0160240fe49f" testName="Put_CanUpdateModel" computerName="VECTOR" duration="00:00:00.0560000" startTime="2018-08-23T10:16:21.7513649-04:00" endTime="2018-08-23T10:16:21.7513713-04:00" testType="13cdc9d9-ddb5-4fa4-a97d-d965ccfc6d4b" outcome="Passed" testListId="8c84fa94-04c1-424b-9868-57a2d4851a1d" relativeResultsDirectory="537d8e20-46f6-44b1-95ca-2907e8d9c811" /><UnitTestResult executionId="1862a75c-0589-451f-9ec6-9f36da8f0258" testId="5352967c-13c2-401f-a12a-ac185d0813f8" testName="GetFile_NonExistentFileReturnsNotFound" computerName="VECTOR" duration="00:00:00.0290000" startTime="2018-08-23T10:16:11.3256567-04:00" endTime="2018-08-23T10:16:11.3256635-04:00" testType="13cdc9d9-ddb5-4fa4-a97d-d965ccfc6d4b" outcome="Passed" testListId="8c84fa94-04c1-424b-9868-57a2d4851a1d" relativeResultsDirectory="1862a75c-0589-451f-9ec6-9f36da8f0258" /><UnitTestResult executionId="75a1745d-2fcb-43c0-800d-6a3b6e7c55b3" testId="a06a6475-8c15-4afe-9d63-c2fc0d5379f1" testName="GetList_ListReturnsCorrectCount" computerName="VECTOR" duration="00:00:00.0240000" startTime="2018-08-23T10:16:18.8352376-04:00" endTime="2018-08-23T10:16:18.8352442-04:00" testType="13cdc9d9-ddb5-4fa4-a97d-d965ccfc6d4b" outcome="Passed" testListId="8c84fa94-04c1-424b-9868-57a2d4851a1d" relativeResultsDirectory="75a1745d-2fcb-43c0-800d-6a3b6e7c55b3" /><UnitTestResult executionId="3e3375f5-d2d8-45f7-bb22-6f00ceb402da" testId="539813fc-aa04-40bd-833c-b8ef09c1222b" testName="Patch_InvalidPropertyNameReturnsBadRequest" computerName="VECTOR" duration="00:00:00.0210000" startTime="2018-08-23T10:16:08.0168505-04:00" endTime="2018-08-23T10:16:08.0168560-04:00" testType="13cdc9d9-ddb5-4fa4-a97d-d965ccfc6d4b" outcome="Passed" testListId="8c84fa94-04c1-424b-9868-57a2d4851a1d" relativeResultsDirectory="3e3375f5-d2d8-45f7-bb22-6f00ceb402da" /><UnitTestResult executionId="130d4a1b-328b-4eef-9f3e-0777412d3b55" testId="147a581e-26b1-4de4-8176-4da2196c4c6c" testName="Patch_InvalidEnumPropertyValueReturnsBadRequest" computerName="VECTOR" duration="00:00:00.0080000" startTime="2018-08-23T10:16:05.9419868-04:00" endTime="2018-08-23T10:16:05.9419899-04:00" testType="13cdc9d9-ddb5-4fa4-a97d-d965ccfc6d4b" outcome="Passed" testListId="8c84fa94-04c1-424b-9868-57a2d4851a1d" relativeResultsDirectory="130d4a1b-328b-4eef-9f3e-0777412d3b55" /><UnitTestResult executionId="b14006b7-ea7b-4099-a833-20e9fe908cbe" testId="4d605bbe-736d-43cd-a2ed-835470f6466f" testName="PostFile_FileTimeStampIsUpdatedAfterFileIsPosted" computerName="VECTOR" duration="00:00:01.1490000" startTime="2018-08-23T10:16:20.6802787-04:00" endTime="2018-08-23T10:16:20.6802853-04:00" testType="13cdc9d9-ddb5-4fa4-a97d-d965ccfc6d4b" outcome="Passed" testListId="8c84fa94-04c1-424b-9868-57a2d4851a1d" relativeResultsDirectory="b14006b7-ea7b-4099-a833-20e9fe908cbe" /><UnitTestResult executionId="93c7c462-6c13-44b6-82eb-13c06f193938" testId="e471c50c-da60-4291-ba78-e94a78fdf5cd" testName="GetFile_ExistingFileReturnsSuccess" computerName="VECTOR" duration="00:00:00.0350000" startTime="2018-08-23T10:16:19.5309795-04:00" endTime="2018-08-23T10:16:19.5309866-04:00" testType="13cdc9d9-ddb5-4fa4-a97d-d965ccfc6d4b" outcome="Passed" testListId="8c84fa94-04c1-424b-9868-57a2d4851a1d" relativeResultsDirectory="93c7c462-6c13-44b6-82eb-13c06f193938" /><UnitTestResult executionId="df937a2a-544a-4cdc-a17f-66e7971e6970" testId="d86ab6aa-05e5-45c4-b7dc-a661d43b212b" testName="Post_InvalidReferencePropertyReturnsBadRequest" computerName="VECTOR" duration="00:00:00.0210000" startTime="2018-08-23T10:16:19.2722608-04:00" endTime="2018-08-23T10:16:19.2722668-04:00" testType="13cdc9d9-ddb5-4fa4-a97d-d965ccfc6d4b" outcome="Passed" testListId="8c84fa94-04c1-424b-9868-57a2d4851a1d" relativeResultsDirectory="df937a2a-544a-4cdc-a17f-66e7971e6970" /><UnitTestResult executionId="dc17ffbf-a8ab-469e-8a23-eef5cb67e8f4" testId="5ab45793-ea4b-4a27-8cca-0b0c0aeb5423" testName="Patch_TargetPropertyIsUpdated" computerName="VECTOR" duration="00:00:00.0640000" startTime="2018-08-23T10:16:08.5540998-04:00" endTime="2018-08-23T10:16:08.5541061-04:00" testType="13cdc9d9-ddb5-4fa4-a97d-d965ccfc6d4b" outcome="Passed" testListId="8c84fa94-04c1-424b-9868-57a2d4851a1d" relativeResultsDirectory="dc17ffbf-a8ab-469e-8a23-eef5cb67e8f4" /><UnitTestResult executionId="eefa47fe-a95a-4451-b8ae-693139f2639e" testId="f32e44e4-c067-4d83-8fc8-322a9924253e" testName="GetList_ListReturnsCorrectCount" computerName="VECTOR" duration="00:00:00.0180000" startTime="2018-08-23T10:16:06.9201558-04:00" endTime="2018-08-23T10:16:06.9201613-04:00" testType="13cdc9d9-ddb5-4fa4-a97d-d965ccfc6d4b" outcome="Passed" testListId="8c84fa94-04c1-424b-9868-57a2d4851a1d" relativeResultsDirectory="eefa47fe-a95a-4451-b8ae-693139f2639e" /><UnitTestResult executionId="c381affb-2e27-4bf6-a8e5-b3b24b63bdf3" testId="87fcb225-9320-4dba-a2b8-f07766d6b3d0" testName="FileRequest_MeshGenerateSetsFileIsSynchronized" computerName="VECTOR" duration="00:00:03.5690000" startTime="2018-08-23T10:16:18.5814979-04:00" endTime="2018-08-23T10:16:18.5815044-04:00" testType="13cdc9d9-ddb5-4fa4-a97d-d965ccfc6d4b" outcome="Passed" testListId="8c84fa94-04c1-424b-9868-57a2d4851a1d" relativeResultsDirectory="c381affb-2e27-4bf6-a8e5-b3b24b63bdf3" /><UnitTestResult executionId="b38df532-3b4e-4012-9549-4061b2ed8c9f" testId="4033401a-965c-4ec8-a5f9-cb1240364e99" testName="Patch_ValidReferencePropertyUpdatesModel" computerName="VECTOR" duration="00:00:00.5330000" startTime="2018-08-23T10:16:05.4904879-04:00" endTime="2018-08-23T10:16:05.4904971-04:00" testType="13cdc9d9-ddb5-4fa4-a97d-d965ccfc6d4b" outcome="Passed" testListId="8c84fa94-04c1-424b-9868-57a2d4851a1d" relativeResultsDirectory="b38df532-3b4e-4012-9549-4061b2ed8c9f" /><UnitTestResult executionId="ec1e8df9-c494-4a78-bb73-0bdb02ab1e97" testId="98f1b529-c468-4948-9ff4-f7875d5f73f0" testName="PutFile_FileCanBeUpdated" computerName="VECTOR" duration="00:00:00.1500000" startTime="2018-08-23T10:16:07.2856284-04:00" endTime="2018-08-23T10:16:07.2856345-04:00" testType="13cdc9d9-ddb5-4fa4-a97d-d965ccfc6d4b" outcome="Passed" testListId="8c84fa94-04c1-424b-9868-57a2d4851a1d" relativeResultsDirectory="ec1e8df9-c494-4a78-bb73-0bdb02ab1e97" /><UnitTestResult executionId="fd509d15-b7db-4d2c-ace4-0e10a677a102" testId="d6f3c822-9d6c-469d-a807-3a4332a1d126" testName="Post_CanCreateNewModel" computerName="VECTOR" duration="00:00:00.0280000" startTime="2018-08-23T10:16:18.9790339-04:00" endTime="2018-08-23T10:16:18.9790401-04:00" testType="13cdc9d9-ddb5-4fa4-a97d-d965ccfc6d4b" outcome="Passed" testListId="8c84fa94-04c1-424b-9868-57a2d4851a1d" relativeResultsDirectory="fd509d15-b7db-4d2c-ace4-0e10a677a102" /><UnitTestResult executionId="64ea0ac5-1e92-4289-82f7-bbda072b73f4" testId="2382b785-664f-4ed3-a8a4-9546797b54f8" testName="Post_InvalidPropertyValueReturnsBadRequest" computerName="VECTOR" duration="00:00:00.0130000" startTime="2018-08-23T10:16:08.3431463-04:00" endTime="2018-08-23T10:16:08.3431529-04:00" testType="13cdc9d9-ddb5-4fa4-a97d-d965ccfc6d4b" outcome="Passed" testListId="8c84fa94-04c1-424b-9868-57a2d4851a1d" relativeResultsDirectory="64ea0ac5-1e92-4289-82f7-bbda072b73f4" /><UnitTestResult executionId="a567b80e-73c5-4dd8-978d-6e5be0f0d686" testId="dc25d64a-9a6b-4157-8368-3344b4ab818a" testName="PostFile_FileTimeStampIsUpdatedAfterFileIsPosted" computerName="VECTOR" duration="00:00:00.0100000" startTime="2018-08-23T10:16:07.0416903-04:00" endTime="2018-08-23T10:16:07.0416946-04:00" testType="13cdc9d9-ddb5-4fa4-a97d-d965ccfc6d4b" outcome="Passed" testListId="8c84fa94-04c1-424b-9868-57a2d4851a1d" relativeResultsDirectory="a567b80e-73c5-4dd8-978d-6e5be0f0d686" /><UnitTestResult executionId="79a5c565-9077-4c66-8e69-e06f1fd66287" testId="1e8c228f-87d1-4bd1-9889-9f81e0acc0ac" testName="FileRequest_FileCanBeReadAfterRename" computerName="VECTOR" duration="00:00:00.1330000" startTime="2018-08-23T10:16:07.6392195-04:00" endTime="2018-08-23T10:16:07.6392256-04:00" testType="13cdc9d9-ddb5-4fa4-a97d-d965ccfc6d4b" outcome="Passed" testListId="8c84fa94-04c1-424b-9868-57a2d4851a1d" relativeResultsDirectory="79a5c565-9077-4c66-8e69-e06f1fd66287" /><UnitTestResult executionId="9c220c7b-df61-4af4-b535-428405f98d57" testId="c0b71c0e-6c94-4344-b78e-e6e5fbdec67c" testName="Put_InvalidReferencePropertyReturndBadRequest" computerName="VECTOR" duration="00:00:00.0390000" startTime="2018-08-23T10:16:11.2741516-04:00" endTime="2018-08-23T10:16:11.2741581-04:00" testType="13cdc9d9-ddb5-4fa4-a97d-d965ccfc6d4b" outcome="Passed" testListId="8c84fa94-04c1-424b-9868-57a2d4851a1d" relativeResultsDirectory="9c220c7b-df61-4af4-b535-428405f98d57" /><UnitTestResult executionId="9c2d5f8f-da77-4dc4-87f2-88a96a5219dc" testId="2ac7b8d9-d525-46b1-9062-bde377881349" testName="Put_ValidReferencePropertyUpdatesModel" computerName="VECTOR" duration="00:00:00.0530000" startTime="2018-08-23T10:16:21.9847723-04:00" endTime="2018-08-23T10:16:21.9847787-04:00" testType="13cdc9d9-ddb5-4fa4-a97d-d965ccfc6d4b" outcome="Passed" testListId="8c84fa94-04c1-424b-9868-57a2d4851a1d" relativeResultsDirectory="9c2d5f8f-da77-4dc4-87f2-88a96a5219dc" /><UnitTestResult executionId="f9972adb-64bd-46cd-9813-fc33d32879af" testId="56737357-1be6-46e4-ab13-1fbdf62fb764" testName="Model3dHasExpectedDependentFiles" computerName="VECTOR" duration="00:00:00.0370000" startTime="2018-08-23T10:16:04.4511257-04:00" endTime="2018-08-23T10:16:04.4511324-04:00" testType="13cdc9d9-ddb5-4fa4-a97d-d965ccfc6d4b" outcome="Passed" testListId="8c84fa94-04c1-424b-9868-57a2d4851a1d" relativeResultsDirectory="f9972adb-64bd-46cd-9813-fc33d32879af" /><UnitTestResult executionId="49e68d6a-71df-4d02-a01c-e9d8a5578ef5" testId="94e138d5-edcd-44fc-9500-51e8da337f9c" testName="GetFile_FileCanBeRoundTripped" computerName="VECTOR" duration="00:00:00.0700000" startTime="2018-08-23T10:16:07.7849317-04:00" endTime="2018-08-23T10:16:07.7849370-04:00" testType="13cdc9d9-ddb5-4fa4-a97d-d965ccfc6d4b" outcome="Passed" testListId="8c84fa94-04c1-424b-9868-57a2d4851a1d" relativeResultsDirectory="49e68d6a-71df-4d02-a01c-e9d8a5578ef5" /><UnitTestResult executionId="74230472-c1f8-4038-9012-2cdf6e6ee357" testId="c1b14450-fa33-4d2b-836e-beda03306b4c" testName="FileRequest_DepthBufferIsInvalidatedAfterCameraDependencyPropertyChange" computerName="VECTOR" duration="00:00:00.2880000" startTime="2018-08-23T10:16:21.2054072-04:00" endTime="2018-08-23T10:16:21.2054134-04:00" testType="13cdc9d9-ddb5-4fa4-a97d-d965ccfc6d4b" outcome="Passed" testListId="8c84fa94-04c1-424b-9868-57a2d4851a1d" relativeResultsDirectory="74230472-c1f8-4038-9012-2cdf6e6ee357" /><UnitTestResult executionId="ec51d33f-cfda-4817-865e-2f63ffe13e83" testId="504c749c-94f6-4711-8c18-d0335513dfa8" testName="Put_CanUpdateModel" computerName="VECTOR" duration="00:00:00.0350000" startTime="2018-08-23T10:16:05.9898421-04:00" endTime="2018-08-23T10:16:05.9898485-04:00" testType="13cdc9d9-ddb5-4fa4-a97d-d965ccfc6d4b" outcome="Passed" testListId="8c84fa94-04c1-424b-9868-57a2d4851a1d" relativeResultsDirectory="ec51d33f-cfda-4817-865e-2f63ffe13e83" /><UnitTestResult executionId="9bc4880c-7b17-4286-8414-5cbcb387dc6d" testId="bd4f2aed-ac59-44fb-9792-09098d37db80" testName="Patch_InvalidEnumPropertyValueReturnsBadRequest" computerName="VECTOR" duration="00:00:00.0080000" startTime="2018-08-23T10:16:08.4172420-04:00" endTime="2018-08-23T10:16:08.4172462-04:00" testType="13cdc9d9-ddb5-4fa4-a97d-d965ccfc6d4b" outcome="Passed" testListId="8c84fa94-04c1-424b-9868-57a2d4851a1d" relativeResultsDirectory="9bc4880c-7b17-4286-8414-5cbcb387dc6d" /><UnitTestResult executionId="856433e9-6aa6-449c-abef-5b446d7f7b64" testId="d095d742-1953-4064-80df-664ee796201e" testName="Patch_MultipleInvalidReferencePropertiesReturnsMultipleValidationErrorsAndBadRequest" computerName="VECTOR" duration="00:00:00.0250000" startTime="2018-08-23T10:16:08.1476612-04:00" endTime="2018-08-23T10:16:08.1476674-04:00" testType="13cdc9d9-ddb5-4fa4-a97d-d965ccfc6d4b" outcome="Passed" testListId="8c84fa94-04c1-424b-9868-57a2d4851a1d" relativeResultsDirectory="856433e9-6aa6-449c-abef-5b446d7f7b64" /><UnitTestResult executionId="9ea0ace2-4a38-485c-ac3a-ab4db9fdfbde" testId="03754ec9-e8f8-4339-b7be-aa287bf1a0de" testName="LucyModel3dHasTwoDependents" computerName="VECTOR" duration="00:00:00.4860000" startTime="2018-08-23T10:16:04.9351639-04:00" endTime="2018-08-23T10:16:04.9351705-04:00" testType="13cdc9d9-ddb5-4fa4-a97d-d965ccfc6d4b" outcome="Passed" testListId="8c84fa94-04c1-424b-9868-57a2d4851a1d" relativeResultsDirectory="9ea0ace2-4a38-485c-ac3a-ab4db9fdfbde" /><UnitTestResult executionId="7d42347e-910c-4eed-bfa7-5ceb5c56ac58" testId="372008fb-7a18-4696-b438-4f4bd3e7b992" testName="Patch_InvalidReferencePropertyReturnsBadRequest" computerName="VECTOR" duration="00:00:00.0230000" startTime="2018-08-23T10:16:06.9787723-04:00" endTime="2018-08-23T10:16:06.9787778-04:00" testType="13cdc9d9-ddb5-4fa4-a97d-d965ccfc6d4b" outcome="Passed" testListId="8c84fa94-04c1-424b-9868-57a2d4851a1d" relativeResultsDirectory="7d42347e-910c-4eed-bfa7-5ceb5c56ac58" /><UnitTestResult executionId="1884bcfe-9c01-4d82-8c42-0b6d2e75692e" testId="6ea73941-4f85-4eda-a991-1f7d86c47f0a" testName="Post_CanCreateNewModel" computerName="VECTOR" duration="00:00:00.0200000" startTime="2018-08-23T10:16:06.9550036-04:00" endTime="2018-08-23T10:16:06.9550096-04:00" testType="13cdc9d9-ddb5-4fa4-a97d-d965ccfc6d4b" outcome="Passed" testListId="8c84fa94-04c1-424b-9868-57a2d4851a1d" relativeResultsDirectory="1884bcfe-9c01-4d82-8c42-0b6d2e75692e" /><UnitTestResult executionId="8112ef58-47a1-4bf5-a02d-5a8c9d42b71f" testId="6f10f241-0e80-4d60-9667-c08dcfd37bb1" testName="Put_InvalidIdReturnsNotFound" computerName="VECTOR" duration="00:00:00.1850000" startTime="2018-08-23T10:16:07.9955438-04:00" endTime="2018-08-23T10:16:07.9955503-04:00" testType="13cdc9d9-ddb5-4fa4-a97d-d965ccfc6d4b" outcome="Passed" testListId="8c84fa94-04c1-424b-9868-57a2d4851a1d" relativeResultsDirectory="8112ef58-47a1-4bf5-a02d-5a8c9d42b71f" /><UnitTestResult executionId="81bb030e-8837-497c-b542-34c79ebafd0a" testId="ea2dafb6-3984-49e2-87d7-2c1e9d05c944" testName="Put_ValidReferencePropertyUpdatesModel" computerName="VECTOR" duration="00:00:00.0590000" startTime="2018-08-23T10:16:10.8510967-04:00" endTime="2018-08-23T10:16:10.8511031-04:00" testType="13cdc9d9-ddb5-4fa4-a97d-d965ccfc6d4b" outcome="Passed" testListId="8c84fa94-04c1-424b-9868-57a2d4851a1d" relativeResultsDirectory="81bb030e-8837-497c-b542-34c79ebafd0a" /><UnitTestResult executionId="c64ebd53-2069-499f-98a6-8cc70123a1ff" testId="d0dcbb5a-a412-4c98-bc65-680a063b1339" testName="Patch_InvalidEnumPropertyValueReturnsBadRequest" computerName="VECTOR" duration="00:00:00.0280000" startTime="2018-08-23T10:16:18.8110634-04:00" endTime="2018-08-23T10:16:18.8110697-04:00" testType="13cdc9d9-ddb5-4fa4-a97d-d965ccfc6d4b" outcome="Passed" testListId="8c84fa94-04c1-424b-9868-57a2d4851a1d" relativeResultsDirectory="c64ebd53-2069-499f-98a6-8cc70123a1ff" /><UnitTestResult executionId="d3903b4d-3c82-4144-92a0-a34002b7aaf8" testId="5fd5199c-75d9-4675-8058-0c8da0ebd1ab" testName="GetSingle_InvalidIdPropertyValueReturnsNotFound" computerName="VECTOR" duration="00:00:00.0140000" startTime="2018-08-23T10:16:06.6502183-04:00" endTime="2018-08-23T10:16:06.6502245-04:00" testType="13cdc9d9-ddb5-4fa4-a97d-d965ccfc6d4b" outcome="Passed" testListId="8c84fa94-04c1-424b-9868-57a2d4851a1d" relativeResultsDirectory="d3903b4d-3c82-4144-92a0-a34002b7aaf8" /><UnitTestResult executionId="ee215f34-c92c-4cd0-be32-9111759a6d65" testId="429cd8f2-999e-4f36-b2c1-b5caeb663b4c" testName="Put_CanUpdateModel" computerName="VECTOR" duration="00:00:00.0520000" startTime="2018-08-23T10:16:19.4948189-04:00" endTime="2018-08-23T10:16:19.4948256-04:00" testType="13cdc9d9-ddb5-4fa4-a97d-d965ccfc6d4b" outcome="Passed" testListId="8c84fa94-04c1-424b-9868-57a2d4851a1d" relativeResultsDirectory="ee215f34-c92c-4cd0-be32-9111759a6d65" /><UnitTestResult executionId="cddd17d7-9112-48d3-906a-a433733c1bde" testId="9f85c19c-240e-475b-b725-6d8668c4d2a4" testName="Post_InvalidPropertyValueReturnsBadRequest" computerName="VECTOR" duration="00:00:00.0150000" startTime="2018-08-23T10:16:06.0540382-04:00" endTime="2018-08-23T10:16:06.0540430-04:00" testType="13cdc9d9-ddb5-4fa4-a97d-d965ccfc6d4b" outcome="Passed" testListId="8c84fa94-04c1-424b-9868-57a2d4851a1d" relativeResultsDirectory="cddd17d7-9112-48d3-906a-a433733c1bde" /><UnitTestResult executionId="4b8e842c-c292-4647-8263-6b369575f0b3" testId="f93de3f2-5188-436d-8e81-1290e13fc3a7" testName="Put_InvalidIdReturnsNotFound" computerName="VECTOR" duration="00:00:00.0250000" startTime="2018-08-23T10:16:19.3192076-04:00" endTime="2018-08-23T10:16:19.3192135-04:00" testType="13cdc9d9-ddb5-4fa4-a97d-d965ccfc6d4b" outcome="Passed" testListId="8c84fa94-04c1-424b-9868-57a2d4851a1d" relativeResultsDirectory="4b8e842c-c292-4647-8263-6b369575f0b3" /><UnitTestResult executionId="3b8447ae-d2ae-4553-b765-12adc5c83bbb" testId="b611a3cc-b698-47e7-98b0-7d67fa5d205e" testName="FileRequest_FileCanBeReadAfterRename" computerName="VECTOR" duration="00:00:00.1050000" startTime="2018-08-23T10:16:20.9172901-04:00" endTime="2018-08-23T10:16:20.9172969-04:00" testType="13cdc9d9-ddb5-4fa4-a97d-d965ccfc6d4b" outcome="Passed" testListId="8c84fa94-04c1-424b-9868-57a2d4851a1d" relativeResultsDirectory="3b8447ae-d2ae-4553-b765-12adc5c83bbb" /><UnitTestResult executionId="83a719c0-d8ee-4e1d-be86-e01c89df5a71" testId="7d5e01a8-db3a-4476-8ad4-ddb0063d9df3" testName="GetSingle_ValidIdPropertyValueReturnsCorrectModel" computerName="VECTOR" duration="00:00:00.0110000" startTime="2018-08-23T10:16:05.9342901-04:00" endTime="2018-08-23T10:16:05.9342949-04:00" testType="13cdc9d9-ddb5-4fa4-a97d-d965ccfc6d4b" outcome="Passed" testListId="8c84fa94-04c1-424b-9868-57a2d4851a1d" relativeResultsDirectory="83a719c0-d8ee-4e1d-be86-e01c89df5a71" /><UnitTestResult executionId="c2e65b26-be37-4799-beec-7094380d9e78" testId="bcf8a785-31cd-43b1-8dab-1457fa6e23fd" testName="PutFile_FileCanBeUpdated" computerName="VECTOR" duration="00:00:00.1250000" startTime="2018-08-23T10:16:13.7202801-04:00" endTime="2018-08-23T10:16:13.7202859-04:00" testType="13cdc9d9-ddb5-4fa4-a97d-d965ccfc6d4b" outcome="Passed" testListId="8c84fa94-04c1-424b-9868-57a2d4851a1d" relativeResultsDirectory="c2e65b26-be37-4799-beec-7094380d9e78" /><UnitTestResult executionId="42d380c9-67ea-4d0c-8ca6-e298a7e19464" testId="2b66eecc-9a58-484a-b160-04936c1be88d" testName="Patch_TargetPropertyIsUpdated" computerName="VECTOR" duration="00:00:00.0630000" startTime="2018-08-23T10:16:05.8541244-04:00" endTime="2018-08-23T10:16:05.8541307-04:00" testType="13cdc9d9-ddb5-4fa4-a97d-d965ccfc6d4b" outcome="Passed" testListId="8c84fa94-04c1-424b-9868-57a2d4851a1d" relativeResultsDirectory="42d380c9-67ea-4d0c-8ca6-e298a7e19464" /><UnitTestResult executionId="4450b1a6-fbc2-4fd9-b82c-be8bad1d2376" testId="a239d32e-310d-4de3-9561-00a11b4ebdab" testName="Post_ValidReferencePropertyCreatesModel" computerName="VECTOR" duration="00:00:00.0340000" startTime="2018-08-23T10:16:11.1702880-04:00" endTime="2018-08-23T10:16:11.1702947-04:00" testType="13cdc9d9-ddb5-4fa4-a97d-d965ccfc6d4b" outcome="Passed" testListId="8c84fa94-04c1-424b-9868-57a2d4851a1d" relativeResultsDirectory="4450b1a6-fbc2-4fd9-b82c-be8bad1d2376" /><UnitTestResult executionId="86dfdbbb-53db-48e7-9700-c426bcaf199b" testId="1b45c7cd-bc56-4a5b-a341-b9ea089d0248" testName="PostFile_FileIsSynchronizedIsUpdatedAfterFileIsPosted" computerName="VECTOR" duration="00:00:00.0090000" startTime="2018-08-23T10:16:07.8095238-04:00" endTime="2018-08-23T10:16:07.8095288-04:00" testType="13cdc9d9-ddb5-4fa4-a97d-d965ccfc6d4b" outcome="Passed" testListId="8c84fa94-04c1-424b-9868-57a2d4851a1d" relativeResultsDirectory="86dfdbbb-53db-48e7-9700-c426bcaf199b" /><UnitTestResult executionId="604eac58-fb82-4ed8-ae06-cd4d41274fea" testId="c1d396de-aece-43e3-a596-ae6c836fb0c5" testName="PutFile_NewFileCanBePut" computerName="VECTOR" duration="00:00:00.0910000" startTime="2018-08-23T10:16:21.3145980-04:00" endTime="2018-08-23T10:16:21.3146029-04:00" testType="13cdc9d9-ddb5-4fa4-a97d-d965ccfc6d4b" outcome="Passed" testListId="8c84fa94-04c1-424b-9868-57a2d4851a1d" relativeResultsDirectory="604eac58-fb82-4ed8-ae06-cd4d41274fea" /><UnitTestResult executionId="62680ebc-1712-4acf-8481-cf2df7d45bcb" testId="a78bfe8b-d249-4bee-b767-4e3c4de6ebab" testName="GetSingle_ValidIdPropertyValueReturnsCorrectModel" computerName="VECTOR" duration="00:00:00.0150000" startTime="2018-08-23T10:16:08.6460913-04:00" endTime="2018-08-23T10:16:08.6460970-04:00" testType="13cdc9d9-ddb5-4fa4-a97d-d965ccfc6d4b" outcome="Passed" testListId="8c84fa94-04c1-424b-9868-57a2d4851a1d" relativeResultsDirectory="62680ebc-1712-4acf-8481-cf2df7d45bcb" /><UnitTestResult executionId="f0434bbb-eade-4deb-ba29-a83028a68a3c" testId="e13e008e-a342-4aaa-ad58-192c1ffac977" testName="Put_InvalidIdReturnsNotFound" computerName="VECTOR" duration="00:00:00.0320000" startTime="2018-08-23T10:16:06.6823283-04:00" endTime="2018-08-23T10:16:06.6823343-04:00" testType="13cdc9d9-ddb5-4fa4-a97d-d965ccfc6d4b" outcome="Passed" testListId="8c84fa94-04c1-424b-9868-57a2d4851a1d" relativeResultsDirectory="f0434bbb-eade-4deb-ba29-a83028a68a3c" /><UnitTestResult executionId="66dcbdb2-77ad-4735-9c2d-e74f7db57dbf" testId="334da5da-ff7f-4f60-8462-5b752a95acc2" testName="GetSingle_ValidIdPropertyValueReturnsCorrectModel" computerName="VECTOR" duration="00:00:00.0150000" startTime="2018-08-23T10:16:06.7330944-04:00" endTime="2018-08-23T10:16:06.7331000-04:00" testType="13cdc9d9-ddb5-4fa4-a97d-d965ccfc6d4b" outcome="Passed" testListId="8c84fa94-04c1-424b-9868-57a2d4851a1d" relativeResultsDirectory="66dcbdb2-77ad-4735-9c2d-e74f7db57dbf" /><UnitTestResult executionId="d6cdc78d-bb0d-4bac-b566-afa9515fa7a3" testId="6830cd6d-f828-4d73-86ee-f48e33af9ecc" testName="PutFile_NewFileCanBePut" computerName="VECTOR" duration="00:00:00.1200000" startTime="2018-08-23T10:16:11.4459817-04:00" endTime="2018-08-23T10:16:11.4459871-04:00" testType="13cdc9d9-ddb5-4fa4-a97d-d965ccfc6d4b" outcome="Passed" testListId="8c84fa94-04c1-424b-9868-57a2d4851a1d" relativeResultsDirectory="d6cdc78d-bb0d-4bac-b566-afa9515fa7a3" /><UnitTestResult executionId="79e90440-c939-402c-b7bc-df750886efe8" testId="d7e8e757-d366-4301-b861-e4448b91dca5" testName="Patch_InvalidIdPropertyReturnsNotFound" computerName="VECTOR" duration="00:00:00.0130000" startTime="2018-08-23T10:16:06.8492811-04:00" endTime="2018-08-23T10:16:06.8492867-04:00" testType="13cdc9d9-ddb5-4fa4-a97d-d965ccfc6d4b" outcome="Passed" testListId="8c84fa94-04c1-424b-9868-57a2d4851a1d" relativeResultsDirectory="79e90440-c939-402c-b7bc-df750886efe8" /><UnitTestResult executionId="dc01e197-148e-4a48-95f9-9feb3f14b62d" testId="5024bc42-2eed-4316-815f-13c1c0b2ebb6" testName="Patch_MultipleInvalidReferencePropertiesReturnsMultipleValidationErrorsAndBadRequest" computerName="VECTOR" duration="00:00:00.0220000" startTime="2018-08-23T10:16:19.2503755-04:00" endTime="2018-08-23T10:16:19.2503821-04:00" testType="13cdc9d9-ddb5-4fa4-a97d-d965ccfc6d4b" outcome="Passed" testListId="8c84fa94-04c1-424b-9868-57a2d4851a1d" relativeResultsDirectory="dc01e197-148e-4a48-95f9-9feb3f14b62d" /><UnitTestResult executionId="c2d9ec41-21fa-4d3e-9f45-c164fcf606f0" testId="d21930bb-bd3e-462d-9929-4dc21cf915a1" testName="Patch_ValidReferencePropertyUpdatesModel" computerName="VECTOR" duration="00:00:00.6090000" startTime="2018-08-23T10:16:10.3248514-04:00" endTime="2018-08-23T10:16:10.3248578-04:00" testType="13cdc9d9-ddb5-4fa4-a97d-d965ccfc6d4b" outcome="Passed" testListId="8c84fa94-04c1-424b-9868-57a2d4851a1d" relativeResultsDirectory="c2d9ec41-21fa-4d3e-9f45-c164fcf606f0" /><UnitTestResult executionId="eb67a449-3c10-4324-8dd0-791324501553" testId="d66f33c4-d44d-452f-8da2-93084a6b9330" testName="Patch_InvalidReferencePropertyReturnsBadRequest" computerName="VECTOR" duration="00:00:00.0270000" startTime="2018-08-23T10:16:19.2277539-04:00" endTime="2018-08-23T10:16:19.2277602-04:00" testType="13cdc9d9-ddb5-4fa4-a97d-d965ccfc6d4b" outcome="Passed" testListId="8c84fa94-04c1-424b-9868-57a2d4851a1d" relativeResultsDirectory="eb67a449-3c10-4324-8dd0-791324501553" /><UnitTestResult executionId="b85efef7-be44-45c2-8502-574e5322cb44" testId="6a0741a8-6c1a-421b-9504-549e48f07a84" testName="Put_ValidReferencePropertyUpdatesModel" computerName="VECTOR" duration="00:00:00.0080000" startTime="2018-08-23T10:16:05.8625478-04:00" endTime="2018-08-23T10:16:05.8625506-04:00" testType="13cdc9d9-ddb5-4fa4-a97d-d965ccfc6d4b" outcome="Passed" testListId="8c84fa94-04c1-424b-9868-57a2d4851a1d" relativeResultsDirectory="b85efef7-be44-45c2-8502-574e5322cb44" /><UnitTestResult executionId="fb470e3a-4d8a-45f0-bcd2-089734981173" testId="5178bf16-3b2c-42b0-bbba-d945325d7fab" testName="Patch_InvalidPropertyNameReturnsBadRequest" computerName="VECTOR" duration="00:00:00.0200000" startTime="2018-08-23T10:16:18.8556299-04:00" endTime="2018-08-23T10:16:18.8556365-04:00" testType="13cdc9d9-ddb5-4fa4-a97d-d965ccfc6d4b" outcome="Passed" testListId="8c84fa94-04c1-424b-9868-57a2d4851a1d" relativeResultsDirectory="fb470e3a-4d8a-45f0-bcd2-089734981173" /><UnitTestResult executionId="6da391e5-9070-4ab6-a102-22c32ea3dd8d" testId="d6e17200-39dd-44c2-8f1a-b463e9965c40" testName="Put_InvalidIdReturnsNotFound" computerName="VECTOR" duration="00:00:00.0180000" startTime="2018-08-23T10:16:21.6203065-04:00" endTime="2018-08-23T10:16:21.6203124-04:00" testType="13cdc9d9-ddb5-4fa4-a97d-d965ccfc6d4b" outcome="Passed" testListId="8c84fa94-04c1-424b-9868-57a2d4851a1d" relativeResultsDirectory="6da391e5-9070-4ab6-a102-22c32ea3dd8d" /><UnitTestResult executionId="af640f65-e1fc-42ce-8f91-8d04205f04b4" testId="5e565126-6da6-48fb-8617-14d043a3fc2e" testName="Put_ValidReferencePropertyUpdatesModel" computerName="VECTOR" duration="00:00:00.0420000" startTime="2018-08-23T10:16:06.8357308-04:00" endTime="2018-08-23T10:16:06.8357369-04:00" testType="13cdc9d9-ddb5-4fa4-a97d-d965ccfc6d4b" outcome="Passed" testListId="8c84fa94-04c1-424b-9868-57a2d4851a1d" relativeResultsDirectory="af640f65-e1fc-42ce-8f91-8d04205f04b4" /><UnitTestResult executionId="6ee8e838-2f53-4de6-a6c9-25c86e8c25be" testId="09bfc313-15a4-4136-8db4-7163b31f856f" testName="CameraHasExpectedDependentFiles" computerName="VECTOR" duration="00:00:00.0010000" startTime="2018-08-23T10:16:04.9462987-04:00" endTime="2018-08-23T10:16:04.9463003-04:00" testType="13cdc9d9-ddb5-4fa4-a97d-d965ccfc6d4b" outcome="Passed" testListId="8c84fa94-04c1-424b-9868-57a2d4851a1d" relativeResultsDirectory="6ee8e838-2f53-4de6-a6c9-25c86e8c25be" /><UnitTestResult executionId="223be5d5-df23-4a19-a771-b1b583248e67" testId="aa20124b-4d35-4643-a9b2-79343d23aa25" testName="PutFile_NewFileCanBePut" computerName="VECTOR" duration="00:00:00.0930000" startTime="2018-08-23T10:16:07.1351674-04:00" endTime="2018-08-23T10:16:07.1351716-04:00" testType="13cdc9d9-ddb5-4fa4-a97d-d965ccfc6d4b" outcome="Passed" testListId="8c84fa94-04c1-424b-9868-57a2d4851a1d" relativeResultsDirectory="223be5d5-df23-4a19-a771-b1b583248e67" /><UnitTestResult executionId="6cdb308f-631f-4184-8f72-4f4539636957" testId="0629c411-9bf4-4363-83f1-30726415c5f8" testName="Post_CanCreateNewModel" computerName="VECTOR" duration="00:00:00.0160000" startTime="2018-08-23T10:16:05.8862680-04:00" endTime="2018-08-23T10:16:05.8862730-04:00" testType="13cdc9d9-ddb5-4fa4-a97d-d965ccfc6d4b" outcome="Passed" testListId="8c84fa94-04c1-424b-9868-57a2d4851a1d" relativeResultsDirectory="6cdb308f-631f-4184-8f72-4f4539636957" /><UnitTestResult executionId="b85b7ef0-790d-473c-b425-cdaf9f156e6e" testId="2e5f9801-a997-4143-a30a-b6b9204aa5e9" testName="Patch_InvalidIdPropertyReturnsNotFound" computerName="VECTOR" duration="00:00:00.0140000" startTime="2018-08-23T10:16:21.8356072-04:00" endTime="2018-08-23T10:16:21.8356129-04:00" testType="13cdc9d9-ddb5-4fa4-a97d-d965ccfc6d4b" outcome="Passed" testListId="8c84fa94-04c1-424b-9868-57a2d4851a1d" relativeResultsDirectory="b85b7ef0-790d-473c-b425-cdaf9f156e6e" /><UnitTestResult executionId="a42a5987-d5c7-47de-abb1-ca039e499183" testId="48accc41-3cb4-4d41-a33f-abc3fd1c6842" testName="GetList_ListReturnsCorrectCount" computerName="VECTOR" duration="00:00:00.0140000" startTime="2018-08-23T10:16:06.0044457-04:00" endTime="2018-08-23T10:16:06.0044504-04:00" testType="13cdc9d9-ddb5-4fa4-a97d-d965ccfc6d4b" outcome="Passed" testListId="8c84fa94-04c1-424b-9868-57a2d4851a1d" relativeResultsDirectory="a42a5987-d5c7-47de-abb1-ca039e499183" /><UnitTestResult executionId="70cc225a-72fa-4227-9f7e-01a910c5c077" testId="8c0a5c11-e35e-4698-9dcb-6b925f9da57b" testName="FileRequest_MeshIsInvalidatedAfterDepthBufferFileBecomesUnsynchronized" computerName="VECTOR" duration="00:00:02.0340000" startTime="2018-08-23T10:16:13.4800464-04:00" endTime="2018-08-23T10:16:13.4800530-04:00" testType="13cdc9d9-ddb5-4fa4-a97d-d965ccfc6d4b" outcome="Passed" testListId="8c84fa94-04c1-424b-9868-57a2d4851a1d" relativeResultsDirectory="70cc225a-72fa-4227-9f7e-01a910c5c077" /><UnitTestResult executionId="2633e230-497d-41e3-8231-d6a70837c68c" testId="0f0c02fc-5fbd-4325-aca5-db1ee9635e27" testName="Patch_MultipleInvalidReferencePropertiesReturnsMultipleValidationErrorsAndBadRequest" computerName="VECTOR" duration="00:00:00.0080000" startTime="2018-08-23T10:16:06.0123474-04:00" endTime="2018-08-23T10:16:06.0123505-04:00" testType="13cdc9d9-ddb5-4fa4-a97d-d965ccfc6d4b" outcome="Passed" testListId="8c84fa94-04c1-424b-9868-57a2d4851a1d" relativeResultsDirectory="2633e230-497d-41e3-8231-d6a70837c68c" /><UnitTestResult executionId="45db5862-8d4a-4874-8191-16472afc0eee" testId="67d2b8d6-c419-4600-af6b-2e7f67894f9f" testName="GetFile_ExistingFileReturnsSuccess" computerName="VECTOR" duration="00:00:00.0630000" startTime="2018-08-23T10:16:13.7833653-04:00" endTime="2018-08-23T10:16:13.7833731-04:00" testType="13cdc9d9-ddb5-4fa4-a97d-d965ccfc6d4b" outcome="Passed" testListId="8c84fa94-04c1-424b-9868-57a2d4851a1d" relativeResultsDirectory="45db5862-8d4a-4874-8191-16472afc0eee" /><UnitTestResult executionId="e6c222a3-5b81-4335-adfa-fc49b9c37488" testId="02644551-a90c-4d97-8e0c-252d6b5f9b92" testName="Patch_InvalidEnumPropertyValueReturnsBadRequest" computerName="VECTOR" duration="00:00:00.0080000" startTime="2018-08-23T10:16:21.6688661-04:00" endTime="2018-08-23T10:16:21.6688708-04:00" testType="13cdc9d9-ddb5-4fa4-a97d-d965ccfc6d4b" outcome="Passed" testListId="8c84fa94-04c1-424b-9868-57a2d4851a1d" relativeResultsDirectory="e6c222a3-5b81-4335-adfa-fc49b9c37488" /><UnitTestResult executionId="97045cef-6bd9-4526-a718-7de918692b05" testId="5372a514-deb8-40b6-b1e4-f8901acbfd06" testName="PostFile_FileTimeStampIsUpdatedAfterFileIsPosted" computerName="VECTOR" duration="00:00:01.1510000" startTime="2018-08-23T10:16:14.9351561-04:00" endTime="2018-08-23T10:16:14.9351621-04:00" testType="13cdc9d9-ddb5-4fa4-a97d-d965ccfc6d4b" outcome="Passed" testListId="8c84fa94-04c1-424b-9868-57a2d4851a1d" relativeResultsDirectory="97045cef-6bd9-4526-a718-7de918692b05" /><UnitTestResult executionId="af5aef89-8cfd-4750-a53f-a7de524a0c97" testId="eaac11b4-776c-41f9-a029-7453e0c90d08" testName="Put_CanUpdateModel" computerName="VECTOR" duration="00:00:00.0930000" startTime="2018-08-23T10:16:06.6354348-04:00" endTime="2018-08-23T10:16:06.6354405-04:00" testType="13cdc9d9-ddb5-4fa4-a97d-d965ccfc6d4b" outcome="Passed" testListId="8c84fa94-04c1-424b-9868-57a2d4851a1d" relativeResultsDirectory="af5aef89-8cfd-4750-a53f-a7de524a0c97" /><UnitTestResult executionId="7d1262e7-0d40-4c44-ac0f-7c7172169094" testId="b7a98677-3e9e-45a8-9efe-0f6ee6350da9" testName="Delete_TargetModelIsDeleted" computerName="VECTOR" duration="00:00:00.0240000" startTime="2018-08-23T10:16:21.6449861-04:00" endTime="2018-08-23T10:16:21.6449916-04:00" testType="13cdc9d9-ddb5-4fa4-a97d-d965ccfc6d4b" outcome="Passed" testListId="8c84fa94-04c1-424b-9868-57a2d4851a1d" relativeResultsDirectory="7d1262e7-0d40-4c44-ac0f-7c7172169094" /><UnitTestResult executionId="8eb135b0-27cd-433e-a92a-f1233746889a" testId="6cdee8f8-81d1-449f-9cea-a576387e5adb" testName="Patch_InvalidEnumPropertyValueReturnsBadRequest" computerName="VECTOR" duration="00:00:00.0140000" startTime="2018-08-23T10:16:06.9342883-04:00" endTime="2018-08-23T10:16:06.9342950-04:00" testType="13cdc9d9-ddb5-4fa4-a97d-d965ccfc6d4b" outcome="Passed" testListId="8c84fa94-04c1-424b-9868-57a2d4851a1d" relativeResultsDirectory="8eb135b0-27cd-433e-a92a-f1233746889a" /><UnitTestResult executionId="bbfe4e07-e086-48f3-82fd-333c78ea652b" testId="263c4dcd-0484-49c9-bd55-11f9c4567ab9" testName="Post_ValidReferencePropertyCreatesModel" computerName="VECTOR" duration="00:00:00.0220000" startTime="2018-08-23T10:16:21.7951242-04:00" endTime="2018-08-23T10:16:21.7951305-04:00" testType="13cdc9d9-ddb5-4fa4-a97d-d965ccfc6d4b" outcome="Passed" testListId="8c84fa94-04c1-424b-9868-57a2d4851a1d" relativeResultsDirectory="bbfe4e07-e086-48f3-82fd-333c78ea652b" /><UnitTestResult executionId="0289c5d0-fb25-4a8b-9c67-6d5d6139a38d" testId="86ff4334-b2a9-4536-b035-76dc940bed25" testName="GetSingle_InvalidIdPropertyValueReturnsNotFound" computerName="VECTOR" duration="00:00:00.0240000" startTime="2018-08-23T10:16:11.0719742-04:00" endTime="2018-08-23T10:16:11.0719809-04:00" testType="13cdc9d9-ddb5-4fa4-a97d-d965ccfc6d4b" outcome="Passed" testListId="8c84fa94-04c1-424b-9868-57a2d4851a1d" relativeResultsDirectory="0289c5d0-fb25-4a8b-9c67-6d5d6139a38d" /><UnitTestResult executionId="1c5db59c-fd49-4cde-8732-48aa124c08d0" testId="f48f0452-ee25-493c-b7f8-1db72a75e349" testName="Post_InvalidReferencePropertyReturnsBadRequest" computerName="VECTOR" duration="00:00:00.0140000" startTime="2018-08-23T10:16:08.6601951-04:00" endTime="2018-08-23T10:16:08.6602016-04:00" testType="13cdc9d9-ddb5-4fa4-a97d-d965ccfc6d4b" outcome="Passed" testListId="8c84fa94-04c1-424b-9868-57a2d4851a1d" relativeResultsDirectory="1c5db59c-fd49-4cde-8732-48aa124c08d0" /><UnitTestResult executionId="f28f3fa1-0798-418d-b8c1-8e99db0f4920" testId="9a66ce85-6d1b-41f7-89a4-c285c01c9853" testName="Patch_InvalidReferencePropertyReturnsBadRequest" computerName="VECTOR" duration="00:00:00.0170000" startTime="2018-08-23T10:16:21.9317433-04:00" endTime="2018-08-23T10:16:21.9317481-04:00" testType="13cdc9d9-ddb5-4fa4-a97d-d965ccfc6d4b" outcome="Passed" testListId="8c84fa94-04c1-424b-9868-57a2d4851a1d" relativeResultsDirectory="f28f3fa1-0798-418d-b8c1-8e99db0f4920" /><UnitTestResult executionId="030d4730-8f69-4af2-b4b1-9f40ebd68507" testId="3bdbf56e-f36f-45dc-97b3-7d1b25f51a5f" testName="Patch_InvalidIdPropertyReturnsNotFound" computerName="VECTOR" duration="00:00:00.0140000" startTime="2018-08-23T10:16:08.4090291-04:00" endTime="2018-08-23T10:16:08.4090351-04:00" testType="13cdc9d9-ddb5-4fa4-a97d-d965ccfc6d4b" outcome="Passed" testListId="8c84fa94-04c1-424b-9868-57a2d4851a1d" relativeResultsDirectory="030d4730-8f69-4af2-b4b1-9f40ebd68507" /><UnitTestResult executionId="2277b449-2a67-47e1-b114-8b78eb29fcc5" testId="9e2606d9-9bf9-4f8d-8c01-cf004ff5d19a" testName="GetFile_NonExistentFileReturnsNotFound" computerName="VECTOR" duration="00:00:00.0150000" startTime="2018-08-23T10:16:07.8000025-04:00" endTime="2018-08-23T10:16:07.8000071-04:00" testType="13cdc9d9-ddb5-4fa4-a97d-d965ccfc6d4b" outcome="Passed" testListId="8c84fa94-04c1-424b-9868-57a2d4851a1d" relativeResultsDirectory="2277b449-2a67-47e1-b114-8b78eb29fcc5" /><UnitTestResult executionId="1de93946-564b-429d-a7b4-c3d451f9112c" testId="cc38b76f-c18c-48a2-969a-4cd966f1a028" testName="Patch_InvalidIdPropertyReturnsNotFound" computerName="VECTOR" duration="00:00:00.0200000" startTime="2018-08-23T10:16:18.9500851-04:00" endTime="2018-08-23T10:16:18.9500914-04:00" testType="13cdc9d9-ddb5-4fa4-a97d-d965ccfc6d4b" outcome="Passed" testListId="8c84fa94-04c1-424b-9868-57a2d4851a1d" relativeResultsDirectory="1de93946-564b-429d-a7b4-c3d451f9112c" /><UnitTestResult executionId="22d3e5e8-228f-461c-bbf3-2c21260f36dc" testId="2c805f09-0ef4-4dae-95dc-5155a1d6050e" testName="GetSingle_ValidIdPropertyValueReturnsCorrectModel" computerName="VECTOR" duration="00:00:00.0210000" startTime="2018-08-23T10:16:19.2935804-04:00" endTime="2018-08-23T10:16:19.2935865-04:00" testType="13cdc9d9-ddb5-4fa4-a97d-d965ccfc6d4b" outcome="Passed" testListId="8c84fa94-04c1-424b-9868-57a2d4851a1d" relativeResultsDirectory="22d3e5e8-228f-461c-bbf3-2c21260f36dc" /><UnitTestResult executionId="ee28bed6-11f6-4519-9ae3-2424641f225f" testId="302692a4-313e-4425-a690-c72fc6fc3bcf" testName="Put_InvalidReferencePropertyReturndBadRequest" computerName="VECTOR" duration="00:00:00.0190000" startTime="2018-08-23T10:16:08.3943243-04:00" endTime="2018-08-23T10:16:08.3943305-04:00" testType="13cdc9d9-ddb5-4fa4-a97d-d965ccfc6d4b" outcome="Passed" testListId="8c84fa94-04c1-424b-9868-57a2d4851a1d" relativeResultsDirectory="ee28bed6-11f6-4519-9ae3-2424641f225f" /><UnitTestResult executionId="746bc8c1-7506-4976-83b1-bcbdb44dc5c8" testId="8fbb0cb1-2839-49c9-bbd4-78766589c1b5" testName="PutFile_FileCanBeUpdated" computerName="VECTOR" duration="00:00:00.1310000" startTime="2018-08-23T10:16:20.8115545-04:00" endTime="2018-08-23T10:16:20.8115615-04:00" testType="13cdc9d9-ddb5-4fa4-a97d-d965ccfc6d4b" outcome="Passed" testListId="8c84fa94-04c1-424b-9868-57a2d4851a1d" relativeResultsDirectory="746bc8c1-7506-4976-83b1-bcbdb44dc5c8" /><UnitTestResult executionId="000f89fd-599d-465d-bf40-28e429ed8761" testId="4ccf057c-9bf2-4316-8861-00202c18a7f2" testName="GetSingle_InvalidIdPropertyValueReturnsNotFound" computerName="VECTOR" duration="00:00:00.0130000" startTime="2018-08-23T10:16:08.6307901-04:00" endTime="2018-08-23T10:16:08.6307955-04:00" testType="13cdc9d9-ddb5-4fa4-a97d-d965ccfc6d4b" outcome="Passed" testListId="8c84fa94-04c1-424b-9868-57a2d4851a1d" relativeResultsDirectory="000f89fd-599d-465d-bf40-28e429ed8761" /><UnitTestResult executionId="01d7892d-8bad-4e7a-b429-4c1ca9cdd795" testId="06dbd725-b358-4b62-8d60-e91d18a14fde" testName="Post_InvalidPropertyValueReturnsBadRequest" computerName="VECTOR" duration="00:00:00.0120000" startTime="2018-08-23T10:16:06.7178446-04:00" endTime="2018-08-23T10:16:06.7178506-04:00" testType="13cdc9d9-ddb5-4fa4-a97d-d965ccfc6d4b" outcome="Passed" testListId="8c84fa94-04c1-424b-9868-57a2d4851a1d" relativeResultsDirectory="01d7892d-8bad-4e7a-b429-4c1ca9cdd795" /><UnitTestResult executionId="98f0aca0-b790-4a4f-bcbb-73f755ae073b" testId="23dffc9d-bdaf-447a-b007-6775b2e8f279" testName="Post_InvalidPropertyValueReturnsBadRequest" computerName="VECTOR" duration="00:00:00.0210000" startTime="2018-08-23T10:16:11.2953759-04:00" endTime="2018-08-23T10:16:11.2953823-04:00" testType="13cdc9d9-ddb5-4fa4-a97d-d965ccfc6d4b" outcome="Passed" testListId="8c84fa94-04c1-424b-9868-57a2d4851a1d" relativeResultsDirectory="98f0aca0-b790-4a4f-bcbb-73f755ae073b" /><UnitTestResult executionId="12e50795-e3c7-466c-9cd2-1c0eff129036" testId="37c5b77c-4568-4323-ab3e-e5606e221d32" testName="GetFile_ExistingFileReturnsSuccess" computerName="VECTOR" duration="00:00:00.2190000" startTime="2018-08-23T10:16:07.5053105-04:00" endTime="2018-08-23T10:16:07.5053183-04:00" testType="13cdc9d9-ddb5-4fa4-a97d-d965ccfc6d4b" outcome="Passed" testListId="8c84fa94-04c1-424b-9868-57a2d4851a1d" relativeResultsDirectory="12e50795-e3c7-466c-9cd2-1c0eff129036" /><UnitTestResult executionId="8c2aad0a-4740-47bd-b44a-02bdf5df191e" testId="9100a8b2-a779-4810-9879-842d286cb2e1" testName="Put_InvalidIdReturnsNotFound" computerName="VECTOR" duration="00:00:00.0720000" startTime="2018-08-23T10:16:09.7152803-04:00" endTime="2018-08-23T10:16:09.7152870-04:00" testType="13cdc9d9-ddb5-4fa4-a97d-d965ccfc6d4b" outcome="Passed" testListId="8c84fa94-04c1-424b-9868-57a2d4851a1d" relativeResultsDirectory="8c2aad0a-4740-47bd-b44a-02bdf5df191e" /><UnitTestResult executionId="027cc58a-5dd7-4977-9bce-bdc822cae0b2" testId="66644994-146f-46d7-bdde-25ff69d56b72" testName="PostFile_FileIsSynchronizedIsUpdatedAfterFileIsPosted" computerName="VECTOR" duration="00:00:00.0910000" startTime="2018-08-23T10:16:21.4056221-04:00" endTime="2018-08-23T10:16:21.4056289-04:00" testType="13cdc9d9-ddb5-4fa4-a97d-d965ccfc6d4b" outcome="Passed" testListId="8c84fa94-04c1-424b-9868-57a2d4851a1d" relativeResultsDirectory="027cc58a-5dd7-4977-9bce-bdc822cae0b2" /><UnitTestResult executionId="d614569f-aeb3-45ba-93c4-3c3d2e7ebc8c" testId="221711fc-22b4-46df-9435-85ef78b8b41b" testName="FileRequest_FileCanBeReadAfterRename" computerName="VECTOR" duration="00:00:00.1100000" startTime="2018-08-23T10:16:18.7822443-04:00" endTime="2018-08-23T10:16:18.7822508-04:00" testType="13cdc9d9-ddb5-4fa4-a97d-d965ccfc6d4b" outcome="Passed" testListId="8c84fa94-04c1-424b-9868-57a2d4851a1d" relativeResultsDirectory="d614569f-aeb3-45ba-93c4-3c3d2e7ebc8c" /><UnitTestResult executionId="275f68de-4517-4670-87e6-5fe55f86077f" testId="58ac5d56-156a-45ae-beee-414e1d54750a" testName="LucyCameraFindsAllDependents" computerName="VECTOR" duration="00:00:00.0100000" startTime="2018-08-23T10:16:04.9458678-04:00" endTime="2018-08-23T10:16:04.9458748-04:00" testType="13cdc9d9-ddb5-4fa4-a97d-d965ccfc6d4b" outcome="Passed" testListId="8c84fa94-04c1-424b-9868-57a2d4851a1d" relativeResultsDirectory="275f68de-4517-4670-87e6-5fe55f86077f" /><UnitTestResult executionId="96528b20-e048-4bea-8112-6083bf121da1" testId="e2bb897d-1700-478b-a382-1f4aaf4578f1" testName="Put_InvalidReferencePropertyReturndBadRequest" computerName="VECTOR" duration="00:00:00.0210000" startTime="2018-08-23T10:16:21.7725747-04:00" endTime="2018-08-23T10:16:21.7725806-04:00" testType="13cdc9d9-ddb5-4fa4-a97d-d965ccfc6d4b" outcome="Passed" testListId="8c84fa94-04c1-424b-9868-57a2d4851a1d" relativeResultsDirectory="96528b20-e048-4bea-8112-6083bf121da1" /><UnitTestResult executionId="1abcea71-16b1-4a75-930c-d86a480adead" testId="5fd265c9-8efd-4cba-afbe-f5187dfac3ed" testName="GetFile_FileCanBeRoundTripped" computerName="VECTOR" duration="00:00:00.1150000" startTime="2018-08-23T10:16:13.5950825-04:00" endTime="2018-08-23T10:16:13.5950894-04:00" testType="13cdc9d9-ddb5-4fa4-a97d-d965ccfc6d4b" outcome="Passed" testListId="8c84fa94-04c1-424b-9868-57a2d4851a1d" relativeResultsDirectory="1abcea71-16b1-4a75-930c-d86a480adead" /><UnitTestResult executionId="249f789a-eec8-422b-8a29-f8dbb89fdadf" testId="a85c0fff-2b72-4c12-91ea-fbb1c38c8943" testName="Delete_TargetModelIsDeleted" computerName="VECTOR" duration="00:00:00.0240000" startTime="2018-08-23T10:16:07.0030499-04:00" endTime="2018-08-23T10:16:07.0030561-04:00" testType="13cdc9d9-ddb5-4fa4-a97d-d965ccfc6d4b" outcome="Passed" testListId="8c84fa94-04c1-424b-9868-57a2d4851a1d" relativeResultsDirectory="249f789a-eec8-422b-8a29-f8dbb89fdadf" /><UnitTestResult executionId="a6c10629-b355-4aca-b1fb-d8ddc016ea27" testId="57b4e054-2701-4d1a-bec3-e42788f7d87b" testName="Patch_ValidReferencePropertyUpdatesModel" computerName="VECTOR" duration="00:00:00.0600000" startTime="2018-08-23T10:16:06.7937206-04:00" endTime="2018-08-23T10:16:06.7937270-04:00" testType="13cdc9d9-ddb5-4fa4-a97d-d965ccfc6d4b" outcome="Passed" testListId="8c84fa94-04c1-424b-9868-57a2d4851a1d" relativeResultsDirectory="a6c10629-b355-4aca-b1fb-d8ddc016ea27" /><UnitTestResult executionId="aa7b658e-bd02-40e4-a73d-a1effbcac09f" testId="7446bab6-d2ff-46c7-bcb0-6e04ffe0e85e" testName="Post_CanCreateNewModel" computerName="VECTOR" duration="00:00:00.0350000" startTime="2018-08-23T10:16:10.9674521-04:00" endTime="2018-08-23T10:16:10.9674584-04:00" testType="13cdc9d9-ddb5-4fa4-a97d-d965ccfc6d4b" outcome="Passed" testListId="8c84fa94-04c1-424b-9868-57a2d4851a1d" relativeResultsDirectory="aa7b658e-bd02-40e4-a73d-a1effbcac09f" /><UnitTestResult executionId="0a591210-9056-4bc2-89ab-34436a7d3fb6" testId="22bd1342-2a9f-452b-9c66-198ede13acf3" testName="Post_ValidReferencePropertyCreatesModel" computerName="VECTOR" duration="00:00:00.0090000" startTime="2018-08-23T10:16:05.5959435-04:00" endTime="2018-08-23T10:16:05.5959454-04:00" testType="13cdc9d9-ddb5-4fa4-a97d-d965ccfc6d4b" outcome="Passed" testListId="8c84fa94-04c1-424b-9868-57a2d4851a1d" relativeResultsDirectory="0a591210-9056-4bc2-89ab-34436a7d3fb6" /><UnitTestResult executionId="f669fef5-dbd0-4bc4-80f1-1c024b124e31" testId="08b0d2cc-635c-4112-bee9-df84a8daceba" testName="Put_ValidReferencePropertyUpdatesModel" computerName="VECTOR" duration="00:00:00.1670000" startTime="2018-08-23T10:16:19.2002176-04:00" endTime="2018-08-23T10:16:19.2002240-04:00" testType="13cdc9d9-ddb5-4fa4-a97d-d965ccfc6d4b" outcome="Passed" testListId="8c84fa94-04c1-424b-9868-57a2d4851a1d" relativeResultsDirectory="f669fef5-dbd0-4bc4-80f1-1c024b124e31" /><UnitTestResult executionId="4402f149-cf97-4bf4-b5e5-3b9c35f92031" testId="3e843aca-b806-4e4f-bf61-e3f9701fdb5f" testName="Patch_ValidReferencePropertyUpdatesModel" computerName="VECTOR" duration="00:00:00.0550000" startTime="2018-08-23T10:16:19.3927372-04:00" endTime="2018-08-23T10:16:19.3927438-04:00" testType="13cdc9d9-ddb5-4fa4-a97d-d965ccfc6d4b" outcome="Passed" testListId="8c84fa94-04c1-424b-9868-57a2d4851a1d" relativeResultsDirectory="4402f149-cf97-4bf4-b5e5-3b9c35f92031" /><UnitTestResult executionId="2d78c41d-d25c-460d-89f3-e5f7291b0482" testId="5f7a5b26-101c-42e5-8b01-d02033308803" testName="Put_InvalidReferencePropertyReturndBadRequest" computerName="VECTOR" duration="00:00:00.0270000" startTime="2018-08-23T10:16:07.0307852-04:00" endTime="2018-08-23T10:16:07.0307914-04:00" testType="13cdc9d9-ddb5-4fa4-a97d-d965ccfc6d4b" outcome="Passed" testListId="8c84fa94-04c1-424b-9868-57a2d4851a1d" relativeResultsDirectory="2d78c41d-d25c-460d-89f3-e5f7291b0482" /><UnitTestResult executionId="2516c84d-30bc-4eb1-bf1d-c8d84da4b0bf" testId="172c3447-1fcf-47b2-8a43-ac0d29914122" testName="Patch_MultipleInvalidReferencePropertiesReturnsMultipleValidationErrorsAndBadRequest" computerName="VECTOR" duration="00:00:00.0360000" startTime="2018-08-23T10:16:11.1355557-04:00" endTime="2018-08-23T10:16:11.1355621-04:00" testType="13cdc9d9-ddb5-4fa4-a97d-d965ccfc6d4b" outcome="Passed" testListId="8c84fa94-04c1-424b-9868-57a2d4851a1d" relativeResultsDirectory="2516c84d-30bc-4eb1-bf1d-c8d84da4b0bf" /><UnitTestResult executionId="93bafa0b-08a5-4fa9-a934-6c5b94cb2a56" testId="ec00a3a4-f9d8-482a-9d31-f3c5be283683" testName="LucyDepthBufferFindsOneDependent" computerName="VECTOR" duration="00:00:00.0050000" startTime="2018-08-23T10:16:04.9522065-04:00" endTime="2018-08-23T10:16:04.9522128-04:00" testType="13cdc9d9-ddb5-4fa4-a97d-d965ccfc6d4b" outcome="Passed" testListId="8c84fa94-04c1-424b-9868-57a2d4851a1d" relativeResultsDirectory="93bafa0b-08a5-4fa9-a934-6c5b94cb2a56" /><UnitTestResult executionId="28b2a672-113c-4aa1-a38b-c85be01203e7" testId="3edf02cf-7a9b-4ead-bf1f-486d82522898" testName="Patch_InvalidPropertyNameReturnsBadRequest" computerName="VECTOR" duration="00:00:00.0900000" startTime="2018-08-23T10:16:05.5811293-04:00" endTime="2018-08-23T10:16:05.5811352-04:00" testType="13cdc9d9-ddb5-4fa4-a97d-d965ccfc6d4b" outcome="Passed" testListId="8c84fa94-04c1-424b-9868-57a2d4851a1d" relativeResultsDirectory="28b2a672-113c-4aa1-a38b-c85be01203e7" /><UnitTestResult executionId="9b37f8b3-61d4-4382-b267-33923cf6df22" testId="4777e281-25d9-4cf7-aeb1-e4196bef7c99" testName="DepthBufferHasExpectedDependentFiles" computerName="VECTOR" duration="00:00:00.0010000" startTime="2018-08-23T10:16:04.9526818-04:00" endTime="2018-08-23T10:16:04.9526833-04:00" testType="13cdc9d9-ddb5-4fa4-a97d-d965ccfc6d4b" outcome="Passed" testListId="8c84fa94-04c1-424b-9868-57a2d4851a1d" relativeResultsDirectory="9b37f8b3-61d4-4382-b267-33923cf6df22" /><UnitTestResult executionId="7cfd1151-048b-48da-9669-88f8316aa64d" testId="eda94199-6804-4d4b-8d54-86e033b6924d" testName="Patch_InvalidPropertyNameReturnsBadRequest" computerName="VECTOR" duration="00:00:00.0230000" startTime="2018-08-23T10:16:11.0240358-04:00" endTime="2018-08-23T10:16:11.0240419-04:00" testType="13cdc9d9-ddb5-4fa4-a97d-d965ccfc6d4b" outcome="Passed" testListId="8c84fa94-04c1-424b-9868-57a2d4851a1d" relativeResultsDirectory="7cfd1151-048b-48da-9669-88f8316aa64d" /><UnitTestResult executionId="b5b3cadf-2475-4d1b-9ed8-008e15d83570" testId="a834ce69-2cfa-4944-9684-58dab2dad2af" testName="Patch_MultipleInvalidReferencePropertiesReturnsMultipleValidationErrorsAndBadRequest" computerName="VECTOR" duration="00:00:00.0280000" startTime="2018-08-23T10:16:06.9021562-04:00" endTime="2018-08-23T10:16:06.9021632-04:00" testType="13cdc9d9-ddb5-4fa4-a97d-d965ccfc6d4b" outcome="Passed" testListId="8c84fa94-04c1-424b-9868-57a2d4851a1d" relativeResultsDirectory="b5b3cadf-2475-4d1b-9ed8-008e15d83570" /><UnitTestResult executionId="2e0a85f4-3a66-4679-9a46-f3b63ec92d4e" testId="caa6f0e3-e9fc-4e04-b24f-4656b3904030" testName="Patch_InvalidEnumPropertyValueReturnsBadRequest" computerName="VECTOR" duration="00:00:00.0220000" startTime="2018-08-23T10:16:10.8738859-04:00" endTime="2018-08-23T10:16:10.8738924-04:00" testType="13cdc9d9-ddb5-4fa4-a97d-d965ccfc6d4b" outcome="Passed" testListId="8c84fa94-04c1-424b-9868-57a2d4851a1d" relativeResultsDirectory="2e0a85f4-3a66-4679-9a46-f3b63ec92d4e" /><UnitTestResult executionId="41a6049e-a3c7-45b0-9b61-9179942dc2da" testId="828cece6-1b77-43b6-a95e-895e8fdcf109" testName="Patch_TargetPropertyIsUpdated" computerName="VECTOR" duration="00:00:00.0530000" startTime="2018-08-23T10:16:22.0383581-04:00" endTime="2018-08-23T10:16:22.0383644-04:00" testType="13cdc9d9-ddb5-4fa4-a97d-d965ccfc6d4b" outcome="Passed" testListId="8c84fa94-04c1-424b-9868-57a2d4851a1d" relativeResultsDirectory="41a6049e-a3c7-45b0-9b61-9179942dc2da" /><UnitTestResult executionId="27513852-3b6b-405a-9935-84151d05f62c" testId="5a03a60a-d15d-4132-a1cb-8c8ae8a7db6c" testName="GetFile_NonExistentFileReturnsNotFound" computerName="VECTOR" duration="00:00:00.0170000" startTime="2018-08-23T10:16:21.2227752-04:00" endTime="2018-08-23T10:16:21.2227814-04:00" testType="13cdc9d9-ddb5-4fa4-a97d-d965ccfc6d4b" outcome="Passed" testListId="8c84fa94-04c1-424b-9868-57a2d4851a1d" relativeResultsDirectory="27513852-3b6b-405a-9935-84151d05f62c" /><UnitTestResult executionId="2bb604e1-9f89-4cf6-be9c-c9353ec95494" testId="6556c0de-5082-4cf7-abf9-7cbd99d70700" testName="Patch_ValidReferencePropertyUpdatesModel" computerName="VECTOR" duration="00:00:00.0720000" startTime="2018-08-23T10:16:08.4896960-04:00" endTime="2018-08-23T10:16:08.4897019-04:00" testType="13cdc9d9-ddb5-4fa4-a97d-d965ccfc6d4b" outcome="Passed" testListId="8c84fa94-04c1-424b-9868-57a2d4851a1d" relativeResultsDirectory="2bb604e1-9f89-4cf6-be9c-c9353ec95494" /><UnitTestResult executionId="e9de679e-ec55-4038-9d66-c7ebee62df28" testId="720c5ead-1904-4e61-af3c-ca467b713094" testName="Delete_TargetModelIsDeleted" computerName="VECTOR" duration="00:00:00.0330000" startTime="2018-08-23T10:16:18.9298679-04:00" endTime="2018-08-23T10:16:18.9298748-04:00" testType="13cdc9d9-ddb5-4fa4-a97d-d965ccfc6d4b" outcome="Passed" testListId="8c84fa94-04c1-424b-9868-57a2d4851a1d" relativeResultsDirectory="e9de679e-ec55-4038-9d66-c7ebee62df28" /><UnitTestResult executionId="4a3b241a-c793-4a52-b0e9-fd61794825a5" testId="c007c98b-e10b-49fb-9271-95b3e0e7f255" testName="GetList_ListReturnsCorrectCount" computerName="VECTOR" duration="00:00:00.0150000" startTime="2018-08-23T10:16:08.2117762-04:00" endTime="2018-08-23T10:16:08.2117822-04:00" testType="13cdc9d9-ddb5-4fa4-a97d-d965ccfc6d4b" outcome="Passed" testListId="8c84fa94-04c1-424b-9868-57a2d4851a1d" relativeResultsDirectory="4a3b241a-c793-4a52-b0e9-fd61794825a5" /><UnitTestResult executionId="ff6cc120-3852-44cb-b4e7-a69c47228de0" testId="6a3fc725-7d6e-4947-a3bf-6bd2735327c3" testName="GetSingle_InvalidIdPropertyValueReturnsNotFound" computerName="VECTOR" duration="00:00:00.0110000" startTime="2018-08-23T10:16:21.6800699-04:00" endTime="2018-08-23T10:16:21.6800754-04:00" testType="13cdc9d9-ddb5-4fa4-a97d-d965ccfc6d4b" outcome="Passed" testListId="8c84fa94-04c1-424b-9868-57a2d4851a1d" relativeResultsDirectory="ff6cc120-3852-44cb-b4e7-a69c47228de0" /><UnitTestResult executionId="8df05026-80ee-4d9e-a460-4129caa4f955" testId="2ec27b97-19db-4b5a-a07e-383593bf9910" testName="Patch_MultipleInvalidReferencePropertiesReturnsMultipleValidationErrorsAndBadRequest" computerName="VECTOR" duration="00:00:00.0250000" startTime="2018-08-23T10:16:21.8209178-04:00" endTime="2018-08-23T10:16:21.8209238-04:00" testType="13cdc9d9-ddb5-4fa4-a97d-d965ccfc6d4b" outcome="Passed" testListId="8c84fa94-04c1-424b-9868-57a2d4851a1d" relativeResultsDirectory="8df05026-80ee-4d9e-a460-4129caa4f955" /><UnitTestResult executionId="d211004b-33c6-47bf-bc1d-0d88650d684d" testId="e401c193-1773-4489-9fb0-608159b2df2c" testName="Post_InvalidReferencePropertyReturnsBadRequest" computerName="VECTOR" duration="00:00:00.0140000" startTime="2018-08-23T10:16:21.6946320-04:00" endTime="2018-08-23T10:16:21.6946393-04:00" testType="13cdc9d9-ddb5-4fa4-a97d-d965ccfc6d4b" outcome="Passed" testListId="8c84fa94-04c1-424b-9868-57a2d4851a1d" relativeResultsDirectory="d211004b-33c6-47bf-bc1d-0d88650d684d" /><UnitTestResult executionId="c0525e50-e080-481c-b498-1852089f9490" testId="6c0a14b3-953a-411e-a876-b5bbc4bd4217" testName="Post_InvalidReferencePropertyReturnsBadRequest" computerName="VECTOR" duration="00:00:00.0270000" startTime="2018-08-23T10:16:11.0992050-04:00" endTime="2018-08-23T10:16:11.0992118-04:00" testType="13cdc9d9-ddb5-4fa4-a97d-d965ccfc6d4b" outcome="Passed" testListId="8c84fa94-04c1-424b-9868-57a2d4851a1d" relativeResultsDirectory="c0525e50-e080-481c-b498-1852089f9490" /></Results><TestDefinitions><UnitTest name="GetSingle_ValidIdPropertyValueReturnsCorrectModel" storage="d:\modelrelief\modelrelief.test\bin\debug\netcoreapp2.0\modelrelief.test.dll" id="7d5e01a8-db3a-4476-8ad4-ddb0063d9df3"><Execution id="83a719c0-d8ee-4e1d-be86-e01c89df5a71" /><TestMethod codeBase="D:\ModelRelief\ModelRelief.test\bin\Debug\netcoreapp2.0\ModelRelief.Test.dll" adapterTypeName="executor://xunit/VsTestRunner2/netcoreapp" className="ModelRelief.Test.Integration.Projects.ProjectsBaseIntegrationTests" name="GetSingle_ValidIdPropertyValueReturnsCorrectModel" /></UnitTest><UnitTest name="Put_InvalidIdReturnsNotFound" storage="d:\modelrelief\modelrelief.test\bin\debug\netcoreapp2.0\modelrelief.test.dll" id="520e010c-05e6-4be7-9551-90f867dbf0a5"><Execution id="42bbdefd-c47c-4463-9aaf-9ccdddb8da05" /><TestMethod codeBase="D:\ModelRelief\ModelRelief.test\bin\Debug\netcoreapp2.0\ModelRelief.Test.dll" adapterTypeName="executor://xunit/VsTestRunner2/netcoreapp" className="ModelRelief.Test.Integration.Projects.ProjectsBaseIntegrationTests" name="Put_InvalidIdReturnsNotFound" /></UnitTest><UnitTest name="Put_ValidReferencePropertyUpdatesModel" storage="d:\modelrelief\modelrelief.test\bin\debug\netcoreapp2.0\modelrelief.test.dll" id="5e565126-6da6-48fb-8617-14d043a3fc2e"><Execution id="af640f65-e1fc-42ce-8f91-8d04205f04b4" /><TestMethod codeBase="D:\ModelRelief\ModelRelief.test\bin\Debug\netcoreapp2.0\ModelRelief.Test.dll" adapterTypeName="executor://xunit/VsTestRunner2/netcoreapp" className="ModelRelief.Test.Integration.Models.ModelsBaseIntegrationTests" name="Put_ValidReferencePropertyUpdatesModel" /></UnitTest><UnitTest name="Post_InvalidReferencePropertyReturnsBadRequest" storage="d:\modelrelief\modelrelief.test\bin\debug\netcoreapp2.0\modelrelief.test.dll" id="75bfea2d-2cdb-4d15-bb76-d8e2e0fcd00e"><Execution id="43be662e-475f-4e72-89bb-85b37dfcbb87" /><TestMethod codeBase="D:\ModelRelief\ModelRelief.test\bin\Debug\netcoreapp2.0\ModelRelief.Test.dll" adapterTypeName="executor://xunit/VsTestRunner2/netcoreapp" className="ModelRelief.Test.Integration.Models.ModelsBaseIntegrationTests" name="Post_InvalidReferencePropertyReturnsBadRequest" /></UnitTest><UnitTest name="Patch_MultipleInvalidReferencePropertiesReturnsMultipleValidationErrorsAndBadRequest" storage="d:\modelrelief\modelrelief.test\bin\debug\netcoreapp2.0\modelrelief.test.dll" id="0f0c02fc-5fbd-4325-aca5-db1ee9635e27"><Execution id="2633e230-497d-41e3-8231-d6a70837c68c" /><TestMethod codeBase="D:\ModelRelief\ModelRelief.test\bin\Debug\netcoreapp2.0\ModelRelief.Test.dll" adapterTypeName="executor://xunit/VsTestRunner2/netcoreapp" className="ModelRelief.Test.Integration.Projects.ProjectsBaseIntegrationTests" name="Patch_MultipleInvalidReferencePropertiesReturnsMultipleValidationErrorsAndBadRequest" /></UnitTest><UnitTest name="LucyDepthBufferFindsOneDependent" storage="d:\modelrelief\modelrelief.test\bin\debug\netcoreapp2.0\modelrelief.test.dll" id="ec00a3a4-f9d8-482a-9d31-f3c5be283683"><Execution id="93bafa0b-08a5-4fa9-a934-6c5b94cb2a56" /><TestMethod codeBase="D:\ModelRelief\ModelRelief.test\bin\Debug\netcoreapp2.0\ModelRelief.Test.dll" adapterTypeName="executor://xunit/VsTestRunner2/netcoreapp" className="ModelRelief.Test.Unit.DependencyManager.DependencyManagerTests" name="LucyDepthBufferFindsOneDependent" /></UnitTest><UnitTest name="GetFile_FileCanBeRoundTripped" storage="d:\modelrelief\modelrelief.test\bin\debug\netcoreapp2.0\modelrelief.test.dll" id="94e138d5-edcd-44fc-9500-51e8da337f9c"><Execution id="49e68d6a-71df-4d02-a01c-e9d8a5578ef5" /><TestMethod codeBase="D:\ModelRelief\ModelRelief.test\bin\Debug\netcoreapp2.0\ModelRelief.Test.dll" adapterTypeName="executor://xunit/VsTestRunner2/netcoreapp" className="ModelRelief.Test.Integration.Models.ModelsFileIntegrationTests" name="GetFile_FileCanBeRoundTripped" /></UnitTest><UnitTest name="Patch_ValidReferencePropertyUpdatesModel" storage="d:\modelrelief\modelrelief.test\bin\debug\netcoreapp2.0\modelrelief.test.dll" id="57b4e054-2701-4d1a-bec3-e42788f7d87b"><Execution id="a6c10629-b355-4aca-b1fb-d8ddc016ea27" /><TestMethod codeBase="D:\ModelRelief\ModelRelief.test\bin\Debug\netcoreapp2.0\ModelRelief.Test.dll" adapterTypeName="executor://xunit/VsTestRunner2/netcoreapp" className="ModelRelief.Test.Integration.Models.ModelsBaseIntegrationTests" name="Patch_ValidReferencePropertyUpdatesModel" /></UnitTest><UnitTest name="Post_CanCreateNewModel" storage="d:\modelrelief\modelrelief.test\bin\debug\netcoreapp2.0\modelrelief.test.dll" id="6ea73941-4f85-4eda-a991-1f7d86c47f0a"><Execution id="1884bcfe-9c01-4d82-8c42-0b6d2e75692e" /><TestMethod codeBase="D:\ModelRelief\ModelRelief.test\bin\Debug\netcoreapp2.0\ModelRelief.Test.dll" adapterTypeName="executor://xunit/VsTestRunner2/netcoreapp" className="ModelRelief.Test.Integration.Models.ModelsBaseIntegrationTests" name="Post_CanCreateNewModel" /></UnitTest><UnitTest name="GetFile_NonExistentFileReturnsNotFound" storage="d:\modelrelief\modelrelief.test\bin\debug\netcoreapp2.0\modelrelief.test.dll" id="5352967c-13c2-401f-a12a-ac185d0813f8"><Execution id="1862a75c-0589-451f-9ec6-9f36da8f0258" /><TestMethod codeBase="D:\ModelRelief\ModelRelief.test\bin\Debug\netcoreapp2.0\ModelRelief.Test.dll" adapterTypeName="executor://xunit/VsTestRunner2/netcoreapp" className="ModelRelief.Test.Integration.Meshes.MeshesFileIntegrationTests" name="GetFile_NonExistentFileReturnsNotFound" /></UnitTest><UnitTest name="Post_ValidReferencePropertyCreatesModel" storage="d:\modelrelief\modelrelief.test\bin\debug\netcoreapp2.0\modelrelief.test.dll" id="3adafa59-8f93-4307-be17-1c917680f6c2"><Execution id="42832f83-cf49-4428-bde8-2d1723d8075e" /><TestMethod codeBase="D:\ModelRelief\ModelRelief.test\bin\Debug\netcoreapp2.0\ModelRelief.Test.dll" adapterTypeName="executor://xunit/VsTestRunner2/netcoreapp" className="ModelRelief.Test.Integration.MeshTransforms.MeshTransformsBaseIntegrationTests" name="Post_ValidReferencePropertyCreatesModel" /></UnitTest><UnitTest name="Post_InvalidReferencePropertyReturnsBadRequest" storage="d:\modelrelief\modelrelief.test\bin\debug\netcoreapp2.0\modelrelief.test.dll" id="f48f0452-ee25-493c-b7f8-1db72a75e349"><Execution id="1c5db59c-fd49-4cde-8732-48aa124c08d0" /><TestMethod codeBase="D:\ModelRelief\ModelRelief.test\bin\Debug\netcoreapp2.0\ModelRelief.Test.dll" adapterTypeName="executor://xunit/VsTestRunner2/netcoreapp" className="ModelRelief.Test.Integration.MeshTransforms.MeshTransformsBaseIntegrationTests" name="Post_InvalidReferencePropertyReturnsBadRequest" /></UnitTest><UnitTest name="Post_ValidReferencePropertyCreatesModel" storage="d:\modelrelief\modelrelief.test\bin\debug\netcoreapp2.0\modelrelief.test.dll" id="a239d32e-310d-4de3-9561-00a11b4ebdab"><Execution id="4450b1a6-fbc2-4fd9-b82c-be8bad1d2376" /><TestMethod codeBase="D:\ModelRelief\ModelRelief.test\bin\Debug\netcoreapp2.0\ModelRelief.Test.dll" adapterTypeName="executor://xunit/VsTestRunner2/netcoreapp" className="ModelRelief.Test.Integration.Meshes.MeshesBaseIntegrationTests" name="Post_ValidReferencePropertyCreatesModel" /></UnitTest><UnitTest name="DepthBufferHasExpectedDependentFiles" storage="d:\modelrelief\modelrelief.test\bin\debug\netcoreapp2.0\modelrelief.test.dll" id="4777e281-25d9-4cf7-aeb1-e4196bef7c99"><Execution id="9b37f8b3-61d4-4382-b267-33923cf6df22" /><TestMethod codeBase="D:\ModelRelief\ModelRelief.test\bin\Debug\netcoreapp2.0\ModelRelief.Test.dll" adapterTypeName="executor://xunit/VsTestRunner2/netcoreapp" className="ModelRelief.Test.Unit.DependencyManager.DependencyManagerTests" name="DepthBufferHasExpectedDependentFiles" /></UnitTest><UnitTest name="FileRequest_FileCanBeReadAfterRename" storage="d:\modelrelief\modelrelief.test\bin\debug\netcoreapp2.0\modelrelief.test.dll" id="221711fc-22b4-46df-9435-85ef78b8b41b"><Execution id="d614569f-aeb3-45ba-93c4-3c3d2e7ebc8c" /><TestMethod codeBase="D:\ModelRelief\ModelRelief.test\bin\Debug\netcoreapp2.0\ModelRelief.Test.dll" adapterTypeName="executor://xunit/VsTestRunner2/netcoreapp" className="ModelRelief.Test.Integration.Meshes.MeshesFileIntegrationTests" name="FileRequest_FileCanBeReadAfterRename" /></UnitTest><UnitTest name="GetFile_FileCanBeRoundTripped" storage="d:\modelrelief\modelrelief.test\bin\debug\netcoreapp2.0\modelrelief.test.dll" id="5fd265c9-8efd-4cba-afbe-f5187dfac3ed"><Execution id="1abcea71-16b1-4a75-930c-d86a480adead" /><TestMethod codeBase="D:\ModelRelief\ModelRelief.test\bin\Debug\netcoreapp2.0\ModelRelief.Test.dll" adapterTypeName="executor://xunit/VsTestRunner2/netcoreapp" className="ModelRelief.Test.Integration.Meshes.MeshesFileIntegrationTests" name="GetFile_FileCanBeRoundTripped" /></UnitTest><UnitTest name="Post_InvalidReferencePropertyReturnsBadRequest" storage="d:\modelrelief\modelrelief.test\bin\debug\netcoreapp2.0\modelrelief.test.dll" id="e401c193-1773-4489-9fb0-608159b2df2c"><Execution id="d211004b-33c6-47bf-bc1d-0d88650d684d" /><TestMethod codeBase="D:\ModelRelief\ModelRelief.test\bin\Debug\netcoreapp2.0\ModelRelief.Test.dll" adapterTypeName="executor://xunit/VsTestRunner2/netcoreapp" className="ModelRelief.Test.Integration.Cameras.CamerasBaseIntegrationTests" name="Post_InvalidReferencePropertyReturnsBadRequest" /></UnitTest><UnitTest name="Patch_InvalidPropertyNameReturnsBadRequest" storage="d:\modelrelief\modelrelief.test\bin\debug\netcoreapp2.0\modelrelief.test.dll" id="10398531-c6f1-47e2-995f-3ddfc5ba3f23"><Execution id="38ee69be-1870-40d8-a8ac-0405edf45a19" /><TestMethod codeBase="D:\ModelRelief\ModelRelief.test\bin\Debug\netcoreapp2.0\ModelRelief.Test.dll" adapterTypeName="executor://xunit/VsTestRunner2/netcoreapp" className="ModelRelief.Test.Integration.Models.ModelsBaseIntegrationTests" name="Patch_InvalidPropertyNameReturnsBadRequest" /></UnitTest><UnitTest name="Patch_InvalidEnumPropertyValueReturnsBadRequest" storage="d:\modelrelief\modelrelief.test\bin\debug\netcoreapp2.0\modelrelief.test.dll" id="6cdee8f8-81d1-449f-9cea-a576387e5adb"><Execution id="8eb135b0-27cd-433e-a92a-f1233746889a" /><TestMethod codeBase="D:\ModelRelief\ModelRelief.test\bin\Debug\netcoreapp2.0\ModelRelief.Test.dll" adapterTypeName="executor://xunit/VsTestRunner2/netcoreapp" className="ModelRelief.Test.Integration.Models.ModelsBaseIntegrationTests" name="Patch_InvalidEnumPropertyValueReturnsBadRequest" /></UnitTest><UnitTest name="GetSingle_InvalidIdPropertyValueReturnsNotFound" storage="d:\modelrelief\modelrelief.test\bin\debug\netcoreapp2.0\modelrelief.test.dll" id="5fd5199c-75d9-4675-8058-0c8da0ebd1ab"><Execution id="d3903b4d-3c82-4144-92a0-a34002b7aaf8" /><TestMethod codeBase="D:\ModelRelief\ModelRelief.test\bin\Debug\netcoreapp2.0\ModelRelief.Test.dll" adapterTypeName="executor://xunit/VsTestRunner2/netcoreapp" className="ModelRelief.Test.Integration.Models.ModelsBaseIntegrationTests" name="GetSingle_InvalidIdPropertyValueReturnsNotFound" /></UnitTest><UnitTest name="CameraHasExpectedDependentFiles" storage="d:\modelrelief\modelrelief.test\bin\debug\netcoreapp2.0\modelrelief.test.dll" id="09bfc313-15a4-4136-8db4-7163b31f856f"><Execution id="6ee8e838-2f53-4de6-a6c9-25c86e8c25be" /><TestMethod codeBase="D:\ModelRelief\ModelRelief.test\bin\Debug\netcoreapp2.0\ModelRelief.Test.dll" adapterTypeName="executor://xunit/VsTestRunner2/netcoreapp" className="ModelRelief.Test.Unit.DependencyManager.DependencyManagerTests" name="CameraHasExpectedDependentFiles" /></UnitTest><UnitTest name="Post_InvalidReferencePropertyReturnsBadRequest" storage="d:\modelrelief\modelrelief.test\bin\debug\netcoreapp2.0\modelrelief.test.dll" id="d86ab6aa-05e5-45c4-b7dc-a661d43b212b"><Execution id="df937a2a-544a-4cdc-a17f-66e7971e6970" /><TestMethod codeBase="D:\ModelRelief\ModelRelief.test\bin\Debug\netcoreapp2.0\ModelRelief.Test.dll" adapterTypeName="executor://xunit/VsTestRunner2/netcoreapp" className="ModelRelief.Test.Integration.DepthBuffers.DepthBuffersBaseIntegrationTests" name="Post_InvalidReferencePropertyReturnsBadRequest" /></UnitTest><UnitTest name="Delete_TargetModelIsDeleted" storage="d:\modelrelief\modelrelief.test\bin\debug\netcoreapp2.0\modelrelief.test.dll" id="a85c0fff-2b72-4c12-91ea-fbb1c38c8943"><Execution id="249f789a-eec8-422b-8a29-f8dbb89fdadf" /><TestMethod codeBase="D:\ModelRelief\ModelRelief.test\bin\Debug\netcoreapp2.0\ModelRelief.Test.dll" adapterTypeName="executor://xunit/VsTestRunner2/netcoreapp" className="ModelRelief.Test.Integration.Models.ModelsBaseIntegrationTests" name="Delete_TargetModelIsDeleted" /></UnitTest><UnitTest name="Patch_InvalidEnumPropertyValueReturnsBadRequest" storage="d:\modelrelief\modelrelief.test\bin\debug\netcoreapp2.0\modelrelief.test.dll" id="147a581e-26b1-4de4-8176-4da2196c4c6c"><Execution id="130d4a1b-328b-4eef-9f3e-0777412d3b55" /><TestMethod codeBase="D:\ModelRelief\ModelRelief.test\bin\Debug\netcoreapp2.0\ModelRelief.Test.dll" adapterTypeName="executor://xunit/VsTestRunner2/netcoreapp" className="ModelRelief.Test.Integration.Projects.ProjectsBaseIntegrationTests" name="Patch_InvalidEnumPropertyValueReturnsBadRequest" /></UnitTest><UnitTest name="Post_ValidReferencePropertyCreatesModel" storage="d:\modelrelief\modelrelief.test\bin\debug\netcoreapp2.0\modelrelief.test.dll" id="22bd1342-2a9f-452b-9c66-198ede13acf3"><Execution id="0a591210-9056-4bc2-89ab-34436a7d3fb6" /><TestMethod codeBase="D:\ModelRelief\ModelRelief.test\bin\Debug\netcoreapp2.0\ModelRelief.Test.dll" adapterTypeName="executor://xunit/VsTestRunner2/netcoreapp" className="ModelRelief.Test.Integration.Projects.ProjectsBaseIntegrationTests" name="Post_ValidReferencePropertyCreatesModel" /></UnitTest><UnitTest name="Post_InvalidPropertyValueReturnsBadRequest" storage="d:\modelrelief\modelrelief.test\bin\debug\netcoreapp2.0\modelrelief.test.dll" id="7b7bba6a-a2d4-4e3c-b128-31d99989c34f"><Execution id="457558ee-8373-4530-a32e-1e80c7b99107" /><TestMethod codeBase="D:\ModelRelief\ModelRelief.test\bin\Debug\netcoreapp2.0\ModelRelief.Test.dll" adapterTypeName="executor://xunit/VsTestRunner2/netcoreapp" className="ModelRelief.Test.Integration.Cameras.CamerasBaseIntegrationTests" name="Post_InvalidPropertyValueReturnsBadRequest" /></UnitTest><UnitTest name="Post_ValidReferencePropertyCreatesModel" storage="d:\modelrelief\modelrelief.test\bin\debug\netcoreapp2.0\modelrelief.test.dll" id="b6857ecf-1d5c-4925-a234-2d57f6f8d3cd"><Execution id="c6975419-c052-40e8-9c9a-e670bfe659ab" /><TestMethod codeBase="D:\ModelRelief\ModelRelief.test\bin\Debug\netcoreapp2.0\ModelRelief.Test.dll" adapterTypeName="executor://xunit/VsTestRunner2/netcoreapp" className="ModelRelief.Test.Integration.DepthBuffers.DepthBuffersBaseIntegrationTests" name="Post_ValidReferencePropertyCreatesModel" /></UnitTest><UnitTest name="GetFile_ExistingFileReturnsSuccess" storage="d:\modelrelief\modelrelief.test\bin\debug\netcoreapp2.0\modelrelief.test.dll" id="67d2b8d6-c419-4600-af6b-2e7f67894f9f"><Execution id="45db5862-8d4a-4874-8191-16472afc0eee" /><TestMethod codeBase="D:\ModelRelief\ModelRelief.test\bin\Debug\netcoreapp2.0\ModelRelief.Test.dll" adapterTypeName="executor://xunit/VsTestRunner2/netcoreapp" className="ModelRelief.Test.Integration.Meshes.MeshesFileIntegrationTests" name="GetFile_ExistingFileReturnsSuccess" /></UnitTest><UnitTest name="GetList_ListReturnsCorrectCount" storage="d:\modelrelief\modelrelief.test\bin\debug\netcoreapp2.0\modelrelief.test.dll" id="f32e44e4-c067-4d83-8fc8-322a9924253e"><Execution id="eefa47fe-a95a-4451-b8ae-693139f2639e" /><TestMethod codeBase="D:\ModelRelief\ModelRelief.test\bin\Debug\netcoreapp2.0\ModelRelief.Test.dll" adapterTypeName="executor://xunit/VsTestRunner2/netcoreapp" className="ModelRelief.Test.Integration.Models.ModelsBaseIntegrationTests" name="GetList_ListReturnsCorrectCount" /></UnitTest><UnitTest name="Post_CanCreateNewModel" storage="d:\modelrelief\modelrelief.test\bin\debug\netcoreapp2.0\modelrelief.test.dll" id="d6f3c822-9d6c-469d-a807-3a4332a1d126"><Execution id="fd509d15-b7db-4d2c-ace4-0e10a677a102" /><TestMethod codeBase="D:\ModelRelief\ModelRelief.test\bin\Debug\netcoreapp2.0\ModelRelief.Test.dll" adapterTypeName="executor://xunit/VsTestRunner2/netcoreapp" className="ModelRelief.Test.Integration.DepthBuffers.DepthBuffersBaseIntegrationTests" name="Post_CanCreateNewModel" /></UnitTest><UnitTest name="Patch_InvalidEnumPropertyValueReturnsBadRequest" storage="d:\modelrelief\modelrelief.test\bin\debug\netcoreapp2.0\modelrelief.test.dll" id="d0dcbb5a-a412-4c98-bc65-680a063b1339"><Execution id="c64ebd53-2069-499f-98a6-8cc70123a1ff" /><TestMethod codeBase="D:\ModelRelief\ModelRelief.test\bin\Debug\netcoreapp2.0\ModelRelief.Test.dll" adapterTypeName="executor://xunit/VsTestRunner2/netcoreapp" className="ModelRelief.Test.Integration.DepthBuffers.DepthBuffersBaseIntegrationTests" name="Patch_InvalidEnumPropertyValueReturnsBadRequest" /></UnitTest><UnitTest name="GetSingle_ValidIdPropertyValueReturnsCorrectModel" storage="d:\modelrelief\modelrelief.test\bin\debug\netcoreapp2.0\modelrelief.test.dll" id="179acfab-e9b0-4359-a9a1-96fb0a817ed8"><Execution id="9ec7b738-5120-45af-8c1b-0c5df17309c1" /><TestMethod codeBase="D:\ModelRelief\ModelRelief.test\bin\Debug\netcoreapp2.0\ModelRelief.Test.dll" adapterTypeName="executor://xunit/VsTestRunner2/netcoreapp" className="ModelRelief.Test.Integration.Cameras.CamerasBaseIntegrationTests" name="GetSingle_ValidIdPropertyValueReturnsCorrectModel" /></UnitTest><UnitTest name="Put_ValidReferencePropertyUpdatesModel" storage="d:\modelrelief\modelrelief.test\bin\debug\netcoreapp2.0\modelrelief.test.dll" id="a9aaa551-4b9b-4a82-ab35-f476ccd15b0f"><Execution id="6d2d78da-ec93-4c1c-8ab3-139321378e10" /><TestMethod codeBase="D:\ModelRelief\ModelRelief.test\bin\Debug\netcoreapp2.0\ModelRelief.Test.dll" adapterTypeName="executor://xunit/VsTestRunner2/netcoreapp" className="ModelRelief.Test.Integration.MeshTransforms.MeshTransformsBaseIntegrationTests" name="Put_ValidReferencePropertyUpdatesModel" /></UnitTest><UnitTest name="Patch_TargetPropertyIsUpdated" storage="d:\modelrelief\modelrelief.test\bin\debug\netcoreapp2.0\modelrelief.test.dll" id="d34dc496-fc5b-4461-a8b5-7e7818a080ed"><Execution id="c5fc34eb-2dc1-4e3b-9dc6-7511c3a2f3e6" /><TestMethod codeBase="D:\ModelRelief\ModelRelief.test\bin\Debug\netcoreapp2.0\ModelRelief.Test.dll" adapterTypeName="executor://xunit/VsTestRunner2/netcoreapp" className="ModelRelief.Test.Integration.DepthBuffers.DepthBuffersBaseIntegrationTests" name="Patch_TargetPropertyIsUpdated" /></UnitTest><UnitTest name="Patch_InvalidEnumPropertyValueReturnsBadRequest" storage="d:\modelrelief\modelrelief.test\bin\debug\netcoreapp2.0\modelrelief.test.dll" id="02644551-a90c-4d97-8e0c-252d6b5f9b92"><Execution id="e6c222a3-5b81-4335-adfa-fc49b9c37488" /><TestMethod codeBase="D:\ModelRelief\ModelRelief.test\bin\Debug\netcoreapp2.0\ModelRelief.Test.dll" adapterTypeName="executor://xunit/VsTestRunner2/netcoreapp" className="ModelRelief.Test.Integration.Cameras.CamerasBaseIntegrationTests" name="Patch_InvalidEnumPropertyValueReturnsBadRequest" /></UnitTest><UnitTest name="GetSingle_InvalidIdPropertyValueReturnsNotFound" storage="d:\modelrelief\modelrelief.test\bin\debug\netcoreapp2.0\modelrelief.test.dll" id="6a3fc725-7d6e-4947-a3bf-6bd2735327c3"><Execution id="ff6cc120-3852-44cb-b4e7-a69c47228de0" /><TestMethod codeBase="D:\ModelRelief\ModelRelief.test\bin\Debug\netcoreapp2.0\ModelRelief.Test.dll" adapterTypeName="executor://xunit/VsTestRunner2/netcoreapp" className="ModelRelief.Test.Integration.Cameras.CamerasBaseIntegrationTests" name="GetSingle_InvalidIdPropertyValueReturnsNotFound" /></UnitTest><UnitTest name="GetSingle_ValidIdPropertyValueReturnsCorrectModel" storage="d:\modelrelief\modelrelief.test\bin\debug\netcoreapp2.0\modelrelief.test.dll" id="6692a348-6247-46c4-b57a-32e18d2f78cf"><Execution id="a5d7f2ca-1c95-4811-87ce-bbaad7a068fe" /><TestMethod codeBase="D:\ModelRelief\ModelRelief.test\bin\Debug\netcoreapp2.0\ModelRelief.Test.dll" adapterTypeName="executor://xunit/VsTestRunner2/netcoreapp" className="ModelRelief.Test.Integration.Meshes.MeshesBaseIntegrationTests" name="GetSingle_ValidIdPropertyValueReturnsCorrectModel" /></UnitTest><UnitTest name="GetSingle_InvalidIdPropertyValueReturnsNotFound" storage="d:\modelrelief\modelrelief.test\bin\debug\netcoreapp2.0\modelrelief.test.dll" id="5d31590c-998a-4703-b406-434a9170a74e"><Execution id="91e0fd4c-eb95-4797-b703-2169643ba7b3" /><TestMethod codeBase="D:\ModelRelief\ModelRelief.test\bin\Debug\netcoreapp2.0\ModelRelief.Test.dll" adapterTypeName="executor://xunit/VsTestRunner2/netcoreapp" className="ModelRelief.Test.Integration.Projects.ProjectsBaseIntegrationTests" name="GetSingle_InvalidIdPropertyValueReturnsNotFound" /></UnitTest><UnitTest name="Patch_MultipleInvalidReferencePropertiesReturnsMultipleValidationErrorsAndBadRequest" storage="d:\modelrelief\modelrelief.test\bin\debug\netcoreapp2.0\modelrelief.test.dll" id="172c3447-1fcf-47b2-8a43-ac0d29914122"><Execution id="2516c84d-30bc-4eb1-bf1d-c8d84da4b0bf" /><TestMethod codeBase="D:\ModelRelief\ModelRelief.test\bin\Debug\netcoreapp2.0\ModelRelief.Test.dll" adapterTypeName="executor://xunit/VsTestRunner2/netcoreapp" className="ModelRelief.Test.Integration.Meshes.MeshesBaseIntegrationTests" name="Patch_MultipleInvalidReferencePropertiesReturnsMultipleValidationErrorsAndBadRequest" /></UnitTest><UnitTest name="Put_ValidReferencePropertyUpdatesModel" storage="d:\modelrelief\modelrelief.test\bin\debug\netcoreapp2.0\modelrelief.test.dll" id="2ac7b8d9-d525-46b1-9062-bde377881349"><Execution id="9c2d5f8f-da77-4dc4-87f2-88a96a5219dc" /><TestMethod codeBase="D:\ModelRelief\ModelRelief.test\bin\Debug\netcoreapp2.0\ModelRelief.Test.dll" adapterTypeName="executor://xunit/VsTestRunner2/netcoreapp" className="ModelRelief.Test.Integration.Cameras.CamerasBaseIntegrationTests" name="Put_ValidReferencePropertyUpdatesModel" /></UnitTest><UnitTest name="GetSingle_InvalidIdPropertyValueReturnsNotFound" storage="d:\modelrelief\modelrelief.test\bin\debug\netcoreapp2.0\modelrelief.test.dll" id="86ff4334-b2a9-4536-b035-76dc940bed25"><Execution id="0289c5d0-fb25-4a8b-9c67-6d5d6139a38d" /><TestMethod codeBase="D:\ModelRelief\ModelRelief.test\bin\Debug\netcoreapp2.0\ModelRelief.Test.dll" adapterTypeName="executor://xunit/VsTestRunner2/netcoreapp" className="ModelRelief.Test.Integration.Meshes.MeshesBaseIntegrationTests" name="GetSingle_InvalidIdPropertyValueReturnsNotFound" /></UnitTest><UnitTest name="Patch_InvalidEnumPropertyValueReturnsBadRequest" storage="d:\modelrelief\modelrelief.test\bin\debug\netcoreapp2.0\modelrelief.test.dll" id="bd4f2aed-ac59-44fb-9792-09098d37db80"><Execution id="9bc4880c-7b17-4286-8414-5cbcb387dc6d" /><TestMethod codeBase="D:\ModelRelief\ModelRelief.test\bin\Debug\netcoreapp2.0\ModelRelief.Test.dll" adapterTypeName="executor://xunit/VsTestRunner2/netcoreapp" className="ModelRelief.Test.Integration.MeshTransforms.MeshTransformsBaseIntegrationTests" name="Patch_InvalidEnumPropertyValueReturnsBadRequest" /></UnitTest><UnitTest name="Patch_InvalidReferencePropertyReturnsBadRequest" storage="d:\modelrelief\modelrelief.test\bin\debug\netcoreapp2.0\modelrelief.test.dll" id="9a66ce85-6d1b-41f7-89a4-c285c01c9853"><Execution id="f28f3fa1-0798-418d-b8c1-8e99db0f4920" /><TestMethod codeBase="D:\ModelRelief\ModelRelief.test\bin\Debug\netcoreapp2.0\ModelRelief.Test.dll" adapterTypeName="executor://xunit/VsTestRunner2/netcoreapp" className="ModelRelief.Test.Integration.Cameras.CamerasBaseIntegrationTests" name="Patch_InvalidReferencePropertyReturnsBadRequest" /></UnitTest><UnitTest name="PutFile_FileCanBeUpdated" storage="d:\modelrelief\modelrelief.test\bin\debug\netcoreapp2.0\modelrelief.test.dll" id="bcf8a785-31cd-43b1-8dab-1457fa6e23fd"><Execution id="c2e65b26-be37-4799-beec-7094380d9e78" /><TestMethod codeBase="D:\ModelRelief\ModelRelief.test\bin\Debug\netcoreapp2.0\ModelRelief.Test.dll" adapterTypeName="executor://xunit/VsTestRunner2/netcoreapp" className="ModelRelief.Test.Integration.Meshes.MeshesFileIntegrationTests" name="PutFile_FileCanBeUpdated" /></UnitTest><UnitTest name="Post_InvalidPropertyValueReturnsBadRequest" storage="d:\modelrelief\modelrelief.test\bin\debug\netcoreapp2.0\modelrelief.test.dll" id="88f56a6b-b534-400a-be26-dcaf66c8aed3"><Execution id="f811f203-7ca4-4826-89bd-c44f0ce1321e" /><TestMethod codeBase="D:\ModelRelief\ModelRelief.test\bin\Debug\netcoreapp2.0\ModelRelief.Test.dll" adapterTypeName="executor://xunit/VsTestRunner2/netcoreapp" className="ModelRelief.Test.Integration.DepthBuffers.DepthBuffersBaseIntegrationTests" name="Post_InvalidPropertyValueReturnsBadRequest" /></UnitTest><UnitTest name="Put_InvalidIdReturnsNotFound" storage="d:\modelrelief\modelrelief.test\bin\debug\netcoreapp2.0\modelrelief.test.dll" id="9100a8b2-a779-4810-9879-842d286cb2e1"><Execution id="8c2aad0a-4740-47bd-b44a-02bdf5df191e" /><TestMethod codeBase="D:\ModelRelief\ModelRelief.test\bin\Debug\netcoreapp2.0\ModelRelief.Test.dll" adapterTypeName="executor://xunit/VsTestRunner2/netcoreapp" className="ModelRelief.Test.Integration.Meshes.MeshesBaseIntegrationTests" name="Put_InvalidIdReturnsNotFound" /></UnitTest><UnitTest name="GetSingle_InvalidIdPropertyValueReturnsNotFound" storage="d:\modelrelief\modelrelief.test\bin\debug\netcoreapp2.0\modelrelief.test.dll" id="4ccf057c-9bf2-4316-8861-00202c18a7f2"><Execution id="000f89fd-599d-465d-bf40-28e429ed8761" /><TestMethod codeBase="D:\ModelRelief\ModelRelief.test\bin\Debug\netcoreapp2.0\ModelRelief.Test.dll" adapterTypeName="executor://xunit/VsTestRunner2/netcoreapp" className="ModelRelief.Test.Integration.MeshTransforms.MeshTransformsBaseIntegrationTests" name="GetSingle_InvalidIdPropertyValueReturnsNotFound" /></UnitTest><UnitTest name="Patch_InvalidIdPropertyReturnsNotFound" storage="d:\modelrelief\modelrelief.test\bin\debug\netcoreapp2.0\modelrelief.test.dll" id="d7e8e757-d366-4301-b861-e4448b91dca5"><Execution id="79e90440-c939-402c-b7bc-df750886efe8" /><TestMethod codeBase="D:\ModelRelief\ModelRelief.test\bin\Debug\netcoreapp2.0\ModelRelief.Test.dll" adapterTypeName="executor://xunit/VsTestRunner2/netcoreapp" className="ModelRelief.Test.Integration.Models.ModelsBaseIntegrationTests" name="Patch_InvalidIdPropertyReturnsNotFound" /></UnitTest><UnitTest name="GetList_ListReturnsCorrectCount" storage="d:\modelrelief\modelrelief.test\bin\debug\netcoreapp2.0\modelrelief.test.dll" id="a6bf0246-2b6d-4003-9717-4e557aa41e3c"><Execution id="9eaa2550-52f4-4aa9-9b1d-0cbd9710fe76" /><TestMethod codeBase="D:\ModelRelief\ModelRelief.test\bin\Debug\netcoreapp2.0\ModelRelief.Test.dll" adapterTypeName="executor://xunit/VsTestRunner2/netcoreapp" className="ModelRelief.Test.Integration.Meshes.MeshesBaseIntegrationTests" name="GetList_ListReturnsCorrectCount" /></UnitTest><UnitTest name="Delete_TargetModelIsDeleted" storage="d:\modelrelief\modelrelief.test\bin\debug\netcoreapp2.0\modelrelief.test.dll" id="8d4e1268-d6fb-485f-a185-bf0549e59f82"><Execution id="fb79fd65-c1c0-484f-9023-e3baa0ed295d" /><TestMethod codeBase="D:\ModelRelief\ModelRelief.test\bin\Debug\netcoreapp2.0\ModelRelief.Test.dll" adapterTypeName="executor://xunit/VsTestRunner2/netcoreapp" className="ModelRelief.Test.Integration.Projects.ProjectsBaseIntegrationTests" name="Delete_TargetModelIsDeleted" /></UnitTest><UnitTest name="Post_InvalidPropertyValueReturnsBadRequest" storage="d:\modelrelief\modelrelief.test\bin\debug\netcoreapp2.0\modelrelief.test.dll" id="23dffc9d-bdaf-447a-b007-6775b2e8f279"><Execution id="98f0aca0-b790-4a4f-bcbb-73f755ae073b" /><TestMethod codeBase="D:\ModelRelief\ModelRelief.test\bin\Debug\netcoreapp2.0\ModelRelief.Test.dll" adapterTypeName="executor://xunit/VsTestRunner2/netcoreapp" className="ModelRelief.Test.Integration.Meshes.MeshesBaseIntegrationTests" name="Post_InvalidPropertyValueReturnsBadRequest" /></UnitTest><UnitTest name="Patch_InvalidPropertyNameReturnsBadRequest" storage="d:\modelrelief\modelrelief.test\bin\debug\netcoreapp2.0\modelrelief.test.dll" id="539813fc-aa04-40bd-833c-b8ef09c1222b"><Execution id="3e3375f5-d2d8-45f7-bb22-6f00ceb402da" /><TestMethod codeBase="D:\ModelRelief\ModelRelief.test\bin\Debug\netcoreapp2.0\ModelRelief.Test.dll" adapterTypeName="executor://xunit/VsTestRunner2/netcoreapp" className="ModelRelief.Test.Integration.MeshTransforms.MeshTransformsBaseIntegrationTests" name="Patch_InvalidPropertyNameReturnsBadRequest" /></UnitTest><UnitTest name="Post_InvalidPropertyValueReturnsBadRequest" storage="d:\modelrelief\modelrelief.test\bin\debug\netcoreapp2.0\modelrelief.test.dll" id="06dbd725-b358-4b62-8d60-e91d18a14fde"><Execution id="01d7892d-8bad-4e7a-b429-4c1ca9cdd795" /><TestMethod codeBase="D:\ModelRelief\ModelRelief.test\bin\Debug\netcoreapp2.0\ModelRelief.Test.dll" adapterTypeName="executor://xunit/VsTestRunner2/netcoreapp" className="ModelRelief.Test.Integration.Models.ModelsBaseIntegrationTests" name="Post_InvalidPropertyValueReturnsBadRequest" /></UnitTest><UnitTest name="Patch_InvalidPropertyNameReturnsBadRequest" storage="d:\modelrelief\modelrelief.test\bin\debug\netcoreapp2.0\modelrelief.test.dll" id="eda94199-6804-4d4b-8d54-86e033b6924d"><Execution id="7cfd1151-048b-48da-9669-88f8316aa64d" /><TestMethod codeBase="D:\ModelRelief\ModelRelief.test\bin\Debug\netcoreapp2.0\ModelRelief.Test.dll" adapterTypeName="executor://xunit/VsTestRunner2/netcoreapp" className="ModelRelief.Test.Integration.Meshes.MeshesBaseIntegrationTests" name="Patch_InvalidPropertyNameReturnsBadRequest" /></UnitTest><UnitTest name="PostFile_FileTimeStampIsUpdatedAfterFileIsPosted" storage="d:\modelrelief\modelrelief.test\bin\debug\netcoreapp2.0\modelrelief.test.dll" id="5372a514-deb8-40b6-b1e4-f8901acbfd06"><Execution id="97045cef-6bd9-4526-a718-7de918692b05" /><TestMethod codeBase="D:\ModelRelief\ModelRelief.test\bin\Debug\netcoreapp2.0\ModelRelief.Test.dll" adapterTypeName="executor://xunit/VsTestRunner2/netcoreapp" className="ModelRelief.Test.Integration.Meshes.MeshesFileIntegrationTests" name="PostFile_FileTimeStampIsUpdatedAfterFileIsPosted" /></UnitTest><UnitTest name="Patch_InvalidReferencePropertyReturnsBadRequest" storage="d:\modelrelief\modelrelief.test\bin\debug\netcoreapp2.0\modelrelief.test.dll" id="372008fb-7a18-4696-b438-4f4bd3e7b992"><Execution id="7d42347e-910c-4eed-bfa7-5ceb5c56ac58" /><TestMethod codeBase="D:\ModelRelief\ModelRelief.test\bin\Debug\netcoreapp2.0\ModelRelief.Test.dll" adapterTypeName="executor://xunit/VsTestRunner2/netcoreapp" className="ModelRelief.Test.Integration.Models.ModelsBaseIntegrationTests" name="Patch_InvalidReferencePropertyReturnsBadRequest" /></UnitTest><UnitTest name="Put_InvalidReferencePropertyReturndBadRequest" storage="d:\modelrelief\modelrelief.test\bin\debug\netcoreapp2.0\modelrelief.test.dll" id="c0b71c0e-6c94-4344-b78e-e6e5fbdec67c"><Execution id="9c220c7b-df61-4af4-b535-428405f98d57" /><TestMethod codeBase="D:\ModelRelief\ModelRelief.test\bin\Debug\netcoreapp2.0\ModelRelief.Test.dll" adapterTypeName="executor://xunit/VsTestRunner2/netcoreapp" className="ModelRelief.Test.Integration.Meshes.MeshesBaseIntegrationTests" name="Put_InvalidReferencePropertyReturndBadRequest" /></UnitTest><UnitTest name="Post_CanCreateNewModel" storage="d:\modelrelief\modelrelief.test\bin\debug\netcoreapp2.0\modelrelief.test.dll" id="0629c411-9bf4-4363-83f1-30726415c5f8"><Execution id="6cdb308f-631f-4184-8f72-4f4539636957" /><TestMethod codeBase="D:\ModelRelief\ModelRelief.test\bin\Debug\netcoreapp2.0\ModelRelief.Test.dll" adapterTypeName="executor://xunit/VsTestRunner2/netcoreapp" className="ModelRelief.Test.Integration.Projects.ProjectsBaseIntegrationTests" name="Post_CanCreateNewModel" /></UnitTest><UnitTest name="PostFile_FileIsSynchronizedIsUpdatedAfterFileIsPosted" storage="d:\modelrelief\modelrelief.test\bin\debug\netcoreapp2.0\modelrelief.test.dll" id="1b45c7cd-bc56-4a5b-a341-b9ea089d0248"><Execution id="86dfdbbb-53db-48e7-9700-c426bcaf199b" /><TestMethod codeBase="D:\ModelRelief\ModelRelief.test\bin\Debug\netcoreapp2.0\ModelRelief.Test.dll" adapterTypeName="executor://xunit/VsTestRunner2/netcoreapp" className="ModelRelief.Test.Integration.Models.ModelsFileIntegrationTests" name="PostFile_FileIsSynchronizedIsUpdatedAfterFileIsPosted" /></UnitTest><UnitTest name="Put_CanUpdateModel" storage="d:\modelrelief\modelrelief.test\bin\debug\netcoreapp2.0\modelrelief.test.dll" id="c78beaab-8b81-4421-919a-0160240fe49f"><Execution id="537d8e20-46f6-44b1-95ca-2907e8d9c811" /><TestMethod codeBase="D:\ModelRelief\ModelRelief.test\bin\Debug\netcoreapp2.0\ModelRelief.Test.dll" adapterTypeName="executor://xunit/VsTestRunner2/netcoreapp" className="ModelRelief.Test.Integration.Cameras.CamerasBaseIntegrationTests" name="Put_CanUpdateModel" /></UnitTest><UnitTest name="Patch_ValidReferencePropertyUpdatesModel" storage="d:\modelrelief\modelrelief.test\bin\debug\netcoreapp2.0\modelrelief.test.dll" id="3e843aca-b806-4e4f-bf61-e3f9701fdb5f"><Execution id="4402f149-cf97-4bf4-b5e5-3b9c35f92031" /><TestMethod codeBase="D:\ModelRelief\ModelRelief.test\bin\Debug\netcoreapp2.0\ModelRelief.Test.dll" adapterTypeName="executor://xunit/VsTestRunner2/netcoreapp" className="ModelRelief.Test.Integration.DepthBuffers.DepthBuffersBaseIntegrationTests" name="Patch_ValidReferencePropertyUpdatesModel" /></UnitTest><UnitTest name="Put_ValidReferencePropertyUpdatesModel" storage="d:\modelrelief\modelrelief.test\bin\debug\netcoreapp2.0\modelrelief.test.dll" id="ea2dafb6-3984-49e2-87d7-2c1e9d05c944"><Execution id="81bb030e-8837-497c-b542-34c79ebafd0a" /><TestMethod codeBase="D:\ModelRelief\ModelRelief.test\bin\Debug\netcoreapp2.0\ModelRelief.Test.dll" adapterTypeName="executor://xunit/VsTestRunner2/netcoreapp" className="ModelRelief.Test.Integration.Meshes.MeshesBaseIntegrationTests" name="Put_ValidReferencePropertyUpdatesModel" /></UnitTest><UnitTest name="FileRequest_FileCanBeReadAfterRename" storage="d:\modelrelief\modelrelief.test\bin\debug\netcoreapp2.0\modelrelief.test.dll" id="1e8c228f-87d1-4bd1-9889-9f81e0acc0ac"><Execution id="79a5c565-9077-4c66-8e69-e06f1fd66287" /><TestMethod codeBase="D:\ModelRelief\ModelRelief.test\bin\Debug\netcoreapp2.0\ModelRelief.Test.dll" adapterTypeName="executor://xunit/VsTestRunner2/netcoreapp" className="ModelRelief.Test.Integration.Models.ModelsFileIntegrationTests" name="FileRequest_FileCanBeReadAfterRename" /></UnitTest><UnitTest name="PutFile_NewFileCanBePut" storage="d:\modelrelief\modelrelief.test\bin\debug\netcoreapp2.0\modelrelief.test.dll" id="c1d396de-aece-43e3-a596-ae6c836fb0c5"><Execution id="604eac58-fb82-4ed8-ae06-cd4d41274fea" /><TestMethod codeBase="D:\ModelRelief\ModelRelief.test\bin\Debug\netcoreapp2.0\ModelRelief.Test.dll" adapterTypeName="executor://xunit/VsTestRunner2/netcoreapp" className="ModelRelief.Test.Integration.DepthBuffers.DepthBuffersFileIntegrationTests" name="PutFile_NewFileCanBePut" /></UnitTest><UnitTest name="FileRequest_MeshIsInvalidatedAfterDepthBufferFileBecomesUnsynchronized" storage="d:\modelrelief\modelrelief.test\bin\debug\netcoreapp2.0\modelrelief.test.dll" id="8c0a5c11-e35e-4698-9dcb-6b925f9da57b"><Execution id="70cc225a-72fa-4227-9f7e-01a910c5c077" /><TestMethod codeBase="D:\ModelRelief\ModelRelief.test\bin\Debug\netcoreapp2.0\ModelRelief.Test.dll" adapterTypeName="executor://xunit/VsTestRunner2/netcoreapp" className="ModelRelief.Test.Integration.Meshes.MeshesFileIntegrationTests" name="FileRequest_MeshIsInvalidatedAfterDepthBufferFileBecomesUnsynchronized" /></UnitTest><UnitTest name="Patch_TargetPropertyIsUpdated" storage="d:\modelrelief\modelrelief.test\bin\debug\netcoreapp2.0\modelrelief.test.dll" id="6ce88ae5-85c4-4061-876e-bed583a61b8a"><Execution id="de84e112-7c6a-4485-b5fa-695137d05a26" /><TestMethod codeBase="D:\ModelRelief\ModelRelief.test\bin\Debug\netcoreapp2.0\ModelRelief.Test.dll" adapterTypeName="executor://xunit/VsTestRunner2/netcoreapp" className="ModelRelief.Test.Integration.Meshes.MeshesBaseIntegrationTests" name="Patch_TargetPropertyIsUpdated" /></UnitTest><UnitTest name="PostFile_FileIsSynchronizedIsUpdatedAfterFileIsPosted" storage="d:\modelrelief\modelrelief.test\bin\debug\netcoreapp2.0\modelrelief.test.dll" id="ebf7e483-4d92-4001-b99a-92f27b8ab8e7"><Execution id="e6d1f2ac-bc42-4225-87e2-25c08229f273" /><TestMethod codeBase="D:\ModelRelief\ModelRelief.test\bin\Debug\netcoreapp2.0\ModelRelief.Test.dll" adapterTypeName="executor://xunit/VsTestRunner2/netcoreapp" className="ModelRelief.Test.Integration.Meshes.MeshesFileIntegrationTests" name="PostFile_FileIsSynchronizedIsUpdatedAfterFileIsPosted" /></UnitTest><UnitTest name="Put_CanUpdateModel" storage="d:\modelrelief\modelrelief.test\bin\debug\netcoreapp2.0\modelrelief.test.dll" id="4da32cac-2666-4916-a24a-e51f199ba183"><Execution id="34992075-f134-49cd-9878-c430ef3dd073" /><TestMethod codeBase="D:\ModelRelief\ModelRelief.test\bin\Debug\netcoreapp2.0\ModelRelief.Test.dll" adapterTypeName="executor://xunit/VsTestRunner2/netcoreapp" className="ModelRelief.Test.Integration.MeshTransforms.MeshTransformsBaseIntegrationTests" name="Put_CanUpdateModel" /></UnitTest><UnitTest name="Post_InvalidReferencePropertyReturnsBadRequest" storage="d:\modelrelief\modelrelief.test\bin\debug\netcoreapp2.0\modelrelief.test.dll" id="6c0a14b3-953a-411e-a876-b5bbc4bd4217"><Execution id="c0525e50-e080-481c-b498-1852089f9490" /><TestMethod codeBase="D:\ModelRelief\ModelRelief.test\bin\Debug\netcoreapp2.0\ModelRelief.Test.dll" adapterTypeName="executor://xunit/VsTestRunner2/netcoreapp" className="ModelRelief.Test.Integration.Meshes.MeshesBaseIntegrationTests" name="Post_InvalidReferencePropertyReturnsBadRequest" /></UnitTest><UnitTest name="GetFile_NonExistentFileReturnsNotFound" storage="d:\modelrelief\modelrelief.test\bin\debug\netcoreapp2.0\modelrelief.test.dll" id="9e2606d9-9bf9-4f8d-8c01-cf004ff5d19a"><Execution id="2277b449-2a67-47e1-b114-8b78eb29fcc5" /><TestMethod codeBase="D:\ModelRelief\ModelRelief.test\bin\Debug\netcoreapp2.0\ModelRelief.Test.dll" adapterTypeName="executor://xunit/VsTestRunner2/netcoreapp" className="ModelRelief.Test.Integration.Models.ModelsFileIntegrationTests" name="GetFile_NonExistentFileReturnsNotFound" /></UnitTest><UnitTest name="PostFile_NewFileCanBePosted" storage="d:\modelrelief\modelrelief.test\bin\debug\netcoreapp2.0\modelrelief.test.dll" id="eca90431-78b9-4ef9-8027-8eef3bf3d60e"><Execution id="40fd2fe7-ceb6-4420-94b0-ef9ab05cb8e6" /><TestMethod codeBase="D:\ModelRelief\ModelRelief.test\bin\Debug\netcoreapp2.0\ModelRelief.Test.dll" adapterTypeName="executor://xunit/VsTestRunner2/netcoreapp" className="ModelRelief.Test.Integration.Meshes.MeshesFileIntegrationTests" name="PostFile_NewFileCanBePosted" /></UnitTest><UnitTest name="PostFile_FileTimeStampIsUpdatedAfterFileIsPosted" storage="d:\modelrelief\modelrelief.test\bin\debug\netcoreapp2.0\modelrelief.test.dll" id="dc25d64a-9a6b-4157-8368-3344b4ab818a"><Execution id="a567b80e-73c5-4dd8-978d-6e5be0f0d686" /><TestMethod codeBase="D:\ModelRelief\ModelRelief.test\bin\Debug\netcoreapp2.0\ModelRelief.Test.dll" adapterTypeName="executor://xunit/VsTestRunner2/netcoreapp" className="ModelRelief.Test.Integration.Models.ModelsFileIntegrationTests" name="PostFile_FileTimeStampIsUpdatedAfterFileIsPosted" /></UnitTest><UnitTest name="GetList_ListReturnsCorrectCount" storage="d:\modelrelief\modelrelief.test\bin\debug\netcoreapp2.0\modelrelief.test.dll" id="c007c98b-e10b-49fb-9271-95b3e0e7f255"><Execution id="4a3b241a-c793-4a52-b0e9-fd61794825a5" /><TestMethod codeBase="D:\ModelRelief\ModelRelief.test\bin\Debug\netcoreapp2.0\ModelRelief.Test.dll" adapterTypeName="executor://xunit/VsTestRunner2/netcoreapp" className="ModelRelief.Test.Integration.MeshTransforms.MeshTransformsBaseIntegrationTests" name="GetList_ListReturnsCorrectCount" /></UnitTest><UnitTest name="GetSingle_ValidIdPropertyValueReturnsCorrectModel" storage="d:\modelrelief\modelrelief.test\bin\debug\netcoreapp2.0\modelrelief.test.dll" id="2c805f09-0ef4-4dae-95dc-5155a1d6050e"><Execution id="22d3e5e8-228f-461c-bbf3-2c21260f36dc" /><TestMethod codeBase="D:\ModelRelief\ModelRelief.test\bin\Debug\netcoreapp2.0\ModelRelief.Test.dll" adapterTypeName="executor://xunit/VsTestRunner2/netcoreapp" className="ModelRelief.Test.Integration.DepthBuffers.DepthBuffersBaseIntegrationTests" name="GetSingle_ValidIdPropertyValueReturnsCorrectModel" /></UnitTest><UnitTest name="Patch_InvalidIdPropertyReturnsNotFound" storage="d:\modelrelief\modelrelief.test\bin\debug\netcoreapp2.0\modelrelief.test.dll" id="ba38b0df-bda6-4649-8029-d3baa039c27a"><Execution id="f050969a-70e0-4248-8bd0-0851907db01b" /><TestMethod codeBase="D:\ModelRelief\ModelRelief.test\bin\Debug\netcoreapp2.0\ModelRelief.Test.dll" adapterTypeName="executor://xunit/VsTestRunner2/netcoreapp" className="ModelRelief.Test.Integration.Projects.ProjectsBaseIntegrationTests" name="Patch_InvalidIdPropertyReturnsNotFound" /></UnitTest><UnitTest name="FileRequest_MeshGenerateSetsFileIsSynchronized" storage="d:\modelrelief\modelrelief.test\bin\debug\netcoreapp2.0\modelrelief.test.dll" id="87fcb225-9320-4dba-a2b8-f07766d6b3d0"><Execution id="c381affb-2e27-4bf6-a8e5-b3b24b63bdf3" /><TestMethod codeBase="D:\ModelRelief\ModelRelief.test\bin\Debug\netcoreapp2.0\ModelRelief.Test.dll" adapterTypeName="executor://xunit/VsTestRunner2/netcoreapp" className="ModelRelief.Test.Integration.Meshes.MeshesFileIntegrationTests" name="FileRequest_MeshGenerateSetsFileIsSynchronized" /></UnitTest><UnitTest name="Patch_TargetPropertyIsUpdated" storage="d:\modelrelief\modelrelief.test\bin\debug\netcoreapp2.0\modelrelief.test.dll" id="2b66eecc-9a58-484a-b160-04936c1be88d"><Execution id="42d380c9-67ea-4d0c-8ca6-e298a7e19464" /><TestMethod codeBase="D:\ModelRelief\ModelRelief.test\bin\Debug\netcoreapp2.0\ModelRelief.Test.dll" adapterTypeName="executor://xunit/VsTestRunner2/netcoreapp" className="ModelRelief.Test.Integration.Projects.ProjectsBaseIntegrationTests" name="Patch_TargetPropertyIsUpdated" /></UnitTest><UnitTest name="Patch_InvalidReferencePropertyReturnsBadRequest" storage="d:\modelrelief\modelrelief.test\bin\debug\netcoreapp2.0\modelrelief.test.dll" id="3196a748-6f81-44b5-988b-4a27a4d4ffdb"><Execution id="0eaa2a0c-d96a-429d-b721-9752906ff408" /><TestMethod codeBase="D:\ModelRelief\ModelRelief.test\bin\Debug\netcoreapp2.0\ModelRelief.Test.dll" adapterTypeName="executor://xunit/VsTestRunner2/netcoreapp" className="ModelRelief.Test.Integration.Meshes.MeshesBaseIntegrationTests" name="Patch_InvalidReferencePropertyReturnsBadRequest" /></UnitTest><UnitTest name="PutFile_FileCanBeUpdated" storage="d:\modelrelief\modelrelief.test\bin\debug\netcoreapp2.0\modelrelief.test.dll" id="8fbb0cb1-2839-49c9-bbd4-78766589c1b5"><Execution id="746bc8c1-7506-4976-83b1-bcbdb44dc5c8" /><TestMethod codeBase="D:\ModelRelief\ModelRelief.test\bin\Debug\netcoreapp2.0\ModelRelief.Test.dll" adapterTypeName="executor://xunit/VsTestRunner2/netcoreapp" className="ModelRelief.Test.Integration.DepthBuffers.DepthBuffersFileIntegrationTests" name="PutFile_FileCanBeUpdated" /></UnitTest><UnitTest name="Put_InvalidIdReturnsNotFound" storage="d:\modelrelief\modelrelief.test\bin\debug\netcoreapp2.0\modelrelief.test.dll" id="e13e008e-a342-4aaa-ad58-192c1ffac977"><Execution id="f0434bbb-eade-4deb-ba29-a83028a68a3c" /><TestMethod codeBase="D:\ModelRelief\ModelRelief.test\bin\Debug\netcoreapp2.0\ModelRelief.Test.dll" adapterTypeName="executor://xunit/VsTestRunner2/netcoreapp" className="ModelRelief.Test.Integration.Models.ModelsBaseIntegrationTests" name="Put_InvalidIdReturnsNotFound" /></UnitTest><UnitTest name="Post_InvalidPropertyValueReturnsBadRequest" storage="d:\modelrelief\modelrelief.test\bin\debug\netcoreapp2.0\modelrelief.test.dll" id="9f85c19c-240e-475b-b725-6d8668c4d2a4"><Execution id="cddd17d7-9112-48d3-906a-a433733c1bde" /><TestMethod codeBase="D:\ModelRelief\ModelRelief.test\bin\Debug\netcoreapp2.0\ModelRelief.Test.dll" adapterTypeName="executor://xunit/VsTestRunner2/netcoreapp" className="ModelRelief.Test.Integration.Projects.ProjectsBaseIntegrationTests" name="Post_InvalidPropertyValueReturnsBadRequest" /></UnitTest><UnitTest name="Delete_TargetModelIsDeleted" storage="d:\modelrelief\modelrelief.test\bin\debug\netcoreapp2.0\modelrelief.test.dll" id="b96897a7-88d0-4e65-9ea3-79c95a5c2046"><Execution id="d054be08-4bab-4dc7-a4dd-a054638a5b9f" /><TestMethod codeBase="D:\ModelRelief\ModelRelief.test\bin\Debug\netcoreapp2.0\ModelRelief.Test.dll" adapterTypeName="executor://xunit/VsTestRunner2/netcoreapp" className="ModelRelief.Test.Integration.Meshes.MeshesBaseIntegrationTests" name="Delete_TargetModelIsDeleted" /></UnitTest><UnitTest name="Delete_TargetModelIsDeleted" storage="d:\modelrelief\modelrelief.test\bin\debug\netcoreapp2.0\modelrelief.test.dll" id="720c5ead-1904-4e61-af3c-ca467b713094"><Execution id="e9de679e-ec55-4038-9d66-c7ebee62df28" /><TestMethod codeBase="D:\ModelRelief\ModelRelief.test\bin\Debug\netcoreapp2.0\ModelRelief.Test.dll" adapterTypeName="executor://xunit/VsTestRunner2/netcoreapp" className="ModelRelief.Test.Integration.DepthBuffers.DepthBuffersBaseIntegrationTests" name="Delete_TargetModelIsDeleted" /></UnitTest><UnitTest name="Put_InvalidReferencePropertyReturndBadRequest" storage="d:\modelrelief\modelrelief.test\bin\debug\netcoreapp2.0\modelrelief.test.dll" id="e2bb897d-1700-478b-a382-1f4aaf4578f1"><Execution id="96528b20-e048-4bea-8112-6083bf121da1" /><TestMethod codeBase="D:\ModelRelief\ModelRelief.test\bin\Debug\netcoreapp2.0\ModelRelief.Test.dll" adapterTypeName="executor://xunit/VsTestRunner2/netcoreapp" className="ModelRelief.Test.Integration.Cameras.CamerasBaseIntegrationTests" name="Put_InvalidReferencePropertyReturndBadRequest" /></UnitTest><UnitTest name="PostFile_NewFileCanBePosted" storage="d:\modelrelief\modelrelief.test\bin\debug\netcoreapp2.0\modelrelief.test.dll" id="b7a3b567-0e46-4c84-b4f4-a5c336e2dcd7"><Execution id="80c44374-f4b4-4f8a-813c-699b50f3587e" /><TestMethod codeBase="D:\ModelRelief\ModelRelief.test\bin\Debug\netcoreapp2.0\ModelRelief.Test.dll" adapterTypeName="executor://xunit/VsTestRunner2/netcoreapp" className="ModelRelief.Test.Integration.DepthBuffers.DepthBuffersFileIntegrationTests" name="PostFile_NewFileCanBePosted" /></UnitTest><UnitTest name="Patch_InvalidIdPropertyReturnsNotFound" storage="d:\modelrelief\modelrelief.test\bin\debug\netcoreapp2.0\modelrelief.test.dll" id="9c2306d8-15fe-4d41-90c4-f38f1cc1aae6"><Execution id="bcd1e462-e33d-4536-8066-a677d0639e34" /><TestMethod codeBase="D:\ModelRelief\ModelRelief.test\bin\Debug\netcoreapp2.0\ModelRelief.Test.dll" adapterTypeName="executor://xunit/VsTestRunner2/netcoreapp" className="ModelRelief.Test.Integration.Meshes.MeshesBaseIntegrationTests" name="Patch_InvalidIdPropertyReturnsNotFound" /></UnitTest><UnitTest name="Put_InvalidIdReturnsNotFound" storage="d:\modelrelief\modelrelief.test\bin\debug\netcoreapp2.0\modelrelief.test.dll" id="6f10f241-0e80-4d60-9667-c08dcfd37bb1"><Execution id="8112ef58-47a1-4bf5-a02d-5a8c9d42b71f" /><TestMethod codeBase="D:\ModelRelief\ModelRelief.test\bin\Debug\netcoreapp2.0\ModelRelief.Test.dll" adapterTypeName="executor://xunit/VsTestRunner2/netcoreapp" className="ModelRelief.Test.Integration.MeshTransforms.MeshTransformsBaseIntegrationTests" name="Put_InvalidIdReturnsNotFound" /></UnitTest><UnitTest name="Delete_TargetModelIsDeleted" storage="d:\modelrelief\modelrelief.test\bin\debug\netcoreapp2.0\modelrelief.test.dll" id="b7a98677-3e9e-45a8-9efe-0f6ee6350da9"><Execution id="7d1262e7-0d40-4c44-ac0f-7c7172169094" /><TestMethod codeBase="D:\ModelRelief\ModelRelief.test\bin\Debug\netcoreapp2.0\ModelRelief.Test.dll" adapterTypeName="executor://xunit/VsTestRunner2/netcoreapp" className="ModelRelief.Test.Integration.Cameras.CamerasBaseIntegrationTests" name="Delete_TargetModelIsDeleted" /></UnitTest><UnitTest name="Patch_ValidReferencePropertyUpdatesModel" storage="d:\modelrelief\modelrelief.test\bin\debug\netcoreapp2.0\modelrelief.test.dll" id="d21930bb-bd3e-462d-9929-4dc21cf915a1"><Execution id="c2d9ec41-21fa-4d3e-9f45-c164fcf606f0" /><TestMethod codeBase="D:\ModelRelief\ModelRelief.test\bin\Debug\netcoreapp2.0\ModelRelief.Test.dll" adapterTypeName="executor://xunit/VsTestRunner2/netcoreapp" className="ModelRelief.Test.Integration.Meshes.MeshesBaseIntegrationTests" name="Patch_ValidReferencePropertyUpdatesModel" /></UnitTest><UnitTest name="GetFile_FileCanBeRoundTripped" storage="d:\modelrelief\modelrelief.test\bin\debug\netcoreapp2.0\modelrelief.test.dll" id="eadb2293-4da0-483c-80b0-60463d611e50"><Execution id="180a3077-3c0f-4ed1-a4e1-9b954aa3f668" /><TestMethod codeBase="D:\ModelRelief\ModelRelief.test\bin\Debug\netcoreapp2.0\ModelRelief.Test.dll" adapterTypeName="executor://xunit/VsTestRunner2/netcoreapp" className="ModelRelief.Test.Integration.DepthBuffers.DepthBuffersFileIntegrationTests" name="GetFile_FileCanBeRoundTripped" /></UnitTest><UnitTest name="PostFile_FileIsSynchronizedIsUpdatedAfterFileIsPosted" storage="d:\modelrelief\modelrelief.test\bin\debug\netcoreapp2.0\modelrelief.test.dll" id="66644994-146f-46d7-bdde-25ff69d56b72"><Execution id="027cc58a-5dd7-4977-9bce-bdc822cae0b2" /><TestMethod codeBase="D:\ModelRelief\ModelRelief.test\bin\Debug\netcoreapp2.0\ModelRelief.Test.dll" adapterTypeName="executor://xunit/VsTestRunner2/netcoreapp" className="ModelRelief.Test.Integration.DepthBuffers.DepthBuffersFileIntegrationTests" name="PostFile_FileIsSynchronizedIsUpdatedAfterFileIsPosted" /></UnitTest><UnitTest name="LucyModel3dHasTwoDependents" storage="d:\modelrelief\modelrelief.test\bin\debug\netcoreapp2.0\modelrelief.test.dll" id="03754ec9-e8f8-4339-b7be-aa287bf1a0de"><Execution id="9ea0ace2-4a38-485c-ac3a-ab4db9fdfbde" /><TestMethod codeBase="D:\ModelRelief\ModelRelief.test\bin\Debug\netcoreapp2.0\ModelRelief.Test.dll" adapterTypeName="executor://xunit/VsTestRunner2/netcoreapp" className="ModelRelief.Test.Unit.DependencyManager.DependencyManagerTests" name="LucyModel3dHasTwoDependents" /></UnitTest><UnitTest name="PostFile_FileTimeStampIsUpdatedAfterFileIsPosted" storage="d:\modelrelief\modelrelief.test\bin\debug\netcoreapp2.0\modelrelief.test.dll" id="4d605bbe-736d-43cd-a2ed-835470f6466f"><Execution id="b14006b7-ea7b-4099-a833-20e9fe908cbe" /><TestMethod codeBase="D:\ModelRelief\ModelRelief.test\bin\Debug\netcoreapp2.0\ModelRelief.Test.dll" adapterTypeName="executor://xunit/VsTestRunner2/netcoreapp" className="ModelRelief.Test.Integration.DepthBuffers.DepthBuffersFileIntegrationTests" name="PostFile_FileTimeStampIsUpdatedAfterFileIsPosted" /></UnitTest><UnitTest name="Patch_MultipleInvalidReferencePropertiesReturnsMultipleValidationErrorsAndBadRequest" storage="d:\modelrelief\modelrelief.test\bin\debug\netcoreapp2.0\modelrelief.test.dll" id="2ec27b97-19db-4b5a-a07e-383593bf9910"><Execution id="8df05026-80ee-4d9e-a460-4129caa4f955" /><TestMethod codeBase="D:\ModelRelief\ModelRelief.test\bin\Debug\netcoreapp2.0\ModelRelief.Test.dll" adapterTypeName="executor://xunit/VsTestRunner2/netcoreapp" className="ModelRelief.Test.Integration.Cameras.CamerasBaseIntegrationTests" name="Patch_MultipleInvalidReferencePropertiesReturnsMultipleValidationErrorsAndBadRequest" /></UnitTest><UnitTest name="Put_InvalidIdReturnsNotFound" storage="d:\modelrelief\modelrelief.test\bin\debug\netcoreapp2.0\modelrelief.test.dll" id="d6e17200-39dd-44c2-8f1a-b463e9965c40"><Execution id="6da391e5-9070-4ab6-a102-22c32ea3dd8d" /><TestMethod codeBase="D:\ModelRelief\ModelRelief.test\bin\Debug\netcoreapp2.0\ModelRelief.Test.dll" adapterTypeName="executor://xunit/VsTestRunner2/netcoreapp" className="ModelRelief.Test.Integration.Cameras.CamerasBaseIntegrationTests" name="Put_InvalidIdReturnsNotFound" /></UnitTest><UnitTest name="Patch_InvalidEnumPropertyValueReturnsBadRequest" storage="d:\modelrelief\modelrelief.test\bin\debug\netcoreapp2.0\modelrelief.test.dll" id="caa6f0e3-e9fc-4e04-b24f-4656b3904030"><Execution id="2e0a85f4-3a66-4679-9a46-f3b63ec92d4e" /><TestMethod codeBase="D:\ModelRelief\ModelRelief.test\bin\Debug\netcoreapp2.0\ModelRelief.Test.dll" adapterTypeName="executor://xunit/VsTestRunner2/netcoreapp" className="ModelRelief.Test.Integration.Meshes.MeshesBaseIntegrationTests" name="Patch_InvalidEnumPropertyValueReturnsBadRequest" /></UnitTest><UnitTest name="GetFile_ExistingFileReturnsSuccess" storage="d:\modelrelief\modelrelief.test\bin\debug\netcoreapp2.0\modelrelief.test.dll" id="37c5b77c-4568-4323-ab3e-e5606e221d32"><Execution id="12e50795-e3c7-466c-9cd2-1c0eff129036" /><TestMethod codeBase="D:\ModelRelief\ModelRelief.test\bin\Debug\netcoreapp2.0\ModelRelief.Test.dll" adapterTypeName="executor://xunit/VsTestRunner2/netcoreapp" className="ModelRelief.Test.Integration.Models.ModelsFileIntegrationTests" name="GetFile_ExistingFileReturnsSuccess" /></UnitTest><UnitTest name="Model3dHasExpectedDependentFiles" storage="d:\modelrelief\modelrelief.test\bin\debug\netcoreapp2.0\modelrelief.test.dll" id="56737357-1be6-46e4-ab13-1fbdf62fb764"><Execution id="f9972adb-64bd-46cd-9813-fc33d32879af" /><TestMethod codeBase="D:\ModelRelief\ModelRelief.test\bin\Debug\netcoreapp2.0\ModelRelief.Test.dll" adapterTypeName="executor://xunit/VsTestRunner2/netcoreapp" className="ModelRelief.Test.Unit.DependencyManager.DependencyManagerTests" name="Model3dHasExpectedDependentFiles" /></UnitTest><UnitTest name="Put_InvalidReferencePropertyReturndBadRequest" storage="d:\modelrelief\modelrelief.test\bin\debug\netcoreapp2.0\modelrelief.test.dll" id="302692a4-313e-4425-a690-c72fc6fc3bcf"><Execution id="ee28bed6-11f6-4519-9ae3-2424641f225f" /><TestMethod codeBase="D:\ModelRelief\ModelRelief.test\bin\Debug\netcoreapp2.0\ModelRelief.Test.dll" adapterTypeName="executor://xunit/VsTestRunner2/netcoreapp" className="ModelRelief.Test.Integration.MeshTransforms.MeshTransformsBaseIntegrationTests" name="Put_InvalidReferencePropertyReturndBadRequest" /></UnitTest><UnitTest name="FileRequest_DepthBufferIsInvalidatedAfterCameraDependencyPropertyChange" storage="d:\modelrelief\modelrelief.test\bin\debug\netcoreapp2.0\modelrelief.test.dll" id="c1b14450-fa33-4d2b-836e-beda03306b4c"><Execution id="74230472-c1f8-4038-9012-2cdf6e6ee357" /><TestMethod codeBase="D:\ModelRelief\ModelRelief.test\bin\Debug\netcoreapp2.0\ModelRelief.Test.dll" adapterTypeName="executor://xunit/VsTestRunner2/netcoreapp" className="ModelRelief.Test.Integration.DepthBuffers.DepthBuffersFileIntegrationTests" name="FileRequest_DepthBufferIsInvalidatedAfterCameraDependencyPropertyChange" /></UnitTest><UnitTest name="Post_InvalidPropertyValueReturnsBadRequest" storage="d:\modelrelief\modelrelief.test\bin\debug\netcoreapp2.0\modelrelief.test.dll" id="2382b785-664f-4ed3-a8a4-9546797b54f8"><Execution id="64ea0ac5-1e92-4289-82f7-bbda072b73f4" /><TestMethod codeBase="D:\ModelRelief\ModelRelief.test\bin\Debug\netcoreapp2.0\ModelRelief.Test.dll" adapterTypeName="executor://xunit/VsTestRunner2/netcoreapp" className="ModelRelief.Test.Integration.MeshTransforms.MeshTransformsBaseIntegrationTests" name="Post_InvalidPropertyValueReturnsBadRequest" /></UnitTest><UnitTest name="GetSingle_ValidIdPropertyValueReturnsCorrectModel" storage="d:\modelrelief\modelrelief.test\bin\debug\netcoreapp2.0\modelrelief.test.dll" id="334da5da-ff7f-4f60-8462-5b752a95acc2"><Execution id="66dcbdb2-77ad-4735-9c2d-e74f7db57dbf" /><TestMethod codeBase="D:\ModelRelief\ModelRelief.test\bin\Debug\netcoreapp2.0\ModelRelief.Test.dll" adapterTypeName="executor://xunit/VsTestRunner2/netcoreapp" className="ModelRelief.Test.Integration.Models.ModelsBaseIntegrationTests" name="GetSingle_ValidIdPropertyValueReturnsCorrectModel" /></UnitTest><UnitTest name="FileRequest_FileCanBeReadAfterRename" storage="d:\modelrelief\modelrelief.test\bin\debug\netcoreapp2.0\modelrelief.test.dll" id="b611a3cc-b698-47e7-98b0-7d67fa5d205e"><Execution id="3b8447ae-d2ae-4553-b765-12adc5c83bbb" /><TestMethod codeBase="D:\ModelRelief\ModelRelief.test\bin\Debug\netcoreapp2.0\ModelRelief.Test.dll" adapterTypeName="executor://xunit/VsTestRunner2/netcoreapp" className="ModelRelief.Test.Integration.DepthBuffers.DepthBuffersFileIntegrationTests" name="FileRequest_FileCanBeReadAfterRename" /></UnitTest><UnitTest name="Put_CanUpdateModel" storage="d:\modelrelief\modelrelief.test\bin\debug\netcoreapp2.0\modelrelief.test.dll" id="429cd8f2-999e-4f36-b2c1-b5caeb663b4c"><Execution id="ee215f34-c92c-4cd0-be32-9111759a6d65" /><TestMethod codeBase="D:\ModelRelief\ModelRelief.test\bin\Debug\netcoreapp2.0\ModelRelief.Test.dll" adapterTypeName="executor://xunit/VsTestRunner2/netcoreapp" className="ModelRelief.Test.Integration.DepthBuffers.DepthBuffersBaseIntegrationTests" name="Put_CanUpdateModel" /></UnitTest><UnitTest name="PutFile_NewFileCanBePut" storage="d:\modelrelief\modelrelief.test\bin\debug\netcoreapp2.0\modelrelief.test.dll" id="aa20124b-4d35-4643-a9b2-79343d23aa25"><Execution id="223be5d5-df23-4a19-a771-b1b583248e67" /><TestMethod codeBase="D:\ModelRelief\ModelRelief.test\bin\Debug\netcoreapp2.0\ModelRelief.Test.dll" adapterTypeName="executor://xunit/VsTestRunner2/netcoreapp" className="ModelRelief.Test.Integration.Models.ModelsFileIntegrationTests" name="PutFile_NewFileCanBePut" /></UnitTest><UnitTest name="Put_CanUpdateModel" storage="d:\modelrelief\modelrelief.test\bin\debug\netcoreapp2.0\modelrelief.test.dll" id="504c749c-94f6-4711-8c18-d0335513dfa8"><Execution id="ec51d33f-cfda-4817-865e-2f63ffe13e83" /><TestMethod codeBase="D:\ModelRelief\ModelRelief.test\bin\Debug\netcoreapp2.0\ModelRelief.Test.dll" adapterTypeName="executor://xunit/VsTestRunner2/netcoreapp" className="ModelRelief.Test.Integration.Projects.ProjectsBaseIntegrationTests" name="Put_CanUpdateModel" /></UnitTest><UnitTest name="Post_InvalidReferencePropertyReturnsBadRequest" storage="d:\modelrelief\modelrelief.test\bin\debug\netcoreapp2.0\modelrelief.test.dll" id="541794cc-5a6f-46af-b52d-57c49dd22a11"><Execution id="f2b29357-c149-4359-a551-6928b2abcc29" /><TestMethod codeBase="D:\ModelRelief\ModelRelief.test\bin\Debug\netcoreapp2.0\ModelRelief.Test.dll" adapterTypeName="executor://xunit/VsTestRunner2/netcoreapp" className="ModelRelief.Test.Integration.Projects.ProjectsBaseIntegrationTests" name="Post_InvalidReferencePropertyReturnsBadRequest" /></UnitTest><UnitTest name="Put_CanUpdateModel" storage="d:\modelrelief\modelrelief.test\bin\debug\netcoreapp2.0\modelrelief.test.dll" id="ec0a9de9-3fd2-43ac-8baf-f568d8f14ba2"><Execution id="b55a1191-6806-4e5d-8db2-756ebdab9d34" /><TestMethod codeBase="D:\ModelRelief\ModelRelief.test\bin\Debug\netcoreapp2.0\ModelRelief.Test.dll" adapterTypeName="executor://xunit/VsTestRunner2/netcoreapp" className="ModelRelief.Test.Integration.Meshes.MeshesBaseIntegrationTests" name="Put_CanUpdateModel" /></UnitTest><UnitTest name="Patch_InvalidPropertyNameReturnsBadRequest" storage="d:\modelrelief\modelrelief.test\bin\debug\netcoreapp2.0\modelrelief.test.dll" id="3edf02cf-7a9b-4ead-bf1f-486d82522898"><Execution id="28b2a672-113c-4aa1-a38b-c85be01203e7" /><TestMethod codeBase="D:\ModelRelief\ModelRelief.test\bin\Debug\netcoreapp2.0\ModelRelief.Test.dll" adapterTypeName="executor://xunit/VsTestRunner2/netcoreapp" className="ModelRelief.Test.Integration.Projects.ProjectsBaseIntegrationTests" name="Patch_InvalidPropertyNameReturnsBadRequest" /></UnitTest><UnitTest name="GetList_ListReturnsCorrectCount" storage="d:\modelrelief\modelrelief.test\bin\debug\netcoreapp2.0\modelrelief.test.dll" id="6d055de6-9e3a-4f87-9e91-8b257649ed2e"><Execution id="6702bc73-a402-4f4b-9201-ef4adb3654b4" /><TestMethod codeBase="D:\ModelRelief\ModelRelief.test\bin\Debug\netcoreapp2.0\ModelRelief.Test.dll" adapterTypeName="executor://xunit/VsTestRunner2/netcoreapp" className="ModelRelief.Test.Integration.Cameras.CamerasBaseIntegrationTests" name="GetList_ListReturnsCorrectCount" /></UnitTest><UnitTest name="Patch_ValidReferencePropertyUpdatesModel" storage="d:\modelrelief\modelrelief.test\bin\debug\netcoreapp2.0\modelrelief.test.dll" id="6556c0de-5082-4cf7-abf9-7cbd99d70700"><Execution id="2bb604e1-9f89-4cf6-be9c-c9353ec95494" /><TestMethod codeBase="D:\ModelRelief\ModelRelief.test\bin\Debug\netcoreapp2.0\ModelRelief.Test.dll" adapterTypeName="executor://xunit/VsTestRunner2/netcoreapp" className="ModelRelief.Test.Integration.MeshTransforms.MeshTransformsBaseIntegrationTests" name="Patch_ValidReferencePropertyUpdatesModel" /></UnitTest><UnitTest name="Patch_InvalidReferencePropertyReturnsBadRequest" storage="d:\modelrelief\modelrelief.test\bin\debug\netcoreapp2.0\modelrelief.test.dll" id="d66f33c4-d44d-452f-8da2-93084a6b9330"><Execution id="eb67a449-3c10-4324-8dd0-791324501553" /><TestMethod codeBase="D:\ModelRelief\ModelRelief.test\bin\Debug\netcoreapp2.0\ModelRelief.Test.dll" adapterTypeName="executor://xunit/VsTestRunner2/netcoreapp" className="ModelRelief.Test.Integration.DepthBuffers.DepthBuffersBaseIntegrationTests" name="Patch_InvalidReferencePropertyReturnsBadRequest" /></UnitTest><UnitTest name="Put_InvalidReferencePropertyReturndBadRequest" storage="d:\modelrelief\modelrelief.test\bin\debug\netcoreapp2.0\modelrelief.test.dll" id="5f7a5b26-101c-42e5-8b01-d02033308803"><Execution id="2d78c41d-d25c-460d-89f3-e5f7291b0482" /><TestMethod codeBase="D:\ModelRelief\ModelRelief.test\bin\Debug\netcoreapp2.0\ModelRelief.Test.dll" adapterTypeName="executor://xunit/VsTestRunner2/netcoreapp" className="ModelRelief.Test.Integration.Models.ModelsBaseIntegrationTests" name="Put_InvalidReferencePropertyReturndBadRequest" /></UnitTest><UnitTest name="Patch_MultipleInvalidReferencePropertiesReturnsMultipleValidationErrorsAndBadRequest" storage="d:\modelrelief\modelrelief.test\bin\debug\netcoreapp2.0\modelrelief.test.dll" id="d095d742-1953-4064-80df-664ee796201e"><Execution id="856433e9-6aa6-449c-abef-5b446d7f7b64" /><TestMethod codeBase="D:\ModelRelief\ModelRelief.test\bin\Debug\netcoreapp2.0\ModelRelief.Test.dll" adapterTypeName="executor://xunit/VsTestRunner2/netcoreapp" className="ModelRelief.Test.Integration.MeshTransforms.MeshTransformsBaseIntegrationTests" name="Patch_MultipleInvalidReferencePropertiesReturnsMultipleValidationErrorsAndBadRequest" /></UnitTest><UnitTest name="Patch_InvalidReferencePropertyReturnsBadRequest" storage="d:\modelrelief\modelrelief.test\bin\debug\netcoreapp2.0\modelrelief.test.dll" id="37618fa5-2a70-4f74-8501-f83c023864df"><Execution id="005b8aad-272c-4349-8721-2b601c57e138" /><TestMethod codeBase="D:\ModelRelief\ModelRelief.test\bin\Debug\netcoreapp2.0\ModelRelief.Test.dll" adapterTypeName="executor://xunit/VsTestRunner2/netcoreapp" className="ModelRelief.Test.Integration.MeshTransforms.MeshTransformsBaseIntegrationTests" name="Patch_InvalidReferencePropertyReturnsBadRequest" /></UnitTest><UnitTest name="Patch_TargetPropertyIsUpdated" storage="d:\modelrelief\modelrelief.test\bin\debug\netcoreapp2.0\modelrelief.test.dll" id="5ab45793-ea4b-4a27-8cca-0b0c0aeb5423"><Execution id="dc17ffbf-a8ab-469e-8a23-eef5cb67e8f4" /><TestMethod codeBase="D:\ModelRelief\ModelRelief.test\bin\Debug\netcoreapp2.0\ModelRelief.Test.dll" adapterTypeName="executor://xunit/VsTestRunner2/netcoreapp" className="ModelRelief.Test.Integration.MeshTransforms.MeshTransformsBaseIntegrationTests" name="Patch_TargetPropertyIsUpdated" /></UnitTest><UnitTest name="PutFile_FileCanBeUpdated" storage="d:\modelrelief\modelrelief.test\bin\debug\netcoreapp2.0\modelrelief.test.dll" id="98f1b529-c468-4948-9ff4-f7875d5f73f0"><Execution id="ec1e8df9-c494-4a78-bb73-0bdb02ab1e97" /><TestMethod codeBase="D:\ModelRelief\ModelRelief.test\bin\Debug\netcoreapp2.0\ModelRelief.Test.dll" adapterTypeName="executor://xunit/VsTestRunner2/netcoreapp" className="ModelRelief.Test.Integration.Models.ModelsFileIntegrationTests" name="PutFile_FileCanBeUpdated" /></UnitTest><UnitTest name="GetFile_NonExistentFileReturnsNotFound" storage="d:\modelrelief\modelrelief.test\bin\debug\netcoreapp2.0\modelrelief.test.dll" id="5a03a60a-d15d-4132-a1cb-8c8ae8a7db6c"><Execution id="27513852-3b6b-405a-9935-84151d05f62c" /><TestMethod codeBase="D:\ModelRelief\ModelRelief.test\bin\Debug\netcoreapp2.0\ModelRelief.Test.dll" adapterTypeName="executor://xunit/VsTestRunner2/netcoreapp" className="ModelRelief.Test.Integration.DepthBuffers.DepthBuffersFileIntegrationTests" name="GetFile_NonExistentFileReturnsNotFound" /></UnitTest><UnitTest name="Patch_InvalidPropertyNameReturnsBadRequest" storage="d:\modelrelief\modelrelief.test\bin\debug\netcoreapp2.0\modelrelief.test.dll" id="5178bf16-3b2c-42b0-bbba-d945325d7fab"><Execution id="fb470e3a-4d8a-45f0-bcd2-089734981173" /><TestMethod codeBase="D:\ModelRelief\ModelRelief.test\bin\Debug\netcoreapp2.0\ModelRelief.Test.dll" adapterTypeName="executor://xunit/VsTestRunner2/netcoreapp" className="ModelRelief.Test.Integration.DepthBuffers.DepthBuffersBaseIntegrationTests" name="Patch_InvalidPropertyNameReturnsBadRequest" /></UnitTest><UnitTest name="Patch_InvalidPropertyNameReturnsBadRequest" storage="d:\modelrelief\modelrelief.test\bin\debug\netcoreapp2.0\modelrelief.test.dll" id="18379885-30a9-409e-a1f8-c1884a2a7467"><Execution id="49cc9e66-c732-412c-a5f7-f74de0e30982" /><TestMethod codeBase="D:\ModelRelief\ModelRelief.test\bin\Debug\netcoreapp2.0\ModelRelief.Test.dll" adapterTypeName="executor://xunit/VsTestRunner2/netcoreapp" className="ModelRelief.Test.Integration.Cameras.CamerasBaseIntegrationTests" name="Patch_InvalidPropertyNameReturnsBadRequest" /></UnitTest><UnitTest name="Patch_ValidReferencePropertyUpdatesModel" storage="d:\modelrelief\modelrelief.test\bin\debug\netcoreapp2.0\modelrelief.test.dll" id="7818b486-4829-40a2-ae43-6a430be35458"><Execution id="1ef04b3f-a791-417c-b8df-ffa14f88dcaf" /><TestMethod codeBase="D:\ModelRelief\ModelRelief.test\bin\Debug\netcoreapp2.0\ModelRelief.Test.dll" adapterTypeName="executor://xunit/VsTestRunner2/netcoreapp" className="ModelRelief.Test.Integration.Cameras.CamerasBaseIntegrationTests" name="Patch_ValidReferencePropertyUpdatesModel" /></UnitTest><UnitTest name="GetList_ListReturnsCorrectCount" storage="d:\modelrelief\modelrelief.test\bin\debug\netcoreapp2.0\modelrelief.test.dll" id="a06a6475-8c15-4afe-9d63-c2fc0d5379f1"><Execution id="75a1745d-2fcb-43c0-800d-6a3b6e7c55b3" /><TestMethod codeBase="D:\ModelRelief\ModelRelief.test\bin\Debug\netcoreapp2.0\ModelRelief.Test.dll" adapterTypeName="executor://xunit/VsTestRunner2/netcoreapp" className="ModelRelief.Test.Integration.DepthBuffers.DepthBuffersBaseIntegrationTests" name="GetList_ListReturnsCorrectCount" /></UnitTest><UnitTest name="GetSingle_InvalidIdPropertyValueReturnsNotFound" storage="d:\modelrelief\modelrelief.test\bin\debug\netcoreapp2.0\modelrelief.test.dll" id="d612bdce-16bc-494f-9ef8-4efcf25ae9cd"><Execution id="1a570c1b-3d82-468f-9e90-e4ddfdd5375e" /><TestMethod codeBase="D:\ModelRelief\ModelRelief.test\bin\Debug\netcoreapp2.0\ModelRelief.Test.dll" adapterTypeName="executor://xunit/VsTestRunner2/netcoreapp" className="ModelRelief.Test.Integration.DepthBuffers.DepthBuffersBaseIntegrationTests" name="GetSingle_InvalidIdPropertyValueReturnsNotFound" /></UnitTest><UnitTest name="Put_InvalidReferencePropertyReturndBadRequest" storage="d:\modelrelief\modelrelief.test\bin\debug\netcoreapp2.0\modelrelief.test.dll" id="8f4a1d05-7ea9-404b-a1a3-a588443f0754"><Execution id="25018f85-0abf-4378-845e-0517dc0fea7b" /><TestMethod codeBase="D:\ModelRelief\ModelRelief.test\bin\Debug\netcoreapp2.0\ModelRelief.Test.dll" adapterTypeName="executor://xunit/VsTestRunner2/netcoreapp" className="ModelRelief.Test.Integration.Projects.ProjectsBaseIntegrationTests" name="Put_InvalidReferencePropertyReturndBadRequest" /></UnitTest><UnitTest name="Patch_TargetPropertyIsUpdated" storage="d:\modelrelief\modelrelief.test\bin\debug\netcoreapp2.0\modelrelief.test.dll" id="d2aa03bb-87c2-46cb-a0d0-37582a078cbf"><Execution id="9764ee56-3361-4895-ba69-2eb158a04ebe" /><TestMethod codeBase="D:\ModelRelief\ModelRelief.test\bin\Debug\netcoreapp2.0\ModelRelief.Test.dll" adapterTypeName="executor://xunit/VsTestRunner2/netcoreapp" className="ModelRelief.Test.Integration.Models.ModelsBaseIntegrationTests" name="Patch_TargetPropertyIsUpdated" /></UnitTest><UnitTest name="Patch_InvalidIdPropertyReturnsNotFound" storage="d:\modelrelief\modelrelief.test\bin\debug\netcoreapp2.0\modelrelief.test.dll" id="3bdbf56e-f36f-45dc-97b3-7d1b25f51a5f"><Execution id="030d4730-8f69-4af2-b4b1-9f40ebd68507" /><TestMethod codeBase="D:\ModelRelief\ModelRelief.test\bin\Debug\netcoreapp2.0\ModelRelief.Test.dll" adapterTypeName="executor://xunit/VsTestRunner2/netcoreapp" className="ModelRelief.Test.Integration.MeshTransforms.MeshTransformsBaseIntegrationTests" name="Patch_InvalidIdPropertyReturnsNotFound" /></UnitTest><UnitTest name="Delete_TargetModelIsDeleted" storage="d:\modelrelief\modelrelief.test\bin\debug\netcoreapp2.0\modelrelief.test.dll" id="e0677010-4abe-4f05-b56b-c5cc399488eb"><Execution id="b5db6997-24d1-4510-9f36-13a663f70c40" /><TestMethod codeBase="D:\ModelRelief\ModelRelief.test\bin\Debug\netcoreapp2.0\ModelRelief.Test.dll" adapterTypeName="executor://xunit/VsTestRunner2/netcoreapp" className="ModelRelief.Test.Integration.MeshTransforms.MeshTransformsBaseIntegrationTests" name="Delete_TargetModelIsDeleted" /></UnitTest><UnitTest name="Patch_MultipleInvalidReferencePropertiesReturnsMultipleValidationErrorsAndBadRequest" storage="d:\modelrelief\modelrelief.test\bin\debug\netcoreapp2.0\modelrelief.test.dll" id="5024bc42-2eed-4316-815f-13c1c0b2ebb6"><Execution id="dc01e197-148e-4a48-95f9-9feb3f14b62d" /><TestMethod codeBase="D:\ModelRelief\ModelRelief.test\bin\Debug\netcoreapp2.0\ModelRelief.Test.dll" adapterTypeName="executor://xunit/VsTestRunner2/netcoreapp" className="ModelRelief.Test.Integration.DepthBuffers.DepthBuffersBaseIntegrationTests" name="Patch_MultipleInvalidReferencePropertiesReturnsMultipleValidationErrorsAndBadRequest" /></UnitTest><UnitTest name="Patch_TargetPropertyIsUpdated" storage="d:\modelrelief\modelrelief.test\bin\debug\netcoreapp2.0\modelrelief.test.dll" id="828cece6-1b77-43b6-a95e-895e8fdcf109"><Execution id="41a6049e-a3c7-45b0-9b61-9179942dc2da" /><TestMethod codeBase="D:\ModelRelief\ModelRelief.test\bin\Debug\netcoreapp2.0\ModelRelief.Test.dll" adapterTypeName="executor://xunit/VsTestRunner2/netcoreapp" className="ModelRelief.Test.Integration.Cameras.CamerasBaseIntegrationTests" name="Patch_TargetPropertyIsUpdated" /></UnitTest><UnitTest name="Put_ValidReferencePropertyUpdatesModel" storage="d:\modelrelief\modelrelief.test\bin\debug\netcoreapp2.0\modelrelief.test.dll" id="6a0741a8-6c1a-421b-9504-549e48f07a84"><Execution id="b85efef7-be44-45c2-8502-574e5322cb44" /><TestMethod codeBase="D:\ModelRelief\ModelRelief.test\bin\Debug\netcoreapp2.0\ModelRelief.Test.dll" adapterTypeName="executor://xunit/VsTestRunner2/netcoreapp" className="ModelRelief.Test.Integration.Projects.ProjectsBaseIntegrationTests" name="Put_ValidReferencePropertyUpdatesModel" /></UnitTest><UnitTest name="Post_ValidReferencePropertyCreatesModel" storage="d:\modelrelief\modelrelief.test\bin\debug\netcoreapp2.0\modelrelief.test.dll" id="263c4dcd-0484-49c9-bd55-11f9c4567ab9"><Execution id="bbfe4e07-e086-48f3-82fd-333c78ea652b" /><TestMethod codeBase="D:\ModelRelief\ModelRelief.test\bin\Debug\netcoreapp2.0\ModelRelief.Test.dll" adapterTypeName="executor://xunit/VsTestRunner2/netcoreapp" className="ModelRelief.Test.Integration.Cameras.CamerasBaseIntegrationTests" name="Post_ValidReferencePropertyCreatesModel" /></UnitTest><UnitTest name="Post_CanCreateNewModel" storage="d:\modelrelief\modelrelief.test\bin\debug\netcoreapp2.0\modelrelief.test.dll" id="4e3d8fde-16fb-4e77-8e8b-8612f17e0e41"><Execution id="817554f9-e80c-4860-86ad-3ddb7deec1c7" /><TestMethod codeBase="D:\ModelRelief\ModelRelief.test\bin\Debug\netcoreapp2.0\ModelRelief.Test.dll" adapterTypeName="executor://xunit/VsTestRunner2/netcoreapp" className="ModelRelief.Test.Integration.Cameras.CamerasBaseIntegrationTests" name="Post_CanCreateNewModel" /></UnitTest><UnitTest name="PostFile_NewFileCanBePosted" storage="d:\modelrelief\modelrelief.test\bin\debug\netcoreapp2.0\modelrelief.test.dll" id="a72a13ec-2f10-4366-b6ee-8fc8bdfc135d"><Execution id="461bbd8e-218c-46a6-ab9a-e84c25384a10" /><TestMethod codeBase="D:\ModelRelief\ModelRelief.test\bin\Debug\netcoreapp2.0\ModelRelief.Test.dll" adapterTypeName="executor://xunit/VsTestRunner2/netcoreapp" className="ModelRelief.Test.Integration.Models.ModelsFileIntegrationTests" name="PostFile_NewFileCanBePosted" /></UnitTest><UnitTest name="Patch_MultipleInvalidReferencePropertiesReturnsMultipleValidationErrorsAndBadRequest" storage="d:\modelrelief\modelrelief.test\bin\debug\netcoreapp2.0\modelrelief.test.dll" id="a834ce69-2cfa-4944-9684-58dab2dad2af"><Execution id="b5b3cadf-2475-4d1b-9ed8-008e15d83570" /><TestMethod codeBase="D:\ModelRelief\ModelRelief.test\bin\Debug\netcoreapp2.0\ModelRelief.Test.dll" adapterTypeName="executor://xunit/VsTestRunner2/netcoreapp" className="ModelRelief.Test.Integration.Models.ModelsBaseIntegrationTests" name="Patch_MultipleInvalidReferencePropertiesReturnsMultipleValidationErrorsAndBadRequest" /></UnitTest><UnitTest name="Put_ValidReferencePropertyUpdatesModel" storage="d:\modelrelief\modelrelief.test\bin\debug\netcoreapp2.0\modelrelief.test.dll" id="08b0d2cc-635c-4112-bee9-df84a8daceba"><Execution id="f669fef5-dbd0-4bc4-80f1-1c024b124e31" /><TestMethod codeBase="D:\ModelRelief\ModelRelief.test\bin\Debug\netcoreapp2.0\ModelRelief.Test.dll" adapterTypeName="executor://xunit/VsTestRunner2/netcoreapp" className="ModelRelief.Test.Integration.DepthBuffers.DepthBuffersBaseIntegrationTests" name="Put_ValidReferencePropertyUpdatesModel" /></UnitTest><UnitTest name="PutFile_NewFileCanBePut" storage="d:\modelrelief\modelrelief.test\bin\debug\netcoreapp2.0\modelrelief.test.dll" id="6830cd6d-f828-4d73-86ee-f48e33af9ecc"><Execution id="d6cdc78d-bb0d-4bac-b566-afa9515fa7a3" /><TestMethod codeBase="D:\ModelRelief\ModelRelief.test\bin\Debug\netcoreapp2.0\ModelRelief.Test.dll" adapterTypeName="executor://xunit/VsTestRunner2/netcoreapp" className="ModelRelief.Test.Integration.Meshes.MeshesFileIntegrationTests" name="PutFile_NewFileCanBePut" /></UnitTest><UnitTest name="Put_InvalidReferencePropertyReturndBadRequest" storage="d:\modelrelief\modelrelief.test\bin\debug\netcoreapp2.0\modelrelief.test.dll" id="f28b0991-570a-4c69-951b-95f58686f314"><Execution id="3144edb7-df94-49ca-9c68-79cd20db0b86" /><TestMethod codeBase="D:\ModelRelief\ModelRelief.test\bin\Debug\netcoreapp2.0\ModelRelief.Test.dll" adapterTypeName="executor://xunit/VsTestRunner2/netcoreapp" className="ModelRelief.Test.Integration.DepthBuffers.DepthBuffersBaseIntegrationTests" name="Put_InvalidReferencePropertyReturndBadRequest" /></UnitTest><UnitTest name="Patch_InvalidIdPropertyReturnsNotFound" storage="d:\modelrelief\modelrelief.test\bin\debug\netcoreapp2.0\modelrelief.test.dll" id="cc38b76f-c18c-48a2-969a-4cd966f1a028"><Execution id="1de93946-564b-429d-a7b4-c3d451f9112c" /><TestMethod codeBase="D:\ModelRelief\ModelRelief.test\bin\Debug\netcoreapp2.0\ModelRelief.Test.dll" adapterTypeName="executor://xunit/VsTestRunner2/netcoreapp" className="ModelRelief.Test.Integration.DepthBuffers.DepthBuffersBaseIntegrationTests" name="Patch_InvalidIdPropertyReturnsNotFound" /></UnitTest><UnitTest name="Patch_ValidReferencePropertyUpdatesModel" storage="d:\modelrelief\modelrelief.test\bin\debug\netcoreapp2.0\modelrelief.test.dll" id="4033401a-965c-4ec8-a5f9-cb1240364e99"><Execution id="b38df532-3b4e-4012-9549-4061b2ed8c9f" /><TestMethod codeBase="D:\ModelRelief\ModelRelief.test\bin\Debug\netcoreapp2.0\ModelRelief.Test.dll" adapterTypeName="executor://xunit/VsTestRunner2/netcoreapp" className="ModelRelief.Test.Integration.Projects.ProjectsBaseIntegrationTests" name="Patch_ValidReferencePropertyUpdatesModel" /></UnitTest><UnitTest name="MeshTransformHasExpectedDependentFiles" storage="d:\modelrelief\modelrelief.test\bin\debug\netcoreapp2.0\modelrelief.test.dll" id="9204bc95-5ff0-4fec-99df-8c7da70807e4"><Execution id="4e04a838-1403-4f3b-afed-e3966697e5d1" /><TestMethod codeBase="D:\ModelRelief\ModelRelief.test\bin\Debug\netcoreapp2.0\ModelRelief.Test.dll" adapterTypeName="executor://xunit/VsTestRunner2/netcoreapp" className="ModelRelief.Test.Unit.DependencyManager.DependencyManagerTests" name="MeshTransformHasExpectedDependentFiles" /></UnitTest><UnitTest name="Put_InvalidIdReturnsNotFound" storage="d:\modelrelief\modelrelief.test\bin\debug\netcoreapp2.0\modelrelief.test.dll" id="f93de3f2-5188-436d-8e81-1290e13fc3a7"><Execution id="4b8e842c-c292-4647-8263-6b369575f0b3" /><TestMethod codeBase="D:\ModelRelief\ModelRelief.test\bin\Debug\netcoreapp2.0\ModelRelief.Test.dll" adapterTypeName="executor://xunit/VsTestRunner2/netcoreapp" className="ModelRelief.Test.Integration.DepthBuffers.DepthBuffersBaseIntegrationTests" name="Put_InvalidIdReturnsNotFound" /></UnitTest><UnitTest name="Patch_InvalidReferencePropertyReturnsBadRequest" storage="d:\modelrelief\modelrelief.test\bin\debug\netcoreapp2.0\modelrelief.test.dll" id="2d4b6dcb-56aa-4ede-a1ae-d08925567d2e"><Execution id="0e014550-62fa-492e-8054-01acaacf9080" /><TestMethod codeBase="D:\ModelRelief\ModelRelief.test\bin\Debug\netcoreapp2.0\ModelRelief.Test.dll" adapterTypeName="executor://xunit/VsTestRunner2/netcoreapp" className="ModelRelief.Test.Integration.Projects.ProjectsBaseIntegrationTests" name="Patch_InvalidReferencePropertyReturnsBadRequest" /></UnitTest><UnitTest name="GetList_ListReturnsCorrectCount" storage="d:\modelrelief\modelrelief.test\bin\debug\netcoreapp2.0\modelrelief.test.dll" id="48accc41-3cb4-4d41-a33f-abc3fd1c6842"><Execution id="a42a5987-d5c7-47de-abb1-ca039e499183" /><TestMethod codeBase="D:\ModelRelief\ModelRelief.test\bin\Debug\netcoreapp2.0\ModelRelief.Test.dll" adapterTypeName="executor://xunit/VsTestRunner2/netcoreapp" className="ModelRelief.Test.Integration.Projects.ProjectsBaseIntegrationTests" name="GetList_ListReturnsCorrectCount" /></UnitTest><UnitTest name="Put_CanUpdateModel" storage="d:\modelrelief\modelrelief.test\bin\debug\netcoreapp2.0\modelrelief.test.dll" id="eaac11b4-776c-41f9-a029-7453e0c90d08"><Execution id="af5aef89-8cfd-4750-a53f-a7de524a0c97" /><TestMethod codeBase="D:\ModelRelief\ModelRelief.test\bin\Debug\netcoreapp2.0\ModelRelief.Test.dll" adapterTypeName="executor://xunit/VsTestRunner2/netcoreapp" className="ModelRelief.Test.Integration.Models.ModelsBaseIntegrationTests" name="Put_CanUpdateModel" /></UnitTest><UnitTest name="Post_ValidReferencePropertyCreatesModel" storage="d:\modelrelief\modelrelief.test\bin\debug\netcoreapp2.0\modelrelief.test.dll" id="cef9906e-2a07-4c59-ad06-63c1d6d770bf"><Execution id="ed4004cd-f408-4da9-8223-6f541258279b" /><TestMethod codeBase="D:\ModelRelief\ModelRelief.test\bin\Debug\netcoreapp2.0\ModelRelief.Test.dll" adapterTypeName="executor://xunit/VsTestRunner2/netcoreapp" className="ModelRelief.Test.Integration.Models.ModelsBaseIntegrationTests" name="Post_ValidReferencePropertyCreatesModel" /></UnitTest><UnitTest name="GetSingle_ValidIdPropertyValueReturnsCorrectModel" storage="d:\modelrelief\modelrelief.test\bin\debug\netcoreapp2.0\modelrelief.test.dll" id="a78bfe8b-d249-4bee-b767-4e3c4de6ebab"><Execution id="62680ebc-1712-4acf-8481-cf2df7d45bcb" /><TestMethod codeBase="D:\ModelRelief\ModelRelief.test\bin\Debug\netcoreapp2.0\ModelRelief.Test.dll" adapterTypeName="executor://xunit/VsTestRunner2/netcoreapp" className="ModelRelief.Test.Integration.MeshTransforms.MeshTransformsBaseIntegrationTests" name="GetSingle_ValidIdPropertyValueReturnsCorrectModel" /></UnitTest><UnitTest name="Post_CanCreateNewModel" storage="d:\modelrelief\modelrelief.test\bin\debug\netcoreapp2.0\modelrelief.test.dll" id="953eade2-58e1-488e-9d1b-324c814ce6d3"><Execution id="19eea264-ac46-4cd1-b6b9-a2c97c24ae20" /><TestMethod codeBase="D:\ModelRelief\ModelRelief.test\bin\Debug\netcoreapp2.0\ModelRelief.Test.dll" adapterTypeName="executor://xunit/VsTestRunner2/netcoreapp" className="ModelRelief.Test.Integration.MeshTransforms.MeshTransformsBaseIntegrationTests" name="Post_CanCreateNewModel" /></UnitTest><UnitTest name="LucyCameraFindsAllDependents" storage="d:\modelrelief\modelrelief.test\bin\debug\netcoreapp2.0\modelrelief.test.dll" id="58ac5d56-156a-45ae-beee-414e1d54750a"><Execution id="275f68de-4517-4670-87e6-5fe55f86077f" /><TestMethod codeBase="D:\ModelRelief\ModelRelief.test\bin\Debug\netcoreapp2.0\ModelRelief.Test.dll" adapterTypeName="executor://xunit/VsTestRunner2/netcoreapp" className="ModelRelief.Test.Unit.DependencyManager.DependencyManagerTests" name="LucyCameraFindsAllDependents" /></UnitTest><UnitTest name="GetFile_ExistingFileReturnsSuccess" storage="d:\modelrelief\modelrelief.test\bin\debug\netcoreapp2.0\modelrelief.test.dll" id="e471c50c-da60-4291-ba78-e94a78fdf5cd"><Execution id="93c7c462-6c13-44b6-82eb-13c06f193938" /><TestMethod codeBase="D:\ModelRelief\ModelRelief.test\bin\Debug\netcoreapp2.0\ModelRelief.Test.dll" adapterTypeName="executor://xunit/VsTestRunner2/netcoreapp" className="ModelRelief.Test.Integration.DepthBuffers.DepthBuffersFileIntegrationTests" name="GetFile_ExistingFileReturnsSuccess" /></UnitTest><UnitTest name="Patch_InvalidIdPropertyReturnsNotFound" storage="d:\modelrelief\modelrelief.test\bin\debug\netcoreapp2.0\modelrelief.test.dll" id="2e5f9801-a997-4143-a30a-b6b9204aa5e9"><Execution id="b85b7ef0-790d-473c-b425-cdaf9f156e6e" /><TestMethod codeBase="D:\ModelRelief\ModelRelief.test\bin\Debug\netcoreapp2.0\ModelRelief.Test.dll" adapterTypeName="executor://xunit/VsTestRunner2/netcoreapp" className="ModelRelief.Test.Integration.Cameras.CamerasBaseIntegrationTests" name="Patch_InvalidIdPropertyReturnsNotFound" /></UnitTest><UnitTest name="Post_CanCreateNewModel" storage="d:\modelrelief\modelrelief.test\bin\debug\netcoreapp2.0\modelrelief.test.dll" id="7446bab6-d2ff-46c7-bcb0-6e04ffe0e85e"><Execution id="aa7b658e-bd02-40e4-a73d-a1effbcac09f" /><TestMethod codeBase="D:\ModelRelief\ModelRelief.test\bin\Debug\netcoreapp2.0\ModelRelief.Test.dll" adapterTypeName="executor://xunit/VsTestRunner2/netcoreapp" className="ModelRelief.Test.Integration.Meshes.MeshesBaseIntegrationTests" name="Post_CanCreateNewModel" /></UnitTest></TestDefinitions><TestEntries><TestEntry testId="541794cc-5a6f-46af-b52d-57c49dd22a11" executionId="f2b29357-c149-4359-a551-6928b2abcc29" testListId="8c84fa94-04c1-424b-9868-57a2d4851a1d" /><TestEntry testId="9c2306d8-15fe-4d41-90c4-f38f1cc1aae6" executionId="bcd1e462-e33d-4536-8066-a677d0639e34" testListId="8c84fa94-04c1-424b-9868-57a2d4851a1d" /><TestEntry testId="a9aaa551-4b9b-4a82-ab35-f476ccd15b0f" executionId="6d2d78da-ec93-4c1c-8ab3-139321378e10" testListId="8c84fa94-04c1-424b-9868-57a2d4851a1d" /><TestEntry testId="f28b0991-570a-4c69-951b-95f58686f314" executionId="3144edb7-df94-49ca-9c68-79cd20db0b86" testListId="8c84fa94-04c1-424b-9868-57a2d4851a1d" /><TestEntry testId="75bfea2d-2cdb-4d15-bb76-d8e2e0fcd00e" executionId="43be662e-475f-4e72-89bb-85b37dfcbb87" testListId="8c84fa94-04c1-424b-9868-57a2d4851a1d" /><TestEntry testId="cef9906e-2a07-4c59-ad06-63c1d6d770bf" executionId="ed4004cd-f408-4da9-8223-6f541258279b" testListId="8c84fa94-04c1-424b-9868-57a2d4851a1d" /><TestEntry testId="5d31590c-998a-4703-b406-434a9170a74e" executionId="91e0fd4c-eb95-4797-b703-2169643ba7b3" testListId="8c84fa94-04c1-424b-9868-57a2d4851a1d" /><TestEntry testId="2d4b6dcb-56aa-4ede-a1ae-d08925567d2e" executionId="0e014550-62fa-492e-8054-01acaacf9080" testListId="8c84fa94-04c1-424b-9868-57a2d4851a1d" /><TestEntry testId="eadb2293-4da0-483c-80b0-60463d611e50" executionId="180a3077-3c0f-4ed1-a4e1-9b954aa3f668" testListId="8c84fa94-04c1-424b-9868-57a2d4851a1d" /><TestEntry testId="ba38b0df-bda6-4649-8029-d3baa039c27a" executionId="f050969a-70e0-4248-8bd0-0851907db01b" testListId="8c84fa94-04c1-424b-9868-57a2d4851a1d" /><TestEntry testId="3adafa59-8f93-4307-be17-1c917680f6c2" executionId="42832f83-cf49-4428-bde8-2d1723d8075e" testListId="8c84fa94-04c1-424b-9868-57a2d4851a1d" /><TestEntry testId="6ce88ae5-85c4-4061-876e-bed583a61b8a" executionId="de84e112-7c6a-4485-b5fa-695137d05a26" testListId="8c84fa94-04c1-424b-9868-57a2d4851a1d" /><TestEntry testId="953eade2-58e1-488e-9d1b-324c814ce6d3" executionId="19eea264-ac46-4cd1-b6b9-a2c97c24ae20" testListId="8c84fa94-04c1-424b-9868-57a2d4851a1d" /><TestEntry testId="520e010c-05e6-4be7-9551-90f867dbf0a5" executionId="42bbdefd-c47c-4463-9aaf-9ccdddb8da05" testListId="8c84fa94-04c1-424b-9868-57a2d4851a1d" /><TestEntry testId="7818b486-4829-40a2-ae43-6a430be35458" executionId="1ef04b3f-a791-417c-b8df-ffa14f88dcaf" testListId="8c84fa94-04c1-424b-9868-57a2d4851a1d" /><TestEntry testId="a6bf0246-2b6d-4003-9717-4e557aa41e3c" executionId="9eaa2550-52f4-4aa9-9b1d-0cbd9710fe76" testListId="8c84fa94-04c1-424b-9868-57a2d4851a1d" /><TestEntry testId="b6857ecf-1d5c-4925-a234-2d57f6f8d3cd" executionId="c6975419-c052-40e8-9c9a-e670bfe659ab" testListId="8c84fa94-04c1-424b-9868-57a2d4851a1d" /><TestEntry testId="18379885-30a9-409e-a1f8-c1884a2a7467" executionId="49cc9e66-c732-412c-a5f7-f74de0e30982" testListId="8c84fa94-04c1-424b-9868-57a2d4851a1d" /><TestEntry testId="eca90431-78b9-4ef9-8027-8eef3bf3d60e" executionId="40fd2fe7-ceb6-4420-94b0-ef9ab05cb8e6" testListId="8c84fa94-04c1-424b-9868-57a2d4851a1d" /><TestEntry testId="d2aa03bb-87c2-46cb-a0d0-37582a078cbf" executionId="9764ee56-3361-4895-ba69-2eb158a04ebe" testListId="8c84fa94-04c1-424b-9868-57a2d4851a1d" /><TestEntry testId="10398531-c6f1-47e2-995f-3ddfc5ba3f23" executionId="38ee69be-1870-40d8-a8ac-0405edf45a19" testListId="8c84fa94-04c1-424b-9868-57a2d4851a1d" /><TestEntry testId="4e3d8fde-16fb-4e77-8e8b-8612f17e0e41" executionId="817554f9-e80c-4860-86ad-3ddb7deec1c7" testListId="8c84fa94-04c1-424b-9868-57a2d4851a1d" /><TestEntry testId="ebf7e483-4d92-4001-b99a-92f27b8ab8e7" executionId="e6d1f2ac-bc42-4225-87e2-25c08229f273" testListId="8c84fa94-04c1-424b-9868-57a2d4851a1d" /><TestEntry testId="d612bdce-16bc-494f-9ef8-4efcf25ae9cd" executionId="1a570c1b-3d82-468f-9e90-e4ddfdd5375e" testListId="8c84fa94-04c1-424b-9868-57a2d4851a1d" /><TestEntry testId="4da32cac-2666-4916-a24a-e51f199ba183" executionId="34992075-f134-49cd-9878-c430ef3dd073" testListId="8c84fa94-04c1-424b-9868-57a2d4851a1d" /><TestEntry testId="6692a348-6247-46c4-b57a-32e18d2f78cf" executionId="a5d7f2ca-1c95-4811-87ce-bbaad7a068fe" testListId="8c84fa94-04c1-424b-9868-57a2d4851a1d" /><TestEntry testId="ec0a9de9-3fd2-43ac-8baf-f568d8f14ba2" executionId="b55a1191-6806-4e5d-8db2-756ebdab9d34" testListId="8c84fa94-04c1-424b-9868-57a2d4851a1d" /><TestEntry testId="3196a748-6f81-44b5-988b-4a27a4d4ffdb" executionId="0eaa2a0c-d96a-429d-b721-9752906ff408" testListId="8c84fa94-04c1-424b-9868-57a2d4851a1d" /><TestEntry testId="179acfab-e9b0-4359-a9a1-96fb0a817ed8" executionId="9ec7b738-5120-45af-8c1b-0c5df17309c1" testListId="8c84fa94-04c1-424b-9868-57a2d4851a1d" /><TestEntry testId="d34dc496-fc5b-4461-a8b5-7e7818a080ed" executionId="c5fc34eb-2dc1-4e3b-9dc6-7511c3a2f3e6" testListId="8c84fa94-04c1-424b-9868-57a2d4851a1d" /><TestEntry testId="8f4a1d05-7ea9-404b-a1a3-a588443f0754" executionId="25018f85-0abf-4378-845e-0517dc0fea7b" testListId="8c84fa94-04c1-424b-9868-57a2d4851a1d" /><TestEntry testId="7b7bba6a-a2d4-4e3c-b128-31d99989c34f" executionId="457558ee-8373-4530-a32e-1e80c7b99107" testListId="8c84fa94-04c1-424b-9868-57a2d4851a1d" /><TestEntry testId="6d055de6-9e3a-4f87-9e91-8b257649ed2e" executionId="6702bc73-a402-4f4b-9201-ef4adb3654b4" testListId="8c84fa94-04c1-424b-9868-57a2d4851a1d" /><TestEntry testId="b7a3b567-0e46-4c84-b4f4-a5c336e2dcd7" executionId="80c44374-f4b4-4f8a-813c-699b50f3587e" testListId="8c84fa94-04c1-424b-9868-57a2d4851a1d" /><TestEntry testId="b96897a7-88d0-4e65-9ea3-79c95a5c2046" executionId="d054be08-4bab-4dc7-a4dd-a054638a5b9f" testListId="8c84fa94-04c1-424b-9868-57a2d4851a1d" /><TestEntry testId="e0677010-4abe-4f05-b56b-c5cc399488eb" executionId="b5db6997-24d1-4510-9f36-13a663f70c40" testListId="8c84fa94-04c1-424b-9868-57a2d4851a1d" /><TestEntry testId="88f56a6b-b534-400a-be26-dcaf66c8aed3" executionId="f811f203-7ca4-4826-89bd-c44f0ce1321e" testListId="8c84fa94-04c1-424b-9868-57a2d4851a1d" /><TestEntry testId="8d4e1268-d6fb-485f-a185-bf0549e59f82" executionId="fb79fd65-c1c0-484f-9023-e3baa0ed295d" testListId="8c84fa94-04c1-424b-9868-57a2d4851a1d" /><TestEntry testId="37618fa5-2a70-4f74-8501-f83c023864df" executionId="005b8aad-272c-4349-8721-2b601c57e138" testListId="8c84fa94-04c1-424b-9868-57a2d4851a1d" /><TestEntry testId="9204bc95-5ff0-4fec-99df-8c7da70807e4" executionId="4e04a838-1403-4f3b-afed-e3966697e5d1" testListId="8c84fa94-04c1-424b-9868-57a2d4851a1d" /><TestEntry testId="a72a13ec-2f10-4366-b6ee-8fc8bdfc135d" executionId="461bbd8e-218c-46a6-ab9a-e84c25384a10" testListId="8c84fa94-04c1-424b-9868-57a2d4851a1d" /><TestEntry testId="c78beaab-8b81-4421-919a-0160240fe49f" executionId="537d8e20-46f6-44b1-95ca-2907e8d9c811" testListId="8c84fa94-04c1-424b-9868-57a2d4851a1d" /><TestEntry testId="5352967c-13c2-401f-a12a-ac185d0813f8" executionId="1862a75c-0589-451f-9ec6-9f36da8f0258" testListId="8c84fa94-04c1-424b-9868-57a2d4851a1d" /><TestEntry testId="a06a6475-8c15-4afe-9d63-c2fc0d5379f1" executionId="75a1745d-2fcb-43c0-800d-6a3b6e7c55b3" testListId="8c84fa94-04c1-424b-9868-57a2d4851a1d" /><TestEntry testId="539813fc-aa04-40bd-833c-b8ef09c1222b" executionId="3e3375f5-d2d8-45f7-bb22-6f00ceb402da" testListId="8c84fa94-04c1-424b-9868-57a2d4851a1d" /><TestEntry testId="147a581e-26b1-4de4-8176-4da2196c4c6c" executionId="130d4a1b-328b-4eef-9f3e-0777412d3b55" testListId="8c84fa94-04c1-424b-9868-57a2d4851a1d" /><TestEntry testId="4d605bbe-736d-43cd-a2ed-835470f6466f" executionId="b14006b7-ea7b-4099-a833-20e9fe908cbe" testListId="8c84fa94-04c1-424b-9868-57a2d4851a1d" /><TestEntry testId="e471c50c-da60-4291-ba78-e94a78fdf5cd" executionId="93c7c462-6c13-44b6-82eb-13c06f193938" testListId="8c84fa94-04c1-424b-9868-57a2d4851a1d" /><TestEntry testId="d86ab6aa-05e5-45c4-b7dc-a661d43b212b" executionId="df937a2a-544a-4cdc-a17f-66e7971e6970" testListId="8c84fa94-04c1-424b-9868-57a2d4851a1d" /><TestEntry testId="5ab45793-ea4b-4a27-8cca-0b0c0aeb5423" executionId="dc17ffbf-a8ab-469e-8a23-eef5cb67e8f4" testListId="8c84fa94-04c1-424b-9868-57a2d4851a1d" /><TestEntry testId="f32e44e4-c067-4d83-8fc8-322a9924253e" executionId="eefa47fe-a95a-4451-b8ae-693139f2639e" testListId="8c84fa94-04c1-424b-9868-57a2d4851a1d" /><TestEntry testId="87fcb225-9320-4dba-a2b8-f07766d6b3d0" executionId="c381affb-2e27-4bf6-a8e5-b3b24b63bdf3" testListId="8c84fa94-04c1-424b-9868-57a2d4851a1d" /><TestEntry testId="4033401a-965c-4ec8-a5f9-cb1240364e99" executionId="b38df532-3b4e-4012-9549-4061b2ed8c9f" testListId="8c84fa94-04c1-424b-9868-57a2d4851a1d" /><TestEntry testId="98f1b529-c468-4948-9ff4-f7875d5f73f0" executionId="ec1e8df9-c494-4a78-bb73-0bdb02ab1e97" testListId="8c84fa94-04c1-424b-9868-57a2d4851a1d" /><TestEntry testId="d6f3c822-9d6c-469d-a807-3a4332a1d126" executionId="fd509d15-b7db-4d2c-ace4-0e10a677a102" testListId="8c84fa94-04c1-424b-9868-57a2d4851a1d" /><TestEntry testId="2382b785-664f-4ed3-a8a4-9546797b54f8" executionId="64ea0ac5-1e92-4289-82f7-bbda072b73f4" testListId="8c84fa94-04c1-424b-9868-57a2d4851a1d" /><TestEntry testId="dc25d64a-9a6b-4157-8368-3344b4ab818a" executionId="a567b80e-73c5-4dd8-978d-6e5be0f0d686" testListId="8c84fa94-04c1-424b-9868-57a2d4851a1d" /><TestEntry testId="1e8c228f-87d1-4bd1-9889-9f81e0acc0ac" executionId="79a5c565-9077-4c66-8e69-e06f1fd66287" testListId="8c84fa94-04c1-424b-9868-57a2d4851a1d" /><TestEntry testId="c0b71c0e-6c94-4344-b78e-e6e5fbdec67c" executionId="9c220c7b-df61-4af4-b535-428405f98d57" testListId="8c84fa94-04c1-424b-9868-57a2d4851a1d" /><TestEntry testId="2ac7b8d9-d525-46b1-9062-bde377881349" executionId="9c2d5f8f-da77-4dc4-87f2-88a96a5219dc" testListId="8c84fa94-04c1-424b-9868-57a2d4851a1d" /><TestEntry testId="56737357-1be6-46e4-ab13-1fbdf62fb764" executionId="f9972adb-64bd-46cd-9813-fc33d32879af" testListId="8c84fa94-04c1-424b-9868-57a2d4851a1d" /><TestEntry testId="94e138d5-edcd-44fc-9500-51e8da337f9c" executionId="49e68d6a-71df-4d02-a01c-e9d8a5578ef5" testListId="8c84fa94-04c1-424b-9868-57a2d4851a1d" /><TestEntry testId="c1b14450-fa33-4d2b-836e-beda03306b4c" executionId="74230472-c1f8-4038-9012-2cdf6e6ee357" testListId="8c84fa94-04c1-424b-9868-57a2d4851a1d" /><TestEntry testId="504c749c-94f6-4711-8c18-d0335513dfa8" executionId="ec51d33f-cfda-4817-865e-2f63ffe13e83" testListId="8c84fa94-04c1-424b-9868-57a2d4851a1d" /><TestEntry testId="bd4f2aed-ac59-44fb-9792-09098d37db80" executionId="9bc4880c-7b17-4286-8414-5cbcb387dc6d" testListId="8c84fa94-04c1-424b-9868-57a2d4851a1d" /><TestEntry testId="d095d742-1953-4064-80df-664ee796201e" executionId="856433e9-6aa6-449c-abef-5b446d7f7b64" testListId="8c84fa94-04c1-424b-9868-57a2d4851a1d" /><TestEntry testId="03754ec9-e8f8-4339-b7be-aa287bf1a0de" executionId="9ea0ace2-4a38-485c-ac3a-ab4db9fdfbde" testListId="8c84fa94-04c1-424b-9868-57a2d4851a1d" /><TestEntry testId="372008fb-7a18-4696-b438-4f4bd3e7b992" executionId="7d42347e-910c-4eed-bfa7-5ceb5c56ac58" testListId="8c84fa94-04c1-424b-9868-57a2d4851a1d" /><TestEntry testId="6ea73941-4f85-4eda-a991-1f7d86c47f0a" executionId="1884bcfe-9c01-4d82-8c42-0b6d2e75692e" testListId="8c84fa94-04c1-424b-9868-57a2d4851a1d" /><TestEntry testId="6f10f241-0e80-4d60-9667-c08dcfd37bb1" executionId="8112ef58-47a1-4bf5-a02d-5a8c9d42b71f" testListId="8c84fa94-04c1-424b-9868-57a2d4851a1d" /><TestEntry testId="ea2dafb6-3984-49e2-87d7-2c1e9d05c944" executionId="81bb030e-8837-497c-b542-34c79ebafd0a" testListId="8c84fa94-04c1-424b-9868-57a2d4851a1d" /><TestEntry testId="d0dcbb5a-a412-4c98-bc65-680a063b1339" executionId="c64ebd53-2069-499f-98a6-8cc70123a1ff" testListId="8c84fa94-04c1-424b-9868-57a2d4851a1d" /><TestEntry testId="5fd5199c-75d9-4675-8058-0c8da0ebd1ab" executionId="d3903b4d-3c82-4144-92a0-a34002b7aaf8" testListId="8c84fa94-04c1-424b-9868-57a2d4851a1d" /><TestEntry testId="429cd8f2-999e-4f36-b2c1-b5caeb663b4c" executionId="ee215f34-c92c-4cd0-be32-9111759a6d65" testListId="8c84fa94-04c1-424b-9868-57a2d4851a1d" /><TestEntry testId="9f85c19c-240e-475b-b725-6d8668c4d2a4" executionId="cddd17d7-9112-48d3-906a-a433733c1bde" testListId="8c84fa94-04c1-424b-9868-57a2d4851a1d" /><TestEntry testId="f93de3f2-5188-436d-8e81-1290e13fc3a7" executionId="4b8e842c-c292-4647-8263-6b369575f0b3" testListId="8c84fa94-04c1-424b-9868-57a2d4851a1d" /><TestEntry testId="b611a3cc-b698-47e7-98b0-7d67fa5d205e" executionId="3b8447ae-d2ae-4553-b765-12adc5c83bbb" testListId="8c84fa94-04c1-424b-9868-57a2d4851a1d" /><TestEntry testId="7d5e01a8-db3a-4476-8ad4-ddb0063d9df3" executionId="83a719c0-d8ee-4e1d-be86-e01c89df5a71" testListId="8c84fa94-04c1-424b-9868-57a2d4851a1d" /><TestEntry testId="bcf8a785-31cd-43b1-8dab-1457fa6e23fd" executionId="c2e65b26-be37-4799-beec-7094380d9e78" testListId="8c84fa94-04c1-424b-9868-57a2d4851a1d" /><TestEntry testId="2b66eecc-9a58-484a-b160-04936c1be88d" executionId="42d380c9-67ea-4d0c-8ca6-e298a7e19464" testListId="8c84fa94-04c1-424b-9868-57a2d4851a1d" /><TestEntry testId="a239d32e-310d-4de3-9561-00a11b4ebdab" executionId="4450b1a6-fbc2-4fd9-b82c-be8bad1d2376" testListId="8c84fa94-04c1-424b-9868-57a2d4851a1d" /><TestEntry testId="1b45c7cd-bc56-4a5b-a341-b9ea089d0248" executionId="86dfdbbb-53db-48e7-9700-c426bcaf199b" testListId="8c84fa94-04c1-424b-9868-57a2d4851a1d" /><TestEntry testId="c1d396de-aece-43e3-a596-ae6c836fb0c5" executionId="604eac58-fb82-4ed8-ae06-cd4d41274fea" testListId="8c84fa94-04c1-424b-9868-57a2d4851a1d" /><TestEntry testId="a78bfe8b-d249-4bee-b767-4e3c4de6ebab" executionId="62680ebc-1712-4acf-8481-cf2df7d45bcb" testListId="8c84fa94-04c1-424b-9868-57a2d4851a1d" /><TestEntry testId="e13e008e-a342-4aaa-ad58-192c1ffac977" executionId="f0434bbb-eade-4deb-ba29-a83028a68a3c" testListId="8c84fa94-04c1-424b-9868-57a2d4851a1d" /><TestEntry testId="334da5da-ff7f-4f60-8462-5b752a95acc2" executionId="66dcbdb2-77ad-4735-9c2d-e74f7db57dbf" testListId="8c84fa94-04c1-424b-9868-57a2d4851a1d" /><TestEntry testId="6830cd6d-f828-4d73-86ee-f48e33af9ecc" executionId="d6cdc78d-bb0d-4bac-b566-afa9515fa7a3" testListId="8c84fa94-04c1-424b-9868-57a2d4851a1d" /><TestEntry testId="d7e8e757-d366-4301-b861-e4448b91dca5" executionId="79e90440-c939-402c-b7bc-df750886efe8" testListId="8c84fa94-04c1-424b-9868-57a2d4851a1d" /><TestEntry testId="5024bc42-2eed-4316-815f-13c1c0b2ebb6" executionId="dc01e197-148e-4a48-95f9-9feb3f14b62d" testListId="8c84fa94-04c1-424b-9868-57a2d4851a1d" /><TestEntry testId="d21930bb-bd3e-462d-9929-4dc21cf915a1" executionId="c2d9ec41-21fa-4d3e-9f45-c164fcf606f0" testListId="8c84fa94-04c1-424b-9868-57a2d4851a1d" /><TestEntry testId="d66f33c4-d44d-452f-8da2-93084a6b9330" executionId="eb67a449-3c10-4324-8dd0-791324501553" testListId="8c84fa94-04c1-424b-9868-57a2d4851a1d" /><TestEntry testId="6a0741a8-6c1a-421b-9504-549e48f07a84" executionId="b85efef7-be44-45c2-8502-574e5322cb44" testListId="8c84fa94-04c1-424b-9868-57a2d4851a1d" /><TestEntry testId="5178bf16-3b2c-42b0-bbba-d945325d7fab" executionId="fb470e3a-4d8a-45f0-bcd2-089734981173" testListId="8c84fa94-04c1-424b-9868-57a2d4851a1d" /><TestEntry testId="d6e17200-39dd-44c2-8f1a-b463e9965c40" executionId="6da391e5-9070-4ab6-a102-22c32ea3dd8d" testListId="8c84fa94-04c1-424b-9868-57a2d4851a1d" /><TestEntry testId="5e565126-6da6-48fb-8617-14d043a3fc2e" executionId="af640f65-e1fc-42ce-8f91-8d04205f04b4" testListId="8c84fa94-04c1-424b-9868-57a2d4851a1d" /><TestEntry testId="09bfc313-15a4-4136-8db4-7163b31f856f" executionId="6ee8e838-2f53-4de6-a6c9-25c86e8c25be" testListId="8c84fa94-04c1-424b-9868-57a2d4851a1d" /><TestEntry testId="aa20124b-4d35-4643-a9b2-79343d23aa25" executionId="223be5d5-df23-4a19-a771-b1b583248e67" testListId="8c84fa94-04c1-424b-9868-57a2d4851a1d" /><TestEntry testId="0629c411-9bf4-4363-83f1-30726415c5f8" executionId="6cdb308f-631f-4184-8f72-4f4539636957" testListId="8c84fa94-04c1-424b-9868-57a2d4851a1d" /><TestEntry testId="2e5f9801-a997-4143-a30a-b6b9204aa5e9" executionId="b85b7ef0-790d-473c-b425-cdaf9f156e6e" testListId="8c84fa94-04c1-424b-9868-57a2d4851a1d" /><TestEntry testId="48accc41-3cb4-4d41-a33f-abc3fd1c6842" executionId="a42a5987-d5c7-47de-abb1-ca039e499183" testListId="8c84fa94-04c1-424b-9868-57a2d4851a1d" /><TestEntry testId="8c0a5c11-e35e-4698-9dcb-6b925f9da57b" executionId="70cc225a-72fa-4227-9f7e-01a910c5c077" testListId="8c84fa94-04c1-424b-9868-57a2d4851a1d" /><TestEntry testId="0f0c02fc-5fbd-4325-aca5-db1ee9635e27" executionId="2633e230-497d-41e3-8231-d6a70837c68c" testListId="8c84fa94-04c1-424b-9868-57a2d4851a1d" /><TestEntry testId="67d2b8d6-c419-4600-af6b-2e7f67894f9f" executionId="45db5862-8d4a-4874-8191-16472afc0eee" testListId="8c84fa94-04c1-424b-9868-57a2d4851a1d" /><TestEntry testId="02644551-a90c-4d97-8e0c-252d6b5f9b92" executionId="e6c222a3-5b81-4335-adfa-fc49b9c37488" testListId="8c84fa94-04c1-424b-9868-57a2d4851a1d" /><TestEntry testId="5372a514-deb8-40b6-b1e4-f8901acbfd06" executionId="97045cef-6bd9-4526-a718-7de918692b05" testListId="8c84fa94-04c1-424b-9868-57a2d4851a1d" /><TestEntry testId="eaac11b4-776c-41f9-a029-7453e0c90d08" executionId="af5aef89-8cfd-4750-a53f-a7de524a0c97" testListId="8c84fa94-04c1-424b-9868-57a2d4851a1d" /><TestEntry testId="b7a98677-3e9e-45a8-9efe-0f6ee6350da9" executionId="7d1262e7-0d40-4c44-ac0f-7c7172169094" testListId="8c84fa94-04c1-424b-9868-57a2d4851a1d" /><TestEntry testId="6cdee8f8-81d1-449f-9cea-a576387e5adb" executionId="8eb135b0-27cd-433e-a92a-f1233746889a" testListId="8c84fa94-04c1-424b-9868-57a2d4851a1d" /><TestEntry testId="263c4dcd-0484-49c9-bd55-11f9c4567ab9" executionId="bbfe4e07-e086-48f3-82fd-333c78ea652b" testListId="8c84fa94-04c1-424b-9868-57a2d4851a1d" /><TestEntry testId="86ff4334-b2a9-4536-b035-76dc940bed25" executionId="0289c5d0-fb25-4a8b-9c67-6d5d6139a38d" testListId="8c84fa94-04c1-424b-9868-57a2d4851a1d" /><TestEntry testId="f48f0452-ee25-493c-b7f8-1db72a75e349" executionId="1c5db59c-fd49-4cde-8732-48aa124c08d0" testListId="8c84fa94-04c1-424b-9868-57a2d4851a1d" /><TestEntry testId="9a66ce85-6d1b-41f7-89a4-c285c01c9853" executionId="f28f3fa1-0798-418d-b8c1-8e99db0f4920" testListId="8c84fa94-04c1-424b-9868-57a2d4851a1d" /><TestEntry testId="3bdbf56e-f36f-45dc-97b3-7d1b25f51a5f" executionId="030d4730-8f69-4af2-b4b1-9f40ebd68507" testListId="8c84fa94-04c1-424b-9868-57a2d4851a1d" /><TestEntry testId="9e2606d9-9bf9-4f8d-8c01-cf004ff5d19a" executionId="2277b449-2a67-47e1-b114-8b78eb29fcc5" testListId="8c84fa94-04c1-424b-9868-57a2d4851a1d" /><TestEntry testId="cc38b76f-c18c-48a2-969a-4cd966f1a028" executionId="1de93946-564b-429d-a7b4-c3d451f9112c" testListId="8c84fa94-04c1-424b-9868-57a2d4851a1d" /><TestEntry testId="2c805f09-0ef4-4dae-95dc-5155a1d6050e" executionId="22d3e5e8-228f-461c-bbf3-2c21260f36dc" testListId="8c84fa94-04c1-424b-9868-57a2d4851a1d" /><TestEntry testId="302692a4-313e-4425-a690-c72fc6fc3bcf" executionId="ee28bed6-11f6-4519-9ae3-2424641f225f" testListId="8c84fa94-04c1-424b-9868-57a2d4851a1d" /><TestEntry testId="8fbb0cb1-2839-49c9-bbd4-78766589c1b5" executionId="746bc8c1-7506-4976-83b1-bcbdb44dc5c8" testListId="8c84fa94-04c1-424b-9868-57a2d4851a1d" /><TestEntry testId="4ccf057c-9bf2-4316-8861-00202c18a7f2" executionId="000f89fd-599d-465d-bf40-28e429ed8761" testListId="8c84fa94-04c1-424b-9868-57a2d4851a1d" /><TestEntry testId="06dbd725-b358-4b62-8d60-e91d18a14fde" executionId="01d7892d-8bad-4e7a-b429-4c1ca9cdd795" testListId="8c84fa94-04c1-424b-9868-57a2d4851a1d" /><TestEntry testId="23dffc9d-bdaf-447a-b007-6775b2e8f279" executionId="98f0aca0-b790-4a4f-bcbb-73f755ae073b" testListId="8c84fa94-04c1-424b-9868-57a2d4851a1d" /><TestEntry testId="37c5b77c-4568-4323-ab3e-e5606e221d32" executionId="12e50795-e3c7-466c-9cd2-1c0eff129036" testListId="8c84fa94-04c1-424b-9868-57a2d4851a1d" /><TestEntry testId="9100a8b2-a779-4810-9879-842d286cb2e1" executionId="8c2aad0a-4740-47bd-b44a-02bdf5df191e" testListId="8c84fa94-04c1-424b-9868-57a2d4851a1d" /><TestEntry testId="66644994-146f-46d7-bdde-25ff69d56b72" executionId="027cc58a-5dd7-4977-9bce-bdc822cae0b2" testListId="8c84fa94-04c1-424b-9868-57a2d4851a1d" /><TestEntry testId="221711fc-22b4-46df-9435-85ef78b8b41b" executionId="d614569f-aeb3-45ba-93c4-3c3d2e7ebc8c" testListId="8c84fa94-04c1-424b-9868-57a2d4851a1d" /><TestEntry testId="58ac5d56-156a-45ae-beee-414e1d54750a" executionId="275f68de-4517-4670-87e6-5fe55f86077f" testListId="8c84fa94-04c1-424b-9868-57a2d4851a1d" /><TestEntry testId="e2bb897d-1700-478b-a382-1f4aaf4578f1" executionId="96528b20-e048-4bea-8112-6083bf121da1" testListId="8c84fa94-04c1-424b-9868-57a2d4851a1d" /><TestEntry testId="5fd265c9-8efd-4cba-afbe-f5187dfac3ed" executionId="1abcea71-16b1-4a75-930c-d86a480adead" testListId="8c84fa94-04c1-424b-9868-57a2d4851a1d" /><TestEntry testId="a85c0fff-2b72-4c12-91ea-fbb1c38c8943" executionId="249f789a-eec8-422b-8a29-f8dbb89fdadf" testListId="8c84fa94-04c1-424b-9868-57a2d4851a1d" /><TestEntry testId="57b4e054-2701-4d1a-bec3-e42788f7d87b" executionId="a6c10629-b355-4aca-b1fb-d8ddc016ea27" testListId="8c84fa94-04c1-424b-9868-57a2d4851a1d" /><TestEntry testId="7446bab6-d2ff-46c7-bcb0-6e04ffe0e85e" executionId="aa7b658e-bd02-40e4-a73d-a1effbcac09f" testListId="8c84fa94-04c1-424b-9868-57a2d4851a1d" /><TestEntry testId="22bd1342-2a9f-452b-9c66-198ede13acf3" executionId="0a591210-9056-4bc2-89ab-34436a7d3fb6" testListId="8c84fa94-04c1-424b-9868-57a2d4851a1d" /><TestEntry testId="08b0d2cc-635c-4112-bee9-df84a8daceba" executionId="f669fef5-dbd0-4bc4-80f1-1c024b124e31" testListId="8c84fa94-04c1-424b-9868-57a2d4851a1d" /><TestEntry testId="3e843aca-b806-4e4f-bf61-e3f9701fdb5f" executionId="4402f149-cf97-4bf4-b5e5-3b9c35f92031" testListId="8c84fa94-04c1-424b-9868-57a2d4851a1d" /><TestEntry testId="5f7a5b26-101c-42e5-8b01-d02033308803" executionId="2d78c41d-d25c-460d-89f3-e5f7291b0482" testListId="8c84fa94-04c1-424b-9868-57a2d4851a1d" /><TestEntry testId="172c3447-1fcf-47b2-8a43-ac0d29914122" executionId="2516c84d-30bc-4eb1-bf1d-c8d84da4b0bf" testListId="8c84fa94-04c1-424b-9868-57a2d4851a1d" /><TestEntry testId="ec00a3a4-f9d8-482a-9d31-f3c5be283683" executionId="93bafa0b-08a5-4fa9-a934-6c5b94cb2a56" testListId="8c84fa94-04c1-424b-9868-57a2d4851a1d" /><TestEntry testId="3edf02cf-7a9b-4ead-bf1f-486d82522898" executionId="28b2a672-113c-4aa1-a38b-c85be01203e7" testListId="8c84fa94-04c1-424b-9868-57a2d4851a1d" /><TestEntry testId="4777e281-25d9-4cf7-aeb1-e4196bef7c99" executionId="9b37f8b3-61d4-4382-b267-33923cf6df22" testListId="8c84fa94-04c1-424b-9868-57a2d4851a1d" /><TestEntry testId="eda94199-6804-4d4b-8d54-86e033b6924d" executionId="7cfd1151-048b-48da-9669-88f8316aa64d" testListId="8c84fa94-04c1-424b-9868-57a2d4851a1d" /><TestEntry testId="a834ce69-2cfa-4944-9684-58dab2dad2af" executionId="b5b3cadf-2475-4d1b-9ed8-008e15d83570" testListId="8c84fa94-04c1-424b-9868-57a2d4851a1d" /><TestEntry testId="caa6f0e3-e9fc-4e04-b24f-4656b3904030" executionId="2e0a85f4-3a66-4679-9a46-f3b63ec92d4e" testListId="8c84fa94-04c1-424b-9868-57a2d4851a1d" /><TestEntry testId="828cece6-1b77-43b6-a95e-895e8fdcf109" executionId="41a6049e-a3c7-45b0-9b61-9179942dc2da" testListId="8c84fa94-04c1-424b-9868-57a2d4851a1d" /><TestEntry testId="5a03a60a-d15d-4132-a1cb-8c8ae8a7db6c" executionId="27513852-3b6b-405a-9935-84151d05f62c" testListId="8c84fa94-04c1-424b-9868-57a2d4851a1d" /><TestEntry testId="6556c0de-5082-4cf7-abf9-7cbd99d70700" executionId="2bb604e1-9f89-4cf6-be9c-c9353ec95494" testListId="8c84fa94-04c1-424b-9868-57a2d4851a1d" /><TestEntry testId="720c5ead-1904-4e61-af3c-ca467b713094" executionId="e9de679e-ec55-4038-9d66-c7ebee62df28" testListId="8c84fa94-04c1-424b-9868-57a2d4851a1d" /><TestEntry testId="c007c98b-e10b-49fb-9271-95b3e0e7f255" executionId="4a3b241a-c793-4a52-b0e9-fd61794825a5" testListId="8c84fa94-04c1-424b-9868-57a2d4851a1d" /><TestEntry testId="6a3fc725-7d6e-4947-a3bf-6bd2735327c3" executionId="ff6cc120-3852-44cb-b4e7-a69c47228de0" testListId="8c84fa94-04c1-424b-9868-57a2d4851a1d" /><TestEntry testId="2ec27b97-19db-4b5a-a07e-383593bf9910" executionId="8df05026-80ee-4d9e-a460-4129caa4f955" testListId="8c84fa94-04c1-424b-9868-57a2d4851a1d" /><TestEntry testId="e401c193-1773-4489-9fb0-608159b2df2c" executionId="d211004b-33c6-47bf-bc1d-0d88650d684d" testListId="8c84fa94-04c1-424b-9868-57a2d4851a1d" /><TestEntry testId="6c0a14b3-953a-411e-a876-b5bbc4bd4217" executionId="c0525e50-e080-481c-b498-1852089f9490" testListId="8c84fa94-04c1-424b-9868-57a2d4851a1d" /></TestEntries><TestLists><TestList name="Results Not in a List" id="8c84fa94-04c1-424b-9868-57a2d4851a1d" /><TestList name="All Loaded Results" id="19431567-8539-422a-85d7-44ee4e166bda" /></TestLists><ResultSummary outcome="Completed"><Counters total="151" executed="151" passed="151" failed="0" error="0" timeout="0" aborted="0" inconclusive="0" passedButRunAborted="0" notRunnable="0" notExecuted="0" disconnected="0" warning="0" completed="0" inProgress="0" pending="0" /><Output><StdOut>[xUnit.net 00:00:01.0534312]   Discovering: ModelRelief.Test[xUnit.net 00:00:01.1598527]   Discovered:  ModelRelief.Test[xUnit.net 00:00:01.1650783]   Starting:    ModelRelief.Test[xUnit.net 00:00:20.3752793]   Finished:    ModelRelief.Test</StdOut></Output></ResultSummary></TestRun>