<?xml version="1.0" encoding="utf-8"?><TestRun id="5d5d6f7d-1ee6-4b69-8fb5-2d2062bbb12a" name="steve@LAMBDA 2018-07-19 11:54:52" runUser="LAMBDA\steve" xmlns="http://microsoft.com/schemas/VisualStudio/TeamTest/2010"><Times creation="2018-07-19T11:54:52.9485690-04:00" queuing="2018-07-19T11:54:52.9485822-04:00" start="2018-07-19T11:54:48.4565841-04:00" finish="2018-07-19T11:55:15.0738703-04:00" /><TestSettings name="default" id="75258f5f-b72e-4394-986d-09f47965d098"><Deployment runDeploymentRoot="steve_LAMBDA_2018-07-19_11_54_52" /></TestSettings><Results><UnitTestResult executionId="e44b5ef2-31e4-4e93-a623-50fcb1ee6b06" testId="82aa20f1-113f-4aca-b83f-d1a976a27dbe" testName="Patch_ValidReferencePropertyUpdatesModel" computerName="LAMBDA" duration="00:00:00.0610000" startTime="2018-07-19T11:55:14.8347728-04:00" endTime="2018-07-19T11:55:14.8347779-04:00" testType="13cdc9d9-ddb5-4fa4-a97d-d965ccfc6d4b" outcome="Passed" testListId="8c84fa94-04c1-424b-9868-57a2d4851a1d" relativeResultsDirectory="e44b5ef2-31e4-4e93-a623-50fcb1ee6b06" /><UnitTestResult executionId="375638d3-b22b-466b-8105-da1f64acd61e" testId="7e4fcb21-5041-4f5d-8d0a-105cfccf4abb" testName="FileRequest_MeshGenerateSetsFileIsSynchronized" computerName="LAMBDA" duration="00:00:03.7630000" startTime="2018-07-19T11:55:07.6085463-04:00" endTime="2018-07-19T11:55:07.6085510-04:00" testType="13cdc9d9-ddb5-4fa4-a97d-d965ccfc6d4b" outcome="Passed" testListId="8c84fa94-04c1-424b-9868-57a2d4851a1d" relativeResultsDirectory="375638d3-b22b-466b-8105-da1f64acd61e" /><UnitTestResult executionId="2cc6d218-c9b7-49e2-9c9d-0143bd8c944c" testId="7cf8f66f-34a3-41ed-9639-25c5495830a5" testName="PostFile_FileTimeStampIsUpdatedAfterFileIsPosted" computerName="LAMBDA" duration="00:00:01.2880000" startTime="2018-07-19T11:55:03.6928886-04:00" endTime="2018-07-19T11:55:03.6929023-04:00" testType="13cdc9d9-ddb5-4fa4-a97d-d965ccfc6d4b" outcome="Passed" testListId="8c84fa94-04c1-424b-9868-57a2d4851a1d" relativeResultsDirectory="2cc6d218-c9b7-49e2-9c9d-0143bd8c944c" /><UnitTestResult executionId="db700b7a-af87-4793-895b-3534cb0ba038" testId="bf9947b5-fb86-429c-9154-c13610c751e2" testName="Put_ValidReferencePropertyUpdatesModel" computerName="LAMBDA" duration="00:00:00.0420000" startTime="2018-07-19T11:54:59.4717513-04:00" endTime="2018-07-19T11:54:59.4717573-04:00" testType="13cdc9d9-ddb5-4fa4-a97d-d965ccfc6d4b" outcome="Passed" testListId="8c84fa94-04c1-424b-9868-57a2d4851a1d" relativeResultsDirectory="db700b7a-af87-4793-895b-3534cb0ba038" /><UnitTestResult executionId="8ee6cf55-07a9-4dd0-9753-59fa657dbf57" testId="07087b08-57f7-42d6-8c23-482755c9518d" testName="Patch_TargetPropertyIsUpdated" computerName="LAMBDA" duration="00:00:00.0550000" startTime="2018-07-19T11:55:14.9565430-04:00" endTime="2018-07-19T11:55:14.9565477-04:00" testType="13cdc9d9-ddb5-4fa4-a97d-d965ccfc6d4b" outcome="Passed" testListId="8c84fa94-04c1-424b-9868-57a2d4851a1d" relativeResultsDirectory="8ee6cf55-07a9-4dd0-9753-59fa657dbf57" /><UnitTestResult executionId="7b3e917c-fdc3-4c7e-adab-36c695aa9093" testId="7b9c315f-5ee4-4f50-ab8c-e1e754c6659b" testName="GetFile_NonExistentFileReturnsNotFound" computerName="LAMBDA" duration="00:00:00.0180000" startTime="2018-07-19T11:54:56.4789611-04:00" endTime="2018-07-19T11:54:56.4789795-04:00" testType="13cdc9d9-ddb5-4fa4-a97d-d965ccfc6d4b" outcome="Passed" testListId="8c84fa94-04c1-424b-9868-57a2d4851a1d" relativeResultsDirectory="7b3e917c-fdc3-4c7e-adab-36c695aa9093" /><UnitTestResult executionId="0649f0ea-dc53-4b96-87b4-18dd1e462644" testId="4564a9a9-4157-436d-9c7d-053c28d8996f" testName="Post_InvalidReferencePropertyReturnsBadRequest" computerName="LAMBDA" duration="00:00:00.0120000" startTime="2018-07-19T11:55:14.5711056-04:00" endTime="2018-07-19T11:55:14.5711146-04:00" testType="13cdc9d9-ddb5-4fa4-a97d-d965ccfc6d4b" outcome="Passed" testListId="8c84fa94-04c1-424b-9868-57a2d4851a1d" relativeResultsDirectory="0649f0ea-dc53-4b96-87b4-18dd1e462644" /><UnitTestResult executionId="ed6d6900-d39d-4f3a-b889-4e492eadd21d" testId="d22cbb2f-9542-4ab8-8c30-681734ec2899" testName="LucyModel3dHasTwoDependents" computerName="LAMBDA" duration="00:00:01.7000000" startTime="2018-07-19T11:54:53.1059821-04:00" endTime="2018-07-19T11:54:53.1059889-04:00" testType="13cdc9d9-ddb5-4fa4-a97d-d965ccfc6d4b" outcome="Passed" testListId="8c84fa94-04c1-424b-9868-57a2d4851a1d" relativeResultsDirectory="ed6d6900-d39d-4f3a-b889-4e492eadd21d" /><UnitTestResult executionId="e8f69247-5ce3-417d-8d17-ce04f8c34398" testId="9eba8647-1d83-4f74-88b5-3b0f0af2f3a6" testName="PostFile_NewFileCanBePosted" computerName="LAMBDA" duration="00:00:00.1510000" startTime="2018-07-19T11:55:03.8451895-04:00" endTime="2018-07-19T11:55:03.8452037-04:00" testType="13cdc9d9-ddb5-4fa4-a97d-d965ccfc6d4b" outcome="Passed" testListId="8c84fa94-04c1-424b-9868-57a2d4851a1d" relativeResultsDirectory="e8f69247-5ce3-417d-8d17-ce04f8c34398" /><UnitTestResult executionId="b95d5d1e-bdad-475c-93c2-3d82b9193648" testId="51a445ae-70d5-4cf2-8122-bc5170718c1e" testName="FileRequest_DepthBufferIsInvalidatedAfterCameraDependencyPropertyChange" computerName="LAMBDA" duration="00:00:00.4360000" startTime="2018-07-19T11:55:13.6912033-04:00" endTime="2018-07-19T11:55:13.6912088-04:00" testType="13cdc9d9-ddb5-4fa4-a97d-d965ccfc6d4b" outcome="Passed" testListId="8c84fa94-04c1-424b-9868-57a2d4851a1d" relativeResultsDirectory="b95d5d1e-bdad-475c-93c2-3d82b9193648" /><UnitTestResult executionId="1c390145-b70b-4499-b1b5-f4e6fff3eca4" testId="0e0ad77a-41bb-4051-9478-f4385119c73c" testName="GetSingle_ValidIdPropertyValueReturnsCorrectModel" computerName="LAMBDA" duration="00:00:00.0120000" startTime="2018-07-19T11:54:54.9959163-04:00" endTime="2018-07-19T11:54:54.9959252-04:00" testType="13cdc9d9-ddb5-4fa4-a97d-d965ccfc6d4b" outcome="Passed" testListId="8c84fa94-04c1-424b-9868-57a2d4851a1d" relativeResultsDirectory="1c390145-b70b-4499-b1b5-f4e6fff3eca4" /><UnitTestResult executionId="3039952f-4b9c-4ed4-b2f3-b8e36d5d27ea" testId="2f347a66-0d4a-46a6-8b19-d68807850728" testName="Post_CanCreateNewModel" computerName="LAMBDA" duration="00:00:00.0440000" startTime="2018-07-19T11:55:14.3562423-04:00" endTime="2018-07-19T11:55:14.3562568-04:00" testType="13cdc9d9-ddb5-4fa4-a97d-d965ccfc6d4b" outcome="Passed" testListId="8c84fa94-04c1-424b-9868-57a2d4851a1d" relativeResultsDirectory="3039952f-4b9c-4ed4-b2f3-b8e36d5d27ea" /><UnitTestResult executionId="b1cabdea-7291-413f-a9e5-4cd8d12c12d1" testId="4a9430a1-1482-4c50-a960-8bf755b09922" testName="Patch_InvalidEnumPropertyValueReturnsBadRequest" computerName="LAMBDA" duration="00:00:00.0010000" startTime="2018-07-19T11:54:56.9885221-04:00" endTime="2018-07-19T11:54:56.9885247-04:00" testType="13cdc9d9-ddb5-4fa4-a97d-d965ccfc6d4b" outcome="Passed" testListId="8c84fa94-04c1-424b-9868-57a2d4851a1d" relativeResultsDirectory="b1cabdea-7291-413f-a9e5-4cd8d12c12d1" /><UnitTestResult executionId="3f5e44da-d1ab-47bf-acf4-fdd99126b25d" testId="ca7d4cb6-5d39-4135-b974-dbcd373faeaf" testName="PutFile_NewFileCanBePut" computerName="LAMBDA" duration="00:00:00.1420000" startTime="2018-07-19T11:55:13.8389369-04:00" endTime="2018-07-19T11:55:13.8389441-04:00" testType="13cdc9d9-ddb5-4fa4-a97d-d965ccfc6d4b" outcome="Passed" testListId="8c84fa94-04c1-424b-9868-57a2d4851a1d" relativeResultsDirectory="3f5e44da-d1ab-47bf-acf4-fdd99126b25d" /><UnitTestResult executionId="5325a89b-8542-470b-92cb-c9a64f2ea7b4" testId="152e245c-8448-4e8f-a7b9-eb5ccf4dd08c" testName="Patch_TargetPropertyIsUpdated" computerName="LAMBDA" duration="00:00:00.0440000" startTime="2018-07-19T11:55:11.1267870-04:00" endTime="2018-07-19T11:55:11.1267930-04:00" testType="13cdc9d9-ddb5-4fa4-a97d-d965ccfc6d4b" outcome="Passed" testListId="8c84fa94-04c1-424b-9868-57a2d4851a1d" relativeResultsDirectory="5325a89b-8542-470b-92cb-c9a64f2ea7b4" /><UnitTestResult executionId="47d7bb0d-1fc4-41f3-ae18-c08deab89ea2" testId="48e3d8fe-f7bd-4e19-903e-5e71db1ffd5c" testName="Patch_MultipleInvalidReferencePropertiesReturnsMultipleValidationErrorsAndBadRequest" computerName="LAMBDA" duration="00:00:00.0200000" startTime="2018-07-19T11:54:59.5959086-04:00" endTime="2018-07-19T11:54:59.5959125-04:00" testType="13cdc9d9-ddb5-4fa4-a97d-d965ccfc6d4b" outcome="Passed" testListId="8c84fa94-04c1-424b-9868-57a2d4851a1d" relativeResultsDirectory="47d7bb0d-1fc4-41f3-ae18-c08deab89ea2" /><UnitTestResult executionId="7b98fa7f-99c2-408e-93d1-5ca50d5b1939" testId="6cffc2da-2790-43e5-bd22-a30e8ec9fb0e" testName="Patch_InvalidPropertyNameReturnsBadRequest" computerName="LAMBDA" duration="00:00:00.0080000" startTime="2018-07-19T11:55:10.9010292-04:00" endTime="2018-07-19T11:55:10.9010348-04:00" testType="13cdc9d9-ddb5-4fa4-a97d-d965ccfc6d4b" outcome="Passed" testListId="8c84fa94-04c1-424b-9868-57a2d4851a1d" relativeResultsDirectory="7b98fa7f-99c2-408e-93d1-5ca50d5b1939" /><UnitTestResult executionId="b7da4eba-7e5e-4410-a8bf-10b611e8a20d" testId="9c735e41-f0b0-4975-bd74-42e29b5c1e2e" testName="Delete_TargetModelIsDeleted" computerName="LAMBDA" duration="00:00:00.0220000" startTime="2018-07-19T11:55:11.0613286-04:00" endTime="2018-07-19T11:55:11.0613337-04:00" testType="13cdc9d9-ddb5-4fa4-a97d-d965ccfc6d4b" outcome="Passed" testListId="8c84fa94-04c1-424b-9868-57a2d4851a1d" relativeResultsDirectory="b7da4eba-7e5e-4410-a8bf-10b611e8a20d" /><UnitTestResult executionId="61ed1c2c-8816-4586-848a-21ad857348ff" testId="edeae064-baca-4823-a4b6-fe4c56ddb999" testName="Patch_InvalidEnumPropertyValueReturnsBadRequest" computerName="LAMBDA" duration="00:00:00.0020000" startTime="2018-07-19T11:54:54.1352195-04:00" endTime="2018-07-19T11:54:54.1352234-04:00" testType="13cdc9d9-ddb5-4fa4-a97d-d965ccfc6d4b" outcome="Passed" testListId="8c84fa94-04c1-424b-9868-57a2d4851a1d" relativeResultsDirectory="61ed1c2c-8816-4586-848a-21ad857348ff" /><UnitTestResult executionId="c8c5f7c0-6951-43a0-a2c4-5adf472d11a1" testId="eb368a0f-ea9f-4030-8bc8-754695f7200c" testName="LucyDepthBufferFindsOneDependent" computerName="LAMBDA" duration="00:00:00.0050000" startTime="2018-07-19T11:54:53.1257038-04:00" endTime="2018-07-19T11:54:53.1257102-04:00" testType="13cdc9d9-ddb5-4fa4-a97d-d965ccfc6d4b" outcome="Passed" testListId="8c84fa94-04c1-424b-9868-57a2d4851a1d" relativeResultsDirectory="c8c5f7c0-6951-43a0-a2c4-5adf472d11a1" /><UnitTestResult executionId="9ee435bd-c103-4f97-89c8-a6830b5e336e" testId="fa8f5924-9b54-4f16-b451-7bed4cfbf330" testName="Delete_TargetModelIsDeleted" computerName="LAMBDA" duration="00:00:00.0490000" startTime="2018-07-19T11:55:14.4438951-04:00" endTime="2018-07-19T11:55:14.4439118-04:00" testType="13cdc9d9-ddb5-4fa4-a97d-d965ccfc6d4b" outcome="Passed" testListId="8c84fa94-04c1-424b-9868-57a2d4851a1d" relativeResultsDirectory="9ee435bd-c103-4f97-89c8-a6830b5e336e" /><UnitTestResult executionId="971ff956-8048-48c2-b6c8-c344ac6fecb4" testId="02bd7d5f-0e50-4f51-b4c8-9340c3ca660c" testName="Put_ValidReferencePropertyUpdatesModel" computerName="LAMBDA" duration="00:00:00.1500000" startTime="2018-07-19T11:55:11.2776676-04:00" endTime="2018-07-19T11:55:11.2776732-04:00" testType="13cdc9d9-ddb5-4fa4-a97d-d965ccfc6d4b" outcome="Passed" testListId="8c84fa94-04c1-424b-9868-57a2d4851a1d" relativeResultsDirectory="971ff956-8048-48c2-b6c8-c344ac6fecb4" /><UnitTestResult executionId="93ec6152-1cb8-4585-beda-de6656f68b6e" testId="36b2467f-779d-463d-9ed3-16c65e630a54" testName="Put_CanUpdateModel" computerName="LAMBDA" duration="00:00:00.0380000" startTime="2018-07-19T11:54:54.1823393-04:00" endTime="2018-07-19T11:54:54.1823449-04:00" testType="13cdc9d9-ddb5-4fa4-a97d-d965ccfc6d4b" outcome="Passed" testListId="8c84fa94-04c1-424b-9868-57a2d4851a1d" relativeResultsDirectory="93ec6152-1cb8-4585-beda-de6656f68b6e" /><UnitTestResult executionId="10fe9087-9a67-48f4-b074-4e72a6f6f602" testId="b86695c4-737b-42a1-89af-1e05a62053db" testName="Patch_InvalidPropertyNameReturnsBadRequest" computerName="LAMBDA" duration="00:00:00.0150000" startTime="2018-07-19T11:54:56.6978452-04:00" endTime="2018-07-19T11:54:56.6978499-04:00" testType="13cdc9d9-ddb5-4fa4-a97d-d965ccfc6d4b" outcome="Passed" testListId="8c84fa94-04c1-424b-9868-57a2d4851a1d" relativeResultsDirectory="10fe9087-9a67-48f4-b074-4e72a6f6f602" /><UnitTestResult executionId="4377ba45-692a-4631-bf66-45d9957bb7bf" testId="5e559171-afc8-41f8-bd04-e85bfd1b5674" testName="Put_InvalidIdReturnsNotFound" computerName="LAMBDA" duration="00:00:00.1990000" startTime="2018-07-19T11:54:56.6825951-04:00" endTime="2018-07-19T11:54:56.6826006-04:00" testType="13cdc9d9-ddb5-4fa4-a97d-d965ccfc6d4b" outcome="Passed" testListId="8c84fa94-04c1-424b-9868-57a2d4851a1d" relativeResultsDirectory="4377ba45-692a-4631-bf66-45d9957bb7bf" /><UnitTestResult executionId="2947b6c2-caaa-41d0-a9f2-2bba7f28414e" testId="120e063c-06b3-410b-ab8b-a97c12180e8e" testName="Put_ValidReferencePropertyUpdatesModel" computerName="LAMBDA" duration="00:00:00.0660000" startTime="2018-07-19T11:54:55.1502750-04:00" endTime="2018-07-19T11:54:55.1502827-04:00" testType="13cdc9d9-ddb5-4fa4-a97d-d965ccfc6d4b" outcome="Passed" testListId="8c84fa94-04c1-424b-9868-57a2d4851a1d" relativeResultsDirectory="2947b6c2-caaa-41d0-a9f2-2bba7f28414e" /><UnitTestResult executionId="3737fc39-8d20-4608-b792-2b9675855173" testId="16125954-0001-4dcf-9b17-3925deab0283" testName="Post_ValidReferencePropertyCreatesModel" computerName="LAMBDA" duration="00:00:00.0020000" startTime="2018-07-19T11:54:53.6414944-04:00" endTime="2018-07-19T11:54:53.6415000-04:00" testType="13cdc9d9-ddb5-4fa4-a97d-d965ccfc6d4b" outcome="Passed" testListId="8c84fa94-04c1-424b-9868-57a2d4851a1d" relativeResultsDirectory="3737fc39-8d20-4608-b792-2b9675855173" /><UnitTestResult executionId="a789166e-2df6-460d-96bd-e7cb0bd56575" testId="03576891-73e7-4103-871f-941d5c681d87" testName="Put_InvalidIdReturnsNotFound" computerName="LAMBDA" duration="00:00:00.0120000" startTime="2018-07-19T11:55:11.3289280-04:00" endTime="2018-07-19T11:55:11.3289331-04:00" testType="13cdc9d9-ddb5-4fa4-a97d-d965ccfc6d4b" outcome="Passed" testListId="8c84fa94-04c1-424b-9868-57a2d4851a1d" relativeResultsDirectory="a789166e-2df6-460d-96bd-e7cb0bd56575" /><UnitTestResult executionId="e0bc5935-e412-4bad-9ae2-46997d6e70cb" testId="3fe32445-6518-4fac-b957-02af3fda4cba" testName="Put_ValidReferencePropertyUpdatesModel" computerName="LAMBDA" duration="00:00:00.0050000" startTime="2018-07-19T11:54:54.0310772-04:00" endTime="2018-07-19T11:54:54.0310862-04:00" testType="13cdc9d9-ddb5-4fa4-a97d-d965ccfc6d4b" outcome="Passed" testListId="8c84fa94-04c1-424b-9868-57a2d4851a1d" relativeResultsDirectory="e0bc5935-e412-4bad-9ae2-46997d6e70cb" /><UnitTestResult executionId="f27bee94-4783-4da2-b6b8-aaa277c0a58d" testId="6a9628c7-4f08-4f58-a82f-e988215a0321" testName="Patch_ValidReferencePropertyUpdatesModel" computerName="LAMBDA" duration="00:00:00.0870000" startTime="2018-07-19T11:54:55.0837718-04:00" endTime="2018-07-19T11:54:55.0837812-04:00" testType="13cdc9d9-ddb5-4fa4-a97d-d965ccfc6d4b" outcome="Passed" testListId="8c84fa94-04c1-424b-9868-57a2d4851a1d" relativeResultsDirectory="f27bee94-4783-4da2-b6b8-aaa277c0a58d" /><UnitTestResult executionId="f046469b-9f46-431c-8189-496f80644497" testId="5e97a947-b2c1-4821-8b6b-f4eaf7919523" testName="Patch_InvalidIdPropertyReturnsNotFound" computerName="LAMBDA" duration="00:00:00.0100000" startTime="2018-07-19T11:54:55.1609053-04:00" endTime="2018-07-19T11:54:55.1609147-04:00" testType="13cdc9d9-ddb5-4fa4-a97d-d965ccfc6d4b" outcome="Passed" testListId="8c84fa94-04c1-424b-9868-57a2d4851a1d" relativeResultsDirectory="f046469b-9f46-431c-8189-496f80644497" /><UnitTestResult executionId="5579ea44-fe70-4242-b21b-36b5de79dec1" testId="63647510-d054-41d1-894e-5579cc217b8b" testName="Patch_TargetPropertyIsUpdated" computerName="LAMBDA" duration="00:00:00.3360000" startTime="2018-07-19T11:54:54.6901332-04:00" endTime="2018-07-19T11:54:54.6901435-04:00" testType="13cdc9d9-ddb5-4fa4-a97d-d965ccfc6d4b" outcome="Passed" testListId="8c84fa94-04c1-424b-9868-57a2d4851a1d" relativeResultsDirectory="5579ea44-fe70-4242-b21b-36b5de79dec1" /><UnitTestResult executionId="b129792a-2f5b-40ac-a79f-e7bf85524674" testId="785fedfa-2f33-4a2d-a42c-e74eeb283713" testName="Put_InvalidReferencePropertyReturndBadRequest" computerName="LAMBDA" duration="00:00:00.1370000" startTime="2018-07-19T11:55:11.0385226-04:00" endTime="2018-07-19T11:55:11.0385282-04:00" testType="13cdc9d9-ddb5-4fa4-a97d-d965ccfc6d4b" outcome="Passed" testListId="8c84fa94-04c1-424b-9868-57a2d4851a1d" relativeResultsDirectory="b129792a-2f5b-40ac-a79f-e7bf85524674" /><UnitTestResult executionId="efcd761d-9870-478b-a338-9e0fb2fa4771" testId="139b4e62-3402-4911-a737-846ac9ff00dd" testName="Model3dHasExpectedDependentFiles" computerName="LAMBDA" duration="00:00:00.0310000" startTime="2018-07-19T11:54:51.4087338-04:00" endTime="2018-07-19T11:54:51.4087398-04:00" testType="13cdc9d9-ddb5-4fa4-a97d-d965ccfc6d4b" outcome="Passed" testListId="8c84fa94-04c1-424b-9868-57a2d4851a1d" relativeResultsDirectory="efcd761d-9870-478b-a338-9e0fb2fa4771" /><UnitTestResult executionId="518e2123-fbe0-4550-a9da-bd7d0077c493" testId="bf7fd18a-bc24-444d-acf2-c2034a7ee3af" testName="GetList_ListReturnsCorrectCount" computerName="LAMBDA" duration="00:00:00.0360000" startTime="2018-07-19T11:54:56.8811997-04:00" endTime="2018-07-19T11:54:56.8812049-04:00" testType="13cdc9d9-ddb5-4fa4-a97d-d965ccfc6d4b" outcome="Passed" testListId="8c84fa94-04c1-424b-9868-57a2d4851a1d" relativeResultsDirectory="518e2123-fbe0-4550-a9da-bd7d0077c493" /><UnitTestResult executionId="c31825ad-d32d-4f51-a9a0-02b689e8189f" testId="9a6eb282-f74f-4bcb-94e9-51e1aec32fb5" testName="Delete_TargetModelIsDeleted" computerName="LAMBDA" duration="00:00:00.3010000" startTime="2018-07-19T11:54:53.9448882-04:00" endTime="2018-07-19T11:54:53.9448924-04:00" testType="13cdc9d9-ddb5-4fa4-a97d-d965ccfc6d4b" outcome="Passed" testListId="8c84fa94-04c1-424b-9868-57a2d4851a1d" relativeResultsDirectory="c31825ad-d32d-4f51-a9a0-02b689e8189f" /><UnitTestResult executionId="e909f54e-d770-4765-8283-4a2bcbb88493" testId="27a86df5-2491-42b6-b987-845d5e15fb00" testName="GetFile_FileCanBeRoundTripped" computerName="LAMBDA" duration="00:00:00.1250000" startTime="2018-07-19T11:55:02.1267344-04:00" endTime="2018-07-19T11:55:02.1267447-04:00" testType="13cdc9d9-ddb5-4fa4-a97d-d965ccfc6d4b" outcome="Passed" testListId="8c84fa94-04c1-424b-9868-57a2d4851a1d" relativeResultsDirectory="e909f54e-d770-4765-8283-4a2bcbb88493" /><UnitTestResult executionId="0ccfcaeb-5c6b-46d3-9710-96b0a5bce8f0" testId="4a77a40d-6b54-47ec-bfab-98087dc5df29" testName="GetSingle_ValidIdPropertyValueReturnsCorrectModel" computerName="LAMBDA" duration="00:00:00.0070000" startTime="2018-07-19T11:55:11.3160599-04:00" endTime="2018-07-19T11:55:11.3160654-04:00" testType="13cdc9d9-ddb5-4fa4-a97d-d965ccfc6d4b" outcome="Passed" testListId="8c84fa94-04c1-424b-9868-57a2d4851a1d" relativeResultsDirectory="0ccfcaeb-5c6b-46d3-9710-96b0a5bce8f0" /><UnitTestResult executionId="c04e517b-d9be-47e4-b498-5eb472bd65ad" testId="5ccce6b2-4d0b-4444-a42c-b9a6d4e16eec" testName="Patch_InvalidReferencePropertyReturnsBadRequest" computerName="LAMBDA" duration="00:00:00.0110000" startTime="2018-07-19T11:54:56.8447213-04:00" endTime="2018-07-19T11:54:56.8447268-04:00" testType="13cdc9d9-ddb5-4fa4-a97d-d965ccfc6d4b" outcome="Passed" testListId="8c84fa94-04c1-424b-9868-57a2d4851a1d" relativeResultsDirectory="c04e517b-d9be-47e4-b498-5eb472bd65ad" /><UnitTestResult executionId="ea848c5f-9759-4759-a3c1-9c52abcb0506" testId="e98db5ac-064b-497a-93f1-ce15102890db" testName="Patch_InvalidPropertyNameReturnsBadRequest" computerName="LAMBDA" duration="00:00:00.0100000" startTime="2018-07-19T11:54:54.9772924-04:00" endTime="2018-07-19T11:54:54.9773044-04:00" testType="13cdc9d9-ddb5-4fa4-a97d-d965ccfc6d4b" outcome="Passed" testListId="8c84fa94-04c1-424b-9868-57a2d4851a1d" relativeResultsDirectory="ea848c5f-9759-4759-a3c1-9c52abcb0506" /><UnitTestResult executionId="d53637a4-e15d-40d9-aaf1-1490adee6acf" testId="1eaff083-38d6-4eeb-bcfb-35a2cbbcdaf5" testName="Patch_ValidReferencePropertyUpdatesModel" computerName="LAMBDA" duration="00:00:00.6240000" startTime="2018-07-19T11:54:58.9243800-04:00" endTime="2018-07-19T11:54:58.9243851-04:00" testType="13cdc9d9-ddb5-4fa4-a97d-d965ccfc6d4b" outcome="Passed" testListId="8c84fa94-04c1-424b-9868-57a2d4851a1d" relativeResultsDirectory="d53637a4-e15d-40d9-aaf1-1490adee6acf" /><UnitTestResult executionId="8fe39589-c05a-4559-92e8-ad8098a3e193" testId="b08a6104-40e9-466d-b932-0fd3118ce14b" testName="CameraHasExpectedDependentFiles" computerName="LAMBDA" duration="00:00:00.0010000" startTime="2018-07-19T11:54:53.1195759-04:00" endTime="2018-07-19T11:54:53.1195798-04:00" testType="13cdc9d9-ddb5-4fa4-a97d-d965ccfc6d4b" outcome="Passed" testListId="8c84fa94-04c1-424b-9868-57a2d4851a1d" relativeResultsDirectory="8fe39589-c05a-4559-92e8-ad8098a3e193" /><UnitTestResult executionId="7ff44de6-3a11-4be1-a653-176120f8d185" testId="a27ba428-b10a-423d-8293-6f14d6d32d30" testName="GetList_ListReturnsCorrectCount" computerName="LAMBDA" duration="00:00:00.1050000" startTime="2018-07-19T11:55:10.8928730-04:00" endTime="2018-07-19T11:55:10.8928785-04:00" testType="13cdc9d9-ddb5-4fa4-a97d-d965ccfc6d4b" outcome="Passed" testListId="8c84fa94-04c1-424b-9868-57a2d4851a1d" relativeResultsDirectory="7ff44de6-3a11-4be1-a653-176120f8d185" /><UnitTestResult executionId="a45cbf2b-9293-4141-af02-c6002bbc02b1" testId="0ba23b89-66d3-41dd-a58c-6c4da5c8a87b" testName="FileRequest_FileCanBeReadAfterRename" computerName="LAMBDA" duration="00:00:00.2050000" startTime="2018-07-19T11:55:13.2550380-04:00" endTime="2018-07-19T11:55:13.2550470-04:00" testType="13cdc9d9-ddb5-4fa4-a97d-d965ccfc6d4b" outcome="Passed" testListId="8c84fa94-04c1-424b-9868-57a2d4851a1d" relativeResultsDirectory="a45cbf2b-9293-4141-af02-c6002bbc02b1" /><UnitTestResult executionId="f3b0f7d8-dbde-42c8-a8d5-a571363d17dc" testId="ec1dd914-9b6b-46c5-99bc-c384453ab8c6" testName="Put_CanUpdateModel" computerName="LAMBDA" duration="00:00:00.1350000" startTime="2018-07-19T11:54:54.8260777-04:00" endTime="2018-07-19T11:54:54.8260854-04:00" testType="13cdc9d9-ddb5-4fa4-a97d-d965ccfc6d4b" outcome="Passed" testListId="8c84fa94-04c1-424b-9868-57a2d4851a1d" relativeResultsDirectory="f3b0f7d8-dbde-42c8-a8d5-a571363d17dc" /><UnitTestResult executionId="63c64524-39b2-47d4-a02a-ad53a83dd589" testId="7482c830-0480-4026-a8bd-13574058d671" testName="Patch_InvalidPropertyNameReturnsBadRequest" computerName="LAMBDA" duration="00:00:00.0060000" startTime="2018-07-19T11:55:14.7667317-04:00" endTime="2018-07-19T11:55:14.7667377-04:00" testType="13cdc9d9-ddb5-4fa4-a97d-d965ccfc6d4b" outcome="Passed" testListId="8c84fa94-04c1-424b-9868-57a2d4851a1d" relativeResultsDirectory="63c64524-39b2-47d4-a02a-ad53a83dd589" /><UnitTestResult executionId="904e3d4f-523b-42f2-b10c-dd2e6d5e7298" testId="2b9275c4-7c34-4689-8477-b498c80069e2" testName="Patch_TargetPropertyIsUpdated" computerName="LAMBDA" duration="00:00:00.0420000" startTime="2018-07-19T11:54:59.5201609-04:00" endTime="2018-07-19T11:54:59.5201651-04:00" testType="13cdc9d9-ddb5-4fa4-a97d-d965ccfc6d4b" outcome="Passed" testListId="8c84fa94-04c1-424b-9868-57a2d4851a1d" relativeResultsDirectory="904e3d4f-523b-42f2-b10c-dd2e6d5e7298" /><UnitTestResult executionId="3cde19b2-4f01-40d6-8cbc-beb52237815d" testId="2534813c-cbcc-494e-9b55-c2f29373a4ba" testName="Patch_InvalidReferencePropertyReturnsBadRequest" computerName="LAMBDA" duration="00:00:00.0120000" startTime="2018-07-19T11:55:11.2904566-04:00" endTime="2018-07-19T11:55:11.2904622-04:00" testType="13cdc9d9-ddb5-4fa4-a97d-d965ccfc6d4b" outcome="Passed" testListId="8c84fa94-04c1-424b-9868-57a2d4851a1d" relativeResultsDirectory="3cde19b2-4f01-40d6-8cbc-beb52237815d" /><UnitTestResult executionId="7f2edd59-60b9-4a1b-95d2-6c6ff6890661" testId="cc243ae4-2eee-4a0b-acde-d755457734e8" testName="Put_InvalidReferencePropertyReturndBadRequest" computerName="LAMBDA" duration="00:00:00.0210000" startTime="2018-07-19T11:55:14.6911285-04:00" endTime="2018-07-19T11:55:14.6911392-04:00" testType="13cdc9d9-ddb5-4fa4-a97d-d965ccfc6d4b" outcome="Passed" testListId="8c84fa94-04c1-424b-9868-57a2d4851a1d" relativeResultsDirectory="7f2edd59-60b9-4a1b-95d2-6c6ff6890661" /><UnitTestResult executionId="6e4bfa01-9c79-4d0b-a34d-db9bd500b657" testId="cfa46a4e-5eec-4f5e-b79c-d08a68bcbbe1" testName="Post_InvalidPropertyValueReturnsBadRequest" computerName="LAMBDA" duration="00:00:00.0040000" startTime="2018-07-19T11:54:59.6756003-04:00" endTime="2018-07-19T11:54:59.6756059-04:00" testType="13cdc9d9-ddb5-4fa4-a97d-d965ccfc6d4b" outcome="Passed" testListId="8c84fa94-04c1-424b-9868-57a2d4851a1d" relativeResultsDirectory="6e4bfa01-9c79-4d0b-a34d-db9bd500b657" /><UnitTestResult executionId="f96dff41-dae3-4c87-af3f-de59dc376c1b" testId="9b64e5ab-66c1-4128-98c6-3524b256da0f" testName="GetSingle_ValidIdPropertyValueReturnsCorrectModel" computerName="LAMBDA" duration="00:00:00.0080000" startTime="2018-07-19T11:54:59.6483224-04:00" endTime="2018-07-19T11:54:59.6483279-04:00" testType="13cdc9d9-ddb5-4fa4-a97d-d965ccfc6d4b" outcome="Passed" testListId="8c84fa94-04c1-424b-9868-57a2d4851a1d" relativeResultsDirectory="f96dff41-dae3-4c87-af3f-de59dc376c1b" /><UnitTestResult executionId="900fb496-0d61-4be1-b8da-c92913f53916" testId="ffbab250-dde1-424e-8e34-73035015a5fe" testName="Patch_ValidReferencePropertyUpdatesModel" computerName="LAMBDA" duration="00:00:00.0420000" startTime="2018-07-19T11:54:57.0314155-04:00" endTime="2018-07-19T11:54:57.0314197-04:00" testType="13cdc9d9-ddb5-4fa4-a97d-d965ccfc6d4b" outcome="Passed" testListId="8c84fa94-04c1-424b-9868-57a2d4851a1d" relativeResultsDirectory="900fb496-0d61-4be1-b8da-c92913f53916" /><UnitTestResult executionId="5eb5c396-8984-47f6-998b-f27472de4f4a" testId="4b632fde-531e-4325-97dd-3ed8b72e3a95" testName="Patch_MultipleInvalidReferencePropertiesReturnsMultipleValidationErrorsAndBadRequest" computerName="LAMBDA" duration="00:00:00.0430000" startTime="2018-07-19T11:54:55.2327024-04:00" endTime="2018-07-19T11:54:55.2327122-04:00" testType="13cdc9d9-ddb5-4fa4-a97d-d965ccfc6d4b" outcome="Passed" testListId="8c84fa94-04c1-424b-9868-57a2d4851a1d" relativeResultsDirectory="5eb5c396-8984-47f6-998b-f27472de4f4a" /><UnitTestResult executionId="355fede0-08cd-488b-86e5-7eaf908af869" testId="1f6b2f60-7514-4c7b-8476-10b2b6115b32" testName="GetFile_NonExistentFileReturnsNotFound" computerName="LAMBDA" duration="00:00:00.0130000" startTime="2018-07-19T11:54:59.6890171-04:00" endTime="2018-07-19T11:54:59.6890218-04:00" testType="13cdc9d9-ddb5-4fa4-a97d-d965ccfc6d4b" outcome="Passed" testListId="8c84fa94-04c1-424b-9868-57a2d4851a1d" relativeResultsDirectory="355fede0-08cd-488b-86e5-7eaf908af869" /><UnitTestResult executionId="58172243-18f1-4b2a-970e-9c20a896fbce" testId="c918d35f-5f22-4b46-bd4f-81b3cba782bb" testName="MeshTransformHasExpectedDependentFiles" computerName="LAMBDA" duration="00:00:00.0010000" startTime="2018-07-19T11:54:53.1199048-04:00" endTime="2018-07-19T11:54:53.1199078-04:00" testType="13cdc9d9-ddb5-4fa4-a97d-d965ccfc6d4b" outcome="Passed" testListId="8c84fa94-04c1-424b-9868-57a2d4851a1d" relativeResultsDirectory="58172243-18f1-4b2a-970e-9c20a896fbce" /><UnitTestResult executionId="93f17de3-4424-4b17-baab-daf22896b871" testId="237209d0-0ae9-497a-be9f-cf51226923ff" testName="Put_InvalidReferencePropertyReturndBadRequest" computerName="LAMBDA" duration="00:00:00.0230000" startTime="2018-07-19T11:54:59.6715196-04:00" endTime="2018-07-19T11:54:59.6715243-04:00" testType="13cdc9d9-ddb5-4fa4-a97d-d965ccfc6d4b" outcome="Passed" testListId="8c84fa94-04c1-424b-9868-57a2d4851a1d" relativeResultsDirectory="93f17de3-4424-4b17-baab-daf22896b871" /><UnitTestResult executionId="8e2a7489-9921-4fbb-8fa6-90c8e0443492" testId="b8edc7f2-f210-49cd-b55f-b89ba21c1926" testName="Post_CanCreateNewModel" computerName="LAMBDA" duration="00:00:00.0180000" startTime="2018-07-19T11:54:55.3319203-04:00" endTime="2018-07-19T11:54:55.3319272-04:00" testType="13cdc9d9-ddb5-4fa4-a97d-d965ccfc6d4b" outcome="Passed" testListId="8c84fa94-04c1-424b-9868-57a2d4851a1d" relativeResultsDirectory="8e2a7489-9921-4fbb-8fa6-90c8e0443492" /><UnitTestResult executionId="fa7b31fd-8328-4162-af49-61aa1ba0c277" testId="2d4b7587-c694-42e5-a19e-f82bcf288589" testName="Patch_InvalidEnumPropertyValueReturnsBadRequest" computerName="LAMBDA" duration="00:00:00.0010000" startTime="2018-07-19T11:55:14.5495860-04:00" endTime="2018-07-19T11:55:14.5495912-04:00" testType="13cdc9d9-ddb5-4fa4-a97d-d965ccfc6d4b" outcome="Passed" testListId="8c84fa94-04c1-424b-9868-57a2d4851a1d" relativeResultsDirectory="fa7b31fd-8328-4162-af49-61aa1ba0c277" /><UnitTestResult executionId="bb59e47e-95e4-4913-aad6-639b0f233db7" testId="cba1466d-6711-4a1c-92b4-5a62e0101dc6" testName="GetFile_FileCanBeRoundTripped" computerName="LAMBDA" duration="00:00:00.1350000" startTime="2018-07-19T11:54:56.4596944-04:00" endTime="2018-07-19T11:54:56.4597081-04:00" testType="13cdc9d9-ddb5-4fa4-a97d-d965ccfc6d4b" outcome="Passed" testListId="8c84fa94-04c1-424b-9868-57a2d4851a1d" relativeResultsDirectory="bb59e47e-95e4-4913-aad6-639b0f233db7" /><UnitTestResult executionId="d8d3146e-aabe-4f35-875a-9e5c2a1e499b" testId="acea3f8b-66aa-4944-bd64-7e82423ef1eb" testName="Post_ValidReferencePropertyCreatesModel" computerName="LAMBDA" duration="00:00:00.0380000" startTime="2018-07-19T11:55:14.7299094-04:00" endTime="2018-07-19T11:55:14.7299158-04:00" testType="13cdc9d9-ddb5-4fa4-a97d-d965ccfc6d4b" outcome="Passed" testListId="8c84fa94-04c1-424b-9868-57a2d4851a1d" relativeResultsDirectory="d8d3146e-aabe-4f35-875a-9e5c2a1e499b" /><UnitTestResult executionId="68e0593b-4e6c-4225-a21b-22bcf344092a" testId="30d6e58f-3218-4b20-bcb8-2e1c199219ac" testName="GetList_ListReturnsCorrectCount" computerName="LAMBDA" duration="00:00:00.5270000" startTime="2018-07-19T11:54:57.6674945-04:00" endTime="2018-07-19T11:54:57.6674988-04:00" testType="13cdc9d9-ddb5-4fa4-a97d-d965ccfc6d4b" outcome="Passed" testListId="8c84fa94-04c1-424b-9868-57a2d4851a1d" relativeResultsDirectory="68e0593b-4e6c-4225-a21b-22bcf344092a" /><UnitTestResult executionId="3e4ed877-2c3a-48e6-a3c4-2fd65affe81b" testId="5810642d-36d7-4ca5-8607-ee57aa92b513" testName="Post_CanCreateNewModel" computerName="LAMBDA" duration="00:00:00.0180000" startTime="2018-07-19T11:54:56.8329770-04:00" endTime="2018-07-19T11:54:56.8329817-04:00" testType="13cdc9d9-ddb5-4fa4-a97d-d965ccfc6d4b" outcome="Passed" testListId="8c84fa94-04c1-424b-9868-57a2d4851a1d" relativeResultsDirectory="3e4ed877-2c3a-48e6-a3c4-2fd65affe81b" /><UnitTestResult executionId="0af12c1e-b717-4dbb-a9b0-b634a3417b29" testId="8594bf52-30bb-4166-aaa7-9f00852af660" testName="GetSingle_InvalidIdPropertyValueReturnsNotFound" computerName="LAMBDA" duration="00:00:00.0270000" startTime="2018-07-19T11:54:54.8538188-04:00" endTime="2018-07-19T11:54:54.8538269-04:00" testType="13cdc9d9-ddb5-4fa4-a97d-d965ccfc6d4b" outcome="Passed" testListId="8c84fa94-04c1-424b-9868-57a2d4851a1d" relativeResultsDirectory="0af12c1e-b717-4dbb-a9b0-b634a3417b29" /><UnitTestResult executionId="2ad16c26-db37-45af-a85b-72ab859e4d70" testId="b2e33027-931e-405a-9cb3-471a0b6a9691" testName="Post_InvalidPropertyValueReturnsBadRequest" computerName="LAMBDA" duration="00:00:00.0030000" startTime="2018-07-19T11:55:11.3324476-04:00" endTime="2018-07-19T11:55:11.3324613-04:00" testType="13cdc9d9-ddb5-4fa4-a97d-d965ccfc6d4b" outcome="Passed" testListId="8c84fa94-04c1-424b-9868-57a2d4851a1d" relativeResultsDirectory="2ad16c26-db37-45af-a85b-72ab859e4d70" /><UnitTestResult executionId="8446cd8d-3fb0-4445-8cea-6777789186f7" testId="2e01ff82-28f7-45a9-8fd6-524f9302340f" testName="Post_CanCreateNewModel" computerName="LAMBDA" duration="00:00:00.0230000" startTime="2018-07-19T11:54:54.0584710-04:00" endTime="2018-07-19T11:54:54.0584799-04:00" testType="13cdc9d9-ddb5-4fa4-a97d-d965ccfc6d4b" outcome="Passed" testListId="8c84fa94-04c1-424b-9868-57a2d4851a1d" relativeResultsDirectory="8446cd8d-3fb0-4445-8cea-6777789186f7" /><UnitTestResult executionId="5b6e29bd-341d-43f1-ac9a-4b48fb519632" testId="5a7e0172-1609-4af1-af81-4d921d70dd69" testName="Patch_TargetPropertyIsUpdated" computerName="LAMBDA" duration="00:00:00.0810000" startTime="2018-07-19T11:54:54.0262199-04:00" endTime="2018-07-19T11:54:54.0262297-04:00" testType="13cdc9d9-ddb5-4fa4-a97d-d965ccfc6d4b" outcome="Passed" testListId="8c84fa94-04c1-424b-9868-57a2d4851a1d" relativeResultsDirectory="5b6e29bd-341d-43f1-ac9a-4b48fb519632" /><UnitTestResult executionId="20f2685b-dbd6-44ea-b521-0267be7b3a28" testId="2064a95c-4297-4c75-9b08-b78d5c8ce80b" testName="PostFile_FileIsSynchronizedIsUpdatedAfterFileIsPosted" computerName="LAMBDA" duration="00:00:00.0020000" startTime="2018-07-19T11:54:56.4817532-04:00" endTime="2018-07-19T11:54:56.4817665-04:00" testType="13cdc9d9-ddb5-4fa4-a97d-d965ccfc6d4b" outcome="Passed" testListId="8c84fa94-04c1-424b-9868-57a2d4851a1d" relativeResultsDirectory="20f2685b-dbd6-44ea-b521-0267be7b3a28" /><UnitTestResult executionId="a808eeca-a020-4ed2-8f39-e078ecf3a8e9" testId="322933a7-1ba9-4a66-b505-0c8fc38d8b9d" testName="Post_InvalidReferencePropertyReturnsBadRequest" computerName="LAMBDA" duration="00:00:00.0060000" startTime="2018-07-19T11:55:11.3085789-04:00" endTime="2018-07-19T11:55:11.3085934-04:00" testType="13cdc9d9-ddb5-4fa4-a97d-d965ccfc6d4b" outcome="Passed" testListId="8c84fa94-04c1-424b-9868-57a2d4851a1d" relativeResultsDirectory="a808eeca-a020-4ed2-8f39-e078ecf3a8e9" /><UnitTestResult executionId="be622f59-649f-47f2-abb3-9a84d9108a1f" testId="6ea9a5ef-7f59-41ea-9d7f-f26cfeb80bd4" testName="LucyCameraFindsAllDependents" computerName="LAMBDA" duration="00:00:00.0130000" startTime="2018-07-19T11:54:53.1191483-04:00" endTime="2018-07-19T11:54:53.1191542-04:00" testType="13cdc9d9-ddb5-4fa4-a97d-d965ccfc6d4b" outcome="Passed" testListId="8c84fa94-04c1-424b-9868-57a2d4851a1d" relativeResultsDirectory="be622f59-649f-47f2-abb3-9a84d9108a1f" /><UnitTestResult executionId="10a71481-5c94-4a3f-8c11-95ae89252f27" testId="8d6a06b0-dd82-4835-975f-b86704e4e93a" testName="Put_InvalidIdReturnsNotFound" computerName="LAMBDA" duration="00:00:00.6320000" startTime="2018-07-19T11:54:58.3002585-04:00" endTime="2018-07-19T11:54:58.3002641-04:00" testType="13cdc9d9-ddb5-4fa4-a97d-d965ccfc6d4b" outcome="Passed" testListId="8c84fa94-04c1-424b-9868-57a2d4851a1d" relativeResultsDirectory="10a71481-5c94-4a3f-8c11-95ae89252f27" /><UnitTestResult executionId="dbf3a1a7-6d69-4739-9a71-dd1f0f996cff" testId="d2e7003b-c6c8-49f1-8390-8b80973f036e" testName="PostFile_FileIsSynchronizedIsUpdatedAfterFileIsPosted" computerName="LAMBDA" duration="00:00:00.1380000" startTime="2018-07-19T11:55:13.9778530-04:00" endTime="2018-07-19T11:55:13.9778645-04:00" testType="13cdc9d9-ddb5-4fa4-a97d-d965ccfc6d4b" outcome="Passed" testListId="8c84fa94-04c1-424b-9868-57a2d4851a1d" relativeResultsDirectory="dbf3a1a7-6d69-4739-9a71-dd1f0f996cff" /><UnitTestResult executionId="1daa33d6-ae73-426f-86ef-b383eaab527a" testId="8181825c-aed4-4150-8305-119cbd18a801" testName="Put_InvalidIdReturnsNotFound" computerName="LAMBDA" duration="00:00:00.0360000" startTime="2018-07-19T11:55:14.3932930-04:00" endTime="2018-07-19T11:55:14.3933041-04:00" testType="13cdc9d9-ddb5-4fa4-a97d-d965ccfc6d4b" outcome="Passed" testListId="8c84fa94-04c1-424b-9868-57a2d4851a1d" relativeResultsDirectory="1daa33d6-ae73-426f-86ef-b383eaab527a" /><UnitTestResult executionId="0f630092-179e-43c2-85c3-9ddd999da6a7" testId="07cfb1ff-262e-43b7-8f9e-61c2a244c855" testName="GetList_ListReturnsCorrectCount" computerName="LAMBDA" duration="00:00:00.0800000" startTime="2018-07-19T11:54:54.2623483-04:00" endTime="2018-07-19T11:54:54.2623530-04:00" testType="13cdc9d9-ddb5-4fa4-a97d-d965ccfc6d4b" outcome="Passed" testListId="8c84fa94-04c1-424b-9868-57a2d4851a1d" relativeResultsDirectory="0f630092-179e-43c2-85c3-9ddd999da6a7" /><UnitTestResult executionId="953918a9-b84a-43c1-bdb6-6123cb78ffcc" testId="f6b67b41-2122-4c86-b46a-45dcb4c79bdd" testName="Put_InvalidReferencePropertyReturndBadRequest" computerName="LAMBDA" duration="00:00:00.0020000" startTime="2018-07-19T11:54:54.2664421-04:00" endTime="2018-07-19T11:54:54.2664451-04:00" testType="13cdc9d9-ddb5-4fa4-a97d-d965ccfc6d4b" outcome="Passed" testListId="8c84fa94-04c1-424b-9868-57a2d4851a1d" relativeResultsDirectory="953918a9-b84a-43c1-bdb6-6123cb78ffcc" /><UnitTestResult executionId="4ea7d93a-8a94-449c-b5a4-fc7d44065a40" testId="91566fbb-4a1e-4899-8f2f-d1bf3be9074e" testName="DepthBufferHasExpectedDependentFiles" computerName="LAMBDA" duration="00:00:00.0010000" startTime="2018-07-19T11:54:53.1262653-04:00" endTime="2018-07-19T11:54:53.1262696-04:00" testType="13cdc9d9-ddb5-4fa4-a97d-d965ccfc6d4b" outcome="Passed" testListId="8c84fa94-04c1-424b-9868-57a2d4851a1d" relativeResultsDirectory="4ea7d93a-8a94-449c-b5a4-fc7d44065a40" /><UnitTestResult executionId="de85547f-7b49-4e26-bc14-7af2d8243243" testId="e8bffe6b-3ece-4741-a2b7-b349958dd16d" testName="GetSingle_InvalidIdPropertyValueReturnsNotFound" computerName="LAMBDA" duration="00:00:00.0080000" startTime="2018-07-19T11:55:14.5585527-04:00" endTime="2018-07-19T11:55:14.5585603-04:00" testType="13cdc9d9-ddb5-4fa4-a97d-d965ccfc6d4b" outcome="Passed" testListId="8c84fa94-04c1-424b-9868-57a2d4851a1d" relativeResultsDirectory="de85547f-7b49-4e26-bc14-7af2d8243243" /><UnitTestResult executionId="a6d645cb-0cc5-4286-9a20-68fe9f343840" testId="b3d5899b-bc38-4a55-925e-2eab034e5c8c" testName="Patch_ValidReferencePropertyUpdatesModel" computerName="LAMBDA" duration="00:00:00.0470000" startTime="2018-07-19T11:55:11.3802777-04:00" endTime="2018-07-19T11:55:11.3802824-04:00" testType="13cdc9d9-ddb5-4fa4-a97d-d965ccfc6d4b" outcome="Passed" testListId="8c84fa94-04c1-424b-9868-57a2d4851a1d" relativeResultsDirectory="a6d645cb-0cc5-4286-9a20-68fe9f343840" /><UnitTestResult executionId="cc8f6056-c510-4c03-ba31-2116c10c9fe6" testId="2e770542-d373-4eb4-a83c-b5b6300447e3" testName="Patch_InvalidEnumPropertyValueReturnsBadRequest" computerName="LAMBDA" duration="00:00:00.0050000" startTime="2018-07-19T11:54:59.4776550-04:00" endTime="2018-07-19T11:54:59.4776597-04:00" testType="13cdc9d9-ddb5-4fa4-a97d-d965ccfc6d4b" outcome="Passed" testListId="8c84fa94-04c1-424b-9868-57a2d4851a1d" relativeResultsDirectory="cc8f6056-c510-4c03-ba31-2116c10c9fe6" /><UnitTestResult executionId="e85d33b6-8d2e-4b32-b9da-d949b770734b" testId="a2c80698-f463-46d8-8c83-61ca4f9b38f7" testName="Post_InvalidReferencePropertyReturnsBadRequest" computerName="LAMBDA" duration="00:00:00.0020000" startTime="2018-07-19T11:54:53.6437807-04:00" endTime="2018-07-19T11:54:53.6437837-04:00" testType="13cdc9d9-ddb5-4fa4-a97d-d965ccfc6d4b" outcome="Passed" testListId="8c84fa94-04c1-424b-9868-57a2d4851a1d" relativeResultsDirectory="e85d33b6-8d2e-4b32-b9da-d949b770734b" /><UnitTestResult executionId="10a46b9e-2776-4493-b71f-ee2f050eb69f" testId="39e2de5c-2863-4920-aa8f-06a20f7c8d18" testName="Post_ValidReferencePropertyCreatesModel" computerName="LAMBDA" duration="00:00:00.0160000" startTime="2018-07-19T11:54:59.6127334-04:00" endTime="2018-07-19T11:54:59.6127386-04:00" testType="13cdc9d9-ddb5-4fa4-a97d-d965ccfc6d4b" outcome="Passed" testListId="8c84fa94-04c1-424b-9868-57a2d4851a1d" relativeResultsDirectory="10a46b9e-2776-4493-b71f-ee2f050eb69f" /><UnitTestResult executionId="964e1d9b-57a1-4ec9-9240-6bd25db91da4" testId="3b76749a-61d4-4c7d-9879-1920cd2ee0ff" testName="GetSingle_InvalidIdPropertyValueReturnsNotFound" computerName="LAMBDA" duration="00:00:00.0050000" startTime="2018-07-19T11:54:59.5675574-04:00" endTime="2018-07-19T11:54:59.5675612-04:00" testType="13cdc9d9-ddb5-4fa4-a97d-d965ccfc6d4b" outcome="Passed" testListId="8c84fa94-04c1-424b-9868-57a2d4851a1d" relativeResultsDirectory="964e1d9b-57a1-4ec9-9240-6bd25db91da4" /><UnitTestResult executionId="608b7a5e-db5d-44cb-9ed3-ae047331b622" testId="417ab71c-ba96-43e8-b25d-a0c980c775ca" testName="Delete_TargetModelIsDeleted" computerName="LAMBDA" duration="00:00:00.0990000" startTime="2018-07-19T11:54:56.7974351-04:00" endTime="2018-07-19T11:54:56.7974398-04:00" testType="13cdc9d9-ddb5-4fa4-a97d-d965ccfc6d4b" outcome="Passed" testListId="8c84fa94-04c1-424b-9868-57a2d4851a1d" relativeResultsDirectory="608b7a5e-db5d-44cb-9ed3-ae047331b622" /><UnitTestResult executionId="75a448ff-29f9-4853-8fce-48a662b8a711" testId="0e0603d6-3fe3-4fb4-bdab-a421a7fc047b" testName="Patch_MultipleInvalidReferencePropertiesReturnsMultipleValidationErrorsAndBadRequest" computerName="LAMBDA" duration="00:00:00.0170000" startTime="2018-07-19T11:54:56.8146063-04:00" endTime="2018-07-19T11:54:56.8146123-04:00" testType="13cdc9d9-ddb5-4fa4-a97d-d965ccfc6d4b" outcome="Passed" testListId="8c84fa94-04c1-424b-9868-57a2d4851a1d" relativeResultsDirectory="75a448ff-29f9-4853-8fce-48a662b8a711" /><UnitTestResult executionId="14e0d0be-157c-4109-9f5a-c2b9446d32ff" testId="e1546a00-8bdd-46d0-91f0-ccd462c2f95a" testName="Patch_InvalidIdPropertyReturnsNotFound" computerName="LAMBDA" duration="00:00:00.0050000" startTime="2018-07-19T11:54:59.5616305-04:00" endTime="2018-07-19T11:54:59.5616357-04:00" testType="13cdc9d9-ddb5-4fa4-a97d-d965ccfc6d4b" outcome="Passed" testListId="8c84fa94-04c1-424b-9868-57a2d4851a1d" relativeResultsDirectory="14e0d0be-157c-4109-9f5a-c2b9446d32ff" /><UnitTestResult executionId="b78d5bb5-5a60-4954-a8f8-0e65e703af6c" testId="62e0b348-9656-4c04-b19d-31613495eaf9" testName="Put_CanUpdateModel" computerName="LAMBDA" duration="00:00:00.0420000" startTime="2018-07-19T11:55:11.4442039-04:00" endTime="2018-07-19T11:55:11.4442086-04:00" testType="13cdc9d9-ddb5-4fa4-a97d-d965ccfc6d4b" outcome="Passed" testListId="8c84fa94-04c1-424b-9868-57a2d4851a1d" relativeResultsDirectory="b78d5bb5-5a60-4954-a8f8-0e65e703af6c" /><UnitTestResult executionId="c7cd307c-e58c-44ec-b498-6ba7cc7e9fe6" testId="b9e727d1-f816-4fc2-889a-0c49dca5aab8" testName="Post_ValidReferencePropertyCreatesModel" computerName="LAMBDA" duration="00:00:00.0160000" startTime="2018-07-19T11:54:56.9701488-04:00" endTime="2018-07-19T11:54:56.9701531-04:00" testType="13cdc9d9-ddb5-4fa4-a97d-d965ccfc6d4b" outcome="Passed" testListId="8c84fa94-04c1-424b-9868-57a2d4851a1d" relativeResultsDirectory="c7cd307c-e58c-44ec-b498-6ba7cc7e9fe6" /><UnitTestResult executionId="b265f609-4579-4f5d-985d-1719eec09b87" testId="f20139a6-26aa-4343-b9c2-bcb4f27ac171" testName="Patch_InvalidIdPropertyReturnsNotFound" computerName="LAMBDA" duration="00:00:00.0060000" startTime="2018-07-19T11:55:14.7602523-04:00" endTime="2018-07-19T11:55:14.7602592-04:00" testType="13cdc9d9-ddb5-4fa4-a97d-d965ccfc6d4b" outcome="Passed" testListId="8c84fa94-04c1-424b-9868-57a2d4851a1d" relativeResultsDirectory="b265f609-4579-4f5d-985d-1719eec09b87" /><UnitTestResult executionId="5272baf0-e74b-41cf-9e60-3f6785aa46c6" testId="b60ebae9-1c10-4730-a80c-f6e22c59679a" testName="GetSingle_InvalidIdPropertyValueReturnsNotFound" computerName="LAMBDA" duration="00:00:00.0050000" startTime="2018-07-19T11:55:11.3853185-04:00" endTime="2018-07-19T11:55:11.3853228-04:00" testType="13cdc9d9-ddb5-4fa4-a97d-d965ccfc6d4b" outcome="Passed" testListId="8c84fa94-04c1-424b-9868-57a2d4851a1d" relativeResultsDirectory="5272baf0-e74b-41cf-9e60-3f6785aa46c6" /><UnitTestResult executionId="804e43ce-7d69-4711-8418-a17734e6a164" testId="d633a908-ebfb-4358-8640-38b417893966" testName="Put_CanUpdateModel" computerName="LAMBDA" duration="00:00:00.0970000" startTime="2018-07-19T11:55:14.6689793-04:00" endTime="2018-07-19T11:55:14.6689862-04:00" testType="13cdc9d9-ddb5-4fa4-a97d-d965ccfc6d4b" outcome="Passed" testListId="8c84fa94-04c1-424b-9868-57a2d4851a1d" relativeResultsDirectory="804e43ce-7d69-4711-8418-a17734e6a164" /><UnitTestResult executionId="f7e2cd59-9715-4481-a977-c8b7108df47f" testId="74893aef-4f10-4f24-80f9-8cc7103529de" testName="Post_InvalidReferencePropertyReturnsBadRequest" computerName="LAMBDA" duration="00:00:00.0070000" startTime="2018-07-19T11:54:57.1393373-04:00" endTime="2018-07-19T11:54:57.1393429-04:00" testType="13cdc9d9-ddb5-4fa4-a97d-d965ccfc6d4b" outcome="Passed" testListId="8c84fa94-04c1-424b-9868-57a2d4851a1d" relativeResultsDirectory="f7e2cd59-9715-4481-a977-c8b7108df47f" /><UnitTestResult executionId="a380a841-cc77-4163-8851-9b0e857ca0cf" testId="8036300d-c11d-4333-ac91-3ad190a02e01" testName="PutFile_FileCanBeUpdated" computerName="LAMBDA" duration="00:00:00.2210000" startTime="2018-07-19T11:55:13.0496074-04:00" endTime="2018-07-19T11:55:13.0496186-04:00" testType="13cdc9d9-ddb5-4fa4-a97d-d965ccfc6d4b" outcome="Passed" testListId="8c84fa94-04c1-424b-9868-57a2d4851a1d" relativeResultsDirectory="a380a841-cc77-4163-8851-9b0e857ca0cf" /><UnitTestResult executionId="c510bb1f-59ca-4f7d-bade-ca265dcb663f" testId="a63a7730-ffb9-4eff-be57-af81f594cbca" testName="Patch_InvalidReferencePropertyReturnsBadRequest" computerName="LAMBDA" duration="00:00:00.0140000" startTime="2018-07-19T11:54:59.5502416-04:00" endTime="2018-07-19T11:54:59.5502476-04:00" testType="13cdc9d9-ddb5-4fa4-a97d-d965ccfc6d4b" outcome="Passed" testListId="8c84fa94-04c1-424b-9868-57a2d4851a1d" relativeResultsDirectory="c510bb1f-59ca-4f7d-bade-ca265dcb663f" /><UnitTestResult executionId="6eb1052c-5353-4fc6-a4eb-17dbdfe706f9" testId="532d22e2-a744-4b2b-8909-0da06763ac30" testName="Patch_ValidReferencePropertyUpdatesModel" computerName="LAMBDA" duration="00:00:00.0070000" startTime="2018-07-19T11:54:53.1408620-04:00" endTime="2018-07-19T11:54:53.1408684-04:00" testType="13cdc9d9-ddb5-4fa4-a97d-d965ccfc6d4b" outcome="Passed" testListId="8c84fa94-04c1-424b-9868-57a2d4851a1d" relativeResultsDirectory="6eb1052c-5353-4fc6-a4eb-17dbdfe706f9" /><UnitTestResult executionId="e813814d-8639-473a-a3d5-02b11cbde916" testId="24fbdbc0-9ec8-4af1-8811-2c46549eb7a5" testName="Patch_InvalidIdPropertyReturnsNotFound" computerName="LAMBDA" duration="00:00:00.0050000" startTime="2018-07-19T11:54:56.9882309-04:00" endTime="2018-07-19T11:54:56.9882356-04:00" testType="13cdc9d9-ddb5-4fa4-a97d-d965ccfc6d4b" outcome="Passed" testListId="8c84fa94-04c1-424b-9868-57a2d4851a1d" relativeResultsDirectory="e813814d-8639-473a-a3d5-02b11cbde916" /><UnitTestResult executionId="4374eb6c-a5ad-4ac3-aa29-f327cd00541d" testId="f195db9b-ea6f-491b-b654-69931f5ac8a5" testName="Put_CanUpdateModel" computerName="LAMBDA" duration="00:00:00.5050000" startTime="2018-07-19T11:54:59.4295303-04:00" endTime="2018-07-19T11:54:59.4295358-04:00" testType="13cdc9d9-ddb5-4fa4-a97d-d965ccfc6d4b" outcome="Passed" testListId="8c84fa94-04c1-424b-9868-57a2d4851a1d" relativeResultsDirectory="4374eb6c-a5ad-4ac3-aa29-f327cd00541d" /><UnitTestResult executionId="0490976c-73d4-4a7d-abe9-becf015e63e1" testId="58aa52fd-3801-4f66-8fa4-870c12dab6c1" testName="Put_InvalidReferencePropertyReturndBadRequest" computerName="LAMBDA" duration="00:00:00.0120000" startTime="2018-07-19T11:54:56.9824302-04:00" endTime="2018-07-19T11:54:56.9824349-04:00" testType="13cdc9d9-ddb5-4fa4-a97d-d965ccfc6d4b" outcome="Passed" testListId="8c84fa94-04c1-424b-9868-57a2d4851a1d" relativeResultsDirectory="0490976c-73d4-4a7d-abe9-becf015e63e1" /><UnitTestResult executionId="43354591-5281-4c0d-ab9c-dc2e30a4c78d" testId="cdf1e1e6-8710-458d-bb9d-1be22fbc5c2b" testName="FileRequest_MeshGenerateScalesDepthBufferByP1Scale" computerName="LAMBDA" duration="00:00:02.7920000" startTime="2018-07-19T11:55:10.7691787-04:00" endTime="2018-07-19T11:55:10.7691838-04:00" testType="13cdc9d9-ddb5-4fa4-a97d-d965ccfc6d4b" outcome="Passed" testListId="8c84fa94-04c1-424b-9868-57a2d4851a1d" relativeResultsDirectory="43354591-5281-4c0d-ab9c-dc2e30a4c78d" /><UnitTestResult executionId="cdf4d2c3-f4d5-4286-83be-877daf4209d3" testId="917861ff-80c6-4cc8-8bab-c18e67b3f15b" testName="Post_InvalidPropertyValueReturnsBadRequest" computerName="LAMBDA" duration="00:00:00.0030000" startTime="2018-07-19T11:54:56.9539664-04:00" endTime="2018-07-19T11:54:56.9539724-04:00" testType="13cdc9d9-ddb5-4fa4-a97d-d965ccfc6d4b" outcome="Passed" testListId="8c84fa94-04c1-424b-9868-57a2d4851a1d" relativeResultsDirectory="cdf4d2c3-f4d5-4286-83be-877daf4209d3" /><UnitTestResult executionId="aa517f57-9adf-4ebf-8d90-78b2a7ce1479" testId="b5b4a4f7-c545-4fb6-8d4c-74bf022bc21d" testName="Post_InvalidPropertyValueReturnsBadRequest" computerName="LAMBDA" duration="00:00:00.0050000" startTime="2018-07-19T11:54:54.9832128-04:00" endTime="2018-07-19T11:54:54.9832230-04:00" testType="13cdc9d9-ddb5-4fa4-a97d-d965ccfc6d4b" outcome="Passed" testListId="8c84fa94-04c1-424b-9868-57a2d4851a1d" relativeResultsDirectory="aa517f57-9adf-4ebf-8d90-78b2a7ce1479" /><UnitTestResult executionId="dabf40a3-afa4-4f7d-83a2-6cab65b00421" testId="509c412b-396a-43cc-acdf-7dd3e7f639ea" testName="GetSingle_InvalidIdPropertyValueReturnsNotFound" computerName="LAMBDA" duration="00:00:00.0050000" startTime="2018-07-19T11:54:57.1256106-04:00" endTime="2018-07-19T11:54:57.1256148-04:00" testType="13cdc9d9-ddb5-4fa4-a97d-d965ccfc6d4b" outcome="Passed" testListId="8c84fa94-04c1-424b-9868-57a2d4851a1d" relativeResultsDirectory="dabf40a3-afa4-4f7d-83a2-6cab65b00421" /><UnitTestResult executionId="ad06ef96-5e6c-4c41-95da-b0786219eac5" testId="c22a20ee-2547-4dcf-a0a7-ce8f645a0857" testName="Post_ValidReferencePropertyCreatesModel" computerName="LAMBDA" duration="00:00:00.0160000" startTime="2018-07-19T11:55:11.4013496-04:00" endTime="2018-07-19T11:55:11.4013556-04:00" testType="13cdc9d9-ddb5-4fa4-a97d-d965ccfc6d4b" outcome="Passed" testListId="8c84fa94-04c1-424b-9868-57a2d4851a1d" relativeResultsDirectory="ad06ef96-5e6c-4c41-95da-b0786219eac5" /><UnitTestResult executionId="fb3bb9d2-b5da-4399-ba40-adfc134d36e3" testId="3f838a82-e603-4877-b8f1-41182c52e8d6" testName="Patch_InvalidEnumPropertyValueReturnsBadRequest" computerName="LAMBDA" duration="00:00:00.0170000" startTime="2018-07-19T11:55:10.7870299-04:00" endTime="2018-07-19T11:55:10.7870346-04:00" testType="13cdc9d9-ddb5-4fa4-a97d-d965ccfc6d4b" outcome="Passed" testListId="8c84fa94-04c1-424b-9868-57a2d4851a1d" relativeResultsDirectory="fb3bb9d2-b5da-4399-ba40-adfc134d36e3" /><UnitTestResult executionId="fc2e11a5-344b-4716-958a-06be647167c2" testId="02f82ac6-6cdb-4cb5-b687-5bba1e7da34c" testName="PostFile_FileIsSynchronizedIsUpdatedAfterFileIsPosted" computerName="LAMBDA" duration="00:00:00.1380000" startTime="2018-07-19T11:55:07.7475920-04:00" endTime="2018-07-19T11:55:07.7475997-04:00" testType="13cdc9d9-ddb5-4fa4-a97d-d965ccfc6d4b" outcome="Passed" testListId="8c84fa94-04c1-424b-9868-57a2d4851a1d" relativeResultsDirectory="fc2e11a5-344b-4716-958a-06be647167c2" /><UnitTestResult executionId="59f70b18-8fe0-4c3e-a165-edf451e0ccae" testId="4d2fa10f-4409-4478-b1fa-2b84a4a0aa51" testName="PostFile_FileTimeStampIsUpdatedAfterFileIsPosted" computerName="LAMBDA" duration="00:00:00.0010000" startTime="2018-07-19T11:54:55.4041533-04:00" endTime="2018-07-19T11:54:55.4041576-04:00" testType="13cdc9d9-ddb5-4fa4-a97d-d965ccfc6d4b" outcome="Passed" testListId="8c84fa94-04c1-424b-9868-57a2d4851a1d" relativeResultsDirectory="59f70b18-8fe0-4c3e-a165-edf451e0ccae" /><UnitTestResult executionId="dc1e0d6d-ec3d-4d19-bd80-1bc195475693" testId="a02a0a95-a393-4da4-8489-c60b20ff6816" testName="PutFile_FileCanBeUpdated" computerName="LAMBDA" duration="00:00:00.2650000" startTime="2018-07-19T11:54:55.7781013-04:00" endTime="2018-07-19T11:54:55.7781116-04:00" testType="13cdc9d9-ddb5-4fa4-a97d-d965ccfc6d4b" outcome="Passed" testListId="8c84fa94-04c1-424b-9868-57a2d4851a1d" relativeResultsDirectory="dc1e0d6d-ec3d-4d19-bd80-1bc195475693" /><UnitTestResult executionId="efa918e9-3c3f-42ce-a525-cf854966c270" testId="bf3917f4-ee09-44ab-af57-7de0cfac0926" testName="GetFile_ExistingFileReturnsSuccess" computerName="LAMBDA" duration="00:00:00.0250000" startTime="2018-07-19T11:55:11.4701210-04:00" endTime="2018-07-19T11:55:11.4701270-04:00" testType="13cdc9d9-ddb5-4fa4-a97d-d965ccfc6d4b" outcome="Passed" testListId="8c84fa94-04c1-424b-9868-57a2d4851a1d" relativeResultsDirectory="efa918e9-3c3f-42ce-a525-cf854966c270" /><UnitTestResult executionId="ff23cbb8-593f-4b4c-8b16-807fbfe098e3" testId="bda53724-1fe2-4252-b3dc-1542b8d78c52" testName="Delete_TargetModelIsDeleted" computerName="LAMBDA" duration="00:00:00.0220000" startTime="2018-07-19T11:54:55.3759943-04:00" endTime="2018-07-19T11:54:55.3760012-04:00" testType="13cdc9d9-ddb5-4fa4-a97d-d965ccfc6d4b" outcome="Passed" testListId="8c84fa94-04c1-424b-9868-57a2d4851a1d" relativeResultsDirectory="ff23cbb8-593f-4b4c-8b16-807fbfe098e3" /><UnitTestResult executionId="9803de13-cd1e-4295-93b5-bcfed75a3186" testId="6e232925-db7e-4885-8311-23f9a2e438a2" testName="GetList_ListReturnsCorrectCount" computerName="LAMBDA" duration="00:00:00.1040000" startTime="2018-07-19T11:55:14.5491699-04:00" endTime="2018-07-19T11:55:14.5491776-04:00" testType="13cdc9d9-ddb5-4fa4-a97d-d965ccfc6d4b" outcome="Passed" testListId="8c84fa94-04c1-424b-9868-57a2d4851a1d" relativeResultsDirectory="9803de13-cd1e-4295-93b5-bcfed75a3186" /><UnitTestResult executionId="d54aa6fa-acdd-402b-a2bd-673744315f2d" testId="497b7078-9cf5-4240-aa50-a452d8bb0648" testName="Patch_InvalidIdPropertyReturnsNotFound" computerName="LAMBDA" duration="00:00:00.0050000" startTime="2018-07-19T11:55:11.0668102-04:00" endTime="2018-07-19T11:55:11.0668244-04:00" testType="13cdc9d9-ddb5-4fa4-a97d-d965ccfc6d4b" outcome="Passed" testListId="8c84fa94-04c1-424b-9868-57a2d4851a1d" relativeResultsDirectory="d54aa6fa-acdd-402b-a2bd-673744315f2d" /><UnitTestResult executionId="e87c715e-894f-44ef-b3be-9a82fbf466e6" testId="29d3b448-d37c-4f96-a6d8-35b252d818fe" testName="Post_InvalidReferencePropertyReturnsBadRequest" computerName="LAMBDA" duration="00:00:00.0690000" startTime="2018-07-19T11:54:54.3535301-04:00" endTime="2018-07-19T11:54:54.3535357-04:00" testType="13cdc9d9-ddb5-4fa4-a97d-d965ccfc6d4b" outcome="Passed" testListId="8c84fa94-04c1-424b-9868-57a2d4851a1d" relativeResultsDirectory="e87c715e-894f-44ef-b3be-9a82fbf466e6" /><UnitTestResult executionId="ea35a4b3-e9e0-4191-876e-088b9502eaec" testId="e613acce-f21f-4c54-a7a3-d0d299425e9f" testName="PutFile_NewFileCanBePut" computerName="LAMBDA" duration="00:00:00.1080000" startTime="2018-07-19T11:54:55.5126350-04:00" endTime="2018-07-19T11:54:55.5126423-04:00" testType="13cdc9d9-ddb5-4fa4-a97d-d965ccfc6d4b" outcome="Passed" testListId="8c84fa94-04c1-424b-9868-57a2d4851a1d" relativeResultsDirectory="ea35a4b3-e9e0-4191-876e-088b9502eaec" /><UnitTestResult executionId="c0b2d6ad-f1e7-486b-b01e-8beab3b9be8c" testId="dd01f4ee-9b05-4d43-b6c8-804fa1fcc025" testName="PutFile_FileCanBeUpdated" computerName="LAMBDA" duration="00:00:00.2290000" startTime="2018-07-19T11:55:02.3567983-04:00" endTime="2018-07-19T11:55:02.3568098-04:00" testType="13cdc9d9-ddb5-4fa4-a97d-d965ccfc6d4b" outcome="Passed" testListId="8c84fa94-04c1-424b-9868-57a2d4851a1d" relativeResultsDirectory="c0b2d6ad-f1e7-486b-b01e-8beab3b9be8c" /><UnitTestResult executionId="60c29677-4dee-43e0-9b1e-42a77856f688" testId="ef73f0ca-12da-4abe-aed2-a5bdc56f9b14" testName="FileRequest_FileCanBeReadAfterRename" computerName="LAMBDA" duration="00:00:00.2270000" startTime="2018-07-19T11:55:07.9765556-04:00" endTime="2018-07-19T11:55:07.9765701-04:00" testType="13cdc9d9-ddb5-4fa4-a97d-d965ccfc6d4b" outcome="Passed" testListId="8c84fa94-04c1-424b-9868-57a2d4851a1d" relativeResultsDirectory="60c29677-4dee-43e0-9b1e-42a77856f688" /><UnitTestResult executionId="5891415a-9f26-41e3-acce-9246bfef9443" testId="85782155-ce38-4bab-89fe-afe4a9f6c17b" testName="Patch_InvalidPropertyNameReturnsBadRequest" computerName="LAMBDA" duration="00:00:00.4970000" startTime="2018-07-19T11:54:53.6389764-04:00" endTime="2018-07-19T11:54:53.6389837-04:00" testType="13cdc9d9-ddb5-4fa4-a97d-d965ccfc6d4b" outcome="Passed" testListId="8c84fa94-04c1-424b-9868-57a2d4851a1d" relativeResultsDirectory="5891415a-9f26-41e3-acce-9246bfef9443" /><UnitTestResult executionId="98a8d2b5-e531-4db7-9687-0112c561f84d" testId="7d9b720b-ea24-4932-ba81-869764857296" testName="Put_InvalidIdReturnsNotFound" computerName="LAMBDA" duration="00:00:00.1120000" startTime="2018-07-19T11:54:54.9664984-04:00" endTime="2018-07-19T11:54:54.9665061-04:00" testType="13cdc9d9-ddb5-4fa4-a97d-d965ccfc6d4b" outcome="Passed" testListId="8c84fa94-04c1-424b-9868-57a2d4851a1d" relativeResultsDirectory="98a8d2b5-e531-4db7-9687-0112c561f84d" /><UnitTestResult executionId="14e50e36-a8e6-4a49-a94a-3ed567d06470" testId="e009b878-8458-4d34-b7b9-c639803565a3" testName="GetList_ListReturnsCorrectCount" computerName="LAMBDA" duration="00:00:00.0720000" startTime="2018-07-19T11:54:55.3050311-04:00" endTime="2018-07-19T11:54:55.3050367-04:00" testType="13cdc9d9-ddb5-4fa4-a97d-d965ccfc6d4b" outcome="Passed" testListId="8c84fa94-04c1-424b-9868-57a2d4851a1d" relativeResultsDirectory="14e50e36-a8e6-4a49-a94a-3ed567d06470" /><UnitTestResult executionId="b6ad009b-a4f3-4dd9-b995-8a675b67b7f5" testId="626ebbe7-fb05-4b63-bbfb-131ff1874f66" testName="Patch_MultipleInvalidReferencePropertiesReturnsMultipleValidationErrorsAndBadRequest" computerName="LAMBDA" duration="00:00:00.0110000" startTime="2018-07-19T11:55:11.3017989-04:00" endTime="2018-07-19T11:55:11.3018054-04:00" testType="13cdc9d9-ddb5-4fa4-a97d-d965ccfc6d4b" outcome="Passed" testListId="8c84fa94-04c1-424b-9868-57a2d4851a1d" relativeResultsDirectory="b6ad009b-a4f3-4dd9-b995-8a675b67b7f5" /><UnitTestResult executionId="44a8ec5a-f295-41f6-a3ad-e711bdf7eba0" testId="2652eb5b-d422-485e-b1d8-2481d62083ab" testName="Patch_InvalidPropertyNameReturnsBadRequest" computerName="LAMBDA" duration="00:00:00.0050000" startTime="2018-07-19T11:54:59.5559714-04:00" endTime="2018-07-19T11:54:59.5559765-04:00" testType="13cdc9d9-ddb5-4fa4-a97d-d965ccfc6d4b" outcome="Passed" testListId="8c84fa94-04c1-424b-9868-57a2d4851a1d" relativeResultsDirectory="44a8ec5a-f295-41f6-a3ad-e711bdf7eba0" /><UnitTestResult executionId="82b60ebe-5fe4-4f5f-90b1-c4d1e676f6c2" testId="3dc82b93-c13c-43fe-95dd-6a4d777c9c60" testName="GetSingle_ValidIdPropertyValueReturnsCorrectModel" computerName="LAMBDA" duration="00:00:00.0080000" startTime="2018-07-19T11:54:54.1329756-04:00" endTime="2018-07-19T11:54:54.1329816-04:00" testType="13cdc9d9-ddb5-4fa4-a97d-d965ccfc6d4b" outcome="Passed" testListId="8c84fa94-04c1-424b-9868-57a2d4851a1d" relativeResultsDirectory="82b60ebe-5fe4-4f5f-90b1-c4d1e676f6c2" /><UnitTestResult executionId="3e74750f-7e23-43e2-bd47-76e50447fc60" testId="1e217f3f-14f9-455f-b664-e8ab7099e2f6" testName="Patch_InvalidReferencePropertyReturnsBadRequest" computerName="LAMBDA" duration="00:00:00.0210000" startTime="2018-07-19T11:54:55.3532482-04:00" endTime="2018-07-19T11:54:55.3532542-04:00" testType="13cdc9d9-ddb5-4fa4-a97d-d965ccfc6d4b" outcome="Passed" testListId="8c84fa94-04c1-424b-9868-57a2d4851a1d" relativeResultsDirectory="3e74750f-7e23-43e2-bd47-76e50447fc60" /><UnitTestResult executionId="e953134c-8862-404a-9986-b560f0a52917" testId="f276e47e-1ea2-4f13-93d2-127c472c6efd" testName="Put_ValidReferencePropertyUpdatesModel" computerName="LAMBDA" duration="00:00:00.0540000" startTime="2018-07-19T11:55:14.9012366-04:00" endTime="2018-07-19T11:55:14.9012422-04:00" testType="13cdc9d9-ddb5-4fa4-a97d-d965ccfc6d4b" outcome="Passed" testListId="8c84fa94-04c1-424b-9868-57a2d4851a1d" relativeResultsDirectory="e953134c-8862-404a-9986-b560f0a52917" /><UnitTestResult executionId="4c737fa5-25ae-48ff-b0a4-8f23cd76c2cb" testId="42f2a251-df5f-4801-adb7-4e7ab6dd92e4" testName="Put_CanUpdateModel" computerName="LAMBDA" duration="00:00:00.0410000" startTime="2018-07-19T11:54:57.1205420-04:00" endTime="2018-07-19T11:54:57.1205476-04:00" testType="13cdc9d9-ddb5-4fa4-a97d-d965ccfc6d4b" outcome="Passed" testListId="8c84fa94-04c1-424b-9868-57a2d4851a1d" relativeResultsDirectory="4c737fa5-25ae-48ff-b0a4-8f23cd76c2cb" /><UnitTestResult executionId="6818c1f5-e070-4410-9590-fe88c7d6e850" testId="5a8ec0a4-1ce5-4d00-8d5c-f8177dc324a9" testName="PostFile_NewFileCanBePosted" computerName="LAMBDA" duration="00:00:00.1140000" startTime="2018-07-19T11:54:56.3232633-04:00" endTime="2018-07-19T11:54:56.3232714-04:00" testType="13cdc9d9-ddb5-4fa4-a97d-d965ccfc6d4b" outcome="Passed" testListId="8c84fa94-04c1-424b-9868-57a2d4851a1d" relativeResultsDirectory="6818c1f5-e070-4410-9590-fe88c7d6e850" /><UnitTestResult executionId="e6c2727d-83e6-4c1d-bc90-652985629691" testId="4a352bbb-b96b-45bf-aced-c691a2549cf8" testName="Patch_InvalidReferencePropertyReturnsBadRequest" computerName="LAMBDA" duration="00:00:00.0110000" startTime="2018-07-19T11:55:14.8464183-04:00" endTime="2018-07-19T11:55:14.8464242-04:00" testType="13cdc9d9-ddb5-4fa4-a97d-d965ccfc6d4b" outcome="Passed" testListId="8c84fa94-04c1-424b-9868-57a2d4851a1d" relativeResultsDirectory="e6c2727d-83e6-4c1d-bc90-652985629691" /><UnitTestResult executionId="f5e7dd0c-1f99-446d-837a-8b92535d7471" testId="e64de951-f633-4754-856a-eb88f3cd5ed4" testName="GetFile_ExistingFileReturnsSuccess" computerName="LAMBDA" duration="00:00:00.0460000" startTime="2018-07-19T11:55:02.4035284-04:00" endTime="2018-07-19T11:55:02.4035391-04:00" testType="13cdc9d9-ddb5-4fa4-a97d-d965ccfc6d4b" outcome="Passed" testListId="8c84fa94-04c1-424b-9868-57a2d4851a1d" relativeResultsDirectory="f5e7dd0c-1f99-446d-837a-8b92535d7471" /><UnitTestResult executionId="1aa11bb2-40f2-4d67-bb62-36fca498adfe" testId="0ffb19e8-2cce-4018-a4c3-6bbdfc4b7cf3" testName="Post_ValidReferencePropertyCreatesModel" computerName="LAMBDA" duration="00:00:00.0270000" startTime="2018-07-19T11:54:55.1891929-04:00" endTime="2018-07-19T11:54:55.1892014-04:00" testType="13cdc9d9-ddb5-4fa4-a97d-d965ccfc6d4b" outcome="Passed" testListId="8c84fa94-04c1-424b-9868-57a2d4851a1d" relativeResultsDirectory="1aa11bb2-40f2-4d67-bb62-36fca498adfe" /><UnitTestResult executionId="732d8df5-135c-4983-a8c6-542b43c95748" testId="31f23687-6eeb-4ec3-ae67-c60211582e0d" testName="Patch_InvalidReferencePropertyReturnsBadRequest" computerName="LAMBDA" duration="00:00:00.0040000" startTime="2018-07-19T11:54:54.0348872-04:00" endTime="2018-07-19T11:54:54.0348961-04:00" testType="13cdc9d9-ddb5-4fa4-a97d-d965ccfc6d4b" outcome="Passed" testListId="8c84fa94-04c1-424b-9868-57a2d4851a1d" relativeResultsDirectory="732d8df5-135c-4983-a8c6-542b43c95748" /><UnitTestResult executionId="82e9d260-4713-4ac4-a584-95a96d877d53" testId="992d95ff-44f7-4c3c-8c2c-88c949a27afc" testName="Put_ValidReferencePropertyUpdatesModel" computerName="LAMBDA" duration="00:00:00.0690000" startTime="2018-07-19T11:54:56.9507372-04:00" endTime="2018-07-19T11:54:56.9507427-04:00" testType="13cdc9d9-ddb5-4fa4-a97d-d965ccfc6d4b" outcome="Passed" testListId="8c84fa94-04c1-424b-9868-57a2d4851a1d" relativeResultsDirectory="82e9d260-4713-4ac4-a584-95a96d877d53" /><UnitTestResult executionId="1c0fa5ef-4cf1-404f-8438-8e0249f4d7fb" testId="35600603-4858-4d27-811b-e798b95ae8d6" testName="Patch_MultipleInvalidReferencePropertiesReturnsMultipleValidationErrorsAndBadRequest" computerName="LAMBDA" duration="00:00:00.0020000" startTime="2018-07-19T11:54:54.2645515-04:00" endTime="2018-07-19T11:54:54.2645562-04:00" testType="13cdc9d9-ddb5-4fa4-a97d-d965ccfc6d4b" outcome="Passed" testListId="8c84fa94-04c1-424b-9868-57a2d4851a1d" relativeResultsDirectory="1c0fa5ef-4cf1-404f-8438-8e0249f4d7fb" /><UnitTestResult executionId="11b2c8cf-a629-41ba-880d-97e9c123fba2" testId="0864e5fd-76da-4102-91bf-415db61f7e18" testName="Patch_TargetPropertyIsUpdated" computerName="LAMBDA" duration="00:00:00.0470000" startTime="2018-07-19T11:54:57.0786656-04:00" endTime="2018-07-19T11:54:57.0786699-04:00" testType="13cdc9d9-ddb5-4fa4-a97d-d965ccfc6d4b" outcome="Passed" testListId="8c84fa94-04c1-424b-9868-57a2d4851a1d" relativeResultsDirectory="11b2c8cf-a629-41ba-880d-97e9c123fba2" /><UnitTestResult executionId="bdde063b-7b3f-409d-a9f6-025b5c4c9dde" testId="c9c7224b-9c0f-4795-8598-b2b2dfc6f155" testName="FileRequest_FileCanBeReadAfterRename" computerName="LAMBDA" duration="00:00:00.2800000" startTime="2018-07-19T11:54:56.2086635-04:00" endTime="2018-07-19T11:54:56.2086729-04:00" testType="13cdc9d9-ddb5-4fa4-a97d-d965ccfc6d4b" outcome="Passed" testListId="8c84fa94-04c1-424b-9868-57a2d4851a1d" relativeResultsDirectory="bdde063b-7b3f-409d-a9f6-025b5c4c9dde" /><UnitTestResult executionId="052c8e26-ee5e-463a-b868-d9905165a6f4" testId="c8da5c2e-c953-4b28-a384-60be7b589782" testName="GetFile_NonExistentFileReturnsNotFound" computerName="LAMBDA" duration="00:00:00.0050000" startTime="2018-07-19T11:55:13.6963326-04:00" endTime="2018-07-19T11:55:13.6963381-04:00" testType="13cdc9d9-ddb5-4fa4-a97d-d965ccfc6d4b" outcome="Passed" testListId="8c84fa94-04c1-424b-9868-57a2d4851a1d" relativeResultsDirectory="052c8e26-ee5e-463a-b868-d9905165a6f4" /><UnitTestResult executionId="0c1493af-4143-4711-8620-edd4d33f2758" testId="76b76a42-5705-4685-b660-a1bf6be561d1" testName="Post_CanCreateNewModel" computerName="LAMBDA" duration="00:00:00.0160000" startTime="2018-07-19T11:55:11.0828057-04:00" endTime="2018-07-19T11:55:11.0828117-04:00" testType="13cdc9d9-ddb5-4fa4-a97d-d965ccfc6d4b" outcome="Passed" testListId="8c84fa94-04c1-424b-9868-57a2d4851a1d" relativeResultsDirectory="0c1493af-4143-4711-8620-edd4d33f2758" /><UnitTestResult executionId="e48253b4-ea6b-4848-8744-c0cf1397ab91" testId="f310de5a-5d2c-4382-96d2-c55b98b680db" testName="Post_InvalidPropertyValueReturnsBadRequest" computerName="LAMBDA" duration="00:00:00.0090000" startTime="2018-07-19T11:54:54.2837874-04:00" endTime="2018-07-19T11:54:54.2837925-04:00" testType="13cdc9d9-ddb5-4fa4-a97d-d965ccfc6d4b" outcome="Passed" testListId="8c84fa94-04c1-424b-9868-57a2d4851a1d" relativeResultsDirectory="e48253b4-ea6b-4848-8744-c0cf1397ab91" /><UnitTestResult executionId="b3aeca78-e635-4ad6-9ec0-eee7f79527be" testId="d1566f34-8e49-483c-a7f0-2004199f60bc" testName="Put_InvalidReferencePropertyReturndBadRequest" computerName="LAMBDA" duration="00:00:00.0260000" startTime="2018-07-19T11:54:55.4021095-04:00" endTime="2018-07-19T11:54:55.4021168-04:00" testType="13cdc9d9-ddb5-4fa4-a97d-d965ccfc6d4b" outcome="Passed" testListId="8c84fa94-04c1-424b-9868-57a2d4851a1d" relativeResultsDirectory="b3aeca78-e635-4ad6-9ec0-eee7f79527be" /><UnitTestResult executionId="69d719e7-cc75-4658-bc92-a7471b6cb799" testId="e0cc7202-4398-434d-9664-4a40c45c4020" testName="Patch_InvalidIdPropertyReturnsNotFound" computerName="LAMBDA" duration="00:00:00.0070000" startTime="2018-07-19T11:54:54.2743811-04:00" endTime="2018-07-19T11:54:54.2743948-04:00" testType="13cdc9d9-ddb5-4fa4-a97d-d965ccfc6d4b" outcome="Passed" testListId="8c84fa94-04c1-424b-9868-57a2d4851a1d" relativeResultsDirectory="69d719e7-cc75-4658-bc92-a7471b6cb799" /><UnitTestResult executionId="08de8cdf-58b2-4c41-ae8b-50bacf3e4854" testId="9db33f0a-5e6a-482c-908b-fe780e4dd1d5" testName="GetFile_ExistingFileReturnsSuccess" computerName="LAMBDA" duration="00:00:00.1490000" startTime="2018-07-19T11:54:55.9280690-04:00" endTime="2018-07-19T11:54:55.9280745-04:00" testType="13cdc9d9-ddb5-4fa4-a97d-d965ccfc6d4b" outcome="Passed" testListId="8c84fa94-04c1-424b-9868-57a2d4851a1d" relativeResultsDirectory="08de8cdf-58b2-4c41-ae8b-50bacf3e4854" /><UnitTestResult executionId="309e3e25-c3e6-4118-a614-ce21a0ed3bf2" testId="2fd36f6c-859d-42f2-b104-2bf9b7e4c995" testName="PostFile_FileTimeStampIsUpdatedAfterFileIsPosted" computerName="LAMBDA" duration="00:00:01.3560000" startTime="2018-07-19T11:55:12.8270330-04:00" endTime="2018-07-19T11:55:12.8270420-04:00" testType="13cdc9d9-ddb5-4fa4-a97d-d965ccfc6d4b" outcome="Passed" testListId="8c84fa94-04c1-424b-9868-57a2d4851a1d" relativeResultsDirectory="309e3e25-c3e6-4118-a614-ce21a0ed3bf2" /><UnitTestResult executionId="bf5f1995-8367-4089-9fa1-bec6723177af" testId="62c62b7e-675c-4c02-9588-6c6822a92c08" testName="Put_InvalidIdReturnsNotFound" computerName="LAMBDA" duration="00:00:00.0650000" startTime="2018-07-19T11:54:54.1242322-04:00" endTime="2018-07-19T11:54:54.1242386-04:00" testType="13cdc9d9-ddb5-4fa4-a97d-d965ccfc6d4b" outcome="Passed" testListId="8c84fa94-04c1-424b-9868-57a2d4851a1d" relativeResultsDirectory="bf5f1995-8367-4089-9fa1-bec6723177af" /><UnitTestResult executionId="2cef2e7d-1113-423a-b95e-fcc6b73357fe" testId="99129312-0266-49ab-85e2-a608131cc764" testName="FileRequest_MeshIsInvalidatedAfterDepthBufferFileBecomesUnsynchronized" computerName="LAMBDA" duration="00:00:02.1630000" startTime="2018-07-19T11:55:02.0006949-04:00" endTime="2018-07-19T11:55:02.0007043-04:00" testType="13cdc9d9-ddb5-4fa4-a97d-d965ccfc6d4b" outcome="Passed" testListId="8c84fa94-04c1-424b-9868-57a2d4851a1d" relativeResultsDirectory="2cef2e7d-1113-423a-b95e-fcc6b73357fe" /><UnitTestResult executionId="2ec1669d-99da-4100-975d-d5f1feb308d6" testId="9c2e45c2-838d-431a-b3a6-2215d0e553e8" testName="GetSingle_ValidIdPropertyValueReturnsCorrectModel" computerName="LAMBDA" duration="00:00:00.0060000" startTime="2018-07-19T11:54:57.1320659-04:00" endTime="2018-07-19T11:54:57.1320706-04:00" testType="13cdc9d9-ddb5-4fa4-a97d-d965ccfc6d4b" outcome="Passed" testListId="8c84fa94-04c1-424b-9868-57a2d4851a1d" relativeResultsDirectory="2ec1669d-99da-4100-975d-d5f1feb308d6" /><UnitTestResult executionId="695a9e5b-02d2-45e8-9538-85525a24a5ee" testId="6c1e8dfa-6e96-47a0-83ae-134dfe929da6" testName="GetFile_FileCanBeRoundTripped" computerName="LAMBDA" duration="00:00:00.1630000" startTime="2018-07-19T11:55:14.2850874-04:00" endTime="2018-07-19T11:55:14.2850994-04:00" testType="13cdc9d9-ddb5-4fa4-a97d-d965ccfc6d4b" outcome="Passed" testListId="8c84fa94-04c1-424b-9868-57a2d4851a1d" relativeResultsDirectory="695a9e5b-02d2-45e8-9538-85525a24a5ee" /><UnitTestResult executionId="c1ea45eb-1fb6-443d-adb8-e160a1e7ec7c" testId="b663798b-5c01-415f-93e9-c819854ad736" testName="Post_CanCreateNewModel" computerName="LAMBDA" duration="00:00:00.0150000" startTime="2018-07-19T11:54:59.5353212-04:00" endTime="2018-07-19T11:54:59.5353254-04:00" testType="13cdc9d9-ddb5-4fa4-a97d-d965ccfc6d4b" outcome="Passed" testListId="8c84fa94-04c1-424b-9868-57a2d4851a1d" relativeResultsDirectory="c1ea45eb-1fb6-443d-adb8-e160a1e7ec7c" /><UnitTestResult executionId="5d937fb7-4edb-41a2-9983-659660b4c286" testId="daf8f437-5f82-4379-96f4-53bbe89a747b" testName="PostFile_NewFileCanBePosted" computerName="LAMBDA" duration="00:00:00.1420000" startTime="2018-07-19T11:55:14.1209679-04:00" endTime="2018-07-19T11:55:14.1209846-04:00" testType="13cdc9d9-ddb5-4fa4-a97d-d965ccfc6d4b" outcome="Passed" testListId="8c84fa94-04c1-424b-9868-57a2d4851a1d" relativeResultsDirectory="5d937fb7-4edb-41a2-9983-659660b4c286" /><UnitTestResult executionId="c913b5a3-8725-4505-afad-e933fabe7f36" testId="d5889723-ea41-405c-93b1-1fe4f6a22b39" testName="PutFile_NewFileCanBePut" computerName="LAMBDA" duration="00:00:00.1460000" startTime="2018-07-19T11:54:59.8365351-04:00" endTime="2018-07-19T11:54:59.8365467-04:00" testType="13cdc9d9-ddb5-4fa4-a97d-d965ccfc6d4b" outcome="Passed" testListId="8c84fa94-04c1-424b-9868-57a2d4851a1d" relativeResultsDirectory="c913b5a3-8725-4505-afad-e933fabe7f36" /><UnitTestResult executionId="6e5cacbb-6d70-4a7d-a261-7475f189b983" testId="018f9fb0-1141-452d-9ce0-07cc4b283f86" testName="Delete_TargetModelIsDeleted" computerName="LAMBDA" duration="00:00:00.0270000" startTime="2018-07-19T11:54:59.6400426-04:00" endTime="2018-07-19T11:54:59.6400473-04:00" testType="13cdc9d9-ddb5-4fa4-a97d-d965ccfc6d4b" outcome="Passed" testListId="8c84fa94-04c1-424b-9868-57a2d4851a1d" relativeResultsDirectory="6e5cacbb-6d70-4a7d-a261-7475f189b983" /><UnitTestResult executionId="f6e9f04c-38c5-4303-8a76-da89aa337b62" testId="2625b477-cb60-4599-ace9-861c593a3f69" testName="Patch_InvalidEnumPropertyValueReturnsBadRequest" computerName="LAMBDA" duration="00:00:00.0080000" startTime="2018-07-19T11:54:55.3134786-04:00" endTime="2018-07-19T11:54:55.3134850-04:00" testType="13cdc9d9-ddb5-4fa4-a97d-d965ccfc6d4b" outcome="Passed" testListId="8c84fa94-04c1-424b-9868-57a2d4851a1d" relativeResultsDirectory="f6e9f04c-38c5-4303-8a76-da89aa337b62" /><UnitTestResult executionId="36acfb77-e16e-4284-ad1b-654fe2af6f65" testId="b0e9d81f-aed7-403a-bff7-7d7ab1f5c237" testName="Patch_MultipleInvalidReferencePropertiesReturnsMultipleValidationErrorsAndBadRequest" computerName="LAMBDA" duration="00:00:00.0230000" startTime="2018-07-19T11:55:14.7537400-04:00" endTime="2018-07-19T11:55:14.7537464-04:00" testType="13cdc9d9-ddb5-4fa4-a97d-d965ccfc6d4b" outcome="Passed" testListId="8c84fa94-04c1-424b-9868-57a2d4851a1d" relativeResultsDirectory="36acfb77-e16e-4284-ad1b-654fe2af6f65" /><UnitTestResult executionId="8491d56a-bc13-46af-b0b7-2b7bcf03807a" testId="cc53af90-acbf-48c3-a910-201dc37c8149" testName="Post_InvalidPropertyValueReturnsBadRequest" computerName="LAMBDA" duration="00:00:00.0060000" startTime="2018-07-19T11:55:14.7730670-04:00" endTime="2018-07-19T11:55:14.7730717-04:00" testType="13cdc9d9-ddb5-4fa4-a97d-d965ccfc6d4b" outcome="Passed" testListId="8c84fa94-04c1-424b-9868-57a2d4851a1d" relativeResultsDirectory="8491d56a-bc13-46af-b0b7-2b7bcf03807a" /><UnitTestResult executionId="8003c159-fee8-4aa0-8015-0599cdd1124e" testId="b8681285-a6b7-4f3d-be01-b0a8bf8607d0" testName="Post_InvalidReferencePropertyReturnsBadRequest" computerName="LAMBDA" duration="00:00:00.0060000" startTime="2018-07-19T11:54:59.5744379-04:00" endTime="2018-07-19T11:54:59.5744434-04:00" testType="13cdc9d9-ddb5-4fa4-a97d-d965ccfc6d4b" outcome="Passed" testListId="8c84fa94-04c1-424b-9868-57a2d4851a1d" relativeResultsDirectory="8003c159-fee8-4aa0-8015-0599cdd1124e" /><UnitTestResult executionId="e9482bd7-e723-4fb4-8adf-4182172e9234" testId="aff5260e-0633-4349-8a79-7183fa620d07" testName="GetSingle_ValidIdPropertyValueReturnsCorrectModel" computerName="LAMBDA" duration="00:00:00.0220000" startTime="2018-07-19T11:55:14.3105184-04:00" endTime="2018-07-19T11:55:14.3105338-04:00" testType="13cdc9d9-ddb5-4fa4-a97d-d965ccfc6d4b" outcome="Passed" testListId="8c84fa94-04c1-424b-9868-57a2d4851a1d" relativeResultsDirectory="e9482bd7-e723-4fb4-8adf-4182172e9234" /><UnitTestResult executionId="c39c7e26-154c-4b25-9838-204aa29613bf" testId="8ead3bb2-e2f1-4f46-8a1d-612305679864" testName="GetSingle_InvalidIdPropertyValueReturnsNotFound" computerName="LAMBDA" duration="00:00:00.0080000" startTime="2018-07-19T11:54:54.1437055-04:00" endTime="2018-07-19T11:54:54.1437123-04:00" testType="13cdc9d9-ddb5-4fa4-a97d-d965ccfc6d4b" outcome="Passed" testListId="8c84fa94-04c1-424b-9868-57a2d4851a1d" relativeResultsDirectory="c39c7e26-154c-4b25-9838-204aa29613bf" /></Results><TestDefinitions><UnitTest name="Patch_ValidReferencePropertyUpdatesModel" storage="d:\github\modelrelief\modelrelief.test\bin\debug\netcoreapp2.0\modelrelief.test.dll" id="b3d5899b-bc38-4a55-925e-2eab034e5c8c"><Execution id="a6d645cb-0cc5-4286-9a20-68fe9f343840" /><TestMethod codeBase="d:\Github\ModelRelief\ModelRelief.test\bin\Debug\netcoreapp2.0\ModelRelief.Test.dll" adapterTypeName="executor://xunit/VsTestRunner2/netcoreapp" className="ModelRelief.Test.Integration.DepthBuffers.DepthBuffersBaseIntegrationTests" name="Patch_ValidReferencePropertyUpdatesModel" /></UnitTest><UnitTest name="Patch_MultipleInvalidReferencePropertiesReturnsMultipleValidationErrorsAndBadRequest" storage="d:\github\modelrelief\modelrelief.test\bin\debug\netcoreapp2.0\modelrelief.test.dll" id="b0e9d81f-aed7-403a-bff7-7d7ab1f5c237"><Execution id="36acfb77-e16e-4284-ad1b-654fe2af6f65" /><TestMethod codeBase="d:\Github\ModelRelief\ModelRelief.test\bin\Debug\netcoreapp2.0\ModelRelief.Test.dll" adapterTypeName="executor://xunit/VsTestRunner2/netcoreapp" className="ModelRelief.Test.Integration.Cameras.CamerasBaseIntegrationTests" name="Patch_MultipleInvalidReferencePropertiesReturnsMultipleValidationErrorsAndBadRequest" /></UnitTest><UnitTest name="GetSingle_ValidIdPropertyValueReturnsCorrectModel" storage="d:\github\modelrelief\modelrelief.test\bin\debug\netcoreapp2.0\modelrelief.test.dll" id="0e0ad77a-41bb-4051-9478-f4385119c73c"><Execution id="1c390145-b70b-4499-b1b5-f4e6fff3eca4" /><TestMethod codeBase="d:\Github\ModelRelief\ModelRelief.test\bin\Debug\netcoreapp2.0\ModelRelief.Test.dll" adapterTypeName="executor://xunit/VsTestRunner2/netcoreapp" className="ModelRelief.Test.Integration.Models.ModelsBaseIntegrationTests" name="GetSingle_ValidIdPropertyValueReturnsCorrectModel" /></UnitTest><UnitTest name="MeshTransformHasExpectedDependentFiles" storage="d:\github\modelrelief\modelrelief.test\bin\debug\netcoreapp2.0\modelrelief.test.dll" id="c918d35f-5f22-4b46-bd4f-81b3cba782bb"><Execution id="58172243-18f1-4b2a-970e-9c20a896fbce" /><TestMethod codeBase="d:\Github\ModelRelief\ModelRelief.test\bin\Debug\netcoreapp2.0\ModelRelief.Test.dll" adapterTypeName="executor://xunit/VsTestRunner2/netcoreapp" className="ModelRelief.Test.Unit.DependencyManager.DependencyManagerTests" name="MeshTransformHasExpectedDependentFiles" /></UnitTest><UnitTest name="Put_InvalidReferencePropertyReturndBadRequest" storage="d:\github\modelrelief\modelrelief.test\bin\debug\netcoreapp2.0\modelrelief.test.dll" id="237209d0-0ae9-497a-be9f-cf51226923ff"><Execution id="93f17de3-4424-4b17-baab-daf22896b871" /><TestMethod codeBase="d:\Github\ModelRelief\ModelRelief.test\bin\Debug\netcoreapp2.0\ModelRelief.Test.dll" adapterTypeName="executor://xunit/VsTestRunner2/netcoreapp" className="ModelRelief.Test.Integration.Meshes.MeshesBaseIntegrationTests" name="Put_InvalidReferencePropertyReturndBadRequest" /></UnitTest><UnitTest name="Patch_InvalidReferencePropertyReturnsBadRequest" storage="d:\github\modelrelief\modelrelief.test\bin\debug\netcoreapp2.0\modelrelief.test.dll" id="4a352bbb-b96b-45bf-aced-c691a2549cf8"><Execution id="e6c2727d-83e6-4c1d-bc90-652985629691" /><TestMethod codeBase="d:\Github\ModelRelief\ModelRelief.test\bin\Debug\netcoreapp2.0\ModelRelief.Test.dll" adapterTypeName="executor://xunit/VsTestRunner2/netcoreapp" className="ModelRelief.Test.Integration.Cameras.CamerasBaseIntegrationTests" name="Patch_InvalidReferencePropertyReturnsBadRequest" /></UnitTest><UnitTest name="Patch_InvalidPropertyNameReturnsBadRequest" storage="d:\github\modelrelief\modelrelief.test\bin\debug\netcoreapp2.0\modelrelief.test.dll" id="7482c830-0480-4026-a8bd-13574058d671"><Execution id="63c64524-39b2-47d4-a02a-ad53a83dd589" /><TestMethod codeBase="d:\Github\ModelRelief\ModelRelief.test\bin\Debug\netcoreapp2.0\ModelRelief.Test.dll" adapterTypeName="executor://xunit/VsTestRunner2/netcoreapp" className="ModelRelief.Test.Integration.Cameras.CamerasBaseIntegrationTests" name="Patch_InvalidPropertyNameReturnsBadRequest" /></UnitTest><UnitTest name="Post_InvalidReferencePropertyReturnsBadRequest" storage="d:\github\modelrelief\modelrelief.test\bin\debug\netcoreapp2.0\modelrelief.test.dll" id="4564a9a9-4157-436d-9c7d-053c28d8996f"><Execution id="0649f0ea-dc53-4b96-87b4-18dd1e462644" /><TestMethod codeBase="d:\Github\ModelRelief\ModelRelief.test\bin\Debug\netcoreapp2.0\ModelRelief.Test.dll" adapterTypeName="executor://xunit/VsTestRunner2/netcoreapp" className="ModelRelief.Test.Integration.Cameras.CamerasBaseIntegrationTests" name="Post_InvalidReferencePropertyReturnsBadRequest" /></UnitTest><UnitTest name="Put_CanUpdateModel" storage="d:\github\modelrelief\modelrelief.test\bin\debug\netcoreapp2.0\modelrelief.test.dll" id="42f2a251-df5f-4801-adb7-4e7ab6dd92e4"><Execution id="4c737fa5-25ae-48ff-b0a4-8f23cd76c2cb" /><TestMethod codeBase="d:\Github\ModelRelief\ModelRelief.test\bin\Debug\netcoreapp2.0\ModelRelief.Test.dll" adapterTypeName="executor://xunit/VsTestRunner2/netcoreapp" className="ModelRelief.Test.Integration.MeshTransforms.MeshTransformsBaseIntegrationTests" name="Put_CanUpdateModel" /></UnitTest><UnitTest name="Post_InvalidReferencePropertyReturnsBadRequest" storage="d:\github\modelrelief\modelrelief.test\bin\debug\netcoreapp2.0\modelrelief.test.dll" id="322933a7-1ba9-4a66-b505-0c8fc38d8b9d"><Execution id="a808eeca-a020-4ed2-8f39-e078ecf3a8e9" /><TestMethod codeBase="d:\Github\ModelRelief\ModelRelief.test\bin\Debug\netcoreapp2.0\ModelRelief.Test.dll" adapterTypeName="executor://xunit/VsTestRunner2/netcoreapp" className="ModelRelief.Test.Integration.DepthBuffers.DepthBuffersBaseIntegrationTests" name="Post_InvalidReferencePropertyReturnsBadRequest" /></UnitTest><UnitTest name="LucyDepthBufferFindsOneDependent" storage="d:\github\modelrelief\modelrelief.test\bin\debug\netcoreapp2.0\modelrelief.test.dll" id="eb368a0f-ea9f-4030-8bc8-754695f7200c"><Execution id="c8c5f7c0-6951-43a0-a2c4-5adf472d11a1" /><TestMethod codeBase="d:\Github\ModelRelief\ModelRelief.test\bin\Debug\netcoreapp2.0\ModelRelief.Test.dll" adapterTypeName="executor://xunit/VsTestRunner2/netcoreapp" className="ModelRelief.Test.Unit.DependencyManager.DependencyManagerTests" name="LucyDepthBufferFindsOneDependent" /></UnitTest><UnitTest name="FileRequest_FileCanBeReadAfterRename" storage="d:\github\modelrelief\modelrelief.test\bin\debug\netcoreapp2.0\modelrelief.test.dll" id="c9c7224b-9c0f-4795-8598-b2b2dfc6f155"><Execution id="bdde063b-7b3f-409d-a9f6-025b5c4c9dde" /><TestMethod codeBase="d:\Github\ModelRelief\ModelRelief.test\bin\Debug\netcoreapp2.0\ModelRelief.Test.dll" adapterTypeName="executor://xunit/VsTestRunner2/netcoreapp" className="ModelRelief.Test.Integration.Models.ModelsFileIntegrationTests" name="FileRequest_FileCanBeReadAfterRename" /></UnitTest><UnitTest name="Patch_InvalidPropertyNameReturnsBadRequest" storage="d:\github\modelrelief\modelrelief.test\bin\debug\netcoreapp2.0\modelrelief.test.dll" id="2652eb5b-d422-485e-b1d8-2481d62083ab"><Execution id="44a8ec5a-f295-41f6-a3ad-e711bdf7eba0" /><TestMethod codeBase="d:\Github\ModelRelief\ModelRelief.test\bin\Debug\netcoreapp2.0\ModelRelief.Test.dll" adapterTypeName="executor://xunit/VsTestRunner2/netcoreapp" className="ModelRelief.Test.Integration.Meshes.MeshesBaseIntegrationTests" name="Patch_InvalidPropertyNameReturnsBadRequest" /></UnitTest><UnitTest name="FileRequest_FileCanBeReadAfterRename" storage="d:\github\modelrelief\modelrelief.test\bin\debug\netcoreapp2.0\modelrelief.test.dll" id="ef73f0ca-12da-4abe-aed2-a5bdc56f9b14"><Execution id="60c29677-4dee-43e0-9b1e-42a77856f688" /><TestMethod codeBase="d:\Github\ModelRelief\ModelRelief.test\bin\Debug\netcoreapp2.0\ModelRelief.Test.dll" adapterTypeName="executor://xunit/VsTestRunner2/netcoreapp" className="ModelRelief.Test.Integration.Meshes.MeshesFileIntegrationTests" name="FileRequest_FileCanBeReadAfterRename" /></UnitTest><UnitTest name="Patch_MultipleInvalidReferencePropertiesReturnsMultipleValidationErrorsAndBadRequest" storage="d:\github\modelrelief\modelrelief.test\bin\debug\netcoreapp2.0\modelrelief.test.dll" id="48e3d8fe-f7bd-4e19-903e-5e71db1ffd5c"><Execution id="47d7bb0d-1fc4-41f3-ae18-c08deab89ea2" /><TestMethod codeBase="d:\Github\ModelRelief\ModelRelief.test\bin\Debug\netcoreapp2.0\ModelRelief.Test.dll" adapterTypeName="executor://xunit/VsTestRunner2/netcoreapp" className="ModelRelief.Test.Integration.Meshes.MeshesBaseIntegrationTests" name="Patch_MultipleInvalidReferencePropertiesReturnsMultipleValidationErrorsAndBadRequest" /></UnitTest><UnitTest name="Patch_TargetPropertyIsUpdated" storage="d:\github\modelrelief\modelrelief.test\bin\debug\netcoreapp2.0\modelrelief.test.dll" id="07087b08-57f7-42d6-8c23-482755c9518d"><Execution id="8ee6cf55-07a9-4dd0-9753-59fa657dbf57" /><TestMethod codeBase="d:\Github\ModelRelief\ModelRelief.test\bin\Debug\netcoreapp2.0\ModelRelief.Test.dll" adapterTypeName="executor://xunit/VsTestRunner2/netcoreapp" className="ModelRelief.Test.Integration.Cameras.CamerasBaseIntegrationTests" name="Patch_TargetPropertyIsUpdated" /></UnitTest><UnitTest name="Delete_TargetModelIsDeleted" storage="d:\github\modelrelief\modelrelief.test\bin\debug\netcoreapp2.0\modelrelief.test.dll" id="9a6eb282-f74f-4bcb-94e9-51e1aec32fb5"><Execution id="c31825ad-d32d-4f51-a9a0-02b689e8189f" /><TestMethod codeBase="d:\Github\ModelRelief\ModelRelief.test\bin\Debug\netcoreapp2.0\ModelRelief.Test.dll" adapterTypeName="executor://xunit/VsTestRunner2/netcoreapp" className="ModelRelief.Test.Integration.Projects.ProjectsBaseIntegrationTests" name="Delete_TargetModelIsDeleted" /></UnitTest><UnitTest name="LucyModel3dHasTwoDependents" storage="d:\github\modelrelief\modelrelief.test\bin\debug\netcoreapp2.0\modelrelief.test.dll" id="d22cbb2f-9542-4ab8-8c30-681734ec2899"><Execution id="ed6d6900-d39d-4f3a-b889-4e492eadd21d" /><TestMethod codeBase="d:\Github\ModelRelief\ModelRelief.test\bin\Debug\netcoreapp2.0\ModelRelief.Test.dll" adapterTypeName="executor://xunit/VsTestRunner2/netcoreapp" className="ModelRelief.Test.Unit.DependencyManager.DependencyManagerTests" name="LucyModel3dHasTwoDependents" /></UnitTest><UnitTest name="GetSingle_ValidIdPropertyValueReturnsCorrectModel" storage="d:\github\modelrelief\modelrelief.test\bin\debug\netcoreapp2.0\modelrelief.test.dll" id="3dc82b93-c13c-43fe-95dd-6a4d777c9c60"><Execution id="82b60ebe-5fe4-4f5f-90b1-c4d1e676f6c2" /><TestMethod codeBase="d:\Github\ModelRelief\ModelRelief.test\bin\Debug\netcoreapp2.0\ModelRelief.Test.dll" adapterTypeName="executor://xunit/VsTestRunner2/netcoreapp" className="ModelRelief.Test.Integration.Projects.ProjectsBaseIntegrationTests" name="GetSingle_ValidIdPropertyValueReturnsCorrectModel" /></UnitTest><UnitTest name="GetFile_NonExistentFileReturnsNotFound" storage="d:\github\modelrelief\modelrelief.test\bin\debug\netcoreapp2.0\modelrelief.test.dll" id="1f6b2f60-7514-4c7b-8476-10b2b6115b32"><Execution id="355fede0-08cd-488b-86e5-7eaf908af869" /><TestMethod codeBase="d:\Github\ModelRelief\ModelRelief.test\bin\Debug\netcoreapp2.0\ModelRelief.Test.dll" adapterTypeName="executor://xunit/VsTestRunner2/netcoreapp" className="ModelRelief.Test.Integration.Meshes.MeshesFileIntegrationTests" name="GetFile_NonExistentFileReturnsNotFound" /></UnitTest><UnitTest name="Delete_TargetModelIsDeleted" storage="d:\github\modelrelief\modelrelief.test\bin\debug\netcoreapp2.0\modelrelief.test.dll" id="9c735e41-f0b0-4975-bd74-42e29b5c1e2e"><Execution id="b7da4eba-7e5e-4410-a8bf-10b611e8a20d" /><TestMethod codeBase="d:\Github\ModelRelief\ModelRelief.test\bin\Debug\netcoreapp2.0\ModelRelief.Test.dll" adapterTypeName="executor://xunit/VsTestRunner2/netcoreapp" className="ModelRelief.Test.Integration.DepthBuffers.DepthBuffersBaseIntegrationTests" name="Delete_TargetModelIsDeleted" /></UnitTest><UnitTest name="Put_InvalidIdReturnsNotFound" storage="d:\github\modelrelief\modelrelief.test\bin\debug\netcoreapp2.0\modelrelief.test.dll" id="8181825c-aed4-4150-8305-119cbd18a801"><Execution id="1daa33d6-ae73-426f-86ef-b383eaab527a" /><TestMethod codeBase="d:\Github\ModelRelief\ModelRelief.test\bin\Debug\netcoreapp2.0\ModelRelief.Test.dll" adapterTypeName="executor://xunit/VsTestRunner2/netcoreapp" className="ModelRelief.Test.Integration.Cameras.CamerasBaseIntegrationTests" name="Put_InvalidIdReturnsNotFound" /></UnitTest><UnitTest name="Delete_TargetModelIsDeleted" storage="d:\github\modelrelief\modelrelief.test\bin\debug\netcoreapp2.0\modelrelief.test.dll" id="018f9fb0-1141-452d-9ce0-07cc4b283f86"><Execution id="6e5cacbb-6d70-4a7d-a261-7475f189b983" /><TestMethod codeBase="d:\Github\ModelRelief\ModelRelief.test\bin\Debug\netcoreapp2.0\ModelRelief.Test.dll" adapterTypeName="executor://xunit/VsTestRunner2/netcoreapp" className="ModelRelief.Test.Integration.Meshes.MeshesBaseIntegrationTests" name="Delete_TargetModelIsDeleted" /></UnitTest><UnitTest name="GetList_ListReturnsCorrectCount" storage="d:\github\modelrelief\modelrelief.test\bin\debug\netcoreapp2.0\modelrelief.test.dll" id="30d6e58f-3218-4b20-bcb8-2e1c199219ac"><Execution id="68e0593b-4e6c-4225-a21b-22bcf344092a" /><TestMethod codeBase="d:\Github\ModelRelief\ModelRelief.test\bin\Debug\netcoreapp2.0\ModelRelief.Test.dll" adapterTypeName="executor://xunit/VsTestRunner2/netcoreapp" className="ModelRelief.Test.Integration.Meshes.MeshesBaseIntegrationTests" name="GetList_ListReturnsCorrectCount" /></UnitTest><UnitTest name="GetList_ListReturnsCorrectCount" storage="d:\github\modelrelief\modelrelief.test\bin\debug\netcoreapp2.0\modelrelief.test.dll" id="e009b878-8458-4d34-b7b9-c639803565a3"><Execution id="14e50e36-a8e6-4a49-a94a-3ed567d06470" /><TestMethod codeBase="d:\Github\ModelRelief\ModelRelief.test\bin\Debug\netcoreapp2.0\ModelRelief.Test.dll" adapterTypeName="executor://xunit/VsTestRunner2/netcoreapp" className="ModelRelief.Test.Integration.Models.ModelsBaseIntegrationTests" name="GetList_ListReturnsCorrectCount" /></UnitTest><UnitTest name="GetFile_NonExistentFileReturnsNotFound" storage="d:\github\modelrelief\modelrelief.test\bin\debug\netcoreapp2.0\modelrelief.test.dll" id="7b9c315f-5ee4-4f50-ab8c-e1e754c6659b"><Execution id="7b3e917c-fdc3-4c7e-adab-36c695aa9093" /><TestMethod codeBase="d:\Github\ModelRelief\ModelRelief.test\bin\Debug\netcoreapp2.0\ModelRelief.Test.dll" adapterTypeName="executor://xunit/VsTestRunner2/netcoreapp" className="ModelRelief.Test.Integration.Models.ModelsFileIntegrationTests" name="GetFile_NonExistentFileReturnsNotFound" /></UnitTest><UnitTest name="PutFile_NewFileCanBePut" storage="d:\github\modelrelief\modelrelief.test\bin\debug\netcoreapp2.0\modelrelief.test.dll" id="e613acce-f21f-4c54-a7a3-d0d299425e9f"><Execution id="ea35a4b3-e9e0-4191-876e-088b9502eaec" /><TestMethod codeBase="d:\Github\ModelRelief\ModelRelief.test\bin\Debug\netcoreapp2.0\ModelRelief.Test.dll" adapterTypeName="executor://xunit/VsTestRunner2/netcoreapp" className="ModelRelief.Test.Integration.Models.ModelsFileIntegrationTests" name="PutFile_NewFileCanBePut" /></UnitTest><UnitTest name="Patch_ValidReferencePropertyUpdatesModel" storage="d:\github\modelrelief\modelrelief.test\bin\debug\netcoreapp2.0\modelrelief.test.dll" id="1eaff083-38d6-4eeb-bcfb-35a2cbbcdaf5"><Execution id="d53637a4-e15d-40d9-aaf1-1490adee6acf" /><TestMethod codeBase="d:\Github\ModelRelief\ModelRelief.test\bin\Debug\netcoreapp2.0\ModelRelief.Test.dll" adapterTypeName="executor://xunit/VsTestRunner2/netcoreapp" className="ModelRelief.Test.Integration.Meshes.MeshesBaseIntegrationTests" name="Patch_ValidReferencePropertyUpdatesModel" /></UnitTest><UnitTest name="GetFile_ExistingFileReturnsSuccess" storage="d:\github\modelrelief\modelrelief.test\bin\debug\netcoreapp2.0\modelrelief.test.dll" id="9db33f0a-5e6a-482c-908b-fe780e4dd1d5"><Execution id="08de8cdf-58b2-4c41-ae8b-50bacf3e4854" /><TestMethod codeBase="d:\Github\ModelRelief\ModelRelief.test\bin\Debug\netcoreapp2.0\ModelRelief.Test.dll" adapterTypeName="executor://xunit/VsTestRunner2/netcoreapp" className="ModelRelief.Test.Integration.Models.ModelsFileIntegrationTests" name="GetFile_ExistingFileReturnsSuccess" /></UnitTest><UnitTest name="Patch_TargetPropertyIsUpdated" storage="d:\github\modelrelief\modelrelief.test\bin\debug\netcoreapp2.0\modelrelief.test.dll" id="0864e5fd-76da-4102-91bf-415db61f7e18"><Execution id="11b2c8cf-a629-41ba-880d-97e9c123fba2" /><TestMethod codeBase="d:\Github\ModelRelief\ModelRelief.test\bin\Debug\netcoreapp2.0\ModelRelief.Test.dll" adapterTypeName="executor://xunit/VsTestRunner2/netcoreapp" className="ModelRelief.Test.Integration.MeshTransforms.MeshTransformsBaseIntegrationTests" name="Patch_TargetPropertyIsUpdated" /></UnitTest><UnitTest name="Post_InvalidPropertyValueReturnsBadRequest" storage="d:\github\modelrelief\modelrelief.test\bin\debug\netcoreapp2.0\modelrelief.test.dll" id="cfa46a4e-5eec-4f5e-b79c-d08a68bcbbe1"><Execution id="6e4bfa01-9c79-4d0b-a34d-db9bd500b657" /><TestMethod codeBase="d:\Github\ModelRelief\ModelRelief.test\bin\Debug\netcoreapp2.0\ModelRelief.Test.dll" adapterTypeName="executor://xunit/VsTestRunner2/netcoreapp" className="ModelRelief.Test.Integration.Meshes.MeshesBaseIntegrationTests" name="Post_InvalidPropertyValueReturnsBadRequest" /></UnitTest><UnitTest name="Put_InvalidIdReturnsNotFound" storage="d:\github\modelrelief\modelrelief.test\bin\debug\netcoreapp2.0\modelrelief.test.dll" id="7d9b720b-ea24-4932-ba81-869764857296"><Execution id="98a8d2b5-e531-4db7-9687-0112c561f84d" /><TestMethod codeBase="d:\Github\ModelRelief\ModelRelief.test\bin\Debug\netcoreapp2.0\ModelRelief.Test.dll" adapterTypeName="executor://xunit/VsTestRunner2/netcoreapp" className="ModelRelief.Test.Integration.Models.ModelsBaseIntegrationTests" name="Put_InvalidIdReturnsNotFound" /></UnitTest><UnitTest name="Delete_TargetModelIsDeleted" storage="d:\github\modelrelief\modelrelief.test\bin\debug\netcoreapp2.0\modelrelief.test.dll" id="417ab71c-ba96-43e8-b25d-a0c980c775ca"><Execution id="608b7a5e-db5d-44cb-9ed3-ae047331b622" /><TestMethod codeBase="d:\Github\ModelRelief\ModelRelief.test\bin\Debug\netcoreapp2.0\ModelRelief.Test.dll" adapterTypeName="executor://xunit/VsTestRunner2/netcoreapp" className="ModelRelief.Test.Integration.MeshTransforms.MeshTransformsBaseIntegrationTests" name="Delete_TargetModelIsDeleted" /></UnitTest><UnitTest name="Patch_InvalidReferencePropertyReturnsBadRequest" storage="d:\github\modelrelief\modelrelief.test\bin\debug\netcoreapp2.0\modelrelief.test.dll" id="5ccce6b2-4d0b-4444-a42c-b9a6d4e16eec"><Execution id="c04e517b-d9be-47e4-b498-5eb472bd65ad" /><TestMethod codeBase="d:\Github\ModelRelief\ModelRelief.test\bin\Debug\netcoreapp2.0\ModelRelief.Test.dll" adapterTypeName="executor://xunit/VsTestRunner2/netcoreapp" className="ModelRelief.Test.Integration.MeshTransforms.MeshTransformsBaseIntegrationTests" name="Patch_InvalidReferencePropertyReturnsBadRequest" /></UnitTest><UnitTest name="Patch_MultipleInvalidReferencePropertiesReturnsMultipleValidationErrorsAndBadRequest" storage="d:\github\modelrelief\modelrelief.test\bin\debug\netcoreapp2.0\modelrelief.test.dll" id="4b632fde-531e-4325-97dd-3ed8b72e3a95"><Execution id="5eb5c396-8984-47f6-998b-f27472de4f4a" /><TestMethod codeBase="d:\Github\ModelRelief\ModelRelief.test\bin\Debug\netcoreapp2.0\ModelRelief.Test.dll" adapterTypeName="executor://xunit/VsTestRunner2/netcoreapp" className="ModelRelief.Test.Integration.Models.ModelsBaseIntegrationTests" name="Patch_MultipleInvalidReferencePropertiesReturnsMultipleValidationErrorsAndBadRequest" /></UnitTest><UnitTest name="GetSingle_InvalidIdPropertyValueReturnsNotFound" storage="d:\github\modelrelief\modelrelief.test\bin\debug\netcoreapp2.0\modelrelief.test.dll" id="8ead3bb2-e2f1-4f46-8a1d-612305679864"><Execution id="c39c7e26-154c-4b25-9838-204aa29613bf" /><TestMethod codeBase="d:\Github\ModelRelief\ModelRelief.test\bin\Debug\netcoreapp2.0\ModelRelief.Test.dll" adapterTypeName="executor://xunit/VsTestRunner2/netcoreapp" className="ModelRelief.Test.Integration.Projects.ProjectsBaseIntegrationTests" name="GetSingle_InvalidIdPropertyValueReturnsNotFound" /></UnitTest><UnitTest name="PostFile_FileTimeStampIsUpdatedAfterFileIsPosted" storage="d:\github\modelrelief\modelrelief.test\bin\debug\netcoreapp2.0\modelrelief.test.dll" id="2fd36f6c-859d-42f2-b104-2bf9b7e4c995"><Execution id="309e3e25-c3e6-4118-a614-ce21a0ed3bf2" /><TestMethod codeBase="d:\Github\ModelRelief\ModelRelief.test\bin\Debug\netcoreapp2.0\ModelRelief.Test.dll" adapterTypeName="executor://xunit/VsTestRunner2/netcoreapp" className="ModelRelief.Test.Integration.DepthBuffers.DepthBuffersFileIntegrationTests" name="PostFile_FileTimeStampIsUpdatedAfterFileIsPosted" /></UnitTest><UnitTest name="PostFile_NewFileCanBePosted" storage="d:\github\modelrelief\modelrelief.test\bin\debug\netcoreapp2.0\modelrelief.test.dll" id="9eba8647-1d83-4f74-88b5-3b0f0af2f3a6"><Execution id="e8f69247-5ce3-417d-8d17-ce04f8c34398" /><TestMethod codeBase="d:\Github\ModelRelief\ModelRelief.test\bin\Debug\netcoreapp2.0\ModelRelief.Test.dll" adapterTypeName="executor://xunit/VsTestRunner2/netcoreapp" className="ModelRelief.Test.Integration.Meshes.MeshesFileIntegrationTests" name="PostFile_NewFileCanBePosted" /></UnitTest><UnitTest name="Post_ValidReferencePropertyCreatesModel" storage="d:\github\modelrelief\modelrelief.test\bin\debug\netcoreapp2.0\modelrelief.test.dll" id="16125954-0001-4dcf-9b17-3925deab0283"><Execution id="3737fc39-8d20-4608-b792-2b9675855173" /><TestMethod codeBase="d:\Github\ModelRelief\ModelRelief.test\bin\Debug\netcoreapp2.0\ModelRelief.Test.dll" adapterTypeName="executor://xunit/VsTestRunner2/netcoreapp" className="ModelRelief.Test.Integration.Projects.ProjectsBaseIntegrationTests" name="Post_ValidReferencePropertyCreatesModel" /></UnitTest><UnitTest name="Patch_ValidReferencePropertyUpdatesModel" storage="d:\github\modelrelief\modelrelief.test\bin\debug\netcoreapp2.0\modelrelief.test.dll" id="6a9628c7-4f08-4f58-a82f-e988215a0321"><Execution id="f27bee94-4783-4da2-b6b8-aaa277c0a58d" /><TestMethod codeBase="d:\Github\ModelRelief\ModelRelief.test\bin\Debug\netcoreapp2.0\ModelRelief.Test.dll" adapterTypeName="executor://xunit/VsTestRunner2/netcoreapp" className="ModelRelief.Test.Integration.Models.ModelsBaseIntegrationTests" name="Patch_ValidReferencePropertyUpdatesModel" /></UnitTest><UnitTest name="Patch_TargetPropertyIsUpdated" storage="d:\github\modelrelief\modelrelief.test\bin\debug\netcoreapp2.0\modelrelief.test.dll" id="2b9275c4-7c34-4689-8477-b498c80069e2"><Execution id="904e3d4f-523b-42f2-b10c-dd2e6d5e7298" /><TestMethod codeBase="d:\Github\ModelRelief\ModelRelief.test\bin\Debug\netcoreapp2.0\ModelRelief.Test.dll" adapterTypeName="executor://xunit/VsTestRunner2/netcoreapp" className="ModelRelief.Test.Integration.Meshes.MeshesBaseIntegrationTests" name="Patch_TargetPropertyIsUpdated" /></UnitTest><UnitTest name="FileRequest_MeshIsInvalidatedAfterDepthBufferFileBecomesUnsynchronized" storage="d:\github\modelrelief\modelrelief.test\bin\debug\netcoreapp2.0\modelrelief.test.dll" id="99129312-0266-49ab-85e2-a608131cc764"><Execution id="2cef2e7d-1113-423a-b95e-fcc6b73357fe" /><TestMethod codeBase="d:\Github\ModelRelief\ModelRelief.test\bin\Debug\netcoreapp2.0\ModelRelief.Test.dll" adapterTypeName="executor://xunit/VsTestRunner2/netcoreapp" className="ModelRelief.Test.Integration.Meshes.MeshesFileIntegrationTests" name="FileRequest_MeshIsInvalidatedAfterDepthBufferFileBecomesUnsynchronized" /></UnitTest><UnitTest name="Patch_MultipleInvalidReferencePropertiesReturnsMultipleValidationErrorsAndBadRequest" storage="d:\github\modelrelief\modelrelief.test\bin\debug\netcoreapp2.0\modelrelief.test.dll" id="626ebbe7-fb05-4b63-bbfb-131ff1874f66"><Execution id="b6ad009b-a4f3-4dd9-b995-8a675b67b7f5" /><TestMethod codeBase="d:\Github\ModelRelief\ModelRelief.test\bin\Debug\netcoreapp2.0\ModelRelief.Test.dll" adapterTypeName="executor://xunit/VsTestRunner2/netcoreapp" className="ModelRelief.Test.Integration.DepthBuffers.DepthBuffersBaseIntegrationTests" name="Patch_MultipleInvalidReferencePropertiesReturnsMultipleValidationErrorsAndBadRequest" /></UnitTest><UnitTest name="Post_ValidReferencePropertyCreatesModel" storage="d:\github\modelrelief\modelrelief.test\bin\debug\netcoreapp2.0\modelrelief.test.dll" id="b9e727d1-f816-4fc2-889a-0c49dca5aab8"><Execution id="c7cd307c-e58c-44ec-b498-6ba7cc7e9fe6" /><TestMethod codeBase="d:\Github\ModelRelief\ModelRelief.test\bin\Debug\netcoreapp2.0\ModelRelief.Test.dll" adapterTypeName="executor://xunit/VsTestRunner2/netcoreapp" className="ModelRelief.Test.Integration.MeshTransforms.MeshTransformsBaseIntegrationTests" name="Post_ValidReferencePropertyCreatesModel" /></UnitTest><UnitTest name="GetSingle_InvalidIdPropertyValueReturnsNotFound" storage="d:\github\modelrelief\modelrelief.test\bin\debug\netcoreapp2.0\modelrelief.test.dll" id="b60ebae9-1c10-4730-a80c-f6e22c59679a"><Execution id="5272baf0-e74b-41cf-9e60-3f6785aa46c6" /><TestMethod codeBase="d:\Github\ModelRelief\ModelRelief.test\bin\Debug\netcoreapp2.0\ModelRelief.Test.dll" adapterTypeName="executor://xunit/VsTestRunner2/netcoreapp" className="ModelRelief.Test.Integration.DepthBuffers.DepthBuffersBaseIntegrationTests" name="GetSingle_InvalidIdPropertyValueReturnsNotFound" /></UnitTest><UnitTest name="Put_ValidReferencePropertyUpdatesModel" storage="d:\github\modelrelief\modelrelief.test\bin\debug\netcoreapp2.0\modelrelief.test.dll" id="02bd7d5f-0e50-4f51-b4c8-9340c3ca660c"><Execution id="971ff956-8048-48c2-b6c8-c344ac6fecb4" /><TestMethod codeBase="d:\Github\ModelRelief\ModelRelief.test\bin\Debug\netcoreapp2.0\ModelRelief.Test.dll" adapterTypeName="executor://xunit/VsTestRunner2/netcoreapp" className="ModelRelief.Test.Integration.DepthBuffers.DepthBuffersBaseIntegrationTests" name="Put_ValidReferencePropertyUpdatesModel" /></UnitTest><UnitTest name="Patch_InvalidReferencePropertyReturnsBadRequest" storage="d:\github\modelrelief\modelrelief.test\bin\debug\netcoreapp2.0\modelrelief.test.dll" id="31f23687-6eeb-4ec3-ae67-c60211582e0d"><Execution id="732d8df5-135c-4983-a8c6-542b43c95748" /><TestMethod codeBase="d:\Github\ModelRelief\ModelRelief.test\bin\Debug\netcoreapp2.0\ModelRelief.Test.dll" adapterTypeName="executor://xunit/VsTestRunner2/netcoreapp" className="ModelRelief.Test.Integration.Projects.ProjectsBaseIntegrationTests" name="Patch_InvalidReferencePropertyReturnsBadRequest" /></UnitTest><UnitTest name="Patch_InvalidIdPropertyReturnsNotFound" storage="d:\github\modelrelief\modelrelief.test\bin\debug\netcoreapp2.0\modelrelief.test.dll" id="e0cc7202-4398-434d-9664-4a40c45c4020"><Execution id="69d719e7-cc75-4658-bc92-a7471b6cb799" /><TestMethod codeBase="d:\Github\ModelRelief\ModelRelief.test\bin\Debug\netcoreapp2.0\ModelRelief.Test.dll" adapterTypeName="executor://xunit/VsTestRunner2/netcoreapp" className="ModelRelief.Test.Integration.Projects.ProjectsBaseIntegrationTests" name="Patch_InvalidIdPropertyReturnsNotFound" /></UnitTest><UnitTest name="GetFile_ExistingFileReturnsSuccess" storage="d:\github\modelrelief\modelrelief.test\bin\debug\netcoreapp2.0\modelrelief.test.dll" id="e64de951-f633-4754-856a-eb88f3cd5ed4"><Execution id="f5e7dd0c-1f99-446d-837a-8b92535d7471" /><TestMethod codeBase="d:\Github\ModelRelief\ModelRelief.test\bin\Debug\netcoreapp2.0\ModelRelief.Test.dll" adapterTypeName="executor://xunit/VsTestRunner2/netcoreapp" className="ModelRelief.Test.Integration.Meshes.MeshesFileIntegrationTests" name="GetFile_ExistingFileReturnsSuccess" /></UnitTest><UnitTest name="Post_CanCreateNewModel" storage="d:\github\modelrelief\modelrelief.test\bin\debug\netcoreapp2.0\modelrelief.test.dll" id="2e01ff82-28f7-45a9-8fd6-524f9302340f"><Execution id="8446cd8d-3fb0-4445-8cea-6777789186f7" /><TestMethod codeBase="d:\Github\ModelRelief\ModelRelief.test\bin\Debug\netcoreapp2.0\ModelRelief.Test.dll" adapterTypeName="executor://xunit/VsTestRunner2/netcoreapp" className="ModelRelief.Test.Integration.Projects.ProjectsBaseIntegrationTests" name="Post_CanCreateNewModel" /></UnitTest><UnitTest name="Post_CanCreateNewModel" storage="d:\github\modelrelief\modelrelief.test\bin\debug\netcoreapp2.0\modelrelief.test.dll" id="b663798b-5c01-415f-93e9-c819854ad736"><Execution id="c1ea45eb-1fb6-443d-adb8-e160a1e7ec7c" /><TestMethod codeBase="d:\Github\ModelRelief\ModelRelief.test\bin\Debug\netcoreapp2.0\ModelRelief.Test.dll" adapterTypeName="executor://xunit/VsTestRunner2/netcoreapp" className="ModelRelief.Test.Integration.Meshes.MeshesBaseIntegrationTests" name="Post_CanCreateNewModel" /></UnitTest><UnitTest name="Put_InvalidReferencePropertyReturndBadRequest" storage="d:\github\modelrelief\modelrelief.test\bin\debug\netcoreapp2.0\modelrelief.test.dll" id="f6b67b41-2122-4c86-b46a-45dcb4c79bdd"><Execution id="953918a9-b84a-43c1-bdb6-6123cb78ffcc" /><TestMethod codeBase="d:\Github\ModelRelief\ModelRelief.test\bin\Debug\netcoreapp2.0\ModelRelief.Test.dll" adapterTypeName="executor://xunit/VsTestRunner2/netcoreapp" className="ModelRelief.Test.Integration.Projects.ProjectsBaseIntegrationTests" name="Put_InvalidReferencePropertyReturndBadRequest" /></UnitTest><UnitTest name="GetList_ListReturnsCorrectCount" storage="d:\github\modelrelief\modelrelief.test\bin\debug\netcoreapp2.0\modelrelief.test.dll" id="6e232925-db7e-4885-8311-23f9a2e438a2"><Execution id="9803de13-cd1e-4295-93b5-bcfed75a3186" /><TestMethod codeBase="d:\Github\ModelRelief\ModelRelief.test\bin\Debug\netcoreapp2.0\ModelRelief.Test.dll" adapterTypeName="executor://xunit/VsTestRunner2/netcoreapp" className="ModelRelief.Test.Integration.Cameras.CamerasBaseIntegrationTests" name="GetList_ListReturnsCorrectCount" /></UnitTest><UnitTest name="Patch_MultipleInvalidReferencePropertiesReturnsMultipleValidationErrorsAndBadRequest" storage="d:\github\modelrelief\modelrelief.test\bin\debug\netcoreapp2.0\modelrelief.test.dll" id="0e0603d6-3fe3-4fb4-bdab-a421a7fc047b"><Execution id="75a448ff-29f9-4853-8fce-48a662b8a711" /><TestMethod codeBase="d:\Github\ModelRelief\ModelRelief.test\bin\Debug\netcoreapp2.0\ModelRelief.Test.dll" adapterTypeName="executor://xunit/VsTestRunner2/netcoreapp" className="ModelRelief.Test.Integration.MeshTransforms.MeshTransformsBaseIntegrationTests" name="Patch_MultipleInvalidReferencePropertiesReturnsMultipleValidationErrorsAndBadRequest" /></UnitTest><UnitTest name="PutFile_FileCanBeUpdated" storage="d:\github\modelrelief\modelrelief.test\bin\debug\netcoreapp2.0\modelrelief.test.dll" id="8036300d-c11d-4333-ac91-3ad190a02e01"><Execution id="a380a841-cc77-4163-8851-9b0e857ca0cf" /><TestMethod codeBase="d:\Github\ModelRelief\ModelRelief.test\bin\Debug\netcoreapp2.0\ModelRelief.Test.dll" adapterTypeName="executor://xunit/VsTestRunner2/netcoreapp" className="ModelRelief.Test.Integration.DepthBuffers.DepthBuffersFileIntegrationTests" name="PutFile_FileCanBeUpdated" /></UnitTest><UnitTest name="GetFile_FileCanBeRoundTripped" storage="d:\github\modelrelief\modelrelief.test\bin\debug\netcoreapp2.0\modelrelief.test.dll" id="6c1e8dfa-6e96-47a0-83ae-134dfe929da6"><Execution id="695a9e5b-02d2-45e8-9538-85525a24a5ee" /><TestMethod codeBase="d:\Github\ModelRelief\ModelRelief.test\bin\Debug\netcoreapp2.0\ModelRelief.Test.dll" adapterTypeName="executor://xunit/VsTestRunner2/netcoreapp" className="ModelRelief.Test.Integration.DepthBuffers.DepthBuffersFileIntegrationTests" name="GetFile_FileCanBeRoundTripped" /></UnitTest><UnitTest name="Patch_InvalidIdPropertyReturnsNotFound" storage="d:\github\modelrelief\modelrelief.test\bin\debug\netcoreapp2.0\modelrelief.test.dll" id="e1546a00-8bdd-46d0-91f0-ccd462c2f95a"><Execution id="14e0d0be-157c-4109-9f5a-c2b9446d32ff" /><TestMethod codeBase="d:\Github\ModelRelief\ModelRelief.test\bin\Debug\netcoreapp2.0\ModelRelief.Test.dll" adapterTypeName="executor://xunit/VsTestRunner2/netcoreapp" className="ModelRelief.Test.Integration.Meshes.MeshesBaseIntegrationTests" name="Patch_InvalidIdPropertyReturnsNotFound" /></UnitTest><UnitTest name="PostFile_NewFileCanBePosted" storage="d:\github\modelrelief\modelrelief.test\bin\debug\netcoreapp2.0\modelrelief.test.dll" id="daf8f437-5f82-4379-96f4-53bbe89a747b"><Execution id="5d937fb7-4edb-41a2-9983-659660b4c286" /><TestMethod codeBase="d:\Github\ModelRelief\ModelRelief.test\bin\Debug\netcoreapp2.0\ModelRelief.Test.dll" adapterTypeName="executor://xunit/VsTestRunner2/netcoreapp" className="ModelRelief.Test.Integration.DepthBuffers.DepthBuffersFileIntegrationTests" name="PostFile_NewFileCanBePosted" /></UnitTest><UnitTest name="Put_CanUpdateModel" storage="d:\github\modelrelief\modelrelief.test\bin\debug\netcoreapp2.0\modelrelief.test.dll" id="36b2467f-779d-463d-9ed3-16c65e630a54"><Execution id="93ec6152-1cb8-4585-beda-de6656f68b6e" /><TestMethod codeBase="d:\Github\ModelRelief\ModelRelief.test\bin\Debug\netcoreapp2.0\ModelRelief.Test.dll" adapterTypeName="executor://xunit/VsTestRunner2/netcoreapp" className="ModelRelief.Test.Integration.Projects.ProjectsBaseIntegrationTests" name="Put_CanUpdateModel" /></UnitTest><UnitTest name="GetSingle_InvalidIdPropertyValueReturnsNotFound" storage="d:\github\modelrelief\modelrelief.test\bin\debug\netcoreapp2.0\modelrelief.test.dll" id="e8bffe6b-3ece-4741-a2b7-b349958dd16d"><Execution id="de85547f-7b49-4e26-bc14-7af2d8243243" /><TestMethod codeBase="d:\Github\ModelRelief\ModelRelief.test\bin\Debug\netcoreapp2.0\ModelRelief.Test.dll" adapterTypeName="executor://xunit/VsTestRunner2/netcoreapp" className="ModelRelief.Test.Integration.Cameras.CamerasBaseIntegrationTests" name="GetSingle_InvalidIdPropertyValueReturnsNotFound" /></UnitTest><UnitTest name="CameraHasExpectedDependentFiles" storage="d:\github\modelrelief\modelrelief.test\bin\debug\netcoreapp2.0\modelrelief.test.dll" id="b08a6104-40e9-466d-b932-0fd3118ce14b"><Execution id="8fe39589-c05a-4559-92e8-ad8098a3e193" /><TestMethod codeBase="d:\Github\ModelRelief\ModelRelief.test\bin\Debug\netcoreapp2.0\ModelRelief.Test.dll" adapterTypeName="executor://xunit/VsTestRunner2/netcoreapp" className="ModelRelief.Test.Unit.DependencyManager.DependencyManagerTests" name="CameraHasExpectedDependentFiles" /></UnitTest><UnitTest name="Put_ValidReferencePropertyUpdatesModel" storage="d:\github\modelrelief\modelrelief.test\bin\debug\netcoreapp2.0\modelrelief.test.dll" id="992d95ff-44f7-4c3c-8c2c-88c949a27afc"><Execution id="82e9d260-4713-4ac4-a584-95a96d877d53" /><TestMethod codeBase="d:\Github\ModelRelief\ModelRelief.test\bin\Debug\netcoreapp2.0\ModelRelief.Test.dll" adapterTypeName="executor://xunit/VsTestRunner2/netcoreapp" className="ModelRelief.Test.Integration.MeshTransforms.MeshTransformsBaseIntegrationTests" name="Put_ValidReferencePropertyUpdatesModel" /></UnitTest><UnitTest name="Patch_ValidReferencePropertyUpdatesModel" storage="d:\github\modelrelief\modelrelief.test\bin\debug\netcoreapp2.0\modelrelief.test.dll" id="532d22e2-a744-4b2b-8909-0da06763ac30"><Execution id="6eb1052c-5353-4fc6-a4eb-17dbdfe706f9" /><TestMethod codeBase="d:\Github\ModelRelief\ModelRelief.test\bin\Debug\netcoreapp2.0\ModelRelief.Test.dll" adapterTypeName="executor://xunit/VsTestRunner2/netcoreapp" className="ModelRelief.Test.Integration.Projects.ProjectsBaseIntegrationTests" name="Patch_ValidReferencePropertyUpdatesModel" /></UnitTest><UnitTest name="Patch_InvalidReferencePropertyReturnsBadRequest" storage="d:\github\modelrelief\modelrelief.test\bin\debug\netcoreapp2.0\modelrelief.test.dll" id="1e217f3f-14f9-455f-b664-e8ab7099e2f6"><Execution id="3e74750f-7e23-43e2-bd47-76e50447fc60" /><TestMethod codeBase="d:\Github\ModelRelief\ModelRelief.test\bin\Debug\netcoreapp2.0\ModelRelief.Test.dll" adapterTypeName="executor://xunit/VsTestRunner2/netcoreapp" className="ModelRelief.Test.Integration.Models.ModelsBaseIntegrationTests" name="Patch_InvalidReferencePropertyReturnsBadRequest" /></UnitTest><UnitTest name="Post_InvalidPropertyValueReturnsBadRequest" storage="d:\github\modelrelief\modelrelief.test\bin\debug\netcoreapp2.0\modelrelief.test.dll" id="cc53af90-acbf-48c3-a910-201dc37c8149"><Execution id="8491d56a-bc13-46af-b0b7-2b7bcf03807a" /><TestMethod codeBase="d:\Github\ModelRelief\ModelRelief.test\bin\Debug\netcoreapp2.0\ModelRelief.Test.dll" adapterTypeName="executor://xunit/VsTestRunner2/netcoreapp" className="ModelRelief.Test.Integration.Cameras.CamerasBaseIntegrationTests" name="Post_InvalidPropertyValueReturnsBadRequest" /></UnitTest><UnitTest name="PutFile_NewFileCanBePut" storage="d:\github\modelrelief\modelrelief.test\bin\debug\netcoreapp2.0\modelrelief.test.dll" id="ca7d4cb6-5d39-4135-b974-dbcd373faeaf"><Execution id="3f5e44da-d1ab-47bf-acf4-fdd99126b25d" /><TestMethod codeBase="d:\Github\ModelRelief\ModelRelief.test\bin\Debug\netcoreapp2.0\ModelRelief.Test.dll" adapterTypeName="executor://xunit/VsTestRunner2/netcoreapp" className="ModelRelief.Test.Integration.DepthBuffers.DepthBuffersFileIntegrationTests" name="PutFile_NewFileCanBePut" /></UnitTest><UnitTest name="Post_InvalidPropertyValueReturnsBadRequest" storage="d:\github\modelrelief\modelrelief.test\bin\debug\netcoreapp2.0\modelrelief.test.dll" id="f310de5a-5d2c-4382-96d2-c55b98b680db"><Execution id="e48253b4-ea6b-4848-8744-c0cf1397ab91" /><TestMethod codeBase="d:\Github\ModelRelief\ModelRelief.test\bin\Debug\netcoreapp2.0\ModelRelief.Test.dll" adapterTypeName="executor://xunit/VsTestRunner2/netcoreapp" className="ModelRelief.Test.Integration.Projects.ProjectsBaseIntegrationTests" name="Post_InvalidPropertyValueReturnsBadRequest" /></UnitTest><UnitTest name="Delete_TargetModelIsDeleted" storage="d:\github\modelrelief\modelrelief.test\bin\debug\netcoreapp2.0\modelrelief.test.dll" id="fa8f5924-9b54-4f16-b451-7bed4cfbf330"><Execution id="9ee435bd-c103-4f97-89c8-a6830b5e336e" /><TestMethod codeBase="d:\Github\ModelRelief\ModelRelief.test\bin\Debug\netcoreapp2.0\ModelRelief.Test.dll" adapterTypeName="executor://xunit/VsTestRunner2/netcoreapp" className="ModelRelief.Test.Integration.Cameras.CamerasBaseIntegrationTests" name="Delete_TargetModelIsDeleted" /></UnitTest><UnitTest name="Post_InvalidReferencePropertyReturnsBadRequest" storage="d:\github\modelrelief\modelrelief.test\bin\debug\netcoreapp2.0\modelrelief.test.dll" id="74893aef-4f10-4f24-80f9-8cc7103529de"><Execution id="f7e2cd59-9715-4481-a977-c8b7108df47f" /><TestMethod codeBase="d:\Github\ModelRelief\ModelRelief.test\bin\Debug\netcoreapp2.0\ModelRelief.Test.dll" adapterTypeName="executor://xunit/VsTestRunner2/netcoreapp" className="ModelRelief.Test.Integration.MeshTransforms.MeshTransformsBaseIntegrationTests" name="Post_InvalidReferencePropertyReturnsBadRequest" /></UnitTest><UnitTest name="PutFile_FileCanBeUpdated" storage="d:\github\modelrelief\modelrelief.test\bin\debug\netcoreapp2.0\modelrelief.test.dll" id="a02a0a95-a393-4da4-8489-c60b20ff6816"><Execution id="dc1e0d6d-ec3d-4d19-bd80-1bc195475693" /><TestMethod codeBase="d:\Github\ModelRelief\ModelRelief.test\bin\Debug\netcoreapp2.0\ModelRelief.Test.dll" adapterTypeName="executor://xunit/VsTestRunner2/netcoreapp" className="ModelRelief.Test.Integration.Models.ModelsFileIntegrationTests" name="PutFile_FileCanBeUpdated" /></UnitTest><UnitTest name="Patch_InvalidPropertyNameReturnsBadRequest" storage="d:\github\modelrelief\modelrelief.test\bin\debug\netcoreapp2.0\modelrelief.test.dll" id="e98db5ac-064b-497a-93f1-ce15102890db"><Execution id="ea848c5f-9759-4759-a3c1-9c52abcb0506" /><TestMethod codeBase="d:\Github\ModelRelief\ModelRelief.test\bin\Debug\netcoreapp2.0\ModelRelief.Test.dll" adapterTypeName="executor://xunit/VsTestRunner2/netcoreapp" className="ModelRelief.Test.Integration.Models.ModelsBaseIntegrationTests" name="Patch_InvalidPropertyNameReturnsBadRequest" /></UnitTest><UnitTest name="Put_InvalidReferencePropertyReturndBadRequest" storage="d:\github\modelrelief\modelrelief.test\bin\debug\netcoreapp2.0\modelrelief.test.dll" id="cc243ae4-2eee-4a0b-acde-d755457734e8"><Execution id="7f2edd59-60b9-4a1b-95d2-6c6ff6890661" /><TestMethod codeBase="d:\Github\ModelRelief\ModelRelief.test\bin\Debug\netcoreapp2.0\ModelRelief.Test.dll" adapterTypeName="executor://xunit/VsTestRunner2/netcoreapp" className="ModelRelief.Test.Integration.Cameras.CamerasBaseIntegrationTests" name="Put_InvalidReferencePropertyReturndBadRequest" /></UnitTest><UnitTest name="Patch_InvalidPropertyNameReturnsBadRequest" storage="d:\github\modelrelief\modelrelief.test\bin\debug\netcoreapp2.0\modelrelief.test.dll" id="85782155-ce38-4bab-89fe-afe4a9f6c17b"><Execution id="5891415a-9f26-41e3-acce-9246bfef9443" /><TestMethod codeBase="d:\Github\ModelRelief\ModelRelief.test\bin\Debug\netcoreapp2.0\ModelRelief.Test.dll" adapterTypeName="executor://xunit/VsTestRunner2/netcoreapp" className="ModelRelief.Test.Integration.Projects.ProjectsBaseIntegrationTests" name="Patch_InvalidPropertyNameReturnsBadRequest" /></UnitTest><UnitTest name="Patch_InvalidEnumPropertyValueReturnsBadRequest" storage="d:\github\modelrelief\modelrelief.test\bin\debug\netcoreapp2.0\modelrelief.test.dll" id="2d4b7587-c694-42e5-a19e-f82bcf288589"><Execution id="fa7b31fd-8328-4162-af49-61aa1ba0c277" /><TestMethod codeBase="d:\Github\ModelRelief\ModelRelief.test\bin\Debug\netcoreapp2.0\ModelRelief.Test.dll" adapterTypeName="executor://xunit/VsTestRunner2/netcoreapp" className="ModelRelief.Test.Integration.Cameras.CamerasBaseIntegrationTests" name="Patch_InvalidEnumPropertyValueReturnsBadRequest" /></UnitTest><UnitTest name="GetSingle_ValidIdPropertyValueReturnsCorrectModel" storage="d:\github\modelrelief\modelrelief.test\bin\debug\netcoreapp2.0\modelrelief.test.dll" id="9b64e5ab-66c1-4128-98c6-3524b256da0f"><Execution id="f96dff41-dae3-4c87-af3f-de59dc376c1b" /><TestMethod codeBase="d:\Github\ModelRelief\ModelRelief.test\bin\Debug\netcoreapp2.0\ModelRelief.Test.dll" adapterTypeName="executor://xunit/VsTestRunner2/netcoreapp" className="ModelRelief.Test.Integration.Meshes.MeshesBaseIntegrationTests" name="GetSingle_ValidIdPropertyValueReturnsCorrectModel" /></UnitTest><UnitTest name="Patch_InvalidReferencePropertyReturnsBadRequest" storage="d:\github\modelrelief\modelrelief.test\bin\debug\netcoreapp2.0\modelrelief.test.dll" id="a63a7730-ffb9-4eff-be57-af81f594cbca"><Execution id="c510bb1f-59ca-4f7d-bade-ca265dcb663f" /><TestMethod codeBase="d:\Github\ModelRelief\ModelRelief.test\bin\Debug\netcoreapp2.0\ModelRelief.Test.dll" adapterTypeName="executor://xunit/VsTestRunner2/netcoreapp" className="ModelRelief.Test.Integration.Meshes.MeshesBaseIntegrationTests" name="Patch_InvalidReferencePropertyReturnsBadRequest" /></UnitTest><UnitTest name="Put_InvalidIdReturnsNotFound" storage="d:\github\modelrelief\modelrelief.test\bin\debug\netcoreapp2.0\modelrelief.test.dll" id="5e559171-afc8-41f8-bd04-e85bfd1b5674"><Execution id="4377ba45-692a-4631-bf66-45d9957bb7bf" /><TestMethod codeBase="d:\Github\ModelRelief\ModelRelief.test\bin\Debug\netcoreapp2.0\ModelRelief.Test.dll" adapterTypeName="executor://xunit/VsTestRunner2/netcoreapp" className="ModelRelief.Test.Integration.MeshTransforms.MeshTransformsBaseIntegrationTests" name="Put_InvalidIdReturnsNotFound" /></UnitTest><UnitTest name="Patch_InvalidIdPropertyReturnsNotFound" storage="d:\github\modelrelief\modelrelief.test\bin\debug\netcoreapp2.0\modelrelief.test.dll" id="24fbdbc0-9ec8-4af1-8811-2c46549eb7a5"><Execution id="e813814d-8639-473a-a3d5-02b11cbde916" /><TestMethod codeBase="d:\Github\ModelRelief\ModelRelief.test\bin\Debug\netcoreapp2.0\ModelRelief.Test.dll" adapterTypeName="executor://xunit/VsTestRunner2/netcoreapp" className="ModelRelief.Test.Integration.MeshTransforms.MeshTransformsBaseIntegrationTests" name="Patch_InvalidIdPropertyReturnsNotFound" /></UnitTest><UnitTest name="Post_ValidReferencePropertyCreatesModel" storage="d:\github\modelrelief\modelrelief.test\bin\debug\netcoreapp2.0\modelrelief.test.dll" id="0ffb19e8-2cce-4018-a4c3-6bbdfc4b7cf3"><Execution id="1aa11bb2-40f2-4d67-bb62-36fca498adfe" /><TestMethod codeBase="d:\Github\ModelRelief\ModelRelief.test\bin\Debug\netcoreapp2.0\ModelRelief.Test.dll" adapterTypeName="executor://xunit/VsTestRunner2/netcoreapp" className="ModelRelief.Test.Integration.Models.ModelsBaseIntegrationTests" name="Post_ValidReferencePropertyCreatesModel" /></UnitTest><UnitTest name="Put_CanUpdateModel" storage="d:\github\modelrelief\modelrelief.test\bin\debug\netcoreapp2.0\modelrelief.test.dll" id="f195db9b-ea6f-491b-b654-69931f5ac8a5"><Execution id="4374eb6c-a5ad-4ac3-aa29-f327cd00541d" /><TestMethod codeBase="d:\Github\ModelRelief\ModelRelief.test\bin\Debug\netcoreapp2.0\ModelRelief.Test.dll" adapterTypeName="executor://xunit/VsTestRunner2/netcoreapp" className="ModelRelief.Test.Integration.Meshes.MeshesBaseIntegrationTests" name="Put_CanUpdateModel" /></UnitTest><UnitTest name="FileRequest_MeshGenerateScalesDepthBufferByP1Scale" storage="d:\github\modelrelief\modelrelief.test\bin\debug\netcoreapp2.0\modelrelief.test.dll" id="cdf1e1e6-8710-458d-bb9d-1be22fbc5c2b"><Execution id="43354591-5281-4c0d-ab9c-dc2e30a4c78d" /><TestMethod codeBase="d:\Github\ModelRelief\ModelRelief.test\bin\Debug\netcoreapp2.0\ModelRelief.Test.dll" adapterTypeName="executor://xunit/VsTestRunner2/netcoreapp" className="ModelRelief.Test.Integration.Meshes.MeshesFileIntegrationTests" name="FileRequest_MeshGenerateScalesDepthBufferByP1Scale" /></UnitTest><UnitTest name="Post_InvalidReferencePropertyReturnsBadRequest" storage="d:\github\modelrelief\modelrelief.test\bin\debug\netcoreapp2.0\modelrelief.test.dll" id="29d3b448-d37c-4f96-a6d8-35b252d818fe"><Execution id="e87c715e-894f-44ef-b3be-9a82fbf466e6" /><TestMethod codeBase="d:\Github\ModelRelief\ModelRelief.test\bin\Debug\netcoreapp2.0\ModelRelief.Test.dll" adapterTypeName="executor://xunit/VsTestRunner2/netcoreapp" className="ModelRelief.Test.Integration.Models.ModelsBaseIntegrationTests" name="Post_InvalidReferencePropertyReturnsBadRequest" /></UnitTest><UnitTest name="Post_InvalidPropertyValueReturnsBadRequest" storage="d:\github\modelrelief\modelrelief.test\bin\debug\netcoreapp2.0\modelrelief.test.dll" id="917861ff-80c6-4cc8-8bab-c18e67b3f15b"><Execution id="cdf4d2c3-f4d5-4286-83be-877daf4209d3" /><TestMethod codeBase="d:\Github\ModelRelief\ModelRelief.test\bin\Debug\netcoreapp2.0\ModelRelief.Test.dll" adapterTypeName="executor://xunit/VsTestRunner2/netcoreapp" className="ModelRelief.Test.Integration.MeshTransforms.MeshTransformsBaseIntegrationTests" name="Post_InvalidPropertyValueReturnsBadRequest" /></UnitTest><UnitTest name="Put_InvalidReferencePropertyReturndBadRequest" storage="d:\github\modelrelief\modelrelief.test\bin\debug\netcoreapp2.0\modelrelief.test.dll" id="d1566f34-8e49-483c-a7f0-2004199f60bc"><Execution id="b3aeca78-e635-4ad6-9ec0-eee7f79527be" /><TestMethod codeBase="d:\Github\ModelRelief\ModelRelief.test\bin\Debug\netcoreapp2.0\ModelRelief.Test.dll" adapterTypeName="executor://xunit/VsTestRunner2/netcoreapp" className="ModelRelief.Test.Integration.Models.ModelsBaseIntegrationTests" name="Put_InvalidReferencePropertyReturndBadRequest" /></UnitTest><UnitTest name="Post_InvalidReferencePropertyReturnsBadRequest" storage="d:\github\modelrelief\modelrelief.test\bin\debug\netcoreapp2.0\modelrelief.test.dll" id="b8681285-a6b7-4f3d-be01-b0a8bf8607d0"><Execution id="8003c159-fee8-4aa0-8015-0599cdd1124e" /><TestMethod codeBase="d:\Github\ModelRelief\ModelRelief.test\bin\Debug\netcoreapp2.0\ModelRelief.Test.dll" adapterTypeName="executor://xunit/VsTestRunner2/netcoreapp" className="ModelRelief.Test.Integration.Meshes.MeshesBaseIntegrationTests" name="Post_InvalidReferencePropertyReturnsBadRequest" /></UnitTest><UnitTest name="FileRequest_FileCanBeReadAfterRename" storage="d:\github\modelrelief\modelrelief.test\bin\debug\netcoreapp2.0\modelrelief.test.dll" id="0ba23b89-66d3-41dd-a58c-6c4da5c8a87b"><Execution id="a45cbf2b-9293-4141-af02-c6002bbc02b1" /><TestMethod codeBase="d:\Github\ModelRelief\ModelRelief.test\bin\Debug\netcoreapp2.0\ModelRelief.Test.dll" adapterTypeName="executor://xunit/VsTestRunner2/netcoreapp" className="ModelRelief.Test.Integration.DepthBuffers.DepthBuffersFileIntegrationTests" name="FileRequest_FileCanBeReadAfterRename" /></UnitTest><UnitTest name="Patch_InvalidEnumPropertyValueReturnsBadRequest" storage="d:\github\modelrelief\modelrelief.test\bin\debug\netcoreapp2.0\modelrelief.test.dll" id="4a9430a1-1482-4c50-a960-8bf755b09922"><Execution id="b1cabdea-7291-413f-a9e5-4cd8d12c12d1" /><TestMethod codeBase="d:\Github\ModelRelief\ModelRelief.test\bin\Debug\netcoreapp2.0\ModelRelief.Test.dll" adapterTypeName="executor://xunit/VsTestRunner2/netcoreapp" className="ModelRelief.Test.Integration.MeshTransforms.MeshTransformsBaseIntegrationTests" name="Patch_InvalidEnumPropertyValueReturnsBadRequest" /></UnitTest><UnitTest name="GetList_ListReturnsCorrectCount" storage="d:\github\modelrelief\modelrelief.test\bin\debug\netcoreapp2.0\modelrelief.test.dll" id="07cfb1ff-262e-43b7-8f9e-61c2a244c855"><Execution id="0f630092-179e-43c2-85c3-9ddd999da6a7" /><TestMethod codeBase="d:\Github\ModelRelief\ModelRelief.test\bin\Debug\netcoreapp2.0\ModelRelief.Test.dll" adapterTypeName="executor://xunit/VsTestRunner2/netcoreapp" className="ModelRelief.Test.Integration.Projects.ProjectsBaseIntegrationTests" name="GetList_ListReturnsCorrectCount" /></UnitTest><UnitTest name="Post_InvalidPropertyValueReturnsBadRequest" storage="d:\github\modelrelief\modelrelief.test\bin\debug\netcoreapp2.0\modelrelief.test.dll" id="b2e33027-931e-405a-9cb3-471a0b6a9691"><Execution id="2ad16c26-db37-45af-a85b-72ab859e4d70" /><TestMethod codeBase="d:\Github\ModelRelief\ModelRelief.test\bin\Debug\netcoreapp2.0\ModelRelief.Test.dll" adapterTypeName="executor://xunit/VsTestRunner2/netcoreapp" className="ModelRelief.Test.Integration.DepthBuffers.DepthBuffersBaseIntegrationTests" name="Post_InvalidPropertyValueReturnsBadRequest" /></UnitTest><UnitTest name="Patch_ValidReferencePropertyUpdatesModel" storage="d:\github\modelrelief\modelrelief.test\bin\debug\netcoreapp2.0\modelrelief.test.dll" id="82aa20f1-113f-4aca-b83f-d1a976a27dbe"><Execution id="e44b5ef2-31e4-4e93-a623-50fcb1ee6b06" /><TestMethod codeBase="d:\Github\ModelRelief\ModelRelief.test\bin\Debug\netcoreapp2.0\ModelRelief.Test.dll" adapterTypeName="executor://xunit/VsTestRunner2/netcoreapp" className="ModelRelief.Test.Integration.Cameras.CamerasBaseIntegrationTests" name="Patch_ValidReferencePropertyUpdatesModel" /></UnitTest><UnitTest name="Patch_InvalidEnumPropertyValueReturnsBadRequest" storage="d:\github\modelrelief\modelrelief.test\bin\debug\netcoreapp2.0\modelrelief.test.dll" id="2625b477-cb60-4599-ace9-861c593a3f69"><Execution id="f6e9f04c-38c5-4303-8a76-da89aa337b62" /><TestMethod codeBase="d:\Github\ModelRelief\ModelRelief.test\bin\Debug\netcoreapp2.0\ModelRelief.Test.dll" adapterTypeName="executor://xunit/VsTestRunner2/netcoreapp" className="ModelRelief.Test.Integration.Models.ModelsBaseIntegrationTests" name="Patch_InvalidEnumPropertyValueReturnsBadRequest" /></UnitTest><UnitTest name="GetFile_FileCanBeRoundTripped" storage="d:\github\modelrelief\modelrelief.test\bin\debug\netcoreapp2.0\modelrelief.test.dll" id="27a86df5-2491-42b6-b987-845d5e15fb00"><Execution id="e909f54e-d770-4765-8283-4a2bcbb88493" /><TestMethod codeBase="d:\Github\ModelRelief\ModelRelief.test\bin\Debug\netcoreapp2.0\ModelRelief.Test.dll" adapterTypeName="executor://xunit/VsTestRunner2/netcoreapp" className="ModelRelief.Test.Integration.Meshes.MeshesFileIntegrationTests" name="GetFile_FileCanBeRoundTripped" /></UnitTest><UnitTest name="Post_ValidReferencePropertyCreatesModel" storage="d:\github\modelrelief\modelrelief.test\bin\debug\netcoreapp2.0\modelrelief.test.dll" id="acea3f8b-66aa-4944-bd64-7e82423ef1eb"><Execution id="d8d3146e-aabe-4f35-875a-9e5c2a1e499b" /><TestMethod codeBase="d:\Github\ModelRelief\ModelRelief.test\bin\Debug\netcoreapp2.0\ModelRelief.Test.dll" adapterTypeName="executor://xunit/VsTestRunner2/netcoreapp" className="ModelRelief.Test.Integration.Cameras.CamerasBaseIntegrationTests" name="Post_ValidReferencePropertyCreatesModel" /></UnitTest><UnitTest name="GetSingle_ValidIdPropertyValueReturnsCorrectModel" storage="d:\github\modelrelief\modelrelief.test\bin\debug\netcoreapp2.0\modelrelief.test.dll" id="9c2e45c2-838d-431a-b3a6-2215d0e553e8"><Execution id="2ec1669d-99da-4100-975d-d5f1feb308d6" /><TestMethod codeBase="d:\Github\ModelRelief\ModelRelief.test\bin\Debug\netcoreapp2.0\ModelRelief.Test.dll" adapterTypeName="executor://xunit/VsTestRunner2/netcoreapp" className="ModelRelief.Test.Integration.MeshTransforms.MeshTransformsBaseIntegrationTests" name="GetSingle_ValidIdPropertyValueReturnsCorrectModel" /></UnitTest><UnitTest name="Post_ValidReferencePropertyCreatesModel" storage="d:\github\modelrelief\modelrelief.test\bin\debug\netcoreapp2.0\modelrelief.test.dll" id="39e2de5c-2863-4920-aa8f-06a20f7c8d18"><Execution id="10a46b9e-2776-4493-b71f-ee2f050eb69f" /><TestMethod codeBase="d:\Github\ModelRelief\ModelRelief.test\bin\Debug\netcoreapp2.0\ModelRelief.Test.dll" adapterTypeName="executor://xunit/VsTestRunner2/netcoreapp" className="ModelRelief.Test.Integration.Meshes.MeshesBaseIntegrationTests" name="Post_ValidReferencePropertyCreatesModel" /></UnitTest><UnitTest name="Model3dHasExpectedDependentFiles" storage="d:\github\modelrelief\modelrelief.test\bin\debug\netcoreapp2.0\modelrelief.test.dll" id="139b4e62-3402-4911-a737-846ac9ff00dd"><Execution id="efcd761d-9870-478b-a338-9e0fb2fa4771" /><TestMethod codeBase="d:\Github\ModelRelief\ModelRelief.test\bin\Debug\netcoreapp2.0\ModelRelief.Test.dll" adapterTypeName="executor://xunit/VsTestRunner2/netcoreapp" className="ModelRelief.Test.Unit.DependencyManager.DependencyManagerTests" name="Model3dHasExpectedDependentFiles" /></UnitTest><UnitTest name="Patch_InvalidIdPropertyReturnsNotFound" storage="d:\github\modelrelief\modelrelief.test\bin\debug\netcoreapp2.0\modelrelief.test.dll" id="5e97a947-b2c1-4821-8b6b-f4eaf7919523"><Execution id="f046469b-9f46-431c-8189-496f80644497" /><TestMethod codeBase="d:\Github\ModelRelief\ModelRelief.test\bin\Debug\netcoreapp2.0\ModelRelief.Test.dll" adapterTypeName="executor://xunit/VsTestRunner2/netcoreapp" className="ModelRelief.Test.Integration.Models.ModelsBaseIntegrationTests" name="Patch_InvalidIdPropertyReturnsNotFound" /></UnitTest><UnitTest name="Patch_ValidReferencePropertyUpdatesModel" storage="d:\github\modelrelief\modelrelief.test\bin\debug\netcoreapp2.0\modelrelief.test.dll" id="ffbab250-dde1-424e-8e34-73035015a5fe"><Execution id="900fb496-0d61-4be1-b8da-c92913f53916" /><TestMethod codeBase="d:\Github\ModelRelief\ModelRelief.test\bin\Debug\netcoreapp2.0\ModelRelief.Test.dll" adapterTypeName="executor://xunit/VsTestRunner2/netcoreapp" className="ModelRelief.Test.Integration.MeshTransforms.MeshTransformsBaseIntegrationTests" name="Patch_ValidReferencePropertyUpdatesModel" /></UnitTest><UnitTest name="Post_CanCreateNewModel" storage="d:\github\modelrelief\modelrelief.test\bin\debug\netcoreapp2.0\modelrelief.test.dll" id="5810642d-36d7-4ca5-8607-ee57aa92b513"><Execution id="3e4ed877-2c3a-48e6-a3c4-2fd65affe81b" /><TestMethod codeBase="d:\Github\ModelRelief\ModelRelief.test\bin\Debug\netcoreapp2.0\ModelRelief.Test.dll" adapterTypeName="executor://xunit/VsTestRunner2/netcoreapp" className="ModelRelief.Test.Integration.MeshTransforms.MeshTransformsBaseIntegrationTests" name="Post_CanCreateNewModel" /></UnitTest><UnitTest name="GetFile_NonExistentFileReturnsNotFound" storage="d:\github\modelrelief\modelrelief.test\bin\debug\netcoreapp2.0\modelrelief.test.dll" id="c8da5c2e-c953-4b28-a384-60be7b589782"><Execution id="052c8e26-ee5e-463a-b868-d9905165a6f4" /><TestMethod codeBase="d:\Github\ModelRelief\ModelRelief.test\bin\Debug\netcoreapp2.0\ModelRelief.Test.dll" adapterTypeName="executor://xunit/VsTestRunner2/netcoreapp" className="ModelRelief.Test.Integration.DepthBuffers.DepthBuffersFileIntegrationTests" name="GetFile_NonExistentFileReturnsNotFound" /></UnitTest><UnitTest name="Put_ValidReferencePropertyUpdatesModel" storage="d:\github\modelrelief\modelrelief.test\bin\debug\netcoreapp2.0\modelrelief.test.dll" id="120e063c-06b3-410b-ab8b-a97c12180e8e"><Execution id="2947b6c2-caaa-41d0-a9f2-2bba7f28414e" /><TestMethod codeBase="d:\Github\ModelRelief\ModelRelief.test\bin\Debug\netcoreapp2.0\ModelRelief.Test.dll" adapterTypeName="executor://xunit/VsTestRunner2/netcoreapp" className="ModelRelief.Test.Integration.Models.ModelsBaseIntegrationTests" name="Put_ValidReferencePropertyUpdatesModel" /></UnitTest><UnitTest name="FileRequest_DepthBufferIsInvalidatedAfterCameraDependencyPropertyChange" storage="d:\github\modelrelief\modelrelief.test\bin\debug\netcoreapp2.0\modelrelief.test.dll" id="51a445ae-70d5-4cf2-8122-bc5170718c1e"><Execution id="b95d5d1e-bdad-475c-93c2-3d82b9193648" /><TestMethod codeBase="d:\Github\ModelRelief\ModelRelief.test\bin\Debug\netcoreapp2.0\ModelRelief.Test.dll" adapterTypeName="executor://xunit/VsTestRunner2/netcoreapp" className="ModelRelief.Test.Integration.DepthBuffers.DepthBuffersFileIntegrationTests" name="FileRequest_DepthBufferIsInvalidatedAfterCameraDependencyPropertyChange" /></UnitTest><UnitTest name="Patch_InvalidIdPropertyReturnsNotFound" storage="d:\github\modelrelief\modelrelief.test\bin\debug\netcoreapp2.0\modelrelief.test.dll" id="f20139a6-26aa-4343-b9c2-bcb4f27ac171"><Execution id="b265f609-4579-4f5d-985d-1719eec09b87" /><TestMethod codeBase="d:\Github\ModelRelief\ModelRelief.test\bin\Debug\netcoreapp2.0\ModelRelief.Test.dll" adapterTypeName="executor://xunit/VsTestRunner2/netcoreapp" className="ModelRelief.Test.Integration.Cameras.CamerasBaseIntegrationTests" name="Patch_InvalidIdPropertyReturnsNotFound" /></UnitTest><UnitTest name="GetSingle_InvalidIdPropertyValueReturnsNotFound" storage="d:\github\modelrelief\modelrelief.test\bin\debug\netcoreapp2.0\modelrelief.test.dll" id="8594bf52-30bb-4166-aaa7-9f00852af660"><Execution id="0af12c1e-b717-4dbb-a9b0-b634a3417b29" /><TestMethod codeBase="d:\Github\ModelRelief\ModelRelief.test\bin\Debug\netcoreapp2.0\ModelRelief.Test.dll" adapterTypeName="executor://xunit/VsTestRunner2/netcoreapp" className="ModelRelief.Test.Integration.Models.ModelsBaseIntegrationTests" name="GetSingle_InvalidIdPropertyValueReturnsNotFound" /></UnitTest><UnitTest name="Post_CanCreateNewModel" storage="d:\github\modelrelief\modelrelief.test\bin\debug\netcoreapp2.0\modelrelief.test.dll" id="2f347a66-0d4a-46a6-8b19-d68807850728"><Execution id="3039952f-4b9c-4ed4-b2f3-b8e36d5d27ea" /><TestMethod codeBase="d:\Github\ModelRelief\ModelRelief.test\bin\Debug\netcoreapp2.0\ModelRelief.Test.dll" adapterTypeName="executor://xunit/VsTestRunner2/netcoreapp" className="ModelRelief.Test.Integration.Cameras.CamerasBaseIntegrationTests" name="Post_CanCreateNewModel" /></UnitTest><UnitTest name="Patch_TargetPropertyIsUpdated" storage="d:\github\modelrelief\modelrelief.test\bin\debug\netcoreapp2.0\modelrelief.test.dll" id="152e245c-8448-4e8f-a7b9-eb5ccf4dd08c"><Execution id="5325a89b-8542-470b-92cb-c9a64f2ea7b4" /><TestMethod codeBase="d:\Github\ModelRelief\ModelRelief.test\bin\Debug\netcoreapp2.0\ModelRelief.Test.dll" adapterTypeName="executor://xunit/VsTestRunner2/netcoreapp" className="ModelRelief.Test.Integration.DepthBuffers.DepthBuffersBaseIntegrationTests" name="Patch_TargetPropertyIsUpdated" /></UnitTest><UnitTest name="Patch_TargetPropertyIsUpdated" storage="d:\github\modelrelief\modelrelief.test\bin\debug\netcoreapp2.0\modelrelief.test.dll" id="5a7e0172-1609-4af1-af81-4d921d70dd69"><Execution id="5b6e29bd-341d-43f1-ac9a-4b48fb519632" /><TestMethod codeBase="d:\Github\ModelRelief\ModelRelief.test\bin\Debug\netcoreapp2.0\ModelRelief.Test.dll" adapterTypeName="executor://xunit/VsTestRunner2/netcoreapp" className="ModelRelief.Test.Integration.Projects.ProjectsBaseIntegrationTests" name="Patch_TargetPropertyIsUpdated" /></UnitTest><UnitTest name="FileRequest_MeshGenerateSetsFileIsSynchronized" storage="d:\github\modelrelief\modelrelief.test\bin\debug\netcoreapp2.0\modelrelief.test.dll" id="7e4fcb21-5041-4f5d-8d0a-105cfccf4abb"><Execution id="375638d3-b22b-466b-8105-da1f64acd61e" /><TestMethod codeBase="d:\Github\ModelRelief\ModelRelief.test\bin\Debug\netcoreapp2.0\ModelRelief.Test.dll" adapterTypeName="executor://xunit/VsTestRunner2/netcoreapp" className="ModelRelief.Test.Integration.Meshes.MeshesFileIntegrationTests" name="FileRequest_MeshGenerateSetsFileIsSynchronized" /></UnitTest><UnitTest name="PostFile_FileTimeStampIsUpdatedAfterFileIsPosted" storage="d:\github\modelrelief\modelrelief.test\bin\debug\netcoreapp2.0\modelrelief.test.dll" id="7cf8f66f-34a3-41ed-9639-25c5495830a5"><Execution id="2cc6d218-c9b7-49e2-9c9d-0143bd8c944c" /><TestMethod codeBase="d:\Github\ModelRelief\ModelRelief.test\bin\Debug\netcoreapp2.0\ModelRelief.Test.dll" adapterTypeName="executor://xunit/VsTestRunner2/netcoreapp" className="ModelRelief.Test.Integration.Meshes.MeshesFileIntegrationTests" name="PostFile_FileTimeStampIsUpdatedAfterFileIsPosted" /></UnitTest><UnitTest name="Patch_InvalidPropertyNameReturnsBadRequest" storage="d:\github\modelrelief\modelrelief.test\bin\debug\netcoreapp2.0\modelrelief.test.dll" id="b86695c4-737b-42a1-89af-1e05a62053db"><Execution id="10fe9087-9a67-48f4-b074-4e72a6f6f602" /><TestMethod codeBase="d:\Github\ModelRelief\ModelRelief.test\bin\Debug\netcoreapp2.0\ModelRelief.Test.dll" adapterTypeName="executor://xunit/VsTestRunner2/netcoreapp" className="ModelRelief.Test.Integration.MeshTransforms.MeshTransformsBaseIntegrationTests" name="Patch_InvalidPropertyNameReturnsBadRequest" /></UnitTest><UnitTest name="Post_CanCreateNewModel" storage="d:\github\modelrelief\modelrelief.test\bin\debug\netcoreapp2.0\modelrelief.test.dll" id="76b76a42-5705-4685-b660-a1bf6be561d1"><Execution id="0c1493af-4143-4711-8620-edd4d33f2758" /><TestMethod codeBase="d:\Github\ModelRelief\ModelRelief.test\bin\Debug\netcoreapp2.0\ModelRelief.Test.dll" adapterTypeName="executor://xunit/VsTestRunner2/netcoreapp" className="ModelRelief.Test.Integration.DepthBuffers.DepthBuffersBaseIntegrationTests" name="Post_CanCreateNewModel" /></UnitTest><UnitTest name="Patch_InvalidEnumPropertyValueReturnsBadRequest" storage="d:\github\modelrelief\modelrelief.test\bin\debug\netcoreapp2.0\modelrelief.test.dll" id="2e770542-d373-4eb4-a83c-b5b6300447e3"><Execution id="cc8f6056-c510-4c03-ba31-2116c10c9fe6" /><TestMethod codeBase="d:\Github\ModelRelief\ModelRelief.test\bin\Debug\netcoreapp2.0\ModelRelief.Test.dll" adapterTypeName="executor://xunit/VsTestRunner2/netcoreapp" className="ModelRelief.Test.Integration.Meshes.MeshesBaseIntegrationTests" name="Patch_InvalidEnumPropertyValueReturnsBadRequest" /></UnitTest><UnitTest name="PostFile_FileIsSynchronizedIsUpdatedAfterFileIsPosted" storage="d:\github\modelrelief\modelrelief.test\bin\debug\netcoreapp2.0\modelrelief.test.dll" id="d2e7003b-c6c8-49f1-8390-8b80973f036e"><Execution id="dbf3a1a7-6d69-4739-9a71-dd1f0f996cff" /><TestMethod codeBase="d:\Github\ModelRelief\ModelRelief.test\bin\Debug\netcoreapp2.0\ModelRelief.Test.dll" adapterTypeName="executor://xunit/VsTestRunner2/netcoreapp" className="ModelRelief.Test.Integration.DepthBuffers.DepthBuffersFileIntegrationTests" name="PostFile_FileIsSynchronizedIsUpdatedAfterFileIsPosted" /></UnitTest><UnitTest name="PutFile_NewFileCanBePut" storage="d:\github\modelrelief\modelrelief.test\bin\debug\netcoreapp2.0\modelrelief.test.dll" id="d5889723-ea41-405c-93b1-1fe4f6a22b39"><Execution id="c913b5a3-8725-4505-afad-e933fabe7f36" /><TestMethod codeBase="d:\Github\ModelRelief\ModelRelief.test\bin\Debug\netcoreapp2.0\ModelRelief.Test.dll" adapterTypeName="executor://xunit/VsTestRunner2/netcoreapp" className="ModelRelief.Test.Integration.Meshes.MeshesFileIntegrationTests" name="PutFile_NewFileCanBePut" /></UnitTest><UnitTest name="Put_ValidReferencePropertyUpdatesModel" storage="d:\github\modelrelief\modelrelief.test\bin\debug\netcoreapp2.0\modelrelief.test.dll" id="bf9947b5-fb86-429c-9154-c13610c751e2"><Execution id="db700b7a-af87-4793-895b-3534cb0ba038" /><TestMethod codeBase="d:\Github\ModelRelief\ModelRelief.test\bin\Debug\netcoreapp2.0\ModelRelief.Test.dll" adapterTypeName="executor://xunit/VsTestRunner2/netcoreapp" className="ModelRelief.Test.Integration.Meshes.MeshesBaseIntegrationTests" name="Put_ValidReferencePropertyUpdatesModel" /></UnitTest><UnitTest name="GetSingle_InvalidIdPropertyValueReturnsNotFound" storage="d:\github\modelrelief\modelrelief.test\bin\debug\netcoreapp2.0\modelrelief.test.dll" id="509c412b-396a-43cc-acdf-7dd3e7f639ea"><Execution id="dabf40a3-afa4-4f7d-83a2-6cab65b00421" /><TestMethod codeBase="d:\Github\ModelRelief\ModelRelief.test\bin\Debug\netcoreapp2.0\ModelRelief.Test.dll" adapterTypeName="executor://xunit/VsTestRunner2/netcoreapp" className="ModelRelief.Test.Integration.MeshTransforms.MeshTransformsBaseIntegrationTests" name="GetSingle_InvalidIdPropertyValueReturnsNotFound" /></UnitTest><UnitTest name="GetList_ListReturnsCorrectCount" storage="d:\github\modelrelief\modelrelief.test\bin\debug\netcoreapp2.0\modelrelief.test.dll" id="bf7fd18a-bc24-444d-acf2-c2034a7ee3af"><Execution id="518e2123-fbe0-4550-a9da-bd7d0077c493" /><TestMethod codeBase="d:\Github\ModelRelief\ModelRelief.test\bin\Debug\netcoreapp2.0\ModelRelief.Test.dll" adapterTypeName="executor://xunit/VsTestRunner2/netcoreapp" className="ModelRelief.Test.Integration.MeshTransforms.MeshTransformsBaseIntegrationTests" name="GetList_ListReturnsCorrectCount" /></UnitTest><UnitTest name="LucyCameraFindsAllDependents" storage="d:\github\modelrelief\modelrelief.test\bin\debug\netcoreapp2.0\modelrelief.test.dll" id="6ea9a5ef-7f59-41ea-9d7f-f26cfeb80bd4"><Execution id="be622f59-649f-47f2-abb3-9a84d9108a1f" /><TestMethod codeBase="d:\Github\ModelRelief\ModelRelief.test\bin\Debug\netcoreapp2.0\ModelRelief.Test.dll" adapterTypeName="executor://xunit/VsTestRunner2/netcoreapp" className="ModelRelief.Test.Unit.DependencyManager.DependencyManagerTests" name="LucyCameraFindsAllDependents" /></UnitTest><UnitTest name="PostFile_FileIsSynchronizedIsUpdatedAfterFileIsPosted" storage="d:\github\modelrelief\modelrelief.test\bin\debug\netcoreapp2.0\modelrelief.test.dll" id="02f82ac6-6cdb-4cb5-b687-5bba1e7da34c"><Execution id="fc2e11a5-344b-4716-958a-06be647167c2" /><TestMethod codeBase="d:\Github\ModelRelief\ModelRelief.test\bin\Debug\netcoreapp2.0\ModelRelief.Test.dll" adapterTypeName="executor://xunit/VsTestRunner2/netcoreapp" className="ModelRelief.Test.Integration.Meshes.MeshesFileIntegrationTests" name="PostFile_FileIsSynchronizedIsUpdatedAfterFileIsPosted" /></UnitTest><UnitTest name="GetList_ListReturnsCorrectCount" storage="d:\github\modelrelief\modelrelief.test\bin\debug\netcoreapp2.0\modelrelief.test.dll" id="a27ba428-b10a-423d-8293-6f14d6d32d30"><Execution id="7ff44de6-3a11-4be1-a653-176120f8d185" /><TestMethod codeBase="d:\Github\ModelRelief\ModelRelief.test\bin\Debug\netcoreapp2.0\ModelRelief.Test.dll" adapterTypeName="executor://xunit/VsTestRunner2/netcoreapp" className="ModelRelief.Test.Integration.DepthBuffers.DepthBuffersBaseIntegrationTests" name="GetList_ListReturnsCorrectCount" /></UnitTest><UnitTest name="PostFile_NewFileCanBePosted" storage="d:\github\modelrelief\modelrelief.test\bin\debug\netcoreapp2.0\modelrelief.test.dll" id="5a8ec0a4-1ce5-4d00-8d5c-f8177dc324a9"><Execution id="6818c1f5-e070-4410-9590-fe88c7d6e850" /><TestMethod codeBase="d:\Github\ModelRelief\ModelRelief.test\bin\Debug\netcoreapp2.0\ModelRelief.Test.dll" adapterTypeName="executor://xunit/VsTestRunner2/netcoreapp" className="ModelRelief.Test.Integration.Models.ModelsFileIntegrationTests" name="PostFile_NewFileCanBePosted" /></UnitTest><UnitTest name="Put_InvalidReferencePropertyReturndBadRequest" storage="d:\github\modelrelief\modelrelief.test\bin\debug\netcoreapp2.0\modelrelief.test.dll" id="58aa52fd-3801-4f66-8fa4-870c12dab6c1"><Execution id="0490976c-73d4-4a7d-abe9-becf015e63e1" /><TestMethod codeBase="d:\Github\ModelRelief\ModelRelief.test\bin\Debug\netcoreapp2.0\ModelRelief.Test.dll" adapterTypeName="executor://xunit/VsTestRunner2/netcoreapp" className="ModelRelief.Test.Integration.MeshTransforms.MeshTransformsBaseIntegrationTests" name="Put_InvalidReferencePropertyReturndBadRequest" /></UnitTest><UnitTest name="Post_InvalidReferencePropertyReturnsBadRequest" storage="d:\github\modelrelief\modelrelief.test\bin\debug\netcoreapp2.0\modelrelief.test.dll" id="a2c80698-f463-46d8-8c83-61ca4f9b38f7"><Execution id="e85d33b6-8d2e-4b32-b9da-d949b770734b" /><TestMethod codeBase="d:\Github\ModelRelief\ModelRelief.test\bin\Debug\netcoreapp2.0\ModelRelief.Test.dll" adapterTypeName="executor://xunit/VsTestRunner2/netcoreapp" className="ModelRelief.Test.Integration.Projects.ProjectsBaseIntegrationTests" name="Post_InvalidReferencePropertyReturnsBadRequest" /></UnitTest><UnitTest name="Put_ValidReferencePropertyUpdatesModel" storage="d:\github\modelrelief\modelrelief.test\bin\debug\netcoreapp2.0\modelrelief.test.dll" id="f276e47e-1ea2-4f13-93d2-127c472c6efd"><Execution id="e953134c-8862-404a-9986-b560f0a52917" /><TestMethod codeBase="d:\Github\ModelRelief\ModelRelief.test\bin\Debug\netcoreapp2.0\ModelRelief.Test.dll" adapterTypeName="executor://xunit/VsTestRunner2/netcoreapp" className="ModelRelief.Test.Integration.Cameras.CamerasBaseIntegrationTests" name="Put_ValidReferencePropertyUpdatesModel" /></UnitTest><UnitTest name="Put_CanUpdateModel" storage="d:\github\modelrelief\modelrelief.test\bin\debug\netcoreapp2.0\modelrelief.test.dll" id="d633a908-ebfb-4358-8640-38b417893966"><Execution id="804e43ce-7d69-4711-8418-a17734e6a164" /><TestMethod codeBase="d:\Github\ModelRelief\ModelRelief.test\bin\Debug\netcoreapp2.0\ModelRelief.Test.dll" adapterTypeName="executor://xunit/VsTestRunner2/netcoreapp" className="ModelRelief.Test.Integration.Cameras.CamerasBaseIntegrationTests" name="Put_CanUpdateModel" /></UnitTest><UnitTest name="Patch_InvalidReferencePropertyReturnsBadRequest" storage="d:\github\modelrelief\modelrelief.test\bin\debug\netcoreapp2.0\modelrelief.test.dll" id="2534813c-cbcc-494e-9b55-c2f29373a4ba"><Execution id="3cde19b2-4f01-40d6-8cbc-beb52237815d" /><TestMethod codeBase="d:\Github\ModelRelief\ModelRelief.test\bin\Debug\netcoreapp2.0\ModelRelief.Test.dll" adapterTypeName="executor://xunit/VsTestRunner2/netcoreapp" className="ModelRelief.Test.Integration.DepthBuffers.DepthBuffersBaseIntegrationTests" name="Patch_InvalidReferencePropertyReturnsBadRequest" /></UnitTest><UnitTest name="DepthBufferHasExpectedDependentFiles" storage="d:\github\modelrelief\modelrelief.test\bin\debug\netcoreapp2.0\modelrelief.test.dll" id="91566fbb-4a1e-4899-8f2f-d1bf3be9074e"><Execution id="4ea7d93a-8a94-449c-b5a4-fc7d44065a40" /><TestMethod codeBase="d:\Github\ModelRelief\ModelRelief.test\bin\Debug\netcoreapp2.0\ModelRelief.Test.dll" adapterTypeName="executor://xunit/VsTestRunner2/netcoreapp" className="ModelRelief.Test.Unit.DependencyManager.DependencyManagerTests" name="DepthBufferHasExpectedDependentFiles" /></UnitTest><UnitTest name="GetSingle_InvalidIdPropertyValueReturnsNotFound" storage="d:\github\modelrelief\modelrelief.test\bin\debug\netcoreapp2.0\modelrelief.test.dll" id="3b76749a-61d4-4c7d-9879-1920cd2ee0ff"><Execution id="964e1d9b-57a1-4ec9-9240-6bd25db91da4" /><TestMethod codeBase="d:\Github\ModelRelief\ModelRelief.test\bin\Debug\netcoreapp2.0\ModelRelief.Test.dll" adapterTypeName="executor://xunit/VsTestRunner2/netcoreapp" className="ModelRelief.Test.Integration.Meshes.MeshesBaseIntegrationTests" name="GetSingle_InvalidIdPropertyValueReturnsNotFound" /></UnitTest><UnitTest name="Put_InvalidIdReturnsNotFound" storage="d:\github\modelrelief\modelrelief.test\bin\debug\netcoreapp2.0\modelrelief.test.dll" id="8d6a06b0-dd82-4835-975f-b86704e4e93a"><Execution id="10a71481-5c94-4a3f-8c11-95ae89252f27" /><TestMethod codeBase="d:\Github\ModelRelief\ModelRelief.test\bin\Debug\netcoreapp2.0\ModelRelief.Test.dll" adapterTypeName="executor://xunit/VsTestRunner2/netcoreapp" className="ModelRelief.Test.Integration.Meshes.MeshesBaseIntegrationTests" name="Put_InvalidIdReturnsNotFound" /></UnitTest><UnitTest name="GetFile_FileCanBeRoundTripped" storage="d:\github\modelrelief\modelrelief.test\bin\debug\netcoreapp2.0\modelrelief.test.dll" id="cba1466d-6711-4a1c-92b4-5a62e0101dc6"><Execution id="bb59e47e-95e4-4913-aad6-639b0f233db7" /><TestMethod codeBase="d:\Github\ModelRelief\ModelRelief.test\bin\Debug\netcoreapp2.0\ModelRelief.Test.dll" adapterTypeName="executor://xunit/VsTestRunner2/netcoreapp" className="ModelRelief.Test.Integration.Models.ModelsFileIntegrationTests" name="GetFile_FileCanBeRoundTripped" /></UnitTest><UnitTest name="Patch_InvalidEnumPropertyValueReturnsBadRequest" storage="d:\github\modelrelief\modelrelief.test\bin\debug\netcoreapp2.0\modelrelief.test.dll" id="edeae064-baca-4823-a4b6-fe4c56ddb999"><Execution id="61ed1c2c-8816-4586-848a-21ad857348ff" /><TestMethod codeBase="d:\Github\ModelRelief\ModelRelief.test\bin\Debug\netcoreapp2.0\ModelRelief.Test.dll" adapterTypeName="executor://xunit/VsTestRunner2/netcoreapp" className="ModelRelief.Test.Integration.Projects.ProjectsBaseIntegrationTests" name="Patch_InvalidEnumPropertyValueReturnsBadRequest" /></UnitTest><UnitTest name="Delete_TargetModelIsDeleted" storage="d:\github\modelrelief\modelrelief.test\bin\debug\netcoreapp2.0\modelrelief.test.dll" id="bda53724-1fe2-4252-b3dc-1542b8d78c52"><Execution id="ff23cbb8-593f-4b4c-8b16-807fbfe098e3" /><TestMethod codeBase="d:\Github\ModelRelief\ModelRelief.test\bin\Debug\netcoreapp2.0\ModelRelief.Test.dll" adapterTypeName="executor://xunit/VsTestRunner2/netcoreapp" className="ModelRelief.Test.Integration.Models.ModelsBaseIntegrationTests" name="Delete_TargetModelIsDeleted" /></UnitTest><UnitTest name="Patch_InvalidPropertyNameReturnsBadRequest" storage="d:\github\modelrelief\modelrelief.test\bin\debug\netcoreapp2.0\modelrelief.test.dll" id="6cffc2da-2790-43e5-bd22-a30e8ec9fb0e"><Execution id="7b98fa7f-99c2-408e-93d1-5ca50d5b1939" /><TestMethod codeBase="d:\Github\ModelRelief\ModelRelief.test\bin\Debug\netcoreapp2.0\ModelRelief.Test.dll" adapterTypeName="executor://xunit/VsTestRunner2/netcoreapp" className="ModelRelief.Test.Integration.DepthBuffers.DepthBuffersBaseIntegrationTests" name="Patch_InvalidPropertyNameReturnsBadRequest" /></UnitTest><UnitTest name="Post_InvalidPropertyValueReturnsBadRequest" storage="d:\github\modelrelief\modelrelief.test\bin\debug\netcoreapp2.0\modelrelief.test.dll" id="b5b4a4f7-c545-4fb6-8d4c-74bf022bc21d"><Execution id="aa517f57-9adf-4ebf-8d90-78b2a7ce1479" /><TestMethod codeBase="d:\Github\ModelRelief\ModelRelief.test\bin\Debug\netcoreapp2.0\ModelRelief.Test.dll" adapterTypeName="executor://xunit/VsTestRunner2/netcoreapp" className="ModelRelief.Test.Integration.Models.ModelsBaseIntegrationTests" name="Post_InvalidPropertyValueReturnsBadRequest" /></UnitTest><UnitTest name="Put_InvalidReferencePropertyReturndBadRequest" storage="d:\github\modelrelief\modelrelief.test\bin\debug\netcoreapp2.0\modelrelief.test.dll" id="785fedfa-2f33-4a2d-a42c-e74eeb283713"><Execution id="b129792a-2f5b-40ac-a79f-e7bf85524674" /><TestMethod codeBase="d:\Github\ModelRelief\ModelRelief.test\bin\Debug\netcoreapp2.0\ModelRelief.Test.dll" adapterTypeName="executor://xunit/VsTestRunner2/netcoreapp" className="ModelRelief.Test.Integration.DepthBuffers.DepthBuffersBaseIntegrationTests" name="Put_InvalidReferencePropertyReturndBadRequest" /></UnitTest><UnitTest name="GetFile_ExistingFileReturnsSuccess" storage="d:\github\modelrelief\modelrelief.test\bin\debug\netcoreapp2.0\modelrelief.test.dll" id="bf3917f4-ee09-44ab-af57-7de0cfac0926"><Execution id="efa918e9-3c3f-42ce-a525-cf854966c270" /><TestMethod codeBase="d:\Github\ModelRelief\ModelRelief.test\bin\Debug\netcoreapp2.0\ModelRelief.Test.dll" adapterTypeName="executor://xunit/VsTestRunner2/netcoreapp" className="ModelRelief.Test.Integration.DepthBuffers.DepthBuffersFileIntegrationTests" name="GetFile_ExistingFileReturnsSuccess" /></UnitTest><UnitTest name="Put_CanUpdateModel" storage="d:\github\modelrelief\modelrelief.test\bin\debug\netcoreapp2.0\modelrelief.test.dll" id="62e0b348-9656-4c04-b19d-31613495eaf9"><Execution id="b78d5bb5-5a60-4954-a8f8-0e65e703af6c" /><TestMethod codeBase="d:\Github\ModelRelief\ModelRelief.test\bin\Debug\netcoreapp2.0\ModelRelief.Test.dll" adapterTypeName="executor://xunit/VsTestRunner2/netcoreapp" className="ModelRelief.Test.Integration.DepthBuffers.DepthBuffersBaseIntegrationTests" name="Put_CanUpdateModel" /></UnitTest><UnitTest name="PostFile_FileTimeStampIsUpdatedAfterFileIsPosted" storage="d:\github\modelrelief\modelrelief.test\bin\debug\netcoreapp2.0\modelrelief.test.dll" id="4d2fa10f-4409-4478-b1fa-2b84a4a0aa51"><Execution id="59f70b18-8fe0-4c3e-a165-edf451e0ccae" /><TestMethod codeBase="d:\Github\ModelRelief\ModelRelief.test\bin\Debug\netcoreapp2.0\ModelRelief.Test.dll" adapterTypeName="executor://xunit/VsTestRunner2/netcoreapp" className="ModelRelief.Test.Integration.Models.ModelsFileIntegrationTests" name="PostFile_FileTimeStampIsUpdatedAfterFileIsPosted" /></UnitTest><UnitTest name="Patch_InvalidEnumPropertyValueReturnsBadRequest" storage="d:\github\modelrelief\modelrelief.test\bin\debug\netcoreapp2.0\modelrelief.test.dll" id="3f838a82-e603-4877-b8f1-41182c52e8d6"><Execution id="fb3bb9d2-b5da-4399-ba40-adfc134d36e3" /><TestMethod codeBase="d:\Github\ModelRelief\ModelRelief.test\bin\Debug\netcoreapp2.0\ModelRelief.Test.dll" adapterTypeName="executor://xunit/VsTestRunner2/netcoreapp" className="ModelRelief.Test.Integration.DepthBuffers.DepthBuffersBaseIntegrationTests" name="Patch_InvalidEnumPropertyValueReturnsBadRequest" /></UnitTest><UnitTest name="GetSingle_ValidIdPropertyValueReturnsCorrectModel" storage="d:\github\modelrelief\modelrelief.test\bin\debug\netcoreapp2.0\modelrelief.test.dll" id="4a77a40d-6b54-47ec-bfab-98087dc5df29"><Execution id="0ccfcaeb-5c6b-46d3-9710-96b0a5bce8f0" /><TestMethod codeBase="d:\Github\ModelRelief\ModelRelief.test\bin\Debug\netcoreapp2.0\ModelRelief.Test.dll" adapterTypeName="executor://xunit/VsTestRunner2/netcoreapp" className="ModelRelief.Test.Integration.DepthBuffers.DepthBuffersBaseIntegrationTests" name="GetSingle_ValidIdPropertyValueReturnsCorrectModel" /></UnitTest><UnitTest name="PutFile_FileCanBeUpdated" storage="d:\github\modelrelief\modelrelief.test\bin\debug\netcoreapp2.0\modelrelief.test.dll" id="dd01f4ee-9b05-4d43-b6c8-804fa1fcc025"><Execution id="c0b2d6ad-f1e7-486b-b01e-8beab3b9be8c" /><TestMethod codeBase="d:\Github\ModelRelief\ModelRelief.test\bin\Debug\netcoreapp2.0\ModelRelief.Test.dll" adapterTypeName="executor://xunit/VsTestRunner2/netcoreapp" className="ModelRelief.Test.Integration.Meshes.MeshesFileIntegrationTests" name="PutFile_FileCanBeUpdated" /></UnitTest><UnitTest name="Patch_InvalidIdPropertyReturnsNotFound" storage="d:\github\modelrelief\modelrelief.test\bin\debug\netcoreapp2.0\modelrelief.test.dll" id="497b7078-9cf5-4240-aa50-a452d8bb0648"><Execution id="d54aa6fa-acdd-402b-a2bd-673744315f2d" /><TestMethod codeBase="d:\Github\ModelRelief\ModelRelief.test\bin\Debug\netcoreapp2.0\ModelRelief.Test.dll" adapterTypeName="executor://xunit/VsTestRunner2/netcoreapp" className="ModelRelief.Test.Integration.DepthBuffers.DepthBuffersBaseIntegrationTests" name="Patch_InvalidIdPropertyReturnsNotFound" /></UnitTest><UnitTest name="Patch_MultipleInvalidReferencePropertiesReturnsMultipleValidationErrorsAndBadRequest" storage="d:\github\modelrelief\modelrelief.test\bin\debug\netcoreapp2.0\modelrelief.test.dll" id="35600603-4858-4d27-811b-e798b95ae8d6"><Execution id="1c0fa5ef-4cf1-404f-8438-8e0249f4d7fb" /><TestMethod codeBase="d:\Github\ModelRelief\ModelRelief.test\bin\Debug\netcoreapp2.0\ModelRelief.Test.dll" adapterTypeName="executor://xunit/VsTestRunner2/netcoreapp" className="ModelRelief.Test.Integration.Projects.ProjectsBaseIntegrationTests" name="Patch_MultipleInvalidReferencePropertiesReturnsMultipleValidationErrorsAndBadRequest" /></UnitTest><UnitTest name="GetSingle_ValidIdPropertyValueReturnsCorrectModel" storage="d:\github\modelrelief\modelrelief.test\bin\debug\netcoreapp2.0\modelrelief.test.dll" id="aff5260e-0633-4349-8a79-7183fa620d07"><Execution id="e9482bd7-e723-4fb4-8adf-4182172e9234" /><TestMethod codeBase="d:\Github\ModelRelief\ModelRelief.test\bin\Debug\netcoreapp2.0\ModelRelief.Test.dll" adapterTypeName="executor://xunit/VsTestRunner2/netcoreapp" className="ModelRelief.Test.Integration.Cameras.CamerasBaseIntegrationTests" name="GetSingle_ValidIdPropertyValueReturnsCorrectModel" /></UnitTest><UnitTest name="Put_InvalidIdReturnsNotFound" storage="d:\github\modelrelief\modelrelief.test\bin\debug\netcoreapp2.0\modelrelief.test.dll" id="03576891-73e7-4103-871f-941d5c681d87"><Execution id="a789166e-2df6-460d-96bd-e7cb0bd56575" /><TestMethod codeBase="d:\Github\ModelRelief\ModelRelief.test\bin\Debug\netcoreapp2.0\ModelRelief.Test.dll" adapterTypeName="executor://xunit/VsTestRunner2/netcoreapp" className="ModelRelief.Test.Integration.DepthBuffers.DepthBuffersBaseIntegrationTests" name="Put_InvalidIdReturnsNotFound" /></UnitTest><UnitTest name="Post_ValidReferencePropertyCreatesModel" storage="d:\github\modelrelief\modelrelief.test\bin\debug\netcoreapp2.0\modelrelief.test.dll" id="c22a20ee-2547-4dcf-a0a7-ce8f645a0857"><Execution id="ad06ef96-5e6c-4c41-95da-b0786219eac5" /><TestMethod codeBase="d:\Github\ModelRelief\ModelRelief.test\bin\Debug\netcoreapp2.0\ModelRelief.Test.dll" adapterTypeName="executor://xunit/VsTestRunner2/netcoreapp" className="ModelRelief.Test.Integration.DepthBuffers.DepthBuffersBaseIntegrationTests" name="Post_ValidReferencePropertyCreatesModel" /></UnitTest><UnitTest name="Patch_TargetPropertyIsUpdated" storage="d:\github\modelrelief\modelrelief.test\bin\debug\netcoreapp2.0\modelrelief.test.dll" id="63647510-d054-41d1-894e-5579cc217b8b"><Execution id="5579ea44-fe70-4242-b21b-36b5de79dec1" /><TestMethod codeBase="d:\Github\ModelRelief\ModelRelief.test\bin\Debug\netcoreapp2.0\ModelRelief.Test.dll" adapterTypeName="executor://xunit/VsTestRunner2/netcoreapp" className="ModelRelief.Test.Integration.Models.ModelsBaseIntegrationTests" name="Patch_TargetPropertyIsUpdated" /></UnitTest><UnitTest name="Post_CanCreateNewModel" storage="d:\github\modelrelief\modelrelief.test\bin\debug\netcoreapp2.0\modelrelief.test.dll" id="b8edc7f2-f210-49cd-b55f-b89ba21c1926"><Execution id="8e2a7489-9921-4fbb-8fa6-90c8e0443492" /><TestMethod codeBase="d:\Github\ModelRelief\ModelRelief.test\bin\Debug\netcoreapp2.0\ModelRelief.Test.dll" adapterTypeName="executor://xunit/VsTestRunner2/netcoreapp" className="ModelRelief.Test.Integration.Models.ModelsBaseIntegrationTests" name="Post_CanCreateNewModel" /></UnitTest><UnitTest name="Put_CanUpdateModel" storage="d:\github\modelrelief\modelrelief.test\bin\debug\netcoreapp2.0\modelrelief.test.dll" id="ec1dd914-9b6b-46c5-99bc-c384453ab8c6"><Execution id="f3b0f7d8-dbde-42c8-a8d5-a571363d17dc" /><TestMethod codeBase="d:\Github\ModelRelief\ModelRelief.test\bin\Debug\netcoreapp2.0\ModelRelief.Test.dll" adapterTypeName="executor://xunit/VsTestRunner2/netcoreapp" className="ModelRelief.Test.Integration.Models.ModelsBaseIntegrationTests" name="Put_CanUpdateModel" /></UnitTest><UnitTest name="PostFile_FileIsSynchronizedIsUpdatedAfterFileIsPosted" storage="d:\github\modelrelief\modelrelief.test\bin\debug\netcoreapp2.0\modelrelief.test.dll" id="2064a95c-4297-4c75-9b08-b78d5c8ce80b"><Execution id="20f2685b-dbd6-44ea-b521-0267be7b3a28" /><TestMethod codeBase="d:\Github\ModelRelief\ModelRelief.test\bin\Debug\netcoreapp2.0\ModelRelief.Test.dll" adapterTypeName="executor://xunit/VsTestRunner2/netcoreapp" className="ModelRelief.Test.Integration.Models.ModelsFileIntegrationTests" name="PostFile_FileIsSynchronizedIsUpdatedAfterFileIsPosted" /></UnitTest><UnitTest name="Put_InvalidIdReturnsNotFound" storage="d:\github\modelrelief\modelrelief.test\bin\debug\netcoreapp2.0\modelrelief.test.dll" id="62c62b7e-675c-4c02-9588-6c6822a92c08"><Execution id="bf5f1995-8367-4089-9fa1-bec6723177af" /><TestMethod codeBase="d:\Github\ModelRelief\ModelRelief.test\bin\Debug\netcoreapp2.0\ModelRelief.Test.dll" adapterTypeName="executor://xunit/VsTestRunner2/netcoreapp" className="ModelRelief.Test.Integration.Projects.ProjectsBaseIntegrationTests" name="Put_InvalidIdReturnsNotFound" /></UnitTest><UnitTest name="Put_ValidReferencePropertyUpdatesModel" storage="d:\github\modelrelief\modelrelief.test\bin\debug\netcoreapp2.0\modelrelief.test.dll" id="3fe32445-6518-4fac-b957-02af3fda4cba"><Execution id="e0bc5935-e412-4bad-9ae2-46997d6e70cb" /><TestMethod codeBase="d:\Github\ModelRelief\ModelRelief.test\bin\Debug\netcoreapp2.0\ModelRelief.Test.dll" adapterTypeName="executor://xunit/VsTestRunner2/netcoreapp" className="ModelRelief.Test.Integration.Projects.ProjectsBaseIntegrationTests" name="Put_ValidReferencePropertyUpdatesModel" /></UnitTest></TestDefinitions><TestEntries><TestEntry testId="82aa20f1-113f-4aca-b83f-d1a976a27dbe" executionId="e44b5ef2-31e4-4e93-a623-50fcb1ee6b06" testListId="8c84fa94-04c1-424b-9868-57a2d4851a1d" /><TestEntry testId="7e4fcb21-5041-4f5d-8d0a-105cfccf4abb" executionId="375638d3-b22b-466b-8105-da1f64acd61e" testListId="8c84fa94-04c1-424b-9868-57a2d4851a1d" /><TestEntry testId="7cf8f66f-34a3-41ed-9639-25c5495830a5" executionId="2cc6d218-c9b7-49e2-9c9d-0143bd8c944c" testListId="8c84fa94-04c1-424b-9868-57a2d4851a1d" /><TestEntry testId="bf9947b5-fb86-429c-9154-c13610c751e2" executionId="db700b7a-af87-4793-895b-3534cb0ba038" testListId="8c84fa94-04c1-424b-9868-57a2d4851a1d" /><TestEntry testId="07087b08-57f7-42d6-8c23-482755c9518d" executionId="8ee6cf55-07a9-4dd0-9753-59fa657dbf57" testListId="8c84fa94-04c1-424b-9868-57a2d4851a1d" /><TestEntry testId="7b9c315f-5ee4-4f50-ab8c-e1e754c6659b" executionId="7b3e917c-fdc3-4c7e-adab-36c695aa9093" testListId="8c84fa94-04c1-424b-9868-57a2d4851a1d" /><TestEntry testId="4564a9a9-4157-436d-9c7d-053c28d8996f" executionId="0649f0ea-dc53-4b96-87b4-18dd1e462644" testListId="8c84fa94-04c1-424b-9868-57a2d4851a1d" /><TestEntry testId="d22cbb2f-9542-4ab8-8c30-681734ec2899" executionId="ed6d6900-d39d-4f3a-b889-4e492eadd21d" testListId="8c84fa94-04c1-424b-9868-57a2d4851a1d" /><TestEntry testId="9eba8647-1d83-4f74-88b5-3b0f0af2f3a6" executionId="e8f69247-5ce3-417d-8d17-ce04f8c34398" testListId="8c84fa94-04c1-424b-9868-57a2d4851a1d" /><TestEntry testId="51a445ae-70d5-4cf2-8122-bc5170718c1e" executionId="b95d5d1e-bdad-475c-93c2-3d82b9193648" testListId="8c84fa94-04c1-424b-9868-57a2d4851a1d" /><TestEntry testId="0e0ad77a-41bb-4051-9478-f4385119c73c" executionId="1c390145-b70b-4499-b1b5-f4e6fff3eca4" testListId="8c84fa94-04c1-424b-9868-57a2d4851a1d" /><TestEntry testId="2f347a66-0d4a-46a6-8b19-d68807850728" executionId="3039952f-4b9c-4ed4-b2f3-b8e36d5d27ea" testListId="8c84fa94-04c1-424b-9868-57a2d4851a1d" /><TestEntry testId="4a9430a1-1482-4c50-a960-8bf755b09922" executionId="b1cabdea-7291-413f-a9e5-4cd8d12c12d1" testListId="8c84fa94-04c1-424b-9868-57a2d4851a1d" /><TestEntry testId="ca7d4cb6-5d39-4135-b974-dbcd373faeaf" executionId="3f5e44da-d1ab-47bf-acf4-fdd99126b25d" testListId="8c84fa94-04c1-424b-9868-57a2d4851a1d" /><TestEntry testId="152e245c-8448-4e8f-a7b9-eb5ccf4dd08c" executionId="5325a89b-8542-470b-92cb-c9a64f2ea7b4" testListId="8c84fa94-04c1-424b-9868-57a2d4851a1d" /><TestEntry testId="48e3d8fe-f7bd-4e19-903e-5e71db1ffd5c" executionId="47d7bb0d-1fc4-41f3-ae18-c08deab89ea2" testListId="8c84fa94-04c1-424b-9868-57a2d4851a1d" /><TestEntry testId="6cffc2da-2790-43e5-bd22-a30e8ec9fb0e" executionId="7b98fa7f-99c2-408e-93d1-5ca50d5b1939" testListId="8c84fa94-04c1-424b-9868-57a2d4851a1d" /><TestEntry testId="9c735e41-f0b0-4975-bd74-42e29b5c1e2e" executionId="b7da4eba-7e5e-4410-a8bf-10b611e8a20d" testListId="8c84fa94-04c1-424b-9868-57a2d4851a1d" /><TestEntry testId="edeae064-baca-4823-a4b6-fe4c56ddb999" executionId="61ed1c2c-8816-4586-848a-21ad857348ff" testListId="8c84fa94-04c1-424b-9868-57a2d4851a1d" /><TestEntry testId="eb368a0f-ea9f-4030-8bc8-754695f7200c" executionId="c8c5f7c0-6951-43a0-a2c4-5adf472d11a1" testListId="8c84fa94-04c1-424b-9868-57a2d4851a1d" /><TestEntry testId="fa8f5924-9b54-4f16-b451-7bed4cfbf330" executionId="9ee435bd-c103-4f97-89c8-a6830b5e336e" testListId="8c84fa94-04c1-424b-9868-57a2d4851a1d" /><TestEntry testId="02bd7d5f-0e50-4f51-b4c8-9340c3ca660c" executionId="971ff956-8048-48c2-b6c8-c344ac6fecb4" testListId="8c84fa94-04c1-424b-9868-57a2d4851a1d" /><TestEntry testId="36b2467f-779d-463d-9ed3-16c65e630a54" executionId="93ec6152-1cb8-4585-beda-de6656f68b6e" testListId="8c84fa94-04c1-424b-9868-57a2d4851a1d" /><TestEntry testId="b86695c4-737b-42a1-89af-1e05a62053db" executionId="10fe9087-9a67-48f4-b074-4e72a6f6f602" testListId="8c84fa94-04c1-424b-9868-57a2d4851a1d" /><TestEntry testId="5e559171-afc8-41f8-bd04-e85bfd1b5674" executionId="4377ba45-692a-4631-bf66-45d9957bb7bf" testListId="8c84fa94-04c1-424b-9868-57a2d4851a1d" /><TestEntry testId="120e063c-06b3-410b-ab8b-a97c12180e8e" executionId="2947b6c2-caaa-41d0-a9f2-2bba7f28414e" testListId="8c84fa94-04c1-424b-9868-57a2d4851a1d" /><TestEntry testId="16125954-0001-4dcf-9b17-3925deab0283" executionId="3737fc39-8d20-4608-b792-2b9675855173" testListId="8c84fa94-04c1-424b-9868-57a2d4851a1d" /><TestEntry testId="03576891-73e7-4103-871f-941d5c681d87" executionId="a789166e-2df6-460d-96bd-e7cb0bd56575" testListId="8c84fa94-04c1-424b-9868-57a2d4851a1d" /><TestEntry testId="3fe32445-6518-4fac-b957-02af3fda4cba" executionId="e0bc5935-e412-4bad-9ae2-46997d6e70cb" testListId="8c84fa94-04c1-424b-9868-57a2d4851a1d" /><TestEntry testId="6a9628c7-4f08-4f58-a82f-e988215a0321" executionId="f27bee94-4783-4da2-b6b8-aaa277c0a58d" testListId="8c84fa94-04c1-424b-9868-57a2d4851a1d" /><TestEntry testId="5e97a947-b2c1-4821-8b6b-f4eaf7919523" executionId="f046469b-9f46-431c-8189-496f80644497" testListId="8c84fa94-04c1-424b-9868-57a2d4851a1d" /><TestEntry testId="63647510-d054-41d1-894e-5579cc217b8b" executionId="5579ea44-fe70-4242-b21b-36b5de79dec1" testListId="8c84fa94-04c1-424b-9868-57a2d4851a1d" /><TestEntry testId="785fedfa-2f33-4a2d-a42c-e74eeb283713" executionId="b129792a-2f5b-40ac-a79f-e7bf85524674" testListId="8c84fa94-04c1-424b-9868-57a2d4851a1d" /><TestEntry testId="139b4e62-3402-4911-a737-846ac9ff00dd" executionId="efcd761d-9870-478b-a338-9e0fb2fa4771" testListId="8c84fa94-04c1-424b-9868-57a2d4851a1d" /><TestEntry testId="bf7fd18a-bc24-444d-acf2-c2034a7ee3af" executionId="518e2123-fbe0-4550-a9da-bd7d0077c493" testListId="8c84fa94-04c1-424b-9868-57a2d4851a1d" /><TestEntry testId="9a6eb282-f74f-4bcb-94e9-51e1aec32fb5" executionId="c31825ad-d32d-4f51-a9a0-02b689e8189f" testListId="8c84fa94-04c1-424b-9868-57a2d4851a1d" /><TestEntry testId="27a86df5-2491-42b6-b987-845d5e15fb00" executionId="e909f54e-d770-4765-8283-4a2bcbb88493" testListId="8c84fa94-04c1-424b-9868-57a2d4851a1d" /><TestEntry testId="4a77a40d-6b54-47ec-bfab-98087dc5df29" executionId="0ccfcaeb-5c6b-46d3-9710-96b0a5bce8f0" testListId="8c84fa94-04c1-424b-9868-57a2d4851a1d" /><TestEntry testId="5ccce6b2-4d0b-4444-a42c-b9a6d4e16eec" executionId="c04e517b-d9be-47e4-b498-5eb472bd65ad" testListId="8c84fa94-04c1-424b-9868-57a2d4851a1d" /><TestEntry testId="e98db5ac-064b-497a-93f1-ce15102890db" executionId="ea848c5f-9759-4759-a3c1-9c52abcb0506" testListId="8c84fa94-04c1-424b-9868-57a2d4851a1d" /><TestEntry testId="1eaff083-38d6-4eeb-bcfb-35a2cbbcdaf5" executionId="d53637a4-e15d-40d9-aaf1-1490adee6acf" testListId="8c84fa94-04c1-424b-9868-57a2d4851a1d" /><TestEntry testId="b08a6104-40e9-466d-b932-0fd3118ce14b" executionId="8fe39589-c05a-4559-92e8-ad8098a3e193" testListId="8c84fa94-04c1-424b-9868-57a2d4851a1d" /><TestEntry testId="a27ba428-b10a-423d-8293-6f14d6d32d30" executionId="7ff44de6-3a11-4be1-a653-176120f8d185" testListId="8c84fa94-04c1-424b-9868-57a2d4851a1d" /><TestEntry testId="0ba23b89-66d3-41dd-a58c-6c4da5c8a87b" executionId="a45cbf2b-9293-4141-af02-c6002bbc02b1" testListId="8c84fa94-04c1-424b-9868-57a2d4851a1d" /><TestEntry testId="ec1dd914-9b6b-46c5-99bc-c384453ab8c6" executionId="f3b0f7d8-dbde-42c8-a8d5-a571363d17dc" testListId="8c84fa94-04c1-424b-9868-57a2d4851a1d" /><TestEntry testId="7482c830-0480-4026-a8bd-13574058d671" executionId="63c64524-39b2-47d4-a02a-ad53a83dd589" testListId="8c84fa94-04c1-424b-9868-57a2d4851a1d" /><TestEntry testId="2b9275c4-7c34-4689-8477-b498c80069e2" executionId="904e3d4f-523b-42f2-b10c-dd2e6d5e7298" testListId="8c84fa94-04c1-424b-9868-57a2d4851a1d" /><TestEntry testId="2534813c-cbcc-494e-9b55-c2f29373a4ba" executionId="3cde19b2-4f01-40d6-8cbc-beb52237815d" testListId="8c84fa94-04c1-424b-9868-57a2d4851a1d" /><TestEntry testId="cc243ae4-2eee-4a0b-acde-d755457734e8" executionId="7f2edd59-60b9-4a1b-95d2-6c6ff6890661" testListId="8c84fa94-04c1-424b-9868-57a2d4851a1d" /><TestEntry testId="cfa46a4e-5eec-4f5e-b79c-d08a68bcbbe1" executionId="6e4bfa01-9c79-4d0b-a34d-db9bd500b657" testListId="8c84fa94-04c1-424b-9868-57a2d4851a1d" /><TestEntry testId="9b64e5ab-66c1-4128-98c6-3524b256da0f" executionId="f96dff41-dae3-4c87-af3f-de59dc376c1b" testListId="8c84fa94-04c1-424b-9868-57a2d4851a1d" /><TestEntry testId="ffbab250-dde1-424e-8e34-73035015a5fe" executionId="900fb496-0d61-4be1-b8da-c92913f53916" testListId="8c84fa94-04c1-424b-9868-57a2d4851a1d" /><TestEntry testId="4b632fde-531e-4325-97dd-3ed8b72e3a95" executionId="5eb5c396-8984-47f6-998b-f27472de4f4a" testListId="8c84fa94-04c1-424b-9868-57a2d4851a1d" /><TestEntry testId="1f6b2f60-7514-4c7b-8476-10b2b6115b32" executionId="355fede0-08cd-488b-86e5-7eaf908af869" testListId="8c84fa94-04c1-424b-9868-57a2d4851a1d" /><TestEntry testId="c918d35f-5f22-4b46-bd4f-81b3cba782bb" executionId="58172243-18f1-4b2a-970e-9c20a896fbce" testListId="8c84fa94-04c1-424b-9868-57a2d4851a1d" /><TestEntry testId="237209d0-0ae9-497a-be9f-cf51226923ff" executionId="93f17de3-4424-4b17-baab-daf22896b871" testListId="8c84fa94-04c1-424b-9868-57a2d4851a1d" /><TestEntry testId="b8edc7f2-f210-49cd-b55f-b89ba21c1926" executionId="8e2a7489-9921-4fbb-8fa6-90c8e0443492" testListId="8c84fa94-04c1-424b-9868-57a2d4851a1d" /><TestEntry testId="2d4b7587-c694-42e5-a19e-f82bcf288589" executionId="fa7b31fd-8328-4162-af49-61aa1ba0c277" testListId="8c84fa94-04c1-424b-9868-57a2d4851a1d" /><TestEntry testId="cba1466d-6711-4a1c-92b4-5a62e0101dc6" executionId="bb59e47e-95e4-4913-aad6-639b0f233db7" testListId="8c84fa94-04c1-424b-9868-57a2d4851a1d" /><TestEntry testId="acea3f8b-66aa-4944-bd64-7e82423ef1eb" executionId="d8d3146e-aabe-4f35-875a-9e5c2a1e499b" testListId="8c84fa94-04c1-424b-9868-57a2d4851a1d" /><TestEntry testId="30d6e58f-3218-4b20-bcb8-2e1c199219ac" executionId="68e0593b-4e6c-4225-a21b-22bcf344092a" testListId="8c84fa94-04c1-424b-9868-57a2d4851a1d" /><TestEntry testId="5810642d-36d7-4ca5-8607-ee57aa92b513" executionId="3e4ed877-2c3a-48e6-a3c4-2fd65affe81b" testListId="8c84fa94-04c1-424b-9868-57a2d4851a1d" /><TestEntry testId="8594bf52-30bb-4166-aaa7-9f00852af660" executionId="0af12c1e-b717-4dbb-a9b0-b634a3417b29" testListId="8c84fa94-04c1-424b-9868-57a2d4851a1d" /><TestEntry testId="b2e33027-931e-405a-9cb3-471a0b6a9691" executionId="2ad16c26-db37-45af-a85b-72ab859e4d70" testListId="8c84fa94-04c1-424b-9868-57a2d4851a1d" /><TestEntry testId="2e01ff82-28f7-45a9-8fd6-524f9302340f" executionId="8446cd8d-3fb0-4445-8cea-6777789186f7" testListId="8c84fa94-04c1-424b-9868-57a2d4851a1d" /><TestEntry testId="5a7e0172-1609-4af1-af81-4d921d70dd69" executionId="5b6e29bd-341d-43f1-ac9a-4b48fb519632" testListId="8c84fa94-04c1-424b-9868-57a2d4851a1d" /><TestEntry testId="2064a95c-4297-4c75-9b08-b78d5c8ce80b" executionId="20f2685b-dbd6-44ea-b521-0267be7b3a28" testListId="8c84fa94-04c1-424b-9868-57a2d4851a1d" /><TestEntry testId="322933a7-1ba9-4a66-b505-0c8fc38d8b9d" executionId="a808eeca-a020-4ed2-8f39-e078ecf3a8e9" testListId="8c84fa94-04c1-424b-9868-57a2d4851a1d" /><TestEntry testId="6ea9a5ef-7f59-41ea-9d7f-f26cfeb80bd4" executionId="be622f59-649f-47f2-abb3-9a84d9108a1f" testListId="8c84fa94-04c1-424b-9868-57a2d4851a1d" /><TestEntry testId="8d6a06b0-dd82-4835-975f-b86704e4e93a" executionId="10a71481-5c94-4a3f-8c11-95ae89252f27" testListId="8c84fa94-04c1-424b-9868-57a2d4851a1d" /><TestEntry testId="d2e7003b-c6c8-49f1-8390-8b80973f036e" executionId="dbf3a1a7-6d69-4739-9a71-dd1f0f996cff" testListId="8c84fa94-04c1-424b-9868-57a2d4851a1d" /><TestEntry testId="8181825c-aed4-4150-8305-119cbd18a801" executionId="1daa33d6-ae73-426f-86ef-b383eaab527a" testListId="8c84fa94-04c1-424b-9868-57a2d4851a1d" /><TestEntry testId="07cfb1ff-262e-43b7-8f9e-61c2a244c855" executionId="0f630092-179e-43c2-85c3-9ddd999da6a7" testListId="8c84fa94-04c1-424b-9868-57a2d4851a1d" /><TestEntry testId="f6b67b41-2122-4c86-b46a-45dcb4c79bdd" executionId="953918a9-b84a-43c1-bdb6-6123cb78ffcc" testListId="8c84fa94-04c1-424b-9868-57a2d4851a1d" /><TestEntry testId="91566fbb-4a1e-4899-8f2f-d1bf3be9074e" executionId="4ea7d93a-8a94-449c-b5a4-fc7d44065a40" testListId="8c84fa94-04c1-424b-9868-57a2d4851a1d" /><TestEntry testId="e8bffe6b-3ece-4741-a2b7-b349958dd16d" executionId="de85547f-7b49-4e26-bc14-7af2d8243243" testListId="8c84fa94-04c1-424b-9868-57a2d4851a1d" /><TestEntry testId="b3d5899b-bc38-4a55-925e-2eab034e5c8c" executionId="a6d645cb-0cc5-4286-9a20-68fe9f343840" testListId="8c84fa94-04c1-424b-9868-57a2d4851a1d" /><TestEntry testId="2e770542-d373-4eb4-a83c-b5b6300447e3" executionId="cc8f6056-c510-4c03-ba31-2116c10c9fe6" testListId="8c84fa94-04c1-424b-9868-57a2d4851a1d" /><TestEntry testId="a2c80698-f463-46d8-8c83-61ca4f9b38f7" executionId="e85d33b6-8d2e-4b32-b9da-d949b770734b" testListId="8c84fa94-04c1-424b-9868-57a2d4851a1d" /><TestEntry testId="39e2de5c-2863-4920-aa8f-06a20f7c8d18" executionId="10a46b9e-2776-4493-b71f-ee2f050eb69f" testListId="8c84fa94-04c1-424b-9868-57a2d4851a1d" /><TestEntry testId="3b76749a-61d4-4c7d-9879-1920cd2ee0ff" executionId="964e1d9b-57a1-4ec9-9240-6bd25db91da4" testListId="8c84fa94-04c1-424b-9868-57a2d4851a1d" /><TestEntry testId="417ab71c-ba96-43e8-b25d-a0c980c775ca" executionId="608b7a5e-db5d-44cb-9ed3-ae047331b622" testListId="8c84fa94-04c1-424b-9868-57a2d4851a1d" /><TestEntry testId="0e0603d6-3fe3-4fb4-bdab-a421a7fc047b" executionId="75a448ff-29f9-4853-8fce-48a662b8a711" testListId="8c84fa94-04c1-424b-9868-57a2d4851a1d" /><TestEntry testId="e1546a00-8bdd-46d0-91f0-ccd462c2f95a" executionId="14e0d0be-157c-4109-9f5a-c2b9446d32ff" testListId="8c84fa94-04c1-424b-9868-57a2d4851a1d" /><TestEntry testId="62e0b348-9656-4c04-b19d-31613495eaf9" executionId="b78d5bb5-5a60-4954-a8f8-0e65e703af6c" testListId="8c84fa94-04c1-424b-9868-57a2d4851a1d" /><TestEntry testId="b9e727d1-f816-4fc2-889a-0c49dca5aab8" executionId="c7cd307c-e58c-44ec-b498-6ba7cc7e9fe6" testListId="8c84fa94-04c1-424b-9868-57a2d4851a1d" /><TestEntry testId="f20139a6-26aa-4343-b9c2-bcb4f27ac171" executionId="b265f609-4579-4f5d-985d-1719eec09b87" testListId="8c84fa94-04c1-424b-9868-57a2d4851a1d" /><TestEntry testId="b60ebae9-1c10-4730-a80c-f6e22c59679a" executionId="5272baf0-e74b-41cf-9e60-3f6785aa46c6" testListId="8c84fa94-04c1-424b-9868-57a2d4851a1d" /><TestEntry testId="d633a908-ebfb-4358-8640-38b417893966" executionId="804e43ce-7d69-4711-8418-a17734e6a164" testListId="8c84fa94-04c1-424b-9868-57a2d4851a1d" /><TestEntry testId="74893aef-4f10-4f24-80f9-8cc7103529de" executionId="f7e2cd59-9715-4481-a977-c8b7108df47f" testListId="8c84fa94-04c1-424b-9868-57a2d4851a1d" /><TestEntry testId="8036300d-c11d-4333-ac91-3ad190a02e01" executionId="a380a841-cc77-4163-8851-9b0e857ca0cf" testListId="8c84fa94-04c1-424b-9868-57a2d4851a1d" /><TestEntry testId="a63a7730-ffb9-4eff-be57-af81f594cbca" executionId="c510bb1f-59ca-4f7d-bade-ca265dcb663f" testListId="8c84fa94-04c1-424b-9868-57a2d4851a1d" /><TestEntry testId="532d22e2-a744-4b2b-8909-0da06763ac30" executionId="6eb1052c-5353-4fc6-a4eb-17dbdfe706f9" testListId="8c84fa94-04c1-424b-9868-57a2d4851a1d" /><TestEntry testId="24fbdbc0-9ec8-4af1-8811-2c46549eb7a5" executionId="e813814d-8639-473a-a3d5-02b11cbde916" testListId="8c84fa94-04c1-424b-9868-57a2d4851a1d" /><TestEntry testId="f195db9b-ea6f-491b-b654-69931f5ac8a5" executionId="4374eb6c-a5ad-4ac3-aa29-f327cd00541d" testListId="8c84fa94-04c1-424b-9868-57a2d4851a1d" /><TestEntry testId="58aa52fd-3801-4f66-8fa4-870c12dab6c1" executionId="0490976c-73d4-4a7d-abe9-becf015e63e1" testListId="8c84fa94-04c1-424b-9868-57a2d4851a1d" /><TestEntry testId="cdf1e1e6-8710-458d-bb9d-1be22fbc5c2b" executionId="43354591-5281-4c0d-ab9c-dc2e30a4c78d" testListId="8c84fa94-04c1-424b-9868-57a2d4851a1d" /><TestEntry testId="917861ff-80c6-4cc8-8bab-c18e67b3f15b" executionId="cdf4d2c3-f4d5-4286-83be-877daf4209d3" testListId="8c84fa94-04c1-424b-9868-57a2d4851a1d" /><TestEntry testId="b5b4a4f7-c545-4fb6-8d4c-74bf022bc21d" executionId="aa517f57-9adf-4ebf-8d90-78b2a7ce1479" testListId="8c84fa94-04c1-424b-9868-57a2d4851a1d" /><TestEntry testId="509c412b-396a-43cc-acdf-7dd3e7f639ea" executionId="dabf40a3-afa4-4f7d-83a2-6cab65b00421" testListId="8c84fa94-04c1-424b-9868-57a2d4851a1d" /><TestEntry testId="c22a20ee-2547-4dcf-a0a7-ce8f645a0857" executionId="ad06ef96-5e6c-4c41-95da-b0786219eac5" testListId="8c84fa94-04c1-424b-9868-57a2d4851a1d" /><TestEntry testId="3f838a82-e603-4877-b8f1-41182c52e8d6" executionId="fb3bb9d2-b5da-4399-ba40-adfc134d36e3" testListId="8c84fa94-04c1-424b-9868-57a2d4851a1d" /><TestEntry testId="02f82ac6-6cdb-4cb5-b687-5bba1e7da34c" executionId="fc2e11a5-344b-4716-958a-06be647167c2" testListId="8c84fa94-04c1-424b-9868-57a2d4851a1d" /><TestEntry testId="4d2fa10f-4409-4478-b1fa-2b84a4a0aa51" executionId="59f70b18-8fe0-4c3e-a165-edf451e0ccae" testListId="8c84fa94-04c1-424b-9868-57a2d4851a1d" /><TestEntry testId="a02a0a95-a393-4da4-8489-c60b20ff6816" executionId="dc1e0d6d-ec3d-4d19-bd80-1bc195475693" testListId="8c84fa94-04c1-424b-9868-57a2d4851a1d" /><TestEntry testId="bf3917f4-ee09-44ab-af57-7de0cfac0926" executionId="efa918e9-3c3f-42ce-a525-cf854966c270" testListId="8c84fa94-04c1-424b-9868-57a2d4851a1d" /><TestEntry testId="bda53724-1fe2-4252-b3dc-1542b8d78c52" executionId="ff23cbb8-593f-4b4c-8b16-807fbfe098e3" testListId="8c84fa94-04c1-424b-9868-57a2d4851a1d" /><TestEntry testId="6e232925-db7e-4885-8311-23f9a2e438a2" executionId="9803de13-cd1e-4295-93b5-bcfed75a3186" testListId="8c84fa94-04c1-424b-9868-57a2d4851a1d" /><TestEntry testId="497b7078-9cf5-4240-aa50-a452d8bb0648" executionId="d54aa6fa-acdd-402b-a2bd-673744315f2d" testListId="8c84fa94-04c1-424b-9868-57a2d4851a1d" /><TestEntry testId="29d3b448-d37c-4f96-a6d8-35b252d818fe" executionId="e87c715e-894f-44ef-b3be-9a82fbf466e6" testListId="8c84fa94-04c1-424b-9868-57a2d4851a1d" /><TestEntry testId="e613acce-f21f-4c54-a7a3-d0d299425e9f" executionId="ea35a4b3-e9e0-4191-876e-088b9502eaec" testListId="8c84fa94-04c1-424b-9868-57a2d4851a1d" /><TestEntry testId="dd01f4ee-9b05-4d43-b6c8-804fa1fcc025" executionId="c0b2d6ad-f1e7-486b-b01e-8beab3b9be8c" testListId="8c84fa94-04c1-424b-9868-57a2d4851a1d" /><TestEntry testId="ef73f0ca-12da-4abe-aed2-a5bdc56f9b14" executionId="60c29677-4dee-43e0-9b1e-42a77856f688" testListId="8c84fa94-04c1-424b-9868-57a2d4851a1d" /><TestEntry testId="85782155-ce38-4bab-89fe-afe4a9f6c17b" executionId="5891415a-9f26-41e3-acce-9246bfef9443" testListId="8c84fa94-04c1-424b-9868-57a2d4851a1d" /><TestEntry testId="7d9b720b-ea24-4932-ba81-869764857296" executionId="98a8d2b5-e531-4db7-9687-0112c561f84d" testListId="8c84fa94-04c1-424b-9868-57a2d4851a1d" /><TestEntry testId="e009b878-8458-4d34-b7b9-c639803565a3" executionId="14e50e36-a8e6-4a49-a94a-3ed567d06470" testListId="8c84fa94-04c1-424b-9868-57a2d4851a1d" /><TestEntry testId="626ebbe7-fb05-4b63-bbfb-131ff1874f66" executionId="b6ad009b-a4f3-4dd9-b995-8a675b67b7f5" testListId="8c84fa94-04c1-424b-9868-57a2d4851a1d" /><TestEntry testId="2652eb5b-d422-485e-b1d8-2481d62083ab" executionId="44a8ec5a-f295-41f6-a3ad-e711bdf7eba0" testListId="8c84fa94-04c1-424b-9868-57a2d4851a1d" /><TestEntry testId="3dc82b93-c13c-43fe-95dd-6a4d777c9c60" executionId="82b60ebe-5fe4-4f5f-90b1-c4d1e676f6c2" testListId="8c84fa94-04c1-424b-9868-57a2d4851a1d" /><TestEntry testId="1e217f3f-14f9-455f-b664-e8ab7099e2f6" executionId="3e74750f-7e23-43e2-bd47-76e50447fc60" testListId="8c84fa94-04c1-424b-9868-57a2d4851a1d" /><TestEntry testId="f276e47e-1ea2-4f13-93d2-127c472c6efd" executionId="e953134c-8862-404a-9986-b560f0a52917" testListId="8c84fa94-04c1-424b-9868-57a2d4851a1d" /><TestEntry testId="42f2a251-df5f-4801-adb7-4e7ab6dd92e4" executionId="4c737fa5-25ae-48ff-b0a4-8f23cd76c2cb" testListId="8c84fa94-04c1-424b-9868-57a2d4851a1d" /><TestEntry testId="5a8ec0a4-1ce5-4d00-8d5c-f8177dc324a9" executionId="6818c1f5-e070-4410-9590-fe88c7d6e850" testListId="8c84fa94-04c1-424b-9868-57a2d4851a1d" /><TestEntry testId="4a352bbb-b96b-45bf-aced-c691a2549cf8" executionId="e6c2727d-83e6-4c1d-bc90-652985629691" testListId="8c84fa94-04c1-424b-9868-57a2d4851a1d" /><TestEntry testId="e64de951-f633-4754-856a-eb88f3cd5ed4" executionId="f5e7dd0c-1f99-446d-837a-8b92535d7471" testListId="8c84fa94-04c1-424b-9868-57a2d4851a1d" /><TestEntry testId="0ffb19e8-2cce-4018-a4c3-6bbdfc4b7cf3" executionId="1aa11bb2-40f2-4d67-bb62-36fca498adfe" testListId="8c84fa94-04c1-424b-9868-57a2d4851a1d" /><TestEntry testId="31f23687-6eeb-4ec3-ae67-c60211582e0d" executionId="732d8df5-135c-4983-a8c6-542b43c95748" testListId="8c84fa94-04c1-424b-9868-57a2d4851a1d" /><TestEntry testId="992d95ff-44f7-4c3c-8c2c-88c949a27afc" executionId="82e9d260-4713-4ac4-a584-95a96d877d53" testListId="8c84fa94-04c1-424b-9868-57a2d4851a1d" /><TestEntry testId="35600603-4858-4d27-811b-e798b95ae8d6" executionId="1c0fa5ef-4cf1-404f-8438-8e0249f4d7fb" testListId="8c84fa94-04c1-424b-9868-57a2d4851a1d" /><TestEntry testId="0864e5fd-76da-4102-91bf-415db61f7e18" executionId="11b2c8cf-a629-41ba-880d-97e9c123fba2" testListId="8c84fa94-04c1-424b-9868-57a2d4851a1d" /><TestEntry testId="c9c7224b-9c0f-4795-8598-b2b2dfc6f155" executionId="bdde063b-7b3f-409d-a9f6-025b5c4c9dde" testListId="8c84fa94-04c1-424b-9868-57a2d4851a1d" /><TestEntry testId="c8da5c2e-c953-4b28-a384-60be7b589782" executionId="052c8e26-ee5e-463a-b868-d9905165a6f4" testListId="8c84fa94-04c1-424b-9868-57a2d4851a1d" /><TestEntry testId="76b76a42-5705-4685-b660-a1bf6be561d1" executionId="0c1493af-4143-4711-8620-edd4d33f2758" testListId="8c84fa94-04c1-424b-9868-57a2d4851a1d" /><TestEntry testId="f310de5a-5d2c-4382-96d2-c55b98b680db" executionId="e48253b4-ea6b-4848-8744-c0cf1397ab91" testListId="8c84fa94-04c1-424b-9868-57a2d4851a1d" /><TestEntry testId="d1566f34-8e49-483c-a7f0-2004199f60bc" executionId="b3aeca78-e635-4ad6-9ec0-eee7f79527be" testListId="8c84fa94-04c1-424b-9868-57a2d4851a1d" /><TestEntry testId="e0cc7202-4398-434d-9664-4a40c45c4020" executionId="69d719e7-cc75-4658-bc92-a7471b6cb799" testListId="8c84fa94-04c1-424b-9868-57a2d4851a1d" /><TestEntry testId="9db33f0a-5e6a-482c-908b-fe780e4dd1d5" executionId="08de8cdf-58b2-4c41-ae8b-50bacf3e4854" testListId="8c84fa94-04c1-424b-9868-57a2d4851a1d" /><TestEntry testId="2fd36f6c-859d-42f2-b104-2bf9b7e4c995" executionId="309e3e25-c3e6-4118-a614-ce21a0ed3bf2" testListId="8c84fa94-04c1-424b-9868-57a2d4851a1d" /><TestEntry testId="62c62b7e-675c-4c02-9588-6c6822a92c08" executionId="bf5f1995-8367-4089-9fa1-bec6723177af" testListId="8c84fa94-04c1-424b-9868-57a2d4851a1d" /><TestEntry testId="99129312-0266-49ab-85e2-a608131cc764" executionId="2cef2e7d-1113-423a-b95e-fcc6b73357fe" testListId="8c84fa94-04c1-424b-9868-57a2d4851a1d" /><TestEntry testId="9c2e45c2-838d-431a-b3a6-2215d0e553e8" executionId="2ec1669d-99da-4100-975d-d5f1feb308d6" testListId="8c84fa94-04c1-424b-9868-57a2d4851a1d" /><TestEntry testId="6c1e8dfa-6e96-47a0-83ae-134dfe929da6" executionId="695a9e5b-02d2-45e8-9538-85525a24a5ee" testListId="8c84fa94-04c1-424b-9868-57a2d4851a1d" /><TestEntry testId="b663798b-5c01-415f-93e9-c819854ad736" executionId="c1ea45eb-1fb6-443d-adb8-e160a1e7ec7c" testListId="8c84fa94-04c1-424b-9868-57a2d4851a1d" /><TestEntry testId="daf8f437-5f82-4379-96f4-53bbe89a747b" executionId="5d937fb7-4edb-41a2-9983-659660b4c286" testListId="8c84fa94-04c1-424b-9868-57a2d4851a1d" /><TestEntry testId="d5889723-ea41-405c-93b1-1fe4f6a22b39" executionId="c913b5a3-8725-4505-afad-e933fabe7f36" testListId="8c84fa94-04c1-424b-9868-57a2d4851a1d" /><TestEntry testId="018f9fb0-1141-452d-9ce0-07cc4b283f86" executionId="6e5cacbb-6d70-4a7d-a261-7475f189b983" testListId="8c84fa94-04c1-424b-9868-57a2d4851a1d" /><TestEntry testId="2625b477-cb60-4599-ace9-861c593a3f69" executionId="f6e9f04c-38c5-4303-8a76-da89aa337b62" testListId="8c84fa94-04c1-424b-9868-57a2d4851a1d" /><TestEntry testId="b0e9d81f-aed7-403a-bff7-7d7ab1f5c237" executionId="36acfb77-e16e-4284-ad1b-654fe2af6f65" testListId="8c84fa94-04c1-424b-9868-57a2d4851a1d" /><TestEntry testId="cc53af90-acbf-48c3-a910-201dc37c8149" executionId="8491d56a-bc13-46af-b0b7-2b7bcf03807a" testListId="8c84fa94-04c1-424b-9868-57a2d4851a1d" /><TestEntry testId="b8681285-a6b7-4f3d-be01-b0a8bf8607d0" executionId="8003c159-fee8-4aa0-8015-0599cdd1124e" testListId="8c84fa94-04c1-424b-9868-57a2d4851a1d" /><TestEntry testId="aff5260e-0633-4349-8a79-7183fa620d07" executionId="e9482bd7-e723-4fb4-8adf-4182172e9234" testListId="8c84fa94-04c1-424b-9868-57a2d4851a1d" /><TestEntry testId="8ead3bb2-e2f1-4f46-8a1d-612305679864" executionId="c39c7e26-154c-4b25-9838-204aa29613bf" testListId="8c84fa94-04c1-424b-9868-57a2d4851a1d" /></TestEntries><TestLists><TestList name="Results Not in a List" id="8c84fa94-04c1-424b-9868-57a2d4851a1d" /><TestList name="All Loaded Results" id="19431567-8539-422a-85d7-44ee4e166bda" /></TestLists><ResultSummary outcome="Completed"><Counters total="152" executed="152" passed="152" failed="0" error="0" timeout="0" aborted="0" inconclusive="0" passedButRunAborted="0" notRunnable="0" notExecuted="0" disconnected="0" warning="0" completed="0" inProgress="0" pending="0" /><Output><StdOut>[xUnit.net 00:00:01.0991481]   Discovering: ModelRelief.Test[xUnit.net 00:00:01.2137300]   Discovered:  ModelRelief.Test[xUnit.net 00:00:01.2190329]   Starting:    ModelRelief.Test[xUnit.net 00:00:25.8201940]   Finished:    ModelRelief.Test</StdOut></Output></ResultSummary></TestRun>