<?xml version="1.0" encoding="utf-8"?><TestRun id="64dcf6a2-f172-4e44-8651-ef2e87285d76" name="Steve Knipmeyer@VECTOR 2018-07-19 06:47:38" runUser="VECTOR\Steve Knipmeyer" xmlns="http://microsoft.com/schemas/VisualStudio/TeamTest/2010"><Times creation="2018-07-19T06:47:38.7463918-04:00" queuing="2018-07-19T06:47:38.7464086-04:00" start="2018-07-19T06:47:34.1885210-04:00" finish="2018-07-19T06:47:53.3597000-04:00" /><TestSettings name="default" id="b18f461c-a059-4447-999a-52d67dcb8c45"><Deployment runDeploymentRoot="Steve_Knipmeyer_VECTOR_2018-07-19_06_47_38" /></TestSettings><Results><UnitTestResult executionId="6f5230e9-73d1-44cc-82d5-30419472ae35" testId="cf60fa3f-10dc-4a51-ada1-f3bac1a99eaa" testName="Put_ValidReferencePropertyUpdatesModel" computerName="VECTOR" duration="00:00:00.0660000" startTime="2018-07-19T06:47:41.4017531-04:00" endTime="2018-07-19T06:47:41.4017596-04:00" testType="13cdc9d9-ddb5-4fa4-a97d-d965ccfc6d4b" outcome="Passed" testListId="8c84fa94-04c1-424b-9868-57a2d4851a1d" relativeResultsDirectory="6f5230e9-73d1-44cc-82d5-30419472ae35" /><UnitTestResult executionId="86570b7a-9b9f-476a-a0f7-ce8725e4f796" testId="1fec7432-4a71-410b-9057-ae547435f810" testName="Delete_TargetModelIsDeleted" computerName="VECTOR" duration="00:00:00.0150000" startTime="2018-07-19T06:47:52.8474726-04:00" endTime="2018-07-19T06:47:52.8474786-04:00" testType="13cdc9d9-ddb5-4fa4-a97d-d965ccfc6d4b" outcome="Passed" testListId="8c84fa94-04c1-424b-9868-57a2d4851a1d" relativeResultsDirectory="86570b7a-9b9f-476a-a0f7-ce8725e4f796" /><UnitTestResult executionId="b29a1fcb-0081-491d-8757-72d3786ebacd" testId="3e2662af-55cd-4205-ab38-d1fe3eb8425d" testName="Delete_TargetModelIsDeleted" computerName="VECTOR" duration="00:00:00.1080000" startTime="2018-07-19T06:47:41.2512492-04:00" endTime="2018-07-19T06:47:41.2512557-04:00" testType="13cdc9d9-ddb5-4fa4-a97d-d965ccfc6d4b" outcome="Passed" testListId="8c84fa94-04c1-424b-9868-57a2d4851a1d" relativeResultsDirectory="b29a1fcb-0081-491d-8757-72d3786ebacd" /><UnitTestResult executionId="d89a8e9e-2c46-4b24-8d31-3fd0de30d95a" testId="73f6bdfb-b991-49cb-b50e-c7ebac33bfee" testName="Put_CanUpdateModel" computerName="VECTOR" duration="00:00:00.0320000" startTime="2018-07-19T06:47:50.8624786-04:00" endTime="2018-07-19T06:47:50.8624845-04:00" testType="13cdc9d9-ddb5-4fa4-a97d-d965ccfc6d4b" outcome="Passed" testListId="8c84fa94-04c1-424b-9868-57a2d4851a1d" relativeResultsDirectory="d89a8e9e-2c46-4b24-8d31-3fd0de30d95a" /><UnitTestResult executionId="9f642c81-7218-490b-8bc6-d9322612c1d0" testId="6ff8d735-4719-4791-91c1-7d0d8a2373ab" testName="GetSingle_ValidIdPropertyValueReturnsCorrectModel" computerName="VECTOR" duration="00:00:00.0070000" startTime="2018-07-19T06:47:39.2844772-04:00" endTime="2018-07-19T06:47:39.2844806-04:00" testType="13cdc9d9-ddb5-4fa4-a97d-d965ccfc6d4b" outcome="Passed" testListId="8c84fa94-04c1-424b-9868-57a2d4851a1d" relativeResultsDirectory="9f642c81-7218-490b-8bc6-d9322612c1d0" /><UnitTestResult executionId="628dbe79-0580-4032-bdd0-0503e2fa25d6" testId="faa8c49a-b8e6-4d4e-b06b-6d9b24341539" testName="Put_InvalidReferencePropertyReturndBadRequest" computerName="VECTOR" duration="00:00:00.1660000" startTime="2018-07-19T06:47:50.4753993-04:00" endTime="2018-07-19T06:47:50.4754059-04:00" testType="13cdc9d9-ddb5-4fa4-a97d-d965ccfc6d4b" outcome="Passed" testListId="8c84fa94-04c1-424b-9868-57a2d4851a1d" relativeResultsDirectory="628dbe79-0580-4032-bdd0-0503e2fa25d6" /><UnitTestResult executionId="5540abdd-c9fd-4a2d-8682-d54f96a9457c" testId="8e2aeafb-5c29-47c6-8e0b-8810e4523a02" testName="Patch_InvalidIdPropertyReturnsNotFound" computerName="VECTOR" duration="00:00:00.0070000" startTime="2018-07-19T06:47:50.5035751-04:00" endTime="2018-07-19T06:47:50.5035825-04:00" testType="13cdc9d9-ddb5-4fa4-a97d-d965ccfc6d4b" outcome="Passed" testListId="8c84fa94-04c1-424b-9868-57a2d4851a1d" relativeResultsDirectory="5540abdd-c9fd-4a2d-8682-d54f96a9457c" /><UnitTestResult executionId="4e506bb6-50a7-47c3-b22c-08396d12999e" testId="5ef575b4-8984-438c-9766-cb2133969922" testName="Post_InvalidPropertyValueReturnsBadRequest" computerName="VECTOR" duration="00:00:00.0030000" startTime="2018-07-19T06:47:40.0048506-04:00" endTime="2018-07-19T06:47:40.0048526-04:00" testType="13cdc9d9-ddb5-4fa4-a97d-d965ccfc6d4b" outcome="Passed" testListId="8c84fa94-04c1-424b-9868-57a2d4851a1d" relativeResultsDirectory="4e506bb6-50a7-47c3-b22c-08396d12999e" /><UnitTestResult executionId="4c07445c-8324-4aca-8727-6daa00980c20" testId="6c726f7e-e7ed-45b8-94ce-941c4f1676c1" testName="Put_InvalidIdReturnsNotFound" computerName="VECTOR" duration="00:00:00.5180000" startTime="2018-07-19T06:47:42.5212913-04:00" endTime="2018-07-19T06:47:42.5212976-04:00" testType="13cdc9d9-ddb5-4fa4-a97d-d965ccfc6d4b" outcome="Passed" testListId="8c84fa94-04c1-424b-9868-57a2d4851a1d" relativeResultsDirectory="4c07445c-8324-4aca-8727-6daa00980c20" /><UnitTestResult executionId="718a42d4-a633-443d-91be-7e1d28f59d74" testId="0d6fe22b-6bba-4379-9905-710038543178" testName="Patch_InvalidPropertyNameReturnsBadRequest" computerName="VECTOR" duration="00:00:00.0050000" startTime="2018-07-19T06:47:43.6607493-04:00" endTime="2018-07-19T06:47:43.6607524-04:00" testType="13cdc9d9-ddb5-4fa4-a97d-d965ccfc6d4b" outcome="Passed" testListId="8c84fa94-04c1-424b-9868-57a2d4851a1d" relativeResultsDirectory="718a42d4-a633-443d-91be-7e1d28f59d74" /><UnitTestResult executionId="bdc7404f-3002-45b0-adab-f179220661c6" testId="56cad96e-9124-451f-b1fa-2cc9dad59384" testName="Post_CanCreateNewModel" computerName="VECTOR" duration="00:00:00.0130000" startTime="2018-07-19T06:47:50.5170147-04:00" endTime="2018-07-19T06:47:50.5170215-04:00" testType="13cdc9d9-ddb5-4fa4-a97d-d965ccfc6d4b" outcome="Passed" testListId="8c84fa94-04c1-424b-9868-57a2d4851a1d" relativeResultsDirectory="bdc7404f-3002-45b0-adab-f179220661c6" /><UnitTestResult executionId="17a7ba65-c801-43fa-8e13-95a6f37f5f0d" testId="7e8f8b69-80e3-4dab-a95f-a25df3e5b2c8" testName="Patch_InvalidEnumPropertyValueReturnsBadRequest" computerName="VECTOR" duration="00:00:00.0010000" startTime="2018-07-19T06:47:41.4454837-04:00" endTime="2018-07-19T06:47:41.4454849-04:00" testType="13cdc9d9-ddb5-4fa4-a97d-d965ccfc6d4b" outcome="Passed" testListId="8c84fa94-04c1-424b-9868-57a2d4851a1d" relativeResultsDirectory="17a7ba65-c801-43fa-8e13-95a6f37f5f0d" /><UnitTestResult executionId="759c48d4-1340-43e1-b881-0d8fb3104177" testId="76425628-6eda-40c2-bc94-20f5378666c5" testName="Post_InvalidReferencePropertyReturnsBadRequest" computerName="VECTOR" duration="00:00:00.0720000" startTime="2018-07-19T06:47:39.5087367-04:00" endTime="2018-07-19T06:47:39.5087481-04:00" testType="13cdc9d9-ddb5-4fa4-a97d-d965ccfc6d4b" outcome="Passed" testListId="8c84fa94-04c1-424b-9868-57a2d4851a1d" relativeResultsDirectory="759c48d4-1340-43e1-b881-0d8fb3104177" /><UnitTestResult executionId="7aa9855d-47e6-44b5-80b2-ff48ff34d76e" testId="f157db7b-5227-4d1f-8df1-292533a95c6d" testName="Patch_InvalidReferencePropertyReturnsBadRequest" computerName="VECTOR" duration="00:00:00.0140000" startTime="2018-07-19T06:47:50.7290411-04:00" endTime="2018-07-19T06:47:50.7290471-04:00" testType="13cdc9d9-ddb5-4fa4-a97d-d965ccfc6d4b" outcome="Passed" testListId="8c84fa94-04c1-424b-9868-57a2d4851a1d" relativeResultsDirectory="7aa9855d-47e6-44b5-80b2-ff48ff34d76e" /><UnitTestResult executionId="b1fb63e6-4be0-42ed-a878-0108422273ae" testId="a75a0b4d-c8e5-4142-a85e-eeae1eab0ec2" testName="PostFile_FileIsSynchronizedIsUpdatedAfterFileIsPosted" computerName="VECTOR" duration="00:00:00.0580000" startTime="2018-07-19T06:47:47.8322497-04:00" endTime="2018-07-19T06:47:47.8322568-04:00" testType="13cdc9d9-ddb5-4fa4-a97d-d965ccfc6d4b" outcome="Passed" testListId="8c84fa94-04c1-424b-9868-57a2d4851a1d" relativeResultsDirectory="b1fb63e6-4be0-42ed-a878-0108422273ae" /><UnitTestResult executionId="7853e63e-fcfd-45b9-8592-c265ea2aef98" testId="cf2ef376-d54a-4474-9de1-afc1d69bf1b6" testName="Patch_InvalidPropertyNameReturnsBadRequest" computerName="VECTOR" duration="00:00:00.0200000" startTime="2018-07-19T06:47:41.1430248-04:00" endTime="2018-07-19T06:47:41.1430313-04:00" testType="13cdc9d9-ddb5-4fa4-a97d-d965ccfc6d4b" outcome="Passed" testListId="8c84fa94-04c1-424b-9868-57a2d4851a1d" relativeResultsDirectory="7853e63e-fcfd-45b9-8592-c265ea2aef98" /><UnitTestResult executionId="bf330b70-bfa6-47ca-abd9-d5155e52cf51" testId="ca063053-7863-41d4-bd38-0d47cc3d392b" testName="PostFile_NewFileCanBePosted" computerName="VECTOR" duration="00:00:00.0700000" startTime="2018-07-19T06:47:46.9700921-04:00" endTime="2018-07-19T06:47:46.9700975-04:00" testType="13cdc9d9-ddb5-4fa4-a97d-d965ccfc6d4b" outcome="Passed" testListId="8c84fa94-04c1-424b-9868-57a2d4851a1d" relativeResultsDirectory="bf330b70-bfa6-47ca-abd9-d5155e52cf51" /><UnitTestResult executionId="246bdd0e-3cae-410c-9fb2-0ae6d6ce1f0b" testId="f0eebd38-48d6-48d0-a08c-ad41c5f5d999" testName="FileRequest_FileCanBeReadAfterRename" computerName="VECTOR" duration="00:00:00.1040000" startTime="2018-07-19T06:47:52.2567717-04:00" endTime="2018-07-19T06:47:52.2567794-04:00" testType="13cdc9d9-ddb5-4fa4-a97d-d965ccfc6d4b" outcome="Passed" testListId="8c84fa94-04c1-424b-9868-57a2d4851a1d" relativeResultsDirectory="246bdd0e-3cae-410c-9fb2-0ae6d6ce1f0b" /><UnitTestResult executionId="9d67fd86-35dd-47c7-9399-fb1f33d26b25" testId="5ab1ead9-00a1-42c2-9331-23e4db6a9656" testName="Put_ValidReferencePropertyUpdatesModel" computerName="VECTOR" duration="00:00:00.0020000" startTime="2018-07-19T06:47:39.2348341-04:00" endTime="2018-07-19T06:47:39.2348367-04:00" testType="13cdc9d9-ddb5-4fa4-a97d-d965ccfc6d4b" outcome="Passed" testListId="8c84fa94-04c1-424b-9868-57a2d4851a1d" relativeResultsDirectory="9d67fd86-35dd-47c7-9399-fb1f33d26b25" /><UnitTestResult executionId="9322b198-ff65-4b12-95d8-773e8fba3eb1" testId="c6418111-d92d-4b2d-999a-c10dac78b908" testName="Put_InvalidReferencePropertyReturndBadRequest" computerName="VECTOR" duration="00:00:00.0200000" startTime="2018-07-19T06:47:40.2558312-04:00" endTime="2018-07-19T06:47:40.2558381-04:00" testType="13cdc9d9-ddb5-4fa4-a97d-d965ccfc6d4b" outcome="Passed" testListId="8c84fa94-04c1-424b-9868-57a2d4851a1d" relativeResultsDirectory="9322b198-ff65-4b12-95d8-773e8fba3eb1" /><UnitTestResult executionId="3c33c927-279e-4f9c-9ebd-77ee2fc3705d" testId="fa1203ac-afa7-4c64-afad-a82cf693c630" testName="GetSingle_ValidIdPropertyValueReturnsCorrectModel" computerName="VECTOR" duration="00:00:00.0060000" startTime="2018-07-19T06:47:50.7522417-04:00" endTime="2018-07-19T06:47:50.7522471-04:00" testType="13cdc9d9-ddb5-4fa4-a97d-d965ccfc6d4b" outcome="Passed" testListId="8c84fa94-04c1-424b-9868-57a2d4851a1d" relativeResultsDirectory="3c33c927-279e-4f9c-9ebd-77ee2fc3705d" /><UnitTestResult executionId="8cb83ef3-2089-411c-8b98-adfa59b893d4" testId="75ddeee7-8194-4997-96e3-cc5b3a49e02e" testName="Patch_TargetPropertyIsUpdated" computerName="VECTOR" duration="00:00:00.3340000" startTime="2018-07-19T06:47:39.8431001-04:00" endTime="2018-07-19T06:47:39.8431063-04:00" testType="13cdc9d9-ddb5-4fa4-a97d-d965ccfc6d4b" outcome="Passed" testListId="8c84fa94-04c1-424b-9868-57a2d4851a1d" relativeResultsDirectory="8cb83ef3-2089-411c-8b98-adfa59b893d4" /><UnitTestResult executionId="f5dd3801-9ce7-4a69-93c2-a1f3f292fd72" testId="7ad33ea6-dd72-4cda-9de8-846b7f96bedb" testName="Put_InvalidIdReturnsNotFound" computerName="VECTOR" duration="00:00:00.0530000" startTime="2018-07-19T06:47:39.9959478-04:00" endTime="2018-07-19T06:47:39.9959535-04:00" testType="13cdc9d9-ddb5-4fa4-a97d-d965ccfc6d4b" outcome="Passed" testListId="8c84fa94-04c1-424b-9868-57a2d4851a1d" relativeResultsDirectory="f5dd3801-9ce7-4a69-93c2-a1f3f292fd72" /><UnitTestResult executionId="03717fa0-14f5-4bc7-a024-7e67ccd93650" testId="11ac37e4-7de5-4b27-b0fa-ea8033aa8c2d" testName="Patch_InvalidEnumPropertyValueReturnsBadRequest" computerName="VECTOR" duration="00:00:00.0010000" startTime="2018-07-19T06:47:52.8877970-04:00" endTime="2018-07-19T06:47:52.8877995-04:00" testType="13cdc9d9-ddb5-4fa4-a97d-d965ccfc6d4b" outcome="Passed" testListId="8c84fa94-04c1-424b-9868-57a2d4851a1d" relativeResultsDirectory="03717fa0-14f5-4bc7-a024-7e67ccd93650" /><UnitTestResult executionId="2ce243b4-09fa-46b5-a90b-a4f7de99e159" testId="66507ab3-6488-4271-9850-140a5815bd40" testName="Patch_InvalidEnumPropertyValueReturnsBadRequest" computerName="VECTOR" duration="00:00:00.0020000" startTime="2018-07-19T06:47:39.2863435-04:00" endTime="2018-07-19T06:47:39.2863461-04:00" testType="13cdc9d9-ddb5-4fa4-a97d-d965ccfc6d4b" outcome="Passed" testListId="8c84fa94-04c1-424b-9868-57a2d4851a1d" relativeResultsDirectory="2ce243b4-09fa-46b5-a90b-a4f7de99e159" /><UnitTestResult executionId="391d76f0-2af9-47fd-8051-da60c0d8acba" testId="4f2945b9-6277-433e-8e84-147b0200839f" testName="GetList_ListReturnsCorrectCount" computerName="VECTOR" duration="00:00:00.0400000" startTime="2018-07-19T06:47:52.8876372-04:00" endTime="2018-07-19T06:47:52.8876437-04:00" testType="13cdc9d9-ddb5-4fa4-a97d-d965ccfc6d4b" outcome="Passed" testListId="8c84fa94-04c1-424b-9868-57a2d4851a1d" relativeResultsDirectory="391d76f0-2af9-47fd-8051-da60c0d8acba" /><UnitTestResult executionId="e394a778-6611-425b-96e4-2edceaefe604" testId="30a2298f-06c5-4777-b1ab-ad53eb7d75c2" testName="Put_InvalidReferencePropertyReturndBadRequest" computerName="VECTOR" duration="00:00:00.0030000" startTime="2018-07-19T06:47:39.4172048-04:00" endTime="2018-07-19T06:47:39.4172077-04:00" testType="13cdc9d9-ddb5-4fa4-a97d-d965ccfc6d4b" outcome="Passed" testListId="8c84fa94-04c1-424b-9868-57a2d4851a1d" relativeResultsDirectory="e394a778-6611-425b-96e4-2edceaefe604" /><UnitTestResult executionId="e3cd15a0-b480-43d5-8d25-ec0af7ebb4b9" testId="8b2f1ec8-de2c-4040-b9bd-c437b1e1db93" testName="PutFile_NewFileCanBePut" computerName="VECTOR" duration="00:00:00.0570000" startTime="2018-07-19T06:47:52.6020073-04:00" endTime="2018-07-19T06:47:52.6020118-04:00" testType="13cdc9d9-ddb5-4fa4-a97d-d965ccfc6d4b" outcome="Passed" testListId="8c84fa94-04c1-424b-9868-57a2d4851a1d" relativeResultsDirectory="e3cd15a0-b480-43d5-8d25-ec0af7ebb4b9" /><UnitTestResult executionId="e90bf41d-6513-42a1-a317-b2c138210fea" testId="ae509ff7-0975-42fa-98cc-49161281946f" testName="Post_CanCreateNewModel" computerName="VECTOR" duration="00:00:00.0120000" startTime="2018-07-19T06:47:41.2848559-04:00" endTime="2018-07-19T06:47:41.2848621-04:00" testType="13cdc9d9-ddb5-4fa4-a97d-d965ccfc6d4b" outcome="Passed" testListId="8c84fa94-04c1-424b-9868-57a2d4851a1d" relativeResultsDirectory="e90bf41d-6513-42a1-a317-b2c138210fea" /><UnitTestResult executionId="67b98813-9745-408d-829d-81862b622f6d" testId="b57bb34d-af96-4402-bee9-0452150ea250" testName="Patch_TargetPropertyIsUpdated" computerName="VECTOR" duration="00:00:00.0350000" startTime="2018-07-19T06:47:50.5527164-04:00" endTime="2018-07-19T06:47:50.5527229-04:00" testType="13cdc9d9-ddb5-4fa4-a97d-d965ccfc6d4b" outcome="Passed" testListId="8c84fa94-04c1-424b-9868-57a2d4851a1d" relativeResultsDirectory="67b98813-9745-408d-829d-81862b622f6d" /><UnitTestResult executionId="f1a7e361-7737-4c1c-b224-5fd4e7c5ada5" testId="b029c570-c1d3-4799-ae04-1e9d4ce0d075" testName="Model3dHasExpectedDependentFiles" computerName="VECTOR" duration="00:00:00.0330000" startTime="2018-07-19T06:47:37.2222304-04:00" endTime="2018-07-19T06:47:37.2222366-04:00" testType="13cdc9d9-ddb5-4fa4-a97d-d965ccfc6d4b" outcome="Passed" testListId="8c84fa94-04c1-424b-9868-57a2d4851a1d" relativeResultsDirectory="f1a7e361-7737-4c1c-b224-5fd4e7c5ada5" /><UnitTestResult executionId="956c8477-d6a3-4f31-b2ac-67d520737b04" testId="91591aa3-48d5-4319-9c98-e348f0a30cb6" testName="GetList_ListReturnsCorrectCount" computerName="VECTOR" duration="00:00:00.1160000" startTime="2018-07-19T06:47:50.3021309-04:00" endTime="2018-07-19T06:47:50.3021374-04:00" testType="13cdc9d9-ddb5-4fa4-a97d-d965ccfc6d4b" outcome="Passed" testListId="8c84fa94-04c1-424b-9868-57a2d4851a1d" relativeResultsDirectory="956c8477-d6a3-4f31-b2ac-67d520737b04" /><UnitTestResult executionId="11138afc-cb37-4044-95a9-1cd029c83913" testId="1618b3c3-995d-4303-8dbc-4a7f2de87f25" testName="Patch_InvalidIdPropertyReturnsNotFound" computerName="VECTOR" duration="00:00:00.0090000" startTime="2018-07-19T06:47:39.4263884-04:00" endTime="2018-07-19T06:47:39.4263935-04:00" testType="13cdc9d9-ddb5-4fa4-a97d-d965ccfc6d4b" outcome="Passed" testListId="8c84fa94-04c1-424b-9868-57a2d4851a1d" relativeResultsDirectory="11138afc-cb37-4044-95a9-1cd029c83913" /><UnitTestResult executionId="9210d38a-aa3c-4db4-ac07-95716848200b" testId="1f369697-36f5-43ef-a51b-3aeffa91ec7b" testName="Patch_MultipleInvalidReferencePropertiesReturnsMultipleValidationErrorsAndBadRequest" computerName="VECTOR" duration="00:00:00.0260000" startTime="2018-07-19T06:47:52.9977647-04:00" endTime="2018-07-19T06:47:52.9977735-04:00" testType="13cdc9d9-ddb5-4fa4-a97d-d965ccfc6d4b" outcome="Passed" testListId="8c84fa94-04c1-424b-9868-57a2d4851a1d" relativeResultsDirectory="9210d38a-aa3c-4db4-ac07-95716848200b" /><UnitTestResult executionId="98c577db-da97-4279-8027-15d05bd9ea44" testId="ca4c42da-c304-4200-a37f-47ee2c8c5624" testName="GetList_ListReturnsCorrectCount" computerName="VECTOR" duration="00:00:00.0580000" startTime="2018-07-19T06:47:40.1886448-04:00" endTime="2018-07-19T06:47:40.1886513-04:00" testType="13cdc9d9-ddb5-4fa4-a97d-d965ccfc6d4b" outcome="Passed" testListId="8c84fa94-04c1-424b-9868-57a2d4851a1d" relativeResultsDirectory="98c577db-da97-4279-8027-15d05bd9ea44" /><UnitTestResult executionId="ebda8429-edf8-47a0-8310-8f5b6badfc2d" testId="c34d86b3-b1ef-468b-b53d-c3339bbe70fb" testName="Delete_TargetModelIsDeleted" computerName="VECTOR" duration="00:00:00.0140000" startTime="2018-07-19T06:47:40.2354525-04:00" endTime="2018-07-19T06:47:40.2354579-04:00" testType="13cdc9d9-ddb5-4fa4-a97d-d965ccfc6d4b" outcome="Passed" testListId="8c84fa94-04c1-424b-9868-57a2d4851a1d" relativeResultsDirectory="ebda8429-edf8-47a0-8310-8f5b6badfc2d" /><UnitTestResult executionId="15b4799e-5997-4f28-8296-70813b40fffc" testId="1f82e43a-5b2b-4c3d-86f5-87eeec571295" testName="Patch_InvalidIdPropertyReturnsNotFound" computerName="VECTOR" duration="00:00:00.0140000" startTime="2018-07-19T06:47:41.4452464-04:00" endTime="2018-07-19T06:47:41.4452521-04:00" testType="13cdc9d9-ddb5-4fa4-a97d-d965ccfc6d4b" outcome="Passed" testListId="8c84fa94-04c1-424b-9868-57a2d4851a1d" relativeResultsDirectory="15b4799e-5997-4f28-8296-70813b40fffc" /><UnitTestResult executionId="c6e4e4dd-6904-410a-8163-ca62405684a6" testId="1d773448-b14f-4422-9401-05058830c64d" testName="FileRequest_MeshIsInvalidatedAfterDepthBufferFileBecomesUnsynchronized" computerName="VECTOR" duration="00:00:01.6590000" startTime="2018-07-19T06:47:45.4920797-04:00" endTime="2018-07-19T06:47:45.4920859-04:00" testType="13cdc9d9-ddb5-4fa4-a97d-d965ccfc6d4b" outcome="Passed" testListId="8c84fa94-04c1-424b-9868-57a2d4851a1d" relativeResultsDirectory="c6e4e4dd-6904-410a-8163-ca62405684a6" /><UnitTestResult executionId="6c0d87fe-c0c4-47c5-8f3d-36acf05e8bbb" testId="8e1980d4-8a4a-408b-a991-00a0114de2af" testName="Patch_InvalidEnumPropertyValueReturnsBadRequest" computerName="VECTOR" duration="00:00:00.0060000" startTime="2018-07-19T06:47:40.1949984-04:00" endTime="2018-07-19T06:47:40.1950072-04:00" testType="13cdc9d9-ddb5-4fa4-a97d-d965ccfc6d4b" outcome="Passed" testListId="8c84fa94-04c1-424b-9868-57a2d4851a1d" relativeResultsDirectory="6c0d87fe-c0c4-47c5-8f3d-36acf05e8bbb" /><UnitTestResult executionId="7e8c19ae-fb5b-44ff-bebe-ad64458d4185" testId="ec3a91a9-7412-4686-86c5-3cf2075107c2" testName="Post_ValidReferencePropertyCreatesModel" computerName="VECTOR" duration="00:00:00.0150000" startTime="2018-07-19T06:47:40.1089889-04:00" endTime="2018-07-19T06:47:40.1089951-04:00" testType="13cdc9d9-ddb5-4fa4-a97d-d965ccfc6d4b" outcome="Passed" testListId="8c84fa94-04c1-424b-9868-57a2d4851a1d" relativeResultsDirectory="7e8c19ae-fb5b-44ff-bebe-ad64458d4185" /><UnitTestResult executionId="3318837e-754d-4dea-bf9e-5caaa59e6afc" testId="dd49854c-49b0-4628-9b44-d1b7af6a5503" testName="MeshTransformHasExpectedDependentFiles" computerName="VECTOR" duration="00:00:00.0010000" startTime="2018-07-19T06:47:38.3392242-04:00" endTime="2018-07-19T06:47:38.3392256-04:00" testType="13cdc9d9-ddb5-4fa4-a97d-d965ccfc6d4b" outcome="Passed" testListId="8c84fa94-04c1-424b-9868-57a2d4851a1d" relativeResultsDirectory="3318837e-754d-4dea-bf9e-5caaa59e6afc" /><UnitTestResult executionId="18f1558a-51fb-4283-ba10-935a085ae033" testId="d84bdd5e-0a0d-434e-ab12-af49640e2db3" testName="Post_InvalidPropertyValueReturnsBadRequest" computerName="VECTOR" duration="00:00:00.0030000" startTime="2018-07-19T06:47:41.4049260-04:00" endTime="2018-07-19T06:47:41.4049286-04:00" testType="13cdc9d9-ddb5-4fa4-a97d-d965ccfc6d4b" outcome="Passed" testListId="8c84fa94-04c1-424b-9868-57a2d4851a1d" relativeResultsDirectory="18f1558a-51fb-4283-ba10-935a085ae033" /><UnitTestResult executionId="3bbb2c0e-c950-45ee-8f71-9a7b4d7d2b29" testId="cf823c60-2491-4f62-b547-68f461cc4ea0" testName="PostFile_FileTimeStampIsUpdatedAfterFileIsPosted" computerName="VECTOR" duration="00:00:01.1270000" startTime="2018-07-19T06:47:46.8992821-04:00" endTime="2018-07-19T06:47:46.8992890-04:00" testType="13cdc9d9-ddb5-4fa4-a97d-d965ccfc6d4b" outcome="Passed" testListId="8c84fa94-04c1-424b-9868-57a2d4851a1d" relativeResultsDirectory="3bbb2c0e-c950-45ee-8f71-9a7b4d7d2b29" /><UnitTestResult executionId="af3bfe90-cec7-4760-b3f5-3d305317859c" testId="2a993b07-553b-4ca3-b7da-d0beb1a58943" testName="Patch_ValidReferencePropertyUpdatesModel" computerName="VECTOR" duration="00:00:00.5910000" startTime="2018-07-19T06:47:43.1128985-04:00" endTime="2018-07-19T06:47:43.1129045-04:00" testType="13cdc9d9-ddb5-4fa4-a97d-d965ccfc6d4b" outcome="Passed" testListId="8c84fa94-04c1-424b-9868-57a2d4851a1d" relativeResultsDirectory="af3bfe90-cec7-4760-b3f5-3d305317859c" /><UnitTestResult executionId="b2b285ae-9f3f-41ca-9cd9-22a1b3f22e01" testId="c96a95c4-f231-4f1f-a295-a52739e8d358" testName="FileRequest_DepthBufferIsInvalidatedAfterCameraDependencyPropertyChange" computerName="VECTOR" duration="00:00:00.2820000" startTime="2018-07-19T06:47:52.5395284-04:00" endTime="2018-07-19T06:47:52.5395347-04:00" testType="13cdc9d9-ddb5-4fa4-a97d-d965ccfc6d4b" outcome="Passed" testListId="8c84fa94-04c1-424b-9868-57a2d4851a1d" relativeResultsDirectory="b2b285ae-9f3f-41ca-9cd9-22a1b3f22e01" /><UnitTestResult executionId="18447e69-cb30-465e-93b3-3f16b787add0" testId="abaadc26-d5ff-47bd-8fb7-ac25bed97d5e" testName="PostFile_FileIsSynchronizedIsUpdatedAfterFileIsPosted" computerName="VECTOR" duration="00:00:00.0540000" startTime="2018-07-19T06:47:52.6561172-04:00" endTime="2018-07-19T06:47:52.6561232-04:00" testType="13cdc9d9-ddb5-4fa4-a97d-d965ccfc6d4b" outcome="Passed" testListId="8c84fa94-04c1-424b-9868-57a2d4851a1d" relativeResultsDirectory="18447e69-cb30-465e-93b3-3f16b787add0" /><UnitTestResult executionId="fc1479df-eb34-48ab-b439-776b8cf9d069" testId="bcc6da91-8d84-4bb2-9a23-f386bdf91896" testName="Patch_InvalidReferencePropertyReturnsBadRequest" computerName="VECTOR" duration="00:00:00.0090000" startTime="2018-07-19T06:47:41.2945779-04:00" endTime="2018-07-19T06:47:41.2945833-04:00" testType="13cdc9d9-ddb5-4fa4-a97d-d965ccfc6d4b" outcome="Passed" testListId="8c84fa94-04c1-424b-9868-57a2d4851a1d" relativeResultsDirectory="fc1479df-eb34-48ab-b439-776b8cf9d069" /><UnitTestResult executionId="dee972eb-d75b-4d37-84be-b4e5651aacbf" testId="51f1a631-40e6-4014-b6f6-d2fc24e99816" testName="Patch_MultipleInvalidReferencePropertiesReturnsMultipleValidationErrorsAndBadRequest" computerName="VECTOR" duration="00:00:00.0210000" startTime="2018-07-19T06:47:41.2729193-04:00" endTime="2018-07-19T06:47:41.2729253-04:00" testType="13cdc9d9-ddb5-4fa4-a97d-d965ccfc6d4b" outcome="Passed" testListId="8c84fa94-04c1-424b-9868-57a2d4851a1d" relativeResultsDirectory="dee972eb-d75b-4d37-84be-b4e5651aacbf" /><UnitTestResult executionId="d62df8b3-c0c9-4d06-8931-025db0b623d0" testId="21ab895d-172b-42d6-898d-05419f40c982" testName="Post_CanCreateNewModel" computerName="VECTOR" duration="00:00:00.0110000" startTime="2018-07-19T06:47:52.8232202-04:00" endTime="2018-07-19T06:47:52.8232259-04:00" testType="13cdc9d9-ddb5-4fa4-a97d-d965ccfc6d4b" outcome="Passed" testListId="8c84fa94-04c1-424b-9868-57a2d4851a1d" relativeResultsDirectory="d62df8b3-c0c9-4d06-8931-025db0b623d0" /><UnitTestResult executionId="3e8e7c37-cd06-45e9-8250-6347ce0fc5d1" testId="4d4167ae-1129-4bd4-907c-0c80ae7b43d5" testName="Patch_InvalidReferencePropertyReturnsBadRequest" computerName="VECTOR" duration="00:00:00.0120000" startTime="2018-07-19T06:47:40.2214176-04:00" endTime="2018-07-19T06:47:40.2214238-04:00" testType="13cdc9d9-ddb5-4fa4-a97d-d965ccfc6d4b" outcome="Passed" testListId="8c84fa94-04c1-424b-9868-57a2d4851a1d" relativeResultsDirectory="3e8e7c37-cd06-45e9-8250-6347ce0fc5d1" /><UnitTestResult executionId="33795a84-9e56-4fe8-ae8a-44178d09ced7" testId="b5fe8685-3f22-4e53-ad21-16aab91349b5" testName="Patch_InvalidEnumPropertyValueReturnsBadRequest" computerName="VECTOR" duration="00:00:00.0090000" startTime="2018-07-19T06:47:43.5917072-04:00" endTime="2018-07-19T06:47:43.5917124-04:00" testType="13cdc9d9-ddb5-4fa4-a97d-d965ccfc6d4b" outcome="Passed" testListId="8c84fa94-04c1-424b-9868-57a2d4851a1d" relativeResultsDirectory="33795a84-9e56-4fe8-ae8a-44178d09ced7" /><UnitTestResult executionId="db0f6fa6-f1a2-4551-8395-1a384c7a2d3f" testId="5a3d1ec7-7a85-494a-b92e-f7de31ca2266" testName="Patch_MultipleInvalidReferencePropertiesReturnsMultipleValidationErrorsAndBadRequest" computerName="VECTOR" duration="00:00:00.0100000" startTime="2018-07-19T06:47:50.7391745-04:00" endTime="2018-07-19T06:47:50.7391833-04:00" testType="13cdc9d9-ddb5-4fa4-a97d-d965ccfc6d4b" outcome="Passed" testListId="8c84fa94-04c1-424b-9868-57a2d4851a1d" relativeResultsDirectory="db0f6fa6-f1a2-4551-8395-1a384c7a2d3f" /><UnitTestResult executionId="adb49c03-eae6-466f-b32c-cd2a16d76df1" testId="55d24b1f-a5f8-4d63-95bf-ca4407e9c1ce" testName="PutFile_NewFileCanBePut" computerName="VECTOR" duration="00:00:00.0950000" startTime="2018-07-19T06:47:40.3524037-04:00" endTime="2018-07-19T06:47:40.3524099-04:00" testType="13cdc9d9-ddb5-4fa4-a97d-d965ccfc6d4b" outcome="Passed" testListId="8c84fa94-04c1-424b-9868-57a2d4851a1d" relativeResultsDirectory="adb49c03-eae6-466f-b32c-cd2a16d76df1" /><UnitTestResult executionId="77d50108-24ba-420d-9004-ee35bf003bfa" testId="635008b5-3ff9-4601-b2c3-91507f07f4c4" testName="Patch_InvalidPropertyNameReturnsBadRequest" computerName="VECTOR" duration="00:00:00.0050000" startTime="2018-07-19T06:47:40.0015834-04:00" endTime="2018-07-19T06:47:40.0015914-04:00" testType="13cdc9d9-ddb5-4fa4-a97d-d965ccfc6d4b" outcome="Passed" testListId="8c84fa94-04c1-424b-9868-57a2d4851a1d" relativeResultsDirectory="77d50108-24ba-420d-9004-ee35bf003bfa" /><UnitTestResult executionId="c21a4223-6e9d-4298-8b59-73c65ed90bcd" testId="4d356237-bfda-403a-903b-f69f47e797b2" testName="GetSingle_InvalidIdPropertyValueReturnsNotFound" computerName="VECTOR" duration="00:00:00.0040000" startTime="2018-07-19T06:47:43.6700062-04:00" endTime="2018-07-19T06:47:43.6700125-04:00" testType="13cdc9d9-ddb5-4fa4-a97d-d965ccfc6d4b" outcome="Passed" testListId="8c84fa94-04c1-424b-9868-57a2d4851a1d" relativeResultsDirectory="c21a4223-6e9d-4298-8b59-73c65ed90bcd" /><UnitTestResult executionId="4ac79c32-4196-4577-9ebe-51326eb8ac54" testId="295a0119-d37f-4995-adaa-3df21934a474" testName="Post_InvalidPropertyValueReturnsBadRequest" computerName="VECTOR" duration="00:00:00.0020000" startTime="2018-07-19T06:47:43.7519497-04:00" endTime="2018-07-19T06:47:43.7519554-04:00" testType="13cdc9d9-ddb5-4fa4-a97d-d965ccfc6d4b" outcome="Passed" testListId="8c84fa94-04c1-424b-9868-57a2d4851a1d" relativeResultsDirectory="4ac79c32-4196-4577-9ebe-51326eb8ac54" /><UnitTestResult executionId="c2e244d5-95d9-498d-9547-c8767191a6f2" testId="c5c03bdf-8200-498c-bfbd-096d443529ef" testName="Patch_TargetPropertyIsUpdated" computerName="VECTOR" duration="00:00:00.0330000" startTime="2018-07-19T06:47:41.5170377-04:00" endTime="2018-07-19T06:47:41.5170437-04:00" testType="13cdc9d9-ddb5-4fa4-a97d-d965ccfc6d4b" outcome="Passed" testListId="8c84fa94-04c1-424b-9868-57a2d4851a1d" relativeResultsDirectory="c2e244d5-95d9-498d-9547-c8767191a6f2" /><UnitTestResult executionId="99c67287-1ad5-4092-ad86-cc9b8b8be599" testId="23a3ce7e-0c84-4c0f-b9d8-1c1f604c2e5f" testName="GetSingle_InvalidIdPropertyValueReturnsNotFound" computerName="VECTOR" duration="00:00:00.0060000" startTime="2018-07-19T06:47:39.2922599-04:00" endTime="2018-07-19T06:47:39.2922651-04:00" testType="13cdc9d9-ddb5-4fa4-a97d-d965ccfc6d4b" outcome="Passed" testListId="8c84fa94-04c1-424b-9868-57a2d4851a1d" relativeResultsDirectory="99c67287-1ad5-4092-ad86-cc9b8b8be599" /><UnitTestResult executionId="b8f6a7ad-5544-4661-8a4a-2ba37f73624d" testId="787d402d-e415-492f-8767-9eafbce0ed18" testName="Put_ValidReferencePropertyUpdatesModel" computerName="VECTOR" duration="00:00:00.1610000" startTime="2018-07-19T06:47:50.7145019-04:00" endTime="2018-07-19T06:47:50.7145085-04:00" testType="13cdc9d9-ddb5-4fa4-a97d-d965ccfc6d4b" outcome="Passed" testListId="8c84fa94-04c1-424b-9868-57a2d4851a1d" relativeResultsDirectory="b8f6a7ad-5544-4661-8a4a-2ba37f73624d" /><UnitTestResult executionId="6f8e9ef6-8658-425d-a528-1a1687ed17cc" testId="c1a193ac-90e1-4ded-b940-f7d11e52eb46" testName="GetFile_NonExistentFileReturnsNotFound" computerName="VECTOR" duration="00:00:00.0120000" startTime="2018-07-19T06:47:43.7649051-04:00" endTime="2018-07-19T06:47:43.7649122-04:00" testType="13cdc9d9-ddb5-4fa4-a97d-d965ccfc6d4b" outcome="Passed" testListId="8c84fa94-04c1-424b-9868-57a2d4851a1d" relativeResultsDirectory="6f8e9ef6-8658-425d-a528-1a1687ed17cc" /><UnitTestResult executionId="f9149c0a-ae86-418a-bec7-5c165f068d4a" testId="fd375538-1d32-4815-afc3-5841a6d98efd" testName="Put_CanUpdateModel" computerName="VECTOR" duration="00:00:00.0380000" startTime="2018-07-19T06:47:41.5550472-04:00" endTime="2018-07-19T06:47:41.5550535-04:00" testType="13cdc9d9-ddb5-4fa4-a97d-d965ccfc6d4b" outcome="Passed" testListId="8c84fa94-04c1-424b-9868-57a2d4851a1d" relativeResultsDirectory="f9149c0a-ae86-418a-bec7-5c165f068d4a" /><UnitTestResult executionId="2cc55f85-f51e-429a-b98f-1a7e137d864b" testId="9cfc46f0-f39f-4164-ad3e-b8514b55d668" testName="Patch_TargetPropertyIsUpdated" computerName="VECTOR" duration="00:00:00.0640000" startTime="2018-07-19T06:47:39.2323919-04:00" endTime="2018-07-19T06:47:39.2323981-04:00" testType="13cdc9d9-ddb5-4fa4-a97d-d965ccfc6d4b" outcome="Passed" testListId="8c84fa94-04c1-424b-9868-57a2d4851a1d" relativeResultsDirectory="2cc55f85-f51e-429a-b98f-1a7e137d864b" /><UnitTestResult executionId="57b9b804-f593-49d4-a6b7-71e9384c34ac" testId="d6fe9d67-23fb-476e-8856-d738eb01e067" testName="Patch_ValidReferencePropertyUpdatesModel" computerName="VECTOR" duration="00:00:00.0430000" startTime="2018-07-19T06:47:40.0568296-04:00" endTime="2018-07-19T06:47:40.0568362-04:00" testType="13cdc9d9-ddb5-4fa4-a97d-d965ccfc6d4b" outcome="Passed" testListId="8c84fa94-04c1-424b-9868-57a2d4851a1d" relativeResultsDirectory="57b9b804-f593-49d4-a6b7-71e9384c34ac" /><UnitTestResult executionId="297f5505-5e23-45a9-9b08-276c1359225a" testId="66ca8fc9-9d65-40e3-afe9-465ea6c8974a" testName="Patch_ValidReferencePropertyUpdatesModel" computerName="VECTOR" duration="00:00:00.0420000" startTime="2018-07-19T06:47:50.8111676-04:00" endTime="2018-07-19T06:47:50.8111744-04:00" testType="13cdc9d9-ddb5-4fa4-a97d-d965ccfc6d4b" outcome="Passed" testListId="8c84fa94-04c1-424b-9868-57a2d4851a1d" relativeResultsDirectory="297f5505-5e23-45a9-9b08-276c1359225a" /><UnitTestResult executionId="50ab550e-ab82-4885-8b72-2c1d475d352b" testId="54b48dfa-c22d-45fb-b678-1926258b637b" testName="GetSingle_ValidIdPropertyValueReturnsCorrectModel" computerName="VECTOR" duration="00:00:00.0060000" startTime="2018-07-19T06:47:52.8117023-04:00" endTime="2018-07-19T06:47:52.8117074-04:00" testType="13cdc9d9-ddb5-4fa4-a97d-d965ccfc6d4b" outcome="Passed" testListId="8c84fa94-04c1-424b-9868-57a2d4851a1d" relativeResultsDirectory="50ab550e-ab82-4885-8b72-2c1d475d352b" /><UnitTestResult executionId="a3380d98-40ea-401b-b1f3-b89e9a0b3e75" testId="f7e386fa-1d38-43e3-a061-6e1d48a3c6d8" testName="GetSingle_ValidIdPropertyValueReturnsCorrectModel" computerName="VECTOR" duration="00:00:00.0040000" startTime="2018-07-19T06:47:41.5650277-04:00" endTime="2018-07-19T06:47:41.5650302-04:00" testType="13cdc9d9-ddb5-4fa4-a97d-d965ccfc6d4b" outcome="Passed" testListId="8c84fa94-04c1-424b-9868-57a2d4851a1d" relativeResultsDirectory="a3380d98-40ea-401b-b1f3-b89e9a0b3e75" /><UnitTestResult executionId="94ac7c02-6013-4674-8630-2d0a5773d55d" testId="85d44e42-7651-44ee-8961-d9667a92940e" testName="GetList_ListReturnsCorrectCount" computerName="VECTOR" duration="00:00:00.4320000" startTime="2018-07-19T06:47:42.0027492-04:00" endTime="2018-07-19T06:47:42.0027578-04:00" testType="13cdc9d9-ddb5-4fa4-a97d-d965ccfc6d4b" outcome="Passed" testListId="8c84fa94-04c1-424b-9868-57a2d4851a1d" relativeResultsDirectory="94ac7c02-6013-4674-8630-2d0a5773d55d" /><UnitTestResult executionId="1167c853-7c3b-4c13-b9dd-8cde87d3c021" testId="7905d81b-9460-478f-8091-e55247a18b4c" testName="Put_CanUpdateModel" computerName="VECTOR" duration="00:00:00.0860000" startTime="2018-07-19T06:47:39.9296696-04:00" endTime="2018-07-19T06:47:39.9296767-04:00" testType="13cdc9d9-ddb5-4fa4-a97d-d965ccfc6d4b" outcome="Passed" testListId="8c84fa94-04c1-424b-9868-57a2d4851a1d" relativeResultsDirectory="1167c853-7c3b-4c13-b9dd-8cde87d3c021" /><UnitTestResult executionId="2bf63795-d3c7-4d75-86cb-82aeff0390b1" testId="91b89786-f516-4a21-8490-a0c0e1949c66" testName="PostFile_FileIsSynchronizedIsUpdatedAfterFileIsPosted" computerName="VECTOR" duration="00:00:00.0010000" startTime="2018-07-19T06:47:40.9904934-04:00" endTime="2018-07-19T06:47:40.9904951-04:00" testType="13cdc9d9-ddb5-4fa4-a97d-d965ccfc6d4b" outcome="Passed" testListId="8c84fa94-04c1-424b-9868-57a2d4851a1d" relativeResultsDirectory="2bf63795-d3c7-4d75-86cb-82aeff0390b1" /><UnitTestResult executionId="cc13e2f7-498e-4702-9e8a-2d0603787df0" testId="a3fba9a7-e4fd-47bf-91b4-77c65c968e9f" testName="Put_CanUpdateModel" computerName="VECTOR" duration="00:00:00.0310000" startTime="2018-07-19T06:47:39.3238330-04:00" endTime="2018-07-19T06:47:39.3238393-04:00" testType="13cdc9d9-ddb5-4fa4-a97d-d965ccfc6d4b" outcome="Passed" testListId="8c84fa94-04c1-424b-9868-57a2d4851a1d" relativeResultsDirectory="cc13e2f7-498e-4702-9e8a-2d0603787df0" /><UnitTestResult executionId="16d74684-98e2-4b57-b78a-4f0affb36993" testId="aa3413e8-ca4b-4a2e-8327-4b09df16854d" testName="Post_InvalidPropertyValueReturnsBadRequest" computerName="VECTOR" duration="00:00:00.0030000" startTime="2018-07-19T06:47:53.0149303-04:00" endTime="2018-07-19T06:47:53.0149323-04:00" testType="13cdc9d9-ddb5-4fa4-a97d-d965ccfc6d4b" outcome="Passed" testListId="8c84fa94-04c1-424b-9868-57a2d4851a1d" relativeResultsDirectory="16d74684-98e2-4b57-b78a-4f0affb36993" /><UnitTestResult executionId="3a6cb983-328d-4c4f-8c17-6ec91d0d4c75" testId="f5a5bb04-ddb1-4368-9c8f-88c394823afe" testName="Put_ValidReferencePropertyUpdatesModel" computerName="VECTOR" duration="00:00:00.0340000" startTime="2018-07-19T06:47:43.5827013-04:00" endTime="2018-07-19T06:47:43.5827078-04:00" testType="13cdc9d9-ddb5-4fa4-a97d-d965ccfc6d4b" outcome="Passed" testListId="8c84fa94-04c1-424b-9868-57a2d4851a1d" relativeResultsDirectory="3a6cb983-328d-4c4f-8c17-6ec91d0d4c75" /><UnitTestResult executionId="fc1e32bf-d2a6-4913-83dc-32958dea02d2" testId="e1062591-fccf-46fa-9e50-481d26cd6097" testName="PutFile_FileCanBeUpdated" computerName="VECTOR" duration="00:00:00.1490000" startTime="2018-07-19T06:47:45.7266452-04:00" endTime="2018-07-19T06:47:45.7266514-04:00" testType="13cdc9d9-ddb5-4fa4-a97d-d965ccfc6d4b" outcome="Passed" testListId="8c84fa94-04c1-424b-9868-57a2d4851a1d" relativeResultsDirectory="fc1e32bf-d2a6-4913-83dc-32958dea02d2" /><UnitTestResult executionId="b570927f-71a7-4eef-8341-7f3a52744922" testId="b91b1eb8-8dbc-4165-be48-5e9780b91e3a" testName="Post_CanCreateNewModel" computerName="VECTOR" duration="00:00:00.0110000" startTime="2018-07-19T06:47:39.2476424-04:00" endTime="2018-07-19T06:47:39.2476483-04:00" testType="13cdc9d9-ddb5-4fa4-a97d-d965ccfc6d4b" outcome="Passed" testListId="8c84fa94-04c1-424b-9868-57a2d4851a1d" relativeResultsDirectory="b570927f-71a7-4eef-8341-7f3a52744922" /><UnitTestResult executionId="827aee68-8042-459f-8ace-ce015df39c13" testId="1f272b2b-4f80-4c0d-9970-2404f7ac718e" testName="Put_InvalidIdReturnsNotFound" computerName="VECTOR" duration="00:00:00.1310000" startTime="2018-07-19T06:47:41.1226917-04:00" endTime="2018-07-19T06:47:41.1226994-04:00" testType="13cdc9d9-ddb5-4fa4-a97d-d965ccfc6d4b" outcome="Passed" testListId="8c84fa94-04c1-424b-9868-57a2d4851a1d" relativeResultsDirectory="827aee68-8042-459f-8ace-ce015df39c13" /><UnitTestResult executionId="cca3d326-3352-4880-bfe3-927770e18aca" testId="32054775-4a67-419d-bb30-6507d1906e0b" testName="GetFile_ExistingFileReturnsSuccess" computerName="VECTOR" duration="00:00:00.0500000" startTime="2018-07-19T06:47:50.9135721-04:00" endTime="2018-07-19T06:47:50.9135792-04:00" testType="13cdc9d9-ddb5-4fa4-a97d-d965ccfc6d4b" outcome="Passed" testListId="8c84fa94-04c1-424b-9868-57a2d4851a1d" relativeResultsDirectory="cca3d326-3352-4880-bfe3-927770e18aca" /><UnitTestResult executionId="99c8e49e-04a5-4960-9a8c-2efdeafc1b95" testId="a02da0cf-2d3a-48ac-ae72-2678bf55f1ec" testName="Patch_TargetPropertyIsUpdated" computerName="VECTOR" duration="00:00:00.0460000" startTime="2018-07-19T06:47:53.1619981-04:00" endTime="2018-07-19T06:47:53.1620058-04:00" testType="13cdc9d9-ddb5-4fa4-a97d-d965ccfc6d4b" outcome="Passed" testListId="8c84fa94-04c1-424b-9868-57a2d4851a1d" relativeResultsDirectory="99c8e49e-04a5-4960-9a8c-2efdeafc1b95" /><UnitTestResult executionId="7271d717-e85d-429c-9f2a-0c9cdd7420cc" testId="2179a587-dba5-4843-848c-0e4bffa0a5f1" testName="LucyModel3dHasTwoDependents" computerName="VECTOR" duration="00:00:01.1070000" startTime="2018-07-19T06:47:38.3278471-04:00" endTime="2018-07-19T06:47:38.3278554-04:00" testType="13cdc9d9-ddb5-4fa4-a97d-d965ccfc6d4b" outcome="Passed" testListId="8c84fa94-04c1-424b-9868-57a2d4851a1d" relativeResultsDirectory="7271d717-e85d-429c-9f2a-0c9cdd7420cc" /><UnitTestResult executionId="81672ca8-1ce0-4130-82ea-16eb6db1e67d" testId="44b351c7-0c3a-4ca0-b972-e608b13b1e3f" testName="CameraHasExpectedDependentFiles" computerName="VECTOR" duration="00:00:00.0010000" startTime="2018-07-19T06:47:38.3389278-04:00" endTime="2018-07-19T06:47:38.3389303-04:00" testType="13cdc9d9-ddb5-4fa4-a97d-d965ccfc6d4b" outcome="Passed" testListId="8c84fa94-04c1-424b-9868-57a2d4851a1d" relativeResultsDirectory="81672ca8-1ce0-4130-82ea-16eb6db1e67d" /><UnitTestResult executionId="65c4445f-b0d8-497a-be4c-8acfcbf69689" testId="916eb17b-a1a8-4a89-b9ef-fa06c9bd5b84" testName="Put_InvalidIdReturnsNotFound" computerName="VECTOR" duration="00:00:00.0130000" startTime="2018-07-19T06:47:50.7653904-04:00" endTime="2018-07-19T06:47:50.7653978-04:00" testType="13cdc9d9-ddb5-4fa4-a97d-d965ccfc6d4b" outcome="Passed" testListId="8c84fa94-04c1-424b-9868-57a2d4851a1d" relativeResultsDirectory="65c4445f-b0d8-497a-be4c-8acfcbf69689" /><UnitTestResult executionId="86cb6e33-797f-4de2-b916-bf60571924e6" testId="7b3db66b-f48f-47ae-8bc3-39600e525e22" testName="GetFile_FileCanBeRoundTripped" computerName="VECTOR" duration="00:00:00.0850000" startTime="2018-07-19T06:47:45.5776730-04:00" endTime="2018-07-19T06:47:45.5776801-04:00" testType="13cdc9d9-ddb5-4fa4-a97d-d965ccfc6d4b" outcome="Passed" testListId="8c84fa94-04c1-424b-9868-57a2d4851a1d" relativeResultsDirectory="86cb6e33-797f-4de2-b916-bf60571924e6" /><UnitTestResult executionId="5463d5a0-e7af-441f-8bb7-60f1ab96649d" testId="bb6e2270-f3aa-4465-9b83-4eb8e1e76295" testName="Post_InvalidReferencePropertyReturnsBadRequest" computerName="VECTOR" duration="00:00:00.0050000" startTime="2018-07-19T06:47:41.5701297-04:00" endTime="2018-07-19T06:47:41.5701348-04:00" testType="13cdc9d9-ddb5-4fa4-a97d-d965ccfc6d4b" outcome="Passed" testListId="8c84fa94-04c1-424b-9868-57a2d4851a1d" relativeResultsDirectory="5463d5a0-e7af-441f-8bb7-60f1ab96649d" /><UnitTestResult executionId="33647cde-5b51-4739-9b48-a021a9782451" testId="9a337ca3-4817-4df9-ade1-a9b7908c82dc" testName="Post_InvalidReferencePropertyReturnsBadRequest" computerName="VECTOR" duration="00:00:00.0020000" startTime="2018-07-19T06:47:38.8591743-04:00" endTime="2018-07-19T06:47:38.8591769-04:00" testType="13cdc9d9-ddb5-4fa4-a97d-d965ccfc6d4b" outcome="Passed" testListId="8c84fa94-04c1-424b-9868-57a2d4851a1d" relativeResultsDirectory="33647cde-5b51-4739-9b48-a021a9782451" /><UnitTestResult executionId="a6d24fcf-d687-4ddc-b7cd-303c8fb258ee" testId="505e82cf-69da-4ba9-bd43-40ba623410bd" testName="GetSingle_InvalidIdPropertyValueReturnsNotFound" computerName="VECTOR" duration="00:00:00.0050000" startTime="2018-07-19T06:47:52.8930903-04:00" endTime="2018-07-19T06:47:52.8930988-04:00" testType="13cdc9d9-ddb5-4fa4-a97d-d965ccfc6d4b" outcome="Passed" testListId="8c84fa94-04c1-424b-9868-57a2d4851a1d" relativeResultsDirectory="a6d24fcf-d687-4ddc-b7cd-303c8fb258ee" /><UnitTestResult executionId="91c11d6d-d38b-4346-8cfc-0233354e89f6" testId="78bc51a6-6728-4383-8332-97092ab07e17" testName="Patch_InvalidPropertyNameReturnsBadRequest" computerName="VECTOR" duration="00:00:00.0070000" startTime="2018-07-19T06:47:50.3091331-04:00" endTime="2018-07-19T06:47:50.3091390-04:00" testType="13cdc9d9-ddb5-4fa4-a97d-d965ccfc6d4b" outcome="Passed" testListId="8c84fa94-04c1-424b-9868-57a2d4851a1d" relativeResultsDirectory="91c11d6d-d38b-4346-8cfc-0233354e89f6" /><UnitTestResult executionId="664af4df-50ab-4c42-9702-a505d477a9cf" testId="a31670cc-2a5e-475b-8c6f-6d6b96503083" testName="GetSingle_InvalidIdPropertyValueReturnsNotFound" computerName="VECTOR" duration="00:00:00.0050000" startTime="2018-07-19T06:47:50.8162411-04:00" endTime="2018-07-19T06:47:50.8162451-04:00" testType="13cdc9d9-ddb5-4fa4-a97d-d965ccfc6d4b" outcome="Passed" testListId="8c84fa94-04c1-424b-9868-57a2d4851a1d" relativeResultsDirectory="664af4df-50ab-4c42-9702-a505d477a9cf" /><UnitTestResult executionId="89f1eb7a-4152-471b-85a0-d4dcada243e9" testId="3b166674-bdae-4462-b8f6-39faeeefaf5e" testName="Put_ValidReferencePropertyUpdatesModel" computerName="VECTOR" duration="00:00:00.0300000" startTime="2018-07-19T06:47:40.0873976-04:00" endTime="2018-07-19T06:47:40.0874039-04:00" testType="13cdc9d9-ddb5-4fa4-a97d-d965ccfc6d4b" outcome="Passed" testListId="8c84fa94-04c1-424b-9868-57a2d4851a1d" relativeResultsDirectory="89f1eb7a-4152-471b-85a0-d4dcada243e9" /><UnitTestResult executionId="e0394c0b-3e08-4044-b623-1055623a6695" testId="d55ae9a2-e54a-4104-9484-eeccd9fa60fe" testName="FileRequest_MeshGenerateScalesDepthBufferByP1Scale" computerName="VECTOR" duration="00:00:02.2500000" startTime="2018-07-19T06:47:50.1648230-04:00" endTime="2018-07-19T06:47:50.1648295-04:00" testType="13cdc9d9-ddb5-4fa4-a97d-d965ccfc6d4b" outcome="Passed" testListId="8c84fa94-04c1-424b-9868-57a2d4851a1d" relativeResultsDirectory="e0394c0b-3e08-4044-b623-1055623a6695" /><UnitTestResult executionId="87970052-c97e-4c81-b3e2-8377c8d8dc45" testId="c4b4b2af-e18c-467f-bd00-9740f4573ff7" testName="LucyDepthBufferFindsOneDependent" computerName="VECTOR" duration="00:00:00.0040000" startTime="2018-07-19T06:47:38.3438975-04:00" endTime="2018-07-19T06:47:38.3439032-04:00" testType="13cdc9d9-ddb5-4fa4-a97d-d965ccfc6d4b" outcome="Passed" testListId="8c84fa94-04c1-424b-9868-57a2d4851a1d" relativeResultsDirectory="87970052-c97e-4c81-b3e2-8377c8d8dc45" /><UnitTestResult executionId="1660af9b-a70d-44eb-a8b3-ef7adbe21031" testId="a45cb9ec-3bbf-4413-9070-453cf0902e35" testName="Patch_InvalidIdPropertyReturnsNotFound" computerName="VECTOR" duration="00:00:00.0070000" startTime="2018-07-19T06:47:53.0050417-04:00" endTime="2018-07-19T06:47:53.0050471-04:00" testType="13cdc9d9-ddb5-4fa4-a97d-d965ccfc6d4b" outcome="Passed" testListId="8c84fa94-04c1-424b-9868-57a2d4851a1d" relativeResultsDirectory="1660af9b-a70d-44eb-a8b3-ef7adbe21031" /><UnitTestResult executionId="0011accc-b8a8-4904-9b5c-be6c207bb00d" testId="fd1cc2d6-03fc-462f-91e1-bbc46301657b" testName="Patch_MultipleInvalidReferencePropertiesReturnsMultipleValidationErrorsAndBadRequest" computerName="VECTOR" duration="00:00:00.0170000" startTime="2018-07-19T06:47:43.6937720-04:00" endTime="2018-07-19T06:47:43.6937780-04:00" testType="13cdc9d9-ddb5-4fa4-a97d-d965ccfc6d4b" outcome="Passed" testListId="8c84fa94-04c1-424b-9868-57a2d4851a1d" relativeResultsDirectory="0011accc-b8a8-4904-9b5c-be6c207bb00d" /><UnitTestResult executionId="f2ae5cbf-e29a-405a-95dd-c56255ac9bd9" testId="c482321c-da18-47c0-90a2-5b5952a70113" testName="Delete_TargetModelIsDeleted" computerName="VECTOR" duration="00:00:00.3080000" startTime="2018-07-19T06:47:39.1677545-04:00" endTime="2018-07-19T06:47:39.1677607-04:00" testType="13cdc9d9-ddb5-4fa4-a97d-d965ccfc6d4b" outcome="Passed" testListId="8c84fa94-04c1-424b-9868-57a2d4851a1d" relativeResultsDirectory="f2ae5cbf-e29a-405a-95dd-c56255ac9bd9" /><UnitTestResult executionId="12ae4736-3b85-4f51-8528-1f59da80cdb3" testId="564fa0ef-2a56-4458-a427-829bdc8722b4" testName="GetFile_NonExistentFileReturnsNotFound" computerName="VECTOR" duration="00:00:00.0050000" startTime="2018-07-19T06:47:52.5450341-04:00" endTime="2018-07-19T06:47:52.5450400-04:00" testType="13cdc9d9-ddb5-4fa4-a97d-d965ccfc6d4b" outcome="Passed" testListId="8c84fa94-04c1-424b-9868-57a2d4851a1d" relativeResultsDirectory="12ae4736-3b85-4f51-8528-1f59da80cdb3" /><UnitTestResult executionId="22b84bb3-cf0c-4d55-b393-2c7594b0ba87" testId="350ac909-0bbf-4578-ac1c-83777753cea8" testName="Patch_InvalidEnumPropertyValueReturnsBadRequest" computerName="VECTOR" duration="00:00:00.0200000" startTime="2018-07-19T06:47:50.1858770-04:00" endTime="2018-07-19T06:47:50.1858835-04:00" testType="13cdc9d9-ddb5-4fa4-a97d-d965ccfc6d4b" outcome="Passed" testListId="8c84fa94-04c1-424b-9868-57a2d4851a1d" relativeResultsDirectory="22b84bb3-cf0c-4d55-b393-2c7594b0ba87" /><UnitTestResult executionId="349c39fd-51c6-497f-a286-eae0eaa16974" testId="a9bd5e20-fbbc-4e5a-9ca6-7d81718c072c" testName="Post_ValidReferencePropertyCreatesModel" computerName="VECTOR" duration="00:00:00.0120000" startTime="2018-07-19T06:47:43.7066095-04:00" endTime="2018-07-19T06:47:43.7066149-04:00" testType="13cdc9d9-ddb5-4fa4-a97d-d965ccfc6d4b" outcome="Passed" testListId="8c84fa94-04c1-424b-9868-57a2d4851a1d" relativeResultsDirectory="349c39fd-51c6-497f-a286-eae0eaa16974" /><UnitTestResult executionId="f88e6659-9176-4917-a5ea-d975591f6eba" testId="b63fb6b1-1696-4421-86e9-d24beed8209a" testName="GetFile_ExistingFileReturnsSuccess" computerName="VECTOR" duration="00:00:00.1550000" startTime="2018-07-19T06:47:40.6421432-04:00" endTime="2018-07-19T06:47:40.6421506-04:00" testType="13cdc9d9-ddb5-4fa4-a97d-d965ccfc6d4b" outcome="Passed" testListId="8c84fa94-04c1-424b-9868-57a2d4851a1d" relativeResultsDirectory="f88e6659-9176-4917-a5ea-d975591f6eba" /><UnitTestResult executionId="cb4a577a-713f-4afe-91ae-3f54cc8a3640" testId="122f7b29-2e0e-4d86-aaee-e9fd7844b1dc" testName="Post_InvalidReferencePropertyReturnsBadRequest" computerName="VECTOR" duration="00:00:00.0070000" startTime="2018-07-19T06:47:52.9000216-04:00" endTime="2018-07-19T06:47:52.9000290-04:00" testType="13cdc9d9-ddb5-4fa4-a97d-d965ccfc6d4b" outcome="Passed" testListId="8c84fa94-04c1-424b-9868-57a2d4851a1d" relativeResultsDirectory="cb4a577a-713f-4afe-91ae-3f54cc8a3640" /><UnitTestResult executionId="d41fe7db-fb66-4988-8d81-8e0b057e09ba" testId="62cc5413-ec54-4910-891c-40497078b6c9" testName="DepthBufferHasExpectedDependentFiles" computerName="VECTOR" duration="00:00:00.0010000" startTime="2018-07-19T06:47:38.3444138-04:00" endTime="2018-07-19T06:47:38.3444158-04:00" testType="13cdc9d9-ddb5-4fa4-a97d-d965ccfc6d4b" outcome="Passed" testListId="8c84fa94-04c1-424b-9868-57a2d4851a1d" relativeResultsDirectory="d41fe7db-fb66-4988-8d81-8e0b057e09ba" /><UnitTestResult executionId="11664213-0aba-41c7-abf9-36e0a95fcde1" testId="7ad0cb3d-a520-4a2d-a4ca-4781eb01e3f5" testName="GetList_ListReturnsCorrectCount" computerName="VECTOR" duration="00:00:00.0400000" startTime="2018-07-19T06:47:41.3354550-04:00" endTime="2018-07-19T06:47:41.3354624-04:00" testType="13cdc9d9-ddb5-4fa4-a97d-d965ccfc6d4b" outcome="Passed" testListId="8c84fa94-04c1-424b-9868-57a2d4851a1d" relativeResultsDirectory="11664213-0aba-41c7-abf9-36e0a95fcde1" /><UnitTestResult executionId="6c6ebb75-9f55-4ed8-9d17-f005ac366972" testId="ec892935-aec8-4e2d-a1a4-170eaaac2750" testName="Post_InvalidReferencePropertyReturnsBadRequest" computerName="VECTOR" duration="00:00:00.0060000" startTime="2018-07-19T06:47:43.6763954-04:00" endTime="2018-07-19T06:47:43.6763994-04:00" testType="13cdc9d9-ddb5-4fa4-a97d-d965ccfc6d4b" outcome="Passed" testListId="8c84fa94-04c1-424b-9868-57a2d4851a1d" relativeResultsDirectory="6c6ebb75-9f55-4ed8-9d17-f005ac366972" /><UnitTestResult executionId="16a8cbe3-80c1-4558-a359-0c9aaecdea39" testId="ac32b93e-e44e-4d1c-af99-1c6a465b8ad5" testName="GetSingle_ValidIdPropertyValueReturnsCorrectModel" computerName="VECTOR" duration="00:00:00.0080000" startTime="2018-07-19T06:47:40.0130262-04:00" endTime="2018-07-19T06:47:40.0130316-04:00" testType="13cdc9d9-ddb5-4fa4-a97d-d965ccfc6d4b" outcome="Passed" testListId="8c84fa94-04c1-424b-9868-57a2d4851a1d" relativeResultsDirectory="16a8cbe3-80c1-4558-a359-0c9aaecdea39" /><UnitTestResult executionId="6feb0b95-b7b7-466e-8a32-16fc940bd806" testId="6b61642d-89a3-4257-b607-994cb3e2f8c8" testName="Post_ValidReferencePropertyCreatesModel" computerName="VECTOR" duration="00:00:00.0020000" startTime="2018-07-19T06:47:38.8575033-04:00" endTime="2018-07-19T06:47:38.8575059-04:00" testType="13cdc9d9-ddb5-4fa4-a97d-d965ccfc6d4b" outcome="Passed" testListId="8c84fa94-04c1-424b-9868-57a2d4851a1d" relativeResultsDirectory="6feb0b95-b7b7-466e-8a32-16fc940bd806" /><UnitTestResult executionId="e850a2cf-f548-4ef6-b628-d85fb24a2e84" testId="2aaef975-5790-44d3-b01b-a10180a2a292" testName="Post_ValidReferencePropertyCreatesModel" computerName="VECTOR" duration="00:00:00.0130000" startTime="2018-07-19T06:47:41.4181296-04:00" endTime="2018-07-19T06:47:41.4181353-04:00" testType="13cdc9d9-ddb5-4fa4-a97d-d965ccfc6d4b" outcome="Passed" testListId="8c84fa94-04c1-424b-9868-57a2d4851a1d" relativeResultsDirectory="e850a2cf-f548-4ef6-b628-d85fb24a2e84" /><UnitTestResult executionId="bddafb1d-b299-4806-aed2-d2ed7475f12f" testId="2b8724c7-f022-4ba5-8499-ad49ac50f8a1" testName="Patch_InvalidPropertyNameReturnsBadRequest" computerName="VECTOR" duration="00:00:00.0060000" startTime="2018-07-19T06:47:53.0113666-04:00" endTime="2018-07-19T06:47:53.0113723-04:00" testType="13cdc9d9-ddb5-4fa4-a97d-d965ccfc6d4b" outcome="Passed" testListId="8c84fa94-04c1-424b-9868-57a2d4851a1d" relativeResultsDirectory="bddafb1d-b299-4806-aed2-d2ed7475f12f" /><UnitTestResult executionId="4c19a1b5-7272-46d4-8086-eb6239735148" testId="ea20a821-ff41-4a1f-aa8e-47af98bea7b8" testName="Put_InvalidReferencePropertyReturndBadRequest" computerName="VECTOR" duration="00:00:00.0110000" startTime="2018-07-19T06:47:52.9567133-04:00" endTime="2018-07-19T06:47:52.9567199-04:00" testType="13cdc9d9-ddb5-4fa4-a97d-d965ccfc6d4b" outcome="Passed" testListId="8c84fa94-04c1-424b-9868-57a2d4851a1d" relativeResultsDirectory="4c19a1b5-7272-46d4-8086-eb6239735148" /><UnitTestResult executionId="8cce975d-ae0c-41de-8898-092a7325dca0" testId="d4338d95-8cda-4b86-b6fc-cf2443f5445b" testName="Put_ValidReferencePropertyUpdatesModel" computerName="VECTOR" duration="00:00:00.0440000" startTime="2018-07-19T06:47:53.1159566-04:00" endTime="2018-07-19T06:47:53.1159634-04:00" testType="13cdc9d9-ddb5-4fa4-a97d-d965ccfc6d4b" outcome="Passed" testListId="8c84fa94-04c1-424b-9868-57a2d4851a1d" relativeResultsDirectory="8cce975d-ae0c-41de-8898-092a7325dca0" /><UnitTestResult executionId="2f7da0d7-b98b-4e11-b224-5b5b7fe0ef20" testId="de4897e9-4d46-4e2e-a308-065b80cce67b" testName="GetSingle_ValidIdPropertyValueReturnsCorrectModel" computerName="VECTOR" duration="00:00:00.0060000" startTime="2018-07-19T06:47:43.7309970-04:00" endTime="2018-07-19T06:47:43.7310001-04:00" testType="13cdc9d9-ddb5-4fa4-a97d-d965ccfc6d4b" outcome="Passed" testListId="8c84fa94-04c1-424b-9868-57a2d4851a1d" relativeResultsDirectory="2f7da0d7-b98b-4e11-b224-5b5b7fe0ef20" /><UnitTestResult executionId="9f8be54a-7a7a-4161-98b3-66b2deb992f2" testId="ef9239b6-295c-4f34-94cc-f1a9abec5bd3" testName="Patch_MultipleInvalidReferencePropertiesReturnsMultipleValidationErrorsAndBadRequest" computerName="VECTOR" duration="00:00:00.0210000" startTime="2018-07-19T06:47:40.1305739-04:00" endTime="2018-07-19T06:47:40.1305807-04:00" testType="13cdc9d9-ddb5-4fa4-a97d-d965ccfc6d4b" outcome="Passed" testListId="8c84fa94-04c1-424b-9868-57a2d4851a1d" relativeResultsDirectory="9f8be54a-7a7a-4161-98b3-66b2deb992f2" /><UnitTestResult executionId="48ed77e6-161f-4506-9d66-fed94c85caf1" testId="d331977c-87e5-4e83-957a-064526205bfc" testName="Patch_InvalidReferencePropertyReturnsBadRequest" computerName="VECTOR" duration="00:00:00.0100000" startTime="2018-07-19T06:47:53.0712972-04:00" endTime="2018-07-19T06:47:53.0713034-04:00" testType="13cdc9d9-ddb5-4fa4-a97d-d965ccfc6d4b" outcome="Passed" testListId="8c84fa94-04c1-424b-9868-57a2d4851a1d" relativeResultsDirectory="48ed77e6-161f-4506-9d66-fed94c85caf1" /><UnitTestResult executionId="1350ad68-7659-4ad0-8cc1-cca67605230a" testId="42a77856-b09e-48a3-aa7f-5adb94b8d225" testName="PutFile_FileCanBeUpdated" computerName="VECTOR" duration="00:00:00.1340000" startTime="2018-07-19T06:47:40.4871150-04:00" endTime="2018-07-19T06:47:40.4871230-04:00" testType="13cdc9d9-ddb5-4fa4-a97d-d965ccfc6d4b" outcome="Passed" testListId="8c84fa94-04c1-424b-9868-57a2d4851a1d" relativeResultsDirectory="1350ad68-7659-4ad0-8cc1-cca67605230a" /><UnitTestResult executionId="7850e2c9-b84e-49c2-ad0d-c7ffd58277eb" testId="c48144e9-a281-4cf9-baac-5a583a7cb319" testName="PostFile_NewFileCanBePosted" computerName="VECTOR" duration="00:00:00.0480000" startTime="2018-07-19T06:47:52.7043434-04:00" endTime="2018-07-19T06:47:52.7043506-04:00" testType="13cdc9d9-ddb5-4fa4-a97d-d965ccfc6d4b" outcome="Passed" testListId="8c84fa94-04c1-424b-9868-57a2d4851a1d" relativeResultsDirectory="7850e2c9-b84e-49c2-ad0d-c7ffd58277eb" /><UnitTestResult executionId="3702da79-b2d4-4905-b100-77e26ca4e1f2" testId="64c5dc32-bba1-4fde-9a4e-8fb9f56d75b2" testName="Put_InvalidReferencePropertyReturndBadRequest" computerName="VECTOR" duration="00:00:00.0130000" startTime="2018-07-19T06:47:41.4310546-04:00" endTime="2018-07-19T06:47:41.4310603-04:00" testType="13cdc9d9-ddb5-4fa4-a97d-d965ccfc6d4b" outcome="Passed" testListId="8c84fa94-04c1-424b-9868-57a2d4851a1d" relativeResultsDirectory="3702da79-b2d4-4905-b100-77e26ca4e1f2" /><UnitTestResult executionId="e2c2d2d4-284c-47aa-aa66-ef29181163c2" testId="670be8f2-91aa-4769-8a50-e0cba8271980" testName="Patch_InvalidIdPropertyReturnsNotFound" computerName="VECTOR" duration="00:00:00.0040000" startTime="2018-07-19T06:47:43.6654527-04:00" endTime="2018-07-19T06:47:43.6654556-04:00" testType="13cdc9d9-ddb5-4fa4-a97d-d965ccfc6d4b" outcome="Passed" testListId="8c84fa94-04c1-424b-9868-57a2d4851a1d" relativeResultsDirectory="e2c2d2d4-284c-47aa-aa66-ef29181163c2" /><UnitTestResult executionId="44e14819-9760-4587-8a70-592451c3c335" testId="df3348c9-1f07-4c65-bca4-791032332b22" testName="Put_CanUpdateModel" computerName="VECTOR" duration="00:00:00.4350000" startTime="2018-07-19T06:47:43.5480773-04:00" endTime="2018-07-19T06:47:43.5480838-04:00" testType="13cdc9d9-ddb5-4fa4-a97d-d965ccfc6d4b" outcome="Passed" testListId="8c84fa94-04c1-424b-9868-57a2d4851a1d" relativeResultsDirectory="44e14819-9760-4587-8a70-592451c3c335" /><UnitTestResult executionId="9eb5393d-c83e-4b07-bf06-73ff1c8de954" testId="dcf94431-fc06-495c-ba68-59374e943c0c" testName="Post_ValidReferencePropertyCreatesModel" computerName="VECTOR" duration="00:00:00.0140000" startTime="2018-07-19T06:47:52.9713350-04:00" endTime="2018-07-19T06:47:52.9713413-04:00" testType="13cdc9d9-ddb5-4fa4-a97d-d965ccfc6d4b" outcome="Passed" testListId="8c84fa94-04c1-424b-9868-57a2d4851a1d" relativeResultsDirectory="9eb5393d-c83e-4b07-bf06-73ff1c8de954" /><UnitTestResult executionId="39f3740b-7cc1-4c22-b1ed-4c0877e1ef6d" testId="c5e5d552-40b2-4587-b9a6-d38a744c5e86" testName="Patch_InvalidReferencePropertyReturnsBadRequest" computerName="VECTOR" duration="00:00:00.0020000" startTime="2018-07-19T06:47:39.2367394-04:00" endTime="2018-07-19T06:47:39.2367419-04:00" testType="13cdc9d9-ddb5-4fa4-a97d-d965ccfc6d4b" outcome="Passed" testListId="8c84fa94-04c1-424b-9868-57a2d4851a1d" relativeResultsDirectory="39f3740b-7cc1-4c22-b1ed-4c0877e1ef6d" /><UnitTestResult executionId="b91dd318-0890-46ed-8caa-b498cd922b45" testId="4438ba15-b782-4634-b2b0-395e53e35ed8" testName="Patch_ValidReferencePropertyUpdatesModel" computerName="VECTOR" duration="00:00:00.0450000" startTime="2018-07-19T06:47:53.0604591-04:00" endTime="2018-07-19T06:47:53.0604673-04:00" testType="13cdc9d9-ddb5-4fa4-a97d-d965ccfc6d4b" outcome="Passed" testListId="8c84fa94-04c1-424b-9868-57a2d4851a1d" relativeResultsDirectory="b91dd318-0890-46ed-8caa-b498cd922b45" /><UnitTestResult executionId="40f9ab94-3a47-4d23-8efb-fdccdbe62a32" testId="1b49fe67-5a5c-40e2-a798-8f1b7b2a17ae" testName="Put_InvalidIdReturnsNotFound" computerName="VECTOR" duration="00:00:00.0290000" startTime="2018-07-19T06:47:39.2773597-04:00" endTime="2018-07-19T06:47:39.2773663-04:00" testType="13cdc9d9-ddb5-4fa4-a97d-d965ccfc6d4b" outcome="Passed" testListId="8c84fa94-04c1-424b-9868-57a2d4851a1d" relativeResultsDirectory="40f9ab94-3a47-4d23-8efb-fdccdbe62a32" /><UnitTestResult executionId="d3865dad-d0bd-448c-83d1-fefd7f04ef5d" testId="066b4580-4dee-495c-a26b-4c035f60d9ca" testName="Post_CanCreateNewModel" computerName="VECTOR" duration="00:00:00.0120000" startTime="2018-07-19T06:47:43.6403733-04:00" endTime="2018-07-19T06:47:43.6403801-04:00" testType="13cdc9d9-ddb5-4fa4-a97d-d965ccfc6d4b" outcome="Passed" testListId="8c84fa94-04c1-424b-9868-57a2d4851a1d" relativeResultsDirectory="d3865dad-d0bd-448c-83d1-fefd7f04ef5d" /><UnitTestResult executionId="68631f24-3ce2-4b75-9761-a46398e40c62" testId="9c05da73-1c53-413e-8390-f5f9c7c94268" testName="Post_InvalidReferencePropertyReturnsBadRequest" computerName="VECTOR" duration="00:00:00.0060000" startTime="2018-07-19T06:47:50.7460202-04:00" endTime="2018-07-19T06:47:50.7460265-04:00" testType="13cdc9d9-ddb5-4fa4-a97d-d965ccfc6d4b" outcome="Passed" testListId="8c84fa94-04c1-424b-9868-57a2d4851a1d" relativeResultsDirectory="68631f24-3ce2-4b75-9761-a46398e40c62" /><UnitTestResult executionId="d61bf14e-cf11-4308-8dd2-5abc385a3e66" testId="d2afacd5-33c2-4217-9cdd-3d4346eb4f03" testName="GetFile_NonExistentFileReturnsNotFound" computerName="VECTOR" duration="00:00:00.0060000" startTime="2018-07-19T06:47:40.9896119-04:00" endTime="2018-07-19T06:47:40.9896173-04:00" testType="13cdc9d9-ddb5-4fa4-a97d-d965ccfc6d4b" outcome="Passed" testListId="8c84fa94-04c1-424b-9868-57a2d4851a1d" relativeResultsDirectory="d61bf14e-cf11-4308-8dd2-5abc385a3e66" /><UnitTestResult executionId="8a9422f7-5355-4740-b7b2-d97f7c70975b" testId="b6f9757d-0a23-4af6-b0ea-9280156f8b7e" testName="Post_ValidReferencePropertyCreatesModel" computerName="VECTOR" duration="00:00:00.0130000" startTime="2018-07-19T06:47:50.8296247-04:00" endTime="2018-07-19T06:47:50.8296310-04:00" testType="13cdc9d9-ddb5-4fa4-a97d-d965ccfc6d4b" outcome="Passed" testListId="8c84fa94-04c1-424b-9868-57a2d4851a1d" relativeResultsDirectory="8a9422f7-5355-4740-b7b2-d97f7c70975b" /><UnitTestResult executionId="0ca68607-4081-480b-9ede-8a2b94805527" testId="5172ee6c-02d5-480a-89fd-494d010e6555" testName="Patch_InvalidIdPropertyReturnsNotFound" computerName="VECTOR" duration="00:00:00.0060000" startTime="2018-07-19T06:47:40.0935954-04:00" endTime="2018-07-19T06:47:40.0935983-04:00" testType="13cdc9d9-ddb5-4fa4-a97d-d965ccfc6d4b" outcome="Passed" testListId="8c84fa94-04c1-424b-9868-57a2d4851a1d" relativeResultsDirectory="0ca68607-4081-480b-9ede-8a2b94805527" /><UnitTestResult executionId="07a2129d-b30e-4a1a-85c3-24d1c4d1bb88" testId="5deb0bd5-4f51-4250-89b4-7f198aba15df" testName="Put_InvalidReferencePropertyReturndBadRequest" computerName="VECTOR" duration="00:00:00.0180000" startTime="2018-07-19T06:47:43.7491043-04:00" endTime="2018-07-19T06:47:43.7491103-04:00" testType="13cdc9d9-ddb5-4fa4-a97d-d965ccfc6d4b" outcome="Passed" testListId="8c84fa94-04c1-424b-9868-57a2d4851a1d" relativeResultsDirectory="07a2129d-b30e-4a1a-85c3-24d1c4d1bb88" /><UnitTestResult executionId="6d61601e-a02e-48ba-a1e4-1d35e4559767" testId="d43b52e1-d88f-4aab-8cf1-30f4b9eb2a21" testName="Put_CanUpdateModel" computerName="VECTOR" duration="00:00:00.0450000" startTime="2018-07-19T06:47:52.9453397-04:00" endTime="2018-07-19T06:47:52.9453471-04:00" testType="13cdc9d9-ddb5-4fa4-a97d-d965ccfc6d4b" outcome="Passed" testListId="8c84fa94-04c1-424b-9868-57a2d4851a1d" relativeResultsDirectory="6d61601e-a02e-48ba-a1e4-1d35e4559767" /><UnitTestResult executionId="1879cc60-5a70-42e1-a2a3-80e7c661ade0" testId="d97b422c-4abb-4a94-ba0a-d43bfca50bd3" testName="Patch_TargetPropertyIsUpdated" computerName="VECTOR" duration="00:00:00.0350000" startTime="2018-07-19T06:47:43.6275375-04:00" endTime="2018-07-19T06:47:43.6275443-04:00" testType="13cdc9d9-ddb5-4fa4-a97d-d965ccfc6d4b" outcome="Passed" testListId="8c84fa94-04c1-424b-9868-57a2d4851a1d" relativeResultsDirectory="1879cc60-5a70-42e1-a2a3-80e7c661ade0" /><UnitTestResult executionId="407036f0-ba69-488b-a1cf-d2e1085cbf15" testId="4f2a5515-2cd4-4c7b-b141-c5ab7d673c59" testName="GetSingle_InvalidIdPropertyValueReturnsNotFound" computerName="VECTOR" duration="00:00:00.0120000" startTime="2018-07-19T06:47:39.9420724-04:00" endTime="2018-07-19T06:47:39.9420784-04:00" testType="13cdc9d9-ddb5-4fa4-a97d-d965ccfc6d4b" outcome="Passed" testListId="8c84fa94-04c1-424b-9868-57a2d4851a1d" relativeResultsDirectory="407036f0-ba69-488b-a1cf-d2e1085cbf15" /><UnitTestResult executionId="82ae39a0-3412-4c73-a87b-be959328c55d" testId="80176166-5af0-47aa-9cb2-10a262e8e76b" testName="Post_InvalidPropertyValueReturnsBadRequest" computerName="VECTOR" duration="00:00:00.0030000" startTime="2018-07-19T06:47:50.7691625-04:00" endTime="2018-07-19T06:47:50.7691667-04:00" testType="13cdc9d9-ddb5-4fa4-a97d-d965ccfc6d4b" outcome="Passed" testListId="8c84fa94-04c1-424b-9868-57a2d4851a1d" relativeResultsDirectory="82ae39a0-3412-4c73-a87b-be959328c55d" /><UnitTestResult executionId="137a5cd4-5e8a-475a-b53f-dbc9d8d1992f" testId="a7059a43-9761-451a-b974-c0a11f36bd7b" testName="PutFile_NewFileCanBePut" computerName="VECTOR" duration="00:00:00.0680000" startTime="2018-07-19T06:47:43.8331171-04:00" endTime="2018-07-19T06:47:43.8331219-04:00" testType="13cdc9d9-ddb5-4fa4-a97d-d965ccfc6d4b" outcome="Passed" testListId="8c84fa94-04c1-424b-9868-57a2d4851a1d" relativeResultsDirectory="137a5cd4-5e8a-475a-b53f-dbc9d8d1992f" /><UnitTestResult executionId="1f8239f7-4002-40a3-9fed-ad2702987243" testId="5891bcdf-b148-45da-a145-e82487dc6533" testName="LucyCameraFindsAllDependents" computerName="VECTOR" duration="00:00:00.0100000" startTime="2018-07-19T06:47:38.3385059-04:00" endTime="2018-07-19T06:47:38.3385122-04:00" testType="13cdc9d9-ddb5-4fa4-a97d-d965ccfc6d4b" outcome="Passed" testListId="8c84fa94-04c1-424b-9868-57a2d4851a1d" relativeResultsDirectory="1f8239f7-4002-40a3-9fed-ad2702987243" /><UnitTestResult executionId="832e4cdc-8d3d-4380-91f2-c72247df4463" testId="e83a73d4-dac2-4cb6-b7cd-0974179a3cfe" testName="Post_InvalidPropertyValueReturnsBadRequest" computerName="VECTOR" duration="00:00:00.0090000" startTime="2018-07-19T06:47:39.4354212-04:00" endTime="2018-07-19T06:47:39.4354269-04:00" testType="13cdc9d9-ddb5-4fa4-a97d-d965ccfc6d4b" outcome="Passed" testListId="8c84fa94-04c1-424b-9868-57a2d4851a1d" relativeResultsDirectory="832e4cdc-8d3d-4380-91f2-c72247df4463" /><UnitTestResult executionId="65d21291-abf9-476b-8975-ef54c89361e9" testId="ba181074-18d5-4e48-9d13-e329b78af1a0" testName="Patch_MultipleInvalidReferencePropertiesReturnsMultipleValidationErrorsAndBadRequest" computerName="VECTOR" duration="00:00:00.0020000" startTime="2018-07-19T06:47:39.4144462-04:00" endTime="2018-07-19T06:47:39.4144490-04:00" testType="13cdc9d9-ddb5-4fa4-a97d-d965ccfc6d4b" outcome="Passed" testListId="8c84fa94-04c1-424b-9868-57a2d4851a1d" relativeResultsDirectory="65d21291-abf9-476b-8975-ef54c89361e9" /><UnitTestResult executionId="dc7fccff-e0fe-463d-b732-28fe9bc42521" testId="1ae1954b-09c0-4ebc-a8b0-d9b1763458d0" testName="GetFile_ExistingFileReturnsSuccess" computerName="VECTOR" duration="00:00:00.0440000" startTime="2018-07-19T06:47:45.7713088-04:00" endTime="2018-07-19T06:47:45.7713176-04:00" testType="13cdc9d9-ddb5-4fa4-a97d-d965ccfc6d4b" outcome="Passed" testListId="8c84fa94-04c1-424b-9868-57a2d4851a1d" relativeResultsDirectory="dc7fccff-e0fe-463d-b732-28fe9bc42521" /><UnitTestResult executionId="074d2592-fa92-4dd8-9fef-a8d8891991be" testId="e007b672-91df-418e-b2b7-f8c5a41fde03" testName="Post_CanCreateNewModel" computerName="VECTOR" duration="00:00:00.0130000" startTime="2018-07-19T06:47:40.2088567-04:00" endTime="2018-07-19T06:47:40.2088632-04:00" testType="13cdc9d9-ddb5-4fa4-a97d-d965ccfc6d4b" outcome="Passed" testListId="8c84fa94-04c1-424b-9868-57a2d4851a1d" relativeResultsDirectory="074d2592-fa92-4dd8-9fef-a8d8891991be" /><UnitTestResult executionId="c16384fe-1372-4c0e-8d17-b83096ebeb1e" testId="da90276f-e842-4754-94b7-53dc3fd81abb" testName="GetFile_FileCanBeRoundTripped" computerName="VECTOR" duration="00:00:00.1040000" startTime="2018-07-19T06:47:40.9830740-04:00" endTime="2018-07-19T06:47:40.9830800-04:00" testType="13cdc9d9-ddb5-4fa4-a97d-d965ccfc6d4b" outcome="Passed" testListId="8c84fa94-04c1-424b-9868-57a2d4851a1d" relativeResultsDirectory="c16384fe-1372-4c0e-8d17-b83096ebeb1e" /><UnitTestResult executionId="c198c3b1-ddb6-41fd-ad3d-4ec807303044" testId="21c17274-fafb-4e46-8866-b0978b3339fd" testName="GetList_ListReturnsCorrectCount" computerName="VECTOR" duration="00:00:00.0880000" startTime="2018-07-19T06:47:39.4120623-04:00" endTime="2018-07-19T06:47:39.4120688-04:00" testType="13cdc9d9-ddb5-4fa4-a97d-d965ccfc6d4b" outcome="Passed" testListId="8c84fa94-04c1-424b-9868-57a2d4851a1d" relativeResultsDirectory="c198c3b1-ddb6-41fd-ad3d-4ec807303044" /><UnitTestResult executionId="54bd56b8-a3ff-4150-8b7c-2257b0d16ad8" testId="eced8a54-1d28-4cdb-85f7-5acd0460fd4c" testName="Put_InvalidIdReturnsNotFound" computerName="VECTOR" duration="00:00:00.0090000" startTime="2018-07-19T06:47:52.8325897-04:00" endTime="2018-07-19T06:47:52.8325951-04:00" testType="13cdc9d9-ddb5-4fa4-a97d-d965ccfc6d4b" outcome="Passed" testListId="8c84fa94-04c1-424b-9868-57a2d4851a1d" relativeResultsDirectory="54bd56b8-a3ff-4150-8b7c-2257b0d16ad8" /><UnitTestResult executionId="447975a2-88f7-4509-8b95-65dbda66181d" testId="46f4ed43-03b2-4daa-8e73-649748aabf55" testName="Patch_ValidReferencePropertyUpdatesModel" computerName="VECTOR" duration="00:00:00.0060000" startTime="2018-07-19T06:47:38.3560649-04:00" endTime="2018-07-19T06:47:38.3560717-04:00" testType="13cdc9d9-ddb5-4fa4-a97d-d965ccfc6d4b" outcome="Passed" testListId="8c84fa94-04c1-424b-9868-57a2d4851a1d" relativeResultsDirectory="447975a2-88f7-4509-8b95-65dbda66181d" /><UnitTestResult executionId="4be76b10-97f0-4528-9e39-c3681822dd27" testId="8deb5e57-fefc-40aa-ad03-76d67b72c445" testName="GetSingle_InvalidIdPropertyValueReturnsNotFound" computerName="VECTOR" duration="00:00:00.0050000" startTime="2018-07-19T06:47:41.5603490-04:00" endTime="2018-07-19T06:47:41.5603521-04:00" testType="13cdc9d9-ddb5-4fa4-a97d-d965ccfc6d4b" outcome="Passed" testListId="8c84fa94-04c1-424b-9868-57a2d4851a1d" relativeResultsDirectory="4be76b10-97f0-4528-9e39-c3681822dd27" /><UnitTestResult executionId="d4fcaf22-98e1-4896-addd-72d51e1b2e41" testId="69ef0d93-deba-4dca-b34f-b93d8832e924" testName="Delete_TargetModelIsDeleted" computerName="VECTOR" duration="00:00:00.0170000" startTime="2018-07-19T06:47:43.7243558-04:00" endTime="2018-07-19T06:47:43.7243618-04:00" testType="13cdc9d9-ddb5-4fa4-a97d-d965ccfc6d4b" outcome="Passed" testListId="8c84fa94-04c1-424b-9868-57a2d4851a1d" relativeResultsDirectory="d4fcaf22-98e1-4896-addd-72d51e1b2e41" /><UnitTestResult executionId="0da97bfb-b2ad-44a7-8dc9-f4d0d5d5c17b" testId="4c02e963-1272-4c42-b531-ce69ec622964" testName="FileRequest_FileCanBeReadAfterRename" computerName="VECTOR" duration="00:00:00.0820000" startTime="2018-07-19T06:47:47.9147245-04:00" endTime="2018-07-19T06:47:47.9147308-04:00" testType="13cdc9d9-ddb5-4fa4-a97d-d965ccfc6d4b" outcome="Passed" testListId="8c84fa94-04c1-424b-9868-57a2d4851a1d" relativeResultsDirectory="0da97bfb-b2ad-44a7-8dc9-f4d0d5d5c17b" /><UnitTestResult executionId="b605c4f5-d0ff-4deb-8eac-abbc14c38497" testId="3eb530ad-99d2-413f-a23d-09ac07440177" testName="Delete_TargetModelIsDeleted" computerName="VECTOR" duration="00:00:00.0210000" startTime="2018-07-19T06:47:50.4965895-04:00" endTime="2018-07-19T06:47:50.4965958-04:00" testType="13cdc9d9-ddb5-4fa4-a97d-d965ccfc6d4b" outcome="Passed" testListId="8c84fa94-04c1-424b-9868-57a2d4851a1d" relativeResultsDirectory="b605c4f5-d0ff-4deb-8eac-abbc14c38497" /><UnitTestResult executionId="800573d8-b820-45ed-8362-354d1aeb27df" testId="caf15866-abcb-4aae-888a-15eeef7a390f" testName="PostFile_NewFileCanBePosted" computerName="VECTOR" duration="00:00:00.0660000" startTime="2018-07-19T06:47:40.8783007-04:00" endTime="2018-07-19T06:47:40.8783067-04:00" testType="13cdc9d9-ddb5-4fa4-a97d-d965ccfc6d4b" outcome="Passed" testListId="8c84fa94-04c1-424b-9868-57a2d4851a1d" relativeResultsDirectory="800573d8-b820-45ed-8362-354d1aeb27df" /><UnitTestResult executionId="d8d02252-f997-42fe-8702-f9cc9ca58b24" testId="77f6845e-565b-4940-903f-987237b56820" testName="PostFile_FileTimeStampIsUpdatedAfterFileIsPosted" computerName="VECTOR" duration="00:00:00.0010000" startTime="2018-07-19T06:47:40.2573572-04:00" endTime="2018-07-19T06:47:40.2573598-04:00" testType="13cdc9d9-ddb5-4fa4-a97d-d965ccfc6d4b" outcome="Passed" testListId="8c84fa94-04c1-424b-9868-57a2d4851a1d" relativeResultsDirectory="d8d02252-f997-42fe-8702-f9cc9ca58b24" /><UnitTestResult executionId="fcaea03d-d9bc-4ce5-80f7-00afce2fb176" testId="cfb81550-85e3-4507-bad8-5e0dac3230aa" testName="PutFile_FileCanBeUpdated" computerName="VECTOR" duration="00:00:00.1110000" startTime="2018-07-19T06:47:52.1526118-04:00" endTime="2018-07-19T06:47:52.1526186-04:00" testType="13cdc9d9-ddb5-4fa4-a97d-d965ccfc6d4b" outcome="Passed" testListId="8c84fa94-04c1-424b-9868-57a2d4851a1d" relativeResultsDirectory="fcaea03d-d9bc-4ce5-80f7-00afce2fb176" /><UnitTestResult executionId="7db904f0-dafc-483a-96b6-7a091de5d322" testId="903b3fa1-84a3-4194-b516-9cf0e1f331cc" testName="PostFile_FileTimeStampIsUpdatedAfterFileIsPosted" computerName="VECTOR" duration="00:00:01.1270000" startTime="2018-07-19T06:47:52.0407292-04:00" endTime="2018-07-19T06:47:52.0407355-04:00" testType="13cdc9d9-ddb5-4fa4-a97d-d965ccfc6d4b" outcome="Passed" testListId="8c84fa94-04c1-424b-9868-57a2d4851a1d" relativeResultsDirectory="7db904f0-dafc-483a-96b6-7a091de5d322" /><UnitTestResult executionId="e93494ff-87ad-4a4b-a7d4-581103dc69e5" testId="90a5563e-3c01-40a8-adc5-807dd32732d9" testName="FileRequest_MeshGenerateSetsFileIsSynchronized" computerName="VECTOR" duration="00:00:00.8030000" startTime="2018-07-19T06:47:47.7735273-04:00" endTime="2018-07-19T06:47:47.7735350-04:00" testType="13cdc9d9-ddb5-4fa4-a97d-d965ccfc6d4b" outcome="Passed" testListId="8c84fa94-04c1-424b-9868-57a2d4851a1d" relativeResultsDirectory="e93494ff-87ad-4a4b-a7d4-581103dc69e5" /><UnitTestResult executionId="af748f02-88b5-456c-978b-6ffc5a245b7c" testId="8988d781-63b5-4b8e-82a6-ee13184552a2" testName="GetFile_FileCanBeRoundTripped" computerName="VECTOR" duration="00:00:00.1000000" startTime="2018-07-19T06:47:52.8049234-04:00" endTime="2018-07-19T06:47:52.8049297-04:00" testType="13cdc9d9-ddb5-4fa4-a97d-d965ccfc6d4b" outcome="Passed" testListId="8c84fa94-04c1-424b-9868-57a2d4851a1d" relativeResultsDirectory="af748f02-88b5-456c-978b-6ffc5a245b7c" /><UnitTestResult executionId="e774a6d8-d8d9-418f-8cd6-9f2bf4a5a324" testId="c91b31af-99e5-4ddc-8cf9-b283e933acfb" testName="Patch_InvalidPropertyNameReturnsBadRequest" computerName="VECTOR" duration="00:00:00.4990000" startTime="2018-07-19T06:47:38.8552064-04:00" endTime="2018-07-19T06:47:38.8552135-04:00" testType="13cdc9d9-ddb5-4fa4-a97d-d965ccfc6d4b" outcome="Passed" testListId="8c84fa94-04c1-424b-9868-57a2d4851a1d" relativeResultsDirectory="e774a6d8-d8d9-418f-8cd6-9f2bf4a5a324" /><UnitTestResult executionId="9be84819-96bd-4e61-855d-8b4824a29ee6" testId="70a108ed-0f45-47e4-8649-88d1857025d8" testName="Patch_InvalidReferencePropertyReturnsBadRequest" computerName="VECTOR" duration="00:00:00.0150000" startTime="2018-07-19T06:47:43.6554571-04:00" endTime="2018-07-19T06:47:43.6554631-04:00" testType="13cdc9d9-ddb5-4fa4-a97d-d965ccfc6d4b" outcome="Passed" testListId="8c84fa94-04c1-424b-9868-57a2d4851a1d" relativeResultsDirectory="9be84819-96bd-4e61-855d-8b4824a29ee6" /><UnitTestResult executionId="6faaa37a-a76e-48dc-aed8-1fce3bc9f982" testId="ad00d716-adf6-4701-8cfb-d273cf7ea2ae" testName="Patch_ValidReferencePropertyUpdatesModel" computerName="VECTOR" duration="00:00:00.0380000" startTime="2018-07-19T06:47:41.4837494-04:00" endTime="2018-07-19T06:47:41.4837554-04:00" testType="13cdc9d9-ddb5-4fa4-a97d-d965ccfc6d4b" outcome="Passed" testListId="8c84fa94-04c1-424b-9868-57a2d4851a1d" relativeResultsDirectory="6faaa37a-a76e-48dc-aed8-1fce3bc9f982" /><UnitTestResult executionId="9b3aeb08-3973-4b6d-b0ad-34226ce8665a" testId="241f7b12-4698-4ec9-81d2-c8bf2f233984" testName="FileRequest_FileCanBeReadAfterRename" computerName="VECTOR" duration="00:00:00.1690000" startTime="2018-07-19T06:47:40.8118780-04:00" endTime="2018-07-19T06:47:40.8118843-04:00" testType="13cdc9d9-ddb5-4fa4-a97d-d965ccfc6d4b" outcome="Passed" testListId="8c84fa94-04c1-424b-9868-57a2d4851a1d" relativeResultsDirectory="9b3aeb08-3973-4b6d-b0ad-34226ce8665a" /></Results><TestDefinitions><UnitTest name="Delete_TargetModelIsDeleted" storage="d:\users\steve knipmeyer\documents\github\modelrelief\modelrelief.test\bin\debug\netcoreapp2.0\modelrelief.test.dll" id="c34d86b3-b1ef-468b-b53d-c3339bbe70fb"><Execution id="ebda8429-edf8-47a0-8310-8f5b6badfc2d" /><TestMethod codeBase="D:\Users\Steve Knipmeyer\Documents\GitHub\ModelRelief\ModelRelief.test\bin\Debug\netcoreapp2.0\ModelRelief.Test.dll" adapterTypeName="executor://xunit/VsTestRunner2/netcoreapp" className="ModelRelief.Test.Integration.Models.ModelsBaseIntegrationTests" name="Delete_TargetModelIsDeleted" /></UnitTest><UnitTest name="Post_InvalidPropertyValueReturnsBadRequest" storage="d:\users\steve knipmeyer\documents\github\modelrelief\modelrelief.test\bin\debug\netcoreapp2.0\modelrelief.test.dll" id="d84bdd5e-0a0d-434e-ab12-af49640e2db3"><Execution id="18f1558a-51fb-4283-ba10-935a085ae033" /><TestMethod codeBase="D:\Users\Steve Knipmeyer\Documents\GitHub\ModelRelief\ModelRelief.test\bin\Debug\netcoreapp2.0\ModelRelief.Test.dll" adapterTypeName="executor://xunit/VsTestRunner2/netcoreapp" className="ModelRelief.Test.Integration.MeshTransforms.MeshTransformsBaseIntegrationTests" name="Post_InvalidPropertyValueReturnsBadRequest" /></UnitTest><UnitTest name="Patch_InvalidIdPropertyReturnsNotFound" storage="d:\users\steve knipmeyer\documents\github\modelrelief\modelrelief.test\bin\debug\netcoreapp2.0\modelrelief.test.dll" id="670be8f2-91aa-4769-8a50-e0cba8271980"><Execution id="e2c2d2d4-284c-47aa-aa66-ef29181163c2" /><TestMethod codeBase="D:\Users\Steve Knipmeyer\Documents\GitHub\ModelRelief\ModelRelief.test\bin\Debug\netcoreapp2.0\ModelRelief.Test.dll" adapterTypeName="executor://xunit/VsTestRunner2/netcoreapp" className="ModelRelief.Test.Integration.Meshes.MeshesBaseIntegrationTests" name="Patch_InvalidIdPropertyReturnsNotFound" /></UnitTest><UnitTest name="Post_InvalidPropertyValueReturnsBadRequest" storage="d:\users\steve knipmeyer\documents\github\modelrelief\modelrelief.test\bin\debug\netcoreapp2.0\modelrelief.test.dll" id="e83a73d4-dac2-4cb6-b7cd-0974179a3cfe"><Execution id="832e4cdc-8d3d-4380-91f2-c72247df4463" /><TestMethod codeBase="D:\Users\Steve Knipmeyer\Documents\GitHub\ModelRelief\ModelRelief.test\bin\Debug\netcoreapp2.0\ModelRelief.Test.dll" adapterTypeName="executor://xunit/VsTestRunner2/netcoreapp" className="ModelRelief.Test.Integration.Projects.ProjectsBaseIntegrationTests" name="Post_InvalidPropertyValueReturnsBadRequest" /></UnitTest><UnitTest name="Model3dHasExpectedDependentFiles" storage="d:\users\steve knipmeyer\documents\github\modelrelief\modelrelief.test\bin\debug\netcoreapp2.0\modelrelief.test.dll" id="b029c570-c1d3-4799-ae04-1e9d4ce0d075"><Execution id="f1a7e361-7737-4c1c-b224-5fd4e7c5ada5" /><TestMethod codeBase="D:\Users\Steve Knipmeyer\Documents\GitHub\ModelRelief\ModelRelief.test\bin\Debug\netcoreapp2.0\ModelRelief.Test.dll" adapterTypeName="executor://xunit/VsTestRunner2/netcoreapp" className="ModelRelief.Test.Unit.DependencyManager.DependencyManagerTests" name="Model3dHasExpectedDependentFiles" /></UnitTest><UnitTest name="Patch_InvalidReferencePropertyReturnsBadRequest" storage="d:\users\steve knipmeyer\documents\github\modelrelief\modelrelief.test\bin\debug\netcoreapp2.0\modelrelief.test.dll" id="c5e5d552-40b2-4587-b9a6-d38a744c5e86"><Execution id="39f3740b-7cc1-4c22-b1ed-4c0877e1ef6d" /><TestMethod codeBase="D:\Users\Steve Knipmeyer\Documents\GitHub\ModelRelief\ModelRelief.test\bin\Debug\netcoreapp2.0\ModelRelief.Test.dll" adapterTypeName="executor://xunit/VsTestRunner2/netcoreapp" className="ModelRelief.Test.Integration.Projects.ProjectsBaseIntegrationTests" name="Patch_InvalidReferencePropertyReturnsBadRequest" /></UnitTest><UnitTest name="PostFile_FileIsSynchronizedIsUpdatedAfterFileIsPosted" storage="d:\users\steve knipmeyer\documents\github\modelrelief\modelrelief.test\bin\debug\netcoreapp2.0\modelrelief.test.dll" id="a75a0b4d-c8e5-4142-a85e-eeae1eab0ec2"><Execution id="b1fb63e6-4be0-42ed-a878-0108422273ae" /><TestMethod codeBase="D:\Users\Steve Knipmeyer\Documents\GitHub\ModelRelief\ModelRelief.test\bin\Debug\netcoreapp2.0\ModelRelief.Test.dll" adapterTypeName="executor://xunit/VsTestRunner2/netcoreapp" className="ModelRelief.Test.Integration.Meshes.MeshesFileIntegrationTests" name="PostFile_FileIsSynchronizedIsUpdatedAfterFileIsPosted" /></UnitTest><UnitTest name="Post_InvalidReferencePropertyReturnsBadRequest" storage="d:\users\steve knipmeyer\documents\github\modelrelief\modelrelief.test\bin\debug\netcoreapp2.0\modelrelief.test.dll" id="76425628-6eda-40c2-bc94-20f5378666c5"><Execution id="759c48d4-1340-43e1-b881-0d8fb3104177" /><TestMethod codeBase="D:\Users\Steve Knipmeyer\Documents\GitHub\ModelRelief\ModelRelief.test\bin\Debug\netcoreapp2.0\ModelRelief.Test.dll" adapterTypeName="executor://xunit/VsTestRunner2/netcoreapp" className="ModelRelief.Test.Integration.Models.ModelsBaseIntegrationTests" name="Post_InvalidReferencePropertyReturnsBadRequest" /></UnitTest><UnitTest name="GetFile_FileCanBeRoundTripped" storage="d:\users\steve knipmeyer\documents\github\modelrelief\modelrelief.test\bin\debug\netcoreapp2.0\modelrelief.test.dll" id="da90276f-e842-4754-94b7-53dc3fd81abb"><Execution id="c16384fe-1372-4c0e-8d17-b83096ebeb1e" /><TestMethod codeBase="D:\Users\Steve Knipmeyer\Documents\GitHub\ModelRelief\ModelRelief.test\bin\Debug\netcoreapp2.0\ModelRelief.Test.dll" adapterTypeName="executor://xunit/VsTestRunner2/netcoreapp" className="ModelRelief.Test.Integration.Models.ModelsFileIntegrationTests" name="GetFile_FileCanBeRoundTripped" /></UnitTest><UnitTest name="LucyDepthBufferFindsOneDependent" storage="d:\users\steve knipmeyer\documents\github\modelrelief\modelrelief.test\bin\debug\netcoreapp2.0\modelrelief.test.dll" id="c4b4b2af-e18c-467f-bd00-9740f4573ff7"><Execution id="87970052-c97e-4c81-b3e2-8377c8d8dc45" /><TestMethod codeBase="D:\Users\Steve Knipmeyer\Documents\GitHub\ModelRelief\ModelRelief.test\bin\Debug\netcoreapp2.0\ModelRelief.Test.dll" adapterTypeName="executor://xunit/VsTestRunner2/netcoreapp" className="ModelRelief.Test.Unit.DependencyManager.DependencyManagerTests" name="LucyDepthBufferFindsOneDependent" /></UnitTest><UnitTest name="Put_InvalidReferencePropertyReturndBadRequest" storage="d:\users\steve knipmeyer\documents\github\modelrelief\modelrelief.test\bin\debug\netcoreapp2.0\modelrelief.test.dll" id="5deb0bd5-4f51-4250-89b4-7f198aba15df"><Execution id="07a2129d-b30e-4a1a-85c3-24d1c4d1bb88" /><TestMethod codeBase="D:\Users\Steve Knipmeyer\Documents\GitHub\ModelRelief\ModelRelief.test\bin\Debug\netcoreapp2.0\ModelRelief.Test.dll" adapterTypeName="executor://xunit/VsTestRunner2/netcoreapp" className="ModelRelief.Test.Integration.Meshes.MeshesBaseIntegrationTests" name="Put_InvalidReferencePropertyReturndBadRequest" /></UnitTest><UnitTest name="GetSingle_ValidIdPropertyValueReturnsCorrectModel" storage="d:\users\steve knipmeyer\documents\github\modelrelief\modelrelief.test\bin\debug\netcoreapp2.0\modelrelief.test.dll" id="ac32b93e-e44e-4d1c-af99-1c6a465b8ad5"><Execution id="16a8cbe3-80c1-4558-a359-0c9aaecdea39" /><TestMethod codeBase="D:\Users\Steve Knipmeyer\Documents\GitHub\ModelRelief\ModelRelief.test\bin\Debug\netcoreapp2.0\ModelRelief.Test.dll" adapterTypeName="executor://xunit/VsTestRunner2/netcoreapp" className="ModelRelief.Test.Integration.Models.ModelsBaseIntegrationTests" name="GetSingle_ValidIdPropertyValueReturnsCorrectModel" /></UnitTest><UnitTest name="PostFile_NewFileCanBePosted" storage="d:\users\steve knipmeyer\documents\github\modelrelief\modelrelief.test\bin\debug\netcoreapp2.0\modelrelief.test.dll" id="c48144e9-a281-4cf9-baac-5a583a7cb319"><Execution id="7850e2c9-b84e-49c2-ad0d-c7ffd58277eb" /><TestMethod codeBase="D:\Users\Steve Knipmeyer\Documents\GitHub\ModelRelief\ModelRelief.test\bin\Debug\netcoreapp2.0\ModelRelief.Test.dll" adapterTypeName="executor://xunit/VsTestRunner2/netcoreapp" className="ModelRelief.Test.Integration.DepthBuffers.DepthBuffersFileIntegrationTests" name="PostFile_NewFileCanBePosted" /></UnitTest><UnitTest name="Post_InvalidPropertyValueReturnsBadRequest" storage="d:\users\steve knipmeyer\documents\github\modelrelief\modelrelief.test\bin\debug\netcoreapp2.0\modelrelief.test.dll" id="aa3413e8-ca4b-4a2e-8327-4b09df16854d"><Execution id="16d74684-98e2-4b57-b78a-4f0affb36993" /><TestMethod codeBase="D:\Users\Steve Knipmeyer\Documents\GitHub\ModelRelief\ModelRelief.test\bin\Debug\netcoreapp2.0\ModelRelief.Test.dll" adapterTypeName="executor://xunit/VsTestRunner2/netcoreapp" className="ModelRelief.Test.Integration.Cameras.CamerasBaseIntegrationTests" name="Post_InvalidPropertyValueReturnsBadRequest" /></UnitTest><UnitTest name="Patch_ValidReferencePropertyUpdatesModel" storage="d:\users\steve knipmeyer\documents\github\modelrelief\modelrelief.test\bin\debug\netcoreapp2.0\modelrelief.test.dll" id="ad00d716-adf6-4701-8cfb-d273cf7ea2ae"><Execution id="6faaa37a-a76e-48dc-aed8-1fce3bc9f982" /><TestMethod codeBase="D:\Users\Steve Knipmeyer\Documents\GitHub\ModelRelief\ModelRelief.test\bin\Debug\netcoreapp2.0\ModelRelief.Test.dll" adapterTypeName="executor://xunit/VsTestRunner2/netcoreapp" className="ModelRelief.Test.Integration.MeshTransforms.MeshTransformsBaseIntegrationTests" name="Patch_ValidReferencePropertyUpdatesModel" /></UnitTest><UnitTest name="Put_InvalidReferencePropertyReturndBadRequest" storage="d:\users\steve knipmeyer\documents\github\modelrelief\modelrelief.test\bin\debug\netcoreapp2.0\modelrelief.test.dll" id="c6418111-d92d-4b2d-999a-c10dac78b908"><Execution id="9322b198-ff65-4b12-95d8-773e8fba3eb1" /><TestMethod codeBase="D:\Users\Steve Knipmeyer\Documents\GitHub\ModelRelief\ModelRelief.test\bin\Debug\netcoreapp2.0\ModelRelief.Test.dll" adapterTypeName="executor://xunit/VsTestRunner2/netcoreapp" className="ModelRelief.Test.Integration.Models.ModelsBaseIntegrationTests" name="Put_InvalidReferencePropertyReturndBadRequest" /></UnitTest><UnitTest name="FileRequest_MeshIsInvalidatedAfterDepthBufferFileBecomesUnsynchronized" storage="d:\users\steve knipmeyer\documents\github\modelrelief\modelrelief.test\bin\debug\netcoreapp2.0\modelrelief.test.dll" id="1d773448-b14f-4422-9401-05058830c64d"><Execution id="c6e4e4dd-6904-410a-8163-ca62405684a6" /><TestMethod codeBase="D:\Users\Steve Knipmeyer\Documents\GitHub\ModelRelief\ModelRelief.test\bin\Debug\netcoreapp2.0\ModelRelief.Test.dll" adapterTypeName="executor://xunit/VsTestRunner2/netcoreapp" className="ModelRelief.Test.Integration.Meshes.MeshesFileIntegrationTests" name="FileRequest_MeshIsInvalidatedAfterDepthBufferFileBecomesUnsynchronized" /></UnitTest><UnitTest name="Patch_InvalidEnumPropertyValueReturnsBadRequest" storage="d:\users\steve knipmeyer\documents\github\modelrelief\modelrelief.test\bin\debug\netcoreapp2.0\modelrelief.test.dll" id="8e1980d4-8a4a-408b-a991-00a0114de2af"><Execution id="6c0d87fe-c0c4-47c5-8f3d-36acf05e8bbb" /><TestMethod codeBase="D:\Users\Steve Knipmeyer\Documents\GitHub\ModelRelief\ModelRelief.test\bin\Debug\netcoreapp2.0\ModelRelief.Test.dll" adapterTypeName="executor://xunit/VsTestRunner2/netcoreapp" className="ModelRelief.Test.Integration.Models.ModelsBaseIntegrationTests" name="Patch_InvalidEnumPropertyValueReturnsBadRequest" /></UnitTest><UnitTest name="Patch_MultipleInvalidReferencePropertiesReturnsMultipleValidationErrorsAndBadRequest" storage="d:\users\steve knipmeyer\documents\github\modelrelief\modelrelief.test\bin\debug\netcoreapp2.0\modelrelief.test.dll" id="ef9239b6-295c-4f34-94cc-f1a9abec5bd3"><Execution id="9f8be54a-7a7a-4161-98b3-66b2deb992f2" /><TestMethod codeBase="D:\Users\Steve Knipmeyer\Documents\GitHub\ModelRelief\ModelRelief.test\bin\Debug\netcoreapp2.0\ModelRelief.Test.dll" adapterTypeName="executor://xunit/VsTestRunner2/netcoreapp" className="ModelRelief.Test.Integration.Models.ModelsBaseIntegrationTests" name="Patch_MultipleInvalidReferencePropertiesReturnsMultipleValidationErrorsAndBadRequest" /></UnitTest><UnitTest name="Patch_TargetPropertyIsUpdated" storage="d:\users\steve knipmeyer\documents\github\modelrelief\modelrelief.test\bin\debug\netcoreapp2.0\modelrelief.test.dll" id="b57bb34d-af96-4402-bee9-0452150ea250"><Execution id="67b98813-9745-408d-829d-81862b622f6d" /><TestMethod codeBase="D:\Users\Steve Knipmeyer\Documents\GitHub\ModelRelief\ModelRelief.test\bin\Debug\netcoreapp2.0\ModelRelief.Test.dll" adapterTypeName="executor://xunit/VsTestRunner2/netcoreapp" className="ModelRelief.Test.Integration.DepthBuffers.DepthBuffersBaseIntegrationTests" name="Patch_TargetPropertyIsUpdated" /></UnitTest><UnitTest name="Patch_InvalidEnumPropertyValueReturnsBadRequest" storage="d:\users\steve knipmeyer\documents\github\modelrelief\modelrelief.test\bin\debug\netcoreapp2.0\modelrelief.test.dll" id="66507ab3-6488-4271-9850-140a5815bd40"><Execution id="2ce243b4-09fa-46b5-a90b-a4f7de99e159" /><TestMethod codeBase="D:\Users\Steve Knipmeyer\Documents\GitHub\ModelRelief\ModelRelief.test\bin\Debug\netcoreapp2.0\ModelRelief.Test.dll" adapterTypeName="executor://xunit/VsTestRunner2/netcoreapp" className="ModelRelief.Test.Integration.Projects.ProjectsBaseIntegrationTests" name="Patch_InvalidEnumPropertyValueReturnsBadRequest" /></UnitTest><UnitTest name="GetFile_NonExistentFileReturnsNotFound" storage="d:\users\steve knipmeyer\documents\github\modelrelief\modelrelief.test\bin\debug\netcoreapp2.0\modelrelief.test.dll" id="d2afacd5-33c2-4217-9cdd-3d4346eb4f03"><Execution id="d61bf14e-cf11-4308-8dd2-5abc385a3e66" /><TestMethod codeBase="D:\Users\Steve Knipmeyer\Documents\GitHub\ModelRelief\ModelRelief.test\bin\Debug\netcoreapp2.0\ModelRelief.Test.dll" adapterTypeName="executor://xunit/VsTestRunner2/netcoreapp" className="ModelRelief.Test.Integration.Models.ModelsFileIntegrationTests" name="GetFile_NonExistentFileReturnsNotFound" /></UnitTest><UnitTest name="FileRequest_FileCanBeReadAfterRename" storage="d:\users\steve knipmeyer\documents\github\modelrelief\modelrelief.test\bin\debug\netcoreapp2.0\modelrelief.test.dll" id="4c02e963-1272-4c42-b531-ce69ec622964"><Execution id="0da97bfb-b2ad-44a7-8dc9-f4d0d5d5c17b" /><TestMethod codeBase="D:\Users\Steve Knipmeyer\Documents\GitHub\ModelRelief\ModelRelief.test\bin\Debug\netcoreapp2.0\ModelRelief.Test.dll" adapterTypeName="executor://xunit/VsTestRunner2/netcoreapp" className="ModelRelief.Test.Integration.Meshes.MeshesFileIntegrationTests" name="FileRequest_FileCanBeReadAfterRename" /></UnitTest><UnitTest name="DepthBufferHasExpectedDependentFiles" storage="d:\users\steve knipmeyer\documents\github\modelrelief\modelrelief.test\bin\debug\netcoreapp2.0\modelrelief.test.dll" id="62cc5413-ec54-4910-891c-40497078b6c9"><Execution id="d41fe7db-fb66-4988-8d81-8e0b057e09ba" /><TestMethod codeBase="D:\Users\Steve Knipmeyer\Documents\GitHub\ModelRelief\ModelRelief.test\bin\Debug\netcoreapp2.0\ModelRelief.Test.dll" adapterTypeName="executor://xunit/VsTestRunner2/netcoreapp" className="ModelRelief.Test.Unit.DependencyManager.DependencyManagerTests" name="DepthBufferHasExpectedDependentFiles" /></UnitTest><UnitTest name="FileRequest_FileCanBeReadAfterRename" storage="d:\users\steve knipmeyer\documents\github\modelrelief\modelrelief.test\bin\debug\netcoreapp2.0\modelrelief.test.dll" id="f0eebd38-48d6-48d0-a08c-ad41c5f5d999"><Execution id="246bdd0e-3cae-410c-9fb2-0ae6d6ce1f0b" /><TestMethod codeBase="D:\Users\Steve Knipmeyer\Documents\GitHub\ModelRelief\ModelRelief.test\bin\Debug\netcoreapp2.0\ModelRelief.Test.dll" adapterTypeName="executor://xunit/VsTestRunner2/netcoreapp" className="ModelRelief.Test.Integration.DepthBuffers.DepthBuffersFileIntegrationTests" name="FileRequest_FileCanBeReadAfterRename" /></UnitTest><UnitTest name="Put_CanUpdateModel" storage="d:\users\steve knipmeyer\documents\github\modelrelief\modelrelief.test\bin\debug\netcoreapp2.0\modelrelief.test.dll" id="7905d81b-9460-478f-8091-e55247a18b4c"><Execution id="1167c853-7c3b-4c13-b9dd-8cde87d3c021" /><TestMethod codeBase="D:\Users\Steve Knipmeyer\Documents\GitHub\ModelRelief\ModelRelief.test\bin\Debug\netcoreapp2.0\ModelRelief.Test.dll" adapterTypeName="executor://xunit/VsTestRunner2/netcoreapp" className="ModelRelief.Test.Integration.Models.ModelsBaseIntegrationTests" name="Put_CanUpdateModel" /></UnitTest><UnitTest name="Post_ValidReferencePropertyCreatesModel" storage="d:\users\steve knipmeyer\documents\github\modelrelief\modelrelief.test\bin\debug\netcoreapp2.0\modelrelief.test.dll" id="dcf94431-fc06-495c-ba68-59374e943c0c"><Execution id="9eb5393d-c83e-4b07-bf06-73ff1c8de954" /><TestMethod codeBase="D:\Users\Steve Knipmeyer\Documents\GitHub\ModelRelief\ModelRelief.test\bin\Debug\netcoreapp2.0\ModelRelief.Test.dll" adapterTypeName="executor://xunit/VsTestRunner2/netcoreapp" className="ModelRelief.Test.Integration.Cameras.CamerasBaseIntegrationTests" name="Post_ValidReferencePropertyCreatesModel" /></UnitTest><UnitTest name="Patch_InvalidEnumPropertyValueReturnsBadRequest" storage="d:\users\steve knipmeyer\documents\github\modelrelief\modelrelief.test\bin\debug\netcoreapp2.0\modelrelief.test.dll" id="b5fe8685-3f22-4e53-ad21-16aab91349b5"><Execution id="33795a84-9e56-4fe8-ae8a-44178d09ced7" /><TestMethod codeBase="D:\Users\Steve Knipmeyer\Documents\GitHub\ModelRelief\ModelRelief.test\bin\Debug\netcoreapp2.0\ModelRelief.Test.dll" adapterTypeName="executor://xunit/VsTestRunner2/netcoreapp" className="ModelRelief.Test.Integration.Meshes.MeshesBaseIntegrationTests" name="Patch_InvalidEnumPropertyValueReturnsBadRequest" /></UnitTest><UnitTest name="GetFile_NonExistentFileReturnsNotFound" storage="d:\users\steve knipmeyer\documents\github\modelrelief\modelrelief.test\bin\debug\netcoreapp2.0\modelrelief.test.dll" id="c1a193ac-90e1-4ded-b940-f7d11e52eb46"><Execution id="6f8e9ef6-8658-425d-a528-1a1687ed17cc" /><TestMethod codeBase="D:\Users\Steve Knipmeyer\Documents\GitHub\ModelRelief\ModelRelief.test\bin\Debug\netcoreapp2.0\ModelRelief.Test.dll" adapterTypeName="executor://xunit/VsTestRunner2/netcoreapp" className="ModelRelief.Test.Integration.Meshes.MeshesFileIntegrationTests" name="GetFile_NonExistentFileReturnsNotFound" /></UnitTest><UnitTest name="Patch_InvalidReferencePropertyReturnsBadRequest" storage="d:\users\steve knipmeyer\documents\github\modelrelief\modelrelief.test\bin\debug\netcoreapp2.0\modelrelief.test.dll" id="bcc6da91-8d84-4bb2-9a23-f386bdf91896"><Execution id="fc1479df-eb34-48ab-b439-776b8cf9d069" /><TestMethod codeBase="D:\Users\Steve Knipmeyer\Documents\GitHub\ModelRelief\ModelRelief.test\bin\Debug\netcoreapp2.0\ModelRelief.Test.dll" adapterTypeName="executor://xunit/VsTestRunner2/netcoreapp" className="ModelRelief.Test.Integration.MeshTransforms.MeshTransformsBaseIntegrationTests" name="Patch_InvalidReferencePropertyReturnsBadRequest" /></UnitTest><UnitTest name="Patch_TargetPropertyIsUpdated" storage="d:\users\steve knipmeyer\documents\github\modelrelief\modelrelief.test\bin\debug\netcoreapp2.0\modelrelief.test.dll" id="c5c03bdf-8200-498c-bfbd-096d443529ef"><Execution id="c2e244d5-95d9-498d-9547-c8767191a6f2" /><TestMethod codeBase="D:\Users\Steve Knipmeyer\Documents\GitHub\ModelRelief\ModelRelief.test\bin\Debug\netcoreapp2.0\ModelRelief.Test.dll" adapterTypeName="executor://xunit/VsTestRunner2/netcoreapp" className="ModelRelief.Test.Integration.MeshTransforms.MeshTransformsBaseIntegrationTests" name="Patch_TargetPropertyIsUpdated" /></UnitTest><UnitTest name="Post_ValidReferencePropertyCreatesModel" storage="d:\users\steve knipmeyer\documents\github\modelrelief\modelrelief.test\bin\debug\netcoreapp2.0\modelrelief.test.dll" id="b6f9757d-0a23-4af6-b0ea-9280156f8b7e"><Execution id="8a9422f7-5355-4740-b7b2-d97f7c70975b" /><TestMethod codeBase="D:\Users\Steve Knipmeyer\Documents\GitHub\ModelRelief\ModelRelief.test\bin\Debug\netcoreapp2.0\ModelRelief.Test.dll" adapterTypeName="executor://xunit/VsTestRunner2/netcoreapp" className="ModelRelief.Test.Integration.DepthBuffers.DepthBuffersBaseIntegrationTests" name="Post_ValidReferencePropertyCreatesModel" /></UnitTest><UnitTest name="FileRequest_FileCanBeReadAfterRename" storage="d:\users\steve knipmeyer\documents\github\modelrelief\modelrelief.test\bin\debug\netcoreapp2.0\modelrelief.test.dll" id="241f7b12-4698-4ec9-81d2-c8bf2f233984"><Execution id="9b3aeb08-3973-4b6d-b0ad-34226ce8665a" /><TestMethod codeBase="D:\Users\Steve Knipmeyer\Documents\GitHub\ModelRelief\ModelRelief.test\bin\Debug\netcoreapp2.0\ModelRelief.Test.dll" adapterTypeName="executor://xunit/VsTestRunner2/netcoreapp" className="ModelRelief.Test.Integration.Models.ModelsFileIntegrationTests" name="FileRequest_FileCanBeReadAfterRename" /></UnitTest><UnitTest name="Patch_InvalidIdPropertyReturnsNotFound" storage="d:\users\steve knipmeyer\documents\github\modelrelief\modelrelief.test\bin\debug\netcoreapp2.0\modelrelief.test.dll" id="1f82e43a-5b2b-4c3d-86f5-87eeec571295"><Execution id="15b4799e-5997-4f28-8296-70813b40fffc" /><TestMethod codeBase="D:\Users\Steve Knipmeyer\Documents\GitHub\ModelRelief\ModelRelief.test\bin\Debug\netcoreapp2.0\ModelRelief.Test.dll" adapterTypeName="executor://xunit/VsTestRunner2/netcoreapp" className="ModelRelief.Test.Integration.MeshTransforms.MeshTransformsBaseIntegrationTests" name="Patch_InvalidIdPropertyReturnsNotFound" /></UnitTest><UnitTest name="Patch_ValidReferencePropertyUpdatesModel" storage="d:\users\steve knipmeyer\documents\github\modelrelief\modelrelief.test\bin\debug\netcoreapp2.0\modelrelief.test.dll" id="d6fe9d67-23fb-476e-8856-d738eb01e067"><Execution id="57b9b804-f593-49d4-a6b7-71e9384c34ac" /><TestMethod codeBase="D:\Users\Steve Knipmeyer\Documents\GitHub\ModelRelief\ModelRelief.test\bin\Debug\netcoreapp2.0\ModelRelief.Test.dll" adapterTypeName="executor://xunit/VsTestRunner2/netcoreapp" className="ModelRelief.Test.Integration.Models.ModelsBaseIntegrationTests" name="Patch_ValidReferencePropertyUpdatesModel" /></UnitTest><UnitTest name="Patch_InvalidEnumPropertyValueReturnsBadRequest" storage="d:\users\steve knipmeyer\documents\github\modelrelief\modelrelief.test\bin\debug\netcoreapp2.0\modelrelief.test.dll" id="350ac909-0bbf-4578-ac1c-83777753cea8"><Execution id="22b84bb3-cf0c-4d55-b393-2c7594b0ba87" /><TestMethod codeBase="D:\Users\Steve Knipmeyer\Documents\GitHub\ModelRelief\ModelRelief.test\bin\Debug\netcoreapp2.0\ModelRelief.Test.dll" adapterTypeName="executor://xunit/VsTestRunner2/netcoreapp" className="ModelRelief.Test.Integration.DepthBuffers.DepthBuffersBaseIntegrationTests" name="Patch_InvalidEnumPropertyValueReturnsBadRequest" /></UnitTest><UnitTest name="Put_ValidReferencePropertyUpdatesModel" storage="d:\users\steve knipmeyer\documents\github\modelrelief\modelrelief.test\bin\debug\netcoreapp2.0\modelrelief.test.dll" id="5ab1ead9-00a1-42c2-9331-23e4db6a9656"><Execution id="9d67fd86-35dd-47c7-9399-fb1f33d26b25" /><TestMethod codeBase="D:\Users\Steve Knipmeyer\Documents\GitHub\ModelRelief\ModelRelief.test\bin\Debug\netcoreapp2.0\ModelRelief.Test.dll" adapterTypeName="executor://xunit/VsTestRunner2/netcoreapp" className="ModelRelief.Test.Integration.Projects.ProjectsBaseIntegrationTests" name="Put_ValidReferencePropertyUpdatesModel" /></UnitTest><UnitTest name="Post_CanCreateNewModel" storage="d:\users\steve knipmeyer\documents\github\modelrelief\modelrelief.test\bin\debug\netcoreapp2.0\modelrelief.test.dll" id="ae509ff7-0975-42fa-98cc-49161281946f"><Execution id="e90bf41d-6513-42a1-a317-b2c138210fea" /><TestMethod codeBase="D:\Users\Steve Knipmeyer\Documents\GitHub\ModelRelief\ModelRelief.test\bin\Debug\netcoreapp2.0\ModelRelief.Test.dll" adapterTypeName="executor://xunit/VsTestRunner2/netcoreapp" className="ModelRelief.Test.Integration.MeshTransforms.MeshTransformsBaseIntegrationTests" name="Post_CanCreateNewModel" /></UnitTest><UnitTest name="PostFile_FileTimeStampIsUpdatedAfterFileIsPosted" storage="d:\users\steve knipmeyer\documents\github\modelrelief\modelrelief.test\bin\debug\netcoreapp2.0\modelrelief.test.dll" id="903b3fa1-84a3-4194-b516-9cf0e1f331cc"><Execution id="7db904f0-dafc-483a-96b6-7a091de5d322" /><TestMethod codeBase="D:\Users\Steve Knipmeyer\Documents\GitHub\ModelRelief\ModelRelief.test\bin\Debug\netcoreapp2.0\ModelRelief.Test.dll" adapterTypeName="executor://xunit/VsTestRunner2/netcoreapp" className="ModelRelief.Test.Integration.DepthBuffers.DepthBuffersFileIntegrationTests" name="PostFile_FileTimeStampIsUpdatedAfterFileIsPosted" /></UnitTest><UnitTest name="Patch_InvalidPropertyNameReturnsBadRequest" storage="d:\users\steve knipmeyer\documents\github\modelrelief\modelrelief.test\bin\debug\netcoreapp2.0\modelrelief.test.dll" id="635008b5-3ff9-4601-b2c3-91507f07f4c4"><Execution id="77d50108-24ba-420d-9004-ee35bf003bfa" /><TestMethod codeBase="D:\Users\Steve Knipmeyer\Documents\GitHub\ModelRelief\ModelRelief.test\bin\Debug\netcoreapp2.0\ModelRelief.Test.dll" adapterTypeName="executor://xunit/VsTestRunner2/netcoreapp" className="ModelRelief.Test.Integration.Models.ModelsBaseIntegrationTests" name="Patch_InvalidPropertyNameReturnsBadRequest" /></UnitTest><UnitTest name="Put_InvalidIdReturnsNotFound" storage="d:\users\steve knipmeyer\documents\github\modelrelief\modelrelief.test\bin\debug\netcoreapp2.0\modelrelief.test.dll" id="eced8a54-1d28-4cdb-85f7-5acd0460fd4c"><Execution id="54bd56b8-a3ff-4150-8b7c-2257b0d16ad8" /><TestMethod codeBase="D:\Users\Steve Knipmeyer\Documents\GitHub\ModelRelief\ModelRelief.test\bin\Debug\netcoreapp2.0\ModelRelief.Test.dll" adapterTypeName="executor://xunit/VsTestRunner2/netcoreapp" className="ModelRelief.Test.Integration.Cameras.CamerasBaseIntegrationTests" name="Put_InvalidIdReturnsNotFound" /></UnitTest><UnitTest name="Put_CanUpdateModel" storage="d:\users\steve knipmeyer\documents\github\modelrelief\modelrelief.test\bin\debug\netcoreapp2.0\modelrelief.test.dll" id="df3348c9-1f07-4c65-bca4-791032332b22"><Execution id="44e14819-9760-4587-8a70-592451c3c335" /><TestMethod codeBase="D:\Users\Steve Knipmeyer\Documents\GitHub\ModelRelief\ModelRelief.test\bin\Debug\netcoreapp2.0\ModelRelief.Test.dll" adapterTypeName="executor://xunit/VsTestRunner2/netcoreapp" className="ModelRelief.Test.Integration.Meshes.MeshesBaseIntegrationTests" name="Put_CanUpdateModel" /></UnitTest><UnitTest name="Delete_TargetModelIsDeleted" storage="d:\users\steve knipmeyer\documents\github\modelrelief\modelrelief.test\bin\debug\netcoreapp2.0\modelrelief.test.dll" id="69ef0d93-deba-4dca-b34f-b93d8832e924"><Execution id="d4fcaf22-98e1-4896-addd-72d51e1b2e41" /><TestMethod codeBase="D:\Users\Steve Knipmeyer\Documents\GitHub\ModelRelief\ModelRelief.test\bin\Debug\netcoreapp2.0\ModelRelief.Test.dll" adapterTypeName="executor://xunit/VsTestRunner2/netcoreapp" className="ModelRelief.Test.Integration.Meshes.MeshesBaseIntegrationTests" name="Delete_TargetModelIsDeleted" /></UnitTest><UnitTest name="Patch_ValidReferencePropertyUpdatesModel" storage="d:\users\steve knipmeyer\documents\github\modelrelief\modelrelief.test\bin\debug\netcoreapp2.0\modelrelief.test.dll" id="46f4ed43-03b2-4daa-8e73-649748aabf55"><Execution id="447975a2-88f7-4509-8b95-65dbda66181d" /><TestMethod codeBase="D:\Users\Steve Knipmeyer\Documents\GitHub\ModelRelief\ModelRelief.test\bin\Debug\netcoreapp2.0\ModelRelief.Test.dll" adapterTypeName="executor://xunit/VsTestRunner2/netcoreapp" className="ModelRelief.Test.Integration.Projects.ProjectsBaseIntegrationTests" name="Patch_ValidReferencePropertyUpdatesModel" /></UnitTest><UnitTest name="GetSingle_InvalidIdPropertyValueReturnsNotFound" storage="d:\users\steve knipmeyer\documents\github\modelrelief\modelrelief.test\bin\debug\netcoreapp2.0\modelrelief.test.dll" id="a31670cc-2a5e-475b-8c6f-6d6b96503083"><Execution id="664af4df-50ab-4c42-9702-a505d477a9cf" /><TestMethod codeBase="D:\Users\Steve Knipmeyer\Documents\GitHub\ModelRelief\ModelRelief.test\bin\Debug\netcoreapp2.0\ModelRelief.Test.dll" adapterTypeName="executor://xunit/VsTestRunner2/netcoreapp" className="ModelRelief.Test.Integration.DepthBuffers.DepthBuffersBaseIntegrationTests" name="GetSingle_InvalidIdPropertyValueReturnsNotFound" /></UnitTest><UnitTest name="GetList_ListReturnsCorrectCount" storage="d:\users\steve knipmeyer\documents\github\modelrelief\modelrelief.test\bin\debug\netcoreapp2.0\modelrelief.test.dll" id="91591aa3-48d5-4319-9c98-e348f0a30cb6"><Execution id="956c8477-d6a3-4f31-b2ac-67d520737b04" /><TestMethod codeBase="D:\Users\Steve Knipmeyer\Documents\GitHub\ModelRelief\ModelRelief.test\bin\Debug\netcoreapp2.0\ModelRelief.Test.dll" adapterTypeName="executor://xunit/VsTestRunner2/netcoreapp" className="ModelRelief.Test.Integration.DepthBuffers.DepthBuffersBaseIntegrationTests" name="GetList_ListReturnsCorrectCount" /></UnitTest><UnitTest name="GetFile_ExistingFileReturnsSuccess" storage="d:\users\steve knipmeyer\documents\github\modelrelief\modelrelief.test\bin\debug\netcoreapp2.0\modelrelief.test.dll" id="32054775-4a67-419d-bb30-6507d1906e0b"><Execution id="cca3d326-3352-4880-bfe3-927770e18aca" /><TestMethod codeBase="D:\Users\Steve Knipmeyer\Documents\GitHub\ModelRelief\ModelRelief.test\bin\Debug\netcoreapp2.0\ModelRelief.Test.dll" adapterTypeName="executor://xunit/VsTestRunner2/netcoreapp" className="ModelRelief.Test.Integration.DepthBuffers.DepthBuffersFileIntegrationTests" name="GetFile_ExistingFileReturnsSuccess" /></UnitTest><UnitTest name="Post_ValidReferencePropertyCreatesModel" storage="d:\users\steve knipmeyer\documents\github\modelrelief\modelrelief.test\bin\debug\netcoreapp2.0\modelrelief.test.dll" id="a9bd5e20-fbbc-4e5a-9ca6-7d81718c072c"><Execution id="349c39fd-51c6-497f-a286-eae0eaa16974" /><TestMethod codeBase="D:\Users\Steve Knipmeyer\Documents\GitHub\ModelRelief\ModelRelief.test\bin\Debug\netcoreapp2.0\ModelRelief.Test.dll" adapterTypeName="executor://xunit/VsTestRunner2/netcoreapp" className="ModelRelief.Test.Integration.Meshes.MeshesBaseIntegrationTests" name="Post_ValidReferencePropertyCreatesModel" /></UnitTest><UnitTest name="Post_ValidReferencePropertyCreatesModel" storage="d:\users\steve knipmeyer\documents\github\modelrelief\modelrelief.test\bin\debug\netcoreapp2.0\modelrelief.test.dll" id="2aaef975-5790-44d3-b01b-a10180a2a292"><Execution id="e850a2cf-f548-4ef6-b628-d85fb24a2e84" /><TestMethod codeBase="D:\Users\Steve Knipmeyer\Documents\GitHub\ModelRelief\ModelRelief.test\bin\Debug\netcoreapp2.0\ModelRelief.Test.dll" adapterTypeName="executor://xunit/VsTestRunner2/netcoreapp" className="ModelRelief.Test.Integration.MeshTransforms.MeshTransformsBaseIntegrationTests" name="Post_ValidReferencePropertyCreatesModel" /></UnitTest><UnitTest name="Patch_InvalidIdPropertyReturnsNotFound" storage="d:\users\steve knipmeyer\documents\github\modelrelief\modelrelief.test\bin\debug\netcoreapp2.0\modelrelief.test.dll" id="5172ee6c-02d5-480a-89fd-494d010e6555"><Execution id="0ca68607-4081-480b-9ede-8a2b94805527" /><TestMethod codeBase="D:\Users\Steve Knipmeyer\Documents\GitHub\ModelRelief\ModelRelief.test\bin\Debug\netcoreapp2.0\ModelRelief.Test.dll" adapterTypeName="executor://xunit/VsTestRunner2/netcoreapp" className="ModelRelief.Test.Integration.Models.ModelsBaseIntegrationTests" name="Patch_InvalidIdPropertyReturnsNotFound" /></UnitTest><UnitTest name="Post_InvalidPropertyValueReturnsBadRequest" storage="d:\users\steve knipmeyer\documents\github\modelrelief\modelrelief.test\bin\debug\netcoreapp2.0\modelrelief.test.dll" id="5ef575b4-8984-438c-9766-cb2133969922"><Execution id="4e506bb6-50a7-47c3-b22c-08396d12999e" /><TestMethod codeBase="D:\Users\Steve Knipmeyer\Documents\GitHub\ModelRelief\ModelRelief.test\bin\Debug\netcoreapp2.0\ModelRelief.Test.dll" adapterTypeName="executor://xunit/VsTestRunner2/netcoreapp" className="ModelRelief.Test.Integration.Models.ModelsBaseIntegrationTests" name="Post_InvalidPropertyValueReturnsBadRequest" /></UnitTest><UnitTest name="GetList_ListReturnsCorrectCount" storage="d:\users\steve knipmeyer\documents\github\modelrelief\modelrelief.test\bin\debug\netcoreapp2.0\modelrelief.test.dll" id="ca4c42da-c304-4200-a37f-47ee2c8c5624"><Execution id="98c577db-da97-4279-8027-15d05bd9ea44" /><TestMethod codeBase="D:\Users\Steve Knipmeyer\Documents\GitHub\ModelRelief\ModelRelief.test\bin\Debug\netcoreapp2.0\ModelRelief.Test.dll" adapterTypeName="executor://xunit/VsTestRunner2/netcoreapp" className="ModelRelief.Test.Integration.Models.ModelsBaseIntegrationTests" name="GetList_ListReturnsCorrectCount" /></UnitTest><UnitTest name="Patch_ValidReferencePropertyUpdatesModel" storage="d:\users\steve knipmeyer\documents\github\modelrelief\modelrelief.test\bin\debug\netcoreapp2.0\modelrelief.test.dll" id="2a993b07-553b-4ca3-b7da-d0beb1a58943"><Execution id="af3bfe90-cec7-4760-b3f5-3d305317859c" /><TestMethod codeBase="D:\Users\Steve Knipmeyer\Documents\GitHub\ModelRelief\ModelRelief.test\bin\Debug\netcoreapp2.0\ModelRelief.Test.dll" adapterTypeName="executor://xunit/VsTestRunner2/netcoreapp" className="ModelRelief.Test.Integration.Meshes.MeshesBaseIntegrationTests" name="Patch_ValidReferencePropertyUpdatesModel" /></UnitTest><UnitTest name="Delete_TargetModelIsDeleted" storage="d:\users\steve knipmeyer\documents\github\modelrelief\modelrelief.test\bin\debug\netcoreapp2.0\modelrelief.test.dll" id="c482321c-da18-47c0-90a2-5b5952a70113"><Execution id="f2ae5cbf-e29a-405a-95dd-c56255ac9bd9" /><TestMethod codeBase="D:\Users\Steve Knipmeyer\Documents\GitHub\ModelRelief\ModelRelief.test\bin\Debug\netcoreapp2.0\ModelRelief.Test.dll" adapterTypeName="executor://xunit/VsTestRunner2/netcoreapp" className="ModelRelief.Test.Integration.Projects.ProjectsBaseIntegrationTests" name="Delete_TargetModelIsDeleted" /></UnitTest><UnitTest name="Post_CanCreateNewModel" storage="d:\users\steve knipmeyer\documents\github\modelrelief\modelrelief.test\bin\debug\netcoreapp2.0\modelrelief.test.dll" id="b91b1eb8-8dbc-4165-be48-5e9780b91e3a"><Execution id="b570927f-71a7-4eef-8341-7f3a52744922" /><TestMethod codeBase="D:\Users\Steve Knipmeyer\Documents\GitHub\ModelRelief\ModelRelief.test\bin\Debug\netcoreapp2.0\ModelRelief.Test.dll" adapterTypeName="executor://xunit/VsTestRunner2/netcoreapp" className="ModelRelief.Test.Integration.Projects.ProjectsBaseIntegrationTests" name="Post_CanCreateNewModel" /></UnitTest><UnitTest name="Put_InvalidIdReturnsNotFound" storage="d:\users\steve knipmeyer\documents\github\modelrelief\modelrelief.test\bin\debug\netcoreapp2.0\modelrelief.test.dll" id="1b49fe67-5a5c-40e2-a798-8f1b7b2a17ae"><Execution id="40f9ab94-3a47-4d23-8efb-fdccdbe62a32" /><TestMethod codeBase="D:\Users\Steve Knipmeyer\Documents\GitHub\ModelRelief\ModelRelief.test\bin\Debug\netcoreapp2.0\ModelRelief.Test.dll" adapterTypeName="executor://xunit/VsTestRunner2/netcoreapp" className="ModelRelief.Test.Integration.Projects.ProjectsBaseIntegrationTests" name="Put_InvalidIdReturnsNotFound" /></UnitTest><UnitTest name="Post_InvalidReferencePropertyReturnsBadRequest" storage="d:\users\steve knipmeyer\documents\github\modelrelief\modelrelief.test\bin\debug\netcoreapp2.0\modelrelief.test.dll" id="ec892935-aec8-4e2d-a1a4-170eaaac2750"><Execution id="6c6ebb75-9f55-4ed8-9d17-f005ac366972" /><TestMethod codeBase="D:\Users\Steve Knipmeyer\Documents\GitHub\ModelRelief\ModelRelief.test\bin\Debug\netcoreapp2.0\ModelRelief.Test.dll" adapterTypeName="executor://xunit/VsTestRunner2/netcoreapp" className="ModelRelief.Test.Integration.Meshes.MeshesBaseIntegrationTests" name="Post_InvalidReferencePropertyReturnsBadRequest" /></UnitTest><UnitTest name="FileRequest_MeshGenerateScalesDepthBufferByP1Scale" storage="d:\users\steve knipmeyer\documents\github\modelrelief\modelrelief.test\bin\debug\netcoreapp2.0\modelrelief.test.dll" id="d55ae9a2-e54a-4104-9484-eeccd9fa60fe"><Execution id="e0394c0b-3e08-4044-b623-1055623a6695" /><TestMethod codeBase="D:\Users\Steve Knipmeyer\Documents\GitHub\ModelRelief\ModelRelief.test\bin\Debug\netcoreapp2.0\ModelRelief.Test.dll" adapterTypeName="executor://xunit/VsTestRunner2/netcoreapp" className="ModelRelief.Test.Integration.Meshes.MeshesFileIntegrationTests" name="FileRequest_MeshGenerateScalesDepthBufferByP1Scale" /></UnitTest><UnitTest name="Put_CanUpdateModel" storage="d:\users\steve knipmeyer\documents\github\modelrelief\modelrelief.test\bin\debug\netcoreapp2.0\modelrelief.test.dll" id="73f6bdfb-b991-49cb-b50e-c7ebac33bfee"><Execution id="d89a8e9e-2c46-4b24-8d31-3fd0de30d95a" /><TestMethod codeBase="D:\Users\Steve Knipmeyer\Documents\GitHub\ModelRelief\ModelRelief.test\bin\Debug\netcoreapp2.0\ModelRelief.Test.dll" adapterTypeName="executor://xunit/VsTestRunner2/netcoreapp" className="ModelRelief.Test.Integration.DepthBuffers.DepthBuffersBaseIntegrationTests" name="Put_CanUpdateModel" /></UnitTest><UnitTest name="GetFile_NonExistentFileReturnsNotFound" storage="d:\users\steve knipmeyer\documents\github\modelrelief\modelrelief.test\bin\debug\netcoreapp2.0\modelrelief.test.dll" id="564fa0ef-2a56-4458-a427-829bdc8722b4"><Execution id="12ae4736-3b85-4f51-8528-1f59da80cdb3" /><TestMethod codeBase="D:\Users\Steve Knipmeyer\Documents\GitHub\ModelRelief\ModelRelief.test\bin\Debug\netcoreapp2.0\ModelRelief.Test.dll" adapterTypeName="executor://xunit/VsTestRunner2/netcoreapp" className="ModelRelief.Test.Integration.DepthBuffers.DepthBuffersFileIntegrationTests" name="GetFile_NonExistentFileReturnsNotFound" /></UnitTest><UnitTest name="Patch_MultipleInvalidReferencePropertiesReturnsMultipleValidationErrorsAndBadRequest" storage="d:\users\steve knipmeyer\documents\github\modelrelief\modelrelief.test\bin\debug\netcoreapp2.0\modelrelief.test.dll" id="fd1cc2d6-03fc-462f-91e1-bbc46301657b"><Execution id="0011accc-b8a8-4904-9b5c-be6c207bb00d" /><TestMethod codeBase="D:\Users\Steve Knipmeyer\Documents\GitHub\ModelRelief\ModelRelief.test\bin\Debug\netcoreapp2.0\ModelRelief.Test.dll" adapterTypeName="executor://xunit/VsTestRunner2/netcoreapp" className="ModelRelief.Test.Integration.Meshes.MeshesBaseIntegrationTests" name="Patch_MultipleInvalidReferencePropertiesReturnsMultipleValidationErrorsAndBadRequest" /></UnitTest><UnitTest name="GetSingle_ValidIdPropertyValueReturnsCorrectModel" storage="d:\users\steve knipmeyer\documents\github\modelrelief\modelrelief.test\bin\debug\netcoreapp2.0\modelrelief.test.dll" id="fa1203ac-afa7-4c64-afad-a82cf693c630"><Execution id="3c33c927-279e-4f9c-9ebd-77ee2fc3705d" /><TestMethod codeBase="D:\Users\Steve Knipmeyer\Documents\GitHub\ModelRelief\ModelRelief.test\bin\Debug\netcoreapp2.0\ModelRelief.Test.dll" adapterTypeName="executor://xunit/VsTestRunner2/netcoreapp" className="ModelRelief.Test.Integration.DepthBuffers.DepthBuffersBaseIntegrationTests" name="GetSingle_ValidIdPropertyValueReturnsCorrectModel" /></UnitTest><UnitTest name="LucyModel3dHasTwoDependents" storage="d:\users\steve knipmeyer\documents\github\modelrelief\modelrelief.test\bin\debug\netcoreapp2.0\modelrelief.test.dll" id="2179a587-dba5-4843-848c-0e4bffa0a5f1"><Execution id="7271d717-e85d-429c-9f2a-0c9cdd7420cc" /><TestMethod codeBase="D:\Users\Steve Knipmeyer\Documents\GitHub\ModelRelief\ModelRelief.test\bin\Debug\netcoreapp2.0\ModelRelief.Test.dll" adapterTypeName="executor://xunit/VsTestRunner2/netcoreapp" className="ModelRelief.Test.Unit.DependencyManager.DependencyManagerTests" name="LucyModel3dHasTwoDependents" /></UnitTest><UnitTest name="PostFile_FileIsSynchronizedIsUpdatedAfterFileIsPosted" storage="d:\users\steve knipmeyer\documents\github\modelrelief\modelrelief.test\bin\debug\netcoreapp2.0\modelrelief.test.dll" id="91b89786-f516-4a21-8490-a0c0e1949c66"><Execution id="2bf63795-d3c7-4d75-86cb-82aeff0390b1" /><TestMethod codeBase="D:\Users\Steve Knipmeyer\Documents\GitHub\ModelRelief\ModelRelief.test\bin\Debug\netcoreapp2.0\ModelRelief.Test.dll" adapterTypeName="executor://xunit/VsTestRunner2/netcoreapp" className="ModelRelief.Test.Integration.Models.ModelsFileIntegrationTests" name="PostFile_FileIsSynchronizedIsUpdatedAfterFileIsPosted" /></UnitTest><UnitTest name="GetSingle_InvalidIdPropertyValueReturnsNotFound" storage="d:\users\steve knipmeyer\documents\github\modelrelief\modelrelief.test\bin\debug\netcoreapp2.0\modelrelief.test.dll" id="23a3ce7e-0c84-4c0f-b9d8-1c1f604c2e5f"><Execution id="99c67287-1ad5-4092-ad86-cc9b8b8be599" /><TestMethod codeBase="D:\Users\Steve Knipmeyer\Documents\GitHub\ModelRelief\ModelRelief.test\bin\Debug\netcoreapp2.0\ModelRelief.Test.dll" adapterTypeName="executor://xunit/VsTestRunner2/netcoreapp" className="ModelRelief.Test.Integration.Projects.ProjectsBaseIntegrationTests" name="GetSingle_InvalidIdPropertyValueReturnsNotFound" /></UnitTest><UnitTest name="GetList_ListReturnsCorrectCount" storage="d:\users\steve knipmeyer\documents\github\modelrelief\modelrelief.test\bin\debug\netcoreapp2.0\modelrelief.test.dll" id="21c17274-fafb-4e46-8866-b0978b3339fd"><Execution id="c198c3b1-ddb6-41fd-ad3d-4ec807303044" /><TestMethod codeBase="D:\Users\Steve Knipmeyer\Documents\GitHub\ModelRelief\ModelRelief.test\bin\Debug\netcoreapp2.0\ModelRelief.Test.dll" adapterTypeName="executor://xunit/VsTestRunner2/netcoreapp" className="ModelRelief.Test.Integration.Projects.ProjectsBaseIntegrationTests" name="GetList_ListReturnsCorrectCount" /></UnitTest><UnitTest name="Patch_TargetPropertyIsUpdated" storage="d:\users\steve knipmeyer\documents\github\modelrelief\modelrelief.test\bin\debug\netcoreapp2.0\modelrelief.test.dll" id="75ddeee7-8194-4997-96e3-cc5b3a49e02e"><Execution id="8cb83ef3-2089-411c-8b98-adfa59b893d4" /><TestMethod codeBase="D:\Users\Steve Knipmeyer\Documents\GitHub\ModelRelief\ModelRelief.test\bin\Debug\netcoreapp2.0\ModelRelief.Test.dll" adapterTypeName="executor://xunit/VsTestRunner2/netcoreapp" className="ModelRelief.Test.Integration.Models.ModelsBaseIntegrationTests" name="Patch_TargetPropertyIsUpdated" /></UnitTest><UnitTest name="Post_CanCreateNewModel" storage="d:\users\steve knipmeyer\documents\github\modelrelief\modelrelief.test\bin\debug\netcoreapp2.0\modelrelief.test.dll" id="066b4580-4dee-495c-a26b-4c035f60d9ca"><Execution id="d3865dad-d0bd-448c-83d1-fefd7f04ef5d" /><TestMethod codeBase="D:\Users\Steve Knipmeyer\Documents\GitHub\ModelRelief\ModelRelief.test\bin\Debug\netcoreapp2.0\ModelRelief.Test.dll" adapterTypeName="executor://xunit/VsTestRunner2/netcoreapp" className="ModelRelief.Test.Integration.Meshes.MeshesBaseIntegrationTests" name="Post_CanCreateNewModel" /></UnitTest><UnitTest name="PutFile_FileCanBeUpdated" storage="d:\users\steve knipmeyer\documents\github\modelrelief\modelrelief.test\bin\debug\netcoreapp2.0\modelrelief.test.dll" id="cfb81550-85e3-4507-bad8-5e0dac3230aa"><Execution id="fcaea03d-d9bc-4ce5-80f7-00afce2fb176" /><TestMethod codeBase="D:\Users\Steve Knipmeyer\Documents\GitHub\ModelRelief\ModelRelief.test\bin\Debug\netcoreapp2.0\ModelRelief.Test.dll" adapterTypeName="executor://xunit/VsTestRunner2/netcoreapp" className="ModelRelief.Test.Integration.DepthBuffers.DepthBuffersFileIntegrationTests" name="PutFile_FileCanBeUpdated" /></UnitTest><UnitTest name="Patch_InvalidIdPropertyReturnsNotFound" storage="d:\users\steve knipmeyer\documents\github\modelrelief\modelrelief.test\bin\debug\netcoreapp2.0\modelrelief.test.dll" id="1618b3c3-995d-4303-8dbc-4a7f2de87f25"><Execution id="11138afc-cb37-4044-95a9-1cd029c83913" /><TestMethod codeBase="D:\Users\Steve Knipmeyer\Documents\GitHub\ModelRelief\ModelRelief.test\bin\Debug\netcoreapp2.0\ModelRelief.Test.dll" adapterTypeName="executor://xunit/VsTestRunner2/netcoreapp" className="ModelRelief.Test.Integration.Projects.ProjectsBaseIntegrationTests" name="Patch_InvalidIdPropertyReturnsNotFound" /></UnitTest><UnitTest name="Patch_InvalidPropertyNameReturnsBadRequest" storage="d:\users\steve knipmeyer\documents\github\modelrelief\modelrelief.test\bin\debug\netcoreapp2.0\modelrelief.test.dll" id="0d6fe22b-6bba-4379-9905-710038543178"><Execution id="718a42d4-a633-443d-91be-7e1d28f59d74" /><TestMethod codeBase="D:\Users\Steve Knipmeyer\Documents\GitHub\ModelRelief\ModelRelief.test\bin\Debug\netcoreapp2.0\ModelRelief.Test.dll" adapterTypeName="executor://xunit/VsTestRunner2/netcoreapp" className="ModelRelief.Test.Integration.Meshes.MeshesBaseIntegrationTests" name="Patch_InvalidPropertyNameReturnsBadRequest" /></UnitTest><UnitTest name="GetFile_FileCanBeRoundTripped" storage="d:\users\steve knipmeyer\documents\github\modelrelief\modelrelief.test\bin\debug\netcoreapp2.0\modelrelief.test.dll" id="8988d781-63b5-4b8e-82a6-ee13184552a2"><Execution id="af748f02-88b5-456c-978b-6ffc5a245b7c" /><TestMethod codeBase="D:\Users\Steve Knipmeyer\Documents\GitHub\ModelRelief\ModelRelief.test\bin\Debug\netcoreapp2.0\ModelRelief.Test.dll" adapterTypeName="executor://xunit/VsTestRunner2/netcoreapp" className="ModelRelief.Test.Integration.DepthBuffers.DepthBuffersFileIntegrationTests" name="GetFile_FileCanBeRoundTripped" /></UnitTest><UnitTest name="PutFile_NewFileCanBePut" storage="d:\users\steve knipmeyer\documents\github\modelrelief\modelrelief.test\bin\debug\netcoreapp2.0\modelrelief.test.dll" id="55d24b1f-a5f8-4d63-95bf-ca4407e9c1ce"><Execution id="adb49c03-eae6-466f-b32c-cd2a16d76df1" /><TestMethod codeBase="D:\Users\Steve Knipmeyer\Documents\GitHub\ModelRelief\ModelRelief.test\bin\Debug\netcoreapp2.0\ModelRelief.Test.dll" adapterTypeName="executor://xunit/VsTestRunner2/netcoreapp" className="ModelRelief.Test.Integration.Models.ModelsFileIntegrationTests" name="PutFile_NewFileCanBePut" /></UnitTest><UnitTest name="Post_InvalidReferencePropertyReturnsBadRequest" storage="d:\users\steve knipmeyer\documents\github\modelrelief\modelrelief.test\bin\debug\netcoreapp2.0\modelrelief.test.dll" id="122f7b29-2e0e-4d86-aaee-e9fd7844b1dc"><Execution id="cb4a577a-713f-4afe-91ae-3f54cc8a3640" /><TestMethod codeBase="D:\Users\Steve Knipmeyer\Documents\GitHub\ModelRelief\ModelRelief.test\bin\Debug\netcoreapp2.0\ModelRelief.Test.dll" adapterTypeName="executor://xunit/VsTestRunner2/netcoreapp" className="ModelRelief.Test.Integration.Cameras.CamerasBaseIntegrationTests" name="Post_InvalidReferencePropertyReturnsBadRequest" /></UnitTest><UnitTest name="Patch_InvalidPropertyNameReturnsBadRequest" storage="d:\users\steve knipmeyer\documents\github\modelrelief\modelrelief.test\bin\debug\netcoreapp2.0\modelrelief.test.dll" id="2b8724c7-f022-4ba5-8499-ad49ac50f8a1"><Execution id="bddafb1d-b299-4806-aed2-d2ed7475f12f" /><TestMethod codeBase="D:\Users\Steve Knipmeyer\Documents\GitHub\ModelRelief\ModelRelief.test\bin\Debug\netcoreapp2.0\ModelRelief.Test.dll" adapterTypeName="executor://xunit/VsTestRunner2/netcoreapp" className="ModelRelief.Test.Integration.Cameras.CamerasBaseIntegrationTests" name="Patch_InvalidPropertyNameReturnsBadRequest" /></UnitTest><UnitTest name="Patch_InvalidReferencePropertyReturnsBadRequest" storage="d:\users\steve knipmeyer\documents\github\modelrelief\modelrelief.test\bin\debug\netcoreapp2.0\modelrelief.test.dll" id="70a108ed-0f45-47e4-8649-88d1857025d8"><Execution id="9be84819-96bd-4e61-855d-8b4824a29ee6" /><TestMethod codeBase="D:\Users\Steve Knipmeyer\Documents\GitHub\ModelRelief\ModelRelief.test\bin\Debug\netcoreapp2.0\ModelRelief.Test.dll" adapterTypeName="executor://xunit/VsTestRunner2/netcoreapp" className="ModelRelief.Test.Integration.Meshes.MeshesBaseIntegrationTests" name="Patch_InvalidReferencePropertyReturnsBadRequest" /></UnitTest><UnitTest name="Post_InvalidReferencePropertyReturnsBadRequest" storage="d:\users\steve knipmeyer\documents\github\modelrelief\modelrelief.test\bin\debug\netcoreapp2.0\modelrelief.test.dll" id="bb6e2270-f3aa-4465-9b83-4eb8e1e76295"><Execution id="5463d5a0-e7af-441f-8bb7-60f1ab96649d" /><TestMethod codeBase="D:\Users\Steve Knipmeyer\Documents\GitHub\ModelRelief\ModelRelief.test\bin\Debug\netcoreapp2.0\ModelRelief.Test.dll" adapterTypeName="executor://xunit/VsTestRunner2/netcoreapp" className="ModelRelief.Test.Integration.MeshTransforms.MeshTransformsBaseIntegrationTests" name="Post_InvalidReferencePropertyReturnsBadRequest" /></UnitTest><UnitTest name="GetList_ListReturnsCorrectCount" storage="d:\users\steve knipmeyer\documents\github\modelrelief\modelrelief.test\bin\debug\netcoreapp2.0\modelrelief.test.dll" id="7ad0cb3d-a520-4a2d-a4ca-4781eb01e3f5"><Execution id="11664213-0aba-41c7-abf9-36e0a95fcde1" /><TestMethod codeBase="D:\Users\Steve Knipmeyer\Documents\GitHub\ModelRelief\ModelRelief.test\bin\Debug\netcoreapp2.0\ModelRelief.Test.dll" adapterTypeName="executor://xunit/VsTestRunner2/netcoreapp" className="ModelRelief.Test.Integration.MeshTransforms.MeshTransformsBaseIntegrationTests" name="GetList_ListReturnsCorrectCount" /></UnitTest><UnitTest name="Put_CanUpdateModel" storage="d:\users\steve knipmeyer\documents\github\modelrelief\modelrelief.test\bin\debug\netcoreapp2.0\modelrelief.test.dll" id="fd375538-1d32-4815-afc3-5841a6d98efd"><Execution id="f9149c0a-ae86-418a-bec7-5c165f068d4a" /><TestMethod codeBase="D:\Users\Steve Knipmeyer\Documents\GitHub\ModelRelief\ModelRelief.test\bin\Debug\netcoreapp2.0\ModelRelief.Test.dll" adapterTypeName="executor://xunit/VsTestRunner2/netcoreapp" className="ModelRelief.Test.Integration.MeshTransforms.MeshTransformsBaseIntegrationTests" name="Put_CanUpdateModel" /></UnitTest><UnitTest name="Patch_InvalidIdPropertyReturnsNotFound" storage="d:\users\steve knipmeyer\documents\github\modelrelief\modelrelief.test\bin\debug\netcoreapp2.0\modelrelief.test.dll" id="8e2aeafb-5c29-47c6-8e0b-8810e4523a02"><Execution id="5540abdd-c9fd-4a2d-8682-d54f96a9457c" /><TestMethod codeBase="D:\Users\Steve Knipmeyer\Documents\GitHub\ModelRelief\ModelRelief.test\bin\Debug\netcoreapp2.0\ModelRelief.Test.dll" adapterTypeName="executor://xunit/VsTestRunner2/netcoreapp" className="ModelRelief.Test.Integration.DepthBuffers.DepthBuffersBaseIntegrationTests" name="Patch_InvalidIdPropertyReturnsNotFound" /></UnitTest><UnitTest name="Post_ValidReferencePropertyCreatesModel" storage="d:\users\steve knipmeyer\documents\github\modelrelief\modelrelief.test\bin\debug\netcoreapp2.0\modelrelief.test.dll" id="ec3a91a9-7412-4686-86c5-3cf2075107c2"><Execution id="7e8c19ae-fb5b-44ff-bebe-ad64458d4185" /><TestMethod codeBase="D:\Users\Steve Knipmeyer\Documents\GitHub\ModelRelief\ModelRelief.test\bin\Debug\netcoreapp2.0\ModelRelief.Test.dll" adapterTypeName="executor://xunit/VsTestRunner2/netcoreapp" className="ModelRelief.Test.Integration.Models.ModelsBaseIntegrationTests" name="Post_ValidReferencePropertyCreatesModel" /></UnitTest><UnitTest name="Post_CanCreateNewModel" storage="d:\users\steve knipmeyer\documents\github\modelrelief\modelrelief.test\bin\debug\netcoreapp2.0\modelrelief.test.dll" id="21ab895d-172b-42d6-898d-05419f40c982"><Execution id="d62df8b3-c0c9-4d06-8931-025db0b623d0" /><TestMethod codeBase="D:\Users\Steve Knipmeyer\Documents\GitHub\ModelRelief\ModelRelief.test\bin\Debug\netcoreapp2.0\ModelRelief.Test.dll" adapterTypeName="executor://xunit/VsTestRunner2/netcoreapp" className="ModelRelief.Test.Integration.Cameras.CamerasBaseIntegrationTests" name="Post_CanCreateNewModel" /></UnitTest><UnitTest name="Put_InvalidReferencePropertyReturndBadRequest" storage="d:\users\steve knipmeyer\documents\github\modelrelief\modelrelief.test\bin\debug\netcoreapp2.0\modelrelief.test.dll" id="ea20a821-ff41-4a1f-aa8e-47af98bea7b8"><Execution id="4c19a1b5-7272-46d4-8086-eb6239735148" /><TestMethod codeBase="D:\Users\Steve Knipmeyer\Documents\GitHub\ModelRelief\ModelRelief.test\bin\Debug\netcoreapp2.0\ModelRelief.Test.dll" adapterTypeName="executor://xunit/VsTestRunner2/netcoreapp" className="ModelRelief.Test.Integration.Cameras.CamerasBaseIntegrationTests" name="Put_InvalidReferencePropertyReturndBadRequest" /></UnitTest><UnitTest name="LucyCameraFindsAllDependents" storage="d:\users\steve knipmeyer\documents\github\modelrelief\modelrelief.test\bin\debug\netcoreapp2.0\modelrelief.test.dll" id="5891bcdf-b148-45da-a145-e82487dc6533"><Execution id="1f8239f7-4002-40a3-9fed-ad2702987243" /><TestMethod codeBase="D:\Users\Steve Knipmeyer\Documents\GitHub\ModelRelief\ModelRelief.test\bin\Debug\netcoreapp2.0\ModelRelief.Test.dll" adapterTypeName="executor://xunit/VsTestRunner2/netcoreapp" className="ModelRelief.Test.Unit.DependencyManager.DependencyManagerTests" name="LucyCameraFindsAllDependents" /></UnitTest><UnitTest name="Put_InvalidReferencePropertyReturndBadRequest" storage="d:\users\steve knipmeyer\documents\github\modelrelief\modelrelief.test\bin\debug\netcoreapp2.0\modelrelief.test.dll" id="64c5dc32-bba1-4fde-9a4e-8fb9f56d75b2"><Execution id="3702da79-b2d4-4905-b100-77e26ca4e1f2" /><TestMethod codeBase="D:\Users\Steve Knipmeyer\Documents\GitHub\ModelRelief\ModelRelief.test\bin\Debug\netcoreapp2.0\ModelRelief.Test.dll" adapterTypeName="executor://xunit/VsTestRunner2/netcoreapp" className="ModelRelief.Test.Integration.MeshTransforms.MeshTransformsBaseIntegrationTests" name="Put_InvalidReferencePropertyReturndBadRequest" /></UnitTest><UnitTest name="Put_InvalidIdReturnsNotFound" storage="d:\users\steve knipmeyer\documents\github\modelrelief\modelrelief.test\bin\debug\netcoreapp2.0\modelrelief.test.dll" id="6c726f7e-e7ed-45b8-94ce-941c4f1676c1"><Execution id="4c07445c-8324-4aca-8727-6daa00980c20" /><TestMethod codeBase="D:\Users\Steve Knipmeyer\Documents\GitHub\ModelRelief\ModelRelief.test\bin\Debug\netcoreapp2.0\ModelRelief.Test.dll" adapterTypeName="executor://xunit/VsTestRunner2/netcoreapp" className="ModelRelief.Test.Integration.Meshes.MeshesBaseIntegrationTests" name="Put_InvalidIdReturnsNotFound" /></UnitTest><UnitTest name="GetList_ListReturnsCorrectCount" storage="d:\users\steve knipmeyer\documents\github\modelrelief\modelrelief.test\bin\debug\netcoreapp2.0\modelrelief.test.dll" id="4f2945b9-6277-433e-8e84-147b0200839f"><Execution id="391d76f0-2af9-47fd-8051-da60c0d8acba" /><TestMethod codeBase="D:\Users\Steve Knipmeyer\Documents\GitHub\ModelRelief\ModelRelief.test\bin\Debug\netcoreapp2.0\ModelRelief.Test.dll" adapterTypeName="executor://xunit/VsTestRunner2/netcoreapp" className="ModelRelief.Test.Integration.Cameras.CamerasBaseIntegrationTests" name="GetList_ListReturnsCorrectCount" /></UnitTest><UnitTest name="PostFile_NewFileCanBePosted" storage="d:\users\steve knipmeyer\documents\github\modelrelief\modelrelief.test\bin\debug\netcoreapp2.0\modelrelief.test.dll" id="ca063053-7863-41d4-bd38-0d47cc3d392b"><Execution id="bf330b70-bfa6-47ca-abd9-d5155e52cf51" /><TestMethod codeBase="D:\Users\Steve Knipmeyer\Documents\GitHub\ModelRelief\ModelRelief.test\bin\Debug\netcoreapp2.0\ModelRelief.Test.dll" adapterTypeName="executor://xunit/VsTestRunner2/netcoreapp" className="ModelRelief.Test.Integration.Meshes.MeshesFileIntegrationTests" name="PostFile_NewFileCanBePosted" /></UnitTest><UnitTest name="Patch_ValidReferencePropertyUpdatesModel" storage="d:\users\steve knipmeyer\documents\github\modelrelief\modelrelief.test\bin\debug\netcoreapp2.0\modelrelief.test.dll" id="4438ba15-b782-4634-b2b0-395e53e35ed8"><Execution id="b91dd318-0890-46ed-8caa-b498cd922b45" /><TestMethod codeBase="D:\Users\Steve Knipmeyer\Documents\GitHub\ModelRelief\ModelRelief.test\bin\Debug\netcoreapp2.0\ModelRelief.Test.dll" adapterTypeName="executor://xunit/VsTestRunner2/netcoreapp" className="ModelRelief.Test.Integration.Cameras.CamerasBaseIntegrationTests" name="Patch_ValidReferencePropertyUpdatesModel" /></UnitTest><UnitTest name="Put_ValidReferencePropertyUpdatesModel" storage="d:\users\steve knipmeyer\documents\github\modelrelief\modelrelief.test\bin\debug\netcoreapp2.0\modelrelief.test.dll" id="f5a5bb04-ddb1-4368-9c8f-88c394823afe"><Execution id="3a6cb983-328d-4c4f-8c17-6ec91d0d4c75" /><TestMethod codeBase="D:\Users\Steve Knipmeyer\Documents\GitHub\ModelRelief\ModelRelief.test\bin\Debug\netcoreapp2.0\ModelRelief.Test.dll" adapterTypeName="executor://xunit/VsTestRunner2/netcoreapp" className="ModelRelief.Test.Integration.Meshes.MeshesBaseIntegrationTests" name="Put_ValidReferencePropertyUpdatesModel" /></UnitTest><UnitTest name="Post_ValidReferencePropertyCreatesModel" storage="d:\users\steve knipmeyer\documents\github\modelrelief\modelrelief.test\bin\debug\netcoreapp2.0\modelrelief.test.dll" id="6b61642d-89a3-4257-b607-994cb3e2f8c8"><Execution id="6feb0b95-b7b7-466e-8a32-16fc940bd806" /><TestMethod codeBase="D:\Users\Steve Knipmeyer\Documents\GitHub\ModelRelief\ModelRelief.test\bin\Debug\netcoreapp2.0\ModelRelief.Test.dll" adapterTypeName="executor://xunit/VsTestRunner2/netcoreapp" className="ModelRelief.Test.Integration.Projects.ProjectsBaseIntegrationTests" name="Post_ValidReferencePropertyCreatesModel" /></UnitTest><UnitTest name="Patch_InvalidEnumPropertyValueReturnsBadRequest" storage="d:\users\steve knipmeyer\documents\github\modelrelief\modelrelief.test\bin\debug\netcoreapp2.0\modelrelief.test.dll" id="7e8f8b69-80e3-4dab-a95f-a25df3e5b2c8"><Execution id="17a7ba65-c801-43fa-8e13-95a6f37f5f0d" /><TestMethod codeBase="D:\Users\Steve Knipmeyer\Documents\GitHub\ModelRelief\ModelRelief.test\bin\Debug\netcoreapp2.0\ModelRelief.Test.dll" adapterTypeName="executor://xunit/VsTestRunner2/netcoreapp" className="ModelRelief.Test.Integration.MeshTransforms.MeshTransformsBaseIntegrationTests" name="Patch_InvalidEnumPropertyValueReturnsBadRequest" /></UnitTest><UnitTest name="GetSingle_InvalidIdPropertyValueReturnsNotFound" storage="d:\users\steve knipmeyer\documents\github\modelrelief\modelrelief.test\bin\debug\netcoreapp2.0\modelrelief.test.dll" id="4d356237-bfda-403a-903b-f69f47e797b2"><Execution id="c21a4223-6e9d-4298-8b59-73c65ed90bcd" /><TestMethod codeBase="D:\Users\Steve Knipmeyer\Documents\GitHub\ModelRelief\ModelRelief.test\bin\Debug\netcoreapp2.0\ModelRelief.Test.dll" adapterTypeName="executor://xunit/VsTestRunner2/netcoreapp" className="ModelRelief.Test.Integration.Meshes.MeshesBaseIntegrationTests" name="GetSingle_InvalidIdPropertyValueReturnsNotFound" /></UnitTest><UnitTest name="Delete_TargetModelIsDeleted" storage="d:\users\steve knipmeyer\documents\github\modelrelief\modelrelief.test\bin\debug\netcoreapp2.0\modelrelief.test.dll" id="3e2662af-55cd-4205-ab38-d1fe3eb8425d"><Execution id="b29a1fcb-0081-491d-8757-72d3786ebacd" /><TestMethod codeBase="D:\Users\Steve Knipmeyer\Documents\GitHub\ModelRelief\ModelRelief.test\bin\Debug\netcoreapp2.0\ModelRelief.Test.dll" adapterTypeName="executor://xunit/VsTestRunner2/netcoreapp" className="ModelRelief.Test.Integration.MeshTransforms.MeshTransformsBaseIntegrationTests" name="Delete_TargetModelIsDeleted" /></UnitTest><UnitTest name="GetSingle_InvalidIdPropertyValueReturnsNotFound" storage="d:\users\steve knipmeyer\documents\github\modelrelief\modelrelief.test\bin\debug\netcoreapp2.0\modelrelief.test.dll" id="4f2a5515-2cd4-4c7b-b141-c5ab7d673c59"><Execution id="407036f0-ba69-488b-a1cf-d2e1085cbf15" /><TestMethod codeBase="D:\Users\Steve Knipmeyer\Documents\GitHub\ModelRelief\ModelRelief.test\bin\Debug\netcoreapp2.0\ModelRelief.Test.dll" adapterTypeName="executor://xunit/VsTestRunner2/netcoreapp" className="ModelRelief.Test.Integration.Models.ModelsBaseIntegrationTests" name="GetSingle_InvalidIdPropertyValueReturnsNotFound" /></UnitTest><UnitTest name="Put_ValidReferencePropertyUpdatesModel" storage="d:\users\steve knipmeyer\documents\github\modelrelief\modelrelief.test\bin\debug\netcoreapp2.0\modelrelief.test.dll" id="d4338d95-8cda-4b86-b6fc-cf2443f5445b"><Execution id="8cce975d-ae0c-41de-8898-092a7325dca0" /><TestMethod codeBase="D:\Users\Steve Knipmeyer\Documents\GitHub\ModelRelief\ModelRelief.test\bin\Debug\netcoreapp2.0\ModelRelief.Test.dll" adapterTypeName="executor://xunit/VsTestRunner2/netcoreapp" className="ModelRelief.Test.Integration.Cameras.CamerasBaseIntegrationTests" name="Put_ValidReferencePropertyUpdatesModel" /></UnitTest><UnitTest name="Patch_InvalidEnumPropertyValueReturnsBadRequest" storage="d:\users\steve knipmeyer\documents\github\modelrelief\modelrelief.test\bin\debug\netcoreapp2.0\modelrelief.test.dll" id="11ac37e4-7de5-4b27-b0fa-ea8033aa8c2d"><Execution id="03717fa0-14f5-4bc7-a024-7e67ccd93650" /><TestMethod codeBase="D:\Users\Steve Knipmeyer\Documents\GitHub\ModelRelief\ModelRelief.test\bin\Debug\netcoreapp2.0\ModelRelief.Test.dll" adapterTypeName="executor://xunit/VsTestRunner2/netcoreapp" className="ModelRelief.Test.Integration.Cameras.CamerasBaseIntegrationTests" name="Patch_InvalidEnumPropertyValueReturnsBadRequest" /></UnitTest><UnitTest name="Put_InvalidIdReturnsNotFound" storage="d:\users\steve knipmeyer\documents\github\modelrelief\modelrelief.test\bin\debug\netcoreapp2.0\modelrelief.test.dll" id="1f272b2b-4f80-4c0d-9970-2404f7ac718e"><Execution id="827aee68-8042-459f-8ace-ce015df39c13" /><TestMethod codeBase="D:\Users\Steve Knipmeyer\Documents\GitHub\ModelRelief\ModelRelief.test\bin\Debug\netcoreapp2.0\ModelRelief.Test.dll" adapterTypeName="executor://xunit/VsTestRunner2/netcoreapp" className="ModelRelief.Test.Integration.MeshTransforms.MeshTransformsBaseIntegrationTests" name="Put_InvalidIdReturnsNotFound" /></UnitTest><UnitTest name="Post_CanCreateNewModel" storage="d:\users\steve knipmeyer\documents\github\modelrelief\modelrelief.test\bin\debug\netcoreapp2.0\modelrelief.test.dll" id="56cad96e-9124-451f-b1fa-2cc9dad59384"><Execution id="bdc7404f-3002-45b0-adab-f179220661c6" /><TestMethod codeBase="D:\Users\Steve Knipmeyer\Documents\GitHub\ModelRelief\ModelRelief.test\bin\Debug\netcoreapp2.0\ModelRelief.Test.dll" adapterTypeName="executor://xunit/VsTestRunner2/netcoreapp" className="ModelRelief.Test.Integration.DepthBuffers.DepthBuffersBaseIntegrationTests" name="Post_CanCreateNewModel" /></UnitTest><UnitTest name="PutFile_FileCanBeUpdated" storage="d:\users\steve knipmeyer\documents\github\modelrelief\modelrelief.test\bin\debug\netcoreapp2.0\modelrelief.test.dll" id="e1062591-fccf-46fa-9e50-481d26cd6097"><Execution id="fc1e32bf-d2a6-4913-83dc-32958dea02d2" /><TestMethod codeBase="D:\Users\Steve Knipmeyer\Documents\GitHub\ModelRelief\ModelRelief.test\bin\Debug\netcoreapp2.0\ModelRelief.Test.dll" adapterTypeName="executor://xunit/VsTestRunner2/netcoreapp" className="ModelRelief.Test.Integration.Meshes.MeshesFileIntegrationTests" name="PutFile_FileCanBeUpdated" /></UnitTest><UnitTest name="Patch_InvalidIdPropertyReturnsNotFound" storage="d:\users\steve knipmeyer\documents\github\modelrelief\modelrelief.test\bin\debug\netcoreapp2.0\modelrelief.test.dll" id="a45cb9ec-3bbf-4413-9070-453cf0902e35"><Execution id="1660af9b-a70d-44eb-a8b3-ef7adbe21031" /><TestMethod codeBase="D:\Users\Steve Knipmeyer\Documents\GitHub\ModelRelief\ModelRelief.test\bin\Debug\netcoreapp2.0\ModelRelief.Test.dll" adapterTypeName="executor://xunit/VsTestRunner2/netcoreapp" className="ModelRelief.Test.Integration.Cameras.CamerasBaseIntegrationTests" name="Patch_InvalidIdPropertyReturnsNotFound" /></UnitTest><UnitTest name="GetSingle_ValidIdPropertyValueReturnsCorrectModel" storage="d:\users\steve knipmeyer\documents\github\modelrelief\modelrelief.test\bin\debug\netcoreapp2.0\modelrelief.test.dll" id="de4897e9-4d46-4e2e-a308-065b80cce67b"><Execution id="2f7da0d7-b98b-4e11-b224-5b5b7fe0ef20" /><TestMethod codeBase="D:\Users\Steve Knipmeyer\Documents\GitHub\ModelRelief\ModelRelief.test\bin\Debug\netcoreapp2.0\ModelRelief.Test.dll" adapterTypeName="executor://xunit/VsTestRunner2/netcoreapp" className="ModelRelief.Test.Integration.Meshes.MeshesBaseIntegrationTests" name="GetSingle_ValidIdPropertyValueReturnsCorrectModel" /></UnitTest><UnitTest name="PostFile_FileIsSynchronizedIsUpdatedAfterFileIsPosted" storage="d:\users\steve knipmeyer\documents\github\modelrelief\modelrelief.test\bin\debug\netcoreapp2.0\modelrelief.test.dll" id="abaadc26-d5ff-47bd-8fb7-ac25bed97d5e"><Execution id="18447e69-cb30-465e-93b3-3f16b787add0" /><TestMethod codeBase="D:\Users\Steve Knipmeyer\Documents\GitHub\ModelRelief\ModelRelief.test\bin\Debug\netcoreapp2.0\ModelRelief.Test.dll" adapterTypeName="executor://xunit/VsTestRunner2/netcoreapp" className="ModelRelief.Test.Integration.DepthBuffers.DepthBuffersFileIntegrationTests" name="PostFile_FileIsSynchronizedIsUpdatedAfterFileIsPosted" /></UnitTest><UnitTest name="GetSingle_ValidIdPropertyValueReturnsCorrectModel" storage="d:\users\steve knipmeyer\documents\github\modelrelief\modelrelief.test\bin\debug\netcoreapp2.0\modelrelief.test.dll" id="54b48dfa-c22d-45fb-b678-1926258b637b"><Execution id="50ab550e-ab82-4885-8b72-2c1d475d352b" /><TestMethod codeBase="D:\Users\Steve Knipmeyer\Documents\GitHub\ModelRelief\ModelRelief.test\bin\Debug\netcoreapp2.0\ModelRelief.Test.dll" adapterTypeName="executor://xunit/VsTestRunner2/netcoreapp" className="ModelRelief.Test.Integration.Cameras.CamerasBaseIntegrationTests" name="GetSingle_ValidIdPropertyValueReturnsCorrectModel" /></UnitTest><UnitTest name="Put_ValidReferencePropertyUpdatesModel" storage="d:\users\steve knipmeyer\documents\github\modelrelief\modelrelief.test\bin\debug\netcoreapp2.0\modelrelief.test.dll" id="3b166674-bdae-4462-b8f6-39faeeefaf5e"><Execution id="89f1eb7a-4152-471b-85a0-d4dcada243e9" /><TestMethod codeBase="D:\Users\Steve Knipmeyer\Documents\GitHub\ModelRelief\ModelRelief.test\bin\Debug\netcoreapp2.0\ModelRelief.Test.dll" adapterTypeName="executor://xunit/VsTestRunner2/netcoreapp" className="ModelRelief.Test.Integration.Models.ModelsBaseIntegrationTests" name="Put_ValidReferencePropertyUpdatesModel" /></UnitTest><UnitTest name="Delete_TargetModelIsDeleted" storage="d:\users\steve knipmeyer\documents\github\modelrelief\modelrelief.test\bin\debug\netcoreapp2.0\modelrelief.test.dll" id="1fec7432-4a71-410b-9057-ae547435f810"><Execution id="86570b7a-9b9f-476a-a0f7-ce8725e4f796" /><TestMethod codeBase="D:\Users\Steve Knipmeyer\Documents\GitHub\ModelRelief\ModelRelief.test\bin\Debug\netcoreapp2.0\ModelRelief.Test.dll" adapterTypeName="executor://xunit/VsTestRunner2/netcoreapp" className="ModelRelief.Test.Integration.Cameras.CamerasBaseIntegrationTests" name="Delete_TargetModelIsDeleted" /></UnitTest><UnitTest name="Patch_MultipleInvalidReferencePropertiesReturnsMultipleValidationErrorsAndBadRequest" storage="d:\users\steve knipmeyer\documents\github\modelrelief\modelrelief.test\bin\debug\netcoreapp2.0\modelrelief.test.dll" id="ba181074-18d5-4e48-9d13-e329b78af1a0"><Execution id="65d21291-abf9-476b-8975-ef54c89361e9" /><TestMethod codeBase="D:\Users\Steve Knipmeyer\Documents\GitHub\ModelRelief\ModelRelief.test\bin\Debug\netcoreapp2.0\ModelRelief.Test.dll" adapterTypeName="executor://xunit/VsTestRunner2/netcoreapp" className="ModelRelief.Test.Integration.Projects.ProjectsBaseIntegrationTests" name="Patch_MultipleInvalidReferencePropertiesReturnsMultipleValidationErrorsAndBadRequest" /></UnitTest><UnitTest name="PostFile_FileTimeStampIsUpdatedAfterFileIsPosted" storage="d:\users\steve knipmeyer\documents\github\modelrelief\modelrelief.test\bin\debug\netcoreapp2.0\modelrelief.test.dll" id="77f6845e-565b-4940-903f-987237b56820"><Execution id="d8d02252-f997-42fe-8702-f9cc9ca58b24" /><TestMethod codeBase="D:\Users\Steve Knipmeyer\Documents\GitHub\ModelRelief\ModelRelief.test\bin\Debug\netcoreapp2.0\ModelRelief.Test.dll" adapterTypeName="executor://xunit/VsTestRunner2/netcoreapp" className="ModelRelief.Test.Integration.Models.ModelsFileIntegrationTests" name="PostFile_FileTimeStampIsUpdatedAfterFileIsPosted" /></UnitTest><UnitTest name="FileRequest_MeshGenerateSetsFileIsSynchronized" storage="d:\users\steve knipmeyer\documents\github\modelrelief\modelrelief.test\bin\debug\netcoreapp2.0\modelrelief.test.dll" id="90a5563e-3c01-40a8-adc5-807dd32732d9"><Execution id="e93494ff-87ad-4a4b-a7d4-581103dc69e5" /><TestMethod codeBase="D:\Users\Steve Knipmeyer\Documents\GitHub\ModelRelief\ModelRelief.test\bin\Debug\netcoreapp2.0\ModelRelief.Test.dll" adapterTypeName="executor://xunit/VsTestRunner2/netcoreapp" className="ModelRelief.Test.Integration.Meshes.MeshesFileIntegrationTests" name="FileRequest_MeshGenerateSetsFileIsSynchronized" /></UnitTest><UnitTest name="Patch_InvalidPropertyNameReturnsBadRequest" storage="d:\users\steve knipmeyer\documents\github\modelrelief\modelrelief.test\bin\debug\netcoreapp2.0\modelrelief.test.dll" id="78bc51a6-6728-4383-8332-97092ab07e17"><Execution id="91c11d6d-d38b-4346-8cfc-0233354e89f6" /><TestMethod codeBase="D:\Users\Steve Knipmeyer\Documents\GitHub\ModelRelief\ModelRelief.test\bin\Debug\netcoreapp2.0\ModelRelief.Test.dll" adapterTypeName="executor://xunit/VsTestRunner2/netcoreapp" className="ModelRelief.Test.Integration.DepthBuffers.DepthBuffersBaseIntegrationTests" name="Patch_InvalidPropertyNameReturnsBadRequest" /></UnitTest><UnitTest name="Put_InvalidReferencePropertyReturndBadRequest" storage="d:\users\steve knipmeyer\documents\github\modelrelief\modelrelief.test\bin\debug\netcoreapp2.0\modelrelief.test.dll" id="faa8c49a-b8e6-4d4e-b06b-6d9b24341539"><Execution id="628dbe79-0580-4032-bdd0-0503e2fa25d6" /><TestMethod codeBase="D:\Users\Steve Knipmeyer\Documents\GitHub\ModelRelief\ModelRelief.test\bin\Debug\netcoreapp2.0\ModelRelief.Test.dll" adapterTypeName="executor://xunit/VsTestRunner2/netcoreapp" className="ModelRelief.Test.Integration.DepthBuffers.DepthBuffersBaseIntegrationTests" name="Put_InvalidReferencePropertyReturndBadRequest" /></UnitTest><UnitTest name="Patch_TargetPropertyIsUpdated" storage="d:\users\steve knipmeyer\documents\github\modelrelief\modelrelief.test\bin\debug\netcoreapp2.0\modelrelief.test.dll" id="d97b422c-4abb-4a94-ba0a-d43bfca50bd3"><Execution id="1879cc60-5a70-42e1-a2a3-80e7c661ade0" /><TestMethod codeBase="D:\Users\Steve Knipmeyer\Documents\GitHub\ModelRelief\ModelRelief.test\bin\Debug\netcoreapp2.0\ModelRelief.Test.dll" adapterTypeName="executor://xunit/VsTestRunner2/netcoreapp" className="ModelRelief.Test.Integration.Meshes.MeshesBaseIntegrationTests" name="Patch_TargetPropertyIsUpdated" /></UnitTest><UnitTest name="GetList_ListReturnsCorrectCount" storage="d:\users\steve knipmeyer\documents\github\modelrelief\modelrelief.test\bin\debug\netcoreapp2.0\modelrelief.test.dll" id="85d44e42-7651-44ee-8961-d9667a92940e"><Execution id="94ac7c02-6013-4674-8630-2d0a5773d55d" /><TestMethod codeBase="D:\Users\Steve Knipmeyer\Documents\GitHub\ModelRelief\ModelRelief.test\bin\Debug\netcoreapp2.0\ModelRelief.Test.dll" adapterTypeName="executor://xunit/VsTestRunner2/netcoreapp" className="ModelRelief.Test.Integration.Meshes.MeshesBaseIntegrationTests" name="GetList_ListReturnsCorrectCount" /></UnitTest><UnitTest name="PostFile_FileTimeStampIsUpdatedAfterFileIsPosted" storage="d:\users\steve knipmeyer\documents\github\modelrelief\modelrelief.test\bin\debug\netcoreapp2.0\modelrelief.test.dll" id="cf823c60-2491-4f62-b547-68f461cc4ea0"><Execution id="3bbb2c0e-c950-45ee-8f71-9a7b4d7d2b29" /><TestMethod codeBase="D:\Users\Steve Knipmeyer\Documents\GitHub\ModelRelief\ModelRelief.test\bin\Debug\netcoreapp2.0\ModelRelief.Test.dll" adapterTypeName="executor://xunit/VsTestRunner2/netcoreapp" className="ModelRelief.Test.Integration.Meshes.MeshesFileIntegrationTests" name="PostFile_FileTimeStampIsUpdatedAfterFileIsPosted" /></UnitTest><UnitTest name="FileRequest_DepthBufferIsInvalidatedAfterCameraDependencyPropertyChange" storage="d:\users\steve knipmeyer\documents\github\modelrelief\modelrelief.test\bin\debug\netcoreapp2.0\modelrelief.test.dll" id="c96a95c4-f231-4f1f-a295-a52739e8d358"><Execution id="b2b285ae-9f3f-41ca-9cd9-22a1b3f22e01" /><TestMethod codeBase="D:\Users\Steve Knipmeyer\Documents\GitHub\ModelRelief\ModelRelief.test\bin\Debug\netcoreapp2.0\ModelRelief.Test.dll" adapterTypeName="executor://xunit/VsTestRunner2/netcoreapp" className="ModelRelief.Test.Integration.DepthBuffers.DepthBuffersFileIntegrationTests" name="FileRequest_DepthBufferIsInvalidatedAfterCameraDependencyPropertyChange" /></UnitTest><UnitTest name="Post_InvalidReferencePropertyReturnsBadRequest" storage="d:\users\steve knipmeyer\documents\github\modelrelief\modelrelief.test\bin\debug\netcoreapp2.0\modelrelief.test.dll" id="9c05da73-1c53-413e-8390-f5f9c7c94268"><Execution id="68631f24-3ce2-4b75-9761-a46398e40c62" /><TestMethod codeBase="D:\Users\Steve Knipmeyer\Documents\GitHub\ModelRelief\ModelRelief.test\bin\Debug\netcoreapp2.0\ModelRelief.Test.dll" adapterTypeName="executor://xunit/VsTestRunner2/netcoreapp" className="ModelRelief.Test.Integration.DepthBuffers.DepthBuffersBaseIntegrationTests" name="Post_InvalidReferencePropertyReturnsBadRequest" /></UnitTest><UnitTest name="Patch_InvalidPropertyNameReturnsBadRequest" storage="d:\users\steve knipmeyer\documents\github\modelrelief\modelrelief.test\bin\debug\netcoreapp2.0\modelrelief.test.dll" id="c91b31af-99e5-4ddc-8cf9-b283e933acfb"><Execution id="e774a6d8-d8d9-418f-8cd6-9f2bf4a5a324" /><TestMethod codeBase="D:\Users\Steve Knipmeyer\Documents\GitHub\ModelRelief\ModelRelief.test\bin\Debug\netcoreapp2.0\ModelRelief.Test.dll" adapterTypeName="executor://xunit/VsTestRunner2/netcoreapp" className="ModelRelief.Test.Integration.Projects.ProjectsBaseIntegrationTests" name="Patch_InvalidPropertyNameReturnsBadRequest" /></UnitTest><UnitTest name="GetSingle_ValidIdPropertyValueReturnsCorrectModel" storage="d:\users\steve knipmeyer\documents\github\modelrelief\modelrelief.test\bin\debug\netcoreapp2.0\modelrelief.test.dll" id="6ff8d735-4719-4791-91c1-7d0d8a2373ab"><Execution id="9f642c81-7218-490b-8bc6-d9322612c1d0" /><TestMethod codeBase="D:\Users\Steve Knipmeyer\Documents\GitHub\ModelRelief\ModelRelief.test\bin\Debug\netcoreapp2.0\ModelRelief.Test.dll" adapterTypeName="executor://xunit/VsTestRunner2/netcoreapp" className="ModelRelief.Test.Integration.Projects.ProjectsBaseIntegrationTests" name="GetSingle_ValidIdPropertyValueReturnsCorrectModel" /></UnitTest><UnitTest name="Post_InvalidPropertyValueReturnsBadRequest" storage="d:\users\steve knipmeyer\documents\github\modelrelief\modelrelief.test\bin\debug\netcoreapp2.0\modelrelief.test.dll" id="295a0119-d37f-4995-adaa-3df21934a474"><Execution id="4ac79c32-4196-4577-9ebe-51326eb8ac54" /><TestMethod codeBase="D:\Users\Steve Knipmeyer\Documents\GitHub\ModelRelief\ModelRelief.test\bin\Debug\netcoreapp2.0\ModelRelief.Test.dll" adapterTypeName="executor://xunit/VsTestRunner2/netcoreapp" className="ModelRelief.Test.Integration.Meshes.MeshesBaseIntegrationTests" name="Post_InvalidPropertyValueReturnsBadRequest" /></UnitTest><UnitTest name="Put_InvalidIdReturnsNotFound" storage="d:\users\steve knipmeyer\documents\github\modelrelief\modelrelief.test\bin\debug\netcoreapp2.0\modelrelief.test.dll" id="916eb17b-a1a8-4a89-b9ef-fa06c9bd5b84"><Execution id="65c4445f-b0d8-497a-be4c-8acfcbf69689" /><TestMethod codeBase="D:\Users\Steve Knipmeyer\Documents\GitHub\ModelRelief\ModelRelief.test\bin\Debug\netcoreapp2.0\ModelRelief.Test.dll" adapterTypeName="executor://xunit/VsTestRunner2/netcoreapp" className="ModelRelief.Test.Integration.DepthBuffers.DepthBuffersBaseIntegrationTests" name="Put_InvalidIdReturnsNotFound" /></UnitTest><UnitTest name="Patch_InvalidPropertyNameReturnsBadRequest" storage="d:\users\steve knipmeyer\documents\github\modelrelief\modelrelief.test\bin\debug\netcoreapp2.0\modelrelief.test.dll" id="cf2ef376-d54a-4474-9de1-afc1d69bf1b6"><Execution id="7853e63e-fcfd-45b9-8592-c265ea2aef98" /><TestMethod codeBase="D:\Users\Steve Knipmeyer\Documents\GitHub\ModelRelief\ModelRelief.test\bin\Debug\netcoreapp2.0\ModelRelief.Test.dll" adapterTypeName="executor://xunit/VsTestRunner2/netcoreapp" className="ModelRelief.Test.Integration.MeshTransforms.MeshTransformsBaseIntegrationTests" name="Patch_InvalidPropertyNameReturnsBadRequest" /></UnitTest><UnitTest name="MeshTransformHasExpectedDependentFiles" storage="d:\users\steve knipmeyer\documents\github\modelrelief\modelrelief.test\bin\debug\netcoreapp2.0\modelrelief.test.dll" id="dd49854c-49b0-4628-9b44-d1b7af6a5503"><Execution id="3318837e-754d-4dea-bf9e-5caaa59e6afc" /><TestMethod codeBase="D:\Users\Steve Knipmeyer\Documents\GitHub\ModelRelief\ModelRelief.test\bin\Debug\netcoreapp2.0\ModelRelief.Test.dll" adapterTypeName="executor://xunit/VsTestRunner2/netcoreapp" className="ModelRelief.Test.Unit.DependencyManager.DependencyManagerTests" name="MeshTransformHasExpectedDependentFiles" /></UnitTest><UnitTest name="GetSingle_InvalidIdPropertyValueReturnsNotFound" storage="d:\users\steve knipmeyer\documents\github\modelrelief\modelrelief.test\bin\debug\netcoreapp2.0\modelrelief.test.dll" id="8deb5e57-fefc-40aa-ad03-76d67b72c445"><Execution id="4be76b10-97f0-4528-9e39-c3681822dd27" /><TestMethod codeBase="D:\Users\Steve Knipmeyer\Documents\GitHub\ModelRelief\ModelRelief.test\bin\Debug\netcoreapp2.0\ModelRelief.Test.dll" adapterTypeName="executor://xunit/VsTestRunner2/netcoreapp" className="ModelRelief.Test.Integration.MeshTransforms.MeshTransformsBaseIntegrationTests" name="GetSingle_InvalidIdPropertyValueReturnsNotFound" /></UnitTest><UnitTest name="PutFile_NewFileCanBePut" storage="d:\users\steve knipmeyer\documents\github\modelrelief\modelrelief.test\bin\debug\netcoreapp2.0\modelrelief.test.dll" id="8b2f1ec8-de2c-4040-b9bd-c437b1e1db93"><Execution id="e3cd15a0-b480-43d5-8d25-ec0af7ebb4b9" /><TestMethod codeBase="D:\Users\Steve Knipmeyer\Documents\GitHub\ModelRelief\ModelRelief.test\bin\Debug\netcoreapp2.0\ModelRelief.Test.dll" adapterTypeName="executor://xunit/VsTestRunner2/netcoreapp" className="ModelRelief.Test.Integration.DepthBuffers.DepthBuffersFileIntegrationTests" name="PutFile_NewFileCanBePut" /></UnitTest><UnitTest name="Patch_InvalidReferencePropertyReturnsBadRequest" storage="d:\users\steve knipmeyer\documents\github\modelrelief\modelrelief.test\bin\debug\netcoreapp2.0\modelrelief.test.dll" id="d331977c-87e5-4e83-957a-064526205bfc"><Execution id="48ed77e6-161f-4506-9d66-fed94c85caf1" /><TestMethod codeBase="D:\Users\Steve Knipmeyer\Documents\GitHub\ModelRelief\ModelRelief.test\bin\Debug\netcoreapp2.0\ModelRelief.Test.dll" adapterTypeName="executor://xunit/VsTestRunner2/netcoreapp" className="ModelRelief.Test.Integration.Cameras.CamerasBaseIntegrationTests" name="Patch_InvalidReferencePropertyReturnsBadRequest" /></UnitTest><UnitTest name="Patch_TargetPropertyIsUpdated" storage="d:\users\steve knipmeyer\documents\github\modelrelief\modelrelief.test\bin\debug\netcoreapp2.0\modelrelief.test.dll" id="9cfc46f0-f39f-4164-ad3e-b8514b55d668"><Execution id="2cc55f85-f51e-429a-b98f-1a7e137d864b" /><TestMethod codeBase="D:\Users\Steve Knipmeyer\Documents\GitHub\ModelRelief\ModelRelief.test\bin\Debug\netcoreapp2.0\ModelRelief.Test.dll" adapterTypeName="executor://xunit/VsTestRunner2/netcoreapp" className="ModelRelief.Test.Integration.Projects.ProjectsBaseIntegrationTests" name="Patch_TargetPropertyIsUpdated" /></UnitTest><UnitTest name="Put_ValidReferencePropertyUpdatesModel" storage="d:\users\steve knipmeyer\documents\github\modelrelief\modelrelief.test\bin\debug\netcoreapp2.0\modelrelief.test.dll" id="787d402d-e415-492f-8767-9eafbce0ed18"><Execution id="b8f6a7ad-5544-4661-8a4a-2ba37f73624d" /><TestMethod codeBase="D:\Users\Steve Knipmeyer\Documents\GitHub\ModelRelief\ModelRelief.test\bin\Debug\netcoreapp2.0\ModelRelief.Test.dll" adapterTypeName="executor://xunit/VsTestRunner2/netcoreapp" className="ModelRelief.Test.Integration.DepthBuffers.DepthBuffersBaseIntegrationTests" name="Put_ValidReferencePropertyUpdatesModel" /></UnitTest><UnitTest name="PutFile_FileCanBeUpdated" storage="d:\users\steve knipmeyer\documents\github\modelrelief\modelrelief.test\bin\debug\netcoreapp2.0\modelrelief.test.dll" id="42a77856-b09e-48a3-aa7f-5adb94b8d225"><Execution id="1350ad68-7659-4ad0-8cc1-cca67605230a" /><TestMethod codeBase="D:\Users\Steve Knipmeyer\Documents\GitHub\ModelRelief\ModelRelief.test\bin\Debug\netcoreapp2.0\ModelRelief.Test.dll" adapterTypeName="executor://xunit/VsTestRunner2/netcoreapp" className="ModelRelief.Test.Integration.Models.ModelsFileIntegrationTests" name="PutFile_FileCanBeUpdated" /></UnitTest><UnitTest name="Put_InvalidReferencePropertyReturndBadRequest" storage="d:\users\steve knipmeyer\documents\github\modelrelief\modelrelief.test\bin\debug\netcoreapp2.0\modelrelief.test.dll" id="30a2298f-06c5-4777-b1ab-ad53eb7d75c2"><Execution id="e394a778-6611-425b-96e4-2edceaefe604" /><TestMethod codeBase="D:\Users\Steve Knipmeyer\Documents\GitHub\ModelRelief\ModelRelief.test\bin\Debug\netcoreapp2.0\ModelRelief.Test.dll" adapterTypeName="executor://xunit/VsTestRunner2/netcoreapp" className="ModelRelief.Test.Integration.Projects.ProjectsBaseIntegrationTests" name="Put_InvalidReferencePropertyReturndBadRequest" /></UnitTest><UnitTest name="Patch_ValidReferencePropertyUpdatesModel" storage="d:\users\steve knipmeyer\documents\github\modelrelief\modelrelief.test\bin\debug\netcoreapp2.0\modelrelief.test.dll" id="66ca8fc9-9d65-40e3-afe9-465ea6c8974a"><Execution id="297f5505-5e23-45a9-9b08-276c1359225a" /><TestMethod codeBase="D:\Users\Steve Knipmeyer\Documents\GitHub\ModelRelief\ModelRelief.test\bin\Debug\netcoreapp2.0\ModelRelief.Test.dll" adapterTypeName="executor://xunit/VsTestRunner2/netcoreapp" className="ModelRelief.Test.Integration.DepthBuffers.DepthBuffersBaseIntegrationTests" name="Patch_ValidReferencePropertyUpdatesModel" /></UnitTest><UnitTest name="Post_CanCreateNewModel" storage="d:\users\steve knipmeyer\documents\github\modelrelief\modelrelief.test\bin\debug\netcoreapp2.0\modelrelief.test.dll" id="e007b672-91df-418e-b2b7-f8c5a41fde03"><Execution id="074d2592-fa92-4dd8-9fef-a8d8891991be" /><TestMethod codeBase="D:\Users\Steve Knipmeyer\Documents\GitHub\ModelRelief\ModelRelief.test\bin\Debug\netcoreapp2.0\ModelRelief.Test.dll" adapterTypeName="executor://xunit/VsTestRunner2/netcoreapp" className="ModelRelief.Test.Integration.Models.ModelsBaseIntegrationTests" name="Post_CanCreateNewModel" /></UnitTest><UnitTest name="Patch_MultipleInvalidReferencePropertiesReturnsMultipleValidationErrorsAndBadRequest" storage="d:\users\steve knipmeyer\documents\github\modelrelief\modelrelief.test\bin\debug\netcoreapp2.0\modelrelief.test.dll" id="1f369697-36f5-43ef-a51b-3aeffa91ec7b"><Execution id="9210d38a-aa3c-4db4-ac07-95716848200b" /><TestMethod codeBase="D:\Users\Steve Knipmeyer\Documents\GitHub\ModelRelief\ModelRelief.test\bin\Debug\netcoreapp2.0\ModelRelief.Test.dll" adapterTypeName="executor://xunit/VsTestRunner2/netcoreapp" className="ModelRelief.Test.Integration.Cameras.CamerasBaseIntegrationTests" name="Patch_MultipleInvalidReferencePropertiesReturnsMultipleValidationErrorsAndBadRequest" /></UnitTest><UnitTest name="Put_CanUpdateModel" storage="d:\users\steve knipmeyer\documents\github\modelrelief\modelrelief.test\bin\debug\netcoreapp2.0\modelrelief.test.dll" id="d43b52e1-d88f-4aab-8cf1-30f4b9eb2a21"><Execution id="6d61601e-a02e-48ba-a1e4-1d35e4559767" /><TestMethod codeBase="D:\Users\Steve Knipmeyer\Documents\GitHub\ModelRelief\ModelRelief.test\bin\Debug\netcoreapp2.0\ModelRelief.Test.dll" adapterTypeName="executor://xunit/VsTestRunner2/netcoreapp" className="ModelRelief.Test.Integration.Cameras.CamerasBaseIntegrationTests" name="Put_CanUpdateModel" /></UnitTest><UnitTest name="Patch_MultipleInvalidReferencePropertiesReturnsMultipleValidationErrorsAndBadRequest" storage="d:\users\steve knipmeyer\documents\github\modelrelief\modelrelief.test\bin\debug\netcoreapp2.0\modelrelief.test.dll" id="51f1a631-40e6-4014-b6f6-d2fc24e99816"><Execution id="dee972eb-d75b-4d37-84be-b4e5651aacbf" /><TestMethod codeBase="D:\Users\Steve Knipmeyer\Documents\GitHub\ModelRelief\ModelRelief.test\bin\Debug\netcoreapp2.0\ModelRelief.Test.dll" adapterTypeName="executor://xunit/VsTestRunner2/netcoreapp" className="ModelRelief.Test.Integration.MeshTransforms.MeshTransformsBaseIntegrationTests" name="Patch_MultipleInvalidReferencePropertiesReturnsMultipleValidationErrorsAndBadRequest" /></UnitTest><UnitTest name="Post_InvalidReferencePropertyReturnsBadRequest" storage="d:\users\steve knipmeyer\documents\github\modelrelief\modelrelief.test\bin\debug\netcoreapp2.0\modelrelief.test.dll" id="9a337ca3-4817-4df9-ade1-a9b7908c82dc"><Execution id="33647cde-5b51-4739-9b48-a021a9782451" /><TestMethod codeBase="D:\Users\Steve Knipmeyer\Documents\GitHub\ModelRelief\ModelRelief.test\bin\Debug\netcoreapp2.0\ModelRelief.Test.dll" adapterTypeName="executor://xunit/VsTestRunner2/netcoreapp" className="ModelRelief.Test.Integration.Projects.ProjectsBaseIntegrationTests" name="Post_InvalidReferencePropertyReturnsBadRequest" /></UnitTest><UnitTest name="Put_InvalidIdReturnsNotFound" storage="d:\users\steve knipmeyer\documents\github\modelrelief\modelrelief.test\bin\debug\netcoreapp2.0\modelrelief.test.dll" id="7ad33ea6-dd72-4cda-9de8-846b7f96bedb"><Execution id="f5dd3801-9ce7-4a69-93c2-a1f3f292fd72" /><TestMethod codeBase="D:\Users\Steve Knipmeyer\Documents\GitHub\ModelRelief\ModelRelief.test\bin\Debug\netcoreapp2.0\ModelRelief.Test.dll" adapterTypeName="executor://xunit/VsTestRunner2/netcoreapp" className="ModelRelief.Test.Integration.Models.ModelsBaseIntegrationTests" name="Put_InvalidIdReturnsNotFound" /></UnitTest><UnitTest name="GetFile_ExistingFileReturnsSuccess" storage="d:\users\steve knipmeyer\documents\github\modelrelief\modelrelief.test\bin\debug\netcoreapp2.0\modelrelief.test.dll" id="b63fb6b1-1696-4421-86e9-d24beed8209a"><Execution id="f88e6659-9176-4917-a5ea-d975591f6eba" /><TestMethod codeBase="D:\Users\Steve Knipmeyer\Documents\GitHub\ModelRelief\ModelRelief.test\bin\Debug\netcoreapp2.0\ModelRelief.Test.dll" adapterTypeName="executor://xunit/VsTestRunner2/netcoreapp" className="ModelRelief.Test.Integration.Models.ModelsFileIntegrationTests" name="GetFile_ExistingFileReturnsSuccess" /></UnitTest><UnitTest name="Patch_TargetPropertyIsUpdated" storage="d:\users\steve knipmeyer\documents\github\modelrelief\modelrelief.test\bin\debug\netcoreapp2.0\modelrelief.test.dll" id="a02da0cf-2d3a-48ac-ae72-2678bf55f1ec"><Execution id="99c8e49e-04a5-4960-9a8c-2efdeafc1b95" /><TestMethod codeBase="D:\Users\Steve Knipmeyer\Documents\GitHub\ModelRelief\ModelRelief.test\bin\Debug\netcoreapp2.0\ModelRelief.Test.dll" adapterTypeName="executor://xunit/VsTestRunner2/netcoreapp" className="ModelRelief.Test.Integration.Cameras.CamerasBaseIntegrationTests" name="Patch_TargetPropertyIsUpdated" /></UnitTest><UnitTest name="GetFile_ExistingFileReturnsSuccess" storage="d:\users\steve knipmeyer\documents\github\modelrelief\modelrelief.test\bin\debug\netcoreapp2.0\modelrelief.test.dll" id="1ae1954b-09c0-4ebc-a8b0-d9b1763458d0"><Execution id="dc7fccff-e0fe-463d-b732-28fe9bc42521" /><TestMethod codeBase="D:\Users\Steve Knipmeyer\Documents\GitHub\ModelRelief\ModelRelief.test\bin\Debug\netcoreapp2.0\ModelRelief.Test.dll" adapterTypeName="executor://xunit/VsTestRunner2/netcoreapp" className="ModelRelief.Test.Integration.Meshes.MeshesFileIntegrationTests" name="GetFile_ExistingFileReturnsSuccess" /></UnitTest><UnitTest name="PutFile_NewFileCanBePut" storage="d:\users\steve knipmeyer\documents\github\modelrelief\modelrelief.test\bin\debug\netcoreapp2.0\modelrelief.test.dll" id="a7059a43-9761-451a-b974-c0a11f36bd7b"><Execution id="137a5cd4-5e8a-475a-b53f-dbc9d8d1992f" /><TestMethod codeBase="D:\Users\Steve Knipmeyer\Documents\GitHub\ModelRelief\ModelRelief.test\bin\Debug\netcoreapp2.0\ModelRelief.Test.dll" adapterTypeName="executor://xunit/VsTestRunner2/netcoreapp" className="ModelRelief.Test.Integration.Meshes.MeshesFileIntegrationTests" name="PutFile_NewFileCanBePut" /></UnitTest><UnitTest name="Put_ValidReferencePropertyUpdatesModel" storage="d:\users\steve knipmeyer\documents\github\modelrelief\modelrelief.test\bin\debug\netcoreapp2.0\modelrelief.test.dll" id="cf60fa3f-10dc-4a51-ada1-f3bac1a99eaa"><Execution id="6f5230e9-73d1-44cc-82d5-30419472ae35" /><TestMethod codeBase="D:\Users\Steve Knipmeyer\Documents\GitHub\ModelRelief\ModelRelief.test\bin\Debug\netcoreapp2.0\ModelRelief.Test.dll" adapterTypeName="executor://xunit/VsTestRunner2/netcoreapp" className="ModelRelief.Test.Integration.MeshTransforms.MeshTransformsBaseIntegrationTests" name="Put_ValidReferencePropertyUpdatesModel" /></UnitTest><UnitTest name="Patch_InvalidReferencePropertyReturnsBadRequest" storage="d:\users\steve knipmeyer\documents\github\modelrelief\modelrelief.test\bin\debug\netcoreapp2.0\modelrelief.test.dll" id="4d4167ae-1129-4bd4-907c-0c80ae7b43d5"><Execution id="3e8e7c37-cd06-45e9-8250-6347ce0fc5d1" /><TestMethod codeBase="D:\Users\Steve Knipmeyer\Documents\GitHub\ModelRelief\ModelRelief.test\bin\Debug\netcoreapp2.0\ModelRelief.Test.dll" adapterTypeName="executor://xunit/VsTestRunner2/netcoreapp" className="ModelRelief.Test.Integration.Models.ModelsBaseIntegrationTests" name="Patch_InvalidReferencePropertyReturnsBadRequest" /></UnitTest><UnitTest name="Delete_TargetModelIsDeleted" storage="d:\users\steve knipmeyer\documents\github\modelrelief\modelrelief.test\bin\debug\netcoreapp2.0\modelrelief.test.dll" id="3eb530ad-99d2-413f-a23d-09ac07440177"><Execution id="b605c4f5-d0ff-4deb-8eac-abbc14c38497" /><TestMethod codeBase="D:\Users\Steve Knipmeyer\Documents\GitHub\ModelRelief\ModelRelief.test\bin\Debug\netcoreapp2.0\ModelRelief.Test.dll" adapterTypeName="executor://xunit/VsTestRunner2/netcoreapp" className="ModelRelief.Test.Integration.DepthBuffers.DepthBuffersBaseIntegrationTests" name="Delete_TargetModelIsDeleted" /></UnitTest><UnitTest name="GetSingle_ValidIdPropertyValueReturnsCorrectModel" storage="d:\users\steve knipmeyer\documents\github\modelrelief\modelrelief.test\bin\debug\netcoreapp2.0\modelrelief.test.dll" id="f7e386fa-1d38-43e3-a061-6e1d48a3c6d8"><Execution id="a3380d98-40ea-401b-b1f3-b89e9a0b3e75" /><TestMethod codeBase="D:\Users\Steve Knipmeyer\Documents\GitHub\ModelRelief\ModelRelief.test\bin\Debug\netcoreapp2.0\ModelRelief.Test.dll" adapterTypeName="executor://xunit/VsTestRunner2/netcoreapp" className="ModelRelief.Test.Integration.MeshTransforms.MeshTransformsBaseIntegrationTests" name="GetSingle_ValidIdPropertyValueReturnsCorrectModel" /></UnitTest><UnitTest name="Patch_MultipleInvalidReferencePropertiesReturnsMultipleValidationErrorsAndBadRequest" storage="d:\users\steve knipmeyer\documents\github\modelrelief\modelrelief.test\bin\debug\netcoreapp2.0\modelrelief.test.dll" id="5a3d1ec7-7a85-494a-b92e-f7de31ca2266"><Execution id="db0f6fa6-f1a2-4551-8395-1a384c7a2d3f" /><TestMethod codeBase="D:\Users\Steve Knipmeyer\Documents\GitHub\ModelRelief\ModelRelief.test\bin\Debug\netcoreapp2.0\ModelRelief.Test.dll" adapterTypeName="executor://xunit/VsTestRunner2/netcoreapp" className="ModelRelief.Test.Integration.DepthBuffers.DepthBuffersBaseIntegrationTests" name="Patch_MultipleInvalidReferencePropertiesReturnsMultipleValidationErrorsAndBadRequest" /></UnitTest><UnitTest name="Patch_InvalidReferencePropertyReturnsBadRequest" storage="d:\users\steve knipmeyer\documents\github\modelrelief\modelrelief.test\bin\debug\netcoreapp2.0\modelrelief.test.dll" id="f157db7b-5227-4d1f-8df1-292533a95c6d"><Execution id="7aa9855d-47e6-44b5-80b2-ff48ff34d76e" /><TestMethod codeBase="D:\Users\Steve Knipmeyer\Documents\GitHub\ModelRelief\ModelRelief.test\bin\Debug\netcoreapp2.0\ModelRelief.Test.dll" adapterTypeName="executor://xunit/VsTestRunner2/netcoreapp" className="ModelRelief.Test.Integration.DepthBuffers.DepthBuffersBaseIntegrationTests" name="Patch_InvalidReferencePropertyReturnsBadRequest" /></UnitTest><UnitTest name="GetFile_FileCanBeRoundTripped" storage="d:\users\steve knipmeyer\documents\github\modelrelief\modelrelief.test\bin\debug\netcoreapp2.0\modelrelief.test.dll" id="7b3db66b-f48f-47ae-8bc3-39600e525e22"><Execution id="86cb6e33-797f-4de2-b916-bf60571924e6" /><TestMethod codeBase="D:\Users\Steve Knipmeyer\Documents\GitHub\ModelRelief\ModelRelief.test\bin\Debug\netcoreapp2.0\ModelRelief.Test.dll" adapterTypeName="executor://xunit/VsTestRunner2/netcoreapp" className="ModelRelief.Test.Integration.Meshes.MeshesFileIntegrationTests" name="GetFile_FileCanBeRoundTripped" /></UnitTest><UnitTest name="Post_InvalidPropertyValueReturnsBadRequest" storage="d:\users\steve knipmeyer\documents\github\modelrelief\modelrelief.test\bin\debug\netcoreapp2.0\modelrelief.test.dll" id="80176166-5af0-47aa-9cb2-10a262e8e76b"><Execution id="82ae39a0-3412-4c73-a87b-be959328c55d" /><TestMethod codeBase="D:\Users\Steve Knipmeyer\Documents\GitHub\ModelRelief\ModelRelief.test\bin\Debug\netcoreapp2.0\ModelRelief.Test.dll" adapterTypeName="executor://xunit/VsTestRunner2/netcoreapp" className="ModelRelief.Test.Integration.DepthBuffers.DepthBuffersBaseIntegrationTests" name="Post_InvalidPropertyValueReturnsBadRequest" /></UnitTest><UnitTest name="PostFile_NewFileCanBePosted" storage="d:\users\steve knipmeyer\documents\github\modelrelief\modelrelief.test\bin\debug\netcoreapp2.0\modelrelief.test.dll" id="caf15866-abcb-4aae-888a-15eeef7a390f"><Execution id="800573d8-b820-45ed-8362-354d1aeb27df" /><TestMethod codeBase="D:\Users\Steve Knipmeyer\Documents\GitHub\ModelRelief\ModelRelief.test\bin\Debug\netcoreapp2.0\ModelRelief.Test.dll" adapterTypeName="executor://xunit/VsTestRunner2/netcoreapp" className="ModelRelief.Test.Integration.Models.ModelsFileIntegrationTests" name="PostFile_NewFileCanBePosted" /></UnitTest><UnitTest name="Put_CanUpdateModel" storage="d:\users\steve knipmeyer\documents\github\modelrelief\modelrelief.test\bin\debug\netcoreapp2.0\modelrelief.test.dll" id="a3fba9a7-e4fd-47bf-91b4-77c65c968e9f"><Execution id="cc13e2f7-498e-4702-9e8a-2d0603787df0" /><TestMethod codeBase="D:\Users\Steve Knipmeyer\Documents\GitHub\ModelRelief\ModelRelief.test\bin\Debug\netcoreapp2.0\ModelRelief.Test.dll" adapterTypeName="executor://xunit/VsTestRunner2/netcoreapp" className="ModelRelief.Test.Integration.Projects.ProjectsBaseIntegrationTests" name="Put_CanUpdateModel" /></UnitTest><UnitTest name="GetSingle_InvalidIdPropertyValueReturnsNotFound" storage="d:\users\steve knipmeyer\documents\github\modelrelief\modelrelief.test\bin\debug\netcoreapp2.0\modelrelief.test.dll" id="505e82cf-69da-4ba9-bd43-40ba623410bd"><Execution id="a6d24fcf-d687-4ddc-b7cd-303c8fb258ee" /><TestMethod codeBase="D:\Users\Steve Knipmeyer\Documents\GitHub\ModelRelief\ModelRelief.test\bin\Debug\netcoreapp2.0\ModelRelief.Test.dll" adapterTypeName="executor://xunit/VsTestRunner2/netcoreapp" className="ModelRelief.Test.Integration.Cameras.CamerasBaseIntegrationTests" name="GetSingle_InvalidIdPropertyValueReturnsNotFound" /></UnitTest><UnitTest name="CameraHasExpectedDependentFiles" storage="d:\users\steve knipmeyer\documents\github\modelrelief\modelrelief.test\bin\debug\netcoreapp2.0\modelrelief.test.dll" id="44b351c7-0c3a-4ca0-b972-e608b13b1e3f"><Execution id="81672ca8-1ce0-4130-82ea-16eb6db1e67d" /><TestMethod codeBase="D:\Users\Steve Knipmeyer\Documents\GitHub\ModelRelief\ModelRelief.test\bin\Debug\netcoreapp2.0\ModelRelief.Test.dll" adapterTypeName="executor://xunit/VsTestRunner2/netcoreapp" className="ModelRelief.Test.Unit.DependencyManager.DependencyManagerTests" name="CameraHasExpectedDependentFiles" /></UnitTest></TestDefinitions><TestEntries><TestEntry testId="cf60fa3f-10dc-4a51-ada1-f3bac1a99eaa" executionId="6f5230e9-73d1-44cc-82d5-30419472ae35" testListId="8c84fa94-04c1-424b-9868-57a2d4851a1d" /><TestEntry testId="1fec7432-4a71-410b-9057-ae547435f810" executionId="86570b7a-9b9f-476a-a0f7-ce8725e4f796" testListId="8c84fa94-04c1-424b-9868-57a2d4851a1d" /><TestEntry testId="3e2662af-55cd-4205-ab38-d1fe3eb8425d" executionId="b29a1fcb-0081-491d-8757-72d3786ebacd" testListId="8c84fa94-04c1-424b-9868-57a2d4851a1d" /><TestEntry testId="73f6bdfb-b991-49cb-b50e-c7ebac33bfee" executionId="d89a8e9e-2c46-4b24-8d31-3fd0de30d95a" testListId="8c84fa94-04c1-424b-9868-57a2d4851a1d" /><TestEntry testId="6ff8d735-4719-4791-91c1-7d0d8a2373ab" executionId="9f642c81-7218-490b-8bc6-d9322612c1d0" testListId="8c84fa94-04c1-424b-9868-57a2d4851a1d" /><TestEntry testId="faa8c49a-b8e6-4d4e-b06b-6d9b24341539" executionId="628dbe79-0580-4032-bdd0-0503e2fa25d6" testListId="8c84fa94-04c1-424b-9868-57a2d4851a1d" /><TestEntry testId="8e2aeafb-5c29-47c6-8e0b-8810e4523a02" executionId="5540abdd-c9fd-4a2d-8682-d54f96a9457c" testListId="8c84fa94-04c1-424b-9868-57a2d4851a1d" /><TestEntry testId="5ef575b4-8984-438c-9766-cb2133969922" executionId="4e506bb6-50a7-47c3-b22c-08396d12999e" testListId="8c84fa94-04c1-424b-9868-57a2d4851a1d" /><TestEntry testId="6c726f7e-e7ed-45b8-94ce-941c4f1676c1" executionId="4c07445c-8324-4aca-8727-6daa00980c20" testListId="8c84fa94-04c1-424b-9868-57a2d4851a1d" /><TestEntry testId="0d6fe22b-6bba-4379-9905-710038543178" executionId="718a42d4-a633-443d-91be-7e1d28f59d74" testListId="8c84fa94-04c1-424b-9868-57a2d4851a1d" /><TestEntry testId="56cad96e-9124-451f-b1fa-2cc9dad59384" executionId="bdc7404f-3002-45b0-adab-f179220661c6" testListId="8c84fa94-04c1-424b-9868-57a2d4851a1d" /><TestEntry testId="7e8f8b69-80e3-4dab-a95f-a25df3e5b2c8" executionId="17a7ba65-c801-43fa-8e13-95a6f37f5f0d" testListId="8c84fa94-04c1-424b-9868-57a2d4851a1d" /><TestEntry testId="76425628-6eda-40c2-bc94-20f5378666c5" executionId="759c48d4-1340-43e1-b881-0d8fb3104177" testListId="8c84fa94-04c1-424b-9868-57a2d4851a1d" /><TestEntry testId="f157db7b-5227-4d1f-8df1-292533a95c6d" executionId="7aa9855d-47e6-44b5-80b2-ff48ff34d76e" testListId="8c84fa94-04c1-424b-9868-57a2d4851a1d" /><TestEntry testId="a75a0b4d-c8e5-4142-a85e-eeae1eab0ec2" executionId="b1fb63e6-4be0-42ed-a878-0108422273ae" testListId="8c84fa94-04c1-424b-9868-57a2d4851a1d" /><TestEntry testId="cf2ef376-d54a-4474-9de1-afc1d69bf1b6" executionId="7853e63e-fcfd-45b9-8592-c265ea2aef98" testListId="8c84fa94-04c1-424b-9868-57a2d4851a1d" /><TestEntry testId="ca063053-7863-41d4-bd38-0d47cc3d392b" executionId="bf330b70-bfa6-47ca-abd9-d5155e52cf51" testListId="8c84fa94-04c1-424b-9868-57a2d4851a1d" /><TestEntry testId="f0eebd38-48d6-48d0-a08c-ad41c5f5d999" executionId="246bdd0e-3cae-410c-9fb2-0ae6d6ce1f0b" testListId="8c84fa94-04c1-424b-9868-57a2d4851a1d" /><TestEntry testId="5ab1ead9-00a1-42c2-9331-23e4db6a9656" executionId="9d67fd86-35dd-47c7-9399-fb1f33d26b25" testListId="8c84fa94-04c1-424b-9868-57a2d4851a1d" /><TestEntry testId="c6418111-d92d-4b2d-999a-c10dac78b908" executionId="9322b198-ff65-4b12-95d8-773e8fba3eb1" testListId="8c84fa94-04c1-424b-9868-57a2d4851a1d" /><TestEntry testId="fa1203ac-afa7-4c64-afad-a82cf693c630" executionId="3c33c927-279e-4f9c-9ebd-77ee2fc3705d" testListId="8c84fa94-04c1-424b-9868-57a2d4851a1d" /><TestEntry testId="75ddeee7-8194-4997-96e3-cc5b3a49e02e" executionId="8cb83ef3-2089-411c-8b98-adfa59b893d4" testListId="8c84fa94-04c1-424b-9868-57a2d4851a1d" /><TestEntry testId="7ad33ea6-dd72-4cda-9de8-846b7f96bedb" executionId="f5dd3801-9ce7-4a69-93c2-a1f3f292fd72" testListId="8c84fa94-04c1-424b-9868-57a2d4851a1d" /><TestEntry testId="11ac37e4-7de5-4b27-b0fa-ea8033aa8c2d" executionId="03717fa0-14f5-4bc7-a024-7e67ccd93650" testListId="8c84fa94-04c1-424b-9868-57a2d4851a1d" /><TestEntry testId="66507ab3-6488-4271-9850-140a5815bd40" executionId="2ce243b4-09fa-46b5-a90b-a4f7de99e159" testListId="8c84fa94-04c1-424b-9868-57a2d4851a1d" /><TestEntry testId="4f2945b9-6277-433e-8e84-147b0200839f" executionId="391d76f0-2af9-47fd-8051-da60c0d8acba" testListId="8c84fa94-04c1-424b-9868-57a2d4851a1d" /><TestEntry testId="30a2298f-06c5-4777-b1ab-ad53eb7d75c2" executionId="e394a778-6611-425b-96e4-2edceaefe604" testListId="8c84fa94-04c1-424b-9868-57a2d4851a1d" /><TestEntry testId="8b2f1ec8-de2c-4040-b9bd-c437b1e1db93" executionId="e3cd15a0-b480-43d5-8d25-ec0af7ebb4b9" testListId="8c84fa94-04c1-424b-9868-57a2d4851a1d" /><TestEntry testId="ae509ff7-0975-42fa-98cc-49161281946f" executionId="e90bf41d-6513-42a1-a317-b2c138210fea" testListId="8c84fa94-04c1-424b-9868-57a2d4851a1d" /><TestEntry testId="b57bb34d-af96-4402-bee9-0452150ea250" executionId="67b98813-9745-408d-829d-81862b622f6d" testListId="8c84fa94-04c1-424b-9868-57a2d4851a1d" /><TestEntry testId="b029c570-c1d3-4799-ae04-1e9d4ce0d075" executionId="f1a7e361-7737-4c1c-b224-5fd4e7c5ada5" testListId="8c84fa94-04c1-424b-9868-57a2d4851a1d" /><TestEntry testId="91591aa3-48d5-4319-9c98-e348f0a30cb6" executionId="956c8477-d6a3-4f31-b2ac-67d520737b04" testListId="8c84fa94-04c1-424b-9868-57a2d4851a1d" /><TestEntry testId="1618b3c3-995d-4303-8dbc-4a7f2de87f25" executionId="11138afc-cb37-4044-95a9-1cd029c83913" testListId="8c84fa94-04c1-424b-9868-57a2d4851a1d" /><TestEntry testId="1f369697-36f5-43ef-a51b-3aeffa91ec7b" executionId="9210d38a-aa3c-4db4-ac07-95716848200b" testListId="8c84fa94-04c1-424b-9868-57a2d4851a1d" /><TestEntry testId="ca4c42da-c304-4200-a37f-47ee2c8c5624" executionId="98c577db-da97-4279-8027-15d05bd9ea44" testListId="8c84fa94-04c1-424b-9868-57a2d4851a1d" /><TestEntry testId="c34d86b3-b1ef-468b-b53d-c3339bbe70fb" executionId="ebda8429-edf8-47a0-8310-8f5b6badfc2d" testListId="8c84fa94-04c1-424b-9868-57a2d4851a1d" /><TestEntry testId="1f82e43a-5b2b-4c3d-86f5-87eeec571295" executionId="15b4799e-5997-4f28-8296-70813b40fffc" testListId="8c84fa94-04c1-424b-9868-57a2d4851a1d" /><TestEntry testId="1d773448-b14f-4422-9401-05058830c64d" executionId="c6e4e4dd-6904-410a-8163-ca62405684a6" testListId="8c84fa94-04c1-424b-9868-57a2d4851a1d" /><TestEntry testId="8e1980d4-8a4a-408b-a991-00a0114de2af" executionId="6c0d87fe-c0c4-47c5-8f3d-36acf05e8bbb" testListId="8c84fa94-04c1-424b-9868-57a2d4851a1d" /><TestEntry testId="ec3a91a9-7412-4686-86c5-3cf2075107c2" executionId="7e8c19ae-fb5b-44ff-bebe-ad64458d4185" testListId="8c84fa94-04c1-424b-9868-57a2d4851a1d" /><TestEntry testId="dd49854c-49b0-4628-9b44-d1b7af6a5503" executionId="3318837e-754d-4dea-bf9e-5caaa59e6afc" testListId="8c84fa94-04c1-424b-9868-57a2d4851a1d" /><TestEntry testId="d84bdd5e-0a0d-434e-ab12-af49640e2db3" executionId="18f1558a-51fb-4283-ba10-935a085ae033" testListId="8c84fa94-04c1-424b-9868-57a2d4851a1d" /><TestEntry testId="cf823c60-2491-4f62-b547-68f461cc4ea0" executionId="3bbb2c0e-c950-45ee-8f71-9a7b4d7d2b29" testListId="8c84fa94-04c1-424b-9868-57a2d4851a1d" /><TestEntry testId="2a993b07-553b-4ca3-b7da-d0beb1a58943" executionId="af3bfe90-cec7-4760-b3f5-3d305317859c" testListId="8c84fa94-04c1-424b-9868-57a2d4851a1d" /><TestEntry testId="c96a95c4-f231-4f1f-a295-a52739e8d358" executionId="b2b285ae-9f3f-41ca-9cd9-22a1b3f22e01" testListId="8c84fa94-04c1-424b-9868-57a2d4851a1d" /><TestEntry testId="abaadc26-d5ff-47bd-8fb7-ac25bed97d5e" executionId="18447e69-cb30-465e-93b3-3f16b787add0" testListId="8c84fa94-04c1-424b-9868-57a2d4851a1d" /><TestEntry testId="bcc6da91-8d84-4bb2-9a23-f386bdf91896" executionId="fc1479df-eb34-48ab-b439-776b8cf9d069" testListId="8c84fa94-04c1-424b-9868-57a2d4851a1d" /><TestEntry testId="51f1a631-40e6-4014-b6f6-d2fc24e99816" executionId="dee972eb-d75b-4d37-84be-b4e5651aacbf" testListId="8c84fa94-04c1-424b-9868-57a2d4851a1d" /><TestEntry testId="21ab895d-172b-42d6-898d-05419f40c982" executionId="d62df8b3-c0c9-4d06-8931-025db0b623d0" testListId="8c84fa94-04c1-424b-9868-57a2d4851a1d" /><TestEntry testId="4d4167ae-1129-4bd4-907c-0c80ae7b43d5" executionId="3e8e7c37-cd06-45e9-8250-6347ce0fc5d1" testListId="8c84fa94-04c1-424b-9868-57a2d4851a1d" /><TestEntry testId="b5fe8685-3f22-4e53-ad21-16aab91349b5" executionId="33795a84-9e56-4fe8-ae8a-44178d09ced7" testListId="8c84fa94-04c1-424b-9868-57a2d4851a1d" /><TestEntry testId="5a3d1ec7-7a85-494a-b92e-f7de31ca2266" executionId="db0f6fa6-f1a2-4551-8395-1a384c7a2d3f" testListId="8c84fa94-04c1-424b-9868-57a2d4851a1d" /><TestEntry testId="55d24b1f-a5f8-4d63-95bf-ca4407e9c1ce" executionId="adb49c03-eae6-466f-b32c-cd2a16d76df1" testListId="8c84fa94-04c1-424b-9868-57a2d4851a1d" /><TestEntry testId="635008b5-3ff9-4601-b2c3-91507f07f4c4" executionId="77d50108-24ba-420d-9004-ee35bf003bfa" testListId="8c84fa94-04c1-424b-9868-57a2d4851a1d" /><TestEntry testId="4d356237-bfda-403a-903b-f69f47e797b2" executionId="c21a4223-6e9d-4298-8b59-73c65ed90bcd" testListId="8c84fa94-04c1-424b-9868-57a2d4851a1d" /><TestEntry testId="295a0119-d37f-4995-adaa-3df21934a474" executionId="4ac79c32-4196-4577-9ebe-51326eb8ac54" testListId="8c84fa94-04c1-424b-9868-57a2d4851a1d" /><TestEntry testId="c5c03bdf-8200-498c-bfbd-096d443529ef" executionId="c2e244d5-95d9-498d-9547-c8767191a6f2" testListId="8c84fa94-04c1-424b-9868-57a2d4851a1d" /><TestEntry testId="23a3ce7e-0c84-4c0f-b9d8-1c1f604c2e5f" executionId="99c67287-1ad5-4092-ad86-cc9b8b8be599" testListId="8c84fa94-04c1-424b-9868-57a2d4851a1d" /><TestEntry testId="787d402d-e415-492f-8767-9eafbce0ed18" executionId="b8f6a7ad-5544-4661-8a4a-2ba37f73624d" testListId="8c84fa94-04c1-424b-9868-57a2d4851a1d" /><TestEntry testId="c1a193ac-90e1-4ded-b940-f7d11e52eb46" executionId="6f8e9ef6-8658-425d-a528-1a1687ed17cc" testListId="8c84fa94-04c1-424b-9868-57a2d4851a1d" /><TestEntry testId="fd375538-1d32-4815-afc3-5841a6d98efd" executionId="f9149c0a-ae86-418a-bec7-5c165f068d4a" testListId="8c84fa94-04c1-424b-9868-57a2d4851a1d" /><TestEntry testId="9cfc46f0-f39f-4164-ad3e-b8514b55d668" executionId="2cc55f85-f51e-429a-b98f-1a7e137d864b" testListId="8c84fa94-04c1-424b-9868-57a2d4851a1d" /><TestEntry testId="d6fe9d67-23fb-476e-8856-d738eb01e067" executionId="57b9b804-f593-49d4-a6b7-71e9384c34ac" testListId="8c84fa94-04c1-424b-9868-57a2d4851a1d" /><TestEntry testId="66ca8fc9-9d65-40e3-afe9-465ea6c8974a" executionId="297f5505-5e23-45a9-9b08-276c1359225a" testListId="8c84fa94-04c1-424b-9868-57a2d4851a1d" /><TestEntry testId="54b48dfa-c22d-45fb-b678-1926258b637b" executionId="50ab550e-ab82-4885-8b72-2c1d475d352b" testListId="8c84fa94-04c1-424b-9868-57a2d4851a1d" /><TestEntry testId="f7e386fa-1d38-43e3-a061-6e1d48a3c6d8" executionId="a3380d98-40ea-401b-b1f3-b89e9a0b3e75" testListId="8c84fa94-04c1-424b-9868-57a2d4851a1d" /><TestEntry testId="85d44e42-7651-44ee-8961-d9667a92940e" executionId="94ac7c02-6013-4674-8630-2d0a5773d55d" testListId="8c84fa94-04c1-424b-9868-57a2d4851a1d" /><TestEntry testId="7905d81b-9460-478f-8091-e55247a18b4c" executionId="1167c853-7c3b-4c13-b9dd-8cde87d3c021" testListId="8c84fa94-04c1-424b-9868-57a2d4851a1d" /><TestEntry testId="91b89786-f516-4a21-8490-a0c0e1949c66" executionId="2bf63795-d3c7-4d75-86cb-82aeff0390b1" testListId="8c84fa94-04c1-424b-9868-57a2d4851a1d" /><TestEntry testId="a3fba9a7-e4fd-47bf-91b4-77c65c968e9f" executionId="cc13e2f7-498e-4702-9e8a-2d0603787df0" testListId="8c84fa94-04c1-424b-9868-57a2d4851a1d" /><TestEntry testId="aa3413e8-ca4b-4a2e-8327-4b09df16854d" executionId="16d74684-98e2-4b57-b78a-4f0affb36993" testListId="8c84fa94-04c1-424b-9868-57a2d4851a1d" /><TestEntry testId="f5a5bb04-ddb1-4368-9c8f-88c394823afe" executionId="3a6cb983-328d-4c4f-8c17-6ec91d0d4c75" testListId="8c84fa94-04c1-424b-9868-57a2d4851a1d" /><TestEntry testId="e1062591-fccf-46fa-9e50-481d26cd6097" executionId="fc1e32bf-d2a6-4913-83dc-32958dea02d2" testListId="8c84fa94-04c1-424b-9868-57a2d4851a1d" /><TestEntry testId="b91b1eb8-8dbc-4165-be48-5e9780b91e3a" executionId="b570927f-71a7-4eef-8341-7f3a52744922" testListId="8c84fa94-04c1-424b-9868-57a2d4851a1d" /><TestEntry testId="1f272b2b-4f80-4c0d-9970-2404f7ac718e" executionId="827aee68-8042-459f-8ace-ce015df39c13" testListId="8c84fa94-04c1-424b-9868-57a2d4851a1d" /><TestEntry testId="32054775-4a67-419d-bb30-6507d1906e0b" executionId="cca3d326-3352-4880-bfe3-927770e18aca" testListId="8c84fa94-04c1-424b-9868-57a2d4851a1d" /><TestEntry testId="a02da0cf-2d3a-48ac-ae72-2678bf55f1ec" executionId="99c8e49e-04a5-4960-9a8c-2efdeafc1b95" testListId="8c84fa94-04c1-424b-9868-57a2d4851a1d" /><TestEntry testId="2179a587-dba5-4843-848c-0e4bffa0a5f1" executionId="7271d717-e85d-429c-9f2a-0c9cdd7420cc" testListId="8c84fa94-04c1-424b-9868-57a2d4851a1d" /><TestEntry testId="44b351c7-0c3a-4ca0-b972-e608b13b1e3f" executionId="81672ca8-1ce0-4130-82ea-16eb6db1e67d" testListId="8c84fa94-04c1-424b-9868-57a2d4851a1d" /><TestEntry testId="916eb17b-a1a8-4a89-b9ef-fa06c9bd5b84" executionId="65c4445f-b0d8-497a-be4c-8acfcbf69689" testListId="8c84fa94-04c1-424b-9868-57a2d4851a1d" /><TestEntry testId="7b3db66b-f48f-47ae-8bc3-39600e525e22" executionId="86cb6e33-797f-4de2-b916-bf60571924e6" testListId="8c84fa94-04c1-424b-9868-57a2d4851a1d" /><TestEntry testId="bb6e2270-f3aa-4465-9b83-4eb8e1e76295" executionId="5463d5a0-e7af-441f-8bb7-60f1ab96649d" testListId="8c84fa94-04c1-424b-9868-57a2d4851a1d" /><TestEntry testId="9a337ca3-4817-4df9-ade1-a9b7908c82dc" executionId="33647cde-5b51-4739-9b48-a021a9782451" testListId="8c84fa94-04c1-424b-9868-57a2d4851a1d" /><TestEntry testId="505e82cf-69da-4ba9-bd43-40ba623410bd" executionId="a6d24fcf-d687-4ddc-b7cd-303c8fb258ee" testListId="8c84fa94-04c1-424b-9868-57a2d4851a1d" /><TestEntry testId="78bc51a6-6728-4383-8332-97092ab07e17" executionId="91c11d6d-d38b-4346-8cfc-0233354e89f6" testListId="8c84fa94-04c1-424b-9868-57a2d4851a1d" /><TestEntry testId="a31670cc-2a5e-475b-8c6f-6d6b96503083" executionId="664af4df-50ab-4c42-9702-a505d477a9cf" testListId="8c84fa94-04c1-424b-9868-57a2d4851a1d" /><TestEntry testId="3b166674-bdae-4462-b8f6-39faeeefaf5e" executionId="89f1eb7a-4152-471b-85a0-d4dcada243e9" testListId="8c84fa94-04c1-424b-9868-57a2d4851a1d" /><TestEntry testId="d55ae9a2-e54a-4104-9484-eeccd9fa60fe" executionId="e0394c0b-3e08-4044-b623-1055623a6695" testListId="8c84fa94-04c1-424b-9868-57a2d4851a1d" /><TestEntry testId="c4b4b2af-e18c-467f-bd00-9740f4573ff7" executionId="87970052-c97e-4c81-b3e2-8377c8d8dc45" testListId="8c84fa94-04c1-424b-9868-57a2d4851a1d" /><TestEntry testId="a45cb9ec-3bbf-4413-9070-453cf0902e35" executionId="1660af9b-a70d-44eb-a8b3-ef7adbe21031" testListId="8c84fa94-04c1-424b-9868-57a2d4851a1d" /><TestEntry testId="fd1cc2d6-03fc-462f-91e1-bbc46301657b" executionId="0011accc-b8a8-4904-9b5c-be6c207bb00d" testListId="8c84fa94-04c1-424b-9868-57a2d4851a1d" /><TestEntry testId="c482321c-da18-47c0-90a2-5b5952a70113" executionId="f2ae5cbf-e29a-405a-95dd-c56255ac9bd9" testListId="8c84fa94-04c1-424b-9868-57a2d4851a1d" /><TestEntry testId="564fa0ef-2a56-4458-a427-829bdc8722b4" executionId="12ae4736-3b85-4f51-8528-1f59da80cdb3" testListId="8c84fa94-04c1-424b-9868-57a2d4851a1d" /><TestEntry testId="350ac909-0bbf-4578-ac1c-83777753cea8" executionId="22b84bb3-cf0c-4d55-b393-2c7594b0ba87" testListId="8c84fa94-04c1-424b-9868-57a2d4851a1d" /><TestEntry testId="a9bd5e20-fbbc-4e5a-9ca6-7d81718c072c" executionId="349c39fd-51c6-497f-a286-eae0eaa16974" testListId="8c84fa94-04c1-424b-9868-57a2d4851a1d" /><TestEntry testId="b63fb6b1-1696-4421-86e9-d24beed8209a" executionId="f88e6659-9176-4917-a5ea-d975591f6eba" testListId="8c84fa94-04c1-424b-9868-57a2d4851a1d" /><TestEntry testId="122f7b29-2e0e-4d86-aaee-e9fd7844b1dc" executionId="cb4a577a-713f-4afe-91ae-3f54cc8a3640" testListId="8c84fa94-04c1-424b-9868-57a2d4851a1d" /><TestEntry testId="62cc5413-ec54-4910-891c-40497078b6c9" executionId="d41fe7db-fb66-4988-8d81-8e0b057e09ba" testListId="8c84fa94-04c1-424b-9868-57a2d4851a1d" /><TestEntry testId="7ad0cb3d-a520-4a2d-a4ca-4781eb01e3f5" executionId="11664213-0aba-41c7-abf9-36e0a95fcde1" testListId="8c84fa94-04c1-424b-9868-57a2d4851a1d" /><TestEntry testId="ec892935-aec8-4e2d-a1a4-170eaaac2750" executionId="6c6ebb75-9f55-4ed8-9d17-f005ac366972" testListId="8c84fa94-04c1-424b-9868-57a2d4851a1d" /><TestEntry testId="ac32b93e-e44e-4d1c-af99-1c6a465b8ad5" executionId="16a8cbe3-80c1-4558-a359-0c9aaecdea39" testListId="8c84fa94-04c1-424b-9868-57a2d4851a1d" /><TestEntry testId="6b61642d-89a3-4257-b607-994cb3e2f8c8" executionId="6feb0b95-b7b7-466e-8a32-16fc940bd806" testListId="8c84fa94-04c1-424b-9868-57a2d4851a1d" /><TestEntry testId="2aaef975-5790-44d3-b01b-a10180a2a292" executionId="e850a2cf-f548-4ef6-b628-d85fb24a2e84" testListId="8c84fa94-04c1-424b-9868-57a2d4851a1d" /><TestEntry testId="2b8724c7-f022-4ba5-8499-ad49ac50f8a1" executionId="bddafb1d-b299-4806-aed2-d2ed7475f12f" testListId="8c84fa94-04c1-424b-9868-57a2d4851a1d" /><TestEntry testId="ea20a821-ff41-4a1f-aa8e-47af98bea7b8" executionId="4c19a1b5-7272-46d4-8086-eb6239735148" testListId="8c84fa94-04c1-424b-9868-57a2d4851a1d" /><TestEntry testId="d4338d95-8cda-4b86-b6fc-cf2443f5445b" executionId="8cce975d-ae0c-41de-8898-092a7325dca0" testListId="8c84fa94-04c1-424b-9868-57a2d4851a1d" /><TestEntry testId="de4897e9-4d46-4e2e-a308-065b80cce67b" executionId="2f7da0d7-b98b-4e11-b224-5b5b7fe0ef20" testListId="8c84fa94-04c1-424b-9868-57a2d4851a1d" /><TestEntry testId="ef9239b6-295c-4f34-94cc-f1a9abec5bd3" executionId="9f8be54a-7a7a-4161-98b3-66b2deb992f2" testListId="8c84fa94-04c1-424b-9868-57a2d4851a1d" /><TestEntry testId="d331977c-87e5-4e83-957a-064526205bfc" executionId="48ed77e6-161f-4506-9d66-fed94c85caf1" testListId="8c84fa94-04c1-424b-9868-57a2d4851a1d" /><TestEntry testId="42a77856-b09e-48a3-aa7f-5adb94b8d225" executionId="1350ad68-7659-4ad0-8cc1-cca67605230a" testListId="8c84fa94-04c1-424b-9868-57a2d4851a1d" /><TestEntry testId="c48144e9-a281-4cf9-baac-5a583a7cb319" executionId="7850e2c9-b84e-49c2-ad0d-c7ffd58277eb" testListId="8c84fa94-04c1-424b-9868-57a2d4851a1d" /><TestEntry testId="64c5dc32-bba1-4fde-9a4e-8fb9f56d75b2" executionId="3702da79-b2d4-4905-b100-77e26ca4e1f2" testListId="8c84fa94-04c1-424b-9868-57a2d4851a1d" /><TestEntry testId="670be8f2-91aa-4769-8a50-e0cba8271980" executionId="e2c2d2d4-284c-47aa-aa66-ef29181163c2" testListId="8c84fa94-04c1-424b-9868-57a2d4851a1d" /><TestEntry testId="df3348c9-1f07-4c65-bca4-791032332b22" executionId="44e14819-9760-4587-8a70-592451c3c335" testListId="8c84fa94-04c1-424b-9868-57a2d4851a1d" /><TestEntry testId="dcf94431-fc06-495c-ba68-59374e943c0c" executionId="9eb5393d-c83e-4b07-bf06-73ff1c8de954" testListId="8c84fa94-04c1-424b-9868-57a2d4851a1d" /><TestEntry testId="c5e5d552-40b2-4587-b9a6-d38a744c5e86" executionId="39f3740b-7cc1-4c22-b1ed-4c0877e1ef6d" testListId="8c84fa94-04c1-424b-9868-57a2d4851a1d" /><TestEntry testId="4438ba15-b782-4634-b2b0-395e53e35ed8" executionId="b91dd318-0890-46ed-8caa-b498cd922b45" testListId="8c84fa94-04c1-424b-9868-57a2d4851a1d" /><TestEntry testId="1b49fe67-5a5c-40e2-a798-8f1b7b2a17ae" executionId="40f9ab94-3a47-4d23-8efb-fdccdbe62a32" testListId="8c84fa94-04c1-424b-9868-57a2d4851a1d" /><TestEntry testId="066b4580-4dee-495c-a26b-4c035f60d9ca" executionId="d3865dad-d0bd-448c-83d1-fefd7f04ef5d" testListId="8c84fa94-04c1-424b-9868-57a2d4851a1d" /><TestEntry testId="9c05da73-1c53-413e-8390-f5f9c7c94268" executionId="68631f24-3ce2-4b75-9761-a46398e40c62" testListId="8c84fa94-04c1-424b-9868-57a2d4851a1d" /><TestEntry testId="d2afacd5-33c2-4217-9cdd-3d4346eb4f03" executionId="d61bf14e-cf11-4308-8dd2-5abc385a3e66" testListId="8c84fa94-04c1-424b-9868-57a2d4851a1d" /><TestEntry testId="b6f9757d-0a23-4af6-b0ea-9280156f8b7e" executionId="8a9422f7-5355-4740-b7b2-d97f7c70975b" testListId="8c84fa94-04c1-424b-9868-57a2d4851a1d" /><TestEntry testId="5172ee6c-02d5-480a-89fd-494d010e6555" executionId="0ca68607-4081-480b-9ede-8a2b94805527" testListId="8c84fa94-04c1-424b-9868-57a2d4851a1d" /><TestEntry testId="5deb0bd5-4f51-4250-89b4-7f198aba15df" executionId="07a2129d-b30e-4a1a-85c3-24d1c4d1bb88" testListId="8c84fa94-04c1-424b-9868-57a2d4851a1d" /><TestEntry testId="d43b52e1-d88f-4aab-8cf1-30f4b9eb2a21" executionId="6d61601e-a02e-48ba-a1e4-1d35e4559767" testListId="8c84fa94-04c1-424b-9868-57a2d4851a1d" /><TestEntry testId="d97b422c-4abb-4a94-ba0a-d43bfca50bd3" executionId="1879cc60-5a70-42e1-a2a3-80e7c661ade0" testListId="8c84fa94-04c1-424b-9868-57a2d4851a1d" /><TestEntry testId="4f2a5515-2cd4-4c7b-b141-c5ab7d673c59" executionId="407036f0-ba69-488b-a1cf-d2e1085cbf15" testListId="8c84fa94-04c1-424b-9868-57a2d4851a1d" /><TestEntry testId="80176166-5af0-47aa-9cb2-10a262e8e76b" executionId="82ae39a0-3412-4c73-a87b-be959328c55d" testListId="8c84fa94-04c1-424b-9868-57a2d4851a1d" /><TestEntry testId="a7059a43-9761-451a-b974-c0a11f36bd7b" executionId="137a5cd4-5e8a-475a-b53f-dbc9d8d1992f" testListId="8c84fa94-04c1-424b-9868-57a2d4851a1d" /><TestEntry testId="5891bcdf-b148-45da-a145-e82487dc6533" executionId="1f8239f7-4002-40a3-9fed-ad2702987243" testListId="8c84fa94-04c1-424b-9868-57a2d4851a1d" /><TestEntry testId="e83a73d4-dac2-4cb6-b7cd-0974179a3cfe" executionId="832e4cdc-8d3d-4380-91f2-c72247df4463" testListId="8c84fa94-04c1-424b-9868-57a2d4851a1d" /><TestEntry testId="ba181074-18d5-4e48-9d13-e329b78af1a0" executionId="65d21291-abf9-476b-8975-ef54c89361e9" testListId="8c84fa94-04c1-424b-9868-57a2d4851a1d" /><TestEntry testId="1ae1954b-09c0-4ebc-a8b0-d9b1763458d0" executionId="dc7fccff-e0fe-463d-b732-28fe9bc42521" testListId="8c84fa94-04c1-424b-9868-57a2d4851a1d" /><TestEntry testId="e007b672-91df-418e-b2b7-f8c5a41fde03" executionId="074d2592-fa92-4dd8-9fef-a8d8891991be" testListId="8c84fa94-04c1-424b-9868-57a2d4851a1d" /><TestEntry testId="da90276f-e842-4754-94b7-53dc3fd81abb" executionId="c16384fe-1372-4c0e-8d17-b83096ebeb1e" testListId="8c84fa94-04c1-424b-9868-57a2d4851a1d" /><TestEntry testId="21c17274-fafb-4e46-8866-b0978b3339fd" executionId="c198c3b1-ddb6-41fd-ad3d-4ec807303044" testListId="8c84fa94-04c1-424b-9868-57a2d4851a1d" /><TestEntry testId="eced8a54-1d28-4cdb-85f7-5acd0460fd4c" executionId="54bd56b8-a3ff-4150-8b7c-2257b0d16ad8" testListId="8c84fa94-04c1-424b-9868-57a2d4851a1d" /><TestEntry testId="46f4ed43-03b2-4daa-8e73-649748aabf55" executionId="447975a2-88f7-4509-8b95-65dbda66181d" testListId="8c84fa94-04c1-424b-9868-57a2d4851a1d" /><TestEntry testId="8deb5e57-fefc-40aa-ad03-76d67b72c445" executionId="4be76b10-97f0-4528-9e39-c3681822dd27" testListId="8c84fa94-04c1-424b-9868-57a2d4851a1d" /><TestEntry testId="69ef0d93-deba-4dca-b34f-b93d8832e924" executionId="d4fcaf22-98e1-4896-addd-72d51e1b2e41" testListId="8c84fa94-04c1-424b-9868-57a2d4851a1d" /><TestEntry testId="4c02e963-1272-4c42-b531-ce69ec622964" executionId="0da97bfb-b2ad-44a7-8dc9-f4d0d5d5c17b" testListId="8c84fa94-04c1-424b-9868-57a2d4851a1d" /><TestEntry testId="3eb530ad-99d2-413f-a23d-09ac07440177" executionId="b605c4f5-d0ff-4deb-8eac-abbc14c38497" testListId="8c84fa94-04c1-424b-9868-57a2d4851a1d" /><TestEntry testId="caf15866-abcb-4aae-888a-15eeef7a390f" executionId="800573d8-b820-45ed-8362-354d1aeb27df" testListId="8c84fa94-04c1-424b-9868-57a2d4851a1d" /><TestEntry testId="77f6845e-565b-4940-903f-987237b56820" executionId="d8d02252-f997-42fe-8702-f9cc9ca58b24" testListId="8c84fa94-04c1-424b-9868-57a2d4851a1d" /><TestEntry testId="cfb81550-85e3-4507-bad8-5e0dac3230aa" executionId="fcaea03d-d9bc-4ce5-80f7-00afce2fb176" testListId="8c84fa94-04c1-424b-9868-57a2d4851a1d" /><TestEntry testId="903b3fa1-84a3-4194-b516-9cf0e1f331cc" executionId="7db904f0-dafc-483a-96b6-7a091de5d322" testListId="8c84fa94-04c1-424b-9868-57a2d4851a1d" /><TestEntry testId="90a5563e-3c01-40a8-adc5-807dd32732d9" executionId="e93494ff-87ad-4a4b-a7d4-581103dc69e5" testListId="8c84fa94-04c1-424b-9868-57a2d4851a1d" /><TestEntry testId="8988d781-63b5-4b8e-82a6-ee13184552a2" executionId="af748f02-88b5-456c-978b-6ffc5a245b7c" testListId="8c84fa94-04c1-424b-9868-57a2d4851a1d" /><TestEntry testId="c91b31af-99e5-4ddc-8cf9-b283e933acfb" executionId="e774a6d8-d8d9-418f-8cd6-9f2bf4a5a324" testListId="8c84fa94-04c1-424b-9868-57a2d4851a1d" /><TestEntry testId="70a108ed-0f45-47e4-8649-88d1857025d8" executionId="9be84819-96bd-4e61-855d-8b4824a29ee6" testListId="8c84fa94-04c1-424b-9868-57a2d4851a1d" /><TestEntry testId="ad00d716-adf6-4701-8cfb-d273cf7ea2ae" executionId="6faaa37a-a76e-48dc-aed8-1fce3bc9f982" testListId="8c84fa94-04c1-424b-9868-57a2d4851a1d" /><TestEntry testId="241f7b12-4698-4ec9-81d2-c8bf2f233984" executionId="9b3aeb08-3973-4b6d-b0ad-34226ce8665a" testListId="8c84fa94-04c1-424b-9868-57a2d4851a1d" /></TestEntries><TestLists><TestList name="Results Not in a List" id="8c84fa94-04c1-424b-9868-57a2d4851a1d" /><TestList name="All Loaded Results" id="19431567-8539-422a-85d7-44ee4e166bda" /></TestLists><ResultSummary outcome="Completed"><Counters total="152" executed="152" passed="152" failed="0" error="0" timeout="0" aborted="0" inconclusive="0" passedButRunAborted="0" notRunnable="0" notExecuted="0" disconnected="0" warning="0" completed="0" inProgress="0" pending="0" /><Output><StdOut>[xUnit.net 00:00:01.1626875]   Discovering: ModelRelief.Test[xUnit.net 00:00:01.2763437]   Discovered:  ModelRelief.Test[xUnit.net 00:00:01.2840593]   Starting:    ModelRelief.Test[xUnit.net 00:00:18.3003269]   Finished:    ModelRelief.Test</StdOut></Output></ResultSummary></TestRun>