<?xml version="1.0" encoding="utf-8"?><TestRun id="bb798758-a3d8-4456-8318-3198a9760060" name="Steve Knipmeyer@VECTOR 2018-08-11 16:04:09" runUser="VECTOR\Steve Knipmeyer" xmlns="http://microsoft.com/schemas/VisualStudio/TeamTest/2010"><Times creation="2018-08-11T16:04:09.7220909-04:00" queuing="2018-08-11T16:04:09.7221127-04:00" start="2018-08-11T16:04:05.3328667-04:00" finish="2018-08-11T16:04:27.3388228-04:00" /><TestSettings name="default" id="8f865c46-75ff-4a6e-a171-1d1cb39928c4"><Deployment runDeploymentRoot="Steve_Knipmeyer_VECTOR_2018-08-11_16_04_09" /></TestSettings><Results><UnitTestResult executionId="4028616c-1476-4b86-8995-c77385c0db0d" testId="9d2fc086-567d-4de1-9fae-13e169e1c486" testName="Patch_InvalidEnumPropertyValueReturnsBadRequest" computerName="VECTOR" duration="00:00:00.0080000" startTime="2018-08-11T16:04:10.5603231-04:00" endTime="2018-08-11T16:04:10.5603265-04:00" testType="13cdc9d9-ddb5-4fa4-a97d-d965ccfc6d4b" outcome="Passed" testListId="8c84fa94-04c1-424b-9868-57a2d4851a1d" relativeResultsDirectory="4028616c-1476-4b86-8995-c77385c0db0d" /><UnitTestResult executionId="72b7a0b1-058a-471a-b9e1-98ffeb74d0a3" testId="0a5ad1d2-68a8-43c9-afe8-f84e484e0bf9" testName="Post_CanCreateNewModel" computerName="VECTOR" duration="00:00:00.0230000" startTime="2018-08-11T16:04:11.6285612-04:00" endTime="2018-08-11T16:04:11.6285675-04:00" testType="13cdc9d9-ddb5-4fa4-a97d-d965ccfc6d4b" outcome="Passed" testListId="8c84fa94-04c1-424b-9868-57a2d4851a1d" relativeResultsDirectory="72b7a0b1-058a-471a-b9e1-98ffeb74d0a3" /><UnitTestResult executionId="18974b0b-63fd-4d9d-ab4a-b1e764feb17c" testId="8b295c14-d21c-443d-a445-d0b4d32a8f94" testName="Put_InvalidReferencePropertyReturndBadRequest" computerName="VECTOR" duration="00:00:00.0390000" startTime="2018-08-11T16:04:24.0156111-04:00" endTime="2018-08-11T16:04:24.0156169-04:00" testType="13cdc9d9-ddb5-4fa4-a97d-d965ccfc6d4b" outcome="Passed" testListId="8c84fa94-04c1-424b-9868-57a2d4851a1d" relativeResultsDirectory="18974b0b-63fd-4d9d-ab4a-b1e764feb17c" /><UnitTestResult executionId="6b1baf7d-5d1b-4cfe-9e5b-99c01827f7f7" testId="649b8d34-8150-4eb4-956c-5239de8b1985" testName="Delete_TargetModelIsDeleted" computerName="VECTOR" duration="00:00:00.0320000" startTime="2018-08-11T16:04:24.0483441-04:00" endTime="2018-08-11T16:04:24.0483498-04:00" testType="13cdc9d9-ddb5-4fa4-a97d-d965ccfc6d4b" outcome="Passed" testListId="8c84fa94-04c1-424b-9868-57a2d4851a1d" relativeResultsDirectory="6b1baf7d-5d1b-4cfe-9e5b-99c01827f7f7" /><UnitTestResult executionId="78fee9f9-9c72-4a26-b04c-c2467cd3d402" testId="4360b3da-7d44-4abd-bba5-2dfbce166f2a" testName="LucyDepthBufferFindsOneDependent" computerName="VECTOR" duration="00:00:00.0070000" startTime="2018-08-11T16:04:09.4470867-04:00" endTime="2018-08-11T16:04:09.4470902-04:00" testType="13cdc9d9-ddb5-4fa4-a97d-d965ccfc6d4b" outcome="Passed" testListId="8c84fa94-04c1-424b-9868-57a2d4851a1d" relativeResultsDirectory="78fee9f9-9c72-4a26-b04c-c2467cd3d402" /><UnitTestResult executionId="f7ae2af1-b5a7-4589-aaa2-907007bd73e4" testId="b9ce16b2-8e97-4beb-b043-90e38b4cb1f5" testName="LucyCameraFindsAllDependents" computerName="VECTOR" duration="00:00:00.0120000" startTime="2018-08-11T16:04:09.4385671-04:00" endTime="2018-08-11T16:04:09.4385744-04:00" testType="13cdc9d9-ddb5-4fa4-a97d-d965ccfc6d4b" outcome="Passed" testListId="8c84fa94-04c1-424b-9868-57a2d4851a1d" relativeResultsDirectory="f7ae2af1-b5a7-4589-aaa2-907007bd73e4" /><UnitTestResult executionId="232143d6-2efe-49b0-a332-c0295d8c64d3" testId="43e15972-1f07-4e5b-8df1-4e05c4d4d278" testName="Post_ValidReferencePropertyCreatesModel" computerName="VECTOR" duration="00:00:00.0360000" startTime="2018-08-11T16:04:15.9950873-04:00" endTime="2018-08-11T16:04:15.9950930-04:00" testType="13cdc9d9-ddb5-4fa4-a97d-d965ccfc6d4b" outcome="Passed" testListId="8c84fa94-04c1-424b-9868-57a2d4851a1d" relativeResultsDirectory="232143d6-2efe-49b0-a332-c0295d8c64d3" /><UnitTestResult executionId="9ec1a983-4765-41e1-9926-2b28bfe9f161" testId="d266e2c0-0622-4b7f-a81b-50308e98a551" testName="Patch_MultipleInvalidReferencePropertiesReturnsMultipleValidationErrorsAndBadRequest" computerName="VECTOR" duration="00:00:00.0270000" startTime="2018-08-11T16:04:11.5677845-04:00" endTime="2018-08-11T16:04:11.5677907-04:00" testType="13cdc9d9-ddb5-4fa4-a97d-d965ccfc6d4b" outcome="Passed" testListId="8c84fa94-04c1-424b-9868-57a2d4851a1d" relativeResultsDirectory="9ec1a983-4765-41e1-9926-2b28bfe9f161" /><UnitTestResult executionId="f9faba47-f356-4323-8455-d51381e97454" testId="cc6e2889-3652-4dc0-9723-26f38809278c" testName="Patch_TargetPropertyIsUpdated" computerName="VECTOR" duration="00:00:00.0630000" startTime="2018-08-11T16:04:24.1551576-04:00" endTime="2018-08-11T16:04:24.1551634-04:00" testType="13cdc9d9-ddb5-4fa4-a97d-d965ccfc6d4b" outcome="Passed" testListId="8c84fa94-04c1-424b-9868-57a2d4851a1d" relativeResultsDirectory="f9faba47-f356-4323-8455-d51381e97454" /><UnitTestResult executionId="8ddad524-0644-4338-ad33-0340c14f9b60" testId="ba18970b-8158-4638-be7a-47c527d4e6d4" testName="FileRequest_MeshGenerateSetsFileIsSynchronized" computerName="VECTOR" duration="00:00:03.8310000" startTime="2018-08-11T16:04:23.6698443-04:00" endTime="2018-08-11T16:04:23.6698504-04:00" testType="13cdc9d9-ddb5-4fa4-a97d-d965ccfc6d4b" outcome="Passed" testListId="8c84fa94-04c1-424b-9868-57a2d4851a1d" relativeResultsDirectory="8ddad524-0644-4338-ad33-0340c14f9b60" /><UnitTestResult executionId="7af25014-849e-4074-8c6d-99c9b07cd249" testId="46d1e9ad-0e2f-4da0-a611-d21f379a5966" testName="GetFile_ExistingFileReturnsSuccess" computerName="VECTOR" duration="00:00:00.0710000" startTime="2018-08-11T16:04:18.5901848-04:00" endTime="2018-08-11T16:04:18.5901924-04:00" testType="13cdc9d9-ddb5-4fa4-a97d-d965ccfc6d4b" outcome="Passed" testListId="8c84fa94-04c1-424b-9868-57a2d4851a1d" relativeResultsDirectory="7af25014-849e-4074-8c6d-99c9b07cd249" /><UnitTestResult executionId="b9b190e0-55c7-4b93-8f32-c1199af4b79a" testId="0ca36372-8ad4-4cd2-8436-89d5de5e9fac" testName="Patch_ValidReferencePropertyUpdatesModel" computerName="VECTOR" duration="00:00:00.0580000" startTime="2018-08-11T16:04:24.5306137-04:00" endTime="2018-08-11T16:04:24.5306198-04:00" testType="13cdc9d9-ddb5-4fa4-a97d-d965ccfc6d4b" outcome="Passed" testListId="8c84fa94-04c1-424b-9868-57a2d4851a1d" relativeResultsDirectory="b9b190e0-55c7-4b93-8f32-c1199af4b79a" /><UnitTestResult executionId="8fe96401-bfd2-4931-9e75-2acfeedb5dde" testId="a841c6a3-3930-485e-b4b5-e931b55e3c37" testName="Put_CanUpdateModel" computerName="VECTOR" duration="00:00:00.4960000" startTime="2018-08-11T16:04:15.6016068-04:00" endTime="2018-08-11T16:04:15.6016133-04:00" testType="13cdc9d9-ddb5-4fa4-a97d-d965ccfc6d4b" outcome="Passed" testListId="8c84fa94-04c1-424b-9868-57a2d4851a1d" relativeResultsDirectory="8fe96401-bfd2-4931-9e75-2acfeedb5dde" /><UnitTestResult executionId="b3721d15-6fc4-4c67-9a30-0c8d28d14647" testId="d63dc28c-925a-40e9-a1f7-b900d04e203e" testName="GetList_ListReturnsCorrectCount" computerName="VECTOR" duration="00:00:00.0160000" startTime="2018-08-11T16:04:12.9135075-04:00" endTime="2018-08-11T16:04:12.9135132-04:00" testType="13cdc9d9-ddb5-4fa4-a97d-d965ccfc6d4b" outcome="Passed" testListId="8c84fa94-04c1-424b-9868-57a2d4851a1d" relativeResultsDirectory="b3721d15-6fc4-4c67-9a30-0c8d28d14647" /><UnitTestResult executionId="ad5090b0-aec7-4ba5-8f87-bcf01b1ecd33" testId="8d5f4ade-2df4-4cbb-a06d-7b265cbe0625" testName="Delete_TargetModelIsDeleted" computerName="VECTOR" duration="00:00:00.0260000" startTime="2018-08-11T16:04:11.6816552-04:00" endTime="2018-08-11T16:04:11.6816612-04:00" testType="13cdc9d9-ddb5-4fa4-a97d-d965ccfc6d4b" outcome="Passed" testListId="8c84fa94-04c1-424b-9868-57a2d4851a1d" relativeResultsDirectory="ad5090b0-aec7-4ba5-8f87-bcf01b1ecd33" /><UnitTestResult executionId="bc2fa3f3-9654-44f9-9ec6-9aff51202731" testId="1c1fe521-0b85-47e5-8cb2-fb53320bfeed" testName="Patch_ValidReferencePropertyUpdatesModel" computerName="VECTOR" duration="00:00:00.0600000" startTime="2018-08-11T16:04:13.1491585-04:00" endTime="2018-08-11T16:04:13.1491647-04:00" testType="13cdc9d9-ddb5-4fa4-a97d-d965ccfc6d4b" outcome="Passed" testListId="8c84fa94-04c1-424b-9868-57a2d4851a1d" relativeResultsDirectory="bc2fa3f3-9654-44f9-9ec6-9aff51202731" /><UnitTestResult executionId="79af0c07-2985-4056-82d9-466d52721b9a" testId="5fa9f308-e574-4ee9-95b0-892563cc2fac" testName="Put_CanUpdateModel" computerName="VECTOR" duration="00:00:00.0550000" startTime="2018-08-11T16:04:13.2639385-04:00" endTime="2018-08-11T16:04:13.2639443-04:00" testType="13cdc9d9-ddb5-4fa4-a97d-d965ccfc6d4b" outcome="Passed" testListId="8c84fa94-04c1-424b-9868-57a2d4851a1d" relativeResultsDirectory="79af0c07-2985-4056-82d9-466d52721b9a" /><UnitTestResult executionId="6f662492-30b0-413e-9026-81b6fe84b680" testId="be38a310-7f56-470a-a083-8d7fe04c15d9" testName="Patch_InvalidEnumPropertyValueReturnsBadRequest" computerName="VECTOR" duration="00:00:00.0160000" startTime="2018-08-11T16:04:11.6047305-04:00" endTime="2018-08-11T16:04:11.6047368-04:00" testType="13cdc9d9-ddb5-4fa4-a97d-d965ccfc6d4b" outcome="Passed" testListId="8c84fa94-04c1-424b-9868-57a2d4851a1d" relativeResultsDirectory="6f662492-30b0-413e-9026-81b6fe84b680" /><UnitTestResult executionId="470faca4-4584-4dbe-b4fb-807dcc1e66c0" testId="0655a235-3286-4470-b400-9dfabc501e41" testName="Put_CanUpdateModel" computerName="VECTOR" duration="00:00:00.0570000" startTime="2018-08-11T16:04:26.9042874-04:00" endTime="2018-08-11T16:04:26.9042935-04:00" testType="13cdc9d9-ddb5-4fa4-a97d-d965ccfc6d4b" outcome="Passed" testListId="8c84fa94-04c1-424b-9868-57a2d4851a1d" relativeResultsDirectory="470faca4-4584-4dbe-b4fb-807dcc1e66c0" /><UnitTestResult executionId="726d5eb3-f79b-4a1a-933f-bcf255e1619a" testId="4bb868da-a405-411a-9165-64c8133bdc11" testName="PostFile_FileIsSynchronizedIsUpdatedAfterFileIsPosted" computerName="VECTOR" duration="00:00:00.0150000" startTime="2018-08-11T16:04:12.4700015-04:00" endTime="2018-08-11T16:04:12.4700140-04:00" testType="13cdc9d9-ddb5-4fa4-a97d-d965ccfc6d4b" outcome="Passed" testListId="8c84fa94-04c1-424b-9868-57a2d4851a1d" relativeResultsDirectory="726d5eb3-f79b-4a1a-933f-bcf255e1619a" /><UnitTestResult executionId="6c461e54-d01a-4fef-9ceb-868d206bf36a" testId="7690e92b-a06f-4b5a-9384-fb470f295c83" testName="FileRequest_FileCanBeReadAfterRename" computerName="VECTOR" duration="00:00:00.1010000" startTime="2018-08-11T16:04:23.9062644-04:00" endTime="2018-08-11T16:04:23.9062699-04:00" testType="13cdc9d9-ddb5-4fa4-a97d-d965ccfc6d4b" outcome="Passed" testListId="8c84fa94-04c1-424b-9868-57a2d4851a1d" relativeResultsDirectory="6c461e54-d01a-4fef-9ceb-868d206bf36a" /><UnitTestResult executionId="cea5c67e-77c8-4b29-8dcc-2dfd8b9da495" testId="487d61f2-2787-4d26-979c-540eacf2cedd" testName="Patch_InvalidReferencePropertyReturnsBadRequest" computerName="VECTOR" duration="00:00:00.0350000" startTime="2018-08-11T16:04:15.8225083-04:00" endTime="2018-08-11T16:04:15.8225153-04:00" testType="13cdc9d9-ddb5-4fa4-a97d-d965ccfc6d4b" outcome="Passed" testListId="8c84fa94-04c1-424b-9868-57a2d4851a1d" relativeResultsDirectory="cea5c67e-77c8-4b29-8dcc-2dfd8b9da495" /><UnitTestResult executionId="75478ac6-ab2c-47c2-9760-3e67d348ed06" testId="34da3048-b047-4801-b9b3-4f3052e15528" testName="GetSingle_InvalidIdPropertyValueReturnsNotFound" computerName="VECTOR" duration="00:00:00.0110000" startTime="2018-08-11T16:04:10.5717201-04:00" endTime="2018-08-11T16:04:10.5717261-04:00" testType="13cdc9d9-ddb5-4fa4-a97d-d965ccfc6d4b" outcome="Passed" testListId="8c84fa94-04c1-424b-9868-57a2d4851a1d" relativeResultsDirectory="75478ac6-ab2c-47c2-9760-3e67d348ed06" /><UnitTestResult executionId="aa658049-7626-4b39-8a86-d1481f4dd6ad" testId="b05f3681-85ea-4465-84c0-513c93f7f8c9" testName="PutFile_FileCanBeUpdated" computerName="VECTOR" duration="00:00:00.1470000" startTime="2018-08-11T16:04:11.9587765-04:00" endTime="2018-08-11T16:04:11.9587828-04:00" testType="13cdc9d9-ddb5-4fa4-a97d-d965ccfc6d4b" outcome="Passed" testListId="8c84fa94-04c1-424b-9868-57a2d4851a1d" relativeResultsDirectory="aa658049-7626-4b39-8a86-d1481f4dd6ad" /><UnitTestResult executionId="5f0e0a96-5f1c-4f93-85bf-b0be5190e33b" testId="8876f484-cb43-4199-9560-8b03c7195f27" testName="Post_InvalidPropertyValueReturnsBadRequest" computerName="VECTOR" duration="00:00:00.0150000" startTime="2018-08-11T16:04:24.4717239-04:00" endTime="2018-08-11T16:04:24.4717304-04:00" testType="13cdc9d9-ddb5-4fa4-a97d-d965ccfc6d4b" outcome="Passed" testListId="8c84fa94-04c1-424b-9868-57a2d4851a1d" relativeResultsDirectory="5f0e0a96-5f1c-4f93-85bf-b0be5190e33b" /><UnitTestResult executionId="3714e150-3ab9-4d65-ac5a-6c62fa0915e3" testId="b75be1f7-ced3-4cd9-8e00-85b2fbe585cb" testName="Post_CanCreateNewModel" computerName="VECTOR" duration="00:00:00.0270000" startTime="2018-08-11T16:04:26.7401472-04:00" endTime="2018-08-11T16:04:26.7401534-04:00" testType="13cdc9d9-ddb5-4fa4-a97d-d965ccfc6d4b" outcome="Passed" testListId="8c84fa94-04c1-424b-9868-57a2d4851a1d" relativeResultsDirectory="3714e150-3ab9-4d65-ac5a-6c62fa0915e3" /><UnitTestResult executionId="5e804272-e57b-47a2-acdd-bf397edb883f" testId="1cb0c243-8923-4225-a317-d18b96181b30" testName="Patch_MultipleInvalidReferencePropertiesReturnsMultipleValidationErrorsAndBadRequest" computerName="VECTOR" duration="00:00:00.0280000" startTime="2018-08-11T16:04:26.9827100-04:00" endTime="2018-08-11T16:04:26.9827159-04:00" testType="13cdc9d9-ddb5-4fa4-a97d-d965ccfc6d4b" outcome="Passed" testListId="8c84fa94-04c1-424b-9868-57a2d4851a1d" relativeResultsDirectory="5e804272-e57b-47a2-acdd-bf397edb883f" /><UnitTestResult executionId="58cf64c4-cd71-4f79-b85f-4c5d7074c90f" testId="8b625071-03f9-4da2-be7c-997f9f04f1e2" testName="Patch_TargetPropertyIsUpdated" computerName="VECTOR" duration="00:00:00.0620000" startTime="2018-08-11T16:04:15.7527935-04:00" endTime="2018-08-11T16:04:15.7527995-04:00" testType="13cdc9d9-ddb5-4fa4-a97d-d965ccfc6d4b" outcome="Passed" testListId="8c84fa94-04c1-424b-9868-57a2d4851a1d" relativeResultsDirectory="58cf64c4-cd71-4f79-b85f-4c5d7074c90f" /><UnitTestResult executionId="7588785a-7357-4253-b220-449e5aa99a55" testId="110d65ea-072d-42fd-876a-c25879c824ac" testName="Put_InvalidIdReturnsNotFound" computerName="VECTOR" duration="00:00:00.0380000" startTime="2018-08-11T16:04:10.5405865-04:00" endTime="2018-08-11T16:04:10.5405928-04:00" testType="13cdc9d9-ddb5-4fa4-a97d-d965ccfc6d4b" outcome="Passed" testListId="8c84fa94-04c1-424b-9868-57a2d4851a1d" relativeResultsDirectory="7588785a-7357-4253-b220-449e5aa99a55" /><UnitTestResult executionId="0ba8112d-ba83-47d2-b1c1-d710620f2b47" testId="74aa13d6-431e-4644-87af-f47f3fea3a27" testName="Delete_TargetModelIsDeleted" computerName="VECTOR" duration="00:00:00.2140000" startTime="2018-08-11T16:04:10.3994128-04:00" endTime="2018-08-11T16:04:10.3994191-04:00" testType="13cdc9d9-ddb5-4fa4-a97d-d965ccfc6d4b" outcome="Passed" testListId="8c84fa94-04c1-424b-9868-57a2d4851a1d" relativeResultsDirectory="0ba8112d-ba83-47d2-b1c1-d710620f2b47" /><UnitTestResult executionId="aac85e63-452e-42cb-aed1-caa1c6efd002" testId="e977ab5a-67b6-4965-bd3c-6bd9adf0f490" testName="Post_InvalidPropertyValueReturnsBadRequest" computerName="VECTOR" duration="00:00:00.0150000" startTime="2018-08-11T16:04:13.0185270-04:00" endTime="2018-08-11T16:04:13.0185341-04:00" testType="13cdc9d9-ddb5-4fa4-a97d-d965ccfc6d4b" outcome="Passed" testListId="8c84fa94-04c1-424b-9868-57a2d4851a1d" relativeResultsDirectory="aac85e63-452e-42cb-aed1-caa1c6efd002" /><UnitTestResult executionId="c469599e-712a-4755-bbb4-64531b0198c1" testId="8e3c9700-8fd3-49eb-a30a-98b8322d39b1" testName="PutFile_FileCanBeUpdated" computerName="VECTOR" duration="00:00:00.1250000" startTime="2018-08-11T16:04:25.9350503-04:00" endTime="2018-08-11T16:04:25.9350562-04:00" testType="13cdc9d9-ddb5-4fa4-a97d-d965ccfc6d4b" outcome="Passed" testListId="8c84fa94-04c1-424b-9868-57a2d4851a1d" relativeResultsDirectory="c469599e-712a-4755-bbb4-64531b0198c1" /><UnitTestResult executionId="10d16da3-320f-4f40-b695-3c2206b219d0" testId="88071341-92b9-42a4-bd1a-db8b5fc4659b" testName="Patch_InvalidIdPropertyReturnsNotFound" computerName="VECTOR" duration="00:00:00.0150000" startTime="2018-08-11T16:04:13.0795557-04:00" endTime="2018-08-11T16:04:13.0795613-04:00" testType="13cdc9d9-ddb5-4fa4-a97d-d965ccfc6d4b" outcome="Passed" testListId="8c84fa94-04c1-424b-9868-57a2d4851a1d" relativeResultsDirectory="10d16da3-320f-4f40-b695-3c2206b219d0" /><UnitTestResult executionId="db0a09c2-2dbc-4ba4-93a5-a43edc5b337c" testId="2ccd184e-3658-4251-8b9e-a222c09fd331" testName="Put_InvalidIdReturnsNotFound" computerName="VECTOR" duration="00:00:00.2100000" startTime="2018-08-11T16:04:12.6813116-04:00" endTime="2018-08-11T16:04:12.6813176-04:00" testType="13cdc9d9-ddb5-4fa4-a97d-d965ccfc6d4b" outcome="Passed" testListId="8c84fa94-04c1-424b-9868-57a2d4851a1d" relativeResultsDirectory="db0a09c2-2dbc-4ba4-93a5-a43edc5b337c" /><UnitTestResult executionId="10f878bb-6188-4619-a72d-7012eafa9a6a" testId="6801dffb-1eca-47e5-b834-fc726a568d11" testName="Post_CanCreateNewModel" computerName="VECTOR" duration="00:00:00.0160000" startTime="2018-08-11T16:04:10.5022925-04:00" endTime="2018-08-11T16:04:10.5022992-04:00" testType="13cdc9d9-ddb5-4fa4-a97d-d965ccfc6d4b" outcome="Passed" testListId="8c84fa94-04c1-424b-9868-57a2d4851a1d" relativeResultsDirectory="10f878bb-6188-4619-a72d-7012eafa9a6a" /><UnitTestResult executionId="1c8e1321-532c-4cf3-99ba-13dd418ffcb3" testId="735318ed-3e4f-476f-8559-aafd8c8d74ae" testName="Post_InvalidPropertyValueReturnsBadRequest" computerName="VECTOR" duration="00:00:00.0160000" startTime="2018-08-11T16:04:11.3812908-04:00" endTime="2018-08-11T16:04:11.3812976-04:00" testType="13cdc9d9-ddb5-4fa4-a97d-d965ccfc6d4b" outcome="Passed" testListId="8c84fa94-04c1-424b-9868-57a2d4851a1d" relativeResultsDirectory="1c8e1321-532c-4cf3-99ba-13dd418ffcb3" /><UnitTestResult executionId="af40618c-2e5b-4263-9db3-0a9f435c1909" testId="712d1f91-8f5c-410f-923f-760e7701c3ba" testName="FileRequest_FileCanBeReadAfterRename" computerName="VECTOR" duration="00:00:00.1070000" startTime="2018-08-11T16:04:26.0423863-04:00" endTime="2018-08-11T16:04:26.0423920-04:00" testType="13cdc9d9-ddb5-4fa4-a97d-d965ccfc6d4b" outcome="Passed" testListId="8c84fa94-04c1-424b-9868-57a2d4851a1d" relativeResultsDirectory="af40618c-2e5b-4263-9db3-0a9f435c1909" /><UnitTestResult executionId="0e55fef9-81a8-44f4-977a-f78ff0af1220" testId="8139ab5b-0750-4313-bb9c-763fae45fb98" testName="GetSingle_ValidIdPropertyValueReturnsCorrectModel" computerName="VECTOR" duration="00:00:00.0160000" startTime="2018-08-11T16:04:13.2942340-04:00" endTime="2018-08-11T16:04:13.2942399-04:00" testType="13cdc9d9-ddb5-4fa4-a97d-d965ccfc6d4b" outcome="Passed" testListId="8c84fa94-04c1-424b-9868-57a2d4851a1d" relativeResultsDirectory="0e55fef9-81a8-44f4-977a-f78ff0af1220" /><UnitTestResult executionId="dbf65214-3b3b-469a-a1df-7c7cc55e0693" testId="8a21ee0e-a9d7-4863-b899-2c85ba53a595" testName="Patch_InvalidEnumPropertyValueReturnsBadRequest" computerName="VECTOR" duration="00:00:00.0090000" startTime="2018-08-11T16:04:13.0884519-04:00" endTime="2018-08-11T16:04:13.0884578-04:00" testType="13cdc9d9-ddb5-4fa4-a97d-d965ccfc6d4b" outcome="Passed" testListId="8c84fa94-04c1-424b-9868-57a2d4851a1d" relativeResultsDirectory="dbf65214-3b3b-469a-a1df-7c7cc55e0693" /><UnitTestResult executionId="ca816e0c-7308-41ca-980b-f425bd991a51" testId="2487d848-85b4-46d7-852e-c6e2e94f7038" testName="PutFile_FileCanBeUpdated" computerName="VECTOR" duration="00:00:00.1350000" startTime="2018-08-11T16:04:18.5187282-04:00" endTime="2018-08-11T16:04:18.5187339-04:00" testType="13cdc9d9-ddb5-4fa4-a97d-d965ccfc6d4b" outcome="Passed" testListId="8c84fa94-04c1-424b-9868-57a2d4851a1d" relativeResultsDirectory="ca816e0c-7308-41ca-980b-f425bd991a51" /><UnitTestResult executionId="f5420e93-26c4-42ef-a366-d633c4268770" testId="3bfb6508-a5ed-44c7-b96a-0c1c8d368e4b" testName="Patch_TargetPropertyIsUpdated" computerName="VECTOR" duration="00:00:00.0590000" startTime="2018-08-11T16:04:13.2084445-04:00" endTime="2018-08-11T16:04:13.2084510-04:00" testType="13cdc9d9-ddb5-4fa4-a97d-d965ccfc6d4b" outcome="Passed" testListId="8c84fa94-04c1-424b-9868-57a2d4851a1d" relativeResultsDirectory="f5420e93-26c4-42ef-a366-d633c4268770" /><UnitTestResult executionId="3b5f0495-99a5-4732-9faf-9266cda7c41e" testId="b92afa26-ef83-4e4a-8fa2-97d2100cd7e1" testName="Post_InvalidReferencePropertyReturnsBadRequest" computerName="VECTOR" duration="00:00:00.0210000" startTime="2018-08-11T16:04:24.4068699-04:00" endTime="2018-08-11T16:04:24.4068766-04:00" testType="13cdc9d9-ddb5-4fa4-a97d-d965ccfc6d4b" outcome="Passed" testListId="8c84fa94-04c1-424b-9868-57a2d4851a1d" relativeResultsDirectory="3b5f0495-99a5-4732-9faf-9266cda7c41e" /><UnitTestResult executionId="ba51ff6a-38a3-4a1a-9220-0ed365c729e5" testId="263ab14d-a654-40d0-9c35-31130915b3f9" testName="GetList_ListReturnsCorrectCount" computerName="VECTOR" duration="00:00:01.0570000" startTime="2018-08-11T16:04:14.3674833-04:00" endTime="2018-08-11T16:04:14.3674945-04:00" testType="13cdc9d9-ddb5-4fa4-a97d-d965ccfc6d4b" outcome="Passed" testListId="8c84fa94-04c1-424b-9868-57a2d4851a1d" relativeResultsDirectory="ba51ff6a-38a3-4a1a-9220-0ed365c729e5" /><UnitTestResult executionId="b03e36b8-1275-4a7a-a686-acfb290a9f65" testId="cd6a6aed-c393-4b26-a458-a86e145d4cba" testName="Delete_TargetModelIsDeleted" computerName="VECTOR" duration="00:00:00.0290000" startTime="2018-08-11T16:04:26.7904395-04:00" endTime="2018-08-11T16:04:26.7904453-04:00" testType="13cdc9d9-ddb5-4fa4-a97d-d965ccfc6d4b" outcome="Passed" testListId="8c84fa94-04c1-424b-9868-57a2d4851a1d" relativeResultsDirectory="b03e36b8-1275-4a7a-a686-acfb290a9f65" /><UnitTestResult executionId="67cbbc72-c71a-42cd-adae-8fb687af8d18" testId="a9023972-d75b-4130-bd50-6f0fb8a16fcb" testName="FileRequest_MeshIsInvalidatedAfterDepthBufferFileBecomesUnsynchronized" computerName="VECTOR" duration="00:00:02.0460000" startTime="2018-08-11T16:04:18.2895842-04:00" endTime="2018-08-11T16:04:18.2895908-04:00" testType="13cdc9d9-ddb5-4fa4-a97d-d965ccfc6d4b" outcome="Passed" testListId="8c84fa94-04c1-424b-9868-57a2d4851a1d" relativeResultsDirectory="67cbbc72-c71a-42cd-adae-8fb687af8d18" /><UnitTestResult executionId="4913d1f8-86e8-4d94-93cc-6270327727ba" testId="c241c245-4ffd-439d-84ae-cf135e391226" testName="Post_CanCreateNewModel" computerName="VECTOR" duration="00:00:00.0270000" startTime="2018-08-11T16:04:24.0915484-04:00" endTime="2018-08-11T16:04:24.0915546-04:00" testType="13cdc9d9-ddb5-4fa4-a97d-d965ccfc6d4b" outcome="Passed" testListId="8c84fa94-04c1-424b-9868-57a2d4851a1d" relativeResultsDirectory="4913d1f8-86e8-4d94-93cc-6270327727ba" /><UnitTestResult executionId="dc7c00ee-1bbc-4826-8596-12de24ba764e" testId="f6d035aa-0ccc-4799-b30d-3a383a026704" testName="Post_InvalidPropertyValueReturnsBadRequest" computerName="VECTOR" duration="00:00:00.0120000" startTime="2018-08-11T16:04:27.0274915-04:00" endTime="2018-08-11T16:04:27.0274988-04:00" testType="13cdc9d9-ddb5-4fa4-a97d-d965ccfc6d4b" outcome="Passed" testListId="8c84fa94-04c1-424b-9868-57a2d4851a1d" relativeResultsDirectory="dc7c00ee-1bbc-4826-8596-12de24ba764e" /><UnitTestResult executionId="2a1c1811-d481-4bb4-8ddc-3fadb99496ba" testId="ec300e59-8012-4474-8b21-e952ecba4c19" testName="GetFile_NonExistentFileReturnsNotFound" computerName="VECTOR" duration="00:00:00.0190000" startTime="2018-08-11T16:04:26.3864374-04:00" endTime="2018-08-11T16:04:26.3864439-04:00" testType="13cdc9d9-ddb5-4fa4-a97d-d965ccfc6d4b" outcome="Passed" testListId="8c84fa94-04c1-424b-9868-57a2d4851a1d" relativeResultsDirectory="2a1c1811-d481-4bb4-8ddc-3fadb99496ba" /><UnitTestResult executionId="ed01f568-41c6-457b-8c9e-f48674e0a50c" testId="caeb24c3-cb8c-4101-9d88-60552e9cdcf9" testName="GetSingle_InvalidIdPropertyValueReturnsNotFound" computerName="VECTOR" duration="00:00:00.0180000" startTime="2018-08-11T16:04:11.3082167-04:00" endTime="2018-08-11T16:04:11.3082236-04:00" testType="13cdc9d9-ddb5-4fa4-a97d-d965ccfc6d4b" outcome="Passed" testListId="8c84fa94-04c1-424b-9868-57a2d4851a1d" relativeResultsDirectory="ed01f568-41c6-457b-8c9e-f48674e0a50c" /><UnitTestResult executionId="86830195-8f4e-4ade-b3be-e5ec7e010749" testId="a09b110a-b11b-4cf4-8bae-f56cac441c9d" testName="Post_ValidReferencePropertyCreatesModel" computerName="VECTOR" duration="00:00:00.0250000" startTime="2018-08-11T16:04:26.9541890-04:00" endTime="2018-08-11T16:04:26.9541953-04:00" testType="13cdc9d9-ddb5-4fa4-a97d-d965ccfc6d4b" outcome="Passed" testListId="8c84fa94-04c1-424b-9868-57a2d4851a1d" relativeResultsDirectory="86830195-8f4e-4ade-b3be-e5ec7e010749" /><UnitTestResult executionId="04cfa174-9679-4b99-83ae-e9603b02f9df" testId="3311e50f-6123-4a83-8e39-53767c4ccb5c" testName="Put_ValidReferencePropertyUpdatesModel" computerName="VECTOR" duration="00:00:00.1790000" startTime="2018-08-11T16:04:24.3343928-04:00" endTime="2018-08-11T16:04:24.3343993-04:00" testType="13cdc9d9-ddb5-4fa4-a97d-d965ccfc6d4b" outcome="Passed" testListId="8c84fa94-04c1-424b-9868-57a2d4851a1d" relativeResultsDirectory="04cfa174-9679-4b99-83ae-e9603b02f9df" /><UnitTestResult executionId="d8a9c4b0-63a2-4e56-8a04-daeffa7cd6c6" testId="7de639dd-f666-4af2-8f42-22806ea4a87b" testName="Put_ValidReferencePropertyUpdatesModel" computerName="VECTOR" duration="00:00:00.0890000" startTime="2018-08-11T16:04:13.0028799-04:00" endTime="2018-08-11T16:04:13.0028859-04:00" testType="13cdc9d9-ddb5-4fa4-a97d-d965ccfc6d4b" outcome="Passed" testListId="8c84fa94-04c1-424b-9868-57a2d4851a1d" relativeResultsDirectory="d8a9c4b0-63a2-4e56-8a04-daeffa7cd6c6" /><UnitTestResult executionId="ef6cd76e-9692-4c84-95ae-d20a3a1e0fb8" testId="7dfec8fa-b693-497f-aa9b-47db873cb262" testName="Put_InvalidReferencePropertyReturndBadRequest" computerName="VECTOR" duration="00:00:00.0380000" startTime="2018-08-11T16:04:16.1014910-04:00" endTime="2018-08-11T16:04:16.1014968-04:00" testType="13cdc9d9-ddb5-4fa4-a97d-d965ccfc6d4b" outcome="Passed" testListId="8c84fa94-04c1-424b-9868-57a2d4851a1d" relativeResultsDirectory="ef6cd76e-9692-4c84-95ae-d20a3a1e0fb8" /><UnitTestResult executionId="2d0ab83d-194c-46d4-833a-1d518f2a00d4" testId="3e37cdfb-9c99-4443-89db-15dd8727511c" testName="GetList_ListReturnsCorrectCount" computerName="VECTOR" duration="00:00:00.0210000" startTime="2018-08-11T16:04:23.9567125-04:00" endTime="2018-08-11T16:04:23.9567180-04:00" testType="13cdc9d9-ddb5-4fa4-a97d-d965ccfc6d4b" outcome="Passed" testListId="8c84fa94-04c1-424b-9868-57a2d4851a1d" relativeResultsDirectory="2d0ab83d-194c-46d4-833a-1d518f2a00d4" /><UnitTestResult executionId="085d56fc-7ad3-407b-a948-6c1f9968b921" testId="d414136b-8da2-4eed-ba1e-91ed9d286fa1" testName="Patch_TargetPropertyIsUpdated" computerName="VECTOR" duration="00:00:00.0690000" startTime="2018-08-11T16:04:10.4687211-04:00" endTime="2018-08-11T16:04:10.4687281-04:00" testType="13cdc9d9-ddb5-4fa4-a97d-d965ccfc6d4b" outcome="Passed" testListId="8c84fa94-04c1-424b-9868-57a2d4851a1d" relativeResultsDirectory="085d56fc-7ad3-407b-a948-6c1f9968b921" /><UnitTestResult executionId="7daf9fdc-f4fa-4a24-b80f-7509a6876ebd" testId="f280b678-2f86-4dce-961d-26efe13bcc9c" testName="LucyModel3dHasTwoDependents" computerName="VECTOR" duration="00:00:01.2340000" startTime="2018-08-11T16:04:09.4254931-04:00" endTime="2018-08-11T16:04:09.4254995-04:00" testType="13cdc9d9-ddb5-4fa4-a97d-d965ccfc6d4b" outcome="Passed" testListId="8c84fa94-04c1-424b-9868-57a2d4851a1d" relativeResultsDirectory="7daf9fdc-f4fa-4a24-b80f-7509a6876ebd" /><UnitTestResult executionId="0c99c34b-b015-4228-8bcc-a04f055c1326" testId="525a07d2-55b3-461b-851b-c92fd853801f" testName="Patch_TargetPropertyIsUpdated" computerName="VECTOR" duration="00:00:00.1860000" startTime="2018-08-11T16:04:11.1850909-04:00" endTime="2018-08-11T16:04:11.1850974-04:00" testType="13cdc9d9-ddb5-4fa4-a97d-d965ccfc6d4b" outcome="Passed" testListId="8c84fa94-04c1-424b-9868-57a2d4851a1d" relativeResultsDirectory="0c99c34b-b015-4228-8bcc-a04f055c1326" /><UnitTestResult executionId="a0bd2466-1fba-4641-b326-2063ddf81ef7" testId="cea70a5c-9ce0-4034-b9ac-6c4d414e9ebf" testName="Model3dHasExpectedDependentFiles" computerName="VECTOR" duration="00:00:00.0320000" startTime="2018-08-11T16:04:08.1931270-04:00" endTime="2018-08-11T16:04:08.1931338-04:00" testType="13cdc9d9-ddb5-4fa4-a97d-d965ccfc6d4b" outcome="Passed" testListId="8c84fa94-04c1-424b-9868-57a2d4851a1d" relativeResultsDirectory="a0bd2466-1fba-4641-b326-2063ddf81ef7" /><UnitTestResult executionId="efbbd75d-bf99-4914-ba03-1931eabde694" testId="d75abfc8-27b7-4809-b761-2f12c5479723" testName="GetSingle_InvalidIdPropertyValueReturnsNotFound" computerName="VECTOR" duration="00:00:00.0190000" startTime="2018-08-11T16:04:24.5496457-04:00" endTime="2018-08-11T16:04:24.5496518-04:00" testType="13cdc9d9-ddb5-4fa4-a97d-d965ccfc6d4b" outcome="Passed" testListId="8c84fa94-04c1-424b-9868-57a2d4851a1d" relativeResultsDirectory="efbbd75d-bf99-4914-ba03-1931eabde694" /><UnitTestResult executionId="b1c25cb4-8637-4681-95a4-6415f2c32c84" testId="fc855955-e84b-4462-bc9c-252230f73ec6" testName="Put_InvalidIdReturnsNotFound" computerName="VECTOR" duration="00:00:00.0270000" startTime="2018-08-11T16:04:24.4558219-04:00" endTime="2018-08-11T16:04:24.4558322-04:00" testType="13cdc9d9-ddb5-4fa4-a97d-d965ccfc6d4b" outcome="Passed" testListId="8c84fa94-04c1-424b-9868-57a2d4851a1d" relativeResultsDirectory="b1c25cb4-8637-4681-95a4-6415f2c32c84" /><UnitTestResult executionId="5a2465af-f82c-42fa-853b-8bcb3e48efd1" testId="724bbf4d-7e7f-4821-b40a-4e29e01537b5" testName="PostFile_FileIsSynchronizedIsUpdatedAfterFileIsPosted" computerName="VECTOR" duration="00:00:00.0750000" startTime="2018-08-11T16:04:26.5371242-04:00" endTime="2018-08-11T16:04:26.5371298-04:00" testType="13cdc9d9-ddb5-4fa4-a97d-d965ccfc6d4b" outcome="Passed" testListId="8c84fa94-04c1-424b-9868-57a2d4851a1d" relativeResultsDirectory="5a2465af-f82c-42fa-853b-8bcb3e48efd1" /><UnitTestResult executionId="059ebc22-79c8-4ad4-a45a-6c73c5cd7084" testId="cfd35be5-de12-473d-b97e-80b68f345b4b" testName="Patch_InvalidReferencePropertyReturnsBadRequest" computerName="VECTOR" duration="00:00:00.0080000" startTime="2018-08-11T16:04:10.4853699-04:00" endTime="2018-08-11T16:04:10.4853745-04:00" testType="13cdc9d9-ddb5-4fa4-a97d-d965ccfc6d4b" outcome="Passed" testListId="8c84fa94-04c1-424b-9868-57a2d4851a1d" relativeResultsDirectory="059ebc22-79c8-4ad4-a45a-6c73c5cd7084" /><UnitTestResult executionId="7ccad9f3-c7bb-492d-9e14-5cc43c8c23ef" testId="8b3e48ad-13f1-4a80-be93-52f682e0205b" testName="PostFile_NewFileCanBePosted" computerName="VECTOR" duration="00:00:00.0740000" startTime="2018-08-11T16:04:26.6118539-04:00" endTime="2018-08-11T16:04:26.6118584-04:00" testType="13cdc9d9-ddb5-4fa4-a97d-d965ccfc6d4b" outcome="Passed" testListId="8c84fa94-04c1-424b-9868-57a2d4851a1d" relativeResultsDirectory="7ccad9f3-c7bb-492d-9e14-5cc43c8c23ef" /><UnitTestResult executionId="e016957d-6f09-4427-a29b-43ecfa607154" testId="9c8386c4-a564-41f1-8c45-0cb93294ad12" testName="DepthBufferHasExpectedDependentFiles" computerName="VECTOR" duration="00:00:00.0010000" startTime="2018-08-11T16:04:09.4476580-04:00" endTime="2018-08-11T16:04:09.4476607-04:00" testType="13cdc9d9-ddb5-4fa4-a97d-d965ccfc6d4b" outcome="Passed" testListId="8c84fa94-04c1-424b-9868-57a2d4851a1d" relativeResultsDirectory="e016957d-6f09-4427-a29b-43ecfa607154" /><UnitTestResult executionId="9d8bed11-421e-4474-9f88-09e542039b3d" testId="b59c95bb-07c3-411e-b651-974d60578795" testName="Put_ValidReferencePropertyUpdatesModel" computerName="VECTOR" duration="00:00:00.0090000" startTime="2018-08-11T16:04:10.4777580-04:00" endTime="2018-08-11T16:04:10.4777629-04:00" testType="13cdc9d9-ddb5-4fa4-a97d-d965ccfc6d4b" outcome="Passed" testListId="8c84fa94-04c1-424b-9868-57a2d4851a1d" relativeResultsDirectory="9d8bed11-421e-4474-9f88-09e542039b3d" /><UnitTestResult executionId="e9070f27-43bb-4362-90c2-3b518f3d8432" testId="fb907b23-f6cb-4a39-acd3-239e48c5fda2" testName="GetSingle_ValidIdPropertyValueReturnsCorrectModel" computerName="VECTOR" duration="00:00:00.0120000" startTime="2018-08-11T16:04:10.5525744-04:00" endTime="2018-08-11T16:04:10.5525801-04:00" testType="13cdc9d9-ddb5-4fa4-a97d-d965ccfc6d4b" outcome="Passed" testListId="8c84fa94-04c1-424b-9868-57a2d4851a1d" relativeResultsDirectory="e9070f27-43bb-4362-90c2-3b518f3d8432" /><UnitTestResult executionId="c460b9c7-a7c2-4e8d-ad63-62bb4878e1af" testId="b0f8ed91-17e0-4717-9dd9-dfe32270d728" testName="Patch_ValidReferencePropertyUpdatesModel" computerName="VECTOR" duration="00:00:00.6590000" startTime="2018-08-11T16:04:15.1050765-04:00" endTime="2018-08-11T16:04:15.1050835-04:00" testType="13cdc9d9-ddb5-4fa4-a97d-d965ccfc6d4b" outcome="Passed" testListId="8c84fa94-04c1-424b-9868-57a2d4851a1d" relativeResultsDirectory="c460b9c7-a7c2-4e8d-ad63-62bb4878e1af" /><UnitTestResult executionId="845fe412-d049-4df6-9fd9-e9917d34e52e" testId="bae70075-b9ee-4705-8dee-9443816b6763" testName="GetList_ListReturnsCorrectCount" computerName="VECTOR" duration="00:00:00.0170000" startTime="2018-08-11T16:04:26.8076096-04:00" endTime="2018-08-11T16:04:26.8076156-04:00" testType="13cdc9d9-ddb5-4fa4-a97d-d965ccfc6d4b" outcome="Passed" testListId="8c84fa94-04c1-424b-9868-57a2d4851a1d" relativeResultsDirectory="845fe412-d049-4df6-9fd9-e9917d34e52e" /><UnitTestResult executionId="27e8b9d8-d826-4673-ac2c-7806e701b682" testId="1c7d39fe-93fd-4832-8ae2-ac5b5babc398" testName="PutFile_NewFileCanBePut" computerName="VECTOR" duration="00:00:00.0890000" startTime="2018-08-11T16:04:11.8117076-04:00" endTime="2018-08-11T16:04:11.8117125-04:00" testType="13cdc9d9-ddb5-4fa4-a97d-d965ccfc6d4b" outcome="Passed" testListId="8c84fa94-04c1-424b-9868-57a2d4851a1d" relativeResultsDirectory="27e8b9d8-d826-4673-ac2c-7806e701b682" /><UnitTestResult executionId="c3d4e199-61a2-43cb-ab3f-5175cc3ad40c" testId="11f45b09-46d7-41b7-8375-30a4664159a5" testName="Patch_InvalidPropertyNameReturnsBadRequest" computerName="VECTOR" duration="00:00:00.0190000" startTime="2018-08-11T16:04:23.9764349-04:00" endTime="2018-08-11T16:04:23.9764415-04:00" testType="13cdc9d9-ddb5-4fa4-a97d-d965ccfc6d4b" outcome="Passed" testListId="8c84fa94-04c1-424b-9868-57a2d4851a1d" relativeResultsDirectory="c3d4e199-61a2-43cb-ab3f-5175cc3ad40c" /><UnitTestResult executionId="29822e4f-b757-4abe-8e46-b63708a36ca7" testId="05bf741f-5b4b-441b-a831-de4bc80abfe9" testName="Post_ValidReferencePropertyCreatesModel" computerName="VECTOR" duration="00:00:00.0110000" startTime="2018-08-11T16:04:10.1706424-04:00" endTime="2018-08-11T16:04:10.1706494-04:00" testType="13cdc9d9-ddb5-4fa4-a97d-d965ccfc6d4b" outcome="Passed" testListId="8c84fa94-04c1-424b-9868-57a2d4851a1d" relativeResultsDirectory="29822e4f-b757-4abe-8e46-b63708a36ca7" /><UnitTestResult executionId="f1068eea-c197-4a32-bcbc-5592b094ba5a" testId="3cfe9e28-ff69-4689-ba2c-cd5efbf01174" testName="Post_CanCreateNewModel" computerName="VECTOR" duration="00:00:00.0250000" startTime="2018-08-11T16:04:12.8781873-04:00" endTime="2018-08-11T16:04:12.8781935-04:00" testType="13cdc9d9-ddb5-4fa4-a97d-d965ccfc6d4b" outcome="Passed" testListId="8c84fa94-04c1-424b-9868-57a2d4851a1d" relativeResultsDirectory="f1068eea-c197-4a32-bcbc-5592b094ba5a" /><UnitTestResult executionId="cce1b743-313c-4bb9-aa4c-549a40d62ab9" testId="5a947750-4c85-4ee5-b276-9a39feadf48b" testName="PostFile_FileIsSynchronizedIsUpdatedAfterFileIsPosted" computerName="VECTOR" duration="00:00:00.1350000" startTime="2018-08-11T16:04:23.8051399-04:00" endTime="2018-08-11T16:04:23.8051440-04:00" testType="13cdc9d9-ddb5-4fa4-a97d-d965ccfc6d4b" outcome="Passed" testListId="8c84fa94-04c1-424b-9868-57a2d4851a1d" relativeResultsDirectory="cce1b743-313c-4bb9-aa4c-549a40d62ab9" /><UnitTestResult executionId="cabb974d-a2ab-4678-8296-faf60d5c270d" testId="f0c1b3b4-edac-4167-99d1-70df676af862" testName="Put_InvalidIdReturnsNotFound" computerName="VECTOR" duration="00:00:00.0200000" startTime="2018-08-11T16:04:26.7608248-04:00" endTime="2018-08-11T16:04:26.7608303-04:00" testType="13cdc9d9-ddb5-4fa4-a97d-d965ccfc6d4b" outcome="Passed" testListId="8c84fa94-04c1-424b-9868-57a2d4851a1d" relativeResultsDirectory="cabb974d-a2ab-4678-8296-faf60d5c270d" /><UnitTestResult executionId="1c5a2ff9-d3f5-4a65-87f6-c8b55ec9383f" testId="324efc47-bc13-4cb4-b65d-5dc1d5676220" testName="Put_CanUpdateModel" computerName="VECTOR" duration="00:00:00.1050000" startTime="2018-08-11T16:04:11.2901738-04:00" endTime="2018-08-11T16:04:11.2901796-04:00" testType="13cdc9d9-ddb5-4fa4-a97d-d965ccfc6d4b" outcome="Passed" testListId="8c84fa94-04c1-424b-9868-57a2d4851a1d" relativeResultsDirectory="1c5a2ff9-d3f5-4a65-87f6-c8b55ec9383f" /><UnitTestResult executionId="b11c52d5-d736-4f56-9848-75a836cfecdd" testId="aac1878b-e3e1-410c-ad2f-c805e3b84712" testName="Patch_TargetPropertyIsUpdated" computerName="VECTOR" duration="00:00:00.0590000" startTime="2018-08-11T16:04:27.2295550-04:00" endTime="2018-08-11T16:04:27.2295611-04:00" testType="13cdc9d9-ddb5-4fa4-a97d-d965ccfc6d4b" outcome="Passed" testListId="8c84fa94-04c1-424b-9868-57a2d4851a1d" relativeResultsDirectory="b11c52d5-d736-4f56-9848-75a836cfecdd" /><UnitTestResult executionId="de90f3f5-8a9f-4968-be91-107bf3d35b91" testId="9ccb55de-af27-4d6e-9e81-512b5869b7ab" testName="Patch_ValidReferencePropertyUpdatesModel" computerName="VECTOR" duration="00:00:00.5990000" startTime="2018-08-11T16:04:10.0539377-04:00" endTime="2018-08-11T16:04:10.0539454-04:00" testType="13cdc9d9-ddb5-4fa4-a97d-d965ccfc6d4b" outcome="Passed" testListId="8c84fa94-04c1-424b-9868-57a2d4851a1d" relativeResultsDirectory="de90f3f5-8a9f-4968-be91-107bf3d35b91" /><UnitTestResult executionId="e5a991f5-75fd-49b9-b1e2-01cfcf2161fe" testId="23fe140b-3b0a-4dfa-bae2-e767f8d6fe56" testName="Delete_TargetModelIsDeleted" computerName="VECTOR" duration="00:00:00.1180000" startTime="2018-08-11T16:04:12.8244146-04:00" endTime="2018-08-11T16:04:12.8244204-04:00" testType="13cdc9d9-ddb5-4fa4-a97d-d965ccfc6d4b" outcome="Passed" testListId="8c84fa94-04c1-424b-9868-57a2d4851a1d" relativeResultsDirectory="e5a991f5-75fd-49b9-b1e2-01cfcf2161fe" /><UnitTestResult executionId="dc95e64f-741a-4b0e-b2d3-a9d97aee6c57" testId="364cbf4c-434d-4678-872a-bc7e76a11a1b" testName="Post_ValidReferencePropertyCreatesModel" computerName="VECTOR" duration="00:00:00.0300000" startTime="2018-08-11T16:04:24.5803881-04:00" endTime="2018-08-11T16:04:24.5803942-04:00" testType="13cdc9d9-ddb5-4fa4-a97d-d965ccfc6d4b" outcome="Passed" testListId="8c84fa94-04c1-424b-9868-57a2d4851a1d" relativeResultsDirectory="dc95e64f-741a-4b0e-b2d3-a9d97aee6c57" /><UnitTestResult executionId="c717285c-308a-4be6-a9e7-0676be5f8f17" testId="0dff49ff-f120-4b9e-bbaf-f11c4a8f2c44" testName="PostFile_FileTimeStampIsUpdatedAfterFileIsPosted" computerName="VECTOR" duration="00:00:01.1510000" startTime="2018-08-11T16:04:19.7420004-04:00" endTime="2018-08-11T16:04:19.7420064-04:00" testType="13cdc9d9-ddb5-4fa4-a97d-d965ccfc6d4b" outcome="Passed" testListId="8c84fa94-04c1-424b-9868-57a2d4851a1d" relativeResultsDirectory="c717285c-308a-4be6-a9e7-0676be5f8f17" /><UnitTestResult executionId="dedaca4c-1326-4627-976a-939e4fec8af1" testId="68c8ad85-302e-468c-9336-c4a2efeed55f" testName="GetSingle_InvalidIdPropertyValueReturnsNotFound" computerName="VECTOR" duration="00:00:00.0230000" startTime="2018-08-11T16:04:15.8950011-04:00" endTime="2018-08-11T16:04:15.8950068-04:00" testType="13cdc9d9-ddb5-4fa4-a97d-d965ccfc6d4b" outcome="Passed" testListId="8c84fa94-04c1-424b-9868-57a2d4851a1d" relativeResultsDirectory="dedaca4c-1326-4627-976a-939e4fec8af1" /><UnitTestResult executionId="7ad1212e-2184-42b3-bba9-1ba42a098d43" testId="fe4ffad0-5558-419e-85c4-02e8e6623ef0" testName="Put_CanUpdateModel" computerName="VECTOR" duration="00:00:00.0380000" startTime="2018-08-11T16:04:10.6106951-04:00" endTime="2018-08-11T16:04:10.6107012-04:00" testType="13cdc9d9-ddb5-4fa4-a97d-d965ccfc6d4b" outcome="Passed" testListId="8c84fa94-04c1-424b-9868-57a2d4851a1d" relativeResultsDirectory="7ad1212e-2184-42b3-bba9-1ba42a098d43" /><UnitTestResult executionId="813471c8-dd86-4b1d-ac2c-4a85fb5250ca" testId="7c75d827-0210-4d59-b385-308c5dc65192" testName="GetFile_FileCanBeRoundTripped" computerName="VECTOR" duration="00:00:00.0640000" startTime="2018-08-11T16:04:12.4389820-04:00" endTime="2018-08-11T16:04:12.4389880-04:00" testType="13cdc9d9-ddb5-4fa4-a97d-d965ccfc6d4b" outcome="Passed" testListId="8c84fa94-04c1-424b-9868-57a2d4851a1d" relativeResultsDirectory="813471c8-dd86-4b1d-ac2c-4a85fb5250ca" /><UnitTestResult executionId="1f6c6a98-5155-430c-95f3-5199d13eadf3" testId="781b6a0f-949c-4dda-ab74-a09c0fcb042d" testName="Patch_MultipleInvalidReferencePropertiesReturnsMultipleValidationErrorsAndBadRequest" computerName="VECTOR" duration="00:00:00.0400000" startTime="2018-08-11T16:04:15.9587558-04:00" endTime="2018-08-11T16:04:15.9587618-04:00" testType="13cdc9d9-ddb5-4fa4-a97d-d965ccfc6d4b" outcome="Passed" testListId="8c84fa94-04c1-424b-9868-57a2d4851a1d" relativeResultsDirectory="1f6c6a98-5155-430c-95f3-5199d13eadf3" /><UnitTestResult executionId="aaebd5dc-52f9-433f-8699-109414b868b5" testId="a50d03ed-cb55-40ff-a2c3-63654d7bbdd8" testName="Put_CanUpdateModel" computerName="VECTOR" duration="00:00:00.0520000" startTime="2018-08-11T16:04:24.6332810-04:00" endTime="2018-08-11T16:04:24.6332870-04:00" testType="13cdc9d9-ddb5-4fa4-a97d-d965ccfc6d4b" outcome="Passed" testListId="8c84fa94-04c1-424b-9868-57a2d4851a1d" relativeResultsDirectory="aaebd5dc-52f9-433f-8699-109414b868b5" /><UnitTestResult executionId="512fbcd1-d0e5-4e00-936f-41e2db849766" testId="21cdfa21-c0ba-41df-91d5-d1b151347e21" testName="Post_ValidReferencePropertyCreatesModel" computerName="VECTOR" duration="00:00:00.0240000" startTime="2018-08-11T16:04:13.0433136-04:00" endTime="2018-08-11T16:04:13.0433197-04:00" testType="13cdc9d9-ddb5-4fa4-a97d-d965ccfc6d4b" outcome="Passed" testListId="8c84fa94-04c1-424b-9868-57a2d4851a1d" relativeResultsDirectory="512fbcd1-d0e5-4e00-936f-41e2db849766" /><UnitTestResult executionId="66b4cb84-978b-49e6-a07e-de1866f84474" testId="8567a26b-7f95-4bd6-8e9f-c83d60a2d977" testName="Patch_InvalidIdPropertyReturnsNotFound" computerName="VECTOR" duration="00:00:00.0190000" startTime="2018-08-11T16:04:10.6656033-04:00" endTime="2018-08-11T16:04:10.6656093-04:00" testType="13cdc9d9-ddb5-4fa4-a97d-d965ccfc6d4b" outcome="Passed" testListId="8c84fa94-04c1-424b-9868-57a2d4851a1d" relativeResultsDirectory="66b4cb84-978b-49e6-a07e-de1866f84474" /><UnitTestResult executionId="dc9fef82-5ad0-4d98-9e72-ca23cb72e562" testId="e7381c40-6bc9-41fa-8eb6-0ed98bed3f5a" testName="Patch_InvalidPropertyNameReturnsBadRequest" computerName="VECTOR" duration="00:00:00.0200000" startTime="2018-08-11T16:04:11.3646430-04:00" endTime="2018-08-11T16:04:11.3646498-04:00" testType="13cdc9d9-ddb5-4fa4-a97d-d965ccfc6d4b" outcome="Passed" testListId="8c84fa94-04c1-424b-9868-57a2d4851a1d" relativeResultsDirectory="dc9fef82-5ad0-4d98-9e72-ca23cb72e562" /><UnitTestResult executionId="45f46f9b-9209-4d09-b829-7fbb6887b938" testId="52c74864-ff46-43d3-be89-a0ec5e496af1" testName="Patch_InvalidReferencePropertyReturnsBadRequest" computerName="VECTOR" duration="00:00:00.0260000" startTime="2018-08-11T16:04:11.6550532-04:00" endTime="2018-08-11T16:04:11.6550590-04:00" testType="13cdc9d9-ddb5-4fa4-a97d-d965ccfc6d4b" outcome="Passed" testListId="8c84fa94-04c1-424b-9868-57a2d4851a1d" relativeResultsDirectory="45f46f9b-9209-4d09-b829-7fbb6887b938" /><UnitTestResult executionId="64fd90fb-f39f-44c2-83ac-74b37d49b497" testId="aa844f16-8fbe-44a6-a29d-deb23ca94de3" testName="GetFile_NonExistentFileReturnsNotFound" computerName="VECTOR" duration="00:00:00.0290000" startTime="2018-08-11T16:04:16.1522467-04:00" endTime="2018-08-11T16:04:16.1522530-04:00" testType="13cdc9d9-ddb5-4fa4-a97d-d965ccfc6d4b" outcome="Passed" testListId="8c84fa94-04c1-424b-9868-57a2d4851a1d" relativeResultsDirectory="64fd90fb-f39f-44c2-83ac-74b37d49b497" /><UnitTestResult executionId="7ce1ca3f-15e2-4234-9766-d6fc9bcbba85" testId="65acd5f4-1380-4330-9e91-9fc5796bda05" testName="Patch_InvalidIdPropertyReturnsNotFound" computerName="VECTOR" duration="00:00:00.0140000" startTime="2018-08-11T16:04:11.5149827-04:00" endTime="2018-08-11T16:04:11.5149889-04:00" testType="13cdc9d9-ddb5-4fa4-a97d-d965ccfc6d4b" outcome="Passed" testListId="8c84fa94-04c1-424b-9868-57a2d4851a1d" relativeResultsDirectory="7ce1ca3f-15e2-4234-9766-d6fc9bcbba85" /><UnitTestResult executionId="f35a96bd-6a07-484c-83c2-6301fb233ede" testId="253fc41a-adb8-4a4a-82f5-c11ce7263047" testName="Post_InvalidPropertyValueReturnsBadRequest" computerName="VECTOR" duration="00:00:00.0200000" startTime="2018-08-11T16:04:16.1222029-04:00" endTime="2018-08-11T16:04:16.1222102-04:00" testType="13cdc9d9-ddb5-4fa4-a97d-d965ccfc6d4b" outcome="Passed" testListId="8c84fa94-04c1-424b-9868-57a2d4851a1d" relativeResultsDirectory="f35a96bd-6a07-484c-83c2-6301fb233ede" /><UnitTestResult executionId="2157d2ff-d3f8-4fed-b9fb-073e6ca0d1ac" testId="17ffdd7a-0311-42b8-9e67-bba31fb13fcf" testName="GetFile_ExistingFileReturnsSuccess" computerName="VECTOR" duration="00:00:00.0350000" startTime="2018-08-11T16:04:24.6688251-04:00" endTime="2018-08-11T16:04:24.6688322-04:00" testType="13cdc9d9-ddb5-4fa4-a97d-d965ccfc6d4b" outcome="Passed" testListId="8c84fa94-04c1-424b-9868-57a2d4851a1d" relativeResultsDirectory="2157d2ff-d3f8-4fed-b9fb-073e6ca0d1ac" /><UnitTestResult executionId="391fa545-03f1-4dd0-81fc-18932941a348" testId="f19378f8-2a4b-4896-a652-23cedd96e972" testName="Patch_InvalidPropertyNameReturnsBadRequest" computerName="VECTOR" duration="00:00:00.0240000" startTime="2018-08-11T16:04:15.8472059-04:00" endTime="2018-08-11T16:04:15.8472119-04:00" testType="13cdc9d9-ddb5-4fa4-a97d-d965ccfc6d4b" outcome="Passed" testListId="8c84fa94-04c1-424b-9868-57a2d4851a1d" relativeResultsDirectory="391fa545-03f1-4dd0-81fc-18932941a348" /><UnitTestResult executionId="a76d87f9-c4f5-41f8-8f7c-6536364335b4" testId="ae5df790-4fad-4b68-8250-74cab71f49dc" testName="Patch_ValidReferencePropertyUpdatesModel" computerName="VECTOR" duration="00:00:00.0600000" startTime="2018-08-11T16:04:11.4578820-04:00" endTime="2018-08-11T16:04:11.4578877-04:00" testType="13cdc9d9-ddb5-4fa4-a97d-d965ccfc6d4b" outcome="Passed" testListId="8c84fa94-04c1-424b-9868-57a2d4851a1d" relativeResultsDirectory="a76d87f9-c4f5-41f8-8f7c-6536364335b4" /><UnitTestResult executionId="9cb1712d-e0a0-46e1-a8c5-5bd9f47817ee" testId="90111233-8a1b-4806-ba18-265968500b08" testName="Patch_InvalidEnumPropertyValueReturnsBadRequest" computerName="VECTOR" duration="00:00:00.0080000" startTime="2018-08-11T16:04:26.8155482-04:00" endTime="2018-08-11T16:04:26.8155533-04:00" testType="13cdc9d9-ddb5-4fa4-a97d-d965ccfc6d4b" outcome="Passed" testListId="8c84fa94-04c1-424b-9868-57a2d4851a1d" relativeResultsDirectory="9cb1712d-e0a0-46e1-a8c5-5bd9f47817ee" /><UnitTestResult executionId="0d951501-9b80-4b98-a15c-9cb6b4de4364" testId="dd535b33-e9e8-427f-95c9-dcc8311ee947" testName="Put_ValidReferencePropertyUpdatesModel" computerName="VECTOR" duration="00:00:00.0430000" startTime="2018-08-11T16:04:11.5010258-04:00" endTime="2018-08-11T16:04:11.5010323-04:00" testType="13cdc9d9-ddb5-4fa4-a97d-d965ccfc6d4b" outcome="Passed" testListId="8c84fa94-04c1-424b-9868-57a2d4851a1d" relativeResultsDirectory="0d951501-9b80-4b98-a15c-9cb6b4de4364" /><UnitTestResult executionId="cb32ec72-3ba3-4360-a684-262cdff05217" testId="d7d7ed07-98f7-4fff-83c3-d5d556691212" testName="GetFile_NonExistentFileReturnsNotFound" computerName="VECTOR" duration="00:00:00.0150000" startTime="2018-08-11T16:04:12.4544599-04:00" endTime="2018-08-11T16:04:12.4544661-04:00" testType="13cdc9d9-ddb5-4fa4-a97d-d965ccfc6d4b" outcome="Passed" testListId="8c84fa94-04c1-424b-9868-57a2d4851a1d" relativeResultsDirectory="cb32ec72-3ba3-4360-a684-262cdff05217" /><UnitTestResult executionId="34c49cc8-669b-46d0-8c52-f6634db05cd1" testId="ec62f663-419b-4de4-b1ed-66cfc524c45f" testName="Patch_InvalidEnumPropertyValueReturnsBadRequest" computerName="VECTOR" duration="00:00:00.0250000" startTime="2018-08-11T16:04:15.6902224-04:00" endTime="2018-08-11T16:04:15.6902288-04:00" testType="13cdc9d9-ddb5-4fa4-a97d-d965ccfc6d4b" outcome="Passed" testListId="8c84fa94-04c1-424b-9868-57a2d4851a1d" relativeResultsDirectory="34c49cc8-669b-46d0-8c52-f6634db05cd1" /><UnitTestResult executionId="cfc652da-3695-41d7-a2fd-77f312388788" testId="a22a4801-671d-4b1f-897a-144d9cf36d44" testName="CameraHasExpectedDependentFiles" computerName="VECTOR" duration="00:00:00.0010000" startTime="2018-08-11T16:04:09.4390517-04:00" endTime="2018-08-11T16:04:09.4390542-04:00" testType="13cdc9d9-ddb5-4fa4-a97d-d965ccfc6d4b" outcome="Passed" testListId="8c84fa94-04c1-424b-9868-57a2d4851a1d" relativeResultsDirectory="cfc652da-3695-41d7-a2fd-77f312388788" /><UnitTestResult executionId="56a0e132-7212-4038-9fde-279d88c26def" testId="ed816d8c-737e-4852-8aca-388b35a82eb0" testName="Patch_InvalidReferencePropertyReturnsBadRequest" computerName="VECTOR" duration="00:00:00.0180000" startTime="2018-08-11T16:04:12.8967082-04:00" endTime="2018-08-11T16:04:12.8967146-04:00" testType="13cdc9d9-ddb5-4fa4-a97d-d965ccfc6d4b" outcome="Passed" testListId="8c84fa94-04c1-424b-9868-57a2d4851a1d" relativeResultsDirectory="56a0e132-7212-4038-9fde-279d88c26def" /><UnitTestResult executionId="2a91dfe8-7c9f-4e08-929c-b0dbbac2a8d1" testId="9a5c1840-65eb-4174-8c07-7c2f916470a6" testName="Put_ValidReferencePropertyUpdatesModel" computerName="VECTOR" duration="00:00:00.0630000" startTime="2018-08-11T16:04:15.6652538-04:00" endTime="2018-08-11T16:04:15.6652603-04:00" testType="13cdc9d9-ddb5-4fa4-a97d-d965ccfc6d4b" outcome="Passed" testListId="8c84fa94-04c1-424b-9868-57a2d4851a1d" relativeResultsDirectory="2a91dfe8-7c9f-4e08-929c-b0dbbac2a8d1" /><UnitTestResult executionId="c9f74b6a-6cb2-41f0-9a68-c44e4a151ac4" testId="b44382c4-49a5-444c-94e7-bb23d080da38" testName="GetFile_ExistingFileReturnsSuccess" computerName="VECTOR" duration="00:00:00.2430000" startTime="2018-08-11T16:04:12.2026765-04:00" endTime="2018-08-11T16:04:12.2026839-04:00" testType="13cdc9d9-ddb5-4fa4-a97d-d965ccfc6d4b" outcome="Passed" testListId="8c84fa94-04c1-424b-9868-57a2d4851a1d" relativeResultsDirectory="c9f74b6a-6cb2-41f0-9a68-c44e4a151ac4" /><UnitTestResult executionId="e4dcdead-2a11-49d9-8967-07a0c728f749" testId="97ff15c5-6dd3-433c-8d8a-6922d5275cd4" testName="GetSingle_InvalidIdPropertyValueReturnsNotFound" computerName="VECTOR" duration="00:00:00.0130000" startTime="2018-08-11T16:04:13.2776309-04:00" endTime="2018-08-11T16:04:13.2776366-04:00" testType="13cdc9d9-ddb5-4fa4-a97d-d965ccfc6d4b" outcome="Passed" testListId="8c84fa94-04c1-424b-9868-57a2d4851a1d" relativeResultsDirectory="e4dcdead-2a11-49d9-8967-07a0c728f749" /><UnitTestResult executionId="441057b1-9390-4737-8b62-9d738b8ab6cf" testId="315be219-29a3-46e1-8e9e-7f2c7d3e5e27" testName="Post_InvalidReferencePropertyReturnsBadRequest" computerName="VECTOR" duration="00:00:00.0180000" startTime="2018-08-11T16:04:26.8468431-04:00" endTime="2018-08-11T16:04:26.8468507-04:00" testType="13cdc9d9-ddb5-4fa4-a97d-d965ccfc6d4b" outcome="Passed" testListId="8c84fa94-04c1-424b-9868-57a2d4851a1d" relativeResultsDirectory="441057b1-9390-4737-8b62-9d738b8ab6cf" /><UnitTestResult executionId="2aba7bcb-ed5e-4b4c-a28d-88e5f31df0fa" testId="b0e166b2-900f-40ff-89a9-e66bf93109bc" testName="GetFile_FileCanBeRoundTripped" computerName="VECTOR" duration="00:00:00.0850000" startTime="2018-08-11T16:04:26.6970900-04:00" endTime="2018-08-11T16:04:26.6970958-04:00" testType="13cdc9d9-ddb5-4fa4-a97d-d965ccfc6d4b" outcome="Passed" testListId="8c84fa94-04c1-424b-9868-57a2d4851a1d" relativeResultsDirectory="2aba7bcb-ed5e-4b4c-a28d-88e5f31df0fa" /><UnitTestResult executionId="5f9e0d4a-3726-4b4a-8018-aab05d55a517" testId="f5861add-acaf-4a31-a012-84c0dd8df481" testName="Put_InvalidReferencePropertyReturndBadRequest" computerName="VECTOR" duration="00:00:00.0240000" startTime="2018-08-11T16:04:26.9291114-04:00" endTime="2018-08-11T16:04:26.9291176-04:00" testType="13cdc9d9-ddb5-4fa4-a97d-d965ccfc6d4b" outcome="Passed" testListId="8c84fa94-04c1-424b-9868-57a2d4851a1d" relativeResultsDirectory="5f9e0d4a-3726-4b4a-8018-aab05d55a517" /><UnitTestResult executionId="f3520e08-a8ea-41fa-9a28-15c31c1d9b54" testId="e695834c-25c4-48b9-b0db-3382247d4e6e" testName="Post_InvalidReferencePropertyReturnsBadRequest" computerName="VECTOR" duration="00:00:00.3160000" startTime="2018-08-11T16:04:10.9990412-04:00" endTime="2018-08-11T16:04:10.9990468-04:00" testType="13cdc9d9-ddb5-4fa4-a97d-d965ccfc6d4b" outcome="Passed" testListId="8c84fa94-04c1-424b-9868-57a2d4851a1d" relativeResultsDirectory="f3520e08-a8ea-41fa-9a28-15c31c1d9b54" /><UnitTestResult executionId="6e0d5fcd-4c0d-4ca8-8de9-d1d591bf9b62" testId="6af42f0e-5e62-48d2-a6af-1261185c5fa5" testName="Put_InvalidReferencePropertyReturndBadRequest" computerName="VECTOR" duration="00:00:00.0290000" startTime="2018-08-11T16:04:11.7106855-04:00" endTime="2018-08-11T16:04:11.7106913-04:00" testType="13cdc9d9-ddb5-4fa4-a97d-d965ccfc6d4b" outcome="Passed" testListId="8c84fa94-04c1-424b-9868-57a2d4851a1d" relativeResultsDirectory="6e0d5fcd-4c0d-4ca8-8de9-d1d591bf9b62" /><UnitTestResult executionId="6487ed8f-b54a-4fa7-adfd-e916d09086ee" testId="0b32ba82-581d-4003-a039-65800b861b32" testName="Patch_InvalidIdPropertyReturnsNotFound" computerName="VECTOR" duration="00:00:00.0170000" startTime="2018-08-11T16:04:27.0003625-04:00" endTime="2018-08-11T16:04:27.0003684-04:00" testType="13cdc9d9-ddb5-4fa4-a97d-d965ccfc6d4b" outcome="Passed" testListId="8c84fa94-04c1-424b-9868-57a2d4851a1d" relativeResultsDirectory="6487ed8f-b54a-4fa7-adfd-e916d09086ee" /><UnitTestResult executionId="c78b3595-2b9e-49bd-8e4b-189ce72f8671" testId="9858efe0-12cb-484d-8e2b-0974b8bae248" testName="PostFile_NewFileCanBePosted" computerName="VECTOR" duration="00:00:00.0960000" startTime="2018-08-11T16:04:19.8379637-04:00" endTime="2018-08-11T16:04:19.8379679-04:00" testType="13cdc9d9-ddb5-4fa4-a97d-d965ccfc6d4b" outcome="Passed" testListId="8c84fa94-04c1-424b-9868-57a2d4851a1d" relativeResultsDirectory="c78b3595-2b9e-49bd-8e4b-189ce72f8671" /><UnitTestResult executionId="fbdf6edc-6643-46c7-bcef-9c835656b5d1" testId="96e9be4f-cf37-4118-ade3-067cc852083f" testName="Patch_InvalidPropertyNameReturnsBadRequest" computerName="VECTOR" duration="00:00:00.0250000" startTime="2018-08-11T16:04:12.7063478-04:00" endTime="2018-08-11T16:04:12.7063540-04:00" testType="13cdc9d9-ddb5-4fa4-a97d-d965ccfc6d4b" outcome="Passed" testListId="8c84fa94-04c1-424b-9868-57a2d4851a1d" relativeResultsDirectory="fbdf6edc-6643-46c7-bcef-9c835656b5d1" /><UnitTestResult executionId="86040582-3c44-4e75-9d64-30f178d2493e" testId="fda494ed-55c3-4576-a248-9bf8fdd7fd0e" testName="Patch_InvalidReferencePropertyReturnsBadRequest" computerName="VECTOR" duration="00:00:00.0270000" startTime="2018-08-11T16:04:24.3618057-04:00" endTime="2018-08-11T16:04:24.3618121-04:00" testType="13cdc9d9-ddb5-4fa4-a97d-d965ccfc6d4b" outcome="Passed" testListId="8c84fa94-04c1-424b-9868-57a2d4851a1d" relativeResultsDirectory="86040582-3c44-4e75-9d64-30f178d2493e" /><UnitTestResult executionId="8fd49424-5cc0-460a-8a29-57daee4245d0" testId="964ecab7-4012-4510-966c-3f6ef75d797a" testName="Patch_InvalidPropertyNameReturnsBadRequest" computerName="VECTOR" duration="00:00:00.0140000" startTime="2018-08-11T16:04:27.0145731-04:00" endTime="2018-08-11T16:04:27.0145786-04:00" testType="13cdc9d9-ddb5-4fa4-a97d-d965ccfc6d4b" outcome="Passed" testListId="8c84fa94-04c1-424b-9868-57a2d4851a1d" relativeResultsDirectory="8fd49424-5cc0-460a-8a29-57daee4245d0" /><UnitTestResult executionId="f3ff9bdd-92cd-4093-8e0e-d73114525220" testId="de3856f4-84e3-41fd-a65f-ade877ca5bd2" testName="Post_CanCreateNewModel" computerName="VECTOR" duration="00:00:00.0340000" startTime="2018-08-11T16:04:15.7874136-04:00" endTime="2018-08-11T16:04:15.7874210-04:00" testType="13cdc9d9-ddb5-4fa4-a97d-d965ccfc6d4b" outcome="Passed" testListId="8c84fa94-04c1-424b-9868-57a2d4851a1d" relativeResultsDirectory="f3ff9bdd-92cd-4093-8e0e-d73114525220" /><UnitTestResult executionId="30d7af8c-131c-4f4c-a404-661a4fd8a45d" testId="89401a14-a722-45c5-bffb-5e80ba37b995" testName="FileRequest_FileCanBeReadAfterRename" computerName="VECTOR" duration="00:00:00.1110000" startTime="2018-08-11T16:04:12.3139856-04:00" endTime="2018-08-11T16:04:12.3139915-04:00" testType="13cdc9d9-ddb5-4fa4-a97d-d965ccfc6d4b" outcome="Passed" testListId="8c84fa94-04c1-424b-9868-57a2d4851a1d" relativeResultsDirectory="30d7af8c-131c-4f4c-a404-661a4fd8a45d" /><UnitTestResult executionId="1ef2cd1f-7f8c-4356-9e9d-14076ebf5741" testId="4b3f085a-8164-416f-9fd7-9cf3d4fa02ea" testName="Post_InvalidPropertyValueReturnsBadRequest" computerName="VECTOR" duration="00:00:00.0160000" startTime="2018-08-11T16:04:10.6818148-04:00" endTime="2018-08-11T16:04:10.6818206-04:00" testType="13cdc9d9-ddb5-4fa4-a97d-d965ccfc6d4b" outcome="Passed" testListId="8c84fa94-04c1-424b-9868-57a2d4851a1d" relativeResultsDirectory="1ef2cd1f-7f8c-4356-9e9d-14076ebf5741" /><UnitTestResult executionId="7ca81784-68d7-4a9b-998c-aa5b5e0c48a6" testId="1aeedf64-ebb3-4f05-8898-4173078d3390" testName="Patch_InvalidIdPropertyReturnsNotFound" computerName="VECTOR" duration="00:00:00.0160000" startTime="2018-08-11T16:04:24.0643795-04:00" endTime="2018-08-11T16:04:24.0643852-04:00" testType="13cdc9d9-ddb5-4fa4-a97d-d965ccfc6d4b" outcome="Passed" testListId="8c84fa94-04c1-424b-9868-57a2d4851a1d" relativeResultsDirectory="7ca81784-68d7-4a9b-998c-aa5b5e0c48a6" /><UnitTestResult executionId="bfba99d9-4f8e-46d7-8ad8-046185e2059b" testId="c910915f-b3db-4d10-8c0d-b9b080ce5a5f" testName="Patch_InvalidEnumPropertyValueReturnsBadRequest" computerName="VECTOR" duration="00:00:00.0280000" startTime="2018-08-11T16:04:23.9356322-04:00" endTime="2018-08-11T16:04:23.9356382-04:00" testType="13cdc9d9-ddb5-4fa4-a97d-d965ccfc6d4b" outcome="Passed" testListId="8c84fa94-04c1-424b-9868-57a2d4851a1d" relativeResultsDirectory="bfba99d9-4f8e-46d7-8ad8-046185e2059b" /><UnitTestResult executionId="d47d2a33-b362-44df-9c59-62752380600f" testId="2c1da3fb-eaeb-4ce6-8506-1224038b3c01" testName="Patch_ValidReferencePropertyUpdatesModel" computerName="VECTOR" duration="00:00:00.0620000" startTime="2018-08-11T16:04:27.0894762-04:00" endTime="2018-08-11T16:04:27.0894823-04:00" testType="13cdc9d9-ddb5-4fa4-a97d-d965ccfc6d4b" outcome="Passed" testListId="8c84fa94-04c1-424b-9868-57a2d4851a1d" relativeResultsDirectory="d47d2a33-b362-44df-9c59-62752380600f" /><UnitTestResult executionId="076a883e-0625-4c09-94bb-54d8d53c8163" testId="02dc4f30-10ec-45b6-9c78-8703cff3c996" testName="GetSingle_InvalidIdPropertyValueReturnsNotFound" computerName="VECTOR" duration="00:00:00.0130000" startTime="2018-08-11T16:04:26.8286317-04:00" endTime="2018-08-11T16:04:26.8286383-04:00" testType="13cdc9d9-ddb5-4fa4-a97d-d965ccfc6d4b" outcome="Passed" testListId="8c84fa94-04c1-424b-9868-57a2d4851a1d" relativeResultsDirectory="076a883e-0625-4c09-94bb-54d8d53c8163" /><UnitTestResult executionId="468349e0-b582-4e9e-a917-25e545880a5a" testId="3a563254-debc-466a-9ef3-2257a0f046ad" testName="Post_InvalidReferencePropertyReturnsBadRequest" computerName="VECTOR" duration="00:00:00.0150000" startTime="2018-08-11T16:04:13.3093954-04:00" endTime="2018-08-11T16:04:13.3094017-04:00" testType="13cdc9d9-ddb5-4fa4-a97d-d965ccfc6d4b" outcome="Passed" testListId="8c84fa94-04c1-424b-9868-57a2d4851a1d" relativeResultsDirectory="468349e0-b582-4e9e-a917-25e545880a5a" /><UnitTestResult executionId="48e1ab59-cd54-49ce-9e7a-088c6c3a75e4" testId="ba71ef1a-0246-4c68-93e5-727352cf9ce0" testName="PutFile_NewFileCanBePut" computerName="VECTOR" duration="00:00:00.0900000" startTime="2018-08-11T16:04:16.2430821-04:00" endTime="2018-08-11T16:04:16.2430867-04:00" testType="13cdc9d9-ddb5-4fa4-a97d-d965ccfc6d4b" outcome="Passed" testListId="8c84fa94-04c1-424b-9868-57a2d4851a1d" relativeResultsDirectory="48e1ab59-cd54-49ce-9e7a-088c6c3a75e4" /><UnitTestResult executionId="ca66949b-7e89-4b43-85e9-5b455096c1d6" testId="1cc0fe35-426c-44cc-8e25-d972930226ca" testName="GetSingle_ValidIdPropertyValueReturnsCorrectModel" computerName="VECTOR" duration="00:00:00.0270000" startTime="2018-08-11T16:04:16.0635076-04:00" endTime="2018-08-11T16:04:16.0635128-04:00" testType="13cdc9d9-ddb5-4fa4-a97d-d965ccfc6d4b" outcome="Passed" testListId="8c84fa94-04c1-424b-9868-57a2d4851a1d" relativeResultsDirectory="ca66949b-7e89-4b43-85e9-5b455096c1d6" /><UnitTestResult executionId="a7af4b45-ddfb-4c09-80a0-bb2900bf8137" testId="e26faec2-80f6-48e7-87ee-0d0c7e8ff035" testName="Post_ValidReferencePropertyCreatesModel" computerName="VECTOR" duration="00:00:00.0250000" startTime="2018-08-11T16:04:11.5402206-04:00" endTime="2018-08-11T16:04:11.5402268-04:00" testType="13cdc9d9-ddb5-4fa4-a97d-d965ccfc6d4b" outcome="Passed" testListId="8c84fa94-04c1-424b-9868-57a2d4851a1d" relativeResultsDirectory="a7af4b45-ddfb-4c09-80a0-bb2900bf8137" /><UnitTestResult executionId="e0101de5-17fa-4370-9396-706efbeac8fc" testId="486f9868-a18b-4bd1-8674-be6f6964e15f" testName="MeshTransformHasExpectedDependentFiles" computerName="VECTOR" duration="00:00:00.0010000" startTime="2018-08-11T16:04:09.4394616-04:00" endTime="2018-08-11T16:04:09.4394636-04:00" testType="13cdc9d9-ddb5-4fa4-a97d-d965ccfc6d4b" outcome="Passed" testListId="8c84fa94-04c1-424b-9868-57a2d4851a1d" relativeResultsDirectory="e0101de5-17fa-4370-9396-706efbeac8fc" /><UnitTestResult executionId="09e3269e-b15f-4ceb-bed2-a9d77b99a61d" testId="5bcb65fb-591c-4c47-8004-0646a8190cce" testName="FileRequest_DepthBufferIsInvalidatedAfterCameraDependencyPropertyChange" computerName="VECTOR" duration="00:00:00.3240000" startTime="2018-08-11T16:04:26.3666951-04:00" endTime="2018-08-11T16:04:26.3667017-04:00" testType="13cdc9d9-ddb5-4fa4-a97d-d965ccfc6d4b" outcome="Passed" testListId="8c84fa94-04c1-424b-9868-57a2d4851a1d" relativeResultsDirectory="09e3269e-b15f-4ceb-bed2-a9d77b99a61d" /><UnitTestResult executionId="9b040c0f-b067-4944-aec3-e81817a88cb8" testId="6fe46ea6-bfed-4f8e-bde9-81c3cb6685b3" testName="PostFile_FileTimeStampIsUpdatedAfterFileIsPosted" computerName="VECTOR" duration="00:00:01.1400000" startTime="2018-08-11T16:04:25.8095321-04:00" endTime="2018-08-11T16:04:25.8095373-04:00" testType="13cdc9d9-ddb5-4fa4-a97d-d965ccfc6d4b" outcome="Passed" testListId="8c84fa94-04c1-424b-9868-57a2d4851a1d" relativeResultsDirectory="9b040c0f-b067-4944-aec3-e81817a88cb8" /><UnitTestResult executionId="8028c714-d61a-40a3-8bf3-5cdb1b6c6d2e" testId="f143c697-48fc-419f-ab1a-d6ec99b31df2" testName="PostFile_NewFileCanBePosted" computerName="VECTOR" duration="00:00:00.0600000" startTime="2018-08-11T16:04:12.3741306-04:00" endTime="2018-08-11T16:04:12.3741359-04:00" testType="13cdc9d9-ddb5-4fa4-a97d-d965ccfc6d4b" outcome="Passed" testListId="8c84fa94-04c1-424b-9868-57a2d4851a1d" relativeResultsDirectory="8028c714-d61a-40a3-8bf3-5cdb1b6c6d2e" /><UnitTestResult executionId="3f0d9460-eb03-405a-b3d2-c32118742b7c" testId="f6fdb410-89e5-4af4-a467-3b1235f8e3b4" testName="PutFile_NewFileCanBePut" computerName="VECTOR" duration="00:00:00.0750000" startTime="2018-08-11T16:04:26.4619916-04:00" endTime="2018-08-11T16:04:26.4619963-04:00" testType="13cdc9d9-ddb5-4fa4-a97d-d965ccfc6d4b" outcome="Passed" testListId="8c84fa94-04c1-424b-9868-57a2d4851a1d" relativeResultsDirectory="3f0d9460-eb03-405a-b3d2-c32118742b7c" /><UnitTestResult executionId="f5e129cf-790c-41e5-8335-0b2c345b51de" testId="3491eb00-8ef9-4abd-b6da-8ff4ba4cb9ed" testName="Put_InvalidReferencePropertyReturndBadRequest" computerName="VECTOR" duration="00:00:00.0200000" startTime="2018-08-11T16:04:13.0636271-04:00" endTime="2018-08-11T16:04:13.0636340-04:00" testType="13cdc9d9-ddb5-4fa4-a97d-d965ccfc6d4b" outcome="Passed" testListId="8c84fa94-04c1-424b-9868-57a2d4851a1d" relativeResultsDirectory="f5e129cf-790c-41e5-8335-0b2c345b51de" /><UnitTestResult executionId="c146a157-7245-4ac0-89bf-0798bbce349c" testId="5d92217d-b560-4c0b-a0cb-3848dd4cbd75" testName="GetSingle_ValidIdPropertyValueReturnsCorrectModel" computerName="VECTOR" duration="00:00:00.0160000" startTime="2018-08-11T16:04:11.3978130-04:00" endTime="2018-08-11T16:04:11.3978190-04:00" testType="13cdc9d9-ddb5-4fa4-a97d-d965ccfc6d4b" outcome="Passed" testListId="8c84fa94-04c1-424b-9868-57a2d4851a1d" relativeResultsDirectory="c146a157-7245-4ac0-89bf-0798bbce349c" /><UnitTestResult executionId="b204ef9b-607d-44d9-b7ff-9466a4dd0ead" testId="f63bb63f-a0e5-46f9-bcfd-d7f0c77af9e5" testName="GetList_ListReturnsCorrectCount" computerName="VECTOR" duration="00:00:00.0200000" startTime="2018-08-11T16:04:11.5879107-04:00" endTime="2018-08-11T16:04:11.5879173-04:00" testType="13cdc9d9-ddb5-4fa4-a97d-d965ccfc6d4b" outcome="Passed" testListId="8c84fa94-04c1-424b-9868-57a2d4851a1d" relativeResultsDirectory="b204ef9b-607d-44d9-b7ff-9466a4dd0ead" /><UnitTestResult executionId="f58e3fec-eda6-4ee5-a65c-682d00da0a5c" testId="f9cecd3d-02e7-4bbe-9fa7-4b55e5a4ed3a" testName="GetList_ListReturnsCorrectCount" computerName="VECTOR" duration="00:00:00.0170000" startTime="2018-08-11T16:04:10.6282203-04:00" endTime="2018-08-11T16:04:10.6282267-04:00" testType="13cdc9d9-ddb5-4fa4-a97d-d965ccfc6d4b" outcome="Passed" testListId="8c84fa94-04c1-424b-9868-57a2d4851a1d" relativeResultsDirectory="f58e3fec-eda6-4ee5-a65c-682d00da0a5c" /><UnitTestResult executionId="8e812d11-1b61-4c1f-8caa-f1e3aadaa2b6" testId="b0be4620-73e1-44b3-8907-470ba44317cb" testName="Put_ValidReferencePropertyUpdatesModel" computerName="VECTOR" duration="00:00:00.0600000" startTime="2018-08-11T16:04:27.1703360-04:00" endTime="2018-08-11T16:04:27.1703419-04:00" testType="13cdc9d9-ddb5-4fa4-a97d-d965ccfc6d4b" outcome="Passed" testListId="8c84fa94-04c1-424b-9868-57a2d4851a1d" relativeResultsDirectory="8e812d11-1b61-4c1f-8caa-f1e3aadaa2b6" /><UnitTestResult executionId="a8538ebb-4245-40e2-bb33-c98cfeb79b0b" testId="fc1fc352-400f-4b4d-9ab6-da10bcb51d13" testName="Post_InvalidReferencePropertyReturnsBadRequest" computerName="VECTOR" duration="00:00:00.0140000" startTime="2018-08-11T16:04:10.1850263-04:00" endTime="2018-08-11T16:04:10.1850331-04:00" testType="13cdc9d9-ddb5-4fa4-a97d-d965ccfc6d4b" outcome="Passed" testListId="8c84fa94-04c1-424b-9868-57a2d4851a1d" relativeResultsDirectory="a8538ebb-4245-40e2-bb33-c98cfeb79b0b" /><UnitTestResult executionId="2278241e-7e56-4248-8c18-83ec2f024a27" testId="728c4d74-8077-4c32-8573-efba02732594" testName="Patch_MultipleInvalidReferencePropertiesReturnsMultipleValidationErrorsAndBadRequest" computerName="VECTOR" duration="00:00:00.0090000" startTime="2018-08-11T16:04:10.6375643-04:00" endTime="2018-08-11T16:04:10.6375696-04:00" testType="13cdc9d9-ddb5-4fa4-a97d-d965ccfc6d4b" outcome="Passed" testListId="8c84fa94-04c1-424b-9868-57a2d4851a1d" relativeResultsDirectory="2278241e-7e56-4248-8c18-83ec2f024a27" /><UnitTestResult executionId="98c1da68-d9b4-4654-b263-8ee212f094c8" testId="e7958d69-c1ff-480f-908b-c546bfb7fe0b" testName="Put_InvalidIdReturnsNotFound" computerName="VECTOR" duration="00:00:00.0350000" startTime="2018-08-11T16:04:11.3439069-04:00" endTime="2018-08-11T16:04:11.3439130-04:00" testType="13cdc9d9-ddb5-4fa4-a97d-d965ccfc6d4b" outcome="Passed" testListId="8c84fa94-04c1-424b-9868-57a2d4851a1d" relativeResultsDirectory="98c1da68-d9b4-4654-b263-8ee212f094c8" /><UnitTestResult executionId="89f556a8-285a-48aa-a57e-0b43eb2d1967" testId="1eab1111-065e-44c0-b679-c9e157c3da1e" testName="GetFile_FileCanBeRoundTripped" computerName="VECTOR" duration="00:00:00.0940000" startTime="2018-08-11T16:04:18.3836370-04:00" endTime="2018-08-11T16:04:18.3836440-04:00" testType="13cdc9d9-ddb5-4fa4-a97d-d965ccfc6d4b" outcome="Passed" testListId="8c84fa94-04c1-424b-9868-57a2d4851a1d" relativeResultsDirectory="89f556a8-285a-48aa-a57e-0b43eb2d1967" /><UnitTestResult executionId="7f10472d-fddc-4945-b61d-9e8432ef6aa8" testId="1d5236f3-035b-4d0b-93d8-2ac19102636c" testName="Patch_InvalidIdPropertyReturnsNotFound" computerName="VECTOR" duration="00:00:00.0240000" startTime="2018-08-11T16:04:15.8716318-04:00" endTime="2018-08-11T16:04:15.8716380-04:00" testType="13cdc9d9-ddb5-4fa4-a97d-d965ccfc6d4b" outcome="Passed" testListId="8c84fa94-04c1-424b-9868-57a2d4851a1d" relativeResultsDirectory="7f10472d-fddc-4945-b61d-9e8432ef6aa8" /><UnitTestResult executionId="19009fc2-cee4-4842-9fa5-e0907a1636a9" testId="10076586-db6e-4712-b50a-ab8c316aca91" testName="Patch_MultipleInvalidReferencePropertiesReturnsMultipleValidationErrorsAndBadRequest" computerName="VECTOR" duration="00:00:00.0230000" startTime="2018-08-11T16:04:24.3849728-04:00" endTime="2018-08-11T16:04:24.3849791-04:00" testType="13cdc9d9-ddb5-4fa4-a97d-d965ccfc6d4b" outcome="Passed" testListId="8c84fa94-04c1-424b-9868-57a2d4851a1d" relativeResultsDirectory="19009fc2-cee4-4842-9fa5-e0907a1636a9" /><UnitTestResult executionId="b76729e7-94ce-4c71-aafe-09a106245f9a" testId="50625cce-1240-4d1a-9542-521605d5aa51" testName="GetSingle_ValidIdPropertyValueReturnsCorrectModel" computerName="VECTOR" duration="00:00:00.0210000" startTime="2018-08-11T16:04:24.4283718-04:00" endTime="2018-08-11T16:04:24.4283775-04:00" testType="13cdc9d9-ddb5-4fa4-a97d-d965ccfc6d4b" outcome="Passed" testListId="8c84fa94-04c1-424b-9868-57a2d4851a1d" relativeResultsDirectory="b76729e7-94ce-4c71-aafe-09a106245f9a" /><UnitTestResult executionId="30228880-79b2-40e5-b9f4-35f9fb02b503" testId="e31803ac-50a8-4d9f-b6c5-86a6e22f531e" testName="Put_InvalidReferencePropertyReturndBadRequest" computerName="VECTOR" duration="00:00:00.0090000" startTime="2018-08-11T16:04:10.6464118-04:00" endTime="2018-08-11T16:04:10.6464155-04:00" testType="13cdc9d9-ddb5-4fa4-a97d-d965ccfc6d4b" outcome="Passed" testListId="8c84fa94-04c1-424b-9868-57a2d4851a1d" relativeResultsDirectory="30228880-79b2-40e5-b9f4-35f9fb02b503" /><UnitTestResult executionId="e6ba75b1-0de7-4e88-90f6-1a4b7fbe2246" testId="8d9979cb-bbdf-4e91-9c88-cb619f24bf32" testName="Patch_InvalidReferencePropertyReturnsBadRequest" computerName="VECTOR" duration="00:00:00.0200000" startTime="2018-08-11T16:04:27.1096439-04:00" endTime="2018-08-11T16:04:27.1096501-04:00" testType="13cdc9d9-ddb5-4fa4-a97d-d965ccfc6d4b" outcome="Passed" testListId="8c84fa94-04c1-424b-9868-57a2d4851a1d" relativeResultsDirectory="e6ba75b1-0de7-4e88-90f6-1a4b7fbe2246" /><UnitTestResult executionId="46a75faf-2fa0-4e80-aa27-0df86532769d" testId="9be84513-c10b-45b3-974f-a281167a706b" testName="PostFile_FileTimeStampIsUpdatedAfterFileIsPosted" computerName="VECTOR" duration="00:00:00.0110000" startTime="2018-08-11T16:04:11.7224713-04:00" endTime="2018-08-11T16:04:11.7224768-04:00" testType="13cdc9d9-ddb5-4fa4-a97d-d965ccfc6d4b" outcome="Passed" testListId="8c84fa94-04c1-424b-9868-57a2d4851a1d" relativeResultsDirectory="46a75faf-2fa0-4e80-aa27-0df86532769d" /><UnitTestResult executionId="2f0d98da-b112-420f-a6d9-7e6cefe2f497" testId="df649e7a-1b25-4647-b305-cc10c3b54e2c" testName="Patch_InvalidPropertyNameReturnsBadRequest" computerName="VECTOR" duration="00:00:00.1050000" startTime="2018-08-11T16:04:10.1595678-04:00" endTime="2018-08-11T16:04:10.1595742-04:00" testType="13cdc9d9-ddb5-4fa4-a97d-d965ccfc6d4b" outcome="Passed" testListId="8c84fa94-04c1-424b-9868-57a2d4851a1d" relativeResultsDirectory="2f0d98da-b112-420f-a6d9-7e6cefe2f497" /><UnitTestResult executionId="59f851a4-faaf-491b-9358-b2d3d1cc8225" testId="d06a1e30-06a7-43e8-838a-74c6c47c0f14" testName="Post_InvalidReferencePropertyReturnsBadRequest" computerName="VECTOR" duration="00:00:00.0230000" startTime="2018-08-11T16:04:15.9185725-04:00" endTime="2018-08-11T16:04:15.9185782-04:00" testType="13cdc9d9-ddb5-4fa4-a97d-d965ccfc6d4b" outcome="Passed" testListId="8c84fa94-04c1-424b-9868-57a2d4851a1d" relativeResultsDirectory="59f851a4-faaf-491b-9358-b2d3d1cc8225" /><UnitTestResult executionId="739b8b06-e0ad-447b-b184-64422fd910b7" testId="da600695-8199-4a3a-a286-4539906eca5c" testName="GetSingle_ValidIdPropertyValueReturnsCorrectModel" computerName="VECTOR" duration="00:00:00.0140000" startTime="2018-08-11T16:04:26.7124251-04:00" endTime="2018-08-11T16:04:26.7124311-04:00" testType="13cdc9d9-ddb5-4fa4-a97d-d965ccfc6d4b" outcome="Passed" testListId="8c84fa94-04c1-424b-9868-57a2d4851a1d" relativeResultsDirectory="739b8b06-e0ad-447b-b184-64422fd910b7" /><UnitTestResult executionId="950e770c-80e6-43a4-b884-a739d42f7c3f" testId="fc1385ca-5c2e-49c6-8f6e-925eeb1e0a37" testName="Delete_TargetModelIsDeleted" computerName="VECTOR" duration="00:00:00.0410000" startTime="2018-08-11T16:04:16.0364707-04:00" endTime="2018-08-11T16:04:16.0364767-04:00" testType="13cdc9d9-ddb5-4fa4-a97d-d965ccfc6d4b" outcome="Passed" testListId="8c84fa94-04c1-424b-9868-57a2d4851a1d" relativeResultsDirectory="950e770c-80e6-43a4-b884-a739d42f7c3f" /><UnitTestResult executionId="7a0090e6-f8ff-4dea-9af4-0fb5314ff3ea" testId="bdb58f0e-bf77-4448-b928-c9214bdbd34d" testName="Put_InvalidIdReturnsNotFound" computerName="VECTOR" duration="00:00:00.0770000" startTime="2018-08-11T16:04:14.4454456-04:00" endTime="2018-08-11T16:04:14.4454519-04:00" testType="13cdc9d9-ddb5-4fa4-a97d-d965ccfc6d4b" outcome="Passed" testListId="8c84fa94-04c1-424b-9868-57a2d4851a1d" relativeResultsDirectory="7a0090e6-f8ff-4dea-9af4-0fb5314ff3ea" /><UnitTestResult executionId="8f4ef74e-6367-4db9-b385-20dd19896353" testId="f23f02b4-0e0f-4032-93d9-19b02b1ca1fa" testName="Patch_MultipleInvalidReferencePropertiesReturnsMultipleValidationErrorsAndBadRequest" computerName="VECTOR" duration="00:00:00.0280000" startTime="2018-08-11T16:04:12.8530372-04:00" endTime="2018-08-11T16:04:12.8530439-04:00" testType="13cdc9d9-ddb5-4fa4-a97d-d965ccfc6d4b" outcome="Passed" testListId="8c84fa94-04c1-424b-9868-57a2d4851a1d" relativeResultsDirectory="8f4ef74e-6367-4db9-b385-20dd19896353" /></Results><TestDefinitions><UnitTest name="Put_CanUpdateModel" storage="d:\modelrelief\modelrelief.test\bin\debug\netcoreapp2.0\modelrelief.test.dll" id="a50d03ed-cb55-40ff-a2c3-63654d7bbdd8"><Execution id="aaebd5dc-52f9-433f-8699-109414b868b5" /><TestMethod codeBase="D:\ModelRelief\ModelRelief.test\bin\Debug\netcoreapp2.0\ModelRelief.Test.dll" adapterTypeName="executor://xunit/VsTestRunner2/netcoreapp" className="ModelRelief.Test.Integration.DepthBuffers.DepthBuffersBaseIntegrationTests" name="Put_CanUpdateModel" /></UnitTest><UnitTest name="Post_InvalidReferencePropertyReturnsBadRequest" storage="d:\modelrelief\modelrelief.test\bin\debug\netcoreapp2.0\modelrelief.test.dll" id="b92afa26-ef83-4e4a-8fa2-97d2100cd7e1"><Execution id="3b5f0495-99a5-4732-9faf-9266cda7c41e" /><TestMethod codeBase="D:\ModelRelief\ModelRelief.test\bin\Debug\netcoreapp2.0\ModelRelief.Test.dll" adapterTypeName="executor://xunit/VsTestRunner2/netcoreapp" className="ModelRelief.Test.Integration.DepthBuffers.DepthBuffersBaseIntegrationTests" name="Post_InvalidReferencePropertyReturnsBadRequest" /></UnitTest><UnitTest name="Patch_InvalidPropertyNameReturnsBadRequest" storage="d:\modelrelief\modelrelief.test\bin\debug\netcoreapp2.0\modelrelief.test.dll" id="964ecab7-4012-4510-966c-3f6ef75d797a"><Execution id="8fd49424-5cc0-460a-8a29-57daee4245d0" /><TestMethod codeBase="D:\ModelRelief\ModelRelief.test\bin\Debug\netcoreapp2.0\ModelRelief.Test.dll" adapterTypeName="executor://xunit/VsTestRunner2/netcoreapp" className="ModelRelief.Test.Integration.Cameras.CamerasBaseIntegrationTests" name="Patch_InvalidPropertyNameReturnsBadRequest" /></UnitTest><UnitTest name="LucyDepthBufferFindsOneDependent" storage="d:\modelrelief\modelrelief.test\bin\debug\netcoreapp2.0\modelrelief.test.dll" id="4360b3da-7d44-4abd-bba5-2dfbce166f2a"><Execution id="78fee9f9-9c72-4a26-b04c-c2467cd3d402" /><TestMethod codeBase="D:\ModelRelief\ModelRelief.test\bin\Debug\netcoreapp2.0\ModelRelief.Test.dll" adapterTypeName="executor://xunit/VsTestRunner2/netcoreapp" className="ModelRelief.Test.Unit.DependencyManager.DependencyManagerTests" name="LucyDepthBufferFindsOneDependent" /></UnitTest><UnitTest name="Put_CanUpdateModel" storage="d:\modelrelief\modelrelief.test\bin\debug\netcoreapp2.0\modelrelief.test.dll" id="fe4ffad0-5558-419e-85c4-02e8e6623ef0"><Execution id="7ad1212e-2184-42b3-bba9-1ba42a098d43" /><TestMethod codeBase="D:\ModelRelief\ModelRelief.test\bin\Debug\netcoreapp2.0\ModelRelief.Test.dll" adapterTypeName="executor://xunit/VsTestRunner2/netcoreapp" className="ModelRelief.Test.Integration.Projects.ProjectsBaseIntegrationTests" name="Put_CanUpdateModel" /></UnitTest><UnitTest name="GetSingle_ValidIdPropertyValueReturnsCorrectModel" storage="d:\modelrelief\modelrelief.test\bin\debug\netcoreapp2.0\modelrelief.test.dll" id="8139ab5b-0750-4313-bb9c-763fae45fb98"><Execution id="0e55fef9-81a8-44f4-977a-f78ff0af1220" /><TestMethod codeBase="D:\ModelRelief\ModelRelief.test\bin\Debug\netcoreapp2.0\ModelRelief.Test.dll" adapterTypeName="executor://xunit/VsTestRunner2/netcoreapp" className="ModelRelief.Test.Integration.MeshTransforms.MeshTransformsBaseIntegrationTests" name="GetSingle_ValidIdPropertyValueReturnsCorrectModel" /></UnitTest><UnitTest name="GetFile_FileCanBeRoundTripped" storage="d:\modelrelief\modelrelief.test\bin\debug\netcoreapp2.0\modelrelief.test.dll" id="b0e166b2-900f-40ff-89a9-e66bf93109bc"><Execution id="2aba7bcb-ed5e-4b4c-a28d-88e5f31df0fa" /><TestMethod codeBase="D:\ModelRelief\ModelRelief.test\bin\Debug\netcoreapp2.0\ModelRelief.Test.dll" adapterTypeName="executor://xunit/VsTestRunner2/netcoreapp" className="ModelRelief.Test.Integration.DepthBuffers.DepthBuffersFileIntegrationTests" name="GetFile_FileCanBeRoundTripped" /></UnitTest><UnitTest name="Put_InvalidIdReturnsNotFound" storage="d:\modelrelief\modelrelief.test\bin\debug\netcoreapp2.0\modelrelief.test.dll" id="e7958d69-c1ff-480f-908b-c546bfb7fe0b"><Execution id="98c1da68-d9b4-4654-b263-8ee212f094c8" /><TestMethod codeBase="D:\ModelRelief\ModelRelief.test\bin\Debug\netcoreapp2.0\ModelRelief.Test.dll" adapterTypeName="executor://xunit/VsTestRunner2/netcoreapp" className="ModelRelief.Test.Integration.Models.ModelsBaseIntegrationTests" name="Put_InvalidIdReturnsNotFound" /></UnitTest><UnitTest name="Put_InvalidReferencePropertyReturndBadRequest" storage="d:\modelrelief\modelrelief.test\bin\debug\netcoreapp2.0\modelrelief.test.dll" id="f5861add-acaf-4a31-a012-84c0dd8df481"><Execution id="5f9e0d4a-3726-4b4a-8018-aab05d55a517" /><TestMethod codeBase="D:\ModelRelief\ModelRelief.test\bin\Debug\netcoreapp2.0\ModelRelief.Test.dll" adapterTypeName="executor://xunit/VsTestRunner2/netcoreapp" className="ModelRelief.Test.Integration.Cameras.CamerasBaseIntegrationTests" name="Put_InvalidReferencePropertyReturndBadRequest" /></UnitTest><UnitTest name="Put_InvalidReferencePropertyReturndBadRequest" storage="d:\modelrelief\modelrelief.test\bin\debug\netcoreapp2.0\modelrelief.test.dll" id="e31803ac-50a8-4d9f-b6c5-86a6e22f531e"><Execution id="30228880-79b2-40e5-b9f4-35f9fb02b503" /><TestMethod codeBase="D:\ModelRelief\ModelRelief.test\bin\Debug\netcoreapp2.0\ModelRelief.Test.dll" adapterTypeName="executor://xunit/VsTestRunner2/netcoreapp" className="ModelRelief.Test.Integration.Projects.ProjectsBaseIntegrationTests" name="Put_InvalidReferencePropertyReturndBadRequest" /></UnitTest><UnitTest name="Model3dHasExpectedDependentFiles" storage="d:\modelrelief\modelrelief.test\bin\debug\netcoreapp2.0\modelrelief.test.dll" id="cea70a5c-9ce0-4034-b9ac-6c4d414e9ebf"><Execution id="a0bd2466-1fba-4641-b326-2063ddf81ef7" /><TestMethod codeBase="D:\ModelRelief\ModelRelief.test\bin\Debug\netcoreapp2.0\ModelRelief.Test.dll" adapterTypeName="executor://xunit/VsTestRunner2/netcoreapp" className="ModelRelief.Test.Unit.DependencyManager.DependencyManagerTests" name="Model3dHasExpectedDependentFiles" /></UnitTest><UnitTest name="GetSingle_ValidIdPropertyValueReturnsCorrectModel" storage="d:\modelrelief\modelrelief.test\bin\debug\netcoreapp2.0\modelrelief.test.dll" id="5d92217d-b560-4c0b-a0cb-3848dd4cbd75"><Execution id="c146a157-7245-4ac0-89bf-0798bbce349c" /><TestMethod codeBase="D:\ModelRelief\ModelRelief.test\bin\Debug\netcoreapp2.0\ModelRelief.Test.dll" adapterTypeName="executor://xunit/VsTestRunner2/netcoreapp" className="ModelRelief.Test.Integration.Models.ModelsBaseIntegrationTests" name="GetSingle_ValidIdPropertyValueReturnsCorrectModel" /></UnitTest><UnitTest name="GetFile_ExistingFileReturnsSuccess" storage="d:\modelrelief\modelrelief.test\bin\debug\netcoreapp2.0\modelrelief.test.dll" id="17ffdd7a-0311-42b8-9e67-bba31fb13fcf"><Execution id="2157d2ff-d3f8-4fed-b9fb-073e6ca0d1ac" /><TestMethod codeBase="D:\ModelRelief\ModelRelief.test\bin\Debug\netcoreapp2.0\ModelRelief.Test.dll" adapterTypeName="executor://xunit/VsTestRunner2/netcoreapp" className="ModelRelief.Test.Integration.DepthBuffers.DepthBuffersFileIntegrationTests" name="GetFile_ExistingFileReturnsSuccess" /></UnitTest><UnitTest name="Put_InvalidReferencePropertyReturndBadRequest" storage="d:\modelrelief\modelrelief.test\bin\debug\netcoreapp2.0\modelrelief.test.dll" id="7dfec8fa-b693-497f-aa9b-47db873cb262"><Execution id="ef6cd76e-9692-4c84-95ae-d20a3a1e0fb8" /><TestMethod codeBase="D:\ModelRelief\ModelRelief.test\bin\Debug\netcoreapp2.0\ModelRelief.Test.dll" adapterTypeName="executor://xunit/VsTestRunner2/netcoreapp" className="ModelRelief.Test.Integration.Meshes.MeshesBaseIntegrationTests" name="Put_InvalidReferencePropertyReturndBadRequest" /></UnitTest><UnitTest name="PostFile_FileTimeStampIsUpdatedAfterFileIsPosted" storage="d:\modelrelief\modelrelief.test\bin\debug\netcoreapp2.0\modelrelief.test.dll" id="0dff49ff-f120-4b9e-bbaf-f11c4a8f2c44"><Execution id="c717285c-308a-4be6-a9e7-0676be5f8f17" /><TestMethod codeBase="D:\ModelRelief\ModelRelief.test\bin\Debug\netcoreapp2.0\ModelRelief.Test.dll" adapterTypeName="executor://xunit/VsTestRunner2/netcoreapp" className="ModelRelief.Test.Integration.Meshes.MeshesFileIntegrationTests" name="PostFile_FileTimeStampIsUpdatedAfterFileIsPosted" /></UnitTest><UnitTest name="Patch_InvalidPropertyNameReturnsBadRequest" storage="d:\modelrelief\modelrelief.test\bin\debug\netcoreapp2.0\modelrelief.test.dll" id="f19378f8-2a4b-4896-a652-23cedd96e972"><Execution id="391fa545-03f1-4dd0-81fc-18932941a348" /><TestMethod codeBase="D:\ModelRelief\ModelRelief.test\bin\Debug\netcoreapp2.0\ModelRelief.Test.dll" adapterTypeName="executor://xunit/VsTestRunner2/netcoreapp" className="ModelRelief.Test.Integration.Meshes.MeshesBaseIntegrationTests" name="Patch_InvalidPropertyNameReturnsBadRequest" /></UnitTest><UnitTest name="Put_InvalidIdReturnsNotFound" storage="d:\modelrelief\modelrelief.test\bin\debug\netcoreapp2.0\modelrelief.test.dll" id="f0c1b3b4-edac-4167-99d1-70df676af862"><Execution id="cabb974d-a2ab-4678-8296-faf60d5c270d" /><TestMethod codeBase="D:\ModelRelief\ModelRelief.test\bin\Debug\netcoreapp2.0\ModelRelief.Test.dll" adapterTypeName="executor://xunit/VsTestRunner2/netcoreapp" className="ModelRelief.Test.Integration.Cameras.CamerasBaseIntegrationTests" name="Put_InvalidIdReturnsNotFound" /></UnitTest><UnitTest name="Patch_InvalidIdPropertyReturnsNotFound" storage="d:\modelrelief\modelrelief.test\bin\debug\netcoreapp2.0\modelrelief.test.dll" id="1d5236f3-035b-4d0b-93d8-2ac19102636c"><Execution id="7f10472d-fddc-4945-b61d-9e8432ef6aa8" /><TestMethod codeBase="D:\ModelRelief\ModelRelief.test\bin\Debug\netcoreapp2.0\ModelRelief.Test.dll" adapterTypeName="executor://xunit/VsTestRunner2/netcoreapp" className="ModelRelief.Test.Integration.Meshes.MeshesBaseIntegrationTests" name="Patch_InvalidIdPropertyReturnsNotFound" /></UnitTest><UnitTest name="GetSingle_InvalidIdPropertyValueReturnsNotFound" storage="d:\modelrelief\modelrelief.test\bin\debug\netcoreapp2.0\modelrelief.test.dll" id="97ff15c5-6dd3-433c-8d8a-6922d5275cd4"><Execution id="e4dcdead-2a11-49d9-8967-07a0c728f749" /><TestMethod codeBase="D:\ModelRelief\ModelRelief.test\bin\Debug\netcoreapp2.0\ModelRelief.Test.dll" adapterTypeName="executor://xunit/VsTestRunner2/netcoreapp" className="ModelRelief.Test.Integration.MeshTransforms.MeshTransformsBaseIntegrationTests" name="GetSingle_InvalidIdPropertyValueReturnsNotFound" /></UnitTest><UnitTest name="Patch_ValidReferencePropertyUpdatesModel" storage="d:\modelrelief\modelrelief.test\bin\debug\netcoreapp2.0\modelrelief.test.dll" id="0ca36372-8ad4-4cd2-8436-89d5de5e9fac"><Execution id="b9b190e0-55c7-4b93-8f32-c1199af4b79a" /><TestMethod codeBase="D:\ModelRelief\ModelRelief.test\bin\Debug\netcoreapp2.0\ModelRelief.Test.dll" adapterTypeName="executor://xunit/VsTestRunner2/netcoreapp" className="ModelRelief.Test.Integration.DepthBuffers.DepthBuffersBaseIntegrationTests" name="Patch_ValidReferencePropertyUpdatesModel" /></UnitTest><UnitTest name="Patch_InvalidReferencePropertyReturnsBadRequest" storage="d:\modelrelief\modelrelief.test\bin\debug\netcoreapp2.0\modelrelief.test.dll" id="8d9979cb-bbdf-4e91-9c88-cb619f24bf32"><Execution id="e6ba75b1-0de7-4e88-90f6-1a4b7fbe2246" /><TestMethod codeBase="D:\ModelRelief\ModelRelief.test\bin\Debug\netcoreapp2.0\ModelRelief.Test.dll" adapterTypeName="executor://xunit/VsTestRunner2/netcoreapp" className="ModelRelief.Test.Integration.Cameras.CamerasBaseIntegrationTests" name="Patch_InvalidReferencePropertyReturnsBadRequest" /></UnitTest><UnitTest name="Patch_InvalidIdPropertyReturnsNotFound" storage="d:\modelrelief\modelrelief.test\bin\debug\netcoreapp2.0\modelrelief.test.dll" id="8567a26b-7f95-4bd6-8e9f-c83d60a2d977"><Execution id="66b4cb84-978b-49e6-a07e-de1866f84474" /><TestMethod codeBase="D:\ModelRelief\ModelRelief.test\bin\Debug\netcoreapp2.0\ModelRelief.Test.dll" adapterTypeName="executor://xunit/VsTestRunner2/netcoreapp" className="ModelRelief.Test.Integration.Projects.ProjectsBaseIntegrationTests" name="Patch_InvalidIdPropertyReturnsNotFound" /></UnitTest><UnitTest name="GetList_ListReturnsCorrectCount" storage="d:\modelrelief\modelrelief.test\bin\debug\netcoreapp2.0\modelrelief.test.dll" id="d63dc28c-925a-40e9-a1f7-b900d04e203e"><Execution id="b3721d15-6fc4-4c67-9a30-0c8d28d14647" /><TestMethod codeBase="D:\ModelRelief\ModelRelief.test\bin\Debug\netcoreapp2.0\ModelRelief.Test.dll" adapterTypeName="executor://xunit/VsTestRunner2/netcoreapp" className="ModelRelief.Test.Integration.MeshTransforms.MeshTransformsBaseIntegrationTests" name="GetList_ListReturnsCorrectCount" /></UnitTest><UnitTest name="GetSingle_InvalidIdPropertyValueReturnsNotFound" storage="d:\modelrelief\modelrelief.test\bin\debug\netcoreapp2.0\modelrelief.test.dll" id="68c8ad85-302e-468c-9336-c4a2efeed55f"><Execution id="dedaca4c-1326-4627-976a-939e4fec8af1" /><TestMethod codeBase="D:\ModelRelief\ModelRelief.test\bin\Debug\netcoreapp2.0\ModelRelief.Test.dll" adapterTypeName="executor://xunit/VsTestRunner2/netcoreapp" className="ModelRelief.Test.Integration.Meshes.MeshesBaseIntegrationTests" name="GetSingle_InvalidIdPropertyValueReturnsNotFound" /></UnitTest><UnitTest name="Post_InvalidReferencePropertyReturnsBadRequest" storage="d:\modelrelief\modelrelief.test\bin\debug\netcoreapp2.0\modelrelief.test.dll" id="315be219-29a3-46e1-8e9e-7f2c7d3e5e27"><Execution id="441057b1-9390-4737-8b62-9d738b8ab6cf" /><TestMethod codeBase="D:\ModelRelief\ModelRelief.test\bin\Debug\netcoreapp2.0\ModelRelief.Test.dll" adapterTypeName="executor://xunit/VsTestRunner2/netcoreapp" className="ModelRelief.Test.Integration.Cameras.CamerasBaseIntegrationTests" name="Post_InvalidReferencePropertyReturnsBadRequest" /></UnitTest><UnitTest name="Post_InvalidPropertyValueReturnsBadRequest" storage="d:\modelrelief\modelrelief.test\bin\debug\netcoreapp2.0\modelrelief.test.dll" id="4b3f085a-8164-416f-9fd7-9cf3d4fa02ea"><Execution id="1ef2cd1f-7f8c-4356-9e9d-14076ebf5741" /><TestMethod codeBase="D:\ModelRelief\ModelRelief.test\bin\Debug\netcoreapp2.0\ModelRelief.Test.dll" adapterTypeName="executor://xunit/VsTestRunner2/netcoreapp" className="ModelRelief.Test.Integration.Projects.ProjectsBaseIntegrationTests" name="Post_InvalidPropertyValueReturnsBadRequest" /></UnitTest><UnitTest name="GetList_ListReturnsCorrectCount" storage="d:\modelrelief\modelrelief.test\bin\debug\netcoreapp2.0\modelrelief.test.dll" id="263ab14d-a654-40d0-9c35-31130915b3f9"><Execution id="ba51ff6a-38a3-4a1a-9220-0ed365c729e5" /><TestMethod codeBase="D:\ModelRelief\ModelRelief.test\bin\Debug\netcoreapp2.0\ModelRelief.Test.dll" adapterTypeName="executor://xunit/VsTestRunner2/netcoreapp" className="ModelRelief.Test.Integration.Meshes.MeshesBaseIntegrationTests" name="GetList_ListReturnsCorrectCount" /></UnitTest><UnitTest name="GetList_ListReturnsCorrectCount" storage="d:\modelrelief\modelrelief.test\bin\debug\netcoreapp2.0\modelrelief.test.dll" id="3e37cdfb-9c99-4443-89db-15dd8727511c"><Execution id="2d0ab83d-194c-46d4-833a-1d518f2a00d4" /><TestMethod codeBase="D:\ModelRelief\ModelRelief.test\bin\Debug\netcoreapp2.0\ModelRelief.Test.dll" adapterTypeName="executor://xunit/VsTestRunner2/netcoreapp" className="ModelRelief.Test.Integration.DepthBuffers.DepthBuffersBaseIntegrationTests" name="GetList_ListReturnsCorrectCount" /></UnitTest><UnitTest name="GetFile_NonExistentFileReturnsNotFound" storage="d:\modelrelief\modelrelief.test\bin\debug\netcoreapp2.0\modelrelief.test.dll" id="d7d7ed07-98f7-4fff-83c3-d5d556691212"><Execution id="cb32ec72-3ba3-4360-a684-262cdff05217" /><TestMethod codeBase="D:\ModelRelief\ModelRelief.test\bin\Debug\netcoreapp2.0\ModelRelief.Test.dll" adapterTypeName="executor://xunit/VsTestRunner2/netcoreapp" className="ModelRelief.Test.Integration.Models.ModelsFileIntegrationTests" name="GetFile_NonExistentFileReturnsNotFound" /></UnitTest><UnitTest name="Put_InvalidIdReturnsNotFound" storage="d:\modelrelief\modelrelief.test\bin\debug\netcoreapp2.0\modelrelief.test.dll" id="110d65ea-072d-42fd-876a-c25879c824ac"><Execution id="7588785a-7357-4253-b220-449e5aa99a55" /><TestMethod codeBase="D:\ModelRelief\ModelRelief.test\bin\Debug\netcoreapp2.0\ModelRelief.Test.dll" adapterTypeName="executor://xunit/VsTestRunner2/netcoreapp" className="ModelRelief.Test.Integration.Projects.ProjectsBaseIntegrationTests" name="Put_InvalidIdReturnsNotFound" /></UnitTest><UnitTest name="GetFile_FileCanBeRoundTripped" storage="d:\modelrelief\modelrelief.test\bin\debug\netcoreapp2.0\modelrelief.test.dll" id="7c75d827-0210-4d59-b385-308c5dc65192"><Execution id="813471c8-dd86-4b1d-ac2c-4a85fb5250ca" /><TestMethod codeBase="D:\ModelRelief\ModelRelief.test\bin\Debug\netcoreapp2.0\ModelRelief.Test.dll" adapterTypeName="executor://xunit/VsTestRunner2/netcoreapp" className="ModelRelief.Test.Integration.Models.ModelsFileIntegrationTests" name="GetFile_FileCanBeRoundTripped" /></UnitTest><UnitTest name="Patch_MultipleInvalidReferencePropertiesReturnsMultipleValidationErrorsAndBadRequest" storage="d:\modelrelief\modelrelief.test\bin\debug\netcoreapp2.0\modelrelief.test.dll" id="1cb0c243-8923-4225-a317-d18b96181b30"><Execution id="5e804272-e57b-47a2-acdd-bf397edb883f" /><TestMethod codeBase="D:\ModelRelief\ModelRelief.test\bin\Debug\netcoreapp2.0\ModelRelief.Test.dll" adapterTypeName="executor://xunit/VsTestRunner2/netcoreapp" className="ModelRelief.Test.Integration.Cameras.CamerasBaseIntegrationTests" name="Patch_MultipleInvalidReferencePropertiesReturnsMultipleValidationErrorsAndBadRequest" /></UnitTest><UnitTest name="PutFile_FileCanBeUpdated" storage="d:\modelrelief\modelrelief.test\bin\debug\netcoreapp2.0\modelrelief.test.dll" id="2487d848-85b4-46d7-852e-c6e2e94f7038"><Execution id="ca816e0c-7308-41ca-980b-f425bd991a51" /><TestMethod codeBase="D:\ModelRelief\ModelRelief.test\bin\Debug\netcoreapp2.0\ModelRelief.Test.dll" adapterTypeName="executor://xunit/VsTestRunner2/netcoreapp" className="ModelRelief.Test.Integration.Meshes.MeshesFileIntegrationTests" name="PutFile_FileCanBeUpdated" /></UnitTest><UnitTest name="Patch_InvalidReferencePropertyReturnsBadRequest" storage="d:\modelrelief\modelrelief.test\bin\debug\netcoreapp2.0\modelrelief.test.dll" id="ed816d8c-737e-4852-8aca-388b35a82eb0"><Execution id="56a0e132-7212-4038-9fde-279d88c26def" /><TestMethod codeBase="D:\ModelRelief\ModelRelief.test\bin\Debug\netcoreapp2.0\ModelRelief.Test.dll" adapterTypeName="executor://xunit/VsTestRunner2/netcoreapp" className="ModelRelief.Test.Integration.MeshTransforms.MeshTransformsBaseIntegrationTests" name="Patch_InvalidReferencePropertyReturnsBadRequest" /></UnitTest><UnitTest name="Patch_TargetPropertyIsUpdated" storage="d:\modelrelief\modelrelief.test\bin\debug\netcoreapp2.0\modelrelief.test.dll" id="8b625071-03f9-4da2-be7c-997f9f04f1e2"><Execution id="58cf64c4-cd71-4f79-b85f-4c5d7074c90f" /><TestMethod codeBase="D:\ModelRelief\ModelRelief.test\bin\Debug\netcoreapp2.0\ModelRelief.Test.dll" adapterTypeName="executor://xunit/VsTestRunner2/netcoreapp" className="ModelRelief.Test.Integration.Meshes.MeshesBaseIntegrationTests" name="Patch_TargetPropertyIsUpdated" /></UnitTest><UnitTest name="Put_ValidReferencePropertyUpdatesModel" storage="d:\modelrelief\modelrelief.test\bin\debug\netcoreapp2.0\modelrelief.test.dll" id="9a5c1840-65eb-4174-8c07-7c2f916470a6"><Execution id="2a91dfe8-7c9f-4e08-929c-b0dbbac2a8d1" /><TestMethod codeBase="D:\ModelRelief\ModelRelief.test\bin\Debug\netcoreapp2.0\ModelRelief.Test.dll" adapterTypeName="executor://xunit/VsTestRunner2/netcoreapp" className="ModelRelief.Test.Integration.Meshes.MeshesBaseIntegrationTests" name="Put_ValidReferencePropertyUpdatesModel" /></UnitTest><UnitTest name="CameraHasExpectedDependentFiles" storage="d:\modelrelief\modelrelief.test\bin\debug\netcoreapp2.0\modelrelief.test.dll" id="a22a4801-671d-4b1f-897a-144d9cf36d44"><Execution id="cfc652da-3695-41d7-a2fd-77f312388788" /><TestMethod codeBase="D:\ModelRelief\ModelRelief.test\bin\Debug\netcoreapp2.0\ModelRelief.Test.dll" adapterTypeName="executor://xunit/VsTestRunner2/netcoreapp" className="ModelRelief.Test.Unit.DependencyManager.DependencyManagerTests" name="CameraHasExpectedDependentFiles" /></UnitTest><UnitTest name="Patch_MultipleInvalidReferencePropertiesReturnsMultipleValidationErrorsAndBadRequest" storage="d:\modelrelief\modelrelief.test\bin\debug\netcoreapp2.0\modelrelief.test.dll" id="d266e2c0-0622-4b7f-a81b-50308e98a551"><Execution id="9ec1a983-4765-41e1-9926-2b28bfe9f161" /><TestMethod codeBase="D:\ModelRelief\ModelRelief.test\bin\Debug\netcoreapp2.0\ModelRelief.Test.dll" adapterTypeName="executor://xunit/VsTestRunner2/netcoreapp" className="ModelRelief.Test.Integration.Models.ModelsBaseIntegrationTests" name="Patch_MultipleInvalidReferencePropertiesReturnsMultipleValidationErrorsAndBadRequest" /></UnitTest><UnitTest name="Post_InvalidPropertyValueReturnsBadRequest" storage="d:\modelrelief\modelrelief.test\bin\debug\netcoreapp2.0\modelrelief.test.dll" id="f6d035aa-0ccc-4799-b30d-3a383a026704"><Execution id="dc7c00ee-1bbc-4826-8596-12de24ba764e" /><TestMethod codeBase="D:\ModelRelief\ModelRelief.test\bin\Debug\netcoreapp2.0\ModelRelief.Test.dll" adapterTypeName="executor://xunit/VsTestRunner2/netcoreapp" className="ModelRelief.Test.Integration.Cameras.CamerasBaseIntegrationTests" name="Post_InvalidPropertyValueReturnsBadRequest" /></UnitTest><UnitTest name="Patch_ValidReferencePropertyUpdatesModel" storage="d:\modelrelief\modelrelief.test\bin\debug\netcoreapp2.0\modelrelief.test.dll" id="9ccb55de-af27-4d6e-9e81-512b5869b7ab"><Execution id="de90f3f5-8a9f-4968-be91-107bf3d35b91" /><TestMethod codeBase="D:\ModelRelief\ModelRelief.test\bin\Debug\netcoreapp2.0\ModelRelief.Test.dll" adapterTypeName="executor://xunit/VsTestRunner2/netcoreapp" className="ModelRelief.Test.Integration.Projects.ProjectsBaseIntegrationTests" name="Patch_ValidReferencePropertyUpdatesModel" /></UnitTest><UnitTest name="Patch_MultipleInvalidReferencePropertiesReturnsMultipleValidationErrorsAndBadRequest" storage="d:\modelrelief\modelrelief.test\bin\debug\netcoreapp2.0\modelrelief.test.dll" id="781b6a0f-949c-4dda-ab74-a09c0fcb042d"><Execution id="1f6c6a98-5155-430c-95f3-5199d13eadf3" /><TestMethod codeBase="D:\ModelRelief\ModelRelief.test\bin\Debug\netcoreapp2.0\ModelRelief.Test.dll" adapterTypeName="executor://xunit/VsTestRunner2/netcoreapp" className="ModelRelief.Test.Integration.Meshes.MeshesBaseIntegrationTests" name="Patch_MultipleInvalidReferencePropertiesReturnsMultipleValidationErrorsAndBadRequest" /></UnitTest><UnitTest name="Patch_ValidReferencePropertyUpdatesModel" storage="d:\modelrelief\modelrelief.test\bin\debug\netcoreapp2.0\modelrelief.test.dll" id="b0f8ed91-17e0-4717-9dd9-dfe32270d728"><Execution id="c460b9c7-a7c2-4e8d-ad63-62bb4878e1af" /><TestMethod codeBase="D:\ModelRelief\ModelRelief.test\bin\Debug\netcoreapp2.0\ModelRelief.Test.dll" adapterTypeName="executor://xunit/VsTestRunner2/netcoreapp" className="ModelRelief.Test.Integration.Meshes.MeshesBaseIntegrationTests" name="Patch_ValidReferencePropertyUpdatesModel" /></UnitTest><UnitTest name="Patch_ValidReferencePropertyUpdatesModel" storage="d:\modelrelief\modelrelief.test\bin\debug\netcoreapp2.0\modelrelief.test.dll" id="1c1fe521-0b85-47e5-8cb2-fb53320bfeed"><Execution id="bc2fa3f3-9654-44f9-9ec6-9aff51202731" /><TestMethod codeBase="D:\ModelRelief\ModelRelief.test\bin\Debug\netcoreapp2.0\ModelRelief.Test.dll" adapterTypeName="executor://xunit/VsTestRunner2/netcoreapp" className="ModelRelief.Test.Integration.MeshTransforms.MeshTransformsBaseIntegrationTests" name="Patch_ValidReferencePropertyUpdatesModel" /></UnitTest><UnitTest name="Put_ValidReferencePropertyUpdatesModel" storage="d:\modelrelief\modelrelief.test\bin\debug\netcoreapp2.0\modelrelief.test.dll" id="b59c95bb-07c3-411e-b651-974d60578795"><Execution id="9d8bed11-421e-4474-9f88-09e542039b3d" /><TestMethod codeBase="D:\ModelRelief\ModelRelief.test\bin\Debug\netcoreapp2.0\ModelRelief.Test.dll" adapterTypeName="executor://xunit/VsTestRunner2/netcoreapp" className="ModelRelief.Test.Integration.Projects.ProjectsBaseIntegrationTests" name="Put_ValidReferencePropertyUpdatesModel" /></UnitTest><UnitTest name="FileRequest_FileCanBeReadAfterRename" storage="d:\modelrelief\modelrelief.test\bin\debug\netcoreapp2.0\modelrelief.test.dll" id="712d1f91-8f5c-410f-923f-760e7701c3ba"><Execution id="af40618c-2e5b-4263-9db3-0a9f435c1909" /><TestMethod codeBase="D:\ModelRelief\ModelRelief.test\bin\Debug\netcoreapp2.0\ModelRelief.Test.dll" adapterTypeName="executor://xunit/VsTestRunner2/netcoreapp" className="ModelRelief.Test.Integration.DepthBuffers.DepthBuffersFileIntegrationTests" name="FileRequest_FileCanBeReadAfterRename" /></UnitTest><UnitTest name="Post_InvalidPropertyValueReturnsBadRequest" storage="d:\modelrelief\modelrelief.test\bin\debug\netcoreapp2.0\modelrelief.test.dll" id="e977ab5a-67b6-4965-bd3c-6bd9adf0f490"><Execution id="aac85e63-452e-42cb-aed1-caa1c6efd002" /><TestMethod codeBase="D:\ModelRelief\ModelRelief.test\bin\Debug\netcoreapp2.0\ModelRelief.Test.dll" adapterTypeName="executor://xunit/VsTestRunner2/netcoreapp" className="ModelRelief.Test.Integration.MeshTransforms.MeshTransformsBaseIntegrationTests" name="Post_InvalidPropertyValueReturnsBadRequest" /></UnitTest><UnitTest name="GetSingle_InvalidIdPropertyValueReturnsNotFound" storage="d:\modelrelief\modelrelief.test\bin\debug\netcoreapp2.0\modelrelief.test.dll" id="d75abfc8-27b7-4809-b761-2f12c5479723"><Execution id="efbbd75d-bf99-4914-ba03-1931eabde694" /><TestMethod codeBase="D:\ModelRelief\ModelRelief.test\bin\Debug\netcoreapp2.0\ModelRelief.Test.dll" adapterTypeName="executor://xunit/VsTestRunner2/netcoreapp" className="ModelRelief.Test.Integration.DepthBuffers.DepthBuffersBaseIntegrationTests" name="GetSingle_InvalidIdPropertyValueReturnsNotFound" /></UnitTest><UnitTest name="Post_ValidReferencePropertyCreatesModel" storage="d:\modelrelief\modelrelief.test\bin\debug\netcoreapp2.0\modelrelief.test.dll" id="43e15972-1f07-4e5b-8df1-4e05c4d4d278"><Execution id="232143d6-2efe-49b0-a332-c0295d8c64d3" /><TestMethod codeBase="D:\ModelRelief\ModelRelief.test\bin\Debug\netcoreapp2.0\ModelRelief.Test.dll" adapterTypeName="executor://xunit/VsTestRunner2/netcoreapp" className="ModelRelief.Test.Integration.Meshes.MeshesBaseIntegrationTests" name="Post_ValidReferencePropertyCreatesModel" /></UnitTest><UnitTest name="Put_InvalidIdReturnsNotFound" storage="d:\modelrelief\modelrelief.test\bin\debug\netcoreapp2.0\modelrelief.test.dll" id="bdb58f0e-bf77-4448-b928-c9214bdbd34d"><Execution id="7a0090e6-f8ff-4dea-9af4-0fb5314ff3ea" /><TestMethod codeBase="D:\ModelRelief\ModelRelief.test\bin\Debug\netcoreapp2.0\ModelRelief.Test.dll" adapterTypeName="executor://xunit/VsTestRunner2/netcoreapp" className="ModelRelief.Test.Integration.Meshes.MeshesBaseIntegrationTests" name="Put_InvalidIdReturnsNotFound" /></UnitTest><UnitTest name="Post_InvalidReferencePropertyReturnsBadRequest" storage="d:\modelrelief\modelrelief.test\bin\debug\netcoreapp2.0\modelrelief.test.dll" id="3a563254-debc-466a-9ef3-2257a0f046ad"><Execution id="468349e0-b582-4e9e-a917-25e545880a5a" /><TestMethod codeBase="D:\ModelRelief\ModelRelief.test\bin\Debug\netcoreapp2.0\ModelRelief.Test.dll" adapterTypeName="executor://xunit/VsTestRunner2/netcoreapp" className="ModelRelief.Test.Integration.MeshTransforms.MeshTransformsBaseIntegrationTests" name="Post_InvalidReferencePropertyReturnsBadRequest" /></UnitTest><UnitTest name="Patch_TargetPropertyIsUpdated" storage="d:\modelrelief\modelrelief.test\bin\debug\netcoreapp2.0\modelrelief.test.dll" id="3bfb6508-a5ed-44c7-b96a-0c1c8d368e4b"><Execution id="f5420e93-26c4-42ef-a366-d633c4268770" /><TestMethod codeBase="D:\ModelRelief\ModelRelief.test\bin\Debug\netcoreapp2.0\ModelRelief.Test.dll" adapterTypeName="executor://xunit/VsTestRunner2/netcoreapp" className="ModelRelief.Test.Integration.MeshTransforms.MeshTransformsBaseIntegrationTests" name="Patch_TargetPropertyIsUpdated" /></UnitTest><UnitTest name="Patch_ValidReferencePropertyUpdatesModel" storage="d:\modelrelief\modelrelief.test\bin\debug\netcoreapp2.0\modelrelief.test.dll" id="2c1da3fb-eaeb-4ce6-8506-1224038b3c01"><Execution id="d47d2a33-b362-44df-9c59-62752380600f" /><TestMethod codeBase="D:\ModelRelief\ModelRelief.test\bin\Debug\netcoreapp2.0\ModelRelief.Test.dll" adapterTypeName="executor://xunit/VsTestRunner2/netcoreapp" className="ModelRelief.Test.Integration.Cameras.CamerasBaseIntegrationTests" name="Patch_ValidReferencePropertyUpdatesModel" /></UnitTest><UnitTest name="GetSingle_ValidIdPropertyValueReturnsCorrectModel" storage="d:\modelrelief\modelrelief.test\bin\debug\netcoreapp2.0\modelrelief.test.dll" id="1cc0fe35-426c-44cc-8e25-d972930226ca"><Execution id="ca66949b-7e89-4b43-85e9-5b455096c1d6" /><TestMethod codeBase="D:\ModelRelief\ModelRelief.test\bin\Debug\netcoreapp2.0\ModelRelief.Test.dll" adapterTypeName="executor://xunit/VsTestRunner2/netcoreapp" className="ModelRelief.Test.Integration.Meshes.MeshesBaseIntegrationTests" name="GetSingle_ValidIdPropertyValueReturnsCorrectModel" /></UnitTest><UnitTest name="PostFile_NewFileCanBePosted" storage="d:\modelrelief\modelrelief.test\bin\debug\netcoreapp2.0\modelrelief.test.dll" id="f143c697-48fc-419f-ab1a-d6ec99b31df2"><Execution id="8028c714-d61a-40a3-8bf3-5cdb1b6c6d2e" /><TestMethod codeBase="D:\ModelRelief\ModelRelief.test\bin\Debug\netcoreapp2.0\ModelRelief.Test.dll" adapterTypeName="executor://xunit/VsTestRunner2/netcoreapp" className="ModelRelief.Test.Integration.Models.ModelsFileIntegrationTests" name="PostFile_NewFileCanBePosted" /></UnitTest><UnitTest name="Patch_InvalidPropertyNameReturnsBadRequest" storage="d:\modelrelief\modelrelief.test\bin\debug\netcoreapp2.0\modelrelief.test.dll" id="11f45b09-46d7-41b7-8375-30a4664159a5"><Execution id="c3d4e199-61a2-43cb-ab3f-5175cc3ad40c" /><TestMethod codeBase="D:\ModelRelief\ModelRelief.test\bin\Debug\netcoreapp2.0\ModelRelief.Test.dll" adapterTypeName="executor://xunit/VsTestRunner2/netcoreapp" className="ModelRelief.Test.Integration.DepthBuffers.DepthBuffersBaseIntegrationTests" name="Patch_InvalidPropertyNameReturnsBadRequest" /></UnitTest><UnitTest name="PostFile_FileIsSynchronizedIsUpdatedAfterFileIsPosted" storage="d:\modelrelief\modelrelief.test\bin\debug\netcoreapp2.0\modelrelief.test.dll" id="5a947750-4c85-4ee5-b276-9a39feadf48b"><Execution id="cce1b743-313c-4bb9-aa4c-549a40d62ab9" /><TestMethod codeBase="D:\ModelRelief\ModelRelief.test\bin\Debug\netcoreapp2.0\ModelRelief.Test.dll" adapterTypeName="executor://xunit/VsTestRunner2/netcoreapp" className="ModelRelief.Test.Integration.Meshes.MeshesFileIntegrationTests" name="PostFile_FileIsSynchronizedIsUpdatedAfterFileIsPosted" /></UnitTest><UnitTest name="Put_InvalidIdReturnsNotFound" storage="d:\modelrelief\modelrelief.test\bin\debug\netcoreapp2.0\modelrelief.test.dll" id="2ccd184e-3658-4251-8b9e-a222c09fd331"><Execution id="db0a09c2-2dbc-4ba4-93a5-a43edc5b337c" /><TestMethod codeBase="D:\ModelRelief\ModelRelief.test\bin\Debug\netcoreapp2.0\ModelRelief.Test.dll" adapterTypeName="executor://xunit/VsTestRunner2/netcoreapp" className="ModelRelief.Test.Integration.MeshTransforms.MeshTransformsBaseIntegrationTests" name="Put_InvalidIdReturnsNotFound" /></UnitTest><UnitTest name="Patch_InvalidEnumPropertyValueReturnsBadRequest" storage="d:\modelrelief\modelrelief.test\bin\debug\netcoreapp2.0\modelrelief.test.dll" id="8a21ee0e-a9d7-4863-b899-2c85ba53a595"><Execution id="dbf65214-3b3b-469a-a1df-7c7cc55e0693" /><TestMethod codeBase="D:\ModelRelief\ModelRelief.test\bin\Debug\netcoreapp2.0\ModelRelief.Test.dll" adapterTypeName="executor://xunit/VsTestRunner2/netcoreapp" className="ModelRelief.Test.Integration.MeshTransforms.MeshTransformsBaseIntegrationTests" name="Patch_InvalidEnumPropertyValueReturnsBadRequest" /></UnitTest><UnitTest name="Patch_TargetPropertyIsUpdated" storage="d:\modelrelief\modelrelief.test\bin\debug\netcoreapp2.0\modelrelief.test.dll" id="d414136b-8da2-4eed-ba1e-91ed9d286fa1"><Execution id="085d56fc-7ad3-407b-a948-6c1f9968b921" /><TestMethod codeBase="D:\ModelRelief\ModelRelief.test\bin\Debug\netcoreapp2.0\ModelRelief.Test.dll" adapterTypeName="executor://xunit/VsTestRunner2/netcoreapp" className="ModelRelief.Test.Integration.Projects.ProjectsBaseIntegrationTests" name="Patch_TargetPropertyIsUpdated" /></UnitTest><UnitTest name="PutFile_NewFileCanBePut" storage="d:\modelrelief\modelrelief.test\bin\debug\netcoreapp2.0\modelrelief.test.dll" id="1c7d39fe-93fd-4832-8ae2-ac5b5babc398"><Execution id="27e8b9d8-d826-4673-ac2c-7806e701b682" /><TestMethod codeBase="D:\ModelRelief\ModelRelief.test\bin\Debug\netcoreapp2.0\ModelRelief.Test.dll" adapterTypeName="executor://xunit/VsTestRunner2/netcoreapp" className="ModelRelief.Test.Integration.Models.ModelsFileIntegrationTests" name="PutFile_NewFileCanBePut" /></UnitTest><UnitTest name="Post_InvalidReferencePropertyReturnsBadRequest" storage="d:\modelrelief\modelrelief.test\bin\debug\netcoreapp2.0\modelrelief.test.dll" id="fc1fc352-400f-4b4d-9ab6-da10bcb51d13"><Execution id="a8538ebb-4245-40e2-bb33-c98cfeb79b0b" /><TestMethod codeBase="D:\ModelRelief\ModelRelief.test\bin\Debug\netcoreapp2.0\ModelRelief.Test.dll" adapterTypeName="executor://xunit/VsTestRunner2/netcoreapp" className="ModelRelief.Test.Integration.Projects.ProjectsBaseIntegrationTests" name="Post_InvalidReferencePropertyReturnsBadRequest" /></UnitTest><UnitTest name="Patch_InvalidEnumPropertyValueReturnsBadRequest" storage="d:\modelrelief\modelrelief.test\bin\debug\netcoreapp2.0\modelrelief.test.dll" id="90111233-8a1b-4806-ba18-265968500b08"><Execution id="9cb1712d-e0a0-46e1-a8c5-5bd9f47817ee" /><TestMethod codeBase="D:\ModelRelief\ModelRelief.test\bin\Debug\netcoreapp2.0\ModelRelief.Test.dll" adapterTypeName="executor://xunit/VsTestRunner2/netcoreapp" className="ModelRelief.Test.Integration.Cameras.CamerasBaseIntegrationTests" name="Patch_InvalidEnumPropertyValueReturnsBadRequest" /></UnitTest><UnitTest name="GetFile_ExistingFileReturnsSuccess" storage="d:\modelrelief\modelrelief.test\bin\debug\netcoreapp2.0\modelrelief.test.dll" id="46d1e9ad-0e2f-4da0-a611-d21f379a5966"><Execution id="7af25014-849e-4074-8c6d-99c9b07cd249" /><TestMethod codeBase="D:\ModelRelief\ModelRelief.test\bin\Debug\netcoreapp2.0\ModelRelief.Test.dll" adapterTypeName="executor://xunit/VsTestRunner2/netcoreapp" className="ModelRelief.Test.Integration.Meshes.MeshesFileIntegrationTests" name="GetFile_ExistingFileReturnsSuccess" /></UnitTest><UnitTest name="Patch_InvalidEnumPropertyValueReturnsBadRequest" storage="d:\modelrelief\modelrelief.test\bin\debug\netcoreapp2.0\modelrelief.test.dll" id="9d2fc086-567d-4de1-9fae-13e169e1c486"><Execution id="4028616c-1476-4b86-8995-c77385c0db0d" /><TestMethod codeBase="D:\ModelRelief\ModelRelief.test\bin\Debug\netcoreapp2.0\ModelRelief.Test.dll" adapterTypeName="executor://xunit/VsTestRunner2/netcoreapp" className="ModelRelief.Test.Integration.Projects.ProjectsBaseIntegrationTests" name="Patch_InvalidEnumPropertyValueReturnsBadRequest" /></UnitTest><UnitTest name="PostFile_FileIsSynchronizedIsUpdatedAfterFileIsPosted" storage="d:\modelrelief\modelrelief.test\bin\debug\netcoreapp2.0\modelrelief.test.dll" id="724bbf4d-7e7f-4821-b40a-4e29e01537b5"><Execution id="5a2465af-f82c-42fa-853b-8bcb3e48efd1" /><TestMethod codeBase="D:\ModelRelief\ModelRelief.test\bin\Debug\netcoreapp2.0\ModelRelief.Test.dll" adapterTypeName="executor://xunit/VsTestRunner2/netcoreapp" className="ModelRelief.Test.Integration.DepthBuffers.DepthBuffersFileIntegrationTests" name="PostFile_FileIsSynchronizedIsUpdatedAfterFileIsPosted" /></UnitTest><UnitTest name="Patch_InvalidReferencePropertyReturnsBadRequest" storage="d:\modelrelief\modelrelief.test\bin\debug\netcoreapp2.0\modelrelief.test.dll" id="cfd35be5-de12-473d-b97e-80b68f345b4b"><Execution id="059ebc22-79c8-4ad4-a45a-6c73c5cd7084" /><TestMethod codeBase="D:\ModelRelief\ModelRelief.test\bin\Debug\netcoreapp2.0\ModelRelief.Test.dll" adapterTypeName="executor://xunit/VsTestRunner2/netcoreapp" className="ModelRelief.Test.Integration.Projects.ProjectsBaseIntegrationTests" name="Patch_InvalidReferencePropertyReturnsBadRequest" /></UnitTest><UnitTest name="GetFile_NonExistentFileReturnsNotFound" storage="d:\modelrelief\modelrelief.test\bin\debug\netcoreapp2.0\modelrelief.test.dll" id="aa844f16-8fbe-44a6-a29d-deb23ca94de3"><Execution id="64fd90fb-f39f-44c2-83ac-74b37d49b497" /><TestMethod codeBase="D:\ModelRelief\ModelRelief.test\bin\Debug\netcoreapp2.0\ModelRelief.Test.dll" adapterTypeName="executor://xunit/VsTestRunner2/netcoreapp" className="ModelRelief.Test.Integration.Meshes.MeshesFileIntegrationTests" name="GetFile_NonExistentFileReturnsNotFound" /></UnitTest><UnitTest name="LucyModel3dHasTwoDependents" storage="d:\modelrelief\modelrelief.test\bin\debug\netcoreapp2.0\modelrelief.test.dll" id="f280b678-2f86-4dce-961d-26efe13bcc9c"><Execution id="7daf9fdc-f4fa-4a24-b80f-7509a6876ebd" /><TestMethod codeBase="D:\ModelRelief\ModelRelief.test\bin\Debug\netcoreapp2.0\ModelRelief.Test.dll" adapterTypeName="executor://xunit/VsTestRunner2/netcoreapp" className="ModelRelief.Test.Unit.DependencyManager.DependencyManagerTests" name="LucyModel3dHasTwoDependents" /></UnitTest><UnitTest name="Put_CanUpdateModel" storage="d:\modelrelief\modelrelief.test\bin\debug\netcoreapp2.0\modelrelief.test.dll" id="a841c6a3-3930-485e-b4b5-e931b55e3c37"><Execution id="8fe96401-bfd2-4931-9e75-2acfeedb5dde" /><TestMethod codeBase="D:\ModelRelief\ModelRelief.test\bin\Debug\netcoreapp2.0\ModelRelief.Test.dll" adapterTypeName="executor://xunit/VsTestRunner2/netcoreapp" className="ModelRelief.Test.Integration.Meshes.MeshesBaseIntegrationTests" name="Put_CanUpdateModel" /></UnitTest><UnitTest name="GetList_ListReturnsCorrectCount" storage="d:\modelrelief\modelrelief.test\bin\debug\netcoreapp2.0\modelrelief.test.dll" id="f63bb63f-a0e5-46f9-bcfd-d7f0c77af9e5"><Execution id="b204ef9b-607d-44d9-b7ff-9466a4dd0ead" /><TestMethod codeBase="D:\ModelRelief\ModelRelief.test\bin\Debug\netcoreapp2.0\ModelRelief.Test.dll" adapterTypeName="executor://xunit/VsTestRunner2/netcoreapp" className="ModelRelief.Test.Integration.Models.ModelsBaseIntegrationTests" name="GetList_ListReturnsCorrectCount" /></UnitTest><UnitTest name="Put_ValidReferencePropertyUpdatesModel" storage="d:\modelrelief\modelrelief.test\bin\debug\netcoreapp2.0\modelrelief.test.dll" id="7de639dd-f666-4af2-8f42-22806ea4a87b"><Execution id="d8a9c4b0-63a2-4e56-8a04-daeffa7cd6c6" /><TestMethod codeBase="D:\ModelRelief\ModelRelief.test\bin\Debug\netcoreapp2.0\ModelRelief.Test.dll" adapterTypeName="executor://xunit/VsTestRunner2/netcoreapp" className="ModelRelief.Test.Integration.MeshTransforms.MeshTransformsBaseIntegrationTests" name="Put_ValidReferencePropertyUpdatesModel" /></UnitTest><UnitTest name="Patch_InvalidReferencePropertyReturnsBadRequest" storage="d:\modelrelief\modelrelief.test\bin\debug\netcoreapp2.0\modelrelief.test.dll" id="52c74864-ff46-43d3-be89-a0ec5e496af1"><Execution id="45f46f9b-9209-4d09-b829-7fbb6887b938" /><TestMethod codeBase="D:\ModelRelief\ModelRelief.test\bin\Debug\netcoreapp2.0\ModelRelief.Test.dll" adapterTypeName="executor://xunit/VsTestRunner2/netcoreapp" className="ModelRelief.Test.Integration.Models.ModelsBaseIntegrationTests" name="Patch_InvalidReferencePropertyReturnsBadRequest" /></UnitTest><UnitTest name="PutFile_FileCanBeUpdated" storage="d:\modelrelief\modelrelief.test\bin\debug\netcoreapp2.0\modelrelief.test.dll" id="b05f3681-85ea-4465-84c0-513c93f7f8c9"><Execution id="aa658049-7626-4b39-8a86-d1481f4dd6ad" /><TestMethod codeBase="D:\ModelRelief\ModelRelief.test\bin\Debug\netcoreapp2.0\ModelRelief.Test.dll" adapterTypeName="executor://xunit/VsTestRunner2/netcoreapp" className="ModelRelief.Test.Integration.Models.ModelsFileIntegrationTests" name="PutFile_FileCanBeUpdated" /></UnitTest><UnitTest name="PostFile_FileIsSynchronizedIsUpdatedAfterFileIsPosted" storage="d:\modelrelief\modelrelief.test\bin\debug\netcoreapp2.0\modelrelief.test.dll" id="4bb868da-a405-411a-9165-64c8133bdc11"><Execution id="726d5eb3-f79b-4a1a-933f-bcf255e1619a" /><TestMethod codeBase="D:\ModelRelief\ModelRelief.test\bin\Debug\netcoreapp2.0\ModelRelief.Test.dll" adapterTypeName="executor://xunit/VsTestRunner2/netcoreapp" className="ModelRelief.Test.Integration.Models.ModelsFileIntegrationTests" name="PostFile_FileIsSynchronizedIsUpdatedAfterFileIsPosted" /></UnitTest><UnitTest name="Patch_ValidReferencePropertyUpdatesModel" storage="d:\modelrelief\modelrelief.test\bin\debug\netcoreapp2.0\modelrelief.test.dll" id="ae5df790-4fad-4b68-8250-74cab71f49dc"><Execution id="a76d87f9-c4f5-41f8-8f7c-6536364335b4" /><TestMethod codeBase="D:\ModelRelief\ModelRelief.test\bin\Debug\netcoreapp2.0\ModelRelief.Test.dll" adapterTypeName="executor://xunit/VsTestRunner2/netcoreapp" className="ModelRelief.Test.Integration.Models.ModelsBaseIntegrationTests" name="Patch_ValidReferencePropertyUpdatesModel" /></UnitTest><UnitTest name="GetSingle_ValidIdPropertyValueReturnsCorrectModel" storage="d:\modelrelief\modelrelief.test\bin\debug\netcoreapp2.0\modelrelief.test.dll" id="fb907b23-f6cb-4a39-acd3-239e48c5fda2"><Execution id="e9070f27-43bb-4362-90c2-3b518f3d8432" /><TestMethod codeBase="D:\ModelRelief\ModelRelief.test\bin\Debug\netcoreapp2.0\ModelRelief.Test.dll" adapterTypeName="executor://xunit/VsTestRunner2/netcoreapp" className="ModelRelief.Test.Integration.Projects.ProjectsBaseIntegrationTests" name="GetSingle_ValidIdPropertyValueReturnsCorrectModel" /></UnitTest><UnitTest name="GetSingle_ValidIdPropertyValueReturnsCorrectModel" storage="d:\modelrelief\modelrelief.test\bin\debug\netcoreapp2.0\modelrelief.test.dll" id="da600695-8199-4a3a-a286-4539906eca5c"><Execution id="739b8b06-e0ad-447b-b184-64422fd910b7" /><TestMethod codeBase="D:\ModelRelief\ModelRelief.test\bin\Debug\netcoreapp2.0\ModelRelief.Test.dll" adapterTypeName="executor://xunit/VsTestRunner2/netcoreapp" className="ModelRelief.Test.Integration.Cameras.CamerasBaseIntegrationTests" name="GetSingle_ValidIdPropertyValueReturnsCorrectModel" /></UnitTest><UnitTest name="Patch_InvalidEnumPropertyValueReturnsBadRequest" storage="d:\modelrelief\modelrelief.test\bin\debug\netcoreapp2.0\modelrelief.test.dll" id="c910915f-b3db-4d10-8c0d-b9b080ce5a5f"><Execution id="bfba99d9-4f8e-46d7-8ad8-046185e2059b" /><TestMethod codeBase="D:\ModelRelief\ModelRelief.test\bin\Debug\netcoreapp2.0\ModelRelief.Test.dll" adapterTypeName="executor://xunit/VsTestRunner2/netcoreapp" className="ModelRelief.Test.Integration.DepthBuffers.DepthBuffersBaseIntegrationTests" name="Patch_InvalidEnumPropertyValueReturnsBadRequest" /></UnitTest><UnitTest name="Delete_TargetModelIsDeleted" storage="d:\modelrelief\modelrelief.test\bin\debug\netcoreapp2.0\modelrelief.test.dll" id="cd6a6aed-c393-4b26-a458-a86e145d4cba"><Execution id="b03e36b8-1275-4a7a-a686-acfb290a9f65" /><TestMethod codeBase="D:\ModelRelief\ModelRelief.test\bin\Debug\netcoreapp2.0\ModelRelief.Test.dll" adapterTypeName="executor://xunit/VsTestRunner2/netcoreapp" className="ModelRelief.Test.Integration.Cameras.CamerasBaseIntegrationTests" name="Delete_TargetModelIsDeleted" /></UnitTest><UnitTest name="PutFile_FileCanBeUpdated" storage="d:\modelrelief\modelrelief.test\bin\debug\netcoreapp2.0\modelrelief.test.dll" id="8e3c9700-8fd3-49eb-a30a-98b8322d39b1"><Execution id="c469599e-712a-4755-bbb4-64531b0198c1" /><TestMethod codeBase="D:\ModelRelief\ModelRelief.test\bin\Debug\netcoreapp2.0\ModelRelief.Test.dll" adapterTypeName="executor://xunit/VsTestRunner2/netcoreapp" className="ModelRelief.Test.Integration.DepthBuffers.DepthBuffersFileIntegrationTests" name="PutFile_FileCanBeUpdated" /></UnitTest><UnitTest name="Delete_TargetModelIsDeleted" storage="d:\modelrelief\modelrelief.test\bin\debug\netcoreapp2.0\modelrelief.test.dll" id="8d5f4ade-2df4-4cbb-a06d-7b265cbe0625"><Execution id="ad5090b0-aec7-4ba5-8f87-bcf01b1ecd33" /><TestMethod codeBase="D:\ModelRelief\ModelRelief.test\bin\Debug\netcoreapp2.0\ModelRelief.Test.dll" adapterTypeName="executor://xunit/VsTestRunner2/netcoreapp" className="ModelRelief.Test.Integration.Models.ModelsBaseIntegrationTests" name="Delete_TargetModelIsDeleted" /></UnitTest><UnitTest name="Put_InvalidReferencePropertyReturndBadRequest" storage="d:\modelrelief\modelrelief.test\bin\debug\netcoreapp2.0\modelrelief.test.dll" id="6af42f0e-5e62-48d2-a6af-1261185c5fa5"><Execution id="6e0d5fcd-4c0d-4ca8-8de9-d1d591bf9b62" /><TestMethod codeBase="D:\ModelRelief\ModelRelief.test\bin\Debug\netcoreapp2.0\ModelRelief.Test.dll" adapterTypeName="executor://xunit/VsTestRunner2/netcoreapp" className="ModelRelief.Test.Integration.Models.ModelsBaseIntegrationTests" name="Put_InvalidReferencePropertyReturndBadRequest" /></UnitTest><UnitTest name="Delete_TargetModelIsDeleted" storage="d:\modelrelief\modelrelief.test\bin\debug\netcoreapp2.0\modelrelief.test.dll" id="74aa13d6-431e-4644-87af-f47f3fea3a27"><Execution id="0ba8112d-ba83-47d2-b1c1-d710620f2b47" /><TestMethod codeBase="D:\ModelRelief\ModelRelief.test\bin\Debug\netcoreapp2.0\ModelRelief.Test.dll" adapterTypeName="executor://xunit/VsTestRunner2/netcoreapp" className="ModelRelief.Test.Integration.Projects.ProjectsBaseIntegrationTests" name="Delete_TargetModelIsDeleted" /></UnitTest><UnitTest name="Post_ValidReferencePropertyCreatesModel" storage="d:\modelrelief\modelrelief.test\bin\debug\netcoreapp2.0\modelrelief.test.dll" id="364cbf4c-434d-4678-872a-bc7e76a11a1b"><Execution id="dc95e64f-741a-4b0e-b2d3-a9d97aee6c57" /><TestMethod codeBase="D:\ModelRelief\ModelRelief.test\bin\Debug\netcoreapp2.0\ModelRelief.Test.dll" adapterTypeName="executor://xunit/VsTestRunner2/netcoreapp" className="ModelRelief.Test.Integration.DepthBuffers.DepthBuffersBaseIntegrationTests" name="Post_ValidReferencePropertyCreatesModel" /></UnitTest><UnitTest name="Patch_InvalidPropertyNameReturnsBadRequest" storage="d:\modelrelief\modelrelief.test\bin\debug\netcoreapp2.0\modelrelief.test.dll" id="df649e7a-1b25-4647-b305-cc10c3b54e2c"><Execution id="2f0d98da-b112-420f-a6d9-7e6cefe2f497" /><TestMethod codeBase="D:\ModelRelief\ModelRelief.test\bin\Debug\netcoreapp2.0\ModelRelief.Test.dll" adapterTypeName="executor://xunit/VsTestRunner2/netcoreapp" className="ModelRelief.Test.Integration.Projects.ProjectsBaseIntegrationTests" name="Patch_InvalidPropertyNameReturnsBadRequest" /></UnitTest><UnitTest name="FileRequest_MeshGenerateSetsFileIsSynchronized" storage="d:\modelrelief\modelrelief.test\bin\debug\netcoreapp2.0\modelrelief.test.dll" id="ba18970b-8158-4638-be7a-47c527d4e6d4"><Execution id="8ddad524-0644-4338-ad33-0340c14f9b60" /><TestMethod codeBase="D:\ModelRelief\ModelRelief.test\bin\Debug\netcoreapp2.0\ModelRelief.Test.dll" adapterTypeName="executor://xunit/VsTestRunner2/netcoreapp" className="ModelRelief.Test.Integration.Meshes.MeshesFileIntegrationTests" name="FileRequest_MeshGenerateSetsFileIsSynchronized" /></UnitTest><UnitTest name="Post_CanCreateNewModel" storage="d:\modelrelief\modelrelief.test\bin\debug\netcoreapp2.0\modelrelief.test.dll" id="3cfe9e28-ff69-4689-ba2c-cd5efbf01174"><Execution id="f1068eea-c197-4a32-bcbc-5592b094ba5a" /><TestMethod codeBase="D:\ModelRelief\ModelRelief.test\bin\Debug\netcoreapp2.0\ModelRelief.Test.dll" adapterTypeName="executor://xunit/VsTestRunner2/netcoreapp" className="ModelRelief.Test.Integration.MeshTransforms.MeshTransformsBaseIntegrationTests" name="Post_CanCreateNewModel" /></UnitTest><UnitTest name="MeshTransformHasExpectedDependentFiles" storage="d:\modelrelief\modelrelief.test\bin\debug\netcoreapp2.0\modelrelief.test.dll" id="486f9868-a18b-4bd1-8674-be6f6964e15f"><Execution id="e0101de5-17fa-4370-9396-706efbeac8fc" /><TestMethod codeBase="D:\ModelRelief\ModelRelief.test\bin\Debug\netcoreapp2.0\ModelRelief.Test.dll" adapterTypeName="executor://xunit/VsTestRunner2/netcoreapp" className="ModelRelief.Test.Unit.DependencyManager.DependencyManagerTests" name="MeshTransformHasExpectedDependentFiles" /></UnitTest><UnitTest name="Patch_InvalidPropertyNameReturnsBadRequest" storage="d:\modelrelief\modelrelief.test\bin\debug\netcoreapp2.0\modelrelief.test.dll" id="e7381c40-6bc9-41fa-8eb6-0ed98bed3f5a"><Execution id="dc9fef82-5ad0-4d98-9e72-ca23cb72e562" /><TestMethod codeBase="D:\ModelRelief\ModelRelief.test\bin\Debug\netcoreapp2.0\ModelRelief.Test.dll" adapterTypeName="executor://xunit/VsTestRunner2/netcoreapp" className="ModelRelief.Test.Integration.Models.ModelsBaseIntegrationTests" name="Patch_InvalidPropertyNameReturnsBadRequest" /></UnitTest><UnitTest name="Post_CanCreateNewModel" storage="d:\modelrelief\modelrelief.test\bin\debug\netcoreapp2.0\modelrelief.test.dll" id="de3856f4-84e3-41fd-a65f-ade877ca5bd2"><Execution id="f3ff9bdd-92cd-4093-8e0e-d73114525220" /><TestMethod codeBase="D:\ModelRelief\ModelRelief.test\bin\Debug\netcoreapp2.0\ModelRelief.Test.dll" adapterTypeName="executor://xunit/VsTestRunner2/netcoreapp" className="ModelRelief.Test.Integration.Meshes.MeshesBaseIntegrationTests" name="Post_CanCreateNewModel" /></UnitTest><UnitTest name="Patch_InvalidIdPropertyReturnsNotFound" storage="d:\modelrelief\modelrelief.test\bin\debug\netcoreapp2.0\modelrelief.test.dll" id="0b32ba82-581d-4003-a039-65800b861b32"><Execution id="6487ed8f-b54a-4fa7-adfd-e916d09086ee" /><TestMethod codeBase="D:\ModelRelief\ModelRelief.test\bin\Debug\netcoreapp2.0\ModelRelief.Test.dll" adapterTypeName="executor://xunit/VsTestRunner2/netcoreapp" className="ModelRelief.Test.Integration.Cameras.CamerasBaseIntegrationTests" name="Patch_InvalidIdPropertyReturnsNotFound" /></UnitTest><UnitTest name="Patch_InvalidIdPropertyReturnsNotFound" storage="d:\modelrelief\modelrelief.test\bin\debug\netcoreapp2.0\modelrelief.test.dll" id="88071341-92b9-42a4-bd1a-db8b5fc4659b"><Execution id="10d16da3-320f-4f40-b695-3c2206b219d0" /><TestMethod codeBase="D:\ModelRelief\ModelRelief.test\bin\Debug\netcoreapp2.0\ModelRelief.Test.dll" adapterTypeName="executor://xunit/VsTestRunner2/netcoreapp" className="ModelRelief.Test.Integration.MeshTransforms.MeshTransformsBaseIntegrationTests" name="Patch_InvalidIdPropertyReturnsNotFound" /></UnitTest><UnitTest name="Patch_InvalidIdPropertyReturnsNotFound" storage="d:\modelrelief\modelrelief.test\bin\debug\netcoreapp2.0\modelrelief.test.dll" id="1aeedf64-ebb3-4f05-8898-4173078d3390"><Execution id="7ca81784-68d7-4a9b-998c-aa5b5e0c48a6" /><TestMethod codeBase="D:\ModelRelief\ModelRelief.test\bin\Debug\netcoreapp2.0\ModelRelief.Test.dll" adapterTypeName="executor://xunit/VsTestRunner2/netcoreapp" className="ModelRelief.Test.Integration.DepthBuffers.DepthBuffersBaseIntegrationTests" name="Patch_InvalidIdPropertyReturnsNotFound" /></UnitTest><UnitTest name="Post_ValidReferencePropertyCreatesModel" storage="d:\modelrelief\modelrelief.test\bin\debug\netcoreapp2.0\modelrelief.test.dll" id="e26faec2-80f6-48e7-87ee-0d0c7e8ff035"><Execution id="a7af4b45-ddfb-4c09-80a0-bb2900bf8137" /><TestMethod codeBase="D:\ModelRelief\ModelRelief.test\bin\Debug\netcoreapp2.0\ModelRelief.Test.dll" adapterTypeName="executor://xunit/VsTestRunner2/netcoreapp" className="ModelRelief.Test.Integration.Models.ModelsBaseIntegrationTests" name="Post_ValidReferencePropertyCreatesModel" /></UnitTest><UnitTest name="LucyCameraFindsAllDependents" storage="d:\modelrelief\modelrelief.test\bin\debug\netcoreapp2.0\modelrelief.test.dll" id="b9ce16b2-8e97-4beb-b043-90e38b4cb1f5"><Execution id="f7ae2af1-b5a7-4589-aaa2-907007bd73e4" /><TestMethod codeBase="D:\ModelRelief\ModelRelief.test\bin\Debug\netcoreapp2.0\ModelRelief.Test.dll" adapterTypeName="executor://xunit/VsTestRunner2/netcoreapp" className="ModelRelief.Test.Unit.DependencyManager.DependencyManagerTests" name="LucyCameraFindsAllDependents" /></UnitTest><UnitTest name="GetSingle_InvalidIdPropertyValueReturnsNotFound" storage="d:\modelrelief\modelrelief.test\bin\debug\netcoreapp2.0\modelrelief.test.dll" id="34da3048-b047-4801-b9b3-4f3052e15528"><Execution id="75478ac6-ab2c-47c2-9760-3e67d348ed06" /><TestMethod codeBase="D:\ModelRelief\ModelRelief.test\bin\Debug\netcoreapp2.0\ModelRelief.Test.dll" adapterTypeName="executor://xunit/VsTestRunner2/netcoreapp" className="ModelRelief.Test.Integration.Projects.ProjectsBaseIntegrationTests" name="GetSingle_InvalidIdPropertyValueReturnsNotFound" /></UnitTest><UnitTest name="Put_InvalidIdReturnsNotFound" storage="d:\modelrelief\modelrelief.test\bin\debug\netcoreapp2.0\modelrelief.test.dll" id="fc855955-e84b-4462-bc9c-252230f73ec6"><Execution id="b1c25cb4-8637-4681-95a4-6415f2c32c84" /><TestMethod codeBase="D:\ModelRelief\ModelRelief.test\bin\Debug\netcoreapp2.0\ModelRelief.Test.dll" adapterTypeName="executor://xunit/VsTestRunner2/netcoreapp" className="ModelRelief.Test.Integration.DepthBuffers.DepthBuffersBaseIntegrationTests" name="Put_InvalidIdReturnsNotFound" /></UnitTest><UnitTest name="Patch_MultipleInvalidReferencePropertiesReturnsMultipleValidationErrorsAndBadRequest" storage="d:\modelrelief\modelrelief.test\bin\debug\netcoreapp2.0\modelrelief.test.dll" id="10076586-db6e-4712-b50a-ab8c316aca91"><Execution id="19009fc2-cee4-4842-9fa5-e0907a1636a9" /><TestMethod codeBase="D:\ModelRelief\ModelRelief.test\bin\Debug\netcoreapp2.0\ModelRelief.Test.dll" adapterTypeName="executor://xunit/VsTestRunner2/netcoreapp" className="ModelRelief.Test.Integration.DepthBuffers.DepthBuffersBaseIntegrationTests" name="Patch_MultipleInvalidReferencePropertiesReturnsMultipleValidationErrorsAndBadRequest" /></UnitTest><UnitTest name="Patch_TargetPropertyIsUpdated" storage="d:\modelrelief\modelrelief.test\bin\debug\netcoreapp2.0\modelrelief.test.dll" id="cc6e2889-3652-4dc0-9723-26f38809278c"><Execution id="f9faba47-f356-4323-8455-d51381e97454" /><TestMethod codeBase="D:\ModelRelief\ModelRelief.test\bin\Debug\netcoreapp2.0\ModelRelief.Test.dll" adapterTypeName="executor://xunit/VsTestRunner2/netcoreapp" className="ModelRelief.Test.Integration.DepthBuffers.DepthBuffersBaseIntegrationTests" name="Patch_TargetPropertyIsUpdated" /></UnitTest><UnitTest name="Patch_TargetPropertyIsUpdated" storage="d:\modelrelief\modelrelief.test\bin\debug\netcoreapp2.0\modelrelief.test.dll" id="525a07d2-55b3-461b-851b-c92fd853801f"><Execution id="0c99c34b-b015-4228-8bcc-a04f055c1326" /><TestMethod codeBase="D:\ModelRelief\ModelRelief.test\bin\Debug\netcoreapp2.0\ModelRelief.Test.dll" adapterTypeName="executor://xunit/VsTestRunner2/netcoreapp" className="ModelRelief.Test.Integration.Models.ModelsBaseIntegrationTests" name="Patch_TargetPropertyIsUpdated" /></UnitTest><UnitTest name="Put_CanUpdateModel" storage="d:\modelrelief\modelrelief.test\bin\debug\netcoreapp2.0\modelrelief.test.dll" id="0655a235-3286-4470-b400-9dfabc501e41"><Execution id="470faca4-4584-4dbe-b4fb-807dcc1e66c0" /><TestMethod codeBase="D:\ModelRelief\ModelRelief.test\bin\Debug\netcoreapp2.0\ModelRelief.Test.dll" adapterTypeName="executor://xunit/VsTestRunner2/netcoreapp" className="ModelRelief.Test.Integration.Cameras.CamerasBaseIntegrationTests" name="Put_CanUpdateModel" /></UnitTest><UnitTest name="Patch_MultipleInvalidReferencePropertiesReturnsMultipleValidationErrorsAndBadRequest" storage="d:\modelrelief\modelrelief.test\bin\debug\netcoreapp2.0\modelrelief.test.dll" id="f23f02b4-0e0f-4032-93d9-19b02b1ca1fa"><Execution id="8f4ef74e-6367-4db9-b385-20dd19896353" /><TestMethod codeBase="D:\ModelRelief\ModelRelief.test\bin\Debug\netcoreapp2.0\ModelRelief.Test.dll" adapterTypeName="executor://xunit/VsTestRunner2/netcoreapp" className="ModelRelief.Test.Integration.MeshTransforms.MeshTransformsBaseIntegrationTests" name="Patch_MultipleInvalidReferencePropertiesReturnsMultipleValidationErrorsAndBadRequest" /></UnitTest><UnitTest name="Patch_InvalidReferencePropertyReturnsBadRequest" storage="d:\modelrelief\modelrelief.test\bin\debug\netcoreapp2.0\modelrelief.test.dll" id="fda494ed-55c3-4576-a248-9bf8fdd7fd0e"><Execution id="86040582-3c44-4e75-9d64-30f178d2493e" /><TestMethod codeBase="D:\ModelRelief\ModelRelief.test\bin\Debug\netcoreapp2.0\ModelRelief.Test.dll" adapterTypeName="executor://xunit/VsTestRunner2/netcoreapp" className="ModelRelief.Test.Integration.DepthBuffers.DepthBuffersBaseIntegrationTests" name="Patch_InvalidReferencePropertyReturnsBadRequest" /></UnitTest><UnitTest name="PutFile_NewFileCanBePut" storage="d:\modelrelief\modelrelief.test\bin\debug\netcoreapp2.0\modelrelief.test.dll" id="ba71ef1a-0246-4c68-93e5-727352cf9ce0"><Execution id="48e1ab59-cd54-49ce-9e7a-088c6c3a75e4" /><TestMethod codeBase="D:\ModelRelief\ModelRelief.test\bin\Debug\netcoreapp2.0\ModelRelief.Test.dll" adapterTypeName="executor://xunit/VsTestRunner2/netcoreapp" className="ModelRelief.Test.Integration.Meshes.MeshesFileIntegrationTests" name="PutFile_NewFileCanBePut" /></UnitTest><UnitTest name="Patch_InvalidIdPropertyReturnsNotFound" storage="d:\modelrelief\modelrelief.test\bin\debug\netcoreapp2.0\modelrelief.test.dll" id="65acd5f4-1380-4330-9e91-9fc5796bda05"><Execution id="7ce1ca3f-15e2-4234-9766-d6fc9bcbba85" /><TestMethod codeBase="D:\ModelRelief\ModelRelief.test\bin\Debug\netcoreapp2.0\ModelRelief.Test.dll" adapterTypeName="executor://xunit/VsTestRunner2/netcoreapp" className="ModelRelief.Test.Integration.Models.ModelsBaseIntegrationTests" name="Patch_InvalidIdPropertyReturnsNotFound" /></UnitTest><UnitTest name="FileRequest_FileCanBeReadAfterRename" storage="d:\modelrelief\modelrelief.test\bin\debug\netcoreapp2.0\modelrelief.test.dll" id="7690e92b-a06f-4b5a-9384-fb470f295c83"><Execution id="6c461e54-d01a-4fef-9ceb-868d206bf36a" /><TestMethod codeBase="D:\ModelRelief\ModelRelief.test\bin\Debug\netcoreapp2.0\ModelRelief.Test.dll" adapterTypeName="executor://xunit/VsTestRunner2/netcoreapp" className="ModelRelief.Test.Integration.Meshes.MeshesFileIntegrationTests" name="FileRequest_FileCanBeReadAfterRename" /></UnitTest><UnitTest name="FileRequest_FileCanBeReadAfterRename" storage="d:\modelrelief\modelrelief.test\bin\debug\netcoreapp2.0\modelrelief.test.dll" id="89401a14-a722-45c5-bffb-5e80ba37b995"><Execution id="30d7af8c-131c-4f4c-a404-661a4fd8a45d" /><TestMethod codeBase="D:\ModelRelief\ModelRelief.test\bin\Debug\netcoreapp2.0\ModelRelief.Test.dll" adapterTypeName="executor://xunit/VsTestRunner2/netcoreapp" className="ModelRelief.Test.Integration.Models.ModelsFileIntegrationTests" name="FileRequest_FileCanBeReadAfterRename" /></UnitTest><UnitTest name="Patch_MultipleInvalidReferencePropertiesReturnsMultipleValidationErrorsAndBadRequest" storage="d:\modelrelief\modelrelief.test\bin\debug\netcoreapp2.0\modelrelief.test.dll" id="728c4d74-8077-4c32-8573-efba02732594"><Execution id="2278241e-7e56-4248-8c18-83ec2f024a27" /><TestMethod codeBase="D:\ModelRelief\ModelRelief.test\bin\Debug\netcoreapp2.0\ModelRelief.Test.dll" adapterTypeName="executor://xunit/VsTestRunner2/netcoreapp" className="ModelRelief.Test.Integration.Projects.ProjectsBaseIntegrationTests" name="Patch_MultipleInvalidReferencePropertiesReturnsMultipleValidationErrorsAndBadRequest" /></UnitTest><UnitTest name="Post_InvalidReferencePropertyReturnsBadRequest" storage="d:\modelrelief\modelrelief.test\bin\debug\netcoreapp2.0\modelrelief.test.dll" id="d06a1e30-06a7-43e8-838a-74c6c47c0f14"><Execution id="59f851a4-faaf-491b-9358-b2d3d1cc8225" /><TestMethod codeBase="D:\ModelRelief\ModelRelief.test\bin\Debug\netcoreapp2.0\ModelRelief.Test.dll" adapterTypeName="executor://xunit/VsTestRunner2/netcoreapp" className="ModelRelief.Test.Integration.Meshes.MeshesBaseIntegrationTests" name="Post_InvalidReferencePropertyReturnsBadRequest" /></UnitTest><UnitTest name="Put_CanUpdateModel" storage="d:\modelrelief\modelrelief.test\bin\debug\netcoreapp2.0\modelrelief.test.dll" id="5fa9f308-e574-4ee9-95b0-892563cc2fac"><Execution id="79af0c07-2985-4056-82d9-466d52721b9a" /><TestMethod codeBase="D:\ModelRelief\ModelRelief.test\bin\Debug\netcoreapp2.0\ModelRelief.Test.dll" adapterTypeName="executor://xunit/VsTestRunner2/netcoreapp" className="ModelRelief.Test.Integration.MeshTransforms.MeshTransformsBaseIntegrationTests" name="Put_CanUpdateModel" /></UnitTest><UnitTest name="Put_ValidReferencePropertyUpdatesModel" storage="d:\modelrelief\modelrelief.test\bin\debug\netcoreapp2.0\modelrelief.test.dll" id="b0be4620-73e1-44b3-8907-470ba44317cb"><Execution id="8e812d11-1b61-4c1f-8caa-f1e3aadaa2b6" /><TestMethod codeBase="D:\ModelRelief\ModelRelief.test\bin\Debug\netcoreapp2.0\ModelRelief.Test.dll" adapterTypeName="executor://xunit/VsTestRunner2/netcoreapp" className="ModelRelief.Test.Integration.Cameras.CamerasBaseIntegrationTests" name="Put_ValidReferencePropertyUpdatesModel" /></UnitTest><UnitTest name="Delete_TargetModelIsDeleted" storage="d:\modelrelief\modelrelief.test\bin\debug\netcoreapp2.0\modelrelief.test.dll" id="fc1385ca-5c2e-49c6-8f6e-925eeb1e0a37"><Execution id="950e770c-80e6-43a4-b884-a739d42f7c3f" /><TestMethod codeBase="D:\ModelRelief\ModelRelief.test\bin\Debug\netcoreapp2.0\ModelRelief.Test.dll" adapterTypeName="executor://xunit/VsTestRunner2/netcoreapp" className="ModelRelief.Test.Integration.Meshes.MeshesBaseIntegrationTests" name="Delete_TargetModelIsDeleted" /></UnitTest><UnitTest name="Patch_InvalidReferencePropertyReturnsBadRequest" storage="d:\modelrelief\modelrelief.test\bin\debug\netcoreapp2.0\modelrelief.test.dll" id="487d61f2-2787-4d26-979c-540eacf2cedd"><Execution id="cea5c67e-77c8-4b29-8dcc-2dfd8b9da495" /><TestMethod codeBase="D:\ModelRelief\ModelRelief.test\bin\Debug\netcoreapp2.0\ModelRelief.Test.dll" adapterTypeName="executor://xunit/VsTestRunner2/netcoreapp" className="ModelRelief.Test.Integration.Meshes.MeshesBaseIntegrationTests" name="Patch_InvalidReferencePropertyReturnsBadRequest" /></UnitTest><UnitTest name="FileRequest_DepthBufferIsInvalidatedAfterCameraDependencyPropertyChange" storage="d:\modelrelief\modelrelief.test\bin\debug\netcoreapp2.0\modelrelief.test.dll" id="5bcb65fb-591c-4c47-8004-0646a8190cce"><Execution id="09e3269e-b15f-4ceb-bed2-a9d77b99a61d" /><TestMethod codeBase="D:\ModelRelief\ModelRelief.test\bin\Debug\netcoreapp2.0\ModelRelief.Test.dll" adapterTypeName="executor://xunit/VsTestRunner2/netcoreapp" className="ModelRelief.Test.Integration.DepthBuffers.DepthBuffersFileIntegrationTests" name="FileRequest_DepthBufferIsInvalidatedAfterCameraDependencyPropertyChange" /></UnitTest><UnitTest name="GetSingle_InvalidIdPropertyValueReturnsNotFound" storage="d:\modelrelief\modelrelief.test\bin\debug\netcoreapp2.0\modelrelief.test.dll" id="02dc4f30-10ec-45b6-9c78-8703cff3c996"><Execution id="076a883e-0625-4c09-94bb-54d8d53c8163" /><TestMethod codeBase="D:\ModelRelief\ModelRelief.test\bin\Debug\netcoreapp2.0\ModelRelief.Test.dll" adapterTypeName="executor://xunit/VsTestRunner2/netcoreapp" className="ModelRelief.Test.Integration.Cameras.CamerasBaseIntegrationTests" name="GetSingle_InvalidIdPropertyValueReturnsNotFound" /></UnitTest><UnitTest name="Delete_TargetModelIsDeleted" storage="d:\modelrelief\modelrelief.test\bin\debug\netcoreapp2.0\modelrelief.test.dll" id="23fe140b-3b0a-4dfa-bae2-e767f8d6fe56"><Execution id="e5a991f5-75fd-49b9-b1e2-01cfcf2161fe" /><TestMethod codeBase="D:\ModelRelief\ModelRelief.test\bin\Debug\netcoreapp2.0\ModelRelief.Test.dll" adapterTypeName="executor://xunit/VsTestRunner2/netcoreapp" className="ModelRelief.Test.Integration.MeshTransforms.MeshTransformsBaseIntegrationTests" name="Delete_TargetModelIsDeleted" /></UnitTest><UnitTest name="Put_ValidReferencePropertyUpdatesModel" storage="d:\modelrelief\modelrelief.test\bin\debug\netcoreapp2.0\modelrelief.test.dll" id="3311e50f-6123-4a83-8e39-53767c4ccb5c"><Execution id="04cfa174-9679-4b99-83ae-e9603b02f9df" /><TestMethod codeBase="D:\ModelRelief\ModelRelief.test\bin\Debug\netcoreapp2.0\ModelRelief.Test.dll" adapterTypeName="executor://xunit/VsTestRunner2/netcoreapp" className="ModelRelief.Test.Integration.DepthBuffers.DepthBuffersBaseIntegrationTests" name="Put_ValidReferencePropertyUpdatesModel" /></UnitTest><UnitTest name="Put_InvalidReferencePropertyReturndBadRequest" storage="d:\modelrelief\modelrelief.test\bin\debug\netcoreapp2.0\modelrelief.test.dll" id="3491eb00-8ef9-4abd-b6da-8ff4ba4cb9ed"><Execution id="f5e129cf-790c-41e5-8335-0b2c345b51de" /><TestMethod codeBase="D:\ModelRelief\ModelRelief.test\bin\Debug\netcoreapp2.0\ModelRelief.Test.dll" adapterTypeName="executor://xunit/VsTestRunner2/netcoreapp" className="ModelRelief.Test.Integration.MeshTransforms.MeshTransformsBaseIntegrationTests" name="Put_InvalidReferencePropertyReturndBadRequest" /></UnitTest><UnitTest name="PostFile_FileTimeStampIsUpdatedAfterFileIsPosted" storage="d:\modelrelief\modelrelief.test\bin\debug\netcoreapp2.0\modelrelief.test.dll" id="6fe46ea6-bfed-4f8e-bde9-81c3cb6685b3"><Execution id="9b040c0f-b067-4944-aec3-e81817a88cb8" /><TestMethod codeBase="D:\ModelRelief\ModelRelief.test\bin\Debug\netcoreapp2.0\ModelRelief.Test.dll" adapterTypeName="executor://xunit/VsTestRunner2/netcoreapp" className="ModelRelief.Test.Integration.DepthBuffers.DepthBuffersFileIntegrationTests" name="PostFile_FileTimeStampIsUpdatedAfterFileIsPosted" /></UnitTest><UnitTest name="Post_CanCreateNewModel" storage="d:\modelrelief\modelrelief.test\bin\debug\netcoreapp2.0\modelrelief.test.dll" id="6801dffb-1eca-47e5-b834-fc726a568d11"><Execution id="10f878bb-6188-4619-a72d-7012eafa9a6a" /><TestMethod codeBase="D:\ModelRelief\ModelRelief.test\bin\Debug\netcoreapp2.0\ModelRelief.Test.dll" adapterTypeName="executor://xunit/VsTestRunner2/netcoreapp" className="ModelRelief.Test.Integration.Projects.ProjectsBaseIntegrationTests" name="Post_CanCreateNewModel" /></UnitTest><UnitTest name="GetSingle_InvalidIdPropertyValueReturnsNotFound" storage="d:\modelrelief\modelrelief.test\bin\debug\netcoreapp2.0\modelrelief.test.dll" id="caeb24c3-cb8c-4101-9d88-60552e9cdcf9"><Execution id="ed01f568-41c6-457b-8c9e-f48674e0a50c" /><TestMethod codeBase="D:\ModelRelief\ModelRelief.test\bin\Debug\netcoreapp2.0\ModelRelief.Test.dll" adapterTypeName="executor://xunit/VsTestRunner2/netcoreapp" className="ModelRelief.Test.Integration.Models.ModelsBaseIntegrationTests" name="GetSingle_InvalidIdPropertyValueReturnsNotFound" /></UnitTest><UnitTest name="GetFile_NonExistentFileReturnsNotFound" storage="d:\modelrelief\modelrelief.test\bin\debug\netcoreapp2.0\modelrelief.test.dll" id="ec300e59-8012-4474-8b21-e952ecba4c19"><Execution id="2a1c1811-d481-4bb4-8ddc-3fadb99496ba" /><TestMethod codeBase="D:\ModelRelief\ModelRelief.test\bin\Debug\netcoreapp2.0\ModelRelief.Test.dll" adapterTypeName="executor://xunit/VsTestRunner2/netcoreapp" className="ModelRelief.Test.Integration.DepthBuffers.DepthBuffersFileIntegrationTests" name="GetFile_NonExistentFileReturnsNotFound" /></UnitTest><UnitTest name="Patch_InvalidPropertyNameReturnsBadRequest" storage="d:\modelrelief\modelrelief.test\bin\debug\netcoreapp2.0\modelrelief.test.dll" id="96e9be4f-cf37-4118-ade3-067cc852083f"><Execution id="fbdf6edc-6643-46c7-bcef-9c835656b5d1" /><TestMethod codeBase="D:\ModelRelief\ModelRelief.test\bin\Debug\netcoreapp2.0\ModelRelief.Test.dll" adapterTypeName="executor://xunit/VsTestRunner2/netcoreapp" className="ModelRelief.Test.Integration.MeshTransforms.MeshTransformsBaseIntegrationTests" name="Patch_InvalidPropertyNameReturnsBadRequest" /></UnitTest><UnitTest name="GetFile_ExistingFileReturnsSuccess" storage="d:\modelrelief\modelrelief.test\bin\debug\netcoreapp2.0\modelrelief.test.dll" id="b44382c4-49a5-444c-94e7-bb23d080da38"><Execution id="c9f74b6a-6cb2-41f0-9a68-c44e4a151ac4" /><TestMethod codeBase="D:\ModelRelief\ModelRelief.test\bin\Debug\netcoreapp2.0\ModelRelief.Test.dll" adapterTypeName="executor://xunit/VsTestRunner2/netcoreapp" className="ModelRelief.Test.Integration.Models.ModelsFileIntegrationTests" name="GetFile_ExistingFileReturnsSuccess" /></UnitTest><UnitTest name="GetList_ListReturnsCorrectCount" storage="d:\modelrelief\modelrelief.test\bin\debug\netcoreapp2.0\modelrelief.test.dll" id="bae70075-b9ee-4705-8dee-9443816b6763"><Execution id="845fe412-d049-4df6-9fd9-e9917d34e52e" /><TestMethod codeBase="D:\ModelRelief\ModelRelief.test\bin\Debug\netcoreapp2.0\ModelRelief.Test.dll" adapterTypeName="executor://xunit/VsTestRunner2/netcoreapp" className="ModelRelief.Test.Integration.Cameras.CamerasBaseIntegrationTests" name="GetList_ListReturnsCorrectCount" /></UnitTest><UnitTest name="GetList_ListReturnsCorrectCount" storage="d:\modelrelief\modelrelief.test\bin\debug\netcoreapp2.0\modelrelief.test.dll" id="f9cecd3d-02e7-4bbe-9fa7-4b55e5a4ed3a"><Execution id="f58e3fec-eda6-4ee5-a65c-682d00da0a5c" /><TestMethod codeBase="D:\ModelRelief\ModelRelief.test\bin\Debug\netcoreapp2.0\ModelRelief.Test.dll" adapterTypeName="executor://xunit/VsTestRunner2/netcoreapp" className="ModelRelief.Test.Integration.Projects.ProjectsBaseIntegrationTests" name="GetList_ListReturnsCorrectCount" /></UnitTest><UnitTest name="Delete_TargetModelIsDeleted" storage="d:\modelrelief\modelrelief.test\bin\debug\netcoreapp2.0\modelrelief.test.dll" id="649b8d34-8150-4eb4-956c-5239de8b1985"><Execution id="6b1baf7d-5d1b-4cfe-9e5b-99c01827f7f7" /><TestMethod codeBase="D:\ModelRelief\ModelRelief.test\bin\Debug\netcoreapp2.0\ModelRelief.Test.dll" adapterTypeName="executor://xunit/VsTestRunner2/netcoreapp" className="ModelRelief.Test.Integration.DepthBuffers.DepthBuffersBaseIntegrationTests" name="Delete_TargetModelIsDeleted" /></UnitTest><UnitTest name="Post_CanCreateNewModel" storage="d:\modelrelief\modelrelief.test\bin\debug\netcoreapp2.0\modelrelief.test.dll" id="0a5ad1d2-68a8-43c9-afe8-f84e484e0bf9"><Execution id="72b7a0b1-058a-471a-b9e1-98ffeb74d0a3" /><TestMethod codeBase="D:\ModelRelief\ModelRelief.test\bin\Debug\netcoreapp2.0\ModelRelief.Test.dll" adapterTypeName="executor://xunit/VsTestRunner2/netcoreapp" className="ModelRelief.Test.Integration.Models.ModelsBaseIntegrationTests" name="Post_CanCreateNewModel" /></UnitTest><UnitTest name="GetFile_FileCanBeRoundTripped" storage="d:\modelrelief\modelrelief.test\bin\debug\netcoreapp2.0\modelrelief.test.dll" id="1eab1111-065e-44c0-b679-c9e157c3da1e"><Execution id="89f556a8-285a-48aa-a57e-0b43eb2d1967" /><TestMethod codeBase="D:\ModelRelief\ModelRelief.test\bin\Debug\netcoreapp2.0\ModelRelief.Test.dll" adapterTypeName="executor://xunit/VsTestRunner2/netcoreapp" className="ModelRelief.Test.Integration.Meshes.MeshesFileIntegrationTests" name="GetFile_FileCanBeRoundTripped" /></UnitTest><UnitTest name="PostFile_NewFileCanBePosted" storage="d:\modelrelief\modelrelief.test\bin\debug\netcoreapp2.0\modelrelief.test.dll" id="8b3e48ad-13f1-4a80-be93-52f682e0205b"><Execution id="7ccad9f3-c7bb-492d-9e14-5cc43c8c23ef" /><TestMethod codeBase="D:\ModelRelief\ModelRelief.test\bin\Debug\netcoreapp2.0\ModelRelief.Test.dll" adapterTypeName="executor://xunit/VsTestRunner2/netcoreapp" className="ModelRelief.Test.Integration.DepthBuffers.DepthBuffersFileIntegrationTests" name="PostFile_NewFileCanBePosted" /></UnitTest><UnitTest name="GetSingle_ValidIdPropertyValueReturnsCorrectModel" storage="d:\modelrelief\modelrelief.test\bin\debug\netcoreapp2.0\modelrelief.test.dll" id="50625cce-1240-4d1a-9542-521605d5aa51"><Execution id="b76729e7-94ce-4c71-aafe-09a106245f9a" /><TestMethod codeBase="D:\ModelRelief\ModelRelief.test\bin\Debug\netcoreapp2.0\ModelRelief.Test.dll" adapterTypeName="executor://xunit/VsTestRunner2/netcoreapp" className="ModelRelief.Test.Integration.DepthBuffers.DepthBuffersBaseIntegrationTests" name="GetSingle_ValidIdPropertyValueReturnsCorrectModel" /></UnitTest><UnitTest name="Patch_InvalidEnumPropertyValueReturnsBadRequest" storage="d:\modelrelief\modelrelief.test\bin\debug\netcoreapp2.0\modelrelief.test.dll" id="be38a310-7f56-470a-a083-8d7fe04c15d9"><Execution id="6f662492-30b0-413e-9026-81b6fe84b680" /><TestMethod codeBase="D:\ModelRelief\ModelRelief.test\bin\Debug\netcoreapp2.0\ModelRelief.Test.dll" adapterTypeName="executor://xunit/VsTestRunner2/netcoreapp" className="ModelRelief.Test.Integration.Models.ModelsBaseIntegrationTests" name="Patch_InvalidEnumPropertyValueReturnsBadRequest" /></UnitTest><UnitTest name="Post_CanCreateNewModel" storage="d:\modelrelief\modelrelief.test\bin\debug\netcoreapp2.0\modelrelief.test.dll" id="c241c245-4ffd-439d-84ae-cf135e391226"><Execution id="4913d1f8-86e8-4d94-93cc-6270327727ba" /><TestMethod codeBase="D:\ModelRelief\ModelRelief.test\bin\Debug\netcoreapp2.0\ModelRelief.Test.dll" adapterTypeName="executor://xunit/VsTestRunner2/netcoreapp" className="ModelRelief.Test.Integration.DepthBuffers.DepthBuffersBaseIntegrationTests" name="Post_CanCreateNewModel" /></UnitTest><UnitTest name="PutFile_NewFileCanBePut" storage="d:\modelrelief\modelrelief.test\bin\debug\netcoreapp2.0\modelrelief.test.dll" id="f6fdb410-89e5-4af4-a467-3b1235f8e3b4"><Execution id="3f0d9460-eb03-405a-b3d2-c32118742b7c" /><TestMethod codeBase="D:\ModelRelief\ModelRelief.test\bin\Debug\netcoreapp2.0\ModelRelief.Test.dll" adapterTypeName="executor://xunit/VsTestRunner2/netcoreapp" className="ModelRelief.Test.Integration.DepthBuffers.DepthBuffersFileIntegrationTests" name="PutFile_NewFileCanBePut" /></UnitTest><UnitTest name="Post_InvalidPropertyValueReturnsBadRequest" storage="d:\modelrelief\modelrelief.test\bin\debug\netcoreapp2.0\modelrelief.test.dll" id="8876f484-cb43-4199-9560-8b03c7195f27"><Execution id="5f0e0a96-5f1c-4f93-85bf-b0be5190e33b" /><TestMethod codeBase="D:\ModelRelief\ModelRelief.test\bin\Debug\netcoreapp2.0\ModelRelief.Test.dll" adapterTypeName="executor://xunit/VsTestRunner2/netcoreapp" className="ModelRelief.Test.Integration.DepthBuffers.DepthBuffersBaseIntegrationTests" name="Post_InvalidPropertyValueReturnsBadRequest" /></UnitTest><UnitTest name="Put_CanUpdateModel" storage="d:\modelrelief\modelrelief.test\bin\debug\netcoreapp2.0\modelrelief.test.dll" id="324efc47-bc13-4cb4-b65d-5dc1d5676220"><Execution id="1c5a2ff9-d3f5-4a65-87f6-c8b55ec9383f" /><TestMethod codeBase="D:\ModelRelief\ModelRelief.test\bin\Debug\netcoreapp2.0\ModelRelief.Test.dll" adapterTypeName="executor://xunit/VsTestRunner2/netcoreapp" className="ModelRelief.Test.Integration.Models.ModelsBaseIntegrationTests" name="Put_CanUpdateModel" /></UnitTest><UnitTest name="Post_ValidReferencePropertyCreatesModel" storage="d:\modelrelief\modelrelief.test\bin\debug\netcoreapp2.0\modelrelief.test.dll" id="05bf741f-5b4b-441b-a831-de4bc80abfe9"><Execution id="29822e4f-b757-4abe-8e46-b63708a36ca7" /><TestMethod codeBase="D:\ModelRelief\ModelRelief.test\bin\Debug\netcoreapp2.0\ModelRelief.Test.dll" adapterTypeName="executor://xunit/VsTestRunner2/netcoreapp" className="ModelRelief.Test.Integration.Projects.ProjectsBaseIntegrationTests" name="Post_ValidReferencePropertyCreatesModel" /></UnitTest><UnitTest name="Post_InvalidPropertyValueReturnsBadRequest" storage="d:\modelrelief\modelrelief.test\bin\debug\netcoreapp2.0\modelrelief.test.dll" id="253fc41a-adb8-4a4a-82f5-c11ce7263047"><Execution id="f35a96bd-6a07-484c-83c2-6301fb233ede" /><TestMethod codeBase="D:\ModelRelief\ModelRelief.test\bin\Debug\netcoreapp2.0\ModelRelief.Test.dll" adapterTypeName="executor://xunit/VsTestRunner2/netcoreapp" className="ModelRelief.Test.Integration.Meshes.MeshesBaseIntegrationTests" name="Post_InvalidPropertyValueReturnsBadRequest" /></UnitTest><UnitTest name="Put_ValidReferencePropertyUpdatesModel" storage="d:\modelrelief\modelrelief.test\bin\debug\netcoreapp2.0\modelrelief.test.dll" id="dd535b33-e9e8-427f-95c9-dcc8311ee947"><Execution id="0d951501-9b80-4b98-a15c-9cb6b4de4364" /><TestMethod codeBase="D:\ModelRelief\ModelRelief.test\bin\Debug\netcoreapp2.0\ModelRelief.Test.dll" adapterTypeName="executor://xunit/VsTestRunner2/netcoreapp" className="ModelRelief.Test.Integration.Models.ModelsBaseIntegrationTests" name="Put_ValidReferencePropertyUpdatesModel" /></UnitTest><UnitTest name="Patch_TargetPropertyIsUpdated" storage="d:\modelrelief\modelrelief.test\bin\debug\netcoreapp2.0\modelrelief.test.dll" id="aac1878b-e3e1-410c-ad2f-c805e3b84712"><Execution id="b11c52d5-d736-4f56-9848-75a836cfecdd" /><TestMethod codeBase="D:\ModelRelief\ModelRelief.test\bin\Debug\netcoreapp2.0\ModelRelief.Test.dll" adapterTypeName="executor://xunit/VsTestRunner2/netcoreapp" className="ModelRelief.Test.Integration.Cameras.CamerasBaseIntegrationTests" name="Patch_TargetPropertyIsUpdated" /></UnitTest><UnitTest name="PostFile_NewFileCanBePosted" storage="d:\modelrelief\modelrelief.test\bin\debug\netcoreapp2.0\modelrelief.test.dll" id="9858efe0-12cb-484d-8e2b-0974b8bae248"><Execution id="c78b3595-2b9e-49bd-8e4b-189ce72f8671" /><TestMethod codeBase="D:\ModelRelief\ModelRelief.test\bin\Debug\netcoreapp2.0\ModelRelief.Test.dll" adapterTypeName="executor://xunit/VsTestRunner2/netcoreapp" className="ModelRelief.Test.Integration.Meshes.MeshesFileIntegrationTests" name="PostFile_NewFileCanBePosted" /></UnitTest><UnitTest name="Post_ValidReferencePropertyCreatesModel" storage="d:\modelrelief\modelrelief.test\bin\debug\netcoreapp2.0\modelrelief.test.dll" id="21cdfa21-c0ba-41df-91d5-d1b151347e21"><Execution id="512fbcd1-d0e5-4e00-936f-41e2db849766" /><TestMethod codeBase="D:\ModelRelief\ModelRelief.test\bin\Debug\netcoreapp2.0\ModelRelief.Test.dll" adapterTypeName="executor://xunit/VsTestRunner2/netcoreapp" className="ModelRelief.Test.Integration.MeshTransforms.MeshTransformsBaseIntegrationTests" name="Post_ValidReferencePropertyCreatesModel" /></UnitTest><UnitTest name="Patch_InvalidEnumPropertyValueReturnsBadRequest" storage="d:\modelrelief\modelrelief.test\bin\debug\netcoreapp2.0\modelrelief.test.dll" id="ec62f663-419b-4de4-b1ed-66cfc524c45f"><Execution id="34c49cc8-669b-46d0-8c52-f6634db05cd1" /><TestMethod codeBase="D:\ModelRelief\ModelRelief.test\bin\Debug\netcoreapp2.0\ModelRelief.Test.dll" adapterTypeName="executor://xunit/VsTestRunner2/netcoreapp" className="ModelRelief.Test.Integration.Meshes.MeshesBaseIntegrationTests" name="Patch_InvalidEnumPropertyValueReturnsBadRequest" /></UnitTest><UnitTest name="DepthBufferHasExpectedDependentFiles" storage="d:\modelrelief\modelrelief.test\bin\debug\netcoreapp2.0\modelrelief.test.dll" id="9c8386c4-a564-41f1-8c45-0cb93294ad12"><Execution id="e016957d-6f09-4427-a29b-43ecfa607154" /><TestMethod codeBase="D:\ModelRelief\ModelRelief.test\bin\Debug\netcoreapp2.0\ModelRelief.Test.dll" adapterTypeName="executor://xunit/VsTestRunner2/netcoreapp" className="ModelRelief.Test.Unit.DependencyManager.DependencyManagerTests" name="DepthBufferHasExpectedDependentFiles" /></UnitTest><UnitTest name="Post_InvalidPropertyValueReturnsBadRequest" storage="d:\modelrelief\modelrelief.test\bin\debug\netcoreapp2.0\modelrelief.test.dll" id="735318ed-3e4f-476f-8559-aafd8c8d74ae"><Execution id="1c8e1321-532c-4cf3-99ba-13dd418ffcb3" /><TestMethod codeBase="D:\ModelRelief\ModelRelief.test\bin\Debug\netcoreapp2.0\ModelRelief.Test.dll" adapterTypeName="executor://xunit/VsTestRunner2/netcoreapp" className="ModelRelief.Test.Integration.Models.ModelsBaseIntegrationTests" name="Post_InvalidPropertyValueReturnsBadRequest" /></UnitTest><UnitTest name="FileRequest_MeshIsInvalidatedAfterDepthBufferFileBecomesUnsynchronized" storage="d:\modelrelief\modelrelief.test\bin\debug\netcoreapp2.0\modelrelief.test.dll" id="a9023972-d75b-4130-bd50-6f0fb8a16fcb"><Execution id="67cbbc72-c71a-42cd-adae-8fb687af8d18" /><TestMethod codeBase="D:\ModelRelief\ModelRelief.test\bin\Debug\netcoreapp2.0\ModelRelief.Test.dll" adapterTypeName="executor://xunit/VsTestRunner2/netcoreapp" className="ModelRelief.Test.Integration.Meshes.MeshesFileIntegrationTests" name="FileRequest_MeshIsInvalidatedAfterDepthBufferFileBecomesUnsynchronized" /></UnitTest><UnitTest name="Post_InvalidReferencePropertyReturnsBadRequest" storage="d:\modelrelief\modelrelief.test\bin\debug\netcoreapp2.0\modelrelief.test.dll" id="e695834c-25c4-48b9-b0db-3382247d4e6e"><Execution id="f3520e08-a8ea-41fa-9a28-15c31c1d9b54" /><TestMethod codeBase="D:\ModelRelief\ModelRelief.test\bin\Debug\netcoreapp2.0\ModelRelief.Test.dll" adapterTypeName="executor://xunit/VsTestRunner2/netcoreapp" className="ModelRelief.Test.Integration.Models.ModelsBaseIntegrationTests" name="Post_InvalidReferencePropertyReturnsBadRequest" /></UnitTest><UnitTest name="Post_ValidReferencePropertyCreatesModel" storage="d:\modelrelief\modelrelief.test\bin\debug\netcoreapp2.0\modelrelief.test.dll" id="a09b110a-b11b-4cf4-8bae-f56cac441c9d"><Execution id="86830195-8f4e-4ade-b3be-e5ec7e010749" /><TestMethod codeBase="D:\ModelRelief\ModelRelief.test\bin\Debug\netcoreapp2.0\ModelRelief.Test.dll" adapterTypeName="executor://xunit/VsTestRunner2/netcoreapp" className="ModelRelief.Test.Integration.Cameras.CamerasBaseIntegrationTests" name="Post_ValidReferencePropertyCreatesModel" /></UnitTest><UnitTest name="Put_InvalidReferencePropertyReturndBadRequest" storage="d:\modelrelief\modelrelief.test\bin\debug\netcoreapp2.0\modelrelief.test.dll" id="8b295c14-d21c-443d-a445-d0b4d32a8f94"><Execution id="18974b0b-63fd-4d9d-ab4a-b1e764feb17c" /><TestMethod codeBase="D:\ModelRelief\ModelRelief.test\bin\Debug\netcoreapp2.0\ModelRelief.Test.dll" adapterTypeName="executor://xunit/VsTestRunner2/netcoreapp" className="ModelRelief.Test.Integration.DepthBuffers.DepthBuffersBaseIntegrationTests" name="Put_InvalidReferencePropertyReturndBadRequest" /></UnitTest><UnitTest name="Post_CanCreateNewModel" storage="d:\modelrelief\modelrelief.test\bin\debug\netcoreapp2.0\modelrelief.test.dll" id="b75be1f7-ced3-4cd9-8e00-85b2fbe585cb"><Execution id="3714e150-3ab9-4d65-ac5a-6c62fa0915e3" /><TestMethod codeBase="D:\ModelRelief\ModelRelief.test\bin\Debug\netcoreapp2.0\ModelRelief.Test.dll" adapterTypeName="executor://xunit/VsTestRunner2/netcoreapp" className="ModelRelief.Test.Integration.Cameras.CamerasBaseIntegrationTests" name="Post_CanCreateNewModel" /></UnitTest><UnitTest name="PostFile_FileTimeStampIsUpdatedAfterFileIsPosted" storage="d:\modelrelief\modelrelief.test\bin\debug\netcoreapp2.0\modelrelief.test.dll" id="9be84513-c10b-45b3-974f-a281167a706b"><Execution id="46a75faf-2fa0-4e80-aa27-0df86532769d" /><TestMethod codeBase="D:\ModelRelief\ModelRelief.test\bin\Debug\netcoreapp2.0\ModelRelief.Test.dll" adapterTypeName="executor://xunit/VsTestRunner2/netcoreapp" className="ModelRelief.Test.Integration.Models.ModelsFileIntegrationTests" name="PostFile_FileTimeStampIsUpdatedAfterFileIsPosted" /></UnitTest></TestDefinitions><TestEntries><TestEntry testId="9d2fc086-567d-4de1-9fae-13e169e1c486" executionId="4028616c-1476-4b86-8995-c77385c0db0d" testListId="8c84fa94-04c1-424b-9868-57a2d4851a1d" /><TestEntry testId="0a5ad1d2-68a8-43c9-afe8-f84e484e0bf9" executionId="72b7a0b1-058a-471a-b9e1-98ffeb74d0a3" testListId="8c84fa94-04c1-424b-9868-57a2d4851a1d" /><TestEntry testId="8b295c14-d21c-443d-a445-d0b4d32a8f94" executionId="18974b0b-63fd-4d9d-ab4a-b1e764feb17c" testListId="8c84fa94-04c1-424b-9868-57a2d4851a1d" /><TestEntry testId="649b8d34-8150-4eb4-956c-5239de8b1985" executionId="6b1baf7d-5d1b-4cfe-9e5b-99c01827f7f7" testListId="8c84fa94-04c1-424b-9868-57a2d4851a1d" /><TestEntry testId="4360b3da-7d44-4abd-bba5-2dfbce166f2a" executionId="78fee9f9-9c72-4a26-b04c-c2467cd3d402" testListId="8c84fa94-04c1-424b-9868-57a2d4851a1d" /><TestEntry testId="b9ce16b2-8e97-4beb-b043-90e38b4cb1f5" executionId="f7ae2af1-b5a7-4589-aaa2-907007bd73e4" testListId="8c84fa94-04c1-424b-9868-57a2d4851a1d" /><TestEntry testId="43e15972-1f07-4e5b-8df1-4e05c4d4d278" executionId="232143d6-2efe-49b0-a332-c0295d8c64d3" testListId="8c84fa94-04c1-424b-9868-57a2d4851a1d" /><TestEntry testId="d266e2c0-0622-4b7f-a81b-50308e98a551" executionId="9ec1a983-4765-41e1-9926-2b28bfe9f161" testListId="8c84fa94-04c1-424b-9868-57a2d4851a1d" /><TestEntry testId="cc6e2889-3652-4dc0-9723-26f38809278c" executionId="f9faba47-f356-4323-8455-d51381e97454" testListId="8c84fa94-04c1-424b-9868-57a2d4851a1d" /><TestEntry testId="ba18970b-8158-4638-be7a-47c527d4e6d4" executionId="8ddad524-0644-4338-ad33-0340c14f9b60" testListId="8c84fa94-04c1-424b-9868-57a2d4851a1d" /><TestEntry testId="46d1e9ad-0e2f-4da0-a611-d21f379a5966" executionId="7af25014-849e-4074-8c6d-99c9b07cd249" testListId="8c84fa94-04c1-424b-9868-57a2d4851a1d" /><TestEntry testId="0ca36372-8ad4-4cd2-8436-89d5de5e9fac" executionId="b9b190e0-55c7-4b93-8f32-c1199af4b79a" testListId="8c84fa94-04c1-424b-9868-57a2d4851a1d" /><TestEntry testId="a841c6a3-3930-485e-b4b5-e931b55e3c37" executionId="8fe96401-bfd2-4931-9e75-2acfeedb5dde" testListId="8c84fa94-04c1-424b-9868-57a2d4851a1d" /><TestEntry testId="d63dc28c-925a-40e9-a1f7-b900d04e203e" executionId="b3721d15-6fc4-4c67-9a30-0c8d28d14647" testListId="8c84fa94-04c1-424b-9868-57a2d4851a1d" /><TestEntry testId="8d5f4ade-2df4-4cbb-a06d-7b265cbe0625" executionId="ad5090b0-aec7-4ba5-8f87-bcf01b1ecd33" testListId="8c84fa94-04c1-424b-9868-57a2d4851a1d" /><TestEntry testId="1c1fe521-0b85-47e5-8cb2-fb53320bfeed" executionId="bc2fa3f3-9654-44f9-9ec6-9aff51202731" testListId="8c84fa94-04c1-424b-9868-57a2d4851a1d" /><TestEntry testId="5fa9f308-e574-4ee9-95b0-892563cc2fac" executionId="79af0c07-2985-4056-82d9-466d52721b9a" testListId="8c84fa94-04c1-424b-9868-57a2d4851a1d" /><TestEntry testId="be38a310-7f56-470a-a083-8d7fe04c15d9" executionId="6f662492-30b0-413e-9026-81b6fe84b680" testListId="8c84fa94-04c1-424b-9868-57a2d4851a1d" /><TestEntry testId="0655a235-3286-4470-b400-9dfabc501e41" executionId="470faca4-4584-4dbe-b4fb-807dcc1e66c0" testListId="8c84fa94-04c1-424b-9868-57a2d4851a1d" /><TestEntry testId="4bb868da-a405-411a-9165-64c8133bdc11" executionId="726d5eb3-f79b-4a1a-933f-bcf255e1619a" testListId="8c84fa94-04c1-424b-9868-57a2d4851a1d" /><TestEntry testId="7690e92b-a06f-4b5a-9384-fb470f295c83" executionId="6c461e54-d01a-4fef-9ceb-868d206bf36a" testListId="8c84fa94-04c1-424b-9868-57a2d4851a1d" /><TestEntry testId="487d61f2-2787-4d26-979c-540eacf2cedd" executionId="cea5c67e-77c8-4b29-8dcc-2dfd8b9da495" testListId="8c84fa94-04c1-424b-9868-57a2d4851a1d" /><TestEntry testId="34da3048-b047-4801-b9b3-4f3052e15528" executionId="75478ac6-ab2c-47c2-9760-3e67d348ed06" testListId="8c84fa94-04c1-424b-9868-57a2d4851a1d" /><TestEntry testId="b05f3681-85ea-4465-84c0-513c93f7f8c9" executionId="aa658049-7626-4b39-8a86-d1481f4dd6ad" testListId="8c84fa94-04c1-424b-9868-57a2d4851a1d" /><TestEntry testId="8876f484-cb43-4199-9560-8b03c7195f27" executionId="5f0e0a96-5f1c-4f93-85bf-b0be5190e33b" testListId="8c84fa94-04c1-424b-9868-57a2d4851a1d" /><TestEntry testId="b75be1f7-ced3-4cd9-8e00-85b2fbe585cb" executionId="3714e150-3ab9-4d65-ac5a-6c62fa0915e3" testListId="8c84fa94-04c1-424b-9868-57a2d4851a1d" /><TestEntry testId="1cb0c243-8923-4225-a317-d18b96181b30" executionId="5e804272-e57b-47a2-acdd-bf397edb883f" testListId="8c84fa94-04c1-424b-9868-57a2d4851a1d" /><TestEntry testId="8b625071-03f9-4da2-be7c-997f9f04f1e2" executionId="58cf64c4-cd71-4f79-b85f-4c5d7074c90f" testListId="8c84fa94-04c1-424b-9868-57a2d4851a1d" /><TestEntry testId="110d65ea-072d-42fd-876a-c25879c824ac" executionId="7588785a-7357-4253-b220-449e5aa99a55" testListId="8c84fa94-04c1-424b-9868-57a2d4851a1d" /><TestEntry testId="74aa13d6-431e-4644-87af-f47f3fea3a27" executionId="0ba8112d-ba83-47d2-b1c1-d710620f2b47" testListId="8c84fa94-04c1-424b-9868-57a2d4851a1d" /><TestEntry testId="e977ab5a-67b6-4965-bd3c-6bd9adf0f490" executionId="aac85e63-452e-42cb-aed1-caa1c6efd002" testListId="8c84fa94-04c1-424b-9868-57a2d4851a1d" /><TestEntry testId="8e3c9700-8fd3-49eb-a30a-98b8322d39b1" executionId="c469599e-712a-4755-bbb4-64531b0198c1" testListId="8c84fa94-04c1-424b-9868-57a2d4851a1d" /><TestEntry testId="88071341-92b9-42a4-bd1a-db8b5fc4659b" executionId="10d16da3-320f-4f40-b695-3c2206b219d0" testListId="8c84fa94-04c1-424b-9868-57a2d4851a1d" /><TestEntry testId="2ccd184e-3658-4251-8b9e-a222c09fd331" executionId="db0a09c2-2dbc-4ba4-93a5-a43edc5b337c" testListId="8c84fa94-04c1-424b-9868-57a2d4851a1d" /><TestEntry testId="6801dffb-1eca-47e5-b834-fc726a568d11" executionId="10f878bb-6188-4619-a72d-7012eafa9a6a" testListId="8c84fa94-04c1-424b-9868-57a2d4851a1d" /><TestEntry testId="735318ed-3e4f-476f-8559-aafd8c8d74ae" executionId="1c8e1321-532c-4cf3-99ba-13dd418ffcb3" testListId="8c84fa94-04c1-424b-9868-57a2d4851a1d" /><TestEntry testId="712d1f91-8f5c-410f-923f-760e7701c3ba" executionId="af40618c-2e5b-4263-9db3-0a9f435c1909" testListId="8c84fa94-04c1-424b-9868-57a2d4851a1d" /><TestEntry testId="8139ab5b-0750-4313-bb9c-763fae45fb98" executionId="0e55fef9-81a8-44f4-977a-f78ff0af1220" testListId="8c84fa94-04c1-424b-9868-57a2d4851a1d" /><TestEntry testId="8a21ee0e-a9d7-4863-b899-2c85ba53a595" executionId="dbf65214-3b3b-469a-a1df-7c7cc55e0693" testListId="8c84fa94-04c1-424b-9868-57a2d4851a1d" /><TestEntry testId="2487d848-85b4-46d7-852e-c6e2e94f7038" executionId="ca816e0c-7308-41ca-980b-f425bd991a51" testListId="8c84fa94-04c1-424b-9868-57a2d4851a1d" /><TestEntry testId="3bfb6508-a5ed-44c7-b96a-0c1c8d368e4b" executionId="f5420e93-26c4-42ef-a366-d633c4268770" testListId="8c84fa94-04c1-424b-9868-57a2d4851a1d" /><TestEntry testId="b92afa26-ef83-4e4a-8fa2-97d2100cd7e1" executionId="3b5f0495-99a5-4732-9faf-9266cda7c41e" testListId="8c84fa94-04c1-424b-9868-57a2d4851a1d" /><TestEntry testId="263ab14d-a654-40d0-9c35-31130915b3f9" executionId="ba51ff6a-38a3-4a1a-9220-0ed365c729e5" testListId="8c84fa94-04c1-424b-9868-57a2d4851a1d" /><TestEntry testId="cd6a6aed-c393-4b26-a458-a86e145d4cba" executionId="b03e36b8-1275-4a7a-a686-acfb290a9f65" testListId="8c84fa94-04c1-424b-9868-57a2d4851a1d" /><TestEntry testId="a9023972-d75b-4130-bd50-6f0fb8a16fcb" executionId="67cbbc72-c71a-42cd-adae-8fb687af8d18" testListId="8c84fa94-04c1-424b-9868-57a2d4851a1d" /><TestEntry testId="c241c245-4ffd-439d-84ae-cf135e391226" executionId="4913d1f8-86e8-4d94-93cc-6270327727ba" testListId="8c84fa94-04c1-424b-9868-57a2d4851a1d" /><TestEntry testId="f6d035aa-0ccc-4799-b30d-3a383a026704" executionId="dc7c00ee-1bbc-4826-8596-12de24ba764e" testListId="8c84fa94-04c1-424b-9868-57a2d4851a1d" /><TestEntry testId="ec300e59-8012-4474-8b21-e952ecba4c19" executionId="2a1c1811-d481-4bb4-8ddc-3fadb99496ba" testListId="8c84fa94-04c1-424b-9868-57a2d4851a1d" /><TestEntry testId="caeb24c3-cb8c-4101-9d88-60552e9cdcf9" executionId="ed01f568-41c6-457b-8c9e-f48674e0a50c" testListId="8c84fa94-04c1-424b-9868-57a2d4851a1d" /><TestEntry testId="a09b110a-b11b-4cf4-8bae-f56cac441c9d" executionId="86830195-8f4e-4ade-b3be-e5ec7e010749" testListId="8c84fa94-04c1-424b-9868-57a2d4851a1d" /><TestEntry testId="3311e50f-6123-4a83-8e39-53767c4ccb5c" executionId="04cfa174-9679-4b99-83ae-e9603b02f9df" testListId="8c84fa94-04c1-424b-9868-57a2d4851a1d" /><TestEntry testId="7de639dd-f666-4af2-8f42-22806ea4a87b" executionId="d8a9c4b0-63a2-4e56-8a04-daeffa7cd6c6" testListId="8c84fa94-04c1-424b-9868-57a2d4851a1d" /><TestEntry testId="7dfec8fa-b693-497f-aa9b-47db873cb262" executionId="ef6cd76e-9692-4c84-95ae-d20a3a1e0fb8" testListId="8c84fa94-04c1-424b-9868-57a2d4851a1d" /><TestEntry testId="3e37cdfb-9c99-4443-89db-15dd8727511c" executionId="2d0ab83d-194c-46d4-833a-1d518f2a00d4" testListId="8c84fa94-04c1-424b-9868-57a2d4851a1d" /><TestEntry testId="d414136b-8da2-4eed-ba1e-91ed9d286fa1" executionId="085d56fc-7ad3-407b-a948-6c1f9968b921" testListId="8c84fa94-04c1-424b-9868-57a2d4851a1d" /><TestEntry testId="f280b678-2f86-4dce-961d-26efe13bcc9c" executionId="7daf9fdc-f4fa-4a24-b80f-7509a6876ebd" testListId="8c84fa94-04c1-424b-9868-57a2d4851a1d" /><TestEntry testId="525a07d2-55b3-461b-851b-c92fd853801f" executionId="0c99c34b-b015-4228-8bcc-a04f055c1326" testListId="8c84fa94-04c1-424b-9868-57a2d4851a1d" /><TestEntry testId="cea70a5c-9ce0-4034-b9ac-6c4d414e9ebf" executionId="a0bd2466-1fba-4641-b326-2063ddf81ef7" testListId="8c84fa94-04c1-424b-9868-57a2d4851a1d" /><TestEntry testId="d75abfc8-27b7-4809-b761-2f12c5479723" executionId="efbbd75d-bf99-4914-ba03-1931eabde694" testListId="8c84fa94-04c1-424b-9868-57a2d4851a1d" /><TestEntry testId="fc855955-e84b-4462-bc9c-252230f73ec6" executionId="b1c25cb4-8637-4681-95a4-6415f2c32c84" testListId="8c84fa94-04c1-424b-9868-57a2d4851a1d" /><TestEntry testId="724bbf4d-7e7f-4821-b40a-4e29e01537b5" executionId="5a2465af-f82c-42fa-853b-8bcb3e48efd1" testListId="8c84fa94-04c1-424b-9868-57a2d4851a1d" /><TestEntry testId="cfd35be5-de12-473d-b97e-80b68f345b4b" executionId="059ebc22-79c8-4ad4-a45a-6c73c5cd7084" testListId="8c84fa94-04c1-424b-9868-57a2d4851a1d" /><TestEntry testId="8b3e48ad-13f1-4a80-be93-52f682e0205b" executionId="7ccad9f3-c7bb-492d-9e14-5cc43c8c23ef" testListId="8c84fa94-04c1-424b-9868-57a2d4851a1d" /><TestEntry testId="9c8386c4-a564-41f1-8c45-0cb93294ad12" executionId="e016957d-6f09-4427-a29b-43ecfa607154" testListId="8c84fa94-04c1-424b-9868-57a2d4851a1d" /><TestEntry testId="b59c95bb-07c3-411e-b651-974d60578795" executionId="9d8bed11-421e-4474-9f88-09e542039b3d" testListId="8c84fa94-04c1-424b-9868-57a2d4851a1d" /><TestEntry testId="fb907b23-f6cb-4a39-acd3-239e48c5fda2" executionId="e9070f27-43bb-4362-90c2-3b518f3d8432" testListId="8c84fa94-04c1-424b-9868-57a2d4851a1d" /><TestEntry testId="b0f8ed91-17e0-4717-9dd9-dfe32270d728" executionId="c460b9c7-a7c2-4e8d-ad63-62bb4878e1af" testListId="8c84fa94-04c1-424b-9868-57a2d4851a1d" /><TestEntry testId="bae70075-b9ee-4705-8dee-9443816b6763" executionId="845fe412-d049-4df6-9fd9-e9917d34e52e" testListId="8c84fa94-04c1-424b-9868-57a2d4851a1d" /><TestEntry testId="1c7d39fe-93fd-4832-8ae2-ac5b5babc398" executionId="27e8b9d8-d826-4673-ac2c-7806e701b682" testListId="8c84fa94-04c1-424b-9868-57a2d4851a1d" /><TestEntry testId="11f45b09-46d7-41b7-8375-30a4664159a5" executionId="c3d4e199-61a2-43cb-ab3f-5175cc3ad40c" testListId="8c84fa94-04c1-424b-9868-57a2d4851a1d" /><TestEntry testId="05bf741f-5b4b-441b-a831-de4bc80abfe9" executionId="29822e4f-b757-4abe-8e46-b63708a36ca7" testListId="8c84fa94-04c1-424b-9868-57a2d4851a1d" /><TestEntry testId="3cfe9e28-ff69-4689-ba2c-cd5efbf01174" executionId="f1068eea-c197-4a32-bcbc-5592b094ba5a" testListId="8c84fa94-04c1-424b-9868-57a2d4851a1d" /><TestEntry testId="5a947750-4c85-4ee5-b276-9a39feadf48b" executionId="cce1b743-313c-4bb9-aa4c-549a40d62ab9" testListId="8c84fa94-04c1-424b-9868-57a2d4851a1d" /><TestEntry testId="f0c1b3b4-edac-4167-99d1-70df676af862" executionId="cabb974d-a2ab-4678-8296-faf60d5c270d" testListId="8c84fa94-04c1-424b-9868-57a2d4851a1d" /><TestEntry testId="324efc47-bc13-4cb4-b65d-5dc1d5676220" executionId="1c5a2ff9-d3f5-4a65-87f6-c8b55ec9383f" testListId="8c84fa94-04c1-424b-9868-57a2d4851a1d" /><TestEntry testId="aac1878b-e3e1-410c-ad2f-c805e3b84712" executionId="b11c52d5-d736-4f56-9848-75a836cfecdd" testListId="8c84fa94-04c1-424b-9868-57a2d4851a1d" /><TestEntry testId="9ccb55de-af27-4d6e-9e81-512b5869b7ab" executionId="de90f3f5-8a9f-4968-be91-107bf3d35b91" testListId="8c84fa94-04c1-424b-9868-57a2d4851a1d" /><TestEntry testId="23fe140b-3b0a-4dfa-bae2-e767f8d6fe56" executionId="e5a991f5-75fd-49b9-b1e2-01cfcf2161fe" testListId="8c84fa94-04c1-424b-9868-57a2d4851a1d" /><TestEntry testId="364cbf4c-434d-4678-872a-bc7e76a11a1b" executionId="dc95e64f-741a-4b0e-b2d3-a9d97aee6c57" testListId="8c84fa94-04c1-424b-9868-57a2d4851a1d" /><TestEntry testId="0dff49ff-f120-4b9e-bbaf-f11c4a8f2c44" executionId="c717285c-308a-4be6-a9e7-0676be5f8f17" testListId="8c84fa94-04c1-424b-9868-57a2d4851a1d" /><TestEntry testId="68c8ad85-302e-468c-9336-c4a2efeed55f" executionId="dedaca4c-1326-4627-976a-939e4fec8af1" testListId="8c84fa94-04c1-424b-9868-57a2d4851a1d" /><TestEntry testId="fe4ffad0-5558-419e-85c4-02e8e6623ef0" executionId="7ad1212e-2184-42b3-bba9-1ba42a098d43" testListId="8c84fa94-04c1-424b-9868-57a2d4851a1d" /><TestEntry testId="7c75d827-0210-4d59-b385-308c5dc65192" executionId="813471c8-dd86-4b1d-ac2c-4a85fb5250ca" testListId="8c84fa94-04c1-424b-9868-57a2d4851a1d" /><TestEntry testId="781b6a0f-949c-4dda-ab74-a09c0fcb042d" executionId="1f6c6a98-5155-430c-95f3-5199d13eadf3" testListId="8c84fa94-04c1-424b-9868-57a2d4851a1d" /><TestEntry testId="a50d03ed-cb55-40ff-a2c3-63654d7bbdd8" executionId="aaebd5dc-52f9-433f-8699-109414b868b5" testListId="8c84fa94-04c1-424b-9868-57a2d4851a1d" /><TestEntry testId="21cdfa21-c0ba-41df-91d5-d1b151347e21" executionId="512fbcd1-d0e5-4e00-936f-41e2db849766" testListId="8c84fa94-04c1-424b-9868-57a2d4851a1d" /><TestEntry testId="8567a26b-7f95-4bd6-8e9f-c83d60a2d977" executionId="66b4cb84-978b-49e6-a07e-de1866f84474" testListId="8c84fa94-04c1-424b-9868-57a2d4851a1d" /><TestEntry testId="e7381c40-6bc9-41fa-8eb6-0ed98bed3f5a" executionId="dc9fef82-5ad0-4d98-9e72-ca23cb72e562" testListId="8c84fa94-04c1-424b-9868-57a2d4851a1d" /><TestEntry testId="52c74864-ff46-43d3-be89-a0ec5e496af1" executionId="45f46f9b-9209-4d09-b829-7fbb6887b938" testListId="8c84fa94-04c1-424b-9868-57a2d4851a1d" /><TestEntry testId="aa844f16-8fbe-44a6-a29d-deb23ca94de3" executionId="64fd90fb-f39f-44c2-83ac-74b37d49b497" testListId="8c84fa94-04c1-424b-9868-57a2d4851a1d" /><TestEntry testId="65acd5f4-1380-4330-9e91-9fc5796bda05" executionId="7ce1ca3f-15e2-4234-9766-d6fc9bcbba85" testListId="8c84fa94-04c1-424b-9868-57a2d4851a1d" /><TestEntry testId="253fc41a-adb8-4a4a-82f5-c11ce7263047" executionId="f35a96bd-6a07-484c-83c2-6301fb233ede" testListId="8c84fa94-04c1-424b-9868-57a2d4851a1d" /><TestEntry testId="17ffdd7a-0311-42b8-9e67-bba31fb13fcf" executionId="2157d2ff-d3f8-4fed-b9fb-073e6ca0d1ac" testListId="8c84fa94-04c1-424b-9868-57a2d4851a1d" /><TestEntry testId="f19378f8-2a4b-4896-a652-23cedd96e972" executionId="391fa545-03f1-4dd0-81fc-18932941a348" testListId="8c84fa94-04c1-424b-9868-57a2d4851a1d" /><TestEntry testId="ae5df790-4fad-4b68-8250-74cab71f49dc" executionId="a76d87f9-c4f5-41f8-8f7c-6536364335b4" testListId="8c84fa94-04c1-424b-9868-57a2d4851a1d" /><TestEntry testId="90111233-8a1b-4806-ba18-265968500b08" executionId="9cb1712d-e0a0-46e1-a8c5-5bd9f47817ee" testListId="8c84fa94-04c1-424b-9868-57a2d4851a1d" /><TestEntry testId="dd535b33-e9e8-427f-95c9-dcc8311ee947" executionId="0d951501-9b80-4b98-a15c-9cb6b4de4364" testListId="8c84fa94-04c1-424b-9868-57a2d4851a1d" /><TestEntry testId="d7d7ed07-98f7-4fff-83c3-d5d556691212" executionId="cb32ec72-3ba3-4360-a684-262cdff05217" testListId="8c84fa94-04c1-424b-9868-57a2d4851a1d" /><TestEntry testId="ec62f663-419b-4de4-b1ed-66cfc524c45f" executionId="34c49cc8-669b-46d0-8c52-f6634db05cd1" testListId="8c84fa94-04c1-424b-9868-57a2d4851a1d" /><TestEntry testId="a22a4801-671d-4b1f-897a-144d9cf36d44" executionId="cfc652da-3695-41d7-a2fd-77f312388788" testListId="8c84fa94-04c1-424b-9868-57a2d4851a1d" /><TestEntry testId="ed816d8c-737e-4852-8aca-388b35a82eb0" executionId="56a0e132-7212-4038-9fde-279d88c26def" testListId="8c84fa94-04c1-424b-9868-57a2d4851a1d" /><TestEntry testId="9a5c1840-65eb-4174-8c07-7c2f916470a6" executionId="2a91dfe8-7c9f-4e08-929c-b0dbbac2a8d1" testListId="8c84fa94-04c1-424b-9868-57a2d4851a1d" /><TestEntry testId="b44382c4-49a5-444c-94e7-bb23d080da38" executionId="c9f74b6a-6cb2-41f0-9a68-c44e4a151ac4" testListId="8c84fa94-04c1-424b-9868-57a2d4851a1d" /><TestEntry testId="97ff15c5-6dd3-433c-8d8a-6922d5275cd4" executionId="e4dcdead-2a11-49d9-8967-07a0c728f749" testListId="8c84fa94-04c1-424b-9868-57a2d4851a1d" /><TestEntry testId="315be219-29a3-46e1-8e9e-7f2c7d3e5e27" executionId="441057b1-9390-4737-8b62-9d738b8ab6cf" testListId="8c84fa94-04c1-424b-9868-57a2d4851a1d" /><TestEntry testId="b0e166b2-900f-40ff-89a9-e66bf93109bc" executionId="2aba7bcb-ed5e-4b4c-a28d-88e5f31df0fa" testListId="8c84fa94-04c1-424b-9868-57a2d4851a1d" /><TestEntry testId="f5861add-acaf-4a31-a012-84c0dd8df481" executionId="5f9e0d4a-3726-4b4a-8018-aab05d55a517" testListId="8c84fa94-04c1-424b-9868-57a2d4851a1d" /><TestEntry testId="e695834c-25c4-48b9-b0db-3382247d4e6e" executionId="f3520e08-a8ea-41fa-9a28-15c31c1d9b54" testListId="8c84fa94-04c1-424b-9868-57a2d4851a1d" /><TestEntry testId="6af42f0e-5e62-48d2-a6af-1261185c5fa5" executionId="6e0d5fcd-4c0d-4ca8-8de9-d1d591bf9b62" testListId="8c84fa94-04c1-424b-9868-57a2d4851a1d" /><TestEntry testId="0b32ba82-581d-4003-a039-65800b861b32" executionId="6487ed8f-b54a-4fa7-adfd-e916d09086ee" testListId="8c84fa94-04c1-424b-9868-57a2d4851a1d" /><TestEntry testId="9858efe0-12cb-484d-8e2b-0974b8bae248" executionId="c78b3595-2b9e-49bd-8e4b-189ce72f8671" testListId="8c84fa94-04c1-424b-9868-57a2d4851a1d" /><TestEntry testId="96e9be4f-cf37-4118-ade3-067cc852083f" executionId="fbdf6edc-6643-46c7-bcef-9c835656b5d1" testListId="8c84fa94-04c1-424b-9868-57a2d4851a1d" /><TestEntry testId="fda494ed-55c3-4576-a248-9bf8fdd7fd0e" executionId="86040582-3c44-4e75-9d64-30f178d2493e" testListId="8c84fa94-04c1-424b-9868-57a2d4851a1d" /><TestEntry testId="964ecab7-4012-4510-966c-3f6ef75d797a" executionId="8fd49424-5cc0-460a-8a29-57daee4245d0" testListId="8c84fa94-04c1-424b-9868-57a2d4851a1d" /><TestEntry testId="de3856f4-84e3-41fd-a65f-ade877ca5bd2" executionId="f3ff9bdd-92cd-4093-8e0e-d73114525220" testListId="8c84fa94-04c1-424b-9868-57a2d4851a1d" /><TestEntry testId="89401a14-a722-45c5-bffb-5e80ba37b995" executionId="30d7af8c-131c-4f4c-a404-661a4fd8a45d" testListId="8c84fa94-04c1-424b-9868-57a2d4851a1d" /><TestEntry testId="4b3f085a-8164-416f-9fd7-9cf3d4fa02ea" executionId="1ef2cd1f-7f8c-4356-9e9d-14076ebf5741" testListId="8c84fa94-04c1-424b-9868-57a2d4851a1d" /><TestEntry testId="1aeedf64-ebb3-4f05-8898-4173078d3390" executionId="7ca81784-68d7-4a9b-998c-aa5b5e0c48a6" testListId="8c84fa94-04c1-424b-9868-57a2d4851a1d" /><TestEntry testId="c910915f-b3db-4d10-8c0d-b9b080ce5a5f" executionId="bfba99d9-4f8e-46d7-8ad8-046185e2059b" testListId="8c84fa94-04c1-424b-9868-57a2d4851a1d" /><TestEntry testId="2c1da3fb-eaeb-4ce6-8506-1224038b3c01" executionId="d47d2a33-b362-44df-9c59-62752380600f" testListId="8c84fa94-04c1-424b-9868-57a2d4851a1d" /><TestEntry testId="02dc4f30-10ec-45b6-9c78-8703cff3c996" executionId="076a883e-0625-4c09-94bb-54d8d53c8163" testListId="8c84fa94-04c1-424b-9868-57a2d4851a1d" /><TestEntry testId="3a563254-debc-466a-9ef3-2257a0f046ad" executionId="468349e0-b582-4e9e-a917-25e545880a5a" testListId="8c84fa94-04c1-424b-9868-57a2d4851a1d" /><TestEntry testId="ba71ef1a-0246-4c68-93e5-727352cf9ce0" executionId="48e1ab59-cd54-49ce-9e7a-088c6c3a75e4" testListId="8c84fa94-04c1-424b-9868-57a2d4851a1d" /><TestEntry testId="1cc0fe35-426c-44cc-8e25-d972930226ca" executionId="ca66949b-7e89-4b43-85e9-5b455096c1d6" testListId="8c84fa94-04c1-424b-9868-57a2d4851a1d" /><TestEntry testId="e26faec2-80f6-48e7-87ee-0d0c7e8ff035" executionId="a7af4b45-ddfb-4c09-80a0-bb2900bf8137" testListId="8c84fa94-04c1-424b-9868-57a2d4851a1d" /><TestEntry testId="486f9868-a18b-4bd1-8674-be6f6964e15f" executionId="e0101de5-17fa-4370-9396-706efbeac8fc" testListId="8c84fa94-04c1-424b-9868-57a2d4851a1d" /><TestEntry testId="5bcb65fb-591c-4c47-8004-0646a8190cce" executionId="09e3269e-b15f-4ceb-bed2-a9d77b99a61d" testListId="8c84fa94-04c1-424b-9868-57a2d4851a1d" /><TestEntry testId="6fe46ea6-bfed-4f8e-bde9-81c3cb6685b3" executionId="9b040c0f-b067-4944-aec3-e81817a88cb8" testListId="8c84fa94-04c1-424b-9868-57a2d4851a1d" /><TestEntry testId="f143c697-48fc-419f-ab1a-d6ec99b31df2" executionId="8028c714-d61a-40a3-8bf3-5cdb1b6c6d2e" testListId="8c84fa94-04c1-424b-9868-57a2d4851a1d" /><TestEntry testId="f6fdb410-89e5-4af4-a467-3b1235f8e3b4" executionId="3f0d9460-eb03-405a-b3d2-c32118742b7c" testListId="8c84fa94-04c1-424b-9868-57a2d4851a1d" /><TestEntry testId="3491eb00-8ef9-4abd-b6da-8ff4ba4cb9ed" executionId="f5e129cf-790c-41e5-8335-0b2c345b51de" testListId="8c84fa94-04c1-424b-9868-57a2d4851a1d" /><TestEntry testId="5d92217d-b560-4c0b-a0cb-3848dd4cbd75" executionId="c146a157-7245-4ac0-89bf-0798bbce349c" testListId="8c84fa94-04c1-424b-9868-57a2d4851a1d" /><TestEntry testId="f63bb63f-a0e5-46f9-bcfd-d7f0c77af9e5" executionId="b204ef9b-607d-44d9-b7ff-9466a4dd0ead" testListId="8c84fa94-04c1-424b-9868-57a2d4851a1d" /><TestEntry testId="f9cecd3d-02e7-4bbe-9fa7-4b55e5a4ed3a" executionId="f58e3fec-eda6-4ee5-a65c-682d00da0a5c" testListId="8c84fa94-04c1-424b-9868-57a2d4851a1d" /><TestEntry testId="b0be4620-73e1-44b3-8907-470ba44317cb" executionId="8e812d11-1b61-4c1f-8caa-f1e3aadaa2b6" testListId="8c84fa94-04c1-424b-9868-57a2d4851a1d" /><TestEntry testId="fc1fc352-400f-4b4d-9ab6-da10bcb51d13" executionId="a8538ebb-4245-40e2-bb33-c98cfeb79b0b" testListId="8c84fa94-04c1-424b-9868-57a2d4851a1d" /><TestEntry testId="728c4d74-8077-4c32-8573-efba02732594" executionId="2278241e-7e56-4248-8c18-83ec2f024a27" testListId="8c84fa94-04c1-424b-9868-57a2d4851a1d" /><TestEntry testId="e7958d69-c1ff-480f-908b-c546bfb7fe0b" executionId="98c1da68-d9b4-4654-b263-8ee212f094c8" testListId="8c84fa94-04c1-424b-9868-57a2d4851a1d" /><TestEntry testId="1eab1111-065e-44c0-b679-c9e157c3da1e" executionId="89f556a8-285a-48aa-a57e-0b43eb2d1967" testListId="8c84fa94-04c1-424b-9868-57a2d4851a1d" /><TestEntry testId="1d5236f3-035b-4d0b-93d8-2ac19102636c" executionId="7f10472d-fddc-4945-b61d-9e8432ef6aa8" testListId="8c84fa94-04c1-424b-9868-57a2d4851a1d" /><TestEntry testId="10076586-db6e-4712-b50a-ab8c316aca91" executionId="19009fc2-cee4-4842-9fa5-e0907a1636a9" testListId="8c84fa94-04c1-424b-9868-57a2d4851a1d" /><TestEntry testId="50625cce-1240-4d1a-9542-521605d5aa51" executionId="b76729e7-94ce-4c71-aafe-09a106245f9a" testListId="8c84fa94-04c1-424b-9868-57a2d4851a1d" /><TestEntry testId="e31803ac-50a8-4d9f-b6c5-86a6e22f531e" executionId="30228880-79b2-40e5-b9f4-35f9fb02b503" testListId="8c84fa94-04c1-424b-9868-57a2d4851a1d" /><TestEntry testId="8d9979cb-bbdf-4e91-9c88-cb619f24bf32" executionId="e6ba75b1-0de7-4e88-90f6-1a4b7fbe2246" testListId="8c84fa94-04c1-424b-9868-57a2d4851a1d" /><TestEntry testId="9be84513-c10b-45b3-974f-a281167a706b" executionId="46a75faf-2fa0-4e80-aa27-0df86532769d" testListId="8c84fa94-04c1-424b-9868-57a2d4851a1d" /><TestEntry testId="df649e7a-1b25-4647-b305-cc10c3b54e2c" executionId="2f0d98da-b112-420f-a6d9-7e6cefe2f497" testListId="8c84fa94-04c1-424b-9868-57a2d4851a1d" /><TestEntry testId="d06a1e30-06a7-43e8-838a-74c6c47c0f14" executionId="59f851a4-faaf-491b-9358-b2d3d1cc8225" testListId="8c84fa94-04c1-424b-9868-57a2d4851a1d" /><TestEntry testId="da600695-8199-4a3a-a286-4539906eca5c" executionId="739b8b06-e0ad-447b-b184-64422fd910b7" testListId="8c84fa94-04c1-424b-9868-57a2d4851a1d" /><TestEntry testId="fc1385ca-5c2e-49c6-8f6e-925eeb1e0a37" executionId="950e770c-80e6-43a4-b884-a739d42f7c3f" testListId="8c84fa94-04c1-424b-9868-57a2d4851a1d" /><TestEntry testId="bdb58f0e-bf77-4448-b928-c9214bdbd34d" executionId="7a0090e6-f8ff-4dea-9af4-0fb5314ff3ea" testListId="8c84fa94-04c1-424b-9868-57a2d4851a1d" /><TestEntry testId="f23f02b4-0e0f-4032-93d9-19b02b1ca1fa" executionId="8f4ef74e-6367-4db9-b385-20dd19896353" testListId="8c84fa94-04c1-424b-9868-57a2d4851a1d" /></TestEntries><TestLists><TestList name="Results Not in a List" id="8c84fa94-04c1-424b-9868-57a2d4851a1d" /><TestList name="All Loaded Results" id="19431567-8539-422a-85d7-44ee4e166bda" /></TestLists><ResultSummary outcome="Completed"><Counters total="151" executed="151" passed="151" failed="0" error="0" timeout="0" aborted="0" inconclusive="0" passedButRunAborted="0" notRunnable="0" notExecuted="0" disconnected="0" warning="0" completed="0" inProgress="0" pending="0" /><Output><StdOut>[xUnit.net 00:00:01.1193979]   Discovering: ModelRelief.Test[xUnit.net 00:00:01.2328604]   Discovered:  ModelRelief.Test[xUnit.net 00:00:01.2386596]   Starting:    ModelRelief.Test[xUnit.net 00:00:21.2498600]   Finished:    ModelRelief.Test</StdOut></Output></ResultSummary></TestRun>