<?xml version="1.0" encoding="utf-8"?><TestRun id="49592c1c-4912-4d8b-bb95-e58b9de70892" name="Steve Knipmeyer@VECTOR 2018-08-22 05:15:28" runUser="VECTOR\Steve Knipmeyer" xmlns="http://microsoft.com/schemas/VisualStudio/TeamTest/2010"><Times creation="2018-08-22T05:15:28.3989667-04:00" queuing="2018-08-22T05:15:28.3989816-04:00" start="2018-08-22T05:15:23.4868245-04:00" finish="2018-08-22T05:15:45.8439684-04:00" /><TestSettings name="default" id="e2aafa8c-ce19-4a19-ada9-ead46ce06026"><Deployment runDeploymentRoot="Steve_Knipmeyer_VECTOR_2018-08-22_05_15_28" /></TestSettings><Results><UnitTestResult executionId="035777c4-b373-46f9-817b-8a8421a85f93" testId="b8cde5aa-ef7b-404e-9e64-c98bbb12d404" testName="GetFile_ExistingFileReturnsSuccess" computerName="VECTOR" duration="00:00:00.0720000" startTime="2018-08-22T05:15:37.0139997-04:00" endTime="2018-08-22T05:15:37.0140067-04:00" testType="13cdc9d9-ddb5-4fa4-a97d-d965ccfc6d4b" outcome="Passed" testListId="8c84fa94-04c1-424b-9868-57a2d4851a1d" relativeResultsDirectory="035777c4-b373-46f9-817b-8a8421a85f93" /><UnitTestResult executionId="623eda95-0a6e-4f05-ad2d-f1a953f7f79f" testId="8aba93dd-497b-4407-8467-56c5960c75a8" testName="Patch_InvalidReferencePropertyReturnsBadRequest" computerName="VECTOR" duration="00:00:00.0170000" startTime="2018-08-22T05:15:45.6200945-04:00" endTime="2018-08-22T05:15:45.6201062-04:00" testType="13cdc9d9-ddb5-4fa4-a97d-d965ccfc6d4b" outcome="Passed" testListId="8c84fa94-04c1-424b-9868-57a2d4851a1d" relativeResultsDirectory="623eda95-0a6e-4f05-ad2d-f1a953f7f79f" /><UnitTestResult executionId="8802b490-4d58-4491-afea-4cb011fbd335" testId="1bf37855-c70b-4db0-b2dc-c47b42f6e560" testName="Patch_ValidReferencePropertyUpdatesModel" computerName="VECTOR" duration="00:00:00.0550000" startTime="2018-08-22T05:15:29.7115954-04:00" endTime="2018-08-22T05:15:29.7116020-04:00" testType="13cdc9d9-ddb5-4fa4-a97d-d965ccfc6d4b" outcome="Passed" testListId="8c84fa94-04c1-424b-9868-57a2d4851a1d" relativeResultsDirectory="8802b490-4d58-4491-afea-4cb011fbd335" /><UnitTestResult executionId="8a011a0d-6271-4555-85ad-d88ef9faf046" testId="1188118e-6a2f-46f4-a52f-c6f1e53dcdea" testName="Patch_TargetPropertyIsUpdated" computerName="VECTOR" duration="00:00:00.0550000" startTime="2018-08-22T05:15:45.7324278-04:00" endTime="2018-08-22T05:15:45.7324343-04:00" testType="13cdc9d9-ddb5-4fa4-a97d-d965ccfc6d4b" outcome="Passed" testListId="8c84fa94-04c1-424b-9868-57a2d4851a1d" relativeResultsDirectory="8a011a0d-6271-4555-85ad-d88ef9faf046" /><UnitTestResult executionId="ad62c9b5-0830-4403-b97d-577d7fd4e4a6" testId="3e310188-6983-4823-8fae-d60ddd3765a0" testName="GetFile_FileCanBeRoundTripped" computerName="VECTOR" duration="00:00:00.0770000" startTime="2018-08-22T05:15:45.2263233-04:00" endTime="2018-08-22T05:15:45.2263290-04:00" testType="13cdc9d9-ddb5-4fa4-a97d-d965ccfc6d4b" outcome="Passed" testListId="8c84fa94-04c1-424b-9868-57a2d4851a1d" relativeResultsDirectory="ad62c9b5-0830-4403-b97d-577d7fd4e4a6" /><UnitTestResult executionId="39deb294-d72b-4f1b-8bf7-6c6ccd43d18b" testId="d355fd2c-5cb8-4d7c-899e-c7309d11ee28" testName="Patch_InvalidEnumPropertyValueReturnsBadRequest" computerName="VECTOR" duration="00:00:00.0230000" startTime="2018-08-22T05:15:34.0191939-04:00" endTime="2018-08-22T05:15:34.0191998-04:00" testType="13cdc9d9-ddb5-4fa4-a97d-d965ccfc6d4b" outcome="Passed" testListId="8c84fa94-04c1-424b-9868-57a2d4851a1d" relativeResultsDirectory="39deb294-d72b-4f1b-8bf7-6c6ccd43d18b" /><UnitTestResult executionId="7c6d23ee-cc57-4f0f-ba6e-f4b7a6f5ddaf" testId="582ebf6c-2265-4b2d-819a-4cbdb939bd77" testName="GetList_ListReturnsCorrectCount" computerName="VECTOR" duration="00:00:01.0450000" startTime="2018-08-22T05:15:32.7285996-04:00" endTime="2018-08-22T05:15:32.7286052-04:00" testType="13cdc9d9-ddb5-4fa4-a97d-d965ccfc6d4b" outcome="Passed" testListId="8c84fa94-04c1-424b-9868-57a2d4851a1d" relativeResultsDirectory="7c6d23ee-cc57-4f0f-ba6e-f4b7a6f5ddaf" /><UnitTestResult executionId="b6dfe96a-527a-4294-bfc8-57096cc708ed" testId="240ca6b8-0f7a-43d7-b920-e3783a71f55b" testName="Patch_ValidReferencePropertyUpdatesModel" computerName="VECTOR" duration="00:00:00.0560000" startTime="2018-08-22T05:15:43.0570607-04:00" endTime="2018-08-22T05:15:43.0570671-04:00" testType="13cdc9d9-ddb5-4fa4-a97d-d965ccfc6d4b" outcome="Passed" testListId="8c84fa94-04c1-424b-9868-57a2d4851a1d" relativeResultsDirectory="b6dfe96a-527a-4294-bfc8-57096cc708ed" /><UnitTestResult executionId="d7119de8-b3f2-461b-9c3e-b9544a70ec30" testId="b19ca749-ea86-4cd6-b75b-eb8c00356e63" testName="Put_ValidReferencePropertyUpdatesModel" computerName="VECTOR" duration="00:00:00.0560000" startTime="2018-08-22T05:15:45.6769032-04:00" endTime="2018-08-22T05:15:45.6769098-04:00" testType="13cdc9d9-ddb5-4fa4-a97d-d965ccfc6d4b" outcome="Passed" testListId="8c84fa94-04c1-424b-9868-57a2d4851a1d" relativeResultsDirectory="d7119de8-b3f2-461b-9c3e-b9544a70ec30" /><UnitTestResult executionId="984bcb5e-1a39-4694-9926-b47c77cfabbf" testId="795a436f-9752-447f-9a0e-6a46f57d7936" testName="GetList_ListReturnsCorrectCount" computerName="VECTOR" duration="00:00:00.0180000" startTime="2018-08-22T05:15:31.2920056-04:00" endTime="2018-08-22T05:15:31.2920134-04:00" testType="13cdc9d9-ddb5-4fa4-a97d-d965ccfc6d4b" outcome="Passed" testListId="8c84fa94-04c1-424b-9868-57a2d4851a1d" relativeResultsDirectory="984bcb5e-1a39-4694-9926-b47c77cfabbf" /><UnitTestResult executionId="0825a4cd-bde2-4163-b8ec-e007164742de" testId="1e1df22f-61a9-45e9-84f6-72631bf38518" testName="PutFile_FileCanBeUpdated" computerName="VECTOR" duration="00:00:00.1760000" startTime="2018-08-22T05:15:36.9411438-04:00" endTime="2018-08-22T05:15:36.9411496-04:00" testType="13cdc9d9-ddb5-4fa4-a97d-d965ccfc6d4b" outcome="Passed" testListId="8c84fa94-04c1-424b-9868-57a2d4851a1d" relativeResultsDirectory="0825a4cd-bde2-4163-b8ec-e007164742de" /><UnitTestResult executionId="d90324fa-386e-45be-86db-ce88da11d066" testId="345a89d7-e7a2-4bda-8e54-35664787ccc4" testName="Post_InvalidReferencePropertyReturnsBadRequest" computerName="VECTOR" duration="00:00:00.3240000" startTime="2018-08-22T05:15:29.2562112-04:00" endTime="2018-08-22T05:15:29.2562178-04:00" testType="13cdc9d9-ddb5-4fa4-a97d-d965ccfc6d4b" outcome="Passed" testListId="8c84fa94-04c1-424b-9868-57a2d4851a1d" relativeResultsDirectory="d90324fa-386e-45be-86db-ce88da11d066" /><UnitTestResult executionId="f937bf5f-291c-4b0c-a54a-8bef5bb69ea1" testId="db2093ae-b563-4b6d-a9d4-cbcc136c9c2a" testName="PutFile_NewFileCanBePut" computerName="VECTOR" duration="00:00:00.1480000" startTime="2018-08-22T05:15:34.6222565-04:00" endTime="2018-08-22T05:15:34.6222618-04:00" testType="13cdc9d9-ddb5-4fa4-a97d-d965ccfc6d4b" outcome="Passed" testListId="8c84fa94-04c1-424b-9868-57a2d4851a1d" relativeResultsDirectory="f937bf5f-291c-4b0c-a54a-8bef5bb69ea1" /><UnitTestResult executionId="5d3f73b8-0876-40c7-a9ca-eb5eb0961edb" testId="f6715f31-62ce-40d3-bac9-63b181982ff0" testName="DepthBufferHasExpectedDependentFiles" computerName="VECTOR" duration="00:00:00.0010000" startTime="2018-08-22T05:15:27.6727184-04:00" endTime="2018-08-22T05:15:27.6727209-04:00" testType="13cdc9d9-ddb5-4fa4-a97d-d965ccfc6d4b" outcome="Passed" testListId="8c84fa94-04c1-424b-9868-57a2d4851a1d" relativeResultsDirectory="5d3f73b8-0876-40c7-a9ca-eb5eb0961edb" /><UnitTestResult executionId="8e0f1a25-583c-4614-91b0-42542e9bfe88" testId="a67edb06-1ec9-402c-89cb-0a76815f78f2" testName="Patch_InvalidPropertyNameReturnsBadRequest" computerName="VECTOR" duration="00:00:00.0200000" startTime="2018-08-22T05:15:42.5148805-04:00" endTime="2018-08-22T05:15:42.5148866-04:00" testType="13cdc9d9-ddb5-4fa4-a97d-d965ccfc6d4b" outcome="Passed" testListId="8c84fa94-04c1-424b-9868-57a2d4851a1d" relativeResultsDirectory="8e0f1a25-583c-4614-91b0-42542e9bfe88" /><UnitTestResult executionId="e0efcb46-809c-45a9-9059-93dd82b96a0c" testId="e4033518-65ab-4020-b5e0-66c99baf905c" testName="GetList_ListReturnsCorrectCount" computerName="VECTOR" duration="00:00:00.0160000" startTime="2018-08-22T05:15:45.3312422-04:00" endTime="2018-08-22T05:15:45.3312496-04:00" testType="13cdc9d9-ddb5-4fa4-a97d-d965ccfc6d4b" outcome="Passed" testListId="8c84fa94-04c1-424b-9868-57a2d4851a1d" relativeResultsDirectory="e0efcb46-809c-45a9-9059-93dd82b96a0c" /><UnitTestResult executionId="922d0e97-96c0-45b1-a4b3-52bdfa412fe5" testId="7792daa3-fa9f-450c-b189-cec88d9df3a6" testName="Post_CanCreateNewModel" computerName="VECTOR" duration="00:00:00.0250000" startTime="2018-08-22T05:15:45.2689055-04:00" endTime="2018-08-22T05:15:45.2689114-04:00" testType="13cdc9d9-ddb5-4fa4-a97d-d965ccfc6d4b" outcome="Passed" testListId="8c84fa94-04c1-424b-9868-57a2d4851a1d" relativeResultsDirectory="922d0e97-96c0-45b1-a4b3-52bdfa412fe5" /><UnitTestResult executionId="e20cf947-58c7-4fc1-befc-c05dcef6775c" testId="b5df646d-6ae7-4491-8953-a15a0ecac378" testName="Post_InvalidPropertyValueReturnsBadRequest" computerName="VECTOR" duration="00:00:00.0200000" startTime="2018-08-22T05:15:34.4441263-04:00" endTime="2018-08-22T05:15:34.4441332-04:00" testType="13cdc9d9-ddb5-4fa4-a97d-d965ccfc6d4b" outcome="Passed" testListId="8c84fa94-04c1-424b-9868-57a2d4851a1d" relativeResultsDirectory="e20cf947-58c7-4fc1-befc-c05dcef6775c" /><UnitTestResult executionId="7f115040-e13d-4204-a51c-c78a967bc7ea" testId="f8a9b1e2-05c0-4385-b9dd-8634c68e7028" testName="Patch_MultipleInvalidReferencePropertiesReturnsMultipleValidationErrorsAndBadRequest" computerName="VECTOR" duration="00:00:00.0280000" startTime="2018-08-22T05:15:45.5017210-04:00" endTime="2018-08-22T05:15:45.5017271-04:00" testType="13cdc9d9-ddb5-4fa4-a97d-d965ccfc6d4b" outcome="Passed" testListId="8c84fa94-04c1-424b-9868-57a2d4851a1d" relativeResultsDirectory="7f115040-e13d-4204-a51c-c78a967bc7ea" /><UnitTestResult executionId="e74cd20f-4feb-41bf-8f41-3ed190d9e9d1" testId="508b3432-e9a3-4c2d-ab28-a70c102ef3cc" testName="PutFile_FileCanBeUpdated" computerName="VECTOR" duration="00:00:00.1500000" startTime="2018-08-22T05:15:30.2333077-04:00" endTime="2018-08-22T05:15:30.2333138-04:00" testType="13cdc9d9-ddb5-4fa4-a97d-d965ccfc6d4b" outcome="Passed" testListId="8c84fa94-04c1-424b-9868-57a2d4851a1d" relativeResultsDirectory="e74cd20f-4feb-41bf-8f41-3ed190d9e9d1" /><UnitTestResult executionId="494c8fb1-ef45-4327-bf9d-49a9a0449dc0" testId="49a95191-7c6d-4254-9aff-aabb4e8ced47" testName="FileRequest_DepthBufferIsInvalidatedAfterCameraDependencyPropertyChange" computerName="VECTOR" duration="00:00:00.3260000" startTime="2018-08-22T05:15:44.9095932-04:00" endTime="2018-08-22T05:15:44.9095993-04:00" testType="13cdc9d9-ddb5-4fa4-a97d-d965ccfc6d4b" outcome="Passed" testListId="8c84fa94-04c1-424b-9868-57a2d4851a1d" relativeResultsDirectory="494c8fb1-ef45-4327-bf9d-49a9a0449dc0" /><UnitTestResult executionId="cb0be65c-12a0-4264-84ec-02d69a184759" testId="6354c0a5-2134-4f4e-8f91-151597380698" testName="LucyModel3dHasTwoDependents" computerName="VECTOR" duration="00:00:00.5430000" startTime="2018-08-22T05:15:27.6570446-04:00" endTime="2018-08-22T05:15:27.6570514-04:00" testType="13cdc9d9-ddb5-4fa4-a97d-d965ccfc6d4b" outcome="Passed" testListId="8c84fa94-04c1-424b-9868-57a2d4851a1d" relativeResultsDirectory="cb0be65c-12a0-4264-84ec-02d69a184759" /><UnitTestResult executionId="fed3989e-fedf-442d-a54f-0fe2b51aba07" testId="60c38c76-4fea-4ea2-a753-fee7ea3d3855" testName="Post_CanCreateNewModel" computerName="VECTOR" duration="00:00:00.0270000" startTime="2018-08-22T05:15:28.7003693-04:00" endTime="2018-08-22T05:15:28.7003756-04:00" testType="13cdc9d9-ddb5-4fa4-a97d-d965ccfc6d4b" outcome="Passed" testListId="8c84fa94-04c1-424b-9868-57a2d4851a1d" relativeResultsDirectory="fed3989e-fedf-442d-a54f-0fe2b51aba07" /><UnitTestResult executionId="0ca286bf-c91d-482b-935c-3edb4ebd0ac7" testId="c9588fbf-6bfc-433a-aa7c-244d3533279b" testName="GetFile_FileCanBeRoundTripped" computerName="VECTOR" duration="00:00:00.0860000" startTime="2018-08-22T05:15:36.7642229-04:00" endTime="2018-08-22T05:15:36.7642285-04:00" testType="13cdc9d9-ddb5-4fa4-a97d-d965ccfc6d4b" outcome="Passed" testListId="8c84fa94-04c1-424b-9868-57a2d4851a1d" relativeResultsDirectory="0ca286bf-c91d-482b-935c-3edb4ebd0ac7" /><UnitTestResult executionId="cd2346d4-4485-43a2-9503-3f8d7dfc939a" testId="6c7c5624-e649-40d7-8988-a0e3f2c1d30e" testName="Patch_InvalidPropertyNameReturnsBadRequest" computerName="VECTOR" duration="00:00:00.0230000" startTime="2018-08-22T05:15:34.1720546-04:00" endTime="2018-08-22T05:15:34.1720601-04:00" testType="13cdc9d9-ddb5-4fa4-a97d-d965ccfc6d4b" outcome="Passed" testListId="8c84fa94-04c1-424b-9868-57a2d4851a1d" relativeResultsDirectory="cd2346d4-4485-43a2-9503-3f8d7dfc939a" /><UnitTestResult executionId="35b21f91-431c-4231-8497-d566239bba02" testId="29d75993-d62e-4863-8f8b-6752682570ca" testName="PostFile_NewFileCanBePosted" computerName="VECTOR" duration="00:00:00.1050000" startTime="2018-08-22T05:15:38.2602064-04:00" endTime="2018-08-22T05:15:38.2602113-04:00" testType="13cdc9d9-ddb5-4fa4-a97d-d965ccfc6d4b" outcome="Passed" testListId="8c84fa94-04c1-424b-9868-57a2d4851a1d" relativeResultsDirectory="35b21f91-431c-4231-8497-d566239bba02" /><UnitTestResult executionId="3b78ddb3-d2e9-4fc6-86bf-17eb6a0a67bc" testId="71899052-3e97-44b8-b9da-c88ce19bcd6c" testName="PostFile_FileIsSynchronizedIsUpdatedAfterFileIsPosted" computerName="VECTOR" duration="00:00:00.0120000" startTime="2018-08-22T05:15:30.8375142-04:00" endTime="2018-08-22T05:15:30.8375202-04:00" testType="13cdc9d9-ddb5-4fa4-a97d-d965ccfc6d4b" outcome="Passed" testListId="8c84fa94-04c1-424b-9868-57a2d4851a1d" relativeResultsDirectory="3b78ddb3-d2e9-4fc6-86bf-17eb6a0a67bc" /><UnitTestResult executionId="a68ed457-a291-4a01-b969-e27d1a046092" testId="9901fd36-a6cc-491a-8c52-7d483d07d155" testName="GetSingle_ValidIdPropertyValueReturnsCorrectModel" computerName="VECTOR" duration="00:00:00.0150000" startTime="2018-08-22T05:15:31.6676188-04:00" endTime="2018-08-22T05:15:31.6676249-04:00" testType="13cdc9d9-ddb5-4fa4-a97d-d965ccfc6d4b" outcome="Passed" testListId="8c84fa94-04c1-424b-9868-57a2d4851a1d" relativeResultsDirectory="a68ed457-a291-4a01-b969-e27d1a046092" /><UnitTestResult executionId="4411c6cd-2ba0-4098-a3e1-9818203382be" testId="fcc7fc2d-6985-446b-8a78-7c9bd4db530e" testName="PostFile_FileTimeStampIsUpdatedAfterFileIsPosted" computerName="VECTOR" duration="00:00:01.1410000" startTime="2018-08-22T05:15:44.3316859-04:00" endTime="2018-08-22T05:15:44.3316907-04:00" testType="13cdc9d9-ddb5-4fa4-a97d-d965ccfc6d4b" outcome="Passed" testListId="8c84fa94-04c1-424b-9868-57a2d4851a1d" relativeResultsDirectory="4411c6cd-2ba0-4098-a3e1-9818203382be" /><UnitTestResult executionId="51e184fa-ac01-4eef-96e1-2cf09df39550" testId="f3f388aa-1849-44a8-8db4-29adccb42824" testName="GetList_ListReturnsCorrectCount" computerName="VECTOR" duration="00:00:00.0210000" startTime="2018-08-22T05:15:42.4945896-04:00" endTime="2018-08-22T05:15:42.4945955-04:00" testType="13cdc9d9-ddb5-4fa4-a97d-d965ccfc6d4b" outcome="Passed" testListId="8c84fa94-04c1-424b-9868-57a2d4851a1d" relativeResultsDirectory="51e184fa-ac01-4eef-96e1-2cf09df39550" /><UnitTestResult executionId="352ddb27-1b36-4fdd-9249-0b8cb9e040bd" testId="0dbdbd70-3416-4ff8-93d6-2bf341f7b317" testName="Patch_TargetPropertyIsUpdated" computerName="VECTOR" duration="00:00:00.0600000" startTime="2018-08-22T05:15:34.0794540-04:00" endTime="2018-08-22T05:15:34.0794602-04:00" testType="13cdc9d9-ddb5-4fa4-a97d-d965ccfc6d4b" outcome="Passed" testListId="8c84fa94-04c1-424b-9868-57a2d4851a1d" relativeResultsDirectory="352ddb27-1b36-4fdd-9249-0b8cb9e040bd" /><UnitTestResult executionId="5088bb62-75ad-478d-b295-52232978de98" testId="2e4d6e2f-deb0-42e6-927b-bfdefc47602e" testName="PostFile_FileTimeStampIsUpdatedAfterFileIsPosted" computerName="VECTOR" duration="00:00:00.0110000" startTime="2018-08-22T05:15:29.9857998-04:00" endTime="2018-08-22T05:15:29.9858054-04:00" testType="13cdc9d9-ddb5-4fa4-a97d-d965ccfc6d4b" outcome="Passed" testListId="8c84fa94-04c1-424b-9868-57a2d4851a1d" relativeResultsDirectory="5088bb62-75ad-478d-b295-52232978de98" /><UnitTestResult executionId="f1f69674-2ad6-44da-9fb3-4eefdb20296f" testId="de03b272-1ebb-4949-9841-d7360b4c899b" testName="Patch_InvalidPropertyNameReturnsBadRequest" computerName="VECTOR" duration="00:00:00.0260000" startTime="2018-08-22T05:15:31.0785437-04:00" endTime="2018-08-22T05:15:31.0785499-04:00" testType="13cdc9d9-ddb5-4fa4-a97d-d965ccfc6d4b" outcome="Passed" testListId="8c84fa94-04c1-424b-9868-57a2d4851a1d" relativeResultsDirectory="f1f69674-2ad6-44da-9fb3-4eefdb20296f" /><UnitTestResult executionId="7b5a6ff6-29e1-4b3a-b6a7-b10cb6e6a201" testId="11b00b50-8d66-42ae-aa3a-a1687c6ff915" testName="Patch_MultipleInvalidReferencePropertiesReturnsMultipleValidationErrorsAndBadRequest" computerName="VECTOR" duration="00:00:00.0280000" startTime="2018-08-22T05:15:29.8239674-04:00" endTime="2018-08-22T05:15:29.8239732-04:00" testType="13cdc9d9-ddb5-4fa4-a97d-d965ccfc6d4b" outcome="Passed" testListId="8c84fa94-04c1-424b-9868-57a2d4851a1d" relativeResultsDirectory="7b5a6ff6-29e1-4b3a-b6a7-b10cb6e6a201" /><UnitTestResult executionId="2fc63b9e-3953-48e3-bed9-db9584f10d88" testId="420b5987-d8e5-4437-bc6c-6b0c16335ac2" testName="GetList_ListReturnsCorrectCount" computerName="VECTOR" duration="00:00:00.0180000" startTime="2018-08-22T05:15:29.8425963-04:00" endTime="2018-08-22T05:15:29.8426018-04:00" testType="13cdc9d9-ddb5-4fa4-a97d-d965ccfc6d4b" outcome="Passed" testListId="8c84fa94-04c1-424b-9868-57a2d4851a1d" relativeResultsDirectory="2fc63b9e-3953-48e3-bed9-db9584f10d88" /><UnitTestResult executionId="1c1cae65-ec2d-45e6-89a0-dc8331be94b1" testId="fc954c74-7cce-4207-975d-0fddbeed1a85" testName="Patch_InvalidReferencePropertyReturnsBadRequest" computerName="VECTOR" duration="00:00:00.0270000" startTime="2018-08-22T05:15:29.9156259-04:00" endTime="2018-08-22T05:15:29.9156322-04:00" testType="13cdc9d9-ddb5-4fa4-a97d-d965ccfc6d4b" outcome="Passed" testListId="8c84fa94-04c1-424b-9868-57a2d4851a1d" relativeResultsDirectory="1c1cae65-ec2d-45e6-89a0-dc8331be94b1" /><UnitTestResult executionId="0bbb9faf-d0da-4dae-8da8-6ad2b485bdd7" testId="eb7cb308-3bc9-450d-883e-6c0fd0dc0660" testName="Post_InvalidReferencePropertyReturnsBadRequest" computerName="VECTOR" duration="00:00:00.0160000" startTime="2018-08-22T05:15:45.3711097-04:00" endTime="2018-08-22T05:15:45.3711223-04:00" testType="13cdc9d9-ddb5-4fa4-a97d-d965ccfc6d4b" outcome="Passed" testListId="8c84fa94-04c1-424b-9868-57a2d4851a1d" relativeResultsDirectory="0bbb9faf-d0da-4dae-8da8-6ad2b485bdd7" /><UnitTestResult executionId="1ae84267-7072-4c7a-be98-af49871c5364" testId="cce55abb-b463-4af6-b8af-c70d52d28482" testName="Post_CanCreateNewModel" computerName="VECTOR" duration="00:00:00.0320000" startTime="2018-08-22T05:15:42.6395179-04:00" endTime="2018-08-22T05:15:42.6395240-04:00" testType="13cdc9d9-ddb5-4fa4-a97d-d965ccfc6d4b" outcome="Passed" testListId="8c84fa94-04c1-424b-9868-57a2d4851a1d" relativeResultsDirectory="1ae84267-7072-4c7a-be98-af49871c5364" /><UnitTestResult executionId="4b9b4fa6-13ec-4439-89ce-ae8505302876" testId="5eb337e0-d4b6-49dc-83a2-52193e00c668" testName="Patch_MultipleInvalidReferencePropertiesReturnsMultipleValidationErrorsAndBadRequest" computerName="VECTOR" duration="00:00:00.0270000" startTime="2018-08-22T05:15:31.2249966-04:00" endTime="2018-08-22T05:15:31.2250032-04:00" testType="13cdc9d9-ddb5-4fa4-a97d-d965ccfc6d4b" outcome="Passed" testListId="8c84fa94-04c1-424b-9868-57a2d4851a1d" relativeResultsDirectory="4b9b4fa6-13ec-4439-89ce-ae8505302876" /><UnitTestResult executionId="d6d641a8-619d-4a62-9edd-b9007473cf96" testId="e1f9991d-860c-49d1-9945-cc463e179702" testName="Patch_InvalidEnumPropertyValueReturnsBadRequest" computerName="VECTOR" duration="00:00:00.0220000" startTime="2018-08-22T05:15:29.8650985-04:00" endTime="2018-08-22T05:15:29.8651048-04:00" testType="13cdc9d9-ddb5-4fa4-a97d-d965ccfc6d4b" outcome="Passed" testListId="8c84fa94-04c1-424b-9868-57a2d4851a1d" relativeResultsDirectory="d6d641a8-619d-4a62-9edd-b9007473cf96" /><UnitTestResult executionId="2575a184-d819-4945-a796-bc060db714f0" testId="5b20366d-c772-42e9-9f7a-3c164cbc2df0" testName="Patch_InvalidReferencePropertyReturnsBadRequest" computerName="VECTOR" duration="00:00:00.0270000" startTime="2018-08-22T05:15:42.8969239-04:00" endTime="2018-08-22T05:15:42.8969293-04:00" testType="13cdc9d9-ddb5-4fa4-a97d-d965ccfc6d4b" outcome="Passed" testListId="8c84fa94-04c1-424b-9868-57a2d4851a1d" relativeResultsDirectory="2575a184-d819-4945-a796-bc060db714f0" /><UnitTestResult executionId="b1cea3b5-3724-41d2-a2c0-c4adfb68b9d5" testId="64186a4e-12d7-4b85-840b-bcb456825964" testName="Post_ValidReferencePropertyCreatesModel" computerName="VECTOR" duration="00:00:00.0350000" startTime="2018-08-22T05:15:34.3146425-04:00" endTime="2018-08-22T05:15:34.3146484-04:00" testType="13cdc9d9-ddb5-4fa4-a97d-d965ccfc6d4b" outcome="Passed" testListId="8c84fa94-04c1-424b-9868-57a2d4851a1d" relativeResultsDirectory="b1cea3b5-3724-41d2-a2c0-c4adfb68b9d5" /><UnitTestResult executionId="4ff398bc-a65e-4335-91d0-b09b6b16cdc4" testId="4505d226-3ce4-4481-aa6d-6b55d2514e73" testName="Post_ValidReferencePropertyCreatesModel" computerName="VECTOR" duration="00:00:00.0250000" startTime="2018-08-22T05:15:29.7951249-04:00" endTime="2018-08-22T05:15:29.7951307-04:00" testType="13cdc9d9-ddb5-4fa4-a97d-d965ccfc6d4b" outcome="Passed" testListId="8c84fa94-04c1-424b-9868-57a2d4851a1d" relativeResultsDirectory="4ff398bc-a65e-4335-91d0-b09b6b16cdc4" /><UnitTestResult executionId="db5ad5a4-9161-4ada-9e8d-0314f5ae6a09" testId="b6dad029-89f8-45e7-afd8-15547b0cc128" testName="Patch_InvalidEnumPropertyValueReturnsBadRequest" computerName="VECTOR" duration="00:00:00.0120000" startTime="2018-08-22T05:15:28.7998635-04:00" endTime="2018-08-22T05:15:28.7998667-04:00" testType="13cdc9d9-ddb5-4fa4-a97d-d965ccfc6d4b" outcome="Passed" testListId="8c84fa94-04c1-424b-9868-57a2d4851a1d" relativeResultsDirectory="db5ad5a4-9161-4ada-9e8d-0314f5ae6a09" /><UnitTestResult executionId="b780a598-0342-4a19-81d5-6e0dbc2eebd9" testId="714261e3-4e3b-4466-a91a-659409ac6ab0" testName="PutFile_NewFileCanBePut" computerName="VECTOR" duration="00:00:00.0960000" startTime="2018-08-22T05:15:30.0826677-04:00" endTime="2018-08-22T05:15:30.0826736-04:00" testType="13cdc9d9-ddb5-4fa4-a97d-d965ccfc6d4b" outcome="Passed" testListId="8c84fa94-04c1-424b-9868-57a2d4851a1d" relativeResultsDirectory="b780a598-0342-4a19-81d5-6e0dbc2eebd9" /><UnitTestResult executionId="8cd39df8-ff56-4466-93a4-4fc39b4a5965" testId="a5c3ae4f-3a74-4fa5-86ed-b896cea47607" testName="Put_CanUpdateModel" computerName="VECTOR" duration="00:00:00.4790000" startTime="2018-08-22T05:15:33.9313797-04:00" endTime="2018-08-22T05:15:33.9313875-04:00" testType="13cdc9d9-ddb5-4fa4-a97d-d965ccfc6d4b" outcome="Passed" testListId="8c84fa94-04c1-424b-9868-57a2d4851a1d" relativeResultsDirectory="8cd39df8-ff56-4466-93a4-4fc39b4a5965" /><UnitTestResult executionId="d3f28f4c-744c-4ecd-a112-29f794df1afb" testId="305e9868-7c7e-4820-9c38-162561461065" testName="Put_CanUpdateModel" computerName="VECTOR" duration="00:00:00.1040000" startTime="2018-08-22T05:15:29.5528212-04:00" endTime="2018-08-22T05:15:29.5528277-04:00" testType="13cdc9d9-ddb5-4fa4-a97d-d965ccfc6d4b" outcome="Passed" testListId="8c84fa94-04c1-424b-9868-57a2d4851a1d" relativeResultsDirectory="d3f28f4c-744c-4ecd-a112-29f794df1afb" /><UnitTestResult executionId="a0aab80f-a1a2-4db7-bce5-47716759402b" testId="f9a277a5-3451-4056-b708-03baa6452d0e" testName="PostFile_FileIsSynchronizedIsUpdatedAfterFileIsPosted" computerName="VECTOR" duration="00:00:00.0630000" startTime="2018-08-22T05:15:45.0688814-04:00" endTime="2018-08-22T05:15:45.0688858-04:00" testType="13cdc9d9-ddb5-4fa4-a97d-d965ccfc6d4b" outcome="Passed" testListId="8c84fa94-04c1-424b-9868-57a2d4851a1d" relativeResultsDirectory="a0aab80f-a1a2-4db7-bce5-47716759402b" /><UnitTestResult executionId="314709e1-071c-4d87-ba15-9cb6c2966347" testId="69ef0cdc-769a-491e-b40b-c019c39d31af" testName="Post_InvalidReferencePropertyReturnsBadRequest" computerName="VECTOR" duration="00:00:00.0220000" startTime="2018-08-22T05:15:34.2406714-04:00" endTime="2018-08-22T05:15:34.2406772-04:00" testType="13cdc9d9-ddb5-4fa4-a97d-d965ccfc6d4b" outcome="Passed" testListId="8c84fa94-04c1-424b-9868-57a2d4851a1d" relativeResultsDirectory="314709e1-071c-4d87-ba15-9cb6c2966347" /><UnitTestResult executionId="2eb7c278-71e9-4149-a0bf-7f9149e389fe" testId="ceb36bff-8b32-4cce-b5de-3cfd0bc3b797" testName="FileRequest_FileCanBeReadAfterRename" computerName="VECTOR" duration="00:00:00.1260000" startTime="2018-08-22T05:15:30.6035979-04:00" endTime="2018-08-22T05:15:30.6036042-04:00" testType="13cdc9d9-ddb5-4fa4-a97d-d965ccfc6d4b" outcome="Passed" testListId="8c84fa94-04c1-424b-9868-57a2d4851a1d" relativeResultsDirectory="2eb7c278-71e9-4149-a0bf-7f9149e389fe" /><UnitTestResult executionId="0afef477-689b-4308-9de8-65346b383ffb" testId="8f2c2d24-3eab-447e-814c-738950f62b8f" testName="GetSingle_ValidIdPropertyValueReturnsCorrectModel" computerName="VECTOR" duration="00:00:00.0210000" startTime="2018-08-22T05:15:28.7875971-04:00" endTime="2018-08-22T05:15:28.7876036-04:00" testType="13cdc9d9-ddb5-4fa4-a97d-d965ccfc6d4b" outcome="Passed" testListId="8c84fa94-04c1-424b-9868-57a2d4851a1d" relativeResultsDirectory="0afef477-689b-4308-9de8-65346b383ffb" /><UnitTestResult executionId="b61ec086-c5d4-475a-bfdb-ab7c8b6688d7" testId="c732dce0-5d17-41a1-a2ff-d9804927feb6" testName="Delete_TargetModelIsDeleted" computerName="VECTOR" duration="00:00:00.0340000" startTime="2018-08-22T05:15:42.5907242-04:00" endTime="2018-08-22T05:15:42.5907306-04:00" testType="13cdc9d9-ddb5-4fa4-a97d-d965ccfc6d4b" outcome="Passed" testListId="8c84fa94-04c1-424b-9868-57a2d4851a1d" relativeResultsDirectory="b61ec086-c5d4-475a-bfdb-ab7c8b6688d7" /><UnitTestResult executionId="ad73edf3-72a7-45ce-853c-4ddb94de19fa" testId="8767b6b3-afb5-4515-aef1-2010d39d34e9" testName="Post_ValidReferencePropertyCreatesModel" computerName="VECTOR" duration="00:00:00.0230000" startTime="2018-08-22T05:15:31.4285243-04:00" endTime="2018-08-22T05:15:31.4285302-04:00" testType="13cdc9d9-ddb5-4fa4-a97d-d965ccfc6d4b" outcome="Passed" testListId="8c84fa94-04c1-424b-9868-57a2d4851a1d" relativeResultsDirectory="ad73edf3-72a7-45ce-853c-4ddb94de19fa" /><UnitTestResult executionId="7f75ad97-b0ad-41e0-92f3-4c8a5d54645b" testId="4562696e-3b5a-45b7-baef-a49304b3a561" testName="Put_InvalidIdReturnsNotFound" computerName="VECTOR" duration="00:00:00.2130000" startTime="2018-08-22T05:15:31.0519739-04:00" endTime="2018-08-22T05:15:31.0519805-04:00" testType="13cdc9d9-ddb5-4fa4-a97d-d965ccfc6d4b" outcome="Passed" testListId="8c84fa94-04c1-424b-9868-57a2d4851a1d" relativeResultsDirectory="7f75ad97-b0ad-41e0-92f3-4c8a5d54645b" /><UnitTestResult executionId="2c58dc48-2567-43d1-8f4d-33324c130f17" testId="d8e517bb-f524-4c74-99d0-5c40fafe6614" testName="Patch_InvalidIdPropertyReturnsNotFound" computerName="VECTOR" duration="00:00:00.0140000" startTime="2018-08-22T05:15:29.7692668-04:00" endTime="2018-08-22T05:15:29.7692733-04:00" testType="13cdc9d9-ddb5-4fa4-a97d-d965ccfc6d4b" outcome="Passed" testListId="8c84fa94-04c1-424b-9868-57a2d4851a1d" relativeResultsDirectory="2c58dc48-2567-43d1-8f4d-33324c130f17" /><UnitTestResult executionId="60ebca31-dc48-4642-9781-9d4e78ba19d0" testId="40269218-74cb-4e0f-b8d0-61e0e04dc4b9" testName="PostFile_NewFileCanBePosted" computerName="VECTOR" duration="00:00:00.0760000" startTime="2018-08-22T05:15:30.6797909-04:00" endTime="2018-08-22T05:15:30.6797978-04:00" testType="13cdc9d9-ddb5-4fa4-a97d-d965ccfc6d4b" outcome="Passed" testListId="8c84fa94-04c1-424b-9868-57a2d4851a1d" relativeResultsDirectory="60ebca31-dc48-4642-9781-9d4e78ba19d0" /><UnitTestResult executionId="56b2c23a-dbd2-45e8-a86e-6723910974b3" testId="a80b4e7c-7570-4584-bcd9-6801f41dec38" testName="GetSingle_InvalidIdPropertyValueReturnsNotFound" computerName="VECTOR" duration="00:00:00.0140000" startTime="2018-08-22T05:15:28.8146793-04:00" endTime="2018-08-22T05:15:28.8146860-04:00" testType="13cdc9d9-ddb5-4fa4-a97d-d965ccfc6d4b" outcome="Passed" testListId="8c84fa94-04c1-424b-9868-57a2d4851a1d" relativeResultsDirectory="56b2c23a-dbd2-45e8-a86e-6723910974b3" /><UnitTestResult executionId="c02face5-0f81-49b7-aefb-95f2954ec4d7" testId="51606265-af66-4b8a-8b1d-5bb89470bcb9" testName="GetList_ListReturnsCorrectCount" computerName="VECTOR" duration="00:00:00.0170000" startTime="2018-08-22T05:15:28.8717873-04:00" endTime="2018-08-22T05:15:28.8717941-04:00" testType="13cdc9d9-ddb5-4fa4-a97d-d965ccfc6d4b" outcome="Passed" testListId="8c84fa94-04c1-424b-9868-57a2d4851a1d" relativeResultsDirectory="c02face5-0f81-49b7-aefb-95f2954ec4d7" /><UnitTestResult executionId="6b1499f3-464f-413c-b0e5-97b00775c761" testId="3df6c5df-5bce-4624-8bd9-11779c5b73fa" testName="Patch_InvalidIdPropertyReturnsNotFound" computerName="VECTOR" duration="00:00:00.0160000" startTime="2018-08-22T05:15:31.4632178-04:00" endTime="2018-08-22T05:15:31.4632238-04:00" testType="13cdc9d9-ddb5-4fa4-a97d-d965ccfc6d4b" outcome="Passed" testListId="8c84fa94-04c1-424b-9868-57a2d4851a1d" relativeResultsDirectory="6b1499f3-464f-413c-b0e5-97b00775c761" /><UnitTestResult executionId="31c32e09-4078-4a5f-b4c1-ade75923f74e" testId="9dcb0d18-d148-481f-b241-e1c53452b477" testName="GetFile_NonExistentFileReturnsNotFound" computerName="VECTOR" duration="00:00:00.0180000" startTime="2018-08-22T05:15:44.9280160-04:00" endTime="2018-08-22T05:15:44.9280227-04:00" testType="13cdc9d9-ddb5-4fa4-a97d-d965ccfc6d4b" outcome="Passed" testListId="8c84fa94-04c1-424b-9868-57a2d4851a1d" relativeResultsDirectory="31c32e09-4078-4a5f-b4c1-ade75923f74e" /><UnitTestResult executionId="8a7b170d-b276-419c-a3f2-bfae327024d5" testId="3578cc01-e0dc-4738-b264-fac4b9b3be09" testName="Put_InvalidReferencePropertyReturndBadRequest" computerName="VECTOR" duration="00:00:00.0150000" startTime="2018-08-22T05:15:28.8988229-04:00" endTime="2018-08-22T05:15:28.8988293-04:00" testType="13cdc9d9-ddb5-4fa4-a97d-d965ccfc6d4b" outcome="Passed" testListId="8c84fa94-04c1-424b-9868-57a2d4851a1d" relativeResultsDirectory="8a7b170d-b276-419c-a3f2-bfae327024d5" /><UnitTestResult executionId="506fa294-93b9-401b-a158-adff1226f1d3" testId="e811fc5d-d045-4093-b3f2-c3eadc9b3d86" testName="Put_InvalidIdReturnsNotFound" computerName="VECTOR" duration="00:00:00.0380000" startTime="2018-08-22T05:15:29.6092267-04:00" endTime="2018-08-22T05:15:29.6092328-04:00" testType="13cdc9d9-ddb5-4fa4-a97d-d965ccfc6d4b" outcome="Passed" testListId="8c84fa94-04c1-424b-9868-57a2d4851a1d" relativeResultsDirectory="506fa294-93b9-401b-a158-adff1226f1d3" /><UnitTestResult executionId="9e89de8b-a96f-40ec-8023-6c70c1f639a7" testId="ef99af22-46af-40db-84bb-7fdf7b57d3a6" testName="Put_CanUpdateModel" computerName="VECTOR" duration="00:00:00.0390000" startTime="2018-08-22T05:15:28.8542104-04:00" endTime="2018-08-22T05:15:28.8542170-04:00" testType="13cdc9d9-ddb5-4fa4-a97d-d965ccfc6d4b" outcome="Passed" testListId="8c84fa94-04c1-424b-9868-57a2d4851a1d" relativeResultsDirectory="9e89de8b-a96f-40ec-8023-6c70c1f639a7" /><UnitTestResult executionId="daae70ea-ed14-4fc8-a38c-4bde054f54ce" testId="28881770-4c93-47b0-80ad-59deb8d21e8f" testName="Put_InvalidReferencePropertyReturndBadRequest" computerName="VECTOR" duration="00:00:00.0410000" startTime="2018-08-22T05:15:42.5567012-04:00" endTime="2018-08-22T05:15:42.5567075-04:00" testType="13cdc9d9-ddb5-4fa4-a97d-d965ccfc6d4b" outcome="Passed" testListId="8c84fa94-04c1-424b-9868-57a2d4851a1d" relativeResultsDirectory="daae70ea-ed14-4fc8-a38c-4bde054f54ce" /><UnitTestResult executionId="3ad4e4a5-173b-496b-83bc-2bf6666e41fa" testId="c0ec4696-66dd-4cb2-aeb3-bd8477013149" testName="Post_CanCreateNewModel" computerName="VECTOR" duration="00:00:00.0250000" startTime="2018-08-22T05:15:31.2509175-04:00" endTime="2018-08-22T05:15:31.2509239-04:00" testType="13cdc9d9-ddb5-4fa4-a97d-d965ccfc6d4b" outcome="Passed" testListId="8c84fa94-04c1-424b-9868-57a2d4851a1d" relativeResultsDirectory="3ad4e4a5-173b-496b-83bc-2bf6666e41fa" /><UnitTestResult executionId="a0206808-f375-445b-90b6-5e038f0c5e3e" testId="4bac8c24-4f71-48f5-b365-9077bf87ff4a" testName="GetFile_FileCanBeRoundTripped" computerName="VECTOR" duration="00:00:00.1210000" startTime="2018-08-22T05:15:30.8024210-04:00" endTime="2018-08-22T05:15:30.8024290-04:00" testType="13cdc9d9-ddb5-4fa4-a97d-d965ccfc6d4b" outcome="Passed" testListId="8c84fa94-04c1-424b-9868-57a2d4851a1d" relativeResultsDirectory="a0206808-f375-445b-90b6-5e038f0c5e3e" /><UnitTestResult executionId="53eb29de-d024-4691-b645-da6546fd0395" testId="f00996b3-cdbc-4a90-a87c-a355b0119c41" testName="LucyCameraFindsAllDependents" computerName="VECTOR" duration="00:00:00.0090000" startTime="2018-08-22T05:15:27.6664976-04:00" endTime="2018-08-22T05:15:27.6665030-04:00" testType="13cdc9d9-ddb5-4fa4-a97d-d965ccfc6d4b" outcome="Passed" testListId="8c84fa94-04c1-424b-9868-57a2d4851a1d" relativeResultsDirectory="53eb29de-d024-4691-b645-da6546fd0395" /><UnitTestResult executionId="f6703957-1537-468a-8b4f-f0eee33660b4" testId="b27bc947-44d4-4f5b-a0de-11d4f71d67db" testName="Put_InvalidReferencePropertyReturndBadRequest" computerName="VECTOR" duration="00:00:00.0440000" startTime="2018-08-22T05:15:34.4238163-04:00" endTime="2018-08-22T05:15:34.4238227-04:00" testType="13cdc9d9-ddb5-4fa4-a97d-d965ccfc6d4b" outcome="Passed" testListId="8c84fa94-04c1-424b-9868-57a2d4851a1d" relativeResultsDirectory="f6703957-1537-468a-8b4f-f0eee33660b4" /><UnitTestResult executionId="962e0757-30ed-422d-9f89-8549f85f27d5" testId="3fc89542-c9f5-41d2-948c-fee20de23986" testName="GetSingle_InvalidIdPropertyValueReturnsNotFound" computerName="VECTOR" duration="00:00:00.0170000" startTime="2018-08-22T05:15:29.5703382-04:00" endTime="2018-08-22T05:15:29.5703445-04:00" testType="13cdc9d9-ddb5-4fa4-a97d-d965ccfc6d4b" outcome="Passed" testListId="8c84fa94-04c1-424b-9868-57a2d4851a1d" relativeResultsDirectory="962e0757-30ed-422d-9f89-8549f85f27d5" /><UnitTestResult executionId="b50986d9-3e65-4df8-9ef0-f51013d92865" testId="4f0106b6-5244-446e-8a67-0105dbbb4145" testName="Patch_InvalidEnumPropertyValueReturnsBadRequest" computerName="VECTOR" duration="00:00:00.0100000" startTime="2018-08-22T05:15:45.3411521-04:00" endTime="2018-08-22T05:15:45.3411585-04:00" testType="13cdc9d9-ddb5-4fa4-a97d-d965ccfc6d4b" outcome="Passed" testListId="8c84fa94-04c1-424b-9868-57a2d4851a1d" relativeResultsDirectory="b50986d9-3e65-4df8-9ef0-f51013d92865" /><UnitTestResult executionId="61841796-de7e-4b4a-9527-7286a7aa5b62" testId="657160f9-88c5-4a44-b3dd-0fe5c48654c1" testName="Put_ValidReferencePropertyUpdatesModel" computerName="VECTOR" duration="00:00:00.0430000" startTime="2018-08-22T05:15:29.7549819-04:00" endTime="2018-08-22T05:15:29.7549914-04:00" testType="13cdc9d9-ddb5-4fa4-a97d-d965ccfc6d4b" outcome="Passed" testListId="8c84fa94-04c1-424b-9868-57a2d4851a1d" relativeResultsDirectory="61841796-de7e-4b4a-9527-7286a7aa5b62" /><UnitTestResult executionId="b8a5c3fc-1c40-4de5-a691-9f82a06bf978" testId="fe56c108-0024-4f61-ae74-8dd6dd01cb65" testName="Put_ValidReferencePropertyUpdatesModel" computerName="VECTOR" duration="00:00:00.0090000" startTime="2018-08-22T05:15:28.6648140-04:00" endTime="2018-08-22T05:15:28.6648187-04:00" testType="13cdc9d9-ddb5-4fa4-a97d-d965ccfc6d4b" outcome="Passed" testListId="8c84fa94-04c1-424b-9868-57a2d4851a1d" relativeResultsDirectory="b8a5c3fc-1c40-4de5-a691-9f82a06bf978" /><UnitTestResult executionId="a40f7273-800d-4943-b91c-09ef02654ed1" testId="3c5cf1fb-4177-4f84-b83c-914a521ec300" testName="Put_InvalidIdReturnsNotFound" computerName="VECTOR" duration="00:00:00.0190000" startTime="2018-08-22T05:15:45.2883643-04:00" endTime="2018-08-22T05:15:45.2883703-04:00" testType="13cdc9d9-ddb5-4fa4-a97d-d965ccfc6d4b" outcome="Passed" testListId="8c84fa94-04c1-424b-9868-57a2d4851a1d" relativeResultsDirectory="a40f7273-800d-4943-b91c-09ef02654ed1" /><UnitTestResult executionId="27367321-f206-4926-89bf-a55df503d53a" testId="0aea652d-f44a-4381-98af-739a4a878971" testName="Put_ValidReferencePropertyUpdatesModel" computerName="VECTOR" duration="00:00:00.0640000" startTime="2018-08-22T05:15:33.9957711-04:00" endTime="2018-08-22T05:15:33.9957775-04:00" testType="13cdc9d9-ddb5-4fa4-a97d-d965ccfc6d4b" outcome="Passed" testListId="8c84fa94-04c1-424b-9868-57a2d4851a1d" relativeResultsDirectory="27367321-f206-4926-89bf-a55df503d53a" /><UnitTestResult executionId="24b959d6-273b-4c36-a4c7-bf447d61dd7c" testId="98b1aefa-f7c2-4aa3-b1ab-49d48da7ce0c" testName="LucyDepthBufferFindsOneDependent" computerName="VECTOR" duration="00:00:00.0050000" startTime="2018-08-22T05:15:27.6723699-04:00" endTime="2018-08-22T05:15:27.6723737-04:00" testType="13cdc9d9-ddb5-4fa4-a97d-d965ccfc6d4b" outcome="Passed" testListId="8c84fa94-04c1-424b-9868-57a2d4851a1d" relativeResultsDirectory="24b959d6-273b-4c36-a4c7-bf447d61dd7c" /><UnitTestResult executionId="ba038458-b904-48b3-84be-fb1580ffe9c1" testId="7e611183-c448-44fa-a52c-8c050512044a" testName="Patch_InvalidIdPropertyReturnsNotFound" computerName="VECTOR" duration="00:00:00.0230000" startTime="2018-08-22T05:15:34.1954960-04:00" endTime="2018-08-22T05:15:34.1955019-04:00" testType="13cdc9d9-ddb5-4fa4-a97d-d965ccfc6d4b" outcome="Passed" testListId="8c84fa94-04c1-424b-9868-57a2d4851a1d" relativeResultsDirectory="ba038458-b904-48b3-84be-fb1580ffe9c1" /><UnitTestResult executionId="9229c2d4-cd9e-48bb-a228-786f45ce8bde" testId="530f3605-fea3-4842-a14a-4cdc3f1bba26" testName="MeshTransformHasExpectedDependentFiles" computerName="VECTOR" duration="00:00:00.0010000" startTime="2018-08-22T05:15:27.6671214-04:00" endTime="2018-08-22T05:15:27.6671230-04:00" testType="13cdc9d9-ddb5-4fa4-a97d-d965ccfc6d4b" outcome="Passed" testListId="8c84fa94-04c1-424b-9868-57a2d4851a1d" relativeResultsDirectory="9229c2d4-cd9e-48bb-a228-786f45ce8bde" /><UnitTestResult executionId="9084ad30-6b0b-4a5a-89b9-2291e1df6a18" testId="674fa19e-6a5b-4558-9dfe-63aaf37c8f4b" testName="GetSingle_ValidIdPropertyValueReturnsCorrectModel" computerName="VECTOR" duration="00:00:00.0150000" startTime="2018-08-22T05:15:29.6564604-04:00" endTime="2018-08-22T05:15:29.6564659-04:00" testType="13cdc9d9-ddb5-4fa4-a97d-d965ccfc6d4b" outcome="Passed" testListId="8c84fa94-04c1-424b-9868-57a2d4851a1d" relativeResultsDirectory="9084ad30-6b0b-4a5a-89b9-2291e1df6a18" /><UnitTestResult executionId="fae900aa-c07b-4560-8b79-45b2205c953b" testId="35c1c3fc-ae4a-4542-8cf5-c5deedbee323" testName="Post_ValidReferencePropertyCreatesModel" computerName="VECTOR" duration="00:00:00.0280000" startTime="2018-08-22T05:15:43.1039108-04:00" endTime="2018-08-22T05:15:43.1039174-04:00" testType="13cdc9d9-ddb5-4fa4-a97d-d965ccfc6d4b" outcome="Passed" testListId="8c84fa94-04c1-424b-9868-57a2d4851a1d" relativeResultsDirectory="fae900aa-c07b-4560-8b79-45b2205c953b" /><UnitTestResult executionId="b554089d-6b52-46d3-ab13-fb6521e09e3c" testId="8ff7f899-67eb-41e8-8aa6-0c9913e61b37" testName="Post_ValidReferencePropertyCreatesModel" computerName="VECTOR" duration="00:00:00.0110000" startTime="2018-08-22T05:15:28.3739287-04:00" endTime="2018-08-22T05:15:28.3739311-04:00" testType="13cdc9d9-ddb5-4fa4-a97d-d965ccfc6d4b" outcome="Passed" testListId="8c84fa94-04c1-424b-9868-57a2d4851a1d" relativeResultsDirectory="b554089d-6b52-46d3-ab13-fb6521e09e3c" /><UnitTestResult executionId="07ba6102-fad6-4754-a0de-cb979aa0cd84" testId="6b281a1f-39f7-4c58-a978-96e2d7a58964" testName="Post_InvalidReferencePropertyReturnsBadRequest" computerName="VECTOR" duration="00:00:00.0150000" startTime="2018-08-22T05:15:31.6826942-04:00" endTime="2018-08-22T05:15:31.6827001-04:00" testType="13cdc9d9-ddb5-4fa4-a97d-d965ccfc6d4b" outcome="Passed" testListId="8c84fa94-04c1-424b-9868-57a2d4851a1d" relativeResultsDirectory="07ba6102-fad6-4754-a0de-cb979aa0cd84" /><UnitTestResult executionId="2c894cb0-211d-415d-ad7f-cc52f77689cc" testId="dca907d2-3b25-4329-87a6-b03ad43a2682" testName="Post_InvalidPropertyValueReturnsBadRequest" computerName="VECTOR" duration="00:00:00.0150000" startTime="2018-08-22T05:15:28.9305146-04:00" endTime="2018-08-22T05:15:28.9305205-04:00" testType="13cdc9d9-ddb5-4fa4-a97d-d965ccfc6d4b" outcome="Passed" testListId="8c84fa94-04c1-424b-9868-57a2d4851a1d" relativeResultsDirectory="2c894cb0-211d-415d-ad7f-cc52f77689cc" /><UnitTestResult executionId="8831784e-9e39-465f-bd96-2fe3e6b50bed" testId="4038ef7e-4494-49bc-9a37-aa6f2a4216c3" testName="PostFile_NewFileCanBePosted" computerName="VECTOR" duration="00:00:00.0790000" startTime="2018-08-22T05:15:45.1485311-04:00" endTime="2018-08-22T05:15:45.1485358-04:00" testType="13cdc9d9-ddb5-4fa4-a97d-d965ccfc6d4b" outcome="Passed" testListId="8c84fa94-04c1-424b-9868-57a2d4851a1d" relativeResultsDirectory="8831784e-9e39-465f-bd96-2fe3e6b50bed" /><UnitTestResult executionId="d5e4a457-b456-431c-b74a-e45b17b6bf7e" testId="cec2a1de-ce51-486e-a107-f59595b405d6" testName="GetSingle_ValidIdPropertyValueReturnsCorrectModel" computerName="VECTOR" duration="00:00:00.0200000" startTime="2018-08-22T05:15:42.9609402-04:00" endTime="2018-08-22T05:15:42.9609456-04:00" testType="13cdc9d9-ddb5-4fa4-a97d-d965ccfc6d4b" outcome="Passed" testListId="8c84fa94-04c1-424b-9868-57a2d4851a1d" relativeResultsDirectory="d5e4a457-b456-431c-b74a-e45b17b6bf7e" /><UnitTestResult executionId="de7da7a2-0a00-439b-ac5f-8fff4eb961e5" testId="9cca1222-e580-49d1-816e-6f225eaa3f84" testName="Patch_ValidReferencePropertyUpdatesModel" computerName="VECTOR" duration="00:00:00.6460000" startTime="2018-08-22T05:15:33.4515135-04:00" endTime="2018-08-22T05:15:33.4515197-04:00" testType="13cdc9d9-ddb5-4fa4-a97d-d965ccfc6d4b" outcome="Passed" testListId="8c84fa94-04c1-424b-9868-57a2d4851a1d" relativeResultsDirectory="de7da7a2-0a00-439b-ac5f-8fff4eb961e5" /><UnitTestResult executionId="f3598ce7-d369-4dc2-9082-f780730e6359" testId="34198ec4-0a9c-433a-88ba-8f7205895289" testName="Put_ValidReferencePropertyUpdatesModel" computerName="VECTOR" duration="00:00:00.1740000" startTime="2018-08-22T05:15:42.8691588-04:00" endTime="2018-08-22T05:15:42.8691652-04:00" testType="13cdc9d9-ddb5-4fa4-a97d-d965ccfc6d4b" outcome="Passed" testListId="8c84fa94-04c1-424b-9868-57a2d4851a1d" relativeResultsDirectory="f3598ce7-d369-4dc2-9082-f780730e6359" /><UnitTestResult executionId="f7c54a18-c381-4252-9161-eed3f9fcad97" testId="749b0a5b-63dd-4311-89f8-ff60bab947ce" testName="Patch_InvalidReferencePropertyReturnsBadRequest" computerName="VECTOR" duration="00:00:00.0220000" startTime="2018-08-22T05:15:31.2738414-04:00" endTime="2018-08-22T05:15:31.2738480-04:00" testType="13cdc9d9-ddb5-4fa4-a97d-d965ccfc6d4b" outcome="Passed" testListId="8c84fa94-04c1-424b-9868-57a2d4851a1d" relativeResultsDirectory="f7c54a18-c381-4252-9161-eed3f9fcad97" /><UnitTestResult executionId="9f22a16f-2093-4e13-b85b-1c88b6f9b89d" testId="6cacf814-6a76-4092-886f-856053027134" testName="Patch_ValidReferencePropertyUpdatesModel" computerName="VECTOR" duration="00:00:00.0570000" startTime="2018-08-22T05:15:31.5299078-04:00" endTime="2018-08-22T05:15:31.5299140-04:00" testType="13cdc9d9-ddb5-4fa4-a97d-d965ccfc6d4b" outcome="Passed" testListId="8c84fa94-04c1-424b-9868-57a2d4851a1d" relativeResultsDirectory="9f22a16f-2093-4e13-b85b-1c88b6f9b89d" /><UnitTestResult executionId="e0dfbb44-e303-4161-9a82-109ca49262fc" testId="ac79bcdf-b7c5-479a-aa55-848a04e236be" testName="Patch_MultipleInvalidReferencePropertiesReturnsMultipleValidationErrorsAndBadRequest" computerName="VECTOR" duration="00:00:00.0230000" startTime="2018-08-22T05:15:42.9202485-04:00" endTime="2018-08-22T05:15:42.9202551-04:00" testType="13cdc9d9-ddb5-4fa4-a97d-d965ccfc6d4b" outcome="Passed" testListId="8c84fa94-04c1-424b-9868-57a2d4851a1d" relativeResultsDirectory="e0dfbb44-e303-4161-9a82-109ca49262fc" /><UnitTestResult executionId="56041f76-71c6-409d-bd21-1b070d6846fb" testId="16f55bb3-4e1b-44d6-9aee-36f2649c06e0" testName="GetSingle_ValidIdPropertyValueReturnsCorrectModel" computerName="VECTOR" duration="00:00:00.0150000" startTime="2018-08-22T05:15:45.2429574-04:00" endTime="2018-08-22T05:15:45.2429635-04:00" testType="13cdc9d9-ddb5-4fa4-a97d-d965ccfc6d4b" outcome="Passed" testListId="8c84fa94-04c1-424b-9868-57a2d4851a1d" relativeResultsDirectory="56041f76-71c6-409d-bd21-1b070d6846fb" /><UnitTestResult executionId="ac536a41-f407-43fb-8842-34947fe36608" testId="e57b3d7e-c73d-4993-8d1c-1392eb41082f" testName="GetFile_NonExistentFileReturnsNotFound" computerName="VECTOR" duration="00:00:00.0290000" startTime="2018-08-22T05:15:34.4736942-04:00" endTime="2018-08-22T05:15:34.4737004-04:00" testType="13cdc9d9-ddb5-4fa4-a97d-d965ccfc6d4b" outcome="Passed" testListId="8c84fa94-04c1-424b-9868-57a2d4851a1d" relativeResultsDirectory="ac536a41-f407-43fb-8842-34947fe36608" /><UnitTestResult executionId="43942532-68be-4a22-a7ef-67daf0c3e989" testId="c9a77403-536f-47b7-917d-1d8d1b301697" testName="PutFile_NewFileCanBePut" computerName="VECTOR" duration="00:00:00.0760000" startTime="2018-08-22T05:15:45.0049266-04:00" endTime="2018-08-22T05:15:45.0049315-04:00" testType="13cdc9d9-ddb5-4fa4-a97d-d965ccfc6d4b" outcome="Passed" testListId="8c84fa94-04c1-424b-9868-57a2d4851a1d" relativeResultsDirectory="43942532-68be-4a22-a7ef-67daf0c3e989" /><UnitTestResult executionId="463ef557-ae11-4282-aaa4-a5058b923ea7" testId="5ea19c74-4cec-40b5-b787-6dc38eba7f1a" testName="Patch_InvalidIdPropertyReturnsNotFound" computerName="VECTOR" duration="00:00:00.0160000" startTime="2018-08-22T05:15:42.6073925-04:00" endTime="2018-08-22T05:15:42.6073985-04:00" testType="13cdc9d9-ddb5-4fa4-a97d-d965ccfc6d4b" outcome="Passed" testListId="8c84fa94-04c1-424b-9868-57a2d4851a1d" relativeResultsDirectory="463ef557-ae11-4282-aaa4-a5058b923ea7" /><UnitTestResult executionId="2c0488ab-7d8c-4096-bcda-b4a7136a9a2b" testId="20c68957-1fca-4a43-a536-c2398906f403" testName="GetFile_ExistingFileReturnsSuccess" computerName="VECTOR" duration="00:00:00.2430000" startTime="2018-08-22T05:15:30.4769533-04:00" endTime="2018-08-22T05:15:30.4769605-04:00" testType="13cdc9d9-ddb5-4fa4-a97d-d965ccfc6d4b" outcome="Passed" testListId="8c84fa94-04c1-424b-9868-57a2d4851a1d" relativeResultsDirectory="2c0488ab-7d8c-4096-bcda-b4a7136a9a2b" /><UnitTestResult executionId="791790dd-7991-4db0-b855-be3d2ab6fa00" testId="0a27cee7-b79c-4393-b55b-a5fea45ad99f" testName="Patch_InvalidPropertyNameReturnsBadRequest" computerName="VECTOR" duration="00:00:00.0140000" startTime="2018-08-22T05:15:45.5311224-04:00" endTime="2018-08-22T05:15:45.5311279-04:00" testType="13cdc9d9-ddb5-4fa4-a97d-d965ccfc6d4b" outcome="Passed" testListId="8c84fa94-04c1-424b-9868-57a2d4851a1d" relativeResultsDirectory="791790dd-7991-4db0-b855-be3d2ab6fa00" /><UnitTestResult executionId="a441581d-ba04-4cc1-87ea-41e1b758ab7b" testId="bf3d5fae-cf04-4376-bbf2-b523b0853611" testName="Patch_InvalidReferencePropertyReturnsBadRequest" computerName="VECTOR" duration="00:00:00.0330000" startTime="2018-08-22T05:15:34.1486498-04:00" endTime="2018-08-22T05:15:34.1486560-04:00" testType="13cdc9d9-ddb5-4fa4-a97d-d965ccfc6d4b" outcome="Passed" testListId="8c84fa94-04c1-424b-9868-57a2d4851a1d" relativeResultsDirectory="a441581d-ba04-4cc1-87ea-41e1b758ab7b" /><UnitTestResult executionId="760830db-2c03-459e-82a6-05654c5aef24" testId="d04102c3-b11e-47ca-8f5b-d0329e4a5746" testName="Patch_ValidReferencePropertyUpdatesModel" computerName="VECTOR" duration="00:00:00.5810000" startTime="2018-08-22T05:15:28.2586574-04:00" endTime="2018-08-22T05:15:28.2586647-04:00" testType="13cdc9d9-ddb5-4fa4-a97d-d965ccfc6d4b" outcome="Passed" testListId="8c84fa94-04c1-424b-9868-57a2d4851a1d" relativeResultsDirectory="760830db-2c03-459e-82a6-05654c5aef24" /><UnitTestResult executionId="a57c3b89-7c4d-454c-b57d-ecf04403b5f5" testId="b055a06f-cd27-47d4-8d42-8571ec2c94a6" testName="Put_CanUpdateModel" computerName="VECTOR" duration="00:00:00.0500000" startTime="2018-08-22T05:15:43.1548898-04:00" endTime="2018-08-22T05:15:43.1548961-04:00" testType="13cdc9d9-ddb5-4fa4-a97d-d965ccfc6d4b" outcome="Passed" testListId="8c84fa94-04c1-424b-9868-57a2d4851a1d" relativeResultsDirectory="a57c3b89-7c4d-454c-b57d-ecf04403b5f5" /><UnitTestResult executionId="db5f366d-3e12-4145-952e-86860e5b8f3d" testId="07befe25-3743-4315-8a17-39a2a1e07519" testName="Put_InvalidIdReturnsNotFound" computerName="VECTOR" duration="00:00:00.0650000" startTime="2018-08-22T05:15:28.7661364-04:00" endTime="2018-08-22T05:15:28.7661433-04:00" testType="13cdc9d9-ddb5-4fa4-a97d-d965ccfc6d4b" outcome="Passed" testListId="8c84fa94-04c1-424b-9868-57a2d4851a1d" relativeResultsDirectory="db5f366d-3e12-4145-952e-86860e5b8f3d" /><UnitTestResult executionId="2b6219a6-27d8-4e31-add6-941d64e94bdb" testId="3d6c089b-471e-482c-8ac1-a452c94f1954" testName="Delete_TargetModelIsDeleted" computerName="VECTOR" duration="00:00:00.0390000" startTime="2018-08-22T05:15:34.3538630-04:00" endTime="2018-08-22T05:15:34.3538693-04:00" testType="13cdc9d9-ddb5-4fa4-a97d-d965ccfc6d4b" outcome="Passed" testListId="8c84fa94-04c1-424b-9868-57a2d4851a1d" relativeResultsDirectory="2b6219a6-27d8-4e31-add6-941d64e94bdb" /><UnitTestResult executionId="234363f3-4394-48b9-9e5e-c8f732c9af2e" testId="1d6b3b0c-4a92-476b-a3c7-df6c820eb93d" testName="Patch_InvalidEnumPropertyValueReturnsBadRequest" computerName="VECTOR" duration="00:00:00.0290000" startTime="2018-08-22T05:15:42.4736004-04:00" endTime="2018-08-22T05:15:42.4736062-04:00" testType="13cdc9d9-ddb5-4fa4-a97d-d965ccfc6d4b" outcome="Passed" testListId="8c84fa94-04c1-424b-9868-57a2d4851a1d" relativeResultsDirectory="234363f3-4394-48b9-9e5e-c8f732c9af2e" /><UnitTestResult executionId="2e8c307d-706f-4417-b8a3-73ad12d0b7b3" testId="791c4dc8-ec6f-4f44-8e07-973e502957cc" testName="Patch_MultipleInvalidReferencePropertiesReturnsMultipleValidationErrorsAndBadRequest" computerName="VECTOR" duration="00:00:00.0380000" startTime="2018-08-22T05:15:34.2787607-04:00" endTime="2018-08-22T05:15:34.2787670-04:00" testType="13cdc9d9-ddb5-4fa4-a97d-d965ccfc6d4b" outcome="Passed" testListId="8c84fa94-04c1-424b-9868-57a2d4851a1d" relativeResultsDirectory="2e8c307d-706f-4417-b8a3-73ad12d0b7b3" /><UnitTestResult executionId="5abfc27a-9010-4da0-821d-d0fc110308fe" testId="51fca274-fd44-4f76-9af7-3e77f5fb390c" testName="Patch_MultipleInvalidReferencePropertiesReturnsMultipleValidationErrorsAndBadRequest" computerName="VECTOR" duration="00:00:00.0120000" startTime="2018-08-22T05:15:28.8840122-04:00" endTime="2018-08-22T05:15:28.8840200-04:00" testType="13cdc9d9-ddb5-4fa4-a97d-d965ccfc6d4b" outcome="Passed" testListId="8c84fa94-04c1-424b-9868-57a2d4851a1d" relativeResultsDirectory="5abfc27a-9010-4da0-821d-d0fc110308fe" /><UnitTestResult executionId="2657edff-5256-42f5-8cd5-769539be8194" testId="386760d1-ea81-43d9-a943-3e4c4aadb40e" testName="Patch_InvalidIdPropertyReturnsNotFound" computerName="VECTOR" duration="00:00:00.0160000" startTime="2018-08-22T05:15:28.9150436-04:00" endTime="2018-08-22T05:15:28.9150500-04:00" testType="13cdc9d9-ddb5-4fa4-a97d-d965ccfc6d4b" outcome="Passed" testListId="8c84fa94-04c1-424b-9868-57a2d4851a1d" relativeResultsDirectory="2657edff-5256-42f5-8cd5-769539be8194" /><UnitTestResult executionId="92d69cbe-bd46-46b8-87cf-99afea7eb785" testId="8f88eb1c-aed9-4d61-8619-461d12cef74d" testName="Patch_InvalidIdPropertyReturnsNotFound" computerName="VECTOR" duration="00:00:00.0140000" startTime="2018-08-22T05:15:45.5163216-04:00" endTime="2018-08-22T05:15:45.5163348-04:00" testType="13cdc9d9-ddb5-4fa4-a97d-d965ccfc6d4b" outcome="Passed" testListId="8c84fa94-04c1-424b-9868-57a2d4851a1d" relativeResultsDirectory="92d69cbe-bd46-46b8-87cf-99afea7eb785" /><UnitTestResult executionId="300140be-1fd1-444b-838e-e4dd17940b39" testId="ce6dce40-3d1e-40b2-9971-4f9af2718d2f" testName="Delete_TargetModelIsDeleted" computerName="VECTOR" duration="00:00:00.0270000" startTime="2018-08-22T05:15:29.9432802-04:00" endTime="2018-08-22T05:15:29.9432865-04:00" testType="13cdc9d9-ddb5-4fa4-a97d-d965ccfc6d4b" outcome="Passed" testListId="8c84fa94-04c1-424b-9868-57a2d4851a1d" relativeResultsDirectory="300140be-1fd1-444b-838e-e4dd17940b39" /><UnitTestResult executionId="7101ef81-aedb-4071-86b7-20a433b97fb0" testId="7672d94d-86c7-4b30-b9f7-be798541783f" testName="Patch_InvalidPropertyNameReturnsBadRequest" computerName="VECTOR" duration="00:00:00.0180000" startTime="2018-08-22T05:15:29.6278293-04:00" endTime="2018-08-22T05:15:29.6278359-04:00" testType="13cdc9d9-ddb5-4fa4-a97d-d965ccfc6d4b" outcome="Passed" testListId="8c84fa94-04c1-424b-9868-57a2d4851a1d" relativeResultsDirectory="7101ef81-aedb-4071-86b7-20a433b97fb0" /><UnitTestResult executionId="3ab5049d-b587-4fab-b850-b1c3db902215" testId="19839de6-238e-43c5-a7b7-1097eae78dcb" testName="Post_InvalidPropertyValueReturnsBadRequest" computerName="VECTOR" duration="00:00:00.0120000" startTime="2018-08-22T05:15:29.6406510-04:00" endTime="2018-08-22T05:15:29.6406573-04:00" testType="13cdc9d9-ddb5-4fa4-a97d-d965ccfc6d4b" outcome="Passed" testListId="8c84fa94-04c1-424b-9868-57a2d4851a1d" relativeResultsDirectory="3ab5049d-b587-4fab-b850-b1c3db902215" /><UnitTestResult executionId="696d0855-092a-4e81-b3ce-f1d229e758fe" testId="474defb8-31a7-431f-a335-ebc1b9c42168" testName="Put_ValidReferencePropertyUpdatesModel" computerName="VECTOR" duration="00:00:00.0970000" startTime="2018-08-22T05:15:31.3893813-04:00" endTime="2018-08-22T05:15:31.3893875-04:00" testType="13cdc9d9-ddb5-4fa4-a97d-d965ccfc6d4b" outcome="Passed" testListId="8c84fa94-04c1-424b-9868-57a2d4851a1d" relativeResultsDirectory="696d0855-092a-4e81-b3ce-f1d229e758fe" /><UnitTestResult executionId="58aa8469-b4b5-489d-a8a9-aa9f01b6718a" testId="140885b1-571e-4d92-b677-96e4ab47b8b0" testName="Patch_InvalidEnumPropertyValueReturnsBadRequest" computerName="VECTOR" duration="00:00:00.0090000" startTime="2018-08-22T05:15:31.4723635-04:00" endTime="2018-08-22T05:15:31.4723684-04:00" testType="13cdc9d9-ddb5-4fa4-a97d-d965ccfc6d4b" outcome="Passed" testListId="8c84fa94-04c1-424b-9868-57a2d4851a1d" relativeResultsDirectory="58aa8469-b4b5-489d-a8a9-aa9f01b6718a" /><UnitTestResult executionId="e9d3ce63-a6d2-4ab5-ba63-24b901e132ed" testId="8e01661f-4aa0-43ea-aaa4-4bef9b7ee933" testName="Delete_TargetModelIsDeleted" computerName="VECTOR" duration="00:00:00.2060000" startTime="2018-08-22T05:15:28.5835466-04:00" endTime="2018-08-22T05:15:28.5835526-04:00" testType="13cdc9d9-ddb5-4fa4-a97d-d965ccfc6d4b" outcome="Passed" testListId="8c84fa94-04c1-424b-9868-57a2d4851a1d" relativeResultsDirectory="e9d3ce63-a6d2-4ab5-ba63-24b901e132ed" /><UnitTestResult executionId="0d94241b-0e7b-43c6-aa02-74a0443d5193" testId="c0c4e238-9670-4168-930f-f679b8ad2035" testName="Patch_TargetPropertyIsUpdated" computerName="VECTOR" duration="00:00:00.0550000" startTime="2018-08-22T05:15:42.6950507-04:00" endTime="2018-08-22T05:15:42.6950576-04:00" testType="13cdc9d9-ddb5-4fa4-a97d-d965ccfc6d4b" outcome="Passed" testListId="8c84fa94-04c1-424b-9868-57a2d4851a1d" relativeResultsDirectory="0d94241b-0e7b-43c6-aa02-74a0443d5193" /><UnitTestResult executionId="2dcd40a0-1ebe-42b2-8a17-f9fe30fa3cfc" testId="a34455ec-d655-40a9-be59-caedc6efc4a5" testName="Put_InvalidReferencePropertyReturndBadRequest" computerName="VECTOR" duration="00:00:00.0300000" startTime="2018-08-22T05:15:29.9739334-04:00" endTime="2018-08-22T05:15:29.9739396-04:00" testType="13cdc9d9-ddb5-4fa4-a97d-d965ccfc6d4b" outcome="Passed" testListId="8c84fa94-04c1-424b-9868-57a2d4851a1d" relativeResultsDirectory="2dcd40a0-1ebe-42b2-8a17-f9fe30fa3cfc" /><UnitTestResult executionId="f07b360e-fa60-4580-bda0-64ddb309516d" testId="c09ebee0-8f38-4c13-b416-810c63fd76f0" testName="CameraHasExpectedDependentFiles" computerName="VECTOR" duration="00:00:00.0010000" startTime="2018-08-22T05:15:27.6668554-04:00" endTime="2018-08-22T05:15:27.6668572-04:00" testType="13cdc9d9-ddb5-4fa4-a97d-d965ccfc6d4b" outcome="Passed" testListId="8c84fa94-04c1-424b-9868-57a2d4851a1d" relativeResultsDirectory="f07b360e-fa60-4580-bda0-64ddb309516d" /><UnitTestResult executionId="3e93c59c-dfc3-4d99-9ead-63fe77cfc935" testId="912115c1-d80c-429a-9058-9f4a5540fe9c" testName="Patch_TargetPropertyIsUpdated" computerName="VECTOR" duration="00:00:00.0720000" startTime="2018-08-22T05:15:28.6556873-04:00" endTime="2018-08-22T05:15:28.6556937-04:00" testType="13cdc9d9-ddb5-4fa4-a97d-d965ccfc6d4b" outcome="Passed" testListId="8c84fa94-04c1-424b-9868-57a2d4851a1d" relativeResultsDirectory="3e93c59c-dfc3-4d99-9ead-63fe77cfc935" /><UnitTestResult executionId="112cfed8-b1d2-454d-b0f5-faa7bd3e599b" testId="4dd8617d-9993-4107-adc4-003938e507c8" testName="Patch_TargetPropertyIsUpdated" computerName="VECTOR" duration="00:00:00.1920000" startTime="2018-08-22T05:15:29.4483484-04:00" endTime="2018-08-22T05:15:29.4483546-04:00" testType="13cdc9d9-ddb5-4fa4-a97d-d965ccfc6d4b" outcome="Passed" testListId="8c84fa94-04c1-424b-9868-57a2d4851a1d" relativeResultsDirectory="112cfed8-b1d2-454d-b0f5-faa7bd3e599b" /><UnitTestResult executionId="174c4195-c5e5-4127-a5bc-6bdd5edf0a24" testId="c8901624-a99c-4a08-ae04-e9d87064e579" testName="Patch_TargetPropertyIsUpdated" computerName="VECTOR" duration="00:00:00.0550000" startTime="2018-08-22T05:15:31.5852624-04:00" endTime="2018-08-22T05:15:31.5852685-04:00" testType="13cdc9d9-ddb5-4fa4-a97d-d965ccfc6d4b" outcome="Passed" testListId="8c84fa94-04c1-424b-9868-57a2d4851a1d" relativeResultsDirectory="174c4195-c5e5-4127-a5bc-6bdd5edf0a24" /><UnitTestResult executionId="7afc5df5-f2c4-4993-b670-081fb55a20a6" testId="8c502fbb-1912-4fff-a4e5-fd92a1826e3c" testName="PostFile_FileIsSynchronizedIsUpdatedAfterFileIsPosted" computerName="VECTOR" duration="00:00:00.1390000" startTime="2018-08-22T05:15:42.3029593-04:00" endTime="2018-08-22T05:15:42.3029634-04:00" testType="13cdc9d9-ddb5-4fa4-a97d-d965ccfc6d4b" outcome="Passed" testListId="8c84fa94-04c1-424b-9868-57a2d4851a1d" relativeResultsDirectory="7afc5df5-f2c4-4993-b670-081fb55a20a6" /><UnitTestResult executionId="abf6b645-8bce-4934-928f-b13469ba6f8d" testId="0e619a04-7719-4fde-b3b0-3b1bcfb5adde" testName="Put_InvalidReferencePropertyReturndBadRequest" computerName="VECTOR" duration="00:00:00.0220000" startTime="2018-08-22T05:15:45.4494064-04:00" endTime="2018-08-22T05:15:45.4494125-04:00" testType="13cdc9d9-ddb5-4fa4-a97d-d965ccfc6d4b" outcome="Passed" testListId="8c84fa94-04c1-424b-9868-57a2d4851a1d" relativeResultsDirectory="abf6b645-8bce-4934-928f-b13469ba6f8d" /><UnitTestResult executionId="cc5f235b-650f-4bee-bf77-fb9e0d5967de" testId="efd47905-14ac-4bf7-9cd2-ca5ab3ed0fea" testName="Post_InvalidReferencePropertyReturnsBadRequest" computerName="VECTOR" duration="00:00:00.0090000" startTime="2018-08-22T05:15:28.3772547-04:00" endTime="2018-08-22T05:15:28.3772581-04:00" testType="13cdc9d9-ddb5-4fa4-a97d-d965ccfc6d4b" outcome="Passed" testListId="8c84fa94-04c1-424b-9868-57a2d4851a1d" relativeResultsDirectory="cc5f235b-650f-4bee-bf77-fb9e0d5967de" /><UnitTestResult executionId="ce161d55-7f47-46d3-8e83-9f825f086a25" testId="39411eee-b75f-45f1-b3a1-58625b36bfd2" testName="GetSingle_ValidIdPropertyValueReturnsCorrectModel" computerName="VECTOR" duration="00:00:00.0250000" startTime="2018-08-22T05:15:34.3797259-04:00" endTime="2018-08-22T05:15:34.3797315-04:00" testType="13cdc9d9-ddb5-4fa4-a97d-d965ccfc6d4b" outcome="Passed" testListId="8c84fa94-04c1-424b-9868-57a2d4851a1d" relativeResultsDirectory="ce161d55-7f47-46d3-8e83-9f825f086a25" /><UnitTestResult executionId="fbb6c7d1-d690-4baa-aa9f-e72b2970cd2c" testId="d878929a-e5d5-4d1d-869e-c6f753a54711" testName="Put_InvalidReferencePropertyReturndBadRequest" computerName="VECTOR" duration="00:00:00.0180000" startTime="2018-08-22T05:15:31.4465153-04:00" endTime="2018-08-22T05:15:31.4465213-04:00" testType="13cdc9d9-ddb5-4fa4-a97d-d965ccfc6d4b" outcome="Passed" testListId="8c84fa94-04c1-424b-9868-57a2d4851a1d" relativeResultsDirectory="fbb6c7d1-d690-4baa-aa9f-e72b2970cd2c" /><UnitTestResult executionId="c0e3be9b-b9ec-4da4-a552-1eef1ddd787a" testId="4fb45d2f-9d4b-44b7-858a-bde226f35702" testName="Patch_InvalidReferencePropertyReturnsBadRequest" computerName="VECTOR" duration="00:00:00.0080000" startTime="2018-08-22T05:15:28.6732881-04:00" endTime="2018-08-22T05:15:28.6732922-04:00" testType="13cdc9d9-ddb5-4fa4-a97d-d965ccfc6d4b" outcome="Passed" testListId="8c84fa94-04c1-424b-9868-57a2d4851a1d" relativeResultsDirectory="c0e3be9b-b9ec-4da4-a552-1eef1ddd787a" /><UnitTestResult executionId="63ac7f6e-c632-4433-be6c-bdda113f0d94" testId="72a53a27-00e3-44dc-998d-5edc0cd86fba" testName="FileRequest_FileCanBeReadAfterRename" computerName="VECTOR" duration="00:00:00.1060000" startTime="2018-08-22T05:15:44.5833050-04:00" endTime="2018-08-22T05:15:44.5833108-04:00" testType="13cdc9d9-ddb5-4fa4-a97d-d965ccfc6d4b" outcome="Passed" testListId="8c84fa94-04c1-424b-9868-57a2d4851a1d" relativeResultsDirectory="63ac7f6e-c632-4433-be6c-bdda113f0d94" /><UnitTestResult executionId="ee675b49-d601-4581-a47d-c5f8e604cfb6" testId="c5d36bcd-776f-46ff-ac22-2e416a11b31f" testName="Patch_ValidReferencePropertyUpdatesModel" computerName="VECTOR" duration="00:00:00.0590000" startTime="2018-08-22T05:15:45.6021555-04:00" endTime="2018-08-22T05:15:45.6021620-04:00" testType="13cdc9d9-ddb5-4fa4-a97d-d965ccfc6d4b" outcome="Passed" testListId="8c84fa94-04c1-424b-9868-57a2d4851a1d" relativeResultsDirectory="ee675b49-d601-4581-a47d-c5f8e604cfb6" /><UnitTestResult executionId="22c01a83-ff02-48ec-b3bb-27394fde97ab" testId="ba2d0ae3-a92a-4518-b182-7a6ff083c4e5" testName="FileRequest_MeshIsInvalidatedAfterDepthBufferFileBecomesUnsynchronized" computerName="VECTOR" duration="00:00:02.0550000" startTime="2018-08-22T05:15:36.6778088-04:00" endTime="2018-08-22T05:15:36.6778149-04:00" testType="13cdc9d9-ddb5-4fa4-a97d-d965ccfc6d4b" outcome="Passed" testListId="8c84fa94-04c1-424b-9868-57a2d4851a1d" relativeResultsDirectory="22c01a83-ff02-48ec-b3bb-27394fde97ab" /><UnitTestResult executionId="42b35fd7-9d1c-4c43-a6d3-e37828c28519" testId="3dfd9bd4-4c05-4153-9d44-df280fc1f272" testName="GetSingle_InvalidIdPropertyValueReturnsNotFound" computerName="VECTOR" duration="00:00:00.0130000" startTime="2018-08-22T05:15:45.3543994-04:00" endTime="2018-08-22T05:15:45.3544061-04:00" testType="13cdc9d9-ddb5-4fa4-a97d-d965ccfc6d4b" outcome="Passed" testListId="8c84fa94-04c1-424b-9868-57a2d4851a1d" relativeResultsDirectory="42b35fd7-9d1c-4c43-a6d3-e37828c28519" /><UnitTestResult executionId="b360dbfb-274f-49c9-9b64-b3964a4d503f" testId="4561c7a7-d0b3-4d8a-bf7f-9bbe9ead5678" testName="Put_InvalidIdReturnsNotFound" computerName="VECTOR" duration="00:00:00.0240000" startTime="2018-08-22T05:15:42.9858992-04:00" endTime="2018-08-22T05:15:42.9859049-04:00" testType="13cdc9d9-ddb5-4fa4-a97d-d965ccfc6d4b" outcome="Passed" testListId="8c84fa94-04c1-424b-9868-57a2d4851a1d" relativeResultsDirectory="b360dbfb-274f-49c9-9b64-b3964a4d503f" /><UnitTestResult executionId="c14a9279-cdaf-4ef8-97c0-923003bed061" testId="72a07451-e80e-4c22-ac66-a9cfe7f1f832" testName="Post_InvalidPropertyValueReturnsBadRequest" computerName="VECTOR" duration="00:00:00.0110000" startTime="2018-08-22T05:15:45.5430643-04:00" endTime="2018-08-22T05:15:45.5430695-04:00" testType="13cdc9d9-ddb5-4fa4-a97d-d965ccfc6d4b" outcome="Passed" testListId="8c84fa94-04c1-424b-9868-57a2d4851a1d" relativeResultsDirectory="c14a9279-cdaf-4ef8-97c0-923003bed061" /><UnitTestResult executionId="6b2c7d1c-57a4-4fd4-ae17-94cd6f6067e8" testId="80d6f370-402d-4769-82e3-4255834da719" testName="Post_CanCreateNewModel" computerName="VECTOR" duration="00:00:00.0350000" startTime="2018-08-22T05:15:34.1155287-04:00" endTime="2018-08-22T05:15:34.1155363-04:00" testType="13cdc9d9-ddb5-4fa4-a97d-d965ccfc6d4b" outcome="Passed" testListId="8c84fa94-04c1-424b-9868-57a2d4851a1d" relativeResultsDirectory="6b2c7d1c-57a4-4fd4-ae17-94cd6f6067e8" /><UnitTestResult executionId="79fd23f6-80bb-421e-b619-10a70a52b0cd" testId="cf0c74f1-5652-4ef3-bd6e-8fdcc5b5eae4" testName="GetFile_ExistingFileReturnsSuccess" computerName="VECTOR" duration="00:00:00.0340000" startTime="2018-08-22T05:15:43.1898026-04:00" endTime="2018-08-22T05:15:43.1898097-04:00" testType="13cdc9d9-ddb5-4fa4-a97d-d965ccfc6d4b" outcome="Passed" testListId="8c84fa94-04c1-424b-9868-57a2d4851a1d" relativeResultsDirectory="79fd23f6-80bb-421e-b619-10a70a52b0cd" /><UnitTestResult executionId="5802dbec-044e-4625-ab74-3bb784b092d0" testId="ab9542a2-c49e-40bb-9d8c-bf7a22ca63f7" testName="Post_InvalidPropertyValueReturnsBadRequest" computerName="VECTOR" duration="00:00:00.0150000" startTime="2018-08-22T05:15:31.4048156-04:00" endTime="2018-08-22T05:15:31.4048220-04:00" testType="13cdc9d9-ddb5-4fa4-a97d-d965ccfc6d4b" outcome="Passed" testListId="8c84fa94-04c1-424b-9868-57a2d4851a1d" relativeResultsDirectory="5802dbec-044e-4625-ab74-3bb784b092d0" /><UnitTestResult executionId="60a3c3eb-5435-42ed-9ef8-6aa6ba44e0ee" testId="52228ec7-7484-4c36-9d2a-a3dfc55c2420" testName="Patch_InvalidPropertyNameReturnsBadRequest" computerName="VECTOR" duration="00:00:00.0980000" startTime="2018-08-22T05:15:28.3567409-04:00" endTime="2018-08-22T05:15:28.3567476-04:00" testType="13cdc9d9-ddb5-4fa4-a97d-d965ccfc6d4b" outcome="Passed" testListId="8c84fa94-04c1-424b-9868-57a2d4851a1d" relativeResultsDirectory="60a3c3eb-5435-42ed-9ef8-6aa6ba44e0ee" /><UnitTestResult executionId="d09c03cc-6df5-4165-a5ad-e685d16f3b94" testId="d2428617-4c6f-4b34-8e46-7033eebecccc" testName="Post_CanCreateNewModel" computerName="VECTOR" duration="00:00:00.0230000" startTime="2018-08-22T05:15:29.8881106-04:00" endTime="2018-08-22T05:15:29.8881167-04:00" testType="13cdc9d9-ddb5-4fa4-a97d-d965ccfc6d4b" outcome="Passed" testListId="8c84fa94-04c1-424b-9868-57a2d4851a1d" relativeResultsDirectory="d09c03cc-6df5-4165-a5ad-e685d16f3b94" /><UnitTestResult executionId="c816aab2-b051-4e23-a992-385586fbe392" testId="8f18f80c-381a-47ab-8c0d-616399db4b08" testName="GetSingle_InvalidIdPropertyValueReturnsNotFound" computerName="VECTOR" duration="00:00:00.0180000" startTime="2018-08-22T05:15:43.0751617-04:00" endTime="2018-08-22T05:15:43.0751678-04:00" testType="13cdc9d9-ddb5-4fa4-a97d-d965ccfc6d4b" outcome="Passed" testListId="8c84fa94-04c1-424b-9868-57a2d4851a1d" relativeResultsDirectory="c816aab2-b051-4e23-a992-385586fbe392" /><UnitTestResult executionId="1d3de064-f579-4505-804b-6beee2508528" testId="b7578f85-8b6c-4fdb-b469-02d4ab2b19c5" testName="Delete_TargetModelIsDeleted" computerName="VECTOR" duration="00:00:00.0260000" startTime="2018-08-22T05:15:45.3148084-04:00" endTime="2018-08-22T05:15:45.3148146-04:00" testType="13cdc9d9-ddb5-4fa4-a97d-d965ccfc6d4b" outcome="Passed" testListId="8c84fa94-04c1-424b-9868-57a2d4851a1d" relativeResultsDirectory="1d3de064-f579-4505-804b-6beee2508528" /><UnitTestResult executionId="76c58ce4-a075-4d96-a5d2-0b3ce5abb7d7" testId="7b6add24-f31b-440f-9e01-8691f01fb49e" testName="Post_ValidReferencePropertyCreatesModel" computerName="VECTOR" duration="00:00:00.0230000" startTime="2018-08-22T05:15:45.4728754-04:00" endTime="2018-08-22T05:15:45.4728819-04:00" testType="13cdc9d9-ddb5-4fa4-a97d-d965ccfc6d4b" outcome="Passed" testListId="8c84fa94-04c1-424b-9868-57a2d4851a1d" relativeResultsDirectory="76c58ce4-a075-4d96-a5d2-0b3ce5abb7d7" /><UnitTestResult executionId="c0bf143a-5629-423d-9aa2-1d17afcf88a1" testId="17a51b5b-cfcf-403c-b90d-a4ee5bc06eee" testName="GetSingle_InvalidIdPropertyValueReturnsNotFound" computerName="VECTOR" duration="00:00:00.0130000" startTime="2018-08-22T05:15:31.6525545-04:00" endTime="2018-08-22T05:15:31.6525605-04:00" testType="13cdc9d9-ddb5-4fa4-a97d-d965ccfc6d4b" outcome="Passed" testListId="8c84fa94-04c1-424b-9868-57a2d4851a1d" relativeResultsDirectory="c0bf143a-5629-423d-9aa2-1d17afcf88a1" /><UnitTestResult executionId="f55d8604-cac4-4f81-b283-84ba7c40f113" testId="9e1661f1-accb-4fdc-b2c1-aa9ced6c256b" testName="Put_CanUpdateModel" computerName="VECTOR" duration="00:00:00.0540000" startTime="2018-08-22T05:15:31.6395713-04:00" endTime="2018-08-22T05:15:31.6395770-04:00" testType="13cdc9d9-ddb5-4fa4-a97d-d965ccfc6d4b" outcome="Passed" testListId="8c84fa94-04c1-424b-9868-57a2d4851a1d" relativeResultsDirectory="f55d8604-cac4-4f81-b283-84ba7c40f113" /><UnitTestResult executionId="c057637a-8c67-4dcb-971e-582b56708078" testId="af71e16b-369b-4619-82ea-dcc9e98e7d13" testName="Post_InvalidPropertyValueReturnsBadRequest" computerName="VECTOR" duration="00:00:00.0140000" startTime="2018-08-22T05:15:43.0006148-04:00" endTime="2018-08-22T05:15:43.0006205-04:00" testType="13cdc9d9-ddb5-4fa4-a97d-d965ccfc6d4b" outcome="Passed" testListId="8c84fa94-04c1-424b-9868-57a2d4851a1d" relativeResultsDirectory="c057637a-8c67-4dcb-971e-582b56708078" /><UnitTestResult executionId="de2db001-9561-4011-a776-d61859fe351d" testId="ccd6b933-3b8d-44c1-b68e-bc2b6a94d42b" testName="FileRequest_MeshGenerateSetsFileIsSynchronized" computerName="VECTOR" duration="00:00:03.9020000" startTime="2018-08-22T05:15:42.1631971-04:00" endTime="2018-08-22T05:15:42.1632034-04:00" testType="13cdc9d9-ddb5-4fa4-a97d-d965ccfc6d4b" outcome="Passed" testListId="8c84fa94-04c1-424b-9868-57a2d4851a1d" relativeResultsDirectory="de2db001-9561-4011-a776-d61859fe351d" /><UnitTestResult executionId="198c5de3-a68a-4fba-aaed-80bfc141a662" testId="e343af38-d4d6-44b4-a6b4-99cc96a3b12d" testName="GetSingle_InvalidIdPropertyValueReturnsNotFound" computerName="VECTOR" duration="00:00:00.0220000" startTime="2018-08-22T05:15:34.2182738-04:00" endTime="2018-08-22T05:15:34.2182794-04:00" testType="13cdc9d9-ddb5-4fa4-a97d-d965ccfc6d4b" outcome="Passed" testListId="8c84fa94-04c1-424b-9868-57a2d4851a1d" relativeResultsDirectory="198c5de3-a68a-4fba-aaed-80bfc141a662" /><UnitTestResult executionId="01f13a1e-3e27-4392-8b26-fa38ef0940d4" testId="2e4a249d-e309-4d07-8543-bee809592f0e" testName="Post_InvalidReferencePropertyReturnsBadRequest" computerName="VECTOR" duration="00:00:00.0200000" startTime="2018-08-22T05:15:42.9404198-04:00" endTime="2018-08-22T05:15:42.9404263-04:00" testType="13cdc9d9-ddb5-4fa4-a97d-d965ccfc6d4b" outcome="Passed" testListId="8c84fa94-04c1-424b-9868-57a2d4851a1d" relativeResultsDirectory="01f13a1e-3e27-4392-8b26-fa38ef0940d4" /><UnitTestResult executionId="de992454-3ee4-4c85-a3ed-d14ff030e7d6" testId="950b1997-54b7-4df7-9a7b-09a0d4066a45" testName="PostFile_FileTimeStampIsUpdatedAfterFileIsPosted" computerName="VECTOR" duration="00:00:01.1400000" startTime="2018-08-22T05:15:38.1545311-04:00" endTime="2018-08-22T05:15:38.1545363-04:00" testType="13cdc9d9-ddb5-4fa4-a97d-d965ccfc6d4b" outcome="Passed" testListId="8c84fa94-04c1-424b-9868-57a2d4851a1d" relativeResultsDirectory="de992454-3ee4-4c85-a3ed-d14ff030e7d6" /><UnitTestResult executionId="53fe2c68-05b4-4857-85e4-d929441755b0" testId="44ccded0-96e2-4f87-968a-b1c8de9b29c6" testName="Delete_TargetModelIsDeleted" computerName="VECTOR" duration="00:00:00.1180000" startTime="2018-08-22T05:15:31.1975056-04:00" endTime="2018-08-22T05:15:31.1975638-04:00" testType="13cdc9d9-ddb5-4fa4-a97d-d965ccfc6d4b" outcome="Passed" testListId="8c84fa94-04c1-424b-9868-57a2d4851a1d" relativeResultsDirectory="53fe2c68-05b4-4857-85e4-d929441755b0" /><UnitTestResult executionId="1a1c9d19-e981-45d4-b801-cd136f44a2bd" testId="d36edc77-abb5-4f50-a23e-7fd3368bb36d" testName="Put_InvalidIdReturnsNotFound" computerName="VECTOR" duration="00:00:00.0760000" startTime="2018-08-22T05:15:32.8050345-04:00" endTime="2018-08-22T05:15:32.8050410-04:00" testType="13cdc9d9-ddb5-4fa4-a97d-d965ccfc6d4b" outcome="Passed" testListId="8c84fa94-04c1-424b-9868-57a2d4851a1d" relativeResultsDirectory="1a1c9d19-e981-45d4-b801-cd136f44a2bd" /><UnitTestResult executionId="14ab9b4e-fb1c-430e-8241-f5cfc8ffdabd" testId="aae6c56f-e55c-460d-a249-3f52a7ad324b" testName="Put_CanUpdateModel" computerName="VECTOR" duration="00:00:00.0560000" startTime="2018-08-22T05:15:45.4271788-04:00" endTime="2018-08-22T05:15:45.4271849-04:00" testType="13cdc9d9-ddb5-4fa4-a97d-d965ccfc6d4b" outcome="Passed" testListId="8c84fa94-04c1-424b-9868-57a2d4851a1d" relativeResultsDirectory="14ab9b4e-fb1c-430e-8241-f5cfc8ffdabd" /><UnitTestResult executionId="38d6f670-58fb-42ae-b686-d33246c48784" testId="291a000c-7c67-4f7f-87a7-f6ff4a8eb7fa" testName="FileRequest_FileCanBeReadAfterRename" computerName="VECTOR" duration="00:00:00.1390000" startTime="2018-08-22T05:15:42.4429088-04:00" endTime="2018-08-22T05:15:42.4429149-04:00" testType="13cdc9d9-ddb5-4fa4-a97d-d965ccfc6d4b" outcome="Passed" testListId="8c84fa94-04c1-424b-9868-57a2d4851a1d" relativeResultsDirectory="38d6f670-58fb-42ae-b686-d33246c48784" /><UnitTestResult executionId="01798b02-8013-441b-ae74-e059ba04e6de" testId="5580ff39-8df8-4f73-95ca-f6e7ba09b081" testName="GetFile_NonExistentFileReturnsNotFound" computerName="VECTOR" duration="00:00:00.0220000" startTime="2018-08-22T05:15:30.8250817-04:00" endTime="2018-08-22T05:15:30.8250880-04:00" testType="13cdc9d9-ddb5-4fa4-a97d-d965ccfc6d4b" outcome="Passed" testListId="8c84fa94-04c1-424b-9868-57a2d4851a1d" relativeResultsDirectory="01798b02-8013-441b-ae74-e059ba04e6de" /><UnitTestResult executionId="57322126-17fb-4c60-aa14-76efe3bebe6e" testId="f490d062-d05b-418c-9457-0b192b92bb2b" testName="PutFile_FileCanBeUpdated" computerName="VECTOR" duration="00:00:00.1440000" startTime="2018-08-22T05:15:44.4763249-04:00" endTime="2018-08-22T05:15:44.4763307-04:00" testType="13cdc9d9-ddb5-4fa4-a97d-d965ccfc6d4b" outcome="Passed" testListId="8c84fa94-04c1-424b-9868-57a2d4851a1d" relativeResultsDirectory="57322126-17fb-4c60-aa14-76efe3bebe6e" /><UnitTestResult executionId="5e8c8c9d-37c8-454b-891e-b7718117dfbe" testId="e9afa38c-f25a-4b42-9ca5-f0074c8663e5" testName="Model3dHasExpectedDependentFiles" computerName="VECTOR" duration="00:00:00.0320000" startTime="2018-08-22T05:15:27.1156903-04:00" endTime="2018-08-22T05:15:27.1156971-04:00" testType="13cdc9d9-ddb5-4fa4-a97d-d965ccfc6d4b" outcome="Passed" testListId="8c84fa94-04c1-424b-9868-57a2d4851a1d" relativeResultsDirectory="5e8c8c9d-37c8-454b-891e-b7718117dfbe" /></Results><TestDefinitions><UnitTest name="GetFile_FileCanBeRoundTripped" storage="d:\modelrelief\modelrelief.test\bin\debug\netcoreapp2.0\modelrelief.test.dll" id="c9588fbf-6bfc-433a-aa7c-244d3533279b"><Execution id="0ca286bf-c91d-482b-935c-3edb4ebd0ac7" /><TestMethod codeBase="D:\ModelRelief\ModelRelief.test\bin\Debug\netcoreapp2.0\ModelRelief.Test.dll" adapterTypeName="executor://xunit/VsTestRunner2/netcoreapp" className="ModelRelief.Test.Integration.Meshes.MeshesFileIntegrationTests" name="GetFile_FileCanBeRoundTripped" /></UnitTest><UnitTest name="Patch_InvalidIdPropertyReturnsNotFound" storage="d:\modelrelief\modelrelief.test\bin\debug\netcoreapp2.0\modelrelief.test.dll" id="386760d1-ea81-43d9-a943-3e4c4aadb40e"><Execution id="2657edff-5256-42f5-8cd5-769539be8194" /><TestMethod codeBase="D:\ModelRelief\ModelRelief.test\bin\Debug\netcoreapp2.0\ModelRelief.Test.dll" adapterTypeName="executor://xunit/VsTestRunner2/netcoreapp" className="ModelRelief.Test.Integration.Projects.ProjectsBaseIntegrationTests" name="Patch_InvalidIdPropertyReturnsNotFound" /></UnitTest><UnitTest name="Post_ValidReferencePropertyCreatesModel" storage="d:\modelrelief\modelrelief.test\bin\debug\netcoreapp2.0\modelrelief.test.dll" id="8767b6b3-afb5-4515-aef1-2010d39d34e9"><Execution id="ad73edf3-72a7-45ce-853c-4ddb94de19fa" /><TestMethod codeBase="D:\ModelRelief\ModelRelief.test\bin\Debug\netcoreapp2.0\ModelRelief.Test.dll" adapterTypeName="executor://xunit/VsTestRunner2/netcoreapp" className="ModelRelief.Test.Integration.MeshTransforms.MeshTransformsBaseIntegrationTests" name="Post_ValidReferencePropertyCreatesModel" /></UnitTest><UnitTest name="GetFile_NonExistentFileReturnsNotFound" storage="d:\modelrelief\modelrelief.test\bin\debug\netcoreapp2.0\modelrelief.test.dll" id="9dcb0d18-d148-481f-b241-e1c53452b477"><Execution id="31c32e09-4078-4a5f-b4c1-ade75923f74e" /><TestMethod codeBase="D:\ModelRelief\ModelRelief.test\bin\Debug\netcoreapp2.0\ModelRelief.Test.dll" adapterTypeName="executor://xunit/VsTestRunner2/netcoreapp" className="ModelRelief.Test.Integration.DepthBuffers.DepthBuffersFileIntegrationTests" name="GetFile_NonExistentFileReturnsNotFound" /></UnitTest><UnitTest name="Put_InvalidReferencePropertyReturndBadRequest" storage="d:\modelrelief\modelrelief.test\bin\debug\netcoreapp2.0\modelrelief.test.dll" id="d878929a-e5d5-4d1d-869e-c6f753a54711"><Execution id="fbb6c7d1-d690-4baa-aa9f-e72b2970cd2c" /><TestMethod codeBase="D:\ModelRelief\ModelRelief.test\bin\Debug\netcoreapp2.0\ModelRelief.Test.dll" adapterTypeName="executor://xunit/VsTestRunner2/netcoreapp" className="ModelRelief.Test.Integration.MeshTransforms.MeshTransformsBaseIntegrationTests" name="Put_InvalidReferencePropertyReturndBadRequest" /></UnitTest><UnitTest name="PostFile_NewFileCanBePosted" storage="d:\modelrelief\modelrelief.test\bin\debug\netcoreapp2.0\modelrelief.test.dll" id="4038ef7e-4494-49bc-9a37-aa6f2a4216c3"><Execution id="8831784e-9e39-465f-bd96-2fe3e6b50bed" /><TestMethod codeBase="D:\ModelRelief\ModelRelief.test\bin\Debug\netcoreapp2.0\ModelRelief.Test.dll" adapterTypeName="executor://xunit/VsTestRunner2/netcoreapp" className="ModelRelief.Test.Integration.DepthBuffers.DepthBuffersFileIntegrationTests" name="PostFile_NewFileCanBePosted" /></UnitTest><UnitTest name="Put_CanUpdateModel" storage="d:\modelrelief\modelrelief.test\bin\debug\netcoreapp2.0\modelrelief.test.dll" id="305e9868-7c7e-4820-9c38-162561461065"><Execution id="d3f28f4c-744c-4ecd-a112-29f794df1afb" /><TestMethod codeBase="D:\ModelRelief\ModelRelief.test\bin\Debug\netcoreapp2.0\ModelRelief.Test.dll" adapterTypeName="executor://xunit/VsTestRunner2/netcoreapp" className="ModelRelief.Test.Integration.Models.ModelsBaseIntegrationTests" name="Put_CanUpdateModel" /></UnitTest><UnitTest name="Patch_ValidReferencePropertyUpdatesModel" storage="d:\modelrelief\modelrelief.test\bin\debug\netcoreapp2.0\modelrelief.test.dll" id="240ca6b8-0f7a-43d7-b920-e3783a71f55b"><Execution id="b6dfe96a-527a-4294-bfc8-57096cc708ed" /><TestMethod codeBase="D:\ModelRelief\ModelRelief.test\bin\Debug\netcoreapp2.0\ModelRelief.Test.dll" adapterTypeName="executor://xunit/VsTestRunner2/netcoreapp" className="ModelRelief.Test.Integration.DepthBuffers.DepthBuffersBaseIntegrationTests" name="Patch_ValidReferencePropertyUpdatesModel" /></UnitTest><UnitTest name="Patch_InvalidIdPropertyReturnsNotFound" storage="d:\modelrelief\modelrelief.test\bin\debug\netcoreapp2.0\modelrelief.test.dll" id="d8e517bb-f524-4c74-99d0-5c40fafe6614"><Execution id="2c58dc48-2567-43d1-8f4d-33324c130f17" /><TestMethod codeBase="D:\ModelRelief\ModelRelief.test\bin\Debug\netcoreapp2.0\ModelRelief.Test.dll" adapterTypeName="executor://xunit/VsTestRunner2/netcoreapp" className="ModelRelief.Test.Integration.Models.ModelsBaseIntegrationTests" name="Patch_InvalidIdPropertyReturnsNotFound" /></UnitTest><UnitTest name="Patch_InvalidIdPropertyReturnsNotFound" storage="d:\modelrelief\modelrelief.test\bin\debug\netcoreapp2.0\modelrelief.test.dll" id="5ea19c74-4cec-40b5-b787-6dc38eba7f1a"><Execution id="463ef557-ae11-4282-aaa4-a5058b923ea7" /><TestMethod codeBase="D:\ModelRelief\ModelRelief.test\bin\Debug\netcoreapp2.0\ModelRelief.Test.dll" adapterTypeName="executor://xunit/VsTestRunner2/netcoreapp" className="ModelRelief.Test.Integration.DepthBuffers.DepthBuffersBaseIntegrationTests" name="Patch_InvalidIdPropertyReturnsNotFound" /></UnitTest><UnitTest name="PostFile_FileTimeStampIsUpdatedAfterFileIsPosted" storage="d:\modelrelief\modelrelief.test\bin\debug\netcoreapp2.0\modelrelief.test.dll" id="2e4d6e2f-deb0-42e6-927b-bfdefc47602e"><Execution id="5088bb62-75ad-478d-b295-52232978de98" /><TestMethod codeBase="D:\ModelRelief\ModelRelief.test\bin\Debug\netcoreapp2.0\ModelRelief.Test.dll" adapterTypeName="executor://xunit/VsTestRunner2/netcoreapp" className="ModelRelief.Test.Integration.Models.ModelsFileIntegrationTests" name="PostFile_FileTimeStampIsUpdatedAfterFileIsPosted" /></UnitTest><UnitTest name="MeshTransformHasExpectedDependentFiles" storage="d:\modelrelief\modelrelief.test\bin\debug\netcoreapp2.0\modelrelief.test.dll" id="530f3605-fea3-4842-a14a-4cdc3f1bba26"><Execution id="9229c2d4-cd9e-48bb-a228-786f45ce8bde" /><TestMethod codeBase="D:\ModelRelief\ModelRelief.test\bin\Debug\netcoreapp2.0\ModelRelief.Test.dll" adapterTypeName="executor://xunit/VsTestRunner2/netcoreapp" className="ModelRelief.Test.Unit.DependencyManager.DependencyManagerTests" name="MeshTransformHasExpectedDependentFiles" /></UnitTest><UnitTest name="GetList_ListReturnsCorrectCount" storage="d:\modelrelief\modelrelief.test\bin\debug\netcoreapp2.0\modelrelief.test.dll" id="582ebf6c-2265-4b2d-819a-4cbdb939bd77"><Execution id="7c6d23ee-cc57-4f0f-ba6e-f4b7a6f5ddaf" /><TestMethod codeBase="D:\ModelRelief\ModelRelief.test\bin\Debug\netcoreapp2.0\ModelRelief.Test.dll" adapterTypeName="executor://xunit/VsTestRunner2/netcoreapp" className="ModelRelief.Test.Integration.Meshes.MeshesBaseIntegrationTests" name="GetList_ListReturnsCorrectCount" /></UnitTest><UnitTest name="FileRequest_MeshGenerateSetsFileIsSynchronized" storage="d:\modelrelief\modelrelief.test\bin\debug\netcoreapp2.0\modelrelief.test.dll" id="ccd6b933-3b8d-44c1-b68e-bc2b6a94d42b"><Execution id="de2db001-9561-4011-a776-d61859fe351d" /><TestMethod codeBase="D:\ModelRelief\ModelRelief.test\bin\Debug\netcoreapp2.0\ModelRelief.Test.dll" adapterTypeName="executor://xunit/VsTestRunner2/netcoreapp" className="ModelRelief.Test.Integration.Meshes.MeshesFileIntegrationTests" name="FileRequest_MeshGenerateSetsFileIsSynchronized" /></UnitTest><UnitTest name="GetSingle_InvalidIdPropertyValueReturnsNotFound" storage="d:\modelrelief\modelrelief.test\bin\debug\netcoreapp2.0\modelrelief.test.dll" id="17a51b5b-cfcf-403c-b90d-a4ee5bc06eee"><Execution id="c0bf143a-5629-423d-9aa2-1d17afcf88a1" /><TestMethod codeBase="D:\ModelRelief\ModelRelief.test\bin\Debug\netcoreapp2.0\ModelRelief.Test.dll" adapterTypeName="executor://xunit/VsTestRunner2/netcoreapp" className="ModelRelief.Test.Integration.MeshTransforms.MeshTransformsBaseIntegrationTests" name="GetSingle_InvalidIdPropertyValueReturnsNotFound" /></UnitTest><UnitTest name="Patch_InvalidPropertyNameReturnsBadRequest" storage="d:\modelrelief\modelrelief.test\bin\debug\netcoreapp2.0\modelrelief.test.dll" id="0a27cee7-b79c-4393-b55b-a5fea45ad99f"><Execution id="791790dd-7991-4db0-b855-be3d2ab6fa00" /><TestMethod codeBase="D:\ModelRelief\ModelRelief.test\bin\Debug\netcoreapp2.0\ModelRelief.Test.dll" adapterTypeName="executor://xunit/VsTestRunner2/netcoreapp" className="ModelRelief.Test.Integration.Cameras.CamerasBaseIntegrationTests" name="Patch_InvalidPropertyNameReturnsBadRequest" /></UnitTest><UnitTest name="GetSingle_ValidIdPropertyValueReturnsCorrectModel" storage="d:\modelrelief\modelrelief.test\bin\debug\netcoreapp2.0\modelrelief.test.dll" id="9901fd36-a6cc-491a-8c52-7d483d07d155"><Execution id="a68ed457-a291-4a01-b969-e27d1a046092" /><TestMethod codeBase="D:\ModelRelief\ModelRelief.test\bin\Debug\netcoreapp2.0\ModelRelief.Test.dll" adapterTypeName="executor://xunit/VsTestRunner2/netcoreapp" className="ModelRelief.Test.Integration.MeshTransforms.MeshTransformsBaseIntegrationTests" name="GetSingle_ValidIdPropertyValueReturnsCorrectModel" /></UnitTest><UnitTest name="DepthBufferHasExpectedDependentFiles" storage="d:\modelrelief\modelrelief.test\bin\debug\netcoreapp2.0\modelrelief.test.dll" id="f6715f31-62ce-40d3-bac9-63b181982ff0"><Execution id="5d3f73b8-0876-40c7-a9ca-eb5eb0961edb" /><TestMethod codeBase="D:\ModelRelief\ModelRelief.test\bin\Debug\netcoreapp2.0\ModelRelief.Test.dll" adapterTypeName="executor://xunit/VsTestRunner2/netcoreapp" className="ModelRelief.Test.Unit.DependencyManager.DependencyManagerTests" name="DepthBufferHasExpectedDependentFiles" /></UnitTest><UnitTest name="Patch_InvalidReferencePropertyReturnsBadRequest" storage="d:\modelrelief\modelrelief.test\bin\debug\netcoreapp2.0\modelrelief.test.dll" id="4fb45d2f-9d4b-44b7-858a-bde226f35702"><Execution id="c0e3be9b-b9ec-4da4-a552-1eef1ddd787a" /><TestMethod codeBase="D:\ModelRelief\ModelRelief.test\bin\Debug\netcoreapp2.0\ModelRelief.Test.dll" adapterTypeName="executor://xunit/VsTestRunner2/netcoreapp" className="ModelRelief.Test.Integration.Projects.ProjectsBaseIntegrationTests" name="Patch_InvalidReferencePropertyReturnsBadRequest" /></UnitTest><UnitTest name="Put_ValidReferencePropertyUpdatesModel" storage="d:\modelrelief\modelrelief.test\bin\debug\netcoreapp2.0\modelrelief.test.dll" id="474defb8-31a7-431f-a335-ebc1b9c42168"><Execution id="696d0855-092a-4e81-b3ce-f1d229e758fe" /><TestMethod codeBase="D:\ModelRelief\ModelRelief.test\bin\Debug\netcoreapp2.0\ModelRelief.Test.dll" adapterTypeName="executor://xunit/VsTestRunner2/netcoreapp" className="ModelRelief.Test.Integration.MeshTransforms.MeshTransformsBaseIntegrationTests" name="Put_ValidReferencePropertyUpdatesModel" /></UnitTest><UnitTest name="FileRequest_DepthBufferIsInvalidatedAfterCameraDependencyPropertyChange" storage="d:\modelrelief\modelrelief.test\bin\debug\netcoreapp2.0\modelrelief.test.dll" id="49a95191-7c6d-4254-9aff-aabb4e8ced47"><Execution id="494c8fb1-ef45-4327-bf9d-49a9a0449dc0" /><TestMethod codeBase="D:\ModelRelief\ModelRelief.test\bin\Debug\netcoreapp2.0\ModelRelief.Test.dll" adapterTypeName="executor://xunit/VsTestRunner2/netcoreapp" className="ModelRelief.Test.Integration.DepthBuffers.DepthBuffersFileIntegrationTests" name="FileRequest_DepthBufferIsInvalidatedAfterCameraDependencyPropertyChange" /></UnitTest><UnitTest name="Patch_ValidReferencePropertyUpdatesModel" storage="d:\modelrelief\modelrelief.test\bin\debug\netcoreapp2.0\modelrelief.test.dll" id="c5d36bcd-776f-46ff-ac22-2e416a11b31f"><Execution id="ee675b49-d601-4581-a47d-c5f8e604cfb6" /><TestMethod codeBase="D:\ModelRelief\ModelRelief.test\bin\Debug\netcoreapp2.0\ModelRelief.Test.dll" adapterTypeName="executor://xunit/VsTestRunner2/netcoreapp" className="ModelRelief.Test.Integration.Cameras.CamerasBaseIntegrationTests" name="Patch_ValidReferencePropertyUpdatesModel" /></UnitTest><UnitTest name="PostFile_FileTimeStampIsUpdatedAfterFileIsPosted" storage="d:\modelrelief\modelrelief.test\bin\debug\netcoreapp2.0\modelrelief.test.dll" id="950b1997-54b7-4df7-9a7b-09a0d4066a45"><Execution id="de992454-3ee4-4c85-a3ed-d14ff030e7d6" /><TestMethod codeBase="D:\ModelRelief\ModelRelief.test\bin\Debug\netcoreapp2.0\ModelRelief.Test.dll" adapterTypeName="executor://xunit/VsTestRunner2/netcoreapp" className="ModelRelief.Test.Integration.Meshes.MeshesFileIntegrationTests" name="PostFile_FileTimeStampIsUpdatedAfterFileIsPosted" /></UnitTest><UnitTest name="CameraHasExpectedDependentFiles" storage="d:\modelrelief\modelrelief.test\bin\debug\netcoreapp2.0\modelrelief.test.dll" id="c09ebee0-8f38-4c13-b416-810c63fd76f0"><Execution id="f07b360e-fa60-4580-bda0-64ddb309516d" /><TestMethod codeBase="D:\ModelRelief\ModelRelief.test\bin\Debug\netcoreapp2.0\ModelRelief.Test.dll" adapterTypeName="executor://xunit/VsTestRunner2/netcoreapp" className="ModelRelief.Test.Unit.DependencyManager.DependencyManagerTests" name="CameraHasExpectedDependentFiles" /></UnitTest><UnitTest name="GetSingle_ValidIdPropertyValueReturnsCorrectModel" storage="d:\modelrelief\modelrelief.test\bin\debug\netcoreapp2.0\modelrelief.test.dll" id="16f55bb3-4e1b-44d6-9aee-36f2649c06e0"><Execution id="56041f76-71c6-409d-bd21-1b070d6846fb" /><TestMethod codeBase="D:\ModelRelief\ModelRelief.test\bin\Debug\netcoreapp2.0\ModelRelief.Test.dll" adapterTypeName="executor://xunit/VsTestRunner2/netcoreapp" className="ModelRelief.Test.Integration.Cameras.CamerasBaseIntegrationTests" name="GetSingle_ValidIdPropertyValueReturnsCorrectModel" /></UnitTest><UnitTest name="Post_CanCreateNewModel" storage="d:\modelrelief\modelrelief.test\bin\debug\netcoreapp2.0\modelrelief.test.dll" id="80d6f370-402d-4769-82e3-4255834da719"><Execution id="6b2c7d1c-57a4-4fd4-ae17-94cd6f6067e8" /><TestMethod codeBase="D:\ModelRelief\ModelRelief.test\bin\Debug\netcoreapp2.0\ModelRelief.Test.dll" adapterTypeName="executor://xunit/VsTestRunner2/netcoreapp" className="ModelRelief.Test.Integration.Meshes.MeshesBaseIntegrationTests" name="Post_CanCreateNewModel" /></UnitTest><UnitTest name="GetSingle_InvalidIdPropertyValueReturnsNotFound" storage="d:\modelrelief\modelrelief.test\bin\debug\netcoreapp2.0\modelrelief.test.dll" id="e343af38-d4d6-44b4-a6b4-99cc96a3b12d"><Execution id="198c5de3-a68a-4fba-aaed-80bfc141a662" /><TestMethod codeBase="D:\ModelRelief\ModelRelief.test\bin\Debug\netcoreapp2.0\ModelRelief.Test.dll" adapterTypeName="executor://xunit/VsTestRunner2/netcoreapp" className="ModelRelief.Test.Integration.Meshes.MeshesBaseIntegrationTests" name="GetSingle_InvalidIdPropertyValueReturnsNotFound" /></UnitTest><UnitTest name="Patch_MultipleInvalidReferencePropertiesReturnsMultipleValidationErrorsAndBadRequest" storage="d:\modelrelief\modelrelief.test\bin\debug\netcoreapp2.0\modelrelief.test.dll" id="ac79bcdf-b7c5-479a-aa55-848a04e236be"><Execution id="e0dfbb44-e303-4161-9a82-109ca49262fc" /><TestMethod codeBase="D:\ModelRelief\ModelRelief.test\bin\Debug\netcoreapp2.0\ModelRelief.Test.dll" adapterTypeName="executor://xunit/VsTestRunner2/netcoreapp" className="ModelRelief.Test.Integration.DepthBuffers.DepthBuffersBaseIntegrationTests" name="Patch_MultipleInvalidReferencePropertiesReturnsMultipleValidationErrorsAndBadRequest" /></UnitTest><UnitTest name="GetSingle_InvalidIdPropertyValueReturnsNotFound" storage="d:\modelrelief\modelrelief.test\bin\debug\netcoreapp2.0\modelrelief.test.dll" id="3fc89542-c9f5-41d2-948c-fee20de23986"><Execution id="962e0757-30ed-422d-9f89-8549f85f27d5" /><TestMethod codeBase="D:\ModelRelief\ModelRelief.test\bin\Debug\netcoreapp2.0\ModelRelief.Test.dll" adapterTypeName="executor://xunit/VsTestRunner2/netcoreapp" className="ModelRelief.Test.Integration.Models.ModelsBaseIntegrationTests" name="GetSingle_InvalidIdPropertyValueReturnsNotFound" /></UnitTest><UnitTest name="PostFile_FileIsSynchronizedIsUpdatedAfterFileIsPosted" storage="d:\modelrelief\modelrelief.test\bin\debug\netcoreapp2.0\modelrelief.test.dll" id="f9a277a5-3451-4056-b708-03baa6452d0e"><Execution id="a0aab80f-a1a2-4db7-bce5-47716759402b" /><TestMethod codeBase="D:\ModelRelief\ModelRelief.test\bin\Debug\netcoreapp2.0\ModelRelief.Test.dll" adapterTypeName="executor://xunit/VsTestRunner2/netcoreapp" className="ModelRelief.Test.Integration.DepthBuffers.DepthBuffersFileIntegrationTests" name="PostFile_FileIsSynchronizedIsUpdatedAfterFileIsPosted" /></UnitTest><UnitTest name="Post_ValidReferencePropertyCreatesModel" storage="d:\modelrelief\modelrelief.test\bin\debug\netcoreapp2.0\modelrelief.test.dll" id="4505d226-3ce4-4481-aa6d-6b55d2514e73"><Execution id="4ff398bc-a65e-4335-91d0-b09b6b16cdc4" /><TestMethod codeBase="D:\ModelRelief\ModelRelief.test\bin\Debug\netcoreapp2.0\ModelRelief.Test.dll" adapterTypeName="executor://xunit/VsTestRunner2/netcoreapp" className="ModelRelief.Test.Integration.Models.ModelsBaseIntegrationTests" name="Post_ValidReferencePropertyCreatesModel" /></UnitTest><UnitTest name="FileRequest_MeshIsInvalidatedAfterDepthBufferFileBecomesUnsynchronized" storage="d:\modelrelief\modelrelief.test\bin\debug\netcoreapp2.0\modelrelief.test.dll" id="ba2d0ae3-a92a-4518-b182-7a6ff083c4e5"><Execution id="22c01a83-ff02-48ec-b3bb-27394fde97ab" /><TestMethod codeBase="D:\ModelRelief\ModelRelief.test\bin\Debug\netcoreapp2.0\ModelRelief.Test.dll" adapterTypeName="executor://xunit/VsTestRunner2/netcoreapp" className="ModelRelief.Test.Integration.Meshes.MeshesFileIntegrationTests" name="FileRequest_MeshIsInvalidatedAfterDepthBufferFileBecomesUnsynchronized" /></UnitTest><UnitTest name="GetSingle_InvalidIdPropertyValueReturnsNotFound" storage="d:\modelrelief\modelrelief.test\bin\debug\netcoreapp2.0\modelrelief.test.dll" id="a80b4e7c-7570-4584-bcd9-6801f41dec38"><Execution id="56b2c23a-dbd2-45e8-a86e-6723910974b3" /><TestMethod codeBase="D:\ModelRelief\ModelRelief.test\bin\Debug\netcoreapp2.0\ModelRelief.Test.dll" adapterTypeName="executor://xunit/VsTestRunner2/netcoreapp" className="ModelRelief.Test.Integration.Projects.ProjectsBaseIntegrationTests" name="GetSingle_InvalidIdPropertyValueReturnsNotFound" /></UnitTest><UnitTest name="GetSingle_ValidIdPropertyValueReturnsCorrectModel" storage="d:\modelrelief\modelrelief.test\bin\debug\netcoreapp2.0\modelrelief.test.dll" id="39411eee-b75f-45f1-b3a1-58625b36bfd2"><Execution id="ce161d55-7f47-46d3-8e83-9f825f086a25" /><TestMethod codeBase="D:\ModelRelief\ModelRelief.test\bin\Debug\netcoreapp2.0\ModelRelief.Test.dll" adapterTypeName="executor://xunit/VsTestRunner2/netcoreapp" className="ModelRelief.Test.Integration.Meshes.MeshesBaseIntegrationTests" name="GetSingle_ValidIdPropertyValueReturnsCorrectModel" /></UnitTest><UnitTest name="PutFile_FileCanBeUpdated" storage="d:\modelrelief\modelrelief.test\bin\debug\netcoreapp2.0\modelrelief.test.dll" id="508b3432-e9a3-4c2d-ab28-a70c102ef3cc"><Execution id="e74cd20f-4feb-41bf-8f41-3ed190d9e9d1" /><TestMethod codeBase="D:\ModelRelief\ModelRelief.test\bin\Debug\netcoreapp2.0\ModelRelief.Test.dll" adapterTypeName="executor://xunit/VsTestRunner2/netcoreapp" className="ModelRelief.Test.Integration.Models.ModelsFileIntegrationTests" name="PutFile_FileCanBeUpdated" /></UnitTest><UnitTest name="LucyCameraFindsAllDependents" storage="d:\modelrelief\modelrelief.test\bin\debug\netcoreapp2.0\modelrelief.test.dll" id="f00996b3-cdbc-4a90-a87c-a355b0119c41"><Execution id="53eb29de-d024-4691-b645-da6546fd0395" /><TestMethod codeBase="D:\ModelRelief\ModelRelief.test\bin\Debug\netcoreapp2.0\ModelRelief.Test.dll" adapterTypeName="executor://xunit/VsTestRunner2/netcoreapp" className="ModelRelief.Test.Unit.DependencyManager.DependencyManagerTests" name="LucyCameraFindsAllDependents" /></UnitTest><UnitTest name="Patch_MultipleInvalidReferencePropertiesReturnsMultipleValidationErrorsAndBadRequest" storage="d:\modelrelief\modelrelief.test\bin\debug\netcoreapp2.0\modelrelief.test.dll" id="f8a9b1e2-05c0-4385-b9dd-8634c68e7028"><Execution id="7f115040-e13d-4204-a51c-c78a967bc7ea" /><TestMethod codeBase="D:\ModelRelief\ModelRelief.test\bin\Debug\netcoreapp2.0\ModelRelief.Test.dll" adapterTypeName="executor://xunit/VsTestRunner2/netcoreapp" className="ModelRelief.Test.Integration.Cameras.CamerasBaseIntegrationTests" name="Patch_MultipleInvalidReferencePropertiesReturnsMultipleValidationErrorsAndBadRequest" /></UnitTest><UnitTest name="Put_InvalidReferencePropertyReturndBadRequest" storage="d:\modelrelief\modelrelief.test\bin\debug\netcoreapp2.0\modelrelief.test.dll" id="a34455ec-d655-40a9-be59-caedc6efc4a5"><Execution id="2dcd40a0-1ebe-42b2-8a17-f9fe30fa3cfc" /><TestMethod codeBase="D:\ModelRelief\ModelRelief.test\bin\Debug\netcoreapp2.0\ModelRelief.Test.dll" adapterTypeName="executor://xunit/VsTestRunner2/netcoreapp" className="ModelRelief.Test.Integration.Models.ModelsBaseIntegrationTests" name="Put_InvalidReferencePropertyReturndBadRequest" /></UnitTest><UnitTest name="Put_ValidReferencePropertyUpdatesModel" storage="d:\modelrelief\modelrelief.test\bin\debug\netcoreapp2.0\modelrelief.test.dll" id="657160f9-88c5-4a44-b3dd-0fe5c48654c1"><Execution id="61841796-de7e-4b4a-9527-7286a7aa5b62" /><TestMethod codeBase="D:\ModelRelief\ModelRelief.test\bin\Debug\netcoreapp2.0\ModelRelief.Test.dll" adapterTypeName="executor://xunit/VsTestRunner2/netcoreapp" className="ModelRelief.Test.Integration.Models.ModelsBaseIntegrationTests" name="Put_ValidReferencePropertyUpdatesModel" /></UnitTest><UnitTest name="Put_InvalidIdReturnsNotFound" storage="d:\modelrelief\modelrelief.test\bin\debug\netcoreapp2.0\modelrelief.test.dll" id="4562696e-3b5a-45b7-baef-a49304b3a561"><Execution id="7f75ad97-b0ad-41e0-92f3-4c8a5d54645b" /><TestMethod codeBase="D:\ModelRelief\ModelRelief.test\bin\Debug\netcoreapp2.0\ModelRelief.Test.dll" adapterTypeName="executor://xunit/VsTestRunner2/netcoreapp" className="ModelRelief.Test.Integration.MeshTransforms.MeshTransformsBaseIntegrationTests" name="Put_InvalidIdReturnsNotFound" /></UnitTest><UnitTest name="Put_InvalidIdReturnsNotFound" storage="d:\modelrelief\modelrelief.test\bin\debug\netcoreapp2.0\modelrelief.test.dll" id="4561c7a7-d0b3-4d8a-bf7f-9bbe9ead5678"><Execution id="b360dbfb-274f-49c9-9b64-b3964a4d503f" /><TestMethod codeBase="D:\ModelRelief\ModelRelief.test\bin\Debug\netcoreapp2.0\ModelRelief.Test.dll" adapterTypeName="executor://xunit/VsTestRunner2/netcoreapp" className="ModelRelief.Test.Integration.DepthBuffers.DepthBuffersBaseIntegrationTests" name="Put_InvalidIdReturnsNotFound" /></UnitTest><UnitTest name="Post_ValidReferencePropertyCreatesModel" storage="d:\modelrelief\modelrelief.test\bin\debug\netcoreapp2.0\modelrelief.test.dll" id="35c1c3fc-ae4a-4542-8cf5-c5deedbee323"><Execution id="fae900aa-c07b-4560-8b79-45b2205c953b" /><TestMethod codeBase="D:\ModelRelief\ModelRelief.test\bin\Debug\netcoreapp2.0\ModelRelief.Test.dll" adapterTypeName="executor://xunit/VsTestRunner2/netcoreapp" className="ModelRelief.Test.Integration.DepthBuffers.DepthBuffersBaseIntegrationTests" name="Post_ValidReferencePropertyCreatesModel" /></UnitTest><UnitTest name="Patch_ValidReferencePropertyUpdatesModel" storage="d:\modelrelief\modelrelief.test\bin\debug\netcoreapp2.0\modelrelief.test.dll" id="1bf37855-c70b-4db0-b2dc-c47b42f6e560"><Execution id="8802b490-4d58-4491-afea-4cb011fbd335" /><TestMethod codeBase="D:\ModelRelief\ModelRelief.test\bin\Debug\netcoreapp2.0\ModelRelief.Test.dll" adapterTypeName="executor://xunit/VsTestRunner2/netcoreapp" className="ModelRelief.Test.Integration.Models.ModelsBaseIntegrationTests" name="Patch_ValidReferencePropertyUpdatesModel" /></UnitTest><UnitTest name="PutFile_NewFileCanBePut" storage="d:\modelrelief\modelrelief.test\bin\debug\netcoreapp2.0\modelrelief.test.dll" id="714261e3-4e3b-4466-a91a-659409ac6ab0"><Execution id="b780a598-0342-4a19-81d5-6e0dbc2eebd9" /><TestMethod codeBase="D:\ModelRelief\ModelRelief.test\bin\Debug\netcoreapp2.0\ModelRelief.Test.dll" adapterTypeName="executor://xunit/VsTestRunner2/netcoreapp" className="ModelRelief.Test.Integration.Models.ModelsFileIntegrationTests" name="PutFile_NewFileCanBePut" /></UnitTest><UnitTest name="Post_InvalidPropertyValueReturnsBadRequest" storage="d:\modelrelief\modelrelief.test\bin\debug\netcoreapp2.0\modelrelief.test.dll" id="72a07451-e80e-4c22-ac66-a9cfe7f1f832"><Execution id="c14a9279-cdaf-4ef8-97c0-923003bed061" /><TestMethod codeBase="D:\ModelRelief\ModelRelief.test\bin\Debug\netcoreapp2.0\ModelRelief.Test.dll" adapterTypeName="executor://xunit/VsTestRunner2/netcoreapp" className="ModelRelief.Test.Integration.Cameras.CamerasBaseIntegrationTests" name="Post_InvalidPropertyValueReturnsBadRequest" /></UnitTest><UnitTest name="Put_CanUpdateModel" storage="d:\modelrelief\modelrelief.test\bin\debug\netcoreapp2.0\modelrelief.test.dll" id="ef99af22-46af-40db-84bb-7fdf7b57d3a6"><Execution id="9e89de8b-a96f-40ec-8023-6c70c1f639a7" /><TestMethod codeBase="D:\ModelRelief\ModelRelief.test\bin\Debug\netcoreapp2.0\ModelRelief.Test.dll" adapterTypeName="executor://xunit/VsTestRunner2/netcoreapp" className="ModelRelief.Test.Integration.Projects.ProjectsBaseIntegrationTests" name="Put_CanUpdateModel" /></UnitTest><UnitTest name="Patch_TargetPropertyIsUpdated" storage="d:\modelrelief\modelrelief.test\bin\debug\netcoreapp2.0\modelrelief.test.dll" id="1188118e-6a2f-46f4-a52f-c6f1e53dcdea"><Execution id="8a011a0d-6271-4555-85ad-d88ef9faf046" /><TestMethod codeBase="D:\ModelRelief\ModelRelief.test\bin\Debug\netcoreapp2.0\ModelRelief.Test.dll" adapterTypeName="executor://xunit/VsTestRunner2/netcoreapp" className="ModelRelief.Test.Integration.Cameras.CamerasBaseIntegrationTests" name="Patch_TargetPropertyIsUpdated" /></UnitTest><UnitTest name="GetList_ListReturnsCorrectCount" storage="d:\modelrelief\modelrelief.test\bin\debug\netcoreapp2.0\modelrelief.test.dll" id="51606265-af66-4b8a-8b1d-5bb89470bcb9"><Execution id="c02face5-0f81-49b7-aefb-95f2954ec4d7" /><TestMethod codeBase="D:\ModelRelief\ModelRelief.test\bin\Debug\netcoreapp2.0\ModelRelief.Test.dll" adapterTypeName="executor://xunit/VsTestRunner2/netcoreapp" className="ModelRelief.Test.Integration.Projects.ProjectsBaseIntegrationTests" name="GetList_ListReturnsCorrectCount" /></UnitTest><UnitTest name="Patch_InvalidIdPropertyReturnsNotFound" storage="d:\modelrelief\modelrelief.test\bin\debug\netcoreapp2.0\modelrelief.test.dll" id="8f88eb1c-aed9-4d61-8619-461d12cef74d"><Execution id="92d69cbe-bd46-46b8-87cf-99afea7eb785" /><TestMethod codeBase="D:\ModelRelief\ModelRelief.test\bin\Debug\netcoreapp2.0\ModelRelief.Test.dll" adapterTypeName="executor://xunit/VsTestRunner2/netcoreapp" className="ModelRelief.Test.Integration.Cameras.CamerasBaseIntegrationTests" name="Patch_InvalidIdPropertyReturnsNotFound" /></UnitTest><UnitTest name="Delete_TargetModelIsDeleted" storage="d:\modelrelief\modelrelief.test\bin\debug\netcoreapp2.0\modelrelief.test.dll" id="3d6c089b-471e-482c-8ac1-a452c94f1954"><Execution id="2b6219a6-27d8-4e31-add6-941d64e94bdb" /><TestMethod codeBase="D:\ModelRelief\ModelRelief.test\bin\Debug\netcoreapp2.0\ModelRelief.Test.dll" adapterTypeName="executor://xunit/VsTestRunner2/netcoreapp" className="ModelRelief.Test.Integration.Meshes.MeshesBaseIntegrationTests" name="Delete_TargetModelIsDeleted" /></UnitTest><UnitTest name="Patch_InvalidEnumPropertyValueReturnsBadRequest" storage="d:\modelrelief\modelrelief.test\bin\debug\netcoreapp2.0\modelrelief.test.dll" id="e1f9991d-860c-49d1-9945-cc463e179702"><Execution id="d6d641a8-619d-4a62-9edd-b9007473cf96" /><TestMethod codeBase="D:\ModelRelief\ModelRelief.test\bin\Debug\netcoreapp2.0\ModelRelief.Test.dll" adapterTypeName="executor://xunit/VsTestRunner2/netcoreapp" className="ModelRelief.Test.Integration.Models.ModelsBaseIntegrationTests" name="Patch_InvalidEnumPropertyValueReturnsBadRequest" /></UnitTest><UnitTest name="Patch_InvalidEnumPropertyValueReturnsBadRequest" storage="d:\modelrelief\modelrelief.test\bin\debug\netcoreapp2.0\modelrelief.test.dll" id="4f0106b6-5244-446e-8a67-0105dbbb4145"><Execution id="b50986d9-3e65-4df8-9ef0-f51013d92865" /><TestMethod codeBase="D:\ModelRelief\ModelRelief.test\bin\Debug\netcoreapp2.0\ModelRelief.Test.dll" adapterTypeName="executor://xunit/VsTestRunner2/netcoreapp" className="ModelRelief.Test.Integration.Cameras.CamerasBaseIntegrationTests" name="Patch_InvalidEnumPropertyValueReturnsBadRequest" /></UnitTest><UnitTest name="Patch_MultipleInvalidReferencePropertiesReturnsMultipleValidationErrorsAndBadRequest" storage="d:\modelrelief\modelrelief.test\bin\debug\netcoreapp2.0\modelrelief.test.dll" id="51fca274-fd44-4f76-9af7-3e77f5fb390c"><Execution id="5abfc27a-9010-4da0-821d-d0fc110308fe" /><TestMethod codeBase="D:\ModelRelief\ModelRelief.test\bin\Debug\netcoreapp2.0\ModelRelief.Test.dll" adapterTypeName="executor://xunit/VsTestRunner2/netcoreapp" className="ModelRelief.Test.Integration.Projects.ProjectsBaseIntegrationTests" name="Patch_MultipleInvalidReferencePropertiesReturnsMultipleValidationErrorsAndBadRequest" /></UnitTest><UnitTest name="Post_CanCreateNewModel" storage="d:\modelrelief\modelrelief.test\bin\debug\netcoreapp2.0\modelrelief.test.dll" id="7792daa3-fa9f-450c-b189-cec88d9df3a6"><Execution id="922d0e97-96c0-45b1-a4b3-52bdfa412fe5" /><TestMethod codeBase="D:\ModelRelief\ModelRelief.test\bin\Debug\netcoreapp2.0\ModelRelief.Test.dll" adapterTypeName="executor://xunit/VsTestRunner2/netcoreapp" className="ModelRelief.Test.Integration.Cameras.CamerasBaseIntegrationTests" name="Post_CanCreateNewModel" /></UnitTest><UnitTest name="Patch_InvalidReferencePropertyReturnsBadRequest" storage="d:\modelrelief\modelrelief.test\bin\debug\netcoreapp2.0\modelrelief.test.dll" id="8aba93dd-497b-4407-8467-56c5960c75a8"><Execution id="623eda95-0a6e-4f05-ad2d-f1a953f7f79f" /><TestMethod codeBase="D:\ModelRelief\ModelRelief.test\bin\Debug\netcoreapp2.0\ModelRelief.Test.dll" adapterTypeName="executor://xunit/VsTestRunner2/netcoreapp" className="ModelRelief.Test.Integration.Cameras.CamerasBaseIntegrationTests" name="Patch_InvalidReferencePropertyReturnsBadRequest" /></UnitTest><UnitTest name="GetFile_NonExistentFileReturnsNotFound" storage="d:\modelrelief\modelrelief.test\bin\debug\netcoreapp2.0\modelrelief.test.dll" id="e57b3d7e-c73d-4993-8d1c-1392eb41082f"><Execution id="ac536a41-f407-43fb-8842-34947fe36608" /><TestMethod codeBase="D:\ModelRelief\ModelRelief.test\bin\Debug\netcoreapp2.0\ModelRelief.Test.dll" adapterTypeName="executor://xunit/VsTestRunner2/netcoreapp" className="ModelRelief.Test.Integration.Meshes.MeshesFileIntegrationTests" name="GetFile_NonExistentFileReturnsNotFound" /></UnitTest><UnitTest name="Post_InvalidReferencePropertyReturnsBadRequest" storage="d:\modelrelief\modelrelief.test\bin\debug\netcoreapp2.0\modelrelief.test.dll" id="69ef0cdc-769a-491e-b40b-c019c39d31af"><Execution id="314709e1-071c-4d87-ba15-9cb6c2966347" /><TestMethod codeBase="D:\ModelRelief\ModelRelief.test\bin\Debug\netcoreapp2.0\ModelRelief.Test.dll" adapterTypeName="executor://xunit/VsTestRunner2/netcoreapp" className="ModelRelief.Test.Integration.Meshes.MeshesBaseIntegrationTests" name="Post_InvalidReferencePropertyReturnsBadRequest" /></UnitTest><UnitTest name="PostFile_NewFileCanBePosted" storage="d:\modelrelief\modelrelief.test\bin\debug\netcoreapp2.0\modelrelief.test.dll" id="29d75993-d62e-4863-8f8b-6752682570ca"><Execution id="35b21f91-431c-4231-8497-d566239bba02" /><TestMethod codeBase="D:\ModelRelief\ModelRelief.test\bin\Debug\netcoreapp2.0\ModelRelief.Test.dll" adapterTypeName="executor://xunit/VsTestRunner2/netcoreapp" className="ModelRelief.Test.Integration.Meshes.MeshesFileIntegrationTests" name="PostFile_NewFileCanBePosted" /></UnitTest><UnitTest name="GetSingle_ValidIdPropertyValueReturnsCorrectModel" storage="d:\modelrelief\modelrelief.test\bin\debug\netcoreapp2.0\modelrelief.test.dll" id="8f2c2d24-3eab-447e-814c-738950f62b8f"><Execution id="0afef477-689b-4308-9de8-65346b383ffb" /><TestMethod codeBase="D:\ModelRelief\ModelRelief.test\bin\Debug\netcoreapp2.0\ModelRelief.Test.dll" adapterTypeName="executor://xunit/VsTestRunner2/netcoreapp" className="ModelRelief.Test.Integration.Projects.ProjectsBaseIntegrationTests" name="GetSingle_ValidIdPropertyValueReturnsCorrectModel" /></UnitTest><UnitTest name="Post_InvalidPropertyValueReturnsBadRequest" storage="d:\modelrelief\modelrelief.test\bin\debug\netcoreapp2.0\modelrelief.test.dll" id="af71e16b-369b-4619-82ea-dcc9e98e7d13"><Execution id="c057637a-8c67-4dcb-971e-582b56708078" /><TestMethod codeBase="D:\ModelRelief\ModelRelief.test\bin\Debug\netcoreapp2.0\ModelRelief.Test.dll" adapterTypeName="executor://xunit/VsTestRunner2/netcoreapp" className="ModelRelief.Test.Integration.DepthBuffers.DepthBuffersBaseIntegrationTests" name="Post_InvalidPropertyValueReturnsBadRequest" /></UnitTest><UnitTest name="Patch_InvalidPropertyNameReturnsBadRequest" storage="d:\modelrelief\modelrelief.test\bin\debug\netcoreapp2.0\modelrelief.test.dll" id="7672d94d-86c7-4b30-b9f7-be798541783f"><Execution id="7101ef81-aedb-4071-86b7-20a433b97fb0" /><TestMethod codeBase="D:\ModelRelief\ModelRelief.test\bin\Debug\netcoreapp2.0\ModelRelief.Test.dll" adapterTypeName="executor://xunit/VsTestRunner2/netcoreapp" className="ModelRelief.Test.Integration.Models.ModelsBaseIntegrationTests" name="Patch_InvalidPropertyNameReturnsBadRequest" /></UnitTest><UnitTest name="Put_CanUpdateModel" storage="d:\modelrelief\modelrelief.test\bin\debug\netcoreapp2.0\modelrelief.test.dll" id="9e1661f1-accb-4fdc-b2c1-aa9ced6c256b"><Execution id="f55d8604-cac4-4f81-b283-84ba7c40f113" /><TestMethod codeBase="D:\ModelRelief\ModelRelief.test\bin\Debug\netcoreapp2.0\ModelRelief.Test.dll" adapterTypeName="executor://xunit/VsTestRunner2/netcoreapp" className="ModelRelief.Test.Integration.MeshTransforms.MeshTransformsBaseIntegrationTests" name="Put_CanUpdateModel" /></UnitTest><UnitTest name="PutFile_NewFileCanBePut" storage="d:\modelrelief\modelrelief.test\bin\debug\netcoreapp2.0\modelrelief.test.dll" id="c9a77403-536f-47b7-917d-1d8d1b301697"><Execution id="43942532-68be-4a22-a7ef-67daf0c3e989" /><TestMethod codeBase="D:\ModelRelief\ModelRelief.test\bin\Debug\netcoreapp2.0\ModelRelief.Test.dll" adapterTypeName="executor://xunit/VsTestRunner2/netcoreapp" className="ModelRelief.Test.Integration.DepthBuffers.DepthBuffersFileIntegrationTests" name="PutFile_NewFileCanBePut" /></UnitTest><UnitTest name="Patch_InvalidEnumPropertyValueReturnsBadRequest" storage="d:\modelrelief\modelrelief.test\bin\debug\netcoreapp2.0\modelrelief.test.dll" id="d355fd2c-5cb8-4d7c-899e-c7309d11ee28"><Execution id="39deb294-d72b-4f1b-8bf7-6c6ccd43d18b" /><TestMethod codeBase="D:\ModelRelief\ModelRelief.test\bin\Debug\netcoreapp2.0\ModelRelief.Test.dll" adapterTypeName="executor://xunit/VsTestRunner2/netcoreapp" className="ModelRelief.Test.Integration.Meshes.MeshesBaseIntegrationTests" name="Patch_InvalidEnumPropertyValueReturnsBadRequest" /></UnitTest><UnitTest name="Post_InvalidReferencePropertyReturnsBadRequest" storage="d:\modelrelief\modelrelief.test\bin\debug\netcoreapp2.0\modelrelief.test.dll" id="6b281a1f-39f7-4c58-a978-96e2d7a58964"><Execution id="07ba6102-fad6-4754-a0de-cb979aa0cd84" /><TestMethod codeBase="D:\ModelRelief\ModelRelief.test\bin\Debug\netcoreapp2.0\ModelRelief.Test.dll" adapterTypeName="executor://xunit/VsTestRunner2/netcoreapp" className="ModelRelief.Test.Integration.MeshTransforms.MeshTransformsBaseIntegrationTests" name="Post_InvalidReferencePropertyReturnsBadRequest" /></UnitTest><UnitTest name="GetFile_FileCanBeRoundTripped" storage="d:\modelrelief\modelrelief.test\bin\debug\netcoreapp2.0\modelrelief.test.dll" id="3e310188-6983-4823-8fae-d60ddd3765a0"><Execution id="ad62c9b5-0830-4403-b97d-577d7fd4e4a6" /><TestMethod codeBase="D:\ModelRelief\ModelRelief.test\bin\Debug\netcoreapp2.0\ModelRelief.Test.dll" adapterTypeName="executor://xunit/VsTestRunner2/netcoreapp" className="ModelRelief.Test.Integration.DepthBuffers.DepthBuffersFileIntegrationTests" name="GetFile_FileCanBeRoundTripped" /></UnitTest><UnitTest name="Post_CanCreateNewModel" storage="d:\modelrelief\modelrelief.test\bin\debug\netcoreapp2.0\modelrelief.test.dll" id="cce55abb-b463-4af6-b8af-c70d52d28482"><Execution id="1ae84267-7072-4c7a-be98-af49871c5364" /><TestMethod codeBase="D:\ModelRelief\ModelRelief.test\bin\Debug\netcoreapp2.0\ModelRelief.Test.dll" adapterTypeName="executor://xunit/VsTestRunner2/netcoreapp" className="ModelRelief.Test.Integration.DepthBuffers.DepthBuffersBaseIntegrationTests" name="Post_CanCreateNewModel" /></UnitTest><UnitTest name="Post_InvalidPropertyValueReturnsBadRequest" storage="d:\modelrelief\modelrelief.test\bin\debug\netcoreapp2.0\modelrelief.test.dll" id="b5df646d-6ae7-4491-8953-a15a0ecac378"><Execution id="e20cf947-58c7-4fc1-befc-c05dcef6775c" /><TestMethod codeBase="D:\ModelRelief\ModelRelief.test\bin\Debug\netcoreapp2.0\ModelRelief.Test.dll" adapterTypeName="executor://xunit/VsTestRunner2/netcoreapp" className="ModelRelief.Test.Integration.Meshes.MeshesBaseIntegrationTests" name="Post_InvalidPropertyValueReturnsBadRequest" /></UnitTest><UnitTest name="Patch_InvalidEnumPropertyValueReturnsBadRequest" storage="d:\modelrelief\modelrelief.test\bin\debug\netcoreapp2.0\modelrelief.test.dll" id="b6dad029-89f8-45e7-afd8-15547b0cc128"><Execution id="db5ad5a4-9161-4ada-9e8d-0314f5ae6a09" /><TestMethod codeBase="D:\ModelRelief\ModelRelief.test\bin\Debug\netcoreapp2.0\ModelRelief.Test.dll" adapterTypeName="executor://xunit/VsTestRunner2/netcoreapp" className="ModelRelief.Test.Integration.Projects.ProjectsBaseIntegrationTests" name="Patch_InvalidEnumPropertyValueReturnsBadRequest" /></UnitTest><UnitTest name="GetList_ListReturnsCorrectCount" storage="d:\modelrelief\modelrelief.test\bin\debug\netcoreapp2.0\modelrelief.test.dll" id="795a436f-9752-447f-9a0e-6a46f57d7936"><Execution id="984bcb5e-1a39-4694-9926-b47c77cfabbf" /><TestMethod codeBase="D:\ModelRelief\ModelRelief.test\bin\Debug\netcoreapp2.0\ModelRelief.Test.dll" adapterTypeName="executor://xunit/VsTestRunner2/netcoreapp" className="ModelRelief.Test.Integration.MeshTransforms.MeshTransformsBaseIntegrationTests" name="GetList_ListReturnsCorrectCount" /></UnitTest><UnitTest name="GetSingle_ValidIdPropertyValueReturnsCorrectModel" storage="d:\modelrelief\modelrelief.test\bin\debug\netcoreapp2.0\modelrelief.test.dll" id="674fa19e-6a5b-4558-9dfe-63aaf37c8f4b"><Execution id="9084ad30-6b0b-4a5a-89b9-2291e1df6a18" /><TestMethod codeBase="D:\ModelRelief\ModelRelief.test\bin\Debug\netcoreapp2.0\ModelRelief.Test.dll" adapterTypeName="executor://xunit/VsTestRunner2/netcoreapp" className="ModelRelief.Test.Integration.Models.ModelsBaseIntegrationTests" name="GetSingle_ValidIdPropertyValueReturnsCorrectModel" /></UnitTest><UnitTest name="Put_InvalidReferencePropertyReturndBadRequest" storage="d:\modelrelief\modelrelief.test\bin\debug\netcoreapp2.0\modelrelief.test.dll" id="28881770-4c93-47b0-80ad-59deb8d21e8f"><Execution id="daae70ea-ed14-4fc8-a38c-4bde054f54ce" /><TestMethod codeBase="D:\ModelRelief\ModelRelief.test\bin\Debug\netcoreapp2.0\ModelRelief.Test.dll" adapterTypeName="executor://xunit/VsTestRunner2/netcoreapp" className="ModelRelief.Test.Integration.DepthBuffers.DepthBuffersBaseIntegrationTests" name="Put_InvalidReferencePropertyReturndBadRequest" /></UnitTest><UnitTest name="Patch_InvalidPropertyNameReturnsBadRequest" storage="d:\modelrelief\modelrelief.test\bin\debug\netcoreapp2.0\modelrelief.test.dll" id="de03b272-1ebb-4949-9841-d7360b4c899b"><Execution id="f1f69674-2ad6-44da-9fb3-4eefdb20296f" /><TestMethod codeBase="D:\ModelRelief\ModelRelief.test\bin\Debug\netcoreapp2.0\ModelRelief.Test.dll" adapterTypeName="executor://xunit/VsTestRunner2/netcoreapp" className="ModelRelief.Test.Integration.MeshTransforms.MeshTransformsBaseIntegrationTests" name="Patch_InvalidPropertyNameReturnsBadRequest" /></UnitTest><UnitTest name="Patch_InvalidIdPropertyReturnsNotFound" storage="d:\modelrelief\modelrelief.test\bin\debug\netcoreapp2.0\modelrelief.test.dll" id="3df6c5df-5bce-4624-8bd9-11779c5b73fa"><Execution id="6b1499f3-464f-413c-b0e5-97b00775c761" /><TestMethod codeBase="D:\ModelRelief\ModelRelief.test\bin\Debug\netcoreapp2.0\ModelRelief.Test.dll" adapterTypeName="executor://xunit/VsTestRunner2/netcoreapp" className="ModelRelief.Test.Integration.MeshTransforms.MeshTransformsBaseIntegrationTests" name="Patch_InvalidIdPropertyReturnsNotFound" /></UnitTest><UnitTest name="Put_CanUpdateModel" storage="d:\modelrelief\modelrelief.test\bin\debug\netcoreapp2.0\modelrelief.test.dll" id="a5c3ae4f-3a74-4fa5-86ed-b896cea47607"><Execution id="8cd39df8-ff56-4466-93a4-4fc39b4a5965" /><TestMethod codeBase="D:\ModelRelief\ModelRelief.test\bin\Debug\netcoreapp2.0\ModelRelief.Test.dll" adapterTypeName="executor://xunit/VsTestRunner2/netcoreapp" className="ModelRelief.Test.Integration.Meshes.MeshesBaseIntegrationTests" name="Put_CanUpdateModel" /></UnitTest><UnitTest name="Put_InvalidReferencePropertyReturndBadRequest" storage="d:\modelrelief\modelrelief.test\bin\debug\netcoreapp2.0\modelrelief.test.dll" id="0e619a04-7719-4fde-b3b0-3b1bcfb5adde"><Execution id="abf6b645-8bce-4934-928f-b13469ba6f8d" /><TestMethod codeBase="D:\ModelRelief\ModelRelief.test\bin\Debug\netcoreapp2.0\ModelRelief.Test.dll" adapterTypeName="executor://xunit/VsTestRunner2/netcoreapp" className="ModelRelief.Test.Integration.Cameras.CamerasBaseIntegrationTests" name="Put_InvalidReferencePropertyReturndBadRequest" /></UnitTest><UnitTest name="Delete_TargetModelIsDeleted" storage="d:\modelrelief\modelrelief.test\bin\debug\netcoreapp2.0\modelrelief.test.dll" id="44ccded0-96e2-4f87-968a-b1c8de9b29c6"><Execution id="53fe2c68-05b4-4857-85e4-d929441755b0" /><TestMethod codeBase="D:\ModelRelief\ModelRelief.test\bin\Debug\netcoreapp2.0\ModelRelief.Test.dll" adapterTypeName="executor://xunit/VsTestRunner2/netcoreapp" className="ModelRelief.Test.Integration.MeshTransforms.MeshTransformsBaseIntegrationTests" name="Delete_TargetModelIsDeleted" /></UnitTest><UnitTest name="Patch_InvalidReferencePropertyReturnsBadRequest" storage="d:\modelrelief\modelrelief.test\bin\debug\netcoreapp2.0\modelrelief.test.dll" id="749b0a5b-63dd-4311-89f8-ff60bab947ce"><Execution id="f7c54a18-c381-4252-9161-eed3f9fcad97" /><TestMethod codeBase="D:\ModelRelief\ModelRelief.test\bin\Debug\netcoreapp2.0\ModelRelief.Test.dll" adapterTypeName="executor://xunit/VsTestRunner2/netcoreapp" className="ModelRelief.Test.Integration.MeshTransforms.MeshTransformsBaseIntegrationTests" name="Patch_InvalidReferencePropertyReturnsBadRequest" /></UnitTest><UnitTest name="Patch_MultipleInvalidReferencePropertiesReturnsMultipleValidationErrorsAndBadRequest" storage="d:\modelrelief\modelrelief.test\bin\debug\netcoreapp2.0\modelrelief.test.dll" id="5eb337e0-d4b6-49dc-83a2-52193e00c668"><Execution id="4b9b4fa6-13ec-4439-89ce-ae8505302876" /><TestMethod codeBase="D:\ModelRelief\ModelRelief.test\bin\Debug\netcoreapp2.0\ModelRelief.Test.dll" adapterTypeName="executor://xunit/VsTestRunner2/netcoreapp" className="ModelRelief.Test.Integration.MeshTransforms.MeshTransformsBaseIntegrationTests" name="Patch_MultipleInvalidReferencePropertiesReturnsMultipleValidationErrorsAndBadRequest" /></UnitTest><UnitTest name="Put_InvalidIdReturnsNotFound" storage="d:\modelrelief\modelrelief.test\bin\debug\netcoreapp2.0\modelrelief.test.dll" id="e811fc5d-d045-4093-b3f2-c3eadc9b3d86"><Execution id="506fa294-93b9-401b-a158-adff1226f1d3" /><TestMethod codeBase="D:\ModelRelief\ModelRelief.test\bin\Debug\netcoreapp2.0\ModelRelief.Test.dll" adapterTypeName="executor://xunit/VsTestRunner2/netcoreapp" className="ModelRelief.Test.Integration.Models.ModelsBaseIntegrationTests" name="Put_InvalidIdReturnsNotFound" /></UnitTest><UnitTest name="Patch_InvalidEnumPropertyValueReturnsBadRequest" storage="d:\modelrelief\modelrelief.test\bin\debug\netcoreapp2.0\modelrelief.test.dll" id="1d6b3b0c-4a92-476b-a3c7-df6c820eb93d"><Execution id="234363f3-4394-48b9-9e5e-c8f732c9af2e" /><TestMethod codeBase="D:\ModelRelief\ModelRelief.test\bin\Debug\netcoreapp2.0\ModelRelief.Test.dll" adapterTypeName="executor://xunit/VsTestRunner2/netcoreapp" className="ModelRelief.Test.Integration.DepthBuffers.DepthBuffersBaseIntegrationTests" name="Patch_InvalidEnumPropertyValueReturnsBadRequest" /></UnitTest><UnitTest name="LucyModel3dHasTwoDependents" storage="d:\modelrelief\modelrelief.test\bin\debug\netcoreapp2.0\modelrelief.test.dll" id="6354c0a5-2134-4f4e-8f91-151597380698"><Execution id="cb0be65c-12a0-4264-84ec-02d69a184759" /><TestMethod codeBase="D:\ModelRelief\ModelRelief.test\bin\Debug\netcoreapp2.0\ModelRelief.Test.dll" adapterTypeName="executor://xunit/VsTestRunner2/netcoreapp" className="ModelRelief.Test.Unit.DependencyManager.DependencyManagerTests" name="LucyModel3dHasTwoDependents" /></UnitTest><UnitTest name="GetSingle_InvalidIdPropertyValueReturnsNotFound" storage="d:\modelrelief\modelrelief.test\bin\debug\netcoreapp2.0\modelrelief.test.dll" id="8f18f80c-381a-47ab-8c0d-616399db4b08"><Execution id="c816aab2-b051-4e23-a992-385586fbe392" /><TestMethod codeBase="D:\ModelRelief\ModelRelief.test\bin\Debug\netcoreapp2.0\ModelRelief.Test.dll" adapterTypeName="executor://xunit/VsTestRunner2/netcoreapp" className="ModelRelief.Test.Integration.DepthBuffers.DepthBuffersBaseIntegrationTests" name="GetSingle_InvalidIdPropertyValueReturnsNotFound" /></UnitTest><UnitTest name="Patch_MultipleInvalidReferencePropertiesReturnsMultipleValidationErrorsAndBadRequest" storage="d:\modelrelief\modelrelief.test\bin\debug\netcoreapp2.0\modelrelief.test.dll" id="11b00b50-8d66-42ae-aa3a-a1687c6ff915"><Execution id="7b5a6ff6-29e1-4b3a-b6a7-b10cb6e6a201" /><TestMethod codeBase="D:\ModelRelief\ModelRelief.test\bin\Debug\netcoreapp2.0\ModelRelief.Test.dll" adapterTypeName="executor://xunit/VsTestRunner2/netcoreapp" className="ModelRelief.Test.Integration.Models.ModelsBaseIntegrationTests" name="Patch_MultipleInvalidReferencePropertiesReturnsMultipleValidationErrorsAndBadRequest" /></UnitTest><UnitTest name="GetFile_ExistingFileReturnsSuccess" storage="d:\modelrelief\modelrelief.test\bin\debug\netcoreapp2.0\modelrelief.test.dll" id="20c68957-1fca-4a43-a536-c2398906f403"><Execution id="2c0488ab-7d8c-4096-bcda-b4a7136a9a2b" /><TestMethod codeBase="D:\ModelRelief\ModelRelief.test\bin\Debug\netcoreapp2.0\ModelRelief.Test.dll" adapterTypeName="executor://xunit/VsTestRunner2/netcoreapp" className="ModelRelief.Test.Integration.Models.ModelsFileIntegrationTests" name="GetFile_ExistingFileReturnsSuccess" /></UnitTest><UnitTest name="Patch_ValidReferencePropertyUpdatesModel" storage="d:\modelrelief\modelrelief.test\bin\debug\netcoreapp2.0\modelrelief.test.dll" id="d04102c3-b11e-47ca-8f5b-d0329e4a5746"><Execution id="760830db-2c03-459e-82a6-05654c5aef24" /><TestMethod codeBase="D:\ModelRelief\ModelRelief.test\bin\Debug\netcoreapp2.0\ModelRelief.Test.dll" adapterTypeName="executor://xunit/VsTestRunner2/netcoreapp" className="ModelRelief.Test.Integration.Projects.ProjectsBaseIntegrationTests" name="Patch_ValidReferencePropertyUpdatesModel" /></UnitTest><UnitTest name="GetList_ListReturnsCorrectCount" storage="d:\modelrelief\modelrelief.test\bin\debug\netcoreapp2.0\modelrelief.test.dll" id="420b5987-d8e5-4437-bc6c-6b0c16335ac2"><Execution id="2fc63b9e-3953-48e3-bed9-db9584f10d88" /><TestMethod codeBase="D:\ModelRelief\ModelRelief.test\bin\Debug\netcoreapp2.0\ModelRelief.Test.dll" adapterTypeName="executor://xunit/VsTestRunner2/netcoreapp" className="ModelRelief.Test.Integration.Models.ModelsBaseIntegrationTests" name="GetList_ListReturnsCorrectCount" /></UnitTest><UnitTest name="PutFile_FileCanBeUpdated" storage="d:\modelrelief\modelrelief.test\bin\debug\netcoreapp2.0\modelrelief.test.dll" id="1e1df22f-61a9-45e9-84f6-72631bf38518"><Execution id="0825a4cd-bde2-4163-b8ec-e007164742de" /><TestMethod codeBase="D:\ModelRelief\ModelRelief.test\bin\Debug\netcoreapp2.0\ModelRelief.Test.dll" adapterTypeName="executor://xunit/VsTestRunner2/netcoreapp" className="ModelRelief.Test.Integration.Meshes.MeshesFileIntegrationTests" name="PutFile_FileCanBeUpdated" /></UnitTest><UnitTest name="Patch_InvalidEnumPropertyValueReturnsBadRequest" storage="d:\modelrelief\modelrelief.test\bin\debug\netcoreapp2.0\modelrelief.test.dll" id="140885b1-571e-4d92-b677-96e4ab47b8b0"><Execution id="58aa8469-b4b5-489d-a8a9-aa9f01b6718a" /><TestMethod codeBase="D:\ModelRelief\ModelRelief.test\bin\Debug\netcoreapp2.0\ModelRelief.Test.dll" adapterTypeName="executor://xunit/VsTestRunner2/netcoreapp" className="ModelRelief.Test.Integration.MeshTransforms.MeshTransformsBaseIntegrationTests" name="Patch_InvalidEnumPropertyValueReturnsBadRequest" /></UnitTest><UnitTest name="Put_InvalidIdReturnsNotFound" storage="d:\modelrelief\modelrelief.test\bin\debug\netcoreapp2.0\modelrelief.test.dll" id="07befe25-3743-4315-8a17-39a2a1e07519"><Execution id="db5f366d-3e12-4145-952e-86860e5b8f3d" /><TestMethod codeBase="D:\ModelRelief\ModelRelief.test\bin\Debug\netcoreapp2.0\ModelRelief.Test.dll" adapterTypeName="executor://xunit/VsTestRunner2/netcoreapp" className="ModelRelief.Test.Integration.Projects.ProjectsBaseIntegrationTests" name="Put_InvalidIdReturnsNotFound" /></UnitTest><UnitTest name="FileRequest_FileCanBeReadAfterRename" storage="d:\modelrelief\modelrelief.test\bin\debug\netcoreapp2.0\modelrelief.test.dll" id="72a53a27-00e3-44dc-998d-5edc0cd86fba"><Execution id="63ac7f6e-c632-4433-be6c-bdda113f0d94" /><TestMethod codeBase="D:\ModelRelief\ModelRelief.test\bin\Debug\netcoreapp2.0\ModelRelief.Test.dll" adapterTypeName="executor://xunit/VsTestRunner2/netcoreapp" className="ModelRelief.Test.Integration.DepthBuffers.DepthBuffersFileIntegrationTests" name="FileRequest_FileCanBeReadAfterRename" /></UnitTest><UnitTest name="Post_CanCreateNewModel" storage="d:\modelrelief\modelrelief.test\bin\debug\netcoreapp2.0\modelrelief.test.dll" id="c0ec4696-66dd-4cb2-aeb3-bd8477013149"><Execution id="3ad4e4a5-173b-496b-83bc-2bf6666e41fa" /><TestMethod codeBase="D:\ModelRelief\ModelRelief.test\bin\Debug\netcoreapp2.0\ModelRelief.Test.dll" adapterTypeName="executor://xunit/VsTestRunner2/netcoreapp" className="ModelRelief.Test.Integration.MeshTransforms.MeshTransformsBaseIntegrationTests" name="Post_CanCreateNewModel" /></UnitTest><UnitTest name="PutFile_NewFileCanBePut" storage="d:\modelrelief\modelrelief.test\bin\debug\netcoreapp2.0\modelrelief.test.dll" id="db2093ae-b563-4b6d-a9d4-cbcc136c9c2a"><Execution id="f937bf5f-291c-4b0c-a54a-8bef5bb69ea1" /><TestMethod codeBase="D:\ModelRelief\ModelRelief.test\bin\Debug\netcoreapp2.0\ModelRelief.Test.dll" adapterTypeName="executor://xunit/VsTestRunner2/netcoreapp" className="ModelRelief.Test.Integration.Meshes.MeshesFileIntegrationTests" name="PutFile_NewFileCanBePut" /></UnitTest><UnitTest name="GetList_ListReturnsCorrectCount" storage="d:\modelrelief\modelrelief.test\bin\debug\netcoreapp2.0\modelrelief.test.dll" id="f3f388aa-1849-44a8-8db4-29adccb42824"><Execution id="51e184fa-ac01-4eef-96e1-2cf09df39550" /><TestMethod codeBase="D:\ModelRelief\ModelRelief.test\bin\Debug\netcoreapp2.0\ModelRelief.Test.dll" adapterTypeName="executor://xunit/VsTestRunner2/netcoreapp" className="ModelRelief.Test.Integration.DepthBuffers.DepthBuffersBaseIntegrationTests" name="GetList_ListReturnsCorrectCount" /></UnitTest><UnitTest name="Model3dHasExpectedDependentFiles" storage="d:\modelrelief\modelrelief.test\bin\debug\netcoreapp2.0\modelrelief.test.dll" id="e9afa38c-f25a-4b42-9ca5-f0074c8663e5"><Execution id="5e8c8c9d-37c8-454b-891e-b7718117dfbe" /><TestMethod codeBase="D:\ModelRelief\ModelRelief.test\bin\Debug\netcoreapp2.0\ModelRelief.Test.dll" adapterTypeName="executor://xunit/VsTestRunner2/netcoreapp" className="ModelRelief.Test.Unit.DependencyManager.DependencyManagerTests" name="Model3dHasExpectedDependentFiles" /></UnitTest><UnitTest name="Patch_ValidReferencePropertyUpdatesModel" storage="d:\modelrelief\modelrelief.test\bin\debug\netcoreapp2.0\modelrelief.test.dll" id="6cacf814-6a76-4092-886f-856053027134"><Execution id="9f22a16f-2093-4e13-b85b-1c88b6f9b89d" /><TestMethod codeBase="D:\ModelRelief\ModelRelief.test\bin\Debug\netcoreapp2.0\ModelRelief.Test.dll" adapterTypeName="executor://xunit/VsTestRunner2/netcoreapp" className="ModelRelief.Test.Integration.MeshTransforms.MeshTransformsBaseIntegrationTests" name="Patch_ValidReferencePropertyUpdatesModel" /></UnitTest><UnitTest name="GetSingle_ValidIdPropertyValueReturnsCorrectModel" storage="d:\modelrelief\modelrelief.test\bin\debug\netcoreapp2.0\modelrelief.test.dll" id="cec2a1de-ce51-486e-a107-f59595b405d6"><Execution id="d5e4a457-b456-431c-b74a-e45b17b6bf7e" /><TestMethod codeBase="D:\ModelRelief\ModelRelief.test\bin\Debug\netcoreapp2.0\ModelRelief.Test.dll" adapterTypeName="executor://xunit/VsTestRunner2/netcoreapp" className="ModelRelief.Test.Integration.DepthBuffers.DepthBuffersBaseIntegrationTests" name="GetSingle_ValidIdPropertyValueReturnsCorrectModel" /></UnitTest><UnitTest name="PostFile_FileIsSynchronizedIsUpdatedAfterFileIsPosted" storage="d:\modelrelief\modelrelief.test\bin\debug\netcoreapp2.0\modelrelief.test.dll" id="8c502fbb-1912-4fff-a4e5-fd92a1826e3c"><Execution id="7afc5df5-f2c4-4993-b670-081fb55a20a6" /><TestMethod codeBase="D:\ModelRelief\ModelRelief.test\bin\Debug\netcoreapp2.0\ModelRelief.Test.dll" adapterTypeName="executor://xunit/VsTestRunner2/netcoreapp" className="ModelRelief.Test.Integration.Meshes.MeshesFileIntegrationTests" name="PostFile_FileIsSynchronizedIsUpdatedAfterFileIsPosted" /></UnitTest><UnitTest name="Post_InvalidPropertyValueReturnsBadRequest" storage="d:\modelrelief\modelrelief.test\bin\debug\netcoreapp2.0\modelrelief.test.dll" id="dca907d2-3b25-4329-87a6-b03ad43a2682"><Execution id="2c894cb0-211d-415d-ad7f-cc52f77689cc" /><TestMethod codeBase="D:\ModelRelief\ModelRelief.test\bin\Debug\netcoreapp2.0\ModelRelief.Test.dll" adapterTypeName="executor://xunit/VsTestRunner2/netcoreapp" className="ModelRelief.Test.Integration.Projects.ProjectsBaseIntegrationTests" name="Post_InvalidPropertyValueReturnsBadRequest" /></UnitTest><UnitTest name="Patch_TargetPropertyIsUpdated" storage="d:\modelrelief\modelrelief.test\bin\debug\netcoreapp2.0\modelrelief.test.dll" id="4dd8617d-9993-4107-adc4-003938e507c8"><Execution id="112cfed8-b1d2-454d-b0f5-faa7bd3e599b" /><TestMethod codeBase="D:\ModelRelief\ModelRelief.test\bin\Debug\netcoreapp2.0\ModelRelief.Test.dll" adapterTypeName="executor://xunit/VsTestRunner2/netcoreapp" className="ModelRelief.Test.Integration.Models.ModelsBaseIntegrationTests" name="Patch_TargetPropertyIsUpdated" /></UnitTest><UnitTest name="Post_InvalidReferencePropertyReturnsBadRequest" storage="d:\modelrelief\modelrelief.test\bin\debug\netcoreapp2.0\modelrelief.test.dll" id="eb7cb308-3bc9-450d-883e-6c0fd0dc0660"><Execution id="0bbb9faf-d0da-4dae-8da8-6ad2b485bdd7" /><TestMethod codeBase="D:\ModelRelief\ModelRelief.test\bin\Debug\netcoreapp2.0\ModelRelief.Test.dll" adapterTypeName="executor://xunit/VsTestRunner2/netcoreapp" className="ModelRelief.Test.Integration.Cameras.CamerasBaseIntegrationTests" name="Post_InvalidReferencePropertyReturnsBadRequest" /></UnitTest><UnitTest name="Patch_InvalidPropertyNameReturnsBadRequest" storage="d:\modelrelief\modelrelief.test\bin\debug\netcoreapp2.0\modelrelief.test.dll" id="6c7c5624-e649-40d7-8988-a0e3f2c1d30e"><Execution id="cd2346d4-4485-43a2-9503-3f8d7dfc939a" /><TestMethod codeBase="D:\ModelRelief\ModelRelief.test\bin\Debug\netcoreapp2.0\ModelRelief.Test.dll" adapterTypeName="executor://xunit/VsTestRunner2/netcoreapp" className="ModelRelief.Test.Integration.Meshes.MeshesBaseIntegrationTests" name="Patch_InvalidPropertyNameReturnsBadRequest" /></UnitTest><UnitTest name="Put_InvalidIdReturnsNotFound" storage="d:\modelrelief\modelrelief.test\bin\debug\netcoreapp2.0\modelrelief.test.dll" id="3c5cf1fb-4177-4f84-b83c-914a521ec300"><Execution id="a40f7273-800d-4943-b91c-09ef02654ed1" /><TestMethod codeBase="D:\ModelRelief\ModelRelief.test\bin\Debug\netcoreapp2.0\ModelRelief.Test.dll" adapterTypeName="executor://xunit/VsTestRunner2/netcoreapp" className="ModelRelief.Test.Integration.Cameras.CamerasBaseIntegrationTests" name="Put_InvalidIdReturnsNotFound" /></UnitTest><UnitTest name="Patch_InvalidReferencePropertyReturnsBadRequest" storage="d:\modelrelief\modelrelief.test\bin\debug\netcoreapp2.0\modelrelief.test.dll" id="5b20366d-c772-42e9-9f7a-3c164cbc2df0"><Execution id="2575a184-d819-4945-a796-bc060db714f0" /><TestMethod codeBase="D:\ModelRelief\ModelRelief.test\bin\Debug\netcoreapp2.0\ModelRelief.Test.dll" adapterTypeName="executor://xunit/VsTestRunner2/netcoreapp" className="ModelRelief.Test.Integration.DepthBuffers.DepthBuffersBaseIntegrationTests" name="Patch_InvalidReferencePropertyReturnsBadRequest" /></UnitTest><UnitTest name="Post_ValidReferencePropertyCreatesModel" storage="d:\modelrelief\modelrelief.test\bin\debug\netcoreapp2.0\modelrelief.test.dll" id="64186a4e-12d7-4b85-840b-bcb456825964"><Execution id="b1cea3b5-3724-41d2-a2c0-c4adfb68b9d5" /><TestMethod codeBase="D:\ModelRelief\ModelRelief.test\bin\Debug\netcoreapp2.0\ModelRelief.Test.dll" adapterTypeName="executor://xunit/VsTestRunner2/netcoreapp" className="ModelRelief.Test.Integration.Meshes.MeshesBaseIntegrationTests" name="Post_ValidReferencePropertyCreatesModel" /></UnitTest><UnitTest name="Patch_InvalidIdPropertyReturnsNotFound" storage="d:\modelrelief\modelrelief.test\bin\debug\netcoreapp2.0\modelrelief.test.dll" id="7e611183-c448-44fa-a52c-8c050512044a"><Execution id="ba038458-b904-48b3-84be-fb1580ffe9c1" /><TestMethod codeBase="D:\ModelRelief\ModelRelief.test\bin\Debug\netcoreapp2.0\ModelRelief.Test.dll" adapterTypeName="executor://xunit/VsTestRunner2/netcoreapp" className="ModelRelief.Test.Integration.Meshes.MeshesBaseIntegrationTests" name="Patch_InvalidIdPropertyReturnsNotFound" /></UnitTest><UnitTest name="Put_CanUpdateModel" storage="d:\modelrelief\modelrelief.test\bin\debug\netcoreapp2.0\modelrelief.test.dll" id="aae6c56f-e55c-460d-a249-3f52a7ad324b"><Execution id="14ab9b4e-fb1c-430e-8241-f5cfc8ffdabd" /><TestMethod codeBase="D:\ModelRelief\ModelRelief.test\bin\Debug\netcoreapp2.0\ModelRelief.Test.dll" adapterTypeName="executor://xunit/VsTestRunner2/netcoreapp" className="ModelRelief.Test.Integration.Cameras.CamerasBaseIntegrationTests" name="Put_CanUpdateModel" /></UnitTest><UnitTest name="Put_ValidReferencePropertyUpdatesModel" storage="d:\modelrelief\modelrelief.test\bin\debug\netcoreapp2.0\modelrelief.test.dll" id="fe56c108-0024-4f61-ae74-8dd6dd01cb65"><Execution id="b8a5c3fc-1c40-4de5-a691-9f82a06bf978" /><TestMethod codeBase="D:\ModelRelief\ModelRelief.test\bin\Debug\netcoreapp2.0\ModelRelief.Test.dll" adapterTypeName="executor://xunit/VsTestRunner2/netcoreapp" className="ModelRelief.Test.Integration.Projects.ProjectsBaseIntegrationTests" name="Put_ValidReferencePropertyUpdatesModel" /></UnitTest><UnitTest name="Post_InvalidReferencePropertyReturnsBadRequest" storage="d:\modelrelief\modelrelief.test\bin\debug\netcoreapp2.0\modelrelief.test.dll" id="345a89d7-e7a2-4bda-8e54-35664787ccc4"><Execution id="d90324fa-386e-45be-86db-ce88da11d066" /><TestMethod codeBase="D:\ModelRelief\ModelRelief.test\bin\Debug\netcoreapp2.0\ModelRelief.Test.dll" adapterTypeName="executor://xunit/VsTestRunner2/netcoreapp" className="ModelRelief.Test.Integration.Models.ModelsBaseIntegrationTests" name="Post_InvalidReferencePropertyReturnsBadRequest" /></UnitTest><UnitTest name="Patch_ValidReferencePropertyUpdatesModel" storage="d:\modelrelief\modelrelief.test\bin\debug\netcoreapp2.0\modelrelief.test.dll" id="9cca1222-e580-49d1-816e-6f225eaa3f84"><Execution id="de7da7a2-0a00-439b-ac5f-8fff4eb961e5" /><TestMethod codeBase="D:\ModelRelief\ModelRelief.test\bin\Debug\netcoreapp2.0\ModelRelief.Test.dll" adapterTypeName="executor://xunit/VsTestRunner2/netcoreapp" className="ModelRelief.Test.Integration.Meshes.MeshesBaseIntegrationTests" name="Patch_ValidReferencePropertyUpdatesModel" /></UnitTest><UnitTest name="Delete_TargetModelIsDeleted" storage="d:\modelrelief\modelrelief.test\bin\debug\netcoreapp2.0\modelrelief.test.dll" id="ce6dce40-3d1e-40b2-9971-4f9af2718d2f"><Execution id="300140be-1fd1-444b-838e-e4dd17940b39" /><TestMethod codeBase="D:\ModelRelief\ModelRelief.test\bin\Debug\netcoreapp2.0\ModelRelief.Test.dll" adapterTypeName="executor://xunit/VsTestRunner2/netcoreapp" className="ModelRelief.Test.Integration.Models.ModelsBaseIntegrationTests" name="Delete_TargetModelIsDeleted" /></UnitTest><UnitTest name="Put_InvalidIdReturnsNotFound" storage="d:\modelrelief\modelrelief.test\bin\debug\netcoreapp2.0\modelrelief.test.dll" id="d36edc77-abb5-4f50-a23e-7fd3368bb36d"><Execution id="1a1c9d19-e981-45d4-b801-cd136f44a2bd" /><TestMethod codeBase="D:\ModelRelief\ModelRelief.test\bin\Debug\netcoreapp2.0\ModelRelief.Test.dll" adapterTypeName="executor://xunit/VsTestRunner2/netcoreapp" className="ModelRelief.Test.Integration.Meshes.MeshesBaseIntegrationTests" name="Put_InvalidIdReturnsNotFound" /></UnitTest><UnitTest name="Patch_InvalidPropertyNameReturnsBadRequest" storage="d:\modelrelief\modelrelief.test\bin\debug\netcoreapp2.0\modelrelief.test.dll" id="52228ec7-7484-4c36-9d2a-a3dfc55c2420"><Execution id="60a3c3eb-5435-42ed-9ef8-6aa6ba44e0ee" /><TestMethod codeBase="D:\ModelRelief\ModelRelief.test\bin\Debug\netcoreapp2.0\ModelRelief.Test.dll" adapterTypeName="executor://xunit/VsTestRunner2/netcoreapp" className="ModelRelief.Test.Integration.Projects.ProjectsBaseIntegrationTests" name="Patch_InvalidPropertyNameReturnsBadRequest" /></UnitTest><UnitTest name="GetFile_NonExistentFileReturnsNotFound" storage="d:\modelrelief\modelrelief.test\bin\debug\netcoreapp2.0\modelrelief.test.dll" id="5580ff39-8df8-4f73-95ca-f6e7ba09b081"><Execution id="01798b02-8013-441b-ae74-e059ba04e6de" /><TestMethod codeBase="D:\ModelRelief\ModelRelief.test\bin\Debug\netcoreapp2.0\ModelRelief.Test.dll" adapterTypeName="executor://xunit/VsTestRunner2/netcoreapp" className="ModelRelief.Test.Integration.Models.ModelsFileIntegrationTests" name="GetFile_NonExistentFileReturnsNotFound" /></UnitTest><UnitTest name="PostFile_NewFileCanBePosted" storage="d:\modelrelief\modelrelief.test\bin\debug\netcoreapp2.0\modelrelief.test.dll" id="40269218-74cb-4e0f-b8d0-61e0e04dc4b9"><Execution id="60ebca31-dc48-4642-9781-9d4e78ba19d0" /><TestMethod codeBase="D:\ModelRelief\ModelRelief.test\bin\Debug\netcoreapp2.0\ModelRelief.Test.dll" adapterTypeName="executor://xunit/VsTestRunner2/netcoreapp" className="ModelRelief.Test.Integration.Models.ModelsFileIntegrationTests" name="PostFile_NewFileCanBePosted" /></UnitTest><UnitTest name="GetFile_FileCanBeRoundTripped" storage="d:\modelrelief\modelrelief.test\bin\debug\netcoreapp2.0\modelrelief.test.dll" id="4bac8c24-4f71-48f5-b365-9077bf87ff4a"><Execution id="a0206808-f375-445b-90b6-5e038f0c5e3e" /><TestMethod codeBase="D:\ModelRelief\ModelRelief.test\bin\Debug\netcoreapp2.0\ModelRelief.Test.dll" adapterTypeName="executor://xunit/VsTestRunner2/netcoreapp" className="ModelRelief.Test.Integration.Models.ModelsFileIntegrationTests" name="GetFile_FileCanBeRoundTripped" /></UnitTest><UnitTest name="PostFile_FileIsSynchronizedIsUpdatedAfterFileIsPosted" storage="d:\modelrelief\modelrelief.test\bin\debug\netcoreapp2.0\modelrelief.test.dll" id="71899052-3e97-44b8-b9da-c88ce19bcd6c"><Execution id="3b78ddb3-d2e9-4fc6-86bf-17eb6a0a67bc" /><TestMethod codeBase="D:\ModelRelief\ModelRelief.test\bin\Debug\netcoreapp2.0\ModelRelief.Test.dll" adapterTypeName="executor://xunit/VsTestRunner2/netcoreapp" className="ModelRelief.Test.Integration.Models.ModelsFileIntegrationTests" name="PostFile_FileIsSynchronizedIsUpdatedAfterFileIsPosted" /></UnitTest><UnitTest name="GetSingle_InvalidIdPropertyValueReturnsNotFound" storage="d:\modelrelief\modelrelief.test\bin\debug\netcoreapp2.0\modelrelief.test.dll" id="3dfd9bd4-4c05-4153-9d44-df280fc1f272"><Execution id="42b35fd7-9d1c-4c43-a6d3-e37828c28519" /><TestMethod codeBase="D:\ModelRelief\ModelRelief.test\bin\Debug\netcoreapp2.0\ModelRelief.Test.dll" adapterTypeName="executor://xunit/VsTestRunner2/netcoreapp" className="ModelRelief.Test.Integration.Cameras.CamerasBaseIntegrationTests" name="GetSingle_InvalidIdPropertyValueReturnsNotFound" /></UnitTest><UnitTest name="FileRequest_FileCanBeReadAfterRename" storage="d:\modelrelief\modelrelief.test\bin\debug\netcoreapp2.0\modelrelief.test.dll" id="ceb36bff-8b32-4cce-b5de-3cfd0bc3b797"><Execution id="2eb7c278-71e9-4149-a0bf-7f9149e389fe" /><TestMethod codeBase="D:\ModelRelief\ModelRelief.test\bin\Debug\netcoreapp2.0\ModelRelief.Test.dll" adapterTypeName="executor://xunit/VsTestRunner2/netcoreapp" className="ModelRelief.Test.Integration.Models.ModelsFileIntegrationTests" name="FileRequest_FileCanBeReadAfterRename" /></UnitTest><UnitTest name="GetFile_ExistingFileReturnsSuccess" storage="d:\modelrelief\modelrelief.test\bin\debug\netcoreapp2.0\modelrelief.test.dll" id="cf0c74f1-5652-4ef3-bd6e-8fdcc5b5eae4"><Execution id="79fd23f6-80bb-421e-b619-10a70a52b0cd" /><TestMethod codeBase="D:\ModelRelief\ModelRelief.test\bin\Debug\netcoreapp2.0\ModelRelief.Test.dll" adapterTypeName="executor://xunit/VsTestRunner2/netcoreapp" className="ModelRelief.Test.Integration.DepthBuffers.DepthBuffersFileIntegrationTests" name="GetFile_ExistingFileReturnsSuccess" /></UnitTest><UnitTest name="Post_InvalidPropertyValueReturnsBadRequest" storage="d:\modelrelief\modelrelief.test\bin\debug\netcoreapp2.0\modelrelief.test.dll" id="ab9542a2-c49e-40bb-9d8c-bf7a22ca63f7"><Execution id="5802dbec-044e-4625-ab74-3bb784b092d0" /><TestMethod codeBase="D:\ModelRelief\ModelRelief.test\bin\Debug\netcoreapp2.0\ModelRelief.Test.dll" adapterTypeName="executor://xunit/VsTestRunner2/netcoreapp" className="ModelRelief.Test.Integration.MeshTransforms.MeshTransformsBaseIntegrationTests" name="Post_InvalidPropertyValueReturnsBadRequest" /></UnitTest><UnitTest name="Post_InvalidPropertyValueReturnsBadRequest" storage="d:\modelrelief\modelrelief.test\bin\debug\netcoreapp2.0\modelrelief.test.dll" id="19839de6-238e-43c5-a7b7-1097eae78dcb"><Execution id="3ab5049d-b587-4fab-b850-b1c3db902215" /><TestMethod codeBase="D:\ModelRelief\ModelRelief.test\bin\Debug\netcoreapp2.0\ModelRelief.Test.dll" adapterTypeName="executor://xunit/VsTestRunner2/netcoreapp" className="ModelRelief.Test.Integration.Models.ModelsBaseIntegrationTests" name="Post_InvalidPropertyValueReturnsBadRequest" /></UnitTest><UnitTest name="Patch_TargetPropertyIsUpdated" storage="d:\modelrelief\modelrelief.test\bin\debug\netcoreapp2.0\modelrelief.test.dll" id="0dbdbd70-3416-4ff8-93d6-2bf341f7b317"><Execution id="352ddb27-1b36-4fdd-9249-0b8cb9e040bd" /><TestMethod codeBase="D:\ModelRelief\ModelRelief.test\bin\Debug\netcoreapp2.0\ModelRelief.Test.dll" adapterTypeName="executor://xunit/VsTestRunner2/netcoreapp" className="ModelRelief.Test.Integration.Meshes.MeshesBaseIntegrationTests" name="Patch_TargetPropertyIsUpdated" /></UnitTest><UnitTest name="Patch_TargetPropertyIsUpdated" storage="d:\modelrelief\modelrelief.test\bin\debug\netcoreapp2.0\modelrelief.test.dll" id="c8901624-a99c-4a08-ae04-e9d87064e579"><Execution id="174c4195-c5e5-4127-a5bc-6bdd5edf0a24" /><TestMethod codeBase="D:\ModelRelief\ModelRelief.test\bin\Debug\netcoreapp2.0\ModelRelief.Test.dll" adapterTypeName="executor://xunit/VsTestRunner2/netcoreapp" className="ModelRelief.Test.Integration.MeshTransforms.MeshTransformsBaseIntegrationTests" name="Patch_TargetPropertyIsUpdated" /></UnitTest><UnitTest name="Put_InvalidReferencePropertyReturndBadRequest" storage="d:\modelrelief\modelrelief.test\bin\debug\netcoreapp2.0\modelrelief.test.dll" id="b27bc947-44d4-4f5b-a0de-11d4f71d67db"><Execution id="f6703957-1537-468a-8b4f-f0eee33660b4" /><TestMethod codeBase="D:\ModelRelief\ModelRelief.test\bin\Debug\netcoreapp2.0\ModelRelief.Test.dll" adapterTypeName="executor://xunit/VsTestRunner2/netcoreapp" className="ModelRelief.Test.Integration.Meshes.MeshesBaseIntegrationTests" name="Put_InvalidReferencePropertyReturndBadRequest" /></UnitTest><UnitTest name="Post_CanCreateNewModel" storage="d:\modelrelief\modelrelief.test\bin\debug\netcoreapp2.0\modelrelief.test.dll" id="60c38c76-4fea-4ea2-a753-fee7ea3d3855"><Execution id="fed3989e-fedf-442d-a54f-0fe2b51aba07" /><TestMethod codeBase="D:\ModelRelief\ModelRelief.test\bin\Debug\netcoreapp2.0\ModelRelief.Test.dll" adapterTypeName="executor://xunit/VsTestRunner2/netcoreapp" className="ModelRelief.Test.Integration.Projects.ProjectsBaseIntegrationTests" name="Post_CanCreateNewModel" /></UnitTest><UnitTest name="Patch_InvalidPropertyNameReturnsBadRequest" storage="d:\modelrelief\modelrelief.test\bin\debug\netcoreapp2.0\modelrelief.test.dll" id="a67edb06-1ec9-402c-89cb-0a76815f78f2"><Execution id="8e0f1a25-583c-4614-91b0-42542e9bfe88" /><TestMethod codeBase="D:\ModelRelief\ModelRelief.test\bin\Debug\netcoreapp2.0\ModelRelief.Test.dll" adapterTypeName="executor://xunit/VsTestRunner2/netcoreapp" className="ModelRelief.Test.Integration.DepthBuffers.DepthBuffersBaseIntegrationTests" name="Patch_InvalidPropertyNameReturnsBadRequest" /></UnitTest><UnitTest name="PutFile_FileCanBeUpdated" storage="d:\modelrelief\modelrelief.test\bin\debug\netcoreapp2.0\modelrelief.test.dll" id="f490d062-d05b-418c-9457-0b192b92bb2b"><Execution id="57322126-17fb-4c60-aa14-76efe3bebe6e" /><TestMethod codeBase="D:\ModelRelief\ModelRelief.test\bin\Debug\netcoreapp2.0\ModelRelief.Test.dll" adapterTypeName="executor://xunit/VsTestRunner2/netcoreapp" className="ModelRelief.Test.Integration.DepthBuffers.DepthBuffersFileIntegrationTests" name="PutFile_FileCanBeUpdated" /></UnitTest><UnitTest name="Put_ValidReferencePropertyUpdatesModel" storage="d:\modelrelief\modelrelief.test\bin\debug\netcoreapp2.0\modelrelief.test.dll" id="b19ca749-ea86-4cd6-b75b-eb8c00356e63"><Execution id="d7119de8-b3f2-461b-9c3e-b9544a70ec30" /><TestMethod codeBase="D:\ModelRelief\ModelRelief.test\bin\Debug\netcoreapp2.0\ModelRelief.Test.dll" adapterTypeName="executor://xunit/VsTestRunner2/netcoreapp" className="ModelRelief.Test.Integration.Cameras.CamerasBaseIntegrationTests" name="Put_ValidReferencePropertyUpdatesModel" /></UnitTest><UnitTest name="Put_ValidReferencePropertyUpdatesModel" storage="d:\modelrelief\modelrelief.test\bin\debug\netcoreapp2.0\modelrelief.test.dll" id="0aea652d-f44a-4381-98af-739a4a878971"><Execution id="27367321-f206-4926-89bf-a55df503d53a" /><TestMethod codeBase="D:\ModelRelief\ModelRelief.test\bin\Debug\netcoreapp2.0\ModelRelief.Test.dll" adapterTypeName="executor://xunit/VsTestRunner2/netcoreapp" className="ModelRelief.Test.Integration.Meshes.MeshesBaseIntegrationTests" name="Put_ValidReferencePropertyUpdatesModel" /></UnitTest><UnitTest name="GetFile_ExistingFileReturnsSuccess" storage="d:\modelrelief\modelrelief.test\bin\debug\netcoreapp2.0\modelrelief.test.dll" id="b8cde5aa-ef7b-404e-9e64-c98bbb12d404"><Execution id="035777c4-b373-46f9-817b-8a8421a85f93" /><TestMethod codeBase="D:\ModelRelief\ModelRelief.test\bin\Debug\netcoreapp2.0\ModelRelief.Test.dll" adapterTypeName="executor://xunit/VsTestRunner2/netcoreapp" className="ModelRelief.Test.Integration.Meshes.MeshesFileIntegrationTests" name="GetFile_ExistingFileReturnsSuccess" /></UnitTest><UnitTest name="Patch_InvalidReferencePropertyReturnsBadRequest" storage="d:\modelrelief\modelrelief.test\bin\debug\netcoreapp2.0\modelrelief.test.dll" id="bf3d5fae-cf04-4376-bbf2-b523b0853611"><Execution id="a441581d-ba04-4cc1-87ea-41e1b758ab7b" /><TestMethod codeBase="D:\ModelRelief\ModelRelief.test\bin\Debug\netcoreapp2.0\ModelRelief.Test.dll" adapterTypeName="executor://xunit/VsTestRunner2/netcoreapp" className="ModelRelief.Test.Integration.Meshes.MeshesBaseIntegrationTests" name="Patch_InvalidReferencePropertyReturnsBadRequest" /></UnitTest><UnitTest name="Delete_TargetModelIsDeleted" storage="d:\modelrelief\modelrelief.test\bin\debug\netcoreapp2.0\modelrelief.test.dll" id="8e01661f-4aa0-43ea-aaa4-4bef9b7ee933"><Execution id="e9d3ce63-a6d2-4ab5-ba63-24b901e132ed" /><TestMethod codeBase="D:\ModelRelief\ModelRelief.test\bin\Debug\netcoreapp2.0\ModelRelief.Test.dll" adapterTypeName="executor://xunit/VsTestRunner2/netcoreapp" className="ModelRelief.Test.Integration.Projects.ProjectsBaseIntegrationTests" name="Delete_TargetModelIsDeleted" /></UnitTest><UnitTest name="Patch_TargetPropertyIsUpdated" storage="d:\modelrelief\modelrelief.test\bin\debug\netcoreapp2.0\modelrelief.test.dll" id="c0c4e238-9670-4168-930f-f679b8ad2035"><Execution id="0d94241b-0e7b-43c6-aa02-74a0443d5193" /><TestMethod codeBase="D:\ModelRelief\ModelRelief.test\bin\Debug\netcoreapp2.0\ModelRelief.Test.dll" adapterTypeName="executor://xunit/VsTestRunner2/netcoreapp" className="ModelRelief.Test.Integration.DepthBuffers.DepthBuffersBaseIntegrationTests" name="Patch_TargetPropertyIsUpdated" /></UnitTest><UnitTest name="Patch_InvalidReferencePropertyReturnsBadRequest" storage="d:\modelrelief\modelrelief.test\bin\debug\netcoreapp2.0\modelrelief.test.dll" id="fc954c74-7cce-4207-975d-0fddbeed1a85"><Execution id="1c1cae65-ec2d-45e6-89a0-dc8331be94b1" /><TestMethod codeBase="D:\ModelRelief\ModelRelief.test\bin\Debug\netcoreapp2.0\ModelRelief.Test.dll" adapterTypeName="executor://xunit/VsTestRunner2/netcoreapp" className="ModelRelief.Test.Integration.Models.ModelsBaseIntegrationTests" name="Patch_InvalidReferencePropertyReturnsBadRequest" /></UnitTest><UnitTest name="Put_InvalidReferencePropertyReturndBadRequest" storage="d:\modelrelief\modelrelief.test\bin\debug\netcoreapp2.0\modelrelief.test.dll" id="3578cc01-e0dc-4738-b264-fac4b9b3be09"><Execution id="8a7b170d-b276-419c-a3f2-bfae327024d5" /><TestMethod codeBase="D:\ModelRelief\ModelRelief.test\bin\Debug\netcoreapp2.0\ModelRelief.Test.dll" adapterTypeName="executor://xunit/VsTestRunner2/netcoreapp" className="ModelRelief.Test.Integration.Projects.ProjectsBaseIntegrationTests" name="Put_InvalidReferencePropertyReturndBadRequest" /></UnitTest><UnitTest name="FileRequest_FileCanBeReadAfterRename" storage="d:\modelrelief\modelrelief.test\bin\debug\netcoreapp2.0\modelrelief.test.dll" id="291a000c-7c67-4f7f-87a7-f6ff4a8eb7fa"><Execution id="38d6f670-58fb-42ae-b686-d33246c48784" /><TestMethod codeBase="D:\ModelRelief\ModelRelief.test\bin\Debug\netcoreapp2.0\ModelRelief.Test.dll" adapterTypeName="executor://xunit/VsTestRunner2/netcoreapp" className="ModelRelief.Test.Integration.Meshes.MeshesFileIntegrationTests" name="FileRequest_FileCanBeReadAfterRename" /></UnitTest><UnitTest name="Patch_TargetPropertyIsUpdated" storage="d:\modelrelief\modelrelief.test\bin\debug\netcoreapp2.0\modelrelief.test.dll" id="912115c1-d80c-429a-9058-9f4a5540fe9c"><Execution id="3e93c59c-dfc3-4d99-9ead-63fe77cfc935" /><TestMethod codeBase="D:\ModelRelief\ModelRelief.test\bin\Debug\netcoreapp2.0\ModelRelief.Test.dll" adapterTypeName="executor://xunit/VsTestRunner2/netcoreapp" className="ModelRelief.Test.Integration.Projects.ProjectsBaseIntegrationTests" name="Patch_TargetPropertyIsUpdated" /></UnitTest><UnitTest name="Post_ValidReferencePropertyCreatesModel" storage="d:\modelrelief\modelrelief.test\bin\debug\netcoreapp2.0\modelrelief.test.dll" id="7b6add24-f31b-440f-9e01-8691f01fb49e"><Execution id="76c58ce4-a075-4d96-a5d2-0b3ce5abb7d7" /><TestMethod codeBase="D:\ModelRelief\ModelRelief.test\bin\Debug\netcoreapp2.0\ModelRelief.Test.dll" adapterTypeName="executor://xunit/VsTestRunner2/netcoreapp" className="ModelRelief.Test.Integration.Cameras.CamerasBaseIntegrationTests" name="Post_ValidReferencePropertyCreatesModel" /></UnitTest><UnitTest name="Put_CanUpdateModel" storage="d:\modelrelief\modelrelief.test\bin\debug\netcoreapp2.0\modelrelief.test.dll" id="b055a06f-cd27-47d4-8d42-8571ec2c94a6"><Execution id="a57c3b89-7c4d-454c-b57d-ecf04403b5f5" /><TestMethod codeBase="D:\ModelRelief\ModelRelief.test\bin\Debug\netcoreapp2.0\ModelRelief.Test.dll" adapterTypeName="executor://xunit/VsTestRunner2/netcoreapp" className="ModelRelief.Test.Integration.DepthBuffers.DepthBuffersBaseIntegrationTests" name="Put_CanUpdateModel" /></UnitTest><UnitTest name="Post_InvalidReferencePropertyReturnsBadRequest" storage="d:\modelrelief\modelrelief.test\bin\debug\netcoreapp2.0\modelrelief.test.dll" id="2e4a249d-e309-4d07-8543-bee809592f0e"><Execution id="01f13a1e-3e27-4392-8b26-fa38ef0940d4" /><TestMethod codeBase="D:\ModelRelief\ModelRelief.test\bin\Debug\netcoreapp2.0\ModelRelief.Test.dll" adapterTypeName="executor://xunit/VsTestRunner2/netcoreapp" className="ModelRelief.Test.Integration.DepthBuffers.DepthBuffersBaseIntegrationTests" name="Post_InvalidReferencePropertyReturnsBadRequest" /></UnitTest><UnitTest name="Put_ValidReferencePropertyUpdatesModel" storage="d:\modelrelief\modelrelief.test\bin\debug\netcoreapp2.0\modelrelief.test.dll" id="34198ec4-0a9c-433a-88ba-8f7205895289"><Execution id="f3598ce7-d369-4dc2-9082-f780730e6359" /><TestMethod codeBase="D:\ModelRelief\ModelRelief.test\bin\Debug\netcoreapp2.0\ModelRelief.Test.dll" adapterTypeName="executor://xunit/VsTestRunner2/netcoreapp" className="ModelRelief.Test.Integration.DepthBuffers.DepthBuffersBaseIntegrationTests" name="Put_ValidReferencePropertyUpdatesModel" /></UnitTest><UnitTest name="GetList_ListReturnsCorrectCount" storage="d:\modelrelief\modelrelief.test\bin\debug\netcoreapp2.0\modelrelief.test.dll" id="e4033518-65ab-4020-b5e0-66c99baf905c"><Execution id="e0efcb46-809c-45a9-9059-93dd82b96a0c" /><TestMethod codeBase="D:\ModelRelief\ModelRelief.test\bin\Debug\netcoreapp2.0\ModelRelief.Test.dll" adapterTypeName="executor://xunit/VsTestRunner2/netcoreapp" className="ModelRelief.Test.Integration.Cameras.CamerasBaseIntegrationTests" name="GetList_ListReturnsCorrectCount" /></UnitTest><UnitTest name="PostFile_FileTimeStampIsUpdatedAfterFileIsPosted" storage="d:\modelrelief\modelrelief.test\bin\debug\netcoreapp2.0\modelrelief.test.dll" id="fcc7fc2d-6985-446b-8a78-7c9bd4db530e"><Execution id="4411c6cd-2ba0-4098-a3e1-9818203382be" /><TestMethod codeBase="D:\ModelRelief\ModelRelief.test\bin\Debug\netcoreapp2.0\ModelRelief.Test.dll" adapterTypeName="executor://xunit/VsTestRunner2/netcoreapp" className="ModelRelief.Test.Integration.DepthBuffers.DepthBuffersFileIntegrationTests" name="PostFile_FileTimeStampIsUpdatedAfterFileIsPosted" /></UnitTest><UnitTest name="Delete_TargetModelIsDeleted" storage="d:\modelrelief\modelrelief.test\bin\debug\netcoreapp2.0\modelrelief.test.dll" id="c732dce0-5d17-41a1-a2ff-d9804927feb6"><Execution id="b61ec086-c5d4-475a-bfdb-ab7c8b6688d7" /><TestMethod codeBase="D:\ModelRelief\ModelRelief.test\bin\Debug\netcoreapp2.0\ModelRelief.Test.dll" adapterTypeName="executor://xunit/VsTestRunner2/netcoreapp" className="ModelRelief.Test.Integration.DepthBuffers.DepthBuffersBaseIntegrationTests" name="Delete_TargetModelIsDeleted" /></UnitTest><UnitTest name="Post_InvalidReferencePropertyReturnsBadRequest" storage="d:\modelrelief\modelrelief.test\bin\debug\netcoreapp2.0\modelrelief.test.dll" id="efd47905-14ac-4bf7-9cd2-ca5ab3ed0fea"><Execution id="cc5f235b-650f-4bee-bf77-fb9e0d5967de" /><TestMethod codeBase="D:\ModelRelief\ModelRelief.test\bin\Debug\netcoreapp2.0\ModelRelief.Test.dll" adapterTypeName="executor://xunit/VsTestRunner2/netcoreapp" className="ModelRelief.Test.Integration.Projects.ProjectsBaseIntegrationTests" name="Post_InvalidReferencePropertyReturnsBadRequest" /></UnitTest><UnitTest name="Post_CanCreateNewModel" storage="d:\modelrelief\modelrelief.test\bin\debug\netcoreapp2.0\modelrelief.test.dll" id="d2428617-4c6f-4b34-8e46-7033eebecccc"><Execution id="d09c03cc-6df5-4165-a5ad-e685d16f3b94" /><TestMethod codeBase="D:\ModelRelief\ModelRelief.test\bin\Debug\netcoreapp2.0\ModelRelief.Test.dll" adapterTypeName="executor://xunit/VsTestRunner2/netcoreapp" className="ModelRelief.Test.Integration.Models.ModelsBaseIntegrationTests" name="Post_CanCreateNewModel" /></UnitTest><UnitTest name="Delete_TargetModelIsDeleted" storage="d:\modelrelief\modelrelief.test\bin\debug\netcoreapp2.0\modelrelief.test.dll" id="b7578f85-8b6c-4fdb-b469-02d4ab2b19c5"><Execution id="1d3de064-f579-4505-804b-6beee2508528" /><TestMethod codeBase="D:\ModelRelief\ModelRelief.test\bin\Debug\netcoreapp2.0\ModelRelief.Test.dll" adapterTypeName="executor://xunit/VsTestRunner2/netcoreapp" className="ModelRelief.Test.Integration.Cameras.CamerasBaseIntegrationTests" name="Delete_TargetModelIsDeleted" /></UnitTest><UnitTest name="Post_ValidReferencePropertyCreatesModel" storage="d:\modelrelief\modelrelief.test\bin\debug\netcoreapp2.0\modelrelief.test.dll" id="8ff7f899-67eb-41e8-8aa6-0c9913e61b37"><Execution id="b554089d-6b52-46d3-ab13-fb6521e09e3c" /><TestMethod codeBase="D:\ModelRelief\ModelRelief.test\bin\Debug\netcoreapp2.0\ModelRelief.Test.dll" adapterTypeName="executor://xunit/VsTestRunner2/netcoreapp" className="ModelRelief.Test.Integration.Projects.ProjectsBaseIntegrationTests" name="Post_ValidReferencePropertyCreatesModel" /></UnitTest><UnitTest name="Patch_MultipleInvalidReferencePropertiesReturnsMultipleValidationErrorsAndBadRequest" storage="d:\modelrelief\modelrelief.test\bin\debug\netcoreapp2.0\modelrelief.test.dll" id="791c4dc8-ec6f-4f44-8e07-973e502957cc"><Execution id="2e8c307d-706f-4417-b8a3-73ad12d0b7b3" /><TestMethod codeBase="D:\ModelRelief\ModelRelief.test\bin\Debug\netcoreapp2.0\ModelRelief.Test.dll" adapterTypeName="executor://xunit/VsTestRunner2/netcoreapp" className="ModelRelief.Test.Integration.Meshes.MeshesBaseIntegrationTests" name="Patch_MultipleInvalidReferencePropertiesReturnsMultipleValidationErrorsAndBadRequest" /></UnitTest><UnitTest name="LucyDepthBufferFindsOneDependent" storage="d:\modelrelief\modelrelief.test\bin\debug\netcoreapp2.0\modelrelief.test.dll" id="98b1aefa-f7c2-4aa3-b1ab-49d48da7ce0c"><Execution id="24b959d6-273b-4c36-a4c7-bf447d61dd7c" /><TestMethod codeBase="D:\ModelRelief\ModelRelief.test\bin\Debug\netcoreapp2.0\ModelRelief.Test.dll" adapterTypeName="executor://xunit/VsTestRunner2/netcoreapp" className="ModelRelief.Test.Unit.DependencyManager.DependencyManagerTests" name="LucyDepthBufferFindsOneDependent" /></UnitTest></TestDefinitions><TestEntries><TestEntry testId="b8cde5aa-ef7b-404e-9e64-c98bbb12d404" executionId="035777c4-b373-46f9-817b-8a8421a85f93" testListId="8c84fa94-04c1-424b-9868-57a2d4851a1d" /><TestEntry testId="8aba93dd-497b-4407-8467-56c5960c75a8" executionId="623eda95-0a6e-4f05-ad2d-f1a953f7f79f" testListId="8c84fa94-04c1-424b-9868-57a2d4851a1d" /><TestEntry testId="1bf37855-c70b-4db0-b2dc-c47b42f6e560" executionId="8802b490-4d58-4491-afea-4cb011fbd335" testListId="8c84fa94-04c1-424b-9868-57a2d4851a1d" /><TestEntry testId="1188118e-6a2f-46f4-a52f-c6f1e53dcdea" executionId="8a011a0d-6271-4555-85ad-d88ef9faf046" testListId="8c84fa94-04c1-424b-9868-57a2d4851a1d" /><TestEntry testId="3e310188-6983-4823-8fae-d60ddd3765a0" executionId="ad62c9b5-0830-4403-b97d-577d7fd4e4a6" testListId="8c84fa94-04c1-424b-9868-57a2d4851a1d" /><TestEntry testId="d355fd2c-5cb8-4d7c-899e-c7309d11ee28" executionId="39deb294-d72b-4f1b-8bf7-6c6ccd43d18b" testListId="8c84fa94-04c1-424b-9868-57a2d4851a1d" /><TestEntry testId="582ebf6c-2265-4b2d-819a-4cbdb939bd77" executionId="7c6d23ee-cc57-4f0f-ba6e-f4b7a6f5ddaf" testListId="8c84fa94-04c1-424b-9868-57a2d4851a1d" /><TestEntry testId="240ca6b8-0f7a-43d7-b920-e3783a71f55b" executionId="b6dfe96a-527a-4294-bfc8-57096cc708ed" testListId="8c84fa94-04c1-424b-9868-57a2d4851a1d" /><TestEntry testId="b19ca749-ea86-4cd6-b75b-eb8c00356e63" executionId="d7119de8-b3f2-461b-9c3e-b9544a70ec30" testListId="8c84fa94-04c1-424b-9868-57a2d4851a1d" /><TestEntry testId="795a436f-9752-447f-9a0e-6a46f57d7936" executionId="984bcb5e-1a39-4694-9926-b47c77cfabbf" testListId="8c84fa94-04c1-424b-9868-57a2d4851a1d" /><TestEntry testId="1e1df22f-61a9-45e9-84f6-72631bf38518" executionId="0825a4cd-bde2-4163-b8ec-e007164742de" testListId="8c84fa94-04c1-424b-9868-57a2d4851a1d" /><TestEntry testId="345a89d7-e7a2-4bda-8e54-35664787ccc4" executionId="d90324fa-386e-45be-86db-ce88da11d066" testListId="8c84fa94-04c1-424b-9868-57a2d4851a1d" /><TestEntry testId="db2093ae-b563-4b6d-a9d4-cbcc136c9c2a" executionId="f937bf5f-291c-4b0c-a54a-8bef5bb69ea1" testListId="8c84fa94-04c1-424b-9868-57a2d4851a1d" /><TestEntry testId="f6715f31-62ce-40d3-bac9-63b181982ff0" executionId="5d3f73b8-0876-40c7-a9ca-eb5eb0961edb" testListId="8c84fa94-04c1-424b-9868-57a2d4851a1d" /><TestEntry testId="a67edb06-1ec9-402c-89cb-0a76815f78f2" executionId="8e0f1a25-583c-4614-91b0-42542e9bfe88" testListId="8c84fa94-04c1-424b-9868-57a2d4851a1d" /><TestEntry testId="e4033518-65ab-4020-b5e0-66c99baf905c" executionId="e0efcb46-809c-45a9-9059-93dd82b96a0c" testListId="8c84fa94-04c1-424b-9868-57a2d4851a1d" /><TestEntry testId="7792daa3-fa9f-450c-b189-cec88d9df3a6" executionId="922d0e97-96c0-45b1-a4b3-52bdfa412fe5" testListId="8c84fa94-04c1-424b-9868-57a2d4851a1d" /><TestEntry testId="b5df646d-6ae7-4491-8953-a15a0ecac378" executionId="e20cf947-58c7-4fc1-befc-c05dcef6775c" testListId="8c84fa94-04c1-424b-9868-57a2d4851a1d" /><TestEntry testId="f8a9b1e2-05c0-4385-b9dd-8634c68e7028" executionId="7f115040-e13d-4204-a51c-c78a967bc7ea" testListId="8c84fa94-04c1-424b-9868-57a2d4851a1d" /><TestEntry testId="508b3432-e9a3-4c2d-ab28-a70c102ef3cc" executionId="e74cd20f-4feb-41bf-8f41-3ed190d9e9d1" testListId="8c84fa94-04c1-424b-9868-57a2d4851a1d" /><TestEntry testId="49a95191-7c6d-4254-9aff-aabb4e8ced47" executionId="494c8fb1-ef45-4327-bf9d-49a9a0449dc0" testListId="8c84fa94-04c1-424b-9868-57a2d4851a1d" /><TestEntry testId="6354c0a5-2134-4f4e-8f91-151597380698" executionId="cb0be65c-12a0-4264-84ec-02d69a184759" testListId="8c84fa94-04c1-424b-9868-57a2d4851a1d" /><TestEntry testId="60c38c76-4fea-4ea2-a753-fee7ea3d3855" executionId="fed3989e-fedf-442d-a54f-0fe2b51aba07" testListId="8c84fa94-04c1-424b-9868-57a2d4851a1d" /><TestEntry testId="c9588fbf-6bfc-433a-aa7c-244d3533279b" executionId="0ca286bf-c91d-482b-935c-3edb4ebd0ac7" testListId="8c84fa94-04c1-424b-9868-57a2d4851a1d" /><TestEntry testId="6c7c5624-e649-40d7-8988-a0e3f2c1d30e" executionId="cd2346d4-4485-43a2-9503-3f8d7dfc939a" testListId="8c84fa94-04c1-424b-9868-57a2d4851a1d" /><TestEntry testId="29d75993-d62e-4863-8f8b-6752682570ca" executionId="35b21f91-431c-4231-8497-d566239bba02" testListId="8c84fa94-04c1-424b-9868-57a2d4851a1d" /><TestEntry testId="71899052-3e97-44b8-b9da-c88ce19bcd6c" executionId="3b78ddb3-d2e9-4fc6-86bf-17eb6a0a67bc" testListId="8c84fa94-04c1-424b-9868-57a2d4851a1d" /><TestEntry testId="9901fd36-a6cc-491a-8c52-7d483d07d155" executionId="a68ed457-a291-4a01-b969-e27d1a046092" testListId="8c84fa94-04c1-424b-9868-57a2d4851a1d" /><TestEntry testId="fcc7fc2d-6985-446b-8a78-7c9bd4db530e" executionId="4411c6cd-2ba0-4098-a3e1-9818203382be" testListId="8c84fa94-04c1-424b-9868-57a2d4851a1d" /><TestEntry testId="f3f388aa-1849-44a8-8db4-29adccb42824" executionId="51e184fa-ac01-4eef-96e1-2cf09df39550" testListId="8c84fa94-04c1-424b-9868-57a2d4851a1d" /><TestEntry testId="0dbdbd70-3416-4ff8-93d6-2bf341f7b317" executionId="352ddb27-1b36-4fdd-9249-0b8cb9e040bd" testListId="8c84fa94-04c1-424b-9868-57a2d4851a1d" /><TestEntry testId="2e4d6e2f-deb0-42e6-927b-bfdefc47602e" executionId="5088bb62-75ad-478d-b295-52232978de98" testListId="8c84fa94-04c1-424b-9868-57a2d4851a1d" /><TestEntry testId="de03b272-1ebb-4949-9841-d7360b4c899b" executionId="f1f69674-2ad6-44da-9fb3-4eefdb20296f" testListId="8c84fa94-04c1-424b-9868-57a2d4851a1d" /><TestEntry testId="11b00b50-8d66-42ae-aa3a-a1687c6ff915" executionId="7b5a6ff6-29e1-4b3a-b6a7-b10cb6e6a201" testListId="8c84fa94-04c1-424b-9868-57a2d4851a1d" /><TestEntry testId="420b5987-d8e5-4437-bc6c-6b0c16335ac2" executionId="2fc63b9e-3953-48e3-bed9-db9584f10d88" testListId="8c84fa94-04c1-424b-9868-57a2d4851a1d" /><TestEntry testId="fc954c74-7cce-4207-975d-0fddbeed1a85" executionId="1c1cae65-ec2d-45e6-89a0-dc8331be94b1" testListId="8c84fa94-04c1-424b-9868-57a2d4851a1d" /><TestEntry testId="eb7cb308-3bc9-450d-883e-6c0fd0dc0660" executionId="0bbb9faf-d0da-4dae-8da8-6ad2b485bdd7" testListId="8c84fa94-04c1-424b-9868-57a2d4851a1d" /><TestEntry testId="cce55abb-b463-4af6-b8af-c70d52d28482" executionId="1ae84267-7072-4c7a-be98-af49871c5364" testListId="8c84fa94-04c1-424b-9868-57a2d4851a1d" /><TestEntry testId="5eb337e0-d4b6-49dc-83a2-52193e00c668" executionId="4b9b4fa6-13ec-4439-89ce-ae8505302876" testListId="8c84fa94-04c1-424b-9868-57a2d4851a1d" /><TestEntry testId="e1f9991d-860c-49d1-9945-cc463e179702" executionId="d6d641a8-619d-4a62-9edd-b9007473cf96" testListId="8c84fa94-04c1-424b-9868-57a2d4851a1d" /><TestEntry testId="5b20366d-c772-42e9-9f7a-3c164cbc2df0" executionId="2575a184-d819-4945-a796-bc060db714f0" testListId="8c84fa94-04c1-424b-9868-57a2d4851a1d" /><TestEntry testId="64186a4e-12d7-4b85-840b-bcb456825964" executionId="b1cea3b5-3724-41d2-a2c0-c4adfb68b9d5" testListId="8c84fa94-04c1-424b-9868-57a2d4851a1d" /><TestEntry testId="4505d226-3ce4-4481-aa6d-6b55d2514e73" executionId="4ff398bc-a65e-4335-91d0-b09b6b16cdc4" testListId="8c84fa94-04c1-424b-9868-57a2d4851a1d" /><TestEntry testId="b6dad029-89f8-45e7-afd8-15547b0cc128" executionId="db5ad5a4-9161-4ada-9e8d-0314f5ae6a09" testListId="8c84fa94-04c1-424b-9868-57a2d4851a1d" /><TestEntry testId="714261e3-4e3b-4466-a91a-659409ac6ab0" executionId="b780a598-0342-4a19-81d5-6e0dbc2eebd9" testListId="8c84fa94-04c1-424b-9868-57a2d4851a1d" /><TestEntry testId="a5c3ae4f-3a74-4fa5-86ed-b896cea47607" executionId="8cd39df8-ff56-4466-93a4-4fc39b4a5965" testListId="8c84fa94-04c1-424b-9868-57a2d4851a1d" /><TestEntry testId="305e9868-7c7e-4820-9c38-162561461065" executionId="d3f28f4c-744c-4ecd-a112-29f794df1afb" testListId="8c84fa94-04c1-424b-9868-57a2d4851a1d" /><TestEntry testId="f9a277a5-3451-4056-b708-03baa6452d0e" executionId="a0aab80f-a1a2-4db7-bce5-47716759402b" testListId="8c84fa94-04c1-424b-9868-57a2d4851a1d" /><TestEntry testId="69ef0cdc-769a-491e-b40b-c019c39d31af" executionId="314709e1-071c-4d87-ba15-9cb6c2966347" testListId="8c84fa94-04c1-424b-9868-57a2d4851a1d" /><TestEntry testId="ceb36bff-8b32-4cce-b5de-3cfd0bc3b797" executionId="2eb7c278-71e9-4149-a0bf-7f9149e389fe" testListId="8c84fa94-04c1-424b-9868-57a2d4851a1d" /><TestEntry testId="8f2c2d24-3eab-447e-814c-738950f62b8f" executionId="0afef477-689b-4308-9de8-65346b383ffb" testListId="8c84fa94-04c1-424b-9868-57a2d4851a1d" /><TestEntry testId="c732dce0-5d17-41a1-a2ff-d9804927feb6" executionId="b61ec086-c5d4-475a-bfdb-ab7c8b6688d7" testListId="8c84fa94-04c1-424b-9868-57a2d4851a1d" /><TestEntry testId="8767b6b3-afb5-4515-aef1-2010d39d34e9" executionId="ad73edf3-72a7-45ce-853c-4ddb94de19fa" testListId="8c84fa94-04c1-424b-9868-57a2d4851a1d" /><TestEntry testId="4562696e-3b5a-45b7-baef-a49304b3a561" executionId="7f75ad97-b0ad-41e0-92f3-4c8a5d54645b" testListId="8c84fa94-04c1-424b-9868-57a2d4851a1d" /><TestEntry testId="d8e517bb-f524-4c74-99d0-5c40fafe6614" executionId="2c58dc48-2567-43d1-8f4d-33324c130f17" testListId="8c84fa94-04c1-424b-9868-57a2d4851a1d" /><TestEntry testId="40269218-74cb-4e0f-b8d0-61e0e04dc4b9" executionId="60ebca31-dc48-4642-9781-9d4e78ba19d0" testListId="8c84fa94-04c1-424b-9868-57a2d4851a1d" /><TestEntry testId="a80b4e7c-7570-4584-bcd9-6801f41dec38" executionId="56b2c23a-dbd2-45e8-a86e-6723910974b3" testListId="8c84fa94-04c1-424b-9868-57a2d4851a1d" /><TestEntry testId="51606265-af66-4b8a-8b1d-5bb89470bcb9" executionId="c02face5-0f81-49b7-aefb-95f2954ec4d7" testListId="8c84fa94-04c1-424b-9868-57a2d4851a1d" /><TestEntry testId="3df6c5df-5bce-4624-8bd9-11779c5b73fa" executionId="6b1499f3-464f-413c-b0e5-97b00775c761" testListId="8c84fa94-04c1-424b-9868-57a2d4851a1d" /><TestEntry testId="9dcb0d18-d148-481f-b241-e1c53452b477" executionId="31c32e09-4078-4a5f-b4c1-ade75923f74e" testListId="8c84fa94-04c1-424b-9868-57a2d4851a1d" /><TestEntry testId="3578cc01-e0dc-4738-b264-fac4b9b3be09" executionId="8a7b170d-b276-419c-a3f2-bfae327024d5" testListId="8c84fa94-04c1-424b-9868-57a2d4851a1d" /><TestEntry testId="e811fc5d-d045-4093-b3f2-c3eadc9b3d86" executionId="506fa294-93b9-401b-a158-adff1226f1d3" testListId="8c84fa94-04c1-424b-9868-57a2d4851a1d" /><TestEntry testId="ef99af22-46af-40db-84bb-7fdf7b57d3a6" executionId="9e89de8b-a96f-40ec-8023-6c70c1f639a7" testListId="8c84fa94-04c1-424b-9868-57a2d4851a1d" /><TestEntry testId="28881770-4c93-47b0-80ad-59deb8d21e8f" executionId="daae70ea-ed14-4fc8-a38c-4bde054f54ce" testListId="8c84fa94-04c1-424b-9868-57a2d4851a1d" /><TestEntry testId="c0ec4696-66dd-4cb2-aeb3-bd8477013149" executionId="3ad4e4a5-173b-496b-83bc-2bf6666e41fa" testListId="8c84fa94-04c1-424b-9868-57a2d4851a1d" /><TestEntry testId="4bac8c24-4f71-48f5-b365-9077bf87ff4a" executionId="a0206808-f375-445b-90b6-5e038f0c5e3e" testListId="8c84fa94-04c1-424b-9868-57a2d4851a1d" /><TestEntry testId="f00996b3-cdbc-4a90-a87c-a355b0119c41" executionId="53eb29de-d024-4691-b645-da6546fd0395" testListId="8c84fa94-04c1-424b-9868-57a2d4851a1d" /><TestEntry testId="b27bc947-44d4-4f5b-a0de-11d4f71d67db" executionId="f6703957-1537-468a-8b4f-f0eee33660b4" testListId="8c84fa94-04c1-424b-9868-57a2d4851a1d" /><TestEntry testId="3fc89542-c9f5-41d2-948c-fee20de23986" executionId="962e0757-30ed-422d-9f89-8549f85f27d5" testListId="8c84fa94-04c1-424b-9868-57a2d4851a1d" /><TestEntry testId="4f0106b6-5244-446e-8a67-0105dbbb4145" executionId="b50986d9-3e65-4df8-9ef0-f51013d92865" testListId="8c84fa94-04c1-424b-9868-57a2d4851a1d" /><TestEntry testId="657160f9-88c5-4a44-b3dd-0fe5c48654c1" executionId="61841796-de7e-4b4a-9527-7286a7aa5b62" testListId="8c84fa94-04c1-424b-9868-57a2d4851a1d" /><TestEntry testId="fe56c108-0024-4f61-ae74-8dd6dd01cb65" executionId="b8a5c3fc-1c40-4de5-a691-9f82a06bf978" testListId="8c84fa94-04c1-424b-9868-57a2d4851a1d" /><TestEntry testId="3c5cf1fb-4177-4f84-b83c-914a521ec300" executionId="a40f7273-800d-4943-b91c-09ef02654ed1" testListId="8c84fa94-04c1-424b-9868-57a2d4851a1d" /><TestEntry testId="0aea652d-f44a-4381-98af-739a4a878971" executionId="27367321-f206-4926-89bf-a55df503d53a" testListId="8c84fa94-04c1-424b-9868-57a2d4851a1d" /><TestEntry testId="98b1aefa-f7c2-4aa3-b1ab-49d48da7ce0c" executionId="24b959d6-273b-4c36-a4c7-bf447d61dd7c" testListId="8c84fa94-04c1-424b-9868-57a2d4851a1d" /><TestEntry testId="7e611183-c448-44fa-a52c-8c050512044a" executionId="ba038458-b904-48b3-84be-fb1580ffe9c1" testListId="8c84fa94-04c1-424b-9868-57a2d4851a1d" /><TestEntry testId="530f3605-fea3-4842-a14a-4cdc3f1bba26" executionId="9229c2d4-cd9e-48bb-a228-786f45ce8bde" testListId="8c84fa94-04c1-424b-9868-57a2d4851a1d" /><TestEntry testId="674fa19e-6a5b-4558-9dfe-63aaf37c8f4b" executionId="9084ad30-6b0b-4a5a-89b9-2291e1df6a18" testListId="8c84fa94-04c1-424b-9868-57a2d4851a1d" /><TestEntry testId="35c1c3fc-ae4a-4542-8cf5-c5deedbee323" executionId="fae900aa-c07b-4560-8b79-45b2205c953b" testListId="8c84fa94-04c1-424b-9868-57a2d4851a1d" /><TestEntry testId="8ff7f899-67eb-41e8-8aa6-0c9913e61b37" executionId="b554089d-6b52-46d3-ab13-fb6521e09e3c" testListId="8c84fa94-04c1-424b-9868-57a2d4851a1d" /><TestEntry testId="6b281a1f-39f7-4c58-a978-96e2d7a58964" executionId="07ba6102-fad6-4754-a0de-cb979aa0cd84" testListId="8c84fa94-04c1-424b-9868-57a2d4851a1d" /><TestEntry testId="dca907d2-3b25-4329-87a6-b03ad43a2682" executionId="2c894cb0-211d-415d-ad7f-cc52f77689cc" testListId="8c84fa94-04c1-424b-9868-57a2d4851a1d" /><TestEntry testId="4038ef7e-4494-49bc-9a37-aa6f2a4216c3" executionId="8831784e-9e39-465f-bd96-2fe3e6b50bed" testListId="8c84fa94-04c1-424b-9868-57a2d4851a1d" /><TestEntry testId="cec2a1de-ce51-486e-a107-f59595b405d6" executionId="d5e4a457-b456-431c-b74a-e45b17b6bf7e" testListId="8c84fa94-04c1-424b-9868-57a2d4851a1d" /><TestEntry testId="9cca1222-e580-49d1-816e-6f225eaa3f84" executionId="de7da7a2-0a00-439b-ac5f-8fff4eb961e5" testListId="8c84fa94-04c1-424b-9868-57a2d4851a1d" /><TestEntry testId="34198ec4-0a9c-433a-88ba-8f7205895289" executionId="f3598ce7-d369-4dc2-9082-f780730e6359" testListId="8c84fa94-04c1-424b-9868-57a2d4851a1d" /><TestEntry testId="749b0a5b-63dd-4311-89f8-ff60bab947ce" executionId="f7c54a18-c381-4252-9161-eed3f9fcad97" testListId="8c84fa94-04c1-424b-9868-57a2d4851a1d" /><TestEntry testId="6cacf814-6a76-4092-886f-856053027134" executionId="9f22a16f-2093-4e13-b85b-1c88b6f9b89d" testListId="8c84fa94-04c1-424b-9868-57a2d4851a1d" /><TestEntry testId="ac79bcdf-b7c5-479a-aa55-848a04e236be" executionId="e0dfbb44-e303-4161-9a82-109ca49262fc" testListId="8c84fa94-04c1-424b-9868-57a2d4851a1d" /><TestEntry testId="16f55bb3-4e1b-44d6-9aee-36f2649c06e0" executionId="56041f76-71c6-409d-bd21-1b070d6846fb" testListId="8c84fa94-04c1-424b-9868-57a2d4851a1d" /><TestEntry testId="e57b3d7e-c73d-4993-8d1c-1392eb41082f" executionId="ac536a41-f407-43fb-8842-34947fe36608" testListId="8c84fa94-04c1-424b-9868-57a2d4851a1d" /><TestEntry testId="c9a77403-536f-47b7-917d-1d8d1b301697" executionId="43942532-68be-4a22-a7ef-67daf0c3e989" testListId="8c84fa94-04c1-424b-9868-57a2d4851a1d" /><TestEntry testId="5ea19c74-4cec-40b5-b787-6dc38eba7f1a" executionId="463ef557-ae11-4282-aaa4-a5058b923ea7" testListId="8c84fa94-04c1-424b-9868-57a2d4851a1d" /><TestEntry testId="20c68957-1fca-4a43-a536-c2398906f403" executionId="2c0488ab-7d8c-4096-bcda-b4a7136a9a2b" testListId="8c84fa94-04c1-424b-9868-57a2d4851a1d" /><TestEntry testId="0a27cee7-b79c-4393-b55b-a5fea45ad99f" executionId="791790dd-7991-4db0-b855-be3d2ab6fa00" testListId="8c84fa94-04c1-424b-9868-57a2d4851a1d" /><TestEntry testId="bf3d5fae-cf04-4376-bbf2-b523b0853611" executionId="a441581d-ba04-4cc1-87ea-41e1b758ab7b" testListId="8c84fa94-04c1-424b-9868-57a2d4851a1d" /><TestEntry testId="d04102c3-b11e-47ca-8f5b-d0329e4a5746" executionId="760830db-2c03-459e-82a6-05654c5aef24" testListId="8c84fa94-04c1-424b-9868-57a2d4851a1d" /><TestEntry testId="b055a06f-cd27-47d4-8d42-8571ec2c94a6" executionId="a57c3b89-7c4d-454c-b57d-ecf04403b5f5" testListId="8c84fa94-04c1-424b-9868-57a2d4851a1d" /><TestEntry testId="07befe25-3743-4315-8a17-39a2a1e07519" executionId="db5f366d-3e12-4145-952e-86860e5b8f3d" testListId="8c84fa94-04c1-424b-9868-57a2d4851a1d" /><TestEntry testId="3d6c089b-471e-482c-8ac1-a452c94f1954" executionId="2b6219a6-27d8-4e31-add6-941d64e94bdb" testListId="8c84fa94-04c1-424b-9868-57a2d4851a1d" /><TestEntry testId="1d6b3b0c-4a92-476b-a3c7-df6c820eb93d" executionId="234363f3-4394-48b9-9e5e-c8f732c9af2e" testListId="8c84fa94-04c1-424b-9868-57a2d4851a1d" /><TestEntry testId="791c4dc8-ec6f-4f44-8e07-973e502957cc" executionId="2e8c307d-706f-4417-b8a3-73ad12d0b7b3" testListId="8c84fa94-04c1-424b-9868-57a2d4851a1d" /><TestEntry testId="51fca274-fd44-4f76-9af7-3e77f5fb390c" executionId="5abfc27a-9010-4da0-821d-d0fc110308fe" testListId="8c84fa94-04c1-424b-9868-57a2d4851a1d" /><TestEntry testId="386760d1-ea81-43d9-a943-3e4c4aadb40e" executionId="2657edff-5256-42f5-8cd5-769539be8194" testListId="8c84fa94-04c1-424b-9868-57a2d4851a1d" /><TestEntry testId="8f88eb1c-aed9-4d61-8619-461d12cef74d" executionId="92d69cbe-bd46-46b8-87cf-99afea7eb785" testListId="8c84fa94-04c1-424b-9868-57a2d4851a1d" /><TestEntry testId="ce6dce40-3d1e-40b2-9971-4f9af2718d2f" executionId="300140be-1fd1-444b-838e-e4dd17940b39" testListId="8c84fa94-04c1-424b-9868-57a2d4851a1d" /><TestEntry testId="7672d94d-86c7-4b30-b9f7-be798541783f" executionId="7101ef81-aedb-4071-86b7-20a433b97fb0" testListId="8c84fa94-04c1-424b-9868-57a2d4851a1d" /><TestEntry testId="19839de6-238e-43c5-a7b7-1097eae78dcb" executionId="3ab5049d-b587-4fab-b850-b1c3db902215" testListId="8c84fa94-04c1-424b-9868-57a2d4851a1d" /><TestEntry testId="474defb8-31a7-431f-a335-ebc1b9c42168" executionId="696d0855-092a-4e81-b3ce-f1d229e758fe" testListId="8c84fa94-04c1-424b-9868-57a2d4851a1d" /><TestEntry testId="140885b1-571e-4d92-b677-96e4ab47b8b0" executionId="58aa8469-b4b5-489d-a8a9-aa9f01b6718a" testListId="8c84fa94-04c1-424b-9868-57a2d4851a1d" /><TestEntry testId="8e01661f-4aa0-43ea-aaa4-4bef9b7ee933" executionId="e9d3ce63-a6d2-4ab5-ba63-24b901e132ed" testListId="8c84fa94-04c1-424b-9868-57a2d4851a1d" /><TestEntry testId="c0c4e238-9670-4168-930f-f679b8ad2035" executionId="0d94241b-0e7b-43c6-aa02-74a0443d5193" testListId="8c84fa94-04c1-424b-9868-57a2d4851a1d" /><TestEntry testId="a34455ec-d655-40a9-be59-caedc6efc4a5" executionId="2dcd40a0-1ebe-42b2-8a17-f9fe30fa3cfc" testListId="8c84fa94-04c1-424b-9868-57a2d4851a1d" /><TestEntry testId="c09ebee0-8f38-4c13-b416-810c63fd76f0" executionId="f07b360e-fa60-4580-bda0-64ddb309516d" testListId="8c84fa94-04c1-424b-9868-57a2d4851a1d" /><TestEntry testId="912115c1-d80c-429a-9058-9f4a5540fe9c" executionId="3e93c59c-dfc3-4d99-9ead-63fe77cfc935" testListId="8c84fa94-04c1-424b-9868-57a2d4851a1d" /><TestEntry testId="4dd8617d-9993-4107-adc4-003938e507c8" executionId="112cfed8-b1d2-454d-b0f5-faa7bd3e599b" testListId="8c84fa94-04c1-424b-9868-57a2d4851a1d" /><TestEntry testId="c8901624-a99c-4a08-ae04-e9d87064e579" executionId="174c4195-c5e5-4127-a5bc-6bdd5edf0a24" testListId="8c84fa94-04c1-424b-9868-57a2d4851a1d" /><TestEntry testId="8c502fbb-1912-4fff-a4e5-fd92a1826e3c" executionId="7afc5df5-f2c4-4993-b670-081fb55a20a6" testListId="8c84fa94-04c1-424b-9868-57a2d4851a1d" /><TestEntry testId="0e619a04-7719-4fde-b3b0-3b1bcfb5adde" executionId="abf6b645-8bce-4934-928f-b13469ba6f8d" testListId="8c84fa94-04c1-424b-9868-57a2d4851a1d" /><TestEntry testId="efd47905-14ac-4bf7-9cd2-ca5ab3ed0fea" executionId="cc5f235b-650f-4bee-bf77-fb9e0d5967de" testListId="8c84fa94-04c1-424b-9868-57a2d4851a1d" /><TestEntry testId="39411eee-b75f-45f1-b3a1-58625b36bfd2" executionId="ce161d55-7f47-46d3-8e83-9f825f086a25" testListId="8c84fa94-04c1-424b-9868-57a2d4851a1d" /><TestEntry testId="d878929a-e5d5-4d1d-869e-c6f753a54711" executionId="fbb6c7d1-d690-4baa-aa9f-e72b2970cd2c" testListId="8c84fa94-04c1-424b-9868-57a2d4851a1d" /><TestEntry testId="4fb45d2f-9d4b-44b7-858a-bde226f35702" executionId="c0e3be9b-b9ec-4da4-a552-1eef1ddd787a" testListId="8c84fa94-04c1-424b-9868-57a2d4851a1d" /><TestEntry testId="72a53a27-00e3-44dc-998d-5edc0cd86fba" executionId="63ac7f6e-c632-4433-be6c-bdda113f0d94" testListId="8c84fa94-04c1-424b-9868-57a2d4851a1d" /><TestEntry testId="c5d36bcd-776f-46ff-ac22-2e416a11b31f" executionId="ee675b49-d601-4581-a47d-c5f8e604cfb6" testListId="8c84fa94-04c1-424b-9868-57a2d4851a1d" /><TestEntry testId="ba2d0ae3-a92a-4518-b182-7a6ff083c4e5" executionId="22c01a83-ff02-48ec-b3bb-27394fde97ab" testListId="8c84fa94-04c1-424b-9868-57a2d4851a1d" /><TestEntry testId="3dfd9bd4-4c05-4153-9d44-df280fc1f272" executionId="42b35fd7-9d1c-4c43-a6d3-e37828c28519" testListId="8c84fa94-04c1-424b-9868-57a2d4851a1d" /><TestEntry testId="4561c7a7-d0b3-4d8a-bf7f-9bbe9ead5678" executionId="b360dbfb-274f-49c9-9b64-b3964a4d503f" testListId="8c84fa94-04c1-424b-9868-57a2d4851a1d" /><TestEntry testId="72a07451-e80e-4c22-ac66-a9cfe7f1f832" executionId="c14a9279-cdaf-4ef8-97c0-923003bed061" testListId="8c84fa94-04c1-424b-9868-57a2d4851a1d" /><TestEntry testId="80d6f370-402d-4769-82e3-4255834da719" executionId="6b2c7d1c-57a4-4fd4-ae17-94cd6f6067e8" testListId="8c84fa94-04c1-424b-9868-57a2d4851a1d" /><TestEntry testId="cf0c74f1-5652-4ef3-bd6e-8fdcc5b5eae4" executionId="79fd23f6-80bb-421e-b619-10a70a52b0cd" testListId="8c84fa94-04c1-424b-9868-57a2d4851a1d" /><TestEntry testId="ab9542a2-c49e-40bb-9d8c-bf7a22ca63f7" executionId="5802dbec-044e-4625-ab74-3bb784b092d0" testListId="8c84fa94-04c1-424b-9868-57a2d4851a1d" /><TestEntry testId="52228ec7-7484-4c36-9d2a-a3dfc55c2420" executionId="60a3c3eb-5435-42ed-9ef8-6aa6ba44e0ee" testListId="8c84fa94-04c1-424b-9868-57a2d4851a1d" /><TestEntry testId="d2428617-4c6f-4b34-8e46-7033eebecccc" executionId="d09c03cc-6df5-4165-a5ad-e685d16f3b94" testListId="8c84fa94-04c1-424b-9868-57a2d4851a1d" /><TestEntry testId="8f18f80c-381a-47ab-8c0d-616399db4b08" executionId="c816aab2-b051-4e23-a992-385586fbe392" testListId="8c84fa94-04c1-424b-9868-57a2d4851a1d" /><TestEntry testId="b7578f85-8b6c-4fdb-b469-02d4ab2b19c5" executionId="1d3de064-f579-4505-804b-6beee2508528" testListId="8c84fa94-04c1-424b-9868-57a2d4851a1d" /><TestEntry testId="7b6add24-f31b-440f-9e01-8691f01fb49e" executionId="76c58ce4-a075-4d96-a5d2-0b3ce5abb7d7" testListId="8c84fa94-04c1-424b-9868-57a2d4851a1d" /><TestEntry testId="17a51b5b-cfcf-403c-b90d-a4ee5bc06eee" executionId="c0bf143a-5629-423d-9aa2-1d17afcf88a1" testListId="8c84fa94-04c1-424b-9868-57a2d4851a1d" /><TestEntry testId="9e1661f1-accb-4fdc-b2c1-aa9ced6c256b" executionId="f55d8604-cac4-4f81-b283-84ba7c40f113" testListId="8c84fa94-04c1-424b-9868-57a2d4851a1d" /><TestEntry testId="af71e16b-369b-4619-82ea-dcc9e98e7d13" executionId="c057637a-8c67-4dcb-971e-582b56708078" testListId="8c84fa94-04c1-424b-9868-57a2d4851a1d" /><TestEntry testId="ccd6b933-3b8d-44c1-b68e-bc2b6a94d42b" executionId="de2db001-9561-4011-a776-d61859fe351d" testListId="8c84fa94-04c1-424b-9868-57a2d4851a1d" /><TestEntry testId="e343af38-d4d6-44b4-a6b4-99cc96a3b12d" executionId="198c5de3-a68a-4fba-aaed-80bfc141a662" testListId="8c84fa94-04c1-424b-9868-57a2d4851a1d" /><TestEntry testId="2e4a249d-e309-4d07-8543-bee809592f0e" executionId="01f13a1e-3e27-4392-8b26-fa38ef0940d4" testListId="8c84fa94-04c1-424b-9868-57a2d4851a1d" /><TestEntry testId="950b1997-54b7-4df7-9a7b-09a0d4066a45" executionId="de992454-3ee4-4c85-a3ed-d14ff030e7d6" testListId="8c84fa94-04c1-424b-9868-57a2d4851a1d" /><TestEntry testId="44ccded0-96e2-4f87-968a-b1c8de9b29c6" executionId="53fe2c68-05b4-4857-85e4-d929441755b0" testListId="8c84fa94-04c1-424b-9868-57a2d4851a1d" /><TestEntry testId="d36edc77-abb5-4f50-a23e-7fd3368bb36d" executionId="1a1c9d19-e981-45d4-b801-cd136f44a2bd" testListId="8c84fa94-04c1-424b-9868-57a2d4851a1d" /><TestEntry testId="aae6c56f-e55c-460d-a249-3f52a7ad324b" executionId="14ab9b4e-fb1c-430e-8241-f5cfc8ffdabd" testListId="8c84fa94-04c1-424b-9868-57a2d4851a1d" /><TestEntry testId="291a000c-7c67-4f7f-87a7-f6ff4a8eb7fa" executionId="38d6f670-58fb-42ae-b686-d33246c48784" testListId="8c84fa94-04c1-424b-9868-57a2d4851a1d" /><TestEntry testId="5580ff39-8df8-4f73-95ca-f6e7ba09b081" executionId="01798b02-8013-441b-ae74-e059ba04e6de" testListId="8c84fa94-04c1-424b-9868-57a2d4851a1d" /><TestEntry testId="f490d062-d05b-418c-9457-0b192b92bb2b" executionId="57322126-17fb-4c60-aa14-76efe3bebe6e" testListId="8c84fa94-04c1-424b-9868-57a2d4851a1d" /><TestEntry testId="e9afa38c-f25a-4b42-9ca5-f0074c8663e5" executionId="5e8c8c9d-37c8-454b-891e-b7718117dfbe" testListId="8c84fa94-04c1-424b-9868-57a2d4851a1d" /></TestEntries><TestLists><TestList name="Results Not in a List" id="8c84fa94-04c1-424b-9868-57a2d4851a1d" /><TestList name="All Loaded Results" id="19431567-8539-422a-85d7-44ee4e166bda" /></TestLists><ResultSummary outcome="Completed"><Counters total="151" executed="151" passed="151" failed="0" error="0" timeout="0" aborted="0" inconclusive="0" passedButRunAborted="0" notRunnable="0" notExecuted="0" disconnected="0" warning="0" completed="0" inProgress="0" pending="0" /><Output><StdOut>[xUnit.net 00:00:01.1420252]   Discovering: ModelRelief.Test[xUnit.net 00:00:01.2638011]   Discovered:  ModelRelief.Test[xUnit.net 00:00:01.2695016]   Starting:    ModelRelief.Test[xUnit.net 00:00:21.5760877]   Finished:    ModelRelief.Test</StdOut></Output></ResultSummary></TestRun>