<?xml version="1.0" encoding="utf-8"?><TestRun id="e96e9e7d-63af-4477-a7b1-7df898cedfa5" name="Steve Knipmeyer@VECTOR 2018-08-14 16:47:57" runUser="VECTOR\Steve Knipmeyer" xmlns="http://microsoft.com/schemas/VisualStudio/TeamTest/2010"><Times creation="2018-08-14T16:47:57.6449470-04:00" queuing="2018-08-14T16:47:57.6449566-04:00" start="2018-08-14T16:47:42.3427976-04:00" finish="2018-08-14T16:48:15.6934117-04:00" /><TestSettings name="default" id="4132912c-a4af-48a2-8aa0-c7901d6209b4"><Deployment runDeploymentRoot="Steve_Knipmeyer_VECTOR_2018-08-14_16_47_57" /></TestSettings><Results><UnitTestResult executionId="0778b790-81f5-49ba-8604-cdc11e59907f" testId="34a9b278-323a-4e84-81dd-a44560806f09" testName="GetFile_NonExistentFileReturnsNotFound" computerName="VECTOR" duration="00:00:00.0180000" startTime="2018-08-14T16:48:00.0200204-04:00" endTime="2018-08-14T16:48:00.0200268-04:00" testType="13cdc9d9-ddb5-4fa4-a97d-d965ccfc6d4b" outcome="Passed" testListId="8c84fa94-04c1-424b-9868-57a2d4851a1d" relativeResultsDirectory="0778b790-81f5-49ba-8604-cdc11e59907f" /><UnitTestResult executionId="86d9a58a-af2f-4427-9ece-a3fa55b46d94" testId="0554a682-a47b-4303-aa7e-cb5439f86923" testName="LucyDepthBufferFindsOneDependent" computerName="VECTOR" duration="00:00:00.0050000" startTime="2018-08-14T16:47:56.8382161-04:00" endTime="2018-08-14T16:47:56.8382187-04:00" testType="13cdc9d9-ddb5-4fa4-a97d-d965ccfc6d4b" outcome="Passed" testListId="8c84fa94-04c1-424b-9868-57a2d4851a1d" relativeResultsDirectory="86d9a58a-af2f-4427-9ece-a3fa55b46d94" /><UnitTestResult executionId="8acf5b93-0cb4-4941-9ef0-6763c197400d" testId="a2ea9daf-f3f2-4029-acd9-0cae55c01920" testName="Patch_MultipleInvalidReferencePropertiesReturnsMultipleValidationErrorsAndBadRequest" computerName="VECTOR" duration="00:00:00.0290000" startTime="2018-08-14T16:48:15.3052359-04:00" endTime="2018-08-14T16:48:15.3052486-04:00" testType="13cdc9d9-ddb5-4fa4-a97d-d965ccfc6d4b" outcome="Passed" testListId="8c84fa94-04c1-424b-9868-57a2d4851a1d" relativeResultsDirectory="8acf5b93-0cb4-4941-9ef0-6763c197400d" /><UnitTestResult executionId="87e7b161-2aa4-448b-b886-131444c2153a" testId="b775830b-9b10-4cce-96ce-46cb3e7bced4" testName="Post_ValidReferencePropertyCreatesModel" computerName="VECTOR" duration="00:00:00.0250000" startTime="2018-08-14T16:48:00.6785102-04:00" endTime="2018-08-14T16:48:00.6785157-04:00" testType="13cdc9d9-ddb5-4fa4-a97d-d965ccfc6d4b" outcome="Passed" testListId="8c84fa94-04c1-424b-9868-57a2d4851a1d" relativeResultsDirectory="87e7b161-2aa4-448b-b886-131444c2153a" /><UnitTestResult executionId="f9d72e1d-440a-4fe9-b7ed-7dee191e5599" testId="604402b1-39b5-424b-a832-c41c8a12712b" testName="GetFile_NonExistentFileReturnsNotFound" computerName="VECTOR" duration="00:00:00.0210000" startTime="2018-08-14T16:48:14.6322865-04:00" endTime="2018-08-14T16:48:14.6322930-04:00" testType="13cdc9d9-ddb5-4fa4-a97d-d965ccfc6d4b" outcome="Passed" testListId="8c84fa94-04c1-424b-9868-57a2d4851a1d" relativeResultsDirectory="f9d72e1d-440a-4fe9-b7ed-7dee191e5599" /><UnitTestResult executionId="c19bc48e-272e-4b33-ac12-9fa1aa8aefea" testId="549f5fde-865a-42ee-98ea-be43d3e4e52c" testName="Post_CanCreateNewModel" computerName="VECTOR" duration="00:00:00.0260000" startTime="2018-08-14T16:47:59.1733470-04:00" endTime="2018-08-14T16:47:59.1733598-04:00" testType="13cdc9d9-ddb5-4fa4-a97d-d965ccfc6d4b" outcome="Passed" testListId="8c84fa94-04c1-424b-9868-57a2d4851a1d" relativeResultsDirectory="c19bc48e-272e-4b33-ac12-9fa1aa8aefea" /><UnitTestResult executionId="a5cdcea5-9226-42e0-bb5d-364c0608e570" testId="b5b220a0-1c88-40cb-adea-0cd0c3057d02" testName="Post_InvalidPropertyValueReturnsBadRequest" computerName="VECTOR" duration="00:00:00.0220000" startTime="2018-08-14T16:48:03.9290901-04:00" endTime="2018-08-14T16:48:03.9290956-04:00" testType="13cdc9d9-ddb5-4fa4-a97d-d965ccfc6d4b" outcome="Passed" testListId="8c84fa94-04c1-424b-9868-57a2d4851a1d" relativeResultsDirectory="a5cdcea5-9226-42e0-bb5d-364c0608e570" /><UnitTestResult executionId="b940c506-1172-4847-abf3-94b2d3c974c8" testId="ae0a0b68-d74a-44d0-a120-e1f59fc13a3e" testName="Put_InvalidIdReturnsNotFound" computerName="VECTOR" duration="00:00:00.0420000" startTime="2018-08-14T16:47:58.0055309-04:00" endTime="2018-08-14T16:47:58.0055368-04:00" testType="13cdc9d9-ddb5-4fa4-a97d-d965ccfc6d4b" outcome="Passed" testListId="8c84fa94-04c1-424b-9868-57a2d4851a1d" relativeResultsDirectory="b940c506-1172-4847-abf3-94b2d3c974c8" /><UnitTestResult executionId="8521729a-9f49-4cc3-9b5a-80279cffa336" testId="f8b6c7b0-26c2-44e8-a29c-eb0fceed2fea" testName="Patch_MultipleInvalidReferencePropertiesReturnsMultipleValidationErrorsAndBadRequest" computerName="VECTOR" duration="00:00:00.0310000" startTime="2018-08-14T16:48:00.4707127-04:00" endTime="2018-08-14T16:48:00.4707187-04:00" testType="13cdc9d9-ddb5-4fa4-a97d-d965ccfc6d4b" outcome="Passed" testListId="8c84fa94-04c1-424b-9868-57a2d4851a1d" relativeResultsDirectory="8521729a-9f49-4cc3-9b5a-80279cffa336" /><UnitTestResult executionId="2b7074cb-5d10-4760-95e4-ff95a50bfc75" testId="ffe2ba9e-7536-4fbe-b0a4-04ac924bf5c2" testName="Post_ValidReferencePropertyCreatesModel" computerName="VECTOR" duration="00:00:00.0310000" startTime="2018-08-14T16:47:59.0687574-04:00" endTime="2018-08-14T16:47:59.0687633-04:00" testType="13cdc9d9-ddb5-4fa4-a97d-d965ccfc6d4b" outcome="Passed" testListId="8c84fa94-04c1-424b-9868-57a2d4851a1d" relativeResultsDirectory="2b7074cb-5d10-4760-95e4-ff95a50bfc75" /><UnitTestResult executionId="dccc6a45-5fab-46da-98dc-1985061eb6ac" testId="706d2539-5c1d-4001-a9f3-470604e56004" testName="FileRequest_DepthBufferIsInvalidatedAfterCameraDependencyPropertyChange" computerName="VECTOR" duration="00:00:00.2940000" startTime="2018-08-14T16:48:14.6110619-04:00" endTime="2018-08-14T16:48:14.6110680-04:00" testType="13cdc9d9-ddb5-4fa4-a97d-d965ccfc6d4b" outcome="Passed" testListId="8c84fa94-04c1-424b-9868-57a2d4851a1d" relativeResultsDirectory="dccc6a45-5fab-46da-98dc-1985061eb6ac" /><UnitTestResult executionId="47e2ee19-fe23-4ca9-a00c-41efe54f420f" testId="f18d241d-b949-411b-86a2-bca926ce2552" testName="Patch_InvalidPropertyNameReturnsBadRequest" computerName="VECTOR" duration="00:00:00.0190000" startTime="2018-08-14T16:47:58.8856971-04:00" endTime="2018-08-14T16:47:58.8857031-04:00" testType="13cdc9d9-ddb5-4fa4-a97d-d965ccfc6d4b" outcome="Passed" testListId="8c84fa94-04c1-424b-9868-57a2d4851a1d" relativeResultsDirectory="47e2ee19-fe23-4ca9-a00c-41efe54f420f" /><UnitTestResult executionId="a9f3d421-b39b-435d-bf07-b3ad5a66e74f" testId="91707759-eed4-433f-91b4-03e43328028d" testName="Post_InvalidPropertyValueReturnsBadRequest" computerName="VECTOR" duration="00:00:00.0210000" startTime="2018-08-14T16:48:00.6525271-04:00" endTime="2018-08-14T16:48:00.6525332-04:00" testType="13cdc9d9-ddb5-4fa4-a97d-d965ccfc6d4b" outcome="Passed" testListId="8c84fa94-04c1-424b-9868-57a2d4851a1d" relativeResultsDirectory="a9f3d421-b39b-435d-bf07-b3ad5a66e74f" /><UnitTestResult executionId="46c4a825-6dcc-46e3-84b0-33bbf9b8d92f" testId="6613e3d6-ef80-4e78-a9a1-0343933985d4" testName="Patch_InvalidEnumPropertyValueReturnsBadRequest" computerName="VECTOR" duration="00:00:00.0250000" startTime="2018-08-14T16:48:03.4691931-04:00" endTime="2018-08-14T16:48:03.4691991-04:00" testType="13cdc9d9-ddb5-4fa4-a97d-d965ccfc6d4b" outcome="Passed" testListId="8c84fa94-04c1-424b-9868-57a2d4851a1d" relativeResultsDirectory="46c4a825-6dcc-46e3-84b0-33bbf9b8d92f" /><UnitTestResult executionId="417adc31-8954-4843-bc9d-9d896cfe9625" testId="f6d1dcf9-5f5a-4be9-9811-b545ac754639" testName="DepthBufferHasExpectedDependentFiles" computerName="VECTOR" duration="00:00:00.0010000" startTime="2018-08-14T16:47:56.8385876-04:00" endTime="2018-08-14T16:47:56.8385902-04:00" testType="13cdc9d9-ddb5-4fa4-a97d-d965ccfc6d4b" outcome="Passed" testListId="8c84fa94-04c1-424b-9868-57a2d4851a1d" relativeResultsDirectory="417adc31-8954-4843-bc9d-9d896cfe9625" /><UnitTestResult executionId="7eb99461-1f02-448a-bd5f-fe023128b5b2" testId="d00cab41-a02d-4f7d-96b1-bcd6aebb3d24" testName="Post_CanCreateNewModel" computerName="VECTOR" duration="00:00:00.0310000" startTime="2018-08-14T16:48:12.1200986-04:00" endTime="2018-08-14T16:48:12.1201045-04:00" testType="13cdc9d9-ddb5-4fa4-a97d-d965ccfc6d4b" outcome="Passed" testListId="8c84fa94-04c1-424b-9868-57a2d4851a1d" relativeResultsDirectory="7eb99461-1f02-448a-bd5f-fe023128b5b2" /><UnitTestResult executionId="5126ef38-8169-415c-85d8-6dc1f350f930" testId="2e664f8f-f0b5-451d-8c18-630681a00342" testName="GetFile_FileCanBeRoundTripped" computerName="VECTOR" duration="00:00:00.0970000" startTime="2018-08-14T16:48:15.0078417-04:00" endTime="2018-08-14T16:48:15.0078524-04:00" testType="13cdc9d9-ddb5-4fa4-a97d-d965ccfc6d4b" outcome="Passed" testListId="8c84fa94-04c1-424b-9868-57a2d4851a1d" relativeResultsDirectory="5126ef38-8169-415c-85d8-6dc1f350f930" /><UnitTestResult executionId="df974b1d-95a8-46cd-858f-1392cf61c0c7" testId="c42ee474-8a06-437b-ad03-c90177a0dd42" testName="Patch_InvalidIdPropertyReturnsNotFound" computerName="VECTOR" duration="00:00:00.0150000" startTime="2018-08-14T16:48:15.3210691-04:00" endTime="2018-08-14T16:48:15.3210744-04:00" testType="13cdc9d9-ddb5-4fa4-a97d-d965ccfc6d4b" outcome="Passed" testListId="8c84fa94-04c1-424b-9868-57a2d4851a1d" relativeResultsDirectory="df974b1d-95a8-46cd-858f-1392cf61c0c7" /><UnitTestResult executionId="ea8fbe71-75c8-462f-aee5-cc60815e2c29" testId="550a6a70-f235-4483-9757-46a42fe4b2ad" testName="Put_CanUpdateModel" computerName="VECTOR" duration="00:00:00.0530000" startTime="2018-08-14T16:48:00.8820635-04:00" endTime="2018-08-14T16:48:00.8820692-04:00" testType="13cdc9d9-ddb5-4fa4-a97d-d965ccfc6d4b" outcome="Passed" testListId="8c84fa94-04c1-424b-9868-57a2d4851a1d" relativeResultsDirectory="ea8fbe71-75c8-462f-aee5-cc60815e2c29" /><UnitTestResult executionId="586c59d5-a8a7-4dc1-8dc4-dc51c88e3db1" testId="a87068ab-8a09-4529-9871-eff7ac76b40e" testName="Post_InvalidReferencePropertyReturnsBadRequest" computerName="VECTOR" duration="00:00:00.0220000" startTime="2018-08-14T16:48:12.4486556-04:00" endTime="2018-08-14T16:48:12.4486624-04:00" testType="13cdc9d9-ddb5-4fa4-a97d-d965ccfc6d4b" outcome="Passed" testListId="8c84fa94-04c1-424b-9868-57a2d4851a1d" relativeResultsDirectory="586c59d5-a8a7-4dc1-8dc4-dc51c88e3db1" /><UnitTestResult executionId="3cee81e9-ea02-4b9d-80aa-b43053f73f72" testId="51993a18-c104-4470-81c2-8aad793dc503" testName="Patch_MultipleInvalidReferencePropertiesReturnsMultipleValidationErrorsAndBadRequest" computerName="VECTOR" duration="00:00:00.0380000" startTime="2018-08-14T16:47:59.1071260-04:00" endTime="2018-08-14T16:47:59.1071357-04:00" testType="13cdc9d9-ddb5-4fa4-a97d-d965ccfc6d4b" outcome="Passed" testListId="8c84fa94-04c1-424b-9868-57a2d4851a1d" relativeResultsDirectory="3cee81e9-ea02-4b9d-80aa-b43053f73f72" /><UnitTestResult executionId="81abe9aa-4d02-45a8-9d4f-2a84428fd403" testId="5fe8dba2-eb2d-4a55-9d53-39805b782c64" testName="Patch_InvalidReferencePropertyReturnsBadRequest" computerName="VECTOR" duration="00:00:00.0170000" startTime="2018-08-14T16:48:00.5127586-04:00" endTime="2018-08-14T16:48:00.5127644-04:00" testType="13cdc9d9-ddb5-4fa4-a97d-d965ccfc6d4b" outcome="Passed" testListId="8c84fa94-04c1-424b-9868-57a2d4851a1d" relativeResultsDirectory="81abe9aa-4d02-45a8-9d4f-2a84428fd403" /><UnitTestResult executionId="4ee78586-2052-4ba1-8a9d-410e2d044769" testId="cbacb17a-10ed-4724-8239-d3b9a7131274" testName="PostFile_NewFileCanBePosted" computerName="VECTOR" duration="00:00:00.0730000" startTime="2018-08-14T16:48:14.9100212-04:00" endTime="2018-08-14T16:48:14.9100273-04:00" testType="13cdc9d9-ddb5-4fa4-a97d-d965ccfc6d4b" outcome="Passed" testListId="8c84fa94-04c1-424b-9868-57a2d4851a1d" relativeResultsDirectory="4ee78586-2052-4ba1-8a9d-410e2d044769" /><UnitTestResult executionId="8893a429-1ec2-4541-927e-da5a8a6732fd" testId="188e9982-4b97-4c7a-8cda-12690c89cd5d" testName="Patch_TargetPropertyIsUpdated" computerName="VECTOR" duration="00:00:00.2140000" startTime="2018-08-14T16:47:58.7043814-04:00" endTime="2018-08-14T16:47:58.7043881-04:00" testType="13cdc9d9-ddb5-4fa4-a97d-d965ccfc6d4b" outcome="Passed" testListId="8c84fa94-04c1-424b-9868-57a2d4851a1d" relativeResultsDirectory="8893a429-1ec2-4541-927e-da5a8a6732fd" /><UnitTestResult executionId="2484e766-3060-4ac8-aa91-53704da166fd" testId="6d25127d-aaca-4c72-8237-135eb1f8fe01" testName="GetList_ListReturnsCorrectCount" computerName="VECTOR" duration="00:00:00.0160000" startTime="2018-08-14T16:48:00.5292775-04:00" endTime="2018-08-14T16:48:00.5292823-04:00" testType="13cdc9d9-ddb5-4fa4-a97d-d965ccfc6d4b" outcome="Passed" testListId="8c84fa94-04c1-424b-9868-57a2d4851a1d" relativeResultsDirectory="2484e766-3060-4ac8-aa91-53704da166fd" /><UnitTestResult executionId="5d93fdce-929a-4a07-a13d-0bfd74eaf5d6" testId="1226feda-afac-4626-8d32-87ba2ca0d472" testName="Patch_InvalidEnumPropertyValueReturnsBadRequest" computerName="VECTOR" duration="00:00:00.0100000" startTime="2018-08-14T16:48:15.1355985-04:00" endTime="2018-08-14T16:48:15.1356017-04:00" testType="13cdc9d9-ddb5-4fa4-a97d-d965ccfc6d4b" outcome="Passed" testListId="8c84fa94-04c1-424b-9868-57a2d4851a1d" relativeResultsDirectory="5d93fdce-929a-4a07-a13d-0bfd74eaf5d6" /><UnitTestResult executionId="974941ba-cafd-494d-89fc-aef3ce15f8f4" testId="cb87ad1b-7465-4fc6-b2f1-ed1c551b551b" testName="Patch_InvalidIdPropertyReturnsNotFound" computerName="VECTOR" duration="00:00:00.0150000" startTime="2018-08-14T16:48:00.7121069-04:00" endTime="2018-08-14T16:48:00.7121119-04:00" testType="13cdc9d9-ddb5-4fa4-a97d-d965ccfc6d4b" outcome="Passed" testListId="8c84fa94-04c1-424b-9868-57a2d4851a1d" relativeResultsDirectory="974941ba-cafd-494d-89fc-aef3ce15f8f4" /><UnitTestResult executionId="fd55033c-06f4-42af-898f-8c18db646c5d" testId="585204e5-3172-4594-a89d-cd76f0615e31" testName="CameraHasExpectedDependentFiles" computerName="VECTOR" duration="00:00:00.0010000" startTime="2018-08-14T16:47:56.8320005-04:00" endTime="2018-08-14T16:47:56.8320031-04:00" testType="13cdc9d9-ddb5-4fa4-a97d-d965ccfc6d4b" outcome="Passed" testListId="8c84fa94-04c1-424b-9868-57a2d4851a1d" relativeResultsDirectory="fd55033c-06f4-42af-898f-8c18db646c5d" /><UnitTestResult executionId="a7230cd1-b6b8-483a-8180-82a9d12d6995" testId="80395d7f-5db7-4a6f-88f6-af3147325ad5" testName="Post_CanCreateNewModel" computerName="VECTOR" duration="00:00:00.0270000" startTime="2018-08-14T16:48:15.0535643-04:00" endTime="2018-08-14T16:48:15.0535742-04:00" testType="13cdc9d9-ddb5-4fa4-a97d-d965ccfc6d4b" outcome="Passed" testListId="8c84fa94-04c1-424b-9868-57a2d4851a1d" relativeResultsDirectory="a7230cd1-b6b8-483a-8180-82a9d12d6995" /><UnitTestResult executionId="7db05c2a-8195-4a1d-ae00-739d576de9c6" testId="d493e432-4fe6-44b1-b33f-b96483da910f" testName="PutFile_NewFileCanBePut" computerName="VECTOR" duration="00:00:00.1120000" startTime="2018-08-14T16:48:14.7446398-04:00" endTime="2018-08-14T16:48:14.7446448-04:00" testType="13cdc9d9-ddb5-4fa4-a97d-d965ccfc6d4b" outcome="Passed" testListId="8c84fa94-04c1-424b-9868-57a2d4851a1d" relativeResultsDirectory="7db05c2a-8195-4a1d-ae00-739d576de9c6" /><UnitTestResult executionId="4f3c6dc8-0511-4860-b4a5-758d358fa654" testId="0aa7a922-868c-4c00-9c5c-2f7c71ec7447" testName="Post_CanCreateNewModel" computerName="VECTOR" duration="00:00:00.0380000" startTime="2018-08-14T16:48:03.5751498-04:00" endTime="2018-08-14T16:48:03.5751563-04:00" testType="13cdc9d9-ddb5-4fa4-a97d-d965ccfc6d4b" outcome="Passed" testListId="8c84fa94-04c1-424b-9868-57a2d4851a1d" relativeResultsDirectory="4f3c6dc8-0511-4860-b4a5-758d358fa654" /><UnitTestResult executionId="dfd00bb5-b171-4a5c-b396-aa63f7270dec" testId="e15c3abd-d3e4-41ec-983f-478b99b72a56" testName="GetSingle_ValidIdPropertyValueReturnsCorrectModel" computerName="VECTOR" duration="00:00:00.0150000" startTime="2018-08-14T16:47:58.9145083-04:00" endTime="2018-08-14T16:47:58.9145136-04:00" testType="13cdc9d9-ddb5-4fa4-a97d-d965ccfc6d4b" outcome="Passed" testListId="8c84fa94-04c1-424b-9868-57a2d4851a1d" relativeResultsDirectory="dfd00bb5-b171-4a5c-b396-aa63f7270dec" /><UnitTestResult executionId="99b37bc9-33d2-46d9-8d55-a0febc14ac2b" testId="72f153e2-8040-4597-8a1d-6a228487433a" testName="GetList_ListReturnsCorrectCount" computerName="VECTOR" duration="00:00:01.1080000" startTime="2018-08-14T16:48:02.0326233-04:00" endTime="2018-08-14T16:48:02.0326293-04:00" testType="13cdc9d9-ddb5-4fa4-a97d-d965ccfc6d4b" outcome="Passed" testListId="8c84fa94-04c1-424b-9868-57a2d4851a1d" relativeResultsDirectory="99b37bc9-33d2-46d9-8d55-a0febc14ac2b" /><UnitTestResult executionId="de5b1b12-4ff9-4be7-941b-c34c96ea37b8" testId="7c5c8507-61b5-4bab-ad31-b510695ce4cb" testName="Patch_MultipleInvalidReferencePropertiesReturnsMultipleValidationErrorsAndBadRequest" computerName="VECTOR" duration="00:00:00.0230000" startTime="2018-08-14T16:48:12.4262657-04:00" endTime="2018-08-14T16:48:12.4262711-04:00" testType="13cdc9d9-ddb5-4fa4-a97d-d965ccfc6d4b" outcome="Passed" testListId="8c84fa94-04c1-424b-9868-57a2d4851a1d" relativeResultsDirectory="de5b1b12-4ff9-4be7-941b-c34c96ea37b8" /><UnitTestResult executionId="3015fb38-f8df-4f87-9c62-d511ff0d9bc4" testId="1bf81faf-88ca-406c-a39b-8b81a7979986" testName="Patch_InvalidReferencePropertyReturnsBadRequest" computerName="VECTOR" duration="00:00:00.0200000" startTime="2018-08-14T16:48:15.4352843-04:00" endTime="2018-08-14T16:48:15.4352895-04:00" testType="13cdc9d9-ddb5-4fa4-a97d-d965ccfc6d4b" outcome="Passed" testListId="8c84fa94-04c1-424b-9868-57a2d4851a1d" relativeResultsDirectory="3015fb38-f8df-4f87-9c62-d511ff0d9bc4" /><UnitTestResult executionId="50e5c040-d85e-4998-90f4-c09a14c4631d" testId="2e6329b7-19c2-4797-b49b-b1857a42f7cb" testName="PostFile_NewFileCanBePosted" computerName="VECTOR" duration="00:00:00.0710000" startTime="2018-08-14T16:48:07.7629983-04:00" endTime="2018-08-14T16:48:07.7630016-04:00" testType="13cdc9d9-ddb5-4fa4-a97d-d965ccfc6d4b" outcome="Passed" testListId="8c84fa94-04c1-424b-9868-57a2d4851a1d" relativeResultsDirectory="50e5c040-d85e-4998-90f4-c09a14c4631d" /><UnitTestResult executionId="da5684b8-1d06-46b1-907f-23b6f3e8e167" testId="1e6baf4c-6969-4a83-8d46-1b1db18a0f38" testName="Patch_InvalidPropertyNameReturnsBadRequest" computerName="VECTOR" duration="00:00:00.0240000" startTime="2018-08-14T16:48:03.6380761-04:00" endTime="2018-08-14T16:48:03.6380830-04:00" testType="13cdc9d9-ddb5-4fa4-a97d-d965ccfc6d4b" outcome="Passed" testListId="8c84fa94-04c1-424b-9868-57a2d4851a1d" relativeResultsDirectory="da5684b8-1d06-46b1-907f-23b6f3e8e167" /><UnitTestResult executionId="11250b18-f63b-4a87-a99a-8ada72365dda" testId="ef91addb-8664-4b19-a5c2-d48b5469701f" testName="GetFile_ExistingFileReturnsSuccess" computerName="VECTOR" duration="00:00:00.0700000" startTime="2018-08-14T16:48:06.5011799-04:00" endTime="2018-08-14T16:48:06.5011868-04:00" testType="13cdc9d9-ddb5-4fa4-a97d-d965ccfc6d4b" outcome="Passed" testListId="8c84fa94-04c1-424b-9868-57a2d4851a1d" relativeResultsDirectory="11250b18-f63b-4a87-a99a-8ada72365dda" /><UnitTestResult executionId="6e966f10-87e3-4ea5-bb08-d03b2ae620ae" testId="80199f92-18f2-4743-a2ff-d69e8d80b1bf" testName="Patch_TargetPropertyIsUpdated" computerName="VECTOR" duration="00:00:00.0660000" startTime="2018-08-14T16:48:15.5670179-04:00" endTime="2018-08-14T16:48:15.5670243-04:00" testType="13cdc9d9-ddb5-4fa4-a97d-d965ccfc6d4b" outcome="Passed" testListId="8c84fa94-04c1-424b-9868-57a2d4851a1d" relativeResultsDirectory="6e966f10-87e3-4ea5-bb08-d03b2ae620ae" /><UnitTestResult executionId="c55d4924-01ee-4274-a9ef-f3c761df8c6d" testId="eee371b9-5cd7-4032-a495-6c3e6351ec88" testName="GetFile_ExistingFileReturnsSuccess" computerName="VECTOR" duration="00:00:00.0380000" startTime="2018-08-14T16:48:12.7266872-04:00" endTime="2018-08-14T16:48:12.7266942-04:00" testType="13cdc9d9-ddb5-4fa4-a97d-d965ccfc6d4b" outcome="Passed" testListId="8c84fa94-04c1-424b-9868-57a2d4851a1d" relativeResultsDirectory="c55d4924-01ee-4274-a9ef-f3c761df8c6d" /><UnitTestResult executionId="81f0626d-49be-4f4d-9f87-d504c2d64ca8" testId="e954b70f-38f3-40eb-8c72-7e1473799c61" testName="Post_InvalidPropertyValueReturnsBadRequest" computerName="VECTOR" duration="00:00:00.0170000" startTime="2018-08-14T16:47:58.1588236-04:00" endTime="2018-08-14T16:47:58.1588279-04:00" testType="13cdc9d9-ddb5-4fa4-a97d-d965ccfc6d4b" outcome="Passed" testListId="8c84fa94-04c1-424b-9868-57a2d4851a1d" relativeResultsDirectory="81f0626d-49be-4f4d-9f87-d504c2d64ca8" /><UnitTestResult executionId="91142879-1e5b-4ba4-849f-5113c43c023c" testId="a84f62d3-9ff7-4494-94ab-bb8d5dcb1719" testName="Patch_TargetPropertyIsUpdated" computerName="VECTOR" duration="00:00:00.0530000" startTime="2018-08-14T16:48:00.8288221-04:00" endTime="2018-08-14T16:48:00.8288286-04:00" testType="13cdc9d9-ddb5-4fa4-a97d-d965ccfc6d4b" outcome="Passed" testListId="8c84fa94-04c1-424b-9868-57a2d4851a1d" relativeResultsDirectory="91142879-1e5b-4ba4-849f-5113c43c023c" /><UnitTestResult executionId="1d06c546-65bd-4aba-8211-55e305e70478" testId="264dcf58-e763-4367-a35f-5a9032db9ded" testName="GetSingle_ValidIdPropertyValueReturnsCorrectModel" computerName="VECTOR" duration="00:00:00.0140000" startTime="2018-08-14T16:47:58.0197174-04:00" endTime="2018-08-14T16:47:58.0197216-04:00" testType="13cdc9d9-ddb5-4fa4-a97d-d965ccfc6d4b" outcome="Passed" testListId="8c84fa94-04c1-424b-9868-57a2d4851a1d" relativeResultsDirectory="1d06c546-65bd-4aba-8211-55e305e70478" /><UnitTestResult executionId="98e16356-2ee3-4c7b-a9eb-ad343eb185c4" testId="285fd644-447c-4f8e-86f0-1dc2f7be0915" testName="Put_InvalidIdReturnsNotFound" computerName="VECTOR" duration="00:00:00.0880000" startTime="2018-08-14T16:48:02.1215513-04:00" endTime="2018-08-14T16:48:02.1215576-04:00" testType="13cdc9d9-ddb5-4fa4-a97d-d965ccfc6d4b" outcome="Passed" testListId="8c84fa94-04c1-424b-9868-57a2d4851a1d" relativeResultsDirectory="98e16356-2ee3-4c7b-a9eb-ad343eb185c4" /><UnitTestResult executionId="55751450-e054-41bc-8985-20d309f7d17b" testId="549a0696-a5d8-4bea-b7f5-5867d04abddd" testName="Put_InvalidReferencePropertyReturndBadRequest" computerName="VECTOR" duration="00:00:00.0230000" startTime="2018-08-14T16:48:15.2531725-04:00" endTime="2018-08-14T16:48:15.2531785-04:00" testType="13cdc9d9-ddb5-4fa4-a97d-d965ccfc6d4b" outcome="Passed" testListId="8c84fa94-04c1-424b-9868-57a2d4851a1d" relativeResultsDirectory="55751450-e054-41bc-8985-20d309f7d17b" /><UnitTestResult executionId="d81ed3bb-e884-4424-afdc-6ec748ed7298" testId="370ea9ba-af91-432d-b815-fb52811f1d9f" testName="PostFile_FileIsSynchronizedIsUpdatedAfterFileIsPosted" computerName="VECTOR" duration="00:00:00.0910000" startTime="2018-08-14T16:48:14.8360842-04:00" endTime="2018-08-14T16:48:14.8360882-04:00" testType="13cdc9d9-ddb5-4fa4-a97d-d965ccfc6d4b" outcome="Passed" testListId="8c84fa94-04c1-424b-9868-57a2d4851a1d" relativeResultsDirectory="d81ed3bb-e884-4424-afdc-6ec748ed7298" /><UnitTestResult executionId="3b06deef-b23d-49b7-8f05-0d3aa774b4a0" testId="bb37d731-fdb8-4d56-8c4d-de96f81b5bfa" testName="Delete_TargetModelIsDeleted" computerName="VECTOR" duration="00:00:00.2270000" startTime="2018-08-14T16:47:57.8490373-04:00" endTime="2018-08-14T16:47:57.8490432-04:00" testType="13cdc9d9-ddb5-4fa4-a97d-d965ccfc6d4b" outcome="Passed" testListId="8c84fa94-04c1-424b-9868-57a2d4851a1d" relativeResultsDirectory="3b06deef-b23d-49b7-8f05-0d3aa774b4a0" /><UnitTestResult executionId="be169b5b-78e5-4274-9dae-91965d0bcd3a" testId="1d556cfa-4fc3-40ee-8e61-ad87cbf30d98" testName="LucyCameraFindsAllDependents" computerName="VECTOR" duration="00:00:00.0100000" startTime="2018-08-14T16:47:56.8315630-04:00" endTime="2018-08-14T16:47:56.8315667-04:00" testType="13cdc9d9-ddb5-4fa4-a97d-d965ccfc6d4b" outcome="Passed" testListId="8c84fa94-04c1-424b-9868-57a2d4851a1d" relativeResultsDirectory="be169b5b-78e5-4274-9dae-91965d0bcd3a" /><UnitTestResult executionId="a4040f00-74c0-4733-afc8-f8248807772e" testId="e3fd00ef-238d-42ca-bfad-66c2865a94f4" testName="Put_ValidReferencePropertyUpdatesModel" computerName="VECTOR" duration="00:00:00.1020000" startTime="2018-08-14T16:48:00.6314506-04:00" endTime="2018-08-14T16:48:00.6314600-04:00" testType="13cdc9d9-ddb5-4fa4-a97d-d965ccfc6d4b" outcome="Passed" testListId="8c84fa94-04c1-424b-9868-57a2d4851a1d" relativeResultsDirectory="a4040f00-74c0-4733-afc8-f8248807772e" /><UnitTestResult executionId="b1f516cd-144d-4765-8247-46a308be4cde" testId="bcdadbae-9659-4790-b0eb-0cbe13eaf3cb" testName="Delete_TargetModelIsDeleted" computerName="VECTOR" duration="00:00:00.1570000" startTime="2018-08-14T16:48:00.4390481-04:00" endTime="2018-08-14T16:48:00.4390543-04:00" testType="13cdc9d9-ddb5-4fa4-a97d-d965ccfc6d4b" outcome="Passed" testListId="8c84fa94-04c1-424b-9868-57a2d4851a1d" relativeResultsDirectory="b1f516cd-144d-4765-8247-46a308be4cde" /><UnitTestResult executionId="e25cdbde-9d9b-4caf-baac-2c749a616514" testId="c7405170-fe98-4f35-a853-d3a41b1230ac" testName="Patch_ValidReferencePropertyUpdatesModel" computerName="VECTOR" duration="00:00:00.0550000" startTime="2018-08-14T16:48:00.7758104-04:00" endTime="2018-08-14T16:48:00.7758162-04:00" testType="13cdc9d9-ddb5-4fa4-a97d-d965ccfc6d4b" outcome="Passed" testListId="8c84fa94-04c1-424b-9868-57a2d4851a1d" relativeResultsDirectory="e25cdbde-9d9b-4caf-baac-2c749a616514" /><UnitTestResult executionId="0e18dd8b-5e41-4143-85f5-02cfbe440141" testId="44795f6a-1953-4d8a-8f80-ff2040dd0b8c" testName="Patch_ValidReferencePropertyUpdatesModel" computerName="VECTOR" duration="00:00:00.6510000" startTime="2018-08-14T16:47:57.4949678-04:00" endTime="2018-08-14T16:47:57.4949737-04:00" testType="13cdc9d9-ddb5-4fa4-a97d-d965ccfc6d4b" outcome="Passed" testListId="8c84fa94-04c1-424b-9868-57a2d4851a1d" relativeResultsDirectory="0e18dd8b-5e41-4143-85f5-02cfbe440141" /><UnitTestResult executionId="a7b3a85f-af09-41f6-893b-276ba5eb4dac" testId="49267914-3f18-4592-acad-9b720bd12b9a" testName="Patch_InvalidEnumPropertyValueReturnsBadRequest" computerName="VECTOR" duration="00:00:00.0160000" startTime="2018-08-14T16:47:59.1472465-04:00" endTime="2018-08-14T16:47:59.1472516-04:00" testType="13cdc9d9-ddb5-4fa4-a97d-d965ccfc6d4b" outcome="Passed" testListId="8c84fa94-04c1-424b-9868-57a2d4851a1d" relativeResultsDirectory="a7b3a85f-af09-41f6-893b-276ba5eb4dac" /><UnitTestResult executionId="500cb1df-3b54-4449-a8a2-ecda6a8b8f0e" testId="e0dc2be2-ba62-4341-a069-0ea098a7c4f6" testName="Patch_InvalidEnumPropertyValueReturnsBadRequest" computerName="VECTOR" duration="00:00:00.0090000" startTime="2018-08-14T16:47:58.0285976-04:00" endTime="2018-08-14T16:47:58.0286006-04:00" testType="13cdc9d9-ddb5-4fa4-a97d-d965ccfc6d4b" outcome="Passed" testListId="8c84fa94-04c1-424b-9868-57a2d4851a1d" relativeResultsDirectory="500cb1df-3b54-4449-a8a2-ecda6a8b8f0e" /><UnitTestResult executionId="6d3219a9-3768-44eb-91b6-2c93b2951143" testId="8242a08c-1123-4e99-a921-4b25426c0baa" testName="PostFile_FileIsSynchronizedIsUpdatedAfterFileIsPosted" computerName="VECTOR" duration="00:00:00.0100000" startTime="2018-08-14T16:48:00.0299453-04:00" endTime="2018-08-14T16:48:00.0299497-04:00" testType="13cdc9d9-ddb5-4fa4-a97d-d965ccfc6d4b" outcome="Passed" testListId="8c84fa94-04c1-424b-9868-57a2d4851a1d" relativeResultsDirectory="6d3219a9-3768-44eb-91b6-2c93b2951143" /><UnitTestResult executionId="0bf49495-6928-489a-9d5f-f5e613d88dd6" testId="f0ccdfe5-1b01-446a-af6d-3789ac776b8b" testName="Patch_InvalidReferencePropertyReturnsBadRequest" computerName="VECTOR" duration="00:00:00.0290000" startTime="2018-08-14T16:48:12.4028743-04:00" endTime="2018-08-14T16:48:12.4028798-04:00" testType="13cdc9d9-ddb5-4fa4-a97d-d965ccfc6d4b" outcome="Passed" testListId="8c84fa94-04c1-424b-9868-57a2d4851a1d" relativeResultsDirectory="0bf49495-6928-489a-9d5f-f5e613d88dd6" /><UnitTestResult executionId="f9ae5f71-34cc-4281-af14-8fcd702c59b2" testId="be8d7d61-a439-43eb-89c9-7efedd8691c8" testName="GetList_ListReturnsCorrectCount" computerName="VECTOR" duration="00:00:00.0230000" startTime="2018-08-14T16:47:59.1303929-04:00" endTime="2018-08-14T16:47:59.1303982-04:00" testType="13cdc9d9-ddb5-4fa4-a97d-d965ccfc6d4b" outcome="Passed" testListId="8c84fa94-04c1-424b-9868-57a2d4851a1d" relativeResultsDirectory="f9ae5f71-34cc-4281-af14-8fcd702c59b2" /><UnitTestResult executionId="b37fc0ec-a1c8-4c4a-980e-bc467cc280dd" testId="b1c7e645-d1b9-46ac-ad92-1c1d87c49917" testName="FileRequest_MeshIsInvalidatedAfterDepthBufferFileBecomesUnsynchronized" computerName="VECTOR" duration="00:00:02.1500000" startTime="2018-08-14T16:48:06.2005843-04:00" endTime="2018-08-14T16:48:06.2005906-04:00" testType="13cdc9d9-ddb5-4fa4-a97d-d965ccfc6d4b" outcome="Passed" testListId="8c84fa94-04c1-424b-9868-57a2d4851a1d" relativeResultsDirectory="b37fc0ec-a1c8-4c4a-980e-bc467cc280dd" /><UnitTestResult executionId="934775a1-5cf7-447b-8c4a-c334a6a31a11" testId="1aaad1f3-8981-416a-b8fa-0d156ca099a1" testName="Patch_ValidReferencePropertyUpdatesModel" computerName="VECTOR" duration="00:00:00.7020000" startTime="2018-08-14T16:48:02.8244991-04:00" endTime="2018-08-14T16:48:02.8245051-04:00" testType="13cdc9d9-ddb5-4fa4-a97d-d965ccfc6d4b" outcome="Passed" testListId="8c84fa94-04c1-424b-9868-57a2d4851a1d" relativeResultsDirectory="934775a1-5cf7-447b-8c4a-c334a6a31a11" /><UnitTestResult executionId="3f7a5e48-e3e7-4602-9d6b-a194ba571ba7" testId="a90b08d7-c393-4ad7-800a-72b8efbc6544" testName="Post_InvalidPropertyValueReturnsBadRequest" computerName="VECTOR" duration="00:00:00.0130000" startTime="2018-08-14T16:47:58.8989078-04:00" endTime="2018-08-14T16:47:58.8989135-04:00" testType="13cdc9d9-ddb5-4fa4-a97d-d965ccfc6d4b" outcome="Passed" testListId="8c84fa94-04c1-424b-9868-57a2d4851a1d" relativeResultsDirectory="3f7a5e48-e3e7-4602-9d6b-a194ba571ba7" /><UnitTestResult executionId="e685c695-aa7b-47e7-8ad8-4dfadbf07307" testId="0f253f7e-0168-47a0-a154-e53d0d80f536" testName="Patch_TargetPropertyIsUpdated" computerName="VECTOR" duration="00:00:00.0670000" startTime="2018-08-14T16:48:03.5363198-04:00" endTime="2018-08-14T16:48:03.5363265-04:00" testType="13cdc9d9-ddb5-4fa4-a97d-d965ccfc6d4b" outcome="Passed" testListId="8c84fa94-04c1-424b-9868-57a2d4851a1d" relativeResultsDirectory="e685c695-aa7b-47e7-8ad8-4dfadbf07307" /><UnitTestResult executionId="f3ad227e-ea6d-409b-bd84-9d2dfff9b38b" testId="0149f8d8-51eb-45e5-ae04-a2c81a9e7b8d" testName="Patch_InvalidIdPropertyReturnsNotFound" computerName="VECTOR" duration="00:00:00.0160000" startTime="2018-08-14T16:47:58.1414390-04:00" endTime="2018-08-14T16:47:58.1414433-04:00" testType="13cdc9d9-ddb5-4fa4-a97d-d965ccfc6d4b" outcome="Passed" testListId="8c84fa94-04c1-424b-9868-57a2d4851a1d" relativeResultsDirectory="f3ad227e-ea6d-409b-bd84-9d2dfff9b38b" /><UnitTestResult executionId="c5b538b1-dcf0-4923-ac8a-524b0130afaf" testId="bde956b4-a710-47be-b0c3-a4a9a3da560d" testName="PostFile_FileTimeStampIsUpdatedAfterFileIsPosted" computerName="VECTOR" duration="00:00:01.1900000" startTime="2018-08-14T16:48:07.6916628-04:00" endTime="2018-08-14T16:48:07.6916671-04:00" testType="13cdc9d9-ddb5-4fa4-a97d-d965ccfc6d4b" outcome="Passed" testListId="8c84fa94-04c1-424b-9868-57a2d4851a1d" relativeResultsDirectory="c5b538b1-dcf0-4923-ac8a-524b0130afaf" /><UnitTestResult executionId="7d186110-d7af-4d73-ad09-62c243596207" testId="cf48c198-f7a6-4de8-befb-003788e40590" testName="Post_InvalidReferencePropertyReturnsBadRequest" computerName="VECTOR" duration="00:00:00.0180000" startTime="2018-08-14T16:48:15.1677369-04:00" endTime="2018-08-14T16:48:15.1677424-04:00" testType="13cdc9d9-ddb5-4fa4-a97d-d965ccfc6d4b" outcome="Passed" testListId="8c84fa94-04c1-424b-9868-57a2d4851a1d" relativeResultsDirectory="7d186110-d7af-4d73-ad09-62c243596207" /><UnitTestResult executionId="a78402a9-ab6c-414a-a6d2-edb5634eb9b4" testId="041d3fdb-7067-40eb-9584-8af6ebc56307" testName="FileRequest_MeshGenerateSetsFileIsSynchronized" computerName="VECTOR" duration="00:00:03.9230000" startTime="2018-08-14T16:48:11.6860366-04:00" endTime="2018-08-14T16:48:11.6860504-04:00" testType="13cdc9d9-ddb5-4fa4-a97d-d965ccfc6d4b" outcome="Passed" testListId="8c84fa94-04c1-424b-9868-57a2d4851a1d" relativeResultsDirectory="a78402a9-ab6c-414a-a6d2-edb5634eb9b4" /><UnitTestResult executionId="3dbb84af-222a-41cc-b6f5-beb83f1f2482" testId="9672ddde-642d-4208-9870-52eb3f313cf8" testName="Patch_InvalidPropertyNameReturnsBadRequest" computerName="VECTOR" duration="00:00:00.0210000" startTime="2018-08-14T16:48:11.9918777-04:00" endTime="2018-08-14T16:48:11.9918834-04:00" testType="13cdc9d9-ddb5-4fa4-a97d-d965ccfc6d4b" outcome="Passed" testListId="8c84fa94-04c1-424b-9868-57a2d4851a1d" relativeResultsDirectory="3dbb84af-222a-41cc-b6f5-beb83f1f2482" /><UnitTestResult executionId="24ae89d9-fc57-4fa8-88e0-c7d3d399e80e" testId="890c621d-23a4-4d60-ada9-810f303deb00" testName="PostFile_FileTimeStampIsUpdatedAfterFileIsPosted" computerName="VECTOR" duration="00:00:00.0100000" startTime="2018-08-14T16:47:59.2720434-04:00" endTime="2018-08-14T16:47:59.2720466-04:00" testType="13cdc9d9-ddb5-4fa4-a97d-d965ccfc6d4b" outcome="Passed" testListId="8c84fa94-04c1-424b-9868-57a2d4851a1d" relativeResultsDirectory="24ae89d9-fc57-4fa8-88e0-c7d3d399e80e" /><UnitTestResult executionId="d5ded015-ca14-4fcf-90f7-eef041824e10" testId="b6d716bd-6b9c-41ba-a127-e1871e457651" testName="Put_InvalidReferencePropertyReturndBadRequest" computerName="VECTOR" duration="00:00:00.0280000" startTime="2018-08-14T16:47:59.2614826-04:00" endTime="2018-08-14T16:47:59.2614878-04:00" testType="13cdc9d9-ddb5-4fa4-a97d-d965ccfc6d4b" outcome="Passed" testListId="8c84fa94-04c1-424b-9868-57a2d4851a1d" relativeResultsDirectory="d5ded015-ca14-4fcf-90f7-eef041824e10" /><UnitTestResult executionId="f0a994bd-d08b-436e-9a61-ca46e52f8a71" testId="3298aefb-8a98-4da7-8ba7-92cca11628b2" testName="GetSingle_InvalidIdPropertyValueReturnsNotFound" computerName="VECTOR" duration="00:00:00.0160000" startTime="2018-08-14T16:47:58.8289417-04:00" endTime="2018-08-14T16:47:58.8289499-04:00" testType="13cdc9d9-ddb5-4fa4-a97d-d965ccfc6d4b" outcome="Passed" testListId="8c84fa94-04c1-424b-9868-57a2d4851a1d" relativeResultsDirectory="f0a994bd-d08b-436e-9a61-ca46e52f8a71" /><UnitTestResult executionId="f6967975-e49e-451c-bf0a-333adce2aee1" testId="fdd625d1-7c74-4510-a95d-ca48d1b4e4c0" testName="Patch_InvalidIdPropertyReturnsNotFound" computerName="VECTOR" duration="00:00:00.0200000" startTime="2018-08-14T16:48:03.6588960-04:00" endTime="2018-08-14T16:48:03.6589031-04:00" testType="13cdc9d9-ddb5-4fa4-a97d-d965ccfc6d4b" outcome="Passed" testListId="8c84fa94-04c1-424b-9868-57a2d4851a1d" relativeResultsDirectory="f6967975-e49e-451c-bf0a-333adce2aee1" /><UnitTestResult executionId="b8c6efc1-e36b-4fdd-801b-608a9bda3e80" testId="51c68caf-fa7e-4772-8c27-04ea11dc9756" testName="PostFile_FileIsSynchronizedIsUpdatedAfterFileIsPosted" computerName="VECTOR" duration="00:00:00.1150000" startTime="2018-08-14T16:48:11.8014403-04:00" endTime="2018-08-14T16:48:11.8014446-04:00" testType="13cdc9d9-ddb5-4fa4-a97d-d965ccfc6d4b" outcome="Passed" testListId="8c84fa94-04c1-424b-9868-57a2d4851a1d" relativeResultsDirectory="b8c6efc1-e36b-4fdd-801b-608a9bda3e80" /><UnitTestResult executionId="c59786f5-d141-4a50-a60b-03c88de14fb1" testId="318b509b-28c6-42f8-b7c3-1d8e26c3a6b1" testName="Put_InvalidIdReturnsNotFound" computerName="VECTOR" duration="00:00:00.2150000" startTime="2018-08-14T16:48:00.2468135-04:00" endTime="2018-08-14T16:48:00.2468257-04:00" testType="13cdc9d9-ddb5-4fa4-a97d-d965ccfc6d4b" outcome="Passed" testListId="8c84fa94-04c1-424b-9868-57a2d4851a1d" relativeResultsDirectory="c59786f5-d141-4a50-a60b-03c88de14fb1" /><UnitTestResult executionId="18965782-b0fc-4cb6-bd14-b66e49792ba2" testId="caa60df5-9dcd-42e5-a932-f902bc0c0d34" testName="Patch_ValidReferencePropertyUpdatesModel" computerName="VECTOR" duration="00:00:00.0660000" startTime="2018-08-14T16:48:15.4152234-04:00" endTime="2018-08-14T16:48:15.4152293-04:00" testType="13cdc9d9-ddb5-4fa4-a97d-d965ccfc6d4b" outcome="Passed" testListId="8c84fa94-04c1-424b-9868-57a2d4851a1d" relativeResultsDirectory="18965782-b0fc-4cb6-bd14-b66e49792ba2" /><UnitTestResult executionId="dc221b33-3761-4fc9-8be9-2388925c18df" testId="2f8ff96b-e06e-4008-95d2-413a60c6e7be" testName="GetSingle_ValidIdPropertyValueReturnsCorrectModel" computerName="VECTOR" duration="00:00:00.0200000" startTime="2018-08-14T16:48:12.4696337-04:00" endTime="2018-08-14T16:48:12.4696391-04:00" testType="13cdc9d9-ddb5-4fa4-a97d-d965ccfc6d4b" outcome="Passed" testListId="8c84fa94-04c1-424b-9868-57a2d4851a1d" relativeResultsDirectory="dc221b33-3761-4fc9-8be9-2388925c18df" /><UnitTestResult executionId="a056b4e8-685a-4d7d-ab85-cc99e1e5237f" testId="9739a52a-3735-4273-9a5d-0ba7f7167bcd" testName="FileRequest_FileCanBeReadAfterRename" computerName="VECTOR" duration="00:00:00.1110000" startTime="2018-08-14T16:48:11.9130232-04:00" endTime="2018-08-14T16:48:11.9130296-04:00" testType="13cdc9d9-ddb5-4fa4-a97d-d965ccfc6d4b" outcome="Passed" testListId="8c84fa94-04c1-424b-9868-57a2d4851a1d" relativeResultsDirectory="a056b4e8-685a-4d7d-ab85-cc99e1e5237f" /><UnitTestResult executionId="62849634-cdce-49a3-9d02-e32f4661f67d" testId="9e6406b8-165b-48de-894e-598a3499886d" testName="Put_ValidReferencePropertyUpdatesModel" computerName="VECTOR" duration="00:00:00.0650000" startTime="2018-08-14T16:48:15.5003379-04:00" endTime="2018-08-14T16:48:15.5003441-04:00" testType="13cdc9d9-ddb5-4fa4-a97d-d965ccfc6d4b" outcome="Passed" testListId="8c84fa94-04c1-424b-9868-57a2d4851a1d" relativeResultsDirectory="62849634-cdce-49a3-9d02-e32f4661f67d" /><UnitTestResult executionId="9cf54ea5-8aa9-4dd1-b509-e4dba5983896" testId="6f664dbc-f48a-43a1-9938-f7b71aafaf70" testName="Post_InvalidReferencePropertyReturnsBadRequest" computerName="VECTOR" duration="00:00:00.0070000" startTime="2018-08-14T16:47:57.6216063-04:00" endTime="2018-08-14T16:47:57.6216090-04:00" testType="13cdc9d9-ddb5-4fa4-a97d-d965ccfc6d4b" outcome="Passed" testListId="8c84fa94-04c1-424b-9868-57a2d4851a1d" relativeResultsDirectory="9cf54ea5-8aa9-4dd1-b509-e4dba5983896" /><UnitTestResult executionId="b2f95f43-1cf3-4609-b289-3928f237a8bc" testId="989c8d24-d789-4d17-a21e-aa98bc22d21e" testName="Post_InvalidReferencePropertyReturnsBadRequest" computerName="VECTOR" duration="00:00:00.3300000" startTime="2018-08-14T16:47:58.4897895-04:00" endTime="2018-08-14T16:47:58.4897957-04:00" testType="13cdc9d9-ddb5-4fa4-a97d-d965ccfc6d4b" outcome="Passed" testListId="8c84fa94-04c1-424b-9868-57a2d4851a1d" relativeResultsDirectory="b2f95f43-1cf3-4609-b289-3928f237a8bc" /><UnitTestResult executionId="74f7b13d-f66a-4685-8fd2-57627004eae4" testId="4fc1d5d5-4f26-4f43-ba1b-851c7bb45f6a" testName="Patch_TargetPropertyIsUpdated" computerName="VECTOR" duration="00:00:00.0740000" startTime="2018-08-14T16:47:57.9233003-04:00" endTime="2018-08-14T16:47:57.9233064-04:00" testType="13cdc9d9-ddb5-4fa4-a97d-d965ccfc6d4b" outcome="Passed" testListId="8c84fa94-04c1-424b-9868-57a2d4851a1d" relativeResultsDirectory="74f7b13d-f66a-4685-8fd2-57627004eae4" /><UnitTestResult executionId="a3e538ce-9544-4ebf-8156-dec4f507e060" testId="15cc2b72-1c72-448b-86df-6cf031ebaba9" testName="Patch_InvalidReferencePropertyReturnsBadRequest" computerName="VECTOR" duration="00:00:00.0380000" startTime="2018-08-14T16:48:03.6132864-04:00" endTime="2018-08-14T16:48:03.6132921-04:00" testType="13cdc9d9-ddb5-4fa4-a97d-d965ccfc6d4b" outcome="Passed" testListId="8c84fa94-04c1-424b-9868-57a2d4851a1d" relativeResultsDirectory="a3e538ce-9544-4ebf-8156-dec4f507e060" /><UnitTestResult executionId="6110cee6-5215-49f7-9c80-f914055b1412" testId="7807b665-9feb-4695-8567-e3cfec32bc76" testName="Patch_TargetPropertyIsUpdated" computerName="VECTOR" duration="00:00:00.0590000" startTime="2018-08-14T16:48:12.1797010-04:00" endTime="2018-08-14T16:48:12.1797073-04:00" testType="13cdc9d9-ddb5-4fa4-a97d-d965ccfc6d4b" outcome="Passed" testListId="8c84fa94-04c1-424b-9868-57a2d4851a1d" relativeResultsDirectory="6110cee6-5215-49f7-9c80-f914055b1412" /><UnitTestResult executionId="d533f94c-0a55-4f4e-a4a8-1207934dc780" testId="960632bb-df07-4d1c-905a-4394c680623a" testName="Patch_InvalidEnumPropertyValueReturnsBadRequest" computerName="VECTOR" duration="00:00:00.0080000" startTime="2018-08-14T16:48:00.7206549-04:00" endTime="2018-08-14T16:48:00.7206589-04:00" testType="13cdc9d9-ddb5-4fa4-a97d-d965ccfc6d4b" outcome="Passed" testListId="8c84fa94-04c1-424b-9868-57a2d4851a1d" relativeResultsDirectory="d533f94c-0a55-4f4e-a4a8-1207934dc780" /><UnitTestResult executionId="b8ea1230-d983-4602-bc76-3a96fecc91ca" testId="ed4db20b-422e-43e5-9cb3-19b885c3d9cd" testName="Put_InvalidReferencePropertyReturndBadRequest" computerName="VECTOR" duration="00:00:00.0420000" startTime="2018-08-14T16:48:12.0343687-04:00" endTime="2018-08-14T16:48:12.0343747-04:00" testType="13cdc9d9-ddb5-4fa4-a97d-d965ccfc6d4b" outcome="Passed" testListId="8c84fa94-04c1-424b-9868-57a2d4851a1d" relativeResultsDirectory="b8ea1230-d983-4602-bc76-3a96fecc91ca" /><UnitTestResult executionId="f386897e-4163-45c2-ad43-0d046ccc1253" testId="b7de4c2c-e5c6-4e31-a304-dec1e428c206" testName="GetSingle_InvalidIdPropertyValueReturnsNotFound" computerName="VECTOR" duration="00:00:00.0120000" startTime="2018-08-14T16:48:00.8940175-04:00" endTime="2018-08-14T16:48:00.8940239-04:00" testType="13cdc9d9-ddb5-4fa4-a97d-d965ccfc6d4b" outcome="Passed" testListId="8c84fa94-04c1-424b-9868-57a2d4851a1d" relativeResultsDirectory="f386897e-4163-45c2-ad43-0d046ccc1253" /><UnitTestResult executionId="5a867c70-48d7-410d-a51b-ea91a4cb25c2" testId="11b0ce3b-9481-4d90-b565-cd181d8d8435" testName="GetList_ListReturnsCorrectCount" computerName="VECTOR" duration="00:00:00.0200000" startTime="2018-08-14T16:48:15.1252590-04:00" endTime="2018-08-14T16:48:15.1252646-04:00" testType="13cdc9d9-ddb5-4fa4-a97d-d965ccfc6d4b" outcome="Passed" testListId="8c84fa94-04c1-424b-9868-57a2d4851a1d" relativeResultsDirectory="5a867c70-48d7-410d-a51b-ea91a4cb25c2" /><UnitTestResult executionId="c2d98050-109f-4417-8837-47c6944cc013" testId="51003281-cddc-422b-98b3-2caba52e8fe4" testName="FileRequest_FileCanBeReadAfterRename" computerName="VECTOR" duration="00:00:00.1370000" startTime="2018-08-14T16:48:14.3164234-04:00" endTime="2018-08-14T16:48:14.3164303-04:00" testType="13cdc9d9-ddb5-4fa4-a97d-d965ccfc6d4b" outcome="Passed" testListId="8c84fa94-04c1-424b-9868-57a2d4851a1d" relativeResultsDirectory="c2d98050-109f-4417-8837-47c6944cc013" /><UnitTestResult executionId="86b56a30-30b2-429e-80d5-aead6e24afbf" testId="d80df456-8a59-407a-84fa-a0c94aebf5fc" testName="Put_ValidReferencePropertyUpdatesModel" computerName="VECTOR" duration="00:00:00.1930000" startTime="2018-08-14T16:48:12.3729142-04:00" endTime="2018-08-14T16:48:12.3729208-04:00" testType="13cdc9d9-ddb5-4fa4-a97d-d965ccfc6d4b" outcome="Passed" testListId="8c84fa94-04c1-424b-9868-57a2d4851a1d" relativeResultsDirectory="86b56a30-30b2-429e-80d5-aead6e24afbf" /><UnitTestResult executionId="9b312a56-ca01-492b-b5ad-c945e1a2ee06" testId="fccdc115-bb02-4199-a046-9c7d19ba6379" testName="PutFile_FileCanBeUpdated" computerName="VECTOR" duration="00:00:00.1300000" startTime="2018-08-14T16:48:06.4303077-04:00" endTime="2018-08-14T16:48:06.4303136-04:00" testType="13cdc9d9-ddb5-4fa4-a97d-d965ccfc6d4b" outcome="Passed" testListId="8c84fa94-04c1-424b-9868-57a2d4851a1d" relativeResultsDirectory="9b312a56-ca01-492b-b5ad-c945e1a2ee06" /><UnitTestResult executionId="ea5212e4-747a-47e4-afa0-2cc3501597d6" testId="171ccf98-7d77-4d2f-89ff-f483a59a71a4" testName="Put_InvalidIdReturnsNotFound" computerName="VECTOR" duration="00:00:00.0340000" startTime="2018-08-14T16:47:58.8636676-04:00" endTime="2018-08-14T16:47:58.8636729-04:00" testType="13cdc9d9-ddb5-4fa4-a97d-d965ccfc6d4b" outcome="Passed" testListId="8c84fa94-04c1-424b-9868-57a2d4851a1d" relativeResultsDirectory="ea5212e4-747a-47e4-afa0-2cc3501597d6" /><UnitTestResult executionId="e051a0a9-3739-433e-b51e-1c58b160e702" testId="60068524-d0b2-42d0-b83b-ca9e4edca9d3" testName="GetSingle_InvalidIdPropertyValueReturnsNotFound" computerName="VECTOR" duration="00:00:00.0200000" startTime="2018-08-14T16:48:12.5976846-04:00" endTime="2018-08-14T16:48:12.5976902-04:00" testType="13cdc9d9-ddb5-4fa4-a97d-d965ccfc6d4b" outcome="Passed" testListId="8c84fa94-04c1-424b-9868-57a2d4851a1d" relativeResultsDirectory="e051a0a9-3739-433e-b51e-1c58b160e702" /><UnitTestResult executionId="5da8087a-ba07-4d28-9be9-93d677e72037" testId="ea6e1d44-92c0-4c07-b1d2-a29a6b530e48" testName="PutFile_NewFileCanBePut" computerName="VECTOR" duration="00:00:00.0870000" startTime="2018-08-14T16:48:04.0502833-04:00" endTime="2018-08-14T16:48:04.0502872-04:00" testType="13cdc9d9-ddb5-4fa4-a97d-d965ccfc6d4b" outcome="Passed" testListId="8c84fa94-04c1-424b-9868-57a2d4851a1d" relativeResultsDirectory="5da8087a-ba07-4d28-9be9-93d677e72037" /><UnitTestResult executionId="c7800282-f784-4eed-93de-c37ceed5258d" testId="1fa437e5-9a7d-42ec-93f4-21169fd4e6c1" testName="Patch_InvalidPropertyNameReturnsBadRequest" computerName="VECTOR" duration="00:00:00.0340000" startTime="2018-08-14T16:48:00.2817845-04:00" endTime="2018-08-14T16:48:00.2817902-04:00" testType="13cdc9d9-ddb5-4fa4-a97d-d965ccfc6d4b" outcome="Passed" testListId="8c84fa94-04c1-424b-9868-57a2d4851a1d" relativeResultsDirectory="c7800282-f784-4eed-93de-c37ceed5258d" /><UnitTestResult executionId="7dcb85ff-39c7-42ba-9429-298f51dda040" testId="b25db217-1e7c-4702-9e1e-5255892b88e3" testName="Put_CanUpdateModel" computerName="VECTOR" duration="00:00:00.0420000" startTime="2018-08-14T16:47:58.0844241-04:00" endTime="2018-08-14T16:47:58.0844298-04:00" testType="13cdc9d9-ddb5-4fa4-a97d-d965ccfc6d4b" outcome="Passed" testListId="8c84fa94-04c1-424b-9868-57a2d4851a1d" relativeResultsDirectory="7dcb85ff-39c7-42ba-9429-298f51dda040" /><UnitTestResult executionId="73cd8d1f-32bb-4318-b6d3-288a2a945d3c" testId="7a2b80c5-1947-4a0a-83ee-0b76cc9aba4d" testName="Put_InvalidReferencePropertyReturndBadRequest" computerName="VECTOR" duration="00:00:00.0180000" startTime="2018-08-14T16:48:00.6967521-04:00" endTime="2018-08-14T16:48:00.6967579-04:00" testType="13cdc9d9-ddb5-4fa4-a97d-d965ccfc6d4b" outcome="Passed" testListId="8c84fa94-04c1-424b-9868-57a2d4851a1d" relativeResultsDirectory="73cd8d1f-32bb-4318-b6d3-288a2a945d3c" /><UnitTestResult executionId="510f98bc-445b-4dcd-be64-f9e6171b7d2f" testId="226c3106-a369-4bf5-be13-de93ee40af46" testName="Patch_InvalidReferencePropertyReturnsBadRequest" computerName="VECTOR" duration="00:00:00.0100000" startTime="2018-08-14T16:47:57.9435847-04:00" endTime="2018-08-14T16:47:57.9435880-04:00" testType="13cdc9d9-ddb5-4fa4-a97d-d965ccfc6d4b" outcome="Passed" testListId="8c84fa94-04c1-424b-9868-57a2d4851a1d" relativeResultsDirectory="510f98bc-445b-4dcd-be64-f9e6171b7d2f" /><UnitTestResult executionId="e891f610-aa10-4515-8450-183bfb8a6833" testId="7f5aa522-f50c-4454-9a7b-2fac3ab654b7" testName="Delete_TargetModelIsDeleted" computerName="VECTOR" duration="00:00:00.0300000" startTime="2018-08-14T16:48:15.1052324-04:00" endTime="2018-08-14T16:48:15.1052383-04:00" testType="13cdc9d9-ddb5-4fa4-a97d-d965ccfc6d4b" outcome="Passed" testListId="8c84fa94-04c1-424b-9868-57a2d4851a1d" relativeResultsDirectory="e891f610-aa10-4515-8450-183bfb8a6833" /><UnitTestResult executionId="85dbb2ce-7b55-4438-bee1-0b06aa93d875" testId="625f62c6-99f9-4192-8180-0a22540145e6" testName="PostFile_FileTimeStampIsUpdatedAfterFileIsPosted" computerName="VECTOR" duration="00:00:01.1820000" startTime="2018-08-14T16:48:13.9088063-04:00" endTime="2018-08-14T16:48:13.9088105-04:00" testType="13cdc9d9-ddb5-4fa4-a97d-d965ccfc6d4b" outcome="Passed" testListId="8c84fa94-04c1-424b-9868-57a2d4851a1d" relativeResultsDirectory="85dbb2ce-7b55-4438-bee1-0b06aa93d875" /><UnitTestResult executionId="9675353e-6236-47ae-b603-581291959893" testId="3086ea52-da5c-415c-9605-710cdd5be078" testName="GetFile_FileCanBeRoundTripped" computerName="VECTOR" duration="00:00:00.0980000" startTime="2018-08-14T16:48:06.2995432-04:00" endTime="2018-08-14T16:48:06.2995489-04:00" testType="13cdc9d9-ddb5-4fa4-a97d-d965ccfc6d4b" outcome="Passed" testListId="8c84fa94-04c1-424b-9868-57a2d4851a1d" relativeResultsDirectory="9675353e-6236-47ae-b603-581291959893" /><UnitTestResult executionId="c5aff85a-807d-4abd-8190-39cbad66af8b" testId="17af84e4-ba59-4d11-9427-6c7ba553aa72" testName="Post_ValidReferencePropertyCreatesModel" computerName="VECTOR" duration="00:00:00.0400000" startTime="2018-08-14T16:48:03.7892451-04:00" endTime="2018-08-14T16:48:03.7892559-04:00" testType="13cdc9d9-ddb5-4fa4-a97d-d965ccfc6d4b" outcome="Passed" testListId="8c84fa94-04c1-424b-9868-57a2d4851a1d" relativeResultsDirectory="c5aff85a-807d-4abd-8190-39cbad66af8b" /><UnitTestResult executionId="3e9cc1ff-502e-48a9-8270-840d3225b84b" testId="252da599-f45d-48c4-bfbe-fa645032840c" testName="PutFile_FileCanBeUpdated" computerName="VECTOR" duration="00:00:00.2700000" startTime="2018-08-14T16:48:14.1792416-04:00" endTime="2018-08-14T16:48:14.1792492-04:00" testType="13cdc9d9-ddb5-4fa4-a97d-d965ccfc6d4b" outcome="Passed" testListId="8c84fa94-04c1-424b-9868-57a2d4851a1d" relativeResultsDirectory="3e9cc1ff-502e-48a9-8270-840d3225b84b" /><UnitTestResult executionId="7fb5f31e-1df4-4db3-af06-2dd04638d728" testId="f4e42d85-9402-4b24-9fc2-cecdeb5f605b" testName="GetSingle_ValidIdPropertyValueReturnsCorrectModel" computerName="VECTOR" duration="00:00:00.0310000" startTime="2018-08-14T16:48:03.8625350-04:00" endTime="2018-08-14T16:48:03.8625407-04:00" testType="13cdc9d9-ddb5-4fa4-a97d-d965ccfc6d4b" outcome="Passed" testListId="8c84fa94-04c1-424b-9868-57a2d4851a1d" relativeResultsDirectory="7fb5f31e-1df4-4db3-af06-2dd04638d728" /><UnitTestResult executionId="82d5bd6c-fe32-4186-83bf-920dd48e87c7" testId="50af1f18-a083-413b-902b-8083b66b6a0c" testName="Post_CanCreateNewModel" computerName="VECTOR" duration="00:00:00.0190000" startTime="2018-08-14T16:47:57.9632635-04:00" endTime="2018-08-14T16:47:57.9632687-04:00" testType="13cdc9d9-ddb5-4fa4-a97d-d965ccfc6d4b" outcome="Passed" testListId="8c84fa94-04c1-424b-9868-57a2d4851a1d" relativeResultsDirectory="82d5bd6c-fe32-4186-83bf-920dd48e87c7" /><UnitTestResult executionId="5c0acb72-f2ef-4db5-af75-ea25f426dec6" testId="a625372b-1280-4291-8330-07e0ceb5c9c2" testName="Patch_InvalidIdPropertyReturnsNotFound" computerName="VECTOR" duration="00:00:00.0180000" startTime="2018-08-14T16:48:12.0884318-04:00" endTime="2018-08-14T16:48:12.0884371-04:00" testType="13cdc9d9-ddb5-4fa4-a97d-d965ccfc6d4b" outcome="Passed" testListId="8c84fa94-04c1-424b-9868-57a2d4851a1d" relativeResultsDirectory="5c0acb72-f2ef-4db5-af75-ea25f426dec6" /><UnitTestResult executionId="59d54c9d-55c9-4396-8473-d382ecac47fe" testId="0e8797c8-3034-4d73-a34a-9b549be54515" testName="GetFile_FileCanBeRoundTripped" computerName="VECTOR" duration="00:00:00.0740000" startTime="2018-08-14T16:48:00.0013939-04:00" endTime="2018-08-14T16:48:00.0014008-04:00" testType="13cdc9d9-ddb5-4fa4-a97d-d965ccfc6d4b" outcome="Passed" testListId="8c84fa94-04c1-424b-9868-57a2d4851a1d" relativeResultsDirectory="59d54c9d-55c9-4396-8473-d382ecac47fe" /><UnitTestResult executionId="8201e362-48f3-4eb6-9215-e63a7e10326d" testId="8e32d40c-b384-460a-ba59-90a78d458ff2" testName="Put_CanUpdateModel" computerName="VECTOR" duration="00:00:00.0620000" startTime="2018-08-14T16:48:15.2297811-04:00" endTime="2018-08-14T16:48:15.2297877-04:00" testType="13cdc9d9-ddb5-4fa4-a97d-d965ccfc6d4b" outcome="Passed" testListId="8c84fa94-04c1-424b-9868-57a2d4851a1d" relativeResultsDirectory="8201e362-48f3-4eb6-9215-e63a7e10326d" /><UnitTestResult executionId="964e9e91-1ac5-435c-90b3-0551c3ee76ac" testId="a410171b-1c2a-4eea-84ff-17e8400cbb0f" testName="Put_InvalidReferencePropertyReturndBadRequest" computerName="VECTOR" duration="00:00:00.0440000" startTime="2018-08-14T16:48:03.9069683-04:00" endTime="2018-08-14T16:48:03.9069746-04:00" testType="13cdc9d9-ddb5-4fa4-a97d-d965ccfc6d4b" outcome="Passed" testListId="8c84fa94-04c1-424b-9868-57a2d4851a1d" relativeResultsDirectory="964e9e91-1ac5-435c-90b3-0551c3ee76ac" /><UnitTestResult executionId="049f2283-c221-4f56-835c-0c1cb0ae28f2" testId="e1b1ebb2-98c0-4044-af15-60bb5602ebe2" testName="Put_InvalidIdReturnsNotFound" computerName="VECTOR" duration="00:00:00.0290000" startTime="2018-08-14T16:48:12.4992031-04:00" endTime="2018-08-14T16:48:12.4992088-04:00" testType="13cdc9d9-ddb5-4fa4-a97d-d965ccfc6d4b" outcome="Passed" testListId="8c84fa94-04c1-424b-9868-57a2d4851a1d" relativeResultsDirectory="049f2283-c221-4f56-835c-0c1cb0ae28f2" /><UnitTestResult executionId="e83f919b-3f0e-4bd6-ac28-bbd12eec64d5" testId="a05cc9da-16e0-4c53-88a9-e154afbbc699" testName="Patch_InvalidReferencePropertyReturnsBadRequest" computerName="VECTOR" duration="00:00:00.0300000" startTime="2018-08-14T16:47:59.2042572-04:00" endTime="2018-08-14T16:47:59.2042628-04:00" testType="13cdc9d9-ddb5-4fa4-a97d-d965ccfc6d4b" outcome="Passed" testListId="8c84fa94-04c1-424b-9868-57a2d4851a1d" relativeResultsDirectory="e83f919b-3f0e-4bd6-ac28-bbd12eec64d5" /><UnitTestResult executionId="68d67484-c0c9-4ee4-a367-266790f2bf89" testId="2222b391-ec73-4519-b2a9-0e0bbf5c88ad" testName="Post_ValidReferencePropertyCreatesModel" computerName="VECTOR" duration="00:00:00.0090000" startTime="2018-08-14T16:47:57.6198264-04:00" endTime="2018-08-14T16:47:57.6198285-04:00" testType="13cdc9d9-ddb5-4fa4-a97d-d965ccfc6d4b" outcome="Passed" testListId="8c84fa94-04c1-424b-9868-57a2d4851a1d" relativeResultsDirectory="68d67484-c0c9-4ee4-a367-266790f2bf89" /><UnitTestResult executionId="58fb3ea3-af35-447d-a8d4-8d3f39fe8531" testId="82765ead-5b7f-4a4c-a3e9-b9967eb0f2bc" testName="Put_ValidReferencePropertyUpdatesModel" computerName="VECTOR" duration="00:00:00.0670000" startTime="2018-08-14T16:48:03.4435810-04:00" endTime="2018-08-14T16:48:03.4435871-04:00" testType="13cdc9d9-ddb5-4fa4-a97d-d965ccfc6d4b" outcome="Passed" testListId="8c84fa94-04c1-424b-9868-57a2d4851a1d" relativeResultsDirectory="58fb3ea3-af35-447d-a8d4-8d3f39fe8531" /><UnitTestResult executionId="e7336d32-ebf1-40f2-bdfd-679c5b005e12" testId="88600010-6669-4593-9c61-ab005eb9e0ef" testName="Post_InvalidReferencePropertyReturnsBadRequest" computerName="VECTOR" duration="00:00:00.0260000" startTime="2018-08-14T16:48:03.7065109-04:00" endTime="2018-08-14T16:48:03.7065219-04:00" testType="13cdc9d9-ddb5-4fa4-a97d-d965ccfc6d4b" outcome="Passed" testListId="8c84fa94-04c1-424b-9868-57a2d4851a1d" relativeResultsDirectory="e7336d32-ebf1-40f2-bdfd-679c5b005e12" /><UnitTestResult executionId="c9729140-0a0f-4b7a-8470-55ab18021f7e" testId="5129e65c-a86d-4658-9f46-104e3f43c9d4" testName="GetList_ListReturnsCorrectCount" computerName="VECTOR" duration="00:00:00.0150000" startTime="2018-08-14T16:47:58.0995766-04:00" endTime="2018-08-14T16:47:58.0995813-04:00" testType="13cdc9d9-ddb5-4fa4-a97d-d965ccfc6d4b" outcome="Passed" testListId="8c84fa94-04c1-424b-9868-57a2d4851a1d" relativeResultsDirectory="c9729140-0a0f-4b7a-8470-55ab18021f7e" /><UnitTestResult executionId="1649276d-85ca-4d6f-8907-b0d5c6c503c3" testId="abf3c846-9e47-4550-b756-e08a344b465a" testName="MeshTransformHasExpectedDependentFiles" computerName="VECTOR" duration="00:00:00.0010000" startTime="2018-08-14T16:47:56.8322812-04:00" endTime="2018-08-14T16:47:56.8322827-04:00" testType="13cdc9d9-ddb5-4fa4-a97d-d965ccfc6d4b" outcome="Passed" testListId="8c84fa94-04c1-424b-9868-57a2d4851a1d" relativeResultsDirectory="1649276d-85ca-4d6f-8907-b0d5c6c503c3" /><UnitTestResult executionId="a318af1a-7b10-45f2-8f9a-b49beb8e444a" testId="94d9d4a1-5c3a-4117-9958-69eb7f38f20c" testName="Post_InvalidPropertyValueReturnsBadRequest" computerName="VECTOR" duration="00:00:00.0160000" startTime="2018-08-14T16:48:12.5151985-04:00" endTime="2018-08-14T16:48:12.5152054-04:00" testType="13cdc9d9-ddb5-4fa4-a97d-d965ccfc6d4b" outcome="Passed" testListId="8c84fa94-04c1-424b-9868-57a2d4851a1d" relativeResultsDirectory="a318af1a-7b10-45f2-8f9a-b49beb8e444a" /><UnitTestResult executionId="dc666ca3-972d-4fa4-a611-6ea9f4ed7b09" testId="32dc7114-d329-4010-89b2-0a951fd2fe94" testName="GetFile_NonExistentFileReturnsNotFound" computerName="VECTOR" duration="00:00:00.0330000" startTime="2018-08-14T16:48:03.9631183-04:00" endTime="2018-08-14T16:48:03.9631236-04:00" testType="13cdc9d9-ddb5-4fa4-a97d-d965ccfc6d4b" outcome="Passed" testListId="8c84fa94-04c1-424b-9868-57a2d4851a1d" relativeResultsDirectory="dc666ca3-972d-4fa4-a611-6ea9f4ed7b09" /><UnitTestResult executionId="b83bc8bd-1d39-41dd-9ddf-860696c947c8" testId="c4e99150-3cc0-41b7-b111-f0aa68bbee7a" testName="Patch_MultipleInvalidReferencePropertiesReturnsMultipleValidationErrorsAndBadRequest" computerName="VECTOR" duration="00:00:00.0410000" startTime="2018-08-14T16:48:03.7483551-04:00" endTime="2018-08-14T16:48:03.7483608-04:00" testType="13cdc9d9-ddb5-4fa4-a97d-d965ccfc6d4b" outcome="Passed" testListId="8c84fa94-04c1-424b-9868-57a2d4851a1d" relativeResultsDirectory="b83bc8bd-1d39-41dd-9ddf-860696c947c8" /><UnitTestResult executionId="271f68c6-f801-476a-b4ec-642f32b36830" testId="1a9d8436-a6b4-463d-9b0a-f7684abccaca" testName="GetFile_ExistingFileReturnsSuccess" computerName="VECTOR" duration="00:00:00.2270000" startTime="2018-08-14T16:47:59.7372134-04:00" endTime="2018-08-14T16:47:59.7372207-04:00" testType="13cdc9d9-ddb5-4fa4-a97d-d965ccfc6d4b" outcome="Passed" testListId="8c84fa94-04c1-424b-9868-57a2d4851a1d" relativeResultsDirectory="271f68c6-f801-476a-b4ec-642f32b36830" /><UnitTestResult executionId="c58a5fba-428b-4d33-90c0-ca227bc0f47c" testId="359f674c-11f3-43ad-936f-9e6fab174db9" testName="Post_InvalidPropertyValueReturnsBadRequest" computerName="VECTOR" duration="00:00:00.0130000" startTime="2018-08-14T16:48:15.3489274-04:00" endTime="2018-08-14T16:48:15.3489339-04:00" testType="13cdc9d9-ddb5-4fa4-a97d-d965ccfc6d4b" outcome="Passed" testListId="8c84fa94-04c1-424b-9868-57a2d4851a1d" relativeResultsDirectory="c58a5fba-428b-4d33-90c0-ca227bc0f47c" /><UnitTestResult executionId="03b8c9fd-873a-46b2-82b7-70df524252e7" testId="e59d75cb-c7e6-4f99-a61c-fdfedd30d1b2" testName="Patch_InvalidPropertyNameReturnsBadRequest" computerName="VECTOR" duration="00:00:00.0140000" startTime="2018-08-14T16:48:15.3357746-04:00" endTime="2018-08-14T16:48:15.3357803-04:00" testType="13cdc9d9-ddb5-4fa4-a97d-d965ccfc6d4b" outcome="Passed" testListId="8c84fa94-04c1-424b-9868-57a2d4851a1d" relativeResultsDirectory="03b8c9fd-873a-46b2-82b7-70df524252e7" /><UnitTestResult executionId="fa02bccc-3609-449f-a8ac-24fc7c3d9737" testId="848136ce-d517-4c26-a47f-65a7ddd6eae3" testName="Put_InvalidReferencePropertyReturndBadRequest" computerName="VECTOR" duration="00:00:00.0150000" startTime="2018-08-14T16:47:58.1249451-04:00" endTime="2018-08-14T16:47:58.1249517-04:00" testType="13cdc9d9-ddb5-4fa4-a97d-d965ccfc6d4b" outcome="Passed" testListId="8c84fa94-04c1-424b-9868-57a2d4851a1d" relativeResultsDirectory="fa02bccc-3609-449f-a8ac-24fc7c3d9737" /><UnitTestResult executionId="640c7966-8d09-4c47-ab17-a2574491c04b" testId="f338cddb-399a-41fa-8324-ef7f304e12f3" testName="GetSingle_InvalidIdPropertyValueReturnsNotFound" computerName="VECTOR" duration="00:00:00.0130000" startTime="2018-08-14T16:47:58.0418394-04:00" endTime="2018-08-14T16:47:58.0418525-04:00" testType="13cdc9d9-ddb5-4fa4-a97d-d965ccfc6d4b" outcome="Passed" testListId="8c84fa94-04c1-424b-9868-57a2d4851a1d" relativeResultsDirectory="640c7966-8d09-4c47-ab17-a2574491c04b" /><UnitTestResult executionId="572f4537-cd5f-4ecf-aa85-fa26236a4d16" testId="98b41bd6-3924-4a4e-a921-af2d855b91eb" testName="Patch_ValidReferencePropertyUpdatesModel" computerName="VECTOR" duration="00:00:00.0640000" startTime="2018-08-14T16:47:58.9789716-04:00" endTime="2018-08-14T16:47:58.9789779-04:00" testType="13cdc9d9-ddb5-4fa4-a97d-d965ccfc6d4b" outcome="Passed" testListId="8c84fa94-04c1-424b-9868-57a2d4851a1d" relativeResultsDirectory="572f4537-cd5f-4ecf-aa85-fa26236a4d16" /><UnitTestResult executionId="d94645de-b8ff-483f-8c4a-0178c88db8b1" testId="4f75ea62-d4f1-4048-911e-da031a301248" testName="Put_CanUpdateModel" computerName="VECTOR" duration="00:00:00.0570000" startTime="2018-08-14T16:48:12.6879461-04:00" endTime="2018-08-14T16:48:12.6879521-04:00" testType="13cdc9d9-ddb5-4fa4-a97d-d965ccfc6d4b" outcome="Passed" testListId="8c84fa94-04c1-424b-9868-57a2d4851a1d" relativeResultsDirectory="d94645de-b8ff-483f-8c4a-0178c88db8b1" /><UnitTestResult executionId="69834e9d-df7c-42e3-8716-fa90b546e8f9" testId="684dc8fc-7fb7-417c-8ca8-dae5041c4139" testName="Patch_InvalidIdPropertyReturnsNotFound" computerName="VECTOR" duration="00:00:00.0160000" startTime="2018-08-14T16:47:59.0371137-04:00" endTime="2018-08-14T16:47:59.0371196-04:00" testType="13cdc9d9-ddb5-4fa4-a97d-d965ccfc6d4b" outcome="Passed" testListId="8c84fa94-04c1-424b-9868-57a2d4851a1d" relativeResultsDirectory="69834e9d-df7c-42e3-8716-fa90b546e8f9" /><UnitTestResult executionId="8a576fef-23d2-4de2-80f0-2f4bf2431137" testId="c669999d-5726-4333-99a9-bf35cbaabc87" testName="Model3dHasExpectedDependentFiles" computerName="VECTOR" duration="00:00:00.0380000" startTime="2018-08-14T16:47:56.3518628-04:00" endTime="2018-08-14T16:47:56.3518686-04:00" testType="13cdc9d9-ddb5-4fa4-a97d-d965ccfc6d4b" outcome="Passed" testListId="8c84fa94-04c1-424b-9868-57a2d4851a1d" relativeResultsDirectory="8a576fef-23d2-4de2-80f0-2f4bf2431137" /><UnitTestResult executionId="dfc136ab-d92d-4bd7-8221-c5d571e4db39" testId="1d29f60a-bb69-4d7d-afdb-1d096511f5ac" testName="PostFile_NewFileCanBePosted" computerName="VECTOR" duration="00:00:00.0730000" startTime="2018-08-14T16:47:59.9264316-04:00" endTime="2018-08-14T16:47:59.9264367-04:00" testType="13cdc9d9-ddb5-4fa4-a97d-d965ccfc6d4b" outcome="Passed" testListId="8c84fa94-04c1-424b-9868-57a2d4851a1d" relativeResultsDirectory="dfc136ab-d92d-4bd7-8221-c5d571e4db39" /><UnitTestResult executionId="9a8fdce1-4d0c-4010-ace0-51270e39742d" testId="4ccff6f8-d8a3-4a9c-8e26-27779344830f" testName="GetSingle_ValidIdPropertyValueReturnsCorrectModel" computerName="VECTOR" duration="00:00:00.0140000" startTime="2018-08-14T16:48:00.9089187-04:00" endTime="2018-08-14T16:48:00.9089242-04:00" testType="13cdc9d9-ddb5-4fa4-a97d-d965ccfc6d4b" outcome="Passed" testListId="8c84fa94-04c1-424b-9868-57a2d4851a1d" relativeResultsDirectory="9a8fdce1-4d0c-4010-ace0-51270e39742d" /><UnitTestResult executionId="971679f2-285b-44b6-b9e7-452ba546fefd" testId="7a4543df-0822-4cb5-b2fe-15538ab77f5d" testName="Put_InvalidIdReturnsNotFound" computerName="VECTOR" duration="00:00:00.0200000" startTime="2018-08-14T16:48:15.0743349-04:00" endTime="2018-08-14T16:48:15.0743404-04:00" testType="13cdc9d9-ddb5-4fa4-a97d-d965ccfc6d4b" outcome="Passed" testListId="8c84fa94-04c1-424b-9868-57a2d4851a1d" relativeResultsDirectory="971679f2-285b-44b6-b9e7-452ba546fefd" /><UnitTestResult executionId="7ee41162-0049-41d8-9717-1d2c00539a76" testId="7e726af8-30be-4bba-9f05-29bf0a44325f" testName="PutFile_NewFileCanBePut" computerName="VECTOR" duration="00:00:00.0950000" startTime="2018-08-14T16:47:59.3673478-04:00" endTime="2018-08-14T16:47:59.3673554-04:00" testType="13cdc9d9-ddb5-4fa4-a97d-d965ccfc6d4b" outcome="Passed" testListId="8c84fa94-04c1-424b-9868-57a2d4851a1d" relativeResultsDirectory="7ee41162-0049-41d8-9717-1d2c00539a76" /><UnitTestResult executionId="6e11fe9b-47b4-4e3c-9c24-7f7cabfb6a79" testId="c5321c71-f204-40f7-962c-28fc62e5817a" testName="Delete_TargetModelIsDeleted" computerName="VECTOR" duration="00:00:00.0350000" startTime="2018-08-14T16:48:12.0697420-04:00" endTime="2018-08-14T16:48:12.0697526-04:00" testType="13cdc9d9-ddb5-4fa4-a97d-d965ccfc6d4b" outcome="Passed" testListId="8c84fa94-04c1-424b-9868-57a2d4851a1d" relativeResultsDirectory="6e11fe9b-47b4-4e3c-9c24-7f7cabfb6a79" /><UnitTestResult executionId="1ee765bb-2dd5-4f20-a076-a65524f3d96b" testId="946b5da2-f7d0-4a95-8c50-d0d63b60267b" testName="Post_ValidReferencePropertyCreatesModel" computerName="VECTOR" duration="00:00:00.0320000" startTime="2018-08-14T16:48:12.6306360-04:00" endTime="2018-08-14T16:48:12.6306423-04:00" testType="13cdc9d9-ddb5-4fa4-a97d-d965ccfc6d4b" outcome="Passed" testListId="8c84fa94-04c1-424b-9868-57a2d4851a1d" relativeResultsDirectory="1ee765bb-2dd5-4f20-a076-a65524f3d96b" /><UnitTestResult executionId="a87aef42-f118-4aad-b118-8a4d1fa93217" testId="cdfcb925-4422-4bb1-8075-e65b7d2ba859" testName="GetSingle_InvalidIdPropertyValueReturnsNotFound" computerName="VECTOR" duration="00:00:00.0210000" startTime="2018-08-14T16:48:03.6802585-04:00" endTime="2018-08-14T16:48:03.6802638-04:00" testType="13cdc9d9-ddb5-4fa4-a97d-d965ccfc6d4b" outcome="Passed" testListId="8c84fa94-04c1-424b-9868-57a2d4851a1d" relativeResultsDirectory="a87aef42-f118-4aad-b118-8a4d1fa93217" /><UnitTestResult executionId="391da360-ea86-406e-9bfd-bb5c4135bfa6" testId="cf234150-d68c-4158-b9ae-34c3493c9fe0" testName="Patch_InvalidEnumPropertyValueReturnsBadRequest" computerName="VECTOR" duration="00:00:00.0330000" startTime="2018-08-14T16:48:11.9467376-04:00" endTime="2018-08-14T16:48:11.9467437-04:00" testType="13cdc9d9-ddb5-4fa4-a97d-d965ccfc6d4b" outcome="Passed" testListId="8c84fa94-04c1-424b-9868-57a2d4851a1d" relativeResultsDirectory="391da360-ea86-406e-9bfd-bb5c4135bfa6" /><UnitTestResult executionId="b1792039-8c93-44d2-9569-501d8e102dcb" testId="5c63f04d-f8cb-46bf-8e55-dfb14f944d83" testName="Put_ValidReferencePropertyUpdatesModel" computerName="VECTOR" duration="00:00:00.0100000" startTime="2018-08-14T16:47:57.9338908-04:00" endTime="2018-08-14T16:47:57.9338945-04:00" testType="13cdc9d9-ddb5-4fa4-a97d-d965ccfc6d4b" outcome="Passed" testListId="8c84fa94-04c1-424b-9868-57a2d4851a1d" relativeResultsDirectory="b1792039-8c93-44d2-9569-501d8e102dcb" /><UnitTestResult executionId="4c64e113-c84e-4217-bf4a-0aaa6a1bc0ce" testId="8b7e1357-1441-46e8-9a62-47cfa88cb0ec" testName="PutFile_FileCanBeUpdated" computerName="VECTOR" duration="00:00:00.1420000" startTime="2018-08-14T16:47:59.5100473-04:00" endTime="2018-08-14T16:47:59.5100532-04:00" testType="13cdc9d9-ddb5-4fa4-a97d-d965ccfc6d4b" outcome="Passed" testListId="8c84fa94-04c1-424b-9868-57a2d4851a1d" relativeResultsDirectory="4c64e113-c84e-4217-bf4a-0aaa6a1bc0ce" /><UnitTestResult executionId="1ce591ab-74db-42c2-8125-1e204e580022" testId="efa4a2b6-6a0d-483b-a903-f0f5308a6d38" testName="Patch_MultipleInvalidReferencePropertiesReturnsMultipleValidationErrorsAndBadRequest" computerName="VECTOR" duration="00:00:00.0100000" startTime="2018-08-14T16:47:58.1096157-04:00" endTime="2018-08-14T16:47:58.1096190-04:00" testType="13cdc9d9-ddb5-4fa4-a97d-d965ccfc6d4b" outcome="Passed" testListId="8c84fa94-04c1-424b-9868-57a2d4851a1d" relativeResultsDirectory="1ce591ab-74db-42c2-8125-1e204e580022" /><UnitTestResult executionId="76cf2490-2dc8-4e98-b763-ed556a67bc41" testId="6c271ce6-9fc7-4e94-bf3a-006aedc9623b" testName="Patch_ValidReferencePropertyUpdatesModel" computerName="VECTOR" duration="00:00:00.0610000" startTime="2018-08-14T16:48:12.5770859-04:00" endTime="2018-08-14T16:48:12.5770963-04:00" testType="13cdc9d9-ddb5-4fa4-a97d-d965ccfc6d4b" outcome="Passed" testListId="8c84fa94-04c1-424b-9868-57a2d4851a1d" relativeResultsDirectory="76cf2490-2dc8-4e98-b763-ed556a67bc41" /><UnitTestResult executionId="ae368a5c-d5eb-45b5-a4a2-75bbea736988" testId="52272a63-f7f0-48d7-b0f6-878f852a8dfe" testName="GetSingle_InvalidIdPropertyValueReturnsNotFound" computerName="VECTOR" duration="00:00:00.0130000" startTime="2018-08-14T16:48:15.1491160-04:00" endTime="2018-08-14T16:48:15.1491205-04:00" testType="13cdc9d9-ddb5-4fa4-a97d-d965ccfc6d4b" outcome="Passed" testListId="8c84fa94-04c1-424b-9868-57a2d4851a1d" relativeResultsDirectory="ae368a5c-d5eb-45b5-a4a2-75bbea736988" /><UnitTestResult executionId="b9a9c429-a9b7-4df6-a35e-ea101f3ef761" testId="c5f74bff-831d-464d-b354-95ea85aaf5aa" testName="Put_CanUpdateModel" computerName="VECTOR" duration="00:00:00.1080000" startTime="2018-08-14T16:47:58.8125870-04:00" endTime="2018-08-14T16:47:58.8125928-04:00" testType="13cdc9d9-ddb5-4fa4-a97d-d965ccfc6d4b" outcome="Passed" testListId="8c84fa94-04c1-424b-9868-57a2d4851a1d" relativeResultsDirectory="b9a9c429-a9b7-4df6-a35e-ea101f3ef761" /><UnitTestResult executionId="63e9553c-2c37-4676-9199-ac1eae35b0cb" testId="255b6185-881e-4324-acca-a7cfa7842b59" testName="FileRequest_FileCanBeReadAfterRename" computerName="VECTOR" duration="00:00:00.1150000" startTime="2018-08-14T16:47:59.8531150-04:00" endTime="2018-08-14T16:47:59.8531213-04:00" testType="13cdc9d9-ddb5-4fa4-a97d-d965ccfc6d4b" outcome="Passed" testListId="8c84fa94-04c1-424b-9868-57a2d4851a1d" relativeResultsDirectory="63e9553c-2c37-4676-9199-ac1eae35b0cb" /><UnitTestResult executionId="30669f7e-def7-416a-9623-7d0ac2685966" testId="067b9b78-6009-40ac-aa17-771b31ef0c66" testName="GetSingle_ValidIdPropertyValueReturnsCorrectModel" computerName="VECTOR" duration="00:00:00.0160000" startTime="2018-08-14T16:48:15.0255579-04:00" endTime="2018-08-14T16:48:15.0255680-04:00" testType="13cdc9d9-ddb5-4fa4-a97d-d965ccfc6d4b" outcome="Passed" testListId="8c84fa94-04c1-424b-9868-57a2d4851a1d" relativeResultsDirectory="30669f7e-def7-416a-9623-7d0ac2685966" /><UnitTestResult executionId="685df4ae-eacb-42df-b0b4-351e4be5e243" testId="151e1d07-af6d-4b4d-9f29-74dfeb408d84" testName="LucyModel3dHasTwoDependents" computerName="VECTOR" duration="00:00:00.4710000" startTime="2018-08-14T16:47:56.8205904-04:00" endTime="2018-08-14T16:47:56.8205970-04:00" testType="13cdc9d9-ddb5-4fa4-a97d-d965ccfc6d4b" outcome="Passed" testListId="8c84fa94-04c1-424b-9868-57a2d4851a1d" relativeResultsDirectory="685df4ae-eacb-42df-b0b4-351e4be5e243" /><UnitTestResult executionId="08c7efc3-a4b0-40b1-981e-d2d44f91e6c5" testId="e2f011bb-4cf8-4ce4-bdbd-2d0d9209467a" testName="Put_ValidReferencePropertyUpdatesModel" computerName="VECTOR" duration="00:00:00.0410000" startTime="2018-08-14T16:47:59.0206582-04:00" endTime="2018-08-14T16:47:59.0206643-04:00" testType="13cdc9d9-ddb5-4fa4-a97d-d965ccfc6d4b" outcome="Passed" testListId="8c84fa94-04c1-424b-9868-57a2d4851a1d" relativeResultsDirectory="08c7efc3-a4b0-40b1-981e-d2d44f91e6c5" /><UnitTestResult executionId="9b87a2bc-60b4-44dc-aaba-36c73eab1ae9" testId="ab5978cc-0775-4555-afa2-389322b925dd" testName="Put_CanUpdateModel" computerName="VECTOR" duration="00:00:00.5510000" startTime="2018-08-14T16:48:03.3761641-04:00" endTime="2018-08-14T16:48:03.3761705-04:00" testType="13cdc9d9-ddb5-4fa4-a97d-d965ccfc6d4b" outcome="Passed" testListId="8c84fa94-04c1-424b-9868-57a2d4851a1d" relativeResultsDirectory="9b87a2bc-60b4-44dc-aaba-36c73eab1ae9" /><UnitTestResult executionId="e213ffef-2548-48a0-a776-d8e24b96d921" testId="00d3cba1-4574-417d-8969-be2c3d554b46" testName="Delete_TargetModelIsDeleted" computerName="VECTOR" duration="00:00:00.0280000" startTime="2018-08-14T16:47:59.2330245-04:00" endTime="2018-08-14T16:47:59.2330304-04:00" testType="13cdc9d9-ddb5-4fa4-a97d-d965ccfc6d4b" outcome="Passed" testListId="8c84fa94-04c1-424b-9868-57a2d4851a1d" relativeResultsDirectory="e213ffef-2548-48a0-a776-d8e24b96d921" /><UnitTestResult executionId="6c63721c-5f12-4c4f-acbe-1ee6ec78ac12" testId="73a932dc-5d98-41ea-95a4-bf8718882826" testName="Post_CanCreateNewModel" computerName="VECTOR" duration="00:00:00.0240000" startTime="2018-08-14T16:48:00.4948964-04:00" endTime="2018-08-14T16:48:00.4949023-04:00" testType="13cdc9d9-ddb5-4fa4-a97d-d965ccfc6d4b" outcome="Passed" testListId="8c84fa94-04c1-424b-9868-57a2d4851a1d" relativeResultsDirectory="6c63721c-5f12-4c4f-acbe-1ee6ec78ac12" /><UnitTestResult executionId="55ba3d83-4def-4128-9c33-f646a13c8a19" testId="1db1e23e-0555-4c9b-91e5-dad6d343768f" testName="Patch_InvalidPropertyNameReturnsBadRequest" computerName="VECTOR" duration="00:00:00.1100000" startTime="2018-08-14T16:47:57.6050562-04:00" endTime="2018-08-14T16:47:57.6050627-04:00" testType="13cdc9d9-ddb5-4fa4-a97d-d965ccfc6d4b" outcome="Passed" testListId="8c84fa94-04c1-424b-9868-57a2d4851a1d" relativeResultsDirectory="55ba3d83-4def-4128-9c33-f646a13c8a19" /><UnitTestResult executionId="1095b1b5-712f-4b60-b50b-d2af02391dc2" testId="9d1d1ca1-df6f-4528-801e-3e27edcaef29" testName="Post_InvalidReferencePropertyReturnsBadRequest" computerName="VECTOR" duration="00:00:00.0140000" startTime="2018-08-14T16:48:00.9236492-04:00" endTime="2018-08-14T16:48:00.9236553-04:00" testType="13cdc9d9-ddb5-4fa4-a97d-d965ccfc6d4b" outcome="Passed" testListId="8c84fa94-04c1-424b-9868-57a2d4851a1d" relativeResultsDirectory="1095b1b5-712f-4b60-b50b-d2af02391dc2" /><UnitTestResult executionId="2221cfee-ca0d-4bf7-ae65-27b02c2d71e8" testId="8fbeaa32-98e6-4aab-a154-021840ca051b" testName="GetList_ListReturnsCorrectCount" computerName="VECTOR" duration="00:00:00.0240000" startTime="2018-08-14T16:48:11.9707956-04:00" endTime="2018-08-14T16:48:11.9708012-04:00" testType="13cdc9d9-ddb5-4fa4-a97d-d965ccfc6d4b" outcome="Passed" testListId="8c84fa94-04c1-424b-9868-57a2d4851a1d" relativeResultsDirectory="2221cfee-ca0d-4bf7-ae65-27b02c2d71e8" /><UnitTestResult executionId="4d00dd8c-5471-4675-b98a-cf0336ae0481" testId="41bf8e7c-c631-4ebb-bffd-b6d7f852fcd5" testName="Post_ValidReferencePropertyCreatesModel" computerName="VECTOR" duration="00:00:00.0220000" startTime="2018-08-14T16:48:15.2752211-04:00" endTime="2018-08-14T16:48:15.2752267-04:00" testType="13cdc9d9-ddb5-4fa4-a97d-d965ccfc6d4b" outcome="Passed" testListId="8c84fa94-04c1-424b-9868-57a2d4851a1d" relativeResultsDirectory="4d00dd8c-5471-4675-b98a-cf0336ae0481" /><UnitTestResult executionId="c1ab7a10-4ee3-4fd6-b437-e1a79791ce38" testId="aeaa973d-c99e-4069-b750-3027755ff3d3" testName="Delete_TargetModelIsDeleted" computerName="VECTOR" duration="00:00:00.0420000" startTime="2018-08-14T16:48:03.8314502-04:00" endTime="2018-08-14T16:48:03.8314563-04:00" testType="13cdc9d9-ddb5-4fa4-a97d-d965ccfc6d4b" outcome="Passed" testListId="8c84fa94-04c1-424b-9868-57a2d4851a1d" relativeResultsDirectory="c1ab7a10-4ee3-4fd6-b437-e1a79791ce38" /></Results><TestDefinitions><UnitTest name="Patch_ValidReferencePropertyUpdatesModel" storage="d:\modelrelief\modelrelief.test\bin\debug\netcoreapp2.0\modelrelief.test.dll" id="44795f6a-1953-4d8a-8f80-ff2040dd0b8c"><Execution id="0e18dd8b-5e41-4143-85f5-02cfbe440141" /><TestMethod codeBase="D:\ModelRelief\ModelRelief.test\bin\Debug\netcoreapp2.0\ModelRelief.Test.dll" adapterTypeName="executor://xunit/VsTestRunner2/netcoreapp" className="ModelRelief.Test.Integration.Projects.ProjectsBaseIntegrationTests" name="Patch_ValidReferencePropertyUpdatesModel" /></UnitTest><UnitTest name="Post_InvalidPropertyValueReturnsBadRequest" storage="d:\modelrelief\modelrelief.test\bin\debug\netcoreapp2.0\modelrelief.test.dll" id="91707759-eed4-433f-91b4-03e43328028d"><Execution id="a9f3d421-b39b-435d-bf07-b3ad5a66e74f" /><TestMethod codeBase="D:\ModelRelief\ModelRelief.test\bin\Debug\netcoreapp2.0\ModelRelief.Test.dll" adapterTypeName="executor://xunit/VsTestRunner2/netcoreapp" className="ModelRelief.Test.Integration.MeshTransforms.MeshTransformsBaseIntegrationTests" name="Post_InvalidPropertyValueReturnsBadRequest" /></UnitTest><UnitTest name="Put_InvalidIdReturnsNotFound" storage="d:\modelrelief\modelrelief.test\bin\debug\netcoreapp2.0\modelrelief.test.dll" id="ae0a0b68-d74a-44d0-a120-e1f59fc13a3e"><Execution id="b940c506-1172-4847-abf3-94b2d3c974c8" /><TestMethod codeBase="D:\ModelRelief\ModelRelief.test\bin\Debug\netcoreapp2.0\ModelRelief.Test.dll" adapterTypeName="executor://xunit/VsTestRunner2/netcoreapp" className="ModelRelief.Test.Integration.Projects.ProjectsBaseIntegrationTests" name="Put_InvalidIdReturnsNotFound" /></UnitTest><UnitTest name="Patch_InvalidIdPropertyReturnsNotFound" storage="d:\modelrelief\modelrelief.test\bin\debug\netcoreapp2.0\modelrelief.test.dll" id="684dc8fc-7fb7-417c-8ca8-dae5041c4139"><Execution id="69834e9d-df7c-42e3-8716-fa90b546e8f9" /><TestMethod codeBase="D:\ModelRelief\ModelRelief.test\bin\Debug\netcoreapp2.0\ModelRelief.Test.dll" adapterTypeName="executor://xunit/VsTestRunner2/netcoreapp" className="ModelRelief.Test.Integration.Models.ModelsBaseIntegrationTests" name="Patch_InvalidIdPropertyReturnsNotFound" /></UnitTest><UnitTest name="Patch_InvalidPropertyNameReturnsBadRequest" storage="d:\modelrelief\modelrelief.test\bin\debug\netcoreapp2.0\modelrelief.test.dll" id="1db1e23e-0555-4c9b-91e5-dad6d343768f"><Execution id="55ba3d83-4def-4128-9c33-f646a13c8a19" /><TestMethod codeBase="D:\ModelRelief\ModelRelief.test\bin\Debug\netcoreapp2.0\ModelRelief.Test.dll" adapterTypeName="executor://xunit/VsTestRunner2/netcoreapp" className="ModelRelief.Test.Integration.Projects.ProjectsBaseIntegrationTests" name="Patch_InvalidPropertyNameReturnsBadRequest" /></UnitTest><UnitTest name="Patch_InvalidIdPropertyReturnsNotFound" storage="d:\modelrelief\modelrelief.test\bin\debug\netcoreapp2.0\modelrelief.test.dll" id="a625372b-1280-4291-8330-07e0ceb5c9c2"><Execution id="5c0acb72-f2ef-4db5-af75-ea25f426dec6" /><TestMethod codeBase="D:\ModelRelief\ModelRelief.test\bin\Debug\netcoreapp2.0\ModelRelief.Test.dll" adapterTypeName="executor://xunit/VsTestRunner2/netcoreapp" className="ModelRelief.Test.Integration.DepthBuffers.DepthBuffersBaseIntegrationTests" name="Patch_InvalidIdPropertyReturnsNotFound" /></UnitTest><UnitTest name="PostFile_FileTimeStampIsUpdatedAfterFileIsPosted" storage="d:\modelrelief\modelrelief.test\bin\debug\netcoreapp2.0\modelrelief.test.dll" id="625f62c6-99f9-4192-8180-0a22540145e6"><Execution id="85dbb2ce-7b55-4438-bee1-0b06aa93d875" /><TestMethod codeBase="D:\ModelRelief\ModelRelief.test\bin\Debug\netcoreapp2.0\ModelRelief.Test.dll" adapterTypeName="executor://xunit/VsTestRunner2/netcoreapp" className="ModelRelief.Test.Integration.DepthBuffers.DepthBuffersFileIntegrationTests" name="PostFile_FileTimeStampIsUpdatedAfterFileIsPosted" /></UnitTest><UnitTest name="Patch_MultipleInvalidReferencePropertiesReturnsMultipleValidationErrorsAndBadRequest" storage="d:\modelrelief\modelrelief.test\bin\debug\netcoreapp2.0\modelrelief.test.dll" id="51993a18-c104-4470-81c2-8aad793dc503"><Execution id="3cee81e9-ea02-4b9d-80aa-b43053f73f72" /><TestMethod codeBase="D:\ModelRelief\ModelRelief.test\bin\Debug\netcoreapp2.0\ModelRelief.Test.dll" adapterTypeName="executor://xunit/VsTestRunner2/netcoreapp" className="ModelRelief.Test.Integration.Models.ModelsBaseIntegrationTests" name="Patch_MultipleInvalidReferencePropertiesReturnsMultipleValidationErrorsAndBadRequest" /></UnitTest><UnitTest name="Patch_InvalidEnumPropertyValueReturnsBadRequest" storage="d:\modelrelief\modelrelief.test\bin\debug\netcoreapp2.0\modelrelief.test.dll" id="49267914-3f18-4592-acad-9b720bd12b9a"><Execution id="a7b3a85f-af09-41f6-893b-276ba5eb4dac" /><TestMethod codeBase="D:\ModelRelief\ModelRelief.test\bin\Debug\netcoreapp2.0\ModelRelief.Test.dll" adapterTypeName="executor://xunit/VsTestRunner2/netcoreapp" className="ModelRelief.Test.Integration.Models.ModelsBaseIntegrationTests" name="Patch_InvalidEnumPropertyValueReturnsBadRequest" /></UnitTest><UnitTest name="GetSingle_ValidIdPropertyValueReturnsCorrectModel" storage="d:\modelrelief\modelrelief.test\bin\debug\netcoreapp2.0\modelrelief.test.dll" id="264dcf58-e763-4367-a35f-5a9032db9ded"><Execution id="1d06c546-65bd-4aba-8211-55e305e70478" /><TestMethod codeBase="D:\ModelRelief\ModelRelief.test\bin\Debug\netcoreapp2.0\ModelRelief.Test.dll" adapterTypeName="executor://xunit/VsTestRunner2/netcoreapp" className="ModelRelief.Test.Integration.Projects.ProjectsBaseIntegrationTests" name="GetSingle_ValidIdPropertyValueReturnsCorrectModel" /></UnitTest><UnitTest name="Put_CanUpdateModel" storage="d:\modelrelief\modelrelief.test\bin\debug\netcoreapp2.0\modelrelief.test.dll" id="b25db217-1e7c-4702-9e1e-5255892b88e3"><Execution id="7dcb85ff-39c7-42ba-9429-298f51dda040" /><TestMethod codeBase="D:\ModelRelief\ModelRelief.test\bin\Debug\netcoreapp2.0\ModelRelief.Test.dll" adapterTypeName="executor://xunit/VsTestRunner2/netcoreapp" className="ModelRelief.Test.Integration.Projects.ProjectsBaseIntegrationTests" name="Put_CanUpdateModel" /></UnitTest><UnitTest name="GetList_ListReturnsCorrectCount" storage="d:\modelrelief\modelrelief.test\bin\debug\netcoreapp2.0\modelrelief.test.dll" id="be8d7d61-a439-43eb-89c9-7efedd8691c8"><Execution id="f9ae5f71-34cc-4281-af14-8fcd702c59b2" /><TestMethod codeBase="D:\ModelRelief\ModelRelief.test\bin\Debug\netcoreapp2.0\ModelRelief.Test.dll" adapterTypeName="executor://xunit/VsTestRunner2/netcoreapp" className="ModelRelief.Test.Integration.Models.ModelsBaseIntegrationTests" name="GetList_ListReturnsCorrectCount" /></UnitTest><UnitTest name="Put_ValidReferencePropertyUpdatesModel" storage="d:\modelrelief\modelrelief.test\bin\debug\netcoreapp2.0\modelrelief.test.dll" id="5c63f04d-f8cb-46bf-8e55-dfb14f944d83"><Execution id="b1792039-8c93-44d2-9569-501d8e102dcb" /><TestMethod codeBase="D:\ModelRelief\ModelRelief.test\bin\Debug\netcoreapp2.0\ModelRelief.Test.dll" adapterTypeName="executor://xunit/VsTestRunner2/netcoreapp" className="ModelRelief.Test.Integration.Projects.ProjectsBaseIntegrationTests" name="Put_ValidReferencePropertyUpdatesModel" /></UnitTest><UnitTest name="GetFile_FileCanBeRoundTripped" storage="d:\modelrelief\modelrelief.test\bin\debug\netcoreapp2.0\modelrelief.test.dll" id="3086ea52-da5c-415c-9605-710cdd5be078"><Execution id="9675353e-6236-47ae-b603-581291959893" /><TestMethod codeBase="D:\ModelRelief\ModelRelief.test\bin\Debug\netcoreapp2.0\ModelRelief.Test.dll" adapterTypeName="executor://xunit/VsTestRunner2/netcoreapp" className="ModelRelief.Test.Integration.Meshes.MeshesFileIntegrationTests" name="GetFile_FileCanBeRoundTripped" /></UnitTest><UnitTest name="Post_ValidReferencePropertyCreatesModel" storage="d:\modelrelief\modelrelief.test\bin\debug\netcoreapp2.0\modelrelief.test.dll" id="946b5da2-f7d0-4a95-8c50-d0d63b60267b"><Execution id="1ee765bb-2dd5-4f20-a076-a65524f3d96b" /><TestMethod codeBase="D:\ModelRelief\ModelRelief.test\bin\Debug\netcoreapp2.0\ModelRelief.Test.dll" adapterTypeName="executor://xunit/VsTestRunner2/netcoreapp" className="ModelRelief.Test.Integration.DepthBuffers.DepthBuffersBaseIntegrationTests" name="Post_ValidReferencePropertyCreatesModel" /></UnitTest><UnitTest name="Post_InvalidReferencePropertyReturnsBadRequest" storage="d:\modelrelief\modelrelief.test\bin\debug\netcoreapp2.0\modelrelief.test.dll" id="cf48c198-f7a6-4de8-befb-003788e40590"><Execution id="7d186110-d7af-4d73-ad09-62c243596207" /><TestMethod codeBase="D:\ModelRelief\ModelRelief.test\bin\Debug\netcoreapp2.0\ModelRelief.Test.dll" adapterTypeName="executor://xunit/VsTestRunner2/netcoreapp" className="ModelRelief.Test.Integration.Cameras.CamerasBaseIntegrationTests" name="Post_InvalidReferencePropertyReturnsBadRequest" /></UnitTest><UnitTest name="GetSingle_InvalidIdPropertyValueReturnsNotFound" storage="d:\modelrelief\modelrelief.test\bin\debug\netcoreapp2.0\modelrelief.test.dll" id="60068524-d0b2-42d0-b83b-ca9e4edca9d3"><Execution id="e051a0a9-3739-433e-b51e-1c58b160e702" /><TestMethod codeBase="D:\ModelRelief\ModelRelief.test\bin\Debug\netcoreapp2.0\ModelRelief.Test.dll" adapterTypeName="executor://xunit/VsTestRunner2/netcoreapp" className="ModelRelief.Test.Integration.DepthBuffers.DepthBuffersBaseIntegrationTests" name="GetSingle_InvalidIdPropertyValueReturnsNotFound" /></UnitTest><UnitTest name="Put_ValidReferencePropertyUpdatesModel" storage="d:\modelrelief\modelrelief.test\bin\debug\netcoreapp2.0\modelrelief.test.dll" id="82765ead-5b7f-4a4c-a3e9-b9967eb0f2bc"><Execution id="58fb3ea3-af35-447d-a8d4-8d3f39fe8531" /><TestMethod codeBase="D:\ModelRelief\ModelRelief.test\bin\Debug\netcoreapp2.0\ModelRelief.Test.dll" adapterTypeName="executor://xunit/VsTestRunner2/netcoreapp" className="ModelRelief.Test.Integration.Meshes.MeshesBaseIntegrationTests" name="Put_ValidReferencePropertyUpdatesModel" /></UnitTest><UnitTest name="Put_ValidReferencePropertyUpdatesModel" storage="d:\modelrelief\modelrelief.test\bin\debug\netcoreapp2.0\modelrelief.test.dll" id="9e6406b8-165b-48de-894e-598a3499886d"><Execution id="62849634-cdce-49a3-9d02-e32f4661f67d" /><TestMethod codeBase="D:\ModelRelief\ModelRelief.test\bin\Debug\netcoreapp2.0\ModelRelief.Test.dll" adapterTypeName="executor://xunit/VsTestRunner2/netcoreapp" className="ModelRelief.Test.Integration.Cameras.CamerasBaseIntegrationTests" name="Put_ValidReferencePropertyUpdatesModel" /></UnitTest><UnitTest name="Delete_TargetModelIsDeleted" storage="d:\modelrelief\modelrelief.test\bin\debug\netcoreapp2.0\modelrelief.test.dll" id="7f5aa522-f50c-4454-9a7b-2fac3ab654b7"><Execution id="e891f610-aa10-4515-8450-183bfb8a6833" /><TestMethod codeBase="D:\ModelRelief\ModelRelief.test\bin\Debug\netcoreapp2.0\ModelRelief.Test.dll" adapterTypeName="executor://xunit/VsTestRunner2/netcoreapp" className="ModelRelief.Test.Integration.Cameras.CamerasBaseIntegrationTests" name="Delete_TargetModelIsDeleted" /></UnitTest><UnitTest name="Put_InvalidReferencePropertyReturndBadRequest" storage="d:\modelrelief\modelrelief.test\bin\debug\netcoreapp2.0\modelrelief.test.dll" id="ed4db20b-422e-43e5-9cb3-19b885c3d9cd"><Execution id="b8ea1230-d983-4602-bc76-3a96fecc91ca" /><TestMethod codeBase="D:\ModelRelief\ModelRelief.test\bin\Debug\netcoreapp2.0\ModelRelief.Test.dll" adapterTypeName="executor://xunit/VsTestRunner2/netcoreapp" className="ModelRelief.Test.Integration.DepthBuffers.DepthBuffersBaseIntegrationTests" name="Put_InvalidReferencePropertyReturndBadRequest" /></UnitTest><UnitTest name="Patch_MultipleInvalidReferencePropertiesReturnsMultipleValidationErrorsAndBadRequest" storage="d:\modelrelief\modelrelief.test\bin\debug\netcoreapp2.0\modelrelief.test.dll" id="a2ea9daf-f3f2-4029-acd9-0cae55c01920"><Execution id="8acf5b93-0cb4-4941-9ef0-6763c197400d" /><TestMethod codeBase="D:\ModelRelief\ModelRelief.test\bin\Debug\netcoreapp2.0\ModelRelief.Test.dll" adapterTypeName="executor://xunit/VsTestRunner2/netcoreapp" className="ModelRelief.Test.Integration.Cameras.CamerasBaseIntegrationTests" name="Patch_MultipleInvalidReferencePropertiesReturnsMultipleValidationErrorsAndBadRequest" /></UnitTest><UnitTest name="FileRequest_FileCanBeReadAfterRename" storage="d:\modelrelief\modelrelief.test\bin\debug\netcoreapp2.0\modelrelief.test.dll" id="255b6185-881e-4324-acca-a7cfa7842b59"><Execution id="63e9553c-2c37-4676-9199-ac1eae35b0cb" /><TestMethod codeBase="D:\ModelRelief\ModelRelief.test\bin\Debug\netcoreapp2.0\ModelRelief.Test.dll" adapterTypeName="executor://xunit/VsTestRunner2/netcoreapp" className="ModelRelief.Test.Integration.Models.ModelsFileIntegrationTests" name="FileRequest_FileCanBeReadAfterRename" /></UnitTest><UnitTest name="PutFile_NewFileCanBePut" storage="d:\modelrelief\modelrelief.test\bin\debug\netcoreapp2.0\modelrelief.test.dll" id="d493e432-4fe6-44b1-b33f-b96483da910f"><Execution id="7db05c2a-8195-4a1d-ae00-739d576de9c6" /><TestMethod codeBase="D:\ModelRelief\ModelRelief.test\bin\Debug\netcoreapp2.0\ModelRelief.Test.dll" adapterTypeName="executor://xunit/VsTestRunner2/netcoreapp" className="ModelRelief.Test.Integration.DepthBuffers.DepthBuffersFileIntegrationTests" name="PutFile_NewFileCanBePut" /></UnitTest><UnitTest name="GetSingle_InvalidIdPropertyValueReturnsNotFound" storage="d:\modelrelief\modelrelief.test\bin\debug\netcoreapp2.0\modelrelief.test.dll" id="cdfcb925-4422-4bb1-8075-e65b7d2ba859"><Execution id="a87aef42-f118-4aad-b118-8a4d1fa93217" /><TestMethod codeBase="D:\ModelRelief\ModelRelief.test\bin\Debug\netcoreapp2.0\ModelRelief.Test.dll" adapterTypeName="executor://xunit/VsTestRunner2/netcoreapp" className="ModelRelief.Test.Integration.Meshes.MeshesBaseIntegrationTests" name="GetSingle_InvalidIdPropertyValueReturnsNotFound" /></UnitTest><UnitTest name="Patch_InvalidEnumPropertyValueReturnsBadRequest" storage="d:\modelrelief\modelrelief.test\bin\debug\netcoreapp2.0\modelrelief.test.dll" id="6613e3d6-ef80-4e78-a9a1-0343933985d4"><Execution id="46c4a825-6dcc-46e3-84b0-33bbf9b8d92f" /><TestMethod codeBase="D:\ModelRelief\ModelRelief.test\bin\Debug\netcoreapp2.0\ModelRelief.Test.dll" adapterTypeName="executor://xunit/VsTestRunner2/netcoreapp" className="ModelRelief.Test.Integration.Meshes.MeshesBaseIntegrationTests" name="Patch_InvalidEnumPropertyValueReturnsBadRequest" /></UnitTest><UnitTest name="DepthBufferHasExpectedDependentFiles" storage="d:\modelrelief\modelrelief.test\bin\debug\netcoreapp2.0\modelrelief.test.dll" id="f6d1dcf9-5f5a-4be9-9811-b545ac754639"><Execution id="417adc31-8954-4843-bc9d-9d896cfe9625" /><TestMethod codeBase="D:\ModelRelief\ModelRelief.test\bin\Debug\netcoreapp2.0\ModelRelief.Test.dll" adapterTypeName="executor://xunit/VsTestRunner2/netcoreapp" className="ModelRelief.Test.Unit.DependencyManager.DependencyManagerTests" name="DepthBufferHasExpectedDependentFiles" /></UnitTest><UnitTest name="Patch_TargetPropertyIsUpdated" storage="d:\modelrelief\modelrelief.test\bin\debug\netcoreapp2.0\modelrelief.test.dll" id="4fc1d5d5-4f26-4f43-ba1b-851c7bb45f6a"><Execution id="74f7b13d-f66a-4685-8fd2-57627004eae4" /><TestMethod codeBase="D:\ModelRelief\ModelRelief.test\bin\Debug\netcoreapp2.0\ModelRelief.Test.dll" adapterTypeName="executor://xunit/VsTestRunner2/netcoreapp" className="ModelRelief.Test.Integration.Projects.ProjectsBaseIntegrationTests" name="Patch_TargetPropertyIsUpdated" /></UnitTest><UnitTest name="Post_ValidReferencePropertyCreatesModel" storage="d:\modelrelief\modelrelief.test\bin\debug\netcoreapp2.0\modelrelief.test.dll" id="ffe2ba9e-7536-4fbe-b0a4-04ac924bf5c2"><Execution id="2b7074cb-5d10-4760-95e4-ff95a50bfc75" /><TestMethod codeBase="D:\ModelRelief\ModelRelief.test\bin\Debug\netcoreapp2.0\ModelRelief.Test.dll" adapterTypeName="executor://xunit/VsTestRunner2/netcoreapp" className="ModelRelief.Test.Integration.Models.ModelsBaseIntegrationTests" name="Post_ValidReferencePropertyCreatesModel" /></UnitTest><UnitTest name="Patch_InvalidPropertyNameReturnsBadRequest" storage="d:\modelrelief\modelrelief.test\bin\debug\netcoreapp2.0\modelrelief.test.dll" id="f18d241d-b949-411b-86a2-bca926ce2552"><Execution id="47e2ee19-fe23-4ca9-a00c-41efe54f420f" /><TestMethod codeBase="D:\ModelRelief\ModelRelief.test\bin\Debug\netcoreapp2.0\ModelRelief.Test.dll" adapterTypeName="executor://xunit/VsTestRunner2/netcoreapp" className="ModelRelief.Test.Integration.Models.ModelsBaseIntegrationTests" name="Patch_InvalidPropertyNameReturnsBadRequest" /></UnitTest><UnitTest name="Patch_InvalidReferencePropertyReturnsBadRequest" storage="d:\modelrelief\modelrelief.test\bin\debug\netcoreapp2.0\modelrelief.test.dll" id="a05cc9da-16e0-4c53-88a9-e154afbbc699"><Execution id="e83f919b-3f0e-4bd6-ac28-bbd12eec64d5" /><TestMethod codeBase="D:\ModelRelief\ModelRelief.test\bin\Debug\netcoreapp2.0\ModelRelief.Test.dll" adapterTypeName="executor://xunit/VsTestRunner2/netcoreapp" className="ModelRelief.Test.Integration.Models.ModelsBaseIntegrationTests" name="Patch_InvalidReferencePropertyReturnsBadRequest" /></UnitTest><UnitTest name="Patch_MultipleInvalidReferencePropertiesReturnsMultipleValidationErrorsAndBadRequest" storage="d:\modelrelief\modelrelief.test\bin\debug\netcoreapp2.0\modelrelief.test.dll" id="c4e99150-3cc0-41b7-b111-f0aa68bbee7a"><Execution id="b83bc8bd-1d39-41dd-9ddf-860696c947c8" /><TestMethod codeBase="D:\ModelRelief\ModelRelief.test\bin\Debug\netcoreapp2.0\ModelRelief.Test.dll" adapterTypeName="executor://xunit/VsTestRunner2/netcoreapp" className="ModelRelief.Test.Integration.Meshes.MeshesBaseIntegrationTests" name="Patch_MultipleInvalidReferencePropertiesReturnsMultipleValidationErrorsAndBadRequest" /></UnitTest><UnitTest name="Delete_TargetModelIsDeleted" storage="d:\modelrelief\modelrelief.test\bin\debug\netcoreapp2.0\modelrelief.test.dll" id="00d3cba1-4574-417d-8969-be2c3d554b46"><Execution id="e213ffef-2548-48a0-a776-d8e24b96d921" /><TestMethod codeBase="D:\ModelRelief\ModelRelief.test\bin\Debug\netcoreapp2.0\ModelRelief.Test.dll" adapterTypeName="executor://xunit/VsTestRunner2/netcoreapp" className="ModelRelief.Test.Integration.Models.ModelsBaseIntegrationTests" name="Delete_TargetModelIsDeleted" /></UnitTest><UnitTest name="Post_CanCreateNewModel" storage="d:\modelrelief\modelrelief.test\bin\debug\netcoreapp2.0\modelrelief.test.dll" id="549f5fde-865a-42ee-98ea-be43d3e4e52c"><Execution id="c19bc48e-272e-4b33-ac12-9fa1aa8aefea" /><TestMethod codeBase="D:\ModelRelief\ModelRelief.test\bin\Debug\netcoreapp2.0\ModelRelief.Test.dll" adapterTypeName="executor://xunit/VsTestRunner2/netcoreapp" className="ModelRelief.Test.Integration.Models.ModelsBaseIntegrationTests" name="Post_CanCreateNewModel" /></UnitTest><UnitTest name="Patch_InvalidIdPropertyReturnsNotFound" storage="d:\modelrelief\modelrelief.test\bin\debug\netcoreapp2.0\modelrelief.test.dll" id="c42ee474-8a06-437b-ad03-c90177a0dd42"><Execution id="df974b1d-95a8-46cd-858f-1392cf61c0c7" /><TestMethod codeBase="D:\ModelRelief\ModelRelief.test\bin\Debug\netcoreapp2.0\ModelRelief.Test.dll" adapterTypeName="executor://xunit/VsTestRunner2/netcoreapp" className="ModelRelief.Test.Integration.Cameras.CamerasBaseIntegrationTests" name="Patch_InvalidIdPropertyReturnsNotFound" /></UnitTest><UnitTest name="GetFile_NonExistentFileReturnsNotFound" storage="d:\modelrelief\modelrelief.test\bin\debug\netcoreapp2.0\modelrelief.test.dll" id="34a9b278-323a-4e84-81dd-a44560806f09"><Execution id="0778b790-81f5-49ba-8604-cdc11e59907f" /><TestMethod codeBase="D:\ModelRelief\ModelRelief.test\bin\Debug\netcoreapp2.0\ModelRelief.Test.dll" adapterTypeName="executor://xunit/VsTestRunner2/netcoreapp" className="ModelRelief.Test.Integration.Models.ModelsFileIntegrationTests" name="GetFile_NonExistentFileReturnsNotFound" /></UnitTest><UnitTest name="Delete_TargetModelIsDeleted" storage="d:\modelrelief\modelrelief.test\bin\debug\netcoreapp2.0\modelrelief.test.dll" id="c5321c71-f204-40f7-962c-28fc62e5817a"><Execution id="6e11fe9b-47b4-4e3c-9c24-7f7cabfb6a79" /><TestMethod codeBase="D:\ModelRelief\ModelRelief.test\bin\Debug\netcoreapp2.0\ModelRelief.Test.dll" adapterTypeName="executor://xunit/VsTestRunner2/netcoreapp" className="ModelRelief.Test.Integration.DepthBuffers.DepthBuffersBaseIntegrationTests" name="Delete_TargetModelIsDeleted" /></UnitTest><UnitTest name="Patch_InvalidIdPropertyReturnsNotFound" storage="d:\modelrelief\modelrelief.test\bin\debug\netcoreapp2.0\modelrelief.test.dll" id="0149f8d8-51eb-45e5-ae04-a2c81a9e7b8d"><Execution id="f3ad227e-ea6d-409b-bd84-9d2dfff9b38b" /><TestMethod codeBase="D:\ModelRelief\ModelRelief.test\bin\Debug\netcoreapp2.0\ModelRelief.Test.dll" adapterTypeName="executor://xunit/VsTestRunner2/netcoreapp" className="ModelRelief.Test.Integration.Projects.ProjectsBaseIntegrationTests" name="Patch_InvalidIdPropertyReturnsNotFound" /></UnitTest><UnitTest name="Post_CanCreateNewModel" storage="d:\modelrelief\modelrelief.test\bin\debug\netcoreapp2.0\modelrelief.test.dll" id="80395d7f-5db7-4a6f-88f6-af3147325ad5"><Execution id="a7230cd1-b6b8-483a-8180-82a9d12d6995" /><TestMethod codeBase="D:\ModelRelief\ModelRelief.test\bin\Debug\netcoreapp2.0\ModelRelief.Test.dll" adapterTypeName="executor://xunit/VsTestRunner2/netcoreapp" className="ModelRelief.Test.Integration.Cameras.CamerasBaseIntegrationTests" name="Post_CanCreateNewModel" /></UnitTest><UnitTest name="GetFile_ExistingFileReturnsSuccess" storage="d:\modelrelief\modelrelief.test\bin\debug\netcoreapp2.0\modelrelief.test.dll" id="eee371b9-5cd7-4032-a495-6c3e6351ec88"><Execution id="c55d4924-01ee-4274-a9ef-f3c761df8c6d" /><TestMethod codeBase="D:\ModelRelief\ModelRelief.test\bin\Debug\netcoreapp2.0\ModelRelief.Test.dll" adapterTypeName="executor://xunit/VsTestRunner2/netcoreapp" className="ModelRelief.Test.Integration.DepthBuffers.DepthBuffersFileIntegrationTests" name="GetFile_ExistingFileReturnsSuccess" /></UnitTest><UnitTest name="GetList_ListReturnsCorrectCount" storage="d:\modelrelief\modelrelief.test\bin\debug\netcoreapp2.0\modelrelief.test.dll" id="6d25127d-aaca-4c72-8237-135eb1f8fe01"><Execution id="2484e766-3060-4ac8-aa91-53704da166fd" /><TestMethod codeBase="D:\ModelRelief\ModelRelief.test\bin\Debug\netcoreapp2.0\ModelRelief.Test.dll" adapterTypeName="executor://xunit/VsTestRunner2/netcoreapp" className="ModelRelief.Test.Integration.MeshTransforms.MeshTransformsBaseIntegrationTests" name="GetList_ListReturnsCorrectCount" /></UnitTest><UnitTest name="FileRequest_MeshGenerateSetsFileIsSynchronized" storage="d:\modelrelief\modelrelief.test\bin\debug\netcoreapp2.0\modelrelief.test.dll" id="041d3fdb-7067-40eb-9584-8af6ebc56307"><Execution id="a78402a9-ab6c-414a-a6d2-edb5634eb9b4" /><TestMethod codeBase="D:\ModelRelief\ModelRelief.test\bin\Debug\netcoreapp2.0\ModelRelief.Test.dll" adapterTypeName="executor://xunit/VsTestRunner2/netcoreapp" className="ModelRelief.Test.Integration.Meshes.MeshesFileIntegrationTests" name="FileRequest_MeshGenerateSetsFileIsSynchronized" /></UnitTest><UnitTest name="Put_InvalidIdReturnsNotFound" storage="d:\modelrelief\modelrelief.test\bin\debug\netcoreapp2.0\modelrelief.test.dll" id="e1b1ebb2-98c0-4044-af15-60bb5602ebe2"><Execution id="049f2283-c221-4f56-835c-0c1cb0ae28f2" /><TestMethod codeBase="D:\ModelRelief\ModelRelief.test\bin\Debug\netcoreapp2.0\ModelRelief.Test.dll" adapterTypeName="executor://xunit/VsTestRunner2/netcoreapp" className="ModelRelief.Test.Integration.DepthBuffers.DepthBuffersBaseIntegrationTests" name="Put_InvalidIdReturnsNotFound" /></UnitTest><UnitTest name="Put_CanUpdateModel" storage="d:\modelrelief\modelrelief.test\bin\debug\netcoreapp2.0\modelrelief.test.dll" id="8e32d40c-b384-460a-ba59-90a78d458ff2"><Execution id="8201e362-48f3-4eb6-9215-e63a7e10326d" /><TestMethod codeBase="D:\ModelRelief\ModelRelief.test\bin\Debug\netcoreapp2.0\ModelRelief.Test.dll" adapterTypeName="executor://xunit/VsTestRunner2/netcoreapp" className="ModelRelief.Test.Integration.Cameras.CamerasBaseIntegrationTests" name="Put_CanUpdateModel" /></UnitTest><UnitTest name="CameraHasExpectedDependentFiles" storage="d:\modelrelief\modelrelief.test\bin\debug\netcoreapp2.0\modelrelief.test.dll" id="585204e5-3172-4594-a89d-cd76f0615e31"><Execution id="fd55033c-06f4-42af-898f-8c18db646c5d" /><TestMethod codeBase="D:\ModelRelief\ModelRelief.test\bin\Debug\netcoreapp2.0\ModelRelief.Test.dll" adapterTypeName="executor://xunit/VsTestRunner2/netcoreapp" className="ModelRelief.Test.Unit.DependencyManager.DependencyManagerTests" name="CameraHasExpectedDependentFiles" /></UnitTest><UnitTest name="PostFile_NewFileCanBePosted" storage="d:\modelrelief\modelrelief.test\bin\debug\netcoreapp2.0\modelrelief.test.dll" id="1d29f60a-bb69-4d7d-afdb-1d096511f5ac"><Execution id="dfc136ab-d92d-4bd7-8221-c5d571e4db39" /><TestMethod codeBase="D:\ModelRelief\ModelRelief.test\bin\Debug\netcoreapp2.0\ModelRelief.Test.dll" adapterTypeName="executor://xunit/VsTestRunner2/netcoreapp" className="ModelRelief.Test.Integration.Models.ModelsFileIntegrationTests" name="PostFile_NewFileCanBePosted" /></UnitTest><UnitTest name="Patch_ValidReferencePropertyUpdatesModel" storage="d:\modelrelief\modelrelief.test\bin\debug\netcoreapp2.0\modelrelief.test.dll" id="6c271ce6-9fc7-4e94-bf3a-006aedc9623b"><Execution id="76cf2490-2dc8-4e98-b763-ed556a67bc41" /><TestMethod codeBase="D:\ModelRelief\ModelRelief.test\bin\Debug\netcoreapp2.0\ModelRelief.Test.dll" adapterTypeName="executor://xunit/VsTestRunner2/netcoreapp" className="ModelRelief.Test.Integration.DepthBuffers.DepthBuffersBaseIntegrationTests" name="Patch_ValidReferencePropertyUpdatesModel" /></UnitTest><UnitTest name="GetSingle_ValidIdPropertyValueReturnsCorrectModel" storage="d:\modelrelief\modelrelief.test\bin\debug\netcoreapp2.0\modelrelief.test.dll" id="4ccff6f8-d8a3-4a9c-8e26-27779344830f"><Execution id="9a8fdce1-4d0c-4010-ace0-51270e39742d" /><TestMethod codeBase="D:\ModelRelief\ModelRelief.test\bin\Debug\netcoreapp2.0\ModelRelief.Test.dll" adapterTypeName="executor://xunit/VsTestRunner2/netcoreapp" className="ModelRelief.Test.Integration.MeshTransforms.MeshTransformsBaseIntegrationTests" name="GetSingle_ValidIdPropertyValueReturnsCorrectModel" /></UnitTest><UnitTest name="Patch_ValidReferencePropertyUpdatesModel" storage="d:\modelrelief\modelrelief.test\bin\debug\netcoreapp2.0\modelrelief.test.dll" id="c7405170-fe98-4f35-a853-d3a41b1230ac"><Execution id="e25cdbde-9d9b-4caf-baac-2c749a616514" /><TestMethod codeBase="D:\ModelRelief\ModelRelief.test\bin\Debug\netcoreapp2.0\ModelRelief.Test.dll" adapterTypeName="executor://xunit/VsTestRunner2/netcoreapp" className="ModelRelief.Test.Integration.MeshTransforms.MeshTransformsBaseIntegrationTests" name="Patch_ValidReferencePropertyUpdatesModel" /></UnitTest><UnitTest name="Put_CanUpdateModel" storage="d:\modelrelief\modelrelief.test\bin\debug\netcoreapp2.0\modelrelief.test.dll" id="550a6a70-f235-4483-9757-46a42fe4b2ad"><Execution id="ea8fbe71-75c8-462f-aee5-cc60815e2c29" /><TestMethod codeBase="D:\ModelRelief\ModelRelief.test\bin\Debug\netcoreapp2.0\ModelRelief.Test.dll" adapterTypeName="executor://xunit/VsTestRunner2/netcoreapp" className="ModelRelief.Test.Integration.MeshTransforms.MeshTransformsBaseIntegrationTests" name="Put_CanUpdateModel" /></UnitTest><UnitTest name="FileRequest_MeshIsInvalidatedAfterDepthBufferFileBecomesUnsynchronized" storage="d:\modelrelief\modelrelief.test\bin\debug\netcoreapp2.0\modelrelief.test.dll" id="b1c7e645-d1b9-46ac-ad92-1c1d87c49917"><Execution id="b37fc0ec-a1c8-4c4a-980e-bc467cc280dd" /><TestMethod codeBase="D:\ModelRelief\ModelRelief.test\bin\Debug\netcoreapp2.0\ModelRelief.Test.dll" adapterTypeName="executor://xunit/VsTestRunner2/netcoreapp" className="ModelRelief.Test.Integration.Meshes.MeshesFileIntegrationTests" name="FileRequest_MeshIsInvalidatedAfterDepthBufferFileBecomesUnsynchronized" /></UnitTest><UnitTest name="Post_CanCreateNewModel" storage="d:\modelrelief\modelrelief.test\bin\debug\netcoreapp2.0\modelrelief.test.dll" id="d00cab41-a02d-4f7d-96b1-bcd6aebb3d24"><Execution id="7eb99461-1f02-448a-bd5f-fe023128b5b2" /><TestMethod codeBase="D:\ModelRelief\ModelRelief.test\bin\Debug\netcoreapp2.0\ModelRelief.Test.dll" adapterTypeName="executor://xunit/VsTestRunner2/netcoreapp" className="ModelRelief.Test.Integration.DepthBuffers.DepthBuffersBaseIntegrationTests" name="Post_CanCreateNewModel" /></UnitTest><UnitTest name="PutFile_FileCanBeUpdated" storage="d:\modelrelief\modelrelief.test\bin\debug\netcoreapp2.0\modelrelief.test.dll" id="8b7e1357-1441-46e8-9a62-47cfa88cb0ec"><Execution id="4c64e113-c84e-4217-bf4a-0aaa6a1bc0ce" /><TestMethod codeBase="D:\ModelRelief\ModelRelief.test\bin\Debug\netcoreapp2.0\ModelRelief.Test.dll" adapterTypeName="executor://xunit/VsTestRunner2/netcoreapp" className="ModelRelief.Test.Integration.Models.ModelsFileIntegrationTests" name="PutFile_FileCanBeUpdated" /></UnitTest><UnitTest name="Patch_InvalidPropertyNameReturnsBadRequest" storage="d:\modelrelief\modelrelief.test\bin\debug\netcoreapp2.0\modelrelief.test.dll" id="1fa437e5-9a7d-42ec-93f4-21169fd4e6c1"><Execution id="c7800282-f784-4eed-93de-c37ceed5258d" /><TestMethod codeBase="D:\ModelRelief\ModelRelief.test\bin\Debug\netcoreapp2.0\ModelRelief.Test.dll" adapterTypeName="executor://xunit/VsTestRunner2/netcoreapp" className="ModelRelief.Test.Integration.MeshTransforms.MeshTransformsBaseIntegrationTests" name="Patch_InvalidPropertyNameReturnsBadRequest" /></UnitTest><UnitTest name="PutFile_FileCanBeUpdated" storage="d:\modelrelief\modelrelief.test\bin\debug\netcoreapp2.0\modelrelief.test.dll" id="fccdc115-bb02-4199-a046-9c7d19ba6379"><Execution id="9b312a56-ca01-492b-b5ad-c945e1a2ee06" /><TestMethod codeBase="D:\ModelRelief\ModelRelief.test\bin\Debug\netcoreapp2.0\ModelRelief.Test.dll" adapterTypeName="executor://xunit/VsTestRunner2/netcoreapp" className="ModelRelief.Test.Integration.Meshes.MeshesFileIntegrationTests" name="PutFile_FileCanBeUpdated" /></UnitTest><UnitTest name="Put_InvalidReferencePropertyReturndBadRequest" storage="d:\modelrelief\modelrelief.test\bin\debug\netcoreapp2.0\modelrelief.test.dll" id="a410171b-1c2a-4eea-84ff-17e8400cbb0f"><Execution id="964e9e91-1ac5-435c-90b3-0551c3ee76ac" /><TestMethod codeBase="D:\ModelRelief\ModelRelief.test\bin\Debug\netcoreapp2.0\ModelRelief.Test.dll" adapterTypeName="executor://xunit/VsTestRunner2/netcoreapp" className="ModelRelief.Test.Integration.Meshes.MeshesBaseIntegrationTests" name="Put_InvalidReferencePropertyReturndBadRequest" /></UnitTest><UnitTest name="GetSingle_InvalidIdPropertyValueReturnsNotFound" storage="d:\modelrelief\modelrelief.test\bin\debug\netcoreapp2.0\modelrelief.test.dll" id="52272a63-f7f0-48d7-b0f6-878f852a8dfe"><Execution id="ae368a5c-d5eb-45b5-a4a2-75bbea736988" /><TestMethod codeBase="D:\ModelRelief\ModelRelief.test\bin\Debug\netcoreapp2.0\ModelRelief.Test.dll" adapterTypeName="executor://xunit/VsTestRunner2/netcoreapp" className="ModelRelief.Test.Integration.Cameras.CamerasBaseIntegrationTests" name="GetSingle_InvalidIdPropertyValueReturnsNotFound" /></UnitTest><UnitTest name="Patch_InvalidEnumPropertyValueReturnsBadRequest" storage="d:\modelrelief\modelrelief.test\bin\debug\netcoreapp2.0\modelrelief.test.dll" id="e0dc2be2-ba62-4341-a069-0ea098a7c4f6"><Execution id="500cb1df-3b54-4449-a8a2-ecda6a8b8f0e" /><TestMethod codeBase="D:\ModelRelief\ModelRelief.test\bin\Debug\netcoreapp2.0\ModelRelief.Test.dll" adapterTypeName="executor://xunit/VsTestRunner2/netcoreapp" className="ModelRelief.Test.Integration.Projects.ProjectsBaseIntegrationTests" name="Patch_InvalidEnumPropertyValueReturnsBadRequest" /></UnitTest><UnitTest name="FileRequest_DepthBufferIsInvalidatedAfterCameraDependencyPropertyChange" storage="d:\modelrelief\modelrelief.test\bin\debug\netcoreapp2.0\modelrelief.test.dll" id="706d2539-5c1d-4001-a9f3-470604e56004"><Execution id="dccc6a45-5fab-46da-98dc-1985061eb6ac" /><TestMethod codeBase="D:\ModelRelief\ModelRelief.test\bin\Debug\netcoreapp2.0\ModelRelief.Test.dll" adapterTypeName="executor://xunit/VsTestRunner2/netcoreapp" className="ModelRelief.Test.Integration.DepthBuffers.DepthBuffersFileIntegrationTests" name="FileRequest_DepthBufferIsInvalidatedAfterCameraDependencyPropertyChange" /></UnitTest><UnitTest name="Patch_InvalidReferencePropertyReturnsBadRequest" storage="d:\modelrelief\modelrelief.test\bin\debug\netcoreapp2.0\modelrelief.test.dll" id="1bf81faf-88ca-406c-a39b-8b81a7979986"><Execution id="3015fb38-f8df-4f87-9c62-d511ff0d9bc4" /><TestMethod codeBase="D:\ModelRelief\ModelRelief.test\bin\Debug\netcoreapp2.0\ModelRelief.Test.dll" adapterTypeName="executor://xunit/VsTestRunner2/netcoreapp" className="ModelRelief.Test.Integration.Cameras.CamerasBaseIntegrationTests" name="Patch_InvalidReferencePropertyReturnsBadRequest" /></UnitTest><UnitTest name="Put_ValidReferencePropertyUpdatesModel" storage="d:\modelrelief\modelrelief.test\bin\debug\netcoreapp2.0\modelrelief.test.dll" id="e3fd00ef-238d-42ca-bfad-66c2865a94f4"><Execution id="a4040f00-74c0-4733-afc8-f8248807772e" /><TestMethod codeBase="D:\ModelRelief\ModelRelief.test\bin\Debug\netcoreapp2.0\ModelRelief.Test.dll" adapterTypeName="executor://xunit/VsTestRunner2/netcoreapp" className="ModelRelief.Test.Integration.MeshTransforms.MeshTransformsBaseIntegrationTests" name="Put_ValidReferencePropertyUpdatesModel" /></UnitTest><UnitTest name="Put_InvalidReferencePropertyReturndBadRequest" storage="d:\modelrelief\modelrelief.test\bin\debug\netcoreapp2.0\modelrelief.test.dll" id="549a0696-a5d8-4bea-b7f5-5867d04abddd"><Execution id="55751450-e054-41bc-8985-20d309f7d17b" /><TestMethod codeBase="D:\ModelRelief\ModelRelief.test\bin\Debug\netcoreapp2.0\ModelRelief.Test.dll" adapterTypeName="executor://xunit/VsTestRunner2/netcoreapp" className="ModelRelief.Test.Integration.Cameras.CamerasBaseIntegrationTests" name="Put_InvalidReferencePropertyReturndBadRequest" /></UnitTest><UnitTest name="Patch_TargetPropertyIsUpdated" storage="d:\modelrelief\modelrelief.test\bin\debug\netcoreapp2.0\modelrelief.test.dll" id="0f253f7e-0168-47a0-a154-e53d0d80f536"><Execution id="e685c695-aa7b-47e7-8ad8-4dfadbf07307" /><TestMethod codeBase="D:\ModelRelief\ModelRelief.test\bin\Debug\netcoreapp2.0\ModelRelief.Test.dll" adapterTypeName="executor://xunit/VsTestRunner2/netcoreapp" className="ModelRelief.Test.Integration.Meshes.MeshesBaseIntegrationTests" name="Patch_TargetPropertyIsUpdated" /></UnitTest><UnitTest name="Patch_InvalidReferencePropertyReturnsBadRequest" storage="d:\modelrelief\modelrelief.test\bin\debug\netcoreapp2.0\modelrelief.test.dll" id="226c3106-a369-4bf5-be13-de93ee40af46"><Execution id="510f98bc-445b-4dcd-be64-f9e6171b7d2f" /><TestMethod codeBase="D:\ModelRelief\ModelRelief.test\bin\Debug\netcoreapp2.0\ModelRelief.Test.dll" adapterTypeName="executor://xunit/VsTestRunner2/netcoreapp" className="ModelRelief.Test.Integration.Projects.ProjectsBaseIntegrationTests" name="Patch_InvalidReferencePropertyReturnsBadRequest" /></UnitTest><UnitTest name="GetSingle_InvalidIdPropertyValueReturnsNotFound" storage="d:\modelrelief\modelrelief.test\bin\debug\netcoreapp2.0\modelrelief.test.dll" id="3298aefb-8a98-4da7-8ba7-92cca11628b2"><Execution id="f0a994bd-d08b-436e-9a61-ca46e52f8a71" /><TestMethod codeBase="D:\ModelRelief\ModelRelief.test\bin\Debug\netcoreapp2.0\ModelRelief.Test.dll" adapterTypeName="executor://xunit/VsTestRunner2/netcoreapp" className="ModelRelief.Test.Integration.Models.ModelsBaseIntegrationTests" name="GetSingle_InvalidIdPropertyValueReturnsNotFound" /></UnitTest><UnitTest name="LucyDepthBufferFindsOneDependent" storage="d:\modelrelief\modelrelief.test\bin\debug\netcoreapp2.0\modelrelief.test.dll" id="0554a682-a47b-4303-aa7e-cb5439f86923"><Execution id="86d9a58a-af2f-4427-9ece-a3fa55b46d94" /><TestMethod codeBase="D:\ModelRelief\ModelRelief.test\bin\Debug\netcoreapp2.0\ModelRelief.Test.dll" adapterTypeName="executor://xunit/VsTestRunner2/netcoreapp" className="ModelRelief.Test.Unit.DependencyManager.DependencyManagerTests" name="LucyDepthBufferFindsOneDependent" /></UnitTest><UnitTest name="GetFile_ExistingFileReturnsSuccess" storage="d:\modelrelief\modelrelief.test\bin\debug\netcoreapp2.0\modelrelief.test.dll" id="1a9d8436-a6b4-463d-9b0a-f7684abccaca"><Execution id="271f68c6-f801-476a-b4ec-642f32b36830" /><TestMethod codeBase="D:\ModelRelief\ModelRelief.test\bin\Debug\netcoreapp2.0\ModelRelief.Test.dll" adapterTypeName="executor://xunit/VsTestRunner2/netcoreapp" className="ModelRelief.Test.Integration.Models.ModelsFileIntegrationTests" name="GetFile_ExistingFileReturnsSuccess" /></UnitTest><UnitTest name="Put_InvalidIdReturnsNotFound" storage="d:\modelrelief\modelrelief.test\bin\debug\netcoreapp2.0\modelrelief.test.dll" id="285fd644-447c-4f8e-86f0-1dc2f7be0915"><Execution id="98e16356-2ee3-4c7b-a9eb-ad343eb185c4" /><TestMethod codeBase="D:\ModelRelief\ModelRelief.test\bin\Debug\netcoreapp2.0\ModelRelief.Test.dll" adapterTypeName="executor://xunit/VsTestRunner2/netcoreapp" className="ModelRelief.Test.Integration.Meshes.MeshesBaseIntegrationTests" name="Put_InvalidIdReturnsNotFound" /></UnitTest><UnitTest name="Patch_InvalidEnumPropertyValueReturnsBadRequest" storage="d:\modelrelief\modelrelief.test\bin\debug\netcoreapp2.0\modelrelief.test.dll" id="960632bb-df07-4d1c-905a-4394c680623a"><Execution id="d533f94c-0a55-4f4e-a4a8-1207934dc780" /><TestMethod codeBase="D:\ModelRelief\ModelRelief.test\bin\Debug\netcoreapp2.0\ModelRelief.Test.dll" adapterTypeName="executor://xunit/VsTestRunner2/netcoreapp" className="ModelRelief.Test.Integration.MeshTransforms.MeshTransformsBaseIntegrationTests" name="Patch_InvalidEnumPropertyValueReturnsBadRequest" /></UnitTest><UnitTest name="Put_InvalidReferencePropertyReturndBadRequest" storage="d:\modelrelief\modelrelief.test\bin\debug\netcoreapp2.0\modelrelief.test.dll" id="b6d716bd-6b9c-41ba-a127-e1871e457651"><Execution id="d5ded015-ca14-4fcf-90f7-eef041824e10" /><TestMethod codeBase="D:\ModelRelief\ModelRelief.test\bin\Debug\netcoreapp2.0\ModelRelief.Test.dll" adapterTypeName="executor://xunit/VsTestRunner2/netcoreapp" className="ModelRelief.Test.Integration.Models.ModelsBaseIntegrationTests" name="Put_InvalidReferencePropertyReturndBadRequest" /></UnitTest><UnitTest name="Post_ValidReferencePropertyCreatesModel" storage="d:\modelrelief\modelrelief.test\bin\debug\netcoreapp2.0\modelrelief.test.dll" id="17af84e4-ba59-4d11-9427-6c7ba553aa72"><Execution id="c5aff85a-807d-4abd-8190-39cbad66af8b" /><TestMethod codeBase="D:\ModelRelief\ModelRelief.test\bin\Debug\netcoreapp2.0\ModelRelief.Test.dll" adapterTypeName="executor://xunit/VsTestRunner2/netcoreapp" className="ModelRelief.Test.Integration.Meshes.MeshesBaseIntegrationTests" name="Post_ValidReferencePropertyCreatesModel" /></UnitTest><UnitTest name="Put_ValidReferencePropertyUpdatesModel" storage="d:\modelrelief\modelrelief.test\bin\debug\netcoreapp2.0\modelrelief.test.dll" id="d80df456-8a59-407a-84fa-a0c94aebf5fc"><Execution id="86b56a30-30b2-429e-80d5-aead6e24afbf" /><TestMethod codeBase="D:\ModelRelief\ModelRelief.test\bin\Debug\netcoreapp2.0\ModelRelief.Test.dll" adapterTypeName="executor://xunit/VsTestRunner2/netcoreapp" className="ModelRelief.Test.Integration.DepthBuffers.DepthBuffersBaseIntegrationTests" name="Put_ValidReferencePropertyUpdatesModel" /></UnitTest><UnitTest name="GetFile_NonExistentFileReturnsNotFound" storage="d:\modelrelief\modelrelief.test\bin\debug\netcoreapp2.0\modelrelief.test.dll" id="32dc7114-d329-4010-89b2-0a951fd2fe94"><Execution id="dc666ca3-972d-4fa4-a611-6ea9f4ed7b09" /><TestMethod codeBase="D:\ModelRelief\ModelRelief.test\bin\Debug\netcoreapp2.0\ModelRelief.Test.dll" adapterTypeName="executor://xunit/VsTestRunner2/netcoreapp" className="ModelRelief.Test.Integration.Meshes.MeshesFileIntegrationTests" name="GetFile_NonExistentFileReturnsNotFound" /></UnitTest><UnitTest name="PostFile_FileIsSynchronizedIsUpdatedAfterFileIsPosted" storage="d:\modelrelief\modelrelief.test\bin\debug\netcoreapp2.0\modelrelief.test.dll" id="8242a08c-1123-4e99-a921-4b25426c0baa"><Execution id="6d3219a9-3768-44eb-91b6-2c93b2951143" /><TestMethod codeBase="D:\ModelRelief\ModelRelief.test\bin\Debug\netcoreapp2.0\ModelRelief.Test.dll" adapterTypeName="executor://xunit/VsTestRunner2/netcoreapp" className="ModelRelief.Test.Integration.Models.ModelsFileIntegrationTests" name="PostFile_FileIsSynchronizedIsUpdatedAfterFileIsPosted" /></UnitTest><UnitTest name="Patch_InvalidPropertyNameReturnsBadRequest" storage="d:\modelrelief\modelrelief.test\bin\debug\netcoreapp2.0\modelrelief.test.dll" id="9672ddde-642d-4208-9870-52eb3f313cf8"><Execution id="3dbb84af-222a-41cc-b6f5-beb83f1f2482" /><TestMethod codeBase="D:\ModelRelief\ModelRelief.test\bin\Debug\netcoreapp2.0\ModelRelief.Test.dll" adapterTypeName="executor://xunit/VsTestRunner2/netcoreapp" className="ModelRelief.Test.Integration.DepthBuffers.DepthBuffersBaseIntegrationTests" name="Patch_InvalidPropertyNameReturnsBadRequest" /></UnitTest><UnitTest name="Post_InvalidPropertyValueReturnsBadRequest" storage="d:\modelrelief\modelrelief.test\bin\debug\netcoreapp2.0\modelrelief.test.dll" id="b5b220a0-1c88-40cb-adea-0cd0c3057d02"><Execution id="a5cdcea5-9226-42e0-bb5d-364c0608e570" /><TestMethod codeBase="D:\ModelRelief\ModelRelief.test\bin\Debug\netcoreapp2.0\ModelRelief.Test.dll" adapterTypeName="executor://xunit/VsTestRunner2/netcoreapp" className="ModelRelief.Test.Integration.Meshes.MeshesBaseIntegrationTests" name="Post_InvalidPropertyValueReturnsBadRequest" /></UnitTest><UnitTest name="Delete_TargetModelIsDeleted" storage="d:\modelrelief\modelrelief.test\bin\debug\netcoreapp2.0\modelrelief.test.dll" id="bcdadbae-9659-4790-b0eb-0cbe13eaf3cb"><Execution id="b1f516cd-144d-4765-8247-46a308be4cde" /><TestMethod codeBase="D:\ModelRelief\ModelRelief.test\bin\Debug\netcoreapp2.0\ModelRelief.Test.dll" adapterTypeName="executor://xunit/VsTestRunner2/netcoreapp" className="ModelRelief.Test.Integration.MeshTransforms.MeshTransformsBaseIntegrationTests" name="Delete_TargetModelIsDeleted" /></UnitTest><UnitTest name="GetSingle_ValidIdPropertyValueReturnsCorrectModel" storage="d:\modelrelief\modelrelief.test\bin\debug\netcoreapp2.0\modelrelief.test.dll" id="2f8ff96b-e06e-4008-95d2-413a60c6e7be"><Execution id="dc221b33-3761-4fc9-8be9-2388925c18df" /><TestMethod codeBase="D:\ModelRelief\ModelRelief.test\bin\Debug\netcoreapp2.0\ModelRelief.Test.dll" adapterTypeName="executor://xunit/VsTestRunner2/netcoreapp" className="ModelRelief.Test.Integration.DepthBuffers.DepthBuffersBaseIntegrationTests" name="GetSingle_ValidIdPropertyValueReturnsCorrectModel" /></UnitTest><UnitTest name="LucyCameraFindsAllDependents" storage="d:\modelrelief\modelrelief.test\bin\debug\netcoreapp2.0\modelrelief.test.dll" id="1d556cfa-4fc3-40ee-8e61-ad87cbf30d98"><Execution id="be169b5b-78e5-4274-9dae-91965d0bcd3a" /><TestMethod codeBase="D:\ModelRelief\ModelRelief.test\bin\Debug\netcoreapp2.0\ModelRelief.Test.dll" adapterTypeName="executor://xunit/VsTestRunner2/netcoreapp" className="ModelRelief.Test.Unit.DependencyManager.DependencyManagerTests" name="LucyCameraFindsAllDependents" /></UnitTest><UnitTest name="Post_InvalidReferencePropertyReturnsBadRequest" storage="d:\modelrelief\modelrelief.test\bin\debug\netcoreapp2.0\modelrelief.test.dll" id="88600010-6669-4593-9c61-ab005eb9e0ef"><Execution id="e7336d32-ebf1-40f2-bdfd-679c5b005e12" /><TestMethod codeBase="D:\ModelRelief\ModelRelief.test\bin\Debug\netcoreapp2.0\ModelRelief.Test.dll" adapterTypeName="executor://xunit/VsTestRunner2/netcoreapp" className="ModelRelief.Test.Integration.Meshes.MeshesBaseIntegrationTests" name="Post_InvalidReferencePropertyReturnsBadRequest" /></UnitTest><UnitTest name="Post_InvalidReferencePropertyReturnsBadRequest" storage="d:\modelrelief\modelrelief.test\bin\debug\netcoreapp2.0\modelrelief.test.dll" id="989c8d24-d789-4d17-a21e-aa98bc22d21e"><Execution id="b2f95f43-1cf3-4609-b289-3928f237a8bc" /><TestMethod codeBase="D:\ModelRelief\ModelRelief.test\bin\Debug\netcoreapp2.0\ModelRelief.Test.dll" adapterTypeName="executor://xunit/VsTestRunner2/netcoreapp" className="ModelRelief.Test.Integration.Models.ModelsBaseIntegrationTests" name="Post_InvalidReferencePropertyReturnsBadRequest" /></UnitTest><UnitTest name="Post_InvalidPropertyValueReturnsBadRequest" storage="d:\modelrelief\modelrelief.test\bin\debug\netcoreapp2.0\modelrelief.test.dll" id="e954b70f-38f3-40eb-8c72-7e1473799c61"><Execution id="81f0626d-49be-4f4d-9f87-d504c2d64ca8" /><TestMethod codeBase="D:\ModelRelief\ModelRelief.test\bin\Debug\netcoreapp2.0\ModelRelief.Test.dll" adapterTypeName="executor://xunit/VsTestRunner2/netcoreapp" className="ModelRelief.Test.Integration.Projects.ProjectsBaseIntegrationTests" name="Post_InvalidPropertyValueReturnsBadRequest" /></UnitTest><UnitTest name="Patch_TargetPropertyIsUpdated" storage="d:\modelrelief\modelrelief.test\bin\debug\netcoreapp2.0\modelrelief.test.dll" id="7807b665-9feb-4695-8567-e3cfec32bc76"><Execution id="6110cee6-5215-49f7-9c80-f914055b1412" /><TestMethod codeBase="D:\ModelRelief\ModelRelief.test\bin\Debug\netcoreapp2.0\ModelRelief.Test.dll" adapterTypeName="executor://xunit/VsTestRunner2/netcoreapp" className="ModelRelief.Test.Integration.DepthBuffers.DepthBuffersBaseIntegrationTests" name="Patch_TargetPropertyIsUpdated" /></UnitTest><UnitTest name="Put_CanUpdateModel" storage="d:\modelrelief\modelrelief.test\bin\debug\netcoreapp2.0\modelrelief.test.dll" id="c5f74bff-831d-464d-b354-95ea85aaf5aa"><Execution id="b9a9c429-a9b7-4df6-a35e-ea101f3ef761" /><TestMethod codeBase="D:\ModelRelief\ModelRelief.test\bin\Debug\netcoreapp2.0\ModelRelief.Test.dll" adapterTypeName="executor://xunit/VsTestRunner2/netcoreapp" className="ModelRelief.Test.Integration.Models.ModelsBaseIntegrationTests" name="Put_CanUpdateModel" /></UnitTest><UnitTest name="Patch_MultipleInvalidReferencePropertiesReturnsMultipleValidationErrorsAndBadRequest" storage="d:\modelrelief\modelrelief.test\bin\debug\netcoreapp2.0\modelrelief.test.dll" id="efa4a2b6-6a0d-483b-a903-f0f5308a6d38"><Execution id="1ce591ab-74db-42c2-8125-1e204e580022" /><TestMethod codeBase="D:\ModelRelief\ModelRelief.test\bin\Debug\netcoreapp2.0\ModelRelief.Test.dll" adapterTypeName="executor://xunit/VsTestRunner2/netcoreapp" className="ModelRelief.Test.Integration.Projects.ProjectsBaseIntegrationTests" name="Patch_MultipleInvalidReferencePropertiesReturnsMultipleValidationErrorsAndBadRequest" /></UnitTest><UnitTest name="Patch_InvalidEnumPropertyValueReturnsBadRequest" storage="d:\modelrelief\modelrelief.test\bin\debug\netcoreapp2.0\modelrelief.test.dll" id="1226feda-afac-4626-8d32-87ba2ca0d472"><Execution id="5d93fdce-929a-4a07-a13d-0bfd74eaf5d6" /><TestMethod codeBase="D:\ModelRelief\ModelRelief.test\bin\Debug\netcoreapp2.0\ModelRelief.Test.dll" adapterTypeName="executor://xunit/VsTestRunner2/netcoreapp" className="ModelRelief.Test.Integration.Cameras.CamerasBaseIntegrationTests" name="Patch_InvalidEnumPropertyValueReturnsBadRequest" /></UnitTest><UnitTest name="Patch_InvalidReferencePropertyReturnsBadRequest" storage="d:\modelrelief\modelrelief.test\bin\debug\netcoreapp2.0\modelrelief.test.dll" id="5fe8dba2-eb2d-4a55-9d53-39805b782c64"><Execution id="81abe9aa-4d02-45a8-9d4f-2a84428fd403" /><TestMethod codeBase="D:\ModelRelief\ModelRelief.test\bin\Debug\netcoreapp2.0\ModelRelief.Test.dll" adapterTypeName="executor://xunit/VsTestRunner2/netcoreapp" className="ModelRelief.Test.Integration.MeshTransforms.MeshTransformsBaseIntegrationTests" name="Patch_InvalidReferencePropertyReturnsBadRequest" /></UnitTest><UnitTest name="PutFile_FileCanBeUpdated" storage="d:\modelrelief\modelrelief.test\bin\debug\netcoreapp2.0\modelrelief.test.dll" id="252da599-f45d-48c4-bfbe-fa645032840c"><Execution id="3e9cc1ff-502e-48a9-8270-840d3225b84b" /><TestMethod codeBase="D:\ModelRelief\ModelRelief.test\bin\Debug\netcoreapp2.0\ModelRelief.Test.dll" adapterTypeName="executor://xunit/VsTestRunner2/netcoreapp" className="ModelRelief.Test.Integration.DepthBuffers.DepthBuffersFileIntegrationTests" name="PutFile_FileCanBeUpdated" /></UnitTest><UnitTest name="Put_InvalidIdReturnsNotFound" storage="d:\modelrelief\modelrelief.test\bin\debug\netcoreapp2.0\modelrelief.test.dll" id="318b509b-28c6-42f8-b7c3-1d8e26c3a6b1"><Execution id="c59786f5-d141-4a50-a60b-03c88de14fb1" /><TestMethod codeBase="D:\ModelRelief\ModelRelief.test\bin\Debug\netcoreapp2.0\ModelRelief.Test.dll" adapterTypeName="executor://xunit/VsTestRunner2/netcoreapp" className="ModelRelief.Test.Integration.MeshTransforms.MeshTransformsBaseIntegrationTests" name="Put_InvalidIdReturnsNotFound" /></UnitTest><UnitTest name="Patch_TargetPropertyIsUpdated" storage="d:\modelrelief\modelrelief.test\bin\debug\netcoreapp2.0\modelrelief.test.dll" id="80199f92-18f2-4743-a2ff-d69e8d80b1bf"><Execution id="6e966f10-87e3-4ea5-bb08-d03b2ae620ae" /><TestMethod codeBase="D:\ModelRelief\ModelRelief.test\bin\Debug\netcoreapp2.0\ModelRelief.Test.dll" adapterTypeName="executor://xunit/VsTestRunner2/netcoreapp" className="ModelRelief.Test.Integration.Cameras.CamerasBaseIntegrationTests" name="Patch_TargetPropertyIsUpdated" /></UnitTest><UnitTest name="Post_InvalidPropertyValueReturnsBadRequest" storage="d:\modelrelief\modelrelief.test\bin\debug\netcoreapp2.0\modelrelief.test.dll" id="a90b08d7-c393-4ad7-800a-72b8efbc6544"><Execution id="3f7a5e48-e3e7-4602-9d6b-a194ba571ba7" /><TestMethod codeBase="D:\ModelRelief\ModelRelief.test\bin\Debug\netcoreapp2.0\ModelRelief.Test.dll" adapterTypeName="executor://xunit/VsTestRunner2/netcoreapp" className="ModelRelief.Test.Integration.Models.ModelsBaseIntegrationTests" name="Post_InvalidPropertyValueReturnsBadRequest" /></UnitTest><UnitTest name="Patch_MultipleInvalidReferencePropertiesReturnsMultipleValidationErrorsAndBadRequest" storage="d:\modelrelief\modelrelief.test\bin\debug\netcoreapp2.0\modelrelief.test.dll" id="f8b6c7b0-26c2-44e8-a29c-eb0fceed2fea"><Execution id="8521729a-9f49-4cc3-9b5a-80279cffa336" /><TestMethod codeBase="D:\ModelRelief\ModelRelief.test\bin\Debug\netcoreapp2.0\ModelRelief.Test.dll" adapterTypeName="executor://xunit/VsTestRunner2/netcoreapp" className="ModelRelief.Test.Integration.MeshTransforms.MeshTransformsBaseIntegrationTests" name="Patch_MultipleInvalidReferencePropertiesReturnsMultipleValidationErrorsAndBadRequest" /></UnitTest><UnitTest name="PostFile_FileTimeStampIsUpdatedAfterFileIsPosted" storage="d:\modelrelief\modelrelief.test\bin\debug\netcoreapp2.0\modelrelief.test.dll" id="890c621d-23a4-4d60-ada9-810f303deb00"><Execution id="24ae89d9-fc57-4fa8-88e0-c7d3d399e80e" /><TestMethod codeBase="D:\ModelRelief\ModelRelief.test\bin\Debug\netcoreapp2.0\ModelRelief.Test.dll" adapterTypeName="executor://xunit/VsTestRunner2/netcoreapp" className="ModelRelief.Test.Integration.Models.ModelsFileIntegrationTests" name="PostFile_FileTimeStampIsUpdatedAfterFileIsPosted" /></UnitTest><UnitTest name="GetFile_FileCanBeRoundTripped" storage="d:\modelrelief\modelrelief.test\bin\debug\netcoreapp2.0\modelrelief.test.dll" id="2e664f8f-f0b5-451d-8c18-630681a00342"><Execution id="5126ef38-8169-415c-85d8-6dc1f350f930" /><TestMethod codeBase="D:\ModelRelief\ModelRelief.test\bin\Debug\netcoreapp2.0\ModelRelief.Test.dll" adapterTypeName="executor://xunit/VsTestRunner2/netcoreapp" className="ModelRelief.Test.Integration.DepthBuffers.DepthBuffersFileIntegrationTests" name="GetFile_FileCanBeRoundTripped" /></UnitTest><UnitTest name="Post_InvalidReferencePropertyReturnsBadRequest" storage="d:\modelrelief\modelrelief.test\bin\debug\netcoreapp2.0\modelrelief.test.dll" id="6f664dbc-f48a-43a1-9938-f7b71aafaf70"><Execution id="9cf54ea5-8aa9-4dd1-b509-e4dba5983896" /><TestMethod codeBase="D:\ModelRelief\ModelRelief.test\bin\Debug\netcoreapp2.0\ModelRelief.Test.dll" adapterTypeName="executor://xunit/VsTestRunner2/netcoreapp" className="ModelRelief.Test.Integration.Projects.ProjectsBaseIntegrationTests" name="Post_InvalidReferencePropertyReturnsBadRequest" /></UnitTest><UnitTest name="PutFile_NewFileCanBePut" storage="d:\modelrelief\modelrelief.test\bin\debug\netcoreapp2.0\modelrelief.test.dll" id="7e726af8-30be-4bba-9f05-29bf0a44325f"><Execution id="7ee41162-0049-41d8-9717-1d2c00539a76" /><TestMethod codeBase="D:\ModelRelief\ModelRelief.test\bin\Debug\netcoreapp2.0\ModelRelief.Test.dll" adapterTypeName="executor://xunit/VsTestRunner2/netcoreapp" className="ModelRelief.Test.Integration.Models.ModelsFileIntegrationTests" name="PutFile_NewFileCanBePut" /></UnitTest><UnitTest name="GetFile_ExistingFileReturnsSuccess" storage="d:\modelrelief\modelrelief.test\bin\debug\netcoreapp2.0\modelrelief.test.dll" id="ef91addb-8664-4b19-a5c2-d48b5469701f"><Execution id="11250b18-f63b-4a87-a99a-8ada72365dda" /><TestMethod codeBase="D:\ModelRelief\ModelRelief.test\bin\Debug\netcoreapp2.0\ModelRelief.Test.dll" adapterTypeName="executor://xunit/VsTestRunner2/netcoreapp" className="ModelRelief.Test.Integration.Meshes.MeshesFileIntegrationTests" name="GetFile_ExistingFileReturnsSuccess" /></UnitTest><UnitTest name="Put_InvalidReferencePropertyReturndBadRequest" storage="d:\modelrelief\modelrelief.test\bin\debug\netcoreapp2.0\modelrelief.test.dll" id="848136ce-d517-4c26-a47f-65a7ddd6eae3"><Execution id="fa02bccc-3609-449f-a8ac-24fc7c3d9737" /><TestMethod codeBase="D:\ModelRelief\ModelRelief.test\bin\Debug\netcoreapp2.0\ModelRelief.Test.dll" adapterTypeName="executor://xunit/VsTestRunner2/netcoreapp" className="ModelRelief.Test.Integration.Projects.ProjectsBaseIntegrationTests" name="Put_InvalidReferencePropertyReturndBadRequest" /></UnitTest><UnitTest name="Put_CanUpdateModel" storage="d:\modelrelief\modelrelief.test\bin\debug\netcoreapp2.0\modelrelief.test.dll" id="4f75ea62-d4f1-4048-911e-da031a301248"><Execution id="d94645de-b8ff-483f-8c4a-0178c88db8b1" /><TestMethod codeBase="D:\ModelRelief\ModelRelief.test\bin\Debug\netcoreapp2.0\ModelRelief.Test.dll" adapterTypeName="executor://xunit/VsTestRunner2/netcoreapp" className="ModelRelief.Test.Integration.DepthBuffers.DepthBuffersBaseIntegrationTests" name="Put_CanUpdateModel" /></UnitTest><UnitTest name="FileRequest_FileCanBeReadAfterRename" storage="d:\modelrelief\modelrelief.test\bin\debug\netcoreapp2.0\modelrelief.test.dll" id="51003281-cddc-422b-98b3-2caba52e8fe4"><Execution id="c2d98050-109f-4417-8837-47c6944cc013" /><TestMethod codeBase="D:\ModelRelief\ModelRelief.test\bin\Debug\netcoreapp2.0\ModelRelief.Test.dll" adapterTypeName="executor://xunit/VsTestRunner2/netcoreapp" className="ModelRelief.Test.Integration.DepthBuffers.DepthBuffersFileIntegrationTests" name="FileRequest_FileCanBeReadAfterRename" /></UnitTest><UnitTest name="GetList_ListReturnsCorrectCount" storage="d:\modelrelief\modelrelief.test\bin\debug\netcoreapp2.0\modelrelief.test.dll" id="5129e65c-a86d-4658-9f46-104e3f43c9d4"><Execution id="c9729140-0a0f-4b7a-8470-55ab18021f7e" /><TestMethod codeBase="D:\ModelRelief\ModelRelief.test\bin\Debug\netcoreapp2.0\ModelRelief.Test.dll" adapterTypeName="executor://xunit/VsTestRunner2/netcoreapp" className="ModelRelief.Test.Integration.Projects.ProjectsBaseIntegrationTests" name="GetList_ListReturnsCorrectCount" /></UnitTest><UnitTest name="Patch_InvalidIdPropertyReturnsNotFound" storage="d:\modelrelief\modelrelief.test\bin\debug\netcoreapp2.0\modelrelief.test.dll" id="cb87ad1b-7465-4fc6-b2f1-ed1c551b551b"><Execution id="974941ba-cafd-494d-89fc-aef3ce15f8f4" /><TestMethod codeBase="D:\ModelRelief\ModelRelief.test\bin\Debug\netcoreapp2.0\ModelRelief.Test.dll" adapterTypeName="executor://xunit/VsTestRunner2/netcoreapp" className="ModelRelief.Test.Integration.MeshTransforms.MeshTransformsBaseIntegrationTests" name="Patch_InvalidIdPropertyReturnsNotFound" /></UnitTest><UnitTest name="Patch_ValidReferencePropertyUpdatesModel" storage="d:\modelrelief\modelrelief.test\bin\debug\netcoreapp2.0\modelrelief.test.dll" id="1aaad1f3-8981-416a-b8fa-0d156ca099a1"><Execution id="934775a1-5cf7-447b-8c4a-c334a6a31a11" /><TestMethod codeBase="D:\ModelRelief\ModelRelief.test\bin\Debug\netcoreapp2.0\ModelRelief.Test.dll" adapterTypeName="executor://xunit/VsTestRunner2/netcoreapp" className="ModelRelief.Test.Integration.Meshes.MeshesBaseIntegrationTests" name="Patch_ValidReferencePropertyUpdatesModel" /></UnitTest><UnitTest name="PostFile_FileTimeStampIsUpdatedAfterFileIsPosted" storage="d:\modelrelief\modelrelief.test\bin\debug\netcoreapp2.0\modelrelief.test.dll" id="bde956b4-a710-47be-b0c3-a4a9a3da560d"><Execution id="c5b538b1-dcf0-4923-ac8a-524b0130afaf" /><TestMethod codeBase="D:\ModelRelief\ModelRelief.test\bin\Debug\netcoreapp2.0\ModelRelief.Test.dll" adapterTypeName="executor://xunit/VsTestRunner2/netcoreapp" className="ModelRelief.Test.Integration.Meshes.MeshesFileIntegrationTests" name="PostFile_FileTimeStampIsUpdatedAfterFileIsPosted" /></UnitTest><UnitTest name="PutFile_NewFileCanBePut" storage="d:\modelrelief\modelrelief.test\bin\debug\netcoreapp2.0\modelrelief.test.dll" id="ea6e1d44-92c0-4c07-b1d2-a29a6b530e48"><Execution id="5da8087a-ba07-4d28-9be9-93d677e72037" /><TestMethod codeBase="D:\ModelRelief\ModelRelief.test\bin\Debug\netcoreapp2.0\ModelRelief.Test.dll" adapterTypeName="executor://xunit/VsTestRunner2/netcoreapp" className="ModelRelief.Test.Integration.Meshes.MeshesFileIntegrationTests" name="PutFile_NewFileCanBePut" /></UnitTest><UnitTest name="GetList_ListReturnsCorrectCount" storage="d:\modelrelief\modelrelief.test\bin\debug\netcoreapp2.0\modelrelief.test.dll" id="72f153e2-8040-4597-8a1d-6a228487433a"><Execution id="99b37bc9-33d2-46d9-8d55-a0febc14ac2b" /><TestMethod codeBase="D:\ModelRelief\ModelRelief.test\bin\Debug\netcoreapp2.0\ModelRelief.Test.dll" adapterTypeName="executor://xunit/VsTestRunner2/netcoreapp" className="ModelRelief.Test.Integration.Meshes.MeshesBaseIntegrationTests" name="GetList_ListReturnsCorrectCount" /></UnitTest><UnitTest name="PostFile_FileIsSynchronizedIsUpdatedAfterFileIsPosted" storage="d:\modelrelief\modelrelief.test\bin\debug\netcoreapp2.0\modelrelief.test.dll" id="370ea9ba-af91-432d-b815-fb52811f1d9f"><Execution id="d81ed3bb-e884-4424-afdc-6ec748ed7298" /><TestMethod codeBase="D:\ModelRelief\ModelRelief.test\bin\Debug\netcoreapp2.0\ModelRelief.Test.dll" adapterTypeName="executor://xunit/VsTestRunner2/netcoreapp" className="ModelRelief.Test.Integration.DepthBuffers.DepthBuffersFileIntegrationTests" name="PostFile_FileIsSynchronizedIsUpdatedAfterFileIsPosted" /></UnitTest><UnitTest name="Post_InvalidReferencePropertyReturnsBadRequest" storage="d:\modelrelief\modelrelief.test\bin\debug\netcoreapp2.0\modelrelief.test.dll" id="a87068ab-8a09-4529-9871-eff7ac76b40e"><Execution id="586c59d5-a8a7-4dc1-8dc4-dc51c88e3db1" /><TestMethod codeBase="D:\ModelRelief\ModelRelief.test\bin\Debug\netcoreapp2.0\ModelRelief.Test.dll" adapterTypeName="executor://xunit/VsTestRunner2/netcoreapp" className="ModelRelief.Test.Integration.DepthBuffers.DepthBuffersBaseIntegrationTests" name="Post_InvalidReferencePropertyReturnsBadRequest" /></UnitTest><UnitTest name="Patch_ValidReferencePropertyUpdatesModel" storage="d:\modelrelief\modelrelief.test\bin\debug\netcoreapp2.0\modelrelief.test.dll" id="98b41bd6-3924-4a4e-a921-af2d855b91eb"><Execution id="572f4537-cd5f-4ecf-aa85-fa26236a4d16" /><TestMethod codeBase="D:\ModelRelief\ModelRelief.test\bin\Debug\netcoreapp2.0\ModelRelief.Test.dll" adapterTypeName="executor://xunit/VsTestRunner2/netcoreapp" className="ModelRelief.Test.Integration.Models.ModelsBaseIntegrationTests" name="Patch_ValidReferencePropertyUpdatesModel" /></UnitTest><UnitTest name="PostFile_NewFileCanBePosted" storage="d:\modelrelief\modelrelief.test\bin\debug\netcoreapp2.0\modelrelief.test.dll" id="2e6329b7-19c2-4797-b49b-b1857a42f7cb"><Execution id="50e5c040-d85e-4998-90f4-c09a14c4631d" /><TestMethod codeBase="D:\ModelRelief\ModelRelief.test\bin\Debug\netcoreapp2.0\ModelRelief.Test.dll" adapterTypeName="executor://xunit/VsTestRunner2/netcoreapp" className="ModelRelief.Test.Integration.Meshes.MeshesFileIntegrationTests" name="PostFile_NewFileCanBePosted" /></UnitTest><UnitTest name="Delete_TargetModelIsDeleted" storage="d:\modelrelief\modelrelief.test\bin\debug\netcoreapp2.0\modelrelief.test.dll" id="aeaa973d-c99e-4069-b750-3027755ff3d3"><Execution id="c1ab7a10-4ee3-4fd6-b437-e1a79791ce38" /><TestMethod codeBase="D:\ModelRelief\ModelRelief.test\bin\Debug\netcoreapp2.0\ModelRelief.Test.dll" adapterTypeName="executor://xunit/VsTestRunner2/netcoreapp" className="ModelRelief.Test.Integration.Meshes.MeshesBaseIntegrationTests" name="Delete_TargetModelIsDeleted" /></UnitTest><UnitTest name="GetList_ListReturnsCorrectCount" storage="d:\modelrelief\modelrelief.test\bin\debug\netcoreapp2.0\modelrelief.test.dll" id="11b0ce3b-9481-4d90-b565-cd181d8d8435"><Execution id="5a867c70-48d7-410d-a51b-ea91a4cb25c2" /><TestMethod codeBase="D:\ModelRelief\ModelRelief.test\bin\Debug\netcoreapp2.0\ModelRelief.Test.dll" adapterTypeName="executor://xunit/VsTestRunner2/netcoreapp" className="ModelRelief.Test.Integration.Cameras.CamerasBaseIntegrationTests" name="GetList_ListReturnsCorrectCount" /></UnitTest><UnitTest name="Post_CanCreateNewModel" storage="d:\modelrelief\modelrelief.test\bin\debug\netcoreapp2.0\modelrelief.test.dll" id="73a932dc-5d98-41ea-95a4-bf8718882826"><Execution id="6c63721c-5f12-4c4f-acbe-1ee6ec78ac12" /><TestMethod codeBase="D:\ModelRelief\ModelRelief.test\bin\Debug\netcoreapp2.0\ModelRelief.Test.dll" adapterTypeName="executor://xunit/VsTestRunner2/netcoreapp" className="ModelRelief.Test.Integration.MeshTransforms.MeshTransformsBaseIntegrationTests" name="Post_CanCreateNewModel" /></UnitTest><UnitTest name="Patch_TargetPropertyIsUpdated" storage="d:\modelrelief\modelrelief.test\bin\debug\netcoreapp2.0\modelrelief.test.dll" id="a84f62d3-9ff7-4494-94ab-bb8d5dcb1719"><Execution id="91142879-1e5b-4ba4-849f-5113c43c023c" /><TestMethod codeBase="D:\ModelRelief\ModelRelief.test\bin\Debug\netcoreapp2.0\ModelRelief.Test.dll" adapterTypeName="executor://xunit/VsTestRunner2/netcoreapp" className="ModelRelief.Test.Integration.MeshTransforms.MeshTransformsBaseIntegrationTests" name="Patch_TargetPropertyIsUpdated" /></UnitTest><UnitTest name="Put_InvalidIdReturnsNotFound" storage="d:\modelrelief\modelrelief.test\bin\debug\netcoreapp2.0\modelrelief.test.dll" id="171ccf98-7d77-4d2f-89ff-f483a59a71a4"><Execution id="ea5212e4-747a-47e4-afa0-2cc3501597d6" /><TestMethod codeBase="D:\ModelRelief\ModelRelief.test\bin\Debug\netcoreapp2.0\ModelRelief.Test.dll" adapterTypeName="executor://xunit/VsTestRunner2/netcoreapp" className="ModelRelief.Test.Integration.Models.ModelsBaseIntegrationTests" name="Put_InvalidIdReturnsNotFound" /></UnitTest><UnitTest name="GetSingle_ValidIdPropertyValueReturnsCorrectModel" storage="d:\modelrelief\modelrelief.test\bin\debug\netcoreapp2.0\modelrelief.test.dll" id="f4e42d85-9402-4b24-9fc2-cecdeb5f605b"><Execution id="7fb5f31e-1df4-4db3-af06-2dd04638d728" /><TestMethod codeBase="D:\ModelRelief\ModelRelief.test\bin\Debug\netcoreapp2.0\ModelRelief.Test.dll" adapterTypeName="executor://xunit/VsTestRunner2/netcoreapp" className="ModelRelief.Test.Integration.Meshes.MeshesBaseIntegrationTests" name="GetSingle_ValidIdPropertyValueReturnsCorrectModel" /></UnitTest><UnitTest name="GetFile_NonExistentFileReturnsNotFound" storage="d:\modelrelief\modelrelief.test\bin\debug\netcoreapp2.0\modelrelief.test.dll" id="604402b1-39b5-424b-a832-c41c8a12712b"><Execution id="f9d72e1d-440a-4fe9-b7ed-7dee191e5599" /><TestMethod codeBase="D:\ModelRelief\ModelRelief.test\bin\Debug\netcoreapp2.0\ModelRelief.Test.dll" adapterTypeName="executor://xunit/VsTestRunner2/netcoreapp" className="ModelRelief.Test.Integration.DepthBuffers.DepthBuffersFileIntegrationTests" name="GetFile_NonExistentFileReturnsNotFound" /></UnitTest><UnitTest name="MeshTransformHasExpectedDependentFiles" storage="d:\modelrelief\modelrelief.test\bin\debug\netcoreapp2.0\modelrelief.test.dll" id="abf3c846-9e47-4550-b756-e08a344b465a"><Execution id="1649276d-85ca-4d6f-8907-b0d5c6c503c3" /><TestMethod codeBase="D:\ModelRelief\ModelRelief.test\bin\Debug\netcoreapp2.0\ModelRelief.Test.dll" adapterTypeName="executor://xunit/VsTestRunner2/netcoreapp" className="ModelRelief.Test.Unit.DependencyManager.DependencyManagerTests" name="MeshTransformHasExpectedDependentFiles" /></UnitTest><UnitTest name="GetList_ListReturnsCorrectCount" storage="d:\modelrelief\modelrelief.test\bin\debug\netcoreapp2.0\modelrelief.test.dll" id="8fbeaa32-98e6-4aab-a154-021840ca051b"><Execution id="2221cfee-ca0d-4bf7-ae65-27b02c2d71e8" /><TestMethod codeBase="D:\ModelRelief\ModelRelief.test\bin\Debug\netcoreapp2.0\ModelRelief.Test.dll" adapterTypeName="executor://xunit/VsTestRunner2/netcoreapp" className="ModelRelief.Test.Integration.DepthBuffers.DepthBuffersBaseIntegrationTests" name="GetList_ListReturnsCorrectCount" /></UnitTest><UnitTest name="FileRequest_FileCanBeReadAfterRename" storage="d:\modelrelief\modelrelief.test\bin\debug\netcoreapp2.0\modelrelief.test.dll" id="9739a52a-3735-4273-9a5d-0ba7f7167bcd"><Execution id="a056b4e8-685a-4d7d-ab85-cc99e1e5237f" /><TestMethod codeBase="D:\ModelRelief\ModelRelief.test\bin\Debug\netcoreapp2.0\ModelRelief.Test.dll" adapterTypeName="executor://xunit/VsTestRunner2/netcoreapp" className="ModelRelief.Test.Integration.Meshes.MeshesFileIntegrationTests" name="FileRequest_FileCanBeReadAfterRename" /></UnitTest><UnitTest name="Post_InvalidPropertyValueReturnsBadRequest" storage="d:\modelrelief\modelrelief.test\bin\debug\netcoreapp2.0\modelrelief.test.dll" id="94d9d4a1-5c3a-4117-9958-69eb7f38f20c"><Execution id="a318af1a-7b10-45f2-8f9a-b49beb8e444a" /><TestMethod codeBase="D:\ModelRelief\ModelRelief.test\bin\Debug\netcoreapp2.0\ModelRelief.Test.dll" adapterTypeName="executor://xunit/VsTestRunner2/netcoreapp" className="ModelRelief.Test.Integration.DepthBuffers.DepthBuffersBaseIntegrationTests" name="Post_InvalidPropertyValueReturnsBadRequest" /></UnitTest><UnitTest name="LucyModel3dHasTwoDependents" storage="d:\modelrelief\modelrelief.test\bin\debug\netcoreapp2.0\modelrelief.test.dll" id="151e1d07-af6d-4b4d-9f29-74dfeb408d84"><Execution id="685df4ae-eacb-42df-b0b4-351e4be5e243" /><TestMethod codeBase="D:\ModelRelief\ModelRelief.test\bin\Debug\netcoreapp2.0\ModelRelief.Test.dll" adapterTypeName="executor://xunit/VsTestRunner2/netcoreapp" className="ModelRelief.Test.Unit.DependencyManager.DependencyManagerTests" name="LucyModel3dHasTwoDependents" /></UnitTest><UnitTest name="PostFile_NewFileCanBePosted" storage="d:\modelrelief\modelrelief.test\bin\debug\netcoreapp2.0\modelrelief.test.dll" id="cbacb17a-10ed-4724-8239-d3b9a7131274"><Execution id="4ee78586-2052-4ba1-8a9d-410e2d044769" /><TestMethod codeBase="D:\ModelRelief\ModelRelief.test\bin\Debug\netcoreapp2.0\ModelRelief.Test.dll" adapterTypeName="executor://xunit/VsTestRunner2/netcoreapp" className="ModelRelief.Test.Integration.DepthBuffers.DepthBuffersFileIntegrationTests" name="PostFile_NewFileCanBePosted" /></UnitTest><UnitTest name="Put_InvalidIdReturnsNotFound" storage="d:\modelrelief\modelrelief.test\bin\debug\netcoreapp2.0\modelrelief.test.dll" id="7a4543df-0822-4cb5-b2fe-15538ab77f5d"><Execution id="971679f2-285b-44b6-b9e7-452ba546fefd" /><TestMethod codeBase="D:\ModelRelief\ModelRelief.test\bin\Debug\netcoreapp2.0\ModelRelief.Test.dll" adapterTypeName="executor://xunit/VsTestRunner2/netcoreapp" className="ModelRelief.Test.Integration.Cameras.CamerasBaseIntegrationTests" name="Put_InvalidIdReturnsNotFound" /></UnitTest><UnitTest name="GetSingle_ValidIdPropertyValueReturnsCorrectModel" storage="d:\modelrelief\modelrelief.test\bin\debug\netcoreapp2.0\modelrelief.test.dll" id="e15c3abd-d3e4-41ec-983f-478b99b72a56"><Execution id="dfd00bb5-b171-4a5c-b396-aa63f7270dec" /><TestMethod codeBase="D:\ModelRelief\ModelRelief.test\bin\Debug\netcoreapp2.0\ModelRelief.Test.dll" adapterTypeName="executor://xunit/VsTestRunner2/netcoreapp" className="ModelRelief.Test.Integration.Models.ModelsBaseIntegrationTests" name="GetSingle_ValidIdPropertyValueReturnsCorrectModel" /></UnitTest><UnitTest name="Patch_InvalidPropertyNameReturnsBadRequest" storage="d:\modelrelief\modelrelief.test\bin\debug\netcoreapp2.0\modelrelief.test.dll" id="e59d75cb-c7e6-4f99-a61c-fdfedd30d1b2"><Execution id="03b8c9fd-873a-46b2-82b7-70df524252e7" /><TestMethod codeBase="D:\ModelRelief\ModelRelief.test\bin\Debug\netcoreapp2.0\ModelRelief.Test.dll" adapterTypeName="executor://xunit/VsTestRunner2/netcoreapp" className="ModelRelief.Test.Integration.Cameras.CamerasBaseIntegrationTests" name="Patch_InvalidPropertyNameReturnsBadRequest" /></UnitTest><UnitTest name="Put_CanUpdateModel" storage="d:\modelrelief\modelrelief.test\bin\debug\netcoreapp2.0\modelrelief.test.dll" id="ab5978cc-0775-4555-afa2-389322b925dd"><Execution id="9b87a2bc-60b4-44dc-aaba-36c73eab1ae9" /><TestMethod codeBase="D:\ModelRelief\ModelRelief.test\bin\Debug\netcoreapp2.0\ModelRelief.Test.dll" adapterTypeName="executor://xunit/VsTestRunner2/netcoreapp" className="ModelRelief.Test.Integration.Meshes.MeshesBaseIntegrationTests" name="Put_CanUpdateModel" /></UnitTest><UnitTest name="Post_CanCreateNewModel" storage="d:\modelrelief\modelrelief.test\bin\debug\netcoreapp2.0\modelrelief.test.dll" id="0aa7a922-868c-4c00-9c5c-2f7c71ec7447"><Execution id="4f3c6dc8-0511-4860-b4a5-758d358fa654" /><TestMethod codeBase="D:\ModelRelief\ModelRelief.test\bin\Debug\netcoreapp2.0\ModelRelief.Test.dll" adapterTypeName="executor://xunit/VsTestRunner2/netcoreapp" className="ModelRelief.Test.Integration.Meshes.MeshesBaseIntegrationTests" name="Post_CanCreateNewModel" /></UnitTest><UnitTest name="GetSingle_ValidIdPropertyValueReturnsCorrectModel" storage="d:\modelrelief\modelrelief.test\bin\debug\netcoreapp2.0\modelrelief.test.dll" id="067b9b78-6009-40ac-aa17-771b31ef0c66"><Execution id="30669f7e-def7-416a-9623-7d0ac2685966" /><TestMethod codeBase="D:\ModelRelief\ModelRelief.test\bin\Debug\netcoreapp2.0\ModelRelief.Test.dll" adapterTypeName="executor://xunit/VsTestRunner2/netcoreapp" className="ModelRelief.Test.Integration.Cameras.CamerasBaseIntegrationTests" name="GetSingle_ValidIdPropertyValueReturnsCorrectModel" /></UnitTest><UnitTest name="Model3dHasExpectedDependentFiles" storage="d:\modelrelief\modelrelief.test\bin\debug\netcoreapp2.0\modelrelief.test.dll" id="c669999d-5726-4333-99a9-bf35cbaabc87"><Execution id="8a576fef-23d2-4de2-80f0-2f4bf2431137" /><TestMethod codeBase="D:\ModelRelief\ModelRelief.test\bin\Debug\netcoreapp2.0\ModelRelief.Test.dll" adapterTypeName="executor://xunit/VsTestRunner2/netcoreapp" className="ModelRelief.Test.Unit.DependencyManager.DependencyManagerTests" name="Model3dHasExpectedDependentFiles" /></UnitTest><UnitTest name="GetSingle_InvalidIdPropertyValueReturnsNotFound" storage="d:\modelrelief\modelrelief.test\bin\debug\netcoreapp2.0\modelrelief.test.dll" id="f338cddb-399a-41fa-8324-ef7f304e12f3"><Execution id="640c7966-8d09-4c47-ab17-a2574491c04b" /><TestMethod codeBase="D:\ModelRelief\ModelRelief.test\bin\Debug\netcoreapp2.0\ModelRelief.Test.dll" adapterTypeName="executor://xunit/VsTestRunner2/netcoreapp" className="ModelRelief.Test.Integration.Projects.ProjectsBaseIntegrationTests" name="GetSingle_InvalidIdPropertyValueReturnsNotFound" /></UnitTest><UnitTest name="Delete_TargetModelIsDeleted" storage="d:\modelrelief\modelrelief.test\bin\debug\netcoreapp2.0\modelrelief.test.dll" id="bb37d731-fdb8-4d56-8c4d-de96f81b5bfa"><Execution id="3b06deef-b23d-49b7-8f05-0d3aa774b4a0" /><TestMethod codeBase="D:\ModelRelief\ModelRelief.test\bin\Debug\netcoreapp2.0\ModelRelief.Test.dll" adapterTypeName="executor://xunit/VsTestRunner2/netcoreapp" className="ModelRelief.Test.Integration.Projects.ProjectsBaseIntegrationTests" name="Delete_TargetModelIsDeleted" /></UnitTest><UnitTest name="Patch_InvalidEnumPropertyValueReturnsBadRequest" storage="d:\modelrelief\modelrelief.test\bin\debug\netcoreapp2.0\modelrelief.test.dll" id="cf234150-d68c-4158-b9ae-34c3493c9fe0"><Execution id="391da360-ea86-406e-9bfd-bb5c4135bfa6" /><TestMethod codeBase="D:\ModelRelief\ModelRelief.test\bin\Debug\netcoreapp2.0\ModelRelief.Test.dll" adapterTypeName="executor://xunit/VsTestRunner2/netcoreapp" className="ModelRelief.Test.Integration.DepthBuffers.DepthBuffersBaseIntegrationTests" name="Patch_InvalidEnumPropertyValueReturnsBadRequest" /></UnitTest><UnitTest name="Post_InvalidPropertyValueReturnsBadRequest" storage="d:\modelrelief\modelrelief.test\bin\debug\netcoreapp2.0\modelrelief.test.dll" id="359f674c-11f3-43ad-936f-9e6fab174db9"><Execution id="c58a5fba-428b-4d33-90c0-ca227bc0f47c" /><TestMethod codeBase="D:\ModelRelief\ModelRelief.test\bin\Debug\netcoreapp2.0\ModelRelief.Test.dll" adapterTypeName="executor://xunit/VsTestRunner2/netcoreapp" className="ModelRelief.Test.Integration.Cameras.CamerasBaseIntegrationTests" name="Post_InvalidPropertyValueReturnsBadRequest" /></UnitTest><UnitTest name="Post_ValidReferencePropertyCreatesModel" storage="d:\modelrelief\modelrelief.test\bin\debug\netcoreapp2.0\modelrelief.test.dll" id="2222b391-ec73-4519-b2a9-0e0bbf5c88ad"><Execution id="68d67484-c0c9-4ee4-a367-266790f2bf89" /><TestMethod codeBase="D:\ModelRelief\ModelRelief.test\bin\Debug\netcoreapp2.0\ModelRelief.Test.dll" adapterTypeName="executor://xunit/VsTestRunner2/netcoreapp" className="ModelRelief.Test.Integration.Projects.ProjectsBaseIntegrationTests" name="Post_ValidReferencePropertyCreatesModel" /></UnitTest><UnitTest name="Post_ValidReferencePropertyCreatesModel" storage="d:\modelrelief\modelrelief.test\bin\debug\netcoreapp2.0\modelrelief.test.dll" id="41bf8e7c-c631-4ebb-bffd-b6d7f852fcd5"><Execution id="4d00dd8c-5471-4675-b98a-cf0336ae0481" /><TestMethod codeBase="D:\ModelRelief\ModelRelief.test\bin\Debug\netcoreapp2.0\ModelRelief.Test.dll" adapterTypeName="executor://xunit/VsTestRunner2/netcoreapp" className="ModelRelief.Test.Integration.Cameras.CamerasBaseIntegrationTests" name="Post_ValidReferencePropertyCreatesModel" /></UnitTest><UnitTest name="Post_CanCreateNewModel" storage="d:\modelrelief\modelrelief.test\bin\debug\netcoreapp2.0\modelrelief.test.dll" id="50af1f18-a083-413b-902b-8083b66b6a0c"><Execution id="82d5bd6c-fe32-4186-83bf-920dd48e87c7" /><TestMethod codeBase="D:\ModelRelief\ModelRelief.test\bin\Debug\netcoreapp2.0\ModelRelief.Test.dll" adapterTypeName="executor://xunit/VsTestRunner2/netcoreapp" className="ModelRelief.Test.Integration.Projects.ProjectsBaseIntegrationTests" name="Post_CanCreateNewModel" /></UnitTest><UnitTest name="Put_ValidReferencePropertyUpdatesModel" storage="d:\modelrelief\modelrelief.test\bin\debug\netcoreapp2.0\modelrelief.test.dll" id="e2f011bb-4cf8-4ce4-bdbd-2d0d9209467a"><Execution id="08c7efc3-a4b0-40b1-981e-d2d44f91e6c5" /><TestMethod codeBase="D:\ModelRelief\ModelRelief.test\bin\Debug\netcoreapp2.0\ModelRelief.Test.dll" adapterTypeName="executor://xunit/VsTestRunner2/netcoreapp" className="ModelRelief.Test.Integration.Models.ModelsBaseIntegrationTests" name="Put_ValidReferencePropertyUpdatesModel" /></UnitTest><UnitTest name="PostFile_FileIsSynchronizedIsUpdatedAfterFileIsPosted" storage="d:\modelrelief\modelrelief.test\bin\debug\netcoreapp2.0\modelrelief.test.dll" id="51c68caf-fa7e-4772-8c27-04ea11dc9756"><Execution id="b8c6efc1-e36b-4fdd-801b-608a9bda3e80" /><TestMethod codeBase="D:\ModelRelief\ModelRelief.test\bin\Debug\netcoreapp2.0\ModelRelief.Test.dll" adapterTypeName="executor://xunit/VsTestRunner2/netcoreapp" className="ModelRelief.Test.Integration.Meshes.MeshesFileIntegrationTests" name="PostFile_FileIsSynchronizedIsUpdatedAfterFileIsPosted" /></UnitTest><UnitTest name="Patch_InvalidReferencePropertyReturnsBadRequest" storage="d:\modelrelief\modelrelief.test\bin\debug\netcoreapp2.0\modelrelief.test.dll" id="15cc2b72-1c72-448b-86df-6cf031ebaba9"><Execution id="a3e538ce-9544-4ebf-8156-dec4f507e060" /><TestMethod codeBase="D:\ModelRelief\ModelRelief.test\bin\Debug\netcoreapp2.0\ModelRelief.Test.dll" adapterTypeName="executor://xunit/VsTestRunner2/netcoreapp" className="ModelRelief.Test.Integration.Meshes.MeshesBaseIntegrationTests" name="Patch_InvalidReferencePropertyReturnsBadRequest" /></UnitTest><UnitTest name="Patch_ValidReferencePropertyUpdatesModel" storage="d:\modelrelief\modelrelief.test\bin\debug\netcoreapp2.0\modelrelief.test.dll" id="caa60df5-9dcd-42e5-a932-f902bc0c0d34"><Execution id="18965782-b0fc-4cb6-bd14-b66e49792ba2" /><TestMethod codeBase="D:\ModelRelief\ModelRelief.test\bin\Debug\netcoreapp2.0\ModelRelief.Test.dll" adapterTypeName="executor://xunit/VsTestRunner2/netcoreapp" className="ModelRelief.Test.Integration.Cameras.CamerasBaseIntegrationTests" name="Patch_ValidReferencePropertyUpdatesModel" /></UnitTest><UnitTest name="Patch_TargetPropertyIsUpdated" storage="d:\modelrelief\modelrelief.test\bin\debug\netcoreapp2.0\modelrelief.test.dll" id="188e9982-4b97-4c7a-8cda-12690c89cd5d"><Execution id="8893a429-1ec2-4541-927e-da5a8a6732fd" /><TestMethod codeBase="D:\ModelRelief\ModelRelief.test\bin\Debug\netcoreapp2.0\ModelRelief.Test.dll" adapterTypeName="executor://xunit/VsTestRunner2/netcoreapp" className="ModelRelief.Test.Integration.Models.ModelsBaseIntegrationTests" name="Patch_TargetPropertyIsUpdated" /></UnitTest><UnitTest name="GetSingle_InvalidIdPropertyValueReturnsNotFound" storage="d:\modelrelief\modelrelief.test\bin\debug\netcoreapp2.0\modelrelief.test.dll" id="b7de4c2c-e5c6-4e31-a304-dec1e428c206"><Execution id="f386897e-4163-45c2-ad43-0d046ccc1253" /><TestMethod codeBase="D:\ModelRelief\ModelRelief.test\bin\Debug\netcoreapp2.0\ModelRelief.Test.dll" adapterTypeName="executor://xunit/VsTestRunner2/netcoreapp" className="ModelRelief.Test.Integration.MeshTransforms.MeshTransformsBaseIntegrationTests" name="GetSingle_InvalidIdPropertyValueReturnsNotFound" /></UnitTest><UnitTest name="Post_ValidReferencePropertyCreatesModel" storage="d:\modelrelief\modelrelief.test\bin\debug\netcoreapp2.0\modelrelief.test.dll" id="b775830b-9b10-4cce-96ce-46cb3e7bced4"><Execution id="87e7b161-2aa4-448b-b886-131444c2153a" /><TestMethod codeBase="D:\ModelRelief\ModelRelief.test\bin\Debug\netcoreapp2.0\ModelRelief.Test.dll" adapterTypeName="executor://xunit/VsTestRunner2/netcoreapp" className="ModelRelief.Test.Integration.MeshTransforms.MeshTransformsBaseIntegrationTests" name="Post_ValidReferencePropertyCreatesModel" /></UnitTest><UnitTest name="Patch_InvalidReferencePropertyReturnsBadRequest" storage="d:\modelrelief\modelrelief.test\bin\debug\netcoreapp2.0\modelrelief.test.dll" id="f0ccdfe5-1b01-446a-af6d-3789ac776b8b"><Execution id="0bf49495-6928-489a-9d5f-f5e613d88dd6" /><TestMethod codeBase="D:\ModelRelief\ModelRelief.test\bin\Debug\netcoreapp2.0\ModelRelief.Test.dll" adapterTypeName="executor://xunit/VsTestRunner2/netcoreapp" className="ModelRelief.Test.Integration.DepthBuffers.DepthBuffersBaseIntegrationTests" name="Patch_InvalidReferencePropertyReturnsBadRequest" /></UnitTest><UnitTest name="Post_InvalidReferencePropertyReturnsBadRequest" storage="d:\modelrelief\modelrelief.test\bin\debug\netcoreapp2.0\modelrelief.test.dll" id="9d1d1ca1-df6f-4528-801e-3e27edcaef29"><Execution id="1095b1b5-712f-4b60-b50b-d2af02391dc2" /><TestMethod codeBase="D:\ModelRelief\ModelRelief.test\bin\Debug\netcoreapp2.0\ModelRelief.Test.dll" adapterTypeName="executor://xunit/VsTestRunner2/netcoreapp" className="ModelRelief.Test.Integration.MeshTransforms.MeshTransformsBaseIntegrationTests" name="Post_InvalidReferencePropertyReturnsBadRequest" /></UnitTest><UnitTest name="Put_InvalidReferencePropertyReturndBadRequest" storage="d:\modelrelief\modelrelief.test\bin\debug\netcoreapp2.0\modelrelief.test.dll" id="7a2b80c5-1947-4a0a-83ee-0b76cc9aba4d"><Execution id="73cd8d1f-32bb-4318-b6d3-288a2a945d3c" /><TestMethod codeBase="D:\ModelRelief\ModelRelief.test\bin\Debug\netcoreapp2.0\ModelRelief.Test.dll" adapterTypeName="executor://xunit/VsTestRunner2/netcoreapp" className="ModelRelief.Test.Integration.MeshTransforms.MeshTransformsBaseIntegrationTests" name="Put_InvalidReferencePropertyReturndBadRequest" /></UnitTest><UnitTest name="Patch_InvalidPropertyNameReturnsBadRequest" storage="d:\modelrelief\modelrelief.test\bin\debug\netcoreapp2.0\modelrelief.test.dll" id="1e6baf4c-6969-4a83-8d46-1b1db18a0f38"><Execution id="da5684b8-1d06-46b1-907f-23b6f3e8e167" /><TestMethod codeBase="D:\ModelRelief\ModelRelief.test\bin\Debug\netcoreapp2.0\ModelRelief.Test.dll" adapterTypeName="executor://xunit/VsTestRunner2/netcoreapp" className="ModelRelief.Test.Integration.Meshes.MeshesBaseIntegrationTests" name="Patch_InvalidPropertyNameReturnsBadRequest" /></UnitTest><UnitTest name="Patch_MultipleInvalidReferencePropertiesReturnsMultipleValidationErrorsAndBadRequest" storage="d:\modelrelief\modelrelief.test\bin\debug\netcoreapp2.0\modelrelief.test.dll" id="7c5c8507-61b5-4bab-ad31-b510695ce4cb"><Execution id="de5b1b12-4ff9-4be7-941b-c34c96ea37b8" /><TestMethod codeBase="D:\ModelRelief\ModelRelief.test\bin\Debug\netcoreapp2.0\ModelRelief.Test.dll" adapterTypeName="executor://xunit/VsTestRunner2/netcoreapp" className="ModelRelief.Test.Integration.DepthBuffers.DepthBuffersBaseIntegrationTests" name="Patch_MultipleInvalidReferencePropertiesReturnsMultipleValidationErrorsAndBadRequest" /></UnitTest><UnitTest name="Patch_InvalidIdPropertyReturnsNotFound" storage="d:\modelrelief\modelrelief.test\bin\debug\netcoreapp2.0\modelrelief.test.dll" id="fdd625d1-7c74-4510-a95d-ca48d1b4e4c0"><Execution id="f6967975-e49e-451c-bf0a-333adce2aee1" /><TestMethod codeBase="D:\ModelRelief\ModelRelief.test\bin\Debug\netcoreapp2.0\ModelRelief.Test.dll" adapterTypeName="executor://xunit/VsTestRunner2/netcoreapp" className="ModelRelief.Test.Integration.Meshes.MeshesBaseIntegrationTests" name="Patch_InvalidIdPropertyReturnsNotFound" /></UnitTest><UnitTest name="GetFile_FileCanBeRoundTripped" storage="d:\modelrelief\modelrelief.test\bin\debug\netcoreapp2.0\modelrelief.test.dll" id="0e8797c8-3034-4d73-a34a-9b549be54515"><Execution id="59d54c9d-55c9-4396-8473-d382ecac47fe" /><TestMethod codeBase="D:\ModelRelief\ModelRelief.test\bin\Debug\netcoreapp2.0\ModelRelief.Test.dll" adapterTypeName="executor://xunit/VsTestRunner2/netcoreapp" className="ModelRelief.Test.Integration.Models.ModelsFileIntegrationTests" name="GetFile_FileCanBeRoundTripped" /></UnitTest></TestDefinitions><TestEntries><TestEntry testId="34a9b278-323a-4e84-81dd-a44560806f09" executionId="0778b790-81f5-49ba-8604-cdc11e59907f" testListId="8c84fa94-04c1-424b-9868-57a2d4851a1d" /><TestEntry testId="0554a682-a47b-4303-aa7e-cb5439f86923" executionId="86d9a58a-af2f-4427-9ece-a3fa55b46d94" testListId="8c84fa94-04c1-424b-9868-57a2d4851a1d" /><TestEntry testId="a2ea9daf-f3f2-4029-acd9-0cae55c01920" executionId="8acf5b93-0cb4-4941-9ef0-6763c197400d" testListId="8c84fa94-04c1-424b-9868-57a2d4851a1d" /><TestEntry testId="b775830b-9b10-4cce-96ce-46cb3e7bced4" executionId="87e7b161-2aa4-448b-b886-131444c2153a" testListId="8c84fa94-04c1-424b-9868-57a2d4851a1d" /><TestEntry testId="604402b1-39b5-424b-a832-c41c8a12712b" executionId="f9d72e1d-440a-4fe9-b7ed-7dee191e5599" testListId="8c84fa94-04c1-424b-9868-57a2d4851a1d" /><TestEntry testId="549f5fde-865a-42ee-98ea-be43d3e4e52c" executionId="c19bc48e-272e-4b33-ac12-9fa1aa8aefea" testListId="8c84fa94-04c1-424b-9868-57a2d4851a1d" /><TestEntry testId="b5b220a0-1c88-40cb-adea-0cd0c3057d02" executionId="a5cdcea5-9226-42e0-bb5d-364c0608e570" testListId="8c84fa94-04c1-424b-9868-57a2d4851a1d" /><TestEntry testId="ae0a0b68-d74a-44d0-a120-e1f59fc13a3e" executionId="b940c506-1172-4847-abf3-94b2d3c974c8" testListId="8c84fa94-04c1-424b-9868-57a2d4851a1d" /><TestEntry testId="f8b6c7b0-26c2-44e8-a29c-eb0fceed2fea" executionId="8521729a-9f49-4cc3-9b5a-80279cffa336" testListId="8c84fa94-04c1-424b-9868-57a2d4851a1d" /><TestEntry testId="ffe2ba9e-7536-4fbe-b0a4-04ac924bf5c2" executionId="2b7074cb-5d10-4760-95e4-ff95a50bfc75" testListId="8c84fa94-04c1-424b-9868-57a2d4851a1d" /><TestEntry testId="706d2539-5c1d-4001-a9f3-470604e56004" executionId="dccc6a45-5fab-46da-98dc-1985061eb6ac" testListId="8c84fa94-04c1-424b-9868-57a2d4851a1d" /><TestEntry testId="f18d241d-b949-411b-86a2-bca926ce2552" executionId="47e2ee19-fe23-4ca9-a00c-41efe54f420f" testListId="8c84fa94-04c1-424b-9868-57a2d4851a1d" /><TestEntry testId="91707759-eed4-433f-91b4-03e43328028d" executionId="a9f3d421-b39b-435d-bf07-b3ad5a66e74f" testListId="8c84fa94-04c1-424b-9868-57a2d4851a1d" /><TestEntry testId="6613e3d6-ef80-4e78-a9a1-0343933985d4" executionId="46c4a825-6dcc-46e3-84b0-33bbf9b8d92f" testListId="8c84fa94-04c1-424b-9868-57a2d4851a1d" /><TestEntry testId="f6d1dcf9-5f5a-4be9-9811-b545ac754639" executionId="417adc31-8954-4843-bc9d-9d896cfe9625" testListId="8c84fa94-04c1-424b-9868-57a2d4851a1d" /><TestEntry testId="d00cab41-a02d-4f7d-96b1-bcd6aebb3d24" executionId="7eb99461-1f02-448a-bd5f-fe023128b5b2" testListId="8c84fa94-04c1-424b-9868-57a2d4851a1d" /><TestEntry testId="2e664f8f-f0b5-451d-8c18-630681a00342" executionId="5126ef38-8169-415c-85d8-6dc1f350f930" testListId="8c84fa94-04c1-424b-9868-57a2d4851a1d" /><TestEntry testId="c42ee474-8a06-437b-ad03-c90177a0dd42" executionId="df974b1d-95a8-46cd-858f-1392cf61c0c7" testListId="8c84fa94-04c1-424b-9868-57a2d4851a1d" /><TestEntry testId="550a6a70-f235-4483-9757-46a42fe4b2ad" executionId="ea8fbe71-75c8-462f-aee5-cc60815e2c29" testListId="8c84fa94-04c1-424b-9868-57a2d4851a1d" /><TestEntry testId="a87068ab-8a09-4529-9871-eff7ac76b40e" executionId="586c59d5-a8a7-4dc1-8dc4-dc51c88e3db1" testListId="8c84fa94-04c1-424b-9868-57a2d4851a1d" /><TestEntry testId="51993a18-c104-4470-81c2-8aad793dc503" executionId="3cee81e9-ea02-4b9d-80aa-b43053f73f72" testListId="8c84fa94-04c1-424b-9868-57a2d4851a1d" /><TestEntry testId="5fe8dba2-eb2d-4a55-9d53-39805b782c64" executionId="81abe9aa-4d02-45a8-9d4f-2a84428fd403" testListId="8c84fa94-04c1-424b-9868-57a2d4851a1d" /><TestEntry testId="cbacb17a-10ed-4724-8239-d3b9a7131274" executionId="4ee78586-2052-4ba1-8a9d-410e2d044769" testListId="8c84fa94-04c1-424b-9868-57a2d4851a1d" /><TestEntry testId="188e9982-4b97-4c7a-8cda-12690c89cd5d" executionId="8893a429-1ec2-4541-927e-da5a8a6732fd" testListId="8c84fa94-04c1-424b-9868-57a2d4851a1d" /><TestEntry testId="6d25127d-aaca-4c72-8237-135eb1f8fe01" executionId="2484e766-3060-4ac8-aa91-53704da166fd" testListId="8c84fa94-04c1-424b-9868-57a2d4851a1d" /><TestEntry testId="1226feda-afac-4626-8d32-87ba2ca0d472" executionId="5d93fdce-929a-4a07-a13d-0bfd74eaf5d6" testListId="8c84fa94-04c1-424b-9868-57a2d4851a1d" /><TestEntry testId="cb87ad1b-7465-4fc6-b2f1-ed1c551b551b" executionId="974941ba-cafd-494d-89fc-aef3ce15f8f4" testListId="8c84fa94-04c1-424b-9868-57a2d4851a1d" /><TestEntry testId="585204e5-3172-4594-a89d-cd76f0615e31" executionId="fd55033c-06f4-42af-898f-8c18db646c5d" testListId="8c84fa94-04c1-424b-9868-57a2d4851a1d" /><TestEntry testId="80395d7f-5db7-4a6f-88f6-af3147325ad5" executionId="a7230cd1-b6b8-483a-8180-82a9d12d6995" testListId="8c84fa94-04c1-424b-9868-57a2d4851a1d" /><TestEntry testId="d493e432-4fe6-44b1-b33f-b96483da910f" executionId="7db05c2a-8195-4a1d-ae00-739d576de9c6" testListId="8c84fa94-04c1-424b-9868-57a2d4851a1d" /><TestEntry testId="0aa7a922-868c-4c00-9c5c-2f7c71ec7447" executionId="4f3c6dc8-0511-4860-b4a5-758d358fa654" testListId="8c84fa94-04c1-424b-9868-57a2d4851a1d" /><TestEntry testId="e15c3abd-d3e4-41ec-983f-478b99b72a56" executionId="dfd00bb5-b171-4a5c-b396-aa63f7270dec" testListId="8c84fa94-04c1-424b-9868-57a2d4851a1d" /><TestEntry testId="72f153e2-8040-4597-8a1d-6a228487433a" executionId="99b37bc9-33d2-46d9-8d55-a0febc14ac2b" testListId="8c84fa94-04c1-424b-9868-57a2d4851a1d" /><TestEntry testId="7c5c8507-61b5-4bab-ad31-b510695ce4cb" executionId="de5b1b12-4ff9-4be7-941b-c34c96ea37b8" testListId="8c84fa94-04c1-424b-9868-57a2d4851a1d" /><TestEntry testId="1bf81faf-88ca-406c-a39b-8b81a7979986" executionId="3015fb38-f8df-4f87-9c62-d511ff0d9bc4" testListId="8c84fa94-04c1-424b-9868-57a2d4851a1d" /><TestEntry testId="2e6329b7-19c2-4797-b49b-b1857a42f7cb" executionId="50e5c040-d85e-4998-90f4-c09a14c4631d" testListId="8c84fa94-04c1-424b-9868-57a2d4851a1d" /><TestEntry testId="1e6baf4c-6969-4a83-8d46-1b1db18a0f38" executionId="da5684b8-1d06-46b1-907f-23b6f3e8e167" testListId="8c84fa94-04c1-424b-9868-57a2d4851a1d" /><TestEntry testId="ef91addb-8664-4b19-a5c2-d48b5469701f" executionId="11250b18-f63b-4a87-a99a-8ada72365dda" testListId="8c84fa94-04c1-424b-9868-57a2d4851a1d" /><TestEntry testId="80199f92-18f2-4743-a2ff-d69e8d80b1bf" executionId="6e966f10-87e3-4ea5-bb08-d03b2ae620ae" testListId="8c84fa94-04c1-424b-9868-57a2d4851a1d" /><TestEntry testId="eee371b9-5cd7-4032-a495-6c3e6351ec88" executionId="c55d4924-01ee-4274-a9ef-f3c761df8c6d" testListId="8c84fa94-04c1-424b-9868-57a2d4851a1d" /><TestEntry testId="e954b70f-38f3-40eb-8c72-7e1473799c61" executionId="81f0626d-49be-4f4d-9f87-d504c2d64ca8" testListId="8c84fa94-04c1-424b-9868-57a2d4851a1d" /><TestEntry testId="a84f62d3-9ff7-4494-94ab-bb8d5dcb1719" executionId="91142879-1e5b-4ba4-849f-5113c43c023c" testListId="8c84fa94-04c1-424b-9868-57a2d4851a1d" /><TestEntry testId="264dcf58-e763-4367-a35f-5a9032db9ded" executionId="1d06c546-65bd-4aba-8211-55e305e70478" testListId="8c84fa94-04c1-424b-9868-57a2d4851a1d" /><TestEntry testId="285fd644-447c-4f8e-86f0-1dc2f7be0915" executionId="98e16356-2ee3-4c7b-a9eb-ad343eb185c4" testListId="8c84fa94-04c1-424b-9868-57a2d4851a1d" /><TestEntry testId="549a0696-a5d8-4bea-b7f5-5867d04abddd" executionId="55751450-e054-41bc-8985-20d309f7d17b" testListId="8c84fa94-04c1-424b-9868-57a2d4851a1d" /><TestEntry testId="370ea9ba-af91-432d-b815-fb52811f1d9f" executionId="d81ed3bb-e884-4424-afdc-6ec748ed7298" testListId="8c84fa94-04c1-424b-9868-57a2d4851a1d" /><TestEntry testId="bb37d731-fdb8-4d56-8c4d-de96f81b5bfa" executionId="3b06deef-b23d-49b7-8f05-0d3aa774b4a0" testListId="8c84fa94-04c1-424b-9868-57a2d4851a1d" /><TestEntry testId="1d556cfa-4fc3-40ee-8e61-ad87cbf30d98" executionId="be169b5b-78e5-4274-9dae-91965d0bcd3a" testListId="8c84fa94-04c1-424b-9868-57a2d4851a1d" /><TestEntry testId="e3fd00ef-238d-42ca-bfad-66c2865a94f4" executionId="a4040f00-74c0-4733-afc8-f8248807772e" testListId="8c84fa94-04c1-424b-9868-57a2d4851a1d" /><TestEntry testId="bcdadbae-9659-4790-b0eb-0cbe13eaf3cb" executionId="b1f516cd-144d-4765-8247-46a308be4cde" testListId="8c84fa94-04c1-424b-9868-57a2d4851a1d" /><TestEntry testId="c7405170-fe98-4f35-a853-d3a41b1230ac" executionId="e25cdbde-9d9b-4caf-baac-2c749a616514" testListId="8c84fa94-04c1-424b-9868-57a2d4851a1d" /><TestEntry testId="44795f6a-1953-4d8a-8f80-ff2040dd0b8c" executionId="0e18dd8b-5e41-4143-85f5-02cfbe440141" testListId="8c84fa94-04c1-424b-9868-57a2d4851a1d" /><TestEntry testId="49267914-3f18-4592-acad-9b720bd12b9a" executionId="a7b3a85f-af09-41f6-893b-276ba5eb4dac" testListId="8c84fa94-04c1-424b-9868-57a2d4851a1d" /><TestEntry testId="e0dc2be2-ba62-4341-a069-0ea098a7c4f6" executionId="500cb1df-3b54-4449-a8a2-ecda6a8b8f0e" testListId="8c84fa94-04c1-424b-9868-57a2d4851a1d" /><TestEntry testId="8242a08c-1123-4e99-a921-4b25426c0baa" executionId="6d3219a9-3768-44eb-91b6-2c93b2951143" testListId="8c84fa94-04c1-424b-9868-57a2d4851a1d" /><TestEntry testId="f0ccdfe5-1b01-446a-af6d-3789ac776b8b" executionId="0bf49495-6928-489a-9d5f-f5e613d88dd6" testListId="8c84fa94-04c1-424b-9868-57a2d4851a1d" /><TestEntry testId="be8d7d61-a439-43eb-89c9-7efedd8691c8" executionId="f9ae5f71-34cc-4281-af14-8fcd702c59b2" testListId="8c84fa94-04c1-424b-9868-57a2d4851a1d" /><TestEntry testId="b1c7e645-d1b9-46ac-ad92-1c1d87c49917" executionId="b37fc0ec-a1c8-4c4a-980e-bc467cc280dd" testListId="8c84fa94-04c1-424b-9868-57a2d4851a1d" /><TestEntry testId="1aaad1f3-8981-416a-b8fa-0d156ca099a1" executionId="934775a1-5cf7-447b-8c4a-c334a6a31a11" testListId="8c84fa94-04c1-424b-9868-57a2d4851a1d" /><TestEntry testId="a90b08d7-c393-4ad7-800a-72b8efbc6544" executionId="3f7a5e48-e3e7-4602-9d6b-a194ba571ba7" testListId="8c84fa94-04c1-424b-9868-57a2d4851a1d" /><TestEntry testId="0f253f7e-0168-47a0-a154-e53d0d80f536" executionId="e685c695-aa7b-47e7-8ad8-4dfadbf07307" testListId="8c84fa94-04c1-424b-9868-57a2d4851a1d" /><TestEntry testId="0149f8d8-51eb-45e5-ae04-a2c81a9e7b8d" executionId="f3ad227e-ea6d-409b-bd84-9d2dfff9b38b" testListId="8c84fa94-04c1-424b-9868-57a2d4851a1d" /><TestEntry testId="bde956b4-a710-47be-b0c3-a4a9a3da560d" executionId="c5b538b1-dcf0-4923-ac8a-524b0130afaf" testListId="8c84fa94-04c1-424b-9868-57a2d4851a1d" /><TestEntry testId="cf48c198-f7a6-4de8-befb-003788e40590" executionId="7d186110-d7af-4d73-ad09-62c243596207" testListId="8c84fa94-04c1-424b-9868-57a2d4851a1d" /><TestEntry testId="041d3fdb-7067-40eb-9584-8af6ebc56307" executionId="a78402a9-ab6c-414a-a6d2-edb5634eb9b4" testListId="8c84fa94-04c1-424b-9868-57a2d4851a1d" /><TestEntry testId="9672ddde-642d-4208-9870-52eb3f313cf8" executionId="3dbb84af-222a-41cc-b6f5-beb83f1f2482" testListId="8c84fa94-04c1-424b-9868-57a2d4851a1d" /><TestEntry testId="890c621d-23a4-4d60-ada9-810f303deb00" executionId="24ae89d9-fc57-4fa8-88e0-c7d3d399e80e" testListId="8c84fa94-04c1-424b-9868-57a2d4851a1d" /><TestEntry testId="b6d716bd-6b9c-41ba-a127-e1871e457651" executionId="d5ded015-ca14-4fcf-90f7-eef041824e10" testListId="8c84fa94-04c1-424b-9868-57a2d4851a1d" /><TestEntry testId="3298aefb-8a98-4da7-8ba7-92cca11628b2" executionId="f0a994bd-d08b-436e-9a61-ca46e52f8a71" testListId="8c84fa94-04c1-424b-9868-57a2d4851a1d" /><TestEntry testId="fdd625d1-7c74-4510-a95d-ca48d1b4e4c0" executionId="f6967975-e49e-451c-bf0a-333adce2aee1" testListId="8c84fa94-04c1-424b-9868-57a2d4851a1d" /><TestEntry testId="51c68caf-fa7e-4772-8c27-04ea11dc9756" executionId="b8c6efc1-e36b-4fdd-801b-608a9bda3e80" testListId="8c84fa94-04c1-424b-9868-57a2d4851a1d" /><TestEntry testId="318b509b-28c6-42f8-b7c3-1d8e26c3a6b1" executionId="c59786f5-d141-4a50-a60b-03c88de14fb1" testListId="8c84fa94-04c1-424b-9868-57a2d4851a1d" /><TestEntry testId="caa60df5-9dcd-42e5-a932-f902bc0c0d34" executionId="18965782-b0fc-4cb6-bd14-b66e49792ba2" testListId="8c84fa94-04c1-424b-9868-57a2d4851a1d" /><TestEntry testId="2f8ff96b-e06e-4008-95d2-413a60c6e7be" executionId="dc221b33-3761-4fc9-8be9-2388925c18df" testListId="8c84fa94-04c1-424b-9868-57a2d4851a1d" /><TestEntry testId="9739a52a-3735-4273-9a5d-0ba7f7167bcd" executionId="a056b4e8-685a-4d7d-ab85-cc99e1e5237f" testListId="8c84fa94-04c1-424b-9868-57a2d4851a1d" /><TestEntry testId="9e6406b8-165b-48de-894e-598a3499886d" executionId="62849634-cdce-49a3-9d02-e32f4661f67d" testListId="8c84fa94-04c1-424b-9868-57a2d4851a1d" /><TestEntry testId="6f664dbc-f48a-43a1-9938-f7b71aafaf70" executionId="9cf54ea5-8aa9-4dd1-b509-e4dba5983896" testListId="8c84fa94-04c1-424b-9868-57a2d4851a1d" /><TestEntry testId="989c8d24-d789-4d17-a21e-aa98bc22d21e" executionId="b2f95f43-1cf3-4609-b289-3928f237a8bc" testListId="8c84fa94-04c1-424b-9868-57a2d4851a1d" /><TestEntry testId="4fc1d5d5-4f26-4f43-ba1b-851c7bb45f6a" executionId="74f7b13d-f66a-4685-8fd2-57627004eae4" testListId="8c84fa94-04c1-424b-9868-57a2d4851a1d" /><TestEntry testId="15cc2b72-1c72-448b-86df-6cf031ebaba9" executionId="a3e538ce-9544-4ebf-8156-dec4f507e060" testListId="8c84fa94-04c1-424b-9868-57a2d4851a1d" /><TestEntry testId="7807b665-9feb-4695-8567-e3cfec32bc76" executionId="6110cee6-5215-49f7-9c80-f914055b1412" testListId="8c84fa94-04c1-424b-9868-57a2d4851a1d" /><TestEntry testId="960632bb-df07-4d1c-905a-4394c680623a" executionId="d533f94c-0a55-4f4e-a4a8-1207934dc780" testListId="8c84fa94-04c1-424b-9868-57a2d4851a1d" /><TestEntry testId="ed4db20b-422e-43e5-9cb3-19b885c3d9cd" executionId="b8ea1230-d983-4602-bc76-3a96fecc91ca" testListId="8c84fa94-04c1-424b-9868-57a2d4851a1d" /><TestEntry testId="b7de4c2c-e5c6-4e31-a304-dec1e428c206" executionId="f386897e-4163-45c2-ad43-0d046ccc1253" testListId="8c84fa94-04c1-424b-9868-57a2d4851a1d" /><TestEntry testId="11b0ce3b-9481-4d90-b565-cd181d8d8435" executionId="5a867c70-48d7-410d-a51b-ea91a4cb25c2" testListId="8c84fa94-04c1-424b-9868-57a2d4851a1d" /><TestEntry testId="51003281-cddc-422b-98b3-2caba52e8fe4" executionId="c2d98050-109f-4417-8837-47c6944cc013" testListId="8c84fa94-04c1-424b-9868-57a2d4851a1d" /><TestEntry testId="d80df456-8a59-407a-84fa-a0c94aebf5fc" executionId="86b56a30-30b2-429e-80d5-aead6e24afbf" testListId="8c84fa94-04c1-424b-9868-57a2d4851a1d" /><TestEntry testId="fccdc115-bb02-4199-a046-9c7d19ba6379" executionId="9b312a56-ca01-492b-b5ad-c945e1a2ee06" testListId="8c84fa94-04c1-424b-9868-57a2d4851a1d" /><TestEntry testId="171ccf98-7d77-4d2f-89ff-f483a59a71a4" executionId="ea5212e4-747a-47e4-afa0-2cc3501597d6" testListId="8c84fa94-04c1-424b-9868-57a2d4851a1d" /><TestEntry testId="60068524-d0b2-42d0-b83b-ca9e4edca9d3" executionId="e051a0a9-3739-433e-b51e-1c58b160e702" testListId="8c84fa94-04c1-424b-9868-57a2d4851a1d" /><TestEntry testId="ea6e1d44-92c0-4c07-b1d2-a29a6b530e48" executionId="5da8087a-ba07-4d28-9be9-93d677e72037" testListId="8c84fa94-04c1-424b-9868-57a2d4851a1d" /><TestEntry testId="1fa437e5-9a7d-42ec-93f4-21169fd4e6c1" executionId="c7800282-f784-4eed-93de-c37ceed5258d" testListId="8c84fa94-04c1-424b-9868-57a2d4851a1d" /><TestEntry testId="b25db217-1e7c-4702-9e1e-5255892b88e3" executionId="7dcb85ff-39c7-42ba-9429-298f51dda040" testListId="8c84fa94-04c1-424b-9868-57a2d4851a1d" /><TestEntry testId="7a2b80c5-1947-4a0a-83ee-0b76cc9aba4d" executionId="73cd8d1f-32bb-4318-b6d3-288a2a945d3c" testListId="8c84fa94-04c1-424b-9868-57a2d4851a1d" /><TestEntry testId="226c3106-a369-4bf5-be13-de93ee40af46" executionId="510f98bc-445b-4dcd-be64-f9e6171b7d2f" testListId="8c84fa94-04c1-424b-9868-57a2d4851a1d" /><TestEntry testId="7f5aa522-f50c-4454-9a7b-2fac3ab654b7" executionId="e891f610-aa10-4515-8450-183bfb8a6833" testListId="8c84fa94-04c1-424b-9868-57a2d4851a1d" /><TestEntry testId="625f62c6-99f9-4192-8180-0a22540145e6" executionId="85dbb2ce-7b55-4438-bee1-0b06aa93d875" testListId="8c84fa94-04c1-424b-9868-57a2d4851a1d" /><TestEntry testId="3086ea52-da5c-415c-9605-710cdd5be078" executionId="9675353e-6236-47ae-b603-581291959893" testListId="8c84fa94-04c1-424b-9868-57a2d4851a1d" /><TestEntry testId="17af84e4-ba59-4d11-9427-6c7ba553aa72" executionId="c5aff85a-807d-4abd-8190-39cbad66af8b" testListId="8c84fa94-04c1-424b-9868-57a2d4851a1d" /><TestEntry testId="252da599-f45d-48c4-bfbe-fa645032840c" executionId="3e9cc1ff-502e-48a9-8270-840d3225b84b" testListId="8c84fa94-04c1-424b-9868-57a2d4851a1d" /><TestEntry testId="f4e42d85-9402-4b24-9fc2-cecdeb5f605b" executionId="7fb5f31e-1df4-4db3-af06-2dd04638d728" testListId="8c84fa94-04c1-424b-9868-57a2d4851a1d" /><TestEntry testId="50af1f18-a083-413b-902b-8083b66b6a0c" executionId="82d5bd6c-fe32-4186-83bf-920dd48e87c7" testListId="8c84fa94-04c1-424b-9868-57a2d4851a1d" /><TestEntry testId="a625372b-1280-4291-8330-07e0ceb5c9c2" executionId="5c0acb72-f2ef-4db5-af75-ea25f426dec6" testListId="8c84fa94-04c1-424b-9868-57a2d4851a1d" /><TestEntry testId="0e8797c8-3034-4d73-a34a-9b549be54515" executionId="59d54c9d-55c9-4396-8473-d382ecac47fe" testListId="8c84fa94-04c1-424b-9868-57a2d4851a1d" /><TestEntry testId="8e32d40c-b384-460a-ba59-90a78d458ff2" executionId="8201e362-48f3-4eb6-9215-e63a7e10326d" testListId="8c84fa94-04c1-424b-9868-57a2d4851a1d" /><TestEntry testId="a410171b-1c2a-4eea-84ff-17e8400cbb0f" executionId="964e9e91-1ac5-435c-90b3-0551c3ee76ac" testListId="8c84fa94-04c1-424b-9868-57a2d4851a1d" /><TestEntry testId="e1b1ebb2-98c0-4044-af15-60bb5602ebe2" executionId="049f2283-c221-4f56-835c-0c1cb0ae28f2" testListId="8c84fa94-04c1-424b-9868-57a2d4851a1d" /><TestEntry testId="a05cc9da-16e0-4c53-88a9-e154afbbc699" executionId="e83f919b-3f0e-4bd6-ac28-bbd12eec64d5" testListId="8c84fa94-04c1-424b-9868-57a2d4851a1d" /><TestEntry testId="2222b391-ec73-4519-b2a9-0e0bbf5c88ad" executionId="68d67484-c0c9-4ee4-a367-266790f2bf89" testListId="8c84fa94-04c1-424b-9868-57a2d4851a1d" /><TestEntry testId="82765ead-5b7f-4a4c-a3e9-b9967eb0f2bc" executionId="58fb3ea3-af35-447d-a8d4-8d3f39fe8531" testListId="8c84fa94-04c1-424b-9868-57a2d4851a1d" /><TestEntry testId="88600010-6669-4593-9c61-ab005eb9e0ef" executionId="e7336d32-ebf1-40f2-bdfd-679c5b005e12" testListId="8c84fa94-04c1-424b-9868-57a2d4851a1d" /><TestEntry testId="5129e65c-a86d-4658-9f46-104e3f43c9d4" executionId="c9729140-0a0f-4b7a-8470-55ab18021f7e" testListId="8c84fa94-04c1-424b-9868-57a2d4851a1d" /><TestEntry testId="abf3c846-9e47-4550-b756-e08a344b465a" executionId="1649276d-85ca-4d6f-8907-b0d5c6c503c3" testListId="8c84fa94-04c1-424b-9868-57a2d4851a1d" /><TestEntry testId="94d9d4a1-5c3a-4117-9958-69eb7f38f20c" executionId="a318af1a-7b10-45f2-8f9a-b49beb8e444a" testListId="8c84fa94-04c1-424b-9868-57a2d4851a1d" /><TestEntry testId="32dc7114-d329-4010-89b2-0a951fd2fe94" executionId="dc666ca3-972d-4fa4-a611-6ea9f4ed7b09" testListId="8c84fa94-04c1-424b-9868-57a2d4851a1d" /><TestEntry testId="c4e99150-3cc0-41b7-b111-f0aa68bbee7a" executionId="b83bc8bd-1d39-41dd-9ddf-860696c947c8" testListId="8c84fa94-04c1-424b-9868-57a2d4851a1d" /><TestEntry testId="1a9d8436-a6b4-463d-9b0a-f7684abccaca" executionId="271f68c6-f801-476a-b4ec-642f32b36830" testListId="8c84fa94-04c1-424b-9868-57a2d4851a1d" /><TestEntry testId="359f674c-11f3-43ad-936f-9e6fab174db9" executionId="c58a5fba-428b-4d33-90c0-ca227bc0f47c" testListId="8c84fa94-04c1-424b-9868-57a2d4851a1d" /><TestEntry testId="e59d75cb-c7e6-4f99-a61c-fdfedd30d1b2" executionId="03b8c9fd-873a-46b2-82b7-70df524252e7" testListId="8c84fa94-04c1-424b-9868-57a2d4851a1d" /><TestEntry testId="848136ce-d517-4c26-a47f-65a7ddd6eae3" executionId="fa02bccc-3609-449f-a8ac-24fc7c3d9737" testListId="8c84fa94-04c1-424b-9868-57a2d4851a1d" /><TestEntry testId="f338cddb-399a-41fa-8324-ef7f304e12f3" executionId="640c7966-8d09-4c47-ab17-a2574491c04b" testListId="8c84fa94-04c1-424b-9868-57a2d4851a1d" /><TestEntry testId="98b41bd6-3924-4a4e-a921-af2d855b91eb" executionId="572f4537-cd5f-4ecf-aa85-fa26236a4d16" testListId="8c84fa94-04c1-424b-9868-57a2d4851a1d" /><TestEntry testId="4f75ea62-d4f1-4048-911e-da031a301248" executionId="d94645de-b8ff-483f-8c4a-0178c88db8b1" testListId="8c84fa94-04c1-424b-9868-57a2d4851a1d" /><TestEntry testId="684dc8fc-7fb7-417c-8ca8-dae5041c4139" executionId="69834e9d-df7c-42e3-8716-fa90b546e8f9" testListId="8c84fa94-04c1-424b-9868-57a2d4851a1d" /><TestEntry testId="c669999d-5726-4333-99a9-bf35cbaabc87" executionId="8a576fef-23d2-4de2-80f0-2f4bf2431137" testListId="8c84fa94-04c1-424b-9868-57a2d4851a1d" /><TestEntry testId="1d29f60a-bb69-4d7d-afdb-1d096511f5ac" executionId="dfc136ab-d92d-4bd7-8221-c5d571e4db39" testListId="8c84fa94-04c1-424b-9868-57a2d4851a1d" /><TestEntry testId="4ccff6f8-d8a3-4a9c-8e26-27779344830f" executionId="9a8fdce1-4d0c-4010-ace0-51270e39742d" testListId="8c84fa94-04c1-424b-9868-57a2d4851a1d" /><TestEntry testId="7a4543df-0822-4cb5-b2fe-15538ab77f5d" executionId="971679f2-285b-44b6-b9e7-452ba546fefd" testListId="8c84fa94-04c1-424b-9868-57a2d4851a1d" /><TestEntry testId="7e726af8-30be-4bba-9f05-29bf0a44325f" executionId="7ee41162-0049-41d8-9717-1d2c00539a76" testListId="8c84fa94-04c1-424b-9868-57a2d4851a1d" /><TestEntry testId="c5321c71-f204-40f7-962c-28fc62e5817a" executionId="6e11fe9b-47b4-4e3c-9c24-7f7cabfb6a79" testListId="8c84fa94-04c1-424b-9868-57a2d4851a1d" /><TestEntry testId="946b5da2-f7d0-4a95-8c50-d0d63b60267b" executionId="1ee765bb-2dd5-4f20-a076-a65524f3d96b" testListId="8c84fa94-04c1-424b-9868-57a2d4851a1d" /><TestEntry testId="cdfcb925-4422-4bb1-8075-e65b7d2ba859" executionId="a87aef42-f118-4aad-b118-8a4d1fa93217" testListId="8c84fa94-04c1-424b-9868-57a2d4851a1d" /><TestEntry testId="cf234150-d68c-4158-b9ae-34c3493c9fe0" executionId="391da360-ea86-406e-9bfd-bb5c4135bfa6" testListId="8c84fa94-04c1-424b-9868-57a2d4851a1d" /><TestEntry testId="5c63f04d-f8cb-46bf-8e55-dfb14f944d83" executionId="b1792039-8c93-44d2-9569-501d8e102dcb" testListId="8c84fa94-04c1-424b-9868-57a2d4851a1d" /><TestEntry testId="8b7e1357-1441-46e8-9a62-47cfa88cb0ec" executionId="4c64e113-c84e-4217-bf4a-0aaa6a1bc0ce" testListId="8c84fa94-04c1-424b-9868-57a2d4851a1d" /><TestEntry testId="efa4a2b6-6a0d-483b-a903-f0f5308a6d38" executionId="1ce591ab-74db-42c2-8125-1e204e580022" testListId="8c84fa94-04c1-424b-9868-57a2d4851a1d" /><TestEntry testId="6c271ce6-9fc7-4e94-bf3a-006aedc9623b" executionId="76cf2490-2dc8-4e98-b763-ed556a67bc41" testListId="8c84fa94-04c1-424b-9868-57a2d4851a1d" /><TestEntry testId="52272a63-f7f0-48d7-b0f6-878f852a8dfe" executionId="ae368a5c-d5eb-45b5-a4a2-75bbea736988" testListId="8c84fa94-04c1-424b-9868-57a2d4851a1d" /><TestEntry testId="c5f74bff-831d-464d-b354-95ea85aaf5aa" executionId="b9a9c429-a9b7-4df6-a35e-ea101f3ef761" testListId="8c84fa94-04c1-424b-9868-57a2d4851a1d" /><TestEntry testId="255b6185-881e-4324-acca-a7cfa7842b59" executionId="63e9553c-2c37-4676-9199-ac1eae35b0cb" testListId="8c84fa94-04c1-424b-9868-57a2d4851a1d" /><TestEntry testId="067b9b78-6009-40ac-aa17-771b31ef0c66" executionId="30669f7e-def7-416a-9623-7d0ac2685966" testListId="8c84fa94-04c1-424b-9868-57a2d4851a1d" /><TestEntry testId="151e1d07-af6d-4b4d-9f29-74dfeb408d84" executionId="685df4ae-eacb-42df-b0b4-351e4be5e243" testListId="8c84fa94-04c1-424b-9868-57a2d4851a1d" /><TestEntry testId="e2f011bb-4cf8-4ce4-bdbd-2d0d9209467a" executionId="08c7efc3-a4b0-40b1-981e-d2d44f91e6c5" testListId="8c84fa94-04c1-424b-9868-57a2d4851a1d" /><TestEntry testId="ab5978cc-0775-4555-afa2-389322b925dd" executionId="9b87a2bc-60b4-44dc-aaba-36c73eab1ae9" testListId="8c84fa94-04c1-424b-9868-57a2d4851a1d" /><TestEntry testId="00d3cba1-4574-417d-8969-be2c3d554b46" executionId="e213ffef-2548-48a0-a776-d8e24b96d921" testListId="8c84fa94-04c1-424b-9868-57a2d4851a1d" /><TestEntry testId="73a932dc-5d98-41ea-95a4-bf8718882826" executionId="6c63721c-5f12-4c4f-acbe-1ee6ec78ac12" testListId="8c84fa94-04c1-424b-9868-57a2d4851a1d" /><TestEntry testId="1db1e23e-0555-4c9b-91e5-dad6d343768f" executionId="55ba3d83-4def-4128-9c33-f646a13c8a19" testListId="8c84fa94-04c1-424b-9868-57a2d4851a1d" /><TestEntry testId="9d1d1ca1-df6f-4528-801e-3e27edcaef29" executionId="1095b1b5-712f-4b60-b50b-d2af02391dc2" testListId="8c84fa94-04c1-424b-9868-57a2d4851a1d" /><TestEntry testId="8fbeaa32-98e6-4aab-a154-021840ca051b" executionId="2221cfee-ca0d-4bf7-ae65-27b02c2d71e8" testListId="8c84fa94-04c1-424b-9868-57a2d4851a1d" /><TestEntry testId="41bf8e7c-c631-4ebb-bffd-b6d7f852fcd5" executionId="4d00dd8c-5471-4675-b98a-cf0336ae0481" testListId="8c84fa94-04c1-424b-9868-57a2d4851a1d" /><TestEntry testId="aeaa973d-c99e-4069-b750-3027755ff3d3" executionId="c1ab7a10-4ee3-4fd6-b437-e1a79791ce38" testListId="8c84fa94-04c1-424b-9868-57a2d4851a1d" /></TestEntries><TestLists><TestList name="Results Not in a List" id="8c84fa94-04c1-424b-9868-57a2d4851a1d" /><TestList name="All Loaded Results" id="19431567-8539-422a-85d7-44ee4e166bda" /></TestLists><ResultSummary outcome="Completed"><Counters total="151" executed="151" passed="151" failed="0" error="0" timeout="0" aborted="0" inconclusive="0" passedButRunAborted="0" notRunnable="0" notExecuted="0" disconnected="0" warning="0" completed="0" inProgress="0" pending="0" /><Output><StdOut>[xUnit.net 00:00:01.2790202]   Discovering: ModelRelief.Test[xUnit.net 00:00:01.4077995]   Discovered:  ModelRelief.Test[xUnit.net 00:00:01.4135563]   Starting:    ModelRelief.Test[xUnit.net 00:00:32.5149476]   Finished:    ModelRelief.Test</StdOut></Output></ResultSummary></TestRun>