<?xml version="1.0" encoding="utf-8"?><TestRun id="81637554-4136-4188-84dc-796c251d603b" name="steve@LAMBDA 2018-07-16 14:43:54" runUser="LAMBDA\steve" xmlns="http://microsoft.com/schemas/VisualStudio/TeamTest/2010"><Times creation="2018-07-16T14:43:54.5923114-04:00" queuing="2018-07-16T14:43:54.5923315-04:00" start="2018-07-16T14:43:49.9674386-04:00" finish="2018-07-16T14:44:09.6762151-04:00" /><TestSettings name="default" id="b7150c74-42cc-492b-a912-ff6517c2d84b"><Deployment runDeploymentRoot="steve_LAMBDA_2018-07-16_14_43_54" /></TestSettings><Results><UnitTestResult executionId="c49eca86-9537-4ef3-98be-83444238d65b" testId="829b6b26-75c6-4598-b649-1dd33fa57300" testName="GetFile_FileCanBeRoundTripped" computerName="LAMBDA" duration="00:00:00.0580000" startTime="2018-07-16T14:44:02.6245270-04:00" endTime="2018-07-16T14:44:02.6245335-04:00" testType="13cdc9d9-ddb5-4fa4-a97d-d965ccfc6d4b" outcome="Passed" testListId="8c84fa94-04c1-424b-9868-57a2d4851a1d" relativeResultsDirectory="c49eca86-9537-4ef3-98be-83444238d65b" /><UnitTestResult executionId="14ede8ce-65f2-4c9b-87e9-88bb6430e088" testId="5b9269a6-9875-48bf-9e40-3a9cf10f7259" testName="Patch_InvalidReferencePropertyReturnsBadRequest" computerName="LAMBDA" duration="00:00:00.0020000" startTime="2018-07-16T14:43:55.7387507-04:00" endTime="2018-07-16T14:43:55.7387541-04:00" testType="13cdc9d9-ddb5-4fa4-a97d-d965ccfc6d4b" outcome="Passed" testListId="8c84fa94-04c1-424b-9868-57a2d4851a1d" relativeResultsDirectory="14ede8ce-65f2-4c9b-87e9-88bb6430e088" /><UnitTestResult executionId="e9489680-4caa-4310-aab9-16ad1677a807" testId="b9d3f79a-552a-4258-b6d8-aee42a109989" testName="PutFile_NewFileCanBePut" computerName="LAMBDA" duration="00:00:00.0790000" startTime="2018-07-16T14:44:08.9304353-04:00" endTime="2018-07-16T14:44:08.9304400-04:00" testType="13cdc9d9-ddb5-4fa4-a97d-d965ccfc6d4b" outcome="Passed" testListId="8c84fa94-04c1-424b-9868-57a2d4851a1d" relativeResultsDirectory="e9489680-4caa-4310-aab9-16ad1677a807" /><UnitTestResult executionId="b3041960-cf54-4902-8369-29f593e80a62" testId="806bfcb1-c188-46b5-bc03-1d7dd4643787" testName="DepthBufferHasExpectedDependentFiles" computerName="LAMBDA" duration="00:00:00.0010000" startTime="2018-07-16T14:43:54.6698178-04:00" endTime="2018-07-16T14:43:54.6698216-04:00" testType="13cdc9d9-ddb5-4fa4-a97d-d965ccfc6d4b" outcome="Passed" testListId="8c84fa94-04c1-424b-9868-57a2d4851a1d" relativeResultsDirectory="b3041960-cf54-4902-8369-29f593e80a62" /><UnitTestResult executionId="0728130e-5c2a-46ce-a17d-6ffb91a6cd80" testId="3efa68d1-7102-48f2-b6fb-813f94e2742b" testName="Patch_MultipleInvalidReferencePropertiesReturnsMultipleValidationErrorsAndBadRequest" computerName="LAMBDA" duration="00:00:00.0220000" startTime="2018-07-16T14:43:57.6880402-04:00" endTime="2018-07-16T14:43:57.6880453-04:00" testType="13cdc9d9-ddb5-4fa4-a97d-d965ccfc6d4b" outcome="Passed" testListId="8c84fa94-04c1-424b-9868-57a2d4851a1d" relativeResultsDirectory="0728130e-5c2a-46ce-a17d-6ffb91a6cd80" /><UnitTestResult executionId="74bfffd8-ba05-4f2d-bea7-afd738082afe" testId="0b5030a7-74ab-434a-b3a7-aaf8740fe9a5" testName="Post_ValidReferencePropertyCreatesModel" computerName="LAMBDA" duration="00:00:00.0170000" startTime="2018-07-16T14:43:56.6332423-04:00" endTime="2018-07-16T14:43:56.6332487-04:00" testType="13cdc9d9-ddb5-4fa4-a97d-d965ccfc6d4b" outcome="Passed" testListId="8c84fa94-04c1-424b-9868-57a2d4851a1d" relativeResultsDirectory="74bfffd8-ba05-4f2d-bea7-afd738082afe" /><UnitTestResult executionId="eb0d6f25-0e71-40ec-8b35-57d48c8ef5c0" testId="cb866ac1-06b0-49e6-8316-ae9024c84bc8" testName="Patch_InvalidIdPropertyReturnsNotFound" computerName="LAMBDA" duration="00:00:00.0050000" startTime="2018-07-16T14:43:57.8585248-04:00" endTime="2018-07-16T14:43:57.8585303-04:00" testType="13cdc9d9-ddb5-4fa4-a97d-d965ccfc6d4b" outcome="Passed" testListId="8c84fa94-04c1-424b-9868-57a2d4851a1d" relativeResultsDirectory="eb0d6f25-0e71-40ec-8b35-57d48c8ef5c0" /><UnitTestResult executionId="fb59c1a1-2565-415d-bd8c-c784c92ce40c" testId="dd7e5108-ba40-4d44-9d4d-c5f09516a5ab" testName="Patch_InvalidIdPropertyReturnsNotFound" computerName="LAMBDA" duration="00:00:00.0070000" startTime="2018-07-16T14:44:06.6946876-04:00" endTime="2018-07-16T14:44:06.6946940-04:00" testType="13cdc9d9-ddb5-4fa4-a97d-d965ccfc6d4b" outcome="Passed" testListId="8c84fa94-04c1-424b-9868-57a2d4851a1d" relativeResultsDirectory="fb59c1a1-2565-415d-bd8c-c784c92ce40c" /><UnitTestResult executionId="6d84e887-e8b4-4351-8dd2-d39fb1d1c125" testId="86160522-d5bb-4ab8-9c4f-1c126be34966" testName="Put_InvalidReferencePropertyReturndBadRequest" computerName="LAMBDA" duration="00:00:00.0020000" startTime="2018-07-16T14:43:55.9233461-04:00" endTime="2018-07-16T14:43:55.9233512-04:00" testType="13cdc9d9-ddb5-4fa4-a97d-d965ccfc6d4b" outcome="Passed" testListId="8c84fa94-04c1-424b-9868-57a2d4851a1d" relativeResultsDirectory="6d84e887-e8b4-4351-8dd2-d39fb1d1c125" /><UnitTestResult executionId="7c585b96-73a3-470b-9be5-b5af5339c6be" testId="4ac5f4b0-9f98-41fd-9d8c-3876ced5770a" testName="LucyDepthBufferFindsOneDependent" computerName="LAMBDA" duration="00:00:00.0060000" startTime="2018-07-16T14:43:54.6693658-04:00" endTime="2018-07-16T14:43:54.6693717-04:00" testType="13cdc9d9-ddb5-4fa4-a97d-d965ccfc6d4b" outcome="Passed" testListId="8c84fa94-04c1-424b-9868-57a2d4851a1d" relativeResultsDirectory="7c585b96-73a3-470b-9be5-b5af5339c6be" /><UnitTestResult executionId="d6d1bd5a-bfad-4d82-9e8f-dc60bdc7d0ad" testId="3f8a278d-37f1-47cb-875c-c4ea78b6e428" testName="GetFile_NonExistentFileReturnsNotFound" computerName="LAMBDA" duration="00:00:00.0080000" startTime="2018-07-16T14:43:57.3897990-04:00" endTime="2018-07-16T14:43:57.3898037-04:00" testType="13cdc9d9-ddb5-4fa4-a97d-d965ccfc6d4b" outcome="Passed" testListId="8c84fa94-04c1-424b-9868-57a2d4851a1d" relativeResultsDirectory="d6d1bd5a-bfad-4d82-9e8f-dc60bdc7d0ad" /><UnitTestResult executionId="4747ff1b-4812-4c55-8baf-ef4b4409beef" testId="1e931ab1-8259-4c2b-b09e-48cf0cfc07e0" testName="GetList_ListReturnsCorrectCount" computerName="LAMBDA" duration="00:00:00.0520000" startTime="2018-07-16T14:43:56.7100550-04:00" endTime="2018-07-16T14:43:56.7100597-04:00" testType="13cdc9d9-ddb5-4fa4-a97d-d965ccfc6d4b" outcome="Passed" testListId="8c84fa94-04c1-424b-9868-57a2d4851a1d" relativeResultsDirectory="4747ff1b-4812-4c55-8baf-ef4b4409beef" /><UnitTestResult executionId="0fc8002a-d3fe-4d67-aae1-a858dff5b34e" testId="60533c25-aeba-4472-bff8-3fa466f338a9" testName="Post_CanCreateNewModel" computerName="LAMBDA" duration="00:00:00.0160000" startTime="2018-07-16T14:44:00.5450671-04:00" endTime="2018-07-16T14:44:00.5450735-04:00" testType="13cdc9d9-ddb5-4fa4-a97d-d965ccfc6d4b" outcome="Passed" testListId="8c84fa94-04c1-424b-9868-57a2d4851a1d" relativeResultsDirectory="0fc8002a-d3fe-4d67-aae1-a858dff5b34e" /><UnitTestResult executionId="08773d03-44c8-479b-8842-e329298269a8" testId="1731c717-96b7-4ed6-abb0-d8786742359e" testName="Patch_TargetPropertyIsUpdated" computerName="LAMBDA" duration="00:00:00.0410000" startTime="2018-07-16T14:44:00.5283005-04:00" endTime="2018-07-16T14:44:00.5283073-04:00" testType="13cdc9d9-ddb5-4fa4-a97d-d965ccfc6d4b" outcome="Passed" testListId="8c84fa94-04c1-424b-9868-57a2d4851a1d" relativeResultsDirectory="08773d03-44c8-479b-8842-e329298269a8" /><UnitTestResult executionId="063498b9-e570-4d3b-96d7-6c4e70b3eb41" testId="37b52d5c-f3f0-4e28-9c71-9bd516ba1604" testName="FileRequest_FileCanBeReadAfterRename" computerName="LAMBDA" duration="00:00:00.1080000" startTime="2018-07-16T14:43:57.2523100-04:00" endTime="2018-07-16T14:43:57.2523152-04:00" testType="13cdc9d9-ddb5-4fa4-a97d-d965ccfc6d4b" outcome="Passed" testListId="8c84fa94-04c1-424b-9868-57a2d4851a1d" relativeResultsDirectory="063498b9-e570-4d3b-96d7-6c4e70b3eb41" /><UnitTestResult executionId="3c953afc-bec8-4cbd-999a-4e77e6d544c1" testId="69588451-e3c8-404c-8c5a-524fbb25c612" testName="GetSingle_ValidIdPropertyValueReturnsCorrectModel" computerName="LAMBDA" duration="00:00:00.0100000" startTime="2018-07-16T14:43:56.5294299-04:00" endTime="2018-07-16T14:43:56.5294354-04:00" testType="13cdc9d9-ddb5-4fa4-a97d-d965ccfc6d4b" outcome="Passed" testListId="8c84fa94-04c1-424b-9868-57a2d4851a1d" relativeResultsDirectory="3c953afc-bec8-4cbd-999a-4e77e6d544c1" /><UnitTestResult executionId="1f7a0926-e94b-4568-ad79-ea6aecc63a57" testId="a481eb29-efe8-45ea-a627-01694f290ebd" testName="Patch_MultipleInvalidReferencePropertiesReturnsMultipleValidationErrorsAndBadRequest" computerName="LAMBDA" duration="00:00:00.0240000" startTime="2018-07-16T14:43:56.6574458-04:00" endTime="2018-07-16T14:43:56.6574505-04:00" testType="13cdc9d9-ddb5-4fa4-a97d-d965ccfc6d4b" outcome="Passed" testListId="8c84fa94-04c1-424b-9868-57a2d4851a1d" relativeResultsDirectory="1f7a0926-e94b-4568-ad79-ea6aecc63a57" /><UnitTestResult executionId="83b97a6f-c802-45b3-af15-7b9352dd7be8" testId="8ef996ff-dbe2-4d53-9925-518ec14c700d" testName="Put_InvalidReferencePropertyReturndBadRequest" computerName="LAMBDA" duration="00:00:00.0280000" startTime="2018-07-16T14:44:00.7009879-04:00" endTime="2018-07-16T14:44:00.7009939-04:00" testType="13cdc9d9-ddb5-4fa4-a97d-d965ccfc6d4b" outcome="Passed" testListId="8c84fa94-04c1-424b-9868-57a2d4851a1d" relativeResultsDirectory="83b97a6f-c802-45b3-af15-7b9352dd7be8" /><UnitTestResult executionId="201814fd-b312-4531-b41c-f73deb70caac" testId="31908cb6-7565-49f5-982c-1b6c9e1b72cc" testName="Post_InvalidReferencePropertyReturnsBadRequest" computerName="LAMBDA" duration="00:00:00.0060000" startTime="2018-07-16T14:44:00.5943308-04:00" endTime="2018-07-16T14:44:00.5943376-04:00" testType="13cdc9d9-ddb5-4fa4-a97d-d965ccfc6d4b" outcome="Passed" testListId="8c84fa94-04c1-424b-9868-57a2d4851a1d" relativeResultsDirectory="201814fd-b312-4531-b41c-f73deb70caac" /><UnitTestResult executionId="7a94f168-5455-4b55-ab26-5377049d0f36" testId="a73d2dcf-7046-4392-b7b4-6def8bd0b7fd" testName="Patch_ValidReferencePropertyUpdatesModel" computerName="LAMBDA" duration="00:00:00.0620000" startTime="2018-07-16T14:44:09.4316578-04:00" endTime="2018-07-16T14:44:09.4316634-04:00" testType="13cdc9d9-ddb5-4fa4-a97d-d965ccfc6d4b" outcome="Passed" testListId="8c84fa94-04c1-424b-9868-57a2d4851a1d" relativeResultsDirectory="7a94f168-5455-4b55-ab26-5377049d0f36" /><UnitTestResult executionId="f0921a09-2fe8-4772-bcce-f2406eceb486" testId="ef382caa-154c-49d4-807c-e6a5aef9567d" testName="GetSingle_ValidIdPropertyValueReturnsCorrectModel" computerName="LAMBDA" duration="00:00:00.0060000" startTime="2018-07-16T14:43:58.0121212-04:00" endTime="2018-07-16T14:43:58.0121268-04:00" testType="13cdc9d9-ddb5-4fa4-a97d-d965ccfc6d4b" outcome="Passed" testListId="8c84fa94-04c1-424b-9868-57a2d4851a1d" relativeResultsDirectory="f0921a09-2fe8-4772-bcce-f2406eceb486" /><UnitTestResult executionId="b6ba5ed4-f860-4974-8140-4d1cfe8c107b" testId="c19304c1-28c6-4ed9-8efc-dca4dd4d1f5c" testName="GetList_ListReturnsCorrectCount" computerName="LAMBDA" duration="00:00:00.0360000" startTime="2018-07-16T14:43:57.7500519-04:00" endTime="2018-07-16T14:43:57.7500570-04:00" testType="13cdc9d9-ddb5-4fa4-a97d-d965ccfc6d4b" outcome="Passed" testListId="8c84fa94-04c1-424b-9868-57a2d4851a1d" relativeResultsDirectory="b6ba5ed4-f860-4974-8140-4d1cfe8c107b" /><UnitTestResult executionId="4789e437-d3ad-4894-a9f6-fd9c6f5047e7" testId="d8d1f1fc-71b9-438a-b7ee-d3aeebda3e7e" testName="GetList_ListReturnsCorrectCount" computerName="LAMBDA" duration="00:00:00.1510000" startTime="2018-07-16T14:44:06.4722217-04:00" endTime="2018-07-16T14:44:06.4722273-04:00" testType="13cdc9d9-ddb5-4fa4-a97d-d965ccfc6d4b" outcome="Passed" testListId="8c84fa94-04c1-424b-9868-57a2d4851a1d" relativeResultsDirectory="4789e437-d3ad-4894-a9f6-fd9c6f5047e7" /><UnitTestResult executionId="1c5e97ec-8745-4080-abe8-fd471f90944c" testId="1bfd4029-67be-41d0-a4fb-93e10868c245" testName="Patch_InvalidEnumPropertyValueReturnsBadRequest" computerName="LAMBDA" duration="00:00:00.0010000" startTime="2018-07-16T14:44:09.2168229-04:00" endTime="2018-07-16T14:44:09.2168259-04:00" testType="13cdc9d9-ddb5-4fa4-a97d-d965ccfc6d4b" outcome="Passed" testListId="8c84fa94-04c1-424b-9868-57a2d4851a1d" relativeResultsDirectory="1c5e97ec-8745-4080-abe8-fd471f90944c" /><UnitTestResult executionId="94cfbd3d-470e-4e72-8579-de475013be57" testId="f00db7ad-841b-484c-b6de-8e043833801b" testName="Put_CanUpdateModel" computerName="LAMBDA" duration="00:00:00.0430000" startTime="2018-07-16T14:43:57.9996803-04:00" endTime="2018-07-16T14:43:57.9996863-04:00" testType="13cdc9d9-ddb5-4fa4-a97d-d965ccfc6d4b" outcome="Passed" testListId="8c84fa94-04c1-424b-9868-57a2d4851a1d" relativeResultsDirectory="94cfbd3d-470e-4e72-8579-de475013be57" /><UnitTestResult executionId="06f82ef8-4080-4486-893e-520dc36f8b13" testId="0ad229de-d3b3-441b-a129-38557f95bf1c" testName="GetSingle_InvalidIdPropertyValueReturnsNotFound" computerName="LAMBDA" duration="00:00:00.0060000" startTime="2018-07-16T14:43:58.0059189-04:00" endTime="2018-07-16T14:43:58.0059232-04:00" testType="13cdc9d9-ddb5-4fa4-a97d-d965ccfc6d4b" outcome="Passed" testListId="8c84fa94-04c1-424b-9868-57a2d4851a1d" relativeResultsDirectory="06f82ef8-4080-4486-893e-520dc36f8b13" /><UnitTestResult executionId="33d44e7e-5719-45f9-83a6-66ec6d036945" testId="333641b9-62e5-495f-881e-b59b91e30297" testName="Post_ValidReferencePropertyCreatesModel" computerName="LAMBDA" duration="00:00:00.0200000" startTime="2018-07-16T14:44:00.6372745-04:00" endTime="2018-07-16T14:44:00.6372814-04:00" testType="13cdc9d9-ddb5-4fa4-a97d-d965ccfc6d4b" outcome="Passed" testListId="8c84fa94-04c1-424b-9868-57a2d4851a1d" relativeResultsDirectory="33d44e7e-5719-45f9-83a6-66ec6d036945" /><UnitTestResult executionId="310a7a4c-cd1e-4bc7-92b7-15ffec7bd34a" testId="dc84e61d-ba6c-48ff-aff2-df2b51e5bbc3" testName="Post_InvalidReferencePropertyReturnsBadRequest" computerName="LAMBDA" duration="00:00:00.0030000" startTime="2018-07-16T14:43:55.2691511-04:00" endTime="2018-07-16T14:43:55.2691571-04:00" testType="13cdc9d9-ddb5-4fa4-a97d-d965ccfc6d4b" outcome="Passed" testListId="8c84fa94-04c1-424b-9868-57a2d4851a1d" relativeResultsDirectory="310a7a4c-cd1e-4bc7-92b7-15ffec7bd34a" /><UnitTestResult executionId="75c8bb1b-9e44-41ec-9531-dd5dbb5dc5f5" testId="5b064b8f-dcae-40df-9524-b5a95018c479" testName="Patch_TargetPropertyIsUpdated" computerName="LAMBDA" duration="00:00:00.0600000" startTime="2018-07-16T14:44:06.7745175-04:00" endTime="2018-07-16T14:44:06.7745449-04:00" testType="13cdc9d9-ddb5-4fa4-a97d-d965ccfc6d4b" outcome="Passed" testListId="8c84fa94-04c1-424b-9868-57a2d4851a1d" relativeResultsDirectory="75c8bb1b-9e44-41ec-9531-dd5dbb5dc5f5" /><UnitTestResult executionId="3fa66242-9611-4528-a1f0-98c2e2d5356e" testId="b33cf410-479d-46e6-80e2-2a25778205e7" testName="Patch_InvalidEnumPropertyValueReturnsBadRequest" computerName="LAMBDA" duration="00:00:00.0010000" startTime="2018-07-16T14:43:57.8588438-04:00" endTime="2018-07-16T14:43:57.8588464-04:00" testType="13cdc9d9-ddb5-4fa4-a97d-d965ccfc6d4b" outcome="Passed" testListId="8c84fa94-04c1-424b-9868-57a2d4851a1d" relativeResultsDirectory="3fa66242-9611-4528-a1f0-98c2e2d5356e" /><UnitTestResult executionId="5b2d9762-1f07-4338-9eb7-2b3d708d2d6e" testId="a5ceb3a4-247f-48d1-bca9-f386f0ea7b5c" testName="Put_CanUpdateModel" computerName="LAMBDA" duration="00:00:00.0890000" startTime="2018-07-16T14:43:56.4427110-04:00" endTime="2018-07-16T14:43:56.4427161-04:00" testType="13cdc9d9-ddb5-4fa4-a97d-d965ccfc6d4b" outcome="Passed" testListId="8c84fa94-04c1-424b-9868-57a2d4851a1d" relativeResultsDirectory="5b2d9762-1f07-4338-9eb7-2b3d708d2d6e" /><UnitTestResult executionId="7944360a-7a73-4ce9-82da-7c3403927b46" testId="2248c103-fb33-4c0a-8037-89c985ff7733" testName="MeshTransformHasExpectedDependentFiles" computerName="LAMBDA" duration="00:00:00.0010000" startTime="2018-07-16T14:43:54.6626648-04:00" endTime="2018-07-16T14:43:54.6626678-04:00" testType="13cdc9d9-ddb5-4fa4-a97d-d965ccfc6d4b" outcome="Passed" testListId="8c84fa94-04c1-424b-9868-57a2d4851a1d" relativeResultsDirectory="7944360a-7a73-4ce9-82da-7c3403927b46" /><UnitTestResult executionId="58a95654-ff62-4f2f-a806-15a91230a6f3" testId="440b9501-cf00-40e4-997e-ce0fc1c0b470" testName="Patch_InvalidReferencePropertyReturnsBadRequest" computerName="LAMBDA" duration="00:00:00.0110000" startTime="2018-07-16T14:44:09.4432224-04:00" endTime="2018-07-16T14:44:09.4432288-04:00" testType="13cdc9d9-ddb5-4fa4-a97d-d965ccfc6d4b" outcome="Passed" testListId="8c84fa94-04c1-424b-9868-57a2d4851a1d" relativeResultsDirectory="58a95654-ff62-4f2f-a806-15a91230a6f3" /><UnitTestResult executionId="5f7b9514-2189-49e2-951c-edc35016a7fa" testId="8ed8ddb1-0e55-4b4b-b684-4a077586bba7" testName="PostFile_FileTimeStampIsUpdatedAfterFileIsPosted" computerName="LAMBDA" duration="00:00:00.0010000" startTime="2018-07-16T14:43:56.7979919-04:00" endTime="2018-07-16T14:43:56.7979954-04:00" testType="13cdc9d9-ddb5-4fa4-a97d-d965ccfc6d4b" outcome="Passed" testListId="8c84fa94-04c1-424b-9868-57a2d4851a1d" relativeResultsDirectory="5f7b9514-2189-49e2-951c-edc35016a7fa" /><UnitTestResult executionId="dd15765a-0c36-48d0-a9f5-75f0792ec803" testId="95a4d293-add4-4f69-894c-49c45fadf39d" testName="FileRequest_FileCanBeReadAfterRename" computerName="LAMBDA" duration="00:00:00.0980000" startTime="2018-07-16T14:44:05.3324359-04:00" endTime="2018-07-16T14:44:05.3324406-04:00" testType="13cdc9d9-ddb5-4fa4-a97d-d965ccfc6d4b" outcome="Passed" testListId="8c84fa94-04c1-424b-9868-57a2d4851a1d" relativeResultsDirectory="dd15765a-0c36-48d0-a9f5-75f0792ec803" /><UnitTestResult executionId="000bd896-4e12-4acd-9019-5824a6019c14" testId="155426ae-671c-4afc-9be4-76c1e5b50883" testName="Patch_InvalidEnumPropertyValueReturnsBadRequest" computerName="LAMBDA" duration="00:00:00.0220000" startTime="2018-07-16T14:44:06.3211634-04:00" endTime="2018-07-16T14:44:06.3211676-04:00" testType="13cdc9d9-ddb5-4fa4-a97d-d965ccfc6d4b" outcome="Passed" testListId="8c84fa94-04c1-424b-9868-57a2d4851a1d" relativeResultsDirectory="000bd896-4e12-4acd-9019-5824a6019c14" /><UnitTestResult executionId="59ade8cc-3591-4458-a7b4-ea66868f9fab" testId="b80262ae-7ec5-45c0-8bb8-deae4b65752e" testName="Patch_InvalidEnumPropertyValueReturnsBadRequest" computerName="LAMBDA" duration="00:00:00.0060000" startTime="2018-07-16T14:43:56.7165737-04:00" endTime="2018-07-16T14:43:56.7165801-04:00" testType="13cdc9d9-ddb5-4fa4-a97d-d965ccfc6d4b" outcome="Passed" testListId="8c84fa94-04c1-424b-9868-57a2d4851a1d" relativeResultsDirectory="59ade8cc-3591-4458-a7b4-ea66868f9fab" /><UnitTestResult executionId="5324023d-775a-4d77-aed5-53af68f3ece3" testId="18750a2d-c9d5-470d-ab0c-1199cad54826" testName="Post_InvalidPropertyValueReturnsBadRequest" computerName="LAMBDA" duration="00:00:00.0040000" startTime="2018-07-16T14:44:00.7051571-04:00" endTime="2018-07-16T14:44:00.7051614-04:00" testType="13cdc9d9-ddb5-4fa4-a97d-d965ccfc6d4b" outcome="Passed" testListId="8c84fa94-04c1-424b-9868-57a2d4851a1d" relativeResultsDirectory="5324023d-775a-4d77-aed5-53af68f3ece3" /><UnitTestResult executionId="c97af2c9-b2ef-4c04-a2d9-0a81129f7f87" testId="3e31fc85-8b89-45da-8ac0-96f9802c9899" testName="Delete_TargetModelIsDeleted" computerName="LAMBDA" duration="00:00:00.0230000" startTime="2018-07-16T14:44:00.6609495-04:00" endTime="2018-07-16T14:44:00.6609547-04:00" testType="13cdc9d9-ddb5-4fa4-a97d-d965ccfc6d4b" outcome="Passed" testListId="8c84fa94-04c1-424b-9868-57a2d4851a1d" relativeResultsDirectory="c97af2c9-b2ef-4c04-a2d9-0a81129f7f87" /><UnitTestResult executionId="b409d13f-915b-44f5-9b3c-8e22a9666ae2" testId="bcc78d5a-b124-4bce-a6d8-3757864b73d6" testName="GetSingle_ValidIdPropertyValueReturnsCorrectModel" computerName="LAMBDA" duration="00:00:00.0090000" startTime="2018-07-16T14:44:07.0293356-04:00" endTime="2018-07-16T14:44:07.0293403-04:00" testType="13cdc9d9-ddb5-4fa4-a97d-d965ccfc6d4b" outcome="Passed" testListId="8c84fa94-04c1-424b-9868-57a2d4851a1d" relativeResultsDirectory="b409d13f-915b-44f5-9b3c-8e22a9666ae2" /><UnitTestResult executionId="2ce5cf81-9f61-4119-bd9a-5a71b6d57ccf" testId="f08baf70-5c40-480e-87b8-9e830a3a3cb0" testName="PutFile_FileCanBeUpdated" computerName="LAMBDA" duration="00:00:00.1460000" startTime="2018-07-16T14:44:08.4384245-04:00" endTime="2018-07-16T14:44:08.4384292-04:00" testType="13cdc9d9-ddb5-4fa4-a97d-d965ccfc6d4b" outcome="Passed" testListId="8c84fa94-04c1-424b-9868-57a2d4851a1d" relativeResultsDirectory="2ce5cf81-9f61-4119-bd9a-5a71b6d57ccf" /><UnitTestResult executionId="a53d2acc-38ef-4e41-b95c-ba8fcb1b552d" testId="2b158b54-8801-4da6-85c0-f3e1b1ec36e0" testName="PutFile_FileCanBeUpdated" computerName="LAMBDA" duration="00:00:00.1010000" startTime="2018-07-16T14:44:02.7254707-04:00" endTime="2018-07-16T14:44:02.7254754-04:00" testType="13cdc9d9-ddb5-4fa4-a97d-d965ccfc6d4b" outcome="Passed" testListId="8c84fa94-04c1-424b-9868-57a2d4851a1d" relativeResultsDirectory="a53d2acc-38ef-4e41-b95c-ba8fcb1b552d" /><UnitTestResult executionId="61f44462-0ace-46a1-82cd-fa2f6c428a9a" testId="894fe286-1aef-4269-85b9-74cd82ca2264" testName="Post_InvalidPropertyValueReturnsBadRequest" computerName="LAMBDA" duration="00:00:00.0090000" startTime="2018-07-16T14:43:55.9416356-04:00" endTime="2018-07-16T14:43:55.9416420-04:00" testType="13cdc9d9-ddb5-4fa4-a97d-d965ccfc6d4b" outcome="Passed" testListId="8c84fa94-04c1-424b-9868-57a2d4851a1d" relativeResultsDirectory="61f44462-0ace-46a1-82cd-fa2f6c428a9a" /><UnitTestResult executionId="346eb81e-b326-450d-8d12-3bc2a672858c" testId="70561fcc-ba83-49f6-876a-134546b08494" testName="GetList_ListReturnsCorrectCount" computerName="LAMBDA" duration="00:00:00.0730000" startTime="2018-07-16T14:43:55.9193728-04:00" endTime="2018-07-16T14:43:55.9193788-04:00" testType="13cdc9d9-ddb5-4fa4-a97d-d965ccfc6d4b" outcome="Passed" testListId="8c84fa94-04c1-424b-9868-57a2d4851a1d" relativeResultsDirectory="346eb81e-b326-450d-8d12-3bc2a672858c" /><UnitTestResult executionId="4c471737-b325-474a-8e08-19f320025b78" testId="082a78c7-5c7f-419c-aeed-f9400a642a71" testName="PostFile_FileIsSynchronizedIsUpdatedAfterFileIsPosted" computerName="LAMBDA" duration="00:00:00.0780000" startTime="2018-07-16T14:44:05.2341480-04:00" endTime="2018-07-16T14:44:05.2341523-04:00" testType="13cdc9d9-ddb5-4fa4-a97d-d965ccfc6d4b" outcome="Passed" testListId="8c84fa94-04c1-424b-9868-57a2d4851a1d" relativeResultsDirectory="4c471737-b325-474a-8e08-19f320025b78" /><UnitTestResult executionId="1aee5f30-0d26-4be0-934b-308ffa51c10d" testId="64e4cee4-e6af-4244-ac6d-1b3c88fa77c3" testName="Patch_InvalidPropertyNameReturnsBadRequest" computerName="LAMBDA" duration="00:00:00.0080000" startTime="2018-07-16T14:44:06.4805494-04:00" endTime="2018-07-16T14:44:06.4805558-04:00" testType="13cdc9d9-ddb5-4fa4-a97d-d965ccfc6d4b" outcome="Passed" testListId="8c84fa94-04c1-424b-9868-57a2d4851a1d" relativeResultsDirectory="1aee5f30-0d26-4be0-934b-308ffa51c10d" /><UnitTestResult executionId="0e9da382-6785-4426-9dd7-1b53ac3c9a2f" testId="3eb76d08-8256-4a95-bcc3-5328a0260460" testName="GetSingle_ValidIdPropertyValueReturnsCorrectModel" computerName="LAMBDA" duration="00:00:00.0060000" startTime="2018-07-16T14:44:09.1288286-04:00" endTime="2018-07-16T14:44:09.1288333-04:00" testType="13cdc9d9-ddb5-4fa4-a97d-d965ccfc6d4b" outcome="Passed" testListId="8c84fa94-04c1-424b-9868-57a2d4851a1d" relativeResultsDirectory="0e9da382-6785-4426-9dd7-1b53ac3c9a2f" /><UnitTestResult executionId="91b1ca05-cc0c-45a3-b211-32e76aca6ce1" testId="a0b6a4cb-a825-45f4-9a3a-e5487c04f883" testName="Put_ValidReferencePropertyUpdatesModel" computerName="LAMBDA" duration="00:00:00.2010000" startTime="2018-07-16T14:44:06.9766426-04:00" endTime="2018-07-16T14:44:06.9766486-04:00" testType="13cdc9d9-ddb5-4fa4-a97d-d965ccfc6d4b" outcome="Passed" testListId="8c84fa94-04c1-424b-9868-57a2d4851a1d" relativeResultsDirectory="91b1ca05-cc0c-45a3-b211-32e76aca6ce1" /><UnitTestResult executionId="4ecc19b5-733b-4a11-8a24-2025cf2a79f8" testId="47420a9a-dcb5-409c-ba6c-1a61489d264a" testName="PutFile_FileCanBeUpdated" computerName="LAMBDA" duration="00:00:00.1340000" startTime="2018-07-16T14:43:57.0558275-04:00" endTime="2018-07-16T14:43:57.0558335-04:00" testType="13cdc9d9-ddb5-4fa4-a97d-d965ccfc6d4b" outcome="Passed" testListId="8c84fa94-04c1-424b-9868-57a2d4851a1d" relativeResultsDirectory="4ecc19b5-733b-4a11-8a24-2025cf2a79f8" /><UnitTestResult executionId="b4a90e50-4fab-42c7-b04a-d1d0f539e72f" testId="ab2900c9-4681-4351-a6f6-63665a448780" testName="Put_InvalidIdReturnsNotFound" computerName="LAMBDA" duration="00:00:00.0140000" startTime="2018-07-16T14:44:07.0438408-04:00" endTime="2018-07-16T14:44:07.0438463-04:00" testType="13cdc9d9-ddb5-4fa4-a97d-d965ccfc6d4b" outcome="Passed" testListId="8c84fa94-04c1-424b-9868-57a2d4851a1d" relativeResultsDirectory="b4a90e50-4fab-42c7-b04a-d1d0f539e72f" /><UnitTestResult executionId="ab41116d-2253-4696-aa8c-482056c384d3" testId="99530125-94df-44e2-b98f-69d03ea9aec1" testName="Model3dHasExpectedDependentFiles" computerName="LAMBDA" duration="00:00:00.0470000" startTime="2018-07-16T14:43:53.0662367-04:00" endTime="2018-07-16T14:43:53.0662426-04:00" testType="13cdc9d9-ddb5-4fa4-a97d-d965ccfc6d4b" outcome="Passed" testListId="8c84fa94-04c1-424b-9868-57a2d4851a1d" relativeResultsDirectory="ab41116d-2253-4696-aa8c-482056c384d3" /><UnitTestResult executionId="ac7ca5ba-5a6e-4c13-b54e-3014634096c9" testId="0de8df5c-1379-4906-a426-b1f7665f2dd8" testName="GetFile_ExistingFileReturnsSuccess" computerName="LAMBDA" duration="00:00:00.0210000" startTime="2018-07-16T14:44:02.7468697-04:00" endTime="2018-07-16T14:44:02.7468765-04:00" testType="13cdc9d9-ddb5-4fa4-a97d-d965ccfc6d4b" outcome="Passed" testListId="8c84fa94-04c1-424b-9868-57a2d4851a1d" relativeResultsDirectory="ac7ca5ba-5a6e-4c13-b54e-3014634096c9" /><UnitTestResult executionId="2d2164a2-603f-4c1b-9c9f-59a90f97b6f4" testId="cbc5a417-8476-4d80-95cb-3125acf3005d" testName="Patch_TargetPropertyIsUpdated" computerName="LAMBDA" duration="00:00:00.0500000" startTime="2018-07-16T14:43:57.9560112-04:00" endTime="2018-07-16T14:43:57.9560167-04:00" testType="13cdc9d9-ddb5-4fa4-a97d-d965ccfc6d4b" outcome="Passed" testListId="8c84fa94-04c1-424b-9868-57a2d4851a1d" relativeResultsDirectory="2d2164a2-603f-4c1b-9c9f-59a90f97b6f4" /><UnitTestResult executionId="7eca7a1c-90db-492e-baad-0fe58743e491" testId="a47631ca-df5e-43be-8a66-b10c3b03f9df" testName="Put_ValidReferencePropertyUpdatesModel" computerName="LAMBDA" duration="00:00:00.0710000" startTime="2018-07-16T14:43:57.8213919-04:00" endTime="2018-07-16T14:43:57.8213975-04:00" testType="13cdc9d9-ddb5-4fa4-a97d-d965ccfc6d4b" outcome="Passed" testListId="8c84fa94-04c1-424b-9868-57a2d4851a1d" relativeResultsDirectory="7eca7a1c-90db-492e-baad-0fe58743e491" /><UnitTestResult executionId="6c6f0dc1-c01f-4533-9a11-28925f98530b" testId="d983709c-ee50-424a-9aa8-714e73df527d" testName="Patch_ValidReferencePropertyUpdatesModel" computerName="LAMBDA" duration="00:00:00.0470000" startTime="2018-07-16T14:43:57.9060141-04:00" endTime="2018-07-16T14:43:57.9060192-04:00" testType="13cdc9d9-ddb5-4fa4-a97d-d965ccfc6d4b" outcome="Passed" testListId="8c84fa94-04c1-424b-9868-57a2d4851a1d" relativeResultsDirectory="6c6f0dc1-c01f-4533-9a11-28925f98530b" /><UnitTestResult executionId="a1bc5a3a-cbdf-438b-84c4-dfc5dd150c2c" testId="4878feb8-90e4-4b34-956f-23896abfad6a" testName="Put_InvalidReferencePropertyReturndBadRequest" computerName="LAMBDA" duration="00:00:00.1830000" startTime="2018-07-16T14:44:06.6635998-04:00" endTime="2018-07-16T14:44:06.6636045-04:00" testType="13cdc9d9-ddb5-4fa4-a97d-d965ccfc6d4b" outcome="Passed" testListId="8c84fa94-04c1-424b-9868-57a2d4851a1d" relativeResultsDirectory="a1bc5a3a-cbdf-438b-84c4-dfc5dd150c2c" /><UnitTestResult executionId="f4e4163d-6d79-445d-9d9c-bcfa66354096" testId="e3308700-2edb-4a53-ae64-1ea939ed7bc4" testName="Put_InvalidIdReturnsNotFound" computerName="LAMBDA" duration="00:00:00.0310000" startTime="2018-07-16T14:43:55.7826870-04:00" endTime="2018-07-16T14:43:55.7826930-04:00" testType="13cdc9d9-ddb5-4fa4-a97d-d965ccfc6d4b" outcome="Passed" testListId="8c84fa94-04c1-424b-9868-57a2d4851a1d" relativeResultsDirectory="f4e4163d-6d79-445d-9d9c-bcfa66354096" /><UnitTestResult executionId="60506ab8-0870-4f67-ae42-6bcab913193a" testId="cfa7e326-ca93-4480-9242-851942d15686" testName="Patch_InvalidPropertyNameReturnsBadRequest" computerName="LAMBDA" duration="00:00:00.0270000" startTime="2018-07-16T14:43:57.5605735-04:00" endTime="2018-07-16T14:43:57.5605790-04:00" testType="13cdc9d9-ddb5-4fa4-a97d-d965ccfc6d4b" outcome="Passed" testListId="8c84fa94-04c1-424b-9868-57a2d4851a1d" relativeResultsDirectory="60506ab8-0870-4f67-ae42-6bcab913193a" /><UnitTestResult executionId="cf0d5aef-f4ff-4a1c-b22b-99906890ac11" testId="f8e76d71-19ca-4ccf-888d-f04456fa8945" testName="GetSingle_InvalidIdPropertyValueReturnsNotFound" computerName="LAMBDA" duration="00:00:00.0050000" startTime="2018-07-16T14:44:09.2217691-04:00" endTime="2018-07-16T14:44:09.2217746-04:00" testType="13cdc9d9-ddb5-4fa4-a97d-d965ccfc6d4b" outcome="Passed" testListId="8c84fa94-04c1-424b-9868-57a2d4851a1d" relativeResultsDirectory="cf0d5aef-f4ff-4a1c-b22b-99906890ac11" /><UnitTestResult executionId="8a224406-d3ab-4ed0-9999-114a1a2c86b3" testId="00e9ac84-1edd-4a4e-82d1-76aba3e6385f" testName="FileRequest_FileCanBeReadAfterRename" computerName="LAMBDA" duration="00:00:00.1080000" startTime="2018-07-16T14:44:08.5467443-04:00" endTime="2018-07-16T14:44:08.5467503-04:00" testType="13cdc9d9-ddb5-4fa4-a97d-d965ccfc6d4b" outcome="Passed" testListId="8c84fa94-04c1-424b-9868-57a2d4851a1d" relativeResultsDirectory="8a224406-d3ab-4ed0-9999-114a1a2c86b3" /><UnitTestResult executionId="a209b97c-3b96-46ed-8301-539798225d60" testId="df227f70-4114-471b-9243-11f100215cbe" testName="GetSingle_ValidIdPropertyValueReturnsCorrectModel" computerName="LAMBDA" duration="00:00:00.0110000" startTime="2018-07-16T14:44:00.6723230-04:00" endTime="2018-07-16T14:44:00.6723294-04:00" testType="13cdc9d9-ddb5-4fa4-a97d-d965ccfc6d4b" outcome="Passed" testListId="8c84fa94-04c1-424b-9868-57a2d4851a1d" relativeResultsDirectory="a209b97c-3b96-46ed-8301-539798225d60" /><UnitTestResult executionId="91dca96c-1e91-4641-beb2-ddea00e5d258" testId="8fe7d9d6-7bfb-4447-9923-02e42db83428" testName="CameraHasExpectedDependentFiles" computerName="LAMBDA" duration="00:00:00.0010000" startTime="2018-07-16T14:43:54.6618139-04:00" endTime="2018-07-16T14:43:54.6618168-04:00" testType="13cdc9d9-ddb5-4fa4-a97d-d965ccfc6d4b" outcome="Passed" testListId="8c84fa94-04c1-424b-9868-57a2d4851a1d" relativeResultsDirectory="91dca96c-1e91-4641-beb2-ddea00e5d258" /><UnitTestResult executionId="e9b28df6-1a3d-4ce1-a36b-456fcf5f7061" testId="a3c9f9a5-9e64-4fdb-ae7f-287d68712c8f" testName="Patch_InvalidReferencePropertyReturnsBadRequest" computerName="LAMBDA" duration="00:00:00.0120000" startTime="2018-07-16T14:43:57.7134792-04:00" endTime="2018-07-16T14:43:57.7134857-04:00" testType="13cdc9d9-ddb5-4fa4-a97d-d965ccfc6d4b" outcome="Passed" testListId="8c84fa94-04c1-424b-9868-57a2d4851a1d" relativeResultsDirectory="e9b28df6-1a3d-4ce1-a36b-456fcf5f7061" /><UnitTestResult executionId="f36557fe-c9fd-4711-ba73-4249303ef3a6" testId="a372748e-5905-461d-bfdb-e558ff8f3a71" testName="GetFile_NonExistentFileReturnsNotFound" computerName="LAMBDA" duration="00:00:00.0150000" startTime="2018-07-16T14:44:00.7206673-04:00" endTime="2018-07-16T14:44:00.7206728-04:00" testType="13cdc9d9-ddb5-4fa4-a97d-d965ccfc6d4b" outcome="Passed" testListId="8c84fa94-04c1-424b-9868-57a2d4851a1d" relativeResultsDirectory="f36557fe-c9fd-4711-ba73-4249303ef3a6" /><UnitTestResult executionId="492482b0-36ec-4715-9be7-c1787714a267" testId="7505098b-dff5-48ab-ba9f-de0afac3248c" testName="Patch_ValidReferencePropertyUpdatesModel" computerName="LAMBDA" duration="00:00:00.0450000" startTime="2018-07-16T14:43:56.5750692-04:00" endTime="2018-07-16T14:43:56.5750744-04:00" testType="13cdc9d9-ddb5-4fa4-a97d-d965ccfc6d4b" outcome="Passed" testListId="8c84fa94-04c1-424b-9868-57a2d4851a1d" relativeResultsDirectory="492482b0-36ec-4715-9be7-c1787714a267" /><UnitTestResult executionId="9c53ea2d-19bd-4ba2-929f-2dd65a0ba3c8" testId="3ba459b2-6b31-4ea1-8eab-1dbbf802db63" testName="Put_InvalidReferencePropertyReturndBadRequest" computerName="LAMBDA" duration="00:00:00.0210000" startTime="2018-07-16T14:43:56.7966457-04:00" endTime="2018-07-16T14:43:56.7966530-04:00" testType="13cdc9d9-ddb5-4fa4-a97d-d965ccfc6d4b" outcome="Passed" testListId="8c84fa94-04c1-424b-9868-57a2d4851a1d" relativeResultsDirectory="9c53ea2d-19bd-4ba2-929f-2dd65a0ba3c8" /><UnitTestResult executionId="552a4e37-4986-490d-a495-ae30438b3cc6" testId="79e064ec-1c9e-4633-8fb6-dfd3d588e7b7" testName="PostFile_NewFileCanBePosted" computerName="LAMBDA" duration="00:00:00.0610000" startTime="2018-07-16T14:44:03.9710301-04:00" endTime="2018-07-16T14:44:03.9710343-04:00" testType="13cdc9d9-ddb5-4fa4-a97d-d965ccfc6d4b" outcome="Passed" testListId="8c84fa94-04c1-424b-9868-57a2d4851a1d" relativeResultsDirectory="552a4e37-4986-490d-a495-ae30438b3cc6" /><UnitTestResult executionId="b24a6f1c-e989-4e6b-bf46-fdbad3ff7fef" testId="f882d35d-7bbc-450f-ad44-04e700fae228" testName="Delete_TargetModelIsDeleted" computerName="LAMBDA" duration="00:00:00.1050000" startTime="2018-07-16T14:43:57.6656033-04:00" endTime="2018-07-16T14:43:57.6656093-04:00" testType="13cdc9d9-ddb5-4fa4-a97d-d965ccfc6d4b" outcome="Passed" testListId="8c84fa94-04c1-424b-9868-57a2d4851a1d" relativeResultsDirectory="b24a6f1c-e989-4e6b-bf46-fdbad3ff7fef" /><UnitTestResult executionId="a80d2eb4-2f33-4868-a4e6-102ca08e2001" testId="3c39abbe-0648-4e61-9a9b-8962a6e61c4e" testName="Patch_TargetPropertyIsUpdated" computerName="LAMBDA" duration="00:00:00.3380000" startTime="2018-07-16T14:43:56.3530775-04:00" endTime="2018-07-16T14:43:56.3530830-04:00" testType="13cdc9d9-ddb5-4fa4-a97d-d965ccfc6d4b" outcome="Passed" testListId="8c84fa94-04c1-424b-9868-57a2d4851a1d" relativeResultsDirectory="a80d2eb4-2f33-4868-a4e6-102ca08e2001" /><UnitTestResult executionId="3e6e6f72-8f11-45b1-a7a4-2dd1aac8132e" testId="bd8ca31b-f337-40a7-ac2e-9fd1c83b4eab" testName="Post_ValidReferencePropertyCreatesModel" computerName="LAMBDA" duration="00:00:00.0140000" startTime="2018-07-16T14:43:57.8393611-04:00" endTime="2018-07-16T14:43:57.8393662-04:00" testType="13cdc9d9-ddb5-4fa4-a97d-d965ccfc6d4b" outcome="Passed" testListId="8c84fa94-04c1-424b-9868-57a2d4851a1d" relativeResultsDirectory="3e6e6f72-8f11-45b1-a7a4-2dd1aac8132e" /><UnitTestResult executionId="65e32a08-db7b-4c63-8034-3b018f9aa013" testId="a81b3445-b18f-4b8e-8981-acd76b606a4d" testName="Patch_InvalidReferencePropertyReturnsBadRequest" computerName="LAMBDA" duration="00:00:00.0180000" startTime="2018-07-16T14:43:56.7565808-04:00" endTime="2018-07-16T14:43:56.7565855-04:00" testType="13cdc9d9-ddb5-4fa4-a97d-d965ccfc6d4b" outcome="Passed" testListId="8c84fa94-04c1-424b-9868-57a2d4851a1d" relativeResultsDirectory="65e32a08-db7b-4c63-8034-3b018f9aa013" /><UnitTestResult executionId="a33d698b-faeb-4423-995e-e4bd3fefbcea" testId="d8b7a480-d7e6-4ec2-a749-9a530e7e48df" testName="Put_InvalidIdReturnsNotFound" computerName="LAMBDA" duration="00:00:00.0540000" startTime="2018-07-16T14:43:56.5089307-04:00" endTime="2018-07-16T14:43:56.5089363-04:00" testType="13cdc9d9-ddb5-4fa4-a97d-d965ccfc6d4b" outcome="Passed" testListId="8c84fa94-04c1-424b-9868-57a2d4851a1d" relativeResultsDirectory="a33d698b-faeb-4423-995e-e4bd3fefbcea" /><UnitTestResult executionId="24eec9e8-4ae3-4542-b88d-c177a30f2a50" testId="6bdd5617-976c-4100-a6a6-3b8d053063bd" testName="Post_CanCreateNewModel" computerName="LAMBDA" duration="00:00:00.0210000" startTime="2018-07-16T14:43:56.7383499-04:00" endTime="2018-07-16T14:43:56.7383555-04:00" testType="13cdc9d9-ddb5-4fa4-a97d-d965ccfc6d4b" outcome="Passed" testListId="8c84fa94-04c1-424b-9868-57a2d4851a1d" relativeResultsDirectory="24eec9e8-4ae3-4542-b88d-c177a30f2a50" /><UnitTestResult executionId="c5fcfe6b-c2b7-49ec-81f7-1443b6368b87" testId="225df218-8be1-47c7-8c00-4f4b33d29eda" testName="GetFile_ExistingFileReturnsSuccess" computerName="LAMBDA" duration="00:00:00.0880000" startTime="2018-07-16T14:43:57.1442422-04:00" endTime="2018-07-16T14:43:57.1442464-04:00" testType="13cdc9d9-ddb5-4fa4-a97d-d965ccfc6d4b" outcome="Passed" testListId="8c84fa94-04c1-424b-9868-57a2d4851a1d" relativeResultsDirectory="c5fcfe6b-c2b7-49ec-81f7-1443b6368b87" /><UnitTestResult executionId="755cc519-fe37-4faf-a4f5-361b02bde05f" testId="9bf4f7e7-34f0-4673-9b6d-e60dbef14897" testName="FileRequest_MeshGenerateSetsFileIsSynchronized" computerName="LAMBDA" duration="00:00:01.1740000" startTime="2018-07-16T14:44:05.1718682-04:00" endTime="2018-07-16T14:44:05.1718733-04:00" testType="13cdc9d9-ddb5-4fa4-a97d-d965ccfc6d4b" outcome="Failed" testListId="8c84fa94-04c1-424b-9868-57a2d4851a1d" relativeResultsDirectory="755cc519-fe37-4faf-a4f5-361b02bde05f"><Output><ErrorInfo><Message>Expected meshModel.FileIsSynchronized to be true, but found False.</Message><StackTrace>   at FluentAssertions.Execution.XUnit2TestFramework.Throw(String message) in C:\projects\fluentassertions-vf06b\Src\FluentAssertions\Execution\XUnit2TestFramework.cs:line 32&#xD;
   at FluentAssertions.Execution.AssertionScope.FailWith(String message, Object[] args) in C:\projects\fluentassertions-vf06b\Src\FluentAssertions\Execution\AssertionScope.cs:line 225&#xD;
   at FluentAssertions.Primitives.BooleanAssertions.BeTrue(String because, Object[] becauseArgs) in C:\projects\fluentassertions-vf06b\Src\FluentAssertions\Primitives\BooleanAssertions.cs:line 60&#xD;
   at ModelRelief.Test.Integration.Meshes.MeshesFileIntegrationTests.&lt;FileRequest_MeshGenerateSetsFileIsSynchronized&gt;d__5.MoveNext() in d:\Github\ModelRelief\ModelRelief.test\Integration\File\Meshes\MeshesFileIntegrationTests.cs:line 192&#xD;
--- End of stack trace from previous location where exception was thrown ---&#xD;
   at System.Runtime.ExceptionServices.ExceptionDispatchInfo.Throw()&#xD;
   at ModelRelief.Test.Integration.Meshes.MeshesFileIntegrationTests.&lt;FileRequest_MeshGenerateSetsFileIsSynchronized&gt;d__5.MoveNext() in d:\Github\ModelRelief\ModelRelief.test\Integration\File\Meshes\MeshesFileIntegrationTests.cs:line 198&#xD;
--- End of stack trace from previous location where exception was thrown ---&#xD;
   at System.Runtime.ExceptionServices.ExceptionDispatchInfo.Throw()&#xD;
   at System.Runtime.CompilerServices.TaskAwaiter.HandleNonSuccessAndDebuggerNotification(Task task)&#xD;
--- End of stack trace from previous location where exception was thrown ---&#xD;
   at System.Runtime.ExceptionServices.ExceptionDispatchInfo.Throw()&#xD;
   at System.Runtime.CompilerServices.TaskAwaiter.HandleNonSuccessAndDebuggerNotification(Task task)&#xD;
--- End of stack trace from previous location where exception was thrown ---&#xD;
   at System.Runtime.ExceptionServices.ExceptionDispatchInfo.Throw()&#xD;
   at System.Runtime.CompilerServices.TaskAwaiter.HandleNonSuccessAndDebuggerNotification(Task task)</StackTrace></ErrorInfo></Output></UnitTestResult><UnitTestResult executionId="40fe33ca-e64a-4890-897c-ba544a47818f" testId="a854bb49-313b-40a8-ab68-ce3a64dbf626" testName="Patch_TargetPropertyIsUpdated" computerName="LAMBDA" duration="00:00:00.1060000" startTime="2018-07-16T14:43:55.7335038-04:00" endTime="2018-07-16T14:43:55.7335102-04:00" testType="13cdc9d9-ddb5-4fa4-a97d-d965ccfc6d4b" outcome="Passed" testListId="8c84fa94-04c1-424b-9868-57a2d4851a1d" relativeResultsDirectory="40fe33ca-e64a-4890-897c-ba544a47818f" /><UnitTestResult executionId="f5507a4a-87f5-467d-baf7-f80bfffdef42" testId="18f6809f-93b4-4066-ba24-a84677201f6f" testName="Post_InvalidPropertyValueReturnsBadRequest" computerName="LAMBDA" duration="00:00:00.0030000" startTime="2018-07-16T14:44:07.0469148-04:00" endTime="2018-07-16T14:44:07.0469203-04:00" testType="13cdc9d9-ddb5-4fa4-a97d-d965ccfc6d4b" outcome="Passed" testListId="8c84fa94-04c1-424b-9868-57a2d4851a1d" relativeResultsDirectory="f5507a4a-87f5-467d-baf7-f80bfffdef42" /><UnitTestResult executionId="78c6a71b-3fc5-4843-95ac-e634bb785240" testId="8078d060-c6d0-4f98-97d6-1eede2899c05" testName="FileRequest_MeshGenerateScalesDepthBufferByUnsharpHighFrequencyScale" computerName="LAMBDA" duration="00:00:00.9580000" startTime="2018-07-16T14:44:06.2994103-04:00" endTime="2018-07-16T14:44:06.2994154-04:00" testType="13cdc9d9-ddb5-4fa4-a97d-d965ccfc6d4b" outcome="Failed" testListId="8c84fa94-04c1-424b-9868-57a2d4851a1d" relativeResultsDirectory="78c6a71b-3fc5-4843-95ac-e634bb785240"><Output><ErrorInfo><Message>Assert.True() Failure&#xD;
Expected: True&#xD;
Actual:   False</Message><StackTrace>   at ModelRelief.Test.Integration.Meshes.MeshesFileIntegrationTests.&lt;FileRequest_MeshGenerateScalesDepthBufferByUnsharpHighFrequencyScale&gt;d__6.MoveNext() in d:\Github\ModelRelief\ModelRelief.test\Integration\File\Meshes\MeshesFileIntegrationTests.cs:line 247&#xD;
--- End of stack trace from previous location where exception was thrown ---&#xD;
   at System.Runtime.ExceptionServices.ExceptionDispatchInfo.Throw()&#xD;
   at ModelRelief.Test.Integration.Meshes.MeshesFileIntegrationTests.&lt;FileRequest_MeshGenerateScalesDepthBufferByUnsharpHighFrequencyScale&gt;d__6.MoveNext() in d:\Github\ModelRelief\ModelRelief.test\Integration\File\Meshes\MeshesFileIntegrationTests.cs:line 254&#xD;
--- End of stack trace from previous location where exception was thrown ---&#xD;
   at System.Runtime.ExceptionServices.ExceptionDispatchInfo.Throw()&#xD;
   at System.Runtime.CompilerServices.TaskAwaiter.HandleNonSuccessAndDebuggerNotification(Task task)&#xD;
--- End of stack trace from previous location where exception was thrown ---&#xD;
   at System.Runtime.ExceptionServices.ExceptionDispatchInfo.Throw()&#xD;
   at System.Runtime.CompilerServices.TaskAwaiter.HandleNonSuccessAndDebuggerNotification(Task task)&#xD;
--- End of stack trace from previous location where exception was thrown ---&#xD;
   at System.Runtime.ExceptionServices.ExceptionDispatchInfo.Throw()&#xD;
   at System.Runtime.CompilerServices.TaskAwaiter.HandleNonSuccessAndDebuggerNotification(Task task)</StackTrace></ErrorInfo></Output></UnitTestResult><UnitTestResult executionId="ab9cb615-c0f3-450a-a5dc-77ec34abe041" testId="1df45fed-45ae-4284-a84b-d1c40a22689b" testName="Put_ValidReferencePropertyUpdatesModel" computerName="LAMBDA" duration="00:00:00.0030000" startTime="2018-07-16T14:43:55.7368437-04:00" endTime="2018-07-16T14:43:55.7368493-04:00" testType="13cdc9d9-ddb5-4fa4-a97d-d965ccfc6d4b" outcome="Passed" testListId="8c84fa94-04c1-424b-9868-57a2d4851a1d" relativeResultsDirectory="ab9cb615-c0f3-450a-a5dc-77ec34abe041" /><UnitTestResult executionId="ad41622e-d5ae-4fed-86a4-b4119185b322" testId="7c369f01-9cdb-4d30-967c-43ee9af3065c" testName="Post_InvalidReferencePropertyReturnsBadRequest" computerName="LAMBDA" duration="00:00:00.0060000" startTime="2018-07-16T14:43:58.0180433-04:00" endTime="2018-07-16T14:43:58.0180489-04:00" testType="13cdc9d9-ddb5-4fa4-a97d-d965ccfc6d4b" outcome="Passed" testListId="8c84fa94-04c1-424b-9868-57a2d4851a1d" relativeResultsDirectory="ad41622e-d5ae-4fed-86a4-b4119185b322" /><UnitTestResult executionId="ec74bb2c-9909-48b7-88aa-4e574dbc385b" testId="0b5185ef-46ff-44a4-abc0-34b46507bffe" testName="LucyCameraFindsAllDependents" computerName="LAMBDA" duration="00:00:00.0230000" startTime="2018-07-16T14:43:54.6610714-04:00" endTime="2018-07-16T14:43:54.6610809-04:00" testType="13cdc9d9-ddb5-4fa4-a97d-d965ccfc6d4b" outcome="Passed" testListId="8c84fa94-04c1-424b-9868-57a2d4851a1d" relativeResultsDirectory="ec74bb2c-9909-48b7-88aa-4e574dbc385b" /><UnitTestResult executionId="a7a72f1a-4d9e-4bff-93a3-5afcac7fec9c" testId="cf2ec3e7-2aaf-4e68-90af-0fca4f413f3c" testName="Patch_InvalidEnumPropertyValueReturnsBadRequest" computerName="LAMBDA" duration="00:00:00.0020000" startTime="2018-07-16T14:43:55.7913295-04:00" endTime="2018-07-16T14:43:55.7913355-04:00" testType="13cdc9d9-ddb5-4fa4-a97d-d965ccfc6d4b" outcome="Passed" testListId="8c84fa94-04c1-424b-9868-57a2d4851a1d" relativeResultsDirectory="a7a72f1a-4d9e-4bff-93a3-5afcac7fec9c" /><UnitTestResult executionId="ec366b34-fc6c-458a-9fd2-b1f89e51204c" testId="f0ca8aa1-6cba-439a-bef8-230d2c2388cd" testName="PostFile_FileTimeStampIsUpdatedAfterFileIsPosted" computerName="LAMBDA" duration="00:00:01.1630000" startTime="2018-07-16T14:44:03.9099147-04:00" endTime="2018-07-16T14:44:03.9099224-04:00" testType="13cdc9d9-ddb5-4fa4-a97d-d965ccfc6d4b" outcome="Passed" testListId="8c84fa94-04c1-424b-9868-57a2d4851a1d" relativeResultsDirectory="ec366b34-fc6c-458a-9fd2-b1f89e51204c" /><UnitTestResult executionId="1c81a808-5266-46c2-8e78-d0399aee5b29" testId="f3110df2-998c-452a-8668-dfb41a8103cc" testName="GetFile_ExistingFileReturnsSuccess" computerName="LAMBDA" duration="00:00:00.0240000" startTime="2018-07-16T14:44:07.1793556-04:00" endTime="2018-07-16T14:44:07.1793621-04:00" testType="13cdc9d9-ddb5-4fa4-a97d-d965ccfc6d4b" outcome="Passed" testListId="8c84fa94-04c1-424b-9868-57a2d4851a1d" relativeResultsDirectory="1c81a808-5266-46c2-8e78-d0399aee5b29" /><UnitTestResult executionId="c859ef28-8ddc-477a-b5cb-001e5b841ab5" testId="e7f634a8-98f4-463c-b898-9e131bf692f6" testName="Post_CanCreateNewModel" computerName="LAMBDA" duration="00:00:00.0180000" startTime="2018-07-16T14:44:06.7130627-04:00" endTime="2018-07-16T14:44:06.7130679-04:00" testType="13cdc9d9-ddb5-4fa4-a97d-d965ccfc6d4b" outcome="Passed" testListId="8c84fa94-04c1-424b-9868-57a2d4851a1d" relativeResultsDirectory="c859ef28-8ddc-477a-b5cb-001e5b841ab5" /><UnitTestResult executionId="5d5ad48f-610f-469c-8830-e04f5100394d" testId="2355d46b-b8d2-4163-a015-5f71caf74550" testName="Patch_MultipleInvalidReferencePropertiesReturnsMultipleValidationErrorsAndBadRequest" computerName="LAMBDA" duration="00:00:00.0020000" startTime="2018-07-16T14:43:55.9215123-04:00" endTime="2018-07-16T14:43:55.9215187-04:00" testType="13cdc9d9-ddb5-4fa4-a97d-d965ccfc6d4b" outcome="Passed" testListId="8c84fa94-04c1-424b-9868-57a2d4851a1d" relativeResultsDirectory="5d5ad48f-610f-469c-8830-e04f5100394d" /><UnitTestResult executionId="0e715767-b7d8-4e1f-9dcf-393bcd0405fe" testId="9043b066-88b5-4a1d-a0c4-475d55519444" testName="GetSingle_InvalidIdPropertyValueReturnsNotFound" computerName="LAMBDA" duration="00:00:00.0060000" startTime="2018-07-16T14:44:07.0981132-04:00" endTime="2018-07-16T14:44:07.0981166-04:00" testType="13cdc9d9-ddb5-4fa4-a97d-d965ccfc6d4b" outcome="Passed" testListId="8c84fa94-04c1-424b-9868-57a2d4851a1d" relativeResultsDirectory="0e715767-b7d8-4e1f-9dcf-393bcd0405fe" /><UnitTestResult executionId="dd74fe1f-bed2-435d-80cc-69981fa34ecd" testId="44aa9b82-c788-4342-9237-5a2ed29392a3" testName="Patch_InvalidReferencePropertyReturnsBadRequest" computerName="LAMBDA" duration="00:00:00.0190000" startTime="2018-07-16T14:44:00.5644326-04:00" endTime="2018-07-16T14:44:00.5644386-04:00" testType="13cdc9d9-ddb5-4fa4-a97d-d965ccfc6d4b" outcome="Passed" testListId="8c84fa94-04c1-424b-9868-57a2d4851a1d" relativeResultsDirectory="dd74fe1f-bed2-435d-80cc-69981fa34ecd" /><UnitTestResult executionId="93e0a52d-abcb-4f71-b519-64d13b1250bd" testId="0805099a-e96c-4fa8-8401-7a4a15c41513" testName="Patch_InvalidReferencePropertyReturnsBadRequest" computerName="LAMBDA" duration="00:00:00.0180000" startTime="2018-07-16T14:44:06.9956244-04:00" endTime="2018-07-16T14:44:06.9956308-04:00" testType="13cdc9d9-ddb5-4fa4-a97d-d965ccfc6d4b" outcome="Passed" testListId="8c84fa94-04c1-424b-9868-57a2d4851a1d" relativeResultsDirectory="93e0a52d-abcb-4f71-b519-64d13b1250bd" /><UnitTestResult executionId="471d0a9d-f39f-4651-a657-819f22f332d6" testId="7326c23a-eaf6-42ca-9017-145413523511" testName="PutFile_NewFileCanBePut" computerName="LAMBDA" duration="00:00:00.1030000" startTime="2018-07-16T14:44:00.8243970-04:00" endTime="2018-07-16T14:44:00.8244035-04:00" testType="13cdc9d9-ddb5-4fa4-a97d-d965ccfc6d4b" outcome="Passed" testListId="8c84fa94-04c1-424b-9868-57a2d4851a1d" relativeResultsDirectory="471d0a9d-f39f-4651-a657-819f22f332d6" /><UnitTestResult executionId="f34eebe7-50ae-4414-8644-64c2a4a0fc6a" testId="6d7fed80-189b-42ee-9d67-fe6f5d36ab76" testName="PostFile_FileIsSynchronizedIsUpdatedAfterFileIsPosted" computerName="LAMBDA" duration="00:00:00.0650000" startTime="2018-07-16T14:44:08.9959811-04:00" endTime="2018-07-16T14:44:08.9959854-04:00" testType="13cdc9d9-ddb5-4fa4-a97d-d965ccfc6d4b" outcome="Passed" testListId="8c84fa94-04c1-424b-9868-57a2d4851a1d" relativeResultsDirectory="f34eebe7-50ae-4414-8644-64c2a4a0fc6a" /><UnitTestResult executionId="0c6bb170-0cf7-4a65-9b2f-843f6997fa8d" testId="c975f768-cfd5-4197-bce2-958f4f04aced" testName="Patch_InvalidIdPropertyReturnsNotFound" computerName="LAMBDA" duration="00:00:00.0070000" startTime="2018-07-16T14:43:56.6156002-04:00" endTime="2018-07-16T14:43:56.6156049-04:00" testType="13cdc9d9-ddb5-4fa4-a97d-d965ccfc6d4b" outcome="Passed" testListId="8c84fa94-04c1-424b-9868-57a2d4851a1d" relativeResultsDirectory="0c6bb170-0cf7-4a65-9b2f-843f6997fa8d" /><UnitTestResult executionId="6b2d35c4-4cb4-436c-9b50-fd37e7611387" testId="8ef88ad3-6584-435d-a40e-75c90401d653" testName="Patch_InvalidEnumPropertyValueReturnsBadRequest" computerName="LAMBDA" duration="00:00:00.0060000" startTime="2018-07-16T14:44:00.4871139-04:00" endTime="2018-07-16T14:44:00.4871194-04:00" testType="13cdc9d9-ddb5-4fa4-a97d-d965ccfc6d4b" outcome="Passed" testListId="8c84fa94-04c1-424b-9868-57a2d4851a1d" relativeResultsDirectory="6b2d35c4-4cb4-436c-9b50-fd37e7611387" /><UnitTestResult executionId="8d6ad745-3f4f-4eaf-8096-56babd9bfb73" testId="d07a359d-a21c-4d6f-8998-b3f96b0b9ebb" testName="Put_ValidReferencePropertyUpdatesModel" computerName="LAMBDA" duration="00:00:00.0520000" startTime="2018-07-16T14:44:09.4955845-04:00" endTime="2018-07-16T14:44:09.4955909-04:00" testType="13cdc9d9-ddb5-4fa4-a97d-d965ccfc6d4b" outcome="Passed" testListId="8c84fa94-04c1-424b-9868-57a2d4851a1d" relativeResultsDirectory="8d6ad745-3f4f-4eaf-8096-56babd9bfb73" /><UnitTestResult executionId="14855a34-d9f2-4da4-ac8b-340c29d2a003" testId="1094ce39-f8fd-4202-87c7-4d8fccdf3fc4" testName="Patch_MultipleInvalidReferencePropertiesReturnsMultipleValidationErrorsAndBadRequest" computerName="LAMBDA" duration="00:00:00.0300000" startTime="2018-07-16T14:44:09.3535796-04:00" endTime="2018-07-16T14:44:09.3535843-04:00" testType="13cdc9d9-ddb5-4fa4-a97d-d965ccfc6d4b" outcome="Passed" testListId="8c84fa94-04c1-424b-9868-57a2d4851a1d" relativeResultsDirectory="14855a34-d9f2-4da4-ac8b-340c29d2a003" /><UnitTestResult executionId="2e097b18-90c2-4741-8d8a-f4777bd709d0" testId="8b609be9-8570-4f86-9eab-805010c2b3b1" testName="Delete_TargetModelIsDeleted" computerName="LAMBDA" duration="00:00:00.0230000" startTime="2018-07-16T14:44:06.6869475-04:00" endTime="2018-07-16T14:44:06.6869548-04:00" testType="13cdc9d9-ddb5-4fa4-a97d-d965ccfc6d4b" outcome="Passed" testListId="8c84fa94-04c1-424b-9868-57a2d4851a1d" relativeResultsDirectory="2e097b18-90c2-4741-8d8a-f4777bd709d0" /><UnitTestResult executionId="abaf9941-5995-4a59-81f5-357040c96cf0" testId="46df7997-c4a3-45c7-abe0-4825af191a9f" testName="Put_CanUpdateModel" computerName="LAMBDA" duration="00:00:00.0460000" startTime="2018-07-16T14:43:55.8458075-04:00" endTime="2018-07-16T14:43:55.8458135-04:00" testType="13cdc9d9-ddb5-4fa4-a97d-d965ccfc6d4b" outcome="Passed" testListId="8c84fa94-04c1-424b-9868-57a2d4851a1d" relativeResultsDirectory="abaf9941-5995-4a59-81f5-357040c96cf0" /><UnitTestResult executionId="8de69ae1-6211-4915-8b22-057e32b75b89" testId="51aebad3-8452-4378-84ce-860452dadc36" testName="GetSingle_InvalidIdPropertyValueReturnsNotFound" computerName="LAMBDA" duration="00:00:00.0070000" startTime="2018-07-16T14:43:55.7995046-04:00" endTime="2018-07-16T14:43:55.7995114-04:00" testType="13cdc9d9-ddb5-4fa4-a97d-d965ccfc6d4b" outcome="Passed" testListId="8c84fa94-04c1-424b-9868-57a2d4851a1d" relativeResultsDirectory="8de69ae1-6211-4915-8b22-057e32b75b89" /><UnitTestResult executionId="043b4335-8e69-4928-9e3c-a3380f551612" testId="f17d0b25-2a4b-4b24-80f2-891b5f853929" testName="Post_InvalidPropertyValueReturnsBadRequest" computerName="LAMBDA" duration="00:00:00.0040000" startTime="2018-07-16T14:43:56.5184610-04:00" endTime="2018-07-16T14:43:56.5184678-04:00" testType="13cdc9d9-ddb5-4fa4-a97d-d965ccfc6d4b" outcome="Passed" testListId="8c84fa94-04c1-424b-9868-57a2d4851a1d" relativeResultsDirectory="043b4335-8e69-4928-9e3c-a3380f551612" /><UnitTestResult executionId="0d42e1c9-6a31-4423-85f4-61623fce823c" testId="f47bc915-4197-4b26-8b26-e4fd04056bc1" testName="Patch_MultipleInvalidReferencePropertiesReturnsMultipleValidationErrorsAndBadRequest" computerName="LAMBDA" duration="00:00:00.0160000" startTime="2018-07-16T14:44:07.0125515-04:00" endTime="2018-07-16T14:44:07.0125570-04:00" testType="13cdc9d9-ddb5-4fa4-a97d-d965ccfc6d4b" outcome="Passed" testListId="8c84fa94-04c1-424b-9868-57a2d4851a1d" relativeResultsDirectory="0d42e1c9-6a31-4423-85f4-61623fce823c" /><UnitTestResult executionId="fcee0b01-2d33-428e-b078-30786e352337" testId="c074aa6a-5f98-421f-89c1-1885e2d4ef1a" testName="GetSingle_ValidIdPropertyValueReturnsCorrectModel" computerName="LAMBDA" duration="00:00:00.0060000" startTime="2018-07-16T14:43:55.7894974-04:00" endTime="2018-07-16T14:43:55.7895030-04:00" testType="13cdc9d9-ddb5-4fa4-a97d-d965ccfc6d4b" outcome="Passed" testListId="8c84fa94-04c1-424b-9868-57a2d4851a1d" relativeResultsDirectory="fcee0b01-2d33-428e-b078-30786e352337" /><UnitTestResult executionId="b6973f98-5589-48a2-b762-7a77389f889f" testId="f524aa5e-17b6-48f8-9b0d-537175f08842" testName="PostFile_FileIsSynchronizedIsUpdatedAfterFileIsPosted" computerName="LAMBDA" duration="00:00:00.0010000" startTime="2018-07-16T14:43:57.3909968-04:00" endTime="2018-07-16T14:43:57.3910002-04:00" testType="13cdc9d9-ddb5-4fa4-a97d-d965ccfc6d4b" outcome="Passed" testListId="8c84fa94-04c1-424b-9868-57a2d4851a1d" relativeResultsDirectory="b6973f98-5589-48a2-b762-7a77389f889f" /><UnitTestResult executionId="f853c9bc-a8ec-4c63-84b5-b4e6431162f6" testId="3231ac9b-bfa9-4dd9-9a33-549d6e289869" testName="Patch_MultipleInvalidReferencePropertiesReturnsMultipleValidationErrorsAndBadRequest" computerName="LAMBDA" duration="00:00:00.0220000" startTime="2018-07-16T14:44:00.6167993-04:00" endTime="2018-07-16T14:44:00.6168057-04:00" testType="13cdc9d9-ddb5-4fa4-a97d-d965ccfc6d4b" outcome="Passed" testListId="8c84fa94-04c1-424b-9868-57a2d4851a1d" relativeResultsDirectory="f853c9bc-a8ec-4c63-84b5-b4e6431162f6" /><UnitTestResult executionId="25b60fb4-9c20-4595-917b-eaba506ed875" testId="bcdd7ae9-8b99-4a25-90e9-a90ad4f17b25" testName="Patch_ValidReferencePropertyUpdatesModel" computerName="LAMBDA" duration="00:00:00.0440000" startTime="2018-07-16T14:44:07.0918438-04:00" endTime="2018-07-16T14:44:07.0918497-04:00" testType="13cdc9d9-ddb5-4fa4-a97d-d965ccfc6d4b" outcome="Passed" testListId="8c84fa94-04c1-424b-9868-57a2d4851a1d" relativeResultsDirectory="25b60fb4-9c20-4595-917b-eaba506ed875" /><UnitTestResult executionId="f9adcc7a-372d-41b2-841a-1e4f4c2577ed" testId="3c05a731-401e-425a-b169-358880ac86a9" testName="Put_InvalidReferencePropertyReturndBadRequest" computerName="LAMBDA" duration="00:00:00.0140000" startTime="2018-07-16T14:43:57.8535015-04:00" endTime="2018-07-16T14:43:57.8535066-04:00" testType="13cdc9d9-ddb5-4fa4-a97d-d965ccfc6d4b" outcome="Passed" testListId="8c84fa94-04c1-424b-9868-57a2d4851a1d" relativeResultsDirectory="f9adcc7a-372d-41b2-841a-1e4f4c2577ed" /><UnitTestResult executionId="6b370464-348f-4e27-8f2a-39bbccec2f34" testId="860387bf-f0ef-474f-b9b1-f069da0e7578" testName="Post_InvalidReferencePropertyReturnsBadRequest" computerName="LAMBDA" duration="00:00:00.0070000" startTime="2018-07-16T14:44:07.0199999-04:00" endTime="2018-07-16T14:44:07.0200063-04:00" testType="13cdc9d9-ddb5-4fa4-a97d-d965ccfc6d4b" outcome="Passed" testListId="8c84fa94-04c1-424b-9868-57a2d4851a1d" relativeResultsDirectory="6b370464-348f-4e27-8f2a-39bbccec2f34" /><UnitTestResult executionId="43e2c854-72d1-4085-b0d0-6c1fd27ea597" testId="baf76c6b-cb6a-4a6d-b16f-f6041ea45ee1" testName="Delete_TargetModelIsDeleted" computerName="LAMBDA" duration="00:00:00.3570000" startTime="2018-07-16T14:43:55.6270708-04:00" endTime="2018-07-16T14:43:55.6270772-04:00" testType="13cdc9d9-ddb5-4fa4-a97d-d965ccfc6d4b" outcome="Passed" testListId="8c84fa94-04c1-424b-9868-57a2d4851a1d" relativeResultsDirectory="43e2c854-72d1-4085-b0d0-6c1fd27ea597" /><UnitTestResult executionId="f4bf23ee-7d89-4dfb-b005-a8a67423baf2" testId="6b2956b9-5fda-4534-98a6-443fba3f0d7c" testName="Patch_InvalidPropertyNameReturnsBadRequest" computerName="LAMBDA" duration="00:00:00.0050000" startTime="2018-07-16T14:44:09.3657271-04:00" endTime="2018-07-16T14:44:09.3657326-04:00" testType="13cdc9d9-ddb5-4fa4-a97d-d965ccfc6d4b" outcome="Passed" testListId="8c84fa94-04c1-424b-9868-57a2d4851a1d" relativeResultsDirectory="f4bf23ee-7d89-4dfb-b005-a8a67423baf2" /><UnitTestResult executionId="b2438c1d-3e49-4cd2-8b21-8bc285f991d7" testId="738b1c23-59b5-4ee2-b2e5-e58e456b71db" testName="GetSingle_InvalidIdPropertyValueReturnsNotFound" computerName="LAMBDA" duration="00:00:00.0120000" startTime="2018-07-16T14:43:56.4547973-04:00" endTime="2018-07-16T14:43:56.4548016-04:00" testType="13cdc9d9-ddb5-4fa4-a97d-d965ccfc6d4b" outcome="Passed" testListId="8c84fa94-04c1-424b-9868-57a2d4851a1d" relativeResultsDirectory="b2438c1d-3e49-4cd2-8b21-8bc285f991d7" /><UnitTestResult executionId="dc6a2ef5-2e65-4fce-b9f4-7c2f9782ce4f" testId="74870fe1-b02a-4b71-ae24-91ad63b003c6" testName="PutFile_NewFileCanBePut" computerName="LAMBDA" duration="00:00:00.1230000" startTime="2018-07-16T14:43:56.9212296-04:00" endTime="2018-07-16T14:43:56.9212347-04:00" testType="13cdc9d9-ddb5-4fa4-a97d-d965ccfc6d4b" outcome="Passed" testListId="8c84fa94-04c1-424b-9868-57a2d4851a1d" relativeResultsDirectory="dc6a2ef5-2e65-4fce-b9f4-7c2f9782ce4f" /><UnitTestResult executionId="1908c6f5-7bb5-4398-af4b-381fa6eb8483" testId="f8dd52c6-b15b-474e-bb32-9b449d4f9bbf" testName="Put_InvalidIdReturnsNotFound" computerName="LAMBDA" duration="00:00:00.0100000" startTime="2018-07-16T14:44:09.1558761-04:00" endTime="2018-07-16T14:44:09.1558829-04:00" testType="13cdc9d9-ddb5-4fa4-a97d-d965ccfc6d4b" outcome="Passed" testListId="8c84fa94-04c1-424b-9868-57a2d4851a1d" relativeResultsDirectory="1908c6f5-7bb5-4398-af4b-381fa6eb8483" /><UnitTestResult executionId="ffd4ac70-c700-4135-ada1-25d005416b61" testId="278b89d4-e824-44c2-a119-258b6b1b0499" testName="Patch_InvalidIdPropertyReturnsNotFound" computerName="LAMBDA" duration="00:00:00.0080000" startTime="2018-07-16T14:43:55.9317217-04:00" endTime="2018-07-16T14:43:55.9317277-04:00" testType="13cdc9d9-ddb5-4fa4-a97d-d965ccfc6d4b" outcome="Passed" testListId="8c84fa94-04c1-424b-9868-57a2d4851a1d" relativeResultsDirectory="ffd4ac70-c700-4135-ada1-25d005416b61" /><UnitTestResult executionId="1c3809a0-c7b0-4cb9-8e16-03c15362be66" testId="ddfe4151-907f-42fa-90ba-9fc5a6e45c5b" testName="Put_InvalidIdReturnsNotFound" computerName="LAMBDA" duration="00:00:00.1410000" startTime="2018-07-16T14:43:57.5334212-04:00" endTime="2018-07-16T14:43:57.5334259-04:00" testType="13cdc9d9-ddb5-4fa4-a97d-d965ccfc6d4b" outcome="Passed" testListId="8c84fa94-04c1-424b-9868-57a2d4851a1d" relativeResultsDirectory="1c3809a0-c7b0-4cb9-8e16-03c15362be66" /><UnitTestResult executionId="f4a39cf0-c322-44b5-81dc-6e3f3a17d6ce" testId="91f0733a-869f-47d1-9685-7302cf1438df" testName="Delete_TargetModelIsDeleted" computerName="LAMBDA" duration="00:00:00.0180000" startTime="2018-07-16T14:44:09.1745107-04:00" endTime="2018-07-16T14:44:09.1745162-04:00" testType="13cdc9d9-ddb5-4fa4-a97d-d965ccfc6d4b" outcome="Passed" testListId="8c84fa94-04c1-424b-9868-57a2d4851a1d" relativeResultsDirectory="f4a39cf0-c322-44b5-81dc-6e3f3a17d6ce" /><UnitTestResult executionId="c78826db-118c-420c-aa46-a0bb7d429432" testId="7096ecaa-850e-4449-b77d-ef7788314435" testName="Post_CanCreateNewModel" computerName="LAMBDA" duration="00:00:00.0130000" startTime="2018-07-16T14:43:57.7011717-04:00" endTime="2018-07-16T14:43:57.7011769-04:00" testType="13cdc9d9-ddb5-4fa4-a97d-d965ccfc6d4b" outcome="Passed" testListId="8c84fa94-04c1-424b-9868-57a2d4851a1d" relativeResultsDirectory="c78826db-118c-420c-aa46-a0bb7d429432" /><UnitTestResult executionId="639ef70a-8fcf-468c-8fdd-c7faabb22679" testId="297d6bee-6b50-4601-95af-0749e979a490" testName="GetFile_FileCanBeRoundTripped" computerName="LAMBDA" duration="00:00:00.0560000" startTime="2018-07-16T14:44:09.1213977-04:00" endTime="2018-07-16T14:44:09.1214033-04:00" testType="13cdc9d9-ddb5-4fa4-a97d-d965ccfc6d4b" outcome="Passed" testListId="8c84fa94-04c1-424b-9868-57a2d4851a1d" relativeResultsDirectory="639ef70a-8fcf-468c-8fdd-c7faabb22679" /><UnitTestResult executionId="c517db12-dd52-439e-a8f3-fe31a7d7a758" testId="d7d5e6dc-5cab-450d-8459-00589d5b5b75" testName="Patch_ValidReferencePropertyUpdatesModel" computerName="LAMBDA" duration="00:00:00.0050000" startTime="2018-07-16T14:43:54.6810981-04:00" endTime="2018-07-16T14:43:54.6811041-04:00" testType="13cdc9d9-ddb5-4fa4-a97d-d965ccfc6d4b" outcome="Passed" testListId="8c84fa94-04c1-424b-9868-57a2d4851a1d" relativeResultsDirectory="c517db12-dd52-439e-a8f3-fe31a7d7a758" /><UnitTestResult executionId="f2dfe91a-b665-4a14-8204-4c1acdc9e455" testId="c0cfca60-54e9-4567-a1ea-550623e82cb1" testName="Delete_TargetModelIsDeleted" computerName="LAMBDA" duration="00:00:00.0180000" startTime="2018-07-16T14:43:56.7750196-04:00" endTime="2018-07-16T14:43:56.7750239-04:00" testType="13cdc9d9-ddb5-4fa4-a97d-d965ccfc6d4b" outcome="Passed" testListId="8c84fa94-04c1-424b-9868-57a2d4851a1d" relativeResultsDirectory="f2dfe91a-b665-4a14-8204-4c1acdc9e455" /><UnitTestResult executionId="3446996a-6aa5-4a8a-9419-6c953b45b743" testId="22da443d-23f5-4c84-a4f5-64020e0e4a46" testName="FileRequest_MeshIsInvalidatedAfterDepthBufferFileBecomesUnsynchronized" computerName="LAMBDA" duration="00:00:01.7410000" startTime="2018-07-16T14:44:02.5659636-04:00" endTime="2018-07-16T14:44:02.5659683-04:00" testType="13cdc9d9-ddb5-4fa4-a97d-d965ccfc6d4b" outcome="Passed" testListId="8c84fa94-04c1-424b-9868-57a2d4851a1d" relativeResultsDirectory="3446996a-6aa5-4a8a-9419-6c953b45b743" /><UnitTestResult executionId="c21f0e75-216b-4522-959c-d8045941e7e5" testId="22b3212a-8c48-4d4b-9f90-b203c66a09f4" testName="Post_ValidReferencePropertyCreatesModel" computerName="LAMBDA" duration="00:00:00.0180000" startTime="2018-07-16T14:44:07.1166905-04:00" endTime="2018-07-16T14:44:07.1166948-04:00" testType="13cdc9d9-ddb5-4fa4-a97d-d965ccfc6d4b" outcome="Passed" testListId="8c84fa94-04c1-424b-9868-57a2d4851a1d" relativeResultsDirectory="c21f0e75-216b-4522-959c-d8045941e7e5" /><UnitTestResult executionId="b0efffae-e268-4198-a91b-b636ef602748" testId="b5dcffac-1f52-4030-9dcd-ce24eb493258" testName="Post_ValidReferencePropertyCreatesModel" computerName="LAMBDA" duration="00:00:00.0020000" startTime="2018-07-16T14:43:55.2657770-04:00" endTime="2018-07-16T14:43:55.2657825-04:00" testType="13cdc9d9-ddb5-4fa4-a97d-d965ccfc6d4b" outcome="Passed" testListId="8c84fa94-04c1-424b-9868-57a2d4851a1d" relativeResultsDirectory="b0efffae-e268-4198-a91b-b636ef602748" /><UnitTestResult executionId="f6edf2c1-5500-4ec7-bb9a-76a81a94b227" testId="f86f98f3-9c37-4c00-8da4-7be8b7844786" testName="Put_CanUpdateModel" computerName="LAMBDA" duration="00:00:00.0590000" startTime="2018-07-16T14:44:09.2937006-04:00" endTime="2018-07-16T14:44:09.2937062-04:00" testType="13cdc9d9-ddb5-4fa4-a97d-d965ccfc6d4b" outcome="Passed" testListId="8c84fa94-04c1-424b-9868-57a2d4851a1d" relativeResultsDirectory="f6edf2c1-5500-4ec7-bb9a-76a81a94b227" /><UnitTestResult executionId="1322b241-8687-428f-ac14-1a21dc3b5d19" testId="eb2b708a-f09f-40a0-87f9-89f7842e50ad" testName="Put_ValidReferencePropertyUpdatesModel" computerName="LAMBDA" duration="00:00:00.0520000" startTime="2018-07-16T14:44:00.4806311-04:00" endTime="2018-07-16T14:44:00.4806366-04:00" testType="13cdc9d9-ddb5-4fa4-a97d-d965ccfc6d4b" outcome="Passed" testListId="8c84fa94-04c1-424b-9868-57a2d4851a1d" relativeResultsDirectory="1322b241-8687-428f-ac14-1a21dc3b5d19" /><UnitTestResult executionId="7a95c46d-9459-4985-b541-64b0ca31cc89" testId="3c117751-85a7-4f7b-afab-8251a1a58416" testName="GetSingle_InvalidIdPropertyValueReturnsNotFound" computerName="LAMBDA" duration="00:00:00.0070000" startTime="2018-07-16T14:44:00.5881585-04:00" endTime="2018-07-16T14:44:00.5881636-04:00" testType="13cdc9d9-ddb5-4fa4-a97d-d965ccfc6d4b" outcome="Passed" testListId="8c84fa94-04c1-424b-9868-57a2d4851a1d" relativeResultsDirectory="7a95c46d-9459-4985-b541-64b0ca31cc89" /><UnitTestResult executionId="66595ff5-fba0-4884-adb6-89293a785315" testId="95fe8553-2458-4b78-b37d-79eea6225f71" testName="GetList_ListReturnsCorrectCount" computerName="LAMBDA" duration="00:00:00.0420000" startTime="2018-07-16T14:44:09.2165573-04:00" endTime="2018-07-16T14:44:09.2165629-04:00" testType="13cdc9d9-ddb5-4fa4-a97d-d965ccfc6d4b" outcome="Passed" testListId="8c84fa94-04c1-424b-9868-57a2d4851a1d" relativeResultsDirectory="66595ff5-fba0-4884-adb6-89293a785315" /><UnitTestResult executionId="058ab938-f06e-427f-a1f9-4a9335a3207c" testId="b839d55a-2cee-4548-be22-766125c4c663" testName="Put_InvalidReferencePropertyReturndBadRequest" computerName="LAMBDA" duration="00:00:00.0130000" startTime="2018-07-16T14:44:09.3072744-04:00" endTime="2018-07-16T14:44:09.3072795-04:00" testType="13cdc9d9-ddb5-4fa4-a97d-d965ccfc6d4b" outcome="Passed" testListId="8c84fa94-04c1-424b-9868-57a2d4851a1d" relativeResultsDirectory="058ab938-f06e-427f-a1f9-4a9335a3207c" /><UnitTestResult executionId="1d9c7c00-9e16-4615-93a2-4e734d20f01f" testId="31bb7fb0-8b5c-45dc-8bd3-4fa5731af868" testName="Post_CanCreateNewModel" computerName="LAMBDA" duration="00:00:00.0120000" startTime="2018-07-16T14:43:55.7512878-04:00" endTime="2018-07-16T14:43:55.7512929-04:00" testType="13cdc9d9-ddb5-4fa4-a97d-d965ccfc6d4b" outcome="Passed" testListId="8c84fa94-04c1-424b-9868-57a2d4851a1d" relativeResultsDirectory="1d9c7c00-9e16-4615-93a2-4e734d20f01f" /><UnitTestResult executionId="5c2d55ee-f3fd-45d8-96c4-3df0601ac7d9" testId="128c9dc4-dc31-4f07-9da9-f8680d0f5b79" testName="Put_ValidReferencePropertyUpdatesModel" computerName="LAMBDA" duration="00:00:00.0330000" startTime="2018-07-16T14:43:56.6084998-04:00" endTime="2018-07-16T14:43:56.6085049-04:00" testType="13cdc9d9-ddb5-4fa4-a97d-d965ccfc6d4b" outcome="Passed" testListId="8c84fa94-04c1-424b-9868-57a2d4851a1d" relativeResultsDirectory="5c2d55ee-f3fd-45d8-96c4-3df0601ac7d9" /><UnitTestResult executionId="5749df49-68e4-42b1-8944-9b734ea7d2bd" testId="ad3ba7f4-6017-4711-be0a-73876e92d435" testName="Patch_InvalidPropertyNameReturnsBadRequest" computerName="LAMBDA" duration="00:00:00.0050000" startTime="2018-07-16T14:43:56.5143294-04:00" endTime="2018-07-16T14:43:56.5143367-04:00" testType="13cdc9d9-ddb5-4fa4-a97d-d965ccfc6d4b" outcome="Passed" testListId="8c84fa94-04c1-424b-9868-57a2d4851a1d" relativeResultsDirectory="5749df49-68e4-42b1-8944-9b734ea7d2bd" /><UnitTestResult executionId="9f0d814f-7ab8-4f4d-80db-c9e0f878bfad" testId="8906d97b-18e4-4f94-b454-42e0a6e7f133" testName="Put_CanUpdateModel" computerName="LAMBDA" duration="00:00:00.0370000" startTime="2018-07-16T14:44:07.1543814-04:00" endTime="2018-07-16T14:44:07.1543857-04:00" testType="13cdc9d9-ddb5-4fa4-a97d-d965ccfc6d4b" outcome="Passed" testListId="8c84fa94-04c1-424b-9868-57a2d4851a1d" relativeResultsDirectory="9f0d814f-7ab8-4f4d-80db-c9e0f878bfad" /><UnitTestResult executionId="e7a60f11-a081-4356-9440-02c637e3111e" testId="d6a1452f-36e7-4131-bdbd-9e766f641913" testName="Post_InvalidReferencePropertyReturnsBadRequest" computerName="LAMBDA" duration="00:00:00.0120000" startTime="2018-07-16T14:44:09.2339577-04:00" endTime="2018-07-16T14:44:09.2339637-04:00" testType="13cdc9d9-ddb5-4fa4-a97d-d965ccfc6d4b" outcome="Passed" testListId="8c84fa94-04c1-424b-9868-57a2d4851a1d" relativeResultsDirectory="e7a60f11-a081-4356-9440-02c637e3111e" /><UnitTestResult executionId="88ae8e49-a932-4325-91e3-96cd7ed1fd83" testId="a82ccd6d-86d2-4b22-a7f8-2b166786b82c" testName="GetList_ListReturnsCorrectCount" computerName="LAMBDA" duration="00:00:00.5180000" startTime="2018-07-16T14:43:58.5370999-04:00" endTime="2018-07-16T14:43:58.5371050-04:00" testType="13cdc9d9-ddb5-4fa4-a97d-d965ccfc6d4b" outcome="Passed" testListId="8c84fa94-04c1-424b-9868-57a2d4851a1d" relativeResultsDirectory="88ae8e49-a932-4325-91e3-96cd7ed1fd83" /><UnitTestResult executionId="b5b4085a-11f4-4619-8288-d886a8c17ebb" testId="49ce1d52-cc5c-4889-a494-18e939e78fc6" testName="Post_CanCreateNewModel" computerName="LAMBDA" duration="00:00:00.0160000" startTime="2018-07-16T14:44:09.1449059-04:00" endTime="2018-07-16T14:44:09.1449115-04:00" testType="13cdc9d9-ddb5-4fa4-a97d-d965ccfc6d4b" outcome="Passed" testListId="8c84fa94-04c1-424b-9868-57a2d4851a1d" relativeResultsDirectory="b5b4085a-11f4-4619-8288-d886a8c17ebb" /><UnitTestResult executionId="0a895041-f2a3-4ffa-b5dc-ccd5f4042ec0" testId="ab07566f-90e9-40a2-bae5-4aead1f2e5f7" testName="PostFile_NewFileCanBePosted" computerName="LAMBDA" duration="00:00:00.0550000" startTime="2018-07-16T14:43:57.3074570-04:00" endTime="2018-07-16T14:43:57.3074626-04:00" testType="13cdc9d9-ddb5-4fa4-a97d-d965ccfc6d4b" outcome="Passed" testListId="8c84fa94-04c1-424b-9868-57a2d4851a1d" relativeResultsDirectory="0a895041-f2a3-4ffa-b5dc-ccd5f4042ec0" /><UnitTestResult executionId="85cffe64-270f-4349-9d68-7c5d190429d2" testId="db70b471-7fa6-416a-9ff2-b86f6e2c27dc" testName="Put_CanUpdateModel" computerName="LAMBDA" duration="00:00:00.6300000" startTime="2018-07-16T14:44:00.4283011-04:00" endTime="2018-07-16T14:44:00.4283062-04:00" testType="13cdc9d9-ddb5-4fa4-a97d-d965ccfc6d4b" outcome="Passed" testListId="8c84fa94-04c1-424b-9868-57a2d4851a1d" relativeResultsDirectory="85cffe64-270f-4349-9d68-7c5d190429d2" /><UnitTestResult executionId="aee467da-1884-4d94-b711-c84f1f06e0d0" testId="1fd708b9-cbef-41ac-827d-c7aaec63808a" testName="Patch_ValidReferencePropertyUpdatesModel" computerName="LAMBDA" duration="00:00:00.6930000" startTime="2018-07-16T14:43:59.7976473-04:00" endTime="2018-07-16T14:43:59.7976520-04:00" testType="13cdc9d9-ddb5-4fa4-a97d-d965ccfc6d4b" outcome="Passed" testListId="8c84fa94-04c1-424b-9868-57a2d4851a1d" relativeResultsDirectory="aee467da-1884-4d94-b711-c84f1f06e0d0" /><UnitTestResult executionId="3cf581df-52d7-4eea-b02d-24f94f2015b1" testId="4cbd168b-74d9-483a-8ee7-48ef949251bd" testName="PostFile_NewFileCanBePosted" computerName="LAMBDA" duration="00:00:00.0690000" startTime="2018-07-16T14:44:09.0653442-04:00" endTime="2018-07-16T14:44:09.0653484-04:00" testType="13cdc9d9-ddb5-4fa4-a97d-d965ccfc6d4b" outcome="Passed" testListId="8c84fa94-04c1-424b-9868-57a2d4851a1d" relativeResultsDirectory="3cf581df-52d7-4eea-b02d-24f94f2015b1" /><UnitTestResult executionId="03c35b18-f283-488e-a092-4d57d7541e63" testId="07f45221-b393-4769-8341-7f5ed74a3715" testName="Patch_InvalidPropertyNameReturnsBadRequest" computerName="LAMBDA" duration="00:00:00.5820000" startTime="2018-07-16T14:43:55.2633380-04:00" endTime="2018-07-16T14:43:55.2633432-04:00" testType="13cdc9d9-ddb5-4fa4-a97d-d965ccfc6d4b" outcome="Passed" testListId="8c84fa94-04c1-424b-9868-57a2d4851a1d" relativeResultsDirectory="03c35b18-f283-488e-a092-4d57d7541e63" /><UnitTestResult executionId="5ddde3b7-b7ba-4ee2-ac69-45e6822f19f0" testId="f905c991-5a94-40a0-a550-26cfac83b56f" testName="Patch_InvalidIdPropertyReturnsNotFound" computerName="LAMBDA" duration="00:00:00.0060000" startTime="2018-07-16T14:44:09.3604058-04:00" endTime="2018-07-16T14:44:09.3604110-04:00" testType="13cdc9d9-ddb5-4fa4-a97d-d965ccfc6d4b" outcome="Passed" testListId="8c84fa94-04c1-424b-9868-57a2d4851a1d" relativeResultsDirectory="5ddde3b7-b7ba-4ee2-ac69-45e6822f19f0" /><UnitTestResult executionId="952793c3-746b-45e0-8b55-47da682a80c0" testId="8dfb2a7f-2760-4e4a-86ab-c244d6c7a70d" testName="FileRequest_DepthBufferIsInvalidatedAfterCameraDependencyPropertyChange" computerName="LAMBDA" duration="00:00:00.2990000" startTime="2018-07-16T14:44:08.8465697-04:00" endTime="2018-07-16T14:44:08.8465748-04:00" testType="13cdc9d9-ddb5-4fa4-a97d-d965ccfc6d4b" outcome="Passed" testListId="8c84fa94-04c1-424b-9868-57a2d4851a1d" relativeResultsDirectory="952793c3-746b-45e0-8b55-47da682a80c0" /><UnitTestResult executionId="ea6fa1ac-1a7f-4b7f-ba72-a1edef00567b" testId="f4f817ee-0c5a-4ebd-90ec-cc2110f4bd29" testName="Put_InvalidIdReturnsNotFound" computerName="LAMBDA" duration="00:00:00.5670000" startTime="2018-07-16T14:43:59.1043980-04:00" endTime="2018-07-16T14:43:59.1044032-04:00" testType="13cdc9d9-ddb5-4fa4-a97d-d965ccfc6d4b" outcome="Passed" testListId="8c84fa94-04c1-424b-9868-57a2d4851a1d" relativeResultsDirectory="ea6fa1ac-1a7f-4b7f-ba72-a1edef00567b" /><UnitTestResult executionId="9cb78139-92d1-40b3-b8a9-6af89b095617" testId="004c0577-fee0-4115-b502-eb492887e718" testName="Patch_InvalidIdPropertyReturnsNotFound" computerName="LAMBDA" duration="00:00:00.0090000" startTime="2018-07-16T14:44:00.5804077-04:00" endTime="2018-07-16T14:44:00.5804149-04:00" testType="13cdc9d9-ddb5-4fa4-a97d-d965ccfc6d4b" outcome="Passed" testListId="8c84fa94-04c1-424b-9868-57a2d4851a1d" relativeResultsDirectory="9cb78139-92d1-40b3-b8a9-6af89b095617" /><UnitTestResult executionId="5e7404c6-23bb-4f49-b632-c8d4cf5b602a" testId="549d6b48-19f3-436f-a9ca-5f4c8025a019" testName="GetFile_FileCanBeRoundTripped" computerName="LAMBDA" duration="00:00:00.0730000" startTime="2018-07-16T14:43:57.3814417-04:00" endTime="2018-07-16T14:43:57.3814494-04:00" testType="13cdc9d9-ddb5-4fa4-a97d-d965ccfc6d4b" outcome="Passed" testListId="8c84fa94-04c1-424b-9868-57a2d4851a1d" relativeResultsDirectory="5e7404c6-23bb-4f49-b632-c8d4cf5b602a" /><UnitTestResult executionId="b11c01aa-2e14-4f43-8c62-13b39648637d" testId="868f5ccf-c597-477f-847d-a529a1f8e7c1" testName="Patch_InvalidPropertyNameReturnsBadRequest" computerName="LAMBDA" duration="00:00:00.0060000" startTime="2018-07-16T14:44:00.5710117-04:00" endTime="2018-07-16T14:44:00.5710185-04:00" testType="13cdc9d9-ddb5-4fa4-a97d-d965ccfc6d4b" outcome="Passed" testListId="8c84fa94-04c1-424b-9868-57a2d4851a1d" relativeResultsDirectory="b11c01aa-2e14-4f43-8c62-13b39648637d" /><UnitTestResult executionId="8a20d544-9f7c-4516-9fa3-5a125c4b6856" testId="6d6fc796-af13-4232-b769-0a0876d4d148" testName="GetFile_NonExistentFileReturnsNotFound" computerName="LAMBDA" duration="00:00:00.0050000" startTime="2018-07-16T14:44:08.8514466-04:00" endTime="2018-07-16T14:44:08.8514531-04:00" testType="13cdc9d9-ddb5-4fa4-a97d-d965ccfc6d4b" outcome="Passed" testListId="8c84fa94-04c1-424b-9868-57a2d4851a1d" relativeResultsDirectory="8a20d544-9f7c-4516-9fa3-5a125c4b6856" /><UnitTestResult executionId="3d8f2001-758c-406a-a682-5d259cf0804b" testId="5fbcd783-6adb-482f-a304-fa13b74605a1" testName="Patch_TargetPropertyIsUpdated" computerName="LAMBDA" duration="00:00:00.0540000" startTime="2018-07-16T14:44:09.5504325-04:00" endTime="2018-07-16T14:44:09.5504368-04:00" testType="13cdc9d9-ddb5-4fa4-a97d-d965ccfc6d4b" outcome="Passed" testListId="8c84fa94-04c1-424b-9868-57a2d4851a1d" relativeResultsDirectory="3d8f2001-758c-406a-a682-5d259cf0804b" /><UnitTestResult executionId="85cc9a5f-28f2-4b54-985f-4f30678685b5" testId="8c2fe64d-276a-41f9-bce4-1dbedb9e6555" testName="Post_InvalidReferencePropertyReturnsBadRequest" computerName="LAMBDA" duration="00:00:00.0720000" startTime="2018-07-16T14:43:56.0151768-04:00" endTime="2018-07-16T14:43:56.0151815-04:00" testType="13cdc9d9-ddb5-4fa4-a97d-d965ccfc6d4b" outcome="Passed" testListId="8c84fa94-04c1-424b-9868-57a2d4851a1d" relativeResultsDirectory="85cc9a5f-28f2-4b54-985f-4f30678685b5" /><UnitTestResult executionId="8ba62b4f-1f7e-4e45-a1d0-5127d746cbe3" testId="44fe4a0c-1a24-4c12-978c-1d08b08ce79d" testName="Post_ValidReferencePropertyCreatesModel" computerName="LAMBDA" duration="00:00:00.0150000" startTime="2018-07-16T14:44:09.3225952-04:00" endTime="2018-07-16T14:44:09.3226016-04:00" testType="13cdc9d9-ddb5-4fa4-a97d-d965ccfc6d4b" outcome="Passed" testListId="8c84fa94-04c1-424b-9868-57a2d4851a1d" relativeResultsDirectory="8ba62b4f-1f7e-4e45-a1d0-5127d746cbe3" /><UnitTestResult executionId="c7db798e-1469-4811-a67b-379e04c040b4" testId="a6b9e5ec-6187-409c-bb28-9f7ad6bc8fc8" testName="Post_InvalidPropertyValueReturnsBadRequest" computerName="LAMBDA" duration="00:00:00.0030000" startTime="2018-07-16T14:44:09.3690089-04:00" endTime="2018-07-16T14:44:09.3690132-04:00" testType="13cdc9d9-ddb5-4fa4-a97d-d965ccfc6d4b" outcome="Passed" testListId="8c84fa94-04c1-424b-9868-57a2d4851a1d" relativeResultsDirectory="c7db798e-1469-4811-a67b-379e04c040b4" /><UnitTestResult executionId="b1f20076-6b2b-4dbe-9218-a91a3f40ca74" testId="87c24c77-0b72-4927-bf30-e5d1ced6550b" testName="PostFile_FileTimeStampIsUpdatedAfterFileIsPosted" computerName="LAMBDA" duration="00:00:01.1120000" startTime="2018-07-16T14:44:08.2920243-04:00" endTime="2018-07-16T14:44:08.2920290-04:00" testType="13cdc9d9-ddb5-4fa4-a97d-d965ccfc6d4b" outcome="Passed" testListId="8c84fa94-04c1-424b-9868-57a2d4851a1d" relativeResultsDirectory="b1f20076-6b2b-4dbe-9218-a91a3f40ca74" /><UnitTestResult executionId="8f93177c-b12c-4004-93ba-b4902d0da43f" testId="96a08862-ecc0-4c2c-9fb4-4b7c6393d7e8" testName="LucyModel3dHasTwoDependents" computerName="LAMBDA" duration="00:00:01.5710000" startTime="2018-07-16T14:43:54.6367880-04:00" endTime="2018-07-16T14:43:54.6367944-04:00" testType="13cdc9d9-ddb5-4fa4-a97d-d965ccfc6d4b" outcome="Passed" testListId="8c84fa94-04c1-424b-9868-57a2d4851a1d" relativeResultsDirectory="8f93177c-b12c-4004-93ba-b4902d0da43f" /><UnitTestResult executionId="2beb1b3c-d128-4ae3-a4f9-02cd44913147" testId="5f2e92d9-0a5f-4794-be35-edb2b5647f1d" testName="Post_InvalidPropertyValueReturnsBadRequest" computerName="LAMBDA" duration="00:00:00.0030000" startTime="2018-07-16T14:43:57.8246228-04:00" endTime="2018-07-16T14:43:57.8246280-04:00" testType="13cdc9d9-ddb5-4fa4-a97d-d965ccfc6d4b" outcome="Passed" testListId="8c84fa94-04c1-424b-9868-57a2d4851a1d" relativeResultsDirectory="2beb1b3c-d128-4ae3-a4f9-02cd44913147" /></Results><TestDefinitions><UnitTest name="Patch_MultipleInvalidReferencePropertiesReturnsMultipleValidationErrorsAndBadRequest" storage="d:\github\modelrelief\modelrelief.test\bin\debug\netcoreapp2.0\modelrelief.test.dll" id="f47bc915-4197-4b26-8b26-e4fd04056bc1"><Execution id="0d42e1c9-6a31-4423-85f4-61623fce823c" /><TestMethod codeBase="d:\Github\ModelRelief\ModelRelief.test\bin\Debug\netcoreapp2.0\ModelRelief.Test.dll" adapterTypeName="executor://xunit/VsTestRunner2/netcoreapp" className="ModelRelief.Test.Integration.DepthBuffers.DepthBuffersBaseIntegrationTests" name="Patch_MultipleInvalidReferencePropertiesReturnsMultipleValidationErrorsAndBadRequest" /></UnitTest><UnitTest name="Put_ValidReferencePropertyUpdatesModel" storage="d:\github\modelrelief\modelrelief.test\bin\debug\netcoreapp2.0\modelrelief.test.dll" id="128c9dc4-dc31-4f07-9da9-f8680d0f5b79"><Execution id="5c2d55ee-f3fd-45d8-96c4-3df0601ac7d9" /><TestMethod codeBase="d:\Github\ModelRelief\ModelRelief.test\bin\Debug\netcoreapp2.0\ModelRelief.Test.dll" adapterTypeName="executor://xunit/VsTestRunner2/netcoreapp" className="ModelRelief.Test.Integration.Models.ModelsBaseIntegrationTests" name="Put_ValidReferencePropertyUpdatesModel" /></UnitTest><UnitTest name="Patch_InvalidReferencePropertyReturnsBadRequest" storage="d:\github\modelrelief\modelrelief.test\bin\debug\netcoreapp2.0\modelrelief.test.dll" id="a3c9f9a5-9e64-4fdb-ae7f-287d68712c8f"><Execution id="e9b28df6-1a3d-4ce1-a36b-456fcf5f7061" /><TestMethod codeBase="d:\Github\ModelRelief\ModelRelief.test\bin\Debug\netcoreapp2.0\ModelRelief.Test.dll" adapterTypeName="executor://xunit/VsTestRunner2/netcoreapp" className="ModelRelief.Test.Integration.MeshTransforms.MeshTransformsBaseIntegrationTests" name="Patch_InvalidReferencePropertyReturnsBadRequest" /></UnitTest><UnitTest name="FileRequest_MeshIsInvalidatedAfterDepthBufferFileBecomesUnsynchronized" storage="d:\github\modelrelief\modelrelief.test\bin\debug\netcoreapp2.0\modelrelief.test.dll" id="22da443d-23f5-4c84-a4f5-64020e0e4a46"><Execution id="3446996a-6aa5-4a8a-9419-6c953b45b743" /><TestMethod codeBase="d:\Github\ModelRelief\ModelRelief.test\bin\Debug\netcoreapp2.0\ModelRelief.Test.dll" adapterTypeName="executor://xunit/VsTestRunner2/netcoreapp" className="ModelRelief.Test.Integration.Meshes.MeshesFileIntegrationTests" name="FileRequest_MeshIsInvalidatedAfterDepthBufferFileBecomesUnsynchronized" /></UnitTest><UnitTest name="Patch_InvalidIdPropertyReturnsNotFound" storage="d:\github\modelrelief\modelrelief.test\bin\debug\netcoreapp2.0\modelrelief.test.dll" id="c975f768-cfd5-4197-bce2-958f4f04aced"><Execution id="0c6bb170-0cf7-4a65-9b2f-843f6997fa8d" /><TestMethod codeBase="d:\Github\ModelRelief\ModelRelief.test\bin\Debug\netcoreapp2.0\ModelRelief.Test.dll" adapterTypeName="executor://xunit/VsTestRunner2/netcoreapp" className="ModelRelief.Test.Integration.Models.ModelsBaseIntegrationTests" name="Patch_InvalidIdPropertyReturnsNotFound" /></UnitTest><UnitTest name="Put_CanUpdateModel" storage="d:\github\modelrelief\modelrelief.test\bin\debug\netcoreapp2.0\modelrelief.test.dll" id="db70b471-7fa6-416a-9ff2-b86f6e2c27dc"><Execution id="85cffe64-270f-4349-9d68-7c5d190429d2" /><TestMethod codeBase="d:\Github\ModelRelief\ModelRelief.test\bin\Debug\netcoreapp2.0\ModelRelief.Test.dll" adapterTypeName="executor://xunit/VsTestRunner2/netcoreapp" className="ModelRelief.Test.Integration.Meshes.MeshesBaseIntegrationTests" name="Put_CanUpdateModel" /></UnitTest><UnitTest name="CameraHasExpectedDependentFiles" storage="d:\github\modelrelief\modelrelief.test\bin\debug\netcoreapp2.0\modelrelief.test.dll" id="8fe7d9d6-7bfb-4447-9923-02e42db83428"><Execution id="91dca96c-1e91-4641-beb2-ddea00e5d258" /><TestMethod codeBase="d:\Github\ModelRelief\ModelRelief.test\bin\Debug\netcoreapp2.0\ModelRelief.Test.dll" adapterTypeName="executor://xunit/VsTestRunner2/netcoreapp" className="ModelRelief.Test.Unit.DependencyManager.DependencyManagerTests" name="CameraHasExpectedDependentFiles" /></UnitTest><UnitTest name="Post_InvalidPropertyValueReturnsBadRequest" storage="d:\github\modelrelief\modelrelief.test\bin\debug\netcoreapp2.0\modelrelief.test.dll" id="894fe286-1aef-4269-85b9-74cd82ca2264"><Execution id="61f44462-0ace-46a1-82cd-fa2f6c428a9a" /><TestMethod codeBase="d:\Github\ModelRelief\ModelRelief.test\bin\Debug\netcoreapp2.0\ModelRelief.Test.dll" adapterTypeName="executor://xunit/VsTestRunner2/netcoreapp" className="ModelRelief.Test.Integration.Projects.ProjectsBaseIntegrationTests" name="Post_InvalidPropertyValueReturnsBadRequest" /></UnitTest><UnitTest name="Put_ValidReferencePropertyUpdatesModel" storage="d:\github\modelrelief\modelrelief.test\bin\debug\netcoreapp2.0\modelrelief.test.dll" id="d07a359d-a21c-4d6f-8998-b3f96b0b9ebb"><Execution id="8d6ad745-3f4f-4eaf-8096-56babd9bfb73" /><TestMethod codeBase="d:\Github\ModelRelief\ModelRelief.test\bin\Debug\netcoreapp2.0\ModelRelief.Test.dll" adapterTypeName="executor://xunit/VsTestRunner2/netcoreapp" className="ModelRelief.Test.Integration.Cameras.CamerasBaseIntegrationTests" name="Put_ValidReferencePropertyUpdatesModel" /></UnitTest><UnitTest name="Patch_InvalidPropertyNameReturnsBadRequest" storage="d:\github\modelrelief\modelrelief.test\bin\debug\netcoreapp2.0\modelrelief.test.dll" id="868f5ccf-c597-477f-847d-a529a1f8e7c1"><Execution id="b11c01aa-2e14-4f43-8c62-13b39648637d" /><TestMethod codeBase="d:\Github\ModelRelief\ModelRelief.test\bin\Debug\netcoreapp2.0\ModelRelief.Test.dll" adapterTypeName="executor://xunit/VsTestRunner2/netcoreapp" className="ModelRelief.Test.Integration.Meshes.MeshesBaseIntegrationTests" name="Patch_InvalidPropertyNameReturnsBadRequest" /></UnitTest><UnitTest name="Delete_TargetModelIsDeleted" storage="d:\github\modelrelief\modelrelief.test\bin\debug\netcoreapp2.0\modelrelief.test.dll" id="8b609be9-8570-4f86-9eab-805010c2b3b1"><Execution id="2e097b18-90c2-4741-8d8a-f4777bd709d0" /><TestMethod codeBase="d:\Github\ModelRelief\ModelRelief.test\bin\Debug\netcoreapp2.0\ModelRelief.Test.dll" adapterTypeName="executor://xunit/VsTestRunner2/netcoreapp" className="ModelRelief.Test.Integration.DepthBuffers.DepthBuffersBaseIntegrationTests" name="Delete_TargetModelIsDeleted" /></UnitTest><UnitTest name="PutFile_FileCanBeUpdated" storage="d:\github\modelrelief\modelrelief.test\bin\debug\netcoreapp2.0\modelrelief.test.dll" id="2b158b54-8801-4da6-85c0-f3e1b1ec36e0"><Execution id="a53d2acc-38ef-4e41-b95c-ba8fcb1b552d" /><TestMethod codeBase="d:\Github\ModelRelief\ModelRelief.test\bin\Debug\netcoreapp2.0\ModelRelief.Test.dll" adapterTypeName="executor://xunit/VsTestRunner2/netcoreapp" className="ModelRelief.Test.Integration.Meshes.MeshesFileIntegrationTests" name="PutFile_FileCanBeUpdated" /></UnitTest><UnitTest name="Patch_InvalidPropertyNameReturnsBadRequest" storage="d:\github\modelrelief\modelrelief.test\bin\debug\netcoreapp2.0\modelrelief.test.dll" id="ad3ba7f4-6017-4711-be0a-73876e92d435"><Execution id="5749df49-68e4-42b1-8944-9b734ea7d2bd" /><TestMethod codeBase="d:\Github\ModelRelief\ModelRelief.test\bin\Debug\netcoreapp2.0\ModelRelief.Test.dll" adapterTypeName="executor://xunit/VsTestRunner2/netcoreapp" className="ModelRelief.Test.Integration.Models.ModelsBaseIntegrationTests" name="Patch_InvalidPropertyNameReturnsBadRequest" /></UnitTest><UnitTest name="GetList_ListReturnsCorrectCount" storage="d:\github\modelrelief\modelrelief.test\bin\debug\netcoreapp2.0\modelrelief.test.dll" id="70561fcc-ba83-49f6-876a-134546b08494"><Execution id="346eb81e-b326-450d-8d12-3bc2a672858c" /><TestMethod codeBase="d:\Github\ModelRelief\ModelRelief.test\bin\Debug\netcoreapp2.0\ModelRelief.Test.dll" adapterTypeName="executor://xunit/VsTestRunner2/netcoreapp" className="ModelRelief.Test.Integration.Projects.ProjectsBaseIntegrationTests" name="GetList_ListReturnsCorrectCount" /></UnitTest><UnitTest name="Delete_TargetModelIsDeleted" storage="d:\github\modelrelief\modelrelief.test\bin\debug\netcoreapp2.0\modelrelief.test.dll" id="baf76c6b-cb6a-4a6d-b16f-f6041ea45ee1"><Execution id="43e2c854-72d1-4085-b0d0-6c1fd27ea597" /><TestMethod codeBase="d:\Github\ModelRelief\ModelRelief.test\bin\Debug\netcoreapp2.0\ModelRelief.Test.dll" adapterTypeName="executor://xunit/VsTestRunner2/netcoreapp" className="ModelRelief.Test.Integration.Projects.ProjectsBaseIntegrationTests" name="Delete_TargetModelIsDeleted" /></UnitTest><UnitTest name="Patch_InvalidEnumPropertyValueReturnsBadRequest" storage="d:\github\modelrelief\modelrelief.test\bin\debug\netcoreapp2.0\modelrelief.test.dll" id="8ef88ad3-6584-435d-a40e-75c90401d653"><Execution id="6b2d35c4-4cb4-436c-9b50-fd37e7611387" /><TestMethod codeBase="d:\Github\ModelRelief\ModelRelief.test\bin\Debug\netcoreapp2.0\ModelRelief.Test.dll" adapterTypeName="executor://xunit/VsTestRunner2/netcoreapp" className="ModelRelief.Test.Integration.Meshes.MeshesBaseIntegrationTests" name="Patch_InvalidEnumPropertyValueReturnsBadRequest" /></UnitTest><UnitTest name="Post_ValidReferencePropertyCreatesModel" storage="d:\github\modelrelief\modelrelief.test\bin\debug\netcoreapp2.0\modelrelief.test.dll" id="333641b9-62e5-495f-881e-b59b91e30297"><Execution id="33d44e7e-5719-45f9-83a6-66ec6d036945" /><TestMethod codeBase="d:\Github\ModelRelief\ModelRelief.test\bin\Debug\netcoreapp2.0\ModelRelief.Test.dll" adapterTypeName="executor://xunit/VsTestRunner2/netcoreapp" className="ModelRelief.Test.Integration.Meshes.MeshesBaseIntegrationTests" name="Post_ValidReferencePropertyCreatesModel" /></UnitTest><UnitTest name="GetFile_FileCanBeRoundTripped" storage="d:\github\modelrelief\modelrelief.test\bin\debug\netcoreapp2.0\modelrelief.test.dll" id="297d6bee-6b50-4601-95af-0749e979a490"><Execution id="639ef70a-8fcf-468c-8fdd-c7faabb22679" /><TestMethod codeBase="d:\Github\ModelRelief\ModelRelief.test\bin\Debug\netcoreapp2.0\ModelRelief.Test.dll" adapterTypeName="executor://xunit/VsTestRunner2/netcoreapp" className="ModelRelief.Test.Integration.DepthBuffers.DepthBuffersFileIntegrationTests" name="GetFile_FileCanBeRoundTripped" /></UnitTest><UnitTest name="GetList_ListReturnsCorrectCount" storage="d:\github\modelrelief\modelrelief.test\bin\debug\netcoreapp2.0\modelrelief.test.dll" id="95fe8553-2458-4b78-b37d-79eea6225f71"><Execution id="66595ff5-fba0-4884-adb6-89293a785315" /><TestMethod codeBase="d:\Github\ModelRelief\ModelRelief.test\bin\Debug\netcoreapp2.0\ModelRelief.Test.dll" adapterTypeName="executor://xunit/VsTestRunner2/netcoreapp" className="ModelRelief.Test.Integration.Cameras.CamerasBaseIntegrationTests" name="GetList_ListReturnsCorrectCount" /></UnitTest><UnitTest name="GetList_ListReturnsCorrectCount" storage="d:\github\modelrelief\modelrelief.test\bin\debug\netcoreapp2.0\modelrelief.test.dll" id="a82ccd6d-86d2-4b22-a7f8-2b166786b82c"><Execution id="88ae8e49-a932-4325-91e3-96cd7ed1fd83" /><TestMethod codeBase="d:\Github\ModelRelief\ModelRelief.test\bin\Debug\netcoreapp2.0\ModelRelief.Test.dll" adapterTypeName="executor://xunit/VsTestRunner2/netcoreapp" className="ModelRelief.Test.Integration.Meshes.MeshesBaseIntegrationTests" name="GetList_ListReturnsCorrectCount" /></UnitTest><UnitTest name="PostFile_FileIsSynchronizedIsUpdatedAfterFileIsPosted" storage="d:\github\modelrelief\modelrelief.test\bin\debug\netcoreapp2.0\modelrelief.test.dll" id="082a78c7-5c7f-419c-aeed-f9400a642a71"><Execution id="4c471737-b325-474a-8e08-19f320025b78" /><TestMethod codeBase="d:\Github\ModelRelief\ModelRelief.test\bin\Debug\netcoreapp2.0\ModelRelief.Test.dll" adapterTypeName="executor://xunit/VsTestRunner2/netcoreapp" className="ModelRelief.Test.Integration.Meshes.MeshesFileIntegrationTests" name="PostFile_FileIsSynchronizedIsUpdatedAfterFileIsPosted" /></UnitTest><UnitTest name="Post_InvalidPropertyValueReturnsBadRequest" storage="d:\github\modelrelief\modelrelief.test\bin\debug\netcoreapp2.0\modelrelief.test.dll" id="5f2e92d9-0a5f-4794-be35-edb2b5647f1d"><Execution id="2beb1b3c-d128-4ae3-a4f9-02cd44913147" /><TestMethod codeBase="d:\Github\ModelRelief\ModelRelief.test\bin\Debug\netcoreapp2.0\ModelRelief.Test.dll" adapterTypeName="executor://xunit/VsTestRunner2/netcoreapp" className="ModelRelief.Test.Integration.MeshTransforms.MeshTransformsBaseIntegrationTests" name="Post_InvalidPropertyValueReturnsBadRequest" /></UnitTest><UnitTest name="Patch_InvalidReferencePropertyReturnsBadRequest" storage="d:\github\modelrelief\modelrelief.test\bin\debug\netcoreapp2.0\modelrelief.test.dll" id="440b9501-cf00-40e4-997e-ce0fc1c0b470"><Execution id="58a95654-ff62-4f2f-a806-15a91230a6f3" /><TestMethod codeBase="d:\Github\ModelRelief\ModelRelief.test\bin\Debug\netcoreapp2.0\ModelRelief.Test.dll" adapterTypeName="executor://xunit/VsTestRunner2/netcoreapp" className="ModelRelief.Test.Integration.Cameras.CamerasBaseIntegrationTests" name="Patch_InvalidReferencePropertyReturnsBadRequest" /></UnitTest><UnitTest name="FileRequest_DepthBufferIsInvalidatedAfterCameraDependencyPropertyChange" storage="d:\github\modelrelief\modelrelief.test\bin\debug\netcoreapp2.0\modelrelief.test.dll" id="8dfb2a7f-2760-4e4a-86ab-c244d6c7a70d"><Execution id="952793c3-746b-45e0-8b55-47da682a80c0" /><TestMethod codeBase="d:\Github\ModelRelief\ModelRelief.test\bin\Debug\netcoreapp2.0\ModelRelief.Test.dll" adapterTypeName="executor://xunit/VsTestRunner2/netcoreapp" className="ModelRelief.Test.Integration.DepthBuffers.DepthBuffersFileIntegrationTests" name="FileRequest_DepthBufferIsInvalidatedAfterCameraDependencyPropertyChange" /></UnitTest><UnitTest name="LucyModel3dHasTwoDependents" storage="d:\github\modelrelief\modelrelief.test\bin\debug\netcoreapp2.0\modelrelief.test.dll" id="96a08862-ecc0-4c2c-9fb4-4b7c6393d7e8"><Execution id="8f93177c-b12c-4004-93ba-b4902d0da43f" /><TestMethod codeBase="d:\Github\ModelRelief\ModelRelief.test\bin\Debug\netcoreapp2.0\ModelRelief.Test.dll" adapterTypeName="executor://xunit/VsTestRunner2/netcoreapp" className="ModelRelief.Test.Unit.DependencyManager.DependencyManagerTests" name="LucyModel3dHasTwoDependents" /></UnitTest><UnitTest name="Post_CanCreateNewModel" storage="d:\github\modelrelief\modelrelief.test\bin\debug\netcoreapp2.0\modelrelief.test.dll" id="60533c25-aeba-4472-bff8-3fa466f338a9"><Execution id="0fc8002a-d3fe-4d67-aae1-a858dff5b34e" /><TestMethod codeBase="d:\Github\ModelRelief\ModelRelief.test\bin\Debug\netcoreapp2.0\ModelRelief.Test.dll" adapterTypeName="executor://xunit/VsTestRunner2/netcoreapp" className="ModelRelief.Test.Integration.Meshes.MeshesBaseIntegrationTests" name="Post_CanCreateNewModel" /></UnitTest><UnitTest name="Patch_MultipleInvalidReferencePropertiesReturnsMultipleValidationErrorsAndBadRequest" storage="d:\github\modelrelief\modelrelief.test\bin\debug\netcoreapp2.0\modelrelief.test.dll" id="3231ac9b-bfa9-4dd9-9a33-549d6e289869"><Execution id="f853c9bc-a8ec-4c63-84b5-b4e6431162f6" /><TestMethod codeBase="d:\Github\ModelRelief\ModelRelief.test\bin\Debug\netcoreapp2.0\ModelRelief.Test.dll" adapterTypeName="executor://xunit/VsTestRunner2/netcoreapp" className="ModelRelief.Test.Integration.Meshes.MeshesBaseIntegrationTests" name="Patch_MultipleInvalidReferencePropertiesReturnsMultipleValidationErrorsAndBadRequest" /></UnitTest><UnitTest name="GetList_ListReturnsCorrectCount" storage="d:\github\modelrelief\modelrelief.test\bin\debug\netcoreapp2.0\modelrelief.test.dll" id="1e931ab1-8259-4c2b-b09e-48cf0cfc07e0"><Execution id="4747ff1b-4812-4c55-8baf-ef4b4409beef" /><TestMethod codeBase="d:\Github\ModelRelief\ModelRelief.test\bin\Debug\netcoreapp2.0\ModelRelief.Test.dll" adapterTypeName="executor://xunit/VsTestRunner2/netcoreapp" className="ModelRelief.Test.Integration.Models.ModelsBaseIntegrationTests" name="GetList_ListReturnsCorrectCount" /></UnitTest><UnitTest name="Delete_TargetModelIsDeleted" storage="d:\github\modelrelief\modelrelief.test\bin\debug\netcoreapp2.0\modelrelief.test.dll" id="c0cfca60-54e9-4567-a1ea-550623e82cb1"><Execution id="f2dfe91a-b665-4a14-8204-4c1acdc9e455" /><TestMethod codeBase="d:\Github\ModelRelief\ModelRelief.test\bin\Debug\netcoreapp2.0\ModelRelief.Test.dll" adapterTypeName="executor://xunit/VsTestRunner2/netcoreapp" className="ModelRelief.Test.Integration.Models.ModelsBaseIntegrationTests" name="Delete_TargetModelIsDeleted" /></UnitTest><UnitTest name="GetFile_NonExistentFileReturnsNotFound" storage="d:\github\modelrelief\modelrelief.test\bin\debug\netcoreapp2.0\modelrelief.test.dll" id="3f8a278d-37f1-47cb-875c-c4ea78b6e428"><Execution id="d6d1bd5a-bfad-4d82-9e8f-dc60bdc7d0ad" /><TestMethod codeBase="d:\Github\ModelRelief\ModelRelief.test\bin\Debug\netcoreapp2.0\ModelRelief.Test.dll" adapterTypeName="executor://xunit/VsTestRunner2/netcoreapp" className="ModelRelief.Test.Integration.Models.ModelsFileIntegrationTests" name="GetFile_NonExistentFileReturnsNotFound" /></UnitTest><UnitTest name="Put_InvalidIdReturnsNotFound" storage="d:\github\modelrelief\modelrelief.test\bin\debug\netcoreapp2.0\modelrelief.test.dll" id="d8b7a480-d7e6-4ec2-a749-9a530e7e48df"><Execution id="a33d698b-faeb-4423-995e-e4bd3fefbcea" /><TestMethod codeBase="d:\Github\ModelRelief\ModelRelief.test\bin\Debug\netcoreapp2.0\ModelRelief.Test.dll" adapterTypeName="executor://xunit/VsTestRunner2/netcoreapp" className="ModelRelief.Test.Integration.Models.ModelsBaseIntegrationTests" name="Put_InvalidIdReturnsNotFound" /></UnitTest><UnitTest name="Patch_InvalidPropertyNameReturnsBadRequest" storage="d:\github\modelrelief\modelrelief.test\bin\debug\netcoreapp2.0\modelrelief.test.dll" id="6b2956b9-5fda-4534-98a6-443fba3f0d7c"><Execution id="f4bf23ee-7d89-4dfb-b005-a8a67423baf2" /><TestMethod codeBase="d:\Github\ModelRelief\ModelRelief.test\bin\Debug\netcoreapp2.0\ModelRelief.Test.dll" adapterTypeName="executor://xunit/VsTestRunner2/netcoreapp" className="ModelRelief.Test.Integration.Cameras.CamerasBaseIntegrationTests" name="Patch_InvalidPropertyNameReturnsBadRequest" /></UnitTest><UnitTest name="Patch_TargetPropertyIsUpdated" storage="d:\github\modelrelief\modelrelief.test\bin\debug\netcoreapp2.0\modelrelief.test.dll" id="1731c717-96b7-4ed6-abb0-d8786742359e"><Execution id="08773d03-44c8-479b-8842-e329298269a8" /><TestMethod codeBase="d:\Github\ModelRelief\ModelRelief.test\bin\Debug\netcoreapp2.0\ModelRelief.Test.dll" adapterTypeName="executor://xunit/VsTestRunner2/netcoreapp" className="ModelRelief.Test.Integration.Meshes.MeshesBaseIntegrationTests" name="Patch_TargetPropertyIsUpdated" /></UnitTest><UnitTest name="Put_InvalidReferencePropertyReturndBadRequest" storage="d:\github\modelrelief\modelrelief.test\bin\debug\netcoreapp2.0\modelrelief.test.dll" id="b839d55a-2cee-4548-be22-766125c4c663"><Execution id="058ab938-f06e-427f-a1f9-4a9335a3207c" /><TestMethod codeBase="d:\Github\ModelRelief\ModelRelief.test\bin\Debug\netcoreapp2.0\ModelRelief.Test.dll" adapterTypeName="executor://xunit/VsTestRunner2/netcoreapp" className="ModelRelief.Test.Integration.Cameras.CamerasBaseIntegrationTests" name="Put_InvalidReferencePropertyReturndBadRequest" /></UnitTest><UnitTest name="GetFile_NonExistentFileReturnsNotFound" storage="d:\github\modelrelief\modelrelief.test\bin\debug\netcoreapp2.0\modelrelief.test.dll" id="6d6fc796-af13-4232-b769-0a0876d4d148"><Execution id="8a20d544-9f7c-4516-9fa3-5a125c4b6856" /><TestMethod codeBase="d:\Github\ModelRelief\ModelRelief.test\bin\Debug\netcoreapp2.0\ModelRelief.Test.dll" adapterTypeName="executor://xunit/VsTestRunner2/netcoreapp" className="ModelRelief.Test.Integration.DepthBuffers.DepthBuffersFileIntegrationTests" name="GetFile_NonExistentFileReturnsNotFound" /></UnitTest><UnitTest name="GetFile_NonExistentFileReturnsNotFound" storage="d:\github\modelrelief\modelrelief.test\bin\debug\netcoreapp2.0\modelrelief.test.dll" id="a372748e-5905-461d-bfdb-e558ff8f3a71"><Execution id="f36557fe-c9fd-4711-ba73-4249303ef3a6" /><TestMethod codeBase="d:\Github\ModelRelief\ModelRelief.test\bin\Debug\netcoreapp2.0\ModelRelief.Test.dll" adapterTypeName="executor://xunit/VsTestRunner2/netcoreapp" className="ModelRelief.Test.Integration.Meshes.MeshesFileIntegrationTests" name="GetFile_NonExistentFileReturnsNotFound" /></UnitTest><UnitTest name="Put_InvalidReferencePropertyReturndBadRequest" storage="d:\github\modelrelief\modelrelief.test\bin\debug\netcoreapp2.0\modelrelief.test.dll" id="4878feb8-90e4-4b34-956f-23896abfad6a"><Execution id="a1bc5a3a-cbdf-438b-84c4-dfc5dd150c2c" /><TestMethod codeBase="d:\Github\ModelRelief\ModelRelief.test\bin\Debug\netcoreapp2.0\ModelRelief.Test.dll" adapterTypeName="executor://xunit/VsTestRunner2/netcoreapp" className="ModelRelief.Test.Integration.DepthBuffers.DepthBuffersBaseIntegrationTests" name="Put_InvalidReferencePropertyReturndBadRequest" /></UnitTest><UnitTest name="Patch_ValidReferencePropertyUpdatesModel" storage="d:\github\modelrelief\modelrelief.test\bin\debug\netcoreapp2.0\modelrelief.test.dll" id="1fd708b9-cbef-41ac-827d-c7aaec63808a"><Execution id="aee467da-1884-4d94-b711-c84f1f06e0d0" /><TestMethod codeBase="d:\Github\ModelRelief\ModelRelief.test\bin\Debug\netcoreapp2.0\ModelRelief.Test.dll" adapterTypeName="executor://xunit/VsTestRunner2/netcoreapp" className="ModelRelief.Test.Integration.Meshes.MeshesBaseIntegrationTests" name="Patch_ValidReferencePropertyUpdatesModel" /></UnitTest><UnitTest name="Patch_InvalidReferencePropertyReturnsBadRequest" storage="d:\github\modelrelief\modelrelief.test\bin\debug\netcoreapp2.0\modelrelief.test.dll" id="5b9269a6-9875-48bf-9e40-3a9cf10f7259"><Execution id="14ede8ce-65f2-4c9b-87e9-88bb6430e088" /><TestMethod codeBase="d:\Github\ModelRelief\ModelRelief.test\bin\Debug\netcoreapp2.0\ModelRelief.Test.dll" adapterTypeName="executor://xunit/VsTestRunner2/netcoreapp" className="ModelRelief.Test.Integration.Projects.ProjectsBaseIntegrationTests" name="Patch_InvalidReferencePropertyReturnsBadRequest" /></UnitTest><UnitTest name="FileRequest_FileCanBeReadAfterRename" storage="d:\github\modelrelief\modelrelief.test\bin\debug\netcoreapp2.0\modelrelief.test.dll" id="37b52d5c-f3f0-4e28-9c71-9bd516ba1604"><Execution id="063498b9-e570-4d3b-96d7-6c4e70b3eb41" /><TestMethod codeBase="d:\Github\ModelRelief\ModelRelief.test\bin\Debug\netcoreapp2.0\ModelRelief.Test.dll" adapterTypeName="executor://xunit/VsTestRunner2/netcoreapp" className="ModelRelief.Test.Integration.Models.ModelsFileIntegrationTests" name="FileRequest_FileCanBeReadAfterRename" /></UnitTest><UnitTest name="Patch_InvalidReferencePropertyReturnsBadRequest" storage="d:\github\modelrelief\modelrelief.test\bin\debug\netcoreapp2.0\modelrelief.test.dll" id="0805099a-e96c-4fa8-8401-7a4a15c41513"><Execution id="93e0a52d-abcb-4f71-b519-64d13b1250bd" /><TestMethod codeBase="d:\Github\ModelRelief\ModelRelief.test\bin\Debug\netcoreapp2.0\ModelRelief.Test.dll" adapterTypeName="executor://xunit/VsTestRunner2/netcoreapp" className="ModelRelief.Test.Integration.DepthBuffers.DepthBuffersBaseIntegrationTests" name="Patch_InvalidReferencePropertyReturnsBadRequest" /></UnitTest><UnitTest name="Patch_ValidReferencePropertyUpdatesModel" storage="d:\github\modelrelief\modelrelief.test\bin\debug\netcoreapp2.0\modelrelief.test.dll" id="a73d2dcf-7046-4392-b7b4-6def8bd0b7fd"><Execution id="7a94f168-5455-4b55-ab26-5377049d0f36" /><TestMethod codeBase="d:\Github\ModelRelief\ModelRelief.test\bin\Debug\netcoreapp2.0\ModelRelief.Test.dll" adapterTypeName="executor://xunit/VsTestRunner2/netcoreapp" className="ModelRelief.Test.Integration.Cameras.CamerasBaseIntegrationTests" name="Patch_ValidReferencePropertyUpdatesModel" /></UnitTest><UnitTest name="Patch_MultipleInvalidReferencePropertiesReturnsMultipleValidationErrorsAndBadRequest" storage="d:\github\modelrelief\modelrelief.test\bin\debug\netcoreapp2.0\modelrelief.test.dll" id="3efa68d1-7102-48f2-b6fb-813f94e2742b"><Execution id="0728130e-5c2a-46ce-a17d-6ffb91a6cd80" /><TestMethod codeBase="d:\Github\ModelRelief\ModelRelief.test\bin\Debug\netcoreapp2.0\ModelRelief.Test.dll" adapterTypeName="executor://xunit/VsTestRunner2/netcoreapp" className="ModelRelief.Test.Integration.MeshTransforms.MeshTransformsBaseIntegrationTests" name="Patch_MultipleInvalidReferencePropertiesReturnsMultipleValidationErrorsAndBadRequest" /></UnitTest><UnitTest name="Post_InvalidReferencePropertyReturnsBadRequest" storage="d:\github\modelrelief\modelrelief.test\bin\debug\netcoreapp2.0\modelrelief.test.dll" id="d6a1452f-36e7-4131-bdbd-9e766f641913"><Execution id="e7a60f11-a081-4356-9440-02c637e3111e" /><TestMethod codeBase="d:\Github\ModelRelief\ModelRelief.test\bin\Debug\netcoreapp2.0\ModelRelief.Test.dll" adapterTypeName="executor://xunit/VsTestRunner2/netcoreapp" className="ModelRelief.Test.Integration.Cameras.CamerasBaseIntegrationTests" name="Post_InvalidReferencePropertyReturnsBadRequest" /></UnitTest><UnitTest name="Post_ValidReferencePropertyCreatesModel" storage="d:\github\modelrelief\modelrelief.test\bin\debug\netcoreapp2.0\modelrelief.test.dll" id="bd8ca31b-f337-40a7-ac2e-9fd1c83b4eab"><Execution id="3e6e6f72-8f11-45b1-a7a4-2dd1aac8132e" /><TestMethod codeBase="d:\Github\ModelRelief\ModelRelief.test\bin\Debug\netcoreapp2.0\ModelRelief.Test.dll" adapterTypeName="executor://xunit/VsTestRunner2/netcoreapp" className="ModelRelief.Test.Integration.MeshTransforms.MeshTransformsBaseIntegrationTests" name="Post_ValidReferencePropertyCreatesModel" /></UnitTest><UnitTest name="PostFile_FileTimeStampIsUpdatedAfterFileIsPosted" storage="d:\github\modelrelief\modelrelief.test\bin\debug\netcoreapp2.0\modelrelief.test.dll" id="f0ca8aa1-6cba-439a-bef8-230d2c2388cd"><Execution id="ec366b34-fc6c-458a-9fd2-b1f89e51204c" /><TestMethod codeBase="d:\Github\ModelRelief\ModelRelief.test\bin\Debug\netcoreapp2.0\ModelRelief.Test.dll" adapterTypeName="executor://xunit/VsTestRunner2/netcoreapp" className="ModelRelief.Test.Integration.Meshes.MeshesFileIntegrationTests" name="PostFile_FileTimeStampIsUpdatedAfterFileIsPosted" /></UnitTest><UnitTest name="Patch_InvalidEnumPropertyValueReturnsBadRequest" storage="d:\github\modelrelief\modelrelief.test\bin\debug\netcoreapp2.0\modelrelief.test.dll" id="155426ae-671c-4afc-9be4-76c1e5b50883"><Execution id="000bd896-4e12-4acd-9019-5824a6019c14" /><TestMethod codeBase="d:\Github\ModelRelief\ModelRelief.test\bin\Debug\netcoreapp2.0\ModelRelief.Test.dll" adapterTypeName="executor://xunit/VsTestRunner2/netcoreapp" className="ModelRelief.Test.Integration.DepthBuffers.DepthBuffersBaseIntegrationTests" name="Patch_InvalidEnumPropertyValueReturnsBadRequest" /></UnitTest><UnitTest name="GetSingle_InvalidIdPropertyValueReturnsNotFound" storage="d:\github\modelrelief\modelrelief.test\bin\debug\netcoreapp2.0\modelrelief.test.dll" id="51aebad3-8452-4378-84ce-860452dadc36"><Execution id="8de69ae1-6211-4915-8b22-057e32b75b89" /><TestMethod codeBase="d:\Github\ModelRelief\ModelRelief.test\bin\Debug\netcoreapp2.0\ModelRelief.Test.dll" adapterTypeName="executor://xunit/VsTestRunner2/netcoreapp" className="ModelRelief.Test.Integration.Projects.ProjectsBaseIntegrationTests" name="GetSingle_InvalidIdPropertyValueReturnsNotFound" /></UnitTest><UnitTest name="GetSingle_ValidIdPropertyValueReturnsCorrectModel" storage="d:\github\modelrelief\modelrelief.test\bin\debug\netcoreapp2.0\modelrelief.test.dll" id="3eb76d08-8256-4a95-bcc3-5328a0260460"><Execution id="0e9da382-6785-4426-9dd7-1b53ac3c9a2f" /><TestMethod codeBase="d:\Github\ModelRelief\ModelRelief.test\bin\Debug\netcoreapp2.0\ModelRelief.Test.dll" adapterTypeName="executor://xunit/VsTestRunner2/netcoreapp" className="ModelRelief.Test.Integration.Cameras.CamerasBaseIntegrationTests" name="GetSingle_ValidIdPropertyValueReturnsCorrectModel" /></UnitTest><UnitTest name="Put_InvalidReferencePropertyReturndBadRequest" storage="d:\github\modelrelief\modelrelief.test\bin\debug\netcoreapp2.0\modelrelief.test.dll" id="3c05a731-401e-425a-b169-358880ac86a9"><Execution id="f9adcc7a-372d-41b2-841a-1e4f4c2577ed" /><TestMethod codeBase="d:\Github\ModelRelief\ModelRelief.test\bin\Debug\netcoreapp2.0\ModelRelief.Test.dll" adapterTypeName="executor://xunit/VsTestRunner2/netcoreapp" className="ModelRelief.Test.Integration.MeshTransforms.MeshTransformsBaseIntegrationTests" name="Put_InvalidReferencePropertyReturndBadRequest" /></UnitTest><UnitTest name="FileRequest_FileCanBeReadAfterRename" storage="d:\github\modelrelief\modelrelief.test\bin\debug\netcoreapp2.0\modelrelief.test.dll" id="95a4d293-add4-4f69-894c-49c45fadf39d"><Execution id="dd15765a-0c36-48d0-a9f5-75f0792ec803" /><TestMethod codeBase="d:\Github\ModelRelief\ModelRelief.test\bin\Debug\netcoreapp2.0\ModelRelief.Test.dll" adapterTypeName="executor://xunit/VsTestRunner2/netcoreapp" className="ModelRelief.Test.Integration.Meshes.MeshesFileIntegrationTests" name="FileRequest_FileCanBeReadAfterRename" /></UnitTest><UnitTest name="GetList_ListReturnsCorrectCount" storage="d:\github\modelrelief\modelrelief.test\bin\debug\netcoreapp2.0\modelrelief.test.dll" id="d8d1f1fc-71b9-438a-b7ee-d3aeebda3e7e"><Execution id="4789e437-d3ad-4894-a9f6-fd9c6f5047e7" /><TestMethod codeBase="d:\Github\ModelRelief\ModelRelief.test\bin\Debug\netcoreapp2.0\ModelRelief.Test.dll" adapterTypeName="executor://xunit/VsTestRunner2/netcoreapp" className="ModelRelief.Test.Integration.DepthBuffers.DepthBuffersBaseIntegrationTests" name="GetList_ListReturnsCorrectCount" /></UnitTest><UnitTest name="Patch_TargetPropertyIsUpdated" storage="d:\github\modelrelief\modelrelief.test\bin\debug\netcoreapp2.0\modelrelief.test.dll" id="5b064b8f-dcae-40df-9524-b5a95018c479"><Execution id="75c8bb1b-9e44-41ec-9531-dd5dbb5dc5f5" /><TestMethod codeBase="d:\Github\ModelRelief\ModelRelief.test\bin\Debug\netcoreapp2.0\ModelRelief.Test.dll" adapterTypeName="executor://xunit/VsTestRunner2/netcoreapp" className="ModelRelief.Test.Integration.DepthBuffers.DepthBuffersBaseIntegrationTests" name="Patch_TargetPropertyIsUpdated" /></UnitTest><UnitTest name="Put_CanUpdateModel" storage="d:\github\modelrelief\modelrelief.test\bin\debug\netcoreapp2.0\modelrelief.test.dll" id="a5ceb3a4-247f-48d1-bca9-f386f0ea7b5c"><Execution id="5b2d9762-1f07-4338-9eb7-2b3d708d2d6e" /><TestMethod codeBase="d:\Github\ModelRelief\ModelRelief.test\bin\Debug\netcoreapp2.0\ModelRelief.Test.dll" adapterTypeName="executor://xunit/VsTestRunner2/netcoreapp" className="ModelRelief.Test.Integration.Models.ModelsBaseIntegrationTests" name="Put_CanUpdateModel" /></UnitTest><UnitTest name="Patch_MultipleInvalidReferencePropertiesReturnsMultipleValidationErrorsAndBadRequest" storage="d:\github\modelrelief\modelrelief.test\bin\debug\netcoreapp2.0\modelrelief.test.dll" id="a481eb29-efe8-45ea-a627-01694f290ebd"><Execution id="1f7a0926-e94b-4568-ad79-ea6aecc63a57" /><TestMethod codeBase="d:\Github\ModelRelief\ModelRelief.test\bin\Debug\netcoreapp2.0\ModelRelief.Test.dll" adapterTypeName="executor://xunit/VsTestRunner2/netcoreapp" className="ModelRelief.Test.Integration.Models.ModelsBaseIntegrationTests" name="Patch_MultipleInvalidReferencePropertiesReturnsMultipleValidationErrorsAndBadRequest" /></UnitTest><UnitTest name="Put_ValidReferencePropertyUpdatesModel" storage="d:\github\modelrelief\modelrelief.test\bin\debug\netcoreapp2.0\modelrelief.test.dll" id="eb2b708a-f09f-40a0-87f9-89f7842e50ad"><Execution id="1322b241-8687-428f-ac14-1a21dc3b5d19" /><TestMethod codeBase="d:\Github\ModelRelief\ModelRelief.test\bin\Debug\netcoreapp2.0\ModelRelief.Test.dll" adapterTypeName="executor://xunit/VsTestRunner2/netcoreapp" className="ModelRelief.Test.Integration.Meshes.MeshesBaseIntegrationTests" name="Put_ValidReferencePropertyUpdatesModel" /></UnitTest><UnitTest name="Patch_ValidReferencePropertyUpdatesModel" storage="d:\github\modelrelief\modelrelief.test\bin\debug\netcoreapp2.0\modelrelief.test.dll" id="d983709c-ee50-424a-9aa8-714e73df527d"><Execution id="6c6f0dc1-c01f-4533-9a11-28925f98530b" /><TestMethod codeBase="d:\Github\ModelRelief\ModelRelief.test\bin\Debug\netcoreapp2.0\ModelRelief.Test.dll" adapterTypeName="executor://xunit/VsTestRunner2/netcoreapp" className="ModelRelief.Test.Integration.MeshTransforms.MeshTransformsBaseIntegrationTests" name="Patch_ValidReferencePropertyUpdatesModel" /></UnitTest><UnitTest name="Post_InvalidReferencePropertyReturnsBadRequest" storage="d:\github\modelrelief\modelrelief.test\bin\debug\netcoreapp2.0\modelrelief.test.dll" id="8c2fe64d-276a-41f9-bce4-1dbedb9e6555"><Execution id="85cc9a5f-28f2-4b54-985f-4f30678685b5" /><TestMethod codeBase="d:\Github\ModelRelief\ModelRelief.test\bin\Debug\netcoreapp2.0\ModelRelief.Test.dll" adapterTypeName="executor://xunit/VsTestRunner2/netcoreapp" className="ModelRelief.Test.Integration.Models.ModelsBaseIntegrationTests" name="Post_InvalidReferencePropertyReturnsBadRequest" /></UnitTest><UnitTest name="Delete_TargetModelIsDeleted" storage="d:\github\modelrelief\modelrelief.test\bin\debug\netcoreapp2.0\modelrelief.test.dll" id="3e31fc85-8b89-45da-8ac0-96f9802c9899"><Execution id="c97af2c9-b2ef-4c04-a2d9-0a81129f7f87" /><TestMethod codeBase="d:\Github\ModelRelief\ModelRelief.test\bin\Debug\netcoreapp2.0\ModelRelief.Test.dll" adapterTypeName="executor://xunit/VsTestRunner2/netcoreapp" className="ModelRelief.Test.Integration.Meshes.MeshesBaseIntegrationTests" name="Delete_TargetModelIsDeleted" /></UnitTest><UnitTest name="PostFile_FileIsSynchronizedIsUpdatedAfterFileIsPosted" storage="d:\github\modelrelief\modelrelief.test\bin\debug\netcoreapp2.0\modelrelief.test.dll" id="6d7fed80-189b-42ee-9d67-fe6f5d36ab76"><Execution id="f34eebe7-50ae-4414-8644-64c2a4a0fc6a" /><TestMethod codeBase="d:\Github\ModelRelief\ModelRelief.test\bin\Debug\netcoreapp2.0\ModelRelief.Test.dll" adapterTypeName="executor://xunit/VsTestRunner2/netcoreapp" className="ModelRelief.Test.Integration.DepthBuffers.DepthBuffersFileIntegrationTests" name="PostFile_FileIsSynchronizedIsUpdatedAfterFileIsPosted" /></UnitTest><UnitTest name="PutFile_NewFileCanBePut" storage="d:\github\modelrelief\modelrelief.test\bin\debug\netcoreapp2.0\modelrelief.test.dll" id="74870fe1-b02a-4b71-ae24-91ad63b003c6"><Execution id="dc6a2ef5-2e65-4fce-b9f4-7c2f9782ce4f" /><TestMethod codeBase="d:\Github\ModelRelief\ModelRelief.test\bin\Debug\netcoreapp2.0\ModelRelief.Test.dll" adapterTypeName="executor://xunit/VsTestRunner2/netcoreapp" className="ModelRelief.Test.Integration.Models.ModelsFileIntegrationTests" name="PutFile_NewFileCanBePut" /></UnitTest><UnitTest name="Post_CanCreateNewModel" storage="d:\github\modelrelief\modelrelief.test\bin\debug\netcoreapp2.0\modelrelief.test.dll" id="7096ecaa-850e-4449-b77d-ef7788314435"><Execution id="c78826db-118c-420c-aa46-a0bb7d429432" /><TestMethod codeBase="d:\Github\ModelRelief\ModelRelief.test\bin\Debug\netcoreapp2.0\ModelRelief.Test.dll" adapterTypeName="executor://xunit/VsTestRunner2/netcoreapp" className="ModelRelief.Test.Integration.MeshTransforms.MeshTransformsBaseIntegrationTests" name="Post_CanCreateNewModel" /></UnitTest><UnitTest name="Put_InvalidReferencePropertyReturndBadRequest" storage="d:\github\modelrelief\modelrelief.test\bin\debug\netcoreapp2.0\modelrelief.test.dll" id="86160522-d5bb-4ab8-9c4f-1c126be34966"><Execution id="6d84e887-e8b4-4351-8dd2-d39fb1d1c125" /><TestMethod codeBase="d:\Github\ModelRelief\ModelRelief.test\bin\Debug\netcoreapp2.0\ModelRelief.Test.dll" adapterTypeName="executor://xunit/VsTestRunner2/netcoreapp" className="ModelRelief.Test.Integration.Projects.ProjectsBaseIntegrationTests" name="Put_InvalidReferencePropertyReturndBadRequest" /></UnitTest><UnitTest name="Post_InvalidReferencePropertyReturnsBadRequest" storage="d:\github\modelrelief\modelrelief.test\bin\debug\netcoreapp2.0\modelrelief.test.dll" id="31908cb6-7565-49f5-982c-1b6c9e1b72cc"><Execution id="201814fd-b312-4531-b41c-f73deb70caac" /><TestMethod codeBase="d:\Github\ModelRelief\ModelRelief.test\bin\Debug\netcoreapp2.0\ModelRelief.Test.dll" adapterTypeName="executor://xunit/VsTestRunner2/netcoreapp" className="ModelRelief.Test.Integration.Meshes.MeshesBaseIntegrationTests" name="Post_InvalidReferencePropertyReturnsBadRequest" /></UnitTest><UnitTest name="GetSingle_InvalidIdPropertyValueReturnsNotFound" storage="d:\github\modelrelief\modelrelief.test\bin\debug\netcoreapp2.0\modelrelief.test.dll" id="738b1c23-59b5-4ee2-b2e5-e58e456b71db"><Execution id="b2438c1d-3e49-4cd2-8b21-8bc285f991d7" /><TestMethod codeBase="d:\Github\ModelRelief\ModelRelief.test\bin\Debug\netcoreapp2.0\ModelRelief.Test.dll" adapterTypeName="executor://xunit/VsTestRunner2/netcoreapp" className="ModelRelief.Test.Integration.Models.ModelsBaseIntegrationTests" name="GetSingle_InvalidIdPropertyValueReturnsNotFound" /></UnitTest><UnitTest name="Put_ValidReferencePropertyUpdatesModel" storage="d:\github\modelrelief\modelrelief.test\bin\debug\netcoreapp2.0\modelrelief.test.dll" id="a47631ca-df5e-43be-8a66-b10c3b03f9df"><Execution id="7eca7a1c-90db-492e-baad-0fe58743e491" /><TestMethod codeBase="d:\Github\ModelRelief\ModelRelief.test\bin\Debug\netcoreapp2.0\ModelRelief.Test.dll" adapterTypeName="executor://xunit/VsTestRunner2/netcoreapp" className="ModelRelief.Test.Integration.MeshTransforms.MeshTransformsBaseIntegrationTests" name="Put_ValidReferencePropertyUpdatesModel" /></UnitTest><UnitTest name="PutFile_FileCanBeUpdated" storage="d:\github\modelrelief\modelrelief.test\bin\debug\netcoreapp2.0\modelrelief.test.dll" id="f08baf70-5c40-480e-87b8-9e830a3a3cb0"><Execution id="2ce5cf81-9f61-4119-bd9a-5a71b6d57ccf" /><TestMethod codeBase="d:\Github\ModelRelief\ModelRelief.test\bin\Debug\netcoreapp2.0\ModelRelief.Test.dll" adapterTypeName="executor://xunit/VsTestRunner2/netcoreapp" className="ModelRelief.Test.Integration.DepthBuffers.DepthBuffersFileIntegrationTests" name="PutFile_FileCanBeUpdated" /></UnitTest><UnitTest name="Patch_InvalidReferencePropertyReturnsBadRequest" storage="d:\github\modelrelief\modelrelief.test\bin\debug\netcoreapp2.0\modelrelief.test.dll" id="a81b3445-b18f-4b8e-8981-acd76b606a4d"><Execution id="65e32a08-db7b-4c63-8034-3b018f9aa013" /><TestMethod codeBase="d:\Github\ModelRelief\ModelRelief.test\bin\Debug\netcoreapp2.0\ModelRelief.Test.dll" adapterTypeName="executor://xunit/VsTestRunner2/netcoreapp" className="ModelRelief.Test.Integration.Models.ModelsBaseIntegrationTests" name="Patch_InvalidReferencePropertyReturnsBadRequest" /></UnitTest><UnitTest name="Patch_InvalidIdPropertyReturnsNotFound" storage="d:\github\modelrelief\modelrelief.test\bin\debug\netcoreapp2.0\modelrelief.test.dll" id="278b89d4-e824-44c2-a119-258b6b1b0499"><Execution id="ffd4ac70-c700-4135-ada1-25d005416b61" /><TestMethod codeBase="d:\Github\ModelRelief\ModelRelief.test\bin\Debug\netcoreapp2.0\ModelRelief.Test.dll" adapterTypeName="executor://xunit/VsTestRunner2/netcoreapp" className="ModelRelief.Test.Integration.Projects.ProjectsBaseIntegrationTests" name="Patch_InvalidIdPropertyReturnsNotFound" /></UnitTest><UnitTest name="Post_ValidReferencePropertyCreatesModel" storage="d:\github\modelrelief\modelrelief.test\bin\debug\netcoreapp2.0\modelrelief.test.dll" id="22b3212a-8c48-4d4b-9f90-b203c66a09f4"><Execution id="c21f0e75-216b-4522-959c-d8045941e7e5" /><TestMethod codeBase="d:\Github\ModelRelief\ModelRelief.test\bin\Debug\netcoreapp2.0\ModelRelief.Test.dll" adapterTypeName="executor://xunit/VsTestRunner2/netcoreapp" className="ModelRelief.Test.Integration.DepthBuffers.DepthBuffersBaseIntegrationTests" name="Post_ValidReferencePropertyCreatesModel" /></UnitTest><UnitTest name="GetSingle_ValidIdPropertyValueReturnsCorrectModel" storage="d:\github\modelrelief\modelrelief.test\bin\debug\netcoreapp2.0\modelrelief.test.dll" id="ef382caa-154c-49d4-807c-e6a5aef9567d"><Execution id="f0921a09-2fe8-4772-bcce-f2406eceb486" /><TestMethod codeBase="d:\Github\ModelRelief\ModelRelief.test\bin\Debug\netcoreapp2.0\ModelRelief.Test.dll" adapterTypeName="executor://xunit/VsTestRunner2/netcoreapp" className="ModelRelief.Test.Integration.MeshTransforms.MeshTransformsBaseIntegrationTests" name="GetSingle_ValidIdPropertyValueReturnsCorrectModel" /></UnitTest><UnitTest name="GetFile_ExistingFileReturnsSuccess" storage="d:\github\modelrelief\modelrelief.test\bin\debug\netcoreapp2.0\modelrelief.test.dll" id="225df218-8be1-47c7-8c00-4f4b33d29eda"><Execution id="c5fcfe6b-c2b7-49ec-81f7-1443b6368b87" /><TestMethod codeBase="d:\Github\ModelRelief\ModelRelief.test\bin\Debug\netcoreapp2.0\ModelRelief.Test.dll" adapterTypeName="executor://xunit/VsTestRunner2/netcoreapp" className="ModelRelief.Test.Integration.Models.ModelsFileIntegrationTests" name="GetFile_ExistingFileReturnsSuccess" /></UnitTest><UnitTest name="Put_CanUpdateModel" storage="d:\github\modelrelief\modelrelief.test\bin\debug\netcoreapp2.0\modelrelief.test.dll" id="f86f98f3-9c37-4c00-8da4-7be8b7844786"><Execution id="f6edf2c1-5500-4ec7-bb9a-76a81a94b227" /><TestMethod codeBase="d:\Github\ModelRelief\ModelRelief.test\bin\Debug\netcoreapp2.0\ModelRelief.Test.dll" adapterTypeName="executor://xunit/VsTestRunner2/netcoreapp" className="ModelRelief.Test.Integration.Cameras.CamerasBaseIntegrationTests" name="Put_CanUpdateModel" /></UnitTest><UnitTest name="Post_InvalidReferencePropertyReturnsBadRequest" storage="d:\github\modelrelief\modelrelief.test\bin\debug\netcoreapp2.0\modelrelief.test.dll" id="860387bf-f0ef-474f-b9b1-f069da0e7578"><Execution id="6b370464-348f-4e27-8f2a-39bbccec2f34" /><TestMethod codeBase="d:\Github\ModelRelief\ModelRelief.test\bin\Debug\netcoreapp2.0\ModelRelief.Test.dll" adapterTypeName="executor://xunit/VsTestRunner2/netcoreapp" className="ModelRelief.Test.Integration.DepthBuffers.DepthBuffersBaseIntegrationTests" name="Post_InvalidReferencePropertyReturnsBadRequest" /></UnitTest><UnitTest name="Put_InvalidReferencePropertyReturndBadRequest" storage="d:\github\modelrelief\modelrelief.test\bin\debug\netcoreapp2.0\modelrelief.test.dll" id="8ef996ff-dbe2-4d53-9925-518ec14c700d"><Execution id="83b97a6f-c802-45b3-af15-7b9352dd7be8" /><TestMethod codeBase="d:\Github\ModelRelief\ModelRelief.test\bin\Debug\netcoreapp2.0\ModelRelief.Test.dll" adapterTypeName="executor://xunit/VsTestRunner2/netcoreapp" className="ModelRelief.Test.Integration.Meshes.MeshesBaseIntegrationTests" name="Put_InvalidReferencePropertyReturndBadRequest" /></UnitTest><UnitTest name="Patch_TargetPropertyIsUpdated" storage="d:\github\modelrelief\modelrelief.test\bin\debug\netcoreapp2.0\modelrelief.test.dll" id="5fbcd783-6adb-482f-a304-fa13b74605a1"><Execution id="3d8f2001-758c-406a-a682-5d259cf0804b" /><TestMethod codeBase="d:\Github\ModelRelief\ModelRelief.test\bin\Debug\netcoreapp2.0\ModelRelief.Test.dll" adapterTypeName="executor://xunit/VsTestRunner2/netcoreapp" className="ModelRelief.Test.Integration.Cameras.CamerasBaseIntegrationTests" name="Patch_TargetPropertyIsUpdated" /></UnitTest><UnitTest name="Patch_InvalidPropertyNameReturnsBadRequest" storage="d:\github\modelrelief\modelrelief.test\bin\debug\netcoreapp2.0\modelrelief.test.dll" id="64e4cee4-e6af-4244-ac6d-1b3c88fa77c3"><Execution id="1aee5f30-0d26-4be0-934b-308ffa51c10d" /><TestMethod codeBase="d:\Github\ModelRelief\ModelRelief.test\bin\Debug\netcoreapp2.0\ModelRelief.Test.dll" adapterTypeName="executor://xunit/VsTestRunner2/netcoreapp" className="ModelRelief.Test.Integration.DepthBuffers.DepthBuffersBaseIntegrationTests" name="Patch_InvalidPropertyNameReturnsBadRequest" /></UnitTest><UnitTest name="Patch_TargetPropertyIsUpdated" storage="d:\github\modelrelief\modelrelief.test\bin\debug\netcoreapp2.0\modelrelief.test.dll" id="3c39abbe-0648-4e61-9a9b-8962a6e61c4e"><Execution id="a80d2eb4-2f33-4868-a4e6-102ca08e2001" /><TestMethod codeBase="d:\Github\ModelRelief\ModelRelief.test\bin\Debug\netcoreapp2.0\ModelRelief.Test.dll" adapterTypeName="executor://xunit/VsTestRunner2/netcoreapp" className="ModelRelief.Test.Integration.Models.ModelsBaseIntegrationTests" name="Patch_TargetPropertyIsUpdated" /></UnitTest><UnitTest name="Put_InvalidIdReturnsNotFound" storage="d:\github\modelrelief\modelrelief.test\bin\debug\netcoreapp2.0\modelrelief.test.dll" id="f4f817ee-0c5a-4ebd-90ec-cc2110f4bd29"><Execution id="ea6fa1ac-1a7f-4b7f-ba72-a1edef00567b" /><TestMethod codeBase="d:\Github\ModelRelief\ModelRelief.test\bin\Debug\netcoreapp2.0\ModelRelief.Test.dll" adapterTypeName="executor://xunit/VsTestRunner2/netcoreapp" className="ModelRelief.Test.Integration.Meshes.MeshesBaseIntegrationTests" name="Put_InvalidIdReturnsNotFound" /></UnitTest><UnitTest name="PostFile_FileIsSynchronizedIsUpdatedAfterFileIsPosted" storage="d:\github\modelrelief\modelrelief.test\bin\debug\netcoreapp2.0\modelrelief.test.dll" id="f524aa5e-17b6-48f8-9b0d-537175f08842"><Execution id="b6973f98-5589-48a2-b762-7a77389f889f" /><TestMethod codeBase="d:\Github\ModelRelief\ModelRelief.test\bin\Debug\netcoreapp2.0\ModelRelief.Test.dll" adapterTypeName="executor://xunit/VsTestRunner2/netcoreapp" className="ModelRelief.Test.Integration.Models.ModelsFileIntegrationTests" name="PostFile_FileIsSynchronizedIsUpdatedAfterFileIsPosted" /></UnitTest><UnitTest name="Patch_MultipleInvalidReferencePropertiesReturnsMultipleValidationErrorsAndBadRequest" storage="d:\github\modelrelief\modelrelief.test\bin\debug\netcoreapp2.0\modelrelief.test.dll" id="1094ce39-f8fd-4202-87c7-4d8fccdf3fc4"><Execution id="14855a34-d9f2-4da4-ac8b-340c29d2a003" /><TestMethod codeBase="d:\Github\ModelRelief\ModelRelief.test\bin\Debug\netcoreapp2.0\ModelRelief.Test.dll" adapterTypeName="executor://xunit/VsTestRunner2/netcoreapp" className="ModelRelief.Test.Integration.Cameras.CamerasBaseIntegrationTests" name="Patch_MultipleInvalidReferencePropertiesReturnsMultipleValidationErrorsAndBadRequest" /></UnitTest><UnitTest name="PostFile_NewFileCanBePosted" storage="d:\github\modelrelief\modelrelief.test\bin\debug\netcoreapp2.0\modelrelief.test.dll" id="79e064ec-1c9e-4633-8fb6-dfd3d588e7b7"><Execution id="552a4e37-4986-490d-a495-ae30438b3cc6" /><TestMethod codeBase="d:\Github\ModelRelief\ModelRelief.test\bin\Debug\netcoreapp2.0\ModelRelief.Test.dll" adapterTypeName="executor://xunit/VsTestRunner2/netcoreapp" className="ModelRelief.Test.Integration.Meshes.MeshesFileIntegrationTests" name="PostFile_NewFileCanBePosted" /></UnitTest><UnitTest name="Put_CanUpdateModel" storage="d:\github\modelrelief\modelrelief.test\bin\debug\netcoreapp2.0\modelrelief.test.dll" id="f00db7ad-841b-484c-b6de-8e043833801b"><Execution id="94cfbd3d-470e-4e72-8579-de475013be57" /><TestMethod codeBase="d:\Github\ModelRelief\ModelRelief.test\bin\Debug\netcoreapp2.0\ModelRelief.Test.dll" adapterTypeName="executor://xunit/VsTestRunner2/netcoreapp" className="ModelRelief.Test.Integration.MeshTransforms.MeshTransformsBaseIntegrationTests" name="Put_CanUpdateModel" /></UnitTest><UnitTest name="PutFile_NewFileCanBePut" storage="d:\github\modelrelief\modelrelief.test\bin\debug\netcoreapp2.0\modelrelief.test.dll" id="b9d3f79a-552a-4258-b6d8-aee42a109989"><Execution id="e9489680-4caa-4310-aab9-16ad1677a807" /><TestMethod codeBase="d:\Github\ModelRelief\ModelRelief.test\bin\Debug\netcoreapp2.0\ModelRelief.Test.dll" adapterTypeName="executor://xunit/VsTestRunner2/netcoreapp" className="ModelRelief.Test.Integration.DepthBuffers.DepthBuffersFileIntegrationTests" name="PutFile_NewFileCanBePut" /></UnitTest><UnitTest name="GetSingle_InvalidIdPropertyValueReturnsNotFound" storage="d:\github\modelrelief\modelrelief.test\bin\debug\netcoreapp2.0\modelrelief.test.dll" id="3c117751-85a7-4f7b-afab-8251a1a58416"><Execution id="7a95c46d-9459-4985-b541-64b0ca31cc89" /><TestMethod codeBase="d:\Github\ModelRelief\ModelRelief.test\bin\Debug\netcoreapp2.0\ModelRelief.Test.dll" adapterTypeName="executor://xunit/VsTestRunner2/netcoreapp" className="ModelRelief.Test.Integration.Meshes.MeshesBaseIntegrationTests" name="GetSingle_InvalidIdPropertyValueReturnsNotFound" /></UnitTest><UnitTest name="GetFile_FileCanBeRoundTripped" storage="d:\github\modelrelief\modelrelief.test\bin\debug\netcoreapp2.0\modelrelief.test.dll" id="549d6b48-19f3-436f-a9ca-5f4c8025a019"><Execution id="5e7404c6-23bb-4f49-b632-c8d4cf5b602a" /><TestMethod codeBase="d:\Github\ModelRelief\ModelRelief.test\bin\Debug\netcoreapp2.0\ModelRelief.Test.dll" adapterTypeName="executor://xunit/VsTestRunner2/netcoreapp" className="ModelRelief.Test.Integration.Models.ModelsFileIntegrationTests" name="GetFile_FileCanBeRoundTripped" /></UnitTest><UnitTest name="Put_InvalidReferencePropertyReturndBadRequest" storage="d:\github\modelrelief\modelrelief.test\bin\debug\netcoreapp2.0\modelrelief.test.dll" id="3ba459b2-6b31-4ea1-8eab-1dbbf802db63"><Execution id="9c53ea2d-19bd-4ba2-929f-2dd65a0ba3c8" /><TestMethod codeBase="d:\Github\ModelRelief\ModelRelief.test\bin\Debug\netcoreapp2.0\ModelRelief.Test.dll" adapterTypeName="executor://xunit/VsTestRunner2/netcoreapp" className="ModelRelief.Test.Integration.Models.ModelsBaseIntegrationTests" name="Put_InvalidReferencePropertyReturndBadRequest" /></UnitTest><UnitTest name="Model3dHasExpectedDependentFiles" storage="d:\github\modelrelief\modelrelief.test\bin\debug\netcoreapp2.0\modelrelief.test.dll" id="99530125-94df-44e2-b98f-69d03ea9aec1"><Execution id="ab41116d-2253-4696-aa8c-482056c384d3" /><TestMethod codeBase="d:\Github\ModelRelief\ModelRelief.test\bin\Debug\netcoreapp2.0\ModelRelief.Test.dll" adapterTypeName="executor://xunit/VsTestRunner2/netcoreapp" className="ModelRelief.Test.Unit.DependencyManager.DependencyManagerTests" name="Model3dHasExpectedDependentFiles" /></UnitTest><UnitTest name="Post_CanCreateNewModel" storage="d:\github\modelrelief\modelrelief.test\bin\debug\netcoreapp2.0\modelrelief.test.dll" id="6bdd5617-976c-4100-a6a6-3b8d053063bd"><Execution id="24eec9e8-4ae3-4542-b88d-c177a30f2a50" /><TestMethod codeBase="d:\Github\ModelRelief\ModelRelief.test\bin\Debug\netcoreapp2.0\ModelRelief.Test.dll" adapterTypeName="executor://xunit/VsTestRunner2/netcoreapp" className="ModelRelief.Test.Integration.Models.ModelsBaseIntegrationTests" name="Post_CanCreateNewModel" /></UnitTest><UnitTest name="Put_InvalidIdReturnsNotFound" storage="d:\github\modelrelief\modelrelief.test\bin\debug\netcoreapp2.0\modelrelief.test.dll" id="ddfe4151-907f-42fa-90ba-9fc5a6e45c5b"><Execution id="1c3809a0-c7b0-4cb9-8e16-03c15362be66" /><TestMethod codeBase="d:\Github\ModelRelief\ModelRelief.test\bin\Debug\netcoreapp2.0\ModelRelief.Test.dll" adapterTypeName="executor://xunit/VsTestRunner2/netcoreapp" className="ModelRelief.Test.Integration.MeshTransforms.MeshTransformsBaseIntegrationTests" name="Put_InvalidIdReturnsNotFound" /></UnitTest><UnitTest name="Put_CanUpdateModel" storage="d:\github\modelrelief\modelrelief.test\bin\debug\netcoreapp2.0\modelrelief.test.dll" id="8906d97b-18e4-4f94-b454-42e0a6e7f133"><Execution id="9f0d814f-7ab8-4f4d-80db-c9e0f878bfad" /><TestMethod codeBase="d:\Github\ModelRelief\ModelRelief.test\bin\Debug\netcoreapp2.0\ModelRelief.Test.dll" adapterTypeName="executor://xunit/VsTestRunner2/netcoreapp" className="ModelRelief.Test.Integration.DepthBuffers.DepthBuffersBaseIntegrationTests" name="Put_CanUpdateModel" /></UnitTest><UnitTest name="Patch_InvalidEnumPropertyValueReturnsBadRequest" storage="d:\github\modelrelief\modelrelief.test\bin\debug\netcoreapp2.0\modelrelief.test.dll" id="cf2ec3e7-2aaf-4e68-90af-0fca4f413f3c"><Execution id="a7a72f1a-4d9e-4bff-93a3-5afcac7fec9c" /><TestMethod codeBase="d:\Github\ModelRelief\ModelRelief.test\bin\Debug\netcoreapp2.0\ModelRelief.Test.dll" adapterTypeName="executor://xunit/VsTestRunner2/netcoreapp" className="ModelRelief.Test.Integration.Projects.ProjectsBaseIntegrationTests" name="Patch_InvalidEnumPropertyValueReturnsBadRequest" /></UnitTest><UnitTest name="Put_CanUpdateModel" storage="d:\github\modelrelief\modelrelief.test\bin\debug\netcoreapp2.0\modelrelief.test.dll" id="46df7997-c4a3-45c7-abe0-4825af191a9f"><Execution id="abaf9941-5995-4a59-81f5-357040c96cf0" /><TestMethod codeBase="d:\Github\ModelRelief\ModelRelief.test\bin\Debug\netcoreapp2.0\ModelRelief.Test.dll" adapterTypeName="executor://xunit/VsTestRunner2/netcoreapp" className="ModelRelief.Test.Integration.Projects.ProjectsBaseIntegrationTests" name="Put_CanUpdateModel" /></UnitTest><UnitTest name="Patch_InvalidEnumPropertyValueReturnsBadRequest" storage="d:\github\modelrelief\modelrelief.test\bin\debug\netcoreapp2.0\modelrelief.test.dll" id="b80262ae-7ec5-45c0-8bb8-deae4b65752e"><Execution id="59ade8cc-3591-4458-a7b4-ea66868f9fab" /><TestMethod codeBase="d:\Github\ModelRelief\ModelRelief.test\bin\Debug\netcoreapp2.0\ModelRelief.Test.dll" adapterTypeName="executor://xunit/VsTestRunner2/netcoreapp" className="ModelRelief.Test.Integration.Models.ModelsBaseIntegrationTests" name="Patch_InvalidEnumPropertyValueReturnsBadRequest" /></UnitTest><UnitTest name="Patch_InvalidIdPropertyReturnsNotFound" storage="d:\github\modelrelief\modelrelief.test\bin\debug\netcoreapp2.0\modelrelief.test.dll" id="cb866ac1-06b0-49e6-8316-ae9024c84bc8"><Execution id="eb0d6f25-0e71-40ec-8b35-57d48c8ef5c0" /><TestMethod codeBase="d:\Github\ModelRelief\ModelRelief.test\bin\Debug\netcoreapp2.0\ModelRelief.Test.dll" adapterTypeName="executor://xunit/VsTestRunner2/netcoreapp" className="ModelRelief.Test.Integration.MeshTransforms.MeshTransformsBaseIntegrationTests" name="Patch_InvalidIdPropertyReturnsNotFound" /></UnitTest><UnitTest name="GetSingle_ValidIdPropertyValueReturnsCorrectModel" storage="d:\github\modelrelief\modelrelief.test\bin\debug\netcoreapp2.0\modelrelief.test.dll" id="c074aa6a-5f98-421f-89c1-1885e2d4ef1a"><Execution id="fcee0b01-2d33-428e-b078-30786e352337" /><TestMethod codeBase="d:\Github\ModelRelief\ModelRelief.test\bin\Debug\netcoreapp2.0\ModelRelief.Test.dll" adapterTypeName="executor://xunit/VsTestRunner2/netcoreapp" className="ModelRelief.Test.Integration.Projects.ProjectsBaseIntegrationTests" name="GetSingle_ValidIdPropertyValueReturnsCorrectModel" /></UnitTest><UnitTest name="Patch_InvalidEnumPropertyValueReturnsBadRequest" storage="d:\github\modelrelief\modelrelief.test\bin\debug\netcoreapp2.0\modelrelief.test.dll" id="1bfd4029-67be-41d0-a4fb-93e10868c245"><Execution id="1c5e97ec-8745-4080-abe8-fd471f90944c" /><TestMethod codeBase="d:\Github\ModelRelief\ModelRelief.test\bin\Debug\netcoreapp2.0\ModelRelief.Test.dll" adapterTypeName="executor://xunit/VsTestRunner2/netcoreapp" className="ModelRelief.Test.Integration.Cameras.CamerasBaseIntegrationTests" name="Patch_InvalidEnumPropertyValueReturnsBadRequest" /></UnitTest><UnitTest name="Post_CanCreateNewModel" storage="d:\github\modelrelief\modelrelief.test\bin\debug\netcoreapp2.0\modelrelief.test.dll" id="31bb7fb0-8b5c-45dc-8bd3-4fa5731af868"><Execution id="1d9c7c00-9e16-4615-93a2-4e734d20f01f" /><TestMethod codeBase="d:\Github\ModelRelief\ModelRelief.test\bin\Debug\netcoreapp2.0\ModelRelief.Test.dll" adapterTypeName="executor://xunit/VsTestRunner2/netcoreapp" className="ModelRelief.Test.Integration.Projects.ProjectsBaseIntegrationTests" name="Post_CanCreateNewModel" /></UnitTest><UnitTest name="Patch_ValidReferencePropertyUpdatesModel" storage="d:\github\modelrelief\modelrelief.test\bin\debug\netcoreapp2.0\modelrelief.test.dll" id="d7d5e6dc-5cab-450d-8459-00589d5b5b75"><Execution id="c517db12-dd52-439e-a8f3-fe31a7d7a758" /><TestMethod codeBase="d:\Github\ModelRelief\ModelRelief.test\bin\Debug\netcoreapp2.0\ModelRelief.Test.dll" adapterTypeName="executor://xunit/VsTestRunner2/netcoreapp" className="ModelRelief.Test.Integration.Projects.ProjectsBaseIntegrationTests" name="Patch_ValidReferencePropertyUpdatesModel" /></UnitTest><UnitTest name="GetSingle_InvalidIdPropertyValueReturnsNotFound" storage="d:\github\modelrelief\modelrelief.test\bin\debug\netcoreapp2.0\modelrelief.test.dll" id="0ad229de-d3b3-441b-a129-38557f95bf1c"><Execution id="06f82ef8-4080-4486-893e-520dc36f8b13" /><TestMethod codeBase="d:\Github\ModelRelief\ModelRelief.test\bin\Debug\netcoreapp2.0\ModelRelief.Test.dll" adapterTypeName="executor://xunit/VsTestRunner2/netcoreapp" className="ModelRelief.Test.Integration.MeshTransforms.MeshTransformsBaseIntegrationTests" name="GetSingle_InvalidIdPropertyValueReturnsNotFound" /></UnitTest><UnitTest name="PutFile_NewFileCanBePut" storage="d:\github\modelrelief\modelrelief.test\bin\debug\netcoreapp2.0\modelrelief.test.dll" id="7326c23a-eaf6-42ca-9017-145413523511"><Execution id="471d0a9d-f39f-4651-a657-819f22f332d6" /><TestMethod codeBase="d:\Github\ModelRelief\ModelRelief.test\bin\Debug\netcoreapp2.0\ModelRelief.Test.dll" adapterTypeName="executor://xunit/VsTestRunner2/netcoreapp" className="ModelRelief.Test.Integration.Meshes.MeshesFileIntegrationTests" name="PutFile_NewFileCanBePut" /></UnitTest><UnitTest name="LucyCameraFindsAllDependents" storage="d:\github\modelrelief\modelrelief.test\bin\debug\netcoreapp2.0\modelrelief.test.dll" id="0b5185ef-46ff-44a4-abc0-34b46507bffe"><Execution id="ec74bb2c-9909-48b7-88aa-4e574dbc385b" /><TestMethod codeBase="d:\Github\ModelRelief\ModelRelief.test\bin\Debug\netcoreapp2.0\ModelRelief.Test.dll" adapterTypeName="executor://xunit/VsTestRunner2/netcoreapp" className="ModelRelief.Test.Unit.DependencyManager.DependencyManagerTests" name="LucyCameraFindsAllDependents" /></UnitTest><UnitTest name="Put_ValidReferencePropertyUpdatesModel" storage="d:\github\modelrelief\modelrelief.test\bin\debug\netcoreapp2.0\modelrelief.test.dll" id="a0b6a4cb-a825-45f4-9a3a-e5487c04f883"><Execution id="91b1ca05-cc0c-45a3-b211-32e76aca6ce1" /><TestMethod codeBase="d:\Github\ModelRelief\ModelRelief.test\bin\Debug\netcoreapp2.0\ModelRelief.Test.dll" adapterTypeName="executor://xunit/VsTestRunner2/netcoreapp" className="ModelRelief.Test.Integration.DepthBuffers.DepthBuffersBaseIntegrationTests" name="Put_ValidReferencePropertyUpdatesModel" /></UnitTest><UnitTest name="Post_ValidReferencePropertyCreatesModel" storage="d:\github\modelrelief\modelrelief.test\bin\debug\netcoreapp2.0\modelrelief.test.dll" id="0b5030a7-74ab-434a-b3a7-aaf8740fe9a5"><Execution id="74bfffd8-ba05-4f2d-bea7-afd738082afe" /><TestMethod codeBase="d:\Github\ModelRelief\ModelRelief.test\bin\Debug\netcoreapp2.0\ModelRelief.Test.dll" adapterTypeName="executor://xunit/VsTestRunner2/netcoreapp" className="ModelRelief.Test.Integration.Models.ModelsBaseIntegrationTests" name="Post_ValidReferencePropertyCreatesModel" /></UnitTest><UnitTest name="Patch_TargetPropertyIsUpdated" storage="d:\github\modelrelief\modelrelief.test\bin\debug\netcoreapp2.0\modelrelief.test.dll" id="cbc5a417-8476-4d80-95cb-3125acf3005d"><Execution id="2d2164a2-603f-4c1b-9c9f-59a90f97b6f4" /><TestMethod codeBase="d:\Github\ModelRelief\ModelRelief.test\bin\Debug\netcoreapp2.0\ModelRelief.Test.dll" adapterTypeName="executor://xunit/VsTestRunner2/netcoreapp" className="ModelRelief.Test.Integration.MeshTransforms.MeshTransformsBaseIntegrationTests" name="Patch_TargetPropertyIsUpdated" /></UnitTest><UnitTest name="Delete_TargetModelIsDeleted" storage="d:\github\modelrelief\modelrelief.test\bin\debug\netcoreapp2.0\modelrelief.test.dll" id="91f0733a-869f-47d1-9685-7302cf1438df"><Execution id="f4a39cf0-c322-44b5-81dc-6e3f3a17d6ce" /><TestMethod codeBase="d:\Github\ModelRelief\ModelRelief.test\bin\Debug\netcoreapp2.0\ModelRelief.Test.dll" adapterTypeName="executor://xunit/VsTestRunner2/netcoreapp" className="ModelRelief.Test.Integration.Cameras.CamerasBaseIntegrationTests" name="Delete_TargetModelIsDeleted" /></UnitTest><UnitTest name="MeshTransformHasExpectedDependentFiles" storage="d:\github\modelrelief\modelrelief.test\bin\debug\netcoreapp2.0\modelrelief.test.dll" id="2248c103-fb33-4c0a-8037-89c985ff7733"><Execution id="7944360a-7a73-4ce9-82da-7c3403927b46" /><TestMethod codeBase="d:\Github\ModelRelief\ModelRelief.test\bin\Debug\netcoreapp2.0\ModelRelief.Test.dll" adapterTypeName="executor://xunit/VsTestRunner2/netcoreapp" className="ModelRelief.Test.Unit.DependencyManager.DependencyManagerTests" name="MeshTransformHasExpectedDependentFiles" /></UnitTest><UnitTest name="FileRequest_MeshGenerateSetsFileIsSynchronized" storage="d:\github\modelrelief\modelrelief.test\bin\debug\netcoreapp2.0\modelrelief.test.dll" id="9bf4f7e7-34f0-4673-9b6d-e60dbef14897"><Execution id="755cc519-fe37-4faf-a4f5-361b02bde05f" /><TestMethod codeBase="d:\Github\ModelRelief\ModelRelief.test\bin\Debug\netcoreapp2.0\ModelRelief.Test.dll" adapterTypeName="executor://xunit/VsTestRunner2/netcoreapp" className="ModelRelief.Test.Integration.Meshes.MeshesFileIntegrationTests" name="FileRequest_MeshGenerateSetsFileIsSynchronized" /></UnitTest><UnitTest name="Put_ValidReferencePropertyUpdatesModel" storage="d:\github\modelrelief\modelrelief.test\bin\debug\netcoreapp2.0\modelrelief.test.dll" id="1df45fed-45ae-4284-a84b-d1c40a22689b"><Execution id="ab9cb615-c0f3-450a-a5dc-77ec34abe041" /><TestMethod codeBase="d:\Github\ModelRelief\ModelRelief.test\bin\Debug\netcoreapp2.0\ModelRelief.Test.dll" adapterTypeName="executor://xunit/VsTestRunner2/netcoreapp" className="ModelRelief.Test.Integration.Projects.ProjectsBaseIntegrationTests" name="Put_ValidReferencePropertyUpdatesModel" /></UnitTest><UnitTest name="Put_InvalidIdReturnsNotFound" storage="d:\github\modelrelief\modelrelief.test\bin\debug\netcoreapp2.0\modelrelief.test.dll" id="e3308700-2edb-4a53-ae64-1ea939ed7bc4"><Execution id="f4e4163d-6d79-445d-9d9c-bcfa66354096" /><TestMethod codeBase="d:\Github\ModelRelief\ModelRelief.test\bin\Debug\netcoreapp2.0\ModelRelief.Test.dll" adapterTypeName="executor://xunit/VsTestRunner2/netcoreapp" className="ModelRelief.Test.Integration.Projects.ProjectsBaseIntegrationTests" name="Put_InvalidIdReturnsNotFound" /></UnitTest><UnitTest name="Put_InvalidIdReturnsNotFound" storage="d:\github\modelrelief\modelrelief.test\bin\debug\netcoreapp2.0\modelrelief.test.dll" id="ab2900c9-4681-4351-a6f6-63665a448780"><Execution id="b4a90e50-4fab-42c7-b04a-d1d0f539e72f" /><TestMethod codeBase="d:\Github\ModelRelief\ModelRelief.test\bin\Debug\netcoreapp2.0\ModelRelief.Test.dll" adapterTypeName="executor://xunit/VsTestRunner2/netcoreapp" className="ModelRelief.Test.Integration.DepthBuffers.DepthBuffersBaseIntegrationTests" name="Put_InvalidIdReturnsNotFound" /></UnitTest><UnitTest name="Delete_TargetModelIsDeleted" storage="d:\github\modelrelief\modelrelief.test\bin\debug\netcoreapp2.0\modelrelief.test.dll" id="f882d35d-7bbc-450f-ad44-04e700fae228"><Execution id="b24a6f1c-e989-4e6b-bf46-fdbad3ff7fef" /><TestMethod codeBase="d:\Github\ModelRelief\ModelRelief.test\bin\Debug\netcoreapp2.0\ModelRelief.Test.dll" adapterTypeName="executor://xunit/VsTestRunner2/netcoreapp" className="ModelRelief.Test.Integration.MeshTransforms.MeshTransformsBaseIntegrationTests" name="Delete_TargetModelIsDeleted" /></UnitTest><UnitTest name="GetSingle_InvalidIdPropertyValueReturnsNotFound" storage="d:\github\modelrelief\modelrelief.test\bin\debug\netcoreapp2.0\modelrelief.test.dll" id="f8e76d71-19ca-4ccf-888d-f04456fa8945"><Execution id="cf0d5aef-f4ff-4a1c-b22b-99906890ac11" /><TestMethod codeBase="d:\Github\ModelRelief\ModelRelief.test\bin\Debug\netcoreapp2.0\ModelRelief.Test.dll" adapterTypeName="executor://xunit/VsTestRunner2/netcoreapp" className="ModelRelief.Test.Integration.Cameras.CamerasBaseIntegrationTests" name="GetSingle_InvalidIdPropertyValueReturnsNotFound" /></UnitTest><UnitTest name="PostFile_FileTimeStampIsUpdatedAfterFileIsPosted" storage="d:\github\modelrelief\modelrelief.test\bin\debug\netcoreapp2.0\modelrelief.test.dll" id="87c24c77-0b72-4927-bf30-e5d1ced6550b"><Execution id="b1f20076-6b2b-4dbe-9218-a91a3f40ca74" /><TestMethod codeBase="d:\Github\ModelRelief\ModelRelief.test\bin\Debug\netcoreapp2.0\ModelRelief.Test.dll" adapterTypeName="executor://xunit/VsTestRunner2/netcoreapp" className="ModelRelief.Test.Integration.DepthBuffers.DepthBuffersFileIntegrationTests" name="PostFile_FileTimeStampIsUpdatedAfterFileIsPosted" /></UnitTest><UnitTest name="GetSingle_InvalidIdPropertyValueReturnsNotFound" storage="d:\github\modelrelief\modelrelief.test\bin\debug\netcoreapp2.0\modelrelief.test.dll" id="9043b066-88b5-4a1d-a0c4-475d55519444"><Execution id="0e715767-b7d8-4e1f-9dcf-393bcd0405fe" /><TestMethod codeBase="d:\Github\ModelRelief\ModelRelief.test\bin\Debug\netcoreapp2.0\ModelRelief.Test.dll" adapterTypeName="executor://xunit/VsTestRunner2/netcoreapp" className="ModelRelief.Test.Integration.DepthBuffers.DepthBuffersBaseIntegrationTests" name="GetSingle_InvalidIdPropertyValueReturnsNotFound" /></UnitTest><UnitTest name="Patch_ValidReferencePropertyUpdatesModel" storage="d:\github\modelrelief\modelrelief.test\bin\debug\netcoreapp2.0\modelrelief.test.dll" id="7505098b-dff5-48ab-ba9f-de0afac3248c"><Execution id="492482b0-36ec-4715-9be7-c1787714a267" /><TestMethod codeBase="d:\Github\ModelRelief\ModelRelief.test\bin\Debug\netcoreapp2.0\ModelRelief.Test.dll" adapterTypeName="executor://xunit/VsTestRunner2/netcoreapp" className="ModelRelief.Test.Integration.Models.ModelsBaseIntegrationTests" name="Patch_ValidReferencePropertyUpdatesModel" /></UnitTest><UnitTest name="Put_InvalidIdReturnsNotFound" storage="d:\github\modelrelief\modelrelief.test\bin\debug\netcoreapp2.0\modelrelief.test.dll" id="f8dd52c6-b15b-474e-bb32-9b449d4f9bbf"><Execution id="1908c6f5-7bb5-4398-af4b-381fa6eb8483" /><TestMethod codeBase="d:\Github\ModelRelief\ModelRelief.test\bin\Debug\netcoreapp2.0\ModelRelief.Test.dll" adapterTypeName="executor://xunit/VsTestRunner2/netcoreapp" className="ModelRelief.Test.Integration.Cameras.CamerasBaseIntegrationTests" name="Put_InvalidIdReturnsNotFound" /></UnitTest><UnitTest name="GetFile_ExistingFileReturnsSuccess" storage="d:\github\modelrelief\modelrelief.test\bin\debug\netcoreapp2.0\modelrelief.test.dll" id="f3110df2-998c-452a-8668-dfb41a8103cc"><Execution id="1c81a808-5266-46c2-8e78-d0399aee5b29" /><TestMethod codeBase="d:\Github\ModelRelief\ModelRelief.test\bin\Debug\netcoreapp2.0\ModelRelief.Test.dll" adapterTypeName="executor://xunit/VsTestRunner2/netcoreapp" className="ModelRelief.Test.Integration.DepthBuffers.DepthBuffersFileIntegrationTests" name="GetFile_ExistingFileReturnsSuccess" /></UnitTest><UnitTest name="FileRequest_FileCanBeReadAfterRename" storage="d:\github\modelrelief\modelrelief.test\bin\debug\netcoreapp2.0\modelrelief.test.dll" id="00e9ac84-1edd-4a4e-82d1-76aba3e6385f"><Execution id="8a224406-d3ab-4ed0-9999-114a1a2c86b3" /><TestMethod codeBase="d:\Github\ModelRelief\ModelRelief.test\bin\Debug\netcoreapp2.0\ModelRelief.Test.dll" adapterTypeName="executor://xunit/VsTestRunner2/netcoreapp" className="ModelRelief.Test.Integration.DepthBuffers.DepthBuffersFileIntegrationTests" name="FileRequest_FileCanBeReadAfterRename" /></UnitTest><UnitTest name="PostFile_NewFileCanBePosted" storage="d:\github\modelrelief\modelrelief.test\bin\debug\netcoreapp2.0\modelrelief.test.dll" id="ab07566f-90e9-40a2-bae5-4aead1f2e5f7"><Execution id="0a895041-f2a3-4ffa-b5dc-ccd5f4042ec0" /><TestMethod codeBase="d:\Github\ModelRelief\ModelRelief.test\bin\Debug\netcoreapp2.0\ModelRelief.Test.dll" adapterTypeName="executor://xunit/VsTestRunner2/netcoreapp" className="ModelRelief.Test.Integration.Models.ModelsFileIntegrationTests" name="PostFile_NewFileCanBePosted" /></UnitTest><UnitTest name="Patch_InvalidPropertyNameReturnsBadRequest" storage="d:\github\modelrelief\modelrelief.test\bin\debug\netcoreapp2.0\modelrelief.test.dll" id="07f45221-b393-4769-8341-7f5ed74a3715"><Execution id="03c35b18-f283-488e-a092-4d57d7541e63" /><TestMethod codeBase="d:\Github\ModelRelief\ModelRelief.test\bin\Debug\netcoreapp2.0\ModelRelief.Test.dll" adapterTypeName="executor://xunit/VsTestRunner2/netcoreapp" className="ModelRelief.Test.Integration.Projects.ProjectsBaseIntegrationTests" name="Patch_InvalidPropertyNameReturnsBadRequest" /></UnitTest><UnitTest name="GetFile_FileCanBeRoundTripped" storage="d:\github\modelrelief\modelrelief.test\bin\debug\netcoreapp2.0\modelrelief.test.dll" id="829b6b26-75c6-4598-b649-1dd33fa57300"><Execution id="c49eca86-9537-4ef3-98be-83444238d65b" /><TestMethod codeBase="d:\Github\ModelRelief\ModelRelief.test\bin\Debug\netcoreapp2.0\ModelRelief.Test.dll" adapterTypeName="executor://xunit/VsTestRunner2/netcoreapp" className="ModelRelief.Test.Integration.Meshes.MeshesFileIntegrationTests" name="GetFile_FileCanBeRoundTripped" /></UnitTest><UnitTest name="Patch_InvalidIdPropertyReturnsNotFound" storage="d:\github\modelrelief\modelrelief.test\bin\debug\netcoreapp2.0\modelrelief.test.dll" id="004c0577-fee0-4115-b502-eb492887e718"><Execution id="9cb78139-92d1-40b3-b8a9-6af89b095617" /><TestMethod codeBase="d:\Github\ModelRelief\ModelRelief.test\bin\Debug\netcoreapp2.0\ModelRelief.Test.dll" adapterTypeName="executor://xunit/VsTestRunner2/netcoreapp" className="ModelRelief.Test.Integration.Meshes.MeshesBaseIntegrationTests" name="Patch_InvalidIdPropertyReturnsNotFound" /></UnitTest><UnitTest name="Patch_InvalidEnumPropertyValueReturnsBadRequest" storage="d:\github\modelrelief\modelrelief.test\bin\debug\netcoreapp2.0\modelrelief.test.dll" id="b33cf410-479d-46e6-80e2-2a25778205e7"><Execution id="3fa66242-9611-4528-a1f0-98c2e2d5356e" /><TestMethod codeBase="d:\Github\ModelRelief\ModelRelief.test\bin\Debug\netcoreapp2.0\ModelRelief.Test.dll" adapterTypeName="executor://xunit/VsTestRunner2/netcoreapp" className="ModelRelief.Test.Integration.MeshTransforms.MeshTransformsBaseIntegrationTests" name="Patch_InvalidEnumPropertyValueReturnsBadRequest" /></UnitTest><UnitTest name="Post_InvalidPropertyValueReturnsBadRequest" storage="d:\github\modelrelief\modelrelief.test\bin\debug\netcoreapp2.0\modelrelief.test.dll" id="f17d0b25-2a4b-4b24-80f2-891b5f853929"><Execution id="043b4335-8e69-4928-9e3c-a3380f551612" /><TestMethod codeBase="d:\Github\ModelRelief\ModelRelief.test\bin\Debug\netcoreapp2.0\ModelRelief.Test.dll" adapterTypeName="executor://xunit/VsTestRunner2/netcoreapp" className="ModelRelief.Test.Integration.Models.ModelsBaseIntegrationTests" name="Post_InvalidPropertyValueReturnsBadRequest" /></UnitTest><UnitTest name="Post_InvalidPropertyValueReturnsBadRequest" storage="d:\github\modelrelief\modelrelief.test\bin\debug\netcoreapp2.0\modelrelief.test.dll" id="18750a2d-c9d5-470d-ab0c-1199cad54826"><Execution id="5324023d-775a-4d77-aed5-53af68f3ece3" /><TestMethod codeBase="d:\Github\ModelRelief\ModelRelief.test\bin\Debug\netcoreapp2.0\ModelRelief.Test.dll" adapterTypeName="executor://xunit/VsTestRunner2/netcoreapp" className="ModelRelief.Test.Integration.Meshes.MeshesBaseIntegrationTests" name="Post_InvalidPropertyValueReturnsBadRequest" /></UnitTest><UnitTest name="DepthBufferHasExpectedDependentFiles" storage="d:\github\modelrelief\modelrelief.test\bin\debug\netcoreapp2.0\modelrelief.test.dll" id="806bfcb1-c188-46b5-bc03-1d7dd4643787"><Execution id="b3041960-cf54-4902-8369-29f593e80a62" /><TestMethod codeBase="d:\Github\ModelRelief\ModelRelief.test\bin\Debug\netcoreapp2.0\ModelRelief.Test.dll" adapterTypeName="executor://xunit/VsTestRunner2/netcoreapp" className="ModelRelief.Test.Unit.DependencyManager.DependencyManagerTests" name="DepthBufferHasExpectedDependentFiles" /></UnitTest><UnitTest name="FileRequest_MeshGenerateScalesDepthBufferByUnsharpHighFrequencyScale" storage="d:\github\modelrelief\modelrelief.test\bin\debug\netcoreapp2.0\modelrelief.test.dll" id="8078d060-c6d0-4f98-97d6-1eede2899c05"><Execution id="78c6a71b-3fc5-4843-95ac-e634bb785240" /><TestMethod codeBase="d:\Github\ModelRelief\ModelRelief.test\bin\Debug\netcoreapp2.0\ModelRelief.Test.dll" adapterTypeName="executor://xunit/VsTestRunner2/netcoreapp" className="ModelRelief.Test.Integration.Meshes.MeshesFileIntegrationTests" name="FileRequest_MeshGenerateScalesDepthBufferByUnsharpHighFrequencyScale" /></UnitTest><UnitTest name="Post_CanCreateNewModel" storage="d:\github\modelrelief\modelrelief.test\bin\debug\netcoreapp2.0\modelrelief.test.dll" id="49ce1d52-cc5c-4889-a494-18e939e78fc6"><Execution id="b5b4085a-11f4-4619-8288-d886a8c17ebb" /><TestMethod codeBase="d:\Github\ModelRelief\ModelRelief.test\bin\Debug\netcoreapp2.0\ModelRelief.Test.dll" adapterTypeName="executor://xunit/VsTestRunner2/netcoreapp" className="ModelRelief.Test.Integration.Cameras.CamerasBaseIntegrationTests" name="Post_CanCreateNewModel" /></UnitTest><UnitTest name="Post_ValidReferencePropertyCreatesModel" storage="d:\github\modelrelief\modelrelief.test\bin\debug\netcoreapp2.0\modelrelief.test.dll" id="b5dcffac-1f52-4030-9dcd-ce24eb493258"><Execution id="b0efffae-e268-4198-a91b-b636ef602748" /><TestMethod codeBase="d:\Github\ModelRelief\ModelRelief.test\bin\Debug\netcoreapp2.0\ModelRelief.Test.dll" adapterTypeName="executor://xunit/VsTestRunner2/netcoreapp" className="ModelRelief.Test.Integration.Projects.ProjectsBaseIntegrationTests" name="Post_ValidReferencePropertyCreatesModel" /></UnitTest><UnitTest name="PostFile_NewFileCanBePosted" storage="d:\github\modelrelief\modelrelief.test\bin\debug\netcoreapp2.0\modelrelief.test.dll" id="4cbd168b-74d9-483a-8ee7-48ef949251bd"><Execution id="3cf581df-52d7-4eea-b02d-24f94f2015b1" /><TestMethod codeBase="d:\Github\ModelRelief\ModelRelief.test\bin\Debug\netcoreapp2.0\ModelRelief.Test.dll" adapterTypeName="executor://xunit/VsTestRunner2/netcoreapp" className="ModelRelief.Test.Integration.DepthBuffers.DepthBuffersFileIntegrationTests" name="PostFile_NewFileCanBePosted" /></UnitTest><UnitTest name="Post_InvalidReferencePropertyReturnsBadRequest" storage="d:\github\modelrelief\modelrelief.test\bin\debug\netcoreapp2.0\modelrelief.test.dll" id="dc84e61d-ba6c-48ff-aff2-df2b51e5bbc3"><Execution id="310a7a4c-cd1e-4bc7-92b7-15ffec7bd34a" /><TestMethod codeBase="d:\Github\ModelRelief\ModelRelief.test\bin\Debug\netcoreapp2.0\ModelRelief.Test.dll" adapterTypeName="executor://xunit/VsTestRunner2/netcoreapp" className="ModelRelief.Test.Integration.Projects.ProjectsBaseIntegrationTests" name="Post_InvalidReferencePropertyReturnsBadRequest" /></UnitTest><UnitTest name="Patch_MultipleInvalidReferencePropertiesReturnsMultipleValidationErrorsAndBadRequest" storage="d:\github\modelrelief\modelrelief.test\bin\debug\netcoreapp2.0\modelrelief.test.dll" id="2355d46b-b8d2-4163-a015-5f71caf74550"><Execution id="5d5ad48f-610f-469c-8830-e04f5100394d" /><TestMethod codeBase="d:\Github\ModelRelief\ModelRelief.test\bin\Debug\netcoreapp2.0\ModelRelief.Test.dll" adapterTypeName="executor://xunit/VsTestRunner2/netcoreapp" className="ModelRelief.Test.Integration.Projects.ProjectsBaseIntegrationTests" name="Patch_MultipleInvalidReferencePropertiesReturnsMultipleValidationErrorsAndBadRequest" /></UnitTest><UnitTest name="Post_ValidReferencePropertyCreatesModel" storage="d:\github\modelrelief\modelrelief.test\bin\debug\netcoreapp2.0\modelrelief.test.dll" id="44fe4a0c-1a24-4c12-978c-1d08b08ce79d"><Execution id="8ba62b4f-1f7e-4e45-a1d0-5127d746cbe3" /><TestMethod codeBase="d:\Github\ModelRelief\ModelRelief.test\bin\Debug\netcoreapp2.0\ModelRelief.Test.dll" adapterTypeName="executor://xunit/VsTestRunner2/netcoreapp" className="ModelRelief.Test.Integration.Cameras.CamerasBaseIntegrationTests" name="Post_ValidReferencePropertyCreatesModel" /></UnitTest><UnitTest name="PostFile_FileTimeStampIsUpdatedAfterFileIsPosted" storage="d:\github\modelrelief\modelrelief.test\bin\debug\netcoreapp2.0\modelrelief.test.dll" id="8ed8ddb1-0e55-4b4b-b684-4a077586bba7"><Execution id="5f7b9514-2189-49e2-951c-edc35016a7fa" /><TestMethod codeBase="d:\Github\ModelRelief\ModelRelief.test\bin\Debug\netcoreapp2.0\ModelRelief.Test.dll" adapterTypeName="executor://xunit/VsTestRunner2/netcoreapp" className="ModelRelief.Test.Integration.Models.ModelsFileIntegrationTests" name="PostFile_FileTimeStampIsUpdatedAfterFileIsPosted" /></UnitTest><UnitTest name="GetSingle_ValidIdPropertyValueReturnsCorrectModel" storage="d:\github\modelrelief\modelrelief.test\bin\debug\netcoreapp2.0\modelrelief.test.dll" id="df227f70-4114-471b-9243-11f100215cbe"><Execution id="a209b97c-3b96-46ed-8301-539798225d60" /><TestMethod codeBase="d:\Github\ModelRelief\ModelRelief.test\bin\Debug\netcoreapp2.0\ModelRelief.Test.dll" adapterTypeName="executor://xunit/VsTestRunner2/netcoreapp" className="ModelRelief.Test.Integration.Meshes.MeshesBaseIntegrationTests" name="GetSingle_ValidIdPropertyValueReturnsCorrectModel" /></UnitTest><UnitTest name="Patch_InvalidIdPropertyReturnsNotFound" storage="d:\github\modelrelief\modelrelief.test\bin\debug\netcoreapp2.0\modelrelief.test.dll" id="f905c991-5a94-40a0-a550-26cfac83b56f"><Execution id="5ddde3b7-b7ba-4ee2-ac69-45e6822f19f0" /><TestMethod codeBase="d:\Github\ModelRelief\ModelRelief.test\bin\Debug\netcoreapp2.0\ModelRelief.Test.dll" adapterTypeName="executor://xunit/VsTestRunner2/netcoreapp" className="ModelRelief.Test.Integration.Cameras.CamerasBaseIntegrationTests" name="Patch_InvalidIdPropertyReturnsNotFound" /></UnitTest><UnitTest name="Post_InvalidReferencePropertyReturnsBadRequest" storage="d:\github\modelrelief\modelrelief.test\bin\debug\netcoreapp2.0\modelrelief.test.dll" id="7c369f01-9cdb-4d30-967c-43ee9af3065c"><Execution id="ad41622e-d5ae-4fed-86a4-b4119185b322" /><TestMethod codeBase="d:\Github\ModelRelief\ModelRelief.test\bin\Debug\netcoreapp2.0\ModelRelief.Test.dll" adapterTypeName="executor://xunit/VsTestRunner2/netcoreapp" className="ModelRelief.Test.Integration.MeshTransforms.MeshTransformsBaseIntegrationTests" name="Post_InvalidReferencePropertyReturnsBadRequest" /></UnitTest><UnitTest name="GetList_ListReturnsCorrectCount" storage="d:\github\modelrelief\modelrelief.test\bin\debug\netcoreapp2.0\modelrelief.test.dll" id="c19304c1-28c6-4ed9-8efc-dca4dd4d1f5c"><Execution id="b6ba5ed4-f860-4974-8140-4d1cfe8c107b" /><TestMethod codeBase="d:\Github\ModelRelief\ModelRelief.test\bin\Debug\netcoreapp2.0\ModelRelief.Test.dll" adapterTypeName="executor://xunit/VsTestRunner2/netcoreapp" className="ModelRelief.Test.Integration.MeshTransforms.MeshTransformsBaseIntegrationTests" name="GetList_ListReturnsCorrectCount" /></UnitTest><UnitTest name="PutFile_FileCanBeUpdated" storage="d:\github\modelrelief\modelrelief.test\bin\debug\netcoreapp2.0\modelrelief.test.dll" id="47420a9a-dcb5-409c-ba6c-1a61489d264a"><Execution id="4ecc19b5-733b-4a11-8a24-2025cf2a79f8" /><TestMethod codeBase="d:\Github\ModelRelief\ModelRelief.test\bin\Debug\netcoreapp2.0\ModelRelief.Test.dll" adapterTypeName="executor://xunit/VsTestRunner2/netcoreapp" className="ModelRelief.Test.Integration.Models.ModelsFileIntegrationTests" name="PutFile_FileCanBeUpdated" /></UnitTest><UnitTest name="Patch_ValidReferencePropertyUpdatesModel" storage="d:\github\modelrelief\modelrelief.test\bin\debug\netcoreapp2.0\modelrelief.test.dll" id="bcdd7ae9-8b99-4a25-90e9-a90ad4f17b25"><Execution id="25b60fb4-9c20-4595-917b-eaba506ed875" /><TestMethod codeBase="d:\Github\ModelRelief\ModelRelief.test\bin\Debug\netcoreapp2.0\ModelRelief.Test.dll" adapterTypeName="executor://xunit/VsTestRunner2/netcoreapp" className="ModelRelief.Test.Integration.DepthBuffers.DepthBuffersBaseIntegrationTests" name="Patch_ValidReferencePropertyUpdatesModel" /></UnitTest><UnitTest name="Patch_InvalidIdPropertyReturnsNotFound" storage="d:\github\modelrelief\modelrelief.test\bin\debug\netcoreapp2.0\modelrelief.test.dll" id="dd7e5108-ba40-4d44-9d4d-c5f09516a5ab"><Execution id="fb59c1a1-2565-415d-bd8c-c784c92ce40c" /><TestMethod codeBase="d:\Github\ModelRelief\ModelRelief.test\bin\Debug\netcoreapp2.0\ModelRelief.Test.dll" adapterTypeName="executor://xunit/VsTestRunner2/netcoreapp" className="ModelRelief.Test.Integration.DepthBuffers.DepthBuffersBaseIntegrationTests" name="Patch_InvalidIdPropertyReturnsNotFound" /></UnitTest><UnitTest name="Patch_InvalidPropertyNameReturnsBadRequest" storage="d:\github\modelrelief\modelrelief.test\bin\debug\netcoreapp2.0\modelrelief.test.dll" id="cfa7e326-ca93-4480-9242-851942d15686"><Execution id="60506ab8-0870-4f67-ae42-6bcab913193a" /><TestMethod codeBase="d:\Github\ModelRelief\ModelRelief.test\bin\Debug\netcoreapp2.0\ModelRelief.Test.dll" adapterTypeName="executor://xunit/VsTestRunner2/netcoreapp" className="ModelRelief.Test.Integration.MeshTransforms.MeshTransformsBaseIntegrationTests" name="Patch_InvalidPropertyNameReturnsBadRequest" /></UnitTest><UnitTest name="LucyDepthBufferFindsOneDependent" storage="d:\github\modelrelief\modelrelief.test\bin\debug\netcoreapp2.0\modelrelief.test.dll" id="4ac5f4b0-9f98-41fd-9d8c-3876ced5770a"><Execution id="7c585b96-73a3-470b-9be5-b5af5339c6be" /><TestMethod codeBase="d:\Github\ModelRelief\ModelRelief.test\bin\Debug\netcoreapp2.0\ModelRelief.Test.dll" adapterTypeName="executor://xunit/VsTestRunner2/netcoreapp" className="ModelRelief.Test.Unit.DependencyManager.DependencyManagerTests" name="LucyDepthBufferFindsOneDependent" /></UnitTest><UnitTest name="GetFile_ExistingFileReturnsSuccess" storage="d:\github\modelrelief\modelrelief.test\bin\debug\netcoreapp2.0\modelrelief.test.dll" id="0de8df5c-1379-4906-a426-b1f7665f2dd8"><Execution id="ac7ca5ba-5a6e-4c13-b54e-3014634096c9" /><TestMethod codeBase="d:\Github\ModelRelief\ModelRelief.test\bin\Debug\netcoreapp2.0\ModelRelief.Test.dll" adapterTypeName="executor://xunit/VsTestRunner2/netcoreapp" className="ModelRelief.Test.Integration.Meshes.MeshesFileIntegrationTests" name="GetFile_ExistingFileReturnsSuccess" /></UnitTest><UnitTest name="Patch_InvalidReferencePropertyReturnsBadRequest" storage="d:\github\modelrelief\modelrelief.test\bin\debug\netcoreapp2.0\modelrelief.test.dll" id="44aa9b82-c788-4342-9237-5a2ed29392a3"><Execution id="dd74fe1f-bed2-435d-80cc-69981fa34ecd" /><TestMethod codeBase="d:\Github\ModelRelief\ModelRelief.test\bin\Debug\netcoreapp2.0\ModelRelief.Test.dll" adapterTypeName="executor://xunit/VsTestRunner2/netcoreapp" className="ModelRelief.Test.Integration.Meshes.MeshesBaseIntegrationTests" name="Patch_InvalidReferencePropertyReturnsBadRequest" /></UnitTest><UnitTest name="Post_InvalidPropertyValueReturnsBadRequest" storage="d:\github\modelrelief\modelrelief.test\bin\debug\netcoreapp2.0\modelrelief.test.dll" id="18f6809f-93b4-4066-ba24-a84677201f6f"><Execution id="f5507a4a-87f5-467d-baf7-f80bfffdef42" /><TestMethod codeBase="d:\Github\ModelRelief\ModelRelief.test\bin\Debug\netcoreapp2.0\ModelRelief.Test.dll" adapterTypeName="executor://xunit/VsTestRunner2/netcoreapp" className="ModelRelief.Test.Integration.DepthBuffers.DepthBuffersBaseIntegrationTests" name="Post_InvalidPropertyValueReturnsBadRequest" /></UnitTest><UnitTest name="Post_CanCreateNewModel" storage="d:\github\modelrelief\modelrelief.test\bin\debug\netcoreapp2.0\modelrelief.test.dll" id="e7f634a8-98f4-463c-b898-9e131bf692f6"><Execution id="c859ef28-8ddc-477a-b5cb-001e5b841ab5" /><TestMethod codeBase="d:\Github\ModelRelief\ModelRelief.test\bin\Debug\netcoreapp2.0\ModelRelief.Test.dll" adapterTypeName="executor://xunit/VsTestRunner2/netcoreapp" className="ModelRelief.Test.Integration.DepthBuffers.DepthBuffersBaseIntegrationTests" name="Post_CanCreateNewModel" /></UnitTest><UnitTest name="Patch_TargetPropertyIsUpdated" storage="d:\github\modelrelief\modelrelief.test\bin\debug\netcoreapp2.0\modelrelief.test.dll" id="a854bb49-313b-40a8-ab68-ce3a64dbf626"><Execution id="40fe33ca-e64a-4890-897c-ba544a47818f" /><TestMethod codeBase="d:\Github\ModelRelief\ModelRelief.test\bin\Debug\netcoreapp2.0\ModelRelief.Test.dll" adapterTypeName="executor://xunit/VsTestRunner2/netcoreapp" className="ModelRelief.Test.Integration.Projects.ProjectsBaseIntegrationTests" name="Patch_TargetPropertyIsUpdated" /></UnitTest><UnitTest name="GetSingle_ValidIdPropertyValueReturnsCorrectModel" storage="d:\github\modelrelief\modelrelief.test\bin\debug\netcoreapp2.0\modelrelief.test.dll" id="69588451-e3c8-404c-8c5a-524fbb25c612"><Execution id="3c953afc-bec8-4cbd-999a-4e77e6d544c1" /><TestMethod codeBase="d:\Github\ModelRelief\ModelRelief.test\bin\Debug\netcoreapp2.0\ModelRelief.Test.dll" adapterTypeName="executor://xunit/VsTestRunner2/netcoreapp" className="ModelRelief.Test.Integration.Models.ModelsBaseIntegrationTests" name="GetSingle_ValidIdPropertyValueReturnsCorrectModel" /></UnitTest><UnitTest name="Post_InvalidPropertyValueReturnsBadRequest" storage="d:\github\modelrelief\modelrelief.test\bin\debug\netcoreapp2.0\modelrelief.test.dll" id="a6b9e5ec-6187-409c-bb28-9f7ad6bc8fc8"><Execution id="c7db798e-1469-4811-a67b-379e04c040b4" /><TestMethod codeBase="d:\Github\ModelRelief\ModelRelief.test\bin\Debug\netcoreapp2.0\ModelRelief.Test.dll" adapterTypeName="executor://xunit/VsTestRunner2/netcoreapp" className="ModelRelief.Test.Integration.Cameras.CamerasBaseIntegrationTests" name="Post_InvalidPropertyValueReturnsBadRequest" /></UnitTest><UnitTest name="GetSingle_ValidIdPropertyValueReturnsCorrectModel" storage="d:\github\modelrelief\modelrelief.test\bin\debug\netcoreapp2.0\modelrelief.test.dll" id="bcc78d5a-b124-4bce-a6d8-3757864b73d6"><Execution id="b409d13f-915b-44f5-9b3c-8e22a9666ae2" /><TestMethod codeBase="d:\Github\ModelRelief\ModelRelief.test\bin\Debug\netcoreapp2.0\ModelRelief.Test.dll" adapterTypeName="executor://xunit/VsTestRunner2/netcoreapp" className="ModelRelief.Test.Integration.DepthBuffers.DepthBuffersBaseIntegrationTests" name="GetSingle_ValidIdPropertyValueReturnsCorrectModel" /></UnitTest></TestDefinitions><TestEntries><TestEntry testId="829b6b26-75c6-4598-b649-1dd33fa57300" executionId="c49eca86-9537-4ef3-98be-83444238d65b" testListId="8c84fa94-04c1-424b-9868-57a2d4851a1d" /><TestEntry testId="5b9269a6-9875-48bf-9e40-3a9cf10f7259" executionId="14ede8ce-65f2-4c9b-87e9-88bb6430e088" testListId="8c84fa94-04c1-424b-9868-57a2d4851a1d" /><TestEntry testId="b9d3f79a-552a-4258-b6d8-aee42a109989" executionId="e9489680-4caa-4310-aab9-16ad1677a807" testListId="8c84fa94-04c1-424b-9868-57a2d4851a1d" /><TestEntry testId="806bfcb1-c188-46b5-bc03-1d7dd4643787" executionId="b3041960-cf54-4902-8369-29f593e80a62" testListId="8c84fa94-04c1-424b-9868-57a2d4851a1d" /><TestEntry testId="3efa68d1-7102-48f2-b6fb-813f94e2742b" executionId="0728130e-5c2a-46ce-a17d-6ffb91a6cd80" testListId="8c84fa94-04c1-424b-9868-57a2d4851a1d" /><TestEntry testId="0b5030a7-74ab-434a-b3a7-aaf8740fe9a5" executionId="74bfffd8-ba05-4f2d-bea7-afd738082afe" testListId="8c84fa94-04c1-424b-9868-57a2d4851a1d" /><TestEntry testId="cb866ac1-06b0-49e6-8316-ae9024c84bc8" executionId="eb0d6f25-0e71-40ec-8b35-57d48c8ef5c0" testListId="8c84fa94-04c1-424b-9868-57a2d4851a1d" /><TestEntry testId="dd7e5108-ba40-4d44-9d4d-c5f09516a5ab" executionId="fb59c1a1-2565-415d-bd8c-c784c92ce40c" testListId="8c84fa94-04c1-424b-9868-57a2d4851a1d" /><TestEntry testId="86160522-d5bb-4ab8-9c4f-1c126be34966" executionId="6d84e887-e8b4-4351-8dd2-d39fb1d1c125" testListId="8c84fa94-04c1-424b-9868-57a2d4851a1d" /><TestEntry testId="4ac5f4b0-9f98-41fd-9d8c-3876ced5770a" executionId="7c585b96-73a3-470b-9be5-b5af5339c6be" testListId="8c84fa94-04c1-424b-9868-57a2d4851a1d" /><TestEntry testId="3f8a278d-37f1-47cb-875c-c4ea78b6e428" executionId="d6d1bd5a-bfad-4d82-9e8f-dc60bdc7d0ad" testListId="8c84fa94-04c1-424b-9868-57a2d4851a1d" /><TestEntry testId="1e931ab1-8259-4c2b-b09e-48cf0cfc07e0" executionId="4747ff1b-4812-4c55-8baf-ef4b4409beef" testListId="8c84fa94-04c1-424b-9868-57a2d4851a1d" /><TestEntry testId="60533c25-aeba-4472-bff8-3fa466f338a9" executionId="0fc8002a-d3fe-4d67-aae1-a858dff5b34e" testListId="8c84fa94-04c1-424b-9868-57a2d4851a1d" /><TestEntry testId="1731c717-96b7-4ed6-abb0-d8786742359e" executionId="08773d03-44c8-479b-8842-e329298269a8" testListId="8c84fa94-04c1-424b-9868-57a2d4851a1d" /><TestEntry testId="37b52d5c-f3f0-4e28-9c71-9bd516ba1604" executionId="063498b9-e570-4d3b-96d7-6c4e70b3eb41" testListId="8c84fa94-04c1-424b-9868-57a2d4851a1d" /><TestEntry testId="69588451-e3c8-404c-8c5a-524fbb25c612" executionId="3c953afc-bec8-4cbd-999a-4e77e6d544c1" testListId="8c84fa94-04c1-424b-9868-57a2d4851a1d" /><TestEntry testId="a481eb29-efe8-45ea-a627-01694f290ebd" executionId="1f7a0926-e94b-4568-ad79-ea6aecc63a57" testListId="8c84fa94-04c1-424b-9868-57a2d4851a1d" /><TestEntry testId="8ef996ff-dbe2-4d53-9925-518ec14c700d" executionId="83b97a6f-c802-45b3-af15-7b9352dd7be8" testListId="8c84fa94-04c1-424b-9868-57a2d4851a1d" /><TestEntry testId="31908cb6-7565-49f5-982c-1b6c9e1b72cc" executionId="201814fd-b312-4531-b41c-f73deb70caac" testListId="8c84fa94-04c1-424b-9868-57a2d4851a1d" /><TestEntry testId="a73d2dcf-7046-4392-b7b4-6def8bd0b7fd" executionId="7a94f168-5455-4b55-ab26-5377049d0f36" testListId="8c84fa94-04c1-424b-9868-57a2d4851a1d" /><TestEntry testId="ef382caa-154c-49d4-807c-e6a5aef9567d" executionId="f0921a09-2fe8-4772-bcce-f2406eceb486" testListId="8c84fa94-04c1-424b-9868-57a2d4851a1d" /><TestEntry testId="c19304c1-28c6-4ed9-8efc-dca4dd4d1f5c" executionId="b6ba5ed4-f860-4974-8140-4d1cfe8c107b" testListId="8c84fa94-04c1-424b-9868-57a2d4851a1d" /><TestEntry testId="d8d1f1fc-71b9-438a-b7ee-d3aeebda3e7e" executionId="4789e437-d3ad-4894-a9f6-fd9c6f5047e7" testListId="8c84fa94-04c1-424b-9868-57a2d4851a1d" /><TestEntry testId="1bfd4029-67be-41d0-a4fb-93e10868c245" executionId="1c5e97ec-8745-4080-abe8-fd471f90944c" testListId="8c84fa94-04c1-424b-9868-57a2d4851a1d" /><TestEntry testId="f00db7ad-841b-484c-b6de-8e043833801b" executionId="94cfbd3d-470e-4e72-8579-de475013be57" testListId="8c84fa94-04c1-424b-9868-57a2d4851a1d" /><TestEntry testId="0ad229de-d3b3-441b-a129-38557f95bf1c" executionId="06f82ef8-4080-4486-893e-520dc36f8b13" testListId="8c84fa94-04c1-424b-9868-57a2d4851a1d" /><TestEntry testId="333641b9-62e5-495f-881e-b59b91e30297" executionId="33d44e7e-5719-45f9-83a6-66ec6d036945" testListId="8c84fa94-04c1-424b-9868-57a2d4851a1d" /><TestEntry testId="dc84e61d-ba6c-48ff-aff2-df2b51e5bbc3" executionId="310a7a4c-cd1e-4bc7-92b7-15ffec7bd34a" testListId="8c84fa94-04c1-424b-9868-57a2d4851a1d" /><TestEntry testId="5b064b8f-dcae-40df-9524-b5a95018c479" executionId="75c8bb1b-9e44-41ec-9531-dd5dbb5dc5f5" testListId="8c84fa94-04c1-424b-9868-57a2d4851a1d" /><TestEntry testId="b33cf410-479d-46e6-80e2-2a25778205e7" executionId="3fa66242-9611-4528-a1f0-98c2e2d5356e" testListId="8c84fa94-04c1-424b-9868-57a2d4851a1d" /><TestEntry testId="a5ceb3a4-247f-48d1-bca9-f386f0ea7b5c" executionId="5b2d9762-1f07-4338-9eb7-2b3d708d2d6e" testListId="8c84fa94-04c1-424b-9868-57a2d4851a1d" /><TestEntry testId="2248c103-fb33-4c0a-8037-89c985ff7733" executionId="7944360a-7a73-4ce9-82da-7c3403927b46" testListId="8c84fa94-04c1-424b-9868-57a2d4851a1d" /><TestEntry testId="440b9501-cf00-40e4-997e-ce0fc1c0b470" executionId="58a95654-ff62-4f2f-a806-15a91230a6f3" testListId="8c84fa94-04c1-424b-9868-57a2d4851a1d" /><TestEntry testId="8ed8ddb1-0e55-4b4b-b684-4a077586bba7" executionId="5f7b9514-2189-49e2-951c-edc35016a7fa" testListId="8c84fa94-04c1-424b-9868-57a2d4851a1d" /><TestEntry testId="95a4d293-add4-4f69-894c-49c45fadf39d" executionId="dd15765a-0c36-48d0-a9f5-75f0792ec803" testListId="8c84fa94-04c1-424b-9868-57a2d4851a1d" /><TestEntry testId="155426ae-671c-4afc-9be4-76c1e5b50883" executionId="000bd896-4e12-4acd-9019-5824a6019c14" testListId="8c84fa94-04c1-424b-9868-57a2d4851a1d" /><TestEntry testId="b80262ae-7ec5-45c0-8bb8-deae4b65752e" executionId="59ade8cc-3591-4458-a7b4-ea66868f9fab" testListId="8c84fa94-04c1-424b-9868-57a2d4851a1d" /><TestEntry testId="18750a2d-c9d5-470d-ab0c-1199cad54826" executionId="5324023d-775a-4d77-aed5-53af68f3ece3" testListId="8c84fa94-04c1-424b-9868-57a2d4851a1d" /><TestEntry testId="3e31fc85-8b89-45da-8ac0-96f9802c9899" executionId="c97af2c9-b2ef-4c04-a2d9-0a81129f7f87" testListId="8c84fa94-04c1-424b-9868-57a2d4851a1d" /><TestEntry testId="bcc78d5a-b124-4bce-a6d8-3757864b73d6" executionId="b409d13f-915b-44f5-9b3c-8e22a9666ae2" testListId="8c84fa94-04c1-424b-9868-57a2d4851a1d" /><TestEntry testId="f08baf70-5c40-480e-87b8-9e830a3a3cb0" executionId="2ce5cf81-9f61-4119-bd9a-5a71b6d57ccf" testListId="8c84fa94-04c1-424b-9868-57a2d4851a1d" /><TestEntry testId="2b158b54-8801-4da6-85c0-f3e1b1ec36e0" executionId="a53d2acc-38ef-4e41-b95c-ba8fcb1b552d" testListId="8c84fa94-04c1-424b-9868-57a2d4851a1d" /><TestEntry testId="894fe286-1aef-4269-85b9-74cd82ca2264" executionId="61f44462-0ace-46a1-82cd-fa2f6c428a9a" testListId="8c84fa94-04c1-424b-9868-57a2d4851a1d" /><TestEntry testId="70561fcc-ba83-49f6-876a-134546b08494" executionId="346eb81e-b326-450d-8d12-3bc2a672858c" testListId="8c84fa94-04c1-424b-9868-57a2d4851a1d" /><TestEntry testId="082a78c7-5c7f-419c-aeed-f9400a642a71" executionId="4c471737-b325-474a-8e08-19f320025b78" testListId="8c84fa94-04c1-424b-9868-57a2d4851a1d" /><TestEntry testId="64e4cee4-e6af-4244-ac6d-1b3c88fa77c3" executionId="1aee5f30-0d26-4be0-934b-308ffa51c10d" testListId="8c84fa94-04c1-424b-9868-57a2d4851a1d" /><TestEntry testId="3eb76d08-8256-4a95-bcc3-5328a0260460" executionId="0e9da382-6785-4426-9dd7-1b53ac3c9a2f" testListId="8c84fa94-04c1-424b-9868-57a2d4851a1d" /><TestEntry testId="a0b6a4cb-a825-45f4-9a3a-e5487c04f883" executionId="91b1ca05-cc0c-45a3-b211-32e76aca6ce1" testListId="8c84fa94-04c1-424b-9868-57a2d4851a1d" /><TestEntry testId="47420a9a-dcb5-409c-ba6c-1a61489d264a" executionId="4ecc19b5-733b-4a11-8a24-2025cf2a79f8" testListId="8c84fa94-04c1-424b-9868-57a2d4851a1d" /><TestEntry testId="ab2900c9-4681-4351-a6f6-63665a448780" executionId="b4a90e50-4fab-42c7-b04a-d1d0f539e72f" testListId="8c84fa94-04c1-424b-9868-57a2d4851a1d" /><TestEntry testId="99530125-94df-44e2-b98f-69d03ea9aec1" executionId="ab41116d-2253-4696-aa8c-482056c384d3" testListId="8c84fa94-04c1-424b-9868-57a2d4851a1d" /><TestEntry testId="0de8df5c-1379-4906-a426-b1f7665f2dd8" executionId="ac7ca5ba-5a6e-4c13-b54e-3014634096c9" testListId="8c84fa94-04c1-424b-9868-57a2d4851a1d" /><TestEntry testId="cbc5a417-8476-4d80-95cb-3125acf3005d" executionId="2d2164a2-603f-4c1b-9c9f-59a90f97b6f4" testListId="8c84fa94-04c1-424b-9868-57a2d4851a1d" /><TestEntry testId="a47631ca-df5e-43be-8a66-b10c3b03f9df" executionId="7eca7a1c-90db-492e-baad-0fe58743e491" testListId="8c84fa94-04c1-424b-9868-57a2d4851a1d" /><TestEntry testId="d983709c-ee50-424a-9aa8-714e73df527d" executionId="6c6f0dc1-c01f-4533-9a11-28925f98530b" testListId="8c84fa94-04c1-424b-9868-57a2d4851a1d" /><TestEntry testId="4878feb8-90e4-4b34-956f-23896abfad6a" executionId="a1bc5a3a-cbdf-438b-84c4-dfc5dd150c2c" testListId="8c84fa94-04c1-424b-9868-57a2d4851a1d" /><TestEntry testId="e3308700-2edb-4a53-ae64-1ea939ed7bc4" executionId="f4e4163d-6d79-445d-9d9c-bcfa66354096" testListId="8c84fa94-04c1-424b-9868-57a2d4851a1d" /><TestEntry testId="cfa7e326-ca93-4480-9242-851942d15686" executionId="60506ab8-0870-4f67-ae42-6bcab913193a" testListId="8c84fa94-04c1-424b-9868-57a2d4851a1d" /><TestEntry testId="f8e76d71-19ca-4ccf-888d-f04456fa8945" executionId="cf0d5aef-f4ff-4a1c-b22b-99906890ac11" testListId="8c84fa94-04c1-424b-9868-57a2d4851a1d" /><TestEntry testId="00e9ac84-1edd-4a4e-82d1-76aba3e6385f" executionId="8a224406-d3ab-4ed0-9999-114a1a2c86b3" testListId="8c84fa94-04c1-424b-9868-57a2d4851a1d" /><TestEntry testId="df227f70-4114-471b-9243-11f100215cbe" executionId="a209b97c-3b96-46ed-8301-539798225d60" testListId="8c84fa94-04c1-424b-9868-57a2d4851a1d" /><TestEntry testId="8fe7d9d6-7bfb-4447-9923-02e42db83428" executionId="91dca96c-1e91-4641-beb2-ddea00e5d258" testListId="8c84fa94-04c1-424b-9868-57a2d4851a1d" /><TestEntry testId="a3c9f9a5-9e64-4fdb-ae7f-287d68712c8f" executionId="e9b28df6-1a3d-4ce1-a36b-456fcf5f7061" testListId="8c84fa94-04c1-424b-9868-57a2d4851a1d" /><TestEntry testId="a372748e-5905-461d-bfdb-e558ff8f3a71" executionId="f36557fe-c9fd-4711-ba73-4249303ef3a6" testListId="8c84fa94-04c1-424b-9868-57a2d4851a1d" /><TestEntry testId="7505098b-dff5-48ab-ba9f-de0afac3248c" executionId="492482b0-36ec-4715-9be7-c1787714a267" testListId="8c84fa94-04c1-424b-9868-57a2d4851a1d" /><TestEntry testId="3ba459b2-6b31-4ea1-8eab-1dbbf802db63" executionId="9c53ea2d-19bd-4ba2-929f-2dd65a0ba3c8" testListId="8c84fa94-04c1-424b-9868-57a2d4851a1d" /><TestEntry testId="79e064ec-1c9e-4633-8fb6-dfd3d588e7b7" executionId="552a4e37-4986-490d-a495-ae30438b3cc6" testListId="8c84fa94-04c1-424b-9868-57a2d4851a1d" /><TestEntry testId="f882d35d-7bbc-450f-ad44-04e700fae228" executionId="b24a6f1c-e989-4e6b-bf46-fdbad3ff7fef" testListId="8c84fa94-04c1-424b-9868-57a2d4851a1d" /><TestEntry testId="3c39abbe-0648-4e61-9a9b-8962a6e61c4e" executionId="a80d2eb4-2f33-4868-a4e6-102ca08e2001" testListId="8c84fa94-04c1-424b-9868-57a2d4851a1d" /><TestEntry testId="bd8ca31b-f337-40a7-ac2e-9fd1c83b4eab" executionId="3e6e6f72-8f11-45b1-a7a4-2dd1aac8132e" testListId="8c84fa94-04c1-424b-9868-57a2d4851a1d" /><TestEntry testId="a81b3445-b18f-4b8e-8981-acd76b606a4d" executionId="65e32a08-db7b-4c63-8034-3b018f9aa013" testListId="8c84fa94-04c1-424b-9868-57a2d4851a1d" /><TestEntry testId="d8b7a480-d7e6-4ec2-a749-9a530e7e48df" executionId="a33d698b-faeb-4423-995e-e4bd3fefbcea" testListId="8c84fa94-04c1-424b-9868-57a2d4851a1d" /><TestEntry testId="6bdd5617-976c-4100-a6a6-3b8d053063bd" executionId="24eec9e8-4ae3-4542-b88d-c177a30f2a50" testListId="8c84fa94-04c1-424b-9868-57a2d4851a1d" /><TestEntry testId="225df218-8be1-47c7-8c00-4f4b33d29eda" executionId="c5fcfe6b-c2b7-49ec-81f7-1443b6368b87" testListId="8c84fa94-04c1-424b-9868-57a2d4851a1d" /><TestEntry testId="9bf4f7e7-34f0-4673-9b6d-e60dbef14897" executionId="755cc519-fe37-4faf-a4f5-361b02bde05f" testListId="8c84fa94-04c1-424b-9868-57a2d4851a1d" /><TestEntry testId="a854bb49-313b-40a8-ab68-ce3a64dbf626" executionId="40fe33ca-e64a-4890-897c-ba544a47818f" testListId="8c84fa94-04c1-424b-9868-57a2d4851a1d" /><TestEntry testId="18f6809f-93b4-4066-ba24-a84677201f6f" executionId="f5507a4a-87f5-467d-baf7-f80bfffdef42" testListId="8c84fa94-04c1-424b-9868-57a2d4851a1d" /><TestEntry testId="8078d060-c6d0-4f98-97d6-1eede2899c05" executionId="78c6a71b-3fc5-4843-95ac-e634bb785240" testListId="8c84fa94-04c1-424b-9868-57a2d4851a1d" /><TestEntry testId="1df45fed-45ae-4284-a84b-d1c40a22689b" executionId="ab9cb615-c0f3-450a-a5dc-77ec34abe041" testListId="8c84fa94-04c1-424b-9868-57a2d4851a1d" /><TestEntry testId="7c369f01-9cdb-4d30-967c-43ee9af3065c" executionId="ad41622e-d5ae-4fed-86a4-b4119185b322" testListId="8c84fa94-04c1-424b-9868-57a2d4851a1d" /><TestEntry testId="0b5185ef-46ff-44a4-abc0-34b46507bffe" executionId="ec74bb2c-9909-48b7-88aa-4e574dbc385b" testListId="8c84fa94-04c1-424b-9868-57a2d4851a1d" /><TestEntry testId="cf2ec3e7-2aaf-4e68-90af-0fca4f413f3c" executionId="a7a72f1a-4d9e-4bff-93a3-5afcac7fec9c" testListId="8c84fa94-04c1-424b-9868-57a2d4851a1d" /><TestEntry testId="f0ca8aa1-6cba-439a-bef8-230d2c2388cd" executionId="ec366b34-fc6c-458a-9fd2-b1f89e51204c" testListId="8c84fa94-04c1-424b-9868-57a2d4851a1d" /><TestEntry testId="f3110df2-998c-452a-8668-dfb41a8103cc" executionId="1c81a808-5266-46c2-8e78-d0399aee5b29" testListId="8c84fa94-04c1-424b-9868-57a2d4851a1d" /><TestEntry testId="e7f634a8-98f4-463c-b898-9e131bf692f6" executionId="c859ef28-8ddc-477a-b5cb-001e5b841ab5" testListId="8c84fa94-04c1-424b-9868-57a2d4851a1d" /><TestEntry testId="2355d46b-b8d2-4163-a015-5f71caf74550" executionId="5d5ad48f-610f-469c-8830-e04f5100394d" testListId="8c84fa94-04c1-424b-9868-57a2d4851a1d" /><TestEntry testId="9043b066-88b5-4a1d-a0c4-475d55519444" executionId="0e715767-b7d8-4e1f-9dcf-393bcd0405fe" testListId="8c84fa94-04c1-424b-9868-57a2d4851a1d" /><TestEntry testId="44aa9b82-c788-4342-9237-5a2ed29392a3" executionId="dd74fe1f-bed2-435d-80cc-69981fa34ecd" testListId="8c84fa94-04c1-424b-9868-57a2d4851a1d" /><TestEntry testId="0805099a-e96c-4fa8-8401-7a4a15c41513" executionId="93e0a52d-abcb-4f71-b519-64d13b1250bd" testListId="8c84fa94-04c1-424b-9868-57a2d4851a1d" /><TestEntry testId="7326c23a-eaf6-42ca-9017-145413523511" executionId="471d0a9d-f39f-4651-a657-819f22f332d6" testListId="8c84fa94-04c1-424b-9868-57a2d4851a1d" /><TestEntry testId="6d7fed80-189b-42ee-9d67-fe6f5d36ab76" executionId="f34eebe7-50ae-4414-8644-64c2a4a0fc6a" testListId="8c84fa94-04c1-424b-9868-57a2d4851a1d" /><TestEntry testId="c975f768-cfd5-4197-bce2-958f4f04aced" executionId="0c6bb170-0cf7-4a65-9b2f-843f6997fa8d" testListId="8c84fa94-04c1-424b-9868-57a2d4851a1d" /><TestEntry testId="8ef88ad3-6584-435d-a40e-75c90401d653" executionId="6b2d35c4-4cb4-436c-9b50-fd37e7611387" testListId="8c84fa94-04c1-424b-9868-57a2d4851a1d" /><TestEntry testId="d07a359d-a21c-4d6f-8998-b3f96b0b9ebb" executionId="8d6ad745-3f4f-4eaf-8096-56babd9bfb73" testListId="8c84fa94-04c1-424b-9868-57a2d4851a1d" /><TestEntry testId="1094ce39-f8fd-4202-87c7-4d8fccdf3fc4" executionId="14855a34-d9f2-4da4-ac8b-340c29d2a003" testListId="8c84fa94-04c1-424b-9868-57a2d4851a1d" /><TestEntry testId="8b609be9-8570-4f86-9eab-805010c2b3b1" executionId="2e097b18-90c2-4741-8d8a-f4777bd709d0" testListId="8c84fa94-04c1-424b-9868-57a2d4851a1d" /><TestEntry testId="46df7997-c4a3-45c7-abe0-4825af191a9f" executionId="abaf9941-5995-4a59-81f5-357040c96cf0" testListId="8c84fa94-04c1-424b-9868-57a2d4851a1d" /><TestEntry testId="51aebad3-8452-4378-84ce-860452dadc36" executionId="8de69ae1-6211-4915-8b22-057e32b75b89" testListId="8c84fa94-04c1-424b-9868-57a2d4851a1d" /><TestEntry testId="f17d0b25-2a4b-4b24-80f2-891b5f853929" executionId="043b4335-8e69-4928-9e3c-a3380f551612" testListId="8c84fa94-04c1-424b-9868-57a2d4851a1d" /><TestEntry testId="f47bc915-4197-4b26-8b26-e4fd04056bc1" executionId="0d42e1c9-6a31-4423-85f4-61623fce823c" testListId="8c84fa94-04c1-424b-9868-57a2d4851a1d" /><TestEntry testId="c074aa6a-5f98-421f-89c1-1885e2d4ef1a" executionId="fcee0b01-2d33-428e-b078-30786e352337" testListId="8c84fa94-04c1-424b-9868-57a2d4851a1d" /><TestEntry testId="f524aa5e-17b6-48f8-9b0d-537175f08842" executionId="b6973f98-5589-48a2-b762-7a77389f889f" testListId="8c84fa94-04c1-424b-9868-57a2d4851a1d" /><TestEntry testId="3231ac9b-bfa9-4dd9-9a33-549d6e289869" executionId="f853c9bc-a8ec-4c63-84b5-b4e6431162f6" testListId="8c84fa94-04c1-424b-9868-57a2d4851a1d" /><TestEntry testId="bcdd7ae9-8b99-4a25-90e9-a90ad4f17b25" executionId="25b60fb4-9c20-4595-917b-eaba506ed875" testListId="8c84fa94-04c1-424b-9868-57a2d4851a1d" /><TestEntry testId="3c05a731-401e-425a-b169-358880ac86a9" executionId="f9adcc7a-372d-41b2-841a-1e4f4c2577ed" testListId="8c84fa94-04c1-424b-9868-57a2d4851a1d" /><TestEntry testId="860387bf-f0ef-474f-b9b1-f069da0e7578" executionId="6b370464-348f-4e27-8f2a-39bbccec2f34" testListId="8c84fa94-04c1-424b-9868-57a2d4851a1d" /><TestEntry testId="baf76c6b-cb6a-4a6d-b16f-f6041ea45ee1" executionId="43e2c854-72d1-4085-b0d0-6c1fd27ea597" testListId="8c84fa94-04c1-424b-9868-57a2d4851a1d" /><TestEntry testId="6b2956b9-5fda-4534-98a6-443fba3f0d7c" executionId="f4bf23ee-7d89-4dfb-b005-a8a67423baf2" testListId="8c84fa94-04c1-424b-9868-57a2d4851a1d" /><TestEntry testId="738b1c23-59b5-4ee2-b2e5-e58e456b71db" executionId="b2438c1d-3e49-4cd2-8b21-8bc285f991d7" testListId="8c84fa94-04c1-424b-9868-57a2d4851a1d" /><TestEntry testId="74870fe1-b02a-4b71-ae24-91ad63b003c6" executionId="dc6a2ef5-2e65-4fce-b9f4-7c2f9782ce4f" testListId="8c84fa94-04c1-424b-9868-57a2d4851a1d" /><TestEntry testId="f8dd52c6-b15b-474e-bb32-9b449d4f9bbf" executionId="1908c6f5-7bb5-4398-af4b-381fa6eb8483" testListId="8c84fa94-04c1-424b-9868-57a2d4851a1d" /><TestEntry testId="278b89d4-e824-44c2-a119-258b6b1b0499" executionId="ffd4ac70-c700-4135-ada1-25d005416b61" testListId="8c84fa94-04c1-424b-9868-57a2d4851a1d" /><TestEntry testId="ddfe4151-907f-42fa-90ba-9fc5a6e45c5b" executionId="1c3809a0-c7b0-4cb9-8e16-03c15362be66" testListId="8c84fa94-04c1-424b-9868-57a2d4851a1d" /><TestEntry testId="91f0733a-869f-47d1-9685-7302cf1438df" executionId="f4a39cf0-c322-44b5-81dc-6e3f3a17d6ce" testListId="8c84fa94-04c1-424b-9868-57a2d4851a1d" /><TestEntry testId="7096ecaa-850e-4449-b77d-ef7788314435" executionId="c78826db-118c-420c-aa46-a0bb7d429432" testListId="8c84fa94-04c1-424b-9868-57a2d4851a1d" /><TestEntry testId="297d6bee-6b50-4601-95af-0749e979a490" executionId="639ef70a-8fcf-468c-8fdd-c7faabb22679" testListId="8c84fa94-04c1-424b-9868-57a2d4851a1d" /><TestEntry testId="d7d5e6dc-5cab-450d-8459-00589d5b5b75" executionId="c517db12-dd52-439e-a8f3-fe31a7d7a758" testListId="8c84fa94-04c1-424b-9868-57a2d4851a1d" /><TestEntry testId="c0cfca60-54e9-4567-a1ea-550623e82cb1" executionId="f2dfe91a-b665-4a14-8204-4c1acdc9e455" testListId="8c84fa94-04c1-424b-9868-57a2d4851a1d" /><TestEntry testId="22da443d-23f5-4c84-a4f5-64020e0e4a46" executionId="3446996a-6aa5-4a8a-9419-6c953b45b743" testListId="8c84fa94-04c1-424b-9868-57a2d4851a1d" /><TestEntry testId="22b3212a-8c48-4d4b-9f90-b203c66a09f4" executionId="c21f0e75-216b-4522-959c-d8045941e7e5" testListId="8c84fa94-04c1-424b-9868-57a2d4851a1d" /><TestEntry testId="b5dcffac-1f52-4030-9dcd-ce24eb493258" executionId="b0efffae-e268-4198-a91b-b636ef602748" testListId="8c84fa94-04c1-424b-9868-57a2d4851a1d" /><TestEntry testId="f86f98f3-9c37-4c00-8da4-7be8b7844786" executionId="f6edf2c1-5500-4ec7-bb9a-76a81a94b227" testListId="8c84fa94-04c1-424b-9868-57a2d4851a1d" /><TestEntry testId="eb2b708a-f09f-40a0-87f9-89f7842e50ad" executionId="1322b241-8687-428f-ac14-1a21dc3b5d19" testListId="8c84fa94-04c1-424b-9868-57a2d4851a1d" /><TestEntry testId="3c117751-85a7-4f7b-afab-8251a1a58416" executionId="7a95c46d-9459-4985-b541-64b0ca31cc89" testListId="8c84fa94-04c1-424b-9868-57a2d4851a1d" /><TestEntry testId="95fe8553-2458-4b78-b37d-79eea6225f71" executionId="66595ff5-fba0-4884-adb6-89293a785315" testListId="8c84fa94-04c1-424b-9868-57a2d4851a1d" /><TestEntry testId="b839d55a-2cee-4548-be22-766125c4c663" executionId="058ab938-f06e-427f-a1f9-4a9335a3207c" testListId="8c84fa94-04c1-424b-9868-57a2d4851a1d" /><TestEntry testId="31bb7fb0-8b5c-45dc-8bd3-4fa5731af868" executionId="1d9c7c00-9e16-4615-93a2-4e734d20f01f" testListId="8c84fa94-04c1-424b-9868-57a2d4851a1d" /><TestEntry testId="128c9dc4-dc31-4f07-9da9-f8680d0f5b79" executionId="5c2d55ee-f3fd-45d8-96c4-3df0601ac7d9" testListId="8c84fa94-04c1-424b-9868-57a2d4851a1d" /><TestEntry testId="ad3ba7f4-6017-4711-be0a-73876e92d435" executionId="5749df49-68e4-42b1-8944-9b734ea7d2bd" testListId="8c84fa94-04c1-424b-9868-57a2d4851a1d" /><TestEntry testId="8906d97b-18e4-4f94-b454-42e0a6e7f133" executionId="9f0d814f-7ab8-4f4d-80db-c9e0f878bfad" testListId="8c84fa94-04c1-424b-9868-57a2d4851a1d" /><TestEntry testId="d6a1452f-36e7-4131-bdbd-9e766f641913" executionId="e7a60f11-a081-4356-9440-02c637e3111e" testListId="8c84fa94-04c1-424b-9868-57a2d4851a1d" /><TestEntry testId="a82ccd6d-86d2-4b22-a7f8-2b166786b82c" executionId="88ae8e49-a932-4325-91e3-96cd7ed1fd83" testListId="8c84fa94-04c1-424b-9868-57a2d4851a1d" /><TestEntry testId="49ce1d52-cc5c-4889-a494-18e939e78fc6" executionId="b5b4085a-11f4-4619-8288-d886a8c17ebb" testListId="8c84fa94-04c1-424b-9868-57a2d4851a1d" /><TestEntry testId="ab07566f-90e9-40a2-bae5-4aead1f2e5f7" executionId="0a895041-f2a3-4ffa-b5dc-ccd5f4042ec0" testListId="8c84fa94-04c1-424b-9868-57a2d4851a1d" /><TestEntry testId="db70b471-7fa6-416a-9ff2-b86f6e2c27dc" executionId="85cffe64-270f-4349-9d68-7c5d190429d2" testListId="8c84fa94-04c1-424b-9868-57a2d4851a1d" /><TestEntry testId="1fd708b9-cbef-41ac-827d-c7aaec63808a" executionId="aee467da-1884-4d94-b711-c84f1f06e0d0" testListId="8c84fa94-04c1-424b-9868-57a2d4851a1d" /><TestEntry testId="4cbd168b-74d9-483a-8ee7-48ef949251bd" executionId="3cf581df-52d7-4eea-b02d-24f94f2015b1" testListId="8c84fa94-04c1-424b-9868-57a2d4851a1d" /><TestEntry testId="07f45221-b393-4769-8341-7f5ed74a3715" executionId="03c35b18-f283-488e-a092-4d57d7541e63" testListId="8c84fa94-04c1-424b-9868-57a2d4851a1d" /><TestEntry testId="f905c991-5a94-40a0-a550-26cfac83b56f" executionId="5ddde3b7-b7ba-4ee2-ac69-45e6822f19f0" testListId="8c84fa94-04c1-424b-9868-57a2d4851a1d" /><TestEntry testId="8dfb2a7f-2760-4e4a-86ab-c244d6c7a70d" executionId="952793c3-746b-45e0-8b55-47da682a80c0" testListId="8c84fa94-04c1-424b-9868-57a2d4851a1d" /><TestEntry testId="f4f817ee-0c5a-4ebd-90ec-cc2110f4bd29" executionId="ea6fa1ac-1a7f-4b7f-ba72-a1edef00567b" testListId="8c84fa94-04c1-424b-9868-57a2d4851a1d" /><TestEntry testId="004c0577-fee0-4115-b502-eb492887e718" executionId="9cb78139-92d1-40b3-b8a9-6af89b095617" testListId="8c84fa94-04c1-424b-9868-57a2d4851a1d" /><TestEntry testId="549d6b48-19f3-436f-a9ca-5f4c8025a019" executionId="5e7404c6-23bb-4f49-b632-c8d4cf5b602a" testListId="8c84fa94-04c1-424b-9868-57a2d4851a1d" /><TestEntry testId="868f5ccf-c597-477f-847d-a529a1f8e7c1" executionId="b11c01aa-2e14-4f43-8c62-13b39648637d" testListId="8c84fa94-04c1-424b-9868-57a2d4851a1d" /><TestEntry testId="6d6fc796-af13-4232-b769-0a0876d4d148" executionId="8a20d544-9f7c-4516-9fa3-5a125c4b6856" testListId="8c84fa94-04c1-424b-9868-57a2d4851a1d" /><TestEntry testId="5fbcd783-6adb-482f-a304-fa13b74605a1" executionId="3d8f2001-758c-406a-a682-5d259cf0804b" testListId="8c84fa94-04c1-424b-9868-57a2d4851a1d" /><TestEntry testId="8c2fe64d-276a-41f9-bce4-1dbedb9e6555" executionId="85cc9a5f-28f2-4b54-985f-4f30678685b5" testListId="8c84fa94-04c1-424b-9868-57a2d4851a1d" /><TestEntry testId="44fe4a0c-1a24-4c12-978c-1d08b08ce79d" executionId="8ba62b4f-1f7e-4e45-a1d0-5127d746cbe3" testListId="8c84fa94-04c1-424b-9868-57a2d4851a1d" /><TestEntry testId="a6b9e5ec-6187-409c-bb28-9f7ad6bc8fc8" executionId="c7db798e-1469-4811-a67b-379e04c040b4" testListId="8c84fa94-04c1-424b-9868-57a2d4851a1d" /><TestEntry testId="87c24c77-0b72-4927-bf30-e5d1ced6550b" executionId="b1f20076-6b2b-4dbe-9218-a91a3f40ca74" testListId="8c84fa94-04c1-424b-9868-57a2d4851a1d" /><TestEntry testId="96a08862-ecc0-4c2c-9fb4-4b7c6393d7e8" executionId="8f93177c-b12c-4004-93ba-b4902d0da43f" testListId="8c84fa94-04c1-424b-9868-57a2d4851a1d" /><TestEntry testId="5f2e92d9-0a5f-4794-be35-edb2b5647f1d" executionId="2beb1b3c-d128-4ae3-a4f9-02cd44913147" testListId="8c84fa94-04c1-424b-9868-57a2d4851a1d" /></TestEntries><TestLists><TestList name="Results Not in a List" id="8c84fa94-04c1-424b-9868-57a2d4851a1d" /><TestList name="All Loaded Results" id="19431567-8539-422a-85d7-44ee4e166bda" /></TestLists><ResultSummary outcome="Failed"><Counters total="152" executed="152" passed="150" failed="2" error="0" timeout="0" aborted="0" inconclusive="0" passedButRunAborted="0" notRunnable="0" notExecuted="0" disconnected="0" warning="0" completed="0" inProgress="0" pending="0" /><Output><StdOut>[xUnit.net 00:00:01.1981546]   Discovering: ModelRelief.Test[xUnit.net 00:00:01.3145840]   Discovered:  ModelRelief.Test[xUnit.net 00:00:01.3201846]   Starting:    ModelRelief.Test[xUnit.net 00:00:14.5067306]       Expected meshModel.FileIsSynchronized to be true, but found False.[xUnit.net 00:00:14.5083890]       Stack Trace:[xUnit.net 00:00:14.5097982]         C:\projects\fluentassertions-vf06b\Src\FluentAssertions\Execution\XUnit2TestFramework.cs(32,0): at FluentAssertions.Execution.XUnit2TestFramework.Throw(String message)[xUnit.net 00:00:14.5102091]         C:\projects\fluentassertions-vf06b\Src\FluentAssertions\Execution\AssertionScope.cs(225,0): at FluentAssertions.Execution.AssertionScope.FailWith(String message, Object[] args)[xUnit.net 00:00:14.5103075]         C:\projects\fluentassertions-vf06b\Src\FluentAssertions\Primitives\BooleanAssertions.cs(60,0): at FluentAssertions.Primitives.BooleanAssertions.BeTrue(String because, Object[] becauseArgs)[xUnit.net 00:00:14.5103759]         d:\Github\ModelRelief\ModelRelief.test\Integration\File\Meshes\MeshesFileIntegrationTests.cs(192,0): at ModelRelief.Test.Integration.Meshes.MeshesFileIntegrationTests.&lt;FileRequest_MeshGenerateSetsFileIsSynchronized&gt;d__5.MoveNext()[xUnit.net 00:00:14.5104174]         --- End of stack trace from previous location where exception was thrown ---[xUnit.net 00:00:14.5104670]            at System.Runtime.ExceptionServices.ExceptionDispatchInfo.Throw()[xUnit.net 00:00:14.5105226]         d:\Github\ModelRelief\ModelRelief.test\Integration\File\Meshes\MeshesFileIntegrationTests.cs(198,0): at ModelRelief.Test.Integration.Meshes.MeshesFileIntegrationTests.&lt;FileRequest_MeshGenerateSetsFileIsSynchronized&gt;d__5.MoveNext()[xUnit.net 00:00:14.5105671]         --- End of stack trace from previous location where exception was thrown ---[xUnit.net 00:00:14.5106120]            at System.Runtime.ExceptionServices.ExceptionDispatchInfo.Throw()[xUnit.net 00:00:14.5106633]            at System.Runtime.CompilerServices.TaskAwaiter.HandleNonSuccessAndDebuggerNotification(Task task)[xUnit.net 00:00:14.5107031]         --- End of stack trace from previous location where exception was thrown ---[xUnit.net 00:00:14.5107497]            at System.Runtime.ExceptionServices.ExceptionDispatchInfo.Throw()[xUnit.net 00:00:14.5108010]            at System.Runtime.CompilerServices.TaskAwaiter.HandleNonSuccessAndDebuggerNotification(Task task)[xUnit.net 00:00:14.5108378]         --- End of stack trace from previous location where exception was thrown ---[xUnit.net 00:00:14.5108827]            at System.Runtime.ExceptionServices.ExceptionDispatchInfo.Throw()[xUnit.net 00:00:14.5109314]            at System.Runtime.CompilerServices.TaskAwaiter.HandleNonSuccessAndDebuggerNotification(Task task)[xUnit.net 00:00:15.6392317]       Assert.True() Failure[xUnit.net 00:00:15.6392989]       Expected: True[xUnit.net 00:00:15.6393579]       Actual:   False[xUnit.net 00:00:15.6394669]       Stack Trace:[xUnit.net 00:00:15.6397026]         d:\Github\ModelRelief\ModelRelief.test\Integration\File\Meshes\MeshesFileIntegrationTests.cs(247,0): at ModelRelief.Test.Integration.Meshes.MeshesFileIntegrationTests.&lt;FileRequest_MeshGenerateScalesDepthBufferByUnsharpHighFrequencyScale&gt;d__6.MoveNext()[xUnit.net 00:00:15.6397877]         --- End of stack trace from previous location where exception was thrown ---[xUnit.net 00:00:15.6398954]            at System.Runtime.ExceptionServices.ExceptionDispatchInfo.Throw()[xUnit.net 00:00:15.6399784]         d:\Github\ModelRelief\ModelRelief.test\Integration\File\Meshes\MeshesFileIntegrationTests.cs(254,0): at ModelRelief.Test.Integration.Meshes.MeshesFileIntegrationTests.&lt;FileRequest_MeshGenerateScalesDepthBufferByUnsharpHighFrequencyScale&gt;d__6.MoveNext()[xUnit.net 00:00:15.6400425]         --- End of stack trace from previous location where exception was thrown ---[xUnit.net 00:00:15.6400947]            at System.Runtime.ExceptionServices.ExceptionDispatchInfo.Throw()[xUnit.net 00:00:15.6401974]            at System.Runtime.CompilerServices.TaskAwaiter.HandleNonSuccessAndDebuggerNotification(Task task)[xUnit.net 00:00:15.6402606]         --- End of stack trace from previous location where exception was thrown ---[xUnit.net 00:00:15.6403359]            at System.Runtime.ExceptionServices.ExceptionDispatchInfo.Throw()[xUnit.net 00:00:15.6404048]            at System.Runtime.CompilerServices.TaskAwaiter.HandleNonSuccessAndDebuggerNotification(Task task)[xUnit.net 00:00:15.6404437]         --- End of stack trace from previous location where exception was thrown ---[xUnit.net 00:00:15.6404852]            at System.Runtime.ExceptionServices.ExceptionDispatchInfo.Throw()[xUnit.net 00:00:15.6405288]            at System.Runtime.CompilerServices.TaskAwaiter.HandleNonSuccessAndDebuggerNotification(Task task)[xUnit.net 00:00:18.8963993]   Finished:    ModelRelief.Test</StdOut></Output><RunInfos><RunInfo computerName="LAMBDA" outcome="Error" timestamp="2018-07-16T14:44:05.1643544-04:00"><Text>[xUnit.net 00:00:14.5050846]     FileRequest_MeshGenerateSetsFileIsSynchronized [FAIL]</Text></RunInfo><RunInfo computerName="LAMBDA" outcome="Error" timestamp="2018-07-16T14:44:06.2981662-04:00"><Text>[xUnit.net 00:00:15.6391013]     FileRequest_MeshGenerateScalesDepthBufferByUnsharpHighFrequencyScale [FAIL]</Text></RunInfo></RunInfos></ResultSummary></TestRun>