<?xml version="1.0" encoding="utf-8"?><TestRun id="718ae656-9986-45c7-b600-85648a316a4a" name="steve@LAMBDA 2018-08-08 14:42:24" runUser="LAMBDA\steve" xmlns="http://microsoft.com/schemas/VisualStudio/TeamTest/2010"><Times creation="2018-08-08T14:42:24.7404241-04:00" queuing="2018-08-08T14:42:24.7404429-04:00" start="2018-08-08T14:42:20.3806715-04:00" finish="2018-08-08T14:42:45.0314812-04:00" /><TestSettings name="default" id="8068abcb-c138-4814-b647-cc624a7f9fa3"><Deployment runDeploymentRoot="steve_LAMBDA_2018-08-08_14_42_24" /></TestSettings><Results><UnitTestResult executionId="d4b5fea3-9f4a-44e5-9a63-bf030f1959a5" testId="b1c4f5c5-c4c7-4f74-8ff0-b0fc045c268b" testName="GetFile_NonExistentFileReturnsNotFound" computerName="LAMBDA" duration="00:00:00.0330000" startTime="2018-08-08T14:42:32.5181274-04:00" endTime="2018-08-08T14:42:32.5181321-04:00" testType="13cdc9d9-ddb5-4fa4-a97d-d965ccfc6d4b" outcome="Passed" testListId="8c84fa94-04c1-424b-9868-57a2d4851a1d" relativeResultsDirectory="d4b5fea3-9f4a-44e5-9a63-bf030f1959a5" /><UnitTestResult executionId="378f39ca-26df-4a46-953f-f7a5d90f1111" testId="d4ff1c84-33a5-4e93-af79-128ccdf0f9cf" testName="Post_InvalidPropertyValueReturnsBadRequest" computerName="LAMBDA" duration="00:00:00.0140000" startTime="2018-08-08T14:42:26.7575234-04:00" endTime="2018-08-08T14:42:26.7575294-04:00" testType="13cdc9d9-ddb5-4fa4-a97d-d965ccfc6d4b" outcome="Passed" testListId="8c84fa94-04c1-424b-9868-57a2d4851a1d" relativeResultsDirectory="378f39ca-26df-4a46-953f-f7a5d90f1111" /><UnitTestResult executionId="bdf03f5c-ede6-42cd-bf17-6bffca502257" testId="f67f1752-b81d-4696-862f-80ab85680d2e" testName="PutFile_NewFileCanBePut" computerName="LAMBDA" duration="00:00:00.1110000" startTime="2018-08-08T14:42:27.2681457-04:00" endTime="2018-08-08T14:42:27.2681508-04:00" testType="13cdc9d9-ddb5-4fa4-a97d-d965ccfc6d4b" outcome="Passed" testListId="8c84fa94-04c1-424b-9868-57a2d4851a1d" relativeResultsDirectory="bdf03f5c-ede6-42cd-bf17-6bffca502257" /><UnitTestResult executionId="6b0c986f-2882-4d84-9a16-02a75adddf09" testId="8a3eaef7-64ca-47e3-9e1c-b8e3a4b73ea1" testName="Patch_InvalidIdPropertyReturnsNotFound" computerName="LAMBDA" duration="00:00:00.0330000" startTime="2018-08-08T14:42:26.0636460-04:00" endTime="2018-08-08T14:42:26.0636507-04:00" testType="13cdc9d9-ddb5-4fa4-a97d-d965ccfc6d4b" outcome="Passed" testListId="8c84fa94-04c1-424b-9868-57a2d4851a1d" relativeResultsDirectory="6b0c986f-2882-4d84-9a16-02a75adddf09" /><UnitTestResult executionId="86f23d28-dde6-4046-9953-e4c5a7f89dd5" testId="f795d50d-7f89-4b7b-936b-a74cdedce9c0" testName="Put_ValidReferencePropertyUpdatesModel" computerName="LAMBDA" duration="00:00:00.0110000" startTime="2018-08-08T14:42:25.8279304-04:00" endTime="2018-08-08T14:42:25.8279351-04:00" testType="13cdc9d9-ddb5-4fa4-a97d-d965ccfc6d4b" outcome="Passed" testListId="8c84fa94-04c1-424b-9868-57a2d4851a1d" relativeResultsDirectory="86f23d28-dde6-4046-9953-e4c5a7f89dd5" /><UnitTestResult executionId="46c39083-a197-43db-bb7d-3f98ff964640" testId="378e765f-46c2-4eb7-8290-fbb32cef5771" testName="Put_ValidReferencePropertyUpdatesModel" computerName="LAMBDA" duration="00:00:00.0510000" startTime="2018-08-08T14:42:26.8908307-04:00" endTime="2018-08-08T14:42:26.8908358-04:00" testType="13cdc9d9-ddb5-4fa4-a97d-d965ccfc6d4b" outcome="Passed" testListId="8c84fa94-04c1-424b-9868-57a2d4851a1d" relativeResultsDirectory="46c39083-a197-43db-bb7d-3f98ff964640" /><UnitTestResult executionId="06c50dc7-b4aa-4703-b112-22ceebec7f32" testId="01b10c8b-72de-4065-9e22-7d7ca0b03f33" testName="Patch_MultipleInvalidReferencePropertiesReturnsMultipleValidationErrorsAndBadRequest" computerName="LAMBDA" duration="00:00:00.0340000" startTime="2018-08-08T14:42:29.0991592-04:00" endTime="2018-08-08T14:42:29.0991742-04:00" testType="13cdc9d9-ddb5-4fa4-a97d-d965ccfc6d4b" outcome="Passed" testListId="8c84fa94-04c1-424b-9868-57a2d4851a1d" relativeResultsDirectory="06c50dc7-b4aa-4703-b112-22ceebec7f32" /><UnitTestResult executionId="c0f98872-8c7a-4ede-b615-ef88cada7ff4" testId="10a9c284-3781-4949-8f01-96735de3eec7" testName="Patch_ValidReferencePropertyUpdatesModel" computerName="LAMBDA" duration="00:00:00.6480000" startTime="2018-08-08T14:42:31.4188149-04:00" endTime="2018-08-08T14:42:31.4188196-04:00" testType="13cdc9d9-ddb5-4fa4-a97d-d965ccfc6d4b" outcome="Passed" testListId="8c84fa94-04c1-424b-9868-57a2d4851a1d" relativeResultsDirectory="c0f98872-8c7a-4ede-b615-ef88cada7ff4" /><UnitTestResult executionId="ed83a57d-c1ab-4c4b-bdac-97d45cb8cad1" testId="f2ea312e-9b28-4b0e-ad70-7e37bd873b13" testName="Patch_InvalidIdPropertyReturnsNotFound" computerName="LAMBDA" duration="00:00:00.0170000" startTime="2018-08-08T14:42:44.6685978-04:00" endTime="2018-08-08T14:42:44.6686029-04:00" testType="13cdc9d9-ddb5-4fa4-a97d-d965ccfc6d4b" outcome="Passed" testListId="8c84fa94-04c1-424b-9868-57a2d4851a1d" relativeResultsDirectory="ed83a57d-c1ab-4c4b-bdac-97d45cb8cad1" /><UnitTestResult executionId="e47ac884-c1b5-4cec-9d50-76d2ad9f9537" testId="303446a8-c166-4802-8e80-1870dd4bc1bc" testName="Patch_InvalidPropertyNameReturnsBadRequest" computerName="LAMBDA" duration="00:00:00.0910000" startTime="2018-08-08T14:42:25.5271710-04:00" endTime="2018-08-08T14:42:25.5271757-04:00" testType="13cdc9d9-ddb5-4fa4-a97d-d965ccfc6d4b" outcome="Passed" testListId="8c84fa94-04c1-424b-9868-57a2d4851a1d" relativeResultsDirectory="e47ac884-c1b5-4cec-9d50-76d2ad9f9537" /><UnitTestResult executionId="2107ccb4-d917-4b3f-aeb5-22f17308423d" testId="a5785ca9-a60e-4e59-a63a-567de7c0b8f9" testName="FileRequest_DepthBufferIsInvalidatedAfterCameraDependencyPropertyChange" computerName="LAMBDA" duration="00:00:00.3770000" startTime="2018-08-08T14:42:43.7870457-04:00" endTime="2018-08-08T14:42:43.7870598-04:00" testType="13cdc9d9-ddb5-4fa4-a97d-d965ccfc6d4b" outcome="Passed" testListId="8c84fa94-04c1-424b-9868-57a2d4851a1d" relativeResultsDirectory="2107ccb4-d917-4b3f-aeb5-22f17308423d" /><UnitTestResult executionId="92b8632f-8065-4366-b822-3a0ce65ad1b4" testId="0f8c1202-d94f-47fc-acbb-50e5b7f105b7" testName="FileRequest_MeshIsInvalidatedAfterDepthBufferFileBecomesUnsynchronized" computerName="LAMBDA" duration="00:00:02.1370000" startTime="2018-08-08T14:42:34.7742917-04:00" endTime="2018-08-08T14:42:34.7742964-04:00" testType="13cdc9d9-ddb5-4fa4-a97d-d965ccfc6d4b" outcome="Passed" testListId="8c84fa94-04c1-424b-9868-57a2d4851a1d" relativeResultsDirectory="92b8632f-8065-4366-b822-3a0ce65ad1b4" /><UnitTestResult executionId="c3d0dfa0-d781-4351-b758-cad44cf48b34" testId="dbd88ebd-4525-4e4a-b09c-076b946c2b42" testName="Post_InvalidPropertyValueReturnsBadRequest" computerName="LAMBDA" duration="00:00:00.0250000" startTime="2018-08-08T14:42:32.4840305-04:00" endTime="2018-08-08T14:42:32.4840352-04:00" testType="13cdc9d9-ddb5-4fa4-a97d-d965ccfc6d4b" outcome="Passed" testListId="8c84fa94-04c1-424b-9868-57a2d4851a1d" relativeResultsDirectory="c3d0dfa0-d781-4351-b758-cad44cf48b34" /><UnitTestResult executionId="28fa3c6e-8a95-40b0-bc6d-3faaa859aae7" testId="ae0facd9-8e75-4d32-9f01-067d2c8f61b2" testName="PutFile_NewFileCanBePut" computerName="LAMBDA" duration="00:00:00.1180000" startTime="2018-08-08T14:42:32.6367079-04:00" endTime="2018-08-08T14:42:32.6367156-04:00" testType="13cdc9d9-ddb5-4fa4-a97d-d965ccfc6d4b" outcome="Passed" testListId="8c84fa94-04c1-424b-9868-57a2d4851a1d" relativeResultsDirectory="28fa3c6e-8a95-40b0-bc6d-3faaa859aae7" /><UnitTestResult executionId="f62fcfbd-12bc-415c-86fd-5409e6129297" testId="f7b1dfbf-03db-4557-9152-580cc8dedf8e" testName="GetSingle_ValidIdPropertyValueReturnsCorrectModel" computerName="LAMBDA" duration="00:00:00.0160000" startTime="2018-08-08T14:42:25.9152831-04:00" endTime="2018-08-08T14:42:25.9152891-04:00" testType="13cdc9d9-ddb5-4fa4-a97d-d965ccfc6d4b" outcome="Passed" testListId="8c84fa94-04c1-424b-9868-57a2d4851a1d" relativeResultsDirectory="f62fcfbd-12bc-415c-86fd-5409e6129297" /><UnitTestResult executionId="f9dc0b6a-363f-405b-b13d-8ec68d71f6dd" testId="bb32f401-a3ec-4213-b0ed-8b40d88be6d6" testName="PostFile_FileTimeStampIsUpdatedAfterFileIsPosted" computerName="LAMBDA" duration="00:00:01.2970000" startTime="2018-08-08T14:42:36.6632311-04:00" endTime="2018-08-08T14:42:36.6632371-04:00" testType="13cdc9d9-ddb5-4fa4-a97d-d965ccfc6d4b" outcome="Passed" testListId="8c84fa94-04c1-424b-9868-57a2d4851a1d" relativeResultsDirectory="f9dc0b6a-363f-405b-b13d-8ec68d71f6dd" /><UnitTestResult executionId="197bc4d9-3c08-47a9-bb4f-98f44c769ce5" testId="6dd52396-25ba-4d83-a7d9-8f59d4f81a50" testName="GetSingle_ValidIdPropertyValueReturnsCorrectModel" computerName="LAMBDA" duration="00:00:00.0180000" startTime="2018-08-08T14:42:29.5972547-04:00" endTime="2018-08-08T14:42:29.5972620-04:00" testType="13cdc9d9-ddb5-4fa4-a97d-d965ccfc6d4b" outcome="Passed" testListId="8c84fa94-04c1-424b-9868-57a2d4851a1d" relativeResultsDirectory="197bc4d9-3c08-47a9-bb4f-98f44c769ce5" /><UnitTestResult executionId="58bbf2b5-436d-4d89-bbe4-17ed5bf7d7f4" testId="194fc78e-3673-42f2-b1fd-39622d8a21f6" testName="Delete_TargetModelIsDeleted" computerName="LAMBDA" duration="00:00:00.0450000" startTime="2018-08-08T14:42:32.3785054-04:00" endTime="2018-08-08T14:42:32.3785097-04:00" testType="13cdc9d9-ddb5-4fa4-a97d-d965ccfc6d4b" outcome="Passed" testListId="8c84fa94-04c1-424b-9868-57a2d4851a1d" relativeResultsDirectory="58bbf2b5-436d-4d89-bbe4-17ed5bf7d7f4" /><UnitTestResult executionId="4f4c3f8e-fbd5-4690-9fe0-1be479d4e166" testId="3a9b4c03-cdde-4127-90f7-d1b8f0e381b9" testName="Put_InvalidIdReturnsNotFound" computerName="LAMBDA" duration="00:00:00.0780000" startTime="2018-08-08T14:42:30.7705202-04:00" endTime="2018-08-08T14:42:30.7705249-04:00" testType="13cdc9d9-ddb5-4fa4-a97d-d965ccfc6d4b" outcome="Passed" testListId="8c84fa94-04c1-424b-9868-57a2d4851a1d" relativeResultsDirectory="4f4c3f8e-fbd5-4690-9fe0-1be479d4e166" /><UnitTestResult executionId="abf00327-d2b5-488b-bb0c-12080da529ec" testId="09fb68c0-f8b5-4ff0-af7e-d8d0ceec053c" testName="Patch_InvalidEnumPropertyValueReturnsBadRequest" computerName="LAMBDA" duration="00:00:00.0120000" startTime="2018-08-08T14:42:44.4568530-04:00" endTime="2018-08-08T14:42:44.4568573-04:00" testType="13cdc9d9-ddb5-4fa4-a97d-d965ccfc6d4b" outcome="Passed" testListId="8c84fa94-04c1-424b-9868-57a2d4851a1d" relativeResultsDirectory="abf00327-d2b5-488b-bb0c-12080da529ec" /><UnitTestResult executionId="d162ed5d-c46f-4b12-870e-0b7bee5ec3d5" testId="57dbb6c3-82e8-4d25-a834-6e41fae19f16" testName="Patch_InvalidPropertyNameReturnsBadRequest" computerName="LAMBDA" duration="00:00:00.0240000" startTime="2018-08-08T14:42:32.1753173-04:00" endTime="2018-08-08T14:42:32.1753228-04:00" testType="13cdc9d9-ddb5-4fa4-a97d-d965ccfc6d4b" outcome="Passed" testListId="8c84fa94-04c1-424b-9868-57a2d4851a1d" relativeResultsDirectory="d162ed5d-c46f-4b12-870e-0b7bee5ec3d5" /><UnitTestResult executionId="dbb2221d-0612-4655-a000-820650ad8da0" testId="cc103188-c3c9-4eba-bdc2-5e80a4157341" testName="Put_CanUpdateModel" computerName="LAMBDA" duration="00:00:00.4880000" startTime="2018-08-08T14:42:31.9068471-04:00" endTime="2018-08-08T14:42:31.9068531-04:00" testType="13cdc9d9-ddb5-4fa4-a97d-d965ccfc6d4b" outcome="Passed" testListId="8c84fa94-04c1-424b-9868-57a2d4851a1d" relativeResultsDirectory="dbb2221d-0612-4655-a000-820650ad8da0" /><UnitTestResult executionId="6f4f9449-aae0-4357-85ab-c89df94cf211" testId="5c9dd9fb-eaf5-43bb-a6a0-019cc1abc00b" testName="Post_CanCreateNewModel" computerName="LAMBDA" duration="00:00:00.0220000" startTime="2018-08-08T14:42:25.8617557-04:00" endTime="2018-08-08T14:42:25.8617613-04:00" testType="13cdc9d9-ddb5-4fa4-a97d-d965ccfc6d4b" outcome="Passed" testListId="8c84fa94-04c1-424b-9868-57a2d4851a1d" relativeResultsDirectory="6f4f9449-aae0-4357-85ab-c89df94cf211" /><UnitTestResult executionId="6b0296b4-c7f8-43e2-8bec-5c360fefc131" testId="6f20868b-3cf4-4f5d-a22a-0b49aa5ccc56" testName="Delete_TargetModelIsDeleted" computerName="LAMBDA" duration="00:00:00.0380000" startTime="2018-08-08T14:42:40.9680924-04:00" endTime="2018-08-08T14:42:40.9680971-04:00" testType="13cdc9d9-ddb5-4fa4-a97d-d965ccfc6d4b" outcome="Passed" testListId="8c84fa94-04c1-424b-9868-57a2d4851a1d" relativeResultsDirectory="6b0296b4-c7f8-43e2-8bec-5c360fefc131" /><UnitTestResult executionId="5befb6fd-029e-4e06-9008-a685ce6a8ad1" testId="ad7c8809-6f3c-42b8-8b39-d6c82b871c58" testName="Patch_InvalidIdPropertyReturnsNotFound" computerName="LAMBDA" duration="00:00:00.0240000" startTime="2018-08-08T14:42:32.2001776-04:00" endTime="2018-08-08T14:42:32.2001828-04:00" testType="13cdc9d9-ddb5-4fa4-a97d-d965ccfc6d4b" outcome="Passed" testListId="8c84fa94-04c1-424b-9868-57a2d4851a1d" relativeResultsDirectory="5befb6fd-029e-4e06-9008-a685ce6a8ad1" /><UnitTestResult executionId="663bd2f5-34a5-4236-96fd-6aa07313905c" testId="de244bdb-fa4e-49bb-ace2-54997c5b88c4" testName="Post_InvalidPropertyValueReturnsBadRequest" computerName="LAMBDA" duration="00:00:00.0170000" startTime="2018-08-08T14:42:29.2905527-04:00" endTime="2018-08-08T14:42:29.2905570-04:00" testType="13cdc9d9-ddb5-4fa4-a97d-d965ccfc6d4b" outcome="Passed" testListId="8c84fa94-04c1-424b-9868-57a2d4851a1d" relativeResultsDirectory="663bd2f5-34a5-4236-96fd-6aa07313905c" /><UnitTestResult executionId="4f0beaf6-3de5-4068-a7f0-c9ef3acfba9f" testId="6bcede6b-e85c-45f4-a4ad-f375aee5ae4e" testName="Delete_TargetModelIsDeleted" computerName="LAMBDA" duration="00:00:00.1880000" startTime="2018-08-08T14:42:25.7362552-04:00" endTime="2018-08-08T14:42:25.7362595-04:00" testType="13cdc9d9-ddb5-4fa4-a97d-d965ccfc6d4b" outcome="Passed" testListId="8c84fa94-04c1-424b-9868-57a2d4851a1d" relativeResultsDirectory="4f0beaf6-3de5-4068-a7f0-c9ef3acfba9f" /><UnitTestResult executionId="554d4784-253a-4048-b7bf-3d8d70a31e30" testId="7c4a7b1b-aec2-44f8-8e15-cbdd21c49b53" testName="Put_InvalidIdReturnsNotFound" computerName="LAMBDA" duration="00:00:00.0230000" startTime="2018-08-08T14:42:44.3919466-04:00" endTime="2018-08-08T14:42:44.3919521-04:00" testType="13cdc9d9-ddb5-4fa4-a97d-d965ccfc6d4b" outcome="Passed" testListId="8c84fa94-04c1-424b-9868-57a2d4851a1d" relativeResultsDirectory="554d4784-253a-4048-b7bf-3d8d70a31e30" /><UnitTestResult executionId="777ee808-660d-4361-8ebc-46730a5f55e5" testId="578c89f2-28f8-43e5-9ea6-3744ecae41a7" testName="Patch_InvalidReferencePropertyReturnsBadRequest" computerName="LAMBDA" duration="00:00:00.0380000" startTime="2018-08-08T14:42:32.1504684-04:00" endTime="2018-08-08T14:42:32.1504731-04:00" testType="13cdc9d9-ddb5-4fa4-a97d-d965ccfc6d4b" outcome="Passed" testListId="8c84fa94-04c1-424b-9868-57a2d4851a1d" relativeResultsDirectory="777ee808-660d-4361-8ebc-46730a5f55e5" /><UnitTestResult executionId="fee46e22-d18f-44ac-96f9-112ff54066d7" testId="ccf43ce2-792d-4c6b-a771-9ccfd9c1ca08" testName="GetSingle_InvalidIdPropertyValueReturnsNotFound" computerName="LAMBDA" duration="00:00:00.0150000" startTime="2018-08-08T14:42:25.9438397-04:00" endTime="2018-08-08T14:42:25.9438461-04:00" testType="13cdc9d9-ddb5-4fa4-a97d-d965ccfc6d4b" outcome="Passed" testListId="8c84fa94-04c1-424b-9868-57a2d4851a1d" relativeResultsDirectory="fee46e22-d18f-44ac-96f9-112ff54066d7" /><UnitTestResult executionId="706cca3f-dbba-4a7b-b270-13572d2fc385" testId="5d7f4ab9-cbb8-4eee-a47a-d82538deb875" testName="GetSingle_InvalidIdPropertyValueReturnsNotFound" computerName="LAMBDA" duration="00:00:00.0190000" startTime="2018-08-08T14:42:41.4971565-04:00" endTime="2018-08-08T14:42:41.4971710-04:00" testType="13cdc9d9-ddb5-4fa4-a97d-d965ccfc6d4b" outcome="Passed" testListId="8c84fa94-04c1-424b-9868-57a2d4851a1d" relativeResultsDirectory="706cca3f-dbba-4a7b-b270-13572d2fc385" /><UnitTestResult executionId="3a40702c-3e1d-4f45-8d0c-e382977a54c0" testId="d4cdba19-02da-4213-b773-fd5575d6f1c1" testName="Patch_ValidReferencePropertyUpdatesModel" computerName="LAMBDA" duration="00:00:00.0670000" startTime="2018-08-08T14:42:41.4773381-04:00" endTime="2018-08-08T14:42:41.4773441-04:00" testType="13cdc9d9-ddb5-4fa4-a97d-d965ccfc6d4b" outcome="Passed" testListId="8c84fa94-04c1-424b-9868-57a2d4851a1d" relativeResultsDirectory="3a40702c-3e1d-4f45-8d0c-e382977a54c0" /><UnitTestResult executionId="d061cc55-0de7-432b-b49d-5ff87cac3293" testId="1b69f5d8-fa66-467e-acfd-5766d38d5a51" testName="GetFile_FileCanBeRoundTripped" computerName="LAMBDA" duration="00:00:00.1340000" startTime="2018-08-08T14:42:28.6773737-04:00" endTime="2018-08-08T14:42:28.6773801-04:00" testType="13cdc9d9-ddb5-4fa4-a97d-d965ccfc6d4b" outcome="Passed" testListId="8c84fa94-04c1-424b-9868-57a2d4851a1d" relativeResultsDirectory="d061cc55-0de7-432b-b49d-5ff87cac3293" /><UnitTestResult executionId="63aa86f9-edcf-4d07-a9b9-2de79bd09496" testId="bf9cf245-a54b-4aa8-93f4-086dee5adbd9" testName="GetSingle_ValidIdPropertyValueReturnsCorrectModel" computerName="LAMBDA" duration="00:00:00.0230000" startTime="2018-08-08T14:42:44.3400194-04:00" endTime="2018-08-08T14:42:44.3400250-04:00" testType="13cdc9d9-ddb5-4fa4-a97d-d965ccfc6d4b" outcome="Passed" testListId="8c84fa94-04c1-424b-9868-57a2d4851a1d" relativeResultsDirectory="63aa86f9-edcf-4d07-a9b9-2de79bd09496" /><UnitTestResult executionId="dd1c0e56-46eb-48bd-ade0-af9f6789cf8e" testId="631593d1-ef42-4988-8e1d-7b71d84324b3" testName="Put_InvalidIdReturnsNotFound" computerName="LAMBDA" duration="00:00:00.1970000" startTime="2018-08-08T14:42:28.9288055-04:00" endTime="2018-08-08T14:42:28.9288102-04:00" testType="13cdc9d9-ddb5-4fa4-a97d-d965ccfc6d4b" outcome="Passed" testListId="8c84fa94-04c1-424b-9868-57a2d4851a1d" relativeResultsDirectory="dd1c0e56-46eb-48bd-ade0-af9f6789cf8e" /><UnitTestResult executionId="8f85e14f-0f54-4019-958a-f1a30ac17410" testId="cc7cb83a-255d-4bef-ae0d-1dcf53db2cc5" testName="Patch_MultipleInvalidReferencePropertiesReturnsMultipleValidationErrorsAndBadRequest" computerName="LAMBDA" duration="00:00:00.0100000" startTime="2018-08-08T14:42:26.0202419-04:00" endTime="2018-08-08T14:42:26.0202475-04:00" testType="13cdc9d9-ddb5-4fa4-a97d-d965ccfc6d4b" outcome="Passed" testListId="8c84fa94-04c1-424b-9868-57a2d4851a1d" relativeResultsDirectory="8f85e14f-0f54-4019-958a-f1a30ac17410" /><UnitTestResult executionId="1bed17ca-1736-484d-94da-de9d9ec0419c" testId="8fbc88f5-aa60-44cc-8be7-3bdd2a847b60" testName="GetList_ListReturnsCorrectCount" computerName="LAMBDA" duration="00:00:00.0220000" startTime="2018-08-08T14:42:26.9963715-04:00" endTime="2018-08-08T14:42:26.9963758-04:00" testType="13cdc9d9-ddb5-4fa4-a97d-d965ccfc6d4b" outcome="Passed" testListId="8c84fa94-04c1-424b-9868-57a2d4851a1d" relativeResultsDirectory="1bed17ca-1736-484d-94da-de9d9ec0419c" /><UnitTestResult executionId="81900ea3-b55b-413a-840f-275cba82a616" testId="da0cd510-d112-41cf-91a3-74958da22fbf" testName="Put_InvalidReferencePropertyReturndBadRequest" computerName="LAMBDA" duration="00:00:00.0100000" startTime="2018-08-08T14:42:26.0306169-04:00" endTime="2018-08-08T14:42:26.0306216-04:00" testType="13cdc9d9-ddb5-4fa4-a97d-d965ccfc6d4b" outcome="Passed" testListId="8c84fa94-04c1-424b-9868-57a2d4851a1d" relativeResultsDirectory="81900ea3-b55b-413a-840f-275cba82a616" /><UnitTestResult executionId="49f68ac2-ad5a-49c7-96f1-b27e2ece8db4" testId="caf1bead-d433-4046-a09c-633ace9813bf" testName="Patch_MultipleInvalidReferencePropertiesReturnsMultipleValidationErrorsAndBadRequest" computerName="LAMBDA" duration="00:00:00.0240000" startTime="2018-08-08T14:42:41.3148610-04:00" endTime="2018-08-08T14:42:41.3148751-04:00" testType="13cdc9d9-ddb5-4fa4-a97d-d965ccfc6d4b" outcome="Passed" testListId="8c84fa94-04c1-424b-9868-57a2d4851a1d" relativeResultsDirectory="49f68ac2-ad5a-49c7-96f1-b27e2ece8db4" /><UnitTestResult executionId="fd4a574c-dfff-409e-a118-c8cea7820a4e" testId="9c1a6b8d-e985-4dfb-896e-90017f9d9bda" testName="GetList_ListReturnsCorrectCount" computerName="LAMBDA" duration="00:00:01.0770000" startTime="2018-08-08T14:42:30.6924189-04:00" endTime="2018-08-08T14:42:30.6924232-04:00" testType="13cdc9d9-ddb5-4fa4-a97d-d965ccfc6d4b" outcome="Passed" testListId="8c84fa94-04c1-424b-9868-57a2d4851a1d" relativeResultsDirectory="fd4a574c-dfff-409e-a118-c8cea7820a4e" /><UnitTestResult executionId="7c8fdd3e-5b19-4ea0-9ff2-a5ec2ec9b616" testId="4359e1f9-a62a-4cf9-8046-ae5caf16778c" testName="PostFile_NewFileCanBePosted" computerName="LAMBDA" duration="00:00:00.0820000" startTime="2018-08-08T14:42:28.5424691-04:00" endTime="2018-08-08T14:42:28.5424763-04:00" testType="13cdc9d9-ddb5-4fa4-a97d-d965ccfc6d4b" outcome="Passed" testListId="8c84fa94-04c1-424b-9868-57a2d4851a1d" relativeResultsDirectory="7c8fdd3e-5b19-4ea0-9ff2-a5ec2ec9b616" /><UnitTestResult executionId="40f57ba3-994d-4728-b447-d2b9242c969f" testId="13710f84-2091-48ca-960c-fe3681b94dcb" testName="GetList_ListReturnsCorrectCount" computerName="LAMBDA" duration="00:00:00.0210000" startTime="2018-08-08T14:42:29.1750179-04:00" endTime="2018-08-08T14:42:29.1750230-04:00" testType="13cdc9d9-ddb5-4fa4-a97d-d965ccfc6d4b" outcome="Passed" testListId="8c84fa94-04c1-424b-9868-57a2d4851a1d" relativeResultsDirectory="40f57ba3-994d-4728-b447-d2b9242c969f" /><UnitTestResult executionId="09ee083d-1308-4c73-9c8c-894c5e917ac1" testId="d14c4492-db69-47e7-a652-507f36770950" testName="Post_CanCreateNewModel" computerName="LAMBDA" duration="00:00:00.0390000" startTime="2018-08-08T14:42:32.1118148-04:00" endTime="2018-08-08T14:42:32.1118195-04:00" testType="13cdc9d9-ddb5-4fa4-a97d-d965ccfc6d4b" outcome="Passed" testListId="8c84fa94-04c1-424b-9868-57a2d4851a1d" relativeResultsDirectory="09ee083d-1308-4c73-9c8c-894c5e917ac1" /><UnitTestResult executionId="74c5008e-b06f-472f-9d53-eb86c3c8169e" testId="1cf12e05-d38d-4d45-ac1d-9ef04487b409" testName="GetList_ListReturnsCorrectCount" computerName="LAMBDA" duration="00:00:00.0210000" startTime="2018-08-08T14:42:44.4443497-04:00" endTime="2018-08-08T14:42:44.4443544-04:00" testType="13cdc9d9-ddb5-4fa4-a97d-d965ccfc6d4b" outcome="Passed" testListId="8c84fa94-04c1-424b-9868-57a2d4851a1d" relativeResultsDirectory="74c5008e-b06f-472f-9d53-eb86c3c8169e" /><UnitTestResult executionId="ff53d4a2-896e-4302-93c1-4bf1269463b4" testId="5d782497-917d-4f36-b779-b4208b020d00" testName="Patch_TargetPropertyIsUpdated" computerName="LAMBDA" duration="00:00:00.0800000" startTime="2018-08-08T14:42:25.8169105-04:00" endTime="2018-08-08T14:42:25.8169161-04:00" testType="13cdc9d9-ddb5-4fa4-a97d-d965ccfc6d4b" outcome="Passed" testListId="8c84fa94-04c1-424b-9868-57a2d4851a1d" relativeResultsDirectory="ff53d4a2-896e-4302-93c1-4bf1269463b4" /><UnitTestResult executionId="86000816-2f50-4b35-b489-b175aaed8795" testId="666d92a3-637d-400c-8ec7-4796992961bc" testName="Patch_ValidReferencePropertyUpdatesModel" computerName="LAMBDA" duration="00:00:00.0620000" startTime="2018-08-08T14:42:26.8398191-04:00" endTime="2018-08-08T14:42:26.8398234-04:00" testType="13cdc9d9-ddb5-4fa4-a97d-d965ccfc6d4b" outcome="Passed" testListId="8c84fa94-04c1-424b-9868-57a2d4851a1d" relativeResultsDirectory="86000816-2f50-4b35-b489-b175aaed8795" /><UnitTestResult executionId="7e1101b0-390f-42fa-af84-243f8072b9c8" testId="206646ca-1769-43c1-8469-add650f58286" testName="Patch_ValidReferencePropertyUpdatesModel" computerName="LAMBDA" duration="00:00:00.0690000" startTime="2018-08-08T14:42:44.7710668-04:00" endTime="2018-08-08T14:42:44.7710711-04:00" testType="13cdc9d9-ddb5-4fa4-a97d-d965ccfc6d4b" outcome="Passed" testListId="8c84fa94-04c1-424b-9868-57a2d4851a1d" relativeResultsDirectory="7e1101b0-390f-42fa-af84-243f8072b9c8" /><UnitTestResult executionId="68c09e47-7684-4590-81f4-bcad08310078" testId="a1cf270d-6008-46d4-a99e-395c7ac96ef9" testName="Patch_InvalidPropertyNameReturnsBadRequest" computerName="LAMBDA" duration="00:00:00.0300000" startTime="2018-08-08T14:42:28.9594988-04:00" endTime="2018-08-08T14:42:28.9595043-04:00" testType="13cdc9d9-ddb5-4fa4-a97d-d965ccfc6d4b" outcome="Passed" testListId="8c84fa94-04c1-424b-9868-57a2d4851a1d" relativeResultsDirectory="68c09e47-7684-4590-81f4-bcad08310078" /><UnitTestResult executionId="fedd4e7c-cee7-46ac-b702-604f1f1d66fd" testId="2d9a4f56-acc0-472d-b37a-4a30862bb7c8" testName="PostFile_FileTimeStampIsUpdatedAfterFileIsPosted" computerName="LAMBDA" duration="00:00:01.3190000" startTime="2018-08-08T14:42:43.0447744-04:00" endTime="2018-08-08T14:42:43.0447825-04:00" testType="13cdc9d9-ddb5-4fa4-a97d-d965ccfc6d4b" outcome="Passed" testListId="8c84fa94-04c1-424b-9868-57a2d4851a1d" relativeResultsDirectory="fedd4e7c-cee7-46ac-b702-604f1f1d66fd" /><UnitTestResult executionId="98810e80-e08c-4adb-bb06-c10b26053969" testId="3f285dc2-63b3-4a8a-aaaf-a561baf634cf" testName="GetSingle_ValidIdPropertyValueReturnsCorrectModel" computerName="LAMBDA" duration="00:00:00.0200000" startTime="2018-08-08T14:42:26.7775834-04:00" endTime="2018-08-08T14:42:26.7775886-04:00" testType="13cdc9d9-ddb5-4fa4-a97d-d965ccfc6d4b" outcome="Passed" testListId="8c84fa94-04c1-424b-9868-57a2d4851a1d" relativeResultsDirectory="98810e80-e08c-4adb-bb06-c10b26053969" /><UnitTestResult executionId="9522c530-d651-4263-90a1-9951952aad1e" testId="6c63172b-d60e-4a34-bd5d-1296d8de35cc" testName="Patch_InvalidIdPropertyReturnsNotFound" computerName="LAMBDA" duration="00:00:00.0230000" startTime="2018-08-08T14:42:40.9910298-04:00" endTime="2018-08-08T14:42:40.9910349-04:00" testType="13cdc9d9-ddb5-4fa4-a97d-d965ccfc6d4b" outcome="Passed" testListId="8c84fa94-04c1-424b-9868-57a2d4851a1d" relativeResultsDirectory="9522c530-d651-4263-90a1-9951952aad1e" /><UnitTestResult executionId="b2bb92d5-6545-4a71-945d-3f5b51f2d4a3" testId="b5c648c5-80cb-4475-b981-11376f716714" testName="PutFile_FileCanBeUpdated" computerName="LAMBDA" duration="00:00:00.2080000" startTime="2018-08-08T14:42:27.4770255-04:00" endTime="2018-08-08T14:42:27.4770311-04:00" testType="13cdc9d9-ddb5-4fa4-a97d-d965ccfc6d4b" outcome="Passed" testListId="8c84fa94-04c1-424b-9868-57a2d4851a1d" relativeResultsDirectory="b2bb92d5-6545-4a71-945d-3f5b51f2d4a3" /><UnitTestResult executionId="8c71a89d-72d7-4bcf-a787-7a385aba3aeb" testId="81d51048-6afa-4fb0-ad19-7bd3f4a31dd2" testName="PostFile_NewFileCanBePosted" computerName="LAMBDA" duration="00:00:00.1360000" startTime="2018-08-08T14:42:44.1667590-04:00" endTime="2018-08-08T14:42:44.1667671-04:00" testType="13cdc9d9-ddb5-4fa4-a97d-d965ccfc6d4b" outcome="Passed" testListId="8c84fa94-04c1-424b-9868-57a2d4851a1d" relativeResultsDirectory="8c71a89d-72d7-4bcf-a787-7a385aba3aeb" /><UnitTestResult executionId="6148e371-d112-47f1-88e7-7a5af204963a" testId="ebac828a-7a6f-4700-a054-438a96ff4a19" testName="Post_InvalidPropertyValueReturnsBadRequest" computerName="LAMBDA" duration="00:00:00.0170000" startTime="2018-08-08T14:42:26.0807657-04:00" endTime="2018-08-08T14:42:26.0807713-04:00" testType="13cdc9d9-ddb5-4fa4-a97d-d965ccfc6d4b" outcome="Passed" testListId="8c84fa94-04c1-424b-9868-57a2d4851a1d" relativeResultsDirectory="6148e371-d112-47f1-88e7-7a5af204963a" /><UnitTestResult executionId="6b2cf636-2132-4277-899f-f6e4dac97e89" testId="c05f6cb1-438c-43bd-acb2-553bf32da118" testName="Put_CanUpdateModel" computerName="LAMBDA" duration="00:00:00.0630000" startTime="2018-08-08T14:42:29.5645900-04:00" endTime="2018-08-08T14:42:29.5645964-04:00" testType="13cdc9d9-ddb5-4fa4-a97d-d965ccfc6d4b" outcome="Passed" testListId="8c84fa94-04c1-424b-9868-57a2d4851a1d" relativeResultsDirectory="6b2cf636-2132-4277-899f-f6e4dac97e89" /><UnitTestResult executionId="536c2a14-169b-454d-9b88-1d0fdc6bd5e1" testId="233170ba-837a-42bb-b328-bffc6a09f960" testName="LucyModel3dHasTwoDependents" computerName="LAMBDA" duration="00:00:01.6130000" startTime="2018-08-08T14:42:24.8144703-04:00" endTime="2018-08-08T14:42:24.8144746-04:00" testType="13cdc9d9-ddb5-4fa4-a97d-d965ccfc6d4b" outcome="Passed" testListId="8c84fa94-04c1-424b-9868-57a2d4851a1d" relativeResultsDirectory="536c2a14-169b-454d-9b88-1d0fdc6bd5e1" /><UnitTestResult executionId="6b73384f-aeae-4b43-9719-f81b169777f4" testId="8896837c-2cca-4d0e-a6d7-d9a59c7cf484" testName="Patch_InvalidEnumPropertyValueReturnsBadRequest" computerName="LAMBDA" duration="00:00:00.0130000" startTime="2018-08-08T14:42:25.9287769-04:00" endTime="2018-08-08T14:42:25.9287811-04:00" testType="13cdc9d9-ddb5-4fa4-a97d-d965ccfc6d4b" outcome="Passed" testListId="8c84fa94-04c1-424b-9868-57a2d4851a1d" relativeResultsDirectory="6b73384f-aeae-4b43-9719-f81b169777f4" /><UnitTestResult executionId="a7b79595-effe-4802-9c11-5047f17c11ae" testId="fc90bbc7-f055-4a6b-89ea-df33a851349d" testName="FileRequest_FileCanBeReadAfterRename" computerName="LAMBDA" duration="00:00:00.1470000" startTime="2018-08-08T14:42:43.4098101-04:00" endTime="2018-08-08T14:42:43.4098148-04:00" testType="13cdc9d9-ddb5-4fa4-a97d-d965ccfc6d4b" outcome="Passed" testListId="8c84fa94-04c1-424b-9868-57a2d4851a1d" relativeResultsDirectory="a7b79595-effe-4802-9c11-5047f17c11ae" /><UnitTestResult executionId="c323cd60-5aa5-46f8-b4e0-73a993942698" testId="12e3f105-5ec3-4fe1-94bb-ed7c4a1f2dca" testName="FileRequest_FileCanBeReadAfterRename" computerName="LAMBDA" duration="00:00:00.2060000" startTime="2018-08-08T14:42:28.4604565-04:00" endTime="2018-08-08T14:42:28.4604608-04:00" testType="13cdc9d9-ddb5-4fa4-a97d-d965ccfc6d4b" outcome="Passed" testListId="8c84fa94-04c1-424b-9868-57a2d4851a1d" relativeResultsDirectory="c323cd60-5aa5-46f8-b4e0-73a993942698" /><UnitTestResult executionId="5ff4f6a9-90d1-4800-8eed-7790625389f6" testId="dbea6fce-a554-4afd-bb7e-c029d04f2882" testName="Patch_InvalidReferencePropertyReturnsBadRequest" computerName="LAMBDA" duration="00:00:00.0230000" startTime="2018-08-08T14:42:44.7942748-04:00" endTime="2018-08-08T14:42:44.7942799-04:00" testType="13cdc9d9-ddb5-4fa4-a97d-d965ccfc6d4b" outcome="Passed" testListId="8c84fa94-04c1-424b-9868-57a2d4851a1d" relativeResultsDirectory="5ff4f6a9-90d1-4800-8eed-7790625389f6" /><UnitTestResult executionId="95df3f94-89e5-4b66-972a-2a04115aa2a3" testId="18b7a67d-a81b-4c02-ae7f-7372ee136de4" testName="GetSingle_InvalidIdPropertyValueReturnsNotFound" computerName="LAMBDA" duration="00:00:00.0210000" startTime="2018-08-08T14:42:26.6840763-04:00" endTime="2018-08-08T14:42:26.6840810-04:00" testType="13cdc9d9-ddb5-4fa4-a97d-d965ccfc6d4b" outcome="Passed" testListId="8c84fa94-04c1-424b-9868-57a2d4851a1d" relativeResultsDirectory="95df3f94-89e5-4b66-972a-2a04115aa2a3" /><UnitTestResult executionId="987c25cc-3dda-476f-b94a-2362bf0f0211" testId="b1fd559c-4d70-4707-93be-b08d6d7cdbfd" testName="Patch_TargetPropertyIsUpdated" computerName="LAMBDA" duration="00:00:00.0660000" startTime="2018-08-08T14:42:41.0911150-04:00" endTime="2018-08-08T14:42:41.0911193-04:00" testType="13cdc9d9-ddb5-4fa4-a97d-d965ccfc6d4b" outcome="Passed" testListId="8c84fa94-04c1-424b-9868-57a2d4851a1d" relativeResultsDirectory="987c25cc-3dda-476f-b94a-2362bf0f0211" /><UnitTestResult executionId="1edf5527-99a7-4c5c-a7a3-11d30e9b4114" testId="3f66285d-4c01-475d-b968-e255771fb42c" testName="GetSingle_ValidIdPropertyValueReturnsCorrectModel" computerName="LAMBDA" duration="00:00:00.0350000" startTime="2018-08-08T14:42:32.4137408-04:00" endTime="2018-08-08T14:42:32.4137459-04:00" testType="13cdc9d9-ddb5-4fa4-a97d-d965ccfc6d4b" outcome="Passed" testListId="8c84fa94-04c1-424b-9868-57a2d4851a1d" relativeResultsDirectory="1edf5527-99a7-4c5c-a7a3-11d30e9b4114" /><UnitTestResult executionId="ee8ffd24-363f-435e-9707-1f805d61d577" testId="87c7f4d9-ce2e-4454-8b74-43a1ac4f23e4" testName="GetList_ListReturnsCorrectCount" computerName="LAMBDA" duration="00:00:00.0260000" startTime="2018-08-08T14:42:40.8619482-04:00" endTime="2018-08-08T14:42:40.8619537-04:00" testType="13cdc9d9-ddb5-4fa4-a97d-d965ccfc6d4b" outcome="Passed" testListId="8c84fa94-04c1-424b-9868-57a2d4851a1d" relativeResultsDirectory="ee8ffd24-363f-435e-9707-1f805d61d577" /><UnitTestResult executionId="5ccd2da2-1aaf-4d30-9ee0-facae57a247d" testId="44adbe2c-8507-455e-871a-616b4b58e419" testName="Patch_InvalidPropertyNameReturnsBadRequest" computerName="LAMBDA" duration="00:00:00.0190000" startTime="2018-08-08T14:42:26.7433257-04:00" endTime="2018-08-08T14:42:26.7433325-04:00" testType="13cdc9d9-ddb5-4fa4-a97d-d965ccfc6d4b" outcome="Passed" testListId="8c84fa94-04c1-424b-9868-57a2d4851a1d" relativeResultsDirectory="5ccd2da2-1aaf-4d30-9ee0-facae57a247d" /><UnitTestResult executionId="9360f615-c634-49e3-9ce5-653705d6bcb6" testId="31c77914-2dd0-44e6-9151-edd581661fb6" testName="PostFile_NewFileCanBePosted" computerName="LAMBDA" duration="00:00:00.1100000" startTime="2018-08-08T14:42:36.7752860-04:00" endTime="2018-08-08T14:42:36.7752954-04:00" testType="13cdc9d9-ddb5-4fa4-a97d-d965ccfc6d4b" outcome="Passed" testListId="8c84fa94-04c1-424b-9868-57a2d4851a1d" relativeResultsDirectory="9360f615-c634-49e3-9ce5-653705d6bcb6" /><UnitTestResult executionId="7af44aa5-0304-43c3-88fd-97da2358a54a" testId="c293db96-f7ac-4428-a448-6fcbf0510ad5" testName="Patch_MultipleInvalidReferencePropertiesReturnsMultipleValidationErrorsAndBadRequest" computerName="LAMBDA" duration="00:00:00.0410000" startTime="2018-08-08T14:42:32.2924040-04:00" endTime="2018-08-08T14:42:32.2924087-04:00" testType="13cdc9d9-ddb5-4fa4-a97d-d965ccfc6d4b" outcome="Passed" testListId="8c84fa94-04c1-424b-9868-57a2d4851a1d" relativeResultsDirectory="7af44aa5-0304-43c3-88fd-97da2358a54a" /><UnitTestResult executionId="caa78c33-5571-4c11-9c9a-69826dbaf680" testId="75da44bc-5c9f-4486-b228-86c16e5dfa9c" testName="Patch_MultipleInvalidReferencePropertiesReturnsMultipleValidationErrorsAndBadRequest" computerName="LAMBDA" duration="00:00:00.0340000" startTime="2018-08-08T14:42:26.9739778-04:00" endTime="2018-08-08T14:42:26.9739825-04:00" testType="13cdc9d9-ddb5-4fa4-a97d-d965ccfc6d4b" outcome="Passed" testListId="8c84fa94-04c1-424b-9868-57a2d4851a1d" relativeResultsDirectory="caa78c33-5571-4c11-9c9a-69826dbaf680" /><UnitTestResult executionId="d2efb85e-b11f-4de0-a2f5-77b1096153b3" testId="a0fe23f8-dad3-4ab8-aa11-a9498a53de1a" testName="Patch_TargetPropertyIsUpdated" computerName="LAMBDA" duration="00:00:00.1780000" startTime="2018-08-08T14:42:26.5291614-04:00" endTime="2018-08-08T14:42:26.5291669-04:00" testType="13cdc9d9-ddb5-4fa4-a97d-d965ccfc6d4b" outcome="Passed" testListId="8c84fa94-04c1-424b-9868-57a2d4851a1d" relativeResultsDirectory="d2efb85e-b11f-4de0-a2f5-77b1096153b3" /><UnitTestResult executionId="8ef347d4-0d98-47ef-8306-0eee70b728ca" testId="60bb3c4a-6496-4f87-9396-8c18f0abea09" testName="GetSingle_InvalidIdPropertyValueReturnsNotFound" computerName="LAMBDA" duration="00:00:00.0140000" startTime="2018-08-08T14:42:29.5790798-04:00" endTime="2018-08-08T14:42:29.5790849-04:00" testType="13cdc9d9-ddb5-4fa4-a97d-d965ccfc6d4b" outcome="Passed" testListId="8c84fa94-04c1-424b-9868-57a2d4851a1d" relativeResultsDirectory="8ef347d4-0d98-47ef-8306-0eee70b728ca" /><UnitTestResult executionId="2a7ebcbf-eddf-4775-b07b-76559b793bb4" testId="db4a5f7b-a01a-4d77-925d-18b2a9fbc397" testName="PostFile_FileIsSynchronizedIsUpdatedAfterFileIsPosted" computerName="LAMBDA" duration="00:00:00.1590000" startTime="2018-08-08T14:42:40.5444274-04:00" endTime="2018-08-08T14:42:40.5444393-04:00" testType="13cdc9d9-ddb5-4fa4-a97d-d965ccfc6d4b" outcome="Passed" testListId="8c84fa94-04c1-424b-9868-57a2d4851a1d" relativeResultsDirectory="2a7ebcbf-eddf-4775-b07b-76559b793bb4" /><UnitTestResult executionId="b2634c3f-2e55-4918-a040-0aa56ddf95da" testId="69c9abb1-79ba-488a-8777-99cc81593270" testName="PutFile_FileCanBeUpdated" computerName="LAMBDA" duration="00:00:00.2170000" startTime="2018-08-08T14:42:43.2626772-04:00" endTime="2018-08-08T14:42:43.2626849-04:00" testType="13cdc9d9-ddb5-4fa4-a97d-d965ccfc6d4b" outcome="Passed" testListId="8c84fa94-04c1-424b-9868-57a2d4851a1d" relativeResultsDirectory="b2634c3f-2e55-4918-a040-0aa56ddf95da" /><UnitTestResult executionId="ad329309-de4c-4694-8f5a-e44e8fe21c43" testId="b3fb8310-2ba9-4fcf-9a77-70548f01651a" testName="Post_ValidReferencePropertyCreatesModel" computerName="LAMBDA" duration="00:00:00.0350000" startTime="2018-08-08T14:42:41.5330025-04:00" endTime="2018-08-08T14:42:41.5330068-04:00" testType="13cdc9d9-ddb5-4fa4-a97d-d965ccfc6d4b" outcome="Passed" testListId="8c84fa94-04c1-424b-9868-57a2d4851a1d" relativeResultsDirectory="ad329309-de4c-4694-8f5a-e44e8fe21c43" /><UnitTestResult executionId="155efeb8-25f7-4274-85c5-37b5654ccf58" testId="4aacc577-a445-48a7-ab95-35fd05875b99" testName="Post_InvalidReferencePropertyReturnsBadRequest" computerName="LAMBDA" duration="00:00:00.2690000" startTime="2018-08-08T14:42:26.3505312-04:00" endTime="2018-08-08T14:42:26.3505355-04:00" testType="13cdc9d9-ddb5-4fa4-a97d-d965ccfc6d4b" outcome="Passed" testListId="8c84fa94-04c1-424b-9868-57a2d4851a1d" relativeResultsDirectory="155efeb8-25f7-4274-85c5-37b5654ccf58" /><UnitTestResult executionId="727783a9-21b2-44f3-8bfc-1fc2c5b40b86" testId="9ecbb40c-1b0e-49e8-b2e7-07383a5e263b" testName="Put_ValidReferencePropertyUpdatesModel" computerName="LAMBDA" duration="00:00:00.0690000" startTime="2018-08-08T14:42:31.9760841-04:00" endTime="2018-08-08T14:42:31.9760901-04:00" testType="13cdc9d9-ddb5-4fa4-a97d-d965ccfc6d4b" outcome="Passed" testListId="8c84fa94-04c1-424b-9868-57a2d4851a1d" relativeResultsDirectory="727783a9-21b2-44f3-8bfc-1fc2c5b40b86" /><UnitTestResult executionId="90352177-763b-4ec5-9b30-4c9e15ee9a58" testId="a39a73c4-c1db-4847-8882-c2022c92cbd5" testName="Put_InvalidIdReturnsNotFound" computerName="LAMBDA" duration="00:00:00.0400000" startTime="2018-08-08T14:42:26.7244508-04:00" endTime="2018-08-08T14:42:26.7244550-04:00" testType="13cdc9d9-ddb5-4fa4-a97d-d965ccfc6d4b" outcome="Passed" testListId="8c84fa94-04c1-424b-9868-57a2d4851a1d" relativeResultsDirectory="90352177-763b-4ec5-9b30-4c9e15ee9a58" /><UnitTestResult executionId="0aaa5b1b-493d-4453-81cf-8517552aef53" testId="f0de8c45-7804-49ae-872a-6ca73d531e1a" testName="Put_InvalidReferencePropertyReturndBadRequest" computerName="LAMBDA" duration="00:00:00.0440000" startTime="2018-08-08T14:42:32.4587125-04:00" endTime="2018-08-08T14:42:32.4587185-04:00" testType="13cdc9d9-ddb5-4fa4-a97d-d965ccfc6d4b" outcome="Passed" testListId="8c84fa94-04c1-424b-9868-57a2d4851a1d" relativeResultsDirectory="0aaa5b1b-493d-4453-81cf-8517552aef53" /><UnitTestResult executionId="c8a293b5-9788-477e-bbdb-1d630b54c1df" testId="aef86099-8758-4c7d-915b-48a2b1d81953" testName="Patch_InvalidEnumPropertyValueReturnsBadRequest" computerName="LAMBDA" duration="00:00:00.0430000" startTime="2018-08-08T14:42:40.8355349-04:00" endTime="2018-08-08T14:42:40.8355396-04:00" testType="13cdc9d9-ddb5-4fa4-a97d-d965ccfc6d4b" outcome="Passed" testListId="8c84fa94-04c1-424b-9868-57a2d4851a1d" relativeResultsDirectory="c8a293b5-9788-477e-bbdb-1d630b54c1df" /><UnitTestResult executionId="491b5961-41f0-407b-9cfd-e8947faa73e4" testId="0c62fbca-dc13-4424-86bc-ec12dc2e69df" testName="Delete_TargetModelIsDeleted" computerName="LAMBDA" duration="00:00:00.0340000" startTime="2018-08-08T14:42:27.1097359-04:00" endTime="2018-08-08T14:42:27.1097415-04:00" testType="13cdc9d9-ddb5-4fa4-a97d-d965ccfc6d4b" outcome="Passed" testListId="8c84fa94-04c1-424b-9868-57a2d4851a1d" relativeResultsDirectory="491b5961-41f0-407b-9cfd-e8947faa73e4" /><UnitTestResult executionId="f3c5514b-beff-43e8-a349-da27e597aee2" testId="a2e3ce8c-db65-4c02-8653-83cd332a0eba" testName="Patch_InvalidEnumPropertyValueReturnsBadRequest" computerName="LAMBDA" duration="00:00:00.0260000" startTime="2018-08-08T14:42:32.0029322-04:00" endTime="2018-08-08T14:42:32.0029369-04:00" testType="13cdc9d9-ddb5-4fa4-a97d-d965ccfc6d4b" outcome="Passed" testListId="8c84fa94-04c1-424b-9868-57a2d4851a1d" relativeResultsDirectory="f3c5514b-beff-43e8-a349-da27e597aee2" /><UnitTestResult executionId="c4ab63ab-74f5-4a25-ae50-a36582ae76a4" testId="21c1ca90-411b-47f8-b1d6-f75b74ff9273" testName="LucyCameraFindsAllDependents" computerName="LAMBDA" duration="00:00:00.0130000" startTime="2018-08-08T14:42:24.8275672-04:00" endTime="2018-08-08T14:42:24.8275711-04:00" testType="13cdc9d9-ddb5-4fa4-a97d-d965ccfc6d4b" outcome="Passed" testListId="8c84fa94-04c1-424b-9868-57a2d4851a1d" relativeResultsDirectory="c4ab63ab-74f5-4a25-ae50-a36582ae76a4" /><UnitTestResult executionId="cf9e6cdb-5745-4e6b-9d5c-849cfd0777e3" testId="45110bcb-16e2-413c-a42b-a37b23499f73" testName="PutFile_NewFileCanBePut" computerName="LAMBDA" duration="00:00:00.0880000" startTime="2018-08-08T14:42:43.8965291-04:00" endTime="2018-08-08T14:42:43.8965342-04:00" testType="13cdc9d9-ddb5-4fa4-a97d-d965ccfc6d4b" outcome="Passed" testListId="8c84fa94-04c1-424b-9868-57a2d4851a1d" relativeResultsDirectory="cf9e6cdb-5745-4e6b-9d5c-849cfd0777e3" /><UnitTestResult executionId="31aed823-9889-42fa-8c5f-2367c554ee50" testId="506fff64-1e90-443c-8e0c-9dc8c322260b" testName="FileRequest_FileCanBeReadAfterRename" computerName="LAMBDA" duration="00:00:00.2460000" startTime="2018-08-08T14:42:40.7915480-04:00" endTime="2018-08-08T14:42:40.7915574-04:00" testType="13cdc9d9-ddb5-4fa4-a97d-d965ccfc6d4b" outcome="Passed" testListId="8c84fa94-04c1-424b-9868-57a2d4851a1d" relativeResultsDirectory="31aed823-9889-42fa-8c5f-2367c554ee50" /><UnitTestResult executionId="5d96f336-a7c4-4223-88c2-5b76f2ac0028" testId="5ea42e57-0c2e-4c5f-a3b8-71e9a73d718c" testName="Patch_InvalidEnumPropertyValueReturnsBadRequest" computerName="LAMBDA" duration="00:00:00.0110000" startTime="2018-08-08T14:42:29.3736614-04:00" endTime="2018-08-08T14:42:29.3736665-04:00" testType="13cdc9d9-ddb5-4fa4-a97d-d965ccfc6d4b" outcome="Passed" testListId="8c84fa94-04c1-424b-9868-57a2d4851a1d" relativeResultsDirectory="5d96f336-a7c4-4223-88c2-5b76f2ac0028" /><UnitTestResult executionId="1769d3d7-e4bc-4175-a7a8-6b869ffe622b" testId="2fd85422-2723-4d90-b452-15b3c2c8e289" testName="GetFile_ExistingFileReturnsSuccess" computerName="LAMBDA" duration="00:00:00.1320000" startTime="2018-08-08T14:42:41.7246671-04:00" endTime="2018-08-08T14:42:41.7246816-04:00" testType="13cdc9d9-ddb5-4fa4-a97d-d965ccfc6d4b" outcome="Passed" testListId="8c84fa94-04c1-424b-9868-57a2d4851a1d" relativeResultsDirectory="1769d3d7-e4bc-4175-a7a8-6b869ffe622b" /><UnitTestResult executionId="8c84eb95-02d9-4961-ac11-2fb8de0ada82" testId="b05db5b6-57f3-4061-a3f4-8589c1c0b4e5" testName="Patch_TargetPropertyIsUpdated" computerName="LAMBDA" duration="00:00:00.0660000" startTime="2018-08-08T14:42:44.9284861-04:00" endTime="2018-08-08T14:42:44.9284913-04:00" testType="13cdc9d9-ddb5-4fa4-a97d-d965ccfc6d4b" outcome="Passed" testListId="8c84fa94-04c1-424b-9868-57a2d4851a1d" relativeResultsDirectory="8c84eb95-02d9-4961-ac11-2fb8de0ada82" /><UnitTestResult executionId="a0dbf4f5-1480-4f09-8d02-d14933404102" testId="e495f8ce-2ff9-4bca-869b-2cb9f8506d56" testName="Model3dHasExpectedDependentFiles" computerName="LAMBDA" duration="00:00:00.0320000" startTime="2018-08-08T14:42:23.2031076-04:00" endTime="2018-08-08T14:42:23.2031131-04:00" testType="13cdc9d9-ddb5-4fa4-a97d-d965ccfc6d4b" outcome="Passed" testListId="8c84fa94-04c1-424b-9868-57a2d4851a1d" relativeResultsDirectory="a0dbf4f5-1480-4f09-8d02-d14933404102" /><UnitTestResult executionId="d246281c-b118-48b5-8478-085d7d344e47" testId="0012441d-2566-4c1e-be9b-1058c4f20120" testName="Patch_InvalidReferencePropertyReturnsBadRequest" computerName="LAMBDA" duration="00:00:00.0110000" startTime="2018-08-08T14:42:25.8388732-04:00" endTime="2018-08-08T14:42:25.8388783-04:00" testType="13cdc9d9-ddb5-4fa4-a97d-d965ccfc6d4b" outcome="Passed" testListId="8c84fa94-04c1-424b-9868-57a2d4851a1d" relativeResultsDirectory="d246281c-b118-48b5-8478-085d7d344e47" /><UnitTestResult executionId="ea37c54c-8cb4-4665-9652-f826374c0fd0" testId="3304a435-794b-4b40-8d77-f0529b827aac" testName="Patch_MultipleInvalidReferencePropertiesReturnsMultipleValidationErrorsAndBadRequest" computerName="LAMBDA" duration="00:00:00.0320000" startTime="2018-08-08T14:42:44.6513958-04:00" endTime="2018-08-08T14:42:44.6514009-04:00" testType="13cdc9d9-ddb5-4fa4-a97d-d965ccfc6d4b" outcome="Passed" testListId="8c84fa94-04c1-424b-9868-57a2d4851a1d" relativeResultsDirectory="ea37c54c-8cb4-4665-9652-f826374c0fd0" /><UnitTestResult executionId="bc1a2403-fa40-4c15-840f-799f01ef5a62" testId="f1b02ccd-73a9-4233-a716-ed80fbbf29bc" testName="GetSingle_InvalidIdPropertyValueReturnsNotFound" computerName="LAMBDA" duration="00:00:00.0150000" startTime="2018-08-08T14:42:44.4723833-04:00" endTime="2018-08-08T14:42:44.4723880-04:00" testType="13cdc9d9-ddb5-4fa4-a97d-d965ccfc6d4b" outcome="Passed" testListId="8c84fa94-04c1-424b-9868-57a2d4851a1d" relativeResultsDirectory="bc1a2403-fa40-4c15-840f-799f01ef5a62" /><UnitTestResult executionId="96057212-255e-42e4-8770-30755b57f0c3" testId="78f24085-5875-4988-886b-bdfab1692159" testName="GetFile_FileCanBeRoundTripped" computerName="LAMBDA" duration="00:00:00.1480000" startTime="2018-08-08T14:42:44.3155333-04:00" endTime="2018-08-08T14:42:44.3155397-04:00" testType="13cdc9d9-ddb5-4fa4-a97d-d965ccfc6d4b" outcome="Passed" testListId="8c84fa94-04c1-424b-9868-57a2d4851a1d" relativeResultsDirectory="96057212-255e-42e4-8770-30755b57f0c3" /><UnitTestResult executionId="80d6ed2f-28fd-45f1-8838-126277ffd313" testId="e9e92935-dab8-426a-a28d-b66c85c7a5b0" testName="GetFile_NonExistentFileReturnsNotFound" computerName="LAMBDA" duration="00:00:00.0360000" startTime="2018-08-08T14:42:28.7137743-04:00" endTime="2018-08-08T14:42:28.7137854-04:00" testType="13cdc9d9-ddb5-4fa4-a97d-d965ccfc6d4b" outcome="Passed" testListId="8c84fa94-04c1-424b-9868-57a2d4851a1d" relativeResultsDirectory="80d6ed2f-28fd-45f1-8838-126277ffd313" /><UnitTestResult executionId="e280c951-fb92-4529-b728-cc94a20861e1" testId="a9d920c2-00d0-4a13-b89d-e641850b9f1c" testName="Put_InvalidIdReturnsNotFound" computerName="LAMBDA" duration="00:00:00.0370000" startTime="2018-08-08T14:42:25.8992803-04:00" endTime="2018-08-08T14:42:25.8992858-04:00" testType="13cdc9d9-ddb5-4fa4-a97d-d965ccfc6d4b" outcome="Passed" testListId="8c84fa94-04c1-424b-9868-57a2d4851a1d" relativeResultsDirectory="e280c951-fb92-4529-b728-cc94a20861e1" /><UnitTestResult executionId="90fc1450-8592-4a2b-97a2-300932ac8e4b" testId="fccead7c-7898-4c44-a9a6-45b002057d41" testName="DepthBufferHasExpectedDependentFiles" computerName="LAMBDA" duration="00:00:00.0010000" startTime="2018-08-08T14:42:24.8348412-04:00" endTime="2018-08-08T14:42:24.8348421-04:00" testType="13cdc9d9-ddb5-4fa4-a97d-d965ccfc6d4b" outcome="Passed" testListId="8c84fa94-04c1-424b-9868-57a2d4851a1d" relativeResultsDirectory="90fc1450-8592-4a2b-97a2-300932ac8e4b" /><UnitTestResult executionId="1300dc0f-0001-4e59-85f8-3f414129b961" testId="bf21c16a-4e81-412b-9a9f-0a5298808d5c" testName="Post_InvalidReferencePropertyReturnsBadRequest" computerName="LAMBDA" duration="00:00:00.0190000" startTime="2018-08-08T14:42:44.4922334-04:00" endTime="2018-08-08T14:42:44.4922389-04:00" testType="13cdc9d9-ddb5-4fa4-a97d-d965ccfc6d4b" outcome="Passed" testListId="8c84fa94-04c1-424b-9868-57a2d4851a1d" relativeResultsDirectory="1300dc0f-0001-4e59-85f8-3f414129b961" /><UnitTestResult executionId="9d694390-d6f0-4a9d-b4b5-a7b0ba4992b4" testId="7a3b0d91-f720-42c3-874c-010467927f66" testName="PostFile_FileTimeStampIsUpdatedAfterFileIsPosted" computerName="LAMBDA" duration="00:00:00.0120000" startTime="2018-08-08T14:42:27.1563234-04:00" endTime="2018-08-08T14:42:27.1563272-04:00" testType="13cdc9d9-ddb5-4fa4-a97d-d965ccfc6d4b" outcome="Passed" testListId="8c84fa94-04c1-424b-9868-57a2d4851a1d" relativeResultsDirectory="9d694390-d6f0-4a9d-b4b5-a7b0ba4992b4" /><UnitTestResult executionId="4ea0aca4-e333-4d32-a0f3-658055091233" testId="1a018032-c9c3-41e4-98ba-4bc1fb354905" testName="Patch_InvalidPropertyNameReturnsBadRequest" computerName="LAMBDA" duration="00:00:00.0170000" startTime="2018-08-08T14:42:44.6862483-04:00" endTime="2018-08-08T14:42:44.6862628-04:00" testType="13cdc9d9-ddb5-4fa4-a97d-d965ccfc6d4b" outcome="Passed" testListId="8c84fa94-04c1-424b-9868-57a2d4851a1d" relativeResultsDirectory="4ea0aca4-e333-4d32-a0f3-658055091233" /><UnitTestResult executionId="c1418ce6-a86f-4627-a117-2cea938ac66b" testId="1514083b-8b82-4777-a761-682e40cfb6a9" testName="Patch_ValidReferencePropertyUpdatesModel" computerName="LAMBDA" duration="00:00:00.5940000" startTime="2018-08-08T14:42:25.4355439-04:00" endTime="2018-08-08T14:42:25.4355486-04:00" testType="13cdc9d9-ddb5-4fa4-a97d-d965ccfc6d4b" outcome="Passed" testListId="8c84fa94-04c1-424b-9868-57a2d4851a1d" relativeResultsDirectory="c1418ce6-a86f-4627-a117-2cea938ac66b" /><UnitTestResult executionId="beae9340-1561-47b4-bf41-0c0e2f950bb5" testId="70bdc398-2988-4d63-9b69-3cc6ab520203" testName="Patch_ValidReferencePropertyUpdatesModel" computerName="LAMBDA" duration="00:00:00.0650000" startTime="2018-08-08T14:42:29.4388441-04:00" endTime="2018-08-08T14:42:29.4388488-04:00" testType="13cdc9d9-ddb5-4fa4-a97d-d965ccfc6d4b" outcome="Passed" testListId="8c84fa94-04c1-424b-9868-57a2d4851a1d" relativeResultsDirectory="beae9340-1561-47b4-bf41-0c0e2f950bb5" /><UnitTestResult executionId="ee49d19b-efa8-4e23-a3c7-43fc70ecc080" testId="36c2db7e-5ea8-48eb-8415-78e201f4ce95" testName="Post_CanCreateNewModel" computerName="LAMBDA" duration="00:00:00.0320000" startTime="2018-08-08T14:42:27.0465294-04:00" endTime="2018-08-08T14:42:27.0465333-04:00" testType="13cdc9d9-ddb5-4fa4-a97d-d965ccfc6d4b" outcome="Passed" testListId="8c84fa94-04c1-424b-9868-57a2d4851a1d" relativeResultsDirectory="ee49d19b-efa8-4e23-a3c7-43fc70ecc080" /><UnitTestResult executionId="abac6350-1e4b-4011-a2fa-99d883dd6435" testId="405b8ee8-7886-4bd9-a7c3-5f21b29eca64" testName="GetFile_ExistingFileReturnsSuccess" computerName="LAMBDA" duration="00:00:00.1800000" startTime="2018-08-08T14:42:35.3636932-04:00" endTime="2018-08-08T14:42:35.3636992-04:00" testType="13cdc9d9-ddb5-4fa4-a97d-d965ccfc6d4b" outcome="Passed" testListId="8c84fa94-04c1-424b-9868-57a2d4851a1d" relativeResultsDirectory="abac6350-1e4b-4011-a2fa-99d883dd6435" /><UnitTestResult executionId="75863dde-5e5b-4bc4-ada5-db437a173cf0" testId="077d7bc9-4129-4f51-aa3d-2ad192dd3810" testName="Post_InvalidReferencePropertyReturnsBadRequest" computerName="LAMBDA" duration="00:00:00.0100000" startTime="2018-08-08T14:42:25.5475548-04:00" endTime="2018-08-08T14:42:25.5475591-04:00" testType="13cdc9d9-ddb5-4fa4-a97d-d965ccfc6d4b" outcome="Passed" testListId="8c84fa94-04c1-424b-9868-57a2d4851a1d" relativeResultsDirectory="75863dde-5e5b-4bc4-ada5-db437a173cf0" /><UnitTestResult executionId="ccfc4ef4-1daa-4ede-b342-67694640571f" testId="83f9e38d-8c7d-4bce-9733-e688190b50c1" testName="PutFile_FileCanBeUpdated" computerName="LAMBDA" duration="00:00:00.2550000" startTime="2018-08-08T14:42:35.1835962-04:00" endTime="2018-08-08T14:42:35.1836018-04:00" testType="13cdc9d9-ddb5-4fa4-a97d-d965ccfc6d4b" outcome="Passed" testListId="8c84fa94-04c1-424b-9868-57a2d4851a1d" relativeResultsDirectory="ccfc4ef4-1daa-4ede-b342-67694640571f" /><UnitTestResult executionId="b6dc9115-c283-402e-afd4-760b672c078e" testId="d2bceff0-ed4a-4215-92de-ad5896040c6b" testName="Put_CanUpdateModel" computerName="LAMBDA" duration="00:00:00.1330000" startTime="2018-08-08T14:42:26.6626858-04:00" endTime="2018-08-08T14:42:26.6626909-04:00" testType="13cdc9d9-ddb5-4fa4-a97d-d965ccfc6d4b" outcome="Passed" testListId="8c84fa94-04c1-424b-9868-57a2d4851a1d" relativeResultsDirectory="b6dc9115-c283-402e-afd4-760b672c078e" /><UnitTestResult executionId="d2bd2e9c-9056-42ca-b1b8-a4af6df01859" testId="37070e8f-b29f-4573-981b-96bbc440a56d" testName="Put_CanUpdateModel" computerName="LAMBDA" duration="00:00:00.0470000" startTime="2018-08-08T14:42:25.9916490-04:00" endTime="2018-08-08T14:42:25.9916550-04:00" testType="13cdc9d9-ddb5-4fa4-a97d-d965ccfc6d4b" outcome="Passed" testListId="8c84fa94-04c1-424b-9868-57a2d4851a1d" relativeResultsDirectory="d2bd2e9c-9056-42ca-b1b8-a4af6df01859" /><UnitTestResult executionId="b9bae21d-0355-4619-b620-f4e6e95f80c1" testId="b87122fa-9da7-4653-abf4-9f2137756bf3" testName="PostFile_FileIsSynchronizedIsUpdatedAfterFileIsPosted" computerName="LAMBDA" duration="00:00:00.1330000" startTime="2018-08-08T14:42:44.0300027-04:00" endTime="2018-08-08T14:42:44.0300113-04:00" testType="13cdc9d9-ddb5-4fa4-a97d-d965ccfc6d4b" outcome="Passed" testListId="8c84fa94-04c1-424b-9868-57a2d4851a1d" relativeResultsDirectory="b9bae21d-0355-4619-b620-f4e6e95f80c1" /><UnitTestResult executionId="e58f6be9-ddaa-4fcf-8f64-eb1d92d500e6" testId="2b961150-1bd8-46d4-a09b-5d016b6d1eaf" testName="Post_InvalidReferencePropertyReturnsBadRequest" computerName="LAMBDA" duration="00:00:00.0170000" startTime="2018-08-08T14:42:29.6142292-04:00" endTime="2018-08-08T14:42:29.6142347-04:00" testType="13cdc9d9-ddb5-4fa4-a97d-d965ccfc6d4b" outcome="Passed" testListId="8c84fa94-04c1-424b-9868-57a2d4851a1d" relativeResultsDirectory="e58f6be9-ddaa-4fcf-8f64-eb1d92d500e6" /><UnitTestResult executionId="98762ca8-b815-4dd9-8f00-b1c69d00ce91" testId="10cc5f87-fce4-4ed1-aa43-662081da3a03" testName="Post_ValidReferencePropertyCreatesModel" computerName="LAMBDA" duration="00:00:00.0300000" startTime="2018-08-08T14:42:29.3209585-04:00" endTime="2018-08-08T14:42:29.3209632-04:00" testType="13cdc9d9-ddb5-4fa4-a97d-d965ccfc6d4b" outcome="Passed" testListId="8c84fa94-04c1-424b-9868-57a2d4851a1d" relativeResultsDirectory="98762ca8-b815-4dd9-8f00-b1c69d00ce91" /><UnitTestResult executionId="a02d9fe7-a901-4865-a879-4c3616f124e3" testId="88f7ec22-05dd-4e08-8a0f-31b633634cde" testName="Patch_InvalidReferencePropertyReturnsBadRequest" computerName="LAMBDA" duration="00:00:00.0320000" startTime="2018-08-08T14:42:41.2901865-04:00" endTime="2018-08-08T14:42:41.2901908-04:00" testType="13cdc9d9-ddb5-4fa4-a97d-d965ccfc6d4b" outcome="Passed" testListId="8c84fa94-04c1-424b-9868-57a2d4851a1d" relativeResultsDirectory="a02d9fe7-a901-4865-a879-4c3616f124e3" /><UnitTestResult executionId="7cdd00f6-0073-4a3e-8877-3f566cb80b70" testId="4662c7ec-5bc6-4d83-a98d-ea01bcea3600" testName="Put_InvalidReferencePropertyReturndBadRequest" computerName="LAMBDA" duration="00:00:00.0260000" startTime="2018-08-08T14:42:44.5883778-04:00" endTime="2018-08-08T14:42:44.5883842-04:00" testType="13cdc9d9-ddb5-4fa4-a97d-d965ccfc6d4b" outcome="Passed" testListId="8c84fa94-04c1-424b-9868-57a2d4851a1d" relativeResultsDirectory="7cdd00f6-0073-4a3e-8877-3f566cb80b70" /><UnitTestResult executionId="6f65b4dc-d47e-41b1-bb0a-36a5d8e90d81" testId="0ec2c428-46a2-40cf-bccd-a48cbcb77c5e" testName="Post_InvalidReferencePropertyReturnsBadRequest" computerName="LAMBDA" duration="00:00:00.0230000" startTime="2018-08-08T14:42:41.3385582-04:00" endTime="2018-08-08T14:42:41.3385629-04:00" testType="13cdc9d9-ddb5-4fa4-a97d-d965ccfc6d4b" outcome="Passed" testListId="8c84fa94-04c1-424b-9868-57a2d4851a1d" relativeResultsDirectory="6f65b4dc-d47e-41b1-bb0a-36a5d8e90d81" /><UnitTestResult executionId="33dd25ad-32ff-4f0a-9c8e-e499537ea825" testId="c08f32d1-c5ca-47dd-a8e0-07c98ef4eb32" testName="PostFile_FileIsSynchronizedIsUpdatedAfterFileIsPosted" computerName="LAMBDA" duration="00:00:00.0160000" startTime="2018-08-08T14:42:28.7303032-04:00" endTime="2018-08-08T14:42:28.7303104-04:00" testType="13cdc9d9-ddb5-4fa4-a97d-d965ccfc6d4b" outcome="Passed" testListId="8c84fa94-04c1-424b-9868-57a2d4851a1d" relativeResultsDirectory="33dd25ad-32ff-4f0a-9c8e-e499537ea825" /><UnitTestResult executionId="8d889e32-af49-4207-951b-f8573d7e9e51" testId="9395a669-7176-45ae-9145-2ab1bb5bdfd8" testName="Put_ValidReferencePropertyUpdatesModel" computerName="LAMBDA" duration="00:00:00.1660000" startTime="2018-08-08T14:42:41.2578170-04:00" endTime="2018-08-08T14:42:41.2578221-04:00" testType="13cdc9d9-ddb5-4fa4-a97d-d965ccfc6d4b" outcome="Passed" testListId="8c84fa94-04c1-424b-9868-57a2d4851a1d" relativeResultsDirectory="8d889e32-af49-4207-951b-f8573d7e9e51" /><UnitTestResult executionId="f018379c-8c9c-4a00-9811-8b35e3f36eaa" testId="e6a5ce55-c078-490e-b72f-9063717bb375" testName="MeshTransformHasExpectedDependentFiles" computerName="LAMBDA" duration="00:00:00.0010000" startTime="2018-08-08T14:42:24.8285192-04:00" endTime="2018-08-08T14:42:24.8285201-04:00" testType="13cdc9d9-ddb5-4fa4-a97d-d965ccfc6d4b" outcome="Passed" testListId="8c84fa94-04c1-424b-9868-57a2d4851a1d" relativeResultsDirectory="f018379c-8c9c-4a00-9811-8b35e3f36eaa" /><UnitTestResult executionId="c1c60632-9e91-4f67-b440-33836bbe5f7e" testId="1e873c8d-241b-4a9d-93ea-123919d08883" testName="Post_CanCreateNewModel" computerName="LAMBDA" duration="00:00:00.0280000" startTime="2018-08-08T14:42:44.3683568-04:00" endTime="2018-08-08T14:42:44.3683619-04:00" testType="13cdc9d9-ddb5-4fa4-a97d-d965ccfc6d4b" outcome="Passed" testListId="8c84fa94-04c1-424b-9868-57a2d4851a1d" relativeResultsDirectory="c1c60632-9e91-4f67-b440-33836bbe5f7e" /><UnitTestResult executionId="0a185fef-2d59-4fea-8b3f-ae9e82414364" testId="6d598977-c5d2-4764-a1e1-ed3eac0c5040" testName="Post_InvalidPropertyValueReturnsBadRequest" computerName="LAMBDA" duration="00:00:00.0180000" startTime="2018-08-08T14:42:41.4098918-04:00" endTime="2018-08-08T14:42:41.4099059-04:00" testType="13cdc9d9-ddb5-4fa4-a97d-d965ccfc6d4b" outcome="Passed" testListId="8c84fa94-04c1-424b-9868-57a2d4851a1d" relativeResultsDirectory="0a185fef-2d59-4fea-8b3f-ae9e82414364" /><UnitTestResult executionId="b685c273-840e-47f2-8554-6ad7f52656b7" testId="c34ef668-7efa-4fc4-986c-143c67eb6aef" testName="Patch_TargetPropertyIsUpdated" computerName="LAMBDA" duration="00:00:00.0620000" startTime="2018-08-08T14:42:29.5009892-04:00" endTime="2018-08-08T14:42:29.5009934-04:00" testType="13cdc9d9-ddb5-4fa4-a97d-d965ccfc6d4b" outcome="Passed" testListId="8c84fa94-04c1-424b-9868-57a2d4851a1d" relativeResultsDirectory="b685c273-840e-47f2-8554-6ad7f52656b7" /><UnitTestResult executionId="d96ce9a4-aaf5-40e7-8d88-367f2c6c8899" testId="5ed1e180-f2c8-4052-bbe2-57297d64240e" testName="Delete_TargetModelIsDeleted" computerName="LAMBDA" duration="00:00:00.0310000" startTime="2018-08-08T14:42:44.4230487-04:00" endTime="2018-08-08T14:42:44.4230538-04:00" testType="13cdc9d9-ddb5-4fa4-a97d-d965ccfc6d4b" outcome="Passed" testListId="8c84fa94-04c1-424b-9868-57a2d4851a1d" relativeResultsDirectory="d96ce9a4-aaf5-40e7-8d88-367f2c6c8899" /><UnitTestResult executionId="cf25d266-a314-4806-a793-9c444b4dea74" testId="acde137c-341e-4822-a299-b662aef2ef15" testName="Put_ValidReferencePropertyUpdatesModel" computerName="LAMBDA" duration="00:00:00.0670000" startTime="2018-08-08T14:42:44.8617026-04:00" endTime="2018-08-08T14:42:44.8617069-04:00" testType="13cdc9d9-ddb5-4fa4-a97d-d965ccfc6d4b" outcome="Passed" testListId="8c84fa94-04c1-424b-9868-57a2d4851a1d" relativeResultsDirectory="cf25d266-a314-4806-a793-9c444b4dea74" /><UnitTestResult executionId="9f56bce4-af86-44d9-8595-a9855d53958f" testId="471e2c9a-97f3-4fbe-84d5-3b77b6cb0c78" testName="FileRequest_MeshGenerateSetsFileIsSynchronized" computerName="LAMBDA" duration="00:00:03.6080000" startTime="2018-08-08T14:42:40.3841932-04:00" endTime="2018-08-08T14:42:40.3841975-04:00" testType="13cdc9d9-ddb5-4fa4-a97d-d965ccfc6d4b" outcome="Passed" testListId="8c84fa94-04c1-424b-9868-57a2d4851a1d" relativeResultsDirectory="9f56bce4-af86-44d9-8595-a9855d53958f" /><UnitTestResult executionId="53677916-5c38-4938-ba6c-0cec6f87745d" testId="5a829398-775d-4cf0-b8a0-676589e40470" testName="Post_InvalidReferencePropertyReturnsBadRequest" computerName="LAMBDA" duration="00:00:00.0250000" startTime="2018-08-08T14:42:32.2512832-04:00" endTime="2018-08-08T14:42:32.2512909-04:00" testType="13cdc9d9-ddb5-4fa4-a97d-d965ccfc6d4b" outcome="Passed" testListId="8c84fa94-04c1-424b-9868-57a2d4851a1d" relativeResultsDirectory="53677916-5c38-4938-ba6c-0cec6f87745d" /><UnitTestResult executionId="1d0fe7bd-842c-4550-8c8d-f428f95dd840" testId="026dd04e-f932-4909-8fff-b43aeffb2272" testName="Patch_InvalidEnumPropertyValueReturnsBadRequest" computerName="LAMBDA" duration="00:00:00.0170000" startTime="2018-08-08T14:42:27.0137912-04:00" endTime="2018-08-08T14:42:27.0138058-04:00" testType="13cdc9d9-ddb5-4fa4-a97d-d965ccfc6d4b" outcome="Passed" testListId="8c84fa94-04c1-424b-9868-57a2d4851a1d" relativeResultsDirectory="1d0fe7bd-842c-4550-8c8d-f428f95dd840" /><UnitTestResult executionId="69c19db8-2dfe-4e47-8b29-3ad94ef8f1b2" testId="d32c7edc-dd2f-4438-84a8-88eb2bcbec28" testName="Post_ValidReferencePropertyCreatesModel" computerName="LAMBDA" duration="00:00:00.0300000" startTime="2018-08-08T14:42:26.9394268-04:00" endTime="2018-08-08T14:42:26.9394332-04:00" testType="13cdc9d9-ddb5-4fa4-a97d-d965ccfc6d4b" outcome="Passed" testListId="8c84fa94-04c1-424b-9868-57a2d4851a1d" relativeResultsDirectory="69c19db8-2dfe-4e47-8b29-3ad94ef8f1b2" /><UnitTestResult executionId="cde84902-f01d-4f4b-be99-9b6ebcb81749" testId="11b30c11-4ade-4c8a-8f62-2e9160206c2c" testName="Put_InvalidReferencePropertyReturndBadRequest" computerName="LAMBDA" duration="00:00:00.0460000" startTime="2018-08-08T14:42:40.9293440-04:00" endTime="2018-08-08T14:42:40.9293482-04:00" testType="13cdc9d9-ddb5-4fa4-a97d-d965ccfc6d4b" outcome="Passed" testListId="8c84fa94-04c1-424b-9868-57a2d4851a1d" relativeResultsDirectory="cde84902-f01d-4f4b-be99-9b6ebcb81749" /><UnitTestResult executionId="e0dd136b-08fa-4ebd-92fe-a3bb7043c068" testId="b656e0bb-63d4-48ac-aeed-93b7ffb23381" testName="GetList_ListReturnsCorrectCount" computerName="LAMBDA" duration="00:00:00.0180000" startTime="2018-08-08T14:42:26.0102096-04:00" endTime="2018-08-08T14:42:26.0102147-04:00" testType="13cdc9d9-ddb5-4fa4-a97d-d965ccfc6d4b" outcome="Passed" testListId="8c84fa94-04c1-424b-9868-57a2d4851a1d" relativeResultsDirectory="e0dd136b-08fa-4ebd-92fe-a3bb7043c068" /><UnitTestResult executionId="b9f00cfd-6706-4733-85be-ea00e84c2a5a" testId="1589293c-7433-4f1c-9de6-cf8cd8663c1a" testName="CameraHasExpectedDependentFiles" computerName="LAMBDA" duration="00:00:00.0010000" startTime="2018-08-08T14:42:24.8281275-04:00" endTime="2018-08-08T14:42:24.8281288-04:00" testType="13cdc9d9-ddb5-4fa4-a97d-d965ccfc6d4b" outcome="Passed" testListId="8c84fa94-04c1-424b-9868-57a2d4851a1d" relativeResultsDirectory="b9f00cfd-6706-4733-85be-ea00e84c2a5a" /><UnitTestResult executionId="1fecc33c-05b9-483b-ac78-b62a755acce2" testId="1725380c-efc6-4dd6-a834-4261fa7cc0ac" testName="Patch_InvalidReferencePropertyReturnsBadRequest" computerName="LAMBDA" duration="00:00:00.0280000" startTime="2018-08-08T14:42:27.0747842-04:00" endTime="2018-08-08T14:42:27.0747885-04:00" testType="13cdc9d9-ddb5-4fa4-a97d-d965ccfc6d4b" outcome="Passed" testListId="8c84fa94-04c1-424b-9868-57a2d4851a1d" relativeResultsDirectory="1fecc33c-05b9-483b-ac78-b62a755acce2" /><UnitTestResult executionId="6da21d8c-3a3a-4bd5-b138-98ecdab5c3c8" testId="c1e8af34-bf70-48c1-a501-014e80672fd9" testName="Put_CanUpdateModel" computerName="LAMBDA" duration="00:00:00.0690000" startTime="2018-08-08T14:42:44.5617794-04:00" endTime="2018-08-08T14:42:44.5617841-04:00" testType="13cdc9d9-ddb5-4fa4-a97d-d965ccfc6d4b" outcome="Passed" testListId="8c84fa94-04c1-424b-9868-57a2d4851a1d" relativeResultsDirectory="6da21d8c-3a3a-4bd5-b138-98ecdab5c3c8" /><UnitTestResult executionId="d73d3ce2-9872-4a49-aa2b-09af2ff0846a" testId="c4b77995-0831-44af-a72c-4b2d383467f8" testName="LucyDepthBufferFindsOneDependent" computerName="LAMBDA" duration="00:00:00.0050000" startTime="2018-08-08T14:42:24.8342972-04:00" endTime="2018-08-08T14:42:24.8343015-04:00" testType="13cdc9d9-ddb5-4fa4-a97d-d965ccfc6d4b" outcome="Passed" testListId="8c84fa94-04c1-424b-9868-57a2d4851a1d" relativeResultsDirectory="d73d3ce2-9872-4a49-aa2b-09af2ff0846a" /><UnitTestResult executionId="948ed6b6-fe25-4565-9e1e-2b9fe799c0cd" testId="bdc6c7b3-9880-4478-99b0-29126aa61dc1" testName="Put_ValidReferencePropertyUpdatesModel" computerName="LAMBDA" duration="00:00:00.0970000" startTime="2018-08-08T14:42:29.2728606-04:00" endTime="2018-08-08T14:42:29.2728649-04:00" testType="13cdc9d9-ddb5-4fa4-a97d-d965ccfc6d4b" outcome="Passed" testListId="8c84fa94-04c1-424b-9868-57a2d4851a1d" relativeResultsDirectory="948ed6b6-fe25-4565-9e1e-2b9fe799c0cd" /><UnitTestResult executionId="940df3bb-8ed4-4c7a-8b1e-5282c7938ab2" testId="3e983723-f752-4061-82ec-22451a2f8606" testName="Post_CanCreateNewModel" computerName="LAMBDA" duration="00:00:00.0300000" startTime="2018-08-08T14:42:29.1296151-04:00" endTime="2018-08-08T14:42:29.1296198-04:00" testType="13cdc9d9-ddb5-4fa4-a97d-d965ccfc6d4b" outcome="Passed" testListId="8c84fa94-04c1-424b-9868-57a2d4851a1d" relativeResultsDirectory="940df3bb-8ed4-4c7a-8b1e-5282c7938ab2" /><UnitTestResult executionId="6156f839-ac6e-4294-b7af-cc08df92d337" testId="2dcfa24d-b90a-4c37-8c4c-7d3b9e34f659" testName="Post_ValidReferencePropertyCreatesModel" computerName="LAMBDA" duration="00:00:00.0100000" startTime="2018-08-08T14:42:25.5372453-04:00" endTime="2018-08-08T14:42:25.5372504-04:00" testType="13cdc9d9-ddb5-4fa4-a97d-d965ccfc6d4b" outcome="Passed" testListId="8c84fa94-04c1-424b-9868-57a2d4851a1d" relativeResultsDirectory="6156f839-ac6e-4294-b7af-cc08df92d337" /><UnitTestResult executionId="73871185-bcba-4f1b-9db9-42f89d6cd46a" testId="4f928127-8766-4ba4-861c-414d1a625218" testName="Post_InvalidPropertyValueReturnsBadRequest" computerName="LAMBDA" duration="00:00:00.0150000" startTime="2018-08-08T14:42:44.7014464-04:00" endTime="2018-08-08T14:42:44.7014511-04:00" testType="13cdc9d9-ddb5-4fa4-a97d-d965ccfc6d4b" outcome="Passed" testListId="8c84fa94-04c1-424b-9868-57a2d4851a1d" relativeResultsDirectory="73871185-bcba-4f1b-9db9-42f89d6cd46a" /><UnitTestResult executionId="b812cccc-146c-4950-865a-bf29f720b2db" testId="85eec0e0-b1fa-4122-a198-f7cdb2c0bf35" testName="Patch_TargetPropertyIsUpdated" computerName="LAMBDA" duration="00:00:00.0690000" startTime="2018-08-08T14:42:32.0727768-04:00" endTime="2018-08-08T14:42:32.0727824-04:00" testType="13cdc9d9-ddb5-4fa4-a97d-d965ccfc6d4b" outcome="Passed" testListId="8c84fa94-04c1-424b-9868-57a2d4851a1d" relativeResultsDirectory="b812cccc-146c-4950-865a-bf29f720b2db" /><UnitTestResult executionId="2f14d13b-a5a3-4e9b-a5d0-e7ceae56e2bb" testId="d5d58792-0992-4fc1-bbde-42607a1437c3" testName="GetFile_NonExistentFileReturnsNotFound" computerName="LAMBDA" duration="00:00:00.0210000" startTime="2018-08-08T14:42:43.8080252-04:00" endTime="2018-08-08T14:42:43.8080307-04:00" testType="13cdc9d9-ddb5-4fa4-a97d-d965ccfc6d4b" outcome="Passed" testListId="8c84fa94-04c1-424b-9868-57a2d4851a1d" relativeResultsDirectory="2f14d13b-a5a3-4e9b-a5d0-e7ceae56e2bb" /><UnitTestResult executionId="86fc7462-9344-4e2d-9fe7-c1f254d0aec6" testId="80c6fbdd-cd35-4934-b25d-95e33c2ae6fa" testName="GetSingle_ValidIdPropertyValueReturnsCorrectModel" computerName="LAMBDA" duration="00:00:00.0230000" startTime="2018-08-08T14:42:41.3622319-04:00" endTime="2018-08-08T14:42:41.3622374-04:00" testType="13cdc9d9-ddb5-4fa4-a97d-d965ccfc6d4b" outcome="Passed" testListId="8c84fa94-04c1-424b-9868-57a2d4851a1d" relativeResultsDirectory="86fc7462-9344-4e2d-9fe7-c1f254d0aec6" /><UnitTestResult executionId="58f85310-441a-454e-ae63-71846f261df2" testId="d04ccf6f-9fd3-45a5-9721-12fba41d8f94" testName="Patch_InvalidIdPropertyReturnsNotFound" computerName="LAMBDA" duration="00:00:00.0170000" startTime="2018-08-08T14:42:29.3619826-04:00" endTime="2018-08-08T14:42:29.3619885-04:00" testType="13cdc9d9-ddb5-4fa4-a97d-d965ccfc6d4b" outcome="Passed" testListId="8c84fa94-04c1-424b-9868-57a2d4851a1d" relativeResultsDirectory="58f85310-441a-454e-ae63-71846f261df2" /><UnitTestResult executionId="c330c7eb-01ee-4cd1-b3af-7ef223ea31ed" testId="b137b558-3719-4c61-bbdb-44e395bfa259" testName="Post_CanCreateNewModel" computerName="LAMBDA" duration="00:00:00.0330000" startTime="2018-08-08T14:42:41.0250069-04:00" endTime="2018-08-08T14:42:41.0250120-04:00" testType="13cdc9d9-ddb5-4fa4-a97d-d965ccfc6d4b" outcome="Passed" testListId="8c84fa94-04c1-424b-9868-57a2d4851a1d" relativeResultsDirectory="c330c7eb-01ee-4cd1-b3af-7ef223ea31ed" /><UnitTestResult executionId="1e72aae1-cda2-421a-8e41-86fef3a04834" testId="0b8a118f-b4a9-4a25-934b-df7376424e49" testName="Delete_TargetModelIsDeleted" computerName="LAMBDA" duration="00:00:00.1050000" startTime="2018-08-08T14:42:29.0646556-04:00" endTime="2018-08-08T14:42:29.0646612-04:00" testType="13cdc9d9-ddb5-4fa4-a97d-d965ccfc6d4b" outcome="Passed" testListId="8c84fa94-04c1-424b-9868-57a2d4851a1d" relativeResultsDirectory="1e72aae1-cda2-421a-8e41-86fef3a04834" /><UnitTestResult executionId="fa2f61b0-f85a-4bba-9dcf-e8233d478130" testId="19fd350c-70e0-445e-b14b-09eb020b724b" testName="GetFile_ExistingFileReturnsSuccess" computerName="LAMBDA" duration="00:00:00.7760000" startTime="2018-08-08T14:42:28.2535409-04:00" endTime="2018-08-08T14:42:28.2535452-04:00" testType="13cdc9d9-ddb5-4fa4-a97d-d965ccfc6d4b" outcome="Passed" testListId="8c84fa94-04c1-424b-9868-57a2d4851a1d" relativeResultsDirectory="fa2f61b0-f85a-4bba-9dcf-e8233d478130" /><UnitTestResult executionId="68bce02b-dbe6-4059-ada8-7d8b44cbd9d3" testId="28fff268-5da8-417e-95be-80cde7d8ef53" testName="Patch_InvalidReferencePropertyReturnsBadRequest" computerName="LAMBDA" duration="00:00:00.0230000" startTime="2018-08-08T14:42:29.1531387-04:00" endTime="2018-08-08T14:42:29.1531442-04:00" testType="13cdc9d9-ddb5-4fa4-a97d-d965ccfc6d4b" outcome="Passed" testListId="8c84fa94-04c1-424b-9868-57a2d4851a1d" relativeResultsDirectory="68bce02b-dbe6-4059-ada8-7d8b44cbd9d3" /><UnitTestResult executionId="0eb6a230-d2e1-446f-92a9-00230c4a9b33" testId="dc25c6d1-3e53-475b-87a3-64f269f18473" testName="Put_InvalidReferencePropertyReturndBadRequest" computerName="LAMBDA" duration="00:00:00.0340000" startTime="2018-08-08T14:42:27.1441583-04:00" endTime="2018-08-08T14:42:27.1441630-04:00" testType="13cdc9d9-ddb5-4fa4-a97d-d965ccfc6d4b" outcome="Passed" testListId="8c84fa94-04c1-424b-9868-57a2d4851a1d" relativeResultsDirectory="0eb6a230-d2e1-446f-92a9-00230c4a9b33" /><UnitTestResult executionId="78d6a9df-6de1-4061-9e71-074916ba5dec" testId="8a9efc17-d39b-4eb0-8d58-d64a2f21b24f" testName="Patch_InvalidPropertyNameReturnsBadRequest" computerName="LAMBDA" duration="00:00:00.0210000" startTime="2018-08-08T14:42:40.8830597-04:00" endTime="2018-08-08T14:42:40.8830648-04:00" testType="13cdc9d9-ddb5-4fa4-a97d-d965ccfc6d4b" outcome="Passed" testListId="8c84fa94-04c1-424b-9868-57a2d4851a1d" relativeResultsDirectory="78d6a9df-6de1-4061-9e71-074916ba5dec" /><UnitTestResult executionId="c60f02c2-0722-4581-8024-59930921e387" testId="ccf5f1a1-8253-4dac-a62d-91fc37b34f3a" testName="Patch_InvalidIdPropertyReturnsNotFound" computerName="LAMBDA" duration="00:00:00.0170000" startTime="2018-08-08T14:42:26.9086575-04:00" endTime="2018-08-08T14:42:26.9086622-04:00" testType="13cdc9d9-ddb5-4fa4-a97d-d965ccfc6d4b" outcome="Passed" testListId="8c84fa94-04c1-424b-9868-57a2d4851a1d" relativeResultsDirectory="c60f02c2-0722-4581-8024-59930921e387" /><UnitTestResult executionId="e90596cd-a69d-4d57-975c-6474cd069e12" testId="0712ce5b-4775-48a6-ad10-2684943469e7" testName="Post_ValidReferencePropertyCreatesModel" computerName="LAMBDA" duration="00:00:00.0300000" startTime="2018-08-08T14:42:44.6184989-04:00" endTime="2018-08-08T14:42:44.6185036-04:00" testType="13cdc9d9-ddb5-4fa4-a97d-d965ccfc6d4b" outcome="Passed" testListId="8c84fa94-04c1-424b-9868-57a2d4851a1d" relativeResultsDirectory="e90596cd-a69d-4d57-975c-6474cd069e12" /><UnitTestResult executionId="9082efa1-a7e6-469e-89d2-d14a292553cd" testId="047f8e8b-0b36-40fc-913f-dfaf4b11411a" testName="Put_InvalidReferencePropertyReturndBadRequest" computerName="LAMBDA" duration="00:00:00.0230000" startTime="2018-08-08T14:42:29.3442725-04:00" endTime="2018-08-08T14:42:29.3442780-04:00" testType="13cdc9d9-ddb5-4fa4-a97d-d965ccfc6d4b" outcome="Passed" testListId="8c84fa94-04c1-424b-9868-57a2d4851a1d" relativeResultsDirectory="9082efa1-a7e6-469e-89d2-d14a292553cd" /><UnitTestResult executionId="d74c86ce-b9ef-4de4-a628-8292e97ac93f" testId="9ad7aac3-5b70-47dd-8ba0-04a54128ea25" testName="GetFile_FileCanBeRoundTripped" computerName="LAMBDA" duration="00:00:00.1530000" startTime="2018-08-08T14:42:34.9284266-04:00" endTime="2018-08-08T14:42:34.9284407-04:00" testType="13cdc9d9-ddb5-4fa4-a97d-d965ccfc6d4b" outcome="Passed" testListId="8c84fa94-04c1-424b-9868-57a2d4851a1d" relativeResultsDirectory="d74c86ce-b9ef-4de4-a628-8292e97ac93f" /><UnitTestResult executionId="f8c6c202-9b46-4200-99ef-e9964b477db3" testId="90e06987-5085-4ecb-84f3-86e5c065b506" testName="Post_ValidReferencePropertyCreatesModel" computerName="LAMBDA" duration="00:00:00.0400000" startTime="2018-08-08T14:42:32.3326288-04:00" endTime="2018-08-08T14:42:32.3326343-04:00" testType="13cdc9d9-ddb5-4fa4-a97d-d965ccfc6d4b" outcome="Passed" testListId="8c84fa94-04c1-424b-9868-57a2d4851a1d" relativeResultsDirectory="f8c6c202-9b46-4200-99ef-e9964b477db3" /><UnitTestResult executionId="f29fd249-7ba1-4950-acfc-e8eceb6a8fac" testId="5f566963-dd19-4646-bffa-a41e326f854e" testName="Put_InvalidIdReturnsNotFound" computerName="LAMBDA" duration="00:00:00.0280000" startTime="2018-08-08T14:42:41.3910434-04:00" endTime="2018-08-08T14:42:41.3910481-04:00" testType="13cdc9d9-ddb5-4fa4-a97d-d965ccfc6d4b" outcome="Passed" testListId="8c84fa94-04c1-424b-9868-57a2d4851a1d" relativeResultsDirectory="f29fd249-7ba1-4950-acfc-e8eceb6a8fac" /><UnitTestResult executionId="cbea5699-94b9-432f-8fde-22ce5ee1b558" testId="6cafc687-49bd-4941-87af-fa530f84efa2" testName="GetSingle_InvalidIdPropertyValueReturnsNotFound" computerName="LAMBDA" duration="00:00:00.0250000" startTime="2018-08-08T14:42:32.2259853-04:00" endTime="2018-08-08T14:42:32.2259909-04:00" testType="13cdc9d9-ddb5-4fa4-a97d-d965ccfc6d4b" outcome="Passed" testListId="8c84fa94-04c1-424b-9868-57a2d4851a1d" relativeResultsDirectory="cbea5699-94b9-432f-8fde-22ce5ee1b558" /><UnitTestResult executionId="2e0711ba-8f0c-4b3e-aa54-8d82436630f7" testId="162f3114-0368-40f1-b882-572aba8d7244" testName="Put_CanUpdateModel" computerName="LAMBDA" duration="00:00:00.0580000" startTime="2018-08-08T14:42:41.5910832-04:00" endTime="2018-08-08T14:42:41.5910879-04:00" testType="13cdc9d9-ddb5-4fa4-a97d-d965ccfc6d4b" outcome="Passed" testListId="8c84fa94-04c1-424b-9868-57a2d4851a1d" relativeResultsDirectory="2e0711ba-8f0c-4b3e-aa54-8d82436630f7" /></Results><TestDefinitions><UnitTest name="LucyDepthBufferFindsOneDependent" storage="d:\github\modelrelief\modelrelief.test\bin\debug\netcoreapp2.0\modelrelief.test.dll" id="c4b77995-0831-44af-a72c-4b2d383467f8"><Execution id="d73d3ce2-9872-4a49-aa2b-09af2ff0846a" /><TestMethod codeBase="d:\Github\ModelRelief\ModelRelief.test\bin\Debug\netcoreapp2.0\ModelRelief.Test.dll" adapterTypeName="executor://xunit/VsTestRunner2/netcoreapp" className="ModelRelief.Test.Unit.DependencyManager.DependencyManagerTests" name="LucyDepthBufferFindsOneDependent" /></UnitTest><UnitTest name="GetFile_FileCanBeRoundTripped" storage="d:\github\modelrelief\modelrelief.test\bin\debug\netcoreapp2.0\modelrelief.test.dll" id="78f24085-5875-4988-886b-bdfab1692159"><Execution id="96057212-255e-42e4-8770-30755b57f0c3" /><TestMethod codeBase="d:\Github\ModelRelief\ModelRelief.test\bin\Debug\netcoreapp2.0\ModelRelief.Test.dll" adapterTypeName="executor://xunit/VsTestRunner2/netcoreapp" className="ModelRelief.Test.Integration.DepthBuffers.DepthBuffersFileIntegrationTests" name="GetFile_FileCanBeRoundTripped" /></UnitTest><UnitTest name="Put_InvalidIdReturnsNotFound" storage="d:\github\modelrelief\modelrelief.test\bin\debug\netcoreapp2.0\modelrelief.test.dll" id="631593d1-ef42-4988-8e1d-7b71d84324b3"><Execution id="dd1c0e56-46eb-48bd-ade0-af9f6789cf8e" /><TestMethod codeBase="d:\Github\ModelRelief\ModelRelief.test\bin\Debug\netcoreapp2.0\ModelRelief.Test.dll" adapterTypeName="executor://xunit/VsTestRunner2/netcoreapp" className="ModelRelief.Test.Integration.MeshTransforms.MeshTransformsBaseIntegrationTests" name="Put_InvalidIdReturnsNotFound" /></UnitTest><UnitTest name="PostFile_FileTimeStampIsUpdatedAfterFileIsPosted" storage="d:\github\modelrelief\modelrelief.test\bin\debug\netcoreapp2.0\modelrelief.test.dll" id="2d9a4f56-acc0-472d-b37a-4a30862bb7c8"><Execution id="fedd4e7c-cee7-46ac-b702-604f1f1d66fd" /><TestMethod codeBase="d:\Github\ModelRelief\ModelRelief.test\bin\Debug\netcoreapp2.0\ModelRelief.Test.dll" adapterTypeName="executor://xunit/VsTestRunner2/netcoreapp" className="ModelRelief.Test.Integration.DepthBuffers.DepthBuffersFileIntegrationTests" name="PostFile_FileTimeStampIsUpdatedAfterFileIsPosted" /></UnitTest><UnitTest name="Patch_MultipleInvalidReferencePropertiesReturnsMultipleValidationErrorsAndBadRequest" storage="d:\github\modelrelief\modelrelief.test\bin\debug\netcoreapp2.0\modelrelief.test.dll" id="c293db96-f7ac-4428-a448-6fcbf0510ad5"><Execution id="7af44aa5-0304-43c3-88fd-97da2358a54a" /><TestMethod codeBase="d:\Github\ModelRelief\ModelRelief.test\bin\Debug\netcoreapp2.0\ModelRelief.Test.dll" adapterTypeName="executor://xunit/VsTestRunner2/netcoreapp" className="ModelRelief.Test.Integration.Meshes.MeshesBaseIntegrationTests" name="Patch_MultipleInvalidReferencePropertiesReturnsMultipleValidationErrorsAndBadRequest" /></UnitTest><UnitTest name="PostFile_FileIsSynchronizedIsUpdatedAfterFileIsPosted" storage="d:\github\modelrelief\modelrelief.test\bin\debug\netcoreapp2.0\modelrelief.test.dll" id="db4a5f7b-a01a-4d77-925d-18b2a9fbc397"><Execution id="2a7ebcbf-eddf-4775-b07b-76559b793bb4" /><TestMethod codeBase="d:\Github\ModelRelief\ModelRelief.test\bin\Debug\netcoreapp2.0\ModelRelief.Test.dll" adapterTypeName="executor://xunit/VsTestRunner2/netcoreapp" className="ModelRelief.Test.Integration.Meshes.MeshesFileIntegrationTests" name="PostFile_FileIsSynchronizedIsUpdatedAfterFileIsPosted" /></UnitTest><UnitTest name="Patch_ValidReferencePropertyUpdatesModel" storage="d:\github\modelrelief\modelrelief.test\bin\debug\netcoreapp2.0\modelrelief.test.dll" id="d4cdba19-02da-4213-b773-fd5575d6f1c1"><Execution id="3a40702c-3e1d-4f45-8d0c-e382977a54c0" /><TestMethod codeBase="d:\Github\ModelRelief\ModelRelief.test\bin\Debug\netcoreapp2.0\ModelRelief.Test.dll" adapterTypeName="executor://xunit/VsTestRunner2/netcoreapp" className="ModelRelief.Test.Integration.DepthBuffers.DepthBuffersBaseIntegrationTests" name="Patch_ValidReferencePropertyUpdatesModel" /></UnitTest><UnitTest name="Delete_TargetModelIsDeleted" storage="d:\github\modelrelief\modelrelief.test\bin\debug\netcoreapp2.0\modelrelief.test.dll" id="6f20868b-3cf4-4f5d-a22a-0b49aa5ccc56"><Execution id="6b0296b4-c7f8-43e2-8bec-5c360fefc131" /><TestMethod codeBase="d:\Github\ModelRelief\ModelRelief.test\bin\Debug\netcoreapp2.0\ModelRelief.Test.dll" adapterTypeName="executor://xunit/VsTestRunner2/netcoreapp" className="ModelRelief.Test.Integration.DepthBuffers.DepthBuffersBaseIntegrationTests" name="Delete_TargetModelIsDeleted" /></UnitTest><UnitTest name="GetSingle_ValidIdPropertyValueReturnsCorrectModel" storage="d:\github\modelrelief\modelrelief.test\bin\debug\netcoreapp2.0\modelrelief.test.dll" id="80c6fbdd-cd35-4934-b25d-95e33c2ae6fa"><Execution id="86fc7462-9344-4e2d-9fe7-c1f254d0aec6" /><TestMethod codeBase="d:\Github\ModelRelief\ModelRelief.test\bin\Debug\netcoreapp2.0\ModelRelief.Test.dll" adapterTypeName="executor://xunit/VsTestRunner2/netcoreapp" className="ModelRelief.Test.Integration.DepthBuffers.DepthBuffersBaseIntegrationTests" name="GetSingle_ValidIdPropertyValueReturnsCorrectModel" /></UnitTest><UnitTest name="FileRequest_FileCanBeReadAfterRename" storage="d:\github\modelrelief\modelrelief.test\bin\debug\netcoreapp2.0\modelrelief.test.dll" id="506fff64-1e90-443c-8e0c-9dc8c322260b"><Execution id="31aed823-9889-42fa-8c5f-2367c554ee50" /><TestMethod codeBase="d:\Github\ModelRelief\ModelRelief.test\bin\Debug\netcoreapp2.0\ModelRelief.Test.dll" adapterTypeName="executor://xunit/VsTestRunner2/netcoreapp" className="ModelRelief.Test.Integration.Meshes.MeshesFileIntegrationTests" name="FileRequest_FileCanBeReadAfterRename" /></UnitTest><UnitTest name="Delete_TargetModelIsDeleted" storage="d:\github\modelrelief\modelrelief.test\bin\debug\netcoreapp2.0\modelrelief.test.dll" id="6bcede6b-e85c-45f4-a4ad-f375aee5ae4e"><Execution id="4f0beaf6-3de5-4068-a7f0-c9ef3acfba9f" /><TestMethod codeBase="d:\Github\ModelRelief\ModelRelief.test\bin\Debug\netcoreapp2.0\ModelRelief.Test.dll" adapterTypeName="executor://xunit/VsTestRunner2/netcoreapp" className="ModelRelief.Test.Integration.Projects.ProjectsBaseIntegrationTests" name="Delete_TargetModelIsDeleted" /></UnitTest><UnitTest name="GetSingle_InvalidIdPropertyValueReturnsNotFound" storage="d:\github\modelrelief\modelrelief.test\bin\debug\netcoreapp2.0\modelrelief.test.dll" id="f1b02ccd-73a9-4233-a716-ed80fbbf29bc"><Execution id="bc1a2403-fa40-4c15-840f-799f01ef5a62" /><TestMethod codeBase="d:\Github\ModelRelief\ModelRelief.test\bin\Debug\netcoreapp2.0\ModelRelief.Test.dll" adapterTypeName="executor://xunit/VsTestRunner2/netcoreapp" className="ModelRelief.Test.Integration.Cameras.CamerasBaseIntegrationTests" name="GetSingle_InvalidIdPropertyValueReturnsNotFound" /></UnitTest><UnitTest name="Post_InvalidReferencePropertyReturnsBadRequest" storage="d:\github\modelrelief\modelrelief.test\bin\debug\netcoreapp2.0\modelrelief.test.dll" id="bf21c16a-4e81-412b-9a9f-0a5298808d5c"><Execution id="1300dc0f-0001-4e59-85f8-3f414129b961" /><TestMethod codeBase="d:\Github\ModelRelief\ModelRelief.test\bin\Debug\netcoreapp2.0\ModelRelief.Test.dll" adapterTypeName="executor://xunit/VsTestRunner2/netcoreapp" className="ModelRelief.Test.Integration.Cameras.CamerasBaseIntegrationTests" name="Post_InvalidReferencePropertyReturnsBadRequest" /></UnitTest><UnitTest name="PutFile_NewFileCanBePut" storage="d:\github\modelrelief\modelrelief.test\bin\debug\netcoreapp2.0\modelrelief.test.dll" id="ae0facd9-8e75-4d32-9f01-067d2c8f61b2"><Execution id="28fa3c6e-8a95-40b0-bc6d-3faaa859aae7" /><TestMethod codeBase="d:\Github\ModelRelief\ModelRelief.test\bin\Debug\netcoreapp2.0\ModelRelief.Test.dll" adapterTypeName="executor://xunit/VsTestRunner2/netcoreapp" className="ModelRelief.Test.Integration.Meshes.MeshesFileIntegrationTests" name="PutFile_NewFileCanBePut" /></UnitTest><UnitTest name="GetList_ListReturnsCorrectCount" storage="d:\github\modelrelief\modelrelief.test\bin\debug\netcoreapp2.0\modelrelief.test.dll" id="b656e0bb-63d4-48ac-aeed-93b7ffb23381"><Execution id="e0dd136b-08fa-4ebd-92fe-a3bb7043c068" /><TestMethod codeBase="d:\Github\ModelRelief\ModelRelief.test\bin\Debug\netcoreapp2.0\ModelRelief.Test.dll" adapterTypeName="executor://xunit/VsTestRunner2/netcoreapp" className="ModelRelief.Test.Integration.Projects.ProjectsBaseIntegrationTests" name="GetList_ListReturnsCorrectCount" /></UnitTest><UnitTest name="Patch_InvalidIdPropertyReturnsNotFound" storage="d:\github\modelrelief\modelrelief.test\bin\debug\netcoreapp2.0\modelrelief.test.dll" id="ad7c8809-6f3c-42b8-8b39-d6c82b871c58"><Execution id="5befb6fd-029e-4e06-9008-a685ce6a8ad1" /><TestMethod codeBase="d:\Github\ModelRelief\ModelRelief.test\bin\Debug\netcoreapp2.0\ModelRelief.Test.dll" adapterTypeName="executor://xunit/VsTestRunner2/netcoreapp" className="ModelRelief.Test.Integration.Meshes.MeshesBaseIntegrationTests" name="Patch_InvalidIdPropertyReturnsNotFound" /></UnitTest><UnitTest name="Post_InvalidPropertyValueReturnsBadRequest" storage="d:\github\modelrelief\modelrelief.test\bin\debug\netcoreapp2.0\modelrelief.test.dll" id="dbd88ebd-4525-4e4a-b09c-076b946c2b42"><Execution id="c3d0dfa0-d781-4351-b758-cad44cf48b34" /><TestMethod codeBase="d:\Github\ModelRelief\ModelRelief.test\bin\Debug\netcoreapp2.0\ModelRelief.Test.dll" adapterTypeName="executor://xunit/VsTestRunner2/netcoreapp" className="ModelRelief.Test.Integration.Meshes.MeshesBaseIntegrationTests" name="Post_InvalidPropertyValueReturnsBadRequest" /></UnitTest><UnitTest name="FileRequest_FileCanBeReadAfterRename" storage="d:\github\modelrelief\modelrelief.test\bin\debug\netcoreapp2.0\modelrelief.test.dll" id="12e3f105-5ec3-4fe1-94bb-ed7c4a1f2dca"><Execution id="c323cd60-5aa5-46f8-b4e0-73a993942698" /><TestMethod codeBase="d:\Github\ModelRelief\ModelRelief.test\bin\Debug\netcoreapp2.0\ModelRelief.Test.dll" adapterTypeName="executor://xunit/VsTestRunner2/netcoreapp" className="ModelRelief.Test.Integration.Models.ModelsFileIntegrationTests" name="FileRequest_FileCanBeReadAfterRename" /></UnitTest><UnitTest name="Put_CanUpdateModel" storage="d:\github\modelrelief\modelrelief.test\bin\debug\netcoreapp2.0\modelrelief.test.dll" id="c05f6cb1-438c-43bd-acb2-553bf32da118"><Execution id="6b2cf636-2132-4277-899f-f6e4dac97e89" /><TestMethod codeBase="d:\Github\ModelRelief\ModelRelief.test\bin\Debug\netcoreapp2.0\ModelRelief.Test.dll" adapterTypeName="executor://xunit/VsTestRunner2/netcoreapp" className="ModelRelief.Test.Integration.MeshTransforms.MeshTransformsBaseIntegrationTests" name="Put_CanUpdateModel" /></UnitTest><UnitTest name="Put_InvalidReferencePropertyReturndBadRequest" storage="d:\github\modelrelief\modelrelief.test\bin\debug\netcoreapp2.0\modelrelief.test.dll" id="047f8e8b-0b36-40fc-913f-dfaf4b11411a"><Execution id="9082efa1-a7e6-469e-89d2-d14a292553cd" /><TestMethod codeBase="d:\Github\ModelRelief\ModelRelief.test\bin\Debug\netcoreapp2.0\ModelRelief.Test.dll" adapterTypeName="executor://xunit/VsTestRunner2/netcoreapp" className="ModelRelief.Test.Integration.MeshTransforms.MeshTransformsBaseIntegrationTests" name="Put_InvalidReferencePropertyReturndBadRequest" /></UnitTest><UnitTest name="GetFile_ExistingFileReturnsSuccess" storage="d:\github\modelrelief\modelrelief.test\bin\debug\netcoreapp2.0\modelrelief.test.dll" id="19fd350c-70e0-445e-b14b-09eb020b724b"><Execution id="fa2f61b0-f85a-4bba-9dcf-e8233d478130" /><TestMethod codeBase="d:\Github\ModelRelief\ModelRelief.test\bin\Debug\netcoreapp2.0\ModelRelief.Test.dll" adapterTypeName="executor://xunit/VsTestRunner2/netcoreapp" className="ModelRelief.Test.Integration.Models.ModelsFileIntegrationTests" name="GetFile_ExistingFileReturnsSuccess" /></UnitTest><UnitTest name="Put_InvalidIdReturnsNotFound" storage="d:\github\modelrelief\modelrelief.test\bin\debug\netcoreapp2.0\modelrelief.test.dll" id="5f566963-dd19-4646-bffa-a41e326f854e"><Execution id="f29fd249-7ba1-4950-acfc-e8eceb6a8fac" /><TestMethod codeBase="d:\Github\ModelRelief\ModelRelief.test\bin\Debug\netcoreapp2.0\ModelRelief.Test.dll" adapterTypeName="executor://xunit/VsTestRunner2/netcoreapp" className="ModelRelief.Test.Integration.DepthBuffers.DepthBuffersBaseIntegrationTests" name="Put_InvalidIdReturnsNotFound" /></UnitTest><UnitTest name="Put_ValidReferencePropertyUpdatesModel" storage="d:\github\modelrelief\modelrelief.test\bin\debug\netcoreapp2.0\modelrelief.test.dll" id="bdc6c7b3-9880-4478-99b0-29126aa61dc1"><Execution id="948ed6b6-fe25-4565-9e1e-2b9fe799c0cd" /><TestMethod codeBase="d:\Github\ModelRelief\ModelRelief.test\bin\Debug\netcoreapp2.0\ModelRelief.Test.dll" adapterTypeName="executor://xunit/VsTestRunner2/netcoreapp" className="ModelRelief.Test.Integration.MeshTransforms.MeshTransformsBaseIntegrationTests" name="Put_ValidReferencePropertyUpdatesModel" /></UnitTest><UnitTest name="GetSingle_ValidIdPropertyValueReturnsCorrectModel" storage="d:\github\modelrelief\modelrelief.test\bin\debug\netcoreapp2.0\modelrelief.test.dll" id="f7b1dfbf-03db-4557-9152-580cc8dedf8e"><Execution id="f62fcfbd-12bc-415c-86fd-5409e6129297" /><TestMethod codeBase="d:\Github\ModelRelief\ModelRelief.test\bin\Debug\netcoreapp2.0\ModelRelief.Test.dll" adapterTypeName="executor://xunit/VsTestRunner2/netcoreapp" className="ModelRelief.Test.Integration.Projects.ProjectsBaseIntegrationTests" name="GetSingle_ValidIdPropertyValueReturnsCorrectModel" /></UnitTest><UnitTest name="Post_InvalidReferencePropertyReturnsBadRequest" storage="d:\github\modelrelief\modelrelief.test\bin\debug\netcoreapp2.0\modelrelief.test.dll" id="5a829398-775d-4cf0-b8a0-676589e40470"><Execution id="53677916-5c38-4938-ba6c-0cec6f87745d" /><TestMethod codeBase="d:\Github\ModelRelief\ModelRelief.test\bin\Debug\netcoreapp2.0\ModelRelief.Test.dll" adapterTypeName="executor://xunit/VsTestRunner2/netcoreapp" className="ModelRelief.Test.Integration.Meshes.MeshesBaseIntegrationTests" name="Post_InvalidReferencePropertyReturnsBadRequest" /></UnitTest><UnitTest name="Patch_InvalidEnumPropertyValueReturnsBadRequest" storage="d:\github\modelrelief\modelrelief.test\bin\debug\netcoreapp2.0\modelrelief.test.dll" id="026dd04e-f932-4909-8fff-b43aeffb2272"><Execution id="1d0fe7bd-842c-4550-8c8d-f428f95dd840" /><TestMethod codeBase="d:\Github\ModelRelief\ModelRelief.test\bin\Debug\netcoreapp2.0\ModelRelief.Test.dll" adapterTypeName="executor://xunit/VsTestRunner2/netcoreapp" className="ModelRelief.Test.Integration.Models.ModelsBaseIntegrationTests" name="Patch_InvalidEnumPropertyValueReturnsBadRequest" /></UnitTest><UnitTest name="CameraHasExpectedDependentFiles" storage="d:\github\modelrelief\modelrelief.test\bin\debug\netcoreapp2.0\modelrelief.test.dll" id="1589293c-7433-4f1c-9de6-cf8cd8663c1a"><Execution id="b9f00cfd-6706-4733-85be-ea00e84c2a5a" /><TestMethod codeBase="d:\Github\ModelRelief\ModelRelief.test\bin\Debug\netcoreapp2.0\ModelRelief.Test.dll" adapterTypeName="executor://xunit/VsTestRunner2/netcoreapp" className="ModelRelief.Test.Unit.DependencyManager.DependencyManagerTests" name="CameraHasExpectedDependentFiles" /></UnitTest><UnitTest name="FileRequest_MeshGenerateSetsFileIsSynchronized" storage="d:\github\modelrelief\modelrelief.test\bin\debug\netcoreapp2.0\modelrelief.test.dll" id="471e2c9a-97f3-4fbe-84d5-3b77b6cb0c78"><Execution id="9f56bce4-af86-44d9-8595-a9855d53958f" /><TestMethod codeBase="d:\Github\ModelRelief\ModelRelief.test\bin\Debug\netcoreapp2.0\ModelRelief.Test.dll" adapterTypeName="executor://xunit/VsTestRunner2/netcoreapp" className="ModelRelief.Test.Integration.Meshes.MeshesFileIntegrationTests" name="FileRequest_MeshGenerateSetsFileIsSynchronized" /></UnitTest><UnitTest name="Patch_MultipleInvalidReferencePropertiesReturnsMultipleValidationErrorsAndBadRequest" storage="d:\github\modelrelief\modelrelief.test\bin\debug\netcoreapp2.0\modelrelief.test.dll" id="caf1bead-d433-4046-a09c-633ace9813bf"><Execution id="49f68ac2-ad5a-49c7-96f1-b27e2ece8db4" /><TestMethod codeBase="d:\Github\ModelRelief\ModelRelief.test\bin\Debug\netcoreapp2.0\ModelRelief.Test.dll" adapterTypeName="executor://xunit/VsTestRunner2/netcoreapp" className="ModelRelief.Test.Integration.DepthBuffers.DepthBuffersBaseIntegrationTests" name="Patch_MultipleInvalidReferencePropertiesReturnsMultipleValidationErrorsAndBadRequest" /></UnitTest><UnitTest name="Patch_InvalidPropertyNameReturnsBadRequest" storage="d:\github\modelrelief\modelrelief.test\bin\debug\netcoreapp2.0\modelrelief.test.dll" id="8a9efc17-d39b-4eb0-8d58-d64a2f21b24f"><Execution id="78d6a9df-6de1-4061-9e71-074916ba5dec" /><TestMethod codeBase="d:\Github\ModelRelief\ModelRelief.test\bin\Debug\netcoreapp2.0\ModelRelief.Test.dll" adapterTypeName="executor://xunit/VsTestRunner2/netcoreapp" className="ModelRelief.Test.Integration.DepthBuffers.DepthBuffersBaseIntegrationTests" name="Patch_InvalidPropertyNameReturnsBadRequest" /></UnitTest><UnitTest name="GetList_ListReturnsCorrectCount" storage="d:\github\modelrelief\modelrelief.test\bin\debug\netcoreapp2.0\modelrelief.test.dll" id="8fbc88f5-aa60-44cc-8be7-3bdd2a847b60"><Execution id="1bed17ca-1736-484d-94da-de9d9ec0419c" /><TestMethod codeBase="d:\Github\ModelRelief\ModelRelief.test\bin\Debug\netcoreapp2.0\ModelRelief.Test.dll" adapterTypeName="executor://xunit/VsTestRunner2/netcoreapp" className="ModelRelief.Test.Integration.Models.ModelsBaseIntegrationTests" name="GetList_ListReturnsCorrectCount" /></UnitTest><UnitTest name="Post_CanCreateNewModel" storage="d:\github\modelrelief\modelrelief.test\bin\debug\netcoreapp2.0\modelrelief.test.dll" id="3e983723-f752-4061-82ec-22451a2f8606"><Execution id="940df3bb-8ed4-4c7a-8b1e-5282c7938ab2" /><TestMethod codeBase="d:\Github\ModelRelief\ModelRelief.test\bin\Debug\netcoreapp2.0\ModelRelief.Test.dll" adapterTypeName="executor://xunit/VsTestRunner2/netcoreapp" className="ModelRelief.Test.Integration.MeshTransforms.MeshTransformsBaseIntegrationTests" name="Post_CanCreateNewModel" /></UnitTest><UnitTest name="GetSingle_ValidIdPropertyValueReturnsCorrectModel" storage="d:\github\modelrelief\modelrelief.test\bin\debug\netcoreapp2.0\modelrelief.test.dll" id="6dd52396-25ba-4d83-a7d9-8f59d4f81a50"><Execution id="197bc4d9-3c08-47a9-bb4f-98f44c769ce5" /><TestMethod codeBase="d:\Github\ModelRelief\ModelRelief.test\bin\Debug\netcoreapp2.0\ModelRelief.Test.dll" adapterTypeName="executor://xunit/VsTestRunner2/netcoreapp" className="ModelRelief.Test.Integration.MeshTransforms.MeshTransformsBaseIntegrationTests" name="GetSingle_ValidIdPropertyValueReturnsCorrectModel" /></UnitTest><UnitTest name="Patch_MultipleInvalidReferencePropertiesReturnsMultipleValidationErrorsAndBadRequest" storage="d:\github\modelrelief\modelrelief.test\bin\debug\netcoreapp2.0\modelrelief.test.dll" id="cc7cb83a-255d-4bef-ae0d-1dcf53db2cc5"><Execution id="8f85e14f-0f54-4019-958a-f1a30ac17410" /><TestMethod codeBase="d:\Github\ModelRelief\ModelRelief.test\bin\Debug\netcoreapp2.0\ModelRelief.Test.dll" adapterTypeName="executor://xunit/VsTestRunner2/netcoreapp" className="ModelRelief.Test.Integration.Projects.ProjectsBaseIntegrationTests" name="Patch_MultipleInvalidReferencePropertiesReturnsMultipleValidationErrorsAndBadRequest" /></UnitTest><UnitTest name="Post_CanCreateNewModel" storage="d:\github\modelrelief\modelrelief.test\bin\debug\netcoreapp2.0\modelrelief.test.dll" id="1e873c8d-241b-4a9d-93ea-123919d08883"><Execution id="c1c60632-9e91-4f67-b440-33836bbe5f7e" /><TestMethod codeBase="d:\Github\ModelRelief\ModelRelief.test\bin\Debug\netcoreapp2.0\ModelRelief.Test.dll" adapterTypeName="executor://xunit/VsTestRunner2/netcoreapp" className="ModelRelief.Test.Integration.Cameras.CamerasBaseIntegrationTests" name="Post_CanCreateNewModel" /></UnitTest><UnitTest name="Put_CanUpdateModel" storage="d:\github\modelrelief\modelrelief.test\bin\debug\netcoreapp2.0\modelrelief.test.dll" id="c1e8af34-bf70-48c1-a501-014e80672fd9"><Execution id="6da21d8c-3a3a-4bd5-b138-98ecdab5c3c8" /><TestMethod codeBase="d:\Github\ModelRelief\ModelRelief.test\bin\Debug\netcoreapp2.0\ModelRelief.Test.dll" adapterTypeName="executor://xunit/VsTestRunner2/netcoreapp" className="ModelRelief.Test.Integration.Cameras.CamerasBaseIntegrationTests" name="Put_CanUpdateModel" /></UnitTest><UnitTest name="Put_InvalidReferencePropertyReturndBadRequest" storage="d:\github\modelrelief\modelrelief.test\bin\debug\netcoreapp2.0\modelrelief.test.dll" id="f0de8c45-7804-49ae-872a-6ca73d531e1a"><Execution id="0aaa5b1b-493d-4453-81cf-8517552aef53" /><TestMethod codeBase="d:\Github\ModelRelief\ModelRelief.test\bin\Debug\netcoreapp2.0\ModelRelief.Test.dll" adapterTypeName="executor://xunit/VsTestRunner2/netcoreapp" className="ModelRelief.Test.Integration.Meshes.MeshesBaseIntegrationTests" name="Put_InvalidReferencePropertyReturndBadRequest" /></UnitTest><UnitTest name="PutFile_FileCanBeUpdated" storage="d:\github\modelrelief\modelrelief.test\bin\debug\netcoreapp2.0\modelrelief.test.dll" id="b5c648c5-80cb-4475-b981-11376f716714"><Execution id="b2bb92d5-6545-4a71-945d-3f5b51f2d4a3" /><TestMethod codeBase="d:\Github\ModelRelief\ModelRelief.test\bin\Debug\netcoreapp2.0\ModelRelief.Test.dll" adapterTypeName="executor://xunit/VsTestRunner2/netcoreapp" className="ModelRelief.Test.Integration.Models.ModelsFileIntegrationTests" name="PutFile_FileCanBeUpdated" /></UnitTest><UnitTest name="PutFile_FileCanBeUpdated" storage="d:\github\modelrelief\modelrelief.test\bin\debug\netcoreapp2.0\modelrelief.test.dll" id="69c9abb1-79ba-488a-8777-99cc81593270"><Execution id="b2634c3f-2e55-4918-a040-0aa56ddf95da" /><TestMethod codeBase="d:\Github\ModelRelief\ModelRelief.test\bin\Debug\netcoreapp2.0\ModelRelief.Test.dll" adapterTypeName="executor://xunit/VsTestRunner2/netcoreapp" className="ModelRelief.Test.Integration.DepthBuffers.DepthBuffersFileIntegrationTests" name="PutFile_FileCanBeUpdated" /></UnitTest><UnitTest name="Delete_TargetModelIsDeleted" storage="d:\github\modelrelief\modelrelief.test\bin\debug\netcoreapp2.0\modelrelief.test.dll" id="0c62fbca-dc13-4424-86bc-ec12dc2e69df"><Execution id="491b5961-41f0-407b-9cfd-e8947faa73e4" /><TestMethod codeBase="d:\Github\ModelRelief\ModelRelief.test\bin\Debug\netcoreapp2.0\ModelRelief.Test.dll" adapterTypeName="executor://xunit/VsTestRunner2/netcoreapp" className="ModelRelief.Test.Integration.Models.ModelsBaseIntegrationTests" name="Delete_TargetModelIsDeleted" /></UnitTest><UnitTest name="Delete_TargetModelIsDeleted" storage="d:\github\modelrelief\modelrelief.test\bin\debug\netcoreapp2.0\modelrelief.test.dll" id="0b8a118f-b4a9-4a25-934b-df7376424e49"><Execution id="1e72aae1-cda2-421a-8e41-86fef3a04834" /><TestMethod codeBase="d:\Github\ModelRelief\ModelRelief.test\bin\Debug\netcoreapp2.0\ModelRelief.Test.dll" adapterTypeName="executor://xunit/VsTestRunner2/netcoreapp" className="ModelRelief.Test.Integration.MeshTransforms.MeshTransformsBaseIntegrationTests" name="Delete_TargetModelIsDeleted" /></UnitTest><UnitTest name="GetSingle_InvalidIdPropertyValueReturnsNotFound" storage="d:\github\modelrelief\modelrelief.test\bin\debug\netcoreapp2.0\modelrelief.test.dll" id="ccf43ce2-792d-4c6b-a771-9ccfd9c1ca08"><Execution id="fee46e22-d18f-44ac-96f9-112ff54066d7" /><TestMethod codeBase="d:\Github\ModelRelief\ModelRelief.test\bin\Debug\netcoreapp2.0\ModelRelief.Test.dll" adapterTypeName="executor://xunit/VsTestRunner2/netcoreapp" className="ModelRelief.Test.Integration.Projects.ProjectsBaseIntegrationTests" name="GetSingle_InvalidIdPropertyValueReturnsNotFound" /></UnitTest><UnitTest name="GetSingle_InvalidIdPropertyValueReturnsNotFound" storage="d:\github\modelrelief\modelrelief.test\bin\debug\netcoreapp2.0\modelrelief.test.dll" id="5d7f4ab9-cbb8-4eee-a47a-d82538deb875"><Execution id="706cca3f-dbba-4a7b-b270-13572d2fc385" /><TestMethod codeBase="d:\Github\ModelRelief\ModelRelief.test\bin\Debug\netcoreapp2.0\ModelRelief.Test.dll" adapterTypeName="executor://xunit/VsTestRunner2/netcoreapp" className="ModelRelief.Test.Integration.DepthBuffers.DepthBuffersBaseIntegrationTests" name="GetSingle_InvalidIdPropertyValueReturnsNotFound" /></UnitTest><UnitTest name="Patch_InvalidEnumPropertyValueReturnsBadRequest" storage="d:\github\modelrelief\modelrelief.test\bin\debug\netcoreapp2.0\modelrelief.test.dll" id="09fb68c0-f8b5-4ff0-af7e-d8d0ceec053c"><Execution id="abf00327-d2b5-488b-bb0c-12080da529ec" /><TestMethod codeBase="d:\Github\ModelRelief\ModelRelief.test\bin\Debug\netcoreapp2.0\ModelRelief.Test.dll" adapterTypeName="executor://xunit/VsTestRunner2/netcoreapp" className="ModelRelief.Test.Integration.Cameras.CamerasBaseIntegrationTests" name="Patch_InvalidEnumPropertyValueReturnsBadRequest" /></UnitTest><UnitTest name="GetList_ListReturnsCorrectCount" storage="d:\github\modelrelief\modelrelief.test\bin\debug\netcoreapp2.0\modelrelief.test.dll" id="9c1a6b8d-e985-4dfb-896e-90017f9d9bda"><Execution id="fd4a574c-dfff-409e-a118-c8cea7820a4e" /><TestMethod codeBase="d:\Github\ModelRelief\ModelRelief.test\bin\Debug\netcoreapp2.0\ModelRelief.Test.dll" adapterTypeName="executor://xunit/VsTestRunner2/netcoreapp" className="ModelRelief.Test.Integration.Meshes.MeshesBaseIntegrationTests" name="GetList_ListReturnsCorrectCount" /></UnitTest><UnitTest name="Patch_InvalidReferencePropertyReturnsBadRequest" storage="d:\github\modelrelief\modelrelief.test\bin\debug\netcoreapp2.0\modelrelief.test.dll" id="1725380c-efc6-4dd6-a834-4261fa7cc0ac"><Execution id="1fecc33c-05b9-483b-ac78-b62a755acce2" /><TestMethod codeBase="d:\Github\ModelRelief\ModelRelief.test\bin\Debug\netcoreapp2.0\ModelRelief.Test.dll" adapterTypeName="executor://xunit/VsTestRunner2/netcoreapp" className="ModelRelief.Test.Integration.Models.ModelsBaseIntegrationTests" name="Patch_InvalidReferencePropertyReturnsBadRequest" /></UnitTest><UnitTest name="GetSingle_InvalidIdPropertyValueReturnsNotFound" storage="d:\github\modelrelief\modelrelief.test\bin\debug\netcoreapp2.0\modelrelief.test.dll" id="18b7a67d-a81b-4c02-ae7f-7372ee136de4"><Execution id="95df3f94-89e5-4b66-972a-2a04115aa2a3" /><TestMethod codeBase="d:\Github\ModelRelief\ModelRelief.test\bin\Debug\netcoreapp2.0\ModelRelief.Test.dll" adapterTypeName="executor://xunit/VsTestRunner2/netcoreapp" className="ModelRelief.Test.Integration.Models.ModelsBaseIntegrationTests" name="GetSingle_InvalidIdPropertyValueReturnsNotFound" /></UnitTest><UnitTest name="PostFile_FileIsSynchronizedIsUpdatedAfterFileIsPosted" storage="d:\github\modelrelief\modelrelief.test\bin\debug\netcoreapp2.0\modelrelief.test.dll" id="c08f32d1-c5ca-47dd-a8e0-07c98ef4eb32"><Execution id="33dd25ad-32ff-4f0a-9c8e-e499537ea825" /><TestMethod codeBase="d:\Github\ModelRelief\ModelRelief.test\bin\Debug\netcoreapp2.0\ModelRelief.Test.dll" adapterTypeName="executor://xunit/VsTestRunner2/netcoreapp" className="ModelRelief.Test.Integration.Models.ModelsFileIntegrationTests" name="PostFile_FileIsSynchronizedIsUpdatedAfterFileIsPosted" /></UnitTest><UnitTest name="Patch_TargetPropertyIsUpdated" storage="d:\github\modelrelief\modelrelief.test\bin\debug\netcoreapp2.0\modelrelief.test.dll" id="85eec0e0-b1fa-4122-a198-f7cdb2c0bf35"><Execution id="b812cccc-146c-4950-865a-bf29f720b2db" /><TestMethod codeBase="d:\Github\ModelRelief\ModelRelief.test\bin\Debug\netcoreapp2.0\ModelRelief.Test.dll" adapterTypeName="executor://xunit/VsTestRunner2/netcoreapp" className="ModelRelief.Test.Integration.Meshes.MeshesBaseIntegrationTests" name="Patch_TargetPropertyIsUpdated" /></UnitTest><UnitTest name="Post_InvalidPropertyValueReturnsBadRequest" storage="d:\github\modelrelief\modelrelief.test\bin\debug\netcoreapp2.0\modelrelief.test.dll" id="6d598977-c5d2-4764-a1e1-ed3eac0c5040"><Execution id="0a185fef-2d59-4fea-8b3f-ae9e82414364" /><TestMethod codeBase="d:\Github\ModelRelief\ModelRelief.test\bin\Debug\netcoreapp2.0\ModelRelief.Test.dll" adapterTypeName="executor://xunit/VsTestRunner2/netcoreapp" className="ModelRelief.Test.Integration.DepthBuffers.DepthBuffersBaseIntegrationTests" name="Post_InvalidPropertyValueReturnsBadRequest" /></UnitTest><UnitTest name="Put_CanUpdateModel" storage="d:\github\modelrelief\modelrelief.test\bin\debug\netcoreapp2.0\modelrelief.test.dll" id="cc103188-c3c9-4eba-bdc2-5e80a4157341"><Execution id="dbb2221d-0612-4655-a000-820650ad8da0" /><TestMethod codeBase="d:\Github\ModelRelief\ModelRelief.test\bin\Debug\netcoreapp2.0\ModelRelief.Test.dll" adapterTypeName="executor://xunit/VsTestRunner2/netcoreapp" className="ModelRelief.Test.Integration.Meshes.MeshesBaseIntegrationTests" name="Put_CanUpdateModel" /></UnitTest><UnitTest name="Delete_TargetModelIsDeleted" storage="d:\github\modelrelief\modelrelief.test\bin\debug\netcoreapp2.0\modelrelief.test.dll" id="5ed1e180-f2c8-4052-bbe2-57297d64240e"><Execution id="d96ce9a4-aaf5-40e7-8d88-367f2c6c8899" /><TestMethod codeBase="d:\Github\ModelRelief\ModelRelief.test\bin\Debug\netcoreapp2.0\ModelRelief.Test.dll" adapterTypeName="executor://xunit/VsTestRunner2/netcoreapp" className="ModelRelief.Test.Integration.Cameras.CamerasBaseIntegrationTests" name="Delete_TargetModelIsDeleted" /></UnitTest><UnitTest name="Patch_MultipleInvalidReferencePropertiesReturnsMultipleValidationErrorsAndBadRequest" storage="d:\github\modelrelief\modelrelief.test\bin\debug\netcoreapp2.0\modelrelief.test.dll" id="3304a435-794b-4b40-8d77-f0529b827aac"><Execution id="ea37c54c-8cb4-4665-9652-f826374c0fd0" /><TestMethod codeBase="d:\Github\ModelRelief\ModelRelief.test\bin\Debug\netcoreapp2.0\ModelRelief.Test.dll" adapterTypeName="executor://xunit/VsTestRunner2/netcoreapp" className="ModelRelief.Test.Integration.Cameras.CamerasBaseIntegrationTests" name="Patch_MultipleInvalidReferencePropertiesReturnsMultipleValidationErrorsAndBadRequest" /></UnitTest><UnitTest name="LucyModel3dHasTwoDependents" storage="d:\github\modelrelief\modelrelief.test\bin\debug\netcoreapp2.0\modelrelief.test.dll" id="233170ba-837a-42bb-b328-bffc6a09f960"><Execution id="536c2a14-169b-454d-9b88-1d0fdc6bd5e1" /><TestMethod codeBase="d:\Github\ModelRelief\ModelRelief.test\bin\Debug\netcoreapp2.0\ModelRelief.Test.dll" adapterTypeName="executor://xunit/VsTestRunner2/netcoreapp" className="ModelRelief.Test.Unit.DependencyManager.DependencyManagerTests" name="LucyModel3dHasTwoDependents" /></UnitTest><UnitTest name="Patch_InvalidPropertyNameReturnsBadRequest" storage="d:\github\modelrelief\modelrelief.test\bin\debug\netcoreapp2.0\modelrelief.test.dll" id="a1cf270d-6008-46d4-a99e-395c7ac96ef9"><Execution id="68c09e47-7684-4590-81f4-bcad08310078" /><TestMethod codeBase="d:\Github\ModelRelief\ModelRelief.test\bin\Debug\netcoreapp2.0\ModelRelief.Test.dll" adapterTypeName="executor://xunit/VsTestRunner2/netcoreapp" className="ModelRelief.Test.Integration.MeshTransforms.MeshTransformsBaseIntegrationTests" name="Patch_InvalidPropertyNameReturnsBadRequest" /></UnitTest><UnitTest name="FileRequest_FileCanBeReadAfterRename" storage="d:\github\modelrelief\modelrelief.test\bin\debug\netcoreapp2.0\modelrelief.test.dll" id="fc90bbc7-f055-4a6b-89ea-df33a851349d"><Execution id="a7b79595-effe-4802-9c11-5047f17c11ae" /><TestMethod codeBase="d:\Github\ModelRelief\ModelRelief.test\bin\Debug\netcoreapp2.0\ModelRelief.Test.dll" adapterTypeName="executor://xunit/VsTestRunner2/netcoreapp" className="ModelRelief.Test.Integration.DepthBuffers.DepthBuffersFileIntegrationTests" name="FileRequest_FileCanBeReadAfterRename" /></UnitTest><UnitTest name="FileRequest_MeshIsInvalidatedAfterDepthBufferFileBecomesUnsynchronized" storage="d:\github\modelrelief\modelrelief.test\bin\debug\netcoreapp2.0\modelrelief.test.dll" id="0f8c1202-d94f-47fc-acbb-50e5b7f105b7"><Execution id="92b8632f-8065-4366-b822-3a0ce65ad1b4" /><TestMethod codeBase="d:\Github\ModelRelief\ModelRelief.test\bin\Debug\netcoreapp2.0\ModelRelief.Test.dll" adapterTypeName="executor://xunit/VsTestRunner2/netcoreapp" className="ModelRelief.Test.Integration.Meshes.MeshesFileIntegrationTests" name="FileRequest_MeshIsInvalidatedAfterDepthBufferFileBecomesUnsynchronized" /></UnitTest><UnitTest name="Put_ValidReferencePropertyUpdatesModel" storage="d:\github\modelrelief\modelrelief.test\bin\debug\netcoreapp2.0\modelrelief.test.dll" id="9ecbb40c-1b0e-49e8-b2e7-07383a5e263b"><Execution id="727783a9-21b2-44f3-8bfc-1fc2c5b40b86" /><TestMethod codeBase="d:\Github\ModelRelief\ModelRelief.test\bin\Debug\netcoreapp2.0\ModelRelief.Test.dll" adapterTypeName="executor://xunit/VsTestRunner2/netcoreapp" className="ModelRelief.Test.Integration.Meshes.MeshesBaseIntegrationTests" name="Put_ValidReferencePropertyUpdatesModel" /></UnitTest><UnitTest name="Put_CanUpdateModel" storage="d:\github\modelrelief\modelrelief.test\bin\debug\netcoreapp2.0\modelrelief.test.dll" id="37070e8f-b29f-4573-981b-96bbc440a56d"><Execution id="d2bd2e9c-9056-42ca-b1b8-a4af6df01859" /><TestMethod codeBase="d:\Github\ModelRelief\ModelRelief.test\bin\Debug\netcoreapp2.0\ModelRelief.Test.dll" adapterTypeName="executor://xunit/VsTestRunner2/netcoreapp" className="ModelRelief.Test.Integration.Projects.ProjectsBaseIntegrationTests" name="Put_CanUpdateModel" /></UnitTest><UnitTest name="Patch_InvalidPropertyNameReturnsBadRequest" storage="d:\github\modelrelief\modelrelief.test\bin\debug\netcoreapp2.0\modelrelief.test.dll" id="1a018032-c9c3-41e4-98ba-4bc1fb354905"><Execution id="4ea0aca4-e333-4d32-a0f3-658055091233" /><TestMethod codeBase="d:\Github\ModelRelief\ModelRelief.test\bin\Debug\netcoreapp2.0\ModelRelief.Test.dll" adapterTypeName="executor://xunit/VsTestRunner2/netcoreapp" className="ModelRelief.Test.Integration.Cameras.CamerasBaseIntegrationTests" name="Patch_InvalidPropertyNameReturnsBadRequest" /></UnitTest><UnitTest name="Put_ValidReferencePropertyUpdatesModel" storage="d:\github\modelrelief\modelrelief.test\bin\debug\netcoreapp2.0\modelrelief.test.dll" id="378e765f-46c2-4eb7-8290-fbb32cef5771"><Execution id="46c39083-a197-43db-bb7d-3f98ff964640" /><TestMethod codeBase="d:\Github\ModelRelief\ModelRelief.test\bin\Debug\netcoreapp2.0\ModelRelief.Test.dll" adapterTypeName="executor://xunit/VsTestRunner2/netcoreapp" className="ModelRelief.Test.Integration.Models.ModelsBaseIntegrationTests" name="Put_ValidReferencePropertyUpdatesModel" /></UnitTest><UnitTest name="GetFile_FileCanBeRoundTripped" storage="d:\github\modelrelief\modelrelief.test\bin\debug\netcoreapp2.0\modelrelief.test.dll" id="1b69f5d8-fa66-467e-acfd-5766d38d5a51"><Execution id="d061cc55-0de7-432b-b49d-5ff87cac3293" /><TestMethod codeBase="d:\Github\ModelRelief\ModelRelief.test\bin\Debug\netcoreapp2.0\ModelRelief.Test.dll" adapterTypeName="executor://xunit/VsTestRunner2/netcoreapp" className="ModelRelief.Test.Integration.Models.ModelsFileIntegrationTests" name="GetFile_FileCanBeRoundTripped" /></UnitTest><UnitTest name="Patch_InvalidPropertyNameReturnsBadRequest" storage="d:\github\modelrelief\modelrelief.test\bin\debug\netcoreapp2.0\modelrelief.test.dll" id="44adbe2c-8507-455e-871a-616b4b58e419"><Execution id="5ccd2da2-1aaf-4d30-9ee0-facae57a247d" /><TestMethod codeBase="d:\Github\ModelRelief\ModelRelief.test\bin\Debug\netcoreapp2.0\ModelRelief.Test.dll" adapterTypeName="executor://xunit/VsTestRunner2/netcoreapp" className="ModelRelief.Test.Integration.Models.ModelsBaseIntegrationTests" name="Patch_InvalidPropertyNameReturnsBadRequest" /></UnitTest><UnitTest name="Put_InvalidIdReturnsNotFound" storage="d:\github\modelrelief\modelrelief.test\bin\debug\netcoreapp2.0\modelrelief.test.dll" id="7c4a7b1b-aec2-44f8-8e15-cbdd21c49b53"><Execution id="554d4784-253a-4048-b7bf-3d8d70a31e30" /><TestMethod codeBase="d:\Github\ModelRelief\ModelRelief.test\bin\Debug\netcoreapp2.0\ModelRelief.Test.dll" adapterTypeName="executor://xunit/VsTestRunner2/netcoreapp" className="ModelRelief.Test.Integration.Cameras.CamerasBaseIntegrationTests" name="Put_InvalidIdReturnsNotFound" /></UnitTest><UnitTest name="Put_InvalidReferencePropertyReturndBadRequest" storage="d:\github\modelrelief\modelrelief.test\bin\debug\netcoreapp2.0\modelrelief.test.dll" id="4662c7ec-5bc6-4d83-a98d-ea01bcea3600"><Execution id="7cdd00f6-0073-4a3e-8877-3f566cb80b70" /><TestMethod codeBase="d:\Github\ModelRelief\ModelRelief.test\bin\Debug\netcoreapp2.0\ModelRelief.Test.dll" adapterTypeName="executor://xunit/VsTestRunner2/netcoreapp" className="ModelRelief.Test.Integration.Cameras.CamerasBaseIntegrationTests" name="Put_InvalidReferencePropertyReturndBadRequest" /></UnitTest><UnitTest name="PutFile_NewFileCanBePut" storage="d:\github\modelrelief\modelrelief.test\bin\debug\netcoreapp2.0\modelrelief.test.dll" id="f67f1752-b81d-4696-862f-80ab85680d2e"><Execution id="bdf03f5c-ede6-42cd-bf17-6bffca502257" /><TestMethod codeBase="d:\Github\ModelRelief\ModelRelief.test\bin\Debug\netcoreapp2.0\ModelRelief.Test.dll" adapterTypeName="executor://xunit/VsTestRunner2/netcoreapp" className="ModelRelief.Test.Integration.Models.ModelsFileIntegrationTests" name="PutFile_NewFileCanBePut" /></UnitTest><UnitTest name="Patch_InvalidIdPropertyReturnsNotFound" storage="d:\github\modelrelief\modelrelief.test\bin\debug\netcoreapp2.0\modelrelief.test.dll" id="f2ea312e-9b28-4b0e-ad70-7e37bd873b13"><Execution id="ed83a57d-c1ab-4c4b-bdac-97d45cb8cad1" /><TestMethod codeBase="d:\Github\ModelRelief\ModelRelief.test\bin\Debug\netcoreapp2.0\ModelRelief.Test.dll" adapterTypeName="executor://xunit/VsTestRunner2/netcoreapp" className="ModelRelief.Test.Integration.Cameras.CamerasBaseIntegrationTests" name="Patch_InvalidIdPropertyReturnsNotFound" /></UnitTest><UnitTest name="Post_InvalidPropertyValueReturnsBadRequest" storage="d:\github\modelrelief\modelrelief.test\bin\debug\netcoreapp2.0\modelrelief.test.dll" id="d4ff1c84-33a5-4e93-af79-128ccdf0f9cf"><Execution id="378f39ca-26df-4a46-953f-f7a5d90f1111" /><TestMethod codeBase="d:\Github\ModelRelief\ModelRelief.test\bin\Debug\netcoreapp2.0\ModelRelief.Test.dll" adapterTypeName="executor://xunit/VsTestRunner2/netcoreapp" className="ModelRelief.Test.Integration.Models.ModelsBaseIntegrationTests" name="Post_InvalidPropertyValueReturnsBadRequest" /></UnitTest><UnitTest name="Put_CanUpdateModel" storage="d:\github\modelrelief\modelrelief.test\bin\debug\netcoreapp2.0\modelrelief.test.dll" id="162f3114-0368-40f1-b882-572aba8d7244"><Execution id="2e0711ba-8f0c-4b3e-aa54-8d82436630f7" /><TestMethod codeBase="d:\Github\ModelRelief\ModelRelief.test\bin\Debug\netcoreapp2.0\ModelRelief.Test.dll" adapterTypeName="executor://xunit/VsTestRunner2/netcoreapp" className="ModelRelief.Test.Integration.DepthBuffers.DepthBuffersBaseIntegrationTests" name="Put_CanUpdateModel" /></UnitTest><UnitTest name="Post_ValidReferencePropertyCreatesModel" storage="d:\github\modelrelief\modelrelief.test\bin\debug\netcoreapp2.0\modelrelief.test.dll" id="2dcfa24d-b90a-4c37-8c4c-7d3b9e34f659"><Execution id="6156f839-ac6e-4294-b7af-cc08df92d337" /><TestMethod codeBase="d:\Github\ModelRelief\ModelRelief.test\bin\Debug\netcoreapp2.0\ModelRelief.Test.dll" adapterTypeName="executor://xunit/VsTestRunner2/netcoreapp" className="ModelRelief.Test.Integration.Projects.ProjectsBaseIntegrationTests" name="Post_ValidReferencePropertyCreatesModel" /></UnitTest><UnitTest name="Patch_ValidReferencePropertyUpdatesModel" storage="d:\github\modelrelief\modelrelief.test\bin\debug\netcoreapp2.0\modelrelief.test.dll" id="206646ca-1769-43c1-8469-add650f58286"><Execution id="7e1101b0-390f-42fa-af84-243f8072b9c8" /><TestMethod codeBase="d:\Github\ModelRelief\ModelRelief.test\bin\Debug\netcoreapp2.0\ModelRelief.Test.dll" adapterTypeName="executor://xunit/VsTestRunner2/netcoreapp" className="ModelRelief.Test.Integration.Cameras.CamerasBaseIntegrationTests" name="Patch_ValidReferencePropertyUpdatesModel" /></UnitTest><UnitTest name="Post_InvalidReferencePropertyReturnsBadRequest" storage="d:\github\modelrelief\modelrelief.test\bin\debug\netcoreapp2.0\modelrelief.test.dll" id="0ec2c428-46a2-40cf-bccd-a48cbcb77c5e"><Execution id="6f65b4dc-d47e-41b1-bb0a-36a5d8e90d81" /><TestMethod codeBase="d:\Github\ModelRelief\ModelRelief.test\bin\Debug\netcoreapp2.0\ModelRelief.Test.dll" adapterTypeName="executor://xunit/VsTestRunner2/netcoreapp" className="ModelRelief.Test.Integration.DepthBuffers.DepthBuffersBaseIntegrationTests" name="Post_InvalidReferencePropertyReturnsBadRequest" /></UnitTest><UnitTest name="GetSingle_ValidIdPropertyValueReturnsCorrectModel" storage="d:\github\modelrelief\modelrelief.test\bin\debug\netcoreapp2.0\modelrelief.test.dll" id="3f66285d-4c01-475d-b968-e255771fb42c"><Execution id="1edf5527-99a7-4c5c-a7a3-11d30e9b4114" /><TestMethod codeBase="d:\Github\ModelRelief\ModelRelief.test\bin\Debug\netcoreapp2.0\ModelRelief.Test.dll" adapterTypeName="executor://xunit/VsTestRunner2/netcoreapp" className="ModelRelief.Test.Integration.Meshes.MeshesBaseIntegrationTests" name="GetSingle_ValidIdPropertyValueReturnsCorrectModel" /></UnitTest><UnitTest name="Patch_InvalidPropertyNameReturnsBadRequest" storage="d:\github\modelrelief\modelrelief.test\bin\debug\netcoreapp2.0\modelrelief.test.dll" id="57dbb6c3-82e8-4d25-a834-6e41fae19f16"><Execution id="d162ed5d-c46f-4b12-870e-0b7bee5ec3d5" /><TestMethod codeBase="d:\Github\ModelRelief\ModelRelief.test\bin\Debug\netcoreapp2.0\ModelRelief.Test.dll" adapterTypeName="executor://xunit/VsTestRunner2/netcoreapp" className="ModelRelief.Test.Integration.Meshes.MeshesBaseIntegrationTests" name="Patch_InvalidPropertyNameReturnsBadRequest" /></UnitTest><UnitTest name="Patch_ValidReferencePropertyUpdatesModel" storage="d:\github\modelrelief\modelrelief.test\bin\debug\netcoreapp2.0\modelrelief.test.dll" id="666d92a3-637d-400c-8ec7-4796992961bc"><Execution id="86000816-2f50-4b35-b489-b175aaed8795" /><TestMethod codeBase="d:\Github\ModelRelief\ModelRelief.test\bin\Debug\netcoreapp2.0\ModelRelief.Test.dll" adapterTypeName="executor://xunit/VsTestRunner2/netcoreapp" className="ModelRelief.Test.Integration.Models.ModelsBaseIntegrationTests" name="Patch_ValidReferencePropertyUpdatesModel" /></UnitTest><UnitTest name="Post_InvalidReferencePropertyReturnsBadRequest" storage="d:\github\modelrelief\modelrelief.test\bin\debug\netcoreapp2.0\modelrelief.test.dll" id="077d7bc9-4129-4f51-aa3d-2ad192dd3810"><Execution id="75863dde-5e5b-4bc4-ada5-db437a173cf0" /><TestMethod codeBase="d:\Github\ModelRelief\ModelRelief.test\bin\Debug\netcoreapp2.0\ModelRelief.Test.dll" adapterTypeName="executor://xunit/VsTestRunner2/netcoreapp" className="ModelRelief.Test.Integration.Projects.ProjectsBaseIntegrationTests" name="Post_InvalidReferencePropertyReturnsBadRequest" /></UnitTest><UnitTest name="Put_CanUpdateModel" storage="d:\github\modelrelief\modelrelief.test\bin\debug\netcoreapp2.0\modelrelief.test.dll" id="d2bceff0-ed4a-4215-92de-ad5896040c6b"><Execution id="b6dc9115-c283-402e-afd4-760b672c078e" /><TestMethod codeBase="d:\Github\ModelRelief\ModelRelief.test\bin\Debug\netcoreapp2.0\ModelRelief.Test.dll" adapterTypeName="executor://xunit/VsTestRunner2/netcoreapp" className="ModelRelief.Test.Integration.Models.ModelsBaseIntegrationTests" name="Put_CanUpdateModel" /></UnitTest><UnitTest name="Put_ValidReferencePropertyUpdatesModel" storage="d:\github\modelrelief\modelrelief.test\bin\debug\netcoreapp2.0\modelrelief.test.dll" id="f795d50d-7f89-4b7b-936b-a74cdedce9c0"><Execution id="86f23d28-dde6-4046-9953-e4c5a7f89dd5" /><TestMethod codeBase="d:\Github\ModelRelief\ModelRelief.test\bin\Debug\netcoreapp2.0\ModelRelief.Test.dll" adapterTypeName="executor://xunit/VsTestRunner2/netcoreapp" className="ModelRelief.Test.Integration.Projects.ProjectsBaseIntegrationTests" name="Put_ValidReferencePropertyUpdatesModel" /></UnitTest><UnitTest name="GetFile_NonExistentFileReturnsNotFound" storage="d:\github\modelrelief\modelrelief.test\bin\debug\netcoreapp2.0\modelrelief.test.dll" id="b1c4f5c5-c4c7-4f74-8ff0-b0fc045c268b"><Execution id="d4b5fea3-9f4a-44e5-9a63-bf030f1959a5" /><TestMethod codeBase="d:\Github\ModelRelief\ModelRelief.test\bin\Debug\netcoreapp2.0\ModelRelief.Test.dll" adapterTypeName="executor://xunit/VsTestRunner2/netcoreapp" className="ModelRelief.Test.Integration.Meshes.MeshesFileIntegrationTests" name="GetFile_NonExistentFileReturnsNotFound" /></UnitTest><UnitTest name="Put_InvalidIdReturnsNotFound" storage="d:\github\modelrelief\modelrelief.test\bin\debug\netcoreapp2.0\modelrelief.test.dll" id="a9d920c2-00d0-4a13-b89d-e641850b9f1c"><Execution id="e280c951-fb92-4529-b728-cc94a20861e1" /><TestMethod codeBase="d:\Github\ModelRelief\ModelRelief.test\bin\Debug\netcoreapp2.0\ModelRelief.Test.dll" adapterTypeName="executor://xunit/VsTestRunner2/netcoreapp" className="ModelRelief.Test.Integration.Projects.ProjectsBaseIntegrationTests" name="Put_InvalidIdReturnsNotFound" /></UnitTest><UnitTest name="Post_CanCreateNewModel" storage="d:\github\modelrelief\modelrelief.test\bin\debug\netcoreapp2.0\modelrelief.test.dll" id="5c9dd9fb-eaf5-43bb-a6a0-019cc1abc00b"><Execution id="6f4f9449-aae0-4357-85ab-c89df94cf211" /><TestMethod codeBase="d:\Github\ModelRelief\ModelRelief.test\bin\Debug\netcoreapp2.0\ModelRelief.Test.dll" adapterTypeName="executor://xunit/VsTestRunner2/netcoreapp" className="ModelRelief.Test.Integration.Projects.ProjectsBaseIntegrationTests" name="Post_CanCreateNewModel" /></UnitTest><UnitTest name="DepthBufferHasExpectedDependentFiles" storage="d:\github\modelrelief\modelrelief.test\bin\debug\netcoreapp2.0\modelrelief.test.dll" id="fccead7c-7898-4c44-a9a6-45b002057d41"><Execution id="90fc1450-8592-4a2b-97a2-300932ac8e4b" /><TestMethod codeBase="d:\Github\ModelRelief\ModelRelief.test\bin\Debug\netcoreapp2.0\ModelRelief.Test.dll" adapterTypeName="executor://xunit/VsTestRunner2/netcoreapp" className="ModelRelief.Test.Unit.DependencyManager.DependencyManagerTests" name="DepthBufferHasExpectedDependentFiles" /></UnitTest><UnitTest name="Post_InvalidReferencePropertyReturnsBadRequest" storage="d:\github\modelrelief\modelrelief.test\bin\debug\netcoreapp2.0\modelrelief.test.dll" id="4aacc577-a445-48a7-ab95-35fd05875b99"><Execution id="155efeb8-25f7-4274-85c5-37b5654ccf58" /><TestMethod codeBase="d:\Github\ModelRelief\ModelRelief.test\bin\Debug\netcoreapp2.0\ModelRelief.Test.dll" adapterTypeName="executor://xunit/VsTestRunner2/netcoreapp" className="ModelRelief.Test.Integration.Models.ModelsBaseIntegrationTests" name="Post_InvalidReferencePropertyReturnsBadRequest" /></UnitTest><UnitTest name="GetFile_NonExistentFileReturnsNotFound" storage="d:\github\modelrelief\modelrelief.test\bin\debug\netcoreapp2.0\modelrelief.test.dll" id="e9e92935-dab8-426a-a28d-b66c85c7a5b0"><Execution id="80d6ed2f-28fd-45f1-8838-126277ffd313" /><TestMethod codeBase="d:\Github\ModelRelief\ModelRelief.test\bin\Debug\netcoreapp2.0\ModelRelief.Test.dll" adapterTypeName="executor://xunit/VsTestRunner2/netcoreapp" className="ModelRelief.Test.Integration.Models.ModelsFileIntegrationTests" name="GetFile_NonExistentFileReturnsNotFound" /></UnitTest><UnitTest name="Patch_MultipleInvalidReferencePropertiesReturnsMultipleValidationErrorsAndBadRequest" storage="d:\github\modelrelief\modelrelief.test\bin\debug\netcoreapp2.0\modelrelief.test.dll" id="75da44bc-5c9f-4486-b228-86c16e5dfa9c"><Execution id="caa78c33-5571-4c11-9c9a-69826dbaf680" /><TestMethod codeBase="d:\Github\ModelRelief\ModelRelief.test\bin\Debug\netcoreapp2.0\ModelRelief.Test.dll" adapterTypeName="executor://xunit/VsTestRunner2/netcoreapp" className="ModelRelief.Test.Integration.Models.ModelsBaseIntegrationTests" name="Patch_MultipleInvalidReferencePropertiesReturnsMultipleValidationErrorsAndBadRequest" /></UnitTest><UnitTest name="PostFile_FileIsSynchronizedIsUpdatedAfterFileIsPosted" storage="d:\github\modelrelief\modelrelief.test\bin\debug\netcoreapp2.0\modelrelief.test.dll" id="b87122fa-9da7-4653-abf4-9f2137756bf3"><Execution id="b9bae21d-0355-4619-b620-f4e6e95f80c1" /><TestMethod codeBase="d:\Github\ModelRelief\ModelRelief.test\bin\Debug\netcoreapp2.0\ModelRelief.Test.dll" adapterTypeName="executor://xunit/VsTestRunner2/netcoreapp" className="ModelRelief.Test.Integration.DepthBuffers.DepthBuffersFileIntegrationTests" name="PostFile_FileIsSynchronizedIsUpdatedAfterFileIsPosted" /></UnitTest><UnitTest name="GetSingle_ValidIdPropertyValueReturnsCorrectModel" storage="d:\github\modelrelief\modelrelief.test\bin\debug\netcoreapp2.0\modelrelief.test.dll" id="3f285dc2-63b3-4a8a-aaaf-a561baf634cf"><Execution id="98810e80-e08c-4adb-bb06-c10b26053969" /><TestMethod codeBase="d:\Github\ModelRelief\ModelRelief.test\bin\Debug\netcoreapp2.0\ModelRelief.Test.dll" adapterTypeName="executor://xunit/VsTestRunner2/netcoreapp" className="ModelRelief.Test.Integration.Models.ModelsBaseIntegrationTests" name="GetSingle_ValidIdPropertyValueReturnsCorrectModel" /></UnitTest><UnitTest name="Post_ValidReferencePropertyCreatesModel" storage="d:\github\modelrelief\modelrelief.test\bin\debug\netcoreapp2.0\modelrelief.test.dll" id="90e06987-5085-4ecb-84f3-86e5c065b506"><Execution id="f8c6c202-9b46-4200-99ef-e9964b477db3" /><TestMethod codeBase="d:\Github\ModelRelief\ModelRelief.test\bin\Debug\netcoreapp2.0\ModelRelief.Test.dll" adapterTypeName="executor://xunit/VsTestRunner2/netcoreapp" className="ModelRelief.Test.Integration.Meshes.MeshesBaseIntegrationTests" name="Post_ValidReferencePropertyCreatesModel" /></UnitTest><UnitTest name="GetFile_ExistingFileReturnsSuccess" storage="d:\github\modelrelief\modelrelief.test\bin\debug\netcoreapp2.0\modelrelief.test.dll" id="2fd85422-2723-4d90-b452-15b3c2c8e289"><Execution id="1769d3d7-e4bc-4175-a7a8-6b869ffe622b" /><TestMethod codeBase="d:\Github\ModelRelief\ModelRelief.test\bin\Debug\netcoreapp2.0\ModelRelief.Test.dll" adapterTypeName="executor://xunit/VsTestRunner2/netcoreapp" className="ModelRelief.Test.Integration.DepthBuffers.DepthBuffersFileIntegrationTests" name="GetFile_ExistingFileReturnsSuccess" /></UnitTest><UnitTest name="Patch_TargetPropertyIsUpdated" storage="d:\github\modelrelief\modelrelief.test\bin\debug\netcoreapp2.0\modelrelief.test.dll" id="5d782497-917d-4f36-b779-b4208b020d00"><Execution id="ff53d4a2-896e-4302-93c1-4bf1269463b4" /><TestMethod codeBase="d:\Github\ModelRelief\ModelRelief.test\bin\Debug\netcoreapp2.0\ModelRelief.Test.dll" adapterTypeName="executor://xunit/VsTestRunner2/netcoreapp" className="ModelRelief.Test.Integration.Projects.ProjectsBaseIntegrationTests" name="Patch_TargetPropertyIsUpdated" /></UnitTest><UnitTest name="Put_InvalidReferencePropertyReturndBadRequest" storage="d:\github\modelrelief\modelrelief.test\bin\debug\netcoreapp2.0\modelrelief.test.dll" id="da0cd510-d112-41cf-91a3-74958da22fbf"><Execution id="81900ea3-b55b-413a-840f-275cba82a616" /><TestMethod codeBase="d:\Github\ModelRelief\ModelRelief.test\bin\Debug\netcoreapp2.0\ModelRelief.Test.dll" adapterTypeName="executor://xunit/VsTestRunner2/netcoreapp" className="ModelRelief.Test.Integration.Projects.ProjectsBaseIntegrationTests" name="Put_InvalidReferencePropertyReturndBadRequest" /></UnitTest><UnitTest name="Post_InvalidPropertyValueReturnsBadRequest" storage="d:\github\modelrelief\modelrelief.test\bin\debug\netcoreapp2.0\modelrelief.test.dll" id="4f928127-8766-4ba4-861c-414d1a625218"><Execution id="73871185-bcba-4f1b-9db9-42f89d6cd46a" /><TestMethod codeBase="d:\Github\ModelRelief\ModelRelief.test\bin\Debug\netcoreapp2.0\ModelRelief.Test.dll" adapterTypeName="executor://xunit/VsTestRunner2/netcoreapp" className="ModelRelief.Test.Integration.Cameras.CamerasBaseIntegrationTests" name="Post_InvalidPropertyValueReturnsBadRequest" /></UnitTest><UnitTest name="Post_CanCreateNewModel" storage="d:\github\modelrelief\modelrelief.test\bin\debug\netcoreapp2.0\modelrelief.test.dll" id="d14c4492-db69-47e7-a652-507f36770950"><Execution id="09ee083d-1308-4c73-9c8c-894c5e917ac1" /><TestMethod codeBase="d:\Github\ModelRelief\ModelRelief.test\bin\Debug\netcoreapp2.0\ModelRelief.Test.dll" adapterTypeName="executor://xunit/VsTestRunner2/netcoreapp" className="ModelRelief.Test.Integration.Meshes.MeshesBaseIntegrationTests" name="Post_CanCreateNewModel" /></UnitTest><UnitTest name="GetList_ListReturnsCorrectCount" storage="d:\github\modelrelief\modelrelief.test\bin\debug\netcoreapp2.0\modelrelief.test.dll" id="1cf12e05-d38d-4d45-ac1d-9ef04487b409"><Execution id="74c5008e-b06f-472f-9d53-eb86c3c8169e" /><TestMethod codeBase="d:\Github\ModelRelief\ModelRelief.test\bin\Debug\netcoreapp2.0\ModelRelief.Test.dll" adapterTypeName="executor://xunit/VsTestRunner2/netcoreapp" className="ModelRelief.Test.Integration.Cameras.CamerasBaseIntegrationTests" name="GetList_ListReturnsCorrectCount" /></UnitTest><UnitTest name="GetFile_ExistingFileReturnsSuccess" storage="d:\github\modelrelief\modelrelief.test\bin\debug\netcoreapp2.0\modelrelief.test.dll" id="405b8ee8-7886-4bd9-a7c3-5f21b29eca64"><Execution id="abac6350-1e4b-4011-a2fa-99d883dd6435" /><TestMethod codeBase="d:\Github\ModelRelief\ModelRelief.test\bin\Debug\netcoreapp2.0\ModelRelief.Test.dll" adapterTypeName="executor://xunit/VsTestRunner2/netcoreapp" className="ModelRelief.Test.Integration.Meshes.MeshesFileIntegrationTests" name="GetFile_ExistingFileReturnsSuccess" /></UnitTest><UnitTest name="Post_ValidReferencePropertyCreatesModel" storage="d:\github\modelrelief\modelrelief.test\bin\debug\netcoreapp2.0\modelrelief.test.dll" id="0712ce5b-4775-48a6-ad10-2684943469e7"><Execution id="e90596cd-a69d-4d57-975c-6474cd069e12" /><TestMethod codeBase="d:\Github\ModelRelief\ModelRelief.test\bin\Debug\netcoreapp2.0\ModelRelief.Test.dll" adapterTypeName="executor://xunit/VsTestRunner2/netcoreapp" className="ModelRelief.Test.Integration.Cameras.CamerasBaseIntegrationTests" name="Post_ValidReferencePropertyCreatesModel" /></UnitTest><UnitTest name="Patch_InvalidReferencePropertyReturnsBadRequest" storage="d:\github\modelrelief\modelrelief.test\bin\debug\netcoreapp2.0\modelrelief.test.dll" id="578c89f2-28f8-43e5-9ea6-3744ecae41a7"><Execution id="777ee808-660d-4361-8ebc-46730a5f55e5" /><TestMethod codeBase="d:\Github\ModelRelief\ModelRelief.test\bin\Debug\netcoreapp2.0\ModelRelief.Test.dll" adapterTypeName="executor://xunit/VsTestRunner2/netcoreapp" className="ModelRelief.Test.Integration.Meshes.MeshesBaseIntegrationTests" name="Patch_InvalidReferencePropertyReturnsBadRequest" /></UnitTest><UnitTest name="Put_ValidReferencePropertyUpdatesModel" storage="d:\github\modelrelief\modelrelief.test\bin\debug\netcoreapp2.0\modelrelief.test.dll" id="acde137c-341e-4822-a299-b662aef2ef15"><Execution id="cf25d266-a314-4806-a793-9c444b4dea74" /><TestMethod codeBase="d:\Github\ModelRelief\ModelRelief.test\bin\Debug\netcoreapp2.0\ModelRelief.Test.dll" adapterTypeName="executor://xunit/VsTestRunner2/netcoreapp" className="ModelRelief.Test.Integration.Cameras.CamerasBaseIntegrationTests" name="Put_ValidReferencePropertyUpdatesModel" /></UnitTest><UnitTest name="Put_InvalidIdReturnsNotFound" storage="d:\github\modelrelief\modelrelief.test\bin\debug\netcoreapp2.0\modelrelief.test.dll" id="3a9b4c03-cdde-4127-90f7-d1b8f0e381b9"><Execution id="4f4c3f8e-fbd5-4690-9fe0-1be479d4e166" /><TestMethod codeBase="d:\Github\ModelRelief\ModelRelief.test\bin\Debug\netcoreapp2.0\ModelRelief.Test.dll" adapterTypeName="executor://xunit/VsTestRunner2/netcoreapp" className="ModelRelief.Test.Integration.Meshes.MeshesBaseIntegrationTests" name="Put_InvalidIdReturnsNotFound" /></UnitTest><UnitTest name="Patch_InvalidIdPropertyReturnsNotFound" storage="d:\github\modelrelief\modelrelief.test\bin\debug\netcoreapp2.0\modelrelief.test.dll" id="8a3eaef7-64ca-47e3-9e1c-b8e3a4b73ea1"><Execution id="6b0c986f-2882-4d84-9a16-02a75adddf09" /><TestMethod codeBase="d:\Github\ModelRelief\ModelRelief.test\bin\Debug\netcoreapp2.0\ModelRelief.Test.dll" adapterTypeName="executor://xunit/VsTestRunner2/netcoreapp" className="ModelRelief.Test.Integration.Projects.ProjectsBaseIntegrationTests" name="Patch_InvalidIdPropertyReturnsNotFound" /></UnitTest><UnitTest name="Patch_InvalidIdPropertyReturnsNotFound" storage="d:\github\modelrelief\modelrelief.test\bin\debug\netcoreapp2.0\modelrelief.test.dll" id="d04ccf6f-9fd3-45a5-9721-12fba41d8f94"><Execution id="58f85310-441a-454e-ae63-71846f261df2" /><TestMethod codeBase="d:\Github\ModelRelief\ModelRelief.test\bin\Debug\netcoreapp2.0\ModelRelief.Test.dll" adapterTypeName="executor://xunit/VsTestRunner2/netcoreapp" className="ModelRelief.Test.Integration.MeshTransforms.MeshTransformsBaseIntegrationTests" name="Patch_InvalidIdPropertyReturnsNotFound" /></UnitTest><UnitTest name="Patch_ValidReferencePropertyUpdatesModel" storage="d:\github\modelrelief\modelrelief.test\bin\debug\netcoreapp2.0\modelrelief.test.dll" id="10a9c284-3781-4949-8f01-96735de3eec7"><Execution id="c0f98872-8c7a-4ede-b615-ef88cada7ff4" /><TestMethod codeBase="d:\Github\ModelRelief\ModelRelief.test\bin\Debug\netcoreapp2.0\ModelRelief.Test.dll" adapterTypeName="executor://xunit/VsTestRunner2/netcoreapp" className="ModelRelief.Test.Integration.Meshes.MeshesBaseIntegrationTests" name="Patch_ValidReferencePropertyUpdatesModel" /></UnitTest><UnitTest name="Patch_InvalidEnumPropertyValueReturnsBadRequest" storage="d:\github\modelrelief\modelrelief.test\bin\debug\netcoreapp2.0\modelrelief.test.dll" id="5ea42e57-0c2e-4c5f-a3b8-71e9a73d718c"><Execution id="5d96f336-a7c4-4223-88c2-5b76f2ac0028" /><TestMethod codeBase="d:\Github\ModelRelief\ModelRelief.test\bin\Debug\netcoreapp2.0\ModelRelief.Test.dll" adapterTypeName="executor://xunit/VsTestRunner2/netcoreapp" className="ModelRelief.Test.Integration.MeshTransforms.MeshTransformsBaseIntegrationTests" name="Patch_InvalidEnumPropertyValueReturnsBadRequest" /></UnitTest><UnitTest name="GetList_ListReturnsCorrectCount" storage="d:\github\modelrelief\modelrelief.test\bin\debug\netcoreapp2.0\modelrelief.test.dll" id="13710f84-2091-48ca-960c-fe3681b94dcb"><Execution id="40f57ba3-994d-4728-b447-d2b9242c969f" /><TestMethod codeBase="d:\Github\ModelRelief\ModelRelief.test\bin\Debug\netcoreapp2.0\ModelRelief.Test.dll" adapterTypeName="executor://xunit/VsTestRunner2/netcoreapp" className="ModelRelief.Test.Integration.MeshTransforms.MeshTransformsBaseIntegrationTests" name="GetList_ListReturnsCorrectCount" /></UnitTest><UnitTest name="Patch_ValidReferencePropertyUpdatesModel" storage="d:\github\modelrelief\modelrelief.test\bin\debug\netcoreapp2.0\modelrelief.test.dll" id="70bdc398-2988-4d63-9b69-3cc6ab520203"><Execution id="beae9340-1561-47b4-bf41-0c0e2f950bb5" /><TestMethod codeBase="d:\Github\ModelRelief\ModelRelief.test\bin\Debug\netcoreapp2.0\ModelRelief.Test.dll" adapterTypeName="executor://xunit/VsTestRunner2/netcoreapp" className="ModelRelief.Test.Integration.MeshTransforms.MeshTransformsBaseIntegrationTests" name="Patch_ValidReferencePropertyUpdatesModel" /></UnitTest><UnitTest name="Patch_TargetPropertyIsUpdated" storage="d:\github\modelrelief\modelrelief.test\bin\debug\netcoreapp2.0\modelrelief.test.dll" id="a0fe23f8-dad3-4ab8-aa11-a9498a53de1a"><Execution id="d2efb85e-b11f-4de0-a2f5-77b1096153b3" /><TestMethod codeBase="d:\Github\ModelRelief\ModelRelief.test\bin\Debug\netcoreapp2.0\ModelRelief.Test.dll" adapterTypeName="executor://xunit/VsTestRunner2/netcoreapp" className="ModelRelief.Test.Integration.Models.ModelsBaseIntegrationTests" name="Patch_TargetPropertyIsUpdated" /></UnitTest><UnitTest name="GetSingle_ValidIdPropertyValueReturnsCorrectModel" storage="d:\github\modelrelief\modelrelief.test\bin\debug\netcoreapp2.0\modelrelief.test.dll" id="bf9cf245-a54b-4aa8-93f4-086dee5adbd9"><Execution id="63aa86f9-edcf-4d07-a9b9-2de79bd09496" /><TestMethod codeBase="d:\Github\ModelRelief\ModelRelief.test\bin\Debug\netcoreapp2.0\ModelRelief.Test.dll" adapterTypeName="executor://xunit/VsTestRunner2/netcoreapp" className="ModelRelief.Test.Integration.Cameras.CamerasBaseIntegrationTests" name="GetSingle_ValidIdPropertyValueReturnsCorrectModel" /></UnitTest><UnitTest name="FileRequest_DepthBufferIsInvalidatedAfterCameraDependencyPropertyChange" storage="d:\github\modelrelief\modelrelief.test\bin\debug\netcoreapp2.0\modelrelief.test.dll" id="a5785ca9-a60e-4e59-a63a-567de7c0b8f9"><Execution id="2107ccb4-d917-4b3f-aeb5-22f17308423d" /><TestMethod codeBase="d:\Github\ModelRelief\ModelRelief.test\bin\Debug\netcoreapp2.0\ModelRelief.Test.dll" adapterTypeName="executor://xunit/VsTestRunner2/netcoreapp" className="ModelRelief.Test.Integration.DepthBuffers.DepthBuffersFileIntegrationTests" name="FileRequest_DepthBufferIsInvalidatedAfterCameraDependencyPropertyChange" /></UnitTest><UnitTest name="Put_ValidReferencePropertyUpdatesModel" storage="d:\github\modelrelief\modelrelief.test\bin\debug\netcoreapp2.0\modelrelief.test.dll" id="9395a669-7176-45ae-9145-2ab1bb5bdfd8"><Execution id="8d889e32-af49-4207-951b-f8573d7e9e51" /><TestMethod codeBase="d:\Github\ModelRelief\ModelRelief.test\bin\Debug\netcoreapp2.0\ModelRelief.Test.dll" adapterTypeName="executor://xunit/VsTestRunner2/netcoreapp" className="ModelRelief.Test.Integration.DepthBuffers.DepthBuffersBaseIntegrationTests" name="Put_ValidReferencePropertyUpdatesModel" /></UnitTest><UnitTest name="PostFile_FileTimeStampIsUpdatedAfterFileIsPosted" storage="d:\github\modelrelief\modelrelief.test\bin\debug\netcoreapp2.0\modelrelief.test.dll" id="7a3b0d91-f720-42c3-874c-010467927f66"><Execution id="9d694390-d6f0-4a9d-b4b5-a7b0ba4992b4" /><TestMethod codeBase="d:\Github\ModelRelief\ModelRelief.test\bin\Debug\netcoreapp2.0\ModelRelief.Test.dll" adapterTypeName="executor://xunit/VsTestRunner2/netcoreapp" className="ModelRelief.Test.Integration.Models.ModelsFileIntegrationTests" name="PostFile_FileTimeStampIsUpdatedAfterFileIsPosted" /></UnitTest><UnitTest name="Put_InvalidReferencePropertyReturndBadRequest" storage="d:\github\modelrelief\modelrelief.test\bin\debug\netcoreapp2.0\modelrelief.test.dll" id="11b30c11-4ade-4c8a-8f62-2e9160206c2c"><Execution id="cde84902-f01d-4f4b-be99-9b6ebcb81749" /><TestMethod codeBase="d:\Github\ModelRelief\ModelRelief.test\bin\Debug\netcoreapp2.0\ModelRelief.Test.dll" adapterTypeName="executor://xunit/VsTestRunner2/netcoreapp" className="ModelRelief.Test.Integration.DepthBuffers.DepthBuffersBaseIntegrationTests" name="Put_InvalidReferencePropertyReturndBadRequest" /></UnitTest><UnitTest name="PostFile_NewFileCanBePosted" storage="d:\github\modelrelief\modelrelief.test\bin\debug\netcoreapp2.0\modelrelief.test.dll" id="31c77914-2dd0-44e6-9151-edd581661fb6"><Execution id="9360f615-c634-49e3-9ce5-653705d6bcb6" /><TestMethod codeBase="d:\Github\ModelRelief\ModelRelief.test\bin\Debug\netcoreapp2.0\ModelRelief.Test.dll" adapterTypeName="executor://xunit/VsTestRunner2/netcoreapp" className="ModelRelief.Test.Integration.Meshes.MeshesFileIntegrationTests" name="PostFile_NewFileCanBePosted" /></UnitTest><UnitTest name="Patch_ValidReferencePropertyUpdatesModel" storage="d:\github\modelrelief\modelrelief.test\bin\debug\netcoreapp2.0\modelrelief.test.dll" id="1514083b-8b82-4777-a761-682e40cfb6a9"><Execution id="c1418ce6-a86f-4627-a117-2cea938ac66b" /><TestMethod codeBase="d:\Github\ModelRelief\ModelRelief.test\bin\Debug\netcoreapp2.0\ModelRelief.Test.dll" adapterTypeName="executor://xunit/VsTestRunner2/netcoreapp" className="ModelRelief.Test.Integration.Projects.ProjectsBaseIntegrationTests" name="Patch_ValidReferencePropertyUpdatesModel" /></UnitTest><UnitTest name="PostFile_FileTimeStampIsUpdatedAfterFileIsPosted" storage="d:\github\modelrelief\modelrelief.test\bin\debug\netcoreapp2.0\modelrelief.test.dll" id="bb32f401-a3ec-4213-b0ed-8b40d88be6d6"><Execution id="f9dc0b6a-363f-405b-b13d-8ec68d71f6dd" /><TestMethod codeBase="d:\Github\ModelRelief\ModelRelief.test\bin\Debug\netcoreapp2.0\ModelRelief.Test.dll" adapterTypeName="executor://xunit/VsTestRunner2/netcoreapp" className="ModelRelief.Test.Integration.Meshes.MeshesFileIntegrationTests" name="PostFile_FileTimeStampIsUpdatedAfterFileIsPosted" /></UnitTest><UnitTest name="Post_InvalidPropertyValueReturnsBadRequest" storage="d:\github\modelrelief\modelrelief.test\bin\debug\netcoreapp2.0\modelrelief.test.dll" id="ebac828a-7a6f-4700-a054-438a96ff4a19"><Execution id="6148e371-d112-47f1-88e7-7a5af204963a" /><TestMethod codeBase="d:\Github\ModelRelief\ModelRelief.test\bin\Debug\netcoreapp2.0\ModelRelief.Test.dll" adapterTypeName="executor://xunit/VsTestRunner2/netcoreapp" className="ModelRelief.Test.Integration.Projects.ProjectsBaseIntegrationTests" name="Post_InvalidPropertyValueReturnsBadRequest" /></UnitTest><UnitTest name="GetSingle_InvalidIdPropertyValueReturnsNotFound" storage="d:\github\modelrelief\modelrelief.test\bin\debug\netcoreapp2.0\modelrelief.test.dll" id="6cafc687-49bd-4941-87af-fa530f84efa2"><Execution id="cbea5699-94b9-432f-8fde-22ce5ee1b558" /><TestMethod codeBase="d:\Github\ModelRelief\ModelRelief.test\bin\Debug\netcoreapp2.0\ModelRelief.Test.dll" adapterTypeName="executor://xunit/VsTestRunner2/netcoreapp" className="ModelRelief.Test.Integration.Meshes.MeshesBaseIntegrationTests" name="GetSingle_InvalidIdPropertyValueReturnsNotFound" /></UnitTest><UnitTest name="Patch_InvalidPropertyNameReturnsBadRequest" storage="d:\github\modelrelief\modelrelief.test\bin\debug\netcoreapp2.0\modelrelief.test.dll" id="303446a8-c166-4802-8e80-1870dd4bc1bc"><Execution id="e47ac884-c1b5-4cec-9d50-76d2ad9f9537" /><TestMethod codeBase="d:\Github\ModelRelief\ModelRelief.test\bin\Debug\netcoreapp2.0\ModelRelief.Test.dll" adapterTypeName="executor://xunit/VsTestRunner2/netcoreapp" className="ModelRelief.Test.Integration.Projects.ProjectsBaseIntegrationTests" name="Patch_InvalidPropertyNameReturnsBadRequest" /></UnitTest><UnitTest name="Post_CanCreateNewModel" storage="d:\github\modelrelief\modelrelief.test\bin\debug\netcoreapp2.0\modelrelief.test.dll" id="b137b558-3719-4c61-bbdb-44e395bfa259"><Execution id="c330c7eb-01ee-4cd1-b3af-7ef223ea31ed" /><TestMethod codeBase="d:\Github\ModelRelief\ModelRelief.test\bin\Debug\netcoreapp2.0\ModelRelief.Test.dll" adapterTypeName="executor://xunit/VsTestRunner2/netcoreapp" className="ModelRelief.Test.Integration.DepthBuffers.DepthBuffersBaseIntegrationTests" name="Post_CanCreateNewModel" /></UnitTest><UnitTest name="Delete_TargetModelIsDeleted" storage="d:\github\modelrelief\modelrelief.test\bin\debug\netcoreapp2.0\modelrelief.test.dll" id="194fc78e-3673-42f2-b1fd-39622d8a21f6"><Execution id="58bbf2b5-436d-4d89-bbe4-17ed5bf7d7f4" /><TestMethod codeBase="d:\Github\ModelRelief\ModelRelief.test\bin\Debug\netcoreapp2.0\ModelRelief.Test.dll" adapterTypeName="executor://xunit/VsTestRunner2/netcoreapp" className="ModelRelief.Test.Integration.Meshes.MeshesBaseIntegrationTests" name="Delete_TargetModelIsDeleted" /></UnitTest><UnitTest name="Patch_TargetPropertyIsUpdated" storage="d:\github\modelrelief\modelrelief.test\bin\debug\netcoreapp2.0\modelrelief.test.dll" id="b1fd559c-4d70-4707-93be-b08d6d7cdbfd"><Execution id="987c25cc-3dda-476f-b94a-2362bf0f0211" /><TestMethod codeBase="d:\Github\ModelRelief\ModelRelief.test\bin\Debug\netcoreapp2.0\ModelRelief.Test.dll" adapterTypeName="executor://xunit/VsTestRunner2/netcoreapp" className="ModelRelief.Test.Integration.DepthBuffers.DepthBuffersBaseIntegrationTests" name="Patch_TargetPropertyIsUpdated" /></UnitTest><UnitTest name="Post_InvalidReferencePropertyReturnsBadRequest" storage="d:\github\modelrelief\modelrelief.test\bin\debug\netcoreapp2.0\modelrelief.test.dll" id="2b961150-1bd8-46d4-a09b-5d016b6d1eaf"><Execution id="e58f6be9-ddaa-4fcf-8f64-eb1d92d500e6" /><TestMethod codeBase="d:\Github\ModelRelief\ModelRelief.test\bin\Debug\netcoreapp2.0\ModelRelief.Test.dll" adapterTypeName="executor://xunit/VsTestRunner2/netcoreapp" className="ModelRelief.Test.Integration.MeshTransforms.MeshTransformsBaseIntegrationTests" name="Post_InvalidReferencePropertyReturnsBadRequest" /></UnitTest><UnitTest name="GetFile_FileCanBeRoundTripped" storage="d:\github\modelrelief\modelrelief.test\bin\debug\netcoreapp2.0\modelrelief.test.dll" id="9ad7aac3-5b70-47dd-8ba0-04a54128ea25"><Execution id="d74c86ce-b9ef-4de4-a628-8292e97ac93f" /><TestMethod codeBase="d:\Github\ModelRelief\ModelRelief.test\bin\Debug\netcoreapp2.0\ModelRelief.Test.dll" adapterTypeName="executor://xunit/VsTestRunner2/netcoreapp" className="ModelRelief.Test.Integration.Meshes.MeshesFileIntegrationTests" name="GetFile_FileCanBeRoundTripped" /></UnitTest><UnitTest name="Post_ValidReferencePropertyCreatesModel" storage="d:\github\modelrelief\modelrelief.test\bin\debug\netcoreapp2.0\modelrelief.test.dll" id="b3fb8310-2ba9-4fcf-9a77-70548f01651a"><Execution id="ad329309-de4c-4694-8f5a-e44e8fe21c43" /><TestMethod codeBase="d:\Github\ModelRelief\ModelRelief.test\bin\Debug\netcoreapp2.0\ModelRelief.Test.dll" adapterTypeName="executor://xunit/VsTestRunner2/netcoreapp" className="ModelRelief.Test.Integration.DepthBuffers.DepthBuffersBaseIntegrationTests" name="Post_ValidReferencePropertyCreatesModel" /></UnitTest><UnitTest name="Patch_InvalidEnumPropertyValueReturnsBadRequest" storage="d:\github\modelrelief\modelrelief.test\bin\debug\netcoreapp2.0\modelrelief.test.dll" id="a2e3ce8c-db65-4c02-8653-83cd332a0eba"><Execution id="f3c5514b-beff-43e8-a349-da27e597aee2" /><TestMethod codeBase="d:\Github\ModelRelief\ModelRelief.test\bin\Debug\netcoreapp2.0\ModelRelief.Test.dll" adapterTypeName="executor://xunit/VsTestRunner2/netcoreapp" className="ModelRelief.Test.Integration.Meshes.MeshesBaseIntegrationTests" name="Patch_InvalidEnumPropertyValueReturnsBadRequest" /></UnitTest><UnitTest name="Patch_InvalidReferencePropertyReturnsBadRequest" storage="d:\github\modelrelief\modelrelief.test\bin\debug\netcoreapp2.0\modelrelief.test.dll" id="28fff268-5da8-417e-95be-80cde7d8ef53"><Execution id="68bce02b-dbe6-4059-ada8-7d8b44cbd9d3" /><TestMethod codeBase="d:\Github\ModelRelief\ModelRelief.test\bin\Debug\netcoreapp2.0\ModelRelief.Test.dll" adapterTypeName="executor://xunit/VsTestRunner2/netcoreapp" className="ModelRelief.Test.Integration.MeshTransforms.MeshTransformsBaseIntegrationTests" name="Patch_InvalidReferencePropertyReturnsBadRequest" /></UnitTest><UnitTest name="Patch_InvalidEnumPropertyValueReturnsBadRequest" storage="d:\github\modelrelief\modelrelief.test\bin\debug\netcoreapp2.0\modelrelief.test.dll" id="8896837c-2cca-4d0e-a6d7-d9a59c7cf484"><Execution id="6b73384f-aeae-4b43-9719-f81b169777f4" /><TestMethod codeBase="d:\Github\ModelRelief\ModelRelief.test\bin\Debug\netcoreapp2.0\ModelRelief.Test.dll" adapterTypeName="executor://xunit/VsTestRunner2/netcoreapp" className="ModelRelief.Test.Integration.Projects.ProjectsBaseIntegrationTests" name="Patch_InvalidEnumPropertyValueReturnsBadRequest" /></UnitTest><UnitTest name="LucyCameraFindsAllDependents" storage="d:\github\modelrelief\modelrelief.test\bin\debug\netcoreapp2.0\modelrelief.test.dll" id="21c1ca90-411b-47f8-b1d6-f75b74ff9273"><Execution id="c4ab63ab-74f5-4a25-ae50-a36582ae76a4" /><TestMethod codeBase="d:\Github\ModelRelief\ModelRelief.test\bin\Debug\netcoreapp2.0\ModelRelief.Test.dll" adapterTypeName="executor://xunit/VsTestRunner2/netcoreapp" className="ModelRelief.Test.Unit.DependencyManager.DependencyManagerTests" name="LucyCameraFindsAllDependents" /></UnitTest><UnitTest name="MeshTransformHasExpectedDependentFiles" storage="d:\github\modelrelief\modelrelief.test\bin\debug\netcoreapp2.0\modelrelief.test.dll" id="e6a5ce55-c078-490e-b72f-9063717bb375"><Execution id="f018379c-8c9c-4a00-9811-8b35e3f36eaa" /><TestMethod codeBase="d:\Github\ModelRelief\ModelRelief.test\bin\Debug\netcoreapp2.0\ModelRelief.Test.dll" adapterTypeName="executor://xunit/VsTestRunner2/netcoreapp" className="ModelRelief.Test.Unit.DependencyManager.DependencyManagerTests" name="MeshTransformHasExpectedDependentFiles" /></UnitTest><UnitTest name="Patch_InvalidEnumPropertyValueReturnsBadRequest" storage="d:\github\modelrelief\modelrelief.test\bin\debug\netcoreapp2.0\modelrelief.test.dll" id="aef86099-8758-4c7d-915b-48a2b1d81953"><Execution id="c8a293b5-9788-477e-bbdb-1d630b54c1df" /><TestMethod codeBase="d:\Github\ModelRelief\ModelRelief.test\bin\Debug\netcoreapp2.0\ModelRelief.Test.dll" adapterTypeName="executor://xunit/VsTestRunner2/netcoreapp" className="ModelRelief.Test.Integration.DepthBuffers.DepthBuffersBaseIntegrationTests" name="Patch_InvalidEnumPropertyValueReturnsBadRequest" /></UnitTest><UnitTest name="PostFile_NewFileCanBePosted" storage="d:\github\modelrelief\modelrelief.test\bin\debug\netcoreapp2.0\modelrelief.test.dll" id="4359e1f9-a62a-4cf9-8046-ae5caf16778c"><Execution id="7c8fdd3e-5b19-4ea0-9ff2-a5ec2ec9b616" /><TestMethod codeBase="d:\Github\ModelRelief\ModelRelief.test\bin\Debug\netcoreapp2.0\ModelRelief.Test.dll" adapterTypeName="executor://xunit/VsTestRunner2/netcoreapp" className="ModelRelief.Test.Integration.Models.ModelsFileIntegrationTests" name="PostFile_NewFileCanBePosted" /></UnitTest><UnitTest name="PutFile_FileCanBeUpdated" storage="d:\github\modelrelief\modelrelief.test\bin\debug\netcoreapp2.0\modelrelief.test.dll" id="83f9e38d-8c7d-4bce-9733-e688190b50c1"><Execution id="ccfc4ef4-1daa-4ede-b342-67694640571f" /><TestMethod codeBase="d:\Github\ModelRelief\ModelRelief.test\bin\Debug\netcoreapp2.0\ModelRelief.Test.dll" adapterTypeName="executor://xunit/VsTestRunner2/netcoreapp" className="ModelRelief.Test.Integration.Meshes.MeshesFileIntegrationTests" name="PutFile_FileCanBeUpdated" /></UnitTest><UnitTest name="Patch_InvalidReferencePropertyReturnsBadRequest" storage="d:\github\modelrelief\modelrelief.test\bin\debug\netcoreapp2.0\modelrelief.test.dll" id="0012441d-2566-4c1e-be9b-1058c4f20120"><Execution id="d246281c-b118-48b5-8478-085d7d344e47" /><TestMethod codeBase="d:\Github\ModelRelief\ModelRelief.test\bin\Debug\netcoreapp2.0\ModelRelief.Test.dll" adapterTypeName="executor://xunit/VsTestRunner2/netcoreapp" className="ModelRelief.Test.Integration.Projects.ProjectsBaseIntegrationTests" name="Patch_InvalidReferencePropertyReturnsBadRequest" /></UnitTest><UnitTest name="Patch_TargetPropertyIsUpdated" storage="d:\github\modelrelief\modelrelief.test\bin\debug\netcoreapp2.0\modelrelief.test.dll" id="b05db5b6-57f3-4061-a3f4-8589c1c0b4e5"><Execution id="8c84eb95-02d9-4961-ac11-2fb8de0ada82" /><TestMethod codeBase="d:\Github\ModelRelief\ModelRelief.test\bin\Debug\netcoreapp2.0\ModelRelief.Test.dll" adapterTypeName="executor://xunit/VsTestRunner2/netcoreapp" className="ModelRelief.Test.Integration.Cameras.CamerasBaseIntegrationTests" name="Patch_TargetPropertyIsUpdated" /></UnitTest><UnitTest name="Post_InvalidPropertyValueReturnsBadRequest" storage="d:\github\modelrelief\modelrelief.test\bin\debug\netcoreapp2.0\modelrelief.test.dll" id="de244bdb-fa4e-49bb-ace2-54997c5b88c4"><Execution id="663bd2f5-34a5-4236-96fd-6aa07313905c" /><TestMethod codeBase="d:\Github\ModelRelief\ModelRelief.test\bin\Debug\netcoreapp2.0\ModelRelief.Test.dll" adapterTypeName="executor://xunit/VsTestRunner2/netcoreapp" className="ModelRelief.Test.Integration.MeshTransforms.MeshTransformsBaseIntegrationTests" name="Post_InvalidPropertyValueReturnsBadRequest" /></UnitTest><UnitTest name="Post_ValidReferencePropertyCreatesModel" storage="d:\github\modelrelief\modelrelief.test\bin\debug\netcoreapp2.0\modelrelief.test.dll" id="d32c7edc-dd2f-4438-84a8-88eb2bcbec28"><Execution id="69c19db8-2dfe-4e47-8b29-3ad94ef8f1b2" /><TestMethod codeBase="d:\Github\ModelRelief\ModelRelief.test\bin\Debug\netcoreapp2.0\ModelRelief.Test.dll" adapterTypeName="executor://xunit/VsTestRunner2/netcoreapp" className="ModelRelief.Test.Integration.Models.ModelsBaseIntegrationTests" name="Post_ValidReferencePropertyCreatesModel" /></UnitTest><UnitTest name="GetSingle_InvalidIdPropertyValueReturnsNotFound" storage="d:\github\modelrelief\modelrelief.test\bin\debug\netcoreapp2.0\modelrelief.test.dll" id="60bb3c4a-6496-4f87-9396-8c18f0abea09"><Execution id="8ef347d4-0d98-47ef-8306-0eee70b728ca" /><TestMethod codeBase="d:\Github\ModelRelief\ModelRelief.test\bin\Debug\netcoreapp2.0\ModelRelief.Test.dll" adapterTypeName="executor://xunit/VsTestRunner2/netcoreapp" className="ModelRelief.Test.Integration.MeshTransforms.MeshTransformsBaseIntegrationTests" name="GetSingle_InvalidIdPropertyValueReturnsNotFound" /></UnitTest><UnitTest name="Patch_MultipleInvalidReferencePropertiesReturnsMultipleValidationErrorsAndBadRequest" storage="d:\github\modelrelief\modelrelief.test\bin\debug\netcoreapp2.0\modelrelief.test.dll" id="01b10c8b-72de-4065-9e22-7d7ca0b03f33"><Execution id="06c50dc7-b4aa-4703-b112-22ceebec7f32" /><TestMethod codeBase="d:\Github\ModelRelief\ModelRelief.test\bin\Debug\netcoreapp2.0\ModelRelief.Test.dll" adapterTypeName="executor://xunit/VsTestRunner2/netcoreapp" className="ModelRelief.Test.Integration.MeshTransforms.MeshTransformsBaseIntegrationTests" name="Patch_MultipleInvalidReferencePropertiesReturnsMultipleValidationErrorsAndBadRequest" /></UnitTest><UnitTest name="Post_CanCreateNewModel" storage="d:\github\modelrelief\modelrelief.test\bin\debug\netcoreapp2.0\modelrelief.test.dll" id="36c2db7e-5ea8-48eb-8415-78e201f4ce95"><Execution id="ee49d19b-efa8-4e23-a3c7-43fc70ecc080" /><TestMethod codeBase="d:\Github\ModelRelief\ModelRelief.test\bin\Debug\netcoreapp2.0\ModelRelief.Test.dll" adapterTypeName="executor://xunit/VsTestRunner2/netcoreapp" className="ModelRelief.Test.Integration.Models.ModelsBaseIntegrationTests" name="Post_CanCreateNewModel" /></UnitTest><UnitTest name="Patch_InvalidIdPropertyReturnsNotFound" storage="d:\github\modelrelief\modelrelief.test\bin\debug\netcoreapp2.0\modelrelief.test.dll" id="6c63172b-d60e-4a34-bd5d-1296d8de35cc"><Execution id="9522c530-d651-4263-90a1-9951952aad1e" /><TestMethod codeBase="d:\Github\ModelRelief\ModelRelief.test\bin\Debug\netcoreapp2.0\ModelRelief.Test.dll" adapterTypeName="executor://xunit/VsTestRunner2/netcoreapp" className="ModelRelief.Test.Integration.DepthBuffers.DepthBuffersBaseIntegrationTests" name="Patch_InvalidIdPropertyReturnsNotFound" /></UnitTest><UnitTest name="Patch_InvalidReferencePropertyReturnsBadRequest" storage="d:\github\modelrelief\modelrelief.test\bin\debug\netcoreapp2.0\modelrelief.test.dll" id="88f7ec22-05dd-4e08-8a0f-31b633634cde"><Execution id="a02d9fe7-a901-4865-a879-4c3616f124e3" /><TestMethod codeBase="d:\Github\ModelRelief\ModelRelief.test\bin\Debug\netcoreapp2.0\ModelRelief.Test.dll" adapterTypeName="executor://xunit/VsTestRunner2/netcoreapp" className="ModelRelief.Test.Integration.DepthBuffers.DepthBuffersBaseIntegrationTests" name="Patch_InvalidReferencePropertyReturnsBadRequest" /></UnitTest><UnitTest name="Patch_InvalidReferencePropertyReturnsBadRequest" storage="d:\github\modelrelief\modelrelief.test\bin\debug\netcoreapp2.0\modelrelief.test.dll" id="dbea6fce-a554-4afd-bb7e-c029d04f2882"><Execution id="5ff4f6a9-90d1-4800-8eed-7790625389f6" /><TestMethod codeBase="d:\Github\ModelRelief\ModelRelief.test\bin\Debug\netcoreapp2.0\ModelRelief.Test.dll" adapterTypeName="executor://xunit/VsTestRunner2/netcoreapp" className="ModelRelief.Test.Integration.Cameras.CamerasBaseIntegrationTests" name="Patch_InvalidReferencePropertyReturnsBadRequest" /></UnitTest><UnitTest name="Model3dHasExpectedDependentFiles" storage="d:\github\modelrelief\modelrelief.test\bin\debug\netcoreapp2.0\modelrelief.test.dll" id="e495f8ce-2ff9-4bca-869b-2cb9f8506d56"><Execution id="a0dbf4f5-1480-4f09-8d02-d14933404102" /><TestMethod codeBase="d:\Github\ModelRelief\ModelRelief.test\bin\Debug\netcoreapp2.0\ModelRelief.Test.dll" adapterTypeName="executor://xunit/VsTestRunner2/netcoreapp" className="ModelRelief.Test.Unit.DependencyManager.DependencyManagerTests" name="Model3dHasExpectedDependentFiles" /></UnitTest><UnitTest name="PostFile_NewFileCanBePosted" storage="d:\github\modelrelief\modelrelief.test\bin\debug\netcoreapp2.0\modelrelief.test.dll" id="81d51048-6afa-4fb0-ad19-7bd3f4a31dd2"><Execution id="8c71a89d-72d7-4bcf-a787-7a385aba3aeb" /><TestMethod codeBase="d:\Github\ModelRelief\ModelRelief.test\bin\Debug\netcoreapp2.0\ModelRelief.Test.dll" adapterTypeName="executor://xunit/VsTestRunner2/netcoreapp" className="ModelRelief.Test.Integration.DepthBuffers.DepthBuffersFileIntegrationTests" name="PostFile_NewFileCanBePosted" /></UnitTest><UnitTest name="Put_InvalidIdReturnsNotFound" storage="d:\github\modelrelief\modelrelief.test\bin\debug\netcoreapp2.0\modelrelief.test.dll" id="a39a73c4-c1db-4847-8882-c2022c92cbd5"><Execution id="90352177-763b-4ec5-9b30-4c9e15ee9a58" /><TestMethod codeBase="d:\Github\ModelRelief\ModelRelief.test\bin\Debug\netcoreapp2.0\ModelRelief.Test.dll" adapterTypeName="executor://xunit/VsTestRunner2/netcoreapp" className="ModelRelief.Test.Integration.Models.ModelsBaseIntegrationTests" name="Put_InvalidIdReturnsNotFound" /></UnitTest><UnitTest name="Put_InvalidReferencePropertyReturndBadRequest" storage="d:\github\modelrelief\modelrelief.test\bin\debug\netcoreapp2.0\modelrelief.test.dll" id="dc25c6d1-3e53-475b-87a3-64f269f18473"><Execution id="0eb6a230-d2e1-446f-92a9-00230c4a9b33" /><TestMethod codeBase="d:\Github\ModelRelief\ModelRelief.test\bin\Debug\netcoreapp2.0\ModelRelief.Test.dll" adapterTypeName="executor://xunit/VsTestRunner2/netcoreapp" className="ModelRelief.Test.Integration.Models.ModelsBaseIntegrationTests" name="Put_InvalidReferencePropertyReturndBadRequest" /></UnitTest><UnitTest name="Patch_InvalidIdPropertyReturnsNotFound" storage="d:\github\modelrelief\modelrelief.test\bin\debug\netcoreapp2.0\modelrelief.test.dll" id="ccf5f1a1-8253-4dac-a62d-91fc37b34f3a"><Execution id="c60f02c2-0722-4581-8024-59930921e387" /><TestMethod codeBase="d:\Github\ModelRelief\ModelRelief.test\bin\Debug\netcoreapp2.0\ModelRelief.Test.dll" adapterTypeName="executor://xunit/VsTestRunner2/netcoreapp" className="ModelRelief.Test.Integration.Models.ModelsBaseIntegrationTests" name="Patch_InvalidIdPropertyReturnsNotFound" /></UnitTest><UnitTest name="PutFile_NewFileCanBePut" storage="d:\github\modelrelief\modelrelief.test\bin\debug\netcoreapp2.0\modelrelief.test.dll" id="45110bcb-16e2-413c-a42b-a37b23499f73"><Execution id="cf9e6cdb-5745-4e6b-9d5c-849cfd0777e3" /><TestMethod codeBase="d:\Github\ModelRelief\ModelRelief.test\bin\Debug\netcoreapp2.0\ModelRelief.Test.dll" adapterTypeName="executor://xunit/VsTestRunner2/netcoreapp" className="ModelRelief.Test.Integration.DepthBuffers.DepthBuffersFileIntegrationTests" name="PutFile_NewFileCanBePut" /></UnitTest><UnitTest name="Patch_TargetPropertyIsUpdated" storage="d:\github\modelrelief\modelrelief.test\bin\debug\netcoreapp2.0\modelrelief.test.dll" id="c34ef668-7efa-4fc4-986c-143c67eb6aef"><Execution id="b685c273-840e-47f2-8554-6ad7f52656b7" /><TestMethod codeBase="d:\Github\ModelRelief\ModelRelief.test\bin\Debug\netcoreapp2.0\ModelRelief.Test.dll" adapterTypeName="executor://xunit/VsTestRunner2/netcoreapp" className="ModelRelief.Test.Integration.MeshTransforms.MeshTransformsBaseIntegrationTests" name="Patch_TargetPropertyIsUpdated" /></UnitTest><UnitTest name="GetFile_NonExistentFileReturnsNotFound" storage="d:\github\modelrelief\modelrelief.test\bin\debug\netcoreapp2.0\modelrelief.test.dll" id="d5d58792-0992-4fc1-bbde-42607a1437c3"><Execution id="2f14d13b-a5a3-4e9b-a5d0-e7ceae56e2bb" /><TestMethod codeBase="d:\Github\ModelRelief\ModelRelief.test\bin\Debug\netcoreapp2.0\ModelRelief.Test.dll" adapterTypeName="executor://xunit/VsTestRunner2/netcoreapp" className="ModelRelief.Test.Integration.DepthBuffers.DepthBuffersFileIntegrationTests" name="GetFile_NonExistentFileReturnsNotFound" /></UnitTest><UnitTest name="GetList_ListReturnsCorrectCount" storage="d:\github\modelrelief\modelrelief.test\bin\debug\netcoreapp2.0\modelrelief.test.dll" id="87c7f4d9-ce2e-4454-8b74-43a1ac4f23e4"><Execution id="ee8ffd24-363f-435e-9707-1f805d61d577" /><TestMethod codeBase="d:\Github\ModelRelief\ModelRelief.test\bin\Debug\netcoreapp2.0\ModelRelief.Test.dll" adapterTypeName="executor://xunit/VsTestRunner2/netcoreapp" className="ModelRelief.Test.Integration.DepthBuffers.DepthBuffersBaseIntegrationTests" name="GetList_ListReturnsCorrectCount" /></UnitTest><UnitTest name="Post_ValidReferencePropertyCreatesModel" storage="d:\github\modelrelief\modelrelief.test\bin\debug\netcoreapp2.0\modelrelief.test.dll" id="10cc5f87-fce4-4ed1-aa43-662081da3a03"><Execution id="98762ca8-b815-4dd9-8f00-b1c69d00ce91" /><TestMethod codeBase="d:\Github\ModelRelief\ModelRelief.test\bin\Debug\netcoreapp2.0\ModelRelief.Test.dll" adapterTypeName="executor://xunit/VsTestRunner2/netcoreapp" className="ModelRelief.Test.Integration.MeshTransforms.MeshTransformsBaseIntegrationTests" name="Post_ValidReferencePropertyCreatesModel" /></UnitTest></TestDefinitions><TestEntries><TestEntry testId="b1c4f5c5-c4c7-4f74-8ff0-b0fc045c268b" executionId="d4b5fea3-9f4a-44e5-9a63-bf030f1959a5" testListId="8c84fa94-04c1-424b-9868-57a2d4851a1d" /><TestEntry testId="d4ff1c84-33a5-4e93-af79-128ccdf0f9cf" executionId="378f39ca-26df-4a46-953f-f7a5d90f1111" testListId="8c84fa94-04c1-424b-9868-57a2d4851a1d" /><TestEntry testId="f67f1752-b81d-4696-862f-80ab85680d2e" executionId="bdf03f5c-ede6-42cd-bf17-6bffca502257" testListId="8c84fa94-04c1-424b-9868-57a2d4851a1d" /><TestEntry testId="8a3eaef7-64ca-47e3-9e1c-b8e3a4b73ea1" executionId="6b0c986f-2882-4d84-9a16-02a75adddf09" testListId="8c84fa94-04c1-424b-9868-57a2d4851a1d" /><TestEntry testId="f795d50d-7f89-4b7b-936b-a74cdedce9c0" executionId="86f23d28-dde6-4046-9953-e4c5a7f89dd5" testListId="8c84fa94-04c1-424b-9868-57a2d4851a1d" /><TestEntry testId="378e765f-46c2-4eb7-8290-fbb32cef5771" executionId="46c39083-a197-43db-bb7d-3f98ff964640" testListId="8c84fa94-04c1-424b-9868-57a2d4851a1d" /><TestEntry testId="01b10c8b-72de-4065-9e22-7d7ca0b03f33" executionId="06c50dc7-b4aa-4703-b112-22ceebec7f32" testListId="8c84fa94-04c1-424b-9868-57a2d4851a1d" /><TestEntry testId="10a9c284-3781-4949-8f01-96735de3eec7" executionId="c0f98872-8c7a-4ede-b615-ef88cada7ff4" testListId="8c84fa94-04c1-424b-9868-57a2d4851a1d" /><TestEntry testId="f2ea312e-9b28-4b0e-ad70-7e37bd873b13" executionId="ed83a57d-c1ab-4c4b-bdac-97d45cb8cad1" testListId="8c84fa94-04c1-424b-9868-57a2d4851a1d" /><TestEntry testId="303446a8-c166-4802-8e80-1870dd4bc1bc" executionId="e47ac884-c1b5-4cec-9d50-76d2ad9f9537" testListId="8c84fa94-04c1-424b-9868-57a2d4851a1d" /><TestEntry testId="a5785ca9-a60e-4e59-a63a-567de7c0b8f9" executionId="2107ccb4-d917-4b3f-aeb5-22f17308423d" testListId="8c84fa94-04c1-424b-9868-57a2d4851a1d" /><TestEntry testId="0f8c1202-d94f-47fc-acbb-50e5b7f105b7" executionId="92b8632f-8065-4366-b822-3a0ce65ad1b4" testListId="8c84fa94-04c1-424b-9868-57a2d4851a1d" /><TestEntry testId="dbd88ebd-4525-4e4a-b09c-076b946c2b42" executionId="c3d0dfa0-d781-4351-b758-cad44cf48b34" testListId="8c84fa94-04c1-424b-9868-57a2d4851a1d" /><TestEntry testId="ae0facd9-8e75-4d32-9f01-067d2c8f61b2" executionId="28fa3c6e-8a95-40b0-bc6d-3faaa859aae7" testListId="8c84fa94-04c1-424b-9868-57a2d4851a1d" /><TestEntry testId="f7b1dfbf-03db-4557-9152-580cc8dedf8e" executionId="f62fcfbd-12bc-415c-86fd-5409e6129297" testListId="8c84fa94-04c1-424b-9868-57a2d4851a1d" /><TestEntry testId="bb32f401-a3ec-4213-b0ed-8b40d88be6d6" executionId="f9dc0b6a-363f-405b-b13d-8ec68d71f6dd" testListId="8c84fa94-04c1-424b-9868-57a2d4851a1d" /><TestEntry testId="6dd52396-25ba-4d83-a7d9-8f59d4f81a50" executionId="197bc4d9-3c08-47a9-bb4f-98f44c769ce5" testListId="8c84fa94-04c1-424b-9868-57a2d4851a1d" /><TestEntry testId="194fc78e-3673-42f2-b1fd-39622d8a21f6" executionId="58bbf2b5-436d-4d89-bbe4-17ed5bf7d7f4" testListId="8c84fa94-04c1-424b-9868-57a2d4851a1d" /><TestEntry testId="3a9b4c03-cdde-4127-90f7-d1b8f0e381b9" executionId="4f4c3f8e-fbd5-4690-9fe0-1be479d4e166" testListId="8c84fa94-04c1-424b-9868-57a2d4851a1d" /><TestEntry testId="09fb68c0-f8b5-4ff0-af7e-d8d0ceec053c" executionId="abf00327-d2b5-488b-bb0c-12080da529ec" testListId="8c84fa94-04c1-424b-9868-57a2d4851a1d" /><TestEntry testId="57dbb6c3-82e8-4d25-a834-6e41fae19f16" executionId="d162ed5d-c46f-4b12-870e-0b7bee5ec3d5" testListId="8c84fa94-04c1-424b-9868-57a2d4851a1d" /><TestEntry testId="cc103188-c3c9-4eba-bdc2-5e80a4157341" executionId="dbb2221d-0612-4655-a000-820650ad8da0" testListId="8c84fa94-04c1-424b-9868-57a2d4851a1d" /><TestEntry testId="5c9dd9fb-eaf5-43bb-a6a0-019cc1abc00b" executionId="6f4f9449-aae0-4357-85ab-c89df94cf211" testListId="8c84fa94-04c1-424b-9868-57a2d4851a1d" /><TestEntry testId="6f20868b-3cf4-4f5d-a22a-0b49aa5ccc56" executionId="6b0296b4-c7f8-43e2-8bec-5c360fefc131" testListId="8c84fa94-04c1-424b-9868-57a2d4851a1d" /><TestEntry testId="ad7c8809-6f3c-42b8-8b39-d6c82b871c58" executionId="5befb6fd-029e-4e06-9008-a685ce6a8ad1" testListId="8c84fa94-04c1-424b-9868-57a2d4851a1d" /><TestEntry testId="de244bdb-fa4e-49bb-ace2-54997c5b88c4" executionId="663bd2f5-34a5-4236-96fd-6aa07313905c" testListId="8c84fa94-04c1-424b-9868-57a2d4851a1d" /><TestEntry testId="6bcede6b-e85c-45f4-a4ad-f375aee5ae4e" executionId="4f0beaf6-3de5-4068-a7f0-c9ef3acfba9f" testListId="8c84fa94-04c1-424b-9868-57a2d4851a1d" /><TestEntry testId="7c4a7b1b-aec2-44f8-8e15-cbdd21c49b53" executionId="554d4784-253a-4048-b7bf-3d8d70a31e30" testListId="8c84fa94-04c1-424b-9868-57a2d4851a1d" /><TestEntry testId="578c89f2-28f8-43e5-9ea6-3744ecae41a7" executionId="777ee808-660d-4361-8ebc-46730a5f55e5" testListId="8c84fa94-04c1-424b-9868-57a2d4851a1d" /><TestEntry testId="ccf43ce2-792d-4c6b-a771-9ccfd9c1ca08" executionId="fee46e22-d18f-44ac-96f9-112ff54066d7" testListId="8c84fa94-04c1-424b-9868-57a2d4851a1d" /><TestEntry testId="5d7f4ab9-cbb8-4eee-a47a-d82538deb875" executionId="706cca3f-dbba-4a7b-b270-13572d2fc385" testListId="8c84fa94-04c1-424b-9868-57a2d4851a1d" /><TestEntry testId="d4cdba19-02da-4213-b773-fd5575d6f1c1" executionId="3a40702c-3e1d-4f45-8d0c-e382977a54c0" testListId="8c84fa94-04c1-424b-9868-57a2d4851a1d" /><TestEntry testId="1b69f5d8-fa66-467e-acfd-5766d38d5a51" executionId="d061cc55-0de7-432b-b49d-5ff87cac3293" testListId="8c84fa94-04c1-424b-9868-57a2d4851a1d" /><TestEntry testId="bf9cf245-a54b-4aa8-93f4-086dee5adbd9" executionId="63aa86f9-edcf-4d07-a9b9-2de79bd09496" testListId="8c84fa94-04c1-424b-9868-57a2d4851a1d" /><TestEntry testId="631593d1-ef42-4988-8e1d-7b71d84324b3" executionId="dd1c0e56-46eb-48bd-ade0-af9f6789cf8e" testListId="8c84fa94-04c1-424b-9868-57a2d4851a1d" /><TestEntry testId="cc7cb83a-255d-4bef-ae0d-1dcf53db2cc5" executionId="8f85e14f-0f54-4019-958a-f1a30ac17410" testListId="8c84fa94-04c1-424b-9868-57a2d4851a1d" /><TestEntry testId="8fbc88f5-aa60-44cc-8be7-3bdd2a847b60" executionId="1bed17ca-1736-484d-94da-de9d9ec0419c" testListId="8c84fa94-04c1-424b-9868-57a2d4851a1d" /><TestEntry testId="da0cd510-d112-41cf-91a3-74958da22fbf" executionId="81900ea3-b55b-413a-840f-275cba82a616" testListId="8c84fa94-04c1-424b-9868-57a2d4851a1d" /><TestEntry testId="caf1bead-d433-4046-a09c-633ace9813bf" executionId="49f68ac2-ad5a-49c7-96f1-b27e2ece8db4" testListId="8c84fa94-04c1-424b-9868-57a2d4851a1d" /><TestEntry testId="9c1a6b8d-e985-4dfb-896e-90017f9d9bda" executionId="fd4a574c-dfff-409e-a118-c8cea7820a4e" testListId="8c84fa94-04c1-424b-9868-57a2d4851a1d" /><TestEntry testId="4359e1f9-a62a-4cf9-8046-ae5caf16778c" executionId="7c8fdd3e-5b19-4ea0-9ff2-a5ec2ec9b616" testListId="8c84fa94-04c1-424b-9868-57a2d4851a1d" /><TestEntry testId="13710f84-2091-48ca-960c-fe3681b94dcb" executionId="40f57ba3-994d-4728-b447-d2b9242c969f" testListId="8c84fa94-04c1-424b-9868-57a2d4851a1d" /><TestEntry testId="d14c4492-db69-47e7-a652-507f36770950" executionId="09ee083d-1308-4c73-9c8c-894c5e917ac1" testListId="8c84fa94-04c1-424b-9868-57a2d4851a1d" /><TestEntry testId="1cf12e05-d38d-4d45-ac1d-9ef04487b409" executionId="74c5008e-b06f-472f-9d53-eb86c3c8169e" testListId="8c84fa94-04c1-424b-9868-57a2d4851a1d" /><TestEntry testId="5d782497-917d-4f36-b779-b4208b020d00" executionId="ff53d4a2-896e-4302-93c1-4bf1269463b4" testListId="8c84fa94-04c1-424b-9868-57a2d4851a1d" /><TestEntry testId="666d92a3-637d-400c-8ec7-4796992961bc" executionId="86000816-2f50-4b35-b489-b175aaed8795" testListId="8c84fa94-04c1-424b-9868-57a2d4851a1d" /><TestEntry testId="206646ca-1769-43c1-8469-add650f58286" executionId="7e1101b0-390f-42fa-af84-243f8072b9c8" testListId="8c84fa94-04c1-424b-9868-57a2d4851a1d" /><TestEntry testId="a1cf270d-6008-46d4-a99e-395c7ac96ef9" executionId="68c09e47-7684-4590-81f4-bcad08310078" testListId="8c84fa94-04c1-424b-9868-57a2d4851a1d" /><TestEntry testId="2d9a4f56-acc0-472d-b37a-4a30862bb7c8" executionId="fedd4e7c-cee7-46ac-b702-604f1f1d66fd" testListId="8c84fa94-04c1-424b-9868-57a2d4851a1d" /><TestEntry testId="3f285dc2-63b3-4a8a-aaaf-a561baf634cf" executionId="98810e80-e08c-4adb-bb06-c10b26053969" testListId="8c84fa94-04c1-424b-9868-57a2d4851a1d" /><TestEntry testId="6c63172b-d60e-4a34-bd5d-1296d8de35cc" executionId="9522c530-d651-4263-90a1-9951952aad1e" testListId="8c84fa94-04c1-424b-9868-57a2d4851a1d" /><TestEntry testId="b5c648c5-80cb-4475-b981-11376f716714" executionId="b2bb92d5-6545-4a71-945d-3f5b51f2d4a3" testListId="8c84fa94-04c1-424b-9868-57a2d4851a1d" /><TestEntry testId="81d51048-6afa-4fb0-ad19-7bd3f4a31dd2" executionId="8c71a89d-72d7-4bcf-a787-7a385aba3aeb" testListId="8c84fa94-04c1-424b-9868-57a2d4851a1d" /><TestEntry testId="ebac828a-7a6f-4700-a054-438a96ff4a19" executionId="6148e371-d112-47f1-88e7-7a5af204963a" testListId="8c84fa94-04c1-424b-9868-57a2d4851a1d" /><TestEntry testId="c05f6cb1-438c-43bd-acb2-553bf32da118" executionId="6b2cf636-2132-4277-899f-f6e4dac97e89" testListId="8c84fa94-04c1-424b-9868-57a2d4851a1d" /><TestEntry testId="233170ba-837a-42bb-b328-bffc6a09f960" executionId="536c2a14-169b-454d-9b88-1d0fdc6bd5e1" testListId="8c84fa94-04c1-424b-9868-57a2d4851a1d" /><TestEntry testId="8896837c-2cca-4d0e-a6d7-d9a59c7cf484" executionId="6b73384f-aeae-4b43-9719-f81b169777f4" testListId="8c84fa94-04c1-424b-9868-57a2d4851a1d" /><TestEntry testId="fc90bbc7-f055-4a6b-89ea-df33a851349d" executionId="a7b79595-effe-4802-9c11-5047f17c11ae" testListId="8c84fa94-04c1-424b-9868-57a2d4851a1d" /><TestEntry testId="12e3f105-5ec3-4fe1-94bb-ed7c4a1f2dca" executionId="c323cd60-5aa5-46f8-b4e0-73a993942698" testListId="8c84fa94-04c1-424b-9868-57a2d4851a1d" /><TestEntry testId="dbea6fce-a554-4afd-bb7e-c029d04f2882" executionId="5ff4f6a9-90d1-4800-8eed-7790625389f6" testListId="8c84fa94-04c1-424b-9868-57a2d4851a1d" /><TestEntry testId="18b7a67d-a81b-4c02-ae7f-7372ee136de4" executionId="95df3f94-89e5-4b66-972a-2a04115aa2a3" testListId="8c84fa94-04c1-424b-9868-57a2d4851a1d" /><TestEntry testId="b1fd559c-4d70-4707-93be-b08d6d7cdbfd" executionId="987c25cc-3dda-476f-b94a-2362bf0f0211" testListId="8c84fa94-04c1-424b-9868-57a2d4851a1d" /><TestEntry testId="3f66285d-4c01-475d-b968-e255771fb42c" executionId="1edf5527-99a7-4c5c-a7a3-11d30e9b4114" testListId="8c84fa94-04c1-424b-9868-57a2d4851a1d" /><TestEntry testId="87c7f4d9-ce2e-4454-8b74-43a1ac4f23e4" executionId="ee8ffd24-363f-435e-9707-1f805d61d577" testListId="8c84fa94-04c1-424b-9868-57a2d4851a1d" /><TestEntry testId="44adbe2c-8507-455e-871a-616b4b58e419" executionId="5ccd2da2-1aaf-4d30-9ee0-facae57a247d" testListId="8c84fa94-04c1-424b-9868-57a2d4851a1d" /><TestEntry testId="31c77914-2dd0-44e6-9151-edd581661fb6" executionId="9360f615-c634-49e3-9ce5-653705d6bcb6" testListId="8c84fa94-04c1-424b-9868-57a2d4851a1d" /><TestEntry testId="c293db96-f7ac-4428-a448-6fcbf0510ad5" executionId="7af44aa5-0304-43c3-88fd-97da2358a54a" testListId="8c84fa94-04c1-424b-9868-57a2d4851a1d" /><TestEntry testId="75da44bc-5c9f-4486-b228-86c16e5dfa9c" executionId="caa78c33-5571-4c11-9c9a-69826dbaf680" testListId="8c84fa94-04c1-424b-9868-57a2d4851a1d" /><TestEntry testId="a0fe23f8-dad3-4ab8-aa11-a9498a53de1a" executionId="d2efb85e-b11f-4de0-a2f5-77b1096153b3" testListId="8c84fa94-04c1-424b-9868-57a2d4851a1d" /><TestEntry testId="60bb3c4a-6496-4f87-9396-8c18f0abea09" executionId="8ef347d4-0d98-47ef-8306-0eee70b728ca" testListId="8c84fa94-04c1-424b-9868-57a2d4851a1d" /><TestEntry testId="db4a5f7b-a01a-4d77-925d-18b2a9fbc397" executionId="2a7ebcbf-eddf-4775-b07b-76559b793bb4" testListId="8c84fa94-04c1-424b-9868-57a2d4851a1d" /><TestEntry testId="69c9abb1-79ba-488a-8777-99cc81593270" executionId="b2634c3f-2e55-4918-a040-0aa56ddf95da" testListId="8c84fa94-04c1-424b-9868-57a2d4851a1d" /><TestEntry testId="b3fb8310-2ba9-4fcf-9a77-70548f01651a" executionId="ad329309-de4c-4694-8f5a-e44e8fe21c43" testListId="8c84fa94-04c1-424b-9868-57a2d4851a1d" /><TestEntry testId="4aacc577-a445-48a7-ab95-35fd05875b99" executionId="155efeb8-25f7-4274-85c5-37b5654ccf58" testListId="8c84fa94-04c1-424b-9868-57a2d4851a1d" /><TestEntry testId="9ecbb40c-1b0e-49e8-b2e7-07383a5e263b" executionId="727783a9-21b2-44f3-8bfc-1fc2c5b40b86" testListId="8c84fa94-04c1-424b-9868-57a2d4851a1d" /><TestEntry testId="a39a73c4-c1db-4847-8882-c2022c92cbd5" executionId="90352177-763b-4ec5-9b30-4c9e15ee9a58" testListId="8c84fa94-04c1-424b-9868-57a2d4851a1d" /><TestEntry testId="f0de8c45-7804-49ae-872a-6ca73d531e1a" executionId="0aaa5b1b-493d-4453-81cf-8517552aef53" testListId="8c84fa94-04c1-424b-9868-57a2d4851a1d" /><TestEntry testId="aef86099-8758-4c7d-915b-48a2b1d81953" executionId="c8a293b5-9788-477e-bbdb-1d630b54c1df" testListId="8c84fa94-04c1-424b-9868-57a2d4851a1d" /><TestEntry testId="0c62fbca-dc13-4424-86bc-ec12dc2e69df" executionId="491b5961-41f0-407b-9cfd-e8947faa73e4" testListId="8c84fa94-04c1-424b-9868-57a2d4851a1d" /><TestEntry testId="a2e3ce8c-db65-4c02-8653-83cd332a0eba" executionId="f3c5514b-beff-43e8-a349-da27e597aee2" testListId="8c84fa94-04c1-424b-9868-57a2d4851a1d" /><TestEntry testId="21c1ca90-411b-47f8-b1d6-f75b74ff9273" executionId="c4ab63ab-74f5-4a25-ae50-a36582ae76a4" testListId="8c84fa94-04c1-424b-9868-57a2d4851a1d" /><TestEntry testId="45110bcb-16e2-413c-a42b-a37b23499f73" executionId="cf9e6cdb-5745-4e6b-9d5c-849cfd0777e3" testListId="8c84fa94-04c1-424b-9868-57a2d4851a1d" /><TestEntry testId="506fff64-1e90-443c-8e0c-9dc8c322260b" executionId="31aed823-9889-42fa-8c5f-2367c554ee50" testListId="8c84fa94-04c1-424b-9868-57a2d4851a1d" /><TestEntry testId="5ea42e57-0c2e-4c5f-a3b8-71e9a73d718c" executionId="5d96f336-a7c4-4223-88c2-5b76f2ac0028" testListId="8c84fa94-04c1-424b-9868-57a2d4851a1d" /><TestEntry testId="2fd85422-2723-4d90-b452-15b3c2c8e289" executionId="1769d3d7-e4bc-4175-a7a8-6b869ffe622b" testListId="8c84fa94-04c1-424b-9868-57a2d4851a1d" /><TestEntry testId="b05db5b6-57f3-4061-a3f4-8589c1c0b4e5" executionId="8c84eb95-02d9-4961-ac11-2fb8de0ada82" testListId="8c84fa94-04c1-424b-9868-57a2d4851a1d" /><TestEntry testId="e495f8ce-2ff9-4bca-869b-2cb9f8506d56" executionId="a0dbf4f5-1480-4f09-8d02-d14933404102" testListId="8c84fa94-04c1-424b-9868-57a2d4851a1d" /><TestEntry testId="0012441d-2566-4c1e-be9b-1058c4f20120" executionId="d246281c-b118-48b5-8478-085d7d344e47" testListId="8c84fa94-04c1-424b-9868-57a2d4851a1d" /><TestEntry testId="3304a435-794b-4b40-8d77-f0529b827aac" executionId="ea37c54c-8cb4-4665-9652-f826374c0fd0" testListId="8c84fa94-04c1-424b-9868-57a2d4851a1d" /><TestEntry testId="f1b02ccd-73a9-4233-a716-ed80fbbf29bc" executionId="bc1a2403-fa40-4c15-840f-799f01ef5a62" testListId="8c84fa94-04c1-424b-9868-57a2d4851a1d" /><TestEntry testId="78f24085-5875-4988-886b-bdfab1692159" executionId="96057212-255e-42e4-8770-30755b57f0c3" testListId="8c84fa94-04c1-424b-9868-57a2d4851a1d" /><TestEntry testId="e9e92935-dab8-426a-a28d-b66c85c7a5b0" executionId="80d6ed2f-28fd-45f1-8838-126277ffd313" testListId="8c84fa94-04c1-424b-9868-57a2d4851a1d" /><TestEntry testId="a9d920c2-00d0-4a13-b89d-e641850b9f1c" executionId="e280c951-fb92-4529-b728-cc94a20861e1" testListId="8c84fa94-04c1-424b-9868-57a2d4851a1d" /><TestEntry testId="fccead7c-7898-4c44-a9a6-45b002057d41" executionId="90fc1450-8592-4a2b-97a2-300932ac8e4b" testListId="8c84fa94-04c1-424b-9868-57a2d4851a1d" /><TestEntry testId="bf21c16a-4e81-412b-9a9f-0a5298808d5c" executionId="1300dc0f-0001-4e59-85f8-3f414129b961" testListId="8c84fa94-04c1-424b-9868-57a2d4851a1d" /><TestEntry testId="7a3b0d91-f720-42c3-874c-010467927f66" executionId="9d694390-d6f0-4a9d-b4b5-a7b0ba4992b4" testListId="8c84fa94-04c1-424b-9868-57a2d4851a1d" /><TestEntry testId="1a018032-c9c3-41e4-98ba-4bc1fb354905" executionId="4ea0aca4-e333-4d32-a0f3-658055091233" testListId="8c84fa94-04c1-424b-9868-57a2d4851a1d" /><TestEntry testId="1514083b-8b82-4777-a761-682e40cfb6a9" executionId="c1418ce6-a86f-4627-a117-2cea938ac66b" testListId="8c84fa94-04c1-424b-9868-57a2d4851a1d" /><TestEntry testId="70bdc398-2988-4d63-9b69-3cc6ab520203" executionId="beae9340-1561-47b4-bf41-0c0e2f950bb5" testListId="8c84fa94-04c1-424b-9868-57a2d4851a1d" /><TestEntry testId="36c2db7e-5ea8-48eb-8415-78e201f4ce95" executionId="ee49d19b-efa8-4e23-a3c7-43fc70ecc080" testListId="8c84fa94-04c1-424b-9868-57a2d4851a1d" /><TestEntry testId="405b8ee8-7886-4bd9-a7c3-5f21b29eca64" executionId="abac6350-1e4b-4011-a2fa-99d883dd6435" testListId="8c84fa94-04c1-424b-9868-57a2d4851a1d" /><TestEntry testId="077d7bc9-4129-4f51-aa3d-2ad192dd3810" executionId="75863dde-5e5b-4bc4-ada5-db437a173cf0" testListId="8c84fa94-04c1-424b-9868-57a2d4851a1d" /><TestEntry testId="83f9e38d-8c7d-4bce-9733-e688190b50c1" executionId="ccfc4ef4-1daa-4ede-b342-67694640571f" testListId="8c84fa94-04c1-424b-9868-57a2d4851a1d" /><TestEntry testId="d2bceff0-ed4a-4215-92de-ad5896040c6b" executionId="b6dc9115-c283-402e-afd4-760b672c078e" testListId="8c84fa94-04c1-424b-9868-57a2d4851a1d" /><TestEntry testId="37070e8f-b29f-4573-981b-96bbc440a56d" executionId="d2bd2e9c-9056-42ca-b1b8-a4af6df01859" testListId="8c84fa94-04c1-424b-9868-57a2d4851a1d" /><TestEntry testId="b87122fa-9da7-4653-abf4-9f2137756bf3" executionId="b9bae21d-0355-4619-b620-f4e6e95f80c1" testListId="8c84fa94-04c1-424b-9868-57a2d4851a1d" /><TestEntry testId="2b961150-1bd8-46d4-a09b-5d016b6d1eaf" executionId="e58f6be9-ddaa-4fcf-8f64-eb1d92d500e6" testListId="8c84fa94-04c1-424b-9868-57a2d4851a1d" /><TestEntry testId="10cc5f87-fce4-4ed1-aa43-662081da3a03" executionId="98762ca8-b815-4dd9-8f00-b1c69d00ce91" testListId="8c84fa94-04c1-424b-9868-57a2d4851a1d" /><TestEntry testId="88f7ec22-05dd-4e08-8a0f-31b633634cde" executionId="a02d9fe7-a901-4865-a879-4c3616f124e3" testListId="8c84fa94-04c1-424b-9868-57a2d4851a1d" /><TestEntry testId="4662c7ec-5bc6-4d83-a98d-ea01bcea3600" executionId="7cdd00f6-0073-4a3e-8877-3f566cb80b70" testListId="8c84fa94-04c1-424b-9868-57a2d4851a1d" /><TestEntry testId="0ec2c428-46a2-40cf-bccd-a48cbcb77c5e" executionId="6f65b4dc-d47e-41b1-bb0a-36a5d8e90d81" testListId="8c84fa94-04c1-424b-9868-57a2d4851a1d" /><TestEntry testId="c08f32d1-c5ca-47dd-a8e0-07c98ef4eb32" executionId="33dd25ad-32ff-4f0a-9c8e-e499537ea825" testListId="8c84fa94-04c1-424b-9868-57a2d4851a1d" /><TestEntry testId="9395a669-7176-45ae-9145-2ab1bb5bdfd8" executionId="8d889e32-af49-4207-951b-f8573d7e9e51" testListId="8c84fa94-04c1-424b-9868-57a2d4851a1d" /><TestEntry testId="e6a5ce55-c078-490e-b72f-9063717bb375" executionId="f018379c-8c9c-4a00-9811-8b35e3f36eaa" testListId="8c84fa94-04c1-424b-9868-57a2d4851a1d" /><TestEntry testId="1e873c8d-241b-4a9d-93ea-123919d08883" executionId="c1c60632-9e91-4f67-b440-33836bbe5f7e" testListId="8c84fa94-04c1-424b-9868-57a2d4851a1d" /><TestEntry testId="6d598977-c5d2-4764-a1e1-ed3eac0c5040" executionId="0a185fef-2d59-4fea-8b3f-ae9e82414364" testListId="8c84fa94-04c1-424b-9868-57a2d4851a1d" /><TestEntry testId="c34ef668-7efa-4fc4-986c-143c67eb6aef" executionId="b685c273-840e-47f2-8554-6ad7f52656b7" testListId="8c84fa94-04c1-424b-9868-57a2d4851a1d" /><TestEntry testId="5ed1e180-f2c8-4052-bbe2-57297d64240e" executionId="d96ce9a4-aaf5-40e7-8d88-367f2c6c8899" testListId="8c84fa94-04c1-424b-9868-57a2d4851a1d" /><TestEntry testId="acde137c-341e-4822-a299-b662aef2ef15" executionId="cf25d266-a314-4806-a793-9c444b4dea74" testListId="8c84fa94-04c1-424b-9868-57a2d4851a1d" /><TestEntry testId="471e2c9a-97f3-4fbe-84d5-3b77b6cb0c78" executionId="9f56bce4-af86-44d9-8595-a9855d53958f" testListId="8c84fa94-04c1-424b-9868-57a2d4851a1d" /><TestEntry testId="5a829398-775d-4cf0-b8a0-676589e40470" executionId="53677916-5c38-4938-ba6c-0cec6f87745d" testListId="8c84fa94-04c1-424b-9868-57a2d4851a1d" /><TestEntry testId="026dd04e-f932-4909-8fff-b43aeffb2272" executionId="1d0fe7bd-842c-4550-8c8d-f428f95dd840" testListId="8c84fa94-04c1-424b-9868-57a2d4851a1d" /><TestEntry testId="d32c7edc-dd2f-4438-84a8-88eb2bcbec28" executionId="69c19db8-2dfe-4e47-8b29-3ad94ef8f1b2" testListId="8c84fa94-04c1-424b-9868-57a2d4851a1d" /><TestEntry testId="11b30c11-4ade-4c8a-8f62-2e9160206c2c" executionId="cde84902-f01d-4f4b-be99-9b6ebcb81749" testListId="8c84fa94-04c1-424b-9868-57a2d4851a1d" /><TestEntry testId="b656e0bb-63d4-48ac-aeed-93b7ffb23381" executionId="e0dd136b-08fa-4ebd-92fe-a3bb7043c068" testListId="8c84fa94-04c1-424b-9868-57a2d4851a1d" /><TestEntry testId="1589293c-7433-4f1c-9de6-cf8cd8663c1a" executionId="b9f00cfd-6706-4733-85be-ea00e84c2a5a" testListId="8c84fa94-04c1-424b-9868-57a2d4851a1d" /><TestEntry testId="1725380c-efc6-4dd6-a834-4261fa7cc0ac" executionId="1fecc33c-05b9-483b-ac78-b62a755acce2" testListId="8c84fa94-04c1-424b-9868-57a2d4851a1d" /><TestEntry testId="c1e8af34-bf70-48c1-a501-014e80672fd9" executionId="6da21d8c-3a3a-4bd5-b138-98ecdab5c3c8" testListId="8c84fa94-04c1-424b-9868-57a2d4851a1d" /><TestEntry testId="c4b77995-0831-44af-a72c-4b2d383467f8" executionId="d73d3ce2-9872-4a49-aa2b-09af2ff0846a" testListId="8c84fa94-04c1-424b-9868-57a2d4851a1d" /><TestEntry testId="bdc6c7b3-9880-4478-99b0-29126aa61dc1" executionId="948ed6b6-fe25-4565-9e1e-2b9fe799c0cd" testListId="8c84fa94-04c1-424b-9868-57a2d4851a1d" /><TestEntry testId="3e983723-f752-4061-82ec-22451a2f8606" executionId="940df3bb-8ed4-4c7a-8b1e-5282c7938ab2" testListId="8c84fa94-04c1-424b-9868-57a2d4851a1d" /><TestEntry testId="2dcfa24d-b90a-4c37-8c4c-7d3b9e34f659" executionId="6156f839-ac6e-4294-b7af-cc08df92d337" testListId="8c84fa94-04c1-424b-9868-57a2d4851a1d" /><TestEntry testId="4f928127-8766-4ba4-861c-414d1a625218" executionId="73871185-bcba-4f1b-9db9-42f89d6cd46a" testListId="8c84fa94-04c1-424b-9868-57a2d4851a1d" /><TestEntry testId="85eec0e0-b1fa-4122-a198-f7cdb2c0bf35" executionId="b812cccc-146c-4950-865a-bf29f720b2db" testListId="8c84fa94-04c1-424b-9868-57a2d4851a1d" /><TestEntry testId="d5d58792-0992-4fc1-bbde-42607a1437c3" executionId="2f14d13b-a5a3-4e9b-a5d0-e7ceae56e2bb" testListId="8c84fa94-04c1-424b-9868-57a2d4851a1d" /><TestEntry testId="80c6fbdd-cd35-4934-b25d-95e33c2ae6fa" executionId="86fc7462-9344-4e2d-9fe7-c1f254d0aec6" testListId="8c84fa94-04c1-424b-9868-57a2d4851a1d" /><TestEntry testId="d04ccf6f-9fd3-45a5-9721-12fba41d8f94" executionId="58f85310-441a-454e-ae63-71846f261df2" testListId="8c84fa94-04c1-424b-9868-57a2d4851a1d" /><TestEntry testId="b137b558-3719-4c61-bbdb-44e395bfa259" executionId="c330c7eb-01ee-4cd1-b3af-7ef223ea31ed" testListId="8c84fa94-04c1-424b-9868-57a2d4851a1d" /><TestEntry testId="0b8a118f-b4a9-4a25-934b-df7376424e49" executionId="1e72aae1-cda2-421a-8e41-86fef3a04834" testListId="8c84fa94-04c1-424b-9868-57a2d4851a1d" /><TestEntry testId="19fd350c-70e0-445e-b14b-09eb020b724b" executionId="fa2f61b0-f85a-4bba-9dcf-e8233d478130" testListId="8c84fa94-04c1-424b-9868-57a2d4851a1d" /><TestEntry testId="28fff268-5da8-417e-95be-80cde7d8ef53" executionId="68bce02b-dbe6-4059-ada8-7d8b44cbd9d3" testListId="8c84fa94-04c1-424b-9868-57a2d4851a1d" /><TestEntry testId="dc25c6d1-3e53-475b-87a3-64f269f18473" executionId="0eb6a230-d2e1-446f-92a9-00230c4a9b33" testListId="8c84fa94-04c1-424b-9868-57a2d4851a1d" /><TestEntry testId="8a9efc17-d39b-4eb0-8d58-d64a2f21b24f" executionId="78d6a9df-6de1-4061-9e71-074916ba5dec" testListId="8c84fa94-04c1-424b-9868-57a2d4851a1d" /><TestEntry testId="ccf5f1a1-8253-4dac-a62d-91fc37b34f3a" executionId="c60f02c2-0722-4581-8024-59930921e387" testListId="8c84fa94-04c1-424b-9868-57a2d4851a1d" /><TestEntry testId="0712ce5b-4775-48a6-ad10-2684943469e7" executionId="e90596cd-a69d-4d57-975c-6474cd069e12" testListId="8c84fa94-04c1-424b-9868-57a2d4851a1d" /><TestEntry testId="047f8e8b-0b36-40fc-913f-dfaf4b11411a" executionId="9082efa1-a7e6-469e-89d2-d14a292553cd" testListId="8c84fa94-04c1-424b-9868-57a2d4851a1d" /><TestEntry testId="9ad7aac3-5b70-47dd-8ba0-04a54128ea25" executionId="d74c86ce-b9ef-4de4-a628-8292e97ac93f" testListId="8c84fa94-04c1-424b-9868-57a2d4851a1d" /><TestEntry testId="90e06987-5085-4ecb-84f3-86e5c065b506" executionId="f8c6c202-9b46-4200-99ef-e9964b477db3" testListId="8c84fa94-04c1-424b-9868-57a2d4851a1d" /><TestEntry testId="5f566963-dd19-4646-bffa-a41e326f854e" executionId="f29fd249-7ba1-4950-acfc-e8eceb6a8fac" testListId="8c84fa94-04c1-424b-9868-57a2d4851a1d" /><TestEntry testId="6cafc687-49bd-4941-87af-fa530f84efa2" executionId="cbea5699-94b9-432f-8fde-22ce5ee1b558" testListId="8c84fa94-04c1-424b-9868-57a2d4851a1d" /><TestEntry testId="162f3114-0368-40f1-b882-572aba8d7244" executionId="2e0711ba-8f0c-4b3e-aa54-8d82436630f7" testListId="8c84fa94-04c1-424b-9868-57a2d4851a1d" /></TestEntries><TestLists><TestList name="Results Not in a List" id="8c84fa94-04c1-424b-9868-57a2d4851a1d" /><TestList name="All Loaded Results" id="19431567-8539-422a-85d7-44ee4e166bda" /></TestLists><ResultSummary outcome="Completed"><Counters total="151" executed="151" passed="151" failed="0" error="0" timeout="0" aborted="0" inconclusive="0" passedButRunAborted="0" notRunnable="0" notExecuted="0" disconnected="0" warning="0" completed="0" inProgress="0" pending="0" /><Output><StdOut>[xUnit.net 00:00:01.1303692]   Discovering: ModelRelief.Test[xUnit.net 00:00:01.2487030]   Discovered:  ModelRelief.Test[xUnit.net 00:00:01.2539888]   Starting:    ModelRelief.Test[xUnit.net 00:00:23.9230161]   Finished:    ModelRelief.Test</StdOut></Output></ResultSummary></TestRun>