<?xml version="1.0" encoding="utf-8"?><TestRun id="7642fe2a-b54c-482c-b96e-20d9a81a5275" name="Steve Knipmeyer@VECTOR 2018-07-24 11:08:30" runUser="VECTOR\Steve Knipmeyer" xmlns="http://microsoft.com/schemas/VisualStudio/TeamTest/2010"><Times creation="2018-07-24T11:08:30.9793405-04:00" queuing="2018-07-24T11:08:30.9793609-04:00" start="2018-07-24T11:08:26.3758703-04:00" finish="2018-07-24T11:08:46.3649503-04:00" /><TestSettings name="default" id="fd75e2de-7877-4d4f-94b4-42b50a7ba72b"><Deployment runDeploymentRoot="Steve_Knipmeyer_VECTOR_2018-07-24_11_08_30" /></TestSettings><Results><UnitTestResult executionId="e402b6bf-f541-48c2-b60a-d6a861c99659" testId="6dd34532-29a4-4a63-8e9a-5c4f131f9341" testName="GetFile_ExistingFileReturnsSuccess" computerName="VECTOR" duration="00:00:00.0160000" startTime="2018-07-24T11:08:38.2851363-04:00" endTime="2018-07-24T11:08:38.2851434-04:00" testType="13cdc9d9-ddb5-4fa4-a97d-d965ccfc6d4b" outcome="Passed" testListId="8c84fa94-04c1-424b-9868-57a2d4851a1d" relativeResultsDirectory="e402b6bf-f541-48c2-b60a-d6a861c99659" /><UnitTestResult executionId="7848af48-9976-4092-b9de-e759e56af4c8" testId="001cb43e-7c98-4ebe-9d5e-30098a373213" testName="Put_ValidReferencePropertyUpdatesModel" computerName="VECTOR" duration="00:00:00.0030000" startTime="2018-07-24T11:08:31.7226484-04:00" endTime="2018-07-24T11:08:31.7226558-04:00" testType="13cdc9d9-ddb5-4fa4-a97d-d965ccfc6d4b" outcome="Passed" testListId="8c84fa94-04c1-424b-9868-57a2d4851a1d" relativeResultsDirectory="7848af48-9976-4092-b9de-e759e56af4c8" /><UnitTestResult executionId="26e3850c-ccb2-4e06-b0e9-da9bc9d7c257" testId="bdfc1ef6-befa-4175-8c6b-d004127b00fe" testName="GetSingle_InvalidIdPropertyValueReturnsNotFound" computerName="VECTOR" duration="00:00:00.0110000" startTime="2018-07-24T11:08:31.7983550-04:00" endTime="2018-07-24T11:08:31.7983633-04:00" testType="13cdc9d9-ddb5-4fa4-a97d-d965ccfc6d4b" outcome="Passed" testListId="8c84fa94-04c1-424b-9868-57a2d4851a1d" relativeResultsDirectory="26e3850c-ccb2-4e06-b0e9-da9bc9d7c257" /><UnitTestResult executionId="1ec5114f-08f2-44e7-bdad-59739265df28" testId="37554f5c-5e02-44e6-9c60-6ebac26e27e2" testName="PutFile_NewFileCanBePut" computerName="VECTOR" duration="00:00:00.1030000" startTime="2018-07-24T11:08:36.4234517-04:00" endTime="2018-07-24T11:08:36.4234591-04:00" testType="13cdc9d9-ddb5-4fa4-a97d-d965ccfc6d4b" outcome="Passed" testListId="8c84fa94-04c1-424b-9868-57a2d4851a1d" relativeResultsDirectory="1ec5114f-08f2-44e7-bdad-59739265df28" /><UnitTestResult executionId="f3a0c9a3-c1db-40ab-b0ab-b71be267fcff" testId="6f96feb8-2e50-4fd5-8eac-5e040e761c59" testName="Put_InvalidIdReturnsNotFound" computerName="VECTOR" duration="00:00:00.0160000" startTime="2018-07-24T11:08:43.4406028-04:00" endTime="2018-07-24T11:08:43.4406099-04:00" testType="13cdc9d9-ddb5-4fa4-a97d-d965ccfc6d4b" outcome="Passed" testListId="8c84fa94-04c1-424b-9868-57a2d4851a1d" relativeResultsDirectory="f3a0c9a3-c1db-40ab-b0ab-b71be267fcff" /><UnitTestResult executionId="f94cb8a2-8266-4250-b681-771e6a3756c4" testId="94f8afb8-244b-436e-b3d7-4274fa5037dc" testName="Post_CanCreateNewModel" computerName="VECTOR" duration="00:00:00.0140000" startTime="2018-07-24T11:08:36.1765227-04:00" endTime="2018-07-24T11:08:36.1765295-04:00" testType="13cdc9d9-ddb5-4fa4-a97d-d965ccfc6d4b" outcome="Passed" testListId="8c84fa94-04c1-424b-9868-57a2d4851a1d" relativeResultsDirectory="f94cb8a2-8266-4250-b681-771e6a3756c4" /><UnitTestResult executionId="fed420dc-fc8a-45b0-9e0b-b505dde3c818" testId="edd6bb02-2385-4d3b-b295-4fb025838930" testName="Post_ValidReferencePropertyCreatesModel" computerName="VECTOR" duration="00:00:00.0160000" startTime="2018-07-24T11:08:43.5238338-04:00" endTime="2018-07-24T11:08:43.5238415-04:00" testType="13cdc9d9-ddb5-4fa4-a97d-d965ccfc6d4b" outcome="Passed" testListId="8c84fa94-04c1-424b-9868-57a2d4851a1d" relativeResultsDirectory="fed420dc-fc8a-45b0-9e0b-b505dde3c818" /><UnitTestResult executionId="e3ecc522-1bb7-4cf8-873d-9caab90d64ec" testId="4ba8fe36-3526-4782-88fb-ccf864472617" testName="Post_InvalidReferencePropertyReturnsBadRequest" computerName="VECTOR" duration="00:00:00.0080000" startTime="2018-07-24T11:08:45.8206911-04:00" endTime="2018-07-24T11:08:45.8207005-04:00" testType="13cdc9d9-ddb5-4fa4-a97d-d965ccfc6d4b" outcome="Passed" testListId="8c84fa94-04c1-424b-9868-57a2d4851a1d" relativeResultsDirectory="e3ecc522-1bb7-4cf8-873d-9caab90d64ec" /><UnitTestResult executionId="ecf96643-83c7-4338-aadd-a618a05e1ddd" testId="31d52cb4-a458-4665-ac63-fa78774e9643" testName="Patch_InvalidPropertyNameReturnsBadRequest" computerName="VECTOR" duration="00:00:00.5280000" startTime="2018-07-24T11:08:31.3063623-04:00" endTime="2018-07-24T11:08:31.3063702-04:00" testType="13cdc9d9-ddb5-4fa4-a97d-d965ccfc6d4b" outcome="Passed" testListId="8c84fa94-04c1-424b-9868-57a2d4851a1d" relativeResultsDirectory="ecf96643-83c7-4338-aadd-a618a05e1ddd" /><UnitTestResult executionId="8c1e19ae-c3cb-46a9-ad00-092c75cbef7c" testId="2e8ff413-7a7e-466d-9a87-e2937c1642cf" testName="DepthBufferHasExpectedDependentFiles" computerName="VECTOR" duration="00:00:00.0010000" startTime="2018-07-24T11:08:30.7647936-04:00" endTime="2018-07-24T11:08:30.7647970-04:00" testType="13cdc9d9-ddb5-4fa4-a97d-d965ccfc6d4b" outcome="Passed" testListId="8c84fa94-04c1-424b-9868-57a2d4851a1d" relativeResultsDirectory="8c1e19ae-c3cb-46a9-ad00-092c75cbef7c" /><UnitTestResult executionId="8badf6af-b222-420f-91c2-af670bc47b64" testId="1d629a3c-4eab-481a-bbe8-948d008f3e6b" testName="Delete_TargetModelIsDeleted" computerName="VECTOR" duration="00:00:00.1130000" startTime="2018-07-24T11:08:33.6190010-04:00" endTime="2018-07-24T11:08:33.6190078-04:00" testType="13cdc9d9-ddb5-4fa4-a97d-d965ccfc6d4b" outcome="Passed" testListId="8c84fa94-04c1-424b-9868-57a2d4851a1d" relativeResultsDirectory="8badf6af-b222-420f-91c2-af670bc47b64" /><UnitTestResult executionId="1128d79e-74b9-4254-90f7-3ba3be1dff51" testId="9d2baf95-f838-4e89-82ff-c98dbc63a8ad" testName="GetFile_NonExistentFileReturnsNotFound" computerName="VECTOR" duration="00:00:00.0050000" startTime="2018-07-24T11:08:45.3254183-04:00" endTime="2018-07-24T11:08:45.3254257-04:00" testType="13cdc9d9-ddb5-4fa4-a97d-d965ccfc6d4b" outcome="Passed" testListId="8c84fa94-04c1-424b-9868-57a2d4851a1d" relativeResultsDirectory="1128d79e-74b9-4254-90f7-3ba3be1dff51" /><UnitTestResult executionId="32b7bbb2-21d1-4f35-ab64-0ee35de93466" testId="4d955f90-e666-41f4-aa54-8887c699b1f1" testName="PostFile_NewFileCanBePosted" computerName="VECTOR" duration="00:00:00.0550000" startTime="2018-07-24T11:08:33.2607824-04:00" endTime="2018-07-24T11:08:33.2607883-04:00" testType="13cdc9d9-ddb5-4fa4-a97d-d965ccfc6d4b" outcome="Passed" testListId="8c84fa94-04c1-424b-9868-57a2d4851a1d" relativeResultsDirectory="32b7bbb2-21d1-4f35-ab64-0ee35de93466" /><UnitTestResult executionId="ee8ee914-6980-4681-b613-0d25b6cbeb9b" testId="75e2c993-3b15-400c-b276-9b12c79d3990" testName="Patch_TargetPropertyIsUpdated" computerName="VECTOR" duration="00:00:00.0390000" startTime="2018-07-24T11:08:43.1994728-04:00" endTime="2018-07-24T11:08:43.1994799-04:00" testType="13cdc9d9-ddb5-4fa4-a97d-d965ccfc6d4b" outcome="Passed" testListId="8c84fa94-04c1-424b-9868-57a2d4851a1d" relativeResultsDirectory="ee8ee914-6980-4681-b613-0d25b6cbeb9b" /><UnitTestResult executionId="c7f300ab-0315-4314-a8d4-7cea5ac95f3d" testId="647a2749-cf28-471a-96ba-a5ec7b4bbe8e" testName="Put_InvalidReferencePropertyReturndBadRequest" computerName="VECTOR" duration="00:00:00.0230000" startTime="2018-07-24T11:08:32.7768186-04:00" endTime="2018-07-24T11:08:32.7768265-04:00" testType="13cdc9d9-ddb5-4fa4-a97d-d965ccfc6d4b" outcome="Passed" testListId="8c84fa94-04c1-424b-9868-57a2d4851a1d" relativeResultsDirectory="c7f300ab-0315-4314-a8d4-7cea5ac95f3d" /><UnitTestResult executionId="5d168437-f63c-407e-8639-76adea3aa9e8" testId="a71a8262-60f6-4e5f-81b2-d59011ba3c11" testName="GetFile_FileCanBeRoundTripped" computerName="VECTOR" duration="00:00:00.0670000" startTime="2018-07-24T11:08:38.1406427-04:00" endTime="2018-07-24T11:08:38.1406512-04:00" testType="13cdc9d9-ddb5-4fa4-a97d-d965ccfc6d4b" outcome="Passed" testListId="8c84fa94-04c1-424b-9868-57a2d4851a1d" relativeResultsDirectory="5d168437-f63c-407e-8639-76adea3aa9e8" /><UnitTestResult executionId="a02e9d75-8fd4-4545-be99-42d37b166b47" testId="68a14d3f-803b-4c4f-845f-0b2ca6697467" testName="Put_InvalidReferencePropertyReturndBadRequest" computerName="VECTOR" duration="00:00:00.0020000" startTime="2018-07-24T11:08:31.9204216-04:00" endTime="2018-07-24T11:08:31.9204290-04:00" testType="13cdc9d9-ddb5-4fa4-a97d-d965ccfc6d4b" outcome="Passed" testListId="8c84fa94-04c1-424b-9868-57a2d4851a1d" relativeResultsDirectory="a02e9d75-8fd4-4545-be99-42d37b166b47" /><UnitTestResult executionId="a09f46f1-0248-49d7-8baa-01828f678397" testId="503b65ed-c41f-4c46-983e-1984ed648a9d" testName="Put_ValidReferencePropertyUpdatesModel" computerName="VECTOR" duration="00:00:00.0580000" startTime="2018-07-24T11:08:46.0845143-04:00" endTime="2018-07-24T11:08:46.0845228-04:00" testType="13cdc9d9-ddb5-4fa4-a97d-d965ccfc6d4b" outcome="Passed" testListId="8c84fa94-04c1-424b-9868-57a2d4851a1d" relativeResultsDirectory="a09f46f1-0248-49d7-8baa-01828f678397" /><UnitTestResult executionId="2dfc5151-a912-4d83-bb3d-88748d2a0d63" testId="204775cf-cdca-4b24-a025-a4012e2518b6" testName="MeshTransformHasExpectedDependentFiles" computerName="VECTOR" duration="00:00:00.0010000" startTime="2018-07-24T11:08:30.7586062-04:00" endTime="2018-07-24T11:08:30.7586088-04:00" testType="13cdc9d9-ddb5-4fa4-a97d-d965ccfc6d4b" outcome="Passed" testListId="8c84fa94-04c1-424b-9868-57a2d4851a1d" relativeResultsDirectory="2dfc5151-a912-4d83-bb3d-88748d2a0d63" /><UnitTestResult executionId="967c1a8d-8cdd-43c1-b1d9-1a53fe90a341" testId="5ce10ff1-55a3-4ba6-9655-0ba4418b44c6" testName="Patch_InvalidIdPropertyReturnsNotFound" computerName="VECTOR" duration="00:00:00.0060000" startTime="2018-07-24T11:08:32.5982825-04:00" endTime="2018-07-24T11:08:32.5982896-04:00" testType="13cdc9d9-ddb5-4fa4-a97d-d965ccfc6d4b" outcome="Passed" testListId="8c84fa94-04c1-424b-9868-57a2d4851a1d" relativeResultsDirectory="967c1a8d-8cdd-43c1-b1d9-1a53fe90a341" /><UnitTestResult executionId="e86a03ad-4b5e-4d55-b93a-c206d27ab6a9" testId="9834a3fe-43a1-443f-a541-6ae067694046" testName="Patch_InvalidIdPropertyReturnsNotFound" computerName="VECTOR" duration="00:00:00.0060000" startTime="2018-07-24T11:08:36.2046074-04:00" endTime="2018-07-24T11:08:36.2046162-04:00" testType="13cdc9d9-ddb5-4fa4-a97d-d965ccfc6d4b" outcome="Passed" testListId="8c84fa94-04c1-424b-9868-57a2d4851a1d" relativeResultsDirectory="e86a03ad-4b5e-4d55-b93a-c206d27ab6a9" /><UnitTestResult executionId="b666345f-b531-4c32-a96d-1fe35e2e9a3c" testId="944e67e3-6547-4e97-97fa-52df7e5ce7a6" testName="Patch_TargetPropertyIsUpdated" computerName="VECTOR" duration="00:00:00.0750000" startTime="2018-07-24T11:08:31.7196416-04:00" endTime="2018-07-24T11:08:31.7196510-04:00" testType="13cdc9d9-ddb5-4fa4-a97d-d965ccfc6d4b" outcome="Passed" testListId="8c84fa94-04c1-424b-9868-57a2d4851a1d" relativeResultsDirectory="b666345f-b531-4c32-a96d-1fe35e2e9a3c" /><UnitTestResult executionId="e30e190e-d4ae-46d0-92a8-6c90dad07698" testId="a695d2d3-a47e-41a1-8850-270dc4f71715" testName="Patch_InvalidReferencePropertyReturnsBadRequest" computerName="VECTOR" duration="00:00:00.0160000" startTime="2018-07-24T11:08:36.1925506-04:00" endTime="2018-07-24T11:08:36.1925582-04:00" testType="13cdc9d9-ddb5-4fa4-a97d-d965ccfc6d4b" outcome="Passed" testListId="8c84fa94-04c1-424b-9868-57a2d4851a1d" relativeResultsDirectory="e30e190e-d4ae-46d0-92a8-6c90dad07698" /><UnitTestResult executionId="15d76a82-b664-448e-9351-8ec42e9f9a67" testId="5a107812-3023-4060-b889-e69b1cde01ba" testName="Patch_InvalidIdPropertyReturnsNotFound" computerName="VECTOR" duration="00:00:00.0120000" startTime="2018-07-24T11:08:33.8238708-04:00" endTime="2018-07-24T11:08:33.8238798-04:00" testType="13cdc9d9-ddb5-4fa4-a97d-d965ccfc6d4b" outcome="Passed" testListId="8c84fa94-04c1-424b-9868-57a2d4851a1d" relativeResultsDirectory="15d76a82-b664-448e-9351-8ec42e9f9a67" /><UnitTestResult executionId="5c27288f-fadd-43e8-a0d9-90a15c43f440" testId="2bbf0eaf-ef45-43d5-b0e1-088af2e0cb64" testName="FileRequest_DepthBufferIsInvalidatedAfterCameraDependencyPropertyChange" computerName="VECTOR" duration="00:00:00.3160000" startTime="2018-07-24T11:08:45.3198792-04:00" endTime="2018-07-24T11:08:45.3198869-04:00" testType="13cdc9d9-ddb5-4fa4-a97d-d965ccfc6d4b" outcome="Passed" testListId="8c84fa94-04c1-424b-9868-57a2d4851a1d" relativeResultsDirectory="5c27288f-fadd-43e8-a0d9-90a15c43f440" /><UnitTestResult executionId="ecf66f83-c69d-44c4-9758-a4f003448e31" testId="28858f7c-470e-4633-938a-cbfa9f07e8fa" testName="Post_CanCreateNewModel" computerName="VECTOR" duration="00:00:00.0130000" startTime="2018-07-24T11:08:31.7385180-04:00" endTime="2018-07-24T11:08:31.7385254-04:00" testType="13cdc9d9-ddb5-4fa4-a97d-d965ccfc6d4b" outcome="Passed" testListId="8c84fa94-04c1-424b-9868-57a2d4851a1d" relativeResultsDirectory="ecf66f83-c69d-44c4-9758-a4f003448e31" /><UnitTestResult executionId="d015a78b-7d19-4616-acaa-1e06ab59a701" testId="de9f3d20-53c7-4f46-bebf-f016f5094a15" testName="Patch_MultipleInvalidReferencePropertiesReturnsMultipleValidationErrorsAndBadRequest" computerName="VECTOR" duration="00:00:00.0210000" startTime="2018-07-24T11:08:32.6366920-04:00" endTime="2018-07-24T11:08:32.6366986-04:00" testType="13cdc9d9-ddb5-4fa4-a97d-d965ccfc6d4b" outcome="Passed" testListId="8c84fa94-04c1-424b-9868-57a2d4851a1d" relativeResultsDirectory="d015a78b-7d19-4616-acaa-1e06ab59a701" /><UnitTestResult executionId="c0a08c2d-1fb6-4b2c-993c-f746a3370ea1" testId="582dd708-77ae-4764-aacc-c3b01a213e1c" testName="Patch_MultipleInvalidReferencePropertiesReturnsMultipleValidationErrorsAndBadRequest" computerName="VECTOR" duration="00:00:00.0180000" startTime="2018-07-24T11:08:43.4066787-04:00" endTime="2018-07-24T11:08:43.4066898-04:00" testType="13cdc9d9-ddb5-4fa4-a97d-d965ccfc6d4b" outcome="Passed" testListId="8c84fa94-04c1-424b-9868-57a2d4851a1d" relativeResultsDirectory="c0a08c2d-1fb6-4b2c-993c-f746a3370ea1" /><UnitTestResult executionId="49ae91c7-be80-4870-8580-23297c442d22" testId="bf492eb0-6739-43e8-afe7-6403e5ebfcfc" testName="Put_ValidReferencePropertyUpdatesModel" computerName="VECTOR" duration="00:00:00.1730000" startTime="2018-07-24T11:08:43.3728767-04:00" endTime="2018-07-24T11:08:43.3728861-04:00" testType="13cdc9d9-ddb5-4fa4-a97d-d965ccfc6d4b" outcome="Passed" testListId="8c84fa94-04c1-424b-9868-57a2d4851a1d" relativeResultsDirectory="49ae91c7-be80-4870-8580-23297c442d22" /><UnitTestResult executionId="4063515d-6fde-4e18-b85d-3ddbe5820e91" testId="6d585d22-573d-470f-ae13-283c75fe44e7" testName="Patch_MultipleInvalidReferencePropertiesReturnsMultipleValidationErrorsAndBadRequest" computerName="VECTOR" duration="00:00:00.0190000" startTime="2018-07-24T11:08:36.2368927-04:00" endTime="2018-07-24T11:08:36.2369001-04:00" testType="13cdc9d9-ddb5-4fa4-a97d-d965ccfc6d4b" outcome="Passed" testListId="8c84fa94-04c1-424b-9868-57a2d4851a1d" relativeResultsDirectory="4063515d-6fde-4e18-b85d-3ddbe5820e91" /><UnitTestResult executionId="a7973caa-9906-4f38-82c1-3876f83dd762" testId="a12c4d61-f356-42af-a650-c4ad0c1da762" testName="Delete_TargetModelIsDeleted" computerName="VECTOR" duration="00:00:00.0230000" startTime="2018-07-24T11:08:43.1393788-04:00" endTime="2018-07-24T11:08:43.1393870-04:00" testType="13cdc9d9-ddb5-4fa4-a97d-d965ccfc6d4b" outcome="Passed" testListId="8c84fa94-04c1-424b-9868-57a2d4851a1d" relativeResultsDirectory="a7973caa-9906-4f38-82c1-3876f83dd762" /><UnitTestResult executionId="19dd37f4-29d9-425b-886b-511c628ac2ca" testId="33b485f8-9415-454f-81e7-81d2317b3751" testName="Delete_TargetModelIsDeleted" computerName="VECTOR" duration="00:00:00.3340000" startTime="2018-07-24T11:08:31.6444796-04:00" endTime="2018-07-24T11:08:31.6444878-04:00" testType="13cdc9d9-ddb5-4fa4-a97d-d965ccfc6d4b" outcome="Passed" testListId="8c84fa94-04c1-424b-9868-57a2d4851a1d" relativeResultsDirectory="19dd37f4-29d9-425b-886b-511c628ac2ca" /><UnitTestResult executionId="b7fdc443-8b74-43a9-9bbd-3de300b48aa0" testId="7c885e6f-ff67-47c0-b884-979d6581d026" testName="FileRequest_FileCanBeReadAfterRename" computerName="VECTOR" duration="00:00:00.0830000" startTime="2018-07-24T11:08:42.8394888-04:00" endTime="2018-07-24T11:08:42.8394951-04:00" testType="13cdc9d9-ddb5-4fa4-a97d-d965ccfc6d4b" outcome="Passed" testListId="8c84fa94-04c1-424b-9868-57a2d4851a1d" relativeResultsDirectory="b7fdc443-8b74-43a9-9bbd-3de300b48aa0" /><UnitTestResult executionId="4235b469-727c-47ab-a01e-dba86ff171a9" testId="b492c506-6bca-4deb-90dd-f1273ad17da2" testName="Patch_TargetPropertyIsUpdated" computerName="VECTOR" duration="00:00:00.0380000" startTime="2018-07-24T11:08:36.1626416-04:00" endTime="2018-07-24T11:08:36.1626484-04:00" testType="13cdc9d9-ddb5-4fa4-a97d-d965ccfc6d4b" outcome="Passed" testListId="8c84fa94-04c1-424b-9868-57a2d4851a1d" relativeResultsDirectory="4235b469-727c-47ab-a01e-dba86ff171a9" /><UnitTestResult executionId="be13ec48-5280-4e7e-b550-0d71067b734c" testId="308327c4-2b0c-436a-a68b-29fb064893bf" testName="PutFile_FileCanBeUpdated" computerName="VECTOR" duration="00:00:00.1680000" startTime="2018-07-24T11:08:44.8864886-04:00" endTime="2018-07-24T11:08:44.8864969-04:00" testType="13cdc9d9-ddb5-4fa4-a97d-d965ccfc6d4b" outcome="Passed" testListId="8c84fa94-04c1-424b-9868-57a2d4851a1d" relativeResultsDirectory="be13ec48-5280-4e7e-b550-0d71067b734c" /><UnitTestResult executionId="b1a8fdd0-6fce-482a-88b6-1a724744d7ad" testId="5d87723c-0405-4600-91ff-32848e86f6db" testName="LucyCameraFindsAllDependents" computerName="VECTOR" duration="00:00:00.0110000" startTime="2018-07-24T11:08:30.7577159-04:00" endTime="2018-07-24T11:08:30.7577248-04:00" testType="13cdc9d9-ddb5-4fa4-a97d-d965ccfc6d4b" outcome="Passed" testListId="8c84fa94-04c1-424b-9868-57a2d4851a1d" relativeResultsDirectory="b1a8fdd0-6fce-482a-88b6-1a724744d7ad" /><UnitTestResult executionId="d1d698f8-2b7b-42c4-a0b4-4f6a283b6170" testId="30c57f70-cba7-433e-aafe-a7a1c5729dad" testName="FileRequest_FileCanBeReadAfterRename" computerName="VECTOR" duration="00:00:00.1160000" startTime="2018-07-24T11:08:45.0030186-04:00" endTime="2018-07-24T11:08:45.0030254-04:00" testType="13cdc9d9-ddb5-4fa4-a97d-d965ccfc6d4b" outcome="Passed" testListId="8c84fa94-04c1-424b-9868-57a2d4851a1d" relativeResultsDirectory="d1d698f8-2b7b-42c4-a0b4-4f6a283b6170" /><UnitTestResult executionId="7dab3c4e-7fe4-4678-9514-cd37d6c3c51d" testId="bbf205c0-cab0-4bfd-ab33-edc75035d0b9" testName="GetList_ListReturnsCorrectCount" computerName="VECTOR" duration="00:00:00.0420000" startTime="2018-07-24T11:08:45.8038046-04:00" endTime="2018-07-24T11:08:45.8038123-04:00" testType="13cdc9d9-ddb5-4fa4-a97d-d965ccfc6d4b" outcome="Passed" testListId="8c84fa94-04c1-424b-9868-57a2d4851a1d" relativeResultsDirectory="7dab3c4e-7fe4-4678-9514-cd37d6c3c51d" /><UnitTestResult executionId="0f6d19ab-7ff9-4c8c-9579-2172d41bb840" testId="37184cdf-9d46-4405-8dc0-6b4f36803df7" testName="Post_InvalidPropertyValueReturnsBadRequest" computerName="VECTOR" duration="00:00:00.0100000" startTime="2018-07-24T11:08:31.9399280-04:00" endTime="2018-07-24T11:08:31.9399368-04:00" testType="13cdc9d9-ddb5-4fa4-a97d-d965ccfc6d4b" outcome="Passed" testListId="8c84fa94-04c1-424b-9868-57a2d4851a1d" relativeResultsDirectory="0f6d19ab-7ff9-4c8c-9579-2172d41bb840" /><UnitTestResult executionId="a388641e-8fbb-48f9-9792-d55b134f473d" testId="63dc886a-30f8-418b-a636-732bcad36a06" testName="Delete_TargetModelIsDeleted" computerName="VECTOR" duration="00:00:00.0170000" startTime="2018-07-24T11:08:32.7538639-04:00" endTime="2018-07-24T11:08:32.7538719-04:00" testType="13cdc9d9-ddb5-4fa4-a97d-d965ccfc6d4b" outcome="Passed" testListId="8c84fa94-04c1-424b-9868-57a2d4851a1d" relativeResultsDirectory="a388641e-8fbb-48f9-9792-d55b134f473d" /><UnitTestResult executionId="cc25b941-6028-4c7c-811d-3280d0f0e2ca" testId="e2246089-0f8e-4062-a373-bde521ec7f5e" testName="Post_ValidReferencePropertyCreatesModel" computerName="VECTOR" duration="00:00:00.0170000" startTime="2018-07-24T11:08:32.6157591-04:00" endTime="2018-07-24T11:08:32.6157671-04:00" testType="13cdc9d9-ddb5-4fa4-a97d-d965ccfc6d4b" outcome="Passed" testListId="8c84fa94-04c1-424b-9868-57a2d4851a1d" relativeResultsDirectory="cc25b941-6028-4c7c-811d-3280d0f0e2ca" /><UnitTestResult executionId="03ba1805-e0ec-4a9d-9e27-e962ccb71392" testId="76fa0727-bbba-4854-a60a-dfc46319e242" testName="Patch_ValidReferencePropertyUpdatesModel" computerName="VECTOR" duration="00:00:00.0480000" startTime="2018-07-24T11:08:32.5588630-04:00" endTime="2018-07-24T11:08:32.5588706-04:00" testType="13cdc9d9-ddb5-4fa4-a97d-d965ccfc6d4b" outcome="Passed" testListId="8c84fa94-04c1-424b-9868-57a2d4851a1d" relativeResultsDirectory="03ba1805-e0ec-4a9d-9e27-e962ccb71392" /><UnitTestResult executionId="265f96b4-1380-46bf-9fc0-14d940b7bbde" testId="d9b3c7d2-9090-4a27-a42c-27df77d9d41b" testName="Delete_TargetModelIsDeleted" computerName="VECTOR" duration="00:00:00.0210000" startTime="2018-07-24T11:08:45.7617731-04:00" endTime="2018-07-24T11:08:45.7617819-04:00" testType="13cdc9d9-ddb5-4fa4-a97d-d965ccfc6d4b" outcome="Passed" testListId="8c84fa94-04c1-424b-9868-57a2d4851a1d" relativeResultsDirectory="265f96b4-1380-46bf-9fc0-14d940b7bbde" /><UnitTestResult executionId="55fcb43a-ff46-4039-9b57-b046015eeb7e" testId="c8575d8f-f14d-4a3d-9ea8-4633b8332ee2" testName="Put_InvalidReferencePropertyReturndBadRequest" computerName="VECTOR" duration="00:00:00.1460000" startTime="2018-07-24T11:08:43.1156062-04:00" endTime="2018-07-24T11:08:43.1156133-04:00" testType="13cdc9d9-ddb5-4fa4-a97d-d965ccfc6d4b" outcome="Passed" testListId="8c84fa94-04c1-424b-9868-57a2d4851a1d" relativeResultsDirectory="55fcb43a-ff46-4039-9b57-b046015eeb7e" /><UnitTestResult executionId="325837dc-3d4c-4223-a18e-18f88349d8b1" testId="08333176-b705-4ada-8a2b-2e192c4e05ed" testName="Patch_InvalidIdPropertyReturnsNotFound" computerName="VECTOR" duration="00:00:00.0090000" startTime="2018-07-24T11:08:31.9294938-04:00" endTime="2018-07-24T11:08:31.9295018-04:00" testType="13cdc9d9-ddb5-4fa4-a97d-d965ccfc6d4b" outcome="Passed" testListId="8c84fa94-04c1-424b-9868-57a2d4851a1d" relativeResultsDirectory="325837dc-3d4c-4223-a18e-18f88349d8b1" /><UnitTestResult executionId="79256c95-5365-4167-b7a5-81e980fd8205" testId="a4ae88cc-73fd-4dc5-973d-4dea6e6e5fdd" testName="FileRequest_MeshIsInvalidatedAfterDepthBufferFileBecomesUnsynchronized" computerName="VECTOR" duration="00:00:01.6490000" startTime="2018-07-24T11:08:38.0729785-04:00" endTime="2018-07-24T11:08:38.0729868-04:00" testType="13cdc9d9-ddb5-4fa4-a97d-d965ccfc6d4b" outcome="Passed" testListId="8c84fa94-04c1-424b-9868-57a2d4851a1d" relativeResultsDirectory="79256c95-5365-4167-b7a5-81e980fd8205" /><UnitTestResult executionId="24e18072-db37-4b71-ac58-02875f050a68" testId="835362e3-b9a8-45c8-812c-b704f776072b" testName="Patch_MultipleInvalidReferencePropertiesReturnsMultipleValidationErrorsAndBadRequest" computerName="VECTOR" duration="00:00:00.0240000" startTime="2018-07-24T11:08:45.9336957-04:00" endTime="2018-07-24T11:08:45.9337031-04:00" testType="13cdc9d9-ddb5-4fa4-a97d-d965ccfc6d4b" outcome="Passed" testListId="8c84fa94-04c1-424b-9868-57a2d4851a1d" relativeResultsDirectory="24e18072-db37-4b71-ac58-02875f050a68" /><UnitTestResult executionId="5b13689e-cfb5-40a3-9255-01f8071a13dc" testId="2cdadb4d-7970-4806-a033-e4973463d6c7" testName="Put_ValidReferencePropertyUpdatesModel" computerName="VECTOR" duration="00:00:00.0330000" startTime="2018-07-24T11:08:32.5920622-04:00" endTime="2018-07-24T11:08:32.5920693-04:00" testType="13cdc9d9-ddb5-4fa4-a97d-d965ccfc6d4b" outcome="Passed" testListId="8c84fa94-04c1-424b-9868-57a2d4851a1d" relativeResultsDirectory="5b13689e-cfb5-40a3-9255-01f8071a13dc" /><UnitTestResult executionId="14e3786b-8ae1-446a-9d89-a2f83b4c4eaa" testId="a311811f-9cc1-476d-b064-be41d3653888" testName="Put_InvalidIdReturnsNotFound" computerName="VECTOR" duration="00:00:00.0130000" startTime="2018-07-24T11:08:45.7398933-04:00" endTime="2018-07-24T11:08:45.7399004-04:00" testType="13cdc9d9-ddb5-4fa4-a97d-d965ccfc6d4b" outcome="Passed" testListId="8c84fa94-04c1-424b-9868-57a2d4851a1d" relativeResultsDirectory="14e3786b-8ae1-446a-9d89-a2f83b4c4eaa" /><UnitTestResult executionId="08f63ac7-2944-4bd8-965b-20fa2b4431b6" testId="4c57e6fd-22c1-40ad-81dc-3c13c8e8152a" testName="GetSingle_ValidIdPropertyValueReturnsCorrectModel" computerName="VECTOR" duration="00:00:00.0090000" startTime="2018-07-24T11:08:43.4245070-04:00" endTime="2018-07-24T11:08:43.4245138-04:00" testType="13cdc9d9-ddb5-4fa4-a97d-d965ccfc6d4b" outcome="Passed" testListId="8c84fa94-04c1-424b-9868-57a2d4851a1d" relativeResultsDirectory="08f63ac7-2944-4bd8-965b-20fa2b4431b6" /><UnitTestResult executionId="a9c2c5c8-30ef-4188-ac92-84766c6279d3" testId="eac5cf73-628e-43bf-b10b-a5fe02b26992" testName="Put_ValidReferencePropertyUpdatesModel" computerName="VECTOR" duration="00:00:00.0770000" startTime="2018-07-24T11:08:33.7823149-04:00" endTime="2018-07-24T11:08:33.7823214-04:00" testType="13cdc9d9-ddb5-4fa4-a97d-d965ccfc6d4b" outcome="Passed" testListId="8c84fa94-04c1-424b-9868-57a2d4851a1d" relativeResultsDirectory="a9c2c5c8-30ef-4188-ac92-84766c6279d3" /><UnitTestResult executionId="9f74f3c0-5009-493d-9b8c-3bdeb1b91bd2" testId="2d0b6af7-5a76-452d-a41f-906ac72b2522" testName="Put_CanUpdateModel" computerName="VECTOR" duration="00:00:00.0910000" startTime="2018-07-24T11:08:32.4240132-04:00" endTime="2018-07-24T11:08:32.4240208-04:00" testType="13cdc9d9-ddb5-4fa4-a97d-d965ccfc6d4b" outcome="Passed" testListId="8c84fa94-04c1-424b-9868-57a2d4851a1d" relativeResultsDirectory="9f74f3c0-5009-493d-9b8c-3bdeb1b91bd2" /><UnitTestResult executionId="fec57c5e-0e0c-4101-b43b-2df4ce564784" testId="618a7c66-6ab0-4d75-9784-7d8a9040a7d6" testName="Delete_TargetModelIsDeleted" computerName="VECTOR" duration="00:00:00.0200000" startTime="2018-07-24T11:08:36.2721658-04:00" endTime="2018-07-24T11:08:36.2721729-04:00" testType="13cdc9d9-ddb5-4fa4-a97d-d965ccfc6d4b" outcome="Passed" testListId="8c84fa94-04c1-424b-9868-57a2d4851a1d" relativeResultsDirectory="fec57c5e-0e0c-4101-b43b-2df4ce564784" /><UnitTestResult executionId="c951085e-7d5a-44fc-9fbe-72a1d77bfbee" testId="6e339427-e199-4aa7-afc9-a3ba96f8ad1a" testName="LucyDepthBufferFindsOneDependent" computerName="VECTOR" duration="00:00:00.0050000" startTime="2018-07-24T11:08:30.7640908-04:00" endTime="2018-07-24T11:08:30.7641005-04:00" testType="13cdc9d9-ddb5-4fa4-a97d-d965ccfc6d4b" outcome="Passed" testListId="8c84fa94-04c1-424b-9868-57a2d4851a1d" relativeResultsDirectory="c951085e-7d5a-44fc-9fbe-72a1d77bfbee" /><UnitTestResult executionId="92eb978b-2d84-495c-b4d6-ac4d6cb5115e" testId="26f0f24e-5be6-48c7-b8f3-36fd6d36388a" testName="Patch_InvalidIdPropertyReturnsNotFound" computerName="VECTOR" duration="00:00:00.0060000" startTime="2018-07-24T11:08:45.9401548-04:00" endTime="2018-07-24T11:08:45.9401596-04:00" testType="13cdc9d9-ddb5-4fa4-a97d-d965ccfc6d4b" outcome="Passed" testListId="8c84fa94-04c1-424b-9868-57a2d4851a1d" relativeResultsDirectory="92eb978b-2d84-495c-b4d6-ac4d6cb5115e" /><UnitTestResult executionId="d271ae6e-ba47-4c31-8c9c-9a522322a4d3" testId="8b365c0b-bf10-4551-9bf3-7c42efee40d4" testName="GetSingle_InvalidIdPropertyValueReturnsNotFound" computerName="VECTOR" duration="00:00:00.0140000" startTime="2018-07-24T11:08:32.4381660-04:00" endTime="2018-07-24T11:08:32.4381734-04:00" testType="13cdc9d9-ddb5-4fa4-a97d-d965ccfc6d4b" outcome="Passed" testListId="8c84fa94-04c1-424b-9868-57a2d4851a1d" relativeResultsDirectory="d271ae6e-ba47-4c31-8c9c-9a522322a4d3" /><UnitTestResult executionId="b845ab10-dde6-4381-94e8-2291b8e39ae7" testId="fd90622b-8e50-418f-ad2f-3fb6666b06ef" testName="LucyModel3dHasTwoDependents" computerName="VECTOR" duration="00:00:01.2840000" startTime="2018-07-24T11:08:30.7462737-04:00" endTime="2018-07-24T11:08:30.7462842-04:00" testType="13cdc9d9-ddb5-4fa4-a97d-d965ccfc6d4b" outcome="Passed" testListId="8c84fa94-04c1-424b-9868-57a2d4851a1d" relativeResultsDirectory="b845ab10-dde6-4381-94e8-2291b8e39ae7" /><UnitTestResult executionId="6e12683d-acf6-4344-928a-d32913964910" testId="1f512dd7-1a1c-4cdd-9502-3a2267860a7d" testName="GetSingle_ValidIdPropertyValueReturnsCorrectModel" computerName="VECTOR" duration="00:00:00.0100000" startTime="2018-07-24T11:08:32.5107364-04:00" endTime="2018-07-24T11:08:32.5107430-04:00" testType="13cdc9d9-ddb5-4fa4-a97d-d965ccfc6d4b" outcome="Passed" testListId="8c84fa94-04c1-424b-9868-57a2d4851a1d" relativeResultsDirectory="6e12683d-acf6-4344-928a-d32913964910" /><UnitTestResult executionId="bb801bae-8cae-4d42-ae3a-6f05ce93d73a" testId="a5ce8741-290f-431f-a614-200fae2f2627" testName="Post_InvalidReferencePropertyReturnsBadRequest" computerName="VECTOR" duration="00:00:00.0810000" startTime="2018-07-24T11:08:32.0219448-04:00" endTime="2018-07-24T11:08:32.0219541-04:00" testType="13cdc9d9-ddb5-4fa4-a97d-d965ccfc6d4b" outcome="Passed" testListId="8c84fa94-04c1-424b-9868-57a2d4851a1d" relativeResultsDirectory="bb801bae-8cae-4d42-ae3a-6f05ce93d73a" /><UnitTestResult executionId="c8af68a3-708f-4d12-bc14-a041f259ec60" testId="2ef02d18-d83b-4f51-a9ab-dd3c0a2b32de" testName="Patch_InvalidEnumPropertyValueReturnsBadRequest" computerName="VECTOR" duration="00:00:00.0140000" startTime="2018-07-24T11:08:42.8546372-04:00" endTime="2018-07-24T11:08:42.8546426-04:00" testType="13cdc9d9-ddb5-4fa4-a97d-d965ccfc6d4b" outcome="Passed" testListId="8c84fa94-04c1-424b-9868-57a2d4851a1d" relativeResultsDirectory="c8af68a3-708f-4d12-bc14-a041f259ec60" /><UnitTestResult executionId="f5dfe39f-de9a-4245-97f2-5c4c69793fee" testId="582c9d73-6e0e-4799-a9ae-59217f3290fd" testName="Post_InvalidPropertyValueReturnsBadRequest" computerName="VECTOR" duration="00:00:00.0030000" startTime="2018-07-24T11:08:36.3046026-04:00" endTime="2018-07-24T11:08:36.3046105-04:00" testType="13cdc9d9-ddb5-4fa4-a97d-d965ccfc6d4b" outcome="Passed" testListId="8c84fa94-04c1-424b-9868-57a2d4851a1d" relativeResultsDirectory="f5dfe39f-de9a-4245-97f2-5c4c69793fee" /><UnitTestResult executionId="7d8b77f6-c509-4415-ace5-29d9272e5e48" testId="62a07295-5f30-471d-81c1-e0b2f2e7646e" testName="GetSingle_ValidIdPropertyValueReturnsCorrectModel" computerName="VECTOR" duration="00:00:00.0080000" startTime="2018-07-24T11:08:36.2802391-04:00" endTime="2018-07-24T11:08:36.2802462-04:00" testType="13cdc9d9-ddb5-4fa4-a97d-d965ccfc6d4b" outcome="Passed" testListId="8c84fa94-04c1-424b-9868-57a2d4851a1d" relativeResultsDirectory="7d8b77f6-c509-4415-ace5-29d9272e5e48" /><UnitTestResult executionId="68d53420-3d49-47fa-bc34-f5c5225647cb" testId="9cba9e67-b5db-4788-b5f0-16cd0e94c209" testName="Put_CanUpdateModel" computerName="VECTOR" duration="00:00:00.4390000" startTime="2018-07-24T11:08:36.0751181-04:00" endTime="2018-07-24T11:08:36.0751246-04:00" testType="13cdc9d9-ddb5-4fa4-a97d-d965ccfc6d4b" outcome="Passed" testListId="8c84fa94-04c1-424b-9868-57a2d4851a1d" relativeResultsDirectory="68d53420-3d49-47fa-bc34-f5c5225647cb" /><UnitTestResult executionId="a7979646-3c2d-4888-8af3-f5fee9d720e4" testId="1b0e01b3-d604-4a15-a9e8-25a98cf9d73b" testName="Put_CanUpdateModel" computerName="VECTOR" duration="00:00:00.0350000" startTime="2018-07-24T11:08:33.9552643-04:00" endTime="2018-07-24T11:08:33.9552705-04:00" testType="13cdc9d9-ddb5-4fa4-a97d-d965ccfc6d4b" outcome="Passed" testListId="8c84fa94-04c1-424b-9868-57a2d4851a1d" relativeResultsDirectory="a7979646-3c2d-4888-8af3-f5fee9d720e4" /><UnitTestResult executionId="6c08aa44-c747-49f4-b9d9-2b69ff1f37ca" testId="4cada926-b882-469a-adcb-be42f87d4e78" testName="Post_CanCreateNewModel" computerName="VECTOR" duration="00:00:00.0160000" startTime="2018-07-24T11:08:32.7203756-04:00" endTime="2018-07-24T11:08:32.7203824-04:00" testType="13cdc9d9-ddb5-4fa4-a97d-d965ccfc6d4b" outcome="Passed" testListId="8c84fa94-04c1-424b-9868-57a2d4851a1d" relativeResultsDirectory="6c08aa44-c747-49f4-b9d9-2b69ff1f37ca" /><UnitTestResult executionId="0de8f1fd-2113-449f-89e0-4f15e8a1527f" testId="914521c4-0225-431a-8510-67a31679fd5f" testName="Model3dHasExpectedDependentFiles" computerName="VECTOR" duration="00:00:00.0370000" startTime="2018-07-24T11:08:29.4643114-04:00" endTime="2018-07-24T11:08:29.4643202-04:00" testType="13cdc9d9-ddb5-4fa4-a97d-d965ccfc6d4b" outcome="Passed" testListId="8c84fa94-04c1-424b-9868-57a2d4851a1d" relativeResultsDirectory="0de8f1fd-2113-449f-89e0-4f15e8a1527f" /><UnitTestResult executionId="cd0cba63-86ed-4d62-8291-c03143f37185" testId="7cff4237-34f0-4aff-bccf-553b8ee722d5" testName="GetList_ListReturnsCorrectCount" computerName="VECTOR" duration="00:00:00.0440000" startTime="2018-07-24T11:08:33.7052164-04:00" endTime="2018-07-24T11:08:33.7052249-04:00" testType="13cdc9d9-ddb5-4fa4-a97d-d965ccfc6d4b" outcome="Passed" testListId="8c84fa94-04c1-424b-9868-57a2d4851a1d" relativeResultsDirectory="cd0cba63-86ed-4d62-8291-c03143f37185" /><UnitTestResult executionId="a1083b4c-830f-4888-b417-8452256087fe" testId="e3817815-4441-49b8-adfc-7fe7588d0c41" testName="GetSingle_ValidIdPropertyValueReturnsCorrectModel" computerName="VECTOR" duration="00:00:00.0090000" startTime="2018-07-24T11:08:31.7843457-04:00" endTime="2018-07-24T11:08:31.7843543-04:00" testType="13cdc9d9-ddb5-4fa4-a97d-d965ccfc6d4b" outcome="Passed" testListId="8c84fa94-04c1-424b-9868-57a2d4851a1d" relativeResultsDirectory="a1083b4c-830f-4888-b417-8452256087fe" /><UnitTestResult executionId="0bd4f551-23ea-4457-8919-a4387d0177b6" testId="be0db897-cc09-484f-96ed-7547c6beca64" testName="GetFile_NonExistentFileReturnsNotFound" computerName="VECTOR" duration="00:00:00.0080000" startTime="2018-07-24T11:08:33.3471609-04:00" endTime="2018-07-24T11:08:33.3471688-04:00" testType="13cdc9d9-ddb5-4fa4-a97d-d965ccfc6d4b" outcome="Passed" testListId="8c84fa94-04c1-424b-9868-57a2d4851a1d" relativeResultsDirectory="0bd4f551-23ea-4457-8919-a4387d0177b6" /><UnitTestResult executionId="4584c73a-b363-4397-8d4b-c24a2ce06b0b" testId="c47d83f7-0564-4163-a7f9-51cab6dfb70a" testName="Put_InvalidIdReturnsNotFound" computerName="VECTOR" duration="00:00:00.1390000" startTime="2018-07-24T11:08:33.4890292-04:00" endTime="2018-07-24T11:08:33.4890355-04:00" testType="13cdc9d9-ddb5-4fa4-a97d-d965ccfc6d4b" outcome="Passed" testListId="8c84fa94-04c1-424b-9868-57a2d4851a1d" relativeResultsDirectory="4584c73a-b363-4397-8d4b-c24a2ce06b0b" /><UnitTestResult executionId="42117b88-cd6f-4d41-b064-748bb33dcf73" testId="24028f5e-5dda-4e88-a34c-eaa0cf30ed33" testName="Patch_InvalidReferencePropertyReturnsBadRequest" computerName="VECTOR" duration="00:00:00.0020000" startTime="2018-07-24T11:08:31.7248864-04:00" endTime="2018-07-24T11:08:31.7248910-04:00" testType="13cdc9d9-ddb5-4fa4-a97d-d965ccfc6d4b" outcome="Passed" testListId="8c84fa94-04c1-424b-9868-57a2d4851a1d" relativeResultsDirectory="42117b88-cd6f-4d41-b064-748bb33dcf73" /><UnitTestResult executionId="07156daf-ffe2-4a19-b518-d48d3730a327" testId="d175fa42-d2ec-46e5-bbad-42d49a15f98c" testName="Put_CanUpdateModel" computerName="VECTOR" duration="00:00:00.0550000" startTime="2018-07-24T11:08:45.8762094-04:00" endTime="2018-07-24T11:08:45.8762185-04:00" testType="13cdc9d9-ddb5-4fa4-a97d-d965ccfc6d4b" outcome="Passed" testListId="8c84fa94-04c1-424b-9868-57a2d4851a1d" relativeResultsDirectory="07156daf-ffe2-4a19-b518-d48d3730a327" /><UnitTestResult executionId="e46edbcb-eae7-43c4-9e88-97938665a638" testId="da381546-a6f9-424f-aeb0-85b0f4d3555f" testName="FileRequest_FileCanBeReadAfterRename" computerName="VECTOR" duration="00:00:00.1110000" startTime="2018-07-24T11:08:33.2055944-04:00" endTime="2018-07-24T11:08:33.2056015-04:00" testType="13cdc9d9-ddb5-4fa4-a97d-d965ccfc6d4b" outcome="Passed" testListId="8c84fa94-04c1-424b-9868-57a2d4851a1d" relativeResultsDirectory="e46edbcb-eae7-43c4-9e88-97938665a638" /><UnitTestResult executionId="9e1add17-525d-4b05-9926-001e2a66ae08" testId="c412121d-d10f-4d74-beb3-dc0198911e98" testName="Post_InvalidPropertyValueReturnsBadRequest" computerName="VECTOR" duration="00:00:00.0030000" startTime="2018-07-24T11:08:33.7857990-04:00" endTime="2018-07-24T11:08:33.7858038-04:00" testType="13cdc9d9-ddb5-4fa4-a97d-d965ccfc6d4b" outcome="Passed" testListId="8c84fa94-04c1-424b-9868-57a2d4851a1d" relativeResultsDirectory="9e1add17-525d-4b05-9926-001e2a66ae08" /><UnitTestResult executionId="45ce09bb-1a87-4237-af2c-f57c8f367b3a" testId="dff2730f-0ea7-4121-89e5-29af051ea71f" testName="Post_InvalidReferencePropertyReturnsBadRequest" computerName="VECTOR" duration="00:00:00.0070000" startTime="2018-07-24T11:08:36.2174841-04:00" endTime="2018-07-24T11:08:36.2174924-04:00" testType="13cdc9d9-ddb5-4fa4-a97d-d965ccfc6d4b" outcome="Passed" testListId="8c84fa94-04c1-424b-9868-57a2d4851a1d" relativeResultsDirectory="45ce09bb-1a87-4237-af2c-f57c8f367b3a" /><UnitTestResult executionId="b8fa22eb-8307-4cd2-8105-6d10fd429272" testId="32d4bf7c-6c2d-4f23-abd1-a159408abce8" testName="Patch_InvalidEnumPropertyValueReturnsBadRequest" computerName="VECTOR" duration="00:00:00.0060000" startTime="2018-07-24T11:08:36.1239720-04:00" endTime="2018-07-24T11:08:36.1239785-04:00" testType="13cdc9d9-ddb5-4fa4-a97d-d965ccfc6d4b" outcome="Passed" testListId="8c84fa94-04c1-424b-9868-57a2d4851a1d" relativeResultsDirectory="b8fa22eb-8307-4cd2-8105-6d10fd429272" /><UnitTestResult executionId="292377d4-fc86-4218-bf38-6520f4709736" testId="7fcaf74b-8c91-49fe-b8f2-654400274123" testName="GetSingle_InvalidIdPropertyValueReturnsNotFound" computerName="VECTOR" duration="00:00:00.0080000" startTime="2018-07-24T11:08:45.8126488-04:00" endTime="2018-07-24T11:08:45.8126556-04:00" testType="13cdc9d9-ddb5-4fa4-a97d-d965ccfc6d4b" outcome="Passed" testListId="8c84fa94-04c1-424b-9868-57a2d4851a1d" relativeResultsDirectory="292377d4-fc86-4218-bf38-6520f4709736" /><UnitTestResult executionId="41d780b3-b0f1-4c18-bc7f-02bc09305c53" testId="78daf885-5c2b-472c-91b9-069190bda57d" testName="Patch_ValidReferencePropertyUpdatesModel" computerName="VECTOR" duration="00:00:00.0070000" startTime="2018-07-24T11:08:30.7776933-04:00" endTime="2018-07-24T11:08:30.7777015-04:00" testType="13cdc9d9-ddb5-4fa4-a97d-d965ccfc6d4b" outcome="Passed" testListId="8c84fa94-04c1-424b-9868-57a2d4851a1d" relativeResultsDirectory="41d780b3-b0f1-4c18-bc7f-02bc09305c53" /><UnitTestResult executionId="e1e94368-44fc-4702-bc07-501ae8e32d14" testId="b8aebdd3-ad81-4393-b28d-190209a30635" testName="Patch_InvalidEnumPropertyValueReturnsBadRequest" computerName="VECTOR" duration="00:00:00.0060000" startTime="2018-07-24T11:08:32.7035098-04:00" endTime="2018-07-24T11:08:32.7035186-04:00" testType="13cdc9d9-ddb5-4fa4-a97d-d965ccfc6d4b" outcome="Passed" testListId="8c84fa94-04c1-424b-9868-57a2d4851a1d" relativeResultsDirectory="e1e94368-44fc-4702-bc07-501ae8e32d14" /><UnitTestResult executionId="c671b49f-ffa1-4bda-9b9d-52299bce7a5a" testId="8384be72-b2d2-433e-b5b3-236d39e20fc2" testName="Post_ValidReferencePropertyCreatesModel" computerName="VECTOR" duration="00:00:00.0020000" startTime="2018-07-24T11:08:31.3087900-04:00" endTime="2018-07-24T11:08:31.3087977-04:00" testType="13cdc9d9-ddb5-4fa4-a97d-d965ccfc6d4b" outcome="Passed" testListId="8c84fa94-04c1-424b-9868-57a2d4851a1d" relativeResultsDirectory="c671b49f-ffa1-4bda-9b9d-52299bce7a5a" /><UnitTestResult executionId="b2b7ed34-373b-4aa6-b6db-49caf1068aa2" testId="1097fd04-cc21-4d8c-8e14-676e15765f1f" testName="Patch_InvalidEnumPropertyValueReturnsBadRequest" computerName="VECTOR" duration="00:00:00.0020000" startTime="2018-07-24T11:08:31.7865648-04:00" endTime="2018-07-24T11:08:31.7865707-04:00" testType="13cdc9d9-ddb5-4fa4-a97d-d965ccfc6d4b" outcome="Passed" testListId="8c84fa94-04c1-424b-9868-57a2d4851a1d" relativeResultsDirectory="b2b7ed34-373b-4aa6-b6db-49caf1068aa2" /><UnitTestResult executionId="0a368c99-cfa7-4256-81cb-66e784b036f9" testId="ebf15448-82a3-4e04-8982-193c64b352ba" testName="GetSingle_ValidIdPropertyValueReturnsCorrectModel" computerName="VECTOR" duration="00:00:00.0070000" startTime="2018-07-24T11:08:45.7105014-04:00" endTime="2018-07-24T11:08:45.7105113-04:00" testType="13cdc9d9-ddb5-4fa4-a97d-d965ccfc6d4b" outcome="Passed" testListId="8c84fa94-04c1-424b-9868-57a2d4851a1d" relativeResultsDirectory="0a368c99-cfa7-4256-81cb-66e784b036f9" /><UnitTestResult executionId="259ddccf-0ddb-464b-a019-c194ee3f703a" testId="632684a8-2aaa-431c-a489-9f642608e15d" testName="Patch_ValidReferencePropertyUpdatesModel" computerName="VECTOR" duration="00:00:00.0590000" startTime="2018-07-24T11:08:46.0100898-04:00" endTime="2018-07-24T11:08:46.0100983-04:00" testType="13cdc9d9-ddb5-4fa4-a97d-d965ccfc6d4b" outcome="Passed" testListId="8c84fa94-04c1-424b-9868-57a2d4851a1d" relativeResultsDirectory="259ddccf-0ddb-464b-a019-c194ee3f703a" /><UnitTestResult executionId="755b28db-a5f6-4b7d-a768-cbc860e64927" testId="4b3d6adc-8f1a-44a1-b3c2-db27800df684" testName="PostFile_FileIsSynchronizedIsUpdatedAfterFileIsPosted" computerName="VECTOR" duration="00:00:00.0650000" startTime="2018-07-24T11:08:42.7558320-04:00" endTime="2018-07-24T11:08:42.7558394-04:00" testType="13cdc9d9-ddb5-4fa4-a97d-d965ccfc6d4b" outcome="Passed" testListId="8c84fa94-04c1-424b-9868-57a2d4851a1d" relativeResultsDirectory="755b28db-a5f6-4b7d-a768-cbc860e64927" /><UnitTestResult executionId="cbe9da98-66d7-416c-b666-fa2af817f329" testId="8b905480-e05e-4e49-8259-b15c72425ad9" testName="Post_CanCreateNewModel" computerName="VECTOR" duration="00:00:00.0130000" startTime="2018-07-24T11:08:33.6498976-04:00" endTime="2018-07-24T11:08:33.6499056-04:00" testType="13cdc9d9-ddb5-4fa4-a97d-d965ccfc6d4b" outcome="Passed" testListId="8c84fa94-04c1-424b-9868-57a2d4851a1d" relativeResultsDirectory="cbe9da98-66d7-416c-b666-fa2af817f329" /><UnitTestResult executionId="1f6f8f21-e162-405d-9d43-7edb8367f7be" testId="7aefb8eb-94ee-45df-ba37-942121110bfa" testName="GetSingle_ValidIdPropertyValueReturnsCorrectModel" computerName="VECTOR" duration="00:00:00.0060000" startTime="2018-07-24T11:08:33.9680708-04:00" endTime="2018-07-24T11:08:33.9680805-04:00" testType="13cdc9d9-ddb5-4fa4-a97d-d965ccfc6d4b" outcome="Passed" testListId="8c84fa94-04c1-424b-9868-57a2d4851a1d" relativeResultsDirectory="1f6f8f21-e162-405d-9d43-7edb8367f7be" /><UnitTestResult executionId="15e75d4a-2e2b-4884-8d52-c6d082d5d9e9" testId="2628f39a-f2a1-47fe-b6e6-233fc77b2a80" testName="Patch_TargetPropertyIsUpdated" computerName="VECTOR" duration="00:00:00.3100000" startTime="2018-07-24T11:08:32.3328827-04:00" endTime="2018-07-24T11:08:32.3328918-04:00" testType="13cdc9d9-ddb5-4fa4-a97d-d965ccfc6d4b" outcome="Passed" testListId="8c84fa94-04c1-424b-9868-57a2d4851a1d" relativeResultsDirectory="15e75d4a-2e2b-4884-8d52-c6d082d5d9e9" /><UnitTestResult executionId="d002a95d-1dda-4a89-9de7-b16bbea30ea5" testId="91446c34-cdff-4c91-810a-c248ede9e367" testName="GetSingle_InvalidIdPropertyValueReturnsNotFound" computerName="VECTOR" duration="00:00:00.0060000" startTime="2018-07-24T11:08:33.9612489-04:00" endTime="2018-07-24T11:08:33.9612571-04:00" testType="13cdc9d9-ddb5-4fa4-a97d-d965ccfc6d4b" outcome="Passed" testListId="8c84fa94-04c1-424b-9868-57a2d4851a1d" relativeResultsDirectory="d002a95d-1dda-4a89-9de7-b16bbea30ea5" /><UnitTestResult executionId="55972dfd-e9c9-46db-8e08-463376666766" testId="8c3eb79a-4b52-4ed0-9327-8799695393da" testName="Patch_ValidReferencePropertyUpdatesModel" computerName="VECTOR" duration="00:00:00.0510000" startTime="2018-07-24T11:08:33.8755755-04:00" endTime="2018-07-24T11:08:33.8755823-04:00" testType="13cdc9d9-ddb5-4fa4-a97d-d965ccfc6d4b" outcome="Passed" testListId="8c84fa94-04c1-424b-9868-57a2d4851a1d" relativeResultsDirectory="55972dfd-e9c9-46db-8e08-463376666766" /><UnitTestResult executionId="8e00ec6f-a3b4-4586-9f81-478523af09b5" testId="499a6953-ff01-4c09-944e-78ac5edf3427" testName="Patch_ValidReferencePropertyUpdatesModel" computerName="VECTOR" duration="00:00:00.6360000" startTime="2018-07-24T11:08:35.6360649-04:00" endTime="2018-07-24T11:08:35.6360723-04:00" testType="13cdc9d9-ddb5-4fa4-a97d-d965ccfc6d4b" outcome="Passed" testListId="8c84fa94-04c1-424b-9868-57a2d4851a1d" relativeResultsDirectory="8e00ec6f-a3b4-4586-9f81-478523af09b5" /><UnitTestResult executionId="552a5c9e-1b34-45cb-a5b9-6217edfa766b" testId="57a19b02-138e-4646-9e9d-18afb3006488" testName="GetFile_FileCanBeRoundTripped" computerName="VECTOR" duration="00:00:00.1370000" startTime="2018-07-24T11:08:45.7027798-04:00" endTime="2018-07-24T11:08:45.7027878-04:00" testType="13cdc9d9-ddb5-4fa4-a97d-d965ccfc6d4b" outcome="Passed" testListId="8c84fa94-04c1-424b-9868-57a2d4851a1d" relativeResultsDirectory="552a5c9e-1b34-45cb-a5b9-6217edfa766b" /><UnitTestResult executionId="1594bb36-ecf0-4552-847d-23907d03deca" testId="d7adbaec-4ac7-400f-a0e1-9b19feaecff3" testName="PostFile_FileIsSynchronizedIsUpdatedAfterFileIsPosted" computerName="VECTOR" duration="00:00:00.0010000" startTime="2018-07-24T11:08:33.3485288-04:00" endTime="2018-07-24T11:08:33.3485328-04:00" testType="13cdc9d9-ddb5-4fa4-a97d-d965ccfc6d4b" outcome="Passed" testListId="8c84fa94-04c1-424b-9868-57a2d4851a1d" relativeResultsDirectory="1594bb36-ecf0-4552-847d-23907d03deca" /><UnitTestResult executionId="e14596ea-2f07-4036-b90e-ee25a69a58ad" testId="1368ba34-5329-4177-ba73-a5b4e7b369f9" testName="FileRequest_MeshGenerateSetsFileIsSynchronized" computerName="VECTOR" duration="00:00:03.1940000" startTime="2018-07-24T11:08:42.6905765-04:00" endTime="2018-07-24T11:08:42.6905828-04:00" testType="13cdc9d9-ddb5-4fa4-a97d-d965ccfc6d4b" outcome="Passed" testListId="8c84fa94-04c1-424b-9868-57a2d4851a1d" relativeResultsDirectory="e14596ea-2f07-4036-b90e-ee25a69a58ad" /><UnitTestResult executionId="ba22a011-889c-472c-b42b-88f223533398" testId="f9ea6c4a-cc4f-4710-9a69-d28fecb30cc7" testName="GetFile_ExistingFileReturnsSuccess" computerName="VECTOR" duration="00:00:00.0260000" startTime="2018-07-24T11:08:43.5929335-04:00" endTime="2018-07-24T11:08:43.5929446-04:00" testType="13cdc9d9-ddb5-4fa4-a97d-d965ccfc6d4b" outcome="Passed" testListId="8c84fa94-04c1-424b-9868-57a2d4851a1d" relativeResultsDirectory="ba22a011-889c-472c-b42b-88f223533398" /><UnitTestResult executionId="a1128159-6a2e-4fff-ae13-cfa97263bcb5" testId="d893803e-5ff0-4b71-9543-ad233fd93acc" testName="Patch_InvalidPropertyNameReturnsBadRequest" computerName="VECTOR" duration="00:00:00.0160000" startTime="2018-07-24T11:08:33.5056257-04:00" endTime="2018-07-24T11:08:33.5056340-04:00" testType="13cdc9d9-ddb5-4fa4-a97d-d965ccfc6d4b" outcome="Passed" testListId="8c84fa94-04c1-424b-9868-57a2d4851a1d" relativeResultsDirectory="a1128159-6a2e-4fff-ae13-cfa97263bcb5" /><UnitTestResult executionId="7f5eb014-d19c-4339-b23f-840bd58b096b" testId="51b83b78-ab72-40b0-876a-f422de422910" testName="Post_InvalidPropertyValueReturnsBadRequest" computerName="VECTOR" duration="00:00:00.0040000" startTime="2018-07-24T11:08:43.4446652-04:00" endTime="2018-07-24T11:08:43.4446746-04:00" testType="13cdc9d9-ddb5-4fa4-a97d-d965ccfc6d4b" outcome="Passed" testListId="8c84fa94-04c1-424b-9868-57a2d4851a1d" relativeResultsDirectory="7f5eb014-d19c-4339-b23f-840bd58b096b" /><UnitTestResult executionId="1dfadf69-422d-4a4b-a71d-9d9e3edbc753" testId="e5852787-95b0-4772-929c-6a931407eb7a" testName="Patch_InvalidReferencePropertyReturnsBadRequest" computerName="VECTOR" duration="00:00:00.0160000" startTime="2018-07-24T11:08:46.0261956-04:00" endTime="2018-07-24T11:08:46.0262039-04:00" testType="13cdc9d9-ddb5-4fa4-a97d-d965ccfc6d4b" outcome="Passed" testListId="8c84fa94-04c1-424b-9868-57a2d4851a1d" relativeResultsDirectory="1dfadf69-422d-4a4b-a71d-9d9e3edbc753" /><UnitTestResult executionId="0ec9a2c4-58f7-48a5-b0ca-89d43b18c28a" testId="a730f2b9-f304-4c47-841c-ff77c34cc2cf" testName="PostFile_FileTimeStampIsUpdatedAfterFileIsPosted" computerName="VECTOR" duration="00:00:01.1240000" startTime="2018-07-24T11:08:44.7175725-04:00" endTime="2018-07-24T11:08:44.7175794-04:00" testType="13cdc9d9-ddb5-4fa4-a97d-d965ccfc6d4b" outcome="Passed" testListId="8c84fa94-04c1-424b-9868-57a2d4851a1d" relativeResultsDirectory="0ec9a2c4-58f7-48a5-b0ca-89d43b18c28a" /><UnitTestResult executionId="f535d897-6e61-4518-ae1c-69fa69274c94" testId="864da343-e6fb-4cf1-ab08-8f8597c94af9" testName="Post_InvalidReferencePropertyReturnsBadRequest" computerName="VECTOR" duration="00:00:00.0020000" startTime="2018-07-24T11:08:31.3105435-04:00" endTime="2018-07-24T11:08:31.3105460-04:00" testType="13cdc9d9-ddb5-4fa4-a97d-d965ccfc6d4b" outcome="Passed" testListId="8c84fa94-04c1-424b-9868-57a2d4851a1d" relativeResultsDirectory="f535d897-6e61-4518-ae1c-69fa69274c94" /><UnitTestResult executionId="d638f6ed-bbca-41a4-8f97-f998222de14e" testId="f9bfee58-2192-448d-a328-3bdc050dd3fb" testName="Put_CanUpdateModel" computerName="VECTOR" duration="00:00:00.0360000" startTime="2018-07-24T11:08:31.8345452-04:00" endTime="2018-07-24T11:08:31.8345526-04:00" testType="13cdc9d9-ddb5-4fa4-a97d-d965ccfc6d4b" outcome="Passed" testListId="8c84fa94-04c1-424b-9868-57a2d4851a1d" relativeResultsDirectory="d638f6ed-bbca-41a4-8f97-f998222de14e" /><UnitTestResult executionId="42636fd3-c736-4c35-a0dd-0518414c2263" testId="26c123bd-005e-46a0-b57f-cf893bfc6384" testName="GetList_ListReturnsCorrectCount" computerName="VECTOR" duration="00:00:00.0810000" startTime="2018-07-24T11:08:31.9160974-04:00" endTime="2018-07-24T11:08:31.9161046-04:00" testType="13cdc9d9-ddb5-4fa4-a97d-d965ccfc6d4b" outcome="Passed" testListId="8c84fa94-04c1-424b-9868-57a2d4851a1d" relativeResultsDirectory="42636fd3-c736-4c35-a0dd-0518414c2263" /><UnitTestResult executionId="56dd8d8a-4ae2-4302-9c3c-6d34f2c46202" testId="56492bc3-faa4-4fa2-b54e-39e2df8b7135" testName="PostFile_NewFileCanBePosted" computerName="VECTOR" duration="00:00:00.0550000" startTime="2018-07-24T11:08:39.4965754-04:00" endTime="2018-07-24T11:08:39.4965825-04:00" testType="13cdc9d9-ddb5-4fa4-a97d-d965ccfc6d4b" outcome="Passed" testListId="8c84fa94-04c1-424b-9868-57a2d4851a1d" relativeResultsDirectory="56dd8d8a-4ae2-4302-9c3c-6d34f2c46202" /><UnitTestResult executionId="3a8717a1-9340-45e4-9193-9248d932a012" testId="7f7544b6-023d-4cc4-bbe3-54972c370b91" testName="Put_CanUpdateModel" computerName="VECTOR" duration="00:00:00.0410000" startTime="2018-07-24T11:08:43.5656519-04:00" endTime="2018-07-24T11:08:43.5656575-04:00" testType="13cdc9d9-ddb5-4fa4-a97d-d965ccfc6d4b" outcome="Passed" testListId="8c84fa94-04c1-424b-9868-57a2d4851a1d" relativeResultsDirectory="3a8717a1-9340-45e4-9193-9248d932a012" /><UnitTestResult executionId="704d7429-11ec-4dda-9503-ec7cb99a5f95" testId="03c51d29-9e2a-4ab8-aac6-02ae00b54068" testName="Patch_TargetPropertyIsUpdated" computerName="VECTOR" duration="00:00:00.0440000" startTime="2018-07-24T11:08:46.1290359-04:00" endTime="2018-07-24T11:08:46.1290421-04:00" testType="13cdc9d9-ddb5-4fa4-a97d-d965ccfc6d4b" outcome="Passed" testListId="8c84fa94-04c1-424b-9868-57a2d4851a1d" relativeResultsDirectory="704d7429-11ec-4dda-9503-ec7cb99a5f95" /><UnitTestResult executionId="0a6322cd-d7f2-4fe3-a932-18dbbd8ab584" testId="cc0b3acd-179d-47cb-9d3d-3e14c4dcdcd4" testName="Post_InvalidReferencePropertyReturnsBadRequest" computerName="VECTOR" duration="00:00:00.0060000" startTime="2018-07-24T11:08:33.9747781-04:00" endTime="2018-07-24T11:08:33.9747849-04:00" testType="13cdc9d9-ddb5-4fa4-a97d-d965ccfc6d4b" outcome="Passed" testListId="8c84fa94-04c1-424b-9868-57a2d4851a1d" relativeResultsDirectory="0a6322cd-d7f2-4fe3-a932-18dbbd8ab584" /><UnitTestResult executionId="c64187c8-17ea-4cf7-b2e4-5f89d1260acf" testId="ade6d7ef-1fe0-40c7-82ee-c7029d11dcc7" testName="GetSingle_InvalidIdPropertyValueReturnsNotFound" computerName="VECTOR" duration="00:00:00.0050000" startTime="2018-07-24T11:08:36.2104145-04:00" endTime="2018-07-24T11:08:36.2104190-04:00" testType="13cdc9d9-ddb5-4fa4-a97d-d965ccfc6d4b" outcome="Passed" testListId="8c84fa94-04c1-424b-9868-57a2d4851a1d" relativeResultsDirectory="c64187c8-17ea-4cf7-b2e4-5f89d1260acf" /><UnitTestResult executionId="1a2da97d-6153-4fa7-bd5b-46c81ad32b8e" testId="5b504769-e987-4ea7-8a43-6994f2a3da22" testName="Put_InvalidIdReturnsNotFound" computerName="VECTOR" duration="00:00:00.5450000" startTime="2018-07-24T11:08:34.9992147-04:00" endTime="2018-07-24T11:08:34.9992227-04:00" testType="13cdc9d9-ddb5-4fa4-a97d-d965ccfc6d4b" outcome="Passed" testListId="8c84fa94-04c1-424b-9868-57a2d4851a1d" relativeResultsDirectory="1a2da97d-6153-4fa7-bd5b-46c81ad32b8e" /><UnitTestResult executionId="f159fe7c-f320-4026-af68-67c6af2b2afa" testId="40643cda-68eb-453b-9878-126c9a22426d" testName="Put_InvalidReferencePropertyReturndBadRequest" computerName="VECTOR" duration="00:00:00.0200000" startTime="2018-07-24T11:08:36.3010968-04:00" endTime="2018-07-24T11:08:36.3011048-04:00" testType="13cdc9d9-ddb5-4fa4-a97d-d965ccfc6d4b" outcome="Passed" testListId="8c84fa94-04c1-424b-9868-57a2d4851a1d" relativeResultsDirectory="f159fe7c-f320-4026-af68-67c6af2b2afa" /><UnitTestResult executionId="52889a9c-336c-4720-bf0e-e238a87cc720" testId="04b3c86e-ea3b-4620-a127-31d06a014ff9" testName="Put_InvalidIdReturnsNotFound" computerName="VECTOR" duration="00:00:00.0530000" startTime="2018-07-24T11:08:32.4911125-04:00" endTime="2018-07-24T11:08:32.4911196-04:00" testType="13cdc9d9-ddb5-4fa4-a97d-d965ccfc6d4b" outcome="Passed" testListId="8c84fa94-04c1-424b-9868-57a2d4851a1d" relativeResultsDirectory="52889a9c-336c-4720-bf0e-e238a87cc720" /><UnitTestResult executionId="f9980409-f987-49f3-90f2-98240a1979bd" testId="35accda0-73a3-445e-98c3-b3c19d0fce9f" testName="GetFile_NonExistentFileReturnsNotFound" computerName="VECTOR" duration="00:00:00.0140000" startTime="2018-07-24T11:08:36.3196074-04:00" endTime="2018-07-24T11:08:36.3196145-04:00" testType="13cdc9d9-ddb5-4fa4-a97d-d965ccfc6d4b" outcome="Passed" testListId="8c84fa94-04c1-424b-9868-57a2d4851a1d" relativeResultsDirectory="f9980409-f987-49f3-90f2-98240a1979bd" /><UnitTestResult executionId="55079fee-5a63-4f6c-a97e-7b9645ccfebd" testId="185ccf1b-335b-4d89-b4d3-8f225ef6fdde" testName="Put_InvalidReferencePropertyReturndBadRequest" computerName="VECTOR" duration="00:00:00.0170000" startTime="2018-07-24T11:08:45.8933312-04:00" endTime="2018-07-24T11:08:45.8933392-04:00" testType="13cdc9d9-ddb5-4fa4-a97d-d965ccfc6d4b" outcome="Passed" testListId="8c84fa94-04c1-424b-9868-57a2d4851a1d" relativeResultsDirectory="55079fee-5a63-4f6c-a97e-7b9645ccfebd" /><UnitTestResult executionId="a8c5b410-f780-4d86-95ae-171a7fa57aed" testId="45a9d074-7d52-4d67-ae2d-dc99b25472e2" testName="Post_ValidReferencePropertyCreatesModel" computerName="VECTOR" duration="00:00:00.0150000" startTime="2018-07-24T11:08:36.2517924-04:00" endTime="2018-07-24T11:08:36.2517998-04:00" testType="13cdc9d9-ddb5-4fa4-a97d-d965ccfc6d4b" outcome="Passed" testListId="8c84fa94-04c1-424b-9868-57a2d4851a1d" relativeResultsDirectory="a8c5b410-f780-4d86-95ae-171a7fa57aed" /><UnitTestResult executionId="c1bf3e50-3f07-4c66-9677-bcdde8990ad7" testId="e2d52d68-e103-4c33-aae0-e53c2bf86a14" testName="PutFile_NewFileCanBePut" computerName="VECTOR" duration="00:00:00.1010000" startTime="2018-07-24T11:08:32.8798936-04:00" endTime="2018-07-24T11:08:32.8799013-04:00" testType="13cdc9d9-ddb5-4fa4-a97d-d965ccfc6d4b" outcome="Passed" testListId="8c84fa94-04c1-424b-9868-57a2d4851a1d" relativeResultsDirectory="c1bf3e50-3f07-4c66-9677-bcdde8990ad7" /><UnitTestResult executionId="6986b335-034d-4fd1-a3be-291b0acab37b" testId="aed1368b-441e-418c-a1db-825d3c453d1d" testName="Put_InvalidReferencePropertyReturndBadRequest" computerName="VECTOR" duration="00:00:00.0120000" startTime="2018-07-24T11:08:33.8115951-04:00" endTime="2018-07-24T11:08:33.8116033-04:00" testType="13cdc9d9-ddb5-4fa4-a97d-d965ccfc6d4b" outcome="Passed" testListId="8c84fa94-04c1-424b-9868-57a2d4851a1d" relativeResultsDirectory="6986b335-034d-4fd1-a3be-291b0acab37b" /><UnitTestResult executionId="ceefe5b4-b084-4a7d-915a-040fc94883d4" testId="c473a562-8943-4ecc-8578-dddc81d8196c" testName="GetFile_ExistingFileReturnsSuccess" computerName="VECTOR" duration="00:00:00.0730000" startTime="2018-07-24T11:08:33.0946920-04:00" endTime="2018-07-24T11:08:33.0947017-04:00" testType="13cdc9d9-ddb5-4fa4-a97d-d965ccfc6d4b" outcome="Passed" testListId="8c84fa94-04c1-424b-9868-57a2d4851a1d" relativeResultsDirectory="ceefe5b4-b084-4a7d-915a-040fc94883d4" /><UnitTestResult executionId="cb805373-7ccc-457b-9dc2-c83bc803d468" testId="c38bc7d3-892d-4c18-b036-ca76ff35d76a" testName="Patch_InvalidPropertyNameReturnsBadRequest" computerName="VECTOR" duration="00:00:00.0060000" startTime="2018-07-24T11:08:42.9688531-04:00" endTime="2018-07-24T11:08:42.9688613-04:00" testType="13cdc9d9-ddb5-4fa4-a97d-d965ccfc6d4b" outcome="Passed" testListId="8c84fa94-04c1-424b-9868-57a2d4851a1d" relativeResultsDirectory="cb805373-7ccc-457b-9dc2-c83bc803d468" /><UnitTestResult executionId="71746fde-60a7-4961-8057-11897bf95e78" testId="b58dbd47-5ff8-4d12-935c-1e1ffc526bd8" testName="PostFile_FileTimeStampIsUpdatedAfterFileIsPosted" computerName="VECTOR" duration="00:00:00.0010000" startTime="2018-07-24T11:08:32.7786004-04:00" endTime="2018-07-24T11:08:32.7786027-04:00" testType="13cdc9d9-ddb5-4fa4-a97d-d965ccfc6d4b" outcome="Passed" testListId="8c84fa94-04c1-424b-9868-57a2d4851a1d" relativeResultsDirectory="71746fde-60a7-4961-8057-11897bf95e78" /><UnitTestResult executionId="5b992eaf-5edf-4f1b-b475-2bfd9ca0525f" testId="718d49e2-d95f-4886-a31b-fc7400643356" testName="Post_ValidReferencePropertyCreatesModel" computerName="VECTOR" duration="00:00:00.0140000" startTime="2018-07-24T11:08:33.7996729-04:00" endTime="2018-07-24T11:08:33.7996811-04:00" testType="13cdc9d9-ddb5-4fa4-a97d-d965ccfc6d4b" outcome="Passed" testListId="8c84fa94-04c1-424b-9868-57a2d4851a1d" relativeResultsDirectory="5b992eaf-5edf-4f1b-b475-2bfd9ca0525f" /><UnitTestResult executionId="50cc8c76-9733-40f4-82d0-201d317abf75" testId="b162e01a-884e-4f80-a018-503a6832d7ad" testName="Post_InvalidPropertyValueReturnsBadRequest" computerName="VECTOR" duration="00:00:00.0030000" startTime="2018-07-24T11:08:32.5008049-04:00" endTime="2018-07-24T11:08:32.5008117-04:00" testType="13cdc9d9-ddb5-4fa4-a97d-d965ccfc6d4b" outcome="Passed" testListId="8c84fa94-04c1-424b-9868-57a2d4851a1d" relativeResultsDirectory="50cc8c76-9733-40f4-82d0-201d317abf75" /><UnitTestResult executionId="ba3d093e-8b82-424c-98e2-021873685d1c" testId="d441793b-cbe0-4a4a-99ae-5144fbd83c4a" testName="Patch_TargetPropertyIsUpdated" computerName="VECTOR" duration="00:00:00.0440000" startTime="2018-07-24T11:08:33.9198428-04:00" endTime="2018-07-24T11:08:33.9198490-04:00" testType="13cdc9d9-ddb5-4fa4-a97d-d965ccfc6d4b" outcome="Passed" testListId="8c84fa94-04c1-424b-9868-57a2d4851a1d" relativeResultsDirectory="ba3d093e-8b82-424c-98e2-021873685d1c" /><UnitTestResult executionId="4f702851-98f6-4365-9741-81f226b01852" testId="85e87778-7c47-4e28-b120-8a2a577ea22d" testName="PutFile_NewFileCanBePut" computerName="VECTOR" duration="00:00:00.0660000" startTime="2018-07-24T11:08:45.3916634-04:00" endTime="2018-07-24T11:08:45.3916719-04:00" testType="13cdc9d9-ddb5-4fa4-a97d-d965ccfc6d4b" outcome="Passed" testListId="8c84fa94-04c1-424b-9868-57a2d4851a1d" relativeResultsDirectory="4f702851-98f6-4365-9741-81f226b01852" /><UnitTestResult executionId="d8f84a37-107b-4368-a4fb-e65a2769f4ae" testId="b6327a74-6f85-4525-9b6d-36836a1e72f7" testName="GetSingle_InvalidIdPropertyValueReturnsNotFound" computerName="VECTOR" duration="00:00:00.0050000" startTime="2018-07-24T11:08:43.5070508-04:00" endTime="2018-07-24T11:08:43.5070562-04:00" testType="13cdc9d9-ddb5-4fa4-a97d-d965ccfc6d4b" outcome="Passed" testListId="8c84fa94-04c1-424b-9868-57a2d4851a1d" relativeResultsDirectory="d8f84a37-107b-4368-a4fb-e65a2769f4ae" /><UnitTestResult executionId="988ee6bb-50ed-43f1-9279-5accfad9f913" testId="0d7df5d1-a625-407b-b5cb-88c18bae7f6d" testName="GetList_ListReturnsCorrectCount" computerName="VECTOR" duration="00:00:00.0600000" startTime="2018-07-24T11:08:32.6968487-04:00" endTime="2018-07-24T11:08:32.6968558-04:00" testType="13cdc9d9-ddb5-4fa4-a97d-d965ccfc6d4b" outcome="Passed" testListId="8c84fa94-04c1-424b-9868-57a2d4851a1d" relativeResultsDirectory="988ee6bb-50ed-43f1-9279-5accfad9f913" /><UnitTestResult executionId="8a32cb15-0b5a-4eb2-8ab7-864c288e1dcb" testId="961a969b-326a-412d-95fb-bccb01993ffc" testName="Patch_InvalidReferencePropertyReturnsBadRequest" computerName="VECTOR" duration="00:00:00.0150000" startTime="2018-07-24T11:08:32.7360356-04:00" endTime="2018-07-24T11:08:32.7360453-04:00" testType="13cdc9d9-ddb5-4fa4-a97d-d965ccfc6d4b" outcome="Passed" testListId="8c84fa94-04c1-424b-9868-57a2d4851a1d" relativeResultsDirectory="8a32cb15-0b5a-4eb2-8ab7-864c288e1dcb" /><UnitTestResult executionId="2568cfc5-a66c-4c30-a124-6923deaae7bd" testId="3e5dca3f-9bce-44cf-917e-dfff2d1caac9" testName="GetFile_FileCanBeRoundTripped" computerName="VECTOR" duration="00:00:00.0770000" startTime="2018-07-24T11:08:33.3388562-04:00" endTime="2018-07-24T11:08:33.3388650-04:00" testType="13cdc9d9-ddb5-4fa4-a97d-d965ccfc6d4b" outcome="Passed" testListId="8c84fa94-04c1-424b-9868-57a2d4851a1d" relativeResultsDirectory="2568cfc5-a66c-4c30-a124-6923deaae7bd" /><UnitTestResult executionId="7473a307-2d9d-42e7-9565-e9b79168ae04" testId="9294f8b3-994f-45d2-93f0-e895d922f125" testName="PutFile_FileCanBeUpdated" computerName="VECTOR" duration="00:00:00.1400000" startTime="2018-07-24T11:08:33.0207642-04:00" endTime="2018-07-24T11:08:33.0207727-04:00" testType="13cdc9d9-ddb5-4fa4-a97d-d965ccfc6d4b" outcome="Passed" testListId="8c84fa94-04c1-424b-9868-57a2d4851a1d" relativeResultsDirectory="7473a307-2d9d-42e7-9565-e9b79168ae04" /><UnitTestResult executionId="9d8c2a32-d32a-4d12-a6b1-14c81a481388" testId="866fb5e3-89a7-494c-8a41-c751c373289c" testName="Patch_MultipleInvalidReferencePropertiesReturnsMultipleValidationErrorsAndBadRequest" computerName="VECTOR" duration="00:00:00.0170000" startTime="2018-07-24T11:08:33.6366798-04:00" endTime="2018-07-24T11:08:33.6366863-04:00" testType="13cdc9d9-ddb5-4fa4-a97d-d965ccfc6d4b" outcome="Passed" testListId="8c84fa94-04c1-424b-9868-57a2d4851a1d" relativeResultsDirectory="9d8c2a32-d32a-4d12-a6b1-14c81a481388" /><UnitTestResult executionId="f373eacc-cdeb-486a-845c-95d0021c3812" testId="fea66212-f06d-414b-a098-d289243b9ea7" testName="Patch_InvalidIdPropertyReturnsNotFound" computerName="VECTOR" duration="00:00:00.0060000" startTime="2018-07-24T11:08:43.1457119-04:00" endTime="2018-07-24T11:08:43.1457188-04:00" testType="13cdc9d9-ddb5-4fa4-a97d-d965ccfc6d4b" outcome="Passed" testListId="8c84fa94-04c1-424b-9868-57a2d4851a1d" relativeResultsDirectory="f373eacc-cdeb-486a-845c-95d0021c3812" /><UnitTestResult executionId="7d0b9648-de16-4e5e-b2f0-a34abe077bf0" testId="590da74f-ea3e-4c68-85da-36d7f9b98b9a" testName="CameraHasExpectedDependentFiles" computerName="VECTOR" duration="00:00:00.0010000" startTime="2018-07-24T11:08:30.7583058-04:00" endTime="2018-07-24T11:08:30.7583081-04:00" testType="13cdc9d9-ddb5-4fa4-a97d-d965ccfc6d4b" outcome="Passed" testListId="8c84fa94-04c1-424b-9868-57a2d4851a1d" relativeResultsDirectory="7d0b9648-de16-4e5e-b2f0-a34abe077bf0" /><UnitTestResult executionId="836cdc89-dd47-439d-aa2d-45ecca28b023" testId="ed249cf1-37e7-4d77-a7f9-b52164a39a5c" testName="Patch_InvalidPropertyNameReturnsBadRequest" computerName="VECTOR" duration="00:00:00.0060000" startTime="2018-07-24T11:08:32.4974158-04:00" endTime="2018-07-24T11:08:32.4974263-04:00" testType="13cdc9d9-ddb5-4fa4-a97d-d965ccfc6d4b" outcome="Passed" testListId="8c84fa94-04c1-424b-9868-57a2d4851a1d" relativeResultsDirectory="836cdc89-dd47-439d-aa2d-45ecca28b023" /><UnitTestResult executionId="cf9153cc-11b4-4031-bd95-41941836a5bf" testId="ef8ba827-1603-43d9-a45b-6e033d98d00a" testName="PostFile_FileTimeStampIsUpdatedAfterFileIsPosted" computerName="VECTOR" duration="00:00:01.1550000" startTime="2018-07-24T11:08:39.4410514-04:00" endTime="2018-07-24T11:08:39.4410585-04:00" testType="13cdc9d9-ddb5-4fa4-a97d-d965ccfc6d4b" outcome="Passed" testListId="8c84fa94-04c1-424b-9868-57a2d4851a1d" relativeResultsDirectory="cf9153cc-11b4-4031-bd95-41941836a5bf" /><UnitTestResult executionId="56a43137-17b2-41c7-a7ff-6f576df2a8b2" testId="650524cb-2d78-420f-a782-b3a538fdc65f" testName="PutFile_FileCanBeUpdated" computerName="VECTOR" duration="00:00:00.1280000" startTime="2018-07-24T11:08:38.2686441-04:00" endTime="2018-07-24T11:08:38.2686515-04:00" testType="13cdc9d9-ddb5-4fa4-a97d-d965ccfc6d4b" outcome="Passed" testListId="8c84fa94-04c1-424b-9868-57a2d4851a1d" relativeResultsDirectory="56a43137-17b2-41c7-a7ff-6f576df2a8b2" /><UnitTestResult executionId="b697e7cc-e2a8-4258-ae00-6ee3ec648851" testId="27064cd9-7f83-46e8-bae8-5445d63ff406" testName="Patch_InvalidReferencePropertyReturnsBadRequest" computerName="VECTOR" duration="00:00:00.0110000" startTime="2018-07-24T11:08:33.6611079-04:00" endTime="2018-07-24T11:08:33.6611162-04:00" testType="13cdc9d9-ddb5-4fa4-a97d-d965ccfc6d4b" outcome="Passed" testListId="8c84fa94-04c1-424b-9868-57a2d4851a1d" relativeResultsDirectory="b697e7cc-e2a8-4258-ae00-6ee3ec648851" /><UnitTestResult executionId="f799b92e-2e20-495a-9918-312e103081cf" testId="afef2d17-67f9-428e-a1b8-51dd40fab7a5" testName="Patch_MultipleInvalidReferencePropertiesReturnsMultipleValidationErrorsAndBadRequest" computerName="VECTOR" duration="00:00:00.0020000" startTime="2018-07-24T11:08:31.9183714-04:00" endTime="2018-07-24T11:08:31.9183785-04:00" testType="13cdc9d9-ddb5-4fa4-a97d-d965ccfc6d4b" outcome="Passed" testListId="8c84fa94-04c1-424b-9868-57a2d4851a1d" relativeResultsDirectory="f799b92e-2e20-495a-9918-312e103081cf" /><UnitTestResult executionId="4fbccd29-cc48-4f3b-8ae1-87f9ebe1f706" testId="5f85b955-431d-44d4-b71b-ad2e0698fc22" testName="Post_InvalidPropertyValueReturnsBadRequest" computerName="VECTOR" duration="00:00:00.0040000" startTime="2018-07-24T11:08:45.9507095-04:00" endTime="2018-07-24T11:08:45.9507189-04:00" testType="13cdc9d9-ddb5-4fa4-a97d-d965ccfc6d4b" outcome="Passed" testListId="8c84fa94-04c1-424b-9868-57a2d4851a1d" relativeResultsDirectory="4fbccd29-cc48-4f3b-8ae1-87f9ebe1f706" /><UnitTestResult executionId="66e1431e-6618-4067-8aff-df098563f443" testId="f0a8ab12-df6a-4c4a-80f0-f81e74ad40df" testName="Patch_ValidReferencePropertyUpdatesModel" computerName="VECTOR" duration="00:00:00.0560000" startTime="2018-07-24T11:08:43.5015267-04:00" endTime="2018-07-24T11:08:43.5015363-04:00" testType="13cdc9d9-ddb5-4fa4-a97d-d965ccfc6d4b" outcome="Passed" testListId="8c84fa94-04c1-424b-9868-57a2d4851a1d" relativeResultsDirectory="66e1431e-6618-4067-8aff-df098563f443" /><UnitTestResult executionId="c2bdb7dc-384c-4bce-aff6-678a7a77dccb" testId="38e3825c-1777-48cc-8260-c47d63468973" testName="Patch_InvalidEnumPropertyValueReturnsBadRequest" computerName="VECTOR" duration="00:00:00.0010000" startTime="2018-07-24T11:08:33.8243353-04:00" endTime="2018-07-24T11:08:33.8243378-04:00" testType="13cdc9d9-ddb5-4fa4-a97d-d965ccfc6d4b" outcome="Passed" testListId="8c84fa94-04c1-424b-9868-57a2d4851a1d" relativeResultsDirectory="c2bdb7dc-384c-4bce-aff6-678a7a77dccb" /><UnitTestResult executionId="a986bdd4-2d15-441c-94ec-fd3e7a7649f1" testId="d770bcee-c6ff-4ff8-8521-d9ec575a94a9" testName="GetList_ListReturnsCorrectCount" computerName="VECTOR" duration="00:00:00.1080000" startTime="2018-07-24T11:08:42.9627479-04:00" endTime="2018-07-24T11:08:42.9627547-04:00" testType="13cdc9d9-ddb5-4fa4-a97d-d965ccfc6d4b" outcome="Passed" testListId="8c84fa94-04c1-424b-9868-57a2d4851a1d" relativeResultsDirectory="a986bdd4-2d15-441c-94ec-fd3e7a7649f1" /><UnitTestResult executionId="2781545e-23c6-4137-8296-b26bdc1b5358" testId="fdabeac8-b71c-4e77-bda1-3508f6aa7f90" testName="GetList_ListReturnsCorrectCount" computerName="VECTOR" duration="00:00:00.4780000" startTime="2018-07-24T11:08:34.4542966-04:00" endTime="2018-07-24T11:08:34.4543060-04:00" testType="13cdc9d9-ddb5-4fa4-a97d-d965ccfc6d4b" outcome="Passed" testListId="8c84fa94-04c1-424b-9868-57a2d4851a1d" relativeResultsDirectory="2781545e-23c6-4137-8296-b26bdc1b5358" /><UnitTestResult executionId="a632589f-cff3-422c-965e-4efeabb685ae" testId="31bb7615-01d6-4cc8-92fd-373b37c381c1" testName="PostFile_NewFileCanBePosted" computerName="VECTOR" duration="00:00:00.1020000" startTime="2018-07-24T11:08:45.5647083-04:00" endTime="2018-07-24T11:08:45.5647157-04:00" testType="13cdc9d9-ddb5-4fa4-a97d-d965ccfc6d4b" outcome="Passed" testListId="8c84fa94-04c1-424b-9868-57a2d4851a1d" relativeResultsDirectory="a632589f-cff3-422c-965e-4efeabb685ae" /><UnitTestResult executionId="2d161bfc-5109-4a64-9db6-d92c3609471f" testId="b5a27a68-a3c9-488c-a22f-4b2f5dea6906" testName="Patch_InvalidPropertyNameReturnsBadRequest" computerName="VECTOR" duration="00:00:00.0060000" startTime="2018-07-24T11:08:36.1984719-04:00" endTime="2018-07-24T11:08:36.1984787-04:00" testType="13cdc9d9-ddb5-4fa4-a97d-d965ccfc6d4b" outcome="Passed" testListId="8c84fa94-04c1-424b-9868-57a2d4851a1d" relativeResultsDirectory="2d161bfc-5109-4a64-9db6-d92c3609471f" /><UnitTestResult executionId="95bfed62-586c-4518-a855-ca35b09f7668" testId="d89bede4-35fc-4a56-9ca2-bddb829a182c" testName="PostFile_FileIsSynchronizedIsUpdatedAfterFileIsPosted" computerName="VECTOR" duration="00:00:00.0700000" startTime="2018-07-24T11:08:45.4624835-04:00" endTime="2018-07-24T11:08:45.4624926-04:00" testType="13cdc9d9-ddb5-4fa4-a97d-d965ccfc6d4b" outcome="Passed" testListId="8c84fa94-04c1-424b-9868-57a2d4851a1d" relativeResultsDirectory="95bfed62-586c-4518-a855-ca35b09f7668" /><UnitTestResult executionId="249fe58a-5e5a-4cb6-8ab1-476333abd566" testId="7a6bf555-158a-49e1-ba02-5098a849a1d1" testName="Post_CanCreateNewModel" computerName="VECTOR" duration="00:00:00.0150000" startTime="2018-07-24T11:08:45.7262968-04:00" endTime="2018-07-24T11:08:45.7263048-04:00" testType="13cdc9d9-ddb5-4fa4-a97d-d965ccfc6d4b" outcome="Passed" testListId="8c84fa94-04c1-424b-9868-57a2d4851a1d" relativeResultsDirectory="249fe58a-5e5a-4cb6-8ab1-476333abd566" /><UnitTestResult executionId="17a2557d-dec0-4ac5-81e4-3649a0d4185a" testId="9b0bc726-8a8d-41c5-9a5a-ed9ed66d0b4e" testName="Patch_InvalidPropertyNameReturnsBadRequest" computerName="VECTOR" duration="00:00:00.0060000" startTime="2018-07-24T11:08:45.9467041-04:00" endTime="2018-07-24T11:08:45.9467106-04:00" testType="13cdc9d9-ddb5-4fa4-a97d-d965ccfc6d4b" outcome="Passed" testListId="8c84fa94-04c1-424b-9868-57a2d4851a1d" relativeResultsDirectory="17a2557d-dec0-4ac5-81e4-3649a0d4185a" /><UnitTestResult executionId="d21bd0dc-4e10-4780-a135-5469356c721f" testId="14f61b1d-5287-41b2-99f6-e76bfd1dabeb" testName="Post_CanCreateNewModel" computerName="VECTOR" duration="00:00:00.0140000" startTime="2018-07-24T11:08:43.1600893-04:00" endTime="2018-07-24T11:08:43.1600959-04:00" testType="13cdc9d9-ddb5-4fa4-a97d-d965ccfc6d4b" outcome="Passed" testListId="8c84fa94-04c1-424b-9868-57a2d4851a1d" relativeResultsDirectory="d21bd0dc-4e10-4780-a135-5469356c721f" /><UnitTestResult executionId="79e97a91-69b2-4452-964b-b3396a78d3e9" testId="754f35f0-a51c-4d68-b16b-78e952ec1f6e" testName="Patch_InvalidReferencePropertyReturnsBadRequest" computerName="VECTOR" duration="00:00:00.0150000" startTime="2018-07-24T11:08:43.3886457-04:00" endTime="2018-07-24T11:08:43.3886568-04:00" testType="13cdc9d9-ddb5-4fa4-a97d-d965ccfc6d4b" outcome="Passed" testListId="8c84fa94-04c1-424b-9868-57a2d4851a1d" relativeResultsDirectory="79e97a91-69b2-4452-964b-b3396a78d3e9" /><UnitTestResult executionId="04b9da32-6553-4823-b622-65fc1916eb5a" testId="5f27162d-6a74-4fd8-b8a3-627dd34dc924" testName="Put_InvalidIdReturnsNotFound" computerName="VECTOR" duration="00:00:00.0360000" startTime="2018-07-24T11:08:31.7746183-04:00" endTime="2018-07-24T11:08:31.7746254-04:00" testType="13cdc9d9-ddb5-4fa4-a97d-d965ccfc6d4b" outcome="Passed" testListId="8c84fa94-04c1-424b-9868-57a2d4851a1d" relativeResultsDirectory="04b9da32-6553-4823-b622-65fc1916eb5a" /><UnitTestResult executionId="e2475931-509f-4e40-80f4-7c7c4f043d4e" testId="23f8afd6-e11a-4139-86e0-28423de40d48" testName="Post_ValidReferencePropertyCreatesModel" computerName="VECTOR" duration="00:00:00.0160000" startTime="2018-07-24T11:08:45.9093253-04:00" endTime="2018-07-24T11:08:45.9093324-04:00" testType="13cdc9d9-ddb5-4fa4-a97d-d965ccfc6d4b" outcome="Passed" testListId="8c84fa94-04c1-424b-9868-57a2d4851a1d" relativeResultsDirectory="e2475931-509f-4e40-80f4-7c7c4f043d4e" /><UnitTestResult executionId="eafdacda-d6f0-4af6-9ca4-1e2175563507" testId="94be1c16-9604-43ca-adbf-cbbeaf27bd19" testName="Post_InvalidReferencePropertyReturnsBadRequest" computerName="VECTOR" duration="00:00:00.0080000" startTime="2018-07-24T11:08:43.4148862-04:00" endTime="2018-07-24T11:08:43.4148953-04:00" testType="13cdc9d9-ddb5-4fa4-a97d-d965ccfc6d4b" outcome="Passed" testListId="8c84fa94-04c1-424b-9868-57a2d4851a1d" relativeResultsDirectory="eafdacda-d6f0-4af6-9ca4-1e2175563507" /><UnitTestResult executionId="e5c0de6c-fcce-4f80-a49d-b97bdfd797f6" testId="35d354ee-94bc-436f-9832-30218082a637" testName="Put_ValidReferencePropertyUpdatesModel" computerName="VECTOR" duration="00:00:00.0420000" startTime="2018-07-24T11:08:36.1177159-04:00" endTime="2018-07-24T11:08:36.1177236-04:00" testType="13cdc9d9-ddb5-4fa4-a97d-d965ccfc6d4b" outcome="Passed" testListId="8c84fa94-04c1-424b-9868-57a2d4851a1d" relativeResultsDirectory="e5c0de6c-fcce-4f80-a49d-b97bdfd797f6" /><UnitTestResult executionId="29522c4b-b885-44e0-96e8-c462a98462bf" testId="9fe2f957-abb5-4135-b89a-1711cb93bae7" testName="Patch_InvalidEnumPropertyValueReturnsBadRequest" computerName="VECTOR" duration="00:00:00.0010000" startTime="2018-07-24T11:08:45.8040633-04:00" endTime="2018-07-24T11:08:45.8040648-04:00" testType="13cdc9d9-ddb5-4fa4-a97d-d965ccfc6d4b" outcome="Passed" testListId="8c84fa94-04c1-424b-9868-57a2d4851a1d" relativeResultsDirectory="29522c4b-b885-44e0-96e8-c462a98462bf" /></Results><TestDefinitions><UnitTest name="LucyCameraFindsAllDependents" storage="d:\users\steve knipmeyer\documents\github\modelrelief\modelrelief.test\bin\debug\netcoreapp2.0\modelrelief.test.dll" id="5d87723c-0405-4600-91ff-32848e86f6db"><Execution id="b1a8fdd0-6fce-482a-88b6-1a724744d7ad" /><TestMethod codeBase="D:\Users\Steve Knipmeyer\Documents\GitHub\ModelRelief\ModelRelief.test\bin\Debug\netcoreapp2.0\ModelRelief.Test.dll" adapterTypeName="executor://xunit/VsTestRunner2/netcoreapp" className="ModelRelief.Test.Unit.DependencyManager.DependencyManagerTests" name="LucyCameraFindsAllDependents" /></UnitTest><UnitTest name="Put_CanUpdateModel" storage="d:\users\steve knipmeyer\documents\github\modelrelief\modelrelief.test\bin\debug\netcoreapp2.0\modelrelief.test.dll" id="1b0e01b3-d604-4a15-a9e8-25a98cf9d73b"><Execution id="a7979646-3c2d-4888-8af3-f5fee9d720e4" /><TestMethod codeBase="D:\Users\Steve Knipmeyer\Documents\GitHub\ModelRelief\ModelRelief.test\bin\Debug\netcoreapp2.0\ModelRelief.Test.dll" adapterTypeName="executor://xunit/VsTestRunner2/netcoreapp" className="ModelRelief.Test.Integration.MeshTransforms.MeshTransformsBaseIntegrationTests" name="Put_CanUpdateModel" /></UnitTest><UnitTest name="GetList_ListReturnsCorrectCount" storage="d:\users\steve knipmeyer\documents\github\modelrelief\modelrelief.test\bin\debug\netcoreapp2.0\modelrelief.test.dll" id="bbf205c0-cab0-4bfd-ab33-edc75035d0b9"><Execution id="7dab3c4e-7fe4-4678-9514-cd37d6c3c51d" /><TestMethod codeBase="D:\Users\Steve Knipmeyer\Documents\GitHub\ModelRelief\ModelRelief.test\bin\Debug\netcoreapp2.0\ModelRelief.Test.dll" adapterTypeName="executor://xunit/VsTestRunner2/netcoreapp" className="ModelRelief.Test.Integration.Cameras.CamerasBaseIntegrationTests" name="GetList_ListReturnsCorrectCount" /></UnitTest><UnitTest name="Put_InvalidReferencePropertyReturndBadRequest" storage="d:\users\steve knipmeyer\documents\github\modelrelief\modelrelief.test\bin\debug\netcoreapp2.0\modelrelief.test.dll" id="c8575d8f-f14d-4a3d-9ea8-4633b8332ee2"><Execution id="55fcb43a-ff46-4039-9b57-b046015eeb7e" /><TestMethod codeBase="D:\Users\Steve Knipmeyer\Documents\GitHub\ModelRelief\ModelRelief.test\bin\Debug\netcoreapp2.0\ModelRelief.Test.dll" adapterTypeName="executor://xunit/VsTestRunner2/netcoreapp" className="ModelRelief.Test.Integration.DepthBuffers.DepthBuffersBaseIntegrationTests" name="Put_InvalidReferencePropertyReturndBadRequest" /></UnitTest><UnitTest name="Post_InvalidPropertyValueReturnsBadRequest" storage="d:\users\steve knipmeyer\documents\github\modelrelief\modelrelief.test\bin\debug\netcoreapp2.0\modelrelief.test.dll" id="b162e01a-884e-4f80-a018-503a6832d7ad"><Execution id="50cc8c76-9733-40f4-82d0-201d317abf75" /><TestMethod codeBase="D:\Users\Steve Knipmeyer\Documents\GitHub\ModelRelief\ModelRelief.test\bin\Debug\netcoreapp2.0\ModelRelief.Test.dll" adapterTypeName="executor://xunit/VsTestRunner2/netcoreapp" className="ModelRelief.Test.Integration.Models.ModelsBaseIntegrationTests" name="Post_InvalidPropertyValueReturnsBadRequest" /></UnitTest><UnitTest name="PostFile_FileIsSynchronizedIsUpdatedAfterFileIsPosted" storage="d:\users\steve knipmeyer\documents\github\modelrelief\modelrelief.test\bin\debug\netcoreapp2.0\modelrelief.test.dll" id="4b3d6adc-8f1a-44a1-b3c2-db27800df684"><Execution id="755b28db-a5f6-4b7d-a768-cbc860e64927" /><TestMethod codeBase="D:\Users\Steve Knipmeyer\Documents\GitHub\ModelRelief\ModelRelief.test\bin\Debug\netcoreapp2.0\ModelRelief.Test.dll" adapterTypeName="executor://xunit/VsTestRunner2/netcoreapp" className="ModelRelief.Test.Integration.Meshes.MeshesFileIntegrationTests" name="PostFile_FileIsSynchronizedIsUpdatedAfterFileIsPosted" /></UnitTest><UnitTest name="Model3dHasExpectedDependentFiles" storage="d:\users\steve knipmeyer\documents\github\modelrelief\modelrelief.test\bin\debug\netcoreapp2.0\modelrelief.test.dll" id="914521c4-0225-431a-8510-67a31679fd5f"><Execution id="0de8f1fd-2113-449f-89e0-4f15e8a1527f" /><TestMethod codeBase="D:\Users\Steve Knipmeyer\Documents\GitHub\ModelRelief\ModelRelief.test\bin\Debug\netcoreapp2.0\ModelRelief.Test.dll" adapterTypeName="executor://xunit/VsTestRunner2/netcoreapp" className="ModelRelief.Test.Unit.DependencyManager.DependencyManagerTests" name="Model3dHasExpectedDependentFiles" /></UnitTest><UnitTest name="Post_InvalidReferencePropertyReturnsBadRequest" storage="d:\users\steve knipmeyer\documents\github\modelrelief\modelrelief.test\bin\debug\netcoreapp2.0\modelrelief.test.dll" id="864da343-e6fb-4cf1-ab08-8f8597c94af9"><Execution id="f535d897-6e61-4518-ae1c-69fa69274c94" /><TestMethod codeBase="D:\Users\Steve Knipmeyer\Documents\GitHub\ModelRelief\ModelRelief.test\bin\Debug\netcoreapp2.0\ModelRelief.Test.dll" adapterTypeName="executor://xunit/VsTestRunner2/netcoreapp" className="ModelRelief.Test.Integration.Projects.ProjectsBaseIntegrationTests" name="Post_InvalidReferencePropertyReturnsBadRequest" /></UnitTest><UnitTest name="GetFile_FileCanBeRoundTripped" storage="d:\users\steve knipmeyer\documents\github\modelrelief\modelrelief.test\bin\debug\netcoreapp2.0\modelrelief.test.dll" id="3e5dca3f-9bce-44cf-917e-dfff2d1caac9"><Execution id="2568cfc5-a66c-4c30-a124-6923deaae7bd" /><TestMethod codeBase="D:\Users\Steve Knipmeyer\Documents\GitHub\ModelRelief\ModelRelief.test\bin\Debug\netcoreapp2.0\ModelRelief.Test.dll" adapterTypeName="executor://xunit/VsTestRunner2/netcoreapp" className="ModelRelief.Test.Integration.Models.ModelsFileIntegrationTests" name="GetFile_FileCanBeRoundTripped" /></UnitTest><UnitTest name="DepthBufferHasExpectedDependentFiles" storage="d:\users\steve knipmeyer\documents\github\modelrelief\modelrelief.test\bin\debug\netcoreapp2.0\modelrelief.test.dll" id="2e8ff413-7a7e-466d-9a87-e2937c1642cf"><Execution id="8c1e19ae-c3cb-46a9-ad00-092c75cbef7c" /><TestMethod codeBase="D:\Users\Steve Knipmeyer\Documents\GitHub\ModelRelief\ModelRelief.test\bin\Debug\netcoreapp2.0\ModelRelief.Test.dll" adapterTypeName="executor://xunit/VsTestRunner2/netcoreapp" className="ModelRelief.Test.Unit.DependencyManager.DependencyManagerTests" name="DepthBufferHasExpectedDependentFiles" /></UnitTest><UnitTest name="Put_ValidReferencePropertyUpdatesModel" storage="d:\users\steve knipmeyer\documents\github\modelrelief\modelrelief.test\bin\debug\netcoreapp2.0\modelrelief.test.dll" id="35d354ee-94bc-436f-9832-30218082a637"><Execution id="e5c0de6c-fcce-4f80-a49d-b97bdfd797f6" /><TestMethod codeBase="D:\Users\Steve Knipmeyer\Documents\GitHub\ModelRelief\ModelRelief.test\bin\Debug\netcoreapp2.0\ModelRelief.Test.dll" adapterTypeName="executor://xunit/VsTestRunner2/netcoreapp" className="ModelRelief.Test.Integration.Meshes.MeshesBaseIntegrationTests" name="Put_ValidReferencePropertyUpdatesModel" /></UnitTest><UnitTest name="GetFile_FileCanBeRoundTripped" storage="d:\users\steve knipmeyer\documents\github\modelrelief\modelrelief.test\bin\debug\netcoreapp2.0\modelrelief.test.dll" id="a71a8262-60f6-4e5f-81b2-d59011ba3c11"><Execution id="5d168437-f63c-407e-8639-76adea3aa9e8" /><TestMethod codeBase="D:\Users\Steve Knipmeyer\Documents\GitHub\ModelRelief\ModelRelief.test\bin\Debug\netcoreapp2.0\ModelRelief.Test.dll" adapterTypeName="executor://xunit/VsTestRunner2/netcoreapp" className="ModelRelief.Test.Integration.Meshes.MeshesFileIntegrationTests" name="GetFile_FileCanBeRoundTripped" /></UnitTest><UnitTest name="PutFile_NewFileCanBePut" storage="d:\users\steve knipmeyer\documents\github\modelrelief\modelrelief.test\bin\debug\netcoreapp2.0\modelrelief.test.dll" id="e2d52d68-e103-4c33-aae0-e53c2bf86a14"><Execution id="c1bf3e50-3f07-4c66-9677-bcdde8990ad7" /><TestMethod codeBase="D:\Users\Steve Knipmeyer\Documents\GitHub\ModelRelief\ModelRelief.test\bin\Debug\netcoreapp2.0\ModelRelief.Test.dll" adapterTypeName="executor://xunit/VsTestRunner2/netcoreapp" className="ModelRelief.Test.Integration.Models.ModelsFileIntegrationTests" name="PutFile_NewFileCanBePut" /></UnitTest><UnitTest name="Patch_InvalidPropertyNameReturnsBadRequest" storage="d:\users\steve knipmeyer\documents\github\modelrelief\modelrelief.test\bin\debug\netcoreapp2.0\modelrelief.test.dll" id="c38bc7d3-892d-4c18-b036-ca76ff35d76a"><Execution id="cb805373-7ccc-457b-9dc2-c83bc803d468" /><TestMethod codeBase="D:\Users\Steve Knipmeyer\Documents\GitHub\ModelRelief\ModelRelief.test\bin\Debug\netcoreapp2.0\ModelRelief.Test.dll" adapterTypeName="executor://xunit/VsTestRunner2/netcoreapp" className="ModelRelief.Test.Integration.DepthBuffers.DepthBuffersBaseIntegrationTests" name="Patch_InvalidPropertyNameReturnsBadRequest" /></UnitTest><UnitTest name="Put_CanUpdateModel" storage="d:\users\steve knipmeyer\documents\github\modelrelief\modelrelief.test\bin\debug\netcoreapp2.0\modelrelief.test.dll" id="d175fa42-d2ec-46e5-bbad-42d49a15f98c"><Execution id="07156daf-ffe2-4a19-b518-d48d3730a327" /><TestMethod codeBase="D:\Users\Steve Knipmeyer\Documents\GitHub\ModelRelief\ModelRelief.test\bin\Debug\netcoreapp2.0\ModelRelief.Test.dll" adapterTypeName="executor://xunit/VsTestRunner2/netcoreapp" className="ModelRelief.Test.Integration.Cameras.CamerasBaseIntegrationTests" name="Put_CanUpdateModel" /></UnitTest><UnitTest name="Put_InvalidReferencePropertyReturndBadRequest" storage="d:\users\steve knipmeyer\documents\github\modelrelief\modelrelief.test\bin\debug\netcoreapp2.0\modelrelief.test.dll" id="40643cda-68eb-453b-9878-126c9a22426d"><Execution id="f159fe7c-f320-4026-af68-67c6af2b2afa" /><TestMethod codeBase="D:\Users\Steve Knipmeyer\Documents\GitHub\ModelRelief\ModelRelief.test\bin\Debug\netcoreapp2.0\ModelRelief.Test.dll" adapterTypeName="executor://xunit/VsTestRunner2/netcoreapp" className="ModelRelief.Test.Integration.Meshes.MeshesBaseIntegrationTests" name="Put_InvalidReferencePropertyReturndBadRequest" /></UnitTest><UnitTest name="Put_InvalidReferencePropertyReturndBadRequest" storage="d:\users\steve knipmeyer\documents\github\modelrelief\modelrelief.test\bin\debug\netcoreapp2.0\modelrelief.test.dll" id="aed1368b-441e-418c-a1db-825d3c453d1d"><Execution id="6986b335-034d-4fd1-a3be-291b0acab37b" /><TestMethod codeBase="D:\Users\Steve Knipmeyer\Documents\GitHub\ModelRelief\ModelRelief.test\bin\Debug\netcoreapp2.0\ModelRelief.Test.dll" adapterTypeName="executor://xunit/VsTestRunner2/netcoreapp" className="ModelRelief.Test.Integration.MeshTransforms.MeshTransformsBaseIntegrationTests" name="Put_InvalidReferencePropertyReturndBadRequest" /></UnitTest><UnitTest name="Patch_TargetPropertyIsUpdated" storage="d:\users\steve knipmeyer\documents\github\modelrelief\modelrelief.test\bin\debug\netcoreapp2.0\modelrelief.test.dll" id="75e2c993-3b15-400c-b276-9b12c79d3990"><Execution id="ee8ee914-6980-4681-b613-0d25b6cbeb9b" /><TestMethod codeBase="D:\Users\Steve Knipmeyer\Documents\GitHub\ModelRelief\ModelRelief.test\bin\Debug\netcoreapp2.0\ModelRelief.Test.dll" adapterTypeName="executor://xunit/VsTestRunner2/netcoreapp" className="ModelRelief.Test.Integration.DepthBuffers.DepthBuffersBaseIntegrationTests" name="Patch_TargetPropertyIsUpdated" /></UnitTest><UnitTest name="PutFile_FileCanBeUpdated" storage="d:\users\steve knipmeyer\documents\github\modelrelief\modelrelief.test\bin\debug\netcoreapp2.0\modelrelief.test.dll" id="308327c4-2b0c-436a-a68b-29fb064893bf"><Execution id="be13ec48-5280-4e7e-b550-0d71067b734c" /><TestMethod codeBase="D:\Users\Steve Knipmeyer\Documents\GitHub\ModelRelief\ModelRelief.test\bin\Debug\netcoreapp2.0\ModelRelief.Test.dll" adapterTypeName="executor://xunit/VsTestRunner2/netcoreapp" className="ModelRelief.Test.Integration.DepthBuffers.DepthBuffersFileIntegrationTests" name="PutFile_FileCanBeUpdated" /></UnitTest><UnitTest name="Delete_TargetModelIsDeleted" storage="d:\users\steve knipmeyer\documents\github\modelrelief\modelrelief.test\bin\debug\netcoreapp2.0\modelrelief.test.dll" id="1d629a3c-4eab-481a-bbe8-948d008f3e6b"><Execution id="8badf6af-b222-420f-91c2-af670bc47b64" /><TestMethod codeBase="D:\Users\Steve Knipmeyer\Documents\GitHub\ModelRelief\ModelRelief.test\bin\Debug\netcoreapp2.0\ModelRelief.Test.dll" adapterTypeName="executor://xunit/VsTestRunner2/netcoreapp" className="ModelRelief.Test.Integration.MeshTransforms.MeshTransformsBaseIntegrationTests" name="Delete_TargetModelIsDeleted" /></UnitTest><UnitTest name="Post_CanCreateNewModel" storage="d:\users\steve knipmeyer\documents\github\modelrelief\modelrelief.test\bin\debug\netcoreapp2.0\modelrelief.test.dll" id="94f8afb8-244b-436e-b3d7-4274fa5037dc"><Execution id="f94cb8a2-8266-4250-b681-771e6a3756c4" /><TestMethod codeBase="D:\Users\Steve Knipmeyer\Documents\GitHub\ModelRelief\ModelRelief.test\bin\Debug\netcoreapp2.0\ModelRelief.Test.dll" adapterTypeName="executor://xunit/VsTestRunner2/netcoreapp" className="ModelRelief.Test.Integration.Meshes.MeshesBaseIntegrationTests" name="Post_CanCreateNewModel" /></UnitTest><UnitTest name="Patch_InvalidIdPropertyReturnsNotFound" storage="d:\users\steve knipmeyer\documents\github\modelrelief\modelrelief.test\bin\debug\netcoreapp2.0\modelrelief.test.dll" id="5ce10ff1-55a3-4ba6-9655-0ba4418b44c6"><Execution id="967c1a8d-8cdd-43c1-b1d9-1a53fe90a341" /><TestMethod codeBase="D:\Users\Steve Knipmeyer\Documents\GitHub\ModelRelief\ModelRelief.test\bin\Debug\netcoreapp2.0\ModelRelief.Test.dll" adapterTypeName="executor://xunit/VsTestRunner2/netcoreapp" className="ModelRelief.Test.Integration.Models.ModelsBaseIntegrationTests" name="Patch_InvalidIdPropertyReturnsNotFound" /></UnitTest><UnitTest name="Patch_InvalidPropertyNameReturnsBadRequest" storage="d:\users\steve knipmeyer\documents\github\modelrelief\modelrelief.test\bin\debug\netcoreapp2.0\modelrelief.test.dll" id="31d52cb4-a458-4665-ac63-fa78774e9643"><Execution id="ecf96643-83c7-4338-aadd-a618a05e1ddd" /><TestMethod codeBase="D:\Users\Steve Knipmeyer\Documents\GitHub\ModelRelief\ModelRelief.test\bin\Debug\netcoreapp2.0\ModelRelief.Test.dll" adapterTypeName="executor://xunit/VsTestRunner2/netcoreapp" className="ModelRelief.Test.Integration.Projects.ProjectsBaseIntegrationTests" name="Patch_InvalidPropertyNameReturnsBadRequest" /></UnitTest><UnitTest name="Patch_TargetPropertyIsUpdated" storage="d:\users\steve knipmeyer\documents\github\modelrelief\modelrelief.test\bin\debug\netcoreapp2.0\modelrelief.test.dll" id="2628f39a-f2a1-47fe-b6e6-233fc77b2a80"><Execution id="15e75d4a-2e2b-4884-8d52-c6d082d5d9e9" /><TestMethod codeBase="D:\Users\Steve Knipmeyer\Documents\GitHub\ModelRelief\ModelRelief.test\bin\Debug\netcoreapp2.0\ModelRelief.Test.dll" adapterTypeName="executor://xunit/VsTestRunner2/netcoreapp" className="ModelRelief.Test.Integration.Models.ModelsBaseIntegrationTests" name="Patch_TargetPropertyIsUpdated" /></UnitTest><UnitTest name="Patch_MultipleInvalidReferencePropertiesReturnsMultipleValidationErrorsAndBadRequest" storage="d:\users\steve knipmeyer\documents\github\modelrelief\modelrelief.test\bin\debug\netcoreapp2.0\modelrelief.test.dll" id="866fb5e3-89a7-494c-8a41-c751c373289c"><Execution id="9d8c2a32-d32a-4d12-a6b1-14c81a481388" /><TestMethod codeBase="D:\Users\Steve Knipmeyer\Documents\GitHub\ModelRelief\ModelRelief.test\bin\Debug\netcoreapp2.0\ModelRelief.Test.dll" adapterTypeName="executor://xunit/VsTestRunner2/netcoreapp" className="ModelRelief.Test.Integration.MeshTransforms.MeshTransformsBaseIntegrationTests" name="Patch_MultipleInvalidReferencePropertiesReturnsMultipleValidationErrorsAndBadRequest" /></UnitTest><UnitTest name="Post_InvalidReferencePropertyReturnsBadRequest" storage="d:\users\steve knipmeyer\documents\github\modelrelief\modelrelief.test\bin\debug\netcoreapp2.0\modelrelief.test.dll" id="94be1c16-9604-43ca-adbf-cbbeaf27bd19"><Execution id="eafdacda-d6f0-4af6-9ca4-1e2175563507" /><TestMethod codeBase="D:\Users\Steve Knipmeyer\Documents\GitHub\ModelRelief\ModelRelief.test\bin\Debug\netcoreapp2.0\ModelRelief.Test.dll" adapterTypeName="executor://xunit/VsTestRunner2/netcoreapp" className="ModelRelief.Test.Integration.DepthBuffers.DepthBuffersBaseIntegrationTests" name="Post_InvalidReferencePropertyReturnsBadRequest" /></UnitTest><UnitTest name="Post_ValidReferencePropertyCreatesModel" storage="d:\users\steve knipmeyer\documents\github\modelrelief\modelrelief.test\bin\debug\netcoreapp2.0\modelrelief.test.dll" id="edd6bb02-2385-4d3b-b295-4fb025838930"><Execution id="fed420dc-fc8a-45b0-9e0b-b505dde3c818" /><TestMethod codeBase="D:\Users\Steve Knipmeyer\Documents\GitHub\ModelRelief\ModelRelief.test\bin\Debug\netcoreapp2.0\ModelRelief.Test.dll" adapterTypeName="executor://xunit/VsTestRunner2/netcoreapp" className="ModelRelief.Test.Integration.DepthBuffers.DepthBuffersBaseIntegrationTests" name="Post_ValidReferencePropertyCreatesModel" /></UnitTest><UnitTest name="Patch_InvalidReferencePropertyReturnsBadRequest" storage="d:\users\steve knipmeyer\documents\github\modelrelief\modelrelief.test\bin\debug\netcoreapp2.0\modelrelief.test.dll" id="27064cd9-7f83-46e8-bae8-5445d63ff406"><Execution id="b697e7cc-e2a8-4258-ae00-6ee3ec648851" /><TestMethod codeBase="D:\Users\Steve Knipmeyer\Documents\GitHub\ModelRelief\ModelRelief.test\bin\Debug\netcoreapp2.0\ModelRelief.Test.dll" adapterTypeName="executor://xunit/VsTestRunner2/netcoreapp" className="ModelRelief.Test.Integration.MeshTransforms.MeshTransformsBaseIntegrationTests" name="Patch_InvalidReferencePropertyReturnsBadRequest" /></UnitTest><UnitTest name="Patch_TargetPropertyIsUpdated" storage="d:\users\steve knipmeyer\documents\github\modelrelief\modelrelief.test\bin\debug\netcoreapp2.0\modelrelief.test.dll" id="03c51d29-9e2a-4ab8-aac6-02ae00b54068"><Execution id="704d7429-11ec-4dda-9503-ec7cb99a5f95" /><TestMethod codeBase="D:\Users\Steve Knipmeyer\Documents\GitHub\ModelRelief\ModelRelief.test\bin\Debug\netcoreapp2.0\ModelRelief.Test.dll" adapterTypeName="executor://xunit/VsTestRunner2/netcoreapp" className="ModelRelief.Test.Integration.Cameras.CamerasBaseIntegrationTests" name="Patch_TargetPropertyIsUpdated" /></UnitTest><UnitTest name="Patch_ValidReferencePropertyUpdatesModel" storage="d:\users\steve knipmeyer\documents\github\modelrelief\modelrelief.test\bin\debug\netcoreapp2.0\modelrelief.test.dll" id="76fa0727-bbba-4854-a60a-dfc46319e242"><Execution id="03ba1805-e0ec-4a9d-9e27-e962ccb71392" /><TestMethod codeBase="D:\Users\Steve Knipmeyer\Documents\GitHub\ModelRelief\ModelRelief.test\bin\Debug\netcoreapp2.0\ModelRelief.Test.dll" adapterTypeName="executor://xunit/VsTestRunner2/netcoreapp" className="ModelRelief.Test.Integration.Models.ModelsBaseIntegrationTests" name="Patch_ValidReferencePropertyUpdatesModel" /></UnitTest><UnitTest name="Patch_InvalidEnumPropertyValueReturnsBadRequest" storage="d:\users\steve knipmeyer\documents\github\modelrelief\modelrelief.test\bin\debug\netcoreapp2.0\modelrelief.test.dll" id="1097fd04-cc21-4d8c-8e14-676e15765f1f"><Execution id="b2b7ed34-373b-4aa6-b6db-49caf1068aa2" /><TestMethod codeBase="D:\Users\Steve Knipmeyer\Documents\GitHub\ModelRelief\ModelRelief.test\bin\Debug\netcoreapp2.0\ModelRelief.Test.dll" adapterTypeName="executor://xunit/VsTestRunner2/netcoreapp" className="ModelRelief.Test.Integration.Projects.ProjectsBaseIntegrationTests" name="Patch_InvalidEnumPropertyValueReturnsBadRequest" /></UnitTest><UnitTest name="Post_InvalidPropertyValueReturnsBadRequest" storage="d:\users\steve knipmeyer\documents\github\modelrelief\modelrelief.test\bin\debug\netcoreapp2.0\modelrelief.test.dll" id="582c9d73-6e0e-4799-a9ae-59217f3290fd"><Execution id="f5dfe39f-de9a-4245-97f2-5c4c69793fee" /><TestMethod codeBase="D:\Users\Steve Knipmeyer\Documents\GitHub\ModelRelief\ModelRelief.test\bin\Debug\netcoreapp2.0\ModelRelief.Test.dll" adapterTypeName="executor://xunit/VsTestRunner2/netcoreapp" className="ModelRelief.Test.Integration.Meshes.MeshesBaseIntegrationTests" name="Post_InvalidPropertyValueReturnsBadRequest" /></UnitTest><UnitTest name="Delete_TargetModelIsDeleted" storage="d:\users\steve knipmeyer\documents\github\modelrelief\modelrelief.test\bin\debug\netcoreapp2.0\modelrelief.test.dll" id="a12c4d61-f356-42af-a650-c4ad0c1da762"><Execution id="a7973caa-9906-4f38-82c1-3876f83dd762" /><TestMethod codeBase="D:\Users\Steve Knipmeyer\Documents\GitHub\ModelRelief\ModelRelief.test\bin\Debug\netcoreapp2.0\ModelRelief.Test.dll" adapterTypeName="executor://xunit/VsTestRunner2/netcoreapp" className="ModelRelief.Test.Integration.DepthBuffers.DepthBuffersBaseIntegrationTests" name="Delete_TargetModelIsDeleted" /></UnitTest><UnitTest name="Patch_InvalidEnumPropertyValueReturnsBadRequest" storage="d:\users\steve knipmeyer\documents\github\modelrelief\modelrelief.test\bin\debug\netcoreapp2.0\modelrelief.test.dll" id="38e3825c-1777-48cc-8260-c47d63468973"><Execution id="c2bdb7dc-384c-4bce-aff6-678a7a77dccb" /><TestMethod codeBase="D:\Users\Steve Knipmeyer\Documents\GitHub\ModelRelief\ModelRelief.test\bin\Debug\netcoreapp2.0\ModelRelief.Test.dll" adapterTypeName="executor://xunit/VsTestRunner2/netcoreapp" className="ModelRelief.Test.Integration.MeshTransforms.MeshTransformsBaseIntegrationTests" name="Patch_InvalidEnumPropertyValueReturnsBadRequest" /></UnitTest><UnitTest name="PostFile_NewFileCanBePosted" storage="d:\users\steve knipmeyer\documents\github\modelrelief\modelrelief.test\bin\debug\netcoreapp2.0\modelrelief.test.dll" id="31bb7615-01d6-4cc8-92fd-373b37c381c1"><Execution id="a632589f-cff3-422c-965e-4efeabb685ae" /><TestMethod codeBase="D:\Users\Steve Knipmeyer\Documents\GitHub\ModelRelief\ModelRelief.test\bin\Debug\netcoreapp2.0\ModelRelief.Test.dll" adapterTypeName="executor://xunit/VsTestRunner2/netcoreapp" className="ModelRelief.Test.Integration.DepthBuffers.DepthBuffersFileIntegrationTests" name="PostFile_NewFileCanBePosted" /></UnitTest><UnitTest name="PostFile_FileTimeStampIsUpdatedAfterFileIsPosted" storage="d:\users\steve knipmeyer\documents\github\modelrelief\modelrelief.test\bin\debug\netcoreapp2.0\modelrelief.test.dll" id="ef8ba827-1603-43d9-a45b-6e033d98d00a"><Execution id="cf9153cc-11b4-4031-bd95-41941836a5bf" /><TestMethod codeBase="D:\Users\Steve Knipmeyer\Documents\GitHub\ModelRelief\ModelRelief.test\bin\Debug\netcoreapp2.0\ModelRelief.Test.dll" adapterTypeName="executor://xunit/VsTestRunner2/netcoreapp" className="ModelRelief.Test.Integration.Meshes.MeshesFileIntegrationTests" name="PostFile_FileTimeStampIsUpdatedAfterFileIsPosted" /></UnitTest><UnitTest name="PostFile_NewFileCanBePosted" storage="d:\users\steve knipmeyer\documents\github\modelrelief\modelrelief.test\bin\debug\netcoreapp2.0\modelrelief.test.dll" id="56492bc3-faa4-4fa2-b54e-39e2df8b7135"><Execution id="56dd8d8a-4ae2-4302-9c3c-6d34f2c46202" /><TestMethod codeBase="D:\Users\Steve Knipmeyer\Documents\GitHub\ModelRelief\ModelRelief.test\bin\Debug\netcoreapp2.0\ModelRelief.Test.dll" adapterTypeName="executor://xunit/VsTestRunner2/netcoreapp" className="ModelRelief.Test.Integration.Meshes.MeshesFileIntegrationTests" name="PostFile_NewFileCanBePosted" /></UnitTest><UnitTest name="Post_ValidReferencePropertyCreatesModel" storage="d:\users\steve knipmeyer\documents\github\modelrelief\modelrelief.test\bin\debug\netcoreapp2.0\modelrelief.test.dll" id="718d49e2-d95f-4886-a31b-fc7400643356"><Execution id="5b992eaf-5edf-4f1b-b475-2bfd9ca0525f" /><TestMethod codeBase="D:\Users\Steve Knipmeyer\Documents\GitHub\ModelRelief\ModelRelief.test\bin\Debug\netcoreapp2.0\ModelRelief.Test.dll" adapterTypeName="executor://xunit/VsTestRunner2/netcoreapp" className="ModelRelief.Test.Integration.MeshTransforms.MeshTransformsBaseIntegrationTests" name="Post_ValidReferencePropertyCreatesModel" /></UnitTest><UnitTest name="GetSingle_InvalidIdPropertyValueReturnsNotFound" storage="d:\users\steve knipmeyer\documents\github\modelrelief\modelrelief.test\bin\debug\netcoreapp2.0\modelrelief.test.dll" id="b6327a74-6f85-4525-9b6d-36836a1e72f7"><Execution id="d8f84a37-107b-4368-a4fb-e65a2769f4ae" /><TestMethod codeBase="D:\Users\Steve Knipmeyer\Documents\GitHub\ModelRelief\ModelRelief.test\bin\Debug\netcoreapp2.0\ModelRelief.Test.dll" adapterTypeName="executor://xunit/VsTestRunner2/netcoreapp" className="ModelRelief.Test.Integration.DepthBuffers.DepthBuffersBaseIntegrationTests" name="GetSingle_InvalidIdPropertyValueReturnsNotFound" /></UnitTest><UnitTest name="Patch_InvalidIdPropertyReturnsNotFound" storage="d:\users\steve knipmeyer\documents\github\modelrelief\modelrelief.test\bin\debug\netcoreapp2.0\modelrelief.test.dll" id="26f0f24e-5be6-48c7-b8f3-36fd6d36388a"><Execution id="92eb978b-2d84-495c-b4d6-ac4d6cb5115e" /><TestMethod codeBase="D:\Users\Steve Knipmeyer\Documents\GitHub\ModelRelief\ModelRelief.test\bin\Debug\netcoreapp2.0\ModelRelief.Test.dll" adapterTypeName="executor://xunit/VsTestRunner2/netcoreapp" className="ModelRelief.Test.Integration.Cameras.CamerasBaseIntegrationTests" name="Patch_InvalidIdPropertyReturnsNotFound" /></UnitTest><UnitTest name="Patch_InvalidReferencePropertyReturnsBadRequest" storage="d:\users\steve knipmeyer\documents\github\modelrelief\modelrelief.test\bin\debug\netcoreapp2.0\modelrelief.test.dll" id="754f35f0-a51c-4d68-b16b-78e952ec1f6e"><Execution id="79e97a91-69b2-4452-964b-b3396a78d3e9" /><TestMethod codeBase="D:\Users\Steve Knipmeyer\Documents\GitHub\ModelRelief\ModelRelief.test\bin\Debug\netcoreapp2.0\ModelRelief.Test.dll" adapterTypeName="executor://xunit/VsTestRunner2/netcoreapp" className="ModelRelief.Test.Integration.DepthBuffers.DepthBuffersBaseIntegrationTests" name="Patch_InvalidReferencePropertyReturnsBadRequest" /></UnitTest><UnitTest name="Patch_TargetPropertyIsUpdated" storage="d:\users\steve knipmeyer\documents\github\modelrelief\modelrelief.test\bin\debug\netcoreapp2.0\modelrelief.test.dll" id="944e67e3-6547-4e97-97fa-52df7e5ce7a6"><Execution id="b666345f-b531-4c32-a96d-1fe35e2e9a3c" /><TestMethod codeBase="D:\Users\Steve Knipmeyer\Documents\GitHub\ModelRelief\ModelRelief.test\bin\Debug\netcoreapp2.0\ModelRelief.Test.dll" adapterTypeName="executor://xunit/VsTestRunner2/netcoreapp" className="ModelRelief.Test.Integration.Projects.ProjectsBaseIntegrationTests" name="Patch_TargetPropertyIsUpdated" /></UnitTest><UnitTest name="GetSingle_InvalidIdPropertyValueReturnsNotFound" storage="d:\users\steve knipmeyer\documents\github\modelrelief\modelrelief.test\bin\debug\netcoreapp2.0\modelrelief.test.dll" id="8b365c0b-bf10-4551-9bf3-7c42efee40d4"><Execution id="d271ae6e-ba47-4c31-8c9c-9a522322a4d3" /><TestMethod codeBase="D:\Users\Steve Knipmeyer\Documents\GitHub\ModelRelief\ModelRelief.test\bin\Debug\netcoreapp2.0\ModelRelief.Test.dll" adapterTypeName="executor://xunit/VsTestRunner2/netcoreapp" className="ModelRelief.Test.Integration.Models.ModelsBaseIntegrationTests" name="GetSingle_InvalidIdPropertyValueReturnsNotFound" /></UnitTest><UnitTest name="Patch_InvalidIdPropertyReturnsNotFound" storage="d:\users\steve knipmeyer\documents\github\modelrelief\modelrelief.test\bin\debug\netcoreapp2.0\modelrelief.test.dll" id="9834a3fe-43a1-443f-a541-6ae067694046"><Execution id="e86a03ad-4b5e-4d55-b93a-c206d27ab6a9" /><TestMethod codeBase="D:\Users\Steve Knipmeyer\Documents\GitHub\ModelRelief\ModelRelief.test\bin\Debug\netcoreapp2.0\ModelRelief.Test.dll" adapterTypeName="executor://xunit/VsTestRunner2/netcoreapp" className="ModelRelief.Test.Integration.Meshes.MeshesBaseIntegrationTests" name="Patch_InvalidIdPropertyReturnsNotFound" /></UnitTest><UnitTest name="Put_InvalidIdReturnsNotFound" storage="d:\users\steve knipmeyer\documents\github\modelrelief\modelrelief.test\bin\debug\netcoreapp2.0\modelrelief.test.dll" id="a311811f-9cc1-476d-b064-be41d3653888"><Execution id="14e3786b-8ae1-446a-9d89-a2f83b4c4eaa" /><TestMethod codeBase="D:\Users\Steve Knipmeyer\Documents\GitHub\ModelRelief\ModelRelief.test\bin\Debug\netcoreapp2.0\ModelRelief.Test.dll" adapterTypeName="executor://xunit/VsTestRunner2/netcoreapp" className="ModelRelief.Test.Integration.Cameras.CamerasBaseIntegrationTests" name="Put_InvalidIdReturnsNotFound" /></UnitTest><UnitTest name="Delete_TargetModelIsDeleted" storage="d:\users\steve knipmeyer\documents\github\modelrelief\modelrelief.test\bin\debug\netcoreapp2.0\modelrelief.test.dll" id="d9b3c7d2-9090-4a27-a42c-27df77d9d41b"><Execution id="265f96b4-1380-46bf-9fc0-14d940b7bbde" /><TestMethod codeBase="D:\Users\Steve Knipmeyer\Documents\GitHub\ModelRelief\ModelRelief.test\bin\Debug\netcoreapp2.0\ModelRelief.Test.dll" adapterTypeName="executor://xunit/VsTestRunner2/netcoreapp" className="ModelRelief.Test.Integration.Cameras.CamerasBaseIntegrationTests" name="Delete_TargetModelIsDeleted" /></UnitTest><UnitTest name="GetSingle_ValidIdPropertyValueReturnsCorrectModel" storage="d:\users\steve knipmeyer\documents\github\modelrelief\modelrelief.test\bin\debug\netcoreapp2.0\modelrelief.test.dll" id="4c57e6fd-22c1-40ad-81dc-3c13c8e8152a"><Execution id="08f63ac7-2944-4bd8-965b-20fa2b4431b6" /><TestMethod codeBase="D:\Users\Steve Knipmeyer\Documents\GitHub\ModelRelief\ModelRelief.test\bin\Debug\netcoreapp2.0\ModelRelief.Test.dll" adapterTypeName="executor://xunit/VsTestRunner2/netcoreapp" className="ModelRelief.Test.Integration.DepthBuffers.DepthBuffersBaseIntegrationTests" name="GetSingle_ValidIdPropertyValueReturnsCorrectModel" /></UnitTest><UnitTest name="Patch_InvalidEnumPropertyValueReturnsBadRequest" storage="d:\users\steve knipmeyer\documents\github\modelrelief\modelrelief.test\bin\debug\netcoreapp2.0\modelrelief.test.dll" id="32d4bf7c-6c2d-4f23-abd1-a159408abce8"><Execution id="b8fa22eb-8307-4cd2-8105-6d10fd429272" /><TestMethod codeBase="D:\Users\Steve Knipmeyer\Documents\GitHub\ModelRelief\ModelRelief.test\bin\Debug\netcoreapp2.0\ModelRelief.Test.dll" adapterTypeName="executor://xunit/VsTestRunner2/netcoreapp" className="ModelRelief.Test.Integration.Meshes.MeshesBaseIntegrationTests" name="Patch_InvalidEnumPropertyValueReturnsBadRequest" /></UnitTest><UnitTest name="GetSingle_ValidIdPropertyValueReturnsCorrectModel" storage="d:\users\steve knipmeyer\documents\github\modelrelief\modelrelief.test\bin\debug\netcoreapp2.0\modelrelief.test.dll" id="1f512dd7-1a1c-4cdd-9502-3a2267860a7d"><Execution id="6e12683d-acf6-4344-928a-d32913964910" /><TestMethod codeBase="D:\Users\Steve Knipmeyer\Documents\GitHub\ModelRelief\ModelRelief.test\bin\Debug\netcoreapp2.0\ModelRelief.Test.dll" adapterTypeName="executor://xunit/VsTestRunner2/netcoreapp" className="ModelRelief.Test.Integration.Models.ModelsBaseIntegrationTests" name="GetSingle_ValidIdPropertyValueReturnsCorrectModel" /></UnitTest><UnitTest name="GetFile_NonExistentFileReturnsNotFound" storage="d:\users\steve knipmeyer\documents\github\modelrelief\modelrelief.test\bin\debug\netcoreapp2.0\modelrelief.test.dll" id="35accda0-73a3-445e-98c3-b3c19d0fce9f"><Execution id="f9980409-f987-49f3-90f2-98240a1979bd" /><TestMethod codeBase="D:\Users\Steve Knipmeyer\Documents\GitHub\ModelRelief\ModelRelief.test\bin\Debug\netcoreapp2.0\ModelRelief.Test.dll" adapterTypeName="executor://xunit/VsTestRunner2/netcoreapp" className="ModelRelief.Test.Integration.Meshes.MeshesFileIntegrationTests" name="GetFile_NonExistentFileReturnsNotFound" /></UnitTest><UnitTest name="GetSingle_InvalidIdPropertyValueReturnsNotFound" storage="d:\users\steve knipmeyer\documents\github\modelrelief\modelrelief.test\bin\debug\netcoreapp2.0\modelrelief.test.dll" id="91446c34-cdff-4c91-810a-c248ede9e367"><Execution id="d002a95d-1dda-4a89-9de7-b16bbea30ea5" /><TestMethod codeBase="D:\Users\Steve Knipmeyer\Documents\GitHub\ModelRelief\ModelRelief.test\bin\Debug\netcoreapp2.0\ModelRelief.Test.dll" adapterTypeName="executor://xunit/VsTestRunner2/netcoreapp" className="ModelRelief.Test.Integration.MeshTransforms.MeshTransformsBaseIntegrationTests" name="GetSingle_InvalidIdPropertyValueReturnsNotFound" /></UnitTest><UnitTest name="Post_CanCreateNewModel" storage="d:\users\steve knipmeyer\documents\github\modelrelief\modelrelief.test\bin\debug\netcoreapp2.0\modelrelief.test.dll" id="7a6bf555-158a-49e1-ba02-5098a849a1d1"><Execution id="249fe58a-5e5a-4cb6-8ab1-476333abd566" /><TestMethod codeBase="D:\Users\Steve Knipmeyer\Documents\GitHub\ModelRelief\ModelRelief.test\bin\Debug\netcoreapp2.0\ModelRelief.Test.dll" adapterTypeName="executor://xunit/VsTestRunner2/netcoreapp" className="ModelRelief.Test.Integration.Cameras.CamerasBaseIntegrationTests" name="Post_CanCreateNewModel" /></UnitTest><UnitTest name="Post_InvalidPropertyValueReturnsBadRequest" storage="d:\users\steve knipmeyer\documents\github\modelrelief\modelrelief.test\bin\debug\netcoreapp2.0\modelrelief.test.dll" id="c412121d-d10f-4d74-beb3-dc0198911e98"><Execution id="9e1add17-525d-4b05-9926-001e2a66ae08" /><TestMethod codeBase="D:\Users\Steve Knipmeyer\Documents\GitHub\ModelRelief\ModelRelief.test\bin\Debug\netcoreapp2.0\ModelRelief.Test.dll" adapterTypeName="executor://xunit/VsTestRunner2/netcoreapp" className="ModelRelief.Test.Integration.MeshTransforms.MeshTransformsBaseIntegrationTests" name="Post_InvalidPropertyValueReturnsBadRequest" /></UnitTest><UnitTest name="GetSingle_InvalidIdPropertyValueReturnsNotFound" storage="d:\users\steve knipmeyer\documents\github\modelrelief\modelrelief.test\bin\debug\netcoreapp2.0\modelrelief.test.dll" id="7fcaf74b-8c91-49fe-b8f2-654400274123"><Execution id="292377d4-fc86-4218-bf38-6520f4709736" /><TestMethod codeBase="D:\Users\Steve Knipmeyer\Documents\GitHub\ModelRelief\ModelRelief.test\bin\Debug\netcoreapp2.0\ModelRelief.Test.dll" adapterTypeName="executor://xunit/VsTestRunner2/netcoreapp" className="ModelRelief.Test.Integration.Cameras.CamerasBaseIntegrationTests" name="GetSingle_InvalidIdPropertyValueReturnsNotFound" /></UnitTest><UnitTest name="Post_CanCreateNewModel" storage="d:\users\steve knipmeyer\documents\github\modelrelief\modelrelief.test\bin\debug\netcoreapp2.0\modelrelief.test.dll" id="28858f7c-470e-4633-938a-cbfa9f07e8fa"><Execution id="ecf66f83-c69d-44c4-9758-a4f003448e31" /><TestMethod codeBase="D:\Users\Steve Knipmeyer\Documents\GitHub\ModelRelief\ModelRelief.test\bin\Debug\netcoreapp2.0\ModelRelief.Test.dll" adapterTypeName="executor://xunit/VsTestRunner2/netcoreapp" className="ModelRelief.Test.Integration.Projects.ProjectsBaseIntegrationTests" name="Post_CanCreateNewModel" /></UnitTest><UnitTest name="GetFile_NonExistentFileReturnsNotFound" storage="d:\users\steve knipmeyer\documents\github\modelrelief\modelrelief.test\bin\debug\netcoreapp2.0\modelrelief.test.dll" id="be0db897-cc09-484f-96ed-7547c6beca64"><Execution id="0bd4f551-23ea-4457-8919-a4387d0177b6" /><TestMethod codeBase="D:\Users\Steve Knipmeyer\Documents\GitHub\ModelRelief\ModelRelief.test\bin\Debug\netcoreapp2.0\ModelRelief.Test.dll" adapterTypeName="executor://xunit/VsTestRunner2/netcoreapp" className="ModelRelief.Test.Integration.Models.ModelsFileIntegrationTests" name="GetFile_NonExistentFileReturnsNotFound" /></UnitTest><UnitTest name="FileRequest_FileCanBeReadAfterRename" storage="d:\users\steve knipmeyer\documents\github\modelrelief\modelrelief.test\bin\debug\netcoreapp2.0\modelrelief.test.dll" id="da381546-a6f9-424f-aeb0-85b0f4d3555f"><Execution id="e46edbcb-eae7-43c4-9e88-97938665a638" /><TestMethod codeBase="D:\Users\Steve Knipmeyer\Documents\GitHub\ModelRelief\ModelRelief.test\bin\Debug\netcoreapp2.0\ModelRelief.Test.dll" adapterTypeName="executor://xunit/VsTestRunner2/netcoreapp" className="ModelRelief.Test.Integration.Models.ModelsFileIntegrationTests" name="FileRequest_FileCanBeReadAfterRename" /></UnitTest><UnitTest name="GetList_ListReturnsCorrectCount" storage="d:\users\steve knipmeyer\documents\github\modelrelief\modelrelief.test\bin\debug\netcoreapp2.0\modelrelief.test.dll" id="26c123bd-005e-46a0-b57f-cf893bfc6384"><Execution id="42636fd3-c736-4c35-a0dd-0518414c2263" /><TestMethod codeBase="D:\Users\Steve Knipmeyer\Documents\GitHub\ModelRelief\ModelRelief.test\bin\Debug\netcoreapp2.0\ModelRelief.Test.dll" adapterTypeName="executor://xunit/VsTestRunner2/netcoreapp" className="ModelRelief.Test.Integration.Projects.ProjectsBaseIntegrationTests" name="GetList_ListReturnsCorrectCount" /></UnitTest><UnitTest name="GetList_ListReturnsCorrectCount" storage="d:\users\steve knipmeyer\documents\github\modelrelief\modelrelief.test\bin\debug\netcoreapp2.0\modelrelief.test.dll" id="d770bcee-c6ff-4ff8-8521-d9ec575a94a9"><Execution id="a986bdd4-2d15-441c-94ec-fd3e7a7649f1" /><TestMethod codeBase="D:\Users\Steve Knipmeyer\Documents\GitHub\ModelRelief\ModelRelief.test\bin\Debug\netcoreapp2.0\ModelRelief.Test.dll" adapterTypeName="executor://xunit/VsTestRunner2/netcoreapp" className="ModelRelief.Test.Integration.DepthBuffers.DepthBuffersBaseIntegrationTests" name="GetList_ListReturnsCorrectCount" /></UnitTest><UnitTest name="Post_ValidReferencePropertyCreatesModel" storage="d:\users\steve knipmeyer\documents\github\modelrelief\modelrelief.test\bin\debug\netcoreapp2.0\modelrelief.test.dll" id="e2246089-0f8e-4062-a373-bde521ec7f5e"><Execution id="cc25b941-6028-4c7c-811d-3280d0f0e2ca" /><TestMethod codeBase="D:\Users\Steve Knipmeyer\Documents\GitHub\ModelRelief\ModelRelief.test\bin\Debug\netcoreapp2.0\ModelRelief.Test.dll" adapterTypeName="executor://xunit/VsTestRunner2/netcoreapp" className="ModelRelief.Test.Integration.Models.ModelsBaseIntegrationTests" name="Post_ValidReferencePropertyCreatesModel" /></UnitTest><UnitTest name="Patch_InvalidEnumPropertyValueReturnsBadRequest" storage="d:\users\steve knipmeyer\documents\github\modelrelief\modelrelief.test\bin\debug\netcoreapp2.0\modelrelief.test.dll" id="2ef02d18-d83b-4f51-a9ab-dd3c0a2b32de"><Execution id="c8af68a3-708f-4d12-bc14-a041f259ec60" /><TestMethod codeBase="D:\Users\Steve Knipmeyer\Documents\GitHub\ModelRelief\ModelRelief.test\bin\Debug\netcoreapp2.0\ModelRelief.Test.dll" adapterTypeName="executor://xunit/VsTestRunner2/netcoreapp" className="ModelRelief.Test.Integration.DepthBuffers.DepthBuffersBaseIntegrationTests" name="Patch_InvalidEnumPropertyValueReturnsBadRequest" /></UnitTest><UnitTest name="Patch_TargetPropertyIsUpdated" storage="d:\users\steve knipmeyer\documents\github\modelrelief\modelrelief.test\bin\debug\netcoreapp2.0\modelrelief.test.dll" id="d441793b-cbe0-4a4a-99ae-5144fbd83c4a"><Execution id="ba3d093e-8b82-424c-98e2-021873685d1c" /><TestMethod codeBase="D:\Users\Steve Knipmeyer\Documents\GitHub\ModelRelief\ModelRelief.test\bin\Debug\netcoreapp2.0\ModelRelief.Test.dll" adapterTypeName="executor://xunit/VsTestRunner2/netcoreapp" className="ModelRelief.Test.Integration.MeshTransforms.MeshTransformsBaseIntegrationTests" name="Patch_TargetPropertyIsUpdated" /></UnitTest><UnitTest name="Post_ValidReferencePropertyCreatesModel" storage="d:\users\steve knipmeyer\documents\github\modelrelief\modelrelief.test\bin\debug\netcoreapp2.0\modelrelief.test.dll" id="45a9d074-7d52-4d67-ae2d-dc99b25472e2"><Execution id="a8c5b410-f780-4d86-95ae-171a7fa57aed" /><TestMethod codeBase="D:\Users\Steve Knipmeyer\Documents\GitHub\ModelRelief\ModelRelief.test\bin\Debug\netcoreapp2.0\ModelRelief.Test.dll" adapterTypeName="executor://xunit/VsTestRunner2/netcoreapp" className="ModelRelief.Test.Integration.Meshes.MeshesBaseIntegrationTests" name="Post_ValidReferencePropertyCreatesModel" /></UnitTest><UnitTest name="Put_ValidReferencePropertyUpdatesModel" storage="d:\users\steve knipmeyer\documents\github\modelrelief\modelrelief.test\bin\debug\netcoreapp2.0\modelrelief.test.dll" id="001cb43e-7c98-4ebe-9d5e-30098a373213"><Execution id="7848af48-9976-4092-b9de-e759e56af4c8" /><TestMethod codeBase="D:\Users\Steve Knipmeyer\Documents\GitHub\ModelRelief\ModelRelief.test\bin\Debug\netcoreapp2.0\ModelRelief.Test.dll" adapterTypeName="executor://xunit/VsTestRunner2/netcoreapp" className="ModelRelief.Test.Integration.Projects.ProjectsBaseIntegrationTests" name="Put_ValidReferencePropertyUpdatesModel" /></UnitTest><UnitTest name="Put_ValidReferencePropertyUpdatesModel" storage="d:\users\steve knipmeyer\documents\github\modelrelief\modelrelief.test\bin\debug\netcoreapp2.0\modelrelief.test.dll" id="2cdadb4d-7970-4806-a033-e4973463d6c7"><Execution id="5b13689e-cfb5-40a3-9255-01f8071a13dc" /><TestMethod codeBase="D:\Users\Steve Knipmeyer\Documents\GitHub\ModelRelief\ModelRelief.test\bin\Debug\netcoreapp2.0\ModelRelief.Test.dll" adapterTypeName="executor://xunit/VsTestRunner2/netcoreapp" className="ModelRelief.Test.Integration.Models.ModelsBaseIntegrationTests" name="Put_ValidReferencePropertyUpdatesModel" /></UnitTest><UnitTest name="GetList_ListReturnsCorrectCount" storage="d:\users\steve knipmeyer\documents\github\modelrelief\modelrelief.test\bin\debug\netcoreapp2.0\modelrelief.test.dll" id="0d7df5d1-a625-407b-b5cb-88c18bae7f6d"><Execution id="988ee6bb-50ed-43f1-9279-5accfad9f913" /><TestMethod codeBase="D:\Users\Steve Knipmeyer\Documents\GitHub\ModelRelief\ModelRelief.test\bin\Debug\netcoreapp2.0\ModelRelief.Test.dll" adapterTypeName="executor://xunit/VsTestRunner2/netcoreapp" className="ModelRelief.Test.Integration.Models.ModelsBaseIntegrationTests" name="GetList_ListReturnsCorrectCount" /></UnitTest><UnitTest name="GetList_ListReturnsCorrectCount" storage="d:\users\steve knipmeyer\documents\github\modelrelief\modelrelief.test\bin\debug\netcoreapp2.0\modelrelief.test.dll" id="7cff4237-34f0-4aff-bccf-553b8ee722d5"><Execution id="cd0cba63-86ed-4d62-8291-c03143f37185" /><TestMethod codeBase="D:\Users\Steve Knipmeyer\Documents\GitHub\ModelRelief\ModelRelief.test\bin\Debug\netcoreapp2.0\ModelRelief.Test.dll" adapterTypeName="executor://xunit/VsTestRunner2/netcoreapp" className="ModelRelief.Test.Integration.MeshTransforms.MeshTransformsBaseIntegrationTests" name="GetList_ListReturnsCorrectCount" /></UnitTest><UnitTest name="Patch_MultipleInvalidReferencePropertiesReturnsMultipleValidationErrorsAndBadRequest" storage="d:\users\steve knipmeyer\documents\github\modelrelief\modelrelief.test\bin\debug\netcoreapp2.0\modelrelief.test.dll" id="582dd708-77ae-4764-aacc-c3b01a213e1c"><Execution id="c0a08c2d-1fb6-4b2c-993c-f746a3370ea1" /><TestMethod codeBase="D:\Users\Steve Knipmeyer\Documents\GitHub\ModelRelief\ModelRelief.test\bin\Debug\netcoreapp2.0\ModelRelief.Test.dll" adapterTypeName="executor://xunit/VsTestRunner2/netcoreapp" className="ModelRelief.Test.Integration.DepthBuffers.DepthBuffersBaseIntegrationTests" name="Patch_MultipleInvalidReferencePropertiesReturnsMultipleValidationErrorsAndBadRequest" /></UnitTest><UnitTest name="PostFile_FileIsSynchronizedIsUpdatedAfterFileIsPosted" storage="d:\users\steve knipmeyer\documents\github\modelrelief\modelrelief.test\bin\debug\netcoreapp2.0\modelrelief.test.dll" id="d7adbaec-4ac7-400f-a0e1-9b19feaecff3"><Execution id="1594bb36-ecf0-4552-847d-23907d03deca" /><TestMethod codeBase="D:\Users\Steve Knipmeyer\Documents\GitHub\ModelRelief\ModelRelief.test\bin\Debug\netcoreapp2.0\ModelRelief.Test.dll" adapterTypeName="executor://xunit/VsTestRunner2/netcoreapp" className="ModelRelief.Test.Integration.Models.ModelsFileIntegrationTests" name="PostFile_FileIsSynchronizedIsUpdatedAfterFileIsPosted" /></UnitTest><UnitTest name="PostFile_FileTimeStampIsUpdatedAfterFileIsPosted" storage="d:\users\steve knipmeyer\documents\github\modelrelief\modelrelief.test\bin\debug\netcoreapp2.0\modelrelief.test.dll" id="a730f2b9-f304-4c47-841c-ff77c34cc2cf"><Execution id="0ec9a2c4-58f7-48a5-b0ca-89d43b18c28a" /><TestMethod codeBase="D:\Users\Steve Knipmeyer\Documents\GitHub\ModelRelief\ModelRelief.test\bin\Debug\netcoreapp2.0\ModelRelief.Test.dll" adapterTypeName="executor://xunit/VsTestRunner2/netcoreapp" className="ModelRelief.Test.Integration.DepthBuffers.DepthBuffersFileIntegrationTests" name="PostFile_FileTimeStampIsUpdatedAfterFileIsPosted" /></UnitTest><UnitTest name="GetFile_ExistingFileReturnsSuccess" storage="d:\users\steve knipmeyer\documents\github\modelrelief\modelrelief.test\bin\debug\netcoreapp2.0\modelrelief.test.dll" id="6dd34532-29a4-4a63-8e9a-5c4f131f9341"><Execution id="e402b6bf-f541-48c2-b60a-d6a861c99659" /><TestMethod codeBase="D:\Users\Steve Knipmeyer\Documents\GitHub\ModelRelief\ModelRelief.test\bin\Debug\netcoreapp2.0\ModelRelief.Test.dll" adapterTypeName="executor://xunit/VsTestRunner2/netcoreapp" className="ModelRelief.Test.Integration.Meshes.MeshesFileIntegrationTests" name="GetFile_ExistingFileReturnsSuccess" /></UnitTest><UnitTest name="Patch_InvalidEnumPropertyValueReturnsBadRequest" storage="d:\users\steve knipmeyer\documents\github\modelrelief\modelrelief.test\bin\debug\netcoreapp2.0\modelrelief.test.dll" id="9fe2f957-abb5-4135-b89a-1711cb93bae7"><Execution id="29522c4b-b885-44e0-96e8-c462a98462bf" /><TestMethod codeBase="D:\Users\Steve Knipmeyer\Documents\GitHub\ModelRelief\ModelRelief.test\bin\Debug\netcoreapp2.0\ModelRelief.Test.dll" adapterTypeName="executor://xunit/VsTestRunner2/netcoreapp" className="ModelRelief.Test.Integration.Cameras.CamerasBaseIntegrationTests" name="Patch_InvalidEnumPropertyValueReturnsBadRequest" /></UnitTest><UnitTest name="Post_InvalidReferencePropertyReturnsBadRequest" storage="d:\users\steve knipmeyer\documents\github\modelrelief\modelrelief.test\bin\debug\netcoreapp2.0\modelrelief.test.dll" id="4ba8fe36-3526-4782-88fb-ccf864472617"><Execution id="e3ecc522-1bb7-4cf8-873d-9caab90d64ec" /><TestMethod codeBase="D:\Users\Steve Knipmeyer\Documents\GitHub\ModelRelief\ModelRelief.test\bin\Debug\netcoreapp2.0\ModelRelief.Test.dll" adapterTypeName="executor://xunit/VsTestRunner2/netcoreapp" className="ModelRelief.Test.Integration.Cameras.CamerasBaseIntegrationTests" name="Post_InvalidReferencePropertyReturnsBadRequest" /></UnitTest><UnitTest name="Put_InvalidIdReturnsNotFound" storage="d:\users\steve knipmeyer\documents\github\modelrelief\modelrelief.test\bin\debug\netcoreapp2.0\modelrelief.test.dll" id="04b3c86e-ea3b-4620-a127-31d06a014ff9"><Execution id="52889a9c-336c-4720-bf0e-e238a87cc720" /><TestMethod codeBase="D:\Users\Steve Knipmeyer\Documents\GitHub\ModelRelief\ModelRelief.test\bin\Debug\netcoreapp2.0\ModelRelief.Test.dll" adapterTypeName="executor://xunit/VsTestRunner2/netcoreapp" className="ModelRelief.Test.Integration.Models.ModelsBaseIntegrationTests" name="Put_InvalidIdReturnsNotFound" /></UnitTest><UnitTest name="Patch_ValidReferencePropertyUpdatesModel" storage="d:\users\steve knipmeyer\documents\github\modelrelief\modelrelief.test\bin\debug\netcoreapp2.0\modelrelief.test.dll" id="632684a8-2aaa-431c-a489-9f642608e15d"><Execution id="259ddccf-0ddb-464b-a019-c194ee3f703a" /><TestMethod codeBase="D:\Users\Steve Knipmeyer\Documents\GitHub\ModelRelief\ModelRelief.test\bin\Debug\netcoreapp2.0\ModelRelief.Test.dll" adapterTypeName="executor://xunit/VsTestRunner2/netcoreapp" className="ModelRelief.Test.Integration.Cameras.CamerasBaseIntegrationTests" name="Patch_ValidReferencePropertyUpdatesModel" /></UnitTest><UnitTest name="GetFile_FileCanBeRoundTripped" storage="d:\users\steve knipmeyer\documents\github\modelrelief\modelrelief.test\bin\debug\netcoreapp2.0\modelrelief.test.dll" id="57a19b02-138e-4646-9e9d-18afb3006488"><Execution id="552a5c9e-1b34-45cb-a5b9-6217edfa766b" /><TestMethod codeBase="D:\Users\Steve Knipmeyer\Documents\GitHub\ModelRelief\ModelRelief.test\bin\Debug\netcoreapp2.0\ModelRelief.Test.dll" adapterTypeName="executor://xunit/VsTestRunner2/netcoreapp" className="ModelRelief.Test.Integration.DepthBuffers.DepthBuffersFileIntegrationTests" name="GetFile_FileCanBeRoundTripped" /></UnitTest><UnitTest name="GetSingle_InvalidIdPropertyValueReturnsNotFound" storage="d:\users\steve knipmeyer\documents\github\modelrelief\modelrelief.test\bin\debug\netcoreapp2.0\modelrelief.test.dll" id="ade6d7ef-1fe0-40c7-82ee-c7029d11dcc7"><Execution id="c64187c8-17ea-4cf7-b2e4-5f89d1260acf" /><TestMethod codeBase="D:\Users\Steve Knipmeyer\Documents\GitHub\ModelRelief\ModelRelief.test\bin\Debug\netcoreapp2.0\ModelRelief.Test.dll" adapterTypeName="executor://xunit/VsTestRunner2/netcoreapp" className="ModelRelief.Test.Integration.Meshes.MeshesBaseIntegrationTests" name="GetSingle_InvalidIdPropertyValueReturnsNotFound" /></UnitTest><UnitTest name="Patch_InvalidIdPropertyReturnsNotFound" storage="d:\users\steve knipmeyer\documents\github\modelrelief\modelrelief.test\bin\debug\netcoreapp2.0\modelrelief.test.dll" id="fea66212-f06d-414b-a098-d289243b9ea7"><Execution id="f373eacc-cdeb-486a-845c-95d0021c3812" /><TestMethod codeBase="D:\Users\Steve Knipmeyer\Documents\GitHub\ModelRelief\ModelRelief.test\bin\Debug\netcoreapp2.0\ModelRelief.Test.dll" adapterTypeName="executor://xunit/VsTestRunner2/netcoreapp" className="ModelRelief.Test.Integration.DepthBuffers.DepthBuffersBaseIntegrationTests" name="Patch_InvalidIdPropertyReturnsNotFound" /></UnitTest><UnitTest name="GetSingle_ValidIdPropertyValueReturnsCorrectModel" storage="d:\users\steve knipmeyer\documents\github\modelrelief\modelrelief.test\bin\debug\netcoreapp2.0\modelrelief.test.dll" id="e3817815-4441-49b8-adfc-7fe7588d0c41"><Execution id="a1083b4c-830f-4888-b417-8452256087fe" /><TestMethod codeBase="D:\Users\Steve Knipmeyer\Documents\GitHub\ModelRelief\ModelRelief.test\bin\Debug\netcoreapp2.0\ModelRelief.Test.dll" adapterTypeName="executor://xunit/VsTestRunner2/netcoreapp" className="ModelRelief.Test.Integration.Projects.ProjectsBaseIntegrationTests" name="GetSingle_ValidIdPropertyValueReturnsCorrectModel" /></UnitTest><UnitTest name="Patch_InvalidReferencePropertyReturnsBadRequest" storage="d:\users\steve knipmeyer\documents\github\modelrelief\modelrelief.test\bin\debug\netcoreapp2.0\modelrelief.test.dll" id="e5852787-95b0-4772-929c-6a931407eb7a"><Execution id="1dfadf69-422d-4a4b-a71d-9d9e3edbc753" /><TestMethod codeBase="D:\Users\Steve Knipmeyer\Documents\GitHub\ModelRelief\ModelRelief.test\bin\Debug\netcoreapp2.0\ModelRelief.Test.dll" adapterTypeName="executor://xunit/VsTestRunner2/netcoreapp" className="ModelRelief.Test.Integration.Cameras.CamerasBaseIntegrationTests" name="Patch_InvalidReferencePropertyReturnsBadRequest" /></UnitTest><UnitTest name="PostFile_FileTimeStampIsUpdatedAfterFileIsPosted" storage="d:\users\steve knipmeyer\documents\github\modelrelief\modelrelief.test\bin\debug\netcoreapp2.0\modelrelief.test.dll" id="b58dbd47-5ff8-4d12-935c-1e1ffc526bd8"><Execution id="71746fde-60a7-4961-8057-11897bf95e78" /><TestMethod codeBase="D:\Users\Steve Knipmeyer\Documents\GitHub\ModelRelief\ModelRelief.test\bin\Debug\netcoreapp2.0\ModelRelief.Test.dll" adapterTypeName="executor://xunit/VsTestRunner2/netcoreapp" className="ModelRelief.Test.Integration.Models.ModelsFileIntegrationTests" name="PostFile_FileTimeStampIsUpdatedAfterFileIsPosted" /></UnitTest><UnitTest name="Put_InvalidIdReturnsNotFound" storage="d:\users\steve knipmeyer\documents\github\modelrelief\modelrelief.test\bin\debug\netcoreapp2.0\modelrelief.test.dll" id="5b504769-e987-4ea7-8a43-6994f2a3da22"><Execution id="1a2da97d-6153-4fa7-bd5b-46c81ad32b8e" /><TestMethod codeBase="D:\Users\Steve Knipmeyer\Documents\GitHub\ModelRelief\ModelRelief.test\bin\Debug\netcoreapp2.0\ModelRelief.Test.dll" adapterTypeName="executor://xunit/VsTestRunner2/netcoreapp" className="ModelRelief.Test.Integration.Meshes.MeshesBaseIntegrationTests" name="Put_InvalidIdReturnsNotFound" /></UnitTest><UnitTest name="Post_CanCreateNewModel" storage="d:\users\steve knipmeyer\documents\github\modelrelief\modelrelief.test\bin\debug\netcoreapp2.0\modelrelief.test.dll" id="14f61b1d-5287-41b2-99f6-e76bfd1dabeb"><Execution id="d21bd0dc-4e10-4780-a135-5469356c721f" /><TestMethod codeBase="D:\Users\Steve Knipmeyer\Documents\GitHub\ModelRelief\ModelRelief.test\bin\Debug\netcoreapp2.0\ModelRelief.Test.dll" adapterTypeName="executor://xunit/VsTestRunner2/netcoreapp" className="ModelRelief.Test.Integration.DepthBuffers.DepthBuffersBaseIntegrationTests" name="Post_CanCreateNewModel" /></UnitTest><UnitTest name="Post_InvalidPropertyValueReturnsBadRequest" storage="d:\users\steve knipmeyer\documents\github\modelrelief\modelrelief.test\bin\debug\netcoreapp2.0\modelrelief.test.dll" id="5f85b955-431d-44d4-b71b-ad2e0698fc22"><Execution id="4fbccd29-cc48-4f3b-8ae1-87f9ebe1f706" /><TestMethod codeBase="D:\Users\Steve Knipmeyer\Documents\GitHub\ModelRelief\ModelRelief.test\bin\Debug\netcoreapp2.0\ModelRelief.Test.dll" adapterTypeName="executor://xunit/VsTestRunner2/netcoreapp" className="ModelRelief.Test.Integration.Cameras.CamerasBaseIntegrationTests" name="Post_InvalidPropertyValueReturnsBadRequest" /></UnitTest><UnitTest name="Post_ValidReferencePropertyCreatesModel" storage="d:\users\steve knipmeyer\documents\github\modelrelief\modelrelief.test\bin\debug\netcoreapp2.0\modelrelief.test.dll" id="8384be72-b2d2-433e-b5b3-236d39e20fc2"><Execution id="c671b49f-ffa1-4bda-9b9d-52299bce7a5a" /><TestMethod codeBase="D:\Users\Steve Knipmeyer\Documents\GitHub\ModelRelief\ModelRelief.test\bin\Debug\netcoreapp2.0\ModelRelief.Test.dll" adapterTypeName="executor://xunit/VsTestRunner2/netcoreapp" className="ModelRelief.Test.Integration.Projects.ProjectsBaseIntegrationTests" name="Post_ValidReferencePropertyCreatesModel" /></UnitTest><UnitTest name="Patch_InvalidReferencePropertyReturnsBadRequest" storage="d:\users\steve knipmeyer\documents\github\modelrelief\modelrelief.test\bin\debug\netcoreapp2.0\modelrelief.test.dll" id="961a969b-326a-412d-95fb-bccb01993ffc"><Execution id="8a32cb15-0b5a-4eb2-8ab7-864c288e1dcb" /><TestMethod codeBase="D:\Users\Steve Knipmeyer\Documents\GitHub\ModelRelief\ModelRelief.test\bin\Debug\netcoreapp2.0\ModelRelief.Test.dll" adapterTypeName="executor://xunit/VsTestRunner2/netcoreapp" className="ModelRelief.Test.Integration.Models.ModelsBaseIntegrationTests" name="Patch_InvalidReferencePropertyReturnsBadRequest" /></UnitTest><UnitTest name="Patch_InvalidPropertyNameReturnsBadRequest" storage="d:\users\steve knipmeyer\documents\github\modelrelief\modelrelief.test\bin\debug\netcoreapp2.0\modelrelief.test.dll" id="9b0bc726-8a8d-41c5-9a5a-ed9ed66d0b4e"><Execution id="17a2557d-dec0-4ac5-81e4-3649a0d4185a" /><TestMethod codeBase="D:\Users\Steve Knipmeyer\Documents\GitHub\ModelRelief\ModelRelief.test\bin\Debug\netcoreapp2.0\ModelRelief.Test.dll" adapterTypeName="executor://xunit/VsTestRunner2/netcoreapp" className="ModelRelief.Test.Integration.Cameras.CamerasBaseIntegrationTests" name="Patch_InvalidPropertyNameReturnsBadRequest" /></UnitTest><UnitTest name="GetFile_ExistingFileReturnsSuccess" storage="d:\users\steve knipmeyer\documents\github\modelrelief\modelrelief.test\bin\debug\netcoreapp2.0\modelrelief.test.dll" id="c473a562-8943-4ecc-8578-dddc81d8196c"><Execution id="ceefe5b4-b084-4a7d-915a-040fc94883d4" /><TestMethod codeBase="D:\Users\Steve Knipmeyer\Documents\GitHub\ModelRelief\ModelRelief.test\bin\Debug\netcoreapp2.0\ModelRelief.Test.dll" adapterTypeName="executor://xunit/VsTestRunner2/netcoreapp" className="ModelRelief.Test.Integration.Models.ModelsFileIntegrationTests" name="GetFile_ExistingFileReturnsSuccess" /></UnitTest><UnitTest name="Patch_MultipleInvalidReferencePropertiesReturnsMultipleValidationErrorsAndBadRequest" storage="d:\users\steve knipmeyer\documents\github\modelrelief\modelrelief.test\bin\debug\netcoreapp2.0\modelrelief.test.dll" id="835362e3-b9a8-45c8-812c-b704f776072b"><Execution id="24e18072-db37-4b71-ac58-02875f050a68" /><TestMethod codeBase="D:\Users\Steve Knipmeyer\Documents\GitHub\ModelRelief\ModelRelief.test\bin\Debug\netcoreapp2.0\ModelRelief.Test.dll" adapterTypeName="executor://xunit/VsTestRunner2/netcoreapp" className="ModelRelief.Test.Integration.Cameras.CamerasBaseIntegrationTests" name="Patch_MultipleInvalidReferencePropertiesReturnsMultipleValidationErrorsAndBadRequest" /></UnitTest><UnitTest name="Patch_InvalidEnumPropertyValueReturnsBadRequest" storage="d:\users\steve knipmeyer\documents\github\modelrelief\modelrelief.test\bin\debug\netcoreapp2.0\modelrelief.test.dll" id="b8aebdd3-ad81-4393-b28d-190209a30635"><Execution id="e1e94368-44fc-4702-bc07-501ae8e32d14" /><TestMethod codeBase="D:\Users\Steve Knipmeyer\Documents\GitHub\ModelRelief\ModelRelief.test\bin\Debug\netcoreapp2.0\ModelRelief.Test.dll" adapterTypeName="executor://xunit/VsTestRunner2/netcoreapp" className="ModelRelief.Test.Integration.Models.ModelsBaseIntegrationTests" name="Patch_InvalidEnumPropertyValueReturnsBadRequest" /></UnitTest><UnitTest name="PutFile_NewFileCanBePut" storage="d:\users\steve knipmeyer\documents\github\modelrelief\modelrelief.test\bin\debug\netcoreapp2.0\modelrelief.test.dll" id="85e87778-7c47-4e28-b120-8a2a577ea22d"><Execution id="4f702851-98f6-4365-9741-81f226b01852" /><TestMethod codeBase="D:\Users\Steve Knipmeyer\Documents\GitHub\ModelRelief\ModelRelief.test\bin\Debug\netcoreapp2.0\ModelRelief.Test.dll" adapterTypeName="executor://xunit/VsTestRunner2/netcoreapp" className="ModelRelief.Test.Integration.DepthBuffers.DepthBuffersFileIntegrationTests" name="PutFile_NewFileCanBePut" /></UnitTest><UnitTest name="Patch_InvalidPropertyNameReturnsBadRequest" storage="d:\users\steve knipmeyer\documents\github\modelrelief\modelrelief.test\bin\debug\netcoreapp2.0\modelrelief.test.dll" id="ed249cf1-37e7-4d77-a7f9-b52164a39a5c"><Execution id="836cdc89-dd47-439d-aa2d-45ecca28b023" /><TestMethod codeBase="D:\Users\Steve Knipmeyer\Documents\GitHub\ModelRelief\ModelRelief.test\bin\Debug\netcoreapp2.0\ModelRelief.Test.dll" adapterTypeName="executor://xunit/VsTestRunner2/netcoreapp" className="ModelRelief.Test.Integration.Models.ModelsBaseIntegrationTests" name="Patch_InvalidPropertyNameReturnsBadRequest" /></UnitTest><UnitTest name="FileRequest_FileCanBeReadAfterRename" storage="d:\users\steve knipmeyer\documents\github\modelrelief\modelrelief.test\bin\debug\netcoreapp2.0\modelrelief.test.dll" id="7c885e6f-ff67-47c0-b884-979d6581d026"><Execution id="b7fdc443-8b74-43a9-9bbd-3de300b48aa0" /><TestMethod codeBase="D:\Users\Steve Knipmeyer\Documents\GitHub\ModelRelief\ModelRelief.test\bin\Debug\netcoreapp2.0\ModelRelief.Test.dll" adapterTypeName="executor://xunit/VsTestRunner2/netcoreapp" className="ModelRelief.Test.Integration.Meshes.MeshesFileIntegrationTests" name="FileRequest_FileCanBeReadAfterRename" /></UnitTest><UnitTest name="Put_ValidReferencePropertyUpdatesModel" storage="d:\users\steve knipmeyer\documents\github\modelrelief\modelrelief.test\bin\debug\netcoreapp2.0\modelrelief.test.dll" id="bf492eb0-6739-43e8-afe7-6403e5ebfcfc"><Execution id="49ae91c7-be80-4870-8580-23297c442d22" /><TestMethod codeBase="D:\Users\Steve Knipmeyer\Documents\GitHub\ModelRelief\ModelRelief.test\bin\Debug\netcoreapp2.0\ModelRelief.Test.dll" adapterTypeName="executor://xunit/VsTestRunner2/netcoreapp" className="ModelRelief.Test.Integration.DepthBuffers.DepthBuffersBaseIntegrationTests" name="Put_ValidReferencePropertyUpdatesModel" /></UnitTest><UnitTest name="Patch_InvalidPropertyNameReturnsBadRequest" storage="d:\users\steve knipmeyer\documents\github\modelrelief\modelrelief.test\bin\debug\netcoreapp2.0\modelrelief.test.dll" id="b5a27a68-a3c9-488c-a22f-4b2f5dea6906"><Execution id="2d161bfc-5109-4a64-9db6-d92c3609471f" /><TestMethod codeBase="D:\Users\Steve Knipmeyer\Documents\GitHub\ModelRelief\ModelRelief.test\bin\Debug\netcoreapp2.0\ModelRelief.Test.dll" adapterTypeName="executor://xunit/VsTestRunner2/netcoreapp" className="ModelRelief.Test.Integration.Meshes.MeshesBaseIntegrationTests" name="Patch_InvalidPropertyNameReturnsBadRequest" /></UnitTest><UnitTest name="GetFile_ExistingFileReturnsSuccess" storage="d:\users\steve knipmeyer\documents\github\modelrelief\modelrelief.test\bin\debug\netcoreapp2.0\modelrelief.test.dll" id="f9ea6c4a-cc4f-4710-9a69-d28fecb30cc7"><Execution id="ba22a011-889c-472c-b42b-88f223533398" /><TestMethod codeBase="D:\Users\Steve Knipmeyer\Documents\GitHub\ModelRelief\ModelRelief.test\bin\Debug\netcoreapp2.0\ModelRelief.Test.dll" adapterTypeName="executor://xunit/VsTestRunner2/netcoreapp" className="ModelRelief.Test.Integration.DepthBuffers.DepthBuffersFileIntegrationTests" name="GetFile_ExistingFileReturnsSuccess" /></UnitTest><UnitTest name="Post_ValidReferencePropertyCreatesModel" storage="d:\users\steve knipmeyer\documents\github\modelrelief\modelrelief.test\bin\debug\netcoreapp2.0\modelrelief.test.dll" id="23f8afd6-e11a-4139-86e0-28423de40d48"><Execution id="e2475931-509f-4e40-80f4-7c7c4f043d4e" /><TestMethod codeBase="D:\Users\Steve Knipmeyer\Documents\GitHub\ModelRelief\ModelRelief.test\bin\Debug\netcoreapp2.0\ModelRelief.Test.dll" adapterTypeName="executor://xunit/VsTestRunner2/netcoreapp" className="ModelRelief.Test.Integration.Cameras.CamerasBaseIntegrationTests" name="Post_ValidReferencePropertyCreatesModel" /></UnitTest><UnitTest name="FileRequest_DepthBufferIsInvalidatedAfterCameraDependencyPropertyChange" storage="d:\users\steve knipmeyer\documents\github\modelrelief\modelrelief.test\bin\debug\netcoreapp2.0\modelrelief.test.dll" id="2bbf0eaf-ef45-43d5-b0e1-088af2e0cb64"><Execution id="5c27288f-fadd-43e8-a0d9-90a15c43f440" /><TestMethod codeBase="D:\Users\Steve Knipmeyer\Documents\GitHub\ModelRelief\ModelRelief.test\bin\Debug\netcoreapp2.0\ModelRelief.Test.dll" adapterTypeName="executor://xunit/VsTestRunner2/netcoreapp" className="ModelRelief.Test.Integration.DepthBuffers.DepthBuffersFileIntegrationTests" name="FileRequest_DepthBufferIsInvalidatedAfterCameraDependencyPropertyChange" /></UnitTest><UnitTest name="Post_CanCreateNewModel" storage="d:\users\steve knipmeyer\documents\github\modelrelief\modelrelief.test\bin\debug\netcoreapp2.0\modelrelief.test.dll" id="8b905480-e05e-4e49-8259-b15c72425ad9"><Execution id="cbe9da98-66d7-416c-b666-fa2af817f329" /><TestMethod codeBase="D:\Users\Steve Knipmeyer\Documents\GitHub\ModelRelief\ModelRelief.test\bin\Debug\netcoreapp2.0\ModelRelief.Test.dll" adapterTypeName="executor://xunit/VsTestRunner2/netcoreapp" className="ModelRelief.Test.Integration.MeshTransforms.MeshTransformsBaseIntegrationTests" name="Post_CanCreateNewModel" /></UnitTest><UnitTest name="Put_InvalidReferencePropertyReturndBadRequest" storage="d:\users\steve knipmeyer\documents\github\modelrelief\modelrelief.test\bin\debug\netcoreapp2.0\modelrelief.test.dll" id="647a2749-cf28-471a-96ba-a5ec7b4bbe8e"><Execution id="c7f300ab-0315-4314-a8d4-7cea5ac95f3d" /><TestMethod codeBase="D:\Users\Steve Knipmeyer\Documents\GitHub\ModelRelief\ModelRelief.test\bin\Debug\netcoreapp2.0\ModelRelief.Test.dll" adapterTypeName="executor://xunit/VsTestRunner2/netcoreapp" className="ModelRelief.Test.Integration.Models.ModelsBaseIntegrationTests" name="Put_InvalidReferencePropertyReturndBadRequest" /></UnitTest><UnitTest name="LucyDepthBufferFindsOneDependent" storage="d:\users\steve knipmeyer\documents\github\modelrelief\modelrelief.test\bin\debug\netcoreapp2.0\modelrelief.test.dll" id="6e339427-e199-4aa7-afc9-a3ba96f8ad1a"><Execution id="c951085e-7d5a-44fc-9fbe-72a1d77bfbee" /><TestMethod codeBase="D:\Users\Steve Knipmeyer\Documents\GitHub\ModelRelief\ModelRelief.test\bin\Debug\netcoreapp2.0\ModelRelief.Test.dll" adapterTypeName="executor://xunit/VsTestRunner2/netcoreapp" className="ModelRelief.Test.Unit.DependencyManager.DependencyManagerTests" name="LucyDepthBufferFindsOneDependent" /></UnitTest><UnitTest name="PostFile_FileIsSynchronizedIsUpdatedAfterFileIsPosted" storage="d:\users\steve knipmeyer\documents\github\modelrelief\modelrelief.test\bin\debug\netcoreapp2.0\modelrelief.test.dll" id="d89bede4-35fc-4a56-9ca2-bddb829a182c"><Execution id="95bfed62-586c-4518-a855-ca35b09f7668" /><TestMethod codeBase="D:\Users\Steve Knipmeyer\Documents\GitHub\ModelRelief\ModelRelief.test\bin\Debug\netcoreapp2.0\ModelRelief.Test.dll" adapterTypeName="executor://xunit/VsTestRunner2/netcoreapp" className="ModelRelief.Test.Integration.DepthBuffers.DepthBuffersFileIntegrationTests" name="PostFile_FileIsSynchronizedIsUpdatedAfterFileIsPosted" /></UnitTest><UnitTest name="GetList_ListReturnsCorrectCount" storage="d:\users\steve knipmeyer\documents\github\modelrelief\modelrelief.test\bin\debug\netcoreapp2.0\modelrelief.test.dll" id="fdabeac8-b71c-4e77-bda1-3508f6aa7f90"><Execution id="2781545e-23c6-4137-8296-b26bdc1b5358" /><TestMethod codeBase="D:\Users\Steve Knipmeyer\Documents\GitHub\ModelRelief\ModelRelief.test\bin\Debug\netcoreapp2.0\ModelRelief.Test.dll" adapterTypeName="executor://xunit/VsTestRunner2/netcoreapp" className="ModelRelief.Test.Integration.Meshes.MeshesBaseIntegrationTests" name="GetList_ListReturnsCorrectCount" /></UnitTest><UnitTest name="Patch_MultipleInvalidReferencePropertiesReturnsMultipleValidationErrorsAndBadRequest" storage="d:\users\steve knipmeyer\documents\github\modelrelief\modelrelief.test\bin\debug\netcoreapp2.0\modelrelief.test.dll" id="6d585d22-573d-470f-ae13-283c75fe44e7"><Execution id="4063515d-6fde-4e18-b85d-3ddbe5820e91" /><TestMethod codeBase="D:\Users\Steve Knipmeyer\Documents\GitHub\ModelRelief\ModelRelief.test\bin\Debug\netcoreapp2.0\ModelRelief.Test.dll" adapterTypeName="executor://xunit/VsTestRunner2/netcoreapp" className="ModelRelief.Test.Integration.Meshes.MeshesBaseIntegrationTests" name="Patch_MultipleInvalidReferencePropertiesReturnsMultipleValidationErrorsAndBadRequest" /></UnitTest><UnitTest name="GetFile_NonExistentFileReturnsNotFound" storage="d:\users\steve knipmeyer\documents\github\modelrelief\modelrelief.test\bin\debug\netcoreapp2.0\modelrelief.test.dll" id="9d2baf95-f838-4e89-82ff-c98dbc63a8ad"><Execution id="1128d79e-74b9-4254-90f7-3ba3be1dff51" /><TestMethod codeBase="D:\Users\Steve Knipmeyer\Documents\GitHub\ModelRelief\ModelRelief.test\bin\Debug\netcoreapp2.0\ModelRelief.Test.dll" adapterTypeName="executor://xunit/VsTestRunner2/netcoreapp" className="ModelRelief.Test.Integration.DepthBuffers.DepthBuffersFileIntegrationTests" name="GetFile_NonExistentFileReturnsNotFound" /></UnitTest><UnitTest name="GetSingle_ValidIdPropertyValueReturnsCorrectModel" storage="d:\users\steve knipmeyer\documents\github\modelrelief\modelrelief.test\bin\debug\netcoreapp2.0\modelrelief.test.dll" id="62a07295-5f30-471d-81c1-e0b2f2e7646e"><Execution id="7d8b77f6-c509-4415-ace5-29d9272e5e48" /><TestMethod codeBase="D:\Users\Steve Knipmeyer\Documents\GitHub\ModelRelief\ModelRelief.test\bin\Debug\netcoreapp2.0\ModelRelief.Test.dll" adapterTypeName="executor://xunit/VsTestRunner2/netcoreapp" className="ModelRelief.Test.Integration.Meshes.MeshesBaseIntegrationTests" name="GetSingle_ValidIdPropertyValueReturnsCorrectModel" /></UnitTest><UnitTest name="Post_InvalidPropertyValueReturnsBadRequest" storage="d:\users\steve knipmeyer\documents\github\modelrelief\modelrelief.test\bin\debug\netcoreapp2.0\modelrelief.test.dll" id="51b83b78-ab72-40b0-876a-f422de422910"><Execution id="7f5eb014-d19c-4339-b23f-840bd58b096b" /><TestMethod codeBase="D:\Users\Steve Knipmeyer\Documents\GitHub\ModelRelief\ModelRelief.test\bin\Debug\netcoreapp2.0\ModelRelief.Test.dll" adapterTypeName="executor://xunit/VsTestRunner2/netcoreapp" className="ModelRelief.Test.Integration.DepthBuffers.DepthBuffersBaseIntegrationTests" name="Post_InvalidPropertyValueReturnsBadRequest" /></UnitTest><UnitTest name="Delete_TargetModelIsDeleted" storage="d:\users\steve knipmeyer\documents\github\modelrelief\modelrelief.test\bin\debug\netcoreapp2.0\modelrelief.test.dll" id="33b485f8-9415-454f-81e7-81d2317b3751"><Execution id="19dd37f4-29d9-425b-886b-511c628ac2ca" /><TestMethod codeBase="D:\Users\Steve Knipmeyer\Documents\GitHub\ModelRelief\ModelRelief.test\bin\Debug\netcoreapp2.0\ModelRelief.Test.dll" adapterTypeName="executor://xunit/VsTestRunner2/netcoreapp" className="ModelRelief.Test.Integration.Projects.ProjectsBaseIntegrationTests" name="Delete_TargetModelIsDeleted" /></UnitTest><UnitTest name="Patch_InvalidPropertyNameReturnsBadRequest" storage="d:\users\steve knipmeyer\documents\github\modelrelief\modelrelief.test\bin\debug\netcoreapp2.0\modelrelief.test.dll" id="d893803e-5ff0-4b71-9543-ad233fd93acc"><Execution id="a1128159-6a2e-4fff-ae13-cfa97263bcb5" /><TestMethod codeBase="D:\Users\Steve Knipmeyer\Documents\GitHub\ModelRelief\ModelRelief.test\bin\Debug\netcoreapp2.0\ModelRelief.Test.dll" adapterTypeName="executor://xunit/VsTestRunner2/netcoreapp" className="ModelRelief.Test.Integration.MeshTransforms.MeshTransformsBaseIntegrationTests" name="Patch_InvalidPropertyNameReturnsBadRequest" /></UnitTest><UnitTest name="GetSingle_ValidIdPropertyValueReturnsCorrectModel" storage="d:\users\steve knipmeyer\documents\github\modelrelief\modelrelief.test\bin\debug\netcoreapp2.0\modelrelief.test.dll" id="7aefb8eb-94ee-45df-ba37-942121110bfa"><Execution id="1f6f8f21-e162-405d-9d43-7edb8367f7be" /><TestMethod codeBase="D:\Users\Steve Knipmeyer\Documents\GitHub\ModelRelief\ModelRelief.test\bin\Debug\netcoreapp2.0\ModelRelief.Test.dll" adapterTypeName="executor://xunit/VsTestRunner2/netcoreapp" className="ModelRelief.Test.Integration.MeshTransforms.MeshTransformsBaseIntegrationTests" name="GetSingle_ValidIdPropertyValueReturnsCorrectModel" /></UnitTest><UnitTest name="Put_CanUpdateModel" storage="d:\users\steve knipmeyer\documents\github\modelrelief\modelrelief.test\bin\debug\netcoreapp2.0\modelrelief.test.dll" id="2d0b6af7-5a76-452d-a41f-906ac72b2522"><Execution id="9f74f3c0-5009-493d-9b8c-3bdeb1b91bd2" /><TestMethod codeBase="D:\Users\Steve Knipmeyer\Documents\GitHub\ModelRelief\ModelRelief.test\bin\Debug\netcoreapp2.0\ModelRelief.Test.dll" adapterTypeName="executor://xunit/VsTestRunner2/netcoreapp" className="ModelRelief.Test.Integration.Models.ModelsBaseIntegrationTests" name="Put_CanUpdateModel" /></UnitTest><UnitTest name="Post_CanCreateNewModel" storage="d:\users\steve knipmeyer\documents\github\modelrelief\modelrelief.test\bin\debug\netcoreapp2.0\modelrelief.test.dll" id="4cada926-b882-469a-adcb-be42f87d4e78"><Execution id="6c08aa44-c747-49f4-b9d9-2b69ff1f37ca" /><TestMethod codeBase="D:\Users\Steve Knipmeyer\Documents\GitHub\ModelRelief\ModelRelief.test\bin\Debug\netcoreapp2.0\ModelRelief.Test.dll" adapterTypeName="executor://xunit/VsTestRunner2/netcoreapp" className="ModelRelief.Test.Integration.Models.ModelsBaseIntegrationTests" name="Post_CanCreateNewModel" /></UnitTest><UnitTest name="Delete_TargetModelIsDeleted" storage="d:\users\steve knipmeyer\documents\github\modelrelief\modelrelief.test\bin\debug\netcoreapp2.0\modelrelief.test.dll" id="63dc886a-30f8-418b-a636-732bcad36a06"><Execution id="a388641e-8fbb-48f9-9792-d55b134f473d" /><TestMethod codeBase="D:\Users\Steve Knipmeyer\Documents\GitHub\ModelRelief\ModelRelief.test\bin\Debug\netcoreapp2.0\ModelRelief.Test.dll" adapterTypeName="executor://xunit/VsTestRunner2/netcoreapp" className="ModelRelief.Test.Integration.Models.ModelsBaseIntegrationTests" name="Delete_TargetModelIsDeleted" /></UnitTest><UnitTest name="PutFile_FileCanBeUpdated" storage="d:\users\steve knipmeyer\documents\github\modelrelief\modelrelief.test\bin\debug\netcoreapp2.0\modelrelief.test.dll" id="9294f8b3-994f-45d2-93f0-e895d922f125"><Execution id="7473a307-2d9d-42e7-9565-e9b79168ae04" /><TestMethod codeBase="D:\Users\Steve Knipmeyer\Documents\GitHub\ModelRelief\ModelRelief.test\bin\Debug\netcoreapp2.0\ModelRelief.Test.dll" adapterTypeName="executor://xunit/VsTestRunner2/netcoreapp" className="ModelRelief.Test.Integration.Models.ModelsFileIntegrationTests" name="PutFile_FileCanBeUpdated" /></UnitTest><UnitTest name="Put_CanUpdateModel" storage="d:\users\steve knipmeyer\documents\github\modelrelief\modelrelief.test\bin\debug\netcoreapp2.0\modelrelief.test.dll" id="7f7544b6-023d-4cc4-bbe3-54972c370b91"><Execution id="3a8717a1-9340-45e4-9193-9248d932a012" /><TestMethod codeBase="D:\Users\Steve Knipmeyer\Documents\GitHub\ModelRelief\ModelRelief.test\bin\Debug\netcoreapp2.0\ModelRelief.Test.dll" adapterTypeName="executor://xunit/VsTestRunner2/netcoreapp" className="ModelRelief.Test.Integration.DepthBuffers.DepthBuffersBaseIntegrationTests" name="Put_CanUpdateModel" /></UnitTest><UnitTest name="LucyModel3dHasTwoDependents" storage="d:\users\steve knipmeyer\documents\github\modelrelief\modelrelief.test\bin\debug\netcoreapp2.0\modelrelief.test.dll" id="fd90622b-8e50-418f-ad2f-3fb6666b06ef"><Execution id="b845ab10-dde6-4381-94e8-2291b8e39ae7" /><TestMethod codeBase="D:\Users\Steve Knipmeyer\Documents\GitHub\ModelRelief\ModelRelief.test\bin\Debug\netcoreapp2.0\ModelRelief.Test.dll" adapterTypeName="executor://xunit/VsTestRunner2/netcoreapp" className="ModelRelief.Test.Unit.DependencyManager.DependencyManagerTests" name="LucyModel3dHasTwoDependents" /></UnitTest><UnitTest name="Post_InvalidPropertyValueReturnsBadRequest" storage="d:\users\steve knipmeyer\documents\github\modelrelief\modelrelief.test\bin\debug\netcoreapp2.0\modelrelief.test.dll" id="37184cdf-9d46-4405-8dc0-6b4f36803df7"><Execution id="0f6d19ab-7ff9-4c8c-9579-2172d41bb840" /><TestMethod codeBase="D:\Users\Steve Knipmeyer\Documents\GitHub\ModelRelief\ModelRelief.test\bin\Debug\netcoreapp2.0\ModelRelief.Test.dll" adapterTypeName="executor://xunit/VsTestRunner2/netcoreapp" className="ModelRelief.Test.Integration.Projects.ProjectsBaseIntegrationTests" name="Post_InvalidPropertyValueReturnsBadRequest" /></UnitTest><UnitTest name="Put_InvalidReferencePropertyReturndBadRequest" storage="d:\users\steve knipmeyer\documents\github\modelrelief\modelrelief.test\bin\debug\netcoreapp2.0\modelrelief.test.dll" id="185ccf1b-335b-4d89-b4d3-8f225ef6fdde"><Execution id="55079fee-5a63-4f6c-a97e-7b9645ccfebd" /><TestMethod codeBase="D:\Users\Steve Knipmeyer\Documents\GitHub\ModelRelief\ModelRelief.test\bin\Debug\netcoreapp2.0\ModelRelief.Test.dll" adapterTypeName="executor://xunit/VsTestRunner2/netcoreapp" className="ModelRelief.Test.Integration.Cameras.CamerasBaseIntegrationTests" name="Put_InvalidReferencePropertyReturndBadRequest" /></UnitTest><UnitTest name="FileRequest_MeshIsInvalidatedAfterDepthBufferFileBecomesUnsynchronized" storage="d:\users\steve knipmeyer\documents\github\modelrelief\modelrelief.test\bin\debug\netcoreapp2.0\modelrelief.test.dll" id="a4ae88cc-73fd-4dc5-973d-4dea6e6e5fdd"><Execution id="79256c95-5365-4167-b7a5-81e980fd8205" /><TestMethod codeBase="D:\Users\Steve Knipmeyer\Documents\GitHub\ModelRelief\ModelRelief.test\bin\Debug\netcoreapp2.0\ModelRelief.Test.dll" adapterTypeName="executor://xunit/VsTestRunner2/netcoreapp" className="ModelRelief.Test.Integration.Meshes.MeshesFileIntegrationTests" name="FileRequest_MeshIsInvalidatedAfterDepthBufferFileBecomesUnsynchronized" /></UnitTest><UnitTest name="Put_InvalidIdReturnsNotFound" storage="d:\users\steve knipmeyer\documents\github\modelrelief\modelrelief.test\bin\debug\netcoreapp2.0\modelrelief.test.dll" id="c47d83f7-0564-4163-a7f9-51cab6dfb70a"><Execution id="4584c73a-b363-4397-8d4b-c24a2ce06b0b" /><TestMethod codeBase="D:\Users\Steve Knipmeyer\Documents\GitHub\ModelRelief\ModelRelief.test\bin\Debug\netcoreapp2.0\ModelRelief.Test.dll" adapterTypeName="executor://xunit/VsTestRunner2/netcoreapp" className="ModelRelief.Test.Integration.MeshTransforms.MeshTransformsBaseIntegrationTests" name="Put_InvalidIdReturnsNotFound" /></UnitTest><UnitTest name="PutFile_FileCanBeUpdated" storage="d:\users\steve knipmeyer\documents\github\modelrelief\modelrelief.test\bin\debug\netcoreapp2.0\modelrelief.test.dll" id="650524cb-2d78-420f-a782-b3a538fdc65f"><Execution id="56a43137-17b2-41c7-a7ff-6f576df2a8b2" /><TestMethod codeBase="D:\Users\Steve Knipmeyer\Documents\GitHub\ModelRelief\ModelRelief.test\bin\Debug\netcoreapp2.0\ModelRelief.Test.dll" adapterTypeName="executor://xunit/VsTestRunner2/netcoreapp" className="ModelRelief.Test.Integration.Meshes.MeshesFileIntegrationTests" name="PutFile_FileCanBeUpdated" /></UnitTest><UnitTest name="Patch_TargetPropertyIsUpdated" storage="d:\users\steve knipmeyer\documents\github\modelrelief\modelrelief.test\bin\debug\netcoreapp2.0\modelrelief.test.dll" id="b492c506-6bca-4deb-90dd-f1273ad17da2"><Execution id="4235b469-727c-47ab-a01e-dba86ff171a9" /><TestMethod codeBase="D:\Users\Steve Knipmeyer\Documents\GitHub\ModelRelief\ModelRelief.test\bin\Debug\netcoreapp2.0\ModelRelief.Test.dll" adapterTypeName="executor://xunit/VsTestRunner2/netcoreapp" className="ModelRelief.Test.Integration.Meshes.MeshesBaseIntegrationTests" name="Patch_TargetPropertyIsUpdated" /></UnitTest><UnitTest name="Patch_ValidReferencePropertyUpdatesModel" storage="d:\users\steve knipmeyer\documents\github\modelrelief\modelrelief.test\bin\debug\netcoreapp2.0\modelrelief.test.dll" id="f0a8ab12-df6a-4c4a-80f0-f81e74ad40df"><Execution id="66e1431e-6618-4067-8aff-df098563f443" /><TestMethod codeBase="D:\Users\Steve Knipmeyer\Documents\GitHub\ModelRelief\ModelRelief.test\bin\Debug\netcoreapp2.0\ModelRelief.Test.dll" adapterTypeName="executor://xunit/VsTestRunner2/netcoreapp" className="ModelRelief.Test.Integration.DepthBuffers.DepthBuffersBaseIntegrationTests" name="Patch_ValidReferencePropertyUpdatesModel" /></UnitTest><UnitTest name="Put_CanUpdateModel" storage="d:\users\steve knipmeyer\documents\github\modelrelief\modelrelief.test\bin\debug\netcoreapp2.0\modelrelief.test.dll" id="9cba9e67-b5db-4788-b5f0-16cd0e94c209"><Execution id="68d53420-3d49-47fa-bc34-f5c5225647cb" /><TestMethod codeBase="D:\Users\Steve Knipmeyer\Documents\GitHub\ModelRelief\ModelRelief.test\bin\Debug\netcoreapp2.0\ModelRelief.Test.dll" adapterTypeName="executor://xunit/VsTestRunner2/netcoreapp" className="ModelRelief.Test.Integration.Meshes.MeshesBaseIntegrationTests" name="Put_CanUpdateModel" /></UnitTest><UnitTest name="Put_ValidReferencePropertyUpdatesModel" storage="d:\users\steve knipmeyer\documents\github\modelrelief\modelrelief.test\bin\debug\netcoreapp2.0\modelrelief.test.dll" id="503b65ed-c41f-4c46-983e-1984ed648a9d"><Execution id="a09f46f1-0248-49d7-8baa-01828f678397" /><TestMethod codeBase="D:\Users\Steve Knipmeyer\Documents\GitHub\ModelRelief\ModelRelief.test\bin\Debug\netcoreapp2.0\ModelRelief.Test.dll" adapterTypeName="executor://xunit/VsTestRunner2/netcoreapp" className="ModelRelief.Test.Integration.Cameras.CamerasBaseIntegrationTests" name="Put_ValidReferencePropertyUpdatesModel" /></UnitTest><UnitTest name="Post_InvalidReferencePropertyReturnsBadRequest" storage="d:\users\steve knipmeyer\documents\github\modelrelief\modelrelief.test\bin\debug\netcoreapp2.0\modelrelief.test.dll" id="cc0b3acd-179d-47cb-9d3d-3e14c4dcdcd4"><Execution id="0a6322cd-d7f2-4fe3-a932-18dbbd8ab584" /><TestMethod codeBase="D:\Users\Steve Knipmeyer\Documents\GitHub\ModelRelief\ModelRelief.test\bin\Debug\netcoreapp2.0\ModelRelief.Test.dll" adapterTypeName="executor://xunit/VsTestRunner2/netcoreapp" className="ModelRelief.Test.Integration.MeshTransforms.MeshTransformsBaseIntegrationTests" name="Post_InvalidReferencePropertyReturnsBadRequest" /></UnitTest><UnitTest name="Put_InvalidIdReturnsNotFound" storage="d:\users\steve knipmeyer\documents\github\modelrelief\modelrelief.test\bin\debug\netcoreapp2.0\modelrelief.test.dll" id="5f27162d-6a74-4fd8-b8a3-627dd34dc924"><Execution id="04b9da32-6553-4823-b622-65fc1916eb5a" /><TestMethod codeBase="D:\Users\Steve Knipmeyer\Documents\GitHub\ModelRelief\ModelRelief.test\bin\Debug\netcoreapp2.0\ModelRelief.Test.dll" adapterTypeName="executor://xunit/VsTestRunner2/netcoreapp" className="ModelRelief.Test.Integration.Projects.ProjectsBaseIntegrationTests" name="Put_InvalidIdReturnsNotFound" /></UnitTest><UnitTest name="Put_InvalidIdReturnsNotFound" storage="d:\users\steve knipmeyer\documents\github\modelrelief\modelrelief.test\bin\debug\netcoreapp2.0\modelrelief.test.dll" id="6f96feb8-2e50-4fd5-8eac-5e040e761c59"><Execution id="f3a0c9a3-c1db-40ab-b0ab-b71be267fcff" /><TestMethod codeBase="D:\Users\Steve Knipmeyer\Documents\GitHub\ModelRelief\ModelRelief.test\bin\Debug\netcoreapp2.0\ModelRelief.Test.dll" adapterTypeName="executor://xunit/VsTestRunner2/netcoreapp" className="ModelRelief.Test.Integration.DepthBuffers.DepthBuffersBaseIntegrationTests" name="Put_InvalidIdReturnsNotFound" /></UnitTest><UnitTest name="Put_ValidReferencePropertyUpdatesModel" storage="d:\users\steve knipmeyer\documents\github\modelrelief\modelrelief.test\bin\debug\netcoreapp2.0\modelrelief.test.dll" id="eac5cf73-628e-43bf-b10b-a5fe02b26992"><Execution id="a9c2c5c8-30ef-4188-ac92-84766c6279d3" /><TestMethod codeBase="D:\Users\Steve Knipmeyer\Documents\GitHub\ModelRelief\ModelRelief.test\bin\Debug\netcoreapp2.0\ModelRelief.Test.dll" adapterTypeName="executor://xunit/VsTestRunner2/netcoreapp" className="ModelRelief.Test.Integration.MeshTransforms.MeshTransformsBaseIntegrationTests" name="Put_ValidReferencePropertyUpdatesModel" /></UnitTest><UnitTest name="Patch_InvalidReferencePropertyReturnsBadRequest" storage="d:\users\steve knipmeyer\documents\github\modelrelief\modelrelief.test\bin\debug\netcoreapp2.0\modelrelief.test.dll" id="a695d2d3-a47e-41a1-8850-270dc4f71715"><Execution id="e30e190e-d4ae-46d0-92a8-6c90dad07698" /><TestMethod codeBase="D:\Users\Steve Knipmeyer\Documents\GitHub\ModelRelief\ModelRelief.test\bin\Debug\netcoreapp2.0\ModelRelief.Test.dll" adapterTypeName="executor://xunit/VsTestRunner2/netcoreapp" className="ModelRelief.Test.Integration.Meshes.MeshesBaseIntegrationTests" name="Patch_InvalidReferencePropertyReturnsBadRequest" /></UnitTest><UnitTest name="Patch_MultipleInvalidReferencePropertiesReturnsMultipleValidationErrorsAndBadRequest" storage="d:\users\steve knipmeyer\documents\github\modelrelief\modelrelief.test\bin\debug\netcoreapp2.0\modelrelief.test.dll" id="afef2d17-67f9-428e-a1b8-51dd40fab7a5"><Execution id="f799b92e-2e20-495a-9918-312e103081cf" /><TestMethod codeBase="D:\Users\Steve Knipmeyer\Documents\GitHub\ModelRelief\ModelRelief.test\bin\Debug\netcoreapp2.0\ModelRelief.Test.dll" adapterTypeName="executor://xunit/VsTestRunner2/netcoreapp" className="ModelRelief.Test.Integration.Projects.ProjectsBaseIntegrationTests" name="Patch_MultipleInvalidReferencePropertiesReturnsMultipleValidationErrorsAndBadRequest" /></UnitTest><UnitTest name="Patch_InvalidIdPropertyReturnsNotFound" storage="d:\users\steve knipmeyer\documents\github\modelrelief\modelrelief.test\bin\debug\netcoreapp2.0\modelrelief.test.dll" id="5a107812-3023-4060-b889-e69b1cde01ba"><Execution id="15d76a82-b664-448e-9351-8ec42e9f9a67" /><TestMethod codeBase="D:\Users\Steve Knipmeyer\Documents\GitHub\ModelRelief\ModelRelief.test\bin\Debug\netcoreapp2.0\ModelRelief.Test.dll" adapterTypeName="executor://xunit/VsTestRunner2/netcoreapp" className="ModelRelief.Test.Integration.MeshTransforms.MeshTransformsBaseIntegrationTests" name="Patch_InvalidIdPropertyReturnsNotFound" /></UnitTest><UnitTest name="GetSingle_InvalidIdPropertyValueReturnsNotFound" storage="d:\users\steve knipmeyer\documents\github\modelrelief\modelrelief.test\bin\debug\netcoreapp2.0\modelrelief.test.dll" id="bdfc1ef6-befa-4175-8c6b-d004127b00fe"><Execution id="26e3850c-ccb2-4e06-b0e9-da9bc9d7c257" /><TestMethod codeBase="D:\Users\Steve Knipmeyer\Documents\GitHub\ModelRelief\ModelRelief.test\bin\Debug\netcoreapp2.0\ModelRelief.Test.dll" adapterTypeName="executor://xunit/VsTestRunner2/netcoreapp" className="ModelRelief.Test.Integration.Projects.ProjectsBaseIntegrationTests" name="GetSingle_InvalidIdPropertyValueReturnsNotFound" /></UnitTest><UnitTest name="MeshTransformHasExpectedDependentFiles" storage="d:\users\steve knipmeyer\documents\github\modelrelief\modelrelief.test\bin\debug\netcoreapp2.0\modelrelief.test.dll" id="204775cf-cdca-4b24-a025-a4012e2518b6"><Execution id="2dfc5151-a912-4d83-bb3d-88748d2a0d63" /><TestMethod codeBase="D:\Users\Steve Knipmeyer\Documents\GitHub\ModelRelief\ModelRelief.test\bin\Debug\netcoreapp2.0\ModelRelief.Test.dll" adapterTypeName="executor://xunit/VsTestRunner2/netcoreapp" className="ModelRelief.Test.Unit.DependencyManager.DependencyManagerTests" name="MeshTransformHasExpectedDependentFiles" /></UnitTest><UnitTest name="Patch_ValidReferencePropertyUpdatesModel" storage="d:\users\steve knipmeyer\documents\github\modelrelief\modelrelief.test\bin\debug\netcoreapp2.0\modelrelief.test.dll" id="499a6953-ff01-4c09-944e-78ac5edf3427"><Execution id="8e00ec6f-a3b4-4586-9f81-478523af09b5" /><TestMethod codeBase="D:\Users\Steve Knipmeyer\Documents\GitHub\ModelRelief\ModelRelief.test\bin\Debug\netcoreapp2.0\ModelRelief.Test.dll" adapterTypeName="executor://xunit/VsTestRunner2/netcoreapp" className="ModelRelief.Test.Integration.Meshes.MeshesBaseIntegrationTests" name="Patch_ValidReferencePropertyUpdatesModel" /></UnitTest><UnitTest name="Delete_TargetModelIsDeleted" storage="d:\users\steve knipmeyer\documents\github\modelrelief\modelrelief.test\bin\debug\netcoreapp2.0\modelrelief.test.dll" id="618a7c66-6ab0-4d75-9784-7d8a9040a7d6"><Execution id="fec57c5e-0e0c-4101-b43b-2df4ce564784" /><TestMethod codeBase="D:\Users\Steve Knipmeyer\Documents\GitHub\ModelRelief\ModelRelief.test\bin\Debug\netcoreapp2.0\ModelRelief.Test.dll" adapterTypeName="executor://xunit/VsTestRunner2/netcoreapp" className="ModelRelief.Test.Integration.Meshes.MeshesBaseIntegrationTests" name="Delete_TargetModelIsDeleted" /></UnitTest><UnitTest name="Patch_ValidReferencePropertyUpdatesModel" storage="d:\users\steve knipmeyer\documents\github\modelrelief\modelrelief.test\bin\debug\netcoreapp2.0\modelrelief.test.dll" id="78daf885-5c2b-472c-91b9-069190bda57d"><Execution id="41d780b3-b0f1-4c18-bc7f-02bc09305c53" /><TestMethod codeBase="D:\Users\Steve Knipmeyer\Documents\GitHub\ModelRelief\ModelRelief.test\bin\Debug\netcoreapp2.0\ModelRelief.Test.dll" adapterTypeName="executor://xunit/VsTestRunner2/netcoreapp" className="ModelRelief.Test.Integration.Projects.ProjectsBaseIntegrationTests" name="Patch_ValidReferencePropertyUpdatesModel" /></UnitTest><UnitTest name="CameraHasExpectedDependentFiles" storage="d:\users\steve knipmeyer\documents\github\modelrelief\modelrelief.test\bin\debug\netcoreapp2.0\modelrelief.test.dll" id="590da74f-ea3e-4c68-85da-36d7f9b98b9a"><Execution id="7d0b9648-de16-4e5e-b2f0-a34abe077bf0" /><TestMethod codeBase="D:\Users\Steve Knipmeyer\Documents\GitHub\ModelRelief\ModelRelief.test\bin\Debug\netcoreapp2.0\ModelRelief.Test.dll" adapterTypeName="executor://xunit/VsTestRunner2/netcoreapp" className="ModelRelief.Test.Unit.DependencyManager.DependencyManagerTests" name="CameraHasExpectedDependentFiles" /></UnitTest><UnitTest name="Put_InvalidReferencePropertyReturndBadRequest" storage="d:\users\steve knipmeyer\documents\github\modelrelief\modelrelief.test\bin\debug\netcoreapp2.0\modelrelief.test.dll" id="68a14d3f-803b-4c4f-845f-0b2ca6697467"><Execution id="a02e9d75-8fd4-4545-be99-42d37b166b47" /><TestMethod codeBase="D:\Users\Steve Knipmeyer\Documents\GitHub\ModelRelief\ModelRelief.test\bin\Debug\netcoreapp2.0\ModelRelief.Test.dll" adapterTypeName="executor://xunit/VsTestRunner2/netcoreapp" className="ModelRelief.Test.Integration.Projects.ProjectsBaseIntegrationTests" name="Put_InvalidReferencePropertyReturndBadRequest" /></UnitTest><UnitTest name="FileRequest_MeshGenerateSetsFileIsSynchronized" storage="d:\users\steve knipmeyer\documents\github\modelrelief\modelrelief.test\bin\debug\netcoreapp2.0\modelrelief.test.dll" id="1368ba34-5329-4177-ba73-a5b4e7b369f9"><Execution id="e14596ea-2f07-4036-b90e-ee25a69a58ad" /><TestMethod codeBase="D:\Users\Steve Knipmeyer\Documents\GitHub\ModelRelief\ModelRelief.test\bin\Debug\netcoreapp2.0\ModelRelief.Test.dll" adapterTypeName="executor://xunit/VsTestRunner2/netcoreapp" className="ModelRelief.Test.Integration.Meshes.MeshesFileIntegrationTests" name="FileRequest_MeshGenerateSetsFileIsSynchronized" /></UnitTest><UnitTest name="Post_InvalidReferencePropertyReturnsBadRequest" storage="d:\users\steve knipmeyer\documents\github\modelrelief\modelrelief.test\bin\debug\netcoreapp2.0\modelrelief.test.dll" id="a5ce8741-290f-431f-a614-200fae2f2627"><Execution id="bb801bae-8cae-4d42-ae3a-6f05ce93d73a" /><TestMethod codeBase="D:\Users\Steve Knipmeyer\Documents\GitHub\ModelRelief\ModelRelief.test\bin\Debug\netcoreapp2.0\ModelRelief.Test.dll" adapterTypeName="executor://xunit/VsTestRunner2/netcoreapp" className="ModelRelief.Test.Integration.Models.ModelsBaseIntegrationTests" name="Post_InvalidReferencePropertyReturnsBadRequest" /></UnitTest><UnitTest name="PostFile_NewFileCanBePosted" storage="d:\users\steve knipmeyer\documents\github\modelrelief\modelrelief.test\bin\debug\netcoreapp2.0\modelrelief.test.dll" id="4d955f90-e666-41f4-aa54-8887c699b1f1"><Execution id="32b7bbb2-21d1-4f35-ab64-0ee35de93466" /><TestMethod codeBase="D:\Users\Steve Knipmeyer\Documents\GitHub\ModelRelief\ModelRelief.test\bin\Debug\netcoreapp2.0\ModelRelief.Test.dll" adapterTypeName="executor://xunit/VsTestRunner2/netcoreapp" className="ModelRelief.Test.Integration.Models.ModelsFileIntegrationTests" name="PostFile_NewFileCanBePosted" /></UnitTest><UnitTest name="Put_CanUpdateModel" storage="d:\users\steve knipmeyer\documents\github\modelrelief\modelrelief.test\bin\debug\netcoreapp2.0\modelrelief.test.dll" id="f9bfee58-2192-448d-a328-3bdc050dd3fb"><Execution id="d638f6ed-bbca-41a4-8f97-f998222de14e" /><TestMethod codeBase="D:\Users\Steve Knipmeyer\Documents\GitHub\ModelRelief\ModelRelief.test\bin\Debug\netcoreapp2.0\ModelRelief.Test.dll" adapterTypeName="executor://xunit/VsTestRunner2/netcoreapp" className="ModelRelief.Test.Integration.Projects.ProjectsBaseIntegrationTests" name="Put_CanUpdateModel" /></UnitTest><UnitTest name="FileRequest_FileCanBeReadAfterRename" storage="d:\users\steve knipmeyer\documents\github\modelrelief\modelrelief.test\bin\debug\netcoreapp2.0\modelrelief.test.dll" id="30c57f70-cba7-433e-aafe-a7a1c5729dad"><Execution id="d1d698f8-2b7b-42c4-a0b4-4f6a283b6170" /><TestMethod codeBase="D:\Users\Steve Knipmeyer\Documents\GitHub\ModelRelief\ModelRelief.test\bin\Debug\netcoreapp2.0\ModelRelief.Test.dll" adapterTypeName="executor://xunit/VsTestRunner2/netcoreapp" className="ModelRelief.Test.Integration.DepthBuffers.DepthBuffersFileIntegrationTests" name="FileRequest_FileCanBeReadAfterRename" /></UnitTest><UnitTest name="Patch_MultipleInvalidReferencePropertiesReturnsMultipleValidationErrorsAndBadRequest" storage="d:\users\steve knipmeyer\documents\github\modelrelief\modelrelief.test\bin\debug\netcoreapp2.0\modelrelief.test.dll" id="de9f3d20-53c7-4f46-bebf-f016f5094a15"><Execution id="d015a78b-7d19-4616-acaa-1e06ab59a701" /><TestMethod codeBase="D:\Users\Steve Knipmeyer\Documents\GitHub\ModelRelief\ModelRelief.test\bin\Debug\netcoreapp2.0\ModelRelief.Test.dll" adapterTypeName="executor://xunit/VsTestRunner2/netcoreapp" className="ModelRelief.Test.Integration.Models.ModelsBaseIntegrationTests" name="Patch_MultipleInvalidReferencePropertiesReturnsMultipleValidationErrorsAndBadRequest" /></UnitTest><UnitTest name="Patch_InvalidReferencePropertyReturnsBadRequest" storage="d:\users\steve knipmeyer\documents\github\modelrelief\modelrelief.test\bin\debug\netcoreapp2.0\modelrelief.test.dll" id="24028f5e-5dda-4e88-a34c-eaa0cf30ed33"><Execution id="42117b88-cd6f-4d41-b064-748bb33dcf73" /><TestMethod codeBase="D:\Users\Steve Knipmeyer\Documents\GitHub\ModelRelief\ModelRelief.test\bin\Debug\netcoreapp2.0\ModelRelief.Test.dll" adapterTypeName="executor://xunit/VsTestRunner2/netcoreapp" className="ModelRelief.Test.Integration.Projects.ProjectsBaseIntegrationTests" name="Patch_InvalidReferencePropertyReturnsBadRequest" /></UnitTest><UnitTest name="Post_InvalidReferencePropertyReturnsBadRequest" storage="d:\users\steve knipmeyer\documents\github\modelrelief\modelrelief.test\bin\debug\netcoreapp2.0\modelrelief.test.dll" id="dff2730f-0ea7-4121-89e5-29af051ea71f"><Execution id="45ce09bb-1a87-4237-af2c-f57c8f367b3a" /><TestMethod codeBase="D:\Users\Steve Knipmeyer\Documents\GitHub\ModelRelief\ModelRelief.test\bin\Debug\netcoreapp2.0\ModelRelief.Test.dll" adapterTypeName="executor://xunit/VsTestRunner2/netcoreapp" className="ModelRelief.Test.Integration.Meshes.MeshesBaseIntegrationTests" name="Post_InvalidReferencePropertyReturnsBadRequest" /></UnitTest><UnitTest name="Patch_InvalidIdPropertyReturnsNotFound" storage="d:\users\steve knipmeyer\documents\github\modelrelief\modelrelief.test\bin\debug\netcoreapp2.0\modelrelief.test.dll" id="08333176-b705-4ada-8a2b-2e192c4e05ed"><Execution id="325837dc-3d4c-4223-a18e-18f88349d8b1" /><TestMethod codeBase="D:\Users\Steve Knipmeyer\Documents\GitHub\ModelRelief\ModelRelief.test\bin\Debug\netcoreapp2.0\ModelRelief.Test.dll" adapterTypeName="executor://xunit/VsTestRunner2/netcoreapp" className="ModelRelief.Test.Integration.Projects.ProjectsBaseIntegrationTests" name="Patch_InvalidIdPropertyReturnsNotFound" /></UnitTest><UnitTest name="Patch_ValidReferencePropertyUpdatesModel" storage="d:\users\steve knipmeyer\documents\github\modelrelief\modelrelief.test\bin\debug\netcoreapp2.0\modelrelief.test.dll" id="8c3eb79a-4b52-4ed0-9327-8799695393da"><Execution id="55972dfd-e9c9-46db-8e08-463376666766" /><TestMethod codeBase="D:\Users\Steve Knipmeyer\Documents\GitHub\ModelRelief\ModelRelief.test\bin\Debug\netcoreapp2.0\ModelRelief.Test.dll" adapterTypeName="executor://xunit/VsTestRunner2/netcoreapp" className="ModelRelief.Test.Integration.MeshTransforms.MeshTransformsBaseIntegrationTests" name="Patch_ValidReferencePropertyUpdatesModel" /></UnitTest><UnitTest name="GetSingle_ValidIdPropertyValueReturnsCorrectModel" storage="d:\users\steve knipmeyer\documents\github\modelrelief\modelrelief.test\bin\debug\netcoreapp2.0\modelrelief.test.dll" id="ebf15448-82a3-4e04-8982-193c64b352ba"><Execution id="0a368c99-cfa7-4256-81cb-66e784b036f9" /><TestMethod codeBase="D:\Users\Steve Knipmeyer\Documents\GitHub\ModelRelief\ModelRelief.test\bin\Debug\netcoreapp2.0\ModelRelief.Test.dll" adapterTypeName="executor://xunit/VsTestRunner2/netcoreapp" className="ModelRelief.Test.Integration.Cameras.CamerasBaseIntegrationTests" name="GetSingle_ValidIdPropertyValueReturnsCorrectModel" /></UnitTest><UnitTest name="PutFile_NewFileCanBePut" storage="d:\users\steve knipmeyer\documents\github\modelrelief\modelrelief.test\bin\debug\netcoreapp2.0\modelrelief.test.dll" id="37554f5c-5e02-44e6-9c60-6ebac26e27e2"><Execution id="1ec5114f-08f2-44e7-bdad-59739265df28" /><TestMethod codeBase="D:\Users\Steve Knipmeyer\Documents\GitHub\ModelRelief\ModelRelief.test\bin\Debug\netcoreapp2.0\ModelRelief.Test.dll" adapterTypeName="executor://xunit/VsTestRunner2/netcoreapp" className="ModelRelief.Test.Integration.Meshes.MeshesFileIntegrationTests" name="PutFile_NewFileCanBePut" /></UnitTest></TestDefinitions><TestEntries><TestEntry testId="6dd34532-29a4-4a63-8e9a-5c4f131f9341" executionId="e402b6bf-f541-48c2-b60a-d6a861c99659" testListId="8c84fa94-04c1-424b-9868-57a2d4851a1d" /><TestEntry testId="001cb43e-7c98-4ebe-9d5e-30098a373213" executionId="7848af48-9976-4092-b9de-e759e56af4c8" testListId="8c84fa94-04c1-424b-9868-57a2d4851a1d" /><TestEntry testId="bdfc1ef6-befa-4175-8c6b-d004127b00fe" executionId="26e3850c-ccb2-4e06-b0e9-da9bc9d7c257" testListId="8c84fa94-04c1-424b-9868-57a2d4851a1d" /><TestEntry testId="37554f5c-5e02-44e6-9c60-6ebac26e27e2" executionId="1ec5114f-08f2-44e7-bdad-59739265df28" testListId="8c84fa94-04c1-424b-9868-57a2d4851a1d" /><TestEntry testId="6f96feb8-2e50-4fd5-8eac-5e040e761c59" executionId="f3a0c9a3-c1db-40ab-b0ab-b71be267fcff" testListId="8c84fa94-04c1-424b-9868-57a2d4851a1d" /><TestEntry testId="94f8afb8-244b-436e-b3d7-4274fa5037dc" executionId="f94cb8a2-8266-4250-b681-771e6a3756c4" testListId="8c84fa94-04c1-424b-9868-57a2d4851a1d" /><TestEntry testId="edd6bb02-2385-4d3b-b295-4fb025838930" executionId="fed420dc-fc8a-45b0-9e0b-b505dde3c818" testListId="8c84fa94-04c1-424b-9868-57a2d4851a1d" /><TestEntry testId="4ba8fe36-3526-4782-88fb-ccf864472617" executionId="e3ecc522-1bb7-4cf8-873d-9caab90d64ec" testListId="8c84fa94-04c1-424b-9868-57a2d4851a1d" /><TestEntry testId="31d52cb4-a458-4665-ac63-fa78774e9643" executionId="ecf96643-83c7-4338-aadd-a618a05e1ddd" testListId="8c84fa94-04c1-424b-9868-57a2d4851a1d" /><TestEntry testId="2e8ff413-7a7e-466d-9a87-e2937c1642cf" executionId="8c1e19ae-c3cb-46a9-ad00-092c75cbef7c" testListId="8c84fa94-04c1-424b-9868-57a2d4851a1d" /><TestEntry testId="1d629a3c-4eab-481a-bbe8-948d008f3e6b" executionId="8badf6af-b222-420f-91c2-af670bc47b64" testListId="8c84fa94-04c1-424b-9868-57a2d4851a1d" /><TestEntry testId="9d2baf95-f838-4e89-82ff-c98dbc63a8ad" executionId="1128d79e-74b9-4254-90f7-3ba3be1dff51" testListId="8c84fa94-04c1-424b-9868-57a2d4851a1d" /><TestEntry testId="4d955f90-e666-41f4-aa54-8887c699b1f1" executionId="32b7bbb2-21d1-4f35-ab64-0ee35de93466" testListId="8c84fa94-04c1-424b-9868-57a2d4851a1d" /><TestEntry testId="75e2c993-3b15-400c-b276-9b12c79d3990" executionId="ee8ee914-6980-4681-b613-0d25b6cbeb9b" testListId="8c84fa94-04c1-424b-9868-57a2d4851a1d" /><TestEntry testId="647a2749-cf28-471a-96ba-a5ec7b4bbe8e" executionId="c7f300ab-0315-4314-a8d4-7cea5ac95f3d" testListId="8c84fa94-04c1-424b-9868-57a2d4851a1d" /><TestEntry testId="a71a8262-60f6-4e5f-81b2-d59011ba3c11" executionId="5d168437-f63c-407e-8639-76adea3aa9e8" testListId="8c84fa94-04c1-424b-9868-57a2d4851a1d" /><TestEntry testId="68a14d3f-803b-4c4f-845f-0b2ca6697467" executionId="a02e9d75-8fd4-4545-be99-42d37b166b47" testListId="8c84fa94-04c1-424b-9868-57a2d4851a1d" /><TestEntry testId="503b65ed-c41f-4c46-983e-1984ed648a9d" executionId="a09f46f1-0248-49d7-8baa-01828f678397" testListId="8c84fa94-04c1-424b-9868-57a2d4851a1d" /><TestEntry testId="204775cf-cdca-4b24-a025-a4012e2518b6" executionId="2dfc5151-a912-4d83-bb3d-88748d2a0d63" testListId="8c84fa94-04c1-424b-9868-57a2d4851a1d" /><TestEntry testId="5ce10ff1-55a3-4ba6-9655-0ba4418b44c6" executionId="967c1a8d-8cdd-43c1-b1d9-1a53fe90a341" testListId="8c84fa94-04c1-424b-9868-57a2d4851a1d" /><TestEntry testId="9834a3fe-43a1-443f-a541-6ae067694046" executionId="e86a03ad-4b5e-4d55-b93a-c206d27ab6a9" testListId="8c84fa94-04c1-424b-9868-57a2d4851a1d" /><TestEntry testId="944e67e3-6547-4e97-97fa-52df7e5ce7a6" executionId="b666345f-b531-4c32-a96d-1fe35e2e9a3c" testListId="8c84fa94-04c1-424b-9868-57a2d4851a1d" /><TestEntry testId="a695d2d3-a47e-41a1-8850-270dc4f71715" executionId="e30e190e-d4ae-46d0-92a8-6c90dad07698" testListId="8c84fa94-04c1-424b-9868-57a2d4851a1d" /><TestEntry testId="5a107812-3023-4060-b889-e69b1cde01ba" executionId="15d76a82-b664-448e-9351-8ec42e9f9a67" testListId="8c84fa94-04c1-424b-9868-57a2d4851a1d" /><TestEntry testId="2bbf0eaf-ef45-43d5-b0e1-088af2e0cb64" executionId="5c27288f-fadd-43e8-a0d9-90a15c43f440" testListId="8c84fa94-04c1-424b-9868-57a2d4851a1d" /><TestEntry testId="28858f7c-470e-4633-938a-cbfa9f07e8fa" executionId="ecf66f83-c69d-44c4-9758-a4f003448e31" testListId="8c84fa94-04c1-424b-9868-57a2d4851a1d" /><TestEntry testId="de9f3d20-53c7-4f46-bebf-f016f5094a15" executionId="d015a78b-7d19-4616-acaa-1e06ab59a701" testListId="8c84fa94-04c1-424b-9868-57a2d4851a1d" /><TestEntry testId="582dd708-77ae-4764-aacc-c3b01a213e1c" executionId="c0a08c2d-1fb6-4b2c-993c-f746a3370ea1" testListId="8c84fa94-04c1-424b-9868-57a2d4851a1d" /><TestEntry testId="bf492eb0-6739-43e8-afe7-6403e5ebfcfc" executionId="49ae91c7-be80-4870-8580-23297c442d22" testListId="8c84fa94-04c1-424b-9868-57a2d4851a1d" /><TestEntry testId="6d585d22-573d-470f-ae13-283c75fe44e7" executionId="4063515d-6fde-4e18-b85d-3ddbe5820e91" testListId="8c84fa94-04c1-424b-9868-57a2d4851a1d" /><TestEntry testId="a12c4d61-f356-42af-a650-c4ad0c1da762" executionId="a7973caa-9906-4f38-82c1-3876f83dd762" testListId="8c84fa94-04c1-424b-9868-57a2d4851a1d" /><TestEntry testId="33b485f8-9415-454f-81e7-81d2317b3751" executionId="19dd37f4-29d9-425b-886b-511c628ac2ca" testListId="8c84fa94-04c1-424b-9868-57a2d4851a1d" /><TestEntry testId="7c885e6f-ff67-47c0-b884-979d6581d026" executionId="b7fdc443-8b74-43a9-9bbd-3de300b48aa0" testListId="8c84fa94-04c1-424b-9868-57a2d4851a1d" /><TestEntry testId="b492c506-6bca-4deb-90dd-f1273ad17da2" executionId="4235b469-727c-47ab-a01e-dba86ff171a9" testListId="8c84fa94-04c1-424b-9868-57a2d4851a1d" /><TestEntry testId="308327c4-2b0c-436a-a68b-29fb064893bf" executionId="be13ec48-5280-4e7e-b550-0d71067b734c" testListId="8c84fa94-04c1-424b-9868-57a2d4851a1d" /><TestEntry testId="5d87723c-0405-4600-91ff-32848e86f6db" executionId="b1a8fdd0-6fce-482a-88b6-1a724744d7ad" testListId="8c84fa94-04c1-424b-9868-57a2d4851a1d" /><TestEntry testId="30c57f70-cba7-433e-aafe-a7a1c5729dad" executionId="d1d698f8-2b7b-42c4-a0b4-4f6a283b6170" testListId="8c84fa94-04c1-424b-9868-57a2d4851a1d" /><TestEntry testId="bbf205c0-cab0-4bfd-ab33-edc75035d0b9" executionId="7dab3c4e-7fe4-4678-9514-cd37d6c3c51d" testListId="8c84fa94-04c1-424b-9868-57a2d4851a1d" /><TestEntry testId="37184cdf-9d46-4405-8dc0-6b4f36803df7" executionId="0f6d19ab-7ff9-4c8c-9579-2172d41bb840" testListId="8c84fa94-04c1-424b-9868-57a2d4851a1d" /><TestEntry testId="63dc886a-30f8-418b-a636-732bcad36a06" executionId="a388641e-8fbb-48f9-9792-d55b134f473d" testListId="8c84fa94-04c1-424b-9868-57a2d4851a1d" /><TestEntry testId="e2246089-0f8e-4062-a373-bde521ec7f5e" executionId="cc25b941-6028-4c7c-811d-3280d0f0e2ca" testListId="8c84fa94-04c1-424b-9868-57a2d4851a1d" /><TestEntry testId="76fa0727-bbba-4854-a60a-dfc46319e242" executionId="03ba1805-e0ec-4a9d-9e27-e962ccb71392" testListId="8c84fa94-04c1-424b-9868-57a2d4851a1d" /><TestEntry testId="d9b3c7d2-9090-4a27-a42c-27df77d9d41b" executionId="265f96b4-1380-46bf-9fc0-14d940b7bbde" testListId="8c84fa94-04c1-424b-9868-57a2d4851a1d" /><TestEntry testId="c8575d8f-f14d-4a3d-9ea8-4633b8332ee2" executionId="55fcb43a-ff46-4039-9b57-b046015eeb7e" testListId="8c84fa94-04c1-424b-9868-57a2d4851a1d" /><TestEntry testId="08333176-b705-4ada-8a2b-2e192c4e05ed" executionId="325837dc-3d4c-4223-a18e-18f88349d8b1" testListId="8c84fa94-04c1-424b-9868-57a2d4851a1d" /><TestEntry testId="a4ae88cc-73fd-4dc5-973d-4dea6e6e5fdd" executionId="79256c95-5365-4167-b7a5-81e980fd8205" testListId="8c84fa94-04c1-424b-9868-57a2d4851a1d" /><TestEntry testId="835362e3-b9a8-45c8-812c-b704f776072b" executionId="24e18072-db37-4b71-ac58-02875f050a68" testListId="8c84fa94-04c1-424b-9868-57a2d4851a1d" /><TestEntry testId="2cdadb4d-7970-4806-a033-e4973463d6c7" executionId="5b13689e-cfb5-40a3-9255-01f8071a13dc" testListId="8c84fa94-04c1-424b-9868-57a2d4851a1d" /><TestEntry testId="a311811f-9cc1-476d-b064-be41d3653888" executionId="14e3786b-8ae1-446a-9d89-a2f83b4c4eaa" testListId="8c84fa94-04c1-424b-9868-57a2d4851a1d" /><TestEntry testId="4c57e6fd-22c1-40ad-81dc-3c13c8e8152a" executionId="08f63ac7-2944-4bd8-965b-20fa2b4431b6" testListId="8c84fa94-04c1-424b-9868-57a2d4851a1d" /><TestEntry testId="eac5cf73-628e-43bf-b10b-a5fe02b26992" executionId="a9c2c5c8-30ef-4188-ac92-84766c6279d3" testListId="8c84fa94-04c1-424b-9868-57a2d4851a1d" /><TestEntry testId="2d0b6af7-5a76-452d-a41f-906ac72b2522" executionId="9f74f3c0-5009-493d-9b8c-3bdeb1b91bd2" testListId="8c84fa94-04c1-424b-9868-57a2d4851a1d" /><TestEntry testId="618a7c66-6ab0-4d75-9784-7d8a9040a7d6" executionId="fec57c5e-0e0c-4101-b43b-2df4ce564784" testListId="8c84fa94-04c1-424b-9868-57a2d4851a1d" /><TestEntry testId="6e339427-e199-4aa7-afc9-a3ba96f8ad1a" executionId="c951085e-7d5a-44fc-9fbe-72a1d77bfbee" testListId="8c84fa94-04c1-424b-9868-57a2d4851a1d" /><TestEntry testId="26f0f24e-5be6-48c7-b8f3-36fd6d36388a" executionId="92eb978b-2d84-495c-b4d6-ac4d6cb5115e" testListId="8c84fa94-04c1-424b-9868-57a2d4851a1d" /><TestEntry testId="8b365c0b-bf10-4551-9bf3-7c42efee40d4" executionId="d271ae6e-ba47-4c31-8c9c-9a522322a4d3" testListId="8c84fa94-04c1-424b-9868-57a2d4851a1d" /><TestEntry testId="fd90622b-8e50-418f-ad2f-3fb6666b06ef" executionId="b845ab10-dde6-4381-94e8-2291b8e39ae7" testListId="8c84fa94-04c1-424b-9868-57a2d4851a1d" /><TestEntry testId="1f512dd7-1a1c-4cdd-9502-3a2267860a7d" executionId="6e12683d-acf6-4344-928a-d32913964910" testListId="8c84fa94-04c1-424b-9868-57a2d4851a1d" /><TestEntry testId="a5ce8741-290f-431f-a614-200fae2f2627" executionId="bb801bae-8cae-4d42-ae3a-6f05ce93d73a" testListId="8c84fa94-04c1-424b-9868-57a2d4851a1d" /><TestEntry testId="2ef02d18-d83b-4f51-a9ab-dd3c0a2b32de" executionId="c8af68a3-708f-4d12-bc14-a041f259ec60" testListId="8c84fa94-04c1-424b-9868-57a2d4851a1d" /><TestEntry testId="582c9d73-6e0e-4799-a9ae-59217f3290fd" executionId="f5dfe39f-de9a-4245-97f2-5c4c69793fee" testListId="8c84fa94-04c1-424b-9868-57a2d4851a1d" /><TestEntry testId="62a07295-5f30-471d-81c1-e0b2f2e7646e" executionId="7d8b77f6-c509-4415-ace5-29d9272e5e48" testListId="8c84fa94-04c1-424b-9868-57a2d4851a1d" /><TestEntry testId="9cba9e67-b5db-4788-b5f0-16cd0e94c209" executionId="68d53420-3d49-47fa-bc34-f5c5225647cb" testListId="8c84fa94-04c1-424b-9868-57a2d4851a1d" /><TestEntry testId="1b0e01b3-d604-4a15-a9e8-25a98cf9d73b" executionId="a7979646-3c2d-4888-8af3-f5fee9d720e4" testListId="8c84fa94-04c1-424b-9868-57a2d4851a1d" /><TestEntry testId="4cada926-b882-469a-adcb-be42f87d4e78" executionId="6c08aa44-c747-49f4-b9d9-2b69ff1f37ca" testListId="8c84fa94-04c1-424b-9868-57a2d4851a1d" /><TestEntry testId="914521c4-0225-431a-8510-67a31679fd5f" executionId="0de8f1fd-2113-449f-89e0-4f15e8a1527f" testListId="8c84fa94-04c1-424b-9868-57a2d4851a1d" /><TestEntry testId="7cff4237-34f0-4aff-bccf-553b8ee722d5" executionId="cd0cba63-86ed-4d62-8291-c03143f37185" testListId="8c84fa94-04c1-424b-9868-57a2d4851a1d" /><TestEntry testId="e3817815-4441-49b8-adfc-7fe7588d0c41" executionId="a1083b4c-830f-4888-b417-8452256087fe" testListId="8c84fa94-04c1-424b-9868-57a2d4851a1d" /><TestEntry testId="be0db897-cc09-484f-96ed-7547c6beca64" executionId="0bd4f551-23ea-4457-8919-a4387d0177b6" testListId="8c84fa94-04c1-424b-9868-57a2d4851a1d" /><TestEntry testId="c47d83f7-0564-4163-a7f9-51cab6dfb70a" executionId="4584c73a-b363-4397-8d4b-c24a2ce06b0b" testListId="8c84fa94-04c1-424b-9868-57a2d4851a1d" /><TestEntry testId="24028f5e-5dda-4e88-a34c-eaa0cf30ed33" executionId="42117b88-cd6f-4d41-b064-748bb33dcf73" testListId="8c84fa94-04c1-424b-9868-57a2d4851a1d" /><TestEntry testId="d175fa42-d2ec-46e5-bbad-42d49a15f98c" executionId="07156daf-ffe2-4a19-b518-d48d3730a327" testListId="8c84fa94-04c1-424b-9868-57a2d4851a1d" /><TestEntry testId="da381546-a6f9-424f-aeb0-85b0f4d3555f" executionId="e46edbcb-eae7-43c4-9e88-97938665a638" testListId="8c84fa94-04c1-424b-9868-57a2d4851a1d" /><TestEntry testId="c412121d-d10f-4d74-beb3-dc0198911e98" executionId="9e1add17-525d-4b05-9926-001e2a66ae08" testListId="8c84fa94-04c1-424b-9868-57a2d4851a1d" /><TestEntry testId="dff2730f-0ea7-4121-89e5-29af051ea71f" executionId="45ce09bb-1a87-4237-af2c-f57c8f367b3a" testListId="8c84fa94-04c1-424b-9868-57a2d4851a1d" /><TestEntry testId="32d4bf7c-6c2d-4f23-abd1-a159408abce8" executionId="b8fa22eb-8307-4cd2-8105-6d10fd429272" testListId="8c84fa94-04c1-424b-9868-57a2d4851a1d" /><TestEntry testId="7fcaf74b-8c91-49fe-b8f2-654400274123" executionId="292377d4-fc86-4218-bf38-6520f4709736" testListId="8c84fa94-04c1-424b-9868-57a2d4851a1d" /><TestEntry testId="78daf885-5c2b-472c-91b9-069190bda57d" executionId="41d780b3-b0f1-4c18-bc7f-02bc09305c53" testListId="8c84fa94-04c1-424b-9868-57a2d4851a1d" /><TestEntry testId="b8aebdd3-ad81-4393-b28d-190209a30635" executionId="e1e94368-44fc-4702-bc07-501ae8e32d14" testListId="8c84fa94-04c1-424b-9868-57a2d4851a1d" /><TestEntry testId="8384be72-b2d2-433e-b5b3-236d39e20fc2" executionId="c671b49f-ffa1-4bda-9b9d-52299bce7a5a" testListId="8c84fa94-04c1-424b-9868-57a2d4851a1d" /><TestEntry testId="1097fd04-cc21-4d8c-8e14-676e15765f1f" executionId="b2b7ed34-373b-4aa6-b6db-49caf1068aa2" testListId="8c84fa94-04c1-424b-9868-57a2d4851a1d" /><TestEntry testId="ebf15448-82a3-4e04-8982-193c64b352ba" executionId="0a368c99-cfa7-4256-81cb-66e784b036f9" testListId="8c84fa94-04c1-424b-9868-57a2d4851a1d" /><TestEntry testId="632684a8-2aaa-431c-a489-9f642608e15d" executionId="259ddccf-0ddb-464b-a019-c194ee3f703a" testListId="8c84fa94-04c1-424b-9868-57a2d4851a1d" /><TestEntry testId="4b3d6adc-8f1a-44a1-b3c2-db27800df684" executionId="755b28db-a5f6-4b7d-a768-cbc860e64927" testListId="8c84fa94-04c1-424b-9868-57a2d4851a1d" /><TestEntry testId="8b905480-e05e-4e49-8259-b15c72425ad9" executionId="cbe9da98-66d7-416c-b666-fa2af817f329" testListId="8c84fa94-04c1-424b-9868-57a2d4851a1d" /><TestEntry testId="7aefb8eb-94ee-45df-ba37-942121110bfa" executionId="1f6f8f21-e162-405d-9d43-7edb8367f7be" testListId="8c84fa94-04c1-424b-9868-57a2d4851a1d" /><TestEntry testId="2628f39a-f2a1-47fe-b6e6-233fc77b2a80" executionId="15e75d4a-2e2b-4884-8d52-c6d082d5d9e9" testListId="8c84fa94-04c1-424b-9868-57a2d4851a1d" /><TestEntry testId="91446c34-cdff-4c91-810a-c248ede9e367" executionId="d002a95d-1dda-4a89-9de7-b16bbea30ea5" testListId="8c84fa94-04c1-424b-9868-57a2d4851a1d" /><TestEntry testId="8c3eb79a-4b52-4ed0-9327-8799695393da" executionId="55972dfd-e9c9-46db-8e08-463376666766" testListId="8c84fa94-04c1-424b-9868-57a2d4851a1d" /><TestEntry testId="499a6953-ff01-4c09-944e-78ac5edf3427" executionId="8e00ec6f-a3b4-4586-9f81-478523af09b5" testListId="8c84fa94-04c1-424b-9868-57a2d4851a1d" /><TestEntry testId="57a19b02-138e-4646-9e9d-18afb3006488" executionId="552a5c9e-1b34-45cb-a5b9-6217edfa766b" testListId="8c84fa94-04c1-424b-9868-57a2d4851a1d" /><TestEntry testId="d7adbaec-4ac7-400f-a0e1-9b19feaecff3" executionId="1594bb36-ecf0-4552-847d-23907d03deca" testListId="8c84fa94-04c1-424b-9868-57a2d4851a1d" /><TestEntry testId="1368ba34-5329-4177-ba73-a5b4e7b369f9" executionId="e14596ea-2f07-4036-b90e-ee25a69a58ad" testListId="8c84fa94-04c1-424b-9868-57a2d4851a1d" /><TestEntry testId="f9ea6c4a-cc4f-4710-9a69-d28fecb30cc7" executionId="ba22a011-889c-472c-b42b-88f223533398" testListId="8c84fa94-04c1-424b-9868-57a2d4851a1d" /><TestEntry testId="d893803e-5ff0-4b71-9543-ad233fd93acc" executionId="a1128159-6a2e-4fff-ae13-cfa97263bcb5" testListId="8c84fa94-04c1-424b-9868-57a2d4851a1d" /><TestEntry testId="51b83b78-ab72-40b0-876a-f422de422910" executionId="7f5eb014-d19c-4339-b23f-840bd58b096b" testListId="8c84fa94-04c1-424b-9868-57a2d4851a1d" /><TestEntry testId="e5852787-95b0-4772-929c-6a931407eb7a" executionId="1dfadf69-422d-4a4b-a71d-9d9e3edbc753" testListId="8c84fa94-04c1-424b-9868-57a2d4851a1d" /><TestEntry testId="a730f2b9-f304-4c47-841c-ff77c34cc2cf" executionId="0ec9a2c4-58f7-48a5-b0ca-89d43b18c28a" testListId="8c84fa94-04c1-424b-9868-57a2d4851a1d" /><TestEntry testId="864da343-e6fb-4cf1-ab08-8f8597c94af9" executionId="f535d897-6e61-4518-ae1c-69fa69274c94" testListId="8c84fa94-04c1-424b-9868-57a2d4851a1d" /><TestEntry testId="f9bfee58-2192-448d-a328-3bdc050dd3fb" executionId="d638f6ed-bbca-41a4-8f97-f998222de14e" testListId="8c84fa94-04c1-424b-9868-57a2d4851a1d" /><TestEntry testId="26c123bd-005e-46a0-b57f-cf893bfc6384" executionId="42636fd3-c736-4c35-a0dd-0518414c2263" testListId="8c84fa94-04c1-424b-9868-57a2d4851a1d" /><TestEntry testId="56492bc3-faa4-4fa2-b54e-39e2df8b7135" executionId="56dd8d8a-4ae2-4302-9c3c-6d34f2c46202" testListId="8c84fa94-04c1-424b-9868-57a2d4851a1d" /><TestEntry testId="7f7544b6-023d-4cc4-bbe3-54972c370b91" executionId="3a8717a1-9340-45e4-9193-9248d932a012" testListId="8c84fa94-04c1-424b-9868-57a2d4851a1d" /><TestEntry testId="03c51d29-9e2a-4ab8-aac6-02ae00b54068" executionId="704d7429-11ec-4dda-9503-ec7cb99a5f95" testListId="8c84fa94-04c1-424b-9868-57a2d4851a1d" /><TestEntry testId="cc0b3acd-179d-47cb-9d3d-3e14c4dcdcd4" executionId="0a6322cd-d7f2-4fe3-a932-18dbbd8ab584" testListId="8c84fa94-04c1-424b-9868-57a2d4851a1d" /><TestEntry testId="ade6d7ef-1fe0-40c7-82ee-c7029d11dcc7" executionId="c64187c8-17ea-4cf7-b2e4-5f89d1260acf" testListId="8c84fa94-04c1-424b-9868-57a2d4851a1d" /><TestEntry testId="5b504769-e987-4ea7-8a43-6994f2a3da22" executionId="1a2da97d-6153-4fa7-bd5b-46c81ad32b8e" testListId="8c84fa94-04c1-424b-9868-57a2d4851a1d" /><TestEntry testId="40643cda-68eb-453b-9878-126c9a22426d" executionId="f159fe7c-f320-4026-af68-67c6af2b2afa" testListId="8c84fa94-04c1-424b-9868-57a2d4851a1d" /><TestEntry testId="04b3c86e-ea3b-4620-a127-31d06a014ff9" executionId="52889a9c-336c-4720-bf0e-e238a87cc720" testListId="8c84fa94-04c1-424b-9868-57a2d4851a1d" /><TestEntry testId="35accda0-73a3-445e-98c3-b3c19d0fce9f" executionId="f9980409-f987-49f3-90f2-98240a1979bd" testListId="8c84fa94-04c1-424b-9868-57a2d4851a1d" /><TestEntry testId="185ccf1b-335b-4d89-b4d3-8f225ef6fdde" executionId="55079fee-5a63-4f6c-a97e-7b9645ccfebd" testListId="8c84fa94-04c1-424b-9868-57a2d4851a1d" /><TestEntry testId="45a9d074-7d52-4d67-ae2d-dc99b25472e2" executionId="a8c5b410-f780-4d86-95ae-171a7fa57aed" testListId="8c84fa94-04c1-424b-9868-57a2d4851a1d" /><TestEntry testId="e2d52d68-e103-4c33-aae0-e53c2bf86a14" executionId="c1bf3e50-3f07-4c66-9677-bcdde8990ad7" testListId="8c84fa94-04c1-424b-9868-57a2d4851a1d" /><TestEntry testId="aed1368b-441e-418c-a1db-825d3c453d1d" executionId="6986b335-034d-4fd1-a3be-291b0acab37b" testListId="8c84fa94-04c1-424b-9868-57a2d4851a1d" /><TestEntry testId="c473a562-8943-4ecc-8578-dddc81d8196c" executionId="ceefe5b4-b084-4a7d-915a-040fc94883d4" testListId="8c84fa94-04c1-424b-9868-57a2d4851a1d" /><TestEntry testId="c38bc7d3-892d-4c18-b036-ca76ff35d76a" executionId="cb805373-7ccc-457b-9dc2-c83bc803d468" testListId="8c84fa94-04c1-424b-9868-57a2d4851a1d" /><TestEntry testId="b58dbd47-5ff8-4d12-935c-1e1ffc526bd8" executionId="71746fde-60a7-4961-8057-11897bf95e78" testListId="8c84fa94-04c1-424b-9868-57a2d4851a1d" /><TestEntry testId="718d49e2-d95f-4886-a31b-fc7400643356" executionId="5b992eaf-5edf-4f1b-b475-2bfd9ca0525f" testListId="8c84fa94-04c1-424b-9868-57a2d4851a1d" /><TestEntry testId="b162e01a-884e-4f80-a018-503a6832d7ad" executionId="50cc8c76-9733-40f4-82d0-201d317abf75" testListId="8c84fa94-04c1-424b-9868-57a2d4851a1d" /><TestEntry testId="d441793b-cbe0-4a4a-99ae-5144fbd83c4a" executionId="ba3d093e-8b82-424c-98e2-021873685d1c" testListId="8c84fa94-04c1-424b-9868-57a2d4851a1d" /><TestEntry testId="85e87778-7c47-4e28-b120-8a2a577ea22d" executionId="4f702851-98f6-4365-9741-81f226b01852" testListId="8c84fa94-04c1-424b-9868-57a2d4851a1d" /><TestEntry testId="b6327a74-6f85-4525-9b6d-36836a1e72f7" executionId="d8f84a37-107b-4368-a4fb-e65a2769f4ae" testListId="8c84fa94-04c1-424b-9868-57a2d4851a1d" /><TestEntry testId="0d7df5d1-a625-407b-b5cb-88c18bae7f6d" executionId="988ee6bb-50ed-43f1-9279-5accfad9f913" testListId="8c84fa94-04c1-424b-9868-57a2d4851a1d" /><TestEntry testId="961a969b-326a-412d-95fb-bccb01993ffc" executionId="8a32cb15-0b5a-4eb2-8ab7-864c288e1dcb" testListId="8c84fa94-04c1-424b-9868-57a2d4851a1d" /><TestEntry testId="3e5dca3f-9bce-44cf-917e-dfff2d1caac9" executionId="2568cfc5-a66c-4c30-a124-6923deaae7bd" testListId="8c84fa94-04c1-424b-9868-57a2d4851a1d" /><TestEntry testId="9294f8b3-994f-45d2-93f0-e895d922f125" executionId="7473a307-2d9d-42e7-9565-e9b79168ae04" testListId="8c84fa94-04c1-424b-9868-57a2d4851a1d" /><TestEntry testId="866fb5e3-89a7-494c-8a41-c751c373289c" executionId="9d8c2a32-d32a-4d12-a6b1-14c81a481388" testListId="8c84fa94-04c1-424b-9868-57a2d4851a1d" /><TestEntry testId="fea66212-f06d-414b-a098-d289243b9ea7" executionId="f373eacc-cdeb-486a-845c-95d0021c3812" testListId="8c84fa94-04c1-424b-9868-57a2d4851a1d" /><TestEntry testId="590da74f-ea3e-4c68-85da-36d7f9b98b9a" executionId="7d0b9648-de16-4e5e-b2f0-a34abe077bf0" testListId="8c84fa94-04c1-424b-9868-57a2d4851a1d" /><TestEntry testId="ed249cf1-37e7-4d77-a7f9-b52164a39a5c" executionId="836cdc89-dd47-439d-aa2d-45ecca28b023" testListId="8c84fa94-04c1-424b-9868-57a2d4851a1d" /><TestEntry testId="ef8ba827-1603-43d9-a45b-6e033d98d00a" executionId="cf9153cc-11b4-4031-bd95-41941836a5bf" testListId="8c84fa94-04c1-424b-9868-57a2d4851a1d" /><TestEntry testId="650524cb-2d78-420f-a782-b3a538fdc65f" executionId="56a43137-17b2-41c7-a7ff-6f576df2a8b2" testListId="8c84fa94-04c1-424b-9868-57a2d4851a1d" /><TestEntry testId="27064cd9-7f83-46e8-bae8-5445d63ff406" executionId="b697e7cc-e2a8-4258-ae00-6ee3ec648851" testListId="8c84fa94-04c1-424b-9868-57a2d4851a1d" /><TestEntry testId="afef2d17-67f9-428e-a1b8-51dd40fab7a5" executionId="f799b92e-2e20-495a-9918-312e103081cf" testListId="8c84fa94-04c1-424b-9868-57a2d4851a1d" /><TestEntry testId="5f85b955-431d-44d4-b71b-ad2e0698fc22" executionId="4fbccd29-cc48-4f3b-8ae1-87f9ebe1f706" testListId="8c84fa94-04c1-424b-9868-57a2d4851a1d" /><TestEntry testId="f0a8ab12-df6a-4c4a-80f0-f81e74ad40df" executionId="66e1431e-6618-4067-8aff-df098563f443" testListId="8c84fa94-04c1-424b-9868-57a2d4851a1d" /><TestEntry testId="38e3825c-1777-48cc-8260-c47d63468973" executionId="c2bdb7dc-384c-4bce-aff6-678a7a77dccb" testListId="8c84fa94-04c1-424b-9868-57a2d4851a1d" /><TestEntry testId="d770bcee-c6ff-4ff8-8521-d9ec575a94a9" executionId="a986bdd4-2d15-441c-94ec-fd3e7a7649f1" testListId="8c84fa94-04c1-424b-9868-57a2d4851a1d" /><TestEntry testId="fdabeac8-b71c-4e77-bda1-3508f6aa7f90" executionId="2781545e-23c6-4137-8296-b26bdc1b5358" testListId="8c84fa94-04c1-424b-9868-57a2d4851a1d" /><TestEntry testId="31bb7615-01d6-4cc8-92fd-373b37c381c1" executionId="a632589f-cff3-422c-965e-4efeabb685ae" testListId="8c84fa94-04c1-424b-9868-57a2d4851a1d" /><TestEntry testId="b5a27a68-a3c9-488c-a22f-4b2f5dea6906" executionId="2d161bfc-5109-4a64-9db6-d92c3609471f" testListId="8c84fa94-04c1-424b-9868-57a2d4851a1d" /><TestEntry testId="d89bede4-35fc-4a56-9ca2-bddb829a182c" executionId="95bfed62-586c-4518-a855-ca35b09f7668" testListId="8c84fa94-04c1-424b-9868-57a2d4851a1d" /><TestEntry testId="7a6bf555-158a-49e1-ba02-5098a849a1d1" executionId="249fe58a-5e5a-4cb6-8ab1-476333abd566" testListId="8c84fa94-04c1-424b-9868-57a2d4851a1d" /><TestEntry testId="9b0bc726-8a8d-41c5-9a5a-ed9ed66d0b4e" executionId="17a2557d-dec0-4ac5-81e4-3649a0d4185a" testListId="8c84fa94-04c1-424b-9868-57a2d4851a1d" /><TestEntry testId="14f61b1d-5287-41b2-99f6-e76bfd1dabeb" executionId="d21bd0dc-4e10-4780-a135-5469356c721f" testListId="8c84fa94-04c1-424b-9868-57a2d4851a1d" /><TestEntry testId="754f35f0-a51c-4d68-b16b-78e952ec1f6e" executionId="79e97a91-69b2-4452-964b-b3396a78d3e9" testListId="8c84fa94-04c1-424b-9868-57a2d4851a1d" /><TestEntry testId="5f27162d-6a74-4fd8-b8a3-627dd34dc924" executionId="04b9da32-6553-4823-b622-65fc1916eb5a" testListId="8c84fa94-04c1-424b-9868-57a2d4851a1d" /><TestEntry testId="23f8afd6-e11a-4139-86e0-28423de40d48" executionId="e2475931-509f-4e40-80f4-7c7c4f043d4e" testListId="8c84fa94-04c1-424b-9868-57a2d4851a1d" /><TestEntry testId="94be1c16-9604-43ca-adbf-cbbeaf27bd19" executionId="eafdacda-d6f0-4af6-9ca4-1e2175563507" testListId="8c84fa94-04c1-424b-9868-57a2d4851a1d" /><TestEntry testId="35d354ee-94bc-436f-9832-30218082a637" executionId="e5c0de6c-fcce-4f80-a49d-b97bdfd797f6" testListId="8c84fa94-04c1-424b-9868-57a2d4851a1d" /><TestEntry testId="9fe2f957-abb5-4135-b89a-1711cb93bae7" executionId="29522c4b-b885-44e0-96e8-c462a98462bf" testListId="8c84fa94-04c1-424b-9868-57a2d4851a1d" /></TestEntries><TestLists><TestList name="Results Not in a List" id="8c84fa94-04c1-424b-9868-57a2d4851a1d" /><TestList name="All Loaded Results" id="19431567-8539-422a-85d7-44ee4e166bda" /></TestLists><ResultSummary outcome="Completed"><Counters total="151" executed="151" passed="151" failed="0" error="0" timeout="0" aborted="0" inconclusive="0" passedButRunAborted="0" notRunnable="0" notExecuted="0" disconnected="0" warning="0" completed="0" inProgress="0" pending="0" /><Output><StdOut>[xUnit.net 00:00:01.1797092]   Discovering: ModelRelief.Test[xUnit.net 00:00:01.2990763]   Discovered:  ModelRelief.Test[xUnit.net 00:00:01.3056486]   Starting:    ModelRelief.Test[xUnit.net 00:00:19.0656289]   Finished:    ModelRelief.Test</StdOut></Output></ResultSummary></TestRun>