<?xml version="1.0" encoding="utf-8"?><TestRun id="cefeadba-6d1c-419d-8eca-1f8279a38ce3" name="Steve Knipmeyer@VECTOR 2018-08-17 04:12:40" runUser="VECTOR\Steve Knipmeyer" xmlns="http://microsoft.com/schemas/VisualStudio/TeamTest/2010"><Times creation="2018-08-17T04:12:40.4901060-04:00" queuing="2018-08-17T04:12:40.4901165-04:00" start="2018-08-17T04:12:34.8080392-04:00" finish="2018-08-17T04:13:02.1365487-04:00" /><TestSettings name="default" id="4fea9b33-148f-48b5-a7b4-c47de638fe0e"><Deployment runDeploymentRoot="Steve_Knipmeyer_VECTOR_2018-08-17_04_12_40" /></TestSettings><Results><UnitTestResult executionId="dd786aa9-4aab-47ab-9197-1cedb5872938" testId="63fe236e-84cb-4655-85a0-0d67a188b2c6" testName="GetFile_NonExistentFileReturnsNotFound" computerName="VECTOR" duration="00:00:00.0170000" startTime="2018-08-17T04:12:42.6932825-04:00" endTime="2018-08-17T04:12:42.6932883-04:00" testType="13cdc9d9-ddb5-4fa4-a97d-d965ccfc6d4b" outcome="Passed" testListId="8c84fa94-04c1-424b-9868-57a2d4851a1d" relativeResultsDirectory="dd786aa9-4aab-47ab-9197-1cedb5872938" /><UnitTestResult executionId="e7a5fa06-1720-4b2c-b62f-0ca9251d5093" testId="c75ae58e-c2fe-4000-8417-0d97ef189a31" testName="PostFile_FileTimeStampIsUpdatedAfterFileIsPosted" computerName="VECTOR" duration="00:00:00.0100000" startTime="2018-08-17T04:12:41.8944318-04:00" endTime="2018-08-17T04:12:41.8944351-04:00" testType="13cdc9d9-ddb5-4fa4-a97d-d965ccfc6d4b" outcome="Passed" testListId="8c84fa94-04c1-424b-9868-57a2d4851a1d" relativeResultsDirectory="e7a5fa06-1720-4b2c-b62f-0ca9251d5093" /><UnitTestResult executionId="902f757c-b5d0-4b05-b49c-60d743728429" testId="f4f2cf3f-0804-47f1-b380-9d52618acc33" testName="Put_InvalidIdReturnsNotFound" computerName="VECTOR" duration="00:00:00.0330000" startTime="2018-08-17T04:12:41.5333086-04:00" endTime="2018-08-17T04:12:41.5333142-04:00" testType="13cdc9d9-ddb5-4fa4-a97d-d965ccfc6d4b" outcome="Passed" testListId="8c84fa94-04c1-424b-9868-57a2d4851a1d" relativeResultsDirectory="902f757c-b5d0-4b05-b49c-60d743728429" /><UnitTestResult executionId="0b2ad74d-d937-4adb-9413-1efb156ac3fb" testId="97d750ce-7fce-4e4c-be02-c05f35257038" testName="Delete_TargetModelIsDeleted" computerName="VECTOR" duration="00:00:00.1130000" startTime="2018-08-17T04:12:43.0299843-04:00" endTime="2018-08-17T04:12:43.0299906-04:00" testType="13cdc9d9-ddb5-4fa4-a97d-d965ccfc6d4b" outcome="Passed" testListId="8c84fa94-04c1-424b-9868-57a2d4851a1d" relativeResultsDirectory="0b2ad74d-d937-4adb-9413-1efb156ac3fb" /><UnitTestResult executionId="4912815a-ba09-4f11-a919-037e7f2fc87b" testId="0ff44275-339c-4732-afc1-cd148511c0df" testName="GetFile_FileCanBeRoundTripped" computerName="VECTOR" duration="00:00:00.0950000" startTime="2018-08-17T04:12:48.2782625-04:00" endTime="2018-08-17T04:12:48.2782682-04:00" testType="13cdc9d9-ddb5-4fa4-a97d-d965ccfc6d4b" outcome="Passed" testListId="8c84fa94-04c1-424b-9868-57a2d4851a1d" relativeResultsDirectory="4912815a-ba09-4f11-a919-037e7f2fc87b" /><UnitTestResult executionId="8e3ed76c-3b31-40ac-8a0c-56cb5a6a9723" testId="83cb4e60-894e-43de-b983-4b75e352c95b" testName="PostFile_NewFileCanBePosted" computerName="VECTOR" duration="00:00:00.0670000" startTime="2018-08-17T04:12:42.5791645-04:00" endTime="2018-08-17T04:12:42.5791700-04:00" testType="13cdc9d9-ddb5-4fa4-a97d-d965ccfc6d4b" outcome="Passed" testListId="8c84fa94-04c1-424b-9868-57a2d4851a1d" relativeResultsDirectory="8e3ed76c-3b31-40ac-8a0c-56cb5a6a9723" /><UnitTestResult executionId="b9ad6724-4770-4243-bf50-56ffa28e458a" testId="1f02f4df-7650-4e3f-8e8f-8d6081ad5b7e" testName="Patch_InvalidEnumPropertyValueReturnsBadRequest" computerName="VECTOR" duration="00:00:00.0080000" startTime="2018-08-17T04:12:40.8266017-04:00" endTime="2018-08-17T04:12:40.8266048-04:00" testType="13cdc9d9-ddb5-4fa4-a97d-d965ccfc6d4b" outcome="Passed" testListId="8c84fa94-04c1-424b-9868-57a2d4851a1d" relativeResultsDirectory="b9ad6724-4770-4243-bf50-56ffa28e458a" /><UnitTestResult executionId="4feac881-ffba-4f66-9dfa-e88992500c17" testId="cbc4447a-2885-4c17-bf90-8987f4ad971e" testName="GetSingle_ValidIdPropertyValueReturnsCorrectModel" computerName="VECTOR" duration="00:00:00.0140000" startTime="2018-08-17T04:12:43.4732330-04:00" endTime="2018-08-17T04:12:43.4732379-04:00" testType="13cdc9d9-ddb5-4fa4-a97d-d965ccfc6d4b" outcome="Passed" testListId="8c84fa94-04c1-424b-9868-57a2d4851a1d" relativeResultsDirectory="4feac881-ffba-4f66-9dfa-e88992500c17" /><UnitTestResult executionId="7bb87e05-555c-4402-86aa-f21025cae63e" testId="da6baefc-243b-490e-b83e-781a9ce326a4" testName="GetFile_ExistingFileReturnsSuccess" computerName="VECTOR" duration="00:00:00.2300000" startTime="2018-08-17T04:12:42.4001132-04:00" endTime="2018-08-17T04:12:42.4001203-04:00" testType="13cdc9d9-ddb5-4fa4-a97d-d965ccfc6d4b" outcome="Passed" testListId="8c84fa94-04c1-424b-9868-57a2d4851a1d" relativeResultsDirectory="7bb87e05-555c-4402-86aa-f21025cae63e" /><UnitTestResult executionId="6a65be9e-e10f-42ac-bc8e-ce5b64d5eeb1" testId="043e8470-4eb3-4022-9622-afcd1ca7746f" testName="GetSingle_ValidIdPropertyValueReturnsCorrectModel" computerName="VECTOR" duration="00:00:00.0260000" startTime="2018-08-17T04:12:46.0238289-04:00" endTime="2018-08-17T04:12:46.0238346-04:00" testType="13cdc9d9-ddb5-4fa4-a97d-d965ccfc6d4b" outcome="Passed" testListId="8c84fa94-04c1-424b-9868-57a2d4851a1d" relativeResultsDirectory="6a65be9e-e10f-42ac-bc8e-ce5b64d5eeb1" /><UnitTestResult executionId="c4448e71-2a33-4ac8-b9a5-2e1b3d8ba8bc" testId="f2387f55-7509-464b-97e6-8a344f68e0ad" testName="LucyDepthBufferFindsOneDependent" computerName="VECTOR" duration="00:00:00.0050000" startTime="2018-08-17T04:12:39.7932861-04:00" endTime="2018-08-17T04:12:39.7932889-04:00" testType="13cdc9d9-ddb5-4fa4-a97d-d965ccfc6d4b" outcome="Passed" testListId="8c84fa94-04c1-424b-9868-57a2d4851a1d" relativeResultsDirectory="c4448e71-2a33-4ac8-b9a5-2e1b3d8ba8bc" /><UnitTestResult executionId="b66163df-d1bc-4001-8b46-46802809a72d" testId="439d4b55-cf42-4c07-ad83-827a885f94db" testName="Post_ValidReferencePropertyCreatesModel" computerName="VECTOR" duration="00:00:00.0260000" startTime="2018-08-17T04:12:58.4405650-04:00" endTime="2018-08-17T04:12:58.4405710-04:00" testType="13cdc9d9-ddb5-4fa4-a97d-d965ccfc6d4b" outcome="Passed" testListId="8c84fa94-04c1-424b-9868-57a2d4851a1d" relativeResultsDirectory="b66163df-d1bc-4001-8b46-46802809a72d" /><UnitTestResult executionId="6d8e66bb-8583-4e0d-9449-7130bfd8d67f" testId="ea04e355-ee78-4443-83e7-91196f03777e" testName="PutFile_NewFileCanBePut" computerName="VECTOR" duration="00:00:00.1020000" startTime="2018-08-17T04:13:01.1216162-04:00" endTime="2018-08-17T04:13:01.1216233-04:00" testType="13cdc9d9-ddb5-4fa4-a97d-d965ccfc6d4b" outcome="Passed" testListId="8c84fa94-04c1-424b-9868-57a2d4851a1d" relativeResultsDirectory="6d8e66bb-8583-4e0d-9449-7130bfd8d67f" /><UnitTestResult executionId="b6aa0dc6-99fe-4e9a-a4f1-a3e91c88b952" testId="de631614-f435-4da7-95ed-f2144cbc261e" testName="Put_ValidReferencePropertyUpdatesModel" computerName="VECTOR" duration="00:00:00.0630000" startTime="2018-08-17T04:13:01.9695792-04:00" endTime="2018-08-17T04:13:01.9695861-04:00" testType="13cdc9d9-ddb5-4fa4-a97d-d965ccfc6d4b" outcome="Passed" testListId="8c84fa94-04c1-424b-9868-57a2d4851a1d" relativeResultsDirectory="b6aa0dc6-99fe-4e9a-a4f1-a3e91c88b952" /><UnitTestResult executionId="198b1874-5a64-450e-b9ac-e538a7b57db8" testId="256aa878-212e-4373-9a2b-70c4d9179d87" testName="Put_InvalidReferencePropertyReturndBadRequest" computerName="VECTOR" duration="00:00:00.0120000" startTime="2018-08-17T04:12:40.9111150-04:00" endTime="2018-08-17T04:12:40.9111201-04:00" testType="13cdc9d9-ddb5-4fa4-a97d-d965ccfc6d4b" outcome="Passed" testListId="8c84fa94-04c1-424b-9868-57a2d4851a1d" relativeResultsDirectory="198b1874-5a64-450e-b9ac-e538a7b57db8" /><UnitTestResult executionId="68bdae23-a4b3-46da-95e8-f315b36b55f3" testId="56a1a81b-4726-42a3-b72e-4e357eb2f48c" testName="GetFile_FileCanBeRoundTripped" computerName="VECTOR" duration="00:00:00.0960000" startTime="2018-08-17T04:12:42.6760029-04:00" endTime="2018-08-17T04:12:42.6760100-04:00" testType="13cdc9d9-ddb5-4fa4-a97d-d965ccfc6d4b" outcome="Passed" testListId="8c84fa94-04c1-424b-9868-57a2d4851a1d" relativeResultsDirectory="68bdae23-a4b3-46da-95e8-f315b36b55f3" /><UnitTestResult executionId="51444cad-ae7e-4995-8229-9f6ba2b5f84b" testId="6a4b9f57-878f-4c61-9b54-9fd987f654f2" testName="PostFile_NewFileCanBePosted" computerName="VECTOR" duration="00:00:00.1460000" startTime="2018-08-17T04:13:01.3689359-04:00" endTime="2018-08-17T04:13:01.3689435-04:00" testType="13cdc9d9-ddb5-4fa4-a97d-d965ccfc6d4b" outcome="Passed" testListId="8c84fa94-04c1-424b-9868-57a2d4851a1d" relativeResultsDirectory="51444cad-ae7e-4995-8229-9f6ba2b5f84b" /><UnitTestResult executionId="44be4e22-9e3b-4af8-99bf-d8db3ff934d8" testId="5ba170ed-fc8c-402c-90e1-07473dc05cd7" testName="FileRequest_FileCanBeReadAfterRename" computerName="VECTOR" duration="00:00:00.1200000" startTime="2018-08-17T04:13:00.5734396-04:00" endTime="2018-08-17T04:13:00.5734471-04:00" testType="13cdc9d9-ddb5-4fa4-a97d-d965ccfc6d4b" outcome="Passed" testListId="8c84fa94-04c1-424b-9868-57a2d4851a1d" relativeResultsDirectory="44be4e22-9e3b-4af8-99bf-d8db3ff934d8" /><UnitTestResult executionId="4294da3b-ee83-410d-bc80-7cef6c47ac58" testId="563a6d3d-1a1e-4b59-a357-446f842a88f0" testName="GetList_ListReturnsCorrectCount" computerName="VECTOR" duration="00:00:00.0180000" startTime="2018-08-17T04:13:01.5864713-04:00" endTime="2018-08-17T04:13:01.5864780-04:00" testType="13cdc9d9-ddb5-4fa4-a97d-d965ccfc6d4b" outcome="Passed" testListId="8c84fa94-04c1-424b-9868-57a2d4851a1d" relativeResultsDirectory="4294da3b-ee83-410d-bc80-7cef6c47ac58" /><UnitTestResult executionId="4abf2c35-d794-43b0-a41f-4304d2644f64" testId="05fc7aac-b37e-46e0-a5f3-f70c3821d51e" testName="Patch_InvalidIdPropertyReturnsNotFound" computerName="VECTOR" duration="00:00:00.0140000" startTime="2018-08-17T04:12:43.2743260-04:00" endTime="2018-08-17T04:12:43.2743317-04:00" testType="13cdc9d9-ddb5-4fa4-a97d-d965ccfc6d4b" outcome="Passed" testListId="8c84fa94-04c1-424b-9868-57a2d4851a1d" relativeResultsDirectory="4abf2c35-d794-43b0-a41f-4304d2644f64" /><UnitTestResult executionId="68b492bd-b141-4d24-9446-3aeb81500286" testId="365aa01c-3574-4b43-a3ec-72758079179e" testName="MeshTransformHasExpectedDependentFiles" computerName="VECTOR" duration="00:00:00.0010000" startTime="2018-08-17T04:12:39.7883738-04:00" endTime="2018-08-17T04:12:39.7883764-04:00" testType="13cdc9d9-ddb5-4fa4-a97d-d965ccfc6d4b" outcome="Passed" testListId="8c84fa94-04c1-424b-9868-57a2d4851a1d" relativeResultsDirectory="68b492bd-b141-4d24-9446-3aeb81500286" /><UnitTestResult executionId="806da0d7-ac1c-44d0-b3d2-a7ab18d09684" testId="9ad695fe-b724-4271-80c1-5918b4d43fbd" testName="GetList_ListReturnsCorrectCount" computerName="VECTOR" duration="00:00:00.9690000" startTime="2018-08-17T04:12:44.4560467-04:00" endTime="2018-08-17T04:12:44.4560532-04:00" testType="13cdc9d9-ddb5-4fa4-a97d-d965ccfc6d4b" outcome="Passed" testListId="8c84fa94-04c1-424b-9868-57a2d4851a1d" relativeResultsDirectory="806da0d7-ac1c-44d0-b3d2-a7ab18d09684" /><UnitTestResult executionId="457af514-6de7-4152-9f45-45f0e07d3b87" testId="a8fc67b5-51bf-4902-ad98-5964f906c22c" testName="GetFile_ExistingFileReturnsSuccess" computerName="VECTOR" duration="00:00:00.0320000" startTime="2018-08-17T04:12:58.5273349-04:00" endTime="2018-08-17T04:12:58.5273421-04:00" testType="13cdc9d9-ddb5-4fa4-a97d-d965ccfc6d4b" outcome="Passed" testListId="8c84fa94-04c1-424b-9868-57a2d4851a1d" relativeResultsDirectory="457af514-6de7-4152-9f45-45f0e07d3b87" /><UnitTestResult executionId="127a7bf5-e348-4696-9746-518e5e365a8c" testId="40a78a0f-5a39-4c1f-a5f2-b437be30cf02" testName="Patch_MultipleInvalidReferencePropertiesReturnsMultipleValidationErrorsAndBadRequest" computerName="VECTOR" duration="00:00:00.0340000" startTime="2018-08-17T04:12:45.9258116-04:00" endTime="2018-08-17T04:12:45.9258182-04:00" testType="13cdc9d9-ddb5-4fa4-a97d-d965ccfc6d4b" outcome="Passed" testListId="8c84fa94-04c1-424b-9868-57a2d4851a1d" relativeResultsDirectory="127a7bf5-e348-4696-9746-518e5e365a8c" /><UnitTestResult executionId="142d5def-e7c1-46d4-bed9-584d12bdc26f" testId="f5f65abb-7bf4-4ded-a600-2bedfea82ded" testName="GetSingle_InvalidIdPropertyValueReturnsNotFound" computerName="VECTOR" duration="00:00:00.0120000" startTime="2018-08-17T04:12:40.8387341-04:00" endTime="2018-08-17T04:12:40.8387409-04:00" testType="13cdc9d9-ddb5-4fa4-a97d-d965ccfc6d4b" outcome="Passed" testListId="8c84fa94-04c1-424b-9868-57a2d4851a1d" relativeResultsDirectory="142d5def-e7c1-46d4-bed9-584d12bdc26f" /><UnitTestResult executionId="31695dd9-3b3c-4156-aab3-dc876e049210" testId="06022488-99a8-40f8-a1e4-5c3c1ece9b61" testName="Post_InvalidPropertyValueReturnsBadRequest" computerName="VECTOR" duration="00:00:00.0140000" startTime="2018-08-17T04:12:40.9388397-04:00" endTime="2018-08-17T04:12:40.9388449-04:00" testType="13cdc9d9-ddb5-4fa4-a97d-d965ccfc6d4b" outcome="Passed" testListId="8c84fa94-04c1-424b-9868-57a2d4851a1d" relativeResultsDirectory="31695dd9-3b3c-4156-aab3-dc876e049210" /><UnitTestResult executionId="1c28582e-036c-48a8-aaa0-83a8974cdfc7" testId="108cd5bd-f842-4950-90a7-b2ec70c3c898" testName="Post_CanCreateNewModel" computerName="VECTOR" duration="00:00:00.0350000" startTime="2018-08-17T04:12:45.7649467-04:00" endTime="2018-08-17T04:12:45.7649532-04:00" testType="13cdc9d9-ddb5-4fa4-a97d-d965ccfc6d4b" outcome="Passed" testListId="8c84fa94-04c1-424b-9868-57a2d4851a1d" relativeResultsDirectory="1c28582e-036c-48a8-aaa0-83a8974cdfc7" /><UnitTestResult executionId="e2db4b90-cf15-4971-935d-79954351eff9" testId="d04164db-9cb7-43cc-9fd6-e593e12199a8" testName="Patch_InvalidIdPropertyReturnsNotFound" computerName="VECTOR" duration="00:00:00.0200000" startTime="2018-08-17T04:12:57.8946922-04:00" endTime="2018-08-17T04:12:57.8946987-04:00" testType="13cdc9d9-ddb5-4fa4-a97d-d965ccfc6d4b" outcome="Passed" testListId="8c84fa94-04c1-424b-9868-57a2d4851a1d" relativeResultsDirectory="e2db4b90-cf15-4971-935d-79954351eff9" /><UnitTestResult executionId="98987a1f-240b-4918-910a-4dd345f2ce95" testId="0056bfd2-8f96-43e0-9384-abf220b841d4" testName="Put_InvalidIdReturnsNotFound" computerName="VECTOR" duration="00:00:00.0220000" startTime="2018-08-17T04:13:01.5349469-04:00" endTime="2018-08-17T04:13:01.5349528-04:00" testType="13cdc9d9-ddb5-4fa4-a97d-d965ccfc6d4b" outcome="Passed" testListId="8c84fa94-04c1-424b-9868-57a2d4851a1d" relativeResultsDirectory="98987a1f-240b-4918-910a-4dd345f2ce95" /><UnitTestResult executionId="bc43ef5c-82d1-4962-81c9-2c1d229d311f" testId="2cd81888-886d-4b65-88e0-8aa57fc0f791" testName="FileRequest_DepthBufferIsInvalidatedAfterCameraDependencyPropertyChange" computerName="VECTOR" duration="00:00:00.4220000" startTime="2018-08-17T04:13:00.9961873-04:00" endTime="2018-08-17T04:13:00.9961947-04:00" testType="13cdc9d9-ddb5-4fa4-a97d-d965ccfc6d4b" outcome="Passed" testListId="8c84fa94-04c1-424b-9868-57a2d4851a1d" relativeResultsDirectory="bc43ef5c-82d1-4962-81c9-2c1d229d311f" /><UnitTestResult executionId="e80d144e-8046-4bc4-bf94-085a93aa04c3" testId="eb56b636-f2fa-40c0-ad08-72cfd1054c72" testName="Post_InvalidPropertyValueReturnsBadRequest" computerName="VECTOR" duration="00:00:00.0120000" startTime="2018-08-17T04:12:41.5688039-04:00" endTime="2018-08-17T04:12:41.5688093-04:00" testType="13cdc9d9-ddb5-4fa4-a97d-d965ccfc6d4b" outcome="Passed" testListId="8c84fa94-04c1-424b-9868-57a2d4851a1d" relativeResultsDirectory="e80d144e-8046-4bc4-bf94-085a93aa04c3" /><UnitTestResult executionId="52eaf2de-9efc-43db-bb29-c8c8ab25fe16" testId="10dea785-2b41-46c5-98d8-73d85acd3417" testName="Put_CanUpdateModel" computerName="VECTOR" duration="00:00:00.0540000" startTime="2018-08-17T04:12:43.4476165-04:00" endTime="2018-08-17T04:12:43.4476226-04:00" testType="13cdc9d9-ddb5-4fa4-a97d-d965ccfc6d4b" outcome="Passed" testListId="8c84fa94-04c1-424b-9868-57a2d4851a1d" relativeResultsDirectory="52eaf2de-9efc-43db-bb29-c8c8ab25fe16" /><UnitTestResult executionId="acb34229-438c-4a5c-87ac-68cc10c530ae" testId="959fa525-696c-4c6e-8647-30cb9aab7931" testName="Put_InvalidIdReturnsNotFound" computerName="VECTOR" duration="00:00:00.0380000" startTime="2018-08-17T04:12:40.8051128-04:00" endTime="2018-08-17T04:12:40.8051193-04:00" testType="13cdc9d9-ddb5-4fa4-a97d-d965ccfc6d4b" outcome="Passed" testListId="8c84fa94-04c1-424b-9868-57a2d4851a1d" relativeResultsDirectory="acb34229-438c-4a5c-87ac-68cc10c530ae" /><UnitTestResult executionId="9736fc85-c839-44ae-b637-55f943264f07" testId="d72021f0-2528-412a-8472-58a764f7968d" testName="Patch_ValidReferencePropertyUpdatesModel" computerName="VECTOR" duration="00:00:00.0560000" startTime="2018-08-17T04:12:43.3387379-04:00" endTime="2018-08-17T04:12:43.3387445-04:00" testType="13cdc9d9-ddb5-4fa4-a97d-d965ccfc6d4b" outcome="Passed" testListId="8c84fa94-04c1-424b-9868-57a2d4851a1d" relativeResultsDirectory="9736fc85-c839-44ae-b637-55f943264f07" /><UnitTestResult executionId="3d59d0fa-62fb-48e5-b86c-e837d74621b9" testId="f0f6fd68-8b8e-4001-8182-4627d5c080d3" testName="Patch_InvalidIdPropertyReturnsNotFound" computerName="VECTOR" duration="00:00:00.0130000" startTime="2018-08-17T04:12:40.9244088-04:00" endTime="2018-08-17T04:12:40.9244126-04:00" testType="13cdc9d9-ddb5-4fa4-a97d-d965ccfc6d4b" outcome="Passed" testListId="8c84fa94-04c1-424b-9868-57a2d4851a1d" relativeResultsDirectory="3d59d0fa-62fb-48e5-b86c-e837d74621b9" /><UnitTestResult executionId="428ea21f-2a4f-42a7-a225-0d07edbf44cf" testId="8306500b-29bb-4753-9421-e8c17172b689" testName="Patch_TargetPropertyIsUpdated" computerName="VECTOR" duration="00:00:00.0640000" startTime="2018-08-17T04:12:40.7286052-04:00" endTime="2018-08-17T04:12:40.7286115-04:00" testType="13cdc9d9-ddb5-4fa4-a97d-d965ccfc6d4b" outcome="Passed" testListId="8c84fa94-04c1-424b-9868-57a2d4851a1d" relativeResultsDirectory="428ea21f-2a4f-42a7-a225-0d07edbf44cf" /><UnitTestResult executionId="6a454f3f-4d39-425f-a9c6-9975f125c845" testId="e51a485e-ffd6-4d92-b1ae-cf8108632302" testName="PutFile_FileCanBeUpdated" computerName="VECTOR" duration="00:00:00.1690000" startTime="2018-08-17T04:13:00.4527668-04:00" endTime="2018-08-17T04:13:00.4527723-04:00" testType="13cdc9d9-ddb5-4fa4-a97d-d965ccfc6d4b" outcome="Passed" testListId="8c84fa94-04c1-424b-9868-57a2d4851a1d" relativeResultsDirectory="6a454f3f-4d39-425f-a9c6-9975f125c845" /><UnitTestResult executionId="0f94097b-4f89-4830-b2b3-48733b03ae6f" testId="5cbb36e3-5fdc-40c3-9d1e-4a8af85c2435" testName="FileRequest_FileCanBeReadAfterRename" computerName="VECTOR" duration="00:00:00.1400000" startTime="2018-08-17T04:12:57.6927100-04:00" endTime="2018-08-17T04:12:57.6927161-04:00" testType="13cdc9d9-ddb5-4fa4-a97d-d965ccfc6d4b" outcome="Passed" testListId="8c84fa94-04c1-424b-9868-57a2d4851a1d" relativeResultsDirectory="0f94097b-4f89-4830-b2b3-48733b03ae6f" /><UnitTestResult executionId="d5093353-3b10-44c5-8cd4-8787e0704f4d" testId="384b9738-1d5c-4f51-b301-3bec7ed0e112" testName="PutFile_FileCanBeUpdated" computerName="VECTOR" duration="00:00:00.1600000" startTime="2018-08-17T04:12:42.1693710-04:00" endTime="2018-08-17T04:12:42.1693774-04:00" testType="13cdc9d9-ddb5-4fa4-a97d-d965ccfc6d4b" outcome="Passed" testListId="8c84fa94-04c1-424b-9868-57a2d4851a1d" relativeResultsDirectory="d5093353-3b10-44c5-8cd4-8787e0704f4d" /><UnitTestResult executionId="f9a23325-b07c-42cc-9096-70ee3c8246a8" testId="06df9524-3bce-4c9b-b36b-fc29c1d3cd56" testName="Model3dHasExpectedDependentFiles" computerName="VECTOR" duration="00:00:00.0340000" startTime="2018-08-17T04:12:39.2443282-04:00" endTime="2018-08-17T04:12:39.2443351-04:00" testType="13cdc9d9-ddb5-4fa4-a97d-d965ccfc6d4b" outcome="Passed" testListId="8c84fa94-04c1-424b-9868-57a2d4851a1d" relativeResultsDirectory="f9a23325-b07c-42cc-9096-70ee3c8246a8" /><UnitTestResult executionId="e660e267-a075-44b8-9b58-7d6dd4ea5d38" testId="00de2658-e4ec-4ac7-8306-967e0a0b0cce" testName="Put_CanUpdateModel" computerName="VECTOR" duration="00:00:00.0950000" startTime="2018-08-17T04:12:41.4842607-04:00" endTime="2018-08-17T04:12:41.4842673-04:00" testType="13cdc9d9-ddb5-4fa4-a97d-d965ccfc6d4b" outcome="Passed" testListId="8c84fa94-04c1-424b-9868-57a2d4851a1d" relativeResultsDirectory="e660e267-a075-44b8-9b58-7d6dd4ea5d38" /><UnitTestResult executionId="d88b7c3e-9b51-4bf8-86c6-b16a86f58b18" testId="9bc6d969-9f18-4bfd-88fb-cb3a18150228" testName="GetFile_FileCanBeRoundTripped" computerName="VECTOR" duration="00:00:00.0910000" startTime="2018-08-17T04:13:01.4604333-04:00" endTime="2018-08-17T04:13:01.4604408-04:00" testType="13cdc9d9-ddb5-4fa4-a97d-d965ccfc6d4b" outcome="Passed" testListId="8c84fa94-04c1-424b-9868-57a2d4851a1d" relativeResultsDirectory="d88b7c3e-9b51-4bf8-86c6-b16a86f58b18" /><UnitTestResult executionId="81ee4cde-22b2-4fbb-afc6-771987a63840" testId="e8acd025-d602-4fd1-b5c3-aa82af541d09" testName="Delete_TargetModelIsDeleted" computerName="VECTOR" duration="00:00:00.0370000" startTime="2018-08-17T04:12:45.9970873-04:00" endTime="2018-08-17T04:12:45.9970937-04:00" testType="13cdc9d9-ddb5-4fa4-a97d-d965ccfc6d4b" outcome="Passed" testListId="8c84fa94-04c1-424b-9868-57a2d4851a1d" relativeResultsDirectory="81ee4cde-22b2-4fbb-afc6-771987a63840" /><UnitTestResult executionId="51361bff-b75a-4fed-a3ce-463f87636914" testId="76324ff9-012c-4ff6-938d-b4f9f640d97a" testName="Patch_MultipleInvalidReferencePropertiesReturnsMultipleValidationErrorsAndBadRequest" computerName="VECTOR" duration="00:00:00.0260000" startTime="2018-08-17T04:13:01.7769387-04:00" endTime="2018-08-17T04:13:01.7769456-04:00" testType="13cdc9d9-ddb5-4fa4-a97d-d965ccfc6d4b" outcome="Passed" testListId="8c84fa94-04c1-424b-9868-57a2d4851a1d" relativeResultsDirectory="51361bff-b75a-4fed-a3ce-463f87636914" /><UnitTestResult executionId="12816fd8-841f-4e4e-80da-2c219c428721" testId="513b0d1a-3e18-4959-88a0-25aa6702dde7" testName="Post_ValidReferencePropertyCreatesModel" computerName="VECTOR" duration="00:00:00.0260000" startTime="2018-08-17T04:13:01.7509247-04:00" endTime="2018-08-17T04:13:01.7509310-04:00" testType="13cdc9d9-ddb5-4fa4-a97d-d965ccfc6d4b" outcome="Passed" testListId="8c84fa94-04c1-424b-9868-57a2d4851a1d" relativeResultsDirectory="12816fd8-841f-4e4e-80da-2c219c428721" /><UnitTestResult executionId="f7ef2f81-eb3a-49e8-904e-5ef2003be6e9" testId="be7b55c8-aff7-42b3-92bd-158748cce186" testName="PutFile_FileCanBeUpdated" computerName="VECTOR" duration="00:00:00.1470000" startTime="2018-08-17T04:12:48.4259752-04:00" endTime="2018-08-17T04:12:48.4259808-04:00" testType="13cdc9d9-ddb5-4fa4-a97d-d965ccfc6d4b" outcome="Passed" testListId="8c84fa94-04c1-424b-9868-57a2d4851a1d" relativeResultsDirectory="f7ef2f81-eb3a-49e8-904e-5ef2003be6e9" /><UnitTestResult executionId="7e6188ac-f62f-4665-835c-9eebe2244f61" testId="934555fa-1026-46e1-b4da-7072a18a0eab" testName="Put_ValidReferencePropertyUpdatesModel" computerName="VECTOR" duration="00:00:00.0870000" startTime="2018-08-17T04:12:43.2006999-04:00" endTime="2018-08-17T04:12:43.2007061-04:00" testType="13cdc9d9-ddb5-4fa4-a97d-d965ccfc6d4b" outcome="Passed" testListId="8c84fa94-04c1-424b-9868-57a2d4851a1d" relativeResultsDirectory="7e6188ac-f62f-4665-835c-9eebe2244f61" /><UnitTestResult executionId="a15fd6b6-7f81-47e4-8eb7-d273774087d4" testId="ca272485-251c-4b9b-ae2d-8294663b92ff" testName="PostFile_NewFileCanBePosted" computerName="VECTOR" duration="00:00:00.0940000" startTime="2018-08-17T04:12:49.7453749-04:00" endTime="2018-08-17T04:12:49.7453852-04:00" testType="13cdc9d9-ddb5-4fa4-a97d-d965ccfc6d4b" outcome="Passed" testListId="8c84fa94-04c1-424b-9868-57a2d4851a1d" relativeResultsDirectory="a15fd6b6-7f81-47e4-8eb7-d273774087d4" /><UnitTestResult executionId="2bf636d1-fbe4-4d1c-a630-a7c739ed5d90" testId="9653d5c8-29f4-4612-9464-34135f7ade17" testName="Delete_TargetModelIsDeleted" computerName="VECTOR" duration="00:00:00.0410000" startTime="2018-08-17T04:12:57.8741056-04:00" endTime="2018-08-17T04:12:57.8741119-04:00" testType="13cdc9d9-ddb5-4fa4-a97d-d965ccfc6d4b" outcome="Passed" testListId="8c84fa94-04c1-424b-9868-57a2d4851a1d" relativeResultsDirectory="2bf636d1-fbe4-4d1c-a630-a7c739ed5d90" /><UnitTestResult executionId="5805b889-065a-438f-8c41-cefc07cb37e9" testId="7745e0a1-6caf-4652-9f9e-3e4c043ed934" testName="GetSingle_InvalidIdPropertyValueReturnsNotFound" computerName="VECTOR" duration="00:00:00.0110000" startTime="2018-08-17T04:12:43.4591059-04:00" endTime="2018-08-17T04:12:43.4591123-04:00" testType="13cdc9d9-ddb5-4fa4-a97d-d965ccfc6d4b" outcome="Passed" testListId="8c84fa94-04c1-424b-9868-57a2d4851a1d" relativeResultsDirectory="5805b889-065a-438f-8c41-cefc07cb37e9" /><UnitTestResult executionId="fae5a265-daaa-44fd-bbc2-129a9da71d7c" testId="7c3b0e31-a076-42ab-b1ca-d6f40206ba1b" testName="Patch_InvalidEnumPropertyValueReturnsBadRequest" computerName="VECTOR" duration="00:00:00.0150000" startTime="2018-08-17T04:12:41.7845630-04:00" endTime="2018-08-17T04:12:41.7845694-04:00" testType="13cdc9d9-ddb5-4fa4-a97d-d965ccfc6d4b" outcome="Passed" testListId="8c84fa94-04c1-424b-9868-57a2d4851a1d" relativeResultsDirectory="fae5a265-daaa-44fd-bbc2-129a9da71d7c" /><UnitTestResult executionId="04ef8f11-1de1-43c0-a6f0-2b2ebc321721" testId="fed4255d-7044-40f0-b352-ffc263474276" testName="GetSingle_ValidIdPropertyValueReturnsCorrectModel" computerName="VECTOR" duration="00:00:00.0180000" startTime="2018-08-17T04:13:01.4800625-04:00" endTime="2018-08-17T04:13:01.4800706-04:00" testType="13cdc9d9-ddb5-4fa4-a97d-d965ccfc6d4b" outcome="Passed" testListId="8c84fa94-04c1-424b-9868-57a2d4851a1d" relativeResultsDirectory="04ef8f11-1de1-43c0-a6f0-2b2ebc321721" /><UnitTestResult executionId="1480b6c7-c10e-4115-b105-9bef9bcddee3" testId="a67a7bab-c731-4b51-ad59-80c2367e16f6" testName="Put_ValidReferencePropertyUpdatesModel" computerName="VECTOR" duration="00:00:00.0580000" startTime="2018-08-17T04:12:45.6496518-04:00" endTime="2018-08-17T04:12:45.6496582-04:00" testType="13cdc9d9-ddb5-4fa4-a97d-d965ccfc6d4b" outcome="Passed" testListId="8c84fa94-04c1-424b-9868-57a2d4851a1d" relativeResultsDirectory="1480b6c7-c10e-4115-b105-9bef9bcddee3" /><UnitTestResult executionId="88311276-3a25-4f5e-9945-c3c7606bf8c7" testId="e48347e2-6b20-476f-9ee1-c7dc4ccdb02d" testName="Post_ValidReferencePropertyCreatesModel" computerName="VECTOR" duration="00:00:00.0090000" startTime="2018-08-17T04:12:40.4667327-04:00" endTime="2018-08-17T04:12:40.4667351-04:00" testType="13cdc9d9-ddb5-4fa4-a97d-d965ccfc6d4b" outcome="Passed" testListId="8c84fa94-04c1-424b-9868-57a2d4851a1d" relativeResultsDirectory="88311276-3a25-4f5e-9945-c3c7606bf8c7" /><UnitTestResult executionId="e5179bc4-6843-4efe-8742-1d49d2c23dcb" testId="72941f25-c68c-4a7a-9b4d-95cda2d9b9f7" testName="Post_InvalidPropertyValueReturnsBadRequest" computerName="VECTOR" duration="00:00:00.0230000" startTime="2018-08-17T04:12:46.0865543-04:00" endTime="2018-08-17T04:12:46.0865615-04:00" testType="13cdc9d9-ddb5-4fa4-a97d-d965ccfc6d4b" outcome="Passed" testListId="8c84fa94-04c1-424b-9868-57a2d4851a1d" relativeResultsDirectory="e5179bc4-6843-4efe-8742-1d49d2c23dcb" /><UnitTestResult executionId="97dbb591-5673-4849-8e51-3519d8216877" testId="218dcbb0-2875-4f10-9393-788dac4297c6" testName="Put_CanUpdateModel" computerName="VECTOR" duration="00:00:00.4530000" startTime="2018-08-17T04:12:45.5908848-04:00" endTime="2018-08-17T04:12:45.5908910-04:00" testType="13cdc9d9-ddb5-4fa4-a97d-d965ccfc6d4b" outcome="Passed" testListId="8c84fa94-04c1-424b-9868-57a2d4851a1d" relativeResultsDirectory="97dbb591-5673-4849-8e51-3519d8216877" /><UnitTestResult executionId="87fe6043-e788-4101-be60-c7dba7ff1c86" testId="9526c29d-a154-4e40-a936-f22dfad1796a" testName="Patch_InvalidIdPropertyReturnsNotFound" computerName="VECTOR" duration="00:00:00.0130000" startTime="2018-08-17T04:12:41.6925551-04:00" endTime="2018-08-17T04:12:41.6925607-04:00" testType="13cdc9d9-ddb5-4fa4-a97d-d965ccfc6d4b" outcome="Passed" testListId="8c84fa94-04c1-424b-9868-57a2d4851a1d" relativeResultsDirectory="87fe6043-e788-4101-be60-c7dba7ff1c86" /><UnitTestResult executionId="2f7a322c-195a-4a41-a870-f60b00e6592b" testId="2211b15d-cf5d-4648-9690-d0e3e01a5636" testName="GetSingle_ValidIdPropertyValueReturnsCorrectModel" computerName="VECTOR" duration="00:00:00.0140000" startTime="2018-08-17T04:12:41.5833209-04:00" endTime="2018-08-17T04:12:41.5833257-04:00" testType="13cdc9d9-ddb5-4fa4-a97d-d965ccfc6d4b" outcome="Passed" testListId="8c84fa94-04c1-424b-9868-57a2d4851a1d" relativeResultsDirectory="2f7a322c-195a-4a41-a870-f60b00e6592b" /><UnitTestResult executionId="91f69b49-1479-4af3-bde1-ba81c4440e96" testId="41d06a72-ad42-4ea2-a57c-5682759b985d" testName="Post_InvalidReferencePropertyReturnsBadRequest" computerName="VECTOR" duration="00:00:00.0240000" startTime="2018-08-17T04:12:45.8916784-04:00" endTime="2018-08-17T04:12:45.8916846-04:00" testType="13cdc9d9-ddb5-4fa4-a97d-d965ccfc6d4b" outcome="Passed" testListId="8c84fa94-04c1-424b-9868-57a2d4851a1d" relativeResultsDirectory="91f69b49-1479-4af3-bde1-ba81c4440e96" /><UnitTestResult executionId="709cf566-cac5-49aa-bfed-4e6604e7d791" testId="5c387584-1b56-465f-9db9-3e760012c151" testName="Patch_InvalidReferencePropertyReturnsBadRequest" computerName="VECTOR" duration="00:00:00.0090000" startTime="2018-08-17T04:12:40.7474560-04:00" endTime="2018-08-17T04:12:40.7474623-04:00" testType="13cdc9d9-ddb5-4fa4-a97d-d965ccfc6d4b" outcome="Passed" testListId="8c84fa94-04c1-424b-9868-57a2d4851a1d" relativeResultsDirectory="709cf566-cac5-49aa-bfed-4e6604e7d791" /><UnitTestResult executionId="ed13349a-c12a-4036-b461-a8d3f8cfd3ec" testId="5ecc7309-2deb-401d-8087-d0216f12d966" testName="Put_InvalidReferencePropertyReturndBadRequest" computerName="VECTOR" duration="00:00:00.0220000" startTime="2018-08-17T04:12:43.2595373-04:00" endTime="2018-08-17T04:12:43.2595439-04:00" testType="13cdc9d9-ddb5-4fa4-a97d-d965ccfc6d4b" outcome="Passed" testListId="8c84fa94-04c1-424b-9868-57a2d4851a1d" relativeResultsDirectory="ed13349a-c12a-4036-b461-a8d3f8cfd3ec" /><UnitTestResult executionId="d01193c9-edba-492d-8b63-286d5f7e092a" testId="7b6f1d8a-ba1e-476c-95c2-801a2a5b0351" testName="Post_ValidReferencePropertyCreatesModel" computerName="VECTOR" duration="00:00:00.0330000" startTime="2018-08-17T04:12:45.9593775-04:00" endTime="2018-08-17T04:12:45.9593835-04:00" testType="13cdc9d9-ddb5-4fa4-a97d-d965ccfc6d4b" outcome="Passed" testListId="8c84fa94-04c1-424b-9868-57a2d4851a1d" relativeResultsDirectory="d01193c9-edba-492d-8b63-286d5f7e092a" /><UnitTestResult executionId="6651d461-7093-46c6-bed0-d458c54371e4" testId="c8472e8e-33ed-4d74-8ad3-748fac16dbd2" testName="Delete_TargetModelIsDeleted" computerName="VECTOR" duration="00:00:00.1940000" startTime="2018-08-17T04:12:40.6637079-04:00" endTime="2018-08-17T04:12:40.6637142-04:00" testType="13cdc9d9-ddb5-4fa4-a97d-d965ccfc6d4b" outcome="Passed" testListId="8c84fa94-04c1-424b-9868-57a2d4851a1d" relativeResultsDirectory="6651d461-7093-46c6-bed0-d458c54371e4" /><UnitTestResult executionId="c365d040-bc90-438d-b2be-64ea20325a9e" testId="55b95702-06ef-48f7-9352-8fae672ef949" testName="Patch_InvalidReferencePropertyReturnsBadRequest" computerName="VECTOR" duration="00:00:00.0180000" startTime="2018-08-17T04:12:43.0979139-04:00" endTime="2018-08-17T04:12:43.0979207-04:00" testType="13cdc9d9-ddb5-4fa4-a97d-d965ccfc6d4b" outcome="Passed" testListId="8c84fa94-04c1-424b-9868-57a2d4851a1d" relativeResultsDirectory="c365d040-bc90-438d-b2be-64ea20325a9e" /><UnitTestResult executionId="1da40563-33b8-43c8-8588-8daa040ff40f" testId="03ba5343-a0a9-4299-aaf2-59ff37d23c98" testName="Put_InvalidIdReturnsNotFound" computerName="VECTOR" duration="00:00:00.1890000" startTime="2018-08-17T04:12:42.8942589-04:00" endTime="2018-08-17T04:12:42.8942649-04:00" testType="13cdc9d9-ddb5-4fa4-a97d-d965ccfc6d4b" outcome="Passed" testListId="8c84fa94-04c1-424b-9868-57a2d4851a1d" relativeResultsDirectory="1da40563-33b8-43c8-8588-8daa040ff40f" /><UnitTestResult executionId="3c5fc87b-296f-424f-97a3-d067ff9f562b" testId="d80b3b14-0687-405c-a9fd-9286579b1c2e" testName="Post_CanCreateNewModel" computerName="VECTOR" duration="00:00:00.0220000" startTime="2018-08-17T04:12:41.8067770-04:00" endTime="2018-08-17T04:12:41.8067828-04:00" testType="13cdc9d9-ddb5-4fa4-a97d-d965ccfc6d4b" outcome="Passed" testListId="8c84fa94-04c1-424b-9868-57a2d4851a1d" relativeResultsDirectory="3c5fc87b-296f-424f-97a3-d067ff9f562b" /><UnitTestResult executionId="d735cb45-1f70-47c0-abe6-52ed71c92109" testId="9519b472-5ded-4cc8-8eff-df1fc544c26c" testName="Patch_InvalidPropertyNameReturnsBadRequest" computerName="VECTOR" duration="00:00:00.0220000" startTime="2018-08-17T04:12:41.5562020-04:00" endTime="2018-08-17T04:12:41.5562082-04:00" testType="13cdc9d9-ddb5-4fa4-a97d-d965ccfc6d4b" outcome="Passed" testListId="8c84fa94-04c1-424b-9868-57a2d4851a1d" relativeResultsDirectory="d735cb45-1f70-47c0-abe6-52ed71c92109" /><UnitTestResult executionId="204a6eea-0cbf-4b89-af1d-772ccae38acd" testId="0f737f14-be22-43cd-933a-b17a74eba27b" testName="Post_CanCreateNewModel" computerName="VECTOR" duration="00:00:00.0230000" startTime="2018-08-17T04:12:43.0799779-04:00" endTime="2018-08-17T04:12:43.0799839-04:00" testType="13cdc9d9-ddb5-4fa4-a97d-d965ccfc6d4b" outcome="Passed" testListId="8c84fa94-04c1-424b-9868-57a2d4851a1d" relativeResultsDirectory="204a6eea-0cbf-4b89-af1d-772ccae38acd" /><UnitTestResult executionId="3cb579f9-7b57-42c2-bf3a-afb62e10d9a3" testId="4e7cf9fb-29d6-43f9-8f6b-2927578e3555" testName="Patch_ValidReferencePropertyUpdatesModel" computerName="VECTOR" duration="00:00:00.6020000" startTime="2018-08-17T04:12:45.1376433-04:00" endTime="2018-08-17T04:12:45.1376499-04:00" testType="13cdc9d9-ddb5-4fa4-a97d-d965ccfc6d4b" outcome="Passed" testListId="8c84fa94-04c1-424b-9868-57a2d4851a1d" relativeResultsDirectory="3cb579f9-7b57-42c2-bf3a-afb62e10d9a3" /><UnitTestResult executionId="b99a627f-3684-42f7-bf04-0cc63c1beb60" testId="b458ec16-4a40-4a14-8f4f-71b56e673db0" testName="Patch_ValidReferencePropertyUpdatesModel" computerName="VECTOR" duration="00:00:00.0610000" startTime="2018-08-17T04:13:01.8867127-04:00" endTime="2018-08-17T04:13:01.8867191-04:00" testType="13cdc9d9-ddb5-4fa4-a97d-d965ccfc6d4b" outcome="Passed" testListId="8c84fa94-04c1-424b-9868-57a2d4851a1d" relativeResultsDirectory="b99a627f-3684-42f7-bf04-0cc63c1beb60" /><UnitTestResult executionId="c9daa751-cb67-467a-9d20-39711692683d" testId="19c0ef02-f6c2-4797-b5bc-abd233f24e50" testName="Put_ValidReferencePropertyUpdatesModel" computerName="VECTOR" duration="00:00:00.0410000" startTime="2018-08-17T04:12:41.6788451-04:00" endTime="2018-08-17T04:12:41.6788514-04:00" testType="13cdc9d9-ddb5-4fa4-a97d-d965ccfc6d4b" outcome="Passed" testListId="8c84fa94-04c1-424b-9868-57a2d4851a1d" relativeResultsDirectory="c9daa751-cb67-467a-9d20-39711692683d" /><UnitTestResult executionId="a03f48c8-3ccf-409d-8be3-2dc933250002" testId="6c428eac-fd6e-48e5-bdb6-0274c9ed3afd" testName="Post_InvalidPropertyValueReturnsBadRequest" computerName="VECTOR" duration="00:00:00.0130000" startTime="2018-08-17T04:13:01.8247900-04:00" endTime="2018-08-17T04:13:01.8247972-04:00" testType="13cdc9d9-ddb5-4fa4-a97d-d965ccfc6d4b" outcome="Passed" testListId="8c84fa94-04c1-424b-9868-57a2d4851a1d" relativeResultsDirectory="a03f48c8-3ccf-409d-8be3-2dc933250002" /><UnitTestResult executionId="3391c2e5-19b5-4589-bab0-588f220b11e3" testId="6ca7df98-821b-4f8a-90c7-4d7e00366101" testName="Put_CanUpdateModel" computerName="VECTOR" duration="00:00:00.0650000" startTime="2018-08-17T04:13:01.7016888-04:00" endTime="2018-08-17T04:13:01.7016952-04:00" testType="13cdc9d9-ddb5-4fa4-a97d-d965ccfc6d4b" outcome="Passed" testListId="8c84fa94-04c1-424b-9868-57a2d4851a1d" relativeResultsDirectory="3391c2e5-19b5-4589-bab0-588f220b11e3" /><UnitTestResult executionId="274b01ce-bac4-4e3d-b9c5-c22212db0eb4" testId="89ecb0a0-18b7-47d0-9133-9ce47e373852" testName="PostFile_FileIsSynchronizedIsUpdatedAfterFileIsPosted" computerName="VECTOR" duration="00:00:00.1410000" startTime="2018-08-17T04:12:57.5518726-04:00" endTime="2018-08-17T04:12:57.5518829-04:00" testType="13cdc9d9-ddb5-4fa4-a97d-d965ccfc6d4b" outcome="Passed" testListId="8c84fa94-04c1-424b-9868-57a2d4851a1d" relativeResultsDirectory="274b01ce-bac4-4e3d-b9c5-c22212db0eb4" /><UnitTestResult executionId="cefc1a86-e9d9-46fa-a4d5-fbafd2f2d9cf" testId="5fddcf5c-6d3a-4509-92bf-6ca331590ac0" testName="GetSingle_ValidIdPropertyValueReturnsCorrectModel" computerName="VECTOR" duration="00:00:00.0130000" startTime="2018-08-17T04:12:40.8182999-04:00" endTime="2018-08-17T04:12:40.8183063-04:00" testType="13cdc9d9-ddb5-4fa4-a97d-d965ccfc6d4b" outcome="Passed" testListId="8c84fa94-04c1-424b-9868-57a2d4851a1d" relativeResultsDirectory="cefc1a86-e9d9-46fa-a4d5-fbafd2f2d9cf" /><UnitTestResult executionId="696a9ba4-1b62-4094-b477-6ed1d7f205f9" testId="3cbfee15-e4cc-4938-a644-67dc6cbffe02" testName="Post_InvalidPropertyValueReturnsBadRequest" computerName="VECTOR" duration="00:00:00.0130000" startTime="2018-08-17T04:12:43.2140310-04:00" endTime="2018-08-17T04:12:43.2140375-04:00" testType="13cdc9d9-ddb5-4fa4-a97d-d965ccfc6d4b" outcome="Passed" testListId="8c84fa94-04c1-424b-9868-57a2d4851a1d" relativeResultsDirectory="696a9ba4-1b62-4094-b477-6ed1d7f205f9" /><UnitTestResult executionId="9d8200ad-d80f-4291-9eb4-e16b4610b4d6" testId="daa506d7-5ea7-4ffe-8b65-2197f6161dc2" testName="Patch_InvalidReferencePropertyReturnsBadRequest" computerName="VECTOR" duration="00:00:00.0260000" startTime="2018-08-17T04:12:58.2203175-04:00" endTime="2018-08-17T04:12:58.2203239-04:00" testType="13cdc9d9-ddb5-4fa4-a97d-d965ccfc6d4b" outcome="Passed" testListId="8c84fa94-04c1-424b-9868-57a2d4851a1d" relativeResultsDirectory="9d8200ad-d80f-4291-9eb4-e16b4610b4d6" /><UnitTestResult executionId="d9109d81-de8f-491b-976d-18433909d6c2" testId="57f06a3d-01ad-43bb-8886-5fda55b542c7" testName="Delete_TargetModelIsDeleted" computerName="VECTOR" duration="00:00:00.0250000" startTime="2018-08-17T04:12:41.8561056-04:00" endTime="2018-08-17T04:12:41.8561118-04:00" testType="13cdc9d9-ddb5-4fa4-a97d-d965ccfc6d4b" outcome="Passed" testListId="8c84fa94-04c1-424b-9868-57a2d4851a1d" relativeResultsDirectory="d9109d81-de8f-491b-976d-18433909d6c2" /><UnitTestResult executionId="64a78cff-c233-447d-9f65-abc3bebc8184" testId="3291c49d-e419-4ee1-bfc6-ec20ef2d987d" testName="CameraHasExpectedDependentFiles" computerName="VECTOR" duration="00:00:00.0010000" startTime="2018-08-17T04:12:39.7881191-04:00" endTime="2018-08-17T04:12:39.7881210-04:00" testType="13cdc9d9-ddb5-4fa4-a97d-d965ccfc6d4b" outcome="Passed" testListId="8c84fa94-04c1-424b-9868-57a2d4851a1d" relativeResultsDirectory="64a78cff-c233-447d-9f65-abc3bebc8184" /><UnitTestResult executionId="3c8d5ba8-2675-4647-8954-5ed696e7b371" testId="fd788599-1e0b-47eb-8a18-92251d086c89" testName="Patch_InvalidPropertyNameReturnsBadRequest" computerName="VECTOR" duration="00:00:00.1000000" startTime="2018-08-17T04:12:40.4519358-04:00" endTime="2018-08-17T04:12:40.4519423-04:00" testType="13cdc9d9-ddb5-4fa4-a97d-d965ccfc6d4b" outcome="Passed" testListId="8c84fa94-04c1-424b-9868-57a2d4851a1d" relativeResultsDirectory="3c8d5ba8-2675-4647-8954-5ed696e7b371" /><UnitTestResult executionId="4e786813-7579-41c9-b19b-b9c16a1a26ab" testId="ee6c9c63-4d0e-4e70-bfd1-5302af7b15d8" testName="Patch_TargetPropertyIsUpdated" computerName="VECTOR" duration="00:00:00.1730000" startTime="2018-08-17T04:12:41.3887500-04:00" endTime="2018-08-17T04:12:41.3887565-04:00" testType="13cdc9d9-ddb5-4fa4-a97d-d965ccfc6d4b" outcome="Passed" testListId="8c84fa94-04c1-424b-9868-57a2d4851a1d" relativeResultsDirectory="4e786813-7579-41c9-b19b-b9c16a1a26ab" /><UnitTestResult executionId="b7e1a116-9d54-438a-8101-4296fc879f62" testId="b23052ef-7c97-4ec9-89dc-7928a7057e9f" testName="Post_CanCreateNewModel" computerName="VECTOR" duration="00:00:00.0180000" startTime="2018-08-17T04:12:40.7662139-04:00" endTime="2018-08-17T04:12:40.7662202-04:00" testType="13cdc9d9-ddb5-4fa4-a97d-d965ccfc6d4b" outcome="Passed" testListId="8c84fa94-04c1-424b-9868-57a2d4851a1d" relativeResultsDirectory="b7e1a116-9d54-438a-8101-4296fc879f62" /><UnitTestResult executionId="7e74c263-0553-43c5-a913-e9a53ae4ac10" testId="d0ff5da4-b4e9-42db-a946-b90a41968594" testName="Post_ValidReferencePropertyCreatesModel" computerName="VECTOR" duration="00:00:00.0220000" startTime="2018-08-17T04:12:43.2368045-04:00" endTime="2018-08-17T04:12:43.2368106-04:00" testType="13cdc9d9-ddb5-4fa4-a97d-d965ccfc6d4b" outcome="Passed" testListId="8c84fa94-04c1-424b-9868-57a2d4851a1d" relativeResultsDirectory="7e74c263-0553-43c5-a913-e9a53ae4ac10" /><UnitTestResult executionId="d918d905-2529-40e4-8ddb-3fe9ca7dbd82" testId="9464ff91-b2dc-4dc1-a4cf-ffd0ba269246" testName="GetFile_ExistingFileReturnsSuccess" computerName="VECTOR" duration="00:00:00.0660000" startTime="2018-08-17T04:12:48.4925682-04:00" endTime="2018-08-17T04:12:48.4925768-04:00" testType="13cdc9d9-ddb5-4fa4-a97d-d965ccfc6d4b" outcome="Passed" testListId="8c84fa94-04c1-424b-9868-57a2d4851a1d" relativeResultsDirectory="d918d905-2529-40e4-8ddb-3fe9ca7dbd82" /><UnitTestResult executionId="016b169b-bd64-4d4e-aef3-c41bf115125d" testId="40710c23-fd2d-47b7-bb7e-2391b6d99f2d" testName="Put_InvalidReferencePropertyReturndBadRequest" computerName="VECTOR" duration="00:00:00.0220000" startTime="2018-08-17T04:13:01.7247124-04:00" endTime="2018-08-17T04:13:01.7247188-04:00" testType="13cdc9d9-ddb5-4fa4-a97d-d965ccfc6d4b" outcome="Passed" testListId="8c84fa94-04c1-424b-9868-57a2d4851a1d" relativeResultsDirectory="016b169b-bd64-4d4e-aef3-c41bf115125d" /><UnitTestResult executionId="074b18d1-be86-4d98-85ca-b49c5704908c" testId="80233612-bf23-4e7f-95ee-6e8403e9f8da" testName="Patch_MultipleInvalidReferencePropertiesReturnsMultipleValidationErrorsAndBadRequest" computerName="VECTOR" duration="00:00:00.0260000" startTime="2018-08-17T04:12:43.0562316-04:00" endTime="2018-08-17T04:12:43.0562379-04:00" testType="13cdc9d9-ddb5-4fa4-a97d-d965ccfc6d4b" outcome="Passed" testListId="8c84fa94-04c1-424b-9868-57a2d4851a1d" relativeResultsDirectory="074b18d1-be86-4d98-85ca-b49c5704908c" /><UnitTestResult executionId="9bb8a76f-c8a5-46ed-ab0b-ad5e5a929f3f" testId="2aeb8c7d-c676-4c57-b5ea-3845e72f811f" testName="Patch_MultipleInvalidReferencePropertiesReturnsMultipleValidationErrorsAndBadRequest" computerName="VECTOR" duration="00:00:00.0080000" startTime="2018-08-17T04:12:40.8988255-04:00" endTime="2018-08-17T04:12:40.8988288-04:00" testType="13cdc9d9-ddb5-4fa4-a97d-d965ccfc6d4b" outcome="Passed" testListId="8c84fa94-04c1-424b-9868-57a2d4851a1d" relativeResultsDirectory="9bb8a76f-c8a5-46ed-ab0b-ad5e5a929f3f" /><UnitTestResult executionId="411c4faa-8ae8-4acf-b2f0-279240b5a765" testId="defe90cb-dcc0-453a-88dd-fd9d3964eaf8" testName="Patch_ValidReferencePropertyUpdatesModel" computerName="VECTOR" duration="00:00:00.0650000" startTime="2018-08-17T04:12:58.3962926-04:00" endTime="2018-08-17T04:12:58.3962991-04:00" testType="13cdc9d9-ddb5-4fa4-a97d-d965ccfc6d4b" outcome="Passed" testListId="8c84fa94-04c1-424b-9868-57a2d4851a1d" relativeResultsDirectory="411c4faa-8ae8-4acf-b2f0-279240b5a765" /><UnitTestResult executionId="cf9482fb-3959-4e7a-9982-623634252d5a" testId="bc36d4ab-929b-41ca-aaef-0304e83aa586" testName="PostFile_FileIsSynchronizedIsUpdatedAfterFileIsPosted" computerName="VECTOR" duration="00:00:00.1000000" startTime="2018-08-17T04:13:01.2218965-04:00" endTime="2018-08-17T04:13:01.2219037-04:00" testType="13cdc9d9-ddb5-4fa4-a97d-d965ccfc6d4b" outcome="Passed" testListId="8c84fa94-04c1-424b-9868-57a2d4851a1d" relativeResultsDirectory="cf9482fb-3959-4e7a-9982-623634252d5a" /><UnitTestResult executionId="7c420af4-5609-4c18-8858-7f7f513bce63" testId="5abc7813-a799-4c27-b044-8fdb15ae0621" testName="FileRequest_FileCanBeReadAfterRename" computerName="VECTOR" duration="00:00:00.1110000" startTime="2018-08-17T04:12:42.5120402-04:00" endTime="2018-08-17T04:12:42.5120467-04:00" testType="13cdc9d9-ddb5-4fa4-a97d-d965ccfc6d4b" outcome="Passed" testListId="8c84fa94-04c1-424b-9868-57a2d4851a1d" relativeResultsDirectory="7c420af4-5609-4c18-8858-7f7f513bce63" /><UnitTestResult executionId="1a29f349-27b5-4556-aac0-9d5fe2ac949f" testId="84076c82-b84f-43fb-803b-66006b7e7a79" testName="Patch_InvalidPropertyNameReturnsBadRequest" computerName="VECTOR" duration="00:00:00.0220000" startTime="2018-08-17T04:12:45.8194827-04:00" endTime="2018-08-17T04:12:45.8194897-04:00" testType="13cdc9d9-ddb5-4fa4-a97d-d965ccfc6d4b" outcome="Passed" testListId="8c84fa94-04c1-424b-9868-57a2d4851a1d" relativeResultsDirectory="1a29f349-27b5-4556-aac0-9d5fe2ac949f" /><UnitTestResult executionId="8faafcea-9c93-48ab-86d0-fb159651dc3d" testId="0d33a1eb-92db-4ba6-ae08-d1aea9acad8c" testName="Patch_InvalidEnumPropertyValueReturnsBadRequest" computerName="VECTOR" duration="00:00:00.0080000" startTime="2018-08-17T04:12:43.2826312-04:00" endTime="2018-08-17T04:12:43.2826353-04:00" testType="13cdc9d9-ddb5-4fa4-a97d-d965ccfc6d4b" outcome="Passed" testListId="8c84fa94-04c1-424b-9868-57a2d4851a1d" relativeResultsDirectory="8faafcea-9c93-48ab-86d0-fb159651dc3d" /><UnitTestResult executionId="f9e331e3-1c9d-4c76-bba4-77bdb3b56087" testId="8a82b46d-cc40-4ae9-85a8-755fd8ec1553" testName="Patch_TargetPropertyIsUpdated" computerName="VECTOR" duration="00:00:00.0580000" startTime="2018-08-17T04:13:02.0280074-04:00" endTime="2018-08-17T04:13:02.0280143-04:00" testType="13cdc9d9-ddb5-4fa4-a97d-d965ccfc6d4b" outcome="Passed" testListId="8c84fa94-04c1-424b-9868-57a2d4851a1d" relativeResultsDirectory="f9e331e3-1c9d-4c76-bba4-77bdb3b56087" /><UnitTestResult executionId="a69cfd11-00a0-4f97-b471-0a32acb1d718" testId="a298e52b-a4df-45fa-864f-2c050d21e4f5" testName="PutFile_NewFileCanBePut" computerName="VECTOR" duration="00:00:00.1140000" startTime="2018-08-17T04:12:42.0090530-04:00" endTime="2018-08-17T04:12:42.0090577-04:00" testType="13cdc9d9-ddb5-4fa4-a97d-d965ccfc6d4b" outcome="Passed" testListId="8c84fa94-04c1-424b-9868-57a2d4851a1d" relativeResultsDirectory="a69cfd11-00a0-4f97-b471-0a32acb1d718" /><UnitTestResult executionId="d33f93a8-6fb1-4a84-a5e3-28f51f9fd1a1" testId="e48367e6-5cd4-4c0a-8b9f-57b83f8e21a6" testName="GetList_ListReturnsCorrectCount" computerName="VECTOR" duration="00:00:00.0270000" startTime="2018-08-17T04:12:57.7573518-04:00" endTime="2018-08-17T04:12:57.7573589-04:00" testType="13cdc9d9-ddb5-4fa4-a97d-d965ccfc6d4b" outcome="Passed" testListId="8c84fa94-04c1-424b-9868-57a2d4851a1d" relativeResultsDirectory="d33f93a8-6fb1-4a84-a5e3-28f51f9fd1a1" /><UnitTestResult executionId="a3d834ac-65cd-46d4-9064-04ee582fdf72" testId="953de0f7-481d-44ec-a768-0b8103d09d56" testName="GetSingle_InvalidIdPropertyValueReturnsNotFound" computerName="VECTOR" duration="00:00:00.0140000" startTime="2018-08-17T04:13:01.6118131-04:00" endTime="2018-08-17T04:13:01.6118199-04:00" testType="13cdc9d9-ddb5-4fa4-a97d-d965ccfc6d4b" outcome="Passed" testListId="8c84fa94-04c1-424b-9868-57a2d4851a1d" relativeResultsDirectory="a3d834ac-65cd-46d4-9064-04ee582fdf72" /><UnitTestResult executionId="b34590c9-2b5c-44c2-a859-390cdb781fdc" testId="d5f04ebb-68ba-408a-8609-245427972cc7" testName="GetSingle_ValidIdPropertyValueReturnsCorrectModel" computerName="VECTOR" duration="00:00:00.0220000" startTime="2018-08-17T04:12:58.2878363-04:00" endTime="2018-08-17T04:12:58.2878424-04:00" testType="13cdc9d9-ddb5-4fa4-a97d-d965ccfc6d4b" outcome="Passed" testListId="8c84fa94-04c1-424b-9868-57a2d4851a1d" relativeResultsDirectory="b34590c9-2b5c-44c2-a859-390cdb781fdc" /><UnitTestResult executionId="dcd62b00-45f0-477e-8720-f5eb74355791" testId="028d1936-2ee4-4006-8fd8-5734c58e2b5b" testName="LucyCameraFindsAllDependents" computerName="VECTOR" duration="00:00:00.0100000" startTime="2018-08-17T04:12:39.7877513-04:00" endTime="2018-08-17T04:12:39.7877556-04:00" testType="13cdc9d9-ddb5-4fa4-a97d-d965ccfc6d4b" outcome="Passed" testListId="8c84fa94-04c1-424b-9868-57a2d4851a1d" relativeResultsDirectory="dcd62b00-45f0-477e-8720-f5eb74355791" /><UnitTestResult executionId="dfa3ca1d-1176-4b30-aaf7-eb1c0756b809" testId="f13b7644-823e-4eb7-a589-1193a0dbdfc6" testName="Patch_InvalidPropertyNameReturnsBadRequest" computerName="VECTOR" duration="00:00:00.0230000" startTime="2018-08-17T04:12:57.7810795-04:00" endTime="2018-08-17T04:12:57.7810856-04:00" testType="13cdc9d9-ddb5-4fa4-a97d-d965ccfc6d4b" outcome="Passed" testListId="8c84fa94-04c1-424b-9868-57a2d4851a1d" relativeResultsDirectory="dfa3ca1d-1176-4b30-aaf7-eb1c0756b809" /><UnitTestResult executionId="4463cfc4-c628-4f1d-97c3-04fdb9d2b14f" testId="3418ebb6-fb18-4254-9f31-14af88719c6b" testName="Put_InvalidReferencePropertyReturndBadRequest" computerName="VECTOR" duration="00:00:00.0510000" startTime="2018-08-17T04:12:57.8330274-04:00" endTime="2018-08-17T04:12:57.8330334-04:00" testType="13cdc9d9-ddb5-4fa4-a97d-d965ccfc6d4b" outcome="Passed" testListId="8c84fa94-04c1-424b-9868-57a2d4851a1d" relativeResultsDirectory="4463cfc4-c628-4f1d-97c3-04fdb9d2b14f" /><UnitTestResult executionId="13a2d043-fa10-46ca-99e8-e4235f9f761f" testId="f940a2e2-a3d0-49d5-aa75-3a4b742082f9" testName="Patch_ValidReferencePropertyUpdatesModel" computerName="VECTOR" duration="00:00:00.5530000" startTime="2018-08-17T04:12:40.3511543-04:00" endTime="2018-08-17T04:12:40.3511607-04:00" testType="13cdc9d9-ddb5-4fa4-a97d-d965ccfc6d4b" outcome="Passed" testListId="8c84fa94-04c1-424b-9868-57a2d4851a1d" relativeResultsDirectory="13a2d043-fa10-46ca-99e8-e4235f9f761f" /><UnitTestResult executionId="65836f17-3207-47b4-955b-39b5d316443d" testId="e7dacf11-1929-4d07-b3a1-3d473798e798" testName="Patch_TargetPropertyIsUpdated" computerName="VECTOR" duration="00:00:00.0570000" startTime="2018-08-17T04:12:45.7294499-04:00" endTime="2018-08-17T04:12:45.7294561-04:00" testType="13cdc9d9-ddb5-4fa4-a97d-d965ccfc6d4b" outcome="Passed" testListId="8c84fa94-04c1-424b-9868-57a2d4851a1d" relativeResultsDirectory="65836f17-3207-47b4-955b-39b5d316443d" /><UnitTestResult executionId="d78101cb-508c-4518-b135-ce9d7787f2dd" testId="42a0c8cd-62d5-4339-873c-379ddf48acbf" testName="Patch_TargetPropertyIsUpdated" computerName="VECTOR" duration="00:00:00.0630000" startTime="2018-08-17T04:12:57.9947510-04:00" endTime="2018-08-17T04:12:57.9947575-04:00" testType="13cdc9d9-ddb5-4fa4-a97d-d965ccfc6d4b" outcome="Passed" testListId="8c84fa94-04c1-424b-9868-57a2d4851a1d" relativeResultsDirectory="d78101cb-508c-4518-b135-ce9d7787f2dd" /><UnitTestResult executionId="b9505014-3c9b-494a-b607-a1d824461242" testId="b329bcce-3649-47a8-bd41-b66d22ee683b" testName="DepthBufferHasExpectedDependentFiles" computerName="VECTOR" duration="00:00:00.0010000" startTime="2018-08-17T04:12:39.7936193-04:00" endTime="2018-08-17T04:12:39.7936209-04:00" testType="13cdc9d9-ddb5-4fa4-a97d-d965ccfc6d4b" outcome="Passed" testListId="8c84fa94-04c1-424b-9868-57a2d4851a1d" relativeResultsDirectory="b9505014-3c9b-494a-b607-a1d824461242" /><UnitTestResult executionId="d6a46e25-304c-43e8-9e7a-2d75b3d9a880" testId="8e15f7f7-80fe-4da3-b5b8-dddc7afab111" testName="GetList_ListReturnsCorrectCount" computerName="VECTOR" duration="00:00:00.0150000" startTime="2018-08-17T04:12:40.8902670-04:00" endTime="2018-08-17T04:12:40.8902730-04:00" testType="13cdc9d9-ddb5-4fa4-a97d-d965ccfc6d4b" outcome="Passed" testListId="8c84fa94-04c1-424b-9868-57a2d4851a1d" relativeResultsDirectory="d6a46e25-304c-43e8-9e7a-2d75b3d9a880" /><UnitTestResult executionId="d8411465-5de1-4547-99e2-0e77cd72e63d" testId="cfb23558-5d9c-40ae-9753-e5929397ca61" testName="PutFile_NewFileCanBePut" computerName="VECTOR" duration="00:00:00.0870000" startTime="2018-08-17T04:12:46.2043302-04:00" endTime="2018-08-17T04:12:46.2043345-04:00" testType="13cdc9d9-ddb5-4fa4-a97d-d965ccfc6d4b" outcome="Passed" testListId="8c84fa94-04c1-424b-9868-57a2d4851a1d" relativeResultsDirectory="d8411465-5de1-4547-99e2-0e77cd72e63d" /><UnitTestResult executionId="f3fd747e-b579-410f-86c8-ea403db10c6f" testId="dd463dd4-432b-431f-858f-14c4491ad6d0" testName="Patch_InvalidEnumPropertyValueReturnsBadRequest" computerName="VECTOR" duration="00:00:00.0100000" startTime="2018-08-17T04:13:01.5969754-04:00" endTime="2018-08-17T04:13:01.5969819-04:00" testType="13cdc9d9-ddb5-4fa4-a97d-d965ccfc6d4b" outcome="Passed" testListId="8c84fa94-04c1-424b-9868-57a2d4851a1d" relativeResultsDirectory="f3fd747e-b579-410f-86c8-ea403db10c6f" /><UnitTestResult executionId="210438b1-1c53-4a63-b3dc-cebfadc2a9ce" testId="8d01506a-bc05-4c88-92e2-8e82c0c925ce" testName="Patch_InvalidIdPropertyReturnsNotFound" computerName="VECTOR" duration="00:00:00.0230000" startTime="2018-08-17T04:12:45.8431010-04:00" endTime="2018-08-17T04:12:45.8431067-04:00" testType="13cdc9d9-ddb5-4fa4-a97d-d965ccfc6d4b" outcome="Passed" testListId="8c84fa94-04c1-424b-9868-57a2d4851a1d" relativeResultsDirectory="210438b1-1c53-4a63-b3dc-cebfadc2a9ce" /><UnitTestResult executionId="b06e6532-1d84-47ba-8bed-19e2bfa52e85" testId="95a96dec-c373-4ec5-9fcc-833ed0126539" testName="Post_InvalidReferencePropertyReturnsBadRequest" computerName="VECTOR" duration="00:00:00.0230000" startTime="2018-08-17T04:13:01.6357685-04:00" endTime="2018-08-17T04:13:01.6357772-04:00" testType="13cdc9d9-ddb5-4fa4-a97d-d965ccfc6d4b" outcome="Passed" testListId="8c84fa94-04c1-424b-9868-57a2d4851a1d" relativeResultsDirectory="b06e6532-1d84-47ba-8bed-19e2bfa52e85" /><UnitTestResult executionId="2bcfc0c1-8001-41c6-ba13-223cc11db57b" testId="3139475b-f82b-4ef5-b5aa-afc32c75bfd1" testName="Put_ValidReferencePropertyUpdatesModel" computerName="VECTOR" duration="00:00:00.0090000" startTime="2018-08-17T04:12:40.7382191-04:00" endTime="2018-08-17T04:12:40.7382231-04:00" testType="13cdc9d9-ddb5-4fa4-a97d-d965ccfc6d4b" outcome="Passed" testListId="8c84fa94-04c1-424b-9868-57a2d4851a1d" relativeResultsDirectory="2bcfc0c1-8001-41c6-ba13-223cc11db57b" /><UnitTestResult executionId="fb023399-26fd-4440-adb7-b854de07e16b" testId="cb2651d1-0294-4dd5-a142-0b5ecd3e1c67" testName="Post_InvalidReferencePropertyReturnsBadRequest" computerName="VECTOR" duration="00:00:00.2760000" startTime="2018-08-17T04:12:41.2156982-04:00" endTime="2018-08-17T04:12:41.2157048-04:00" testType="13cdc9d9-ddb5-4fa4-a97d-d965ccfc6d4b" outcome="Passed" testListId="8c84fa94-04c1-424b-9868-57a2d4851a1d" relativeResultsDirectory="fb023399-26fd-4440-adb7-b854de07e16b" /><UnitTestResult executionId="6efe8ec6-ebe3-45eb-82fb-179b912b27c8" testId="ffdb155e-7709-4d47-8e04-3160c8d8335e" testName="LucyModel3dHasTwoDependents" computerName="VECTOR" duration="00:00:00.5340000" startTime="2018-08-17T04:12:39.7771817-04:00" endTime="2018-08-17T04:12:39.7771882-04:00" testType="13cdc9d9-ddb5-4fa4-a97d-d965ccfc6d4b" outcome="Passed" testListId="8c84fa94-04c1-424b-9868-57a2d4851a1d" relativeResultsDirectory="6efe8ec6-ebe3-45eb-82fb-179b912b27c8" /><UnitTestResult executionId="f2dc6c27-e55e-4667-bf3e-a683532e2fa5" testId="30875e46-c6f4-48c6-a694-cc698ff74cc3" testName="Patch_InvalidEnumPropertyValueReturnsBadRequest" computerName="VECTOR" duration="00:00:00.0360000" startTime="2018-08-17T04:12:57.7301406-04:00" endTime="2018-08-17T04:12:57.7301521-04:00" testType="13cdc9d9-ddb5-4fa4-a97d-d965ccfc6d4b" outcome="Passed" testListId="8c84fa94-04c1-424b-9868-57a2d4851a1d" relativeResultsDirectory="f2dc6c27-e55e-4667-bf3e-a683532e2fa5" /><UnitTestResult executionId="f96c3bbd-4d8c-402c-b31b-89bad0780eb6" testId="59598a67-6857-46a6-a395-68f6c9406d3f" testName="Put_InvalidReferencePropertyReturndBadRequest" computerName="VECTOR" duration="00:00:00.0390000" startTime="2018-08-17T04:12:46.0636232-04:00" endTime="2018-08-17T04:12:46.0636293-04:00" testType="13cdc9d9-ddb5-4fa4-a97d-d965ccfc6d4b" outcome="Passed" testListId="8c84fa94-04c1-424b-9868-57a2d4851a1d" relativeResultsDirectory="f96c3bbd-4d8c-402c-b31b-89bad0780eb6" /><UnitTestResult executionId="7acdca08-6923-494f-90c6-cb74716eb758" testId="ee775e86-8cc4-40ea-b08a-730cb83fd1d0" testName="PostFile_FileIsSynchronizedIsUpdatedAfterFileIsPosted" computerName="VECTOR" duration="00:00:00.0110000" startTime="2018-08-17T04:12:42.7039993-04:00" endTime="2018-08-17T04:12:42.7040045-04:00" testType="13cdc9d9-ddb5-4fa4-a97d-d965ccfc6d4b" outcome="Passed" testListId="8c84fa94-04c1-424b-9868-57a2d4851a1d" relativeResultsDirectory="7acdca08-6923-494f-90c6-cb74716eb758" /><UnitTestResult executionId="0a169b25-1eed-4bbf-98b3-65903ff5f22a" testId="b2500dc8-7816-4e30-beda-0a81a3cf4de2" testName="Patch_InvalidIdPropertyReturnsNotFound" computerName="VECTOR" duration="00:00:00.0170000" startTime="2018-08-17T04:13:01.7947499-04:00" endTime="2018-08-17T04:13:01.7947562-04:00" testType="13cdc9d9-ddb5-4fa4-a97d-d965ccfc6d4b" outcome="Passed" testListId="8c84fa94-04c1-424b-9868-57a2d4851a1d" relativeResultsDirectory="0a169b25-1eed-4bbf-98b3-65903ff5f22a" /><UnitTestResult executionId="e8df4fb7-c050-47c6-8422-5c6314bfd74f" testId="97d36832-a899-4b0e-967b-3d2110117215" testName="Patch_MultipleInvalidReferencePropertiesReturnsMultipleValidationErrorsAndBadRequest" computerName="VECTOR" duration="00:00:00.0210000" startTime="2018-08-17T04:12:58.2417965-04:00" endTime="2018-08-17T04:12:58.2418030-04:00" testType="13cdc9d9-ddb5-4fa4-a97d-d965ccfc6d4b" outcome="Passed" testListId="8c84fa94-04c1-424b-9868-57a2d4851a1d" relativeResultsDirectory="e8df4fb7-c050-47c6-8422-5c6314bfd74f" /><UnitTestResult executionId="5435a46b-a35d-45f7-944c-c7b15bc183e2" testId="9f2d6572-1ccb-4c9a-8ae5-fc946be9f974" testName="FileRequest_MeshGenerateSetsFileIsSynchronized" computerName="VECTOR" duration="00:00:07.6640000" startTime="2018-08-17T04:12:57.4099142-04:00" endTime="2018-08-17T04:12:57.4099206-04:00" testType="13cdc9d9-ddb5-4fa4-a97d-d965ccfc6d4b" outcome="Passed" testListId="8c84fa94-04c1-424b-9868-57a2d4851a1d" relativeResultsDirectory="5435a46b-a35d-45f7-944c-c7b15bc183e2" /><UnitTestResult executionId="1f3bfa1f-d05e-4af5-9b82-f98d528ebe52" testId="c995f9c0-c766-4bef-a228-e5dd33a37b63" testName="Post_InvalidReferencePropertyReturnsBadRequest" computerName="VECTOR" duration="00:00:00.0120000" startTime="2018-08-17T04:12:43.4858103-04:00" endTime="2018-08-17T04:12:43.4858148-04:00" testType="13cdc9d9-ddb5-4fa4-a97d-d965ccfc6d4b" outcome="Passed" testListId="8c84fa94-04c1-424b-9868-57a2d4851a1d" relativeResultsDirectory="1f3bfa1f-d05e-4af5-9b82-f98d528ebe52" /><UnitTestResult executionId="5ac9e7f6-8361-4ced-ab4c-8fdd114f387d" testId="cd8eaecc-39ee-41fa-9971-68742865917d" testName="Patch_InvalidReferencePropertyReturnsBadRequest" computerName="VECTOR" duration="00:00:00.0320000" startTime="2018-08-17T04:12:45.7973417-04:00" endTime="2018-08-17T04:12:45.7973477-04:00" testType="13cdc9d9-ddb5-4fa4-a97d-d965ccfc6d4b" outcome="Passed" testListId="8c84fa94-04c1-424b-9868-57a2d4851a1d" relativeResultsDirectory="5ac9e7f6-8361-4ced-ab4c-8fdd114f387d" /><UnitTestResult executionId="39670ca5-19cb-4910-82c9-b90a9441edde" testId="abefb017-e0ef-46a6-8ad5-716f6c38ddea" testName="Put_CanUpdateModel" computerName="VECTOR" duration="00:00:00.0360000" startTime="2018-08-17T04:12:40.8749668-04:00" endTime="2018-08-17T04:12:40.8749732-04:00" testType="13cdc9d9-ddb5-4fa4-a97d-d965ccfc6d4b" outcome="Passed" testListId="8c84fa94-04c1-424b-9868-57a2d4851a1d" relativeResultsDirectory="39670ca5-19cb-4910-82c9-b90a9441edde" /><UnitTestResult executionId="2d1d8a16-d28a-4869-92ba-1046f35dcfc0" testId="05450225-0742-4517-8d49-950ae168a7b4" testName="FileRequest_MeshIsInvalidatedAfterDepthBufferFileBecomesUnsynchronized" computerName="VECTOR" duration="00:00:01.9780000" startTime="2018-08-17T04:12:48.1826811-04:00" endTime="2018-08-17T04:12:48.1826873-04:00" testType="13cdc9d9-ddb5-4fa4-a97d-d965ccfc6d4b" outcome="Passed" testListId="8c84fa94-04c1-424b-9868-57a2d4851a1d" relativeResultsDirectory="2d1d8a16-d28a-4869-92ba-1046f35dcfc0" /><UnitTestResult executionId="b878556a-5ad6-4f62-a5f4-00c5611317c5" testId="1d7ff7ea-710a-47ce-870c-1040e8ca3cc3" testName="GetSingle_InvalidIdPropertyValueReturnsNotFound" computerName="VECTOR" duration="00:00:00.0160000" startTime="2018-08-17T04:12:41.5003267-04:00" endTime="2018-08-17T04:12:41.5003331-04:00" testType="13cdc9d9-ddb5-4fa4-a97d-d965ccfc6d4b" outcome="Passed" testListId="8c84fa94-04c1-424b-9868-57a2d4851a1d" relativeResultsDirectory="b878556a-5ad6-4f62-a5f4-00c5611317c5" /><UnitTestResult executionId="ce6433d1-1c8d-45f8-9947-6e8c14314999" testId="efe4b05b-a44f-45cb-ad1b-7277deaf1b3b" testName="Patch_TargetPropertyIsUpdated" computerName="VECTOR" duration="00:00:00.0540000" startTime="2018-08-17T04:12:43.3927034-04:00" endTime="2018-08-17T04:12:43.3927094-04:00" testType="13cdc9d9-ddb5-4fa4-a97d-d965ccfc6d4b" outcome="Passed" testListId="8c84fa94-04c1-424b-9868-57a2d4851a1d" relativeResultsDirectory="ce6433d1-1c8d-45f8-9947-6e8c14314999" /><UnitTestResult executionId="18df350b-f113-4bca-83dd-40d4adb1edef" testId="cbc0c487-503f-403b-b6d4-8d63f20d2a1b" testName="GetSingle_InvalidIdPropertyValueReturnsNotFound" computerName="VECTOR" duration="00:00:00.0240000" startTime="2018-08-17T04:12:45.8676563-04:00" endTime="2018-08-17T04:12:45.8676628-04:00" testType="13cdc9d9-ddb5-4fa4-a97d-d965ccfc6d4b" outcome="Passed" testListId="8c84fa94-04c1-424b-9868-57a2d4851a1d" relativeResultsDirectory="18df350b-f113-4bca-83dd-40d4adb1edef" /><UnitTestResult executionId="b524f60f-b897-4a55-ba5d-4d37333d680e" testId="395d78d4-7653-4a59-8937-1bf087cdc034" testName="Post_InvalidReferencePropertyReturnsBadRequest" computerName="VECTOR" duration="00:00:00.0230000" startTime="2018-08-17T04:12:58.2649261-04:00" endTime="2018-08-17T04:12:58.2649320-04:00" testType="13cdc9d9-ddb5-4fa4-a97d-d965ccfc6d4b" outcome="Passed" testListId="8c84fa94-04c1-424b-9868-57a2d4851a1d" relativeResultsDirectory="b524f60f-b897-4a55-ba5d-4d37333d680e" /><UnitTestResult executionId="69b59d96-ea0b-4d67-9081-40c29e620db1" testId="df78b4fe-72c1-44c5-809d-5da94e208fc6" testName="Post_CanCreateNewModel" computerName="VECTOR" duration="00:00:00.0320000" startTime="2018-08-17T04:13:01.5125208-04:00" endTime="2018-08-17T04:13:01.5125275-04:00" testType="13cdc9d9-ddb5-4fa4-a97d-d965ccfc6d4b" outcome="Passed" testListId="8c84fa94-04c1-424b-9868-57a2d4851a1d" relativeResultsDirectory="69b59d96-ea0b-4d67-9081-40c29e620db1" /><UnitTestResult executionId="6c68788e-abc6-4387-a4c0-86b65508da2d" testId="72f3cbf4-a0fe-44e7-812b-bea0e85558cf" testName="Patch_InvalidEnumPropertyValueReturnsBadRequest" computerName="VECTOR" duration="00:00:00.0220000" startTime="2018-08-17T04:12:45.6716166-04:00" endTime="2018-08-17T04:12:45.6716236-04:00" testType="13cdc9d9-ddb5-4fa4-a97d-d965ccfc6d4b" outcome="Passed" testListId="8c84fa94-04c1-424b-9868-57a2d4851a1d" relativeResultsDirectory="6c68788e-abc6-4387-a4c0-86b65508da2d" /><UnitTestResult executionId="24a373aa-b4cf-49c5-bc97-9f44ac4911c2" testId="206ea9c1-ee02-443b-bd5d-b440e0e045e8" testName="Patch_InvalidReferencePropertyReturnsBadRequest" computerName="VECTOR" duration="00:00:00.0190000" startTime="2018-08-17T04:13:01.9065807-04:00" endTime="2018-08-17T04:13:01.9065882-04:00" testType="13cdc9d9-ddb5-4fa4-a97d-d965ccfc6d4b" outcome="Passed" testListId="8c84fa94-04c1-424b-9868-57a2d4851a1d" relativeResultsDirectory="24a373aa-b4cf-49c5-bc97-9f44ac4911c2" /><UnitTestResult executionId="03c9aede-3d92-4369-8fc9-1f126d473ac5" testId="2d5fafec-d663-4d5c-9190-2793a968d2a9" testName="Patch_InvalidReferencePropertyReturnsBadRequest" computerName="VECTOR" duration="00:00:00.0230000" startTime="2018-08-17T04:12:41.8303508-04:00" endTime="2018-08-17T04:12:41.8303565-04:00" testType="13cdc9d9-ddb5-4fa4-a97d-d965ccfc6d4b" outcome="Passed" testListId="8c84fa94-04c1-424b-9868-57a2d4851a1d" relativeResultsDirectory="03c9aede-3d92-4369-8fc9-1f126d473ac5" /><UnitTestResult executionId="0228ce39-4da0-4c9e-85ea-f31db4a384c7" testId="01408a38-ebd5-441d-b345-2c1bd58777cf" testName="Put_InvalidIdReturnsNotFound" computerName="VECTOR" duration="00:00:00.0260000" startTime="2018-08-17T04:12:58.3145187-04:00" endTime="2018-08-17T04:12:58.3145250-04:00" testType="13cdc9d9-ddb5-4fa4-a97d-d965ccfc6d4b" outcome="Passed" testListId="8c84fa94-04c1-424b-9868-57a2d4851a1d" relativeResultsDirectory="0228ce39-4da0-4c9e-85ea-f31db4a384c7" /><UnitTestResult executionId="48aa7a95-2360-4cf0-b848-7e6c330830f7" testId="e8d2ef93-ca3f-42da-8121-f7f589cf3d2b" testName="PostFile_FileTimeStampIsUpdatedAfterFileIsPosted" computerName="VECTOR" duration="00:00:01.1580000" startTime="2018-08-17T04:12:49.6508602-04:00" endTime="2018-08-17T04:12:49.6508672-04:00" testType="13cdc9d9-ddb5-4fa4-a97d-d965ccfc6d4b" outcome="Passed" testListId="8c84fa94-04c1-424b-9868-57a2d4851a1d" relativeResultsDirectory="48aa7a95-2360-4cf0-b848-7e6c330830f7" /><UnitTestResult executionId="ad86dc2f-f2d3-4570-b6a0-f5393f1ad43e" testId="31d90591-7d53-4264-a9f6-81b85ac792cb" testName="GetFile_NonExistentFileReturnsNotFound" computerName="VECTOR" duration="00:00:00.0290000" startTime="2018-08-17T04:12:46.1165993-04:00" endTime="2018-08-17T04:12:46.1166052-04:00" testType="13cdc9d9-ddb5-4fa4-a97d-d965ccfc6d4b" outcome="Passed" testListId="8c84fa94-04c1-424b-9868-57a2d4851a1d" relativeResultsDirectory="ad86dc2f-f2d3-4570-b6a0-f5393f1ad43e" /><UnitTestResult executionId="dc96db57-a119-4f50-ab7f-208494f58957" testId="c023a5ff-09f8-470c-99c0-d66c90c52ddb" testName="Put_CanUpdateModel" computerName="VECTOR" duration="00:00:00.0530000" startTime="2018-08-17T04:12:58.4941547-04:00" endTime="2018-08-17T04:12:58.4941610-04:00" testType="13cdc9d9-ddb5-4fa4-a97d-d965ccfc6d4b" outcome="Passed" testListId="8c84fa94-04c1-424b-9868-57a2d4851a1d" relativeResultsDirectory="dc96db57-a119-4f50-ab7f-208494f58957" /><UnitTestResult executionId="1c15d785-1468-4f49-82d2-f6bf4f6e9471" testId="fda827e5-fac8-46dd-b107-f50bb3860699" testName="Put_ValidReferencePropertyUpdatesModel" computerName="VECTOR" duration="00:00:00.1980000" startTime="2018-08-17T04:12:58.1935522-04:00" endTime="2018-08-17T04:12:58.1935584-04:00" testType="13cdc9d9-ddb5-4fa4-a97d-d965ccfc6d4b" outcome="Passed" testListId="8c84fa94-04c1-424b-9868-57a2d4851a1d" relativeResultsDirectory="1c15d785-1468-4f49-82d2-f6bf4f6e9471" /><UnitTestResult executionId="8b459fc7-500e-49cf-a1b3-fbe6d51873e2" testId="c396545f-90a9-42cc-9000-5837ea444d1b" testName="Patch_ValidReferencePropertyUpdatesModel" computerName="VECTOR" duration="00:00:00.0540000" startTime="2018-08-17T04:12:41.6375207-04:00" endTime="2018-08-17T04:12:41.6375268-04:00" testType="13cdc9d9-ddb5-4fa4-a97d-d965ccfc6d4b" outcome="Passed" testListId="8c84fa94-04c1-424b-9868-57a2d4851a1d" relativeResultsDirectory="8b459fc7-500e-49cf-a1b3-fbe6d51873e2" /><UnitTestResult executionId="0c196c03-5151-4b6d-bce1-56a8e42e7f15" testId="20d48162-830b-4e79-a2af-f9a7b2338df2" testName="Patch_MultipleInvalidReferencePropertiesReturnsMultipleValidationErrorsAndBadRequest" computerName="VECTOR" duration="00:00:00.0300000" startTime="2018-08-17T04:12:41.7477649-04:00" endTime="2018-08-17T04:12:41.7477712-04:00" testType="13cdc9d9-ddb5-4fa4-a97d-d965ccfc6d4b" outcome="Passed" testListId="8c84fa94-04c1-424b-9868-57a2d4851a1d" relativeResultsDirectory="0c196c03-5151-4b6d-bce1-56a8e42e7f15" /><UnitTestResult executionId="d9187767-7b20-495f-b3bd-7a0561a7b982" testId="483fe844-e21a-4cf3-882f-e6a341052f5c" testName="GetList_ListReturnsCorrectCount" computerName="VECTOR" duration="00:00:00.0150000" startTime="2018-08-17T04:12:43.1137451-04:00" endTime="2018-08-17T04:12:43.1137509-04:00" testType="13cdc9d9-ddb5-4fa4-a97d-d965ccfc6d4b" outcome="Passed" testListId="8c84fa94-04c1-424b-9868-57a2d4851a1d" relativeResultsDirectory="d9187767-7b20-495f-b3bd-7a0561a7b982" /><UnitTestResult executionId="599ccf46-6c3d-48b9-bd65-b9c2b66310a3" testId="656809a8-92b3-481a-a5ef-3f01eebb2424" testName="Patch_InvalidPropertyNameReturnsBadRequest" computerName="VECTOR" duration="00:00:00.0160000" startTime="2018-08-17T04:13:01.8111050-04:00" endTime="2018-08-17T04:13:01.8111114-04:00" testType="13cdc9d9-ddb5-4fa4-a97d-d965ccfc6d4b" outcome="Passed" testListId="8c84fa94-04c1-424b-9868-57a2d4851a1d" relativeResultsDirectory="599ccf46-6c3d-48b9-bd65-b9c2b66310a3" /><UnitTestResult executionId="50ed8605-eb78-47af-a594-0cdc397a409d" testId="edb0df21-4215-490b-b68e-e20abec56987" testName="Put_InvalidIdReturnsNotFound" computerName="VECTOR" duration="00:00:00.0790000" startTime="2018-08-17T04:12:44.5353224-04:00" endTime="2018-08-17T04:12:44.5353292-04:00" testType="13cdc9d9-ddb5-4fa4-a97d-d965ccfc6d4b" outcome="Passed" testListId="8c84fa94-04c1-424b-9868-57a2d4851a1d" relativeResultsDirectory="50ed8605-eb78-47af-a594-0cdc397a409d" /><UnitTestResult executionId="4c8eacd8-2f3d-4033-9558-ba6010148120" testId="478e2178-c7aa-48be-84cf-118e1e73c243" testName="Post_InvalidReferencePropertyReturnsBadRequest" computerName="VECTOR" duration="00:00:00.0080000" startTime="2018-08-17T04:12:40.4687763-04:00" endTime="2018-08-17T04:12:40.4687786-04:00" testType="13cdc9d9-ddb5-4fa4-a97d-d965ccfc6d4b" outcome="Passed" testListId="8c84fa94-04c1-424b-9868-57a2d4851a1d" relativeResultsDirectory="4c8eacd8-2f3d-4033-9558-ba6010148120" /><UnitTestResult executionId="4b67a4ee-34e4-45b5-b4bb-46c3b7d1dfd0" testId="5e06a073-c171-42da-865a-8a68919753e6" testName="Post_InvalidPropertyValueReturnsBadRequest" computerName="VECTOR" duration="00:00:00.0160000" startTime="2018-08-17T04:12:58.3309906-04:00" endTime="2018-08-17T04:12:58.3309968-04:00" testType="13cdc9d9-ddb5-4fa4-a97d-d965ccfc6d4b" outcome="Passed" testListId="8c84fa94-04c1-424b-9868-57a2d4851a1d" relativeResultsDirectory="4b67a4ee-34e4-45b5-b4bb-46c3b7d1dfd0" /><UnitTestResult executionId="b6da82bc-1caf-4246-b0f2-5dea8f31e897" testId="46c0d533-8f61-4d71-9aaf-f30a8903859a" testName="Patch_InvalidPropertyNameReturnsBadRequest" computerName="VECTOR" duration="00:00:00.0220000" startTime="2018-08-17T04:12:42.9166998-04:00" endTime="2018-08-17T04:12:42.9167053-04:00" testType="13cdc9d9-ddb5-4fa4-a97d-d965ccfc6d4b" outcome="Passed" testListId="8c84fa94-04c1-424b-9868-57a2d4851a1d" relativeResultsDirectory="b6da82bc-1caf-4246-b0f2-5dea8f31e897" /><UnitTestResult executionId="f9491ab5-953e-4dc4-9f07-b30f81df54d8" testId="16048189-b77f-4188-b88a-cc44ca8a9914" testName="PostFile_FileTimeStampIsUpdatedAfterFileIsPosted" computerName="VECTOR" duration="00:00:01.7550000" startTime="2018-08-17T04:13:00.2832554-04:00" endTime="2018-08-17T04:13:00.2832609-04:00" testType="13cdc9d9-ddb5-4fa4-a97d-d965ccfc6d4b" outcome="Passed" testListId="8c84fa94-04c1-424b-9868-57a2d4851a1d" relativeResultsDirectory="f9491ab5-953e-4dc4-9f07-b30f81df54d8" /><UnitTestResult executionId="83103a0d-5f82-4eb5-b047-de78f8b80781" testId="181fb6bf-7443-4735-b201-7018487f0da2" testName="Post_ValidReferencePropertyCreatesModel" computerName="VECTOR" duration="00:00:00.0240000" startTime="2018-08-17T04:12:41.7173391-04:00" endTime="2018-08-17T04:12:41.7173455-04:00" testType="13cdc9d9-ddb5-4fa4-a97d-d965ccfc6d4b" outcome="Passed" testListId="8c84fa94-04c1-424b-9868-57a2d4851a1d" relativeResultsDirectory="83103a0d-5f82-4eb5-b047-de78f8b80781" /><UnitTestResult executionId="3b4523ae-853d-4f4d-8fbd-d7b81cdfff11" testId="2f3adb34-a63d-4c1d-af9b-e8a6dc676e02" testName="Put_InvalidReferencePropertyReturndBadRequest" computerName="VECTOR" duration="00:00:00.0280000" startTime="2018-08-17T04:12:41.8843264-04:00" endTime="2018-08-17T04:12:41.8843323-04:00" testType="13cdc9d9-ddb5-4fa4-a97d-d965ccfc6d4b" outcome="Passed" testListId="8c84fa94-04c1-424b-9868-57a2d4851a1d" relativeResultsDirectory="3b4523ae-853d-4f4d-8fbd-d7b81cdfff11" /><UnitTestResult executionId="c05a47f3-b4e8-4f18-a1df-eee988cf67bb" testId="80f577b2-b03a-4b16-929e-c0a557fdde80" testName="GetList_ListReturnsCorrectCount" computerName="VECTOR" duration="00:00:00.0210000" startTime="2018-08-17T04:12:41.7689676-04:00" endTime="2018-08-17T04:12:41.7689734-04:00" testType="13cdc9d9-ddb5-4fa4-a97d-d965ccfc6d4b" outcome="Passed" testListId="8c84fa94-04c1-424b-9868-57a2d4851a1d" relativeResultsDirectory="c05a47f3-b4e8-4f18-a1df-eee988cf67bb" /><UnitTestResult executionId="9ebca0e4-7bf6-45fa-9969-875e05d20a3e" testId="4aad78ce-ad64-4fe4-b477-8661bd19c22b" testName="GetFile_NonExistentFileReturnsNotFound" computerName="VECTOR" duration="00:00:00.0220000" startTime="2018-08-17T04:13:01.0188348-04:00" endTime="2018-08-17T04:13:01.0188413-04:00" testType="13cdc9d9-ddb5-4fa4-a97d-d965ccfc6d4b" outcome="Passed" testListId="8c84fa94-04c1-424b-9868-57a2d4851a1d" relativeResultsDirectory="9ebca0e4-7bf6-45fa-9969-875e05d20a3e" /><UnitTestResult executionId="412dd0ca-8fd7-48cc-ac3d-58d8df96e6d2" testId="d0e07543-94c3-43e0-988c-fdcad3a40b1e" testName="Delete_TargetModelIsDeleted" computerName="VECTOR" duration="00:00:00.0330000" startTime="2018-08-17T04:13:01.5680269-04:00" endTime="2018-08-17T04:13:01.5680339-04:00" testType="13cdc9d9-ddb5-4fa4-a97d-d965ccfc6d4b" outcome="Passed" testListId="8c84fa94-04c1-424b-9868-57a2d4851a1d" relativeResultsDirectory="412dd0ca-8fd7-48cc-ac3d-58d8df96e6d2" /><UnitTestResult executionId="72773c3c-bcd8-4d4b-a03d-c4f1f71a5552" testId="b0a4c00e-8127-4f61-9413-6f0b628cc2b0" testName="GetSingle_InvalidIdPropertyValueReturnsNotFound" computerName="VECTOR" duration="00:00:00.0170000" startTime="2018-08-17T04:12:58.4141369-04:00" endTime="2018-08-17T04:12:58.4141435-04:00" testType="13cdc9d9-ddb5-4fa4-a97d-d965ccfc6d4b" outcome="Passed" testListId="8c84fa94-04c1-424b-9868-57a2d4851a1d" relativeResultsDirectory="72773c3c-bcd8-4d4b-a03d-c4f1f71a5552" /><UnitTestResult executionId="e758620b-0e36-4ad8-a211-d32c9b80123f" testId="2184f7e7-113f-4dc7-8c8d-11f309271118" testName="Post_CanCreateNewModel" computerName="VECTOR" duration="00:00:00.0360000" startTime="2018-08-17T04:12:57.9313849-04:00" endTime="2018-08-17T04:12:57.9313914-04:00" testType="13cdc9d9-ddb5-4fa4-a97d-d965ccfc6d4b" outcome="Passed" testListId="8c84fa94-04c1-424b-9868-57a2d4851a1d" relativeResultsDirectory="e758620b-0e36-4ad8-a211-d32c9b80123f" /></Results><TestDefinitions><UnitTest name="GetList_ListReturnsCorrectCount" storage="d:\modelrelief\modelrelief.test\bin\debug\netcoreapp2.0\modelrelief.test.dll" id="563a6d3d-1a1e-4b59-a357-446f842a88f0"><Execution id="4294da3b-ee83-410d-bc80-7cef6c47ac58" /><TestMethod codeBase="D:\ModelRelief\ModelRelief.test\bin\Debug\netcoreapp2.0\ModelRelief.Test.dll" adapterTypeName="executor://xunit/VsTestRunner2/netcoreapp" className="ModelRelief.Test.Integration.Cameras.CamerasBaseIntegrationTests" name="GetList_ListReturnsCorrectCount" /></UnitTest><UnitTest name="Put_ValidReferencePropertyUpdatesModel" storage="d:\modelrelief\modelrelief.test\bin\debug\netcoreapp2.0\modelrelief.test.dll" id="934555fa-1026-46e1-b4da-7072a18a0eab"><Execution id="7e6188ac-f62f-4665-835c-9eebe2244f61" /><TestMethod codeBase="D:\ModelRelief\ModelRelief.test\bin\Debug\netcoreapp2.0\ModelRelief.Test.dll" adapterTypeName="executor://xunit/VsTestRunner2/netcoreapp" className="ModelRelief.Test.Integration.MeshTransforms.MeshTransformsBaseIntegrationTests" name="Put_ValidReferencePropertyUpdatesModel" /></UnitTest><UnitTest name="LucyModel3dHasTwoDependents" storage="d:\modelrelief\modelrelief.test\bin\debug\netcoreapp2.0\modelrelief.test.dll" id="ffdb155e-7709-4d47-8e04-3160c8d8335e"><Execution id="6efe8ec6-ebe3-45eb-82fb-179b912b27c8" /><TestMethod codeBase="D:\ModelRelief\ModelRelief.test\bin\Debug\netcoreapp2.0\ModelRelief.Test.dll" adapterTypeName="executor://xunit/VsTestRunner2/netcoreapp" className="ModelRelief.Test.Unit.DependencyManager.DependencyManagerTests" name="LucyModel3dHasTwoDependents" /></UnitTest><UnitTest name="Post_CanCreateNewModel" storage="d:\modelrelief\modelrelief.test\bin\debug\netcoreapp2.0\modelrelief.test.dll" id="df78b4fe-72c1-44c5-809d-5da94e208fc6"><Execution id="69b59d96-ea0b-4d67-9081-40c29e620db1" /><TestMethod codeBase="D:\ModelRelief\ModelRelief.test\bin\Debug\netcoreapp2.0\ModelRelief.Test.dll" adapterTypeName="executor://xunit/VsTestRunner2/netcoreapp" className="ModelRelief.Test.Integration.Cameras.CamerasBaseIntegrationTests" name="Post_CanCreateNewModel" /></UnitTest><UnitTest name="Patch_TargetPropertyIsUpdated" storage="d:\modelrelief\modelrelief.test\bin\debug\netcoreapp2.0\modelrelief.test.dll" id="e7dacf11-1929-4d07-b3a1-3d473798e798"><Execution id="65836f17-3207-47b4-955b-39b5d316443d" /><TestMethod codeBase="D:\ModelRelief\ModelRelief.test\bin\Debug\netcoreapp2.0\ModelRelief.Test.dll" adapterTypeName="executor://xunit/VsTestRunner2/netcoreapp" className="ModelRelief.Test.Integration.Meshes.MeshesBaseIntegrationTests" name="Patch_TargetPropertyIsUpdated" /></UnitTest><UnitTest name="FileRequest_FileCanBeReadAfterRename" storage="d:\modelrelief\modelrelief.test\bin\debug\netcoreapp2.0\modelrelief.test.dll" id="5abc7813-a799-4c27-b044-8fdb15ae0621"><Execution id="7c420af4-5609-4c18-8858-7f7f513bce63" /><TestMethod codeBase="D:\ModelRelief\ModelRelief.test\bin\Debug\netcoreapp2.0\ModelRelief.Test.dll" adapterTypeName="executor://xunit/VsTestRunner2/netcoreapp" className="ModelRelief.Test.Integration.Models.ModelsFileIntegrationTests" name="FileRequest_FileCanBeReadAfterRename" /></UnitTest><UnitTest name="Patch_InvalidPropertyNameReturnsBadRequest" storage="d:\modelrelief\modelrelief.test\bin\debug\netcoreapp2.0\modelrelief.test.dll" id="f13b7644-823e-4eb7-a589-1193a0dbdfc6"><Execution id="dfa3ca1d-1176-4b30-aaf7-eb1c0756b809" /><TestMethod codeBase="D:\ModelRelief\ModelRelief.test\bin\Debug\netcoreapp2.0\ModelRelief.Test.dll" adapterTypeName="executor://xunit/VsTestRunner2/netcoreapp" className="ModelRelief.Test.Integration.DepthBuffers.DepthBuffersBaseIntegrationTests" name="Patch_InvalidPropertyNameReturnsBadRequest" /></UnitTest><UnitTest name="Post_InvalidReferencePropertyReturnsBadRequest" storage="d:\modelrelief\modelrelief.test\bin\debug\netcoreapp2.0\modelrelief.test.dll" id="41d06a72-ad42-4ea2-a57c-5682759b985d"><Execution id="91f69b49-1479-4af3-bde1-ba81c4440e96" /><TestMethod codeBase="D:\ModelRelief\ModelRelief.test\bin\Debug\netcoreapp2.0\ModelRelief.Test.dll" adapterTypeName="executor://xunit/VsTestRunner2/netcoreapp" className="ModelRelief.Test.Integration.Meshes.MeshesBaseIntegrationTests" name="Post_InvalidReferencePropertyReturnsBadRequest" /></UnitTest><UnitTest name="Post_InvalidPropertyValueReturnsBadRequest" storage="d:\modelrelief\modelrelief.test\bin\debug\netcoreapp2.0\modelrelief.test.dll" id="eb56b636-f2fa-40c0-ad08-72cfd1054c72"><Execution id="e80d144e-8046-4bc4-bf94-085a93aa04c3" /><TestMethod codeBase="D:\ModelRelief\ModelRelief.test\bin\Debug\netcoreapp2.0\ModelRelief.Test.dll" adapterTypeName="executor://xunit/VsTestRunner2/netcoreapp" className="ModelRelief.Test.Integration.Models.ModelsBaseIntegrationTests" name="Post_InvalidPropertyValueReturnsBadRequest" /></UnitTest><UnitTest name="Patch_InvalidReferencePropertyReturnsBadRequest" storage="d:\modelrelief\modelrelief.test\bin\debug\netcoreapp2.0\modelrelief.test.dll" id="daa506d7-5ea7-4ffe-8b65-2197f6161dc2"><Execution id="9d8200ad-d80f-4291-9eb4-e16b4610b4d6" /><TestMethod codeBase="D:\ModelRelief\ModelRelief.test\bin\Debug\netcoreapp2.0\ModelRelief.Test.dll" adapterTypeName="executor://xunit/VsTestRunner2/netcoreapp" className="ModelRelief.Test.Integration.DepthBuffers.DepthBuffersBaseIntegrationTests" name="Patch_InvalidReferencePropertyReturnsBadRequest" /></UnitTest><UnitTest name="GetFile_ExistingFileReturnsSuccess" storage="d:\modelrelief\modelrelief.test\bin\debug\netcoreapp2.0\modelrelief.test.dll" id="9464ff91-b2dc-4dc1-a4cf-ffd0ba269246"><Execution id="d918d905-2529-40e4-8ddb-3fe9ca7dbd82" /><TestMethod codeBase="D:\ModelRelief\ModelRelief.test\bin\Debug\netcoreapp2.0\ModelRelief.Test.dll" adapterTypeName="executor://xunit/VsTestRunner2/netcoreapp" className="ModelRelief.Test.Integration.Meshes.MeshesFileIntegrationTests" name="GetFile_ExistingFileReturnsSuccess" /></UnitTest><UnitTest name="Put_CanUpdateModel" storage="d:\modelrelief\modelrelief.test\bin\debug\netcoreapp2.0\modelrelief.test.dll" id="10dea785-2b41-46c5-98d8-73d85acd3417"><Execution id="52eaf2de-9efc-43db-bb29-c8c8ab25fe16" /><TestMethod codeBase="D:\ModelRelief\ModelRelief.test\bin\Debug\netcoreapp2.0\ModelRelief.Test.dll" adapterTypeName="executor://xunit/VsTestRunner2/netcoreapp" className="ModelRelief.Test.Integration.MeshTransforms.MeshTransformsBaseIntegrationTests" name="Put_CanUpdateModel" /></UnitTest><UnitTest name="GetSingle_InvalidIdPropertyValueReturnsNotFound" storage="d:\modelrelief\modelrelief.test\bin\debug\netcoreapp2.0\modelrelief.test.dll" id="1d7ff7ea-710a-47ce-870c-1040e8ca3cc3"><Execution id="b878556a-5ad6-4f62-a5f4-00c5611317c5" /><TestMethod codeBase="D:\ModelRelief\ModelRelief.test\bin\Debug\netcoreapp2.0\ModelRelief.Test.dll" adapterTypeName="executor://xunit/VsTestRunner2/netcoreapp" className="ModelRelief.Test.Integration.Models.ModelsBaseIntegrationTests" name="GetSingle_InvalidIdPropertyValueReturnsNotFound" /></UnitTest><UnitTest name="Patch_ValidReferencePropertyUpdatesModel" storage="d:\modelrelief\modelrelief.test\bin\debug\netcoreapp2.0\modelrelief.test.dll" id="c396545f-90a9-42cc-9000-5837ea444d1b"><Execution id="8b459fc7-500e-49cf-a1b3-fbe6d51873e2" /><TestMethod codeBase="D:\ModelRelief\ModelRelief.test\bin\Debug\netcoreapp2.0\ModelRelief.Test.dll" adapterTypeName="executor://xunit/VsTestRunner2/netcoreapp" className="ModelRelief.Test.Integration.Models.ModelsBaseIntegrationTests" name="Patch_ValidReferencePropertyUpdatesModel" /></UnitTest><UnitTest name="Patch_InvalidIdPropertyReturnsNotFound" storage="d:\modelrelief\modelrelief.test\bin\debug\netcoreapp2.0\modelrelief.test.dll" id="b2500dc8-7816-4e30-beda-0a81a3cf4de2"><Execution id="0a169b25-1eed-4bbf-98b3-65903ff5f22a" /><TestMethod codeBase="D:\ModelRelief\ModelRelief.test\bin\Debug\netcoreapp2.0\ModelRelief.Test.dll" adapterTypeName="executor://xunit/VsTestRunner2/netcoreapp" className="ModelRelief.Test.Integration.Cameras.CamerasBaseIntegrationTests" name="Patch_InvalidIdPropertyReturnsNotFound" /></UnitTest><UnitTest name="GetSingle_InvalidIdPropertyValueReturnsNotFound" storage="d:\modelrelief\modelrelief.test\bin\debug\netcoreapp2.0\modelrelief.test.dll" id="b0a4c00e-8127-4f61-9413-6f0b628cc2b0"><Execution id="72773c3c-bcd8-4d4b-a03d-c4f1f71a5552" /><TestMethod codeBase="D:\ModelRelief\ModelRelief.test\bin\Debug\netcoreapp2.0\ModelRelief.Test.dll" adapterTypeName="executor://xunit/VsTestRunner2/netcoreapp" className="ModelRelief.Test.Integration.DepthBuffers.DepthBuffersBaseIntegrationTests" name="GetSingle_InvalidIdPropertyValueReturnsNotFound" /></UnitTest><UnitTest name="Post_InvalidReferencePropertyReturnsBadRequest" storage="d:\modelrelief\modelrelief.test\bin\debug\netcoreapp2.0\modelrelief.test.dll" id="95a96dec-c373-4ec5-9fcc-833ed0126539"><Execution id="b06e6532-1d84-47ba-8bed-19e2bfa52e85" /><TestMethod codeBase="D:\ModelRelief\ModelRelief.test\bin\Debug\netcoreapp2.0\ModelRelief.Test.dll" adapterTypeName="executor://xunit/VsTestRunner2/netcoreapp" className="ModelRelief.Test.Integration.Cameras.CamerasBaseIntegrationTests" name="Post_InvalidReferencePropertyReturnsBadRequest" /></UnitTest><UnitTest name="Delete_TargetModelIsDeleted" storage="d:\modelrelief\modelrelief.test\bin\debug\netcoreapp2.0\modelrelief.test.dll" id="c8472e8e-33ed-4d74-8ad3-748fac16dbd2"><Execution id="6651d461-7093-46c6-bed0-d458c54371e4" /><TestMethod codeBase="D:\ModelRelief\ModelRelief.test\bin\Debug\netcoreapp2.0\ModelRelief.Test.dll" adapterTypeName="executor://xunit/VsTestRunner2/netcoreapp" className="ModelRelief.Test.Integration.Projects.ProjectsBaseIntegrationTests" name="Delete_TargetModelIsDeleted" /></UnitTest><UnitTest name="GetSingle_ValidIdPropertyValueReturnsCorrectModel" storage="d:\modelrelief\modelrelief.test\bin\debug\netcoreapp2.0\modelrelief.test.dll" id="fed4255d-7044-40f0-b352-ffc263474276"><Execution id="04ef8f11-1de1-43c0-a6f0-2b2ebc321721" /><TestMethod codeBase="D:\ModelRelief\ModelRelief.test\bin\Debug\netcoreapp2.0\ModelRelief.Test.dll" adapterTypeName="executor://xunit/VsTestRunner2/netcoreapp" className="ModelRelief.Test.Integration.Cameras.CamerasBaseIntegrationTests" name="GetSingle_ValidIdPropertyValueReturnsCorrectModel" /></UnitTest><UnitTest name="PutFile_NewFileCanBePut" storage="d:\modelrelief\modelrelief.test\bin\debug\netcoreapp2.0\modelrelief.test.dll" id="cfb23558-5d9c-40ae-9753-e5929397ca61"><Execution id="d8411465-5de1-4547-99e2-0e77cd72e63d" /><TestMethod codeBase="D:\ModelRelief\ModelRelief.test\bin\Debug\netcoreapp2.0\ModelRelief.Test.dll" adapterTypeName="executor://xunit/VsTestRunner2/netcoreapp" className="ModelRelief.Test.Integration.Meshes.MeshesFileIntegrationTests" name="PutFile_NewFileCanBePut" /></UnitTest><UnitTest name="Patch_InvalidPropertyNameReturnsBadRequest" storage="d:\modelrelief\modelrelief.test\bin\debug\netcoreapp2.0\modelrelief.test.dll" id="9519b472-5ded-4cc8-8eff-df1fc544c26c"><Execution id="d735cb45-1f70-47c0-abe6-52ed71c92109" /><TestMethod codeBase="D:\ModelRelief\ModelRelief.test\bin\Debug\netcoreapp2.0\ModelRelief.Test.dll" adapterTypeName="executor://xunit/VsTestRunner2/netcoreapp" className="ModelRelief.Test.Integration.Models.ModelsBaseIntegrationTests" name="Patch_InvalidPropertyNameReturnsBadRequest" /></UnitTest><UnitTest name="PostFile_FileTimeStampIsUpdatedAfterFileIsPosted" storage="d:\modelrelief\modelrelief.test\bin\debug\netcoreapp2.0\modelrelief.test.dll" id="c75ae58e-c2fe-4000-8417-0d97ef189a31"><Execution id="e7a5fa06-1720-4b2c-b62f-0ca9251d5093" /><TestMethod codeBase="D:\ModelRelief\ModelRelief.test\bin\Debug\netcoreapp2.0\ModelRelief.Test.dll" adapterTypeName="executor://xunit/VsTestRunner2/netcoreapp" className="ModelRelief.Test.Integration.Models.ModelsFileIntegrationTests" name="PostFile_FileTimeStampIsUpdatedAfterFileIsPosted" /></UnitTest><UnitTest name="MeshTransformHasExpectedDependentFiles" storage="d:\modelrelief\modelrelief.test\bin\debug\netcoreapp2.0\modelrelief.test.dll" id="365aa01c-3574-4b43-a3ec-72758079179e"><Execution id="68b492bd-b141-4d24-9446-3aeb81500286" /><TestMethod codeBase="D:\ModelRelief\ModelRelief.test\bin\Debug\netcoreapp2.0\ModelRelief.Test.dll" adapterTypeName="executor://xunit/VsTestRunner2/netcoreapp" className="ModelRelief.Test.Unit.DependencyManager.DependencyManagerTests" name="MeshTransformHasExpectedDependentFiles" /></UnitTest><UnitTest name="Put_InvalidReferencePropertyReturndBadRequest" storage="d:\modelrelief\modelrelief.test\bin\debug\netcoreapp2.0\modelrelief.test.dll" id="40710c23-fd2d-47b7-bb7e-2391b6d99f2d"><Execution id="016b169b-bd64-4d4e-aef3-c41bf115125d" /><TestMethod codeBase="D:\ModelRelief\ModelRelief.test\bin\Debug\netcoreapp2.0\ModelRelief.Test.dll" adapterTypeName="executor://xunit/VsTestRunner2/netcoreapp" className="ModelRelief.Test.Integration.Cameras.CamerasBaseIntegrationTests" name="Put_InvalidReferencePropertyReturndBadRequest" /></UnitTest><UnitTest name="Post_CanCreateNewModel" storage="d:\modelrelief\modelrelief.test\bin\debug\netcoreapp2.0\modelrelief.test.dll" id="d80b3b14-0687-405c-a9fd-9286579b1c2e"><Execution id="3c5fc87b-296f-424f-97a3-d067ff9f562b" /><TestMethod codeBase="D:\ModelRelief\ModelRelief.test\bin\Debug\netcoreapp2.0\ModelRelief.Test.dll" adapterTypeName="executor://xunit/VsTestRunner2/netcoreapp" className="ModelRelief.Test.Integration.Models.ModelsBaseIntegrationTests" name="Post_CanCreateNewModel" /></UnitTest><UnitTest name="PostFile_NewFileCanBePosted" storage="d:\modelrelief\modelrelief.test\bin\debug\netcoreapp2.0\modelrelief.test.dll" id="6a4b9f57-878f-4c61-9b54-9fd987f654f2"><Execution id="51444cad-ae7e-4995-8229-9f6ba2b5f84b" /><TestMethod codeBase="D:\ModelRelief\ModelRelief.test\bin\Debug\netcoreapp2.0\ModelRelief.Test.dll" adapterTypeName="executor://xunit/VsTestRunner2/netcoreapp" className="ModelRelief.Test.Integration.DepthBuffers.DepthBuffersFileIntegrationTests" name="PostFile_NewFileCanBePosted" /></UnitTest><UnitTest name="Put_ValidReferencePropertyUpdatesModel" storage="d:\modelrelief\modelrelief.test\bin\debug\netcoreapp2.0\modelrelief.test.dll" id="19c0ef02-f6c2-4797-b5bc-abd233f24e50"><Execution id="c9daa751-cb67-467a-9d20-39711692683d" /><TestMethod codeBase="D:\ModelRelief\ModelRelief.test\bin\Debug\netcoreapp2.0\ModelRelief.Test.dll" adapterTypeName="executor://xunit/VsTestRunner2/netcoreapp" className="ModelRelief.Test.Integration.Models.ModelsBaseIntegrationTests" name="Put_ValidReferencePropertyUpdatesModel" /></UnitTest><UnitTest name="Model3dHasExpectedDependentFiles" storage="d:\modelrelief\modelrelief.test\bin\debug\netcoreapp2.0\modelrelief.test.dll" id="06df9524-3bce-4c9b-b36b-fc29c1d3cd56"><Execution id="f9a23325-b07c-42cc-9096-70ee3c8246a8" /><TestMethod codeBase="D:\ModelRelief\ModelRelief.test\bin\Debug\netcoreapp2.0\ModelRelief.Test.dll" adapterTypeName="executor://xunit/VsTestRunner2/netcoreapp" className="ModelRelief.Test.Unit.DependencyManager.DependencyManagerTests" name="Model3dHasExpectedDependentFiles" /></UnitTest><UnitTest name="Post_InvalidPropertyValueReturnsBadRequest" storage="d:\modelrelief\modelrelief.test\bin\debug\netcoreapp2.0\modelrelief.test.dll" id="5e06a073-c171-42da-865a-8a68919753e6"><Execution id="4b67a4ee-34e4-45b5-b4bb-46c3b7d1dfd0" /><TestMethod codeBase="D:\ModelRelief\ModelRelief.test\bin\Debug\netcoreapp2.0\ModelRelief.Test.dll" adapterTypeName="executor://xunit/VsTestRunner2/netcoreapp" className="ModelRelief.Test.Integration.DepthBuffers.DepthBuffersBaseIntegrationTests" name="Post_InvalidPropertyValueReturnsBadRequest" /></UnitTest><UnitTest name="Post_InvalidReferencePropertyReturnsBadRequest" storage="d:\modelrelief\modelrelief.test\bin\debug\netcoreapp2.0\modelrelief.test.dll" id="395d78d4-7653-4a59-8937-1bf087cdc034"><Execution id="b524f60f-b897-4a55-ba5d-4d37333d680e" /><TestMethod codeBase="D:\ModelRelief\ModelRelief.test\bin\Debug\netcoreapp2.0\ModelRelief.Test.dll" adapterTypeName="executor://xunit/VsTestRunner2/netcoreapp" className="ModelRelief.Test.Integration.DepthBuffers.DepthBuffersBaseIntegrationTests" name="Post_InvalidReferencePropertyReturnsBadRequest" /></UnitTest><UnitTest name="Post_CanCreateNewModel" storage="d:\modelrelief\modelrelief.test\bin\debug\netcoreapp2.0\modelrelief.test.dll" id="2184f7e7-113f-4dc7-8c8d-11f309271118"><Execution id="e758620b-0e36-4ad8-a211-d32c9b80123f" /><TestMethod codeBase="D:\ModelRelief\ModelRelief.test\bin\Debug\netcoreapp2.0\ModelRelief.Test.dll" adapterTypeName="executor://xunit/VsTestRunner2/netcoreapp" className="ModelRelief.Test.Integration.DepthBuffers.DepthBuffersBaseIntegrationTests" name="Post_CanCreateNewModel" /></UnitTest><UnitTest name="Post_ValidReferencePropertyCreatesModel" storage="d:\modelrelief\modelrelief.test\bin\debug\netcoreapp2.0\modelrelief.test.dll" id="513b0d1a-3e18-4959-88a0-25aa6702dde7"><Execution id="12816fd8-841f-4e4e-80da-2c219c428721" /><TestMethod codeBase="D:\ModelRelief\ModelRelief.test\bin\Debug\netcoreapp2.0\ModelRelief.Test.dll" adapterTypeName="executor://xunit/VsTestRunner2/netcoreapp" className="ModelRelief.Test.Integration.Cameras.CamerasBaseIntegrationTests" name="Post_ValidReferencePropertyCreatesModel" /></UnitTest><UnitTest name="Put_InvalidReferencePropertyReturndBadRequest" storage="d:\modelrelief\modelrelief.test\bin\debug\netcoreapp2.0\modelrelief.test.dll" id="2f3adb34-a63d-4c1d-af9b-e8a6dc676e02"><Execution id="3b4523ae-853d-4f4d-8fbd-d7b81cdfff11" /><TestMethod codeBase="D:\ModelRelief\ModelRelief.test\bin\Debug\netcoreapp2.0\ModelRelief.Test.dll" adapterTypeName="executor://xunit/VsTestRunner2/netcoreapp" className="ModelRelief.Test.Integration.Models.ModelsBaseIntegrationTests" name="Put_InvalidReferencePropertyReturndBadRequest" /></UnitTest><UnitTest name="Put_CanUpdateModel" storage="d:\modelrelief\modelrelief.test\bin\debug\netcoreapp2.0\modelrelief.test.dll" id="00de2658-e4ec-4ac7-8306-967e0a0b0cce"><Execution id="e660e267-a075-44b8-9b58-7d6dd4ea5d38" /><TestMethod codeBase="D:\ModelRelief\ModelRelief.test\bin\Debug\netcoreapp2.0\ModelRelief.Test.dll" adapterTypeName="executor://xunit/VsTestRunner2/netcoreapp" className="ModelRelief.Test.Integration.Models.ModelsBaseIntegrationTests" name="Put_CanUpdateModel" /></UnitTest><UnitTest name="Post_InvalidReferencePropertyReturnsBadRequest" storage="d:\modelrelief\modelrelief.test\bin\debug\netcoreapp2.0\modelrelief.test.dll" id="478e2178-c7aa-48be-84cf-118e1e73c243"><Execution id="4c8eacd8-2f3d-4033-9558-ba6010148120" /><TestMethod codeBase="D:\ModelRelief\ModelRelief.test\bin\Debug\netcoreapp2.0\ModelRelief.Test.dll" adapterTypeName="executor://xunit/VsTestRunner2/netcoreapp" className="ModelRelief.Test.Integration.Projects.ProjectsBaseIntegrationTests" name="Post_InvalidReferencePropertyReturnsBadRequest" /></UnitTest><UnitTest name="Patch_InvalidEnumPropertyValueReturnsBadRequest" storage="d:\modelrelief\modelrelief.test\bin\debug\netcoreapp2.0\modelrelief.test.dll" id="1f02f4df-7650-4e3f-8e8f-8d6081ad5b7e"><Execution id="b9ad6724-4770-4243-bf50-56ffa28e458a" /><TestMethod codeBase="D:\ModelRelief\ModelRelief.test\bin\Debug\netcoreapp2.0\ModelRelief.Test.dll" adapterTypeName="executor://xunit/VsTestRunner2/netcoreapp" className="ModelRelief.Test.Integration.Projects.ProjectsBaseIntegrationTests" name="Patch_InvalidEnumPropertyValueReturnsBadRequest" /></UnitTest><UnitTest name="Patch_InvalidIdPropertyReturnsNotFound" storage="d:\modelrelief\modelrelief.test\bin\debug\netcoreapp2.0\modelrelief.test.dll" id="f0f6fd68-8b8e-4001-8182-4627d5c080d3"><Execution id="3d59d0fa-62fb-48e5-b86c-e837d74621b9" /><TestMethod codeBase="D:\ModelRelief\ModelRelief.test\bin\Debug\netcoreapp2.0\ModelRelief.Test.dll" adapterTypeName="executor://xunit/VsTestRunner2/netcoreapp" className="ModelRelief.Test.Integration.Projects.ProjectsBaseIntegrationTests" name="Patch_InvalidIdPropertyReturnsNotFound" /></UnitTest><UnitTest name="Patch_ValidReferencePropertyUpdatesModel" storage="d:\modelrelief\modelrelief.test\bin\debug\netcoreapp2.0\modelrelief.test.dll" id="f940a2e2-a3d0-49d5-aa75-3a4b742082f9"><Execution id="13a2d043-fa10-46ca-99e8-e4235f9f761f" /><TestMethod codeBase="D:\ModelRelief\ModelRelief.test\bin\Debug\netcoreapp2.0\ModelRelief.Test.dll" adapterTypeName="executor://xunit/VsTestRunner2/netcoreapp" className="ModelRelief.Test.Integration.Projects.ProjectsBaseIntegrationTests" name="Patch_ValidReferencePropertyUpdatesModel" /></UnitTest><UnitTest name="Post_InvalidPropertyValueReturnsBadRequest" storage="d:\modelrelief\modelrelief.test\bin\debug\netcoreapp2.0\modelrelief.test.dll" id="6c428eac-fd6e-48e5-bdb6-0274c9ed3afd"><Execution id="a03f48c8-3ccf-409d-8be3-2dc933250002" /><TestMethod codeBase="D:\ModelRelief\ModelRelief.test\bin\Debug\netcoreapp2.0\ModelRelief.Test.dll" adapterTypeName="executor://xunit/VsTestRunner2/netcoreapp" className="ModelRelief.Test.Integration.Cameras.CamerasBaseIntegrationTests" name="Post_InvalidPropertyValueReturnsBadRequest" /></UnitTest><UnitTest name="Patch_InvalidEnumPropertyValueReturnsBadRequest" storage="d:\modelrelief\modelrelief.test\bin\debug\netcoreapp2.0\modelrelief.test.dll" id="30875e46-c6f4-48c6-a694-cc698ff74cc3"><Execution id="f2dc6c27-e55e-4667-bf3e-a683532e2fa5" /><TestMethod codeBase="D:\ModelRelief\ModelRelief.test\bin\Debug\netcoreapp2.0\ModelRelief.Test.dll" adapterTypeName="executor://xunit/VsTestRunner2/netcoreapp" className="ModelRelief.Test.Integration.DepthBuffers.DepthBuffersBaseIntegrationTests" name="Patch_InvalidEnumPropertyValueReturnsBadRequest" /></UnitTest><UnitTest name="Post_InvalidReferencePropertyReturnsBadRequest" storage="d:\modelrelief\modelrelief.test\bin\debug\netcoreapp2.0\modelrelief.test.dll" id="cb2651d1-0294-4dd5-a142-0b5ecd3e1c67"><Execution id="fb023399-26fd-4440-adb7-b854de07e16b" /><TestMethod codeBase="D:\ModelRelief\ModelRelief.test\bin\Debug\netcoreapp2.0\ModelRelief.Test.dll" adapterTypeName="executor://xunit/VsTestRunner2/netcoreapp" className="ModelRelief.Test.Integration.Models.ModelsBaseIntegrationTests" name="Post_InvalidReferencePropertyReturnsBadRequest" /></UnitTest><UnitTest name="Patch_InvalidIdPropertyReturnsNotFound" storage="d:\modelrelief\modelrelief.test\bin\debug\netcoreapp2.0\modelrelief.test.dll" id="d04164db-9cb7-43cc-9fd6-e593e12199a8"><Execution id="e2db4b90-cf15-4971-935d-79954351eff9" /><TestMethod codeBase="D:\ModelRelief\ModelRelief.test\bin\Debug\netcoreapp2.0\ModelRelief.Test.dll" adapterTypeName="executor://xunit/VsTestRunner2/netcoreapp" className="ModelRelief.Test.Integration.DepthBuffers.DepthBuffersBaseIntegrationTests" name="Patch_InvalidIdPropertyReturnsNotFound" /></UnitTest><UnitTest name="Post_ValidReferencePropertyCreatesModel" storage="d:\modelrelief\modelrelief.test\bin\debug\netcoreapp2.0\modelrelief.test.dll" id="d0ff5da4-b4e9-42db-a946-b90a41968594"><Execution id="7e74c263-0553-43c5-a913-e9a53ae4ac10" /><TestMethod codeBase="D:\ModelRelief\ModelRelief.test\bin\Debug\netcoreapp2.0\ModelRelief.Test.dll" adapterTypeName="executor://xunit/VsTestRunner2/netcoreapp" className="ModelRelief.Test.Integration.MeshTransforms.MeshTransformsBaseIntegrationTests" name="Post_ValidReferencePropertyCreatesModel" /></UnitTest><UnitTest name="Patch_InvalidPropertyNameReturnsBadRequest" storage="d:\modelrelief\modelrelief.test\bin\debug\netcoreapp2.0\modelrelief.test.dll" id="656809a8-92b3-481a-a5ef-3f01eebb2424"><Execution id="599ccf46-6c3d-48b9-bd65-b9c2b66310a3" /><TestMethod codeBase="D:\ModelRelief\ModelRelief.test\bin\Debug\netcoreapp2.0\ModelRelief.Test.dll" adapterTypeName="executor://xunit/VsTestRunner2/netcoreapp" className="ModelRelief.Test.Integration.Cameras.CamerasBaseIntegrationTests" name="Patch_InvalidPropertyNameReturnsBadRequest" /></UnitTest><UnitTest name="Post_ValidReferencePropertyCreatesModel" storage="d:\modelrelief\modelrelief.test\bin\debug\netcoreapp2.0\modelrelief.test.dll" id="e48347e2-6b20-476f-9ee1-c7dc4ccdb02d"><Execution id="88311276-3a25-4f5e-9945-c3c7606bf8c7" /><TestMethod codeBase="D:\ModelRelief\ModelRelief.test\bin\Debug\netcoreapp2.0\ModelRelief.Test.dll" adapterTypeName="executor://xunit/VsTestRunner2/netcoreapp" className="ModelRelief.Test.Integration.Projects.ProjectsBaseIntegrationTests" name="Post_ValidReferencePropertyCreatesModel" /></UnitTest><UnitTest name="Put_CanUpdateModel" storage="d:\modelrelief\modelrelief.test\bin\debug\netcoreapp2.0\modelrelief.test.dll" id="abefb017-e0ef-46a6-8ad5-716f6c38ddea"><Execution id="39670ca5-19cb-4910-82c9-b90a9441edde" /><TestMethod codeBase="D:\ModelRelief\ModelRelief.test\bin\Debug\netcoreapp2.0\ModelRelief.Test.dll" adapterTypeName="executor://xunit/VsTestRunner2/netcoreapp" className="ModelRelief.Test.Integration.Projects.ProjectsBaseIntegrationTests" name="Put_CanUpdateModel" /></UnitTest><UnitTest name="Put_InvalidIdReturnsNotFound" storage="d:\modelrelief\modelrelief.test\bin\debug\netcoreapp2.0\modelrelief.test.dll" id="f4f2cf3f-0804-47f1-b380-9d52618acc33"><Execution id="902f757c-b5d0-4b05-b49c-60d743728429" /><TestMethod codeBase="D:\ModelRelief\ModelRelief.test\bin\Debug\netcoreapp2.0\ModelRelief.Test.dll" adapterTypeName="executor://xunit/VsTestRunner2/netcoreapp" className="ModelRelief.Test.Integration.Models.ModelsBaseIntegrationTests" name="Put_InvalidIdReturnsNotFound" /></UnitTest><UnitTest name="Put_InvalidIdReturnsNotFound" storage="d:\modelrelief\modelrelief.test\bin\debug\netcoreapp2.0\modelrelief.test.dll" id="01408a38-ebd5-441d-b345-2c1bd58777cf"><Execution id="0228ce39-4da0-4c9e-85ea-f31db4a384c7" /><TestMethod codeBase="D:\ModelRelief\ModelRelief.test\bin\Debug\netcoreapp2.0\ModelRelief.Test.dll" adapterTypeName="executor://xunit/VsTestRunner2/netcoreapp" className="ModelRelief.Test.Integration.DepthBuffers.DepthBuffersBaseIntegrationTests" name="Put_InvalidIdReturnsNotFound" /></UnitTest><UnitTest name="Post_CanCreateNewModel" storage="d:\modelrelief\modelrelief.test\bin\debug\netcoreapp2.0\modelrelief.test.dll" id="108cd5bd-f842-4950-90a7-b2ec70c3c898"><Execution id="1c28582e-036c-48a8-aaa0-83a8974cdfc7" /><TestMethod codeBase="D:\ModelRelief\ModelRelief.test\bin\Debug\netcoreapp2.0\ModelRelief.Test.dll" adapterTypeName="executor://xunit/VsTestRunner2/netcoreapp" className="ModelRelief.Test.Integration.Meshes.MeshesBaseIntegrationTests" name="Post_CanCreateNewModel" /></UnitTest><UnitTest name="PostFile_FileIsSynchronizedIsUpdatedAfterFileIsPosted" storage="d:\modelrelief\modelrelief.test\bin\debug\netcoreapp2.0\modelrelief.test.dll" id="ee775e86-8cc4-40ea-b08a-730cb83fd1d0"><Execution id="7acdca08-6923-494f-90c6-cb74716eb758" /><TestMethod codeBase="D:\ModelRelief\ModelRelief.test\bin\Debug\netcoreapp2.0\ModelRelief.Test.dll" adapterTypeName="executor://xunit/VsTestRunner2/netcoreapp" className="ModelRelief.Test.Integration.Models.ModelsFileIntegrationTests" name="PostFile_FileIsSynchronizedIsUpdatedAfterFileIsPosted" /></UnitTest><UnitTest name="Patch_MultipleInvalidReferencePropertiesReturnsMultipleValidationErrorsAndBadRequest" storage="d:\modelrelief\modelrelief.test\bin\debug\netcoreapp2.0\modelrelief.test.dll" id="20d48162-830b-4e79-a2af-f9a7b2338df2"><Execution id="0c196c03-5151-4b6d-bce1-56a8e42e7f15" /><TestMethod codeBase="D:\ModelRelief\ModelRelief.test\bin\Debug\netcoreapp2.0\ModelRelief.Test.dll" adapterTypeName="executor://xunit/VsTestRunner2/netcoreapp" className="ModelRelief.Test.Integration.Models.ModelsBaseIntegrationTests" name="Patch_MultipleInvalidReferencePropertiesReturnsMultipleValidationErrorsAndBadRequest" /></UnitTest><UnitTest name="Patch_InvalidEnumPropertyValueReturnsBadRequest" storage="d:\modelrelief\modelrelief.test\bin\debug\netcoreapp2.0\modelrelief.test.dll" id="0d33a1eb-92db-4ba6-ae08-d1aea9acad8c"><Execution id="8faafcea-9c93-48ab-86d0-fb159651dc3d" /><TestMethod codeBase="D:\ModelRelief\ModelRelief.test\bin\Debug\netcoreapp2.0\ModelRelief.Test.dll" adapterTypeName="executor://xunit/VsTestRunner2/netcoreapp" className="ModelRelief.Test.Integration.MeshTransforms.MeshTransformsBaseIntegrationTests" name="Patch_InvalidEnumPropertyValueReturnsBadRequest" /></UnitTest><UnitTest name="Delete_TargetModelIsDeleted" storage="d:\modelrelief\modelrelief.test\bin\debug\netcoreapp2.0\modelrelief.test.dll" id="d0e07543-94c3-43e0-988c-fdcad3a40b1e"><Execution id="412dd0ca-8fd7-48cc-ac3d-58d8df96e6d2" /><TestMethod codeBase="D:\ModelRelief\ModelRelief.test\bin\Debug\netcoreapp2.0\ModelRelief.Test.dll" adapterTypeName="executor://xunit/VsTestRunner2/netcoreapp" className="ModelRelief.Test.Integration.Cameras.CamerasBaseIntegrationTests" name="Delete_TargetModelIsDeleted" /></UnitTest><UnitTest name="GetFile_FileCanBeRoundTripped" storage="d:\modelrelief\modelrelief.test\bin\debug\netcoreapp2.0\modelrelief.test.dll" id="0ff44275-339c-4732-afc1-cd148511c0df"><Execution id="4912815a-ba09-4f11-a919-037e7f2fc87b" /><TestMethod codeBase="D:\ModelRelief\ModelRelief.test\bin\Debug\netcoreapp2.0\ModelRelief.Test.dll" adapterTypeName="executor://xunit/VsTestRunner2/netcoreapp" className="ModelRelief.Test.Integration.Meshes.MeshesFileIntegrationTests" name="GetFile_FileCanBeRoundTripped" /></UnitTest><UnitTest name="Put_InvalidIdReturnsNotFound" storage="d:\modelrelief\modelrelief.test\bin\debug\netcoreapp2.0\modelrelief.test.dll" id="03ba5343-a0a9-4299-aaf2-59ff37d23c98"><Execution id="1da40563-33b8-43c8-8588-8daa040ff40f" /><TestMethod codeBase="D:\ModelRelief\ModelRelief.test\bin\Debug\netcoreapp2.0\ModelRelief.Test.dll" adapterTypeName="executor://xunit/VsTestRunner2/netcoreapp" className="ModelRelief.Test.Integration.MeshTransforms.MeshTransformsBaseIntegrationTests" name="Put_InvalidIdReturnsNotFound" /></UnitTest><UnitTest name="Patch_TargetPropertyIsUpdated" storage="d:\modelrelief\modelrelief.test\bin\debug\netcoreapp2.0\modelrelief.test.dll" id="42a0c8cd-62d5-4339-873c-379ddf48acbf"><Execution id="d78101cb-508c-4518-b135-ce9d7787f2dd" /><TestMethod codeBase="D:\ModelRelief\ModelRelief.test\bin\Debug\netcoreapp2.0\ModelRelief.Test.dll" adapterTypeName="executor://xunit/VsTestRunner2/netcoreapp" className="ModelRelief.Test.Integration.DepthBuffers.DepthBuffersBaseIntegrationTests" name="Patch_TargetPropertyIsUpdated" /></UnitTest><UnitTest name="Patch_ValidReferencePropertyUpdatesModel" storage="d:\modelrelief\modelrelief.test\bin\debug\netcoreapp2.0\modelrelief.test.dll" id="4e7cf9fb-29d6-43f9-8f6b-2927578e3555"><Execution id="3cb579f9-7b57-42c2-bf3a-afb62e10d9a3" /><TestMethod codeBase="D:\ModelRelief\ModelRelief.test\bin\Debug\netcoreapp2.0\ModelRelief.Test.dll" adapterTypeName="executor://xunit/VsTestRunner2/netcoreapp" className="ModelRelief.Test.Integration.Meshes.MeshesBaseIntegrationTests" name="Patch_ValidReferencePropertyUpdatesModel" /></UnitTest><UnitTest name="Patch_ValidReferencePropertyUpdatesModel" storage="d:\modelrelief\modelrelief.test\bin\debug\netcoreapp2.0\modelrelief.test.dll" id="defe90cb-dcc0-453a-88dd-fd9d3964eaf8"><Execution id="411c4faa-8ae8-4acf-b2f0-279240b5a765" /><TestMethod codeBase="D:\ModelRelief\ModelRelief.test\bin\Debug\netcoreapp2.0\ModelRelief.Test.dll" adapterTypeName="executor://xunit/VsTestRunner2/netcoreapp" className="ModelRelief.Test.Integration.DepthBuffers.DepthBuffersBaseIntegrationTests" name="Patch_ValidReferencePropertyUpdatesModel" /></UnitTest><UnitTest name="Patch_TargetPropertyIsUpdated" storage="d:\modelrelief\modelrelief.test\bin\debug\netcoreapp2.0\modelrelief.test.dll" id="8306500b-29bb-4753-9421-e8c17172b689"><Execution id="428ea21f-2a4f-42a7-a225-0d07edbf44cf" /><TestMethod codeBase="D:\ModelRelief\ModelRelief.test\bin\Debug\netcoreapp2.0\ModelRelief.Test.dll" adapterTypeName="executor://xunit/VsTestRunner2/netcoreapp" className="ModelRelief.Test.Integration.Projects.ProjectsBaseIntegrationTests" name="Patch_TargetPropertyIsUpdated" /></UnitTest><UnitTest name="FileRequest_DepthBufferIsInvalidatedAfterCameraDependencyPropertyChange" storage="d:\modelrelief\modelrelief.test\bin\debug\netcoreapp2.0\modelrelief.test.dll" id="2cd81888-886d-4b65-88e0-8aa57fc0f791"><Execution id="bc43ef5c-82d1-4962-81c9-2c1d229d311f" /><TestMethod codeBase="D:\ModelRelief\ModelRelief.test\bin\Debug\netcoreapp2.0\ModelRelief.Test.dll" adapterTypeName="executor://xunit/VsTestRunner2/netcoreapp" className="ModelRelief.Test.Integration.DepthBuffers.DepthBuffersFileIntegrationTests" name="FileRequest_DepthBufferIsInvalidatedAfterCameraDependencyPropertyChange" /></UnitTest><UnitTest name="Patch_TargetPropertyIsUpdated" storage="d:\modelrelief\modelrelief.test\bin\debug\netcoreapp2.0\modelrelief.test.dll" id="8a82b46d-cc40-4ae9-85a8-755fd8ec1553"><Execution id="f9e331e3-1c9d-4c76-bba4-77bdb3b56087" /><TestMethod codeBase="D:\ModelRelief\ModelRelief.test\bin\Debug\netcoreapp2.0\ModelRelief.Test.dll" adapterTypeName="executor://xunit/VsTestRunner2/netcoreapp" className="ModelRelief.Test.Integration.Cameras.CamerasBaseIntegrationTests" name="Patch_TargetPropertyIsUpdated" /></UnitTest><UnitTest name="CameraHasExpectedDependentFiles" storage="d:\modelrelief\modelrelief.test\bin\debug\netcoreapp2.0\modelrelief.test.dll" id="3291c49d-e419-4ee1-bfc6-ec20ef2d987d"><Execution id="64a78cff-c233-447d-9f65-abc3bebc8184" /><TestMethod codeBase="D:\ModelRelief\ModelRelief.test\bin\Debug\netcoreapp2.0\ModelRelief.Test.dll" adapterTypeName="executor://xunit/VsTestRunner2/netcoreapp" className="ModelRelief.Test.Unit.DependencyManager.DependencyManagerTests" name="CameraHasExpectedDependentFiles" /></UnitTest><UnitTest name="Patch_MultipleInvalidReferencePropertiesReturnsMultipleValidationErrorsAndBadRequest" storage="d:\modelrelief\modelrelief.test\bin\debug\netcoreapp2.0\modelrelief.test.dll" id="2aeb8c7d-c676-4c57-b5ea-3845e72f811f"><Execution id="9bb8a76f-c8a5-46ed-ab0b-ad5e5a929f3f" /><TestMethod codeBase="D:\ModelRelief\ModelRelief.test\bin\Debug\netcoreapp2.0\ModelRelief.Test.dll" adapterTypeName="executor://xunit/VsTestRunner2/netcoreapp" className="ModelRelief.Test.Integration.Projects.ProjectsBaseIntegrationTests" name="Patch_MultipleInvalidReferencePropertiesReturnsMultipleValidationErrorsAndBadRequest" /></UnitTest><UnitTest name="PostFile_NewFileCanBePosted" storage="d:\modelrelief\modelrelief.test\bin\debug\netcoreapp2.0\modelrelief.test.dll" id="ca272485-251c-4b9b-ae2d-8294663b92ff"><Execution id="a15fd6b6-7f81-47e4-8eb7-d273774087d4" /><TestMethod codeBase="D:\ModelRelief\ModelRelief.test\bin\Debug\netcoreapp2.0\ModelRelief.Test.dll" adapterTypeName="executor://xunit/VsTestRunner2/netcoreapp" className="ModelRelief.Test.Integration.Meshes.MeshesFileIntegrationTests" name="PostFile_NewFileCanBePosted" /></UnitTest><UnitTest name="Post_ValidReferencePropertyCreatesModel" storage="d:\modelrelief\modelrelief.test\bin\debug\netcoreapp2.0\modelrelief.test.dll" id="439d4b55-cf42-4c07-ad83-827a885f94db"><Execution id="b66163df-d1bc-4001-8b46-46802809a72d" /><TestMethod codeBase="D:\ModelRelief\ModelRelief.test\bin\Debug\netcoreapp2.0\ModelRelief.Test.dll" adapterTypeName="executor://xunit/VsTestRunner2/netcoreapp" className="ModelRelief.Test.Integration.DepthBuffers.DepthBuffersBaseIntegrationTests" name="Post_ValidReferencePropertyCreatesModel" /></UnitTest><UnitTest name="Post_InvalidReferencePropertyReturnsBadRequest" storage="d:\modelrelief\modelrelief.test\bin\debug\netcoreapp2.0\modelrelief.test.dll" id="c995f9c0-c766-4bef-a228-e5dd33a37b63"><Execution id="1f3bfa1f-d05e-4af5-9b82-f98d528ebe52" /><TestMethod codeBase="D:\ModelRelief\ModelRelief.test\bin\Debug\netcoreapp2.0\ModelRelief.Test.dll" adapterTypeName="executor://xunit/VsTestRunner2/netcoreapp" className="ModelRelief.Test.Integration.MeshTransforms.MeshTransformsBaseIntegrationTests" name="Post_InvalidReferencePropertyReturnsBadRequest" /></UnitTest><UnitTest name="Patch_ValidReferencePropertyUpdatesModel" storage="d:\modelrelief\modelrelief.test\bin\debug\netcoreapp2.0\modelrelief.test.dll" id="d72021f0-2528-412a-8472-58a764f7968d"><Execution id="9736fc85-c839-44ae-b637-55f943264f07" /><TestMethod codeBase="D:\ModelRelief\ModelRelief.test\bin\Debug\netcoreapp2.0\ModelRelief.Test.dll" adapterTypeName="executor://xunit/VsTestRunner2/netcoreapp" className="ModelRelief.Test.Integration.MeshTransforms.MeshTransformsBaseIntegrationTests" name="Patch_ValidReferencePropertyUpdatesModel" /></UnitTest><UnitTest name="Post_CanCreateNewModel" storage="d:\modelrelief\modelrelief.test\bin\debug\netcoreapp2.0\modelrelief.test.dll" id="b23052ef-7c97-4ec9-89dc-7928a7057e9f"><Execution id="b7e1a116-9d54-438a-8101-4296fc879f62" /><TestMethod codeBase="D:\ModelRelief\ModelRelief.test\bin\Debug\netcoreapp2.0\ModelRelief.Test.dll" adapterTypeName="executor://xunit/VsTestRunner2/netcoreapp" className="ModelRelief.Test.Integration.Projects.ProjectsBaseIntegrationTests" name="Post_CanCreateNewModel" /></UnitTest><UnitTest name="Patch_InvalidPropertyNameReturnsBadRequest" storage="d:\modelrelief\modelrelief.test\bin\debug\netcoreapp2.0\modelrelief.test.dll" id="fd788599-1e0b-47eb-8a18-92251d086c89"><Execution id="3c8d5ba8-2675-4647-8954-5ed696e7b371" /><TestMethod codeBase="D:\ModelRelief\ModelRelief.test\bin\Debug\netcoreapp2.0\ModelRelief.Test.dll" adapterTypeName="executor://xunit/VsTestRunner2/netcoreapp" className="ModelRelief.Test.Integration.Projects.ProjectsBaseIntegrationTests" name="Patch_InvalidPropertyNameReturnsBadRequest" /></UnitTest><UnitTest name="Patch_InvalidEnumPropertyValueReturnsBadRequest" storage="d:\modelrelief\modelrelief.test\bin\debug\netcoreapp2.0\modelrelief.test.dll" id="72f3cbf4-a0fe-44e7-812b-bea0e85558cf"><Execution id="6c68788e-abc6-4387-a4c0-86b65508da2d" /><TestMethod codeBase="D:\ModelRelief\ModelRelief.test\bin\Debug\netcoreapp2.0\ModelRelief.Test.dll" adapterTypeName="executor://xunit/VsTestRunner2/netcoreapp" className="ModelRelief.Test.Integration.Meshes.MeshesBaseIntegrationTests" name="Patch_InvalidEnumPropertyValueReturnsBadRequest" /></UnitTest><UnitTest name="PutFile_FileCanBeUpdated" storage="d:\modelrelief\modelrelief.test\bin\debug\netcoreapp2.0\modelrelief.test.dll" id="384b9738-1d5c-4f51-b301-3bec7ed0e112"><Execution id="d5093353-3b10-44c5-8cd4-8787e0704f4d" /><TestMethod codeBase="D:\ModelRelief\ModelRelief.test\bin\Debug\netcoreapp2.0\ModelRelief.Test.dll" adapterTypeName="executor://xunit/VsTestRunner2/netcoreapp" className="ModelRelief.Test.Integration.Models.ModelsFileIntegrationTests" name="PutFile_FileCanBeUpdated" /></UnitTest><UnitTest name="Delete_TargetModelIsDeleted" storage="d:\modelrelief\modelrelief.test\bin\debug\netcoreapp2.0\modelrelief.test.dll" id="97d750ce-7fce-4e4c-be02-c05f35257038"><Execution id="0b2ad74d-d937-4adb-9413-1efb156ac3fb" /><TestMethod codeBase="D:\ModelRelief\ModelRelief.test\bin\Debug\netcoreapp2.0\ModelRelief.Test.dll" adapterTypeName="executor://xunit/VsTestRunner2/netcoreapp" className="ModelRelief.Test.Integration.MeshTransforms.MeshTransformsBaseIntegrationTests" name="Delete_TargetModelIsDeleted" /></UnitTest><UnitTest name="Patch_TargetPropertyIsUpdated" storage="d:\modelrelief\modelrelief.test\bin\debug\netcoreapp2.0\modelrelief.test.dll" id="efe4b05b-a44f-45cb-ad1b-7277deaf1b3b"><Execution id="ce6433d1-1c8d-45f8-9947-6e8c14314999" /><TestMethod codeBase="D:\ModelRelief\ModelRelief.test\bin\Debug\netcoreapp2.0\ModelRelief.Test.dll" adapterTypeName="executor://xunit/VsTestRunner2/netcoreapp" className="ModelRelief.Test.Integration.MeshTransforms.MeshTransformsBaseIntegrationTests" name="Patch_TargetPropertyIsUpdated" /></UnitTest><UnitTest name="PostFile_NewFileCanBePosted" storage="d:\modelrelief\modelrelief.test\bin\debug\netcoreapp2.0\modelrelief.test.dll" id="83cb4e60-894e-43de-b983-4b75e352c95b"><Execution id="8e3ed76c-3b31-40ac-8a0c-56cb5a6a9723" /><TestMethod codeBase="D:\ModelRelief\ModelRelief.test\bin\Debug\netcoreapp2.0\ModelRelief.Test.dll" adapterTypeName="executor://xunit/VsTestRunner2/netcoreapp" className="ModelRelief.Test.Integration.Models.ModelsFileIntegrationTests" name="PostFile_NewFileCanBePosted" /></UnitTest><UnitTest name="Patch_MultipleInvalidReferencePropertiesReturnsMultipleValidationErrorsAndBadRequest" storage="d:\modelrelief\modelrelief.test\bin\debug\netcoreapp2.0\modelrelief.test.dll" id="80233612-bf23-4e7f-95ee-6e8403e9f8da"><Execution id="074b18d1-be86-4d98-85ca-b49c5704908c" /><TestMethod codeBase="D:\ModelRelief\ModelRelief.test\bin\Debug\netcoreapp2.0\ModelRelief.Test.dll" adapterTypeName="executor://xunit/VsTestRunner2/netcoreapp" className="ModelRelief.Test.Integration.MeshTransforms.MeshTransformsBaseIntegrationTests" name="Patch_MultipleInvalidReferencePropertiesReturnsMultipleValidationErrorsAndBadRequest" /></UnitTest><UnitTest name="GetSingle_InvalidIdPropertyValueReturnsNotFound" storage="d:\modelrelief\modelrelief.test\bin\debug\netcoreapp2.0\modelrelief.test.dll" id="953de0f7-481d-44ec-a768-0b8103d09d56"><Execution id="a3d834ac-65cd-46d4-9064-04ee582fdf72" /><TestMethod codeBase="D:\ModelRelief\ModelRelief.test\bin\Debug\netcoreapp2.0\ModelRelief.Test.dll" adapterTypeName="executor://xunit/VsTestRunner2/netcoreapp" className="ModelRelief.Test.Integration.Cameras.CamerasBaseIntegrationTests" name="GetSingle_InvalidIdPropertyValueReturnsNotFound" /></UnitTest><UnitTest name="PutFile_FileCanBeUpdated" storage="d:\modelrelief\modelrelief.test\bin\debug\netcoreapp2.0\modelrelief.test.dll" id="e51a485e-ffd6-4d92-b1ae-cf8108632302"><Execution id="6a454f3f-4d39-425f-a9c6-9975f125c845" /><TestMethod codeBase="D:\ModelRelief\ModelRelief.test\bin\Debug\netcoreapp2.0\ModelRelief.Test.dll" adapterTypeName="executor://xunit/VsTestRunner2/netcoreapp" className="ModelRelief.Test.Integration.DepthBuffers.DepthBuffersFileIntegrationTests" name="PutFile_FileCanBeUpdated" /></UnitTest><UnitTest name="GetSingle_ValidIdPropertyValueReturnsCorrectModel" storage="d:\modelrelief\modelrelief.test\bin\debug\netcoreapp2.0\modelrelief.test.dll" id="d5f04ebb-68ba-408a-8609-245427972cc7"><Execution id="b34590c9-2b5c-44c2-a859-390cdb781fdc" /><TestMethod codeBase="D:\ModelRelief\ModelRelief.test\bin\Debug\netcoreapp2.0\ModelRelief.Test.dll" adapterTypeName="executor://xunit/VsTestRunner2/netcoreapp" className="ModelRelief.Test.Integration.DepthBuffers.DepthBuffersBaseIntegrationTests" name="GetSingle_ValidIdPropertyValueReturnsCorrectModel" /></UnitTest><UnitTest name="Post_ValidReferencePropertyCreatesModel" storage="d:\modelrelief\modelrelief.test\bin\debug\netcoreapp2.0\modelrelief.test.dll" id="181fb6bf-7443-4735-b201-7018487f0da2"><Execution id="83103a0d-5f82-4eb5-b047-de78f8b80781" /><TestMethod codeBase="D:\ModelRelief\ModelRelief.test\bin\Debug\netcoreapp2.0\ModelRelief.Test.dll" adapterTypeName="executor://xunit/VsTestRunner2/netcoreapp" className="ModelRelief.Test.Integration.Models.ModelsBaseIntegrationTests" name="Post_ValidReferencePropertyCreatesModel" /></UnitTest><UnitTest name="GetSingle_ValidIdPropertyValueReturnsCorrectModel" storage="d:\modelrelief\modelrelief.test\bin\debug\netcoreapp2.0\modelrelief.test.dll" id="5fddcf5c-6d3a-4509-92bf-6ca331590ac0"><Execution id="cefc1a86-e9d9-46fa-a4d5-fbafd2f2d9cf" /><TestMethod codeBase="D:\ModelRelief\ModelRelief.test\bin\Debug\netcoreapp2.0\ModelRelief.Test.dll" adapterTypeName="executor://xunit/VsTestRunner2/netcoreapp" className="ModelRelief.Test.Integration.Projects.ProjectsBaseIntegrationTests" name="GetSingle_ValidIdPropertyValueReturnsCorrectModel" /></UnitTest><UnitTest name="PostFile_FileIsSynchronizedIsUpdatedAfterFileIsPosted" storage="d:\modelrelief\modelrelief.test\bin\debug\netcoreapp2.0\modelrelief.test.dll" id="bc36d4ab-929b-41ca-aaef-0304e83aa586"><Execution id="cf9482fb-3959-4e7a-9982-623634252d5a" /><TestMethod codeBase="D:\ModelRelief\ModelRelief.test\bin\Debug\netcoreapp2.0\ModelRelief.Test.dll" adapterTypeName="executor://xunit/VsTestRunner2/netcoreapp" className="ModelRelief.Test.Integration.DepthBuffers.DepthBuffersFileIntegrationTests" name="PostFile_FileIsSynchronizedIsUpdatedAfterFileIsPosted" /></UnitTest><UnitTest name="Patch_InvalidReferencePropertyReturnsBadRequest" storage="d:\modelrelief\modelrelief.test\bin\debug\netcoreapp2.0\modelrelief.test.dll" id="2d5fafec-d663-4d5c-9190-2793a968d2a9"><Execution id="03c9aede-3d92-4369-8fc9-1f126d473ac5" /><TestMethod codeBase="D:\ModelRelief\ModelRelief.test\bin\Debug\netcoreapp2.0\ModelRelief.Test.dll" adapterTypeName="executor://xunit/VsTestRunner2/netcoreapp" className="ModelRelief.Test.Integration.Models.ModelsBaseIntegrationTests" name="Patch_InvalidReferencePropertyReturnsBadRequest" /></UnitTest><UnitTest name="Post_InvalidPropertyValueReturnsBadRequest" storage="d:\modelrelief\modelrelief.test\bin\debug\netcoreapp2.0\modelrelief.test.dll" id="06022488-99a8-40f8-a1e4-5c3c1ece9b61"><Execution id="31695dd9-3b3c-4156-aab3-dc876e049210" /><TestMethod codeBase="D:\ModelRelief\ModelRelief.test\bin\Debug\netcoreapp2.0\ModelRelief.Test.dll" adapterTypeName="executor://xunit/VsTestRunner2/netcoreapp" className="ModelRelief.Test.Integration.Projects.ProjectsBaseIntegrationTests" name="Post_InvalidPropertyValueReturnsBadRequest" /></UnitTest><UnitTest name="FileRequest_FileCanBeReadAfterRename" storage="d:\modelrelief\modelrelief.test\bin\debug\netcoreapp2.0\modelrelief.test.dll" id="5ba170ed-fc8c-402c-90e1-07473dc05cd7"><Execution id="44be4e22-9e3b-4af8-99bf-d8db3ff934d8" /><TestMethod codeBase="D:\ModelRelief\ModelRelief.test\bin\Debug\netcoreapp2.0\ModelRelief.Test.dll" adapterTypeName="executor://xunit/VsTestRunner2/netcoreapp" className="ModelRelief.Test.Integration.DepthBuffers.DepthBuffersFileIntegrationTests" name="FileRequest_FileCanBeReadAfterRename" /></UnitTest><UnitTest name="Patch_MultipleInvalidReferencePropertiesReturnsMultipleValidationErrorsAndBadRequest" storage="d:\modelrelief\modelrelief.test\bin\debug\netcoreapp2.0\modelrelief.test.dll" id="40a78a0f-5a39-4c1f-a5f2-b437be30cf02"><Execution id="127a7bf5-e348-4696-9746-518e5e365a8c" /><TestMethod codeBase="D:\ModelRelief\ModelRelief.test\bin\Debug\netcoreapp2.0\ModelRelief.Test.dll" adapterTypeName="executor://xunit/VsTestRunner2/netcoreapp" className="ModelRelief.Test.Integration.Meshes.MeshesBaseIntegrationTests" name="Patch_MultipleInvalidReferencePropertiesReturnsMultipleValidationErrorsAndBadRequest" /></UnitTest><UnitTest name="Patch_InvalidEnumPropertyValueReturnsBadRequest" storage="d:\modelrelief\modelrelief.test\bin\debug\netcoreapp2.0\modelrelief.test.dll" id="7c3b0e31-a076-42ab-b1ca-d6f40206ba1b"><Execution id="fae5a265-daaa-44fd-bbc2-129a9da71d7c" /><TestMethod codeBase="D:\ModelRelief\ModelRelief.test\bin\Debug\netcoreapp2.0\ModelRelief.Test.dll" adapterTypeName="executor://xunit/VsTestRunner2/netcoreapp" className="ModelRelief.Test.Integration.Models.ModelsBaseIntegrationTests" name="Patch_InvalidEnumPropertyValueReturnsBadRequest" /></UnitTest><UnitTest name="Patch_TargetPropertyIsUpdated" storage="d:\modelrelief\modelrelief.test\bin\debug\netcoreapp2.0\modelrelief.test.dll" id="ee6c9c63-4d0e-4e70-bfd1-5302af7b15d8"><Execution id="4e786813-7579-41c9-b19b-b9c16a1a26ab" /><TestMethod codeBase="D:\ModelRelief\ModelRelief.test\bin\Debug\netcoreapp2.0\ModelRelief.Test.dll" adapterTypeName="executor://xunit/VsTestRunner2/netcoreapp" className="ModelRelief.Test.Integration.Models.ModelsBaseIntegrationTests" name="Patch_TargetPropertyIsUpdated" /></UnitTest><UnitTest name="FileRequest_MeshIsInvalidatedAfterDepthBufferFileBecomesUnsynchronized" storage="d:\modelrelief\modelrelief.test\bin\debug\netcoreapp2.0\modelrelief.test.dll" id="05450225-0742-4517-8d49-950ae168a7b4"><Execution id="2d1d8a16-d28a-4869-92ba-1046f35dcfc0" /><TestMethod codeBase="D:\ModelRelief\ModelRelief.test\bin\Debug\netcoreapp2.0\ModelRelief.Test.dll" adapterTypeName="executor://xunit/VsTestRunner2/netcoreapp" className="ModelRelief.Test.Integration.Meshes.MeshesFileIntegrationTests" name="FileRequest_MeshIsInvalidatedAfterDepthBufferFileBecomesUnsynchronized" /></UnitTest><UnitTest name="Put_CanUpdateModel" storage="d:\modelrelief\modelrelief.test\bin\debug\netcoreapp2.0\modelrelief.test.dll" id="218dcbb0-2875-4f10-9393-788dac4297c6"><Execution id="97dbb591-5673-4849-8e51-3519d8216877" /><TestMethod codeBase="D:\ModelRelief\ModelRelief.test\bin\Debug\netcoreapp2.0\ModelRelief.Test.dll" adapterTypeName="executor://xunit/VsTestRunner2/netcoreapp" className="ModelRelief.Test.Integration.Meshes.MeshesBaseIntegrationTests" name="Put_CanUpdateModel" /></UnitTest><UnitTest name="PutFile_NewFileCanBePut" storage="d:\modelrelief\modelrelief.test\bin\debug\netcoreapp2.0\modelrelief.test.dll" id="a298e52b-a4df-45fa-864f-2c050d21e4f5"><Execution id="a69cfd11-00a0-4f97-b471-0a32acb1d718" /><TestMethod codeBase="D:\ModelRelief\ModelRelief.test\bin\Debug\netcoreapp2.0\ModelRelief.Test.dll" adapterTypeName="executor://xunit/VsTestRunner2/netcoreapp" className="ModelRelief.Test.Integration.Models.ModelsFileIntegrationTests" name="PutFile_NewFileCanBePut" /></UnitTest><UnitTest name="Put_ValidReferencePropertyUpdatesModel" storage="d:\modelrelief\modelrelief.test\bin\debug\netcoreapp2.0\modelrelief.test.dll" id="a67a7bab-c731-4b51-ad59-80c2367e16f6"><Execution id="1480b6c7-c10e-4115-b105-9bef9bcddee3" /><TestMethod codeBase="D:\ModelRelief\ModelRelief.test\bin\Debug\netcoreapp2.0\ModelRelief.Test.dll" adapterTypeName="executor://xunit/VsTestRunner2/netcoreapp" className="ModelRelief.Test.Integration.Meshes.MeshesBaseIntegrationTests" name="Put_ValidReferencePropertyUpdatesModel" /></UnitTest><UnitTest name="Put_ValidReferencePropertyUpdatesModel" storage="d:\modelrelief\modelrelief.test\bin\debug\netcoreapp2.0\modelrelief.test.dll" id="3139475b-f82b-4ef5-b5aa-afc32c75bfd1"><Execution id="2bcfc0c1-8001-41c6-ba13-223cc11db57b" /><TestMethod codeBase="D:\ModelRelief\ModelRelief.test\bin\Debug\netcoreapp2.0\ModelRelief.Test.dll" adapterTypeName="executor://xunit/VsTestRunner2/netcoreapp" className="ModelRelief.Test.Integration.Projects.ProjectsBaseIntegrationTests" name="Put_ValidReferencePropertyUpdatesModel" /></UnitTest><UnitTest name="GetFile_FileCanBeRoundTripped" storage="d:\modelrelief\modelrelief.test\bin\debug\netcoreapp2.0\modelrelief.test.dll" id="56a1a81b-4726-42a3-b72e-4e357eb2f48c"><Execution id="68bdae23-a4b3-46da-95e8-f315b36b55f3" /><TestMethod codeBase="D:\ModelRelief\ModelRelief.test\bin\Debug\netcoreapp2.0\ModelRelief.Test.dll" adapterTypeName="executor://xunit/VsTestRunner2/netcoreapp" className="ModelRelief.Test.Integration.Models.ModelsFileIntegrationTests" name="GetFile_FileCanBeRoundTripped" /></UnitTest><UnitTest name="GetSingle_InvalidIdPropertyValueReturnsNotFound" storage="d:\modelrelief\modelrelief.test\bin\debug\netcoreapp2.0\modelrelief.test.dll" id="f5f65abb-7bf4-4ded-a600-2bedfea82ded"><Execution id="142d5def-e7c1-46d4-bed9-584d12bdc26f" /><TestMethod codeBase="D:\ModelRelief\ModelRelief.test\bin\Debug\netcoreapp2.0\ModelRelief.Test.dll" adapterTypeName="executor://xunit/VsTestRunner2/netcoreapp" className="ModelRelief.Test.Integration.Projects.ProjectsBaseIntegrationTests" name="GetSingle_InvalidIdPropertyValueReturnsNotFound" /></UnitTest><UnitTest name="Patch_ValidReferencePropertyUpdatesModel" storage="d:\modelrelief\modelrelief.test\bin\debug\netcoreapp2.0\modelrelief.test.dll" id="b458ec16-4a40-4a14-8f4f-71b56e673db0"><Execution id="b99a627f-3684-42f7-bf04-0cc63c1beb60" /><TestMethod codeBase="D:\ModelRelief\ModelRelief.test\bin\Debug\netcoreapp2.0\ModelRelief.Test.dll" adapterTypeName="executor://xunit/VsTestRunner2/netcoreapp" className="ModelRelief.Test.Integration.Cameras.CamerasBaseIntegrationTests" name="Patch_ValidReferencePropertyUpdatesModel" /></UnitTest><UnitTest name="Delete_TargetModelIsDeleted" storage="d:\modelrelief\modelrelief.test\bin\debug\netcoreapp2.0\modelrelief.test.dll" id="9653d5c8-29f4-4612-9464-34135f7ade17"><Execution id="2bf636d1-fbe4-4d1c-a630-a7c739ed5d90" /><TestMethod codeBase="D:\ModelRelief\ModelRelief.test\bin\Debug\netcoreapp2.0\ModelRelief.Test.dll" adapterTypeName="executor://xunit/VsTestRunner2/netcoreapp" className="ModelRelief.Test.Integration.DepthBuffers.DepthBuffersBaseIntegrationTests" name="Delete_TargetModelIsDeleted" /></UnitTest><UnitTest name="Post_CanCreateNewModel" storage="d:\modelrelief\modelrelief.test\bin\debug\netcoreapp2.0\modelrelief.test.dll" id="0f737f14-be22-43cd-933a-b17a74eba27b"><Execution id="204a6eea-0cbf-4b89-af1d-772ccae38acd" /><TestMethod codeBase="D:\ModelRelief\ModelRelief.test\bin\Debug\netcoreapp2.0\ModelRelief.Test.dll" adapterTypeName="executor://xunit/VsTestRunner2/netcoreapp" className="ModelRelief.Test.Integration.MeshTransforms.MeshTransformsBaseIntegrationTests" name="Post_CanCreateNewModel" /></UnitTest><UnitTest name="Delete_TargetModelIsDeleted" storage="d:\modelrelief\modelrelief.test\bin\debug\netcoreapp2.0\modelrelief.test.dll" id="57f06a3d-01ad-43bb-8886-5fda55b542c7"><Execution id="d9109d81-de8f-491b-976d-18433909d6c2" /><TestMethod codeBase="D:\ModelRelief\ModelRelief.test\bin\Debug\netcoreapp2.0\ModelRelief.Test.dll" adapterTypeName="executor://xunit/VsTestRunner2/netcoreapp" className="ModelRelief.Test.Integration.Models.ModelsBaseIntegrationTests" name="Delete_TargetModelIsDeleted" /></UnitTest><UnitTest name="Patch_InvalidIdPropertyReturnsNotFound" storage="d:\modelrelief\modelrelief.test\bin\debug\netcoreapp2.0\modelrelief.test.dll" id="8d01506a-bc05-4c88-92e2-8e82c0c925ce"><Execution id="210438b1-1c53-4a63-b3dc-cebfadc2a9ce" /><TestMethod codeBase="D:\ModelRelief\ModelRelief.test\bin\Debug\netcoreapp2.0\ModelRelief.Test.dll" adapterTypeName="executor://xunit/VsTestRunner2/netcoreapp" className="ModelRelief.Test.Integration.Meshes.MeshesBaseIntegrationTests" name="Patch_InvalidIdPropertyReturnsNotFound" /></UnitTest><UnitTest name="Patch_MultipleInvalidReferencePropertiesReturnsMultipleValidationErrorsAndBadRequest" storage="d:\modelrelief\modelrelief.test\bin\debug\netcoreapp2.0\modelrelief.test.dll" id="76324ff9-012c-4ff6-938d-b4f9f640d97a"><Execution id="51361bff-b75a-4fed-a3ce-463f87636914" /><TestMethod codeBase="D:\ModelRelief\ModelRelief.test\bin\Debug\netcoreapp2.0\ModelRelief.Test.dll" adapterTypeName="executor://xunit/VsTestRunner2/netcoreapp" className="ModelRelief.Test.Integration.Cameras.CamerasBaseIntegrationTests" name="Patch_MultipleInvalidReferencePropertiesReturnsMultipleValidationErrorsAndBadRequest" /></UnitTest><UnitTest name="GetFile_ExistingFileReturnsSuccess" storage="d:\modelrelief\modelrelief.test\bin\debug\netcoreapp2.0\modelrelief.test.dll" id="a8fc67b5-51bf-4902-ad98-5964f906c22c"><Execution id="457af514-6de7-4152-9f45-45f0e07d3b87" /><TestMethod codeBase="D:\ModelRelief\ModelRelief.test\bin\Debug\netcoreapp2.0\ModelRelief.Test.dll" adapterTypeName="executor://xunit/VsTestRunner2/netcoreapp" className="ModelRelief.Test.Integration.DepthBuffers.DepthBuffersFileIntegrationTests" name="GetFile_ExistingFileReturnsSuccess" /></UnitTest><UnitTest name="Put_InvalidIdReturnsNotFound" storage="d:\modelrelief\modelrelief.test\bin\debug\netcoreapp2.0\modelrelief.test.dll" id="edb0df21-4215-490b-b68e-e20abec56987"><Execution id="50ed8605-eb78-47af-a594-0cdc397a409d" /><TestMethod codeBase="D:\ModelRelief\ModelRelief.test\bin\Debug\netcoreapp2.0\ModelRelief.Test.dll" adapterTypeName="executor://xunit/VsTestRunner2/netcoreapp" className="ModelRelief.Test.Integration.Meshes.MeshesBaseIntegrationTests" name="Put_InvalidIdReturnsNotFound" /></UnitTest><UnitTest name="Put_InvalidIdReturnsNotFound" storage="d:\modelrelief\modelrelief.test\bin\debug\netcoreapp2.0\modelrelief.test.dll" id="959fa525-696c-4c6e-8647-30cb9aab7931"><Execution id="acb34229-438c-4a5c-87ac-68cc10c530ae" /><TestMethod codeBase="D:\ModelRelief\ModelRelief.test\bin\Debug\netcoreapp2.0\ModelRelief.Test.dll" adapterTypeName="executor://xunit/VsTestRunner2/netcoreapp" className="ModelRelief.Test.Integration.Projects.ProjectsBaseIntegrationTests" name="Put_InvalidIdReturnsNotFound" /></UnitTest><UnitTest name="Patch_MultipleInvalidReferencePropertiesReturnsMultipleValidationErrorsAndBadRequest" storage="d:\modelrelief\modelrelief.test\bin\debug\netcoreapp2.0\modelrelief.test.dll" id="97d36832-a899-4b0e-967b-3d2110117215"><Execution id="e8df4fb7-c050-47c6-8422-5c6314bfd74f" /><TestMethod codeBase="D:\ModelRelief\ModelRelief.test\bin\Debug\netcoreapp2.0\ModelRelief.Test.dll" adapterTypeName="executor://xunit/VsTestRunner2/netcoreapp" className="ModelRelief.Test.Integration.DepthBuffers.DepthBuffersBaseIntegrationTests" name="Patch_MultipleInvalidReferencePropertiesReturnsMultipleValidationErrorsAndBadRequest" /></UnitTest><UnitTest name="PutFile_FileCanBeUpdated" storage="d:\modelrelief\modelrelief.test\bin\debug\netcoreapp2.0\modelrelief.test.dll" id="be7b55c8-aff7-42b3-92bd-158748cce186"><Execution id="f7ef2f81-eb3a-49e8-904e-5ef2003be6e9" /><TestMethod codeBase="D:\ModelRelief\ModelRelief.test\bin\Debug\netcoreapp2.0\ModelRelief.Test.dll" adapterTypeName="executor://xunit/VsTestRunner2/netcoreapp" className="ModelRelief.Test.Integration.Meshes.MeshesFileIntegrationTests" name="PutFile_FileCanBeUpdated" /></UnitTest><UnitTest name="GetFile_NonExistentFileReturnsNotFound" storage="d:\modelrelief\modelrelief.test\bin\debug\netcoreapp2.0\modelrelief.test.dll" id="31d90591-7d53-4264-a9f6-81b85ac792cb"><Execution id="ad86dc2f-f2d3-4570-b6a0-f5393f1ad43e" /><TestMethod codeBase="D:\ModelRelief\ModelRelief.test\bin\Debug\netcoreapp2.0\ModelRelief.Test.dll" adapterTypeName="executor://xunit/VsTestRunner2/netcoreapp" className="ModelRelief.Test.Integration.Meshes.MeshesFileIntegrationTests" name="GetFile_NonExistentFileReturnsNotFound" /></UnitTest><UnitTest name="GetFile_ExistingFileReturnsSuccess" storage="d:\modelrelief\modelrelief.test\bin\debug\netcoreapp2.0\modelrelief.test.dll" id="da6baefc-243b-490e-b83e-781a9ce326a4"><Execution id="7bb87e05-555c-4402-86aa-f21025cae63e" /><TestMethod codeBase="D:\ModelRelief\ModelRelief.test\bin\Debug\netcoreapp2.0\ModelRelief.Test.dll" adapterTypeName="executor://xunit/VsTestRunner2/netcoreapp" className="ModelRelief.Test.Integration.Models.ModelsFileIntegrationTests" name="GetFile_ExistingFileReturnsSuccess" /></UnitTest><UnitTest name="GetSingle_InvalidIdPropertyValueReturnsNotFound" storage="d:\modelrelief\modelrelief.test\bin\debug\netcoreapp2.0\modelrelief.test.dll" id="7745e0a1-6caf-4652-9f9e-3e4c043ed934"><Execution id="5805b889-065a-438f-8c41-cefc07cb37e9" /><TestMethod codeBase="D:\ModelRelief\ModelRelief.test\bin\Debug\netcoreapp2.0\ModelRelief.Test.dll" adapterTypeName="executor://xunit/VsTestRunner2/netcoreapp" className="ModelRelief.Test.Integration.MeshTransforms.MeshTransformsBaseIntegrationTests" name="GetSingle_InvalidIdPropertyValueReturnsNotFound" /></UnitTest><UnitTest name="Post_InvalidPropertyValueReturnsBadRequest" storage="d:\modelrelief\modelrelief.test\bin\debug\netcoreapp2.0\modelrelief.test.dll" id="72941f25-c68c-4a7a-9b4d-95cda2d9b9f7"><Execution id="e5179bc4-6843-4efe-8742-1d49d2c23dcb" /><TestMethod codeBase="D:\ModelRelief\ModelRelief.test\bin\Debug\netcoreapp2.0\ModelRelief.Test.dll" adapterTypeName="executor://xunit/VsTestRunner2/netcoreapp" className="ModelRelief.Test.Integration.Meshes.MeshesBaseIntegrationTests" name="Post_InvalidPropertyValueReturnsBadRequest" /></UnitTest><UnitTest name="Post_ValidReferencePropertyCreatesModel" storage="d:\modelrelief\modelrelief.test\bin\debug\netcoreapp2.0\modelrelief.test.dll" id="7b6f1d8a-ba1e-476c-95c2-801a2a5b0351"><Execution id="d01193c9-edba-492d-8b63-286d5f7e092a" /><TestMethod codeBase="D:\ModelRelief\ModelRelief.test\bin\Debug\netcoreapp2.0\ModelRelief.Test.dll" adapterTypeName="executor://xunit/VsTestRunner2/netcoreapp" className="ModelRelief.Test.Integration.Meshes.MeshesBaseIntegrationTests" name="Post_ValidReferencePropertyCreatesModel" /></UnitTest><UnitTest name="Put_InvalidIdReturnsNotFound" storage="d:\modelrelief\modelrelief.test\bin\debug\netcoreapp2.0\modelrelief.test.dll" id="0056bfd2-8f96-43e0-9384-abf220b841d4"><Execution id="98987a1f-240b-4918-910a-4dd345f2ce95" /><TestMethod codeBase="D:\ModelRelief\ModelRelief.test\bin\Debug\netcoreapp2.0\ModelRelief.Test.dll" adapterTypeName="executor://xunit/VsTestRunner2/netcoreapp" className="ModelRelief.Test.Integration.Cameras.CamerasBaseIntegrationTests" name="Put_InvalidIdReturnsNotFound" /></UnitTest><UnitTest name="GetList_ListReturnsCorrectCount" storage="d:\modelrelief\modelrelief.test\bin\debug\netcoreapp2.0\modelrelief.test.dll" id="8e15f7f7-80fe-4da3-b5b8-dddc7afab111"><Execution id="d6a46e25-304c-43e8-9e7a-2d75b3d9a880" /><TestMethod codeBase="D:\ModelRelief\ModelRelief.test\bin\Debug\netcoreapp2.0\ModelRelief.Test.dll" adapterTypeName="executor://xunit/VsTestRunner2/netcoreapp" className="ModelRelief.Test.Integration.Projects.ProjectsBaseIntegrationTests" name="GetList_ListReturnsCorrectCount" /></UnitTest><UnitTest name="Patch_InvalidPropertyNameReturnsBadRequest" storage="d:\modelrelief\modelrelief.test\bin\debug\netcoreapp2.0\modelrelief.test.dll" id="46c0d533-8f61-4d71-9aaf-f30a8903859a"><Execution id="b6da82bc-1caf-4246-b0f2-5dea8f31e897" /><TestMethod codeBase="D:\ModelRelief\ModelRelief.test\bin\Debug\netcoreapp2.0\ModelRelief.Test.dll" adapterTypeName="executor://xunit/VsTestRunner2/netcoreapp" className="ModelRelief.Test.Integration.MeshTransforms.MeshTransformsBaseIntegrationTests" name="Patch_InvalidPropertyNameReturnsBadRequest" /></UnitTest><UnitTest name="GetSingle_InvalidIdPropertyValueReturnsNotFound" storage="d:\modelrelief\modelrelief.test\bin\debug\netcoreapp2.0\modelrelief.test.dll" id="cbc0c487-503f-403b-b6d4-8d63f20d2a1b"><Execution id="18df350b-f113-4bca-83dd-40d4adb1edef" /><TestMethod codeBase="D:\ModelRelief\ModelRelief.test\bin\Debug\netcoreapp2.0\ModelRelief.Test.dll" adapterTypeName="executor://xunit/VsTestRunner2/netcoreapp" className="ModelRelief.Test.Integration.Meshes.MeshesBaseIntegrationTests" name="GetSingle_InvalidIdPropertyValueReturnsNotFound" /></UnitTest><UnitTest name="PutFile_NewFileCanBePut" storage="d:\modelrelief\modelrelief.test\bin\debug\netcoreapp2.0\modelrelief.test.dll" id="ea04e355-ee78-4443-83e7-91196f03777e"><Execution id="6d8e66bb-8583-4e0d-9449-7130bfd8d67f" /><TestMethod codeBase="D:\ModelRelief\ModelRelief.test\bin\Debug\netcoreapp2.0\ModelRelief.Test.dll" adapterTypeName="executor://xunit/VsTestRunner2/netcoreapp" className="ModelRelief.Test.Integration.DepthBuffers.DepthBuffersFileIntegrationTests" name="PutFile_NewFileCanBePut" /></UnitTest><UnitTest name="GetSingle_ValidIdPropertyValueReturnsCorrectModel" storage="d:\modelrelief\modelrelief.test\bin\debug\netcoreapp2.0\modelrelief.test.dll" id="2211b15d-cf5d-4648-9690-d0e3e01a5636"><Execution id="2f7a322c-195a-4a41-a870-f60b00e6592b" /><TestMethod codeBase="D:\ModelRelief\ModelRelief.test\bin\Debug\netcoreapp2.0\ModelRelief.Test.dll" adapterTypeName="executor://xunit/VsTestRunner2/netcoreapp" className="ModelRelief.Test.Integration.Models.ModelsBaseIntegrationTests" name="GetSingle_ValidIdPropertyValueReturnsCorrectModel" /></UnitTest><UnitTest name="GetFile_NonExistentFileReturnsNotFound" storage="d:\modelrelief\modelrelief.test\bin\debug\netcoreapp2.0\modelrelief.test.dll" id="63fe236e-84cb-4655-85a0-0d67a188b2c6"><Execution id="dd786aa9-4aab-47ab-9197-1cedb5872938" /><TestMethod codeBase="D:\ModelRelief\ModelRelief.test\bin\Debug\netcoreapp2.0\ModelRelief.Test.dll" adapterTypeName="executor://xunit/VsTestRunner2/netcoreapp" className="ModelRelief.Test.Integration.Models.ModelsFileIntegrationTests" name="GetFile_NonExistentFileReturnsNotFound" /></UnitTest><UnitTest name="Patch_InvalidIdPropertyReturnsNotFound" storage="d:\modelrelief\modelrelief.test\bin\debug\netcoreapp2.0\modelrelief.test.dll" id="9526c29d-a154-4e40-a936-f22dfad1796a"><Execution id="87fe6043-e788-4101-be60-c7dba7ff1c86" /><TestMethod codeBase="D:\ModelRelief\ModelRelief.test\bin\Debug\netcoreapp2.0\ModelRelief.Test.dll" adapterTypeName="executor://xunit/VsTestRunner2/netcoreapp" className="ModelRelief.Test.Integration.Models.ModelsBaseIntegrationTests" name="Patch_InvalidIdPropertyReturnsNotFound" /></UnitTest><UnitTest name="FileRequest_MeshGenerateSetsFileIsSynchronized" storage="d:\modelrelief\modelrelief.test\bin\debug\netcoreapp2.0\modelrelief.test.dll" id="9f2d6572-1ccb-4c9a-8ae5-fc946be9f974"><Execution id="5435a46b-a35d-45f7-944c-c7b15bc183e2" /><TestMethod codeBase="D:\ModelRelief\ModelRelief.test\bin\Debug\netcoreapp2.0\ModelRelief.Test.dll" adapterTypeName="executor://xunit/VsTestRunner2/netcoreapp" className="ModelRelief.Test.Integration.Meshes.MeshesFileIntegrationTests" name="FileRequest_MeshGenerateSetsFileIsSynchronized" /></UnitTest><UnitTest name="GetFile_FileCanBeRoundTripped" storage="d:\modelrelief\modelrelief.test\bin\debug\netcoreapp2.0\modelrelief.test.dll" id="9bc6d969-9f18-4bfd-88fb-cb3a18150228"><Execution id="d88b7c3e-9b51-4bf8-86c6-b16a86f58b18" /><TestMethod codeBase="D:\ModelRelief\ModelRelief.test\bin\Debug\netcoreapp2.0\ModelRelief.Test.dll" adapterTypeName="executor://xunit/VsTestRunner2/netcoreapp" className="ModelRelief.Test.Integration.DepthBuffers.DepthBuffersFileIntegrationTests" name="GetFile_FileCanBeRoundTripped" /></UnitTest><UnitTest name="Delete_TargetModelIsDeleted" storage="d:\modelrelief\modelrelief.test\bin\debug\netcoreapp2.0\modelrelief.test.dll" id="e8acd025-d602-4fd1-b5c3-aa82af541d09"><Execution id="81ee4cde-22b2-4fbb-afc6-771987a63840" /><TestMethod codeBase="D:\ModelRelief\ModelRelief.test\bin\Debug\netcoreapp2.0\ModelRelief.Test.dll" adapterTypeName="executor://xunit/VsTestRunner2/netcoreapp" className="ModelRelief.Test.Integration.Meshes.MeshesBaseIntegrationTests" name="Delete_TargetModelIsDeleted" /></UnitTest><UnitTest name="Put_CanUpdateModel" storage="d:\modelrelief\modelrelief.test\bin\debug\netcoreapp2.0\modelrelief.test.dll" id="6ca7df98-821b-4f8a-90c7-4d7e00366101"><Execution id="3391c2e5-19b5-4589-bab0-588f220b11e3" /><TestMethod codeBase="D:\ModelRelief\ModelRelief.test\bin\Debug\netcoreapp2.0\ModelRelief.Test.dll" adapterTypeName="executor://xunit/VsTestRunner2/netcoreapp" className="ModelRelief.Test.Integration.Cameras.CamerasBaseIntegrationTests" name="Put_CanUpdateModel" /></UnitTest><UnitTest name="Put_ValidReferencePropertyUpdatesModel" storage="d:\modelrelief\modelrelief.test\bin\debug\netcoreapp2.0\modelrelief.test.dll" id="fda827e5-fac8-46dd-b107-f50bb3860699"><Execution id="1c15d785-1468-4f49-82d2-f6bf4f6e9471" /><TestMethod codeBase="D:\ModelRelief\ModelRelief.test\bin\Debug\netcoreapp2.0\ModelRelief.Test.dll" adapterTypeName="executor://xunit/VsTestRunner2/netcoreapp" className="ModelRelief.Test.Integration.DepthBuffers.DepthBuffersBaseIntegrationTests" name="Put_ValidReferencePropertyUpdatesModel" /></UnitTest><UnitTest name="LucyDepthBufferFindsOneDependent" storage="d:\modelrelief\modelrelief.test\bin\debug\netcoreapp2.0\modelrelief.test.dll" id="f2387f55-7509-464b-97e6-8a344f68e0ad"><Execution id="c4448e71-2a33-4ac8-b9a5-2e1b3d8ba8bc" /><TestMethod codeBase="D:\ModelRelief\ModelRelief.test\bin\Debug\netcoreapp2.0\ModelRelief.Test.dll" adapterTypeName="executor://xunit/VsTestRunner2/netcoreapp" className="ModelRelief.Test.Unit.DependencyManager.DependencyManagerTests" name="LucyDepthBufferFindsOneDependent" /></UnitTest><UnitTest name="Put_InvalidReferencePropertyReturndBadRequest" storage="d:\modelrelief\modelrelief.test\bin\debug\netcoreapp2.0\modelrelief.test.dll" id="256aa878-212e-4373-9a2b-70c4d9179d87"><Execution id="198b1874-5a64-450e-b9ac-e538a7b57db8" /><TestMethod codeBase="D:\ModelRelief\ModelRelief.test\bin\Debug\netcoreapp2.0\ModelRelief.Test.dll" adapterTypeName="executor://xunit/VsTestRunner2/netcoreapp" className="ModelRelief.Test.Integration.Projects.ProjectsBaseIntegrationTests" name="Put_InvalidReferencePropertyReturndBadRequest" /></UnitTest><UnitTest name="Patch_InvalidReferencePropertyReturnsBadRequest" storage="d:\modelrelief\modelrelief.test\bin\debug\netcoreapp2.0\modelrelief.test.dll" id="206ea9c1-ee02-443b-bd5d-b440e0e045e8"><Execution id="24a373aa-b4cf-49c5-bc97-9f44ac4911c2" /><TestMethod codeBase="D:\ModelRelief\ModelRelief.test\bin\Debug\netcoreapp2.0\ModelRelief.Test.dll" adapterTypeName="executor://xunit/VsTestRunner2/netcoreapp" className="ModelRelief.Test.Integration.Cameras.CamerasBaseIntegrationTests" name="Patch_InvalidReferencePropertyReturnsBadRequest" /></UnitTest><UnitTest name="GetList_ListReturnsCorrectCount" storage="d:\modelrelief\modelrelief.test\bin\debug\netcoreapp2.0\modelrelief.test.dll" id="483fe844-e21a-4cf3-882f-e6a341052f5c"><Execution id="d9187767-7b20-495f-b3bd-7a0561a7b982" /><TestMethod codeBase="D:\ModelRelief\ModelRelief.test\bin\Debug\netcoreapp2.0\ModelRelief.Test.dll" adapterTypeName="executor://xunit/VsTestRunner2/netcoreapp" className="ModelRelief.Test.Integration.MeshTransforms.MeshTransformsBaseIntegrationTests" name="GetList_ListReturnsCorrectCount" /></UnitTest><UnitTest name="DepthBufferHasExpectedDependentFiles" storage="d:\modelrelief\modelrelief.test\bin\debug\netcoreapp2.0\modelrelief.test.dll" id="b329bcce-3649-47a8-bd41-b66d22ee683b"><Execution id="b9505014-3c9b-494a-b607-a1d824461242" /><TestMethod codeBase="D:\ModelRelief\ModelRelief.test\bin\Debug\netcoreapp2.0\ModelRelief.Test.dll" adapterTypeName="executor://xunit/VsTestRunner2/netcoreapp" className="ModelRelief.Test.Unit.DependencyManager.DependencyManagerTests" name="DepthBufferHasExpectedDependentFiles" /></UnitTest><UnitTest name="Patch_InvalidEnumPropertyValueReturnsBadRequest" storage="d:\modelrelief\modelrelief.test\bin\debug\netcoreapp2.0\modelrelief.test.dll" id="dd463dd4-432b-431f-858f-14c4491ad6d0"><Execution id="f3fd747e-b579-410f-86c8-ea403db10c6f" /><TestMethod codeBase="D:\ModelRelief\ModelRelief.test\bin\Debug\netcoreapp2.0\ModelRelief.Test.dll" adapterTypeName="executor://xunit/VsTestRunner2/netcoreapp" className="ModelRelief.Test.Integration.Cameras.CamerasBaseIntegrationTests" name="Patch_InvalidEnumPropertyValueReturnsBadRequest" /></UnitTest><UnitTest name="GetList_ListReturnsCorrectCount" storage="d:\modelrelief\modelrelief.test\bin\debug\netcoreapp2.0\modelrelief.test.dll" id="9ad695fe-b724-4271-80c1-5918b4d43fbd"><Execution id="806da0d7-ac1c-44d0-b3d2-a7ab18d09684" /><TestMethod codeBase="D:\ModelRelief\ModelRelief.test\bin\Debug\netcoreapp2.0\ModelRelief.Test.dll" adapterTypeName="executor://xunit/VsTestRunner2/netcoreapp" className="ModelRelief.Test.Integration.Meshes.MeshesBaseIntegrationTests" name="GetList_ListReturnsCorrectCount" /></UnitTest><UnitTest name="PostFile_FileTimeStampIsUpdatedAfterFileIsPosted" storage="d:\modelrelief\modelrelief.test\bin\debug\netcoreapp2.0\modelrelief.test.dll" id="e8d2ef93-ca3f-42da-8121-f7f589cf3d2b"><Execution id="48aa7a95-2360-4cf0-b848-7e6c330830f7" /><TestMethod codeBase="D:\ModelRelief\ModelRelief.test\bin\Debug\netcoreapp2.0\ModelRelief.Test.dll" adapterTypeName="executor://xunit/VsTestRunner2/netcoreapp" className="ModelRelief.Test.Integration.Meshes.MeshesFileIntegrationTests" name="PostFile_FileTimeStampIsUpdatedAfterFileIsPosted" /></UnitTest><UnitTest name="PostFile_FileTimeStampIsUpdatedAfterFileIsPosted" storage="d:\modelrelief\modelrelief.test\bin\debug\netcoreapp2.0\modelrelief.test.dll" id="16048189-b77f-4188-b88a-cc44ca8a9914"><Execution id="f9491ab5-953e-4dc4-9f07-b30f81df54d8" /><TestMethod codeBase="D:\ModelRelief\ModelRelief.test\bin\Debug\netcoreapp2.0\ModelRelief.Test.dll" adapterTypeName="executor://xunit/VsTestRunner2/netcoreapp" className="ModelRelief.Test.Integration.DepthBuffers.DepthBuffersFileIntegrationTests" name="PostFile_FileTimeStampIsUpdatedAfterFileIsPosted" /></UnitTest><UnitTest name="Patch_InvalidIdPropertyReturnsNotFound" storage="d:\modelrelief\modelrelief.test\bin\debug\netcoreapp2.0\modelrelief.test.dll" id="05fc7aac-b37e-46e0-a5f3-f70c3821d51e"><Execution id="4abf2c35-d794-43b0-a41f-4304d2644f64" /><TestMethod codeBase="D:\ModelRelief\ModelRelief.test\bin\Debug\netcoreapp2.0\ModelRelief.Test.dll" adapterTypeName="executor://xunit/VsTestRunner2/netcoreapp" className="ModelRelief.Test.Integration.MeshTransforms.MeshTransformsBaseIntegrationTests" name="Patch_InvalidIdPropertyReturnsNotFound" /></UnitTest><UnitTest name="PostFile_FileIsSynchronizedIsUpdatedAfterFileIsPosted" storage="d:\modelrelief\modelrelief.test\bin\debug\netcoreapp2.0\modelrelief.test.dll" id="89ecb0a0-18b7-47d0-9133-9ce47e373852"><Execution id="274b01ce-bac4-4e3d-b9c5-c22212db0eb4" /><TestMethod codeBase="D:\ModelRelief\ModelRelief.test\bin\Debug\netcoreapp2.0\ModelRelief.Test.dll" adapterTypeName="executor://xunit/VsTestRunner2/netcoreapp" className="ModelRelief.Test.Integration.Meshes.MeshesFileIntegrationTests" name="PostFile_FileIsSynchronizedIsUpdatedAfterFileIsPosted" /></UnitTest><UnitTest name="GetList_ListReturnsCorrectCount" storage="d:\modelrelief\modelrelief.test\bin\debug\netcoreapp2.0\modelrelief.test.dll" id="e48367e6-5cd4-4c0a-8b9f-57b83f8e21a6"><Execution id="d33f93a8-6fb1-4a84-a5e3-28f51f9fd1a1" /><TestMethod codeBase="D:\ModelRelief\ModelRelief.test\bin\Debug\netcoreapp2.0\ModelRelief.Test.dll" adapterTypeName="executor://xunit/VsTestRunner2/netcoreapp" className="ModelRelief.Test.Integration.DepthBuffers.DepthBuffersBaseIntegrationTests" name="GetList_ListReturnsCorrectCount" /></UnitTest><UnitTest name="GetFile_NonExistentFileReturnsNotFound" storage="d:\modelrelief\modelrelief.test\bin\debug\netcoreapp2.0\modelrelief.test.dll" id="4aad78ce-ad64-4fe4-b477-8661bd19c22b"><Execution id="9ebca0e4-7bf6-45fa-9969-875e05d20a3e" /><TestMethod codeBase="D:\ModelRelief\ModelRelief.test\bin\Debug\netcoreapp2.0\ModelRelief.Test.dll" adapterTypeName="executor://xunit/VsTestRunner2/netcoreapp" className="ModelRelief.Test.Integration.DepthBuffers.DepthBuffersFileIntegrationTests" name="GetFile_NonExistentFileReturnsNotFound" /></UnitTest><UnitTest name="GetSingle_ValidIdPropertyValueReturnsCorrectModel" storage="d:\modelrelief\modelrelief.test\bin\debug\netcoreapp2.0\modelrelief.test.dll" id="cbc4447a-2885-4c17-bf90-8987f4ad971e"><Execution id="4feac881-ffba-4f66-9dfa-e88992500c17" /><TestMethod codeBase="D:\ModelRelief\ModelRelief.test\bin\Debug\netcoreapp2.0\ModelRelief.Test.dll" adapterTypeName="executor://xunit/VsTestRunner2/netcoreapp" className="ModelRelief.Test.Integration.MeshTransforms.MeshTransformsBaseIntegrationTests" name="GetSingle_ValidIdPropertyValueReturnsCorrectModel" /></UnitTest><UnitTest name="GetSingle_ValidIdPropertyValueReturnsCorrectModel" storage="d:\modelrelief\modelrelief.test\bin\debug\netcoreapp2.0\modelrelief.test.dll" id="043e8470-4eb3-4022-9622-afcd1ca7746f"><Execution id="6a65be9e-e10f-42ac-bc8e-ce5b64d5eeb1" /><TestMethod codeBase="D:\ModelRelief\ModelRelief.test\bin\Debug\netcoreapp2.0\ModelRelief.Test.dll" adapterTypeName="executor://xunit/VsTestRunner2/netcoreapp" className="ModelRelief.Test.Integration.Meshes.MeshesBaseIntegrationTests" name="GetSingle_ValidIdPropertyValueReturnsCorrectModel" /></UnitTest><UnitTest name="Patch_InvalidPropertyNameReturnsBadRequest" storage="d:\modelrelief\modelrelief.test\bin\debug\netcoreapp2.0\modelrelief.test.dll" id="84076c82-b84f-43fb-803b-66006b7e7a79"><Execution id="1a29f349-27b5-4556-aac0-9d5fe2ac949f" /><TestMethod codeBase="D:\ModelRelief\ModelRelief.test\bin\Debug\netcoreapp2.0\ModelRelief.Test.dll" adapterTypeName="executor://xunit/VsTestRunner2/netcoreapp" className="ModelRelief.Test.Integration.Meshes.MeshesBaseIntegrationTests" name="Patch_InvalidPropertyNameReturnsBadRequest" /></UnitTest><UnitTest name="Put_InvalidReferencePropertyReturndBadRequest" storage="d:\modelrelief\modelrelief.test\bin\debug\netcoreapp2.0\modelrelief.test.dll" id="59598a67-6857-46a6-a395-68f6c9406d3f"><Execution id="f96c3bbd-4d8c-402c-b31b-89bad0780eb6" /><TestMethod codeBase="D:\ModelRelief\ModelRelief.test\bin\Debug\netcoreapp2.0\ModelRelief.Test.dll" adapterTypeName="executor://xunit/VsTestRunner2/netcoreapp" className="ModelRelief.Test.Integration.Meshes.MeshesBaseIntegrationTests" name="Put_InvalidReferencePropertyReturndBadRequest" /></UnitTest><UnitTest name="Patch_InvalidReferencePropertyReturnsBadRequest" storage="d:\modelrelief\modelrelief.test\bin\debug\netcoreapp2.0\modelrelief.test.dll" id="cd8eaecc-39ee-41fa-9971-68742865917d"><Execution id="5ac9e7f6-8361-4ced-ab4c-8fdd114f387d" /><TestMethod codeBase="D:\ModelRelief\ModelRelief.test\bin\Debug\netcoreapp2.0\ModelRelief.Test.dll" adapterTypeName="executor://xunit/VsTestRunner2/netcoreapp" className="ModelRelief.Test.Integration.Meshes.MeshesBaseIntegrationTests" name="Patch_InvalidReferencePropertyReturnsBadRequest" /></UnitTest><UnitTest name="Patch_InvalidReferencePropertyReturnsBadRequest" storage="d:\modelrelief\modelrelief.test\bin\debug\netcoreapp2.0\modelrelief.test.dll" id="5c387584-1b56-465f-9db9-3e760012c151"><Execution id="709cf566-cac5-49aa-bfed-4e6604e7d791" /><TestMethod codeBase="D:\ModelRelief\ModelRelief.test\bin\Debug\netcoreapp2.0\ModelRelief.Test.dll" adapterTypeName="executor://xunit/VsTestRunner2/netcoreapp" className="ModelRelief.Test.Integration.Projects.ProjectsBaseIntegrationTests" name="Patch_InvalidReferencePropertyReturnsBadRequest" /></UnitTest><UnitTest name="FileRequest_FileCanBeReadAfterRename" storage="d:\modelrelief\modelrelief.test\bin\debug\netcoreapp2.0\modelrelief.test.dll" id="5cbb36e3-5fdc-40c3-9d1e-4a8af85c2435"><Execution id="0f94097b-4f89-4830-b2b3-48733b03ae6f" /><TestMethod codeBase="D:\ModelRelief\ModelRelief.test\bin\Debug\netcoreapp2.0\ModelRelief.Test.dll" adapterTypeName="executor://xunit/VsTestRunner2/netcoreapp" className="ModelRelief.Test.Integration.Meshes.MeshesFileIntegrationTests" name="FileRequest_FileCanBeReadAfterRename" /></UnitTest><UnitTest name="Post_InvalidPropertyValueReturnsBadRequest" storage="d:\modelrelief\modelrelief.test\bin\debug\netcoreapp2.0\modelrelief.test.dll" id="3cbfee15-e4cc-4938-a644-67dc6cbffe02"><Execution id="696a9ba4-1b62-4094-b477-6ed1d7f205f9" /><TestMethod codeBase="D:\ModelRelief\ModelRelief.test\bin\Debug\netcoreapp2.0\ModelRelief.Test.dll" adapterTypeName="executor://xunit/VsTestRunner2/netcoreapp" className="ModelRelief.Test.Integration.MeshTransforms.MeshTransformsBaseIntegrationTests" name="Post_InvalidPropertyValueReturnsBadRequest" /></UnitTest><UnitTest name="LucyCameraFindsAllDependents" storage="d:\modelrelief\modelrelief.test\bin\debug\netcoreapp2.0\modelrelief.test.dll" id="028d1936-2ee4-4006-8fd8-5734c58e2b5b"><Execution id="dcd62b00-45f0-477e-8720-f5eb74355791" /><TestMethod codeBase="D:\ModelRelief\ModelRelief.test\bin\Debug\netcoreapp2.0\ModelRelief.Test.dll" adapterTypeName="executor://xunit/VsTestRunner2/netcoreapp" className="ModelRelief.Test.Unit.DependencyManager.DependencyManagerTests" name="LucyCameraFindsAllDependents" /></UnitTest><UnitTest name="Put_CanUpdateModel" storage="d:\modelrelief\modelrelief.test\bin\debug\netcoreapp2.0\modelrelief.test.dll" id="c023a5ff-09f8-470c-99c0-d66c90c52ddb"><Execution id="dc96db57-a119-4f50-ab7f-208494f58957" /><TestMethod codeBase="D:\ModelRelief\ModelRelief.test\bin\Debug\netcoreapp2.0\ModelRelief.Test.dll" adapterTypeName="executor://xunit/VsTestRunner2/netcoreapp" className="ModelRelief.Test.Integration.DepthBuffers.DepthBuffersBaseIntegrationTests" name="Put_CanUpdateModel" /></UnitTest><UnitTest name="Put_ValidReferencePropertyUpdatesModel" storage="d:\modelrelief\modelrelief.test\bin\debug\netcoreapp2.0\modelrelief.test.dll" id="de631614-f435-4da7-95ed-f2144cbc261e"><Execution id="b6aa0dc6-99fe-4e9a-a4f1-a3e91c88b952" /><TestMethod codeBase="D:\ModelRelief\ModelRelief.test\bin\Debug\netcoreapp2.0\ModelRelief.Test.dll" adapterTypeName="executor://xunit/VsTestRunner2/netcoreapp" className="ModelRelief.Test.Integration.Cameras.CamerasBaseIntegrationTests" name="Put_ValidReferencePropertyUpdatesModel" /></UnitTest><UnitTest name="Patch_InvalidReferencePropertyReturnsBadRequest" storage="d:\modelrelief\modelrelief.test\bin\debug\netcoreapp2.0\modelrelief.test.dll" id="55b95702-06ef-48f7-9352-8fae672ef949"><Execution id="c365d040-bc90-438d-b2be-64ea20325a9e" /><TestMethod codeBase="D:\ModelRelief\ModelRelief.test\bin\Debug\netcoreapp2.0\ModelRelief.Test.dll" adapterTypeName="executor://xunit/VsTestRunner2/netcoreapp" className="ModelRelief.Test.Integration.MeshTransforms.MeshTransformsBaseIntegrationTests" name="Patch_InvalidReferencePropertyReturnsBadRequest" /></UnitTest><UnitTest name="GetList_ListReturnsCorrectCount" storage="d:\modelrelief\modelrelief.test\bin\debug\netcoreapp2.0\modelrelief.test.dll" id="80f577b2-b03a-4b16-929e-c0a557fdde80"><Execution id="c05a47f3-b4e8-4f18-a1df-eee988cf67bb" /><TestMethod codeBase="D:\ModelRelief\ModelRelief.test\bin\Debug\netcoreapp2.0\ModelRelief.Test.dll" adapterTypeName="executor://xunit/VsTestRunner2/netcoreapp" className="ModelRelief.Test.Integration.Models.ModelsBaseIntegrationTests" name="GetList_ListReturnsCorrectCount" /></UnitTest><UnitTest name="Put_InvalidReferencePropertyReturndBadRequest" storage="d:\modelrelief\modelrelief.test\bin\debug\netcoreapp2.0\modelrelief.test.dll" id="3418ebb6-fb18-4254-9f31-14af88719c6b"><Execution id="4463cfc4-c628-4f1d-97c3-04fdb9d2b14f" /><TestMethod codeBase="D:\ModelRelief\ModelRelief.test\bin\Debug\netcoreapp2.0\ModelRelief.Test.dll" adapterTypeName="executor://xunit/VsTestRunner2/netcoreapp" className="ModelRelief.Test.Integration.DepthBuffers.DepthBuffersBaseIntegrationTests" name="Put_InvalidReferencePropertyReturndBadRequest" /></UnitTest><UnitTest name="Put_InvalidReferencePropertyReturndBadRequest" storage="d:\modelrelief\modelrelief.test\bin\debug\netcoreapp2.0\modelrelief.test.dll" id="5ecc7309-2deb-401d-8087-d0216f12d966"><Execution id="ed13349a-c12a-4036-b461-a8d3f8cfd3ec" /><TestMethod codeBase="D:\ModelRelief\ModelRelief.test\bin\Debug\netcoreapp2.0\ModelRelief.Test.dll" adapterTypeName="executor://xunit/VsTestRunner2/netcoreapp" className="ModelRelief.Test.Integration.MeshTransforms.MeshTransformsBaseIntegrationTests" name="Put_InvalidReferencePropertyReturndBadRequest" /></UnitTest></TestDefinitions><TestEntries><TestEntry testId="63fe236e-84cb-4655-85a0-0d67a188b2c6" executionId="dd786aa9-4aab-47ab-9197-1cedb5872938" testListId="8c84fa94-04c1-424b-9868-57a2d4851a1d" /><TestEntry testId="c75ae58e-c2fe-4000-8417-0d97ef189a31" executionId="e7a5fa06-1720-4b2c-b62f-0ca9251d5093" testListId="8c84fa94-04c1-424b-9868-57a2d4851a1d" /><TestEntry testId="f4f2cf3f-0804-47f1-b380-9d52618acc33" executionId="902f757c-b5d0-4b05-b49c-60d743728429" testListId="8c84fa94-04c1-424b-9868-57a2d4851a1d" /><TestEntry testId="97d750ce-7fce-4e4c-be02-c05f35257038" executionId="0b2ad74d-d937-4adb-9413-1efb156ac3fb" testListId="8c84fa94-04c1-424b-9868-57a2d4851a1d" /><TestEntry testId="0ff44275-339c-4732-afc1-cd148511c0df" executionId="4912815a-ba09-4f11-a919-037e7f2fc87b" testListId="8c84fa94-04c1-424b-9868-57a2d4851a1d" /><TestEntry testId="83cb4e60-894e-43de-b983-4b75e352c95b" executionId="8e3ed76c-3b31-40ac-8a0c-56cb5a6a9723" testListId="8c84fa94-04c1-424b-9868-57a2d4851a1d" /><TestEntry testId="1f02f4df-7650-4e3f-8e8f-8d6081ad5b7e" executionId="b9ad6724-4770-4243-bf50-56ffa28e458a" testListId="8c84fa94-04c1-424b-9868-57a2d4851a1d" /><TestEntry testId="cbc4447a-2885-4c17-bf90-8987f4ad971e" executionId="4feac881-ffba-4f66-9dfa-e88992500c17" testListId="8c84fa94-04c1-424b-9868-57a2d4851a1d" /><TestEntry testId="da6baefc-243b-490e-b83e-781a9ce326a4" executionId="7bb87e05-555c-4402-86aa-f21025cae63e" testListId="8c84fa94-04c1-424b-9868-57a2d4851a1d" /><TestEntry testId="043e8470-4eb3-4022-9622-afcd1ca7746f" executionId="6a65be9e-e10f-42ac-bc8e-ce5b64d5eeb1" testListId="8c84fa94-04c1-424b-9868-57a2d4851a1d" /><TestEntry testId="f2387f55-7509-464b-97e6-8a344f68e0ad" executionId="c4448e71-2a33-4ac8-b9a5-2e1b3d8ba8bc" testListId="8c84fa94-04c1-424b-9868-57a2d4851a1d" /><TestEntry testId="439d4b55-cf42-4c07-ad83-827a885f94db" executionId="b66163df-d1bc-4001-8b46-46802809a72d" testListId="8c84fa94-04c1-424b-9868-57a2d4851a1d" /><TestEntry testId="ea04e355-ee78-4443-83e7-91196f03777e" executionId="6d8e66bb-8583-4e0d-9449-7130bfd8d67f" testListId="8c84fa94-04c1-424b-9868-57a2d4851a1d" /><TestEntry testId="de631614-f435-4da7-95ed-f2144cbc261e" executionId="b6aa0dc6-99fe-4e9a-a4f1-a3e91c88b952" testListId="8c84fa94-04c1-424b-9868-57a2d4851a1d" /><TestEntry testId="256aa878-212e-4373-9a2b-70c4d9179d87" executionId="198b1874-5a64-450e-b9ac-e538a7b57db8" testListId="8c84fa94-04c1-424b-9868-57a2d4851a1d" /><TestEntry testId="56a1a81b-4726-42a3-b72e-4e357eb2f48c" executionId="68bdae23-a4b3-46da-95e8-f315b36b55f3" testListId="8c84fa94-04c1-424b-9868-57a2d4851a1d" /><TestEntry testId="6a4b9f57-878f-4c61-9b54-9fd987f654f2" executionId="51444cad-ae7e-4995-8229-9f6ba2b5f84b" testListId="8c84fa94-04c1-424b-9868-57a2d4851a1d" /><TestEntry testId="5ba170ed-fc8c-402c-90e1-07473dc05cd7" executionId="44be4e22-9e3b-4af8-99bf-d8db3ff934d8" testListId="8c84fa94-04c1-424b-9868-57a2d4851a1d" /><TestEntry testId="563a6d3d-1a1e-4b59-a357-446f842a88f0" executionId="4294da3b-ee83-410d-bc80-7cef6c47ac58" testListId="8c84fa94-04c1-424b-9868-57a2d4851a1d" /><TestEntry testId="05fc7aac-b37e-46e0-a5f3-f70c3821d51e" executionId="4abf2c35-d794-43b0-a41f-4304d2644f64" testListId="8c84fa94-04c1-424b-9868-57a2d4851a1d" /><TestEntry testId="365aa01c-3574-4b43-a3ec-72758079179e" executionId="68b492bd-b141-4d24-9446-3aeb81500286" testListId="8c84fa94-04c1-424b-9868-57a2d4851a1d" /><TestEntry testId="9ad695fe-b724-4271-80c1-5918b4d43fbd" executionId="806da0d7-ac1c-44d0-b3d2-a7ab18d09684" testListId="8c84fa94-04c1-424b-9868-57a2d4851a1d" /><TestEntry testId="a8fc67b5-51bf-4902-ad98-5964f906c22c" executionId="457af514-6de7-4152-9f45-45f0e07d3b87" testListId="8c84fa94-04c1-424b-9868-57a2d4851a1d" /><TestEntry testId="40a78a0f-5a39-4c1f-a5f2-b437be30cf02" executionId="127a7bf5-e348-4696-9746-518e5e365a8c" testListId="8c84fa94-04c1-424b-9868-57a2d4851a1d" /><TestEntry testId="f5f65abb-7bf4-4ded-a600-2bedfea82ded" executionId="142d5def-e7c1-46d4-bed9-584d12bdc26f" testListId="8c84fa94-04c1-424b-9868-57a2d4851a1d" /><TestEntry testId="06022488-99a8-40f8-a1e4-5c3c1ece9b61" executionId="31695dd9-3b3c-4156-aab3-dc876e049210" testListId="8c84fa94-04c1-424b-9868-57a2d4851a1d" /><TestEntry testId="108cd5bd-f842-4950-90a7-b2ec70c3c898" executionId="1c28582e-036c-48a8-aaa0-83a8974cdfc7" testListId="8c84fa94-04c1-424b-9868-57a2d4851a1d" /><TestEntry testId="d04164db-9cb7-43cc-9fd6-e593e12199a8" executionId="e2db4b90-cf15-4971-935d-79954351eff9" testListId="8c84fa94-04c1-424b-9868-57a2d4851a1d" /><TestEntry testId="0056bfd2-8f96-43e0-9384-abf220b841d4" executionId="98987a1f-240b-4918-910a-4dd345f2ce95" testListId="8c84fa94-04c1-424b-9868-57a2d4851a1d" /><TestEntry testId="2cd81888-886d-4b65-88e0-8aa57fc0f791" executionId="bc43ef5c-82d1-4962-81c9-2c1d229d311f" testListId="8c84fa94-04c1-424b-9868-57a2d4851a1d" /><TestEntry testId="eb56b636-f2fa-40c0-ad08-72cfd1054c72" executionId="e80d144e-8046-4bc4-bf94-085a93aa04c3" testListId="8c84fa94-04c1-424b-9868-57a2d4851a1d" /><TestEntry testId="10dea785-2b41-46c5-98d8-73d85acd3417" executionId="52eaf2de-9efc-43db-bb29-c8c8ab25fe16" testListId="8c84fa94-04c1-424b-9868-57a2d4851a1d" /><TestEntry testId="959fa525-696c-4c6e-8647-30cb9aab7931" executionId="acb34229-438c-4a5c-87ac-68cc10c530ae" testListId="8c84fa94-04c1-424b-9868-57a2d4851a1d" /><TestEntry testId="d72021f0-2528-412a-8472-58a764f7968d" executionId="9736fc85-c839-44ae-b637-55f943264f07" testListId="8c84fa94-04c1-424b-9868-57a2d4851a1d" /><TestEntry testId="f0f6fd68-8b8e-4001-8182-4627d5c080d3" executionId="3d59d0fa-62fb-48e5-b86c-e837d74621b9" testListId="8c84fa94-04c1-424b-9868-57a2d4851a1d" /><TestEntry testId="8306500b-29bb-4753-9421-e8c17172b689" executionId="428ea21f-2a4f-42a7-a225-0d07edbf44cf" testListId="8c84fa94-04c1-424b-9868-57a2d4851a1d" /><TestEntry testId="e51a485e-ffd6-4d92-b1ae-cf8108632302" executionId="6a454f3f-4d39-425f-a9c6-9975f125c845" testListId="8c84fa94-04c1-424b-9868-57a2d4851a1d" /><TestEntry testId="5cbb36e3-5fdc-40c3-9d1e-4a8af85c2435" executionId="0f94097b-4f89-4830-b2b3-48733b03ae6f" testListId="8c84fa94-04c1-424b-9868-57a2d4851a1d" /><TestEntry testId="384b9738-1d5c-4f51-b301-3bec7ed0e112" executionId="d5093353-3b10-44c5-8cd4-8787e0704f4d" testListId="8c84fa94-04c1-424b-9868-57a2d4851a1d" /><TestEntry testId="06df9524-3bce-4c9b-b36b-fc29c1d3cd56" executionId="f9a23325-b07c-42cc-9096-70ee3c8246a8" testListId="8c84fa94-04c1-424b-9868-57a2d4851a1d" /><TestEntry testId="00de2658-e4ec-4ac7-8306-967e0a0b0cce" executionId="e660e267-a075-44b8-9b58-7d6dd4ea5d38" testListId="8c84fa94-04c1-424b-9868-57a2d4851a1d" /><TestEntry testId="9bc6d969-9f18-4bfd-88fb-cb3a18150228" executionId="d88b7c3e-9b51-4bf8-86c6-b16a86f58b18" testListId="8c84fa94-04c1-424b-9868-57a2d4851a1d" /><TestEntry testId="e8acd025-d602-4fd1-b5c3-aa82af541d09" executionId="81ee4cde-22b2-4fbb-afc6-771987a63840" testListId="8c84fa94-04c1-424b-9868-57a2d4851a1d" /><TestEntry testId="76324ff9-012c-4ff6-938d-b4f9f640d97a" executionId="51361bff-b75a-4fed-a3ce-463f87636914" testListId="8c84fa94-04c1-424b-9868-57a2d4851a1d" /><TestEntry testId="513b0d1a-3e18-4959-88a0-25aa6702dde7" executionId="12816fd8-841f-4e4e-80da-2c219c428721" testListId="8c84fa94-04c1-424b-9868-57a2d4851a1d" /><TestEntry testId="be7b55c8-aff7-42b3-92bd-158748cce186" executionId="f7ef2f81-eb3a-49e8-904e-5ef2003be6e9" testListId="8c84fa94-04c1-424b-9868-57a2d4851a1d" /><TestEntry testId="934555fa-1026-46e1-b4da-7072a18a0eab" executionId="7e6188ac-f62f-4665-835c-9eebe2244f61" testListId="8c84fa94-04c1-424b-9868-57a2d4851a1d" /><TestEntry testId="ca272485-251c-4b9b-ae2d-8294663b92ff" executionId="a15fd6b6-7f81-47e4-8eb7-d273774087d4" testListId="8c84fa94-04c1-424b-9868-57a2d4851a1d" /><TestEntry testId="9653d5c8-29f4-4612-9464-34135f7ade17" executionId="2bf636d1-fbe4-4d1c-a630-a7c739ed5d90" testListId="8c84fa94-04c1-424b-9868-57a2d4851a1d" /><TestEntry testId="7745e0a1-6caf-4652-9f9e-3e4c043ed934" executionId="5805b889-065a-438f-8c41-cefc07cb37e9" testListId="8c84fa94-04c1-424b-9868-57a2d4851a1d" /><TestEntry testId="7c3b0e31-a076-42ab-b1ca-d6f40206ba1b" executionId="fae5a265-daaa-44fd-bbc2-129a9da71d7c" testListId="8c84fa94-04c1-424b-9868-57a2d4851a1d" /><TestEntry testId="fed4255d-7044-40f0-b352-ffc263474276" executionId="04ef8f11-1de1-43c0-a6f0-2b2ebc321721" testListId="8c84fa94-04c1-424b-9868-57a2d4851a1d" /><TestEntry testId="a67a7bab-c731-4b51-ad59-80c2367e16f6" executionId="1480b6c7-c10e-4115-b105-9bef9bcddee3" testListId="8c84fa94-04c1-424b-9868-57a2d4851a1d" /><TestEntry testId="e48347e2-6b20-476f-9ee1-c7dc4ccdb02d" executionId="88311276-3a25-4f5e-9945-c3c7606bf8c7" testListId="8c84fa94-04c1-424b-9868-57a2d4851a1d" /><TestEntry testId="72941f25-c68c-4a7a-9b4d-95cda2d9b9f7" executionId="e5179bc4-6843-4efe-8742-1d49d2c23dcb" testListId="8c84fa94-04c1-424b-9868-57a2d4851a1d" /><TestEntry testId="218dcbb0-2875-4f10-9393-788dac4297c6" executionId="97dbb591-5673-4849-8e51-3519d8216877" testListId="8c84fa94-04c1-424b-9868-57a2d4851a1d" /><TestEntry testId="9526c29d-a154-4e40-a936-f22dfad1796a" executionId="87fe6043-e788-4101-be60-c7dba7ff1c86" testListId="8c84fa94-04c1-424b-9868-57a2d4851a1d" /><TestEntry testId="2211b15d-cf5d-4648-9690-d0e3e01a5636" executionId="2f7a322c-195a-4a41-a870-f60b00e6592b" testListId="8c84fa94-04c1-424b-9868-57a2d4851a1d" /><TestEntry testId="41d06a72-ad42-4ea2-a57c-5682759b985d" executionId="91f69b49-1479-4af3-bde1-ba81c4440e96" testListId="8c84fa94-04c1-424b-9868-57a2d4851a1d" /><TestEntry testId="5c387584-1b56-465f-9db9-3e760012c151" executionId="709cf566-cac5-49aa-bfed-4e6604e7d791" testListId="8c84fa94-04c1-424b-9868-57a2d4851a1d" /><TestEntry testId="5ecc7309-2deb-401d-8087-d0216f12d966" executionId="ed13349a-c12a-4036-b461-a8d3f8cfd3ec" testListId="8c84fa94-04c1-424b-9868-57a2d4851a1d" /><TestEntry testId="7b6f1d8a-ba1e-476c-95c2-801a2a5b0351" executionId="d01193c9-edba-492d-8b63-286d5f7e092a" testListId="8c84fa94-04c1-424b-9868-57a2d4851a1d" /><TestEntry testId="c8472e8e-33ed-4d74-8ad3-748fac16dbd2" executionId="6651d461-7093-46c6-bed0-d458c54371e4" testListId="8c84fa94-04c1-424b-9868-57a2d4851a1d" /><TestEntry testId="55b95702-06ef-48f7-9352-8fae672ef949" executionId="c365d040-bc90-438d-b2be-64ea20325a9e" testListId="8c84fa94-04c1-424b-9868-57a2d4851a1d" /><TestEntry testId="03ba5343-a0a9-4299-aaf2-59ff37d23c98" executionId="1da40563-33b8-43c8-8588-8daa040ff40f" testListId="8c84fa94-04c1-424b-9868-57a2d4851a1d" /><TestEntry testId="d80b3b14-0687-405c-a9fd-9286579b1c2e" executionId="3c5fc87b-296f-424f-97a3-d067ff9f562b" testListId="8c84fa94-04c1-424b-9868-57a2d4851a1d" /><TestEntry testId="9519b472-5ded-4cc8-8eff-df1fc544c26c" executionId="d735cb45-1f70-47c0-abe6-52ed71c92109" testListId="8c84fa94-04c1-424b-9868-57a2d4851a1d" /><TestEntry testId="0f737f14-be22-43cd-933a-b17a74eba27b" executionId="204a6eea-0cbf-4b89-af1d-772ccae38acd" testListId="8c84fa94-04c1-424b-9868-57a2d4851a1d" /><TestEntry testId="4e7cf9fb-29d6-43f9-8f6b-2927578e3555" executionId="3cb579f9-7b57-42c2-bf3a-afb62e10d9a3" testListId="8c84fa94-04c1-424b-9868-57a2d4851a1d" /><TestEntry testId="b458ec16-4a40-4a14-8f4f-71b56e673db0" executionId="b99a627f-3684-42f7-bf04-0cc63c1beb60" testListId="8c84fa94-04c1-424b-9868-57a2d4851a1d" /><TestEntry testId="19c0ef02-f6c2-4797-b5bc-abd233f24e50" executionId="c9daa751-cb67-467a-9d20-39711692683d" testListId="8c84fa94-04c1-424b-9868-57a2d4851a1d" /><TestEntry testId="6c428eac-fd6e-48e5-bdb6-0274c9ed3afd" executionId="a03f48c8-3ccf-409d-8be3-2dc933250002" testListId="8c84fa94-04c1-424b-9868-57a2d4851a1d" /><TestEntry testId="6ca7df98-821b-4f8a-90c7-4d7e00366101" executionId="3391c2e5-19b5-4589-bab0-588f220b11e3" testListId="8c84fa94-04c1-424b-9868-57a2d4851a1d" /><TestEntry testId="89ecb0a0-18b7-47d0-9133-9ce47e373852" executionId="274b01ce-bac4-4e3d-b9c5-c22212db0eb4" testListId="8c84fa94-04c1-424b-9868-57a2d4851a1d" /><TestEntry testId="5fddcf5c-6d3a-4509-92bf-6ca331590ac0" executionId="cefc1a86-e9d9-46fa-a4d5-fbafd2f2d9cf" testListId="8c84fa94-04c1-424b-9868-57a2d4851a1d" /><TestEntry testId="3cbfee15-e4cc-4938-a644-67dc6cbffe02" executionId="696a9ba4-1b62-4094-b477-6ed1d7f205f9" testListId="8c84fa94-04c1-424b-9868-57a2d4851a1d" /><TestEntry testId="daa506d7-5ea7-4ffe-8b65-2197f6161dc2" executionId="9d8200ad-d80f-4291-9eb4-e16b4610b4d6" testListId="8c84fa94-04c1-424b-9868-57a2d4851a1d" /><TestEntry testId="57f06a3d-01ad-43bb-8886-5fda55b542c7" executionId="d9109d81-de8f-491b-976d-18433909d6c2" testListId="8c84fa94-04c1-424b-9868-57a2d4851a1d" /><TestEntry testId="3291c49d-e419-4ee1-bfc6-ec20ef2d987d" executionId="64a78cff-c233-447d-9f65-abc3bebc8184" testListId="8c84fa94-04c1-424b-9868-57a2d4851a1d" /><TestEntry testId="fd788599-1e0b-47eb-8a18-92251d086c89" executionId="3c8d5ba8-2675-4647-8954-5ed696e7b371" testListId="8c84fa94-04c1-424b-9868-57a2d4851a1d" /><TestEntry testId="ee6c9c63-4d0e-4e70-bfd1-5302af7b15d8" executionId="4e786813-7579-41c9-b19b-b9c16a1a26ab" testListId="8c84fa94-04c1-424b-9868-57a2d4851a1d" /><TestEntry testId="b23052ef-7c97-4ec9-89dc-7928a7057e9f" executionId="b7e1a116-9d54-438a-8101-4296fc879f62" testListId="8c84fa94-04c1-424b-9868-57a2d4851a1d" /><TestEntry testId="d0ff5da4-b4e9-42db-a946-b90a41968594" executionId="7e74c263-0553-43c5-a913-e9a53ae4ac10" testListId="8c84fa94-04c1-424b-9868-57a2d4851a1d" /><TestEntry testId="9464ff91-b2dc-4dc1-a4cf-ffd0ba269246" executionId="d918d905-2529-40e4-8ddb-3fe9ca7dbd82" testListId="8c84fa94-04c1-424b-9868-57a2d4851a1d" /><TestEntry testId="40710c23-fd2d-47b7-bb7e-2391b6d99f2d" executionId="016b169b-bd64-4d4e-aef3-c41bf115125d" testListId="8c84fa94-04c1-424b-9868-57a2d4851a1d" /><TestEntry testId="80233612-bf23-4e7f-95ee-6e8403e9f8da" executionId="074b18d1-be86-4d98-85ca-b49c5704908c" testListId="8c84fa94-04c1-424b-9868-57a2d4851a1d" /><TestEntry testId="2aeb8c7d-c676-4c57-b5ea-3845e72f811f" executionId="9bb8a76f-c8a5-46ed-ab0b-ad5e5a929f3f" testListId="8c84fa94-04c1-424b-9868-57a2d4851a1d" /><TestEntry testId="defe90cb-dcc0-453a-88dd-fd9d3964eaf8" executionId="411c4faa-8ae8-4acf-b2f0-279240b5a765" testListId="8c84fa94-04c1-424b-9868-57a2d4851a1d" /><TestEntry testId="bc36d4ab-929b-41ca-aaef-0304e83aa586" executionId="cf9482fb-3959-4e7a-9982-623634252d5a" testListId="8c84fa94-04c1-424b-9868-57a2d4851a1d" /><TestEntry testId="5abc7813-a799-4c27-b044-8fdb15ae0621" executionId="7c420af4-5609-4c18-8858-7f7f513bce63" testListId="8c84fa94-04c1-424b-9868-57a2d4851a1d" /><TestEntry testId="84076c82-b84f-43fb-803b-66006b7e7a79" executionId="1a29f349-27b5-4556-aac0-9d5fe2ac949f" testListId="8c84fa94-04c1-424b-9868-57a2d4851a1d" /><TestEntry testId="0d33a1eb-92db-4ba6-ae08-d1aea9acad8c" executionId="8faafcea-9c93-48ab-86d0-fb159651dc3d" testListId="8c84fa94-04c1-424b-9868-57a2d4851a1d" /><TestEntry testId="8a82b46d-cc40-4ae9-85a8-755fd8ec1553" executionId="f9e331e3-1c9d-4c76-bba4-77bdb3b56087" testListId="8c84fa94-04c1-424b-9868-57a2d4851a1d" /><TestEntry testId="a298e52b-a4df-45fa-864f-2c050d21e4f5" executionId="a69cfd11-00a0-4f97-b471-0a32acb1d718" testListId="8c84fa94-04c1-424b-9868-57a2d4851a1d" /><TestEntry testId="e48367e6-5cd4-4c0a-8b9f-57b83f8e21a6" executionId="d33f93a8-6fb1-4a84-a5e3-28f51f9fd1a1" testListId="8c84fa94-04c1-424b-9868-57a2d4851a1d" /><TestEntry testId="953de0f7-481d-44ec-a768-0b8103d09d56" executionId="a3d834ac-65cd-46d4-9064-04ee582fdf72" testListId="8c84fa94-04c1-424b-9868-57a2d4851a1d" /><TestEntry testId="d5f04ebb-68ba-408a-8609-245427972cc7" executionId="b34590c9-2b5c-44c2-a859-390cdb781fdc" testListId="8c84fa94-04c1-424b-9868-57a2d4851a1d" /><TestEntry testId="028d1936-2ee4-4006-8fd8-5734c58e2b5b" executionId="dcd62b00-45f0-477e-8720-f5eb74355791" testListId="8c84fa94-04c1-424b-9868-57a2d4851a1d" /><TestEntry testId="f13b7644-823e-4eb7-a589-1193a0dbdfc6" executionId="dfa3ca1d-1176-4b30-aaf7-eb1c0756b809" testListId="8c84fa94-04c1-424b-9868-57a2d4851a1d" /><TestEntry testId="3418ebb6-fb18-4254-9f31-14af88719c6b" executionId="4463cfc4-c628-4f1d-97c3-04fdb9d2b14f" testListId="8c84fa94-04c1-424b-9868-57a2d4851a1d" /><TestEntry testId="f940a2e2-a3d0-49d5-aa75-3a4b742082f9" executionId="13a2d043-fa10-46ca-99e8-e4235f9f761f" testListId="8c84fa94-04c1-424b-9868-57a2d4851a1d" /><TestEntry testId="e7dacf11-1929-4d07-b3a1-3d473798e798" executionId="65836f17-3207-47b4-955b-39b5d316443d" testListId="8c84fa94-04c1-424b-9868-57a2d4851a1d" /><TestEntry testId="42a0c8cd-62d5-4339-873c-379ddf48acbf" executionId="d78101cb-508c-4518-b135-ce9d7787f2dd" testListId="8c84fa94-04c1-424b-9868-57a2d4851a1d" /><TestEntry testId="b329bcce-3649-47a8-bd41-b66d22ee683b" executionId="b9505014-3c9b-494a-b607-a1d824461242" testListId="8c84fa94-04c1-424b-9868-57a2d4851a1d" /><TestEntry testId="8e15f7f7-80fe-4da3-b5b8-dddc7afab111" executionId="d6a46e25-304c-43e8-9e7a-2d75b3d9a880" testListId="8c84fa94-04c1-424b-9868-57a2d4851a1d" /><TestEntry testId="cfb23558-5d9c-40ae-9753-e5929397ca61" executionId="d8411465-5de1-4547-99e2-0e77cd72e63d" testListId="8c84fa94-04c1-424b-9868-57a2d4851a1d" /><TestEntry testId="dd463dd4-432b-431f-858f-14c4491ad6d0" executionId="f3fd747e-b579-410f-86c8-ea403db10c6f" testListId="8c84fa94-04c1-424b-9868-57a2d4851a1d" /><TestEntry testId="8d01506a-bc05-4c88-92e2-8e82c0c925ce" executionId="210438b1-1c53-4a63-b3dc-cebfadc2a9ce" testListId="8c84fa94-04c1-424b-9868-57a2d4851a1d" /><TestEntry testId="95a96dec-c373-4ec5-9fcc-833ed0126539" executionId="b06e6532-1d84-47ba-8bed-19e2bfa52e85" testListId="8c84fa94-04c1-424b-9868-57a2d4851a1d" /><TestEntry testId="3139475b-f82b-4ef5-b5aa-afc32c75bfd1" executionId="2bcfc0c1-8001-41c6-ba13-223cc11db57b" testListId="8c84fa94-04c1-424b-9868-57a2d4851a1d" /><TestEntry testId="cb2651d1-0294-4dd5-a142-0b5ecd3e1c67" executionId="fb023399-26fd-4440-adb7-b854de07e16b" testListId="8c84fa94-04c1-424b-9868-57a2d4851a1d" /><TestEntry testId="ffdb155e-7709-4d47-8e04-3160c8d8335e" executionId="6efe8ec6-ebe3-45eb-82fb-179b912b27c8" testListId="8c84fa94-04c1-424b-9868-57a2d4851a1d" /><TestEntry testId="30875e46-c6f4-48c6-a694-cc698ff74cc3" executionId="f2dc6c27-e55e-4667-bf3e-a683532e2fa5" testListId="8c84fa94-04c1-424b-9868-57a2d4851a1d" /><TestEntry testId="59598a67-6857-46a6-a395-68f6c9406d3f" executionId="f96c3bbd-4d8c-402c-b31b-89bad0780eb6" testListId="8c84fa94-04c1-424b-9868-57a2d4851a1d" /><TestEntry testId="ee775e86-8cc4-40ea-b08a-730cb83fd1d0" executionId="7acdca08-6923-494f-90c6-cb74716eb758" testListId="8c84fa94-04c1-424b-9868-57a2d4851a1d" /><TestEntry testId="b2500dc8-7816-4e30-beda-0a81a3cf4de2" executionId="0a169b25-1eed-4bbf-98b3-65903ff5f22a" testListId="8c84fa94-04c1-424b-9868-57a2d4851a1d" /><TestEntry testId="97d36832-a899-4b0e-967b-3d2110117215" executionId="e8df4fb7-c050-47c6-8422-5c6314bfd74f" testListId="8c84fa94-04c1-424b-9868-57a2d4851a1d" /><TestEntry testId="9f2d6572-1ccb-4c9a-8ae5-fc946be9f974" executionId="5435a46b-a35d-45f7-944c-c7b15bc183e2" testListId="8c84fa94-04c1-424b-9868-57a2d4851a1d" /><TestEntry testId="c995f9c0-c766-4bef-a228-e5dd33a37b63" executionId="1f3bfa1f-d05e-4af5-9b82-f98d528ebe52" testListId="8c84fa94-04c1-424b-9868-57a2d4851a1d" /><TestEntry testId="cd8eaecc-39ee-41fa-9971-68742865917d" executionId="5ac9e7f6-8361-4ced-ab4c-8fdd114f387d" testListId="8c84fa94-04c1-424b-9868-57a2d4851a1d" /><TestEntry testId="abefb017-e0ef-46a6-8ad5-716f6c38ddea" executionId="39670ca5-19cb-4910-82c9-b90a9441edde" testListId="8c84fa94-04c1-424b-9868-57a2d4851a1d" /><TestEntry testId="05450225-0742-4517-8d49-950ae168a7b4" executionId="2d1d8a16-d28a-4869-92ba-1046f35dcfc0" testListId="8c84fa94-04c1-424b-9868-57a2d4851a1d" /><TestEntry testId="1d7ff7ea-710a-47ce-870c-1040e8ca3cc3" executionId="b878556a-5ad6-4f62-a5f4-00c5611317c5" testListId="8c84fa94-04c1-424b-9868-57a2d4851a1d" /><TestEntry testId="efe4b05b-a44f-45cb-ad1b-7277deaf1b3b" executionId="ce6433d1-1c8d-45f8-9947-6e8c14314999" testListId="8c84fa94-04c1-424b-9868-57a2d4851a1d" /><TestEntry testId="cbc0c487-503f-403b-b6d4-8d63f20d2a1b" executionId="18df350b-f113-4bca-83dd-40d4adb1edef" testListId="8c84fa94-04c1-424b-9868-57a2d4851a1d" /><TestEntry testId="395d78d4-7653-4a59-8937-1bf087cdc034" executionId="b524f60f-b897-4a55-ba5d-4d37333d680e" testListId="8c84fa94-04c1-424b-9868-57a2d4851a1d" /><TestEntry testId="df78b4fe-72c1-44c5-809d-5da94e208fc6" executionId="69b59d96-ea0b-4d67-9081-40c29e620db1" testListId="8c84fa94-04c1-424b-9868-57a2d4851a1d" /><TestEntry testId="72f3cbf4-a0fe-44e7-812b-bea0e85558cf" executionId="6c68788e-abc6-4387-a4c0-86b65508da2d" testListId="8c84fa94-04c1-424b-9868-57a2d4851a1d" /><TestEntry testId="206ea9c1-ee02-443b-bd5d-b440e0e045e8" executionId="24a373aa-b4cf-49c5-bc97-9f44ac4911c2" testListId="8c84fa94-04c1-424b-9868-57a2d4851a1d" /><TestEntry testId="2d5fafec-d663-4d5c-9190-2793a968d2a9" executionId="03c9aede-3d92-4369-8fc9-1f126d473ac5" testListId="8c84fa94-04c1-424b-9868-57a2d4851a1d" /><TestEntry testId="01408a38-ebd5-441d-b345-2c1bd58777cf" executionId="0228ce39-4da0-4c9e-85ea-f31db4a384c7" testListId="8c84fa94-04c1-424b-9868-57a2d4851a1d" /><TestEntry testId="e8d2ef93-ca3f-42da-8121-f7f589cf3d2b" executionId="48aa7a95-2360-4cf0-b848-7e6c330830f7" testListId="8c84fa94-04c1-424b-9868-57a2d4851a1d" /><TestEntry testId="31d90591-7d53-4264-a9f6-81b85ac792cb" executionId="ad86dc2f-f2d3-4570-b6a0-f5393f1ad43e" testListId="8c84fa94-04c1-424b-9868-57a2d4851a1d" /><TestEntry testId="c023a5ff-09f8-470c-99c0-d66c90c52ddb" executionId="dc96db57-a119-4f50-ab7f-208494f58957" testListId="8c84fa94-04c1-424b-9868-57a2d4851a1d" /><TestEntry testId="fda827e5-fac8-46dd-b107-f50bb3860699" executionId="1c15d785-1468-4f49-82d2-f6bf4f6e9471" testListId="8c84fa94-04c1-424b-9868-57a2d4851a1d" /><TestEntry testId="c396545f-90a9-42cc-9000-5837ea444d1b" executionId="8b459fc7-500e-49cf-a1b3-fbe6d51873e2" testListId="8c84fa94-04c1-424b-9868-57a2d4851a1d" /><TestEntry testId="20d48162-830b-4e79-a2af-f9a7b2338df2" executionId="0c196c03-5151-4b6d-bce1-56a8e42e7f15" testListId="8c84fa94-04c1-424b-9868-57a2d4851a1d" /><TestEntry testId="483fe844-e21a-4cf3-882f-e6a341052f5c" executionId="d9187767-7b20-495f-b3bd-7a0561a7b982" testListId="8c84fa94-04c1-424b-9868-57a2d4851a1d" /><TestEntry testId="656809a8-92b3-481a-a5ef-3f01eebb2424" executionId="599ccf46-6c3d-48b9-bd65-b9c2b66310a3" testListId="8c84fa94-04c1-424b-9868-57a2d4851a1d" /><TestEntry testId="edb0df21-4215-490b-b68e-e20abec56987" executionId="50ed8605-eb78-47af-a594-0cdc397a409d" testListId="8c84fa94-04c1-424b-9868-57a2d4851a1d" /><TestEntry testId="478e2178-c7aa-48be-84cf-118e1e73c243" executionId="4c8eacd8-2f3d-4033-9558-ba6010148120" testListId="8c84fa94-04c1-424b-9868-57a2d4851a1d" /><TestEntry testId="5e06a073-c171-42da-865a-8a68919753e6" executionId="4b67a4ee-34e4-45b5-b4bb-46c3b7d1dfd0" testListId="8c84fa94-04c1-424b-9868-57a2d4851a1d" /><TestEntry testId="46c0d533-8f61-4d71-9aaf-f30a8903859a" executionId="b6da82bc-1caf-4246-b0f2-5dea8f31e897" testListId="8c84fa94-04c1-424b-9868-57a2d4851a1d" /><TestEntry testId="16048189-b77f-4188-b88a-cc44ca8a9914" executionId="f9491ab5-953e-4dc4-9f07-b30f81df54d8" testListId="8c84fa94-04c1-424b-9868-57a2d4851a1d" /><TestEntry testId="181fb6bf-7443-4735-b201-7018487f0da2" executionId="83103a0d-5f82-4eb5-b047-de78f8b80781" testListId="8c84fa94-04c1-424b-9868-57a2d4851a1d" /><TestEntry testId="2f3adb34-a63d-4c1d-af9b-e8a6dc676e02" executionId="3b4523ae-853d-4f4d-8fbd-d7b81cdfff11" testListId="8c84fa94-04c1-424b-9868-57a2d4851a1d" /><TestEntry testId="80f577b2-b03a-4b16-929e-c0a557fdde80" executionId="c05a47f3-b4e8-4f18-a1df-eee988cf67bb" testListId="8c84fa94-04c1-424b-9868-57a2d4851a1d" /><TestEntry testId="4aad78ce-ad64-4fe4-b477-8661bd19c22b" executionId="9ebca0e4-7bf6-45fa-9969-875e05d20a3e" testListId="8c84fa94-04c1-424b-9868-57a2d4851a1d" /><TestEntry testId="d0e07543-94c3-43e0-988c-fdcad3a40b1e" executionId="412dd0ca-8fd7-48cc-ac3d-58d8df96e6d2" testListId="8c84fa94-04c1-424b-9868-57a2d4851a1d" /><TestEntry testId="b0a4c00e-8127-4f61-9413-6f0b628cc2b0" executionId="72773c3c-bcd8-4d4b-a03d-c4f1f71a5552" testListId="8c84fa94-04c1-424b-9868-57a2d4851a1d" /><TestEntry testId="2184f7e7-113f-4dc7-8c8d-11f309271118" executionId="e758620b-0e36-4ad8-a211-d32c9b80123f" testListId="8c84fa94-04c1-424b-9868-57a2d4851a1d" /></TestEntries><TestLists><TestList name="Results Not in a List" id="8c84fa94-04c1-424b-9868-57a2d4851a1d" /><TestList name="All Loaded Results" id="19431567-8539-422a-85d7-44ee4e166bda" /></TestLists><ResultSummary outcome="Completed"><Counters total="151" executed="151" passed="151" failed="0" error="0" timeout="0" aborted="0" inconclusive="0" passedButRunAborted="0" notRunnable="0" notExecuted="0" disconnected="0" warning="0" completed="0" inProgress="0" pending="0" /><Output><StdOut>[xUnit.net 00:00:01.1185535]   Discovering: ModelRelief.Test[xUnit.net 00:00:01.2339767]   Discovered:  ModelRelief.Test[xUnit.net 00:00:01.2394902]   Starting:    ModelRelief.Test[xUnit.net 00:00:26.5490523]   Finished:    ModelRelief.Test</StdOut></Output></ResultSummary></TestRun>