<?xml version="1.0" encoding="utf-8"?><TestRun id="c8740c60-316c-4d08-b19a-71d0ffe392b9" name="Steve Knipmeyer@VECTOR 2018-08-08 16:44:40" runUser="VECTOR\Steve Knipmeyer" xmlns="http://microsoft.com/schemas/VisualStudio/TeamTest/2010"><Times creation="2018-08-08T16:44:40.3791285-04:00" queuing="2018-08-08T16:44:40.3791478-04:00" start="2018-08-08T16:44:35.6696715-04:00" finish="2018-08-08T16:45:00.0901337-04:00" /><TestSettings name="default" id="34077cf8-aefe-4901-a6dc-002037dbc21f"><Deployment runDeploymentRoot="Steve_Knipmeyer_VECTOR_2018-08-08_16_44_40" /></TestSettings><Results><UnitTestResult executionId="bccd1bd0-e57a-41a0-9ce6-6e028f02607c" testId="9cbdfb93-501e-487a-bb17-bf617f63eb1a" testName="Post_ValidReferencePropertyCreatesModel" computerName="VECTOR" duration="00:00:00.0310000" startTime="2018-08-08T16:44:57.1249273-04:00" endTime="2018-08-08T16:44:57.1249347-04:00" testType="13cdc9d9-ddb5-4fa4-a97d-d965ccfc6d4b" outcome="Passed" testListId="8c84fa94-04c1-424b-9868-57a2d4851a1d" relativeResultsDirectory="bccd1bd0-e57a-41a0-9ce6-6e028f02607c" /><UnitTestResult executionId="61e848a6-8e15-4dc8-91ce-50f9a7bbfb1d" testId="67f59bcd-f025-49b7-af75-852ceaa9de97" testName="GetList_ListReturnsCorrectCount" computerName="VECTOR" duration="00:00:00.0230000" startTime="2018-08-08T16:44:56.4556472-04:00" endTime="2018-08-08T16:44:56.4556528-04:00" testType="13cdc9d9-ddb5-4fa4-a97d-d965ccfc6d4b" outcome="Passed" testListId="8c84fa94-04c1-424b-9868-57a2d4851a1d" relativeResultsDirectory="61e848a6-8e15-4dc8-91ce-50f9a7bbfb1d" /><UnitTestResult executionId="c3d0ba16-45b4-4b55-a1d6-a9f164462a10" testId="66355278-da84-442e-9e8d-f103b2876635" testName="Delete_TargetModelIsDeleted" computerName="VECTOR" duration="00:00:00.2270000" startTime="2018-08-08T16:44:41.2010640-04:00" endTime="2018-08-08T16:44:41.2010701-04:00" testType="13cdc9d9-ddb5-4fa4-a97d-d965ccfc6d4b" outcome="Passed" testListId="8c84fa94-04c1-424b-9868-57a2d4851a1d" relativeResultsDirectory="c3d0ba16-45b4-4b55-a1d6-a9f164462a10" /><UnitTestResult executionId="cfd352d4-c809-448d-8e07-9ca798df50f4" testId="85384659-3e8b-4471-9f3c-a6eb56133cb9" testName="GetList_ListReturnsCorrectCount" computerName="VECTOR" duration="00:00:00.0260000" startTime="2018-08-08T16:44:42.6203973-04:00" endTime="2018-08-08T16:44:42.6204041-04:00" testType="13cdc9d9-ddb5-4fa4-a97d-d965ccfc6d4b" outcome="Passed" testListId="8c84fa94-04c1-424b-9868-57a2d4851a1d" relativeResultsDirectory="cfd352d4-c809-448d-8e07-9ca798df50f4" /><UnitTestResult executionId="96ac45b8-9b3e-47b1-9827-1fa3515a3b95" testId="8ff18f44-45d6-41be-885c-3301656f15f1" testName="FileRequest_FileCanBeReadAfterRename" computerName="VECTOR" duration="00:00:00.1370000" startTime="2018-08-08T16:44:58.6810710-04:00" endTime="2018-08-08T16:44:58.6810774-04:00" testType="13cdc9d9-ddb5-4fa4-a97d-d965ccfc6d4b" outcome="Passed" testListId="8c84fa94-04c1-424b-9868-57a2d4851a1d" relativeResultsDirectory="96ac45b8-9b3e-47b1-9827-1fa3515a3b95" /><UnitTestResult executionId="bcb12cbe-9b81-43a5-8cf8-8dfe5c473d02" testId="b3b41df2-f436-4241-b7ef-de696bd7d2b4" testName="Put_ValidReferencePropertyUpdatesModel" computerName="VECTOR" duration="00:00:00.0120000" startTime="2018-08-08T16:44:41.2942475-04:00" endTime="2018-08-08T16:44:41.2942548-04:00" testType="13cdc9d9-ddb5-4fa4-a97d-d965ccfc6d4b" outcome="Passed" testListId="8c84fa94-04c1-424b-9868-57a2d4851a1d" relativeResultsDirectory="bcb12cbe-9b81-43a5-8cf8-8dfe5c473d02" /><UnitTestResult executionId="460ce350-c24c-449a-a54d-671eb507a538" testId="82434471-ba58-42cb-a66b-42833bafe082" testName="Post_InvalidPropertyValueReturnsBadRequest" computerName="VECTOR" duration="00:00:00.0140000" startTime="2018-08-08T16:44:59.7457923-04:00" endTime="2018-08-08T16:44:59.7457985-04:00" testType="13cdc9d9-ddb5-4fa4-a97d-d965ccfc6d4b" outcome="Passed" testListId="8c84fa94-04c1-424b-9868-57a2d4851a1d" relativeResultsDirectory="460ce350-c24c-449a-a54d-671eb507a538" /><UnitTestResult executionId="342c796a-4ab2-471a-9aa6-3fd26bdb6805" testId="31603b16-5df3-4508-bcde-edb8e7b50e16" testName="PutFile_FileCanBeUpdated" computerName="VECTOR" duration="00:00:00.1930000" startTime="2018-08-08T16:44:43.1206064-04:00" endTime="2018-08-08T16:44:43.1206136-04:00" testType="13cdc9d9-ddb5-4fa4-a97d-d965ccfc6d4b" outcome="Passed" testListId="8c84fa94-04c1-424b-9868-57a2d4851a1d" relativeResultsDirectory="342c796a-4ab2-471a-9aa6-3fd26bdb6805" /><UnitTestResult executionId="2b630f69-d74a-4151-baf3-44d18f8a78d4" testId="b7cccb98-9828-4bc4-94db-7c8be3bcfec8" testName="PostFile_NewFileCanBePosted" computerName="VECTOR" duration="00:00:00.0880000" startTime="2018-08-08T16:44:52.0023819-04:00" endTime="2018-08-08T16:44:52.0023857-04:00" testType="13cdc9d9-ddb5-4fa4-a97d-d965ccfc6d4b" outcome="Passed" testListId="8c84fa94-04c1-424b-9868-57a2d4851a1d" relativeResultsDirectory="2b630f69-d74a-4151-baf3-44d18f8a78d4" /><UnitTestResult executionId="9de2713f-7d6d-4def-9996-f9fef3301218" testId="109c1b71-6c7f-42f3-a711-44b3ddad3027" testName="Patch_InvalidIdPropertyReturnsNotFound" computerName="VECTOR" duration="00:00:00.0200000" startTime="2018-08-08T16:44:41.5531435-04:00" endTime="2018-08-08T16:44:41.5531523-04:00" testType="13cdc9d9-ddb5-4fa4-a97d-d965ccfc6d4b" outcome="Passed" testListId="8c84fa94-04c1-424b-9868-57a2d4851a1d" relativeResultsDirectory="9de2713f-7d6d-4def-9996-f9fef3301218" /><UnitTestResult executionId="18c0bfa3-2649-4a2a-aeaa-4b280803bb6a" testId="08729968-9bdb-441f-b830-aa5bdbb9f15b" testName="Delete_TargetModelIsDeleted" computerName="VECTOR" duration="00:00:00.0410000" startTime="2018-08-08T16:44:47.9664885-04:00" endTime="2018-08-08T16:44:47.9664948-04:00" testType="13cdc9d9-ddb5-4fa4-a97d-d965ccfc6d4b" outcome="Passed" testListId="8c84fa94-04c1-424b-9868-57a2d4851a1d" relativeResultsDirectory="18c0bfa3-2649-4a2a-aeaa-4b280803bb6a" /><UnitTestResult executionId="04e227f9-1253-4abb-be38-efe78f80ca4f" testId="e94310f7-9eb3-4323-9f51-459a89840a4a" testName="GetFile_NonExistentFileReturnsNotFound" computerName="VECTOR" duration="00:00:00.0170000" startTime="2018-08-08T16:44:43.9757456-04:00" endTime="2018-08-08T16:44:43.9757529-04:00" testType="13cdc9d9-ddb5-4fa4-a97d-d965ccfc6d4b" outcome="Passed" testListId="8c84fa94-04c1-424b-9868-57a2d4851a1d" relativeResultsDirectory="04e227f9-1253-4abb-be38-efe78f80ca4f" /><UnitTestResult executionId="f63e7849-83b8-45b1-94f6-3c765be40786" testId="4e2e628b-13c0-438c-895e-2e13a4b1fb33" testName="Post_InvalidReferencePropertyReturnsBadRequest" computerName="VECTOR" duration="00:00:00.0210000" startTime="2018-08-08T16:44:56.9465179-04:00" endTime="2018-08-08T16:44:56.9465294-04:00" testType="13cdc9d9-ddb5-4fa4-a97d-d965ccfc6d4b" outcome="Passed" testListId="8c84fa94-04c1-424b-9868-57a2d4851a1d" relativeResultsDirectory="f63e7849-83b8-45b1-94f6-3c765be40786" /><UnitTestResult executionId="0234495a-3ad6-45a0-b9ca-405045221c44" testId="719d46cd-d5d5-4e0b-8c95-38464ed75ce8" testName="GetSingle_ValidIdPropertyValueReturnsCorrectModel" computerName="VECTOR" duration="00:00:00.0230000" startTime="2018-08-08T16:44:56.9701915-04:00" endTime="2018-08-08T16:44:56.9701970-04:00" testType="13cdc9d9-ddb5-4fa4-a97d-d965ccfc6d4b" outcome="Passed" testListId="8c84fa94-04c1-424b-9868-57a2d4851a1d" relativeResultsDirectory="0234495a-3ad6-45a0-b9ca-405045221c44" /><UnitTestResult executionId="ec121f90-897e-486e-b683-87a2e6f13708" testId="16d65c9c-3430-43d0-bb6e-adff9985d707" testName="GetList_ListReturnsCorrectCount" computerName="VECTOR" duration="00:00:00.0170000" startTime="2018-08-08T16:44:59.5004664-04:00" endTime="2018-08-08T16:44:59.5004733-04:00" testType="13cdc9d9-ddb5-4fa4-a97d-d965ccfc6d4b" outcome="Passed" testListId="8c84fa94-04c1-424b-9868-57a2d4851a1d" relativeResultsDirectory="ec121f90-897e-486e-b683-87a2e6f13708" /><UnitTestResult executionId="199e5f5b-2a07-4ab1-850a-89bfd64399bb" testId="7569813d-5112-44aa-99ce-c00616630c85" testName="Patch_InvalidIdPropertyReturnsNotFound" computerName="VECTOR" duration="00:00:00.0190000" startTime="2018-08-08T16:44:56.5796674-04:00" endTime="2018-08-08T16:44:56.5796794-04:00" testType="13cdc9d9-ddb5-4fa4-a97d-d965ccfc6d4b" outcome="Passed" testListId="8c84fa94-04c1-424b-9868-57a2d4851a1d" relativeResultsDirectory="199e5f5b-2a07-4ab1-850a-89bfd64399bb" /><UnitTestResult executionId="e43409d9-198d-4378-9b71-a3788619b060" testId="9be5dc00-9ef1-4578-bc93-40d27d1ebe86" testName="Patch_MultipleInvalidReferencePropertiesReturnsMultipleValidationErrorsAndBadRequest" computerName="VECTOR" duration="00:00:00.0130000" startTime="2018-08-08T16:44:41.5147250-04:00" endTime="2018-08-08T16:44:41.5147324-04:00" testType="13cdc9d9-ddb5-4fa4-a97d-d965ccfc6d4b" outcome="Passed" testListId="8c84fa94-04c1-424b-9868-57a2d4851a1d" relativeResultsDirectory="e43409d9-198d-4378-9b71-a3788619b060" /><UnitTestResult executionId="c3b13adf-79ac-42da-9c38-dd9a2f6acbc6" testId="6e4bc9a1-879c-4c03-a500-91af187b1dd6" testName="Model3dHasExpectedDependentFiles" computerName="VECTOR" duration="00:00:00.0350000" startTime="2018-08-08T16:44:38.8603371-04:00" endTime="2018-08-08T16:44:38.8603448-04:00" testType="13cdc9d9-ddb5-4fa4-a97d-d965ccfc6d4b" outcome="Passed" testListId="8c84fa94-04c1-424b-9868-57a2d4851a1d" relativeResultsDirectory="c3b13adf-79ac-42da-9c38-dd9a2f6acbc6" /><UnitTestResult executionId="fcd478ee-6fbe-4bdb-a3c0-962f3c9e443f" testId="e2693a7d-ffd0-439f-bde9-7dc7f5ace0c1" testName="Put_ValidReferencePropertyUpdatesModel" computerName="VECTOR" duration="00:00:00.0640000" startTime="2018-08-08T16:44:59.9026423-04:00" endTime="2018-08-08T16:44:59.9026485-04:00" testType="13cdc9d9-ddb5-4fa4-a97d-d965ccfc6d4b" outcome="Passed" testListId="8c84fa94-04c1-424b-9868-57a2d4851a1d" relativeResultsDirectory="fcd478ee-6fbe-4bdb-a3c0-962f3c9e443f" /><UnitTestResult executionId="2fb6b3d7-b7e3-4070-aa9c-57fa2b82bf70" testId="c3fd0f95-59ab-4d57-84b5-aff387e5b9c9" testName="Patch_ValidReferencePropertyUpdatesModel" computerName="VECTOR" duration="00:00:00.0750000" startTime="2018-08-08T16:44:44.7752968-04:00" endTime="2018-08-08T16:44:44.7753035-04:00" testType="13cdc9d9-ddb5-4fa4-a97d-d965ccfc6d4b" outcome="Passed" testListId="8c84fa94-04c1-424b-9868-57a2d4851a1d" relativeResultsDirectory="2fb6b3d7-b7e3-4070-aa9c-57fa2b82bf70" /><UnitTestResult executionId="995bdbeb-9082-43c2-a95f-4817bc616b5b" testId="37f15f8c-20fa-4017-8f7b-f28ebfaeb285" testName="GetSingle_InvalidIdPropertyValueReturnsNotFound" computerName="VECTOR" duration="00:00:00.0190000" startTime="2018-08-08T16:44:44.9331010-04:00" endTime="2018-08-08T16:44:44.9331085-04:00" testType="13cdc9d9-ddb5-4fa4-a97d-d965ccfc6d4b" outcome="Passed" testListId="8c84fa94-04c1-424b-9868-57a2d4851a1d" relativeResultsDirectory="995bdbeb-9082-43c2-a95f-4817bc616b5b" /><UnitTestResult executionId="4165cc82-7165-4e5b-91d3-cd493f6f587e" testId="80cd71f9-0b39-4b80-87e9-8af4bc6e3fef" testName="Patch_TargetPropertyIsUpdated" computerName="VECTOR" duration="00:00:00.0800000" startTime="2018-08-08T16:44:41.2815661-04:00" endTime="2018-08-08T16:44:41.2815750-04:00" testType="13cdc9d9-ddb5-4fa4-a97d-d965ccfc6d4b" outcome="Passed" testListId="8c84fa94-04c1-424b-9868-57a2d4851a1d" relativeResultsDirectory="4165cc82-7165-4e5b-91d3-cd493f6f587e" /><UnitTestResult executionId="9cf42cea-54d1-422b-8404-d383dd6c2706" testId="f47699e1-ae29-45b9-a904-ae036a242483" testName="Patch_ValidReferencePropertyUpdatesModel" computerName="VECTOR" duration="00:00:00.6480000" startTime="2018-08-08T16:44:40.8329357-04:00" endTime="2018-08-08T16:44:40.8329481-04:00" testType="13cdc9d9-ddb5-4fa4-a97d-d965ccfc6d4b" outcome="Passed" testListId="8c84fa94-04c1-424b-9868-57a2d4851a1d" relativeResultsDirectory="9cf42cea-54d1-422b-8404-d383dd6c2706" /><UnitTestResult executionId="d848bb17-148d-427d-9a45-3a3a67bc187d" testId="ac1242b2-74ac-4b02-96fe-8749ed1a95f8" testName="PutFile_FileCanBeUpdated" computerName="VECTOR" duration="00:00:00.1600000" startTime="2018-08-08T16:44:50.6229085-04:00" endTime="2018-08-08T16:44:50.6229136-04:00" testType="13cdc9d9-ddb5-4fa4-a97d-d965ccfc6d4b" outcome="Passed" testListId="8c84fa94-04c1-424b-9868-57a2d4851a1d" relativeResultsDirectory="d848bb17-148d-427d-9a45-3a3a67bc187d" /><UnitTestResult executionId="67f09d34-c54b-4d89-90c9-c3740cbd2630" testId="3eb75bb3-3b8c-4622-af9d-f094e22dc815" testName="Patch_InvalidEnumPropertyValueReturnsBadRequest" computerName="VECTOR" duration="00:00:00.0240000" startTime="2018-08-08T16:44:47.5832597-04:00" endTime="2018-08-08T16:44:47.5832664-04:00" testType="13cdc9d9-ddb5-4fa4-a97d-d965ccfc6d4b" outcome="Passed" testListId="8c84fa94-04c1-424b-9868-57a2d4851a1d" relativeResultsDirectory="67f09d34-c54b-4d89-90c9-c3740cbd2630" /><UnitTestResult executionId="582c263a-b408-4d5e-a3fb-fda73c4c83ce" testId="040087eb-25b5-44ef-accc-e167b3edb5a5" testName="Post_ValidReferencePropertyCreatesModel" computerName="VECTOR" duration="00:00:00.0320000" startTime="2018-08-08T16:44:44.6447586-04:00" endTime="2018-08-08T16:44:44.6447648-04:00" testType="13cdc9d9-ddb5-4fa4-a97d-d965ccfc6d4b" outcome="Passed" testListId="8c84fa94-04c1-424b-9868-57a2d4851a1d" relativeResultsDirectory="582c263a-b408-4d5e-a3fb-fda73c4c83ce" /><UnitTestResult executionId="3b626497-506a-4702-ad88-223d68d211ad" testId="aada9233-2752-4cea-962a-702aca8be77a" testName="Put_CanUpdateModel" computerName="VECTOR" duration="00:00:00.0450000" startTime="2018-08-08T16:44:41.4784835-04:00" endTime="2018-08-08T16:44:41.4784907-04:00" testType="13cdc9d9-ddb5-4fa4-a97d-d965ccfc6d4b" outcome="Passed" testListId="8c84fa94-04c1-424b-9868-57a2d4851a1d" relativeResultsDirectory="3b626497-506a-4702-ad88-223d68d211ad" /><UnitTestResult executionId="08b3421a-e785-47f5-b2a9-35921f7cf01e" testId="414e0e13-08f4-4178-a037-262595611107" testName="LucyDepthBufferFindsOneDependent" computerName="VECTOR" duration="00:00:00.0060000" startTime="2018-08-08T16:44:40.1779222-04:00" endTime="2018-08-08T16:44:40.1779306-04:00" testType="13cdc9d9-ddb5-4fa4-a97d-d965ccfc6d4b" outcome="Passed" testListId="8c84fa94-04c1-424b-9868-57a2d4851a1d" relativeResultsDirectory="08b3421a-e785-47f5-b2a9-35921f7cf01e" /><UnitTestResult executionId="619caeda-da06-43e0-bdfc-4818ec1a6bd8" testId="d2ee5321-9b1a-4b56-ba16-c28a9f310da8" testName="GetList_ListReturnsCorrectCount" computerName="VECTOR" duration="00:00:00.0220000" startTime="2018-08-08T16:44:44.4913588-04:00" endTime="2018-08-08T16:44:44.4913668-04:00" testType="13cdc9d9-ddb5-4fa4-a97d-d965ccfc6d4b" outcome="Passed" testListId="8c84fa94-04c1-424b-9868-57a2d4851a1d" relativeResultsDirectory="619caeda-da06-43e0-bdfc-4818ec1a6bd8" /><UnitTestResult executionId="50abc7ba-c229-4bdc-9305-ba94c87053dd" testId="f22e717a-aca4-426a-a955-e90ff4333cc8" testName="FileRequest_FileCanBeReadAfterRename" computerName="VECTOR" duration="00:00:00.1300000" startTime="2018-08-08T16:44:43.7621500-04:00" endTime="2018-08-08T16:44:43.7621568-04:00" testType="13cdc9d9-ddb5-4fa4-a97d-d965ccfc6d4b" outcome="Passed" testListId="8c84fa94-04c1-424b-9868-57a2d4851a1d" relativeResultsDirectory="50abc7ba-c229-4bdc-9305-ba94c87053dd" /><UnitTestResult executionId="18906755-f6c5-48dc-bf2c-54b1aca2b5c0" testId="80a1f5f3-0cdc-497e-8d60-119f29cdcc03" testName="GetList_ListReturnsCorrectCount" computerName="VECTOR" duration="00:00:00.0230000" startTime="2018-08-08T16:44:41.5017634-04:00" endTime="2018-08-08T16:44:41.5017735-04:00" testType="13cdc9d9-ddb5-4fa4-a97d-d965ccfc6d4b" outcome="Passed" testListId="8c84fa94-04c1-424b-9868-57a2d4851a1d" relativeResultsDirectory="18906755-f6c5-48dc-bf2c-54b1aca2b5c0" /><UnitTestResult executionId="84c700b1-7c74-4345-954e-33cca695fcb0" testId="773fe963-bdc2-420a-af28-7447442ff5b5" testName="Patch_InvalidEnumPropertyValueReturnsBadRequest" computerName="VECTOR" duration="00:00:00.0110000" startTime="2018-08-08T16:44:41.4149189-04:00" endTime="2018-08-08T16:44:41.4149265-04:00" testType="13cdc9d9-ddb5-4fa4-a97d-d965ccfc6d4b" outcome="Passed" testListId="8c84fa94-04c1-424b-9868-57a2d4851a1d" relativeResultsDirectory="84c700b1-7c74-4345-954e-33cca695fcb0" /><UnitTestResult executionId="d063c447-0bed-412e-8385-13dbdf5f8f63" testId="b4542856-e26d-4050-8f63-5fb26c645f35" testName="Patch_InvalidPropertyNameReturnsBadRequest" computerName="VECTOR" duration="00:00:00.0160000" startTime="2018-08-08T16:44:59.7317029-04:00" endTime="2018-08-08T16:44:59.7317102-04:00" testType="13cdc9d9-ddb5-4fa4-a97d-d965ccfc6d4b" outcome="Passed" testListId="8c84fa94-04c1-424b-9868-57a2d4851a1d" relativeResultsDirectory="d063c447-0bed-412e-8385-13dbdf5f8f63" /><UnitTestResult executionId="c283298c-8ed9-4a1a-b2ad-4e6a97a18952" testId="c5ff1115-411f-4185-b3d1-25bdbae6c79c" testName="GetSingle_ValidIdPropertyValueReturnsCorrectModel" computerName="VECTOR" duration="00:00:00.0180000" startTime="2018-08-08T16:44:59.4038363-04:00" endTime="2018-08-08T16:44:59.4038423-04:00" testType="13cdc9d9-ddb5-4fa4-a97d-d965ccfc6d4b" outcome="Passed" testListId="8c84fa94-04c1-424b-9868-57a2d4851a1d" relativeResultsDirectory="c283298c-8ed9-4a1a-b2ad-4e6a97a18952" /><UnitTestResult executionId="0d7a3357-7d5a-4378-83d2-ab1c2827405c" testId="abe36e1f-667c-4b4d-9a90-0caaf51a8592" testName="Patch_InvalidPropertyNameReturnsBadRequest" computerName="VECTOR" duration="00:00:00.0220000" startTime="2018-08-08T16:44:56.4784678-04:00" endTime="2018-08-08T16:44:56.4784739-04:00" testType="13cdc9d9-ddb5-4fa4-a97d-d965ccfc6d4b" outcome="Passed" testListId="8c84fa94-04c1-424b-9868-57a2d4851a1d" relativeResultsDirectory="0d7a3357-7d5a-4378-83d2-ab1c2827405c" /><UnitTestResult executionId="27a731bb-c9a0-4089-bc45-2873921e29ff" testId="61548470-cc8d-46b0-a1a2-797d66b46f6e" testName="Post_InvalidReferencePropertyReturnsBadRequest" computerName="VECTOR" duration="00:00:00.3260000" startTime="2018-08-08T16:44:41.9010854-04:00" endTime="2018-08-08T16:44:41.9010926-04:00" testType="13cdc9d9-ddb5-4fa4-a97d-d965ccfc6d4b" outcome="Passed" testListId="8c84fa94-04c1-424b-9868-57a2d4851a1d" relativeResultsDirectory="27a731bb-c9a0-4089-bc45-2873921e29ff" /><UnitTestResult executionId="e08e1c0a-973c-4714-bcce-7cd9858478ae" testId="ea47c884-3c18-4b4c-8223-670e00d2dfbd" testName="PostFile_NewFileCanBePosted" computerName="VECTOR" duration="00:00:00.0790000" startTime="2018-08-08T16:44:59.2821686-04:00" endTime="2018-08-08T16:44:59.2821749-04:00" testType="13cdc9d9-ddb5-4fa4-a97d-d965ccfc6d4b" outcome="Passed" testListId="8c84fa94-04c1-424b-9868-57a2d4851a1d" relativeResultsDirectory="e08e1c0a-973c-4714-bcce-7cd9858478ae" /><UnitTestResult executionId="38ee379f-6270-4f1c-8853-256924391f69" testId="74d4edaf-d75c-4090-abc2-2e1f919ef826" testName="Patch_InvalidPropertyNameReturnsBadRequest" computerName="VECTOR" duration="00:00:00.0260000" startTime="2018-08-08T16:44:47.7630974-04:00" endTime="2018-08-08T16:44:47.7631035-04:00" testType="13cdc9d9-ddb5-4fa4-a97d-d965ccfc6d4b" outcome="Passed" testListId="8c84fa94-04c1-424b-9868-57a2d4851a1d" relativeResultsDirectory="38ee379f-6270-4f1c-8853-256924391f69" /><UnitTestResult executionId="1f41113f-fa16-422f-82cd-b56059cf67db" testId="f595d854-c5b0-48e9-a5b7-e57895bc31c7" testName="Post_InvalidPropertyValueReturnsBadRequest" computerName="VECTOR" duration="00:00:00.0160000" startTime="2018-08-08T16:44:57.0157431-04:00" endTime="2018-08-08T16:44:57.0157505-04:00" testType="13cdc9d9-ddb5-4fa4-a97d-d965ccfc6d4b" outcome="Passed" testListId="8c84fa94-04c1-424b-9868-57a2d4851a1d" relativeResultsDirectory="1f41113f-fa16-422f-82cd-b56059cf67db" /><UnitTestResult executionId="a83dc096-efea-447e-913a-5ebe6afe1628" testId="f7bbb7a8-93ec-4745-9fc9-df4652e503fd" testName="GetFile_NonExistentFileReturnsNotFound" computerName="VECTOR" duration="00:00:00.0180000" startTime="2018-08-08T16:44:59.0375764-04:00" endTime="2018-08-08T16:44:59.0375892-04:00" testType="13cdc9d9-ddb5-4fa4-a97d-d965ccfc6d4b" outcome="Passed" testListId="8c84fa94-04c1-424b-9868-57a2d4851a1d" relativeResultsDirectory="a83dc096-efea-447e-913a-5ebe6afe1628" /><UnitTestResult executionId="79eafb3c-a054-4836-b0c1-4ab1025dcc6e" testId="7700feee-108c-4a2b-a49f-78ec17a48646" testName="Post_InvalidPropertyValueReturnsBadRequest" computerName="VECTOR" duration="00:00:00.0190000" startTime="2018-08-08T16:44:44.6120605-04:00" endTime="2018-08-08T16:44:44.6120680-04:00" testType="13cdc9d9-ddb5-4fa4-a97d-d965ccfc6d4b" outcome="Passed" testListId="8c84fa94-04c1-424b-9868-57a2d4851a1d" relativeResultsDirectory="79eafb3c-a054-4836-b0c1-4ab1025dcc6e" /><UnitTestResult executionId="094be838-c2dd-48e9-8317-2766099bed4f" testId="3eac753d-e068-4547-9d7b-9f1470127054" testName="Post_ValidReferencePropertyCreatesModel" computerName="VECTOR" duration="00:00:00.0440000" startTime="2018-08-08T16:44:42.5635251-04:00" endTime="2018-08-08T16:44:42.5635319-04:00" testType="13cdc9d9-ddb5-4fa4-a97d-d965ccfc6d4b" outcome="Passed" testListId="8c84fa94-04c1-424b-9868-57a2d4851a1d" relativeResultsDirectory="094be838-c2dd-48e9-8317-2766099bed4f" /><UnitTestResult executionId="4512ca40-7adc-46d8-bb12-3a8e74783992" testId="d3fb4abf-9fc9-40d2-a7c6-240e5ab3e63f" testName="Patch_InvalidReferencePropertyReturnsBadRequest" computerName="VECTOR" duration="00:00:00.0380000" startTime="2018-08-08T16:44:47.7365536-04:00" endTime="2018-08-08T16:44:47.7365603-04:00" testType="13cdc9d9-ddb5-4fa4-a97d-d965ccfc6d4b" outcome="Passed" testListId="8c84fa94-04c1-424b-9868-57a2d4851a1d" relativeResultsDirectory="4512ca40-7adc-46d8-bb12-3a8e74783992" /><UnitTestResult executionId="1866b7e1-6216-4036-81cb-9bcf32f09482" testId="42511daf-eff8-4e14-bee6-a251e70a8531" testName="GetFile_NonExistentFileReturnsNotFound" computerName="VECTOR" duration="00:00:00.0360000" startTime="2018-08-08T16:44:48.0984649-04:00" endTime="2018-08-08T16:44:48.0984711-04:00" testType="13cdc9d9-ddb5-4fa4-a97d-d965ccfc6d4b" outcome="Passed" testListId="8c84fa94-04c1-424b-9868-57a2d4851a1d" relativeResultsDirectory="1866b7e1-6216-4036-81cb-9bcf32f09482" /><UnitTestResult executionId="5a778770-e882-45ec-be2d-aebd27fe627f" testId="28740133-fc75-4157-b816-de1528559cb7" testName="GetSingle_InvalidIdPropertyValueReturnsNotFound" computerName="VECTOR" duration="00:00:00.0260000" startTime="2018-08-08T16:44:47.8167733-04:00" endTime="2018-08-08T16:44:47.8167817-04:00" testType="13cdc9d9-ddb5-4fa4-a97d-d965ccfc6d4b" outcome="Passed" testListId="8c84fa94-04c1-424b-9868-57a2d4851a1d" relativeResultsDirectory="5a778770-e882-45ec-be2d-aebd27fe627f" /><UnitTestResult executionId="1c024cfe-ff3f-4165-b7fe-f94b5705dbeb" testId="68444433-40dc-4c58-a75d-bb88b9578fc8" testName="Patch_MultipleInvalidReferencePropertiesReturnsMultipleValidationErrorsAndBadRequest" computerName="VECTOR" duration="00:00:00.0310000" startTime="2018-08-08T16:44:44.4210024-04:00" endTime="2018-08-08T16:44:44.4210094-04:00" testType="13cdc9d9-ddb5-4fa4-a97d-d965ccfc6d4b" outcome="Passed" testListId="8c84fa94-04c1-424b-9868-57a2d4851a1d" relativeResultsDirectory="1c024cfe-ff3f-4165-b7fe-f94b5705dbeb" /><UnitTestResult executionId="9114025c-32fe-4600-a62a-1cda883eed93" testId="83899eed-265e-43a1-9e3f-f91efb643b51" testName="Put_InvalidReferencePropertyReturndBadRequest" computerName="VECTOR" duration="00:00:00.0180000" startTime="2018-08-08T16:44:41.5324832-04:00" endTime="2018-08-08T16:44:41.5324907-04:00" testType="13cdc9d9-ddb5-4fa4-a97d-d965ccfc6d4b" outcome="Passed" testListId="8c84fa94-04c1-424b-9868-57a2d4851a1d" relativeResultsDirectory="9114025c-32fe-4600-a62a-1cda883eed93" /><UnitTestResult executionId="0342ee5b-34f7-4e07-8788-f6d3b951b4b2" testId="904d52c8-c68d-454a-b9f2-72683b354cdd" testName="Patch_TargetPropertyIsUpdated" computerName="VECTOR" duration="00:00:00.0600000" startTime="2018-08-08T16:44:59.9632715-04:00" endTime="2018-08-08T16:44:59.9632778-04:00" testType="13cdc9d9-ddb5-4fa4-a97d-d965ccfc6d4b" outcome="Passed" testListId="8c84fa94-04c1-424b-9868-57a2d4851a1d" relativeResultsDirectory="0342ee5b-34f7-4e07-8788-f6d3b951b4b2" /><UnitTestResult executionId="d782fde3-7637-4ed9-b557-38637d008e91" testId="f90bf4f7-e73c-47c6-85a8-d27f65de74d2" testName="Post_InvalidPropertyValueReturnsBadRequest" computerName="VECTOR" duration="00:00:00.0230000" startTime="2018-08-08T16:44:48.0615573-04:00" endTime="2018-08-08T16:44:48.0615689-04:00" testType="13cdc9d9-ddb5-4fa4-a97d-d965ccfc6d4b" outcome="Passed" testListId="8c84fa94-04c1-424b-9868-57a2d4851a1d" relativeResultsDirectory="d782fde3-7637-4ed9-b557-38637d008e91" /><UnitTestResult executionId="2a004d27-33e7-4aeb-843d-3c4bac760a31" testId="bb8daed1-25b2-4edb-a80d-212c7f94f514" testName="Put_InvalidReferencePropertyReturndBadRequest" computerName="VECTOR" duration="00:00:00.0470000" startTime="2018-08-08T16:44:56.5257153-04:00" endTime="2018-08-08T16:44:56.5257214-04:00" testType="13cdc9d9-ddb5-4fa4-a97d-d965ccfc6d4b" outcome="Passed" testListId="8c84fa94-04c1-424b-9868-57a2d4851a1d" relativeResultsDirectory="2a004d27-33e7-4aeb-843d-3c4bac760a31" /><UnitTestResult executionId="88e38d02-0b5f-4e39-b357-273722f30180" testId="c2b73da8-4267-4ad6-b9d7-2ec418c1c6f5" testName="Put_InvalidReferencePropertyReturndBadRequest" computerName="VECTOR" duration="00:00:00.0240000" startTime="2018-08-08T16:44:59.6318697-04:00" endTime="2018-08-08T16:44:59.6318764-04:00" testType="13cdc9d9-ddb5-4fa4-a97d-d965ccfc6d4b" outcome="Passed" testListId="8c84fa94-04c1-424b-9868-57a2d4851a1d" relativeResultsDirectory="88e38d02-0b5f-4e39-b357-273722f30180" /><UnitTestResult executionId="529f7866-af87-4101-946e-0ecf5e8f2d2b" testId="17fdc152-129a-4401-953a-4f78712283fe" testName="PutFile_NewFileCanBePut" computerName="VECTOR" duration="00:00:00.1000000" startTime="2018-08-08T16:44:48.1993713-04:00" endTime="2018-08-08T16:44:48.1993756-04:00" testType="13cdc9d9-ddb5-4fa4-a97d-d965ccfc6d4b" outcome="Passed" testListId="8c84fa94-04c1-424b-9868-57a2d4851a1d" relativeResultsDirectory="529f7866-af87-4101-946e-0ecf5e8f2d2b" /><UnitTestResult executionId="944bbf8e-17dd-4408-9795-c8ebadfe75a6" testId="283d28e5-c74b-4149-873b-70085f1ac454" testName="Patch_InvalidReferencePropertyReturnsBadRequest" computerName="VECTOR" duration="00:00:00.0120000" startTime="2018-08-08T16:44:41.3065575-04:00" endTime="2018-08-08T16:44:41.3065655-04:00" testType="13cdc9d9-ddb5-4fa4-a97d-d965ccfc6d4b" outcome="Passed" testListId="8c84fa94-04c1-424b-9868-57a2d4851a1d" relativeResultsDirectory="944bbf8e-17dd-4408-9795-c8ebadfe75a6" /><UnitTestResult executionId="ac299822-1633-4134-a61b-b795b4597b7a" testId="15af0502-4adf-4eaa-a72c-c2ff564635f3" testName="CameraHasExpectedDependentFiles" computerName="VECTOR" duration="00:00:00.0010000" startTime="2018-08-08T16:44:40.1708111-04:00" endTime="2018-08-08T16:44:40.1708127-04:00" testType="13cdc9d9-ddb5-4fa4-a97d-d965ccfc6d4b" outcome="Passed" testListId="8c84fa94-04c1-424b-9868-57a2d4851a1d" relativeResultsDirectory="ac299822-1633-4134-a61b-b795b4597b7a" /><UnitTestResult executionId="f726cb0a-45b7-4df0-8603-cb5cefb424ed" testId="cf9167db-37e1-48ce-814f-59f539d17c3f" testName="GetFile_FileCanBeRoundTripped" computerName="VECTOR" duration="00:00:00.1010000" startTime="2018-08-08T16:44:59.3839402-04:00" endTime="2018-08-08T16:44:59.3839459-04:00" testType="13cdc9d9-ddb5-4fa4-a97d-d965ccfc6d4b" outcome="Passed" testListId="8c84fa94-04c1-424b-9868-57a2d4851a1d" relativeResultsDirectory="f726cb0a-45b7-4df0-8603-cb5cefb424ed" /><UnitTestResult executionId="27553237-b5bc-467a-88cc-f3667c4d799d" testId="882acaa7-e142-4a19-9711-8d48bc178a64" testName="GetSingle_InvalidIdPropertyValueReturnsNotFound" computerName="VECTOR" duration="00:00:00.0230000" startTime="2018-08-08T16:44:42.2456356-04:00" endTime="2018-08-08T16:44:42.2456437-04:00" testType="13cdc9d9-ddb5-4fa4-a97d-d965ccfc6d4b" outcome="Passed" testListId="8c84fa94-04c1-424b-9868-57a2d4851a1d" relativeResultsDirectory="27553237-b5bc-467a-88cc-f3667c4d799d" /><UnitTestResult executionId="dcf35a74-91ad-484a-841b-db20e3d9a089" testId="699b25e5-37a4-4435-95e2-376501c830d7" testName="PostFile_FileIsSynchronizedIsUpdatedAfterFileIsPosted" computerName="VECTOR" duration="00:00:00.1390000" startTime="2018-08-08T16:44:56.2698427-04:00" endTime="2018-08-08T16:44:56.2698508-04:00" testType="13cdc9d9-ddb5-4fa4-a97d-d965ccfc6d4b" outcome="Passed" testListId="8c84fa94-04c1-424b-9868-57a2d4851a1d" relativeResultsDirectory="dcf35a74-91ad-484a-841b-db20e3d9a089" /><UnitTestResult executionId="178064aa-e1f8-47d6-85a0-5474cca88a6f" testId="3009549f-e20a-4267-85ae-ab5eab9c4e86" testName="GetFile_ExistingFileReturnsSuccess" computerName="VECTOR" duration="00:00:00.1200000" startTime="2018-08-08T16:44:50.7434246-04:00" endTime="2018-08-08T16:44:50.7434330-04:00" testType="13cdc9d9-ddb5-4fa4-a97d-d965ccfc6d4b" outcome="Passed" testListId="8c84fa94-04c1-424b-9868-57a2d4851a1d" relativeResultsDirectory="178064aa-e1f8-47d6-85a0-5474cca88a6f" /><UnitTestResult executionId="f887dc51-84f3-4e60-a1d0-e48368807bc7" testId="7715c6bf-e37e-4a28-929b-363bf7cb0c03" testName="Patch_InvalidIdPropertyReturnsNotFound" computerName="VECTOR" duration="00:00:00.0210000" startTime="2018-08-08T16:44:44.6864645-04:00" endTime="2018-08-08T16:44:44.6864731-04:00" testType="13cdc9d9-ddb5-4fa4-a97d-d965ccfc6d4b" outcome="Passed" testListId="8c84fa94-04c1-424b-9868-57a2d4851a1d" relativeResultsDirectory="f887dc51-84f3-4e60-a1d0-e48368807bc7" /><UnitTestResult executionId="59ca293b-bd19-411c-babd-2dc6cff46b71" testId="3c089b6d-b7a1-488d-bccb-6ab90ba691e0" testName="PostFile_FileIsSynchronizedIsUpdatedAfterFileIsPosted" computerName="VECTOR" duration="00:00:00.0090000" startTime="2018-08-08T16:44:43.9848374-04:00" endTime="2018-08-08T16:44:43.9848412-04:00" testType="13cdc9d9-ddb5-4fa4-a97d-d965ccfc6d4b" outcome="Passed" testListId="8c84fa94-04c1-424b-9868-57a2d4851a1d" relativeResultsDirectory="59ca293b-bd19-411c-babd-2dc6cff46b71" /><UnitTestResult executionId="2fb477e7-8504-48e9-be32-961606e5ff8b" testId="da5d343e-b549-4c50-9a5a-43af69cf8407" testName="Post_InvalidReferencePropertyReturnsBadRequest" computerName="VECTOR" duration="00:00:00.0180000" startTime="2018-08-08T16:44:59.5439442-04:00" endTime="2018-08-08T16:44:59.5439519-04:00" testType="13cdc9d9-ddb5-4fa4-a97d-d965ccfc6d4b" outcome="Passed" testListId="8c84fa94-04c1-424b-9868-57a2d4851a1d" relativeResultsDirectory="2fb477e7-8504-48e9-be32-961606e5ff8b" /><UnitTestResult executionId="99259052-3697-4eca-88ec-1594ee308e78" testId="ef69d4e5-ea09-48ef-a2a9-2b24a7eb19ff" testName="Delete_TargetModelIsDeleted" computerName="VECTOR" duration="00:00:00.0300000" startTime="2018-08-08T16:44:59.4831360-04:00" endTime="2018-08-08T16:44:59.4831422-04:00" testType="13cdc9d9-ddb5-4fa4-a97d-d965ccfc6d4b" outcome="Passed" testListId="8c84fa94-04c1-424b-9868-57a2d4851a1d" relativeResultsDirectory="99259052-3697-4eca-88ec-1594ee308e78" /><UnitTestResult executionId="8436d322-d36d-44b8-8deb-945b6a0dc60c" testId="383fb8bb-f4fc-49d7-a957-a8ea873a24c5" testName="Patch_InvalidEnumPropertyValueReturnsBadRequest" computerName="VECTOR" duration="00:00:00.0180000" startTime="2018-08-08T16:44:42.6385168-04:00" endTime="2018-08-08T16:44:42.6385246-04:00" testType="13cdc9d9-ddb5-4fa4-a97d-d965ccfc6d4b" outcome="Passed" testListId="8c84fa94-04c1-424b-9868-57a2d4851a1d" relativeResultsDirectory="8436d322-d36d-44b8-8deb-945b6a0dc60c" /><UnitTestResult executionId="c5460504-68db-4a40-b9c2-56e932564845" testId="0b707034-0eff-4400-81c2-b44775767b08" testName="Post_CanCreateNewModel" computerName="VECTOR" duration="00:00:00.0400000" startTime="2018-08-08T16:44:47.6982327-04:00" endTime="2018-08-08T16:44:47.6982430-04:00" testType="13cdc9d9-ddb5-4fa4-a97d-d965ccfc6d4b" outcome="Passed" testListId="8c84fa94-04c1-424b-9868-57a2d4851a1d" relativeResultsDirectory="c5460504-68db-4a40-b9c2-56e932564845" /><UnitTestResult executionId="f1e681ca-c207-4670-8f5e-1e09c1d60b1d" testId="ee25fdc0-485f-4601-b1a4-56d782739eed" testName="Patch_MultipleInvalidReferencePropertiesReturnsMultipleValidationErrorsAndBadRequest" computerName="VECTOR" duration="00:00:00.0390000" startTime="2018-08-08T16:44:47.8843576-04:00" endTime="2018-08-08T16:44:47.8843640-04:00" testType="13cdc9d9-ddb5-4fa4-a97d-d965ccfc6d4b" outcome="Passed" testListId="8c84fa94-04c1-424b-9868-57a2d4851a1d" relativeResultsDirectory="f1e681ca-c207-4670-8f5e-1e09c1d60b1d" /><UnitTestResult executionId="8f7c027b-138c-486c-8a36-bd71f1d5079e" testId="cd1e672f-e450-49d9-a888-3df5f5f176d8" testName="Post_CanCreateNewModel" computerName="VECTOR" duration="00:00:00.0260000" startTime="2018-08-08T16:44:42.6650566-04:00" endTime="2018-08-08T16:44:42.6650689-04:00" testType="13cdc9d9-ddb5-4fa4-a97d-d965ccfc6d4b" outcome="Passed" testListId="8c84fa94-04c1-424b-9868-57a2d4851a1d" relativeResultsDirectory="8f7c027b-138c-486c-8a36-bd71f1d5079e" /><UnitTestResult executionId="a0ea6245-3097-4236-b4c4-29b23dd2e06a" testId="af3708c0-18d9-4e8a-b030-f8bd656c3c7c" testName="LucyModel3dHasTwoDependents" computerName="VECTOR" duration="00:00:01.2990000" startTime="2018-08-08T16:44:40.1574062-04:00" endTime="2018-08-08T16:44:40.1574177-04:00" testType="13cdc9d9-ddb5-4fa4-a97d-d965ccfc6d4b" outcome="Passed" testListId="8c84fa94-04c1-424b-9868-57a2d4851a1d" relativeResultsDirectory="a0ea6245-3097-4236-b4c4-29b23dd2e06a" /><UnitTestResult executionId="0788d0ac-00c3-4a40-9a30-00926bcff6ee" testId="68eccb9d-0620-439b-82f1-37d50e7f734f" testName="Patch_InvalidPropertyNameReturnsBadRequest" computerName="VECTOR" duration="00:00:00.0260000" startTime="2018-08-08T16:44:42.3199635-04:00" endTime="2018-08-08T16:44:42.3199719-04:00" testType="13cdc9d9-ddb5-4fa4-a97d-d965ccfc6d4b" outcome="Passed" testListId="8c84fa94-04c1-424b-9868-57a2d4851a1d" relativeResultsDirectory="0788d0ac-00c3-4a40-9a30-00926bcff6ee" /><UnitTestResult executionId="50c9cfd1-66cf-4432-b8ff-b367ab2aa7a3" testId="3daa4cf6-b5c9-49c6-86d0-8b6f3816bfb8" testName="FileRequest_FileCanBeReadAfterRename" computerName="VECTOR" duration="00:00:00.1220000" startTime="2018-08-08T16:44:56.3924095-04:00" endTime="2018-08-08T16:44:56.3924158-04:00" testType="13cdc9d9-ddb5-4fa4-a97d-d965ccfc6d4b" outcome="Passed" testListId="8c84fa94-04c1-424b-9868-57a2d4851a1d" relativeResultsDirectory="50c9cfd1-66cf-4432-b8ff-b367ab2aa7a3" /><UnitTestResult executionId="3efa18ca-5afa-40c9-8516-8f3b99979055" testId="b779d07e-29a1-46fc-85a4-6acd833ea990" testName="PostFile_FileTimeStampIsUpdatedAfterFileIsPosted" computerName="VECTOR" duration="00:00:01.1700000" startTime="2018-08-08T16:44:51.9144323-04:00" endTime="2018-08-08T16:44:51.9144368-04:00" testType="13cdc9d9-ddb5-4fa4-a97d-d965ccfc6d4b" outcome="Passed" testListId="8c84fa94-04c1-424b-9868-57a2d4851a1d" relativeResultsDirectory="3efa18ca-5afa-40c9-8516-8f3b99979055" /><UnitTestResult executionId="4c939d5d-4c9e-4257-8cde-49c10bdea5b1" testId="3cdbb53d-61f4-47c9-a058-f990fc285c07" testName="LucyCameraFindsAllDependents" computerName="VECTOR" duration="00:00:00.0120000" startTime="2018-08-08T16:44:40.1702557-04:00" endTime="2018-08-08T16:44:40.1702646-04:00" testType="13cdc9d9-ddb5-4fa4-a97d-d965ccfc6d4b" outcome="Passed" testListId="8c84fa94-04c1-424b-9868-57a2d4851a1d" relativeResultsDirectory="4c939d5d-4c9e-4257-8cde-49c10bdea5b1" /><UnitTestResult executionId="8982f244-94fc-4bb4-acde-f35b77b0c6da" testId="5d916ddc-802b-41d0-b030-42b15f5a6a09" testName="Put_InvalidReferencePropertyReturndBadRequest" computerName="VECTOR" duration="00:00:00.0440000" startTime="2018-08-08T16:44:48.0385813-04:00" endTime="2018-08-08T16:44:48.0385917-04:00" testType="13cdc9d9-ddb5-4fa4-a97d-d965ccfc6d4b" outcome="Passed" testListId="8c84fa94-04c1-424b-9868-57a2d4851a1d" relativeResultsDirectory="8982f244-94fc-4bb4-acde-f35b77b0c6da" /><UnitTestResult executionId="e40e95b9-04c9-40d3-bc5d-b421d0bb5939" testId="be5b652d-3532-43f2-a3f5-1d3eeaef5959" testName="PutFile_FileCanBeUpdated" computerName="VECTOR" duration="00:00:00.1570000" startTime="2018-08-08T16:44:58.5435074-04:00" endTime="2018-08-08T16:44:58.5435133-04:00" testType="13cdc9d9-ddb5-4fa4-a97d-d965ccfc6d4b" outcome="Passed" testListId="8c84fa94-04c1-424b-9868-57a2d4851a1d" relativeResultsDirectory="e40e95b9-04c9-40d3-bc5d-b421d0bb5939" /><UnitTestResult executionId="90e734dd-d165-4af9-a2ba-384781e16964" testId="fe21bf5f-1b2e-49e7-a0a6-50c1b45666dc" testName="PostFile_FileTimeStampIsUpdatedAfterFileIsPosted" computerName="VECTOR" duration="00:00:00.0120000" startTime="2018-08-08T16:44:42.7757977-04:00" endTime="2018-08-08T16:44:42.7758157-04:00" testType="13cdc9d9-ddb5-4fa4-a97d-d965ccfc6d4b" outcome="Passed" testListId="8c84fa94-04c1-424b-9868-57a2d4851a1d" relativeResultsDirectory="90e734dd-d165-4af9-a2ba-384781e16964" /><UnitTestResult executionId="59e26343-6e4d-43de-b932-9af41e3bf5c0" testId="9c3bd25c-ecd9-4771-b074-54f0327bee0d" testName="Patch_InvalidIdPropertyReturnsNotFound" computerName="VECTOR" duration="00:00:00.0190000" startTime="2018-08-08T16:44:42.5188456-04:00" endTime="2018-08-08T16:44:42.5188548-04:00" testType="13cdc9d9-ddb5-4fa4-a97d-d965ccfc6d4b" outcome="Passed" testListId="8c84fa94-04c1-424b-9868-57a2d4851a1d" relativeResultsDirectory="59e26343-6e4d-43de-b932-9af41e3bf5c0" /><UnitTestResult executionId="aed2c7e7-ea32-4dfa-915e-e580b189254a" testId="f7cd2084-2ee6-42d6-8146-c64059b2ef63" testName="GetSingle_ValidIdPropertyValueReturnsCorrectModel" computerName="VECTOR" duration="00:00:00.0200000" startTime="2018-08-08T16:44:42.3583842-04:00" endTime="2018-08-08T16:44:42.3583909-04:00" testType="13cdc9d9-ddb5-4fa4-a97d-d965ccfc6d4b" outcome="Passed" testListId="8c84fa94-04c1-424b-9868-57a2d4851a1d" relativeResultsDirectory="aed2c7e7-ea32-4dfa-915e-e580b189254a" /><UnitTestResult executionId="f768cc1d-99e4-46c7-a0c4-fd841056fc87" testId="6dc4fb84-9e12-427c-9f50-48925889526c" testName="Patch_ValidReferencePropertyUpdatesModel" computerName="VECTOR" duration="00:00:00.0600000" startTime="2018-08-08T16:44:57.0762278-04:00" endTime="2018-08-08T16:44:57.0762342-04:00" testType="13cdc9d9-ddb5-4fa4-a97d-d965ccfc6d4b" outcome="Passed" testListId="8c84fa94-04c1-424b-9868-57a2d4851a1d" relativeResultsDirectory="f768cc1d-99e4-46c7-a0c4-fd841056fc87" /><UnitTestResult executionId="70a1dc70-20d1-4c16-92bb-e41168264525" testId="0cb242f7-541d-4388-8ca9-dd9a663264bc" testName="Patch_MultipleInvalidReferencePropertiesReturnsMultipleValidationErrorsAndBadRequest" computerName="VECTOR" duration="00:00:00.0270000" startTime="2018-08-08T16:44:56.9248566-04:00" endTime="2018-08-08T16:44:56.9248667-04:00" testType="13cdc9d9-ddb5-4fa4-a97d-d965ccfc6d4b" outcome="Passed" testListId="8c84fa94-04c1-424b-9868-57a2d4851a1d" relativeResultsDirectory="70a1dc70-20d1-4c16-92bb-e41168264525" /><UnitTestResult executionId="c869c825-f39e-4379-b5de-726387bef95f" testId="24bd886e-b118-4adb-85ee-1d5c686fe14f" testName="GetSingle_InvalidIdPropertyValueReturnsNotFound" computerName="VECTOR" duration="00:00:00.0170000" startTime="2018-08-08T16:44:41.4326260-04:00" endTime="2018-08-08T16:44:41.4326338-04:00" testType="13cdc9d9-ddb5-4fa4-a97d-d965ccfc6d4b" outcome="Passed" testListId="8c84fa94-04c1-424b-9868-57a2d4851a1d" relativeResultsDirectory="c869c825-f39e-4379-b5de-726387bef95f" /><UnitTestResult executionId="67ecf0ba-1093-4d44-b95a-a215543a1325" testId="0040871d-2e4e-4615-ba45-84ea9436296d" testName="Delete_TargetModelIsDeleted" computerName="VECTOR" duration="00:00:00.0350000" startTime="2018-08-08T16:44:42.7268544-04:00" endTime="2018-08-08T16:44:42.7268630-04:00" testType="13cdc9d9-ddb5-4fa4-a97d-d965ccfc6d4b" outcome="Passed" testListId="8c84fa94-04c1-424b-9868-57a2d4851a1d" relativeResultsDirectory="67ecf0ba-1093-4d44-b95a-a215543a1325" /><UnitTestResult executionId="ebf95c44-bb73-4632-b253-a41bd4dcdf5e" testId="dc79c984-2a6d-4c55-bfb0-b26d407485c6" testName="Patch_MultipleInvalidReferencePropertiesReturnsMultipleValidationErrorsAndBadRequest" computerName="VECTOR" duration="00:00:00.0360000" startTime="2018-08-08T16:44:59.6955629-04:00" endTime="2018-08-08T16:44:59.6955721-04:00" testType="13cdc9d9-ddb5-4fa4-a97d-d965ccfc6d4b" outcome="Passed" testListId="8c84fa94-04c1-424b-9868-57a2d4851a1d" relativeResultsDirectory="ebf95c44-bb73-4632-b253-a41bd4dcdf5e" /><UnitTestResult executionId="34250065-e00d-42c0-8087-b6f187c529b7" testId="b1a351e0-d9b0-4f01-9818-f69c434da017" testName="Put_CanUpdateModel" computerName="VECTOR" duration="00:00:00.0630000" startTime="2018-08-08T16:44:59.6074680-04:00" endTime="2018-08-08T16:44:59.6074744-04:00" testType="13cdc9d9-ddb5-4fa4-a97d-d965ccfc6d4b" outcome="Passed" testListId="8c84fa94-04c1-424b-9868-57a2d4851a1d" relativeResultsDirectory="34250065-e00d-42c0-8087-b6f187c529b7" /><UnitTestResult executionId="09f0f710-8cad-4d7d-a0c5-7193147e54a5" testId="a15836a3-d542-44a4-a90a-38c1459071ec" testName="PutFile_NewFileCanBePut" computerName="VECTOR" duration="00:00:00.1500000" startTime="2018-08-08T16:44:42.9267358-04:00" endTime="2018-08-08T16:44:42.9267425-04:00" testType="13cdc9d9-ddb5-4fa4-a97d-d965ccfc6d4b" outcome="Passed" testListId="8c84fa94-04c1-424b-9868-57a2d4851a1d" relativeResultsDirectory="09f0f710-8cad-4d7d-a0c5-7193147e54a5" /><UnitTestResult executionId="add175e7-02d7-4a18-a447-2d36ff282733" testId="5a546460-cd88-4e79-a0a7-4477c5991c56" testName="GetFile_FileCanBeRoundTripped" computerName="VECTOR" duration="00:00:00.0980000" startTime="2018-08-08T16:44:50.4619953-04:00" endTime="2018-08-08T16:44:50.4620007-04:00" testType="13cdc9d9-ddb5-4fa4-a97d-d965ccfc6d4b" outcome="Passed" testListId="8c84fa94-04c1-424b-9868-57a2d4851a1d" relativeResultsDirectory="add175e7-02d7-4a18-a447-2d36ff282733" /><UnitTestResult executionId="121828f2-8f5a-4b37-82df-752d7de03a7a" testId="610cda03-974e-47ab-b214-1b05b9ffaeb3" testName="Put_CanUpdateModel" computerName="VECTOR" duration="00:00:00.0640000" startTime="2018-08-08T16:44:44.9133466-04:00" endTime="2018-08-08T16:44:44.9133558-04:00" testType="13cdc9d9-ddb5-4fa4-a97d-d965ccfc6d4b" outcome="Passed" testListId="8c84fa94-04c1-424b-9868-57a2d4851a1d" relativeResultsDirectory="121828f2-8f5a-4b37-82df-752d7de03a7a" /><UnitTestResult executionId="c64a4598-f64d-4ce5-8d31-25362f9d968f" testId="ff31a07a-de4a-4372-a4c4-438ed7cd2834" testName="MeshTransformHasExpectedDependentFiles" computerName="VECTOR" duration="00:00:00.0010000" startTime="2018-08-08T16:44:40.1711325-04:00" endTime="2018-08-08T16:44:40.1711352-04:00" testType="13cdc9d9-ddb5-4fa4-a97d-d965ccfc6d4b" outcome="Passed" testListId="8c84fa94-04c1-424b-9868-57a2d4851a1d" relativeResultsDirectory="c64a4598-f64d-4ce5-8d31-25362f9d968f" /><UnitTestResult executionId="23050965-d73a-44fc-8b02-b046eb907b6a" testId="a61ed667-4711-4810-98ce-83b1d071322c" testName="Patch_InvalidIdPropertyReturnsNotFound" computerName="VECTOR" duration="00:00:00.0270000" startTime="2018-08-08T16:44:47.7901102-04:00" endTime="2018-08-08T16:44:47.7901166-04:00" testType="13cdc9d9-ddb5-4fa4-a97d-d965ccfc6d4b" outcome="Passed" testListId="8c84fa94-04c1-424b-9868-57a2d4851a1d" relativeResultsDirectory="23050965-d73a-44fc-8b02-b046eb907b6a" /><UnitTestResult executionId="96b91ef3-da58-46d0-b47e-2e6df9b6c3f6" testId="1e734b6a-7378-4644-9822-1cacff1e92e6" testName="Put_CanUpdateModel" computerName="VECTOR" duration="00:00:00.1140000" startTime="2018-08-08T16:44:42.2218471-04:00" endTime="2018-08-08T16:44:42.2218539-04:00" testType="13cdc9d9-ddb5-4fa4-a97d-d965ccfc6d4b" outcome="Passed" testListId="8c84fa94-04c1-424b-9868-57a2d4851a1d" relativeResultsDirectory="96b91ef3-da58-46d0-b47e-2e6df9b6c3f6" /><UnitTestResult executionId="f9837d99-71a6-4c8b-a083-ad045a21261c" testId="bac4a799-39f5-4882-b9d6-b381df949567" testName="Patch_InvalidEnumPropertyValueReturnsBadRequest" computerName="VECTOR" duration="00:00:00.0090000" startTime="2018-08-08T16:44:59.5097386-04:00" endTime="2018-08-08T16:44:59.5097477-04:00" testType="13cdc9d9-ddb5-4fa4-a97d-d965ccfc6d4b" outcome="Passed" testListId="8c84fa94-04c1-424b-9868-57a2d4851a1d" relativeResultsDirectory="f9837d99-71a6-4c8b-a083-ad045a21261c" /><UnitTestResult executionId="0cf1b555-0438-4986-b98f-3f6fc9313d44" testId="97ad05fb-265a-4acc-9511-56c50e8570a3" testName="Delete_TargetModelIsDeleted" computerName="VECTOR" duration="00:00:00.0340000" startTime="2018-08-08T16:44:56.5606765-04:00" endTime="2018-08-08T16:44:56.5606829-04:00" testType="13cdc9d9-ddb5-4fa4-a97d-d965ccfc6d4b" outcome="Passed" testListId="8c84fa94-04c1-424b-9868-57a2d4851a1d" relativeResultsDirectory="0cf1b555-0438-4986-b98f-3f6fc9313d44" /><UnitTestResult executionId="f5a1f112-976e-41e9-800b-92beb90cb1e4" testId="9d546840-2cbe-4435-925f-5aafdb95468d" testName="PutFile_NewFileCanBePut" computerName="VECTOR" duration="00:00:00.0860000" startTime="2018-08-08T16:44:59.1245833-04:00" endTime="2018-08-08T16:44:59.1245887-04:00" testType="13cdc9d9-ddb5-4fa4-a97d-d965ccfc6d4b" outcome="Passed" testListId="8c84fa94-04c1-424b-9868-57a2d4851a1d" relativeResultsDirectory="f5a1f112-976e-41e9-800b-92beb90cb1e4" /><UnitTestResult executionId="adfa6528-e05f-4cf8-a411-17921604be72" testId="11d582f7-c344-4d5f-be7e-12fbe7f065e0" testName="Delete_TargetModelIsDeleted" computerName="VECTOR" duration="00:00:00.1450000" startTime="2018-08-08T16:44:44.3893974-04:00" endTime="2018-08-08T16:44:44.3894042-04:00" testType="13cdc9d9-ddb5-4fa4-a97d-d965ccfc6d4b" outcome="Passed" testListId="8c84fa94-04c1-424b-9868-57a2d4851a1d" relativeResultsDirectory="adfa6528-e05f-4cf8-a411-17921604be72" /><UnitTestResult executionId="42038d45-5c56-4f06-9205-0b81a15b617e" testId="930df980-6c0e-4b62-86b0-69e5ed2ac810" testName="GetSingle_InvalidIdPropertyValueReturnsNotFound" computerName="VECTOR" duration="00:00:00.0160000" startTime="2018-08-08T16:44:59.5257361-04:00" endTime="2018-08-08T16:44:59.5257421-04:00" testType="13cdc9d9-ddb5-4fa4-a97d-d965ccfc6d4b" outcome="Passed" testListId="8c84fa94-04c1-424b-9868-57a2d4851a1d" relativeResultsDirectory="42038d45-5c56-4f06-9205-0b81a15b617e" /><UnitTestResult executionId="80077b02-ce7a-4dc1-a260-f9878ee146fc" testId="bb3b1614-3c76-45ed-a53b-7082e7a5524a" testName="FileRequest_DepthBufferIsInvalidatedAfterCameraDependencyPropertyChange" computerName="VECTOR" duration="00:00:00.3370000" startTime="2018-08-08T16:44:59.0186825-04:00" endTime="2018-08-08T16:44:59.0186889-04:00" testType="13cdc9d9-ddb5-4fa4-a97d-d965ccfc6d4b" outcome="Passed" testListId="8c84fa94-04c1-424b-9868-57a2d4851a1d" relativeResultsDirectory="80077b02-ce7a-4dc1-a260-f9878ee146fc" /><UnitTestResult executionId="4b2bd4ef-fbc2-40c3-ac06-5ab3ee51d795" testId="3a9cb851-c4e2-47b3-983c-60a22c6133bc" testName="Post_ValidReferencePropertyCreatesModel" computerName="VECTOR" duration="00:00:00.0120000" startTime="2018-08-08T16:44:40.9620656-04:00" endTime="2018-08-08T16:44:40.9620786-04:00" testType="13cdc9d9-ddb5-4fa4-a97d-d965ccfc6d4b" outcome="Passed" testListId="8c84fa94-04c1-424b-9868-57a2d4851a1d" relativeResultsDirectory="4b2bd4ef-fbc2-40c3-ac06-5ab3ee51d795" /><UnitTestResult executionId="b839ff5d-0c2b-446d-b594-41abc1438e6a" testId="1205650d-9b8b-4bd6-910b-12497382dcf7" testName="Patch_InvalidEnumPropertyValueReturnsBadRequest" computerName="VECTOR" duration="00:00:00.0130000" startTime="2018-08-08T16:44:44.6993427-04:00" endTime="2018-08-08T16:44:44.6993499-04:00" testType="13cdc9d9-ddb5-4fa4-a97d-d965ccfc6d4b" outcome="Passed" testListId="8c84fa94-04c1-424b-9868-57a2d4851a1d" relativeResultsDirectory="b839ff5d-0c2b-446d-b594-41abc1438e6a" /><UnitTestResult executionId="82c3e4d6-9a07-4383-9d2c-7dc2a414b7a7" testId="4bbf660b-4078-449c-bd6e-b2dbb386033e" testName="GetFile_ExistingFileReturnsSuccess" computerName="VECTOR" duration="00:00:00.0560000" startTime="2018-08-08T16:44:57.2320645-04:00" endTime="2018-08-08T16:44:57.2320758-04:00" testType="13cdc9d9-ddb5-4fa4-a97d-d965ccfc6d4b" outcome="Passed" testListId="8c84fa94-04c1-424b-9868-57a2d4851a1d" relativeResultsDirectory="82c3e4d6-9a07-4383-9d2c-7dc2a414b7a7" /><UnitTestResult executionId="f26e72c9-e259-4f2a-ab35-4f37c404bddf" testId="3e5cb5a9-2424-4534-b493-5762d1c847d4" testName="GetSingle_ValidIdPropertyValueReturnsCorrectModel" computerName="VECTOR" duration="00:00:00.0270000" startTime="2018-08-08T16:44:47.9938158-04:00" endTime="2018-08-08T16:44:47.9938216-04:00" testType="13cdc9d9-ddb5-4fa4-a97d-d965ccfc6d4b" outcome="Passed" testListId="8c84fa94-04c1-424b-9868-57a2d4851a1d" relativeResultsDirectory="f26e72c9-e259-4f2a-ab35-4f37c404bddf" /><UnitTestResult executionId="c3abfa00-e97b-4029-8787-05dc93c8b386" testId="a84408bf-e29a-4075-93ba-542bd275c19a" testName="Post_ValidReferencePropertyCreatesModel" computerName="VECTOR" duration="00:00:00.0400000" startTime="2018-08-08T16:44:47.9252749-04:00" endTime="2018-08-08T16:44:47.9252811-04:00" testType="13cdc9d9-ddb5-4fa4-a97d-d965ccfc6d4b" outcome="Passed" testListId="8c84fa94-04c1-424b-9868-57a2d4851a1d" relativeResultsDirectory="c3abfa00-e97b-4029-8787-05dc93c8b386" /><UnitTestResult executionId="878b9c83-5915-41ea-a411-bfc7574fe82f" testId="4c722904-cdcf-4456-9984-d92ec749a7cc" testName="Post_CanCreateNewModel" computerName="VECTOR" duration="00:00:00.0260000" startTime="2018-08-08T16:44:41.3328509-04:00" endTime="2018-08-08T16:44:41.3328592-04:00" testType="13cdc9d9-ddb5-4fa4-a97d-d965ccfc6d4b" outcome="Passed" testListId="8c84fa94-04c1-424b-9868-57a2d4851a1d" relativeResultsDirectory="878b9c83-5915-41ea-a411-bfc7574fe82f" /><UnitTestResult executionId="71e99e6c-8beb-466b-8d09-716dc01c7cde" testId="ef0ab2cc-959f-467f-b396-9887679be059" testName="Put_ValidReferencePropertyUpdatesModel" computerName="VECTOR" duration="00:00:00.1010000" startTime="2018-08-08T16:44:44.5926247-04:00" endTime="2018-08-08T16:44:44.5926333-04:00" testType="13cdc9d9-ddb5-4fa4-a97d-d965ccfc6d4b" outcome="Passed" testListId="8c84fa94-04c1-424b-9868-57a2d4851a1d" relativeResultsDirectory="71e99e6c-8beb-466b-8d09-716dc01c7cde" /><UnitTestResult executionId="bbbff973-faed-4adb-8cd4-4b4742477706" testId="1a0d93aa-f6bd-4866-85cc-09944949d29f" testName="Post_InvalidReferencePropertyReturnsBadRequest" computerName="VECTOR" duration="00:00:00.0270000" startTime="2018-08-08T16:44:47.8443732-04:00" endTime="2018-08-08T16:44:47.8443794-04:00" testType="13cdc9d9-ddb5-4fa4-a97d-d965ccfc6d4b" outcome="Passed" testListId="8c84fa94-04c1-424b-9868-57a2d4851a1d" relativeResultsDirectory="bbbff973-faed-4adb-8cd4-4b4742477706" /><UnitTestResult executionId="3995c7dc-cc44-4dac-a4fc-6e1d440d71d6" testId="fcaa2b83-6fa6-4513-8e49-13b9f407d314" testName="Patch_InvalidReferencePropertyReturnsBadRequest" computerName="VECTOR" duration="00:00:00.0320000" startTime="2018-08-08T16:44:56.8972989-04:00" endTime="2018-08-08T16:44:56.8973050-04:00" testType="13cdc9d9-ddb5-4fa4-a97d-d965ccfc6d4b" outcome="Passed" testListId="8c84fa94-04c1-424b-9868-57a2d4851a1d" relativeResultsDirectory="3995c7dc-cc44-4dac-a4fc-6e1d440d71d6" /><UnitTestResult executionId="5745f119-1ddd-44fb-be4f-bc4966f36d32" testId="eaa47630-bdc2-4e11-9f84-fd468f75d2e7" testName="Put_ValidReferencePropertyUpdatesModel" computerName="VECTOR" duration="00:00:00.1910000" startTime="2018-08-08T16:44:56.8643476-04:00" endTime="2018-08-08T16:44:56.8643538-04:00" testType="13cdc9d9-ddb5-4fa4-a97d-d965ccfc6d4b" outcome="Passed" testListId="8c84fa94-04c1-424b-9868-57a2d4851a1d" relativeResultsDirectory="5745f119-1ddd-44fb-be4f-bc4966f36d32" /><UnitTestResult executionId="43472b28-007f-4456-bea7-20d12ecea14c" testId="92b86827-de2a-4f80-a550-e4ecb15a3979" testName="Post_InvalidReferencePropertyReturnsBadRequest" computerName="VECTOR" duration="00:00:00.0120000" startTime="2018-08-08T16:44:40.9737617-04:00" endTime="2018-08-08T16:44:40.9737733-04:00" testType="13cdc9d9-ddb5-4fa4-a97d-d965ccfc6d4b" outcome="Passed" testListId="8c84fa94-04c1-424b-9868-57a2d4851a1d" relativeResultsDirectory="43472b28-007f-4456-bea7-20d12ecea14c" /><UnitTestResult executionId="d7834e70-945a-4f25-b5d6-1ef856ed6cc6" testId="306e2037-8bf3-4bf1-83d4-b18d32318c6d" testName="Patch_TargetPropertyIsUpdated" computerName="VECTOR" duration="00:00:00.2060000" startTime="2018-08-08T16:44:42.1077346-04:00" endTime="2018-08-08T16:44:42.1077414-04:00" testType="13cdc9d9-ddb5-4fa4-a97d-d965ccfc6d4b" outcome="Passed" testListId="8c84fa94-04c1-424b-9868-57a2d4851a1d" relativeResultsDirectory="d7834e70-945a-4f25-b5d6-1ef856ed6cc6" /><UnitTestResult executionId="dfc7e8c3-0225-41c5-972b-b2f924a0bdab" testId="9b7b61cd-a3c1-4d1d-9aef-ddd0189f55d1" testName="PostFile_NewFileCanBePosted" computerName="VECTOR" duration="00:00:00.0820000" startTime="2018-08-08T16:44:43.8445508-04:00" endTime="2018-08-08T16:44:43.8445591-04:00" testType="13cdc9d9-ddb5-4fa4-a97d-d965ccfc6d4b" outcome="Passed" testListId="8c84fa94-04c1-424b-9868-57a2d4851a1d" relativeResultsDirectory="dfc7e8c3-0225-41c5-972b-b2f924a0bdab" /><UnitTestResult executionId="446299ac-4a3b-4d2d-a38b-d0f0a5f740a0" testId="dcb608be-b4eb-4171-9892-fb21f73bbad4" testName="Post_CanCreateNewModel" computerName="VECTOR" duration="00:00:00.0270000" startTime="2018-08-08T16:44:59.4312723-04:00" endTime="2018-08-08T16:44:59.4312787-04:00" testType="13cdc9d9-ddb5-4fa4-a97d-d965ccfc6d4b" outcome="Passed" testListId="8c84fa94-04c1-424b-9868-57a2d4851a1d" relativeResultsDirectory="446299ac-4a3b-4d2d-a38b-d0f0a5f740a0" /><UnitTestResult executionId="83bfeef7-7409-46ee-a403-8ebe017bf1c2" testId="161ac30d-edfe-4bb0-8120-5ff4ef9b3f03" testName="Patch_ValidReferencePropertyUpdatesModel" computerName="VECTOR" duration="00:00:00.0790000" startTime="2018-08-08T16:44:42.4376274-04:00" endTime="2018-08-08T16:44:42.4376349-04:00" testType="13cdc9d9-ddb5-4fa4-a97d-d965ccfc6d4b" outcome="Passed" testListId="8c84fa94-04c1-424b-9868-57a2d4851a1d" relativeResultsDirectory="83bfeef7-7409-46ee-a403-8ebe017bf1c2" /><UnitTestResult executionId="14fdc24d-b35e-4572-a636-ac73f8a8c9f1" testId="783fd131-dbba-4814-8613-c8d385f9763e" testName="GetSingle_ValidIdPropertyValueReturnsCorrectModel" computerName="VECTOR" duration="00:00:00.0210000" startTime="2018-08-08T16:44:44.9546815-04:00" endTime="2018-08-08T16:44:44.9546887-04:00" testType="13cdc9d9-ddb5-4fa4-a97d-d965ccfc6d4b" outcome="Passed" testListId="8c84fa94-04c1-424b-9868-57a2d4851a1d" relativeResultsDirectory="14fdc24d-b35e-4572-a636-ac73f8a8c9f1" /><UnitTestResult executionId="ed9fbb94-83cf-453f-a928-d0fcc3302512" testId="4e4df5a3-ba3e-4b77-8d2d-40cfe710e614" testName="Patch_InvalidIdPropertyReturnsNotFound" computerName="VECTOR" duration="00:00:00.0190000" startTime="2018-08-08T16:44:59.7150122-04:00" endTime="2018-08-08T16:44:59.7150202-04:00" testType="13cdc9d9-ddb5-4fa4-a97d-d965ccfc6d4b" outcome="Passed" testListId="8c84fa94-04c1-424b-9868-57a2d4851a1d" relativeResultsDirectory="ed9fbb94-83cf-453f-a928-d0fcc3302512" /><UnitTestResult executionId="8743ab36-8991-49d3-82cc-62e6aba6433d" testId="cc6d38f9-1f8e-4e2c-88f9-11ad8ffa4d11" testName="Patch_InvalidReferencePropertyReturnsBadRequest" computerName="VECTOR" duration="00:00:00.0260000" startTime="2018-08-08T16:44:42.6912402-04:00" endTime="2018-08-08T16:44:42.6912470-04:00" testType="13cdc9d9-ddb5-4fa4-a97d-d965ccfc6d4b" outcome="Passed" testListId="8c84fa94-04c1-424b-9868-57a2d4851a1d" relativeResultsDirectory="8743ab36-8991-49d3-82cc-62e6aba6433d" /><UnitTestResult executionId="faae6bb3-2084-417d-8640-acf46bc38d53" testId="bfa31609-06aa-4f11-a941-d6b6d08082a1" testName="Patch_ValidReferencePropertyUpdatesModel" computerName="VECTOR" duration="00:00:00.0670000" startTime="2018-08-08T16:44:59.8134830-04:00" endTime="2018-08-08T16:44:59.8134948-04:00" testType="13cdc9d9-ddb5-4fa4-a97d-d965ccfc6d4b" outcome="Passed" testListId="8c84fa94-04c1-424b-9868-57a2d4851a1d" relativeResultsDirectory="faae6bb3-2084-417d-8640-acf46bc38d53" /><UnitTestResult executionId="ccbc1e1d-4b73-4205-acb2-5048daf4a6ed" testId="249034f6-734c-4e8e-b3e2-be3a14e57be9" testName="GetFile_ExistingFileReturnsSuccess" computerName="VECTOR" duration="00:00:00.5110000" startTime="2018-08-08T16:44:43.6319697-04:00" endTime="2018-08-08T16:44:43.6319771-04:00" testType="13cdc9d9-ddb5-4fa4-a97d-d965ccfc6d4b" outcome="Passed" testListId="8c84fa94-04c1-424b-9868-57a2d4851a1d" relativeResultsDirectory="ccbc1e1d-4b73-4205-acb2-5048daf4a6ed" /><UnitTestResult executionId="a91a6dcf-87a3-41d9-b788-44c58743f9a0" testId="06909916-5b46-41c6-9010-9f1e1ba35541" testName="Post_InvalidReferencePropertyReturnsBadRequest" computerName="VECTOR" duration="00:00:00.0190000" startTime="2018-08-08T16:44:44.9741227-04:00" endTime="2018-08-08T16:44:44.9741304-04:00" testType="13cdc9d9-ddb5-4fa4-a97d-d965ccfc6d4b" outcome="Passed" testListId="8c84fa94-04c1-424b-9868-57a2d4851a1d" relativeResultsDirectory="a91a6dcf-87a3-41d9-b788-44c58743f9a0" /><UnitTestResult executionId="30c1ff6b-d9b9-437b-853c-117983d73373" testId="35057677-0d3d-40cc-bd67-9624931bccc6" testName="Post_InvalidPropertyValueReturnsBadRequest" computerName="VECTOR" duration="00:00:00.0170000" startTime="2018-08-08T16:44:42.3375031-04:00" endTime="2018-08-08T16:44:42.3375103-04:00" testType="13cdc9d9-ddb5-4fa4-a97d-d965ccfc6d4b" outcome="Passed" testListId="8c84fa94-04c1-424b-9868-57a2d4851a1d" relativeResultsDirectory="30c1ff6b-d9b9-437b-853c-117983d73373" /><UnitTestResult executionId="b3e84d90-15f5-49f4-afa8-ebd365519250" testId="cc4da9f7-491c-49f6-8a09-dcce4a71e9ff" testName="DepthBufferHasExpectedDependentFiles" computerName="VECTOR" duration="00:00:00.0010000" startTime="2018-08-08T16:44:40.1785090-04:00" endTime="2018-08-08T16:44:40.1785117-04:00" testType="13cdc9d9-ddb5-4fa4-a97d-d965ccfc6d4b" outcome="Passed" testListId="8c84fa94-04c1-424b-9868-57a2d4851a1d" relativeResultsDirectory="b3e84d90-15f5-49f4-afa8-ebd365519250" /><UnitTestResult executionId="841137b9-7121-4e06-9e5d-68d537f9df88" testId="49dd339d-9156-4a76-a58d-2799446b106c" testName="GetList_ListReturnsCorrectCount" computerName="VECTOR" duration="00:00:01.1500000" startTime="2018-08-08T16:44:46.1252179-04:00" endTime="2018-08-08T16:44:46.1252255-04:00" testType="13cdc9d9-ddb5-4fa4-a97d-d965ccfc6d4b" outcome="Passed" testListId="8c84fa94-04c1-424b-9868-57a2d4851a1d" relativeResultsDirectory="841137b9-7121-4e06-9e5d-68d537f9df88" /><UnitTestResult executionId="55b128ea-4e93-448b-ba19-8bc29219be78" testId="1bbb6278-5fd5-4353-a6f0-7e9d9abfac93" testName="Put_CanUpdateModel" computerName="VECTOR" duration="00:00:00.0500000" startTime="2018-08-08T16:44:57.1755348-04:00" endTime="2018-08-08T16:44:57.1755409-04:00" testType="13cdc9d9-ddb5-4fa4-a97d-d965ccfc6d4b" outcome="Passed" testListId="8c84fa94-04c1-424b-9868-57a2d4851a1d" relativeResultsDirectory="55b128ea-4e93-448b-ba19-8bc29219be78" /><UnitTestResult executionId="4cfe3407-c7e4-4219-b2b9-83cf03885984" testId="2e0aa4d4-8641-4d14-8210-295626424ddf" testName="GetSingle_InvalidIdPropertyValueReturnsNotFound" computerName="VECTOR" duration="00:00:00.0170000" startTime="2018-08-08T16:44:57.0931566-04:00" endTime="2018-08-08T16:44:57.0931617-04:00" testType="13cdc9d9-ddb5-4fa4-a97d-d965ccfc6d4b" outcome="Passed" testListId="8c84fa94-04c1-424b-9868-57a2d4851a1d" relativeResultsDirectory="4cfe3407-c7e4-4219-b2b9-83cf03885984" /><UnitTestResult executionId="68556fe7-a50b-4ddc-bc56-d38adfc413db" testId="87df3931-35e6-40f1-93ea-6fcb3b7e2e0b" testName="Put_ValidReferencePropertyUpdatesModel" computerName="VECTOR" duration="00:00:00.0610000" startTime="2018-08-08T16:44:42.4989333-04:00" endTime="2018-08-08T16:44:42.4989405-04:00" testType="13cdc9d9-ddb5-4fa4-a97d-d965ccfc6d4b" outcome="Passed" testListId="8c84fa94-04c1-424b-9868-57a2d4851a1d" relativeResultsDirectory="68556fe7-a50b-4ddc-bc56-d38adfc413db" /><UnitTestResult executionId="efbb37d1-40b7-47bf-add5-0b73a1b08059" testId="8204aab9-cbc8-4b46-ba52-e68a72928262" testName="Patch_ValidReferencePropertyUpdatesModel" computerName="VECTOR" duration="00:00:00.7220000" startTime="2018-08-08T16:44:46.9383448-04:00" endTime="2018-08-08T16:44:46.9383516-04:00" testType="13cdc9d9-ddb5-4fa4-a97d-d965ccfc6d4b" outcome="Passed" testListId="8c84fa94-04c1-424b-9868-57a2d4851a1d" relativeResultsDirectory="efbb37d1-40b7-47bf-add5-0b73a1b08059" /><UnitTestResult executionId="55c9065a-3e0d-411e-b348-91c4b03cb9a5" testId="d6097db3-6457-44bd-b1df-3a6ae311b0eb" testName="GetFile_FileCanBeRoundTripped" computerName="VECTOR" duration="00:00:00.1130000" startTime="2018-08-08T16:44:43.9581306-04:00" endTime="2018-08-08T16:44:43.9581369-04:00" testType="13cdc9d9-ddb5-4fa4-a97d-d965ccfc6d4b" outcome="Passed" testListId="8c84fa94-04c1-424b-9868-57a2d4851a1d" relativeResultsDirectory="55c9065a-3e0d-411e-b348-91c4b03cb9a5" /><UnitTestResult executionId="0f588c80-27ce-4404-a33f-d563625d45e7" testId="ceb2f76a-e69b-49b2-ac13-d8b089643d71" testName="Put_InvalidIdReturnsNotFound" computerName="VECTOR" duration="00:00:00.0210000" startTime="2018-08-08T16:44:59.4530414-04:00" endTime="2018-08-08T16:44:59.4530482-04:00" testType="13cdc9d9-ddb5-4fa4-a97d-d965ccfc6d4b" outcome="Passed" testListId="8c84fa94-04c1-424b-9868-57a2d4851a1d" relativeResultsDirectory="0f588c80-27ce-4404-a33f-d563625d45e7" /><UnitTestResult executionId="7202d8c2-246a-450c-94a4-d182d036fd05" testId="ca9c4193-57bf-437c-8a52-5fa4aed33120" testName="Post_ValidReferencePropertyCreatesModel" computerName="VECTOR" duration="00:00:00.0270000" startTime="2018-08-08T16:44:59.6591605-04:00" endTime="2018-08-08T16:44:59.6591666-04:00" testType="13cdc9d9-ddb5-4fa4-a97d-d965ccfc6d4b" outcome="Passed" testListId="8c84fa94-04c1-424b-9868-57a2d4851a1d" relativeResultsDirectory="7202d8c2-246a-450c-94a4-d182d036fd05" /><UnitTestResult executionId="075793e7-db08-441d-8a07-3c6fb5793ccb" testId="2e01973f-1d59-4a4c-8f23-0289dcc2ff2e" testName="Patch_InvalidReferencePropertyReturnsBadRequest" computerName="VECTOR" duration="00:00:00.0190000" startTime="2018-08-08T16:44:44.4692933-04:00" endTime="2018-08-08T16:44:44.4693006-04:00" testType="13cdc9d9-ddb5-4fa4-a97d-d965ccfc6d4b" outcome="Passed" testListId="8c84fa94-04c1-424b-9868-57a2d4851a1d" relativeResultsDirectory="075793e7-db08-441d-8a07-3c6fb5793ccb" /><UnitTestResult executionId="5f5324df-172f-426e-8802-8f4401f95ea4" testId="9993cd07-6dd1-4df5-b287-258bbbf8ad5d" testName="Post_InvalidPropertyValueReturnsBadRequest" computerName="VECTOR" duration="00:00:00.0210000" startTime="2018-08-08T16:44:41.5742580-04:00" endTime="2018-08-08T16:44:41.5742652-04:00" testType="13cdc9d9-ddb5-4fa4-a97d-d965ccfc6d4b" outcome="Passed" testListId="8c84fa94-04c1-424b-9868-57a2d4851a1d" relativeResultsDirectory="5f5324df-172f-426e-8802-8f4401f95ea4" /><UnitTestResult executionId="0fbbabf8-675d-4587-9799-458e6e56724f" testId="f9222c09-1fac-46c1-bc4e-c3009bc57678" testName="PostFile_FileTimeStampIsUpdatedAfterFileIsPosted" computerName="VECTOR" duration="00:00:01.1540000" startTime="2018-08-08T16:44:58.3864022-04:00" endTime="2018-08-08T16:44:58.3864065-04:00" testType="13cdc9d9-ddb5-4fa4-a97d-d965ccfc6d4b" outcome="Passed" testListId="8c84fa94-04c1-424b-9868-57a2d4851a1d" relativeResultsDirectory="0fbbabf8-675d-4587-9799-458e6e56724f" /><UnitTestResult executionId="63a7d3aa-5162-4296-8266-d0a57715f88d" testId="2f9a12f2-38a3-454f-90db-6ff21afac54f" testName="Post_CanCreateNewModel" computerName="VECTOR" duration="00:00:00.0320000" startTime="2018-08-08T16:44:56.6117833-04:00" endTime="2018-08-08T16:44:56.6117904-04:00" testType="13cdc9d9-ddb5-4fa4-a97d-d965ccfc6d4b" outcome="Passed" testListId="8c84fa94-04c1-424b-9868-57a2d4851a1d" relativeResultsDirectory="63a7d3aa-5162-4296-8266-d0a57715f88d" /><UnitTestResult executionId="5bbc3d56-1507-4b5f-9039-3e0fadc2affe" testId="9e835733-80c0-4e18-bcda-5ad6f374cb7c" testName="Put_InvalidIdReturnsNotFound" computerName="VECTOR" duration="00:00:00.0280000" startTime="2018-08-08T16:44:56.9990650-04:00" endTime="2018-08-08T16:44:56.9990724-04:00" testType="13cdc9d9-ddb5-4fa4-a97d-d965ccfc6d4b" outcome="Passed" testListId="8c84fa94-04c1-424b-9868-57a2d4851a1d" relativeResultsDirectory="5bbc3d56-1507-4b5f-9039-3e0fadc2affe" /><UnitTestResult executionId="d6cc4790-ced5-4854-baa6-601ba5cf791c" testId="3d6b3111-36b2-4378-ac2e-70a4149424b9" testName="FileRequest_MeshIsInvalidatedAfterDepthBufferFileBecomesUnsynchronized" computerName="VECTOR" duration="00:00:02.1640000" startTime="2018-08-08T16:44:50.3638201-04:00" endTime="2018-08-08T16:44:50.3638262-04:00" testType="13cdc9d9-ddb5-4fa4-a97d-d965ccfc6d4b" outcome="Passed" testListId="8c84fa94-04c1-424b-9868-57a2d4851a1d" relativeResultsDirectory="d6cc4790-ced5-4854-baa6-601ba5cf791c" /><UnitTestResult executionId="9a4e749d-43d6-4720-b62c-424b84de907c" testId="8a7c34c6-0466-4b0d-883c-2cc011a96fbe" testName="Post_CanCreateNewModel" computerName="VECTOR" duration="00:00:00.0280000" startTime="2018-08-08T16:44:44.4496886-04:00" endTime="2018-08-08T16:44:44.4496951-04:00" testType="13cdc9d9-ddb5-4fa4-a97d-d965ccfc6d4b" outcome="Passed" testListId="8c84fa94-04c1-424b-9868-57a2d4851a1d" relativeResultsDirectory="9a4e749d-43d6-4720-b62c-424b84de907c" /><UnitTestResult executionId="d4c16297-0722-4711-b981-f8621e4d228a" testId="8d16bc05-815a-4554-8b5d-757f7318ed8b" testName="Put_InvalidIdReturnsNotFound" computerName="VECTOR" duration="00:00:00.0510000" startTime="2018-08-08T16:44:41.3847299-04:00" endTime="2018-08-08T16:44:41.3847378-04:00" testType="13cdc9d9-ddb5-4fa4-a97d-d965ccfc6d4b" outcome="Passed" testListId="8c84fa94-04c1-424b-9868-57a2d4851a1d" relativeResultsDirectory="d4c16297-0722-4711-b981-f8621e4d228a" /><UnitTestResult executionId="32c9e3ec-1105-4bcf-b68a-0fc07076b6ba" testId="49da553a-1f6a-47a6-bbd8-1364088e1540" testName="Patch_InvalidReferencePropertyReturnsBadRequest" computerName="VECTOR" duration="00:00:00.0240000" startTime="2018-08-08T16:44:59.8382327-04:00" endTime="2018-08-08T16:44:59.8382389-04:00" testType="13cdc9d9-ddb5-4fa4-a97d-d965ccfc6d4b" outcome="Passed" testListId="8c84fa94-04c1-424b-9868-57a2d4851a1d" relativeResultsDirectory="32c9e3ec-1105-4bcf-b68a-0fc07076b6ba" /><UnitTestResult executionId="414ce594-7ac6-4f0f-bdac-1f34b198d24d" testId="1777bb45-6d7b-41f6-97cf-c8c33ef8fdf1" testName="Patch_TargetPropertyIsUpdated" computerName="VECTOR" duration="00:00:00.0610000" startTime="2018-08-08T16:44:56.6728907-04:00" endTime="2018-08-08T16:44:56.6729065-04:00" testType="13cdc9d9-ddb5-4fa4-a97d-d965ccfc6d4b" outcome="Passed" testListId="8c84fa94-04c1-424b-9868-57a2d4851a1d" relativeResultsDirectory="414ce594-7ac6-4f0f-bdac-1f34b198d24d" /><UnitTestResult executionId="ebc012e9-a02d-4d5f-a11d-5f888b0cecc0" testId="30effca1-0302-4ef7-9181-74f2c6d40131" testName="Patch_MultipleInvalidReferencePropertiesReturnsMultipleValidationErrorsAndBadRequest" computerName="VECTOR" duration="00:00:00.0300000" startTime="2018-08-08T16:44:42.5935724-04:00" endTime="2018-08-08T16:44:42.5935806-04:00" testType="13cdc9d9-ddb5-4fa4-a97d-d965ccfc6d4b" outcome="Passed" testListId="8c84fa94-04c1-424b-9868-57a2d4851a1d" relativeResultsDirectory="ebc012e9-a02d-4d5f-a11d-5f888b0cecc0" /><UnitTestResult executionId="7d1a0608-64c2-44f8-9031-fa55c5353bf8" testId="ba46397d-cbbb-4ee8-ba00-3fa6a4fdc5fa" testName="Put_InvalidReferencePropertyReturndBadRequest" computerName="VECTOR" duration="00:00:00.0360000" startTime="2018-08-08T16:44:42.7630109-04:00" endTime="2018-08-08T16:44:42.7630183-04:00" testType="13cdc9d9-ddb5-4fa4-a97d-d965ccfc6d4b" outcome="Passed" testListId="8c84fa94-04c1-424b-9868-57a2d4851a1d" relativeResultsDirectory="7d1a0608-64c2-44f8-9031-fa55c5353bf8" /><UnitTestResult executionId="63c5efb0-f5ac-427f-8dd9-05058151db79" testId="8fb656a6-4248-4e10-b406-f0acb9ebbe16" testName="GetSingle_ValidIdPropertyValueReturnsCorrectModel" computerName="VECTOR" duration="00:00:00.0190000" startTime="2018-08-08T16:44:41.4040437-04:00" endTime="2018-08-08T16:44:41.4040514-04:00" testType="13cdc9d9-ddb5-4fa4-a97d-d965ccfc6d4b" outcome="Passed" testListId="8c84fa94-04c1-424b-9868-57a2d4851a1d" relativeResultsDirectory="63c5efb0-f5ac-427f-8dd9-05058151db79" /><UnitTestResult executionId="09b6d897-ddcb-41c0-9dfb-58c2836acc03" testId="cca3457e-9abd-4302-b769-50382894f17a" testName="Patch_TargetPropertyIsUpdated" computerName="VECTOR" duration="00:00:00.0740000" startTime="2018-08-08T16:44:47.6575232-04:00" endTime="2018-08-08T16:44:47.6575345-04:00" testType="13cdc9d9-ddb5-4fa4-a97d-d965ccfc6d4b" outcome="Passed" testListId="8c84fa94-04c1-424b-9868-57a2d4851a1d" relativeResultsDirectory="09b6d897-ddcb-41c0-9dfb-58c2836acc03" /><UnitTestResult executionId="aa23e61e-6d1f-4af3-8037-e626008414fb" testId="f9898065-1a57-4921-9f4d-0046cd7e532d" testName="Patch_InvalidPropertyNameReturnsBadRequest" computerName="VECTOR" duration="00:00:00.1160000" startTime="2018-08-08T16:44:40.9499548-04:00" endTime="2018-08-08T16:44:40.9499618-04:00" testType="13cdc9d9-ddb5-4fa4-a97d-d965ccfc6d4b" outcome="Passed" testListId="8c84fa94-04c1-424b-9868-57a2d4851a1d" relativeResultsDirectory="aa23e61e-6d1f-4af3-8037-e626008414fb" /><UnitTestResult executionId="bcb2dcd4-aa15-4ef3-8b09-dfaff9ec2097" testId="3274f1d4-adc8-426a-b8ed-abe24b2e07eb" testName="FileRequest_MeshGenerateSetsFileIsSynchronized" computerName="VECTOR" duration="00:00:04.1280000" startTime="2018-08-08T16:44:56.1305226-04:00" endTime="2018-08-08T16:44:56.1305293-04:00" testType="13cdc9d9-ddb5-4fa4-a97d-d965ccfc6d4b" outcome="Passed" testListId="8c84fa94-04c1-424b-9868-57a2d4851a1d" relativeResultsDirectory="bcb2dcd4-aa15-4ef3-8b09-dfaff9ec2097" /><UnitTestResult executionId="003d8cc2-8839-4fa9-ac40-389c795c05db" testId="bb30b296-8498-4dc8-a4ce-9c8ca93dc04f" testName="Put_InvalidIdReturnsNotFound" computerName="VECTOR" duration="00:00:00.2280000" startTime="2018-08-08T16:44:44.2135664-04:00" endTime="2018-08-08T16:44:44.2135739-04:00" testType="13cdc9d9-ddb5-4fa4-a97d-d965ccfc6d4b" outcome="Passed" testListId="8c84fa94-04c1-424b-9868-57a2d4851a1d" relativeResultsDirectory="003d8cc2-8839-4fa9-ac40-389c795c05db" /><UnitTestResult executionId="abb62c95-ea80-4973-8f04-94eedb2e04cc" testId="2e59d9ed-4197-416c-8a1f-14b3bf10a698" testName="PostFile_FileIsSynchronizedIsUpdatedAfterFileIsPosted" computerName="VECTOR" duration="00:00:00.0780000" startTime="2018-08-08T16:44:59.2031008-04:00" endTime="2018-08-08T16:44:59.2031061-04:00" testType="13cdc9d9-ddb5-4fa4-a97d-d965ccfc6d4b" outcome="Passed" testListId="8c84fa94-04c1-424b-9868-57a2d4851a1d" relativeResultsDirectory="abb62c95-ea80-4973-8f04-94eedb2e04cc" /><UnitTestResult executionId="7806a109-d647-46a8-9f3c-031d0bfbb6ca" testId="f7f2608f-b8ca-4d2e-9a5d-395aedf31ce1" testName="Patch_TargetPropertyIsUpdated" computerName="VECTOR" duration="00:00:00.0730000" startTime="2018-08-08T16:44:44.8487904-04:00" endTime="2018-08-08T16:44:44.8487982-04:00" testType="13cdc9d9-ddb5-4fa4-a97d-d965ccfc6d4b" outcome="Passed" testListId="8c84fa94-04c1-424b-9868-57a2d4851a1d" relativeResultsDirectory="7806a109-d647-46a8-9f3c-031d0bfbb6ca" /><UnitTestResult executionId="eedbe48b-1959-45c0-b0cd-49040a4b0383" testId="038bdf1a-625a-4d64-a735-325d97b83bad" testName="Put_CanUpdateModel" computerName="VECTOR" duration="00:00:00.5500000" startTime="2018-08-08T16:44:47.4890747-04:00" endTime="2018-08-08T16:44:47.4890812-04:00" testType="13cdc9d9-ddb5-4fa4-a97d-d965ccfc6d4b" outcome="Passed" testListId="8c84fa94-04c1-424b-9868-57a2d4851a1d" relativeResultsDirectory="eedbe48b-1959-45c0-b0cd-49040a4b0383" /><UnitTestResult executionId="83833b6d-c33e-4ebc-bf87-24caaaf55dfc" testId="b2f7126b-0070-4954-9e6f-5cdeea99e3dd" testName="Patch_InvalidEnumPropertyValueReturnsBadRequest" computerName="VECTOR" duration="00:00:00.0380000" startTime="2018-08-08T16:44:56.4318816-04:00" endTime="2018-08-08T16:44:56.4318876-04:00" testType="13cdc9d9-ddb5-4fa4-a97d-d965ccfc6d4b" outcome="Passed" testListId="8c84fa94-04c1-424b-9868-57a2d4851a1d" relativeResultsDirectory="83833b6d-c33e-4ebc-bf87-24caaaf55dfc" /><UnitTestResult executionId="72854cfa-d8d6-4171-965d-8640aa978730" testId="5e03aed8-8db2-4b8e-88fb-c32b1ca07c02" testName="Patch_InvalidPropertyNameReturnsBadRequest" computerName="VECTOR" duration="00:00:00.0300000" startTime="2018-08-08T16:44:44.2443323-04:00" endTime="2018-08-08T16:44:44.2443404-04:00" testType="13cdc9d9-ddb5-4fa4-a97d-d965ccfc6d4b" outcome="Passed" testListId="8c84fa94-04c1-424b-9868-57a2d4851a1d" relativeResultsDirectory="72854cfa-d8d6-4171-965d-8640aa978730" /><UnitTestResult executionId="08a57698-6b30-4bea-b8ea-81d860d46484" testId="0bfdd4df-2d18-481d-bced-632b9e76cb4d" testName="Put_InvalidIdReturnsNotFound" computerName="VECTOR" duration="00:00:00.0480000" startTime="2018-08-08T16:44:42.2938881-04:00" endTime="2018-08-08T16:44:42.2938959-04:00" testType="13cdc9d9-ddb5-4fa4-a97d-d965ccfc6d4b" outcome="Passed" testListId="8c84fa94-04c1-424b-9868-57a2d4851a1d" relativeResultsDirectory="08a57698-6b30-4bea-b8ea-81d860d46484" /><UnitTestResult executionId="fe136cdb-64e9-414b-977b-f605b37db7a3" testId="80447a26-8018-4f65-926d-2f1be5e750cf" testName="Put_ValidReferencePropertyUpdatesModel" computerName="VECTOR" duration="00:00:00.0690000" startTime="2018-08-08T16:44:47.5589242-04:00" endTime="2018-08-08T16:44:47.5589305-04:00" testType="13cdc9d9-ddb5-4fa4-a97d-d965ccfc6d4b" outcome="Passed" testListId="8c84fa94-04c1-424b-9868-57a2d4851a1d" relativeResultsDirectory="fe136cdb-64e9-414b-977b-f605b37db7a3" /><UnitTestResult executionId="d602a4ab-9c51-428e-bf88-4575ea0e81e3" testId="af0fc2ed-5b7c-45b0-bfa7-94b861ed9645" testName="Put_InvalidReferencePropertyReturndBadRequest" computerName="VECTOR" duration="00:00:00.0200000" startTime="2018-08-08T16:44:44.6654115-04:00" endTime="2018-08-08T16:44:44.6654176-04:00" testType="13cdc9d9-ddb5-4fa4-a97d-d965ccfc6d4b" outcome="Passed" testListId="8c84fa94-04c1-424b-9868-57a2d4851a1d" relativeResultsDirectory="d602a4ab-9c51-428e-bf88-4575ea0e81e3" /><UnitTestResult executionId="10005944-f2b7-4762-afe5-c49b3fc13df3" testId="01e1ead4-5db5-48b7-9c22-495af18e291e" testName="Put_InvalidIdReturnsNotFound" computerName="VECTOR" duration="00:00:00.0900000" startTime="2018-08-08T16:44:46.2155907-04:00" endTime="2018-08-08T16:44:46.2155975-04:00" testType="13cdc9d9-ddb5-4fa4-a97d-d965ccfc6d4b" outcome="Passed" testListId="8c84fa94-04c1-424b-9868-57a2d4851a1d" relativeResultsDirectory="10005944-f2b7-4762-afe5-c49b3fc13df3" /></Results><TestDefinitions><UnitTest name="FileRequest_DepthBufferIsInvalidatedAfterCameraDependencyPropertyChange" storage="d:\modelrelief\modelrelief.test\bin\debug\netcoreapp2.0\modelrelief.test.dll" id="bb3b1614-3c76-45ed-a53b-7082e7a5524a"><Execution id="80077b02-ce7a-4dc1-a260-f9878ee146fc" /><TestMethod codeBase="D:\ModelRelief\ModelRelief.test\bin\Debug\netcoreapp2.0\ModelRelief.Test.dll" adapterTypeName="executor://xunit/VsTestRunner2/netcoreapp" className="ModelRelief.Test.Integration.DepthBuffers.DepthBuffersFileIntegrationTests" name="FileRequest_DepthBufferIsInvalidatedAfterCameraDependencyPropertyChange" /></UnitTest><UnitTest name="Patch_InvalidReferencePropertyReturnsBadRequest" storage="d:\modelrelief\modelrelief.test\bin\debug\netcoreapp2.0\modelrelief.test.dll" id="49da553a-1f6a-47a6-bbd8-1364088e1540"><Execution id="32c9e3ec-1105-4bcf-b68a-0fc07076b6ba" /><TestMethod codeBase="D:\ModelRelief\ModelRelief.test\bin\Debug\netcoreapp2.0\ModelRelief.Test.dll" adapterTypeName="executor://xunit/VsTestRunner2/netcoreapp" className="ModelRelief.Test.Integration.Cameras.CamerasBaseIntegrationTests" name="Patch_InvalidReferencePropertyReturnsBadRequest" /></UnitTest><UnitTest name="Put_InvalidReferencePropertyReturndBadRequest" storage="d:\modelrelief\modelrelief.test\bin\debug\netcoreapp2.0\modelrelief.test.dll" id="83899eed-265e-43a1-9e3f-f91efb643b51"><Execution id="9114025c-32fe-4600-a62a-1cda883eed93" /><TestMethod codeBase="D:\ModelRelief\ModelRelief.test\bin\Debug\netcoreapp2.0\ModelRelief.Test.dll" adapterTypeName="executor://xunit/VsTestRunner2/netcoreapp" className="ModelRelief.Test.Integration.Projects.ProjectsBaseIntegrationTests" name="Put_InvalidReferencePropertyReturndBadRequest" /></UnitTest><UnitTest name="Patch_TargetPropertyIsUpdated" storage="d:\modelrelief\modelrelief.test\bin\debug\netcoreapp2.0\modelrelief.test.dll" id="306e2037-8bf3-4bf1-83d4-b18d32318c6d"><Execution id="d7834e70-945a-4f25-b5d6-1ef856ed6cc6" /><TestMethod codeBase="D:\ModelRelief\ModelRelief.test\bin\Debug\netcoreapp2.0\ModelRelief.Test.dll" adapterTypeName="executor://xunit/VsTestRunner2/netcoreapp" className="ModelRelief.Test.Integration.Models.ModelsBaseIntegrationTests" name="Patch_TargetPropertyIsUpdated" /></UnitTest><UnitTest name="GetSingle_ValidIdPropertyValueReturnsCorrectModel" storage="d:\modelrelief\modelrelief.test\bin\debug\netcoreapp2.0\modelrelief.test.dll" id="f7cd2084-2ee6-42d6-8146-c64059b2ef63"><Execution id="aed2c7e7-ea32-4dfa-915e-e580b189254a" /><TestMethod codeBase="D:\ModelRelief\ModelRelief.test\bin\Debug\netcoreapp2.0\ModelRelief.Test.dll" adapterTypeName="executor://xunit/VsTestRunner2/netcoreapp" className="ModelRelief.Test.Integration.Models.ModelsBaseIntegrationTests" name="GetSingle_ValidIdPropertyValueReturnsCorrectModel" /></UnitTest><UnitTest name="FileRequest_FileCanBeReadAfterRename" storage="d:\modelrelief\modelrelief.test\bin\debug\netcoreapp2.0\modelrelief.test.dll" id="f22e717a-aca4-426a-a955-e90ff4333cc8"><Execution id="50abc7ba-c229-4bdc-9305-ba94c87053dd" /><TestMethod codeBase="D:\ModelRelief\ModelRelief.test\bin\Debug\netcoreapp2.0\ModelRelief.Test.dll" adapterTypeName="executor://xunit/VsTestRunner2/netcoreapp" className="ModelRelief.Test.Integration.Models.ModelsFileIntegrationTests" name="FileRequest_FileCanBeReadAfterRename" /></UnitTest><UnitTest name="Patch_InvalidIdPropertyReturnsNotFound" storage="d:\modelrelief\modelrelief.test\bin\debug\netcoreapp2.0\modelrelief.test.dll" id="7715c6bf-e37e-4a28-929b-363bf7cb0c03"><Execution id="f887dc51-84f3-4e60-a1d0-e48368807bc7" /><TestMethod codeBase="D:\ModelRelief\ModelRelief.test\bin\Debug\netcoreapp2.0\ModelRelief.Test.dll" adapterTypeName="executor://xunit/VsTestRunner2/netcoreapp" className="ModelRelief.Test.Integration.MeshTransforms.MeshTransformsBaseIntegrationTests" name="Patch_InvalidIdPropertyReturnsNotFound" /></UnitTest><UnitTest name="Patch_InvalidPropertyNameReturnsBadRequest" storage="d:\modelrelief\modelrelief.test\bin\debug\netcoreapp2.0\modelrelief.test.dll" id="5e03aed8-8db2-4b8e-88fb-c32b1ca07c02"><Execution id="72854cfa-d8d6-4171-965d-8640aa978730" /><TestMethod codeBase="D:\ModelRelief\ModelRelief.test\bin\Debug\netcoreapp2.0\ModelRelief.Test.dll" adapterTypeName="executor://xunit/VsTestRunner2/netcoreapp" className="ModelRelief.Test.Integration.MeshTransforms.MeshTransformsBaseIntegrationTests" name="Patch_InvalidPropertyNameReturnsBadRequest" /></UnitTest><UnitTest name="Post_InvalidPropertyValueReturnsBadRequest" storage="d:\modelrelief\modelrelief.test\bin\debug\netcoreapp2.0\modelrelief.test.dll" id="9993cd07-6dd1-4df5-b287-258bbbf8ad5d"><Execution id="5f5324df-172f-426e-8802-8f4401f95ea4" /><TestMethod codeBase="D:\ModelRelief\ModelRelief.test\bin\Debug\netcoreapp2.0\ModelRelief.Test.dll" adapterTypeName="executor://xunit/VsTestRunner2/netcoreapp" className="ModelRelief.Test.Integration.Projects.ProjectsBaseIntegrationTests" name="Post_InvalidPropertyValueReturnsBadRequest" /></UnitTest><UnitTest name="Patch_TargetPropertyIsUpdated" storage="d:\modelrelief\modelrelief.test\bin\debug\netcoreapp2.0\modelrelief.test.dll" id="f7f2608f-b8ca-4d2e-9a5d-395aedf31ce1"><Execution id="7806a109-d647-46a8-9f3c-031d0bfbb6ca" /><TestMethod codeBase="D:\ModelRelief\ModelRelief.test\bin\Debug\netcoreapp2.0\ModelRelief.Test.dll" adapterTypeName="executor://xunit/VsTestRunner2/netcoreapp" className="ModelRelief.Test.Integration.MeshTransforms.MeshTransformsBaseIntegrationTests" name="Patch_TargetPropertyIsUpdated" /></UnitTest><UnitTest name="GetList_ListReturnsCorrectCount" storage="d:\modelrelief\modelrelief.test\bin\debug\netcoreapp2.0\modelrelief.test.dll" id="67f59bcd-f025-49b7-af75-852ceaa9de97"><Execution id="61e848a6-8e15-4dc8-91ce-50f9a7bbfb1d" /><TestMethod codeBase="D:\ModelRelief\ModelRelief.test\bin\Debug\netcoreapp2.0\ModelRelief.Test.dll" adapterTypeName="executor://xunit/VsTestRunner2/netcoreapp" className="ModelRelief.Test.Integration.DepthBuffers.DepthBuffersBaseIntegrationTests" name="GetList_ListReturnsCorrectCount" /></UnitTest><UnitTest name="Put_ValidReferencePropertyUpdatesModel" storage="d:\modelrelief\modelrelief.test\bin\debug\netcoreapp2.0\modelrelief.test.dll" id="e2693a7d-ffd0-439f-bde9-7dc7f5ace0c1"><Execution id="fcd478ee-6fbe-4bdb-a3c0-962f3c9e443f" /><TestMethod codeBase="D:\ModelRelief\ModelRelief.test\bin\Debug\netcoreapp2.0\ModelRelief.Test.dll" adapterTypeName="executor://xunit/VsTestRunner2/netcoreapp" className="ModelRelief.Test.Integration.Cameras.CamerasBaseIntegrationTests" name="Put_ValidReferencePropertyUpdatesModel" /></UnitTest><UnitTest name="PutFile_FileCanBeUpdated" storage="d:\modelrelief\modelrelief.test\bin\debug\netcoreapp2.0\modelrelief.test.dll" id="ac1242b2-74ac-4b02-96fe-8749ed1a95f8"><Execution id="d848bb17-148d-427d-9a45-3a3a67bc187d" /><TestMethod codeBase="D:\ModelRelief\ModelRelief.test\bin\Debug\netcoreapp2.0\ModelRelief.Test.dll" adapterTypeName="executor://xunit/VsTestRunner2/netcoreapp" className="ModelRelief.Test.Integration.Meshes.MeshesFileIntegrationTests" name="PutFile_FileCanBeUpdated" /></UnitTest><UnitTest name="Patch_InvalidIdPropertyReturnsNotFound" storage="d:\modelrelief\modelrelief.test\bin\debug\netcoreapp2.0\modelrelief.test.dll" id="4e4df5a3-ba3e-4b77-8d2d-40cfe710e614"><Execution id="ed9fbb94-83cf-453f-a928-d0fcc3302512" /><TestMethod codeBase="D:\ModelRelief\ModelRelief.test\bin\Debug\netcoreapp2.0\ModelRelief.Test.dll" adapterTypeName="executor://xunit/VsTestRunner2/netcoreapp" className="ModelRelief.Test.Integration.Cameras.CamerasBaseIntegrationTests" name="Patch_InvalidIdPropertyReturnsNotFound" /></UnitTest><UnitTest name="Put_CanUpdateModel" storage="d:\modelrelief\modelrelief.test\bin\debug\netcoreapp2.0\modelrelief.test.dll" id="610cda03-974e-47ab-b214-1b05b9ffaeb3"><Execution id="121828f2-8f5a-4b37-82df-752d7de03a7a" /><TestMethod codeBase="D:\ModelRelief\ModelRelief.test\bin\Debug\netcoreapp2.0\ModelRelief.Test.dll" adapterTypeName="executor://xunit/VsTestRunner2/netcoreapp" className="ModelRelief.Test.Integration.MeshTransforms.MeshTransformsBaseIntegrationTests" name="Put_CanUpdateModel" /></UnitTest><UnitTest name="Put_CanUpdateModel" storage="d:\modelrelief\modelrelief.test\bin\debug\netcoreapp2.0\modelrelief.test.dll" id="1e734b6a-7378-4644-9822-1cacff1e92e6"><Execution id="96b91ef3-da58-46d0-b47e-2e6df9b6c3f6" /><TestMethod codeBase="D:\ModelRelief\ModelRelief.test\bin\Debug\netcoreapp2.0\ModelRelief.Test.dll" adapterTypeName="executor://xunit/VsTestRunner2/netcoreapp" className="ModelRelief.Test.Integration.Models.ModelsBaseIntegrationTests" name="Put_CanUpdateModel" /></UnitTest><UnitTest name="LucyCameraFindsAllDependents" storage="d:\modelrelief\modelrelief.test\bin\debug\netcoreapp2.0\modelrelief.test.dll" id="3cdbb53d-61f4-47c9-a058-f990fc285c07"><Execution id="4c939d5d-4c9e-4257-8cde-49c10bdea5b1" /><TestMethod codeBase="D:\ModelRelief\ModelRelief.test\bin\Debug\netcoreapp2.0\ModelRelief.Test.dll" adapterTypeName="executor://xunit/VsTestRunner2/netcoreapp" className="ModelRelief.Test.Unit.DependencyManager.DependencyManagerTests" name="LucyCameraFindsAllDependents" /></UnitTest><UnitTest name="Patch_ValidReferencePropertyUpdatesModel" storage="d:\modelrelief\modelrelief.test\bin\debug\netcoreapp2.0\modelrelief.test.dll" id="f47699e1-ae29-45b9-a904-ae036a242483"><Execution id="9cf42cea-54d1-422b-8404-d383dd6c2706" /><TestMethod codeBase="D:\ModelRelief\ModelRelief.test\bin\Debug\netcoreapp2.0\ModelRelief.Test.dll" adapterTypeName="executor://xunit/VsTestRunner2/netcoreapp" className="ModelRelief.Test.Integration.Projects.ProjectsBaseIntegrationTests" name="Patch_ValidReferencePropertyUpdatesModel" /></UnitTest><UnitTest name="GetList_ListReturnsCorrectCount" storage="d:\modelrelief\modelrelief.test\bin\debug\netcoreapp2.0\modelrelief.test.dll" id="d2ee5321-9b1a-4b56-ba16-c28a9f310da8"><Execution id="619caeda-da06-43e0-bdfc-4818ec1a6bd8" /><TestMethod codeBase="D:\ModelRelief\ModelRelief.test\bin\Debug\netcoreapp2.0\ModelRelief.Test.dll" adapterTypeName="executor://xunit/VsTestRunner2/netcoreapp" className="ModelRelief.Test.Integration.MeshTransforms.MeshTransformsBaseIntegrationTests" name="GetList_ListReturnsCorrectCount" /></UnitTest><UnitTest name="Patch_TargetPropertyIsUpdated" storage="d:\modelrelief\modelrelief.test\bin\debug\netcoreapp2.0\modelrelief.test.dll" id="80cd71f9-0b39-4b80-87e9-8af4bc6e3fef"><Execution id="4165cc82-7165-4e5b-91d3-cd493f6f587e" /><TestMethod codeBase="D:\ModelRelief\ModelRelief.test\bin\Debug\netcoreapp2.0\ModelRelief.Test.dll" adapterTypeName="executor://xunit/VsTestRunner2/netcoreapp" className="ModelRelief.Test.Integration.Projects.ProjectsBaseIntegrationTests" name="Patch_TargetPropertyIsUpdated" /></UnitTest><UnitTest name="Post_InvalidPropertyValueReturnsBadRequest" storage="d:\modelrelief\modelrelief.test\bin\debug\netcoreapp2.0\modelrelief.test.dll" id="7700feee-108c-4a2b-a49f-78ec17a48646"><Execution id="79eafb3c-a054-4836-b0c1-4ab1025dcc6e" /><TestMethod codeBase="D:\ModelRelief\ModelRelief.test\bin\Debug\netcoreapp2.0\ModelRelief.Test.dll" adapterTypeName="executor://xunit/VsTestRunner2/netcoreapp" className="ModelRelief.Test.Integration.MeshTransforms.MeshTransformsBaseIntegrationTests" name="Post_InvalidPropertyValueReturnsBadRequest" /></UnitTest><UnitTest name="Delete_TargetModelIsDeleted" storage="d:\modelrelief\modelrelief.test\bin\debug\netcoreapp2.0\modelrelief.test.dll" id="08729968-9bdb-441f-b830-aa5bdbb9f15b"><Execution id="18c0bfa3-2649-4a2a-aeaa-4b280803bb6a" /><TestMethod codeBase="D:\ModelRelief\ModelRelief.test\bin\Debug\netcoreapp2.0\ModelRelief.Test.dll" adapterTypeName="executor://xunit/VsTestRunner2/netcoreapp" className="ModelRelief.Test.Integration.Meshes.MeshesBaseIntegrationTests" name="Delete_TargetModelIsDeleted" /></UnitTest><UnitTest name="GetSingle_ValidIdPropertyValueReturnsCorrectModel" storage="d:\modelrelief\modelrelief.test\bin\debug\netcoreapp2.0\modelrelief.test.dll" id="783fd131-dbba-4814-8613-c8d385f9763e"><Execution id="14fdc24d-b35e-4572-a636-ac73f8a8c9f1" /><TestMethod codeBase="D:\ModelRelief\ModelRelief.test\bin\Debug\netcoreapp2.0\ModelRelief.Test.dll" adapterTypeName="executor://xunit/VsTestRunner2/netcoreapp" className="ModelRelief.Test.Integration.MeshTransforms.MeshTransformsBaseIntegrationTests" name="GetSingle_ValidIdPropertyValueReturnsCorrectModel" /></UnitTest><UnitTest name="Model3dHasExpectedDependentFiles" storage="d:\modelrelief\modelrelief.test\bin\debug\netcoreapp2.0\modelrelief.test.dll" id="6e4bc9a1-879c-4c03-a500-91af187b1dd6"><Execution id="c3b13adf-79ac-42da-9c38-dd9a2f6acbc6" /><TestMethod codeBase="D:\ModelRelief\ModelRelief.test\bin\Debug\netcoreapp2.0\ModelRelief.Test.dll" adapterTypeName="executor://xunit/VsTestRunner2/netcoreapp" className="ModelRelief.Test.Unit.DependencyManager.DependencyManagerTests" name="Model3dHasExpectedDependentFiles" /></UnitTest><UnitTest name="Patch_InvalidReferencePropertyReturnsBadRequest" storage="d:\modelrelief\modelrelief.test\bin\debug\netcoreapp2.0\modelrelief.test.dll" id="283d28e5-c74b-4149-873b-70085f1ac454"><Execution id="944bbf8e-17dd-4408-9795-c8ebadfe75a6" /><TestMethod codeBase="D:\ModelRelief\ModelRelief.test\bin\Debug\netcoreapp2.0\ModelRelief.Test.dll" adapterTypeName="executor://xunit/VsTestRunner2/netcoreapp" className="ModelRelief.Test.Integration.Projects.ProjectsBaseIntegrationTests" name="Patch_InvalidReferencePropertyReturnsBadRequest" /></UnitTest><UnitTest name="Put_InvalidReferencePropertyReturndBadRequest" storage="d:\modelrelief\modelrelief.test\bin\debug\netcoreapp2.0\modelrelief.test.dll" id="af0fc2ed-5b7c-45b0-bfa7-94b861ed9645"><Execution id="d602a4ab-9c51-428e-bf88-4575ea0e81e3" /><TestMethod codeBase="D:\ModelRelief\ModelRelief.test\bin\Debug\netcoreapp2.0\ModelRelief.Test.dll" adapterTypeName="executor://xunit/VsTestRunner2/netcoreapp" className="ModelRelief.Test.Integration.MeshTransforms.MeshTransformsBaseIntegrationTests" name="Put_InvalidReferencePropertyReturndBadRequest" /></UnitTest><UnitTest name="Delete_TargetModelIsDeleted" storage="d:\modelrelief\modelrelief.test\bin\debug\netcoreapp2.0\modelrelief.test.dll" id="11d582f7-c344-4d5f-be7e-12fbe7f065e0"><Execution id="adfa6528-e05f-4cf8-a411-17921604be72" /><TestMethod codeBase="D:\ModelRelief\ModelRelief.test\bin\Debug\netcoreapp2.0\ModelRelief.Test.dll" adapterTypeName="executor://xunit/VsTestRunner2/netcoreapp" className="ModelRelief.Test.Integration.MeshTransforms.MeshTransformsBaseIntegrationTests" name="Delete_TargetModelIsDeleted" /></UnitTest><UnitTest name="Put_InvalidReferencePropertyReturndBadRequest" storage="d:\modelrelief\modelrelief.test\bin\debug\netcoreapp2.0\modelrelief.test.dll" id="c2b73da8-4267-4ad6-b9d7-2ec418c1c6f5"><Execution id="88e38d02-0b5f-4e39-b357-273722f30180" /><TestMethod codeBase="D:\ModelRelief\ModelRelief.test\bin\Debug\netcoreapp2.0\ModelRelief.Test.dll" adapterTypeName="executor://xunit/VsTestRunner2/netcoreapp" className="ModelRelief.Test.Integration.Cameras.CamerasBaseIntegrationTests" name="Put_InvalidReferencePropertyReturndBadRequest" /></UnitTest><UnitTest name="Patch_MultipleInvalidReferencePropertiesReturnsMultipleValidationErrorsAndBadRequest" storage="d:\modelrelief\modelrelief.test\bin\debug\netcoreapp2.0\modelrelief.test.dll" id="9be5dc00-9ef1-4578-bc93-40d27d1ebe86"><Execution id="e43409d9-198d-4378-9b71-a3788619b060" /><TestMethod codeBase="D:\ModelRelief\ModelRelief.test\bin\Debug\netcoreapp2.0\ModelRelief.Test.dll" adapterTypeName="executor://xunit/VsTestRunner2/netcoreapp" className="ModelRelief.Test.Integration.Projects.ProjectsBaseIntegrationTests" name="Patch_MultipleInvalidReferencePropertiesReturnsMultipleValidationErrorsAndBadRequest" /></UnitTest><UnitTest name="Post_ValidReferencePropertyCreatesModel" storage="d:\modelrelief\modelrelief.test\bin\debug\netcoreapp2.0\modelrelief.test.dll" id="9cbdfb93-501e-487a-bb17-bf617f63eb1a"><Execution id="bccd1bd0-e57a-41a0-9ce6-6e028f02607c" /><TestMethod codeBase="D:\ModelRelief\ModelRelief.test\bin\Debug\netcoreapp2.0\ModelRelief.Test.dll" adapterTypeName="executor://xunit/VsTestRunner2/netcoreapp" className="ModelRelief.Test.Integration.DepthBuffers.DepthBuffersBaseIntegrationTests" name="Post_ValidReferencePropertyCreatesModel" /></UnitTest><UnitTest name="Patch_ValidReferencePropertyUpdatesModel" storage="d:\modelrelief\modelrelief.test\bin\debug\netcoreapp2.0\modelrelief.test.dll" id="161ac30d-edfe-4bb0-8120-5ff4ef9b3f03"><Execution id="83bfeef7-7409-46ee-a403-8ebe017bf1c2" /><TestMethod codeBase="D:\ModelRelief\ModelRelief.test\bin\Debug\netcoreapp2.0\ModelRelief.Test.dll" adapterTypeName="executor://xunit/VsTestRunner2/netcoreapp" className="ModelRelief.Test.Integration.Models.ModelsBaseIntegrationTests" name="Patch_ValidReferencePropertyUpdatesModel" /></UnitTest><UnitTest name="Patch_InvalidPropertyNameReturnsBadRequest" storage="d:\modelrelief\modelrelief.test\bin\debug\netcoreapp2.0\modelrelief.test.dll" id="74d4edaf-d75c-4090-abc2-2e1f919ef826"><Execution id="38ee379f-6270-4f1c-8853-256924391f69" /><TestMethod codeBase="D:\ModelRelief\ModelRelief.test\bin\Debug\netcoreapp2.0\ModelRelief.Test.dll" adapterTypeName="executor://xunit/VsTestRunner2/netcoreapp" className="ModelRelief.Test.Integration.Meshes.MeshesBaseIntegrationTests" name="Patch_InvalidPropertyNameReturnsBadRequest" /></UnitTest><UnitTest name="MeshTransformHasExpectedDependentFiles" storage="d:\modelrelief\modelrelief.test\bin\debug\netcoreapp2.0\modelrelief.test.dll" id="ff31a07a-de4a-4372-a4c4-438ed7cd2834"><Execution id="c64a4598-f64d-4ce5-8d31-25362f9d968f" /><TestMethod codeBase="D:\ModelRelief\ModelRelief.test\bin\Debug\netcoreapp2.0\ModelRelief.Test.dll" adapterTypeName="executor://xunit/VsTestRunner2/netcoreapp" className="ModelRelief.Test.Unit.DependencyManager.DependencyManagerTests" name="MeshTransformHasExpectedDependentFiles" /></UnitTest><UnitTest name="Put_InvalidReferencePropertyReturndBadRequest" storage="d:\modelrelief\modelrelief.test\bin\debug\netcoreapp2.0\modelrelief.test.dll" id="bb8daed1-25b2-4edb-a80d-212c7f94f514"><Execution id="2a004d27-33e7-4aeb-843d-3c4bac760a31" /><TestMethod codeBase="D:\ModelRelief\ModelRelief.test\bin\Debug\netcoreapp2.0\ModelRelief.Test.dll" adapterTypeName="executor://xunit/VsTestRunner2/netcoreapp" className="ModelRelief.Test.Integration.DepthBuffers.DepthBuffersBaseIntegrationTests" name="Put_InvalidReferencePropertyReturndBadRequest" /></UnitTest><UnitTest name="GetFile_ExistingFileReturnsSuccess" storage="d:\modelrelief\modelrelief.test\bin\debug\netcoreapp2.0\modelrelief.test.dll" id="249034f6-734c-4e8e-b3e2-be3a14e57be9"><Execution id="ccbc1e1d-4b73-4205-acb2-5048daf4a6ed" /><TestMethod codeBase="D:\ModelRelief\ModelRelief.test\bin\Debug\netcoreapp2.0\ModelRelief.Test.dll" adapterTypeName="executor://xunit/VsTestRunner2/netcoreapp" className="ModelRelief.Test.Integration.Models.ModelsFileIntegrationTests" name="GetFile_ExistingFileReturnsSuccess" /></UnitTest><UnitTest name="GetSingle_InvalidIdPropertyValueReturnsNotFound" storage="d:\modelrelief\modelrelief.test\bin\debug\netcoreapp2.0\modelrelief.test.dll" id="28740133-fc75-4157-b816-de1528559cb7"><Execution id="5a778770-e882-45ec-be2d-aebd27fe627f" /><TestMethod codeBase="D:\ModelRelief\ModelRelief.test\bin\Debug\netcoreapp2.0\ModelRelief.Test.dll" adapterTypeName="executor://xunit/VsTestRunner2/netcoreapp" className="ModelRelief.Test.Integration.Meshes.MeshesBaseIntegrationTests" name="GetSingle_InvalidIdPropertyValueReturnsNotFound" /></UnitTest><UnitTest name="Post_CanCreateNewModel" storage="d:\modelrelief\modelrelief.test\bin\debug\netcoreapp2.0\modelrelief.test.dll" id="dcb608be-b4eb-4171-9892-fb21f73bbad4"><Execution id="446299ac-4a3b-4d2d-a38b-d0f0a5f740a0" /><TestMethod codeBase="D:\ModelRelief\ModelRelief.test\bin\Debug\netcoreapp2.0\ModelRelief.Test.dll" adapterTypeName="executor://xunit/VsTestRunner2/netcoreapp" className="ModelRelief.Test.Integration.Cameras.CamerasBaseIntegrationTests" name="Post_CanCreateNewModel" /></UnitTest><UnitTest name="CameraHasExpectedDependentFiles" storage="d:\modelrelief\modelrelief.test\bin\debug\netcoreapp2.0\modelrelief.test.dll" id="15af0502-4adf-4eaa-a72c-c2ff564635f3"><Execution id="ac299822-1633-4134-a61b-b795b4597b7a" /><TestMethod codeBase="D:\ModelRelief\ModelRelief.test\bin\Debug\netcoreapp2.0\ModelRelief.Test.dll" adapterTypeName="executor://xunit/VsTestRunner2/netcoreapp" className="ModelRelief.Test.Unit.DependencyManager.DependencyManagerTests" name="CameraHasExpectedDependentFiles" /></UnitTest><UnitTest name="PostFile_FileTimeStampIsUpdatedAfterFileIsPosted" storage="d:\modelrelief\modelrelief.test\bin\debug\netcoreapp2.0\modelrelief.test.dll" id="fe21bf5f-1b2e-49e7-a0a6-50c1b45666dc"><Execution id="90e734dd-d165-4af9-a2ba-384781e16964" /><TestMethod codeBase="D:\ModelRelief\ModelRelief.test\bin\Debug\netcoreapp2.0\ModelRelief.Test.dll" adapterTypeName="executor://xunit/VsTestRunner2/netcoreapp" className="ModelRelief.Test.Integration.Models.ModelsFileIntegrationTests" name="PostFile_FileTimeStampIsUpdatedAfterFileIsPosted" /></UnitTest><UnitTest name="GetFile_FileCanBeRoundTripped" storage="d:\modelrelief\modelrelief.test\bin\debug\netcoreapp2.0\modelrelief.test.dll" id="cf9167db-37e1-48ce-814f-59f539d17c3f"><Execution id="f726cb0a-45b7-4df0-8603-cb5cefb424ed" /><TestMethod codeBase="D:\ModelRelief\ModelRelief.test\bin\Debug\netcoreapp2.0\ModelRelief.Test.dll" adapterTypeName="executor://xunit/VsTestRunner2/netcoreapp" className="ModelRelief.Test.Integration.DepthBuffers.DepthBuffersFileIntegrationTests" name="GetFile_FileCanBeRoundTripped" /></UnitTest><UnitTest name="GetFile_NonExistentFileReturnsNotFound" storage="d:\modelrelief\modelrelief.test\bin\debug\netcoreapp2.0\modelrelief.test.dll" id="42511daf-eff8-4e14-bee6-a251e70a8531"><Execution id="1866b7e1-6216-4036-81cb-9bcf32f09482" /><TestMethod codeBase="D:\ModelRelief\ModelRelief.test\bin\Debug\netcoreapp2.0\ModelRelief.Test.dll" adapterTypeName="executor://xunit/VsTestRunner2/netcoreapp" className="ModelRelief.Test.Integration.Meshes.MeshesFileIntegrationTests" name="GetFile_NonExistentFileReturnsNotFound" /></UnitTest><UnitTest name="GetFile_NonExistentFileReturnsNotFound" storage="d:\modelrelief\modelrelief.test\bin\debug\netcoreapp2.0\modelrelief.test.dll" id="e94310f7-9eb3-4323-9f51-459a89840a4a"><Execution id="04e227f9-1253-4abb-be38-efe78f80ca4f" /><TestMethod codeBase="D:\ModelRelief\ModelRelief.test\bin\Debug\netcoreapp2.0\ModelRelief.Test.dll" adapterTypeName="executor://xunit/VsTestRunner2/netcoreapp" className="ModelRelief.Test.Integration.Models.ModelsFileIntegrationTests" name="GetFile_NonExistentFileReturnsNotFound" /></UnitTest><UnitTest name="GetSingle_ValidIdPropertyValueReturnsCorrectModel" storage="d:\modelrelief\modelrelief.test\bin\debug\netcoreapp2.0\modelrelief.test.dll" id="3e5cb5a9-2424-4534-b493-5762d1c847d4"><Execution id="f26e72c9-e259-4f2a-ab35-4f37c404bddf" /><TestMethod codeBase="D:\ModelRelief\ModelRelief.test\bin\Debug\netcoreapp2.0\ModelRelief.Test.dll" adapterTypeName="executor://xunit/VsTestRunner2/netcoreapp" className="ModelRelief.Test.Integration.Meshes.MeshesBaseIntegrationTests" name="GetSingle_ValidIdPropertyValueReturnsCorrectModel" /></UnitTest><UnitTest name="Post_InvalidReferencePropertyReturnsBadRequest" storage="d:\modelrelief\modelrelief.test\bin\debug\netcoreapp2.0\modelrelief.test.dll" id="06909916-5b46-41c6-9010-9f1e1ba35541"><Execution id="a91a6dcf-87a3-41d9-b788-44c58743f9a0" /><TestMethod codeBase="D:\ModelRelief\ModelRelief.test\bin\Debug\netcoreapp2.0\ModelRelief.Test.dll" adapterTypeName="executor://xunit/VsTestRunner2/netcoreapp" className="ModelRelief.Test.Integration.MeshTransforms.MeshTransformsBaseIntegrationTests" name="Post_InvalidReferencePropertyReturnsBadRequest" /></UnitTest><UnitTest name="Patch_InvalidIdPropertyReturnsNotFound" storage="d:\modelrelief\modelrelief.test\bin\debug\netcoreapp2.0\modelrelief.test.dll" id="9c3bd25c-ecd9-4771-b074-54f0327bee0d"><Execution id="59e26343-6e4d-43de-b932-9af41e3bf5c0" /><TestMethod codeBase="D:\ModelRelief\ModelRelief.test\bin\Debug\netcoreapp2.0\ModelRelief.Test.dll" adapterTypeName="executor://xunit/VsTestRunner2/netcoreapp" className="ModelRelief.Test.Integration.Models.ModelsBaseIntegrationTests" name="Patch_InvalidIdPropertyReturnsNotFound" /></UnitTest><UnitTest name="Post_ValidReferencePropertyCreatesModel" storage="d:\modelrelief\modelrelief.test\bin\debug\netcoreapp2.0\modelrelief.test.dll" id="a84408bf-e29a-4075-93ba-542bd275c19a"><Execution id="c3abfa00-e97b-4029-8787-05dc93c8b386" /><TestMethod codeBase="D:\ModelRelief\ModelRelief.test\bin\Debug\netcoreapp2.0\ModelRelief.Test.dll" adapterTypeName="executor://xunit/VsTestRunner2/netcoreapp" className="ModelRelief.Test.Integration.Meshes.MeshesBaseIntegrationTests" name="Post_ValidReferencePropertyCreatesModel" /></UnitTest><UnitTest name="GetSingle_InvalidIdPropertyValueReturnsNotFound" storage="d:\modelrelief\modelrelief.test\bin\debug\netcoreapp2.0\modelrelief.test.dll" id="37f15f8c-20fa-4017-8f7b-f28ebfaeb285"><Execution id="995bdbeb-9082-43c2-a95f-4817bc616b5b" /><TestMethod codeBase="D:\ModelRelief\ModelRelief.test\bin\Debug\netcoreapp2.0\ModelRelief.Test.dll" adapterTypeName="executor://xunit/VsTestRunner2/netcoreapp" className="ModelRelief.Test.Integration.MeshTransforms.MeshTransformsBaseIntegrationTests" name="GetSingle_InvalidIdPropertyValueReturnsNotFound" /></UnitTest><UnitTest name="Patch_InvalidIdPropertyReturnsNotFound" storage="d:\modelrelief\modelrelief.test\bin\debug\netcoreapp2.0\modelrelief.test.dll" id="7569813d-5112-44aa-99ce-c00616630c85"><Execution id="199e5f5b-2a07-4ab1-850a-89bfd64399bb" /><TestMethod codeBase="D:\ModelRelief\ModelRelief.test\bin\Debug\netcoreapp2.0\ModelRelief.Test.dll" adapterTypeName="executor://xunit/VsTestRunner2/netcoreapp" className="ModelRelief.Test.Integration.DepthBuffers.DepthBuffersBaseIntegrationTests" name="Patch_InvalidIdPropertyReturnsNotFound" /></UnitTest><UnitTest name="GetSingle_ValidIdPropertyValueReturnsCorrectModel" storage="d:\modelrelief\modelrelief.test\bin\debug\netcoreapp2.0\modelrelief.test.dll" id="719d46cd-d5d5-4e0b-8c95-38464ed75ce8"><Execution id="0234495a-3ad6-45a0-b9ca-405045221c44" /><TestMethod codeBase="D:\ModelRelief\ModelRelief.test\bin\Debug\netcoreapp2.0\ModelRelief.Test.dll" adapterTypeName="executor://xunit/VsTestRunner2/netcoreapp" className="ModelRelief.Test.Integration.DepthBuffers.DepthBuffersBaseIntegrationTests" name="GetSingle_ValidIdPropertyValueReturnsCorrectModel" /></UnitTest><UnitTest name="Post_InvalidReferencePropertyReturnsBadRequest" storage="d:\modelrelief\modelrelief.test\bin\debug\netcoreapp2.0\modelrelief.test.dll" id="da5d343e-b549-4c50-9a5a-43af69cf8407"><Execution id="2fb477e7-8504-48e9-be32-961606e5ff8b" /><TestMethod codeBase="D:\ModelRelief\ModelRelief.test\bin\Debug\netcoreapp2.0\ModelRelief.Test.dll" adapterTypeName="executor://xunit/VsTestRunner2/netcoreapp" className="ModelRelief.Test.Integration.Cameras.CamerasBaseIntegrationTests" name="Post_InvalidReferencePropertyReturnsBadRequest" /></UnitTest><UnitTest name="Put_InvalidIdReturnsNotFound" storage="d:\modelrelief\modelrelief.test\bin\debug\netcoreapp2.0\modelrelief.test.dll" id="bb30b296-8498-4dc8-a4ce-9c8ca93dc04f"><Execution id="003d8cc2-8839-4fa9-ac40-389c795c05db" /><TestMethod codeBase="D:\ModelRelief\ModelRelief.test\bin\Debug\netcoreapp2.0\ModelRelief.Test.dll" adapterTypeName="executor://xunit/VsTestRunner2/netcoreapp" className="ModelRelief.Test.Integration.MeshTransforms.MeshTransformsBaseIntegrationTests" name="Put_InvalidIdReturnsNotFound" /></UnitTest><UnitTest name="PutFile_NewFileCanBePut" storage="d:\modelrelief\modelrelief.test\bin\debug\netcoreapp2.0\modelrelief.test.dll" id="17fdc152-129a-4401-953a-4f78712283fe"><Execution id="529f7866-af87-4101-946e-0ecf5e8f2d2b" /><TestMethod codeBase="D:\ModelRelief\ModelRelief.test\bin\Debug\netcoreapp2.0\ModelRelief.Test.dll" adapterTypeName="executor://xunit/VsTestRunner2/netcoreapp" className="ModelRelief.Test.Integration.Meshes.MeshesFileIntegrationTests" name="PutFile_NewFileCanBePut" /></UnitTest><UnitTest name="Post_InvalidReferencePropertyReturnsBadRequest" storage="d:\modelrelief\modelrelief.test\bin\debug\netcoreapp2.0\modelrelief.test.dll" id="1a0d93aa-f6bd-4866-85cc-09944949d29f"><Execution id="bbbff973-faed-4adb-8cd4-4b4742477706" /><TestMethod codeBase="D:\ModelRelief\ModelRelief.test\bin\Debug\netcoreapp2.0\ModelRelief.Test.dll" adapterTypeName="executor://xunit/VsTestRunner2/netcoreapp" className="ModelRelief.Test.Integration.Meshes.MeshesBaseIntegrationTests" name="Post_InvalidReferencePropertyReturnsBadRequest" /></UnitTest><UnitTest name="PostFile_FileTimeStampIsUpdatedAfterFileIsPosted" storage="d:\modelrelief\modelrelief.test\bin\debug\netcoreapp2.0\modelrelief.test.dll" id="f9222c09-1fac-46c1-bc4e-c3009bc57678"><Execution id="0fbbabf8-675d-4587-9799-458e6e56724f" /><TestMethod codeBase="D:\ModelRelief\ModelRelief.test\bin\Debug\netcoreapp2.0\ModelRelief.Test.dll" adapterTypeName="executor://xunit/VsTestRunner2/netcoreapp" className="ModelRelief.Test.Integration.DepthBuffers.DepthBuffersFileIntegrationTests" name="PostFile_FileTimeStampIsUpdatedAfterFileIsPosted" /></UnitTest><UnitTest name="PostFile_FileIsSynchronizedIsUpdatedAfterFileIsPosted" storage="d:\modelrelief\modelrelief.test\bin\debug\netcoreapp2.0\modelrelief.test.dll" id="2e59d9ed-4197-416c-8a1f-14b3bf10a698"><Execution id="abb62c95-ea80-4973-8f04-94eedb2e04cc" /><TestMethod codeBase="D:\ModelRelief\ModelRelief.test\bin\Debug\netcoreapp2.0\ModelRelief.Test.dll" adapterTypeName="executor://xunit/VsTestRunner2/netcoreapp" className="ModelRelief.Test.Integration.DepthBuffers.DepthBuffersFileIntegrationTests" name="PostFile_FileIsSynchronizedIsUpdatedAfterFileIsPosted" /></UnitTest><UnitTest name="Put_InvalidIdReturnsNotFound" storage="d:\modelrelief\modelrelief.test\bin\debug\netcoreapp2.0\modelrelief.test.dll" id="ceb2f76a-e69b-49b2-ac13-d8b089643d71"><Execution id="0f588c80-27ce-4404-a33f-d563625d45e7" /><TestMethod codeBase="D:\ModelRelief\ModelRelief.test\bin\Debug\netcoreapp2.0\ModelRelief.Test.dll" adapterTypeName="executor://xunit/VsTestRunner2/netcoreapp" className="ModelRelief.Test.Integration.Cameras.CamerasBaseIntegrationTests" name="Put_InvalidIdReturnsNotFound" /></UnitTest><UnitTest name="PostFile_FileIsSynchronizedIsUpdatedAfterFileIsPosted" storage="d:\modelrelief\modelrelief.test\bin\debug\netcoreapp2.0\modelrelief.test.dll" id="699b25e5-37a4-4435-95e2-376501c830d7"><Execution id="dcf35a74-91ad-484a-841b-db20e3d9a089" /><TestMethod codeBase="D:\ModelRelief\ModelRelief.test\bin\Debug\netcoreapp2.0\ModelRelief.Test.dll" adapterTypeName="executor://xunit/VsTestRunner2/netcoreapp" className="ModelRelief.Test.Integration.Meshes.MeshesFileIntegrationTests" name="PostFile_FileIsSynchronizedIsUpdatedAfterFileIsPosted" /></UnitTest><UnitTest name="Post_CanCreateNewModel" storage="d:\modelrelief\modelrelief.test\bin\debug\netcoreapp2.0\modelrelief.test.dll" id="8a7c34c6-0466-4b0d-883c-2cc011a96fbe"><Execution id="9a4e749d-43d6-4720-b62c-424b84de907c" /><TestMethod codeBase="D:\ModelRelief\ModelRelief.test\bin\Debug\netcoreapp2.0\ModelRelief.Test.dll" adapterTypeName="executor://xunit/VsTestRunner2/netcoreapp" className="ModelRelief.Test.Integration.MeshTransforms.MeshTransformsBaseIntegrationTests" name="Post_CanCreateNewModel" /></UnitTest><UnitTest name="GetSingle_InvalidIdPropertyValueReturnsNotFound" storage="d:\modelrelief\modelrelief.test\bin\debug\netcoreapp2.0\modelrelief.test.dll" id="930df980-6c0e-4b62-86b0-69e5ed2ac810"><Execution id="42038d45-5c56-4f06-9205-0b81a15b617e" /><TestMethod codeBase="D:\ModelRelief\ModelRelief.test\bin\Debug\netcoreapp2.0\ModelRelief.Test.dll" adapterTypeName="executor://xunit/VsTestRunner2/netcoreapp" className="ModelRelief.Test.Integration.Cameras.CamerasBaseIntegrationTests" name="GetSingle_InvalidIdPropertyValueReturnsNotFound" /></UnitTest><UnitTest name="Put_ValidReferencePropertyUpdatesModel" storage="d:\modelrelief\modelrelief.test\bin\debug\netcoreapp2.0\modelrelief.test.dll" id="ef0ab2cc-959f-467f-b396-9887679be059"><Execution id="71e99e6c-8beb-466b-8d09-716dc01c7cde" /><TestMethod codeBase="D:\ModelRelief\ModelRelief.test\bin\Debug\netcoreapp2.0\ModelRelief.Test.dll" adapterTypeName="executor://xunit/VsTestRunner2/netcoreapp" className="ModelRelief.Test.Integration.MeshTransforms.MeshTransformsBaseIntegrationTests" name="Put_ValidReferencePropertyUpdatesModel" /></UnitTest><UnitTest name="PostFile_NewFileCanBePosted" storage="d:\modelrelief\modelrelief.test\bin\debug\netcoreapp2.0\modelrelief.test.dll" id="ea47c884-3c18-4b4c-8223-670e00d2dfbd"><Execution id="e08e1c0a-973c-4714-bcce-7cd9858478ae" /><TestMethod codeBase="D:\ModelRelief\ModelRelief.test\bin\Debug\netcoreapp2.0\ModelRelief.Test.dll" adapterTypeName="executor://xunit/VsTestRunner2/netcoreapp" className="ModelRelief.Test.Integration.DepthBuffers.DepthBuffersFileIntegrationTests" name="PostFile_NewFileCanBePosted" /></UnitTest><UnitTest name="Patch_InvalidEnumPropertyValueReturnsBadRequest" storage="d:\modelrelief\modelrelief.test\bin\debug\netcoreapp2.0\modelrelief.test.dll" id="b2f7126b-0070-4954-9e6f-5cdeea99e3dd"><Execution id="83833b6d-c33e-4ebc-bf87-24caaaf55dfc" /><TestMethod codeBase="D:\ModelRelief\ModelRelief.test\bin\Debug\netcoreapp2.0\ModelRelief.Test.dll" adapterTypeName="executor://xunit/VsTestRunner2/netcoreapp" className="ModelRelief.Test.Integration.DepthBuffers.DepthBuffersBaseIntegrationTests" name="Patch_InvalidEnumPropertyValueReturnsBadRequest" /></UnitTest><UnitTest name="Patch_InvalidReferencePropertyReturnsBadRequest" storage="d:\modelrelief\modelrelief.test\bin\debug\netcoreapp2.0\modelrelief.test.dll" id="2e01973f-1d59-4a4c-8f23-0289dcc2ff2e"><Execution id="075793e7-db08-441d-8a07-3c6fb5793ccb" /><TestMethod codeBase="D:\ModelRelief\ModelRelief.test\bin\Debug\netcoreapp2.0\ModelRelief.Test.dll" adapterTypeName="executor://xunit/VsTestRunner2/netcoreapp" className="ModelRelief.Test.Integration.MeshTransforms.MeshTransformsBaseIntegrationTests" name="Patch_InvalidReferencePropertyReturnsBadRequest" /></UnitTest><UnitTest name="FileRequest_MeshGenerateSetsFileIsSynchronized" storage="d:\modelrelief\modelrelief.test\bin\debug\netcoreapp2.0\modelrelief.test.dll" id="3274f1d4-adc8-426a-b8ed-abe24b2e07eb"><Execution id="bcb2dcd4-aa15-4ef3-8b09-dfaff9ec2097" /><TestMethod codeBase="D:\ModelRelief\ModelRelief.test\bin\Debug\netcoreapp2.0\ModelRelief.Test.dll" adapterTypeName="executor://xunit/VsTestRunner2/netcoreapp" className="ModelRelief.Test.Integration.Meshes.MeshesFileIntegrationTests" name="FileRequest_MeshGenerateSetsFileIsSynchronized" /></UnitTest><UnitTest name="Patch_InvalidEnumPropertyValueReturnsBadRequest" storage="d:\modelrelief\modelrelief.test\bin\debug\netcoreapp2.0\modelrelief.test.dll" id="3eb75bb3-3b8c-4622-af9d-f094e22dc815"><Execution id="67f09d34-c54b-4d89-90c9-c3740cbd2630" /><TestMethod codeBase="D:\ModelRelief\ModelRelief.test\bin\Debug\netcoreapp2.0\ModelRelief.Test.dll" adapterTypeName="executor://xunit/VsTestRunner2/netcoreapp" className="ModelRelief.Test.Integration.Meshes.MeshesBaseIntegrationTests" name="Patch_InvalidEnumPropertyValueReturnsBadRequest" /></UnitTest><UnitTest name="GetSingle_ValidIdPropertyValueReturnsCorrectModel" storage="d:\modelrelief\modelrelief.test\bin\debug\netcoreapp2.0\modelrelief.test.dll" id="c5ff1115-411f-4185-b3d1-25bdbae6c79c"><Execution id="c283298c-8ed9-4a1a-b2ad-4e6a97a18952" /><TestMethod codeBase="D:\ModelRelief\ModelRelief.test\bin\Debug\netcoreapp2.0\ModelRelief.Test.dll" adapterTypeName="executor://xunit/VsTestRunner2/netcoreapp" className="ModelRelief.Test.Integration.Cameras.CamerasBaseIntegrationTests" name="GetSingle_ValidIdPropertyValueReturnsCorrectModel" /></UnitTest><UnitTest name="PostFile_FileIsSynchronizedIsUpdatedAfterFileIsPosted" storage="d:\modelrelief\modelrelief.test\bin\debug\netcoreapp2.0\modelrelief.test.dll" id="3c089b6d-b7a1-488d-bccb-6ab90ba691e0"><Execution id="59ca293b-bd19-411c-babd-2dc6cff46b71" /><TestMethod codeBase="D:\ModelRelief\ModelRelief.test\bin\Debug\netcoreapp2.0\ModelRelief.Test.dll" adapterTypeName="executor://xunit/VsTestRunner2/netcoreapp" className="ModelRelief.Test.Integration.Models.ModelsFileIntegrationTests" name="PostFile_FileIsSynchronizedIsUpdatedAfterFileIsPosted" /></UnitTest><UnitTest name="PutFile_NewFileCanBePut" storage="d:\modelrelief\modelrelief.test\bin\debug\netcoreapp2.0\modelrelief.test.dll" id="a15836a3-d542-44a4-a90a-38c1459071ec"><Execution id="09f0f710-8cad-4d7d-a0c5-7193147e54a5" /><TestMethod codeBase="D:\ModelRelief\ModelRelief.test\bin\Debug\netcoreapp2.0\ModelRelief.Test.dll" adapterTypeName="executor://xunit/VsTestRunner2/netcoreapp" className="ModelRelief.Test.Integration.Models.ModelsFileIntegrationTests" name="PutFile_NewFileCanBePut" /></UnitTest><UnitTest name="GetSingle_InvalidIdPropertyValueReturnsNotFound" storage="d:\modelrelief\modelrelief.test\bin\debug\netcoreapp2.0\modelrelief.test.dll" id="2e0aa4d4-8641-4d14-8210-295626424ddf"><Execution id="4cfe3407-c7e4-4219-b2b9-83cf03885984" /><TestMethod codeBase="D:\ModelRelief\ModelRelief.test\bin\Debug\netcoreapp2.0\ModelRelief.Test.dll" adapterTypeName="executor://xunit/VsTestRunner2/netcoreapp" className="ModelRelief.Test.Integration.DepthBuffers.DepthBuffersBaseIntegrationTests" name="GetSingle_InvalidIdPropertyValueReturnsNotFound" /></UnitTest><UnitTest name="Patch_InvalidEnumPropertyValueReturnsBadRequest" storage="d:\modelrelief\modelrelief.test\bin\debug\netcoreapp2.0\modelrelief.test.dll" id="1205650d-9b8b-4bd6-910b-12497382dcf7"><Execution id="b839ff5d-0c2b-446d-b594-41abc1438e6a" /><TestMethod codeBase="D:\ModelRelief\ModelRelief.test\bin\Debug\netcoreapp2.0\ModelRelief.Test.dll" adapterTypeName="executor://xunit/VsTestRunner2/netcoreapp" className="ModelRelief.Test.Integration.MeshTransforms.MeshTransformsBaseIntegrationTests" name="Patch_InvalidEnumPropertyValueReturnsBadRequest" /></UnitTest><UnitTest name="GetFile_FileCanBeRoundTripped" storage="d:\modelrelief\modelrelief.test\bin\debug\netcoreapp2.0\modelrelief.test.dll" id="5a546460-cd88-4e79-a0a7-4477c5991c56"><Execution id="add175e7-02d7-4a18-a447-2d36ff282733" /><TestMethod codeBase="D:\ModelRelief\ModelRelief.test\bin\Debug\netcoreapp2.0\ModelRelief.Test.dll" adapterTypeName="executor://xunit/VsTestRunner2/netcoreapp" className="ModelRelief.Test.Integration.Meshes.MeshesFileIntegrationTests" name="GetFile_FileCanBeRoundTripped" /></UnitTest><UnitTest name="Patch_ValidReferencePropertyUpdatesModel" storage="d:\modelrelief\modelrelief.test\bin\debug\netcoreapp2.0\modelrelief.test.dll" id="bfa31609-06aa-4f11-a941-d6b6d08082a1"><Execution id="faae6bb3-2084-417d-8640-acf46bc38d53" /><TestMethod codeBase="D:\ModelRelief\ModelRelief.test\bin\Debug\netcoreapp2.0\ModelRelief.Test.dll" adapterTypeName="executor://xunit/VsTestRunner2/netcoreapp" className="ModelRelief.Test.Integration.Cameras.CamerasBaseIntegrationTests" name="Patch_ValidReferencePropertyUpdatesModel" /></UnitTest><UnitTest name="FileRequest_MeshIsInvalidatedAfterDepthBufferFileBecomesUnsynchronized" storage="d:\modelrelief\modelrelief.test\bin\debug\netcoreapp2.0\modelrelief.test.dll" id="3d6b3111-36b2-4378-ac2e-70a4149424b9"><Execution id="d6cc4790-ced5-4854-baa6-601ba5cf791c" /><TestMethod codeBase="D:\ModelRelief\ModelRelief.test\bin\Debug\netcoreapp2.0\ModelRelief.Test.dll" adapterTypeName="executor://xunit/VsTestRunner2/netcoreapp" className="ModelRelief.Test.Integration.Meshes.MeshesFileIntegrationTests" name="FileRequest_MeshIsInvalidatedAfterDepthBufferFileBecomesUnsynchronized" /></UnitTest><UnitTest name="Post_InvalidPropertyValueReturnsBadRequest" storage="d:\modelrelief\modelrelief.test\bin\debug\netcoreapp2.0\modelrelief.test.dll" id="82434471-ba58-42cb-a66b-42833bafe082"><Execution id="460ce350-c24c-449a-a54d-671eb507a538" /><TestMethod codeBase="D:\ModelRelief\ModelRelief.test\bin\Debug\netcoreapp2.0\ModelRelief.Test.dll" adapterTypeName="executor://xunit/VsTestRunner2/netcoreapp" className="ModelRelief.Test.Integration.Cameras.CamerasBaseIntegrationTests" name="Post_InvalidPropertyValueReturnsBadRequest" /></UnitTest><UnitTest name="Post_InvalidPropertyValueReturnsBadRequest" storage="d:\modelrelief\modelrelief.test\bin\debug\netcoreapp2.0\modelrelief.test.dll" id="f595d854-c5b0-48e9-a5b7-e57895bc31c7"><Execution id="1f41113f-fa16-422f-82cd-b56059cf67db" /><TestMethod codeBase="D:\ModelRelief\ModelRelief.test\bin\Debug\netcoreapp2.0\ModelRelief.Test.dll" adapterTypeName="executor://xunit/VsTestRunner2/netcoreapp" className="ModelRelief.Test.Integration.DepthBuffers.DepthBuffersBaseIntegrationTests" name="Post_InvalidPropertyValueReturnsBadRequest" /></UnitTest><UnitTest name="GetList_ListReturnsCorrectCount" storage="d:\modelrelief\modelrelief.test\bin\debug\netcoreapp2.0\modelrelief.test.dll" id="16d65c9c-3430-43d0-bb6e-adff9985d707"><Execution id="ec121f90-897e-486e-b683-87a2e6f13708" /><TestMethod codeBase="D:\ModelRelief\ModelRelief.test\bin\Debug\netcoreapp2.0\ModelRelief.Test.dll" adapterTypeName="executor://xunit/VsTestRunner2/netcoreapp" className="ModelRelief.Test.Integration.Cameras.CamerasBaseIntegrationTests" name="GetList_ListReturnsCorrectCount" /></UnitTest><UnitTest name="Patch_InvalidIdPropertyReturnsNotFound" storage="d:\modelrelief\modelrelief.test\bin\debug\netcoreapp2.0\modelrelief.test.dll" id="109c1b71-6c7f-42f3-a711-44b3ddad3027"><Execution id="9de2713f-7d6d-4def-9996-f9fef3301218" /><TestMethod codeBase="D:\ModelRelief\ModelRelief.test\bin\Debug\netcoreapp2.0\ModelRelief.Test.dll" adapterTypeName="executor://xunit/VsTestRunner2/netcoreapp" className="ModelRelief.Test.Integration.Projects.ProjectsBaseIntegrationTests" name="Patch_InvalidIdPropertyReturnsNotFound" /></UnitTest><UnitTest name="GetList_ListReturnsCorrectCount" storage="d:\modelrelief\modelrelief.test\bin\debug\netcoreapp2.0\modelrelief.test.dll" id="80a1f5f3-0cdc-497e-8d60-119f29cdcc03"><Execution id="18906755-f6c5-48dc-bf2c-54b1aca2b5c0" /><TestMethod codeBase="D:\ModelRelief\ModelRelief.test\bin\Debug\netcoreapp2.0\ModelRelief.Test.dll" adapterTypeName="executor://xunit/VsTestRunner2/netcoreapp" className="ModelRelief.Test.Integration.Projects.ProjectsBaseIntegrationTests" name="GetList_ListReturnsCorrectCount" /></UnitTest><UnitTest name="Patch_InvalidPropertyNameReturnsBadRequest" storage="d:\modelrelief\modelrelief.test\bin\debug\netcoreapp2.0\modelrelief.test.dll" id="68eccb9d-0620-439b-82f1-37d50e7f734f"><Execution id="0788d0ac-00c3-4a40-9a30-00926bcff6ee" /><TestMethod codeBase="D:\ModelRelief\ModelRelief.test\bin\Debug\netcoreapp2.0\ModelRelief.Test.dll" adapterTypeName="executor://xunit/VsTestRunner2/netcoreapp" className="ModelRelief.Test.Integration.Models.ModelsBaseIntegrationTests" name="Patch_InvalidPropertyNameReturnsBadRequest" /></UnitTest><UnitTest name="Patch_MultipleInvalidReferencePropertiesReturnsMultipleValidationErrorsAndBadRequest" storage="d:\modelrelief\modelrelief.test\bin\debug\netcoreapp2.0\modelrelief.test.dll" id="30effca1-0302-4ef7-9181-74f2c6d40131"><Execution id="ebc012e9-a02d-4d5f-a11d-5f888b0cecc0" /><TestMethod codeBase="D:\ModelRelief\ModelRelief.test\bin\Debug\netcoreapp2.0\ModelRelief.Test.dll" adapterTypeName="executor://xunit/VsTestRunner2/netcoreapp" className="ModelRelief.Test.Integration.Models.ModelsBaseIntegrationTests" name="Patch_MultipleInvalidReferencePropertiesReturnsMultipleValidationErrorsAndBadRequest" /></UnitTest><UnitTest name="GetSingle_InvalidIdPropertyValueReturnsNotFound" storage="d:\modelrelief\modelrelief.test\bin\debug\netcoreapp2.0\modelrelief.test.dll" id="882acaa7-e142-4a19-9711-8d48bc178a64"><Execution id="27553237-b5bc-467a-88cc-f3667c4d799d" /><TestMethod codeBase="D:\ModelRelief\ModelRelief.test\bin\Debug\netcoreapp2.0\ModelRelief.Test.dll" adapterTypeName="executor://xunit/VsTestRunner2/netcoreapp" className="ModelRelief.Test.Integration.Models.ModelsBaseIntegrationTests" name="GetSingle_InvalidIdPropertyValueReturnsNotFound" /></UnitTest><UnitTest name="Put_CanUpdateModel" storage="d:\modelrelief\modelrelief.test\bin\debug\netcoreapp2.0\modelrelief.test.dll" id="b1a351e0-d9b0-4f01-9818-f69c434da017"><Execution id="34250065-e00d-42c0-8087-b6f187c529b7" /><TestMethod codeBase="D:\ModelRelief\ModelRelief.test\bin\Debug\netcoreapp2.0\ModelRelief.Test.dll" adapterTypeName="executor://xunit/VsTestRunner2/netcoreapp" className="ModelRelief.Test.Integration.Cameras.CamerasBaseIntegrationTests" name="Put_CanUpdateModel" /></UnitTest><UnitTest name="Put_InvalidReferencePropertyReturndBadRequest" storage="d:\modelrelief\modelrelief.test\bin\debug\netcoreapp2.0\modelrelief.test.dll" id="5d916ddc-802b-41d0-b030-42b15f5a6a09"><Execution id="8982f244-94fc-4bb4-acde-f35b77b0c6da" /><TestMethod codeBase="D:\ModelRelief\ModelRelief.test\bin\Debug\netcoreapp2.0\ModelRelief.Test.dll" adapterTypeName="executor://xunit/VsTestRunner2/netcoreapp" className="ModelRelief.Test.Integration.Meshes.MeshesBaseIntegrationTests" name="Put_InvalidReferencePropertyReturndBadRequest" /></UnitTest><UnitTest name="Patch_InvalidReferencePropertyReturnsBadRequest" storage="d:\modelrelief\modelrelief.test\bin\debug\netcoreapp2.0\modelrelief.test.dll" id="d3fb4abf-9fc9-40d2-a7c6-240e5ab3e63f"><Execution id="4512ca40-7adc-46d8-bb12-3a8e74783992" /><TestMethod codeBase="D:\ModelRelief\ModelRelief.test\bin\Debug\netcoreapp2.0\ModelRelief.Test.dll" adapterTypeName="executor://xunit/VsTestRunner2/netcoreapp" className="ModelRelief.Test.Integration.Meshes.MeshesBaseIntegrationTests" name="Patch_InvalidReferencePropertyReturnsBadRequest" /></UnitTest><UnitTest name="Patch_MultipleInvalidReferencePropertiesReturnsMultipleValidationErrorsAndBadRequest" storage="d:\modelrelief\modelrelief.test\bin\debug\netcoreapp2.0\modelrelief.test.dll" id="dc79c984-2a6d-4c55-bfb0-b26d407485c6"><Execution id="ebf95c44-bb73-4632-b253-a41bd4dcdf5e" /><TestMethod codeBase="D:\ModelRelief\ModelRelief.test\bin\Debug\netcoreapp2.0\ModelRelief.Test.dll" adapterTypeName="executor://xunit/VsTestRunner2/netcoreapp" className="ModelRelief.Test.Integration.Cameras.CamerasBaseIntegrationTests" name="Patch_MultipleInvalidReferencePropertiesReturnsMultipleValidationErrorsAndBadRequest" /></UnitTest><UnitTest name="Post_InvalidReferencePropertyReturnsBadRequest" storage="d:\modelrelief\modelrelief.test\bin\debug\netcoreapp2.0\modelrelief.test.dll" id="4e2e628b-13c0-438c-895e-2e13a4b1fb33"><Execution id="f63e7849-83b8-45b1-94f6-3c765be40786" /><TestMethod codeBase="D:\ModelRelief\ModelRelief.test\bin\Debug\netcoreapp2.0\ModelRelief.Test.dll" adapterTypeName="executor://xunit/VsTestRunner2/netcoreapp" className="ModelRelief.Test.Integration.DepthBuffers.DepthBuffersBaseIntegrationTests" name="Post_InvalidReferencePropertyReturnsBadRequest" /></UnitTest><UnitTest name="Put_InvalidIdReturnsNotFound" storage="d:\modelrelief\modelrelief.test\bin\debug\netcoreapp2.0\modelrelief.test.dll" id="8d16bc05-815a-4554-8b5d-757f7318ed8b"><Execution id="d4c16297-0722-4711-b981-f8621e4d228a" /><TestMethod codeBase="D:\ModelRelief\ModelRelief.test\bin\Debug\netcoreapp2.0\ModelRelief.Test.dll" adapterTypeName="executor://xunit/VsTestRunner2/netcoreapp" className="ModelRelief.Test.Integration.Projects.ProjectsBaseIntegrationTests" name="Put_InvalidIdReturnsNotFound" /></UnitTest><UnitTest name="DepthBufferHasExpectedDependentFiles" storage="d:\modelrelief\modelrelief.test\bin\debug\netcoreapp2.0\modelrelief.test.dll" id="cc4da9f7-491c-49f6-8a09-dcce4a71e9ff"><Execution id="b3e84d90-15f5-49f4-afa8-ebd365519250" /><TestMethod codeBase="D:\ModelRelief\ModelRelief.test\bin\Debug\netcoreapp2.0\ModelRelief.Test.dll" adapterTypeName="executor://xunit/VsTestRunner2/netcoreapp" className="ModelRelief.Test.Unit.DependencyManager.DependencyManagerTests" name="DepthBufferHasExpectedDependentFiles" /></UnitTest><UnitTest name="PostFile_NewFileCanBePosted" storage="d:\modelrelief\modelrelief.test\bin\debug\netcoreapp2.0\modelrelief.test.dll" id="9b7b61cd-a3c1-4d1d-9aef-ddd0189f55d1"><Execution id="dfc7e8c3-0225-41c5-972b-b2f924a0bdab" /><TestMethod codeBase="D:\ModelRelief\ModelRelief.test\bin\Debug\netcoreapp2.0\ModelRelief.Test.dll" adapterTypeName="executor://xunit/VsTestRunner2/netcoreapp" className="ModelRelief.Test.Integration.Models.ModelsFileIntegrationTests" name="PostFile_NewFileCanBePosted" /></UnitTest><UnitTest name="Post_ValidReferencePropertyCreatesModel" storage="d:\modelrelief\modelrelief.test\bin\debug\netcoreapp2.0\modelrelief.test.dll" id="3eac753d-e068-4547-9d7b-9f1470127054"><Execution id="094be838-c2dd-48e9-8317-2766099bed4f" /><TestMethod codeBase="D:\ModelRelief\ModelRelief.test\bin\Debug\netcoreapp2.0\ModelRelief.Test.dll" adapterTypeName="executor://xunit/VsTestRunner2/netcoreapp" className="ModelRelief.Test.Integration.Models.ModelsBaseIntegrationTests" name="Post_ValidReferencePropertyCreatesModel" /></UnitTest><UnitTest name="LucyModel3dHasTwoDependents" storage="d:\modelrelief\modelrelief.test\bin\debug\netcoreapp2.0\modelrelief.test.dll" id="af3708c0-18d9-4e8a-b030-f8bd656c3c7c"><Execution id="a0ea6245-3097-4236-b4c4-29b23dd2e06a" /><TestMethod codeBase="D:\ModelRelief\ModelRelief.test\bin\Debug\netcoreapp2.0\ModelRelief.Test.dll" adapterTypeName="executor://xunit/VsTestRunner2/netcoreapp" className="ModelRelief.Test.Unit.DependencyManager.DependencyManagerTests" name="LucyModel3dHasTwoDependents" /></UnitTest><UnitTest name="Put_InvalidReferencePropertyReturndBadRequest" storage="d:\modelrelief\modelrelief.test\bin\debug\netcoreapp2.0\modelrelief.test.dll" id="ba46397d-cbbb-4ee8-ba00-3fa6a4fdc5fa"><Execution id="7d1a0608-64c2-44f8-9031-fa55c5353bf8" /><TestMethod codeBase="D:\ModelRelief\ModelRelief.test\bin\Debug\netcoreapp2.0\ModelRelief.Test.dll" adapterTypeName="executor://xunit/VsTestRunner2/netcoreapp" className="ModelRelief.Test.Integration.Models.ModelsBaseIntegrationTests" name="Put_InvalidReferencePropertyReturndBadRequest" /></UnitTest><UnitTest name="Patch_ValidReferencePropertyUpdatesModel" storage="d:\modelrelief\modelrelief.test\bin\debug\netcoreapp2.0\modelrelief.test.dll" id="8204aab9-cbc8-4b46-ba52-e68a72928262"><Execution id="efbb37d1-40b7-47bf-add5-0b73a1b08059" /><TestMethod codeBase="D:\ModelRelief\ModelRelief.test\bin\Debug\netcoreapp2.0\ModelRelief.Test.dll" adapterTypeName="executor://xunit/VsTestRunner2/netcoreapp" className="ModelRelief.Test.Integration.Meshes.MeshesBaseIntegrationTests" name="Patch_ValidReferencePropertyUpdatesModel" /></UnitTest><UnitTest name="GetFile_ExistingFileReturnsSuccess" storage="d:\modelrelief\modelrelief.test\bin\debug\netcoreapp2.0\modelrelief.test.dll" id="4bbf660b-4078-449c-bd6e-b2dbb386033e"><Execution id="82c3e4d6-9a07-4383-9d2c-7dc2a414b7a7" /><TestMethod codeBase="D:\ModelRelief\ModelRelief.test\bin\Debug\netcoreapp2.0\ModelRelief.Test.dll" adapterTypeName="executor://xunit/VsTestRunner2/netcoreapp" className="ModelRelief.Test.Integration.DepthBuffers.DepthBuffersFileIntegrationTests" name="GetFile_ExistingFileReturnsSuccess" /></UnitTest><UnitTest name="Patch_InvalidPropertyNameReturnsBadRequest" storage="d:\modelrelief\modelrelief.test\bin\debug\netcoreapp2.0\modelrelief.test.dll" id="f9898065-1a57-4921-9f4d-0046cd7e532d"><Execution id="aa23e61e-6d1f-4af3-8037-e626008414fb" /><TestMethod codeBase="D:\ModelRelief\ModelRelief.test\bin\Debug\netcoreapp2.0\ModelRelief.Test.dll" adapterTypeName="executor://xunit/VsTestRunner2/netcoreapp" className="ModelRelief.Test.Integration.Projects.ProjectsBaseIntegrationTests" name="Patch_InvalidPropertyNameReturnsBadRequest" /></UnitTest><UnitTest name="PutFile_FileCanBeUpdated" storage="d:\modelrelief\modelrelief.test\bin\debug\netcoreapp2.0\modelrelief.test.dll" id="31603b16-5df3-4508-bcde-edb8e7b50e16"><Execution id="342c796a-4ab2-471a-9aa6-3fd26bdb6805" /><TestMethod codeBase="D:\ModelRelief\ModelRelief.test\bin\Debug\netcoreapp2.0\ModelRelief.Test.dll" adapterTypeName="executor://xunit/VsTestRunner2/netcoreapp" className="ModelRelief.Test.Integration.Models.ModelsFileIntegrationTests" name="PutFile_FileCanBeUpdated" /></UnitTest><UnitTest name="Put_CanUpdateModel" storage="d:\modelrelief\modelrelief.test\bin\debug\netcoreapp2.0\modelrelief.test.dll" id="038bdf1a-625a-4d64-a735-325d97b83bad"><Execution id="eedbe48b-1959-45c0-b0cd-49040a4b0383" /><TestMethod codeBase="D:\ModelRelief\ModelRelief.test\bin\Debug\netcoreapp2.0\ModelRelief.Test.dll" adapterTypeName="executor://xunit/VsTestRunner2/netcoreapp" className="ModelRelief.Test.Integration.Meshes.MeshesBaseIntegrationTests" name="Put_CanUpdateModel" /></UnitTest><UnitTest name="GetSingle_InvalidIdPropertyValueReturnsNotFound" storage="d:\modelrelief\modelrelief.test\bin\debug\netcoreapp2.0\modelrelief.test.dll" id="24bd886e-b118-4adb-85ee-1d5c686fe14f"><Execution id="c869c825-f39e-4379-b5de-726387bef95f" /><TestMethod codeBase="D:\ModelRelief\ModelRelief.test\bin\Debug\netcoreapp2.0\ModelRelief.Test.dll" adapterTypeName="executor://xunit/VsTestRunner2/netcoreapp" className="ModelRelief.Test.Integration.Projects.ProjectsBaseIntegrationTests" name="GetSingle_InvalidIdPropertyValueReturnsNotFound" /></UnitTest><UnitTest name="Patch_InvalidEnumPropertyValueReturnsBadRequest" storage="d:\modelrelief\modelrelief.test\bin\debug\netcoreapp2.0\modelrelief.test.dll" id="383fb8bb-f4fc-49d7-a957-a8ea873a24c5"><Execution id="8436d322-d36d-44b8-8deb-945b6a0dc60c" /><TestMethod codeBase="D:\ModelRelief\ModelRelief.test\bin\Debug\netcoreapp2.0\ModelRelief.Test.dll" adapterTypeName="executor://xunit/VsTestRunner2/netcoreapp" className="ModelRelief.Test.Integration.Models.ModelsBaseIntegrationTests" name="Patch_InvalidEnumPropertyValueReturnsBadRequest" /></UnitTest><UnitTest name="Delete_TargetModelIsDeleted" storage="d:\modelrelief\modelrelief.test\bin\debug\netcoreapp2.0\modelrelief.test.dll" id="0040871d-2e4e-4615-ba45-84ea9436296d"><Execution id="67ecf0ba-1093-4d44-b95a-a215543a1325" /><TestMethod codeBase="D:\ModelRelief\ModelRelief.test\bin\Debug\netcoreapp2.0\ModelRelief.Test.dll" adapterTypeName="executor://xunit/VsTestRunner2/netcoreapp" className="ModelRelief.Test.Integration.Models.ModelsBaseIntegrationTests" name="Delete_TargetModelIsDeleted" /></UnitTest><UnitTest name="FileRequest_FileCanBeReadAfterRename" storage="d:\modelrelief\modelrelief.test\bin\debug\netcoreapp2.0\modelrelief.test.dll" id="8ff18f44-45d6-41be-885c-3301656f15f1"><Execution id="96ac45b8-9b3e-47b1-9827-1fa3515a3b95" /><TestMethod codeBase="D:\ModelRelief\ModelRelief.test\bin\Debug\netcoreapp2.0\ModelRelief.Test.dll" adapterTypeName="executor://xunit/VsTestRunner2/netcoreapp" className="ModelRelief.Test.Integration.DepthBuffers.DepthBuffersFileIntegrationTests" name="FileRequest_FileCanBeReadAfterRename" /></UnitTest><UnitTest name="Patch_InvalidReferencePropertyReturnsBadRequest" storage="d:\modelrelief\modelrelief.test\bin\debug\netcoreapp2.0\modelrelief.test.dll" id="cc6d38f9-1f8e-4e2c-88f9-11ad8ffa4d11"><Execution id="8743ab36-8991-49d3-82cc-62e6aba6433d" /><TestMethod codeBase="D:\ModelRelief\ModelRelief.test\bin\Debug\netcoreapp2.0\ModelRelief.Test.dll" adapterTypeName="executor://xunit/VsTestRunner2/netcoreapp" className="ModelRelief.Test.Integration.Models.ModelsBaseIntegrationTests" name="Patch_InvalidReferencePropertyReturnsBadRequest" /></UnitTest><UnitTest name="PostFile_NewFileCanBePosted" storage="d:\modelrelief\modelrelief.test\bin\debug\netcoreapp2.0\modelrelief.test.dll" id="b7cccb98-9828-4bc4-94db-7c8be3bcfec8"><Execution id="2b630f69-d74a-4151-baf3-44d18f8a78d4" /><TestMethod codeBase="D:\ModelRelief\ModelRelief.test\bin\Debug\netcoreapp2.0\ModelRelief.Test.dll" adapterTypeName="executor://xunit/VsTestRunner2/netcoreapp" className="ModelRelief.Test.Integration.Meshes.MeshesFileIntegrationTests" name="PostFile_NewFileCanBePosted" /></UnitTest><UnitTest name="Post_ValidReferencePropertyCreatesModel" storage="d:\modelrelief\modelrelief.test\bin\debug\netcoreapp2.0\modelrelief.test.dll" id="3a9cb851-c4e2-47b3-983c-60a22c6133bc"><Execution id="4b2bd4ef-fbc2-40c3-ac06-5ab3ee51d795" /><TestMethod codeBase="D:\ModelRelief\ModelRelief.test\bin\Debug\netcoreapp2.0\ModelRelief.Test.dll" adapterTypeName="executor://xunit/VsTestRunner2/netcoreapp" className="ModelRelief.Test.Integration.Projects.ProjectsBaseIntegrationTests" name="Post_ValidReferencePropertyCreatesModel" /></UnitTest><UnitTest name="Delete_TargetModelIsDeleted" storage="d:\modelrelief\modelrelief.test\bin\debug\netcoreapp2.0\modelrelief.test.dll" id="ef69d4e5-ea09-48ef-a2a9-2b24a7eb19ff"><Execution id="99259052-3697-4eca-88ec-1594ee308e78" /><TestMethod codeBase="D:\ModelRelief\ModelRelief.test\bin\Debug\netcoreapp2.0\ModelRelief.Test.dll" adapterTypeName="executor://xunit/VsTestRunner2/netcoreapp" className="ModelRelief.Test.Integration.Cameras.CamerasBaseIntegrationTests" name="Delete_TargetModelIsDeleted" /></UnitTest><UnitTest name="PostFile_FileTimeStampIsUpdatedAfterFileIsPosted" storage="d:\modelrelief\modelrelief.test\bin\debug\netcoreapp2.0\modelrelief.test.dll" id="b779d07e-29a1-46fc-85a4-6acd833ea990"><Execution id="3efa18ca-5afa-40c9-8516-8f3b99979055" /><TestMethod codeBase="D:\ModelRelief\ModelRelief.test\bin\Debug\netcoreapp2.0\ModelRelief.Test.dll" adapterTypeName="executor://xunit/VsTestRunner2/netcoreapp" className="ModelRelief.Test.Integration.Meshes.MeshesFileIntegrationTests" name="PostFile_FileTimeStampIsUpdatedAfterFileIsPosted" /></UnitTest><UnitTest name="Patch_MultipleInvalidReferencePropertiesReturnsMultipleValidationErrorsAndBadRequest" storage="d:\modelrelief\modelrelief.test\bin\debug\netcoreapp2.0\modelrelief.test.dll" id="68444433-40dc-4c58-a75d-bb88b9578fc8"><Execution id="1c024cfe-ff3f-4165-b7fe-f94b5705dbeb" /><TestMethod codeBase="D:\ModelRelief\ModelRelief.test\bin\Debug\netcoreapp2.0\ModelRelief.Test.dll" adapterTypeName="executor://xunit/VsTestRunner2/netcoreapp" className="ModelRelief.Test.Integration.MeshTransforms.MeshTransformsBaseIntegrationTests" name="Patch_MultipleInvalidReferencePropertiesReturnsMultipleValidationErrorsAndBadRequest" /></UnitTest><UnitTest name="Patch_InvalidIdPropertyReturnsNotFound" storage="d:\modelrelief\modelrelief.test\bin\debug\netcoreapp2.0\modelrelief.test.dll" id="a61ed667-4711-4810-98ce-83b1d071322c"><Execution id="23050965-d73a-44fc-8b02-b046eb907b6a" /><TestMethod codeBase="D:\ModelRelief\ModelRelief.test\bin\Debug\netcoreapp2.0\ModelRelief.Test.dll" adapterTypeName="executor://xunit/VsTestRunner2/netcoreapp" className="ModelRelief.Test.Integration.Meshes.MeshesBaseIntegrationTests" name="Patch_InvalidIdPropertyReturnsNotFound" /></UnitTest><UnitTest name="GetSingle_ValidIdPropertyValueReturnsCorrectModel" storage="d:\modelrelief\modelrelief.test\bin\debug\netcoreapp2.0\modelrelief.test.dll" id="8fb656a6-4248-4e10-b406-f0acb9ebbe16"><Execution id="63c5efb0-f5ac-427f-8dd9-05058151db79" /><TestMethod codeBase="D:\ModelRelief\ModelRelief.test\bin\Debug\netcoreapp2.0\ModelRelief.Test.dll" adapterTypeName="executor://xunit/VsTestRunner2/netcoreapp" className="ModelRelief.Test.Integration.Projects.ProjectsBaseIntegrationTests" name="GetSingle_ValidIdPropertyValueReturnsCorrectModel" /></UnitTest><UnitTest name="GetFile_NonExistentFileReturnsNotFound" storage="d:\modelrelief\modelrelief.test\bin\debug\netcoreapp2.0\modelrelief.test.dll" id="f7bbb7a8-93ec-4745-9fc9-df4652e503fd"><Execution id="a83dc096-efea-447e-913a-5ebe6afe1628" /><TestMethod codeBase="D:\ModelRelief\ModelRelief.test\bin\Debug\netcoreapp2.0\ModelRelief.Test.dll" adapterTypeName="executor://xunit/VsTestRunner2/netcoreapp" className="ModelRelief.Test.Integration.DepthBuffers.DepthBuffersFileIntegrationTests" name="GetFile_NonExistentFileReturnsNotFound" /></UnitTest><UnitTest name="Post_ValidReferencePropertyCreatesModel" storage="d:\modelrelief\modelrelief.test\bin\debug\netcoreapp2.0\modelrelief.test.dll" id="ca9c4193-57bf-437c-8a52-5fa4aed33120"><Execution id="7202d8c2-246a-450c-94a4-d182d036fd05" /><TestMethod codeBase="D:\ModelRelief\ModelRelief.test\bin\Debug\netcoreapp2.0\ModelRelief.Test.dll" adapterTypeName="executor://xunit/VsTestRunner2/netcoreapp" className="ModelRelief.Test.Integration.Cameras.CamerasBaseIntegrationTests" name="Post_ValidReferencePropertyCreatesModel" /></UnitTest><UnitTest name="LucyDepthBufferFindsOneDependent" storage="d:\modelrelief\modelrelief.test\bin\debug\netcoreapp2.0\modelrelief.test.dll" id="414e0e13-08f4-4178-a037-262595611107"><Execution id="08b3421a-e785-47f5-b2a9-35921f7cf01e" /><TestMethod codeBase="D:\ModelRelief\ModelRelief.test\bin\Debug\netcoreapp2.0\ModelRelief.Test.dll" adapterTypeName="executor://xunit/VsTestRunner2/netcoreapp" className="ModelRelief.Test.Unit.DependencyManager.DependencyManagerTests" name="LucyDepthBufferFindsOneDependent" /></UnitTest><UnitTest name="Put_ValidReferencePropertyUpdatesModel" storage="d:\modelrelief\modelrelief.test\bin\debug\netcoreapp2.0\modelrelief.test.dll" id="80447a26-8018-4f65-926d-2f1be5e750cf"><Execution id="fe136cdb-64e9-414b-977b-f605b37db7a3" /><TestMethod codeBase="D:\ModelRelief\ModelRelief.test\bin\Debug\netcoreapp2.0\ModelRelief.Test.dll" adapterTypeName="executor://xunit/VsTestRunner2/netcoreapp" className="ModelRelief.Test.Integration.Meshes.MeshesBaseIntegrationTests" name="Put_ValidReferencePropertyUpdatesModel" /></UnitTest><UnitTest name="Patch_TargetPropertyIsUpdated" storage="d:\modelrelief\modelrelief.test\bin\debug\netcoreapp2.0\modelrelief.test.dll" id="cca3457e-9abd-4302-b769-50382894f17a"><Execution id="09b6d897-ddcb-41c0-9dfb-58c2836acc03" /><TestMethod codeBase="D:\ModelRelief\ModelRelief.test\bin\Debug\netcoreapp2.0\ModelRelief.Test.dll" adapterTypeName="executor://xunit/VsTestRunner2/netcoreapp" className="ModelRelief.Test.Integration.Meshes.MeshesBaseIntegrationTests" name="Patch_TargetPropertyIsUpdated" /></UnitTest><UnitTest name="GetList_ListReturnsCorrectCount" storage="d:\modelrelief\modelrelief.test\bin\debug\netcoreapp2.0\modelrelief.test.dll" id="49dd339d-9156-4a76-a58d-2799446b106c"><Execution id="841137b9-7121-4e06-9e5d-68d537f9df88" /><TestMethod codeBase="D:\ModelRelief\ModelRelief.test\bin\Debug\netcoreapp2.0\ModelRelief.Test.dll" adapterTypeName="executor://xunit/VsTestRunner2/netcoreapp" className="ModelRelief.Test.Integration.Meshes.MeshesBaseIntegrationTests" name="GetList_ListReturnsCorrectCount" /></UnitTest><UnitTest name="Post_InvalidPropertyValueReturnsBadRequest" storage="d:\modelrelief\modelrelief.test\bin\debug\netcoreapp2.0\modelrelief.test.dll" id="35057677-0d3d-40cc-bd67-9624931bccc6"><Execution id="30c1ff6b-d9b9-437b-853c-117983d73373" /><TestMethod codeBase="D:\ModelRelief\ModelRelief.test\bin\Debug\netcoreapp2.0\ModelRelief.Test.dll" adapterTypeName="executor://xunit/VsTestRunner2/netcoreapp" className="ModelRelief.Test.Integration.Models.ModelsBaseIntegrationTests" name="Post_InvalidPropertyValueReturnsBadRequest" /></UnitTest><UnitTest name="Patch_TargetPropertyIsUpdated" storage="d:\modelrelief\modelrelief.test\bin\debug\netcoreapp2.0\modelrelief.test.dll" id="1777bb45-6d7b-41f6-97cf-c8c33ef8fdf1"><Execution id="414ce594-7ac6-4f0f-bdac-1f34b198d24d" /><TestMethod codeBase="D:\ModelRelief\ModelRelief.test\bin\Debug\netcoreapp2.0\ModelRelief.Test.dll" adapterTypeName="executor://xunit/VsTestRunner2/netcoreapp" className="ModelRelief.Test.Integration.DepthBuffers.DepthBuffersBaseIntegrationTests" name="Patch_TargetPropertyIsUpdated" /></UnitTest><UnitTest name="Put_InvalidIdReturnsNotFound" storage="d:\modelrelief\modelrelief.test\bin\debug\netcoreapp2.0\modelrelief.test.dll" id="01e1ead4-5db5-48b7-9c22-495af18e291e"><Execution id="10005944-f2b7-4762-afe5-c49b3fc13df3" /><TestMethod codeBase="D:\ModelRelief\ModelRelief.test\bin\Debug\netcoreapp2.0\ModelRelief.Test.dll" adapterTypeName="executor://xunit/VsTestRunner2/netcoreapp" className="ModelRelief.Test.Integration.Meshes.MeshesBaseIntegrationTests" name="Put_InvalidIdReturnsNotFound" /></UnitTest><UnitTest name="Put_CanUpdateModel" storage="d:\modelrelief\modelrelief.test\bin\debug\netcoreapp2.0\modelrelief.test.dll" id="aada9233-2752-4cea-962a-702aca8be77a"><Execution id="3b626497-506a-4702-ad88-223d68d211ad" /><TestMethod codeBase="D:\ModelRelief\ModelRelief.test\bin\Debug\netcoreapp2.0\ModelRelief.Test.dll" adapterTypeName="executor://xunit/VsTestRunner2/netcoreapp" className="ModelRelief.Test.Integration.Projects.ProjectsBaseIntegrationTests" name="Put_CanUpdateModel" /></UnitTest><UnitTest name="FileRequest_FileCanBeReadAfterRename" storage="d:\modelrelief\modelrelief.test\bin\debug\netcoreapp2.0\modelrelief.test.dll" id="3daa4cf6-b5c9-49c6-86d0-8b6f3816bfb8"><Execution id="50c9cfd1-66cf-4432-b8ff-b367ab2aa7a3" /><TestMethod codeBase="D:\ModelRelief\ModelRelief.test\bin\Debug\netcoreapp2.0\ModelRelief.Test.dll" adapterTypeName="executor://xunit/VsTestRunner2/netcoreapp" className="ModelRelief.Test.Integration.Meshes.MeshesFileIntegrationTests" name="FileRequest_FileCanBeReadAfterRename" /></UnitTest><UnitTest name="Post_CanCreateNewModel" storage="d:\modelrelief\modelrelief.test\bin\debug\netcoreapp2.0\modelrelief.test.dll" id="0b707034-0eff-4400-81c2-b44775767b08"><Execution id="c5460504-68db-4a40-b9c2-56e932564845" /><TestMethod codeBase="D:\ModelRelief\ModelRelief.test\bin\Debug\netcoreapp2.0\ModelRelief.Test.dll" adapterTypeName="executor://xunit/VsTestRunner2/netcoreapp" className="ModelRelief.Test.Integration.Meshes.MeshesBaseIntegrationTests" name="Post_CanCreateNewModel" /></UnitTest><UnitTest name="Patch_InvalidEnumPropertyValueReturnsBadRequest" storage="d:\modelrelief\modelrelief.test\bin\debug\netcoreapp2.0\modelrelief.test.dll" id="773fe963-bdc2-420a-af28-7447442ff5b5"><Execution id="84c700b1-7c74-4345-954e-33cca695fcb0" /><TestMethod codeBase="D:\ModelRelief\ModelRelief.test\bin\Debug\netcoreapp2.0\ModelRelief.Test.dll" adapterTypeName="executor://xunit/VsTestRunner2/netcoreapp" className="ModelRelief.Test.Integration.Projects.ProjectsBaseIntegrationTests" name="Patch_InvalidEnumPropertyValueReturnsBadRequest" /></UnitTest><UnitTest name="GetFile_FileCanBeRoundTripped" storage="d:\modelrelief\modelrelief.test\bin\debug\netcoreapp2.0\modelrelief.test.dll" id="d6097db3-6457-44bd-b1df-3a6ae311b0eb"><Execution id="55c9065a-3e0d-411e-b348-91c4b03cb9a5" /><TestMethod codeBase="D:\ModelRelief\ModelRelief.test\bin\Debug\netcoreapp2.0\ModelRelief.Test.dll" adapterTypeName="executor://xunit/VsTestRunner2/netcoreapp" className="ModelRelief.Test.Integration.Models.ModelsFileIntegrationTests" name="GetFile_FileCanBeRoundTripped" /></UnitTest><UnitTest name="Delete_TargetModelIsDeleted" storage="d:\modelrelief\modelrelief.test\bin\debug\netcoreapp2.0\modelrelief.test.dll" id="97ad05fb-265a-4acc-9511-56c50e8570a3"><Execution id="0cf1b555-0438-4986-b98f-3f6fc9313d44" /><TestMethod codeBase="D:\ModelRelief\ModelRelief.test\bin\Debug\netcoreapp2.0\ModelRelief.Test.dll" adapterTypeName="executor://xunit/VsTestRunner2/netcoreapp" className="ModelRelief.Test.Integration.DepthBuffers.DepthBuffersBaseIntegrationTests" name="Delete_TargetModelIsDeleted" /></UnitTest><UnitTest name="Post_InvalidPropertyValueReturnsBadRequest" storage="d:\modelrelief\modelrelief.test\bin\debug\netcoreapp2.0\modelrelief.test.dll" id="f90bf4f7-e73c-47c6-85a8-d27f65de74d2"><Execution id="d782fde3-7637-4ed9-b557-38637d008e91" /><TestMethod codeBase="D:\ModelRelief\ModelRelief.test\bin\Debug\netcoreapp2.0\ModelRelief.Test.dll" adapterTypeName="executor://xunit/VsTestRunner2/netcoreapp" className="ModelRelief.Test.Integration.Meshes.MeshesBaseIntegrationTests" name="Post_InvalidPropertyValueReturnsBadRequest" /></UnitTest><UnitTest name="Patch_ValidReferencePropertyUpdatesModel" storage="d:\modelrelief\modelrelief.test\bin\debug\netcoreapp2.0\modelrelief.test.dll" id="c3fd0f95-59ab-4d57-84b5-aff387e5b9c9"><Execution id="2fb6b3d7-b7e3-4070-aa9c-57fa2b82bf70" /><TestMethod codeBase="D:\ModelRelief\ModelRelief.test\bin\Debug\netcoreapp2.0\ModelRelief.Test.dll" adapterTypeName="executor://xunit/VsTestRunner2/netcoreapp" className="ModelRelief.Test.Integration.MeshTransforms.MeshTransformsBaseIntegrationTests" name="Patch_ValidReferencePropertyUpdatesModel" /></UnitTest><UnitTest name="Post_CanCreateNewModel" storage="d:\modelrelief\modelrelief.test\bin\debug\netcoreapp2.0\modelrelief.test.dll" id="2f9a12f2-38a3-454f-90db-6ff21afac54f"><Execution id="63a7d3aa-5162-4296-8266-d0a57715f88d" /><TestMethod codeBase="D:\ModelRelief\ModelRelief.test\bin\Debug\netcoreapp2.0\ModelRelief.Test.dll" adapterTypeName="executor://xunit/VsTestRunner2/netcoreapp" className="ModelRelief.Test.Integration.DepthBuffers.DepthBuffersBaseIntegrationTests" name="Post_CanCreateNewModel" /></UnitTest><UnitTest name="Post_InvalidReferencePropertyReturnsBadRequest" storage="d:\modelrelief\modelrelief.test\bin\debug\netcoreapp2.0\modelrelief.test.dll" id="61548470-cc8d-46b0-a1a2-797d66b46f6e"><Execution id="27a731bb-c9a0-4089-bc45-2873921e29ff" /><TestMethod codeBase="D:\ModelRelief\ModelRelief.test\bin\Debug\netcoreapp2.0\ModelRelief.Test.dll" adapterTypeName="executor://xunit/VsTestRunner2/netcoreapp" className="ModelRelief.Test.Integration.Models.ModelsBaseIntegrationTests" name="Post_InvalidReferencePropertyReturnsBadRequest" /></UnitTest><UnitTest name="Patch_TargetPropertyIsUpdated" storage="d:\modelrelief\modelrelief.test\bin\debug\netcoreapp2.0\modelrelief.test.dll" id="904d52c8-c68d-454a-b9f2-72683b354cdd"><Execution id="0342ee5b-34f7-4e07-8788-f6d3b951b4b2" /><TestMethod codeBase="D:\ModelRelief\ModelRelief.test\bin\Debug\netcoreapp2.0\ModelRelief.Test.dll" adapterTypeName="executor://xunit/VsTestRunner2/netcoreapp" className="ModelRelief.Test.Integration.Cameras.CamerasBaseIntegrationTests" name="Patch_TargetPropertyIsUpdated" /></UnitTest><UnitTest name="Put_ValidReferencePropertyUpdatesModel" storage="d:\modelrelief\modelrelief.test\bin\debug\netcoreapp2.0\modelrelief.test.dll" id="b3b41df2-f436-4241-b7ef-de696bd7d2b4"><Execution id="bcb12cbe-9b81-43a5-8cf8-8dfe5c473d02" /><TestMethod codeBase="D:\ModelRelief\ModelRelief.test\bin\Debug\netcoreapp2.0\ModelRelief.Test.dll" adapterTypeName="executor://xunit/VsTestRunner2/netcoreapp" className="ModelRelief.Test.Integration.Projects.ProjectsBaseIntegrationTests" name="Put_ValidReferencePropertyUpdatesModel" /></UnitTest><UnitTest name="Delete_TargetModelIsDeleted" storage="d:\modelrelief\modelrelief.test\bin\debug\netcoreapp2.0\modelrelief.test.dll" id="66355278-da84-442e-9e8d-f103b2876635"><Execution id="c3d0ba16-45b4-4b55-a1d6-a9f164462a10" /><TestMethod codeBase="D:\ModelRelief\ModelRelief.test\bin\Debug\netcoreapp2.0\ModelRelief.Test.dll" adapterTypeName="executor://xunit/VsTestRunner2/netcoreapp" className="ModelRelief.Test.Integration.Projects.ProjectsBaseIntegrationTests" name="Delete_TargetModelIsDeleted" /></UnitTest><UnitTest name="Put_InvalidIdReturnsNotFound" storage="d:\modelrelief\modelrelief.test\bin\debug\netcoreapp2.0\modelrelief.test.dll" id="0bfdd4df-2d18-481d-bced-632b9e76cb4d"><Execution id="08a57698-6b30-4bea-b8ea-81d860d46484" /><TestMethod codeBase="D:\ModelRelief\ModelRelief.test\bin\Debug\netcoreapp2.0\ModelRelief.Test.dll" adapterTypeName="executor://xunit/VsTestRunner2/netcoreapp" className="ModelRelief.Test.Integration.Models.ModelsBaseIntegrationTests" name="Put_InvalidIdReturnsNotFound" /></UnitTest><UnitTest name="Patch_InvalidPropertyNameReturnsBadRequest" storage="d:\modelrelief\modelrelief.test\bin\debug\netcoreapp2.0\modelrelief.test.dll" id="abe36e1f-667c-4b4d-9a90-0caaf51a8592"><Execution id="0d7a3357-7d5a-4378-83d2-ab1c2827405c" /><TestMethod codeBase="D:\ModelRelief\ModelRelief.test\bin\Debug\netcoreapp2.0\ModelRelief.Test.dll" adapterTypeName="executor://xunit/VsTestRunner2/netcoreapp" className="ModelRelief.Test.Integration.DepthBuffers.DepthBuffersBaseIntegrationTests" name="Patch_InvalidPropertyNameReturnsBadRequest" /></UnitTest><UnitTest name="Patch_InvalidPropertyNameReturnsBadRequest" storage="d:\modelrelief\modelrelief.test\bin\debug\netcoreapp2.0\modelrelief.test.dll" id="b4542856-e26d-4050-8f63-5fb26c645f35"><Execution id="d063c447-0bed-412e-8385-13dbdf5f8f63" /><TestMethod codeBase="D:\ModelRelief\ModelRelief.test\bin\Debug\netcoreapp2.0\ModelRelief.Test.dll" adapterTypeName="executor://xunit/VsTestRunner2/netcoreapp" className="ModelRelief.Test.Integration.Cameras.CamerasBaseIntegrationTests" name="Patch_InvalidPropertyNameReturnsBadRequest" /></UnitTest><UnitTest name="PutFile_FileCanBeUpdated" storage="d:\modelrelief\modelrelief.test\bin\debug\netcoreapp2.0\modelrelief.test.dll" id="be5b652d-3532-43f2-a3f5-1d3eeaef5959"><Execution id="e40e95b9-04c9-40d3-bc5d-b421d0bb5939" /><TestMethod codeBase="D:\ModelRelief\ModelRelief.test\bin\Debug\netcoreapp2.0\ModelRelief.Test.dll" adapterTypeName="executor://xunit/VsTestRunner2/netcoreapp" className="ModelRelief.Test.Integration.DepthBuffers.DepthBuffersFileIntegrationTests" name="PutFile_FileCanBeUpdated" /></UnitTest><UnitTest name="Post_CanCreateNewModel" storage="d:\modelrelief\modelrelief.test\bin\debug\netcoreapp2.0\modelrelief.test.dll" id="cd1e672f-e450-49d9-a888-3df5f5f176d8"><Execution id="8f7c027b-138c-486c-8a36-bd71f1d5079e" /><TestMethod codeBase="D:\ModelRelief\ModelRelief.test\bin\Debug\netcoreapp2.0\ModelRelief.Test.dll" adapterTypeName="executor://xunit/VsTestRunner2/netcoreapp" className="ModelRelief.Test.Integration.Models.ModelsBaseIntegrationTests" name="Post_CanCreateNewModel" /></UnitTest><UnitTest name="Patch_InvalidEnumPropertyValueReturnsBadRequest" storage="d:\modelrelief\modelrelief.test\bin\debug\netcoreapp2.0\modelrelief.test.dll" id="bac4a799-39f5-4882-b9d6-b381df949567"><Execution id="f9837d99-71a6-4c8b-a083-ad045a21261c" /><TestMethod codeBase="D:\ModelRelief\ModelRelief.test\bin\Debug\netcoreapp2.0\ModelRelief.Test.dll" adapterTypeName="executor://xunit/VsTestRunner2/netcoreapp" className="ModelRelief.Test.Integration.Cameras.CamerasBaseIntegrationTests" name="Patch_InvalidEnumPropertyValueReturnsBadRequest" /></UnitTest><UnitTest name="GetList_ListReturnsCorrectCount" storage="d:\modelrelief\modelrelief.test\bin\debug\netcoreapp2.0\modelrelief.test.dll" id="85384659-3e8b-4471-9f3c-a6eb56133cb9"><Execution id="cfd352d4-c809-448d-8e07-9ca798df50f4" /><TestMethod codeBase="D:\ModelRelief\ModelRelief.test\bin\Debug\netcoreapp2.0\ModelRelief.Test.dll" adapterTypeName="executor://xunit/VsTestRunner2/netcoreapp" className="ModelRelief.Test.Integration.Models.ModelsBaseIntegrationTests" name="GetList_ListReturnsCorrectCount" /></UnitTest><UnitTest name="Post_ValidReferencePropertyCreatesModel" storage="d:\modelrelief\modelrelief.test\bin\debug\netcoreapp2.0\modelrelief.test.dll" id="040087eb-25b5-44ef-accc-e167b3edb5a5"><Execution id="582c263a-b408-4d5e-a3fb-fda73c4c83ce" /><TestMethod codeBase="D:\ModelRelief\ModelRelief.test\bin\Debug\netcoreapp2.0\ModelRelief.Test.dll" adapterTypeName="executor://xunit/VsTestRunner2/netcoreapp" className="ModelRelief.Test.Integration.MeshTransforms.MeshTransformsBaseIntegrationTests" name="Post_ValidReferencePropertyCreatesModel" /></UnitTest><UnitTest name="Put_InvalidIdReturnsNotFound" storage="d:\modelrelief\modelrelief.test\bin\debug\netcoreapp2.0\modelrelief.test.dll" id="9e835733-80c0-4e18-bcda-5ad6f374cb7c"><Execution id="5bbc3d56-1507-4b5f-9039-3e0fadc2affe" /><TestMethod codeBase="D:\ModelRelief\ModelRelief.test\bin\Debug\netcoreapp2.0\ModelRelief.Test.dll" adapterTypeName="executor://xunit/VsTestRunner2/netcoreapp" className="ModelRelief.Test.Integration.DepthBuffers.DepthBuffersBaseIntegrationTests" name="Put_InvalidIdReturnsNotFound" /></UnitTest><UnitTest name="Put_ValidReferencePropertyUpdatesModel" storage="d:\modelrelief\modelrelief.test\bin\debug\netcoreapp2.0\modelrelief.test.dll" id="eaa47630-bdc2-4e11-9f84-fd468f75d2e7"><Execution id="5745f119-1ddd-44fb-be4f-bc4966f36d32" /><TestMethod codeBase="D:\ModelRelief\ModelRelief.test\bin\Debug\netcoreapp2.0\ModelRelief.Test.dll" adapterTypeName="executor://xunit/VsTestRunner2/netcoreapp" className="ModelRelief.Test.Integration.DepthBuffers.DepthBuffersBaseIntegrationTests" name="Put_ValidReferencePropertyUpdatesModel" /></UnitTest><UnitTest name="Put_CanUpdateModel" storage="d:\modelrelief\modelrelief.test\bin\debug\netcoreapp2.0\modelrelief.test.dll" id="1bbb6278-5fd5-4353-a6f0-7e9d9abfac93"><Execution id="55b128ea-4e93-448b-ba19-8bc29219be78" /><TestMethod codeBase="D:\ModelRelief\ModelRelief.test\bin\Debug\netcoreapp2.0\ModelRelief.Test.dll" adapterTypeName="executor://xunit/VsTestRunner2/netcoreapp" className="ModelRelief.Test.Integration.DepthBuffers.DepthBuffersBaseIntegrationTests" name="Put_CanUpdateModel" /></UnitTest><UnitTest name="Post_InvalidReferencePropertyReturnsBadRequest" storage="d:\modelrelief\modelrelief.test\bin\debug\netcoreapp2.0\modelrelief.test.dll" id="92b86827-de2a-4f80-a550-e4ecb15a3979"><Execution id="43472b28-007f-4456-bea7-20d12ecea14c" /><TestMethod codeBase="D:\ModelRelief\ModelRelief.test\bin\Debug\netcoreapp2.0\ModelRelief.Test.dll" adapterTypeName="executor://xunit/VsTestRunner2/netcoreapp" className="ModelRelief.Test.Integration.Projects.ProjectsBaseIntegrationTests" name="Post_InvalidReferencePropertyReturnsBadRequest" /></UnitTest><UnitTest name="GetFile_ExistingFileReturnsSuccess" storage="d:\modelrelief\modelrelief.test\bin\debug\netcoreapp2.0\modelrelief.test.dll" id="3009549f-e20a-4267-85ae-ab5eab9c4e86"><Execution id="178064aa-e1f8-47d6-85a0-5474cca88a6f" /><TestMethod codeBase="D:\ModelRelief\ModelRelief.test\bin\Debug\netcoreapp2.0\ModelRelief.Test.dll" adapterTypeName="executor://xunit/VsTestRunner2/netcoreapp" className="ModelRelief.Test.Integration.Meshes.MeshesFileIntegrationTests" name="GetFile_ExistingFileReturnsSuccess" /></UnitTest><UnitTest name="Put_ValidReferencePropertyUpdatesModel" storage="d:\modelrelief\modelrelief.test\bin\debug\netcoreapp2.0\modelrelief.test.dll" id="87df3931-35e6-40f1-93ea-6fcb3b7e2e0b"><Execution id="68556fe7-a50b-4ddc-bc56-d38adfc413db" /><TestMethod codeBase="D:\ModelRelief\ModelRelief.test\bin\Debug\netcoreapp2.0\ModelRelief.Test.dll" adapterTypeName="executor://xunit/VsTestRunner2/netcoreapp" className="ModelRelief.Test.Integration.Models.ModelsBaseIntegrationTests" name="Put_ValidReferencePropertyUpdatesModel" /></UnitTest><UnitTest name="Post_CanCreateNewModel" storage="d:\modelrelief\modelrelief.test\bin\debug\netcoreapp2.0\modelrelief.test.dll" id="4c722904-cdcf-4456-9984-d92ec749a7cc"><Execution id="878b9c83-5915-41ea-a411-bfc7574fe82f" /><TestMethod codeBase="D:\ModelRelief\ModelRelief.test\bin\Debug\netcoreapp2.0\ModelRelief.Test.dll" adapterTypeName="executor://xunit/VsTestRunner2/netcoreapp" className="ModelRelief.Test.Integration.Projects.ProjectsBaseIntegrationTests" name="Post_CanCreateNewModel" /></UnitTest><UnitTest name="Patch_ValidReferencePropertyUpdatesModel" storage="d:\modelrelief\modelrelief.test\bin\debug\netcoreapp2.0\modelrelief.test.dll" id="6dc4fb84-9e12-427c-9f50-48925889526c"><Execution id="f768cc1d-99e4-46c7-a0c4-fd841056fc87" /><TestMethod codeBase="D:\ModelRelief\ModelRelief.test\bin\Debug\netcoreapp2.0\ModelRelief.Test.dll" adapterTypeName="executor://xunit/VsTestRunner2/netcoreapp" className="ModelRelief.Test.Integration.DepthBuffers.DepthBuffersBaseIntegrationTests" name="Patch_ValidReferencePropertyUpdatesModel" /></UnitTest><UnitTest name="PutFile_NewFileCanBePut" storage="d:\modelrelief\modelrelief.test\bin\debug\netcoreapp2.0\modelrelief.test.dll" id="9d546840-2cbe-4435-925f-5aafdb95468d"><Execution id="f5a1f112-976e-41e9-800b-92beb90cb1e4" /><TestMethod codeBase="D:\ModelRelief\ModelRelief.test\bin\Debug\netcoreapp2.0\ModelRelief.Test.dll" adapterTypeName="executor://xunit/VsTestRunner2/netcoreapp" className="ModelRelief.Test.Integration.DepthBuffers.DepthBuffersFileIntegrationTests" name="PutFile_NewFileCanBePut" /></UnitTest><UnitTest name="Patch_InvalidReferencePropertyReturnsBadRequest" storage="d:\modelrelief\modelrelief.test\bin\debug\netcoreapp2.0\modelrelief.test.dll" id="fcaa2b83-6fa6-4513-8e49-13b9f407d314"><Execution id="3995c7dc-cc44-4dac-a4fc-6e1d440d71d6" /><TestMethod codeBase="D:\ModelRelief\ModelRelief.test\bin\Debug\netcoreapp2.0\ModelRelief.Test.dll" adapterTypeName="executor://xunit/VsTestRunner2/netcoreapp" className="ModelRelief.Test.Integration.DepthBuffers.DepthBuffersBaseIntegrationTests" name="Patch_InvalidReferencePropertyReturnsBadRequest" /></UnitTest><UnitTest name="Patch_MultipleInvalidReferencePropertiesReturnsMultipleValidationErrorsAndBadRequest" storage="d:\modelrelief\modelrelief.test\bin\debug\netcoreapp2.0\modelrelief.test.dll" id="0cb242f7-541d-4388-8ca9-dd9a663264bc"><Execution id="70a1dc70-20d1-4c16-92bb-e41168264525" /><TestMethod codeBase="D:\ModelRelief\ModelRelief.test\bin\Debug\netcoreapp2.0\ModelRelief.Test.dll" adapterTypeName="executor://xunit/VsTestRunner2/netcoreapp" className="ModelRelief.Test.Integration.DepthBuffers.DepthBuffersBaseIntegrationTests" name="Patch_MultipleInvalidReferencePropertiesReturnsMultipleValidationErrorsAndBadRequest" /></UnitTest><UnitTest name="Patch_MultipleInvalidReferencePropertiesReturnsMultipleValidationErrorsAndBadRequest" storage="d:\modelrelief\modelrelief.test\bin\debug\netcoreapp2.0\modelrelief.test.dll" id="ee25fdc0-485f-4601-b1a4-56d782739eed"><Execution id="f1e681ca-c207-4670-8f5e-1e09c1d60b1d" /><TestMethod codeBase="D:\ModelRelief\ModelRelief.test\bin\Debug\netcoreapp2.0\ModelRelief.Test.dll" adapterTypeName="executor://xunit/VsTestRunner2/netcoreapp" className="ModelRelief.Test.Integration.Meshes.MeshesBaseIntegrationTests" name="Patch_MultipleInvalidReferencePropertiesReturnsMultipleValidationErrorsAndBadRequest" /></UnitTest></TestDefinitions><TestEntries><TestEntry testId="9cbdfb93-501e-487a-bb17-bf617f63eb1a" executionId="bccd1bd0-e57a-41a0-9ce6-6e028f02607c" testListId="8c84fa94-04c1-424b-9868-57a2d4851a1d" /><TestEntry testId="67f59bcd-f025-49b7-af75-852ceaa9de97" executionId="61e848a6-8e15-4dc8-91ce-50f9a7bbfb1d" testListId="8c84fa94-04c1-424b-9868-57a2d4851a1d" /><TestEntry testId="66355278-da84-442e-9e8d-f103b2876635" executionId="c3d0ba16-45b4-4b55-a1d6-a9f164462a10" testListId="8c84fa94-04c1-424b-9868-57a2d4851a1d" /><TestEntry testId="85384659-3e8b-4471-9f3c-a6eb56133cb9" executionId="cfd352d4-c809-448d-8e07-9ca798df50f4" testListId="8c84fa94-04c1-424b-9868-57a2d4851a1d" /><TestEntry testId="8ff18f44-45d6-41be-885c-3301656f15f1" executionId="96ac45b8-9b3e-47b1-9827-1fa3515a3b95" testListId="8c84fa94-04c1-424b-9868-57a2d4851a1d" /><TestEntry testId="b3b41df2-f436-4241-b7ef-de696bd7d2b4" executionId="bcb12cbe-9b81-43a5-8cf8-8dfe5c473d02" testListId="8c84fa94-04c1-424b-9868-57a2d4851a1d" /><TestEntry testId="82434471-ba58-42cb-a66b-42833bafe082" executionId="460ce350-c24c-449a-a54d-671eb507a538" testListId="8c84fa94-04c1-424b-9868-57a2d4851a1d" /><TestEntry testId="31603b16-5df3-4508-bcde-edb8e7b50e16" executionId="342c796a-4ab2-471a-9aa6-3fd26bdb6805" testListId="8c84fa94-04c1-424b-9868-57a2d4851a1d" /><TestEntry testId="b7cccb98-9828-4bc4-94db-7c8be3bcfec8" executionId="2b630f69-d74a-4151-baf3-44d18f8a78d4" testListId="8c84fa94-04c1-424b-9868-57a2d4851a1d" /><TestEntry testId="109c1b71-6c7f-42f3-a711-44b3ddad3027" executionId="9de2713f-7d6d-4def-9996-f9fef3301218" testListId="8c84fa94-04c1-424b-9868-57a2d4851a1d" /><TestEntry testId="08729968-9bdb-441f-b830-aa5bdbb9f15b" executionId="18c0bfa3-2649-4a2a-aeaa-4b280803bb6a" testListId="8c84fa94-04c1-424b-9868-57a2d4851a1d" /><TestEntry testId="e94310f7-9eb3-4323-9f51-459a89840a4a" executionId="04e227f9-1253-4abb-be38-efe78f80ca4f" testListId="8c84fa94-04c1-424b-9868-57a2d4851a1d" /><TestEntry testId="4e2e628b-13c0-438c-895e-2e13a4b1fb33" executionId="f63e7849-83b8-45b1-94f6-3c765be40786" testListId="8c84fa94-04c1-424b-9868-57a2d4851a1d" /><TestEntry testId="719d46cd-d5d5-4e0b-8c95-38464ed75ce8" executionId="0234495a-3ad6-45a0-b9ca-405045221c44" testListId="8c84fa94-04c1-424b-9868-57a2d4851a1d" /><TestEntry testId="16d65c9c-3430-43d0-bb6e-adff9985d707" executionId="ec121f90-897e-486e-b683-87a2e6f13708" testListId="8c84fa94-04c1-424b-9868-57a2d4851a1d" /><TestEntry testId="7569813d-5112-44aa-99ce-c00616630c85" executionId="199e5f5b-2a07-4ab1-850a-89bfd64399bb" testListId="8c84fa94-04c1-424b-9868-57a2d4851a1d" /><TestEntry testId="9be5dc00-9ef1-4578-bc93-40d27d1ebe86" executionId="e43409d9-198d-4378-9b71-a3788619b060" testListId="8c84fa94-04c1-424b-9868-57a2d4851a1d" /><TestEntry testId="6e4bc9a1-879c-4c03-a500-91af187b1dd6" executionId="c3b13adf-79ac-42da-9c38-dd9a2f6acbc6" testListId="8c84fa94-04c1-424b-9868-57a2d4851a1d" /><TestEntry testId="e2693a7d-ffd0-439f-bde9-7dc7f5ace0c1" executionId="fcd478ee-6fbe-4bdb-a3c0-962f3c9e443f" testListId="8c84fa94-04c1-424b-9868-57a2d4851a1d" /><TestEntry testId="c3fd0f95-59ab-4d57-84b5-aff387e5b9c9" executionId="2fb6b3d7-b7e3-4070-aa9c-57fa2b82bf70" testListId="8c84fa94-04c1-424b-9868-57a2d4851a1d" /><TestEntry testId="37f15f8c-20fa-4017-8f7b-f28ebfaeb285" executionId="995bdbeb-9082-43c2-a95f-4817bc616b5b" testListId="8c84fa94-04c1-424b-9868-57a2d4851a1d" /><TestEntry testId="80cd71f9-0b39-4b80-87e9-8af4bc6e3fef" executionId="4165cc82-7165-4e5b-91d3-cd493f6f587e" testListId="8c84fa94-04c1-424b-9868-57a2d4851a1d" /><TestEntry testId="f47699e1-ae29-45b9-a904-ae036a242483" executionId="9cf42cea-54d1-422b-8404-d383dd6c2706" testListId="8c84fa94-04c1-424b-9868-57a2d4851a1d" /><TestEntry testId="ac1242b2-74ac-4b02-96fe-8749ed1a95f8" executionId="d848bb17-148d-427d-9a45-3a3a67bc187d" testListId="8c84fa94-04c1-424b-9868-57a2d4851a1d" /><TestEntry testId="3eb75bb3-3b8c-4622-af9d-f094e22dc815" executionId="67f09d34-c54b-4d89-90c9-c3740cbd2630" testListId="8c84fa94-04c1-424b-9868-57a2d4851a1d" /><TestEntry testId="040087eb-25b5-44ef-accc-e167b3edb5a5" executionId="582c263a-b408-4d5e-a3fb-fda73c4c83ce" testListId="8c84fa94-04c1-424b-9868-57a2d4851a1d" /><TestEntry testId="aada9233-2752-4cea-962a-702aca8be77a" executionId="3b626497-506a-4702-ad88-223d68d211ad" testListId="8c84fa94-04c1-424b-9868-57a2d4851a1d" /><TestEntry testId="414e0e13-08f4-4178-a037-262595611107" executionId="08b3421a-e785-47f5-b2a9-35921f7cf01e" testListId="8c84fa94-04c1-424b-9868-57a2d4851a1d" /><TestEntry testId="d2ee5321-9b1a-4b56-ba16-c28a9f310da8" executionId="619caeda-da06-43e0-bdfc-4818ec1a6bd8" testListId="8c84fa94-04c1-424b-9868-57a2d4851a1d" /><TestEntry testId="f22e717a-aca4-426a-a955-e90ff4333cc8" executionId="50abc7ba-c229-4bdc-9305-ba94c87053dd" testListId="8c84fa94-04c1-424b-9868-57a2d4851a1d" /><TestEntry testId="80a1f5f3-0cdc-497e-8d60-119f29cdcc03" executionId="18906755-f6c5-48dc-bf2c-54b1aca2b5c0" testListId="8c84fa94-04c1-424b-9868-57a2d4851a1d" /><TestEntry testId="773fe963-bdc2-420a-af28-7447442ff5b5" executionId="84c700b1-7c74-4345-954e-33cca695fcb0" testListId="8c84fa94-04c1-424b-9868-57a2d4851a1d" /><TestEntry testId="b4542856-e26d-4050-8f63-5fb26c645f35" executionId="d063c447-0bed-412e-8385-13dbdf5f8f63" testListId="8c84fa94-04c1-424b-9868-57a2d4851a1d" /><TestEntry testId="c5ff1115-411f-4185-b3d1-25bdbae6c79c" executionId="c283298c-8ed9-4a1a-b2ad-4e6a97a18952" testListId="8c84fa94-04c1-424b-9868-57a2d4851a1d" /><TestEntry testId="abe36e1f-667c-4b4d-9a90-0caaf51a8592" executionId="0d7a3357-7d5a-4378-83d2-ab1c2827405c" testListId="8c84fa94-04c1-424b-9868-57a2d4851a1d" /><TestEntry testId="61548470-cc8d-46b0-a1a2-797d66b46f6e" executionId="27a731bb-c9a0-4089-bc45-2873921e29ff" testListId="8c84fa94-04c1-424b-9868-57a2d4851a1d" /><TestEntry testId="ea47c884-3c18-4b4c-8223-670e00d2dfbd" executionId="e08e1c0a-973c-4714-bcce-7cd9858478ae" testListId="8c84fa94-04c1-424b-9868-57a2d4851a1d" /><TestEntry testId="74d4edaf-d75c-4090-abc2-2e1f919ef826" executionId="38ee379f-6270-4f1c-8853-256924391f69" testListId="8c84fa94-04c1-424b-9868-57a2d4851a1d" /><TestEntry testId="f595d854-c5b0-48e9-a5b7-e57895bc31c7" executionId="1f41113f-fa16-422f-82cd-b56059cf67db" testListId="8c84fa94-04c1-424b-9868-57a2d4851a1d" /><TestEntry testId="f7bbb7a8-93ec-4745-9fc9-df4652e503fd" executionId="a83dc096-efea-447e-913a-5ebe6afe1628" testListId="8c84fa94-04c1-424b-9868-57a2d4851a1d" /><TestEntry testId="7700feee-108c-4a2b-a49f-78ec17a48646" executionId="79eafb3c-a054-4836-b0c1-4ab1025dcc6e" testListId="8c84fa94-04c1-424b-9868-57a2d4851a1d" /><TestEntry testId="3eac753d-e068-4547-9d7b-9f1470127054" executionId="094be838-c2dd-48e9-8317-2766099bed4f" testListId="8c84fa94-04c1-424b-9868-57a2d4851a1d" /><TestEntry testId="d3fb4abf-9fc9-40d2-a7c6-240e5ab3e63f" executionId="4512ca40-7adc-46d8-bb12-3a8e74783992" testListId="8c84fa94-04c1-424b-9868-57a2d4851a1d" /><TestEntry testId="42511daf-eff8-4e14-bee6-a251e70a8531" executionId="1866b7e1-6216-4036-81cb-9bcf32f09482" testListId="8c84fa94-04c1-424b-9868-57a2d4851a1d" /><TestEntry testId="28740133-fc75-4157-b816-de1528559cb7" executionId="5a778770-e882-45ec-be2d-aebd27fe627f" testListId="8c84fa94-04c1-424b-9868-57a2d4851a1d" /><TestEntry testId="68444433-40dc-4c58-a75d-bb88b9578fc8" executionId="1c024cfe-ff3f-4165-b7fe-f94b5705dbeb" testListId="8c84fa94-04c1-424b-9868-57a2d4851a1d" /><TestEntry testId="83899eed-265e-43a1-9e3f-f91efb643b51" executionId="9114025c-32fe-4600-a62a-1cda883eed93" testListId="8c84fa94-04c1-424b-9868-57a2d4851a1d" /><TestEntry testId="904d52c8-c68d-454a-b9f2-72683b354cdd" executionId="0342ee5b-34f7-4e07-8788-f6d3b951b4b2" testListId="8c84fa94-04c1-424b-9868-57a2d4851a1d" /><TestEntry testId="f90bf4f7-e73c-47c6-85a8-d27f65de74d2" executionId="d782fde3-7637-4ed9-b557-38637d008e91" testListId="8c84fa94-04c1-424b-9868-57a2d4851a1d" /><TestEntry testId="bb8daed1-25b2-4edb-a80d-212c7f94f514" executionId="2a004d27-33e7-4aeb-843d-3c4bac760a31" testListId="8c84fa94-04c1-424b-9868-57a2d4851a1d" /><TestEntry testId="c2b73da8-4267-4ad6-b9d7-2ec418c1c6f5" executionId="88e38d02-0b5f-4e39-b357-273722f30180" testListId="8c84fa94-04c1-424b-9868-57a2d4851a1d" /><TestEntry testId="17fdc152-129a-4401-953a-4f78712283fe" executionId="529f7866-af87-4101-946e-0ecf5e8f2d2b" testListId="8c84fa94-04c1-424b-9868-57a2d4851a1d" /><TestEntry testId="283d28e5-c74b-4149-873b-70085f1ac454" executionId="944bbf8e-17dd-4408-9795-c8ebadfe75a6" testListId="8c84fa94-04c1-424b-9868-57a2d4851a1d" /><TestEntry testId="15af0502-4adf-4eaa-a72c-c2ff564635f3" executionId="ac299822-1633-4134-a61b-b795b4597b7a" testListId="8c84fa94-04c1-424b-9868-57a2d4851a1d" /><TestEntry testId="cf9167db-37e1-48ce-814f-59f539d17c3f" executionId="f726cb0a-45b7-4df0-8603-cb5cefb424ed" testListId="8c84fa94-04c1-424b-9868-57a2d4851a1d" /><TestEntry testId="882acaa7-e142-4a19-9711-8d48bc178a64" executionId="27553237-b5bc-467a-88cc-f3667c4d799d" testListId="8c84fa94-04c1-424b-9868-57a2d4851a1d" /><TestEntry testId="699b25e5-37a4-4435-95e2-376501c830d7" executionId="dcf35a74-91ad-484a-841b-db20e3d9a089" testListId="8c84fa94-04c1-424b-9868-57a2d4851a1d" /><TestEntry testId="3009549f-e20a-4267-85ae-ab5eab9c4e86" executionId="178064aa-e1f8-47d6-85a0-5474cca88a6f" testListId="8c84fa94-04c1-424b-9868-57a2d4851a1d" /><TestEntry testId="7715c6bf-e37e-4a28-929b-363bf7cb0c03" executionId="f887dc51-84f3-4e60-a1d0-e48368807bc7" testListId="8c84fa94-04c1-424b-9868-57a2d4851a1d" /><TestEntry testId="3c089b6d-b7a1-488d-bccb-6ab90ba691e0" executionId="59ca293b-bd19-411c-babd-2dc6cff46b71" testListId="8c84fa94-04c1-424b-9868-57a2d4851a1d" /><TestEntry testId="da5d343e-b549-4c50-9a5a-43af69cf8407" executionId="2fb477e7-8504-48e9-be32-961606e5ff8b" testListId="8c84fa94-04c1-424b-9868-57a2d4851a1d" /><TestEntry testId="ef69d4e5-ea09-48ef-a2a9-2b24a7eb19ff" executionId="99259052-3697-4eca-88ec-1594ee308e78" testListId="8c84fa94-04c1-424b-9868-57a2d4851a1d" /><TestEntry testId="383fb8bb-f4fc-49d7-a957-a8ea873a24c5" executionId="8436d322-d36d-44b8-8deb-945b6a0dc60c" testListId="8c84fa94-04c1-424b-9868-57a2d4851a1d" /><TestEntry testId="0b707034-0eff-4400-81c2-b44775767b08" executionId="c5460504-68db-4a40-b9c2-56e932564845" testListId="8c84fa94-04c1-424b-9868-57a2d4851a1d" /><TestEntry testId="ee25fdc0-485f-4601-b1a4-56d782739eed" executionId="f1e681ca-c207-4670-8f5e-1e09c1d60b1d" testListId="8c84fa94-04c1-424b-9868-57a2d4851a1d" /><TestEntry testId="cd1e672f-e450-49d9-a888-3df5f5f176d8" executionId="8f7c027b-138c-486c-8a36-bd71f1d5079e" testListId="8c84fa94-04c1-424b-9868-57a2d4851a1d" /><TestEntry testId="af3708c0-18d9-4e8a-b030-f8bd656c3c7c" executionId="a0ea6245-3097-4236-b4c4-29b23dd2e06a" testListId="8c84fa94-04c1-424b-9868-57a2d4851a1d" /><TestEntry testId="68eccb9d-0620-439b-82f1-37d50e7f734f" executionId="0788d0ac-00c3-4a40-9a30-00926bcff6ee" testListId="8c84fa94-04c1-424b-9868-57a2d4851a1d" /><TestEntry testId="3daa4cf6-b5c9-49c6-86d0-8b6f3816bfb8" executionId="50c9cfd1-66cf-4432-b8ff-b367ab2aa7a3" testListId="8c84fa94-04c1-424b-9868-57a2d4851a1d" /><TestEntry testId="b779d07e-29a1-46fc-85a4-6acd833ea990" executionId="3efa18ca-5afa-40c9-8516-8f3b99979055" testListId="8c84fa94-04c1-424b-9868-57a2d4851a1d" /><TestEntry testId="3cdbb53d-61f4-47c9-a058-f990fc285c07" executionId="4c939d5d-4c9e-4257-8cde-49c10bdea5b1" testListId="8c84fa94-04c1-424b-9868-57a2d4851a1d" /><TestEntry testId="5d916ddc-802b-41d0-b030-42b15f5a6a09" executionId="8982f244-94fc-4bb4-acde-f35b77b0c6da" testListId="8c84fa94-04c1-424b-9868-57a2d4851a1d" /><TestEntry testId="be5b652d-3532-43f2-a3f5-1d3eeaef5959" executionId="e40e95b9-04c9-40d3-bc5d-b421d0bb5939" testListId="8c84fa94-04c1-424b-9868-57a2d4851a1d" /><TestEntry testId="fe21bf5f-1b2e-49e7-a0a6-50c1b45666dc" executionId="90e734dd-d165-4af9-a2ba-384781e16964" testListId="8c84fa94-04c1-424b-9868-57a2d4851a1d" /><TestEntry testId="9c3bd25c-ecd9-4771-b074-54f0327bee0d" executionId="59e26343-6e4d-43de-b932-9af41e3bf5c0" testListId="8c84fa94-04c1-424b-9868-57a2d4851a1d" /><TestEntry testId="f7cd2084-2ee6-42d6-8146-c64059b2ef63" executionId="aed2c7e7-ea32-4dfa-915e-e580b189254a" testListId="8c84fa94-04c1-424b-9868-57a2d4851a1d" /><TestEntry testId="6dc4fb84-9e12-427c-9f50-48925889526c" executionId="f768cc1d-99e4-46c7-a0c4-fd841056fc87" testListId="8c84fa94-04c1-424b-9868-57a2d4851a1d" /><TestEntry testId="0cb242f7-541d-4388-8ca9-dd9a663264bc" executionId="70a1dc70-20d1-4c16-92bb-e41168264525" testListId="8c84fa94-04c1-424b-9868-57a2d4851a1d" /><TestEntry testId="24bd886e-b118-4adb-85ee-1d5c686fe14f" executionId="c869c825-f39e-4379-b5de-726387bef95f" testListId="8c84fa94-04c1-424b-9868-57a2d4851a1d" /><TestEntry testId="0040871d-2e4e-4615-ba45-84ea9436296d" executionId="67ecf0ba-1093-4d44-b95a-a215543a1325" testListId="8c84fa94-04c1-424b-9868-57a2d4851a1d" /><TestEntry testId="dc79c984-2a6d-4c55-bfb0-b26d407485c6" executionId="ebf95c44-bb73-4632-b253-a41bd4dcdf5e" testListId="8c84fa94-04c1-424b-9868-57a2d4851a1d" /><TestEntry testId="b1a351e0-d9b0-4f01-9818-f69c434da017" executionId="34250065-e00d-42c0-8087-b6f187c529b7" testListId="8c84fa94-04c1-424b-9868-57a2d4851a1d" /><TestEntry testId="a15836a3-d542-44a4-a90a-38c1459071ec" executionId="09f0f710-8cad-4d7d-a0c5-7193147e54a5" testListId="8c84fa94-04c1-424b-9868-57a2d4851a1d" /><TestEntry testId="5a546460-cd88-4e79-a0a7-4477c5991c56" executionId="add175e7-02d7-4a18-a447-2d36ff282733" testListId="8c84fa94-04c1-424b-9868-57a2d4851a1d" /><TestEntry testId="610cda03-974e-47ab-b214-1b05b9ffaeb3" executionId="121828f2-8f5a-4b37-82df-752d7de03a7a" testListId="8c84fa94-04c1-424b-9868-57a2d4851a1d" /><TestEntry testId="ff31a07a-de4a-4372-a4c4-438ed7cd2834" executionId="c64a4598-f64d-4ce5-8d31-25362f9d968f" testListId="8c84fa94-04c1-424b-9868-57a2d4851a1d" /><TestEntry testId="a61ed667-4711-4810-98ce-83b1d071322c" executionId="23050965-d73a-44fc-8b02-b046eb907b6a" testListId="8c84fa94-04c1-424b-9868-57a2d4851a1d" /><TestEntry testId="1e734b6a-7378-4644-9822-1cacff1e92e6" executionId="96b91ef3-da58-46d0-b47e-2e6df9b6c3f6" testListId="8c84fa94-04c1-424b-9868-57a2d4851a1d" /><TestEntry testId="bac4a799-39f5-4882-b9d6-b381df949567" executionId="f9837d99-71a6-4c8b-a083-ad045a21261c" testListId="8c84fa94-04c1-424b-9868-57a2d4851a1d" /><TestEntry testId="97ad05fb-265a-4acc-9511-56c50e8570a3" executionId="0cf1b555-0438-4986-b98f-3f6fc9313d44" testListId="8c84fa94-04c1-424b-9868-57a2d4851a1d" /><TestEntry testId="9d546840-2cbe-4435-925f-5aafdb95468d" executionId="f5a1f112-976e-41e9-800b-92beb90cb1e4" testListId="8c84fa94-04c1-424b-9868-57a2d4851a1d" /><TestEntry testId="11d582f7-c344-4d5f-be7e-12fbe7f065e0" executionId="adfa6528-e05f-4cf8-a411-17921604be72" testListId="8c84fa94-04c1-424b-9868-57a2d4851a1d" /><TestEntry testId="930df980-6c0e-4b62-86b0-69e5ed2ac810" executionId="42038d45-5c56-4f06-9205-0b81a15b617e" testListId="8c84fa94-04c1-424b-9868-57a2d4851a1d" /><TestEntry testId="bb3b1614-3c76-45ed-a53b-7082e7a5524a" executionId="80077b02-ce7a-4dc1-a260-f9878ee146fc" testListId="8c84fa94-04c1-424b-9868-57a2d4851a1d" /><TestEntry testId="3a9cb851-c4e2-47b3-983c-60a22c6133bc" executionId="4b2bd4ef-fbc2-40c3-ac06-5ab3ee51d795" testListId="8c84fa94-04c1-424b-9868-57a2d4851a1d" /><TestEntry testId="1205650d-9b8b-4bd6-910b-12497382dcf7" executionId="b839ff5d-0c2b-446d-b594-41abc1438e6a" testListId="8c84fa94-04c1-424b-9868-57a2d4851a1d" /><TestEntry testId="4bbf660b-4078-449c-bd6e-b2dbb386033e" executionId="82c3e4d6-9a07-4383-9d2c-7dc2a414b7a7" testListId="8c84fa94-04c1-424b-9868-57a2d4851a1d" /><TestEntry testId="3e5cb5a9-2424-4534-b493-5762d1c847d4" executionId="f26e72c9-e259-4f2a-ab35-4f37c404bddf" testListId="8c84fa94-04c1-424b-9868-57a2d4851a1d" /><TestEntry testId="a84408bf-e29a-4075-93ba-542bd275c19a" executionId="c3abfa00-e97b-4029-8787-05dc93c8b386" testListId="8c84fa94-04c1-424b-9868-57a2d4851a1d" /><TestEntry testId="4c722904-cdcf-4456-9984-d92ec749a7cc" executionId="878b9c83-5915-41ea-a411-bfc7574fe82f" testListId="8c84fa94-04c1-424b-9868-57a2d4851a1d" /><TestEntry testId="ef0ab2cc-959f-467f-b396-9887679be059" executionId="71e99e6c-8beb-466b-8d09-716dc01c7cde" testListId="8c84fa94-04c1-424b-9868-57a2d4851a1d" /><TestEntry testId="1a0d93aa-f6bd-4866-85cc-09944949d29f" executionId="bbbff973-faed-4adb-8cd4-4b4742477706" testListId="8c84fa94-04c1-424b-9868-57a2d4851a1d" /><TestEntry testId="fcaa2b83-6fa6-4513-8e49-13b9f407d314" executionId="3995c7dc-cc44-4dac-a4fc-6e1d440d71d6" testListId="8c84fa94-04c1-424b-9868-57a2d4851a1d" /><TestEntry testId="eaa47630-bdc2-4e11-9f84-fd468f75d2e7" executionId="5745f119-1ddd-44fb-be4f-bc4966f36d32" testListId="8c84fa94-04c1-424b-9868-57a2d4851a1d" /><TestEntry testId="92b86827-de2a-4f80-a550-e4ecb15a3979" executionId="43472b28-007f-4456-bea7-20d12ecea14c" testListId="8c84fa94-04c1-424b-9868-57a2d4851a1d" /><TestEntry testId="306e2037-8bf3-4bf1-83d4-b18d32318c6d" executionId="d7834e70-945a-4f25-b5d6-1ef856ed6cc6" testListId="8c84fa94-04c1-424b-9868-57a2d4851a1d" /><TestEntry testId="9b7b61cd-a3c1-4d1d-9aef-ddd0189f55d1" executionId="dfc7e8c3-0225-41c5-972b-b2f924a0bdab" testListId="8c84fa94-04c1-424b-9868-57a2d4851a1d" /><TestEntry testId="dcb608be-b4eb-4171-9892-fb21f73bbad4" executionId="446299ac-4a3b-4d2d-a38b-d0f0a5f740a0" testListId="8c84fa94-04c1-424b-9868-57a2d4851a1d" /><TestEntry testId="161ac30d-edfe-4bb0-8120-5ff4ef9b3f03" executionId="83bfeef7-7409-46ee-a403-8ebe017bf1c2" testListId="8c84fa94-04c1-424b-9868-57a2d4851a1d" /><TestEntry testId="783fd131-dbba-4814-8613-c8d385f9763e" executionId="14fdc24d-b35e-4572-a636-ac73f8a8c9f1" testListId="8c84fa94-04c1-424b-9868-57a2d4851a1d" /><TestEntry testId="4e4df5a3-ba3e-4b77-8d2d-40cfe710e614" executionId="ed9fbb94-83cf-453f-a928-d0fcc3302512" testListId="8c84fa94-04c1-424b-9868-57a2d4851a1d" /><TestEntry testId="cc6d38f9-1f8e-4e2c-88f9-11ad8ffa4d11" executionId="8743ab36-8991-49d3-82cc-62e6aba6433d" testListId="8c84fa94-04c1-424b-9868-57a2d4851a1d" /><TestEntry testId="bfa31609-06aa-4f11-a941-d6b6d08082a1" executionId="faae6bb3-2084-417d-8640-acf46bc38d53" testListId="8c84fa94-04c1-424b-9868-57a2d4851a1d" /><TestEntry testId="249034f6-734c-4e8e-b3e2-be3a14e57be9" executionId="ccbc1e1d-4b73-4205-acb2-5048daf4a6ed" testListId="8c84fa94-04c1-424b-9868-57a2d4851a1d" /><TestEntry testId="06909916-5b46-41c6-9010-9f1e1ba35541" executionId="a91a6dcf-87a3-41d9-b788-44c58743f9a0" testListId="8c84fa94-04c1-424b-9868-57a2d4851a1d" /><TestEntry testId="35057677-0d3d-40cc-bd67-9624931bccc6" executionId="30c1ff6b-d9b9-437b-853c-117983d73373" testListId="8c84fa94-04c1-424b-9868-57a2d4851a1d" /><TestEntry testId="cc4da9f7-491c-49f6-8a09-dcce4a71e9ff" executionId="b3e84d90-15f5-49f4-afa8-ebd365519250" testListId="8c84fa94-04c1-424b-9868-57a2d4851a1d" /><TestEntry testId="49dd339d-9156-4a76-a58d-2799446b106c" executionId="841137b9-7121-4e06-9e5d-68d537f9df88" testListId="8c84fa94-04c1-424b-9868-57a2d4851a1d" /><TestEntry testId="1bbb6278-5fd5-4353-a6f0-7e9d9abfac93" executionId="55b128ea-4e93-448b-ba19-8bc29219be78" testListId="8c84fa94-04c1-424b-9868-57a2d4851a1d" /><TestEntry testId="2e0aa4d4-8641-4d14-8210-295626424ddf" executionId="4cfe3407-c7e4-4219-b2b9-83cf03885984" testListId="8c84fa94-04c1-424b-9868-57a2d4851a1d" /><TestEntry testId="87df3931-35e6-40f1-93ea-6fcb3b7e2e0b" executionId="68556fe7-a50b-4ddc-bc56-d38adfc413db" testListId="8c84fa94-04c1-424b-9868-57a2d4851a1d" /><TestEntry testId="8204aab9-cbc8-4b46-ba52-e68a72928262" executionId="efbb37d1-40b7-47bf-add5-0b73a1b08059" testListId="8c84fa94-04c1-424b-9868-57a2d4851a1d" /><TestEntry testId="d6097db3-6457-44bd-b1df-3a6ae311b0eb" executionId="55c9065a-3e0d-411e-b348-91c4b03cb9a5" testListId="8c84fa94-04c1-424b-9868-57a2d4851a1d" /><TestEntry testId="ceb2f76a-e69b-49b2-ac13-d8b089643d71" executionId="0f588c80-27ce-4404-a33f-d563625d45e7" testListId="8c84fa94-04c1-424b-9868-57a2d4851a1d" /><TestEntry testId="ca9c4193-57bf-437c-8a52-5fa4aed33120" executionId="7202d8c2-246a-450c-94a4-d182d036fd05" testListId="8c84fa94-04c1-424b-9868-57a2d4851a1d" /><TestEntry testId="2e01973f-1d59-4a4c-8f23-0289dcc2ff2e" executionId="075793e7-db08-441d-8a07-3c6fb5793ccb" testListId="8c84fa94-04c1-424b-9868-57a2d4851a1d" /><TestEntry testId="9993cd07-6dd1-4df5-b287-258bbbf8ad5d" executionId="5f5324df-172f-426e-8802-8f4401f95ea4" testListId="8c84fa94-04c1-424b-9868-57a2d4851a1d" /><TestEntry testId="f9222c09-1fac-46c1-bc4e-c3009bc57678" executionId="0fbbabf8-675d-4587-9799-458e6e56724f" testListId="8c84fa94-04c1-424b-9868-57a2d4851a1d" /><TestEntry testId="2f9a12f2-38a3-454f-90db-6ff21afac54f" executionId="63a7d3aa-5162-4296-8266-d0a57715f88d" testListId="8c84fa94-04c1-424b-9868-57a2d4851a1d" /><TestEntry testId="9e835733-80c0-4e18-bcda-5ad6f374cb7c" executionId="5bbc3d56-1507-4b5f-9039-3e0fadc2affe" testListId="8c84fa94-04c1-424b-9868-57a2d4851a1d" /><TestEntry testId="3d6b3111-36b2-4378-ac2e-70a4149424b9" executionId="d6cc4790-ced5-4854-baa6-601ba5cf791c" testListId="8c84fa94-04c1-424b-9868-57a2d4851a1d" /><TestEntry testId="8a7c34c6-0466-4b0d-883c-2cc011a96fbe" executionId="9a4e749d-43d6-4720-b62c-424b84de907c" testListId="8c84fa94-04c1-424b-9868-57a2d4851a1d" /><TestEntry testId="8d16bc05-815a-4554-8b5d-757f7318ed8b" executionId="d4c16297-0722-4711-b981-f8621e4d228a" testListId="8c84fa94-04c1-424b-9868-57a2d4851a1d" /><TestEntry testId="49da553a-1f6a-47a6-bbd8-1364088e1540" executionId="32c9e3ec-1105-4bcf-b68a-0fc07076b6ba" testListId="8c84fa94-04c1-424b-9868-57a2d4851a1d" /><TestEntry testId="1777bb45-6d7b-41f6-97cf-c8c33ef8fdf1" executionId="414ce594-7ac6-4f0f-bdac-1f34b198d24d" testListId="8c84fa94-04c1-424b-9868-57a2d4851a1d" /><TestEntry testId="30effca1-0302-4ef7-9181-74f2c6d40131" executionId="ebc012e9-a02d-4d5f-a11d-5f888b0cecc0" testListId="8c84fa94-04c1-424b-9868-57a2d4851a1d" /><TestEntry testId="ba46397d-cbbb-4ee8-ba00-3fa6a4fdc5fa" executionId="7d1a0608-64c2-44f8-9031-fa55c5353bf8" testListId="8c84fa94-04c1-424b-9868-57a2d4851a1d" /><TestEntry testId="8fb656a6-4248-4e10-b406-f0acb9ebbe16" executionId="63c5efb0-f5ac-427f-8dd9-05058151db79" testListId="8c84fa94-04c1-424b-9868-57a2d4851a1d" /><TestEntry testId="cca3457e-9abd-4302-b769-50382894f17a" executionId="09b6d897-ddcb-41c0-9dfb-58c2836acc03" testListId="8c84fa94-04c1-424b-9868-57a2d4851a1d" /><TestEntry testId="f9898065-1a57-4921-9f4d-0046cd7e532d" executionId="aa23e61e-6d1f-4af3-8037-e626008414fb" testListId="8c84fa94-04c1-424b-9868-57a2d4851a1d" /><TestEntry testId="3274f1d4-adc8-426a-b8ed-abe24b2e07eb" executionId="bcb2dcd4-aa15-4ef3-8b09-dfaff9ec2097" testListId="8c84fa94-04c1-424b-9868-57a2d4851a1d" /><TestEntry testId="bb30b296-8498-4dc8-a4ce-9c8ca93dc04f" executionId="003d8cc2-8839-4fa9-ac40-389c795c05db" testListId="8c84fa94-04c1-424b-9868-57a2d4851a1d" /><TestEntry testId="2e59d9ed-4197-416c-8a1f-14b3bf10a698" executionId="abb62c95-ea80-4973-8f04-94eedb2e04cc" testListId="8c84fa94-04c1-424b-9868-57a2d4851a1d" /><TestEntry testId="f7f2608f-b8ca-4d2e-9a5d-395aedf31ce1" executionId="7806a109-d647-46a8-9f3c-031d0bfbb6ca" testListId="8c84fa94-04c1-424b-9868-57a2d4851a1d" /><TestEntry testId="038bdf1a-625a-4d64-a735-325d97b83bad" executionId="eedbe48b-1959-45c0-b0cd-49040a4b0383" testListId="8c84fa94-04c1-424b-9868-57a2d4851a1d" /><TestEntry testId="b2f7126b-0070-4954-9e6f-5cdeea99e3dd" executionId="83833b6d-c33e-4ebc-bf87-24caaaf55dfc" testListId="8c84fa94-04c1-424b-9868-57a2d4851a1d" /><TestEntry testId="5e03aed8-8db2-4b8e-88fb-c32b1ca07c02" executionId="72854cfa-d8d6-4171-965d-8640aa978730" testListId="8c84fa94-04c1-424b-9868-57a2d4851a1d" /><TestEntry testId="0bfdd4df-2d18-481d-bced-632b9e76cb4d" executionId="08a57698-6b30-4bea-b8ea-81d860d46484" testListId="8c84fa94-04c1-424b-9868-57a2d4851a1d" /><TestEntry testId="80447a26-8018-4f65-926d-2f1be5e750cf" executionId="fe136cdb-64e9-414b-977b-f605b37db7a3" testListId="8c84fa94-04c1-424b-9868-57a2d4851a1d" /><TestEntry testId="af0fc2ed-5b7c-45b0-bfa7-94b861ed9645" executionId="d602a4ab-9c51-428e-bf88-4575ea0e81e3" testListId="8c84fa94-04c1-424b-9868-57a2d4851a1d" /><TestEntry testId="01e1ead4-5db5-48b7-9c22-495af18e291e" executionId="10005944-f2b7-4762-afe5-c49b3fc13df3" testListId="8c84fa94-04c1-424b-9868-57a2d4851a1d" /></TestEntries><TestLists><TestList name="Results Not in a List" id="8c84fa94-04c1-424b-9868-57a2d4851a1d" /><TestList name="All Loaded Results" id="19431567-8539-422a-85d7-44ee4e166bda" /></TestLists><ResultSummary outcome="Completed"><Counters total="151" executed="151" passed="151" failed="0" error="0" timeout="0" aborted="0" inconclusive="0" passedButRunAborted="0" notRunnable="0" notExecuted="0" disconnected="0" warning="0" completed="0" inProgress="0" pending="0" /><Output><StdOut>[xUnit.net 00:00:01.2406573]   Discovering: ModelRelief.Test[xUnit.net 00:00:01.3679220]   Discovered:  ModelRelief.Test[xUnit.net 00:00:01.3744266]   Starting:    ModelRelief.Test[xUnit.net 00:00:23.5829823]   Finished:    ModelRelief.Test</StdOut></Output></ResultSummary></TestRun>