<?xml version="1.0" encoding="utf-8"?><TestRun id="b800ab2c-cc97-48bf-91bf-e51fe5632808" name="Steve Knipmeyer@VECTOR 2018-07-25 15:05:59" runUser="VECTOR\Steve Knipmeyer" xmlns="http://microsoft.com/schemas/VisualStudio/TeamTest/2010"><Times creation="2018-07-25T15:05:59.0822029-04:00" queuing="2018-07-25T15:05:59.0822120-04:00" start="2018-07-25T15:05:54.7892018-04:00" finish="2018-07-25T15:06:13.2103101-04:00" /><TestSettings name="default" id="7bbc23ad-6941-48cf-adfe-f4a7c0c25035"><Deployment runDeploymentRoot="Steve_Knipmeyer_VECTOR_2018-07-25_15_05_59" /></TestSettings><Results><UnitTestResult executionId="1a104dcc-5084-40aa-b2ea-3b57f09c7f03" testId="41c451dc-17d8-4a4e-8067-f675144211e5" testName="FileRequest_MeshIsInvalidatedAfterDepthBufferFileBecomesUnsynchronized" computerName="VECTOR" duration="00:00:01.8230000" startTime="2018-07-25T15:06:05.9210624-04:00" endTime="2018-07-25T15:06:05.9210686-04:00" testType="13cdc9d9-ddb5-4fa4-a97d-d965ccfc6d4b" outcome="Passed" testListId="8c84fa94-04c1-424b-9868-57a2d4851a1d" relativeResultsDirectory="1a104dcc-5084-40aa-b2ea-3b57f09c7f03" /><UnitTestResult executionId="b67f28d0-3fac-40a1-bbcc-2ff68b2b1e0c" testId="73fe5a3b-2bc8-4deb-8fab-7cd4cbdd74e2" testName="GetFile_FileCanBeRoundTripped" computerName="VECTOR" duration="00:00:00.0600000" startTime="2018-07-25T15:06:01.3473644-04:00" endTime="2018-07-25T15:06:01.3473704-04:00" testType="13cdc9d9-ddb5-4fa4-a97d-d965ccfc6d4b" outcome="Passed" testListId="8c84fa94-04c1-424b-9868-57a2d4851a1d" relativeResultsDirectory="b67f28d0-3fac-40a1-bbcc-2ff68b2b1e0c" /><UnitTestResult executionId="89aea3ea-9d3c-4660-9442-14bcb69662e3" testId="a496be55-3686-42b5-b177-c2c99699e05b" testName="Patch_InvalidEnumPropertyValueReturnsBadRequest" computerName="VECTOR" duration="00:00:00.0010000" startTime="2018-07-25T15:06:01.7504600-04:00" endTime="2018-07-25T15:06:01.7504612-04:00" testType="13cdc9d9-ddb5-4fa4-a97d-d965ccfc6d4b" outcome="Passed" testListId="8c84fa94-04c1-424b-9868-57a2d4851a1d" relativeResultsDirectory="89aea3ea-9d3c-4660-9442-14bcb69662e3" /><UnitTestResult executionId="61900738-2030-4b7e-a2d1-f25904e4835a" testId="a9170133-6e0c-4417-ac59-8705af18113a" testName="PutFile_FileCanBeUpdated" computerName="VECTOR" duration="00:00:00.1180000" startTime="2018-07-25T15:06:12.1679230-04:00" endTime="2018-07-25T15:06:12.1679289-04:00" testType="13cdc9d9-ddb5-4fa4-a97d-d965ccfc6d4b" outcome="Passed" testListId="8c84fa94-04c1-424b-9868-57a2d4851a1d" relativeResultsDirectory="61900738-2030-4b7e-a2d1-f25904e4835a" /><UnitTestResult executionId="c7060fb7-55d0-4cfd-a6e6-24c4b25d4103" testId="59195c0e-12de-4592-a9e8-df33700b321f" testName="Put_ValidReferencePropertyUpdatesModel" computerName="VECTOR" duration="00:00:00.0380000" startTime="2018-07-25T15:06:03.8399886-04:00" endTime="2018-07-25T15:06:03.8399951-04:00" testType="13cdc9d9-ddb5-4fa4-a97d-d965ccfc6d4b" outcome="Passed" testListId="8c84fa94-04c1-424b-9868-57a2d4851a1d" relativeResultsDirectory="c7060fb7-55d0-4cfd-a6e6-24c4b25d4103" /><UnitTestResult executionId="cd129ae7-da44-40c1-ae0c-3b475625dbe2" testId="741266c2-c092-476e-be8d-1c04c812cc5c" testName="GetSingle_InvalidIdPropertyValueReturnsNotFound" computerName="VECTOR" duration="00:00:00.0030000" startTime="2018-07-25T15:06:10.8389572-04:00" endTime="2018-07-25T15:06:10.8389601-04:00" testType="13cdc9d9-ddb5-4fa4-a97d-d965ccfc6d4b" outcome="Passed" testListId="8c84fa94-04c1-424b-9868-57a2d4851a1d" relativeResultsDirectory="cd129ae7-da44-40c1-ae0c-3b475625dbe2" /><UnitTestResult executionId="77143d96-3d69-425c-a309-5d8dcfe57bab" testId="fa7986da-de65-441b-b5a6-2b8d36b8e526" testName="LucyCameraFindsAllDependents" computerName="VECTOR" duration="00:00:00.0090000" startTime="2018-07-25T15:05:58.8011589-04:00" endTime="2018-07-25T15:05:58.8011648-04:00" testType="13cdc9d9-ddb5-4fa4-a97d-d965ccfc6d4b" outcome="Passed" testListId="8c84fa94-04c1-424b-9868-57a2d4851a1d" relativeResultsDirectory="77143d96-3d69-425c-a309-5d8dcfe57bab" /><UnitTestResult executionId="9ebabef4-a1c7-4e77-b2a5-040c246b4753" testId="b3aeaa89-4a8c-46aa-8e43-c4054d92aa1f" testName="Patch_TargetPropertyIsUpdated" computerName="VECTOR" duration="00:00:00.0360000" startTime="2018-07-25T15:06:03.8808687-04:00" endTime="2018-07-25T15:06:03.8808750-04:00" testType="13cdc9d9-ddb5-4fa4-a97d-d965ccfc6d4b" outcome="Passed" testListId="8c84fa94-04c1-424b-9868-57a2d4851a1d" relativeResultsDirectory="9ebabef4-a1c7-4e77-b2a5-040c246b4753" /><UnitTestResult executionId="247e3476-1ef6-4911-b238-0a25e76abc2f" testId="2cb396ab-5701-4bef-a87c-e765d13a9db6" testName="Put_InvalidIdReturnsNotFound" computerName="VECTOR" duration="00:00:00.0520000" startTime="2018-07-25T15:06:00.2446897-04:00" endTime="2018-07-25T15:06:00.2446960-04:00" testType="13cdc9d9-ddb5-4fa4-a97d-d965ccfc6d4b" outcome="Passed" testListId="8c84fa94-04c1-424b-9868-57a2d4851a1d" relativeResultsDirectory="247e3476-1ef6-4911-b238-0a25e76abc2f" /><UnitTestResult executionId="df1d72bf-0a15-47df-9118-1c0cf8548428" testId="b3bcb213-9cb1-4de2-bdf0-fcc8d22279b8" testName="Post_ValidReferencePropertyCreatesModel" computerName="VECTOR" duration="00:00:00.0140000" startTime="2018-07-25T15:06:12.9369596-04:00" endTime="2018-07-25T15:06:12.9369635-04:00" testType="13cdc9d9-ddb5-4fa4-a97d-d965ccfc6d4b" outcome="Passed" testListId="8c84fa94-04c1-424b-9868-57a2d4851a1d" relativeResultsDirectory="df1d72bf-0a15-47df-9118-1c0cf8548428" /><UnitTestResult executionId="8e69c5a4-1a13-4ed4-b41a-d7a85c0419e3" testId="e15a8165-1a1e-4332-83ec-6578fcc87908" testName="PostFile_NewFileCanBePosted" computerName="VECTOR" duration="00:00:00.0590000" startTime="2018-07-25T15:06:01.2872434-04:00" endTime="2018-07-25T15:06:01.2872502-04:00" testType="13cdc9d9-ddb5-4fa4-a97d-d965ccfc6d4b" outcome="Passed" testListId="8c84fa94-04c1-424b-9868-57a2d4851a1d" relativeResultsDirectory="8e69c5a4-1a13-4ed4-b41a-d7a85c0419e3" /><UnitTestResult executionId="a7b3946a-4537-48a6-a406-67c593f3e3ba" testId="210f0411-0d8f-41e5-944b-b40f217f2abc" testName="MeshTransformHasExpectedDependentFiles" computerName="VECTOR" duration="00:00:00.0010000" startTime="2018-07-25T15:05:58.8017937-04:00" endTime="2018-07-25T15:05:58.8017951-04:00" testType="13cdc9d9-ddb5-4fa4-a97d-d965ccfc6d4b" outcome="Passed" testListId="8c84fa94-04c1-424b-9868-57a2d4851a1d" relativeResultsDirectory="a7b3946a-4537-48a6-a406-67c593f3e3ba" /><UnitTestResult executionId="fe6b1316-b094-447b-9354-f3491d9ea5da" testId="4fdaa578-97da-4499-b9e9-da40015fc547" testName="GetList_ListReturnsCorrectCount" computerName="VECTOR" duration="00:00:00.4570000" startTime="2018-07-25T15:06:02.3288932-04:00" endTime="2018-07-25T15:06:02.3288994-04:00" testType="13cdc9d9-ddb5-4fa4-a97d-d965ccfc6d4b" outcome="Passed" testListId="8c84fa94-04c1-424b-9868-57a2d4851a1d" relativeResultsDirectory="fe6b1316-b094-447b-9354-f3491d9ea5da" /><UnitTestResult executionId="d9ed186f-ebb6-46a3-b7b9-c9659aa1372b" testId="b843efec-b424-420f-b265-981eeb024916" testName="GetSingle_ValidIdPropertyValueReturnsCorrectModel" computerName="VECTOR" duration="00:00:00.0090000" startTime="2018-07-25T15:06:03.9899589-04:00" endTime="2018-07-25T15:06:03.9899634-04:00" testType="13cdc9d9-ddb5-4fa4-a97d-d965ccfc6d4b" outcome="Passed" testListId="8c84fa94-04c1-424b-9868-57a2d4851a1d" relativeResultsDirectory="d9ed186f-ebb6-46a3-b7b9-c9659aa1372b" /><UnitTestResult executionId="c41636b2-7f12-4e0b-aae4-b8b4f2350191" testId="c75a0cd7-75d3-4c22-82fd-7d1dc74390b4" testName="Patch_TargetPropertyIsUpdated" computerName="VECTOR" duration="00:00:00.0610000" startTime="2018-07-25T15:05:59.5899441-04:00" endTime="2018-07-25T15:05:59.5899498-04:00" testType="13cdc9d9-ddb5-4fa4-a97d-d965ccfc6d4b" outcome="Passed" testListId="8c84fa94-04c1-424b-9868-57a2d4851a1d" relativeResultsDirectory="c41636b2-7f12-4e0b-aae4-b8b4f2350191" /><UnitTestResult executionId="16d485e5-f6da-47c6-83e0-e27df7319243" testId="09f44e3e-616c-432e-b52a-56a5da42b0e9" testName="GetSingle_InvalidIdPropertyValueReturnsNotFound" computerName="VECTOR" duration="00:00:00.0030000" startTime="2018-07-25T15:06:03.9185630-04:00" endTime="2018-07-25T15:06:03.9185678-04:00" testType="13cdc9d9-ddb5-4fa4-a97d-d965ccfc6d4b" outcome="Passed" testListId="8c84fa94-04c1-424b-9868-57a2d4851a1d" relativeResultsDirectory="16d485e5-f6da-47c6-83e0-e27df7319243" /><UnitTestResult executionId="71956e20-247d-435c-8f2a-8405515cf63e" testId="a5ec5d46-32db-4afc-ba3c-95a64bbfd851" testName="Put_CanUpdateModel" computerName="VECTOR" duration="00:00:00.0440000" startTime="2018-07-25T15:06:12.9128266-04:00" endTime="2018-07-25T15:06:12.9128325-04:00" testType="13cdc9d9-ddb5-4fa4-a97d-d965ccfc6d4b" outcome="Passed" testListId="8c84fa94-04c1-424b-9868-57a2d4851a1d" relativeResultsDirectory="71956e20-247d-435c-8f2a-8405515cf63e" /><UnitTestResult executionId="363b48bb-5403-4f6e-aca6-2b46875c497b" testId="cc08330a-b9b5-4569-88f5-ccbdb9aafc5f" testName="GetSingle_InvalidIdPropertyValueReturnsNotFound" computerName="VECTOR" duration="00:00:00.0100000" startTime="2018-07-25T15:06:00.1921202-04:00" endTime="2018-07-25T15:06:00.1921239-04:00" testType="13cdc9d9-ddb5-4fa4-a97d-d965ccfc6d4b" outcome="Passed" testListId="8c84fa94-04c1-424b-9868-57a2d4851a1d" relativeResultsDirectory="363b48bb-5403-4f6e-aca6-2b46875c497b" /><UnitTestResult executionId="dbc8484a-8cad-43ba-89c3-968489b390de" testId="5647ea62-fd57-454b-a31f-a02456ecb970" testName="Post_InvalidReferencePropertyReturnsBadRequest" computerName="VECTOR" duration="00:00:00.0050000" startTime="2018-07-25T15:06:03.9238944-04:00" endTime="2018-07-25T15:06:03.9238978-04:00" testType="13cdc9d9-ddb5-4fa4-a97d-d965ccfc6d4b" outcome="Passed" testListId="8c84fa94-04c1-424b-9868-57a2d4851a1d" relativeResultsDirectory="dbc8484a-8cad-43ba-89c3-968489b390de" /><UnitTestResult executionId="1df5d854-10d1-4416-9bf7-f5549239926f" testId="6f6eb00b-f7f7-4ef7-b392-7f2ddb299310" testName="GetFile_ExistingFileReturnsSuccess" computerName="VECTOR" duration="00:00:00.1420000" startTime="2018-07-25T15:06:01.1035721-04:00" endTime="2018-07-25T15:06:01.1035795-04:00" testType="13cdc9d9-ddb5-4fa4-a97d-d965ccfc6d4b" outcome="Passed" testListId="8c84fa94-04c1-424b-9868-57a2d4851a1d" relativeResultsDirectory="1df5d854-10d1-4416-9bf7-f5549239926f" /><UnitTestResult executionId="d17c6480-a628-4206-af0b-6bd2ae240bf9" testId="5b1dadfa-77eb-464f-a87b-038ba40e7202" testName="Patch_MultipleInvalidReferencePropertiesReturnsMultipleValidationErrorsAndBadRequest" computerName="VECTOR" duration="00:00:00.0100000" startTime="2018-07-25T15:06:10.7733441-04:00" endTime="2018-07-25T15:06:10.7733501-04:00" testType="13cdc9d9-ddb5-4fa4-a97d-d965ccfc6d4b" outcome="Passed" testListId="8c84fa94-04c1-424b-9868-57a2d4851a1d" relativeResultsDirectory="d17c6480-a628-4206-af0b-6bd2ae240bf9" /><UnitTestResult executionId="b7d9bc22-18f7-4cb8-b6eb-6e54bb0fdb06" testId="3ae3502e-561d-4d1e-a816-42d446da100f" testName="GetList_ListReturnsCorrectCount" computerName="VECTOR" duration="00:00:00.0650000" startTime="2018-07-25T15:05:59.7423612-04:00" endTime="2018-07-25T15:05:59.7423694-04:00" testType="13cdc9d9-ddb5-4fa4-a97d-d965ccfc6d4b" outcome="Passed" testListId="8c84fa94-04c1-424b-9868-57a2d4851a1d" relativeResultsDirectory="b7d9bc22-18f7-4cb8-b6eb-6e54bb0fdb06" /><UnitTestResult executionId="854753a6-5465-418b-b974-2699ec6d3e56" testId="5aea15cd-8e44-4d50-8aae-b95e290ec3e3" testName="Post_InvalidReferencePropertyReturnsBadRequest" computerName="VECTOR" duration="00:00:00.0050000" startTime="2018-07-25T15:06:12.8688844-04:00" endTime="2018-07-25T15:06:12.8688872-04:00" testType="13cdc9d9-ddb5-4fa4-a97d-d965ccfc6d4b" outcome="Passed" testListId="8c84fa94-04c1-424b-9868-57a2d4851a1d" relativeResultsDirectory="854753a6-5465-418b-b974-2699ec6d3e56" /><UnitTestResult executionId="dea7b674-f992-42ae-b1c1-433a9da31b14" testId="f2440125-af32-4fa7-aa4a-2a00c3f90670" testName="FileRequest_MeshGenerateSetsFileIsSynchronized" computerName="VECTOR" duration="00:00:02.7760000" startTime="2018-07-25T15:06:10.1195703-04:00" endTime="2018-07-25T15:06:10.1195768-04:00" testType="13cdc9d9-ddb5-4fa4-a97d-d965ccfc6d4b" outcome="Passed" testListId="8c84fa94-04c1-424b-9868-57a2d4851a1d" relativeResultsDirectory="dea7b674-f992-42ae-b1c1-433a9da31b14" /><UnitTestResult executionId="38bea71b-a9c1-4af3-84eb-e1ada84710ef" testId="04321afb-b444-4d36-939a-dfb3fb244bfb" testName="Put_ValidReferencePropertyUpdatesModel" computerName="VECTOR" duration="00:00:00.0310000" startTime="2018-07-25T15:06:00.3374557-04:00" endTime="2018-07-25T15:06:00.3374631-04:00" testType="13cdc9d9-ddb5-4fa4-a97d-d965ccfc6d4b" outcome="Passed" testListId="8c84fa94-04c1-424b-9868-57a2d4851a1d" relativeResultsDirectory="38bea71b-a9c1-4af3-84eb-e1ada84710ef" /><UnitTestResult executionId="70674a18-ec14-4e85-a5f8-fc4cc5fc02ab" testId="ff2a9e72-56ef-4ba8-935a-c531ab835004" testName="GetList_ListReturnsCorrectCount" computerName="VECTOR" duration="00:00:00.0330000" startTime="2018-07-25T15:06:12.8596885-04:00" endTime="2018-07-25T15:06:12.8596948-04:00" testType="13cdc9d9-ddb5-4fa4-a97d-d965ccfc6d4b" outcome="Passed" testListId="8c84fa94-04c1-424b-9868-57a2d4851a1d" relativeResultsDirectory="70674a18-ec14-4e85-a5f8-fc4cc5fc02ab" /><UnitTestResult executionId="99c20fbf-dc1a-4d6d-b973-bf3df91c98b3" testId="4a8c9876-d374-4754-90fc-889135e54a80" testName="Patch_MultipleInvalidReferencePropertiesReturnsMultipleValidationErrorsAndBadRequest" computerName="VECTOR" duration="00:00:00.0140000" startTime="2018-07-25T15:06:01.5991061-04:00" endTime="2018-07-25T15:06:01.5991115-04:00" testType="13cdc9d9-ddb5-4fa4-a97d-d965ccfc6d4b" outcome="Passed" testListId="8c84fa94-04c1-424b-9868-57a2d4851a1d" relativeResultsDirectory="99c20fbf-dc1a-4d6d-b973-bf3df91c98b3" /><UnitTestResult executionId="1eefdac5-c614-4289-b12a-9b85980924e1" testId="55cf4bc2-a6cd-4606-ba8c-cc48611a22df" testName="Put_InvalidIdReturnsNotFound" computerName="VECTOR" duration="00:00:00.5010000" startTime="2018-07-25T15:06:02.8298366-04:00" endTime="2018-07-25T15:06:02.8298423-04:00" testType="13cdc9d9-ddb5-4fa4-a97d-d965ccfc6d4b" outcome="Passed" testListId="8c84fa94-04c1-424b-9868-57a2d4851a1d" relativeResultsDirectory="1eefdac5-c614-4289-b12a-9b85980924e1" /><UnitTestResult executionId="194a72a7-9679-44e9-93a5-5b63ec787f8c" testId="ddb37bba-321e-4ad3-81f7-549ea1da7643" testName="Put_InvalidIdReturnsNotFound" computerName="VECTOR" duration="00:00:00.1310000" startTime="2018-07-25T15:06:01.4862859-04:00" endTime="2018-07-25T15:06:01.4862928-04:00" testType="13cdc9d9-ddb5-4fa4-a97d-d965ccfc6d4b" outcome="Passed" testListId="8c84fa94-04c1-424b-9868-57a2d4851a1d" relativeResultsDirectory="194a72a7-9679-44e9-93a5-5b63ec787f8c" /><UnitTestResult executionId="3b887a5e-2239-489b-9f00-041ba5cbf5aa" testId="20f9235a-bc15-4a73-adc6-22c99fd83465" testName="Put_ValidReferencePropertyUpdatesModel" computerName="VECTOR" duration="00:00:00.0640000" startTime="2018-07-25T15:06:01.7240880-04:00" endTime="2018-07-25T15:06:01.7240940-04:00" testType="13cdc9d9-ddb5-4fa4-a97d-d965ccfc6d4b" outcome="Passed" testListId="8c84fa94-04c1-424b-9868-57a2d4851a1d" relativeResultsDirectory="3b887a5e-2239-489b-9f00-041ba5cbf5aa" /><UnitTestResult executionId="f1ed95e5-cd56-43ee-a81e-7db1d5969d7a" testId="17bf3be4-9d1d-4a89-8333-3e773541e48a" testName="FileRequest_DepthBufferIsInvalidatedAfterCameraDependencyPropertyChange" computerName="VECTOR" duration="00:00:00.2540000" startTime="2018-07-25T15:06:12.5135131-04:00" endTime="2018-07-25T15:06:12.5135188-04:00" testType="13cdc9d9-ddb5-4fa4-a97d-d965ccfc6d4b" outcome="Passed" testListId="8c84fa94-04c1-424b-9868-57a2d4851a1d" relativeResultsDirectory="f1ed95e5-cd56-43ee-a81e-7db1d5969d7a" /><UnitTestResult executionId="68d44e9b-0fe0-42cf-a9cb-ddf1b8aafb04" testId="85c73016-e629-41d5-95df-83007659280c" testName="GetList_ListReturnsCorrectCount" computerName="VECTOR" duration="00:00:00.0970000" startTime="2018-07-25T15:06:10.3974106-04:00" endTime="2018-07-25T15:06:10.3974169-04:00" testType="13cdc9d9-ddb5-4fa4-a97d-d965ccfc6d4b" outcome="Passed" testListId="8c84fa94-04c1-424b-9868-57a2d4851a1d" relativeResultsDirectory="68d44e9b-0fe0-42cf-a9cb-ddf1b8aafb04" /><UnitTestResult executionId="bc5f1f0b-42d6-4cf8-9518-0bfb5130bae7" testId="baa3378c-463c-42d2-aa8c-1a4fc6af87c6" testName="Patch_InvalidEnumPropertyValueReturnsBadRequest" computerName="VECTOR" duration="00:00:00.0050000" startTime="2018-07-25T15:06:00.4346671-04:00" endTime="2018-07-25T15:06:00.4346711-04:00" testType="13cdc9d9-ddb5-4fa4-a97d-d965ccfc6d4b" outcome="Passed" testListId="8c84fa94-04c1-424b-9868-57a2d4851a1d" relativeResultsDirectory="bc5f1f0b-42d6-4cf8-9518-0bfb5130bae7" /><UnitTestResult executionId="915f33be-bb26-4211-95bb-4d8f4e269929" testId="fd9dbe04-a4e6-4c2d-934e-24946d76b057" testName="Patch_InvalidIdPropertyReturnsNotFound" computerName="VECTOR" duration="00:00:00.0050000" startTime="2018-07-25T15:06:00.3426869-04:00" endTime="2018-07-25T15:06:00.3426923-04:00" testType="13cdc9d9-ddb5-4fa4-a97d-d965ccfc6d4b" outcome="Passed" testListId="8c84fa94-04c1-424b-9868-57a2d4851a1d" relativeResultsDirectory="915f33be-bb26-4211-95bb-4d8f4e269929" /><UnitTestResult executionId="e03236fd-3fb9-4baa-a432-be9aad27d929" testId="862198eb-abc0-4fe1-87be-e705ef510bd0" testName="Post_ValidReferencePropertyCreatesModel" computerName="VECTOR" duration="00:00:00.0110000" startTime="2018-07-25T15:06:01.7382956-04:00" endTime="2018-07-25T15:06:01.7383005-04:00" testType="13cdc9d9-ddb5-4fa4-a97d-d965ccfc6d4b" outcome="Passed" testListId="8c84fa94-04c1-424b-9868-57a2d4851a1d" relativeResultsDirectory="e03236fd-3fb9-4baa-a432-be9aad27d929" /><UnitTestResult executionId="ab4d64cd-ed93-452f-b114-3a20a0495396" testId="d7689a9d-ab09-4519-837d-dff6fa118c59" testName="Post_InvalidReferencePropertyReturnsBadRequest" computerName="VECTOR" duration="00:00:00.0690000" startTime="2018-07-25T15:05:59.8311571-04:00" endTime="2018-07-25T15:05:59.8311628-04:00" testType="13cdc9d9-ddb5-4fa4-a97d-d965ccfc6d4b" outcome="Passed" testListId="8c84fa94-04c1-424b-9868-57a2d4851a1d" relativeResultsDirectory="ab4d64cd-ed93-452f-b114-3a20a0495396" /><UnitTestResult executionId="92c848b9-68c8-4cb5-a64f-f69060b7b217" testId="c1e5e58f-cf23-499d-9874-89a178ca5e0b" testName="Put_CanUpdateModel" computerName="VECTOR" duration="00:00:00.0360000" startTime="2018-07-25T15:06:10.8896524-04:00" endTime="2018-07-25T15:06:10.8896589-04:00" testType="13cdc9d9-ddb5-4fa4-a97d-d965ccfc6d4b" outcome="Passed" testListId="8c84fa94-04c1-424b-9868-57a2d4851a1d" relativeResultsDirectory="92c848b9-68c8-4cb5-a64f-f69060b7b217" /><UnitTestResult executionId="6e24dccd-ef0e-4d72-89c2-ecf27cafc832" testId="768fc646-a863-4402-8d48-764ddacc8283" testName="Put_ValidReferencePropertyUpdatesModel" computerName="VECTOR" duration="00:00:00.0440000" startTime="2018-07-25T15:06:13.0670190-04:00" endTime="2018-07-25T15:06:13.0670252-04:00" testType="13cdc9d9-ddb5-4fa4-a97d-d965ccfc6d4b" outcome="Passed" testListId="8c84fa94-04c1-424b-9868-57a2d4851a1d" relativeResultsDirectory="6e24dccd-ef0e-4d72-89c2-ecf27cafc832" /><UnitTestResult executionId="5f294b55-7d5e-48c4-b54d-133600729f47" testId="17292d40-970f-484d-94c2-0b2677316d23" testName="FileRequest_FileCanBeReadAfterRename" computerName="VECTOR" duration="00:00:00.1240000" startTime="2018-07-25T15:06:01.2277910-04:00" endTime="2018-07-25T15:06:01.2277972-04:00" testType="13cdc9d9-ddb5-4fa4-a97d-d965ccfc6d4b" outcome="Passed" testListId="8c84fa94-04c1-424b-9868-57a2d4851a1d" relativeResultsDirectory="5f294b55-7d5e-48c4-b54d-133600729f47" /><UnitTestResult executionId="ba2d33cb-b2cf-43ff-93ae-6640e295f8a8" testId="0c2b84b9-fe8e-490a-807d-487c02cf6cfe" testName="PutFile_NewFileCanBePut" computerName="VECTOR" duration="00:00:00.3370000" startTime="2018-07-25T15:06:00.8256470-04:00" endTime="2018-07-25T15:06:00.8256516-04:00" testType="13cdc9d9-ddb5-4fa4-a97d-d965ccfc6d4b" outcome="Passed" testListId="8c84fa94-04c1-424b-9868-57a2d4851a1d" relativeResultsDirectory="ba2d33cb-b2cf-43ff-93ae-6640e295f8a8" /><UnitTestResult executionId="a008dbbb-d143-43c5-b19a-3257917d8ad2" testId="710e0e58-9f48-4d51-b7c6-776925d234bc" testName="Patch_InvalidIdPropertyReturnsNotFound" computerName="VECTOR" duration="00:00:00.0040000" startTime="2018-07-25T15:06:12.9613504-04:00" endTime="2018-07-25T15:06:12.9613529-04:00" testType="13cdc9d9-ddb5-4fa4-a97d-d965ccfc6d4b" outcome="Passed" testListId="8c84fa94-04c1-424b-9868-57a2d4851a1d" relativeResultsDirectory="a008dbbb-d143-43c5-b19a-3257917d8ad2" /><UnitTestResult executionId="df8682cc-dbde-4459-b3db-87de23005f44" testId="dec6c9fc-f7a7-4160-8378-1356c3244b3e" testName="Post_CanCreateNewModel" computerName="VECTOR" duration="00:00:00.0100000" startTime="2018-07-25T15:05:59.6046757-04:00" endTime="2018-07-25T15:05:59.6046811-04:00" testType="13cdc9d9-ddb5-4fa4-a97d-d965ccfc6d4b" outcome="Passed" testListId="8c84fa94-04c1-424b-9868-57a2d4851a1d" relativeResultsDirectory="df8682cc-dbde-4459-b3db-87de23005f44" /><UnitTestResult executionId="f48561ac-874b-4554-bc89-f4458f64584d" testId="a45b417d-5fb8-45cc-8328-5516a5773adf" testName="GetFile_NonExistentFileReturnsNotFound" computerName="VECTOR" duration="00:00:00.0050000" startTime="2018-07-25T15:06:01.3529929-04:00" endTime="2018-07-25T15:06:01.3529975-04:00" testType="13cdc9d9-ddb5-4fa4-a97d-d965ccfc6d4b" outcome="Passed" testListId="8c84fa94-04c1-424b-9868-57a2d4851a1d" relativeResultsDirectory="f48561ac-874b-4554-bc89-f4458f64584d" /><UnitTestResult executionId="6b9cfa95-44d5-4524-a665-ddeb64682b1d" testId="cdf2d8f4-3c77-4cf1-960b-1ea87559ff8c" testName="Post_InvalidPropertyValueReturnsBadRequest" computerName="VECTOR" duration="00:00:00.0080000" startTime="2018-07-25T15:05:59.7610315-04:00" endTime="2018-07-25T15:05:59.7610366-04:00" testType="13cdc9d9-ddb5-4fa4-a97d-d965ccfc6d4b" outcome="Passed" testListId="8c84fa94-04c1-424b-9868-57a2d4851a1d" relativeResultsDirectory="6b9cfa95-44d5-4524-a665-ddeb64682b1d" /><UnitTestResult executionId="f97d7af3-6e27-40d4-9b3b-3790e85c4b11" testId="5fdde9b2-adfe-4006-b5a9-ef48730a384f" testName="Post_ValidReferencePropertyCreatesModel" computerName="VECTOR" duration="00:00:00.0020000" startTime="2018-07-25T15:05:59.2642139-04:00" endTime="2018-07-25T15:05:59.2642165-04:00" testType="13cdc9d9-ddb5-4fa4-a97d-d965ccfc6d4b" outcome="Passed" testListId="8c84fa94-04c1-424b-9868-57a2d4851a1d" relativeResultsDirectory="f97d7af3-6e27-40d4-9b3b-3790e85c4b11" /><UnitTestResult executionId="96f3e3a3-9143-4ca0-9d78-0a393b59e183" testId="0af5c451-1eb8-4669-9721-42fe39e475f2" testName="Patch_MultipleInvalidReferencePropertiesReturnsMultipleValidationErrorsAndBadRequest" computerName="VECTOR" duration="00:00:00.0020000" startTime="2018-07-25T15:05:59.7443588-04:00" endTime="2018-07-25T15:05:59.7443613-04:00" testType="13cdc9d9-ddb5-4fa4-a97d-d965ccfc6d4b" outcome="Passed" testListId="8c84fa94-04c1-424b-9868-57a2d4851a1d" relativeResultsDirectory="96f3e3a3-9143-4ca0-9d78-0a393b59e183" /><UnitTestResult executionId="1a61b6c1-07ca-48ea-bdb8-325132ea1232" testId="41684819-7697-4186-b75e-d2dc7ebf1e16" testName="Post_InvalidPropertyValueReturnsBadRequest" computerName="VECTOR" duration="00:00:00.0030000" startTime="2018-07-25T15:06:00.2534341-04:00" endTime="2018-07-25T15:06:00.2534401-04:00" testType="13cdc9d9-ddb5-4fa4-a97d-d965ccfc6d4b" outcome="Passed" testListId="8c84fa94-04c1-424b-9868-57a2d4851a1d" relativeResultsDirectory="1a61b6c1-07ca-48ea-bdb8-325132ea1232" /><UnitTestResult executionId="58403656-7d75-45bc-8808-cb1656cd1fcd" testId="3c8c839e-4d16-48f8-88cb-e5a10214f21f" testName="PostFile_FileIsSynchronizedIsUpdatedAfterFileIsPosted" computerName="VECTOR" duration="00:00:00.0800000" startTime="2018-07-25T15:06:10.1994859-04:00" endTime="2018-07-25T15:06:10.1994911-04:00" testType="13cdc9d9-ddb5-4fa4-a97d-d965ccfc6d4b" outcome="Passed" testListId="8c84fa94-04c1-424b-9868-57a2d4851a1d" relativeResultsDirectory="58403656-7d75-45bc-8808-cb1656cd1fcd" /><UnitTestResult executionId="ee997ead-25e5-4e7f-8d07-b3b0ff20280c" testId="97db989e-a796-4e55-95a8-8a743025f9f9" testName="Patch_TargetPropertyIsUpdated" computerName="VECTOR" duration="00:00:00.0350000" startTime="2018-07-25T15:06:01.8231612-04:00" endTime="2018-07-25T15:06:01.8231677-04:00" testType="13cdc9d9-ddb5-4fa4-a97d-d965ccfc6d4b" outcome="Passed" testListId="8c84fa94-04c1-424b-9868-57a2d4851a1d" relativeResultsDirectory="ee997ead-25e5-4e7f-8d07-b3b0ff20280c" /><UnitTestResult executionId="b464d252-c0e2-47ba-8765-df039cd1a68f" testId="ea3786c2-efd0-4c80-b124-03b0fa9c9221" testName="Patch_TargetPropertyIsUpdated" computerName="VECTOR" duration="00:00:00.0410000" startTime="2018-07-25T15:06:13.1086022-04:00" endTime="2018-07-25T15:06:13.1086085-04:00" testType="13cdc9d9-ddb5-4fa4-a97d-d965ccfc6d4b" outcome="Passed" testListId="8c84fa94-04c1-424b-9868-57a2d4851a1d" relativeResultsDirectory="b464d252-c0e2-47ba-8765-df039cd1a68f" /><UnitTestResult executionId="bf41f7da-cfbf-4981-a41c-993def48fa0d" testId="90161de0-f2bf-4e50-b6aa-9d9f5b6e48ae" testName="Delete_TargetModelIsDeleted" computerName="VECTOR" duration="00:00:00.0130000" startTime="2018-07-25T15:06:00.4712041-04:00" endTime="2018-07-25T15:06:00.4712098-04:00" testType="13cdc9d9-ddb5-4fa4-a97d-d965ccfc6d4b" outcome="Passed" testListId="8c84fa94-04c1-424b-9868-57a2d4851a1d" relativeResultsDirectory="bf41f7da-cfbf-4981-a41c-993def48fa0d" /><UnitTestResult executionId="8e01d016-3a0f-457a-a6e2-9754d7c25b92" testId="22a47d5d-9ef5-4b0d-b19f-d2dfbfb339ea" testName="Patch_InvalidPropertyNameReturnsBadRequest" computerName="VECTOR" duration="00:00:00.0030000" startTime="2018-07-25T15:06:03.9114682-04:00" endTime="2018-07-25T15:06:03.9114711-04:00" testType="13cdc9d9-ddb5-4fa4-a97d-d965ccfc6d4b" outcome="Passed" testListId="8c84fa94-04c1-424b-9868-57a2d4851a1d" relativeResultsDirectory="8e01d016-3a0f-457a-a6e2-9754d7c25b92" /><UnitTestResult executionId="39a27c29-f4a6-49ee-9cfa-3d79bbd93422" testId="d4d1c4a9-0336-4644-96aa-684860220222" testName="DepthBufferHasExpectedDependentFiles" computerName="VECTOR" duration="00:00:00.0010000" startTime="2018-07-25T15:05:58.8065076-04:00" endTime="2018-07-25T15:05:58.8065087-04:00" testType="13cdc9d9-ddb5-4fa4-a97d-d965ccfc6d4b" outcome="Passed" testListId="8c84fa94-04c1-424b-9868-57a2d4851a1d" relativeResultsDirectory="39a27c29-f4a6-49ee-9cfa-3d79bbd93422" /><UnitTestResult executionId="7c18c020-15e2-4d72-a8e2-bcb3709619c8" testId="8edef51b-5fa6-4e0f-9b01-3498fe2ca0e9" testName="Patch_InvalidEnumPropertyValueReturnsBadRequest" computerName="VECTOR" duration="00:00:00.0010000" startTime="2018-07-25T15:06:12.8598858-04:00" endTime="2018-07-25T15:06:12.8598884-04:00" testType="13cdc9d9-ddb5-4fa4-a97d-d965ccfc6d4b" outcome="Passed" testListId="8c84fa94-04c1-424b-9868-57a2d4851a1d" relativeResultsDirectory="7c18c020-15e2-4d72-a8e2-bcb3709619c8" /><UnitTestResult executionId="49c3c4c2-c691-4c0c-8737-988cb82b1823" testId="3f090dfe-bf73-4de4-90a8-b93e73b08fdd" testName="Post_InvalidPropertyValueReturnsBadRequest" computerName="VECTOR" duration="00:00:00.0020000" startTime="2018-07-25T15:06:10.7975104-04:00" endTime="2018-07-25T15:06:10.7975136-04:00" testType="13cdc9d9-ddb5-4fa4-a97d-d965ccfc6d4b" outcome="Passed" testListId="8c84fa94-04c1-424b-9868-57a2d4851a1d" relativeResultsDirectory="49c3c4c2-c691-4c0c-8737-988cb82b1823" /><UnitTestResult executionId="39046775-a4ab-4500-bb78-cbb9a0aa4eae" testId="220da176-cbe5-4060-9aee-17e6354f349e" testName="Patch_InvalidEnumPropertyValueReturnsBadRequest" computerName="VECTOR" duration="00:00:00.0040000" startTime="2018-07-25T15:06:03.8441024-04:00" endTime="2018-07-25T15:06:03.8441055-04:00" testType="13cdc9d9-ddb5-4fa4-a97d-d965ccfc6d4b" outcome="Passed" testListId="8c84fa94-04c1-424b-9868-57a2d4851a1d" relativeResultsDirectory="39046775-a4ab-4500-bb78-cbb9a0aa4eae" /><UnitTestResult executionId="4664de96-0507-4ad6-9e10-0693ce0bbb58" testId="06c26e24-c6e8-4fad-bb19-05438a553d80" testName="Patch_ValidReferencePropertyUpdatesModel" computerName="VECTOR" duration="00:00:00.0370000" startTime="2018-07-25T15:06:01.7881967-04:00" endTime="2018-07-25T15:06:01.7882023-04:00" testType="13cdc9d9-ddb5-4fa4-a97d-d965ccfc6d4b" outcome="Passed" testListId="8c84fa94-04c1-424b-9868-57a2d4851a1d" relativeResultsDirectory="4664de96-0507-4ad6-9e10-0693ce0bbb58" /><UnitTestResult executionId="6c2f803c-192f-4e60-8376-7eb899dd0578" testId="72f332f5-e657-4716-8bd2-401a3874ba16" testName="FileRequest_FileCanBeReadAfterRename" computerName="VECTOR" duration="00:00:00.0860000" startTime="2018-07-25T15:06:10.2855403-04:00" endTime="2018-07-25T15:06:10.2855468-04:00" testType="13cdc9d9-ddb5-4fa4-a97d-d965ccfc6d4b" outcome="Passed" testListId="8c84fa94-04c1-424b-9868-57a2d4851a1d" relativeResultsDirectory="6c2f803c-192f-4e60-8376-7eb899dd0578" /><UnitTestResult executionId="99682976-d6ba-4d74-9c5f-5e6529421d4e" testId="71db20be-4f09-4b94-850a-18f8d36bb5ea" testName="Post_ValidReferencePropertyCreatesModel" computerName="VECTOR" duration="00:00:00.0130000" startTime="2018-07-25T15:06:00.3565697-04:00" endTime="2018-07-25T15:06:00.3565766-04:00" testType="13cdc9d9-ddb5-4fa4-a97d-d965ccfc6d4b" outcome="Passed" testListId="8c84fa94-04c1-424b-9868-57a2d4851a1d" relativeResultsDirectory="99682976-d6ba-4d74-9c5f-5e6529421d4e" /><UnitTestResult executionId="8257f052-7214-41b8-8278-62d75508395b" testId="0956db3b-51b1-40b9-8d15-c1d78513bb2d" testName="GetSingle_ValidIdPropertyValueReturnsCorrectModel" computerName="VECTOR" duration="00:00:00.0050000" startTime="2018-07-25T15:06:01.8659321-04:00" endTime="2018-07-25T15:06:01.8659353-04:00" testType="13cdc9d9-ddb5-4fa4-a97d-d965ccfc6d4b" outcome="Passed" testListId="8c84fa94-04c1-424b-9868-57a2d4851a1d" relativeResultsDirectory="8257f052-7214-41b8-8278-62d75508395b" /><UnitTestResult executionId="2c02e464-e097-4053-a641-7f5d3e36b4f5" testId="fa4c527c-ee36-46de-a5cf-67d2d2865a8f" testName="Post_InvalidPropertyValueReturnsBadRequest" computerName="VECTOR" duration="00:00:00.0020000" startTime="2018-07-25T15:06:04.0137041-04:00" endTime="2018-07-25T15:06:04.0137063-04:00" testType="13cdc9d9-ddb5-4fa4-a97d-d965ccfc6d4b" outcome="Passed" testListId="8c84fa94-04c1-424b-9868-57a2d4851a1d" relativeResultsDirectory="2c02e464-e097-4053-a641-7f5d3e36b4f5" /><UnitTestResult executionId="d21a4cfe-da0e-467f-a24a-0a55ce9f3744" testId="c09f27b4-0a70-4830-8ca5-5e8daa76e54d" testName="Patch_InvalidPropertyNameReturnsBadRequest" computerName="VECTOR" duration="00:00:00.0130000" startTime="2018-07-25T15:06:01.4998981-04:00" endTime="2018-07-25T15:06:01.4999038-04:00" testType="13cdc9d9-ddb5-4fa4-a97d-d965ccfc6d4b" outcome="Passed" testListId="8c84fa94-04c1-424b-9868-57a2d4851a1d" relativeResultsDirectory="d21a4cfe-da0e-467f-a24a-0a55ce9f3744" /><UnitTestResult executionId="991af3ac-696a-4e58-96cb-b1014efe3ecf" testId="e09c5481-0db1-4615-a7f5-f5bfa7b60b57" testName="Post_InvalidReferencePropertyReturnsBadRequest" computerName="VECTOR" duration="00:00:00.0040000" startTime="2018-07-25T15:06:01.8707615-04:00" endTime="2018-07-25T15:06:01.8707661-04:00" testType="13cdc9d9-ddb5-4fa4-a97d-d965ccfc6d4b" outcome="Passed" testListId="8c84fa94-04c1-424b-9868-57a2d4851a1d" relativeResultsDirectory="991af3ac-696a-4e58-96cb-b1014efe3ecf" /><UnitTestResult executionId="7bfb3b50-9d0a-4919-9a40-d24065f0c335" testId="d40b0877-1fa4-49b6-81f1-c049f1cd78b3" testName="Patch_InvalidPropertyNameReturnsBadRequest" computerName="VECTOR" duration="00:00:00.0050000" startTime="2018-07-25T15:06:10.4024251-04:00" endTime="2018-07-25T15:06:10.4024288-04:00" testType="13cdc9d9-ddb5-4fa4-a97d-d965ccfc6d4b" outcome="Passed" testListId="8c84fa94-04c1-424b-9868-57a2d4851a1d" relativeResultsDirectory="7bfb3b50-9d0a-4919-9a40-d24065f0c335" /><UnitTestResult executionId="5b993ad2-86bc-45f3-b31f-2bacae9d7c70" testId="aabe9eb1-15aa-458c-b187-63dff42b5c5f" testName="Patch_InvalidPropertyNameReturnsBadRequest" computerName="VECTOR" duration="00:00:00.0050000" startTime="2018-07-25T15:06:00.2503278-04:00" endTime="2018-07-25T15:06:00.2503341-04:00" testType="13cdc9d9-ddb5-4fa4-a97d-d965ccfc6d4b" outcome="Passed" testListId="8c84fa94-04c1-424b-9868-57a2d4851a1d" relativeResultsDirectory="5b993ad2-86bc-45f3-b31f-2bacae9d7c70" /><UnitTestResult executionId="0bde6239-b85a-491c-b82d-c2763921ce46" testId="39d85dc0-b520-4499-887b-ea74d8edd6e0" testName="Put_CanUpdateModel" computerName="VECTOR" duration="00:00:00.0250000" startTime="2018-07-25T15:05:59.6766651-04:00" endTime="2018-07-25T15:05:59.6766708-04:00" testType="13cdc9d9-ddb5-4fa4-a97d-d965ccfc6d4b" outcome="Passed" testListId="8c84fa94-04c1-424b-9868-57a2d4851a1d" relativeResultsDirectory="0bde6239-b85a-491c-b82d-c2763921ce46" /><UnitTestResult executionId="e9597194-b96b-4fb2-ad05-80c6dae04c73" testId="42864647-0639-490c-8ff0-fcec7e6deed6" testName="Put_InvalidIdReturnsNotFound" computerName="VECTOR" duration="00:00:00.0100000" startTime="2018-07-25T15:06:10.7950464-04:00" endTime="2018-07-25T15:06:10.7950518-04:00" testType="13cdc9d9-ddb5-4fa4-a97d-d965ccfc6d4b" outcome="Passed" testListId="8c84fa94-04c1-424b-9868-57a2d4851a1d" relativeResultsDirectory="e9597194-b96b-4fb2-ad05-80c6dae04c73" /><UnitTestResult executionId="57cbd70d-39e3-41d5-9b89-9e4515c75888" testId="7f40dde7-c2ed-451e-8d04-3eadbf712888" testName="Patch_ValidReferencePropertyUpdatesModel" computerName="VECTOR" duration="00:00:00.5490000" startTime="2018-07-25T15:06:03.3788387-04:00" endTime="2018-07-25T15:06:03.3788413-04:00" testType="13cdc9d9-ddb5-4fa4-a97d-d965ccfc6d4b" outcome="Passed" testListId="8c84fa94-04c1-424b-9868-57a2d4851a1d" relativeResultsDirectory="57cbd70d-39e3-41d5-9b89-9e4515c75888" /><UnitTestResult executionId="f5985839-a928-4b5b-96db-f9f9eafb0e65" testId="7f25a94f-0968-4155-8acc-eb4d4e2275a7" testName="Post_ValidReferencePropertyCreatesModel" computerName="VECTOR" duration="00:00:00.0160000" startTime="2018-07-25T15:06:03.9633779-04:00" endTime="2018-07-25T15:06:03.9633850-04:00" testType="13cdc9d9-ddb5-4fa4-a97d-d965ccfc6d4b" outcome="Passed" testListId="8c84fa94-04c1-424b-9868-57a2d4851a1d" relativeResultsDirectory="f5985839-a928-4b5b-96db-f9f9eafb0e65" /><UnitTestResult executionId="0de17bc7-1a4c-49fc-b76a-cb7bb3238ba5" testId="21c8848b-438f-496c-9d1f-0084d2aa2c6e" testName="Put_ValidReferencePropertyUpdatesModel" computerName="VECTOR" duration="00:00:00.0020000" startTime="2018-07-25T15:05:59.5922055-04:00" endTime="2018-07-25T15:05:59.5922083-04:00" testType="13cdc9d9-ddb5-4fa4-a97d-d965ccfc6d4b" outcome="Passed" testListId="8c84fa94-04c1-424b-9868-57a2d4851a1d" relativeResultsDirectory="0de17bc7-1a4c-49fc-b76a-cb7bb3238ba5" /><UnitTestResult executionId="bfa11ce8-e851-4244-bdb7-4f28ac7b7d08" testId="b35b4b1d-d554-4158-bbad-acf0155860fe" testName="PostFile_FileIsSynchronizedIsUpdatedAfterFileIsPosted" computerName="VECTOR" duration="00:00:00.0580000" startTime="2018-07-25T15:06:12.6547884-04:00" endTime="2018-07-25T15:06:12.6547930-04:00" testType="13cdc9d9-ddb5-4fa4-a97d-d965ccfc6d4b" outcome="Passed" testListId="8c84fa94-04c1-424b-9868-57a2d4851a1d" relativeResultsDirectory="bfa11ce8-e851-4244-bdb7-4f28ac7b7d08" /><UnitTestResult executionId="4634f0e6-86c5-4613-88c3-621269166377" testId="4ba7a26e-9e5f-4009-9d6d-90ad6eab2cc1" testName="GetFile_ExistingFileReturnsSuccess" computerName="VECTOR" duration="00:00:00.0160000" startTime="2018-07-25T15:06:06.1558243-04:00" endTime="2018-07-25T15:06:06.1558320-04:00" testType="13cdc9d9-ddb5-4fa4-a97d-d965ccfc6d4b" outcome="Passed" testListId="8c84fa94-04c1-424b-9868-57a2d4851a1d" relativeResultsDirectory="4634f0e6-86c5-4613-88c3-621269166377" /><UnitTestResult executionId="dbd4f010-2947-4043-beb3-82112fee6a32" testId="c0cf7b43-2179-4e7f-be0d-296dad19e174" testName="Post_CanCreateNewModel" computerName="VECTOR" duration="00:00:00.0130000" startTime="2018-07-25T15:06:03.8939979-04:00" endTime="2018-07-25T15:06:03.8940038-04:00" testType="13cdc9d9-ddb5-4fa4-a97d-d965ccfc6d4b" outcome="Passed" testListId="8c84fa94-04c1-424b-9868-57a2d4851a1d" relativeResultsDirectory="dbd4f010-2947-4043-beb3-82112fee6a32" /><UnitTestResult executionId="e1f19041-31c7-43d6-b207-a52b51b90f9c" testId="183b9e2c-188b-4a18-92c2-b6a6b18a9e4b" testName="Post_CanCreateNewModel" computerName="VECTOR" duration="00:00:00.0110000" startTime="2018-07-25T15:06:12.7995851-04:00" endTime="2018-07-25T15:06:12.7995899-04:00" testType="13cdc9d9-ddb5-4fa4-a97d-d965ccfc6d4b" outcome="Passed" testListId="8c84fa94-04c1-424b-9868-57a2d4851a1d" relativeResultsDirectory="e1f19041-31c7-43d6-b207-a52b51b90f9c" /><UnitTestResult executionId="ea76f2b8-c10e-459f-8f62-e8cf713e49a7" testId="8eabc272-3951-4092-a197-8ddbfb00a488" testName="Patch_ValidReferencePropertyUpdatesModel" computerName="VECTOR" duration="00:00:00.0430000" startTime="2018-07-25T15:06:13.0133354-04:00" endTime="2018-07-25T15:06:13.0133414-04:00" testType="13cdc9d9-ddb5-4fa4-a97d-d965ccfc6d4b" outcome="Passed" testListId="8c84fa94-04c1-424b-9868-57a2d4851a1d" relativeResultsDirectory="ea76f2b8-c10e-459f-8f62-e8cf713e49a7" /><UnitTestResult executionId="ad980a95-4970-4744-8ae5-d77529981a63" testId="5795e5f4-d24d-4c53-bd41-7c4a09d9aa20" testName="Put_InvalidIdReturnsNotFound" computerName="VECTOR" duration="00:00:00.0290000" startTime="2018-07-25T15:05:59.6344829-04:00" endTime="2018-07-25T15:05:59.6344889-04:00" testType="13cdc9d9-ddb5-4fa4-a97d-d965ccfc6d4b" outcome="Passed" testListId="8c84fa94-04c1-424b-9868-57a2d4851a1d" relativeResultsDirectory="ad980a95-4970-4744-8ae5-d77529981a63" /><UnitTestResult executionId="1f355f5a-ce3d-48f9-9b6d-3d998e7c1c4c" testId="04c1d233-e9ba-4dfe-93c1-4f19e96c52c3" testName="GetFile_FileCanBeRoundTripped" computerName="VECTOR" duration="00:00:00.0750000" startTime="2018-07-25T15:06:12.7826939-04:00" endTime="2018-07-25T15:06:12.7826990-04:00" testType="13cdc9d9-ddb5-4fa4-a97d-d965ccfc6d4b" outcome="Passed" testListId="8c84fa94-04c1-424b-9868-57a2d4851a1d" relativeResultsDirectory="1f355f5a-ce3d-48f9-9b6d-3d998e7c1c4c" /><UnitTestResult executionId="b3ae3a90-1123-4aa8-a1b0-b776035f1886" testId="ddc02b9a-4270-483a-b3cb-173fcc2ffd6e" testName="Patch_InvalidPropertyNameReturnsBadRequest" computerName="VECTOR" duration="00:00:00.4460000" startTime="2018-07-25T15:05:59.2622137-04:00" endTime="2018-07-25T15:05:59.2622206-04:00" testType="13cdc9d9-ddb5-4fa4-a97d-d965ccfc6d4b" outcome="Passed" testListId="8c84fa94-04c1-424b-9868-57a2d4851a1d" relativeResultsDirectory="b3ae3a90-1123-4aa8-a1b0-b776035f1886" /><UnitTestResult executionId="f58e1f3f-d7b6-4d06-a793-b2152cb21883" testId="1a3ea6d0-094a-4fbc-8fd5-0001bd0b99d8" testName="Patch_MultipleInvalidReferencePropertiesReturnsMultipleValidationErrorsAndBadRequest" computerName="VECTOR" duration="00:00:00.0180000" startTime="2018-07-25T15:06:12.9551884-04:00" endTime="2018-07-25T15:06:12.9551938-04:00" testType="13cdc9d9-ddb5-4fa4-a97d-d965ccfc6d4b" outcome="Passed" testListId="8c84fa94-04c1-424b-9868-57a2d4851a1d" relativeResultsDirectory="f58e1f3f-d7b6-4d06-a793-b2152cb21883" /><UnitTestResult executionId="151d2b7d-6436-427a-9fb1-df2a4115fe9f" testId="bf4be358-8123-49f6-9165-f8edc6373e67" testName="Patch_InvalidIdPropertyReturnsNotFound" computerName="VECTOR" duration="00:00:00.0070000" startTime="2018-07-25T15:05:59.7530085-04:00" endTime="2018-07-25T15:05:59.7530128-04:00" testType="13cdc9d9-ddb5-4fa4-a97d-d965ccfc6d4b" outcome="Passed" testListId="8c84fa94-04c1-424b-9868-57a2d4851a1d" relativeResultsDirectory="151d2b7d-6436-427a-9fb1-df2a4115fe9f" /><UnitTestResult executionId="5afcf8bc-c2bb-4852-9e76-e3f83c7172b0" testId="bf06e35e-24b5-4f7d-ac05-18ab42b540b6" testName="Patch_MultipleInvalidReferencePropertiesReturnsMultipleValidationErrorsAndBadRequest" computerName="VECTOR" duration="00:00:00.0210000" startTime="2018-07-25T15:06:00.3782765-04:00" endTime="2018-07-25T15:06:00.3782833-04:00" testType="13cdc9d9-ddb5-4fa4-a97d-d965ccfc6d4b" outcome="Passed" testListId="8c84fa94-04c1-424b-9868-57a2d4851a1d" relativeResultsDirectory="5afcf8bc-c2bb-4852-9e76-e3f83c7172b0" /><UnitTestResult executionId="8fd6d659-198b-41d5-b2a0-68a79b759edc" testId="b913b7e8-4eee-4e39-912c-e9727299eab0" testName="PostFile_NewFileCanBePosted" computerName="VECTOR" duration="00:00:00.0630000" startTime="2018-07-25T15:06:07.3430975-04:00" endTime="2018-07-25T15:06:07.3431015-04:00" testType="13cdc9d9-ddb5-4fa4-a97d-d965ccfc6d4b" outcome="Passed" testListId="8c84fa94-04c1-424b-9868-57a2d4851a1d" relativeResultsDirectory="8fd6d659-198b-41d5-b2a0-68a79b759edc" /><UnitTestResult executionId="2fecd733-629d-422e-8a59-28bfa07fbc40" testId="8e392277-bf67-4fa2-8591-9dfcaa140cc1" testName="Delete_TargetModelIsDeleted" computerName="VECTOR" duration="00:00:00.2630000" startTime="2018-07-25T15:05:59.5289207-04:00" endTime="2018-07-25T15:05:59.5289287-04:00" testType="13cdc9d9-ddb5-4fa4-a97d-d965ccfc6d4b" outcome="Passed" testListId="8c84fa94-04c1-424b-9868-57a2d4851a1d" relativeResultsDirectory="2fecd733-629d-422e-8a59-28bfa07fbc40" /><UnitTestResult executionId="1ab45d52-e46e-4507-b480-0cec34a95959" testId="3fadfd00-f169-4891-96dd-1e8630d34ffa" testName="PostFile_FileTimeStampIsUpdatedAfterFileIsPosted" computerName="VECTOR" duration="00:00:01.1240000" startTime="2018-07-25T15:06:07.2797671-04:00" endTime="2018-07-25T15:06:07.2797708-04:00" testType="13cdc9d9-ddb5-4fa4-a97d-d965ccfc6d4b" outcome="Passed" testListId="8c84fa94-04c1-424b-9868-57a2d4851a1d" relativeResultsDirectory="1ab45d52-e46e-4507-b480-0cec34a95959" /><UnitTestResult executionId="de7d180c-5007-48c3-895e-68807af4fe34" testId="25ced816-0384-4355-b279-83aa9cf19726" testName="Delete_TargetModelIsDeleted" computerName="VECTOR" duration="00:00:00.0170000" startTime="2018-07-25T15:06:03.9802911-04:00" endTime="2018-07-25T15:06:03.9802971-04:00" testType="13cdc9d9-ddb5-4fa4-a97d-d965ccfc6d4b" outcome="Passed" testListId="8c84fa94-04c1-424b-9868-57a2d4851a1d" relativeResultsDirectory="de7d180c-5007-48c3-895e-68807af4fe34" /><UnitTestResult executionId="48cd5dfe-8f00-4af8-ad31-a0fdb299c7f0" testId="992762bf-7821-4871-b9fc-859efe875f21" testName="Put_InvalidReferencePropertyReturndBadRequest" computerName="VECTOR" duration="00:00:00.1360000" startTime="2018-07-25T15:06:10.5383179-04:00" endTime="2018-07-25T15:06:10.5383239-04:00" testType="13cdc9d9-ddb5-4fa4-a97d-d965ccfc6d4b" outcome="Passed" testListId="8c84fa94-04c1-424b-9868-57a2d4851a1d" relativeResultsDirectory="48cd5dfe-8f00-4af8-ad31-a0fdb299c7f0" /><UnitTestResult executionId="64875ac8-0e92-4a55-ac88-cda0a6fb2eaf" testId="980bbcb7-c8dd-412d-ba0f-6c3b469c6979" testName="Patch_InvalidEnumPropertyValueReturnsBadRequest" computerName="VECTOR" duration="00:00:00.0130000" startTime="2018-07-25T15:06:10.2997437-04:00" endTime="2018-07-25T15:06:10.2997482-04:00" testType="13cdc9d9-ddb5-4fa4-a97d-d965ccfc6d4b" outcome="Passed" testListId="8c84fa94-04c1-424b-9868-57a2d4851a1d" relativeResultsDirectory="64875ac8-0e92-4a55-ac88-cda0a6fb2eaf" /><UnitTestResult executionId="65a1474c-791d-4a6a-a1ca-fac8ef8e6c7c" testId="25d1a2a9-99ad-44d8-a3b2-4a3cd43ce340" testName="Put_CanUpdateModel" computerName="VECTOR" duration="00:00:00.0760000" startTime="2018-07-25T15:06:00.1820809-04:00" endTime="2018-07-25T15:06:00.1820871-04:00" testType="13cdc9d9-ddb5-4fa4-a97d-d965ccfc6d4b" outcome="Passed" testListId="8c84fa94-04c1-424b-9868-57a2d4851a1d" relativeResultsDirectory="65a1474c-791d-4a6a-a1ca-fac8ef8e6c7c" /><UnitTestResult executionId="3e19535e-cd82-4f53-95fe-15313ff9ee21" testId="8d1e684d-8dd0-400c-963c-7c0a27379933" testName="LucyModel3dHasTwoDependents" computerName="VECTOR" duration="00:00:01.2190000" startTime="2018-07-25T15:05:58.7916315-04:00" endTime="2018-07-25T15:05:58.7916386-04:00" testType="13cdc9d9-ddb5-4fa4-a97d-d965ccfc6d4b" outcome="Passed" testListId="8c84fa94-04c1-424b-9868-57a2d4851a1d" relativeResultsDirectory="3e19535e-cd82-4f53-95fe-15313ff9ee21" /><UnitTestResult executionId="475efa6e-851e-4400-aaf5-6b80cff342ee" testId="17822376-45c4-4e02-a4eb-5af77a20f472" testName="Put_CanUpdateModel" computerName="VECTOR" duration="00:00:00.0320000" startTime="2018-07-25T15:06:01.8554482-04:00" endTime="2018-07-25T15:06:01.8554539-04:00" testType="13cdc9d9-ddb5-4fa4-a97d-d965ccfc6d4b" outcome="Passed" testListId="8c84fa94-04c1-424b-9868-57a2d4851a1d" relativeResultsDirectory="475efa6e-851e-4400-aaf5-6b80cff342ee" /><UnitTestResult executionId="a2955a62-2f6d-4a99-9cdf-06c1925f9994" testId="8c377028-a4ae-4541-90a8-a8d8c9252c21" testName="GetSingle_ValidIdPropertyValueReturnsCorrectModel" computerName="VECTOR" duration="00:00:00.0070000" startTime="2018-07-25T15:06:00.2604632-04:00" endTime="2018-07-25T15:06:00.2604697-04:00" testType="13cdc9d9-ddb5-4fa4-a97d-d965ccfc6d4b" outcome="Passed" testListId="8c84fa94-04c1-424b-9868-57a2d4851a1d" relativeResultsDirectory="a2955a62-2f6d-4a99-9cdf-06c1925f9994" /><UnitTestResult executionId="25c93aeb-c1db-4898-8801-7b8cfa164c87" testId="d5aa7af1-313c-4ee4-b7c5-757926f69998" testName="Post_InvalidReferencePropertyReturnsBadRequest" computerName="VECTOR" duration="00:00:00.0050000" startTime="2018-07-25T15:06:10.7785889-04:00" endTime="2018-07-25T15:06:10.7785940-04:00" testType="13cdc9d9-ddb5-4fa4-a97d-d965ccfc6d4b" outcome="Passed" testListId="8c84fa94-04c1-424b-9868-57a2d4851a1d" relativeResultsDirectory="25c93aeb-c1db-4898-8801-7b8cfa164c87" /><UnitTestResult executionId="94d5ed57-1fa2-45de-9de0-5056cb125d5f" testId="fe2d5fe5-5972-440f-ad86-d5f07c1a0ecf" testName="FileRequest_FileCanBeReadAfterRename" computerName="VECTOR" duration="00:00:00.0910000" startTime="2018-07-25T15:06:12.2590668-04:00" endTime="2018-07-25T15:06:12.2590728-04:00" testType="13cdc9d9-ddb5-4fa4-a97d-d965ccfc6d4b" outcome="Passed" testListId="8c84fa94-04c1-424b-9868-57a2d4851a1d" relativeResultsDirectory="94d5ed57-1fa2-45de-9de0-5056cb125d5f" /><UnitTestResult executionId="ce7fcd74-03e6-4928-894e-d5af037eae31" testId="417166e0-cb8c-44a4-8c1c-a60616c463a8" testName="CameraHasExpectedDependentFiles" computerName="VECTOR" duration="00:00:00.0010000" startTime="2018-07-25T15:05:58.8015469-04:00" endTime="2018-07-25T15:05:58.8015492-04:00" testType="13cdc9d9-ddb5-4fa4-a97d-d965ccfc6d4b" outcome="Passed" testListId="8c84fa94-04c1-424b-9868-57a2d4851a1d" relativeResultsDirectory="ce7fcd74-03e6-4928-894e-d5af037eae31" /><UnitTestResult executionId="b31f14fb-0a1c-432c-a9f3-bf1eb63addc5" testId="a031b601-bdb9-4b80-bf0c-7200525a4b0c" testName="Delete_TargetModelIsDeleted" computerName="VECTOR" duration="00:00:00.0160000" startTime="2018-07-25T15:06:12.8259196-04:00" endTime="2018-07-25T15:06:12.8259250-04:00" testType="13cdc9d9-ddb5-4fa4-a97d-d965ccfc6d4b" outcome="Passed" testListId="8c84fa94-04c1-424b-9868-57a2d4851a1d" relativeResultsDirectory="b31f14fb-0a1c-432c-a9f3-bf1eb63addc5" /><UnitTestResult executionId="c8538136-8062-4fe7-b4b4-1c9b2b08c15a" testId="eac26248-1e4a-40b3-87b2-35be5b3fadba" testName="Post_CanCreateNewModel" computerName="VECTOR" duration="00:00:00.0100000" startTime="2018-07-25T15:06:00.4451169-04:00" endTime="2018-07-25T15:06:00.4451221-04:00" testType="13cdc9d9-ddb5-4fa4-a97d-d965ccfc6d4b" outcome="Passed" testListId="8c84fa94-04c1-424b-9868-57a2d4851a1d" relativeResultsDirectory="c8538136-8062-4fe7-b4b4-1c9b2b08c15a" /><UnitTestResult executionId="599c79e6-1fd6-419c-97f9-8a5082fb8d33" testId="eb803291-3022-448a-905c-313569346844" testName="PutFile_NewFileCanBePut" computerName="VECTOR" duration="00:00:00.0730000" startTime="2018-07-25T15:06:04.0978905-04:00" endTime="2018-07-25T15:06:04.0978956-04:00" testType="13cdc9d9-ddb5-4fa4-a97d-d965ccfc6d4b" outcome="Passed" testListId="8c84fa94-04c1-424b-9868-57a2d4851a1d" relativeResultsDirectory="599c79e6-1fd6-419c-97f9-8a5082fb8d33" /><UnitTestResult executionId="8b6a3d82-9ee2-4b85-87a8-36b18e112714" testId="c5ca446a-46e1-4c4d-b072-22c3030cf6ca" testName="Patch_InvalidPropertyNameReturnsBadRequest" computerName="VECTOR" duration="00:00:00.0050000" startTime="2018-07-25T15:06:12.9667020-04:00" endTime="2018-07-25T15:06:12.9667054-04:00" testType="13cdc9d9-ddb5-4fa4-a97d-d965ccfc6d4b" outcome="Passed" testListId="8c84fa94-04c1-424b-9868-57a2d4851a1d" relativeResultsDirectory="8b6a3d82-9ee2-4b85-87a8-36b18e112714" /><UnitTestResult executionId="f8269848-e179-4149-b0a0-725ff8c4e832" testId="5c59fb45-e47e-4bb7-ad38-eebd4f12e8d6" testName="Put_InvalidReferencePropertyReturndBadRequest" computerName="VECTOR" duration="00:00:00.0160000" startTime="2018-07-25T15:06:00.4874805-04:00" endTime="2018-07-25T15:06:00.4874856-04:00" testType="13cdc9d9-ddb5-4fa4-a97d-d965ccfc6d4b" outcome="Passed" testListId="8c84fa94-04c1-424b-9868-57a2d4851a1d" relativeResultsDirectory="f8269848-e179-4149-b0a0-725ff8c4e832" /><UnitTestResult executionId="458adfa8-f5a0-4409-a28d-9d957a299deb" testId="5535945b-168a-45a9-9cc9-2d59c95fe94a" testName="GetSingle_InvalidIdPropertyValueReturnsNotFound" computerName="VECTOR" duration="00:00:00.0040000" startTime="2018-07-25T15:06:12.8637705-04:00" endTime="2018-07-25T15:06:12.8637734-04:00" testType="13cdc9d9-ddb5-4fa4-a97d-d965ccfc6d4b" outcome="Passed" testListId="8c84fa94-04c1-424b-9868-57a2d4851a1d" relativeResultsDirectory="458adfa8-f5a0-4409-a28d-9d957a299deb" /><UnitTestResult executionId="4a7e3fd2-f327-4ee2-bd5a-93423170adbd" testId="0f98441b-a121-4703-9221-5c801652ec12" testName="PostFile_FileTimeStampIsUpdatedAfterFileIsPosted" computerName="VECTOR" duration="00:00:00.0010000" startTime="2018-07-25T15:06:00.4886742-04:00" endTime="2018-07-25T15:06:00.4886761-04:00" testType="13cdc9d9-ddb5-4fa4-a97d-d965ccfc6d4b" outcome="Passed" testListId="8c84fa94-04c1-424b-9868-57a2d4851a1d" relativeResultsDirectory="4a7e3fd2-f327-4ee2-bd5a-93423170adbd" /><UnitTestResult executionId="57f1c1d0-1ca3-4d8b-8114-5984a3546000" testId="7c66f9cb-2ecb-488d-b4c0-f1d5927d838e" testName="Post_InvalidReferencePropertyReturnsBadRequest" computerName="VECTOR" duration="00:00:00.0010000" startTime="2018-07-25T15:05:59.2656419-04:00" endTime="2018-07-25T15:05:59.2656444-04:00" testType="13cdc9d9-ddb5-4fa4-a97d-d965ccfc6d4b" outcome="Passed" testListId="8c84fa94-04c1-424b-9868-57a2d4851a1d" relativeResultsDirectory="57f1c1d0-1ca3-4d8b-8114-5984a3546000" /><UnitTestResult executionId="2688f2d1-e95a-4d39-a72f-bff9c09e63dd" testId="9a29213d-e5a2-45d0-97d2-99aa4933f1be" testName="Put_ValidReferencePropertyUpdatesModel" computerName="VECTOR" duration="00:00:00.1400000" startTime="2018-07-25T15:06:10.7519161-04:00" endTime="2018-07-25T15:06:10.7519226-04:00" testType="13cdc9d9-ddb5-4fa4-a97d-d965ccfc6d4b" outcome="Passed" testListId="8c84fa94-04c1-424b-9868-57a2d4851a1d" relativeResultsDirectory="2688f2d1-e95a-4d39-a72f-bff9c09e63dd" /><UnitTestResult executionId="7fd79a27-e0f9-459b-bee7-015d88583e42" testId="6680a920-1b60-4af2-8f43-a7735f5dfb28" testName="Patch_MultipleInvalidReferencePropertiesReturnsMultipleValidationErrorsAndBadRequest" computerName="VECTOR" duration="00:00:00.0220000" startTime="2018-07-25T15:06:03.9466717-04:00" endTime="2018-07-25T15:06:03.9466788-04:00" testType="13cdc9d9-ddb5-4fa4-a97d-d965ccfc6d4b" outcome="Passed" testListId="8c84fa94-04c1-424b-9868-57a2d4851a1d" relativeResultsDirectory="7fd79a27-e0f9-459b-bee7-015d88583e42" /><UnitTestResult executionId="c82aaaf4-9dd6-4855-acef-9c4372004287" testId="f899612f-559c-4028-a84f-d2da5b84b967" testName="Delete_TargetModelIsDeleted" computerName="VECTOR" duration="00:00:00.0190000" startTime="2018-07-25T15:06:10.5577395-04:00" endTime="2018-07-25T15:06:10.5577455-04:00" testType="13cdc9d9-ddb5-4fa4-a97d-d965ccfc6d4b" outcome="Passed" testListId="8c84fa94-04c1-424b-9868-57a2d4851a1d" relativeResultsDirectory="c82aaaf4-9dd6-4855-acef-9c4372004287" /><UnitTestResult executionId="a87aeb68-5335-46f8-a3d7-9adbe26370c6" testId="6496fb84-7ea0-4a22-a587-a6229e4ad877" testName="GetSingle_ValidIdPropertyValueReturnsCorrectModel" computerName="VECTOR" duration="00:00:00.0100000" startTime="2018-07-25T15:05:59.6447653-04:00" endTime="2018-07-25T15:05:59.6447690-04:00" testType="13cdc9d9-ddb5-4fa4-a97d-d965ccfc6d4b" outcome="Passed" testListId="8c84fa94-04c1-424b-9868-57a2d4851a1d" relativeResultsDirectory="a87aeb68-5335-46f8-a3d7-9adbe26370c6" /><UnitTestResult executionId="5f1a11b8-501b-44ea-b579-aec16e48e64a" testId="83d26926-693f-4ee2-81ef-22808e918a77" testName="GetSingle_ValidIdPropertyValueReturnsCorrectModel" computerName="VECTOR" duration="00:00:00.0050000" startTime="2018-07-25T15:06:12.7885323-04:00" endTime="2018-07-25T15:06:12.7885349-04:00" testType="13cdc9d9-ddb5-4fa4-a97d-d965ccfc6d4b" outcome="Passed" testListId="8c84fa94-04c1-424b-9868-57a2d4851a1d" relativeResultsDirectory="5f1a11b8-501b-44ea-b579-aec16e48e64a" /><UnitTestResult executionId="c1320758-4d57-4cbc-ad66-7b347df4af63" testId="580e2666-aaa2-4d15-8a45-c5c1966ac588" testName="Patch_InvalidIdPropertyReturnsNotFound" computerName="VECTOR" duration="00:00:00.0040000" startTime="2018-07-25T15:06:01.7503145-04:00" endTime="2018-07-25T15:06:01.7503173-04:00" testType="13cdc9d9-ddb5-4fa4-a97d-d965ccfc6d4b" outcome="Passed" testListId="8c84fa94-04c1-424b-9868-57a2d4851a1d" relativeResultsDirectory="c1320758-4d57-4cbc-ad66-7b347df4af63" /><UnitTestResult executionId="3e94cdfa-fdbd-4fdd-9920-cd999927cd83" testId="6d65944c-3baf-48eb-9e7c-5b6588215c1a" testName="Post_CanCreateNewModel" computerName="VECTOR" duration="00:00:00.0160000" startTime="2018-07-25T15:06:01.6151207-04:00" endTime="2018-07-25T15:06:01.6151275-04:00" testType="13cdc9d9-ddb5-4fa4-a97d-d965ccfc6d4b" outcome="Passed" testListId="8c84fa94-04c1-424b-9868-57a2d4851a1d" relativeResultsDirectory="3e94cdfa-fdbd-4fdd-9920-cd999927cd83" /><UnitTestResult executionId="24464c1e-cd86-4cbd-be6a-96a919d35c09" testId="89148b3b-25ed-4197-b9ec-67614104f31f" testName="Put_InvalidReferencePropertyReturndBadRequest" computerName="VECTOR" duration="00:00:00.0080000" startTime="2018-07-25T15:06:01.7464616-04:00" endTime="2018-07-25T15:06:01.7464661-04:00" testType="13cdc9d9-ddb5-4fa4-a97d-d965ccfc6d4b" outcome="Passed" testListId="8c84fa94-04c1-424b-9868-57a2d4851a1d" relativeResultsDirectory="24464c1e-cd86-4cbd-be6a-96a919d35c09" /><UnitTestResult executionId="63152c45-7a67-4dd3-8f50-2491dc6b70f9" testId="c1c1cc24-009d-4204-a75c-833c0412688b" testName="Post_CanCreateNewModel" computerName="VECTOR" duration="00:00:00.0120000" startTime="2018-07-25T15:06:10.5745333-04:00" endTime="2018-07-25T15:06:10.5745384-04:00" testType="13cdc9d9-ddb5-4fa4-a97d-d965ccfc6d4b" outcome="Passed" testListId="8c84fa94-04c1-424b-9868-57a2d4851a1d" relativeResultsDirectory="63152c45-7a67-4dd3-8f50-2491dc6b70f9" /><UnitTestResult executionId="6c115335-f7c0-49dc-b24e-bd5b42da888f" testId="c4b9406f-d976-4bce-97fb-e123bbc10ec5" testName="GetList_ListReturnsCorrectCount" computerName="VECTOR" duration="00:00:00.0510000" startTime="2018-07-25T15:06:00.4294105-04:00" endTime="2018-07-25T15:06:00.4294162-04:00" testType="13cdc9d9-ddb5-4fa4-a97d-d965ccfc6d4b" outcome="Passed" testListId="8c84fa94-04c1-424b-9868-57a2d4851a1d" relativeResultsDirectory="6c115335-f7c0-49dc-b24e-bd5b42da888f" /><UnitTestResult executionId="351affc8-7049-4462-a9b8-f5546de4e141" testId="227becc2-5e3b-4174-a91f-503c3b1a0ee8" testName="Patch_InvalidIdPropertyReturnsNotFound" computerName="VECTOR" duration="00:00:00.0030000" startTime="2018-07-25T15:06:03.9150275-04:00" endTime="2018-07-25T15:06:03.9150309-04:00" testType="13cdc9d9-ddb5-4fa4-a97d-d965ccfc6d4b" outcome="Passed" testListId="8c84fa94-04c1-424b-9868-57a2d4851a1d" relativeResultsDirectory="351affc8-7049-4462-a9b8-f5546de4e141" /><UnitTestResult executionId="500be412-b3d8-4623-a0b9-307742ff32fa" testId="dc9a450a-fe63-4370-98bc-e094a17595f0" testName="Patch_InvalidIdPropertyReturnsNotFound" computerName="VECTOR" duration="00:00:00.0040000" startTime="2018-07-25T15:06:10.5621305-04:00" endTime="2018-07-25T15:06:10.5621334-04:00" testType="13cdc9d9-ddb5-4fa4-a97d-d965ccfc6d4b" outcome="Passed" testListId="8c84fa94-04c1-424b-9868-57a2d4851a1d" relativeResultsDirectory="500be412-b3d8-4623-a0b9-307742ff32fa" /><UnitTestResult executionId="3b47fef2-76de-4512-93d5-c2050946b4d3" testId="2053a566-09dc-472c-8676-44ed688d41d8" testName="GetFile_FileCanBeRoundTripped" computerName="VECTOR" duration="00:00:00.0920000" startTime="2018-07-25T15:06:06.0135435-04:00" endTime="2018-07-25T15:06:06.0135486-04:00" testType="13cdc9d9-ddb5-4fa4-a97d-d965ccfc6d4b" outcome="Passed" testListId="8c84fa94-04c1-424b-9868-57a2d4851a1d" relativeResultsDirectory="3b47fef2-76de-4512-93d5-c2050946b4d3" /><UnitTestResult executionId="f8755951-b838-48cb-a5bb-37d5e4d1faec" testId="4a47d1b1-7033-4e6f-9477-fb390f2baec8" testName="Post_ValidReferencePropertyCreatesModel" computerName="VECTOR" duration="00:00:00.0140000" startTime="2018-07-25T15:06:10.8536442-04:00" endTime="2018-07-25T15:06:10.8536501-04:00" testType="13cdc9d9-ddb5-4fa4-a97d-d965ccfc6d4b" outcome="Passed" testListId="8c84fa94-04c1-424b-9868-57a2d4851a1d" relativeResultsDirectory="f8755951-b838-48cb-a5bb-37d5e4d1faec" /><UnitTestResult executionId="b2ed8324-29c5-4c82-a477-dae7a12916a7" testId="00cd3dbe-64f7-4e6d-a0e3-a7d4844325e6" testName="Patch_InvalidReferencePropertyReturnsBadRequest" computerName="VECTOR" duration="00:00:00.0110000" startTime="2018-07-25T15:06:10.7630615-04:00" endTime="2018-07-25T15:06:10.7630672-04:00" testType="13cdc9d9-ddb5-4fa4-a97d-d965ccfc6d4b" outcome="Passed" testListId="8c84fa94-04c1-424b-9868-57a2d4851a1d" relativeResultsDirectory="b2ed8324-29c5-4c82-a477-dae7a12916a7" /><UnitTestResult executionId="63fe29c4-1671-4c5c-bce8-f6a16a7a703e" testId="19306dbe-ea58-4088-b218-86b6d64ab68f" testName="Patch_TargetPropertyIsUpdated" computerName="VECTOR" duration="00:00:00.0370000" startTime="2018-07-25T15:06:10.6118759-04:00" endTime="2018-07-25T15:06:10.6118819-04:00" testType="13cdc9d9-ddb5-4fa4-a97d-d965ccfc6d4b" outcome="Passed" testListId="8c84fa94-04c1-424b-9868-57a2d4851a1d" relativeResultsDirectory="63fe29c4-1671-4c5c-bce8-f6a16a7a703e" /><UnitTestResult executionId="263166e7-c62e-4e4c-9775-a059d445d46f" testId="52fa6c55-93bf-4b72-a1f6-7550f6539ebf" testName="Post_InvalidPropertyValueReturnsBadRequest" computerName="VECTOR" duration="00:00:00.0020000" startTime="2018-07-25T15:06:01.7267070-04:00" endTime="2018-07-25T15:06:01.7267096-04:00" testType="13cdc9d9-ddb5-4fa4-a97d-d965ccfc6d4b" outcome="Passed" testListId="8c84fa94-04c1-424b-9868-57a2d4851a1d" relativeResultsDirectory="263166e7-c62e-4e4c-9775-a059d445d46f" /><UnitTestResult executionId="efbdb924-2b9a-4bc9-a2e2-c8c5a058482e" testId="8c6dc84f-fe0b-46f3-8867-3070701ec81d" testName="Patch_TargetPropertyIsUpdated" computerName="VECTOR" duration="00:00:00.2740000" startTime="2018-07-25T15:06:00.1057497-04:00" endTime="2018-07-25T15:06:00.1057559-04:00" testType="13cdc9d9-ddb5-4fa4-a97d-d965ccfc6d4b" outcome="Passed" testListId="8c84fa94-04c1-424b-9868-57a2d4851a1d" relativeResultsDirectory="efbdb924-2b9a-4bc9-a2e2-c8c5a058482e" /><UnitTestResult executionId="52e408fe-18a9-41d0-874a-25f7a3c42aeb" testId="75b46ad8-8a69-4cf9-b2e8-54bcb7adc6da" testName="Patch_InvalidReferencePropertyReturnsBadRequest" computerName="VECTOR" duration="00:00:00.0090000" startTime="2018-07-25T15:06:13.0229233-04:00" endTime="2018-07-25T15:06:13.0229296-04:00" testType="13cdc9d9-ddb5-4fa4-a97d-d965ccfc6d4b" outcome="Passed" testListId="8c84fa94-04c1-424b-9868-57a2d4851a1d" relativeResultsDirectory="52e408fe-18a9-41d0-874a-25f7a3c42aeb" /><UnitTestResult executionId="409fc56c-d016-4a40-acd9-e584dcc785e2" testId="2707f639-1103-4172-8d17-ab68751ffb13" testName="PostFile_NewFileCanBePosted" computerName="VECTOR" duration="00:00:00.0520000" startTime="2018-07-25T15:06:12.7074884-04:00" endTime="2018-07-25T15:06:12.7074932-04:00" testType="13cdc9d9-ddb5-4fa4-a97d-d965ccfc6d4b" outcome="Passed" testListId="8c84fa94-04c1-424b-9868-57a2d4851a1d" relativeResultsDirectory="409fc56c-d016-4a40-acd9-e584dcc785e2" /><UnitTestResult executionId="aa14e187-e716-408c-97cd-e360cda649d1" testId="e60a5d4e-1a1b-4b9b-af0c-4376778cbc7e" testName="PutFile_FileCanBeUpdated" computerName="VECTOR" duration="00:00:00.1250000" startTime="2018-07-25T15:06:06.1392551-04:00" endTime="2018-07-25T15:06:06.1392605-04:00" testType="13cdc9d9-ddb5-4fa4-a97d-d965ccfc6d4b" outcome="Passed" testListId="8c84fa94-04c1-424b-9868-57a2d4851a1d" relativeResultsDirectory="aa14e187-e716-408c-97cd-e360cda649d1" /><UnitTestResult executionId="bd3805bf-ed4b-46a5-9c5d-e4f6561a31b3" testId="99dc2106-f541-4151-aa23-148657f957b5" testName="Patch_InvalidReferencePropertyReturnsBadRequest" computerName="VECTOR" duration="00:00:00.0080000" startTime="2018-07-25T15:06:01.6234470-04:00" endTime="2018-07-25T15:06:01.6234509-04:00" testType="13cdc9d9-ddb5-4fa4-a97d-d965ccfc6d4b" outcome="Passed" testListId="8c84fa94-04c1-424b-9868-57a2d4851a1d" relativeResultsDirectory="bd3805bf-ed4b-46a5-9c5d-e4f6561a31b3" /><UnitTestResult executionId="19fa7dbc-7f7e-435e-90ff-f8c39cb9fb7c" testId="ec0f8e2c-e251-46d2-bc19-d1c841177c44" testName="PostFile_FileIsSynchronizedIsUpdatedAfterFileIsPosted" computerName="VECTOR" duration="00:00:00.0010000" startTime="2018-07-25T15:06:01.3538102-04:00" endTime="2018-07-25T15:06:01.3538130-04:00" testType="13cdc9d9-ddb5-4fa4-a97d-d965ccfc6d4b" outcome="Passed" testListId="8c84fa94-04c1-424b-9868-57a2d4851a1d" relativeResultsDirectory="19fa7dbc-7f7e-435e-90ff-f8c39cb9fb7c" /><UnitTestResult executionId="d4bcefe9-c6b3-4515-b955-14bbc822337a" testId="6df54884-5dc1-4b4c-9106-c2c14333b82d" testName="GetSingle_ValidIdPropertyValueReturnsCorrectModel" computerName="VECTOR" duration="00:00:00.0060000" startTime="2018-07-25T15:06:10.7848171-04:00" endTime="2018-07-25T15:06:10.7848217-04:00" testType="13cdc9d9-ddb5-4fa4-a97d-d965ccfc6d4b" outcome="Passed" testListId="8c84fa94-04c1-424b-9868-57a2d4851a1d" relativeResultsDirectory="d4bcefe9-c6b3-4515-b955-14bbc822337a" /><UnitTestResult executionId="5a96357b-4231-43dc-a0e0-f3f099f363ef" testId="d568cc5b-0378-4e93-87af-8a1563c91e06" testName="Model3dHasExpectedDependentFiles" computerName="VECTOR" duration="00:00:00.0340000" startTime="2018-07-25T15:05:57.5742152-04:00" endTime="2018-07-25T15:05:57.5742241-04:00" testType="13cdc9d9-ddb5-4fa4-a97d-d965ccfc6d4b" outcome="Passed" testListId="8c84fa94-04c1-424b-9868-57a2d4851a1d" relativeResultsDirectory="5a96357b-4231-43dc-a0e0-f3f099f363ef" /><UnitTestResult executionId="1810171c-5923-49ea-a243-9e8c3b9c45c8" testId="50b3678f-cb57-4f89-9b3e-1e6f9fdcdb59" testName="LucyDepthBufferFindsOneDependent" computerName="VECTOR" duration="00:00:00.0040000" startTime="2018-07-25T15:05:58.8062148-04:00" endTime="2018-07-25T15:05:58.8062182-04:00" testType="13cdc9d9-ddb5-4fa4-a97d-d965ccfc6d4b" outcome="Passed" testListId="8c84fa94-04c1-424b-9868-57a2d4851a1d" relativeResultsDirectory="1810171c-5923-49ea-a243-9e8c3b9c45c8" /><UnitTestResult executionId="3ef4ec91-698a-410a-9150-1c6eda33cc95" testId="f4ef82f0-2bca-473f-9b68-e9ff74ada525" testName="GetFile_NonExistentFileReturnsNotFound" computerName="VECTOR" duration="00:00:00.0100000" startTime="2018-07-25T15:06:04.0244566-04:00" endTime="2018-07-25T15:06:04.0244606-04:00" testType="13cdc9d9-ddb5-4fa4-a97d-d965ccfc6d4b" outcome="Passed" testListId="8c84fa94-04c1-424b-9868-57a2d4851a1d" relativeResultsDirectory="3ef4ec91-698a-410a-9150-1c6eda33cc95" /><UnitTestResult executionId="44b82355-3640-401d-bd8a-4c3e83b80f1d" testId="1f1eeb6b-1088-4590-b8ed-8e105cf9956f" testName="PutFile_NewFileCanBePut" computerName="VECTOR" duration="00:00:00.0790000" startTime="2018-07-25T15:06:12.5965058-04:00" endTime="2018-07-25T15:06:12.5965098-04:00" testType="13cdc9d9-ddb5-4fa4-a97d-d965ccfc6d4b" outcome="Passed" testListId="8c84fa94-04c1-424b-9868-57a2d4851a1d" relativeResultsDirectory="44b82355-3640-401d-bd8a-4c3e83b80f1d" /><UnitTestResult executionId="18b2e3de-ea48-415d-b988-7d6d40a754ee" testId="da98a5c3-a70f-4022-8c84-a934d4853dbb" testName="Post_InvalidPropertyValueReturnsBadRequest" computerName="VECTOR" duration="00:00:00.0030000" startTime="2018-07-25T15:06:12.9696818-04:00" endTime="2018-07-25T15:06:12.9696844-04:00" testType="13cdc9d9-ddb5-4fa4-a97d-d965ccfc6d4b" outcome="Passed" testListId="8c84fa94-04c1-424b-9868-57a2d4851a1d" relativeResultsDirectory="18b2e3de-ea48-415d-b988-7d6d40a754ee" /><UnitTestResult executionId="b5c53c27-d9f9-4142-9f59-7bfd627eca00" testId="f8ed209b-d55b-4025-9427-b4a923c3a814" testName="Patch_InvalidReferencePropertyReturnsBadRequest" computerName="VECTOR" duration="00:00:00.0130000" startTime="2018-07-25T15:06:00.4581944-04:00" endTime="2018-07-25T15:06:00.4582026-04:00" testType="13cdc9d9-ddb5-4fa4-a97d-d965ccfc6d4b" outcome="Passed" testListId="8c84fa94-04c1-424b-9868-57a2d4851a1d" relativeResultsDirectory="b5c53c27-d9f9-4142-9f59-7bfd627eca00" /><UnitTestResult executionId="9c555cd9-4a84-46e8-8ef4-e9a3be89bcb7" testId="cd70afeb-ab26-47b4-b0c7-823ac964b9eb" testName="Patch_ValidReferencePropertyUpdatesModel" computerName="VECTOR" duration="00:00:00.0050000" startTime="2018-07-25T15:05:58.8158663-04:00" endTime="2018-07-25T15:05:58.8158686-04:00" testType="13cdc9d9-ddb5-4fa4-a97d-d965ccfc6d4b" outcome="Passed" testListId="8c84fa94-04c1-424b-9868-57a2d4851a1d" relativeResultsDirectory="9c555cd9-4a84-46e8-8ef4-e9a3be89bcb7" /><UnitTestResult executionId="63dfe335-e8ca-47b4-a732-8e92d2b6ba91" testId="52593ac3-6226-416b-b007-70c92d234f3b" testName="Patch_ValidReferencePropertyUpdatesModel" computerName="VECTOR" duration="00:00:00.0460000" startTime="2018-07-25T15:06:00.3064215-04:00" endTime="2018-07-25T15:06:00.3064277-04:00" testType="13cdc9d9-ddb5-4fa4-a97d-d965ccfc6d4b" outcome="Passed" testListId="8c84fa94-04c1-424b-9868-57a2d4851a1d" relativeResultsDirectory="63dfe335-e8ca-47b4-a732-8e92d2b6ba91" /><UnitTestResult executionId="2ca361a9-6835-4473-af9e-3386f879677b" testId="ccbf6f35-f847-4803-a0ee-b40e2769b11a" testName="Put_CanUpdateModel" computerName="VECTOR" duration="00:00:00.4230000" startTime="2018-07-25T15:06:03.8020748-04:00" endTime="2018-07-25T15:06:03.8020816-04:00" testType="13cdc9d9-ddb5-4fa4-a97d-d965ccfc6d4b" outcome="Passed" testListId="8c84fa94-04c1-424b-9868-57a2d4851a1d" relativeResultsDirectory="2ca361a9-6835-4473-af9e-3386f879677b" /><UnitTestResult executionId="73632490-d776-4fd4-bf8f-e1acf22453ae" testId="c05f0e88-7a0a-4c4c-a410-d4d3db1d56c8" testName="GetSingle_InvalidIdPropertyValueReturnsNotFound" computerName="VECTOR" duration="00:00:00.0050000" startTime="2018-07-25T15:06:01.8608359-04:00" endTime="2018-07-25T15:06:01.8608408-04:00" testType="13cdc9d9-ddb5-4fa4-a97d-d965ccfc6d4b" outcome="Passed" testListId="8c84fa94-04c1-424b-9868-57a2d4851a1d" relativeResultsDirectory="73632490-d776-4fd4-bf8f-e1acf22453ae" /><UnitTestResult executionId="1078e0a1-e69f-484c-8cbe-e4a2de70a87d" testId="4d2eb518-2d12-4d74-b349-edcedaa2921c" testName="Delete_TargetModelIsDeleted" computerName="VECTOR" duration="00:00:00.0850000" startTime="2018-07-25T15:06:01.5848274-04:00" endTime="2018-07-25T15:06:01.5848333-04:00" testType="13cdc9d9-ddb5-4fa4-a97d-d965ccfc6d4b" outcome="Passed" testListId="8c84fa94-04c1-424b-9868-57a2d4851a1d" relativeResultsDirectory="1078e0a1-e69f-484c-8cbe-e4a2de70a87d" /><UnitTestResult executionId="ffd161d7-e853-4cdf-81e5-4fcee2462bff" testId="70c97f0e-91dc-4672-8879-d0a24ba6fd53" testName="GetFile_NonExistentFileReturnsNotFound" computerName="VECTOR" duration="00:00:00.0040000" startTime="2018-07-25T15:06:12.5173736-04:00" endTime="2018-07-25T15:06:12.5173761-04:00" testType="13cdc9d9-ddb5-4fa4-a97d-d965ccfc6d4b" outcome="Passed" testListId="8c84fa94-04c1-424b-9868-57a2d4851a1d" relativeResultsDirectory="ffd161d7-e853-4cdf-81e5-4fcee2462bff" /><UnitTestResult executionId="4ee6cf01-0dc9-4bac-8664-1ec70c34a586" testId="80c512c2-91cb-4671-957d-437638864fca" testName="Put_InvalidIdReturnsNotFound" computerName="VECTOR" duration="00:00:00.0090000" startTime="2018-07-25T15:06:12.8094300-04:00" endTime="2018-07-25T15:06:12.8094345-04:00" testType="13cdc9d9-ddb5-4fa4-a97d-d965ccfc6d4b" outcome="Passed" testListId="8c84fa94-04c1-424b-9868-57a2d4851a1d" relativeResultsDirectory="4ee6cf01-0dc9-4bac-8664-1ec70c34a586" /><UnitTestResult executionId="e09c8a4a-2cf0-41d0-b97e-f72cd4c5b729" testId="baca8615-2f94-4f94-9488-a512b674f2e8" testName="GetList_ListReturnsCorrectCount" computerName="VECTOR" duration="00:00:00.0360000" startTime="2018-07-25T15:06:01.6600501-04:00" endTime="2018-07-25T15:06:01.6600564-04:00" testType="13cdc9d9-ddb5-4fa4-a97d-d965ccfc6d4b" outcome="Passed" testListId="8c84fa94-04c1-424b-9868-57a2d4851a1d" relativeResultsDirectory="e09c8a4a-2cf0-41d0-b97e-f72cd4c5b729" /><UnitTestResult executionId="0e8af17a-60c9-4c01-9255-022b647c6ceb" testId="5bb6d692-e290-4903-8ed7-31e19f2637bd" testName="PutFile_FileCanBeUpdated" computerName="VECTOR" duration="00:00:00.1350000" startTime="2018-07-25T15:06:00.9614366-04:00" endTime="2018-07-25T15:06:00.9614451-04:00" testType="13cdc9d9-ddb5-4fa4-a97d-d965ccfc6d4b" outcome="Passed" testListId="8c84fa94-04c1-424b-9868-57a2d4851a1d" relativeResultsDirectory="0e8af17a-60c9-4c01-9255-022b647c6ceb" /><UnitTestResult executionId="6f0e8796-c321-4c90-a4b8-d33bb436fc7d" testId="c96913a6-1e80-45c7-b129-4526540cccac" testName="GetSingle_InvalidIdPropertyValueReturnsNotFound" computerName="VECTOR" duration="00:00:00.0050000" startTime="2018-07-25T15:05:59.6515533-04:00" endTime="2018-07-25T15:05:59.6515567-04:00" testType="13cdc9d9-ddb5-4fa4-a97d-d965ccfc6d4b" outcome="Passed" testListId="8c84fa94-04c1-424b-9868-57a2d4851a1d" relativeResultsDirectory="6f0e8796-c321-4c90-a4b8-d33bb436fc7d" /><UnitTestResult executionId="f48dac04-c388-4998-8aba-8b4dc933b1b4" testId="9602da21-d29d-4a7e-967d-d86d815e346c" testName="GetFile_ExistingFileReturnsSuccess" computerName="VECTOR" duration="00:00:00.0200000" startTime="2018-07-25T15:06:10.9104474-04:00" endTime="2018-07-25T15:06:10.9104545-04:00" testType="13cdc9d9-ddb5-4fa4-a97d-d965ccfc6d4b" outcome="Passed" testListId="8c84fa94-04c1-424b-9868-57a2d4851a1d" relativeResultsDirectory="f48dac04-c388-4998-8aba-8b4dc933b1b4" /><UnitTestResult executionId="808d3dd9-9dce-4f88-b4fa-a9155e1e1e97" testId="0c2e8dab-5e72-4bbb-aea9-452a4a34adc8" testName="Patch_ValidReferencePropertyUpdatesModel" computerName="VECTOR" duration="00:00:00.0370000" startTime="2018-07-25T15:06:10.8351691-04:00" endTime="2018-07-25T15:06:10.8351751-04:00" testType="13cdc9d9-ddb5-4fa4-a97d-d965ccfc6d4b" outcome="Passed" testListId="8c84fa94-04c1-424b-9868-57a2d4851a1d" relativeResultsDirectory="808d3dd9-9dce-4f88-b4fa-a9155e1e1e97" /><UnitTestResult executionId="d5e06b21-d9d2-4916-9339-4b577bc7919b" testId="e998f349-4aef-4a7e-8d15-2d53f9fc477c" testName="PostFile_FileTimeStampIsUpdatedAfterFileIsPosted" computerName="VECTOR" duration="00:00:01.1390000" startTime="2018-07-25T15:06:12.0497891-04:00" endTime="2018-07-25T15:06:12.0497931-04:00" testType="13cdc9d9-ddb5-4fa4-a97d-d965ccfc6d4b" outcome="Passed" testListId="8c84fa94-04c1-424b-9868-57a2d4851a1d" relativeResultsDirectory="d5e06b21-d9d2-4916-9339-4b577bc7919b" /><UnitTestResult executionId="7e453cd5-124a-4897-9538-d7ad33f87894" testId="cc05c54e-c201-4995-ae28-0a1c5e6cc1a0" testName="Put_InvalidReferencePropertyReturndBadRequest" computerName="VECTOR" duration="00:00:00.0020000" startTime="2018-07-25T15:05:59.7460428-04:00" endTime="2018-07-25T15:05:59.7460454-04:00" testType="13cdc9d9-ddb5-4fa4-a97d-d965ccfc6d4b" outcome="Passed" testListId="8c84fa94-04c1-424b-9868-57a2d4851a1d" relativeResultsDirectory="7e453cd5-124a-4897-9538-d7ad33f87894" /><UnitTestResult executionId="fcdb8816-c7e0-423a-920c-bf1df4942dfc" testId="972dfb36-4271-4ce5-ae05-3bc6042a624f" testName="Patch_InvalidEnumPropertyValueReturnsBadRequest" computerName="VECTOR" duration="00:00:00.0020000" startTime="2018-07-25T15:05:59.6463908-04:00" endTime="2018-07-25T15:05:59.6463931-04:00" testType="13cdc9d9-ddb5-4fa4-a97d-d965ccfc6d4b" outcome="Passed" testListId="8c84fa94-04c1-424b-9868-57a2d4851a1d" relativeResultsDirectory="fcdb8816-c7e0-423a-920c-bf1df4942dfc" /><UnitTestResult executionId="751016f3-93c0-4dac-8bab-990b7f28c84f" testId="e6417b2d-8ada-4f8b-8fd9-51013738e0cb" testName="Patch_InvalidReferencePropertyReturnsBadRequest" computerName="VECTOR" duration="00:00:00.0130000" startTime="2018-07-25T15:06:03.9078144-04:00" endTime="2018-07-25T15:06:03.9078195-04:00" testType="13cdc9d9-ddb5-4fa4-a97d-d965ccfc6d4b" outcome="Passed" testListId="8c84fa94-04c1-424b-9868-57a2d4851a1d" relativeResultsDirectory="751016f3-93c0-4dac-8bab-990b7f28c84f" /><UnitTestResult executionId="c8bd08d1-4234-42e2-af60-8b4fdd292159" testId="41eb1f46-1b24-48a2-b9e8-81710f1678db" testName="Put_InvalidReferencePropertyReturndBadRequest" computerName="VECTOR" duration="00:00:00.0100000" startTime="2018-07-25T15:06:12.9227899-04:00" endTime="2018-07-25T15:06:12.9227936-04:00" testType="13cdc9d9-ddb5-4fa4-a97d-d965ccfc6d4b" outcome="Passed" testListId="8c84fa94-04c1-424b-9868-57a2d4851a1d" relativeResultsDirectory="c8bd08d1-4234-42e2-af60-8b4fdd292159" /><UnitTestResult executionId="b65c356f-e748-4065-a0d9-0fadea96d424" testId="283f26e6-3a32-496a-8fda-ef283fbd4167" testName="Patch_InvalidReferencePropertyReturnsBadRequest" computerName="VECTOR" duration="00:00:00.0020000" startTime="2018-07-25T15:05:59.5940113-04:00" endTime="2018-07-25T15:05:59.5940133-04:00" testType="13cdc9d9-ddb5-4fa4-a97d-d965ccfc6d4b" outcome="Passed" testListId="8c84fa94-04c1-424b-9868-57a2d4851a1d" relativeResultsDirectory="b65c356f-e748-4065-a0d9-0fadea96d424" /><UnitTestResult executionId="48a16f04-93f0-44fb-b609-9a2040ace925" testId="a745a96f-1f7d-4afa-b06d-31532c9452b8" testName="Put_InvalidReferencePropertyReturndBadRequest" computerName="VECTOR" duration="00:00:00.0210000" startTime="2018-07-25T15:06:04.0112513-04:00" endTime="2018-07-25T15:06:04.0112567-04:00" testType="13cdc9d9-ddb5-4fa4-a97d-d965ccfc6d4b" outcome="Passed" testListId="8c84fa94-04c1-424b-9868-57a2d4851a1d" relativeResultsDirectory="48a16f04-93f0-44fb-b609-9a2040ace925" /></Results><TestDefinitions><UnitTest name="PostFile_FileIsSynchronizedIsUpdatedAfterFileIsPosted" storage="d:\users\steve knipmeyer\documents\github\modelrelief\modelrelief.test\bin\debug\netcoreapp2.0\modelrelief.test.dll" id="3c8c839e-4d16-48f8-88cb-e5a10214f21f"><Execution id="58403656-7d75-45bc-8808-cb1656cd1fcd" /><TestMethod codeBase="D:\Users\Steve Knipmeyer\Documents\GitHub\ModelRelief\ModelRelief.test\bin\Debug\netcoreapp2.0\ModelRelief.Test.dll" adapterTypeName="executor://xunit/VsTestRunner2/netcoreapp" className="ModelRelief.Test.Integration.Meshes.MeshesFileIntegrationTests" name="PostFile_FileIsSynchronizedIsUpdatedAfterFileIsPosted" /></UnitTest><UnitTest name="PutFile_NewFileCanBePut" storage="d:\users\steve knipmeyer\documents\github\modelrelief\modelrelief.test\bin\debug\netcoreapp2.0\modelrelief.test.dll" id="1f1eeb6b-1088-4590-b8ed-8e105cf9956f"><Execution id="44b82355-3640-401d-bd8a-4c3e83b80f1d" /><TestMethod codeBase="D:\Users\Steve Knipmeyer\Documents\GitHub\ModelRelief\ModelRelief.test\bin\Debug\netcoreapp2.0\ModelRelief.Test.dll" adapterTypeName="executor://xunit/VsTestRunner2/netcoreapp" className="ModelRelief.Test.Integration.DepthBuffers.DepthBuffersFileIntegrationTests" name="PutFile_NewFileCanBePut" /></UnitTest><UnitTest name="Patch_MultipleInvalidReferencePropertiesReturnsMultipleValidationErrorsAndBadRequest" storage="d:\users\steve knipmeyer\documents\github\modelrelief\modelrelief.test\bin\debug\netcoreapp2.0\modelrelief.test.dll" id="4a8c9876-d374-4754-90fc-889135e54a80"><Execution id="99c20fbf-dc1a-4d6d-b973-bf3df91c98b3" /><TestMethod codeBase="D:\Users\Steve Knipmeyer\Documents\GitHub\ModelRelief\ModelRelief.test\bin\Debug\netcoreapp2.0\ModelRelief.Test.dll" adapterTypeName="executor://xunit/VsTestRunner2/netcoreapp" className="ModelRelief.Test.Integration.MeshTransforms.MeshTransformsBaseIntegrationTests" name="Patch_MultipleInvalidReferencePropertiesReturnsMultipleValidationErrorsAndBadRequest" /></UnitTest><UnitTest name="Patch_InvalidPropertyNameReturnsBadRequest" storage="d:\users\steve knipmeyer\documents\github\modelrelief\modelrelief.test\bin\debug\netcoreapp2.0\modelrelief.test.dll" id="22a47d5d-9ef5-4b0d-b19f-d2dfbfb339ea"><Execution id="8e01d016-3a0f-457a-a6e2-9754d7c25b92" /><TestMethod codeBase="D:\Users\Steve Knipmeyer\Documents\GitHub\ModelRelief\ModelRelief.test\bin\Debug\netcoreapp2.0\ModelRelief.Test.dll" adapterTypeName="executor://xunit/VsTestRunner2/netcoreapp" className="ModelRelief.Test.Integration.Meshes.MeshesBaseIntegrationTests" name="Patch_InvalidPropertyNameReturnsBadRequest" /></UnitTest><UnitTest name="Delete_TargetModelIsDeleted" storage="d:\users\steve knipmeyer\documents\github\modelrelief\modelrelief.test\bin\debug\netcoreapp2.0\modelrelief.test.dll" id="a031b601-bdb9-4b80-bf0c-7200525a4b0c"><Execution id="b31f14fb-0a1c-432c-a9f3-bf1eb63addc5" /><TestMethod codeBase="D:\Users\Steve Knipmeyer\Documents\GitHub\ModelRelief\ModelRelief.test\bin\Debug\netcoreapp2.0\ModelRelief.Test.dll" adapterTypeName="executor://xunit/VsTestRunner2/netcoreapp" className="ModelRelief.Test.Integration.Cameras.CamerasBaseIntegrationTests" name="Delete_TargetModelIsDeleted" /></UnitTest><UnitTest name="Put_InvalidIdReturnsNotFound" storage="d:\users\steve knipmeyer\documents\github\modelrelief\modelrelief.test\bin\debug\netcoreapp2.0\modelrelief.test.dll" id="80c512c2-91cb-4671-957d-437638864fca"><Execution id="4ee6cf01-0dc9-4bac-8664-1ec70c34a586" /><TestMethod codeBase="D:\Users\Steve Knipmeyer\Documents\GitHub\ModelRelief\ModelRelief.test\bin\Debug\netcoreapp2.0\ModelRelief.Test.dll" adapterTypeName="executor://xunit/VsTestRunner2/netcoreapp" className="ModelRelief.Test.Integration.Cameras.CamerasBaseIntegrationTests" name="Put_InvalidIdReturnsNotFound" /></UnitTest><UnitTest name="GetList_ListReturnsCorrectCount" storage="d:\users\steve knipmeyer\documents\github\modelrelief\modelrelief.test\bin\debug\netcoreapp2.0\modelrelief.test.dll" id="c4b9406f-d976-4bce-97fb-e123bbc10ec5"><Execution id="6c115335-f7c0-49dc-b24e-bd5b42da888f" /><TestMethod codeBase="D:\Users\Steve Knipmeyer\Documents\GitHub\ModelRelief\ModelRelief.test\bin\Debug\netcoreapp2.0\ModelRelief.Test.dll" adapterTypeName="executor://xunit/VsTestRunner2/netcoreapp" className="ModelRelief.Test.Integration.Models.ModelsBaseIntegrationTests" name="GetList_ListReturnsCorrectCount" /></UnitTest><UnitTest name="Patch_MultipleInvalidReferencePropertiesReturnsMultipleValidationErrorsAndBadRequest" storage="d:\users\steve knipmeyer\documents\github\modelrelief\modelrelief.test\bin\debug\netcoreapp2.0\modelrelief.test.dll" id="5b1dadfa-77eb-464f-a87b-038ba40e7202"><Execution id="d17c6480-a628-4206-af0b-6bd2ae240bf9" /><TestMethod codeBase="D:\Users\Steve Knipmeyer\Documents\GitHub\ModelRelief\ModelRelief.test\bin\Debug\netcoreapp2.0\ModelRelief.Test.dll" adapterTypeName="executor://xunit/VsTestRunner2/netcoreapp" className="ModelRelief.Test.Integration.DepthBuffers.DepthBuffersBaseIntegrationTests" name="Patch_MultipleInvalidReferencePropertiesReturnsMultipleValidationErrorsAndBadRequest" /></UnitTest><UnitTest name="Post_InvalidReferencePropertyReturnsBadRequest" storage="d:\users\steve knipmeyer\documents\github\modelrelief\modelrelief.test\bin\debug\netcoreapp2.0\modelrelief.test.dll" id="5aea15cd-8e44-4d50-8aae-b95e290ec3e3"><Execution id="854753a6-5465-418b-b974-2699ec6d3e56" /><TestMethod codeBase="D:\Users\Steve Knipmeyer\Documents\GitHub\ModelRelief\ModelRelief.test\bin\Debug\netcoreapp2.0\ModelRelief.Test.dll" adapterTypeName="executor://xunit/VsTestRunner2/netcoreapp" className="ModelRelief.Test.Integration.Cameras.CamerasBaseIntegrationTests" name="Post_InvalidReferencePropertyReturnsBadRequest" /></UnitTest><UnitTest name="GetFile_FileCanBeRoundTripped" storage="d:\users\steve knipmeyer\documents\github\modelrelief\modelrelief.test\bin\debug\netcoreapp2.0\modelrelief.test.dll" id="73fe5a3b-2bc8-4deb-8fab-7cd4cbdd74e2"><Execution id="b67f28d0-3fac-40a1-bbcc-2ff68b2b1e0c" /><TestMethod codeBase="D:\Users\Steve Knipmeyer\Documents\GitHub\ModelRelief\ModelRelief.test\bin\Debug\netcoreapp2.0\ModelRelief.Test.dll" adapterTypeName="executor://xunit/VsTestRunner2/netcoreapp" className="ModelRelief.Test.Integration.Models.ModelsFileIntegrationTests" name="GetFile_FileCanBeRoundTripped" /></UnitTest><UnitTest name="Put_InvalidIdReturnsNotFound" storage="d:\users\steve knipmeyer\documents\github\modelrelief\modelrelief.test\bin\debug\netcoreapp2.0\modelrelief.test.dll" id="42864647-0639-490c-8ff0-fcec7e6deed6"><Execution id="e9597194-b96b-4fb2-ad05-80c6dae04c73" /><TestMethod codeBase="D:\Users\Steve Knipmeyer\Documents\GitHub\ModelRelief\ModelRelief.test\bin\Debug\netcoreapp2.0\ModelRelief.Test.dll" adapterTypeName="executor://xunit/VsTestRunner2/netcoreapp" className="ModelRelief.Test.Integration.DepthBuffers.DepthBuffersBaseIntegrationTests" name="Put_InvalidIdReturnsNotFound" /></UnitTest><UnitTest name="GetFile_ExistingFileReturnsSuccess" storage="d:\users\steve knipmeyer\documents\github\modelrelief\modelrelief.test\bin\debug\netcoreapp2.0\modelrelief.test.dll" id="6f6eb00b-f7f7-4ef7-b392-7f2ddb299310"><Execution id="1df5d854-10d1-4416-9bf7-f5549239926f" /><TestMethod codeBase="D:\Users\Steve Knipmeyer\Documents\GitHub\ModelRelief\ModelRelief.test\bin\Debug\netcoreapp2.0\ModelRelief.Test.dll" adapterTypeName="executor://xunit/VsTestRunner2/netcoreapp" className="ModelRelief.Test.Integration.Models.ModelsFileIntegrationTests" name="GetFile_ExistingFileReturnsSuccess" /></UnitTest><UnitTest name="Patch_InvalidReferencePropertyReturnsBadRequest" storage="d:\users\steve knipmeyer\documents\github\modelrelief\modelrelief.test\bin\debug\netcoreapp2.0\modelrelief.test.dll" id="f8ed209b-d55b-4025-9427-b4a923c3a814"><Execution id="b5c53c27-d9f9-4142-9f59-7bfd627eca00" /><TestMethod codeBase="D:\Users\Steve Knipmeyer\Documents\GitHub\ModelRelief\ModelRelief.test\bin\Debug\netcoreapp2.0\ModelRelief.Test.dll" adapterTypeName="executor://xunit/VsTestRunner2/netcoreapp" className="ModelRelief.Test.Integration.Models.ModelsBaseIntegrationTests" name="Patch_InvalidReferencePropertyReturnsBadRequest" /></UnitTest><UnitTest name="Post_InvalidReferencePropertyReturnsBadRequest" storage="d:\users\steve knipmeyer\documents\github\modelrelief\modelrelief.test\bin\debug\netcoreapp2.0\modelrelief.test.dll" id="e09c5481-0db1-4615-a7f5-f5bfa7b60b57"><Execution id="991af3ac-696a-4e58-96cb-b1014efe3ecf" /><TestMethod codeBase="D:\Users\Steve Knipmeyer\Documents\GitHub\ModelRelief\ModelRelief.test\bin\Debug\netcoreapp2.0\ModelRelief.Test.dll" adapterTypeName="executor://xunit/VsTestRunner2/netcoreapp" className="ModelRelief.Test.Integration.MeshTransforms.MeshTransformsBaseIntegrationTests" name="Post_InvalidReferencePropertyReturnsBadRequest" /></UnitTest><UnitTest name="Post_InvalidPropertyValueReturnsBadRequest" storage="d:\users\steve knipmeyer\documents\github\modelrelief\modelrelief.test\bin\debug\netcoreapp2.0\modelrelief.test.dll" id="3f090dfe-bf73-4de4-90a8-b93e73b08fdd"><Execution id="49c3c4c2-c691-4c0c-8737-988cb82b1823" /><TestMethod codeBase="D:\Users\Steve Knipmeyer\Documents\GitHub\ModelRelief\ModelRelief.test\bin\Debug\netcoreapp2.0\ModelRelief.Test.dll" adapterTypeName="executor://xunit/VsTestRunner2/netcoreapp" className="ModelRelief.Test.Integration.DepthBuffers.DepthBuffersBaseIntegrationTests" name="Post_InvalidPropertyValueReturnsBadRequest" /></UnitTest><UnitTest name="Put_CanUpdateModel" storage="d:\users\steve knipmeyer\documents\github\modelrelief\modelrelief.test\bin\debug\netcoreapp2.0\modelrelief.test.dll" id="17822376-45c4-4e02-a4eb-5af77a20f472"><Execution id="475efa6e-851e-4400-aaf5-6b80cff342ee" /><TestMethod codeBase="D:\Users\Steve Knipmeyer\Documents\GitHub\ModelRelief\ModelRelief.test\bin\Debug\netcoreapp2.0\ModelRelief.Test.dll" adapterTypeName="executor://xunit/VsTestRunner2/netcoreapp" className="ModelRelief.Test.Integration.MeshTransforms.MeshTransformsBaseIntegrationTests" name="Put_CanUpdateModel" /></UnitTest><UnitTest name="Post_ValidReferencePropertyCreatesModel" storage="d:\users\steve knipmeyer\documents\github\modelrelief\modelrelief.test\bin\debug\netcoreapp2.0\modelrelief.test.dll" id="862198eb-abc0-4fe1-87be-e705ef510bd0"><Execution id="e03236fd-3fb9-4baa-a432-be9aad27d929" /><TestMethod codeBase="D:\Users\Steve Knipmeyer\Documents\GitHub\ModelRelief\ModelRelief.test\bin\Debug\netcoreapp2.0\ModelRelief.Test.dll" adapterTypeName="executor://xunit/VsTestRunner2/netcoreapp" className="ModelRelief.Test.Integration.MeshTransforms.MeshTransformsBaseIntegrationTests" name="Post_ValidReferencePropertyCreatesModel" /></UnitTest><UnitTest name="Patch_MultipleInvalidReferencePropertiesReturnsMultipleValidationErrorsAndBadRequest" storage="d:\users\steve knipmeyer\documents\github\modelrelief\modelrelief.test\bin\debug\netcoreapp2.0\modelrelief.test.dll" id="1a3ea6d0-094a-4fbc-8fd5-0001bd0b99d8"><Execution id="f58e1f3f-d7b6-4d06-a793-b2152cb21883" /><TestMethod codeBase="D:\Users\Steve Knipmeyer\Documents\GitHub\ModelRelief\ModelRelief.test\bin\Debug\netcoreapp2.0\ModelRelief.Test.dll" adapterTypeName="executor://xunit/VsTestRunner2/netcoreapp" className="ModelRelief.Test.Integration.Cameras.CamerasBaseIntegrationTests" name="Patch_MultipleInvalidReferencePropertiesReturnsMultipleValidationErrorsAndBadRequest" /></UnitTest><UnitTest name="Post_InvalidPropertyValueReturnsBadRequest" storage="d:\users\steve knipmeyer\documents\github\modelrelief\modelrelief.test\bin\debug\netcoreapp2.0\modelrelief.test.dll" id="da98a5c3-a70f-4022-8c84-a934d4853dbb"><Execution id="18b2e3de-ea48-415d-b988-7d6d40a754ee" /><TestMethod codeBase="D:\Users\Steve Knipmeyer\Documents\GitHub\ModelRelief\ModelRelief.test\bin\Debug\netcoreapp2.0\ModelRelief.Test.dll" adapterTypeName="executor://xunit/VsTestRunner2/netcoreapp" className="ModelRelief.Test.Integration.Cameras.CamerasBaseIntegrationTests" name="Post_InvalidPropertyValueReturnsBadRequest" /></UnitTest><UnitTest name="GetSingle_InvalidIdPropertyValueReturnsNotFound" storage="d:\users\steve knipmeyer\documents\github\modelrelief\modelrelief.test\bin\debug\netcoreapp2.0\modelrelief.test.dll" id="c05f0e88-7a0a-4c4c-a410-d4d3db1d56c8"><Execution id="73632490-d776-4fd4-bf8f-e1acf22453ae" /><TestMethod codeBase="D:\Users\Steve Knipmeyer\Documents\GitHub\ModelRelief\ModelRelief.test\bin\Debug\netcoreapp2.0\ModelRelief.Test.dll" adapterTypeName="executor://xunit/VsTestRunner2/netcoreapp" className="ModelRelief.Test.Integration.MeshTransforms.MeshTransformsBaseIntegrationTests" name="GetSingle_InvalidIdPropertyValueReturnsNotFound" /></UnitTest><UnitTest name="PostFile_NewFileCanBePosted" storage="d:\users\steve knipmeyer\documents\github\modelrelief\modelrelief.test\bin\debug\netcoreapp2.0\modelrelief.test.dll" id="b913b7e8-4eee-4e39-912c-e9727299eab0"><Execution id="8fd6d659-198b-41d5-b2a0-68a79b759edc" /><TestMethod codeBase="D:\Users\Steve Knipmeyer\Documents\GitHub\ModelRelief\ModelRelief.test\bin\Debug\netcoreapp2.0\ModelRelief.Test.dll" adapterTypeName="executor://xunit/VsTestRunner2/netcoreapp" className="ModelRelief.Test.Integration.Meshes.MeshesFileIntegrationTests" name="PostFile_NewFileCanBePosted" /></UnitTest><UnitTest name="Put_ValidReferencePropertyUpdatesModel" storage="d:\users\steve knipmeyer\documents\github\modelrelief\modelrelief.test\bin\debug\netcoreapp2.0\modelrelief.test.dll" id="59195c0e-12de-4592-a9e8-df33700b321f"><Execution id="c7060fb7-55d0-4cfd-a6e6-24c4b25d4103" /><TestMethod codeBase="D:\Users\Steve Knipmeyer\Documents\GitHub\ModelRelief\ModelRelief.test\bin\Debug\netcoreapp2.0\ModelRelief.Test.dll" adapterTypeName="executor://xunit/VsTestRunner2/netcoreapp" className="ModelRelief.Test.Integration.Meshes.MeshesBaseIntegrationTests" name="Put_ValidReferencePropertyUpdatesModel" /></UnitTest><UnitTest name="Put_CanUpdateModel" storage="d:\users\steve knipmeyer\documents\github\modelrelief\modelrelief.test\bin\debug\netcoreapp2.0\modelrelief.test.dll" id="a5ec5d46-32db-4afc-ba3c-95a64bbfd851"><Execution id="71956e20-247d-435c-8f2a-8405515cf63e" /><TestMethod codeBase="D:\Users\Steve Knipmeyer\Documents\GitHub\ModelRelief\ModelRelief.test\bin\Debug\netcoreapp2.0\ModelRelief.Test.dll" adapterTypeName="executor://xunit/VsTestRunner2/netcoreapp" className="ModelRelief.Test.Integration.Cameras.CamerasBaseIntegrationTests" name="Put_CanUpdateModel" /></UnitTest><UnitTest name="Patch_InvalidReferencePropertyReturnsBadRequest" storage="d:\users\steve knipmeyer\documents\github\modelrelief\modelrelief.test\bin\debug\netcoreapp2.0\modelrelief.test.dll" id="283f26e6-3a32-496a-8fda-ef283fbd4167"><Execution id="b65c356f-e748-4065-a0d9-0fadea96d424" /><TestMethod codeBase="D:\Users\Steve Knipmeyer\Documents\GitHub\ModelRelief\ModelRelief.test\bin\Debug\netcoreapp2.0\ModelRelief.Test.dll" adapterTypeName="executor://xunit/VsTestRunner2/netcoreapp" className="ModelRelief.Test.Integration.Projects.ProjectsBaseIntegrationTests" name="Patch_InvalidReferencePropertyReturnsBadRequest" /></UnitTest><UnitTest name="PostFile_NewFileCanBePosted" storage="d:\users\steve knipmeyer\documents\github\modelrelief\modelrelief.test\bin\debug\netcoreapp2.0\modelrelief.test.dll" id="2707f639-1103-4172-8d17-ab68751ffb13"><Execution id="409fc56c-d016-4a40-acd9-e584dcc785e2" /><TestMethod codeBase="D:\Users\Steve Knipmeyer\Documents\GitHub\ModelRelief\ModelRelief.test\bin\Debug\netcoreapp2.0\ModelRelief.Test.dll" adapterTypeName="executor://xunit/VsTestRunner2/netcoreapp" className="ModelRelief.Test.Integration.DepthBuffers.DepthBuffersFileIntegrationTests" name="PostFile_NewFileCanBePosted" /></UnitTest><UnitTest name="GetSingle_ValidIdPropertyValueReturnsCorrectModel" storage="d:\users\steve knipmeyer\documents\github\modelrelief\modelrelief.test\bin\debug\netcoreapp2.0\modelrelief.test.dll" id="8c377028-a4ae-4541-90a8-a8d8c9252c21"><Execution id="a2955a62-2f6d-4a99-9cdf-06c1925f9994" /><TestMethod codeBase="D:\Users\Steve Knipmeyer\Documents\GitHub\ModelRelief\ModelRelief.test\bin\Debug\netcoreapp2.0\ModelRelief.Test.dll" adapterTypeName="executor://xunit/VsTestRunner2/netcoreapp" className="ModelRelief.Test.Integration.Models.ModelsBaseIntegrationTests" name="GetSingle_ValidIdPropertyValueReturnsCorrectModel" /></UnitTest><UnitTest name="PutFile_FileCanBeUpdated" storage="d:\users\steve knipmeyer\documents\github\modelrelief\modelrelief.test\bin\debug\netcoreapp2.0\modelrelief.test.dll" id="e60a5d4e-1a1b-4b9b-af0c-4376778cbc7e"><Execution id="aa14e187-e716-408c-97cd-e360cda649d1" /><TestMethod codeBase="D:\Users\Steve Knipmeyer\Documents\GitHub\ModelRelief\ModelRelief.test\bin\Debug\netcoreapp2.0\ModelRelief.Test.dll" adapterTypeName="executor://xunit/VsTestRunner2/netcoreapp" className="ModelRelief.Test.Integration.Meshes.MeshesFileIntegrationTests" name="PutFile_FileCanBeUpdated" /></UnitTest><UnitTest name="PutFile_FileCanBeUpdated" storage="d:\users\steve knipmeyer\documents\github\modelrelief\modelrelief.test\bin\debug\netcoreapp2.0\modelrelief.test.dll" id="5bb6d692-e290-4903-8ed7-31e19f2637bd"><Execution id="0e8af17a-60c9-4c01-9255-022b647c6ceb" /><TestMethod codeBase="D:\Users\Steve Knipmeyer\Documents\GitHub\ModelRelief\ModelRelief.test\bin\Debug\netcoreapp2.0\ModelRelief.Test.dll" adapterTypeName="executor://xunit/VsTestRunner2/netcoreapp" className="ModelRelief.Test.Integration.Models.ModelsFileIntegrationTests" name="PutFile_FileCanBeUpdated" /></UnitTest><UnitTest name="GetSingle_ValidIdPropertyValueReturnsCorrectModel" storage="d:\users\steve knipmeyer\documents\github\modelrelief\modelrelief.test\bin\debug\netcoreapp2.0\modelrelief.test.dll" id="0956db3b-51b1-40b9-8d15-c1d78513bb2d"><Execution id="8257f052-7214-41b8-8278-62d75508395b" /><TestMethod codeBase="D:\Users\Steve Knipmeyer\Documents\GitHub\ModelRelief\ModelRelief.test\bin\Debug\netcoreapp2.0\ModelRelief.Test.dll" adapterTypeName="executor://xunit/VsTestRunner2/netcoreapp" className="ModelRelief.Test.Integration.MeshTransforms.MeshTransformsBaseIntegrationTests" name="GetSingle_ValidIdPropertyValueReturnsCorrectModel" /></UnitTest><UnitTest name="Patch_TargetPropertyIsUpdated" storage="d:\users\steve knipmeyer\documents\github\modelrelief\modelrelief.test\bin\debug\netcoreapp2.0\modelrelief.test.dll" id="8c6dc84f-fe0b-46f3-8867-3070701ec81d"><Execution id="efbdb924-2b9a-4bc9-a2e2-c8c5a058482e" /><TestMethod codeBase="D:\Users\Steve Knipmeyer\Documents\GitHub\ModelRelief\ModelRelief.test\bin\Debug\netcoreapp2.0\ModelRelief.Test.dll" adapterTypeName="executor://xunit/VsTestRunner2/netcoreapp" className="ModelRelief.Test.Integration.Models.ModelsBaseIntegrationTests" name="Patch_TargetPropertyIsUpdated" /></UnitTest><UnitTest name="Put_ValidReferencePropertyUpdatesModel" storage="d:\users\steve knipmeyer\documents\github\modelrelief\modelrelief.test\bin\debug\netcoreapp2.0\modelrelief.test.dll" id="768fc646-a863-4402-8d48-764ddacc8283"><Execution id="6e24dccd-ef0e-4d72-89c2-ecf27cafc832" /><TestMethod codeBase="D:\Users\Steve Knipmeyer\Documents\GitHub\ModelRelief\ModelRelief.test\bin\Debug\netcoreapp2.0\ModelRelief.Test.dll" adapterTypeName="executor://xunit/VsTestRunner2/netcoreapp" className="ModelRelief.Test.Integration.Cameras.CamerasBaseIntegrationTests" name="Put_ValidReferencePropertyUpdatesModel" /></UnitTest><UnitTest name="Patch_ValidReferencePropertyUpdatesModel" storage="d:\users\steve knipmeyer\documents\github\modelrelief\modelrelief.test\bin\debug\netcoreapp2.0\modelrelief.test.dll" id="7f40dde7-c2ed-451e-8d04-3eadbf712888"><Execution id="57cbd70d-39e3-41d5-9b89-9e4515c75888" /><TestMethod codeBase="D:\Users\Steve Knipmeyer\Documents\GitHub\ModelRelief\ModelRelief.test\bin\Debug\netcoreapp2.0\ModelRelief.Test.dll" adapterTypeName="executor://xunit/VsTestRunner2/netcoreapp" className="ModelRelief.Test.Integration.Meshes.MeshesBaseIntegrationTests" name="Patch_ValidReferencePropertyUpdatesModel" /></UnitTest><UnitTest name="Patch_InvalidIdPropertyReturnsNotFound" storage="d:\users\steve knipmeyer\documents\github\modelrelief\modelrelief.test\bin\debug\netcoreapp2.0\modelrelief.test.dll" id="580e2666-aaa2-4d15-8a45-c5c1966ac588"><Execution id="c1320758-4d57-4cbc-ad66-7b347df4af63" /><TestMethod codeBase="D:\Users\Steve Knipmeyer\Documents\GitHub\ModelRelief\ModelRelief.test\bin\Debug\netcoreapp2.0\ModelRelief.Test.dll" adapterTypeName="executor://xunit/VsTestRunner2/netcoreapp" className="ModelRelief.Test.Integration.MeshTransforms.MeshTransformsBaseIntegrationTests" name="Patch_InvalidIdPropertyReturnsNotFound" /></UnitTest><UnitTest name="Post_CanCreateNewModel" storage="d:\users\steve knipmeyer\documents\github\modelrelief\modelrelief.test\bin\debug\netcoreapp2.0\modelrelief.test.dll" id="c1c1cc24-009d-4204-a75c-833c0412688b"><Execution id="63152c45-7a67-4dd3-8f50-2491dc6b70f9" /><TestMethod codeBase="D:\Users\Steve Knipmeyer\Documents\GitHub\ModelRelief\ModelRelief.test\bin\Debug\netcoreapp2.0\ModelRelief.Test.dll" adapterTypeName="executor://xunit/VsTestRunner2/netcoreapp" className="ModelRelief.Test.Integration.DepthBuffers.DepthBuffersBaseIntegrationTests" name="Post_CanCreateNewModel" /></UnitTest><UnitTest name="Patch_InvalidReferencePropertyReturnsBadRequest" storage="d:\users\steve knipmeyer\documents\github\modelrelief\modelrelief.test\bin\debug\netcoreapp2.0\modelrelief.test.dll" id="75b46ad8-8a69-4cf9-b2e8-54bcb7adc6da"><Execution id="52e408fe-18a9-41d0-874a-25f7a3c42aeb" /><TestMethod codeBase="D:\Users\Steve Knipmeyer\Documents\GitHub\ModelRelief\ModelRelief.test\bin\Debug\netcoreapp2.0\ModelRelief.Test.dll" adapterTypeName="executor://xunit/VsTestRunner2/netcoreapp" className="ModelRelief.Test.Integration.Cameras.CamerasBaseIntegrationTests" name="Patch_InvalidReferencePropertyReturnsBadRequest" /></UnitTest><UnitTest name="GetSingle_ValidIdPropertyValueReturnsCorrectModel" storage="d:\users\steve knipmeyer\documents\github\modelrelief\modelrelief.test\bin\debug\netcoreapp2.0\modelrelief.test.dll" id="b843efec-b424-420f-b265-981eeb024916"><Execution id="d9ed186f-ebb6-46a3-b7b9-c9659aa1372b" /><TestMethod codeBase="D:\Users\Steve Knipmeyer\Documents\GitHub\ModelRelief\ModelRelief.test\bin\Debug\netcoreapp2.0\ModelRelief.Test.dll" adapterTypeName="executor://xunit/VsTestRunner2/netcoreapp" className="ModelRelief.Test.Integration.Meshes.MeshesBaseIntegrationTests" name="GetSingle_ValidIdPropertyValueReturnsCorrectModel" /></UnitTest><UnitTest name="GetList_ListReturnsCorrectCount" storage="d:\users\steve knipmeyer\documents\github\modelrelief\modelrelief.test\bin\debug\netcoreapp2.0\modelrelief.test.dll" id="3ae3502e-561d-4d1e-a816-42d446da100f"><Execution id="b7d9bc22-18f7-4cb8-b6eb-6e54bb0fdb06" /><TestMethod codeBase="D:\Users\Steve Knipmeyer\Documents\GitHub\ModelRelief\ModelRelief.test\bin\Debug\netcoreapp2.0\ModelRelief.Test.dll" adapterTypeName="executor://xunit/VsTestRunner2/netcoreapp" className="ModelRelief.Test.Integration.Projects.ProjectsBaseIntegrationTests" name="GetList_ListReturnsCorrectCount" /></UnitTest><UnitTest name="Patch_MultipleInvalidReferencePropertiesReturnsMultipleValidationErrorsAndBadRequest" storage="d:\users\steve knipmeyer\documents\github\modelrelief\modelrelief.test\bin\debug\netcoreapp2.0\modelrelief.test.dll" id="0af5c451-1eb8-4669-9721-42fe39e475f2"><Execution id="96f3e3a3-9143-4ca0-9d78-0a393b59e183" /><TestMethod codeBase="D:\Users\Steve Knipmeyer\Documents\GitHub\ModelRelief\ModelRelief.test\bin\Debug\netcoreapp2.0\ModelRelief.Test.dll" adapterTypeName="executor://xunit/VsTestRunner2/netcoreapp" className="ModelRelief.Test.Integration.Projects.ProjectsBaseIntegrationTests" name="Patch_MultipleInvalidReferencePropertiesReturnsMultipleValidationErrorsAndBadRequest" /></UnitTest><UnitTest name="Patch_ValidReferencePropertyUpdatesModel" storage="d:\users\steve knipmeyer\documents\github\modelrelief\modelrelief.test\bin\debug\netcoreapp2.0\modelrelief.test.dll" id="52593ac3-6226-416b-b007-70c92d234f3b"><Execution id="63dfe335-e8ca-47b4-a732-8e92d2b6ba91" /><TestMethod codeBase="D:\Users\Steve Knipmeyer\Documents\GitHub\ModelRelief\ModelRelief.test\bin\Debug\netcoreapp2.0\ModelRelief.Test.dll" adapterTypeName="executor://xunit/VsTestRunner2/netcoreapp" className="ModelRelief.Test.Integration.Models.ModelsBaseIntegrationTests" name="Patch_ValidReferencePropertyUpdatesModel" /></UnitTest><UnitTest name="GetSingle_ValidIdPropertyValueReturnsCorrectModel" storage="d:\users\steve knipmeyer\documents\github\modelrelief\modelrelief.test\bin\debug\netcoreapp2.0\modelrelief.test.dll" id="83d26926-693f-4ee2-81ef-22808e918a77"><Execution id="5f1a11b8-501b-44ea-b579-aec16e48e64a" /><TestMethod codeBase="D:\Users\Steve Knipmeyer\Documents\GitHub\ModelRelief\ModelRelief.test\bin\Debug\netcoreapp2.0\ModelRelief.Test.dll" adapterTypeName="executor://xunit/VsTestRunner2/netcoreapp" className="ModelRelief.Test.Integration.Cameras.CamerasBaseIntegrationTests" name="GetSingle_ValidIdPropertyValueReturnsCorrectModel" /></UnitTest><UnitTest name="Patch_InvalidEnumPropertyValueReturnsBadRequest" storage="d:\users\steve knipmeyer\documents\github\modelrelief\modelrelief.test\bin\debug\netcoreapp2.0\modelrelief.test.dll" id="972dfb36-4271-4ce5-ae05-3bc6042a624f"><Execution id="fcdb8816-c7e0-423a-920c-bf1df4942dfc" /><TestMethod codeBase="D:\Users\Steve Knipmeyer\Documents\GitHub\ModelRelief\ModelRelief.test\bin\Debug\netcoreapp2.0\ModelRelief.Test.dll" adapterTypeName="executor://xunit/VsTestRunner2/netcoreapp" className="ModelRelief.Test.Integration.Projects.ProjectsBaseIntegrationTests" name="Patch_InvalidEnumPropertyValueReturnsBadRequest" /></UnitTest><UnitTest name="Delete_TargetModelIsDeleted" storage="d:\users\steve knipmeyer\documents\github\modelrelief\modelrelief.test\bin\debug\netcoreapp2.0\modelrelief.test.dll" id="25ced816-0384-4355-b279-83aa9cf19726"><Execution id="de7d180c-5007-48c3-895e-68807af4fe34" /><TestMethod codeBase="D:\Users\Steve Knipmeyer\Documents\GitHub\ModelRelief\ModelRelief.test\bin\Debug\netcoreapp2.0\ModelRelief.Test.dll" adapterTypeName="executor://xunit/VsTestRunner2/netcoreapp" className="ModelRelief.Test.Integration.Meshes.MeshesBaseIntegrationTests" name="Delete_TargetModelIsDeleted" /></UnitTest><UnitTest name="GetSingle_ValidIdPropertyValueReturnsCorrectModel" storage="d:\users\steve knipmeyer\documents\github\modelrelief\modelrelief.test\bin\debug\netcoreapp2.0\modelrelief.test.dll" id="6496fb84-7ea0-4a22-a587-a6229e4ad877"><Execution id="a87aeb68-5335-46f8-a3d7-9adbe26370c6" /><TestMethod codeBase="D:\Users\Steve Knipmeyer\Documents\GitHub\ModelRelief\ModelRelief.test\bin\Debug\netcoreapp2.0\ModelRelief.Test.dll" adapterTypeName="executor://xunit/VsTestRunner2/netcoreapp" className="ModelRelief.Test.Integration.Projects.ProjectsBaseIntegrationTests" name="GetSingle_ValidIdPropertyValueReturnsCorrectModel" /></UnitTest><UnitTest name="Put_InvalidIdReturnsNotFound" storage="d:\users\steve knipmeyer\documents\github\modelrelief\modelrelief.test\bin\debug\netcoreapp2.0\modelrelief.test.dll" id="5795e5f4-d24d-4c53-bd41-7c4a09d9aa20"><Execution id="ad980a95-4970-4744-8ae5-d77529981a63" /><TestMethod codeBase="D:\Users\Steve Knipmeyer\Documents\GitHub\ModelRelief\ModelRelief.test\bin\Debug\netcoreapp2.0\ModelRelief.Test.dll" adapterTypeName="executor://xunit/VsTestRunner2/netcoreapp" className="ModelRelief.Test.Integration.Projects.ProjectsBaseIntegrationTests" name="Put_InvalidIdReturnsNotFound" /></UnitTest><UnitTest name="Patch_InvalidEnumPropertyValueReturnsBadRequest" storage="d:\users\steve knipmeyer\documents\github\modelrelief\modelrelief.test\bin\debug\netcoreapp2.0\modelrelief.test.dll" id="a496be55-3686-42b5-b177-c2c99699e05b"><Execution id="89aea3ea-9d3c-4660-9442-14bcb69662e3" /><TestMethod codeBase="D:\Users\Steve Knipmeyer\Documents\GitHub\ModelRelief\ModelRelief.test\bin\Debug\netcoreapp2.0\ModelRelief.Test.dll" adapterTypeName="executor://xunit/VsTestRunner2/netcoreapp" className="ModelRelief.Test.Integration.MeshTransforms.MeshTransformsBaseIntegrationTests" name="Patch_InvalidEnumPropertyValueReturnsBadRequest" /></UnitTest><UnitTest name="Put_ValidReferencePropertyUpdatesModel" storage="d:\users\steve knipmeyer\documents\github\modelrelief\modelrelief.test\bin\debug\netcoreapp2.0\modelrelief.test.dll" id="9a29213d-e5a2-45d0-97d2-99aa4933f1be"><Execution id="2688f2d1-e95a-4d39-a72f-bff9c09e63dd" /><TestMethod codeBase="D:\Users\Steve Knipmeyer\Documents\GitHub\ModelRelief\ModelRelief.test\bin\Debug\netcoreapp2.0\ModelRelief.Test.dll" adapterTypeName="executor://xunit/VsTestRunner2/netcoreapp" className="ModelRelief.Test.Integration.DepthBuffers.DepthBuffersBaseIntegrationTests" name="Put_ValidReferencePropertyUpdatesModel" /></UnitTest><UnitTest name="Put_ValidReferencePropertyUpdatesModel" storage="d:\users\steve knipmeyer\documents\github\modelrelief\modelrelief.test\bin\debug\netcoreapp2.0\modelrelief.test.dll" id="04321afb-b444-4d36-939a-dfb3fb244bfb"><Execution id="38bea71b-a9c1-4af3-84eb-e1ada84710ef" /><TestMethod codeBase="D:\Users\Steve Knipmeyer\Documents\GitHub\ModelRelief\ModelRelief.test\bin\Debug\netcoreapp2.0\ModelRelief.Test.dll" adapterTypeName="executor://xunit/VsTestRunner2/netcoreapp" className="ModelRelief.Test.Integration.Models.ModelsBaseIntegrationTests" name="Put_ValidReferencePropertyUpdatesModel" /></UnitTest><UnitTest name="Patch_ValidReferencePropertyUpdatesModel" storage="d:\users\steve knipmeyer\documents\github\modelrelief\modelrelief.test\bin\debug\netcoreapp2.0\modelrelief.test.dll" id="0c2e8dab-5e72-4bbb-aea9-452a4a34adc8"><Execution id="808d3dd9-9dce-4f88-b4fa-a9155e1e1e97" /><TestMethod codeBase="D:\Users\Steve Knipmeyer\Documents\GitHub\ModelRelief\ModelRelief.test\bin\Debug\netcoreapp2.0\ModelRelief.Test.dll" adapterTypeName="executor://xunit/VsTestRunner2/netcoreapp" className="ModelRelief.Test.Integration.DepthBuffers.DepthBuffersBaseIntegrationTests" name="Patch_ValidReferencePropertyUpdatesModel" /></UnitTest><UnitTest name="Put_InvalidIdReturnsNotFound" storage="d:\users\steve knipmeyer\documents\github\modelrelief\modelrelief.test\bin\debug\netcoreapp2.0\modelrelief.test.dll" id="55cf4bc2-a6cd-4606-ba8c-cc48611a22df"><Execution id="1eefdac5-c614-4289-b12a-9b85980924e1" /><TestMethod codeBase="D:\Users\Steve Knipmeyer\Documents\GitHub\ModelRelief\ModelRelief.test\bin\Debug\netcoreapp2.0\ModelRelief.Test.dll" adapterTypeName="executor://xunit/VsTestRunner2/netcoreapp" className="ModelRelief.Test.Integration.Meshes.MeshesBaseIntegrationTests" name="Put_InvalidIdReturnsNotFound" /></UnitTest><UnitTest name="GetFile_NonExistentFileReturnsNotFound" storage="d:\users\steve knipmeyer\documents\github\modelrelief\modelrelief.test\bin\debug\netcoreapp2.0\modelrelief.test.dll" id="70c97f0e-91dc-4672-8879-d0a24ba6fd53"><Execution id="ffd161d7-e853-4cdf-81e5-4fcee2462bff" /><TestMethod codeBase="D:\Users\Steve Knipmeyer\Documents\GitHub\ModelRelief\ModelRelief.test\bin\Debug\netcoreapp2.0\ModelRelief.Test.dll" adapterTypeName="executor://xunit/VsTestRunner2/netcoreapp" className="ModelRelief.Test.Integration.DepthBuffers.DepthBuffersFileIntegrationTests" name="GetFile_NonExistentFileReturnsNotFound" /></UnitTest><UnitTest name="Put_InvalidReferencePropertyReturndBadRequest" storage="d:\users\steve knipmeyer\documents\github\modelrelief\modelrelief.test\bin\debug\netcoreapp2.0\modelrelief.test.dll" id="5c59fb45-e47e-4bb7-ad38-eebd4f12e8d6"><Execution id="f8269848-e179-4149-b0a0-725ff8c4e832" /><TestMethod codeBase="D:\Users\Steve Knipmeyer\Documents\GitHub\ModelRelief\ModelRelief.test\bin\Debug\netcoreapp2.0\ModelRelief.Test.dll" adapterTypeName="executor://xunit/VsTestRunner2/netcoreapp" className="ModelRelief.Test.Integration.Models.ModelsBaseIntegrationTests" name="Put_InvalidReferencePropertyReturndBadRequest" /></UnitTest><UnitTest name="Patch_ValidReferencePropertyUpdatesModel" storage="d:\users\steve knipmeyer\documents\github\modelrelief\modelrelief.test\bin\debug\netcoreapp2.0\modelrelief.test.dll" id="06c26e24-c6e8-4fad-bb19-05438a553d80"><Execution id="4664de96-0507-4ad6-9e10-0693ce0bbb58" /><TestMethod codeBase="D:\Users\Steve Knipmeyer\Documents\GitHub\ModelRelief\ModelRelief.test\bin\Debug\netcoreapp2.0\ModelRelief.Test.dll" adapterTypeName="executor://xunit/VsTestRunner2/netcoreapp" className="ModelRelief.Test.Integration.MeshTransforms.MeshTransformsBaseIntegrationTests" name="Patch_ValidReferencePropertyUpdatesModel" /></UnitTest><UnitTest name="GetSingle_InvalidIdPropertyValueReturnsNotFound" storage="d:\users\steve knipmeyer\documents\github\modelrelief\modelrelief.test\bin\debug\netcoreapp2.0\modelrelief.test.dll" id="09f44e3e-616c-432e-b52a-56a5da42b0e9"><Execution id="16d485e5-f6da-47c6-83e0-e27df7319243" /><TestMethod codeBase="D:\Users\Steve Knipmeyer\Documents\GitHub\ModelRelief\ModelRelief.test\bin\Debug\netcoreapp2.0\ModelRelief.Test.dll" adapterTypeName="executor://xunit/VsTestRunner2/netcoreapp" className="ModelRelief.Test.Integration.Meshes.MeshesBaseIntegrationTests" name="GetSingle_InvalidIdPropertyValueReturnsNotFound" /></UnitTest><UnitTest name="Delete_TargetModelIsDeleted" storage="d:\users\steve knipmeyer\documents\github\modelrelief\modelrelief.test\bin\debug\netcoreapp2.0\modelrelief.test.dll" id="f899612f-559c-4028-a84f-d2da5b84b967"><Execution id="c82aaaf4-9dd6-4855-acef-9c4372004287" /><TestMethod codeBase="D:\Users\Steve Knipmeyer\Documents\GitHub\ModelRelief\ModelRelief.test\bin\Debug\netcoreapp2.0\ModelRelief.Test.dll" adapterTypeName="executor://xunit/VsTestRunner2/netcoreapp" className="ModelRelief.Test.Integration.DepthBuffers.DepthBuffersBaseIntegrationTests" name="Delete_TargetModelIsDeleted" /></UnitTest><UnitTest name="FileRequest_FileCanBeReadAfterRename" storage="d:\users\steve knipmeyer\documents\github\modelrelief\modelrelief.test\bin\debug\netcoreapp2.0\modelrelief.test.dll" id="72f332f5-e657-4716-8bd2-401a3874ba16"><Execution id="6c2f803c-192f-4e60-8376-7eb899dd0578" /><TestMethod codeBase="D:\Users\Steve Knipmeyer\Documents\GitHub\ModelRelief\ModelRelief.test\bin\Debug\netcoreapp2.0\ModelRelief.Test.dll" adapterTypeName="executor://xunit/VsTestRunner2/netcoreapp" className="ModelRelief.Test.Integration.Meshes.MeshesFileIntegrationTests" name="FileRequest_FileCanBeReadAfterRename" /></UnitTest><UnitTest name="Patch_InvalidIdPropertyReturnsNotFound" storage="d:\users\steve knipmeyer\documents\github\modelrelief\modelrelief.test\bin\debug\netcoreapp2.0\modelrelief.test.dll" id="dc9a450a-fe63-4370-98bc-e094a17595f0"><Execution id="500be412-b3d8-4623-a0b9-307742ff32fa" /><TestMethod codeBase="D:\Users\Steve Knipmeyer\Documents\GitHub\ModelRelief\ModelRelief.test\bin\Debug\netcoreapp2.0\ModelRelief.Test.dll" adapterTypeName="executor://xunit/VsTestRunner2/netcoreapp" className="ModelRelief.Test.Integration.DepthBuffers.DepthBuffersBaseIntegrationTests" name="Patch_InvalidIdPropertyReturnsNotFound" /></UnitTest><UnitTest name="FileRequest_FileCanBeReadAfterRename" storage="d:\users\steve knipmeyer\documents\github\modelrelief\modelrelief.test\bin\debug\netcoreapp2.0\modelrelief.test.dll" id="fe2d5fe5-5972-440f-ad86-d5f07c1a0ecf"><Execution id="94d5ed57-1fa2-45de-9de0-5056cb125d5f" /><TestMethod codeBase="D:\Users\Steve Knipmeyer\Documents\GitHub\ModelRelief\ModelRelief.test\bin\Debug\netcoreapp2.0\ModelRelief.Test.dll" adapterTypeName="executor://xunit/VsTestRunner2/netcoreapp" className="ModelRelief.Test.Integration.DepthBuffers.DepthBuffersFileIntegrationTests" name="FileRequest_FileCanBeReadAfterRename" /></UnitTest><UnitTest name="Patch_MultipleInvalidReferencePropertiesReturnsMultipleValidationErrorsAndBadRequest" storage="d:\users\steve knipmeyer\documents\github\modelrelief\modelrelief.test\bin\debug\netcoreapp2.0\modelrelief.test.dll" id="bf06e35e-24b5-4f7d-ac05-18ab42b540b6"><Execution id="5afcf8bc-c2bb-4852-9e76-e3f83c7172b0" /><TestMethod codeBase="D:\Users\Steve Knipmeyer\Documents\GitHub\ModelRelief\ModelRelief.test\bin\Debug\netcoreapp2.0\ModelRelief.Test.dll" adapterTypeName="executor://xunit/VsTestRunner2/netcoreapp" className="ModelRelief.Test.Integration.Models.ModelsBaseIntegrationTests" name="Patch_MultipleInvalidReferencePropertiesReturnsMultipleValidationErrorsAndBadRequest" /></UnitTest><UnitTest name="Patch_InvalidEnumPropertyValueReturnsBadRequest" storage="d:\users\steve knipmeyer\documents\github\modelrelief\modelrelief.test\bin\debug\netcoreapp2.0\modelrelief.test.dll" id="220da176-cbe5-4060-9aee-17e6354f349e"><Execution id="39046775-a4ab-4500-bb78-cbb9a0aa4eae" /><TestMethod codeBase="D:\Users\Steve Knipmeyer\Documents\GitHub\ModelRelief\ModelRelief.test\bin\Debug\netcoreapp2.0\ModelRelief.Test.dll" adapterTypeName="executor://xunit/VsTestRunner2/netcoreapp" className="ModelRelief.Test.Integration.Meshes.MeshesBaseIntegrationTests" name="Patch_InvalidEnumPropertyValueReturnsBadRequest" /></UnitTest><UnitTest name="Patch_InvalidIdPropertyReturnsNotFound" storage="d:\users\steve knipmeyer\documents\github\modelrelief\modelrelief.test\bin\debug\netcoreapp2.0\modelrelief.test.dll" id="fd9dbe04-a4e6-4c2d-934e-24946d76b057"><Execution id="915f33be-bb26-4211-95bb-4d8f4e269929" /><TestMethod codeBase="D:\Users\Steve Knipmeyer\Documents\GitHub\ModelRelief\ModelRelief.test\bin\Debug\netcoreapp2.0\ModelRelief.Test.dll" adapterTypeName="executor://xunit/VsTestRunner2/netcoreapp" className="ModelRelief.Test.Integration.Models.ModelsBaseIntegrationTests" name="Patch_InvalidIdPropertyReturnsNotFound" /></UnitTest><UnitTest name="PostFile_FileTimeStampIsUpdatedAfterFileIsPosted" storage="d:\users\steve knipmeyer\documents\github\modelrelief\modelrelief.test\bin\debug\netcoreapp2.0\modelrelief.test.dll" id="0f98441b-a121-4703-9221-5c801652ec12"><Execution id="4a7e3fd2-f327-4ee2-bd5a-93423170adbd" /><TestMethod codeBase="D:\Users\Steve Knipmeyer\Documents\GitHub\ModelRelief\ModelRelief.test\bin\Debug\netcoreapp2.0\ModelRelief.Test.dll" adapterTypeName="executor://xunit/VsTestRunner2/netcoreapp" className="ModelRelief.Test.Integration.Models.ModelsFileIntegrationTests" name="PostFile_FileTimeStampIsUpdatedAfterFileIsPosted" /></UnitTest><UnitTest name="Patch_InvalidReferencePropertyReturnsBadRequest" storage="d:\users\steve knipmeyer\documents\github\modelrelief\modelrelief.test\bin\debug\netcoreapp2.0\modelrelief.test.dll" id="e6417b2d-8ada-4f8b-8fd9-51013738e0cb"><Execution id="751016f3-93c0-4dac-8bab-990b7f28c84f" /><TestMethod codeBase="D:\Users\Steve Knipmeyer\Documents\GitHub\ModelRelief\ModelRelief.test\bin\Debug\netcoreapp2.0\ModelRelief.Test.dll" adapterTypeName="executor://xunit/VsTestRunner2/netcoreapp" className="ModelRelief.Test.Integration.Meshes.MeshesBaseIntegrationTests" name="Patch_InvalidReferencePropertyReturnsBadRequest" /></UnitTest><UnitTest name="Patch_TargetPropertyIsUpdated" storage="d:\users\steve knipmeyer\documents\github\modelrelief\modelrelief.test\bin\debug\netcoreapp2.0\modelrelief.test.dll" id="ea3786c2-efd0-4c80-b124-03b0fa9c9221"><Execution id="b464d252-c0e2-47ba-8765-df039cd1a68f" /><TestMethod codeBase="D:\Users\Steve Knipmeyer\Documents\GitHub\ModelRelief\ModelRelief.test\bin\Debug\netcoreapp2.0\ModelRelief.Test.dll" adapterTypeName="executor://xunit/VsTestRunner2/netcoreapp" className="ModelRelief.Test.Integration.Cameras.CamerasBaseIntegrationTests" name="Patch_TargetPropertyIsUpdated" /></UnitTest><UnitTest name="Put_CanUpdateModel" storage="d:\users\steve knipmeyer\documents\github\modelrelief\modelrelief.test\bin\debug\netcoreapp2.0\modelrelief.test.dll" id="25d1a2a9-99ad-44d8-a3b2-4a3cd43ce340"><Execution id="65a1474c-791d-4a6a-a1ca-fac8ef8e6c7c" /><TestMethod codeBase="D:\Users\Steve Knipmeyer\Documents\GitHub\ModelRelief\ModelRelief.test\bin\Debug\netcoreapp2.0\ModelRelief.Test.dll" adapterTypeName="executor://xunit/VsTestRunner2/netcoreapp" className="ModelRelief.Test.Integration.Models.ModelsBaseIntegrationTests" name="Put_CanUpdateModel" /></UnitTest><UnitTest name="Post_InvalidReferencePropertyReturnsBadRequest" storage="d:\users\steve knipmeyer\documents\github\modelrelief\modelrelief.test\bin\debug\netcoreapp2.0\modelrelief.test.dll" id="d5aa7af1-313c-4ee4-b7c5-757926f69998"><Execution id="25c93aeb-c1db-4898-8801-7b8cfa164c87" /><TestMethod codeBase="D:\Users\Steve Knipmeyer\Documents\GitHub\ModelRelief\ModelRelief.test\bin\Debug\netcoreapp2.0\ModelRelief.Test.dll" adapterTypeName="executor://xunit/VsTestRunner2/netcoreapp" className="ModelRelief.Test.Integration.DepthBuffers.DepthBuffersBaseIntegrationTests" name="Post_InvalidReferencePropertyReturnsBadRequest" /></UnitTest><UnitTest name="GetList_ListReturnsCorrectCount" storage="d:\users\steve knipmeyer\documents\github\modelrelief\modelrelief.test\bin\debug\netcoreapp2.0\modelrelief.test.dll" id="baca8615-2f94-4f94-9488-a512b674f2e8"><Execution id="e09c8a4a-2cf0-41d0-b97e-f72cd4c5b729" /><TestMethod codeBase="D:\Users\Steve Knipmeyer\Documents\GitHub\ModelRelief\ModelRelief.test\bin\Debug\netcoreapp2.0\ModelRelief.Test.dll" adapterTypeName="executor://xunit/VsTestRunner2/netcoreapp" className="ModelRelief.Test.Integration.MeshTransforms.MeshTransformsBaseIntegrationTests" name="GetList_ListReturnsCorrectCount" /></UnitTest><UnitTest name="Put_CanUpdateModel" storage="d:\users\steve knipmeyer\documents\github\modelrelief\modelrelief.test\bin\debug\netcoreapp2.0\modelrelief.test.dll" id="c1e5e58f-cf23-499d-9874-89a178ca5e0b"><Execution id="92c848b9-68c8-4cb5-a64f-f69060b7b217" /><TestMethod codeBase="D:\Users\Steve Knipmeyer\Documents\GitHub\ModelRelief\ModelRelief.test\bin\Debug\netcoreapp2.0\ModelRelief.Test.dll" adapterTypeName="executor://xunit/VsTestRunner2/netcoreapp" className="ModelRelief.Test.Integration.DepthBuffers.DepthBuffersBaseIntegrationTests" name="Put_CanUpdateModel" /></UnitTest><UnitTest name="GetSingle_ValidIdPropertyValueReturnsCorrectModel" storage="d:\users\steve knipmeyer\documents\github\modelrelief\modelrelief.test\bin\debug\netcoreapp2.0\modelrelief.test.dll" id="6df54884-5dc1-4b4c-9106-c2c14333b82d"><Execution id="d4bcefe9-c6b3-4515-b955-14bbc822337a" /><TestMethod codeBase="D:\Users\Steve Knipmeyer\Documents\GitHub\ModelRelief\ModelRelief.test\bin\Debug\netcoreapp2.0\ModelRelief.Test.dll" adapterTypeName="executor://xunit/VsTestRunner2/netcoreapp" className="ModelRelief.Test.Integration.DepthBuffers.DepthBuffersBaseIntegrationTests" name="GetSingle_ValidIdPropertyValueReturnsCorrectModel" /></UnitTest><UnitTest name="GetList_ListReturnsCorrectCount" storage="d:\users\steve knipmeyer\documents\github\modelrelief\modelrelief.test\bin\debug\netcoreapp2.0\modelrelief.test.dll" id="4fdaa578-97da-4499-b9e9-da40015fc547"><Execution id="fe6b1316-b094-447b-9354-f3491d9ea5da" /><TestMethod codeBase="D:\Users\Steve Knipmeyer\Documents\GitHub\ModelRelief\ModelRelief.test\bin\Debug\netcoreapp2.0\ModelRelief.Test.dll" adapterTypeName="executor://xunit/VsTestRunner2/netcoreapp" className="ModelRelief.Test.Integration.Meshes.MeshesBaseIntegrationTests" name="GetList_ListReturnsCorrectCount" /></UnitTest><UnitTest name="GetSingle_InvalidIdPropertyValueReturnsNotFound" storage="d:\users\steve knipmeyer\documents\github\modelrelief\modelrelief.test\bin\debug\netcoreapp2.0\modelrelief.test.dll" id="5535945b-168a-45a9-9cc9-2d59c95fe94a"><Execution id="458adfa8-f5a0-4409-a28d-9d957a299deb" /><TestMethod codeBase="D:\Users\Steve Knipmeyer\Documents\GitHub\ModelRelief\ModelRelief.test\bin\Debug\netcoreapp2.0\ModelRelief.Test.dll" adapterTypeName="executor://xunit/VsTestRunner2/netcoreapp" className="ModelRelief.Test.Integration.Cameras.CamerasBaseIntegrationTests" name="GetSingle_InvalidIdPropertyValueReturnsNotFound" /></UnitTest><UnitTest name="PutFile_FileCanBeUpdated" storage="d:\users\steve knipmeyer\documents\github\modelrelief\modelrelief.test\bin\debug\netcoreapp2.0\modelrelief.test.dll" id="a9170133-6e0c-4417-ac59-8705af18113a"><Execution id="61900738-2030-4b7e-a2d1-f25904e4835a" /><TestMethod codeBase="D:\Users\Steve Knipmeyer\Documents\GitHub\ModelRelief\ModelRelief.test\bin\Debug\netcoreapp2.0\ModelRelief.Test.dll" adapterTypeName="executor://xunit/VsTestRunner2/netcoreapp" className="ModelRelief.Test.Integration.DepthBuffers.DepthBuffersFileIntegrationTests" name="PutFile_FileCanBeUpdated" /></UnitTest><UnitTest name="Delete_TargetModelIsDeleted" storage="d:\users\steve knipmeyer\documents\github\modelrelief\modelrelief.test\bin\debug\netcoreapp2.0\modelrelief.test.dll" id="8e392277-bf67-4fa2-8591-9dfcaa140cc1"><Execution id="2fecd733-629d-422e-8a59-28bfa07fbc40" /><TestMethod codeBase="D:\Users\Steve Knipmeyer\Documents\GitHub\ModelRelief\ModelRelief.test\bin\Debug\netcoreapp2.0\ModelRelief.Test.dll" adapterTypeName="executor://xunit/VsTestRunner2/netcoreapp" className="ModelRelief.Test.Integration.Projects.ProjectsBaseIntegrationTests" name="Delete_TargetModelIsDeleted" /></UnitTest><UnitTest name="Put_CanUpdateModel" storage="d:\users\steve knipmeyer\documents\github\modelrelief\modelrelief.test\bin\debug\netcoreapp2.0\modelrelief.test.dll" id="39d85dc0-b520-4499-887b-ea74d8edd6e0"><Execution id="0bde6239-b85a-491c-b82d-c2763921ce46" /><TestMethod codeBase="D:\Users\Steve Knipmeyer\Documents\GitHub\ModelRelief\ModelRelief.test\bin\Debug\netcoreapp2.0\ModelRelief.Test.dll" adapterTypeName="executor://xunit/VsTestRunner2/netcoreapp" className="ModelRelief.Test.Integration.Projects.ProjectsBaseIntegrationTests" name="Put_CanUpdateModel" /></UnitTest><UnitTest name="PutFile_NewFileCanBePut" storage="d:\users\steve knipmeyer\documents\github\modelrelief\modelrelief.test\bin\debug\netcoreapp2.0\modelrelief.test.dll" id="0c2b84b9-fe8e-490a-807d-487c02cf6cfe"><Execution id="ba2d33cb-b2cf-43ff-93ae-6640e295f8a8" /><TestMethod codeBase="D:\Users\Steve Knipmeyer\Documents\GitHub\ModelRelief\ModelRelief.test\bin\Debug\netcoreapp2.0\ModelRelief.Test.dll" adapterTypeName="executor://xunit/VsTestRunner2/netcoreapp" className="ModelRelief.Test.Integration.Models.ModelsFileIntegrationTests" name="PutFile_NewFileCanBePut" /></UnitTest><UnitTest name="Put_InvalidReferencePropertyReturndBadRequest" storage="d:\users\steve knipmeyer\documents\github\modelrelief\modelrelief.test\bin\debug\netcoreapp2.0\modelrelief.test.dll" id="992762bf-7821-4871-b9fc-859efe875f21"><Execution id="48cd5dfe-8f00-4af8-ad31-a0fdb299c7f0" /><TestMethod codeBase="D:\Users\Steve Knipmeyer\Documents\GitHub\ModelRelief\ModelRelief.test\bin\Debug\netcoreapp2.0\ModelRelief.Test.dll" adapterTypeName="executor://xunit/VsTestRunner2/netcoreapp" className="ModelRelief.Test.Integration.DepthBuffers.DepthBuffersBaseIntegrationTests" name="Put_InvalidReferencePropertyReturndBadRequest" /></UnitTest><UnitTest name="GetSingle_InvalidIdPropertyValueReturnsNotFound" storage="d:\users\steve knipmeyer\documents\github\modelrelief\modelrelief.test\bin\debug\netcoreapp2.0\modelrelief.test.dll" id="c96913a6-1e80-45c7-b129-4526540cccac"><Execution id="6f0e8796-c321-4c90-a4b8-d33bb436fc7d" /><TestMethod codeBase="D:\Users\Steve Knipmeyer\Documents\GitHub\ModelRelief\ModelRelief.test\bin\Debug\netcoreapp2.0\ModelRelief.Test.dll" adapterTypeName="executor://xunit/VsTestRunner2/netcoreapp" className="ModelRelief.Test.Integration.Projects.ProjectsBaseIntegrationTests" name="GetSingle_InvalidIdPropertyValueReturnsNotFound" /></UnitTest><UnitTest name="Put_ValidReferencePropertyUpdatesModel" storage="d:\users\steve knipmeyer\documents\github\modelrelief\modelrelief.test\bin\debug\netcoreapp2.0\modelrelief.test.dll" id="21c8848b-438f-496c-9d1f-0084d2aa2c6e"><Execution id="0de17bc7-1a4c-49fc-b76a-cb7bb3238ba5" /><TestMethod codeBase="D:\Users\Steve Knipmeyer\Documents\GitHub\ModelRelief\ModelRelief.test\bin\Debug\netcoreapp2.0\ModelRelief.Test.dll" adapterTypeName="executor://xunit/VsTestRunner2/netcoreapp" className="ModelRelief.Test.Integration.Projects.ProjectsBaseIntegrationTests" name="Put_ValidReferencePropertyUpdatesModel" /></UnitTest><UnitTest name="Put_CanUpdateModel" storage="d:\users\steve knipmeyer\documents\github\modelrelief\modelrelief.test\bin\debug\netcoreapp2.0\modelrelief.test.dll" id="ccbf6f35-f847-4803-a0ee-b40e2769b11a"><Execution id="2ca361a9-6835-4473-af9e-3386f879677b" /><TestMethod codeBase="D:\Users\Steve Knipmeyer\Documents\GitHub\ModelRelief\ModelRelief.test\bin\Debug\netcoreapp2.0\ModelRelief.Test.dll" adapterTypeName="executor://xunit/VsTestRunner2/netcoreapp" className="ModelRelief.Test.Integration.Meshes.MeshesBaseIntegrationTests" name="Put_CanUpdateModel" /></UnitTest><UnitTest name="PostFile_FileTimeStampIsUpdatedAfterFileIsPosted" storage="d:\users\steve knipmeyer\documents\github\modelrelief\modelrelief.test\bin\debug\netcoreapp2.0\modelrelief.test.dll" id="e998f349-4aef-4a7e-8d15-2d53f9fc477c"><Execution id="d5e06b21-d9d2-4916-9339-4b577bc7919b" /><TestMethod codeBase="D:\Users\Steve Knipmeyer\Documents\GitHub\ModelRelief\ModelRelief.test\bin\Debug\netcoreapp2.0\ModelRelief.Test.dll" adapterTypeName="executor://xunit/VsTestRunner2/netcoreapp" className="ModelRelief.Test.Integration.DepthBuffers.DepthBuffersFileIntegrationTests" name="PostFile_FileTimeStampIsUpdatedAfterFileIsPosted" /></UnitTest><UnitTest name="Post_InvalidPropertyValueReturnsBadRequest" storage="d:\users\steve knipmeyer\documents\github\modelrelief\modelrelief.test\bin\debug\netcoreapp2.0\modelrelief.test.dll" id="fa4c527c-ee36-46de-a5cf-67d2d2865a8f"><Execution id="2c02e464-e097-4053-a641-7f5d3e36b4f5" /><TestMethod codeBase="D:\Users\Steve Knipmeyer\Documents\GitHub\ModelRelief\ModelRelief.test\bin\Debug\netcoreapp2.0\ModelRelief.Test.dll" adapterTypeName="executor://xunit/VsTestRunner2/netcoreapp" className="ModelRelief.Test.Integration.Meshes.MeshesBaseIntegrationTests" name="Post_InvalidPropertyValueReturnsBadRequest" /></UnitTest><UnitTest name="Post_CanCreateNewModel" storage="d:\users\steve knipmeyer\documents\github\modelrelief\modelrelief.test\bin\debug\netcoreapp2.0\modelrelief.test.dll" id="c0cf7b43-2179-4e7f-be0d-296dad19e174"><Execution id="dbd4f010-2947-4043-beb3-82112fee6a32" /><TestMethod codeBase="D:\Users\Steve Knipmeyer\Documents\GitHub\ModelRelief\ModelRelief.test\bin\Debug\netcoreapp2.0\ModelRelief.Test.dll" adapterTypeName="executor://xunit/VsTestRunner2/netcoreapp" className="ModelRelief.Test.Integration.Meshes.MeshesBaseIntegrationTests" name="Post_CanCreateNewModel" /></UnitTest><UnitTest name="LucyModel3dHasTwoDependents" storage="d:\users\steve knipmeyer\documents\github\modelrelief\modelrelief.test\bin\debug\netcoreapp2.0\modelrelief.test.dll" id="8d1e684d-8dd0-400c-963c-7c0a27379933"><Execution id="3e19535e-cd82-4f53-95fe-15313ff9ee21" /><TestMethod codeBase="D:\Users\Steve Knipmeyer\Documents\GitHub\ModelRelief\ModelRelief.test\bin\Debug\netcoreapp2.0\ModelRelief.Test.dll" adapterTypeName="executor://xunit/VsTestRunner2/netcoreapp" className="ModelRelief.Test.Unit.DependencyManager.DependencyManagerTests" name="LucyModel3dHasTwoDependents" /></UnitTest><UnitTest name="Patch_InvalidPropertyNameReturnsBadRequest" storage="d:\users\steve knipmeyer\documents\github\modelrelief\modelrelief.test\bin\debug\netcoreapp2.0\modelrelief.test.dll" id="ddc02b9a-4270-483a-b3cb-173fcc2ffd6e"><Execution id="b3ae3a90-1123-4aa8-a1b0-b776035f1886" /><TestMethod codeBase="D:\Users\Steve Knipmeyer\Documents\GitHub\ModelRelief\ModelRelief.test\bin\Debug\netcoreapp2.0\ModelRelief.Test.dll" adapterTypeName="executor://xunit/VsTestRunner2/netcoreapp" className="ModelRelief.Test.Integration.Projects.ProjectsBaseIntegrationTests" name="Patch_InvalidPropertyNameReturnsBadRequest" /></UnitTest><UnitTest name="DepthBufferHasExpectedDependentFiles" storage="d:\users\steve knipmeyer\documents\github\modelrelief\modelrelief.test\bin\debug\netcoreapp2.0\modelrelief.test.dll" id="d4d1c4a9-0336-4644-96aa-684860220222"><Execution id="39a27c29-f4a6-49ee-9cfa-3d79bbd93422" /><TestMethod codeBase="D:\Users\Steve Knipmeyer\Documents\GitHub\ModelRelief\ModelRelief.test\bin\Debug\netcoreapp2.0\ModelRelief.Test.dll" adapterTypeName="executor://xunit/VsTestRunner2/netcoreapp" className="ModelRelief.Test.Unit.DependencyManager.DependencyManagerTests" name="DepthBufferHasExpectedDependentFiles" /></UnitTest><UnitTest name="Patch_ValidReferencePropertyUpdatesModel" storage="d:\users\steve knipmeyer\documents\github\modelrelief\modelrelief.test\bin\debug\netcoreapp2.0\modelrelief.test.dll" id="cd70afeb-ab26-47b4-b0c7-823ac964b9eb"><Execution id="9c555cd9-4a84-46e8-8ef4-e9a3be89bcb7" /><TestMethod codeBase="D:\Users\Steve Knipmeyer\Documents\GitHub\ModelRelief\ModelRelief.test\bin\Debug\netcoreapp2.0\ModelRelief.Test.dll" adapterTypeName="executor://xunit/VsTestRunner2/netcoreapp" className="ModelRelief.Test.Integration.Projects.ProjectsBaseIntegrationTests" name="Patch_ValidReferencePropertyUpdatesModel" /></UnitTest><UnitTest name="Patch_TargetPropertyIsUpdated" storage="d:\users\steve knipmeyer\documents\github\modelrelief\modelrelief.test\bin\debug\netcoreapp2.0\modelrelief.test.dll" id="97db989e-a796-4e55-95a8-8a743025f9f9"><Execution id="ee997ead-25e5-4e7f-8d07-b3b0ff20280c" /><TestMethod codeBase="D:\Users\Steve Knipmeyer\Documents\GitHub\ModelRelief\ModelRelief.test\bin\Debug\netcoreapp2.0\ModelRelief.Test.dll" adapterTypeName="executor://xunit/VsTestRunner2/netcoreapp" className="ModelRelief.Test.Integration.MeshTransforms.MeshTransformsBaseIntegrationTests" name="Patch_TargetPropertyIsUpdated" /></UnitTest><UnitTest name="Post_ValidReferencePropertyCreatesModel" storage="d:\users\steve knipmeyer\documents\github\modelrelief\modelrelief.test\bin\debug\netcoreapp2.0\modelrelief.test.dll" id="5fdde9b2-adfe-4006-b5a9-ef48730a384f"><Execution id="f97d7af3-6e27-40d4-9b3b-3790e85c4b11" /><TestMethod codeBase="D:\Users\Steve Knipmeyer\Documents\GitHub\ModelRelief\ModelRelief.test\bin\Debug\netcoreapp2.0\ModelRelief.Test.dll" adapterTypeName="executor://xunit/VsTestRunner2/netcoreapp" className="ModelRelief.Test.Integration.Projects.ProjectsBaseIntegrationTests" name="Post_ValidReferencePropertyCreatesModel" /></UnitTest><UnitTest name="Post_InvalidReferencePropertyReturnsBadRequest" storage="d:\users\steve knipmeyer\documents\github\modelrelief\modelrelief.test\bin\debug\netcoreapp2.0\modelrelief.test.dll" id="7c66f9cb-2ecb-488d-b4c0-f1d5927d838e"><Execution id="57f1c1d0-1ca3-4d8b-8114-5984a3546000" /><TestMethod codeBase="D:\Users\Steve Knipmeyer\Documents\GitHub\ModelRelief\ModelRelief.test\bin\Debug\netcoreapp2.0\ModelRelief.Test.dll" adapterTypeName="executor://xunit/VsTestRunner2/netcoreapp" className="ModelRelief.Test.Integration.Projects.ProjectsBaseIntegrationTests" name="Post_InvalidReferencePropertyReturnsBadRequest" /></UnitTest><UnitTest name="PostFile_FileTimeStampIsUpdatedAfterFileIsPosted" storage="d:\users\steve knipmeyer\documents\github\modelrelief\modelrelief.test\bin\debug\netcoreapp2.0\modelrelief.test.dll" id="3fadfd00-f169-4891-96dd-1e8630d34ffa"><Execution id="1ab45d52-e46e-4507-b480-0cec34a95959" /><TestMethod codeBase="D:\Users\Steve Knipmeyer\Documents\GitHub\ModelRelief\ModelRelief.test\bin\Debug\netcoreapp2.0\ModelRelief.Test.dll" adapterTypeName="executor://xunit/VsTestRunner2/netcoreapp" className="ModelRelief.Test.Integration.Meshes.MeshesFileIntegrationTests" name="PostFile_FileTimeStampIsUpdatedAfterFileIsPosted" /></UnitTest><UnitTest name="Patch_TargetPropertyIsUpdated" storage="d:\users\steve knipmeyer\documents\github\modelrelief\modelrelief.test\bin\debug\netcoreapp2.0\modelrelief.test.dll" id="19306dbe-ea58-4088-b218-86b6d64ab68f"><Execution id="63fe29c4-1671-4c5c-bce8-f6a16a7a703e" /><TestMethod codeBase="D:\Users\Steve Knipmeyer\Documents\GitHub\ModelRelief\ModelRelief.test\bin\Debug\netcoreapp2.0\ModelRelief.Test.dll" adapterTypeName="executor://xunit/VsTestRunner2/netcoreapp" className="ModelRelief.Test.Integration.DepthBuffers.DepthBuffersBaseIntegrationTests" name="Patch_TargetPropertyIsUpdated" /></UnitTest><UnitTest name="Put_ValidReferencePropertyUpdatesModel" storage="d:\users\steve knipmeyer\documents\github\modelrelief\modelrelief.test\bin\debug\netcoreapp2.0\modelrelief.test.dll" id="20f9235a-bc15-4a73-adc6-22c99fd83465"><Execution id="3b887a5e-2239-489b-9f00-041ba5cbf5aa" /><TestMethod codeBase="D:\Users\Steve Knipmeyer\Documents\GitHub\ModelRelief\ModelRelief.test\bin\Debug\netcoreapp2.0\ModelRelief.Test.dll" adapterTypeName="executor://xunit/VsTestRunner2/netcoreapp" className="ModelRelief.Test.Integration.MeshTransforms.MeshTransformsBaseIntegrationTests" name="Put_ValidReferencePropertyUpdatesModel" /></UnitTest><UnitTest name="Put_InvalidIdReturnsNotFound" storage="d:\users\steve knipmeyer\documents\github\modelrelief\modelrelief.test\bin\debug\netcoreapp2.0\modelrelief.test.dll" id="2cb396ab-5701-4bef-a87c-e765d13a9db6"><Execution id="247e3476-1ef6-4911-b238-0a25e76abc2f" /><TestMethod codeBase="D:\Users\Steve Knipmeyer\Documents\GitHub\ModelRelief\ModelRelief.test\bin\Debug\netcoreapp2.0\ModelRelief.Test.dll" adapterTypeName="executor://xunit/VsTestRunner2/netcoreapp" className="ModelRelief.Test.Integration.Models.ModelsBaseIntegrationTests" name="Put_InvalidIdReturnsNotFound" /></UnitTest><UnitTest name="Model3dHasExpectedDependentFiles" storage="d:\users\steve knipmeyer\documents\github\modelrelief\modelrelief.test\bin\debug\netcoreapp2.0\modelrelief.test.dll" id="d568cc5b-0378-4e93-87af-8a1563c91e06"><Execution id="5a96357b-4231-43dc-a0e0-f3f099f363ef" /><TestMethod codeBase="D:\Users\Steve Knipmeyer\Documents\GitHub\ModelRelief\ModelRelief.test\bin\Debug\netcoreapp2.0\ModelRelief.Test.dll" adapterTypeName="executor://xunit/VsTestRunner2/netcoreapp" className="ModelRelief.Test.Unit.DependencyManager.DependencyManagerTests" name="Model3dHasExpectedDependentFiles" /></UnitTest><UnitTest name="Put_InvalidReferencePropertyReturndBadRequest" storage="d:\users\steve knipmeyer\documents\github\modelrelief\modelrelief.test\bin\debug\netcoreapp2.0\modelrelief.test.dll" id="a745a96f-1f7d-4afa-b06d-31532c9452b8"><Execution id="48a16f04-93f0-44fb-b609-9a2040ace925" /><TestMethod codeBase="D:\Users\Steve Knipmeyer\Documents\GitHub\ModelRelief\ModelRelief.test\bin\Debug\netcoreapp2.0\ModelRelief.Test.dll" adapterTypeName="executor://xunit/VsTestRunner2/netcoreapp" className="ModelRelief.Test.Integration.Meshes.MeshesBaseIntegrationTests" name="Put_InvalidReferencePropertyReturndBadRequest" /></UnitTest><UnitTest name="Put_InvalidReferencePropertyReturndBadRequest" storage="d:\users\steve knipmeyer\documents\github\modelrelief\modelrelief.test\bin\debug\netcoreapp2.0\modelrelief.test.dll" id="cc05c54e-c201-4995-ae28-0a1c5e6cc1a0"><Execution id="7e453cd5-124a-4897-9538-d7ad33f87894" /><TestMethod codeBase="D:\Users\Steve Knipmeyer\Documents\GitHub\ModelRelief\ModelRelief.test\bin\Debug\netcoreapp2.0\ModelRelief.Test.dll" adapterTypeName="executor://xunit/VsTestRunner2/netcoreapp" className="ModelRelief.Test.Integration.Projects.ProjectsBaseIntegrationTests" name="Put_InvalidReferencePropertyReturndBadRequest" /></UnitTest><UnitTest name="MeshTransformHasExpectedDependentFiles" storage="d:\users\steve knipmeyer\documents\github\modelrelief\modelrelief.test\bin\debug\netcoreapp2.0\modelrelief.test.dll" id="210f0411-0d8f-41e5-944b-b40f217f2abc"><Execution id="a7b3946a-4537-48a6-a406-67c593f3e3ba" /><TestMethod codeBase="D:\Users\Steve Knipmeyer\Documents\GitHub\ModelRelief\ModelRelief.test\bin\Debug\netcoreapp2.0\ModelRelief.Test.dll" adapterTypeName="executor://xunit/VsTestRunner2/netcoreapp" className="ModelRelief.Test.Unit.DependencyManager.DependencyManagerTests" name="MeshTransformHasExpectedDependentFiles" /></UnitTest><UnitTest name="PostFile_NewFileCanBePosted" storage="d:\users\steve knipmeyer\documents\github\modelrelief\modelrelief.test\bin\debug\netcoreapp2.0\modelrelief.test.dll" id="e15a8165-1a1e-4332-83ec-6578fcc87908"><Execution id="8e69c5a4-1a13-4ed4-b41a-d7a85c0419e3" /><TestMethod codeBase="D:\Users\Steve Knipmeyer\Documents\GitHub\ModelRelief\ModelRelief.test\bin\Debug\netcoreapp2.0\ModelRelief.Test.dll" adapterTypeName="executor://xunit/VsTestRunner2/netcoreapp" className="ModelRelief.Test.Integration.Models.ModelsFileIntegrationTests" name="PostFile_NewFileCanBePosted" /></UnitTest><UnitTest name="Patch_InvalidPropertyNameReturnsBadRequest" storage="d:\users\steve knipmeyer\documents\github\modelrelief\modelrelief.test\bin\debug\netcoreapp2.0\modelrelief.test.dll" id="aabe9eb1-15aa-458c-b187-63dff42b5c5f"><Execution id="5b993ad2-86bc-45f3-b31f-2bacae9d7c70" /><TestMethod codeBase="D:\Users\Steve Knipmeyer\Documents\GitHub\ModelRelief\ModelRelief.test\bin\Debug\netcoreapp2.0\ModelRelief.Test.dll" adapterTypeName="executor://xunit/VsTestRunner2/netcoreapp" className="ModelRelief.Test.Integration.Models.ModelsBaseIntegrationTests" name="Patch_InvalidPropertyNameReturnsBadRequest" /></UnitTest><UnitTest name="Post_InvalidPropertyValueReturnsBadRequest" storage="d:\users\steve knipmeyer\documents\github\modelrelief\modelrelief.test\bin\debug\netcoreapp2.0\modelrelief.test.dll" id="52fa6c55-93bf-4b72-a1f6-7550f6539ebf"><Execution id="263166e7-c62e-4e4c-9775-a059d445d46f" /><TestMethod codeBase="D:\Users\Steve Knipmeyer\Documents\GitHub\ModelRelief\ModelRelief.test\bin\Debug\netcoreapp2.0\ModelRelief.Test.dll" adapterTypeName="executor://xunit/VsTestRunner2/netcoreapp" className="ModelRelief.Test.Integration.MeshTransforms.MeshTransformsBaseIntegrationTests" name="Post_InvalidPropertyValueReturnsBadRequest" /></UnitTest><UnitTest name="GetFile_FileCanBeRoundTripped" storage="d:\users\steve knipmeyer\documents\github\modelrelief\modelrelief.test\bin\debug\netcoreapp2.0\modelrelief.test.dll" id="04c1d233-e9ba-4dfe-93c1-4f19e96c52c3"><Execution id="1f355f5a-ce3d-48f9-9b6d-3d998e7c1c4c" /><TestMethod codeBase="D:\Users\Steve Knipmeyer\Documents\GitHub\ModelRelief\ModelRelief.test\bin\Debug\netcoreapp2.0\ModelRelief.Test.dll" adapterTypeName="executor://xunit/VsTestRunner2/netcoreapp" className="ModelRelief.Test.Integration.DepthBuffers.DepthBuffersFileIntegrationTests" name="GetFile_FileCanBeRoundTripped" /></UnitTest><UnitTest name="Put_InvalidIdReturnsNotFound" storage="d:\users\steve knipmeyer\documents\github\modelrelief\modelrelief.test\bin\debug\netcoreapp2.0\modelrelief.test.dll" id="ddb37bba-321e-4ad3-81f7-549ea1da7643"><Execution id="194a72a7-9679-44e9-93a5-5b63ec787f8c" /><TestMethod codeBase="D:\Users\Steve Knipmeyer\Documents\GitHub\ModelRelief\ModelRelief.test\bin\Debug\netcoreapp2.0\ModelRelief.Test.dll" adapterTypeName="executor://xunit/VsTestRunner2/netcoreapp" className="ModelRelief.Test.Integration.MeshTransforms.MeshTransformsBaseIntegrationTests" name="Put_InvalidIdReturnsNotFound" /></UnitTest><UnitTest name="GetFile_ExistingFileReturnsSuccess" storage="d:\users\steve knipmeyer\documents\github\modelrelief\modelrelief.test\bin\debug\netcoreapp2.0\modelrelief.test.dll" id="4ba7a26e-9e5f-4009-9d6d-90ad6eab2cc1"><Execution id="4634f0e6-86c5-4613-88c3-621269166377" /><TestMethod codeBase="D:\Users\Steve Knipmeyer\Documents\GitHub\ModelRelief\ModelRelief.test\bin\Debug\netcoreapp2.0\ModelRelief.Test.dll" adapterTypeName="executor://xunit/VsTestRunner2/netcoreapp" className="ModelRelief.Test.Integration.Meshes.MeshesFileIntegrationTests" name="GetFile_ExistingFileReturnsSuccess" /></UnitTest><UnitTest name="Patch_TargetPropertyIsUpdated" storage="d:\users\steve knipmeyer\documents\github\modelrelief\modelrelief.test\bin\debug\netcoreapp2.0\modelrelief.test.dll" id="b3aeaa89-4a8c-46aa-8e43-c4054d92aa1f"><Execution id="9ebabef4-a1c7-4e77-b2a5-040c246b4753" /><TestMethod codeBase="D:\Users\Steve Knipmeyer\Documents\GitHub\ModelRelief\ModelRelief.test\bin\Debug\netcoreapp2.0\ModelRelief.Test.dll" adapterTypeName="executor://xunit/VsTestRunner2/netcoreapp" className="ModelRelief.Test.Integration.Meshes.MeshesBaseIntegrationTests" name="Patch_TargetPropertyIsUpdated" /></UnitTest><UnitTest name="GetList_ListReturnsCorrectCount" storage="d:\users\steve knipmeyer\documents\github\modelrelief\modelrelief.test\bin\debug\netcoreapp2.0\modelrelief.test.dll" id="85c73016-e629-41d5-95df-83007659280c"><Execution id="68d44e9b-0fe0-42cf-a9cb-ddf1b8aafb04" /><TestMethod codeBase="D:\Users\Steve Knipmeyer\Documents\GitHub\ModelRelief\ModelRelief.test\bin\Debug\netcoreapp2.0\ModelRelief.Test.dll" adapterTypeName="executor://xunit/VsTestRunner2/netcoreapp" className="ModelRelief.Test.Integration.DepthBuffers.DepthBuffersBaseIntegrationTests" name="GetList_ListReturnsCorrectCount" /></UnitTest><UnitTest name="Post_ValidReferencePropertyCreatesModel" storage="d:\users\steve knipmeyer\documents\github\modelrelief\modelrelief.test\bin\debug\netcoreapp2.0\modelrelief.test.dll" id="4a47d1b1-7033-4e6f-9477-fb390f2baec8"><Execution id="f8755951-b838-48cb-a5bb-37d5e4d1faec" /><TestMethod codeBase="D:\Users\Steve Knipmeyer\Documents\GitHub\ModelRelief\ModelRelief.test\bin\Debug\netcoreapp2.0\ModelRelief.Test.dll" adapterTypeName="executor://xunit/VsTestRunner2/netcoreapp" className="ModelRelief.Test.Integration.DepthBuffers.DepthBuffersBaseIntegrationTests" name="Post_ValidReferencePropertyCreatesModel" /></UnitTest><UnitTest name="FileRequest_DepthBufferIsInvalidatedAfterCameraDependencyPropertyChange" storage="d:\users\steve knipmeyer\documents\github\modelrelief\modelrelief.test\bin\debug\netcoreapp2.0\modelrelief.test.dll" id="17bf3be4-9d1d-4a89-8333-3e773541e48a"><Execution id="f1ed95e5-cd56-43ee-a81e-7db1d5969d7a" /><TestMethod codeBase="D:\Users\Steve Knipmeyer\Documents\GitHub\ModelRelief\ModelRelief.test\bin\Debug\netcoreapp2.0\ModelRelief.Test.dll" adapterTypeName="executor://xunit/VsTestRunner2/netcoreapp" className="ModelRelief.Test.Integration.DepthBuffers.DepthBuffersFileIntegrationTests" name="FileRequest_DepthBufferIsInvalidatedAfterCameraDependencyPropertyChange" /></UnitTest><UnitTest name="Post_CanCreateNewModel" storage="d:\users\steve knipmeyer\documents\github\modelrelief\modelrelief.test\bin\debug\netcoreapp2.0\modelrelief.test.dll" id="6d65944c-3baf-48eb-9e7c-5b6588215c1a"><Execution id="3e94cdfa-fdbd-4fdd-9920-cd999927cd83" /><TestMethod codeBase="D:\Users\Steve Knipmeyer\Documents\GitHub\ModelRelief\ModelRelief.test\bin\Debug\netcoreapp2.0\ModelRelief.Test.dll" adapterTypeName="executor://xunit/VsTestRunner2/netcoreapp" className="ModelRelief.Test.Integration.MeshTransforms.MeshTransformsBaseIntegrationTests" name="Post_CanCreateNewModel" /></UnitTest><UnitTest name="GetFile_NonExistentFileReturnsNotFound" storage="d:\users\steve knipmeyer\documents\github\modelrelief\modelrelief.test\bin\debug\netcoreapp2.0\modelrelief.test.dll" id="f4ef82f0-2bca-473f-9b68-e9ff74ada525"><Execution id="3ef4ec91-698a-410a-9150-1c6eda33cc95" /><TestMethod codeBase="D:\Users\Steve Knipmeyer\Documents\GitHub\ModelRelief\ModelRelief.test\bin\Debug\netcoreapp2.0\ModelRelief.Test.dll" adapterTypeName="executor://xunit/VsTestRunner2/netcoreapp" className="ModelRelief.Test.Integration.Meshes.MeshesFileIntegrationTests" name="GetFile_NonExistentFileReturnsNotFound" /></UnitTest><UnitTest name="PostFile_FileIsSynchronizedIsUpdatedAfterFileIsPosted" storage="d:\users\steve knipmeyer\documents\github\modelrelief\modelrelief.test\bin\debug\netcoreapp2.0\modelrelief.test.dll" id="b35b4b1d-d554-4158-bbad-acf0155860fe"><Execution id="bfa11ce8-e851-4244-bdb7-4f28ac7b7d08" /><TestMethod codeBase="D:\Users\Steve Knipmeyer\Documents\GitHub\ModelRelief\ModelRelief.test\bin\Debug\netcoreapp2.0\ModelRelief.Test.dll" adapterTypeName="executor://xunit/VsTestRunner2/netcoreapp" className="ModelRelief.Test.Integration.DepthBuffers.DepthBuffersFileIntegrationTests" name="PostFile_FileIsSynchronizedIsUpdatedAfterFileIsPosted" /></UnitTest><UnitTest name="GetFile_NonExistentFileReturnsNotFound" storage="d:\users\steve knipmeyer\documents\github\modelrelief\modelrelief.test\bin\debug\netcoreapp2.0\modelrelief.test.dll" id="a45b417d-5fb8-45cc-8328-5516a5773adf"><Execution id="f48561ac-874b-4554-bc89-f4458f64584d" /><TestMethod codeBase="D:\Users\Steve Knipmeyer\Documents\GitHub\ModelRelief\ModelRelief.test\bin\Debug\netcoreapp2.0\ModelRelief.Test.dll" adapterTypeName="executor://xunit/VsTestRunner2/netcoreapp" className="ModelRelief.Test.Integration.Models.ModelsFileIntegrationTests" name="GetFile_NonExistentFileReturnsNotFound" /></UnitTest><UnitTest name="Patch_InvalidIdPropertyReturnsNotFound" storage="d:\users\steve knipmeyer\documents\github\modelrelief\modelrelief.test\bin\debug\netcoreapp2.0\modelrelief.test.dll" id="710e0e58-9f48-4d51-b7c6-776925d234bc"><Execution id="a008dbbb-d143-43c5-b19a-3257917d8ad2" /><TestMethod codeBase="D:\Users\Steve Knipmeyer\Documents\GitHub\ModelRelief\ModelRelief.test\bin\Debug\netcoreapp2.0\ModelRelief.Test.dll" adapterTypeName="executor://xunit/VsTestRunner2/netcoreapp" className="ModelRelief.Test.Integration.Cameras.CamerasBaseIntegrationTests" name="Patch_InvalidIdPropertyReturnsNotFound" /></UnitTest><UnitTest name="Post_CanCreateNewModel" storage="d:\users\steve knipmeyer\documents\github\modelrelief\modelrelief.test\bin\debug\netcoreapp2.0\modelrelief.test.dll" id="183b9e2c-188b-4a18-92c2-b6a6b18a9e4b"><Execution id="e1f19041-31c7-43d6-b207-a52b51b90f9c" /><TestMethod codeBase="D:\Users\Steve Knipmeyer\Documents\GitHub\ModelRelief\ModelRelief.test\bin\Debug\netcoreapp2.0\ModelRelief.Test.dll" adapterTypeName="executor://xunit/VsTestRunner2/netcoreapp" className="ModelRelief.Test.Integration.Cameras.CamerasBaseIntegrationTests" name="Post_CanCreateNewModel" /></UnitTest><UnitTest name="Patch_TargetPropertyIsUpdated" storage="d:\users\steve knipmeyer\documents\github\modelrelief\modelrelief.test\bin\debug\netcoreapp2.0\modelrelief.test.dll" id="c75a0cd7-75d3-4c22-82fd-7d1dc74390b4"><Execution id="c41636b2-7f12-4e0b-aae4-b8b4f2350191" /><TestMethod codeBase="D:\Users\Steve Knipmeyer\Documents\GitHub\ModelRelief\ModelRelief.test\bin\Debug\netcoreapp2.0\ModelRelief.Test.dll" adapterTypeName="executor://xunit/VsTestRunner2/netcoreapp" className="ModelRelief.Test.Integration.Projects.ProjectsBaseIntegrationTests" name="Patch_TargetPropertyIsUpdated" /></UnitTest><UnitTest name="Post_InvalidPropertyValueReturnsBadRequest" storage="d:\users\steve knipmeyer\documents\github\modelrelief\modelrelief.test\bin\debug\netcoreapp2.0\modelrelief.test.dll" id="cdf2d8f4-3c77-4cf1-960b-1ea87559ff8c"><Execution id="6b9cfa95-44d5-4524-a665-ddeb64682b1d" /><TestMethod codeBase="D:\Users\Steve Knipmeyer\Documents\GitHub\ModelRelief\ModelRelief.test\bin\Debug\netcoreapp2.0\ModelRelief.Test.dll" adapterTypeName="executor://xunit/VsTestRunner2/netcoreapp" className="ModelRelief.Test.Integration.Projects.ProjectsBaseIntegrationTests" name="Post_InvalidPropertyValueReturnsBadRequest" /></UnitTest><UnitTest name="PostFile_FileIsSynchronizedIsUpdatedAfterFileIsPosted" storage="d:\users\steve knipmeyer\documents\github\modelrelief\modelrelief.test\bin\debug\netcoreapp2.0\modelrelief.test.dll" id="ec0f8e2c-e251-46d2-bc19-d1c841177c44"><Execution id="19fa7dbc-7f7e-435e-90ff-f8c39cb9fb7c" /><TestMethod codeBase="D:\Users\Steve Knipmeyer\Documents\GitHub\ModelRelief\ModelRelief.test\bin\Debug\netcoreapp2.0\ModelRelief.Test.dll" adapterTypeName="executor://xunit/VsTestRunner2/netcoreapp" className="ModelRelief.Test.Integration.Models.ModelsFileIntegrationTests" name="PostFile_FileIsSynchronizedIsUpdatedAfterFileIsPosted" /></UnitTest><UnitTest name="Patch_InvalidEnumPropertyValueReturnsBadRequest" storage="d:\users\steve knipmeyer\documents\github\modelrelief\modelrelief.test\bin\debug\netcoreapp2.0\modelrelief.test.dll" id="980bbcb7-c8dd-412d-ba0f-6c3b469c6979"><Execution id="64875ac8-0e92-4a55-ac88-cda0a6fb2eaf" /><TestMethod codeBase="D:\Users\Steve Knipmeyer\Documents\GitHub\ModelRelief\ModelRelief.test\bin\Debug\netcoreapp2.0\ModelRelief.Test.dll" adapterTypeName="executor://xunit/VsTestRunner2/netcoreapp" className="ModelRelief.Test.Integration.DepthBuffers.DepthBuffersBaseIntegrationTests" name="Patch_InvalidEnumPropertyValueReturnsBadRequest" /></UnitTest><UnitTest name="GetFile_ExistingFileReturnsSuccess" storage="d:\users\steve knipmeyer\documents\github\modelrelief\modelrelief.test\bin\debug\netcoreapp2.0\modelrelief.test.dll" id="9602da21-d29d-4a7e-967d-d86d815e346c"><Execution id="f48dac04-c388-4998-8aba-8b4dc933b1b4" /><TestMethod codeBase="D:\Users\Steve Knipmeyer\Documents\GitHub\ModelRelief\ModelRelief.test\bin\Debug\netcoreapp2.0\ModelRelief.Test.dll" adapterTypeName="executor://xunit/VsTestRunner2/netcoreapp" className="ModelRelief.Test.Integration.DepthBuffers.DepthBuffersFileIntegrationTests" name="GetFile_ExistingFileReturnsSuccess" /></UnitTest><UnitTest name="Patch_InvalidReferencePropertyReturnsBadRequest" storage="d:\users\steve knipmeyer\documents\github\modelrelief\modelrelief.test\bin\debug\netcoreapp2.0\modelrelief.test.dll" id="99dc2106-f541-4151-aa23-148657f957b5"><Execution id="bd3805bf-ed4b-46a5-9c5d-e4f6561a31b3" /><TestMethod codeBase="D:\Users\Steve Knipmeyer\Documents\GitHub\ModelRelief\ModelRelief.test\bin\Debug\netcoreapp2.0\ModelRelief.Test.dll" adapterTypeName="executor://xunit/VsTestRunner2/netcoreapp" className="ModelRelief.Test.Integration.MeshTransforms.MeshTransformsBaseIntegrationTests" name="Patch_InvalidReferencePropertyReturnsBadRequest" /></UnitTest><UnitTest name="Post_CanCreateNewModel" storage="d:\users\steve knipmeyer\documents\github\modelrelief\modelrelief.test\bin\debug\netcoreapp2.0\modelrelief.test.dll" id="eac26248-1e4a-40b3-87b2-35be5b3fadba"><Execution id="c8538136-8062-4fe7-b4b4-1c9b2b08c15a" /><TestMethod codeBase="D:\Users\Steve Knipmeyer\Documents\GitHub\ModelRelief\ModelRelief.test\bin\Debug\netcoreapp2.0\ModelRelief.Test.dll" adapterTypeName="executor://xunit/VsTestRunner2/netcoreapp" className="ModelRelief.Test.Integration.Models.ModelsBaseIntegrationTests" name="Post_CanCreateNewModel" /></UnitTest><UnitTest name="Patch_InvalidReferencePropertyReturnsBadRequest" storage="d:\users\steve knipmeyer\documents\github\modelrelief\modelrelief.test\bin\debug\netcoreapp2.0\modelrelief.test.dll" id="00cd3dbe-64f7-4e6d-a0e3-a7d4844325e6"><Execution id="b2ed8324-29c5-4c82-a477-dae7a12916a7" /><TestMethod codeBase="D:\Users\Steve Knipmeyer\Documents\GitHub\ModelRelief\ModelRelief.test\bin\Debug\netcoreapp2.0\ModelRelief.Test.dll" adapterTypeName="executor://xunit/VsTestRunner2/netcoreapp" className="ModelRelief.Test.Integration.DepthBuffers.DepthBuffersBaseIntegrationTests" name="Patch_InvalidReferencePropertyReturnsBadRequest" /></UnitTest><UnitTest name="Post_InvalidReferencePropertyReturnsBadRequest" storage="d:\users\steve knipmeyer\documents\github\modelrelief\modelrelief.test\bin\debug\netcoreapp2.0\modelrelief.test.dll" id="d7689a9d-ab09-4519-837d-dff6fa118c59"><Execution id="ab4d64cd-ed93-452f-b114-3a20a0495396" /><TestMethod codeBase="D:\Users\Steve Knipmeyer\Documents\GitHub\ModelRelief\ModelRelief.test\bin\Debug\netcoreapp2.0\ModelRelief.Test.dll" adapterTypeName="executor://xunit/VsTestRunner2/netcoreapp" className="ModelRelief.Test.Integration.Models.ModelsBaseIntegrationTests" name="Post_InvalidReferencePropertyReturnsBadRequest" /></UnitTest><UnitTest name="Post_ValidReferencePropertyCreatesModel" storage="d:\users\steve knipmeyer\documents\github\modelrelief\modelrelief.test\bin\debug\netcoreapp2.0\modelrelief.test.dll" id="71db20be-4f09-4b94-850a-18f8d36bb5ea"><Execution id="99682976-d6ba-4d74-9c5f-5e6529421d4e" /><TestMethod codeBase="D:\Users\Steve Knipmeyer\Documents\GitHub\ModelRelief\ModelRelief.test\bin\Debug\netcoreapp2.0\ModelRelief.Test.dll" adapterTypeName="executor://xunit/VsTestRunner2/netcoreapp" className="ModelRelief.Test.Integration.Models.ModelsBaseIntegrationTests" name="Post_ValidReferencePropertyCreatesModel" /></UnitTest><UnitTest name="GetSingle_InvalidIdPropertyValueReturnsNotFound" storage="d:\users\steve knipmeyer\documents\github\modelrelief\modelrelief.test\bin\debug\netcoreapp2.0\modelrelief.test.dll" id="cc08330a-b9b5-4569-88f5-ccbdb9aafc5f"><Execution id="363b48bb-5403-4f6e-aca6-2b46875c497b" /><TestMethod codeBase="D:\Users\Steve Knipmeyer\Documents\GitHub\ModelRelief\ModelRelief.test\bin\Debug\netcoreapp2.0\ModelRelief.Test.dll" adapterTypeName="executor://xunit/VsTestRunner2/netcoreapp" className="ModelRelief.Test.Integration.Models.ModelsBaseIntegrationTests" name="GetSingle_InvalidIdPropertyValueReturnsNotFound" /></UnitTest><UnitTest name="Delete_TargetModelIsDeleted" storage="d:\users\steve knipmeyer\documents\github\modelrelief\modelrelief.test\bin\debug\netcoreapp2.0\modelrelief.test.dll" id="4d2eb518-2d12-4d74-b349-edcedaa2921c"><Execution id="1078e0a1-e69f-484c-8cbe-e4a2de70a87d" /><TestMethod codeBase="D:\Users\Steve Knipmeyer\Documents\GitHub\ModelRelief\ModelRelief.test\bin\Debug\netcoreapp2.0\ModelRelief.Test.dll" adapterTypeName="executor://xunit/VsTestRunner2/netcoreapp" className="ModelRelief.Test.Integration.MeshTransforms.MeshTransformsBaseIntegrationTests" name="Delete_TargetModelIsDeleted" /></UnitTest><UnitTest name="Post_ValidReferencePropertyCreatesModel" storage="d:\users\steve knipmeyer\documents\github\modelrelief\modelrelief.test\bin\debug\netcoreapp2.0\modelrelief.test.dll" id="7f25a94f-0968-4155-8acc-eb4d4e2275a7"><Execution id="f5985839-a928-4b5b-96db-f9f9eafb0e65" /><TestMethod codeBase="D:\Users\Steve Knipmeyer\Documents\GitHub\ModelRelief\ModelRelief.test\bin\Debug\netcoreapp2.0\ModelRelief.Test.dll" adapterTypeName="executor://xunit/VsTestRunner2/netcoreapp" className="ModelRelief.Test.Integration.Meshes.MeshesBaseIntegrationTests" name="Post_ValidReferencePropertyCreatesModel" /></UnitTest><UnitTest name="Post_CanCreateNewModel" storage="d:\users\steve knipmeyer\documents\github\modelrelief\modelrelief.test\bin\debug\netcoreapp2.0\modelrelief.test.dll" id="dec6c9fc-f7a7-4160-8378-1356c3244b3e"><Execution id="df8682cc-dbde-4459-b3db-87de23005f44" /><TestMethod codeBase="D:\Users\Steve Knipmeyer\Documents\GitHub\ModelRelief\ModelRelief.test\bin\Debug\netcoreapp2.0\ModelRelief.Test.dll" adapterTypeName="executor://xunit/VsTestRunner2/netcoreapp" className="ModelRelief.Test.Integration.Projects.ProjectsBaseIntegrationTests" name="Post_CanCreateNewModel" /></UnitTest><UnitTest name="Patch_InvalidPropertyNameReturnsBadRequest" storage="d:\users\steve knipmeyer\documents\github\modelrelief\modelrelief.test\bin\debug\netcoreapp2.0\modelrelief.test.dll" id="c5ca446a-46e1-4c4d-b072-22c3030cf6ca"><Execution id="8b6a3d82-9ee2-4b85-87a8-36b18e112714" /><TestMethod codeBase="D:\Users\Steve Knipmeyer\Documents\GitHub\ModelRelief\ModelRelief.test\bin\Debug\netcoreapp2.0\ModelRelief.Test.dll" adapterTypeName="executor://xunit/VsTestRunner2/netcoreapp" className="ModelRelief.Test.Integration.Cameras.CamerasBaseIntegrationTests" name="Patch_InvalidPropertyNameReturnsBadRequest" /></UnitTest><UnitTest name="CameraHasExpectedDependentFiles" storage="d:\users\steve knipmeyer\documents\github\modelrelief\modelrelief.test\bin\debug\netcoreapp2.0\modelrelief.test.dll" id="417166e0-cb8c-44a4-8c1c-a60616c463a8"><Execution id="ce7fcd74-03e6-4928-894e-d5af037eae31" /><TestMethod codeBase="D:\Users\Steve Knipmeyer\Documents\GitHub\ModelRelief\ModelRelief.test\bin\Debug\netcoreapp2.0\ModelRelief.Test.dll" adapterTypeName="executor://xunit/VsTestRunner2/netcoreapp" className="ModelRelief.Test.Unit.DependencyManager.DependencyManagerTests" name="CameraHasExpectedDependentFiles" /></UnitTest><UnitTest name="LucyCameraFindsAllDependents" storage="d:\users\steve knipmeyer\documents\github\modelrelief\modelrelief.test\bin\debug\netcoreapp2.0\modelrelief.test.dll" id="fa7986da-de65-441b-b5a6-2b8d36b8e526"><Execution id="77143d96-3d69-425c-a309-5d8dcfe57bab" /><TestMethod codeBase="D:\Users\Steve Knipmeyer\Documents\GitHub\ModelRelief\ModelRelief.test\bin\Debug\netcoreapp2.0\ModelRelief.Test.dll" adapterTypeName="executor://xunit/VsTestRunner2/netcoreapp" className="ModelRelief.Test.Unit.DependencyManager.DependencyManagerTests" name="LucyCameraFindsAllDependents" /></UnitTest><UnitTest name="Patch_InvalidIdPropertyReturnsNotFound" storage="d:\users\steve knipmeyer\documents\github\modelrelief\modelrelief.test\bin\debug\netcoreapp2.0\modelrelief.test.dll" id="227becc2-5e3b-4174-a91f-503c3b1a0ee8"><Execution id="351affc8-7049-4462-a9b8-f5546de4e141" /><TestMethod codeBase="D:\Users\Steve Knipmeyer\Documents\GitHub\ModelRelief\ModelRelief.test\bin\Debug\netcoreapp2.0\ModelRelief.Test.dll" adapterTypeName="executor://xunit/VsTestRunner2/netcoreapp" className="ModelRelief.Test.Integration.Meshes.MeshesBaseIntegrationTests" name="Patch_InvalidIdPropertyReturnsNotFound" /></UnitTest><UnitTest name="FileRequest_MeshIsInvalidatedAfterDepthBufferFileBecomesUnsynchronized" storage="d:\users\steve knipmeyer\documents\github\modelrelief\modelrelief.test\bin\debug\netcoreapp2.0\modelrelief.test.dll" id="41c451dc-17d8-4a4e-8067-f675144211e5"><Execution id="1a104dcc-5084-40aa-b2ea-3b57f09c7f03" /><TestMethod codeBase="D:\Users\Steve Knipmeyer\Documents\GitHub\ModelRelief\ModelRelief.test\bin\Debug\netcoreapp2.0\ModelRelief.Test.dll" adapterTypeName="executor://xunit/VsTestRunner2/netcoreapp" className="ModelRelief.Test.Integration.Meshes.MeshesFileIntegrationTests" name="FileRequest_MeshIsInvalidatedAfterDepthBufferFileBecomesUnsynchronized" /></UnitTest><UnitTest name="GetSingle_InvalidIdPropertyValueReturnsNotFound" storage="d:\users\steve knipmeyer\documents\github\modelrelief\modelrelief.test\bin\debug\netcoreapp2.0\modelrelief.test.dll" id="741266c2-c092-476e-be8d-1c04c812cc5c"><Execution id="cd129ae7-da44-40c1-ae0c-3b475625dbe2" /><TestMethod codeBase="D:\Users\Steve Knipmeyer\Documents\GitHub\ModelRelief\ModelRelief.test\bin\Debug\netcoreapp2.0\ModelRelief.Test.dll" adapterTypeName="executor://xunit/VsTestRunner2/netcoreapp" className="ModelRelief.Test.Integration.DepthBuffers.DepthBuffersBaseIntegrationTests" name="GetSingle_InvalidIdPropertyValueReturnsNotFound" /></UnitTest><UnitTest name="Patch_InvalidEnumPropertyValueReturnsBadRequest" storage="d:\users\steve knipmeyer\documents\github\modelrelief\modelrelief.test\bin\debug\netcoreapp2.0\modelrelief.test.dll" id="baa3378c-463c-42d2-aa8c-1a4fc6af87c6"><Execution id="bc5f1f0b-42d6-4cf8-9518-0bfb5130bae7" /><TestMethod codeBase="D:\Users\Steve Knipmeyer\Documents\GitHub\ModelRelief\ModelRelief.test\bin\Debug\netcoreapp2.0\ModelRelief.Test.dll" adapterTypeName="executor://xunit/VsTestRunner2/netcoreapp" className="ModelRelief.Test.Integration.Models.ModelsBaseIntegrationTests" name="Patch_InvalidEnumPropertyValueReturnsBadRequest" /></UnitTest><UnitTest name="Put_InvalidReferencePropertyReturndBadRequest" storage="d:\users\steve knipmeyer\documents\github\modelrelief\modelrelief.test\bin\debug\netcoreapp2.0\modelrelief.test.dll" id="89148b3b-25ed-4197-b9ec-67614104f31f"><Execution id="24464c1e-cd86-4cbd-be6a-96a919d35c09" /><TestMethod codeBase="D:\Users\Steve Knipmeyer\Documents\GitHub\ModelRelief\ModelRelief.test\bin\Debug\netcoreapp2.0\ModelRelief.Test.dll" adapterTypeName="executor://xunit/VsTestRunner2/netcoreapp" className="ModelRelief.Test.Integration.MeshTransforms.MeshTransformsBaseIntegrationTests" name="Put_InvalidReferencePropertyReturndBadRequest" /></UnitTest><UnitTest name="Delete_TargetModelIsDeleted" storage="d:\users\steve knipmeyer\documents\github\modelrelief\modelrelief.test\bin\debug\netcoreapp2.0\modelrelief.test.dll" id="90161de0-f2bf-4e50-b6aa-9d9f5b6e48ae"><Execution id="bf41f7da-cfbf-4981-a41c-993def48fa0d" /><TestMethod codeBase="D:\Users\Steve Knipmeyer\Documents\GitHub\ModelRelief\ModelRelief.test\bin\Debug\netcoreapp2.0\ModelRelief.Test.dll" adapterTypeName="executor://xunit/VsTestRunner2/netcoreapp" className="ModelRelief.Test.Integration.Models.ModelsBaseIntegrationTests" name="Delete_TargetModelIsDeleted" /></UnitTest><UnitTest name="Put_InvalidReferencePropertyReturndBadRequest" storage="d:\users\steve knipmeyer\documents\github\modelrelief\modelrelief.test\bin\debug\netcoreapp2.0\modelrelief.test.dll" id="41eb1f46-1b24-48a2-b9e8-81710f1678db"><Execution id="c8bd08d1-4234-42e2-af60-8b4fdd292159" /><TestMethod codeBase="D:\Users\Steve Knipmeyer\Documents\GitHub\ModelRelief\ModelRelief.test\bin\Debug\netcoreapp2.0\ModelRelief.Test.dll" adapterTypeName="executor://xunit/VsTestRunner2/netcoreapp" className="ModelRelief.Test.Integration.Cameras.CamerasBaseIntegrationTests" name="Put_InvalidReferencePropertyReturndBadRequest" /></UnitTest><UnitTest name="GetFile_FileCanBeRoundTripped" storage="d:\users\steve knipmeyer\documents\github\modelrelief\modelrelief.test\bin\debug\netcoreapp2.0\modelrelief.test.dll" id="2053a566-09dc-472c-8676-44ed688d41d8"><Execution id="3b47fef2-76de-4512-93d5-c2050946b4d3" /><TestMethod codeBase="D:\Users\Steve Knipmeyer\Documents\GitHub\ModelRelief\ModelRelief.test\bin\Debug\netcoreapp2.0\ModelRelief.Test.dll" adapterTypeName="executor://xunit/VsTestRunner2/netcoreapp" className="ModelRelief.Test.Integration.Meshes.MeshesFileIntegrationTests" name="GetFile_FileCanBeRoundTripped" /></UnitTest><UnitTest name="Patch_InvalidPropertyNameReturnsBadRequest" storage="d:\users\steve knipmeyer\documents\github\modelrelief\modelrelief.test\bin\debug\netcoreapp2.0\modelrelief.test.dll" id="d40b0877-1fa4-49b6-81f1-c049f1cd78b3"><Execution id="7bfb3b50-9d0a-4919-9a40-d24065f0c335" /><TestMethod codeBase="D:\Users\Steve Knipmeyer\Documents\GitHub\ModelRelief\ModelRelief.test\bin\Debug\netcoreapp2.0\ModelRelief.Test.dll" adapterTypeName="executor://xunit/VsTestRunner2/netcoreapp" className="ModelRelief.Test.Integration.DepthBuffers.DepthBuffersBaseIntegrationTests" name="Patch_InvalidPropertyNameReturnsBadRequest" /></UnitTest><UnitTest name="Patch_InvalidIdPropertyReturnsNotFound" storage="d:\users\steve knipmeyer\documents\github\modelrelief\modelrelief.test\bin\debug\netcoreapp2.0\modelrelief.test.dll" id="bf4be358-8123-49f6-9165-f8edc6373e67"><Execution id="151d2b7d-6436-427a-9fb1-df2a4115fe9f" /><TestMethod codeBase="D:\Users\Steve Knipmeyer\Documents\GitHub\ModelRelief\ModelRelief.test\bin\Debug\netcoreapp2.0\ModelRelief.Test.dll" adapterTypeName="executor://xunit/VsTestRunner2/netcoreapp" className="ModelRelief.Test.Integration.Projects.ProjectsBaseIntegrationTests" name="Patch_InvalidIdPropertyReturnsNotFound" /></UnitTest><UnitTest name="Post_InvalidReferencePropertyReturnsBadRequest" storage="d:\users\steve knipmeyer\documents\github\modelrelief\modelrelief.test\bin\debug\netcoreapp2.0\modelrelief.test.dll" id="5647ea62-fd57-454b-a31f-a02456ecb970"><Execution id="dbc8484a-8cad-43ba-89c3-968489b390de" /><TestMethod codeBase="D:\Users\Steve Knipmeyer\Documents\GitHub\ModelRelief\ModelRelief.test\bin\Debug\netcoreapp2.0\ModelRelief.Test.dll" adapterTypeName="executor://xunit/VsTestRunner2/netcoreapp" className="ModelRelief.Test.Integration.Meshes.MeshesBaseIntegrationTests" name="Post_InvalidReferencePropertyReturnsBadRequest" /></UnitTest><UnitTest name="FileRequest_MeshGenerateSetsFileIsSynchronized" storage="d:\users\steve knipmeyer\documents\github\modelrelief\modelrelief.test\bin\debug\netcoreapp2.0\modelrelief.test.dll" id="f2440125-af32-4fa7-aa4a-2a00c3f90670"><Execution id="dea7b674-f992-42ae-b1c1-433a9da31b14" /><TestMethod codeBase="D:\Users\Steve Knipmeyer\Documents\GitHub\ModelRelief\ModelRelief.test\bin\Debug\netcoreapp2.0\ModelRelief.Test.dll" adapterTypeName="executor://xunit/VsTestRunner2/netcoreapp" className="ModelRelief.Test.Integration.Meshes.MeshesFileIntegrationTests" name="FileRequest_MeshGenerateSetsFileIsSynchronized" /></UnitTest><UnitTest name="Patch_InvalidPropertyNameReturnsBadRequest" storage="d:\users\steve knipmeyer\documents\github\modelrelief\modelrelief.test\bin\debug\netcoreapp2.0\modelrelief.test.dll" id="c09f27b4-0a70-4830-8ca5-5e8daa76e54d"><Execution id="d21a4cfe-da0e-467f-a24a-0a55ce9f3744" /><TestMethod codeBase="D:\Users\Steve Knipmeyer\Documents\GitHub\ModelRelief\ModelRelief.test\bin\Debug\netcoreapp2.0\ModelRelief.Test.dll" adapterTypeName="executor://xunit/VsTestRunner2/netcoreapp" className="ModelRelief.Test.Integration.MeshTransforms.MeshTransformsBaseIntegrationTests" name="Patch_InvalidPropertyNameReturnsBadRequest" /></UnitTest><UnitTest name="FileRequest_FileCanBeReadAfterRename" storage="d:\users\steve knipmeyer\documents\github\modelrelief\modelrelief.test\bin\debug\netcoreapp2.0\modelrelief.test.dll" id="17292d40-970f-484d-94c2-0b2677316d23"><Execution id="5f294b55-7d5e-48c4-b54d-133600729f47" /><TestMethod codeBase="D:\Users\Steve Knipmeyer\Documents\GitHub\ModelRelief\ModelRelief.test\bin\Debug\netcoreapp2.0\ModelRelief.Test.dll" adapterTypeName="executor://xunit/VsTestRunner2/netcoreapp" className="ModelRelief.Test.Integration.Models.ModelsFileIntegrationTests" name="FileRequest_FileCanBeReadAfterRename" /></UnitTest><UnitTest name="Post_ValidReferencePropertyCreatesModel" storage="d:\users\steve knipmeyer\documents\github\modelrelief\modelrelief.test\bin\debug\netcoreapp2.0\modelrelief.test.dll" id="b3bcb213-9cb1-4de2-bdf0-fcc8d22279b8"><Execution id="df1d72bf-0a15-47df-9118-1c0cf8548428" /><TestMethod codeBase="D:\Users\Steve Knipmeyer\Documents\GitHub\ModelRelief\ModelRelief.test\bin\Debug\netcoreapp2.0\ModelRelief.Test.dll" adapterTypeName="executor://xunit/VsTestRunner2/netcoreapp" className="ModelRelief.Test.Integration.Cameras.CamerasBaseIntegrationTests" name="Post_ValidReferencePropertyCreatesModel" /></UnitTest><UnitTest name="LucyDepthBufferFindsOneDependent" storage="d:\users\steve knipmeyer\documents\github\modelrelief\modelrelief.test\bin\debug\netcoreapp2.0\modelrelief.test.dll" id="50b3678f-cb57-4f89-9b3e-1e6f9fdcdb59"><Execution id="1810171c-5923-49ea-a243-9e8c3b9c45c8" /><TestMethod codeBase="D:\Users\Steve Knipmeyer\Documents\GitHub\ModelRelief\ModelRelief.test\bin\Debug\netcoreapp2.0\ModelRelief.Test.dll" adapterTypeName="executor://xunit/VsTestRunner2/netcoreapp" className="ModelRelief.Test.Unit.DependencyManager.DependencyManagerTests" name="LucyDepthBufferFindsOneDependent" /></UnitTest><UnitTest name="GetList_ListReturnsCorrectCount" storage="d:\users\steve knipmeyer\documents\github\modelrelief\modelrelief.test\bin\debug\netcoreapp2.0\modelrelief.test.dll" id="ff2a9e72-56ef-4ba8-935a-c531ab835004"><Execution id="70674a18-ec14-4e85-a5f8-fc4cc5fc02ab" /><TestMethod codeBase="D:\Users\Steve Knipmeyer\Documents\GitHub\ModelRelief\ModelRelief.test\bin\Debug\netcoreapp2.0\ModelRelief.Test.dll" adapterTypeName="executor://xunit/VsTestRunner2/netcoreapp" className="ModelRelief.Test.Integration.Cameras.CamerasBaseIntegrationTests" name="GetList_ListReturnsCorrectCount" /></UnitTest><UnitTest name="Patch_MultipleInvalidReferencePropertiesReturnsMultipleValidationErrorsAndBadRequest" storage="d:\users\steve knipmeyer\documents\github\modelrelief\modelrelief.test\bin\debug\netcoreapp2.0\modelrelief.test.dll" id="6680a920-1b60-4af2-8f43-a7735f5dfb28"><Execution id="7fd79a27-e0f9-459b-bee7-015d88583e42" /><TestMethod codeBase="D:\Users\Steve Knipmeyer\Documents\GitHub\ModelRelief\ModelRelief.test\bin\Debug\netcoreapp2.0\ModelRelief.Test.dll" adapterTypeName="executor://xunit/VsTestRunner2/netcoreapp" className="ModelRelief.Test.Integration.Meshes.MeshesBaseIntegrationTests" name="Patch_MultipleInvalidReferencePropertiesReturnsMultipleValidationErrorsAndBadRequest" /></UnitTest><UnitTest name="Patch_ValidReferencePropertyUpdatesModel" storage="d:\users\steve knipmeyer\documents\github\modelrelief\modelrelief.test\bin\debug\netcoreapp2.0\modelrelief.test.dll" id="8eabc272-3951-4092-a197-8ddbfb00a488"><Execution id="ea76f2b8-c10e-459f-8f62-e8cf713e49a7" /><TestMethod codeBase="D:\Users\Steve Knipmeyer\Documents\GitHub\ModelRelief\ModelRelief.test\bin\Debug\netcoreapp2.0\ModelRelief.Test.dll" adapterTypeName="executor://xunit/VsTestRunner2/netcoreapp" className="ModelRelief.Test.Integration.Cameras.CamerasBaseIntegrationTests" name="Patch_ValidReferencePropertyUpdatesModel" /></UnitTest><UnitTest name="Post_InvalidPropertyValueReturnsBadRequest" storage="d:\users\steve knipmeyer\documents\github\modelrelief\modelrelief.test\bin\debug\netcoreapp2.0\modelrelief.test.dll" id="41684819-7697-4186-b75e-d2dc7ebf1e16"><Execution id="1a61b6c1-07ca-48ea-bdb8-325132ea1232" /><TestMethod codeBase="D:\Users\Steve Knipmeyer\Documents\GitHub\ModelRelief\ModelRelief.test\bin\Debug\netcoreapp2.0\ModelRelief.Test.dll" adapterTypeName="executor://xunit/VsTestRunner2/netcoreapp" className="ModelRelief.Test.Integration.Models.ModelsBaseIntegrationTests" name="Post_InvalidPropertyValueReturnsBadRequest" /></UnitTest><UnitTest name="Patch_InvalidEnumPropertyValueReturnsBadRequest" storage="d:\users\steve knipmeyer\documents\github\modelrelief\modelrelief.test\bin\debug\netcoreapp2.0\modelrelief.test.dll" id="8edef51b-5fa6-4e0f-9b01-3498fe2ca0e9"><Execution id="7c18c020-15e2-4d72-a8e2-bcb3709619c8" /><TestMethod codeBase="D:\Users\Steve Knipmeyer\Documents\GitHub\ModelRelief\ModelRelief.test\bin\Debug\netcoreapp2.0\ModelRelief.Test.dll" adapterTypeName="executor://xunit/VsTestRunner2/netcoreapp" className="ModelRelief.Test.Integration.Cameras.CamerasBaseIntegrationTests" name="Patch_InvalidEnumPropertyValueReturnsBadRequest" /></UnitTest><UnitTest name="PutFile_NewFileCanBePut" storage="d:\users\steve knipmeyer\documents\github\modelrelief\modelrelief.test\bin\debug\netcoreapp2.0\modelrelief.test.dll" id="eb803291-3022-448a-905c-313569346844"><Execution id="599c79e6-1fd6-419c-97f9-8a5082fb8d33" /><TestMethod codeBase="D:\Users\Steve Knipmeyer\Documents\GitHub\ModelRelief\ModelRelief.test\bin\Debug\netcoreapp2.0\ModelRelief.Test.dll" adapterTypeName="executor://xunit/VsTestRunner2/netcoreapp" className="ModelRelief.Test.Integration.Meshes.MeshesFileIntegrationTests" name="PutFile_NewFileCanBePut" /></UnitTest></TestDefinitions><TestEntries><TestEntry testId="41c451dc-17d8-4a4e-8067-f675144211e5" executionId="1a104dcc-5084-40aa-b2ea-3b57f09c7f03" testListId="8c84fa94-04c1-424b-9868-57a2d4851a1d" /><TestEntry testId="73fe5a3b-2bc8-4deb-8fab-7cd4cbdd74e2" executionId="b67f28d0-3fac-40a1-bbcc-2ff68b2b1e0c" testListId="8c84fa94-04c1-424b-9868-57a2d4851a1d" /><TestEntry testId="a496be55-3686-42b5-b177-c2c99699e05b" executionId="89aea3ea-9d3c-4660-9442-14bcb69662e3" testListId="8c84fa94-04c1-424b-9868-57a2d4851a1d" /><TestEntry testId="a9170133-6e0c-4417-ac59-8705af18113a" executionId="61900738-2030-4b7e-a2d1-f25904e4835a" testListId="8c84fa94-04c1-424b-9868-57a2d4851a1d" /><TestEntry testId="59195c0e-12de-4592-a9e8-df33700b321f" executionId="c7060fb7-55d0-4cfd-a6e6-24c4b25d4103" testListId="8c84fa94-04c1-424b-9868-57a2d4851a1d" /><TestEntry testId="741266c2-c092-476e-be8d-1c04c812cc5c" executionId="cd129ae7-da44-40c1-ae0c-3b475625dbe2" testListId="8c84fa94-04c1-424b-9868-57a2d4851a1d" /><TestEntry testId="fa7986da-de65-441b-b5a6-2b8d36b8e526" executionId="77143d96-3d69-425c-a309-5d8dcfe57bab" testListId="8c84fa94-04c1-424b-9868-57a2d4851a1d" /><TestEntry testId="b3aeaa89-4a8c-46aa-8e43-c4054d92aa1f" executionId="9ebabef4-a1c7-4e77-b2a5-040c246b4753" testListId="8c84fa94-04c1-424b-9868-57a2d4851a1d" /><TestEntry testId="2cb396ab-5701-4bef-a87c-e765d13a9db6" executionId="247e3476-1ef6-4911-b238-0a25e76abc2f" testListId="8c84fa94-04c1-424b-9868-57a2d4851a1d" /><TestEntry testId="b3bcb213-9cb1-4de2-bdf0-fcc8d22279b8" executionId="df1d72bf-0a15-47df-9118-1c0cf8548428" testListId="8c84fa94-04c1-424b-9868-57a2d4851a1d" /><TestEntry testId="e15a8165-1a1e-4332-83ec-6578fcc87908" executionId="8e69c5a4-1a13-4ed4-b41a-d7a85c0419e3" testListId="8c84fa94-04c1-424b-9868-57a2d4851a1d" /><TestEntry testId="210f0411-0d8f-41e5-944b-b40f217f2abc" executionId="a7b3946a-4537-48a6-a406-67c593f3e3ba" testListId="8c84fa94-04c1-424b-9868-57a2d4851a1d" /><TestEntry testId="4fdaa578-97da-4499-b9e9-da40015fc547" executionId="fe6b1316-b094-447b-9354-f3491d9ea5da" testListId="8c84fa94-04c1-424b-9868-57a2d4851a1d" /><TestEntry testId="b843efec-b424-420f-b265-981eeb024916" executionId="d9ed186f-ebb6-46a3-b7b9-c9659aa1372b" testListId="8c84fa94-04c1-424b-9868-57a2d4851a1d" /><TestEntry testId="c75a0cd7-75d3-4c22-82fd-7d1dc74390b4" executionId="c41636b2-7f12-4e0b-aae4-b8b4f2350191" testListId="8c84fa94-04c1-424b-9868-57a2d4851a1d" /><TestEntry testId="09f44e3e-616c-432e-b52a-56a5da42b0e9" executionId="16d485e5-f6da-47c6-83e0-e27df7319243" testListId="8c84fa94-04c1-424b-9868-57a2d4851a1d" /><TestEntry testId="a5ec5d46-32db-4afc-ba3c-95a64bbfd851" executionId="71956e20-247d-435c-8f2a-8405515cf63e" testListId="8c84fa94-04c1-424b-9868-57a2d4851a1d" /><TestEntry testId="cc08330a-b9b5-4569-88f5-ccbdb9aafc5f" executionId="363b48bb-5403-4f6e-aca6-2b46875c497b" testListId="8c84fa94-04c1-424b-9868-57a2d4851a1d" /><TestEntry testId="5647ea62-fd57-454b-a31f-a02456ecb970" executionId="dbc8484a-8cad-43ba-89c3-968489b390de" testListId="8c84fa94-04c1-424b-9868-57a2d4851a1d" /><TestEntry testId="6f6eb00b-f7f7-4ef7-b392-7f2ddb299310" executionId="1df5d854-10d1-4416-9bf7-f5549239926f" testListId="8c84fa94-04c1-424b-9868-57a2d4851a1d" /><TestEntry testId="5b1dadfa-77eb-464f-a87b-038ba40e7202" executionId="d17c6480-a628-4206-af0b-6bd2ae240bf9" testListId="8c84fa94-04c1-424b-9868-57a2d4851a1d" /><TestEntry testId="3ae3502e-561d-4d1e-a816-42d446da100f" executionId="b7d9bc22-18f7-4cb8-b6eb-6e54bb0fdb06" testListId="8c84fa94-04c1-424b-9868-57a2d4851a1d" /><TestEntry testId="5aea15cd-8e44-4d50-8aae-b95e290ec3e3" executionId="854753a6-5465-418b-b974-2699ec6d3e56" testListId="8c84fa94-04c1-424b-9868-57a2d4851a1d" /><TestEntry testId="f2440125-af32-4fa7-aa4a-2a00c3f90670" executionId="dea7b674-f992-42ae-b1c1-433a9da31b14" testListId="8c84fa94-04c1-424b-9868-57a2d4851a1d" /><TestEntry testId="04321afb-b444-4d36-939a-dfb3fb244bfb" executionId="38bea71b-a9c1-4af3-84eb-e1ada84710ef" testListId="8c84fa94-04c1-424b-9868-57a2d4851a1d" /><TestEntry testId="ff2a9e72-56ef-4ba8-935a-c531ab835004" executionId="70674a18-ec14-4e85-a5f8-fc4cc5fc02ab" testListId="8c84fa94-04c1-424b-9868-57a2d4851a1d" /><TestEntry testId="4a8c9876-d374-4754-90fc-889135e54a80" executionId="99c20fbf-dc1a-4d6d-b973-bf3df91c98b3" testListId="8c84fa94-04c1-424b-9868-57a2d4851a1d" /><TestEntry testId="55cf4bc2-a6cd-4606-ba8c-cc48611a22df" executionId="1eefdac5-c614-4289-b12a-9b85980924e1" testListId="8c84fa94-04c1-424b-9868-57a2d4851a1d" /><TestEntry testId="ddb37bba-321e-4ad3-81f7-549ea1da7643" executionId="194a72a7-9679-44e9-93a5-5b63ec787f8c" testListId="8c84fa94-04c1-424b-9868-57a2d4851a1d" /><TestEntry testId="20f9235a-bc15-4a73-adc6-22c99fd83465" executionId="3b887a5e-2239-489b-9f00-041ba5cbf5aa" testListId="8c84fa94-04c1-424b-9868-57a2d4851a1d" /><TestEntry testId="17bf3be4-9d1d-4a89-8333-3e773541e48a" executionId="f1ed95e5-cd56-43ee-a81e-7db1d5969d7a" testListId="8c84fa94-04c1-424b-9868-57a2d4851a1d" /><TestEntry testId="85c73016-e629-41d5-95df-83007659280c" executionId="68d44e9b-0fe0-42cf-a9cb-ddf1b8aafb04" testListId="8c84fa94-04c1-424b-9868-57a2d4851a1d" /><TestEntry testId="baa3378c-463c-42d2-aa8c-1a4fc6af87c6" executionId="bc5f1f0b-42d6-4cf8-9518-0bfb5130bae7" testListId="8c84fa94-04c1-424b-9868-57a2d4851a1d" /><TestEntry testId="fd9dbe04-a4e6-4c2d-934e-24946d76b057" executionId="915f33be-bb26-4211-95bb-4d8f4e269929" testListId="8c84fa94-04c1-424b-9868-57a2d4851a1d" /><TestEntry testId="862198eb-abc0-4fe1-87be-e705ef510bd0" executionId="e03236fd-3fb9-4baa-a432-be9aad27d929" testListId="8c84fa94-04c1-424b-9868-57a2d4851a1d" /><TestEntry testId="d7689a9d-ab09-4519-837d-dff6fa118c59" executionId="ab4d64cd-ed93-452f-b114-3a20a0495396" testListId="8c84fa94-04c1-424b-9868-57a2d4851a1d" /><TestEntry testId="c1e5e58f-cf23-499d-9874-89a178ca5e0b" executionId="92c848b9-68c8-4cb5-a64f-f69060b7b217" testListId="8c84fa94-04c1-424b-9868-57a2d4851a1d" /><TestEntry testId="768fc646-a863-4402-8d48-764ddacc8283" executionId="6e24dccd-ef0e-4d72-89c2-ecf27cafc832" testListId="8c84fa94-04c1-424b-9868-57a2d4851a1d" /><TestEntry testId="17292d40-970f-484d-94c2-0b2677316d23" executionId="5f294b55-7d5e-48c4-b54d-133600729f47" testListId="8c84fa94-04c1-424b-9868-57a2d4851a1d" /><TestEntry testId="0c2b84b9-fe8e-490a-807d-487c02cf6cfe" executionId="ba2d33cb-b2cf-43ff-93ae-6640e295f8a8" testListId="8c84fa94-04c1-424b-9868-57a2d4851a1d" /><TestEntry testId="710e0e58-9f48-4d51-b7c6-776925d234bc" executionId="a008dbbb-d143-43c5-b19a-3257917d8ad2" testListId="8c84fa94-04c1-424b-9868-57a2d4851a1d" /><TestEntry testId="dec6c9fc-f7a7-4160-8378-1356c3244b3e" executionId="df8682cc-dbde-4459-b3db-87de23005f44" testListId="8c84fa94-04c1-424b-9868-57a2d4851a1d" /><TestEntry testId="a45b417d-5fb8-45cc-8328-5516a5773adf" executionId="f48561ac-874b-4554-bc89-f4458f64584d" testListId="8c84fa94-04c1-424b-9868-57a2d4851a1d" /><TestEntry testId="cdf2d8f4-3c77-4cf1-960b-1ea87559ff8c" executionId="6b9cfa95-44d5-4524-a665-ddeb64682b1d" testListId="8c84fa94-04c1-424b-9868-57a2d4851a1d" /><TestEntry testId="5fdde9b2-adfe-4006-b5a9-ef48730a384f" executionId="f97d7af3-6e27-40d4-9b3b-3790e85c4b11" testListId="8c84fa94-04c1-424b-9868-57a2d4851a1d" /><TestEntry testId="0af5c451-1eb8-4669-9721-42fe39e475f2" executionId="96f3e3a3-9143-4ca0-9d78-0a393b59e183" testListId="8c84fa94-04c1-424b-9868-57a2d4851a1d" /><TestEntry testId="41684819-7697-4186-b75e-d2dc7ebf1e16" executionId="1a61b6c1-07ca-48ea-bdb8-325132ea1232" testListId="8c84fa94-04c1-424b-9868-57a2d4851a1d" /><TestEntry testId="3c8c839e-4d16-48f8-88cb-e5a10214f21f" executionId="58403656-7d75-45bc-8808-cb1656cd1fcd" testListId="8c84fa94-04c1-424b-9868-57a2d4851a1d" /><TestEntry testId="97db989e-a796-4e55-95a8-8a743025f9f9" executionId="ee997ead-25e5-4e7f-8d07-b3b0ff20280c" testListId="8c84fa94-04c1-424b-9868-57a2d4851a1d" /><TestEntry testId="ea3786c2-efd0-4c80-b124-03b0fa9c9221" executionId="b464d252-c0e2-47ba-8765-df039cd1a68f" testListId="8c84fa94-04c1-424b-9868-57a2d4851a1d" /><TestEntry testId="90161de0-f2bf-4e50-b6aa-9d9f5b6e48ae" executionId="bf41f7da-cfbf-4981-a41c-993def48fa0d" testListId="8c84fa94-04c1-424b-9868-57a2d4851a1d" /><TestEntry testId="22a47d5d-9ef5-4b0d-b19f-d2dfbfb339ea" executionId="8e01d016-3a0f-457a-a6e2-9754d7c25b92" testListId="8c84fa94-04c1-424b-9868-57a2d4851a1d" /><TestEntry testId="d4d1c4a9-0336-4644-96aa-684860220222" executionId="39a27c29-f4a6-49ee-9cfa-3d79bbd93422" testListId="8c84fa94-04c1-424b-9868-57a2d4851a1d" /><TestEntry testId="8edef51b-5fa6-4e0f-9b01-3498fe2ca0e9" executionId="7c18c020-15e2-4d72-a8e2-bcb3709619c8" testListId="8c84fa94-04c1-424b-9868-57a2d4851a1d" /><TestEntry testId="3f090dfe-bf73-4de4-90a8-b93e73b08fdd" executionId="49c3c4c2-c691-4c0c-8737-988cb82b1823" testListId="8c84fa94-04c1-424b-9868-57a2d4851a1d" /><TestEntry testId="220da176-cbe5-4060-9aee-17e6354f349e" executionId="39046775-a4ab-4500-bb78-cbb9a0aa4eae" testListId="8c84fa94-04c1-424b-9868-57a2d4851a1d" /><TestEntry testId="06c26e24-c6e8-4fad-bb19-05438a553d80" executionId="4664de96-0507-4ad6-9e10-0693ce0bbb58" testListId="8c84fa94-04c1-424b-9868-57a2d4851a1d" /><TestEntry testId="72f332f5-e657-4716-8bd2-401a3874ba16" executionId="6c2f803c-192f-4e60-8376-7eb899dd0578" testListId="8c84fa94-04c1-424b-9868-57a2d4851a1d" /><TestEntry testId="71db20be-4f09-4b94-850a-18f8d36bb5ea" executionId="99682976-d6ba-4d74-9c5f-5e6529421d4e" testListId="8c84fa94-04c1-424b-9868-57a2d4851a1d" /><TestEntry testId="0956db3b-51b1-40b9-8d15-c1d78513bb2d" executionId="8257f052-7214-41b8-8278-62d75508395b" testListId="8c84fa94-04c1-424b-9868-57a2d4851a1d" /><TestEntry testId="fa4c527c-ee36-46de-a5cf-67d2d2865a8f" executionId="2c02e464-e097-4053-a641-7f5d3e36b4f5" testListId="8c84fa94-04c1-424b-9868-57a2d4851a1d" /><TestEntry testId="c09f27b4-0a70-4830-8ca5-5e8daa76e54d" executionId="d21a4cfe-da0e-467f-a24a-0a55ce9f3744" testListId="8c84fa94-04c1-424b-9868-57a2d4851a1d" /><TestEntry testId="e09c5481-0db1-4615-a7f5-f5bfa7b60b57" executionId="991af3ac-696a-4e58-96cb-b1014efe3ecf" testListId="8c84fa94-04c1-424b-9868-57a2d4851a1d" /><TestEntry testId="d40b0877-1fa4-49b6-81f1-c049f1cd78b3" executionId="7bfb3b50-9d0a-4919-9a40-d24065f0c335" testListId="8c84fa94-04c1-424b-9868-57a2d4851a1d" /><TestEntry testId="aabe9eb1-15aa-458c-b187-63dff42b5c5f" executionId="5b993ad2-86bc-45f3-b31f-2bacae9d7c70" testListId="8c84fa94-04c1-424b-9868-57a2d4851a1d" /><TestEntry testId="39d85dc0-b520-4499-887b-ea74d8edd6e0" executionId="0bde6239-b85a-491c-b82d-c2763921ce46" testListId="8c84fa94-04c1-424b-9868-57a2d4851a1d" /><TestEntry testId="42864647-0639-490c-8ff0-fcec7e6deed6" executionId="e9597194-b96b-4fb2-ad05-80c6dae04c73" testListId="8c84fa94-04c1-424b-9868-57a2d4851a1d" /><TestEntry testId="7f40dde7-c2ed-451e-8d04-3eadbf712888" executionId="57cbd70d-39e3-41d5-9b89-9e4515c75888" testListId="8c84fa94-04c1-424b-9868-57a2d4851a1d" /><TestEntry testId="7f25a94f-0968-4155-8acc-eb4d4e2275a7" executionId="f5985839-a928-4b5b-96db-f9f9eafb0e65" testListId="8c84fa94-04c1-424b-9868-57a2d4851a1d" /><TestEntry testId="21c8848b-438f-496c-9d1f-0084d2aa2c6e" executionId="0de17bc7-1a4c-49fc-b76a-cb7bb3238ba5" testListId="8c84fa94-04c1-424b-9868-57a2d4851a1d" /><TestEntry testId="b35b4b1d-d554-4158-bbad-acf0155860fe" executionId="bfa11ce8-e851-4244-bdb7-4f28ac7b7d08" testListId="8c84fa94-04c1-424b-9868-57a2d4851a1d" /><TestEntry testId="4ba7a26e-9e5f-4009-9d6d-90ad6eab2cc1" executionId="4634f0e6-86c5-4613-88c3-621269166377" testListId="8c84fa94-04c1-424b-9868-57a2d4851a1d" /><TestEntry testId="c0cf7b43-2179-4e7f-be0d-296dad19e174" executionId="dbd4f010-2947-4043-beb3-82112fee6a32" testListId="8c84fa94-04c1-424b-9868-57a2d4851a1d" /><TestEntry testId="183b9e2c-188b-4a18-92c2-b6a6b18a9e4b" executionId="e1f19041-31c7-43d6-b207-a52b51b90f9c" testListId="8c84fa94-04c1-424b-9868-57a2d4851a1d" /><TestEntry testId="8eabc272-3951-4092-a197-8ddbfb00a488" executionId="ea76f2b8-c10e-459f-8f62-e8cf713e49a7" testListId="8c84fa94-04c1-424b-9868-57a2d4851a1d" /><TestEntry testId="5795e5f4-d24d-4c53-bd41-7c4a09d9aa20" executionId="ad980a95-4970-4744-8ae5-d77529981a63" testListId="8c84fa94-04c1-424b-9868-57a2d4851a1d" /><TestEntry testId="04c1d233-e9ba-4dfe-93c1-4f19e96c52c3" executionId="1f355f5a-ce3d-48f9-9b6d-3d998e7c1c4c" testListId="8c84fa94-04c1-424b-9868-57a2d4851a1d" /><TestEntry testId="ddc02b9a-4270-483a-b3cb-173fcc2ffd6e" executionId="b3ae3a90-1123-4aa8-a1b0-b776035f1886" testListId="8c84fa94-04c1-424b-9868-57a2d4851a1d" /><TestEntry testId="1a3ea6d0-094a-4fbc-8fd5-0001bd0b99d8" executionId="f58e1f3f-d7b6-4d06-a793-b2152cb21883" testListId="8c84fa94-04c1-424b-9868-57a2d4851a1d" /><TestEntry testId="bf4be358-8123-49f6-9165-f8edc6373e67" executionId="151d2b7d-6436-427a-9fb1-df2a4115fe9f" testListId="8c84fa94-04c1-424b-9868-57a2d4851a1d" /><TestEntry testId="bf06e35e-24b5-4f7d-ac05-18ab42b540b6" executionId="5afcf8bc-c2bb-4852-9e76-e3f83c7172b0" testListId="8c84fa94-04c1-424b-9868-57a2d4851a1d" /><TestEntry testId="b913b7e8-4eee-4e39-912c-e9727299eab0" executionId="8fd6d659-198b-41d5-b2a0-68a79b759edc" testListId="8c84fa94-04c1-424b-9868-57a2d4851a1d" /><TestEntry testId="8e392277-bf67-4fa2-8591-9dfcaa140cc1" executionId="2fecd733-629d-422e-8a59-28bfa07fbc40" testListId="8c84fa94-04c1-424b-9868-57a2d4851a1d" /><TestEntry testId="3fadfd00-f169-4891-96dd-1e8630d34ffa" executionId="1ab45d52-e46e-4507-b480-0cec34a95959" testListId="8c84fa94-04c1-424b-9868-57a2d4851a1d" /><TestEntry testId="25ced816-0384-4355-b279-83aa9cf19726" executionId="de7d180c-5007-48c3-895e-68807af4fe34" testListId="8c84fa94-04c1-424b-9868-57a2d4851a1d" /><TestEntry testId="992762bf-7821-4871-b9fc-859efe875f21" executionId="48cd5dfe-8f00-4af8-ad31-a0fdb299c7f0" testListId="8c84fa94-04c1-424b-9868-57a2d4851a1d" /><TestEntry testId="980bbcb7-c8dd-412d-ba0f-6c3b469c6979" executionId="64875ac8-0e92-4a55-ac88-cda0a6fb2eaf" testListId="8c84fa94-04c1-424b-9868-57a2d4851a1d" /><TestEntry testId="25d1a2a9-99ad-44d8-a3b2-4a3cd43ce340" executionId="65a1474c-791d-4a6a-a1ca-fac8ef8e6c7c" testListId="8c84fa94-04c1-424b-9868-57a2d4851a1d" /><TestEntry testId="8d1e684d-8dd0-400c-963c-7c0a27379933" executionId="3e19535e-cd82-4f53-95fe-15313ff9ee21" testListId="8c84fa94-04c1-424b-9868-57a2d4851a1d" /><TestEntry testId="17822376-45c4-4e02-a4eb-5af77a20f472" executionId="475efa6e-851e-4400-aaf5-6b80cff342ee" testListId="8c84fa94-04c1-424b-9868-57a2d4851a1d" /><TestEntry testId="8c377028-a4ae-4541-90a8-a8d8c9252c21" executionId="a2955a62-2f6d-4a99-9cdf-06c1925f9994" testListId="8c84fa94-04c1-424b-9868-57a2d4851a1d" /><TestEntry testId="d5aa7af1-313c-4ee4-b7c5-757926f69998" executionId="25c93aeb-c1db-4898-8801-7b8cfa164c87" testListId="8c84fa94-04c1-424b-9868-57a2d4851a1d" /><TestEntry testId="fe2d5fe5-5972-440f-ad86-d5f07c1a0ecf" executionId="94d5ed57-1fa2-45de-9de0-5056cb125d5f" testListId="8c84fa94-04c1-424b-9868-57a2d4851a1d" /><TestEntry testId="417166e0-cb8c-44a4-8c1c-a60616c463a8" executionId="ce7fcd74-03e6-4928-894e-d5af037eae31" testListId="8c84fa94-04c1-424b-9868-57a2d4851a1d" /><TestEntry testId="a031b601-bdb9-4b80-bf0c-7200525a4b0c" executionId="b31f14fb-0a1c-432c-a9f3-bf1eb63addc5" testListId="8c84fa94-04c1-424b-9868-57a2d4851a1d" /><TestEntry testId="eac26248-1e4a-40b3-87b2-35be5b3fadba" executionId="c8538136-8062-4fe7-b4b4-1c9b2b08c15a" testListId="8c84fa94-04c1-424b-9868-57a2d4851a1d" /><TestEntry testId="eb803291-3022-448a-905c-313569346844" executionId="599c79e6-1fd6-419c-97f9-8a5082fb8d33" testListId="8c84fa94-04c1-424b-9868-57a2d4851a1d" /><TestEntry testId="c5ca446a-46e1-4c4d-b072-22c3030cf6ca" executionId="8b6a3d82-9ee2-4b85-87a8-36b18e112714" testListId="8c84fa94-04c1-424b-9868-57a2d4851a1d" /><TestEntry testId="5c59fb45-e47e-4bb7-ad38-eebd4f12e8d6" executionId="f8269848-e179-4149-b0a0-725ff8c4e832" testListId="8c84fa94-04c1-424b-9868-57a2d4851a1d" /><TestEntry testId="5535945b-168a-45a9-9cc9-2d59c95fe94a" executionId="458adfa8-f5a0-4409-a28d-9d957a299deb" testListId="8c84fa94-04c1-424b-9868-57a2d4851a1d" /><TestEntry testId="0f98441b-a121-4703-9221-5c801652ec12" executionId="4a7e3fd2-f327-4ee2-bd5a-93423170adbd" testListId="8c84fa94-04c1-424b-9868-57a2d4851a1d" /><TestEntry testId="7c66f9cb-2ecb-488d-b4c0-f1d5927d838e" executionId="57f1c1d0-1ca3-4d8b-8114-5984a3546000" testListId="8c84fa94-04c1-424b-9868-57a2d4851a1d" /><TestEntry testId="9a29213d-e5a2-45d0-97d2-99aa4933f1be" executionId="2688f2d1-e95a-4d39-a72f-bff9c09e63dd" testListId="8c84fa94-04c1-424b-9868-57a2d4851a1d" /><TestEntry testId="6680a920-1b60-4af2-8f43-a7735f5dfb28" executionId="7fd79a27-e0f9-459b-bee7-015d88583e42" testListId="8c84fa94-04c1-424b-9868-57a2d4851a1d" /><TestEntry testId="f899612f-559c-4028-a84f-d2da5b84b967" executionId="c82aaaf4-9dd6-4855-acef-9c4372004287" testListId="8c84fa94-04c1-424b-9868-57a2d4851a1d" /><TestEntry testId="6496fb84-7ea0-4a22-a587-a6229e4ad877" executionId="a87aeb68-5335-46f8-a3d7-9adbe26370c6" testListId="8c84fa94-04c1-424b-9868-57a2d4851a1d" /><TestEntry testId="83d26926-693f-4ee2-81ef-22808e918a77" executionId="5f1a11b8-501b-44ea-b579-aec16e48e64a" testListId="8c84fa94-04c1-424b-9868-57a2d4851a1d" /><TestEntry testId="580e2666-aaa2-4d15-8a45-c5c1966ac588" executionId="c1320758-4d57-4cbc-ad66-7b347df4af63" testListId="8c84fa94-04c1-424b-9868-57a2d4851a1d" /><TestEntry testId="6d65944c-3baf-48eb-9e7c-5b6588215c1a" executionId="3e94cdfa-fdbd-4fdd-9920-cd999927cd83" testListId="8c84fa94-04c1-424b-9868-57a2d4851a1d" /><TestEntry testId="89148b3b-25ed-4197-b9ec-67614104f31f" executionId="24464c1e-cd86-4cbd-be6a-96a919d35c09" testListId="8c84fa94-04c1-424b-9868-57a2d4851a1d" /><TestEntry testId="c1c1cc24-009d-4204-a75c-833c0412688b" executionId="63152c45-7a67-4dd3-8f50-2491dc6b70f9" testListId="8c84fa94-04c1-424b-9868-57a2d4851a1d" /><TestEntry testId="c4b9406f-d976-4bce-97fb-e123bbc10ec5" executionId="6c115335-f7c0-49dc-b24e-bd5b42da888f" testListId="8c84fa94-04c1-424b-9868-57a2d4851a1d" /><TestEntry testId="227becc2-5e3b-4174-a91f-503c3b1a0ee8" executionId="351affc8-7049-4462-a9b8-f5546de4e141" testListId="8c84fa94-04c1-424b-9868-57a2d4851a1d" /><TestEntry testId="dc9a450a-fe63-4370-98bc-e094a17595f0" executionId="500be412-b3d8-4623-a0b9-307742ff32fa" testListId="8c84fa94-04c1-424b-9868-57a2d4851a1d" /><TestEntry testId="2053a566-09dc-472c-8676-44ed688d41d8" executionId="3b47fef2-76de-4512-93d5-c2050946b4d3" testListId="8c84fa94-04c1-424b-9868-57a2d4851a1d" /><TestEntry testId="4a47d1b1-7033-4e6f-9477-fb390f2baec8" executionId="f8755951-b838-48cb-a5bb-37d5e4d1faec" testListId="8c84fa94-04c1-424b-9868-57a2d4851a1d" /><TestEntry testId="00cd3dbe-64f7-4e6d-a0e3-a7d4844325e6" executionId="b2ed8324-29c5-4c82-a477-dae7a12916a7" testListId="8c84fa94-04c1-424b-9868-57a2d4851a1d" /><TestEntry testId="19306dbe-ea58-4088-b218-86b6d64ab68f" executionId="63fe29c4-1671-4c5c-bce8-f6a16a7a703e" testListId="8c84fa94-04c1-424b-9868-57a2d4851a1d" /><TestEntry testId="52fa6c55-93bf-4b72-a1f6-7550f6539ebf" executionId="263166e7-c62e-4e4c-9775-a059d445d46f" testListId="8c84fa94-04c1-424b-9868-57a2d4851a1d" /><TestEntry testId="8c6dc84f-fe0b-46f3-8867-3070701ec81d" executionId="efbdb924-2b9a-4bc9-a2e2-c8c5a058482e" testListId="8c84fa94-04c1-424b-9868-57a2d4851a1d" /><TestEntry testId="75b46ad8-8a69-4cf9-b2e8-54bcb7adc6da" executionId="52e408fe-18a9-41d0-874a-25f7a3c42aeb" testListId="8c84fa94-04c1-424b-9868-57a2d4851a1d" /><TestEntry testId="2707f639-1103-4172-8d17-ab68751ffb13" executionId="409fc56c-d016-4a40-acd9-e584dcc785e2" testListId="8c84fa94-04c1-424b-9868-57a2d4851a1d" /><TestEntry testId="e60a5d4e-1a1b-4b9b-af0c-4376778cbc7e" executionId="aa14e187-e716-408c-97cd-e360cda649d1" testListId="8c84fa94-04c1-424b-9868-57a2d4851a1d" /><TestEntry testId="99dc2106-f541-4151-aa23-148657f957b5" executionId="bd3805bf-ed4b-46a5-9c5d-e4f6561a31b3" testListId="8c84fa94-04c1-424b-9868-57a2d4851a1d" /><TestEntry testId="ec0f8e2c-e251-46d2-bc19-d1c841177c44" executionId="19fa7dbc-7f7e-435e-90ff-f8c39cb9fb7c" testListId="8c84fa94-04c1-424b-9868-57a2d4851a1d" /><TestEntry testId="6df54884-5dc1-4b4c-9106-c2c14333b82d" executionId="d4bcefe9-c6b3-4515-b955-14bbc822337a" testListId="8c84fa94-04c1-424b-9868-57a2d4851a1d" /><TestEntry testId="d568cc5b-0378-4e93-87af-8a1563c91e06" executionId="5a96357b-4231-43dc-a0e0-f3f099f363ef" testListId="8c84fa94-04c1-424b-9868-57a2d4851a1d" /><TestEntry testId="50b3678f-cb57-4f89-9b3e-1e6f9fdcdb59" executionId="1810171c-5923-49ea-a243-9e8c3b9c45c8" testListId="8c84fa94-04c1-424b-9868-57a2d4851a1d" /><TestEntry testId="f4ef82f0-2bca-473f-9b68-e9ff74ada525" executionId="3ef4ec91-698a-410a-9150-1c6eda33cc95" testListId="8c84fa94-04c1-424b-9868-57a2d4851a1d" /><TestEntry testId="1f1eeb6b-1088-4590-b8ed-8e105cf9956f" executionId="44b82355-3640-401d-bd8a-4c3e83b80f1d" testListId="8c84fa94-04c1-424b-9868-57a2d4851a1d" /><TestEntry testId="da98a5c3-a70f-4022-8c84-a934d4853dbb" executionId="18b2e3de-ea48-415d-b988-7d6d40a754ee" testListId="8c84fa94-04c1-424b-9868-57a2d4851a1d" /><TestEntry testId="f8ed209b-d55b-4025-9427-b4a923c3a814" executionId="b5c53c27-d9f9-4142-9f59-7bfd627eca00" testListId="8c84fa94-04c1-424b-9868-57a2d4851a1d" /><TestEntry testId="cd70afeb-ab26-47b4-b0c7-823ac964b9eb" executionId="9c555cd9-4a84-46e8-8ef4-e9a3be89bcb7" testListId="8c84fa94-04c1-424b-9868-57a2d4851a1d" /><TestEntry testId="52593ac3-6226-416b-b007-70c92d234f3b" executionId="63dfe335-e8ca-47b4-a732-8e92d2b6ba91" testListId="8c84fa94-04c1-424b-9868-57a2d4851a1d" /><TestEntry testId="ccbf6f35-f847-4803-a0ee-b40e2769b11a" executionId="2ca361a9-6835-4473-af9e-3386f879677b" testListId="8c84fa94-04c1-424b-9868-57a2d4851a1d" /><TestEntry testId="c05f0e88-7a0a-4c4c-a410-d4d3db1d56c8" executionId="73632490-d776-4fd4-bf8f-e1acf22453ae" testListId="8c84fa94-04c1-424b-9868-57a2d4851a1d" /><TestEntry testId="4d2eb518-2d12-4d74-b349-edcedaa2921c" executionId="1078e0a1-e69f-484c-8cbe-e4a2de70a87d" testListId="8c84fa94-04c1-424b-9868-57a2d4851a1d" /><TestEntry testId="70c97f0e-91dc-4672-8879-d0a24ba6fd53" executionId="ffd161d7-e853-4cdf-81e5-4fcee2462bff" testListId="8c84fa94-04c1-424b-9868-57a2d4851a1d" /><TestEntry testId="80c512c2-91cb-4671-957d-437638864fca" executionId="4ee6cf01-0dc9-4bac-8664-1ec70c34a586" testListId="8c84fa94-04c1-424b-9868-57a2d4851a1d" /><TestEntry testId="baca8615-2f94-4f94-9488-a512b674f2e8" executionId="e09c8a4a-2cf0-41d0-b97e-f72cd4c5b729" testListId="8c84fa94-04c1-424b-9868-57a2d4851a1d" /><TestEntry testId="5bb6d692-e290-4903-8ed7-31e19f2637bd" executionId="0e8af17a-60c9-4c01-9255-022b647c6ceb" testListId="8c84fa94-04c1-424b-9868-57a2d4851a1d" /><TestEntry testId="c96913a6-1e80-45c7-b129-4526540cccac" executionId="6f0e8796-c321-4c90-a4b8-d33bb436fc7d" testListId="8c84fa94-04c1-424b-9868-57a2d4851a1d" /><TestEntry testId="9602da21-d29d-4a7e-967d-d86d815e346c" executionId="f48dac04-c388-4998-8aba-8b4dc933b1b4" testListId="8c84fa94-04c1-424b-9868-57a2d4851a1d" /><TestEntry testId="0c2e8dab-5e72-4bbb-aea9-452a4a34adc8" executionId="808d3dd9-9dce-4f88-b4fa-a9155e1e1e97" testListId="8c84fa94-04c1-424b-9868-57a2d4851a1d" /><TestEntry testId="e998f349-4aef-4a7e-8d15-2d53f9fc477c" executionId="d5e06b21-d9d2-4916-9339-4b577bc7919b" testListId="8c84fa94-04c1-424b-9868-57a2d4851a1d" /><TestEntry testId="cc05c54e-c201-4995-ae28-0a1c5e6cc1a0" executionId="7e453cd5-124a-4897-9538-d7ad33f87894" testListId="8c84fa94-04c1-424b-9868-57a2d4851a1d" /><TestEntry testId="972dfb36-4271-4ce5-ae05-3bc6042a624f" executionId="fcdb8816-c7e0-423a-920c-bf1df4942dfc" testListId="8c84fa94-04c1-424b-9868-57a2d4851a1d" /><TestEntry testId="e6417b2d-8ada-4f8b-8fd9-51013738e0cb" executionId="751016f3-93c0-4dac-8bab-990b7f28c84f" testListId="8c84fa94-04c1-424b-9868-57a2d4851a1d" /><TestEntry testId="41eb1f46-1b24-48a2-b9e8-81710f1678db" executionId="c8bd08d1-4234-42e2-af60-8b4fdd292159" testListId="8c84fa94-04c1-424b-9868-57a2d4851a1d" /><TestEntry testId="283f26e6-3a32-496a-8fda-ef283fbd4167" executionId="b65c356f-e748-4065-a0d9-0fadea96d424" testListId="8c84fa94-04c1-424b-9868-57a2d4851a1d" /><TestEntry testId="a745a96f-1f7d-4afa-b06d-31532c9452b8" executionId="48a16f04-93f0-44fb-b609-9a2040ace925" testListId="8c84fa94-04c1-424b-9868-57a2d4851a1d" /></TestEntries><TestLists><TestList name="Results Not in a List" id="8c84fa94-04c1-424b-9868-57a2d4851a1d" /><TestList name="All Loaded Results" id="19431567-8539-422a-85d7-44ee4e166bda" /></TestLists><ResultSummary outcome="Completed"><Counters total="151" executed="151" passed="151" failed="0" error="0" timeout="0" aborted="0" inconclusive="0" passedButRunAborted="0" notRunnable="0" notExecuted="0" disconnected="0" warning="0" completed="0" inProgress="0" pending="0" /><Output><StdOut>[xUnit.net 00:00:01.0969513]   Discovering: ModelRelief.Test[xUnit.net 00:00:01.2004497]   Discovered:  ModelRelief.Test[xUnit.net 00:00:01.2060161]   Starting:    ModelRelief.Test[xUnit.net 00:00:17.6700941]   Finished:    ModelRelief.Test</StdOut></Output></ResultSummary></TestRun>