<?xml version="1.0" encoding="utf-8"?><TestRun id="66e4588e-6a5d-491f-8e82-e19f17317c4f" name="Steve Knipmeyer@VECTOR 2018-05-22 05:02:40" runUser="VECTOR\Steve Knipmeyer" xmlns="http://microsoft.com/schemas/VisualStudio/TeamTest/2010"><Times creation="2018-05-22T05:02:40.3508938-04:00" queuing="2018-05-22T05:02:40.3509086-04:00" start="2018-05-22T05:02:35.9762330-04:00" finish="2018-05-22T05:02:55.0169775-04:00" /><TestSettings name="default" id="594f2878-5997-4e43-8058-429d40e2a695"><Deployment runDeploymentRoot="Steve_Knipmeyer_VECTOR_2018-05-22_05_02_40" /></TestSettings><Results><UnitTestResult executionId="22bd002a-61ab-4480-9cbc-f6e5fc7ce1c4" testId="079a2b8c-552d-4ab5-8d1f-71d48563f2f1" testName="PostFile_FileTimeStampIsUpdatedAfterFileIsPosted" computerName="VECTOR" duration="00:00:01.1540000" startTime="2018-05-22T05:02:53.7262818-04:00" endTime="2018-05-22T05:02:53.7262872-04:00" testType="13cdc9d9-ddb5-4fa4-a97d-d965ccfc6d4b" outcome="Passed" testListId="8c84fa94-04c1-424b-9868-57a2d4851a1d" relativeResultsDirectory="22bd002a-61ab-4480-9cbc-f6e5fc7ce1c4" /><UnitTestResult executionId="34c93530-14b9-41a1-a097-7e9f4da73f3a" testId="d412d049-bd1f-4028-9ac5-88342f48715d" testName="Patch_MultipleInvalidReferencePropertiesReturnsMultipleValidationErrorsAndBadRequest" computerName="VECTOR" duration="00:00:00.0170000" startTime="2018-05-22T05:02:44.7389398-04:00" endTime="2018-05-22T05:02:44.7389458-04:00" testType="13cdc9d9-ddb5-4fa4-a97d-d965ccfc6d4b" outcome="Passed" testListId="8c84fa94-04c1-424b-9868-57a2d4851a1d" relativeResultsDirectory="34c93530-14b9-41a1-a097-7e9f4da73f3a" /><UnitTestResult executionId="a4493de2-c3c7-45f6-a49c-f282e7103861" testId="8d6fe87c-9e34-423b-9c74-d24db4644da2" testName="Patch_InvalidEnumPropertyValueReturnsBadRequest" computerName="VECTOR" duration="00:00:00.0010000" startTime="2018-05-22T05:02:54.5647995-04:00" endTime="2018-05-22T05:02:54.5648009-04:00" testType="13cdc9d9-ddb5-4fa4-a97d-d965ccfc6d4b" outcome="Passed" testListId="8c84fa94-04c1-424b-9868-57a2d4851a1d" relativeResultsDirectory="a4493de2-c3c7-45f6-a49c-f282e7103861" /><UnitTestResult executionId="d193d9da-36ac-4866-8a09-fbf02e201281" testId="a6fcc505-a35e-48ab-9230-daa74f4e984f" testName="Delete_TargetModelIsDeleted" computerName="VECTOR" duration="00:00:00.0150000" startTime="2018-05-22T05:02:44.7670042-04:00" endTime="2018-05-22T05:02:44.7670104-04:00" testType="13cdc9d9-ddb5-4fa4-a97d-d965ccfc6d4b" outcome="Passed" testListId="8c84fa94-04c1-424b-9868-57a2d4851a1d" relativeResultsDirectory="d193d9da-36ac-4866-8a09-fbf02e201281" /><UnitTestResult executionId="283bb881-9dc6-41c9-8b97-298b65386be0" testId="d8ec0fa0-0838-4bc1-9db9-1b8cbb5184c7" testName="Put_CanUpdateModel" computerName="VECTOR" duration="00:00:00.3850000" startTime="2018-05-22T05:02:44.6043518-04:00" endTime="2018-05-22T05:02:44.6043584-04:00" testType="13cdc9d9-ddb5-4fa4-a97d-d965ccfc6d4b" outcome="Passed" testListId="8c84fa94-04c1-424b-9868-57a2d4851a1d" relativeResultsDirectory="283bb881-9dc6-41c9-8b97-298b65386be0" /><UnitTestResult executionId="721861d1-a5e6-46ff-953c-2f723a50f56b" testId="d6adb56c-bb59-4cef-96c3-e488cb2263e8" testName="Post_CanCreateNewModel" computerName="VECTOR" duration="00:00:00.0140000" startTime="2018-05-22T05:02:41.7902820-04:00" endTime="2018-05-22T05:02:41.7902877-04:00" testType="13cdc9d9-ddb5-4fa4-a97d-d965ccfc6d4b" outcome="Passed" testListId="8c84fa94-04c1-424b-9868-57a2d4851a1d" relativeResultsDirectory="721861d1-a5e6-46ff-953c-2f723a50f56b" /><UnitTestResult executionId="d9dd48c9-83a9-438e-af6a-0031fdc1f01d" testId="7be36696-2399-4f9f-ad2a-3afb13c2bc1f" testName="GetList_ListReturnsCorrectCount" computerName="VECTOR" duration="00:00:00.0370000" startTime="2018-05-22T05:02:42.6323168-04:00" endTime="2018-05-22T05:02:42.6323231-04:00" testType="13cdc9d9-ddb5-4fa4-a97d-d965ccfc6d4b" outcome="Passed" testListId="8c84fa94-04c1-424b-9868-57a2d4851a1d" relativeResultsDirectory="d9dd48c9-83a9-438e-af6a-0031fdc1f01d" /><UnitTestResult executionId="9d677b68-0c50-4f53-8ebd-359905debd32" testId="a46e6f36-ce7e-41ae-9d0a-3d3246ef08b8" testName="Patch_InvalidReferencePropertyReturnsBadRequest" computerName="VECTOR" duration="00:00:00.0080000" startTime="2018-05-22T05:02:42.5953629-04:00" endTime="2018-05-22T05:02:42.5953688-04:00" testType="13cdc9d9-ddb5-4fa4-a97d-d965ccfc6d4b" outcome="Passed" testListId="8c84fa94-04c1-424b-9868-57a2d4851a1d" relativeResultsDirectory="9d677b68-0c50-4f53-8ebd-359905debd32" /><UnitTestResult executionId="fcb44293-0f58-4251-b6d5-b4be3b9501ee" testId="d44c001f-5976-4cc0-8ee6-47e5992f5818" testName="Post_ValidReferencePropertyCreatesModel" computerName="VECTOR" duration="00:00:00.0020000" startTime="2018-05-22T05:02:40.5104301-04:00" endTime="2018-05-22T05:02:40.5104326-04:00" testType="13cdc9d9-ddb5-4fa4-a97d-d965ccfc6d4b" outcome="Passed" testListId="8c84fa94-04c1-424b-9868-57a2d4851a1d" relativeResultsDirectory="fcb44293-0f58-4251-b6d5-b4be3b9501ee" /><UnitTestResult executionId="73d2fe16-d94a-4db2-90fd-9e301384f9e8" testId="bf781453-439b-4022-852e-1a4b3424dcc0" testName="Post_InvalidReferencePropertyReturnsBadRequest" computerName="VECTOR" duration="00:00:00.0070000" startTime="2018-05-22T05:02:54.5813479-04:00" endTime="2018-05-22T05:02:54.5813514-04:00" testType="13cdc9d9-ddb5-4fa4-a97d-d965ccfc6d4b" outcome="Failed" testListId="8c84fa94-04c1-424b-9868-57a2d4851a1d" relativeResultsDirectory="73d2fe16-d94a-4db2-90fd-9e301384f9e8"><Output><ErrorInfo><Message>Assert.True() Failure&#xD;
Expected: True&#xD;
Actual:   False</Message><StackTrace>   at ModelRelief.Test.Integration.BaseIntegrationTests`2.&lt;Post_InvalidReferencePropertyReturnsBadRequest&gt;d__7.MoveNext() in D:\Users\Steve Knipmeyer\Documents\GitHub\ModelRelief\ModelRelief.test\Integration\Base\BaseIntegrationTests.cs:line 194&#xD;
--- End of stack trace from previous location where exception was thrown ---&#xD;
   at System.Runtime.ExceptionServices.ExceptionDispatchInfo.Throw()&#xD;
   at System.Runtime.CompilerServices.TaskAwaiter.HandleNonSuccessAndDebuggerNotification(Task task)&#xD;
--- End of stack trace from previous location where exception was thrown ---&#xD;
   at System.Runtime.ExceptionServices.ExceptionDispatchInfo.Throw()&#xD;
   at System.Runtime.CompilerServices.TaskAwaiter.HandleNonSuccessAndDebuggerNotification(Task task)&#xD;
--- End of stack trace from previous location where exception was thrown ---&#xD;
   at System.Runtime.ExceptionServices.ExceptionDispatchInfo.Throw()&#xD;
   at System.Runtime.CompilerServices.TaskAwaiter.HandleNonSuccessAndDebuggerNotification(Task task)</StackTrace></ErrorInfo></Output></UnitTestResult><UnitTestResult executionId="6eb89de8-3839-4479-985f-89720078d916" testId="8deb9e65-c6cb-429a-a0c6-864035cab40a" testName="Patch_ValidReferencePropertyUpdatesModel" computerName="VECTOR" duration="00:00:00.0060000" startTime="2018-05-22T05:02:40.0192290-04:00" endTime="2018-05-22T05:02:40.0192318-04:00" testType="13cdc9d9-ddb5-4fa4-a97d-d965ccfc6d4b" outcome="Passed" testListId="8c84fa94-04c1-424b-9868-57a2d4851a1d" relativeResultsDirectory="6eb89de8-3839-4479-985f-89720078d916" /><UnitTestResult executionId="6c4c6bfc-fdd8-415c-b81a-e435e13a0fa3" testId="067ddad0-3377-4c91-aa00-cb36649df9ab" testName="Patch_ValidReferencePropertyUpdatesModel" computerName="VECTOR" duration="00:00:00.0390000" startTime="2018-05-22T05:02:41.6560902-04:00" endTime="2018-05-22T05:02:41.6560962-04:00" testType="13cdc9d9-ddb5-4fa4-a97d-d965ccfc6d4b" outcome="Passed" testListId="8c84fa94-04c1-424b-9868-57a2d4851a1d" relativeResultsDirectory="6c4c6bfc-fdd8-415c-b81a-e435e13a0fa3" /><UnitTestResult executionId="8cbcb847-ba66-4907-978d-55614535aa5e" testId="57093198-e2bf-4038-b4f1-87b1ad012a5a" testName="Patch_InvalidIdPropertyReturnsNotFound" computerName="VECTOR" duration="00:00:00.0040000" startTime="2018-05-22T05:02:44.7087759-04:00" endTime="2018-05-22T05:02:44.7087787-04:00" testType="13cdc9d9-ddb5-4fa4-a97d-d965ccfc6d4b" outcome="Passed" testListId="8c84fa94-04c1-424b-9868-57a2d4851a1d" relativeResultsDirectory="8cbcb847-ba66-4907-978d-55614535aa5e" /><UnitTestResult executionId="7aadad04-f49f-42b2-948b-c5318820f6c2" testId="ab3a8ee9-480b-4599-802f-f1f9a075a812" testName="GetFile_ExistingFileReturnsSuccess" computerName="VECTOR" duration="00:00:00.0200000" startTime="2018-05-22T05:02:52.5720580-04:00" endTime="2018-05-22T05:02:52.5720651-04:00" testType="13cdc9d9-ddb5-4fa4-a97d-d965ccfc6d4b" outcome="Passed" testListId="8c84fa94-04c1-424b-9868-57a2d4851a1d" relativeResultsDirectory="7aadad04-f49f-42b2-948b-c5318820f6c2" /><UnitTestResult executionId="c9121de9-f195-4d3d-9aef-b3b4907e5264" testId="71077342-8f3b-40f9-a804-05c035074c06" testName="FileRequest_MeshGenerateScalesDepthBufferByLambdaLinearScaling" computerName="VECTOR" duration="00:00:01.8590000" startTime="2018-05-22T05:02:51.9361667-04:00" endTime="2018-05-22T05:02:51.9361724-04:00" testType="13cdc9d9-ddb5-4fa4-a97d-d965ccfc6d4b" outcome="Passed" testListId="8c84fa94-04c1-424b-9868-57a2d4851a1d" relativeResultsDirectory="c9121de9-f195-4d3d-9aef-b3b4907e5264" /><UnitTestResult executionId="611a24f9-11cc-4539-a48c-77065df4fa8e" testId="459cad49-292c-4903-b082-bdef989317b8" testName="GetSingle_InvalidIdPropertyValueReturnsNotFound" computerName="VECTOR" duration="00:00:00.0060000" startTime="2018-05-22T05:02:40.9214917-04:00" endTime="2018-05-22T05:02:40.9214965-04:00" testType="13cdc9d9-ddb5-4fa4-a97d-d965ccfc6d4b" outcome="Passed" testListId="8c84fa94-04c1-424b-9868-57a2d4851a1d" relativeResultsDirectory="611a24f9-11cc-4539-a48c-77065df4fa8e" /><UnitTestResult executionId="6ab1887e-12fa-4459-8efe-3bb82e4461b8" testId="f5ce110a-8578-4cfd-8182-8ef0fddd0f02" testName="Patch_InvalidPropertyNameReturnsBadRequest" computerName="VECTOR" duration="00:00:00.0040000" startTime="2018-05-22T05:02:44.7042661-04:00" endTime="2018-05-22T05:02:44.7042695-04:00" testType="13cdc9d9-ddb5-4fa4-a97d-d965ccfc6d4b" outcome="Passed" testListId="8c84fa94-04c1-424b-9868-57a2d4851a1d" relativeResultsDirectory="6ab1887e-12fa-4459-8efe-3bb82e4461b8" /><UnitTestResult executionId="6b4e34b1-2128-46a4-90dd-f6c6b53c22de" testId="4b6276c2-793e-4906-824f-283ce3778551" testName="Post_CanCreateNewModel" computerName="VECTOR" duration="00:00:00.0110000" startTime="2018-05-22T05:02:44.6869958-04:00" endTime="2018-05-22T05:02:44.6870015-04:00" testType="13cdc9d9-ddb5-4fa4-a97d-d965ccfc6d4b" outcome="Passed" testListId="8c84fa94-04c1-424b-9868-57a2d4851a1d" relativeResultsDirectory="6b4e34b1-2128-46a4-90dd-f6c6b53c22de" /><UnitTestResult executionId="68418e86-e962-4d18-98a8-6744fece1638" testId="2d06682a-9764-4a34-92af-b200b1753d06" testName="Patch_MultipleInvalidReferencePropertiesReturnsMultipleValidationErrorsAndBadRequest" computerName="VECTOR" duration="00:00:00.0170000" startTime="2018-05-22T05:02:41.7183359-04:00" endTime="2018-05-22T05:02:41.7183413-04:00" testType="13cdc9d9-ddb5-4fa4-a97d-d965ccfc6d4b" outcome="Passed" testListId="8c84fa94-04c1-424b-9868-57a2d4851a1d" relativeResultsDirectory="68418e86-e962-4d18-98a8-6744fece1638" /><UnitTestResult executionId="7a701277-0bc9-4a25-8763-9b81dfd53ed3" testId="d73befc3-b81b-45e6-99dd-0ffcf71dbe9c" testName="Put_InvalidIdReturnsNotFound" computerName="VECTOR" duration="00:00:00.1160000" startTime="2018-05-22T05:02:42.4564140-04:00" endTime="2018-05-22T05:02:42.4564197-04:00" testType="13cdc9d9-ddb5-4fa4-a97d-d965ccfc6d4b" outcome="Passed" testListId="8c84fa94-04c1-424b-9868-57a2d4851a1d" relativeResultsDirectory="7a701277-0bc9-4a25-8763-9b81dfd53ed3" /><UnitTestResult executionId="280a3aed-3dc0-41ca-8ae3-ca56a19adbdb" testId="5eaaee59-9f98-44e3-a819-56b962fbe797" testName="GetFile_NonExistentFileReturnsNotFound" computerName="VECTOR" duration="00:00:00.0040000" startTime="2018-05-22T05:02:54.2269875-04:00" endTime="2018-05-22T05:02:54.2269920-04:00" testType="13cdc9d9-ddb5-4fa4-a97d-d965ccfc6d4b" outcome="Passed" testListId="8c84fa94-04c1-424b-9868-57a2d4851a1d" relativeResultsDirectory="280a3aed-3dc0-41ca-8ae3-ca56a19adbdb" /><UnitTestResult executionId="cd36449c-2808-4e13-b25d-4ca8befffe07" testId="c9259d1f-6bf9-4ead-b7e0-82491e7cfcdb" testName="PostFile_FileIsSynchronizedIsUpdatedAfterFileIsPosted" computerName="VECTOR" duration="00:00:00.0560000" startTime="2018-05-22T05:02:54.3455470-04:00" endTime="2018-05-22T05:02:54.3455538-04:00" testType="13cdc9d9-ddb5-4fa4-a97d-d965ccfc6d4b" outcome="Passed" testListId="8c84fa94-04c1-424b-9868-57a2d4851a1d" relativeResultsDirectory="cd36449c-2808-4e13-b25d-4ca8befffe07" /><UnitTestResult executionId="7031a7f0-2c9c-48d6-8da5-d226b490d62a" testId="4fd69572-3c90-4c5a-96bb-12226a8dd8d7" testName="LucyModel3dHasTwoDependents" computerName="VECTOR" duration="00:00:01.1590000" startTime="2018-05-22T05:02:39.9943858-04:00" endTime="2018-05-22T05:02:39.9943924-04:00" testType="13cdc9d9-ddb5-4fa4-a97d-d965ccfc6d4b" outcome="Passed" testListId="8c84fa94-04c1-424b-9868-57a2d4851a1d" relativeResultsDirectory="7031a7f0-2c9c-48d6-8da5-d226b490d62a" /><UnitTestResult executionId="42fed64e-6f09-4269-8824-319abbc53dcf" testId="5b409600-2670-42ad-9ed3-715f388f7c40" testName="GetFile_NonExistentFileReturnsNotFound" computerName="VECTOR" duration="00:00:00.0120000" startTime="2018-05-22T05:02:44.8054281-04:00" endTime="2018-05-22T05:02:44.8054335-04:00" testType="13cdc9d9-ddb5-4fa4-a97d-d965ccfc6d4b" outcome="Passed" testListId="8c84fa94-04c1-424b-9868-57a2d4851a1d" relativeResultsDirectory="42fed64e-6f09-4269-8824-319abbc53dcf" /><UnitTestResult executionId="c0d22e53-5731-4050-a432-d7f4951d2122" testId="458b44a1-a33b-489f-9073-c4c4f14100d0" testName="GetSingle_ValidIdPropertyValueReturnsCorrectModel" computerName="VECTOR" duration="00:00:00.0060000" startTime="2018-05-22T05:02:44.7730771-04:00" endTime="2018-05-22T05:02:44.7730806-04:00" testType="13cdc9d9-ddb5-4fa4-a97d-d965ccfc6d4b" outcome="Passed" testListId="8c84fa94-04c1-424b-9868-57a2d4851a1d" relativeResultsDirectory="c0d22e53-5731-4050-a432-d7f4951d2122" /><UnitTestResult executionId="3aec870d-30be-43d1-b6ba-cc86abc9ba7d" testId="83d10a0e-b986-469f-894e-3ac4f338d6ed" testName="PostFile_FileTimeStampIsUpdatedAfterFileIsPosted" computerName="VECTOR" duration="00:00:01.1130000" startTime="2018-05-22T05:02:47.8317315-04:00" endTime="2018-05-22T05:02:47.8317372-04:00" testType="13cdc9d9-ddb5-4fa4-a97d-d965ccfc6d4b" outcome="Passed" testListId="8c84fa94-04c1-424b-9868-57a2d4851a1d" relativeResultsDirectory="3aec870d-30be-43d1-b6ba-cc86abc9ba7d" /><UnitTestResult executionId="ca24ca6e-0d74-4634-aef8-c4e67800c426" testId="b24e340c-d8f3-4793-bebe-80084f672404" testName="Post_CanCreateNewModel" computerName="VECTOR" duration="00:00:00.0130000" startTime="2018-05-22T05:02:54.5030357-04:00" endTime="2018-05-22T05:02:54.5030420-04:00" testType="13cdc9d9-ddb5-4fa4-a97d-d965ccfc6d4b" outcome="Passed" testListId="8c84fa94-04c1-424b-9868-57a2d4851a1d" relativeResultsDirectory="ca24ca6e-0d74-4634-aef8-c4e67800c426" /><UnitTestResult executionId="66b16bfc-36bc-45f6-bafd-d423010ec45b" testId="f85672c7-d03b-4d5c-92e7-ad83d64ac0d2" testName="Put_ValidReferencePropertyUpdatesModel" computerName="VECTOR" duration="00:00:00.0550000" startTime="2018-05-22T05:02:42.6880488-04:00" endTime="2018-05-22T05:02:42.6880545-04:00" testType="13cdc9d9-ddb5-4fa4-a97d-d965ccfc6d4b" outcome="Passed" testListId="8c84fa94-04c1-424b-9868-57a2d4851a1d" relativeResultsDirectory="66b16bfc-36bc-45f6-bafd-d423010ec45b" /><UnitTestResult executionId="6182e17e-b8c7-471b-b33f-d6acbbb07f4b" testId="5c21c0f3-50c2-4575-be56-b1a279d4c087" testName="Patch_InvalidEnumPropertyValueReturnsBadRequest" computerName="VECTOR" duration="00:00:00.0020000" startTime="2018-05-22T05:02:40.9153399-04:00" endTime="2018-05-22T05:02:40.9153424-04:00" testType="13cdc9d9-ddb5-4fa4-a97d-d965ccfc6d4b" outcome="Passed" testListId="8c84fa94-04c1-424b-9868-57a2d4851a1d" relativeResultsDirectory="6182e17e-b8c7-471b-b33f-d6acbbb07f4b" /><UnitTestResult executionId="8edd9670-110b-4a09-9da5-bf25a0eeae05" testId="81ba1806-1520-4056-a260-bc96a4d56613" testName="Put_ValidReferencePropertyUpdatesModel" computerName="VECTOR" duration="00:00:00.0260000" startTime="2018-05-22T05:02:41.6829176-04:00" endTime="2018-05-22T05:02:41.6829250-04:00" testType="13cdc9d9-ddb5-4fa4-a97d-d965ccfc6d4b" outcome="Passed" testListId="8c84fa94-04c1-424b-9868-57a2d4851a1d" relativeResultsDirectory="8edd9670-110b-4a09-9da5-bf25a0eeae05" /><UnitTestResult executionId="2ba89409-7a70-4869-accf-624ce1657d42" testId="bb8fa606-e1ce-4fd4-bbe7-65c141589b34" testName="Delete_TargetModelIsDeleted" computerName="VECTOR" duration="00:00:00.2850000" startTime="2018-05-22T05:02:40.7971215-04:00" endTime="2018-05-22T05:02:40.7971272-04:00" testType="13cdc9d9-ddb5-4fa4-a97d-d965ccfc6d4b" outcome="Passed" testListId="8c84fa94-04c1-424b-9868-57a2d4851a1d" relativeResultsDirectory="2ba89409-7a70-4869-accf-624ce1657d42" /><UnitTestResult executionId="bd353887-0717-4c21-8644-d3e4bab333fd" testId="0b782003-5eab-4c7e-b6e9-7c424b66d3e8" testName="GetFile_NonExistentFileReturnsNotFound" computerName="VECTOR" duration="00:00:00.0060000" startTime="2018-05-22T05:02:42.3380651-04:00" endTime="2018-05-22T05:02:42.3380696-04:00" testType="13cdc9d9-ddb5-4fa4-a97d-d965ccfc6d4b" outcome="Passed" testListId="8c84fa94-04c1-424b-9868-57a2d4851a1d" relativeResultsDirectory="bd353887-0717-4c21-8644-d3e4bab333fd" /><UnitTestResult executionId="2b1ec43c-5ea7-4c90-9700-8d4c871ebb85" testId="941da120-1f46-4c3f-b2a5-8a5e64090aca" testName="Post_CanCreateNewModel" computerName="VECTOR" duration="00:00:00.0110000" startTime="2018-05-22T05:02:52.2320311-04:00" endTime="2018-05-22T05:02:52.2320365-04:00" testType="13cdc9d9-ddb5-4fa4-a97d-d965ccfc6d4b" outcome="Passed" testListId="8c84fa94-04c1-424b-9868-57a2d4851a1d" relativeResultsDirectory="2b1ec43c-5ea7-4c90-9700-8d4c871ebb85" /><UnitTestResult executionId="4e5a450f-ed59-4437-9bab-bfa9c6cdd345" testId="273128eb-571b-46e2-9d16-7f98cf64202d" testName="Post_InvalidPropertyValueReturnsBadRequest" computerName="VECTOR" duration="00:00:00.0020000" startTime="2018-05-22T05:02:44.7922612-04:00" endTime="2018-05-22T05:02:44.7922637-04:00" testType="13cdc9d9-ddb5-4fa4-a97d-d965ccfc6d4b" outcome="Passed" testListId="8c84fa94-04c1-424b-9868-57a2d4851a1d" relativeResultsDirectory="4e5a450f-ed59-4437-9bab-bfa9c6cdd345" /><UnitTestResult executionId="f30fad6f-2162-4265-ab1a-021938865b8d" testId="4b430bc3-c61c-42c1-adcf-652125d3b5f9" testName="Patch_InvalidIdPropertyReturnsNotFound" computerName="VECTOR" duration="00:00:00.0050000" startTime="2018-05-22T05:02:52.2208238-04:00" endTime="2018-05-22T05:02:52.2208300-04:00" testType="13cdc9d9-ddb5-4fa4-a97d-d965ccfc6d4b" outcome="Passed" testListId="8c84fa94-04c1-424b-9868-57a2d4851a1d" relativeResultsDirectory="f30fad6f-2162-4265-ab1a-021938865b8d" /><UnitTestResult executionId="c24e9bab-36f7-45d9-8b2f-bc3c8ae7f84b" testId="49dc7bde-7049-4669-9689-5aa03bde7e35" testName="CameraHasExpectedDependentFiles" computerName="VECTOR" duration="00:00:00.0010000" startTime="2018-05-22T05:02:40.0031709-04:00" endTime="2018-05-22T05:02:40.0031734-04:00" testType="13cdc9d9-ddb5-4fa4-a97d-d965ccfc6d4b" outcome="Passed" testListId="8c84fa94-04c1-424b-9868-57a2d4851a1d" relativeResultsDirectory="c24e9bab-36f7-45d9-8b2f-bc3c8ae7f84b" /><UnitTestResult executionId="3fafb0ac-4b69-408b-a735-056d8cc17a58" testId="fab9e105-2935-4d25-8b6a-a263be7c79f3" testName="GetFile_ExistingFileReturnsSuccess" computerName="VECTOR" duration="00:00:00.0170000" startTime="2018-05-22T05:02:46.7185545-04:00" endTime="2018-05-22T05:02:46.7185619-04:00" testType="13cdc9d9-ddb5-4fa4-a97d-d965ccfc6d4b" outcome="Passed" testListId="8c84fa94-04c1-424b-9868-57a2d4851a1d" relativeResultsDirectory="3fafb0ac-4b69-408b-a735-056d8cc17a58" /><UnitTestResult executionId="8a6cd4cf-47a9-4500-8112-d0e12ed91c56" testId="bb79f56c-0f92-45e0-ae5d-ec67763e12c5" testName="LucyCameraFindsAllDependents" computerName="VECTOR" duration="00:00:00.0080000" startTime="2018-05-22T05:02:40.0027598-04:00" endTime="2018-05-22T05:02:40.0027649-04:00" testType="13cdc9d9-ddb5-4fa4-a97d-d965ccfc6d4b" outcome="Passed" testListId="8c84fa94-04c1-424b-9868-57a2d4851a1d" relativeResultsDirectory="8a6cd4cf-47a9-4500-8112-d0e12ed91c56" /><UnitTestResult executionId="3fbb3d3d-7123-499e-97f1-a9994fdbfa29" testId="e6f68eb7-5752-4076-bdca-cd89ae4fef74" testName="Patch_InvalidPropertyNameReturnsBadRequest" computerName="VECTOR" duration="00:00:00.0040000" startTime="2018-05-22T05:02:41.6069953-04:00" endTime="2018-05-22T05:02:41.6069981-04:00" testType="13cdc9d9-ddb5-4fa4-a97d-d965ccfc6d4b" outcome="Passed" testListId="8c84fa94-04c1-424b-9868-57a2d4851a1d" relativeResultsDirectory="3fbb3d3d-7123-499e-97f1-a9994fdbfa29" /><UnitTestResult executionId="6d25a766-b3d7-4b5a-a07d-7e660d3ef0f3" testId="8a7b607c-7bec-4c17-9726-ad2150edcf0f" testName="PostFile_FileIsSynchronizedIsUpdatedAfterFileIsPosted" computerName="VECTOR" duration="00:00:00.0890000" startTime="2018-05-22T05:02:49.9531470-04:00" endTime="2018-05-22T05:02:49.9531547-04:00" testType="13cdc9d9-ddb5-4fa4-a97d-d965ccfc6d4b" outcome="Passed" testListId="8c84fa94-04c1-424b-9868-57a2d4851a1d" relativeResultsDirectory="6d25a766-b3d7-4b5a-a07d-7e660d3ef0f3" /><UnitTestResult executionId="6590f7b1-db88-4f17-ba18-ca6890b07ee0" testId="53e427ef-4372-44ac-b84f-737073b407ae" testName="Patch_ValidReferencePropertyUpdatesModel" computerName="VECTOR" duration="00:00:00.0430000" startTime="2018-05-22T05:02:54.7403536-04:00" endTime="2018-05-22T05:02:54.7403598-04:00" testType="13cdc9d9-ddb5-4fa4-a97d-d965ccfc6d4b" outcome="Passed" testListId="8c84fa94-04c1-424b-9868-57a2d4851a1d" relativeResultsDirectory="6590f7b1-db88-4f17-ba18-ca6890b07ee0" /><UnitTestResult executionId="00ad072c-ea8f-4994-900f-7fb82dfc0adb" testId="38f8fffb-a831-4306-b29f-13bc3ca55ad5" testName="Post_ValidReferencePropertyCreatesModel" computerName="VECTOR" duration="00:00:00.0150000" startTime="2018-05-22T05:02:54.6633223-04:00" endTime="2018-05-22T05:02:54.6633302-04:00" testType="13cdc9d9-ddb5-4fa4-a97d-d965ccfc6d4b" outcome="Passed" testListId="8c84fa94-04c1-424b-9868-57a2d4851a1d" relativeResultsDirectory="00ad072c-ea8f-4994-900f-7fb82dfc0adb" /><UnitTestResult executionId="aebe99bf-d9ef-4f20-9c0a-27afb19c41ea" testId="7ca2bdeb-7f0e-43b5-b5be-50493b31459f" testName="Put_CanUpdateModel" computerName="VECTOR" duration="00:00:00.0850000" startTime="2018-05-22T05:02:41.5400795-04:00" endTime="2018-05-22T05:02:41.5400858-04:00" testType="13cdc9d9-ddb5-4fa4-a97d-d965ccfc6d4b" outcome="Passed" testListId="8c84fa94-04c1-424b-9868-57a2d4851a1d" relativeResultsDirectory="aebe99bf-d9ef-4f20-9c0a-27afb19c41ea" /><UnitTestResult executionId="c96b33f9-5b7d-44a3-aa81-2105a0e3433b" testId="6dd6550d-6b9f-4cd6-a9c2-b50eb0da19fb" testName="Put_CanUpdateModel" computerName="VECTOR" duration="00:00:00.0520000" startTime="2018-05-22T05:02:54.6333880-04:00" endTime="2018-05-22T05:02:54.6333948-04:00" testType="13cdc9d9-ddb5-4fa4-a97d-d965ccfc6d4b" outcome="Passed" testListId="8c84fa94-04c1-424b-9868-57a2d4851a1d" relativeResultsDirectory="c96b33f9-5b7d-44a3-aa81-2105a0e3433b" /><UnitTestResult executionId="82bb1135-37cc-45d6-995c-db8014f76b6e" testId="78a13aeb-b1c9-4b10-b5d6-6fa27b45e516" testName="Patch_TargetPropertyIsUpdated" computerName="VECTOR" duration="00:00:00.2990000" startTime="2018-05-22T05:02:41.4548210-04:00" endTime="2018-05-22T05:02:41.4548278-04:00" testType="13cdc9d9-ddb5-4fa4-a97d-d965ccfc6d4b" outcome="Passed" testListId="8c84fa94-04c1-424b-9868-57a2d4851a1d" relativeResultsDirectory="82bb1135-37cc-45d6-995c-db8014f76b6e" /><UnitTestResult executionId="622720af-d628-4871-8eea-063b651db1a1" testId="d4029775-724c-4041-bfed-9a07c3feba00" testName="GetSingle_ValidIdPropertyValueReturnsCorrectModel" computerName="VECTOR" duration="00:00:00.0060000" startTime="2018-05-22T05:02:54.4899370-04:00" endTime="2018-05-22T05:02:54.4899430-04:00" testType="13cdc9d9-ddb5-4fa4-a97d-d965ccfc6d4b" outcome="Passed" testListId="8c84fa94-04c1-424b-9868-57a2d4851a1d" relativeResultsDirectory="622720af-d628-4871-8eea-063b651db1a1" /><UnitTestResult executionId="d627f57f-4435-4ee2-b7c1-e4cd0c7a75ba" testId="b487a9a0-35b0-4f70-92de-13598ac89c24" testName="Put_InvalidIdReturnsNotFound" computerName="VECTOR" duration="00:00:00.0100000" startTime="2018-05-22T05:02:52.4590863-04:00" endTime="2018-05-22T05:02:52.4590931-04:00" testType="13cdc9d9-ddb5-4fa4-a97d-d965ccfc6d4b" outcome="Passed" testListId="8c84fa94-04c1-424b-9868-57a2d4851a1d" relativeResultsDirectory="d627f57f-4435-4ee2-b7c1-e4cd0c7a75ba" /><UnitTestResult executionId="60c5e610-89ad-4190-8327-7a260323f7fb" testId="8f69f8ad-6267-4fbd-a259-1a985733c59d" testName="PostFile_NewFileCanBePosted" computerName="VECTOR" duration="00:00:00.0530000" startTime="2018-05-22T05:02:42.2634510-04:00" endTime="2018-05-22T05:02:42.2634559-04:00" testType="13cdc9d9-ddb5-4fa4-a97d-d965ccfc6d4b" outcome="Passed" testListId="8c84fa94-04c1-424b-9868-57a2d4851a1d" relativeResultsDirectory="60c5e610-89ad-4190-8327-7a260323f7fb" /><UnitTestResult executionId="cfd86fdf-5a7d-4510-a82d-8e7a1f2fe8a2" testId="5b905c08-4362-49f1-a489-0bbd804f33fc" testName="PutFile_FileCanBeUpdated" computerName="VECTOR" duration="00:00:00.1240000" startTime="2018-05-22T05:02:53.8504621-04:00" endTime="2018-05-22T05:02:53.8504683-04:00" testType="13cdc9d9-ddb5-4fa4-a97d-d965ccfc6d4b" outcome="Passed" testListId="8c84fa94-04c1-424b-9868-57a2d4851a1d" relativeResultsDirectory="cfd86fdf-5a7d-4510-a82d-8e7a1f2fe8a2" /><UnitTestResult executionId="a8253874-3598-433a-aa5d-260e3da59ce8" testId="88e0821a-ef1d-4f88-8137-cde4a93b88da" testName="GetFile_ExistingFileReturnsSuccess" computerName="VECTOR" duration="00:00:00.0660000" startTime="2018-05-22T05:02:42.1098928-04:00" endTime="2018-05-22T05:02:42.1098999-04:00" testType="13cdc9d9-ddb5-4fa4-a97d-d965ccfc6d4b" outcome="Passed" testListId="8c84fa94-04c1-424b-9868-57a2d4851a1d" relativeResultsDirectory="a8253874-3598-433a-aa5d-260e3da59ce8" /><UnitTestResult executionId="b1330d42-4d29-43c9-971b-2562e3155a4d" testId="a8b7cb2f-8033-441e-be4d-5f481c40d4f3" testName="Put_CanUpdateModel" computerName="VECTOR" duration="00:00:00.0310000" startTime="2018-05-22T05:02:40.9530145-04:00" endTime="2018-05-22T05:02:40.9530202-04:00" testType="13cdc9d9-ddb5-4fa4-a97d-d965ccfc6d4b" outcome="Passed" testListId="8c84fa94-04c1-424b-9868-57a2d4851a1d" relativeResultsDirectory="b1330d42-4d29-43c9-971b-2562e3155a4d" /><UnitTestResult executionId="0721cdf4-41b7-44ba-b6a0-009d2f3e29a3" testId="c2c41bae-d6c0-4fcb-9463-0c63f14fa053" testName="Post_InvalidPropertyValueReturnsBadRequest" computerName="VECTOR" duration="00:00:00.0030000" startTime="2018-05-22T05:02:42.6909757-04:00" endTime="2018-05-22T05:02:42.6909783-04:00" testType="13cdc9d9-ddb5-4fa4-a97d-d965ccfc6d4b" outcome="Passed" testListId="8c84fa94-04c1-424b-9868-57a2d4851a1d" relativeResultsDirectory="0721cdf4-41b7-44ba-b6a0-009d2f3e29a3" /><UnitTestResult executionId="9cbe6fd2-aecb-4d95-b15b-7f9792490b88" testId="caf5d1ed-4bcb-4c51-b112-037b283d5b33" testName="PutFile_NewFileCanBePut" computerName="VECTOR" duration="00:00:00.0610000" startTime="2018-05-22T05:02:54.2888267-04:00" endTime="2018-05-22T05:02:54.2888332-04:00" testType="13cdc9d9-ddb5-4fa4-a97d-d965ccfc6d4b" outcome="Passed" testListId="8c84fa94-04c1-424b-9868-57a2d4851a1d" relativeResultsDirectory="9cbe6fd2-aecb-4d95-b15b-7f9792490b88" /><UnitTestResult executionId="7f302244-8cfa-4157-8cf8-122a266eaf7b" testId="c1bb279a-5567-49a2-a825-268999f0d3ab" testName="Post_ValidReferencePropertyCreatesModel" computerName="VECTOR" duration="00:00:00.0130000" startTime="2018-05-22T05:02:52.5168105-04:00" endTime="2018-05-22T05:02:52.5168184-04:00" testType="13cdc9d9-ddb5-4fa4-a97d-d965ccfc6d4b" outcome="Passed" testListId="8c84fa94-04c1-424b-9868-57a2d4851a1d" relativeResultsDirectory="7f302244-8cfa-4157-8cf8-122a266eaf7b" /><UnitTestResult executionId="1af6c73b-10b0-448e-a960-051d97fa739b" testId="c7f14aa0-7e0f-45dc-9514-e9c3ae1e229f" testName="Patch_TargetPropertyIsUpdated" computerName="VECTOR" duration="00:00:00.0330000" startTime="2018-05-22T05:02:52.2654712-04:00" endTime="2018-05-22T05:02:52.2654780-04:00" testType="13cdc9d9-ddb5-4fa4-a97d-d965ccfc6d4b" outcome="Passed" testListId="8c84fa94-04c1-424b-9868-57a2d4851a1d" relativeResultsDirectory="1af6c73b-10b0-448e-a960-051d97fa739b" /><UnitTestResult executionId="45e6214c-8640-48d0-885d-bd9d96390845" testId="4596403d-187e-40ae-9aab-37fa89ebef28" testName="GetSingle_InvalidIdPropertyValueReturnsNotFound" computerName="VECTOR" duration="00:00:00.0040000" startTime="2018-05-22T05:02:54.5692931-04:00" endTime="2018-05-22T05:02:54.5692979-04:00" testType="13cdc9d9-ddb5-4fa4-a97d-d965ccfc6d4b" outcome="Passed" testListId="8c84fa94-04c1-424b-9868-57a2d4851a1d" relativeResultsDirectory="45e6214c-8640-48d0-885d-bd9d96390845" /><UnitTestResult executionId="1db93b4b-7523-4958-9fd5-52f46beb4ac7" testId="8f8170cb-8648-4122-9d3a-3e665f36f5a6" testName="Patch_InvalidIdPropertyReturnsNotFound" computerName="VECTOR" duration="00:00:00.0080000" startTime="2018-05-22T05:02:41.0387035-04:00" endTime="2018-05-22T05:02:41.0387077-04:00" testType="13cdc9d9-ddb5-4fa4-a97d-d965ccfc6d4b" outcome="Passed" testListId="8c84fa94-04c1-424b-9868-57a2d4851a1d" relativeResultsDirectory="1db93b4b-7523-4958-9fd5-52f46beb4ac7" /><UnitTestResult executionId="36476aa0-584c-415f-92b2-8cd6fa50a3e8" testId="df3cc9a5-18c5-47da-b2d2-f4c11ed2b591" testName="Post_ValidReferencePropertyCreatesModel" computerName="VECTOR" duration="00:00:00.0120000" startTime="2018-05-22T05:02:44.7517935-04:00" endTime="2018-05-22T05:02:44.7517989-04:00" testType="13cdc9d9-ddb5-4fa4-a97d-d965ccfc6d4b" outcome="Passed" testListId="8c84fa94-04c1-424b-9868-57a2d4851a1d" relativeResultsDirectory="36476aa0-584c-415f-92b2-8cd6fa50a3e8" /><UnitTestResult executionId="0d496cc8-790f-4ed6-8301-8786dc86eafa" testId="8ec5676e-d383-4578-84cb-b88eb37a9ba7" testName="Patch_MultipleInvalidReferencePropertiesReturnsMultipleValidationErrorsAndBadRequest" computerName="VECTOR" duration="00:00:00.0090000" startTime="2018-05-22T05:02:52.4325693-04:00" endTime="2018-05-22T05:02:52.4325749-04:00" testType="13cdc9d9-ddb5-4fa4-a97d-d965ccfc6d4b" outcome="Passed" testListId="8c84fa94-04c1-424b-9868-57a2d4851a1d" relativeResultsDirectory="0d496cc8-790f-4ed6-8301-8786dc86eafa" /><UnitTestResult executionId="e214e40a-6632-4e72-a98d-9b32974d3701" testId="bb49b804-6f42-4419-a776-0d9ae78267a1" testName="Patch_InvalidEnumPropertyValueReturnsBadRequest" computerName="VECTOR" duration="00:00:00.0040000" startTime="2018-05-22T05:02:44.6401260-04:00" endTime="2018-05-22T05:02:44.6401311-04:00" testType="13cdc9d9-ddb5-4fa4-a97d-d965ccfc6d4b" outcome="Passed" testListId="8c84fa94-04c1-424b-9868-57a2d4851a1d" relativeResultsDirectory="e214e40a-6632-4e72-a98d-9b32974d3701" /><UnitTestResult executionId="de91d41f-dba0-4b69-b800-fb97810c1422" testId="8073f9ed-5579-4a87-b9cc-37d3d0e3fbe0" testName="Model3dHasExpectedDependentFiles" computerName="VECTOR" duration="00:00:00.0340000" startTime="2018-05-22T05:02:38.8364147-04:00" endTime="2018-05-22T05:02:38.8364210-04:00" testType="13cdc9d9-ddb5-4fa4-a97d-d965ccfc6d4b" outcome="Passed" testListId="8c84fa94-04c1-424b-9868-57a2d4851a1d" relativeResultsDirectory="de91d41f-dba0-4b69-b800-fb97810c1422" /><UnitTestResult executionId="418a2524-07d4-49c4-af22-c63e683e776b" testId="830b183a-6300-40b2-bb15-ca71833272fa" testName="Post_CanCreateNewModel" computerName="VECTOR" duration="00:00:00.0100000" startTime="2018-05-22T05:02:40.8786142-04:00" endTime="2018-05-22T05:02:40.8786185-04:00" testType="13cdc9d9-ddb5-4fa4-a97d-d965ccfc6d4b" outcome="Passed" testListId="8c84fa94-04c1-424b-9868-57a2d4851a1d" relativeResultsDirectory="418a2524-07d4-49c4-af22-c63e683e776b" /><UnitTestResult executionId="13ba9131-8191-4306-a439-9be1243e7a25" testId="10c31b90-9a96-49fd-b645-16e658066d33" testName="FileRequest_FileCanBeReadAfterRename" computerName="VECTOR" duration="00:00:00.1240000" startTime="2018-05-22T05:02:50.0770692-04:00" endTime="2018-05-22T05:02:50.0770766-04:00" testType="13cdc9d9-ddb5-4fa4-a97d-d965ccfc6d4b" outcome="Passed" testListId="8c84fa94-04c1-424b-9868-57a2d4851a1d" relativeResultsDirectory="13ba9131-8191-4306-a439-9be1243e7a25" /><UnitTestResult executionId="88f5aa83-daf2-4bd5-8f5c-360d66a8d036" testId="98bc2171-5388-4d0c-ac7d-b3b5686efa82" testName="Patch_InvalidReferencePropertyReturnsBadRequest" computerName="VECTOR" duration="00:00:00.0020000" startTime="2018-05-22T05:02:40.8681135-04:00" endTime="2018-05-22T05:02:40.8681160-04:00" testType="13cdc9d9-ddb5-4fa4-a97d-d965ccfc6d4b" outcome="Passed" testListId="8c84fa94-04c1-424b-9868-57a2d4851a1d" relativeResultsDirectory="88f5aa83-daf2-4bd5-8f5c-360d66a8d036" /><UnitTestResult executionId="ed2c4c36-b6ec-4eba-9700-d79e60ba36d9" testId="59b559bb-23cc-4325-a9f2-6c8f9a830463" testName="Patch_InvalidEnumPropertyValueReturnsBadRequest" computerName="VECTOR" duration="00:00:00.0050000" startTime="2018-05-22T05:02:41.7759995-04:00" endTime="2018-05-22T05:02:41.7760024-04:00" testType="13cdc9d9-ddb5-4fa4-a97d-d965ccfc6d4b" outcome="Passed" testListId="8c84fa94-04c1-424b-9868-57a2d4851a1d" relativeResultsDirectory="ed2c4c36-b6ec-4eba-9700-d79e60ba36d9" /><UnitTestResult executionId="0408b22b-9eab-4650-a33f-2b674b0aab96" testId="7f014389-5461-4bf0-8bc3-b62921c7b2ae" testName="MeshTransformHasExpectedDependentFiles" computerName="VECTOR" duration="00:00:00.0010000" startTime="2018-05-22T05:02:40.0034344-04:00" endTime="2018-05-22T05:02:40.0034358-04:00" testType="13cdc9d9-ddb5-4fa4-a97d-d965ccfc6d4b" outcome="Passed" testListId="8c84fa94-04c1-424b-9868-57a2d4851a1d" relativeResultsDirectory="0408b22b-9eab-4650-a33f-2b674b0aab96" /><UnitTestResult executionId="acd4a821-6bdb-4351-aa55-de795546ac4f" testId="bdbf4aa1-6632-4d22-85a6-810019de55ca" testName="GetSingle_InvalidIdPropertyValueReturnsNotFound" computerName="VECTOR" duration="00:00:00.0040000" startTime="2018-05-22T05:02:44.7127160-04:00" endTime="2018-05-22T05:02:44.7127189-04:00" testType="13cdc9d9-ddb5-4fa4-a97d-d965ccfc6d4b" outcome="Passed" testListId="8c84fa94-04c1-424b-9868-57a2d4851a1d" relativeResultsDirectory="acd4a821-6bdb-4351-aa55-de795546ac4f" /><UnitTestResult executionId="db898d0e-bc44-42ed-9906-5b29cf8c6fb7" testId="29d46a29-2c37-40a1-9dd2-806d09b2b183" testName="Delete_TargetModelIsDeleted" computerName="VECTOR" duration="00:00:00.0190000" startTime="2018-05-22T05:02:52.2157133-04:00" endTime="2018-05-22T05:02:52.2157196-04:00" testType="13cdc9d9-ddb5-4fa4-a97d-d965ccfc6d4b" outcome="Passed" testListId="8c84fa94-04c1-424b-9868-57a2d4851a1d" relativeResultsDirectory="db898d0e-bc44-42ed-9906-5b29cf8c6fb7" /><UnitTestResult executionId="e926115b-5ea1-41ba-9884-e7eff5205521" testId="3e4e5e01-b502-4a80-bc33-0d364a009c7e" testName="GetSingle_ValidIdPropertyValueReturnsCorrectModel" computerName="VECTOR" duration="00:00:00.0040000" startTime="2018-05-22T05:02:42.8172743-04:00" endTime="2018-05-22T05:02:42.8172769-04:00" testType="13cdc9d9-ddb5-4fa4-a97d-d965ccfc6d4b" outcome="Passed" testListId="8c84fa94-04c1-424b-9868-57a2d4851a1d" relativeResultsDirectory="e926115b-5ea1-41ba-9884-e7eff5205521" /><UnitTestResult executionId="2eb1a9b7-3dec-48fc-8406-8a390c838dcb" testId="3939f606-1980-471f-9800-fe0ebb6053ad" testName="FileRequest_DepthBufferIsInvalidatedAfterCameraDependencyPropertyChange" computerName="VECTOR" duration="00:00:00.2730000" startTime="2018-05-22T05:02:54.2226034-04:00" endTime="2018-05-22T05:02:54.2226096-04:00" testType="13cdc9d9-ddb5-4fa4-a97d-d965ccfc6d4b" outcome="Passed" testListId="8c84fa94-04c1-424b-9868-57a2d4851a1d" relativeResultsDirectory="2eb1a9b7-3dec-48fc-8406-8a390c838dcb" /><UnitTestResult executionId="641af500-d2e3-4123-a6cf-d0d182a99d4c" testId="bfc6c246-4ad3-4adf-9d76-8d5377a78f13" testName="DepthBufferHasExpectedDependentFiles" computerName="VECTOR" duration="00:00:00.0010000" startTime="2018-05-22T05:02:40.0081020-04:00" endTime="2018-05-22T05:02:40.0081046-04:00" testType="13cdc9d9-ddb5-4fa4-a97d-d965ccfc6d4b" outcome="Passed" testListId="8c84fa94-04c1-424b-9868-57a2d4851a1d" relativeResultsDirectory="641af500-d2e3-4123-a6cf-d0d182a99d4c" /><UnitTestResult executionId="d61a009c-f57e-4a91-bd82-3eb4b5b4074a" testId="3890e2ee-947f-411b-b36f-8dca37c1042c" testName="Put_InvalidIdReturnsNotFound" computerName="VECTOR" duration="00:00:00.4530000" startTime="2018-05-22T05:02:43.6848865-04:00" endTime="2018-05-22T05:02:43.6848925-04:00" testType="13cdc9d9-ddb5-4fa4-a97d-d965ccfc6d4b" outcome="Passed" testListId="8c84fa94-04c1-424b-9868-57a2d4851a1d" relativeResultsDirectory="d61a009c-f57e-4a91-bd82-3eb4b5b4074a" /><UnitTestResult executionId="03e10b2b-109f-47bc-b3f8-f11004d35f18" testId="fd86eb34-1993-40bc-b1c9-05558d98c48c" testName="Post_ValidReferencePropertyCreatesModel" computerName="VECTOR" duration="00:00:00.0130000" startTime="2018-05-22T05:02:41.7009810-04:00" endTime="2018-05-22T05:02:41.7009872-04:00" testType="13cdc9d9-ddb5-4fa4-a97d-d965ccfc6d4b" outcome="Passed" testListId="8c84fa94-04c1-424b-9868-57a2d4851a1d" relativeResultsDirectory="03e10b2b-109f-47bc-b3f8-f11004d35f18" /><UnitTestResult executionId="96123aba-69c5-4cca-94ca-61ecf7da55a4" testId="f0daf3aa-162b-4cbf-be7f-a887d54195db" testName="GetList_ListReturnsCorrectCount" computerName="VECTOR" duration="00:00:00.0730000" startTime="2018-05-22T05:02:41.0265519-04:00" endTime="2018-05-22T05:02:41.0265582-04:00" testType="13cdc9d9-ddb5-4fa4-a97d-d965ccfc6d4b" outcome="Passed" testListId="8c84fa94-04c1-424b-9868-57a2d4851a1d" relativeResultsDirectory="96123aba-69c5-4cca-94ca-61ecf7da55a4" /><UnitTestResult executionId="15f7ce1e-e4e2-4d03-aa00-b4d0569273af" testId="d2bf7254-b0a5-459a-8454-1eeccef4c8c2" testName="Put_InvalidIdReturnsNotFound" computerName="VECTOR" duration="00:00:00.0100000" startTime="2018-05-22T05:02:54.5134548-04:00" endTime="2018-05-22T05:02:54.5134614-04:00" testType="13cdc9d9-ddb5-4fa4-a97d-d965ccfc6d4b" outcome="Passed" testListId="8c84fa94-04c1-424b-9868-57a2d4851a1d" relativeResultsDirectory="15f7ce1e-e4e2-4d03-aa00-b4d0569273af" /><UnitTestResult executionId="c343ca6b-7b64-4462-a7a4-aebc5b507d7f" testId="09756f76-13f0-4bdc-bf21-ef73f8183101" testName="Put_ValidReferencePropertyUpdatesModel" computerName="VECTOR" duration="00:00:00.1430000" startTime="2018-05-22T05:02:52.4084309-04:00" endTime="2018-05-22T05:02:52.4084380-04:00" testType="13cdc9d9-ddb5-4fa4-a97d-d965ccfc6d4b" outcome="Passed" testListId="8c84fa94-04c1-424b-9868-57a2d4851a1d" relativeResultsDirectory="c343ca6b-7b64-4462-a7a4-aebc5b507d7f" /><UnitTestResult executionId="8c0e019f-aa61-4e45-82d1-0a54cca0ad2a" testId="341542d1-ced3-4a0e-b94b-38fd7a1262c6" testName="PostFile_NewFileCanBePosted" computerName="VECTOR" duration="00:00:00.0730000" startTime="2018-05-22T05:02:47.9047903-04:00" endTime="2018-05-22T05:02:47.9047969-04:00" testType="13cdc9d9-ddb5-4fa4-a97d-d965ccfc6d4b" outcome="Passed" testListId="8c84fa94-04c1-424b-9868-57a2d4851a1d" relativeResultsDirectory="8c0e019f-aa61-4e45-82d1-0a54cca0ad2a" /><UnitTestResult executionId="cd8ff3df-569d-47bd-b6a6-82731bf62b2b" testId="93ceb9c8-97bf-4b13-8e65-4af698750dd0" testName="Patch_InvalidReferencePropertyReturnsBadRequest" computerName="VECTOR" duration="00:00:00.0130000" startTime="2018-05-22T05:02:44.6998890-04:00" endTime="2018-05-22T05:02:44.6998947-04:00" testType="13cdc9d9-ddb5-4fa4-a97d-d965ccfc6d4b" outcome="Passed" testListId="8c84fa94-04c1-424b-9868-57a2d4851a1d" relativeResultsDirectory="cd8ff3df-569d-47bd-b6a6-82731bf62b2b" /><UnitTestResult executionId="4148d0fa-e70d-4f33-91ab-b93610b29404" testId="e0f59527-4a97-451f-9ca6-9a21e3d7bd02" testName="GetSingle_InvalidIdPropertyValueReturnsNotFound" computerName="VECTOR" duration="00:00:00.0040000" startTime="2018-05-22T05:02:42.8128244-04:00" endTime="2018-05-22T05:02:42.8128275-04:00" testType="13cdc9d9-ddb5-4fa4-a97d-d965ccfc6d4b" outcome="Passed" testListId="8c84fa94-04c1-424b-9868-57a2d4851a1d" relativeResultsDirectory="4148d0fa-e70d-4f33-91ab-b93610b29404" /><UnitTestResult executionId="382058f5-22ac-4508-9ef8-7dcf6318931a" testId="53db5a9d-d451-4e0e-bd73-7d8ed9b02d6b" testName="Post_InvalidReferencePropertyReturnsBadRequest" computerName="VECTOR" duration="00:00:00.0060000" startTime="2018-05-22T05:02:52.4429653-04:00" endTime="2018-05-22T05:02:52.4429687-04:00" testType="13cdc9d9-ddb5-4fa4-a97d-d965ccfc6d4b" outcome="Failed" testListId="8c84fa94-04c1-424b-9868-57a2d4851a1d" relativeResultsDirectory="382058f5-22ac-4508-9ef8-7dcf6318931a"><Output><ErrorInfo><Message>Assert.True() Failure&#xD;
Expected: True&#xD;
Actual:   False</Message><StackTrace>   at ModelRelief.Test.Integration.BaseIntegrationTests`2.&lt;Post_InvalidReferencePropertyReturnsBadRequest&gt;d__7.MoveNext() in D:\Users\Steve Knipmeyer\Documents\GitHub\ModelRelief\ModelRelief.test\Integration\Base\BaseIntegrationTests.cs:line 194&#xD;
--- End of stack trace from previous location where exception was thrown ---&#xD;
   at System.Runtime.ExceptionServices.ExceptionDispatchInfo.Throw()&#xD;
   at System.Runtime.CompilerServices.TaskAwaiter.HandleNonSuccessAndDebuggerNotification(Task task)&#xD;
--- End of stack trace from previous location where exception was thrown ---&#xD;
   at System.Runtime.ExceptionServices.ExceptionDispatchInfo.Throw()&#xD;
   at System.Runtime.CompilerServices.TaskAwaiter.HandleNonSuccessAndDebuggerNotification(Task task)&#xD;
--- End of stack trace from previous location where exception was thrown ---&#xD;
   at System.Runtime.ExceptionServices.ExceptionDispatchInfo.Throw()&#xD;
   at System.Runtime.CompilerServices.TaskAwaiter.HandleNonSuccessAndDebuggerNotification(Task task)</StackTrace></ErrorInfo></Output></UnitTestResult><UnitTestResult executionId="df42b826-016c-477f-9f03-d55e742fa3c4" testId="efb5f1ee-be02-40b4-a105-9445d3a91c2a" testName="PostFile_NewFileCanBePosted" computerName="VECTOR" duration="00:00:00.0540000" startTime="2018-05-22T05:02:54.4001368-04:00" endTime="2018-05-22T05:02:54.4001416-04:00" testType="13cdc9d9-ddb5-4fa4-a97d-d965ccfc6d4b" outcome="Passed" testListId="8c84fa94-04c1-424b-9868-57a2d4851a1d" relativeResultsDirectory="df42b826-016c-477f-9f03-d55e742fa3c4" /><UnitTestResult executionId="8ac5b2c8-104c-433d-aaa3-e9be5ace3b10" testId="d3e10b81-b571-47c1-ba2c-086f76a5a43a" testName="Patch_TargetPropertyIsUpdated" computerName="VECTOR" duration="00:00:00.0410000" startTime="2018-05-22T05:02:54.8332672-04:00" endTime="2018-05-22T05:02:54.8332735-04:00" testType="13cdc9d9-ddb5-4fa4-a97d-d965ccfc6d4b" outcome="Passed" testListId="8c84fa94-04c1-424b-9868-57a2d4851a1d" relativeResultsDirectory="8ac5b2c8-104c-433d-aaa3-e9be5ace3b10" /><UnitTestResult executionId="2de88d47-da49-4af8-9682-a96ffc6bb2b0" testId="fe6abade-e39f-4bad-b52a-16bd58391401" testName="Patch_InvalidPropertyNameReturnsBadRequest" computerName="VECTOR" duration="00:00:00.0050000" startTime="2018-05-22T05:02:52.0605318-04:00" endTime="2018-05-22T05:02:52.0605369-04:00" testType="13cdc9d9-ddb5-4fa4-a97d-d965ccfc6d4b" outcome="Passed" testListId="8c84fa94-04c1-424b-9868-57a2d4851a1d" relativeResultsDirectory="2de88d47-da49-4af8-9682-a96ffc6bb2b0" /><UnitTestResult executionId="d85c7610-de04-469c-adc1-b16278abb510" testId="767d1da1-9602-4c47-8657-569efdce2562" testName="PutFile_FileCanBeUpdated" computerName="VECTOR" duration="00:00:00.1310000" startTime="2018-05-22T05:02:46.7015586-04:00" endTime="2018-05-22T05:02:46.7015649-04:00" testType="13cdc9d9-ddb5-4fa4-a97d-d965ccfc6d4b" outcome="Passed" testListId="8c84fa94-04c1-424b-9868-57a2d4851a1d" relativeResultsDirectory="d85c7610-de04-469c-adc1-b16278abb510" /><UnitTestResult executionId="33141ce5-be65-4668-a604-db3277a79fb9" testId="b8541640-c976-41a0-ae42-1fda35d272eb" testName="GetSingle_InvalidIdPropertyValueReturnsNotFound" computerName="VECTOR" duration="00:00:00.0050000" startTime="2018-05-22T05:02:52.5029855-04:00" endTime="2018-05-22T05:02:52.5029911-04:00" testType="13cdc9d9-ddb5-4fa4-a97d-d965ccfc6d4b" outcome="Passed" testListId="8c84fa94-04c1-424b-9868-57a2d4851a1d" relativeResultsDirectory="33141ce5-be65-4668-a604-db3277a79fb9" /><UnitTestResult executionId="2017df26-779f-491b-9d31-017caa59f76f" testId="1f5bf1ba-598e-483a-8db2-03808f7a9ded" testName="Patch_InvalidPropertyNameReturnsBadRequest" computerName="VECTOR" duration="00:00:00.4890000" startTime="2018-05-22T05:02:40.5083305-04:00" endTime="2018-05-22T05:02:40.5083367-04:00" testType="13cdc9d9-ddb5-4fa4-a97d-d965ccfc6d4b" outcome="Passed" testListId="8c84fa94-04c1-424b-9868-57a2d4851a1d" relativeResultsDirectory="2017df26-779f-491b-9d31-017caa59f76f" /><UnitTestResult executionId="b1aceaa0-7ddc-4ad8-a930-655728f9a7d4" testId="028a9ba1-d47d-4548-93c5-9b5a9eaad5c0" testName="Put_InvalidReferencePropertyReturndBadRequest" computerName="VECTOR" duration="00:00:00.0090000" startTime="2018-05-22T05:02:42.7129411-04:00" endTime="2018-05-22T05:02:42.7129462-04:00" testType="13cdc9d9-ddb5-4fa4-a97d-d965ccfc6d4b" outcome="Passed" testListId="8c84fa94-04c1-424b-9868-57a2d4851a1d" relativeResultsDirectory="b1aceaa0-7ddc-4ad8-a930-655728f9a7d4" /><UnitTestResult executionId="75d08c03-1324-4d65-a3f4-b4e3632d7af9" testId="66787e8b-ed17-4bc1-b17a-60223f598cf2" testName="Put_InvalidIdReturnsNotFound" computerName="VECTOR" duration="00:00:00.0510000" startTime="2018-05-22T05:02:41.6023160-04:00" endTime="2018-05-22T05:02:41.6023220-04:00" testType="13cdc9d9-ddb5-4fa4-a97d-d965ccfc6d4b" outcome="Passed" testListId="8c84fa94-04c1-424b-9868-57a2d4851a1d" relativeResultsDirectory="75d08c03-1324-4d65-a3f4-b4e3632d7af9" /><UnitTestResult executionId="75cee2ce-1095-4877-9ed3-6fb35767307e" testId="b5ccf07b-d0e7-4bd9-82cb-ef6f667bcbe4" testName="Put_InvalidIdReturnsNotFound" computerName="VECTOR" duration="00:00:00.0280000" startTime="2018-05-22T05:02:40.9072698-04:00" endTime="2018-05-22T05:02:40.9072752-04:00" testType="13cdc9d9-ddb5-4fa4-a97d-d965ccfc6d4b" outcome="Passed" testListId="8c84fa94-04c1-424b-9868-57a2d4851a1d" relativeResultsDirectory="75cee2ce-1095-4877-9ed3-6fb35767307e" /><UnitTestResult executionId="bbc851c1-46fa-49cb-a65c-e504ecc84543" testId="a44c0bb8-88bd-42bd-8c30-3c2c29d1d191" testName="Patch_TargetPropertyIsUpdated" computerName="VECTOR" duration="00:00:00.0350000" startTime="2018-05-22T05:02:44.6759048-04:00" endTime="2018-05-22T05:02:44.6759107-04:00" testType="13cdc9d9-ddb5-4fa4-a97d-d965ccfc6d4b" outcome="Passed" testListId="8c84fa94-04c1-424b-9868-57a2d4851a1d" relativeResultsDirectory="bbc851c1-46fa-49cb-a65c-e504ecc84543" /><UnitTestResult executionId="fa061152-8fcf-42f2-bc3a-928afcb53c6b" testId="5ff06ce6-a7b6-4162-aef8-1f28dbacf9b1" testName="Patch_MultipleInvalidReferencePropertiesReturnsMultipleValidationErrorsAndBadRequest" computerName="VECTOR" duration="00:00:00.0020000" startTime="2018-05-22T05:02:41.0287275-04:00" endTime="2018-05-22T05:02:41.0287295-04:00" testType="13cdc9d9-ddb5-4fa4-a97d-d965ccfc6d4b" outcome="Passed" testListId="8c84fa94-04c1-424b-9868-57a2d4851a1d" relativeResultsDirectory="fa061152-8fcf-42f2-bc3a-928afcb53c6b" /><UnitTestResult executionId="6d569bef-55e6-458e-a398-a903f5059754" testId="f9209855-f1aa-416e-ad72-41e09a04e9db" testName="Patch_InvalidReferencePropertyReturnsBadRequest" computerName="VECTOR" duration="00:00:00.0150000" startTime="2018-05-22T05:02:41.8060985-04:00" endTime="2018-05-22T05:02:41.8061039-04:00" testType="13cdc9d9-ddb5-4fa4-a97d-d965ccfc6d4b" outcome="Passed" testListId="8c84fa94-04c1-424b-9868-57a2d4851a1d" relativeResultsDirectory="6d569bef-55e6-458e-a398-a903f5059754" /><UnitTestResult executionId="f396ef43-ed84-4d8e-923d-f7f42e737abb" testId="94941446-687e-4092-be44-d613b836811e" testName="Patch_TargetPropertyIsUpdated" computerName="VECTOR" duration="00:00:00.0660000" startTime="2018-05-22T05:02:40.8636256-04:00" endTime="2018-05-22T05:02:40.8636319-04:00" testType="13cdc9d9-ddb5-4fa4-a97d-d965ccfc6d4b" outcome="Passed" testListId="8c84fa94-04c1-424b-9868-57a2d4851a1d" relativeResultsDirectory="f396ef43-ed84-4d8e-923d-f7f42e737abb" /><UnitTestResult executionId="892181b6-22a8-466f-be92-4a368acf84cf" testId="7a6d09eb-74e5-4ea5-800e-5b72f93e5fe5" testName="Patch_TargetPropertyIsUpdated" computerName="VECTOR" duration="00:00:00.0300000" startTime="2018-05-22T05:02:42.7826505-04:00" endTime="2018-05-22T05:02:42.7826568-04:00" testType="13cdc9d9-ddb5-4fa4-a97d-d965ccfc6d4b" outcome="Passed" testListId="8c84fa94-04c1-424b-9868-57a2d4851a1d" relativeResultsDirectory="892181b6-22a8-466f-be92-4a368acf84cf" /><UnitTestResult executionId="eb245f3f-37f0-4659-800a-451a671ee9a1" testId="a05f53b7-fc62-4c9c-a360-deaf313ec34e" testName="Post_InvalidPropertyValueReturnsBadRequest" computerName="VECTOR" duration="00:00:00.0030000" startTime="2018-05-22T05:02:54.6964726-04:00" endTime="2018-05-22T05:02:54.6964806-04:00" testType="13cdc9d9-ddb5-4fa4-a97d-d965ccfc6d4b" outcome="Passed" testListId="8c84fa94-04c1-424b-9868-57a2d4851a1d" relativeResultsDirectory="eb245f3f-37f0-4659-800a-451a671ee9a1" /><UnitTestResult executionId="991ef792-7685-42e6-bc3f-c3c5ee9c8ed5" testId="886eadb5-ee03-4b6b-be02-f8f2ef172b54" testName="Post_InvalidPropertyValueReturnsBadRequest" computerName="VECTOR" duration="00:00:00.0130000" startTime="2018-05-22T05:02:41.0520583-04:00" endTime="2018-05-22T05:02:41.0520615-04:00" testType="13cdc9d9-ddb5-4fa4-a97d-d965ccfc6d4b" outcome="Passed" testListId="8c84fa94-04c1-424b-9868-57a2d4851a1d" relativeResultsDirectory="991ef792-7685-42e6-bc3f-c3c5ee9c8ed5" /><UnitTestResult executionId="85c10c3f-c80d-4ecb-b917-f850174da34e" testId="6500e65a-0bdf-4886-9633-dd20a9570619" testName="FileRequest_MeshGenerateSetsFileIsSynchronized" computerName="VECTOR" duration="00:00:01.9580000" startTime="2018-05-22T05:02:49.8635460-04:00" endTime="2018-05-22T05:02:49.8635528-04:00" testType="13cdc9d9-ddb5-4fa4-a97d-d965ccfc6d4b" outcome="Passed" testListId="8c84fa94-04c1-424b-9868-57a2d4851a1d" relativeResultsDirectory="85c10c3f-c80d-4ecb-b917-f850174da34e" /><UnitTestResult executionId="2d9f0cb9-a316-46aa-ac62-f84b93cd457d" testId="9617868c-81c5-482d-b603-5c84c113769f" testName="Patch_ValidReferencePropertyUpdatesModel" computerName="VECTOR" duration="00:00:00.5340000" startTime="2018-05-22T05:02:44.2190260-04:00" endTime="2018-05-22T05:02:44.2190337-04:00" testType="13cdc9d9-ddb5-4fa4-a97d-d965ccfc6d4b" outcome="Passed" testListId="8c84fa94-04c1-424b-9868-57a2d4851a1d" relativeResultsDirectory="2d9f0cb9-a316-46aa-ac62-f84b93cd457d" /><UnitTestResult executionId="e9ac85f4-294b-49b4-b7b3-e5fb3095d903" testId="759b1182-64be-4a6e-8e7a-8c1e8fb9225d" testName="Delete_TargetModelIsDeleted" computerName="VECTOR" duration="00:00:00.0150000" startTime="2018-05-22T05:02:54.5289753-04:00" endTime="2018-05-22T05:02:54.5289821-04:00" testType="13cdc9d9-ddb5-4fa4-a97d-d965ccfc6d4b" outcome="Passed" testListId="8c84fa94-04c1-424b-9868-57a2d4851a1d" relativeResultsDirectory="e9ac85f4-294b-49b4-b7b3-e5fb3095d903" /><UnitTestResult executionId="fedf1254-7ec0-4aee-b42a-33bd463010d2" testId="825989dd-28a9-40dc-9600-fde2c4da2684" testName="Post_ValidReferencePropertyCreatesModel" computerName="VECTOR" duration="00:00:00.0130000" startTime="2018-05-22T05:02:42.7040549-04:00" endTime="2018-05-22T05:02:42.7040603-04:00" testType="13cdc9d9-ddb5-4fa4-a97d-d965ccfc6d4b" outcome="Passed" testListId="8c84fa94-04c1-424b-9868-57a2d4851a1d" relativeResultsDirectory="fedf1254-7ec0-4aee-b42a-33bd463010d2" /><UnitTestResult executionId="b20f198d-6658-4af6-bbe2-4692437289f2" testId="10d9e93c-3db2-469d-bd29-5d06836ab585" testName="GetList_ListReturnsCorrectCount" computerName="VECTOR" duration="00:00:00.4020000" startTime="2018-05-22T05:02:43.2319257-04:00" endTime="2018-05-22T05:02:43.2319317-04:00" testType="13cdc9d9-ddb5-4fa4-a97d-d965ccfc6d4b" outcome="Passed" testListId="8c84fa94-04c1-424b-9868-57a2d4851a1d" relativeResultsDirectory="b20f198d-6658-4af6-bbe2-4692437289f2" /><UnitTestResult executionId="36698ceb-7e08-40a9-b105-42c508e690aa" testId="776e0bc6-272c-4aa6-ad5c-58bc48d945a7" testName="LucyDepthBufferFindsOneDependent" computerName="VECTOR" duration="00:00:00.0040000" startTime="2018-05-22T05:02:40.0077012-04:00" endTime="2018-05-22T05:02:40.0077038-04:00" testType="13cdc9d9-ddb5-4fa4-a97d-d965ccfc6d4b" outcome="Passed" testListId="8c84fa94-04c1-424b-9868-57a2d4851a1d" relativeResultsDirectory="36698ceb-7e08-40a9-b105-42c508e690aa" /><UnitTestResult executionId="97f4e457-97d6-4530-97f0-944f38aeffd3" testId="17adb471-f7c6-4133-a3a9-4b34eb06dfa8" testName="GetList_ListReturnsCorrectCount" computerName="VECTOR" duration="00:00:00.0350000" startTime="2018-05-22T05:02:54.5646454-04:00" endTime="2018-05-22T05:02:54.5646520-04:00" testType="13cdc9d9-ddb5-4fa4-a97d-d965ccfc6d4b" outcome="Passed" testListId="8c84fa94-04c1-424b-9868-57a2d4851a1d" relativeResultsDirectory="97f4e457-97d6-4530-97f0-944f38aeffd3" /><UnitTestResult executionId="0083b38c-7e48-4e8a-b9b3-f993f78c2e28" testId="6f1e5770-2f82-4fa4-a96f-c20c457a3e73" testName="GetFile_FileCanBeRoundTripped" computerName="VECTOR" duration="00:00:00.0720000" startTime="2018-05-22T05:02:46.5700035-04:00" endTime="2018-05-22T05:02:46.5700101-04:00" testType="13cdc9d9-ddb5-4fa4-a97d-d965ccfc6d4b" outcome="Passed" testListId="8c84fa94-04c1-424b-9868-57a2d4851a1d" relativeResultsDirectory="0083b38c-7e48-4e8a-b9b3-f993f78c2e28" /><UnitTestResult executionId="61768e3e-f050-4174-a087-9478648a0e53" testId="2668663d-705a-4ea2-9926-7e5fd36ab3f9" testName="GetSingle_ValidIdPropertyValueReturnsCorrectModel" computerName="VECTOR" duration="00:00:00.0060000" startTime="2018-05-22T05:02:52.4486080-04:00" endTime="2018-05-22T05:02:52.4486122-04:00" testType="13cdc9d9-ddb5-4fa4-a97d-d965ccfc6d4b" outcome="Passed" testListId="8c84fa94-04c1-424b-9868-57a2d4851a1d" relativeResultsDirectory="61768e3e-f050-4174-a087-9478648a0e53" /><UnitTestResult executionId="cde385f0-0dbd-4d57-8882-12cc27e303db" testId="6f12d01c-34a0-4a5b-9553-a4c7e36ec6ad" testName="PostFile_FileIsSynchronizedIsUpdatedAfterFileIsPosted" computerName="VECTOR" duration="00:00:00.0010000" startTime="2018-05-22T05:02:42.3390561-04:00" endTime="2018-05-22T05:02:42.3390578-04:00" testType="13cdc9d9-ddb5-4fa4-a97d-d965ccfc6d4b" outcome="Passed" testListId="8c84fa94-04c1-424b-9868-57a2d4851a1d" relativeResultsDirectory="cde385f0-0dbd-4d57-8882-12cc27e303db" /><UnitTestResult executionId="d0584213-9bbe-4944-9da4-cbd0f247c5a0" testId="246ddf52-f043-4744-993a-369b1299903f" testName="GetFile_FileCanBeRoundTripped" computerName="VECTOR" duration="00:00:00.0820000" startTime="2018-05-22T05:02:54.4828673-04:00" endTime="2018-05-22T05:02:54.4828736-04:00" testType="13cdc9d9-ddb5-4fa4-a97d-d965ccfc6d4b" outcome="Passed" testListId="8c84fa94-04c1-424b-9868-57a2d4851a1d" relativeResultsDirectory="d0584213-9bbe-4944-9da4-cbd0f247c5a0" /><UnitTestResult executionId="a816a6b4-ccc2-418d-82ad-2a1476090367" testId="de536192-0c46-469c-813f-e8468012298b" testName="Post_InvalidPropertyValueReturnsBadRequest" computerName="VECTOR" duration="00:00:00.0020000" startTime="2018-05-22T05:02:41.6095371-04:00" endTime="2018-05-22T05:02:41.6095402-04:00" testType="13cdc9d9-ddb5-4fa4-a97d-d965ccfc6d4b" outcome="Passed" testListId="8c84fa94-04c1-424b-9868-57a2d4851a1d" relativeResultsDirectory="a816a6b4-ccc2-418d-82ad-2a1476090367" /><UnitTestResult executionId="771b4a10-8f79-4969-b98f-344d83079ab5" testId="28bf970f-90a7-41a4-9916-159a94a570e1" testName="Patch_InvalidIdPropertyReturnsNotFound" computerName="VECTOR" duration="00:00:00.0040000" startTime="2018-05-22T05:02:42.7175806-04:00" endTime="2018-05-22T05:02:42.7175840-04:00" testType="13cdc9d9-ddb5-4fa4-a97d-d965ccfc6d4b" outcome="Passed" testListId="8c84fa94-04c1-424b-9868-57a2d4851a1d" relativeResultsDirectory="771b4a10-8f79-4969-b98f-344d83079ab5" /><UnitTestResult executionId="b02fba3f-71ec-43ab-8bc2-3c8f8d0ad4c7" testId="47fa8a7d-3b52-4702-902e-f17c6f7d0caa" testName="GetList_ListReturnsCorrectCount" computerName="VECTOR" duration="00:00:00.1010000" startTime="2018-05-22T05:02:52.0549747-04:00" endTime="2018-05-22T05:02:52.0549813-04:00" testType="13cdc9d9-ddb5-4fa4-a97d-d965ccfc6d4b" outcome="Passed" testListId="8c84fa94-04c1-424b-9868-57a2d4851a1d" relativeResultsDirectory="b02fba3f-71ec-43ab-8bc2-3c8f8d0ad4c7" /><UnitTestResult executionId="a62b1c20-0609-4aae-a8f4-1934b236bd2e" testId="e747e2b2-d6af-45b3-85ee-427ae713f778" testName="Patch_InvalidEnumPropertyValueReturnsBadRequest" computerName="VECTOR" duration="00:00:00.0010000" startTime="2018-05-22T05:02:42.7177634-04:00" endTime="2018-05-22T05:02:42.7177642-04:00" testType="13cdc9d9-ddb5-4fa4-a97d-d965ccfc6d4b" outcome="Passed" testListId="8c84fa94-04c1-424b-9868-57a2d4851a1d" relativeResultsDirectory="a62b1c20-0609-4aae-a8f4-1934b236bd2e" /><UnitTestResult executionId="f6eb5c50-04b1-491e-ae9b-5e007ca8c6ee" testId="91d9e56b-9a16-403f-a64b-f084173a674f" testName="Post_InvalidReferencePropertyReturnsBadRequest" computerName="VECTOR" duration="00:00:00.0080000" startTime="2018-05-22T05:02:42.8294411-04:00" endTime="2018-05-22T05:02:42.8294439-04:00" testType="13cdc9d9-ddb5-4fa4-a97d-d965ccfc6d4b" outcome="Failed" testListId="8c84fa94-04c1-424b-9868-57a2d4851a1d" relativeResultsDirectory="f6eb5c50-04b1-491e-ae9b-5e007ca8c6ee"><Output><ErrorInfo><Message>Assert.True() Failure&#xD;
Expected: True&#xD;
Actual:   False</Message><StackTrace>   at ModelRelief.Test.Integration.BaseIntegrationTests`2.&lt;Post_InvalidReferencePropertyReturnsBadRequest&gt;d__7.MoveNext() in D:\Users\Steve Knipmeyer\Documents\GitHub\ModelRelief\ModelRelief.test\Integration\Base\BaseIntegrationTests.cs:line 194&#xD;
--- End of stack trace from previous location where exception was thrown ---&#xD;
   at System.Runtime.ExceptionServices.ExceptionDispatchInfo.Throw()&#xD;
   at System.Runtime.CompilerServices.TaskAwaiter.HandleNonSuccessAndDebuggerNotification(Task task)&#xD;
--- End of stack trace from previous location where exception was thrown ---&#xD;
   at System.Runtime.ExceptionServices.ExceptionDispatchInfo.Throw()&#xD;
   at System.Runtime.CompilerServices.TaskAwaiter.HandleNonSuccessAndDebuggerNotification(Task task)&#xD;
--- End of stack trace from previous location where exception was thrown ---&#xD;
   at System.Runtime.ExceptionServices.ExceptionDispatchInfo.Throw()&#xD;
   at System.Runtime.CompilerServices.TaskAwaiter.HandleNonSuccessAndDebuggerNotification(Task task)</StackTrace></ErrorInfo></Output></UnitTestResult><UnitTestResult executionId="f7893c4f-8c44-4e6a-970b-4e3c2b5a0ba3" testId="6ad500f3-ae99-4b8f-9b9e-714d8fdd70c9" testName="Patch_InvalidPropertyNameReturnsBadRequest" computerName="VECTOR" duration="00:00:00.0130000" startTime="2018-05-22T05:02:42.4701995-04:00" endTime="2018-05-22T05:02:42.4702049-04:00" testType="13cdc9d9-ddb5-4fa4-a97d-d965ccfc6d4b" outcome="Passed" testListId="8c84fa94-04c1-424b-9868-57a2d4851a1d" relativeResultsDirectory="f7893c4f-8c44-4e6a-970b-4e3c2b5a0ba3" /><UnitTestResult executionId="651d41de-c2b3-4b7b-b296-226d8d09c37b" testId="08fc9c52-f704-4783-bf57-5b8737541cda" testName="Put_ValidReferencePropertyUpdatesModel" computerName="VECTOR" duration="00:00:00.0410000" startTime="2018-05-22T05:02:54.7916817-04:00" endTime="2018-05-22T05:02:54.7916889-04:00" testType="13cdc9d9-ddb5-4fa4-a97d-d965ccfc6d4b" outcome="Passed" testListId="8c84fa94-04c1-424b-9868-57a2d4851a1d" relativeResultsDirectory="651d41de-c2b3-4b7b-b296-226d8d09c37b" /><UnitTestResult executionId="93998214-2692-44cd-abf1-07e9844342dc" testId="f0791888-ea99-425e-9928-6a267d9d1f53" testName="Put_InvalidReferencePropertyReturndBadRequest" computerName="VECTOR" duration="00:00:00.0160000" startTime="2018-05-22T05:02:44.7897148-04:00" endTime="2018-05-22T05:02:44.7897211-04:00" testType="13cdc9d9-ddb5-4fa4-a97d-d965ccfc6d4b" outcome="Passed" testListId="8c84fa94-04c1-424b-9868-57a2d4851a1d" relativeResultsDirectory="93998214-2692-44cd-abf1-07e9844342dc" /><UnitTestResult executionId="cc7bb1c0-1b58-46de-9df4-2ab862d677cb" testId="a6e880f2-7be0-4e98-8f54-ee97ca0f42ee" testName="FileRequest_FileCanBeReadAfterRename" computerName="VECTOR" duration="00:00:00.1000000" startTime="2018-05-22T05:02:42.2099498-04:00" endTime="2018-05-22T05:02:42.2099558-04:00" testType="13cdc9d9-ddb5-4fa4-a97d-d965ccfc6d4b" outcome="Passed" testListId="8c84fa94-04c1-424b-9868-57a2d4851a1d" relativeResultsDirectory="cc7bb1c0-1b58-46de-9df4-2ab862d677cb" /><UnitTestResult executionId="bb882da7-40f0-45e7-abda-ad18d6bba42b" testId="6a3c9807-46ac-4781-850b-d031a8f27fd0" testName="Put_InvalidReferencePropertyReturndBadRequest" computerName="VECTOR" duration="00:00:00.0190000" startTime="2018-05-22T05:02:41.8392072-04:00" endTime="2018-05-22T05:02:41.8392131-04:00" testType="13cdc9d9-ddb5-4fa4-a97d-d965ccfc6d4b" outcome="Passed" testListId="8c84fa94-04c1-424b-9868-57a2d4851a1d" relativeResultsDirectory="bb882da7-40f0-45e7-abda-ad18d6bba42b" /><UnitTestResult executionId="79d03690-14ba-47f1-bb82-02f9b180c19b" testId="dd66a106-7943-417b-8c10-816deee7a734" testName="PostFile_FileTimeStampIsUpdatedAfterFileIsPosted" computerName="VECTOR" duration="00:00:00.0010000" startTime="2018-05-22T05:02:41.8407926-04:00" endTime="2018-05-22T05:02:41.8407952-04:00" testType="13cdc9d9-ddb5-4fa4-a97d-d965ccfc6d4b" outcome="Passed" testListId="8c84fa94-04c1-424b-9868-57a2d4851a1d" relativeResultsDirectory="79d03690-14ba-47f1-bb82-02f9b180c19b" /><UnitTestResult executionId="d7cc2e6d-83c2-4d1d-b704-eae34c3c5ed9" testId="fc6f12c5-ed72-4611-a096-55cee3ec8f41" testName="PutFile_NewFileCanBePut" computerName="VECTOR" duration="00:00:00.0820000" startTime="2018-05-22T05:02:44.8881398-04:00" endTime="2018-05-22T05:02:44.8881463-04:00" testType="13cdc9d9-ddb5-4fa4-a97d-d965ccfc6d4b" outcome="Passed" testListId="8c84fa94-04c1-424b-9868-57a2d4851a1d" relativeResultsDirectory="d7cc2e6d-83c2-4d1d-b704-eae34c3c5ed9" /><UnitTestResult executionId="fa0877fd-5a98-4ed5-b106-23ecff48492b" testId="64223854-8d5b-443b-90fa-5b2693b759da" testName="Put_ValidReferencePropertyUpdatesModel" computerName="VECTOR" duration="00:00:00.0020000" startTime="2018-05-22T05:02:40.8661548-04:00" endTime="2018-05-22T05:02:40.8661573-04:00" testType="13cdc9d9-ddb5-4fa4-a97d-d965ccfc6d4b" outcome="Passed" testListId="8c84fa94-04c1-424b-9868-57a2d4851a1d" relativeResultsDirectory="fa0877fd-5a98-4ed5-b106-23ecff48492b" /><UnitTestResult executionId="5f4b0f82-e30c-4a28-b8f9-563023b2ad33" testId="5ee144ad-765a-4a42-b129-e37b6e3462e8" testName="Put_InvalidReferencePropertyReturndBadRequest" computerName="VECTOR" duration="00:00:00.0020000" startTime="2018-05-22T05:02:41.0306112-04:00" endTime="2018-05-22T05:02:41.0306127-04:00" testType="13cdc9d9-ddb5-4fa4-a97d-d965ccfc6d4b" outcome="Passed" testListId="8c84fa94-04c1-424b-9868-57a2d4851a1d" relativeResultsDirectory="5f4b0f82-e30c-4a28-b8f9-563023b2ad33" /><UnitTestResult executionId="08952844-394b-4469-8305-c5e5967988d2" testId="39e5121f-b9fa-4487-a0c7-153881c363a0" testName="Put_InvalidReferencePropertyReturndBadRequest" computerName="VECTOR" duration="00:00:00.1350000" startTime="2018-05-22T05:02:52.1962791-04:00" endTime="2018-05-22T05:02:52.1962854-04:00" testType="13cdc9d9-ddb5-4fa4-a97d-d965ccfc6d4b" outcome="Passed" testListId="8c84fa94-04c1-424b-9868-57a2d4851a1d" relativeResultsDirectory="08952844-394b-4469-8305-c5e5967988d2" /><UnitTestResult executionId="51623dc0-7086-46b7-961c-a7760f0d5df3" testId="c3073f03-d2f2-4c54-85ea-c80ddf8730d7" testName="Patch_ValidReferencePropertyUpdatesModel" computerName="VECTOR" duration="00:00:00.0350000" startTime="2018-05-22T05:02:52.4979295-04:00" endTime="2018-05-22T05:02:52.4979355-04:00" testType="13cdc9d9-ddb5-4fa4-a97d-d965ccfc6d4b" outcome="Passed" testListId="8c84fa94-04c1-424b-9868-57a2d4851a1d" relativeResultsDirectory="51623dc0-7086-46b7-961c-a7760f0d5df3" /><UnitTestResult executionId="907dc9c5-e70d-4f67-a240-90f48519d92b" testId="27d438c8-d210-4bef-b1ff-17514495ba83" testName="Delete_TargetModelIsDeleted" computerName="VECTOR" duration="00:00:00.0140000" startTime="2018-05-22T05:02:41.8200647-04:00" endTime="2018-05-22T05:02:41.8200701-04:00" testType="13cdc9d9-ddb5-4fa4-a97d-d965ccfc6d4b" outcome="Passed" testListId="8c84fa94-04c1-424b-9868-57a2d4851a1d" relativeResultsDirectory="907dc9c5-e70d-4f67-a240-90f48519d92b" /><UnitTestResult executionId="bfe6fe06-bbbc-4d38-99d6-72303e221702" testId="3e0b4a0e-e14b-442d-8d01-20110fb5a453" testName="FileRequest_MeshIsInvalidatedAfterDepthBufferFileBecomesUnsynchronized" computerName="VECTOR" duration="00:00:01.6090000" startTime="2018-05-22T05:02:46.4980276-04:00" endTime="2018-05-22T05:02:46.4980350-04:00" testType="13cdc9d9-ddb5-4fa4-a97d-d965ccfc6d4b" outcome="Passed" testListId="8c84fa94-04c1-424b-9868-57a2d4851a1d" relativeResultsDirectory="bfe6fe06-bbbc-4d38-99d6-72303e221702" /><UnitTestResult executionId="b905cb1d-b2cd-4355-9ce9-ad0f5e491ce5" testId="d4077ce3-d32d-490f-a86a-8fd191c2feb7" testName="GetSingle_ValidIdPropertyValueReturnsCorrectModel" computerName="VECTOR" duration="00:00:00.0060000" startTime="2018-05-22T05:02:40.9135015-04:00" endTime="2018-05-22T05:02:40.9135043-04:00" testType="13cdc9d9-ddb5-4fa4-a97d-d965ccfc6d4b" outcome="Passed" testListId="8c84fa94-04c1-424b-9868-57a2d4851a1d" relativeResultsDirectory="b905cb1d-b2cd-4355-9ce9-ad0f5e491ce5" /><UnitTestResult executionId="75632b8a-a2e3-4440-aff8-4ea12e18f044" testId="5de1dd12-29f6-46ab-ba40-4d965bdb98b5" testName="Delete_TargetModelIsDeleted" computerName="VECTOR" duration="00:00:00.0920000" startTime="2018-05-22T05:02:42.5628456-04:00" endTime="2018-05-22T05:02:42.5628513-04:00" testType="13cdc9d9-ddb5-4fa4-a97d-d965ccfc6d4b" outcome="Passed" testListId="8c84fa94-04c1-424b-9868-57a2d4851a1d" relativeResultsDirectory="75632b8a-a2e3-4440-aff8-4ea12e18f044" /><UnitTestResult executionId="b3961ae4-e7c1-48f2-ac17-47f20b4d8e1f" testId="2b05c1bd-78cc-4da1-b9b2-e2e349e3f4d0" testName="Put_InvalidReferencePropertyReturndBadRequest" computerName="VECTOR" duration="00:00:00.0140000" startTime="2018-05-22T05:02:54.6482322-04:00" endTime="2018-05-22T05:02:54.6482385-04:00" testType="13cdc9d9-ddb5-4fa4-a97d-d965ccfc6d4b" outcome="Passed" testListId="8c84fa94-04c1-424b-9868-57a2d4851a1d" relativeResultsDirectory="b3961ae4-e7c1-48f2-ac17-47f20b4d8e1f" /><UnitTestResult executionId="427fd5b5-e0f6-4ed8-bac5-52eb2d08e0ac" testId="c717aeb5-906a-4d34-9c03-c93cf59614c4" testName="Patch_InvalidReferencePropertyReturnsBadRequest" computerName="VECTOR" duration="00:00:00.0100000" startTime="2018-05-22T05:02:54.7502479-04:00" endTime="2018-05-22T05:02:54.7502539-04:00" testType="13cdc9d9-ddb5-4fa4-a97d-d965ccfc6d4b" outcome="Passed" testListId="8c84fa94-04c1-424b-9868-57a2d4851a1d" relativeResultsDirectory="427fd5b5-e0f6-4ed8-bac5-52eb2d08e0ac" /><UnitTestResult executionId="2ff32409-6c10-4878-b07a-98fb9b82026a" testId="8891a1ac-a981-4a54-9a83-1e73d02f99e7" testName="Patch_InvalidIdPropertyReturnsNotFound" computerName="VECTOR" duration="00:00:00.0050000" startTime="2018-05-22T05:02:54.6882013-04:00" endTime="2018-05-22T05:02:54.6882047-04:00" testType="13cdc9d9-ddb5-4fa4-a97d-d965ccfc6d4b" outcome="Passed" testListId="8c84fa94-04c1-424b-9868-57a2d4851a1d" relativeResultsDirectory="2ff32409-6c10-4878-b07a-98fb9b82026a" /><UnitTestResult executionId="959dcc91-5490-4a7e-b068-71cce53a3e84" testId="4da6685b-2d21-467b-a5cb-ddb762b496e8" testName="PutFile_FileCanBeUpdated" computerName="VECTOR" duration="00:00:00.1180000" startTime="2018-05-22T05:02:42.0433415-04:00" endTime="2018-05-22T05:02:42.0433474-04:00" testType="13cdc9d9-ddb5-4fa4-a97d-d965ccfc6d4b" outcome="Passed" testListId="8c84fa94-04c1-424b-9868-57a2d4851a1d" relativeResultsDirectory="959dcc91-5490-4a7e-b068-71cce53a3e84" /><UnitTestResult executionId="d27432bb-96b6-4a6a-83cf-fca052d427fc" testId="eebea13e-93d2-4b8f-9ec8-9278f316b69d" testName="Post_InvalidPropertyValueReturnsBadRequest" computerName="VECTOR" duration="00:00:00.0030000" startTime="2018-05-22T05:02:52.4621778-04:00" endTime="2018-05-22T05:02:52.4621812-04:00" testType="13cdc9d9-ddb5-4fa4-a97d-d965ccfc6d4b" outcome="Passed" testListId="8c84fa94-04c1-424b-9868-57a2d4851a1d" relativeResultsDirectory="d27432bb-96b6-4a6a-83cf-fca052d427fc" /><UnitTestResult executionId="dc3318ef-fa2a-4a52-8b8a-6edc094ea286" testId="af895924-11d6-4ae5-add9-1e1e8adc3947" testName="Put_CanUpdateModel" computerName="VECTOR" duration="00:00:00.0260000" startTime="2018-05-22T05:02:42.8088735-04:00" endTime="2018-05-22T05:02:42.8088792-04:00" testType="13cdc9d9-ddb5-4fa4-a97d-d965ccfc6d4b" outcome="Passed" testListId="8c84fa94-04c1-424b-9868-57a2d4851a1d" relativeResultsDirectory="dc3318ef-fa2a-4a52-8b8a-6edc094ea286" /><UnitTestResult executionId="86e3ff52-94e7-45da-9321-aef1c9c6a993" testId="8adba9fe-f7f1-47fc-ab1f-dc2e55734843" testName="Patch_MultipleInvalidReferencePropertiesReturnsMultipleValidationErrorsAndBadRequest" computerName="VECTOR" duration="00:00:00.0190000" startTime="2018-05-22T05:02:54.6828928-04:00" endTime="2018-05-22T05:02:54.6828991-04:00" testType="13cdc9d9-ddb5-4fa4-a97d-d965ccfc6d4b" outcome="Passed" testListId="8c84fa94-04c1-424b-9868-57a2d4851a1d" relativeResultsDirectory="86e3ff52-94e7-45da-9321-aef1c9c6a993" /><UnitTestResult executionId="d282a55c-d2ae-4dc8-99a4-554867f075a5" testId="5f61e450-eb2a-471c-9b3b-8d233816ae39" testName="GetSingle_ValidIdPropertyValueReturnsCorrectModel" computerName="VECTOR" duration="00:00:00.0070000" startTime="2018-05-22T05:02:41.6171179-04:00" endTime="2018-05-22T05:02:41.6171222-04:00" testType="13cdc9d9-ddb5-4fa4-a97d-d965ccfc6d4b" outcome="Passed" testListId="8c84fa94-04c1-424b-9868-57a2d4851a1d" relativeResultsDirectory="d282a55c-d2ae-4dc8-99a4-554867f075a5" /><UnitTestResult executionId="ad09c4e3-b20a-4984-844a-c0f3b5385aa8" testId="6659cd46-8482-4a10-9800-7b84915f421a" testName="Put_ValidReferencePropertyUpdatesModel" computerName="VECTOR" duration="00:00:00.0310000" startTime="2018-05-22T05:02:44.6353310-04:00" endTime="2018-05-22T05:02:44.6353370-04:00" testType="13cdc9d9-ddb5-4fa4-a97d-d965ccfc6d4b" outcome="Passed" testListId="8c84fa94-04c1-424b-9868-57a2d4851a1d" relativeResultsDirectory="ad09c4e3-b20a-4984-844a-c0f3b5385aa8" /><UnitTestResult executionId="a32c8e56-f9ef-4e24-958e-62b6804fbc11" testId="c1a88bad-fdf2-458d-b039-8a636be1f221" testName="Post_InvalidReferencePropertyReturnsBadRequest" computerName="VECTOR" duration="00:00:00.0020000" startTime="2018-05-22T05:02:40.5119916-04:00" endTime="2018-05-22T05:02:40.5119939-04:00" testType="13cdc9d9-ddb5-4fa4-a97d-d965ccfc6d4b" outcome="Passed" testListId="8c84fa94-04c1-424b-9868-57a2d4851a1d" relativeResultsDirectory="a32c8e56-f9ef-4e24-958e-62b6804fbc11" /><UnitTestResult executionId="0e9e62b6-8ced-41d2-bfa8-cb07b5f3b4bd" testId="b4d55f7f-c230-4e1b-b60f-1a6d01a94a10" testName="Patch_ValidReferencePropertyUpdatesModel" computerName="VECTOR" duration="00:00:00.0340000" startTime="2018-05-22T05:02:42.7525102-04:00" endTime="2018-05-22T05:02:42.7525167-04:00" testType="13cdc9d9-ddb5-4fa4-a97d-d965ccfc6d4b" outcome="Passed" testListId="8c84fa94-04c1-424b-9868-57a2d4851a1d" relativeResultsDirectory="0e9e62b6-8ced-41d2-bfa8-cb07b5f3b4bd" /><UnitTestResult executionId="50b84f04-444e-4ad2-98d3-f6002d5f9ba2" testId="dd31f4c9-9d4a-45a3-b863-dea11f60b707" testName="Patch_InvalidIdPropertyReturnsNotFound" computerName="VECTOR" duration="00:00:00.0050000" startTime="2018-05-22T05:02:41.6877799-04:00" endTime="2018-05-22T05:02:41.6877839-04:00" testType="13cdc9d9-ddb5-4fa4-a97d-d965ccfc6d4b" outcome="Passed" testListId="8c84fa94-04c1-424b-9868-57a2d4851a1d" relativeResultsDirectory="50b84f04-444e-4ad2-98d3-f6002d5f9ba2" /><UnitTestResult executionId="c8324914-d6ef-46f0-a52b-a51cc1a0c245" testId="22a98eab-3a85-4b66-93bf-da046c3ed30e" testName="Put_CanUpdateModel" computerName="VECTOR" duration="00:00:00.0340000" startTime="2018-05-22T05:02:52.5509700-04:00" endTime="2018-05-22T05:02:52.5509763-04:00" testType="13cdc9d9-ddb5-4fa4-a97d-d965ccfc6d4b" outcome="Passed" testListId="8c84fa94-04c1-424b-9868-57a2d4851a1d" relativeResultsDirectory="c8324914-d6ef-46f0-a52b-a51cc1a0c245" /><UnitTestResult executionId="b916a5d8-2383-43fb-a923-885d8f0d4379" testId="452ad1c7-c507-488e-84bd-3af07b73126a" testName="Post_CanCreateNewModel" computerName="VECTOR" duration="00:00:00.0100000" startTime="2018-05-22T05:02:42.5869469-04:00" endTime="2018-05-22T05:02:42.5869523-04:00" testType="13cdc9d9-ddb5-4fa4-a97d-d965ccfc6d4b" outcome="Passed" testListId="8c84fa94-04c1-424b-9868-57a2d4851a1d" relativeResultsDirectory="b916a5d8-2383-43fb-a923-885d8f0d4379" /><UnitTestResult executionId="85c3c3a0-5e07-4cb4-81d8-b1683239c858" testId="acd900d8-750c-473e-9e67-ca402ded83ac" testName="GetList_ListReturnsCorrectCount" computerName="VECTOR" duration="00:00:00.0520000" startTime="2018-05-22T05:02:41.7702801-04:00" endTime="2018-05-22T05:02:41.7702861-04:00" testType="13cdc9d9-ddb5-4fa4-a97d-d965ccfc6d4b" outcome="Passed" testListId="8c84fa94-04c1-424b-9868-57a2d4851a1d" relativeResultsDirectory="85c3c3a0-5e07-4cb4-81d8-b1683239c858" /><UnitTestResult executionId="0b17abe8-b96f-40a9-b3f9-24fed5e7c1cb" testId="f7a54d85-639f-441c-9623-92572b3ee809" testName="Patch_InvalidReferencePropertyReturnsBadRequest" computerName="VECTOR" duration="00:00:00.0140000" startTime="2018-05-22T05:02:52.4228314-04:00" endTime="2018-05-22T05:02:52.4228368-04:00" testType="13cdc9d9-ddb5-4fa4-a97d-d965ccfc6d4b" outcome="Passed" testListId="8c84fa94-04c1-424b-9868-57a2d4851a1d" relativeResultsDirectory="0b17abe8-b96f-40a9-b3f9-24fed5e7c1cb" /><UnitTestResult executionId="dbb7fd58-1dfd-4b07-b45b-7e1f3744f6d2" testId="25068e74-fa5b-4fdd-92ac-85f81cbe048c" testName="Post_InvalidReferencePropertyReturnsBadRequest" computerName="VECTOR" duration="00:00:00.0050000" startTime="2018-05-22T05:02:44.7219232-04:00" endTime="2018-05-22T05:02:44.7219263-04:00" testType="13cdc9d9-ddb5-4fa4-a97d-d965ccfc6d4b" outcome="Failed" testListId="8c84fa94-04c1-424b-9868-57a2d4851a1d" relativeResultsDirectory="dbb7fd58-1dfd-4b07-b45b-7e1f3744f6d2"><Output><ErrorInfo><Message>Assert.True() Failure&#xD;
Expected: True&#xD;
Actual:   False</Message><StackTrace>   at ModelRelief.Test.Integration.BaseIntegrationTests`2.&lt;Post_InvalidReferencePropertyReturnsBadRequest&gt;d__7.MoveNext() in D:\Users\Steve Knipmeyer\Documents\GitHub\ModelRelief\ModelRelief.test\Integration\Base\BaseIntegrationTests.cs:line 194&#xD;
--- End of stack trace from previous location where exception was thrown ---&#xD;
   at System.Runtime.ExceptionServices.ExceptionDispatchInfo.Throw()&#xD;
   at System.Runtime.CompilerServices.TaskAwaiter.HandleNonSuccessAndDebuggerNotification(Task task)&#xD;
--- End of stack trace from previous location where exception was thrown ---&#xD;
   at System.Runtime.ExceptionServices.ExceptionDispatchInfo.Throw()&#xD;
   at System.Runtime.CompilerServices.TaskAwaiter.HandleNonSuccessAndDebuggerNotification(Task task)&#xD;
--- End of stack trace from previous location where exception was thrown ---&#xD;
   at System.Runtime.ExceptionServices.ExceptionDispatchInfo.Throw()&#xD;
   at System.Runtime.CompilerServices.TaskAwaiter.HandleNonSuccessAndDebuggerNotification(Task task)</StackTrace></ErrorInfo></Output></UnitTestResult><UnitTestResult executionId="e8d0edb5-2577-4c28-bfbc-9db896e7c839" testId="26580d55-166d-4f08-9bf2-8a21c70e099a" testName="Patch_InvalidPropertyNameReturnsBadRequest" computerName="VECTOR" duration="00:00:00.0050000" startTime="2018-05-22T05:02:54.6932082-04:00" endTime="2018-05-22T05:02:54.6932131-04:00" testType="13cdc9d9-ddb5-4fa4-a97d-d965ccfc6d4b" outcome="Passed" testListId="8c84fa94-04c1-424b-9868-57a2d4851a1d" relativeResultsDirectory="e8d0edb5-2577-4c28-bfbc-9db896e7c839" /><UnitTestResult executionId="92044950-21f9-41ad-932b-253e2054fdac" testId="fed0569c-d286-43ab-8b06-f740fc208ff1" testName="Post_InvalidReferencePropertyReturnsBadRequest" computerName="VECTOR" duration="00:00:00.0780000" startTime="2018-05-22T05:02:41.1724921-04:00" endTime="2018-05-22T05:02:41.1724992-04:00" testType="13cdc9d9-ddb5-4fa4-a97d-d965ccfc6d4b" outcome="Failed" testListId="8c84fa94-04c1-424b-9868-57a2d4851a1d" relativeResultsDirectory="92044950-21f9-41ad-932b-253e2054fdac"><Output><ErrorInfo><Message>Assert.True() Failure&#xD;
Expected: True&#xD;
Actual:   False</Message><StackTrace>   at ModelRelief.Test.Integration.BaseIntegrationTests`2.&lt;Post_InvalidReferencePropertyReturnsBadRequest&gt;d__7.MoveNext() in D:\Users\Steve Knipmeyer\Documents\GitHub\ModelRelief\ModelRelief.test\Integration\Base\BaseIntegrationTests.cs:line 194&#xD;
--- End of stack trace from previous location where exception was thrown ---&#xD;
   at System.Runtime.ExceptionServices.ExceptionDispatchInfo.Throw()&#xD;
   at System.Runtime.CompilerServices.TaskAwaiter.HandleNonSuccessAndDebuggerNotification(Task task)&#xD;
--- End of stack trace from previous location where exception was thrown ---&#xD;
   at System.Runtime.ExceptionServices.ExceptionDispatchInfo.Throw()&#xD;
   at System.Runtime.CompilerServices.TaskAwaiter.HandleNonSuccessAndDebuggerNotification(Task task)&#xD;
--- End of stack trace from previous location where exception was thrown ---&#xD;
   at System.Runtime.ExceptionServices.ExceptionDispatchInfo.Throw()&#xD;
   at System.Runtime.CompilerServices.TaskAwaiter.HandleNonSuccessAndDebuggerNotification(Task task)</StackTrace></ErrorInfo></Output></UnitTestResult><UnitTestResult executionId="c1c49699-2a1e-475c-9f87-0b563e7e27cd" testId="a6f6ed00-73a9-4337-b838-4d855195d178" testName="FileRequest_FileCanBeReadAfterRename" computerName="VECTOR" duration="00:00:00.0980000" startTime="2018-05-22T05:02:53.9492651-04:00" endTime="2018-05-22T05:02:53.9492719-04:00" testType="13cdc9d9-ddb5-4fa4-a97d-d965ccfc6d4b" outcome="Passed" testListId="8c84fa94-04c1-424b-9868-57a2d4851a1d" relativeResultsDirectory="c1c49699-2a1e-475c-9f87-0b563e7e27cd" /><UnitTestResult executionId="d6d64374-5d0e-4330-a868-58c8d2de0e80" testId="84c02529-1d3d-4ce7-a077-c2c5bd5afc27" testName="PutFile_NewFileCanBePut" computerName="VECTOR" duration="00:00:00.0830000" startTime="2018-05-22T05:02:41.9245872-04:00" endTime="2018-05-22T05:02:41.9245940-04:00" testType="13cdc9d9-ddb5-4fa4-a97d-d965ccfc6d4b" outcome="Passed" testListId="8c84fa94-04c1-424b-9868-57a2d4851a1d" relativeResultsDirectory="d6d64374-5d0e-4330-a868-58c8d2de0e80" /><UnitTestResult executionId="f6bbf1ac-3d1e-4e0f-8c49-da24aec8bfec" testId="38c663cc-08e4-467c-a03f-cb92533fa458" testName="Patch_MultipleInvalidReferencePropertiesReturnsMultipleValidationErrorsAndBadRequest" computerName="VECTOR" duration="00:00:00.0140000" startTime="2018-05-22T05:02:42.5767421-04:00" endTime="2018-05-22T05:02:42.5767466-04:00" testType="13cdc9d9-ddb5-4fa4-a97d-d965ccfc6d4b" outcome="Passed" testListId="8c84fa94-04c1-424b-9868-57a2d4851a1d" relativeResultsDirectory="f6bbf1ac-3d1e-4e0f-8c49-da24aec8bfec" /><UnitTestResult executionId="3933eb76-2a06-483f-b35a-9e7497f7afd5" testId="0aeb41b1-c37d-4d42-86da-a1d3a2618448" testName="GetFile_FileCanBeRoundTripped" computerName="VECTOR" duration="00:00:00.0680000" startTime="2018-05-22T05:02:42.3317649-04:00" endTime="2018-05-22T05:02:42.3317706-04:00" testType="13cdc9d9-ddb5-4fa4-a97d-d965ccfc6d4b" outcome="Passed" testListId="8c84fa94-04c1-424b-9868-57a2d4851a1d" relativeResultsDirectory="3933eb76-2a06-483f-b35a-9e7497f7afd5" /><UnitTestResult executionId="5f2b936d-576d-40f3-bc47-50c77b4b0dd1" testId="4b0ee9b6-6e5b-4b64-b772-aba295666197" testName="Patch_InvalidEnumPropertyValueReturnsBadRequest" computerName="VECTOR" duration="00:00:00.0160000" startTime="2018-05-22T05:02:51.9536436-04:00" endTime="2018-05-22T05:02:51.9536496-04:00" testType="13cdc9d9-ddb5-4fa4-a97d-d965ccfc6d4b" outcome="Passed" testListId="8c84fa94-04c1-424b-9868-57a2d4851a1d" relativeResultsDirectory="5f2b936d-576d-40f3-bc47-50c77b4b0dd1" /><UnitTestResult executionId="b5c37ad3-9c7c-4926-bc7e-4358af2377a4" testId="b76fad92-209d-420e-ba43-24ee7b008ad0" testName="GetSingle_InvalidIdPropertyValueReturnsNotFound" computerName="VECTOR" duration="00:00:00.0110000" startTime="2018-05-22T05:02:41.5509651-04:00" endTime="2018-05-22T05:02:41.5509702-04:00" testType="13cdc9d9-ddb5-4fa4-a97d-d965ccfc6d4b" outcome="Passed" testListId="8c84fa94-04c1-424b-9868-57a2d4851a1d" relativeResultsDirectory="b5c37ad3-9c7c-4926-bc7e-4358af2377a4" /></Results><TestDefinitions><UnitTest name="Post_InvalidPropertyValueReturnsBadRequest" storage="d:\users\steve knipmeyer\documents\github\modelrelief\modelrelief.test\bin\debug\netcoreapp2.0\modelrelief.test.dll" id="c2c41bae-d6c0-4fcb-9463-0c63f14fa053"><Execution id="0721cdf4-41b7-44ba-b6a0-009d2f3e29a3" /><TestMethod codeBase="D:\Users\Steve Knipmeyer\Documents\GitHub\ModelRelief\ModelRelief.test\bin\Debug\netcoreapp2.0\ModelRelief.Test.dll" adapterTypeName="executor://xunit/VsTestRunner2/netcoreapp" className="ModelRelief.Test.Integration.MeshTransforms.MeshTransformsBaseIntegrationTests" name="Post_InvalidPropertyValueReturnsBadRequest" /></UnitTest><UnitTest name="PutFile_FileCanBeUpdated" storage="d:\users\steve knipmeyer\documents\github\modelrelief\modelrelief.test\bin\debug\netcoreapp2.0\modelrelief.test.dll" id="767d1da1-9602-4c47-8657-569efdce2562"><Execution id="d85c7610-de04-469c-adc1-b16278abb510" /><TestMethod codeBase="D:\Users\Steve Knipmeyer\Documents\GitHub\ModelRelief\ModelRelief.test\bin\Debug\netcoreapp2.0\ModelRelief.Test.dll" adapterTypeName="executor://xunit/VsTestRunner2/netcoreapp" className="ModelRelief.Test.Integration.Meshes.MeshesFileIntegrationTests" name="PutFile_FileCanBeUpdated" /></UnitTest><UnitTest name="Patch_InvalidIdPropertyReturnsNotFound" storage="d:\users\steve knipmeyer\documents\github\modelrelief\modelrelief.test\bin\debug\netcoreapp2.0\modelrelief.test.dll" id="dd31f4c9-9d4a-45a3-b863-dea11f60b707"><Execution id="50b84f04-444e-4ad2-98d3-f6002d5f9ba2" /><TestMethod codeBase="D:\Users\Steve Knipmeyer\Documents\GitHub\ModelRelief\ModelRelief.test\bin\Debug\netcoreapp2.0\ModelRelief.Test.dll" adapterTypeName="executor://xunit/VsTestRunner2/netcoreapp" className="ModelRelief.Test.Integration.Models.ModelsBaseIntegrationTests" name="Patch_InvalidIdPropertyReturnsNotFound" /></UnitTest><UnitTest name="Patch_MultipleInvalidReferencePropertiesReturnsMultipleValidationErrorsAndBadRequest" storage="d:\users\steve knipmeyer\documents\github\modelrelief\modelrelief.test\bin\debug\netcoreapp2.0\modelrelief.test.dll" id="38c663cc-08e4-467c-a03f-cb92533fa458"><Execution id="f6bbf1ac-3d1e-4e0f-8c49-da24aec8bfec" /><TestMethod codeBase="D:\Users\Steve Knipmeyer\Documents\GitHub\ModelRelief\ModelRelief.test\bin\Debug\netcoreapp2.0\ModelRelief.Test.dll" adapterTypeName="executor://xunit/VsTestRunner2/netcoreapp" className="ModelRelief.Test.Integration.MeshTransforms.MeshTransformsBaseIntegrationTests" name="Patch_MultipleInvalidReferencePropertiesReturnsMultipleValidationErrorsAndBadRequest" /></UnitTest><UnitTest name="Put_CanUpdateModel" storage="d:\users\steve knipmeyer\documents\github\modelrelief\modelrelief.test\bin\debug\netcoreapp2.0\modelrelief.test.dll" id="22a98eab-3a85-4b66-93bf-da046c3ed30e"><Execution id="c8324914-d6ef-46f0-a52b-a51cc1a0c245" /><TestMethod codeBase="D:\Users\Steve Knipmeyer\Documents\GitHub\ModelRelief\ModelRelief.test\bin\Debug\netcoreapp2.0\ModelRelief.Test.dll" adapterTypeName="executor://xunit/VsTestRunner2/netcoreapp" className="ModelRelief.Test.Integration.DepthBuffers.DepthBuffersBaseIntegrationTests" name="Put_CanUpdateModel" /></UnitTest><UnitTest name="Put_ValidReferencePropertyUpdatesModel" storage="d:\users\steve knipmeyer\documents\github\modelrelief\modelrelief.test\bin\debug\netcoreapp2.0\modelrelief.test.dll" id="6659cd46-8482-4a10-9800-7b84915f421a"><Execution id="ad09c4e3-b20a-4984-844a-c0f3b5385aa8" /><TestMethod codeBase="D:\Users\Steve Knipmeyer\Documents\GitHub\ModelRelief\ModelRelief.test\bin\Debug\netcoreapp2.0\ModelRelief.Test.dll" adapterTypeName="executor://xunit/VsTestRunner2/netcoreapp" className="ModelRelief.Test.Integration.Meshes.MeshesBaseIntegrationTests" name="Put_ValidReferencePropertyUpdatesModel" /></UnitTest><UnitTest name="Put_InvalidReferencePropertyReturndBadRequest" storage="d:\users\steve knipmeyer\documents\github\modelrelief\modelrelief.test\bin\debug\netcoreapp2.0\modelrelief.test.dll" id="f0791888-ea99-425e-9928-6a267d9d1f53"><Execution id="93998214-2692-44cd-abf1-07e9844342dc" /><TestMethod codeBase="D:\Users\Steve Knipmeyer\Documents\GitHub\ModelRelief\ModelRelief.test\bin\Debug\netcoreapp2.0\ModelRelief.Test.dll" adapterTypeName="executor://xunit/VsTestRunner2/netcoreapp" className="ModelRelief.Test.Integration.Meshes.MeshesBaseIntegrationTests" name="Put_InvalidReferencePropertyReturndBadRequest" /></UnitTest><UnitTest name="FileRequest_FileCanBeReadAfterRename" storage="d:\users\steve knipmeyer\documents\github\modelrelief\modelrelief.test\bin\debug\netcoreapp2.0\modelrelief.test.dll" id="a6f6ed00-73a9-4337-b838-4d855195d178"><Execution id="c1c49699-2a1e-475c-9f87-0b563e7e27cd" /><TestMethod codeBase="D:\Users\Steve Knipmeyer\Documents\GitHub\ModelRelief\ModelRelief.test\bin\Debug\netcoreapp2.0\ModelRelief.Test.dll" adapterTypeName="executor://xunit/VsTestRunner2/netcoreapp" className="ModelRelief.Test.Integration.DepthBuffers.DepthBuffersFileIntegrationTests" name="FileRequest_FileCanBeReadAfterRename" /></UnitTest><UnitTest name="GetSingle_InvalidIdPropertyValueReturnsNotFound" storage="d:\users\steve knipmeyer\documents\github\modelrelief\modelrelief.test\bin\debug\netcoreapp2.0\modelrelief.test.dll" id="b8541640-c976-41a0-ae42-1fda35d272eb"><Execution id="33141ce5-be65-4668-a604-db3277a79fb9" /><TestMethod codeBase="D:\Users\Steve Knipmeyer\Documents\GitHub\ModelRelief\ModelRelief.test\bin\Debug\netcoreapp2.0\ModelRelief.Test.dll" adapterTypeName="executor://xunit/VsTestRunner2/netcoreapp" className="ModelRelief.Test.Integration.DepthBuffers.DepthBuffersBaseIntegrationTests" name="GetSingle_InvalidIdPropertyValueReturnsNotFound" /></UnitTest><UnitTest name="Patch_InvalidEnumPropertyValueReturnsBadRequest" storage="d:\users\steve knipmeyer\documents\github\modelrelief\modelrelief.test\bin\debug\netcoreapp2.0\modelrelief.test.dll" id="e747e2b2-d6af-45b3-85ee-427ae713f778"><Execution id="a62b1c20-0609-4aae-a8f4-1934b236bd2e" /><TestMethod codeBase="D:\Users\Steve Knipmeyer\Documents\GitHub\ModelRelief\ModelRelief.test\bin\Debug\netcoreapp2.0\ModelRelief.Test.dll" adapterTypeName="executor://xunit/VsTestRunner2/netcoreapp" className="ModelRelief.Test.Integration.MeshTransforms.MeshTransformsBaseIntegrationTests" name="Patch_InvalidEnumPropertyValueReturnsBadRequest" /></UnitTest><UnitTest name="Patch_ValidReferencePropertyUpdatesModel" storage="d:\users\steve knipmeyer\documents\github\modelrelief\modelrelief.test\bin\debug\netcoreapp2.0\modelrelief.test.dll" id="53e427ef-4372-44ac-b84f-737073b407ae"><Execution id="6590f7b1-db88-4f17-ba18-ca6890b07ee0" /><TestMethod codeBase="D:\Users\Steve Knipmeyer\Documents\GitHub\ModelRelief\ModelRelief.test\bin\Debug\netcoreapp2.0\ModelRelief.Test.dll" adapterTypeName="executor://xunit/VsTestRunner2/netcoreapp" className="ModelRelief.Test.Integration.Cameras.CamerasBaseIntegrationTests" name="Patch_ValidReferencePropertyUpdatesModel" /></UnitTest><UnitTest name="Post_InvalidReferencePropertyReturnsBadRequest" storage="d:\users\steve knipmeyer\documents\github\modelrelief\modelrelief.test\bin\debug\netcoreapp2.0\modelrelief.test.dll" id="bf781453-439b-4022-852e-1a4b3424dcc0"><Execution id="73d2fe16-d94a-4db2-90fd-9e301384f9e8" /><TestMethod codeBase="D:\Users\Steve Knipmeyer\Documents\GitHub\ModelRelief\ModelRelief.test\bin\Debug\netcoreapp2.0\ModelRelief.Test.dll" adapterTypeName="executor://xunit/VsTestRunner2/netcoreapp" className="ModelRelief.Test.Integration.Cameras.CamerasBaseIntegrationTests" name="Post_InvalidReferencePropertyReturnsBadRequest" /></UnitTest><UnitTest name="Patch_TargetPropertyIsUpdated" storage="d:\users\steve knipmeyer\documents\github\modelrelief\modelrelief.test\bin\debug\netcoreapp2.0\modelrelief.test.dll" id="78a13aeb-b1c9-4b10-b5d6-6fa27b45e516"><Execution id="82bb1135-37cc-45d6-995c-db8014f76b6e" /><TestMethod codeBase="D:\Users\Steve Knipmeyer\Documents\GitHub\ModelRelief\ModelRelief.test\bin\Debug\netcoreapp2.0\ModelRelief.Test.dll" adapterTypeName="executor://xunit/VsTestRunner2/netcoreapp" className="ModelRelief.Test.Integration.Models.ModelsBaseIntegrationTests" name="Patch_TargetPropertyIsUpdated" /></UnitTest><UnitTest name="Post_ValidReferencePropertyCreatesModel" storage="d:\users\steve knipmeyer\documents\github\modelrelief\modelrelief.test\bin\debug\netcoreapp2.0\modelrelief.test.dll" id="df3cc9a5-18c5-47da-b2d2-f4c11ed2b591"><Execution id="36476aa0-584c-415f-92b2-8cd6fa50a3e8" /><TestMethod codeBase="D:\Users\Steve Knipmeyer\Documents\GitHub\ModelRelief\ModelRelief.test\bin\Debug\netcoreapp2.0\ModelRelief.Test.dll" adapterTypeName="executor://xunit/VsTestRunner2/netcoreapp" className="ModelRelief.Test.Integration.Meshes.MeshesBaseIntegrationTests" name="Post_ValidReferencePropertyCreatesModel" /></UnitTest><UnitTest name="GetSingle_InvalidIdPropertyValueReturnsNotFound" storage="d:\users\steve knipmeyer\documents\github\modelrelief\modelrelief.test\bin\debug\netcoreapp2.0\modelrelief.test.dll" id="b76fad92-209d-420e-ba43-24ee7b008ad0"><Execution id="b5c37ad3-9c7c-4926-bc7e-4358af2377a4" /><TestMethod codeBase="D:\Users\Steve Knipmeyer\Documents\GitHub\ModelRelief\ModelRelief.test\bin\Debug\netcoreapp2.0\ModelRelief.Test.dll" adapterTypeName="executor://xunit/VsTestRunner2/netcoreapp" className="ModelRelief.Test.Integration.Models.ModelsBaseIntegrationTests" name="GetSingle_InvalidIdPropertyValueReturnsNotFound" /></UnitTest><UnitTest name="FileRequest_MeshGenerateSetsFileIsSynchronized" storage="d:\users\steve knipmeyer\documents\github\modelrelief\modelrelief.test\bin\debug\netcoreapp2.0\modelrelief.test.dll" id="6500e65a-0bdf-4886-9633-dd20a9570619"><Execution id="85c10c3f-c80d-4ecb-b917-f850174da34e" /><TestMethod codeBase="D:\Users\Steve Knipmeyer\Documents\GitHub\ModelRelief\ModelRelief.test\bin\Debug\netcoreapp2.0\ModelRelief.Test.dll" adapterTypeName="executor://xunit/VsTestRunner2/netcoreapp" className="ModelRelief.Test.Integration.Meshes.MeshesFileIntegrationTests" name="FileRequest_MeshGenerateSetsFileIsSynchronized" /></UnitTest><UnitTest name="Post_CanCreateNewModel" storage="d:\users\steve knipmeyer\documents\github\modelrelief\modelrelief.test\bin\debug\netcoreapp2.0\modelrelief.test.dll" id="452ad1c7-c507-488e-84bd-3af07b73126a"><Execution id="b916a5d8-2383-43fb-a923-885d8f0d4379" /><TestMethod codeBase="D:\Users\Steve Knipmeyer\Documents\GitHub\ModelRelief\ModelRelief.test\bin\Debug\netcoreapp2.0\ModelRelief.Test.dll" adapterTypeName="executor://xunit/VsTestRunner2/netcoreapp" className="ModelRelief.Test.Integration.MeshTransforms.MeshTransformsBaseIntegrationTests" name="Post_CanCreateNewModel" /></UnitTest><UnitTest name="Post_ValidReferencePropertyCreatesModel" storage="d:\users\steve knipmeyer\documents\github\modelrelief\modelrelief.test\bin\debug\netcoreapp2.0\modelrelief.test.dll" id="fd86eb34-1993-40bc-b1c9-05558d98c48c"><Execution id="03e10b2b-109f-47bc-b3f8-f11004d35f18" /><TestMethod codeBase="D:\Users\Steve Knipmeyer\Documents\GitHub\ModelRelief\ModelRelief.test\bin\Debug\netcoreapp2.0\ModelRelief.Test.dll" adapterTypeName="executor://xunit/VsTestRunner2/netcoreapp" className="ModelRelief.Test.Integration.Models.ModelsBaseIntegrationTests" name="Post_ValidReferencePropertyCreatesModel" /></UnitTest><UnitTest name="PostFile_NewFileCanBePosted" storage="d:\users\steve knipmeyer\documents\github\modelrelief\modelrelief.test\bin\debug\netcoreapp2.0\modelrelief.test.dll" id="efb5f1ee-be02-40b4-a105-9445d3a91c2a"><Execution id="df42b826-016c-477f-9f03-d55e742fa3c4" /><TestMethod codeBase="D:\Users\Steve Knipmeyer\Documents\GitHub\ModelRelief\ModelRelief.test\bin\Debug\netcoreapp2.0\ModelRelief.Test.dll" adapterTypeName="executor://xunit/VsTestRunner2/netcoreapp" className="ModelRelief.Test.Integration.DepthBuffers.DepthBuffersFileIntegrationTests" name="PostFile_NewFileCanBePosted" /></UnitTest><UnitTest name="GetFile_NonExistentFileReturnsNotFound" storage="d:\users\steve knipmeyer\documents\github\modelrelief\modelrelief.test\bin\debug\netcoreapp2.0\modelrelief.test.dll" id="5eaaee59-9f98-44e3-a819-56b962fbe797"><Execution id="280a3aed-3dc0-41ca-8ae3-ca56a19adbdb" /><TestMethod codeBase="D:\Users\Steve Knipmeyer\Documents\GitHub\ModelRelief\ModelRelief.test\bin\Debug\netcoreapp2.0\ModelRelief.Test.dll" adapterTypeName="executor://xunit/VsTestRunner2/netcoreapp" className="ModelRelief.Test.Integration.DepthBuffers.DepthBuffersFileIntegrationTests" name="GetFile_NonExistentFileReturnsNotFound" /></UnitTest><UnitTest name="Patch_InvalidPropertyNameReturnsBadRequest" storage="d:\users\steve knipmeyer\documents\github\modelrelief\modelrelief.test\bin\debug\netcoreapp2.0\modelrelief.test.dll" id="6ad500f3-ae99-4b8f-9b9e-714d8fdd70c9"><Execution id="f7893c4f-8c44-4e6a-970b-4e3c2b5a0ba3" /><TestMethod codeBase="D:\Users\Steve Knipmeyer\Documents\GitHub\ModelRelief\ModelRelief.test\bin\Debug\netcoreapp2.0\ModelRelief.Test.dll" adapterTypeName="executor://xunit/VsTestRunner2/netcoreapp" className="ModelRelief.Test.Integration.MeshTransforms.MeshTransformsBaseIntegrationTests" name="Patch_InvalidPropertyNameReturnsBadRequest" /></UnitTest><UnitTest name="Patch_InvalidIdPropertyReturnsNotFound" storage="d:\users\steve knipmeyer\documents\github\modelrelief\modelrelief.test\bin\debug\netcoreapp2.0\modelrelief.test.dll" id="8891a1ac-a981-4a54-9a83-1e73d02f99e7"><Execution id="2ff32409-6c10-4878-b07a-98fb9b82026a" /><TestMethod codeBase="D:\Users\Steve Knipmeyer\Documents\GitHub\ModelRelief\ModelRelief.test\bin\Debug\netcoreapp2.0\ModelRelief.Test.dll" adapterTypeName="executor://xunit/VsTestRunner2/netcoreapp" className="ModelRelief.Test.Integration.Cameras.CamerasBaseIntegrationTests" name="Patch_InvalidIdPropertyReturnsNotFound" /></UnitTest><UnitTest name="Put_InvalidReferencePropertyReturndBadRequest" storage="d:\users\steve knipmeyer\documents\github\modelrelief\modelrelief.test\bin\debug\netcoreapp2.0\modelrelief.test.dll" id="028a9ba1-d47d-4548-93c5-9b5a9eaad5c0"><Execution id="b1aceaa0-7ddc-4ad8-a930-655728f9a7d4" /><TestMethod codeBase="D:\Users\Steve Knipmeyer\Documents\GitHub\ModelRelief\ModelRelief.test\bin\Debug\netcoreapp2.0\ModelRelief.Test.dll" adapterTypeName="executor://xunit/VsTestRunner2/netcoreapp" className="ModelRelief.Test.Integration.MeshTransforms.MeshTransformsBaseIntegrationTests" name="Put_InvalidReferencePropertyReturndBadRequest" /></UnitTest><UnitTest name="Put_ValidReferencePropertyUpdatesModel" storage="d:\users\steve knipmeyer\documents\github\modelrelief\modelrelief.test\bin\debug\netcoreapp2.0\modelrelief.test.dll" id="81ba1806-1520-4056-a260-bc96a4d56613"><Execution id="8edd9670-110b-4a09-9da5-bf25a0eeae05" /><TestMethod codeBase="D:\Users\Steve Knipmeyer\Documents\GitHub\ModelRelief\ModelRelief.test\bin\Debug\netcoreapp2.0\ModelRelief.Test.dll" adapterTypeName="executor://xunit/VsTestRunner2/netcoreapp" className="ModelRelief.Test.Integration.Models.ModelsBaseIntegrationTests" name="Put_ValidReferencePropertyUpdatesModel" /></UnitTest><UnitTest name="PostFile_FileIsSynchronizedIsUpdatedAfterFileIsPosted" storage="d:\users\steve knipmeyer\documents\github\modelrelief\modelrelief.test\bin\debug\netcoreapp2.0\modelrelief.test.dll" id="c9259d1f-6bf9-4ead-b7e0-82491e7cfcdb"><Execution id="cd36449c-2808-4e13-b25d-4ca8befffe07" /><TestMethod codeBase="D:\Users\Steve Knipmeyer\Documents\GitHub\ModelRelief\ModelRelief.test\bin\Debug\netcoreapp2.0\ModelRelief.Test.dll" adapterTypeName="executor://xunit/VsTestRunner2/netcoreapp" className="ModelRelief.Test.Integration.DepthBuffers.DepthBuffersFileIntegrationTests" name="PostFile_FileIsSynchronizedIsUpdatedAfterFileIsPosted" /></UnitTest><UnitTest name="Post_InvalidPropertyValueReturnsBadRequest" storage="d:\users\steve knipmeyer\documents\github\modelrelief\modelrelief.test\bin\debug\netcoreapp2.0\modelrelief.test.dll" id="886eadb5-ee03-4b6b-be02-f8f2ef172b54"><Execution id="991ef792-7685-42e6-bc3f-c3c5ee9c8ed5" /><TestMethod codeBase="D:\Users\Steve Knipmeyer\Documents\GitHub\ModelRelief\ModelRelief.test\bin\Debug\netcoreapp2.0\ModelRelief.Test.dll" adapterTypeName="executor://xunit/VsTestRunner2/netcoreapp" className="ModelRelief.Test.Integration.Projects.ProjectsBaseIntegrationTests" name="Post_InvalidPropertyValueReturnsBadRequest" /></UnitTest><UnitTest name="PostFile_FileTimeStampIsUpdatedAfterFileIsPosted" storage="d:\users\steve knipmeyer\documents\github\modelrelief\modelrelief.test\bin\debug\netcoreapp2.0\modelrelief.test.dll" id="dd66a106-7943-417b-8c10-816deee7a734"><Execution id="79d03690-14ba-47f1-bb82-02f9b180c19b" /><TestMethod codeBase="D:\Users\Steve Knipmeyer\Documents\GitHub\ModelRelief\ModelRelief.test\bin\Debug\netcoreapp2.0\ModelRelief.Test.dll" adapterTypeName="executor://xunit/VsTestRunner2/netcoreapp" className="ModelRelief.Test.Integration.Models.ModelsFileIntegrationTests" name="PostFile_FileTimeStampIsUpdatedAfterFileIsPosted" /></UnitTest><UnitTest name="FileRequest_FileCanBeReadAfterRename" storage="d:\users\steve knipmeyer\documents\github\modelrelief\modelrelief.test\bin\debug\netcoreapp2.0\modelrelief.test.dll" id="a6e880f2-7be0-4e98-8f54-ee97ca0f42ee"><Execution id="cc7bb1c0-1b58-46de-9df4-2ab862d677cb" /><TestMethod codeBase="D:\Users\Steve Knipmeyer\Documents\GitHub\ModelRelief\ModelRelief.test\bin\Debug\netcoreapp2.0\ModelRelief.Test.dll" adapterTypeName="executor://xunit/VsTestRunner2/netcoreapp" className="ModelRelief.Test.Integration.Models.ModelsFileIntegrationTests" name="FileRequest_FileCanBeReadAfterRename" /></UnitTest><UnitTest name="Patch_InvalidEnumPropertyValueReturnsBadRequest" storage="d:\users\steve knipmeyer\documents\github\modelrelief\modelrelief.test\bin\debug\netcoreapp2.0\modelrelief.test.dll" id="4b0ee9b6-6e5b-4b64-b772-aba295666197"><Execution id="5f2b936d-576d-40f3-bc47-50c77b4b0dd1" /><TestMethod codeBase="D:\Users\Steve Knipmeyer\Documents\GitHub\ModelRelief\ModelRelief.test\bin\Debug\netcoreapp2.0\ModelRelief.Test.dll" adapterTypeName="executor://xunit/VsTestRunner2/netcoreapp" className="ModelRelief.Test.Integration.DepthBuffers.DepthBuffersBaseIntegrationTests" name="Patch_InvalidEnumPropertyValueReturnsBadRequest" /></UnitTest><UnitTest name="Put_InvalidReferencePropertyReturndBadRequest" storage="d:\users\steve knipmeyer\documents\github\modelrelief\modelrelief.test\bin\debug\netcoreapp2.0\modelrelief.test.dll" id="39e5121f-b9fa-4487-a0c7-153881c363a0"><Execution id="08952844-394b-4469-8305-c5e5967988d2" /><TestMethod codeBase="D:\Users\Steve Knipmeyer\Documents\GitHub\ModelRelief\ModelRelief.test\bin\Debug\netcoreapp2.0\ModelRelief.Test.dll" adapterTypeName="executor://xunit/VsTestRunner2/netcoreapp" className="ModelRelief.Test.Integration.DepthBuffers.DepthBuffersBaseIntegrationTests" name="Put_InvalidReferencePropertyReturndBadRequest" /></UnitTest><UnitTest name="GetFile_ExistingFileReturnsSuccess" storage="d:\users\steve knipmeyer\documents\github\modelrelief\modelrelief.test\bin\debug\netcoreapp2.0\modelrelief.test.dll" id="ab3a8ee9-480b-4599-802f-f1f9a075a812"><Execution id="7aadad04-f49f-42b2-948b-c5318820f6c2" /><TestMethod codeBase="D:\Users\Steve Knipmeyer\Documents\GitHub\ModelRelief\ModelRelief.test\bin\Debug\netcoreapp2.0\ModelRelief.Test.dll" adapterTypeName="executor://xunit/VsTestRunner2/netcoreapp" className="ModelRelief.Test.Integration.DepthBuffers.DepthBuffersFileIntegrationTests" name="GetFile_ExistingFileReturnsSuccess" /></UnitTest><UnitTest name="FileRequest_FileCanBeReadAfterRename" storage="d:\users\steve knipmeyer\documents\github\modelrelief\modelrelief.test\bin\debug\netcoreapp2.0\modelrelief.test.dll" id="10c31b90-9a96-49fd-b645-16e658066d33"><Execution id="13ba9131-8191-4306-a439-9be1243e7a25" /><TestMethod codeBase="D:\Users\Steve Knipmeyer\Documents\GitHub\ModelRelief\ModelRelief.test\bin\Debug\netcoreapp2.0\ModelRelief.Test.dll" adapterTypeName="executor://xunit/VsTestRunner2/netcoreapp" className="ModelRelief.Test.Integration.Meshes.MeshesFileIntegrationTests" name="FileRequest_FileCanBeReadAfterRename" /></UnitTest><UnitTest name="FileRequest_MeshIsInvalidatedAfterDepthBufferFileBecomesUnsynchronized" storage="d:\users\steve knipmeyer\documents\github\modelrelief\modelrelief.test\bin\debug\netcoreapp2.0\modelrelief.test.dll" id="3e0b4a0e-e14b-442d-8d01-20110fb5a453"><Execution id="bfe6fe06-bbbc-4d38-99d6-72303e221702" /><TestMethod codeBase="D:\Users\Steve Knipmeyer\Documents\GitHub\ModelRelief\ModelRelief.test\bin\Debug\netcoreapp2.0\ModelRelief.Test.dll" adapterTypeName="executor://xunit/VsTestRunner2/netcoreapp" className="ModelRelief.Test.Integration.Meshes.MeshesFileIntegrationTests" name="FileRequest_MeshIsInvalidatedAfterDepthBufferFileBecomesUnsynchronized" /></UnitTest><UnitTest name="GetFile_ExistingFileReturnsSuccess" storage="d:\users\steve knipmeyer\documents\github\modelrelief\modelrelief.test\bin\debug\netcoreapp2.0\modelrelief.test.dll" id="fab9e105-2935-4d25-8b6a-a263be7c79f3"><Execution id="3fafb0ac-4b69-408b-a735-056d8cc17a58" /><TestMethod codeBase="D:\Users\Steve Knipmeyer\Documents\GitHub\ModelRelief\ModelRelief.test\bin\Debug\netcoreapp2.0\ModelRelief.Test.dll" adapterTypeName="executor://xunit/VsTestRunner2/netcoreapp" className="ModelRelief.Test.Integration.Meshes.MeshesFileIntegrationTests" name="GetFile_ExistingFileReturnsSuccess" /></UnitTest><UnitTest name="Delete_TargetModelIsDeleted" storage="d:\users\steve knipmeyer\documents\github\modelrelief\modelrelief.test\bin\debug\netcoreapp2.0\modelrelief.test.dll" id="a6fcc505-a35e-48ab-9230-daa74f4e984f"><Execution id="d193d9da-36ac-4866-8a09-fbf02e201281" /><TestMethod codeBase="D:\Users\Steve Knipmeyer\Documents\GitHub\ModelRelief\ModelRelief.test\bin\Debug\netcoreapp2.0\ModelRelief.Test.dll" adapterTypeName="executor://xunit/VsTestRunner2/netcoreapp" className="ModelRelief.Test.Integration.Meshes.MeshesBaseIntegrationTests" name="Delete_TargetModelIsDeleted" /></UnitTest><UnitTest name="Patch_InvalidReferencePropertyReturnsBadRequest" storage="d:\users\steve knipmeyer\documents\github\modelrelief\modelrelief.test\bin\debug\netcoreapp2.0\modelrelief.test.dll" id="f9209855-f1aa-416e-ad72-41e09a04e9db"><Execution id="6d569bef-55e6-458e-a398-a903f5059754" /><TestMethod codeBase="D:\Users\Steve Knipmeyer\Documents\GitHub\ModelRelief\ModelRelief.test\bin\Debug\netcoreapp2.0\ModelRelief.Test.dll" adapterTypeName="executor://xunit/VsTestRunner2/netcoreapp" className="ModelRelief.Test.Integration.Models.ModelsBaseIntegrationTests" name="Patch_InvalidReferencePropertyReturnsBadRequest" /></UnitTest><UnitTest name="PostFile_FileIsSynchronizedIsUpdatedAfterFileIsPosted" storage="d:\users\steve knipmeyer\documents\github\modelrelief\modelrelief.test\bin\debug\netcoreapp2.0\modelrelief.test.dll" id="8a7b607c-7bec-4c17-9726-ad2150edcf0f"><Execution id="6d25a766-b3d7-4b5a-a07d-7e660d3ef0f3" /><TestMethod codeBase="D:\Users\Steve Knipmeyer\Documents\GitHub\ModelRelief\ModelRelief.test\bin\Debug\netcoreapp2.0\ModelRelief.Test.dll" adapterTypeName="executor://xunit/VsTestRunner2/netcoreapp" className="ModelRelief.Test.Integration.Meshes.MeshesFileIntegrationTests" name="PostFile_FileIsSynchronizedIsUpdatedAfterFileIsPosted" /></UnitTest><UnitTest name="Patch_ValidReferencePropertyUpdatesModel" storage="d:\users\steve knipmeyer\documents\github\modelrelief\modelrelief.test\bin\debug\netcoreapp2.0\modelrelief.test.dll" id="c3073f03-d2f2-4c54-85ea-c80ddf8730d7"><Execution id="51623dc0-7086-46b7-961c-a7760f0d5df3" /><TestMethod codeBase="D:\Users\Steve Knipmeyer\Documents\GitHub\ModelRelief\ModelRelief.test\bin\Debug\netcoreapp2.0\ModelRelief.Test.dll" adapterTypeName="executor://xunit/VsTestRunner2/netcoreapp" className="ModelRelief.Test.Integration.DepthBuffers.DepthBuffersBaseIntegrationTests" name="Patch_ValidReferencePropertyUpdatesModel" /></UnitTest><UnitTest name="Post_CanCreateNewModel" storage="d:\users\steve knipmeyer\documents\github\modelrelief\modelrelief.test\bin\debug\netcoreapp2.0\modelrelief.test.dll" id="d6adb56c-bb59-4cef-96c3-e488cb2263e8"><Execution id="721861d1-a5e6-46ff-953c-2f723a50f56b" /><TestMethod codeBase="D:\Users\Steve Knipmeyer\Documents\GitHub\ModelRelief\ModelRelief.test\bin\Debug\netcoreapp2.0\ModelRelief.Test.dll" adapterTypeName="executor://xunit/VsTestRunner2/netcoreapp" className="ModelRelief.Test.Integration.Models.ModelsBaseIntegrationTests" name="Post_CanCreateNewModel" /></UnitTest><UnitTest name="Patch_InvalidReferencePropertyReturnsBadRequest" storage="d:\users\steve knipmeyer\documents\github\modelrelief\modelrelief.test\bin\debug\netcoreapp2.0\modelrelief.test.dll" id="93ceb9c8-97bf-4b13-8e65-4af698750dd0"><Execution id="cd8ff3df-569d-47bd-b6a6-82731bf62b2b" /><TestMethod codeBase="D:\Users\Steve Knipmeyer\Documents\GitHub\ModelRelief\ModelRelief.test\bin\Debug\netcoreapp2.0\ModelRelief.Test.dll" adapterTypeName="executor://xunit/VsTestRunner2/netcoreapp" className="ModelRelief.Test.Integration.Meshes.MeshesBaseIntegrationTests" name="Patch_InvalidReferencePropertyReturnsBadRequest" /></UnitTest><UnitTest name="Patch_InvalidIdPropertyReturnsNotFound" storage="d:\users\steve knipmeyer\documents\github\modelrelief\modelrelief.test\bin\debug\netcoreapp2.0\modelrelief.test.dll" id="28bf970f-90a7-41a4-9916-159a94a570e1"><Execution id="771b4a10-8f79-4969-b98f-344d83079ab5" /><TestMethod codeBase="D:\Users\Steve Knipmeyer\Documents\GitHub\ModelRelief\ModelRelief.test\bin\Debug\netcoreapp2.0\ModelRelief.Test.dll" adapterTypeName="executor://xunit/VsTestRunner2/netcoreapp" className="ModelRelief.Test.Integration.MeshTransforms.MeshTransformsBaseIntegrationTests" name="Patch_InvalidIdPropertyReturnsNotFound" /></UnitTest><UnitTest name="Patch_InvalidPropertyNameReturnsBadRequest" storage="d:\users\steve knipmeyer\documents\github\modelrelief\modelrelief.test\bin\debug\netcoreapp2.0\modelrelief.test.dll" id="fe6abade-e39f-4bad-b52a-16bd58391401"><Execution id="2de88d47-da49-4af8-9682-a96ffc6bb2b0" /><TestMethod codeBase="D:\Users\Steve Knipmeyer\Documents\GitHub\ModelRelief\ModelRelief.test\bin\Debug\netcoreapp2.0\ModelRelief.Test.dll" adapterTypeName="executor://xunit/VsTestRunner2/netcoreapp" className="ModelRelief.Test.Integration.DepthBuffers.DepthBuffersBaseIntegrationTests" name="Patch_InvalidPropertyNameReturnsBadRequest" /></UnitTest><UnitTest name="Patch_TargetPropertyIsUpdated" storage="d:\users\steve knipmeyer\documents\github\modelrelief\modelrelief.test\bin\debug\netcoreapp2.0\modelrelief.test.dll" id="a44c0bb8-88bd-42bd-8c30-3c2c29d1d191"><Execution id="bbc851c1-46fa-49cb-a65c-e504ecc84543" /><TestMethod codeBase="D:\Users\Steve Knipmeyer\Documents\GitHub\ModelRelief\ModelRelief.test\bin\Debug\netcoreapp2.0\ModelRelief.Test.dll" adapterTypeName="executor://xunit/VsTestRunner2/netcoreapp" className="ModelRelief.Test.Integration.Meshes.MeshesBaseIntegrationTests" name="Patch_TargetPropertyIsUpdated" /></UnitTest><UnitTest name="Patch_MultipleInvalidReferencePropertiesReturnsMultipleValidationErrorsAndBadRequest" storage="d:\users\steve knipmeyer\documents\github\modelrelief\modelrelief.test\bin\debug\netcoreapp2.0\modelrelief.test.dll" id="2d06682a-9764-4a34-92af-b200b1753d06"><Execution id="68418e86-e962-4d18-98a8-6744fece1638" /><TestMethod codeBase="D:\Users\Steve Knipmeyer\Documents\GitHub\ModelRelief\ModelRelief.test\bin\Debug\netcoreapp2.0\ModelRelief.Test.dll" adapterTypeName="executor://xunit/VsTestRunner2/netcoreapp" className="ModelRelief.Test.Integration.Models.ModelsBaseIntegrationTests" name="Patch_MultipleInvalidReferencePropertiesReturnsMultipleValidationErrorsAndBadRequest" /></UnitTest><UnitTest name="Post_InvalidPropertyValueReturnsBadRequest" storage="d:\users\steve knipmeyer\documents\github\modelrelief\modelrelief.test\bin\debug\netcoreapp2.0\modelrelief.test.dll" id="273128eb-571b-46e2-9d16-7f98cf64202d"><Execution id="4e5a450f-ed59-4437-9bab-bfa9c6cdd345" /><TestMethod codeBase="D:\Users\Steve Knipmeyer\Documents\GitHub\ModelRelief\ModelRelief.test\bin\Debug\netcoreapp2.0\ModelRelief.Test.dll" adapterTypeName="executor://xunit/VsTestRunner2/netcoreapp" className="ModelRelief.Test.Integration.Meshes.MeshesBaseIntegrationTests" name="Post_InvalidPropertyValueReturnsBadRequest" /></UnitTest><UnitTest name="Patch_InvalidEnumPropertyValueReturnsBadRequest" storage="d:\users\steve knipmeyer\documents\github\modelrelief\modelrelief.test\bin\debug\netcoreapp2.0\modelrelief.test.dll" id="bb49b804-6f42-4419-a776-0d9ae78267a1"><Execution id="e214e40a-6632-4e72-a98d-9b32974d3701" /><TestMethod codeBase="D:\Users\Steve Knipmeyer\Documents\GitHub\ModelRelief\ModelRelief.test\bin\Debug\netcoreapp2.0\ModelRelief.Test.dll" adapterTypeName="executor://xunit/VsTestRunner2/netcoreapp" className="ModelRelief.Test.Integration.Meshes.MeshesBaseIntegrationTests" name="Patch_InvalidEnumPropertyValueReturnsBadRequest" /></UnitTest><UnitTest name="Patch_MultipleInvalidReferencePropertiesReturnsMultipleValidationErrorsAndBadRequest" storage="d:\users\steve knipmeyer\documents\github\modelrelief\modelrelief.test\bin\debug\netcoreapp2.0\modelrelief.test.dll" id="d412d049-bd1f-4028-9ac5-88342f48715d"><Execution id="34c93530-14b9-41a1-a097-7e9f4da73f3a" /><TestMethod codeBase="D:\Users\Steve Knipmeyer\Documents\GitHub\ModelRelief\ModelRelief.test\bin\Debug\netcoreapp2.0\ModelRelief.Test.dll" adapterTypeName="executor://xunit/VsTestRunner2/netcoreapp" className="ModelRelief.Test.Integration.Meshes.MeshesBaseIntegrationTests" name="Patch_MultipleInvalidReferencePropertiesReturnsMultipleValidationErrorsAndBadRequest" /></UnitTest><UnitTest name="PutFile_NewFileCanBePut" storage="d:\users\steve knipmeyer\documents\github\modelrelief\modelrelief.test\bin\debug\netcoreapp2.0\modelrelief.test.dll" id="caf5d1ed-4bcb-4c51-b112-037b283d5b33"><Execution id="9cbe6fd2-aecb-4d95-b15b-7f9792490b88" /><TestMethod codeBase="D:\Users\Steve Knipmeyer\Documents\GitHub\ModelRelief\ModelRelief.test\bin\Debug\netcoreapp2.0\ModelRelief.Test.dll" adapterTypeName="executor://xunit/VsTestRunner2/netcoreapp" className="ModelRelief.Test.Integration.DepthBuffers.DepthBuffersFileIntegrationTests" name="PutFile_NewFileCanBePut" /></UnitTest><UnitTest name="Patch_InvalidReferencePropertyReturnsBadRequest" storage="d:\users\steve knipmeyer\documents\github\modelrelief\modelrelief.test\bin\debug\netcoreapp2.0\modelrelief.test.dll" id="c717aeb5-906a-4d34-9c03-c93cf59614c4"><Execution id="427fd5b5-e0f6-4ed8-bac5-52eb2d08e0ac" /><TestMethod codeBase="D:\Users\Steve Knipmeyer\Documents\GitHub\ModelRelief\ModelRelief.test\bin\Debug\netcoreapp2.0\ModelRelief.Test.dll" adapterTypeName="executor://xunit/VsTestRunner2/netcoreapp" className="ModelRelief.Test.Integration.Cameras.CamerasBaseIntegrationTests" name="Patch_InvalidReferencePropertyReturnsBadRequest" /></UnitTest><UnitTest name="Patch_ValidReferencePropertyUpdatesModel" storage="d:\users\steve knipmeyer\documents\github\modelrelief\modelrelief.test\bin\debug\netcoreapp2.0\modelrelief.test.dll" id="8deb9e65-c6cb-429a-a0c6-864035cab40a"><Execution id="6eb89de8-3839-4479-985f-89720078d916" /><TestMethod codeBase="D:\Users\Steve Knipmeyer\Documents\GitHub\ModelRelief\ModelRelief.test\bin\Debug\netcoreapp2.0\ModelRelief.Test.dll" adapterTypeName="executor://xunit/VsTestRunner2/netcoreapp" className="ModelRelief.Test.Integration.Projects.ProjectsBaseIntegrationTests" name="Patch_ValidReferencePropertyUpdatesModel" /></UnitTest><UnitTest name="Patch_InvalidPropertyNameReturnsBadRequest" storage="d:\users\steve knipmeyer\documents\github\modelrelief\modelrelief.test\bin\debug\netcoreapp2.0\modelrelief.test.dll" id="f5ce110a-8578-4cfd-8182-8ef0fddd0f02"><Execution id="6ab1887e-12fa-4459-8efe-3bb82e4461b8" /><TestMethod codeBase="D:\Users\Steve Knipmeyer\Documents\GitHub\ModelRelief\ModelRelief.test\bin\Debug\netcoreapp2.0\ModelRelief.Test.dll" adapterTypeName="executor://xunit/VsTestRunner2/netcoreapp" className="ModelRelief.Test.Integration.Meshes.MeshesBaseIntegrationTests" name="Patch_InvalidPropertyNameReturnsBadRequest" /></UnitTest><UnitTest name="Patch_InvalidEnumPropertyValueReturnsBadRequest" storage="d:\users\steve knipmeyer\documents\github\modelrelief\modelrelief.test\bin\debug\netcoreapp2.0\modelrelief.test.dll" id="59b559bb-23cc-4325-a9f2-6c8f9a830463"><Execution id="ed2c4c36-b6ec-4eba-9700-d79e60ba36d9" /><TestMethod codeBase="D:\Users\Steve Knipmeyer\Documents\GitHub\ModelRelief\ModelRelief.test\bin\Debug\netcoreapp2.0\ModelRelief.Test.dll" adapterTypeName="executor://xunit/VsTestRunner2/netcoreapp" className="ModelRelief.Test.Integration.Models.ModelsBaseIntegrationTests" name="Patch_InvalidEnumPropertyValueReturnsBadRequest" /></UnitTest><UnitTest name="Model3dHasExpectedDependentFiles" storage="d:\users\steve knipmeyer\documents\github\modelrelief\modelrelief.test\bin\debug\netcoreapp2.0\modelrelief.test.dll" id="8073f9ed-5579-4a87-b9cc-37d3d0e3fbe0"><Execution id="de91d41f-dba0-4b69-b800-fb97810c1422" /><TestMethod codeBase="D:\Users\Steve Knipmeyer\Documents\GitHub\ModelRelief\ModelRelief.test\bin\Debug\netcoreapp2.0\ModelRelief.Test.dll" adapterTypeName="executor://xunit/VsTestRunner2/netcoreapp" className="ModelRelief.Test.Unit.DependencyManager.DependencyManagerTests" name="Model3dHasExpectedDependentFiles" /></UnitTest><UnitTest name="GetSingle_ValidIdPropertyValueReturnsCorrectModel" storage="d:\users\steve knipmeyer\documents\github\modelrelief\modelrelief.test\bin\debug\netcoreapp2.0\modelrelief.test.dll" id="d4029775-724c-4041-bfed-9a07c3feba00"><Execution id="622720af-d628-4871-8eea-063b651db1a1" /><TestMethod codeBase="D:\Users\Steve Knipmeyer\Documents\GitHub\ModelRelief\ModelRelief.test\bin\Debug\netcoreapp2.0\ModelRelief.Test.dll" adapterTypeName="executor://xunit/VsTestRunner2/netcoreapp" className="ModelRelief.Test.Integration.Cameras.CamerasBaseIntegrationTests" name="GetSingle_ValidIdPropertyValueReturnsCorrectModel" /></UnitTest><UnitTest name="Delete_TargetModelIsDeleted" storage="d:\users\steve knipmeyer\documents\github\modelrelief\modelrelief.test\bin\debug\netcoreapp2.0\modelrelief.test.dll" id="29d46a29-2c37-40a1-9dd2-806d09b2b183"><Execution id="db898d0e-bc44-42ed-9906-5b29cf8c6fb7" /><TestMethod codeBase="D:\Users\Steve Knipmeyer\Documents\GitHub\ModelRelief\ModelRelief.test\bin\Debug\netcoreapp2.0\ModelRelief.Test.dll" adapterTypeName="executor://xunit/VsTestRunner2/netcoreapp" className="ModelRelief.Test.Integration.DepthBuffers.DepthBuffersBaseIntegrationTests" name="Delete_TargetModelIsDeleted" /></UnitTest><UnitTest name="PostFile_NewFileCanBePosted" storage="d:\users\steve knipmeyer\documents\github\modelrelief\modelrelief.test\bin\debug\netcoreapp2.0\modelrelief.test.dll" id="8f69f8ad-6267-4fbd-a259-1a985733c59d"><Execution id="60c5e610-89ad-4190-8327-7a260323f7fb" /><TestMethod codeBase="D:\Users\Steve Knipmeyer\Documents\GitHub\ModelRelief\ModelRelief.test\bin\Debug\netcoreapp2.0\ModelRelief.Test.dll" adapterTypeName="executor://xunit/VsTestRunner2/netcoreapp" className="ModelRelief.Test.Integration.Models.ModelsFileIntegrationTests" name="PostFile_NewFileCanBePosted" /></UnitTest><UnitTest name="Put_ValidReferencePropertyUpdatesModel" storage="d:\users\steve knipmeyer\documents\github\modelrelief\modelrelief.test\bin\debug\netcoreapp2.0\modelrelief.test.dll" id="08fc9c52-f704-4783-bf57-5b8737541cda"><Execution id="651d41de-c2b3-4b7b-b296-226d8d09c37b" /><TestMethod codeBase="D:\Users\Steve Knipmeyer\Documents\GitHub\ModelRelief\ModelRelief.test\bin\Debug\netcoreapp2.0\ModelRelief.Test.dll" adapterTypeName="executor://xunit/VsTestRunner2/netcoreapp" className="ModelRelief.Test.Integration.Cameras.CamerasBaseIntegrationTests" name="Put_ValidReferencePropertyUpdatesModel" /></UnitTest><UnitTest name="GetSingle_ValidIdPropertyValueReturnsCorrectModel" storage="d:\users\steve knipmeyer\documents\github\modelrelief\modelrelief.test\bin\debug\netcoreapp2.0\modelrelief.test.dll" id="458b44a1-a33b-489f-9073-c4c4f14100d0"><Execution id="c0d22e53-5731-4050-a432-d7f4951d2122" /><TestMethod codeBase="D:\Users\Steve Knipmeyer\Documents\GitHub\ModelRelief\ModelRelief.test\bin\Debug\netcoreapp2.0\ModelRelief.Test.dll" adapterTypeName="executor://xunit/VsTestRunner2/netcoreapp" className="ModelRelief.Test.Integration.Meshes.MeshesBaseIntegrationTests" name="GetSingle_ValidIdPropertyValueReturnsCorrectModel" /></UnitTest><UnitTest name="Patch_MultipleInvalidReferencePropertiesReturnsMultipleValidationErrorsAndBadRequest" storage="d:\users\steve knipmeyer\documents\github\modelrelief\modelrelief.test\bin\debug\netcoreapp2.0\modelrelief.test.dll" id="5ff06ce6-a7b6-4162-aef8-1f28dbacf9b1"><Execution id="fa061152-8fcf-42f2-bc3a-928afcb53c6b" /><TestMethod codeBase="D:\Users\Steve Knipmeyer\Documents\GitHub\ModelRelief\ModelRelief.test\bin\Debug\netcoreapp2.0\ModelRelief.Test.dll" adapterTypeName="executor://xunit/VsTestRunner2/netcoreapp" className="ModelRelief.Test.Integration.Projects.ProjectsBaseIntegrationTests" name="Patch_MultipleInvalidReferencePropertiesReturnsMultipleValidationErrorsAndBadRequest" /></UnitTest><UnitTest name="GetSingle_ValidIdPropertyValueReturnsCorrectModel" storage="d:\users\steve knipmeyer\documents\github\modelrelief\modelrelief.test\bin\debug\netcoreapp2.0\modelrelief.test.dll" id="5f61e450-eb2a-471c-9b3b-8d233816ae39"><Execution id="d282a55c-d2ae-4dc8-99a4-554867f075a5" /><TestMethod codeBase="D:\Users\Steve Knipmeyer\Documents\GitHub\ModelRelief\ModelRelief.test\bin\Debug\netcoreapp2.0\ModelRelief.Test.dll" adapterTypeName="executor://xunit/VsTestRunner2/netcoreapp" className="ModelRelief.Test.Integration.Models.ModelsBaseIntegrationTests" name="GetSingle_ValidIdPropertyValueReturnsCorrectModel" /></UnitTest><UnitTest name="Put_InvalidIdReturnsNotFound" storage="d:\users\steve knipmeyer\documents\github\modelrelief\modelrelief.test\bin\debug\netcoreapp2.0\modelrelief.test.dll" id="66787e8b-ed17-4bc1-b17a-60223f598cf2"><Execution id="75d08c03-1324-4d65-a3f4-b4e3632d7af9" /><TestMethod codeBase="D:\Users\Steve Knipmeyer\Documents\GitHub\ModelRelief\ModelRelief.test\bin\Debug\netcoreapp2.0\ModelRelief.Test.dll" adapterTypeName="executor://xunit/VsTestRunner2/netcoreapp" className="ModelRelief.Test.Integration.Models.ModelsBaseIntegrationTests" name="Put_InvalidIdReturnsNotFound" /></UnitTest><UnitTest name="Post_InvalidReferencePropertyReturnsBadRequest" storage="d:\users\steve knipmeyer\documents\github\modelrelief\modelrelief.test\bin\debug\netcoreapp2.0\modelrelief.test.dll" id="53db5a9d-d451-4e0e-bd73-7d8ed9b02d6b"><Execution id="382058f5-22ac-4508-9ef8-7dcf6318931a" /><TestMethod codeBase="D:\Users\Steve Knipmeyer\Documents\GitHub\ModelRelief\ModelRelief.test\bin\Debug\netcoreapp2.0\ModelRelief.Test.dll" adapterTypeName="executor://xunit/VsTestRunner2/netcoreapp" className="ModelRelief.Test.Integration.DepthBuffers.DepthBuffersBaseIntegrationTests" name="Post_InvalidReferencePropertyReturnsBadRequest" /></UnitTest><UnitTest name="Put_InvalidReferencePropertyReturndBadRequest" storage="d:\users\steve knipmeyer\documents\github\modelrelief\modelrelief.test\bin\debug\netcoreapp2.0\modelrelief.test.dll" id="6a3c9807-46ac-4781-850b-d031a8f27fd0"><Execution id="bb882da7-40f0-45e7-abda-ad18d6bba42b" /><TestMethod codeBase="D:\Users\Steve Knipmeyer\Documents\GitHub\ModelRelief\ModelRelief.test\bin\Debug\netcoreapp2.0\ModelRelief.Test.dll" adapterTypeName="executor://xunit/VsTestRunner2/netcoreapp" className="ModelRelief.Test.Integration.Models.ModelsBaseIntegrationTests" name="Put_InvalidReferencePropertyReturndBadRequest" /></UnitTest><UnitTest name="LucyCameraFindsAllDependents" storage="d:\users\steve knipmeyer\documents\github\modelrelief\modelrelief.test\bin\debug\netcoreapp2.0\modelrelief.test.dll" id="bb79f56c-0f92-45e0-ae5d-ec67763e12c5"><Execution id="8a6cd4cf-47a9-4500-8112-d0e12ed91c56" /><TestMethod codeBase="D:\Users\Steve Knipmeyer\Documents\GitHub\ModelRelief\ModelRelief.test\bin\Debug\netcoreapp2.0\ModelRelief.Test.dll" adapterTypeName="executor://xunit/VsTestRunner2/netcoreapp" className="ModelRelief.Test.Unit.DependencyManager.DependencyManagerTests" name="LucyCameraFindsAllDependents" /></UnitTest><UnitTest name="FileRequest_DepthBufferIsInvalidatedAfterCameraDependencyPropertyChange" storage="d:\users\steve knipmeyer\documents\github\modelrelief\modelrelief.test\bin\debug\netcoreapp2.0\modelrelief.test.dll" id="3939f606-1980-471f-9800-fe0ebb6053ad"><Execution id="2eb1a9b7-3dec-48fc-8406-8a390c838dcb" /><TestMethod codeBase="D:\Users\Steve Knipmeyer\Documents\GitHub\ModelRelief\ModelRelief.test\bin\Debug\netcoreapp2.0\ModelRelief.Test.dll" adapterTypeName="executor://xunit/VsTestRunner2/netcoreapp" className="ModelRelief.Test.Integration.DepthBuffers.DepthBuffersFileIntegrationTests" name="FileRequest_DepthBufferIsInvalidatedAfterCameraDependencyPropertyChange" /></UnitTest><UnitTest name="Patch_InvalidPropertyNameReturnsBadRequest" storage="d:\users\steve knipmeyer\documents\github\modelrelief\modelrelief.test\bin\debug\netcoreapp2.0\modelrelief.test.dll" id="1f5bf1ba-598e-483a-8db2-03808f7a9ded"><Execution id="2017df26-779f-491b-9d31-017caa59f76f" /><TestMethod codeBase="D:\Users\Steve Knipmeyer\Documents\GitHub\ModelRelief\ModelRelief.test\bin\Debug\netcoreapp2.0\ModelRelief.Test.dll" adapterTypeName="executor://xunit/VsTestRunner2/netcoreapp" className="ModelRelief.Test.Integration.Projects.ProjectsBaseIntegrationTests" name="Patch_InvalidPropertyNameReturnsBadRequest" /></UnitTest><UnitTest name="Patch_ValidReferencePropertyUpdatesModel" storage="d:\users\steve knipmeyer\documents\github\modelrelief\modelrelief.test\bin\debug\netcoreapp2.0\modelrelief.test.dll" id="b4d55f7f-c230-4e1b-b60f-1a6d01a94a10"><Execution id="0e9e62b6-8ced-41d2-bfa8-cb07b5f3b4bd" /><TestMethod codeBase="D:\Users\Steve Knipmeyer\Documents\GitHub\ModelRelief\ModelRelief.test\bin\Debug\netcoreapp2.0\ModelRelief.Test.dll" adapterTypeName="executor://xunit/VsTestRunner2/netcoreapp" className="ModelRelief.Test.Integration.MeshTransforms.MeshTransformsBaseIntegrationTests" name="Patch_ValidReferencePropertyUpdatesModel" /></UnitTest><UnitTest name="PutFile_NewFileCanBePut" storage="d:\users\steve knipmeyer\documents\github\modelrelief\modelrelief.test\bin\debug\netcoreapp2.0\modelrelief.test.dll" id="fc6f12c5-ed72-4611-a096-55cee3ec8f41"><Execution id="d7cc2e6d-83c2-4d1d-b704-eae34c3c5ed9" /><TestMethod codeBase="D:\Users\Steve Knipmeyer\Documents\GitHub\ModelRelief\ModelRelief.test\bin\Debug\netcoreapp2.0\ModelRelief.Test.dll" adapterTypeName="executor://xunit/VsTestRunner2/netcoreapp" className="ModelRelief.Test.Integration.Meshes.MeshesFileIntegrationTests" name="PutFile_NewFileCanBePut" /></UnitTest><UnitTest name="Post_InvalidPropertyValueReturnsBadRequest" storage="d:\users\steve knipmeyer\documents\github\modelrelief\modelrelief.test\bin\debug\netcoreapp2.0\modelrelief.test.dll" id="de536192-0c46-469c-813f-e8468012298b"><Execution id="a816a6b4-ccc2-418d-82ad-2a1476090367" /><TestMethod codeBase="D:\Users\Steve Knipmeyer\Documents\GitHub\ModelRelief\ModelRelief.test\bin\Debug\netcoreapp2.0\ModelRelief.Test.dll" adapterTypeName="executor://xunit/VsTestRunner2/netcoreapp" className="ModelRelief.Test.Integration.Models.ModelsBaseIntegrationTests" name="Post_InvalidPropertyValueReturnsBadRequest" /></UnitTest><UnitTest name="GetFile_FileCanBeRoundTripped" storage="d:\users\steve knipmeyer\documents\github\modelrelief\modelrelief.test\bin\debug\netcoreapp2.0\modelrelief.test.dll" id="6f1e5770-2f82-4fa4-a96f-c20c457a3e73"><Execution id="0083b38c-7e48-4e8a-b9b3-f993f78c2e28" /><TestMethod codeBase="D:\Users\Steve Knipmeyer\Documents\GitHub\ModelRelief\ModelRelief.test\bin\Debug\netcoreapp2.0\ModelRelief.Test.dll" adapterTypeName="executor://xunit/VsTestRunner2/netcoreapp" className="ModelRelief.Test.Integration.Meshes.MeshesFileIntegrationTests" name="GetFile_FileCanBeRoundTripped" /></UnitTest><UnitTest name="Patch_InvalidEnumPropertyValueReturnsBadRequest" storage="d:\users\steve knipmeyer\documents\github\modelrelief\modelrelief.test\bin\debug\netcoreapp2.0\modelrelief.test.dll" id="8d6fe87c-9e34-423b-9c74-d24db4644da2"><Execution id="a4493de2-c3c7-45f6-a49c-f282e7103861" /><TestMethod codeBase="D:\Users\Steve Knipmeyer\Documents\GitHub\ModelRelief\ModelRelief.test\bin\Debug\netcoreapp2.0\ModelRelief.Test.dll" adapterTypeName="executor://xunit/VsTestRunner2/netcoreapp" className="ModelRelief.Test.Integration.Cameras.CamerasBaseIntegrationTests" name="Patch_InvalidEnumPropertyValueReturnsBadRequest" /></UnitTest><UnitTest name="GetSingle_ValidIdPropertyValueReturnsCorrectModel" storage="d:\users\steve knipmeyer\documents\github\modelrelief\modelrelief.test\bin\debug\netcoreapp2.0\modelrelief.test.dll" id="d4077ce3-d32d-490f-a86a-8fd191c2feb7"><Execution id="b905cb1d-b2cd-4355-9ce9-ad0f5e491ce5" /><TestMethod codeBase="D:\Users\Steve Knipmeyer\Documents\GitHub\ModelRelief\ModelRelief.test\bin\Debug\netcoreapp2.0\ModelRelief.Test.dll" adapterTypeName="executor://xunit/VsTestRunner2/netcoreapp" className="ModelRelief.Test.Integration.Projects.ProjectsBaseIntegrationTests" name="GetSingle_ValidIdPropertyValueReturnsCorrectModel" /></UnitTest><UnitTest name="Delete_TargetModelIsDeleted" storage="d:\users\steve knipmeyer\documents\github\modelrelief\modelrelief.test\bin\debug\netcoreapp2.0\modelrelief.test.dll" id="759b1182-64be-4a6e-8e7a-8c1e8fb9225d"><Execution id="e9ac85f4-294b-49b4-b7b3-e5fb3095d903" /><TestMethod codeBase="D:\Users\Steve Knipmeyer\Documents\GitHub\ModelRelief\ModelRelief.test\bin\Debug\netcoreapp2.0\ModelRelief.Test.dll" adapterTypeName="executor://xunit/VsTestRunner2/netcoreapp" className="ModelRelief.Test.Integration.Cameras.CamerasBaseIntegrationTests" name="Delete_TargetModelIsDeleted" /></UnitTest><UnitTest name="GetList_ListReturnsCorrectCount" storage="d:\users\steve knipmeyer\documents\github\modelrelief\modelrelief.test\bin\debug\netcoreapp2.0\modelrelief.test.dll" id="10d9e93c-3db2-469d-bd29-5d06836ab585"><Execution id="b20f198d-6658-4af6-bbe2-4692437289f2" /><TestMethod codeBase="D:\Users\Steve Knipmeyer\Documents\GitHub\ModelRelief\ModelRelief.test\bin\Debug\netcoreapp2.0\ModelRelief.Test.dll" adapterTypeName="executor://xunit/VsTestRunner2/netcoreapp" className="ModelRelief.Test.Integration.Meshes.MeshesBaseIntegrationTests" name="GetList_ListReturnsCorrectCount" /></UnitTest><UnitTest name="Post_ValidReferencePropertyCreatesModel" storage="d:\users\steve knipmeyer\documents\github\modelrelief\modelrelief.test\bin\debug\netcoreapp2.0\modelrelief.test.dll" id="d44c001f-5976-4cc0-8ee6-47e5992f5818"><Execution id="fcb44293-0f58-4251-b6d5-b4be3b9501ee" /><TestMethod codeBase="D:\Users\Steve Knipmeyer\Documents\GitHub\ModelRelief\ModelRelief.test\bin\Debug\netcoreapp2.0\ModelRelief.Test.dll" adapterTypeName="executor://xunit/VsTestRunner2/netcoreapp" className="ModelRelief.Test.Integration.Projects.ProjectsBaseIntegrationTests" name="Post_ValidReferencePropertyCreatesModel" /></UnitTest><UnitTest name="Delete_TargetModelIsDeleted" storage="d:\users\steve knipmeyer\documents\github\modelrelief\modelrelief.test\bin\debug\netcoreapp2.0\modelrelief.test.dll" id="bb8fa606-e1ce-4fd4-bbe7-65c141589b34"><Execution id="2ba89409-7a70-4869-accf-624ce1657d42" /><TestMethod codeBase="D:\Users\Steve Knipmeyer\Documents\GitHub\ModelRelief\ModelRelief.test\bin\Debug\netcoreapp2.0\ModelRelief.Test.dll" adapterTypeName="executor://xunit/VsTestRunner2/netcoreapp" className="ModelRelief.Test.Integration.Projects.ProjectsBaseIntegrationTests" name="Delete_TargetModelIsDeleted" /></UnitTest><UnitTest name="GetSingle_InvalidIdPropertyValueReturnsNotFound" storage="d:\users\steve knipmeyer\documents\github\modelrelief\modelrelief.test\bin\debug\netcoreapp2.0\modelrelief.test.dll" id="e0f59527-4a97-451f-9ca6-9a21e3d7bd02"><Execution id="4148d0fa-e70d-4f33-91ab-b93610b29404" /><TestMethod codeBase="D:\Users\Steve Knipmeyer\Documents\GitHub\ModelRelief\ModelRelief.test\bin\Debug\netcoreapp2.0\ModelRelief.Test.dll" adapterTypeName="executor://xunit/VsTestRunner2/netcoreapp" className="ModelRelief.Test.Integration.MeshTransforms.MeshTransformsBaseIntegrationTests" name="GetSingle_InvalidIdPropertyValueReturnsNotFound" /></UnitTest><UnitTest name="GetList_ListReturnsCorrectCount" storage="d:\users\steve knipmeyer\documents\github\modelrelief\modelrelief.test\bin\debug\netcoreapp2.0\modelrelief.test.dll" id="17adb471-f7c6-4133-a3a9-4b34eb06dfa8"><Execution id="97f4e457-97d6-4530-97f0-944f38aeffd3" /><TestMethod codeBase="D:\Users\Steve Knipmeyer\Documents\GitHub\ModelRelief\ModelRelief.test\bin\Debug\netcoreapp2.0\ModelRelief.Test.dll" adapterTypeName="executor://xunit/VsTestRunner2/netcoreapp" className="ModelRelief.Test.Integration.Cameras.CamerasBaseIntegrationTests" name="GetList_ListReturnsCorrectCount" /></UnitTest><UnitTest name="CameraHasExpectedDependentFiles" storage="d:\users\steve knipmeyer\documents\github\modelrelief\modelrelief.test\bin\debug\netcoreapp2.0\modelrelief.test.dll" id="49dc7bde-7049-4669-9689-5aa03bde7e35"><Execution id="c24e9bab-36f7-45d9-8b2f-bc3c8ae7f84b" /><TestMethod codeBase="D:\Users\Steve Knipmeyer\Documents\GitHub\ModelRelief\ModelRelief.test\bin\Debug\netcoreapp2.0\ModelRelief.Test.dll" adapterTypeName="executor://xunit/VsTestRunner2/netcoreapp" className="ModelRelief.Test.Unit.DependencyManager.DependencyManagerTests" name="CameraHasExpectedDependentFiles" /></UnitTest><UnitTest name="GetFile_NonExistentFileReturnsNotFound" storage="d:\users\steve knipmeyer\documents\github\modelrelief\modelrelief.test\bin\debug\netcoreapp2.0\modelrelief.test.dll" id="5b409600-2670-42ad-9ed3-715f388f7c40"><Execution id="42fed64e-6f09-4269-8824-319abbc53dcf" /><TestMethod codeBase="D:\Users\Steve Knipmeyer\Documents\GitHub\ModelRelief\ModelRelief.test\bin\Debug\netcoreapp2.0\ModelRelief.Test.dll" adapterTypeName="executor://xunit/VsTestRunner2/netcoreapp" className="ModelRelief.Test.Integration.Meshes.MeshesFileIntegrationTests" name="GetFile_NonExistentFileReturnsNotFound" /></UnitTest><UnitTest name="PutFile_NewFileCanBePut" storage="d:\users\steve knipmeyer\documents\github\modelrelief\modelrelief.test\bin\debug\netcoreapp2.0\modelrelief.test.dll" id="84c02529-1d3d-4ce7-a077-c2c5bd5afc27"><Execution id="d6d64374-5d0e-4330-a868-58c8d2de0e80" /><TestMethod codeBase="D:\Users\Steve Knipmeyer\Documents\GitHub\ModelRelief\ModelRelief.test\bin\Debug\netcoreapp2.0\ModelRelief.Test.dll" adapterTypeName="executor://xunit/VsTestRunner2/netcoreapp" className="ModelRelief.Test.Integration.Models.ModelsFileIntegrationTests" name="PutFile_NewFileCanBePut" /></UnitTest><UnitTest name="GetSingle_InvalidIdPropertyValueReturnsNotFound" storage="d:\users\steve knipmeyer\documents\github\modelrelief\modelrelief.test\bin\debug\netcoreapp2.0\modelrelief.test.dll" id="4596403d-187e-40ae-9aab-37fa89ebef28"><Execution id="45e6214c-8640-48d0-885d-bd9d96390845" /><TestMethod codeBase="D:\Users\Steve Knipmeyer\Documents\GitHub\ModelRelief\ModelRelief.test\bin\Debug\netcoreapp2.0\ModelRelief.Test.dll" adapterTypeName="executor://xunit/VsTestRunner2/netcoreapp" className="ModelRelief.Test.Integration.Cameras.CamerasBaseIntegrationTests" name="GetSingle_InvalidIdPropertyValueReturnsNotFound" /></UnitTest><UnitTest name="Patch_ValidReferencePropertyUpdatesModel" storage="d:\users\steve knipmeyer\documents\github\modelrelief\modelrelief.test\bin\debug\netcoreapp2.0\modelrelief.test.dll" id="067ddad0-3377-4c91-aa00-cb36649df9ab"><Execution id="6c4c6bfc-fdd8-415c-b81a-e435e13a0fa3" /><TestMethod codeBase="D:\Users\Steve Knipmeyer\Documents\GitHub\ModelRelief\ModelRelief.test\bin\Debug\netcoreapp2.0\ModelRelief.Test.dll" adapterTypeName="executor://xunit/VsTestRunner2/netcoreapp" className="ModelRelief.Test.Integration.Models.ModelsBaseIntegrationTests" name="Patch_ValidReferencePropertyUpdatesModel" /></UnitTest><UnitTest name="Patch_TargetPropertyIsUpdated" storage="d:\users\steve knipmeyer\documents\github\modelrelief\modelrelief.test\bin\debug\netcoreapp2.0\modelrelief.test.dll" id="d3e10b81-b571-47c1-ba2c-086f76a5a43a"><Execution id="8ac5b2c8-104c-433d-aaa3-e9be5ace3b10" /><TestMethod codeBase="D:\Users\Steve Knipmeyer\Documents\GitHub\ModelRelief\ModelRelief.test\bin\Debug\netcoreapp2.0\ModelRelief.Test.dll" adapterTypeName="executor://xunit/VsTestRunner2/netcoreapp" className="ModelRelief.Test.Integration.Cameras.CamerasBaseIntegrationTests" name="Patch_TargetPropertyIsUpdated" /></UnitTest><UnitTest name="FileRequest_MeshGenerateScalesDepthBufferByLambdaLinearScaling" storage="d:\users\steve knipmeyer\documents\github\modelrelief\modelrelief.test\bin\debug\netcoreapp2.0\modelrelief.test.dll" id="71077342-8f3b-40f9-a804-05c035074c06"><Execution id="c9121de9-f195-4d3d-9aef-b3b4907e5264" /><TestMethod codeBase="D:\Users\Steve Knipmeyer\Documents\GitHub\ModelRelief\ModelRelief.test\bin\Debug\netcoreapp2.0\ModelRelief.Test.dll" adapterTypeName="executor://xunit/VsTestRunner2/netcoreapp" className="ModelRelief.Test.Integration.Meshes.MeshesFileIntegrationTests" name="FileRequest_MeshGenerateScalesDepthBufferByLambdaLinearScaling" /></UnitTest><UnitTest name="Put_InvalidReferencePropertyReturndBadRequest" storage="d:\users\steve knipmeyer\documents\github\modelrelief\modelrelief.test\bin\debug\netcoreapp2.0\modelrelief.test.dll" id="2b05c1bd-78cc-4da1-b9b2-e2e349e3f4d0"><Execution id="b3961ae4-e7c1-48f2-ac17-47f20b4d8e1f" /><TestMethod codeBase="D:\Users\Steve Knipmeyer\Documents\GitHub\ModelRelief\ModelRelief.test\bin\Debug\netcoreapp2.0\ModelRelief.Test.dll" adapterTypeName="executor://xunit/VsTestRunner2/netcoreapp" className="ModelRelief.Test.Integration.Cameras.CamerasBaseIntegrationTests" name="Put_InvalidReferencePropertyReturndBadRequest" /></UnitTest><UnitTest name="PutFile_FileCanBeUpdated" storage="d:\users\steve knipmeyer\documents\github\modelrelief\modelrelief.test\bin\debug\netcoreapp2.0\modelrelief.test.dll" id="4da6685b-2d21-467b-a5cb-ddb762b496e8"><Execution id="959dcc91-5490-4a7e-b068-71cce53a3e84" /><TestMethod codeBase="D:\Users\Steve Knipmeyer\Documents\GitHub\ModelRelief\ModelRelief.test\bin\Debug\netcoreapp2.0\ModelRelief.Test.dll" adapterTypeName="executor://xunit/VsTestRunner2/netcoreapp" className="ModelRelief.Test.Integration.Models.ModelsFileIntegrationTests" name="PutFile_FileCanBeUpdated" /></UnitTest><UnitTest name="PutFile_FileCanBeUpdated" storage="d:\users\steve knipmeyer\documents\github\modelrelief\modelrelief.test\bin\debug\netcoreapp2.0\modelrelief.test.dll" id="5b905c08-4362-49f1-a489-0bbd804f33fc"><Execution id="cfd86fdf-5a7d-4510-a82d-8e7a1f2fe8a2" /><TestMethod codeBase="D:\Users\Steve Knipmeyer\Documents\GitHub\ModelRelief\ModelRelief.test\bin\Debug\netcoreapp2.0\ModelRelief.Test.dll" adapterTypeName="executor://xunit/VsTestRunner2/netcoreapp" className="ModelRelief.Test.Integration.DepthBuffers.DepthBuffersFileIntegrationTests" name="PutFile_FileCanBeUpdated" /></UnitTest><UnitTest name="Post_CanCreateNewModel" storage="d:\users\steve knipmeyer\documents\github\modelrelief\modelrelief.test\bin\debug\netcoreapp2.0\modelrelief.test.dll" id="830b183a-6300-40b2-bb15-ca71833272fa"><Execution id="418a2524-07d4-49c4-af22-c63e683e776b" /><TestMethod codeBase="D:\Users\Steve Knipmeyer\Documents\GitHub\ModelRelief\ModelRelief.test\bin\Debug\netcoreapp2.0\ModelRelief.Test.dll" adapterTypeName="executor://xunit/VsTestRunner2/netcoreapp" className="ModelRelief.Test.Integration.Projects.ProjectsBaseIntegrationTests" name="Post_CanCreateNewModel" /></UnitTest><UnitTest name="GetList_ListReturnsCorrectCount" storage="d:\users\steve knipmeyer\documents\github\modelrelief\modelrelief.test\bin\debug\netcoreapp2.0\modelrelief.test.dll" id="7be36696-2399-4f9f-ad2a-3afb13c2bc1f"><Execution id="d9dd48c9-83a9-438e-af6a-0031fdc1f01d" /><TestMethod codeBase="D:\Users\Steve Knipmeyer\Documents\GitHub\ModelRelief\ModelRelief.test\bin\Debug\netcoreapp2.0\ModelRelief.Test.dll" adapterTypeName="executor://xunit/VsTestRunner2/netcoreapp" className="ModelRelief.Test.Integration.MeshTransforms.MeshTransformsBaseIntegrationTests" name="GetList_ListReturnsCorrectCount" /></UnitTest><UnitTest name="Put_InvalidIdReturnsNotFound" storage="d:\users\steve knipmeyer\documents\github\modelrelief\modelrelief.test\bin\debug\netcoreapp2.0\modelrelief.test.dll" id="3890e2ee-947f-411b-b36f-8dca37c1042c"><Execution id="d61a009c-f57e-4a91-bd82-3eb4b5b4074a" /><TestMethod codeBase="D:\Users\Steve Knipmeyer\Documents\GitHub\ModelRelief\ModelRelief.test\bin\Debug\netcoreapp2.0\ModelRelief.Test.dll" adapterTypeName="executor://xunit/VsTestRunner2/netcoreapp" className="ModelRelief.Test.Integration.Meshes.MeshesBaseIntegrationTests" name="Put_InvalidIdReturnsNotFound" /></UnitTest><UnitTest name="Put_InvalidIdReturnsNotFound" storage="d:\users\steve knipmeyer\documents\github\modelrelief\modelrelief.test\bin\debug\netcoreapp2.0\modelrelief.test.dll" id="b487a9a0-35b0-4f70-92de-13598ac89c24"><Execution id="d627f57f-4435-4ee2-b7c1-e4cd0c7a75ba" /><TestMethod codeBase="D:\Users\Steve Knipmeyer\Documents\GitHub\ModelRelief\ModelRelief.test\bin\Debug\netcoreapp2.0\ModelRelief.Test.dll" adapterTypeName="executor://xunit/VsTestRunner2/netcoreapp" className="ModelRelief.Test.Integration.DepthBuffers.DepthBuffersBaseIntegrationTests" name="Put_InvalidIdReturnsNotFound" /></UnitTest><UnitTest name="Delete_TargetModelIsDeleted" storage="d:\users\steve knipmeyer\documents\github\modelrelief\modelrelief.test\bin\debug\netcoreapp2.0\modelrelief.test.dll" id="5de1dd12-29f6-46ab-ba40-4d965bdb98b5"><Execution id="75632b8a-a2e3-4440-aff8-4ea12e18f044" /><TestMethod codeBase="D:\Users\Steve Knipmeyer\Documents\GitHub\ModelRelief\ModelRelief.test\bin\Debug\netcoreapp2.0\ModelRelief.Test.dll" adapterTypeName="executor://xunit/VsTestRunner2/netcoreapp" className="ModelRelief.Test.Integration.MeshTransforms.MeshTransformsBaseIntegrationTests" name="Delete_TargetModelIsDeleted" /></UnitTest><UnitTest name="GetList_ListReturnsCorrectCount" storage="d:\users\steve knipmeyer\documents\github\modelrelief\modelrelief.test\bin\debug\netcoreapp2.0\modelrelief.test.dll" id="47fa8a7d-3b52-4702-902e-f17c6f7d0caa"><Execution id="b02fba3f-71ec-43ab-8bc2-3c8f8d0ad4c7" /><TestMethod codeBase="D:\Users\Steve Knipmeyer\Documents\GitHub\ModelRelief\ModelRelief.test\bin\Debug\netcoreapp2.0\ModelRelief.Test.dll" adapterTypeName="executor://xunit/VsTestRunner2/netcoreapp" className="ModelRelief.Test.Integration.DepthBuffers.DepthBuffersBaseIntegrationTests" name="GetList_ListReturnsCorrectCount" /></UnitTest><UnitTest name="Put_ValidReferencePropertyUpdatesModel" storage="d:\users\steve knipmeyer\documents\github\modelrelief\modelrelief.test\bin\debug\netcoreapp2.0\modelrelief.test.dll" id="f85672c7-d03b-4d5c-92e7-ad83d64ac0d2"><Execution id="66b16bfc-36bc-45f6-bafd-d423010ec45b" /><TestMethod codeBase="D:\Users\Steve Knipmeyer\Documents\GitHub\ModelRelief\ModelRelief.test\bin\Debug\netcoreapp2.0\ModelRelief.Test.dll" adapterTypeName="executor://xunit/VsTestRunner2/netcoreapp" className="ModelRelief.Test.Integration.MeshTransforms.MeshTransformsBaseIntegrationTests" name="Put_ValidReferencePropertyUpdatesModel" /></UnitTest><UnitTest name="Patch_InvalidEnumPropertyValueReturnsBadRequest" storage="d:\users\steve knipmeyer\documents\github\modelrelief\modelrelief.test\bin\debug\netcoreapp2.0\modelrelief.test.dll" id="5c21c0f3-50c2-4575-be56-b1a279d4c087"><Execution id="6182e17e-b8c7-471b-b33f-d6acbbb07f4b" /><TestMethod codeBase="D:\Users\Steve Knipmeyer\Documents\GitHub\ModelRelief\ModelRelief.test\bin\Debug\netcoreapp2.0\ModelRelief.Test.dll" adapterTypeName="executor://xunit/VsTestRunner2/netcoreapp" className="ModelRelief.Test.Integration.Projects.ProjectsBaseIntegrationTests" name="Patch_InvalidEnumPropertyValueReturnsBadRequest" /></UnitTest><UnitTest name="Delete_TargetModelIsDeleted" storage="d:\users\steve knipmeyer\documents\github\modelrelief\modelrelief.test\bin\debug\netcoreapp2.0\modelrelief.test.dll" id="27d438c8-d210-4bef-b1ff-17514495ba83"><Execution id="907dc9c5-e70d-4f67-a240-90f48519d92b" /><TestMethod codeBase="D:\Users\Steve Knipmeyer\Documents\GitHub\ModelRelief\ModelRelief.test\bin\Debug\netcoreapp2.0\ModelRelief.Test.dll" adapterTypeName="executor://xunit/VsTestRunner2/netcoreapp" className="ModelRelief.Test.Integration.Models.ModelsBaseIntegrationTests" name="Delete_TargetModelIsDeleted" /></UnitTest><UnitTest name="PostFile_FileTimeStampIsUpdatedAfterFileIsPosted" storage="d:\users\steve knipmeyer\documents\github\modelrelief\modelrelief.test\bin\debug\netcoreapp2.0\modelrelief.test.dll" id="83d10a0e-b986-469f-894e-3ac4f338d6ed"><Execution id="3aec870d-30be-43d1-b6ba-cc86abc9ba7d" /><TestMethod codeBase="D:\Users\Steve Knipmeyer\Documents\GitHub\ModelRelief\ModelRelief.test\bin\Debug\netcoreapp2.0\ModelRelief.Test.dll" adapterTypeName="executor://xunit/VsTestRunner2/netcoreapp" className="ModelRelief.Test.Integration.Meshes.MeshesFileIntegrationTests" name="PostFile_FileTimeStampIsUpdatedAfterFileIsPosted" /></UnitTest><UnitTest name="Post_CanCreateNewModel" storage="d:\users\steve knipmeyer\documents\github\modelrelief\modelrelief.test\bin\debug\netcoreapp2.0\modelrelief.test.dll" id="941da120-1f46-4c3f-b2a5-8a5e64090aca"><Execution id="2b1ec43c-5ea7-4c90-9700-8d4c871ebb85" /><TestMethod codeBase="D:\Users\Steve Knipmeyer\Documents\GitHub\ModelRelief\ModelRelief.test\bin\Debug\netcoreapp2.0\ModelRelief.Test.dll" adapterTypeName="executor://xunit/VsTestRunner2/netcoreapp" className="ModelRelief.Test.Integration.DepthBuffers.DepthBuffersBaseIntegrationTests" name="Post_CanCreateNewModel" /></UnitTest><UnitTest name="Patch_TargetPropertyIsUpdated" storage="d:\users\steve knipmeyer\documents\github\modelrelief\modelrelief.test\bin\debug\netcoreapp2.0\modelrelief.test.dll" id="7a6d09eb-74e5-4ea5-800e-5b72f93e5fe5"><Execution id="892181b6-22a8-466f-be92-4a368acf84cf" /><TestMethod codeBase="D:\Users\Steve Knipmeyer\Documents\GitHub\ModelRelief\ModelRelief.test\bin\Debug\netcoreapp2.0\ModelRelief.Test.dll" adapterTypeName="executor://xunit/VsTestRunner2/netcoreapp" className="ModelRelief.Test.Integration.MeshTransforms.MeshTransformsBaseIntegrationTests" name="Patch_TargetPropertyIsUpdated" /></UnitTest><UnitTest name="Put_CanUpdateModel" storage="d:\users\steve knipmeyer\documents\github\modelrelief\modelrelief.test\bin\debug\netcoreapp2.0\modelrelief.test.dll" id="a8b7cb2f-8033-441e-be4d-5f481c40d4f3"><Execution id="b1330d42-4d29-43c9-971b-2562e3155a4d" /><TestMethod codeBase="D:\Users\Steve Knipmeyer\Documents\GitHub\ModelRelief\ModelRelief.test\bin\Debug\netcoreapp2.0\ModelRelief.Test.dll" adapterTypeName="executor://xunit/VsTestRunner2/netcoreapp" className="ModelRelief.Test.Integration.Projects.ProjectsBaseIntegrationTests" name="Put_CanUpdateModel" /></UnitTest><UnitTest name="PostFile_NewFileCanBePosted" storage="d:\users\steve knipmeyer\documents\github\modelrelief\modelrelief.test\bin\debug\netcoreapp2.0\modelrelief.test.dll" id="341542d1-ced3-4a0e-b94b-38fd7a1262c6"><Execution id="8c0e019f-aa61-4e45-82d1-0a54cca0ad2a" /><TestMethod codeBase="D:\Users\Steve Knipmeyer\Documents\GitHub\ModelRelief\ModelRelief.test\bin\Debug\netcoreapp2.0\ModelRelief.Test.dll" adapterTypeName="executor://xunit/VsTestRunner2/netcoreapp" className="ModelRelief.Test.Integration.Meshes.MeshesFileIntegrationTests" name="PostFile_NewFileCanBePosted" /></UnitTest><UnitTest name="Put_InvalidIdReturnsNotFound" storage="d:\users\steve knipmeyer\documents\github\modelrelief\modelrelief.test\bin\debug\netcoreapp2.0\modelrelief.test.dll" id="b5ccf07b-d0e7-4bd9-82cb-ef6f667bcbe4"><Execution id="75cee2ce-1095-4877-9ed3-6fb35767307e" /><TestMethod codeBase="D:\Users\Steve Knipmeyer\Documents\GitHub\ModelRelief\ModelRelief.test\bin\Debug\netcoreapp2.0\ModelRelief.Test.dll" adapterTypeName="executor://xunit/VsTestRunner2/netcoreapp" className="ModelRelief.Test.Integration.Projects.ProjectsBaseIntegrationTests" name="Put_InvalidIdReturnsNotFound" /></UnitTest><UnitTest name="Patch_InvalidIdPropertyReturnsNotFound" storage="d:\users\steve knipmeyer\documents\github\modelrelief\modelrelief.test\bin\debug\netcoreapp2.0\modelrelief.test.dll" id="57093198-e2bf-4038-b4f1-87b1ad012a5a"><Execution id="8cbcb847-ba66-4907-978d-55614535aa5e" /><TestMethod codeBase="D:\Users\Steve Knipmeyer\Documents\GitHub\ModelRelief\ModelRelief.test\bin\Debug\netcoreapp2.0\ModelRelief.Test.dll" adapterTypeName="executor://xunit/VsTestRunner2/netcoreapp" className="ModelRelief.Test.Integration.Meshes.MeshesBaseIntegrationTests" name="Patch_InvalidIdPropertyReturnsNotFound" /></UnitTest><UnitTest name="Put_CanUpdateModel" storage="d:\users\steve knipmeyer\documents\github\modelrelief\modelrelief.test\bin\debug\netcoreapp2.0\modelrelief.test.dll" id="af895924-11d6-4ae5-add9-1e1e8adc3947"><Execution id="dc3318ef-fa2a-4a52-8b8a-6edc094ea286" /><TestMethod codeBase="D:\Users\Steve Knipmeyer\Documents\GitHub\ModelRelief\ModelRelief.test\bin\Debug\netcoreapp2.0\ModelRelief.Test.dll" adapterTypeName="executor://xunit/VsTestRunner2/netcoreapp" className="ModelRelief.Test.Integration.MeshTransforms.MeshTransformsBaseIntegrationTests" name="Put_CanUpdateModel" /></UnitTest><UnitTest name="LucyDepthBufferFindsOneDependent" storage="d:\users\steve knipmeyer\documents\github\modelrelief\modelrelief.test\bin\debug\netcoreapp2.0\modelrelief.test.dll" id="776e0bc6-272c-4aa6-ad5c-58bc48d945a7"><Execution id="36698ceb-7e08-40a9-b105-42c508e690aa" /><TestMethod codeBase="D:\Users\Steve Knipmeyer\Documents\GitHub\ModelRelief\ModelRelief.test\bin\Debug\netcoreapp2.0\ModelRelief.Test.dll" adapterTypeName="executor://xunit/VsTestRunner2/netcoreapp" className="ModelRelief.Test.Unit.DependencyManager.DependencyManagerTests" name="LucyDepthBufferFindsOneDependent" /></UnitTest><UnitTest name="DepthBufferHasExpectedDependentFiles" storage="d:\users\steve knipmeyer\documents\github\modelrelief\modelrelief.test\bin\debug\netcoreapp2.0\modelrelief.test.dll" id="bfc6c246-4ad3-4adf-9d76-8d5377a78f13"><Execution id="641af500-d2e3-4123-a6cf-d0d182a99d4c" /><TestMethod codeBase="D:\Users\Steve Knipmeyer\Documents\GitHub\ModelRelief\ModelRelief.test\bin\Debug\netcoreapp2.0\ModelRelief.Test.dll" adapterTypeName="executor://xunit/VsTestRunner2/netcoreapp" className="ModelRelief.Test.Unit.DependencyManager.DependencyManagerTests" name="DepthBufferHasExpectedDependentFiles" /></UnitTest><UnitTest name="MeshTransformHasExpectedDependentFiles" storage="d:\users\steve knipmeyer\documents\github\modelrelief\modelrelief.test\bin\debug\netcoreapp2.0\modelrelief.test.dll" id="7f014389-5461-4bf0-8bc3-b62921c7b2ae"><Execution id="0408b22b-9eab-4650-a33f-2b674b0aab96" /><TestMethod codeBase="D:\Users\Steve Knipmeyer\Documents\GitHub\ModelRelief\ModelRelief.test\bin\Debug\netcoreapp2.0\ModelRelief.Test.dll" adapterTypeName="executor://xunit/VsTestRunner2/netcoreapp" className="ModelRelief.Test.Unit.DependencyManager.DependencyManagerTests" name="MeshTransformHasExpectedDependentFiles" /></UnitTest><UnitTest name="GetSingle_ValidIdPropertyValueReturnsCorrectModel" storage="d:\users\steve knipmeyer\documents\github\modelrelief\modelrelief.test\bin\debug\netcoreapp2.0\modelrelief.test.dll" id="2668663d-705a-4ea2-9926-7e5fd36ab3f9"><Execution id="61768e3e-f050-4174-a087-9478648a0e53" /><TestMethod codeBase="D:\Users\Steve Knipmeyer\Documents\GitHub\ModelRelief\ModelRelief.test\bin\Debug\netcoreapp2.0\ModelRelief.Test.dll" adapterTypeName="executor://xunit/VsTestRunner2/netcoreapp" className="ModelRelief.Test.Integration.DepthBuffers.DepthBuffersBaseIntegrationTests" name="GetSingle_ValidIdPropertyValueReturnsCorrectModel" /></UnitTest><UnitTest name="Post_InvalidReferencePropertyReturnsBadRequest" storage="d:\users\steve knipmeyer\documents\github\modelrelief\modelrelief.test\bin\debug\netcoreapp2.0\modelrelief.test.dll" id="25068e74-fa5b-4fdd-92ac-85f81cbe048c"><Execution id="dbb7fd58-1dfd-4b07-b45b-7e1f3744f6d2" /><TestMethod codeBase="D:\Users\Steve Knipmeyer\Documents\GitHub\ModelRelief\ModelRelief.test\bin\Debug\netcoreapp2.0\ModelRelief.Test.dll" adapterTypeName="executor://xunit/VsTestRunner2/netcoreapp" className="ModelRelief.Test.Integration.Meshes.MeshesBaseIntegrationTests" name="Post_InvalidReferencePropertyReturnsBadRequest" /></UnitTest><UnitTest name="Patch_InvalidPropertyNameReturnsBadRequest" storage="d:\users\steve knipmeyer\documents\github\modelrelief\modelrelief.test\bin\debug\netcoreapp2.0\modelrelief.test.dll" id="26580d55-166d-4f08-9bf2-8a21c70e099a"><Execution id="e8d0edb5-2577-4c28-bfbc-9db896e7c839" /><TestMethod codeBase="D:\Users\Steve Knipmeyer\Documents\GitHub\ModelRelief\ModelRelief.test\bin\Debug\netcoreapp2.0\ModelRelief.Test.dll" adapterTypeName="executor://xunit/VsTestRunner2/netcoreapp" className="ModelRelief.Test.Integration.Cameras.CamerasBaseIntegrationTests" name="Patch_InvalidPropertyNameReturnsBadRequest" /></UnitTest><UnitTest name="Post_InvalidReferencePropertyReturnsBadRequest" storage="d:\users\steve knipmeyer\documents\github\modelrelief\modelrelief.test\bin\debug\netcoreapp2.0\modelrelief.test.dll" id="fed0569c-d286-43ab-8b06-f740fc208ff1"><Execution id="92044950-21f9-41ad-932b-253e2054fdac" /><TestMethod codeBase="D:\Users\Steve Knipmeyer\Documents\GitHub\ModelRelief\ModelRelief.test\bin\Debug\netcoreapp2.0\ModelRelief.Test.dll" adapterTypeName="executor://xunit/VsTestRunner2/netcoreapp" className="ModelRelief.Test.Integration.Models.ModelsBaseIntegrationTests" name="Post_InvalidReferencePropertyReturnsBadRequest" /></UnitTest><UnitTest name="Post_InvalidPropertyValueReturnsBadRequest" storage="d:\users\steve knipmeyer\documents\github\modelrelief\modelrelief.test\bin\debug\netcoreapp2.0\modelrelief.test.dll" id="eebea13e-93d2-4b8f-9ec8-9278f316b69d"><Execution id="d27432bb-96b6-4a6a-83cf-fca052d427fc" /><TestMethod codeBase="D:\Users\Steve Knipmeyer\Documents\GitHub\ModelRelief\ModelRelief.test\bin\Debug\netcoreapp2.0\ModelRelief.Test.dll" adapterTypeName="executor://xunit/VsTestRunner2/netcoreapp" className="ModelRelief.Test.Integration.DepthBuffers.DepthBuffersBaseIntegrationTests" name="Post_InvalidPropertyValueReturnsBadRequest" /></UnitTest><UnitTest name="Post_InvalidReferencePropertyReturnsBadRequest" storage="d:\users\steve knipmeyer\documents\github\modelrelief\modelrelief.test\bin\debug\netcoreapp2.0\modelrelief.test.dll" id="c1a88bad-fdf2-458d-b039-8a636be1f221"><Execution id="a32c8e56-f9ef-4e24-958e-62b6804fbc11" /><TestMethod codeBase="D:\Users\Steve Knipmeyer\Documents\GitHub\ModelRelief\ModelRelief.test\bin\Debug\netcoreapp2.0\ModelRelief.Test.dll" adapterTypeName="executor://xunit/VsTestRunner2/netcoreapp" className="ModelRelief.Test.Integration.Projects.ProjectsBaseIntegrationTests" name="Post_InvalidReferencePropertyReturnsBadRequest" /></UnitTest><UnitTest name="Put_CanUpdateModel" storage="d:\users\steve knipmeyer\documents\github\modelrelief\modelrelief.test\bin\debug\netcoreapp2.0\modelrelief.test.dll" id="6dd6550d-6b9f-4cd6-a9c2-b50eb0da19fb"><Execution id="c96b33f9-5b7d-44a3-aa81-2105a0e3433b" /><TestMethod codeBase="D:\Users\Steve Knipmeyer\Documents\GitHub\ModelRelief\ModelRelief.test\bin\Debug\netcoreapp2.0\ModelRelief.Test.dll" adapterTypeName="executor://xunit/VsTestRunner2/netcoreapp" className="ModelRelief.Test.Integration.Cameras.CamerasBaseIntegrationTests" name="Put_CanUpdateModel" /></UnitTest><UnitTest name="PostFile_FileTimeStampIsUpdatedAfterFileIsPosted" storage="d:\users\steve knipmeyer\documents\github\modelrelief\modelrelief.test\bin\debug\netcoreapp2.0\modelrelief.test.dll" id="079a2b8c-552d-4ab5-8d1f-71d48563f2f1"><Execution id="22bd002a-61ab-4480-9cbc-f6e5fc7ce1c4" /><TestMethod codeBase="D:\Users\Steve Knipmeyer\Documents\GitHub\ModelRelief\ModelRelief.test\bin\Debug\netcoreapp2.0\ModelRelief.Test.dll" adapterTypeName="executor://xunit/VsTestRunner2/netcoreapp" className="ModelRelief.Test.Integration.DepthBuffers.DepthBuffersFileIntegrationTests" name="PostFile_FileTimeStampIsUpdatedAfterFileIsPosted" /></UnitTest><UnitTest name="GetList_ListReturnsCorrectCount" storage="d:\users\steve knipmeyer\documents\github\modelrelief\modelrelief.test\bin\debug\netcoreapp2.0\modelrelief.test.dll" id="acd900d8-750c-473e-9e67-ca402ded83ac"><Execution id="85c3c3a0-5e07-4cb4-81d8-b1683239c858" /><TestMethod codeBase="D:\Users\Steve Knipmeyer\Documents\GitHub\ModelRelief\ModelRelief.test\bin\Debug\netcoreapp2.0\ModelRelief.Test.dll" adapterTypeName="executor://xunit/VsTestRunner2/netcoreapp" className="ModelRelief.Test.Integration.Models.ModelsBaseIntegrationTests" name="GetList_ListReturnsCorrectCount" /></UnitTest><UnitTest name="PostFile_FileIsSynchronizedIsUpdatedAfterFileIsPosted" storage="d:\users\steve knipmeyer\documents\github\modelrelief\modelrelief.test\bin\debug\netcoreapp2.0\modelrelief.test.dll" id="6f12d01c-34a0-4a5b-9553-a4c7e36ec6ad"><Execution id="cde385f0-0dbd-4d57-8882-12cc27e303db" /><TestMethod codeBase="D:\Users\Steve Knipmeyer\Documents\GitHub\ModelRelief\ModelRelief.test\bin\Debug\netcoreapp2.0\ModelRelief.Test.dll" adapterTypeName="executor://xunit/VsTestRunner2/netcoreapp" className="ModelRelief.Test.Integration.Models.ModelsFileIntegrationTests" name="PostFile_FileIsSynchronizedIsUpdatedAfterFileIsPosted" /></UnitTest><UnitTest name="Patch_TargetPropertyIsUpdated" storage="d:\users\steve knipmeyer\documents\github\modelrelief\modelrelief.test\bin\debug\netcoreapp2.0\modelrelief.test.dll" id="c7f14aa0-7e0f-45dc-9514-e9c3ae1e229f"><Execution id="1af6c73b-10b0-448e-a960-051d97fa739b" /><TestMethod codeBase="D:\Users\Steve Knipmeyer\Documents\GitHub\ModelRelief\ModelRelief.test\bin\Debug\netcoreapp2.0\ModelRelief.Test.dll" adapterTypeName="executor://xunit/VsTestRunner2/netcoreapp" className="ModelRelief.Test.Integration.DepthBuffers.DepthBuffersBaseIntegrationTests" name="Patch_TargetPropertyIsUpdated" /></UnitTest><UnitTest name="GetFile_FileCanBeRoundTripped" storage="d:\users\steve knipmeyer\documents\github\modelrelief\modelrelief.test\bin\debug\netcoreapp2.0\modelrelief.test.dll" id="246ddf52-f043-4744-993a-369b1299903f"><Execution id="d0584213-9bbe-4944-9da4-cbd0f247c5a0" /><TestMethod codeBase="D:\Users\Steve Knipmeyer\Documents\GitHub\ModelRelief\ModelRelief.test\bin\Debug\netcoreapp2.0\ModelRelief.Test.dll" adapterTypeName="executor://xunit/VsTestRunner2/netcoreapp" className="ModelRelief.Test.Integration.DepthBuffers.DepthBuffersFileIntegrationTests" name="GetFile_FileCanBeRoundTripped" /></UnitTest><UnitTest name="Put_CanUpdateModel" storage="d:\users\steve knipmeyer\documents\github\modelrelief\modelrelief.test\bin\debug\netcoreapp2.0\modelrelief.test.dll" id="7ca2bdeb-7f0e-43b5-b5be-50493b31459f"><Execution id="aebe99bf-d9ef-4f20-9c0a-27afb19c41ea" /><TestMethod codeBase="D:\Users\Steve Knipmeyer\Documents\GitHub\ModelRelief\ModelRelief.test\bin\Debug\netcoreapp2.0\ModelRelief.Test.dll" adapterTypeName="executor://xunit/VsTestRunner2/netcoreapp" className="ModelRelief.Test.Integration.Models.ModelsBaseIntegrationTests" name="Put_CanUpdateModel" /></UnitTest><UnitTest name="Post_CanCreateNewModel" storage="d:\users\steve knipmeyer\documents\github\modelrelief\modelrelief.test\bin\debug\netcoreapp2.0\modelrelief.test.dll" id="b24e340c-d8f3-4793-bebe-80084f672404"><Execution id="ca24ca6e-0d74-4634-aef8-c4e67800c426" /><TestMethod codeBase="D:\Users\Steve Knipmeyer\Documents\GitHub\ModelRelief\ModelRelief.test\bin\Debug\netcoreapp2.0\ModelRelief.Test.dll" adapterTypeName="executor://xunit/VsTestRunner2/netcoreapp" className="ModelRelief.Test.Integration.Cameras.CamerasBaseIntegrationTests" name="Post_CanCreateNewModel" /></UnitTest><UnitTest name="Put_InvalidReferencePropertyReturndBadRequest" storage="d:\users\steve knipmeyer\documents\github\modelrelief\modelrelief.test\bin\debug\netcoreapp2.0\modelrelief.test.dll" id="5ee144ad-765a-4a42-b129-e37b6e3462e8"><Execution id="5f4b0f82-e30c-4a28-b8f9-563023b2ad33" /><TestMethod codeBase="D:\Users\Steve Knipmeyer\Documents\GitHub\ModelRelief\ModelRelief.test\bin\Debug\netcoreapp2.0\ModelRelief.Test.dll" adapterTypeName="executor://xunit/VsTestRunner2/netcoreapp" className="ModelRelief.Test.Integration.Projects.ProjectsBaseIntegrationTests" name="Put_InvalidReferencePropertyReturndBadRequest" /></UnitTest><UnitTest name="Patch_InvalidReferencePropertyReturnsBadRequest" storage="d:\users\steve knipmeyer\documents\github\modelrelief\modelrelief.test\bin\debug\netcoreapp2.0\modelrelief.test.dll" id="f7a54d85-639f-441c-9623-92572b3ee809"><Execution id="0b17abe8-b96f-40a9-b3f9-24fed5e7c1cb" /><TestMethod codeBase="D:\Users\Steve Knipmeyer\Documents\GitHub\ModelRelief\ModelRelief.test\bin\Debug\netcoreapp2.0\ModelRelief.Test.dll" adapterTypeName="executor://xunit/VsTestRunner2/netcoreapp" className="ModelRelief.Test.Integration.DepthBuffers.DepthBuffersBaseIntegrationTests" name="Patch_InvalidReferencePropertyReturnsBadRequest" /></UnitTest><UnitTest name="Patch_ValidReferencePropertyUpdatesModel" storage="d:\users\steve knipmeyer\documents\github\modelrelief\modelrelief.test\bin\debug\netcoreapp2.0\modelrelief.test.dll" id="9617868c-81c5-482d-b603-5c84c113769f"><Execution id="2d9f0cb9-a316-46aa-ac62-f84b93cd457d" /><TestMethod codeBase="D:\Users\Steve Knipmeyer\Documents\GitHub\ModelRelief\ModelRelief.test\bin\Debug\netcoreapp2.0\ModelRelief.Test.dll" adapterTypeName="executor://xunit/VsTestRunner2/netcoreapp" className="ModelRelief.Test.Integration.Meshes.MeshesBaseIntegrationTests" name="Patch_ValidReferencePropertyUpdatesModel" /></UnitTest><UnitTest name="Post_InvalidReferencePropertyReturnsBadRequest" storage="d:\users\steve knipmeyer\documents\github\modelrelief\modelrelief.test\bin\debug\netcoreapp2.0\modelrelief.test.dll" id="91d9e56b-9a16-403f-a64b-f084173a674f"><Execution id="f6eb5c50-04b1-491e-ae9b-5e007ca8c6ee" /><TestMethod codeBase="D:\Users\Steve Knipmeyer\Documents\GitHub\ModelRelief\ModelRelief.test\bin\Debug\netcoreapp2.0\ModelRelief.Test.dll" adapterTypeName="executor://xunit/VsTestRunner2/netcoreapp" className="ModelRelief.Test.Integration.MeshTransforms.MeshTransformsBaseIntegrationTests" name="Post_InvalidReferencePropertyReturnsBadRequest" /></UnitTest><UnitTest name="GetSingle_ValidIdPropertyValueReturnsCorrectModel" storage="d:\users\steve knipmeyer\documents\github\modelrelief\modelrelief.test\bin\debug\netcoreapp2.0\modelrelief.test.dll" id="3e4e5e01-b502-4a80-bc33-0d364a009c7e"><Execution id="e926115b-5ea1-41ba-9884-e7eff5205521" /><TestMethod codeBase="D:\Users\Steve Knipmeyer\Documents\GitHub\ModelRelief\ModelRelief.test\bin\Debug\netcoreapp2.0\ModelRelief.Test.dll" adapterTypeName="executor://xunit/VsTestRunner2/netcoreapp" className="ModelRelief.Test.Integration.MeshTransforms.MeshTransformsBaseIntegrationTests" name="GetSingle_ValidIdPropertyValueReturnsCorrectModel" /></UnitTest><UnitTest name="Post_ValidReferencePropertyCreatesModel" storage="d:\users\steve knipmeyer\documents\github\modelrelief\modelrelief.test\bin\debug\netcoreapp2.0\modelrelief.test.dll" id="825989dd-28a9-40dc-9600-fde2c4da2684"><Execution id="fedf1254-7ec0-4aee-b42a-33bd463010d2" /><TestMethod codeBase="D:\Users\Steve Knipmeyer\Documents\GitHub\ModelRelief\ModelRelief.test\bin\Debug\netcoreapp2.0\ModelRelief.Test.dll" adapterTypeName="executor://xunit/VsTestRunner2/netcoreapp" className="ModelRelief.Test.Integration.MeshTransforms.MeshTransformsBaseIntegrationTests" name="Post_ValidReferencePropertyCreatesModel" /></UnitTest><UnitTest name="Put_InvalidIdReturnsNotFound" storage="d:\users\steve knipmeyer\documents\github\modelrelief\modelrelief.test\bin\debug\netcoreapp2.0\modelrelief.test.dll" id="d73befc3-b81b-45e6-99dd-0ffcf71dbe9c"><Execution id="7a701277-0bc9-4a25-8763-9b81dfd53ed3" /><TestMethod codeBase="D:\Users\Steve Knipmeyer\Documents\GitHub\ModelRelief\ModelRelief.test\bin\Debug\netcoreapp2.0\ModelRelief.Test.dll" adapterTypeName="executor://xunit/VsTestRunner2/netcoreapp" className="ModelRelief.Test.Integration.MeshTransforms.MeshTransformsBaseIntegrationTests" name="Put_InvalidIdReturnsNotFound" /></UnitTest><UnitTest name="GetFile_NonExistentFileReturnsNotFound" storage="d:\users\steve knipmeyer\documents\github\modelrelief\modelrelief.test\bin\debug\netcoreapp2.0\modelrelief.test.dll" id="0b782003-5eab-4c7e-b6e9-7c424b66d3e8"><Execution id="bd353887-0717-4c21-8644-d3e4bab333fd" /><TestMethod codeBase="D:\Users\Steve Knipmeyer\Documents\GitHub\ModelRelief\ModelRelief.test\bin\Debug\netcoreapp2.0\ModelRelief.Test.dll" adapterTypeName="executor://xunit/VsTestRunner2/netcoreapp" className="ModelRelief.Test.Integration.Models.ModelsFileIntegrationTests" name="GetFile_NonExistentFileReturnsNotFound" /></UnitTest><UnitTest name="GetList_ListReturnsCorrectCount" storage="d:\users\steve knipmeyer\documents\github\modelrelief\modelrelief.test\bin\debug\netcoreapp2.0\modelrelief.test.dll" id="f0daf3aa-162b-4cbf-be7f-a887d54195db"><Execution id="96123aba-69c5-4cca-94ca-61ecf7da55a4" /><TestMethod codeBase="D:\Users\Steve Knipmeyer\Documents\GitHub\ModelRelief\ModelRelief.test\bin\Debug\netcoreapp2.0\ModelRelief.Test.dll" adapterTypeName="executor://xunit/VsTestRunner2/netcoreapp" className="ModelRelief.Test.Integration.Projects.ProjectsBaseIntegrationTests" name="GetList_ListReturnsCorrectCount" /></UnitTest><UnitTest name="Put_ValidReferencePropertyUpdatesModel" storage="d:\users\steve knipmeyer\documents\github\modelrelief\modelrelief.test\bin\debug\netcoreapp2.0\modelrelief.test.dll" id="09756f76-13f0-4bdc-bf21-ef73f8183101"><Execution id="c343ca6b-7b64-4462-a7a4-aebc5b507d7f" /><TestMethod codeBase="D:\Users\Steve Knipmeyer\Documents\GitHub\ModelRelief\ModelRelief.test\bin\Debug\netcoreapp2.0\ModelRelief.Test.dll" adapterTypeName="executor://xunit/VsTestRunner2/netcoreapp" className="ModelRelief.Test.Integration.DepthBuffers.DepthBuffersBaseIntegrationTests" name="Put_ValidReferencePropertyUpdatesModel" /></UnitTest><UnitTest name="Put_CanUpdateModel" storage="d:\users\steve knipmeyer\documents\github\modelrelief\modelrelief.test\bin\debug\netcoreapp2.0\modelrelief.test.dll" id="d8ec0fa0-0838-4bc1-9db9-1b8cbb5184c7"><Execution id="283bb881-9dc6-41c9-8b97-298b65386be0" /><TestMethod codeBase="D:\Users\Steve Knipmeyer\Documents\GitHub\ModelRelief\ModelRelief.test\bin\Debug\netcoreapp2.0\ModelRelief.Test.dll" adapterTypeName="executor://xunit/VsTestRunner2/netcoreapp" className="ModelRelief.Test.Integration.Meshes.MeshesBaseIntegrationTests" name="Put_CanUpdateModel" /></UnitTest><UnitTest name="Patch_InvalidReferencePropertyReturnsBadRequest" storage="d:\users\steve knipmeyer\documents\github\modelrelief\modelrelief.test\bin\debug\netcoreapp2.0\modelrelief.test.dll" id="a46e6f36-ce7e-41ae-9d0a-3d3246ef08b8"><Execution id="9d677b68-0c50-4f53-8ebd-359905debd32" /><TestMethod codeBase="D:\Users\Steve Knipmeyer\Documents\GitHub\ModelRelief\ModelRelief.test\bin\Debug\netcoreapp2.0\ModelRelief.Test.dll" adapterTypeName="executor://xunit/VsTestRunner2/netcoreapp" className="ModelRelief.Test.Integration.MeshTransforms.MeshTransformsBaseIntegrationTests" name="Patch_InvalidReferencePropertyReturnsBadRequest" /></UnitTest><UnitTest name="GetSingle_InvalidIdPropertyValueReturnsNotFound" storage="d:\users\steve knipmeyer\documents\github\modelrelief\modelrelief.test\bin\debug\netcoreapp2.0\modelrelief.test.dll" id="bdbf4aa1-6632-4d22-85a6-810019de55ca"><Execution id="acd4a821-6bdb-4351-aa55-de795546ac4f" /><TestMethod codeBase="D:\Users\Steve Knipmeyer\Documents\GitHub\ModelRelief\ModelRelief.test\bin\Debug\netcoreapp2.0\ModelRelief.Test.dll" adapterTypeName="executor://xunit/VsTestRunner2/netcoreapp" className="ModelRelief.Test.Integration.Meshes.MeshesBaseIntegrationTests" name="GetSingle_InvalidIdPropertyValueReturnsNotFound" /></UnitTest><UnitTest name="Patch_InvalidPropertyNameReturnsBadRequest" storage="d:\users\steve knipmeyer\documents\github\modelrelief\modelrelief.test\bin\debug\netcoreapp2.0\modelrelief.test.dll" id="e6f68eb7-5752-4076-bdca-cd89ae4fef74"><Execution id="3fbb3d3d-7123-499e-97f1-a9994fdbfa29" /><TestMethod codeBase="D:\Users\Steve Knipmeyer\Documents\GitHub\ModelRelief\ModelRelief.test\bin\Debug\netcoreapp2.0\ModelRelief.Test.dll" adapterTypeName="executor://xunit/VsTestRunner2/netcoreapp" className="ModelRelief.Test.Integration.Models.ModelsBaseIntegrationTests" name="Patch_InvalidPropertyNameReturnsBadRequest" /></UnitTest><UnitTest name="Put_ValidReferencePropertyUpdatesModel" storage="d:\users\steve knipmeyer\documents\github\modelrelief\modelrelief.test\bin\debug\netcoreapp2.0\modelrelief.test.dll" id="64223854-8d5b-443b-90fa-5b2693b759da"><Execution id="fa0877fd-5a98-4ed5-b106-23ecff48492b" /><TestMethod codeBase="D:\Users\Steve Knipmeyer\Documents\GitHub\ModelRelief\ModelRelief.test\bin\Debug\netcoreapp2.0\ModelRelief.Test.dll" adapterTypeName="executor://xunit/VsTestRunner2/netcoreapp" className="ModelRelief.Test.Integration.Projects.ProjectsBaseIntegrationTests" name="Put_ValidReferencePropertyUpdatesModel" /></UnitTest><UnitTest name="Patch_InvalidReferencePropertyReturnsBadRequest" storage="d:\users\steve knipmeyer\documents\github\modelrelief\modelrelief.test\bin\debug\netcoreapp2.0\modelrelief.test.dll" id="98bc2171-5388-4d0c-ac7d-b3b5686efa82"><Execution id="88f5aa83-daf2-4bd5-8f5c-360d66a8d036" /><TestMethod codeBase="D:\Users\Steve Knipmeyer\Documents\GitHub\ModelRelief\ModelRelief.test\bin\Debug\netcoreapp2.0\ModelRelief.Test.dll" adapterTypeName="executor://xunit/VsTestRunner2/netcoreapp" className="ModelRelief.Test.Integration.Projects.ProjectsBaseIntegrationTests" name="Patch_InvalidReferencePropertyReturnsBadRequest" /></UnitTest><UnitTest name="LucyModel3dHasTwoDependents" storage="d:\users\steve knipmeyer\documents\github\modelrelief\modelrelief.test\bin\debug\netcoreapp2.0\modelrelief.test.dll" id="4fd69572-3c90-4c5a-96bb-12226a8dd8d7"><Execution id="7031a7f0-2c9c-48d6-8da5-d226b490d62a" /><TestMethod codeBase="D:\Users\Steve Knipmeyer\Documents\GitHub\ModelRelief\ModelRelief.test\bin\Debug\netcoreapp2.0\ModelRelief.Test.dll" adapterTypeName="executor://xunit/VsTestRunner2/netcoreapp" className="ModelRelief.Test.Unit.DependencyManager.DependencyManagerTests" name="LucyModel3dHasTwoDependents" /></UnitTest><UnitTest name="Patch_InvalidIdPropertyReturnsNotFound" storage="d:\users\steve knipmeyer\documents\github\modelrelief\modelrelief.test\bin\debug\netcoreapp2.0\modelrelief.test.dll" id="4b430bc3-c61c-42c1-adcf-652125d3b5f9"><Execution id="f30fad6f-2162-4265-ab1a-021938865b8d" /><TestMethod codeBase="D:\Users\Steve Knipmeyer\Documents\GitHub\ModelRelief\ModelRelief.test\bin\Debug\netcoreapp2.0\ModelRelief.Test.dll" adapterTypeName="executor://xunit/VsTestRunner2/netcoreapp" className="ModelRelief.Test.Integration.DepthBuffers.DepthBuffersBaseIntegrationTests" name="Patch_InvalidIdPropertyReturnsNotFound" /></UnitTest><UnitTest name="Post_CanCreateNewModel" storage="d:\users\steve knipmeyer\documents\github\modelrelief\modelrelief.test\bin\debug\netcoreapp2.0\modelrelief.test.dll" id="4b6276c2-793e-4906-824f-283ce3778551"><Execution id="6b4e34b1-2128-46a4-90dd-f6c6b53c22de" /><TestMethod codeBase="D:\Users\Steve Knipmeyer\Documents\GitHub\ModelRelief\ModelRelief.test\bin\Debug\netcoreapp2.0\ModelRelief.Test.dll" adapterTypeName="executor://xunit/VsTestRunner2/netcoreapp" className="ModelRelief.Test.Integration.Meshes.MeshesBaseIntegrationTests" name="Post_CanCreateNewModel" /></UnitTest><UnitTest name="Post_InvalidPropertyValueReturnsBadRequest" storage="d:\users\steve knipmeyer\documents\github\modelrelief\modelrelief.test\bin\debug\netcoreapp2.0\modelrelief.test.dll" id="a05f53b7-fc62-4c9c-a360-deaf313ec34e"><Execution id="eb245f3f-37f0-4659-800a-451a671ee9a1" /><TestMethod codeBase="D:\Users\Steve Knipmeyer\Documents\GitHub\ModelRelief\ModelRelief.test\bin\Debug\netcoreapp2.0\ModelRelief.Test.dll" adapterTypeName="executor://xunit/VsTestRunner2/netcoreapp" className="ModelRelief.Test.Integration.Cameras.CamerasBaseIntegrationTests" name="Post_InvalidPropertyValueReturnsBadRequest" /></UnitTest><UnitTest name="Post_ValidReferencePropertyCreatesModel" storage="d:\users\steve knipmeyer\documents\github\modelrelief\modelrelief.test\bin\debug\netcoreapp2.0\modelrelief.test.dll" id="38f8fffb-a831-4306-b29f-13bc3ca55ad5"><Execution id="00ad072c-ea8f-4994-900f-7fb82dfc0adb" /><TestMethod codeBase="D:\Users\Steve Knipmeyer\Documents\GitHub\ModelRelief\ModelRelief.test\bin\Debug\netcoreapp2.0\ModelRelief.Test.dll" adapterTypeName="executor://xunit/VsTestRunner2/netcoreapp" className="ModelRelief.Test.Integration.Cameras.CamerasBaseIntegrationTests" name="Post_ValidReferencePropertyCreatesModel" /></UnitTest><UnitTest name="Patch_MultipleInvalidReferencePropertiesReturnsMultipleValidationErrorsAndBadRequest" storage="d:\users\steve knipmeyer\documents\github\modelrelief\modelrelief.test\bin\debug\netcoreapp2.0\modelrelief.test.dll" id="8ec5676e-d383-4578-84cb-b88eb37a9ba7"><Execution id="0d496cc8-790f-4ed6-8301-8786dc86eafa" /><TestMethod codeBase="D:\Users\Steve Knipmeyer\Documents\GitHub\ModelRelief\ModelRelief.test\bin\Debug\netcoreapp2.0\ModelRelief.Test.dll" adapterTypeName="executor://xunit/VsTestRunner2/netcoreapp" className="ModelRelief.Test.Integration.DepthBuffers.DepthBuffersBaseIntegrationTests" name="Patch_MultipleInvalidReferencePropertiesReturnsMultipleValidationErrorsAndBadRequest" /></UnitTest><UnitTest name="Patch_MultipleInvalidReferencePropertiesReturnsMultipleValidationErrorsAndBadRequest" storage="d:\users\steve knipmeyer\documents\github\modelrelief\modelrelief.test\bin\debug\netcoreapp2.0\modelrelief.test.dll" id="8adba9fe-f7f1-47fc-ab1f-dc2e55734843"><Execution id="86e3ff52-94e7-45da-9321-aef1c9c6a993" /><TestMethod codeBase="D:\Users\Steve Knipmeyer\Documents\GitHub\ModelRelief\ModelRelief.test\bin\Debug\netcoreapp2.0\ModelRelief.Test.dll" adapterTypeName="executor://xunit/VsTestRunner2/netcoreapp" className="ModelRelief.Test.Integration.Cameras.CamerasBaseIntegrationTests" name="Patch_MultipleInvalidReferencePropertiesReturnsMultipleValidationErrorsAndBadRequest" /></UnitTest><UnitTest name="GetFile_FileCanBeRoundTripped" storage="d:\users\steve knipmeyer\documents\github\modelrelief\modelrelief.test\bin\debug\netcoreapp2.0\modelrelief.test.dll" id="0aeb41b1-c37d-4d42-86da-a1d3a2618448"><Execution id="3933eb76-2a06-483f-b35a-9e7497f7afd5" /><TestMethod codeBase="D:\Users\Steve Knipmeyer\Documents\GitHub\ModelRelief\ModelRelief.test\bin\Debug\netcoreapp2.0\ModelRelief.Test.dll" adapterTypeName="executor://xunit/VsTestRunner2/netcoreapp" className="ModelRelief.Test.Integration.Models.ModelsFileIntegrationTests" name="GetFile_FileCanBeRoundTripped" /></UnitTest><UnitTest name="Put_InvalidIdReturnsNotFound" storage="d:\users\steve knipmeyer\documents\github\modelrelief\modelrelief.test\bin\debug\netcoreapp2.0\modelrelief.test.dll" id="d2bf7254-b0a5-459a-8454-1eeccef4c8c2"><Execution id="15f7ce1e-e4e2-4d03-aa00-b4d0569273af" /><TestMethod codeBase="D:\Users\Steve Knipmeyer\Documents\GitHub\ModelRelief\ModelRelief.test\bin\Debug\netcoreapp2.0\ModelRelief.Test.dll" adapterTypeName="executor://xunit/VsTestRunner2/netcoreapp" className="ModelRelief.Test.Integration.Cameras.CamerasBaseIntegrationTests" name="Put_InvalidIdReturnsNotFound" /></UnitTest><UnitTest name="GetSingle_InvalidIdPropertyValueReturnsNotFound" storage="d:\users\steve knipmeyer\documents\github\modelrelief\modelrelief.test\bin\debug\netcoreapp2.0\modelrelief.test.dll" id="459cad49-292c-4903-b082-bdef989317b8"><Execution id="611a24f9-11cc-4539-a48c-77065df4fa8e" /><TestMethod codeBase="D:\Users\Steve Knipmeyer\Documents\GitHub\ModelRelief\ModelRelief.test\bin\Debug\netcoreapp2.0\ModelRelief.Test.dll" adapterTypeName="executor://xunit/VsTestRunner2/netcoreapp" className="ModelRelief.Test.Integration.Projects.ProjectsBaseIntegrationTests" name="GetSingle_InvalidIdPropertyValueReturnsNotFound" /></UnitTest><UnitTest name="Post_ValidReferencePropertyCreatesModel" storage="d:\users\steve knipmeyer\documents\github\modelrelief\modelrelief.test\bin\debug\netcoreapp2.0\modelrelief.test.dll" id="c1bb279a-5567-49a2-a825-268999f0d3ab"><Execution id="7f302244-8cfa-4157-8cf8-122a266eaf7b" /><TestMethod codeBase="D:\Users\Steve Knipmeyer\Documents\GitHub\ModelRelief\ModelRelief.test\bin\Debug\netcoreapp2.0\ModelRelief.Test.dll" adapterTypeName="executor://xunit/VsTestRunner2/netcoreapp" className="ModelRelief.Test.Integration.DepthBuffers.DepthBuffersBaseIntegrationTests" name="Post_ValidReferencePropertyCreatesModel" /></UnitTest><UnitTest name="Patch_InvalidIdPropertyReturnsNotFound" storage="d:\users\steve knipmeyer\documents\github\modelrelief\modelrelief.test\bin\debug\netcoreapp2.0\modelrelief.test.dll" id="8f8170cb-8648-4122-9d3a-3e665f36f5a6"><Execution id="1db93b4b-7523-4958-9fd5-52f46beb4ac7" /><TestMethod codeBase="D:\Users\Steve Knipmeyer\Documents\GitHub\ModelRelief\ModelRelief.test\bin\Debug\netcoreapp2.0\ModelRelief.Test.dll" adapterTypeName="executor://xunit/VsTestRunner2/netcoreapp" className="ModelRelief.Test.Integration.Projects.ProjectsBaseIntegrationTests" name="Patch_InvalidIdPropertyReturnsNotFound" /></UnitTest><UnitTest name="Patch_TargetPropertyIsUpdated" storage="d:\users\steve knipmeyer\documents\github\modelrelief\modelrelief.test\bin\debug\netcoreapp2.0\modelrelief.test.dll" id="94941446-687e-4092-be44-d613b836811e"><Execution id="f396ef43-ed84-4d8e-923d-f7f42e737abb" /><TestMethod codeBase="D:\Users\Steve Knipmeyer\Documents\GitHub\ModelRelief\ModelRelief.test\bin\Debug\netcoreapp2.0\ModelRelief.Test.dll" adapterTypeName="executor://xunit/VsTestRunner2/netcoreapp" className="ModelRelief.Test.Integration.Projects.ProjectsBaseIntegrationTests" name="Patch_TargetPropertyIsUpdated" /></UnitTest><UnitTest name="GetFile_ExistingFileReturnsSuccess" storage="d:\users\steve knipmeyer\documents\github\modelrelief\modelrelief.test\bin\debug\netcoreapp2.0\modelrelief.test.dll" id="88e0821a-ef1d-4f88-8137-cde4a93b88da"><Execution id="a8253874-3598-433a-aa5d-260e3da59ce8" /><TestMethod codeBase="D:\Users\Steve Knipmeyer\Documents\GitHub\ModelRelief\ModelRelief.test\bin\Debug\netcoreapp2.0\ModelRelief.Test.dll" adapterTypeName="executor://xunit/VsTestRunner2/netcoreapp" className="ModelRelief.Test.Integration.Models.ModelsFileIntegrationTests" name="GetFile_ExistingFileReturnsSuccess" /></UnitTest></TestDefinitions><TestEntries><TestEntry testId="079a2b8c-552d-4ab5-8d1f-71d48563f2f1" executionId="22bd002a-61ab-4480-9cbc-f6e5fc7ce1c4" testListId="8c84fa94-04c1-424b-9868-57a2d4851a1d" /><TestEntry testId="d412d049-bd1f-4028-9ac5-88342f48715d" executionId="34c93530-14b9-41a1-a097-7e9f4da73f3a" testListId="8c84fa94-04c1-424b-9868-57a2d4851a1d" /><TestEntry testId="8d6fe87c-9e34-423b-9c74-d24db4644da2" executionId="a4493de2-c3c7-45f6-a49c-f282e7103861" testListId="8c84fa94-04c1-424b-9868-57a2d4851a1d" /><TestEntry testId="a6fcc505-a35e-48ab-9230-daa74f4e984f" executionId="d193d9da-36ac-4866-8a09-fbf02e201281" testListId="8c84fa94-04c1-424b-9868-57a2d4851a1d" /><TestEntry testId="d8ec0fa0-0838-4bc1-9db9-1b8cbb5184c7" executionId="283bb881-9dc6-41c9-8b97-298b65386be0" testListId="8c84fa94-04c1-424b-9868-57a2d4851a1d" /><TestEntry testId="d6adb56c-bb59-4cef-96c3-e488cb2263e8" executionId="721861d1-a5e6-46ff-953c-2f723a50f56b" testListId="8c84fa94-04c1-424b-9868-57a2d4851a1d" /><TestEntry testId="7be36696-2399-4f9f-ad2a-3afb13c2bc1f" executionId="d9dd48c9-83a9-438e-af6a-0031fdc1f01d" testListId="8c84fa94-04c1-424b-9868-57a2d4851a1d" /><TestEntry testId="a46e6f36-ce7e-41ae-9d0a-3d3246ef08b8" executionId="9d677b68-0c50-4f53-8ebd-359905debd32" testListId="8c84fa94-04c1-424b-9868-57a2d4851a1d" /><TestEntry testId="d44c001f-5976-4cc0-8ee6-47e5992f5818" executionId="fcb44293-0f58-4251-b6d5-b4be3b9501ee" testListId="8c84fa94-04c1-424b-9868-57a2d4851a1d" /><TestEntry testId="bf781453-439b-4022-852e-1a4b3424dcc0" executionId="73d2fe16-d94a-4db2-90fd-9e301384f9e8" testListId="8c84fa94-04c1-424b-9868-57a2d4851a1d" /><TestEntry testId="8deb9e65-c6cb-429a-a0c6-864035cab40a" executionId="6eb89de8-3839-4479-985f-89720078d916" testListId="8c84fa94-04c1-424b-9868-57a2d4851a1d" /><TestEntry testId="067ddad0-3377-4c91-aa00-cb36649df9ab" executionId="6c4c6bfc-fdd8-415c-b81a-e435e13a0fa3" testListId="8c84fa94-04c1-424b-9868-57a2d4851a1d" /><TestEntry testId="57093198-e2bf-4038-b4f1-87b1ad012a5a" executionId="8cbcb847-ba66-4907-978d-55614535aa5e" testListId="8c84fa94-04c1-424b-9868-57a2d4851a1d" /><TestEntry testId="ab3a8ee9-480b-4599-802f-f1f9a075a812" executionId="7aadad04-f49f-42b2-948b-c5318820f6c2" testListId="8c84fa94-04c1-424b-9868-57a2d4851a1d" /><TestEntry testId="71077342-8f3b-40f9-a804-05c035074c06" executionId="c9121de9-f195-4d3d-9aef-b3b4907e5264" testListId="8c84fa94-04c1-424b-9868-57a2d4851a1d" /><TestEntry testId="459cad49-292c-4903-b082-bdef989317b8" executionId="611a24f9-11cc-4539-a48c-77065df4fa8e" testListId="8c84fa94-04c1-424b-9868-57a2d4851a1d" /><TestEntry testId="f5ce110a-8578-4cfd-8182-8ef0fddd0f02" executionId="6ab1887e-12fa-4459-8efe-3bb82e4461b8" testListId="8c84fa94-04c1-424b-9868-57a2d4851a1d" /><TestEntry testId="4b6276c2-793e-4906-824f-283ce3778551" executionId="6b4e34b1-2128-46a4-90dd-f6c6b53c22de" testListId="8c84fa94-04c1-424b-9868-57a2d4851a1d" /><TestEntry testId="2d06682a-9764-4a34-92af-b200b1753d06" executionId="68418e86-e962-4d18-98a8-6744fece1638" testListId="8c84fa94-04c1-424b-9868-57a2d4851a1d" /><TestEntry testId="d73befc3-b81b-45e6-99dd-0ffcf71dbe9c" executionId="7a701277-0bc9-4a25-8763-9b81dfd53ed3" testListId="8c84fa94-04c1-424b-9868-57a2d4851a1d" /><TestEntry testId="5eaaee59-9f98-44e3-a819-56b962fbe797" executionId="280a3aed-3dc0-41ca-8ae3-ca56a19adbdb" testListId="8c84fa94-04c1-424b-9868-57a2d4851a1d" /><TestEntry testId="c9259d1f-6bf9-4ead-b7e0-82491e7cfcdb" executionId="cd36449c-2808-4e13-b25d-4ca8befffe07" testListId="8c84fa94-04c1-424b-9868-57a2d4851a1d" /><TestEntry testId="4fd69572-3c90-4c5a-96bb-12226a8dd8d7" executionId="7031a7f0-2c9c-48d6-8da5-d226b490d62a" testListId="8c84fa94-04c1-424b-9868-57a2d4851a1d" /><TestEntry testId="5b409600-2670-42ad-9ed3-715f388f7c40" executionId="42fed64e-6f09-4269-8824-319abbc53dcf" testListId="8c84fa94-04c1-424b-9868-57a2d4851a1d" /><TestEntry testId="458b44a1-a33b-489f-9073-c4c4f14100d0" executionId="c0d22e53-5731-4050-a432-d7f4951d2122" testListId="8c84fa94-04c1-424b-9868-57a2d4851a1d" /><TestEntry testId="83d10a0e-b986-469f-894e-3ac4f338d6ed" executionId="3aec870d-30be-43d1-b6ba-cc86abc9ba7d" testListId="8c84fa94-04c1-424b-9868-57a2d4851a1d" /><TestEntry testId="b24e340c-d8f3-4793-bebe-80084f672404" executionId="ca24ca6e-0d74-4634-aef8-c4e67800c426" testListId="8c84fa94-04c1-424b-9868-57a2d4851a1d" /><TestEntry testId="f85672c7-d03b-4d5c-92e7-ad83d64ac0d2" executionId="66b16bfc-36bc-45f6-bafd-d423010ec45b" testListId="8c84fa94-04c1-424b-9868-57a2d4851a1d" /><TestEntry testId="5c21c0f3-50c2-4575-be56-b1a279d4c087" executionId="6182e17e-b8c7-471b-b33f-d6acbbb07f4b" testListId="8c84fa94-04c1-424b-9868-57a2d4851a1d" /><TestEntry testId="81ba1806-1520-4056-a260-bc96a4d56613" executionId="8edd9670-110b-4a09-9da5-bf25a0eeae05" testListId="8c84fa94-04c1-424b-9868-57a2d4851a1d" /><TestEntry testId="bb8fa606-e1ce-4fd4-bbe7-65c141589b34" executionId="2ba89409-7a70-4869-accf-624ce1657d42" testListId="8c84fa94-04c1-424b-9868-57a2d4851a1d" /><TestEntry testId="0b782003-5eab-4c7e-b6e9-7c424b66d3e8" executionId="bd353887-0717-4c21-8644-d3e4bab333fd" testListId="8c84fa94-04c1-424b-9868-57a2d4851a1d" /><TestEntry testId="941da120-1f46-4c3f-b2a5-8a5e64090aca" executionId="2b1ec43c-5ea7-4c90-9700-8d4c871ebb85" testListId="8c84fa94-04c1-424b-9868-57a2d4851a1d" /><TestEntry testId="273128eb-571b-46e2-9d16-7f98cf64202d" executionId="4e5a450f-ed59-4437-9bab-bfa9c6cdd345" testListId="8c84fa94-04c1-424b-9868-57a2d4851a1d" /><TestEntry testId="4b430bc3-c61c-42c1-adcf-652125d3b5f9" executionId="f30fad6f-2162-4265-ab1a-021938865b8d" testListId="8c84fa94-04c1-424b-9868-57a2d4851a1d" /><TestEntry testId="49dc7bde-7049-4669-9689-5aa03bde7e35" executionId="c24e9bab-36f7-45d9-8b2f-bc3c8ae7f84b" testListId="8c84fa94-04c1-424b-9868-57a2d4851a1d" /><TestEntry testId="fab9e105-2935-4d25-8b6a-a263be7c79f3" executionId="3fafb0ac-4b69-408b-a735-056d8cc17a58" testListId="8c84fa94-04c1-424b-9868-57a2d4851a1d" /><TestEntry testId="bb79f56c-0f92-45e0-ae5d-ec67763e12c5" executionId="8a6cd4cf-47a9-4500-8112-d0e12ed91c56" testListId="8c84fa94-04c1-424b-9868-57a2d4851a1d" /><TestEntry testId="e6f68eb7-5752-4076-bdca-cd89ae4fef74" executionId="3fbb3d3d-7123-499e-97f1-a9994fdbfa29" testListId="8c84fa94-04c1-424b-9868-57a2d4851a1d" /><TestEntry testId="8a7b607c-7bec-4c17-9726-ad2150edcf0f" executionId="6d25a766-b3d7-4b5a-a07d-7e660d3ef0f3" testListId="8c84fa94-04c1-424b-9868-57a2d4851a1d" /><TestEntry testId="53e427ef-4372-44ac-b84f-737073b407ae" executionId="6590f7b1-db88-4f17-ba18-ca6890b07ee0" testListId="8c84fa94-04c1-424b-9868-57a2d4851a1d" /><TestEntry testId="38f8fffb-a831-4306-b29f-13bc3ca55ad5" executionId="00ad072c-ea8f-4994-900f-7fb82dfc0adb" testListId="8c84fa94-04c1-424b-9868-57a2d4851a1d" /><TestEntry testId="7ca2bdeb-7f0e-43b5-b5be-50493b31459f" executionId="aebe99bf-d9ef-4f20-9c0a-27afb19c41ea" testListId="8c84fa94-04c1-424b-9868-57a2d4851a1d" /><TestEntry testId="6dd6550d-6b9f-4cd6-a9c2-b50eb0da19fb" executionId="c96b33f9-5b7d-44a3-aa81-2105a0e3433b" testListId="8c84fa94-04c1-424b-9868-57a2d4851a1d" /><TestEntry testId="78a13aeb-b1c9-4b10-b5d6-6fa27b45e516" executionId="82bb1135-37cc-45d6-995c-db8014f76b6e" testListId="8c84fa94-04c1-424b-9868-57a2d4851a1d" /><TestEntry testId="d4029775-724c-4041-bfed-9a07c3feba00" executionId="622720af-d628-4871-8eea-063b651db1a1" testListId="8c84fa94-04c1-424b-9868-57a2d4851a1d" /><TestEntry testId="b487a9a0-35b0-4f70-92de-13598ac89c24" executionId="d627f57f-4435-4ee2-b7c1-e4cd0c7a75ba" testListId="8c84fa94-04c1-424b-9868-57a2d4851a1d" /><TestEntry testId="8f69f8ad-6267-4fbd-a259-1a985733c59d" executionId="60c5e610-89ad-4190-8327-7a260323f7fb" testListId="8c84fa94-04c1-424b-9868-57a2d4851a1d" /><TestEntry testId="5b905c08-4362-49f1-a489-0bbd804f33fc" executionId="cfd86fdf-5a7d-4510-a82d-8e7a1f2fe8a2" testListId="8c84fa94-04c1-424b-9868-57a2d4851a1d" /><TestEntry testId="88e0821a-ef1d-4f88-8137-cde4a93b88da" executionId="a8253874-3598-433a-aa5d-260e3da59ce8" testListId="8c84fa94-04c1-424b-9868-57a2d4851a1d" /><TestEntry testId="a8b7cb2f-8033-441e-be4d-5f481c40d4f3" executionId="b1330d42-4d29-43c9-971b-2562e3155a4d" testListId="8c84fa94-04c1-424b-9868-57a2d4851a1d" /><TestEntry testId="c2c41bae-d6c0-4fcb-9463-0c63f14fa053" executionId="0721cdf4-41b7-44ba-b6a0-009d2f3e29a3" testListId="8c84fa94-04c1-424b-9868-57a2d4851a1d" /><TestEntry testId="caf5d1ed-4bcb-4c51-b112-037b283d5b33" executionId="9cbe6fd2-aecb-4d95-b15b-7f9792490b88" testListId="8c84fa94-04c1-424b-9868-57a2d4851a1d" /><TestEntry testId="c1bb279a-5567-49a2-a825-268999f0d3ab" executionId="7f302244-8cfa-4157-8cf8-122a266eaf7b" testListId="8c84fa94-04c1-424b-9868-57a2d4851a1d" /><TestEntry testId="c7f14aa0-7e0f-45dc-9514-e9c3ae1e229f" executionId="1af6c73b-10b0-448e-a960-051d97fa739b" testListId="8c84fa94-04c1-424b-9868-57a2d4851a1d" /><TestEntry testId="4596403d-187e-40ae-9aab-37fa89ebef28" executionId="45e6214c-8640-48d0-885d-bd9d96390845" testListId="8c84fa94-04c1-424b-9868-57a2d4851a1d" /><TestEntry testId="8f8170cb-8648-4122-9d3a-3e665f36f5a6" executionId="1db93b4b-7523-4958-9fd5-52f46beb4ac7" testListId="8c84fa94-04c1-424b-9868-57a2d4851a1d" /><TestEntry testId="df3cc9a5-18c5-47da-b2d2-f4c11ed2b591" executionId="36476aa0-584c-415f-92b2-8cd6fa50a3e8" testListId="8c84fa94-04c1-424b-9868-57a2d4851a1d" /><TestEntry testId="8ec5676e-d383-4578-84cb-b88eb37a9ba7" executionId="0d496cc8-790f-4ed6-8301-8786dc86eafa" testListId="8c84fa94-04c1-424b-9868-57a2d4851a1d" /><TestEntry testId="bb49b804-6f42-4419-a776-0d9ae78267a1" executionId="e214e40a-6632-4e72-a98d-9b32974d3701" testListId="8c84fa94-04c1-424b-9868-57a2d4851a1d" /><TestEntry testId="8073f9ed-5579-4a87-b9cc-37d3d0e3fbe0" executionId="de91d41f-dba0-4b69-b800-fb97810c1422" testListId="8c84fa94-04c1-424b-9868-57a2d4851a1d" /><TestEntry testId="830b183a-6300-40b2-bb15-ca71833272fa" executionId="418a2524-07d4-49c4-af22-c63e683e776b" testListId="8c84fa94-04c1-424b-9868-57a2d4851a1d" /><TestEntry testId="10c31b90-9a96-49fd-b645-16e658066d33" executionId="13ba9131-8191-4306-a439-9be1243e7a25" testListId="8c84fa94-04c1-424b-9868-57a2d4851a1d" /><TestEntry testId="98bc2171-5388-4d0c-ac7d-b3b5686efa82" executionId="88f5aa83-daf2-4bd5-8f5c-360d66a8d036" testListId="8c84fa94-04c1-424b-9868-57a2d4851a1d" /><TestEntry testId="59b559bb-23cc-4325-a9f2-6c8f9a830463" executionId="ed2c4c36-b6ec-4eba-9700-d79e60ba36d9" testListId="8c84fa94-04c1-424b-9868-57a2d4851a1d" /><TestEntry testId="7f014389-5461-4bf0-8bc3-b62921c7b2ae" executionId="0408b22b-9eab-4650-a33f-2b674b0aab96" testListId="8c84fa94-04c1-424b-9868-57a2d4851a1d" /><TestEntry testId="bdbf4aa1-6632-4d22-85a6-810019de55ca" executionId="acd4a821-6bdb-4351-aa55-de795546ac4f" testListId="8c84fa94-04c1-424b-9868-57a2d4851a1d" /><TestEntry testId="29d46a29-2c37-40a1-9dd2-806d09b2b183" executionId="db898d0e-bc44-42ed-9906-5b29cf8c6fb7" testListId="8c84fa94-04c1-424b-9868-57a2d4851a1d" /><TestEntry testId="3e4e5e01-b502-4a80-bc33-0d364a009c7e" executionId="e926115b-5ea1-41ba-9884-e7eff5205521" testListId="8c84fa94-04c1-424b-9868-57a2d4851a1d" /><TestEntry testId="3939f606-1980-471f-9800-fe0ebb6053ad" executionId="2eb1a9b7-3dec-48fc-8406-8a390c838dcb" testListId="8c84fa94-04c1-424b-9868-57a2d4851a1d" /><TestEntry testId="bfc6c246-4ad3-4adf-9d76-8d5377a78f13" executionId="641af500-d2e3-4123-a6cf-d0d182a99d4c" testListId="8c84fa94-04c1-424b-9868-57a2d4851a1d" /><TestEntry testId="3890e2ee-947f-411b-b36f-8dca37c1042c" executionId="d61a009c-f57e-4a91-bd82-3eb4b5b4074a" testListId="8c84fa94-04c1-424b-9868-57a2d4851a1d" /><TestEntry testId="fd86eb34-1993-40bc-b1c9-05558d98c48c" executionId="03e10b2b-109f-47bc-b3f8-f11004d35f18" testListId="8c84fa94-04c1-424b-9868-57a2d4851a1d" /><TestEntry testId="f0daf3aa-162b-4cbf-be7f-a887d54195db" executionId="96123aba-69c5-4cca-94ca-61ecf7da55a4" testListId="8c84fa94-04c1-424b-9868-57a2d4851a1d" /><TestEntry testId="d2bf7254-b0a5-459a-8454-1eeccef4c8c2" executionId="15f7ce1e-e4e2-4d03-aa00-b4d0569273af" testListId="8c84fa94-04c1-424b-9868-57a2d4851a1d" /><TestEntry testId="09756f76-13f0-4bdc-bf21-ef73f8183101" executionId="c343ca6b-7b64-4462-a7a4-aebc5b507d7f" testListId="8c84fa94-04c1-424b-9868-57a2d4851a1d" /><TestEntry testId="341542d1-ced3-4a0e-b94b-38fd7a1262c6" executionId="8c0e019f-aa61-4e45-82d1-0a54cca0ad2a" testListId="8c84fa94-04c1-424b-9868-57a2d4851a1d" /><TestEntry testId="93ceb9c8-97bf-4b13-8e65-4af698750dd0" executionId="cd8ff3df-569d-47bd-b6a6-82731bf62b2b" testListId="8c84fa94-04c1-424b-9868-57a2d4851a1d" /><TestEntry testId="e0f59527-4a97-451f-9ca6-9a21e3d7bd02" executionId="4148d0fa-e70d-4f33-91ab-b93610b29404" testListId="8c84fa94-04c1-424b-9868-57a2d4851a1d" /><TestEntry testId="53db5a9d-d451-4e0e-bd73-7d8ed9b02d6b" executionId="382058f5-22ac-4508-9ef8-7dcf6318931a" testListId="8c84fa94-04c1-424b-9868-57a2d4851a1d" /><TestEntry testId="efb5f1ee-be02-40b4-a105-9445d3a91c2a" executionId="df42b826-016c-477f-9f03-d55e742fa3c4" testListId="8c84fa94-04c1-424b-9868-57a2d4851a1d" /><TestEntry testId="d3e10b81-b571-47c1-ba2c-086f76a5a43a" executionId="8ac5b2c8-104c-433d-aaa3-e9be5ace3b10" testListId="8c84fa94-04c1-424b-9868-57a2d4851a1d" /><TestEntry testId="fe6abade-e39f-4bad-b52a-16bd58391401" executionId="2de88d47-da49-4af8-9682-a96ffc6bb2b0" testListId="8c84fa94-04c1-424b-9868-57a2d4851a1d" /><TestEntry testId="767d1da1-9602-4c47-8657-569efdce2562" executionId="d85c7610-de04-469c-adc1-b16278abb510" testListId="8c84fa94-04c1-424b-9868-57a2d4851a1d" /><TestEntry testId="b8541640-c976-41a0-ae42-1fda35d272eb" executionId="33141ce5-be65-4668-a604-db3277a79fb9" testListId="8c84fa94-04c1-424b-9868-57a2d4851a1d" /><TestEntry testId="1f5bf1ba-598e-483a-8db2-03808f7a9ded" executionId="2017df26-779f-491b-9d31-017caa59f76f" testListId="8c84fa94-04c1-424b-9868-57a2d4851a1d" /><TestEntry testId="028a9ba1-d47d-4548-93c5-9b5a9eaad5c0" executionId="b1aceaa0-7ddc-4ad8-a930-655728f9a7d4" testListId="8c84fa94-04c1-424b-9868-57a2d4851a1d" /><TestEntry testId="66787e8b-ed17-4bc1-b17a-60223f598cf2" executionId="75d08c03-1324-4d65-a3f4-b4e3632d7af9" testListId="8c84fa94-04c1-424b-9868-57a2d4851a1d" /><TestEntry testId="b5ccf07b-d0e7-4bd9-82cb-ef6f667bcbe4" executionId="75cee2ce-1095-4877-9ed3-6fb35767307e" testListId="8c84fa94-04c1-424b-9868-57a2d4851a1d" /><TestEntry testId="a44c0bb8-88bd-42bd-8c30-3c2c29d1d191" executionId="bbc851c1-46fa-49cb-a65c-e504ecc84543" testListId="8c84fa94-04c1-424b-9868-57a2d4851a1d" /><TestEntry testId="5ff06ce6-a7b6-4162-aef8-1f28dbacf9b1" executionId="fa061152-8fcf-42f2-bc3a-928afcb53c6b" testListId="8c84fa94-04c1-424b-9868-57a2d4851a1d" /><TestEntry testId="f9209855-f1aa-416e-ad72-41e09a04e9db" executionId="6d569bef-55e6-458e-a398-a903f5059754" testListId="8c84fa94-04c1-424b-9868-57a2d4851a1d" /><TestEntry testId="94941446-687e-4092-be44-d613b836811e" executionId="f396ef43-ed84-4d8e-923d-f7f42e737abb" testListId="8c84fa94-04c1-424b-9868-57a2d4851a1d" /><TestEntry testId="7a6d09eb-74e5-4ea5-800e-5b72f93e5fe5" executionId="892181b6-22a8-466f-be92-4a368acf84cf" testListId="8c84fa94-04c1-424b-9868-57a2d4851a1d" /><TestEntry testId="a05f53b7-fc62-4c9c-a360-deaf313ec34e" executionId="eb245f3f-37f0-4659-800a-451a671ee9a1" testListId="8c84fa94-04c1-424b-9868-57a2d4851a1d" /><TestEntry testId="886eadb5-ee03-4b6b-be02-f8f2ef172b54" executionId="991ef792-7685-42e6-bc3f-c3c5ee9c8ed5" testListId="8c84fa94-04c1-424b-9868-57a2d4851a1d" /><TestEntry testId="6500e65a-0bdf-4886-9633-dd20a9570619" executionId="85c10c3f-c80d-4ecb-b917-f850174da34e" testListId="8c84fa94-04c1-424b-9868-57a2d4851a1d" /><TestEntry testId="9617868c-81c5-482d-b603-5c84c113769f" executionId="2d9f0cb9-a316-46aa-ac62-f84b93cd457d" testListId="8c84fa94-04c1-424b-9868-57a2d4851a1d" /><TestEntry testId="759b1182-64be-4a6e-8e7a-8c1e8fb9225d" executionId="e9ac85f4-294b-49b4-b7b3-e5fb3095d903" testListId="8c84fa94-04c1-424b-9868-57a2d4851a1d" /><TestEntry testId="825989dd-28a9-40dc-9600-fde2c4da2684" executionId="fedf1254-7ec0-4aee-b42a-33bd463010d2" testListId="8c84fa94-04c1-424b-9868-57a2d4851a1d" /><TestEntry testId="10d9e93c-3db2-469d-bd29-5d06836ab585" executionId="b20f198d-6658-4af6-bbe2-4692437289f2" testListId="8c84fa94-04c1-424b-9868-57a2d4851a1d" /><TestEntry testId="776e0bc6-272c-4aa6-ad5c-58bc48d945a7" executionId="36698ceb-7e08-40a9-b105-42c508e690aa" testListId="8c84fa94-04c1-424b-9868-57a2d4851a1d" /><TestEntry testId="17adb471-f7c6-4133-a3a9-4b34eb06dfa8" executionId="97f4e457-97d6-4530-97f0-944f38aeffd3" testListId="8c84fa94-04c1-424b-9868-57a2d4851a1d" /><TestEntry testId="6f1e5770-2f82-4fa4-a96f-c20c457a3e73" executionId="0083b38c-7e48-4e8a-b9b3-f993f78c2e28" testListId="8c84fa94-04c1-424b-9868-57a2d4851a1d" /><TestEntry testId="2668663d-705a-4ea2-9926-7e5fd36ab3f9" executionId="61768e3e-f050-4174-a087-9478648a0e53" testListId="8c84fa94-04c1-424b-9868-57a2d4851a1d" /><TestEntry testId="6f12d01c-34a0-4a5b-9553-a4c7e36ec6ad" executionId="cde385f0-0dbd-4d57-8882-12cc27e303db" testListId="8c84fa94-04c1-424b-9868-57a2d4851a1d" /><TestEntry testId="246ddf52-f043-4744-993a-369b1299903f" executionId="d0584213-9bbe-4944-9da4-cbd0f247c5a0" testListId="8c84fa94-04c1-424b-9868-57a2d4851a1d" /><TestEntry testId="de536192-0c46-469c-813f-e8468012298b" executionId="a816a6b4-ccc2-418d-82ad-2a1476090367" testListId="8c84fa94-04c1-424b-9868-57a2d4851a1d" /><TestEntry testId="28bf970f-90a7-41a4-9916-159a94a570e1" executionId="771b4a10-8f79-4969-b98f-344d83079ab5" testListId="8c84fa94-04c1-424b-9868-57a2d4851a1d" /><TestEntry testId="47fa8a7d-3b52-4702-902e-f17c6f7d0caa" executionId="b02fba3f-71ec-43ab-8bc2-3c8f8d0ad4c7" testListId="8c84fa94-04c1-424b-9868-57a2d4851a1d" /><TestEntry testId="e747e2b2-d6af-45b3-85ee-427ae713f778" executionId="a62b1c20-0609-4aae-a8f4-1934b236bd2e" testListId="8c84fa94-04c1-424b-9868-57a2d4851a1d" /><TestEntry testId="91d9e56b-9a16-403f-a64b-f084173a674f" executionId="f6eb5c50-04b1-491e-ae9b-5e007ca8c6ee" testListId="8c84fa94-04c1-424b-9868-57a2d4851a1d" /><TestEntry testId="6ad500f3-ae99-4b8f-9b9e-714d8fdd70c9" executionId="f7893c4f-8c44-4e6a-970b-4e3c2b5a0ba3" testListId="8c84fa94-04c1-424b-9868-57a2d4851a1d" /><TestEntry testId="08fc9c52-f704-4783-bf57-5b8737541cda" executionId="651d41de-c2b3-4b7b-b296-226d8d09c37b" testListId="8c84fa94-04c1-424b-9868-57a2d4851a1d" /><TestEntry testId="f0791888-ea99-425e-9928-6a267d9d1f53" executionId="93998214-2692-44cd-abf1-07e9844342dc" testListId="8c84fa94-04c1-424b-9868-57a2d4851a1d" /><TestEntry testId="a6e880f2-7be0-4e98-8f54-ee97ca0f42ee" executionId="cc7bb1c0-1b58-46de-9df4-2ab862d677cb" testListId="8c84fa94-04c1-424b-9868-57a2d4851a1d" /><TestEntry testId="6a3c9807-46ac-4781-850b-d031a8f27fd0" executionId="bb882da7-40f0-45e7-abda-ad18d6bba42b" testListId="8c84fa94-04c1-424b-9868-57a2d4851a1d" /><TestEntry testId="dd66a106-7943-417b-8c10-816deee7a734" executionId="79d03690-14ba-47f1-bb82-02f9b180c19b" testListId="8c84fa94-04c1-424b-9868-57a2d4851a1d" /><TestEntry testId="fc6f12c5-ed72-4611-a096-55cee3ec8f41" executionId="d7cc2e6d-83c2-4d1d-b704-eae34c3c5ed9" testListId="8c84fa94-04c1-424b-9868-57a2d4851a1d" /><TestEntry testId="64223854-8d5b-443b-90fa-5b2693b759da" executionId="fa0877fd-5a98-4ed5-b106-23ecff48492b" testListId="8c84fa94-04c1-424b-9868-57a2d4851a1d" /><TestEntry testId="5ee144ad-765a-4a42-b129-e37b6e3462e8" executionId="5f4b0f82-e30c-4a28-b8f9-563023b2ad33" testListId="8c84fa94-04c1-424b-9868-57a2d4851a1d" /><TestEntry testId="39e5121f-b9fa-4487-a0c7-153881c363a0" executionId="08952844-394b-4469-8305-c5e5967988d2" testListId="8c84fa94-04c1-424b-9868-57a2d4851a1d" /><TestEntry testId="c3073f03-d2f2-4c54-85ea-c80ddf8730d7" executionId="51623dc0-7086-46b7-961c-a7760f0d5df3" testListId="8c84fa94-04c1-424b-9868-57a2d4851a1d" /><TestEntry testId="27d438c8-d210-4bef-b1ff-17514495ba83" executionId="907dc9c5-e70d-4f67-a240-90f48519d92b" testListId="8c84fa94-04c1-424b-9868-57a2d4851a1d" /><TestEntry testId="3e0b4a0e-e14b-442d-8d01-20110fb5a453" executionId="bfe6fe06-bbbc-4d38-99d6-72303e221702" testListId="8c84fa94-04c1-424b-9868-57a2d4851a1d" /><TestEntry testId="d4077ce3-d32d-490f-a86a-8fd191c2feb7" executionId="b905cb1d-b2cd-4355-9ce9-ad0f5e491ce5" testListId="8c84fa94-04c1-424b-9868-57a2d4851a1d" /><TestEntry testId="5de1dd12-29f6-46ab-ba40-4d965bdb98b5" executionId="75632b8a-a2e3-4440-aff8-4ea12e18f044" testListId="8c84fa94-04c1-424b-9868-57a2d4851a1d" /><TestEntry testId="2b05c1bd-78cc-4da1-b9b2-e2e349e3f4d0" executionId="b3961ae4-e7c1-48f2-ac17-47f20b4d8e1f" testListId="8c84fa94-04c1-424b-9868-57a2d4851a1d" /><TestEntry testId="c717aeb5-906a-4d34-9c03-c93cf59614c4" executionId="427fd5b5-e0f6-4ed8-bac5-52eb2d08e0ac" testListId="8c84fa94-04c1-424b-9868-57a2d4851a1d" /><TestEntry testId="8891a1ac-a981-4a54-9a83-1e73d02f99e7" executionId="2ff32409-6c10-4878-b07a-98fb9b82026a" testListId="8c84fa94-04c1-424b-9868-57a2d4851a1d" /><TestEntry testId="4da6685b-2d21-467b-a5cb-ddb762b496e8" executionId="959dcc91-5490-4a7e-b068-71cce53a3e84" testListId="8c84fa94-04c1-424b-9868-57a2d4851a1d" /><TestEntry testId="eebea13e-93d2-4b8f-9ec8-9278f316b69d" executionId="d27432bb-96b6-4a6a-83cf-fca052d427fc" testListId="8c84fa94-04c1-424b-9868-57a2d4851a1d" /><TestEntry testId="af895924-11d6-4ae5-add9-1e1e8adc3947" executionId="dc3318ef-fa2a-4a52-8b8a-6edc094ea286" testListId="8c84fa94-04c1-424b-9868-57a2d4851a1d" /><TestEntry testId="8adba9fe-f7f1-47fc-ab1f-dc2e55734843" executionId="86e3ff52-94e7-45da-9321-aef1c9c6a993" testListId="8c84fa94-04c1-424b-9868-57a2d4851a1d" /><TestEntry testId="5f61e450-eb2a-471c-9b3b-8d233816ae39" executionId="d282a55c-d2ae-4dc8-99a4-554867f075a5" testListId="8c84fa94-04c1-424b-9868-57a2d4851a1d" /><TestEntry testId="6659cd46-8482-4a10-9800-7b84915f421a" executionId="ad09c4e3-b20a-4984-844a-c0f3b5385aa8" testListId="8c84fa94-04c1-424b-9868-57a2d4851a1d" /><TestEntry testId="c1a88bad-fdf2-458d-b039-8a636be1f221" executionId="a32c8e56-f9ef-4e24-958e-62b6804fbc11" testListId="8c84fa94-04c1-424b-9868-57a2d4851a1d" /><TestEntry testId="b4d55f7f-c230-4e1b-b60f-1a6d01a94a10" executionId="0e9e62b6-8ced-41d2-bfa8-cb07b5f3b4bd" testListId="8c84fa94-04c1-424b-9868-57a2d4851a1d" /><TestEntry testId="dd31f4c9-9d4a-45a3-b863-dea11f60b707" executionId="50b84f04-444e-4ad2-98d3-f6002d5f9ba2" testListId="8c84fa94-04c1-424b-9868-57a2d4851a1d" /><TestEntry testId="22a98eab-3a85-4b66-93bf-da046c3ed30e" executionId="c8324914-d6ef-46f0-a52b-a51cc1a0c245" testListId="8c84fa94-04c1-424b-9868-57a2d4851a1d" /><TestEntry testId="452ad1c7-c507-488e-84bd-3af07b73126a" executionId="b916a5d8-2383-43fb-a923-885d8f0d4379" testListId="8c84fa94-04c1-424b-9868-57a2d4851a1d" /><TestEntry testId="acd900d8-750c-473e-9e67-ca402ded83ac" executionId="85c3c3a0-5e07-4cb4-81d8-b1683239c858" testListId="8c84fa94-04c1-424b-9868-57a2d4851a1d" /><TestEntry testId="f7a54d85-639f-441c-9623-92572b3ee809" executionId="0b17abe8-b96f-40a9-b3f9-24fed5e7c1cb" testListId="8c84fa94-04c1-424b-9868-57a2d4851a1d" /><TestEntry testId="25068e74-fa5b-4fdd-92ac-85f81cbe048c" executionId="dbb7fd58-1dfd-4b07-b45b-7e1f3744f6d2" testListId="8c84fa94-04c1-424b-9868-57a2d4851a1d" /><TestEntry testId="26580d55-166d-4f08-9bf2-8a21c70e099a" executionId="e8d0edb5-2577-4c28-bfbc-9db896e7c839" testListId="8c84fa94-04c1-424b-9868-57a2d4851a1d" /><TestEntry testId="fed0569c-d286-43ab-8b06-f740fc208ff1" executionId="92044950-21f9-41ad-932b-253e2054fdac" testListId="8c84fa94-04c1-424b-9868-57a2d4851a1d" /><TestEntry testId="a6f6ed00-73a9-4337-b838-4d855195d178" executionId="c1c49699-2a1e-475c-9f87-0b563e7e27cd" testListId="8c84fa94-04c1-424b-9868-57a2d4851a1d" /><TestEntry testId="84c02529-1d3d-4ce7-a077-c2c5bd5afc27" executionId="d6d64374-5d0e-4330-a868-58c8d2de0e80" testListId="8c84fa94-04c1-424b-9868-57a2d4851a1d" /><TestEntry testId="38c663cc-08e4-467c-a03f-cb92533fa458" executionId="f6bbf1ac-3d1e-4e0f-8c49-da24aec8bfec" testListId="8c84fa94-04c1-424b-9868-57a2d4851a1d" /><TestEntry testId="0aeb41b1-c37d-4d42-86da-a1d3a2618448" executionId="3933eb76-2a06-483f-b35a-9e7497f7afd5" testListId="8c84fa94-04c1-424b-9868-57a2d4851a1d" /><TestEntry testId="4b0ee9b6-6e5b-4b64-b772-aba295666197" executionId="5f2b936d-576d-40f3-bc47-50c77b4b0dd1" testListId="8c84fa94-04c1-424b-9868-57a2d4851a1d" /><TestEntry testId="b76fad92-209d-420e-ba43-24ee7b008ad0" executionId="b5c37ad3-9c7c-4926-bc7e-4358af2377a4" testListId="8c84fa94-04c1-424b-9868-57a2d4851a1d" /></TestEntries><TestLists><TestList name="Results Not in a List" id="8c84fa94-04c1-424b-9868-57a2d4851a1d" /><TestList name="All Loaded Results" id="19431567-8539-422a-85d7-44ee4e166bda" /></TestLists><ResultSummary outcome="Failed"><Counters total="152" executed="152" passed="147" failed="5" error="0" timeout="0" aborted="0" inconclusive="0" passedButRunAborted="0" notRunnable="0" notExecuted="0" disconnected="0" warning="0" completed="0" inProgress="0" pending="0" /><Output><StdOut>[xUnit.net 00:00:01.0654597]   Discovering: ModelRelief.Test[xUnit.net 00:00:01.1866022]   Discovered:  ModelRelief.Test[xUnit.net 00:00:01.1927159]   Starting:    ModelRelief.Test[xUnit.net 00:00:04.5469001]       Assert.True() Failure[xUnit.net 00:00:04.5469524]       Expected: True[xUnit.net 00:00:04.5469951]       Actual:   False[xUnit.net 00:00:04.5484921]       Stack Trace:[xUnit.net 00:00:04.5503544]         D:\Users\Steve Knipmeyer\Documents\GitHub\ModelRelief\ModelRelief.test\Integration\Base\BaseIntegrationTests.cs(194,0): at ModelRelief.Test.Integration.BaseIntegrationTests`2.&lt;Post_InvalidReferencePropertyReturnsBadRequest&gt;d__7.MoveNext()[xUnit.net 00:00:04.5510383]         --- End of stack trace from previous location where exception was thrown ---[xUnit.net 00:00:04.5510926]            at System.Runtime.ExceptionServices.ExceptionDispatchInfo.Throw()[xUnit.net 00:00:04.5511455]            at System.Runtime.CompilerServices.TaskAwaiter.HandleNonSuccessAndDebuggerNotification(Task task)[xUnit.net 00:00:04.5511822]         --- End of stack trace from previous location where exception was thrown ---[xUnit.net 00:00:04.5512274]            at System.Runtime.ExceptionServices.ExceptionDispatchInfo.Throw()[xUnit.net 00:00:04.5512743]            at System.Runtime.CompilerServices.TaskAwaiter.HandleNonSuccessAndDebuggerNotification(Task task)[xUnit.net 00:00:04.5513078]         --- End of stack trace from previous location where exception was thrown ---[xUnit.net 00:00:04.5513502]            at System.Runtime.ExceptionServices.ExceptionDispatchInfo.Throw()[xUnit.net 00:00:04.5513940]            at System.Runtime.CompilerServices.TaskAwaiter.HandleNonSuccessAndDebuggerNotification(Task task)[xUnit.net 00:00:06.2104506]       Assert.True() Failure[xUnit.net 00:00:06.2104878]       Expected: True[xUnit.net 00:00:06.2105271]       Actual:   False[xUnit.net 00:00:06.2105791]       Stack Trace:[xUnit.net 00:00:06.2106371]         D:\Users\Steve Knipmeyer\Documents\GitHub\ModelRelief\ModelRelief.test\Integration\Base\BaseIntegrationTests.cs(194,0): at ModelRelief.Test.Integration.BaseIntegrationTests`2.&lt;Post_InvalidReferencePropertyReturnsBadRequest&gt;d__7.MoveNext()[xUnit.net 00:00:06.2106752]         --- End of stack trace from previous location where exception was thrown ---[xUnit.net 00:00:06.2107153]            at System.Runtime.ExceptionServices.ExceptionDispatchInfo.Throw()[xUnit.net 00:00:06.2107562]            at System.Runtime.CompilerServices.TaskAwaiter.HandleNonSuccessAndDebuggerNotification(Task task)[xUnit.net 00:00:06.2107897]         --- End of stack trace from previous location where exception was thrown ---[xUnit.net 00:00:06.2108304]            at System.Runtime.ExceptionServices.ExceptionDispatchInfo.Throw()[xUnit.net 00:00:06.2108725]            at System.Runtime.CompilerServices.TaskAwaiter.HandleNonSuccessAndDebuggerNotification(Task task)[xUnit.net 00:00:06.2109069]         --- End of stack trace from previous location where exception was thrown ---[xUnit.net 00:00:06.2109452]            at System.Runtime.ExceptionServices.ExceptionDispatchInfo.Throw()[xUnit.net 00:00:06.2109882]            at System.Runtime.CompilerServices.TaskAwaiter.HandleNonSuccessAndDebuggerNotification(Task task)[xUnit.net 00:00:08.1029759]       Assert.True() Failure[xUnit.net 00:00:08.1030129]       Expected: True[xUnit.net 00:00:08.1030515]       Actual:   False[xUnit.net 00:00:08.1030916]       Stack Trace:[xUnit.net 00:00:08.1031471]         D:\Users\Steve Knipmeyer\Documents\GitHub\ModelRelief\ModelRelief.test\Integration\Base\BaseIntegrationTests.cs(194,0): at ModelRelief.Test.Integration.BaseIntegrationTests`2.&lt;Post_InvalidReferencePropertyReturnsBadRequest&gt;d__7.MoveNext()[xUnit.net 00:00:08.1031866]         --- End of stack trace from previous location where exception was thrown ---[xUnit.net 00:00:08.1032249]            at System.Runtime.ExceptionServices.ExceptionDispatchInfo.Throw()[xUnit.net 00:00:08.1032670]            at System.Runtime.CompilerServices.TaskAwaiter.HandleNonSuccessAndDebuggerNotification(Task task)[xUnit.net 00:00:08.1033014]         --- End of stack trace from previous location where exception was thrown ---[xUnit.net 00:00:08.1033412]            at System.Runtime.ExceptionServices.ExceptionDispatchInfo.Throw()[xUnit.net 00:00:08.1033856]            at System.Runtime.CompilerServices.TaskAwaiter.HandleNonSuccessAndDebuggerNotification(Task task)[xUnit.net 00:00:08.1034183]         --- End of stack trace from previous location where exception was thrown ---[xUnit.net 00:00:08.1034575]            at System.Runtime.ExceptionServices.ExceptionDispatchInfo.Throw()[xUnit.net 00:00:08.1034990]            at System.Runtime.CompilerServices.TaskAwaiter.HandleNonSuccessAndDebuggerNotification(Task task)[xUnit.net 00:00:15.8238069]       Assert.True() Failure[xUnit.net 00:00:15.8238424]       Expected: True[xUnit.net 00:00:15.8238757]       Actual:   False[xUnit.net 00:00:15.8239311]       Stack Trace:[xUnit.net 00:00:15.8240067]         D:\Users\Steve Knipmeyer\Documents\GitHub\ModelRelief\ModelRelief.test\Integration\Base\BaseIntegrationTests.cs(194,0): at ModelRelief.Test.Integration.BaseIntegrationTests`2.&lt;Post_InvalidReferencePropertyReturnsBadRequest&gt;d__7.MoveNext()[xUnit.net 00:00:15.8240616]         --- End of stack trace from previous location where exception was thrown ---[xUnit.net 00:00:15.8242202]            at System.Runtime.ExceptionServices.ExceptionDispatchInfo.Throw()[xUnit.net 00:00:15.8242805]            at System.Runtime.CompilerServices.TaskAwaiter.HandleNonSuccessAndDebuggerNotification(Task task)[xUnit.net 00:00:15.8243197]         --- End of stack trace from previous location where exception was thrown ---[xUnit.net 00:00:15.8243587]            at System.Runtime.ExceptionServices.ExceptionDispatchInfo.Throw()[xUnit.net 00:00:15.8244050]            at System.Runtime.CompilerServices.TaskAwaiter.HandleNonSuccessAndDebuggerNotification(Task task)[xUnit.net 00:00:15.8244513]         --- End of stack trace from previous location where exception was thrown ---[xUnit.net 00:00:15.8244974]            at System.Runtime.ExceptionServices.ExceptionDispatchInfo.Throw()[xUnit.net 00:00:15.8245375]            at System.Runtime.CompilerServices.TaskAwaiter.HandleNonSuccessAndDebuggerNotification(Task task)[xUnit.net 00:00:17.9623617]       Assert.True() Failure[xUnit.net 00:00:17.9623984]       Expected: True[xUnit.net 00:00:17.9624300]       Actual:   False[xUnit.net 00:00:17.9624686]       Stack Trace:[xUnit.net 00:00:17.9625224]         D:\Users\Steve Knipmeyer\Documents\GitHub\ModelRelief\ModelRelief.test\Integration\Base\BaseIntegrationTests.cs(194,0): at ModelRelief.Test.Integration.BaseIntegrationTests`2.&lt;Post_InvalidReferencePropertyReturnsBadRequest&gt;d__7.MoveNext()[xUnit.net 00:00:17.9625633]         --- End of stack trace from previous location where exception was thrown ---[xUnit.net 00:00:17.9626255]            at System.Runtime.ExceptionServices.ExceptionDispatchInfo.Throw()[xUnit.net 00:00:17.9626705]            at System.Runtime.CompilerServices.TaskAwaiter.HandleNonSuccessAndDebuggerNotification(Task task)[xUnit.net 00:00:17.9627097]         --- End of stack trace from previous location where exception was thrown ---[xUnit.net 00:00:17.9627538]            at System.Runtime.ExceptionServices.ExceptionDispatchInfo.Throw()[xUnit.net 00:00:17.9628015]            at System.Runtime.CompilerServices.TaskAwaiter.HandleNonSuccessAndDebuggerNotification(Task task)[xUnit.net 00:00:17.9628371]         --- End of stack trace from previous location where exception was thrown ---[xUnit.net 00:00:17.9628737]            at System.Runtime.ExceptionServices.ExceptionDispatchInfo.Throw()[xUnit.net 00:00:17.9629138]            at System.Runtime.CompilerServices.TaskAwaiter.HandleNonSuccessAndDebuggerNotification(Task task)[xUnit.net 00:00:18.2198267]   Finished:    ModelRelief.Test</StdOut></Output><RunInfos><RunInfo computerName="VECTOR" outcome="Error" timestamp="2018-05-22T05:02:41.1643459-04:00"><Text>[xUnit.net 00:00:04.5455108]     Post_InvalidReferencePropertyReturnsBadRequest [FAIL]</Text></RunInfo><RunInfo computerName="VECTOR" outcome="Error" timestamp="2018-05-22T05:02:42.8290178-04:00"><Text>[xUnit.net 00:00:06.2103318]     Post_InvalidReferencePropertyReturnsBadRequest [FAIL]</Text></RunInfo><RunInfo computerName="VECTOR" outcome="Error" timestamp="2018-05-22T05:02:44.7214948-04:00"><Text>[xUnit.net 00:00:08.1028753]     Post_InvalidReferencePropertyReturnsBadRequest [FAIL]</Text></RunInfo><RunInfo computerName="VECTOR" outcome="Error" timestamp="2018-05-22T05:02:52.4423942-04:00"><Text>[xUnit.net 00:00:15.8236792]     Post_InvalidReferencePropertyReturnsBadRequest [FAIL]</Text></RunInfo><RunInfo computerName="VECTOR" outcome="Error" timestamp="2018-05-22T05:02:54.5809113-04:00"><Text>[xUnit.net 00:00:17.9622352]     Post_InvalidReferencePropertyReturnsBadRequest [FAIL]</Text></RunInfo></RunInfos></ResultSummary></TestRun>