<?xml version="1.0" encoding="utf-8"?><TestRun id="cf49c0eb-e50b-47c1-a2ee-36d8c036dfae" name="Steve Knipmeyer@VECTOR 2018-07-21 12:02:55" runUser="VECTOR\Steve Knipmeyer" xmlns="http://microsoft.com/schemas/VisualStudio/TeamTest/2010"><Times creation="2018-07-21T12:02:55.4472690-04:00" queuing="2018-07-21T12:02:55.4472793-04:00" start="2018-07-21T12:02:51.1380229-04:00" finish="2018-07-21T12:03:11.7066876-04:00" /><TestSettings name="default" id="d30a68c6-3328-461a-8175-3f6eeefe59c5"><Deployment runDeploymentRoot="Steve_Knipmeyer_VECTOR_2018-07-21_12_02_55" /></TestSettings><Results><UnitTestResult executionId="3b6ec5a5-61ec-4b47-886e-50aa7febb686" testId="619641e1-779c-4540-9eac-4cfe0ca1c6c1" testName="GetList_ListReturnsCorrectCount" computerName="VECTOR" duration="00:00:00.0730000" startTime="2018-07-21T12:02:55.9864700-04:00" endTime="2018-07-21T12:02:55.9864766-04:00" testType="13cdc9d9-ddb5-4fa4-a97d-d965ccfc6d4b" outcome="Passed" testListId="8c84fa94-04c1-424b-9868-57a2d4851a1d" relativeResultsDirectory="3b6ec5a5-61ec-4b47-886e-50aa7febb686" /><UnitTestResult executionId="25956dff-f36f-414c-949e-a0199222c3bf" testId="215ce7c9-5bee-4ceb-98a0-13a907c191be" testName="Delete_TargetModelIsDeleted" computerName="VECTOR" duration="00:00:00.0790000" startTime="2018-07-21T12:02:57.4491962-04:00" endTime="2018-07-21T12:02:57.4492021-04:00" testType="13cdc9d9-ddb5-4fa4-a97d-d965ccfc6d4b" outcome="Passed" testListId="8c84fa94-04c1-424b-9868-57a2d4851a1d" relativeResultsDirectory="25956dff-f36f-414c-949e-a0199222c3bf" /><UnitTestResult executionId="381f0831-4a93-40ef-887a-52a50589d962" testId="d17da9db-7c9e-4c14-9c71-002f34dcf31c" testName="Post_InvalidPropertyValueReturnsBadRequest" computerName="VECTOR" duration="00:00:00.0020000" startTime="2018-07-21T12:02:59.7800621-04:00" endTime="2018-07-21T12:02:59.7800669-04:00" testType="13cdc9d9-ddb5-4fa4-a97d-d965ccfc6d4b" outcome="Passed" testListId="8c84fa94-04c1-424b-9868-57a2d4851a1d" relativeResultsDirectory="381f0831-4a93-40ef-887a-52a50589d962" /><UnitTestResult executionId="d18228c3-a341-4d22-bea1-7e205965b169" testId="e1ce465b-7248-4a0c-aa26-20764903abfa" testName="Patch_MultipleInvalidReferencePropertiesReturnsMultipleValidationErrorsAndBadRequest" computerName="VECTOR" duration="00:00:00.0020000" startTime="2018-07-21T12:02:55.9883423-04:00" endTime="2018-07-21T12:02:55.9883451-04:00" testType="13cdc9d9-ddb5-4fa4-a97d-d965ccfc6d4b" outcome="Passed" testListId="8c84fa94-04c1-424b-9868-57a2d4851a1d" relativeResultsDirectory="d18228c3-a341-4d22-bea1-7e205965b169" /><UnitTestResult executionId="1afbbafe-aee9-40e5-951c-3c923e0561d2" testId="6b1a3f1e-b3eb-4919-8330-673e4d1e23b5" testName="Put_CanUpdateModel" computerName="VECTOR" duration="00:00:00.0740000" startTime="2018-07-21T12:02:56.4045459-04:00" endTime="2018-07-21T12:02:56.4045516-04:00" testType="13cdc9d9-ddb5-4fa4-a97d-d965ccfc6d4b" outcome="Passed" testListId="8c84fa94-04c1-424b-9868-57a2d4851a1d" relativeResultsDirectory="1afbbafe-aee9-40e5-951c-3c923e0561d2" /><UnitTestResult executionId="b0f507d0-ff97-42e0-8b54-fe3bbccd3181" testId="5521dea7-8b21-409f-a672-cb310e508775" testName="Post_CanCreateNewModel" computerName="VECTOR" duration="00:00:00.0110000" startTime="2018-07-21T12:02:59.6777972-04:00" endTime="2018-07-21T12:02:59.6778029-04:00" testType="13cdc9d9-ddb5-4fa4-a97d-d965ccfc6d4b" outcome="Passed" testListId="8c84fa94-04c1-424b-9868-57a2d4851a1d" relativeResultsDirectory="b0f507d0-ff97-42e0-8b54-fe3bbccd3181" /><UnitTestResult executionId="d28eaf52-0aac-4a0e-9c85-bafa47bb422c" testId="7edebc29-3690-4b51-82b8-3bfcd1a39e87" testName="PostFile_NewFileCanBePosted" computerName="VECTOR" duration="00:00:00.0540000" startTime="2018-07-21T12:03:11.1684007-04:00" endTime="2018-07-21T12:03:11.1684067-04:00" testType="13cdc9d9-ddb5-4fa4-a97d-d965ccfc6d4b" outcome="Passed" testListId="8c84fa94-04c1-424b-9868-57a2d4851a1d" relativeResultsDirectory="d28eaf52-0aac-4a0e-9c85-bafa47bb422c" /><UnitTestResult executionId="b440b02b-c45d-42aa-96eb-1aa63a034bd7" testId="a21213d1-5b3e-40db-8b96-cce1061be402" testName="FileRequest_MeshGenerateScalesDepthBufferByP1Scale" computerName="VECTOR" duration="00:00:02.8040000" startTime="2018-07-21T12:03:08.7878473-04:00" endTime="2018-07-21T12:03:08.7878533-04:00" testType="13cdc9d9-ddb5-4fa4-a97d-d965ccfc6d4b" outcome="Passed" testListId="8c84fa94-04c1-424b-9868-57a2d4851a1d" relativeResultsDirectory="b440b02b-c45d-42aa-96eb-1aa63a034bd7" /><UnitTestResult executionId="bab3cf88-d613-4959-b7e4-e4cfb4a0f9f5" testId="d6ee43fd-d3a0-49bd-a4c0-d69481131d51" testName="DepthBufferHasExpectedDependentFiles" computerName="VECTOR" duration="00:00:00.0010000" startTime="2018-07-21T12:02:55.0530828-04:00" endTime="2018-07-21T12:02:55.0530851-04:00" testType="13cdc9d9-ddb5-4fa4-a97d-d965ccfc6d4b" outcome="Passed" testListId="8c84fa94-04c1-424b-9868-57a2d4851a1d" relativeResultsDirectory="bab3cf88-d613-4959-b7e4-e4cfb4a0f9f5" /><UnitTestResult executionId="b15e7681-1f46-4bce-b3ac-5c58d0f0e6a5" testId="2622ec0c-da17-4982-a847-4d6a54840a34" testName="Patch_ValidReferencePropertyUpdatesModel" computerName="VECTOR" duration="00:00:00.0350000" startTime="2018-07-21T12:02:56.5011724-04:00" endTime="2018-07-21T12:02:56.5011784-04:00" testType="13cdc9d9-ddb5-4fa4-a97d-d965ccfc6d4b" outcome="Passed" testListId="8c84fa94-04c1-424b-9868-57a2d4851a1d" relativeResultsDirectory="b15e7681-1f46-4bce-b3ac-5c58d0f0e6a5" /><UnitTestResult executionId="53678af6-e6d5-4bf6-a1a0-6f4b0d442c14" testId="c87ea66b-cb47-4680-9c60-2fb604c058d0" testName="FileRequest_FileCanBeReadAfterRename" computerName="VECTOR" duration="00:00:00.0770000" startTime="2018-07-21T12:03:05.9831053-04:00" endTime="2018-07-21T12:03:05.9831112-04:00" testType="13cdc9d9-ddb5-4fa4-a97d-d965ccfc6d4b" outcome="Passed" testListId="8c84fa94-04c1-424b-9868-57a2d4851a1d" relativeResultsDirectory="53678af6-e6d5-4bf6-a1a0-6f4b0d442c14" /><UnitTestResult executionId="51727199-fb28-4764-acac-1cb027e36365" testId="5912d45e-2a84-41b5-8292-0b287fbb9ab6" testName="Patch_ValidReferencePropertyUpdatesModel" computerName="VECTOR" duration="00:00:00.0330000" startTime="2018-07-21T12:02:57.6424005-04:00" endTime="2018-07-21T12:02:57.6424059-04:00" testType="13cdc9d9-ddb5-4fa4-a97d-d965ccfc6d4b" outcome="Passed" testListId="8c84fa94-04c1-424b-9868-57a2d4851a1d" relativeResultsDirectory="51727199-fb28-4764-acac-1cb027e36365" /><UnitTestResult executionId="5d66d03e-c03b-4175-a08b-fa343352d04e" testId="9ae24de5-4fcf-4e1d-80b1-9886498c3d9b" testName="Post_CanCreateNewModel" computerName="VECTOR" duration="00:00:00.0110000" startTime="2018-07-21T12:02:57.4747091-04:00" endTime="2018-07-21T12:02:57.4747151-04:00" testType="13cdc9d9-ddb5-4fa4-a97d-d965ccfc6d4b" outcome="Passed" testListId="8c84fa94-04c1-424b-9868-57a2d4851a1d" relativeResultsDirectory="5d66d03e-c03b-4175-a08b-fa343352d04e" /><UnitTestResult executionId="e8bb66cd-a26a-4013-9789-4eaa22c6071e" testId="3644446c-68d9-46ab-aa0a-a5f7f52efcc8" testName="GetFile_ExistingFileReturnsSuccess" computerName="VECTOR" duration="00:00:00.0340000" startTime="2018-07-21T12:03:09.4128949-04:00" endTime="2018-07-21T12:03:09.4129020-04:00" testType="13cdc9d9-ddb5-4fa4-a97d-d965ccfc6d4b" outcome="Passed" testListId="8c84fa94-04c1-424b-9868-57a2d4851a1d" relativeResultsDirectory="e8bb66cd-a26a-4013-9789-4eaa22c6071e" /><UnitTestResult executionId="13b73fd0-8062-49cc-8508-82c0b03e3623" testId="3eb683bd-3ba4-416b-90c8-2678930b0bd3" testName="Post_ValidReferencePropertyCreatesModel" computerName="VECTOR" duration="00:00:00.0120000" startTime="2018-07-21T12:02:59.7358842-04:00" endTime="2018-07-21T12:02:59.7358902-04:00" testType="13cdc9d9-ddb5-4fa4-a97d-d965ccfc6d4b" outcome="Passed" testListId="8c84fa94-04c1-424b-9868-57a2d4851a1d" relativeResultsDirectory="13b73fd0-8062-49cc-8508-82c0b03e3623" /><UnitTestResult executionId="6ae5cf0a-00f5-4e1b-9c83-35aabaf4e100" testId="070f081b-8c1f-4a24-9ae3-2d343f04df57" testName="GetSingle_InvalidIdPropertyValueReturnsNotFound" computerName="VECTOR" duration="00:00:00.0050000" startTime="2018-07-21T12:02:55.8836852-04:00" endTime="2018-07-21T12:02:55.8836901-04:00" testType="13cdc9d9-ddb5-4fa4-a97d-d965ccfc6d4b" outcome="Passed" testListId="8c84fa94-04c1-424b-9868-57a2d4851a1d" relativeResultsDirectory="6ae5cf0a-00f5-4e1b-9c83-35aabaf4e100" /><UnitTestResult executionId="5f9cc54c-f2c4-41cc-b889-f27ec9212d62" testId="82ad109f-5c16-49e7-9807-88e708e9b2e7" testName="Patch_InvalidPropertyNameReturnsBadRequest" computerName="VECTOR" duration="00:00:00.0040000" startTime="2018-07-21T12:03:08.9220992-04:00" endTime="2018-07-21T12:03:08.9221035-04:00" testType="13cdc9d9-ddb5-4fa4-a97d-d965ccfc6d4b" outcome="Passed" testListId="8c84fa94-04c1-424b-9868-57a2d4851a1d" relativeResultsDirectory="5f9cc54c-f2c4-41cc-b889-f27ec9212d62" /><UnitTestResult executionId="34973e26-6c03-41c9-a84c-84903c1c1a4f" testId="f1006ac0-6764-49c0-b68e-4eded0aa5870" testName="Post_ValidReferencePropertyCreatesModel" computerName="VECTOR" duration="00:00:00.0110000" startTime="2018-07-21T12:02:57.5911532-04:00" endTime="2018-07-21T12:02:57.5911586-04:00" testType="13cdc9d9-ddb5-4fa4-a97d-d965ccfc6d4b" outcome="Passed" testListId="8c84fa94-04c1-424b-9868-57a2d4851a1d" relativeResultsDirectory="34973e26-6c03-41c9-a84c-84903c1c1a4f" /><UnitTestResult executionId="d1204ec3-9606-45f4-990e-dffcfa2e82f2" testId="e64fc1f7-bc3a-438a-b88f-59ed30666276" testName="Patch_InvalidReferencePropertyReturnsBadRequest" computerName="VECTOR" duration="00:00:00.0020000" startTime="2018-07-21T12:02:55.8331555-04:00" endTime="2018-07-21T12:02:55.8331580-04:00" testType="13cdc9d9-ddb5-4fa4-a97d-d965ccfc6d4b" outcome="Passed" testListId="8c84fa94-04c1-424b-9868-57a2d4851a1d" relativeResultsDirectory="d1204ec3-9606-45f4-990e-dffcfa2e82f2" /><UnitTestResult executionId="608a4e38-f831-4607-b636-42cff675aa7a" testId="81e838a3-12fc-4977-bebb-d46214c17449" testName="Put_CanUpdateModel" computerName="VECTOR" duration="00:00:00.0320000" startTime="2018-07-21T12:02:57.7065381-04:00" endTime="2018-07-21T12:02:57.7065444-04:00" testType="13cdc9d9-ddb5-4fa4-a97d-d965ccfc6d4b" outcome="Passed" testListId="8c84fa94-04c1-424b-9868-57a2d4851a1d" relativeResultsDirectory="608a4e38-f831-4607-b636-42cff675aa7a" /><UnitTestResult executionId="26adc5ab-cb7d-4da1-aff9-57606f947a30" testId="5a5b00b3-e645-42de-be4d-4b882e3a76ae" testName="Patch_InvalidEnumPropertyValueReturnsBadRequest" computerName="VECTOR" duration="00:00:00.0050000" startTime="2018-07-21T12:02:56.6139558-04:00" endTime="2018-07-21T12:02:56.6139595-04:00" testType="13cdc9d9-ddb5-4fa4-a97d-d965ccfc6d4b" outcome="Passed" testListId="8c84fa94-04c1-424b-9868-57a2d4851a1d" relativeResultsDirectory="26adc5ab-cb7d-4da1-aff9-57606f947a30" /><UnitTestResult executionId="c503dd50-e123-4c74-8401-0faa009b8056" testId="b6c820d3-a4bb-4504-8fc0-2f1f72d021f9" testName="Patch_InvalidIdPropertyReturnsNotFound" computerName="VECTOR" duration="00:00:00.0050000" startTime="2018-07-21T12:03:11.4523412-04:00" endTime="2018-07-21T12:03:11.4523446-04:00" testType="13cdc9d9-ddb5-4fa4-a97d-d965ccfc6d4b" outcome="Passed" testListId="8c84fa94-04c1-424b-9868-57a2d4851a1d" relativeResultsDirectory="c503dd50-e123-4c74-8401-0faa009b8056" /><UnitTestResult executionId="6dc7c5aa-ec1e-4e97-bafb-4733b9e55118" testId="60b4547a-26e9-40e1-a242-1f7a31ed94f2" testName="Put_ValidReferencePropertyUpdatesModel" computerName="VECTOR" duration="00:00:00.0230000" startTime="2018-07-21T12:02:56.5248000-04:00" endTime="2018-07-21T12:02:56.5248062-04:00" testType="13cdc9d9-ddb5-4fa4-a97d-d965ccfc6d4b" outcome="Passed" testListId="8c84fa94-04c1-424b-9868-57a2d4851a1d" relativeResultsDirectory="6dc7c5aa-ec1e-4e97-bafb-4733b9e55118" /><UnitTestResult executionId="ec2dae13-45fc-437a-a1ee-3b654efe6e7c" testId="63fbb1da-74a1-481a-a8bd-86cecb4e5f72" testName="Patch_InvalidEnumPropertyValueReturnsBadRequest" computerName="VECTOR" duration="00:00:00.0010000" startTime="2018-07-21T12:03:11.3524993-04:00" endTime="2018-07-21T12:03:11.3525004-04:00" testType="13cdc9d9-ddb5-4fa4-a97d-d965ccfc6d4b" outcome="Passed" testListId="8c84fa94-04c1-424b-9868-57a2d4851a1d" relativeResultsDirectory="ec2dae13-45fc-437a-a1ee-3b654efe6e7c" /><UnitTestResult executionId="a68c2e16-147a-44d5-a5ed-3532ffb8610e" testId="63137f4b-046b-4a95-aeda-b74825682700" testName="Patch_InvalidIdPropertyReturnsNotFound" computerName="VECTOR" duration="00:00:00.0040000" startTime="2018-07-21T12:02:59.6982323-04:00" endTime="2018-07-21T12:02:59.6982377-04:00" testType="13cdc9d9-ddb5-4fa4-a97d-d965ccfc6d4b" outcome="Passed" testListId="8c84fa94-04c1-424b-9868-57a2d4851a1d" relativeResultsDirectory="a68c2e16-147a-44d5-a5ed-3532ffb8610e" /><UnitTestResult executionId="11b29572-84dd-40a1-8bb4-a6a682d664d6" testId="30337ee7-a435-480d-94b2-5bb0bd9f84f4" testName="PostFile_NewFileCanBePosted" computerName="VECTOR" duration="00:00:00.0570000" startTime="2018-07-21T12:02:57.1668230-04:00" endTime="2018-07-21T12:02:57.1668275-04:00" testType="13cdc9d9-ddb5-4fa4-a97d-d965ccfc6d4b" outcome="Passed" testListId="8c84fa94-04c1-424b-9868-57a2d4851a1d" relativeResultsDirectory="11b29572-84dd-40a1-8bb4-a6a682d664d6" /><UnitTestResult executionId="1a8cdf50-4bce-4718-b47a-d1adc5cb2b9b" testId="fb9183bf-fff0-45b0-855a-decf215e1ed7" testName="GetFile_ExistingFileReturnsSuccess" computerName="VECTOR" duration="00:00:00.0420000" startTime="2018-07-21T12:03:01.8606205-04:00" endTime="2018-07-21T12:03:01.8606277-04:00" testType="13cdc9d9-ddb5-4fa4-a97d-d965ccfc6d4b" outcome="Passed" testListId="8c84fa94-04c1-424b-9868-57a2d4851a1d" relativeResultsDirectory="1a8cdf50-4bce-4718-b47a-d1adc5cb2b9b" /><UnitTestResult executionId="70fd239a-0575-4555-aa6c-0385f13f14f0" testId="8f1bec08-6e16-4dbb-bc43-6c8af580c0af" testName="Patch_InvalidPropertyNameReturnsBadRequest" computerName="VECTOR" duration="00:00:00.0040000" startTime="2018-07-21T12:02:56.4574187-04:00" endTime="2018-07-21T12:02:56.4574212-04:00" testType="13cdc9d9-ddb5-4fa4-a97d-d965ccfc6d4b" outcome="Passed" testListId="8c84fa94-04c1-424b-9868-57a2d4851a1d" relativeResultsDirectory="70fd239a-0575-4555-aa6c-0385f13f14f0" /><UnitTestResult executionId="2fb5e68b-8a4e-4056-bb29-3654e37322cf" testId="353dd114-5861-4544-82c4-8119e23522fb" testName="GetList_ListReturnsCorrectCount" computerName="VECTOR" duration="00:00:00.0510000" startTime="2018-07-21T12:02:56.6086569-04:00" endTime="2018-07-21T12:02:56.6086631-04:00" testType="13cdc9d9-ddb5-4fa4-a97d-d965ccfc6d4b" outcome="Passed" testListId="8c84fa94-04c1-424b-9868-57a2d4851a1d" relativeResultsDirectory="2fb5e68b-8a4e-4056-bb29-3654e37322cf" /><UnitTestResult executionId="a300e58e-c28d-41ba-bdb2-0cf6f13e2153" testId="504cbbf7-bfd5-415c-b4f6-dabeba9a54a5" testName="Post_ValidReferencePropertyCreatesModel" computerName="VECTOR" duration="00:00:00.0130000" startTime="2018-07-21T12:03:09.3472171-04:00" endTime="2018-07-21T12:03:09.3472230-04:00" testType="13cdc9d9-ddb5-4fa4-a97d-d965ccfc6d4b" outcome="Passed" testListId="8c84fa94-04c1-424b-9868-57a2d4851a1d" relativeResultsDirectory="a300e58e-c28d-41ba-bdb2-0cf6f13e2153" /><UnitTestResult executionId="efcaf7c9-b875-466f-add6-8d004d7e8ea7" testId="c75984ba-505a-4415-8d13-62892398ef8d" testName="Put_ValidReferencePropertyUpdatesModel" computerName="VECTOR" duration="00:00:00.0020000" startTime="2018-07-21T12:02:55.8314938-04:00" endTime="2018-07-21T12:02:55.8314964-04:00" testType="13cdc9d9-ddb5-4fa4-a97d-d965ccfc6d4b" outcome="Passed" testListId="8c84fa94-04c1-424b-9868-57a2d4851a1d" relativeResultsDirectory="efcaf7c9-b875-466f-add6-8d004d7e8ea7" /><UnitTestResult executionId="d08592c2-0ab7-44a7-b43b-48bbd076be35" testId="89390237-2705-4cce-84ea-96c5cc73957b" testName="Patch_InvalidReferencePropertyReturnsBadRequest" computerName="VECTOR" duration="00:00:00.0100000" startTime="2018-07-21T12:02:56.6391219-04:00" endTime="2018-07-21T12:02:56.6391268-04:00" testType="13cdc9d9-ddb5-4fa4-a97d-d965ccfc6d4b" outcome="Passed" testListId="8c84fa94-04c1-424b-9868-57a2d4851a1d" relativeResultsDirectory="d08592c2-0ab7-44a7-b43b-48bbd076be35" /><UnitTestResult executionId="251a6286-4973-42d4-9bc6-79b8f6bcef26" testId="76735442-8832-4dc8-92c6-24512a0a5808" testName="PutFile_NewFileCanBePut" computerName="VECTOR" duration="00:00:00.0890000" startTime="2018-07-21T12:02:59.8800243-04:00" endTime="2018-07-21T12:02:59.8800280-04:00" testType="13cdc9d9-ddb5-4fa4-a97d-d965ccfc6d4b" outcome="Passed" testListId="8c84fa94-04c1-424b-9868-57a2d4851a1d" relativeResultsDirectory="251a6286-4973-42d4-9bc6-79b8f6bcef26" /><UnitTestResult executionId="80bfef85-5bc1-4534-86ae-8548e8711ea0" testId="f0edadbf-74b8-476b-b938-c7be081c5e6b" testName="LucyModel3dHasTwoDependents" computerName="VECTOR" duration="00:00:01.1200000" startTime="2018-07-21T12:02:55.0401286-04:00" endTime="2018-07-21T12:02:55.0401351-04:00" testType="13cdc9d9-ddb5-4fa4-a97d-d965ccfc6d4b" outcome="Passed" testListId="8c84fa94-04c1-424b-9868-57a2d4851a1d" relativeResultsDirectory="80bfef85-5bc1-4534-86ae-8548e8711ea0" /><UnitTestResult executionId="dd5ffb6f-fa1c-4f37-8d05-e29c745a54b8" testId="f9a38066-3673-4cc4-b8a1-c6b5bde281c1" testName="Patch_MultipleInvalidReferencePropertiesReturnsMultipleValidationErrorsAndBadRequest" computerName="VECTOR" duration="00:00:00.0090000" startTime="2018-07-21T12:03:09.2774017-04:00" endTime="2018-07-21T12:03:09.2774054-04:00" testType="13cdc9d9-ddb5-4fa4-a97d-d965ccfc6d4b" outcome="Passed" testListId="8c84fa94-04c1-424b-9868-57a2d4851a1d" relativeResultsDirectory="dd5ffb6f-fa1c-4f37-8d05-e29c745a54b8" /><UnitTestResult executionId="242c01d8-1418-4465-8c4a-a0170cc9198f" testId="a4a52681-7b34-488c-a6b2-f95d6d7a7054" testName="Patch_MultipleInvalidReferencePropertiesReturnsMultipleValidationErrorsAndBadRequest" computerName="VECTOR" duration="00:00:00.0150000" startTime="2018-07-21T12:02:56.5568186-04:00" endTime="2018-07-21T12:02:56.5568246-04:00" testType="13cdc9d9-ddb5-4fa4-a97d-d965ccfc6d4b" outcome="Passed" testListId="8c84fa94-04c1-424b-9868-57a2d4851a1d" relativeResultsDirectory="242c01d8-1418-4465-8c4a-a0170cc9198f" /><UnitTestResult executionId="3d20d02c-1969-4658-a618-8f95da8351bd" testId="20cf6a40-3634-4ebf-90a0-39a1ebffee79" testName="Post_InvalidReferencePropertyReturnsBadRequest" computerName="VECTOR" duration="00:00:00.0040000" startTime="2018-07-21T12:02:57.7197440-04:00" endTime="2018-07-21T12:02:57.7197494-04:00" testType="13cdc9d9-ddb5-4fa4-a97d-d965ccfc6d4b" outcome="Passed" testListId="8c84fa94-04c1-424b-9868-57a2d4851a1d" relativeResultsDirectory="3d20d02c-1969-4658-a618-8f95da8351bd" /><UnitTestResult executionId="c189fed5-5f60-4111-9438-3158f75e5943" testId="a98c733c-88bd-4934-b1ce-51ac6bea969a" testName="Patch_InvalidReferencePropertyReturnsBadRequest" computerName="VECTOR" duration="00:00:00.0080000" startTime="2018-07-21T12:03:11.5107282-04:00" endTime="2018-07-21T12:03:11.5107333-04:00" testType="13cdc9d9-ddb5-4fa4-a97d-d965ccfc6d4b" outcome="Passed" testListId="8c84fa94-04c1-424b-9868-57a2d4851a1d" relativeResultsDirectory="c189fed5-5f60-4111-9438-3158f75e5943" /><UnitTestResult executionId="dfc76305-c0d4-4544-a672-1f33899e1a93" testId="77fd3a3f-fe7f-4680-a7f1-8b399a9faedd" testName="Patch_InvalidReferencePropertyReturnsBadRequest" computerName="VECTOR" duration="00:00:00.0080000" startTime="2018-07-21T12:02:57.4826360-04:00" endTime="2018-07-21T12:02:57.4826411-04:00" testType="13cdc9d9-ddb5-4fa4-a97d-d965ccfc6d4b" outcome="Passed" testListId="8c84fa94-04c1-424b-9868-57a2d4851a1d" relativeResultsDirectory="dfc76305-c0d4-4544-a672-1f33899e1a93" /><UnitTestResult executionId="132a174b-1ff1-4d95-81f1-59227a59efb2" testId="bd357889-708c-4958-9ae0-2d99d8aa81ea" testName="Model3dHasExpectedDependentFiles" computerName="VECTOR" duration="00:00:00.0290000" startTime="2018-07-21T12:02:53.9216945-04:00" endTime="2018-07-21T12:02:53.9217008-04:00" testType="13cdc9d9-ddb5-4fa4-a97d-d965ccfc6d4b" outcome="Passed" testListId="8c84fa94-04c1-424b-9868-57a2d4851a1d" relativeResultsDirectory="132a174b-1ff1-4d95-81f1-59227a59efb2" /><UnitTestResult executionId="c236eb8c-0a33-4e85-a8cb-8b10089687db" testId="83084f06-2e39-4666-8bd7-560db683bda8" testName="Patch_TargetPropertyIsUpdated" computerName="VECTOR" duration="00:00:00.0310000" startTime="2018-07-21T12:02:57.6739904-04:00" endTime="2018-07-21T12:02:57.6739967-04:00" testType="13cdc9d9-ddb5-4fa4-a97d-d965ccfc6d4b" outcome="Passed" testListId="8c84fa94-04c1-424b-9868-57a2d4851a1d" relativeResultsDirectory="c236eb8c-0a33-4e85-a8cb-8b10089687db" /><UnitTestResult executionId="30be1b22-01f3-45e0-9787-f4a824d41c7d" testId="21a026e2-8602-48f9-9488-12ef4f007dff" testName="GetFile_NonExistentFileReturnsNotFound" computerName="VECTOR" duration="00:00:00.0050000" startTime="2018-07-21T12:02:57.2379123-04:00" endTime="2018-07-21T12:02:57.2379157-04:00" testType="13cdc9d9-ddb5-4fa4-a97d-d965ccfc6d4b" outcome="Passed" testListId="8c84fa94-04c1-424b-9868-57a2d4851a1d" relativeResultsDirectory="30be1b22-01f3-45e0-9787-f4a824d41c7d" /><UnitTestResult executionId="9805cdaa-b127-4704-9959-47865e7d1021" testId="ffeec239-eb22-4776-81a5-bd9dc31390b7" testName="PostFile_FileTimeStampIsUpdatedAfterFileIsPosted" computerName="VECTOR" duration="00:00:00.0010000" startTime="2018-07-21T12:02:56.6680155-04:00" endTime="2018-07-21T12:02:56.6680183-04:00" testType="13cdc9d9-ddb5-4fa4-a97d-d965ccfc6d4b" outcome="Passed" testListId="8c84fa94-04c1-424b-9868-57a2d4851a1d" relativeResultsDirectory="9805cdaa-b127-4704-9959-47865e7d1021" /><UnitTestResult executionId="03964ce7-1a90-4060-9b9e-eb1064c2de4c" testId="fa99ced0-70ae-4eca-a966-ae5e071a2234" testName="Post_InvalidReferencePropertyReturnsBadRequest" computerName="VECTOR" duration="00:00:00.0040000" startTime="2018-07-21T12:03:09.2820020-04:00" endTime="2018-07-21T12:03:09.2820063-04:00" testType="13cdc9d9-ddb5-4fa4-a97d-d965ccfc6d4b" outcome="Passed" testListId="8c84fa94-04c1-424b-9868-57a2d4851a1d" relativeResultsDirectory="03964ce7-1a90-4060-9b9e-eb1064c2de4c" /><UnitTestResult executionId="fb9d3d9d-c81b-478c-92e7-0b18815da51f" testId="f4f462cd-ae7e-4138-8fe8-c8dafeb6f9a1" testName="Put_InvalidIdReturnsNotFound" computerName="VECTOR" duration="00:00:00.0270000" startTime="2018-07-21T12:02:55.8704008-04:00" endTime="2018-07-21T12:02:55.8704082-04:00" testType="13cdc9d9-ddb5-4fa4-a97d-d965ccfc6d4b" outcome="Passed" testListId="8c84fa94-04c1-424b-9868-57a2d4851a1d" relativeResultsDirectory="fb9d3d9d-c81b-478c-92e7-0b18815da51f" /><UnitTestResult executionId="72cfe37c-e230-4cb1-a9f9-8300c9660b07" testId="964ad4e7-4db0-47c8-9d21-278151aab772" testName="Put_InvalidReferencePropertyReturndBadRequest" computerName="VECTOR" duration="00:00:00.0020000" startTime="2018-07-21T12:02:55.9899979-04:00" endTime="2018-07-21T12:02:55.9900005-04:00" testType="13cdc9d9-ddb5-4fa4-a97d-d965ccfc6d4b" outcome="Passed" testListId="8c84fa94-04c1-424b-9868-57a2d4851a1d" relativeResultsDirectory="72cfe37c-e230-4cb1-a9f9-8300c9660b07" /><UnitTestResult executionId="0fbcbed8-40c4-4458-ba54-2234cd4ef824" testId="ca527edf-8945-490f-9789-53039b6be81a" testName="GetSingle_ValidIdPropertyValueReturnsCorrectModel" computerName="VECTOR" duration="00:00:00.0060000" startTime="2018-07-21T12:02:56.4661558-04:00" endTime="2018-07-21T12:02:56.4661597-04:00" testType="13cdc9d9-ddb5-4fa4-a97d-d965ccfc6d4b" outcome="Passed" testListId="8c84fa94-04c1-424b-9868-57a2d4851a1d" relativeResultsDirectory="0fbcbed8-40c4-4458-ba54-2234cd4ef824" /><UnitTestResult executionId="38a1feee-6131-48b8-8896-d55316087495" testId="52a87fda-a3da-4f32-b985-fa42ada99871" testName="Delete_TargetModelIsDeleted" computerName="VECTOR" duration="00:00:00.2630000" startTime="2018-07-21T12:02:55.7702757-04:00" endTime="2018-07-21T12:02:55.7702817-04:00" testType="13cdc9d9-ddb5-4fa4-a97d-d965ccfc6d4b" outcome="Passed" testListId="8c84fa94-04c1-424b-9868-57a2d4851a1d" relativeResultsDirectory="38a1feee-6131-48b8-8896-d55316087495" /><UnitTestResult executionId="b03a2186-93e2-4c57-95fd-96b2fe564757" testId="b96c5b94-b7d5-419e-948b-48057da95241" testName="Post_InvalidPropertyValueReturnsBadRequest" computerName="VECTOR" duration="00:00:00.0020000" startTime="2018-07-21T12:02:56.4596707-04:00" endTime="2018-07-21T12:02:56.4596733-04:00" testType="13cdc9d9-ddb5-4fa4-a97d-d965ccfc6d4b" outcome="Passed" testListId="8c84fa94-04c1-424b-9868-57a2d4851a1d" relativeResultsDirectory="b03a2186-93e2-4c57-95fd-96b2fe564757" /><UnitTestResult executionId="3fc71349-2788-47d4-b70c-3aea3b45b250" testId="26ae5b53-f32b-4b09-a9a9-bdfd236dc0b4" testName="Patch_ValidReferencePropertyUpdatesModel" computerName="VECTOR" duration="00:00:00.0420000" startTime="2018-07-21T12:03:11.5019490-04:00" endTime="2018-07-21T12:03:11.5019553-04:00" testType="13cdc9d9-ddb5-4fa4-a97d-d965ccfc6d4b" outcome="Passed" testListId="8c84fa94-04c1-424b-9868-57a2d4851a1d" relativeResultsDirectory="3fc71349-2788-47d4-b70c-3aea3b45b250" /><UnitTestResult executionId="21abc540-3aaa-4d4a-b822-4ea6166dceb0" testId="e7935522-1321-4ec8-b694-faa447aa973b" testName="MeshTransformHasExpectedDependentFiles" computerName="VECTOR" duration="00:00:00.0010000" startTime="2018-07-21T12:02:55.0480110-04:00" endTime="2018-07-21T12:02:55.0480122-04:00" testType="13cdc9d9-ddb5-4fa4-a97d-d965ccfc6d4b" outcome="Passed" testListId="8c84fa94-04c1-424b-9868-57a2d4851a1d" relativeResultsDirectory="21abc540-3aaa-4d4a-b822-4ea6166dceb0" /><UnitTestResult executionId="782787ce-6efa-49ac-8af8-22857356895c" testId="8c0000ae-e355-4808-bd0b-01745cbb76fe" testName="Patch_ValidReferencePropertyUpdatesModel" computerName="VECTOR" duration="00:00:00.0330000" startTime="2018-07-21T12:03:09.3303570-04:00" endTime="2018-07-21T12:03:09.3303632-04:00" testType="13cdc9d9-ddb5-4fa4-a97d-d965ccfc6d4b" outcome="Passed" testListId="8c84fa94-04c1-424b-9868-57a2d4851a1d" relativeResultsDirectory="782787ce-6efa-49ac-8af8-22857356895c" /><UnitTestResult executionId="6b83e5bf-e578-40d8-979b-ba483b402c4e" testId="25dd18cd-5d9a-44fe-9d66-4184e3159ef9" testName="FileRequest_FileCanBeReadAfterRename" computerName="VECTOR" duration="00:00:00.1180000" startTime="2018-07-21T12:03:10.7446622-04:00" endTime="2018-07-21T12:03:10.7446688-04:00" testType="13cdc9d9-ddb5-4fa4-a97d-d965ccfc6d4b" outcome="Passed" testListId="8c84fa94-04c1-424b-9868-57a2d4851a1d" relativeResultsDirectory="6b83e5bf-e578-40d8-979b-ba483b402c4e" /><UnitTestResult executionId="24f6bdf8-eff1-4d47-9c34-a56e7411f525" testId="d2310dc0-fad4-4d05-a191-8b863ad88c8a" testName="Delete_TargetModelIsDeleted" computerName="VECTOR" duration="00:00:00.0140000" startTime="2018-07-21T12:03:09.0680402-04:00" endTime="2018-07-21T12:03:09.0680456-04:00" testType="13cdc9d9-ddb5-4fa4-a97d-d965ccfc6d4b" outcome="Passed" testListId="8c84fa94-04c1-424b-9868-57a2d4851a1d" relativeResultsDirectory="24f6bdf8-eff1-4d47-9c34-a56e7411f525" /><UnitTestResult executionId="f3ff9be1-36d7-43e7-aa10-248ec58e2afe" testId="bfb47008-82c3-4b0e-8874-26f49be731e5" testName="Patch_InvalidPropertyNameReturnsBadRequest" computerName="VECTOR" duration="00:00:00.4410000" startTime="2018-07-21T12:02:55.5038409-04:00" endTime="2018-07-21T12:02:55.5038477-04:00" testType="13cdc9d9-ddb5-4fa4-a97d-d965ccfc6d4b" outcome="Passed" testListId="8c84fa94-04c1-424b-9868-57a2d4851a1d" relativeResultsDirectory="f3ff9be1-36d7-43e7-aa10-248ec58e2afe" /><UnitTestResult executionId="ff040d21-ae58-4088-b579-18bbd168034e" testId="5319583e-d902-46fa-97d1-e7115a8a735e" testName="Patch_InvalidPropertyNameReturnsBadRequest" computerName="VECTOR" duration="00:00:00.0040000" startTime="2018-07-21T12:03:11.4568421-04:00" endTime="2018-07-21T12:03:11.4568450-04:00" testType="13cdc9d9-ddb5-4fa4-a97d-d965ccfc6d4b" outcome="Passed" testListId="8c84fa94-04c1-424b-9868-57a2d4851a1d" relativeResultsDirectory="ff040d21-ae58-4088-b579-18bbd168034e" /><UnitTestResult executionId="e008c4d2-8f18-4484-97ef-a22dca08b3e3" testId="8e4bd716-db4c-4429-973b-17b0fc3e6e0e" testName="Put_InvalidReferencePropertyReturndBadRequest" computerName="VECTOR" duration="00:00:00.1310000" startTime="2018-07-21T12:03:09.0534126-04:00" endTime="2018-07-21T12:03:09.0534183-04:00" testType="13cdc9d9-ddb5-4fa4-a97d-d965ccfc6d4b" outcome="Passed" testListId="8c84fa94-04c1-424b-9868-57a2d4851a1d" relativeResultsDirectory="e008c4d2-8f18-4484-97ef-a22dca08b3e3" /><UnitTestResult executionId="de683ed9-d538-4690-b2a6-36f358acb072" testId="fbd5046b-57ba-4db1-9ef8-5e804c242f77" testName="Delete_TargetModelIsDeleted" computerName="VECTOR" duration="00:00:00.0180000" startTime="2018-07-21T12:02:59.7537773-04:00" endTime="2018-07-21T12:02:59.7537833-04:00" testType="13cdc9d9-ddb5-4fa4-a97d-d965ccfc6d4b" outcome="Passed" testListId="8c84fa94-04c1-424b-9868-57a2d4851a1d" relativeResultsDirectory="de683ed9-d538-4690-b2a6-36f358acb072" /><UnitTestResult executionId="7826f154-e3ed-401a-bba5-223209a33aba" testId="a53e2cb0-bee5-4947-b892-fd30352d08ab" testName="Patch_TargetPropertyIsUpdated" computerName="VECTOR" duration="00:00:00.0590000" startTime="2018-07-21T12:02:55.8292989-04:00" endTime="2018-07-21T12:02:55.8293054-04:00" testType="13cdc9d9-ddb5-4fa4-a97d-d965ccfc6d4b" outcome="Passed" testListId="8c84fa94-04c1-424b-9868-57a2d4851a1d" relativeResultsDirectory="7826f154-e3ed-401a-bba5-223209a33aba" /><UnitTestResult executionId="5c1d1dc3-be5c-4879-b0bf-62ab4838021a" testId="7ac2b767-f65e-42af-b4df-25e35db60e0e" testName="Post_InvalidReferencePropertyReturnsBadRequest" computerName="VECTOR" duration="00:00:00.0010000" startTime="2018-07-21T12:02:55.5069944-04:00" endTime="2018-07-21T12:02:55.5069970-04:00" testType="13cdc9d9-ddb5-4fa4-a97d-d965ccfc6d4b" outcome="Passed" testListId="8c84fa94-04c1-424b-9868-57a2d4851a1d" relativeResultsDirectory="5c1d1dc3-be5c-4879-b0bf-62ab4838021a" /><UnitTestResult executionId="f2d10e79-fbcf-417a-9f58-2d921578c79e" testId="cb8bf1f2-3220-4463-bd34-df0d18b957e6" testName="PutFile_NewFileCanBePut" computerName="VECTOR" duration="00:00:00.0760000" startTime="2018-07-21T12:02:56.7441707-04:00" endTime="2018-07-21T12:02:56.7441750-04:00" testType="13cdc9d9-ddb5-4fa4-a97d-d965ccfc6d4b" outcome="Passed" testListId="8c84fa94-04c1-424b-9868-57a2d4851a1d" relativeResultsDirectory="f2d10e79-fbcf-417a-9f58-2d921578c79e" /><UnitTestResult executionId="8749136e-40e1-456c-ad8a-d0464b79d619" testId="d0baa9f6-8d79-4238-869c-49250cbce67f" testName="GetList_ListReturnsCorrectCount" computerName="VECTOR" duration="00:00:00.0350000" startTime="2018-07-21T12:02:57.5184932-04:00" endTime="2018-07-21T12:02:57.5184997-04:00" testType="13cdc9d9-ddb5-4fa4-a97d-d965ccfc6d4b" outcome="Passed" testListId="8c84fa94-04c1-424b-9868-57a2d4851a1d" relativeResultsDirectory="8749136e-40e1-456c-ad8a-d0464b79d619" /><UnitTestResult executionId="58adad38-1499-4db6-a75d-4dd1d4e4556f" testId="6f2d20cb-a546-46db-9ae0-0d6acd4fd99d" testName="Put_InvalidIdReturnsNotFound" computerName="VECTOR" duration="00:00:00.0080000" startTime="2018-07-21T12:03:09.2948482-04:00" endTime="2018-07-21T12:03:09.2948517-04:00" testType="13cdc9d9-ddb5-4fa4-a97d-d965ccfc6d4b" outcome="Passed" testListId="8c84fa94-04c1-424b-9868-57a2d4851a1d" relativeResultsDirectory="58adad38-1499-4db6-a75d-4dd1d4e4556f" /><UnitTestResult executionId="a1f0ea83-f0d1-4845-8cf0-4b8dfdbc8d67" testId="d511bcdb-a4ee-474d-b453-a5b1fb90a6b9" testName="FileRequest_DepthBufferIsInvalidatedAfterCameraDependencyPropertyChange" computerName="VECTOR" duration="00:00:00.2540000" startTime="2018-07-21T12:03:10.9986016-04:00" endTime="2018-07-21T12:03:10.9986084-04:00" testType="13cdc9d9-ddb5-4fa4-a97d-d965ccfc6d4b" outcome="Passed" testListId="8c84fa94-04c1-424b-9868-57a2d4851a1d" relativeResultsDirectory="a1f0ea83-f0d1-4845-8cf0-4b8dfdbc8d67" /><UnitTestResult executionId="c345b480-92c7-4380-b42e-a28e3672c0c9" testId="21eb1f49-5e09-43a6-9bd6-071d1588a912" testName="Patch_InvalidEnumPropertyValueReturnsBadRequest" computerName="VECTOR" duration="00:00:00.0010000" startTime="2018-07-21T12:02:57.6091293-04:00" endTime="2018-07-21T12:02:57.6091307-04:00" testType="13cdc9d9-ddb5-4fa4-a97d-d965ccfc6d4b" outcome="Passed" testListId="8c84fa94-04c1-424b-9868-57a2d4851a1d" relativeResultsDirectory="c345b480-92c7-4380-b42e-a28e3672c0c9" /><UnitTestResult executionId="8ab169a5-7246-4e0b-8673-25312941b343" testId="ce1e950d-495b-4e76-ac64-76e869f39089" testName="Post_InvalidReferencePropertyReturnsBadRequest" computerName="VECTOR" duration="00:00:00.0650000" startTime="2018-07-21T12:02:56.0703946-04:00" endTime="2018-07-21T12:02:56.0704009-04:00" testType="13cdc9d9-ddb5-4fa4-a97d-d965ccfc6d4b" outcome="Passed" testListId="8c84fa94-04c1-424b-9868-57a2d4851a1d" relativeResultsDirectory="8ab169a5-7246-4e0b-8673-25312941b343" /><UnitTestResult executionId="276e4056-8a8f-4a25-9627-91b93e8308f0" testId="2e43fd44-b81c-4778-b271-13afe5414813" testName="Put_CanUpdateModel" computerName="VECTOR" duration="00:00:00.0290000" startTime="2018-07-21T12:02:55.9130171-04:00" endTime="2018-07-21T12:02:55.9130234-04:00" testType="13cdc9d9-ddb5-4fa4-a97d-d965ccfc6d4b" outcome="Passed" testListId="8c84fa94-04c1-424b-9868-57a2d4851a1d" relativeResultsDirectory="276e4056-8a8f-4a25-9627-91b93e8308f0" /><UnitTestResult executionId="c7806a59-eac4-48ea-8300-3d783eb24cbf" testId="71f86ca3-cace-4913-8488-82bbe6f55cb9" testName="Patch_InvalidReferencePropertyReturnsBadRequest" computerName="VECTOR" duration="00:00:00.0100000" startTime="2018-07-21T12:03:09.2685280-04:00" endTime="2018-07-21T12:03:09.2685354-04:00" testType="13cdc9d9-ddb5-4fa4-a97d-d965ccfc6d4b" outcome="Passed" testListId="8c84fa94-04c1-424b-9868-57a2d4851a1d" relativeResultsDirectory="c7806a59-eac4-48ea-8300-3d783eb24cbf" /><UnitTestResult executionId="f31d6883-53e5-4911-aaa9-cd739f39a147" testId="64bced65-2983-4356-8f02-e60971b0389d" testName="Patch_InvalidEnumPropertyValueReturnsBadRequest" computerName="VECTOR" duration="00:00:00.0170000" startTime="2018-07-21T12:03:08.8061621-04:00" endTime="2018-07-21T12:03:08.8061677-04:00" testType="13cdc9d9-ddb5-4fa4-a97d-d965ccfc6d4b" outcome="Passed" testListId="8c84fa94-04c1-424b-9868-57a2d4851a1d" relativeResultsDirectory="f31d6883-53e5-4911-aaa9-cd739f39a147" /><UnitTestResult executionId="8585af5f-da18-4df8-940d-ceb6a8226c39" testId="98ee7e0d-a58e-459a-9418-c4e05bd16398" testName="PostFile_FileTimeStampIsUpdatedAfterFileIsPosted" computerName="VECTOR" duration="00:00:01.1140000" startTime="2018-07-21T12:03:02.9753305-04:00" endTime="2018-07-21T12:03:02.9753370-04:00" testType="13cdc9d9-ddb5-4fa4-a97d-d965ccfc6d4b" outcome="Passed" testListId="8c84fa94-04c1-424b-9868-57a2d4851a1d" relativeResultsDirectory="8585af5f-da18-4df8-940d-ceb6a8226c39" /><UnitTestResult executionId="5dd40957-0128-421c-b3b8-015ad59c31f0" testId="825341bd-22e0-4bfa-a96c-04ff3ac9114c" testName="Put_ValidReferencePropertyUpdatesModel" computerName="VECTOR" duration="00:00:00.0300000" startTime="2018-07-21T12:02:59.6301768-04:00" endTime="2018-07-21T12:02:59.6301834-04:00" testType="13cdc9d9-ddb5-4fa4-a97d-d965ccfc6d4b" outcome="Passed" testListId="8c84fa94-04c1-424b-9868-57a2d4851a1d" relativeResultsDirectory="5dd40957-0128-421c-b3b8-015ad59c31f0" /><UnitTestResult executionId="d5fe5815-f537-4a66-b42e-c7c6ad399edd" testId="c5e17c64-1a63-44d3-a971-4044b42dc0ed" testName="GetSingle_InvalidIdPropertyValueReturnsNotFound" computerName="VECTOR" duration="00:00:00.0090000" startTime="2018-07-21T12:02:56.4140530-04:00" endTime="2018-07-21T12:02:56.4140562-04:00" testType="13cdc9d9-ddb5-4fa4-a97d-d965ccfc6d4b" outcome="Passed" testListId="8c84fa94-04c1-424b-9868-57a2d4851a1d" relativeResultsDirectory="d5fe5815-f537-4a66-b42e-c7c6ad399edd" /><UnitTestResult executionId="5a0a49b3-b2af-4f78-9b29-fccdcc2295b3" testId="010e0841-a705-4ab8-8e31-ba23abf003b6" testName="GetList_ListReturnsCorrectCount" computerName="VECTOR" duration="00:00:00.0350000" startTime="2018-07-21T12:03:11.3523227-04:00" endTime="2018-07-21T12:03:11.3523296-04:00" testType="13cdc9d9-ddb5-4fa4-a97d-d965ccfc6d4b" outcome="Passed" testListId="8c84fa94-04c1-424b-9868-57a2d4851a1d" relativeResultsDirectory="5a0a49b3-b2af-4f78-9b29-fccdcc2295b3" /><UnitTestResult executionId="ba090ffc-e5ed-48c1-b909-2d8897c6edf3" testId="d52c076a-267c-4271-8b89-bff53ee42143" testName="GetFile_NonExistentFileReturnsNotFound" computerName="VECTOR" duration="00:00:00.0100000" startTime="2018-07-21T12:02:59.7911475-04:00" endTime="2018-07-21T12:02:59.7911529-04:00" testType="13cdc9d9-ddb5-4fa4-a97d-d965ccfc6d4b" outcome="Passed" testListId="8c84fa94-04c1-424b-9868-57a2d4851a1d" relativeResultsDirectory="ba090ffc-e5ed-48c1-b909-2d8897c6edf3" /><UnitTestResult executionId="85f71658-5aaf-4b6b-a29a-71d4c02687cc" testId="2fbbc430-837f-4f8f-aa49-b174b887871d" testName="Patch_InvalidIdPropertyReturnsNotFound" computerName="VECTOR" duration="00:00:00.0060000" startTime="2018-07-21T12:02:55.9965992-04:00" endTime="2018-07-21T12:02:55.9966029-04:00" testType="13cdc9d9-ddb5-4fa4-a97d-d965ccfc6d4b" outcome="Passed" testListId="8c84fa94-04c1-424b-9868-57a2d4851a1d" relativeResultsDirectory="85f71658-5aaf-4b6b-a29a-71d4c02687cc" /><UnitTestResult executionId="4753c7ab-7c6a-46d5-bf04-c7e6285fddfa" testId="cd14ef8c-9002-4035-b0e3-4bd19a605d30" testName="Patch_InvalidIdPropertyReturnsNotFound" computerName="VECTOR" duration="00:00:00.0040000" startTime="2018-07-21T12:02:56.5286690-04:00" endTime="2018-07-21T12:02:56.5286721-04:00" testType="13cdc9d9-ddb5-4fa4-a97d-d965ccfc6d4b" outcome="Passed" testListId="8c84fa94-04c1-424b-9868-57a2d4851a1d" relativeResultsDirectory="4753c7ab-7c6a-46d5-bf04-c7e6285fddfa" /><UnitTestResult executionId="81c18f73-a679-4573-bc13-7af012fa7e1f" testId="c02c84c4-de1f-40f4-980f-9f7fdfab295d" testName="FileRequest_FileCanBeReadAfterRename" computerName="VECTOR" duration="00:00:00.0990000" startTime="2018-07-21T12:02:57.1093960-04:00" endTime="2018-07-21T12:02:57.1094022-04:00" testType="13cdc9d9-ddb5-4fa4-a97d-d965ccfc6d4b" outcome="Passed" testListId="8c84fa94-04c1-424b-9868-57a2d4851a1d" relativeResultsDirectory="81c18f73-a679-4573-bc13-7af012fa7e1f" /><UnitTestResult executionId="beef36f7-16e9-4adc-b2c8-60f0fc9d5ed4" testId="521a104a-9315-4930-8458-3f2f843e2f2b" testName="Patch_InvalidEnumPropertyValueReturnsBadRequest" computerName="VECTOR" duration="00:00:00.0040000" startTime="2018-07-21T12:02:59.6349771-04:00" endTime="2018-07-21T12:02:59.6349808-04:00" testType="13cdc9d9-ddb5-4fa4-a97d-d965ccfc6d4b" outcome="Passed" testListId="8c84fa94-04c1-424b-9868-57a2d4851a1d" relativeResultsDirectory="beef36f7-16e9-4adc-b2c8-60f0fc9d5ed4" /><UnitTestResult executionId="402016ec-679a-4282-a0db-d2eb6ae7be97" testId="07c049cb-8142-4ce4-99ac-c15543137a9a" testName="Post_InvalidPropertyValueReturnsBadRequest" computerName="VECTOR" duration="00:00:00.0020000" startTime="2018-07-21T12:02:57.5795481-04:00" endTime="2018-07-21T12:02:57.5795523-04:00" testType="13cdc9d9-ddb5-4fa4-a97d-d965ccfc6d4b" outcome="Passed" testListId="8c84fa94-04c1-424b-9868-57a2d4851a1d" relativeResultsDirectory="402016ec-679a-4282-a0db-d2eb6ae7be97" /><UnitTestResult executionId="35e3ec82-30bf-4c1f-bd33-6f90bf812576" testId="4ac7ccbb-b400-4867-8643-2aa5545c69f4" testName="Post_CanCreateNewModel" computerName="VECTOR" duration="00:00:00.0090000" startTime="2018-07-21T12:02:55.8426180-04:00" endTime="2018-07-21T12:02:55.8426214-04:00" testType="13cdc9d9-ddb5-4fa4-a97d-d965ccfc6d4b" outcome="Passed" testListId="8c84fa94-04c1-424b-9868-57a2d4851a1d" relativeResultsDirectory="35e3ec82-30bf-4c1f-bd33-6f90bf812576" /><UnitTestResult executionId="ff95a6d2-743c-4c79-bb6e-ae60f983b740" testId="37562ff3-3840-4b11-bb3e-8d4adb2e8323" testName="Put_InvalidReferencePropertyReturndBadRequest" computerName="VECTOR" duration="00:00:00.0100000" startTime="2018-07-21T12:03:11.4176728-04:00" endTime="2018-07-21T12:03:11.4176776-04:00" testType="13cdc9d9-ddb5-4fa4-a97d-d965ccfc6d4b" outcome="Passed" testListId="8c84fa94-04c1-424b-9868-57a2d4851a1d" relativeResultsDirectory="ff95a6d2-743c-4c79-bb6e-ae60f983b740" /><UnitTestResult executionId="e8746acd-cc0b-4a00-904f-477540d3c701" testId="65dfdf97-d145-4299-b2ab-1bdb3e0c3ffb" testName="LucyCameraFindsAllDependents" computerName="VECTOR" duration="00:00:00.0070000" startTime="2018-07-21T12:02:55.0474738-04:00" endTime="2018-07-21T12:02:55.0474772-04:00" testType="13cdc9d9-ddb5-4fa4-a97d-d965ccfc6d4b" outcome="Passed" testListId="8c84fa94-04c1-424b-9868-57a2d4851a1d" relativeResultsDirectory="e8746acd-cc0b-4a00-904f-477540d3c701" /><UnitTestResult executionId="a2c09c64-323b-4897-b305-72d4a60cae40" testId="371802e0-38ab-4a17-bd35-90230becb2df" testName="PutFile_NewFileCanBePut" computerName="VECTOR" duration="00:00:00.0560000" startTime="2018-07-21T12:03:11.0586630-04:00" endTime="2018-07-21T12:03:11.0586692-04:00" testType="13cdc9d9-ddb5-4fa4-a97d-d965ccfc6d4b" outcome="Passed" testListId="8c84fa94-04c1-424b-9868-57a2d4851a1d" relativeResultsDirectory="a2c09c64-323b-4897-b305-72d4a60cae40" /><UnitTestResult executionId="a55205d6-d491-4e65-8c5b-77723955a791" testId="abfd38ce-d8c8-418f-ba3a-04d05bfd9124" testName="FileRequest_MeshGenerateSetsFileIsSynchronized" computerName="VECTOR" duration="00:00:02.7890000" startTime="2018-07-21T12:03:05.8190390-04:00" endTime="2018-07-21T12:03:05.8190452-04:00" testType="13cdc9d9-ddb5-4fa4-a97d-d965ccfc6d4b" outcome="Passed" testListId="8c84fa94-04c1-424b-9868-57a2d4851a1d" relativeResultsDirectory="a55205d6-d491-4e65-8c5b-77723955a791" /><UnitTestResult executionId="e1313b98-0e79-4441-8049-138890a2cda6" testId="2935a2a9-4abf-4167-8eb4-c6cca12305f3" testName="GetSingle_InvalidIdPropertyValueReturnsNotFound" computerName="VECTOR" duration="00:00:00.0040000" startTime="2018-07-21T12:03:11.3566136-04:00" endTime="2018-07-21T12:03:11.3566179-04:00" testType="13cdc9d9-ddb5-4fa4-a97d-d965ccfc6d4b" outcome="Passed" testListId="8c84fa94-04c1-424b-9868-57a2d4851a1d" relativeResultsDirectory="e1313b98-0e79-4441-8049-138890a2cda6" /><UnitTestResult executionId="bfbcd2a7-1bd3-4182-9273-14e55e58811a" testId="d261a27a-cfb5-4a9d-b3b7-6e6f3dd5c700" testName="GetFile_FileCanBeRoundTripped" computerName="VECTOR" duration="00:00:00.1010000" startTime="2018-07-21T12:03:11.2697694-04:00" endTime="2018-07-21T12:03:11.2697754-04:00" testType="13cdc9d9-ddb5-4fa4-a97d-d965ccfc6d4b" outcome="Passed" testListId="8c84fa94-04c1-424b-9868-57a2d4851a1d" relativeResultsDirectory="bfbcd2a7-1bd3-4182-9273-14e55e58811a" /><UnitTestResult executionId="010c981f-d687-4965-a102-14ea22cb97eb" testId="0cf3c0e4-4fd6-4e23-929d-68c3a4bc514d" testName="Patch_TargetPropertyIsUpdated" computerName="VECTOR" duration="00:00:00.0330000" startTime="2018-07-21T12:03:09.1145594-04:00" endTime="2018-07-21T12:03:09.1145653-04:00" testType="13cdc9d9-ddb5-4fa4-a97d-d965ccfc6d4b" outcome="Passed" testListId="8c84fa94-04c1-424b-9868-57a2d4851a1d" relativeResultsDirectory="010c981f-d687-4965-a102-14ea22cb97eb" /><UnitTestResult executionId="cfb3df21-cc6d-410f-824c-6cfe08310251" testId="7c54699f-b96d-45d3-be95-450c304cbe2d" testName="GetSingle_ValidIdPropertyValueReturnsCorrectModel" computerName="VECTOR" duration="00:00:00.0060000" startTime="2018-07-21T12:02:59.7605637-04:00" endTime="2018-07-21T12:02:59.7605688-04:00" testType="13cdc9d9-ddb5-4fa4-a97d-d965ccfc6d4b" outcome="Passed" testListId="8c84fa94-04c1-424b-9868-57a2d4851a1d" relativeResultsDirectory="cfb3df21-cc6d-410f-824c-6cfe08310251" /><UnitTestResult executionId="5a5d9738-2c0f-48d9-ba34-54c53d7b47a7" testId="475d68b2-5d3f-4480-b749-2293f2f670ec" testName="Post_ValidReferencePropertyCreatesModel" computerName="VECTOR" duration="00:00:00.0120000" startTime="2018-07-21T12:02:56.5410163-04:00" endTime="2018-07-21T12:02:56.5410217-04:00" testType="13cdc9d9-ddb5-4fa4-a97d-d965ccfc6d4b" outcome="Passed" testListId="8c84fa94-04c1-424b-9868-57a2d4851a1d" relativeResultsDirectory="5a5d9738-2c0f-48d9-ba34-54c53d7b47a7" /><UnitTestResult executionId="35dde887-fd0c-41d9-a410-94596c57ff66" testId="7697ff1b-cbda-49c5-ae59-f5e90d6d06af" testName="Put_CanUpdateModel" computerName="VECTOR" duration="00:00:00.0300000" startTime="2018-07-21T12:03:09.3778922-04:00" endTime="2018-07-21T12:03:09.3778984-04:00" testType="13cdc9d9-ddb5-4fa4-a97d-d965ccfc6d4b" outcome="Passed" testListId="8c84fa94-04c1-424b-9868-57a2d4851a1d" relativeResultsDirectory="35dde887-fd0c-41d9-a410-94596c57ff66" /><UnitTestResult executionId="4c64b4af-c52c-44e8-a823-590c21dd87e4" testId="fdf4c19a-257c-42ca-9065-bce6e5edc04a" testName="FileRequest_MeshIsInvalidatedAfterDepthBufferFileBecomesUnsynchronized" computerName="VECTOR" duration="00:00:01.7230000" startTime="2018-07-21T12:03:01.6033977-04:00" endTime="2018-07-21T12:03:01.6034039-04:00" testType="13cdc9d9-ddb5-4fa4-a97d-d965ccfc6d4b" outcome="Passed" testListId="8c84fa94-04c1-424b-9868-57a2d4851a1d" relativeResultsDirectory="4c64b4af-c52c-44e8-a823-590c21dd87e4" /><UnitTestResult executionId="27c0baba-520b-4ca1-87c9-89b42f41bad7" testId="f442dd6a-b52a-4938-9627-724cde31141c" testName="Put_ValidReferencePropertyUpdatesModel" computerName="VECTOR" duration="00:00:00.1430000" startTime="2018-07-21T12:03:09.2582559-04:00" endTime="2018-07-21T12:03:09.2582624-04:00" testType="13cdc9d9-ddb5-4fa4-a97d-d965ccfc6d4b" outcome="Passed" testListId="8c84fa94-04c1-424b-9868-57a2d4851a1d" relativeResultsDirectory="27c0baba-520b-4ca1-87c9-89b42f41bad7" /><UnitTestResult executionId="86268f55-fc24-48ea-a348-b23f44c2b260" testId="42e9d380-3c7f-485d-84ad-972e7d8c817f" testName="Patch_InvalidReferencePropertyReturnsBadRequest" computerName="VECTOR" duration="00:00:00.0120000" startTime="2018-07-21T12:02:59.6903077-04:00" endTime="2018-07-21T12:02:59.6903134-04:00" testType="13cdc9d9-ddb5-4fa4-a97d-d965ccfc6d4b" outcome="Passed" testListId="8c84fa94-04c1-424b-9868-57a2d4851a1d" relativeResultsDirectory="86268f55-fc24-48ea-a348-b23f44c2b260" /><UnitTestResult executionId="ab62baf0-f43e-4254-aece-c425602c7807" testId="86c44b28-6c29-497e-8dfb-082b3e57410e" testName="PutFile_FileCanBeUpdated" computerName="VECTOR" duration="00:00:00.1080000" startTime="2018-07-21T12:03:10.6260832-04:00" endTime="2018-07-21T12:03:10.6260883-04:00" testType="13cdc9d9-ddb5-4fa4-a97d-d965ccfc6d4b" outcome="Passed" testListId="8c84fa94-04c1-424b-9868-57a2d4851a1d" relativeResultsDirectory="ab62baf0-f43e-4254-aece-c425602c7807" /><UnitTestResult executionId="ae121092-6526-4b87-803a-51397bb4733b" testId="45191f4d-74b3-4368-a383-aa8a887d597d" testName="PutFile_FileCanBeUpdated" computerName="VECTOR" duration="00:00:00.0990000" startTime="2018-07-21T12:03:01.8181509-04:00" endTime="2018-07-21T12:03:01.8181560-04:00" testType="13cdc9d9-ddb5-4fa4-a97d-d965ccfc6d4b" outcome="Passed" testListId="8c84fa94-04c1-424b-9868-57a2d4851a1d" relativeResultsDirectory="ae121092-6526-4b87-803a-51397bb4733b" /><UnitTestResult executionId="70c31ee6-6c45-4bfd-9e4f-9e5e9fd8fd75" testId="58dd392f-9c08-490a-a038-5cd70b955fc6" testName="Patch_MultipleInvalidReferencePropertiesReturnsMultipleValidationErrorsAndBadRequest" computerName="VECTOR" duration="00:00:00.0140000" startTime="2018-07-21T12:02:57.4636743-04:00" endTime="2018-07-21T12:02:57.4636803-04:00" testType="13cdc9d9-ddb5-4fa4-a97d-d965ccfc6d4b" outcome="Passed" testListId="8c84fa94-04c1-424b-9868-57a2d4851a1d" relativeResultsDirectory="70c31ee6-6c45-4bfd-9e4f-9e5e9fd8fd75" /><UnitTestResult executionId="355034ea-1798-4ce4-8404-dfe99e837cd4" testId="a29f71d5-5131-48ef-8f14-c5ed9b2e9485" testName="Patch_MultipleInvalidReferencePropertiesReturnsMultipleValidationErrorsAndBadRequest" computerName="VECTOR" duration="00:00:00.0170000" startTime="2018-07-21T12:03:11.4474848-04:00" endTime="2018-07-21T12:03:11.4474902-04:00" testType="13cdc9d9-ddb5-4fa4-a97d-d965ccfc6d4b" outcome="Passed" testListId="8c84fa94-04c1-424b-9868-57a2d4851a1d" relativeResultsDirectory="355034ea-1798-4ce4-8404-dfe99e837cd4" /><UnitTestResult executionId="dbdc082d-dfe7-426b-8b3a-9b68a952c353" testId="1660d066-dce4-4e6e-bde0-a2e1d21b370f" testName="Post_ValidReferencePropertyCreatesModel" computerName="VECTOR" duration="00:00:00.0120000" startTime="2018-07-21T12:03:11.4296643-04:00" endTime="2018-07-21T12:03:11.4296688-04:00" testType="13cdc9d9-ddb5-4fa4-a97d-d965ccfc6d4b" outcome="Passed" testListId="8c84fa94-04c1-424b-9868-57a2d4851a1d" relativeResultsDirectory="dbdc082d-dfe7-426b-8b3a-9b68a952c353" /><UnitTestResult executionId="3b4b877b-4c00-42bd-8d8e-aace362ec47a" testId="67e469ca-397c-4a84-979d-aaea32922c2b" testName="Delete_TargetModelIsDeleted" computerName="VECTOR" duration="00:00:00.0120000" startTime="2018-07-21T12:02:56.6515261-04:00" endTime="2018-07-21T12:02:56.6515312-04:00" testType="13cdc9d9-ddb5-4fa4-a97d-d965ccfc6d4b" outcome="Passed" testListId="8c84fa94-04c1-424b-9868-57a2d4851a1d" relativeResultsDirectory="3b4b877b-4c00-42bd-8d8e-aace362ec47a" /><UnitTestResult executionId="b3711f66-46fc-4e6d-90ba-c539ae78ef5e" testId="bf3f46e3-ce17-4491-8bc4-9dd536a7c701" testName="Put_InvalidIdReturnsNotFound" computerName="VECTOR" duration="00:00:00.4770000" startTime="2018-07-21T12:02:58.6351156-04:00" endTime="2018-07-21T12:02:58.6351218-04:00" testType="13cdc9d9-ddb5-4fa4-a97d-d965ccfc6d4b" outcome="Passed" testListId="8c84fa94-04c1-424b-9868-57a2d4851a1d" relativeResultsDirectory="b3711f66-46fc-4e6d-90ba-c539ae78ef5e" /><UnitTestResult executionId="c4446208-4995-436b-9de9-74440919c1a4" testId="1046ac09-08a1-419f-b690-4945659dca41" testName="Post_InvalidPropertyValueReturnsBadRequest" computerName="VECTOR" duration="00:00:00.0070000" startTime="2018-07-21T12:02:56.0040817-04:00" endTime="2018-07-21T12:02:56.0040862-04:00" testType="13cdc9d9-ddb5-4fa4-a97d-d965ccfc6d4b" outcome="Passed" testListId="8c84fa94-04c1-424b-9868-57a2d4851a1d" relativeResultsDirectory="c4446208-4995-436b-9de9-74440919c1a4" /><UnitTestResult executionId="3f4cf809-9779-4b7e-aafb-a83f6c27ba48" testId="eafb70ce-fa7c-40f5-95d9-43cb6e2380db" testName="GetSingle_ValidIdPropertyValueReturnsCorrectModel" computerName="VECTOR" duration="00:00:00.0060000" startTime="2018-07-21T12:02:55.8766413-04:00" endTime="2018-07-21T12:02:55.8766448-04:00" testType="13cdc9d9-ddb5-4fa4-a97d-d965ccfc6d4b" outcome="Passed" testListId="8c84fa94-04c1-424b-9868-57a2d4851a1d" relativeResultsDirectory="3f4cf809-9779-4b7e-aafb-a83f6c27ba48" /><UnitTestResult executionId="360fb9c4-f03d-44f7-877f-bb6cf44057c8" testId="b7721dfc-b355-4908-b4ee-f0e775168a36" testName="LucyDepthBufferFindsOneDependent" computerName="VECTOR" duration="00:00:00.0040000" startTime="2018-07-21T12:02:55.0526951-04:00" endTime="2018-07-21T12:02:55.0526999-04:00" testType="13cdc9d9-ddb5-4fa4-a97d-d965ccfc6d4b" outcome="Passed" testListId="8c84fa94-04c1-424b-9868-57a2d4851a1d" relativeResultsDirectory="360fb9c4-f03d-44f7-877f-bb6cf44057c8" /><UnitTestResult executionId="8e74439c-1c05-4b4d-b68b-3db20893ece5" testId="890cffa4-b901-46ec-8612-09e07e40a85a" testName="Put_InvalidIdReturnsNotFound" computerName="VECTOR" duration="00:00:00.0100000" startTime="2018-07-21T12:03:11.2997379-04:00" endTime="2018-07-21T12:03:11.2997441-04:00" testType="13cdc9d9-ddb5-4fa4-a97d-d965ccfc6d4b" outcome="Passed" testListId="8c84fa94-04c1-424b-9868-57a2d4851a1d" relativeResultsDirectory="8e74439c-1c05-4b4d-b68b-3db20893ece5" /><UnitTestResult executionId="7f560632-3ce9-49bc-ada0-326f393e811c" testId="504c4cc2-cd7c-4ea1-aa36-6472b7f9c0e5" testName="Put_InvalidReferencePropertyReturndBadRequest" computerName="VECTOR" duration="00:00:00.0170000" startTime="2018-07-21T12:02:59.7774985-04:00" endTime="2018-07-21T12:02:59.7775047-04:00" testType="13cdc9d9-ddb5-4fa4-a97d-d965ccfc6d4b" outcome="Passed" testListId="8c84fa94-04c1-424b-9868-57a2d4851a1d" relativeResultsDirectory="7f560632-3ce9-49bc-ada0-326f393e811c" /><UnitTestResult executionId="80bbbe77-e8ba-4a58-9af6-783435a56deb" testId="4badc0fd-6d20-43bc-a695-bdbff5dbc17e" testName="Patch_TargetPropertyIsUpdated" computerName="VECTOR" duration="00:00:00.0310000" startTime="2018-07-21T12:02:59.6666054-04:00" endTime="2018-07-21T12:02:59.6666117-04:00" testType="13cdc9d9-ddb5-4fa4-a97d-d965ccfc6d4b" outcome="Passed" testListId="8c84fa94-04c1-424b-9868-57a2d4851a1d" relativeResultsDirectory="80bbbe77-e8ba-4a58-9af6-783435a56deb" /><UnitTestResult executionId="cbea0ada-5517-46f4-b239-0b187ea857f8" testId="91c5f637-251a-4d7d-ae38-5e9101eef6b3" testName="GetFile_FileCanBeRoundTripped" computerName="VECTOR" duration="00:00:00.1150000" startTime="2018-07-21T12:03:01.7187263-04:00" endTime="2018-07-21T12:03:01.7187308-04:00" testType="13cdc9d9-ddb5-4fa4-a97d-d965ccfc6d4b" outcome="Passed" testListId="8c84fa94-04c1-424b-9868-57a2d4851a1d" relativeResultsDirectory="cbea0ada-5517-46f4-b239-0b187ea857f8" /><UnitTestResult executionId="8fabe3b8-569f-41c3-943c-c75ead43e0a8" testId="217c76f7-c625-470c-ac07-910830cd5721" testName="PostFile_FileIsSynchronizedIsUpdatedAfterFileIsPosted" computerName="VECTOR" duration="00:00:00.0010000" startTime="2018-07-21T12:02:57.2386293-04:00" endTime="2018-07-21T12:02:57.2386324-04:00" testType="13cdc9d9-ddb5-4fa4-a97d-d965ccfc6d4b" outcome="Passed" testListId="8c84fa94-04c1-424b-9868-57a2d4851a1d" relativeResultsDirectory="8fabe3b8-569f-41c3-943c-c75ead43e0a8" /><UnitTestResult executionId="eae9f445-c0ae-4ba5-87e0-6d21b86e99f6" testId="b1f9404c-3b9d-40b5-b483-317972711d65" testName="GetSingle_InvalidIdPropertyValueReturnsNotFound" computerName="VECTOR" duration="00:00:00.0040000" startTime="2018-07-21T12:03:09.3342377-04:00" endTime="2018-07-21T12:03:09.3342431-04:00" testType="13cdc9d9-ddb5-4fa4-a97d-d965ccfc6d4b" outcome="Passed" testListId="8c84fa94-04c1-424b-9868-57a2d4851a1d" relativeResultsDirectory="eae9f445-c0ae-4ba5-87e0-6d21b86e99f6" /><UnitTestResult executionId="9c122039-24f2-405b-9d82-cec2ba4141ad" testId="a003ee68-5bd7-4e69-bd67-6c1fe455cd89" testName="Post_CanCreateNewModel" computerName="VECTOR" duration="00:00:00.0090000" startTime="2018-07-21T12:03:09.0816012-04:00" endTime="2018-07-21T12:03:09.0816054-04:00" testType="13cdc9d9-ddb5-4fa4-a97d-d965ccfc6d4b" outcome="Passed" testListId="8c84fa94-04c1-424b-9868-57a2d4851a1d" relativeResultsDirectory="9c122039-24f2-405b-9d82-cec2ba4141ad" /><UnitTestResult executionId="891e06fe-3ea8-4dda-a576-8f61050f72c9" testId="c3e42041-e457-4964-8900-19634a43d0f5" testName="GetSingle_InvalidIdPropertyValueReturnsNotFound" computerName="VECTOR" duration="00:00:00.0040000" startTime="2018-07-21T12:02:59.7023293-04:00" endTime="2018-07-21T12:02:59.7023333-04:00" testType="13cdc9d9-ddb5-4fa4-a97d-d965ccfc6d4b" outcome="Passed" testListId="8c84fa94-04c1-424b-9868-57a2d4851a1d" relativeResultsDirectory="891e06fe-3ea8-4dda-a576-8f61050f72c9" /><UnitTestResult executionId="0aaaeed1-c35a-4fb7-96e5-af87a91dbb89" testId="6574005e-ced1-4e56-ad0a-6aeaced74fcf" testName="GetFile_FileCanBeRoundTripped" computerName="VECTOR" duration="00:00:00.0650000" startTime="2018-07-21T12:02:57.2327290-04:00" endTime="2018-07-21T12:02:57.2327347-04:00" testType="13cdc9d9-ddb5-4fa4-a97d-d965ccfc6d4b" outcome="Passed" testListId="8c84fa94-04c1-424b-9868-57a2d4851a1d" relativeResultsDirectory="0aaaeed1-c35a-4fb7-96e5-af87a91dbb89" /><UnitTestResult executionId="68899509-afc7-4216-8518-e2c7110ba379" testId="b7522ea1-5998-4d79-9076-5ccdb22409b2" testName="Post_CanCreateNewModel" computerName="VECTOR" duration="00:00:00.0130000" startTime="2018-07-21T12:03:11.2895522-04:00" endTime="2018-07-21T12:03:11.2895584-04:00" testType="13cdc9d9-ddb5-4fa4-a97d-d965ccfc6d4b" outcome="Passed" testListId="8c84fa94-04c1-424b-9868-57a2d4851a1d" relativeResultsDirectory="68899509-afc7-4216-8518-e2c7110ba379" /><UnitTestResult executionId="c688a8fc-1648-4c0e-b7ad-d966529fdfce" testId="a4e86240-95bd-48a4-8e4b-ee069af94dbc" testName="Patch_InvalidPropertyNameReturnsBadRequest" computerName="VECTOR" duration="00:00:00.0230000" startTime="2018-07-21T12:02:57.3696276-04:00" endTime="2018-07-21T12:02:57.3696338-04:00" testType="13cdc9d9-ddb5-4fa4-a97d-d965ccfc6d4b" outcome="Passed" testListId="8c84fa94-04c1-424b-9868-57a2d4851a1d" relativeResultsDirectory="c688a8fc-1648-4c0e-b7ad-d966529fdfce" /><UnitTestResult executionId="fb1aa69b-b6ca-4691-b6e4-06f3df2bbaec" testId="e82b9cff-33d5-44a7-b28b-af7e3d9cb96d" testName="Patch_InvalidEnumPropertyValueReturnsBadRequest" computerName="VECTOR" duration="00:00:00.0010000" startTime="2018-07-21T12:02:55.8781892-04:00" endTime="2018-07-21T12:02:55.8781921-04:00" testType="13cdc9d9-ddb5-4fa4-a97d-d965ccfc6d4b" outcome="Passed" testListId="8c84fa94-04c1-424b-9868-57a2d4851a1d" relativeResultsDirectory="fb1aa69b-b6ca-4691-b6e4-06f3df2bbaec" /><UnitTestResult executionId="9c041632-81bd-4859-a6d6-eeac82a7deda" testId="ec4d6ee0-ac40-4e86-a292-a5707e9f5781" testName="Patch_InvalidPropertyNameReturnsBadRequest" computerName="VECTOR" duration="00:00:00.0040000" startTime="2018-07-21T12:02:59.6943704-04:00" endTime="2018-07-21T12:02:59.6943735-04:00" testType="13cdc9d9-ddb5-4fa4-a97d-d965ccfc6d4b" outcome="Passed" testListId="8c84fa94-04c1-424b-9868-57a2d4851a1d" relativeResultsDirectory="9c041632-81bd-4859-a6d6-eeac82a7deda" /><UnitTestResult executionId="ce407bcd-c41b-4057-b2b2-27936447f351" testId="aa3f758b-bda9-4547-9e60-c0ecfd1a2365" testName="Post_CanCreateNewModel" computerName="VECTOR" duration="00:00:00.0140000" startTime="2018-07-21T12:02:56.6285362-04:00" endTime="2018-07-21T12:02:56.6285422-04:00" testType="13cdc9d9-ddb5-4fa4-a97d-d965ccfc6d4b" outcome="Passed" testListId="8c84fa94-04c1-424b-9868-57a2d4851a1d" relativeResultsDirectory="ce407bcd-c41b-4057-b2b2-27936447f351" /><UnitTestResult executionId="508bea58-f11f-449e-903a-2dc90d8809d3" testId="822bcb2a-a47d-438c-9701-afff83d1c598" testName="CameraHasExpectedDependentFiles" computerName="VECTOR" duration="00:00:00.0010000" startTime="2018-07-21T12:02:55.0477768-04:00" endTime="2018-07-21T12:02:55.0477782-04:00" testType="13cdc9d9-ddb5-4fa4-a97d-d965ccfc6d4b" outcome="Passed" testListId="8c84fa94-04c1-424b-9868-57a2d4851a1d" relativeResultsDirectory="508bea58-f11f-449e-903a-2dc90d8809d3" /><UnitTestResult executionId="cec3f02e-5340-446f-b792-973d33dcb9d7" testId="b5ed59b8-b5d0-4942-9934-a919b48b06c0" testName="Patch_ValidReferencePropertyUpdatesModel" computerName="VECTOR" duration="00:00:00.0050000" startTime="2018-07-21T12:02:55.0624783-04:00" endTime="2018-07-21T12:02:55.0624857-04:00" testType="13cdc9d9-ddb5-4fa4-a97d-d965ccfc6d4b" outcome="Passed" testListId="8c84fa94-04c1-424b-9868-57a2d4851a1d" relativeResultsDirectory="cec3f02e-5340-446f-b792-973d33dcb9d7" /><UnitTestResult executionId="09de9582-dc20-4359-91a6-005a118d9775" testId="e1535dc9-a58c-4483-ae6e-e511613d4d93" testName="PostFile_FileIsSynchronizedIsUpdatedAfterFileIsPosted" computerName="VECTOR" duration="00:00:00.0550000" startTime="2018-07-21T12:03:11.1144477-04:00" endTime="2018-07-21T12:03:11.1144545-04:00" testType="13cdc9d9-ddb5-4fa4-a97d-d965ccfc6d4b" outcome="Passed" testListId="8c84fa94-04c1-424b-9868-57a2d4851a1d" relativeResultsDirectory="09de9582-dc20-4359-91a6-005a118d9775" /><UnitTestResult executionId="4df799e2-a586-4733-b4d4-792271cb95a4" testId="db4d155a-d0dc-424b-b99b-4d10fc8aaf3a" testName="Put_InvalidReferencePropertyReturndBadRequest" computerName="VECTOR" duration="00:00:00.0150000" startTime="2018-07-21T12:02:56.6669099-04:00" endTime="2018-07-21T12:02:56.6669153-04:00" testType="13cdc9d9-ddb5-4fa4-a97d-d965ccfc6d4b" outcome="Passed" testListId="8c84fa94-04c1-424b-9868-57a2d4851a1d" relativeResultsDirectory="4df799e2-a586-4733-b4d4-792271cb95a4" /><UnitTestResult executionId="a8d3e191-ee4d-41eb-9908-fb90116f389d" testId="73776838-8019-46e3-8cf7-f3abfd5b8ae2" testName="Delete_TargetModelIsDeleted" computerName="VECTOR" duration="00:00:00.0170000" startTime="2018-07-21T12:03:11.3172631-04:00" endTime="2018-07-21T12:03:11.3172702-04:00" testType="13cdc9d9-ddb5-4fa4-a97d-d965ccfc6d4b" outcome="Passed" testListId="8c84fa94-04c1-424b-9868-57a2d4851a1d" relativeResultsDirectory="a8d3e191-ee4d-41eb-9908-fb90116f389d" /><UnitTestResult executionId="c6d0e34b-c95f-4f63-bfe3-7eda2137b26e" testId="fc035cec-caa4-4f94-849b-76554e0add68" testName="GetSingle_ValidIdPropertyValueReturnsCorrectModel" computerName="VECTOR" duration="00:00:00.0050000" startTime="2018-07-21T12:03:11.2760938-04:00" endTime="2018-07-21T12:03:11.2760989-04:00" testType="13cdc9d9-ddb5-4fa4-a97d-d965ccfc6d4b" outcome="Passed" testListId="8c84fa94-04c1-424b-9868-57a2d4851a1d" relativeResultsDirectory="c6d0e34b-c95f-4f63-bfe3-7eda2137b26e" /><UnitTestResult executionId="b2edd1fa-7852-4cf7-818f-4fbde972f0d6" testId="3b189f43-a223-46ca-9a91-9cf5d1f76d5a" testName="Patch_MultipleInvalidReferencePropertiesReturnsMultipleValidationErrorsAndBadRequest" computerName="VECTOR" duration="00:00:00.0160000" startTime="2018-07-21T12:02:59.7237685-04:00" endTime="2018-07-21T12:02:59.7237748-04:00" testType="13cdc9d9-ddb5-4fa4-a97d-d965ccfc6d4b" outcome="Passed" testListId="8c84fa94-04c1-424b-9868-57a2d4851a1d" relativeResultsDirectory="b2edd1fa-7852-4cf7-818f-4fbde972f0d6" /><UnitTestResult executionId="1ab03d59-462b-414b-87d8-8dd3d7460505" testId="44a5898d-1f35-432a-aec6-8eaa7d7a79cd" testName="Put_CanUpdateModel" computerName="VECTOR" duration="00:00:00.4130000" startTime="2018-07-21T12:02:59.5998971-04:00" endTime="2018-07-21T12:02:59.5999031-04:00" testType="13cdc9d9-ddb5-4fa4-a97d-d965ccfc6d4b" outcome="Passed" testListId="8c84fa94-04c1-424b-9868-57a2d4851a1d" relativeResultsDirectory="1ab03d59-462b-414b-87d8-8dd3d7460505" /><UnitTestResult executionId="036ac224-1da1-4d7e-8f16-af2077273f4f" testId="43000b83-390a-4d15-b231-6140842ae980" testName="Put_ValidReferencePropertyUpdatesModel" computerName="VECTOR" duration="00:00:00.0580000" startTime="2018-07-21T12:02:57.5769930-04:00" endTime="2018-07-21T12:02:57.5769992-04:00" testType="13cdc9d9-ddb5-4fa4-a97d-d965ccfc6d4b" outcome="Passed" testListId="8c84fa94-04c1-424b-9868-57a2d4851a1d" relativeResultsDirectory="036ac224-1da1-4d7e-8f16-af2077273f4f" /><UnitTestResult executionId="67a418be-17ed-4bd2-9204-3f7ad9607460" testId="348d8cba-4c3b-455e-9a31-8cbd01f36b2d" testName="GetSingle_ValidIdPropertyValueReturnsCorrectModel" computerName="VECTOR" duration="00:00:00.0040000" startTime="2018-07-21T12:02:57.7150312-04:00" endTime="2018-07-21T12:02:57.7150341-04:00" testType="13cdc9d9-ddb5-4fa4-a97d-d965ccfc6d4b" outcome="Passed" testListId="8c84fa94-04c1-424b-9868-57a2d4851a1d" relativeResultsDirectory="67a418be-17ed-4bd2-9204-3f7ad9607460" /><UnitTestResult executionId="bbc0df28-55de-46ca-b6b9-d43dae7ba1b9" testId="28a9f7f2-c66e-4cd7-a541-fa8f559156f1" testName="Put_CanUpdateModel" computerName="VECTOR" duration="00:00:00.0450000" startTime="2018-07-21T12:03:11.4072446-04:00" endTime="2018-07-21T12:03:11.4072514-04:00" testType="13cdc9d9-ddb5-4fa4-a97d-d965ccfc6d4b" outcome="Passed" testListId="8c84fa94-04c1-424b-9868-57a2d4851a1d" relativeResultsDirectory="bbc0df28-55de-46ca-b6b9-d43dae7ba1b9" /><UnitTestResult executionId="91e09373-877d-4653-b67d-fd1aa39fdc50" testId="e6d60694-43e7-47f0-8bb6-0507e94f4df3" testName="GetFile_NonExistentFileReturnsNotFound" computerName="VECTOR" duration="00:00:00.0040000" startTime="2018-07-21T12:03:11.0024974-04:00" endTime="2018-07-21T12:03:11.0025017-04:00" testType="13cdc9d9-ddb5-4fa4-a97d-d965ccfc6d4b" outcome="Passed" testListId="8c84fa94-04c1-424b-9868-57a2d4851a1d" relativeResultsDirectory="91e09373-877d-4653-b67d-fd1aa39fdc50" /><UnitTestResult executionId="9875f107-542b-46f0-8b28-e1a2b5bf5693" testId="7554cc10-9994-4c11-a633-6631dcfe1570" testName="GetSingle_InvalidIdPropertyValueReturnsNotFound" computerName="VECTOR" duration="00:00:00.0040000" startTime="2018-07-21T12:02:57.7103545-04:00" endTime="2018-07-21T12:02:57.7103585-04:00" testType="13cdc9d9-ddb5-4fa4-a97d-d965ccfc6d4b" outcome="Passed" testListId="8c84fa94-04c1-424b-9868-57a2d4851a1d" relativeResultsDirectory="9875f107-542b-46f0-8b28-e1a2b5bf5693" /><UnitTestResult executionId="2aa5f992-dd16-483f-993e-eb9a79c32e05" testId="1a3d6f49-2497-49fd-adfe-743992cb6617" testName="Patch_TargetPropertyIsUpdated" computerName="VECTOR" duration="00:00:00.2600000" startTime="2018-07-21T12:02:56.3305961-04:00" endTime="2018-07-21T12:02:56.3306020-04:00" testType="13cdc9d9-ddb5-4fa4-a97d-d965ccfc6d4b" outcome="Passed" testListId="8c84fa94-04c1-424b-9868-57a2d4851a1d" relativeResultsDirectory="2aa5f992-dd16-483f-993e-eb9a79c32e05" /><UnitTestResult executionId="4f54a085-9bb5-4576-bfa1-f930ecf4fbe3" testId="9a90c048-258c-44da-bc61-bd8ef2b35358" testName="Put_InvalidReferencePropertyReturndBadRequest" computerName="VECTOR" duration="00:00:00.0130000" startTime="2018-07-21T12:02:57.6050224-04:00" endTime="2018-07-21T12:02:57.6050284-04:00" testType="13cdc9d9-ddb5-4fa4-a97d-d965ccfc6d4b" outcome="Passed" testListId="8c84fa94-04c1-424b-9868-57a2d4851a1d" relativeResultsDirectory="4f54a085-9bb5-4576-bfa1-f930ecf4fbe3" /><UnitTestResult executionId="a40431d6-d66e-4cf0-8996-76a934da7f09" testId="c665e948-0334-40ff-ac41-a819061b9233" testName="Post_InvalidReferencePropertyReturnsBadRequest" computerName="VECTOR" duration="00:00:00.0050000" startTime="2018-07-21T12:02:59.7076437-04:00" endTime="2018-07-21T12:02:59.7076474-04:00" testType="13cdc9d9-ddb5-4fa4-a97d-d965ccfc6d4b" outcome="Passed" testListId="8c84fa94-04c1-424b-9868-57a2d4851a1d" relativeResultsDirectory="a40431d6-d66e-4cf0-8996-76a934da7f09" /><UnitTestResult executionId="b8e2e5a2-b3c3-4c32-a42b-fdc3e0e6bf07" testId="2368dd96-b004-4282-b300-2f0f608aa4eb" testName="Patch_TargetPropertyIsUpdated" computerName="VECTOR" duration="00:00:00.0510000" startTime="2018-07-21T12:03:11.6061927-04:00" endTime="2018-07-21T12:03:11.6061987-04:00" testType="13cdc9d9-ddb5-4fa4-a97d-d965ccfc6d4b" outcome="Passed" testListId="8c84fa94-04c1-424b-9868-57a2d4851a1d" relativeResultsDirectory="b8e2e5a2-b3c3-4c32-a42b-fdc3e0e6bf07" /><UnitTestResult executionId="6e08503e-0b0b-4cae-931f-9a589bf45377" testId="59d7ed75-518d-492b-ad0e-09d8e5102618" testName="PostFile_FileTimeStampIsUpdatedAfterFileIsPosted" computerName="VECTOR" duration="00:00:01.1040000" startTime="2018-07-21T12:03:10.5173484-04:00" endTime="2018-07-21T12:03:10.5173530-04:00" testType="13cdc9d9-ddb5-4fa4-a97d-d965ccfc6d4b" outcome="Passed" testListId="8c84fa94-04c1-424b-9868-57a2d4851a1d" relativeResultsDirectory="6e08503e-0b0b-4cae-931f-9a589bf45377" /><UnitTestResult executionId="1b4301e2-03f2-47f7-938f-696a65bdbaab" testId="3276dc30-4534-4964-9f80-de25dd616d8d" testName="GetList_ListReturnsCorrectCount" computerName="VECTOR" duration="00:00:00.4370000" startTime="2018-07-21T12:02:58.1577667-04:00" endTime="2018-07-21T12:02:58.1577729-04:00" testType="13cdc9d9-ddb5-4fa4-a97d-d965ccfc6d4b" outcome="Passed" testListId="8c84fa94-04c1-424b-9868-57a2d4851a1d" relativeResultsDirectory="1b4301e2-03f2-47f7-938f-696a65bdbaab" /><UnitTestResult executionId="4410cad0-d06a-4bbd-a556-a44bfe56f020" testId="f394ddb0-bef1-42ad-b1f5-133e13400890" testName="Post_InvalidReferencePropertyReturnsBadRequest" computerName="VECTOR" duration="00:00:00.0050000" startTime="2018-07-21T12:03:11.3622850-04:00" endTime="2018-07-21T12:03:11.3622895-04:00" testType="13cdc9d9-ddb5-4fa4-a97d-d965ccfc6d4b" outcome="Passed" testListId="8c84fa94-04c1-424b-9868-57a2d4851a1d" relativeResultsDirectory="4410cad0-d06a-4bbd-a556-a44bfe56f020" /><UnitTestResult executionId="47082c78-b837-47ba-baf9-a2edd151979a" testId="74a51d02-71c5-4f4c-adbf-06a1a4b51612" testName="Patch_InvalidIdPropertyReturnsNotFound" computerName="VECTOR" duration="00:00:00.0040000" startTime="2018-07-21T12:02:57.6089695-04:00" endTime="2018-07-21T12:02:57.6089721-04:00" testType="13cdc9d9-ddb5-4fa4-a97d-d965ccfc6d4b" outcome="Passed" testListId="8c84fa94-04c1-424b-9868-57a2d4851a1d" relativeResultsDirectory="47082c78-b837-47ba-baf9-a2edd151979a" /><UnitTestResult executionId="fb13ca20-59b2-4255-81f8-452669a7fcf0" testId="538f84ed-85c3-4217-9b18-b1e5af55ea1f" testName="PostFile_FileIsSynchronizedIsUpdatedAfterFileIsPosted" computerName="VECTOR" duration="00:00:00.0860000" startTime="2018-07-21T12:03:05.9057225-04:00" endTime="2018-07-21T12:03:05.9057282-04:00" testType="13cdc9d9-ddb5-4fa4-a97d-d965ccfc6d4b" outcome="Passed" testListId="8c84fa94-04c1-424b-9868-57a2d4851a1d" relativeResultsDirectory="fb13ca20-59b2-4255-81f8-452669a7fcf0" /><UnitTestResult executionId="a112c86f-f145-457f-8e9e-f62a9739731c" testId="8b2127aa-7fcb-46aa-8e08-11997bf2a66c" testName="Put_InvalidIdReturnsNotFound" computerName="VECTOR" duration="00:00:00.1070000" startTime="2018-07-21T12:02:57.3465996-04:00" endTime="2018-07-21T12:02:57.3466059-04:00" testType="13cdc9d9-ddb5-4fa4-a97d-d965ccfc6d4b" outcome="Passed" testListId="8c84fa94-04c1-424b-9868-57a2d4851a1d" relativeResultsDirectory="a112c86f-f145-457f-8e9e-f62a9739731c" /><UnitTestResult executionId="7c4d2f3b-827e-40ef-8428-2c78b160a5d6" testId="8956e67b-c0ee-4ec9-92ac-69c0bfce63b8" testName="PutFile_FileCanBeUpdated" computerName="VECTOR" duration="00:00:00.1200000" startTime="2018-07-21T12:02:56.8642510-04:00" endTime="2018-07-21T12:02:56.8642570-04:00" testType="13cdc9d9-ddb5-4fa4-a97d-d965ccfc6d4b" outcome="Passed" testListId="8c84fa94-04c1-424b-9868-57a2d4851a1d" relativeResultsDirectory="7c4d2f3b-827e-40ef-8428-2c78b160a5d6" /><UnitTestResult executionId="545d7d57-ed1a-4666-af3f-26ad893efc29" testId="cc826020-f2d9-42da-9558-3db5199e3a5b" testName="GetFile_ExistingFileReturnsSuccess" computerName="VECTOR" duration="00:00:00.1460000" startTime="2018-07-21T12:02:57.0104802-04:00" endTime="2018-07-21T12:02:57.0104879-04:00" testType="13cdc9d9-ddb5-4fa4-a97d-d965ccfc6d4b" outcome="Passed" testListId="8c84fa94-04c1-424b-9868-57a2d4851a1d" relativeResultsDirectory="545d7d57-ed1a-4666-af3f-26ad893efc29" /><UnitTestResult executionId="a788406e-3c7f-4f24-9058-d072b0ac3476" testId="ce534532-87a8-4e9e-8bce-ea47841182c7" testName="Put_ValidReferencePropertyUpdatesModel" computerName="VECTOR" duration="00:00:00.0440000" startTime="2018-07-21T12:03:11.5547226-04:00" endTime="2018-07-21T12:03:11.5547286-04:00" testType="13cdc9d9-ddb5-4fa4-a97d-d965ccfc6d4b" outcome="Passed" testListId="8c84fa94-04c1-424b-9868-57a2d4851a1d" relativeResultsDirectory="a788406e-3c7f-4f24-9058-d072b0ac3476" /><UnitTestResult executionId="aaebf399-1d94-4b11-8288-4a951a7abeb1" testId="e2a1feda-0bc2-45a9-b4a4-98a85f1f177b" testName="Post_InvalidPropertyValueReturnsBadRequest" computerName="VECTOR" duration="00:00:00.0020000" startTime="2018-07-21T12:03:09.2970872-04:00" endTime="2018-07-21T12:03:09.2970892-04:00" testType="13cdc9d9-ddb5-4fa4-a97d-d965ccfc6d4b" outcome="Passed" testListId="8c84fa94-04c1-424b-9868-57a2d4851a1d" relativeResultsDirectory="aaebf399-1d94-4b11-8288-4a951a7abeb1" /><UnitTestResult executionId="5171cda4-dcfa-4965-8ef1-e540adb5408b" testId="ae26cc11-d2c9-4f9c-8b01-9e3f9c689772" testName="Post_InvalidPropertyValueReturnsBadRequest" computerName="VECTOR" duration="00:00:00.0020000" startTime="2018-07-21T12:03:11.4595949-04:00" endTime="2018-07-21T12:03:11.4595974-04:00" testType="13cdc9d9-ddb5-4fa4-a97d-d965ccfc6d4b" outcome="Passed" testListId="8c84fa94-04c1-424b-9868-57a2d4851a1d" relativeResultsDirectory="5171cda4-dcfa-4965-8ef1-e540adb5408b" /><UnitTestResult executionId="cce7f96f-6827-4086-99e6-baa0db54c6d3" testId="85087167-473f-4068-a4a2-4c19e9d73a83" testName="GetSingle_ValidIdPropertyValueReturnsCorrectModel" computerName="VECTOR" duration="00:00:00.0050000" startTime="2018-07-21T12:03:09.2868341-04:00" endTime="2018-07-21T12:03:09.2868384-04:00" testType="13cdc9d9-ddb5-4fa4-a97d-d965ccfc6d4b" outcome="Passed" testListId="8c84fa94-04c1-424b-9868-57a2d4851a1d" relativeResultsDirectory="cce7f96f-6827-4086-99e6-baa0db54c6d3" /><UnitTestResult executionId="aa753da7-6166-4318-8346-20936092aa9f" testId="5096f148-2b6d-40fb-af8a-39df238490c1" testName="GetList_ListReturnsCorrectCount" computerName="VECTOR" duration="00:00:00.1110000" startTime="2018-07-21T12:03:08.9175027-04:00" endTime="2018-07-21T12:03:08.9175087-04:00" testType="13cdc9d9-ddb5-4fa4-a97d-d965ccfc6d4b" outcome="Passed" testListId="8c84fa94-04c1-424b-9868-57a2d4851a1d" relativeResultsDirectory="aa753da7-6166-4318-8346-20936092aa9f" /><UnitTestResult executionId="e54fbcb9-8994-4a2d-91c1-6f5acda3a9a1" testId="4301d150-d88a-4b0b-aa5f-f77b23a593b0" testName="Post_ValidReferencePropertyCreatesModel" computerName="VECTOR" duration="00:00:00.0020000" startTime="2018-07-21T12:02:55.5056893-04:00" endTime="2018-07-21T12:02:55.5056918-04:00" testType="13cdc9d9-ddb5-4fa4-a97d-d965ccfc6d4b" outcome="Passed" testListId="8c84fa94-04c1-424b-9868-57a2d4851a1d" relativeResultsDirectory="e54fbcb9-8994-4a2d-91c1-6f5acda3a9a1" /><UnitTestResult executionId="b2ee518e-6f6d-460c-bf37-236c4de6a701" testId="400bfc53-6c97-4b58-8d2a-ce66d23c86cb" testName="Put_InvalidIdReturnsNotFound" computerName="VECTOR" duration="00:00:00.0390000" startTime="2018-07-21T12:02:56.4535257-04:00" endTime="2018-07-21T12:02:56.4535314-04:00" testType="13cdc9d9-ddb5-4fa4-a97d-d965ccfc6d4b" outcome="Passed" testListId="8c84fa94-04c1-424b-9868-57a2d4851a1d" relativeResultsDirectory="b2ee518e-6f6d-460c-bf37-236c4de6a701" /><UnitTestResult executionId="d0237cd2-2a84-4e92-8524-db4dfc2a9185" testId="b13e4e5e-29c8-4537-8b64-2594615744d6" testName="PostFile_NewFileCanBePosted" computerName="VECTOR" duration="00:00:00.0540000" startTime="2018-07-21T12:03:03.0299351-04:00" endTime="2018-07-21T12:03:03.0299419-04:00" testType="13cdc9d9-ddb5-4fa4-a97d-d965ccfc6d4b" outcome="Passed" testListId="8c84fa94-04c1-424b-9868-57a2d4851a1d" relativeResultsDirectory="d0237cd2-2a84-4e92-8524-db4dfc2a9185" /><UnitTestResult executionId="abdea1b5-b0b8-4cce-8faf-747dc47fb094" testId="bb49e987-9285-4f53-8bd4-2129c27a952b" testName="Patch_ValidReferencePropertyUpdatesModel" computerName="VECTOR" duration="00:00:00.5510000" startTime="2018-07-21T12:02:59.1865800-04:00" endTime="2018-07-21T12:02:59.1865871-04:00" testType="13cdc9d9-ddb5-4fa4-a97d-d965ccfc6d4b" outcome="Passed" testListId="8c84fa94-04c1-424b-9868-57a2d4851a1d" relativeResultsDirectory="abdea1b5-b0b8-4cce-8faf-747dc47fb094" /><UnitTestResult executionId="69ef2c13-0d07-4ec5-a8b0-ed742acbba1e" testId="1ab72ed4-4e6f-4dab-9f9b-8bb32d524491" testName="Patch_InvalidIdPropertyReturnsNotFound" computerName="VECTOR" duration="00:00:00.0030000" startTime="2018-07-21T12:03:09.0717958-04:00" endTime="2018-07-21T12:03:09.0717983-04:00" testType="13cdc9d9-ddb5-4fa4-a97d-d965ccfc6d4b" outcome="Passed" testListId="8c84fa94-04c1-424b-9868-57a2d4851a1d" relativeResultsDirectory="69ef2c13-0d07-4ec5-a8b0-ed742acbba1e" /></Results><TestDefinitions><UnitTest name="Post_InvalidPropertyValueReturnsBadRequest" storage="d:\users\steve knipmeyer\documents\github\modelrelief\modelrelief.test\bin\debug\netcoreapp2.0\modelrelief.test.dll" id="d17da9db-7c9e-4c14-9c71-002f34dcf31c"><Execution id="381f0831-4a93-40ef-887a-52a50589d962" /><TestMethod codeBase="D:\Users\Steve Knipmeyer\Documents\GitHub\ModelRelief\ModelRelief.test\bin\Debug\netcoreapp2.0\ModelRelief.Test.dll" adapterTypeName="executor://xunit/VsTestRunner2/netcoreapp" className="ModelRelief.Test.Integration.Meshes.MeshesBaseIntegrationTests" name="Post_InvalidPropertyValueReturnsBadRequest" /></UnitTest><UnitTest name="Put_InvalidIdReturnsNotFound" storage="d:\users\steve knipmeyer\documents\github\modelrelief\modelrelief.test\bin\debug\netcoreapp2.0\modelrelief.test.dll" id="6f2d20cb-a546-46db-9ae0-0d6acd4fd99d"><Execution id="58adad38-1499-4db6-a75d-4dd1d4e4556f" /><TestMethod codeBase="D:\Users\Steve Knipmeyer\Documents\GitHub\ModelRelief\ModelRelief.test\bin\Debug\netcoreapp2.0\ModelRelief.Test.dll" adapterTypeName="executor://xunit/VsTestRunner2/netcoreapp" className="ModelRelief.Test.Integration.DepthBuffers.DepthBuffersBaseIntegrationTests" name="Put_InvalidIdReturnsNotFound" /></UnitTest><UnitTest name="Post_CanCreateNewModel" storage="d:\users\steve knipmeyer\documents\github\modelrelief\modelrelief.test\bin\debug\netcoreapp2.0\modelrelief.test.dll" id="4ac7ccbb-b400-4867-8643-2aa5545c69f4"><Execution id="35e3ec82-30bf-4c1f-bd33-6f90bf812576" /><TestMethod codeBase="D:\Users\Steve Knipmeyer\Documents\GitHub\ModelRelief\ModelRelief.test\bin\Debug\netcoreapp2.0\ModelRelief.Test.dll" adapterTypeName="executor://xunit/VsTestRunner2/netcoreapp" className="ModelRelief.Test.Integration.Projects.ProjectsBaseIntegrationTests" name="Post_CanCreateNewModel" /></UnitTest><UnitTest name="GetSingle_ValidIdPropertyValueReturnsCorrectModel" storage="d:\users\steve knipmeyer\documents\github\modelrelief\modelrelief.test\bin\debug\netcoreapp2.0\modelrelief.test.dll" id="eafb70ce-fa7c-40f5-95d9-43cb6e2380db"><Execution id="3f4cf809-9779-4b7e-aafb-a83f6c27ba48" /><TestMethod codeBase="D:\Users\Steve Knipmeyer\Documents\GitHub\ModelRelief\ModelRelief.test\bin\Debug\netcoreapp2.0\ModelRelief.Test.dll" adapterTypeName="executor://xunit/VsTestRunner2/netcoreapp" className="ModelRelief.Test.Integration.Projects.ProjectsBaseIntegrationTests" name="GetSingle_ValidIdPropertyValueReturnsCorrectModel" /></UnitTest><UnitTest name="Patch_ValidReferencePropertyUpdatesModel" storage="d:\users\steve knipmeyer\documents\github\modelrelief\modelrelief.test\bin\debug\netcoreapp2.0\modelrelief.test.dll" id="bb49e987-9285-4f53-8bd4-2129c27a952b"><Execution id="abdea1b5-b0b8-4cce-8faf-747dc47fb094" /><TestMethod codeBase="D:\Users\Steve Knipmeyer\Documents\GitHub\ModelRelief\ModelRelief.test\bin\Debug\netcoreapp2.0\ModelRelief.Test.dll" adapterTypeName="executor://xunit/VsTestRunner2/netcoreapp" className="ModelRelief.Test.Integration.Meshes.MeshesBaseIntegrationTests" name="Patch_ValidReferencePropertyUpdatesModel" /></UnitTest><UnitTest name="Put_ValidReferencePropertyUpdatesModel" storage="d:\users\steve knipmeyer\documents\github\modelrelief\modelrelief.test\bin\debug\netcoreapp2.0\modelrelief.test.dll" id="ce534532-87a8-4e9e-8bce-ea47841182c7"><Execution id="a788406e-3c7f-4f24-9058-d072b0ac3476" /><TestMethod codeBase="D:\Users\Steve Knipmeyer\Documents\GitHub\ModelRelief\ModelRelief.test\bin\Debug\netcoreapp2.0\ModelRelief.Test.dll" adapterTypeName="executor://xunit/VsTestRunner2/netcoreapp" className="ModelRelief.Test.Integration.Cameras.CamerasBaseIntegrationTests" name="Put_ValidReferencePropertyUpdatesModel" /></UnitTest><UnitTest name="PutFile_NewFileCanBePut" storage="d:\users\steve knipmeyer\documents\github\modelrelief\modelrelief.test\bin\debug\netcoreapp2.0\modelrelief.test.dll" id="cb8bf1f2-3220-4463-bd34-df0d18b957e6"><Execution id="f2d10e79-fbcf-417a-9f58-2d921578c79e" /><TestMethod codeBase="D:\Users\Steve Knipmeyer\Documents\GitHub\ModelRelief\ModelRelief.test\bin\Debug\netcoreapp2.0\ModelRelief.Test.dll" adapterTypeName="executor://xunit/VsTestRunner2/netcoreapp" className="ModelRelief.Test.Integration.Models.ModelsFileIntegrationTests" name="PutFile_NewFileCanBePut" /></UnitTest><UnitTest name="PutFile_FileCanBeUpdated" storage="d:\users\steve knipmeyer\documents\github\modelrelief\modelrelief.test\bin\debug\netcoreapp2.0\modelrelief.test.dll" id="86c44b28-6c29-497e-8dfb-082b3e57410e"><Execution id="ab62baf0-f43e-4254-aece-c425602c7807" /><TestMethod codeBase="D:\Users\Steve Knipmeyer\Documents\GitHub\ModelRelief\ModelRelief.test\bin\Debug\netcoreapp2.0\ModelRelief.Test.dll" adapterTypeName="executor://xunit/VsTestRunner2/netcoreapp" className="ModelRelief.Test.Integration.DepthBuffers.DepthBuffersFileIntegrationTests" name="PutFile_FileCanBeUpdated" /></UnitTest><UnitTest name="Delete_TargetModelIsDeleted" storage="d:\users\steve knipmeyer\documents\github\modelrelief\modelrelief.test\bin\debug\netcoreapp2.0\modelrelief.test.dll" id="d2310dc0-fad4-4d05-a191-8b863ad88c8a"><Execution id="24f6bdf8-eff1-4d47-9c34-a56e7411f525" /><TestMethod codeBase="D:\Users\Steve Knipmeyer\Documents\GitHub\ModelRelief\ModelRelief.test\bin\Debug\netcoreapp2.0\ModelRelief.Test.dll" adapterTypeName="executor://xunit/VsTestRunner2/netcoreapp" className="ModelRelief.Test.Integration.DepthBuffers.DepthBuffersBaseIntegrationTests" name="Delete_TargetModelIsDeleted" /></UnitTest><UnitTest name="Patch_InvalidIdPropertyReturnsNotFound" storage="d:\users\steve knipmeyer\documents\github\modelrelief\modelrelief.test\bin\debug\netcoreapp2.0\modelrelief.test.dll" id="b6c820d3-a4bb-4504-8fc0-2f1f72d021f9"><Execution id="c503dd50-e123-4c74-8401-0faa009b8056" /><TestMethod codeBase="D:\Users\Steve Knipmeyer\Documents\GitHub\ModelRelief\ModelRelief.test\bin\Debug\netcoreapp2.0\ModelRelief.Test.dll" adapterTypeName="executor://xunit/VsTestRunner2/netcoreapp" className="ModelRelief.Test.Integration.Cameras.CamerasBaseIntegrationTests" name="Patch_InvalidIdPropertyReturnsNotFound" /></UnitTest><UnitTest name="Post_InvalidPropertyValueReturnsBadRequest" storage="d:\users\steve knipmeyer\documents\github\modelrelief\modelrelief.test\bin\debug\netcoreapp2.0\modelrelief.test.dll" id="1046ac09-08a1-419f-b690-4945659dca41"><Execution id="c4446208-4995-436b-9de9-74440919c1a4" /><TestMethod codeBase="D:\Users\Steve Knipmeyer\Documents\GitHub\ModelRelief\ModelRelief.test\bin\Debug\netcoreapp2.0\ModelRelief.Test.dll" adapterTypeName="executor://xunit/VsTestRunner2/netcoreapp" className="ModelRelief.Test.Integration.Projects.ProjectsBaseIntegrationTests" name="Post_InvalidPropertyValueReturnsBadRequest" /></UnitTest><UnitTest name="Post_InvalidReferencePropertyReturnsBadRequest" storage="d:\users\steve knipmeyer\documents\github\modelrelief\modelrelief.test\bin\debug\netcoreapp2.0\modelrelief.test.dll" id="c665e948-0334-40ff-ac41-a819061b9233"><Execution id="a40431d6-d66e-4cf0-8996-76a934da7f09" /><TestMethod codeBase="D:\Users\Steve Knipmeyer\Documents\GitHub\ModelRelief\ModelRelief.test\bin\Debug\netcoreapp2.0\ModelRelief.Test.dll" adapterTypeName="executor://xunit/VsTestRunner2/netcoreapp" className="ModelRelief.Test.Integration.Meshes.MeshesBaseIntegrationTests" name="Post_InvalidReferencePropertyReturnsBadRequest" /></UnitTest><UnitTest name="Patch_InvalidPropertyNameReturnsBadRequest" storage="d:\users\steve knipmeyer\documents\github\modelrelief\modelrelief.test\bin\debug\netcoreapp2.0\modelrelief.test.dll" id="bfb47008-82c3-4b0e-8874-26f49be731e5"><Execution id="f3ff9be1-36d7-43e7-aa10-248ec58e2afe" /><TestMethod codeBase="D:\Users\Steve Knipmeyer\Documents\GitHub\ModelRelief\ModelRelief.test\bin\Debug\netcoreapp2.0\ModelRelief.Test.dll" adapterTypeName="executor://xunit/VsTestRunner2/netcoreapp" className="ModelRelief.Test.Integration.Projects.ProjectsBaseIntegrationTests" name="Patch_InvalidPropertyNameReturnsBadRequest" /></UnitTest><UnitTest name="GetFile_NonExistentFileReturnsNotFound" storage="d:\users\steve knipmeyer\documents\github\modelrelief\modelrelief.test\bin\debug\netcoreapp2.0\modelrelief.test.dll" id="e6d60694-43e7-47f0-8bb6-0507e94f4df3"><Execution id="91e09373-877d-4653-b67d-fd1aa39fdc50" /><TestMethod codeBase="D:\Users\Steve Knipmeyer\Documents\GitHub\ModelRelief\ModelRelief.test\bin\Debug\netcoreapp2.0\ModelRelief.Test.dll" adapterTypeName="executor://xunit/VsTestRunner2/netcoreapp" className="ModelRelief.Test.Integration.DepthBuffers.DepthBuffersFileIntegrationTests" name="GetFile_NonExistentFileReturnsNotFound" /></UnitTest><UnitTest name="FileRequest_FileCanBeReadAfterRename" storage="d:\users\steve knipmeyer\documents\github\modelrelief\modelrelief.test\bin\debug\netcoreapp2.0\modelrelief.test.dll" id="25dd18cd-5d9a-44fe-9d66-4184e3159ef9"><Execution id="6b83e5bf-e578-40d8-979b-ba483b402c4e" /><TestMethod codeBase="D:\Users\Steve Knipmeyer\Documents\GitHub\ModelRelief\ModelRelief.test\bin\Debug\netcoreapp2.0\ModelRelief.Test.dll" adapterTypeName="executor://xunit/VsTestRunner2/netcoreapp" className="ModelRelief.Test.Integration.DepthBuffers.DepthBuffersFileIntegrationTests" name="FileRequest_FileCanBeReadAfterRename" /></UnitTest><UnitTest name="Put_InvalidReferencePropertyReturndBadRequest" storage="d:\users\steve knipmeyer\documents\github\modelrelief\modelrelief.test\bin\debug\netcoreapp2.0\modelrelief.test.dll" id="964ad4e7-4db0-47c8-9d21-278151aab772"><Execution id="72cfe37c-e230-4cb1-a9f9-8300c9660b07" /><TestMethod codeBase="D:\Users\Steve Knipmeyer\Documents\GitHub\ModelRelief\ModelRelief.test\bin\Debug\netcoreapp2.0\ModelRelief.Test.dll" adapterTypeName="executor://xunit/VsTestRunner2/netcoreapp" className="ModelRelief.Test.Integration.Projects.ProjectsBaseIntegrationTests" name="Put_InvalidReferencePropertyReturndBadRequest" /></UnitTest><UnitTest name="Patch_MultipleInvalidReferencePropertiesReturnsMultipleValidationErrorsAndBadRequest" storage="d:\users\steve knipmeyer\documents\github\modelrelief\modelrelief.test\bin\debug\netcoreapp2.0\modelrelief.test.dll" id="a4a52681-7b34-488c-a6b2-f95d6d7a7054"><Execution id="242c01d8-1418-4465-8c4a-a0170cc9198f" /><TestMethod codeBase="D:\Users\Steve Knipmeyer\Documents\GitHub\ModelRelief\ModelRelief.test\bin\Debug\netcoreapp2.0\ModelRelief.Test.dll" adapterTypeName="executor://xunit/VsTestRunner2/netcoreapp" className="ModelRelief.Test.Integration.Models.ModelsBaseIntegrationTests" name="Patch_MultipleInvalidReferencePropertiesReturnsMultipleValidationErrorsAndBadRequest" /></UnitTest><UnitTest name="Patch_TargetPropertyIsUpdated" storage="d:\users\steve knipmeyer\documents\github\modelrelief\modelrelief.test\bin\debug\netcoreapp2.0\modelrelief.test.dll" id="83084f06-2e39-4666-8bd7-560db683bda8"><Execution id="c236eb8c-0a33-4e85-a8cb-8b10089687db" /><TestMethod codeBase="D:\Users\Steve Knipmeyer\Documents\GitHub\ModelRelief\ModelRelief.test\bin\Debug\netcoreapp2.0\ModelRelief.Test.dll" adapterTypeName="executor://xunit/VsTestRunner2/netcoreapp" className="ModelRelief.Test.Integration.MeshTransforms.MeshTransformsBaseIntegrationTests" name="Patch_TargetPropertyIsUpdated" /></UnitTest><UnitTest name="Patch_ValidReferencePropertyUpdatesModel" storage="d:\users\steve knipmeyer\documents\github\modelrelief\modelrelief.test\bin\debug\netcoreapp2.0\modelrelief.test.dll" id="26ae5b53-f32b-4b09-a9a9-bdfd236dc0b4"><Execution id="3fc71349-2788-47d4-b70c-3aea3b45b250" /><TestMethod codeBase="D:\Users\Steve Knipmeyer\Documents\GitHub\ModelRelief\ModelRelief.test\bin\Debug\netcoreapp2.0\ModelRelief.Test.dll" adapterTypeName="executor://xunit/VsTestRunner2/netcoreapp" className="ModelRelief.Test.Integration.Cameras.CamerasBaseIntegrationTests" name="Patch_ValidReferencePropertyUpdatesModel" /></UnitTest><UnitTest name="GetList_ListReturnsCorrectCount" storage="d:\users\steve knipmeyer\documents\github\modelrelief\modelrelief.test\bin\debug\netcoreapp2.0\modelrelief.test.dll" id="619641e1-779c-4540-9eac-4cfe0ca1c6c1"><Execution id="3b6ec5a5-61ec-4b47-886e-50aa7febb686" /><TestMethod codeBase="D:\Users\Steve Knipmeyer\Documents\GitHub\ModelRelief\ModelRelief.test\bin\Debug\netcoreapp2.0\ModelRelief.Test.dll" adapterTypeName="executor://xunit/VsTestRunner2/netcoreapp" className="ModelRelief.Test.Integration.Projects.ProjectsBaseIntegrationTests" name="GetList_ListReturnsCorrectCount" /></UnitTest><UnitTest name="FileRequest_FileCanBeReadAfterRename" storage="d:\users\steve knipmeyer\documents\github\modelrelief\modelrelief.test\bin\debug\netcoreapp2.0\modelrelief.test.dll" id="c87ea66b-cb47-4680-9c60-2fb604c058d0"><Execution id="53678af6-e6d5-4bf6-a1a0-6f4b0d442c14" /><TestMethod codeBase="D:\Users\Steve Knipmeyer\Documents\GitHub\ModelRelief\ModelRelief.test\bin\Debug\netcoreapp2.0\ModelRelief.Test.dll" adapterTypeName="executor://xunit/VsTestRunner2/netcoreapp" className="ModelRelief.Test.Integration.Meshes.MeshesFileIntegrationTests" name="FileRequest_FileCanBeReadAfterRename" /></UnitTest><UnitTest name="GetList_ListReturnsCorrectCount" storage="d:\users\steve knipmeyer\documents\github\modelrelief\modelrelief.test\bin\debug\netcoreapp2.0\modelrelief.test.dll" id="d0baa9f6-8d79-4238-869c-49250cbce67f"><Execution id="8749136e-40e1-456c-ad8a-d0464b79d619" /><TestMethod codeBase="D:\Users\Steve Knipmeyer\Documents\GitHub\ModelRelief\ModelRelief.test\bin\Debug\netcoreapp2.0\ModelRelief.Test.dll" adapterTypeName="executor://xunit/VsTestRunner2/netcoreapp" className="ModelRelief.Test.Integration.MeshTransforms.MeshTransformsBaseIntegrationTests" name="GetList_ListReturnsCorrectCount" /></UnitTest><UnitTest name="GetList_ListReturnsCorrectCount" storage="d:\users\steve knipmeyer\documents\github\modelrelief\modelrelief.test\bin\debug\netcoreapp2.0\modelrelief.test.dll" id="010e0841-a705-4ab8-8e31-ba23abf003b6"><Execution id="5a0a49b3-b2af-4f78-9b29-fccdcc2295b3" /><TestMethod codeBase="D:\Users\Steve Knipmeyer\Documents\GitHub\ModelRelief\ModelRelief.test\bin\Debug\netcoreapp2.0\ModelRelief.Test.dll" adapterTypeName="executor://xunit/VsTestRunner2/netcoreapp" className="ModelRelief.Test.Integration.Cameras.CamerasBaseIntegrationTests" name="GetList_ListReturnsCorrectCount" /></UnitTest><UnitTest name="Patch_InvalidEnumPropertyValueReturnsBadRequest" storage="d:\users\steve knipmeyer\documents\github\modelrelief\modelrelief.test\bin\debug\netcoreapp2.0\modelrelief.test.dll" id="63fbb1da-74a1-481a-a8bd-86cecb4e5f72"><Execution id="ec2dae13-45fc-437a-a1ee-3b654efe6e7c" /><TestMethod codeBase="D:\Users\Steve Knipmeyer\Documents\GitHub\ModelRelief\ModelRelief.test\bin\Debug\netcoreapp2.0\ModelRelief.Test.dll" adapterTypeName="executor://xunit/VsTestRunner2/netcoreapp" className="ModelRelief.Test.Integration.Cameras.CamerasBaseIntegrationTests" name="Patch_InvalidEnumPropertyValueReturnsBadRequest" /></UnitTest><UnitTest name="FileRequest_MeshIsInvalidatedAfterDepthBufferFileBecomesUnsynchronized" storage="d:\users\steve knipmeyer\documents\github\modelrelief\modelrelief.test\bin\debug\netcoreapp2.0\modelrelief.test.dll" id="fdf4c19a-257c-42ca-9065-bce6e5edc04a"><Execution id="4c64b4af-c52c-44e8-a823-590c21dd87e4" /><TestMethod codeBase="D:\Users\Steve Knipmeyer\Documents\GitHub\ModelRelief\ModelRelief.test\bin\Debug\netcoreapp2.0\ModelRelief.Test.dll" adapterTypeName="executor://xunit/VsTestRunner2/netcoreapp" className="ModelRelief.Test.Integration.Meshes.MeshesFileIntegrationTests" name="FileRequest_MeshIsInvalidatedAfterDepthBufferFileBecomesUnsynchronized" /></UnitTest><UnitTest name="Put_ValidReferencePropertyUpdatesModel" storage="d:\users\steve knipmeyer\documents\github\modelrelief\modelrelief.test\bin\debug\netcoreapp2.0\modelrelief.test.dll" id="825341bd-22e0-4bfa-a96c-04ff3ac9114c"><Execution id="5dd40957-0128-421c-b3b8-015ad59c31f0" /><TestMethod codeBase="D:\Users\Steve Knipmeyer\Documents\GitHub\ModelRelief\ModelRelief.test\bin\Debug\netcoreapp2.0\ModelRelief.Test.dll" adapterTypeName="executor://xunit/VsTestRunner2/netcoreapp" className="ModelRelief.Test.Integration.Meshes.MeshesBaseIntegrationTests" name="Put_ValidReferencePropertyUpdatesModel" /></UnitTest><UnitTest name="FileRequest_MeshGenerateScalesDepthBufferByP1Scale" storage="d:\users\steve knipmeyer\documents\github\modelrelief\modelrelief.test\bin\debug\netcoreapp2.0\modelrelief.test.dll" id="a21213d1-5b3e-40db-8b96-cce1061be402"><Execution id="b440b02b-c45d-42aa-96eb-1aa63a034bd7" /><TestMethod codeBase="D:\Users\Steve Knipmeyer\Documents\GitHub\ModelRelief\ModelRelief.test\bin\Debug\netcoreapp2.0\ModelRelief.Test.dll" adapterTypeName="executor://xunit/VsTestRunner2/netcoreapp" className="ModelRelief.Test.Integration.Meshes.MeshesFileIntegrationTests" name="FileRequest_MeshGenerateScalesDepthBufferByP1Scale" /></UnitTest><UnitTest name="Put_CanUpdateModel" storage="d:\users\steve knipmeyer\documents\github\modelrelief\modelrelief.test\bin\debug\netcoreapp2.0\modelrelief.test.dll" id="2e43fd44-b81c-4778-b271-13afe5414813"><Execution id="276e4056-8a8f-4a25-9627-91b93e8308f0" /><TestMethod codeBase="D:\Users\Steve Knipmeyer\Documents\GitHub\ModelRelief\ModelRelief.test\bin\Debug\netcoreapp2.0\ModelRelief.Test.dll" adapterTypeName="executor://xunit/VsTestRunner2/netcoreapp" className="ModelRelief.Test.Integration.Projects.ProjectsBaseIntegrationTests" name="Put_CanUpdateModel" /></UnitTest><UnitTest name="Patch_ValidReferencePropertyUpdatesModel" storage="d:\users\steve knipmeyer\documents\github\modelrelief\modelrelief.test\bin\debug\netcoreapp2.0\modelrelief.test.dll" id="8c0000ae-e355-4808-bd0b-01745cbb76fe"><Execution id="782787ce-6efa-49ac-8af8-22857356895c" /><TestMethod codeBase="D:\Users\Steve Knipmeyer\Documents\GitHub\ModelRelief\ModelRelief.test\bin\Debug\netcoreapp2.0\ModelRelief.Test.dll" adapterTypeName="executor://xunit/VsTestRunner2/netcoreapp" className="ModelRelief.Test.Integration.DepthBuffers.DepthBuffersBaseIntegrationTests" name="Patch_ValidReferencePropertyUpdatesModel" /></UnitTest><UnitTest name="Post_ValidReferencePropertyCreatesModel" storage="d:\users\steve knipmeyer\documents\github\modelrelief\modelrelief.test\bin\debug\netcoreapp2.0\modelrelief.test.dll" id="475d68b2-5d3f-4480-b749-2293f2f670ec"><Execution id="5a5d9738-2c0f-48d9-ba34-54c53d7b47a7" /><TestMethod codeBase="D:\Users\Steve Knipmeyer\Documents\GitHub\ModelRelief\ModelRelief.test\bin\Debug\netcoreapp2.0\ModelRelief.Test.dll" adapterTypeName="executor://xunit/VsTestRunner2/netcoreapp" className="ModelRelief.Test.Integration.Models.ModelsBaseIntegrationTests" name="Post_ValidReferencePropertyCreatesModel" /></UnitTest><UnitTest name="Put_CanUpdateModel" storage="d:\users\steve knipmeyer\documents\github\modelrelief\modelrelief.test\bin\debug\netcoreapp2.0\modelrelief.test.dll" id="6b1a3f1e-b3eb-4919-8330-673e4d1e23b5"><Execution id="1afbbafe-aee9-40e5-951c-3c923e0561d2" /><TestMethod codeBase="D:\Users\Steve Knipmeyer\Documents\GitHub\ModelRelief\ModelRelief.test\bin\Debug\netcoreapp2.0\ModelRelief.Test.dll" adapterTypeName="executor://xunit/VsTestRunner2/netcoreapp" className="ModelRelief.Test.Integration.Models.ModelsBaseIntegrationTests" name="Put_CanUpdateModel" /></UnitTest><UnitTest name="Patch_TargetPropertyIsUpdated" storage="d:\users\steve knipmeyer\documents\github\modelrelief\modelrelief.test\bin\debug\netcoreapp2.0\modelrelief.test.dll" id="4badc0fd-6d20-43bc-a695-bdbff5dbc17e"><Execution id="80bbbe77-e8ba-4a58-9af6-783435a56deb" /><TestMethod codeBase="D:\Users\Steve Knipmeyer\Documents\GitHub\ModelRelief\ModelRelief.test\bin\Debug\netcoreapp2.0\ModelRelief.Test.dll" adapterTypeName="executor://xunit/VsTestRunner2/netcoreapp" className="ModelRelief.Test.Integration.Meshes.MeshesBaseIntegrationTests" name="Patch_TargetPropertyIsUpdated" /></UnitTest><UnitTest name="Patch_ValidReferencePropertyUpdatesModel" storage="d:\users\steve knipmeyer\documents\github\modelrelief\modelrelief.test\bin\debug\netcoreapp2.0\modelrelief.test.dll" id="5912d45e-2a84-41b5-8292-0b287fbb9ab6"><Execution id="51727199-fb28-4764-acac-1cb027e36365" /><TestMethod codeBase="D:\Users\Steve Knipmeyer\Documents\GitHub\ModelRelief\ModelRelief.test\bin\Debug\netcoreapp2.0\ModelRelief.Test.dll" adapterTypeName="executor://xunit/VsTestRunner2/netcoreapp" className="ModelRelief.Test.Integration.MeshTransforms.MeshTransformsBaseIntegrationTests" name="Patch_ValidReferencePropertyUpdatesModel" /></UnitTest><UnitTest name="Put_InvalidReferencePropertyReturndBadRequest" storage="d:\users\steve knipmeyer\documents\github\modelrelief\modelrelief.test\bin\debug\netcoreapp2.0\modelrelief.test.dll" id="8e4bd716-db4c-4429-973b-17b0fc3e6e0e"><Execution id="e008c4d2-8f18-4484-97ef-a22dca08b3e3" /><TestMethod codeBase="D:\Users\Steve Knipmeyer\Documents\GitHub\ModelRelief\ModelRelief.test\bin\Debug\netcoreapp2.0\ModelRelief.Test.dll" adapterTypeName="executor://xunit/VsTestRunner2/netcoreapp" className="ModelRelief.Test.Integration.DepthBuffers.DepthBuffersBaseIntegrationTests" name="Put_InvalidReferencePropertyReturndBadRequest" /></UnitTest><UnitTest name="Put_CanUpdateModel" storage="d:\users\steve knipmeyer\documents\github\modelrelief\modelrelief.test\bin\debug\netcoreapp2.0\modelrelief.test.dll" id="81e838a3-12fc-4977-bebb-d46214c17449"><Execution id="608a4e38-f831-4607-b636-42cff675aa7a" /><TestMethod codeBase="D:\Users\Steve Knipmeyer\Documents\GitHub\ModelRelief\ModelRelief.test\bin\Debug\netcoreapp2.0\ModelRelief.Test.dll" adapterTypeName="executor://xunit/VsTestRunner2/netcoreapp" className="ModelRelief.Test.Integration.MeshTransforms.MeshTransformsBaseIntegrationTests" name="Put_CanUpdateModel" /></UnitTest><UnitTest name="Patch_InvalidIdPropertyReturnsNotFound" storage="d:\users\steve knipmeyer\documents\github\modelrelief\modelrelief.test\bin\debug\netcoreapp2.0\modelrelief.test.dll" id="2fbbc430-837f-4f8f-aa49-b174b887871d"><Execution id="85f71658-5aaf-4b6b-a29a-71d4c02687cc" /><TestMethod codeBase="D:\Users\Steve Knipmeyer\Documents\GitHub\ModelRelief\ModelRelief.test\bin\Debug\netcoreapp2.0\ModelRelief.Test.dll" adapterTypeName="executor://xunit/VsTestRunner2/netcoreapp" className="ModelRelief.Test.Integration.Projects.ProjectsBaseIntegrationTests" name="Patch_InvalidIdPropertyReturnsNotFound" /></UnitTest><UnitTest name="GetList_ListReturnsCorrectCount" storage="d:\users\steve knipmeyer\documents\github\modelrelief\modelrelief.test\bin\debug\netcoreapp2.0\modelrelief.test.dll" id="353dd114-5861-4544-82c4-8119e23522fb"><Execution id="2fb5e68b-8a4e-4056-bb29-3654e37322cf" /><TestMethod codeBase="D:\Users\Steve Knipmeyer\Documents\GitHub\ModelRelief\ModelRelief.test\bin\Debug\netcoreapp2.0\ModelRelief.Test.dll" adapterTypeName="executor://xunit/VsTestRunner2/netcoreapp" className="ModelRelief.Test.Integration.Models.ModelsBaseIntegrationTests" name="GetList_ListReturnsCorrectCount" /></UnitTest><UnitTest name="Delete_TargetModelIsDeleted" storage="d:\users\steve knipmeyer\documents\github\modelrelief\modelrelief.test\bin\debug\netcoreapp2.0\modelrelief.test.dll" id="67e469ca-397c-4a84-979d-aaea32922c2b"><Execution id="3b4b877b-4c00-42bd-8d8e-aace362ec47a" /><TestMethod codeBase="D:\Users\Steve Knipmeyer\Documents\GitHub\ModelRelief\ModelRelief.test\bin\Debug\netcoreapp2.0\ModelRelief.Test.dll" adapterTypeName="executor://xunit/VsTestRunner2/netcoreapp" className="ModelRelief.Test.Integration.Models.ModelsBaseIntegrationTests" name="Delete_TargetModelIsDeleted" /></UnitTest><UnitTest name="Put_CanUpdateModel" storage="d:\users\steve knipmeyer\documents\github\modelrelief\modelrelief.test\bin\debug\netcoreapp2.0\modelrelief.test.dll" id="7697ff1b-cbda-49c5-ae59-f5e90d6d06af"><Execution id="35dde887-fd0c-41d9-a410-94596c57ff66" /><TestMethod codeBase="D:\Users\Steve Knipmeyer\Documents\GitHub\ModelRelief\ModelRelief.test\bin\Debug\netcoreapp2.0\ModelRelief.Test.dll" adapterTypeName="executor://xunit/VsTestRunner2/netcoreapp" className="ModelRelief.Test.Integration.DepthBuffers.DepthBuffersBaseIntegrationTests" name="Put_CanUpdateModel" /></UnitTest><UnitTest name="PostFile_NewFileCanBePosted" storage="d:\users\steve knipmeyer\documents\github\modelrelief\modelrelief.test\bin\debug\netcoreapp2.0\modelrelief.test.dll" id="b13e4e5e-29c8-4537-8b64-2594615744d6"><Execution id="d0237cd2-2a84-4e92-8524-db4dfc2a9185" /><TestMethod codeBase="D:\Users\Steve Knipmeyer\Documents\GitHub\ModelRelief\ModelRelief.test\bin\Debug\netcoreapp2.0\ModelRelief.Test.dll" adapterTypeName="executor://xunit/VsTestRunner2/netcoreapp" className="ModelRelief.Test.Integration.Meshes.MeshesFileIntegrationTests" name="PostFile_NewFileCanBePosted" /></UnitTest><UnitTest name="Patch_InvalidIdPropertyReturnsNotFound" storage="d:\users\steve knipmeyer\documents\github\modelrelief\modelrelief.test\bin\debug\netcoreapp2.0\modelrelief.test.dll" id="cd14ef8c-9002-4035-b0e3-4bd19a605d30"><Execution id="4753c7ab-7c6a-46d5-bf04-c7e6285fddfa" /><TestMethod codeBase="D:\Users\Steve Knipmeyer\Documents\GitHub\ModelRelief\ModelRelief.test\bin\Debug\netcoreapp2.0\ModelRelief.Test.dll" adapterTypeName="executor://xunit/VsTestRunner2/netcoreapp" className="ModelRelief.Test.Integration.Models.ModelsBaseIntegrationTests" name="Patch_InvalidIdPropertyReturnsNotFound" /></UnitTest><UnitTest name="Patch_MultipleInvalidReferencePropertiesReturnsMultipleValidationErrorsAndBadRequest" storage="d:\users\steve knipmeyer\documents\github\modelrelief\modelrelief.test\bin\debug\netcoreapp2.0\modelrelief.test.dll" id="f9a38066-3673-4cc4-b8a1-c6b5bde281c1"><Execution id="dd5ffb6f-fa1c-4f37-8d05-e29c745a54b8" /><TestMethod codeBase="D:\Users\Steve Knipmeyer\Documents\GitHub\ModelRelief\ModelRelief.test\bin\Debug\netcoreapp2.0\ModelRelief.Test.dll" adapterTypeName="executor://xunit/VsTestRunner2/netcoreapp" className="ModelRelief.Test.Integration.DepthBuffers.DepthBuffersBaseIntegrationTests" name="Patch_MultipleInvalidReferencePropertiesReturnsMultipleValidationErrorsAndBadRequest" /></UnitTest><UnitTest name="Post_InvalidReferencePropertyReturnsBadRequest" storage="d:\users\steve knipmeyer\documents\github\modelrelief\modelrelief.test\bin\debug\netcoreapp2.0\modelrelief.test.dll" id="f394ddb0-bef1-42ad-b1f5-133e13400890"><Execution id="4410cad0-d06a-4bbd-a556-a44bfe56f020" /><TestMethod codeBase="D:\Users\Steve Knipmeyer\Documents\GitHub\ModelRelief\ModelRelief.test\bin\Debug\netcoreapp2.0\ModelRelief.Test.dll" adapterTypeName="executor://xunit/VsTestRunner2/netcoreapp" className="ModelRelief.Test.Integration.Cameras.CamerasBaseIntegrationTests" name="Post_InvalidReferencePropertyReturnsBadRequest" /></UnitTest><UnitTest name="Post_InvalidReferencePropertyReturnsBadRequest" storage="d:\users\steve knipmeyer\documents\github\modelrelief\modelrelief.test\bin\debug\netcoreapp2.0\modelrelief.test.dll" id="20cf6a40-3634-4ebf-90a0-39a1ebffee79"><Execution id="3d20d02c-1969-4658-a618-8f95da8351bd" /><TestMethod codeBase="D:\Users\Steve Knipmeyer\Documents\GitHub\ModelRelief\ModelRelief.test\bin\Debug\netcoreapp2.0\ModelRelief.Test.dll" adapterTypeName="executor://xunit/VsTestRunner2/netcoreapp" className="ModelRelief.Test.Integration.MeshTransforms.MeshTransformsBaseIntegrationTests" name="Post_InvalidReferencePropertyReturnsBadRequest" /></UnitTest><UnitTest name="GetSingle_InvalidIdPropertyValueReturnsNotFound" storage="d:\users\steve knipmeyer\documents\github\modelrelief\modelrelief.test\bin\debug\netcoreapp2.0\modelrelief.test.dll" id="b1f9404c-3b9d-40b5-b483-317972711d65"><Execution id="eae9f445-c0ae-4ba5-87e0-6d21b86e99f6" /><TestMethod codeBase="D:\Users\Steve Knipmeyer\Documents\GitHub\ModelRelief\ModelRelief.test\bin\Debug\netcoreapp2.0\ModelRelief.Test.dll" adapterTypeName="executor://xunit/VsTestRunner2/netcoreapp" className="ModelRelief.Test.Integration.DepthBuffers.DepthBuffersBaseIntegrationTests" name="GetSingle_InvalidIdPropertyValueReturnsNotFound" /></UnitTest><UnitTest name="Put_ValidReferencePropertyUpdatesModel" storage="d:\users\steve knipmeyer\documents\github\modelrelief\modelrelief.test\bin\debug\netcoreapp2.0\modelrelief.test.dll" id="c75984ba-505a-4415-8d13-62892398ef8d"><Execution id="efcaf7c9-b875-466f-add6-8d004d7e8ea7" /><TestMethod codeBase="D:\Users\Steve Knipmeyer\Documents\GitHub\ModelRelief\ModelRelief.test\bin\Debug\netcoreapp2.0\ModelRelief.Test.dll" adapterTypeName="executor://xunit/VsTestRunner2/netcoreapp" className="ModelRelief.Test.Integration.Projects.ProjectsBaseIntegrationTests" name="Put_ValidReferencePropertyUpdatesModel" /></UnitTest><UnitTest name="Post_CanCreateNewModel" storage="d:\users\steve knipmeyer\documents\github\modelrelief\modelrelief.test\bin\debug\netcoreapp2.0\modelrelief.test.dll" id="aa3f758b-bda9-4547-9e60-c0ecfd1a2365"><Execution id="ce407bcd-c41b-4057-b2b2-27936447f351" /><TestMethod codeBase="D:\Users\Steve Knipmeyer\Documents\GitHub\ModelRelief\ModelRelief.test\bin\Debug\netcoreapp2.0\ModelRelief.Test.dll" adapterTypeName="executor://xunit/VsTestRunner2/netcoreapp" className="ModelRelief.Test.Integration.Models.ModelsBaseIntegrationTests" name="Post_CanCreateNewModel" /></UnitTest><UnitTest name="Post_CanCreateNewModel" storage="d:\users\steve knipmeyer\documents\github\modelrelief\modelrelief.test\bin\debug\netcoreapp2.0\modelrelief.test.dll" id="5521dea7-8b21-409f-a672-cb310e508775"><Execution id="b0f507d0-ff97-42e0-8b54-fe3bbccd3181" /><TestMethod codeBase="D:\Users\Steve Knipmeyer\Documents\GitHub\ModelRelief\ModelRelief.test\bin\Debug\netcoreapp2.0\ModelRelief.Test.dll" adapterTypeName="executor://xunit/VsTestRunner2/netcoreapp" className="ModelRelief.Test.Integration.Meshes.MeshesBaseIntegrationTests" name="Post_CanCreateNewModel" /></UnitTest><UnitTest name="Post_InvalidReferencePropertyReturnsBadRequest" storage="d:\users\steve knipmeyer\documents\github\modelrelief\modelrelief.test\bin\debug\netcoreapp2.0\modelrelief.test.dll" id="7ac2b767-f65e-42af-b4df-25e35db60e0e"><Execution id="5c1d1dc3-be5c-4879-b0bf-62ab4838021a" /><TestMethod codeBase="D:\Users\Steve Knipmeyer\Documents\GitHub\ModelRelief\ModelRelief.test\bin\Debug\netcoreapp2.0\ModelRelief.Test.dll" adapterTypeName="executor://xunit/VsTestRunner2/netcoreapp" className="ModelRelief.Test.Integration.Projects.ProjectsBaseIntegrationTests" name="Post_InvalidReferencePropertyReturnsBadRequest" /></UnitTest><UnitTest name="Post_InvalidReferencePropertyReturnsBadRequest" storage="d:\users\steve knipmeyer\documents\github\modelrelief\modelrelief.test\bin\debug\netcoreapp2.0\modelrelief.test.dll" id="fa99ced0-70ae-4eca-a966-ae5e071a2234"><Execution id="03964ce7-1a90-4060-9b9e-eb1064c2de4c" /><TestMethod codeBase="D:\Users\Steve Knipmeyer\Documents\GitHub\ModelRelief\ModelRelief.test\bin\Debug\netcoreapp2.0\ModelRelief.Test.dll" adapterTypeName="executor://xunit/VsTestRunner2/netcoreapp" className="ModelRelief.Test.Integration.DepthBuffers.DepthBuffersBaseIntegrationTests" name="Post_InvalidReferencePropertyReturnsBadRequest" /></UnitTest><UnitTest name="Put_InvalidReferencePropertyReturndBadRequest" storage="d:\users\steve knipmeyer\documents\github\modelrelief\modelrelief.test\bin\debug\netcoreapp2.0\modelrelief.test.dll" id="37562ff3-3840-4b11-bb3e-8d4adb2e8323"><Execution id="ff95a6d2-743c-4c79-bb6e-ae60f983b740" /><TestMethod codeBase="D:\Users\Steve Knipmeyer\Documents\GitHub\ModelRelief\ModelRelief.test\bin\Debug\netcoreapp2.0\ModelRelief.Test.dll" adapterTypeName="executor://xunit/VsTestRunner2/netcoreapp" className="ModelRelief.Test.Integration.Cameras.CamerasBaseIntegrationTests" name="Put_InvalidReferencePropertyReturndBadRequest" /></UnitTest><UnitTest name="MeshTransformHasExpectedDependentFiles" storage="d:\users\steve knipmeyer\documents\github\modelrelief\modelrelief.test\bin\debug\netcoreapp2.0\modelrelief.test.dll" id="e7935522-1321-4ec8-b694-faa447aa973b"><Execution id="21abc540-3aaa-4d4a-b822-4ea6166dceb0" /><TestMethod codeBase="D:\Users\Steve Knipmeyer\Documents\GitHub\ModelRelief\ModelRelief.test\bin\Debug\netcoreapp2.0\ModelRelief.Test.dll" adapterTypeName="executor://xunit/VsTestRunner2/netcoreapp" className="ModelRelief.Test.Unit.DependencyManager.DependencyManagerTests" name="MeshTransformHasExpectedDependentFiles" /></UnitTest><UnitTest name="Post_InvalidPropertyValueReturnsBadRequest" storage="d:\users\steve knipmeyer\documents\github\modelrelief\modelrelief.test\bin\debug\netcoreapp2.0\modelrelief.test.dll" id="b96c5b94-b7d5-419e-948b-48057da95241"><Execution id="b03a2186-93e2-4c57-95fd-96b2fe564757" /><TestMethod codeBase="D:\Users\Steve Knipmeyer\Documents\GitHub\ModelRelief\ModelRelief.test\bin\Debug\netcoreapp2.0\ModelRelief.Test.dll" adapterTypeName="executor://xunit/VsTestRunner2/netcoreapp" className="ModelRelief.Test.Integration.Models.ModelsBaseIntegrationTests" name="Post_InvalidPropertyValueReturnsBadRequest" /></UnitTest><UnitTest name="Put_ValidReferencePropertyUpdatesModel" storage="d:\users\steve knipmeyer\documents\github\modelrelief\modelrelief.test\bin\debug\netcoreapp2.0\modelrelief.test.dll" id="60b4547a-26e9-40e1-a242-1f7a31ed94f2"><Execution id="6dc7c5aa-ec1e-4e97-bafb-4733b9e55118" /><TestMethod codeBase="D:\Users\Steve Knipmeyer\Documents\GitHub\ModelRelief\ModelRelief.test\bin\Debug\netcoreapp2.0\ModelRelief.Test.dll" adapterTypeName="executor://xunit/VsTestRunner2/netcoreapp" className="ModelRelief.Test.Integration.Models.ModelsBaseIntegrationTests" name="Put_ValidReferencePropertyUpdatesModel" /></UnitTest><UnitTest name="Patch_InvalidReferencePropertyReturnsBadRequest" storage="d:\users\steve knipmeyer\documents\github\modelrelief\modelrelief.test\bin\debug\netcoreapp2.0\modelrelief.test.dll" id="a98c733c-88bd-4934-b1ce-51ac6bea969a"><Execution id="c189fed5-5f60-4111-9438-3158f75e5943" /><TestMethod codeBase="D:\Users\Steve Knipmeyer\Documents\GitHub\ModelRelief\ModelRelief.test\bin\Debug\netcoreapp2.0\ModelRelief.Test.dll" adapterTypeName="executor://xunit/VsTestRunner2/netcoreapp" className="ModelRelief.Test.Integration.Cameras.CamerasBaseIntegrationTests" name="Patch_InvalidReferencePropertyReturnsBadRequest" /></UnitTest><UnitTest name="DepthBufferHasExpectedDependentFiles" storage="d:\users\steve knipmeyer\documents\github\modelrelief\modelrelief.test\bin\debug\netcoreapp2.0\modelrelief.test.dll" id="d6ee43fd-d3a0-49bd-a4c0-d69481131d51"><Execution id="bab3cf88-d613-4959-b7e4-e4cfb4a0f9f5" /><TestMethod codeBase="D:\Users\Steve Knipmeyer\Documents\GitHub\ModelRelief\ModelRelief.test\bin\Debug\netcoreapp2.0\ModelRelief.Test.dll" adapterTypeName="executor://xunit/VsTestRunner2/netcoreapp" className="ModelRelief.Test.Unit.DependencyManager.DependencyManagerTests" name="DepthBufferHasExpectedDependentFiles" /></UnitTest><UnitTest name="Patch_InvalidReferencePropertyReturnsBadRequest" storage="d:\users\steve knipmeyer\documents\github\modelrelief\modelrelief.test\bin\debug\netcoreapp2.0\modelrelief.test.dll" id="89390237-2705-4cce-84ea-96c5cc73957b"><Execution id="d08592c2-0ab7-44a7-b43b-48bbd076be35" /><TestMethod codeBase="D:\Users\Steve Knipmeyer\Documents\GitHub\ModelRelief\ModelRelief.test\bin\Debug\netcoreapp2.0\ModelRelief.Test.dll" adapterTypeName="executor://xunit/VsTestRunner2/netcoreapp" className="ModelRelief.Test.Integration.Models.ModelsBaseIntegrationTests" name="Patch_InvalidReferencePropertyReturnsBadRequest" /></UnitTest><UnitTest name="LucyModel3dHasTwoDependents" storage="d:\users\steve knipmeyer\documents\github\modelrelief\modelrelief.test\bin\debug\netcoreapp2.0\modelrelief.test.dll" id="f0edadbf-74b8-476b-b938-c7be081c5e6b"><Execution id="80bfef85-5bc1-4534-86ae-8548e8711ea0" /><TestMethod codeBase="D:\Users\Steve Knipmeyer\Documents\GitHub\ModelRelief\ModelRelief.test\bin\Debug\netcoreapp2.0\ModelRelief.Test.dll" adapterTypeName="executor://xunit/VsTestRunner2/netcoreapp" className="ModelRelief.Test.Unit.DependencyManager.DependencyManagerTests" name="LucyModel3dHasTwoDependents" /></UnitTest><UnitTest name="GetSingle_InvalidIdPropertyValueReturnsNotFound" storage="d:\users\steve knipmeyer\documents\github\modelrelief\modelrelief.test\bin\debug\netcoreapp2.0\modelrelief.test.dll" id="7554cc10-9994-4c11-a633-6631dcfe1570"><Execution id="9875f107-542b-46f0-8b28-e1a2b5bf5693" /><TestMethod codeBase="D:\Users\Steve Knipmeyer\Documents\GitHub\ModelRelief\ModelRelief.test\bin\Debug\netcoreapp2.0\ModelRelief.Test.dll" adapterTypeName="executor://xunit/VsTestRunner2/netcoreapp" className="ModelRelief.Test.Integration.MeshTransforms.MeshTransformsBaseIntegrationTests" name="GetSingle_InvalidIdPropertyValueReturnsNotFound" /></UnitTest><UnitTest name="Patch_InvalidIdPropertyReturnsNotFound" storage="d:\users\steve knipmeyer\documents\github\modelrelief\modelrelief.test\bin\debug\netcoreapp2.0\modelrelief.test.dll" id="63137f4b-046b-4a95-aeda-b74825682700"><Execution id="a68c2e16-147a-44d5-a5ed-3532ffb8610e" /><TestMethod codeBase="D:\Users\Steve Knipmeyer\Documents\GitHub\ModelRelief\ModelRelief.test\bin\Debug\netcoreapp2.0\ModelRelief.Test.dll" adapterTypeName="executor://xunit/VsTestRunner2/netcoreapp" className="ModelRelief.Test.Integration.Meshes.MeshesBaseIntegrationTests" name="Patch_InvalidIdPropertyReturnsNotFound" /></UnitTest><UnitTest name="GetSingle_ValidIdPropertyValueReturnsCorrectModel" storage="d:\users\steve knipmeyer\documents\github\modelrelief\modelrelief.test\bin\debug\netcoreapp2.0\modelrelief.test.dll" id="fc035cec-caa4-4f94-849b-76554e0add68"><Execution id="c6d0e34b-c95f-4f63-bfe3-7eda2137b26e" /><TestMethod codeBase="D:\Users\Steve Knipmeyer\Documents\GitHub\ModelRelief\ModelRelief.test\bin\Debug\netcoreapp2.0\ModelRelief.Test.dll" adapterTypeName="executor://xunit/VsTestRunner2/netcoreapp" className="ModelRelief.Test.Integration.Cameras.CamerasBaseIntegrationTests" name="GetSingle_ValidIdPropertyValueReturnsCorrectModel" /></UnitTest><UnitTest name="Put_CanUpdateModel" storage="d:\users\steve knipmeyer\documents\github\modelrelief\modelrelief.test\bin\debug\netcoreapp2.0\modelrelief.test.dll" id="28a9f7f2-c66e-4cd7-a541-fa8f559156f1"><Execution id="bbc0df28-55de-46ca-b6b9-d43dae7ba1b9" /><TestMethod codeBase="D:\Users\Steve Knipmeyer\Documents\GitHub\ModelRelief\ModelRelief.test\bin\Debug\netcoreapp2.0\ModelRelief.Test.dll" adapterTypeName="executor://xunit/VsTestRunner2/netcoreapp" className="ModelRelief.Test.Integration.Cameras.CamerasBaseIntegrationTests" name="Put_CanUpdateModel" /></UnitTest><UnitTest name="PostFile_NewFileCanBePosted" storage="d:\users\steve knipmeyer\documents\github\modelrelief\modelrelief.test\bin\debug\netcoreapp2.0\modelrelief.test.dll" id="30337ee7-a435-480d-94b2-5bb0bd9f84f4"><Execution id="11b29572-84dd-40a1-8bb4-a6a682d664d6" /><TestMethod codeBase="D:\Users\Steve Knipmeyer\Documents\GitHub\ModelRelief\ModelRelief.test\bin\Debug\netcoreapp2.0\ModelRelief.Test.dll" adapterTypeName="executor://xunit/VsTestRunner2/netcoreapp" className="ModelRelief.Test.Integration.Models.ModelsFileIntegrationTests" name="PostFile_NewFileCanBePosted" /></UnitTest><UnitTest name="Patch_MultipleInvalidReferencePropertiesReturnsMultipleValidationErrorsAndBadRequest" storage="d:\users\steve knipmeyer\documents\github\modelrelief\modelrelief.test\bin\debug\netcoreapp2.0\modelrelief.test.dll" id="58dd392f-9c08-490a-a038-5cd70b955fc6"><Execution id="70c31ee6-6c45-4bfd-9e4f-9e5e9fd8fd75" /><TestMethod codeBase="D:\Users\Steve Knipmeyer\Documents\GitHub\ModelRelief\ModelRelief.test\bin\Debug\netcoreapp2.0\ModelRelief.Test.dll" adapterTypeName="executor://xunit/VsTestRunner2/netcoreapp" className="ModelRelief.Test.Integration.MeshTransforms.MeshTransformsBaseIntegrationTests" name="Patch_MultipleInvalidReferencePropertiesReturnsMultipleValidationErrorsAndBadRequest" /></UnitTest><UnitTest name="PostFile_FileIsSynchronizedIsUpdatedAfterFileIsPosted" storage="d:\users\steve knipmeyer\documents\github\modelrelief\modelrelief.test\bin\debug\netcoreapp2.0\modelrelief.test.dll" id="538f84ed-85c3-4217-9b18-b1e5af55ea1f"><Execution id="fb13ca20-59b2-4255-81f8-452669a7fcf0" /><TestMethod codeBase="D:\Users\Steve Knipmeyer\Documents\GitHub\ModelRelief\ModelRelief.test\bin\Debug\netcoreapp2.0\ModelRelief.Test.dll" adapterTypeName="executor://xunit/VsTestRunner2/netcoreapp" className="ModelRelief.Test.Integration.Meshes.MeshesFileIntegrationTests" name="PostFile_FileIsSynchronizedIsUpdatedAfterFileIsPosted" /></UnitTest><UnitTest name="PutFile_FileCanBeUpdated" storage="d:\users\steve knipmeyer\documents\github\modelrelief\modelrelief.test\bin\debug\netcoreapp2.0\modelrelief.test.dll" id="8956e67b-c0ee-4ec9-92ac-69c0bfce63b8"><Execution id="7c4d2f3b-827e-40ef-8428-2c78b160a5d6" /><TestMethod codeBase="D:\Users\Steve Knipmeyer\Documents\GitHub\ModelRelief\ModelRelief.test\bin\Debug\netcoreapp2.0\ModelRelief.Test.dll" adapterTypeName="executor://xunit/VsTestRunner2/netcoreapp" className="ModelRelief.Test.Integration.Models.ModelsFileIntegrationTests" name="PutFile_FileCanBeUpdated" /></UnitTest><UnitTest name="Delete_TargetModelIsDeleted" storage="d:\users\steve knipmeyer\documents\github\modelrelief\modelrelief.test\bin\debug\netcoreapp2.0\modelrelief.test.dll" id="215ce7c9-5bee-4ceb-98a0-13a907c191be"><Execution id="25956dff-f36f-414c-949e-a0199222c3bf" /><TestMethod codeBase="D:\Users\Steve Knipmeyer\Documents\GitHub\ModelRelief\ModelRelief.test\bin\Debug\netcoreapp2.0\ModelRelief.Test.dll" adapterTypeName="executor://xunit/VsTestRunner2/netcoreapp" className="ModelRelief.Test.Integration.MeshTransforms.MeshTransformsBaseIntegrationTests" name="Delete_TargetModelIsDeleted" /></UnitTest><UnitTest name="Patch_TargetPropertyIsUpdated" storage="d:\users\steve knipmeyer\documents\github\modelrelief\modelrelief.test\bin\debug\netcoreapp2.0\modelrelief.test.dll" id="1a3d6f49-2497-49fd-adfe-743992cb6617"><Execution id="2aa5f992-dd16-483f-993e-eb9a79c32e05" /><TestMethod codeBase="D:\Users\Steve Knipmeyer\Documents\GitHub\ModelRelief\ModelRelief.test\bin\Debug\netcoreapp2.0\ModelRelief.Test.dll" adapterTypeName="executor://xunit/VsTestRunner2/netcoreapp" className="ModelRelief.Test.Integration.Models.ModelsBaseIntegrationTests" name="Patch_TargetPropertyIsUpdated" /></UnitTest><UnitTest name="Delete_TargetModelIsDeleted" storage="d:\users\steve knipmeyer\documents\github\modelrelief\modelrelief.test\bin\debug\netcoreapp2.0\modelrelief.test.dll" id="fbd5046b-57ba-4db1-9ef8-5e804c242f77"><Execution id="de683ed9-d538-4690-b2a6-36f358acb072" /><TestMethod codeBase="D:\Users\Steve Knipmeyer\Documents\GitHub\ModelRelief\ModelRelief.test\bin\Debug\netcoreapp2.0\ModelRelief.Test.dll" adapterTypeName="executor://xunit/VsTestRunner2/netcoreapp" className="ModelRelief.Test.Integration.Meshes.MeshesBaseIntegrationTests" name="Delete_TargetModelIsDeleted" /></UnitTest><UnitTest name="Patch_MultipleInvalidReferencePropertiesReturnsMultipleValidationErrorsAndBadRequest" storage="d:\users\steve knipmeyer\documents\github\modelrelief\modelrelief.test\bin\debug\netcoreapp2.0\modelrelief.test.dll" id="3b189f43-a223-46ca-9a91-9cf5d1f76d5a"><Execution id="b2edd1fa-7852-4cf7-818f-4fbde972f0d6" /><TestMethod codeBase="D:\Users\Steve Knipmeyer\Documents\GitHub\ModelRelief\ModelRelief.test\bin\Debug\netcoreapp2.0\ModelRelief.Test.dll" adapterTypeName="executor://xunit/VsTestRunner2/netcoreapp" className="ModelRelief.Test.Integration.Meshes.MeshesBaseIntegrationTests" name="Patch_MultipleInvalidReferencePropertiesReturnsMultipleValidationErrorsAndBadRequest" /></UnitTest><UnitTest name="Patch_InvalidEnumPropertyValueReturnsBadRequest" storage="d:\users\steve knipmeyer\documents\github\modelrelief\modelrelief.test\bin\debug\netcoreapp2.0\modelrelief.test.dll" id="5a5b00b3-e645-42de-be4d-4b882e3a76ae"><Execution id="26adc5ab-cb7d-4da1-aff9-57606f947a30" /><TestMethod codeBase="D:\Users\Steve Knipmeyer\Documents\GitHub\ModelRelief\ModelRelief.test\bin\Debug\netcoreapp2.0\ModelRelief.Test.dll" adapterTypeName="executor://xunit/VsTestRunner2/netcoreapp" className="ModelRelief.Test.Integration.Models.ModelsBaseIntegrationTests" name="Patch_InvalidEnumPropertyValueReturnsBadRequest" /></UnitTest><UnitTest name="Patch_InvalidIdPropertyReturnsNotFound" storage="d:\users\steve knipmeyer\documents\github\modelrelief\modelrelief.test\bin\debug\netcoreapp2.0\modelrelief.test.dll" id="1ab72ed4-4e6f-4dab-9f9b-8bb32d524491"><Execution id="69ef2c13-0d07-4ec5-a8b0-ed742acbba1e" /><TestMethod codeBase="D:\Users\Steve Knipmeyer\Documents\GitHub\ModelRelief\ModelRelief.test\bin\Debug\netcoreapp2.0\ModelRelief.Test.dll" adapterTypeName="executor://xunit/VsTestRunner2/netcoreapp" className="ModelRelief.Test.Integration.DepthBuffers.DepthBuffersBaseIntegrationTests" name="Patch_InvalidIdPropertyReturnsNotFound" /></UnitTest><UnitTest name="Post_ValidReferencePropertyCreatesModel" storage="d:\users\steve knipmeyer\documents\github\modelrelief\modelrelief.test\bin\debug\netcoreapp2.0\modelrelief.test.dll" id="3eb683bd-3ba4-416b-90c8-2678930b0bd3"><Execution id="13b73fd0-8062-49cc-8508-82c0b03e3623" /><TestMethod codeBase="D:\Users\Steve Knipmeyer\Documents\GitHub\ModelRelief\ModelRelief.test\bin\Debug\netcoreapp2.0\ModelRelief.Test.dll" adapterTypeName="executor://xunit/VsTestRunner2/netcoreapp" className="ModelRelief.Test.Integration.Meshes.MeshesBaseIntegrationTests" name="Post_ValidReferencePropertyCreatesModel" /></UnitTest><UnitTest name="Post_ValidReferencePropertyCreatesModel" storage="d:\users\steve knipmeyer\documents\github\modelrelief\modelrelief.test\bin\debug\netcoreapp2.0\modelrelief.test.dll" id="504cbbf7-bfd5-415c-b4f6-dabeba9a54a5"><Execution id="a300e58e-c28d-41ba-bdb2-0cf6f13e2153" /><TestMethod codeBase="D:\Users\Steve Knipmeyer\Documents\GitHub\ModelRelief\ModelRelief.test\bin\Debug\netcoreapp2.0\ModelRelief.Test.dll" adapterTypeName="executor://xunit/VsTestRunner2/netcoreapp" className="ModelRelief.Test.Integration.DepthBuffers.DepthBuffersBaseIntegrationTests" name="Post_ValidReferencePropertyCreatesModel" /></UnitTest><UnitTest name="PutFile_FileCanBeUpdated" storage="d:\users\steve knipmeyer\documents\github\modelrelief\modelrelief.test\bin\debug\netcoreapp2.0\modelrelief.test.dll" id="45191f4d-74b3-4368-a383-aa8a887d597d"><Execution id="ae121092-6526-4b87-803a-51397bb4733b" /><TestMethod codeBase="D:\Users\Steve Knipmeyer\Documents\GitHub\ModelRelief\ModelRelief.test\bin\Debug\netcoreapp2.0\ModelRelief.Test.dll" adapterTypeName="executor://xunit/VsTestRunner2/netcoreapp" className="ModelRelief.Test.Integration.Meshes.MeshesFileIntegrationTests" name="PutFile_FileCanBeUpdated" /></UnitTest><UnitTest name="Model3dHasExpectedDependentFiles" storage="d:\users\steve knipmeyer\documents\github\modelrelief\modelrelief.test\bin\debug\netcoreapp2.0\modelrelief.test.dll" id="bd357889-708c-4958-9ae0-2d99d8aa81ea"><Execution id="132a174b-1ff1-4d95-81f1-59227a59efb2" /><TestMethod codeBase="D:\Users\Steve Knipmeyer\Documents\GitHub\ModelRelief\ModelRelief.test\bin\Debug\netcoreapp2.0\ModelRelief.Test.dll" adapterTypeName="executor://xunit/VsTestRunner2/netcoreapp" className="ModelRelief.Test.Unit.DependencyManager.DependencyManagerTests" name="Model3dHasExpectedDependentFiles" /></UnitTest><UnitTest name="GetFile_FileCanBeRoundTripped" storage="d:\users\steve knipmeyer\documents\github\modelrelief\modelrelief.test\bin\debug\netcoreapp2.0\modelrelief.test.dll" id="6574005e-ced1-4e56-ad0a-6aeaced74fcf"><Execution id="0aaaeed1-c35a-4fb7-96e5-af87a91dbb89" /><TestMethod codeBase="D:\Users\Steve Knipmeyer\Documents\GitHub\ModelRelief\ModelRelief.test\bin\Debug\netcoreapp2.0\ModelRelief.Test.dll" adapterTypeName="executor://xunit/VsTestRunner2/netcoreapp" className="ModelRelief.Test.Integration.Models.ModelsFileIntegrationTests" name="GetFile_FileCanBeRoundTripped" /></UnitTest><UnitTest name="LucyDepthBufferFindsOneDependent" storage="d:\users\steve knipmeyer\documents\github\modelrelief\modelrelief.test\bin\debug\netcoreapp2.0\modelrelief.test.dll" id="b7721dfc-b355-4908-b4ee-f0e775168a36"><Execution id="360fb9c4-f03d-44f7-877f-bb6cf44057c8" /><TestMethod codeBase="D:\Users\Steve Knipmeyer\Documents\GitHub\ModelRelief\ModelRelief.test\bin\Debug\netcoreapp2.0\ModelRelief.Test.dll" adapterTypeName="executor://xunit/VsTestRunner2/netcoreapp" className="ModelRelief.Test.Unit.DependencyManager.DependencyManagerTests" name="LucyDepthBufferFindsOneDependent" /></UnitTest><UnitTest name="GetFile_ExistingFileReturnsSuccess" storage="d:\users\steve knipmeyer\documents\github\modelrelief\modelrelief.test\bin\debug\netcoreapp2.0\modelrelief.test.dll" id="fb9183bf-fff0-45b0-855a-decf215e1ed7"><Execution id="1a8cdf50-4bce-4718-b47a-d1adc5cb2b9b" /><TestMethod codeBase="D:\Users\Steve Knipmeyer\Documents\GitHub\ModelRelief\ModelRelief.test\bin\Debug\netcoreapp2.0\ModelRelief.Test.dll" adapterTypeName="executor://xunit/VsTestRunner2/netcoreapp" className="ModelRelief.Test.Integration.Meshes.MeshesFileIntegrationTests" name="GetFile_ExistingFileReturnsSuccess" /></UnitTest><UnitTest name="Post_ValidReferencePropertyCreatesModel" storage="d:\users\steve knipmeyer\documents\github\modelrelief\modelrelief.test\bin\debug\netcoreapp2.0\modelrelief.test.dll" id="1660d066-dce4-4e6e-bde0-a2e1d21b370f"><Execution id="dbdc082d-dfe7-426b-8b3a-9b68a952c353" /><TestMethod codeBase="D:\Users\Steve Knipmeyer\Documents\GitHub\ModelRelief\ModelRelief.test\bin\Debug\netcoreapp2.0\ModelRelief.Test.dll" adapterTypeName="executor://xunit/VsTestRunner2/netcoreapp" className="ModelRelief.Test.Integration.Cameras.CamerasBaseIntegrationTests" name="Post_ValidReferencePropertyCreatesModel" /></UnitTest><UnitTest name="GetList_ListReturnsCorrectCount" storage="d:\users\steve knipmeyer\documents\github\modelrelief\modelrelief.test\bin\debug\netcoreapp2.0\modelrelief.test.dll" id="5096f148-2b6d-40fb-af8a-39df238490c1"><Execution id="aa753da7-6166-4318-8346-20936092aa9f" /><TestMethod codeBase="D:\Users\Steve Knipmeyer\Documents\GitHub\ModelRelief\ModelRelief.test\bin\Debug\netcoreapp2.0\ModelRelief.Test.dll" adapterTypeName="executor://xunit/VsTestRunner2/netcoreapp" className="ModelRelief.Test.Integration.DepthBuffers.DepthBuffersBaseIntegrationTests" name="GetList_ListReturnsCorrectCount" /></UnitTest><UnitTest name="Put_InvalidIdReturnsNotFound" storage="d:\users\steve knipmeyer\documents\github\modelrelief\modelrelief.test\bin\debug\netcoreapp2.0\modelrelief.test.dll" id="8b2127aa-7fcb-46aa-8e08-11997bf2a66c"><Execution id="a112c86f-f145-457f-8e9e-f62a9739731c" /><TestMethod codeBase="D:\Users\Steve Knipmeyer\Documents\GitHub\ModelRelief\ModelRelief.test\bin\Debug\netcoreapp2.0\ModelRelief.Test.dll" adapterTypeName="executor://xunit/VsTestRunner2/netcoreapp" className="ModelRelief.Test.Integration.MeshTransforms.MeshTransformsBaseIntegrationTests" name="Put_InvalidIdReturnsNotFound" /></UnitTest><UnitTest name="LucyCameraFindsAllDependents" storage="d:\users\steve knipmeyer\documents\github\modelrelief\modelrelief.test\bin\debug\netcoreapp2.0\modelrelief.test.dll" id="65dfdf97-d145-4299-b2ab-1bdb3e0c3ffb"><Execution id="e8746acd-cc0b-4a00-904f-477540d3c701" /><TestMethod codeBase="D:\Users\Steve Knipmeyer\Documents\GitHub\ModelRelief\ModelRelief.test\bin\Debug\netcoreapp2.0\ModelRelief.Test.dll" adapterTypeName="executor://xunit/VsTestRunner2/netcoreapp" className="ModelRelief.Test.Unit.DependencyManager.DependencyManagerTests" name="LucyCameraFindsAllDependents" /></UnitTest><UnitTest name="GetList_ListReturnsCorrectCount" storage="d:\users\steve knipmeyer\documents\github\modelrelief\modelrelief.test\bin\debug\netcoreapp2.0\modelrelief.test.dll" id="3276dc30-4534-4964-9f80-de25dd616d8d"><Execution id="1b4301e2-03f2-47f7-938f-696a65bdbaab" /><TestMethod codeBase="D:\Users\Steve Knipmeyer\Documents\GitHub\ModelRelief\ModelRelief.test\bin\Debug\netcoreapp2.0\ModelRelief.Test.dll" adapterTypeName="executor://xunit/VsTestRunner2/netcoreapp" className="ModelRelief.Test.Integration.Meshes.MeshesBaseIntegrationTests" name="GetList_ListReturnsCorrectCount" /></UnitTest><UnitTest name="Put_InvalidReferencePropertyReturndBadRequest" storage="d:\users\steve knipmeyer\documents\github\modelrelief\modelrelief.test\bin\debug\netcoreapp2.0\modelrelief.test.dll" id="db4d155a-d0dc-424b-b99b-4d10fc8aaf3a"><Execution id="4df799e2-a586-4733-b4d4-792271cb95a4" /><TestMethod codeBase="D:\Users\Steve Knipmeyer\Documents\GitHub\ModelRelief\ModelRelief.test\bin\Debug\netcoreapp2.0\ModelRelief.Test.dll" adapterTypeName="executor://xunit/VsTestRunner2/netcoreapp" className="ModelRelief.Test.Integration.Models.ModelsBaseIntegrationTests" name="Put_InvalidReferencePropertyReturndBadRequest" /></UnitTest><UnitTest name="Patch_InvalidEnumPropertyValueReturnsBadRequest" storage="d:\users\steve knipmeyer\documents\github\modelrelief\modelrelief.test\bin\debug\netcoreapp2.0\modelrelief.test.dll" id="e82b9cff-33d5-44a7-b28b-af7e3d9cb96d"><Execution id="fb1aa69b-b6ca-4691-b6e4-06f3df2bbaec" /><TestMethod codeBase="D:\Users\Steve Knipmeyer\Documents\GitHub\ModelRelief\ModelRelief.test\bin\Debug\netcoreapp2.0\ModelRelief.Test.dll" adapterTypeName="executor://xunit/VsTestRunner2/netcoreapp" className="ModelRelief.Test.Integration.Projects.ProjectsBaseIntegrationTests" name="Patch_InvalidEnumPropertyValueReturnsBadRequest" /></UnitTest><UnitTest name="Patch_InvalidPropertyNameReturnsBadRequest" storage="d:\users\steve knipmeyer\documents\github\modelrelief\modelrelief.test\bin\debug\netcoreapp2.0\modelrelief.test.dll" id="ec4d6ee0-ac40-4e86-a292-a5707e9f5781"><Execution id="9c041632-81bd-4859-a6d6-eeac82a7deda" /><TestMethod codeBase="D:\Users\Steve Knipmeyer\Documents\GitHub\ModelRelief\ModelRelief.test\bin\Debug\netcoreapp2.0\ModelRelief.Test.dll" adapterTypeName="executor://xunit/VsTestRunner2/netcoreapp" className="ModelRelief.Test.Integration.Meshes.MeshesBaseIntegrationTests" name="Patch_InvalidPropertyNameReturnsBadRequest" /></UnitTest><UnitTest name="Put_InvalidIdReturnsNotFound" storage="d:\users\steve knipmeyer\documents\github\modelrelief\modelrelief.test\bin\debug\netcoreapp2.0\modelrelief.test.dll" id="bf3f46e3-ce17-4491-8bc4-9dd536a7c701"><Execution id="b3711f66-46fc-4e6d-90ba-c539ae78ef5e" /><TestMethod codeBase="D:\Users\Steve Knipmeyer\Documents\GitHub\ModelRelief\ModelRelief.test\bin\Debug\netcoreapp2.0\ModelRelief.Test.dll" adapterTypeName="executor://xunit/VsTestRunner2/netcoreapp" className="ModelRelief.Test.Integration.Meshes.MeshesBaseIntegrationTests" name="Put_InvalidIdReturnsNotFound" /></UnitTest><UnitTest name="Patch_InvalidReferencePropertyReturnsBadRequest" storage="d:\users\steve knipmeyer\documents\github\modelrelief\modelrelief.test\bin\debug\netcoreapp2.0\modelrelief.test.dll" id="e64fc1f7-bc3a-438a-b88f-59ed30666276"><Execution id="d1204ec3-9606-45f4-990e-dffcfa2e82f2" /><TestMethod codeBase="D:\Users\Steve Knipmeyer\Documents\GitHub\ModelRelief\ModelRelief.test\bin\Debug\netcoreapp2.0\ModelRelief.Test.dll" adapterTypeName="executor://xunit/VsTestRunner2/netcoreapp" className="ModelRelief.Test.Integration.Projects.ProjectsBaseIntegrationTests" name="Patch_InvalidReferencePropertyReturnsBadRequest" /></UnitTest><UnitTest name="PostFile_FileIsSynchronizedIsUpdatedAfterFileIsPosted" storage="d:\users\steve knipmeyer\documents\github\modelrelief\modelrelief.test\bin\debug\netcoreapp2.0\modelrelief.test.dll" id="217c76f7-c625-470c-ac07-910830cd5721"><Execution id="8fabe3b8-569f-41c3-943c-c75ead43e0a8" /><TestMethod codeBase="D:\Users\Steve Knipmeyer\Documents\GitHub\ModelRelief\ModelRelief.test\bin\Debug\netcoreapp2.0\ModelRelief.Test.dll" adapterTypeName="executor://xunit/VsTestRunner2/netcoreapp" className="ModelRelief.Test.Integration.Models.ModelsFileIntegrationTests" name="PostFile_FileIsSynchronizedIsUpdatedAfterFileIsPosted" /></UnitTest><UnitTest name="Patch_MultipleInvalidReferencePropertiesReturnsMultipleValidationErrorsAndBadRequest" storage="d:\users\steve knipmeyer\documents\github\modelrelief\modelrelief.test\bin\debug\netcoreapp2.0\modelrelief.test.dll" id="a29f71d5-5131-48ef-8f14-c5ed9b2e9485"><Execution id="355034ea-1798-4ce4-8404-dfe99e837cd4" /><TestMethod codeBase="D:\Users\Steve Knipmeyer\Documents\GitHub\ModelRelief\ModelRelief.test\bin\Debug\netcoreapp2.0\ModelRelief.Test.dll" adapterTypeName="executor://xunit/VsTestRunner2/netcoreapp" className="ModelRelief.Test.Integration.Cameras.CamerasBaseIntegrationTests" name="Patch_MultipleInvalidReferencePropertiesReturnsMultipleValidationErrorsAndBadRequest" /></UnitTest><UnitTest name="Patch_InvalidEnumPropertyValueReturnsBadRequest" storage="d:\users\steve knipmeyer\documents\github\modelrelief\modelrelief.test\bin\debug\netcoreapp2.0\modelrelief.test.dll" id="21eb1f49-5e09-43a6-9bd6-071d1588a912"><Execution id="c345b480-92c7-4380-b42e-a28e3672c0c9" /><TestMethod codeBase="D:\Users\Steve Knipmeyer\Documents\GitHub\ModelRelief\ModelRelief.test\bin\Debug\netcoreapp2.0\ModelRelief.Test.dll" adapterTypeName="executor://xunit/VsTestRunner2/netcoreapp" className="ModelRelief.Test.Integration.MeshTransforms.MeshTransformsBaseIntegrationTests" name="Patch_InvalidEnumPropertyValueReturnsBadRequest" /></UnitTest><UnitTest name="Put_InvalidIdReturnsNotFound" storage="d:\users\steve knipmeyer\documents\github\modelrelief\modelrelief.test\bin\debug\netcoreapp2.0\modelrelief.test.dll" id="890cffa4-b901-46ec-8612-09e07e40a85a"><Execution id="8e74439c-1c05-4b4d-b68b-3db20893ece5" /><TestMethod codeBase="D:\Users\Steve Knipmeyer\Documents\GitHub\ModelRelief\ModelRelief.test\bin\Debug\netcoreapp2.0\ModelRelief.Test.dll" adapterTypeName="executor://xunit/VsTestRunner2/netcoreapp" className="ModelRelief.Test.Integration.Cameras.CamerasBaseIntegrationTests" name="Put_InvalidIdReturnsNotFound" /></UnitTest><UnitTest name="PostFile_FileTimeStampIsUpdatedAfterFileIsPosted" storage="d:\users\steve knipmeyer\documents\github\modelrelief\modelrelief.test\bin\debug\netcoreapp2.0\modelrelief.test.dll" id="59d7ed75-518d-492b-ad0e-09d8e5102618"><Execution id="6e08503e-0b0b-4cae-931f-9a589bf45377" /><TestMethod codeBase="D:\Users\Steve Knipmeyer\Documents\GitHub\ModelRelief\ModelRelief.test\bin\Debug\netcoreapp2.0\ModelRelief.Test.dll" adapterTypeName="executor://xunit/VsTestRunner2/netcoreapp" className="ModelRelief.Test.Integration.DepthBuffers.DepthBuffersFileIntegrationTests" name="PostFile_FileTimeStampIsUpdatedAfterFileIsPosted" /></UnitTest><UnitTest name="GetSingle_InvalidIdPropertyValueReturnsNotFound" storage="d:\users\steve knipmeyer\documents\github\modelrelief\modelrelief.test\bin\debug\netcoreapp2.0\modelrelief.test.dll" id="c3e42041-e457-4964-8900-19634a43d0f5"><Execution id="891e06fe-3ea8-4dda-a576-8f61050f72c9" /><TestMethod codeBase="D:\Users\Steve Knipmeyer\Documents\GitHub\ModelRelief\ModelRelief.test\bin\Debug\netcoreapp2.0\ModelRelief.Test.dll" adapterTypeName="executor://xunit/VsTestRunner2/netcoreapp" className="ModelRelief.Test.Integration.Meshes.MeshesBaseIntegrationTests" name="GetSingle_InvalidIdPropertyValueReturnsNotFound" /></UnitTest><UnitTest name="GetSingle_InvalidIdPropertyValueReturnsNotFound" storage="d:\users\steve knipmeyer\documents\github\modelrelief\modelrelief.test\bin\debug\netcoreapp2.0\modelrelief.test.dll" id="070f081b-8c1f-4a24-9ae3-2d343f04df57"><Execution id="6ae5cf0a-00f5-4e1b-9c83-35aabaf4e100" /><TestMethod codeBase="D:\Users\Steve Knipmeyer\Documents\GitHub\ModelRelief\ModelRelief.test\bin\Debug\netcoreapp2.0\ModelRelief.Test.dll" adapterTypeName="executor://xunit/VsTestRunner2/netcoreapp" className="ModelRelief.Test.Integration.Projects.ProjectsBaseIntegrationTests" name="GetSingle_InvalidIdPropertyValueReturnsNotFound" /></UnitTest><UnitTest name="Patch_InvalidPropertyNameReturnsBadRequest" storage="d:\users\steve knipmeyer\documents\github\modelrelief\modelrelief.test\bin\debug\netcoreapp2.0\modelrelief.test.dll" id="82ad109f-5c16-49e7-9807-88e708e9b2e7"><Execution id="5f9cc54c-f2c4-41cc-b889-f27ec9212d62" /><TestMethod codeBase="D:\Users\Steve Knipmeyer\Documents\GitHub\ModelRelief\ModelRelief.test\bin\Debug\netcoreapp2.0\ModelRelief.Test.dll" adapterTypeName="executor://xunit/VsTestRunner2/netcoreapp" className="ModelRelief.Test.Integration.DepthBuffers.DepthBuffersBaseIntegrationTests" name="Patch_InvalidPropertyNameReturnsBadRequest" /></UnitTest><UnitTest name="PostFile_FileTimeStampIsUpdatedAfterFileIsPosted" storage="d:\users\steve knipmeyer\documents\github\modelrelief\modelrelief.test\bin\debug\netcoreapp2.0\modelrelief.test.dll" id="ffeec239-eb22-4776-81a5-bd9dc31390b7"><Execution id="9805cdaa-b127-4704-9959-47865e7d1021" /><TestMethod codeBase="D:\Users\Steve Knipmeyer\Documents\GitHub\ModelRelief\ModelRelief.test\bin\Debug\netcoreapp2.0\ModelRelief.Test.dll" adapterTypeName="executor://xunit/VsTestRunner2/netcoreapp" className="ModelRelief.Test.Integration.Models.ModelsFileIntegrationTests" name="PostFile_FileTimeStampIsUpdatedAfterFileIsPosted" /></UnitTest><UnitTest name="Put_InvalidIdReturnsNotFound" storage="d:\users\steve knipmeyer\documents\github\modelrelief\modelrelief.test\bin\debug\netcoreapp2.0\modelrelief.test.dll" id="f4f462cd-ae7e-4138-8fe8-c8dafeb6f9a1"><Execution id="fb9d3d9d-c81b-478c-92e7-0b18815da51f" /><TestMethod codeBase="D:\Users\Steve Knipmeyer\Documents\GitHub\ModelRelief\ModelRelief.test\bin\Debug\netcoreapp2.0\ModelRelief.Test.dll" adapterTypeName="executor://xunit/VsTestRunner2/netcoreapp" className="ModelRelief.Test.Integration.Projects.ProjectsBaseIntegrationTests" name="Put_InvalidIdReturnsNotFound" /></UnitTest><UnitTest name="Post_InvalidPropertyValueReturnsBadRequest" storage="d:\users\steve knipmeyer\documents\github\modelrelief\modelrelief.test\bin\debug\netcoreapp2.0\modelrelief.test.dll" id="e2a1feda-0bc2-45a9-b4a4-98a85f1f177b"><Execution id="aaebf399-1d94-4b11-8288-4a951a7abeb1" /><TestMethod codeBase="D:\Users\Steve Knipmeyer\Documents\GitHub\ModelRelief\ModelRelief.test\bin\Debug\netcoreapp2.0\ModelRelief.Test.dll" adapterTypeName="executor://xunit/VsTestRunner2/netcoreapp" className="ModelRelief.Test.Integration.DepthBuffers.DepthBuffersBaseIntegrationTests" name="Post_InvalidPropertyValueReturnsBadRequest" /></UnitTest><UnitTest name="Post_InvalidPropertyValueReturnsBadRequest" storage="d:\users\steve knipmeyer\documents\github\modelrelief\modelrelief.test\bin\debug\netcoreapp2.0\modelrelief.test.dll" id="ae26cc11-d2c9-4f9c-8b01-9e3f9c689772"><Execution id="5171cda4-dcfa-4965-8ef1-e540adb5408b" /><TestMethod codeBase="D:\Users\Steve Knipmeyer\Documents\GitHub\ModelRelief\ModelRelief.test\bin\Debug\netcoreapp2.0\ModelRelief.Test.dll" adapterTypeName="executor://xunit/VsTestRunner2/netcoreapp" className="ModelRelief.Test.Integration.Cameras.CamerasBaseIntegrationTests" name="Post_InvalidPropertyValueReturnsBadRequest" /></UnitTest><UnitTest name="FileRequest_MeshGenerateSetsFileIsSynchronized" storage="d:\users\steve knipmeyer\documents\github\modelrelief\modelrelief.test\bin\debug\netcoreapp2.0\modelrelief.test.dll" id="abfd38ce-d8c8-418f-ba3a-04d05bfd9124"><Execution id="a55205d6-d491-4e65-8c5b-77723955a791" /><TestMethod codeBase="D:\Users\Steve Knipmeyer\Documents\GitHub\ModelRelief\ModelRelief.test\bin\Debug\netcoreapp2.0\ModelRelief.Test.dll" adapterTypeName="executor://xunit/VsTestRunner2/netcoreapp" className="ModelRelief.Test.Integration.Meshes.MeshesFileIntegrationTests" name="FileRequest_MeshGenerateSetsFileIsSynchronized" /></UnitTest><UnitTest name="Put_CanUpdateModel" storage="d:\users\steve knipmeyer\documents\github\modelrelief\modelrelief.test\bin\debug\netcoreapp2.0\modelrelief.test.dll" id="44a5898d-1f35-432a-aec6-8eaa7d7a79cd"><Execution id="1ab03d59-462b-414b-87d8-8dd3d7460505" /><TestMethod codeBase="D:\Users\Steve Knipmeyer\Documents\GitHub\ModelRelief\ModelRelief.test\bin\Debug\netcoreapp2.0\ModelRelief.Test.dll" adapterTypeName="executor://xunit/VsTestRunner2/netcoreapp" className="ModelRelief.Test.Integration.Meshes.MeshesBaseIntegrationTests" name="Put_CanUpdateModel" /></UnitTest><UnitTest name="CameraHasExpectedDependentFiles" storage="d:\users\steve knipmeyer\documents\github\modelrelief\modelrelief.test\bin\debug\netcoreapp2.0\modelrelief.test.dll" id="822bcb2a-a47d-438c-9701-afff83d1c598"><Execution id="508bea58-f11f-449e-903a-2dc90d8809d3" /><TestMethod codeBase="D:\Users\Steve Knipmeyer\Documents\GitHub\ModelRelief\ModelRelief.test\bin\Debug\netcoreapp2.0\ModelRelief.Test.dll" adapterTypeName="executor://xunit/VsTestRunner2/netcoreapp" className="ModelRelief.Test.Unit.DependencyManager.DependencyManagerTests" name="CameraHasExpectedDependentFiles" /></UnitTest><UnitTest name="Post_InvalidPropertyValueReturnsBadRequest" storage="d:\users\steve knipmeyer\documents\github\modelrelief\modelrelief.test\bin\debug\netcoreapp2.0\modelrelief.test.dll" id="07c049cb-8142-4ce4-99ac-c15543137a9a"><Execution id="402016ec-679a-4282-a0db-d2eb6ae7be97" /><TestMethod codeBase="D:\Users\Steve Knipmeyer\Documents\GitHub\ModelRelief\ModelRelief.test\bin\Debug\netcoreapp2.0\ModelRelief.Test.dll" adapterTypeName="executor://xunit/VsTestRunner2/netcoreapp" className="ModelRelief.Test.Integration.MeshTransforms.MeshTransformsBaseIntegrationTests" name="Post_InvalidPropertyValueReturnsBadRequest" /></UnitTest><UnitTest name="PostFile_FileIsSynchronizedIsUpdatedAfterFileIsPosted" storage="d:\users\steve knipmeyer\documents\github\modelrelief\modelrelief.test\bin\debug\netcoreapp2.0\modelrelief.test.dll" id="e1535dc9-a58c-4483-ae6e-e511613d4d93"><Execution id="09de9582-dc20-4359-91a6-005a118d9775" /><TestMethod codeBase="D:\Users\Steve Knipmeyer\Documents\GitHub\ModelRelief\ModelRelief.test\bin\Debug\netcoreapp2.0\ModelRelief.Test.dll" adapterTypeName="executor://xunit/VsTestRunner2/netcoreapp" className="ModelRelief.Test.Integration.DepthBuffers.DepthBuffersFileIntegrationTests" name="PostFile_FileIsSynchronizedIsUpdatedAfterFileIsPosted" /></UnitTest><UnitTest name="Patch_InvalidReferencePropertyReturnsBadRequest" storage="d:\users\steve knipmeyer\documents\github\modelrelief\modelrelief.test\bin\debug\netcoreapp2.0\modelrelief.test.dll" id="71f86ca3-cace-4913-8488-82bbe6f55cb9"><Execution id="c7806a59-eac4-48ea-8300-3d783eb24cbf" /><TestMethod codeBase="D:\Users\Steve Knipmeyer\Documents\GitHub\ModelRelief\ModelRelief.test\bin\Debug\netcoreapp2.0\ModelRelief.Test.dll" adapterTypeName="executor://xunit/VsTestRunner2/netcoreapp" className="ModelRelief.Test.Integration.DepthBuffers.DepthBuffersBaseIntegrationTests" name="Patch_InvalidReferencePropertyReturnsBadRequest" /></UnitTest><UnitTest name="Post_CanCreateNewModel" storage="d:\users\steve knipmeyer\documents\github\modelrelief\modelrelief.test\bin\debug\netcoreapp2.0\modelrelief.test.dll" id="9ae24de5-4fcf-4e1d-80b1-9886498c3d9b"><Execution id="5d66d03e-c03b-4175-a08b-fa343352d04e" /><TestMethod codeBase="D:\Users\Steve Knipmeyer\Documents\GitHub\ModelRelief\ModelRelief.test\bin\Debug\netcoreapp2.0\ModelRelief.Test.dll" adapterTypeName="executor://xunit/VsTestRunner2/netcoreapp" className="ModelRelief.Test.Integration.MeshTransforms.MeshTransformsBaseIntegrationTests" name="Post_CanCreateNewModel" /></UnitTest><UnitTest name="FileRequest_FileCanBeReadAfterRename" storage="d:\users\steve knipmeyer\documents\github\modelrelief\modelrelief.test\bin\debug\netcoreapp2.0\modelrelief.test.dll" id="c02c84c4-de1f-40f4-980f-9f7fdfab295d"><Execution id="81c18f73-a679-4573-bc13-7af012fa7e1f" /><TestMethod codeBase="D:\Users\Steve Knipmeyer\Documents\GitHub\ModelRelief\ModelRelief.test\bin\Debug\netcoreapp2.0\ModelRelief.Test.dll" adapterTypeName="executor://xunit/VsTestRunner2/netcoreapp" className="ModelRelief.Test.Integration.Models.ModelsFileIntegrationTests" name="FileRequest_FileCanBeReadAfterRename" /></UnitTest><UnitTest name="Patch_TargetPropertyIsUpdated" storage="d:\users\steve knipmeyer\documents\github\modelrelief\modelrelief.test\bin\debug\netcoreapp2.0\modelrelief.test.dll" id="a53e2cb0-bee5-4947-b892-fd30352d08ab"><Execution id="7826f154-e3ed-401a-bba5-223209a33aba" /><TestMethod codeBase="D:\Users\Steve Knipmeyer\Documents\GitHub\ModelRelief\ModelRelief.test\bin\Debug\netcoreapp2.0\ModelRelief.Test.dll" adapterTypeName="executor://xunit/VsTestRunner2/netcoreapp" className="ModelRelief.Test.Integration.Projects.ProjectsBaseIntegrationTests" name="Patch_TargetPropertyIsUpdated" /></UnitTest><UnitTest name="GetSingle_ValidIdPropertyValueReturnsCorrectModel" storage="d:\users\steve knipmeyer\documents\github\modelrelief\modelrelief.test\bin\debug\netcoreapp2.0\modelrelief.test.dll" id="348d8cba-4c3b-455e-9a31-8cbd01f36b2d"><Execution id="67a418be-17ed-4bd2-9204-3f7ad9607460" /><TestMethod codeBase="D:\Users\Steve Knipmeyer\Documents\GitHub\ModelRelief\ModelRelief.test\bin\Debug\netcoreapp2.0\ModelRelief.Test.dll" adapterTypeName="executor://xunit/VsTestRunner2/netcoreapp" className="ModelRelief.Test.Integration.MeshTransforms.MeshTransformsBaseIntegrationTests" name="GetSingle_ValidIdPropertyValueReturnsCorrectModel" /></UnitTest><UnitTest name="GetFile_ExistingFileReturnsSuccess" storage="d:\users\steve knipmeyer\documents\github\modelrelief\modelrelief.test\bin\debug\netcoreapp2.0\modelrelief.test.dll" id="cc826020-f2d9-42da-9558-3db5199e3a5b"><Execution id="545d7d57-ed1a-4666-af3f-26ad893efc29" /><TestMethod codeBase="D:\Users\Steve Knipmeyer\Documents\GitHub\ModelRelief\ModelRelief.test\bin\Debug\netcoreapp2.0\ModelRelief.Test.dll" adapterTypeName="executor://xunit/VsTestRunner2/netcoreapp" className="ModelRelief.Test.Integration.Models.ModelsFileIntegrationTests" name="GetFile_ExistingFileReturnsSuccess" /></UnitTest><UnitTest name="Post_CanCreateNewModel" storage="d:\users\steve knipmeyer\documents\github\modelrelief\modelrelief.test\bin\debug\netcoreapp2.0\modelrelief.test.dll" id="b7522ea1-5998-4d79-9076-5ccdb22409b2"><Execution id="68899509-afc7-4216-8518-e2c7110ba379" /><TestMethod codeBase="D:\Users\Steve Knipmeyer\Documents\GitHub\ModelRelief\ModelRelief.test\bin\Debug\netcoreapp2.0\ModelRelief.Test.dll" adapterTypeName="executor://xunit/VsTestRunner2/netcoreapp" className="ModelRelief.Test.Integration.Cameras.CamerasBaseIntegrationTests" name="Post_CanCreateNewModel" /></UnitTest><UnitTest name="Delete_TargetModelIsDeleted" storage="d:\users\steve knipmeyer\documents\github\modelrelief\modelrelief.test\bin\debug\netcoreapp2.0\modelrelief.test.dll" id="73776838-8019-46e3-8cf7-f3abfd5b8ae2"><Execution id="a8d3e191-ee4d-41eb-9908-fb90116f389d" /><TestMethod codeBase="D:\Users\Steve Knipmeyer\Documents\GitHub\ModelRelief\ModelRelief.test\bin\Debug\netcoreapp2.0\ModelRelief.Test.dll" adapterTypeName="executor://xunit/VsTestRunner2/netcoreapp" className="ModelRelief.Test.Integration.Cameras.CamerasBaseIntegrationTests" name="Delete_TargetModelIsDeleted" /></UnitTest><UnitTest name="GetFile_NonExistentFileReturnsNotFound" storage="d:\users\steve knipmeyer\documents\github\modelrelief\modelrelief.test\bin\debug\netcoreapp2.0\modelrelief.test.dll" id="21a026e2-8602-48f9-9488-12ef4f007dff"><Execution id="30be1b22-01f3-45e0-9787-f4a824d41c7d" /><TestMethod codeBase="D:\Users\Steve Knipmeyer\Documents\GitHub\ModelRelief\ModelRelief.test\bin\Debug\netcoreapp2.0\ModelRelief.Test.dll" adapterTypeName="executor://xunit/VsTestRunner2/netcoreapp" className="ModelRelief.Test.Integration.Models.ModelsFileIntegrationTests" name="GetFile_NonExistentFileReturnsNotFound" /></UnitTest><UnitTest name="GetSingle_InvalidIdPropertyValueReturnsNotFound" storage="d:\users\steve knipmeyer\documents\github\modelrelief\modelrelief.test\bin\debug\netcoreapp2.0\modelrelief.test.dll" id="2935a2a9-4abf-4167-8eb4-c6cca12305f3"><Execution id="e1313b98-0e79-4441-8049-138890a2cda6" /><TestMethod codeBase="D:\Users\Steve Knipmeyer\Documents\GitHub\ModelRelief\ModelRelief.test\bin\Debug\netcoreapp2.0\ModelRelief.Test.dll" adapterTypeName="executor://xunit/VsTestRunner2/netcoreapp" className="ModelRelief.Test.Integration.Cameras.CamerasBaseIntegrationTests" name="GetSingle_InvalidIdPropertyValueReturnsNotFound" /></UnitTest><UnitTest name="Put_ValidReferencePropertyUpdatesModel" storage="d:\users\steve knipmeyer\documents\github\modelrelief\modelrelief.test\bin\debug\netcoreapp2.0\modelrelief.test.dll" id="43000b83-390a-4d15-b231-6140842ae980"><Execution id="036ac224-1da1-4d7e-8f16-af2077273f4f" /><TestMethod codeBase="D:\Users\Steve Knipmeyer\Documents\GitHub\ModelRelief\ModelRelief.test\bin\Debug\netcoreapp2.0\ModelRelief.Test.dll" adapterTypeName="executor://xunit/VsTestRunner2/netcoreapp" className="ModelRelief.Test.Integration.MeshTransforms.MeshTransformsBaseIntegrationTests" name="Put_ValidReferencePropertyUpdatesModel" /></UnitTest><UnitTest name="GetSingle_InvalidIdPropertyValueReturnsNotFound" storage="d:\users\steve knipmeyer\documents\github\modelrelief\modelrelief.test\bin\debug\netcoreapp2.0\modelrelief.test.dll" id="c5e17c64-1a63-44d3-a971-4044b42dc0ed"><Execution id="d5fe5815-f537-4a66-b42e-c7c6ad399edd" /><TestMethod codeBase="D:\Users\Steve Knipmeyer\Documents\GitHub\ModelRelief\ModelRelief.test\bin\Debug\netcoreapp2.0\ModelRelief.Test.dll" adapterTypeName="executor://xunit/VsTestRunner2/netcoreapp" className="ModelRelief.Test.Integration.Models.ModelsBaseIntegrationTests" name="GetSingle_InvalidIdPropertyValueReturnsNotFound" /></UnitTest><UnitTest name="Post_ValidReferencePropertyCreatesModel" storage="d:\users\steve knipmeyer\documents\github\modelrelief\modelrelief.test\bin\debug\netcoreapp2.0\modelrelief.test.dll" id="f1006ac0-6764-49c0-b68e-4eded0aa5870"><Execution id="34973e26-6c03-41c9-a84c-84903c1c1a4f" /><TestMethod codeBase="D:\Users\Steve Knipmeyer\Documents\GitHub\ModelRelief\ModelRelief.test\bin\Debug\netcoreapp2.0\ModelRelief.Test.dll" adapterTypeName="executor://xunit/VsTestRunner2/netcoreapp" className="ModelRelief.Test.Integration.MeshTransforms.MeshTransformsBaseIntegrationTests" name="Post_ValidReferencePropertyCreatesModel" /></UnitTest><UnitTest name="GetFile_ExistingFileReturnsSuccess" storage="d:\users\steve knipmeyer\documents\github\modelrelief\modelrelief.test\bin\debug\netcoreapp2.0\modelrelief.test.dll" id="3644446c-68d9-46ab-aa0a-a5f7f52efcc8"><Execution id="e8bb66cd-a26a-4013-9789-4eaa22c6071e" /><TestMethod codeBase="D:\Users\Steve Knipmeyer\Documents\GitHub\ModelRelief\ModelRelief.test\bin\Debug\netcoreapp2.0\ModelRelief.Test.dll" adapterTypeName="executor://xunit/VsTestRunner2/netcoreapp" className="ModelRelief.Test.Integration.DepthBuffers.DepthBuffersFileIntegrationTests" name="GetFile_ExistingFileReturnsSuccess" /></UnitTest><UnitTest name="Delete_TargetModelIsDeleted" storage="d:\users\steve knipmeyer\documents\github\modelrelief\modelrelief.test\bin\debug\netcoreapp2.0\modelrelief.test.dll" id="52a87fda-a3da-4f32-b985-fa42ada99871"><Execution id="38a1feee-6131-48b8-8896-d55316087495" /><TestMethod codeBase="D:\Users\Steve Knipmeyer\Documents\GitHub\ModelRelief\ModelRelief.test\bin\Debug\netcoreapp2.0\ModelRelief.Test.dll" adapterTypeName="executor://xunit/VsTestRunner2/netcoreapp" className="ModelRelief.Test.Integration.Projects.ProjectsBaseIntegrationTests" name="Delete_TargetModelIsDeleted" /></UnitTest><UnitTest name="GetSingle_ValidIdPropertyValueReturnsCorrectModel" storage="d:\users\steve knipmeyer\documents\github\modelrelief\modelrelief.test\bin\debug\netcoreapp2.0\modelrelief.test.dll" id="7c54699f-b96d-45d3-be95-450c304cbe2d"><Execution id="cfb3df21-cc6d-410f-824c-6cfe08310251" /><TestMethod codeBase="D:\Users\Steve Knipmeyer\Documents\GitHub\ModelRelief\ModelRelief.test\bin\Debug\netcoreapp2.0\ModelRelief.Test.dll" adapterTypeName="executor://xunit/VsTestRunner2/netcoreapp" className="ModelRelief.Test.Integration.Meshes.MeshesBaseIntegrationTests" name="GetSingle_ValidIdPropertyValueReturnsCorrectModel" /></UnitTest><UnitTest name="Post_CanCreateNewModel" storage="d:\users\steve knipmeyer\documents\github\modelrelief\modelrelief.test\bin\debug\netcoreapp2.0\modelrelief.test.dll" id="a003ee68-5bd7-4e69-bd67-6c1fe455cd89"><Execution id="9c122039-24f2-405b-9d82-cec2ba4141ad" /><TestMethod codeBase="D:\Users\Steve Knipmeyer\Documents\GitHub\ModelRelief\ModelRelief.test\bin\Debug\netcoreapp2.0\ModelRelief.Test.dll" adapterTypeName="executor://xunit/VsTestRunner2/netcoreapp" className="ModelRelief.Test.Integration.DepthBuffers.DepthBuffersBaseIntegrationTests" name="Post_CanCreateNewModel" /></UnitTest><UnitTest name="Patch_ValidReferencePropertyUpdatesModel" storage="d:\users\steve knipmeyer\documents\github\modelrelief\modelrelief.test\bin\debug\netcoreapp2.0\modelrelief.test.dll" id="2622ec0c-da17-4982-a847-4d6a54840a34"><Execution id="b15e7681-1f46-4bce-b3ac-5c58d0f0e6a5" /><TestMethod codeBase="D:\Users\Steve Knipmeyer\Documents\GitHub\ModelRelief\ModelRelief.test\bin\Debug\netcoreapp2.0\ModelRelief.Test.dll" adapterTypeName="executor://xunit/VsTestRunner2/netcoreapp" className="ModelRelief.Test.Integration.Models.ModelsBaseIntegrationTests" name="Patch_ValidReferencePropertyUpdatesModel" /></UnitTest><UnitTest name="PostFile_FileTimeStampIsUpdatedAfterFileIsPosted" storage="d:\users\steve knipmeyer\documents\github\modelrelief\modelrelief.test\bin\debug\netcoreapp2.0\modelrelief.test.dll" id="98ee7e0d-a58e-459a-9418-c4e05bd16398"><Execution id="8585af5f-da18-4df8-940d-ceb6a8226c39" /><TestMethod codeBase="D:\Users\Steve Knipmeyer\Documents\GitHub\ModelRelief\ModelRelief.test\bin\Debug\netcoreapp2.0\ModelRelief.Test.dll" adapterTypeName="executor://xunit/VsTestRunner2/netcoreapp" className="ModelRelief.Test.Integration.Meshes.MeshesFileIntegrationTests" name="PostFile_FileTimeStampIsUpdatedAfterFileIsPosted" /></UnitTest><UnitTest name="Patch_InvalidPropertyNameReturnsBadRequest" storage="d:\users\steve knipmeyer\documents\github\modelrelief\modelrelief.test\bin\debug\netcoreapp2.0\modelrelief.test.dll" id="5319583e-d902-46fa-97d1-e7115a8a735e"><Execution id="ff040d21-ae58-4088-b579-18bbd168034e" /><TestMethod codeBase="D:\Users\Steve Knipmeyer\Documents\GitHub\ModelRelief\ModelRelief.test\bin\Debug\netcoreapp2.0\ModelRelief.Test.dll" adapterTypeName="executor://xunit/VsTestRunner2/netcoreapp" className="ModelRelief.Test.Integration.Cameras.CamerasBaseIntegrationTests" name="Patch_InvalidPropertyNameReturnsBadRequest" /></UnitTest><UnitTest name="FileRequest_DepthBufferIsInvalidatedAfterCameraDependencyPropertyChange" storage="d:\users\steve knipmeyer\documents\github\modelrelief\modelrelief.test\bin\debug\netcoreapp2.0\modelrelief.test.dll" id="d511bcdb-a4ee-474d-b453-a5b1fb90a6b9"><Execution id="a1f0ea83-f0d1-4845-8cf0-4b8dfdbc8d67" /><TestMethod codeBase="D:\Users\Steve Knipmeyer\Documents\GitHub\ModelRelief\ModelRelief.test\bin\Debug\netcoreapp2.0\ModelRelief.Test.dll" adapterTypeName="executor://xunit/VsTestRunner2/netcoreapp" className="ModelRelief.Test.Integration.DepthBuffers.DepthBuffersFileIntegrationTests" name="FileRequest_DepthBufferIsInvalidatedAfterCameraDependencyPropertyChange" /></UnitTest><UnitTest name="Put_ValidReferencePropertyUpdatesModel" storage="d:\users\steve knipmeyer\documents\github\modelrelief\modelrelief.test\bin\debug\netcoreapp2.0\modelrelief.test.dll" id="f442dd6a-b52a-4938-9627-724cde31141c"><Execution id="27c0baba-520b-4ca1-87c9-89b42f41bad7" /><TestMethod codeBase="D:\Users\Steve Knipmeyer\Documents\GitHub\ModelRelief\ModelRelief.test\bin\Debug\netcoreapp2.0\ModelRelief.Test.dll" adapterTypeName="executor://xunit/VsTestRunner2/netcoreapp" className="ModelRelief.Test.Integration.DepthBuffers.DepthBuffersBaseIntegrationTests" name="Put_ValidReferencePropertyUpdatesModel" /></UnitTest><UnitTest name="Patch_InvalidEnumPropertyValueReturnsBadRequest" storage="d:\users\steve knipmeyer\documents\github\modelrelief\modelrelief.test\bin\debug\netcoreapp2.0\modelrelief.test.dll" id="64bced65-2983-4356-8f02-e60971b0389d"><Execution id="f31d6883-53e5-4911-aaa9-cd739f39a147" /><TestMethod codeBase="D:\Users\Steve Knipmeyer\Documents\GitHub\ModelRelief\ModelRelief.test\bin\Debug\netcoreapp2.0\ModelRelief.Test.dll" adapterTypeName="executor://xunit/VsTestRunner2/netcoreapp" className="ModelRelief.Test.Integration.DepthBuffers.DepthBuffersBaseIntegrationTests" name="Patch_InvalidEnumPropertyValueReturnsBadRequest" /></UnitTest><UnitTest name="Patch_InvalidReferencePropertyReturnsBadRequest" storage="d:\users\steve knipmeyer\documents\github\modelrelief\modelrelief.test\bin\debug\netcoreapp2.0\modelrelief.test.dll" id="77fd3a3f-fe7f-4680-a7f1-8b399a9faedd"><Execution id="dfc76305-c0d4-4544-a672-1f33899e1a93" /><TestMethod codeBase="D:\Users\Steve Knipmeyer\Documents\GitHub\ModelRelief\ModelRelief.test\bin\Debug\netcoreapp2.0\ModelRelief.Test.dll" adapterTypeName="executor://xunit/VsTestRunner2/netcoreapp" className="ModelRelief.Test.Integration.MeshTransforms.MeshTransformsBaseIntegrationTests" name="Patch_InvalidReferencePropertyReturnsBadRequest" /></UnitTest><UnitTest name="Patch_TargetPropertyIsUpdated" storage="d:\users\steve knipmeyer\documents\github\modelrelief\modelrelief.test\bin\debug\netcoreapp2.0\modelrelief.test.dll" id="0cf3c0e4-4fd6-4e23-929d-68c3a4bc514d"><Execution id="010c981f-d687-4965-a102-14ea22cb97eb" /><TestMethod codeBase="D:\Users\Steve Knipmeyer\Documents\GitHub\ModelRelief\ModelRelief.test\bin\Debug\netcoreapp2.0\ModelRelief.Test.dll" adapterTypeName="executor://xunit/VsTestRunner2/netcoreapp" className="ModelRelief.Test.Integration.DepthBuffers.DepthBuffersBaseIntegrationTests" name="Patch_TargetPropertyIsUpdated" /></UnitTest><UnitTest name="Patch_InvalidPropertyNameReturnsBadRequest" storage="d:\users\steve knipmeyer\documents\github\modelrelief\modelrelief.test\bin\debug\netcoreapp2.0\modelrelief.test.dll" id="a4e86240-95bd-48a4-8e4b-ee069af94dbc"><Execution id="c688a8fc-1648-4c0e-b7ad-d966529fdfce" /><TestMethod codeBase="D:\Users\Steve Knipmeyer\Documents\GitHub\ModelRelief\ModelRelief.test\bin\Debug\netcoreapp2.0\ModelRelief.Test.dll" adapterTypeName="executor://xunit/VsTestRunner2/netcoreapp" className="ModelRelief.Test.Integration.MeshTransforms.MeshTransformsBaseIntegrationTests" name="Patch_InvalidPropertyNameReturnsBadRequest" /></UnitTest><UnitTest name="GetSingle_ValidIdPropertyValueReturnsCorrectModel" storage="d:\users\steve knipmeyer\documents\github\modelrelief\modelrelief.test\bin\debug\netcoreapp2.0\modelrelief.test.dll" id="ca527edf-8945-490f-9789-53039b6be81a"><Execution id="0fbcbed8-40c4-4458-ba54-2234cd4ef824" /><TestMethod codeBase="D:\Users\Steve Knipmeyer\Documents\GitHub\ModelRelief\ModelRelief.test\bin\Debug\netcoreapp2.0\ModelRelief.Test.dll" adapterTypeName="executor://xunit/VsTestRunner2/netcoreapp" className="ModelRelief.Test.Integration.Models.ModelsBaseIntegrationTests" name="GetSingle_ValidIdPropertyValueReturnsCorrectModel" /></UnitTest><UnitTest name="GetSingle_ValidIdPropertyValueReturnsCorrectModel" storage="d:\users\steve knipmeyer\documents\github\modelrelief\modelrelief.test\bin\debug\netcoreapp2.0\modelrelief.test.dll" id="85087167-473f-4068-a4a2-4c19e9d73a83"><Execution id="cce7f96f-6827-4086-99e6-baa0db54c6d3" /><TestMethod codeBase="D:\Users\Steve Knipmeyer\Documents\GitHub\ModelRelief\ModelRelief.test\bin\Debug\netcoreapp2.0\ModelRelief.Test.dll" adapterTypeName="executor://xunit/VsTestRunner2/netcoreapp" className="ModelRelief.Test.Integration.DepthBuffers.DepthBuffersBaseIntegrationTests" name="GetSingle_ValidIdPropertyValueReturnsCorrectModel" /></UnitTest><UnitTest name="GetFile_FileCanBeRoundTripped" storage="d:\users\steve knipmeyer\documents\github\modelrelief\modelrelief.test\bin\debug\netcoreapp2.0\modelrelief.test.dll" id="d261a27a-cfb5-4a9d-b3b7-6e6f3dd5c700"><Execution id="bfbcd2a7-1bd3-4182-9273-14e55e58811a" /><TestMethod codeBase="D:\Users\Steve Knipmeyer\Documents\GitHub\ModelRelief\ModelRelief.test\bin\Debug\netcoreapp2.0\ModelRelief.Test.dll" adapterTypeName="executor://xunit/VsTestRunner2/netcoreapp" className="ModelRelief.Test.Integration.DepthBuffers.DepthBuffersFileIntegrationTests" name="GetFile_FileCanBeRoundTripped" /></UnitTest><UnitTest name="Patch_InvalidPropertyNameReturnsBadRequest" storage="d:\users\steve knipmeyer\documents\github\modelrelief\modelrelief.test\bin\debug\netcoreapp2.0\modelrelief.test.dll" id="8f1bec08-6e16-4dbb-bc43-6c8af580c0af"><Execution id="70fd239a-0575-4555-aa6c-0385f13f14f0" /><TestMethod codeBase="D:\Users\Steve Knipmeyer\Documents\GitHub\ModelRelief\ModelRelief.test\bin\Debug\netcoreapp2.0\ModelRelief.Test.dll" adapterTypeName="executor://xunit/VsTestRunner2/netcoreapp" className="ModelRelief.Test.Integration.Models.ModelsBaseIntegrationTests" name="Patch_InvalidPropertyNameReturnsBadRequest" /></UnitTest><UnitTest name="PutFile_NewFileCanBePut" storage="d:\users\steve knipmeyer\documents\github\modelrelief\modelrelief.test\bin\debug\netcoreapp2.0\modelrelief.test.dll" id="76735442-8832-4dc8-92c6-24512a0a5808"><Execution id="251a6286-4973-42d4-9bc6-79b8f6bcef26" /><TestMethod codeBase="D:\Users\Steve Knipmeyer\Documents\GitHub\ModelRelief\ModelRelief.test\bin\Debug\netcoreapp2.0\ModelRelief.Test.dll" adapterTypeName="executor://xunit/VsTestRunner2/netcoreapp" className="ModelRelief.Test.Integration.Meshes.MeshesFileIntegrationTests" name="PutFile_NewFileCanBePut" /></UnitTest><UnitTest name="Patch_InvalidEnumPropertyValueReturnsBadRequest" storage="d:\users\steve knipmeyer\documents\github\modelrelief\modelrelief.test\bin\debug\netcoreapp2.0\modelrelief.test.dll" id="521a104a-9315-4930-8458-3f2f843e2f2b"><Execution id="beef36f7-16e9-4adc-b2c8-60f0fc9d5ed4" /><TestMethod codeBase="D:\Users\Steve Knipmeyer\Documents\GitHub\ModelRelief\ModelRelief.test\bin\Debug\netcoreapp2.0\ModelRelief.Test.dll" adapterTypeName="executor://xunit/VsTestRunner2/netcoreapp" className="ModelRelief.Test.Integration.Meshes.MeshesBaseIntegrationTests" name="Patch_InvalidEnumPropertyValueReturnsBadRequest" /></UnitTest><UnitTest name="Patch_InvalidReferencePropertyReturnsBadRequest" storage="d:\users\steve knipmeyer\documents\github\modelrelief\modelrelief.test\bin\debug\netcoreapp2.0\modelrelief.test.dll" id="42e9d380-3c7f-485d-84ad-972e7d8c817f"><Execution id="86268f55-fc24-48ea-a348-b23f44c2b260" /><TestMethod codeBase="D:\Users\Steve Knipmeyer\Documents\GitHub\ModelRelief\ModelRelief.test\bin\Debug\netcoreapp2.0\ModelRelief.Test.dll" adapterTypeName="executor://xunit/VsTestRunner2/netcoreapp" className="ModelRelief.Test.Integration.Meshes.MeshesBaseIntegrationTests" name="Patch_InvalidReferencePropertyReturnsBadRequest" /></UnitTest><UnitTest name="Post_InvalidReferencePropertyReturnsBadRequest" storage="d:\users\steve knipmeyer\documents\github\modelrelief\modelrelief.test\bin\debug\netcoreapp2.0\modelrelief.test.dll" id="ce1e950d-495b-4e76-ac64-76e869f39089"><Execution id="8ab169a5-7246-4e0b-8673-25312941b343" /><TestMethod codeBase="D:\Users\Steve Knipmeyer\Documents\GitHub\ModelRelief\ModelRelief.test\bin\Debug\netcoreapp2.0\ModelRelief.Test.dll" adapterTypeName="executor://xunit/VsTestRunner2/netcoreapp" className="ModelRelief.Test.Integration.Models.ModelsBaseIntegrationTests" name="Post_InvalidReferencePropertyReturnsBadRequest" /></UnitTest><UnitTest name="Patch_MultipleInvalidReferencePropertiesReturnsMultipleValidationErrorsAndBadRequest" storage="d:\users\steve knipmeyer\documents\github\modelrelief\modelrelief.test\bin\debug\netcoreapp2.0\modelrelief.test.dll" id="e1ce465b-7248-4a0c-aa26-20764903abfa"><Execution id="d18228c3-a341-4d22-bea1-7e205965b169" /><TestMethod codeBase="D:\Users\Steve Knipmeyer\Documents\GitHub\ModelRelief\ModelRelief.test\bin\Debug\netcoreapp2.0\ModelRelief.Test.dll" adapterTypeName="executor://xunit/VsTestRunner2/netcoreapp" className="ModelRelief.Test.Integration.Projects.ProjectsBaseIntegrationTests" name="Patch_MultipleInvalidReferencePropertiesReturnsMultipleValidationErrorsAndBadRequest" /></UnitTest><UnitTest name="PutFile_NewFileCanBePut" storage="d:\users\steve knipmeyer\documents\github\modelrelief\modelrelief.test\bin\debug\netcoreapp2.0\modelrelief.test.dll" id="371802e0-38ab-4a17-bd35-90230becb2df"><Execution id="a2c09c64-323b-4897-b305-72d4a60cae40" /><TestMethod codeBase="D:\Users\Steve Knipmeyer\Documents\GitHub\ModelRelief\ModelRelief.test\bin\Debug\netcoreapp2.0\ModelRelief.Test.dll" adapterTypeName="executor://xunit/VsTestRunner2/netcoreapp" className="ModelRelief.Test.Integration.DepthBuffers.DepthBuffersFileIntegrationTests" name="PutFile_NewFileCanBePut" /></UnitTest><UnitTest name="Put_InvalidIdReturnsNotFound" storage="d:\users\steve knipmeyer\documents\github\modelrelief\modelrelief.test\bin\debug\netcoreapp2.0\modelrelief.test.dll" id="400bfc53-6c97-4b58-8d2a-ce66d23c86cb"><Execution id="b2ee518e-6f6d-460c-bf37-236c4de6a701" /><TestMethod codeBase="D:\Users\Steve Knipmeyer\Documents\GitHub\ModelRelief\ModelRelief.test\bin\Debug\netcoreapp2.0\ModelRelief.Test.dll" adapterTypeName="executor://xunit/VsTestRunner2/netcoreapp" className="ModelRelief.Test.Integration.Models.ModelsBaseIntegrationTests" name="Put_InvalidIdReturnsNotFound" /></UnitTest><UnitTest name="PostFile_NewFileCanBePosted" storage="d:\users\steve knipmeyer\documents\github\modelrelief\modelrelief.test\bin\debug\netcoreapp2.0\modelrelief.test.dll" id="7edebc29-3690-4b51-82b8-3bfcd1a39e87"><Execution id="d28eaf52-0aac-4a0e-9c85-bafa47bb422c" /><TestMethod codeBase="D:\Users\Steve Knipmeyer\Documents\GitHub\ModelRelief\ModelRelief.test\bin\Debug\netcoreapp2.0\ModelRelief.Test.dll" adapterTypeName="executor://xunit/VsTestRunner2/netcoreapp" className="ModelRelief.Test.Integration.DepthBuffers.DepthBuffersFileIntegrationTests" name="PostFile_NewFileCanBePosted" /></UnitTest><UnitTest name="Patch_ValidReferencePropertyUpdatesModel" storage="d:\users\steve knipmeyer\documents\github\modelrelief\modelrelief.test\bin\debug\netcoreapp2.0\modelrelief.test.dll" id="b5ed59b8-b5d0-4942-9934-a919b48b06c0"><Execution id="cec3f02e-5340-446f-b792-973d33dcb9d7" /><TestMethod codeBase="D:\Users\Steve Knipmeyer\Documents\GitHub\ModelRelief\ModelRelief.test\bin\Debug\netcoreapp2.0\ModelRelief.Test.dll" adapterTypeName="executor://xunit/VsTestRunner2/netcoreapp" className="ModelRelief.Test.Integration.Projects.ProjectsBaseIntegrationTests" name="Patch_ValidReferencePropertyUpdatesModel" /></UnitTest><UnitTest name="Put_InvalidReferencePropertyReturndBadRequest" storage="d:\users\steve knipmeyer\documents\github\modelrelief\modelrelief.test\bin\debug\netcoreapp2.0\modelrelief.test.dll" id="9a90c048-258c-44da-bc61-bd8ef2b35358"><Execution id="4f54a085-9bb5-4576-bfa1-f930ecf4fbe3" /><TestMethod codeBase="D:\Users\Steve Knipmeyer\Documents\GitHub\ModelRelief\ModelRelief.test\bin\Debug\netcoreapp2.0\ModelRelief.Test.dll" adapterTypeName="executor://xunit/VsTestRunner2/netcoreapp" className="ModelRelief.Test.Integration.MeshTransforms.MeshTransformsBaseIntegrationTests" name="Put_InvalidReferencePropertyReturndBadRequest" /></UnitTest><UnitTest name="Patch_InvalidIdPropertyReturnsNotFound" storage="d:\users\steve knipmeyer\documents\github\modelrelief\modelrelief.test\bin\debug\netcoreapp2.0\modelrelief.test.dll" id="74a51d02-71c5-4f4c-adbf-06a1a4b51612"><Execution id="47082c78-b837-47ba-baf9-a2edd151979a" /><TestMethod codeBase="D:\Users\Steve Knipmeyer\Documents\GitHub\ModelRelief\ModelRelief.test\bin\Debug\netcoreapp2.0\ModelRelief.Test.dll" adapterTypeName="executor://xunit/VsTestRunner2/netcoreapp" className="ModelRelief.Test.Integration.MeshTransforms.MeshTransformsBaseIntegrationTests" name="Patch_InvalidIdPropertyReturnsNotFound" /></UnitTest><UnitTest name="GetFile_FileCanBeRoundTripped" storage="d:\users\steve knipmeyer\documents\github\modelrelief\modelrelief.test\bin\debug\netcoreapp2.0\modelrelief.test.dll" id="91c5f637-251a-4d7d-ae38-5e9101eef6b3"><Execution id="cbea0ada-5517-46f4-b239-0b187ea857f8" /><TestMethod codeBase="D:\Users\Steve Knipmeyer\Documents\GitHub\ModelRelief\ModelRelief.test\bin\Debug\netcoreapp2.0\ModelRelief.Test.dll" adapterTypeName="executor://xunit/VsTestRunner2/netcoreapp" className="ModelRelief.Test.Integration.Meshes.MeshesFileIntegrationTests" name="GetFile_FileCanBeRoundTripped" /></UnitTest><UnitTest name="Post_ValidReferencePropertyCreatesModel" storage="d:\users\steve knipmeyer\documents\github\modelrelief\modelrelief.test\bin\debug\netcoreapp2.0\modelrelief.test.dll" id="4301d150-d88a-4b0b-aa5f-f77b23a593b0"><Execution id="e54fbcb9-8994-4a2d-91c1-6f5acda3a9a1" /><TestMethod codeBase="D:\Users\Steve Knipmeyer\Documents\GitHub\ModelRelief\ModelRelief.test\bin\Debug\netcoreapp2.0\ModelRelief.Test.dll" adapterTypeName="executor://xunit/VsTestRunner2/netcoreapp" className="ModelRelief.Test.Integration.Projects.ProjectsBaseIntegrationTests" name="Post_ValidReferencePropertyCreatesModel" /></UnitTest><UnitTest name="GetFile_NonExistentFileReturnsNotFound" storage="d:\users\steve knipmeyer\documents\github\modelrelief\modelrelief.test\bin\debug\netcoreapp2.0\modelrelief.test.dll" id="d52c076a-267c-4271-8b89-bff53ee42143"><Execution id="ba090ffc-e5ed-48c1-b909-2d8897c6edf3" /><TestMethod codeBase="D:\Users\Steve Knipmeyer\Documents\GitHub\ModelRelief\ModelRelief.test\bin\Debug\netcoreapp2.0\ModelRelief.Test.dll" adapterTypeName="executor://xunit/VsTestRunner2/netcoreapp" className="ModelRelief.Test.Integration.Meshes.MeshesFileIntegrationTests" name="GetFile_NonExistentFileReturnsNotFound" /></UnitTest><UnitTest name="Patch_TargetPropertyIsUpdated" storage="d:\users\steve knipmeyer\documents\github\modelrelief\modelrelief.test\bin\debug\netcoreapp2.0\modelrelief.test.dll" id="2368dd96-b004-4282-b300-2f0f608aa4eb"><Execution id="b8e2e5a2-b3c3-4c32-a42b-fdc3e0e6bf07" /><TestMethod codeBase="D:\Users\Steve Knipmeyer\Documents\GitHub\ModelRelief\ModelRelief.test\bin\Debug\netcoreapp2.0\ModelRelief.Test.dll" adapterTypeName="executor://xunit/VsTestRunner2/netcoreapp" className="ModelRelief.Test.Integration.Cameras.CamerasBaseIntegrationTests" name="Patch_TargetPropertyIsUpdated" /></UnitTest><UnitTest name="Put_InvalidReferencePropertyReturndBadRequest" storage="d:\users\steve knipmeyer\documents\github\modelrelief\modelrelief.test\bin\debug\netcoreapp2.0\modelrelief.test.dll" id="504c4cc2-cd7c-4ea1-aa36-6472b7f9c0e5"><Execution id="7f560632-3ce9-49bc-ada0-326f393e811c" /><TestMethod codeBase="D:\Users\Steve Knipmeyer\Documents\GitHub\ModelRelief\ModelRelief.test\bin\Debug\netcoreapp2.0\ModelRelief.Test.dll" adapterTypeName="executor://xunit/VsTestRunner2/netcoreapp" className="ModelRelief.Test.Integration.Meshes.MeshesBaseIntegrationTests" name="Put_InvalidReferencePropertyReturndBadRequest" /></UnitTest></TestDefinitions><TestEntries><TestEntry testId="619641e1-779c-4540-9eac-4cfe0ca1c6c1" executionId="3b6ec5a5-61ec-4b47-886e-50aa7febb686" testListId="8c84fa94-04c1-424b-9868-57a2d4851a1d" /><TestEntry testId="215ce7c9-5bee-4ceb-98a0-13a907c191be" executionId="25956dff-f36f-414c-949e-a0199222c3bf" testListId="8c84fa94-04c1-424b-9868-57a2d4851a1d" /><TestEntry testId="d17da9db-7c9e-4c14-9c71-002f34dcf31c" executionId="381f0831-4a93-40ef-887a-52a50589d962" testListId="8c84fa94-04c1-424b-9868-57a2d4851a1d" /><TestEntry testId="e1ce465b-7248-4a0c-aa26-20764903abfa" executionId="d18228c3-a341-4d22-bea1-7e205965b169" testListId="8c84fa94-04c1-424b-9868-57a2d4851a1d" /><TestEntry testId="6b1a3f1e-b3eb-4919-8330-673e4d1e23b5" executionId="1afbbafe-aee9-40e5-951c-3c923e0561d2" testListId="8c84fa94-04c1-424b-9868-57a2d4851a1d" /><TestEntry testId="5521dea7-8b21-409f-a672-cb310e508775" executionId="b0f507d0-ff97-42e0-8b54-fe3bbccd3181" testListId="8c84fa94-04c1-424b-9868-57a2d4851a1d" /><TestEntry testId="7edebc29-3690-4b51-82b8-3bfcd1a39e87" executionId="d28eaf52-0aac-4a0e-9c85-bafa47bb422c" testListId="8c84fa94-04c1-424b-9868-57a2d4851a1d" /><TestEntry testId="a21213d1-5b3e-40db-8b96-cce1061be402" executionId="b440b02b-c45d-42aa-96eb-1aa63a034bd7" testListId="8c84fa94-04c1-424b-9868-57a2d4851a1d" /><TestEntry testId="d6ee43fd-d3a0-49bd-a4c0-d69481131d51" executionId="bab3cf88-d613-4959-b7e4-e4cfb4a0f9f5" testListId="8c84fa94-04c1-424b-9868-57a2d4851a1d" /><TestEntry testId="2622ec0c-da17-4982-a847-4d6a54840a34" executionId="b15e7681-1f46-4bce-b3ac-5c58d0f0e6a5" testListId="8c84fa94-04c1-424b-9868-57a2d4851a1d" /><TestEntry testId="c87ea66b-cb47-4680-9c60-2fb604c058d0" executionId="53678af6-e6d5-4bf6-a1a0-6f4b0d442c14" testListId="8c84fa94-04c1-424b-9868-57a2d4851a1d" /><TestEntry testId="5912d45e-2a84-41b5-8292-0b287fbb9ab6" executionId="51727199-fb28-4764-acac-1cb027e36365" testListId="8c84fa94-04c1-424b-9868-57a2d4851a1d" /><TestEntry testId="9ae24de5-4fcf-4e1d-80b1-9886498c3d9b" executionId="5d66d03e-c03b-4175-a08b-fa343352d04e" testListId="8c84fa94-04c1-424b-9868-57a2d4851a1d" /><TestEntry testId="3644446c-68d9-46ab-aa0a-a5f7f52efcc8" executionId="e8bb66cd-a26a-4013-9789-4eaa22c6071e" testListId="8c84fa94-04c1-424b-9868-57a2d4851a1d" /><TestEntry testId="3eb683bd-3ba4-416b-90c8-2678930b0bd3" executionId="13b73fd0-8062-49cc-8508-82c0b03e3623" testListId="8c84fa94-04c1-424b-9868-57a2d4851a1d" /><TestEntry testId="070f081b-8c1f-4a24-9ae3-2d343f04df57" executionId="6ae5cf0a-00f5-4e1b-9c83-35aabaf4e100" testListId="8c84fa94-04c1-424b-9868-57a2d4851a1d" /><TestEntry testId="82ad109f-5c16-49e7-9807-88e708e9b2e7" executionId="5f9cc54c-f2c4-41cc-b889-f27ec9212d62" testListId="8c84fa94-04c1-424b-9868-57a2d4851a1d" /><TestEntry testId="f1006ac0-6764-49c0-b68e-4eded0aa5870" executionId="34973e26-6c03-41c9-a84c-84903c1c1a4f" testListId="8c84fa94-04c1-424b-9868-57a2d4851a1d" /><TestEntry testId="e64fc1f7-bc3a-438a-b88f-59ed30666276" executionId="d1204ec3-9606-45f4-990e-dffcfa2e82f2" testListId="8c84fa94-04c1-424b-9868-57a2d4851a1d" /><TestEntry testId="81e838a3-12fc-4977-bebb-d46214c17449" executionId="608a4e38-f831-4607-b636-42cff675aa7a" testListId="8c84fa94-04c1-424b-9868-57a2d4851a1d" /><TestEntry testId="5a5b00b3-e645-42de-be4d-4b882e3a76ae" executionId="26adc5ab-cb7d-4da1-aff9-57606f947a30" testListId="8c84fa94-04c1-424b-9868-57a2d4851a1d" /><TestEntry testId="b6c820d3-a4bb-4504-8fc0-2f1f72d021f9" executionId="c503dd50-e123-4c74-8401-0faa009b8056" testListId="8c84fa94-04c1-424b-9868-57a2d4851a1d" /><TestEntry testId="60b4547a-26e9-40e1-a242-1f7a31ed94f2" executionId="6dc7c5aa-ec1e-4e97-bafb-4733b9e55118" testListId="8c84fa94-04c1-424b-9868-57a2d4851a1d" /><TestEntry testId="63fbb1da-74a1-481a-a8bd-86cecb4e5f72" executionId="ec2dae13-45fc-437a-a1ee-3b654efe6e7c" testListId="8c84fa94-04c1-424b-9868-57a2d4851a1d" /><TestEntry testId="63137f4b-046b-4a95-aeda-b74825682700" executionId="a68c2e16-147a-44d5-a5ed-3532ffb8610e" testListId="8c84fa94-04c1-424b-9868-57a2d4851a1d" /><TestEntry testId="30337ee7-a435-480d-94b2-5bb0bd9f84f4" executionId="11b29572-84dd-40a1-8bb4-a6a682d664d6" testListId="8c84fa94-04c1-424b-9868-57a2d4851a1d" /><TestEntry testId="fb9183bf-fff0-45b0-855a-decf215e1ed7" executionId="1a8cdf50-4bce-4718-b47a-d1adc5cb2b9b" testListId="8c84fa94-04c1-424b-9868-57a2d4851a1d" /><TestEntry testId="8f1bec08-6e16-4dbb-bc43-6c8af580c0af" executionId="70fd239a-0575-4555-aa6c-0385f13f14f0" testListId="8c84fa94-04c1-424b-9868-57a2d4851a1d" /><TestEntry testId="353dd114-5861-4544-82c4-8119e23522fb" executionId="2fb5e68b-8a4e-4056-bb29-3654e37322cf" testListId="8c84fa94-04c1-424b-9868-57a2d4851a1d" /><TestEntry testId="504cbbf7-bfd5-415c-b4f6-dabeba9a54a5" executionId="a300e58e-c28d-41ba-bdb2-0cf6f13e2153" testListId="8c84fa94-04c1-424b-9868-57a2d4851a1d" /><TestEntry testId="c75984ba-505a-4415-8d13-62892398ef8d" executionId="efcaf7c9-b875-466f-add6-8d004d7e8ea7" testListId="8c84fa94-04c1-424b-9868-57a2d4851a1d" /><TestEntry testId="89390237-2705-4cce-84ea-96c5cc73957b" executionId="d08592c2-0ab7-44a7-b43b-48bbd076be35" testListId="8c84fa94-04c1-424b-9868-57a2d4851a1d" /><TestEntry testId="76735442-8832-4dc8-92c6-24512a0a5808" executionId="251a6286-4973-42d4-9bc6-79b8f6bcef26" testListId="8c84fa94-04c1-424b-9868-57a2d4851a1d" /><TestEntry testId="f0edadbf-74b8-476b-b938-c7be081c5e6b" executionId="80bfef85-5bc1-4534-86ae-8548e8711ea0" testListId="8c84fa94-04c1-424b-9868-57a2d4851a1d" /><TestEntry testId="f9a38066-3673-4cc4-b8a1-c6b5bde281c1" executionId="dd5ffb6f-fa1c-4f37-8d05-e29c745a54b8" testListId="8c84fa94-04c1-424b-9868-57a2d4851a1d" /><TestEntry testId="a4a52681-7b34-488c-a6b2-f95d6d7a7054" executionId="242c01d8-1418-4465-8c4a-a0170cc9198f" testListId="8c84fa94-04c1-424b-9868-57a2d4851a1d" /><TestEntry testId="20cf6a40-3634-4ebf-90a0-39a1ebffee79" executionId="3d20d02c-1969-4658-a618-8f95da8351bd" testListId="8c84fa94-04c1-424b-9868-57a2d4851a1d" /><TestEntry testId="a98c733c-88bd-4934-b1ce-51ac6bea969a" executionId="c189fed5-5f60-4111-9438-3158f75e5943" testListId="8c84fa94-04c1-424b-9868-57a2d4851a1d" /><TestEntry testId="77fd3a3f-fe7f-4680-a7f1-8b399a9faedd" executionId="dfc76305-c0d4-4544-a672-1f33899e1a93" testListId="8c84fa94-04c1-424b-9868-57a2d4851a1d" /><TestEntry testId="bd357889-708c-4958-9ae0-2d99d8aa81ea" executionId="132a174b-1ff1-4d95-81f1-59227a59efb2" testListId="8c84fa94-04c1-424b-9868-57a2d4851a1d" /><TestEntry testId="83084f06-2e39-4666-8bd7-560db683bda8" executionId="c236eb8c-0a33-4e85-a8cb-8b10089687db" testListId="8c84fa94-04c1-424b-9868-57a2d4851a1d" /><TestEntry testId="21a026e2-8602-48f9-9488-12ef4f007dff" executionId="30be1b22-01f3-45e0-9787-f4a824d41c7d" testListId="8c84fa94-04c1-424b-9868-57a2d4851a1d" /><TestEntry testId="ffeec239-eb22-4776-81a5-bd9dc31390b7" executionId="9805cdaa-b127-4704-9959-47865e7d1021" testListId="8c84fa94-04c1-424b-9868-57a2d4851a1d" /><TestEntry testId="fa99ced0-70ae-4eca-a966-ae5e071a2234" executionId="03964ce7-1a90-4060-9b9e-eb1064c2de4c" testListId="8c84fa94-04c1-424b-9868-57a2d4851a1d" /><TestEntry testId="f4f462cd-ae7e-4138-8fe8-c8dafeb6f9a1" executionId="fb9d3d9d-c81b-478c-92e7-0b18815da51f" testListId="8c84fa94-04c1-424b-9868-57a2d4851a1d" /><TestEntry testId="964ad4e7-4db0-47c8-9d21-278151aab772" executionId="72cfe37c-e230-4cb1-a9f9-8300c9660b07" testListId="8c84fa94-04c1-424b-9868-57a2d4851a1d" /><TestEntry testId="ca527edf-8945-490f-9789-53039b6be81a" executionId="0fbcbed8-40c4-4458-ba54-2234cd4ef824" testListId="8c84fa94-04c1-424b-9868-57a2d4851a1d" /><TestEntry testId="52a87fda-a3da-4f32-b985-fa42ada99871" executionId="38a1feee-6131-48b8-8896-d55316087495" testListId="8c84fa94-04c1-424b-9868-57a2d4851a1d" /><TestEntry testId="b96c5b94-b7d5-419e-948b-48057da95241" executionId="b03a2186-93e2-4c57-95fd-96b2fe564757" testListId="8c84fa94-04c1-424b-9868-57a2d4851a1d" /><TestEntry testId="26ae5b53-f32b-4b09-a9a9-bdfd236dc0b4" executionId="3fc71349-2788-47d4-b70c-3aea3b45b250" testListId="8c84fa94-04c1-424b-9868-57a2d4851a1d" /><TestEntry testId="e7935522-1321-4ec8-b694-faa447aa973b" executionId="21abc540-3aaa-4d4a-b822-4ea6166dceb0" testListId="8c84fa94-04c1-424b-9868-57a2d4851a1d" /><TestEntry testId="8c0000ae-e355-4808-bd0b-01745cbb76fe" executionId="782787ce-6efa-49ac-8af8-22857356895c" testListId="8c84fa94-04c1-424b-9868-57a2d4851a1d" /><TestEntry testId="25dd18cd-5d9a-44fe-9d66-4184e3159ef9" executionId="6b83e5bf-e578-40d8-979b-ba483b402c4e" testListId="8c84fa94-04c1-424b-9868-57a2d4851a1d" /><TestEntry testId="d2310dc0-fad4-4d05-a191-8b863ad88c8a" executionId="24f6bdf8-eff1-4d47-9c34-a56e7411f525" testListId="8c84fa94-04c1-424b-9868-57a2d4851a1d" /><TestEntry testId="bfb47008-82c3-4b0e-8874-26f49be731e5" executionId="f3ff9be1-36d7-43e7-aa10-248ec58e2afe" testListId="8c84fa94-04c1-424b-9868-57a2d4851a1d" /><TestEntry testId="5319583e-d902-46fa-97d1-e7115a8a735e" executionId="ff040d21-ae58-4088-b579-18bbd168034e" testListId="8c84fa94-04c1-424b-9868-57a2d4851a1d" /><TestEntry testId="8e4bd716-db4c-4429-973b-17b0fc3e6e0e" executionId="e008c4d2-8f18-4484-97ef-a22dca08b3e3" testListId="8c84fa94-04c1-424b-9868-57a2d4851a1d" /><TestEntry testId="fbd5046b-57ba-4db1-9ef8-5e804c242f77" executionId="de683ed9-d538-4690-b2a6-36f358acb072" testListId="8c84fa94-04c1-424b-9868-57a2d4851a1d" /><TestEntry testId="a53e2cb0-bee5-4947-b892-fd30352d08ab" executionId="7826f154-e3ed-401a-bba5-223209a33aba" testListId="8c84fa94-04c1-424b-9868-57a2d4851a1d" /><TestEntry testId="7ac2b767-f65e-42af-b4df-25e35db60e0e" executionId="5c1d1dc3-be5c-4879-b0bf-62ab4838021a" testListId="8c84fa94-04c1-424b-9868-57a2d4851a1d" /><TestEntry testId="cb8bf1f2-3220-4463-bd34-df0d18b957e6" executionId="f2d10e79-fbcf-417a-9f58-2d921578c79e" testListId="8c84fa94-04c1-424b-9868-57a2d4851a1d" /><TestEntry testId="d0baa9f6-8d79-4238-869c-49250cbce67f" executionId="8749136e-40e1-456c-ad8a-d0464b79d619" testListId="8c84fa94-04c1-424b-9868-57a2d4851a1d" /><TestEntry testId="6f2d20cb-a546-46db-9ae0-0d6acd4fd99d" executionId="58adad38-1499-4db6-a75d-4dd1d4e4556f" testListId="8c84fa94-04c1-424b-9868-57a2d4851a1d" /><TestEntry testId="d511bcdb-a4ee-474d-b453-a5b1fb90a6b9" executionId="a1f0ea83-f0d1-4845-8cf0-4b8dfdbc8d67" testListId="8c84fa94-04c1-424b-9868-57a2d4851a1d" /><TestEntry testId="21eb1f49-5e09-43a6-9bd6-071d1588a912" executionId="c345b480-92c7-4380-b42e-a28e3672c0c9" testListId="8c84fa94-04c1-424b-9868-57a2d4851a1d" /><TestEntry testId="ce1e950d-495b-4e76-ac64-76e869f39089" executionId="8ab169a5-7246-4e0b-8673-25312941b343" testListId="8c84fa94-04c1-424b-9868-57a2d4851a1d" /><TestEntry testId="2e43fd44-b81c-4778-b271-13afe5414813" executionId="276e4056-8a8f-4a25-9627-91b93e8308f0" testListId="8c84fa94-04c1-424b-9868-57a2d4851a1d" /><TestEntry testId="71f86ca3-cace-4913-8488-82bbe6f55cb9" executionId="c7806a59-eac4-48ea-8300-3d783eb24cbf" testListId="8c84fa94-04c1-424b-9868-57a2d4851a1d" /><TestEntry testId="64bced65-2983-4356-8f02-e60971b0389d" executionId="f31d6883-53e5-4911-aaa9-cd739f39a147" testListId="8c84fa94-04c1-424b-9868-57a2d4851a1d" /><TestEntry testId="98ee7e0d-a58e-459a-9418-c4e05bd16398" executionId="8585af5f-da18-4df8-940d-ceb6a8226c39" testListId="8c84fa94-04c1-424b-9868-57a2d4851a1d" /><TestEntry testId="825341bd-22e0-4bfa-a96c-04ff3ac9114c" executionId="5dd40957-0128-421c-b3b8-015ad59c31f0" testListId="8c84fa94-04c1-424b-9868-57a2d4851a1d" /><TestEntry testId="c5e17c64-1a63-44d3-a971-4044b42dc0ed" executionId="d5fe5815-f537-4a66-b42e-c7c6ad399edd" testListId="8c84fa94-04c1-424b-9868-57a2d4851a1d" /><TestEntry testId="010e0841-a705-4ab8-8e31-ba23abf003b6" executionId="5a0a49b3-b2af-4f78-9b29-fccdcc2295b3" testListId="8c84fa94-04c1-424b-9868-57a2d4851a1d" /><TestEntry testId="d52c076a-267c-4271-8b89-bff53ee42143" executionId="ba090ffc-e5ed-48c1-b909-2d8897c6edf3" testListId="8c84fa94-04c1-424b-9868-57a2d4851a1d" /><TestEntry testId="2fbbc430-837f-4f8f-aa49-b174b887871d" executionId="85f71658-5aaf-4b6b-a29a-71d4c02687cc" testListId="8c84fa94-04c1-424b-9868-57a2d4851a1d" /><TestEntry testId="cd14ef8c-9002-4035-b0e3-4bd19a605d30" executionId="4753c7ab-7c6a-46d5-bf04-c7e6285fddfa" testListId="8c84fa94-04c1-424b-9868-57a2d4851a1d" /><TestEntry testId="c02c84c4-de1f-40f4-980f-9f7fdfab295d" executionId="81c18f73-a679-4573-bc13-7af012fa7e1f" testListId="8c84fa94-04c1-424b-9868-57a2d4851a1d" /><TestEntry testId="521a104a-9315-4930-8458-3f2f843e2f2b" executionId="beef36f7-16e9-4adc-b2c8-60f0fc9d5ed4" testListId="8c84fa94-04c1-424b-9868-57a2d4851a1d" /><TestEntry testId="07c049cb-8142-4ce4-99ac-c15543137a9a" executionId="402016ec-679a-4282-a0db-d2eb6ae7be97" testListId="8c84fa94-04c1-424b-9868-57a2d4851a1d" /><TestEntry testId="4ac7ccbb-b400-4867-8643-2aa5545c69f4" executionId="35e3ec82-30bf-4c1f-bd33-6f90bf812576" testListId="8c84fa94-04c1-424b-9868-57a2d4851a1d" /><TestEntry testId="37562ff3-3840-4b11-bb3e-8d4adb2e8323" executionId="ff95a6d2-743c-4c79-bb6e-ae60f983b740" testListId="8c84fa94-04c1-424b-9868-57a2d4851a1d" /><TestEntry testId="65dfdf97-d145-4299-b2ab-1bdb3e0c3ffb" executionId="e8746acd-cc0b-4a00-904f-477540d3c701" testListId="8c84fa94-04c1-424b-9868-57a2d4851a1d" /><TestEntry testId="371802e0-38ab-4a17-bd35-90230becb2df" executionId="a2c09c64-323b-4897-b305-72d4a60cae40" testListId="8c84fa94-04c1-424b-9868-57a2d4851a1d" /><TestEntry testId="abfd38ce-d8c8-418f-ba3a-04d05bfd9124" executionId="a55205d6-d491-4e65-8c5b-77723955a791" testListId="8c84fa94-04c1-424b-9868-57a2d4851a1d" /><TestEntry testId="2935a2a9-4abf-4167-8eb4-c6cca12305f3" executionId="e1313b98-0e79-4441-8049-138890a2cda6" testListId="8c84fa94-04c1-424b-9868-57a2d4851a1d" /><TestEntry testId="d261a27a-cfb5-4a9d-b3b7-6e6f3dd5c700" executionId="bfbcd2a7-1bd3-4182-9273-14e55e58811a" testListId="8c84fa94-04c1-424b-9868-57a2d4851a1d" /><TestEntry testId="0cf3c0e4-4fd6-4e23-929d-68c3a4bc514d" executionId="010c981f-d687-4965-a102-14ea22cb97eb" testListId="8c84fa94-04c1-424b-9868-57a2d4851a1d" /><TestEntry testId="7c54699f-b96d-45d3-be95-450c304cbe2d" executionId="cfb3df21-cc6d-410f-824c-6cfe08310251" testListId="8c84fa94-04c1-424b-9868-57a2d4851a1d" /><TestEntry testId="475d68b2-5d3f-4480-b749-2293f2f670ec" executionId="5a5d9738-2c0f-48d9-ba34-54c53d7b47a7" testListId="8c84fa94-04c1-424b-9868-57a2d4851a1d" /><TestEntry testId="7697ff1b-cbda-49c5-ae59-f5e90d6d06af" executionId="35dde887-fd0c-41d9-a410-94596c57ff66" testListId="8c84fa94-04c1-424b-9868-57a2d4851a1d" /><TestEntry testId="fdf4c19a-257c-42ca-9065-bce6e5edc04a" executionId="4c64b4af-c52c-44e8-a823-590c21dd87e4" testListId="8c84fa94-04c1-424b-9868-57a2d4851a1d" /><TestEntry testId="f442dd6a-b52a-4938-9627-724cde31141c" executionId="27c0baba-520b-4ca1-87c9-89b42f41bad7" testListId="8c84fa94-04c1-424b-9868-57a2d4851a1d" /><TestEntry testId="42e9d380-3c7f-485d-84ad-972e7d8c817f" executionId="86268f55-fc24-48ea-a348-b23f44c2b260" testListId="8c84fa94-04c1-424b-9868-57a2d4851a1d" /><TestEntry testId="86c44b28-6c29-497e-8dfb-082b3e57410e" executionId="ab62baf0-f43e-4254-aece-c425602c7807" testListId="8c84fa94-04c1-424b-9868-57a2d4851a1d" /><TestEntry testId="45191f4d-74b3-4368-a383-aa8a887d597d" executionId="ae121092-6526-4b87-803a-51397bb4733b" testListId="8c84fa94-04c1-424b-9868-57a2d4851a1d" /><TestEntry testId="58dd392f-9c08-490a-a038-5cd70b955fc6" executionId="70c31ee6-6c45-4bfd-9e4f-9e5e9fd8fd75" testListId="8c84fa94-04c1-424b-9868-57a2d4851a1d" /><TestEntry testId="a29f71d5-5131-48ef-8f14-c5ed9b2e9485" executionId="355034ea-1798-4ce4-8404-dfe99e837cd4" testListId="8c84fa94-04c1-424b-9868-57a2d4851a1d" /><TestEntry testId="1660d066-dce4-4e6e-bde0-a2e1d21b370f" executionId="dbdc082d-dfe7-426b-8b3a-9b68a952c353" testListId="8c84fa94-04c1-424b-9868-57a2d4851a1d" /><TestEntry testId="67e469ca-397c-4a84-979d-aaea32922c2b" executionId="3b4b877b-4c00-42bd-8d8e-aace362ec47a" testListId="8c84fa94-04c1-424b-9868-57a2d4851a1d" /><TestEntry testId="bf3f46e3-ce17-4491-8bc4-9dd536a7c701" executionId="b3711f66-46fc-4e6d-90ba-c539ae78ef5e" testListId="8c84fa94-04c1-424b-9868-57a2d4851a1d" /><TestEntry testId="1046ac09-08a1-419f-b690-4945659dca41" executionId="c4446208-4995-436b-9de9-74440919c1a4" testListId="8c84fa94-04c1-424b-9868-57a2d4851a1d" /><TestEntry testId="eafb70ce-fa7c-40f5-95d9-43cb6e2380db" executionId="3f4cf809-9779-4b7e-aafb-a83f6c27ba48" testListId="8c84fa94-04c1-424b-9868-57a2d4851a1d" /><TestEntry testId="b7721dfc-b355-4908-b4ee-f0e775168a36" executionId="360fb9c4-f03d-44f7-877f-bb6cf44057c8" testListId="8c84fa94-04c1-424b-9868-57a2d4851a1d" /><TestEntry testId="890cffa4-b901-46ec-8612-09e07e40a85a" executionId="8e74439c-1c05-4b4d-b68b-3db20893ece5" testListId="8c84fa94-04c1-424b-9868-57a2d4851a1d" /><TestEntry testId="504c4cc2-cd7c-4ea1-aa36-6472b7f9c0e5" executionId="7f560632-3ce9-49bc-ada0-326f393e811c" testListId="8c84fa94-04c1-424b-9868-57a2d4851a1d" /><TestEntry testId="4badc0fd-6d20-43bc-a695-bdbff5dbc17e" executionId="80bbbe77-e8ba-4a58-9af6-783435a56deb" testListId="8c84fa94-04c1-424b-9868-57a2d4851a1d" /><TestEntry testId="91c5f637-251a-4d7d-ae38-5e9101eef6b3" executionId="cbea0ada-5517-46f4-b239-0b187ea857f8" testListId="8c84fa94-04c1-424b-9868-57a2d4851a1d" /><TestEntry testId="217c76f7-c625-470c-ac07-910830cd5721" executionId="8fabe3b8-569f-41c3-943c-c75ead43e0a8" testListId="8c84fa94-04c1-424b-9868-57a2d4851a1d" /><TestEntry testId="b1f9404c-3b9d-40b5-b483-317972711d65" executionId="eae9f445-c0ae-4ba5-87e0-6d21b86e99f6" testListId="8c84fa94-04c1-424b-9868-57a2d4851a1d" /><TestEntry testId="a003ee68-5bd7-4e69-bd67-6c1fe455cd89" executionId="9c122039-24f2-405b-9d82-cec2ba4141ad" testListId="8c84fa94-04c1-424b-9868-57a2d4851a1d" /><TestEntry testId="c3e42041-e457-4964-8900-19634a43d0f5" executionId="891e06fe-3ea8-4dda-a576-8f61050f72c9" testListId="8c84fa94-04c1-424b-9868-57a2d4851a1d" /><TestEntry testId="6574005e-ced1-4e56-ad0a-6aeaced74fcf" executionId="0aaaeed1-c35a-4fb7-96e5-af87a91dbb89" testListId="8c84fa94-04c1-424b-9868-57a2d4851a1d" /><TestEntry testId="b7522ea1-5998-4d79-9076-5ccdb22409b2" executionId="68899509-afc7-4216-8518-e2c7110ba379" testListId="8c84fa94-04c1-424b-9868-57a2d4851a1d" /><TestEntry testId="a4e86240-95bd-48a4-8e4b-ee069af94dbc" executionId="c688a8fc-1648-4c0e-b7ad-d966529fdfce" testListId="8c84fa94-04c1-424b-9868-57a2d4851a1d" /><TestEntry testId="e82b9cff-33d5-44a7-b28b-af7e3d9cb96d" executionId="fb1aa69b-b6ca-4691-b6e4-06f3df2bbaec" testListId="8c84fa94-04c1-424b-9868-57a2d4851a1d" /><TestEntry testId="ec4d6ee0-ac40-4e86-a292-a5707e9f5781" executionId="9c041632-81bd-4859-a6d6-eeac82a7deda" testListId="8c84fa94-04c1-424b-9868-57a2d4851a1d" /><TestEntry testId="aa3f758b-bda9-4547-9e60-c0ecfd1a2365" executionId="ce407bcd-c41b-4057-b2b2-27936447f351" testListId="8c84fa94-04c1-424b-9868-57a2d4851a1d" /><TestEntry testId="822bcb2a-a47d-438c-9701-afff83d1c598" executionId="508bea58-f11f-449e-903a-2dc90d8809d3" testListId="8c84fa94-04c1-424b-9868-57a2d4851a1d" /><TestEntry testId="b5ed59b8-b5d0-4942-9934-a919b48b06c0" executionId="cec3f02e-5340-446f-b792-973d33dcb9d7" testListId="8c84fa94-04c1-424b-9868-57a2d4851a1d" /><TestEntry testId="e1535dc9-a58c-4483-ae6e-e511613d4d93" executionId="09de9582-dc20-4359-91a6-005a118d9775" testListId="8c84fa94-04c1-424b-9868-57a2d4851a1d" /><TestEntry testId="db4d155a-d0dc-424b-b99b-4d10fc8aaf3a" executionId="4df799e2-a586-4733-b4d4-792271cb95a4" testListId="8c84fa94-04c1-424b-9868-57a2d4851a1d" /><TestEntry testId="73776838-8019-46e3-8cf7-f3abfd5b8ae2" executionId="a8d3e191-ee4d-41eb-9908-fb90116f389d" testListId="8c84fa94-04c1-424b-9868-57a2d4851a1d" /><TestEntry testId="fc035cec-caa4-4f94-849b-76554e0add68" executionId="c6d0e34b-c95f-4f63-bfe3-7eda2137b26e" testListId="8c84fa94-04c1-424b-9868-57a2d4851a1d" /><TestEntry testId="3b189f43-a223-46ca-9a91-9cf5d1f76d5a" executionId="b2edd1fa-7852-4cf7-818f-4fbde972f0d6" testListId="8c84fa94-04c1-424b-9868-57a2d4851a1d" /><TestEntry testId="44a5898d-1f35-432a-aec6-8eaa7d7a79cd" executionId="1ab03d59-462b-414b-87d8-8dd3d7460505" testListId="8c84fa94-04c1-424b-9868-57a2d4851a1d" /><TestEntry testId="43000b83-390a-4d15-b231-6140842ae980" executionId="036ac224-1da1-4d7e-8f16-af2077273f4f" testListId="8c84fa94-04c1-424b-9868-57a2d4851a1d" /><TestEntry testId="348d8cba-4c3b-455e-9a31-8cbd01f36b2d" executionId="67a418be-17ed-4bd2-9204-3f7ad9607460" testListId="8c84fa94-04c1-424b-9868-57a2d4851a1d" /><TestEntry testId="28a9f7f2-c66e-4cd7-a541-fa8f559156f1" executionId="bbc0df28-55de-46ca-b6b9-d43dae7ba1b9" testListId="8c84fa94-04c1-424b-9868-57a2d4851a1d" /><TestEntry testId="e6d60694-43e7-47f0-8bb6-0507e94f4df3" executionId="91e09373-877d-4653-b67d-fd1aa39fdc50" testListId="8c84fa94-04c1-424b-9868-57a2d4851a1d" /><TestEntry testId="7554cc10-9994-4c11-a633-6631dcfe1570" executionId="9875f107-542b-46f0-8b28-e1a2b5bf5693" testListId="8c84fa94-04c1-424b-9868-57a2d4851a1d" /><TestEntry testId="1a3d6f49-2497-49fd-adfe-743992cb6617" executionId="2aa5f992-dd16-483f-993e-eb9a79c32e05" testListId="8c84fa94-04c1-424b-9868-57a2d4851a1d" /><TestEntry testId="9a90c048-258c-44da-bc61-bd8ef2b35358" executionId="4f54a085-9bb5-4576-bfa1-f930ecf4fbe3" testListId="8c84fa94-04c1-424b-9868-57a2d4851a1d" /><TestEntry testId="c665e948-0334-40ff-ac41-a819061b9233" executionId="a40431d6-d66e-4cf0-8996-76a934da7f09" testListId="8c84fa94-04c1-424b-9868-57a2d4851a1d" /><TestEntry testId="2368dd96-b004-4282-b300-2f0f608aa4eb" executionId="b8e2e5a2-b3c3-4c32-a42b-fdc3e0e6bf07" testListId="8c84fa94-04c1-424b-9868-57a2d4851a1d" /><TestEntry testId="59d7ed75-518d-492b-ad0e-09d8e5102618" executionId="6e08503e-0b0b-4cae-931f-9a589bf45377" testListId="8c84fa94-04c1-424b-9868-57a2d4851a1d" /><TestEntry testId="3276dc30-4534-4964-9f80-de25dd616d8d" executionId="1b4301e2-03f2-47f7-938f-696a65bdbaab" testListId="8c84fa94-04c1-424b-9868-57a2d4851a1d" /><TestEntry testId="f394ddb0-bef1-42ad-b1f5-133e13400890" executionId="4410cad0-d06a-4bbd-a556-a44bfe56f020" testListId="8c84fa94-04c1-424b-9868-57a2d4851a1d" /><TestEntry testId="74a51d02-71c5-4f4c-adbf-06a1a4b51612" executionId="47082c78-b837-47ba-baf9-a2edd151979a" testListId="8c84fa94-04c1-424b-9868-57a2d4851a1d" /><TestEntry testId="538f84ed-85c3-4217-9b18-b1e5af55ea1f" executionId="fb13ca20-59b2-4255-81f8-452669a7fcf0" testListId="8c84fa94-04c1-424b-9868-57a2d4851a1d" /><TestEntry testId="8b2127aa-7fcb-46aa-8e08-11997bf2a66c" executionId="a112c86f-f145-457f-8e9e-f62a9739731c" testListId="8c84fa94-04c1-424b-9868-57a2d4851a1d" /><TestEntry testId="8956e67b-c0ee-4ec9-92ac-69c0bfce63b8" executionId="7c4d2f3b-827e-40ef-8428-2c78b160a5d6" testListId="8c84fa94-04c1-424b-9868-57a2d4851a1d" /><TestEntry testId="cc826020-f2d9-42da-9558-3db5199e3a5b" executionId="545d7d57-ed1a-4666-af3f-26ad893efc29" testListId="8c84fa94-04c1-424b-9868-57a2d4851a1d" /><TestEntry testId="ce534532-87a8-4e9e-8bce-ea47841182c7" executionId="a788406e-3c7f-4f24-9058-d072b0ac3476" testListId="8c84fa94-04c1-424b-9868-57a2d4851a1d" /><TestEntry testId="e2a1feda-0bc2-45a9-b4a4-98a85f1f177b" executionId="aaebf399-1d94-4b11-8288-4a951a7abeb1" testListId="8c84fa94-04c1-424b-9868-57a2d4851a1d" /><TestEntry testId="ae26cc11-d2c9-4f9c-8b01-9e3f9c689772" executionId="5171cda4-dcfa-4965-8ef1-e540adb5408b" testListId="8c84fa94-04c1-424b-9868-57a2d4851a1d" /><TestEntry testId="85087167-473f-4068-a4a2-4c19e9d73a83" executionId="cce7f96f-6827-4086-99e6-baa0db54c6d3" testListId="8c84fa94-04c1-424b-9868-57a2d4851a1d" /><TestEntry testId="5096f148-2b6d-40fb-af8a-39df238490c1" executionId="aa753da7-6166-4318-8346-20936092aa9f" testListId="8c84fa94-04c1-424b-9868-57a2d4851a1d" /><TestEntry testId="4301d150-d88a-4b0b-aa5f-f77b23a593b0" executionId="e54fbcb9-8994-4a2d-91c1-6f5acda3a9a1" testListId="8c84fa94-04c1-424b-9868-57a2d4851a1d" /><TestEntry testId="400bfc53-6c97-4b58-8d2a-ce66d23c86cb" executionId="b2ee518e-6f6d-460c-bf37-236c4de6a701" testListId="8c84fa94-04c1-424b-9868-57a2d4851a1d" /><TestEntry testId="b13e4e5e-29c8-4537-8b64-2594615744d6" executionId="d0237cd2-2a84-4e92-8524-db4dfc2a9185" testListId="8c84fa94-04c1-424b-9868-57a2d4851a1d" /><TestEntry testId="bb49e987-9285-4f53-8bd4-2129c27a952b" executionId="abdea1b5-b0b8-4cce-8faf-747dc47fb094" testListId="8c84fa94-04c1-424b-9868-57a2d4851a1d" /><TestEntry testId="1ab72ed4-4e6f-4dab-9f9b-8bb32d524491" executionId="69ef2c13-0d07-4ec5-a8b0-ed742acbba1e" testListId="8c84fa94-04c1-424b-9868-57a2d4851a1d" /></TestEntries><TestLists><TestList name="Results Not in a List" id="8c84fa94-04c1-424b-9868-57a2d4851a1d" /><TestList name="All Loaded Results" id="19431567-8539-422a-85d7-44ee4e166bda" /></TestLists><ResultSummary outcome="Completed"><Counters total="152" executed="152" passed="152" failed="0" error="0" timeout="0" aborted="0" inconclusive="0" passedButRunAborted="0" notRunnable="0" notExecuted="0" disconnected="0" warning="0" completed="0" inProgress="0" pending="0" /><Output><StdOut>[xUnit.net 00:00:01.0592298]   Discovering: ModelRelief.Test[xUnit.net 00:00:01.1695875]   Discovered:  ModelRelief.Test[xUnit.net 00:00:01.1753120]   Starting:    ModelRelief.Test[xUnit.net 00:00:19.8588233]   Finished:    ModelRelief.Test</StdOut></Output></ResultSummary></TestRun>