<?xml version="1.0" encoding="utf-8"?><TestRun id="13105589-ac3a-4077-aff8-441e9403d78f" name="steve@LAMBDA 2018-08-14 11:46:42" runUser="LAMBDA\steve" xmlns="http://microsoft.com/schemas/VisualStudio/TeamTest/2010"><Times creation="2018-08-14T11:46:42.5990456-04:00" queuing="2018-08-14T11:46:42.5990627-04:00" start="2018-08-14T11:46:27.0856981-04:00" finish="2018-08-14T11:47:02.3745869-04:00" /><TestSettings name="default" id="05d2150d-dede-49ae-a340-147656b872d0"><Deployment runDeploymentRoot="steve_LAMBDA_2018-08-14_11_46_42" /></TestSettings><Results><UnitTestResult executionId="ee259d30-7740-44f6-9fa1-4907732204f8" testId="2150108b-bb1b-4226-88a4-e72153024924" testName="LucyDepthBufferFindsOneDependent" computerName="LAMBDA" duration="00:00:00.0060000" startTime="2018-08-14T11:46:41.8580219-04:00" endTime="2018-08-14T11:46:41.8580272-04:00" testType="13cdc9d9-ddb5-4fa4-a97d-d965ccfc6d4b" outcome="Passed" testListId="8c84fa94-04c1-424b-9868-57a2d4851a1d" relativeResultsDirectory="ee259d30-7740-44f6-9fa1-4907732204f8" /><UnitTestResult executionId="c9a84fd4-a181-48ee-b463-825c7c9fe83c" testId="bb8cbc8b-f67e-460f-9226-426923b429c3" testName="GetList_ListReturnsCorrectCount" computerName="LAMBDA" duration="00:00:00.0280000" startTime="2018-08-14T11:46:58.0484247-04:00" endTime="2018-08-14T11:46:58.0484389-04:00" testType="13cdc9d9-ddb5-4fa4-a97d-d965ccfc6d4b" outcome="Passed" testListId="8c84fa94-04c1-424b-9868-57a2d4851a1d" relativeResultsDirectory="c9a84fd4-a181-48ee-b463-825c7c9fe83c" /><UnitTestResult executionId="412de40c-2763-493e-ba56-12b65dcb0d17" testId="7ab99c9a-badb-45fe-aff7-c71dcbd05668" testName="Patch_MultipleInvalidReferencePropertiesReturnsMultipleValidationErrorsAndBadRequest" computerName="LAMBDA" duration="00:00:00.0460000" startTime="2018-08-14T11:46:49.3135024-04:00" endTime="2018-08-14T11:46:49.3135082-04:00" testType="13cdc9d9-ddb5-4fa4-a97d-d965ccfc6d4b" outcome="Passed" testListId="8c84fa94-04c1-424b-9868-57a2d4851a1d" relativeResultsDirectory="412de40c-2763-493e-ba56-12b65dcb0d17" /><UnitTestResult executionId="99318148-f511-4a47-ba42-b6f84963616e" testId="0cb303df-26e7-4c88-a50a-2eae8271ece9" testName="Model3dHasExpectedDependentFiles" computerName="LAMBDA" duration="00:00:00.0430000" startTime="2018-08-14T11:46:41.3883798-04:00" endTime="2018-08-14T11:46:41.3883861-04:00" testType="13cdc9d9-ddb5-4fa4-a97d-d965ccfc6d4b" outcome="Passed" testListId="8c84fa94-04c1-424b-9868-57a2d4851a1d" relativeResultsDirectory="99318148-f511-4a47-ba42-b6f84963616e" /><UnitTestResult executionId="87d3c743-d831-4629-adca-88a489061a30" testId="fda38d12-1b5e-47e1-89ea-b04e782e5540" testName="Put_CanUpdateModel" computerName="LAMBDA" duration="00:00:00.0720000" startTime="2018-08-14T11:46:46.3686386-04:00" endTime="2018-08-14T11:46:46.3686446-04:00" testType="13cdc9d9-ddb5-4fa4-a97d-d965ccfc6d4b" outcome="Passed" testListId="8c84fa94-04c1-424b-9868-57a2d4851a1d" relativeResultsDirectory="87d3c743-d831-4629-adca-88a489061a30" /><UnitTestResult executionId="8b6996f7-1f17-40a4-9c3c-1155e1e7fd51" testId="5acd094f-bedb-4eac-ad5d-a4e3d160d1b5" testName="Patch_ValidReferencePropertyUpdatesModel" computerName="LAMBDA" duration="00:00:00.0780000" startTime="2018-08-14T11:46:46.2234171-04:00" endTime="2018-08-14T11:46:46.2234232-04:00" testType="13cdc9d9-ddb5-4fa4-a97d-d965ccfc6d4b" outcome="Passed" testListId="8c84fa94-04c1-424b-9868-57a2d4851a1d" relativeResultsDirectory="8b6996f7-1f17-40a4-9c3c-1155e1e7fd51" /><UnitTestResult executionId="8804e05b-fd15-4920-ace9-db58a5b0f666" testId="603ebf58-898c-45ba-8c9c-c16e845e3dc5" testName="FileRequest_MeshIsInvalidatedAfterDepthBufferFileBecomesUnsynchronized" computerName="LAMBDA" duration="00:00:02.1530000" startTime="2018-08-14T11:46:51.8749370-04:00" endTime="2018-08-14T11:46:51.8749418-04:00" testType="13cdc9d9-ddb5-4fa4-a97d-d965ccfc6d4b" outcome="Passed" testListId="8c84fa94-04c1-424b-9868-57a2d4851a1d" relativeResultsDirectory="8804e05b-fd15-4920-ace9-db58a5b0f666" /><UnitTestResult executionId="7ead766e-03cc-41f9-a50d-564f175b1fe3" testId="590fa139-c68d-4b53-9d90-75158ae4170e" testName="Post_ValidReferencePropertyCreatesModel" computerName="LAMBDA" duration="00:00:00.0140000" startTime="2018-08-14T11:46:42.5639173-04:00" endTime="2018-08-14T11:46:42.5639201-04:00" testType="13cdc9d9-ddb5-4fa4-a97d-d965ccfc6d4b" outcome="Passed" testListId="8c84fa94-04c1-424b-9868-57a2d4851a1d" relativeResultsDirectory="7ead766e-03cc-41f9-a50d-564f175b1fe3" /><UnitTestResult executionId="637d5338-9d9e-4bb5-8896-5a793dbc18f5" testId="21243e7e-4640-4995-97a5-76a1b9c122fe" testName="Patch_TargetPropertyIsUpdated" computerName="LAMBDA" duration="00:00:00.0700000" startTime="2018-08-14T11:46:49.0794211-04:00" endTime="2018-08-14T11:46:49.0794259-04:00" testType="13cdc9d9-ddb5-4fa4-a97d-d965ccfc6d4b" outcome="Passed" testListId="8c84fa94-04c1-424b-9868-57a2d4851a1d" relativeResultsDirectory="637d5338-9d9e-4bb5-8896-5a793dbc18f5" /><UnitTestResult executionId="0a0d9e46-7c74-41c3-a1b0-21b9b67db7aa" testId="691c7233-1878-4a32-9208-6ec3aa7f0770" testName="Patch_InvalidPropertyNameReturnsBadRequest" computerName="LAMBDA" duration="00:00:00.0190000" startTime="2018-08-14T11:47:01.9846788-04:00" endTime="2018-08-14T11:47:01.9846929-04:00" testType="13cdc9d9-ddb5-4fa4-a97d-d965ccfc6d4b" outcome="Passed" testListId="8c84fa94-04c1-424b-9868-57a2d4851a1d" relativeResultsDirectory="0a0d9e46-7c74-41c3-a1b0-21b9b67db7aa" /><UnitTestResult executionId="775cdc56-1537-4231-9523-bc1e53d47dc4" testId="738fe2e8-0e5f-434a-b58d-a44bb568be6f" testName="Patch_InvalidPropertyNameReturnsBadRequest" computerName="LAMBDA" duration="00:00:00.0190000" startTime="2018-08-14T11:46:43.8263792-04:00" endTime="2018-08-14T11:46:43.8263849-04:00" testType="13cdc9d9-ddb5-4fa4-a97d-d965ccfc6d4b" outcome="Passed" testListId="8c84fa94-04c1-424b-9868-57a2d4851a1d" relativeResultsDirectory="775cdc56-1537-4231-9523-bc1e53d47dc4" /><UnitTestResult executionId="014dcd8a-3722-45e0-847a-0ac2770988a3" testId="fcea1115-621b-4644-83d5-2b0d7dbdd63a" testName="Post_CanCreateNewModel" computerName="LAMBDA" duration="00:00:00.0340000" startTime="2018-08-14T11:46:45.8802775-04:00" endTime="2018-08-14T11:46:45.8802837-04:00" testType="13cdc9d9-ddb5-4fa4-a97d-d965ccfc6d4b" outcome="Passed" testListId="8c84fa94-04c1-424b-9868-57a2d4851a1d" relativeResultsDirectory="014dcd8a-3722-45e0-847a-0ac2770988a3" /><UnitTestResult executionId="17e57ec4-f0ca-4f6b-a628-c74e73ae67ba" testId="1a8c2940-fb2e-4b00-8cbd-3ac16bae6d90" testName="GetSingle_InvalidIdPropertyValueReturnsNotFound" computerName="LAMBDA" duration="00:00:00.0250000" startTime="2018-08-14T11:46:49.2405992-04:00" endTime="2018-08-14T11:46:49.2406048-04:00" testType="13cdc9d9-ddb5-4fa4-a97d-d965ccfc6d4b" outcome="Passed" testListId="8c84fa94-04c1-424b-9868-57a2d4851a1d" relativeResultsDirectory="17e57ec4-f0ca-4f6b-a628-c74e73ae67ba" /><UnitTestResult executionId="fc466fb6-0ed1-408e-8caf-940e878cacb9" testId="857ceca9-ccbd-4256-8916-e1552c087753" testName="GetSingle_ValidIdPropertyValueReturnsCorrectModel" computerName="LAMBDA" duration="00:00:00.0270000" startTime="2018-08-14T11:46:58.6004255-04:00" endTime="2018-08-14T11:46:58.6004297-04:00" testType="13cdc9d9-ddb5-4fa4-a97d-d965ccfc6d4b" outcome="Passed" testListId="8c84fa94-04c1-424b-9868-57a2d4851a1d" relativeResultsDirectory="fc466fb6-0ed1-408e-8caf-940e878cacb9" /><UnitTestResult executionId="8c3c0f09-df3e-4890-9f01-f712d837ce86" testId="d58417f6-25a5-438b-b825-532f04847804" testName="GetFile_ExistingFileReturnsSuccess" computerName="LAMBDA" duration="00:00:00.3080000" startTime="2018-08-14T11:46:44.9096046-04:00" endTime="2018-08-14T11:46:44.9096095-04:00" testType="13cdc9d9-ddb5-4fa4-a97d-d965ccfc6d4b" outcome="Passed" testListId="8c84fa94-04c1-424b-9868-57a2d4851a1d" relativeResultsDirectory="8c3c0f09-df3e-4890-9f01-f712d837ce86" /><UnitTestResult executionId="ecb8a5de-dbba-4776-aead-2d76c6d808e0" testId="4a0991a2-ddb8-4ee7-bdba-0fe365620592" testName="GetSingle_InvalidIdPropertyValueReturnsNotFound" computerName="LAMBDA" duration="00:00:00.0240000" startTime="2018-08-14T11:46:58.7511724-04:00" endTime="2018-08-14T11:46:58.7511773-04:00" testType="13cdc9d9-ddb5-4fa4-a97d-d965ccfc6d4b" outcome="Passed" testListId="8c84fa94-04c1-424b-9868-57a2d4851a1d" relativeResultsDirectory="ecb8a5de-dbba-4776-aead-2d76c6d808e0" /><UnitTestResult executionId="5bcd59dd-b1a7-4986-92f5-ab559e544f94" testId="3d0f0e0d-0aac-419b-9633-91c017323c24" testName="GetFile_ExistingFileReturnsSuccess" computerName="LAMBDA" duration="00:00:00.0860000" startTime="2018-08-14T11:46:52.3249454-04:00" endTime="2018-08-14T11:46:52.3249521-04:00" testType="13cdc9d9-ddb5-4fa4-a97d-d965ccfc6d4b" outcome="Passed" testListId="8c84fa94-04c1-424b-9868-57a2d4851a1d" relativeResultsDirectory="5bcd59dd-b1a7-4986-92f5-ab559e544f94" /><UnitTestResult executionId="447bea45-6329-488b-ba80-727e0162a244" testId="7b71202a-b110-4cb7-8a87-3e3a30aef9a1" testName="Patch_InvalidEnumPropertyValueReturnsBadRequest" computerName="LAMBDA" duration="00:00:00.0320000" startTime="2018-08-14T11:46:49.0085389-04:00" endTime="2018-08-14T11:46:49.0085462-04:00" testType="13cdc9d9-ddb5-4fa4-a97d-d965ccfc6d4b" outcome="Passed" testListId="8c84fa94-04c1-424b-9868-57a2d4851a1d" relativeResultsDirectory="447bea45-6329-488b-ba80-727e0162a244" /><UnitTestResult executionId="b237f46a-0199-4280-b62c-6906c07ba6dc" testId="20ad9804-5cce-42ff-848a-8d481eab0f78" testName="Patch_MultipleInvalidReferencePropertiesReturnsMultipleValidationErrorsAndBadRequest" computerName="LAMBDA" duration="00:00:00.0360000" startTime="2018-08-14T11:46:44.0809000-04:00" endTime="2018-08-14T11:46:44.0809057-04:00" testType="13cdc9d9-ddb5-4fa4-a97d-d965ccfc6d4b" outcome="Passed" testListId="8c84fa94-04c1-424b-9868-57a2d4851a1d" relativeResultsDirectory="b237f46a-0199-4280-b62c-6906c07ba6dc" /><UnitTestResult executionId="f4dc139a-b907-4df7-98b2-4fc79411c2ac" testId="cac0f3cc-8d59-468b-be66-69e5790e5e81" testName="Patch_TargetPropertyIsUpdated" computerName="LAMBDA" duration="00:00:00.0720000" startTime="2018-08-14T11:46:42.8565682-04:00" endTime="2018-08-14T11:46:42.8565732-04:00" testType="13cdc9d9-ddb5-4fa4-a97d-d965ccfc6d4b" outcome="Passed" testListId="8c84fa94-04c1-424b-9868-57a2d4851a1d" relativeResultsDirectory="f4dc139a-b907-4df7-98b2-4fc79411c2ac" /><UnitTestResult executionId="16a9963e-f1a2-4a9b-83c1-e2489bb45514" testId="e178f704-1480-4d71-8339-0752795cef23" testName="Delete_TargetModelIsDeleted" computerName="LAMBDA" duration="00:00:00.0470000" startTime="2018-08-14T11:46:49.4127174-04:00" endTime="2018-08-14T11:46:49.4127237-04:00" testType="13cdc9d9-ddb5-4fa4-a97d-d965ccfc6d4b" outcome="Passed" testListId="8c84fa94-04c1-424b-9868-57a2d4851a1d" relativeResultsDirectory="16a9963e-f1a2-4a9b-83c1-e2489bb45514" /><UnitTestResult executionId="ba344e8e-142c-40e3-a29e-e8959f3e969f" testId="94a21e0f-72ec-4ba8-a92d-9948d4bf7c75" testName="Post_ValidReferencePropertyCreatesModel" computerName="LAMBDA" duration="00:00:00.0330000" startTime="2018-08-14T11:46:44.0441453-04:00" endTime="2018-08-14T11:46:44.0441510-04:00" testType="13cdc9d9-ddb5-4fa4-a97d-d965ccfc6d4b" outcome="Passed" testListId="8c84fa94-04c1-424b-9868-57a2d4851a1d" relativeResultsDirectory="ba344e8e-142c-40e3-a29e-e8959f3e969f" /><UnitTestResult executionId="5601ca41-aab7-4b96-ae82-57a3f2d8caf6" testId="ff4c4c2f-9827-43da-b942-fa49f3106916" testName="Patch_MultipleInvalidReferencePropertiesReturnsMultipleValidationErrorsAndBadRequest" computerName="LAMBDA" duration="00:00:00.0300000" startTime="2018-08-14T11:46:58.5466633-04:00" endTime="2018-08-14T11:46:58.5466682-04:00" testType="13cdc9d9-ddb5-4fa4-a97d-d965ccfc6d4b" outcome="Passed" testListId="8c84fa94-04c1-424b-9868-57a2d4851a1d" relativeResultsDirectory="5601ca41-aab7-4b96-ae82-57a3f2d8caf6" /><UnitTestResult executionId="17887982-52ac-4122-b77f-4e712b859025" testId="cc94f8ae-7018-403e-8467-cd91241cd1ef" testName="GetSingle_ValidIdPropertyValueReturnsCorrectModel" computerName="LAMBDA" duration="00:00:00.0210000" startTime="2018-08-14T11:46:46.4084909-04:00" endTime="2018-08-14T11:46:46.4084971-04:00" testType="13cdc9d9-ddb5-4fa4-a97d-d965ccfc6d4b" outcome="Passed" testListId="8c84fa94-04c1-424b-9868-57a2d4851a1d" relativeResultsDirectory="17887982-52ac-4122-b77f-4e712b859025" /><UnitTestResult executionId="19c44bb0-59c0-4c86-b818-d3aba64c66d0" testId="a3c5b4a1-1ba0-4ba7-9163-df778ac27902" testName="GetSingle_InvalidIdPropertyValueReturnsNotFound" computerName="LAMBDA" duration="00:00:00.0180000" startTime="2018-08-14T11:46:46.3871695-04:00" endTime="2018-08-14T11:46:46.3871761-04:00" testType="13cdc9d9-ddb5-4fa4-a97d-d965ccfc6d4b" outcome="Passed" testListId="8c84fa94-04c1-424b-9868-57a2d4851a1d" relativeResultsDirectory="19c44bb0-59c0-4c86-b818-d3aba64c66d0" /><UnitTestResult executionId="5680ebd1-547e-433b-9abd-242ff34caa3c" testId="d7503c2b-50b2-4ea1-b4ae-310470ac1efa" testName="GetFile_NonExistentFileReturnsNotFound" computerName="LAMBDA" duration="00:00:00.0230000" startTime="2018-08-14T11:46:45.4382407-04:00" endTime="2018-08-14T11:46:45.4382464-04:00" testType="13cdc9d9-ddb5-4fa4-a97d-d965ccfc6d4b" outcome="Passed" testListId="8c84fa94-04c1-424b-9868-57a2d4851a1d" relativeResultsDirectory="5680ebd1-547e-433b-9abd-242ff34caa3c" /><UnitTestResult executionId="d1b1e514-56fc-437e-bf48-f86a42c53e07" testId="8fbed324-2264-4134-8711-42bfb170adf7" testName="Patch_InvalidReferencePropertyReturnsBadRequest" computerName="LAMBDA" duration="00:00:00.0390000" startTime="2018-08-14T11:46:49.1601704-04:00" endTime="2018-08-14T11:46:49.1601756-04:00" testType="13cdc9d9-ddb5-4fa4-a97d-d965ccfc6d4b" outcome="Passed" testListId="8c84fa94-04c1-424b-9868-57a2d4851a1d" relativeResultsDirectory="d1b1e514-56fc-437e-bf48-f86a42c53e07" /><UnitTestResult executionId="9a586f0a-9b28-4989-8280-429e4f8e36f7" testId="d359e4dc-816e-47aa-8aa2-24bcdd90eff9" testName="Put_InvalidReferencePropertyReturndBadRequest" computerName="LAMBDA" duration="00:00:00.0130000" startTime="2018-08-14T11:46:43.0971028-04:00" endTime="2018-08-14T11:46:43.0971069-04:00" testType="13cdc9d9-ddb5-4fa4-a97d-d965ccfc6d4b" outcome="Passed" testListId="8c84fa94-04c1-424b-9868-57a2d4851a1d" relativeResultsDirectory="9a586f0a-9b28-4989-8280-429e4f8e36f7" /><UnitTestResult executionId="c1cdebf5-6d8d-49df-a40f-7a4987d540c9" testId="3a7e6f89-1c23-495b-8254-ff6442ef6941" testName="LucyModel3dHasTwoDependents" computerName="LAMBDA" duration="00:00:00.4520000" startTime="2018-08-14T11:46:41.8382773-04:00" endTime="2018-08-14T11:46:41.8382822-04:00" testType="13cdc9d9-ddb5-4fa4-a97d-d965ccfc6d4b" outcome="Passed" testListId="8c84fa94-04c1-424b-9868-57a2d4851a1d" relativeResultsDirectory="c1cdebf5-6d8d-49df-a40f-7a4987d540c9" /><UnitTestResult executionId="4f57eb88-ca93-4fcb-9afd-6aadae9fa1d5" testId="93d06134-0c29-4499-b5e6-7a1deb8e321f" testName="Put_CanUpdateModel" computerName="LAMBDA" duration="00:00:00.0520000" startTime="2018-08-14T11:46:43.0503320-04:00" endTime="2018-08-14T11:46:43.0503371-04:00" testType="13cdc9d9-ddb5-4fa4-a97d-d965ccfc6d4b" outcome="Passed" testListId="8c84fa94-04c1-424b-9868-57a2d4851a1d" relativeResultsDirectory="4f57eb88-ca93-4fcb-9afd-6aadae9fa1d5" /><UnitTestResult executionId="8abbf3ac-cbbe-4e79-8103-e8f088e53b2b" testId="d5f4331e-9e26-486c-a9f9-f43ba1c1eddf" testName="GetList_ListReturnsCorrectCount" computerName="LAMBDA" duration="00:00:00.0230000" startTime="2018-08-14T11:47:01.7128473-04:00" endTime="2018-08-14T11:47:01.7128615-04:00" testType="13cdc9d9-ddb5-4fa4-a97d-d965ccfc6d4b" outcome="Passed" testListId="8c84fa94-04c1-424b-9868-57a2d4851a1d" relativeResultsDirectory="8abbf3ac-cbbe-4e79-8103-e8f088e53b2b" /><UnitTestResult executionId="bc524f4f-20a2-4e9b-af76-d9ec14e5b4fb" testId="eaac79df-c8ba-4f6e-99d2-3f01e593f970" testName="GetSingle_ValidIdPropertyValueReturnsCorrectModel" computerName="LAMBDA" duration="00:00:00.0210000" startTime="2018-08-14T11:47:01.5942501-04:00" endTime="2018-08-14T11:47:01.5942551-04:00" testType="13cdc9d9-ddb5-4fa4-a97d-d965ccfc6d4b" outcome="Passed" testListId="8c84fa94-04c1-424b-9868-57a2d4851a1d" relativeResultsDirectory="bc524f4f-20a2-4e9b-af76-d9ec14e5b4fb" /><UnitTestResult executionId="ea791820-e2cf-4ce4-a54e-413f8cdabd11" testId="554a3f19-0413-481d-97ff-9142ecb06c8b" testName="Post_InvalidReferencePropertyReturnsBadRequest" computerName="LAMBDA" duration="00:00:00.0200000" startTime="2018-08-14T11:46:46.4288478-04:00" endTime="2018-08-14T11:46:46.4288618-04:00" testType="13cdc9d9-ddb5-4fa4-a97d-d965ccfc6d4b" outcome="Passed" testListId="8c84fa94-04c1-424b-9868-57a2d4851a1d" relativeResultsDirectory="ea791820-e2cf-4ce4-a54e-413f8cdabd11" /><UnitTestResult executionId="50c59988-82f0-4c9b-a04b-a97dd5f55fc8" testId="d5e06bbc-e3aa-4f56-b44b-d1980bd49a8e" testName="FileRequest_FileCanBeReadAfterRename" computerName="LAMBDA" duration="00:00:00.1840000" startTime="2018-08-14T11:47:00.6233661-04:00" endTime="2018-08-14T11:47:00.6233731-04:00" testType="13cdc9d9-ddb5-4fa4-a97d-d965ccfc6d4b" outcome="Passed" testListId="8c84fa94-04c1-424b-9868-57a2d4851a1d" relativeResultsDirectory="50c59988-82f0-4c9b-a04b-a97dd5f55fc8" /><UnitTestResult executionId="288ade33-770c-4ebd-8b6a-80b734d0aeb1" testId="184f7c7f-5f3e-436f-818f-79cc37156daa" testName="GetSingle_ValidIdPropertyValueReturnsCorrectModel" computerName="LAMBDA" duration="00:00:00.0180000" startTime="2018-08-14T11:46:42.9674725-04:00" endTime="2018-08-14T11:46:42.9674786-04:00" testType="13cdc9d9-ddb5-4fa4-a97d-d965ccfc6d4b" outcome="Passed" testListId="8c84fa94-04c1-424b-9868-57a2d4851a1d" relativeResultsDirectory="288ade33-770c-4ebd-8b6a-80b734d0aeb1" /><UnitTestResult executionId="e20f21e6-1a66-4aa4-acce-71755cb2437d" testId="749f7984-104e-4487-b65b-efc5d2667b08" testName="FileRequest_DepthBufferIsInvalidatedAfterCameraDependencyPropertyChange" computerName="LAMBDA" duration="00:00:00.4130000" startTime="2018-08-14T11:47:01.0365431-04:00" endTime="2018-08-14T11:47:01.0365488-04:00" testType="13cdc9d9-ddb5-4fa4-a97d-d965ccfc6d4b" outcome="Passed" testListId="8c84fa94-04c1-424b-9868-57a2d4851a1d" relativeResultsDirectory="e20f21e6-1a66-4aa4-acce-71755cb2437d" /><UnitTestResult executionId="fbeed7db-d43e-4a28-9cc0-6f4d911c9983" testId="818f22e0-0910-40e8-887d-449f273eb6ab" testName="Put_ValidReferencePropertyUpdatesModel" computerName="LAMBDA" duration="00:00:00.0710000" startTime="2018-08-14T11:46:48.9758539-04:00" endTime="2018-08-14T11:46:48.9758594-04:00" testType="13cdc9d9-ddb5-4fa4-a97d-d965ccfc6d4b" outcome="Passed" testListId="8c84fa94-04c1-424b-9868-57a2d4851a1d" relativeResultsDirectory="fbeed7db-d43e-4a28-9cc0-6f4d911c9983" /><UnitTestResult executionId="804511f6-30fb-4565-ad5d-8f98269adab6" testId="1c094563-0c12-4698-925b-2fbce6c3f781" testName="GetList_ListReturnsCorrectCount" computerName="LAMBDA" duration="00:00:00.0240000" startTime="2018-08-14T11:46:45.9316500-04:00" endTime="2018-08-14T11:46:45.9316551-04:00" testType="13cdc9d9-ddb5-4fa4-a97d-d965ccfc6d4b" outcome="Passed" testListId="8c84fa94-04c1-424b-9868-57a2d4851a1d" relativeResultsDirectory="804511f6-30fb-4565-ad5d-8f98269adab6" /><UnitTestResult executionId="bec4c019-ea46-4a25-b3f1-f21ad7584ba3" testId="e5870519-2f22-4155-9341-7aebab04890c" testName="Patch_InvalidPropertyNameReturnsBadRequest" computerName="LAMBDA" duration="00:00:00.0320000" startTime="2018-08-14T11:46:45.6927317-04:00" endTime="2018-08-14T11:46:45.6927376-04:00" testType="13cdc9d9-ddb5-4fa4-a97d-d965ccfc6d4b" outcome="Passed" testListId="8c84fa94-04c1-424b-9868-57a2d4851a1d" relativeResultsDirectory="bec4c019-ea46-4a25-b3f1-f21ad7584ba3" /><UnitTestResult executionId="4e6d3b47-5705-4baf-bb92-fbceb7970fbf" testId="417fa9b7-fc44-4cb8-9c12-4fa8812647a7" testName="Post_CanCreateNewModel" computerName="LAMBDA" duration="00:00:00.0250000" startTime="2018-08-14T11:46:42.9050777-04:00" endTime="2018-08-14T11:46:42.9050823-04:00" testType="13cdc9d9-ddb5-4fa4-a97d-d965ccfc6d4b" outcome="Passed" testListId="8c84fa94-04c1-424b-9868-57a2d4851a1d" relativeResultsDirectory="4e6d3b47-5705-4baf-bb92-fbceb7970fbf" /><UnitTestResult executionId="c1abad6d-99ad-4a8c-9615-32fabf4acf5f" testId="2b6496f2-c2be-4e4a-8d63-bf945f899790" testName="Patch_InvalidReferencePropertyReturnsBadRequest" computerName="LAMBDA" duration="00:00:00.0370000" startTime="2018-08-14T11:46:58.5165556-04:00" endTime="2018-08-14T11:46:58.5165609-04:00" testType="13cdc9d9-ddb5-4fa4-a97d-d965ccfc6d4b" outcome="Passed" testListId="8c84fa94-04c1-424b-9868-57a2d4851a1d" relativeResultsDirectory="c1abad6d-99ad-4a8c-9615-32fabf4acf5f" /><UnitTestResult executionId="71a9b89a-40cc-4230-98a2-a5d951d67471" testId="b4d05d95-542e-4f9c-8c92-20d1e85313e6" testName="PutFile_FileCanBeUpdated" computerName="LAMBDA" duration="00:00:00.1970000" startTime="2018-08-14T11:47:00.4392012-04:00" endTime="2018-08-14T11:47:00.4392101-04:00" testType="13cdc9d9-ddb5-4fa4-a97d-d965ccfc6d4b" outcome="Passed" testListId="8c84fa94-04c1-424b-9868-57a2d4851a1d" relativeResultsDirectory="71a9b89a-40cc-4230-98a2-a5d951d67471" /><UnitTestResult executionId="3d319e68-f9c8-4501-8fbf-4374c2ebd108" testId="36e75eba-67f7-4cbb-892c-c748b0cc2cf2" testName="Post_ValidReferencePropertyCreatesModel" computerName="LAMBDA" duration="00:00:00.0390000" startTime="2018-08-14T11:46:58.7910019-04:00" endTime="2018-08-14T11:46:58.7910065-04:00" testType="13cdc9d9-ddb5-4fa4-a97d-d965ccfc6d4b" outcome="Passed" testListId="8c84fa94-04c1-424b-9868-57a2d4851a1d" relativeResultsDirectory="3d319e68-f9c8-4501-8fbf-4374c2ebd108" /><UnitTestResult executionId="2be8552e-9a2b-4d27-a6d5-0827e4a0ee90" testId="e47635bc-b708-4eec-9465-6cf963cc88ae" testName="PostFile_FileIsSynchronizedIsUpdatedAfterFileIsPosted" computerName="LAMBDA" duration="00:00:00.1030000" startTime="2018-08-14T11:47:01.3582702-04:00" endTime="2018-08-14T11:47:01.3582752-04:00" testType="13cdc9d9-ddb5-4fa4-a97d-d965ccfc6d4b" outcome="Passed" testListId="8c84fa94-04c1-424b-9868-57a2d4851a1d" relativeResultsDirectory="2be8552e-9a2b-4d27-a6d5-0827e4a0ee90" /><UnitTestResult executionId="d0e346c3-7ada-4639-a246-3b33abb0e741" testId="4bc34286-ed85-4034-8db3-70d65c57f643" testName="Patch_MultipleInvalidReferencePropertiesReturnsMultipleValidationErrorsAndBadRequest" computerName="LAMBDA" duration="00:00:00.0330000" startTime="2018-08-14T11:47:01.9461728-04:00" endTime="2018-08-14T11:47:01.9461776-04:00" testType="13cdc9d9-ddb5-4fa4-a97d-d965ccfc6d4b" outcome="Passed" testListId="8c84fa94-04c1-424b-9868-57a2d4851a1d" relativeResultsDirectory="d0e346c3-7ada-4639-a246-3b33abb0e741" /><UnitTestResult executionId="6b7974fb-23e4-46a3-8e1a-861211e20f4a" testId="63c83c28-71e7-4675-baca-45f889ebe0f0" testName="Put_ValidReferencePropertyUpdatesModel" computerName="LAMBDA" duration="00:00:00.0560000" startTime="2018-08-14T11:46:43.9897780-04:00" endTime="2018-08-14T11:46:43.9897835-04:00" testType="13cdc9d9-ddb5-4fa4-a97d-d965ccfc6d4b" outcome="Passed" testListId="8c84fa94-04c1-424b-9868-57a2d4851a1d" relativeResultsDirectory="6b7974fb-23e4-46a3-8e1a-861211e20f4a" /><UnitTestResult executionId="02bda1cd-2586-4cf9-ab5b-251d673e41f3" testId="50e37263-e1f5-496f-a9fe-ea94f5d027fa" testName="Patch_InvalidEnumPropertyValueReturnsBadRequest" computerName="LAMBDA" duration="00:00:00.0120000" startTime="2018-08-14T11:47:01.7247352-04:00" endTime="2018-08-14T11:47:01.7247397-04:00" testType="13cdc9d9-ddb5-4fa4-a97d-d965ccfc6d4b" outcome="Passed" testListId="8c84fa94-04c1-424b-9868-57a2d4851a1d" relativeResultsDirectory="02bda1cd-2586-4cf9-ab5b-251d673e41f3" /><UnitTestResult executionId="426febc9-76f6-4029-bdb5-1e3499dab05e" testId="a4db34bf-befc-42ba-941c-c925d19ff6e3" testName="Put_InvalidReferencePropertyReturndBadRequest" computerName="LAMBDA" duration="00:00:00.0520000" startTime="2018-08-14T11:46:58.1265784-04:00" endTime="2018-08-14T11:46:58.1265853-04:00" testType="13cdc9d9-ddb5-4fa4-a97d-d965ccfc6d4b" outcome="Passed" testListId="8c84fa94-04c1-424b-9868-57a2d4851a1d" relativeResultsDirectory="426febc9-76f6-4029-bdb5-1e3499dab05e" /><UnitTestResult executionId="be916aae-816e-4c3d-b338-0d8654762fed" testId="89a96e05-03ec-4372-8908-3ddc9b7aaea3" testName="GetSingle_InvalidIdPropertyValueReturnsNotFound" computerName="LAMBDA" duration="00:00:00.0200000" startTime="2018-08-14T11:47:01.7453169-04:00" endTime="2018-08-14T11:47:01.7453251-04:00" testType="13cdc9d9-ddb5-4fa4-a97d-d965ccfc6d4b" outcome="Passed" testListId="8c84fa94-04c1-424b-9868-57a2d4851a1d" relativeResultsDirectory="be916aae-816e-4c3d-b338-0d8654762fed" /><UnitTestResult executionId="bea94ccd-ef72-4c7b-910b-7a408c5db197" testId="d700acba-2cd2-4f29-847e-32e6a16515a6" testName="Patch_MultipleInvalidReferencePropertiesReturnsMultipleValidationErrorsAndBadRequest" computerName="LAMBDA" duration="00:00:00.0110000" startTime="2018-08-14T11:46:43.0842785-04:00" endTime="2018-08-14T11:46:43.0842850-04:00" testType="13cdc9d9-ddb5-4fa4-a97d-d965ccfc6d4b" outcome="Passed" testListId="8c84fa94-04c1-424b-9868-57a2d4851a1d" relativeResultsDirectory="bea94ccd-ef72-4c7b-910b-7a408c5db197" /><UnitTestResult executionId="1fb5e6d6-f0e9-456a-bf56-4594cb03a026" testId="1532370c-9e0d-43df-ba9f-ffa7f1ea28e3" testName="Delete_TargetModelIsDeleted" computerName="LAMBDA" duration="00:00:00.2150000" startTime="2018-08-14T11:46:42.7838773-04:00" endTime="2018-08-14T11:46:42.7838827-04:00" testType="13cdc9d9-ddb5-4fa4-a97d-d965ccfc6d4b" outcome="Passed" testListId="8c84fa94-04c1-424b-9868-57a2d4851a1d" relativeResultsDirectory="1fb5e6d6-f0e9-456a-bf56-4594cb03a026" /><UnitTestResult executionId="23556eda-36f8-43c3-be1a-d81a8521334c" testId="fe80ed4b-cd96-45a7-9932-2f8bbba1729c" testName="Post_InvalidPropertyValueReturnsBadRequest" computerName="LAMBDA" duration="00:00:00.0150000" startTime="2018-08-14T11:46:46.0531520-04:00" endTime="2018-08-14T11:46:46.0531582-04:00" testType="13cdc9d9-ddb5-4fa4-a97d-d965ccfc6d4b" outcome="Passed" testListId="8c84fa94-04c1-424b-9868-57a2d4851a1d" relativeResultsDirectory="23556eda-36f8-43c3-be1a-d81a8521334c" /><UnitTestResult executionId="30489628-bc9a-4736-83f5-575e7f57aa99" testId="bd014933-4cea-480c-9734-94465801d6cf" testName="Patch_InvalidPropertyNameReturnsBadRequest" computerName="LAMBDA" duration="00:00:00.1010000" startTime="2018-08-14T11:46:42.5422192-04:00" endTime="2018-08-14T11:46:42.5422242-04:00" testType="13cdc9d9-ddb5-4fa4-a97d-d965ccfc6d4b" outcome="Passed" testListId="8c84fa94-04c1-424b-9868-57a2d4851a1d" relativeResultsDirectory="30489628-bc9a-4736-83f5-575e7f57aa99" /><UnitTestResult executionId="40b0986c-f696-496f-aff6-519b2bb22cce" testId="7eadbf7d-0275-40d8-903d-30feed7f16a5" testName="Patch_InvalidReferencePropertyReturnsBadRequest" computerName="LAMBDA" duration="00:00:00.0270000" startTime="2018-08-14T11:47:02.1102919-04:00" endTime="2018-08-14T11:47:02.1102976-04:00" testType="13cdc9d9-ddb5-4fa4-a97d-d965ccfc6d4b" outcome="Passed" testListId="8c84fa94-04c1-424b-9868-57a2d4851a1d" relativeResultsDirectory="40b0986c-f696-496f-aff6-519b2bb22cce" /><UnitTestResult executionId="550d32e1-34a4-436c-8055-2a0d4a887105" testId="0c9d6463-6e05-494e-a0db-891d8e23bb0c" testName="Post_InvalidReferencePropertyReturnsBadRequest" computerName="LAMBDA" duration="00:00:00.0130000" startTime="2018-08-14T11:46:42.5687206-04:00" endTime="2018-08-14T11:46:42.5687253-04:00" testType="13cdc9d9-ddb5-4fa4-a97d-d965ccfc6d4b" outcome="Passed" testListId="8c84fa94-04c1-424b-9868-57a2d4851a1d" relativeResultsDirectory="550d32e1-34a4-436c-8055-2a0d4a887105" /><UnitTestResult executionId="67ff6093-5886-4d91-9e64-b5e799c71b6d" testId="d4794031-73b3-4d49-9682-145e4ec0bb4c" testName="Post_ValidReferencePropertyCreatesModel" computerName="LAMBDA" duration="00:00:00.0510000" startTime="2018-08-14T11:46:49.3652677-04:00" endTime="2018-08-14T11:46:49.3652735-04:00" testType="13cdc9d9-ddb5-4fa4-a97d-d965ccfc6d4b" outcome="Passed" testListId="8c84fa94-04c1-424b-9868-57a2d4851a1d" relativeResultsDirectory="67ff6093-5886-4d91-9e64-b5e799c71b6d" /><UnitTestResult executionId="7fd8eeba-69a7-40ca-898e-b91fe840a2a4" testId="3053d531-f318-4948-b2b6-a1c12ba54a42" testName="DepthBufferHasExpectedDependentFiles" computerName="LAMBDA" duration="00:00:00.0010000" startTime="2018-08-14T11:46:41.8585392-04:00" endTime="2018-08-14T11:46:41.8585422-04:00" testType="13cdc9d9-ddb5-4fa4-a97d-d965ccfc6d4b" outcome="Passed" testListId="8c84fa94-04c1-424b-9868-57a2d4851a1d" relativeResultsDirectory="7fd8eeba-69a7-40ca-898e-b91fe840a2a4" /><UnitTestResult executionId="744289e0-877a-49c9-8835-4e14f444dab1" testId="42b88a3c-ff70-446d-a839-a126ea127f32" testName="GetFile_FileCanBeRoundTripped" computerName="LAMBDA" duration="00:00:00.1310000" startTime="2018-08-14T11:46:45.4148751-04:00" endTime="2018-08-14T11:46:45.4148820-04:00" testType="13cdc9d9-ddb5-4fa4-a97d-d965ccfc6d4b" outcome="Passed" testListId="8c84fa94-04c1-424b-9868-57a2d4851a1d" relativeResultsDirectory="744289e0-877a-49c9-8835-4e14f444dab1" /><UnitTestResult executionId="510996e7-c830-4df1-9afc-b5fe47991f7c" testId="047dea59-9546-47ac-9f51-1c8b8d8c41d4" testName="FileRequest_FileCanBeReadAfterRename" computerName="LAMBDA" duration="00:00:00.2080000" startTime="2018-08-14T11:46:57.9817612-04:00" endTime="2018-08-14T11:46:57.9817661-04:00" testType="13cdc9d9-ddb5-4fa4-a97d-d965ccfc6d4b" outcome="Passed" testListId="8c84fa94-04c1-424b-9868-57a2d4851a1d" relativeResultsDirectory="510996e7-c830-4df1-9afc-b5fe47991f7c" /><UnitTestResult executionId="ac339fa7-b1cf-4038-9f29-2fc746993f07" testId="d4dd07b9-18cf-42f4-8f55-b31075e01cf3" testName="GetSingle_ValidIdPropertyValueReturnsCorrectModel" computerName="LAMBDA" duration="00:00:00.0230000" startTime="2018-08-14T11:46:43.8662895-04:00" endTime="2018-08-14T11:46:43.8662940-04:00" testType="13cdc9d9-ddb5-4fa4-a97d-d965ccfc6d4b" outcome="Passed" testListId="8c84fa94-04c1-424b-9868-57a2d4851a1d" relativeResultsDirectory="ac339fa7-b1cf-4038-9f29-2fc746993f07" /><UnitTestResult executionId="105877a1-4e65-4bac-bfde-c3750b471d55" testId="fda2c886-f217-4aac-b9e5-0b470a93bcb8" testName="PutFile_NewFileCanBePut" computerName="LAMBDA" duration="00:00:00.1630000" startTime="2018-08-14T11:46:49.7212607-04:00" endTime="2018-08-14T11:46:49.7212710-04:00" testType="13cdc9d9-ddb5-4fa4-a97d-d965ccfc6d4b" outcome="Passed" testListId="8c84fa94-04c1-424b-9868-57a2d4851a1d" relativeResultsDirectory="105877a1-4e65-4bac-bfde-c3750b471d55" /><UnitTestResult executionId="7bef3496-606b-4d54-a545-aa3103052e42" testId="c695484d-c934-461a-8631-3d8029b106d6" testName="Patch_TargetPropertyIsUpdated" computerName="LAMBDA" duration="00:00:00.0720000" startTime="2018-08-14T11:46:46.2961389-04:00" endTime="2018-08-14T11:46:46.2961442-04:00" testType="13cdc9d9-ddb5-4fa4-a97d-d965ccfc6d4b" outcome="Passed" testListId="8c84fa94-04c1-424b-9868-57a2d4851a1d" relativeResultsDirectory="7bef3496-606b-4d54-a545-aa3103052e42" /><UnitTestResult executionId="8527390b-5437-430c-8e07-4bd2fb459667" testId="485e6bee-9c8d-4ecd-94c3-08121f47e7aa" testName="PostFile_FileTimeStampIsUpdatedAfterFileIsPosted" computerName="LAMBDA" duration="00:00:01.2700000" startTime="2018-08-14T11:46:53.5960856-04:00" endTime="2018-08-14T11:46:53.5960921-04:00" testType="13cdc9d9-ddb5-4fa4-a97d-d965ccfc6d4b" outcome="Passed" testListId="8c84fa94-04c1-424b-9868-57a2d4851a1d" relativeResultsDirectory="8527390b-5437-430c-8e07-4bd2fb459667" /><UnitTestResult executionId="3d3e1cb2-848e-4652-8dcf-19c51589258d" testId="5a71ca5d-e3b8-4b25-ac38-3610a3820fc4" testName="LucyCameraFindsAllDependents" computerName="LAMBDA" duration="00:00:00.0120000" startTime="2018-08-14T11:46:41.8511447-04:00" endTime="2018-08-14T11:46:41.8511506-04:00" testType="13cdc9d9-ddb5-4fa4-a97d-d965ccfc6d4b" outcome="Passed" testListId="8c84fa94-04c1-424b-9868-57a2d4851a1d" relativeResultsDirectory="3d3e1cb2-848e-4652-8dcf-19c51589258d" /><UnitTestResult executionId="0cab4ee0-4ae0-455a-9bd2-31333c43b859" testId="147be97f-f55a-45e4-87c8-e28bd04e85d4" testName="Patch_InvalidIdPropertyReturnsNotFound" computerName="LAMBDA" duration="00:00:00.0230000" startTime="2018-08-14T11:46:58.1923954-04:00" endTime="2018-08-14T11:46:58.1923998-04:00" testType="13cdc9d9-ddb5-4fa4-a97d-d965ccfc6d4b" outcome="Passed" testListId="8c84fa94-04c1-424b-9868-57a2d4851a1d" relativeResultsDirectory="0cab4ee0-4ae0-455a-9bd2-31333c43b859" /><UnitTestResult executionId="bd9c2096-1306-4b8a-b587-080a6f63ce1d" testId="32c4b2e8-bf1c-4191-8ee9-e63406ee4b10" testName="PostFile_FileTimeStampIsUpdatedAfterFileIsPosted" computerName="LAMBDA" duration="00:00:00.0170000" startTime="2018-08-14T11:46:44.2777670-04:00" endTime="2018-08-14T11:46:44.2777717-04:00" testType="13cdc9d9-ddb5-4fa4-a97d-d965ccfc6d4b" outcome="Passed" testListId="8c84fa94-04c1-424b-9868-57a2d4851a1d" relativeResultsDirectory="bd9c2096-1306-4b8a-b587-080a6f63ce1d" /><UnitTestResult executionId="f5065bc0-94da-4086-9022-b55e7726daad" testId="b68e465d-99f3-4738-ad96-6a6f408a6131" testName="Put_ValidReferencePropertyUpdatesModel" computerName="LAMBDA" duration="00:00:00.0770000" startTime="2018-08-14T11:47:02.1875024-04:00" endTime="2018-08-14T11:47:02.1875079-04:00" testType="13cdc9d9-ddb5-4fa4-a97d-d965ccfc6d4b" outcome="Passed" testListId="8c84fa94-04c1-424b-9868-57a2d4851a1d" relativeResultsDirectory="f5065bc0-94da-4086-9022-b55e7726daad" /><UnitTestResult executionId="f3a56360-39dd-4bfb-a3f3-cd597155dece" testId="caf7ca25-1168-4ecd-b546-88b97052da25" testName="PostFile_NewFileCanBePosted" computerName="LAMBDA" duration="00:00:00.1810000" startTime="2018-08-14T11:46:45.2833238-04:00" endTime="2018-08-14T11:46:45.2833308-04:00" testType="13cdc9d9-ddb5-4fa4-a97d-d965ccfc6d4b" outcome="Passed" testListId="8c84fa94-04c1-424b-9868-57a2d4851a1d" relativeResultsDirectory="f3a56360-39dd-4bfb-a3f3-cd597155dece" /><UnitTestResult executionId="fd3ce6da-11ce-4b0d-97f1-188886137d2f" testId="b0d3d2fc-8695-436d-99da-98d8b9eb6e24" testName="PutFile_NewFileCanBePut" computerName="LAMBDA" duration="00:00:00.1920000" startTime="2018-08-14T11:47:01.2543804-04:00" endTime="2018-08-14T11:47:01.2543875-04:00" testType="13cdc9d9-ddb5-4fa4-a97d-d965ccfc6d4b" outcome="Passed" testListId="8c84fa94-04c1-424b-9868-57a2d4851a1d" relativeResultsDirectory="fd3ce6da-11ce-4b0d-97f1-188886137d2f" /><UnitTestResult executionId="f4b17b17-76ff-4b18-a9c7-c284f6044b0b" testId="3b96e6b4-e136-44b1-842a-407056e4dea6" testName="Delete_TargetModelIsDeleted" computerName="LAMBDA" duration="00:00:00.1210000" startTime="2018-08-14T11:46:45.8140667-04:00" endTime="2018-08-14T11:46:45.8140710-04:00" testType="13cdc9d9-ddb5-4fa4-a97d-d965ccfc6d4b" outcome="Passed" testListId="8c84fa94-04c1-424b-9868-57a2d4851a1d" relativeResultsDirectory="f4b17b17-76ff-4b18-a9c7-c284f6044b0b" /><UnitTestResult executionId="b22d1c1b-c661-4684-a6b1-cdde4aad8e04" testId="23d0017f-c509-4411-a0b8-58d9c16b45a4" testName="Put_ValidReferencePropertyUpdatesModel" computerName="LAMBDA" duration="00:00:00.0110000" startTime="2018-08-14T11:46:42.8680984-04:00" endTime="2018-08-14T11:46:42.8681053-04:00" testType="13cdc9d9-ddb5-4fa4-a97d-d965ccfc6d4b" outcome="Passed" testListId="8c84fa94-04c1-424b-9868-57a2d4851a1d" relativeResultsDirectory="b22d1c1b-c661-4684-a6b1-cdde4aad8e04" /><UnitTestResult executionId="a73927e9-4924-42e3-b49e-04932745c7df" testId="a558d720-493b-47e3-8f2a-3a83897136fa" testName="GetFile_ExistingFileReturnsSuccess" computerName="LAMBDA" duration="00:00:00.0430000" startTime="2018-08-14T11:46:58.9033548-04:00" endTime="2018-08-14T11:46:58.9033597-04:00" testType="13cdc9d9-ddb5-4fa4-a97d-d965ccfc6d4b" outcome="Passed" testListId="8c84fa94-04c1-424b-9868-57a2d4851a1d" relativeResultsDirectory="a73927e9-4924-42e3-b49e-04932745c7df" /><UnitTestResult executionId="2b662e69-9f01-4f6c-82b0-9b3b0bbd7069" testId="d5fd5ce2-df95-4fb4-8b71-0d1e770bcec7" testName="Patch_ValidReferencePropertyUpdatesModel" computerName="LAMBDA" duration="00:00:00.6750000" startTime="2018-08-14T11:46:48.3195885-04:00" endTime="2018-08-14T11:46:48.3195934-04:00" testType="13cdc9d9-ddb5-4fa4-a97d-d965ccfc6d4b" outcome="Passed" testListId="8c84fa94-04c1-424b-9868-57a2d4851a1d" relativeResultsDirectory="2b662e69-9f01-4f6c-82b0-9b3b0bbd7069" /><UnitTestResult executionId="6ba060c0-ae96-4a7f-8a2c-bc05bc0f9d5a" testId="13e797a8-81d6-42fb-93fc-f1a98c06ada3" testName="Put_CanUpdateModel" computerName="LAMBDA" duration="00:00:00.5850000" startTime="2018-08-14T11:46:48.9047833-04:00" endTime="2018-08-14T11:46:48.9047878-04:00" testType="13cdc9d9-ddb5-4fa4-a97d-d965ccfc6d4b" outcome="Passed" testListId="8c84fa94-04c1-424b-9868-57a2d4851a1d" relativeResultsDirectory="6ba060c0-ae96-4a7f-8a2c-bc05bc0f9d5a" /><UnitTestResult executionId="e7ca5250-7070-4149-8767-64d602fa9e77" testId="0ce3caa1-a832-4ab9-84d0-aa86d71d6525" testName="MeshTransformHasExpectedDependentFiles" computerName="LAMBDA" duration="00:00:00.0010000" startTime="2018-08-14T11:46:41.8519407-04:00" endTime="2018-08-14T11:46:41.8519420-04:00" testType="13cdc9d9-ddb5-4fa4-a97d-d965ccfc6d4b" outcome="Passed" testListId="8c84fa94-04c1-424b-9868-57a2d4851a1d" relativeResultsDirectory="e7ca5250-7070-4149-8767-64d602fa9e77" /><UnitTestResult executionId="7633ec1c-f5aa-436e-8d66-1c6fad1dfef7" testId="d46eb0b9-1edd-4dce-a32f-3986ab9860ea" testName="GetSingle_ValidIdPropertyValueReturnsCorrectModel" computerName="LAMBDA" duration="00:00:00.0350000" startTime="2018-08-14T11:46:49.4478410-04:00" endTime="2018-08-14T11:46:49.4478466-04:00" testType="13cdc9d9-ddb5-4fa4-a97d-d965ccfc6d4b" outcome="Passed" testListId="8c84fa94-04c1-424b-9868-57a2d4851a1d" relativeResultsDirectory="7633ec1c-f5aa-436e-8d66-1c6fad1dfef7" /><UnitTestResult executionId="cdf1d3f7-c5b1-493c-aba9-765496f7e1cf" testId="7737e0e1-ad65-4cc4-a871-347930ee9d3b" testName="GetList_ListReturnsCorrectCount" computerName="LAMBDA" duration="00:00:00.0250000" startTime="2018-08-14T11:46:44.1067602-04:00" endTime="2018-08-14T11:46:44.1067646-04:00" testType="13cdc9d9-ddb5-4fa4-a97d-d965ccfc6d4b" outcome="Passed" testListId="8c84fa94-04c1-424b-9868-57a2d4851a1d" relativeResultsDirectory="cdf1d3f7-c5b1-493c-aba9-765496f7e1cf" /><UnitTestResult executionId="d724ee6e-9479-4531-b2d7-f40fcbf9173b" testId="4782edea-cf19-49a3-8bf0-ba256e33ec63" testName="GetFile_FileCanBeRoundTripped" computerName="LAMBDA" duration="00:00:00.1270000" startTime="2018-08-14T11:46:52.0023613-04:00" endTime="2018-08-14T11:46:52.0023660-04:00" testType="13cdc9d9-ddb5-4fa4-a97d-d965ccfc6d4b" outcome="Passed" testListId="8c84fa94-04c1-424b-9868-57a2d4851a1d" relativeResultsDirectory="d724ee6e-9479-4531-b2d7-f40fcbf9173b" /><UnitTestResult executionId="c7a7252f-70b9-4410-84ea-8b24e953e7d0" testId="19831b92-e0b6-494f-8ac2-e338eb311ed6" testName="Patch_TargetPropertyIsUpdated" computerName="LAMBDA" duration="00:00:00.1950000" startTime="2018-08-14T11:46:43.6306048-04:00" endTime="2018-08-14T11:46:43.6306102-04:00" testType="13cdc9d9-ddb5-4fa4-a97d-d965ccfc6d4b" outcome="Passed" testListId="8c84fa94-04c1-424b-9868-57a2d4851a1d" relativeResultsDirectory="c7a7252f-70b9-4410-84ea-8b24e953e7d0" /><UnitTestResult executionId="04656081-d4e1-4839-8547-f389a3d1afd5" testId="688b72be-3993-4e54-a4f3-1cee77fdf344" testName="Put_InvalidIdReturnsNotFound" computerName="LAMBDA" duration="00:00:00.0330000" startTime="2018-08-14T11:46:58.6344553-04:00" endTime="2018-08-14T11:46:58.6344597-04:00" testType="13cdc9d9-ddb5-4fa4-a97d-d965ccfc6d4b" outcome="Passed" testListId="8c84fa94-04c1-424b-9868-57a2d4851a1d" relativeResultsDirectory="04656081-d4e1-4839-8547-f389a3d1afd5" /><UnitTestResult executionId="3673e44f-2e62-440d-a358-1b924baf7017" testId="3484ecec-664f-4e00-99d2-2928b456ff51" testName="Post_InvalidReferencePropertyReturnsBadRequest" computerName="LAMBDA" duration="00:00:00.0220000" startTime="2018-08-14T11:47:01.7680679-04:00" endTime="2018-08-14T11:47:01.7680729-04:00" testType="13cdc9d9-ddb5-4fa4-a97d-d965ccfc6d4b" outcome="Passed" testListId="8c84fa94-04c1-424b-9868-57a2d4851a1d" relativeResultsDirectory="3673e44f-2e62-440d-a358-1b924baf7017" /><UnitTestResult executionId="0d5d590a-c8b9-4001-be45-2d01c6f8b376" testId="69139a5a-38d2-4e2a-ad91-ba1cbeb6676d" testName="Patch_InvalidIdPropertyReturnsNotFound" computerName="LAMBDA" duration="00:00:00.0180000" startTime="2018-08-14T11:46:43.1155110-04:00" endTime="2018-08-14T11:46:43.1155167-04:00" testType="13cdc9d9-ddb5-4fa4-a97d-d965ccfc6d4b" outcome="Passed" testListId="8c84fa94-04c1-424b-9868-57a2d4851a1d" relativeResultsDirectory="0d5d590a-c8b9-4001-be45-2d01c6f8b376" /><UnitTestResult executionId="693551e3-a60e-44c2-9a6c-d9c950803f08" testId="1ba249b3-5871-47c2-b770-6a69a54cc164" testName="Put_InvalidIdReturnsNotFound" computerName="LAMBDA" duration="00:00:00.0260000" startTime="2018-08-14T11:47:01.6533013-04:00" endTime="2018-08-14T11:47:01.6533059-04:00" testType="13cdc9d9-ddb5-4fa4-a97d-d965ccfc6d4b" outcome="Passed" testListId="8c84fa94-04c1-424b-9868-57a2d4851a1d" relativeResultsDirectory="693551e3-a60e-44c2-9a6c-d9c950803f08" /><UnitTestResult executionId="ceae85b6-cf5d-471f-9cbc-bcd98685d528" testId="4ac63623-aabd-47f0-a728-50df95954687" testName="Post_ValidReferencePropertyCreatesModel" computerName="LAMBDA" duration="00:00:00.0320000" startTime="2018-08-14T11:46:46.0854584-04:00" endTime="2018-08-14T11:46:46.0854631-04:00" testType="13cdc9d9-ddb5-4fa4-a97d-d965ccfc6d4b" outcome="Passed" testListId="8c84fa94-04c1-424b-9868-57a2d4851a1d" relativeResultsDirectory="ceae85b6-cf5d-471f-9cbc-bcd98685d528" /><UnitTestResult executionId="8a63b86e-033f-45e2-83dd-6360f9693cfa" testId="71a1b0cc-3db6-4bb7-a476-7a55156ff49e" testName="PutFile_FileCanBeUpdated" computerName="LAMBDA" duration="00:00:00.2090000" startTime="2018-08-14T11:46:44.6006224-04:00" endTime="2018-08-14T11:46:44.6006292-04:00" testType="13cdc9d9-ddb5-4fa4-a97d-d965ccfc6d4b" outcome="Passed" testListId="8c84fa94-04c1-424b-9868-57a2d4851a1d" relativeResultsDirectory="8a63b86e-033f-45e2-83dd-6360f9693cfa" /><UnitTestResult executionId="00d0bb58-ffba-494e-afa4-b0307de37de8" testId="1e64b2ff-b598-45e5-a7c6-a64d5e15b3da" testName="Patch_InvalidIdPropertyReturnsNotFound" computerName="LAMBDA" duration="00:00:00.0280000" startTime="2018-08-14T11:46:49.2148040-04:00" endTime="2018-08-14T11:46:49.2148083-04:00" testType="13cdc9d9-ddb5-4fa4-a97d-d965ccfc6d4b" outcome="Passed" testListId="8c84fa94-04c1-424b-9868-57a2d4851a1d" relativeResultsDirectory="00d0bb58-ffba-494e-afa4-b0307de37de8" /><UnitTestResult executionId="c896681c-b2b6-4a1c-8fab-91e2e9cdca82" testId="4ee06d77-b2f9-4d97-a356-dd964e18a3c8" testName="Post_InvalidReferencePropertyReturnsBadRequest" computerName="LAMBDA" duration="00:00:00.0260000" startTime="2018-08-14T11:46:49.2672362-04:00" endTime="2018-08-14T11:46:49.2672422-04:00" testType="13cdc9d9-ddb5-4fa4-a97d-d965ccfc6d4b" outcome="Passed" testListId="8c84fa94-04c1-424b-9868-57a2d4851a1d" relativeResultsDirectory="c896681c-b2b6-4a1c-8fab-91e2e9cdca82" /><UnitTestResult executionId="f1676bf3-84bb-4f0c-bf25-60074f2caa86" testId="cbbdb32d-e81d-4cbc-acdb-5a9170373d15" testName="Patch_InvalidPropertyNameReturnsBadRequest" computerName="LAMBDA" duration="00:00:00.0260000" startTime="2018-08-14T11:46:49.1861880-04:00" endTime="2018-08-14T11:46:49.1861939-04:00" testType="13cdc9d9-ddb5-4fa4-a97d-d965ccfc6d4b" outcome="Passed" testListId="8c84fa94-04c1-424b-9868-57a2d4851a1d" relativeResultsDirectory="f1676bf3-84bb-4f0c-bf25-60074f2caa86" /><UnitTestResult executionId="a938841b-dd0d-447f-9f11-e40036fed94c" testId="e41f3e6c-839a-4941-93c3-8afcf2beaafd" testName="Patch_InvalidIdPropertyReturnsNotFound" computerName="LAMBDA" duration="00:00:00.0180000" startTime="2018-08-14T11:47:01.9647305-04:00" endTime="2018-08-14T11:47:01.9647443-04:00" testType="13cdc9d9-ddb5-4fa4-a97d-d965ccfc6d4b" outcome="Passed" testListId="8c84fa94-04c1-424b-9868-57a2d4851a1d" relativeResultsDirectory="a938841b-dd0d-447f-9f11-e40036fed94c" /><UnitTestResult executionId="a8cf4e71-e24e-4121-872f-dfba30639d64" testId="9a53663e-a0c3-44e2-84d9-1bdc201a7640" testName="Put_CanUpdateModel" computerName="LAMBDA" duration="00:00:00.1120000" startTime="2018-08-14T11:46:43.7432051-04:00" endTime="2018-08-14T11:46:43.7432108-04:00" testType="13cdc9d9-ddb5-4fa4-a97d-d965ccfc6d4b" outcome="Passed" testListId="8c84fa94-04c1-424b-9868-57a2d4851a1d" relativeResultsDirectory="a8cf4e71-e24e-4121-872f-dfba30639d64" /><UnitTestResult executionId="a37a5386-55b9-4628-bd11-386bdded5afc" testId="7b62f289-8afe-4bba-b9e2-016d992a8027" testName="GetFile_NonExistentFileReturnsNotFound" computerName="LAMBDA" duration="00:00:00.0250000" startTime="2018-08-14T11:47:01.0616329-04:00" endTime="2018-08-14T11:47:01.0616409-04:00" testType="13cdc9d9-ddb5-4fa4-a97d-d965ccfc6d4b" outcome="Passed" testListId="8c84fa94-04c1-424b-9868-57a2d4851a1d" relativeResultsDirectory="a37a5386-55b9-4628-bd11-386bdded5afc" /><UnitTestResult executionId="ffa17421-8ab0-4d86-8f39-1070af6eb2ec" testId="11a691a1-a20b-490b-b2dc-db165b9e866f" testName="Put_InvalidReferencePropertyReturndBadRequest" computerName="LAMBDA" duration="00:00:00.0270000" startTime="2018-08-14T11:46:46.1130995-04:00" endTime="2018-08-14T11:46:46.1131074-04:00" testType="13cdc9d9-ddb5-4fa4-a97d-d965ccfc6d4b" outcome="Passed" testListId="8c84fa94-04c1-424b-9868-57a2d4851a1d" relativeResultsDirectory="ffa17421-8ab0-4d86-8f39-1070af6eb2ec" /><UnitTestResult executionId="513201fa-d8bb-4e1e-a221-13e474bf3139" testId="ddde0122-9c22-42eb-b5f6-35fb02b21710" testName="Put_InvalidReferencePropertyReturndBadRequest" computerName="LAMBDA" duration="00:00:00.0460000" startTime="2018-08-14T11:46:49.4948447-04:00" endTime="2018-08-14T11:46:49.4948492-04:00" testType="13cdc9d9-ddb5-4fa4-a97d-d965ccfc6d4b" outcome="Passed" testListId="8c84fa94-04c1-424b-9868-57a2d4851a1d" relativeResultsDirectory="513201fa-d8bb-4e1e-a221-13e474bf3139" /><UnitTestResult executionId="5c1271ee-264d-4015-859e-43bafede7fb0" testId="8f40230b-8efa-4511-99a6-c4836041ab33" testName="Patch_TargetPropertyIsUpdated" computerName="LAMBDA" duration="00:00:00.0750000" startTime="2018-08-14T11:47:02.2631474-04:00" endTime="2018-08-14T11:47:02.2631531-04:00" testType="13cdc9d9-ddb5-4fa4-a97d-d965ccfc6d4b" outcome="Passed" testListId="8c84fa94-04c1-424b-9868-57a2d4851a1d" relativeResultsDirectory="5c1271ee-264d-4015-859e-43bafede7fb0" /><UnitTestResult executionId="a142ddd6-ddaa-47c7-b32f-7bcdd1b349d1" testId="df5aa89d-54cf-432b-baee-d1e669c4acd6" testName="Put_InvalidIdReturnsNotFound" computerName="LAMBDA" duration="00:00:00.2050000" startTime="2018-08-14T11:46:45.6598273-04:00" endTime="2018-08-14T11:46:45.6598320-04:00" testType="13cdc9d9-ddb5-4fa4-a97d-d965ccfc6d4b" outcome="Passed" testListId="8c84fa94-04c1-424b-9868-57a2d4851a1d" relativeResultsDirectory="a142ddd6-ddaa-47c7-b32f-7bcdd1b349d1" /><UnitTestResult executionId="327f9c63-fa2b-47b7-8173-902b2d3f3281" testId="b027a5dc-747b-4555-9840-398477d21a56" testName="GetSingle_InvalidIdPropertyValueReturnsNotFound" computerName="LAMBDA" duration="00:00:00.0170000" startTime="2018-08-14T11:46:42.9973421-04:00" endTime="2018-08-14T11:46:42.9973474-04:00" testType="13cdc9d9-ddb5-4fa4-a97d-d965ccfc6d4b" outcome="Passed" testListId="8c84fa94-04c1-424b-9868-57a2d4851a1d" relativeResultsDirectory="327f9c63-fa2b-47b7-8173-902b2d3f3281" /><UnitTestResult executionId="775e21af-31e2-4f8d-aa48-9984a898a786" testId="eaf0a420-ae91-4437-9e45-e15594a12dbd" testName="Patch_InvalidPropertyNameReturnsBadRequest" computerName="LAMBDA" duration="00:00:00.0250000" startTime="2018-08-14T11:46:58.0740633-04:00" endTime="2018-08-14T11:46:58.0740695-04:00" testType="13cdc9d9-ddb5-4fa4-a97d-d965ccfc6d4b" outcome="Passed" testListId="8c84fa94-04c1-424b-9868-57a2d4851a1d" relativeResultsDirectory="775e21af-31e2-4f8d-aa48-9984a898a786" /><UnitTestResult executionId="bc9be6ad-adbc-4d61-9349-fc0228eefbb0" testId="7676412e-208d-4b99-9c82-91b7b2d1a85c" testName="Post_InvalidPropertyValueReturnsBadRequest" computerName="LAMBDA" duration="00:00:00.0210000" startTime="2018-08-14T11:46:58.6554569-04:00" endTime="2018-08-14T11:46:58.6554626-04:00" testType="13cdc9d9-ddb5-4fa4-a97d-d965ccfc6d4b" outcome="Passed" testListId="8c84fa94-04c1-424b-9868-57a2d4851a1d" relativeResultsDirectory="bc9be6ad-adbc-4d61-9349-fc0228eefbb0" /><UnitTestResult executionId="e0d791e2-dc18-4a47-bc5f-7573723c6364" testId="03e3c4cf-fa6a-4820-ad17-ad45e0fa80b3" testName="Post_InvalidPropertyValueReturnsBadRequest" computerName="LAMBDA" duration="00:00:00.0180000" startTime="2018-08-14T11:46:43.1339000-04:00" endTime="2018-08-14T11:46:43.1339053-04:00" testType="13cdc9d9-ddb5-4fa4-a97d-d965ccfc6d4b" outcome="Passed" testListId="8c84fa94-04c1-424b-9868-57a2d4851a1d" relativeResultsDirectory="e0d791e2-dc18-4a47-bc5f-7573723c6364" /><UnitTestResult executionId="126066e5-b8d9-4179-9cc5-ce0626f8d634" testId="0dc8bade-c16c-4e32-bed9-1dbf0ae764a5" testName="GetFile_FileCanBeRoundTripped" computerName="LAMBDA" duration="00:00:00.1150000" startTime="2018-08-14T11:47:01.5715402-04:00" endTime="2018-08-14T11:47:01.5715449-04:00" testType="13cdc9d9-ddb5-4fa4-a97d-d965ccfc6d4b" outcome="Passed" testListId="8c84fa94-04c1-424b-9868-57a2d4851a1d" relativeResultsDirectory="126066e5-b8d9-4179-9cc5-ce0626f8d634" /><UnitTestResult executionId="6ea66558-a94d-4841-b4e8-0fc944d0996b" testId="897449a8-5460-4c05-a9b7-4abf4746b36b" testName="Post_CanCreateNewModel" computerName="LAMBDA" duration="00:00:00.0310000" startTime="2018-08-14T11:46:44.1603245-04:00" endTime="2018-08-14T11:46:44.1603299-04:00" testType="13cdc9d9-ddb5-4fa4-a97d-d965ccfc6d4b" outcome="Passed" testListId="8c84fa94-04c1-424b-9868-57a2d4851a1d" relativeResultsDirectory="6ea66558-a94d-4841-b4e8-0fc944d0996b" /><UnitTestResult executionId="02ff6c19-6ae2-400c-9f67-e354e221c16c" testId="876e836c-c901-423c-80fc-7ff6f749c626" testName="Post_CanCreateNewModel" computerName="LAMBDA" duration="00:00:00.0390000" startTime="2018-08-14T11:46:58.2323718-04:00" endTime="2018-08-14T11:46:58.2323766-04:00" testType="13cdc9d9-ddb5-4fa4-a97d-d965ccfc6d4b" outcome="Passed" testListId="8c84fa94-04c1-424b-9868-57a2d4851a1d" relativeResultsDirectory="02ff6c19-6ae2-400c-9f67-e354e221c16c" /><UnitTestResult executionId="3f272730-2e27-42a4-9794-4c06b811bbed" testId="81cb6773-e140-456d-a2ee-1b9609fd9eb6" testName="Patch_InvalidIdPropertyReturnsNotFound" computerName="LAMBDA" duration="00:00:00.0210000" startTime="2018-08-14T11:46:44.0109149-04:00" endTime="2018-08-14T11:46:44.0109191-04:00" testType="13cdc9d9-ddb5-4fa4-a97d-d965ccfc6d4b" outcome="Passed" testListId="8c84fa94-04c1-424b-9868-57a2d4851a1d" relativeResultsDirectory="3f272730-2e27-42a4-9794-4c06b811bbed" /><UnitTestResult executionId="7ce530aa-2a8f-4fb8-872f-edafa90ec2a5" testId="207333be-3543-44eb-8169-4ce2c610d1dd" testName="Patch_InvalidIdPropertyReturnsNotFound" computerName="LAMBDA" duration="00:00:00.0190000" startTime="2018-08-14T11:46:46.1330915-04:00" endTime="2018-08-14T11:46:46.1330984-04:00" testType="13cdc9d9-ddb5-4fa4-a97d-d965ccfc6d4b" outcome="Passed" testListId="8c84fa94-04c1-424b-9868-57a2d4851a1d" relativeResultsDirectory="7ce530aa-2a8f-4fb8-872f-edafa90ec2a5" /><UnitTestResult executionId="3cff46ee-0a9d-49d5-813e-064464498ef9" testId="e963dc51-639c-4d63-bb20-6b31f48e8f9d" testName="Delete_TargetModelIsDeleted" computerName="LAMBDA" duration="00:00:00.0350000" startTime="2018-08-14T11:47:01.6889143-04:00" endTime="2018-08-14T11:47:01.6889192-04:00" testType="13cdc9d9-ddb5-4fa4-a97d-d965ccfc6d4b" outcome="Passed" testListId="8c84fa94-04c1-424b-9868-57a2d4851a1d" relativeResultsDirectory="3cff46ee-0a9d-49d5-813e-064464498ef9" /><UnitTestResult executionId="9f0093fa-f056-4043-b010-eafc847411f3" testId="47578410-cfbd-4098-9d41-57398a5ffe0a" testName="Post_InvalidReferencePropertyReturnsBadRequest" computerName="LAMBDA" duration="00:00:00.3000000" startTime="2018-08-14T11:46:43.4351275-04:00" endTime="2018-08-14T11:46:43.4351325-04:00" testType="13cdc9d9-ddb5-4fa4-a97d-d965ccfc6d4b" outcome="Passed" testListId="8c84fa94-04c1-424b-9868-57a2d4851a1d" relativeResultsDirectory="9f0093fa-f056-4043-b010-eafc847411f3" /><UnitTestResult executionId="448da5d9-d825-4c1b-a537-03c6dc05c329" testId="1f1974af-af66-4e43-aa9b-2101b4c06596" testName="Patch_TargetPropertyIsUpdated" computerName="LAMBDA" duration="00:00:00.0720000" startTime="2018-08-14T11:46:58.3045900-04:00" endTime="2018-08-14T11:46:58.3045948-04:00" testType="13cdc9d9-ddb5-4fa4-a97d-d965ccfc6d4b" outcome="Passed" testListId="8c84fa94-04c1-424b-9868-57a2d4851a1d" relativeResultsDirectory="448da5d9-d825-4c1b-a537-03c6dc05c329" /><UnitTestResult executionId="863edf5b-4d26-415b-8cca-7abd381d8ea5" testId="30bf6aeb-30d3-422a-95be-33508b2704d2" testName="CameraHasExpectedDependentFiles" computerName="LAMBDA" duration="00:00:00.0010000" startTime="2018-08-14T11:46:41.8516624-04:00" endTime="2018-08-14T11:46:41.8516665-04:00" testType="13cdc9d9-ddb5-4fa4-a97d-d965ccfc6d4b" outcome="Passed" testListId="8c84fa94-04c1-424b-9868-57a2d4851a1d" relativeResultsDirectory="863edf5b-4d26-415b-8cca-7abd381d8ea5" /><UnitTestResult executionId="0d2690a4-157d-4adb-8612-224d6f3c6c55" testId="1d2c8531-3625-4f18-8d8b-e26116b9400d" testName="Put_InvalidReferencePropertyReturndBadRequest" computerName="LAMBDA" duration="00:00:00.0340000" startTime="2018-08-14T11:46:44.2605033-04:00" endTime="2018-08-14T11:46:44.2605080-04:00" testType="13cdc9d9-ddb5-4fa4-a97d-d965ccfc6d4b" outcome="Passed" testListId="8c84fa94-04c1-424b-9868-57a2d4851a1d" relativeResultsDirectory="0d2690a4-157d-4adb-8612-224d6f3c6c55" /><UnitTestResult executionId="0e30b777-03fd-4eb2-a82a-03da6cb124be" testId="0d5681aa-73f9-4d5b-b2ce-7a76c63ba5a7" testName="Post_CanCreateNewModel" computerName="LAMBDA" duration="00:00:00.0320000" startTime="2018-08-14T11:47:01.6270938-04:00" endTime="2018-08-14T11:47:01.6270987-04:00" testType="13cdc9d9-ddb5-4fa4-a97d-d965ccfc6d4b" outcome="Passed" testListId="8c84fa94-04c1-424b-9868-57a2d4851a1d" relativeResultsDirectory="0e30b777-03fd-4eb2-a82a-03da6cb124be" /><UnitTestResult executionId="4fdf0238-e639-411a-94af-c65f1f8cc923" testId="41d4e41c-7df0-415c-b194-14e6ee0ebd73" testName="GetList_ListReturnsCorrectCount" computerName="LAMBDA" duration="00:00:01.1340000" startTime="2018-08-14T11:46:47.5641165-04:00" endTime="2018-08-14T11:46:47.5641214-04:00" testType="13cdc9d9-ddb5-4fa4-a97d-d965ccfc6d4b" outcome="Passed" testListId="8c84fa94-04c1-424b-9868-57a2d4851a1d" relativeResultsDirectory="4fdf0238-e639-411a-94af-c65f1f8cc923" /><UnitTestResult executionId="7df9b850-c329-4647-9546-489ae6d4e298" testId="bad23c28-c91a-4adf-9973-0891bc2a98e5" testName="Patch_ValidReferencePropertyUpdatesModel" computerName="LAMBDA" duration="00:00:00.0800000" startTime="2018-08-14T11:47:02.0826733-04:00" endTime="2018-08-14T11:47:02.0826791-04:00" testType="13cdc9d9-ddb5-4fa4-a97d-d965ccfc6d4b" outcome="Passed" testListId="8c84fa94-04c1-424b-9868-57a2d4851a1d" relativeResultsDirectory="7df9b850-c329-4647-9546-489ae6d4e298" /><UnitTestResult executionId="a661b261-6ff7-4a61-8c31-6df140b23f18" testId="6ae3402b-f8ea-4227-bca6-531899249d51" testName="Patch_InvalidEnumPropertyValueReturnsBadRequest" computerName="LAMBDA" duration="00:00:00.0120000" startTime="2018-08-14T11:46:46.1450381-04:00" endTime="2018-08-14T11:46:46.1450429-04:00" testType="13cdc9d9-ddb5-4fa4-a97d-d965ccfc6d4b" outcome="Passed" testListId="8c84fa94-04c1-424b-9868-57a2d4851a1d" relativeResultsDirectory="a661b261-6ff7-4a61-8c31-6df140b23f18" /><UnitTestResult executionId="be4f862e-885f-4eaa-910f-7eff93a7d91f" testId="cee80131-d3b1-49bd-8a4b-b01f4a876fde" testName="FileRequest_FileCanBeReadAfterRename" computerName="LAMBDA" duration="00:00:00.1920000" startTime="2018-08-14T11:46:45.1016268-04:00" endTime="2018-08-14T11:46:45.1016315-04:00" testType="13cdc9d9-ddb5-4fa4-a97d-d965ccfc6d4b" outcome="Passed" testListId="8c84fa94-04c1-424b-9868-57a2d4851a1d" relativeResultsDirectory="be4f862e-885f-4eaa-910f-7eff93a7d91f" /><UnitTestResult executionId="055f60d5-2216-434d-a619-e62cad623b7c" testId="39941b4c-e9ae-4275-ad05-6d659c5b2a20" testName="PostFile_NewFileCanBePosted" computerName="LAMBDA" duration="00:00:00.1330000" startTime="2018-08-14T11:46:53.7303831-04:00" endTime="2018-08-14T11:46:53.7303897-04:00" testType="13cdc9d9-ddb5-4fa4-a97d-d965ccfc6d4b" outcome="Passed" testListId="8c84fa94-04c1-424b-9868-57a2d4851a1d" relativeResultsDirectory="055f60d5-2216-434d-a619-e62cad623b7c" /><UnitTestResult executionId="b61f32b5-e26b-422b-afd5-bd5c6258ecb9" testId="0329db49-6ca1-4175-b28b-c5d95318da5f" testName="GetSingle_InvalidIdPropertyValueReturnsNotFound" computerName="LAMBDA" duration="00:00:00.0180000" startTime="2018-08-14T11:46:43.7615908-04:00" endTime="2018-08-14T11:46:43.7615959-04:00" testType="13cdc9d9-ddb5-4fa4-a97d-d965ccfc6d4b" outcome="Passed" testListId="8c84fa94-04c1-424b-9868-57a2d4851a1d" relativeResultsDirectory="b61f32b5-e26b-422b-afd5-bd5c6258ecb9" /><UnitTestResult executionId="8f32bf84-46c0-47e3-92df-d22633b1b040" testId="e52564db-51ed-4ce6-a8aa-92ec23554b99" testName="Delete_TargetModelIsDeleted" computerName="LAMBDA" duration="00:00:00.0420000" startTime="2018-08-14T11:46:58.1692741-04:00" endTime="2018-08-14T11:46:58.1692800-04:00" testType="13cdc9d9-ddb5-4fa4-a97d-d965ccfc6d4b" outcome="Passed" testListId="8c84fa94-04c1-424b-9868-57a2d4851a1d" relativeResultsDirectory="8f32bf84-46c0-47e3-92df-d22633b1b040" /><UnitTestResult executionId="39be199e-ba24-4159-b5df-b32e12b0fa54" testId="5efcd25c-6e4b-4842-8f85-13f3de723db8" testName="Put_CanUpdateModel" computerName="LAMBDA" duration="00:00:00.0680000" startTime="2018-08-14T11:46:58.8591594-04:00" endTime="2018-08-14T11:46:58.8591656-04:00" testType="13cdc9d9-ddb5-4fa4-a97d-d965ccfc6d4b" outcome="Passed" testListId="8c84fa94-04c1-424b-9868-57a2d4851a1d" relativeResultsDirectory="39be199e-ba24-4159-b5df-b32e12b0fa54" /><UnitTestResult executionId="c2875f99-aafa-49d1-8b1f-896fcae5c619" testId="e2f4e137-23c1-434e-9734-6c7155094acb" testName="Patch_ValidReferencePropertyUpdatesModel" computerName="LAMBDA" duration="00:00:00.5770000" startTime="2018-08-14T11:46:42.4405528-04:00" endTime="2018-08-14T11:46:42.4405599-04:00" testType="13cdc9d9-ddb5-4fa4-a97d-d965ccfc6d4b" outcome="Passed" testListId="8c84fa94-04c1-424b-9868-57a2d4851a1d" relativeResultsDirectory="c2875f99-aafa-49d1-8b1f-896fcae5c619" /><UnitTestResult executionId="0e81b54a-37f3-4bb8-ba4c-ba2e44bfc81c" testId="2d976382-16d8-4e3b-9744-af141483dc59" testName="Patch_InvalidEnumPropertyValueReturnsBadRequest" computerName="LAMBDA" duration="00:00:00.0210000" startTime="2018-08-14T11:46:44.1282809-04:00" endTime="2018-08-14T11:46:44.1282866-04:00" testType="13cdc9d9-ddb5-4fa4-a97d-d965ccfc6d4b" outcome="Passed" testListId="8c84fa94-04c1-424b-9868-57a2d4851a1d" relativeResultsDirectory="0e81b54a-37f3-4bb8-ba4c-ba2e44bfc81c" /><UnitTestResult executionId="6bf7beef-914f-4299-a83a-75fec2bc7997" testId="c6cecd06-72d6-41ae-88d7-2bac64e48462" testName="PutFile_NewFileCanBePut" computerName="LAMBDA" duration="00:00:00.1130000" startTime="2018-08-14T11:46:44.3913480-04:00" endTime="2018-08-14T11:46:44.3913557-04:00" testType="13cdc9d9-ddb5-4fa4-a97d-d965ccfc6d4b" outcome="Passed" testListId="8c84fa94-04c1-424b-9868-57a2d4851a1d" relativeResultsDirectory="6bf7beef-914f-4299-a83a-75fec2bc7997" /><UnitTestResult executionId="6dea09c9-55dc-4948-aedd-65fd5ba7fd0e" testId="67b188d1-303c-4efc-b530-0e470e481406" testName="Put_CanUpdateModel" computerName="LAMBDA" duration="00:00:00.0780000" startTime="2018-08-14T11:47:01.8469776-04:00" endTime="2018-08-14T11:47:01.8469836-04:00" testType="13cdc9d9-ddb5-4fa4-a97d-d965ccfc6d4b" outcome="Passed" testListId="8c84fa94-04c1-424b-9868-57a2d4851a1d" relativeResultsDirectory="6dea09c9-55dc-4948-aedd-65fd5ba7fd0e" /><UnitTestResult executionId="d8e773c8-8fd8-45cf-85fe-d6223769df9f" testId="498ba037-3183-4f9b-8c8c-1d95a1f441cb" testName="Patch_MultipleInvalidReferencePropertiesReturnsMultipleValidationErrorsAndBadRequest" computerName="LAMBDA" duration="00:00:00.0310000" startTime="2018-08-14T11:46:45.8456509-04:00" endTime="2018-08-14T11:46:45.8456557-04:00" testType="13cdc9d9-ddb5-4fa4-a97d-d965ccfc6d4b" outcome="Passed" testListId="8c84fa94-04c1-424b-9868-57a2d4851a1d" relativeResultsDirectory="d8e773c8-8fd8-45cf-85fe-d6223769df9f" /><UnitTestResult executionId="16da2229-648a-4392-ade0-fb178759c00a" testId="634363ce-5fca-47da-9fa0-4a0dd356545e" testName="Patch_InvalidReferencePropertyReturnsBadRequest" computerName="LAMBDA" duration="00:00:00.0290000" startTime="2018-08-14T11:46:44.1898894-04:00" endTime="2018-08-14T11:46:44.1898942-04:00" testType="13cdc9d9-ddb5-4fa4-a97d-d965ccfc6d4b" outcome="Passed" testListId="8c84fa94-04c1-424b-9868-57a2d4851a1d" relativeResultsDirectory="16da2229-648a-4392-ade0-fb178759c00a" /><UnitTestResult executionId="1b3134d7-2fa2-44f9-93f8-76f85905ad39" testId="8cfcad7d-8d50-4cb3-b476-ad485f47779a" testName="Put_InvalidIdReturnsNotFound" computerName="LAMBDA" duration="00:00:00.0800000" startTime="2018-08-14T11:46:47.6444893-04:00" endTime="2018-08-14T11:46:47.6444946-04:00" testType="13cdc9d9-ddb5-4fa4-a97d-d965ccfc6d4b" outcome="Passed" testListId="8c84fa94-04c1-424b-9868-57a2d4851a1d" relativeResultsDirectory="1b3134d7-2fa2-44f9-93f8-76f85905ad39" /><UnitTestResult executionId="2ac3130e-1d24-4f77-849a-d28f180ac58b" testId="24f03738-cf10-483b-a71f-1f3732f39343" testName="Put_InvalidIdReturnsNotFound" computerName="LAMBDA" duration="00:00:00.0450000" startTime="2018-08-14T11:46:43.8070179-04:00" endTime="2018-08-14T11:46:43.8070236-04:00" testType="13cdc9d9-ddb5-4fa4-a97d-d965ccfc6d4b" outcome="Passed" testListId="8c84fa94-04c1-424b-9868-57a2d4851a1d" relativeResultsDirectory="2ac3130e-1d24-4f77-849a-d28f180ac58b" /><UnitTestResult executionId="84c0d813-aa6a-4743-920b-39a2704d112c" testId="44c63347-716a-4668-8406-f54cc8ab9059" testName="Post_ValidReferencePropertyCreatesModel" computerName="LAMBDA" duration="00:00:00.0340000" startTime="2018-08-14T11:47:01.9122707-04:00" endTime="2018-08-14T11:47:01.9122756-04:00" testType="13cdc9d9-ddb5-4fa4-a97d-d965ccfc6d4b" outcome="Passed" testListId="8c84fa94-04c1-424b-9868-57a2d4851a1d" relativeResultsDirectory="84c0d813-aa6a-4743-920b-39a2704d112c" /><UnitTestResult executionId="e53c79d8-dcdf-4b0e-bf68-cc642662dee1" testId="f04f13d5-f837-4348-8274-d2d47e09c917" testName="Patch_InvalidEnumPropertyValueReturnsBadRequest" computerName="LAMBDA" duration="00:00:00.0120000" startTime="2018-08-14T11:46:42.9799013-04:00" endTime="2018-08-14T11:46:42.9799061-04:00" testType="13cdc9d9-ddb5-4fa4-a97d-d965ccfc6d4b" outcome="Passed" testListId="8c84fa94-04c1-424b-9868-57a2d4851a1d" relativeResultsDirectory="e53c79d8-dcdf-4b0e-bf68-cc642662dee1" /><UnitTestResult executionId="22643e4f-362c-4a09-b38c-20d3ef39543e" testId="28e83884-32f0-475a-b941-6bb03098cfd8" testName="PostFile_NewFileCanBePosted" computerName="LAMBDA" duration="00:00:00.0970000" startTime="2018-08-14T11:47:01.4554848-04:00" endTime="2018-08-14T11:47:01.4554911-04:00" testType="13cdc9d9-ddb5-4fa4-a97d-d965ccfc6d4b" outcome="Passed" testListId="8c84fa94-04c1-424b-9868-57a2d4851a1d" relativeResultsDirectory="22643e4f-362c-4a09-b38c-20d3ef39543e" /><UnitTestResult executionId="aa31a797-5a7c-43ef-bfa1-ac6d0558289e" testId="038b8eb4-8770-4135-bd59-ba6d029caf6e" testName="Delete_TargetModelIsDeleted" computerName="LAMBDA" duration="00:00:00.0360000" startTime="2018-08-14T11:46:44.2262203-04:00" endTime="2018-08-14T11:46:44.2262247-04:00" testType="13cdc9d9-ddb5-4fa4-a97d-d965ccfc6d4b" outcome="Passed" testListId="8c84fa94-04c1-424b-9868-57a2d4851a1d" relativeResultsDirectory="aa31a797-5a7c-43ef-bfa1-ac6d0558289e" /><UnitTestResult executionId="6645eded-41f4-4ae0-ac6b-0d6681f66f96" testId="5bcacd42-0576-4c84-b8db-1c0ad16564f3" testName="GetFile_NonExistentFileReturnsNotFound" computerName="LAMBDA" duration="00:00:00.0360000" startTime="2018-08-14T11:46:49.5576002-04:00" endTime="2018-08-14T11:46:49.5576051-04:00" testType="13cdc9d9-ddb5-4fa4-a97d-d965ccfc6d4b" outcome="Passed" testListId="8c84fa94-04c1-424b-9868-57a2d4851a1d" relativeResultsDirectory="6645eded-41f4-4ae0-ac6b-0d6681f66f96" /><UnitTestResult executionId="cb1f848a-7d7e-423c-923a-8be7438c1328" testId="da7e2b7c-fe5c-43b2-aad3-2cc22f5c23c4" testName="Post_InvalidReferencePropertyReturnsBadRequest" computerName="LAMBDA" duration="00:00:00.0260000" startTime="2018-08-14T11:46:58.5732879-04:00" endTime="2018-08-14T11:46:58.5732933-04:00" testType="13cdc9d9-ddb5-4fa4-a97d-d965ccfc6d4b" outcome="Passed" testListId="8c84fa94-04c1-424b-9868-57a2d4851a1d" relativeResultsDirectory="cb1f848a-7d7e-423c-923a-8be7438c1328" /><UnitTestResult executionId="59873c3f-5d05-41d0-a57f-3ab6bd5d1d6e" testId="c139ec28-b76c-4bb3-8360-005e6a51c7f7" testName="PostFile_FileIsSynchronizedIsUpdatedAfterFileIsPosted" computerName="LAMBDA" duration="00:00:00.2010000" startTime="2018-08-14T11:46:57.7730262-04:00" endTime="2018-08-14T11:46:57.7730334-04:00" testType="13cdc9d9-ddb5-4fa4-a97d-d965ccfc6d4b" outcome="Passed" testListId="8c84fa94-04c1-424b-9868-57a2d4851a1d" relativeResultsDirectory="59873c3f-5d05-41d0-a57f-3ab6bd5d1d6e" /><UnitTestResult executionId="c346a3c6-9fc8-4632-88a7-d39783b4ac12" testId="840088df-412f-4e9f-ad3f-98c89ad0876b" testName="Patch_ValidReferencePropertyUpdatesModel" computerName="LAMBDA" duration="00:00:00.0660000" startTime="2018-08-14T11:46:43.9331773-04:00" endTime="2018-08-14T11:46:43.9331842-04:00" testType="13cdc9d9-ddb5-4fa4-a97d-d965ccfc6d4b" outcome="Passed" testListId="8c84fa94-04c1-424b-9868-57a2d4851a1d" relativeResultsDirectory="c346a3c6-9fc8-4632-88a7-d39783b4ac12" /><UnitTestResult executionId="e8d9e7e5-1169-476a-8888-05644cefe0c0" testId="ddd6d07b-d5b9-4105-8be3-cb148c2c74e0" testName="Patch_InvalidReferencePropertyReturnsBadRequest" computerName="LAMBDA" duration="00:00:00.0110000" startTime="2018-08-14T11:46:42.8796818-04:00" endTime="2018-08-14T11:46:42.8796882-04:00" testType="13cdc9d9-ddb5-4fa4-a97d-d965ccfc6d4b" outcome="Passed" testListId="8c84fa94-04c1-424b-9868-57a2d4851a1d" relativeResultsDirectory="e8d9e7e5-1169-476a-8888-05644cefe0c0" /><UnitTestResult executionId="2be74f9b-a6f7-4cee-873b-0dc1addae9ca" testId="2218a90c-bfd1-4877-a1f2-052ab48ad282" testName="Post_InvalidPropertyValueReturnsBadRequest" computerName="LAMBDA" duration="00:00:00.0260000" startTime="2018-08-14T11:46:49.5212617-04:00" endTime="2018-08-14T11:46:49.5212672-04:00" testType="13cdc9d9-ddb5-4fa4-a97d-d965ccfc6d4b" outcome="Passed" testListId="8c84fa94-04c1-424b-9868-57a2d4851a1d" relativeResultsDirectory="2be74f9b-a6f7-4cee-873b-0dc1addae9ca" /><UnitTestResult executionId="578834b5-532a-4009-88e9-671d74884aaa" testId="51c47e9d-98b7-4fde-8a21-328a037a5cc0" testName="Put_ValidReferencePropertyUpdatesModel" computerName="LAMBDA" duration="00:00:00.1730000" startTime="2018-08-14T11:46:58.4786301-04:00" endTime="2018-08-14T11:46:58.4786360-04:00" testType="13cdc9d9-ddb5-4fa4-a97d-d965ccfc6d4b" outcome="Passed" testListId="8c84fa94-04c1-424b-9868-57a2d4851a1d" relativeResultsDirectory="578834b5-532a-4009-88e9-671d74884aaa" /><UnitTestResult executionId="8e45c22a-6093-48a7-b6d2-0426ba23beeb" testId="59a3d7a5-2067-4b77-9c67-0371f891b5a4" testName="GetList_ListReturnsCorrectCount" computerName="LAMBDA" duration="00:00:00.0220000" startTime="2018-08-14T11:46:43.0730038-04:00" endTime="2018-08-14T11:46:43.0730094-04:00" testType="13cdc9d9-ddb5-4fa4-a97d-d965ccfc6d4b" outcome="Passed" testListId="8c84fa94-04c1-424b-9868-57a2d4851a1d" relativeResultsDirectory="8e45c22a-6093-48a7-b6d2-0426ba23beeb" /><UnitTestResult executionId="2faded18-3c34-4026-85f9-358bd4aac958" testId="977de56b-d313-4c2d-9e5e-0de46d75240f" testName="Post_CanCreateNewModel" computerName="LAMBDA" duration="00:00:00.0400000" startTime="2018-08-14T11:46:49.1203136-04:00" endTime="2018-08-14T11:46:49.1203214-04:00" testType="13cdc9d9-ddb5-4fa4-a97d-d965ccfc6d4b" outcome="Passed" testListId="8c84fa94-04c1-424b-9868-57a2d4851a1d" relativeResultsDirectory="2faded18-3c34-4026-85f9-358bd4aac958" /><UnitTestResult executionId="6cebb94d-c635-4f8d-9157-64a3e50d7fe4" testId="ad8b416e-03b3-41c9-bf98-2d751e3b3858" testName="PostFile_FileIsSynchronizedIsUpdatedAfterFileIsPosted" computerName="LAMBDA" duration="00:00:00.0150000" startTime="2018-08-14T11:46:45.4539153-04:00" endTime="2018-08-14T11:46:45.4539198-04:00" testType="13cdc9d9-ddb5-4fa4-a97d-d965ccfc6d4b" outcome="Passed" testListId="8c84fa94-04c1-424b-9868-57a2d4851a1d" relativeResultsDirectory="6cebb94d-c635-4f8d-9157-64a3e50d7fe4" /><UnitTestResult executionId="3cf20053-98a7-454e-ba97-308ea50b8472" testId="c492890c-b26d-489d-aa25-56db65464dd3" testName="Put_InvalidReferencePropertyReturndBadRequest" computerName="LAMBDA" duration="00:00:00.0300000" startTime="2018-08-14T11:47:01.8779031-04:00" endTime="2018-08-14T11:47:01.8779094-04:00" testType="13cdc9d9-ddb5-4fa4-a97d-d965ccfc6d4b" outcome="Passed" testListId="8c84fa94-04c1-424b-9868-57a2d4851a1d" relativeResultsDirectory="3cf20053-98a7-454e-ba97-308ea50b8472" /><UnitTestResult executionId="24f36175-e6b5-4e79-a9d7-b8ed10aedbdc" testId="31da1d3e-e23e-4553-adb1-a3d1fe3bcfc3" testName="Put_ValidReferencePropertyUpdatesModel" computerName="LAMBDA" duration="00:00:00.1060000" startTime="2018-08-14T11:46:46.0379293-04:00" endTime="2018-08-14T11:46:46.0379339-04:00" testType="13cdc9d9-ddb5-4fa4-a97d-d965ccfc6d4b" outcome="Passed" testListId="8c84fa94-04c1-424b-9868-57a2d4851a1d" relativeResultsDirectory="24f36175-e6b5-4e79-a9d7-b8ed10aedbdc" /><UnitTestResult executionId="0de441ff-3566-456e-b11e-f1d7bc2ef210" testId="d113e7c6-275c-447c-9b2d-2da97b0ea95b" testName="Patch_InvalidEnumPropertyValueReturnsBadRequest" computerName="LAMBDA" duration="00:00:00.0360000" startTime="2018-08-14T11:46:58.0195168-04:00" endTime="2018-08-14T11:46:58.0195217-04:00" testType="13cdc9d9-ddb5-4fa4-a97d-d965ccfc6d4b" outcome="Passed" testListId="8c84fa94-04c1-424b-9868-57a2d4851a1d" relativeResultsDirectory="0de441ff-3566-456e-b11e-f1d7bc2ef210" /><UnitTestResult executionId="f5f123ac-26eb-4e99-8a85-7b09a371d789" testId="38fd2c5d-53ca-42ad-b927-87815aae09db" testName="PutFile_FileCanBeUpdated" computerName="LAMBDA" duration="00:00:00.2350000" startTime="2018-08-14T11:46:52.2382163-04:00" endTime="2018-08-14T11:46:52.2382211-04:00" testType="13cdc9d9-ddb5-4fa4-a97d-d965ccfc6d4b" outcome="Passed" testListId="8c84fa94-04c1-424b-9868-57a2d4851a1d" relativeResultsDirectory="f5f123ac-26eb-4e99-8a85-7b09a371d789" /><UnitTestResult executionId="807558be-679f-4fb5-96eb-5ad5789381f8" testId="93924a94-a27e-45aa-be2e-8a1853475751" testName="PostFile_FileTimeStampIsUpdatedAfterFileIsPosted" computerName="LAMBDA" duration="00:00:01.3380000" startTime="2018-08-14T11:47:00.2418263-04:00" endTime="2018-08-14T11:47:00.2418330-04:00" testType="13cdc9d9-ddb5-4fa4-a97d-d965ccfc6d4b" outcome="Passed" testListId="8c84fa94-04c1-424b-9868-57a2d4851a1d" relativeResultsDirectory="807558be-679f-4fb5-96eb-5ad5789381f8" /><UnitTestResult executionId="dba01be2-ae24-4d6d-b3d0-5d658bd5133f" testId="b3db1dc3-5b1c-454a-9481-eb8391cb3a62" testName="FileRequest_MeshGenerateSetsFileIsSynchronized" computerName="LAMBDA" duration="00:00:03.8400000" startTime="2018-08-14T11:46:57.5710063-04:00" endTime="2018-08-14T11:46:57.5710111-04:00" testType="13cdc9d9-ddb5-4fa4-a97d-d965ccfc6d4b" outcome="Passed" testListId="8c84fa94-04c1-424b-9868-57a2d4851a1d" relativeResultsDirectory="dba01be2-ae24-4d6d-b3d0-5d658bd5133f" /><UnitTestResult executionId="0174d3eb-6909-4302-8a08-cf799f7e6c30" testId="3fec3a12-7d9b-4f35-b2a2-cabe7fe12cba" testName="Post_InvalidPropertyValueReturnsBadRequest" computerName="LAMBDA" duration="00:00:00.0170000" startTime="2018-08-14T11:47:02.0021315-04:00" endTime="2018-08-14T11:47:02.0021369-04:00" testType="13cdc9d9-ddb5-4fa4-a97d-d965ccfc6d4b" outcome="Passed" testListId="8c84fa94-04c1-424b-9868-57a2d4851a1d" relativeResultsDirectory="0174d3eb-6909-4302-8a08-cf799f7e6c30" /><UnitTestResult executionId="eb6667bf-c804-4f23-bae4-7f5957e3aa82" testId="8d243d3c-d45d-4930-933e-807cd0ae16a6" testName="Patch_InvalidReferencePropertyReturnsBadRequest" computerName="LAMBDA" duration="00:00:00.0260000" startTime="2018-08-14T11:46:45.9066972-04:00" endTime="2018-08-14T11:46:45.9067027-04:00" testType="13cdc9d9-ddb5-4fa4-a97d-d965ccfc6d4b" outcome="Passed" testListId="8c84fa94-04c1-424b-9868-57a2d4851a1d" relativeResultsDirectory="eb6667bf-c804-4f23-bae4-7f5957e3aa82" /><UnitTestResult executionId="d914d60a-2e3e-4171-95c1-4c019de200f1" testId="00c2f359-7553-4508-a5ca-23bfc555ca80" testName="Patch_ValidReferencePropertyUpdatesModel" computerName="LAMBDA" duration="00:00:00.0710000" startTime="2018-08-14T11:46:58.7269426-04:00" endTime="2018-08-14T11:46:58.7269475-04:00" testType="13cdc9d9-ddb5-4fa4-a97d-d965ccfc6d4b" outcome="Passed" testListId="8c84fa94-04c1-424b-9868-57a2d4851a1d" relativeResultsDirectory="d914d60a-2e3e-4171-95c1-4c019de200f1" /><UnitTestResult executionId="bddd90e5-6145-428e-9a05-d61259c1b58e" testId="971e4859-a93b-4cd4-9d5e-38369955d7fd" testName="Post_InvalidPropertyValueReturnsBadRequest" computerName="LAMBDA" duration="00:00:00.0160000" startTime="2018-08-14T11:46:43.8430717-04:00" endTime="2018-08-14T11:46:43.8430771-04:00" testType="13cdc9d9-ddb5-4fa4-a97d-d965ccfc6d4b" outcome="Passed" testListId="8c84fa94-04c1-424b-9868-57a2d4851a1d" relativeResultsDirectory="bddd90e5-6145-428e-9a05-d61259c1b58e" /><UnitTestResult executionId="98049333-844d-47b0-8dab-eaa9c261c26c" testId="f432712c-e7c8-46bc-a582-d5455f015218" testName="Put_InvalidIdReturnsNotFound" computerName="LAMBDA" duration="00:00:00.0420000" startTime="2018-08-14T11:46:42.9493243-04:00" endTime="2018-08-14T11:46:42.9493292-04:00" testType="13cdc9d9-ddb5-4fa4-a97d-d965ccfc6d4b" outcome="Passed" testListId="8c84fa94-04c1-424b-9868-57a2d4851a1d" relativeResultsDirectory="98049333-844d-47b0-8dab-eaa9c261c26c" /></Results><TestDefinitions><UnitTest name="Put_ValidReferencePropertyUpdatesModel" storage="d:\github\modelrelief\modelrelief.test\bin\debug\netcoreapp2.0\modelrelief.test.dll" id="b68e465d-99f3-4738-ad96-6a6f408a6131"><Execution id="f5065bc0-94da-4086-9022-b55e7726daad" /><TestMethod codeBase="d:\Github\ModelRelief\ModelRelief.test\bin\Debug\netcoreapp2.0\ModelRelief.Test.dll" adapterTypeName="executor://xunit/VsTestRunner2/netcoreapp" className="ModelRelief.Test.Integration.Cameras.CamerasBaseIntegrationTests" name="Put_ValidReferencePropertyUpdatesModel" /></UnitTest><UnitTest name="Patch_MultipleInvalidReferencePropertiesReturnsMultipleValidationErrorsAndBadRequest" storage="d:\github\modelrelief\modelrelief.test\bin\debug\netcoreapp2.0\modelrelief.test.dll" id="d700acba-2cd2-4f29-847e-32e6a16515a6"><Execution id="bea94ccd-ef72-4c7b-910b-7a408c5db197" /><TestMethod codeBase="d:\Github\ModelRelief\ModelRelief.test\bin\Debug\netcoreapp2.0\ModelRelief.Test.dll" adapterTypeName="executor://xunit/VsTestRunner2/netcoreapp" className="ModelRelief.Test.Integration.Projects.ProjectsBaseIntegrationTests" name="Patch_MultipleInvalidReferencePropertiesReturnsMultipleValidationErrorsAndBadRequest" /></UnitTest><UnitTest name="CameraHasExpectedDependentFiles" storage="d:\github\modelrelief\modelrelief.test\bin\debug\netcoreapp2.0\modelrelief.test.dll" id="30bf6aeb-30d3-422a-95be-33508b2704d2"><Execution id="863edf5b-4d26-415b-8cca-7abd381d8ea5" /><TestMethod codeBase="d:\Github\ModelRelief\ModelRelief.test\bin\Debug\netcoreapp2.0\ModelRelief.Test.dll" adapterTypeName="executor://xunit/VsTestRunner2/netcoreapp" className="ModelRelief.Test.Unit.DependencyManager.DependencyManagerTests" name="CameraHasExpectedDependentFiles" /></UnitTest><UnitTest name="Patch_ValidReferencePropertyUpdatesModel" storage="d:\github\modelrelief\modelrelief.test\bin\debug\netcoreapp2.0\modelrelief.test.dll" id="840088df-412f-4e9f-ad3f-98c89ad0876b"><Execution id="c346a3c6-9fc8-4632-88a7-d39783b4ac12" /><TestMethod codeBase="d:\Github\ModelRelief\ModelRelief.test\bin\Debug\netcoreapp2.0\ModelRelief.Test.dll" adapterTypeName="executor://xunit/VsTestRunner2/netcoreapp" className="ModelRelief.Test.Integration.Models.ModelsBaseIntegrationTests" name="Patch_ValidReferencePropertyUpdatesModel" /></UnitTest><UnitTest name="Patch_InvalidReferencePropertyReturnsBadRequest" storage="d:\github\modelrelief\modelrelief.test\bin\debug\netcoreapp2.0\modelrelief.test.dll" id="2b6496f2-c2be-4e4a-8d63-bf945f899790"><Execution id="c1abad6d-99ad-4a8c-9615-32fabf4acf5f" /><TestMethod codeBase="d:\Github\ModelRelief\ModelRelief.test\bin\Debug\netcoreapp2.0\ModelRelief.Test.dll" adapterTypeName="executor://xunit/VsTestRunner2/netcoreapp" className="ModelRelief.Test.Integration.DepthBuffers.DepthBuffersBaseIntegrationTests" name="Patch_InvalidReferencePropertyReturnsBadRequest" /></UnitTest><UnitTest name="GetFile_NonExistentFileReturnsNotFound" storage="d:\github\modelrelief\modelrelief.test\bin\debug\netcoreapp2.0\modelrelief.test.dll" id="7b62f289-8afe-4bba-b9e2-016d992a8027"><Execution id="a37a5386-55b9-4628-bd11-386bdded5afc" /><TestMethod codeBase="d:\Github\ModelRelief\ModelRelief.test\bin\Debug\netcoreapp2.0\ModelRelief.Test.dll" adapterTypeName="executor://xunit/VsTestRunner2/netcoreapp" className="ModelRelief.Test.Integration.DepthBuffers.DepthBuffersFileIntegrationTests" name="GetFile_NonExistentFileReturnsNotFound" /></UnitTest><UnitTest name="Model3dHasExpectedDependentFiles" storage="d:\github\modelrelief\modelrelief.test\bin\debug\netcoreapp2.0\modelrelief.test.dll" id="0cb303df-26e7-4c88-a50a-2eae8271ece9"><Execution id="99318148-f511-4a47-ba42-b6f84963616e" /><TestMethod codeBase="d:\Github\ModelRelief\ModelRelief.test\bin\Debug\netcoreapp2.0\ModelRelief.Test.dll" adapterTypeName="executor://xunit/VsTestRunner2/netcoreapp" className="ModelRelief.Test.Unit.DependencyManager.DependencyManagerTests" name="Model3dHasExpectedDependentFiles" /></UnitTest><UnitTest name="Patch_InvalidEnumPropertyValueReturnsBadRequest" storage="d:\github\modelrelief\modelrelief.test\bin\debug\netcoreapp2.0\modelrelief.test.dll" id="f04f13d5-f837-4348-8274-d2d47e09c917"><Execution id="e53c79d8-dcdf-4b0e-bf68-cc642662dee1" /><TestMethod codeBase="d:\Github\ModelRelief\ModelRelief.test\bin\Debug\netcoreapp2.0\ModelRelief.Test.dll" adapterTypeName="executor://xunit/VsTestRunner2/netcoreapp" className="ModelRelief.Test.Integration.Projects.ProjectsBaseIntegrationTests" name="Patch_InvalidEnumPropertyValueReturnsBadRequest" /></UnitTest><UnitTest name="FileRequest_MeshIsInvalidatedAfterDepthBufferFileBecomesUnsynchronized" storage="d:\github\modelrelief\modelrelief.test\bin\debug\netcoreapp2.0\modelrelief.test.dll" id="603ebf58-898c-45ba-8c9c-c16e845e3dc5"><Execution id="8804e05b-fd15-4920-ace9-db58a5b0f666" /><TestMethod codeBase="d:\Github\ModelRelief\ModelRelief.test\bin\Debug\netcoreapp2.0\ModelRelief.Test.dll" adapterTypeName="executor://xunit/VsTestRunner2/netcoreapp" className="ModelRelief.Test.Integration.Meshes.MeshesFileIntegrationTests" name="FileRequest_MeshIsInvalidatedAfterDepthBufferFileBecomesUnsynchronized" /></UnitTest><UnitTest name="Post_InvalidReferencePropertyReturnsBadRequest" storage="d:\github\modelrelief\modelrelief.test\bin\debug\netcoreapp2.0\modelrelief.test.dll" id="da7e2b7c-fe5c-43b2-aad3-2cc22f5c23c4"><Execution id="cb1f848a-7d7e-423c-923a-8be7438c1328" /><TestMethod codeBase="d:\Github\ModelRelief\ModelRelief.test\bin\Debug\netcoreapp2.0\ModelRelief.Test.dll" adapterTypeName="executor://xunit/VsTestRunner2/netcoreapp" className="ModelRelief.Test.Integration.DepthBuffers.DepthBuffersBaseIntegrationTests" name="Post_InvalidReferencePropertyReturnsBadRequest" /></UnitTest><UnitTest name="FileRequest_FileCanBeReadAfterRename" storage="d:\github\modelrelief\modelrelief.test\bin\debug\netcoreapp2.0\modelrelief.test.dll" id="cee80131-d3b1-49bd-8a4b-b01f4a876fde"><Execution id="be4f862e-885f-4eaa-910f-7eff93a7d91f" /><TestMethod codeBase="d:\Github\ModelRelief\ModelRelief.test\bin\Debug\netcoreapp2.0\ModelRelief.Test.dll" adapterTypeName="executor://xunit/VsTestRunner2/netcoreapp" className="ModelRelief.Test.Integration.Models.ModelsFileIntegrationTests" name="FileRequest_FileCanBeReadAfterRename" /></UnitTest><UnitTest name="Delete_TargetModelIsDeleted" storage="d:\github\modelrelief\modelrelief.test\bin\debug\netcoreapp2.0\modelrelief.test.dll" id="3b96e6b4-e136-44b1-842a-407056e4dea6"><Execution id="f4b17b17-76ff-4b18-a9c7-c284f6044b0b" /><TestMethod codeBase="d:\Github\ModelRelief\ModelRelief.test\bin\Debug\netcoreapp2.0\ModelRelief.Test.dll" adapterTypeName="executor://xunit/VsTestRunner2/netcoreapp" className="ModelRelief.Test.Integration.MeshTransforms.MeshTransformsBaseIntegrationTests" name="Delete_TargetModelIsDeleted" /></UnitTest><UnitTest name="Patch_ValidReferencePropertyUpdatesModel" storage="d:\github\modelrelief\modelrelief.test\bin\debug\netcoreapp2.0\modelrelief.test.dll" id="00c2f359-7553-4508-a5ca-23bfc555ca80"><Execution id="d914d60a-2e3e-4171-95c1-4c019de200f1" /><TestMethod codeBase="d:\Github\ModelRelief\ModelRelief.test\bin\Debug\netcoreapp2.0\ModelRelief.Test.dll" adapterTypeName="executor://xunit/VsTestRunner2/netcoreapp" className="ModelRelief.Test.Integration.DepthBuffers.DepthBuffersBaseIntegrationTests" name="Patch_ValidReferencePropertyUpdatesModel" /></UnitTest><UnitTest name="LucyModel3dHasTwoDependents" storage="d:\github\modelrelief\modelrelief.test\bin\debug\netcoreapp2.0\modelrelief.test.dll" id="3a7e6f89-1c23-495b-8254-ff6442ef6941"><Execution id="c1cdebf5-6d8d-49df-a40f-7a4987d540c9" /><TestMethod codeBase="d:\Github\ModelRelief\ModelRelief.test\bin\Debug\netcoreapp2.0\ModelRelief.Test.dll" adapterTypeName="executor://xunit/VsTestRunner2/netcoreapp" className="ModelRelief.Test.Unit.DependencyManager.DependencyManagerTests" name="LucyModel3dHasTwoDependents" /></UnitTest><UnitTest name="PostFile_NewFileCanBePosted" storage="d:\github\modelrelief\modelrelief.test\bin\debug\netcoreapp2.0\modelrelief.test.dll" id="caf7ca25-1168-4ecd-b546-88b97052da25"><Execution id="f3a56360-39dd-4bfb-a3f3-cd597155dece" /><TestMethod codeBase="d:\Github\ModelRelief\ModelRelief.test\bin\Debug\netcoreapp2.0\ModelRelief.Test.dll" adapterTypeName="executor://xunit/VsTestRunner2/netcoreapp" className="ModelRelief.Test.Integration.Models.ModelsFileIntegrationTests" name="PostFile_NewFileCanBePosted" /></UnitTest><UnitTest name="PostFile_FileTimeStampIsUpdatedAfterFileIsPosted" storage="d:\github\modelrelief\modelrelief.test\bin\debug\netcoreapp2.0\modelrelief.test.dll" id="93924a94-a27e-45aa-be2e-8a1853475751"><Execution id="807558be-679f-4fb5-96eb-5ad5789381f8" /><TestMethod codeBase="d:\Github\ModelRelief\ModelRelief.test\bin\Debug\netcoreapp2.0\ModelRelief.Test.dll" adapterTypeName="executor://xunit/VsTestRunner2/netcoreapp" className="ModelRelief.Test.Integration.DepthBuffers.DepthBuffersFileIntegrationTests" name="PostFile_FileTimeStampIsUpdatedAfterFileIsPosted" /></UnitTest><UnitTest name="GetFile_ExistingFileReturnsSuccess" storage="d:\github\modelrelief\modelrelief.test\bin\debug\netcoreapp2.0\modelrelief.test.dll" id="3d0f0e0d-0aac-419b-9633-91c017323c24"><Execution id="5bcd59dd-b1a7-4986-92f5-ab559e544f94" /><TestMethod codeBase="d:\Github\ModelRelief\ModelRelief.test\bin\Debug\netcoreapp2.0\ModelRelief.Test.dll" adapterTypeName="executor://xunit/VsTestRunner2/netcoreapp" className="ModelRelief.Test.Integration.Meshes.MeshesFileIntegrationTests" name="GetFile_ExistingFileReturnsSuccess" /></UnitTest><UnitTest name="Patch_InvalidPropertyNameReturnsBadRequest" storage="d:\github\modelrelief\modelrelief.test\bin\debug\netcoreapp2.0\modelrelief.test.dll" id="691c7233-1878-4a32-9208-6ec3aa7f0770"><Execution id="0a0d9e46-7c74-41c3-a1b0-21b9b67db7aa" /><TestMethod codeBase="d:\Github\ModelRelief\ModelRelief.test\bin\Debug\netcoreapp2.0\ModelRelief.Test.dll" adapterTypeName="executor://xunit/VsTestRunner2/netcoreapp" className="ModelRelief.Test.Integration.Cameras.CamerasBaseIntegrationTests" name="Patch_InvalidPropertyNameReturnsBadRequest" /></UnitTest><UnitTest name="GetFile_FileCanBeRoundTripped" storage="d:\github\modelrelief\modelrelief.test\bin\debug\netcoreapp2.0\modelrelief.test.dll" id="0dc8bade-c16c-4e32-bed9-1dbf0ae764a5"><Execution id="126066e5-b8d9-4179-9cc5-ce0626f8d634" /><TestMethod codeBase="d:\Github\ModelRelief\ModelRelief.test\bin\Debug\netcoreapp2.0\ModelRelief.Test.dll" adapterTypeName="executor://xunit/VsTestRunner2/netcoreapp" className="ModelRelief.Test.Integration.DepthBuffers.DepthBuffersFileIntegrationTests" name="GetFile_FileCanBeRoundTripped" /></UnitTest><UnitTest name="PutFile_NewFileCanBePut" storage="d:\github\modelrelief\modelrelief.test\bin\debug\netcoreapp2.0\modelrelief.test.dll" id="b0d3d2fc-8695-436d-99da-98d8b9eb6e24"><Execution id="fd3ce6da-11ce-4b0d-97f1-188886137d2f" /><TestMethod codeBase="d:\Github\ModelRelief\ModelRelief.test\bin\Debug\netcoreapp2.0\ModelRelief.Test.dll" adapterTypeName="executor://xunit/VsTestRunner2/netcoreapp" className="ModelRelief.Test.Integration.DepthBuffers.DepthBuffersFileIntegrationTests" name="PutFile_NewFileCanBePut" /></UnitTest><UnitTest name="Put_ValidReferencePropertyUpdatesModel" storage="d:\github\modelrelief\modelrelief.test\bin\debug\netcoreapp2.0\modelrelief.test.dll" id="23d0017f-c509-4411-a0b8-58d9c16b45a4"><Execution id="b22d1c1b-c661-4684-a6b1-cdde4aad8e04" /><TestMethod codeBase="d:\Github\ModelRelief\ModelRelief.test\bin\Debug\netcoreapp2.0\ModelRelief.Test.dll" adapterTypeName="executor://xunit/VsTestRunner2/netcoreapp" className="ModelRelief.Test.Integration.Projects.ProjectsBaseIntegrationTests" name="Put_ValidReferencePropertyUpdatesModel" /></UnitTest><UnitTest name="PutFile_NewFileCanBePut" storage="d:\github\modelrelief\modelrelief.test\bin\debug\netcoreapp2.0\modelrelief.test.dll" id="c6cecd06-72d6-41ae-88d7-2bac64e48462"><Execution id="6bf7beef-914f-4299-a83a-75fec2bc7997" /><TestMethod codeBase="d:\Github\ModelRelief\ModelRelief.test\bin\Debug\netcoreapp2.0\ModelRelief.Test.dll" adapterTypeName="executor://xunit/VsTestRunner2/netcoreapp" className="ModelRelief.Test.Integration.Models.ModelsFileIntegrationTests" name="PutFile_NewFileCanBePut" /></UnitTest><UnitTest name="Put_ValidReferencePropertyUpdatesModel" storage="d:\github\modelrelief\modelrelief.test\bin\debug\netcoreapp2.0\modelrelief.test.dll" id="818f22e0-0910-40e8-887d-449f273eb6ab"><Execution id="fbeed7db-d43e-4a28-9cc0-6f4d911c9983" /><TestMethod codeBase="d:\Github\ModelRelief\ModelRelief.test\bin\Debug\netcoreapp2.0\ModelRelief.Test.dll" adapterTypeName="executor://xunit/VsTestRunner2/netcoreapp" className="ModelRelief.Test.Integration.Meshes.MeshesBaseIntegrationTests" name="Put_ValidReferencePropertyUpdatesModel" /></UnitTest><UnitTest name="Post_CanCreateNewModel" storage="d:\github\modelrelief\modelrelief.test\bin\debug\netcoreapp2.0\modelrelief.test.dll" id="0d5681aa-73f9-4d5b-b2ce-7a76c63ba5a7"><Execution id="0e30b777-03fd-4eb2-a82a-03da6cb124be" /><TestMethod codeBase="d:\Github\ModelRelief\ModelRelief.test\bin\Debug\netcoreapp2.0\ModelRelief.Test.dll" adapterTypeName="executor://xunit/VsTestRunner2/netcoreapp" className="ModelRelief.Test.Integration.Cameras.CamerasBaseIntegrationTests" name="Post_CanCreateNewModel" /></UnitTest><UnitTest name="MeshTransformHasExpectedDependentFiles" storage="d:\github\modelrelief\modelrelief.test\bin\debug\netcoreapp2.0\modelrelief.test.dll" id="0ce3caa1-a832-4ab9-84d0-aa86d71d6525"><Execution id="e7ca5250-7070-4149-8767-64d602fa9e77" /><TestMethod codeBase="d:\Github\ModelRelief\ModelRelief.test\bin\Debug\netcoreapp2.0\ModelRelief.Test.dll" adapterTypeName="executor://xunit/VsTestRunner2/netcoreapp" className="ModelRelief.Test.Unit.DependencyManager.DependencyManagerTests" name="MeshTransformHasExpectedDependentFiles" /></UnitTest><UnitTest name="Patch_InvalidEnumPropertyValueReturnsBadRequest" storage="d:\github\modelrelief\modelrelief.test\bin\debug\netcoreapp2.0\modelrelief.test.dll" id="6ae3402b-f8ea-4227-bca6-531899249d51"><Execution id="a661b261-6ff7-4a61-8c31-6df140b23f18" /><TestMethod codeBase="d:\Github\ModelRelief\ModelRelief.test\bin\Debug\netcoreapp2.0\ModelRelief.Test.dll" adapterTypeName="executor://xunit/VsTestRunner2/netcoreapp" className="ModelRelief.Test.Integration.MeshTransforms.MeshTransformsBaseIntegrationTests" name="Patch_InvalidEnumPropertyValueReturnsBadRequest" /></UnitTest><UnitTest name="PutFile_FileCanBeUpdated" storage="d:\github\modelrelief\modelrelief.test\bin\debug\netcoreapp2.0\modelrelief.test.dll" id="38fd2c5d-53ca-42ad-b927-87815aae09db"><Execution id="f5f123ac-26eb-4e99-8a85-7b09a371d789" /><TestMethod codeBase="d:\Github\ModelRelief\ModelRelief.test\bin\Debug\netcoreapp2.0\ModelRelief.Test.dll" adapterTypeName="executor://xunit/VsTestRunner2/netcoreapp" className="ModelRelief.Test.Integration.Meshes.MeshesFileIntegrationTests" name="PutFile_FileCanBeUpdated" /></UnitTest><UnitTest name="Patch_InvalidEnumPropertyValueReturnsBadRequest" storage="d:\github\modelrelief\modelrelief.test\bin\debug\netcoreapp2.0\modelrelief.test.dll" id="7b71202a-b110-4cb7-8a87-3e3a30aef9a1"><Execution id="447bea45-6329-488b-ba80-727e0162a244" /><TestMethod codeBase="d:\Github\ModelRelief\ModelRelief.test\bin\Debug\netcoreapp2.0\ModelRelief.Test.dll" adapterTypeName="executor://xunit/VsTestRunner2/netcoreapp" className="ModelRelief.Test.Integration.Meshes.MeshesBaseIntegrationTests" name="Patch_InvalidEnumPropertyValueReturnsBadRequest" /></UnitTest><UnitTest name="DepthBufferHasExpectedDependentFiles" storage="d:\github\modelrelief\modelrelief.test\bin\debug\netcoreapp2.0\modelrelief.test.dll" id="3053d531-f318-4948-b2b6-a1c12ba54a42"><Execution id="7fd8eeba-69a7-40ca-898e-b91fe840a2a4" /><TestMethod codeBase="d:\Github\ModelRelief\ModelRelief.test\bin\Debug\netcoreapp2.0\ModelRelief.Test.dll" adapterTypeName="executor://xunit/VsTestRunner2/netcoreapp" className="ModelRelief.Test.Unit.DependencyManager.DependencyManagerTests" name="DepthBufferHasExpectedDependentFiles" /></UnitTest><UnitTest name="Put_CanUpdateModel" storage="d:\github\modelrelief\modelrelief.test\bin\debug\netcoreapp2.0\modelrelief.test.dll" id="fda38d12-1b5e-47e1-89ea-b04e782e5540"><Execution id="87d3c743-d831-4629-adca-88a489061a30" /><TestMethod codeBase="d:\Github\ModelRelief\ModelRelief.test\bin\Debug\netcoreapp2.0\ModelRelief.Test.dll" adapterTypeName="executor://xunit/VsTestRunner2/netcoreapp" className="ModelRelief.Test.Integration.MeshTransforms.MeshTransformsBaseIntegrationTests" name="Put_CanUpdateModel" /></UnitTest><UnitTest name="Patch_TargetPropertyIsUpdated" storage="d:\github\modelrelief\modelrelief.test\bin\debug\netcoreapp2.0\modelrelief.test.dll" id="cac0f3cc-8d59-468b-be66-69e5790e5e81"><Execution id="f4dc139a-b907-4df7-98b2-4fc79411c2ac" /><TestMethod codeBase="d:\Github\ModelRelief\ModelRelief.test\bin\Debug\netcoreapp2.0\ModelRelief.Test.dll" adapterTypeName="executor://xunit/VsTestRunner2/netcoreapp" className="ModelRelief.Test.Integration.Projects.ProjectsBaseIntegrationTests" name="Patch_TargetPropertyIsUpdated" /></UnitTest><UnitTest name="Patch_InvalidEnumPropertyValueReturnsBadRequest" storage="d:\github\modelrelief\modelrelief.test\bin\debug\netcoreapp2.0\modelrelief.test.dll" id="2d976382-16d8-4e3b-9744-af141483dc59"><Execution id="0e81b54a-37f3-4bb8-ba4c-ba2e44bfc81c" /><TestMethod codeBase="d:\Github\ModelRelief\ModelRelief.test\bin\Debug\netcoreapp2.0\ModelRelief.Test.dll" adapterTypeName="executor://xunit/VsTestRunner2/netcoreapp" className="ModelRelief.Test.Integration.Models.ModelsBaseIntegrationTests" name="Patch_InvalidEnumPropertyValueReturnsBadRequest" /></UnitTest><UnitTest name="Put_InvalidIdReturnsNotFound" storage="d:\github\modelrelief\modelrelief.test\bin\debug\netcoreapp2.0\modelrelief.test.dll" id="df5aa89d-54cf-432b-baee-d1e669c4acd6"><Execution id="a142ddd6-ddaa-47c7-b32f-7bcdd1b349d1" /><TestMethod codeBase="d:\Github\ModelRelief\ModelRelief.test\bin\Debug\netcoreapp2.0\ModelRelief.Test.dll" adapterTypeName="executor://xunit/VsTestRunner2/netcoreapp" className="ModelRelief.Test.Integration.MeshTransforms.MeshTransformsBaseIntegrationTests" name="Put_InvalidIdReturnsNotFound" /></UnitTest><UnitTest name="GetSingle_InvalidIdPropertyValueReturnsNotFound" storage="d:\github\modelrelief\modelrelief.test\bin\debug\netcoreapp2.0\modelrelief.test.dll" id="a3c5b4a1-1ba0-4ba7-9163-df778ac27902"><Execution id="19c44bb0-59c0-4c86-b818-d3aba64c66d0" /><TestMethod codeBase="d:\Github\ModelRelief\ModelRelief.test\bin\Debug\netcoreapp2.0\ModelRelief.Test.dll" adapterTypeName="executor://xunit/VsTestRunner2/netcoreapp" className="ModelRelief.Test.Integration.MeshTransforms.MeshTransformsBaseIntegrationTests" name="GetSingle_InvalidIdPropertyValueReturnsNotFound" /></UnitTest><UnitTest name="Patch_InvalidPropertyNameReturnsBadRequest" storage="d:\github\modelrelief\modelrelief.test\bin\debug\netcoreapp2.0\modelrelief.test.dll" id="eaf0a420-ae91-4437-9e45-e15594a12dbd"><Execution id="775e21af-31e2-4f8d-aa48-9984a898a786" /><TestMethod codeBase="d:\Github\ModelRelief\ModelRelief.test\bin\Debug\netcoreapp2.0\ModelRelief.Test.dll" adapterTypeName="executor://xunit/VsTestRunner2/netcoreapp" className="ModelRelief.Test.Integration.DepthBuffers.DepthBuffersBaseIntegrationTests" name="Patch_InvalidPropertyNameReturnsBadRequest" /></UnitTest><UnitTest name="Patch_TargetPropertyIsUpdated" storage="d:\github\modelrelief\modelrelief.test\bin\debug\netcoreapp2.0\modelrelief.test.dll" id="8f40230b-8efa-4511-99a6-c4836041ab33"><Execution id="5c1271ee-264d-4015-859e-43bafede7fb0" /><TestMethod codeBase="d:\Github\ModelRelief\ModelRelief.test\bin\Debug\netcoreapp2.0\ModelRelief.Test.dll" adapterTypeName="executor://xunit/VsTestRunner2/netcoreapp" className="ModelRelief.Test.Integration.Cameras.CamerasBaseIntegrationTests" name="Patch_TargetPropertyIsUpdated" /></UnitTest><UnitTest name="Post_InvalidReferencePropertyReturnsBadRequest" storage="d:\github\modelrelief\modelrelief.test\bin\debug\netcoreapp2.0\modelrelief.test.dll" id="554a3f19-0413-481d-97ff-9142ecb06c8b"><Execution id="ea791820-e2cf-4ce4-a54e-413f8cdabd11" /><TestMethod codeBase="d:\Github\ModelRelief\ModelRelief.test\bin\Debug\netcoreapp2.0\ModelRelief.Test.dll" adapterTypeName="executor://xunit/VsTestRunner2/netcoreapp" className="ModelRelief.Test.Integration.MeshTransforms.MeshTransformsBaseIntegrationTests" name="Post_InvalidReferencePropertyReturnsBadRequest" /></UnitTest><UnitTest name="Put_InvalidReferencePropertyReturndBadRequest" storage="d:\github\modelrelief\modelrelief.test\bin\debug\netcoreapp2.0\modelrelief.test.dll" id="1d2c8531-3625-4f18-8d8b-e26116b9400d"><Execution id="0d2690a4-157d-4adb-8612-224d6f3c6c55" /><TestMethod codeBase="d:\Github\ModelRelief\ModelRelief.test\bin\Debug\netcoreapp2.0\ModelRelief.Test.dll" adapterTypeName="executor://xunit/VsTestRunner2/netcoreapp" className="ModelRelief.Test.Integration.Models.ModelsBaseIntegrationTests" name="Put_InvalidReferencePropertyReturndBadRequest" /></UnitTest><UnitTest name="Patch_TargetPropertyIsUpdated" storage="d:\github\modelrelief\modelrelief.test\bin\debug\netcoreapp2.0\modelrelief.test.dll" id="1f1974af-af66-4e43-aa9b-2101b4c06596"><Execution id="448da5d9-d825-4c1b-a537-03c6dc05c329" /><TestMethod codeBase="d:\Github\ModelRelief\ModelRelief.test\bin\Debug\netcoreapp2.0\ModelRelief.Test.dll" adapterTypeName="executor://xunit/VsTestRunner2/netcoreapp" className="ModelRelief.Test.Integration.DepthBuffers.DepthBuffersBaseIntegrationTests" name="Patch_TargetPropertyIsUpdated" /></UnitTest><UnitTest name="GetFile_NonExistentFileReturnsNotFound" storage="d:\github\modelrelief\modelrelief.test\bin\debug\netcoreapp2.0\modelrelief.test.dll" id="5bcacd42-0576-4c84-b8db-1c0ad16564f3"><Execution id="6645eded-41f4-4ae0-ac6b-0d6681f66f96" /><TestMethod codeBase="d:\Github\ModelRelief\ModelRelief.test\bin\Debug\netcoreapp2.0\ModelRelief.Test.dll" adapterTypeName="executor://xunit/VsTestRunner2/netcoreapp" className="ModelRelief.Test.Integration.Meshes.MeshesFileIntegrationTests" name="GetFile_NonExistentFileReturnsNotFound" /></UnitTest><UnitTest name="Patch_InvalidIdPropertyReturnsNotFound" storage="d:\github\modelrelief\modelrelief.test\bin\debug\netcoreapp2.0\modelrelief.test.dll" id="e41f3e6c-839a-4941-93c3-8afcf2beaafd"><Execution id="a938841b-dd0d-447f-9f11-e40036fed94c" /><TestMethod codeBase="d:\Github\ModelRelief\ModelRelief.test\bin\Debug\netcoreapp2.0\ModelRelief.Test.dll" adapterTypeName="executor://xunit/VsTestRunner2/netcoreapp" className="ModelRelief.Test.Integration.Cameras.CamerasBaseIntegrationTests" name="Patch_InvalidIdPropertyReturnsNotFound" /></UnitTest><UnitTest name="Patch_ValidReferencePropertyUpdatesModel" storage="d:\github\modelrelief\modelrelief.test\bin\debug\netcoreapp2.0\modelrelief.test.dll" id="bad23c28-c91a-4adf-9973-0891bc2a98e5"><Execution id="7df9b850-c329-4647-9546-489ae6d4e298" /><TestMethod codeBase="d:\Github\ModelRelief\ModelRelief.test\bin\Debug\netcoreapp2.0\ModelRelief.Test.dll" adapterTypeName="executor://xunit/VsTestRunner2/netcoreapp" className="ModelRelief.Test.Integration.Cameras.CamerasBaseIntegrationTests" name="Patch_ValidReferencePropertyUpdatesModel" /></UnitTest><UnitTest name="Put_CanUpdateModel" storage="d:\github\modelrelief\modelrelief.test\bin\debug\netcoreapp2.0\modelrelief.test.dll" id="13e797a8-81d6-42fb-93fc-f1a98c06ada3"><Execution id="6ba060c0-ae96-4a7f-8a2c-bc05bc0f9d5a" /><TestMethod codeBase="d:\Github\ModelRelief\ModelRelief.test\bin\Debug\netcoreapp2.0\ModelRelief.Test.dll" adapterTypeName="executor://xunit/VsTestRunner2/netcoreapp" className="ModelRelief.Test.Integration.Meshes.MeshesBaseIntegrationTests" name="Put_CanUpdateModel" /></UnitTest><UnitTest name="GetList_ListReturnsCorrectCount" storage="d:\github\modelrelief\modelrelief.test\bin\debug\netcoreapp2.0\modelrelief.test.dll" id="d5f4331e-9e26-486c-a9f9-f43ba1c1eddf"><Execution id="8abbf3ac-cbbe-4e79-8103-e8f088e53b2b" /><TestMethod codeBase="d:\Github\ModelRelief\ModelRelief.test\bin\Debug\netcoreapp2.0\ModelRelief.Test.dll" adapterTypeName="executor://xunit/VsTestRunner2/netcoreapp" className="ModelRelief.Test.Integration.Cameras.CamerasBaseIntegrationTests" name="GetList_ListReturnsCorrectCount" /></UnitTest><UnitTest name="GetSingle_InvalidIdPropertyValueReturnsNotFound" storage="d:\github\modelrelief\modelrelief.test\bin\debug\netcoreapp2.0\modelrelief.test.dll" id="1a8c2940-fb2e-4b00-8cbd-3ac16bae6d90"><Execution id="17e57ec4-f0ca-4f6b-a628-c74e73ae67ba" /><TestMethod codeBase="d:\Github\ModelRelief\ModelRelief.test\bin\Debug\netcoreapp2.0\ModelRelief.Test.dll" adapterTypeName="executor://xunit/VsTestRunner2/netcoreapp" className="ModelRelief.Test.Integration.Meshes.MeshesBaseIntegrationTests" name="GetSingle_InvalidIdPropertyValueReturnsNotFound" /></UnitTest><UnitTest name="Patch_InvalidReferencePropertyReturnsBadRequest" storage="d:\github\modelrelief\modelrelief.test\bin\debug\netcoreapp2.0\modelrelief.test.dll" id="634363ce-5fca-47da-9fa0-4a0dd356545e"><Execution id="16da2229-648a-4392-ade0-fb178759c00a" /><TestMethod codeBase="d:\Github\ModelRelief\ModelRelief.test\bin\Debug\netcoreapp2.0\ModelRelief.Test.dll" adapterTypeName="executor://xunit/VsTestRunner2/netcoreapp" className="ModelRelief.Test.Integration.Models.ModelsBaseIntegrationTests" name="Patch_InvalidReferencePropertyReturnsBadRequest" /></UnitTest><UnitTest name="Put_CanUpdateModel" storage="d:\github\modelrelief\modelrelief.test\bin\debug\netcoreapp2.0\modelrelief.test.dll" id="5efcd25c-6e4b-4842-8f85-13f3de723db8"><Execution id="39be199e-ba24-4159-b5df-b32e12b0fa54" /><TestMethod codeBase="d:\Github\ModelRelief\ModelRelief.test\bin\Debug\netcoreapp2.0\ModelRelief.Test.dll" adapterTypeName="executor://xunit/VsTestRunner2/netcoreapp" className="ModelRelief.Test.Integration.DepthBuffers.DepthBuffersBaseIntegrationTests" name="Put_CanUpdateModel" /></UnitTest><UnitTest name="GetList_ListReturnsCorrectCount" storage="d:\github\modelrelief\modelrelief.test\bin\debug\netcoreapp2.0\modelrelief.test.dll" id="59a3d7a5-2067-4b77-9c67-0371f891b5a4"><Execution id="8e45c22a-6093-48a7-b6d2-0426ba23beeb" /><TestMethod codeBase="d:\Github\ModelRelief\ModelRelief.test\bin\Debug\netcoreapp2.0\ModelRelief.Test.dll" adapterTypeName="executor://xunit/VsTestRunner2/netcoreapp" className="ModelRelief.Test.Integration.Projects.ProjectsBaseIntegrationTests" name="GetList_ListReturnsCorrectCount" /></UnitTest><UnitTest name="Post_CanCreateNewModel" storage="d:\github\modelrelief\modelrelief.test\bin\debug\netcoreapp2.0\modelrelief.test.dll" id="876e836c-c901-423c-80fc-7ff6f749c626"><Execution id="02ff6c19-6ae2-400c-9f67-e354e221c16c" /><TestMethod codeBase="d:\Github\ModelRelief\ModelRelief.test\bin\Debug\netcoreapp2.0\ModelRelief.Test.dll" adapterTypeName="executor://xunit/VsTestRunner2/netcoreapp" className="ModelRelief.Test.Integration.DepthBuffers.DepthBuffersBaseIntegrationTests" name="Post_CanCreateNewModel" /></UnitTest><UnitTest name="Patch_InvalidReferencePropertyReturnsBadRequest" storage="d:\github\modelrelief\modelrelief.test\bin\debug\netcoreapp2.0\modelrelief.test.dll" id="7eadbf7d-0275-40d8-903d-30feed7f16a5"><Execution id="40b0986c-f696-496f-aff6-519b2bb22cce" /><TestMethod codeBase="d:\Github\ModelRelief\ModelRelief.test\bin\Debug\netcoreapp2.0\ModelRelief.Test.dll" adapterTypeName="executor://xunit/VsTestRunner2/netcoreapp" className="ModelRelief.Test.Integration.Cameras.CamerasBaseIntegrationTests" name="Patch_InvalidReferencePropertyReturnsBadRequest" /></UnitTest><UnitTest name="Put_ValidReferencePropertyUpdatesModel" storage="d:\github\modelrelief\modelrelief.test\bin\debug\netcoreapp2.0\modelrelief.test.dll" id="63c83c28-71e7-4675-baca-45f889ebe0f0"><Execution id="6b7974fb-23e4-46a3-8e1a-861211e20f4a" /><TestMethod codeBase="d:\Github\ModelRelief\ModelRelief.test\bin\Debug\netcoreapp2.0\ModelRelief.Test.dll" adapterTypeName="executor://xunit/VsTestRunner2/netcoreapp" className="ModelRelief.Test.Integration.Models.ModelsBaseIntegrationTests" name="Put_ValidReferencePropertyUpdatesModel" /></UnitTest><UnitTest name="PostFile_FileIsSynchronizedIsUpdatedAfterFileIsPosted" storage="d:\github\modelrelief\modelrelief.test\bin\debug\netcoreapp2.0\modelrelief.test.dll" id="e47635bc-b708-4eec-9465-6cf963cc88ae"><Execution id="2be8552e-9a2b-4d27-a6d5-0827e4a0ee90" /><TestMethod codeBase="d:\Github\ModelRelief\ModelRelief.test\bin\Debug\netcoreapp2.0\ModelRelief.Test.dll" adapterTypeName="executor://xunit/VsTestRunner2/netcoreapp" className="ModelRelief.Test.Integration.DepthBuffers.DepthBuffersFileIntegrationTests" name="PostFile_FileIsSynchronizedIsUpdatedAfterFileIsPosted" /></UnitTest><UnitTest name="LucyDepthBufferFindsOneDependent" storage="d:\github\modelrelief\modelrelief.test\bin\debug\netcoreapp2.0\modelrelief.test.dll" id="2150108b-bb1b-4226-88a4-e72153024924"><Execution id="ee259d30-7740-44f6-9fa1-4907732204f8" /><TestMethod codeBase="d:\Github\ModelRelief\ModelRelief.test\bin\Debug\netcoreapp2.0\ModelRelief.Test.dll" adapterTypeName="executor://xunit/VsTestRunner2/netcoreapp" className="ModelRelief.Test.Unit.DependencyManager.DependencyManagerTests" name="LucyDepthBufferFindsOneDependent" /></UnitTest><UnitTest name="Post_ValidReferencePropertyCreatesModel" storage="d:\github\modelrelief\modelrelief.test\bin\debug\netcoreapp2.0\modelrelief.test.dll" id="d4794031-73b3-4d49-9682-145e4ec0bb4c"><Execution id="67ff6093-5886-4d91-9e64-b5e799c71b6d" /><TestMethod codeBase="d:\Github\ModelRelief\ModelRelief.test\bin\Debug\netcoreapp2.0\ModelRelief.Test.dll" adapterTypeName="executor://xunit/VsTestRunner2/netcoreapp" className="ModelRelief.Test.Integration.Meshes.MeshesBaseIntegrationTests" name="Post_ValidReferencePropertyCreatesModel" /></UnitTest><UnitTest name="Post_InvalidPropertyValueReturnsBadRequest" storage="d:\github\modelrelief\modelrelief.test\bin\debug\netcoreapp2.0\modelrelief.test.dll" id="7676412e-208d-4b99-9c82-91b7b2d1a85c"><Execution id="bc9be6ad-adbc-4d61-9349-fc0228eefbb0" /><TestMethod codeBase="d:\Github\ModelRelief\ModelRelief.test\bin\Debug\netcoreapp2.0\ModelRelief.Test.dll" adapterTypeName="executor://xunit/VsTestRunner2/netcoreapp" className="ModelRelief.Test.Integration.DepthBuffers.DepthBuffersBaseIntegrationTests" name="Post_InvalidPropertyValueReturnsBadRequest" /></UnitTest><UnitTest name="Put_ValidReferencePropertyUpdatesModel" storage="d:\github\modelrelief\modelrelief.test\bin\debug\netcoreapp2.0\modelrelief.test.dll" id="51c47e9d-98b7-4fde-8a21-328a037a5cc0"><Execution id="578834b5-532a-4009-88e9-671d74884aaa" /><TestMethod codeBase="d:\Github\ModelRelief\ModelRelief.test\bin\Debug\netcoreapp2.0\ModelRelief.Test.dll" adapterTypeName="executor://xunit/VsTestRunner2/netcoreapp" className="ModelRelief.Test.Integration.DepthBuffers.DepthBuffersBaseIntegrationTests" name="Put_ValidReferencePropertyUpdatesModel" /></UnitTest><UnitTest name="Post_ValidReferencePropertyCreatesModel" storage="d:\github\modelrelief\modelrelief.test\bin\debug\netcoreapp2.0\modelrelief.test.dll" id="44c63347-716a-4668-8406-f54cc8ab9059"><Execution id="84c0d813-aa6a-4743-920b-39a2704d112c" /><TestMethod codeBase="d:\Github\ModelRelief\ModelRelief.test\bin\Debug\netcoreapp2.0\ModelRelief.Test.dll" adapterTypeName="executor://xunit/VsTestRunner2/netcoreapp" className="ModelRelief.Test.Integration.Cameras.CamerasBaseIntegrationTests" name="Post_ValidReferencePropertyCreatesModel" /></UnitTest><UnitTest name="PutFile_FileCanBeUpdated" storage="d:\github\modelrelief\modelrelief.test\bin\debug\netcoreapp2.0\modelrelief.test.dll" id="b4d05d95-542e-4f9c-8c92-20d1e85313e6"><Execution id="71a9b89a-40cc-4230-98a2-a5d951d67471" /><TestMethod codeBase="d:\Github\ModelRelief\ModelRelief.test\bin\Debug\netcoreapp2.0\ModelRelief.Test.dll" adapterTypeName="executor://xunit/VsTestRunner2/netcoreapp" className="ModelRelief.Test.Integration.DepthBuffers.DepthBuffersFileIntegrationTests" name="PutFile_FileCanBeUpdated" /></UnitTest><UnitTest name="Post_CanCreateNewModel" storage="d:\github\modelrelief\modelrelief.test\bin\debug\netcoreapp2.0\modelrelief.test.dll" id="fcea1115-621b-4644-83d5-2b0d7dbdd63a"><Execution id="014dcd8a-3722-45e0-847a-0ac2770988a3" /><TestMethod codeBase="d:\Github\ModelRelief\ModelRelief.test\bin\Debug\netcoreapp2.0\ModelRelief.Test.dll" adapterTypeName="executor://xunit/VsTestRunner2/netcoreapp" className="ModelRelief.Test.Integration.MeshTransforms.MeshTransformsBaseIntegrationTests" name="Post_CanCreateNewModel" /></UnitTest><UnitTest name="Patch_ValidReferencePropertyUpdatesModel" storage="d:\github\modelrelief\modelrelief.test\bin\debug\netcoreapp2.0\modelrelief.test.dll" id="e2f4e137-23c1-434e-9734-6c7155094acb"><Execution id="c2875f99-aafa-49d1-8b1f-896fcae5c619" /><TestMethod codeBase="d:\Github\ModelRelief\ModelRelief.test\bin\Debug\netcoreapp2.0\ModelRelief.Test.dll" adapterTypeName="executor://xunit/VsTestRunner2/netcoreapp" className="ModelRelief.Test.Integration.Projects.ProjectsBaseIntegrationTests" name="Patch_ValidReferencePropertyUpdatesModel" /></UnitTest><UnitTest name="Post_InvalidReferencePropertyReturnsBadRequest" storage="d:\github\modelrelief\modelrelief.test\bin\debug\netcoreapp2.0\modelrelief.test.dll" id="0c9d6463-6e05-494e-a0db-891d8e23bb0c"><Execution id="550d32e1-34a4-436c-8055-2a0d4a887105" /><TestMethod codeBase="d:\Github\ModelRelief\ModelRelief.test\bin\Debug\netcoreapp2.0\ModelRelief.Test.dll" adapterTypeName="executor://xunit/VsTestRunner2/netcoreapp" className="ModelRelief.Test.Integration.Projects.ProjectsBaseIntegrationTests" name="Post_InvalidReferencePropertyReturnsBadRequest" /></UnitTest><UnitTest name="Patch_InvalidIdPropertyReturnsNotFound" storage="d:\github\modelrelief\modelrelief.test\bin\debug\netcoreapp2.0\modelrelief.test.dll" id="81cb6773-e140-456d-a2ee-1b9609fd9eb6"><Execution id="3f272730-2e27-42a4-9794-4c06b811bbed" /><TestMethod codeBase="d:\Github\ModelRelief\ModelRelief.test\bin\Debug\netcoreapp2.0\ModelRelief.Test.dll" adapterTypeName="executor://xunit/VsTestRunner2/netcoreapp" className="ModelRelief.Test.Integration.Models.ModelsBaseIntegrationTests" name="Patch_InvalidIdPropertyReturnsNotFound" /></UnitTest><UnitTest name="LucyCameraFindsAllDependents" storage="d:\github\modelrelief\modelrelief.test\bin\debug\netcoreapp2.0\modelrelief.test.dll" id="5a71ca5d-e3b8-4b25-ac38-3610a3820fc4"><Execution id="3d3e1cb2-848e-4652-8dcf-19c51589258d" /><TestMethod codeBase="d:\Github\ModelRelief\ModelRelief.test\bin\Debug\netcoreapp2.0\ModelRelief.Test.dll" adapterTypeName="executor://xunit/VsTestRunner2/netcoreapp" className="ModelRelief.Test.Unit.DependencyManager.DependencyManagerTests" name="LucyCameraFindsAllDependents" /></UnitTest><UnitTest name="Patch_InvalidEnumPropertyValueReturnsBadRequest" storage="d:\github\modelrelief\modelrelief.test\bin\debug\netcoreapp2.0\modelrelief.test.dll" id="50e37263-e1f5-496f-a9fe-ea94f5d027fa"><Execution id="02bda1cd-2586-4cf9-ab5b-251d673e41f3" /><TestMethod codeBase="d:\Github\ModelRelief\ModelRelief.test\bin\Debug\netcoreapp2.0\ModelRelief.Test.dll" adapterTypeName="executor://xunit/VsTestRunner2/netcoreapp" className="ModelRelief.Test.Integration.Cameras.CamerasBaseIntegrationTests" name="Patch_InvalidEnumPropertyValueReturnsBadRequest" /></UnitTest><UnitTest name="Post_InvalidPropertyValueReturnsBadRequest" storage="d:\github\modelrelief\modelrelief.test\bin\debug\netcoreapp2.0\modelrelief.test.dll" id="03e3c4cf-fa6a-4820-ad17-ad45e0fa80b3"><Execution id="e0d791e2-dc18-4a47-bc5f-7573723c6364" /><TestMethod codeBase="d:\Github\ModelRelief\ModelRelief.test\bin\Debug\netcoreapp2.0\ModelRelief.Test.dll" adapterTypeName="executor://xunit/VsTestRunner2/netcoreapp" className="ModelRelief.Test.Integration.Projects.ProjectsBaseIntegrationTests" name="Post_InvalidPropertyValueReturnsBadRequest" /></UnitTest><UnitTest name="PostFile_FileIsSynchronizedIsUpdatedAfterFileIsPosted" storage="d:\github\modelrelief\modelrelief.test\bin\debug\netcoreapp2.0\modelrelief.test.dll" id="c139ec28-b76c-4bb3-8360-005e6a51c7f7"><Execution id="59873c3f-5d05-41d0-a57f-3ab6bd5d1d6e" /><TestMethod codeBase="d:\Github\ModelRelief\ModelRelief.test\bin\Debug\netcoreapp2.0\ModelRelief.Test.dll" adapterTypeName="executor://xunit/VsTestRunner2/netcoreapp" className="ModelRelief.Test.Integration.Meshes.MeshesFileIntegrationTests" name="PostFile_FileIsSynchronizedIsUpdatedAfterFileIsPosted" /></UnitTest><UnitTest name="GetFile_ExistingFileReturnsSuccess" storage="d:\github\modelrelief\modelrelief.test\bin\debug\netcoreapp2.0\modelrelief.test.dll" id="a558d720-493b-47e3-8f2a-3a83897136fa"><Execution id="a73927e9-4924-42e3-b49e-04932745c7df" /><TestMethod codeBase="d:\Github\ModelRelief\ModelRelief.test\bin\Debug\netcoreapp2.0\ModelRelief.Test.dll" adapterTypeName="executor://xunit/VsTestRunner2/netcoreapp" className="ModelRelief.Test.Integration.DepthBuffers.DepthBuffersFileIntegrationTests" name="GetFile_ExistingFileReturnsSuccess" /></UnitTest><UnitTest name="Delete_TargetModelIsDeleted" storage="d:\github\modelrelief\modelrelief.test\bin\debug\netcoreapp2.0\modelrelief.test.dll" id="e52564db-51ed-4ce6-a8aa-92ec23554b99"><Execution id="8f32bf84-46c0-47e3-92df-d22633b1b040" /><TestMethod codeBase="d:\Github\ModelRelief\ModelRelief.test\bin\Debug\netcoreapp2.0\ModelRelief.Test.dll" adapterTypeName="executor://xunit/VsTestRunner2/netcoreapp" className="ModelRelief.Test.Integration.DepthBuffers.DepthBuffersBaseIntegrationTests" name="Delete_TargetModelIsDeleted" /></UnitTest><UnitTest name="Patch_InvalidIdPropertyReturnsNotFound" storage="d:\github\modelrelief\modelrelief.test\bin\debug\netcoreapp2.0\modelrelief.test.dll" id="207333be-3543-44eb-8169-4ce2c610d1dd"><Execution id="7ce530aa-2a8f-4fb8-872f-edafa90ec2a5" /><TestMethod codeBase="d:\Github\ModelRelief\ModelRelief.test\bin\Debug\netcoreapp2.0\ModelRelief.Test.dll" adapterTypeName="executor://xunit/VsTestRunner2/netcoreapp" className="ModelRelief.Test.Integration.MeshTransforms.MeshTransformsBaseIntegrationTests" name="Patch_InvalidIdPropertyReturnsNotFound" /></UnitTest><UnitTest name="Put_CanUpdateModel" storage="d:\github\modelrelief\modelrelief.test\bin\debug\netcoreapp2.0\modelrelief.test.dll" id="93d06134-0c29-4499-b5e6-7a1deb8e321f"><Execution id="4f57eb88-ca93-4fcb-9afd-6aadae9fa1d5" /><TestMethod codeBase="d:\Github\ModelRelief\ModelRelief.test\bin\Debug\netcoreapp2.0\ModelRelief.Test.dll" adapterTypeName="executor://xunit/VsTestRunner2/netcoreapp" className="ModelRelief.Test.Integration.Projects.ProjectsBaseIntegrationTests" name="Put_CanUpdateModel" /></UnitTest><UnitTest name="GetFile_FileCanBeRoundTripped" storage="d:\github\modelrelief\modelrelief.test\bin\debug\netcoreapp2.0\modelrelief.test.dll" id="4782edea-cf19-49a3-8bf0-ba256e33ec63"><Execution id="d724ee6e-9479-4531-b2d7-f40fcbf9173b" /><TestMethod codeBase="d:\Github\ModelRelief\ModelRelief.test\bin\Debug\netcoreapp2.0\ModelRelief.Test.dll" adapterTypeName="executor://xunit/VsTestRunner2/netcoreapp" className="ModelRelief.Test.Integration.Meshes.MeshesFileIntegrationTests" name="GetFile_FileCanBeRoundTripped" /></UnitTest><UnitTest name="Put_InvalidReferencePropertyReturndBadRequest" storage="d:\github\modelrelief\modelrelief.test\bin\debug\netcoreapp2.0\modelrelief.test.dll" id="11a691a1-a20b-490b-b2dc-db165b9e866f"><Execution id="ffa17421-8ab0-4d86-8f39-1070af6eb2ec" /><TestMethod codeBase="d:\Github\ModelRelief\ModelRelief.test\bin\Debug\netcoreapp2.0\ModelRelief.Test.dll" adapterTypeName="executor://xunit/VsTestRunner2/netcoreapp" className="ModelRelief.Test.Integration.MeshTransforms.MeshTransformsBaseIntegrationTests" name="Put_InvalidReferencePropertyReturndBadRequest" /></UnitTest><UnitTest name="Patch_MultipleInvalidReferencePropertiesReturnsMultipleValidationErrorsAndBadRequest" storage="d:\github\modelrelief\modelrelief.test\bin\debug\netcoreapp2.0\modelrelief.test.dll" id="7ab99c9a-badb-45fe-aff7-c71dcbd05668"><Execution id="412de40c-2763-493e-ba56-12b65dcb0d17" /><TestMethod codeBase="d:\Github\ModelRelief\ModelRelief.test\bin\Debug\netcoreapp2.0\ModelRelief.Test.dll" adapterTypeName="executor://xunit/VsTestRunner2/netcoreapp" className="ModelRelief.Test.Integration.Meshes.MeshesBaseIntegrationTests" name="Patch_MultipleInvalidReferencePropertiesReturnsMultipleValidationErrorsAndBadRequest" /></UnitTest><UnitTest name="Put_InvalidIdReturnsNotFound" storage="d:\github\modelrelief\modelrelief.test\bin\debug\netcoreapp2.0\modelrelief.test.dll" id="1ba249b3-5871-47c2-b770-6a69a54cc164"><Execution id="693551e3-a60e-44c2-9a6c-d9c950803f08" /><TestMethod codeBase="d:\Github\ModelRelief\ModelRelief.test\bin\Debug\netcoreapp2.0\ModelRelief.Test.dll" adapterTypeName="executor://xunit/VsTestRunner2/netcoreapp" className="ModelRelief.Test.Integration.Cameras.CamerasBaseIntegrationTests" name="Put_InvalidIdReturnsNotFound" /></UnitTest><UnitTest name="PutFile_NewFileCanBePut" storage="d:\github\modelrelief\modelrelief.test\bin\debug\netcoreapp2.0\modelrelief.test.dll" id="fda2c886-f217-4aac-b9e5-0b470a93bcb8"><Execution id="105877a1-4e65-4bac-bfde-c3750b471d55" /><TestMethod codeBase="d:\Github\ModelRelief\ModelRelief.test\bin\Debug\netcoreapp2.0\ModelRelief.Test.dll" adapterTypeName="executor://xunit/VsTestRunner2/netcoreapp" className="ModelRelief.Test.Integration.Meshes.MeshesFileIntegrationTests" name="PutFile_NewFileCanBePut" /></UnitTest><UnitTest name="Put_InvalidIdReturnsNotFound" storage="d:\github\modelrelief\modelrelief.test\bin\debug\netcoreapp2.0\modelrelief.test.dll" id="8cfcad7d-8d50-4cb3-b476-ad485f47779a"><Execution id="1b3134d7-2fa2-44f9-93f8-76f85905ad39" /><TestMethod codeBase="d:\Github\ModelRelief\ModelRelief.test\bin\Debug\netcoreapp2.0\ModelRelief.Test.dll" adapterTypeName="executor://xunit/VsTestRunner2/netcoreapp" className="ModelRelief.Test.Integration.Meshes.MeshesBaseIntegrationTests" name="Put_InvalidIdReturnsNotFound" /></UnitTest><UnitTest name="Patch_TargetPropertyIsUpdated" storage="d:\github\modelrelief\modelrelief.test\bin\debug\netcoreapp2.0\modelrelief.test.dll" id="c695484d-c934-461a-8631-3d8029b106d6"><Execution id="7bef3496-606b-4d54-a545-aa3103052e42" /><TestMethod codeBase="d:\Github\ModelRelief\ModelRelief.test\bin\Debug\netcoreapp2.0\ModelRelief.Test.dll" adapterTypeName="executor://xunit/VsTestRunner2/netcoreapp" className="ModelRelief.Test.Integration.MeshTransforms.MeshTransformsBaseIntegrationTests" name="Patch_TargetPropertyIsUpdated" /></UnitTest><UnitTest name="Put_InvalidIdReturnsNotFound" storage="d:\github\modelrelief\modelrelief.test\bin\debug\netcoreapp2.0\modelrelief.test.dll" id="24f03738-cf10-483b-a71f-1f3732f39343"><Execution id="2ac3130e-1d24-4f77-849a-d28f180ac58b" /><TestMethod codeBase="d:\Github\ModelRelief\ModelRelief.test\bin\Debug\netcoreapp2.0\ModelRelief.Test.dll" adapterTypeName="executor://xunit/VsTestRunner2/netcoreapp" className="ModelRelief.Test.Integration.Models.ModelsBaseIntegrationTests" name="Put_InvalidIdReturnsNotFound" /></UnitTest><UnitTest name="Put_InvalidReferencePropertyReturndBadRequest" storage="d:\github\modelrelief\modelrelief.test\bin\debug\netcoreapp2.0\modelrelief.test.dll" id="ddde0122-9c22-42eb-b5f6-35fb02b21710"><Execution id="513201fa-d8bb-4e1e-a221-13e474bf3139" /><TestMethod codeBase="d:\Github\ModelRelief\ModelRelief.test\bin\Debug\netcoreapp2.0\ModelRelief.Test.dll" adapterTypeName="executor://xunit/VsTestRunner2/netcoreapp" className="ModelRelief.Test.Integration.Meshes.MeshesBaseIntegrationTests" name="Put_InvalidReferencePropertyReturndBadRequest" /></UnitTest><UnitTest name="GetFile_NonExistentFileReturnsNotFound" storage="d:\github\modelrelief\modelrelief.test\bin\debug\netcoreapp2.0\modelrelief.test.dll" id="d7503c2b-50b2-4ea1-b4ae-310470ac1efa"><Execution id="5680ebd1-547e-433b-9abd-242ff34caa3c" /><TestMethod codeBase="d:\Github\ModelRelief\ModelRelief.test\bin\Debug\netcoreapp2.0\ModelRelief.Test.dll" adapterTypeName="executor://xunit/VsTestRunner2/netcoreapp" className="ModelRelief.Test.Integration.Models.ModelsFileIntegrationTests" name="GetFile_NonExistentFileReturnsNotFound" /></UnitTest><UnitTest name="Delete_TargetModelIsDeleted" storage="d:\github\modelrelief\modelrelief.test\bin\debug\netcoreapp2.0\modelrelief.test.dll" id="038b8eb4-8770-4135-bd59-ba6d029caf6e"><Execution id="aa31a797-5a7c-43ef-bfa1-ac6d0558289e" /><TestMethod codeBase="d:\Github\ModelRelief\ModelRelief.test\bin\Debug\netcoreapp2.0\ModelRelief.Test.dll" adapterTypeName="executor://xunit/VsTestRunner2/netcoreapp" className="ModelRelief.Test.Integration.Models.ModelsBaseIntegrationTests" name="Delete_TargetModelIsDeleted" /></UnitTest><UnitTest name="Post_InvalidReferencePropertyReturnsBadRequest" storage="d:\github\modelrelief\modelrelief.test\bin\debug\netcoreapp2.0\modelrelief.test.dll" id="4ee06d77-b2f9-4d97-a356-dd964e18a3c8"><Execution id="c896681c-b2b6-4a1c-8fab-91e2e9cdca82" /><TestMethod codeBase="d:\Github\ModelRelief\ModelRelief.test\bin\Debug\netcoreapp2.0\ModelRelief.Test.dll" adapterTypeName="executor://xunit/VsTestRunner2/netcoreapp" className="ModelRelief.Test.Integration.Meshes.MeshesBaseIntegrationTests" name="Post_InvalidReferencePropertyReturnsBadRequest" /></UnitTest><UnitTest name="Patch_InvalidIdPropertyReturnsNotFound" storage="d:\github\modelrelief\modelrelief.test\bin\debug\netcoreapp2.0\modelrelief.test.dll" id="1e64b2ff-b598-45e5-a7c6-a64d5e15b3da"><Execution id="00d0bb58-ffba-494e-afa4-b0307de37de8" /><TestMethod codeBase="d:\Github\ModelRelief\ModelRelief.test\bin\Debug\netcoreapp2.0\ModelRelief.Test.dll" adapterTypeName="executor://xunit/VsTestRunner2/netcoreapp" className="ModelRelief.Test.Integration.Meshes.MeshesBaseIntegrationTests" name="Patch_InvalidIdPropertyReturnsNotFound" /></UnitTest><UnitTest name="FileRequest_DepthBufferIsInvalidatedAfterCameraDependencyPropertyChange" storage="d:\github\modelrelief\modelrelief.test\bin\debug\netcoreapp2.0\modelrelief.test.dll" id="749f7984-104e-4487-b65b-efc5d2667b08"><Execution id="e20f21e6-1a66-4aa4-acce-71755cb2437d" /><TestMethod codeBase="d:\Github\ModelRelief\ModelRelief.test\bin\Debug\netcoreapp2.0\ModelRelief.Test.dll" adapterTypeName="executor://xunit/VsTestRunner2/netcoreapp" className="ModelRelief.Test.Integration.DepthBuffers.DepthBuffersFileIntegrationTests" name="FileRequest_DepthBufferIsInvalidatedAfterCameraDependencyPropertyChange" /></UnitTest><UnitTest name="GetList_ListReturnsCorrectCount" storage="d:\github\modelrelief\modelrelief.test\bin\debug\netcoreapp2.0\modelrelief.test.dll" id="7737e0e1-ad65-4cc4-a871-347930ee9d3b"><Execution id="cdf1d3f7-c5b1-493c-aba9-765496f7e1cf" /><TestMethod codeBase="d:\Github\ModelRelief\ModelRelief.test\bin\Debug\netcoreapp2.0\ModelRelief.Test.dll" adapterTypeName="executor://xunit/VsTestRunner2/netcoreapp" className="ModelRelief.Test.Integration.Models.ModelsBaseIntegrationTests" name="GetList_ListReturnsCorrectCount" /></UnitTest><UnitTest name="Patch_MultipleInvalidReferencePropertiesReturnsMultipleValidationErrorsAndBadRequest" storage="d:\github\modelrelief\modelrelief.test\bin\debug\netcoreapp2.0\modelrelief.test.dll" id="4bc34286-ed85-4034-8db3-70d65c57f643"><Execution id="d0e346c3-7ada-4639-a246-3b33abb0e741" /><TestMethod codeBase="d:\Github\ModelRelief\ModelRelief.test\bin\Debug\netcoreapp2.0\ModelRelief.Test.dll" adapterTypeName="executor://xunit/VsTestRunner2/netcoreapp" className="ModelRelief.Test.Integration.Cameras.CamerasBaseIntegrationTests" name="Patch_MultipleInvalidReferencePropertiesReturnsMultipleValidationErrorsAndBadRequest" /></UnitTest><UnitTest name="Patch_InvalidReferencePropertyReturnsBadRequest" storage="d:\github\modelrelief\modelrelief.test\bin\debug\netcoreapp2.0\modelrelief.test.dll" id="ddd6d07b-d5b9-4105-8be3-cb148c2c74e0"><Execution id="e8d9e7e5-1169-476a-8888-05644cefe0c0" /><TestMethod codeBase="d:\Github\ModelRelief\ModelRelief.test\bin\Debug\netcoreapp2.0\ModelRelief.Test.dll" adapterTypeName="executor://xunit/VsTestRunner2/netcoreapp" className="ModelRelief.Test.Integration.Projects.ProjectsBaseIntegrationTests" name="Patch_InvalidReferencePropertyReturnsBadRequest" /></UnitTest><UnitTest name="GetSingle_ValidIdPropertyValueReturnsCorrectModel" storage="d:\github\modelrelief\modelrelief.test\bin\debug\netcoreapp2.0\modelrelief.test.dll" id="857ceca9-ccbd-4256-8916-e1552c087753"><Execution id="fc466fb6-0ed1-408e-8caf-940e878cacb9" /><TestMethod codeBase="d:\Github\ModelRelief\ModelRelief.test\bin\Debug\netcoreapp2.0\ModelRelief.Test.dll" adapterTypeName="executor://xunit/VsTestRunner2/netcoreapp" className="ModelRelief.Test.Integration.DepthBuffers.DepthBuffersBaseIntegrationTests" name="GetSingle_ValidIdPropertyValueReturnsCorrectModel" /></UnitTest><UnitTest name="Put_InvalidIdReturnsNotFound" storage="d:\github\modelrelief\modelrelief.test\bin\debug\netcoreapp2.0\modelrelief.test.dll" id="f432712c-e7c8-46bc-a582-d5455f015218"><Execution id="98049333-844d-47b0-8dab-eaa9c261c26c" /><TestMethod codeBase="d:\Github\ModelRelief\ModelRelief.test\bin\Debug\netcoreapp2.0\ModelRelief.Test.dll" adapterTypeName="executor://xunit/VsTestRunner2/netcoreapp" className="ModelRelief.Test.Integration.Projects.ProjectsBaseIntegrationTests" name="Put_InvalidIdReturnsNotFound" /></UnitTest><UnitTest name="Patch_ValidReferencePropertyUpdatesModel" storage="d:\github\modelrelief\modelrelief.test\bin\debug\netcoreapp2.0\modelrelief.test.dll" id="5acd094f-bedb-4eac-ad5d-a4e3d160d1b5"><Execution id="8b6996f7-1f17-40a4-9c3c-1155e1e7fd51" /><TestMethod codeBase="d:\Github\ModelRelief\ModelRelief.test\bin\Debug\netcoreapp2.0\ModelRelief.Test.dll" adapterTypeName="executor://xunit/VsTestRunner2/netcoreapp" className="ModelRelief.Test.Integration.MeshTransforms.MeshTransformsBaseIntegrationTests" name="Patch_ValidReferencePropertyUpdatesModel" /></UnitTest><UnitTest name="GetSingle_InvalidIdPropertyValueReturnsNotFound" storage="d:\github\modelrelief\modelrelief.test\bin\debug\netcoreapp2.0\modelrelief.test.dll" id="4a0991a2-ddb8-4ee7-bdba-0fe365620592"><Execution id="ecb8a5de-dbba-4776-aead-2d76c6d808e0" /><TestMethod codeBase="d:\Github\ModelRelief\ModelRelief.test\bin\Debug\netcoreapp2.0\ModelRelief.Test.dll" adapterTypeName="executor://xunit/VsTestRunner2/netcoreapp" className="ModelRelief.Test.Integration.DepthBuffers.DepthBuffersBaseIntegrationTests" name="GetSingle_InvalidIdPropertyValueReturnsNotFound" /></UnitTest><UnitTest name="Patch_InvalidReferencePropertyReturnsBadRequest" storage="d:\github\modelrelief\modelrelief.test\bin\debug\netcoreapp2.0\modelrelief.test.dll" id="8d243d3c-d45d-4930-933e-807cd0ae16a6"><Execution id="eb6667bf-c804-4f23-bae4-7f5957e3aa82" /><TestMethod codeBase="d:\Github\ModelRelief\ModelRelief.test\bin\Debug\netcoreapp2.0\ModelRelief.Test.dll" adapterTypeName="executor://xunit/VsTestRunner2/netcoreapp" className="ModelRelief.Test.Integration.MeshTransforms.MeshTransformsBaseIntegrationTests" name="Patch_InvalidReferencePropertyReturnsBadRequest" /></UnitTest><UnitTest name="GetSingle_ValidIdPropertyValueReturnsCorrectModel" storage="d:\github\modelrelief\modelrelief.test\bin\debug\netcoreapp2.0\modelrelief.test.dll" id="cc94f8ae-7018-403e-8467-cd91241cd1ef"><Execution id="17887982-52ac-4122-b77f-4e712b859025" /><TestMethod codeBase="d:\Github\ModelRelief\ModelRelief.test\bin\Debug\netcoreapp2.0\ModelRelief.Test.dll" adapterTypeName="executor://xunit/VsTestRunner2/netcoreapp" className="ModelRelief.Test.Integration.MeshTransforms.MeshTransformsBaseIntegrationTests" name="GetSingle_ValidIdPropertyValueReturnsCorrectModel" /></UnitTest><UnitTest name="FileRequest_MeshGenerateSetsFileIsSynchronized" storage="d:\github\modelrelief\modelrelief.test\bin\debug\netcoreapp2.0\modelrelief.test.dll" id="b3db1dc3-5b1c-454a-9481-eb8391cb3a62"><Execution id="dba01be2-ae24-4d6d-b3d0-5d658bd5133f" /><TestMethod codeBase="d:\Github\ModelRelief\ModelRelief.test\bin\Debug\netcoreapp2.0\ModelRelief.Test.dll" adapterTypeName="executor://xunit/VsTestRunner2/netcoreapp" className="ModelRelief.Test.Integration.Meshes.MeshesFileIntegrationTests" name="FileRequest_MeshGenerateSetsFileIsSynchronized" /></UnitTest><UnitTest name="GetSingle_InvalidIdPropertyValueReturnsNotFound" storage="d:\github\modelrelief\modelrelief.test\bin\debug\netcoreapp2.0\modelrelief.test.dll" id="0329db49-6ca1-4175-b28b-c5d95318da5f"><Execution id="b61f32b5-e26b-422b-afd5-bd5c6258ecb9" /><TestMethod codeBase="d:\Github\ModelRelief\ModelRelief.test\bin\Debug\netcoreapp2.0\ModelRelief.Test.dll" adapterTypeName="executor://xunit/VsTestRunner2/netcoreapp" className="ModelRelief.Test.Integration.Models.ModelsBaseIntegrationTests" name="GetSingle_InvalidIdPropertyValueReturnsNotFound" /></UnitTest><UnitTest name="Delete_TargetModelIsDeleted" storage="d:\github\modelrelief\modelrelief.test\bin\debug\netcoreapp2.0\modelrelief.test.dll" id="1532370c-9e0d-43df-ba9f-ffa7f1ea28e3"><Execution id="1fb5e6d6-f0e9-456a-bf56-4594cb03a026" /><TestMethod codeBase="d:\Github\ModelRelief\ModelRelief.test\bin\Debug\netcoreapp2.0\ModelRelief.Test.dll" adapterTypeName="executor://xunit/VsTestRunner2/netcoreapp" className="ModelRelief.Test.Integration.Projects.ProjectsBaseIntegrationTests" name="Delete_TargetModelIsDeleted" /></UnitTest><UnitTest name="GetList_ListReturnsCorrectCount" storage="d:\github\modelrelief\modelrelief.test\bin\debug\netcoreapp2.0\modelrelief.test.dll" id="41d4e41c-7df0-415c-b194-14e6ee0ebd73"><Execution id="4fdf0238-e639-411a-94af-c65f1f8cc923" /><TestMethod codeBase="d:\Github\ModelRelief\ModelRelief.test\bin\Debug\netcoreapp2.0\ModelRelief.Test.dll" adapterTypeName="executor://xunit/VsTestRunner2/netcoreapp" className="ModelRelief.Test.Integration.Meshes.MeshesBaseIntegrationTests" name="GetList_ListReturnsCorrectCount" /></UnitTest><UnitTest name="Post_CanCreateNewModel" storage="d:\github\modelrelief\modelrelief.test\bin\debug\netcoreapp2.0\modelrelief.test.dll" id="897449a8-5460-4c05-a9b7-4abf4746b36b"><Execution id="6ea66558-a94d-4841-b4e8-0fc944d0996b" /><TestMethod codeBase="d:\Github\ModelRelief\ModelRelief.test\bin\Debug\netcoreapp2.0\ModelRelief.Test.dll" adapterTypeName="executor://xunit/VsTestRunner2/netcoreapp" className="ModelRelief.Test.Integration.Models.ModelsBaseIntegrationTests" name="Post_CanCreateNewModel" /></UnitTest><UnitTest name="GetSingle_InvalidIdPropertyValueReturnsNotFound" storage="d:\github\modelrelief\modelrelief.test\bin\debug\netcoreapp2.0\modelrelief.test.dll" id="b027a5dc-747b-4555-9840-398477d21a56"><Execution id="327f9c63-fa2b-47b7-8173-902b2d3f3281" /><TestMethod codeBase="d:\Github\ModelRelief\ModelRelief.test\bin\Debug\netcoreapp2.0\ModelRelief.Test.dll" adapterTypeName="executor://xunit/VsTestRunner2/netcoreapp" className="ModelRelief.Test.Integration.Projects.ProjectsBaseIntegrationTests" name="GetSingle_InvalidIdPropertyValueReturnsNotFound" /></UnitTest><UnitTest name="FileRequest_FileCanBeReadAfterRename" storage="d:\github\modelrelief\modelrelief.test\bin\debug\netcoreapp2.0\modelrelief.test.dll" id="047dea59-9546-47ac-9f51-1c8b8d8c41d4"><Execution id="510996e7-c830-4df1-9afc-b5fe47991f7c" /><TestMethod codeBase="d:\Github\ModelRelief\ModelRelief.test\bin\Debug\netcoreapp2.0\ModelRelief.Test.dll" adapterTypeName="executor://xunit/VsTestRunner2/netcoreapp" className="ModelRelief.Test.Integration.Meshes.MeshesFileIntegrationTests" name="FileRequest_FileCanBeReadAfterRename" /></UnitTest><UnitTest name="GetFile_FileCanBeRoundTripped" storage="d:\github\modelrelief\modelrelief.test\bin\debug\netcoreapp2.0\modelrelief.test.dll" id="42b88a3c-ff70-446d-a839-a126ea127f32"><Execution id="744289e0-877a-49c9-8835-4e14f444dab1" /><TestMethod codeBase="d:\Github\ModelRelief\ModelRelief.test\bin\Debug\netcoreapp2.0\ModelRelief.Test.dll" adapterTypeName="executor://xunit/VsTestRunner2/netcoreapp" className="ModelRelief.Test.Integration.Models.ModelsFileIntegrationTests" name="GetFile_FileCanBeRoundTripped" /></UnitTest><UnitTest name="Put_InvalidReferencePropertyReturndBadRequest" storage="d:\github\modelrelief\modelrelief.test\bin\debug\netcoreapp2.0\modelrelief.test.dll" id="c492890c-b26d-489d-aa25-56db65464dd3"><Execution id="3cf20053-98a7-454e-ba97-308ea50b8472" /><TestMethod codeBase="d:\Github\ModelRelief\ModelRelief.test\bin\Debug\netcoreapp2.0\ModelRelief.Test.dll" adapterTypeName="executor://xunit/VsTestRunner2/netcoreapp" className="ModelRelief.Test.Integration.Cameras.CamerasBaseIntegrationTests" name="Put_InvalidReferencePropertyReturndBadRequest" /></UnitTest><UnitTest name="PostFile_NewFileCanBePosted" storage="d:\github\modelrelief\modelrelief.test\bin\debug\netcoreapp2.0\modelrelief.test.dll" id="28e83884-32f0-475a-b941-6bb03098cfd8"><Execution id="22643e4f-362c-4a09-b38c-20d3ef39543e" /><TestMethod codeBase="d:\Github\ModelRelief\ModelRelief.test\bin\Debug\netcoreapp2.0\ModelRelief.Test.dll" adapterTypeName="executor://xunit/VsTestRunner2/netcoreapp" className="ModelRelief.Test.Integration.DepthBuffers.DepthBuffersFileIntegrationTests" name="PostFile_NewFileCanBePosted" /></UnitTest><UnitTest name="Post_ValidReferencePropertyCreatesModel" storage="d:\github\modelrelief\modelrelief.test\bin\debug\netcoreapp2.0\modelrelief.test.dll" id="94a21e0f-72ec-4ba8-a92d-9948d4bf7c75"><Execution id="ba344e8e-142c-40e3-a29e-e8959f3e969f" /><TestMethod codeBase="d:\Github\ModelRelief\ModelRelief.test\bin\Debug\netcoreapp2.0\ModelRelief.Test.dll" adapterTypeName="executor://xunit/VsTestRunner2/netcoreapp" className="ModelRelief.Test.Integration.Models.ModelsBaseIntegrationTests" name="Post_ValidReferencePropertyCreatesModel" /></UnitTest><UnitTest name="GetSingle_ValidIdPropertyValueReturnsCorrectModel" storage="d:\github\modelrelief\modelrelief.test\bin\debug\netcoreapp2.0\modelrelief.test.dll" id="d4dd07b9-18cf-42f4-8f55-b31075e01cf3"><Execution id="ac339fa7-b1cf-4038-9f29-2fc746993f07" /><TestMethod codeBase="d:\Github\ModelRelief\ModelRelief.test\bin\Debug\netcoreapp2.0\ModelRelief.Test.dll" adapterTypeName="executor://xunit/VsTestRunner2/netcoreapp" className="ModelRelief.Test.Integration.Models.ModelsBaseIntegrationTests" name="GetSingle_ValidIdPropertyValueReturnsCorrectModel" /></UnitTest><UnitTest name="PostFile_NewFileCanBePosted" storage="d:\github\modelrelief\modelrelief.test\bin\debug\netcoreapp2.0\modelrelief.test.dll" id="39941b4c-e9ae-4275-ad05-6d659c5b2a20"><Execution id="055f60d5-2216-434d-a619-e62cad623b7c" /><TestMethod codeBase="d:\Github\ModelRelief\ModelRelief.test\bin\Debug\netcoreapp2.0\ModelRelief.Test.dll" adapterTypeName="executor://xunit/VsTestRunner2/netcoreapp" className="ModelRelief.Test.Integration.Meshes.MeshesFileIntegrationTests" name="PostFile_NewFileCanBePosted" /></UnitTest><UnitTest name="Put_ValidReferencePropertyUpdatesModel" storage="d:\github\modelrelief\modelrelief.test\bin\debug\netcoreapp2.0\modelrelief.test.dll" id="31da1d3e-e23e-4553-adb1-a3d1fe3bcfc3"><Execution id="24f36175-e6b5-4e79-a9d7-b8ed10aedbdc" /><TestMethod codeBase="d:\Github\ModelRelief\ModelRelief.test\bin\Debug\netcoreapp2.0\ModelRelief.Test.dll" adapterTypeName="executor://xunit/VsTestRunner2/netcoreapp" className="ModelRelief.Test.Integration.MeshTransforms.MeshTransformsBaseIntegrationTests" name="Put_ValidReferencePropertyUpdatesModel" /></UnitTest><UnitTest name="Delete_TargetModelIsDeleted" storage="d:\github\modelrelief\modelrelief.test\bin\debug\netcoreapp2.0\modelrelief.test.dll" id="e963dc51-639c-4d63-bb20-6b31f48e8f9d"><Execution id="3cff46ee-0a9d-49d5-813e-064464498ef9" /><TestMethod codeBase="d:\Github\ModelRelief\ModelRelief.test\bin\Debug\netcoreapp2.0\ModelRelief.Test.dll" adapterTypeName="executor://xunit/VsTestRunner2/netcoreapp" className="ModelRelief.Test.Integration.Cameras.CamerasBaseIntegrationTests" name="Delete_TargetModelIsDeleted" /></UnitTest><UnitTest name="FileRequest_FileCanBeReadAfterRename" storage="d:\github\modelrelief\modelrelief.test\bin\debug\netcoreapp2.0\modelrelief.test.dll" id="d5e06bbc-e3aa-4f56-b44b-d1980bd49a8e"><Execution id="50c59988-82f0-4c9b-a04b-a97dd5f55fc8" /><TestMethod codeBase="d:\Github\ModelRelief\ModelRelief.test\bin\Debug\netcoreapp2.0\ModelRelief.Test.dll" adapterTypeName="executor://xunit/VsTestRunner2/netcoreapp" className="ModelRelief.Test.Integration.DepthBuffers.DepthBuffersFileIntegrationTests" name="FileRequest_FileCanBeReadAfterRename" /></UnitTest><UnitTest name="Put_InvalidReferencePropertyReturndBadRequest" storage="d:\github\modelrelief\modelrelief.test\bin\debug\netcoreapp2.0\modelrelief.test.dll" id="a4db34bf-befc-42ba-941c-c925d19ff6e3"><Execution id="426febc9-76f6-4029-bdb5-1e3499dab05e" /><TestMethod codeBase="d:\Github\ModelRelief\ModelRelief.test\bin\Debug\netcoreapp2.0\ModelRelief.Test.dll" adapterTypeName="executor://xunit/VsTestRunner2/netcoreapp" className="ModelRelief.Test.Integration.DepthBuffers.DepthBuffersBaseIntegrationTests" name="Put_InvalidReferencePropertyReturndBadRequest" /></UnitTest><UnitTest name="Patch_InvalidIdPropertyReturnsNotFound" storage="d:\github\modelrelief\modelrelief.test\bin\debug\netcoreapp2.0\modelrelief.test.dll" id="69139a5a-38d2-4e2a-ad91-ba1cbeb6676d"><Execution id="0d5d590a-c8b9-4001-be45-2d01c6f8b376" /><TestMethod codeBase="d:\Github\ModelRelief\ModelRelief.test\bin\Debug\netcoreapp2.0\ModelRelief.Test.dll" adapterTypeName="executor://xunit/VsTestRunner2/netcoreapp" className="ModelRelief.Test.Integration.Projects.ProjectsBaseIntegrationTests" name="Patch_InvalidIdPropertyReturnsNotFound" /></UnitTest><UnitTest name="GetSingle_ValidIdPropertyValueReturnsCorrectModel" storage="d:\github\modelrelief\modelrelief.test\bin\debug\netcoreapp2.0\modelrelief.test.dll" id="eaac79df-c8ba-4f6e-99d2-3f01e593f970"><Execution id="bc524f4f-20a2-4e9b-af76-d9ec14e5b4fb" /><TestMethod codeBase="d:\Github\ModelRelief\ModelRelief.test\bin\Debug\netcoreapp2.0\ModelRelief.Test.dll" adapterTypeName="executor://xunit/VsTestRunner2/netcoreapp" className="ModelRelief.Test.Integration.Cameras.CamerasBaseIntegrationTests" name="GetSingle_ValidIdPropertyValueReturnsCorrectModel" /></UnitTest><UnitTest name="GetList_ListReturnsCorrectCount" storage="d:\github\modelrelief\modelrelief.test\bin\debug\netcoreapp2.0\modelrelief.test.dll" id="1c094563-0c12-4698-925b-2fbce6c3f781"><Execution id="804511f6-30fb-4565-ad5d-8f98269adab6" /><TestMethod codeBase="d:\Github\ModelRelief\ModelRelief.test\bin\Debug\netcoreapp2.0\ModelRelief.Test.dll" adapterTypeName="executor://xunit/VsTestRunner2/netcoreapp" className="ModelRelief.Test.Integration.MeshTransforms.MeshTransformsBaseIntegrationTests" name="GetList_ListReturnsCorrectCount" /></UnitTest><UnitTest name="Post_InvalidPropertyValueReturnsBadRequest" storage="d:\github\modelrelief\modelrelief.test\bin\debug\netcoreapp2.0\modelrelief.test.dll" id="2218a90c-bfd1-4877-a1f2-052ab48ad282"><Execution id="2be74f9b-a6f7-4cee-873b-0dc1addae9ca" /><TestMethod codeBase="d:\Github\ModelRelief\ModelRelief.test\bin\Debug\netcoreapp2.0\ModelRelief.Test.dll" adapterTypeName="executor://xunit/VsTestRunner2/netcoreapp" className="ModelRelief.Test.Integration.Meshes.MeshesBaseIntegrationTests" name="Post_InvalidPropertyValueReturnsBadRequest" /></UnitTest><UnitTest name="Post_CanCreateNewModel" storage="d:\github\modelrelief\modelrelief.test\bin\debug\netcoreapp2.0\modelrelief.test.dll" id="977de56b-d313-4c2d-9e5e-0de46d75240f"><Execution id="2faded18-3c34-4026-85f9-358bd4aac958" /><TestMethod codeBase="d:\Github\ModelRelief\ModelRelief.test\bin\Debug\netcoreapp2.0\ModelRelief.Test.dll" adapterTypeName="executor://xunit/VsTestRunner2/netcoreapp" className="ModelRelief.Test.Integration.Meshes.MeshesBaseIntegrationTests" name="Post_CanCreateNewModel" /></UnitTest><UnitTest name="Post_InvalidReferencePropertyReturnsBadRequest" storage="d:\github\modelrelief\modelrelief.test\bin\debug\netcoreapp2.0\modelrelief.test.dll" id="47578410-cfbd-4098-9d41-57398a5ffe0a"><Execution id="9f0093fa-f056-4043-b010-eafc847411f3" /><TestMethod codeBase="d:\Github\ModelRelief\ModelRelief.test\bin\Debug\netcoreapp2.0\ModelRelief.Test.dll" adapterTypeName="executor://xunit/VsTestRunner2/netcoreapp" className="ModelRelief.Test.Integration.Models.ModelsBaseIntegrationTests" name="Post_InvalidReferencePropertyReturnsBadRequest" /></UnitTest><UnitTest name="Post_ValidReferencePropertyCreatesModel" storage="d:\github\modelrelief\modelrelief.test\bin\debug\netcoreapp2.0\modelrelief.test.dll" id="36e75eba-67f7-4cbb-892c-c748b0cc2cf2"><Execution id="3d319e68-f9c8-4501-8fbf-4374c2ebd108" /><TestMethod codeBase="d:\Github\ModelRelief\ModelRelief.test\bin\Debug\netcoreapp2.0\ModelRelief.Test.dll" adapterTypeName="executor://xunit/VsTestRunner2/netcoreapp" className="ModelRelief.Test.Integration.DepthBuffers.DepthBuffersBaseIntegrationTests" name="Post_ValidReferencePropertyCreatesModel" /></UnitTest><UnitTest name="GetSingle_ValidIdPropertyValueReturnsCorrectModel" storage="d:\github\modelrelief\modelrelief.test\bin\debug\netcoreapp2.0\modelrelief.test.dll" id="d46eb0b9-1edd-4dce-a32f-3986ab9860ea"><Execution id="7633ec1c-f5aa-436e-8d66-1c6fad1dfef7" /><TestMethod codeBase="d:\Github\ModelRelief\ModelRelief.test\bin\Debug\netcoreapp2.0\ModelRelief.Test.dll" adapterTypeName="executor://xunit/VsTestRunner2/netcoreapp" className="ModelRelief.Test.Integration.Meshes.MeshesBaseIntegrationTests" name="GetSingle_ValidIdPropertyValueReturnsCorrectModel" /></UnitTest><UnitTest name="Post_InvalidReferencePropertyReturnsBadRequest" storage="d:\github\modelrelief\modelrelief.test\bin\debug\netcoreapp2.0\modelrelief.test.dll" id="3484ecec-664f-4e00-99d2-2928b456ff51"><Execution id="3673e44f-2e62-440d-a358-1b924baf7017" /><TestMethod codeBase="d:\Github\ModelRelief\ModelRelief.test\bin\Debug\netcoreapp2.0\ModelRelief.Test.dll" adapterTypeName="executor://xunit/VsTestRunner2/netcoreapp" className="ModelRelief.Test.Integration.Cameras.CamerasBaseIntegrationTests" name="Post_InvalidReferencePropertyReturnsBadRequest" /></UnitTest><UnitTest name="Post_CanCreateNewModel" storage="d:\github\modelrelief\modelrelief.test\bin\debug\netcoreapp2.0\modelrelief.test.dll" id="417fa9b7-fc44-4cb8-9c12-4fa8812647a7"><Execution id="4e6d3b47-5705-4baf-bb92-fbceb7970fbf" /><TestMethod codeBase="d:\Github\ModelRelief\ModelRelief.test\bin\Debug\netcoreapp2.0\ModelRelief.Test.dll" adapterTypeName="executor://xunit/VsTestRunner2/netcoreapp" className="ModelRelief.Test.Integration.Projects.ProjectsBaseIntegrationTests" name="Post_CanCreateNewModel" /></UnitTest><UnitTest name="Patch_InvalidPropertyNameReturnsBadRequest" storage="d:\github\modelrelief\modelrelief.test\bin\debug\netcoreapp2.0\modelrelief.test.dll" id="cbbdb32d-e81d-4cbc-acdb-5a9170373d15"><Execution id="f1676bf3-84bb-4f0c-bf25-60074f2caa86" /><TestMethod codeBase="d:\Github\ModelRelief\ModelRelief.test\bin\Debug\netcoreapp2.0\ModelRelief.Test.dll" adapterTypeName="executor://xunit/VsTestRunner2/netcoreapp" className="ModelRelief.Test.Integration.Meshes.MeshesBaseIntegrationTests" name="Patch_InvalidPropertyNameReturnsBadRequest" /></UnitTest><UnitTest name="Post_InvalidPropertyValueReturnsBadRequest" storage="d:\github\modelrelief\modelrelief.test\bin\debug\netcoreapp2.0\modelrelief.test.dll" id="3fec3a12-7d9b-4f35-b2a2-cabe7fe12cba"><Execution id="0174d3eb-6909-4302-8a08-cf799f7e6c30" /><TestMethod codeBase="d:\Github\ModelRelief\ModelRelief.test\bin\Debug\netcoreapp2.0\ModelRelief.Test.dll" adapterTypeName="executor://xunit/VsTestRunner2/netcoreapp" className="ModelRelief.Test.Integration.Cameras.CamerasBaseIntegrationTests" name="Post_InvalidPropertyValueReturnsBadRequest" /></UnitTest><UnitTest name="Patch_MultipleInvalidReferencePropertiesReturnsMultipleValidationErrorsAndBadRequest" storage="d:\github\modelrelief\modelrelief.test\bin\debug\netcoreapp2.0\modelrelief.test.dll" id="20ad9804-5cce-42ff-848a-8d481eab0f78"><Execution id="b237f46a-0199-4280-b62c-6906c07ba6dc" /><TestMethod codeBase="d:\Github\ModelRelief\ModelRelief.test\bin\Debug\netcoreapp2.0\ModelRelief.Test.dll" adapterTypeName="executor://xunit/VsTestRunner2/netcoreapp" className="ModelRelief.Test.Integration.Models.ModelsBaseIntegrationTests" name="Patch_MultipleInvalidReferencePropertiesReturnsMultipleValidationErrorsAndBadRequest" /></UnitTest><UnitTest name="Post_InvalidPropertyValueReturnsBadRequest" storage="d:\github\modelrelief\modelrelief.test\bin\debug\netcoreapp2.0\modelrelief.test.dll" id="fe80ed4b-cd96-45a7-9932-2f8bbba1729c"><Execution id="23556eda-36f8-43c3-be1a-d81a8521334c" /><TestMethod codeBase="d:\Github\ModelRelief\ModelRelief.test\bin\Debug\netcoreapp2.0\ModelRelief.Test.dll" adapterTypeName="executor://xunit/VsTestRunner2/netcoreapp" className="ModelRelief.Test.Integration.MeshTransforms.MeshTransformsBaseIntegrationTests" name="Post_InvalidPropertyValueReturnsBadRequest" /></UnitTest><UnitTest name="PutFile_FileCanBeUpdated" storage="d:\github\modelrelief\modelrelief.test\bin\debug\netcoreapp2.0\modelrelief.test.dll" id="71a1b0cc-3db6-4bb7-a476-7a55156ff49e"><Execution id="8a63b86e-033f-45e2-83dd-6360f9693cfa" /><TestMethod codeBase="d:\Github\ModelRelief\ModelRelief.test\bin\Debug\netcoreapp2.0\ModelRelief.Test.dll" adapterTypeName="executor://xunit/VsTestRunner2/netcoreapp" className="ModelRelief.Test.Integration.Models.ModelsFileIntegrationTests" name="PutFile_FileCanBeUpdated" /></UnitTest><UnitTest name="PostFile_FileTimeStampIsUpdatedAfterFileIsPosted" storage="d:\github\modelrelief\modelrelief.test\bin\debug\netcoreapp2.0\modelrelief.test.dll" id="485e6bee-9c8d-4ecd-94c3-08121f47e7aa"><Execution id="8527390b-5437-430c-8e07-4bd2fb459667" /><TestMethod codeBase="d:\Github\ModelRelief\ModelRelief.test\bin\Debug\netcoreapp2.0\ModelRelief.Test.dll" adapterTypeName="executor://xunit/VsTestRunner2/netcoreapp" className="ModelRelief.Test.Integration.Meshes.MeshesFileIntegrationTests" name="PostFile_FileTimeStampIsUpdatedAfterFileIsPosted" /></UnitTest><UnitTest name="Patch_MultipleInvalidReferencePropertiesReturnsMultipleValidationErrorsAndBadRequest" storage="d:\github\modelrelief\modelrelief.test\bin\debug\netcoreapp2.0\modelrelief.test.dll" id="ff4c4c2f-9827-43da-b942-fa49f3106916"><Execution id="5601ca41-aab7-4b96-ae82-57a3f2d8caf6" /><TestMethod codeBase="d:\Github\ModelRelief\ModelRelief.test\bin\Debug\netcoreapp2.0\ModelRelief.Test.dll" adapterTypeName="executor://xunit/VsTestRunner2/netcoreapp" className="ModelRelief.Test.Integration.DepthBuffers.DepthBuffersBaseIntegrationTests" name="Patch_MultipleInvalidReferencePropertiesReturnsMultipleValidationErrorsAndBadRequest" /></UnitTest><UnitTest name="PostFile_FileIsSynchronizedIsUpdatedAfterFileIsPosted" storage="d:\github\modelrelief\modelrelief.test\bin\debug\netcoreapp2.0\modelrelief.test.dll" id="ad8b416e-03b3-41c9-bf98-2d751e3b3858"><Execution id="6cebb94d-c635-4f8d-9157-64a3e50d7fe4" /><TestMethod codeBase="d:\Github\ModelRelief\ModelRelief.test\bin\Debug\netcoreapp2.0\ModelRelief.Test.dll" adapterTypeName="executor://xunit/VsTestRunner2/netcoreapp" className="ModelRelief.Test.Integration.Models.ModelsFileIntegrationTests" name="PostFile_FileIsSynchronizedIsUpdatedAfterFileIsPosted" /></UnitTest><UnitTest name="Patch_InvalidIdPropertyReturnsNotFound" storage="d:\github\modelrelief\modelrelief.test\bin\debug\netcoreapp2.0\modelrelief.test.dll" id="147be97f-f55a-45e4-87c8-e28bd04e85d4"><Execution id="0cab4ee0-4ae0-455a-9bd2-31333c43b859" /><TestMethod codeBase="d:\Github\ModelRelief\ModelRelief.test\bin\Debug\netcoreapp2.0\ModelRelief.Test.dll" adapterTypeName="executor://xunit/VsTestRunner2/netcoreapp" className="ModelRelief.Test.Integration.DepthBuffers.DepthBuffersBaseIntegrationTests" name="Patch_InvalidIdPropertyReturnsNotFound" /></UnitTest><UnitTest name="Patch_MultipleInvalidReferencePropertiesReturnsMultipleValidationErrorsAndBadRequest" storage="d:\github\modelrelief\modelrelief.test\bin\debug\netcoreapp2.0\modelrelief.test.dll" id="498ba037-3183-4f9b-8c8c-1d95a1f441cb"><Execution id="d8e773c8-8fd8-45cf-85fe-d6223769df9f" /><TestMethod codeBase="d:\Github\ModelRelief\ModelRelief.test\bin\Debug\netcoreapp2.0\ModelRelief.Test.dll" adapterTypeName="executor://xunit/VsTestRunner2/netcoreapp" className="ModelRelief.Test.Integration.MeshTransforms.MeshTransformsBaseIntegrationTests" name="Patch_MultipleInvalidReferencePropertiesReturnsMultipleValidationErrorsAndBadRequest" /></UnitTest><UnitTest name="Delete_TargetModelIsDeleted" storage="d:\github\modelrelief\modelrelief.test\bin\debug\netcoreapp2.0\modelrelief.test.dll" id="e178f704-1480-4d71-8339-0752795cef23"><Execution id="16a9963e-f1a2-4a9b-83c1-e2489bb45514" /><TestMethod codeBase="d:\Github\ModelRelief\ModelRelief.test\bin\Debug\netcoreapp2.0\ModelRelief.Test.dll" adapterTypeName="executor://xunit/VsTestRunner2/netcoreapp" className="ModelRelief.Test.Integration.Meshes.MeshesBaseIntegrationTests" name="Delete_TargetModelIsDeleted" /></UnitTest><UnitTest name="Patch_ValidReferencePropertyUpdatesModel" storage="d:\github\modelrelief\modelrelief.test\bin\debug\netcoreapp2.0\modelrelief.test.dll" id="d5fd5ce2-df95-4fb4-8b71-0d1e770bcec7"><Execution id="2b662e69-9f01-4f6c-82b0-9b3b0bbd7069" /><TestMethod codeBase="d:\Github\ModelRelief\ModelRelief.test\bin\Debug\netcoreapp2.0\ModelRelief.Test.dll" adapterTypeName="executor://xunit/VsTestRunner2/netcoreapp" className="ModelRelief.Test.Integration.Meshes.MeshesBaseIntegrationTests" name="Patch_ValidReferencePropertyUpdatesModel" /></UnitTest><UnitTest name="Patch_InvalidPropertyNameReturnsBadRequest" storage="d:\github\modelrelief\modelrelief.test\bin\debug\netcoreapp2.0\modelrelief.test.dll" id="bd014933-4cea-480c-9734-94465801d6cf"><Execution id="30489628-bc9a-4736-83f5-575e7f57aa99" /><TestMethod codeBase="d:\Github\ModelRelief\ModelRelief.test\bin\Debug\netcoreapp2.0\ModelRelief.Test.dll" adapterTypeName="executor://xunit/VsTestRunner2/netcoreapp" className="ModelRelief.Test.Integration.Projects.ProjectsBaseIntegrationTests" name="Patch_InvalidPropertyNameReturnsBadRequest" /></UnitTest><UnitTest name="GetFile_ExistingFileReturnsSuccess" storage="d:\github\modelrelief\modelrelief.test\bin\debug\netcoreapp2.0\modelrelief.test.dll" id="d58417f6-25a5-438b-b825-532f04847804"><Execution id="8c3c0f09-df3e-4890-9f01-f712d837ce86" /><TestMethod codeBase="d:\Github\ModelRelief\ModelRelief.test\bin\Debug\netcoreapp2.0\ModelRelief.Test.dll" adapterTypeName="executor://xunit/VsTestRunner2/netcoreapp" className="ModelRelief.Test.Integration.Models.ModelsFileIntegrationTests" name="GetFile_ExistingFileReturnsSuccess" /></UnitTest><UnitTest name="Put_InvalidIdReturnsNotFound" storage="d:\github\modelrelief\modelrelief.test\bin\debug\netcoreapp2.0\modelrelief.test.dll" id="688b72be-3993-4e54-a4f3-1cee77fdf344"><Execution id="04656081-d4e1-4839-8547-f389a3d1afd5" /><TestMethod codeBase="d:\Github\ModelRelief\ModelRelief.test\bin\Debug\netcoreapp2.0\ModelRelief.Test.dll" adapterTypeName="executor://xunit/VsTestRunner2/netcoreapp" className="ModelRelief.Test.Integration.DepthBuffers.DepthBuffersBaseIntegrationTests" name="Put_InvalidIdReturnsNotFound" /></UnitTest><UnitTest name="Patch_InvalidPropertyNameReturnsBadRequest" storage="d:\github\modelrelief\modelrelief.test\bin\debug\netcoreapp2.0\modelrelief.test.dll" id="738fe2e8-0e5f-434a-b58d-a44bb568be6f"><Execution id="775cdc56-1537-4231-9523-bc1e53d47dc4" /><TestMethod codeBase="d:\Github\ModelRelief\ModelRelief.test\bin\Debug\netcoreapp2.0\ModelRelief.Test.dll" adapterTypeName="executor://xunit/VsTestRunner2/netcoreapp" className="ModelRelief.Test.Integration.Models.ModelsBaseIntegrationTests" name="Patch_InvalidPropertyNameReturnsBadRequest" /></UnitTest><UnitTest name="Patch_TargetPropertyIsUpdated" storage="d:\github\modelrelief\modelrelief.test\bin\debug\netcoreapp2.0\modelrelief.test.dll" id="21243e7e-4640-4995-97a5-76a1b9c122fe"><Execution id="637d5338-9d9e-4bb5-8896-5a793dbc18f5" /><TestMethod codeBase="d:\Github\ModelRelief\ModelRelief.test\bin\Debug\netcoreapp2.0\ModelRelief.Test.dll" adapterTypeName="executor://xunit/VsTestRunner2/netcoreapp" className="ModelRelief.Test.Integration.Meshes.MeshesBaseIntegrationTests" name="Patch_TargetPropertyIsUpdated" /></UnitTest><UnitTest name="Post_InvalidPropertyValueReturnsBadRequest" storage="d:\github\modelrelief\modelrelief.test\bin\debug\netcoreapp2.0\modelrelief.test.dll" id="971e4859-a93b-4cd4-9d5e-38369955d7fd"><Execution id="bddd90e5-6145-428e-9a05-d61259c1b58e" /><TestMethod codeBase="d:\Github\ModelRelief\ModelRelief.test\bin\Debug\netcoreapp2.0\ModelRelief.Test.dll" adapterTypeName="executor://xunit/VsTestRunner2/netcoreapp" className="ModelRelief.Test.Integration.Models.ModelsBaseIntegrationTests" name="Post_InvalidPropertyValueReturnsBadRequest" /></UnitTest><UnitTest name="GetSingle_ValidIdPropertyValueReturnsCorrectModel" storage="d:\github\modelrelief\modelrelief.test\bin\debug\netcoreapp2.0\modelrelief.test.dll" id="184f7c7f-5f3e-436f-818f-79cc37156daa"><Execution id="288ade33-770c-4ebd-8b6a-80b734d0aeb1" /><TestMethod codeBase="d:\Github\ModelRelief\ModelRelief.test\bin\Debug\netcoreapp2.0\ModelRelief.Test.dll" adapterTypeName="executor://xunit/VsTestRunner2/netcoreapp" className="ModelRelief.Test.Integration.Projects.ProjectsBaseIntegrationTests" name="GetSingle_ValidIdPropertyValueReturnsCorrectModel" /></UnitTest><UnitTest name="GetSingle_InvalidIdPropertyValueReturnsNotFound" storage="d:\github\modelrelief\modelrelief.test\bin\debug\netcoreapp2.0\modelrelief.test.dll" id="89a96e05-03ec-4372-8908-3ddc9b7aaea3"><Execution id="be916aae-816e-4c3d-b338-0d8654762fed" /><TestMethod codeBase="d:\Github\ModelRelief\ModelRelief.test\bin\Debug\netcoreapp2.0\ModelRelief.Test.dll" adapterTypeName="executor://xunit/VsTestRunner2/netcoreapp" className="ModelRelief.Test.Integration.Cameras.CamerasBaseIntegrationTests" name="GetSingle_InvalidIdPropertyValueReturnsNotFound" /></UnitTest><UnitTest name="Patch_InvalidEnumPropertyValueReturnsBadRequest" storage="d:\github\modelrelief\modelrelief.test\bin\debug\netcoreapp2.0\modelrelief.test.dll" id="d113e7c6-275c-447c-9b2d-2da97b0ea95b"><Execution id="0de441ff-3566-456e-b11e-f1d7bc2ef210" /><TestMethod codeBase="d:\Github\ModelRelief\ModelRelief.test\bin\Debug\netcoreapp2.0\ModelRelief.Test.dll" adapterTypeName="executor://xunit/VsTestRunner2/netcoreapp" className="ModelRelief.Test.Integration.DepthBuffers.DepthBuffersBaseIntegrationTests" name="Patch_InvalidEnumPropertyValueReturnsBadRequest" /></UnitTest><UnitTest name="Put_CanUpdateModel" storage="d:\github\modelrelief\modelrelief.test\bin\debug\netcoreapp2.0\modelrelief.test.dll" id="67b188d1-303c-4efc-b530-0e470e481406"><Execution id="6dea09c9-55dc-4948-aedd-65fd5ba7fd0e" /><TestMethod codeBase="d:\Github\ModelRelief\ModelRelief.test\bin\Debug\netcoreapp2.0\ModelRelief.Test.dll" adapterTypeName="executor://xunit/VsTestRunner2/netcoreapp" className="ModelRelief.Test.Integration.Cameras.CamerasBaseIntegrationTests" name="Put_CanUpdateModel" /></UnitTest><UnitTest name="Patch_TargetPropertyIsUpdated" storage="d:\github\modelrelief\modelrelief.test\bin\debug\netcoreapp2.0\modelrelief.test.dll" id="19831b92-e0b6-494f-8ac2-e338eb311ed6"><Execution id="c7a7252f-70b9-4410-84ea-8b24e953e7d0" /><TestMethod codeBase="d:\Github\ModelRelief\ModelRelief.test\bin\Debug\netcoreapp2.0\ModelRelief.Test.dll" adapterTypeName="executor://xunit/VsTestRunner2/netcoreapp" className="ModelRelief.Test.Integration.Models.ModelsBaseIntegrationTests" name="Patch_TargetPropertyIsUpdated" /></UnitTest><UnitTest name="Post_ValidReferencePropertyCreatesModel" storage="d:\github\modelrelief\modelrelief.test\bin\debug\netcoreapp2.0\modelrelief.test.dll" id="4ac63623-aabd-47f0-a728-50df95954687"><Execution id="ceae85b6-cf5d-471f-9cbc-bcd98685d528" /><TestMethod codeBase="d:\Github\ModelRelief\ModelRelief.test\bin\Debug\netcoreapp2.0\ModelRelief.Test.dll" adapterTypeName="executor://xunit/VsTestRunner2/netcoreapp" className="ModelRelief.Test.Integration.MeshTransforms.MeshTransformsBaseIntegrationTests" name="Post_ValidReferencePropertyCreatesModel" /></UnitTest><UnitTest name="Post_ValidReferencePropertyCreatesModel" storage="d:\github\modelrelief\modelrelief.test\bin\debug\netcoreapp2.0\modelrelief.test.dll" id="590fa139-c68d-4b53-9d90-75158ae4170e"><Execution id="7ead766e-03cc-41f9-a50d-564f175b1fe3" /><TestMethod codeBase="d:\Github\ModelRelief\ModelRelief.test\bin\Debug\netcoreapp2.0\ModelRelief.Test.dll" adapterTypeName="executor://xunit/VsTestRunner2/netcoreapp" className="ModelRelief.Test.Integration.Projects.ProjectsBaseIntegrationTests" name="Post_ValidReferencePropertyCreatesModel" /></UnitTest><UnitTest name="PostFile_FileTimeStampIsUpdatedAfterFileIsPosted" storage="d:\github\modelrelief\modelrelief.test\bin\debug\netcoreapp2.0\modelrelief.test.dll" id="32c4b2e8-bf1c-4191-8ee9-e63406ee4b10"><Execution id="bd9c2096-1306-4b8a-b587-080a6f63ce1d" /><TestMethod codeBase="d:\Github\ModelRelief\ModelRelief.test\bin\Debug\netcoreapp2.0\ModelRelief.Test.dll" adapterTypeName="executor://xunit/VsTestRunner2/netcoreapp" className="ModelRelief.Test.Integration.Models.ModelsFileIntegrationTests" name="PostFile_FileTimeStampIsUpdatedAfterFileIsPosted" /></UnitTest><UnitTest name="Put_CanUpdateModel" storage="d:\github\modelrelief\modelrelief.test\bin\debug\netcoreapp2.0\modelrelief.test.dll" id="9a53663e-a0c3-44e2-84d9-1bdc201a7640"><Execution id="a8cf4e71-e24e-4121-872f-dfba30639d64" /><TestMethod codeBase="d:\Github\ModelRelief\ModelRelief.test\bin\Debug\netcoreapp2.0\ModelRelief.Test.dll" adapterTypeName="executor://xunit/VsTestRunner2/netcoreapp" className="ModelRelief.Test.Integration.Models.ModelsBaseIntegrationTests" name="Put_CanUpdateModel" /></UnitTest><UnitTest name="Put_InvalidReferencePropertyReturndBadRequest" storage="d:\github\modelrelief\modelrelief.test\bin\debug\netcoreapp2.0\modelrelief.test.dll" id="d359e4dc-816e-47aa-8aa2-24bcdd90eff9"><Execution id="9a586f0a-9b28-4989-8280-429e4f8e36f7" /><TestMethod codeBase="d:\Github\ModelRelief\ModelRelief.test\bin\Debug\netcoreapp2.0\ModelRelief.Test.dll" adapterTypeName="executor://xunit/VsTestRunner2/netcoreapp" className="ModelRelief.Test.Integration.Projects.ProjectsBaseIntegrationTests" name="Put_InvalidReferencePropertyReturndBadRequest" /></UnitTest><UnitTest name="GetList_ListReturnsCorrectCount" storage="d:\github\modelrelief\modelrelief.test\bin\debug\netcoreapp2.0\modelrelief.test.dll" id="bb8cbc8b-f67e-460f-9226-426923b429c3"><Execution id="c9a84fd4-a181-48ee-b463-825c7c9fe83c" /><TestMethod codeBase="d:\Github\ModelRelief\ModelRelief.test\bin\Debug\netcoreapp2.0\ModelRelief.Test.dll" adapterTypeName="executor://xunit/VsTestRunner2/netcoreapp" className="ModelRelief.Test.Integration.DepthBuffers.DepthBuffersBaseIntegrationTests" name="GetList_ListReturnsCorrectCount" /></UnitTest><UnitTest name="Patch_InvalidReferencePropertyReturnsBadRequest" storage="d:\github\modelrelief\modelrelief.test\bin\debug\netcoreapp2.0\modelrelief.test.dll" id="8fbed324-2264-4134-8711-42bfb170adf7"><Execution id="d1b1e514-56fc-437e-bf48-f86a42c53e07" /><TestMethod codeBase="d:\Github\ModelRelief\ModelRelief.test\bin\Debug\netcoreapp2.0\ModelRelief.Test.dll" adapterTypeName="executor://xunit/VsTestRunner2/netcoreapp" className="ModelRelief.Test.Integration.Meshes.MeshesBaseIntegrationTests" name="Patch_InvalidReferencePropertyReturnsBadRequest" /></UnitTest><UnitTest name="Patch_InvalidPropertyNameReturnsBadRequest" storage="d:\github\modelrelief\modelrelief.test\bin\debug\netcoreapp2.0\modelrelief.test.dll" id="e5870519-2f22-4155-9341-7aebab04890c"><Execution id="bec4c019-ea46-4a25-b3f1-f21ad7584ba3" /><TestMethod codeBase="d:\Github\ModelRelief\ModelRelief.test\bin\Debug\netcoreapp2.0\ModelRelief.Test.dll" adapterTypeName="executor://xunit/VsTestRunner2/netcoreapp" className="ModelRelief.Test.Integration.MeshTransforms.MeshTransformsBaseIntegrationTests" name="Patch_InvalidPropertyNameReturnsBadRequest" /></UnitTest></TestDefinitions><TestEntries><TestEntry testId="2150108b-bb1b-4226-88a4-e72153024924" executionId="ee259d30-7740-44f6-9fa1-4907732204f8" testListId="8c84fa94-04c1-424b-9868-57a2d4851a1d" /><TestEntry testId="bb8cbc8b-f67e-460f-9226-426923b429c3" executionId="c9a84fd4-a181-48ee-b463-825c7c9fe83c" testListId="8c84fa94-04c1-424b-9868-57a2d4851a1d" /><TestEntry testId="7ab99c9a-badb-45fe-aff7-c71dcbd05668" executionId="412de40c-2763-493e-ba56-12b65dcb0d17" testListId="8c84fa94-04c1-424b-9868-57a2d4851a1d" /><TestEntry testId="0cb303df-26e7-4c88-a50a-2eae8271ece9" executionId="99318148-f511-4a47-ba42-b6f84963616e" testListId="8c84fa94-04c1-424b-9868-57a2d4851a1d" /><TestEntry testId="fda38d12-1b5e-47e1-89ea-b04e782e5540" executionId="87d3c743-d831-4629-adca-88a489061a30" testListId="8c84fa94-04c1-424b-9868-57a2d4851a1d" /><TestEntry testId="5acd094f-bedb-4eac-ad5d-a4e3d160d1b5" executionId="8b6996f7-1f17-40a4-9c3c-1155e1e7fd51" testListId="8c84fa94-04c1-424b-9868-57a2d4851a1d" /><TestEntry testId="603ebf58-898c-45ba-8c9c-c16e845e3dc5" executionId="8804e05b-fd15-4920-ace9-db58a5b0f666" testListId="8c84fa94-04c1-424b-9868-57a2d4851a1d" /><TestEntry testId="590fa139-c68d-4b53-9d90-75158ae4170e" executionId="7ead766e-03cc-41f9-a50d-564f175b1fe3" testListId="8c84fa94-04c1-424b-9868-57a2d4851a1d" /><TestEntry testId="21243e7e-4640-4995-97a5-76a1b9c122fe" executionId="637d5338-9d9e-4bb5-8896-5a793dbc18f5" testListId="8c84fa94-04c1-424b-9868-57a2d4851a1d" /><TestEntry testId="691c7233-1878-4a32-9208-6ec3aa7f0770" executionId="0a0d9e46-7c74-41c3-a1b0-21b9b67db7aa" testListId="8c84fa94-04c1-424b-9868-57a2d4851a1d" /><TestEntry testId="738fe2e8-0e5f-434a-b58d-a44bb568be6f" executionId="775cdc56-1537-4231-9523-bc1e53d47dc4" testListId="8c84fa94-04c1-424b-9868-57a2d4851a1d" /><TestEntry testId="fcea1115-621b-4644-83d5-2b0d7dbdd63a" executionId="014dcd8a-3722-45e0-847a-0ac2770988a3" testListId="8c84fa94-04c1-424b-9868-57a2d4851a1d" /><TestEntry testId="1a8c2940-fb2e-4b00-8cbd-3ac16bae6d90" executionId="17e57ec4-f0ca-4f6b-a628-c74e73ae67ba" testListId="8c84fa94-04c1-424b-9868-57a2d4851a1d" /><TestEntry testId="857ceca9-ccbd-4256-8916-e1552c087753" executionId="fc466fb6-0ed1-408e-8caf-940e878cacb9" testListId="8c84fa94-04c1-424b-9868-57a2d4851a1d" /><TestEntry testId="d58417f6-25a5-438b-b825-532f04847804" executionId="8c3c0f09-df3e-4890-9f01-f712d837ce86" testListId="8c84fa94-04c1-424b-9868-57a2d4851a1d" /><TestEntry testId="4a0991a2-ddb8-4ee7-bdba-0fe365620592" executionId="ecb8a5de-dbba-4776-aead-2d76c6d808e0" testListId="8c84fa94-04c1-424b-9868-57a2d4851a1d" /><TestEntry testId="3d0f0e0d-0aac-419b-9633-91c017323c24" executionId="5bcd59dd-b1a7-4986-92f5-ab559e544f94" testListId="8c84fa94-04c1-424b-9868-57a2d4851a1d" /><TestEntry testId="7b71202a-b110-4cb7-8a87-3e3a30aef9a1" executionId="447bea45-6329-488b-ba80-727e0162a244" testListId="8c84fa94-04c1-424b-9868-57a2d4851a1d" /><TestEntry testId="20ad9804-5cce-42ff-848a-8d481eab0f78" executionId="b237f46a-0199-4280-b62c-6906c07ba6dc" testListId="8c84fa94-04c1-424b-9868-57a2d4851a1d" /><TestEntry testId="cac0f3cc-8d59-468b-be66-69e5790e5e81" executionId="f4dc139a-b907-4df7-98b2-4fc79411c2ac" testListId="8c84fa94-04c1-424b-9868-57a2d4851a1d" /><TestEntry testId="e178f704-1480-4d71-8339-0752795cef23" executionId="16a9963e-f1a2-4a9b-83c1-e2489bb45514" testListId="8c84fa94-04c1-424b-9868-57a2d4851a1d" /><TestEntry testId="94a21e0f-72ec-4ba8-a92d-9948d4bf7c75" executionId="ba344e8e-142c-40e3-a29e-e8959f3e969f" testListId="8c84fa94-04c1-424b-9868-57a2d4851a1d" /><TestEntry testId="ff4c4c2f-9827-43da-b942-fa49f3106916" executionId="5601ca41-aab7-4b96-ae82-57a3f2d8caf6" testListId="8c84fa94-04c1-424b-9868-57a2d4851a1d" /><TestEntry testId="cc94f8ae-7018-403e-8467-cd91241cd1ef" executionId="17887982-52ac-4122-b77f-4e712b859025" testListId="8c84fa94-04c1-424b-9868-57a2d4851a1d" /><TestEntry testId="a3c5b4a1-1ba0-4ba7-9163-df778ac27902" executionId="19c44bb0-59c0-4c86-b818-d3aba64c66d0" testListId="8c84fa94-04c1-424b-9868-57a2d4851a1d" /><TestEntry testId="d7503c2b-50b2-4ea1-b4ae-310470ac1efa" executionId="5680ebd1-547e-433b-9abd-242ff34caa3c" testListId="8c84fa94-04c1-424b-9868-57a2d4851a1d" /><TestEntry testId="8fbed324-2264-4134-8711-42bfb170adf7" executionId="d1b1e514-56fc-437e-bf48-f86a42c53e07" testListId="8c84fa94-04c1-424b-9868-57a2d4851a1d" /><TestEntry testId="d359e4dc-816e-47aa-8aa2-24bcdd90eff9" executionId="9a586f0a-9b28-4989-8280-429e4f8e36f7" testListId="8c84fa94-04c1-424b-9868-57a2d4851a1d" /><TestEntry testId="3a7e6f89-1c23-495b-8254-ff6442ef6941" executionId="c1cdebf5-6d8d-49df-a40f-7a4987d540c9" testListId="8c84fa94-04c1-424b-9868-57a2d4851a1d" /><TestEntry testId="93d06134-0c29-4499-b5e6-7a1deb8e321f" executionId="4f57eb88-ca93-4fcb-9afd-6aadae9fa1d5" testListId="8c84fa94-04c1-424b-9868-57a2d4851a1d" /><TestEntry testId="d5f4331e-9e26-486c-a9f9-f43ba1c1eddf" executionId="8abbf3ac-cbbe-4e79-8103-e8f088e53b2b" testListId="8c84fa94-04c1-424b-9868-57a2d4851a1d" /><TestEntry testId="eaac79df-c8ba-4f6e-99d2-3f01e593f970" executionId="bc524f4f-20a2-4e9b-af76-d9ec14e5b4fb" testListId="8c84fa94-04c1-424b-9868-57a2d4851a1d" /><TestEntry testId="554a3f19-0413-481d-97ff-9142ecb06c8b" executionId="ea791820-e2cf-4ce4-a54e-413f8cdabd11" testListId="8c84fa94-04c1-424b-9868-57a2d4851a1d" /><TestEntry testId="d5e06bbc-e3aa-4f56-b44b-d1980bd49a8e" executionId="50c59988-82f0-4c9b-a04b-a97dd5f55fc8" testListId="8c84fa94-04c1-424b-9868-57a2d4851a1d" /><TestEntry testId="184f7c7f-5f3e-436f-818f-79cc37156daa" executionId="288ade33-770c-4ebd-8b6a-80b734d0aeb1" testListId="8c84fa94-04c1-424b-9868-57a2d4851a1d" /><TestEntry testId="749f7984-104e-4487-b65b-efc5d2667b08" executionId="e20f21e6-1a66-4aa4-acce-71755cb2437d" testListId="8c84fa94-04c1-424b-9868-57a2d4851a1d" /><TestEntry testId="818f22e0-0910-40e8-887d-449f273eb6ab" executionId="fbeed7db-d43e-4a28-9cc0-6f4d911c9983" testListId="8c84fa94-04c1-424b-9868-57a2d4851a1d" /><TestEntry testId="1c094563-0c12-4698-925b-2fbce6c3f781" executionId="804511f6-30fb-4565-ad5d-8f98269adab6" testListId="8c84fa94-04c1-424b-9868-57a2d4851a1d" /><TestEntry testId="e5870519-2f22-4155-9341-7aebab04890c" executionId="bec4c019-ea46-4a25-b3f1-f21ad7584ba3" testListId="8c84fa94-04c1-424b-9868-57a2d4851a1d" /><TestEntry testId="417fa9b7-fc44-4cb8-9c12-4fa8812647a7" executionId="4e6d3b47-5705-4baf-bb92-fbceb7970fbf" testListId="8c84fa94-04c1-424b-9868-57a2d4851a1d" /><TestEntry testId="2b6496f2-c2be-4e4a-8d63-bf945f899790" executionId="c1abad6d-99ad-4a8c-9615-32fabf4acf5f" testListId="8c84fa94-04c1-424b-9868-57a2d4851a1d" /><TestEntry testId="b4d05d95-542e-4f9c-8c92-20d1e85313e6" executionId="71a9b89a-40cc-4230-98a2-a5d951d67471" testListId="8c84fa94-04c1-424b-9868-57a2d4851a1d" /><TestEntry testId="36e75eba-67f7-4cbb-892c-c748b0cc2cf2" executionId="3d319e68-f9c8-4501-8fbf-4374c2ebd108" testListId="8c84fa94-04c1-424b-9868-57a2d4851a1d" /><TestEntry testId="e47635bc-b708-4eec-9465-6cf963cc88ae" executionId="2be8552e-9a2b-4d27-a6d5-0827e4a0ee90" testListId="8c84fa94-04c1-424b-9868-57a2d4851a1d" /><TestEntry testId="4bc34286-ed85-4034-8db3-70d65c57f643" executionId="d0e346c3-7ada-4639-a246-3b33abb0e741" testListId="8c84fa94-04c1-424b-9868-57a2d4851a1d" /><TestEntry testId="63c83c28-71e7-4675-baca-45f889ebe0f0" executionId="6b7974fb-23e4-46a3-8e1a-861211e20f4a" testListId="8c84fa94-04c1-424b-9868-57a2d4851a1d" /><TestEntry testId="50e37263-e1f5-496f-a9fe-ea94f5d027fa" executionId="02bda1cd-2586-4cf9-ab5b-251d673e41f3" testListId="8c84fa94-04c1-424b-9868-57a2d4851a1d" /><TestEntry testId="a4db34bf-befc-42ba-941c-c925d19ff6e3" executionId="426febc9-76f6-4029-bdb5-1e3499dab05e" testListId="8c84fa94-04c1-424b-9868-57a2d4851a1d" /><TestEntry testId="89a96e05-03ec-4372-8908-3ddc9b7aaea3" executionId="be916aae-816e-4c3d-b338-0d8654762fed" testListId="8c84fa94-04c1-424b-9868-57a2d4851a1d" /><TestEntry testId="d700acba-2cd2-4f29-847e-32e6a16515a6" executionId="bea94ccd-ef72-4c7b-910b-7a408c5db197" testListId="8c84fa94-04c1-424b-9868-57a2d4851a1d" /><TestEntry testId="1532370c-9e0d-43df-ba9f-ffa7f1ea28e3" executionId="1fb5e6d6-f0e9-456a-bf56-4594cb03a026" testListId="8c84fa94-04c1-424b-9868-57a2d4851a1d" /><TestEntry testId="fe80ed4b-cd96-45a7-9932-2f8bbba1729c" executionId="23556eda-36f8-43c3-be1a-d81a8521334c" testListId="8c84fa94-04c1-424b-9868-57a2d4851a1d" /><TestEntry testId="bd014933-4cea-480c-9734-94465801d6cf" executionId="30489628-bc9a-4736-83f5-575e7f57aa99" testListId="8c84fa94-04c1-424b-9868-57a2d4851a1d" /><TestEntry testId="7eadbf7d-0275-40d8-903d-30feed7f16a5" executionId="40b0986c-f696-496f-aff6-519b2bb22cce" testListId="8c84fa94-04c1-424b-9868-57a2d4851a1d" /><TestEntry testId="0c9d6463-6e05-494e-a0db-891d8e23bb0c" executionId="550d32e1-34a4-436c-8055-2a0d4a887105" testListId="8c84fa94-04c1-424b-9868-57a2d4851a1d" /><TestEntry testId="d4794031-73b3-4d49-9682-145e4ec0bb4c" executionId="67ff6093-5886-4d91-9e64-b5e799c71b6d" testListId="8c84fa94-04c1-424b-9868-57a2d4851a1d" /><TestEntry testId="3053d531-f318-4948-b2b6-a1c12ba54a42" executionId="7fd8eeba-69a7-40ca-898e-b91fe840a2a4" testListId="8c84fa94-04c1-424b-9868-57a2d4851a1d" /><TestEntry testId="42b88a3c-ff70-446d-a839-a126ea127f32" executionId="744289e0-877a-49c9-8835-4e14f444dab1" testListId="8c84fa94-04c1-424b-9868-57a2d4851a1d" /><TestEntry testId="047dea59-9546-47ac-9f51-1c8b8d8c41d4" executionId="510996e7-c830-4df1-9afc-b5fe47991f7c" testListId="8c84fa94-04c1-424b-9868-57a2d4851a1d" /><TestEntry testId="d4dd07b9-18cf-42f4-8f55-b31075e01cf3" executionId="ac339fa7-b1cf-4038-9f29-2fc746993f07" testListId="8c84fa94-04c1-424b-9868-57a2d4851a1d" /><TestEntry testId="fda2c886-f217-4aac-b9e5-0b470a93bcb8" executionId="105877a1-4e65-4bac-bfde-c3750b471d55" testListId="8c84fa94-04c1-424b-9868-57a2d4851a1d" /><TestEntry testId="c695484d-c934-461a-8631-3d8029b106d6" executionId="7bef3496-606b-4d54-a545-aa3103052e42" testListId="8c84fa94-04c1-424b-9868-57a2d4851a1d" /><TestEntry testId="485e6bee-9c8d-4ecd-94c3-08121f47e7aa" executionId="8527390b-5437-430c-8e07-4bd2fb459667" testListId="8c84fa94-04c1-424b-9868-57a2d4851a1d" /><TestEntry testId="5a71ca5d-e3b8-4b25-ac38-3610a3820fc4" executionId="3d3e1cb2-848e-4652-8dcf-19c51589258d" testListId="8c84fa94-04c1-424b-9868-57a2d4851a1d" /><TestEntry testId="147be97f-f55a-45e4-87c8-e28bd04e85d4" executionId="0cab4ee0-4ae0-455a-9bd2-31333c43b859" testListId="8c84fa94-04c1-424b-9868-57a2d4851a1d" /><TestEntry testId="32c4b2e8-bf1c-4191-8ee9-e63406ee4b10" executionId="bd9c2096-1306-4b8a-b587-080a6f63ce1d" testListId="8c84fa94-04c1-424b-9868-57a2d4851a1d" /><TestEntry testId="b68e465d-99f3-4738-ad96-6a6f408a6131" executionId="f5065bc0-94da-4086-9022-b55e7726daad" testListId="8c84fa94-04c1-424b-9868-57a2d4851a1d" /><TestEntry testId="caf7ca25-1168-4ecd-b546-88b97052da25" executionId="f3a56360-39dd-4bfb-a3f3-cd597155dece" testListId="8c84fa94-04c1-424b-9868-57a2d4851a1d" /><TestEntry testId="b0d3d2fc-8695-436d-99da-98d8b9eb6e24" executionId="fd3ce6da-11ce-4b0d-97f1-188886137d2f" testListId="8c84fa94-04c1-424b-9868-57a2d4851a1d" /><TestEntry testId="3b96e6b4-e136-44b1-842a-407056e4dea6" executionId="f4b17b17-76ff-4b18-a9c7-c284f6044b0b" testListId="8c84fa94-04c1-424b-9868-57a2d4851a1d" /><TestEntry testId="23d0017f-c509-4411-a0b8-58d9c16b45a4" executionId="b22d1c1b-c661-4684-a6b1-cdde4aad8e04" testListId="8c84fa94-04c1-424b-9868-57a2d4851a1d" /><TestEntry testId="a558d720-493b-47e3-8f2a-3a83897136fa" executionId="a73927e9-4924-42e3-b49e-04932745c7df" testListId="8c84fa94-04c1-424b-9868-57a2d4851a1d" /><TestEntry testId="d5fd5ce2-df95-4fb4-8b71-0d1e770bcec7" executionId="2b662e69-9f01-4f6c-82b0-9b3b0bbd7069" testListId="8c84fa94-04c1-424b-9868-57a2d4851a1d" /><TestEntry testId="13e797a8-81d6-42fb-93fc-f1a98c06ada3" executionId="6ba060c0-ae96-4a7f-8a2c-bc05bc0f9d5a" testListId="8c84fa94-04c1-424b-9868-57a2d4851a1d" /><TestEntry testId="0ce3caa1-a832-4ab9-84d0-aa86d71d6525" executionId="e7ca5250-7070-4149-8767-64d602fa9e77" testListId="8c84fa94-04c1-424b-9868-57a2d4851a1d" /><TestEntry testId="d46eb0b9-1edd-4dce-a32f-3986ab9860ea" executionId="7633ec1c-f5aa-436e-8d66-1c6fad1dfef7" testListId="8c84fa94-04c1-424b-9868-57a2d4851a1d" /><TestEntry testId="7737e0e1-ad65-4cc4-a871-347930ee9d3b" executionId="cdf1d3f7-c5b1-493c-aba9-765496f7e1cf" testListId="8c84fa94-04c1-424b-9868-57a2d4851a1d" /><TestEntry testId="4782edea-cf19-49a3-8bf0-ba256e33ec63" executionId="d724ee6e-9479-4531-b2d7-f40fcbf9173b" testListId="8c84fa94-04c1-424b-9868-57a2d4851a1d" /><TestEntry testId="19831b92-e0b6-494f-8ac2-e338eb311ed6" executionId="c7a7252f-70b9-4410-84ea-8b24e953e7d0" testListId="8c84fa94-04c1-424b-9868-57a2d4851a1d" /><TestEntry testId="688b72be-3993-4e54-a4f3-1cee77fdf344" executionId="04656081-d4e1-4839-8547-f389a3d1afd5" testListId="8c84fa94-04c1-424b-9868-57a2d4851a1d" /><TestEntry testId="3484ecec-664f-4e00-99d2-2928b456ff51" executionId="3673e44f-2e62-440d-a358-1b924baf7017" testListId="8c84fa94-04c1-424b-9868-57a2d4851a1d" /><TestEntry testId="69139a5a-38d2-4e2a-ad91-ba1cbeb6676d" executionId="0d5d590a-c8b9-4001-be45-2d01c6f8b376" testListId="8c84fa94-04c1-424b-9868-57a2d4851a1d" /><TestEntry testId="1ba249b3-5871-47c2-b770-6a69a54cc164" executionId="693551e3-a60e-44c2-9a6c-d9c950803f08" testListId="8c84fa94-04c1-424b-9868-57a2d4851a1d" /><TestEntry testId="4ac63623-aabd-47f0-a728-50df95954687" executionId="ceae85b6-cf5d-471f-9cbc-bcd98685d528" testListId="8c84fa94-04c1-424b-9868-57a2d4851a1d" /><TestEntry testId="71a1b0cc-3db6-4bb7-a476-7a55156ff49e" executionId="8a63b86e-033f-45e2-83dd-6360f9693cfa" testListId="8c84fa94-04c1-424b-9868-57a2d4851a1d" /><TestEntry testId="1e64b2ff-b598-45e5-a7c6-a64d5e15b3da" executionId="00d0bb58-ffba-494e-afa4-b0307de37de8" testListId="8c84fa94-04c1-424b-9868-57a2d4851a1d" /><TestEntry testId="4ee06d77-b2f9-4d97-a356-dd964e18a3c8" executionId="c896681c-b2b6-4a1c-8fab-91e2e9cdca82" testListId="8c84fa94-04c1-424b-9868-57a2d4851a1d" /><TestEntry testId="cbbdb32d-e81d-4cbc-acdb-5a9170373d15" executionId="f1676bf3-84bb-4f0c-bf25-60074f2caa86" testListId="8c84fa94-04c1-424b-9868-57a2d4851a1d" /><TestEntry testId="e41f3e6c-839a-4941-93c3-8afcf2beaafd" executionId="a938841b-dd0d-447f-9f11-e40036fed94c" testListId="8c84fa94-04c1-424b-9868-57a2d4851a1d" /><TestEntry testId="9a53663e-a0c3-44e2-84d9-1bdc201a7640" executionId="a8cf4e71-e24e-4121-872f-dfba30639d64" testListId="8c84fa94-04c1-424b-9868-57a2d4851a1d" /><TestEntry testId="7b62f289-8afe-4bba-b9e2-016d992a8027" executionId="a37a5386-55b9-4628-bd11-386bdded5afc" testListId="8c84fa94-04c1-424b-9868-57a2d4851a1d" /><TestEntry testId="11a691a1-a20b-490b-b2dc-db165b9e866f" executionId="ffa17421-8ab0-4d86-8f39-1070af6eb2ec" testListId="8c84fa94-04c1-424b-9868-57a2d4851a1d" /><TestEntry testId="ddde0122-9c22-42eb-b5f6-35fb02b21710" executionId="513201fa-d8bb-4e1e-a221-13e474bf3139" testListId="8c84fa94-04c1-424b-9868-57a2d4851a1d" /><TestEntry testId="8f40230b-8efa-4511-99a6-c4836041ab33" executionId="5c1271ee-264d-4015-859e-43bafede7fb0" testListId="8c84fa94-04c1-424b-9868-57a2d4851a1d" /><TestEntry testId="df5aa89d-54cf-432b-baee-d1e669c4acd6" executionId="a142ddd6-ddaa-47c7-b32f-7bcdd1b349d1" testListId="8c84fa94-04c1-424b-9868-57a2d4851a1d" /><TestEntry testId="b027a5dc-747b-4555-9840-398477d21a56" executionId="327f9c63-fa2b-47b7-8173-902b2d3f3281" testListId="8c84fa94-04c1-424b-9868-57a2d4851a1d" /><TestEntry testId="eaf0a420-ae91-4437-9e45-e15594a12dbd" executionId="775e21af-31e2-4f8d-aa48-9984a898a786" testListId="8c84fa94-04c1-424b-9868-57a2d4851a1d" /><TestEntry testId="7676412e-208d-4b99-9c82-91b7b2d1a85c" executionId="bc9be6ad-adbc-4d61-9349-fc0228eefbb0" testListId="8c84fa94-04c1-424b-9868-57a2d4851a1d" /><TestEntry testId="03e3c4cf-fa6a-4820-ad17-ad45e0fa80b3" executionId="e0d791e2-dc18-4a47-bc5f-7573723c6364" testListId="8c84fa94-04c1-424b-9868-57a2d4851a1d" /><TestEntry testId="0dc8bade-c16c-4e32-bed9-1dbf0ae764a5" executionId="126066e5-b8d9-4179-9cc5-ce0626f8d634" testListId="8c84fa94-04c1-424b-9868-57a2d4851a1d" /><TestEntry testId="897449a8-5460-4c05-a9b7-4abf4746b36b" executionId="6ea66558-a94d-4841-b4e8-0fc944d0996b" testListId="8c84fa94-04c1-424b-9868-57a2d4851a1d" /><TestEntry testId="876e836c-c901-423c-80fc-7ff6f749c626" executionId="02ff6c19-6ae2-400c-9f67-e354e221c16c" testListId="8c84fa94-04c1-424b-9868-57a2d4851a1d" /><TestEntry testId="81cb6773-e140-456d-a2ee-1b9609fd9eb6" executionId="3f272730-2e27-42a4-9794-4c06b811bbed" testListId="8c84fa94-04c1-424b-9868-57a2d4851a1d" /><TestEntry testId="207333be-3543-44eb-8169-4ce2c610d1dd" executionId="7ce530aa-2a8f-4fb8-872f-edafa90ec2a5" testListId="8c84fa94-04c1-424b-9868-57a2d4851a1d" /><TestEntry testId="e963dc51-639c-4d63-bb20-6b31f48e8f9d" executionId="3cff46ee-0a9d-49d5-813e-064464498ef9" testListId="8c84fa94-04c1-424b-9868-57a2d4851a1d" /><TestEntry testId="47578410-cfbd-4098-9d41-57398a5ffe0a" executionId="9f0093fa-f056-4043-b010-eafc847411f3" testListId="8c84fa94-04c1-424b-9868-57a2d4851a1d" /><TestEntry testId="1f1974af-af66-4e43-aa9b-2101b4c06596" executionId="448da5d9-d825-4c1b-a537-03c6dc05c329" testListId="8c84fa94-04c1-424b-9868-57a2d4851a1d" /><TestEntry testId="30bf6aeb-30d3-422a-95be-33508b2704d2" executionId="863edf5b-4d26-415b-8cca-7abd381d8ea5" testListId="8c84fa94-04c1-424b-9868-57a2d4851a1d" /><TestEntry testId="1d2c8531-3625-4f18-8d8b-e26116b9400d" executionId="0d2690a4-157d-4adb-8612-224d6f3c6c55" testListId="8c84fa94-04c1-424b-9868-57a2d4851a1d" /><TestEntry testId="0d5681aa-73f9-4d5b-b2ce-7a76c63ba5a7" executionId="0e30b777-03fd-4eb2-a82a-03da6cb124be" testListId="8c84fa94-04c1-424b-9868-57a2d4851a1d" /><TestEntry testId="41d4e41c-7df0-415c-b194-14e6ee0ebd73" executionId="4fdf0238-e639-411a-94af-c65f1f8cc923" testListId="8c84fa94-04c1-424b-9868-57a2d4851a1d" /><TestEntry testId="bad23c28-c91a-4adf-9973-0891bc2a98e5" executionId="7df9b850-c329-4647-9546-489ae6d4e298" testListId="8c84fa94-04c1-424b-9868-57a2d4851a1d" /><TestEntry testId="6ae3402b-f8ea-4227-bca6-531899249d51" executionId="a661b261-6ff7-4a61-8c31-6df140b23f18" testListId="8c84fa94-04c1-424b-9868-57a2d4851a1d" /><TestEntry testId="cee80131-d3b1-49bd-8a4b-b01f4a876fde" executionId="be4f862e-885f-4eaa-910f-7eff93a7d91f" testListId="8c84fa94-04c1-424b-9868-57a2d4851a1d" /><TestEntry testId="39941b4c-e9ae-4275-ad05-6d659c5b2a20" executionId="055f60d5-2216-434d-a619-e62cad623b7c" testListId="8c84fa94-04c1-424b-9868-57a2d4851a1d" /><TestEntry testId="0329db49-6ca1-4175-b28b-c5d95318da5f" executionId="b61f32b5-e26b-422b-afd5-bd5c6258ecb9" testListId="8c84fa94-04c1-424b-9868-57a2d4851a1d" /><TestEntry testId="e52564db-51ed-4ce6-a8aa-92ec23554b99" executionId="8f32bf84-46c0-47e3-92df-d22633b1b040" testListId="8c84fa94-04c1-424b-9868-57a2d4851a1d" /><TestEntry testId="5efcd25c-6e4b-4842-8f85-13f3de723db8" executionId="39be199e-ba24-4159-b5df-b32e12b0fa54" testListId="8c84fa94-04c1-424b-9868-57a2d4851a1d" /><TestEntry testId="e2f4e137-23c1-434e-9734-6c7155094acb" executionId="c2875f99-aafa-49d1-8b1f-896fcae5c619" testListId="8c84fa94-04c1-424b-9868-57a2d4851a1d" /><TestEntry testId="2d976382-16d8-4e3b-9744-af141483dc59" executionId="0e81b54a-37f3-4bb8-ba4c-ba2e44bfc81c" testListId="8c84fa94-04c1-424b-9868-57a2d4851a1d" /><TestEntry testId="c6cecd06-72d6-41ae-88d7-2bac64e48462" executionId="6bf7beef-914f-4299-a83a-75fec2bc7997" testListId="8c84fa94-04c1-424b-9868-57a2d4851a1d" /><TestEntry testId="67b188d1-303c-4efc-b530-0e470e481406" executionId="6dea09c9-55dc-4948-aedd-65fd5ba7fd0e" testListId="8c84fa94-04c1-424b-9868-57a2d4851a1d" /><TestEntry testId="498ba037-3183-4f9b-8c8c-1d95a1f441cb" executionId="d8e773c8-8fd8-45cf-85fe-d6223769df9f" testListId="8c84fa94-04c1-424b-9868-57a2d4851a1d" /><TestEntry testId="634363ce-5fca-47da-9fa0-4a0dd356545e" executionId="16da2229-648a-4392-ade0-fb178759c00a" testListId="8c84fa94-04c1-424b-9868-57a2d4851a1d" /><TestEntry testId="8cfcad7d-8d50-4cb3-b476-ad485f47779a" executionId="1b3134d7-2fa2-44f9-93f8-76f85905ad39" testListId="8c84fa94-04c1-424b-9868-57a2d4851a1d" /><TestEntry testId="24f03738-cf10-483b-a71f-1f3732f39343" executionId="2ac3130e-1d24-4f77-849a-d28f180ac58b" testListId="8c84fa94-04c1-424b-9868-57a2d4851a1d" /><TestEntry testId="44c63347-716a-4668-8406-f54cc8ab9059" executionId="84c0d813-aa6a-4743-920b-39a2704d112c" testListId="8c84fa94-04c1-424b-9868-57a2d4851a1d" /><TestEntry testId="f04f13d5-f837-4348-8274-d2d47e09c917" executionId="e53c79d8-dcdf-4b0e-bf68-cc642662dee1" testListId="8c84fa94-04c1-424b-9868-57a2d4851a1d" /><TestEntry testId="28e83884-32f0-475a-b941-6bb03098cfd8" executionId="22643e4f-362c-4a09-b38c-20d3ef39543e" testListId="8c84fa94-04c1-424b-9868-57a2d4851a1d" /><TestEntry testId="038b8eb4-8770-4135-bd59-ba6d029caf6e" executionId="aa31a797-5a7c-43ef-bfa1-ac6d0558289e" testListId="8c84fa94-04c1-424b-9868-57a2d4851a1d" /><TestEntry testId="5bcacd42-0576-4c84-b8db-1c0ad16564f3" executionId="6645eded-41f4-4ae0-ac6b-0d6681f66f96" testListId="8c84fa94-04c1-424b-9868-57a2d4851a1d" /><TestEntry testId="da7e2b7c-fe5c-43b2-aad3-2cc22f5c23c4" executionId="cb1f848a-7d7e-423c-923a-8be7438c1328" testListId="8c84fa94-04c1-424b-9868-57a2d4851a1d" /><TestEntry testId="c139ec28-b76c-4bb3-8360-005e6a51c7f7" executionId="59873c3f-5d05-41d0-a57f-3ab6bd5d1d6e" testListId="8c84fa94-04c1-424b-9868-57a2d4851a1d" /><TestEntry testId="840088df-412f-4e9f-ad3f-98c89ad0876b" executionId="c346a3c6-9fc8-4632-88a7-d39783b4ac12" testListId="8c84fa94-04c1-424b-9868-57a2d4851a1d" /><TestEntry testId="ddd6d07b-d5b9-4105-8be3-cb148c2c74e0" executionId="e8d9e7e5-1169-476a-8888-05644cefe0c0" testListId="8c84fa94-04c1-424b-9868-57a2d4851a1d" /><TestEntry testId="2218a90c-bfd1-4877-a1f2-052ab48ad282" executionId="2be74f9b-a6f7-4cee-873b-0dc1addae9ca" testListId="8c84fa94-04c1-424b-9868-57a2d4851a1d" /><TestEntry testId="51c47e9d-98b7-4fde-8a21-328a037a5cc0" executionId="578834b5-532a-4009-88e9-671d74884aaa" testListId="8c84fa94-04c1-424b-9868-57a2d4851a1d" /><TestEntry testId="59a3d7a5-2067-4b77-9c67-0371f891b5a4" executionId="8e45c22a-6093-48a7-b6d2-0426ba23beeb" testListId="8c84fa94-04c1-424b-9868-57a2d4851a1d" /><TestEntry testId="977de56b-d313-4c2d-9e5e-0de46d75240f" executionId="2faded18-3c34-4026-85f9-358bd4aac958" testListId="8c84fa94-04c1-424b-9868-57a2d4851a1d" /><TestEntry testId="ad8b416e-03b3-41c9-bf98-2d751e3b3858" executionId="6cebb94d-c635-4f8d-9157-64a3e50d7fe4" testListId="8c84fa94-04c1-424b-9868-57a2d4851a1d" /><TestEntry testId="c492890c-b26d-489d-aa25-56db65464dd3" executionId="3cf20053-98a7-454e-ba97-308ea50b8472" testListId="8c84fa94-04c1-424b-9868-57a2d4851a1d" /><TestEntry testId="31da1d3e-e23e-4553-adb1-a3d1fe3bcfc3" executionId="24f36175-e6b5-4e79-a9d7-b8ed10aedbdc" testListId="8c84fa94-04c1-424b-9868-57a2d4851a1d" /><TestEntry testId="d113e7c6-275c-447c-9b2d-2da97b0ea95b" executionId="0de441ff-3566-456e-b11e-f1d7bc2ef210" testListId="8c84fa94-04c1-424b-9868-57a2d4851a1d" /><TestEntry testId="38fd2c5d-53ca-42ad-b927-87815aae09db" executionId="f5f123ac-26eb-4e99-8a85-7b09a371d789" testListId="8c84fa94-04c1-424b-9868-57a2d4851a1d" /><TestEntry testId="93924a94-a27e-45aa-be2e-8a1853475751" executionId="807558be-679f-4fb5-96eb-5ad5789381f8" testListId="8c84fa94-04c1-424b-9868-57a2d4851a1d" /><TestEntry testId="b3db1dc3-5b1c-454a-9481-eb8391cb3a62" executionId="dba01be2-ae24-4d6d-b3d0-5d658bd5133f" testListId="8c84fa94-04c1-424b-9868-57a2d4851a1d" /><TestEntry testId="3fec3a12-7d9b-4f35-b2a2-cabe7fe12cba" executionId="0174d3eb-6909-4302-8a08-cf799f7e6c30" testListId="8c84fa94-04c1-424b-9868-57a2d4851a1d" /><TestEntry testId="8d243d3c-d45d-4930-933e-807cd0ae16a6" executionId="eb6667bf-c804-4f23-bae4-7f5957e3aa82" testListId="8c84fa94-04c1-424b-9868-57a2d4851a1d" /><TestEntry testId="00c2f359-7553-4508-a5ca-23bfc555ca80" executionId="d914d60a-2e3e-4171-95c1-4c019de200f1" testListId="8c84fa94-04c1-424b-9868-57a2d4851a1d" /><TestEntry testId="971e4859-a93b-4cd4-9d5e-38369955d7fd" executionId="bddd90e5-6145-428e-9a05-d61259c1b58e" testListId="8c84fa94-04c1-424b-9868-57a2d4851a1d" /><TestEntry testId="f432712c-e7c8-46bc-a582-d5455f015218" executionId="98049333-844d-47b0-8dab-eaa9c261c26c" testListId="8c84fa94-04c1-424b-9868-57a2d4851a1d" /></TestEntries><TestLists><TestList name="Results Not in a List" id="8c84fa94-04c1-424b-9868-57a2d4851a1d" /><TestList name="All Loaded Results" id="19431567-8539-422a-85d7-44ee4e166bda" /></TestLists><ResultSummary outcome="Completed"><Counters total="151" executed="151" passed="151" failed="0" error="0" timeout="0" aborted="0" inconclusive="0" passedButRunAborted="0" notRunnable="0" notExecuted="0" disconnected="0" warning="0" completed="0" inProgress="0" pending="0" /><Output><StdOut>[xUnit.net 00:00:01.1916890]   Discovering: ModelRelief.Test[xUnit.net 00:00:01.3069681]   Discovered:  ModelRelief.Test[xUnit.net 00:00:01.3138983]   Starting:    ModelRelief.Test[xUnit.net 00:00:34.4897046]   Finished:    ModelRelief.Test</StdOut></Output></ResultSummary></TestRun>