<?xml version="1.0" encoding="utf-8"?><TestRun id="218ef2b2-5d8b-40a0-a6a3-64ee94ed3c3d" name="Steve Knipmeyer@VECTOR 2018-08-14 05:06:30" runUser="VECTOR\Steve Knipmeyer" xmlns="http://microsoft.com/schemas/VisualStudio/TeamTest/2010"><Times creation="2018-08-14T05:06:30.7072513-04:00" queuing="2018-08-14T05:06:30.7072613-04:00" start="2018-08-14T05:06:15.7717604-04:00" finish="2018-08-14T05:06:48.3858215-04:00" /><TestSettings name="default" id="8327af09-eed8-4eb6-bb49-dc13f0dfb79f"><Deployment runDeploymentRoot="Steve_Knipmeyer_VECTOR_2018-08-14_05_06_30" /></TestSettings><Results><UnitTestResult executionId="0bfd087f-1a94-4ad4-b3cb-df581d021048" testId="7f0b2b87-28ad-46f8-96c4-23af7cf1838d" testName="DepthBufferHasExpectedDependentFiles" computerName="VECTOR" duration="00:00:00.0010000" startTime="2018-08-14T05:06:29.9364569-04:00" endTime="2018-08-14T05:06:29.9364656-04:00" testType="13cdc9d9-ddb5-4fa4-a97d-d965ccfc6d4b" outcome="Passed" testListId="8c84fa94-04c1-424b-9868-57a2d4851a1d" relativeResultsDirectory="0bfd087f-1a94-4ad4-b3cb-df581d021048" /><UnitTestResult executionId="1ea10168-4ab4-4c10-a526-553b7232bbbe" testId="e9589406-dcf8-49c8-8eb2-8be80f406d2b" testName="Post_InvalidPropertyValueReturnsBadRequest" computerName="VECTOR" duration="00:00:00.0150000" startTime="2018-08-14T05:06:48.0694396-04:00" endTime="2018-08-14T05:06:48.0694462-04:00" testType="13cdc9d9-ddb5-4fa4-a97d-d965ccfc6d4b" outcome="Passed" testListId="8c84fa94-04c1-424b-9868-57a2d4851a1d" relativeResultsDirectory="1ea10168-4ab4-4c10-a526-553b7232bbbe" /><UnitTestResult executionId="b1c66adb-07dc-44a5-a805-6527226ab4b8" testId="cc4adee3-f816-4859-a20a-570e33bd52de" testName="Put_InvalidIdReturnsNotFound" computerName="VECTOR" duration="00:00:00.0220000" startTime="2018-08-14T05:06:47.7915424-04:00" endTime="2018-08-14T05:06:47.7915490-04:00" testType="13cdc9d9-ddb5-4fa4-a97d-d965ccfc6d4b" outcome="Passed" testListId="8c84fa94-04c1-424b-9868-57a2d4851a1d" relativeResultsDirectory="b1c66adb-07dc-44a5-a805-6527226ab4b8" /><UnitTestResult executionId="128687e2-4cc0-4cc6-9f42-24d8e9fcaafc" testId="862d54ed-84c2-41c5-8f3b-f63cf1e3a743" testName="Patch_InvalidIdPropertyReturnsNotFound" computerName="VECTOR" duration="00:00:00.0150000" startTime="2018-08-14T05:06:48.0393057-04:00" endTime="2018-08-14T05:06:48.0393101-04:00" testType="13cdc9d9-ddb5-4fa4-a97d-d965ccfc6d4b" outcome="Passed" testListId="8c84fa94-04c1-424b-9868-57a2d4851a1d" relativeResultsDirectory="128687e2-4cc0-4cc6-9f42-24d8e9fcaafc" /><UnitTestResult executionId="5ff0356c-9069-476f-82e0-9ae5874d0401" testId="6e40898a-15ae-42f0-913a-14f55405bbee" testName="Post_CanCreateNewModel" computerName="VECTOR" duration="00:00:00.0190000" startTime="2018-08-14T05:06:31.0167899-04:00" endTime="2018-08-14T05:06:31.0167955-04:00" testType="13cdc9d9-ddb5-4fa4-a97d-d965ccfc6d4b" outcome="Passed" testListId="8c84fa94-04c1-424b-9868-57a2d4851a1d" relativeResultsDirectory="5ff0356c-9069-476f-82e0-9ae5874d0401" /><UnitTestResult executionId="12f84169-062a-4ad8-9373-84858002491a" testId="89f798d9-27dd-48c4-8183-de83cc4134c0" testName="Post_InvalidPropertyValueReturnsBadRequest" computerName="VECTOR" duration="00:00:00.0150000" startTime="2018-08-14T05:06:33.7770874-04:00" endTime="2018-08-14T05:06:33.7770940-04:00" testType="13cdc9d9-ddb5-4fa4-a97d-d965ccfc6d4b" outcome="Passed" testListId="8c84fa94-04c1-424b-9868-57a2d4851a1d" relativeResultsDirectory="12f84169-062a-4ad8-9373-84858002491a" /><UnitTestResult executionId="bf5895d2-c847-4cf2-945e-b1f6d3695f17" testId="63e0a0c7-7ba3-4e8c-8250-20516731aad6" testName="Patch_TargetPropertyIsUpdated" computerName="VECTOR" duration="00:00:00.0620000" startTime="2018-08-14T05:06:36.5544612-04:00" endTime="2018-08-14T05:06:36.5544678-04:00" testType="13cdc9d9-ddb5-4fa4-a97d-d965ccfc6d4b" outcome="Passed" testListId="8c84fa94-04c1-424b-9868-57a2d4851a1d" relativeResultsDirectory="bf5895d2-c847-4cf2-945e-b1f6d3695f17" /><UnitTestResult executionId="bf32beaa-2db5-46bf-afa2-2708a07117a8" testId="490c3715-fb6d-41f9-9ee9-53183e195a35" testName="PostFile_FileTimeStampIsUpdatedAfterFileIsPosted" computerName="VECTOR" duration="00:00:00.0110000" startTime="2018-08-14T05:06:32.2489545-04:00" endTime="2018-08-14T05:06:32.2489585-04:00" testType="13cdc9d9-ddb5-4fa4-a97d-d965ccfc6d4b" outcome="Passed" testListId="8c84fa94-04c1-424b-9868-57a2d4851a1d" relativeResultsDirectory="bf32beaa-2db5-46bf-afa2-2708a07117a8" /><UnitTestResult executionId="bad371fb-ae9e-46e2-8ab2-1c3718338147" testId="88994012-5e01-43e4-b2ca-5180a739e59c" testName="GetFile_NonExistentFileReturnsNotFound" computerName="VECTOR" duration="00:00:00.0190000" startTime="2018-08-14T05:06:33.1577862-04:00" endTime="2018-08-14T05:06:33.1577919-04:00" testType="13cdc9d9-ddb5-4fa4-a97d-d965ccfc6d4b" outcome="Passed" testListId="8c84fa94-04c1-424b-9868-57a2d4851a1d" relativeResultsDirectory="bad371fb-ae9e-46e2-8ab2-1c3718338147" /><UnitTestResult executionId="a0785027-9483-4586-9d3e-c343417fd8b0" testId="cd11331f-8a40-4326-a912-465692e8cf10" testName="Put_CanUpdateModel" computerName="VECTOR" duration="00:00:00.0510000" startTime="2018-08-14T05:06:45.5478519-04:00" endTime="2018-08-14T05:06:45.5478582-04:00" testType="13cdc9d9-ddb5-4fa4-a97d-d965ccfc6d4b" outcome="Passed" testListId="8c84fa94-04c1-424b-9868-57a2d4851a1d" relativeResultsDirectory="a0785027-9483-4586-9d3e-c343417fd8b0" /><UnitTestResult executionId="caba84e5-84e1-492c-979b-5749db8224d7" testId="9b48299d-23f1-4b95-a229-15076bc0076b" testName="Patch_InvalidIdPropertyReturnsNotFound" computerName="VECTOR" duration="00:00:00.0160000" startTime="2018-08-14T05:06:33.8372085-04:00" endTime="2018-08-14T05:06:33.8372143-04:00" testType="13cdc9d9-ddb5-4fa4-a97d-d965ccfc6d4b" outcome="Passed" testListId="8c84fa94-04c1-424b-9868-57a2d4851a1d" relativeResultsDirectory="caba84e5-84e1-492c-979b-5749db8224d7" /><UnitTestResult executionId="63985b5f-c641-4e01-85a1-5378944b8b17" testId="d3b202f7-7621-478d-8599-58011cd51e85" testName="Patch_ValidReferencePropertyUpdatesModel" computerName="VECTOR" duration="00:00:00.0600000" startTime="2018-08-14T05:06:48.1301065-04:00" endTime="2018-08-14T05:06:48.1301127-04:00" testType="13cdc9d9-ddb5-4fa4-a97d-d965ccfc6d4b" outcome="Passed" testListId="8c84fa94-04c1-424b-9868-57a2d4851a1d" relativeResultsDirectory="63985b5f-c641-4e01-85a1-5378944b8b17" /><UnitTestResult executionId="dd8d13bd-5cc1-469f-925d-dbab949e3554" testId="f6e402bc-6445-479f-93a5-3ef6e8deb071" testName="Post_InvalidReferencePropertyReturnsBadRequest" computerName="VECTOR" duration="00:00:00.0090000" startTime="2018-08-14T05:06:30.6840146-04:00" endTime="2018-08-14T05:06:30.6840174-04:00" testType="13cdc9d9-ddb5-4fa4-a97d-d965ccfc6d4b" outcome="Passed" testListId="8c84fa94-04c1-424b-9868-57a2d4851a1d" relativeResultsDirectory="dd8d13bd-5cc1-469f-925d-dbab949e3554" /><UnitTestResult executionId="4a446be7-67ff-47c5-be25-084ebd8b3770" testId="ee487b51-37ff-4005-ad03-c1dca87ef74e" testName="Delete_TargetModelIsDeleted" computerName="VECTOR" duration="00:00:00.1340000" startTime="2018-08-14T05:06:33.5662112-04:00" endTime="2018-08-14T05:06:33.5662176-04:00" testType="13cdc9d9-ddb5-4fa4-a97d-d965ccfc6d4b" outcome="Passed" testListId="8c84fa94-04c1-424b-9868-57a2d4851a1d" relativeResultsDirectory="4a446be7-67ff-47c5-be25-084ebd8b3770" /><UnitTestResult executionId="e862bd24-9e53-4935-9b40-e7ac66081e8b" testId="47e63242-3766-4fb1-b1fd-82659d588a06" testName="GetFile_ExistingFileReturnsSuccess" computerName="VECTOR" duration="00:00:00.0350000" startTime="2018-08-14T05:06:45.5835726-04:00" endTime="2018-08-14T05:06:45.5835801-04:00" testType="13cdc9d9-ddb5-4fa4-a97d-d965ccfc6d4b" outcome="Passed" testListId="8c84fa94-04c1-424b-9868-57a2d4851a1d" relativeResultsDirectory="e862bd24-9e53-4935-9b40-e7ac66081e8b" /><UnitTestResult executionId="12d85015-908e-450a-a5b3-251f28360c60" testId="bc2d617a-2dc0-491b-ab11-ff3662c94802" testName="Patch_ValidReferencePropertyUpdatesModel" computerName="VECTOR" duration="00:00:00.7120000" startTime="2018-08-14T05:06:35.8912710-04:00" endTime="2018-08-14T05:06:35.8912776-04:00" testType="13cdc9d9-ddb5-4fa4-a97d-d965ccfc6d4b" outcome="Passed" testListId="8c84fa94-04c1-424b-9868-57a2d4851a1d" relativeResultsDirectory="12d85015-908e-450a-a5b3-251f28360c60" /><UnitTestResult executionId="93b98c3e-199a-4456-80f6-996a437890ed" testId="40a6a5e7-5a2d-4930-b50b-7dbadb001392" testName="Put_ValidReferencePropertyUpdatesModel" computerName="VECTOR" duration="00:00:00.0090000" startTime="2018-08-14T05:06:30.9889805-04:00" endTime="2018-08-14T05:06:30.9889840-04:00" testType="13cdc9d9-ddb5-4fa4-a97d-d965ccfc6d4b" outcome="Passed" testListId="8c84fa94-04c1-424b-9868-57a2d4851a1d" relativeResultsDirectory="93b98c3e-199a-4456-80f6-996a437890ed" /><UnitTestResult executionId="d2913d0e-f025-4df4-9ece-47a15aef914a" testId="160f359a-30d9-4410-8980-af2b556a8eed" testName="LucyDepthBufferFindsOneDependent" computerName="VECTOR" duration="00:00:00.0050000" startTime="2018-08-14T05:06:29.9360927-04:00" endTime="2018-08-14T05:06:29.9360954-04:00" testType="13cdc9d9-ddb5-4fa4-a97d-d965ccfc6d4b" outcome="Passed" testListId="8c84fa94-04c1-424b-9868-57a2d4851a1d" relativeResultsDirectory="d2913d0e-f025-4df4-9ece-47a15aef914a" /><UnitTestResult executionId="b0b36afc-069d-4693-a618-a114a6aa75df" testId="6ebc7fce-e6c0-44f7-a182-d81db818abbb" testName="LucyModel3dHasTwoDependents" computerName="VECTOR" duration="00:00:00.4360000" startTime="2018-08-14T05:06:29.9204470-04:00" endTime="2018-08-14T05:06:29.9204533-04:00" testType="13cdc9d9-ddb5-4fa4-a97d-d965ccfc6d4b" outcome="Passed" testListId="8c84fa94-04c1-424b-9868-57a2d4851a1d" relativeResultsDirectory="b0b36afc-069d-4693-a618-a114a6aa75df" /><UnitTestResult executionId="8b5d7938-5091-457d-a5b6-a853a8a8f782" testId="34dad865-5b59-4027-ae63-6f062a3685bc" testName="FileRequest_FileCanBeReadAfterRename" computerName="VECTOR" duration="00:00:00.1150000" startTime="2018-08-14T05:06:47.0732097-04:00" endTime="2018-08-14T05:06:47.0732156-04:00" testType="13cdc9d9-ddb5-4fa4-a97d-d965ccfc6d4b" outcome="Passed" testListId="8c84fa94-04c1-424b-9868-57a2d4851a1d" relativeResultsDirectory="8b5d7938-5091-457d-a5b6-a853a8a8f782" /><UnitTestResult executionId="7ab02942-68eb-44d4-b1f5-648904d5812d" testId="dc299527-b314-4589-bd79-4e55afb94744" testName="Patch_ValidReferencePropertyUpdatesModel" computerName="VECTOR" duration="00:00:00.0620000" startTime="2018-08-14T05:06:45.4496892-04:00" endTime="2018-08-14T05:06:45.4496953-04:00" testType="13cdc9d9-ddb5-4fa4-a97d-d965ccfc6d4b" outcome="Passed" testListId="8c84fa94-04c1-424b-9868-57a2d4851a1d" relativeResultsDirectory="7ab02942-68eb-44d4-b1f5-648904d5812d" /><UnitTestResult executionId="8826a2a9-4cfc-4f61-ac0e-6bc7c54c4767" testId="568cf919-df50-418f-bd89-663350ab1af4" testName="GetFile_ExistingFileReturnsSuccess" computerName="VECTOR" duration="00:00:00.0680000" startTime="2018-08-14T05:06:39.3410915-04:00" endTime="2018-08-14T05:06:39.3410982-04:00" testType="13cdc9d9-ddb5-4fa4-a97d-d965ccfc6d4b" outcome="Passed" testListId="8c84fa94-04c1-424b-9868-57a2d4851a1d" relativeResultsDirectory="8826a2a9-4cfc-4f61-ac0e-6bc7c54c4767" /><UnitTestResult executionId="1558e824-650a-4131-a6b2-5283b3abc4f9" testId="59ec7eea-0244-445f-8b40-4aadd9780263" testName="Put_ValidReferencePropertyUpdatesModel" computerName="VECTOR" duration="00:00:00.0600000" startTime="2018-08-14T05:06:48.2139844-04:00" endTime="2018-08-14T05:06:48.2139903-04:00" testType="13cdc9d9-ddb5-4fa4-a97d-d965ccfc6d4b" outcome="Passed" testListId="8c84fa94-04c1-424b-9868-57a2d4851a1d" relativeResultsDirectory="1558e824-650a-4131-a6b2-5283b3abc4f9" /><UnitTestResult executionId="87dd0ab6-91e5-48ba-9b4e-236b26c4e5e5" testId="c4d990e6-7c47-43f1-b617-278bcab20a01" testName="Patch_InvalidIdPropertyReturnsNotFound" computerName="VECTOR" duration="00:00:00.0140000" startTime="2018-08-14T05:06:31.1871616-04:00" endTime="2018-08-14T05:06:31.1871660-04:00" testType="13cdc9d9-ddb5-4fa4-a97d-d965ccfc6d4b" outcome="Passed" testListId="8c84fa94-04c1-424b-9868-57a2d4851a1d" relativeResultsDirectory="87dd0ab6-91e5-48ba-9b4e-236b26c4e5e5" /><UnitTestResult executionId="03887738-b19b-4f5f-b99b-c8ebd99df514" testId="061c3cee-7e7c-4e73-b658-49f16ec585c0" testName="Put_InvalidIdReturnsNotFound" computerName="VECTOR" duration="00:00:00.2380000" startTime="2018-08-14T05:06:33.4066725-04:00" endTime="2018-08-14T05:06:33.4066786-04:00" testType="13cdc9d9-ddb5-4fa4-a97d-d965ccfc6d4b" outcome="Passed" testListId="8c84fa94-04c1-424b-9868-57a2d4851a1d" relativeResultsDirectory="03887738-b19b-4f5f-b99b-c8ebd99df514" /><UnitTestResult executionId="b321a337-e9ad-45cc-b72d-7f6bc473e585" testId="eaef804c-fd3b-4d1a-a6e4-24e62f7f1247" testName="FileRequest_DepthBufferIsInvalidatedAfterCameraDependencyPropertyChange" computerName="VECTOR" duration="00:00:00.3190000" startTime="2018-08-14T05:06:47.3928686-04:00" endTime="2018-08-14T05:06:47.3928746-04:00" testType="13cdc9d9-ddb5-4fa4-a97d-d965ccfc6d4b" outcome="Passed" testListId="8c84fa94-04c1-424b-9868-57a2d4851a1d" relativeResultsDirectory="b321a337-e9ad-45cc-b72d-7f6bc473e585" /><UnitTestResult executionId="e7e2d407-4147-4388-9cc7-e0e9df0e98c4" testId="86ea0d90-7c23-464d-8930-9e8a75c131c4" testName="Put_CanUpdateModel" computerName="VECTOR" duration="00:00:00.1050000" startTime="2018-08-14T05:06:31.8259879-04:00" endTime="2018-08-14T05:06:31.8259940-04:00" testType="13cdc9d9-ddb5-4fa4-a97d-d965ccfc6d4b" outcome="Passed" testListId="8c84fa94-04c1-424b-9868-57a2d4851a1d" relativeResultsDirectory="e7e2d407-4147-4388-9cc7-e0e9df0e98c4" /><UnitTestResult executionId="be5e0972-f76e-4f04-aad7-95cde932fa3b" testId="8c2feef6-454e-41c1-ae8a-465aed4898f2" testName="Post_ValidReferencePropertyCreatesModel" computerName="VECTOR" duration="00:00:00.0350000" startTime="2018-08-14T05:06:36.7793759-04:00" endTime="2018-08-14T05:06:36.7793820-04:00" testType="13cdc9d9-ddb5-4fa4-a97d-d965ccfc6d4b" outcome="Passed" testListId="8c84fa94-04c1-424b-9868-57a2d4851a1d" relativeResultsDirectory="be5e0972-f76e-4f04-aad7-95cde932fa3b" /><UnitTestResult executionId="bf6afce6-2b4c-40eb-940c-16b139809cdc" testId="6696a98e-24d7-4fd0-8d78-90b01e0bd632" testName="Put_InvalidReferencePropertyReturndBadRequest" computerName="VECTOR" duration="00:00:00.0450000" startTime="2018-08-14T05:06:44.9031514-04:00" endTime="2018-08-14T05:06:44.9031578-04:00" testType="13cdc9d9-ddb5-4fa4-a97d-d965ccfc6d4b" outcome="Passed" testListId="8c84fa94-04c1-424b-9868-57a2d4851a1d" relativeResultsDirectory="bf6afce6-2b4c-40eb-940c-16b139809cdc" /><UnitTestResult executionId="ee68f18f-d9d6-41dd-84b4-747d691828d5" testId="2273da8e-3960-4ab7-a5f5-dbfe6363b9fb" testName="Patch_InvalidPropertyNameReturnsBadRequest" computerName="VECTOR" duration="00:00:00.0210000" startTime="2018-08-14T05:06:36.6371938-04:00" endTime="2018-08-14T05:06:36.6371990-04:00" testType="13cdc9d9-ddb5-4fa4-a97d-d965ccfc6d4b" outcome="Passed" testListId="8c84fa94-04c1-424b-9868-57a2d4851a1d" relativeResultsDirectory="ee68f18f-d9d6-41dd-84b4-747d691828d5" /><UnitTestResult executionId="8bd1b085-952d-4e6b-b65f-9eb6de7c3682" testId="2316b0a6-ffdd-411a-866b-42215f24edd7" testName="FileRequest_MeshGenerateSetsFileIsSynchronized" computerName="VECTOR" duration="00:00:03.9160000" startTime="2018-08-14T05:06:44.5275439-04:00" endTime="2018-08-14T05:06:44.5275505-04:00" testType="13cdc9d9-ddb5-4fa4-a97d-d965ccfc6d4b" outcome="Passed" testListId="8c84fa94-04c1-424b-9868-57a2d4851a1d" relativeResultsDirectory="8bd1b085-952d-4e6b-b65f-9eb6de7c3682" /><UnitTestResult executionId="0ba2b32c-544c-46c2-899c-d7e2205ce25d" testId="50d8b809-4cc5-42c5-9657-fd2500562abd" testName="Put_CanUpdateModel" computerName="VECTOR" duration="00:00:00.0370000" startTime="2018-08-14T05:06:31.1315751-04:00" endTime="2018-08-14T05:06:31.1315814-04:00" testType="13cdc9d9-ddb5-4fa4-a97d-d965ccfc6d4b" outcome="Passed" testListId="8c84fa94-04c1-424b-9868-57a2d4851a1d" relativeResultsDirectory="0ba2b32c-544c-46c2-899c-d7e2205ce25d" /><UnitTestResult executionId="f82a110c-329f-4f27-bb05-80c8a6a70f51" testId="6986756d-b4ac-4138-8677-17e827dfb68f" testName="Post_InvalidPropertyValueReturnsBadRequest" computerName="VECTOR" duration="00:00:00.0110000" startTime="2018-08-14T05:06:31.9193499-04:00" endTime="2018-08-14T05:06:31.9193536-04:00" testType="13cdc9d9-ddb5-4fa4-a97d-d965ccfc6d4b" outcome="Passed" testListId="8c84fa94-04c1-424b-9868-57a2d4851a1d" relativeResultsDirectory="f82a110c-329f-4f27-bb05-80c8a6a70f51" /><UnitTestResult executionId="cf0c6153-2b44-4e49-8f95-e657f6edf2aa" testId="6b067895-2761-454a-ac61-8e770fa598a6" testName="Post_InvalidReferencePropertyReturnsBadRequest" computerName="VECTOR" duration="00:00:00.3180000" startTime="2018-08-14T05:06:31.5224716-04:00" endTime="2018-08-14T05:06:31.5224780-04:00" testType="13cdc9d9-ddb5-4fa4-a97d-d965ccfc6d4b" outcome="Passed" testListId="8c84fa94-04c1-424b-9868-57a2d4851a1d" relativeResultsDirectory="cf0c6153-2b44-4e49-8f95-e657f6edf2aa" /><UnitTestResult executionId="f3188d29-cd1a-46cc-8436-d0785084e11a" testId="adcf6790-1eed-43c0-9812-b5a4328d51b9" testName="GetSingle_InvalidIdPropertyValueReturnsNotFound" computerName="VECTOR" duration="00:00:00.0130000" startTime="2018-08-14T05:06:31.0937245-04:00" endTime="2018-08-14T05:06:31.0937312-04:00" testType="13cdc9d9-ddb5-4fa4-a97d-d965ccfc6d4b" outcome="Passed" testListId="8c84fa94-04c1-424b-9868-57a2d4851a1d" relativeResultsDirectory="f3188d29-cd1a-46cc-8436-d0785084e11a" /><UnitTestResult executionId="6a6d79a9-e30a-4d36-b639-4c9268590e43" testId="bf8da6a7-ed7a-49dc-82e4-ed7d5cc8e3a5" testName="FileRequest_MeshIsInvalidatedAfterDepthBufferFileBecomesUnsynchronized" computerName="VECTOR" duration="00:00:02.0020000" startTime="2018-08-14T05:06:39.0359997-04:00" endTime="2018-08-14T05:06:39.0360059-04:00" testType="13cdc9d9-ddb5-4fa4-a97d-d965ccfc6d4b" outcome="Passed" testListId="8c84fa94-04c1-424b-9868-57a2d4851a1d" relativeResultsDirectory="6a6d79a9-e30a-4d36-b639-4c9268590e43" /><UnitTestResult executionId="41630c07-3ec2-443a-bb85-42c6b0c34789" testId="51b99377-4c7e-4dbb-81a2-db51dfefef7a" testName="LucyCameraFindsAllDependents" computerName="VECTOR" duration="00:00:00.0090000" startTime="2018-08-14T05:06:29.9300361-04:00" endTime="2018-08-14T05:06:29.9300393-04:00" testType="13cdc9d9-ddb5-4fa4-a97d-d965ccfc6d4b" outcome="Passed" testListId="8c84fa94-04c1-424b-9868-57a2d4851a1d" relativeResultsDirectory="41630c07-3ec2-443a-bb85-42c6b0c34789" /><UnitTestResult executionId="1b9f0a81-f784-4a13-86f1-811cfc4cb598" testId="87c8506d-9123-463c-936d-8954f5774f5e" testName="Patch_InvalidPropertyNameReturnsBadRequest" computerName="VECTOR" duration="00:00:00.0210000" startTime="2018-08-14T05:06:44.8579238-04:00" endTime="2018-08-14T05:06:44.8579296-04:00" testType="13cdc9d9-ddb5-4fa4-a97d-d965ccfc6d4b" outcome="Passed" testListId="8c84fa94-04c1-424b-9868-57a2d4851a1d" relativeResultsDirectory="1b9f0a81-f784-4a13-86f1-811cfc4cb598" /><UnitTestResult executionId="9e9345f9-2f57-4b92-ae3e-f231d617682e" testId="15bb4210-af07-4d46-8f2a-6cd9289a431f" testName="Patch_MultipleInvalidReferencePropertiesReturnsMultipleValidationErrorsAndBadRequest" computerName="VECTOR" duration="00:00:00.0360000" startTime="2018-08-14T05:06:33.6024904-04:00" endTime="2018-08-14T05:06:33.6024964-04:00" testType="13cdc9d9-ddb5-4fa4-a97d-d965ccfc6d4b" outcome="Passed" testListId="8c84fa94-04c1-424b-9868-57a2d4851a1d" relativeResultsDirectory="9e9345f9-2f57-4b92-ae3e-f231d617682e" /><UnitTestResult executionId="cf06e8d1-2cd1-4a7f-a682-1d02dbc2b586" testId="c7813fb7-3e98-408d-8972-5224fc5dc105" testName="Patch_InvalidReferencePropertyReturnsBadRequest" computerName="VECTOR" duration="00:00:00.0170000" startTime="2018-08-14T05:06:33.6481521-04:00" endTime="2018-08-14T05:06:33.6481575-04:00" testType="13cdc9d9-ddb5-4fa4-a97d-d965ccfc6d4b" outcome="Passed" testListId="8c84fa94-04c1-424b-9868-57a2d4851a1d" relativeResultsDirectory="cf06e8d1-2cd1-4a7f-a682-1d02dbc2b586" /><UnitTestResult executionId="b49696c3-6b36-457a-8960-4061b3aa18eb" testId="5545044d-e01e-4744-bc28-12ffbc5099eb" testName="Post_ValidReferencePropertyCreatesModel" computerName="VECTOR" duration="00:00:00.0240000" startTime="2018-08-14T05:06:32.0698135-04:00" endTime="2018-08-14T05:06:32.0698192-04:00" testType="13cdc9d9-ddb5-4fa4-a97d-d965ccfc6d4b" outcome="Passed" testListId="8c84fa94-04c1-424b-9868-57a2d4851a1d" relativeResultsDirectory="b49696c3-6b36-457a-8960-4061b3aa18eb" /><UnitTestResult executionId="6b2cdcaf-12ea-4ada-a06f-4e65da462bd6" testId="894cf22b-7607-4572-a2ee-78c71eddfbab" testName="Patch_InvalidPropertyNameReturnsBadRequest" computerName="VECTOR" duration="00:00:00.0250000" startTime="2018-08-14T05:06:33.4319864-04:00" endTime="2018-08-14T05:06:33.4319932-04:00" testType="13cdc9d9-ddb5-4fa4-a97d-d965ccfc6d4b" outcome="Passed" testListId="8c84fa94-04c1-424b-9868-57a2d4851a1d" relativeResultsDirectory="6b2cdcaf-12ea-4ada-a06f-4e65da462bd6" /><UnitTestResult executionId="85667993-e72d-45fb-97ca-ddcdb01b8613" testId="1911ebe4-8741-477d-9b43-f3016fe17115" testName="GetSingle_ValidIdPropertyValueReturnsCorrectModel" computerName="VECTOR" duration="00:00:00.0140000" startTime="2018-08-14T05:06:31.0711571-04:00" endTime="2018-08-14T05:06:31.0711633-04:00" testType="13cdc9d9-ddb5-4fa4-a97d-d965ccfc6d4b" outcome="Passed" testListId="8c84fa94-04c1-424b-9868-57a2d4851a1d" relativeResultsDirectory="85667993-e72d-45fb-97ca-ddcdb01b8613" /><UnitTestResult executionId="d006a611-588f-48a4-ae97-fe946c762618" testId="772b8c17-2074-4954-8011-bf3593283947" testName="CameraHasExpectedDependentFiles" computerName="VECTOR" duration="00:00:00.0010000" startTime="2018-08-14T05:06:29.9303920-04:00" endTime="2018-08-14T05:06:29.9303936-04:00" testType="13cdc9d9-ddb5-4fa4-a97d-d965ccfc6d4b" outcome="Passed" testListId="8c84fa94-04c1-424b-9868-57a2d4851a1d" relativeResultsDirectory="d006a611-588f-48a4-ae97-fe946c762618" /><UnitTestResult executionId="e8c59159-c844-4b9c-aad5-bc0d6735c8e8" testId="d521722b-8201-4b26-9925-9e5251168878" testName="Post_InvalidReferencePropertyReturnsBadRequest" computerName="VECTOR" duration="00:00:00.0160000" startTime="2018-08-14T05:06:47.8763250-04:00" endTime="2018-08-14T05:06:47.8763303-04:00" testType="13cdc9d9-ddb5-4fa4-a97d-d965ccfc6d4b" outcome="Passed" testListId="8c84fa94-04c1-424b-9868-57a2d4851a1d" relativeResultsDirectory="e8c59159-c844-4b9c-aad5-bc0d6735c8e8" /><UnitTestResult executionId="d2be819a-f4e3-41b3-9a8a-1b8d353b819c" testId="2614092d-2a57-4cea-87ec-0cf150b7b665" testName="GetSingle_InvalidIdPropertyValueReturnsNotFound" computerName="VECTOR" duration="00:00:00.0230000" startTime="2018-08-14T05:06:36.6846159-04:00" endTime="2018-08-14T05:06:36.6846217-04:00" testType="13cdc9d9-ddb5-4fa4-a97d-d965ccfc6d4b" outcome="Passed" testListId="8c84fa94-04c1-424b-9868-57a2d4851a1d" relativeResultsDirectory="d2be819a-f4e3-41b3-9a8a-1b8d353b819c" /><UnitTestResult executionId="046a5de2-6151-4204-a33b-f4d59864f749" testId="ebe5e16f-0431-489b-902a-b7f4cb0adc32" testName="Model3dHasExpectedDependentFiles" computerName="VECTOR" duration="00:00:00.0340000" startTime="2018-08-14T05:06:29.4864180-04:00" endTime="2018-08-14T05:06:29.4864240-04:00" testType="13cdc9d9-ddb5-4fa4-a97d-d965ccfc6d4b" outcome="Passed" testListId="8c84fa94-04c1-424b-9868-57a2d4851a1d" relativeResultsDirectory="046a5de2-6151-4204-a33b-f4d59864f749" /><UnitTestResult executionId="2dbd0d7a-db2c-497f-91c6-c913acbeda79" testId="df54fa61-f712-492b-98f9-105467d8bfad" testName="Post_CanCreateNewModel" computerName="VECTOR" duration="00:00:00.0300000" startTime="2018-08-14T05:06:36.5847798-04:00" endTime="2018-08-14T05:06:36.5847864-04:00" testType="13cdc9d9-ddb5-4fa4-a97d-d965ccfc6d4b" outcome="Passed" testListId="8c84fa94-04c1-424b-9868-57a2d4851a1d" relativeResultsDirectory="2dbd0d7a-db2c-497f-91c6-c913acbeda79" /><UnitTestResult executionId="2dd5f540-dc25-4768-9f55-7367a2570de2" testId="05e15b55-8788-4ca1-a3b4-e5153a4662ad" testName="Put_InvalidIdReturnsNotFound" computerName="VECTOR" duration="00:00:00.0250000" startTime="2018-08-14T05:06:45.3714076-04:00" endTime="2018-08-14T05:06:45.3714130-04:00" testType="13cdc9d9-ddb5-4fa4-a97d-d965ccfc6d4b" outcome="Passed" testListId="8c84fa94-04c1-424b-9868-57a2d4851a1d" relativeResultsDirectory="2dd5f540-dc25-4768-9f55-7367a2570de2" /><UnitTestResult executionId="9c7275ff-f63e-49f8-8b1f-ba0e58c1159b" testId="b8894769-7a0c-4b26-b80e-b1e078c5bab4" testName="Patch_MultipleInvalidReferencePropertiesReturnsMultipleValidationErrorsAndBadRequest" computerName="VECTOR" duration="00:00:00.0260000" startTime="2018-08-14T05:06:45.3034331-04:00" endTime="2018-08-14T05:06:45.3034390-04:00" testType="13cdc9d9-ddb5-4fa4-a97d-d965ccfc6d4b" outcome="Passed" testListId="8c84fa94-04c1-424b-9868-57a2d4851a1d" relativeResultsDirectory="9c7275ff-f63e-49f8-8b1f-ba0e58c1159b" /><UnitTestResult executionId="cbfbe02e-9193-4fc1-bb36-78941df763b9" testId="35978c1e-a151-420b-89c5-2fe975b372e0" testName="GetSingle_InvalidIdPropertyValueReturnsNotFound" computerName="VECTOR" duration="00:00:00.0160000" startTime="2018-08-14T05:06:47.8598107-04:00" endTime="2018-08-14T05:06:47.8598177-04:00" testType="13cdc9d9-ddb5-4fa4-a97d-d965ccfc6d4b" outcome="Passed" testListId="8c84fa94-04c1-424b-9868-57a2d4851a1d" relativeResultsDirectory="cbfbe02e-9193-4fc1-bb36-78941df763b9" /><UnitTestResult executionId="c5e464e2-57a7-4f3b-a8fa-c94c4e853577" testId="9675570c-9ce5-4e1a-81ee-883e2e531f64" testName="PutFile_NewFileCanBePut" computerName="VECTOR" duration="00:00:00.0770000" startTime="2018-08-14T05:06:47.4870954-04:00" endTime="2018-08-14T05:06:47.4871000-04:00" testType="13cdc9d9-ddb5-4fa4-a97d-d965ccfc6d4b" outcome="Passed" testListId="8c84fa94-04c1-424b-9868-57a2d4851a1d" relativeResultsDirectory="c5e464e2-57a7-4f3b-a8fa-c94c4e853577" /><UnitTestResult executionId="b0bbc151-745d-4078-8cdd-b2ae32215553" testId="1f7739e2-8225-4756-a53d-e4868575ba61" testName="Patch_InvalidEnumPropertyValueReturnsBadRequest" computerName="VECTOR" duration="00:00:00.0090000" startTime="2018-08-14T05:06:33.8460472-04:00" endTime="2018-08-14T05:06:33.8460513-04:00" testType="13cdc9d9-ddb5-4fa4-a97d-d965ccfc6d4b" outcome="Passed" testListId="8c84fa94-04c1-424b-9868-57a2d4851a1d" relativeResultsDirectory="b0bbc151-745d-4078-8cdd-b2ae32215553" /><UnitTestResult executionId="11b81479-ae49-4781-ae7e-abafd5897e53" testId="26e215da-73ba-4324-a50f-508b220433f4" testName="Patch_ValidReferencePropertyUpdatesModel" computerName="VECTOR" duration="00:00:00.6080000" startTime="2018-08-14T05:06:30.5497446-04:00" endTime="2018-08-14T05:06:30.5497511-04:00" testType="13cdc9d9-ddb5-4fa4-a97d-d965ccfc6d4b" outcome="Passed" testListId="8c84fa94-04c1-424b-9868-57a2d4851a1d" relativeResultsDirectory="11b81479-ae49-4781-ae7e-abafd5897e53" /><UnitTestResult executionId="15bb96ea-4751-4b66-9dc8-7977ea3118f3" testId="0578cd10-3ad1-479e-89b6-4848e73c05cc" testName="Put_InvalidReferencePropertyReturndBadRequest" computerName="VECTOR" duration="00:00:00.0150000" startTime="2018-08-14T05:06:31.1726387-04:00" endTime="2018-08-14T05:06:31.1726535-04:00" testType="13cdc9d9-ddb5-4fa4-a97d-d965ccfc6d4b" outcome="Passed" testListId="8c84fa94-04c1-424b-9868-57a2d4851a1d" relativeResultsDirectory="15bb96ea-4751-4b66-9dc8-7977ea3118f3" /><UnitTestResult executionId="3b572ddc-9e02-4e27-a9d0-dd518088a25a" testId="ccb8ea04-fa5b-4896-8d8e-19bb62f6808f" testName="Patch_TargetPropertyIsUpdated" computerName="VECTOR" duration="00:00:00.1970000" startTime="2018-08-14T05:06:31.7200319-04:00" endTime="2018-08-14T05:06:31.7200383-04:00" testType="13cdc9d9-ddb5-4fa4-a97d-d965ccfc6d4b" outcome="Passed" testListId="8c84fa94-04c1-424b-9868-57a2d4851a1d" relativeResultsDirectory="3b572ddc-9e02-4e27-a9d0-dd518088a25a" /><UnitTestResult executionId="6719c80c-1aa5-4d0c-bf88-11aac8da87e6" testId="31365a07-e510-43d2-abba-cc9d664d55fb" testName="Patch_InvalidReferencePropertyReturnsBadRequest" computerName="VECTOR" duration="00:00:00.0090000" startTime="2018-08-14T05:06:30.9977330-04:00" endTime="2018-08-14T05:06:30.9977369-04:00" testType="13cdc9d9-ddb5-4fa4-a97d-d965ccfc6d4b" outcome="Passed" testListId="8c84fa94-04c1-424b-9868-57a2d4851a1d" relativeResultsDirectory="6719c80c-1aa5-4d0c-bf88-11aac8da87e6" /><UnitTestResult executionId="9ba3fe18-3c91-4491-8ae0-f68b9d5f87b3" testId="ea704d85-31fb-4c89-a83c-93e1965a5a3b" testName="PostFile_FileTimeStampIsUpdatedAfterFileIsPosted" computerName="VECTOR" duration="00:00:01.1890000" startTime="2018-08-14T05:06:40.5305226-04:00" endTime="2018-08-14T05:06:40.5305263-04:00" testType="13cdc9d9-ddb5-4fa4-a97d-d965ccfc6d4b" outcome="Passed" testListId="8c84fa94-04c1-424b-9868-57a2d4851a1d" relativeResultsDirectory="9ba3fe18-3c91-4491-8ae0-f68b9d5f87b3" /><UnitTestResult executionId="cb671780-449c-4776-bff6-281c49d5d2b9" testId="028d0f49-9a6e-43c7-bec7-ecce46764857" testName="Patch_MultipleInvalidReferencePropertiesReturnsMultipleValidationErrorsAndBadRequest" computerName="VECTOR" duration="00:00:00.0320000" startTime="2018-08-14T05:06:48.0242136-04:00" endTime="2018-08-14T05:06:48.0242197-04:00" testType="13cdc9d9-ddb5-4fa4-a97d-d965ccfc6d4b" outcome="Passed" testListId="8c84fa94-04c1-424b-9868-57a2d4851a1d" relativeResultsDirectory="cb671780-449c-4776-bff6-281c49d5d2b9" /><UnitTestResult executionId="8331ea4a-f160-4409-93a3-fd5041eaa19f" testId="7437aca7-35ce-495d-8c65-720d6512fcd6" testName="Delete_TargetModelIsDeleted" computerName="VECTOR" duration="00:00:00.0370000" startTime="2018-08-14T05:06:36.8166454-04:00" endTime="2018-08-14T05:06:36.8166515-04:00" testType="13cdc9d9-ddb5-4fa4-a97d-d965ccfc6d4b" outcome="Passed" testListId="8c84fa94-04c1-424b-9868-57a2d4851a1d" relativeResultsDirectory="8331ea4a-f160-4409-93a3-fd5041eaa19f" /><UnitTestResult executionId="70f1d2fa-b550-466d-ac50-ba84d1a98d68" testId="ae57f3b0-316b-4db6-a9a1-50fb1c6608d1" testName="Patch_InvalidEnumPropertyValueReturnsBadRequest" computerName="VECTOR" duration="00:00:00.0090000" startTime="2018-08-14T05:06:47.8436045-04:00" endTime="2018-08-14T05:06:47.8436082-04:00" testType="13cdc9d9-ddb5-4fa4-a97d-d965ccfc6d4b" outcome="Passed" testListId="8c84fa94-04c1-424b-9868-57a2d4851a1d" relativeResultsDirectory="70f1d2fa-b550-466d-ac50-ba84d1a98d68" /><UnitTestResult executionId="ce3838f5-8036-44b0-aa79-45182ecfa76c" testId="0c9b3e71-a236-4de4-a00e-276f6efd6a9f" testName="Patch_InvalidPropertyNameReturnsBadRequest" computerName="VECTOR" duration="00:00:00.1130000" startTime="2018-08-14T05:06:30.6636782-04:00" endTime="2018-08-14T05:06:30.6636848-04:00" testType="13cdc9d9-ddb5-4fa4-a97d-d965ccfc6d4b" outcome="Passed" testListId="8c84fa94-04c1-424b-9868-57a2d4851a1d" relativeResultsDirectory="ce3838f5-8036-44b0-aa79-45182ecfa76c" /><UnitTestResult executionId="9d3a6202-446f-4da1-9877-a8994d9edd74" testId="e9757c39-2343-49d2-b72f-153e7a53bfcd" testName="Put_InvalidIdReturnsNotFound" computerName="VECTOR" duration="00:00:00.0340000" startTime="2018-08-14T05:06:31.8845885-04:00" endTime="2018-08-14T05:06:31.8845944-04:00" testType="13cdc9d9-ddb5-4fa4-a97d-d965ccfc6d4b" outcome="Passed" testListId="8c84fa94-04c1-424b-9868-57a2d4851a1d" relativeResultsDirectory="9d3a6202-446f-4da1-9877-a8994d9edd74" /><UnitTestResult executionId="78f69c27-4591-48e5-b68f-d3dc31b704ff" testId="e72a4865-f4b8-4fe3-ab7e-3eb9e864cfc5" testName="Patch_InvalidIdPropertyReturnsNotFound" computerName="VECTOR" duration="00:00:00.0230000" startTime="2018-08-14T05:06:36.6608343-04:00" endTime="2018-08-14T05:06:36.6608402-04:00" testType="13cdc9d9-ddb5-4fa4-a97d-d965ccfc6d4b" outcome="Passed" testListId="8c84fa94-04c1-424b-9868-57a2d4851a1d" relativeResultsDirectory="78f69c27-4591-48e5-b68f-d3dc31b704ff" /><UnitTestResult executionId="0a618022-2af3-477d-bfdb-fda5f0dd0406" testId="6a416967-0868-4919-ba0e-3d73825b6e18" testName="GetSingle_ValidIdPropertyValueReturnsCorrectModel" computerName="VECTOR" duration="00:00:00.0230000" startTime="2018-08-14T05:06:45.3455521-04:00" endTime="2018-08-14T05:06:45.3455574-04:00" testType="13cdc9d9-ddb5-4fa4-a97d-d965ccfc6d4b" outcome="Passed" testListId="8c84fa94-04c1-424b-9868-57a2d4851a1d" relativeResultsDirectory="0a618022-2af3-477d-bfdb-fda5f0dd0406" /><UnitTestResult executionId="748ae257-389e-4c6c-8c9b-ad912acbc8b3" testId="02995e1e-3ee7-4f2d-ba31-63ca98467c81" testName="GetFile_FileCanBeRoundTripped" computerName="VECTOR" duration="00:00:00.0770000" startTime="2018-08-14T05:06:33.1382031-04:00" endTime="2018-08-14T05:06:33.1382084-04:00" testType="13cdc9d9-ddb5-4fa4-a97d-d965ccfc6d4b" outcome="Passed" testListId="8c84fa94-04c1-424b-9868-57a2d4851a1d" relativeResultsDirectory="748ae257-389e-4c6c-8c9b-ad912acbc8b3" /><UnitTestResult executionId="7aaca47e-4fc1-48fc-b1b1-c6e59686ef2a" testId="e27c0ed3-3661-4dfc-8af8-be43df80ce2e" testName="PutFile_NewFileCanBePut" computerName="VECTOR" duration="00:00:00.1000000" startTime="2018-08-14T05:06:37.0332287-04:00" endTime="2018-08-14T05:06:37.0332328-04:00" testType="13cdc9d9-ddb5-4fa4-a97d-d965ccfc6d4b" outcome="Passed" testListId="8c84fa94-04c1-424b-9868-57a2d4851a1d" relativeResultsDirectory="7aaca47e-4fc1-48fc-b1b1-c6e59686ef2a" /><UnitTestResult executionId="636f6516-82e3-4e5e-aafa-4fc38941b35b" testId="c98efa7c-de4c-4fef-9f73-24e2531f4f0b" testName="PostFile_FileIsSynchronizedIsUpdatedAfterFileIsPosted" computerName="VECTOR" duration="00:00:00.1340000" startTime="2018-08-14T05:06:44.6628372-04:00" endTime="2018-08-14T05:06:44.6628408-04:00" testType="13cdc9d9-ddb5-4fa4-a97d-d965ccfc6d4b" outcome="Passed" testListId="8c84fa94-04c1-424b-9868-57a2d4851a1d" relativeResultsDirectory="636f6516-82e3-4e5e-aafa-4fc38941b35b" /><UnitTestResult executionId="dc215e6e-d017-4528-a459-58cc2ef6478e" testId="ac2cc279-76a7-4a80-9992-c4ba5dc56603" testName="Post_InvalidPropertyValueReturnsBadRequest" computerName="VECTOR" duration="00:00:00.0150000" startTime="2018-08-14T05:06:31.2026564-04:00" endTime="2018-08-14T05:06:31.2026627-04:00" testType="13cdc9d9-ddb5-4fa4-a97d-d965ccfc6d4b" outcome="Passed" testListId="8c84fa94-04c1-424b-9868-57a2d4851a1d" relativeResultsDirectory="dc215e6e-d017-4528-a459-58cc2ef6478e" /><UnitTestResult executionId="486c62c9-1d92-451d-8b7a-3a0551eaa4c5" testId="77c2bd46-67a5-4317-88d5-283b38e6475f" testName="Post_CanCreateNewModel" computerName="VECTOR" duration="00:00:00.0220000" startTime="2018-08-14T05:06:32.1564777-04:00" endTime="2018-08-14T05:06:32.1564834-04:00" testType="13cdc9d9-ddb5-4fa4-a97d-d965ccfc6d4b" outcome="Passed" testListId="8c84fa94-04c1-424b-9868-57a2d4851a1d" relativeResultsDirectory="486c62c9-1d92-451d-8b7a-3a0551eaa4c5" /><UnitTestResult executionId="c9ca01bf-4174-4268-ac47-2818e7198731" testId="3aeb04be-4bbe-423d-ad22-677c96ed4cbd" testName="Patch_TargetPropertyIsUpdated" computerName="VECTOR" duration="00:00:00.0610000" startTime="2018-08-14T05:06:45.0556512-04:00" endTime="2018-08-14T05:06:45.0556570-04:00" testType="13cdc9d9-ddb5-4fa4-a97d-d965ccfc6d4b" outcome="Passed" testListId="8c84fa94-04c1-424b-9868-57a2d4851a1d" relativeResultsDirectory="c9ca01bf-4174-4268-ac47-2818e7198731" /><UnitTestResult executionId="1fc8ead9-b70f-41e7-ae27-9c6497bb1a94" testId="69f23057-3d4d-460e-9ff5-7ae6362e129a" testName="GetList_ListReturnsCorrectCount" computerName="VECTOR" duration="00:00:00.0170000" startTime="2018-08-14T05:06:33.6655080-04:00" endTime="2018-08-14T05:06:33.6655199-04:00" testType="13cdc9d9-ddb5-4fa4-a97d-d965ccfc6d4b" outcome="Passed" testListId="8c84fa94-04c1-424b-9868-57a2d4851a1d" relativeResultsDirectory="1fc8ead9-b70f-41e7-ae27-9c6497bb1a94" /><UnitTestResult executionId="e04601d1-50e5-4824-b233-aa0417c12af2" testId="83addda3-5c3d-4830-b31a-7a84c5f1b83b" testName="Patch_InvalidPropertyNameReturnsBadRequest" computerName="VECTOR" duration="00:00:00.0140000" startTime="2018-08-14T05:06:48.0536307-04:00" endTime="2018-08-14T05:06:48.0536363-04:00" testType="13cdc9d9-ddb5-4fa4-a97d-d965ccfc6d4b" outcome="Passed" testListId="8c84fa94-04c1-424b-9868-57a2d4851a1d" relativeResultsDirectory="e04601d1-50e5-4824-b233-aa0417c12af2" /><UnitTestResult executionId="6c24791d-0864-4c30-8002-09f292e68c1d" testId="ca5dd84f-05ed-478d-b742-478d8f35deeb" testName="Post_ValidReferencePropertyCreatesModel" computerName="VECTOR" duration="00:00:00.0280000" startTime="2018-08-14T05:06:47.9917679-04:00" endTime="2018-08-14T05:06:47.9917740-04:00" testType="13cdc9d9-ddb5-4fa4-a97d-d965ccfc6d4b" outcome="Passed" testListId="8c84fa94-04c1-424b-9868-57a2d4851a1d" relativeResultsDirectory="6c24791d-0864-4c30-8002-09f292e68c1d" /><UnitTestResult executionId="e63c94d3-3ca1-439a-8dc7-fd11bc3cb701" testId="b51cd10d-fb4e-45dc-bc43-8e27fba94a48" testName="Patch_InvalidReferencePropertyReturnsBadRequest" computerName="VECTOR" duration="00:00:00.0310000" startTime="2018-08-14T05:06:36.6159823-04:00" endTime="2018-08-14T05:06:36.6159879-04:00" testType="13cdc9d9-ddb5-4fa4-a97d-d965ccfc6d4b" outcome="Passed" testListId="8c84fa94-04c1-424b-9868-57a2d4851a1d" relativeResultsDirectory="e63c94d3-3ca1-439a-8dc7-fd11bc3cb701" /><UnitTestResult executionId="4eb82828-67ac-460a-a821-2c707ae73dfb" testId="157f897f-3dec-4cb4-a6b5-f12ffd1f154f" testName="Patch_ValidReferencePropertyUpdatesModel" computerName="VECTOR" duration="00:00:00.0610000" startTime="2018-08-14T05:06:33.9070766-04:00" endTime="2018-08-14T05:06:33.9070834-04:00" testType="13cdc9d9-ddb5-4fa4-a97d-d965ccfc6d4b" outcome="Passed" testListId="8c84fa94-04c1-424b-9868-57a2d4851a1d" relativeResultsDirectory="4eb82828-67ac-460a-a821-2c707ae73dfb" /><UnitTestResult executionId="bde4c271-9c75-4608-bb38-337a7c68a853" testId="f490b9e7-5632-4ef4-95fb-991f3ec3afb9" testName="Post_InvalidReferencePropertyReturnsBadRequest" computerName="VECTOR" duration="00:00:00.0240000" startTime="2018-08-14T05:06:36.7089905-04:00" endTime="2018-08-14T05:06:36.7089960-04:00" testType="13cdc9d9-ddb5-4fa4-a97d-d965ccfc6d4b" outcome="Passed" testListId="8c84fa94-04c1-424b-9868-57a2d4851a1d" relativeResultsDirectory="bde4c271-9c75-4608-bb38-337a7c68a853" /><UnitTestResult executionId="b8ebf8df-beee-4a44-a8f5-8828efd3da65" testId="d627d151-e0d9-4475-95ea-5c65c9267cbc" testName="GetSingle_ValidIdPropertyValueReturnsCorrectModel" computerName="VECTOR" duration="00:00:00.0180000" startTime="2018-08-14T05:06:47.7450370-04:00" endTime="2018-08-14T05:06:47.7450432-04:00" testType="13cdc9d9-ddb5-4fa4-a97d-d965ccfc6d4b" outcome="Passed" testListId="8c84fa94-04c1-424b-9868-57a2d4851a1d" relativeResultsDirectory="b8ebf8df-beee-4a44-a8f5-8828efd3da65" /><UnitTestResult executionId="e545080b-c020-45b8-97d3-298bc61d4d9e" testId="d6a34ef8-996a-4344-a823-1e5789b935e4" testName="PutFile_FileCanBeUpdated" computerName="VECTOR" duration="00:00:00.1380000" startTime="2018-08-14T05:06:46.9579252-04:00" endTime="2018-08-14T05:06:46.9579304-04:00" testType="13cdc9d9-ddb5-4fa4-a97d-d965ccfc6d4b" outcome="Passed" testListId="8c84fa94-04c1-424b-9868-57a2d4851a1d" relativeResultsDirectory="e545080b-c020-45b8-97d3-298bc61d4d9e" /><UnitTestResult executionId="6c60367d-60fe-4883-9da3-2a83bcd193fc" testId="c529c4ff-511e-40f2-a9ec-4afe60477389" testName="GetSingle_ValidIdPropertyValueReturnsCorrectModel" computerName="VECTOR" duration="00:00:00.0260000" startTime="2018-08-14T05:06:36.8436029-04:00" endTime="2018-08-14T05:06:36.8436085-04:00" testType="13cdc9d9-ddb5-4fa4-a97d-d965ccfc6d4b" outcome="Passed" testListId="8c84fa94-04c1-424b-9868-57a2d4851a1d" relativeResultsDirectory="6c60367d-60fe-4883-9da3-2a83bcd193fc" /><UnitTestResult executionId="6c73fa23-5d8f-4dce-a0e8-68f3cca444d3" testId="4d088922-9cf7-4891-b2eb-7e6f39caca84" testName="PutFile_FileCanBeUpdated" computerName="VECTOR" duration="00:00:00.1870000" startTime="2018-08-14T05:06:32.5720478-04:00" endTime="2018-08-14T05:06:32.5720584-04:00" testType="13cdc9d9-ddb5-4fa4-a97d-d965ccfc6d4b" outcome="Passed" testListId="8c84fa94-04c1-424b-9868-57a2d4851a1d" relativeResultsDirectory="6c73fa23-5d8f-4dce-a0e8-68f3cca444d3" /><UnitTestResult executionId="fc1e9357-3527-4482-92f1-a57d6aa74ba9" testId="7a6eec80-d47e-4fe4-9a57-41e408661cd6" testName="PutFile_FileCanBeUpdated" computerName="VECTOR" duration="00:00:00.1420000" startTime="2018-08-14T05:06:39.2725246-04:00" endTime="2018-08-14T05:06:39.2725300-04:00" testType="13cdc9d9-ddb5-4fa4-a97d-d965ccfc6d4b" outcome="Passed" testListId="8c84fa94-04c1-424b-9868-57a2d4851a1d" relativeResultsDirectory="fc1e9357-3527-4482-92f1-a57d6aa74ba9" /><UnitTestResult executionId="2ee22753-38ba-4d1e-bf77-5f209e361e22" testId="a22687d2-9c37-4894-b0e8-68058e743b44" testName="Patch_InvalidReferencePropertyReturnsBadRequest" computerName="VECTOR" duration="00:00:00.0320000" startTime="2018-08-14T05:06:45.2771853-04:00" endTime="2018-08-14T05:06:45.2771913-04:00" testType="13cdc9d9-ddb5-4fa4-a97d-d965ccfc6d4b" outcome="Passed" testListId="8c84fa94-04c1-424b-9868-57a2d4851a1d" relativeResultsDirectory="2ee22753-38ba-4d1e-bf77-5f209e361e22" /><UnitTestResult executionId="22830aa6-723a-4389-ab79-302f0c9026e3" testId="e8a39461-786c-4aca-8d97-e3ce3d991ab2" testName="Put_InvalidReferencePropertyReturndBadRequest" computerName="VECTOR" duration="00:00:00.0190000" startTime="2018-08-14T05:06:33.8211419-04:00" endTime="2018-08-14T05:06:33.8211481-04:00" testType="13cdc9d9-ddb5-4fa4-a97d-d965ccfc6d4b" outcome="Passed" testListId="8c84fa94-04c1-424b-9868-57a2d4851a1d" relativeResultsDirectory="22830aa6-723a-4389-ab79-302f0c9026e3" /><UnitTestResult executionId="4271f547-e9be-4b46-9a62-d53085346005" testId="1932de78-17b8-4921-af10-d84f4e3c328a" testName="Delete_TargetModelIsDeleted" computerName="VECTOR" duration="00:00:00.0360000" startTime="2018-08-14T05:06:44.9397581-04:00" endTime="2018-08-14T05:06:44.9397653-04:00" testType="13cdc9d9-ddb5-4fa4-a97d-d965ccfc6d4b" outcome="Passed" testListId="8c84fa94-04c1-424b-9868-57a2d4851a1d" relativeResultsDirectory="4271f547-e9be-4b46-9a62-d53085346005" /><UnitTestResult executionId="9caec395-a43f-4858-ab10-37af030808a6" testId="f837343f-e29c-4b64-b61f-321fc5ba0a2b" testName="GetSingle_ValidIdPropertyValueReturnsCorrectModel" computerName="VECTOR" duration="00:00:00.0160000" startTime="2018-08-14T05:06:34.0530368-04:00" endTime="2018-08-14T05:06:34.0530428-04:00" testType="13cdc9d9-ddb5-4fa4-a97d-d965ccfc6d4b" outcome="Passed" testListId="8c84fa94-04c1-424b-9868-57a2d4851a1d" relativeResultsDirectory="9caec395-a43f-4858-ab10-37af030808a6" /><UnitTestResult executionId="79ca220a-fd9f-4192-9041-bc3310b9e9ba" testId="324290ea-c3f9-47fb-95d7-b09c3dfcb523" testName="FileRequest_FileCanBeReadAfterRename" computerName="VECTOR" duration="00:00:00.1190000" startTime="2018-08-14T05:06:44.7819378-04:00" endTime="2018-08-14T05:06:44.7819447-04:00" testType="13cdc9d9-ddb5-4fa4-a97d-d965ccfc6d4b" outcome="Passed" testListId="8c84fa94-04c1-424b-9868-57a2d4851a1d" relativeResultsDirectory="79ca220a-fd9f-4192-9041-bc3310b9e9ba" /><UnitTestResult executionId="28d702c6-a73d-4715-bd2d-7bdb8b7c1935" testId="acca890b-9c0a-42bd-8c63-cce229a9c696" testName="PostFile_FileTimeStampIsUpdatedAfterFileIsPosted" computerName="VECTOR" duration="00:00:01.2360000" startTime="2018-08-14T05:06:46.8198141-04:00" endTime="2018-08-14T05:06:46.8198198-04:00" testType="13cdc9d9-ddb5-4fa4-a97d-d965ccfc6d4b" outcome="Passed" testListId="8c84fa94-04c1-424b-9868-57a2d4851a1d" relativeResultsDirectory="28d702c6-a73d-4715-bd2d-7bdb8b7c1935" /><UnitTestResult executionId="86b392ff-5345-4573-828e-b98752fac410" testId="3f283112-95d6-46dc-b20e-1b3e6fab233d" testName="Patch_InvalidIdPropertyReturnsNotFound" computerName="VECTOR" duration="00:00:00.0130000" startTime="2018-08-14T05:06:32.0454888-04:00" endTime="2018-08-14T05:06:32.0454935-04:00" testType="13cdc9d9-ddb5-4fa4-a97d-d965ccfc6d4b" outcome="Passed" testListId="8c84fa94-04c1-424b-9868-57a2d4851a1d" relativeResultsDirectory="86b392ff-5345-4573-828e-b98752fac410" /><UnitTestResult executionId="df994773-06c9-49de-b209-06ff8f973678" testId="0f2ef4b5-d874-4f13-a0a7-f5017034e1a2" testName="GetList_ListReturnsCorrectCount" computerName="VECTOR" duration="00:00:00.0200000" startTime="2018-08-14T05:06:44.8366388-04:00" endTime="2018-08-14T05:06:44.8366437-04:00" testType="13cdc9d9-ddb5-4fa4-a97d-d965ccfc6d4b" outcome="Passed" testListId="8c84fa94-04c1-424b-9868-57a2d4851a1d" relativeResultsDirectory="df994773-06c9-49de-b209-06ff8f973678" /><UnitTestResult executionId="fd4d500f-5c94-47f2-a1b9-21983d467dd8" testId="1431b7d9-d97b-4adc-a463-5bd07bea9c00" testName="GetFile_NonExistentFileReturnsNotFound" computerName="VECTOR" duration="00:00:00.0160000" startTime="2018-08-14T05:06:47.4095354-04:00" endTime="2018-08-14T05:06:47.4095419-04:00" testType="13cdc9d9-ddb5-4fa4-a97d-d965ccfc6d4b" outcome="Passed" testListId="8c84fa94-04c1-424b-9868-57a2d4851a1d" relativeResultsDirectory="fd4d500f-5c94-47f2-a1b9-21983d467dd8" /><UnitTestResult executionId="a9a6f4c7-318c-49e0-bae1-52457837decf" testId="00fde50a-7050-455c-a566-a97ea37d5562" testName="Patch_MultipleInvalidReferencePropertiesReturnsMultipleValidationErrorsAndBadRequest" computerName="VECTOR" duration="00:00:00.0090000" startTime="2018-08-14T05:06:31.1572063-04:00" endTime="2018-08-14T05:06:31.1572092-04:00" testType="13cdc9d9-ddb5-4fa4-a97d-d965ccfc6d4b" outcome="Passed" testListId="8c84fa94-04c1-424b-9868-57a2d4851a1d" relativeResultsDirectory="a9a6f4c7-318c-49e0-bae1-52457837decf" /><UnitTestResult executionId="fdfc882b-3d38-4972-bba1-043df1196773" testId="51e0617c-b17f-462a-b936-16bd6b9889ae" testName="GetFile_NonExistentFileReturnsNotFound" computerName="VECTOR" duration="00:00:00.0270000" startTime="2018-08-14T05:06:36.9327151-04:00" endTime="2018-08-14T05:06:36.9327210-04:00" testType="13cdc9d9-ddb5-4fa4-a97d-d965ccfc6d4b" outcome="Passed" testListId="8c84fa94-04c1-424b-9868-57a2d4851a1d" relativeResultsDirectory="fdfc882b-3d38-4972-bba1-043df1196773" /><UnitTestResult executionId="d5db06a8-8e8c-49b7-b4a4-1a116c8c326b" testId="5f7cb9d9-e2fe-4022-92e4-e5a377a8d74e" testName="Put_ValidReferencePropertyUpdatesModel" computerName="VECTOR" duration="00:00:00.0630000" startTime="2018-08-14T05:06:36.4696145-04:00" endTime="2018-08-14T05:06:36.4696206-04:00" testType="13cdc9d9-ddb5-4fa4-a97d-d965ccfc6d4b" outcome="Passed" testListId="8c84fa94-04c1-424b-9868-57a2d4851a1d" relativeResultsDirectory="d5db06a8-8e8c-49b7-b4a4-1a116c8c326b" /><UnitTestResult executionId="0858e2d0-02c9-45ae-b7f8-d9867988162c" testId="a29d2a99-8092-48c0-9474-c973ae2118c3" testName="GetSingle_InvalidIdPropertyValueReturnsNotFound" computerName="VECTOR" duration="00:00:00.0130000" startTime="2018-08-14T05:06:34.0365533-04:00" endTime="2018-08-14T05:06:34.0365573-04:00" testType="13cdc9d9-ddb5-4fa4-a97d-d965ccfc6d4b" outcome="Passed" testListId="8c84fa94-04c1-424b-9868-57a2d4851a1d" relativeResultsDirectory="0858e2d0-02c9-45ae-b7f8-d9867988162c" /><UnitTestResult executionId="ec6a0c91-8bbb-44c1-a19a-0033ad3d2357" testId="5e0729af-8f4b-4afa-ac55-4fd88a147d77" testName="Patch_InvalidReferencePropertyReturnsBadRequest" computerName="VECTOR" duration="00:00:00.0250000" startTime="2018-08-14T05:06:32.1818067-04:00" endTime="2018-08-14T05:06:32.1818132-04:00" testType="13cdc9d9-ddb5-4fa4-a97d-d965ccfc6d4b" outcome="Passed" testListId="8c84fa94-04c1-424b-9868-57a2d4851a1d" relativeResultsDirectory="ec6a0c91-8bbb-44c1-a19a-0033ad3d2357" /><UnitTestResult executionId="6a378535-bc5e-4e78-a4b3-24c6167d62f4" testId="d4cf0241-6722-4004-b081-de5122efbbdd" testName="Post_InvalidReferencePropertyReturnsBadRequest" computerName="VECTOR" duration="00:00:00.0140000" startTime="2018-08-14T05:06:34.0677186-04:00" endTime="2018-08-14T05:06:34.0677239-04:00" testType="13cdc9d9-ddb5-4fa4-a97d-d965ccfc6d4b" outcome="Passed" testListId="8c84fa94-04c1-424b-9868-57a2d4851a1d" relativeResultsDirectory="6a378535-bc5e-4e78-a4b3-24c6167d62f4" /><UnitTestResult executionId="54930e56-a724-4234-8edf-3c9cb77d5809" testId="cfe8dae7-24f3-4e32-968f-5b54e9b45cf5" testName="PostFile_NewFileCanBePosted" computerName="VECTOR" duration="00:00:00.0700000" startTime="2018-08-14T05:06:33.0608437-04:00" endTime="2018-08-14T05:06:33.0608479-04:00" testType="13cdc9d9-ddb5-4fa4-a97d-d965ccfc6d4b" outcome="Passed" testListId="8c84fa94-04c1-424b-9868-57a2d4851a1d" relativeResultsDirectory="54930e56-a724-4234-8edf-3c9cb77d5809" /><UnitTestResult executionId="858738e8-014e-4a3a-9c27-e26704f13bce" testId="502930c3-926d-4b04-a752-1f6f13652c67" testName="PostFile_NewFileCanBePosted" computerName="VECTOR" duration="00:00:00.0800000" startTime="2018-08-14T05:06:40.6109687-04:00" endTime="2018-08-14T05:06:40.6109729-04:00" testType="13cdc9d9-ddb5-4fa4-a97d-d965ccfc6d4b" outcome="Passed" testListId="8c84fa94-04c1-424b-9868-57a2d4851a1d" relativeResultsDirectory="858738e8-014e-4a3a-9c27-e26704f13bce" /><UnitTestResult executionId="cdc97e51-f66f-4aeb-bd05-1d6dc02ad090" testId="b038e7e4-daac-49a7-9b3e-899ff989f69f" testName="GetFile_FileCanBeRoundTripped" computerName="VECTOR" duration="00:00:00.0900000" startTime="2018-08-14T05:06:47.7255475-04:00" endTime="2018-08-14T05:06:47.7255528-04:00" testType="13cdc9d9-ddb5-4fa4-a97d-d965ccfc6d4b" outcome="Passed" testListId="8c84fa94-04c1-424b-9868-57a2d4851a1d" relativeResultsDirectory="cdc97e51-f66f-4aeb-bd05-1d6dc02ad090" /><UnitTestResult executionId="eb1d8c89-bdad-4a92-8d05-0b0583619427" testId="1a35c49c-6481-42d0-b5c4-aa062cdd519a" testName="PutFile_NewFileCanBePut" computerName="VECTOR" duration="00:00:00.1350000" startTime="2018-08-14T05:06:32.3843764-04:00" endTime="2018-08-14T05:06:32.3843809-04:00" testType="13cdc9d9-ddb5-4fa4-a97d-d965ccfc6d4b" outcome="Passed" testListId="8c84fa94-04c1-424b-9868-57a2d4851a1d" relativeResultsDirectory="eb1d8c89-bdad-4a92-8d05-0b0583619427" /><UnitTestResult executionId="8926d193-112a-4cee-87c1-79d0a8cbcf78" testId="085440ac-bc02-447f-a436-094a09f17018" testName="Patch_InvalidEnumPropertyValueReturnsBadRequest" computerName="VECTOR" duration="00:00:00.0150000" startTime="2018-08-14T05:06:32.1337101-04:00" endTime="2018-08-14T05:06:32.1337160-04:00" testType="13cdc9d9-ddb5-4fa4-a97d-d965ccfc6d4b" outcome="Passed" testListId="8c84fa94-04c1-424b-9868-57a2d4851a1d" relativeResultsDirectory="8926d193-112a-4cee-87c1-79d0a8cbcf78" /><UnitTestResult executionId="818085a0-058f-49a7-9752-7d906f8bfc5e" testId="47d6fde5-2f40-4065-a6be-fccb51b619b4" testName="Put_ValidReferencePropertyUpdatesModel" computerName="VECTOR" duration="00:00:00.1890000" startTime="2018-08-14T05:06:45.2452383-04:00" endTime="2018-08-14T05:06:45.2452444-04:00" testType="13cdc9d9-ddb5-4fa4-a97d-d965ccfc6d4b" outcome="Passed" testListId="8c84fa94-04c1-424b-9868-57a2d4851a1d" relativeResultsDirectory="818085a0-058f-49a7-9752-7d906f8bfc5e" /><UnitTestResult executionId="d2d82005-9919-4081-8d45-629730e834af" testId="11908e11-ebda-4b40-a1b3-824e356ea32f" testName="Patch_ValidReferencePropertyUpdatesModel" computerName="VECTOR" duration="00:00:00.0540000" startTime="2018-08-14T05:06:31.9883675-04:00" endTime="2018-08-14T05:06:31.9883739-04:00" testType="13cdc9d9-ddb5-4fa4-a97d-d965ccfc6d4b" outcome="Passed" testListId="8c84fa94-04c1-424b-9868-57a2d4851a1d" relativeResultsDirectory="d2d82005-9919-4081-8d45-629730e834af" /><UnitTestResult executionId="609e7707-1358-4d06-b140-801680b0f925" testId="77cf435d-baf8-4b05-8237-cf382794045c" testName="Post_ValidReferencePropertyCreatesModel" computerName="VECTOR" duration="00:00:00.0240000" startTime="2018-08-14T05:06:33.8017575-04:00" endTime="2018-08-14T05:06:33.8017637-04:00" testType="13cdc9d9-ddb5-4fa4-a97d-d965ccfc6d4b" outcome="Passed" testListId="8c84fa94-04c1-424b-9868-57a2d4851a1d" relativeResultsDirectory="609e7707-1358-4d06-b140-801680b0f925" /><UnitTestResult executionId="820edc45-7a24-4b9f-94a1-4d2ad5dc262f" testId="276754b7-0417-4879-baaf-fd15bb72ccea" testName="Patch_TargetPropertyIsUpdated" computerName="VECTOR" duration="00:00:00.0660000" startTime="2018-08-14T05:06:30.9795493-04:00" endTime="2018-08-14T05:06:30.9795557-04:00" testType="13cdc9d9-ddb5-4fa4-a97d-d965ccfc6d4b" outcome="Passed" testListId="8c84fa94-04c1-424b-9868-57a2d4851a1d" relativeResultsDirectory="820edc45-7a24-4b9f-94a1-4d2ad5dc262f" /><UnitTestResult executionId="6b44ca1b-1b7f-48fe-a1c2-cf41d75011e1" testId="39a816d5-2ee8-43e3-a2b5-36b037b1a302" testName="Patch_TargetPropertyIsUpdated" computerName="VECTOR" duration="00:00:00.0550000" startTime="2018-08-14T05:06:48.2695116-04:00" endTime="2018-08-14T05:06:48.2695177-04:00" testType="13cdc9d9-ddb5-4fa4-a97d-d965ccfc6d4b" outcome="Passed" testListId="8c84fa94-04c1-424b-9868-57a2d4851a1d" relativeResultsDirectory="6b44ca1b-1b7f-48fe-a1c2-cf41d75011e1" /><UnitTestResult executionId="5d4012b3-e051-4e05-b331-73e59e60fb8b" testId="952016c4-b3a9-4eee-b38d-e81fad4956a4" testName="Put_CanUpdateModel" computerName="VECTOR" duration="00:00:00.0630000" startTime="2018-08-14T05:06:47.9398438-04:00" endTime="2018-08-14T05:06:47.9398502-04:00" testType="13cdc9d9-ddb5-4fa4-a97d-d965ccfc6d4b" outcome="Passed" testListId="8c84fa94-04c1-424b-9868-57a2d4851a1d" relativeResultsDirectory="5d4012b3-e051-4e05-b331-73e59e60fb8b" /><UnitTestResult executionId="2c9089a3-d02d-4c19-bcc7-23c5e26c90e2" testId="d2e6d100-f9af-4339-874c-5eebed3aeb78" testName="Post_InvalidPropertyValueReturnsBadRequest" computerName="VECTOR" duration="00:00:00.0190000" startTime="2018-08-14T05:06:36.9044470-04:00" endTime="2018-08-14T05:06:36.9044526-04:00" testType="13cdc9d9-ddb5-4fa4-a97d-d965ccfc6d4b" outcome="Passed" testListId="8c84fa94-04c1-424b-9868-57a2d4851a1d" relativeResultsDirectory="2c9089a3-d02d-4c19-bcc7-23c5e26c90e2" /><UnitTestResult executionId="30c38338-8b4a-4121-ba2a-729417c39628" testId="ec828548-05b5-46e4-a2d4-4f65a5063c4b" testName="PostFile_FileIsSynchronizedIsUpdatedAfterFileIsPosted" computerName="VECTOR" duration="00:00:00.0100000" startTime="2018-08-14T05:06:33.1676568-04:00" endTime="2018-08-14T05:06:33.1676618-04:00" testType="13cdc9d9-ddb5-4fa4-a97d-d965ccfc6d4b" outcome="Passed" testListId="8c84fa94-04c1-424b-9868-57a2d4851a1d" relativeResultsDirectory="30c38338-8b4a-4121-ba2a-729417c39628" /><UnitTestResult executionId="adb8dd16-3743-487f-ab1f-51bcafeb0af2" testId="0cef608d-38c0-44d3-92b6-b85170bbc0fa" testName="GetList_ListReturnsCorrectCount" computerName="VECTOR" duration="00:00:00.0210000" startTime="2018-08-14T05:06:32.1178075-04:00" endTime="2018-08-14T05:06:32.1178130-04:00" testType="13cdc9d9-ddb5-4fa4-a97d-d965ccfc6d4b" outcome="Passed" testListId="8c84fa94-04c1-424b-9868-57a2d4851a1d" relativeResultsDirectory="adb8dd16-3743-487f-ab1f-51bcafeb0af2" /><UnitTestResult executionId="d54bb3a5-a568-44cf-9fca-2ee5da4893eb" testId="95d28b64-e5f2-4697-b8d2-848ada5339bc" testName="Put_CanUpdateModel" computerName="VECTOR" duration="00:00:00.0600000" startTime="2018-08-14T05:06:34.0235146-04:00" endTime="2018-08-14T05:06:34.0235210-04:00" testType="13cdc9d9-ddb5-4fa4-a97d-d965ccfc6d4b" outcome="Passed" testListId="8c84fa94-04c1-424b-9868-57a2d4851a1d" relativeResultsDirectory="d54bb3a5-a568-44cf-9fca-2ee5da4893eb" /><UnitTestResult executionId="dbd170d0-b398-49cf-8ad8-bda53f266f51" testId="bbb8c02b-0266-45ef-82f6-39c5accff078" testName="GetList_ListReturnsCorrectCount" computerName="VECTOR" duration="00:00:00.0150000" startTime="2018-08-14T05:06:47.8345566-04:00" endTime="2018-08-14T05:06:47.8345622-04:00" testType="13cdc9d9-ddb5-4fa4-a97d-d965ccfc6d4b" outcome="Passed" testListId="8c84fa94-04c1-424b-9868-57a2d4851a1d" relativeResultsDirectory="dbd170d0-b398-49cf-8ad8-bda53f266f51" /><UnitTestResult executionId="33890529-f92f-48ad-871e-888ee9ceafad" testId="78e48dce-5f24-49ed-9cf3-b6aa420a9b94" testName="Patch_TargetPropertyIsUpdated" computerName="VECTOR" duration="00:00:00.0560000" startTime="2018-08-14T05:06:33.9633449-04:00" endTime="2018-08-14T05:06:33.9633512-04:00" testType="13cdc9d9-ddb5-4fa4-a97d-d965ccfc6d4b" outcome="Passed" testListId="8c84fa94-04c1-424b-9868-57a2d4851a1d" relativeResultsDirectory="33890529-f92f-48ad-871e-888ee9ceafad" /><UnitTestResult executionId="d7db3dd6-22a9-4acd-b3cd-4558c71e0c76" testId="8ff09204-5bc8-4c83-97ef-b86746cd7c1f" testName="Patch_InvalidEnumPropertyValueReturnsBadRequest" computerName="VECTOR" duration="00:00:00.0090000" startTime="2018-08-14T05:06:31.0801317-04:00" endTime="2018-08-14T05:06:31.0801346-04:00" testType="13cdc9d9-ddb5-4fa4-a97d-d965ccfc6d4b" outcome="Passed" testListId="8c84fa94-04c1-424b-9868-57a2d4851a1d" relativeResultsDirectory="d7db3dd6-22a9-4acd-b3cd-4558c71e0c76" /><UnitTestResult executionId="11c6d116-7646-42a4-ae1e-961eb76e4902" testId="7c29a061-c049-45da-9651-767073eea9e3" testName="Post_InvalidReferencePropertyReturnsBadRequest" computerName="VECTOR" duration="00:00:00.0180000" startTime="2018-08-14T05:06:45.3222302-04:00" endTime="2018-08-14T05:06:45.3222366-04:00" testType="13cdc9d9-ddb5-4fa4-a97d-d965ccfc6d4b" outcome="Passed" testListId="8c84fa94-04c1-424b-9868-57a2d4851a1d" relativeResultsDirectory="11c6d116-7646-42a4-ae1e-961eb76e4902" /><UnitTestResult executionId="c6eb349f-2aea-4bbb-aba9-0a0d7dcf0fd2" testId="b081ec8c-3b18-4c8c-b59a-313acbc1eabb" testName="Delete_TargetModelIsDeleted" computerName="VECTOR" duration="00:00:00.2280000" startTime="2018-08-14T05:06:30.9128277-04:00" endTime="2018-08-14T05:06:30.9128340-04:00" testType="13cdc9d9-ddb5-4fa4-a97d-d965ccfc6d4b" outcome="Passed" testListId="8c84fa94-04c1-424b-9868-57a2d4851a1d" relativeResultsDirectory="c6eb349f-2aea-4bbb-aba9-0a0d7dcf0fd2" /><UnitTestResult executionId="ac6fda14-3e19-4d4b-8c69-401317dc3f88" testId="d73340ef-013a-43f0-a042-1cf5019e4f33" testName="Put_InvalidIdReturnsNotFound" computerName="VECTOR" duration="00:00:00.0790000" startTime="2018-08-14T05:06:35.1783112-04:00" endTime="2018-08-14T05:06:35.1783173-04:00" testType="13cdc9d9-ddb5-4fa4-a97d-d965ccfc6d4b" outcome="Passed" testListId="8c84fa94-04c1-424b-9868-57a2d4851a1d" relativeResultsDirectory="ac6fda14-3e19-4d4b-8c69-401317dc3f88" /><UnitTestResult executionId="f6225a97-b814-468d-8bda-29b986a29ac6" testId="c01f67be-ccd9-46bf-8ec2-34409e4dc5be" testName="MeshTransformHasExpectedDependentFiles" computerName="VECTOR" duration="00:00:00.0010000" startTime="2018-08-14T05:06:29.9306926-04:00" endTime="2018-08-14T05:06:29.9306940-04:00" testType="13cdc9d9-ddb5-4fa4-a97d-d965ccfc6d4b" outcome="Passed" testListId="8c84fa94-04c1-424b-9868-57a2d4851a1d" relativeResultsDirectory="f6225a97-b814-468d-8bda-29b986a29ac6" /><UnitTestResult executionId="97aec5d7-9691-4f39-a4b9-ffc963ffb711" testId="ae6c015d-daca-47b8-a196-e127e4a5aa28" testName="Put_InvalidReferencePropertyReturndBadRequest" computerName="VECTOR" duration="00:00:00.0220000" startTime="2018-08-14T05:06:47.9627483-04:00" endTime="2018-08-14T05:06:47.9627540-04:00" testType="13cdc9d9-ddb5-4fa4-a97d-d965ccfc6d4b" outcome="Passed" testListId="8c84fa94-04c1-424b-9868-57a2d4851a1d" relativeResultsDirectory="97aec5d7-9691-4f39-a4b9-ffc963ffb711" /><UnitTestResult executionId="9ed62ba3-8393-4e80-aa8e-67e73583cd14" testId="0ecfae4d-8d24-455a-9b2f-b14b8b42eae9" testName="Delete_TargetModelIsDeleted" computerName="VECTOR" duration="00:00:00.0250000" startTime="2018-08-14T05:06:32.2072419-04:00" endTime="2018-08-14T05:06:32.2072479-04:00" testType="13cdc9d9-ddb5-4fa4-a97d-d965ccfc6d4b" outcome="Passed" testListId="8c84fa94-04c1-424b-9868-57a2d4851a1d" relativeResultsDirectory="9ed62ba3-8393-4e80-aa8e-67e73583cd14" /><UnitTestResult executionId="839a13e0-6e7a-4285-a1e0-1aea61ec893a" testId="ab48dcd0-405d-459b-b3a9-25345041724a" testName="Post_CanCreateNewModel" computerName="VECTOR" duration="00:00:00.0330000" startTime="2018-08-14T05:06:44.9936542-04:00" endTime="2018-08-14T05:06:44.9936599-04:00" testType="13cdc9d9-ddb5-4fa4-a97d-d965ccfc6d4b" outcome="Passed" testListId="8c84fa94-04c1-424b-9868-57a2d4851a1d" relativeResultsDirectory="839a13e0-6e7a-4285-a1e0-1aea61ec893a" /><UnitTestResult executionId="9dc6a43d-7525-45df-bd89-f4fc53ef1c1d" testId="64d4ffd9-582c-4663-8ddf-9b4d9675a3bf" testName="GetFile_ExistingFileReturnsSuccess" computerName="VECTOR" duration="00:00:00.2380000" startTime="2018-08-14T05:06:32.8104852-04:00" endTime="2018-08-14T05:06:32.8104925-04:00" testType="13cdc9d9-ddb5-4fa4-a97d-d965ccfc6d4b" outcome="Passed" testListId="8c84fa94-04c1-424b-9868-57a2d4851a1d" relativeResultsDirectory="9dc6a43d-7525-45df-bd89-f4fc53ef1c1d" /><UnitTestResult executionId="273d535d-802a-453e-be59-ccf944a4f4f1" testId="dc962d2c-97b1-4b0e-aeae-c7a2eed51edb" testName="Patch_MultipleInvalidReferencePropertiesReturnsMultipleValidationErrorsAndBadRequest" computerName="VECTOR" duration="00:00:00.0260000" startTime="2018-08-14T05:06:32.0965933-04:00" endTime="2018-08-14T05:06:32.0965993-04:00" testType="13cdc9d9-ddb5-4fa4-a97d-d965ccfc6d4b" outcome="Passed" testListId="8c84fa94-04c1-424b-9868-57a2d4851a1d" relativeResultsDirectory="273d535d-802a-453e-be59-ccf944a4f4f1" /><UnitTestResult executionId="8f6474d2-6a31-4f23-bd8b-e2ca67d954da" testId="0b6b2ba2-96e3-4495-b616-a7d20e08b127" testName="Patch_InvalidEnumPropertyValueReturnsBadRequest" computerName="VECTOR" duration="00:00:00.0220000" startTime="2018-08-14T05:06:36.4919057-04:00" endTime="2018-08-14T05:06:36.4919121-04:00" testType="13cdc9d9-ddb5-4fa4-a97d-d965ccfc6d4b" outcome="Passed" testListId="8c84fa94-04c1-424b-9868-57a2d4851a1d" relativeResultsDirectory="8f6474d2-6a31-4f23-bd8b-e2ca67d954da" /><UnitTestResult executionId="e552393e-9187-4884-b450-076dba46bdc3" testId="5eb6dece-3208-46f7-b141-c0ef77426e42" testName="Patch_MultipleInvalidReferencePropertiesReturnsMultipleValidationErrorsAndBadRequest" computerName="VECTOR" duration="00:00:00.0350000" startTime="2018-08-14T05:06:36.7440969-04:00" endTime="2018-08-14T05:06:36.7441030-04:00" testType="13cdc9d9-ddb5-4fa4-a97d-d965ccfc6d4b" outcome="Passed" testListId="8c84fa94-04c1-424b-9868-57a2d4851a1d" relativeResultsDirectory="e552393e-9187-4884-b450-076dba46bdc3" /><UnitTestResult executionId="d4e75c3e-2d19-4366-bcd4-d079ef0a9a60" testId="94dd4c67-6509-49a3-b725-62cba52a6228" testName="Put_ValidReferencePropertyUpdatesModel" computerName="VECTOR" duration="00:00:00.0430000" startTime="2018-08-14T05:06:32.0319616-04:00" endTime="2018-08-14T05:06:32.0319678-04:00" testType="13cdc9d9-ddb5-4fa4-a97d-d965ccfc6d4b" outcome="Passed" testListId="8c84fa94-04c1-424b-9868-57a2d4851a1d" relativeResultsDirectory="d4e75c3e-2d19-4366-bcd4-d079ef0a9a60" /><UnitTestResult executionId="756ce3cb-37ea-4133-b25b-1b24e11ead29" testId="ff11e837-68af-433e-843c-356921663647" testName="GetList_ListReturnsCorrectCount" computerName="VECTOR" duration="00:00:00.0160000" startTime="2018-08-14T05:06:31.1482943-04:00" endTime="2018-08-14T05:06:31.1482981-04:00" testType="13cdc9d9-ddb5-4fa4-a97d-d965ccfc6d4b" outcome="Passed" testListId="8c84fa94-04c1-424b-9868-57a2d4851a1d" relativeResultsDirectory="756ce3cb-37ea-4133-b25b-1b24e11ead29" /><UnitTestResult executionId="4a4db957-6c7f-4a9c-9525-7e92ec91f6f3" testId="69e26883-efcc-4c59-bb9c-39cfbff17a54" testName="PostFile_FileIsSynchronizedIsUpdatedAfterFileIsPosted" computerName="VECTOR" duration="00:00:00.0710000" startTime="2018-08-14T05:06:47.5590182-04:00" endTime="2018-08-14T05:06:47.5590223-04:00" testType="13cdc9d9-ddb5-4fa4-a97d-d965ccfc6d4b" outcome="Passed" testListId="8c84fa94-04c1-424b-9868-57a2d4851a1d" relativeResultsDirectory="4a4db957-6c7f-4a9c-9525-7e92ec91f6f3" /><UnitTestResult executionId="c3b7de48-0b56-4d57-b945-cd4fd008c265" testId="8f7cb0cb-2517-4843-b16b-db91acbfec4b" testName="Post_ValidReferencePropertyCreatesModel" computerName="VECTOR" duration="00:00:00.0110000" startTime="2018-08-14T05:06:30.6809279-04:00" endTime="2018-08-14T05:06:30.6809301-04:00" testType="13cdc9d9-ddb5-4fa4-a97d-d965ccfc6d4b" outcome="Passed" testListId="8c84fa94-04c1-424b-9868-57a2d4851a1d" relativeResultsDirectory="c3b7de48-0b56-4d57-b945-cd4fd008c265" /><UnitTestResult executionId="c7b601bc-3443-46eb-8fd5-44bb9a864d7a" testId="7e553add-ce45-478c-a33a-528c4a5ff3c9" testName="Post_CanCreateNewModel" computerName="VECTOR" duration="00:00:00.0280000" startTime="2018-08-14T05:06:33.6306557-04:00" endTime="2018-08-14T05:06:33.6306624-04:00" testType="13cdc9d9-ddb5-4fa4-a97d-d965ccfc6d4b" outcome="Passed" testListId="8c84fa94-04c1-424b-9868-57a2d4851a1d" relativeResultsDirectory="c7b601bc-3443-46eb-8fd5-44bb9a864d7a" /><UnitTestResult executionId="076461e3-c238-4caa-8492-320cdc497ca5" testId="08ea92df-9bc1-4321-a722-5c1ed2e186fa" testName="FileRequest_FileCanBeReadAfterRename" computerName="VECTOR" duration="00:00:00.1790000" startTime="2018-08-14T05:06:32.9902954-04:00" endTime="2018-08-14T05:06:32.9903018-04:00" testType="13cdc9d9-ddb5-4fa4-a97d-d965ccfc6d4b" outcome="Passed" testListId="8c84fa94-04c1-424b-9868-57a2d4851a1d" relativeResultsDirectory="076461e3-c238-4caa-8492-320cdc497ca5" /><UnitTestResult executionId="af7ac248-a8e1-438b-888e-8dcd757c4404" testId="7561ec53-230b-46c1-9e5c-4633a5bc15f7" testName="Post_ValidReferencePropertyCreatesModel" computerName="VECTOR" duration="00:00:00.0300000" startTime="2018-08-14T05:06:45.4967631-04:00" endTime="2018-08-14T05:06:45.4967693-04:00" testType="13cdc9d9-ddb5-4fa4-a97d-d965ccfc6d4b" outcome="Passed" testListId="8c84fa94-04c1-424b-9868-57a2d4851a1d" relativeResultsDirectory="af7ac248-a8e1-438b-888e-8dcd757c4404" /><UnitTestResult executionId="20b41417-a0da-44bf-8b9f-47689f8a1197" testId="f3afcc20-ce91-43f3-bc87-9ae9a5efadf2" testName="GetSingle_InvalidIdPropertyValueReturnsNotFound" computerName="VECTOR" duration="00:00:00.0240000" startTime="2018-08-14T05:06:31.8501331-04:00" endTime="2018-08-14T05:06:31.8501395-04:00" testType="13cdc9d9-ddb5-4fa4-a97d-d965ccfc6d4b" outcome="Passed" testListId="8c84fa94-04c1-424b-9868-57a2d4851a1d" relativeResultsDirectory="20b41417-a0da-44bf-8b9f-47689f8a1197" /><UnitTestResult executionId="e673fc3b-bfcd-4be1-8de9-fcb38ae9381e" testId="31482b12-aa2f-4e9a-bc27-6ed71f2ba972" testName="GetList_ListReturnsCorrectCount" computerName="VECTOR" duration="00:00:01.0300000" startTime="2018-08-14T05:06:35.0988137-04:00" endTime="2018-08-14T05:06:35.0988195-04:00" testType="13cdc9d9-ddb5-4fa4-a97d-d965ccfc6d4b" outcome="Passed" testListId="8c84fa94-04c1-424b-9868-57a2d4851a1d" relativeResultsDirectory="e673fc3b-bfcd-4be1-8de9-fcb38ae9381e" /><UnitTestResult executionId="5b16da66-21c3-4f44-a7d6-1bfe474016b3" testId="e84db55a-10d2-417d-b6af-1be75595fe8f" testName="PostFile_NewFileCanBePosted" computerName="VECTOR" duration="00:00:00.0750000" startTime="2018-08-14T05:06:47.6348725-04:00" endTime="2018-08-14T05:06:47.6348776-04:00" testType="13cdc9d9-ddb5-4fa4-a97d-d965ccfc6d4b" outcome="Passed" testListId="8c84fa94-04c1-424b-9868-57a2d4851a1d" relativeResultsDirectory="5b16da66-21c3-4f44-a7d6-1bfe474016b3" /><UnitTestResult executionId="5e0331df-7374-4d5c-be48-7af9b36c3128" testId="e5ccad55-cf35-4966-b04c-5556d5932448" testName="Post_InvalidPropertyValueReturnsBadRequest" computerName="VECTOR" duration="00:00:00.0160000" startTime="2018-08-14T05:06:45.3875217-04:00" endTime="2018-08-14T05:06:45.3875332-04:00" testType="13cdc9d9-ddb5-4fa4-a97d-d965ccfc6d4b" outcome="Passed" testListId="8c84fa94-04c1-424b-9868-57a2d4851a1d" relativeResultsDirectory="5e0331df-7374-4d5c-be48-7af9b36c3128" /><UnitTestResult executionId="6511437e-433a-4faa-8160-24e6723ff8e2" testId="f0e9497c-c5cf-442f-85f1-f0c5e0393297" testName="GetSingle_ValidIdPropertyValueReturnsCorrectModel" computerName="VECTOR" duration="00:00:00.0140000" startTime="2018-08-14T05:06:31.9339080-04:00" endTime="2018-08-14T05:06:31.9339135-04:00" testType="13cdc9d9-ddb5-4fa4-a97d-d965ccfc6d4b" outcome="Passed" testListId="8c84fa94-04c1-424b-9868-57a2d4851a1d" relativeResultsDirectory="6511437e-433a-4faa-8160-24e6723ff8e2" /><UnitTestResult executionId="82d28391-407e-4de1-97ca-5b53ddb8e3e5" testId="b3f1a1e4-2d4b-4ed9-a1ca-cca74f0ad08d" testName="Post_CanCreateNewModel" computerName="VECTOR" duration="00:00:00.0240000" startTime="2018-08-14T05:06:47.7691962-04:00" endTime="2018-08-14T05:06:47.7692021-04:00" testType="13cdc9d9-ddb5-4fa4-a97d-d965ccfc6d4b" outcome="Passed" testListId="8c84fa94-04c1-424b-9868-57a2d4851a1d" relativeResultsDirectory="82d28391-407e-4de1-97ca-5b53ddb8e3e5" /><UnitTestResult executionId="7c3b8297-6696-4bcb-a14a-48e7fa2a90ff" testId="493906c5-9254-4567-92c2-ac236ffe4524" testName="Patch_InvalidEnumPropertyValueReturnsBadRequest" computerName="VECTOR" duration="00:00:00.0330000" startTime="2018-08-14T05:06:44.8165489-04:00" endTime="2018-08-14T05:06:44.8165548-04:00" testType="13cdc9d9-ddb5-4fa4-a97d-d965ccfc6d4b" outcome="Passed" testListId="8c84fa94-04c1-424b-9868-57a2d4851a1d" relativeResultsDirectory="7c3b8297-6696-4bcb-a14a-48e7fa2a90ff" /><UnitTestResult executionId="2af8cd1c-da43-4122-854e-d58866bfadd4" testId="edd3d904-36ea-495e-8f9c-05fda7ea76cd" testName="Patch_InvalidPropertyNameReturnsBadRequest" computerName="VECTOR" duration="00:00:00.0230000" startTime="2018-08-14T05:06:31.9076844-04:00" endTime="2018-08-14T05:06:31.9076903-04:00" testType="13cdc9d9-ddb5-4fa4-a97d-d965ccfc6d4b" outcome="Passed" testListId="8c84fa94-04c1-424b-9868-57a2d4851a1d" relativeResultsDirectory="2af8cd1c-da43-4122-854e-d58866bfadd4" /><UnitTestResult executionId="cb7bb1e2-05ad-449c-92cf-7ac99927f717" testId="fc138c08-9065-4697-99d3-e5cfe2e4e6f6" testName="GetFile_FileCanBeRoundTripped" computerName="VECTOR" duration="00:00:00.0940000" startTime="2018-08-14T05:06:39.1304577-04:00" endTime="2018-08-14T05:06:39.1304624-04:00" testType="13cdc9d9-ddb5-4fa4-a97d-d965ccfc6d4b" outcome="Passed" testListId="8c84fa94-04c1-424b-9868-57a2d4851a1d" relativeResultsDirectory="cb7bb1e2-05ad-449c-92cf-7ac99927f717" /><UnitTestResult executionId="da3b42e7-5d3d-42d3-a7d0-eddcf7603e91" testId="066f6b84-13d4-40ab-b718-aee8d2be5323" testName="Delete_TargetModelIsDeleted" computerName="VECTOR" duration="00:00:00.0270000" startTime="2018-08-14T05:06:47.8190476-04:00" endTime="2018-08-14T05:06:47.8190535-04:00" testType="13cdc9d9-ddb5-4fa4-a97d-d965ccfc6d4b" outcome="Passed" testListId="8c84fa94-04c1-424b-9868-57a2d4851a1d" relativeResultsDirectory="da3b42e7-5d3d-42d3-a7d0-eddcf7603e91" /><UnitTestResult executionId="34ee5f47-52ba-4e48-84aa-cbdf56e9476a" testId="95ab6b34-353a-4b02-b083-7f00bea4e173" testName="Put_InvalidReferencePropertyReturndBadRequest" computerName="VECTOR" duration="00:00:00.0300000" startTime="2018-08-14T05:06:32.2376473-04:00" endTime="2018-08-14T05:06:32.2376531-04:00" testType="13cdc9d9-ddb5-4fa4-a97d-d965ccfc6d4b" outcome="Passed" testListId="8c84fa94-04c1-424b-9868-57a2d4851a1d" relativeResultsDirectory="34ee5f47-52ba-4e48-84aa-cbdf56e9476a" /><UnitTestResult executionId="b3e8e2b9-417e-4fcd-9578-162d45c8344b" testId="1ea8767e-e3d8-4e45-82b5-96ebc6961694" testName="Patch_InvalidReferencePropertyReturnsBadRequest" computerName="VECTOR" duration="00:00:00.0230000" startTime="2018-08-14T05:06:48.1531761-04:00" endTime="2018-08-14T05:06:48.1531828-04:00" testType="13cdc9d9-ddb5-4fa4-a97d-d965ccfc6d4b" outcome="Passed" testListId="8c84fa94-04c1-424b-9868-57a2d4851a1d" relativeResultsDirectory="b3e8e2b9-417e-4fcd-9578-162d45c8344b" /><UnitTestResult executionId="d9b9ae28-7285-4c73-9a37-2822f37d56c9" testId="dd023f2d-c7b4-4661-89bd-c46593375471" testName="Put_InvalidIdReturnsNotFound" computerName="VECTOR" duration="00:00:00.0390000" startTime="2018-08-14T05:06:31.0565042-04:00" endTime="2018-08-14T05:06:31.0565099-04:00" testType="13cdc9d9-ddb5-4fa4-a97d-d965ccfc6d4b" outcome="Passed" testListId="8c84fa94-04c1-424b-9868-57a2d4851a1d" relativeResultsDirectory="d9b9ae28-7285-4c73-9a37-2822f37d56c9" /><UnitTestResult executionId="e7027cba-133f-4313-bc1c-39a8bf0dddd9" testId="0aa9c7f1-5874-485a-bbab-00adbddc893f" testName="Put_CanUpdateModel" computerName="VECTOR" duration="00:00:00.5150000" startTime="2018-08-14T05:06:36.4064222-04:00" endTime="2018-08-14T05:06:36.4064286-04:00" testType="13cdc9d9-ddb5-4fa4-a97d-d965ccfc6d4b" outcome="Passed" testListId="8c84fa94-04c1-424b-9868-57a2d4851a1d" relativeResultsDirectory="e7027cba-133f-4313-bc1c-39a8bf0dddd9" /><UnitTestResult executionId="e7c81de0-8e0f-42b0-83e4-0f5c551a5e4b" testId="4908b295-6a3a-4346-bbd1-d64309536299" testName="GetSingle_InvalidIdPropertyValueReturnsNotFound" computerName="VECTOR" duration="00:00:00.0160000" startTime="2018-08-14T05:06:45.4658714-04:00" endTime="2018-08-14T05:06:45.4658766-04:00" testType="13cdc9d9-ddb5-4fa4-a97d-d965ccfc6d4b" outcome="Passed" testListId="8c84fa94-04c1-424b-9868-57a2d4851a1d" relativeResultsDirectory="e7c81de0-8e0f-42b0-83e4-0f5c551a5e4b" /><UnitTestResult executionId="abcc0191-a3d7-4015-9101-f11fd0e4e06e" testId="46b74a87-82bf-4ae6-8cb5-049c6d49e7e5" testName="Patch_InvalidIdPropertyReturnsNotFound" computerName="VECTOR" duration="00:00:00.0200000" startTime="2018-08-14T05:06:44.9602836-04:00" endTime="2018-08-14T05:06:44.9602893-04:00" testType="13cdc9d9-ddb5-4fa4-a97d-d965ccfc6d4b" outcome="Passed" testListId="8c84fa94-04c1-424b-9868-57a2d4851a1d" relativeResultsDirectory="abcc0191-a3d7-4015-9101-f11fd0e4e06e" /><UnitTestResult executionId="82922356-5d76-453e-9c85-625997b64df6" testId="4f8a8ff9-d112-49d2-a832-dc1a7f45b3e6" testName="Put_ValidReferencePropertyUpdatesModel" computerName="VECTOR" duration="00:00:00.0960000" startTime="2018-08-14T05:06:33.7620286-04:00" endTime="2018-08-14T05:06:33.7620350-04:00" testType="13cdc9d9-ddb5-4fa4-a97d-d965ccfc6d4b" outcome="Passed" testListId="8c84fa94-04c1-424b-9868-57a2d4851a1d" relativeResultsDirectory="82922356-5d76-453e-9c85-625997b64df6" /><UnitTestResult executionId="ecc495cd-1da5-41af-a8a7-b1484fbf0c7f" testId="32c0c719-9b4e-4b0d-8c10-a481d7b20f0c" testName="Put_InvalidReferencePropertyReturndBadRequest" computerName="VECTOR" duration="00:00:00.0410000" startTime="2018-08-14T05:06:36.8849078-04:00" endTime="2018-08-14T05:06:36.8849134-04:00" testType="13cdc9d9-ddb5-4fa4-a97d-d965ccfc6d4b" outcome="Passed" testListId="8c84fa94-04c1-424b-9868-57a2d4851a1d" relativeResultsDirectory="ecc495cd-1da5-41af-a8a7-b1484fbf0c7f" /></Results><TestDefinitions><UnitTest name="Put_InvalidIdReturnsNotFound" storage="d:\modelrelief\modelrelief.test\bin\debug\netcoreapp2.0\modelrelief.test.dll" id="e9757c39-2343-49d2-b72f-153e7a53bfcd"><Execution id="9d3a6202-446f-4da1-9877-a8994d9edd74" /><TestMethod codeBase="D:\ModelRelief\ModelRelief.test\bin\Debug\netcoreapp2.0\ModelRelief.Test.dll" adapterTypeName="executor://xunit/VsTestRunner2/netcoreapp" className="ModelRelief.Test.Integration.Models.ModelsBaseIntegrationTests" name="Put_InvalidIdReturnsNotFound" /></UnitTest><UnitTest name="Put_ValidReferencePropertyUpdatesModel" storage="d:\modelrelief\modelrelief.test\bin\debug\netcoreapp2.0\modelrelief.test.dll" id="47d6fde5-2f40-4065-a6be-fccb51b619b4"><Execution id="818085a0-058f-49a7-9752-7d906f8bfc5e" /><TestMethod codeBase="D:\ModelRelief\ModelRelief.test\bin\Debug\netcoreapp2.0\ModelRelief.Test.dll" adapterTypeName="executor://xunit/VsTestRunner2/netcoreapp" className="ModelRelief.Test.Integration.DepthBuffers.DepthBuffersBaseIntegrationTests" name="Put_ValidReferencePropertyUpdatesModel" /></UnitTest><UnitTest name="GetList_ListReturnsCorrectCount" storage="d:\modelrelief\modelrelief.test\bin\debug\netcoreapp2.0\modelrelief.test.dll" id="0cef608d-38c0-44d3-92b6-b85170bbc0fa"><Execution id="adb8dd16-3743-487f-ab1f-51bcafeb0af2" /><TestMethod codeBase="D:\ModelRelief\ModelRelief.test\bin\Debug\netcoreapp2.0\ModelRelief.Test.dll" adapterTypeName="executor://xunit/VsTestRunner2/netcoreapp" className="ModelRelief.Test.Integration.Models.ModelsBaseIntegrationTests" name="GetList_ListReturnsCorrectCount" /></UnitTest><UnitTest name="Patch_InvalidIdPropertyReturnsNotFound" storage="d:\modelrelief\modelrelief.test\bin\debug\netcoreapp2.0\modelrelief.test.dll" id="c4d990e6-7c47-43f1-b617-278bcab20a01"><Execution id="87dd0ab6-91e5-48ba-9b4e-236b26c4e5e5" /><TestMethod codeBase="D:\ModelRelief\ModelRelief.test\bin\Debug\netcoreapp2.0\ModelRelief.Test.dll" adapterTypeName="executor://xunit/VsTestRunner2/netcoreapp" className="ModelRelief.Test.Integration.Projects.ProjectsBaseIntegrationTests" name="Patch_InvalidIdPropertyReturnsNotFound" /></UnitTest><UnitTest name="Put_InvalidIdReturnsNotFound" storage="d:\modelrelief\modelrelief.test\bin\debug\netcoreapp2.0\modelrelief.test.dll" id="cc4adee3-f816-4859-a20a-570e33bd52de"><Execution id="b1c66adb-07dc-44a5-a805-6527226ab4b8" /><TestMethod codeBase="D:\ModelRelief\ModelRelief.test\bin\Debug\netcoreapp2.0\ModelRelief.Test.dll" adapterTypeName="executor://xunit/VsTestRunner2/netcoreapp" className="ModelRelief.Test.Integration.Cameras.CamerasBaseIntegrationTests" name="Put_InvalidIdReturnsNotFound" /></UnitTest><UnitTest name="Patch_InvalidPropertyNameReturnsBadRequest" storage="d:\modelrelief\modelrelief.test\bin\debug\netcoreapp2.0\modelrelief.test.dll" id="83addda3-5c3d-4830-b31a-7a84c5f1b83b"><Execution id="e04601d1-50e5-4824-b233-aa0417c12af2" /><TestMethod codeBase="D:\ModelRelief\ModelRelief.test\bin\Debug\netcoreapp2.0\ModelRelief.Test.dll" adapterTypeName="executor://xunit/VsTestRunner2/netcoreapp" className="ModelRelief.Test.Integration.Cameras.CamerasBaseIntegrationTests" name="Patch_InvalidPropertyNameReturnsBadRequest" /></UnitTest><UnitTest name="Put_ValidReferencePropertyUpdatesModel" storage="d:\modelrelief\modelrelief.test\bin\debug\netcoreapp2.0\modelrelief.test.dll" id="5f7cb9d9-e2fe-4022-92e4-e5a377a8d74e"><Execution id="d5db06a8-8e8c-49b7-b4a4-1a116c8c326b" /><TestMethod codeBase="D:\ModelRelief\ModelRelief.test\bin\Debug\netcoreapp2.0\ModelRelief.Test.dll" adapterTypeName="executor://xunit/VsTestRunner2/netcoreapp" className="ModelRelief.Test.Integration.Meshes.MeshesBaseIntegrationTests" name="Put_ValidReferencePropertyUpdatesModel" /></UnitTest><UnitTest name="Post_CanCreateNewModel" storage="d:\modelrelief\modelrelief.test\bin\debug\netcoreapp2.0\modelrelief.test.dll" id="b3f1a1e4-2d4b-4ed9-a1ca-cca74f0ad08d"><Execution id="82d28391-407e-4de1-97ca-5b53ddb8e3e5" /><TestMethod codeBase="D:\ModelRelief\ModelRelief.test\bin\Debug\netcoreapp2.0\ModelRelief.Test.dll" adapterTypeName="executor://xunit/VsTestRunner2/netcoreapp" className="ModelRelief.Test.Integration.Cameras.CamerasBaseIntegrationTests" name="Post_CanCreateNewModel" /></UnitTest><UnitTest name="CameraHasExpectedDependentFiles" storage="d:\modelrelief\modelrelief.test\bin\debug\netcoreapp2.0\modelrelief.test.dll" id="772b8c17-2074-4954-8011-bf3593283947"><Execution id="d006a611-588f-48a4-ae97-fe946c762618" /><TestMethod codeBase="D:\ModelRelief\ModelRelief.test\bin\Debug\netcoreapp2.0\ModelRelief.Test.dll" adapterTypeName="executor://xunit/VsTestRunner2/netcoreapp" className="ModelRelief.Test.Unit.DependencyManager.DependencyManagerTests" name="CameraHasExpectedDependentFiles" /></UnitTest><UnitTest name="PostFile_FileIsSynchronizedIsUpdatedAfterFileIsPosted" storage="d:\modelrelief\modelrelief.test\bin\debug\netcoreapp2.0\modelrelief.test.dll" id="c98efa7c-de4c-4fef-9f73-24e2531f4f0b"><Execution id="636f6516-82e3-4e5e-aafa-4fc38941b35b" /><TestMethod codeBase="D:\ModelRelief\ModelRelief.test\bin\Debug\netcoreapp2.0\ModelRelief.Test.dll" adapterTypeName="executor://xunit/VsTestRunner2/netcoreapp" className="ModelRelief.Test.Integration.Meshes.MeshesFileIntegrationTests" name="PostFile_FileIsSynchronizedIsUpdatedAfterFileIsPosted" /></UnitTest><UnitTest name="Post_ValidReferencePropertyCreatesModel" storage="d:\modelrelief\modelrelief.test\bin\debug\netcoreapp2.0\modelrelief.test.dll" id="8f7cb0cb-2517-4843-b16b-db91acbfec4b"><Execution id="c3b7de48-0b56-4d57-b945-cd4fd008c265" /><TestMethod codeBase="D:\ModelRelief\ModelRelief.test\bin\Debug\netcoreapp2.0\ModelRelief.Test.dll" adapterTypeName="executor://xunit/VsTestRunner2/netcoreapp" className="ModelRelief.Test.Integration.Projects.ProjectsBaseIntegrationTests" name="Post_ValidReferencePropertyCreatesModel" /></UnitTest><UnitTest name="DepthBufferHasExpectedDependentFiles" storage="d:\modelrelief\modelrelief.test\bin\debug\netcoreapp2.0\modelrelief.test.dll" id="7f0b2b87-28ad-46f8-96c4-23af7cf1838d"><Execution id="0bfd087f-1a94-4ad4-b3cb-df581d021048" /><TestMethod codeBase="D:\ModelRelief\ModelRelief.test\bin\Debug\netcoreapp2.0\ModelRelief.Test.dll" adapterTypeName="executor://xunit/VsTestRunner2/netcoreapp" className="ModelRelief.Test.Unit.DependencyManager.DependencyManagerTests" name="DepthBufferHasExpectedDependentFiles" /></UnitTest><UnitTest name="Patch_TargetPropertyIsUpdated" storage="d:\modelrelief\modelrelief.test\bin\debug\netcoreapp2.0\modelrelief.test.dll" id="ccb8ea04-fa5b-4896-8d8e-19bb62f6808f"><Execution id="3b572ddc-9e02-4e27-a9d0-dd518088a25a" /><TestMethod codeBase="D:\ModelRelief\ModelRelief.test\bin\Debug\netcoreapp2.0\ModelRelief.Test.dll" adapterTypeName="executor://xunit/VsTestRunner2/netcoreapp" className="ModelRelief.Test.Integration.Models.ModelsBaseIntegrationTests" name="Patch_TargetPropertyIsUpdated" /></UnitTest><UnitTest name="Patch_MultipleInvalidReferencePropertiesReturnsMultipleValidationErrorsAndBadRequest" storage="d:\modelrelief\modelrelief.test\bin\debug\netcoreapp2.0\modelrelief.test.dll" id="5eb6dece-3208-46f7-b141-c0ef77426e42"><Execution id="e552393e-9187-4884-b450-076dba46bdc3" /><TestMethod codeBase="D:\ModelRelief\ModelRelief.test\bin\Debug\netcoreapp2.0\ModelRelief.Test.dll" adapterTypeName="executor://xunit/VsTestRunner2/netcoreapp" className="ModelRelief.Test.Integration.Meshes.MeshesBaseIntegrationTests" name="Patch_MultipleInvalidReferencePropertiesReturnsMultipleValidationErrorsAndBadRequest" /></UnitTest><UnitTest name="Patch_ValidReferencePropertyUpdatesModel" storage="d:\modelrelief\modelrelief.test\bin\debug\netcoreapp2.0\modelrelief.test.dll" id="bc2d617a-2dc0-491b-ab11-ff3662c94802"><Execution id="12d85015-908e-450a-a5b3-251f28360c60" /><TestMethod codeBase="D:\ModelRelief\ModelRelief.test\bin\Debug\netcoreapp2.0\ModelRelief.Test.dll" adapterTypeName="executor://xunit/VsTestRunner2/netcoreapp" className="ModelRelief.Test.Integration.Meshes.MeshesBaseIntegrationTests" name="Patch_ValidReferencePropertyUpdatesModel" /></UnitTest><UnitTest name="GetFile_NonExistentFileReturnsNotFound" storage="d:\modelrelief\modelrelief.test\bin\debug\netcoreapp2.0\modelrelief.test.dll" id="88994012-5e01-43e4-b2ca-5180a739e59c"><Execution id="bad371fb-ae9e-46e2-8ab2-1c3718338147" /><TestMethod codeBase="D:\ModelRelief\ModelRelief.test\bin\Debug\netcoreapp2.0\ModelRelief.Test.dll" adapterTypeName="executor://xunit/VsTestRunner2/netcoreapp" className="ModelRelief.Test.Integration.Models.ModelsFileIntegrationTests" name="GetFile_NonExistentFileReturnsNotFound" /></UnitTest><UnitTest name="Patch_TargetPropertyIsUpdated" storage="d:\modelrelief\modelrelief.test\bin\debug\netcoreapp2.0\modelrelief.test.dll" id="3aeb04be-4bbe-423d-ad22-677c96ed4cbd"><Execution id="c9ca01bf-4174-4268-ac47-2818e7198731" /><TestMethod codeBase="D:\ModelRelief\ModelRelief.test\bin\Debug\netcoreapp2.0\ModelRelief.Test.dll" adapterTypeName="executor://xunit/VsTestRunner2/netcoreapp" className="ModelRelief.Test.Integration.DepthBuffers.DepthBuffersBaseIntegrationTests" name="Patch_TargetPropertyIsUpdated" /></UnitTest><UnitTest name="PutFile_NewFileCanBePut" storage="d:\modelrelief\modelrelief.test\bin\debug\netcoreapp2.0\modelrelief.test.dll" id="9675570c-9ce5-4e1a-81ee-883e2e531f64"><Execution id="c5e464e2-57a7-4f3b-a8fa-c94c4e853577" /><TestMethod codeBase="D:\ModelRelief\ModelRelief.test\bin\Debug\netcoreapp2.0\ModelRelief.Test.dll" adapterTypeName="executor://xunit/VsTestRunner2/netcoreapp" className="ModelRelief.Test.Integration.DepthBuffers.DepthBuffersFileIntegrationTests" name="PutFile_NewFileCanBePut" /></UnitTest><UnitTest name="Put_ValidReferencePropertyUpdatesModel" storage="d:\modelrelief\modelrelief.test\bin\debug\netcoreapp2.0\modelrelief.test.dll" id="59ec7eea-0244-445f-8b40-4aadd9780263"><Execution id="1558e824-650a-4131-a6b2-5283b3abc4f9" /><TestMethod codeBase="D:\ModelRelief\ModelRelief.test\bin\Debug\netcoreapp2.0\ModelRelief.Test.dll" adapterTypeName="executor://xunit/VsTestRunner2/netcoreapp" className="ModelRelief.Test.Integration.Cameras.CamerasBaseIntegrationTests" name="Put_ValidReferencePropertyUpdatesModel" /></UnitTest><UnitTest name="Put_ValidReferencePropertyUpdatesModel" storage="d:\modelrelief\modelrelief.test\bin\debug\netcoreapp2.0\modelrelief.test.dll" id="40a6a5e7-5a2d-4930-b50b-7dbadb001392"><Execution id="93b98c3e-199a-4456-80f6-996a437890ed" /><TestMethod codeBase="D:\ModelRelief\ModelRelief.test\bin\Debug\netcoreapp2.0\ModelRelief.Test.dll" adapterTypeName="executor://xunit/VsTestRunner2/netcoreapp" className="ModelRelief.Test.Integration.Projects.ProjectsBaseIntegrationTests" name="Put_ValidReferencePropertyUpdatesModel" /></UnitTest><UnitTest name="PostFile_NewFileCanBePosted" storage="d:\modelrelief\modelrelief.test\bin\debug\netcoreapp2.0\modelrelief.test.dll" id="502930c3-926d-4b04-a752-1f6f13652c67"><Execution id="858738e8-014e-4a3a-9c27-e26704f13bce" /><TestMethod codeBase="D:\ModelRelief\ModelRelief.test\bin\Debug\netcoreapp2.0\ModelRelief.Test.dll" adapterTypeName="executor://xunit/VsTestRunner2/netcoreapp" className="ModelRelief.Test.Integration.Meshes.MeshesFileIntegrationTests" name="PostFile_NewFileCanBePosted" /></UnitTest><UnitTest name="GetSingle_ValidIdPropertyValueReturnsCorrectModel" storage="d:\modelrelief\modelrelief.test\bin\debug\netcoreapp2.0\modelrelief.test.dll" id="f0e9497c-c5cf-442f-85f1-f0c5e0393297"><Execution id="6511437e-433a-4faa-8160-24e6723ff8e2" /><TestMethod codeBase="D:\ModelRelief\ModelRelief.test\bin\Debug\netcoreapp2.0\ModelRelief.Test.dll" adapterTypeName="executor://xunit/VsTestRunner2/netcoreapp" className="ModelRelief.Test.Integration.Models.ModelsBaseIntegrationTests" name="GetSingle_ValidIdPropertyValueReturnsCorrectModel" /></UnitTest><UnitTest name="Put_InvalidReferencePropertyReturndBadRequest" storage="d:\modelrelief\modelrelief.test\bin\debug\netcoreapp2.0\modelrelief.test.dll" id="6696a98e-24d7-4fd0-8d78-90b01e0bd632"><Execution id="bf6afce6-2b4c-40eb-940c-16b139809cdc" /><TestMethod codeBase="D:\ModelRelief\ModelRelief.test\bin\Debug\netcoreapp2.0\ModelRelief.Test.dll" adapterTypeName="executor://xunit/VsTestRunner2/netcoreapp" className="ModelRelief.Test.Integration.DepthBuffers.DepthBuffersBaseIntegrationTests" name="Put_InvalidReferencePropertyReturndBadRequest" /></UnitTest><UnitTest name="MeshTransformHasExpectedDependentFiles" storage="d:\modelrelief\modelrelief.test\bin\debug\netcoreapp2.0\modelrelief.test.dll" id="c01f67be-ccd9-46bf-8ec2-34409e4dc5be"><Execution id="f6225a97-b814-468d-8bda-29b986a29ac6" /><TestMethod codeBase="D:\ModelRelief\ModelRelief.test\bin\Debug\netcoreapp2.0\ModelRelief.Test.dll" adapterTypeName="executor://xunit/VsTestRunner2/netcoreapp" className="ModelRelief.Test.Unit.DependencyManager.DependencyManagerTests" name="MeshTransformHasExpectedDependentFiles" /></UnitTest><UnitTest name="GetSingle_InvalidIdPropertyValueReturnsNotFound" storage="d:\modelrelief\modelrelief.test\bin\debug\netcoreapp2.0\modelrelief.test.dll" id="4908b295-6a3a-4346-bbd1-d64309536299"><Execution id="e7c81de0-8e0f-42b0-83e4-0f5c551a5e4b" /><TestMethod codeBase="D:\ModelRelief\ModelRelief.test\bin\Debug\netcoreapp2.0\ModelRelief.Test.dll" adapterTypeName="executor://xunit/VsTestRunner2/netcoreapp" className="ModelRelief.Test.Integration.DepthBuffers.DepthBuffersBaseIntegrationTests" name="GetSingle_InvalidIdPropertyValueReturnsNotFound" /></UnitTest><UnitTest name="Delete_TargetModelIsDeleted" storage="d:\modelrelief\modelrelief.test\bin\debug\netcoreapp2.0\modelrelief.test.dll" id="b081ec8c-3b18-4c8c-b59a-313acbc1eabb"><Execution id="c6eb349f-2aea-4bbb-aba9-0a0d7dcf0fd2" /><TestMethod codeBase="D:\ModelRelief\ModelRelief.test\bin\Debug\netcoreapp2.0\ModelRelief.Test.dll" adapterTypeName="executor://xunit/VsTestRunner2/netcoreapp" className="ModelRelief.Test.Integration.Projects.ProjectsBaseIntegrationTests" name="Delete_TargetModelIsDeleted" /></UnitTest><UnitTest name="Patch_MultipleInvalidReferencePropertiesReturnsMultipleValidationErrorsAndBadRequest" storage="d:\modelrelief\modelrelief.test\bin\debug\netcoreapp2.0\modelrelief.test.dll" id="028d0f49-9a6e-43c7-bec7-ecce46764857"><Execution id="cb671780-449c-4776-bff6-281c49d5d2b9" /><TestMethod codeBase="D:\ModelRelief\ModelRelief.test\bin\Debug\netcoreapp2.0\ModelRelief.Test.dll" adapterTypeName="executor://xunit/VsTestRunner2/netcoreapp" className="ModelRelief.Test.Integration.Cameras.CamerasBaseIntegrationTests" name="Patch_MultipleInvalidReferencePropertiesReturnsMultipleValidationErrorsAndBadRequest" /></UnitTest><UnitTest name="Patch_InvalidIdPropertyReturnsNotFound" storage="d:\modelrelief\modelrelief.test\bin\debug\netcoreapp2.0\modelrelief.test.dll" id="e72a4865-f4b8-4fe3-ab7e-3eb9e864cfc5"><Execution id="78f69c27-4591-48e5-b68f-d3dc31b704ff" /><TestMethod codeBase="D:\ModelRelief\ModelRelief.test\bin\Debug\netcoreapp2.0\ModelRelief.Test.dll" adapterTypeName="executor://xunit/VsTestRunner2/netcoreapp" className="ModelRelief.Test.Integration.Meshes.MeshesBaseIntegrationTests" name="Patch_InvalidIdPropertyReturnsNotFound" /></UnitTest><UnitTest name="Patch_MultipleInvalidReferencePropertiesReturnsMultipleValidationErrorsAndBadRequest" storage="d:\modelrelief\modelrelief.test\bin\debug\netcoreapp2.0\modelrelief.test.dll" id="dc962d2c-97b1-4b0e-aeae-c7a2eed51edb"><Execution id="273d535d-802a-453e-be59-ccf944a4f4f1" /><TestMethod codeBase="D:\ModelRelief\ModelRelief.test\bin\Debug\netcoreapp2.0\ModelRelief.Test.dll" adapterTypeName="executor://xunit/VsTestRunner2/netcoreapp" className="ModelRelief.Test.Integration.Models.ModelsBaseIntegrationTests" name="Patch_MultipleInvalidReferencePropertiesReturnsMultipleValidationErrorsAndBadRequest" /></UnitTest><UnitTest name="Post_InvalidPropertyValueReturnsBadRequest" storage="d:\modelrelief\modelrelief.test\bin\debug\netcoreapp2.0\modelrelief.test.dll" id="6986756d-b4ac-4138-8677-17e827dfb68f"><Execution id="f82a110c-329f-4f27-bb05-80c8a6a70f51" /><TestMethod codeBase="D:\ModelRelief\ModelRelief.test\bin\Debug\netcoreapp2.0\ModelRelief.Test.dll" adapterTypeName="executor://xunit/VsTestRunner2/netcoreapp" className="ModelRelief.Test.Integration.Models.ModelsBaseIntegrationTests" name="Post_InvalidPropertyValueReturnsBadRequest" /></UnitTest><UnitTest name="FileRequest_MeshGenerateSetsFileIsSynchronized" storage="d:\modelrelief\modelrelief.test\bin\debug\netcoreapp2.0\modelrelief.test.dll" id="2316b0a6-ffdd-411a-866b-42215f24edd7"><Execution id="8bd1b085-952d-4e6b-b65f-9eb6de7c3682" /><TestMethod codeBase="D:\ModelRelief\ModelRelief.test\bin\Debug\netcoreapp2.0\ModelRelief.Test.dll" adapterTypeName="executor://xunit/VsTestRunner2/netcoreapp" className="ModelRelief.Test.Integration.Meshes.MeshesFileIntegrationTests" name="FileRequest_MeshGenerateSetsFileIsSynchronized" /></UnitTest><UnitTest name="Post_InvalidReferencePropertyReturnsBadRequest" storage="d:\modelrelief\modelrelief.test\bin\debug\netcoreapp2.0\modelrelief.test.dll" id="7c29a061-c049-45da-9651-767073eea9e3"><Execution id="11c6d116-7646-42a4-ae1e-961eb76e4902" /><TestMethod codeBase="D:\ModelRelief\ModelRelief.test\bin\Debug\netcoreapp2.0\ModelRelief.Test.dll" adapterTypeName="executor://xunit/VsTestRunner2/netcoreapp" className="ModelRelief.Test.Integration.DepthBuffers.DepthBuffersBaseIntegrationTests" name="Post_InvalidReferencePropertyReturnsBadRequest" /></UnitTest><UnitTest name="Post_ValidReferencePropertyCreatesModel" storage="d:\modelrelief\modelrelief.test\bin\debug\netcoreapp2.0\modelrelief.test.dll" id="7561ec53-230b-46c1-9e5c-4633a5bc15f7"><Execution id="af7ac248-a8e1-438b-888e-8dcd757c4404" /><TestMethod codeBase="D:\ModelRelief\ModelRelief.test\bin\Debug\netcoreapp2.0\ModelRelief.Test.dll" adapterTypeName="executor://xunit/VsTestRunner2/netcoreapp" className="ModelRelief.Test.Integration.DepthBuffers.DepthBuffersBaseIntegrationTests" name="Post_ValidReferencePropertyCreatesModel" /></UnitTest><UnitTest name="GetList_ListReturnsCorrectCount" storage="d:\modelrelief\modelrelief.test\bin\debug\netcoreapp2.0\modelrelief.test.dll" id="69f23057-3d4d-460e-9ff5-7ae6362e129a"><Execution id="1fc8ead9-b70f-41e7-ae27-9c6497bb1a94" /><TestMethod codeBase="D:\ModelRelief\ModelRelief.test\bin\Debug\netcoreapp2.0\ModelRelief.Test.dll" adapterTypeName="executor://xunit/VsTestRunner2/netcoreapp" className="ModelRelief.Test.Integration.MeshTransforms.MeshTransformsBaseIntegrationTests" name="GetList_ListReturnsCorrectCount" /></UnitTest><UnitTest name="Put_InvalidReferencePropertyReturndBadRequest" storage="d:\modelrelief\modelrelief.test\bin\debug\netcoreapp2.0\modelrelief.test.dll" id="95ab6b34-353a-4b02-b083-7f00bea4e173"><Execution id="34ee5f47-52ba-4e48-84aa-cbdf56e9476a" /><TestMethod codeBase="D:\ModelRelief\ModelRelief.test\bin\Debug\netcoreapp2.0\ModelRelief.Test.dll" adapterTypeName="executor://xunit/VsTestRunner2/netcoreapp" className="ModelRelief.Test.Integration.Models.ModelsBaseIntegrationTests" name="Put_InvalidReferencePropertyReturndBadRequest" /></UnitTest><UnitTest name="Put_CanUpdateModel" storage="d:\modelrelief\modelrelief.test\bin\debug\netcoreapp2.0\modelrelief.test.dll" id="0aa9c7f1-5874-485a-bbab-00adbddc893f"><Execution id="e7027cba-133f-4313-bc1c-39a8bf0dddd9" /><TestMethod codeBase="D:\ModelRelief\ModelRelief.test\bin\Debug\netcoreapp2.0\ModelRelief.Test.dll" adapterTypeName="executor://xunit/VsTestRunner2/netcoreapp" className="ModelRelief.Test.Integration.Meshes.MeshesBaseIntegrationTests" name="Put_CanUpdateModel" /></UnitTest><UnitTest name="Patch_InvalidIdPropertyReturnsNotFound" storage="d:\modelrelief\modelrelief.test\bin\debug\netcoreapp2.0\modelrelief.test.dll" id="3f283112-95d6-46dc-b20e-1b3e6fab233d"><Execution id="86b392ff-5345-4573-828e-b98752fac410" /><TestMethod codeBase="D:\ModelRelief\ModelRelief.test\bin\Debug\netcoreapp2.0\ModelRelief.Test.dll" adapterTypeName="executor://xunit/VsTestRunner2/netcoreapp" className="ModelRelief.Test.Integration.Models.ModelsBaseIntegrationTests" name="Patch_InvalidIdPropertyReturnsNotFound" /></UnitTest><UnitTest name="Put_InvalidReferencePropertyReturndBadRequest" storage="d:\modelrelief\modelrelief.test\bin\debug\netcoreapp2.0\modelrelief.test.dll" id="32c0c719-9b4e-4b0d-8c10-a481d7b20f0c"><Execution id="ecc495cd-1da5-41af-a8a7-b1484fbf0c7f" /><TestMethod codeBase="D:\ModelRelief\ModelRelief.test\bin\Debug\netcoreapp2.0\ModelRelief.Test.dll" adapterTypeName="executor://xunit/VsTestRunner2/netcoreapp" className="ModelRelief.Test.Integration.Meshes.MeshesBaseIntegrationTests" name="Put_InvalidReferencePropertyReturndBadRequest" /></UnitTest><UnitTest name="Patch_InvalidPropertyNameReturnsBadRequest" storage="d:\modelrelief\modelrelief.test\bin\debug\netcoreapp2.0\modelrelief.test.dll" id="0c9b3e71-a236-4de4-a00e-276f6efd6a9f"><Execution id="ce3838f5-8036-44b0-aa79-45182ecfa76c" /><TestMethod codeBase="D:\ModelRelief\ModelRelief.test\bin\Debug\netcoreapp2.0\ModelRelief.Test.dll" adapterTypeName="executor://xunit/VsTestRunner2/netcoreapp" className="ModelRelief.Test.Integration.Projects.ProjectsBaseIntegrationTests" name="Patch_InvalidPropertyNameReturnsBadRequest" /></UnitTest><UnitTest name="Post_CanCreateNewModel" storage="d:\modelrelief\modelrelief.test\bin\debug\netcoreapp2.0\modelrelief.test.dll" id="ab48dcd0-405d-459b-b3a9-25345041724a"><Execution id="839a13e0-6e7a-4285-a1e0-1aea61ec893a" /><TestMethod codeBase="D:\ModelRelief\ModelRelief.test\bin\Debug\netcoreapp2.0\ModelRelief.Test.dll" adapterTypeName="executor://xunit/VsTestRunner2/netcoreapp" className="ModelRelief.Test.Integration.DepthBuffers.DepthBuffersBaseIntegrationTests" name="Post_CanCreateNewModel" /></UnitTest><UnitTest name="GetSingle_InvalidIdPropertyValueReturnsNotFound" storage="d:\modelrelief\modelrelief.test\bin\debug\netcoreapp2.0\modelrelief.test.dll" id="a29d2a99-8092-48c0-9474-c973ae2118c3"><Execution id="0858e2d0-02c9-45ae-b7f8-d9867988162c" /><TestMethod codeBase="D:\ModelRelief\ModelRelief.test\bin\Debug\netcoreapp2.0\ModelRelief.Test.dll" adapterTypeName="executor://xunit/VsTestRunner2/netcoreapp" className="ModelRelief.Test.Integration.MeshTransforms.MeshTransformsBaseIntegrationTests" name="GetSingle_InvalidIdPropertyValueReturnsNotFound" /></UnitTest><UnitTest name="Post_InvalidPropertyValueReturnsBadRequest" storage="d:\modelrelief\modelrelief.test\bin\debug\netcoreapp2.0\modelrelief.test.dll" id="e9589406-dcf8-49c8-8eb2-8be80f406d2b"><Execution id="1ea10168-4ab4-4c10-a526-553b7232bbbe" /><TestMethod codeBase="D:\ModelRelief\ModelRelief.test\bin\Debug\netcoreapp2.0\ModelRelief.Test.dll" adapterTypeName="executor://xunit/VsTestRunner2/netcoreapp" className="ModelRelief.Test.Integration.Cameras.CamerasBaseIntegrationTests" name="Post_InvalidPropertyValueReturnsBadRequest" /></UnitTest><UnitTest name="Patch_InvalidPropertyNameReturnsBadRequest" storage="d:\modelrelief\modelrelief.test\bin\debug\netcoreapp2.0\modelrelief.test.dll" id="87c8506d-9123-463c-936d-8954f5774f5e"><Execution id="1b9f0a81-f784-4a13-86f1-811cfc4cb598" /><TestMethod codeBase="D:\ModelRelief\ModelRelief.test\bin\Debug\netcoreapp2.0\ModelRelief.Test.dll" adapterTypeName="executor://xunit/VsTestRunner2/netcoreapp" className="ModelRelief.Test.Integration.DepthBuffers.DepthBuffersBaseIntegrationTests" name="Patch_InvalidPropertyNameReturnsBadRequest" /></UnitTest><UnitTest name="Patch_InvalidEnumPropertyValueReturnsBadRequest" storage="d:\modelrelief\modelrelief.test\bin\debug\netcoreapp2.0\modelrelief.test.dll" id="1f7739e2-8225-4756-a53d-e4868575ba61"><Execution id="b0bbc151-745d-4078-8cdd-b2ae32215553" /><TestMethod codeBase="D:\ModelRelief\ModelRelief.test\bin\Debug\netcoreapp2.0\ModelRelief.Test.dll" adapterTypeName="executor://xunit/VsTestRunner2/netcoreapp" className="ModelRelief.Test.Integration.MeshTransforms.MeshTransformsBaseIntegrationTests" name="Patch_InvalidEnumPropertyValueReturnsBadRequest" /></UnitTest><UnitTest name="FileRequest_FileCanBeReadAfterRename" storage="d:\modelrelief\modelrelief.test\bin\debug\netcoreapp2.0\modelrelief.test.dll" id="324290ea-c3f9-47fb-95d7-b09c3dfcb523"><Execution id="79ca220a-fd9f-4192-9041-bc3310b9e9ba" /><TestMethod codeBase="D:\ModelRelief\ModelRelief.test\bin\Debug\netcoreapp2.0\ModelRelief.Test.dll" adapterTypeName="executor://xunit/VsTestRunner2/netcoreapp" className="ModelRelief.Test.Integration.Meshes.MeshesFileIntegrationTests" name="FileRequest_FileCanBeReadAfterRename" /></UnitTest><UnitTest name="GetSingle_InvalidIdPropertyValueReturnsNotFound" storage="d:\modelrelief\modelrelief.test\bin\debug\netcoreapp2.0\modelrelief.test.dll" id="2614092d-2a57-4cea-87ec-0cf150b7b665"><Execution id="d2be819a-f4e3-41b3-9a8a-1b8d353b819c" /><TestMethod codeBase="D:\ModelRelief\ModelRelief.test\bin\Debug\netcoreapp2.0\ModelRelief.Test.dll" adapterTypeName="executor://xunit/VsTestRunner2/netcoreapp" className="ModelRelief.Test.Integration.Meshes.MeshesBaseIntegrationTests" name="GetSingle_InvalidIdPropertyValueReturnsNotFound" /></UnitTest><UnitTest name="Post_InvalidReferencePropertyReturnsBadRequest" storage="d:\modelrelief\modelrelief.test\bin\debug\netcoreapp2.0\modelrelief.test.dll" id="d521722b-8201-4b26-9925-9e5251168878"><Execution id="e8c59159-c844-4b9c-aad5-bc0d6735c8e8" /><TestMethod codeBase="D:\ModelRelief\ModelRelief.test\bin\Debug\netcoreapp2.0\ModelRelief.Test.dll" adapterTypeName="executor://xunit/VsTestRunner2/netcoreapp" className="ModelRelief.Test.Integration.Cameras.CamerasBaseIntegrationTests" name="Post_InvalidReferencePropertyReturnsBadRequest" /></UnitTest><UnitTest name="Post_InvalidReferencePropertyReturnsBadRequest" storage="d:\modelrelief\modelrelief.test\bin\debug\netcoreapp2.0\modelrelief.test.dll" id="d4cf0241-6722-4004-b081-de5122efbbdd"><Execution id="6a378535-bc5e-4e78-a4b3-24c6167d62f4" /><TestMethod codeBase="D:\ModelRelief\ModelRelief.test\bin\Debug\netcoreapp2.0\ModelRelief.Test.dll" adapterTypeName="executor://xunit/VsTestRunner2/netcoreapp" className="ModelRelief.Test.Integration.MeshTransforms.MeshTransformsBaseIntegrationTests" name="Post_InvalidReferencePropertyReturnsBadRequest" /></UnitTest><UnitTest name="Patch_InvalidReferencePropertyReturnsBadRequest" storage="d:\modelrelief\modelrelief.test\bin\debug\netcoreapp2.0\modelrelief.test.dll" id="31365a07-e510-43d2-abba-cc9d664d55fb"><Execution id="6719c80c-1aa5-4d0c-bf88-11aac8da87e6" /><TestMethod codeBase="D:\ModelRelief\ModelRelief.test\bin\Debug\netcoreapp2.0\ModelRelief.Test.dll" adapterTypeName="executor://xunit/VsTestRunner2/netcoreapp" className="ModelRelief.Test.Integration.Projects.ProjectsBaseIntegrationTests" name="Patch_InvalidReferencePropertyReturnsBadRequest" /></UnitTest><UnitTest name="Patch_ValidReferencePropertyUpdatesModel" storage="d:\modelrelief\modelrelief.test\bin\debug\netcoreapp2.0\modelrelief.test.dll" id="11908e11-ebda-4b40-a1b3-824e356ea32f"><Execution id="d2d82005-9919-4081-8d45-629730e834af" /><TestMethod codeBase="D:\ModelRelief\ModelRelief.test\bin\Debug\netcoreapp2.0\ModelRelief.Test.dll" adapterTypeName="executor://xunit/VsTestRunner2/netcoreapp" className="ModelRelief.Test.Integration.Models.ModelsBaseIntegrationTests" name="Patch_ValidReferencePropertyUpdatesModel" /></UnitTest><UnitTest name="GetSingle_InvalidIdPropertyValueReturnsNotFound" storage="d:\modelrelief\modelrelief.test\bin\debug\netcoreapp2.0\modelrelief.test.dll" id="35978c1e-a151-420b-89c5-2fe975b372e0"><Execution id="cbfbe02e-9193-4fc1-bb36-78941df763b9" /><TestMethod codeBase="D:\ModelRelief\ModelRelief.test\bin\Debug\netcoreapp2.0\ModelRelief.Test.dll" adapterTypeName="executor://xunit/VsTestRunner2/netcoreapp" className="ModelRelief.Test.Integration.Cameras.CamerasBaseIntegrationTests" name="GetSingle_InvalidIdPropertyValueReturnsNotFound" /></UnitTest><UnitTest name="Delete_TargetModelIsDeleted" storage="d:\modelrelief\modelrelief.test\bin\debug\netcoreapp2.0\modelrelief.test.dll" id="ee487b51-37ff-4005-ad03-c1dca87ef74e"><Execution id="4a446be7-67ff-47c5-be25-084ebd8b3770" /><TestMethod codeBase="D:\ModelRelief\ModelRelief.test\bin\Debug\netcoreapp2.0\ModelRelief.Test.dll" adapterTypeName="executor://xunit/VsTestRunner2/netcoreapp" className="ModelRelief.Test.Integration.MeshTransforms.MeshTransformsBaseIntegrationTests" name="Delete_TargetModelIsDeleted" /></UnitTest><UnitTest name="GetFile_ExistingFileReturnsSuccess" storage="d:\modelrelief\modelrelief.test\bin\debug\netcoreapp2.0\modelrelief.test.dll" id="47e63242-3766-4fb1-b1fd-82659d588a06"><Execution id="e862bd24-9e53-4935-9b40-e7ac66081e8b" /><TestMethod codeBase="D:\ModelRelief\ModelRelief.test\bin\Debug\netcoreapp2.0\ModelRelief.Test.dll" adapterTypeName="executor://xunit/VsTestRunner2/netcoreapp" className="ModelRelief.Test.Integration.DepthBuffers.DepthBuffersFileIntegrationTests" name="GetFile_ExistingFileReturnsSuccess" /></UnitTest><UnitTest name="Patch_InvalidEnumPropertyValueReturnsBadRequest" storage="d:\modelrelief\modelrelief.test\bin\debug\netcoreapp2.0\modelrelief.test.dll" id="0b6b2ba2-96e3-4495-b616-a7d20e08b127"><Execution id="8f6474d2-6a31-4f23-bd8b-e2ca67d954da" /><TestMethod codeBase="D:\ModelRelief\ModelRelief.test\bin\Debug\netcoreapp2.0\ModelRelief.Test.dll" adapterTypeName="executor://xunit/VsTestRunner2/netcoreapp" className="ModelRelief.Test.Integration.Meshes.MeshesBaseIntegrationTests" name="Patch_InvalidEnumPropertyValueReturnsBadRequest" /></UnitTest><UnitTest name="Put_CanUpdateModel" storage="d:\modelrelief\modelrelief.test\bin\debug\netcoreapp2.0\modelrelief.test.dll" id="952016c4-b3a9-4eee-b38d-e81fad4956a4"><Execution id="5d4012b3-e051-4e05-b331-73e59e60fb8b" /><TestMethod codeBase="D:\ModelRelief\ModelRelief.test\bin\Debug\netcoreapp2.0\ModelRelief.Test.dll" adapterTypeName="executor://xunit/VsTestRunner2/netcoreapp" className="ModelRelief.Test.Integration.Cameras.CamerasBaseIntegrationTests" name="Put_CanUpdateModel" /></UnitTest><UnitTest name="PostFile_FileTimeStampIsUpdatedAfterFileIsPosted" storage="d:\modelrelief\modelrelief.test\bin\debug\netcoreapp2.0\modelrelief.test.dll" id="ea704d85-31fb-4c89-a83c-93e1965a5a3b"><Execution id="9ba3fe18-3c91-4491-8ae0-f68b9d5f87b3" /><TestMethod codeBase="D:\ModelRelief\ModelRelief.test\bin\Debug\netcoreapp2.0\ModelRelief.Test.dll" adapterTypeName="executor://xunit/VsTestRunner2/netcoreapp" className="ModelRelief.Test.Integration.Meshes.MeshesFileIntegrationTests" name="PostFile_FileTimeStampIsUpdatedAfterFileIsPosted" /></UnitTest><UnitTest name="GetSingle_ValidIdPropertyValueReturnsCorrectModel" storage="d:\modelrelief\modelrelief.test\bin\debug\netcoreapp2.0\modelrelief.test.dll" id="d627d151-e0d9-4475-95ea-5c65c9267cbc"><Execution id="b8ebf8df-beee-4a44-a8f5-8828efd3da65" /><TestMethod codeBase="D:\ModelRelief\ModelRelief.test\bin\Debug\netcoreapp2.0\ModelRelief.Test.dll" adapterTypeName="executor://xunit/VsTestRunner2/netcoreapp" className="ModelRelief.Test.Integration.Cameras.CamerasBaseIntegrationTests" name="GetSingle_ValidIdPropertyValueReturnsCorrectModel" /></UnitTest><UnitTest name="Patch_InvalidEnumPropertyValueReturnsBadRequest" storage="d:\modelrelief\modelrelief.test\bin\debug\netcoreapp2.0\modelrelief.test.dll" id="085440ac-bc02-447f-a436-094a09f17018"><Execution id="8926d193-112a-4cee-87c1-79d0a8cbcf78" /><TestMethod codeBase="D:\ModelRelief\ModelRelief.test\bin\Debug\netcoreapp2.0\ModelRelief.Test.dll" adapterTypeName="executor://xunit/VsTestRunner2/netcoreapp" className="ModelRelief.Test.Integration.Models.ModelsBaseIntegrationTests" name="Patch_InvalidEnumPropertyValueReturnsBadRequest" /></UnitTest><UnitTest name="Patch_ValidReferencePropertyUpdatesModel" storage="d:\modelrelief\modelrelief.test\bin\debug\netcoreapp2.0\modelrelief.test.dll" id="d3b202f7-7621-478d-8599-58011cd51e85"><Execution id="63985b5f-c641-4e01-85a1-5378944b8b17" /><TestMethod codeBase="D:\ModelRelief\ModelRelief.test\bin\Debug\netcoreapp2.0\ModelRelief.Test.dll" adapterTypeName="executor://xunit/VsTestRunner2/netcoreapp" className="ModelRelief.Test.Integration.Cameras.CamerasBaseIntegrationTests" name="Patch_ValidReferencePropertyUpdatesModel" /></UnitTest><UnitTest name="Patch_InvalidEnumPropertyValueReturnsBadRequest" storage="d:\modelrelief\modelrelief.test\bin\debug\netcoreapp2.0\modelrelief.test.dll" id="493906c5-9254-4567-92c2-ac236ffe4524"><Execution id="7c3b8297-6696-4bcb-a14a-48e7fa2a90ff" /><TestMethod codeBase="D:\ModelRelief\ModelRelief.test\bin\Debug\netcoreapp2.0\ModelRelief.Test.dll" adapterTypeName="executor://xunit/VsTestRunner2/netcoreapp" className="ModelRelief.Test.Integration.DepthBuffers.DepthBuffersBaseIntegrationTests" name="Patch_InvalidEnumPropertyValueReturnsBadRequest" /></UnitTest><UnitTest name="LucyModel3dHasTwoDependents" storage="d:\modelrelief\modelrelief.test\bin\debug\netcoreapp2.0\modelrelief.test.dll" id="6ebc7fce-e6c0-44f7-a182-d81db818abbb"><Execution id="b0b36afc-069d-4693-a618-a114a6aa75df" /><TestMethod codeBase="D:\ModelRelief\ModelRelief.test\bin\Debug\netcoreapp2.0\ModelRelief.Test.dll" adapterTypeName="executor://xunit/VsTestRunner2/netcoreapp" className="ModelRelief.Test.Unit.DependencyManager.DependencyManagerTests" name="LucyModel3dHasTwoDependents" /></UnitTest><UnitTest name="Post_InvalidReferencePropertyReturnsBadRequest" storage="d:\modelrelief\modelrelief.test\bin\debug\netcoreapp2.0\modelrelief.test.dll" id="6b067895-2761-454a-ac61-8e770fa598a6"><Execution id="cf0c6153-2b44-4e49-8f95-e657f6edf2aa" /><TestMethod codeBase="D:\ModelRelief\ModelRelief.test\bin\Debug\netcoreapp2.0\ModelRelief.Test.dll" adapterTypeName="executor://xunit/VsTestRunner2/netcoreapp" className="ModelRelief.Test.Integration.Models.ModelsBaseIntegrationTests" name="Post_InvalidReferencePropertyReturnsBadRequest" /></UnitTest><UnitTest name="Post_ValidReferencePropertyCreatesModel" storage="d:\modelrelief\modelrelief.test\bin\debug\netcoreapp2.0\modelrelief.test.dll" id="77cf435d-baf8-4b05-8237-cf382794045c"><Execution id="609e7707-1358-4d06-b140-801680b0f925" /><TestMethod codeBase="D:\ModelRelief\ModelRelief.test\bin\Debug\netcoreapp2.0\ModelRelief.Test.dll" adapterTypeName="executor://xunit/VsTestRunner2/netcoreapp" className="ModelRelief.Test.Integration.MeshTransforms.MeshTransformsBaseIntegrationTests" name="Post_ValidReferencePropertyCreatesModel" /></UnitTest><UnitTest name="GetSingle_ValidIdPropertyValueReturnsCorrectModel" storage="d:\modelrelief\modelrelief.test\bin\debug\netcoreapp2.0\modelrelief.test.dll" id="c529c4ff-511e-40f2-a9ec-4afe60477389"><Execution id="6c60367d-60fe-4883-9da3-2a83bcd193fc" /><TestMethod codeBase="D:\ModelRelief\ModelRelief.test\bin\Debug\netcoreapp2.0\ModelRelief.Test.dll" adapterTypeName="executor://xunit/VsTestRunner2/netcoreapp" className="ModelRelief.Test.Integration.Meshes.MeshesBaseIntegrationTests" name="GetSingle_ValidIdPropertyValueReturnsCorrectModel" /></UnitTest><UnitTest name="Post_InvalidReferencePropertyReturnsBadRequest" storage="d:\modelrelief\modelrelief.test\bin\debug\netcoreapp2.0\modelrelief.test.dll" id="f6e402bc-6445-479f-93a5-3ef6e8deb071"><Execution id="dd8d13bd-5cc1-469f-925d-dbab949e3554" /><TestMethod codeBase="D:\ModelRelief\ModelRelief.test\bin\Debug\netcoreapp2.0\ModelRelief.Test.dll" adapterTypeName="executor://xunit/VsTestRunner2/netcoreapp" className="ModelRelief.Test.Integration.Projects.ProjectsBaseIntegrationTests" name="Post_InvalidReferencePropertyReturnsBadRequest" /></UnitTest><UnitTest name="GetList_ListReturnsCorrectCount" storage="d:\modelrelief\modelrelief.test\bin\debug\netcoreapp2.0\modelrelief.test.dll" id="ff11e837-68af-433e-843c-356921663647"><Execution id="756ce3cb-37ea-4133-b25b-1b24e11ead29" /><TestMethod codeBase="D:\ModelRelief\ModelRelief.test\bin\Debug\netcoreapp2.0\ModelRelief.Test.dll" adapterTypeName="executor://xunit/VsTestRunner2/netcoreapp" className="ModelRelief.Test.Integration.Projects.ProjectsBaseIntegrationTests" name="GetList_ListReturnsCorrectCount" /></UnitTest><UnitTest name="Post_CanCreateNewModel" storage="d:\modelrelief\modelrelief.test\bin\debug\netcoreapp2.0\modelrelief.test.dll" id="df54fa61-f712-492b-98f9-105467d8bfad"><Execution id="2dbd0d7a-db2c-497f-91c6-c913acbeda79" /><TestMethod codeBase="D:\ModelRelief\ModelRelief.test\bin\Debug\netcoreapp2.0\ModelRelief.Test.dll" adapterTypeName="executor://xunit/VsTestRunner2/netcoreapp" className="ModelRelief.Test.Integration.Meshes.MeshesBaseIntegrationTests" name="Post_CanCreateNewModel" /></UnitTest><UnitTest name="GetSingle_ValidIdPropertyValueReturnsCorrectModel" storage="d:\modelrelief\modelrelief.test\bin\debug\netcoreapp2.0\modelrelief.test.dll" id="f837343f-e29c-4b64-b61f-321fc5ba0a2b"><Execution id="9caec395-a43f-4858-ab10-37af030808a6" /><TestMethod codeBase="D:\ModelRelief\ModelRelief.test\bin\Debug\netcoreapp2.0\ModelRelief.Test.dll" adapterTypeName="executor://xunit/VsTestRunner2/netcoreapp" className="ModelRelief.Test.Integration.MeshTransforms.MeshTransformsBaseIntegrationTests" name="GetSingle_ValidIdPropertyValueReturnsCorrectModel" /></UnitTest><UnitTest name="Delete_TargetModelIsDeleted" storage="d:\modelrelief\modelrelief.test\bin\debug\netcoreapp2.0\modelrelief.test.dll" id="066f6b84-13d4-40ab-b718-aee8d2be5323"><Execution id="da3b42e7-5d3d-42d3-a7d0-eddcf7603e91" /><TestMethod codeBase="D:\ModelRelief\ModelRelief.test\bin\Debug\netcoreapp2.0\ModelRelief.Test.dll" adapterTypeName="executor://xunit/VsTestRunner2/netcoreapp" className="ModelRelief.Test.Integration.Cameras.CamerasBaseIntegrationTests" name="Delete_TargetModelIsDeleted" /></UnitTest><UnitTest name="Patch_InvalidEnumPropertyValueReturnsBadRequest" storage="d:\modelrelief\modelrelief.test\bin\debug\netcoreapp2.0\modelrelief.test.dll" id="8ff09204-5bc8-4c83-97ef-b86746cd7c1f"><Execution id="d7db3dd6-22a9-4acd-b3cd-4558c71e0c76" /><TestMethod codeBase="D:\ModelRelief\ModelRelief.test\bin\Debug\netcoreapp2.0\ModelRelief.Test.dll" adapterTypeName="executor://xunit/VsTestRunner2/netcoreapp" className="ModelRelief.Test.Integration.Projects.ProjectsBaseIntegrationTests" name="Patch_InvalidEnumPropertyValueReturnsBadRequest" /></UnitTest><UnitTest name="LucyDepthBufferFindsOneDependent" storage="d:\modelrelief\modelrelief.test\bin\debug\netcoreapp2.0\modelrelief.test.dll" id="160f359a-30d9-4410-8980-af2b556a8eed"><Execution id="d2913d0e-f025-4df4-9ece-47a15aef914a" /><TestMethod codeBase="D:\ModelRelief\ModelRelief.test\bin\Debug\netcoreapp2.0\ModelRelief.Test.dll" adapterTypeName="executor://xunit/VsTestRunner2/netcoreapp" className="ModelRelief.Test.Unit.DependencyManager.DependencyManagerTests" name="LucyDepthBufferFindsOneDependent" /></UnitTest><UnitTest name="PostFile_NewFileCanBePosted" storage="d:\modelrelief\modelrelief.test\bin\debug\netcoreapp2.0\modelrelief.test.dll" id="e84db55a-10d2-417d-b6af-1be75595fe8f"><Execution id="5b16da66-21c3-4f44-a7d6-1bfe474016b3" /><TestMethod codeBase="D:\ModelRelief\ModelRelief.test\bin\Debug\netcoreapp2.0\ModelRelief.Test.dll" adapterTypeName="executor://xunit/VsTestRunner2/netcoreapp" className="ModelRelief.Test.Integration.DepthBuffers.DepthBuffersFileIntegrationTests" name="PostFile_NewFileCanBePosted" /></UnitTest><UnitTest name="FileRequest_FileCanBeReadAfterRename" storage="d:\modelrelief\modelrelief.test\bin\debug\netcoreapp2.0\modelrelief.test.dll" id="34dad865-5b59-4027-ae63-6f062a3685bc"><Execution id="8b5d7938-5091-457d-a5b6-a853a8a8f782" /><TestMethod codeBase="D:\ModelRelief\ModelRelief.test\bin\Debug\netcoreapp2.0\ModelRelief.Test.dll" adapterTypeName="executor://xunit/VsTestRunner2/netcoreapp" className="ModelRelief.Test.Integration.DepthBuffers.DepthBuffersFileIntegrationTests" name="FileRequest_FileCanBeReadAfterRename" /></UnitTest><UnitTest name="Patch_InvalidPropertyNameReturnsBadRequest" storage="d:\modelrelief\modelrelief.test\bin\debug\netcoreapp2.0\modelrelief.test.dll" id="894cf22b-7607-4572-a2ee-78c71eddfbab"><Execution id="6b2cdcaf-12ea-4ada-a06f-4e65da462bd6" /><TestMethod codeBase="D:\ModelRelief\ModelRelief.test\bin\Debug\netcoreapp2.0\ModelRelief.Test.dll" adapterTypeName="executor://xunit/VsTestRunner2/netcoreapp" className="ModelRelief.Test.Integration.MeshTransforms.MeshTransformsBaseIntegrationTests" name="Patch_InvalidPropertyNameReturnsBadRequest" /></UnitTest><UnitTest name="Post_ValidReferencePropertyCreatesModel" storage="d:\modelrelief\modelrelief.test\bin\debug\netcoreapp2.0\modelrelief.test.dll" id="8c2feef6-454e-41c1-ae8a-465aed4898f2"><Execution id="be5e0972-f76e-4f04-aad7-95cde932fa3b" /><TestMethod codeBase="D:\ModelRelief\ModelRelief.test\bin\Debug\netcoreapp2.0\ModelRelief.Test.dll" adapterTypeName="executor://xunit/VsTestRunner2/netcoreapp" className="ModelRelief.Test.Integration.Meshes.MeshesBaseIntegrationTests" name="Post_ValidReferencePropertyCreatesModel" /></UnitTest><UnitTest name="PutFile_NewFileCanBePut" storage="d:\modelrelief\modelrelief.test\bin\debug\netcoreapp2.0\modelrelief.test.dll" id="e27c0ed3-3661-4dfc-8af8-be43df80ce2e"><Execution id="7aaca47e-4fc1-48fc-b1b1-c6e59686ef2a" /><TestMethod codeBase="D:\ModelRelief\ModelRelief.test\bin\Debug\netcoreapp2.0\ModelRelief.Test.dll" adapterTypeName="executor://xunit/VsTestRunner2/netcoreapp" className="ModelRelief.Test.Integration.Meshes.MeshesFileIntegrationTests" name="PutFile_NewFileCanBePut" /></UnitTest><UnitTest name="GetFile_NonExistentFileReturnsNotFound" storage="d:\modelrelief\modelrelief.test\bin\debug\netcoreapp2.0\modelrelief.test.dll" id="1431b7d9-d97b-4adc-a463-5bd07bea9c00"><Execution id="fd4d500f-5c94-47f2-a1b9-21983d467dd8" /><TestMethod codeBase="D:\ModelRelief\ModelRelief.test\bin\Debug\netcoreapp2.0\ModelRelief.Test.dll" adapterTypeName="executor://xunit/VsTestRunner2/netcoreapp" className="ModelRelief.Test.Integration.DepthBuffers.DepthBuffersFileIntegrationTests" name="GetFile_NonExistentFileReturnsNotFound" /></UnitTest><UnitTest name="Patch_InvalidIdPropertyReturnsNotFound" storage="d:\modelrelief\modelrelief.test\bin\debug\netcoreapp2.0\modelrelief.test.dll" id="862d54ed-84c2-41c5-8f3b-f63cf1e3a743"><Execution id="128687e2-4cc0-4cc6-9f42-24d8e9fcaafc" /><TestMethod codeBase="D:\ModelRelief\ModelRelief.test\bin\Debug\netcoreapp2.0\ModelRelief.Test.dll" adapterTypeName="executor://xunit/VsTestRunner2/netcoreapp" className="ModelRelief.Test.Integration.Cameras.CamerasBaseIntegrationTests" name="Patch_InvalidIdPropertyReturnsNotFound" /></UnitTest><UnitTest name="Patch_InvalidIdPropertyReturnsNotFound" storage="d:\modelrelief\modelrelief.test\bin\debug\netcoreapp2.0\modelrelief.test.dll" id="9b48299d-23f1-4b95-a229-15076bc0076b"><Execution id="caba84e5-84e1-492c-979b-5749db8224d7" /><TestMethod codeBase="D:\ModelRelief\ModelRelief.test\bin\Debug\netcoreapp2.0\ModelRelief.Test.dll" adapterTypeName="executor://xunit/VsTestRunner2/netcoreapp" className="ModelRelief.Test.Integration.MeshTransforms.MeshTransformsBaseIntegrationTests" name="Patch_InvalidIdPropertyReturnsNotFound" /></UnitTest><UnitTest name="Patch_ValidReferencePropertyUpdatesModel" storage="d:\modelrelief\modelrelief.test\bin\debug\netcoreapp2.0\modelrelief.test.dll" id="dc299527-b314-4589-bd79-4e55afb94744"><Execution id="7ab02942-68eb-44d4-b1f5-648904d5812d" /><TestMethod codeBase="D:\ModelRelief\ModelRelief.test\bin\Debug\netcoreapp2.0\ModelRelief.Test.dll" adapterTypeName="executor://xunit/VsTestRunner2/netcoreapp" className="ModelRelief.Test.Integration.DepthBuffers.DepthBuffersBaseIntegrationTests" name="Patch_ValidReferencePropertyUpdatesModel" /></UnitTest><UnitTest name="Patch_InvalidPropertyNameReturnsBadRequest" storage="d:\modelrelief\modelrelief.test\bin\debug\netcoreapp2.0\modelrelief.test.dll" id="edd3d904-36ea-495e-8f9c-05fda7ea76cd"><Execution id="2af8cd1c-da43-4122-854e-d58866bfadd4" /><TestMethod codeBase="D:\ModelRelief\ModelRelief.test\bin\Debug\netcoreapp2.0\ModelRelief.Test.dll" adapterTypeName="executor://xunit/VsTestRunner2/netcoreapp" className="ModelRelief.Test.Integration.Models.ModelsBaseIntegrationTests" name="Patch_InvalidPropertyNameReturnsBadRequest" /></UnitTest><UnitTest name="Put_InvalidReferencePropertyReturndBadRequest" storage="d:\modelrelief\modelrelief.test\bin\debug\netcoreapp2.0\modelrelief.test.dll" id="e8a39461-786c-4aca-8d97-e3ce3d991ab2"><Execution id="22830aa6-723a-4389-ab79-302f0c9026e3" /><TestMethod codeBase="D:\ModelRelief\ModelRelief.test\bin\Debug\netcoreapp2.0\ModelRelief.Test.dll" adapterTypeName="executor://xunit/VsTestRunner2/netcoreapp" className="ModelRelief.Test.Integration.MeshTransforms.MeshTransformsBaseIntegrationTests" name="Put_InvalidReferencePropertyReturndBadRequest" /></UnitTest><UnitTest name="Put_ValidReferencePropertyUpdatesModel" storage="d:\modelrelief\modelrelief.test\bin\debug\netcoreapp2.0\modelrelief.test.dll" id="4f8a8ff9-d112-49d2-a832-dc1a7f45b3e6"><Execution id="82922356-5d76-453e-9c85-625997b64df6" /><TestMethod codeBase="D:\ModelRelief\ModelRelief.test\bin\Debug\netcoreapp2.0\ModelRelief.Test.dll" adapterTypeName="executor://xunit/VsTestRunner2/netcoreapp" className="ModelRelief.Test.Integration.MeshTransforms.MeshTransformsBaseIntegrationTests" name="Put_ValidReferencePropertyUpdatesModel" /></UnitTest><UnitTest name="GetSingle_InvalidIdPropertyValueReturnsNotFound" storage="d:\modelrelief\modelrelief.test\bin\debug\netcoreapp2.0\modelrelief.test.dll" id="f3afcc20-ce91-43f3-bc87-9ae9a5efadf2"><Execution id="20b41417-a0da-44bf-8b9f-47689f8a1197" /><TestMethod codeBase="D:\ModelRelief\ModelRelief.test\bin\Debug\netcoreapp2.0\ModelRelief.Test.dll" adapterTypeName="executor://xunit/VsTestRunner2/netcoreapp" className="ModelRelief.Test.Integration.Models.ModelsBaseIntegrationTests" name="GetSingle_InvalidIdPropertyValueReturnsNotFound" /></UnitTest><UnitTest name="Delete_TargetModelIsDeleted" storage="d:\modelrelief\modelrelief.test\bin\debug\netcoreapp2.0\modelrelief.test.dll" id="1932de78-17b8-4921-af10-d84f4e3c328a"><Execution id="4271f547-e9be-4b46-9a62-d53085346005" /><TestMethod codeBase="D:\ModelRelief\ModelRelief.test\bin\Debug\netcoreapp2.0\ModelRelief.Test.dll" adapterTypeName="executor://xunit/VsTestRunner2/netcoreapp" className="ModelRelief.Test.Integration.DepthBuffers.DepthBuffersBaseIntegrationTests" name="Delete_TargetModelIsDeleted" /></UnitTest><UnitTest name="Patch_InvalidIdPropertyReturnsNotFound" storage="d:\modelrelief\modelrelief.test\bin\debug\netcoreapp2.0\modelrelief.test.dll" id="46b74a87-82bf-4ae6-8cb5-049c6d49e7e5"><Execution id="abcc0191-a3d7-4015-9101-f11fd0e4e06e" /><TestMethod codeBase="D:\ModelRelief\ModelRelief.test\bin\Debug\netcoreapp2.0\ModelRelief.Test.dll" adapterTypeName="executor://xunit/VsTestRunner2/netcoreapp" className="ModelRelief.Test.Integration.DepthBuffers.DepthBuffersBaseIntegrationTests" name="Patch_InvalidIdPropertyReturnsNotFound" /></UnitTest><UnitTest name="Put_ValidReferencePropertyUpdatesModel" storage="d:\modelrelief\modelrelief.test\bin\debug\netcoreapp2.0\modelrelief.test.dll" id="94dd4c67-6509-49a3-b725-62cba52a6228"><Execution id="d4e75c3e-2d19-4366-bcd4-d079ef0a9a60" /><TestMethod codeBase="D:\ModelRelief\ModelRelief.test\bin\Debug\netcoreapp2.0\ModelRelief.Test.dll" adapterTypeName="executor://xunit/VsTestRunner2/netcoreapp" className="ModelRelief.Test.Integration.Models.ModelsBaseIntegrationTests" name="Put_ValidReferencePropertyUpdatesModel" /></UnitTest><UnitTest name="GetSingle_InvalidIdPropertyValueReturnsNotFound" storage="d:\modelrelief\modelrelief.test\bin\debug\netcoreapp2.0\modelrelief.test.dll" id="adcf6790-1eed-43c0-9812-b5a4328d51b9"><Execution id="f3188d29-cd1a-46cc-8436-d0785084e11a" /><TestMethod codeBase="D:\ModelRelief\ModelRelief.test\bin\Debug\netcoreapp2.0\ModelRelief.Test.dll" adapterTypeName="executor://xunit/VsTestRunner2/netcoreapp" className="ModelRelief.Test.Integration.Projects.ProjectsBaseIntegrationTests" name="GetSingle_InvalidIdPropertyValueReturnsNotFound" /></UnitTest><UnitTest name="Model3dHasExpectedDependentFiles" storage="d:\modelrelief\modelrelief.test\bin\debug\netcoreapp2.0\modelrelief.test.dll" id="ebe5e16f-0431-489b-902a-b7f4cb0adc32"><Execution id="046a5de2-6151-4204-a33b-f4d59864f749" /><TestMethod codeBase="D:\ModelRelief\ModelRelief.test\bin\Debug\netcoreapp2.0\ModelRelief.Test.dll" adapterTypeName="executor://xunit/VsTestRunner2/netcoreapp" className="ModelRelief.Test.Unit.DependencyManager.DependencyManagerTests" name="Model3dHasExpectedDependentFiles" /></UnitTest><UnitTest name="Patch_ValidReferencePropertyUpdatesModel" storage="d:\modelrelief\modelrelief.test\bin\debug\netcoreapp2.0\modelrelief.test.dll" id="157f897f-3dec-4cb4-a6b5-f12ffd1f154f"><Execution id="4eb82828-67ac-460a-a821-2c707ae73dfb" /><TestMethod codeBase="D:\ModelRelief\ModelRelief.test\bin\Debug\netcoreapp2.0\ModelRelief.Test.dll" adapterTypeName="executor://xunit/VsTestRunner2/netcoreapp" className="ModelRelief.Test.Integration.MeshTransforms.MeshTransformsBaseIntegrationTests" name="Patch_ValidReferencePropertyUpdatesModel" /></UnitTest><UnitTest name="GetSingle_ValidIdPropertyValueReturnsCorrectModel" storage="d:\modelrelief\modelrelief.test\bin\debug\netcoreapp2.0\modelrelief.test.dll" id="1911ebe4-8741-477d-9b43-f3016fe17115"><Execution id="85667993-e72d-45fb-97ca-ddcdb01b8613" /><TestMethod codeBase="D:\ModelRelief\ModelRelief.test\bin\Debug\netcoreapp2.0\ModelRelief.Test.dll" adapterTypeName="executor://xunit/VsTestRunner2/netcoreapp" className="ModelRelief.Test.Integration.Projects.ProjectsBaseIntegrationTests" name="GetSingle_ValidIdPropertyValueReturnsCorrectModel" /></UnitTest><UnitTest name="Patch_InvalidReferencePropertyReturnsBadRequest" storage="d:\modelrelief\modelrelief.test\bin\debug\netcoreapp2.0\modelrelief.test.dll" id="1ea8767e-e3d8-4e45-82b5-96ebc6961694"><Execution id="b3e8e2b9-417e-4fcd-9578-162d45c8344b" /><TestMethod codeBase="D:\ModelRelief\ModelRelief.test\bin\Debug\netcoreapp2.0\ModelRelief.Test.dll" adapterTypeName="executor://xunit/VsTestRunner2/netcoreapp" className="ModelRelief.Test.Integration.Cameras.CamerasBaseIntegrationTests" name="Patch_InvalidReferencePropertyReturnsBadRequest" /></UnitTest><UnitTest name="Put_InvalidIdReturnsNotFound" storage="d:\modelrelief\modelrelief.test\bin\debug\netcoreapp2.0\modelrelief.test.dll" id="d73340ef-013a-43f0-a042-1cf5019e4f33"><Execution id="ac6fda14-3e19-4d4b-8c69-401317dc3f88" /><TestMethod codeBase="D:\ModelRelief\ModelRelief.test\bin\Debug\netcoreapp2.0\ModelRelief.Test.dll" adapterTypeName="executor://xunit/VsTestRunner2/netcoreapp" className="ModelRelief.Test.Integration.Meshes.MeshesBaseIntegrationTests" name="Put_InvalidIdReturnsNotFound" /></UnitTest><UnitTest name="Put_CanUpdateModel" storage="d:\modelrelief\modelrelief.test\bin\debug\netcoreapp2.0\modelrelief.test.dll" id="50d8b809-4cc5-42c5-9657-fd2500562abd"><Execution id="0ba2b32c-544c-46c2-899c-d7e2205ce25d" /><TestMethod codeBase="D:\ModelRelief\ModelRelief.test\bin\Debug\netcoreapp2.0\ModelRelief.Test.dll" adapterTypeName="executor://xunit/VsTestRunner2/netcoreapp" className="ModelRelief.Test.Integration.Projects.ProjectsBaseIntegrationTests" name="Put_CanUpdateModel" /></UnitTest><UnitTest name="Patch_TargetPropertyIsUpdated" storage="d:\modelrelief\modelrelief.test\bin\debug\netcoreapp2.0\modelrelief.test.dll" id="63e0a0c7-7ba3-4e8c-8250-20516731aad6"><Execution id="bf5895d2-c847-4cf2-945e-b1f6d3695f17" /><TestMethod codeBase="D:\ModelRelief\ModelRelief.test\bin\Debug\netcoreapp2.0\ModelRelief.Test.dll" adapterTypeName="executor://xunit/VsTestRunner2/netcoreapp" className="ModelRelief.Test.Integration.Meshes.MeshesBaseIntegrationTests" name="Patch_TargetPropertyIsUpdated" /></UnitTest><UnitTest name="Post_CanCreateNewModel" storage="d:\modelrelief\modelrelief.test\bin\debug\netcoreapp2.0\modelrelief.test.dll" id="7e553add-ce45-478c-a33a-528c4a5ff3c9"><Execution id="c7b601bc-3443-46eb-8fd5-44bb9a864d7a" /><TestMethod codeBase="D:\ModelRelief\ModelRelief.test\bin\Debug\netcoreapp2.0\ModelRelief.Test.dll" adapterTypeName="executor://xunit/VsTestRunner2/netcoreapp" className="ModelRelief.Test.Integration.MeshTransforms.MeshTransformsBaseIntegrationTests" name="Post_CanCreateNewModel" /></UnitTest><UnitTest name="Put_InvalidReferencePropertyReturndBadRequest" storage="d:\modelrelief\modelrelief.test\bin\debug\netcoreapp2.0\modelrelief.test.dll" id="ae6c015d-daca-47b8-a196-e127e4a5aa28"><Execution id="97aec5d7-9691-4f39-a4b9-ffc963ffb711" /><TestMethod codeBase="D:\ModelRelief\ModelRelief.test\bin\Debug\netcoreapp2.0\ModelRelief.Test.dll" adapterTypeName="executor://xunit/VsTestRunner2/netcoreapp" className="ModelRelief.Test.Integration.Cameras.CamerasBaseIntegrationTests" name="Put_InvalidReferencePropertyReturndBadRequest" /></UnitTest><UnitTest name="GetFile_ExistingFileReturnsSuccess" storage="d:\modelrelief\modelrelief.test\bin\debug\netcoreapp2.0\modelrelief.test.dll" id="64d4ffd9-582c-4663-8ddf-9b4d9675a3bf"><Execution id="9dc6a43d-7525-45df-bd89-f4fc53ef1c1d" /><TestMethod codeBase="D:\ModelRelief\ModelRelief.test\bin\Debug\netcoreapp2.0\ModelRelief.Test.dll" adapterTypeName="executor://xunit/VsTestRunner2/netcoreapp" className="ModelRelief.Test.Integration.Models.ModelsFileIntegrationTests" name="GetFile_ExistingFileReturnsSuccess" /></UnitTest><UnitTest name="GetList_ListReturnsCorrectCount" storage="d:\modelrelief\modelrelief.test\bin\debug\netcoreapp2.0\modelrelief.test.dll" id="0f2ef4b5-d874-4f13-a0a7-f5017034e1a2"><Execution id="df994773-06c9-49de-b209-06ff8f973678" /><TestMethod codeBase="D:\ModelRelief\ModelRelief.test\bin\Debug\netcoreapp2.0\ModelRelief.Test.dll" adapterTypeName="executor://xunit/VsTestRunner2/netcoreapp" className="ModelRelief.Test.Integration.DepthBuffers.DepthBuffersBaseIntegrationTests" name="GetList_ListReturnsCorrectCount" /></UnitTest><UnitTest name="Put_InvalidIdReturnsNotFound" storage="d:\modelrelief\modelrelief.test\bin\debug\netcoreapp2.0\modelrelief.test.dll" id="05e15b55-8788-4ca1-a3b4-e5153a4662ad"><Execution id="2dd5f540-dc25-4768-9f55-7367a2570de2" /><TestMethod codeBase="D:\ModelRelief\ModelRelief.test\bin\Debug\netcoreapp2.0\ModelRelief.Test.dll" adapterTypeName="executor://xunit/VsTestRunner2/netcoreapp" className="ModelRelief.Test.Integration.DepthBuffers.DepthBuffersBaseIntegrationTests" name="Put_InvalidIdReturnsNotFound" /></UnitTest><UnitTest name="Patch_InvalidEnumPropertyValueReturnsBadRequest" storage="d:\modelrelief\modelrelief.test\bin\debug\netcoreapp2.0\modelrelief.test.dll" id="ae57f3b0-316b-4db6-a9a1-50fb1c6608d1"><Execution id="70f1d2fa-b550-466d-ac50-ba84d1a98d68" /><TestMethod codeBase="D:\ModelRelief\ModelRelief.test\bin\Debug\netcoreapp2.0\ModelRelief.Test.dll" adapterTypeName="executor://xunit/VsTestRunner2/netcoreapp" className="ModelRelief.Test.Integration.Cameras.CamerasBaseIntegrationTests" name="Patch_InvalidEnumPropertyValueReturnsBadRequest" /></UnitTest><UnitTest name="PostFile_FileIsSynchronizedIsUpdatedAfterFileIsPosted" storage="d:\modelrelief\modelrelief.test\bin\debug\netcoreapp2.0\modelrelief.test.dll" id="ec828548-05b5-46e4-a2d4-4f65a5063c4b"><Execution id="30c38338-8b4a-4121-ba2a-729417c39628" /><TestMethod codeBase="D:\ModelRelief\ModelRelief.test\bin\Debug\netcoreapp2.0\ModelRelief.Test.dll" adapterTypeName="executor://xunit/VsTestRunner2/netcoreapp" className="ModelRelief.Test.Integration.Models.ModelsFileIntegrationTests" name="PostFile_FileIsSynchronizedIsUpdatedAfterFileIsPosted" /></UnitTest><UnitTest name="Patch_MultipleInvalidReferencePropertiesReturnsMultipleValidationErrorsAndBadRequest" storage="d:\modelrelief\modelrelief.test\bin\debug\netcoreapp2.0\modelrelief.test.dll" id="15bb4210-af07-4d46-8f2a-6cd9289a431f"><Execution id="9e9345f9-2f57-4b92-ae3e-f231d617682e" /><TestMethod codeBase="D:\ModelRelief\ModelRelief.test\bin\Debug\netcoreapp2.0\ModelRelief.Test.dll" adapterTypeName="executor://xunit/VsTestRunner2/netcoreapp" className="ModelRelief.Test.Integration.MeshTransforms.MeshTransformsBaseIntegrationTests" name="Patch_MultipleInvalidReferencePropertiesReturnsMultipleValidationErrorsAndBadRequest" /></UnitTest><UnitTest name="Delete_TargetModelIsDeleted" storage="d:\modelrelief\modelrelief.test\bin\debug\netcoreapp2.0\modelrelief.test.dll" id="0ecfae4d-8d24-455a-9b2f-b14b8b42eae9"><Execution id="9ed62ba3-8393-4e80-aa8e-67e73583cd14" /><TestMethod codeBase="D:\ModelRelief\ModelRelief.test\bin\Debug\netcoreapp2.0\ModelRelief.Test.dll" adapterTypeName="executor://xunit/VsTestRunner2/netcoreapp" className="ModelRelief.Test.Integration.Models.ModelsBaseIntegrationTests" name="Delete_TargetModelIsDeleted" /></UnitTest><UnitTest name="GetList_ListReturnsCorrectCount" storage="d:\modelrelief\modelrelief.test\bin\debug\netcoreapp2.0\modelrelief.test.dll" id="31482b12-aa2f-4e9a-bc27-6ed71f2ba972"><Execution id="e673fc3b-bfcd-4be1-8de9-fcb38ae9381e" /><TestMethod codeBase="D:\ModelRelief\ModelRelief.test\bin\Debug\netcoreapp2.0\ModelRelief.Test.dll" adapterTypeName="executor://xunit/VsTestRunner2/netcoreapp" className="ModelRelief.Test.Integration.Meshes.MeshesBaseIntegrationTests" name="GetList_ListReturnsCorrectCount" /></UnitTest><UnitTest name="GetFile_FileCanBeRoundTripped" storage="d:\modelrelief\modelrelief.test\bin\debug\netcoreapp2.0\modelrelief.test.dll" id="02995e1e-3ee7-4f2d-ba31-63ca98467c81"><Execution id="748ae257-389e-4c6c-8c9b-ad912acbc8b3" /><TestMethod codeBase="D:\ModelRelief\ModelRelief.test\bin\Debug\netcoreapp2.0\ModelRelief.Test.dll" adapterTypeName="executor://xunit/VsTestRunner2/netcoreapp" className="ModelRelief.Test.Integration.Models.ModelsFileIntegrationTests" name="GetFile_FileCanBeRoundTripped" /></UnitTest><UnitTest name="Put_InvalidReferencePropertyReturndBadRequest" storage="d:\modelrelief\modelrelief.test\bin\debug\netcoreapp2.0\modelrelief.test.dll" id="0578cd10-3ad1-479e-89b6-4848e73c05cc"><Execution id="15bb96ea-4751-4b66-9dc8-7977ea3118f3" /><TestMethod codeBase="D:\ModelRelief\ModelRelief.test\bin\Debug\netcoreapp2.0\ModelRelief.Test.dll" adapterTypeName="executor://xunit/VsTestRunner2/netcoreapp" className="ModelRelief.Test.Integration.Projects.ProjectsBaseIntegrationTests" name="Put_InvalidReferencePropertyReturndBadRequest" /></UnitTest><UnitTest name="Put_CanUpdateModel" storage="d:\modelrelief\modelrelief.test\bin\debug\netcoreapp2.0\modelrelief.test.dll" id="86ea0d90-7c23-464d-8930-9e8a75c131c4"><Execution id="e7e2d407-4147-4388-9cc7-e0e9df0e98c4" /><TestMethod codeBase="D:\ModelRelief\ModelRelief.test\bin\Debug\netcoreapp2.0\ModelRelief.Test.dll" adapterTypeName="executor://xunit/VsTestRunner2/netcoreapp" className="ModelRelief.Test.Integration.Models.ModelsBaseIntegrationTests" name="Put_CanUpdateModel" /></UnitTest><UnitTest name="Delete_TargetModelIsDeleted" storage="d:\modelrelief\modelrelief.test\bin\debug\netcoreapp2.0\modelrelief.test.dll" id="7437aca7-35ce-495d-8c65-720d6512fcd6"><Execution id="8331ea4a-f160-4409-93a3-fd5041eaa19f" /><TestMethod codeBase="D:\ModelRelief\ModelRelief.test\bin\Debug\netcoreapp2.0\ModelRelief.Test.dll" adapterTypeName="executor://xunit/VsTestRunner2/netcoreapp" className="ModelRelief.Test.Integration.Meshes.MeshesBaseIntegrationTests" name="Delete_TargetModelIsDeleted" /></UnitTest><UnitTest name="FileRequest_DepthBufferIsInvalidatedAfterCameraDependencyPropertyChange" storage="d:\modelrelief\modelrelief.test\bin\debug\netcoreapp2.0\modelrelief.test.dll" id="eaef804c-fd3b-4d1a-a6e4-24e62f7f1247"><Execution id="b321a337-e9ad-45cc-b72d-7f6bc473e585" /><TestMethod codeBase="D:\ModelRelief\ModelRelief.test\bin\Debug\netcoreapp2.0\ModelRelief.Test.dll" adapterTypeName="executor://xunit/VsTestRunner2/netcoreapp" className="ModelRelief.Test.Integration.DepthBuffers.DepthBuffersFileIntegrationTests" name="FileRequest_DepthBufferIsInvalidatedAfterCameraDependencyPropertyChange" /></UnitTest><UnitTest name="PostFile_FileTimeStampIsUpdatedAfterFileIsPosted" storage="d:\modelrelief\modelrelief.test\bin\debug\netcoreapp2.0\modelrelief.test.dll" id="acca890b-9c0a-42bd-8c63-cce229a9c696"><Execution id="28d702c6-a73d-4715-bd2d-7bdb8b7c1935" /><TestMethod codeBase="D:\ModelRelief\ModelRelief.test\bin\Debug\netcoreapp2.0\ModelRelief.Test.dll" adapterTypeName="executor://xunit/VsTestRunner2/netcoreapp" className="ModelRelief.Test.Integration.DepthBuffers.DepthBuffersFileIntegrationTests" name="PostFile_FileTimeStampIsUpdatedAfterFileIsPosted" /></UnitTest><UnitTest name="Patch_TargetPropertyIsUpdated" storage="d:\modelrelief\modelrelief.test\bin\debug\netcoreapp2.0\modelrelief.test.dll" id="78e48dce-5f24-49ed-9cf3-b6aa420a9b94"><Execution id="33890529-f92f-48ad-871e-888ee9ceafad" /><TestMethod codeBase="D:\ModelRelief\ModelRelief.test\bin\Debug\netcoreapp2.0\ModelRelief.Test.dll" adapterTypeName="executor://xunit/VsTestRunner2/netcoreapp" className="ModelRelief.Test.Integration.MeshTransforms.MeshTransformsBaseIntegrationTests" name="Patch_TargetPropertyIsUpdated" /></UnitTest><UnitTest name="Put_InvalidIdReturnsNotFound" storage="d:\modelrelief\modelrelief.test\bin\debug\netcoreapp2.0\modelrelief.test.dll" id="061c3cee-7e7c-4e73-b658-49f16ec585c0"><Execution id="03887738-b19b-4f5f-b99b-c8ebd99df514" /><TestMethod codeBase="D:\ModelRelief\ModelRelief.test\bin\Debug\netcoreapp2.0\ModelRelief.Test.dll" adapterTypeName="executor://xunit/VsTestRunner2/netcoreapp" className="ModelRelief.Test.Integration.MeshTransforms.MeshTransformsBaseIntegrationTests" name="Put_InvalidIdReturnsNotFound" /></UnitTest><UnitTest name="PutFile_FileCanBeUpdated" storage="d:\modelrelief\modelrelief.test\bin\debug\netcoreapp2.0\modelrelief.test.dll" id="7a6eec80-d47e-4fe4-9a57-41e408661cd6"><Execution id="fc1e9357-3527-4482-92f1-a57d6aa74ba9" /><TestMethod codeBase="D:\ModelRelief\ModelRelief.test\bin\Debug\netcoreapp2.0\ModelRelief.Test.dll" adapterTypeName="executor://xunit/VsTestRunner2/netcoreapp" className="ModelRelief.Test.Integration.Meshes.MeshesFileIntegrationTests" name="PutFile_FileCanBeUpdated" /></UnitTest><UnitTest name="Patch_InvalidReferencePropertyReturnsBadRequest" storage="d:\modelrelief\modelrelief.test\bin\debug\netcoreapp2.0\modelrelief.test.dll" id="a22687d2-9c37-4894-b0e8-68058e743b44"><Execution id="2ee22753-38ba-4d1e-bf77-5f209e361e22" /><TestMethod codeBase="D:\ModelRelief\ModelRelief.test\bin\Debug\netcoreapp2.0\ModelRelief.Test.dll" adapterTypeName="executor://xunit/VsTestRunner2/netcoreapp" className="ModelRelief.Test.Integration.DepthBuffers.DepthBuffersBaseIntegrationTests" name="Patch_InvalidReferencePropertyReturnsBadRequest" /></UnitTest><UnitTest name="Patch_InvalidReferencePropertyReturnsBadRequest" storage="d:\modelrelief\modelrelief.test\bin\debug\netcoreapp2.0\modelrelief.test.dll" id="c7813fb7-3e98-408d-8972-5224fc5dc105"><Execution id="cf06e8d1-2cd1-4a7f-a682-1d02dbc2b586" /><TestMethod codeBase="D:\ModelRelief\ModelRelief.test\bin\Debug\netcoreapp2.0\ModelRelief.Test.dll" adapterTypeName="executor://xunit/VsTestRunner2/netcoreapp" className="ModelRelief.Test.Integration.MeshTransforms.MeshTransformsBaseIntegrationTests" name="Patch_InvalidReferencePropertyReturnsBadRequest" /></UnitTest><UnitTest name="Post_InvalidPropertyValueReturnsBadRequest" storage="d:\modelrelief\modelrelief.test\bin\debug\netcoreapp2.0\modelrelief.test.dll" id="ac2cc279-76a7-4a80-9992-c4ba5dc56603"><Execution id="dc215e6e-d017-4528-a459-58cc2ef6478e" /><TestMethod codeBase="D:\ModelRelief\ModelRelief.test\bin\Debug\netcoreapp2.0\ModelRelief.Test.dll" adapterTypeName="executor://xunit/VsTestRunner2/netcoreapp" className="ModelRelief.Test.Integration.Projects.ProjectsBaseIntegrationTests" name="Post_InvalidPropertyValueReturnsBadRequest" /></UnitTest><UnitTest name="Patch_InvalidReferencePropertyReturnsBadRequest" storage="d:\modelrelief\modelrelief.test\bin\debug\netcoreapp2.0\modelrelief.test.dll" id="5e0729af-8f4b-4afa-ac55-4fd88a147d77"><Execution id="ec6a0c91-8bbb-44c1-a19a-0033ad3d2357" /><TestMethod codeBase="D:\ModelRelief\ModelRelief.test\bin\Debug\netcoreapp2.0\ModelRelief.Test.dll" adapterTypeName="executor://xunit/VsTestRunner2/netcoreapp" className="ModelRelief.Test.Integration.Models.ModelsBaseIntegrationTests" name="Patch_InvalidReferencePropertyReturnsBadRequest" /></UnitTest><UnitTest name="Post_ValidReferencePropertyCreatesModel" storage="d:\modelrelief\modelrelief.test\bin\debug\netcoreapp2.0\modelrelief.test.dll" id="ca5dd84f-05ed-478d-b742-478d8f35deeb"><Execution id="6c24791d-0864-4c30-8002-09f292e68c1d" /><TestMethod codeBase="D:\ModelRelief\ModelRelief.test\bin\Debug\netcoreapp2.0\ModelRelief.Test.dll" adapterTypeName="executor://xunit/VsTestRunner2/netcoreapp" className="ModelRelief.Test.Integration.Cameras.CamerasBaseIntegrationTests" name="Post_ValidReferencePropertyCreatesModel" /></UnitTest><UnitTest name="Patch_MultipleInvalidReferencePropertiesReturnsMultipleValidationErrorsAndBadRequest" storage="d:\modelrelief\modelrelief.test\bin\debug\netcoreapp2.0\modelrelief.test.dll" id="b8894769-7a0c-4b26-b80e-b1e078c5bab4"><Execution id="9c7275ff-f63e-49f8-8b1f-ba0e58c1159b" /><TestMethod codeBase="D:\ModelRelief\ModelRelief.test\bin\Debug\netcoreapp2.0\ModelRelief.Test.dll" adapterTypeName="executor://xunit/VsTestRunner2/netcoreapp" className="ModelRelief.Test.Integration.DepthBuffers.DepthBuffersBaseIntegrationTests" name="Patch_MultipleInvalidReferencePropertiesReturnsMultipleValidationErrorsAndBadRequest" /></UnitTest><UnitTest name="Post_InvalidPropertyValueReturnsBadRequest" storage="d:\modelrelief\modelrelief.test\bin\debug\netcoreapp2.0\modelrelief.test.dll" id="d2e6d100-f9af-4339-874c-5eebed3aeb78"><Execution id="2c9089a3-d02d-4c19-bcc7-23c5e26c90e2" /><TestMethod codeBase="D:\ModelRelief\ModelRelief.test\bin\Debug\netcoreapp2.0\ModelRelief.Test.dll" adapterTypeName="executor://xunit/VsTestRunner2/netcoreapp" className="ModelRelief.Test.Integration.Meshes.MeshesBaseIntegrationTests" name="Post_InvalidPropertyValueReturnsBadRequest" /></UnitTest><UnitTest name="Patch_TargetPropertyIsUpdated" storage="d:\modelrelief\modelrelief.test\bin\debug\netcoreapp2.0\modelrelief.test.dll" id="39a816d5-2ee8-43e3-a2b5-36b037b1a302"><Execution id="6b44ca1b-1b7f-48fe-a1c2-cf41d75011e1" /><TestMethod codeBase="D:\ModelRelief\ModelRelief.test\bin\Debug\netcoreapp2.0\ModelRelief.Test.dll" adapterTypeName="executor://xunit/VsTestRunner2/netcoreapp" className="ModelRelief.Test.Integration.Cameras.CamerasBaseIntegrationTests" name="Patch_TargetPropertyIsUpdated" /></UnitTest><UnitTest name="Put_CanUpdateModel" storage="d:\modelrelief\modelrelief.test\bin\debug\netcoreapp2.0\modelrelief.test.dll" id="cd11331f-8a40-4326-a912-465692e8cf10"><Execution id="a0785027-9483-4586-9d3e-c343417fd8b0" /><TestMethod codeBase="D:\ModelRelief\ModelRelief.test\bin\Debug\netcoreapp2.0\ModelRelief.Test.dll" adapterTypeName="executor://xunit/VsTestRunner2/netcoreapp" className="ModelRelief.Test.Integration.DepthBuffers.DepthBuffersBaseIntegrationTests" name="Put_CanUpdateModel" /></UnitTest><UnitTest name="GetFile_FileCanBeRoundTripped" storage="d:\modelrelief\modelrelief.test\bin\debug\netcoreapp2.0\modelrelief.test.dll" id="b038e7e4-daac-49a7-9b3e-899ff989f69f"><Execution id="cdc97e51-f66f-4aeb-bd05-1d6dc02ad090" /><TestMethod codeBase="D:\ModelRelief\ModelRelief.test\bin\Debug\netcoreapp2.0\ModelRelief.Test.dll" adapterTypeName="executor://xunit/VsTestRunner2/netcoreapp" className="ModelRelief.Test.Integration.DepthBuffers.DepthBuffersFileIntegrationTests" name="GetFile_FileCanBeRoundTripped" /></UnitTest><UnitTest name="PutFile_FileCanBeUpdated" storage="d:\modelrelief\modelrelief.test\bin\debug\netcoreapp2.0\modelrelief.test.dll" id="d6a34ef8-996a-4344-a823-1e5789b935e4"><Execution id="e545080b-c020-45b8-97d3-298bc61d4d9e" /><TestMethod codeBase="D:\ModelRelief\ModelRelief.test\bin\Debug\netcoreapp2.0\ModelRelief.Test.dll" adapterTypeName="executor://xunit/VsTestRunner2/netcoreapp" className="ModelRelief.Test.Integration.DepthBuffers.DepthBuffersFileIntegrationTests" name="PutFile_FileCanBeUpdated" /></UnitTest><UnitTest name="GetFile_FileCanBeRoundTripped" storage="d:\modelrelief\modelrelief.test\bin\debug\netcoreapp2.0\modelrelief.test.dll" id="fc138c08-9065-4697-99d3-e5cfe2e4e6f6"><Execution id="cb7bb1e2-05ad-449c-92cf-7ac99927f717" /><TestMethod codeBase="D:\ModelRelief\ModelRelief.test\bin\Debug\netcoreapp2.0\ModelRelief.Test.dll" adapterTypeName="executor://xunit/VsTestRunner2/netcoreapp" className="ModelRelief.Test.Integration.Meshes.MeshesFileIntegrationTests" name="GetFile_FileCanBeRoundTripped" /></UnitTest><UnitTest name="Patch_ValidReferencePropertyUpdatesModel" storage="d:\modelrelief\modelrelief.test\bin\debug\netcoreapp2.0\modelrelief.test.dll" id="26e215da-73ba-4324-a50f-508b220433f4"><Execution id="11b81479-ae49-4781-ae7e-abafd5897e53" /><TestMethod codeBase="D:\ModelRelief\ModelRelief.test\bin\Debug\netcoreapp2.0\ModelRelief.Test.dll" adapterTypeName="executor://xunit/VsTestRunner2/netcoreapp" className="ModelRelief.Test.Integration.Projects.ProjectsBaseIntegrationTests" name="Patch_ValidReferencePropertyUpdatesModel" /></UnitTest><UnitTest name="Patch_MultipleInvalidReferencePropertiesReturnsMultipleValidationErrorsAndBadRequest" storage="d:\modelrelief\modelrelief.test\bin\debug\netcoreapp2.0\modelrelief.test.dll" id="00fde50a-7050-455c-a566-a97ea37d5562"><Execution id="a9a6f4c7-318c-49e0-bae1-52457837decf" /><TestMethod codeBase="D:\ModelRelief\ModelRelief.test\bin\Debug\netcoreapp2.0\ModelRelief.Test.dll" adapterTypeName="executor://xunit/VsTestRunner2/netcoreapp" className="ModelRelief.Test.Integration.Projects.ProjectsBaseIntegrationTests" name="Patch_MultipleInvalidReferencePropertiesReturnsMultipleValidationErrorsAndBadRequest" /></UnitTest><UnitTest name="Post_CanCreateNewModel" storage="d:\modelrelief\modelrelief.test\bin\debug\netcoreapp2.0\modelrelief.test.dll" id="77c2bd46-67a5-4317-88d5-283b38e6475f"><Execution id="486c62c9-1d92-451d-8b7a-3a0551eaa4c5" /><TestMethod codeBase="D:\ModelRelief\ModelRelief.test\bin\Debug\netcoreapp2.0\ModelRelief.Test.dll" adapterTypeName="executor://xunit/VsTestRunner2/netcoreapp" className="ModelRelief.Test.Integration.Models.ModelsBaseIntegrationTests" name="Post_CanCreateNewModel" /></UnitTest><UnitTest name="Patch_InvalidPropertyNameReturnsBadRequest" storage="d:\modelrelief\modelrelief.test\bin\debug\netcoreapp2.0\modelrelief.test.dll" id="2273da8e-3960-4ab7-a5f5-dbfe6363b9fb"><Execution id="ee68f18f-d9d6-41dd-84b4-747d691828d5" /><TestMethod codeBase="D:\ModelRelief\ModelRelief.test\bin\Debug\netcoreapp2.0\ModelRelief.Test.dll" adapterTypeName="executor://xunit/VsTestRunner2/netcoreapp" className="ModelRelief.Test.Integration.Meshes.MeshesBaseIntegrationTests" name="Patch_InvalidPropertyNameReturnsBadRequest" /></UnitTest><UnitTest name="Patch_InvalidReferencePropertyReturnsBadRequest" storage="d:\modelrelief\modelrelief.test\bin\debug\netcoreapp2.0\modelrelief.test.dll" id="b51cd10d-fb4e-45dc-bc43-8e27fba94a48"><Execution id="e63c94d3-3ca1-439a-8dc7-fd11bc3cb701" /><TestMethod codeBase="D:\ModelRelief\ModelRelief.test\bin\Debug\netcoreapp2.0\ModelRelief.Test.dll" adapterTypeName="executor://xunit/VsTestRunner2/netcoreapp" className="ModelRelief.Test.Integration.Meshes.MeshesBaseIntegrationTests" name="Patch_InvalidReferencePropertyReturnsBadRequest" /></UnitTest><UnitTest name="GetFile_ExistingFileReturnsSuccess" storage="d:\modelrelief\modelrelief.test\bin\debug\netcoreapp2.0\modelrelief.test.dll" id="568cf919-df50-418f-bd89-663350ab1af4"><Execution id="8826a2a9-4cfc-4f61-ac0e-6bc7c54c4767" /><TestMethod codeBase="D:\ModelRelief\ModelRelief.test\bin\Debug\netcoreapp2.0\ModelRelief.Test.dll" adapterTypeName="executor://xunit/VsTestRunner2/netcoreapp" className="ModelRelief.Test.Integration.Meshes.MeshesFileIntegrationTests" name="GetFile_ExistingFileReturnsSuccess" /></UnitTest><UnitTest name="Post_ValidReferencePropertyCreatesModel" storage="d:\modelrelief\modelrelief.test\bin\debug\netcoreapp2.0\modelrelief.test.dll" id="5545044d-e01e-4744-bc28-12ffbc5099eb"><Execution id="b49696c3-6b36-457a-8960-4061b3aa18eb" /><TestMethod codeBase="D:\ModelRelief\ModelRelief.test\bin\Debug\netcoreapp2.0\ModelRelief.Test.dll" adapterTypeName="executor://xunit/VsTestRunner2/netcoreapp" className="ModelRelief.Test.Integration.Models.ModelsBaseIntegrationTests" name="Post_ValidReferencePropertyCreatesModel" /></UnitTest><UnitTest name="GetSingle_ValidIdPropertyValueReturnsCorrectModel" storage="d:\modelrelief\modelrelief.test\bin\debug\netcoreapp2.0\modelrelief.test.dll" id="6a416967-0868-4919-ba0e-3d73825b6e18"><Execution id="0a618022-2af3-477d-bfdb-fda5f0dd0406" /><TestMethod codeBase="D:\ModelRelief\ModelRelief.test\bin\Debug\netcoreapp2.0\ModelRelief.Test.dll" adapterTypeName="executor://xunit/VsTestRunner2/netcoreapp" className="ModelRelief.Test.Integration.DepthBuffers.DepthBuffersBaseIntegrationTests" name="GetSingle_ValidIdPropertyValueReturnsCorrectModel" /></UnitTest><UnitTest name="Patch_TargetPropertyIsUpdated" storage="d:\modelrelief\modelrelief.test\bin\debug\netcoreapp2.0\modelrelief.test.dll" id="276754b7-0417-4879-baaf-fd15bb72ccea"><Execution id="820edc45-7a24-4b9f-94a1-4d2ad5dc262f" /><TestMethod codeBase="D:\ModelRelief\ModelRelief.test\bin\Debug\netcoreapp2.0\ModelRelief.Test.dll" adapterTypeName="executor://xunit/VsTestRunner2/netcoreapp" className="ModelRelief.Test.Integration.Projects.ProjectsBaseIntegrationTests" name="Patch_TargetPropertyIsUpdated" /></UnitTest><UnitTest name="Put_InvalidIdReturnsNotFound" storage="d:\modelrelief\modelrelief.test\bin\debug\netcoreapp2.0\modelrelief.test.dll" id="dd023f2d-c7b4-4661-89bd-c46593375471"><Execution id="d9b9ae28-7285-4c73-9a37-2822f37d56c9" /><TestMethod codeBase="D:\ModelRelief\ModelRelief.test\bin\Debug\netcoreapp2.0\ModelRelief.Test.dll" adapterTypeName="executor://xunit/VsTestRunner2/netcoreapp" className="ModelRelief.Test.Integration.Projects.ProjectsBaseIntegrationTests" name="Put_InvalidIdReturnsNotFound" /></UnitTest><UnitTest name="Put_CanUpdateModel" storage="d:\modelrelief\modelrelief.test\bin\debug\netcoreapp2.0\modelrelief.test.dll" id="95d28b64-e5f2-4697-b8d2-848ada5339bc"><Execution id="d54bb3a5-a568-44cf-9fca-2ee5da4893eb" /><TestMethod codeBase="D:\ModelRelief\ModelRelief.test\bin\Debug\netcoreapp2.0\ModelRelief.Test.dll" adapterTypeName="executor://xunit/VsTestRunner2/netcoreapp" className="ModelRelief.Test.Integration.MeshTransforms.MeshTransformsBaseIntegrationTests" name="Put_CanUpdateModel" /></UnitTest><UnitTest name="GetList_ListReturnsCorrectCount" storage="d:\modelrelief\modelrelief.test\bin\debug\netcoreapp2.0\modelrelief.test.dll" id="bbb8c02b-0266-45ef-82f6-39c5accff078"><Execution id="dbd170d0-b398-49cf-8ad8-bda53f266f51" /><TestMethod codeBase="D:\ModelRelief\ModelRelief.test\bin\Debug\netcoreapp2.0\ModelRelief.Test.dll" adapterTypeName="executor://xunit/VsTestRunner2/netcoreapp" className="ModelRelief.Test.Integration.Cameras.CamerasBaseIntegrationTests" name="GetList_ListReturnsCorrectCount" /></UnitTest><UnitTest name="Post_CanCreateNewModel" storage="d:\modelrelief\modelrelief.test\bin\debug\netcoreapp2.0\modelrelief.test.dll" id="6e40898a-15ae-42f0-913a-14f55405bbee"><Execution id="5ff0356c-9069-476f-82e0-9ae5874d0401" /><TestMethod codeBase="D:\ModelRelief\ModelRelief.test\bin\Debug\netcoreapp2.0\ModelRelief.Test.dll" adapterTypeName="executor://xunit/VsTestRunner2/netcoreapp" className="ModelRelief.Test.Integration.Projects.ProjectsBaseIntegrationTests" name="Post_CanCreateNewModel" /></UnitTest><UnitTest name="Post_InvalidPropertyValueReturnsBadRequest" storage="d:\modelrelief\modelrelief.test\bin\debug\netcoreapp2.0\modelrelief.test.dll" id="89f798d9-27dd-48c4-8183-de83cc4134c0"><Execution id="12f84169-062a-4ad8-9373-84858002491a" /><TestMethod codeBase="D:\ModelRelief\ModelRelief.test\bin\Debug\netcoreapp2.0\ModelRelief.Test.dll" adapterTypeName="executor://xunit/VsTestRunner2/netcoreapp" className="ModelRelief.Test.Integration.MeshTransforms.MeshTransformsBaseIntegrationTests" name="Post_InvalidPropertyValueReturnsBadRequest" /></UnitTest><UnitTest name="Post_InvalidPropertyValueReturnsBadRequest" storage="d:\modelrelief\modelrelief.test\bin\debug\netcoreapp2.0\modelrelief.test.dll" id="e5ccad55-cf35-4966-b04c-5556d5932448"><Execution id="5e0331df-7374-4d5c-be48-7af9b36c3128" /><TestMethod codeBase="D:\ModelRelief\ModelRelief.test\bin\Debug\netcoreapp2.0\ModelRelief.Test.dll" adapterTypeName="executor://xunit/VsTestRunner2/netcoreapp" className="ModelRelief.Test.Integration.DepthBuffers.DepthBuffersBaseIntegrationTests" name="Post_InvalidPropertyValueReturnsBadRequest" /></UnitTest><UnitTest name="PutFile_NewFileCanBePut" storage="d:\modelrelief\modelrelief.test\bin\debug\netcoreapp2.0\modelrelief.test.dll" id="1a35c49c-6481-42d0-b5c4-aa062cdd519a"><Execution id="eb1d8c89-bdad-4a92-8d05-0b0583619427" /><TestMethod codeBase="D:\ModelRelief\ModelRelief.test\bin\Debug\netcoreapp2.0\ModelRelief.Test.dll" adapterTypeName="executor://xunit/VsTestRunner2/netcoreapp" className="ModelRelief.Test.Integration.Models.ModelsFileIntegrationTests" name="PutFile_NewFileCanBePut" /></UnitTest><UnitTest name="PostFile_FileIsSynchronizedIsUpdatedAfterFileIsPosted" storage="d:\modelrelief\modelrelief.test\bin\debug\netcoreapp2.0\modelrelief.test.dll" id="69e26883-efcc-4c59-bb9c-39cfbff17a54"><Execution id="4a4db957-6c7f-4a9c-9525-7e92ec91f6f3" /><TestMethod codeBase="D:\ModelRelief\ModelRelief.test\bin\Debug\netcoreapp2.0\ModelRelief.Test.dll" adapterTypeName="executor://xunit/VsTestRunner2/netcoreapp" className="ModelRelief.Test.Integration.DepthBuffers.DepthBuffersFileIntegrationTests" name="PostFile_FileIsSynchronizedIsUpdatedAfterFileIsPosted" /></UnitTest><UnitTest name="PostFile_NewFileCanBePosted" storage="d:\modelrelief\modelrelief.test\bin\debug\netcoreapp2.0\modelrelief.test.dll" id="cfe8dae7-24f3-4e32-968f-5b54e9b45cf5"><Execution id="54930e56-a724-4234-8edf-3c9cb77d5809" /><TestMethod codeBase="D:\ModelRelief\ModelRelief.test\bin\Debug\netcoreapp2.0\ModelRelief.Test.dll" adapterTypeName="executor://xunit/VsTestRunner2/netcoreapp" className="ModelRelief.Test.Integration.Models.ModelsFileIntegrationTests" name="PostFile_NewFileCanBePosted" /></UnitTest><UnitTest name="FileRequest_FileCanBeReadAfterRename" storage="d:\modelrelief\modelrelief.test\bin\debug\netcoreapp2.0\modelrelief.test.dll" id="08ea92df-9bc1-4321-a722-5c1ed2e186fa"><Execution id="076461e3-c238-4caa-8492-320cdc497ca5" /><TestMethod codeBase="D:\ModelRelief\ModelRelief.test\bin\Debug\netcoreapp2.0\ModelRelief.Test.dll" adapterTypeName="executor://xunit/VsTestRunner2/netcoreapp" className="ModelRelief.Test.Integration.Models.ModelsFileIntegrationTests" name="FileRequest_FileCanBeReadAfterRename" /></UnitTest><UnitTest name="LucyCameraFindsAllDependents" storage="d:\modelrelief\modelrelief.test\bin\debug\netcoreapp2.0\modelrelief.test.dll" id="51b99377-4c7e-4dbb-81a2-db51dfefef7a"><Execution id="41630c07-3ec2-443a-bb85-42c6b0c34789" /><TestMethod codeBase="D:\ModelRelief\ModelRelief.test\bin\Debug\netcoreapp2.0\ModelRelief.Test.dll" adapterTypeName="executor://xunit/VsTestRunner2/netcoreapp" className="ModelRelief.Test.Unit.DependencyManager.DependencyManagerTests" name="LucyCameraFindsAllDependents" /></UnitTest><UnitTest name="Post_InvalidReferencePropertyReturnsBadRequest" storage="d:\modelrelief\modelrelief.test\bin\debug\netcoreapp2.0\modelrelief.test.dll" id="f490b9e7-5632-4ef4-95fb-991f3ec3afb9"><Execution id="bde4c271-9c75-4608-bb38-337a7c68a853" /><TestMethod codeBase="D:\ModelRelief\ModelRelief.test\bin\Debug\netcoreapp2.0\ModelRelief.Test.dll" adapterTypeName="executor://xunit/VsTestRunner2/netcoreapp" className="ModelRelief.Test.Integration.Meshes.MeshesBaseIntegrationTests" name="Post_InvalidReferencePropertyReturnsBadRequest" /></UnitTest><UnitTest name="PutFile_FileCanBeUpdated" storage="d:\modelrelief\modelrelief.test\bin\debug\netcoreapp2.0\modelrelief.test.dll" id="4d088922-9cf7-4891-b2eb-7e6f39caca84"><Execution id="6c73fa23-5d8f-4dce-a0e8-68f3cca444d3" /><TestMethod codeBase="D:\ModelRelief\ModelRelief.test\bin\Debug\netcoreapp2.0\ModelRelief.Test.dll" adapterTypeName="executor://xunit/VsTestRunner2/netcoreapp" className="ModelRelief.Test.Integration.Models.ModelsFileIntegrationTests" name="PutFile_FileCanBeUpdated" /></UnitTest><UnitTest name="PostFile_FileTimeStampIsUpdatedAfterFileIsPosted" storage="d:\modelrelief\modelrelief.test\bin\debug\netcoreapp2.0\modelrelief.test.dll" id="490c3715-fb6d-41f9-9ee9-53183e195a35"><Execution id="bf32beaa-2db5-46bf-afa2-2708a07117a8" /><TestMethod codeBase="D:\ModelRelief\ModelRelief.test\bin\Debug\netcoreapp2.0\ModelRelief.Test.dll" adapterTypeName="executor://xunit/VsTestRunner2/netcoreapp" className="ModelRelief.Test.Integration.Models.ModelsFileIntegrationTests" name="PostFile_FileTimeStampIsUpdatedAfterFileIsPosted" /></UnitTest><UnitTest name="GetFile_NonExistentFileReturnsNotFound" storage="d:\modelrelief\modelrelief.test\bin\debug\netcoreapp2.0\modelrelief.test.dll" id="51e0617c-b17f-462a-b936-16bd6b9889ae"><Execution id="fdfc882b-3d38-4972-bba1-043df1196773" /><TestMethod codeBase="D:\ModelRelief\ModelRelief.test\bin\Debug\netcoreapp2.0\ModelRelief.Test.dll" adapterTypeName="executor://xunit/VsTestRunner2/netcoreapp" className="ModelRelief.Test.Integration.Meshes.MeshesFileIntegrationTests" name="GetFile_NonExistentFileReturnsNotFound" /></UnitTest><UnitTest name="FileRequest_MeshIsInvalidatedAfterDepthBufferFileBecomesUnsynchronized" storage="d:\modelrelief\modelrelief.test\bin\debug\netcoreapp2.0\modelrelief.test.dll" id="bf8da6a7-ed7a-49dc-82e4-ed7d5cc8e3a5"><Execution id="6a6d79a9-e30a-4d36-b639-4c9268590e43" /><TestMethod codeBase="D:\ModelRelief\ModelRelief.test\bin\Debug\netcoreapp2.0\ModelRelief.Test.dll" adapterTypeName="executor://xunit/VsTestRunner2/netcoreapp" className="ModelRelief.Test.Integration.Meshes.MeshesFileIntegrationTests" name="FileRequest_MeshIsInvalidatedAfterDepthBufferFileBecomesUnsynchronized" /></UnitTest></TestDefinitions><TestEntries><TestEntry testId="7f0b2b87-28ad-46f8-96c4-23af7cf1838d" executionId="0bfd087f-1a94-4ad4-b3cb-df581d021048" testListId="8c84fa94-04c1-424b-9868-57a2d4851a1d" /><TestEntry testId="e9589406-dcf8-49c8-8eb2-8be80f406d2b" executionId="1ea10168-4ab4-4c10-a526-553b7232bbbe" testListId="8c84fa94-04c1-424b-9868-57a2d4851a1d" /><TestEntry testId="cc4adee3-f816-4859-a20a-570e33bd52de" executionId="b1c66adb-07dc-44a5-a805-6527226ab4b8" testListId="8c84fa94-04c1-424b-9868-57a2d4851a1d" /><TestEntry testId="862d54ed-84c2-41c5-8f3b-f63cf1e3a743" executionId="128687e2-4cc0-4cc6-9f42-24d8e9fcaafc" testListId="8c84fa94-04c1-424b-9868-57a2d4851a1d" /><TestEntry testId="6e40898a-15ae-42f0-913a-14f55405bbee" executionId="5ff0356c-9069-476f-82e0-9ae5874d0401" testListId="8c84fa94-04c1-424b-9868-57a2d4851a1d" /><TestEntry testId="89f798d9-27dd-48c4-8183-de83cc4134c0" executionId="12f84169-062a-4ad8-9373-84858002491a" testListId="8c84fa94-04c1-424b-9868-57a2d4851a1d" /><TestEntry testId="63e0a0c7-7ba3-4e8c-8250-20516731aad6" executionId="bf5895d2-c847-4cf2-945e-b1f6d3695f17" testListId="8c84fa94-04c1-424b-9868-57a2d4851a1d" /><TestEntry testId="490c3715-fb6d-41f9-9ee9-53183e195a35" executionId="bf32beaa-2db5-46bf-afa2-2708a07117a8" testListId="8c84fa94-04c1-424b-9868-57a2d4851a1d" /><TestEntry testId="88994012-5e01-43e4-b2ca-5180a739e59c" executionId="bad371fb-ae9e-46e2-8ab2-1c3718338147" testListId="8c84fa94-04c1-424b-9868-57a2d4851a1d" /><TestEntry testId="cd11331f-8a40-4326-a912-465692e8cf10" executionId="a0785027-9483-4586-9d3e-c343417fd8b0" testListId="8c84fa94-04c1-424b-9868-57a2d4851a1d" /><TestEntry testId="9b48299d-23f1-4b95-a229-15076bc0076b" executionId="caba84e5-84e1-492c-979b-5749db8224d7" testListId="8c84fa94-04c1-424b-9868-57a2d4851a1d" /><TestEntry testId="d3b202f7-7621-478d-8599-58011cd51e85" executionId="63985b5f-c641-4e01-85a1-5378944b8b17" testListId="8c84fa94-04c1-424b-9868-57a2d4851a1d" /><TestEntry testId="f6e402bc-6445-479f-93a5-3ef6e8deb071" executionId="dd8d13bd-5cc1-469f-925d-dbab949e3554" testListId="8c84fa94-04c1-424b-9868-57a2d4851a1d" /><TestEntry testId="ee487b51-37ff-4005-ad03-c1dca87ef74e" executionId="4a446be7-67ff-47c5-be25-084ebd8b3770" testListId="8c84fa94-04c1-424b-9868-57a2d4851a1d" /><TestEntry testId="47e63242-3766-4fb1-b1fd-82659d588a06" executionId="e862bd24-9e53-4935-9b40-e7ac66081e8b" testListId="8c84fa94-04c1-424b-9868-57a2d4851a1d" /><TestEntry testId="bc2d617a-2dc0-491b-ab11-ff3662c94802" executionId="12d85015-908e-450a-a5b3-251f28360c60" testListId="8c84fa94-04c1-424b-9868-57a2d4851a1d" /><TestEntry testId="40a6a5e7-5a2d-4930-b50b-7dbadb001392" executionId="93b98c3e-199a-4456-80f6-996a437890ed" testListId="8c84fa94-04c1-424b-9868-57a2d4851a1d" /><TestEntry testId="160f359a-30d9-4410-8980-af2b556a8eed" executionId="d2913d0e-f025-4df4-9ece-47a15aef914a" testListId="8c84fa94-04c1-424b-9868-57a2d4851a1d" /><TestEntry testId="6ebc7fce-e6c0-44f7-a182-d81db818abbb" executionId="b0b36afc-069d-4693-a618-a114a6aa75df" testListId="8c84fa94-04c1-424b-9868-57a2d4851a1d" /><TestEntry testId="34dad865-5b59-4027-ae63-6f062a3685bc" executionId="8b5d7938-5091-457d-a5b6-a853a8a8f782" testListId="8c84fa94-04c1-424b-9868-57a2d4851a1d" /><TestEntry testId="dc299527-b314-4589-bd79-4e55afb94744" executionId="7ab02942-68eb-44d4-b1f5-648904d5812d" testListId="8c84fa94-04c1-424b-9868-57a2d4851a1d" /><TestEntry testId="568cf919-df50-418f-bd89-663350ab1af4" executionId="8826a2a9-4cfc-4f61-ac0e-6bc7c54c4767" testListId="8c84fa94-04c1-424b-9868-57a2d4851a1d" /><TestEntry testId="59ec7eea-0244-445f-8b40-4aadd9780263" executionId="1558e824-650a-4131-a6b2-5283b3abc4f9" testListId="8c84fa94-04c1-424b-9868-57a2d4851a1d" /><TestEntry testId="c4d990e6-7c47-43f1-b617-278bcab20a01" executionId="87dd0ab6-91e5-48ba-9b4e-236b26c4e5e5" testListId="8c84fa94-04c1-424b-9868-57a2d4851a1d" /><TestEntry testId="061c3cee-7e7c-4e73-b658-49f16ec585c0" executionId="03887738-b19b-4f5f-b99b-c8ebd99df514" testListId="8c84fa94-04c1-424b-9868-57a2d4851a1d" /><TestEntry testId="eaef804c-fd3b-4d1a-a6e4-24e62f7f1247" executionId="b321a337-e9ad-45cc-b72d-7f6bc473e585" testListId="8c84fa94-04c1-424b-9868-57a2d4851a1d" /><TestEntry testId="86ea0d90-7c23-464d-8930-9e8a75c131c4" executionId="e7e2d407-4147-4388-9cc7-e0e9df0e98c4" testListId="8c84fa94-04c1-424b-9868-57a2d4851a1d" /><TestEntry testId="8c2feef6-454e-41c1-ae8a-465aed4898f2" executionId="be5e0972-f76e-4f04-aad7-95cde932fa3b" testListId="8c84fa94-04c1-424b-9868-57a2d4851a1d" /><TestEntry testId="6696a98e-24d7-4fd0-8d78-90b01e0bd632" executionId="bf6afce6-2b4c-40eb-940c-16b139809cdc" testListId="8c84fa94-04c1-424b-9868-57a2d4851a1d" /><TestEntry testId="2273da8e-3960-4ab7-a5f5-dbfe6363b9fb" executionId="ee68f18f-d9d6-41dd-84b4-747d691828d5" testListId="8c84fa94-04c1-424b-9868-57a2d4851a1d" /><TestEntry testId="2316b0a6-ffdd-411a-866b-42215f24edd7" executionId="8bd1b085-952d-4e6b-b65f-9eb6de7c3682" testListId="8c84fa94-04c1-424b-9868-57a2d4851a1d" /><TestEntry testId="50d8b809-4cc5-42c5-9657-fd2500562abd" executionId="0ba2b32c-544c-46c2-899c-d7e2205ce25d" testListId="8c84fa94-04c1-424b-9868-57a2d4851a1d" /><TestEntry testId="6986756d-b4ac-4138-8677-17e827dfb68f" executionId="f82a110c-329f-4f27-bb05-80c8a6a70f51" testListId="8c84fa94-04c1-424b-9868-57a2d4851a1d" /><TestEntry testId="6b067895-2761-454a-ac61-8e770fa598a6" executionId="cf0c6153-2b44-4e49-8f95-e657f6edf2aa" testListId="8c84fa94-04c1-424b-9868-57a2d4851a1d" /><TestEntry testId="adcf6790-1eed-43c0-9812-b5a4328d51b9" executionId="f3188d29-cd1a-46cc-8436-d0785084e11a" testListId="8c84fa94-04c1-424b-9868-57a2d4851a1d" /><TestEntry testId="bf8da6a7-ed7a-49dc-82e4-ed7d5cc8e3a5" executionId="6a6d79a9-e30a-4d36-b639-4c9268590e43" testListId="8c84fa94-04c1-424b-9868-57a2d4851a1d" /><TestEntry testId="51b99377-4c7e-4dbb-81a2-db51dfefef7a" executionId="41630c07-3ec2-443a-bb85-42c6b0c34789" testListId="8c84fa94-04c1-424b-9868-57a2d4851a1d" /><TestEntry testId="87c8506d-9123-463c-936d-8954f5774f5e" executionId="1b9f0a81-f784-4a13-86f1-811cfc4cb598" testListId="8c84fa94-04c1-424b-9868-57a2d4851a1d" /><TestEntry testId="15bb4210-af07-4d46-8f2a-6cd9289a431f" executionId="9e9345f9-2f57-4b92-ae3e-f231d617682e" testListId="8c84fa94-04c1-424b-9868-57a2d4851a1d" /><TestEntry testId="c7813fb7-3e98-408d-8972-5224fc5dc105" executionId="cf06e8d1-2cd1-4a7f-a682-1d02dbc2b586" testListId="8c84fa94-04c1-424b-9868-57a2d4851a1d" /><TestEntry testId="5545044d-e01e-4744-bc28-12ffbc5099eb" executionId="b49696c3-6b36-457a-8960-4061b3aa18eb" testListId="8c84fa94-04c1-424b-9868-57a2d4851a1d" /><TestEntry testId="894cf22b-7607-4572-a2ee-78c71eddfbab" executionId="6b2cdcaf-12ea-4ada-a06f-4e65da462bd6" testListId="8c84fa94-04c1-424b-9868-57a2d4851a1d" /><TestEntry testId="1911ebe4-8741-477d-9b43-f3016fe17115" executionId="85667993-e72d-45fb-97ca-ddcdb01b8613" testListId="8c84fa94-04c1-424b-9868-57a2d4851a1d" /><TestEntry testId="772b8c17-2074-4954-8011-bf3593283947" executionId="d006a611-588f-48a4-ae97-fe946c762618" testListId="8c84fa94-04c1-424b-9868-57a2d4851a1d" /><TestEntry testId="d521722b-8201-4b26-9925-9e5251168878" executionId="e8c59159-c844-4b9c-aad5-bc0d6735c8e8" testListId="8c84fa94-04c1-424b-9868-57a2d4851a1d" /><TestEntry testId="2614092d-2a57-4cea-87ec-0cf150b7b665" executionId="d2be819a-f4e3-41b3-9a8a-1b8d353b819c" testListId="8c84fa94-04c1-424b-9868-57a2d4851a1d" /><TestEntry testId="ebe5e16f-0431-489b-902a-b7f4cb0adc32" executionId="046a5de2-6151-4204-a33b-f4d59864f749" testListId="8c84fa94-04c1-424b-9868-57a2d4851a1d" /><TestEntry testId="df54fa61-f712-492b-98f9-105467d8bfad" executionId="2dbd0d7a-db2c-497f-91c6-c913acbeda79" testListId="8c84fa94-04c1-424b-9868-57a2d4851a1d" /><TestEntry testId="05e15b55-8788-4ca1-a3b4-e5153a4662ad" executionId="2dd5f540-dc25-4768-9f55-7367a2570de2" testListId="8c84fa94-04c1-424b-9868-57a2d4851a1d" /><TestEntry testId="b8894769-7a0c-4b26-b80e-b1e078c5bab4" executionId="9c7275ff-f63e-49f8-8b1f-ba0e58c1159b" testListId="8c84fa94-04c1-424b-9868-57a2d4851a1d" /><TestEntry testId="35978c1e-a151-420b-89c5-2fe975b372e0" executionId="cbfbe02e-9193-4fc1-bb36-78941df763b9" testListId="8c84fa94-04c1-424b-9868-57a2d4851a1d" /><TestEntry testId="9675570c-9ce5-4e1a-81ee-883e2e531f64" executionId="c5e464e2-57a7-4f3b-a8fa-c94c4e853577" testListId="8c84fa94-04c1-424b-9868-57a2d4851a1d" /><TestEntry testId="1f7739e2-8225-4756-a53d-e4868575ba61" executionId="b0bbc151-745d-4078-8cdd-b2ae32215553" testListId="8c84fa94-04c1-424b-9868-57a2d4851a1d" /><TestEntry testId="26e215da-73ba-4324-a50f-508b220433f4" executionId="11b81479-ae49-4781-ae7e-abafd5897e53" testListId="8c84fa94-04c1-424b-9868-57a2d4851a1d" /><TestEntry testId="0578cd10-3ad1-479e-89b6-4848e73c05cc" executionId="15bb96ea-4751-4b66-9dc8-7977ea3118f3" testListId="8c84fa94-04c1-424b-9868-57a2d4851a1d" /><TestEntry testId="ccb8ea04-fa5b-4896-8d8e-19bb62f6808f" executionId="3b572ddc-9e02-4e27-a9d0-dd518088a25a" testListId="8c84fa94-04c1-424b-9868-57a2d4851a1d" /><TestEntry testId="31365a07-e510-43d2-abba-cc9d664d55fb" executionId="6719c80c-1aa5-4d0c-bf88-11aac8da87e6" testListId="8c84fa94-04c1-424b-9868-57a2d4851a1d" /><TestEntry testId="ea704d85-31fb-4c89-a83c-93e1965a5a3b" executionId="9ba3fe18-3c91-4491-8ae0-f68b9d5f87b3" testListId="8c84fa94-04c1-424b-9868-57a2d4851a1d" /><TestEntry testId="028d0f49-9a6e-43c7-bec7-ecce46764857" executionId="cb671780-449c-4776-bff6-281c49d5d2b9" testListId="8c84fa94-04c1-424b-9868-57a2d4851a1d" /><TestEntry testId="7437aca7-35ce-495d-8c65-720d6512fcd6" executionId="8331ea4a-f160-4409-93a3-fd5041eaa19f" testListId="8c84fa94-04c1-424b-9868-57a2d4851a1d" /><TestEntry testId="ae57f3b0-316b-4db6-a9a1-50fb1c6608d1" executionId="70f1d2fa-b550-466d-ac50-ba84d1a98d68" testListId="8c84fa94-04c1-424b-9868-57a2d4851a1d" /><TestEntry testId="0c9b3e71-a236-4de4-a00e-276f6efd6a9f" executionId="ce3838f5-8036-44b0-aa79-45182ecfa76c" testListId="8c84fa94-04c1-424b-9868-57a2d4851a1d" /><TestEntry testId="e9757c39-2343-49d2-b72f-153e7a53bfcd" executionId="9d3a6202-446f-4da1-9877-a8994d9edd74" testListId="8c84fa94-04c1-424b-9868-57a2d4851a1d" /><TestEntry testId="e72a4865-f4b8-4fe3-ab7e-3eb9e864cfc5" executionId="78f69c27-4591-48e5-b68f-d3dc31b704ff" testListId="8c84fa94-04c1-424b-9868-57a2d4851a1d" /><TestEntry testId="6a416967-0868-4919-ba0e-3d73825b6e18" executionId="0a618022-2af3-477d-bfdb-fda5f0dd0406" testListId="8c84fa94-04c1-424b-9868-57a2d4851a1d" /><TestEntry testId="02995e1e-3ee7-4f2d-ba31-63ca98467c81" executionId="748ae257-389e-4c6c-8c9b-ad912acbc8b3" testListId="8c84fa94-04c1-424b-9868-57a2d4851a1d" /><TestEntry testId="e27c0ed3-3661-4dfc-8af8-be43df80ce2e" executionId="7aaca47e-4fc1-48fc-b1b1-c6e59686ef2a" testListId="8c84fa94-04c1-424b-9868-57a2d4851a1d" /><TestEntry testId="c98efa7c-de4c-4fef-9f73-24e2531f4f0b" executionId="636f6516-82e3-4e5e-aafa-4fc38941b35b" testListId="8c84fa94-04c1-424b-9868-57a2d4851a1d" /><TestEntry testId="ac2cc279-76a7-4a80-9992-c4ba5dc56603" executionId="dc215e6e-d017-4528-a459-58cc2ef6478e" testListId="8c84fa94-04c1-424b-9868-57a2d4851a1d" /><TestEntry testId="77c2bd46-67a5-4317-88d5-283b38e6475f" executionId="486c62c9-1d92-451d-8b7a-3a0551eaa4c5" testListId="8c84fa94-04c1-424b-9868-57a2d4851a1d" /><TestEntry testId="3aeb04be-4bbe-423d-ad22-677c96ed4cbd" executionId="c9ca01bf-4174-4268-ac47-2818e7198731" testListId="8c84fa94-04c1-424b-9868-57a2d4851a1d" /><TestEntry testId="69f23057-3d4d-460e-9ff5-7ae6362e129a" executionId="1fc8ead9-b70f-41e7-ae27-9c6497bb1a94" testListId="8c84fa94-04c1-424b-9868-57a2d4851a1d" /><TestEntry testId="83addda3-5c3d-4830-b31a-7a84c5f1b83b" executionId="e04601d1-50e5-4824-b233-aa0417c12af2" testListId="8c84fa94-04c1-424b-9868-57a2d4851a1d" /><TestEntry testId="ca5dd84f-05ed-478d-b742-478d8f35deeb" executionId="6c24791d-0864-4c30-8002-09f292e68c1d" testListId="8c84fa94-04c1-424b-9868-57a2d4851a1d" /><TestEntry testId="b51cd10d-fb4e-45dc-bc43-8e27fba94a48" executionId="e63c94d3-3ca1-439a-8dc7-fd11bc3cb701" testListId="8c84fa94-04c1-424b-9868-57a2d4851a1d" /><TestEntry testId="157f897f-3dec-4cb4-a6b5-f12ffd1f154f" executionId="4eb82828-67ac-460a-a821-2c707ae73dfb" testListId="8c84fa94-04c1-424b-9868-57a2d4851a1d" /><TestEntry testId="f490b9e7-5632-4ef4-95fb-991f3ec3afb9" executionId="bde4c271-9c75-4608-bb38-337a7c68a853" testListId="8c84fa94-04c1-424b-9868-57a2d4851a1d" /><TestEntry testId="d627d151-e0d9-4475-95ea-5c65c9267cbc" executionId="b8ebf8df-beee-4a44-a8f5-8828efd3da65" testListId="8c84fa94-04c1-424b-9868-57a2d4851a1d" /><TestEntry testId="d6a34ef8-996a-4344-a823-1e5789b935e4" executionId="e545080b-c020-45b8-97d3-298bc61d4d9e" testListId="8c84fa94-04c1-424b-9868-57a2d4851a1d" /><TestEntry testId="c529c4ff-511e-40f2-a9ec-4afe60477389" executionId="6c60367d-60fe-4883-9da3-2a83bcd193fc" testListId="8c84fa94-04c1-424b-9868-57a2d4851a1d" /><TestEntry testId="4d088922-9cf7-4891-b2eb-7e6f39caca84" executionId="6c73fa23-5d8f-4dce-a0e8-68f3cca444d3" testListId="8c84fa94-04c1-424b-9868-57a2d4851a1d" /><TestEntry testId="7a6eec80-d47e-4fe4-9a57-41e408661cd6" executionId="fc1e9357-3527-4482-92f1-a57d6aa74ba9" testListId="8c84fa94-04c1-424b-9868-57a2d4851a1d" /><TestEntry testId="a22687d2-9c37-4894-b0e8-68058e743b44" executionId="2ee22753-38ba-4d1e-bf77-5f209e361e22" testListId="8c84fa94-04c1-424b-9868-57a2d4851a1d" /><TestEntry testId="e8a39461-786c-4aca-8d97-e3ce3d991ab2" executionId="22830aa6-723a-4389-ab79-302f0c9026e3" testListId="8c84fa94-04c1-424b-9868-57a2d4851a1d" /><TestEntry testId="1932de78-17b8-4921-af10-d84f4e3c328a" executionId="4271f547-e9be-4b46-9a62-d53085346005" testListId="8c84fa94-04c1-424b-9868-57a2d4851a1d" /><TestEntry testId="f837343f-e29c-4b64-b61f-321fc5ba0a2b" executionId="9caec395-a43f-4858-ab10-37af030808a6" testListId="8c84fa94-04c1-424b-9868-57a2d4851a1d" /><TestEntry testId="324290ea-c3f9-47fb-95d7-b09c3dfcb523" executionId="79ca220a-fd9f-4192-9041-bc3310b9e9ba" testListId="8c84fa94-04c1-424b-9868-57a2d4851a1d" /><TestEntry testId="acca890b-9c0a-42bd-8c63-cce229a9c696" executionId="28d702c6-a73d-4715-bd2d-7bdb8b7c1935" testListId="8c84fa94-04c1-424b-9868-57a2d4851a1d" /><TestEntry testId="3f283112-95d6-46dc-b20e-1b3e6fab233d" executionId="86b392ff-5345-4573-828e-b98752fac410" testListId="8c84fa94-04c1-424b-9868-57a2d4851a1d" /><TestEntry testId="0f2ef4b5-d874-4f13-a0a7-f5017034e1a2" executionId="df994773-06c9-49de-b209-06ff8f973678" testListId="8c84fa94-04c1-424b-9868-57a2d4851a1d" /><TestEntry testId="1431b7d9-d97b-4adc-a463-5bd07bea9c00" executionId="fd4d500f-5c94-47f2-a1b9-21983d467dd8" testListId="8c84fa94-04c1-424b-9868-57a2d4851a1d" /><TestEntry testId="00fde50a-7050-455c-a566-a97ea37d5562" executionId="a9a6f4c7-318c-49e0-bae1-52457837decf" testListId="8c84fa94-04c1-424b-9868-57a2d4851a1d" /><TestEntry testId="51e0617c-b17f-462a-b936-16bd6b9889ae" executionId="fdfc882b-3d38-4972-bba1-043df1196773" testListId="8c84fa94-04c1-424b-9868-57a2d4851a1d" /><TestEntry testId="5f7cb9d9-e2fe-4022-92e4-e5a377a8d74e" executionId="d5db06a8-8e8c-49b7-b4a4-1a116c8c326b" testListId="8c84fa94-04c1-424b-9868-57a2d4851a1d" /><TestEntry testId="a29d2a99-8092-48c0-9474-c973ae2118c3" executionId="0858e2d0-02c9-45ae-b7f8-d9867988162c" testListId="8c84fa94-04c1-424b-9868-57a2d4851a1d" /><TestEntry testId="5e0729af-8f4b-4afa-ac55-4fd88a147d77" executionId="ec6a0c91-8bbb-44c1-a19a-0033ad3d2357" testListId="8c84fa94-04c1-424b-9868-57a2d4851a1d" /><TestEntry testId="d4cf0241-6722-4004-b081-de5122efbbdd" executionId="6a378535-bc5e-4e78-a4b3-24c6167d62f4" testListId="8c84fa94-04c1-424b-9868-57a2d4851a1d" /><TestEntry testId="cfe8dae7-24f3-4e32-968f-5b54e9b45cf5" executionId="54930e56-a724-4234-8edf-3c9cb77d5809" testListId="8c84fa94-04c1-424b-9868-57a2d4851a1d" /><TestEntry testId="502930c3-926d-4b04-a752-1f6f13652c67" executionId="858738e8-014e-4a3a-9c27-e26704f13bce" testListId="8c84fa94-04c1-424b-9868-57a2d4851a1d" /><TestEntry testId="b038e7e4-daac-49a7-9b3e-899ff989f69f" executionId="cdc97e51-f66f-4aeb-bd05-1d6dc02ad090" testListId="8c84fa94-04c1-424b-9868-57a2d4851a1d" /><TestEntry testId="1a35c49c-6481-42d0-b5c4-aa062cdd519a" executionId="eb1d8c89-bdad-4a92-8d05-0b0583619427" testListId="8c84fa94-04c1-424b-9868-57a2d4851a1d" /><TestEntry testId="085440ac-bc02-447f-a436-094a09f17018" executionId="8926d193-112a-4cee-87c1-79d0a8cbcf78" testListId="8c84fa94-04c1-424b-9868-57a2d4851a1d" /><TestEntry testId="47d6fde5-2f40-4065-a6be-fccb51b619b4" executionId="818085a0-058f-49a7-9752-7d906f8bfc5e" testListId="8c84fa94-04c1-424b-9868-57a2d4851a1d" /><TestEntry testId="11908e11-ebda-4b40-a1b3-824e356ea32f" executionId="d2d82005-9919-4081-8d45-629730e834af" testListId="8c84fa94-04c1-424b-9868-57a2d4851a1d" /><TestEntry testId="77cf435d-baf8-4b05-8237-cf382794045c" executionId="609e7707-1358-4d06-b140-801680b0f925" testListId="8c84fa94-04c1-424b-9868-57a2d4851a1d" /><TestEntry testId="276754b7-0417-4879-baaf-fd15bb72ccea" executionId="820edc45-7a24-4b9f-94a1-4d2ad5dc262f" testListId="8c84fa94-04c1-424b-9868-57a2d4851a1d" /><TestEntry testId="39a816d5-2ee8-43e3-a2b5-36b037b1a302" executionId="6b44ca1b-1b7f-48fe-a1c2-cf41d75011e1" testListId="8c84fa94-04c1-424b-9868-57a2d4851a1d" /><TestEntry testId="952016c4-b3a9-4eee-b38d-e81fad4956a4" executionId="5d4012b3-e051-4e05-b331-73e59e60fb8b" testListId="8c84fa94-04c1-424b-9868-57a2d4851a1d" /><TestEntry testId="d2e6d100-f9af-4339-874c-5eebed3aeb78" executionId="2c9089a3-d02d-4c19-bcc7-23c5e26c90e2" testListId="8c84fa94-04c1-424b-9868-57a2d4851a1d" /><TestEntry testId="ec828548-05b5-46e4-a2d4-4f65a5063c4b" executionId="30c38338-8b4a-4121-ba2a-729417c39628" testListId="8c84fa94-04c1-424b-9868-57a2d4851a1d" /><TestEntry testId="0cef608d-38c0-44d3-92b6-b85170bbc0fa" executionId="adb8dd16-3743-487f-ab1f-51bcafeb0af2" testListId="8c84fa94-04c1-424b-9868-57a2d4851a1d" /><TestEntry testId="95d28b64-e5f2-4697-b8d2-848ada5339bc" executionId="d54bb3a5-a568-44cf-9fca-2ee5da4893eb" testListId="8c84fa94-04c1-424b-9868-57a2d4851a1d" /><TestEntry testId="bbb8c02b-0266-45ef-82f6-39c5accff078" executionId="dbd170d0-b398-49cf-8ad8-bda53f266f51" testListId="8c84fa94-04c1-424b-9868-57a2d4851a1d" /><TestEntry testId="78e48dce-5f24-49ed-9cf3-b6aa420a9b94" executionId="33890529-f92f-48ad-871e-888ee9ceafad" testListId="8c84fa94-04c1-424b-9868-57a2d4851a1d" /><TestEntry testId="8ff09204-5bc8-4c83-97ef-b86746cd7c1f" executionId="d7db3dd6-22a9-4acd-b3cd-4558c71e0c76" testListId="8c84fa94-04c1-424b-9868-57a2d4851a1d" /><TestEntry testId="7c29a061-c049-45da-9651-767073eea9e3" executionId="11c6d116-7646-42a4-ae1e-961eb76e4902" testListId="8c84fa94-04c1-424b-9868-57a2d4851a1d" /><TestEntry testId="b081ec8c-3b18-4c8c-b59a-313acbc1eabb" executionId="c6eb349f-2aea-4bbb-aba9-0a0d7dcf0fd2" testListId="8c84fa94-04c1-424b-9868-57a2d4851a1d" /><TestEntry testId="d73340ef-013a-43f0-a042-1cf5019e4f33" executionId="ac6fda14-3e19-4d4b-8c69-401317dc3f88" testListId="8c84fa94-04c1-424b-9868-57a2d4851a1d" /><TestEntry testId="c01f67be-ccd9-46bf-8ec2-34409e4dc5be" executionId="f6225a97-b814-468d-8bda-29b986a29ac6" testListId="8c84fa94-04c1-424b-9868-57a2d4851a1d" /><TestEntry testId="ae6c015d-daca-47b8-a196-e127e4a5aa28" executionId="97aec5d7-9691-4f39-a4b9-ffc963ffb711" testListId="8c84fa94-04c1-424b-9868-57a2d4851a1d" /><TestEntry testId="0ecfae4d-8d24-455a-9b2f-b14b8b42eae9" executionId="9ed62ba3-8393-4e80-aa8e-67e73583cd14" testListId="8c84fa94-04c1-424b-9868-57a2d4851a1d" /><TestEntry testId="ab48dcd0-405d-459b-b3a9-25345041724a" executionId="839a13e0-6e7a-4285-a1e0-1aea61ec893a" testListId="8c84fa94-04c1-424b-9868-57a2d4851a1d" /><TestEntry testId="64d4ffd9-582c-4663-8ddf-9b4d9675a3bf" executionId="9dc6a43d-7525-45df-bd89-f4fc53ef1c1d" testListId="8c84fa94-04c1-424b-9868-57a2d4851a1d" /><TestEntry testId="dc962d2c-97b1-4b0e-aeae-c7a2eed51edb" executionId="273d535d-802a-453e-be59-ccf944a4f4f1" testListId="8c84fa94-04c1-424b-9868-57a2d4851a1d" /><TestEntry testId="0b6b2ba2-96e3-4495-b616-a7d20e08b127" executionId="8f6474d2-6a31-4f23-bd8b-e2ca67d954da" testListId="8c84fa94-04c1-424b-9868-57a2d4851a1d" /><TestEntry testId="5eb6dece-3208-46f7-b141-c0ef77426e42" executionId="e552393e-9187-4884-b450-076dba46bdc3" testListId="8c84fa94-04c1-424b-9868-57a2d4851a1d" /><TestEntry testId="94dd4c67-6509-49a3-b725-62cba52a6228" executionId="d4e75c3e-2d19-4366-bcd4-d079ef0a9a60" testListId="8c84fa94-04c1-424b-9868-57a2d4851a1d" /><TestEntry testId="ff11e837-68af-433e-843c-356921663647" executionId="756ce3cb-37ea-4133-b25b-1b24e11ead29" testListId="8c84fa94-04c1-424b-9868-57a2d4851a1d" /><TestEntry testId="69e26883-efcc-4c59-bb9c-39cfbff17a54" executionId="4a4db957-6c7f-4a9c-9525-7e92ec91f6f3" testListId="8c84fa94-04c1-424b-9868-57a2d4851a1d" /><TestEntry testId="8f7cb0cb-2517-4843-b16b-db91acbfec4b" executionId="c3b7de48-0b56-4d57-b945-cd4fd008c265" testListId="8c84fa94-04c1-424b-9868-57a2d4851a1d" /><TestEntry testId="7e553add-ce45-478c-a33a-528c4a5ff3c9" executionId="c7b601bc-3443-46eb-8fd5-44bb9a864d7a" testListId="8c84fa94-04c1-424b-9868-57a2d4851a1d" /><TestEntry testId="08ea92df-9bc1-4321-a722-5c1ed2e186fa" executionId="076461e3-c238-4caa-8492-320cdc497ca5" testListId="8c84fa94-04c1-424b-9868-57a2d4851a1d" /><TestEntry testId="7561ec53-230b-46c1-9e5c-4633a5bc15f7" executionId="af7ac248-a8e1-438b-888e-8dcd757c4404" testListId="8c84fa94-04c1-424b-9868-57a2d4851a1d" /><TestEntry testId="f3afcc20-ce91-43f3-bc87-9ae9a5efadf2" executionId="20b41417-a0da-44bf-8b9f-47689f8a1197" testListId="8c84fa94-04c1-424b-9868-57a2d4851a1d" /><TestEntry testId="31482b12-aa2f-4e9a-bc27-6ed71f2ba972" executionId="e673fc3b-bfcd-4be1-8de9-fcb38ae9381e" testListId="8c84fa94-04c1-424b-9868-57a2d4851a1d" /><TestEntry testId="e84db55a-10d2-417d-b6af-1be75595fe8f" executionId="5b16da66-21c3-4f44-a7d6-1bfe474016b3" testListId="8c84fa94-04c1-424b-9868-57a2d4851a1d" /><TestEntry testId="e5ccad55-cf35-4966-b04c-5556d5932448" executionId="5e0331df-7374-4d5c-be48-7af9b36c3128" testListId="8c84fa94-04c1-424b-9868-57a2d4851a1d" /><TestEntry testId="f0e9497c-c5cf-442f-85f1-f0c5e0393297" executionId="6511437e-433a-4faa-8160-24e6723ff8e2" testListId="8c84fa94-04c1-424b-9868-57a2d4851a1d" /><TestEntry testId="b3f1a1e4-2d4b-4ed9-a1ca-cca74f0ad08d" executionId="82d28391-407e-4de1-97ca-5b53ddb8e3e5" testListId="8c84fa94-04c1-424b-9868-57a2d4851a1d" /><TestEntry testId="493906c5-9254-4567-92c2-ac236ffe4524" executionId="7c3b8297-6696-4bcb-a14a-48e7fa2a90ff" testListId="8c84fa94-04c1-424b-9868-57a2d4851a1d" /><TestEntry testId="edd3d904-36ea-495e-8f9c-05fda7ea76cd" executionId="2af8cd1c-da43-4122-854e-d58866bfadd4" testListId="8c84fa94-04c1-424b-9868-57a2d4851a1d" /><TestEntry testId="fc138c08-9065-4697-99d3-e5cfe2e4e6f6" executionId="cb7bb1e2-05ad-449c-92cf-7ac99927f717" testListId="8c84fa94-04c1-424b-9868-57a2d4851a1d" /><TestEntry testId="066f6b84-13d4-40ab-b718-aee8d2be5323" executionId="da3b42e7-5d3d-42d3-a7d0-eddcf7603e91" testListId="8c84fa94-04c1-424b-9868-57a2d4851a1d" /><TestEntry testId="95ab6b34-353a-4b02-b083-7f00bea4e173" executionId="34ee5f47-52ba-4e48-84aa-cbdf56e9476a" testListId="8c84fa94-04c1-424b-9868-57a2d4851a1d" /><TestEntry testId="1ea8767e-e3d8-4e45-82b5-96ebc6961694" executionId="b3e8e2b9-417e-4fcd-9578-162d45c8344b" testListId="8c84fa94-04c1-424b-9868-57a2d4851a1d" /><TestEntry testId="dd023f2d-c7b4-4661-89bd-c46593375471" executionId="d9b9ae28-7285-4c73-9a37-2822f37d56c9" testListId="8c84fa94-04c1-424b-9868-57a2d4851a1d" /><TestEntry testId="0aa9c7f1-5874-485a-bbab-00adbddc893f" executionId="e7027cba-133f-4313-bc1c-39a8bf0dddd9" testListId="8c84fa94-04c1-424b-9868-57a2d4851a1d" /><TestEntry testId="4908b295-6a3a-4346-bbd1-d64309536299" executionId="e7c81de0-8e0f-42b0-83e4-0f5c551a5e4b" testListId="8c84fa94-04c1-424b-9868-57a2d4851a1d" /><TestEntry testId="46b74a87-82bf-4ae6-8cb5-049c6d49e7e5" executionId="abcc0191-a3d7-4015-9101-f11fd0e4e06e" testListId="8c84fa94-04c1-424b-9868-57a2d4851a1d" /><TestEntry testId="4f8a8ff9-d112-49d2-a832-dc1a7f45b3e6" executionId="82922356-5d76-453e-9c85-625997b64df6" testListId="8c84fa94-04c1-424b-9868-57a2d4851a1d" /><TestEntry testId="32c0c719-9b4e-4b0d-8c10-a481d7b20f0c" executionId="ecc495cd-1da5-41af-a8a7-b1484fbf0c7f" testListId="8c84fa94-04c1-424b-9868-57a2d4851a1d" /></TestEntries><TestLists><TestList name="Results Not in a List" id="8c84fa94-04c1-424b-9868-57a2d4851a1d" /><TestList name="All Loaded Results" id="19431567-8539-422a-85d7-44ee4e166bda" /></TestLists><ResultSummary outcome="Completed"><Counters total="151" executed="151" passed="151" failed="0" error="0" timeout="0" aborted="0" inconclusive="0" passedButRunAborted="0" notRunnable="0" notExecuted="0" disconnected="0" warning="0" completed="0" inProgress="0" pending="0" /><Output><StdOut>[xUnit.net 00:00:01.1233057]   Discovering: ModelRelief.Test[xUnit.net 00:00:01.2326439]   Discovered:  ModelRelief.Test[xUnit.net 00:00:01.2382815]   Starting:    ModelRelief.Test[xUnit.net 00:00:31.8319857]   Finished:    ModelRelief.Test</StdOut></Output></ResultSummary></TestRun>